Makefile:14: must set CVA6_REPO_DIR to point at the root of CVA6 sources and CVA6_TB_DIR to point here -- doing it for you...
LD_LIBRARY_PATH="$(realpath ../../tools/spike/lib):$LD_LIBRARY_PATH" \
	/home/server/RISCV/cva6/tools/spike/bin/spike --steps=2000000  --log-commits --isa=rv64gc_zba_zbb_zbs_zbc_zicsr_zifencei --priv=msu -l /home/server/RISCV/cva6/verif/sim/out/seed_1462/directed_asm_tests/new_seeds_1462_.o
[SPIKE] Max simulation steps: 2000000
[SPIKE] Proc 0 | ISA: rv64gc_zba_zbb_zbs_zbc_zicsr_zifencei PRIV: msu
[SPIKE] Initializing memories...
core   0: 0x0000000000010000 (0x00100413) li      s0, 1
core   0: 3 0x0000000000010000 (0x00100413) x8  0x0000000000000001
core   0: 0x0000000000010004 (0x01f41413) slli    s0, s0, 31
core   0: 3 0x0000000000010004 (0x01f41413) x8  0x0000000080000000
core   0: 0x0000000000010008 (0xf1402573) csrrs   a0, mhartid, zero
core   0: 3 0x0000000000010008 (0xf1402573) x10 0x0000000000000000
core   0: 0x000000000001000c (0x00000597) auipc   a1, 0x0
core   0: 3 0x000000000001000c (0x00000597) x11 0x000000000001000c
core   0: 0x0000000000010010 (0x07458593) addi    a1, a1, 116
core   0: 3 0x0000000000010010 (0x07458593) x11 0x0000000000010080
core   0: 0x0000000000010014 (0x00040067) jr      s0
core   0: 3 0x0000000000010014 (0x00040067)
core   0: >>>>  _start
core   0: 0x0000000080000000 (0x00004081) c.li    ra, 0
core   0: 3 0x0000000080000000 (0x4081) x1  0x0000000000000000
core   0: 0x0000000080000002 (0x00004101) c.li    sp, 0
core   0: 3 0x0000000080000002 (0x4101) x2  0x0000000000000000
core   0: 0x0000000080000004 (0x00004181) c.li    gp, 0
core   0: 3 0x0000000080000004 (0x4181) x3  0x0000000000000000
core   0: 0x0000000080000006 (0x00004201) c.li    tp, 0
core   0: 3 0x0000000080000006 (0x4201) x4  0x0000000000000000
core   0: 0x0000000080000008 (0x00004281) c.li    t0, 0
core   0: 3 0x0000000080000008 (0x4281) x5  0x0000000000000000
core   0: 0x000000008000000a (0x00004301) c.li    t1, 0
core   0: 3 0x000000008000000a (0x4301) x6  0x0000000000000000
core   0: 0x000000008000000c (0x00004381) c.li    t2, 0
core   0: 3 0x000000008000000c (0x4381) x7  0x0000000000000000
core   0: 0x000000008000000e (0x00004401) c.li    s0, 0
core   0: 3 0x000000008000000e (0x4401) x8  0x0000000000000000
core   0: 0x0000000080000010 (0x00004481) c.li    s1, 0
core   0: 3 0x0000000080000010 (0x4481) x9  0x0000000000000000
core   0: 0x0000000080000012 (0x00004501) c.li    a0, 0
core   0: 3 0x0000000080000012 (0x4501) x10 0x0000000000000000
core   0: 0x0000000080000014 (0x00004581) c.li    a1, 0
core   0: 3 0x0000000080000014 (0x4581) x11 0x0000000000000000
core   0: 0x0000000080000016 (0x00004601) c.li    a2, 0
core   0: 3 0x0000000080000016 (0x4601) x12 0x0000000000000000
core   0: 0x0000000080000018 (0x00004681) c.li    a3, 0
core   0: 3 0x0000000080000018 (0x4681) x13 0x0000000000000000
core   0: 0x000000008000001a (0x00004701) c.li    a4, 0
core   0: 3 0x000000008000001a (0x4701) x14 0x0000000000000000
core   0: 0x000000008000001c (0x00004781) c.li    a5, 0
core   0: 3 0x000000008000001c (0x4781) x15 0x0000000000000000
core   0: 0x000000008000001e (0x00004801) c.li    a6, 0
core   0: 3 0x000000008000001e (0x4801) x16 0x0000000000000000
core   0: 0x0000000080000020 (0x00004881) c.li    a7, 0
core   0: 3 0x0000000080000020 (0x4881) x17 0x0000000000000000
core   0: 0x0000000080000022 (0x00004901) c.li    s2, 0
core   0: 3 0x0000000080000022 (0x4901) x18 0x0000000000000000
core   0: 0x0000000080000024 (0x00004981) c.li    s3, 0
core   0: 3 0x0000000080000024 (0x4981) x19 0x0000000000000000
core   0: 0x0000000080000026 (0x00004a01) c.li    s4, 0
core   0: 3 0x0000000080000026 (0x4a01) x20 0x0000000000000000
core   0: 0x0000000080000028 (0x00004a81) c.li    s5, 0
core   0: 3 0x0000000080000028 (0x4a81) x21 0x0000000000000000
core   0: 0x000000008000002a (0x00004b01) c.li    s6, 0
core   0: 3 0x000000008000002a (0x4b01) x22 0x0000000000000000
core   0: 0x000000008000002c (0x00004b81) c.li    s7, 0
core   0: 3 0x000000008000002c (0x4b81) x23 0x0000000000000000
core   0: 0x000000008000002e (0x00004c01) c.li    s8, 0
core   0: 3 0x000000008000002e (0x4c01) x24 0x0000000000000000
core   0: 0x0000000080000030 (0x00004c81) c.li    s9, 0
core   0: 3 0x0000000080000030 (0x4c81) x25 0x0000000000000000
core   0: 0x0000000080000032 (0x00004d01) c.li    s10, 0
core   0: 3 0x0000000080000032 (0x4d01) x26 0x0000000000000000
core   0: 0x0000000080000034 (0x00004d81) c.li    s11, 0
core   0: 3 0x0000000080000034 (0x4d81) x27 0x0000000000000000
core   0: 0x0000000080000036 (0x00004e01) c.li    t3, 0
core   0: 3 0x0000000080000036 (0x4e01) x28 0x0000000000000000
core   0: 0x0000000080000038 (0x00004e81) c.li    t4, 0
core   0: 3 0x0000000080000038 (0x4e81) x29 0x0000000000000000
core   0: 0x000000008000003a (0x00004f01) c.li    t5, 0
core   0: 3 0x000000008000003a (0x4f01) x30 0x0000000000000000
core   0: 0x000000008000003c (0x00004f81) c.li    t6, 0
core   0: 3 0x000000008000003c (0x4f81) x31 0x0000000000000000
core   0: 0x000000008000003e (0x000062f9) c.lui   t0, 0x1e
core   0: 3 0x000000008000003e (0x62f9) x5  0x000000000001e000
core   0: 0x0000000080000040 (0x3002a073) csrrs   zero, mstatus, t0
core   0: 3 0x0000000080000040 (0x3002a073) c768_mstatus 0x8000000a00006000
core   0: 0x0000000080000044 (0x00004285) c.li    t0, 1
core   0: 3 0x0000000080000044 (0x4285) x5  0x0000000000000001
core   0: 0x0000000080000046 (0x000002fe) c.slli  t0, 31
core   0: 3 0x0000000080000046 (0x02fe) x5  0x0000000080000000
core   0: 0x0000000080000048 (0x0002d863) bge     t0, zero, pc + 16
core   0: 3 0x0000000080000048 (0x0002d863)
core   0: 0x0000000080000058 (0x00000297) auipc   t0, 0x0
core   0: 3 0x0000000080000058 (0x00000297) x5  0x0000000080000058
core   0: 0x000000008000005c (0x09028293) addi    t0, t0, 144
core   0: 3 0x000000008000005c (0x09028293) x5  0x00000000800000e8
core   0: 0x0000000080000060 (0x30529073) csrrw   zero, mtvec, t0
core   0: 3 0x0000000080000060 (0x30529073) c773_mtvec 0x00000000800000e8
core   0: 0x0000000080000064 (0x00301073) csrrw   zero, fcsr, zero
core   0: 3 0x0000000080000064 (0x00301073) c1_fflags 0x0000000000000000 c2_frm 0x0000000000000000
core   0: 0x0000000080000068 (0xf0000053) fmv.w.x ft0, zero
core   0: 3 0x0000000080000068 (0xf0000053) f0  0xffffffff00000000
core   0: 0x000000008000006c (0xf00000d3) fmv.w.x ft1, zero
core   0: 3 0x000000008000006c (0xf00000d3) f1  0xffffffff00000000
core   0: 0x0000000080000070 (0xf0000153) fmv.w.x ft2, zero
core   0: 3 0x0000000080000070 (0xf0000153) f2  0xffffffff00000000
core   0: 0x0000000080000074 (0xf00001d3) fmv.w.x ft3, zero
core   0: 3 0x0000000080000074 (0xf00001d3) f3  0xffffffff00000000
core   0: 0x0000000080000078 (0xf0000253) fmv.w.x ft4, zero
core   0: 3 0x0000000080000078 (0xf0000253) f4  0xffffffff00000000
core   0: 0x000000008000007c (0xf00002d3) fmv.w.x ft5, zero
core   0: 3 0x000000008000007c (0xf00002d3) f5  0xffffffff00000000
core   0: 0x0000000080000080 (0xf0000353) fmv.w.x ft6, zero
core   0: 3 0x0000000080000080 (0xf0000353) f6  0xffffffff00000000
core   0: 0x0000000080000084 (0xf00003d3) fmv.w.x ft7, zero
core   0: 3 0x0000000080000084 (0xf00003d3) f7  0xffffffff00000000
core   0: 0x0000000080000088 (0xf0000453) fmv.w.x fs0, zero
core   0: 3 0x0000000080000088 (0xf0000453) f8  0xffffffff00000000
core   0: 0x000000008000008c (0xf00004d3) fmv.w.x fs1, zero
core   0: 3 0x000000008000008c (0xf00004d3) f9  0xffffffff00000000
core   0: 0x0000000080000090 (0xf0000553) fmv.w.x fa0, zero
core   0: 3 0x0000000080000090 (0xf0000553) f10 0xffffffff00000000
core   0: 0x0000000080000094 (0xf00005d3) fmv.w.x fa1, zero
core   0: 3 0x0000000080000094 (0xf00005d3) f11 0xffffffff00000000
core   0: 0x0000000080000098 (0xf0000653) fmv.w.x fa2, zero
core   0: 3 0x0000000080000098 (0xf0000653) f12 0xffffffff00000000
core   0: 0x000000008000009c (0xf00006d3) fmv.w.x fa3, zero
core   0: 3 0x000000008000009c (0xf00006d3) f13 0xffffffff00000000
core   0: 0x00000000800000a0 (0xf0000753) fmv.w.x fa4, zero
core   0: 3 0x00000000800000a0 (0xf0000753) f14 0xffffffff00000000
core   0: 0x00000000800000a4 (0xf00007d3) fmv.w.x fa5, zero
core   0: 3 0x00000000800000a4 (0xf00007d3) f15 0xffffffff00000000
core   0: 0x00000000800000a8 (0xf0000853) fmv.w.x fa6, zero
core   0: 3 0x00000000800000a8 (0xf0000853) f16 0xffffffff00000000
core   0: 0x00000000800000ac (0xf00008d3) fmv.w.x fa7, zero
core   0: 3 0x00000000800000ac (0xf00008d3) f17 0xffffffff00000000
core   0: 0x00000000800000b0 (0xf0000953) fmv.w.x fs2, zero
core   0: 3 0x00000000800000b0 (0xf0000953) f18 0xffffffff00000000
core   0: 0x00000000800000b4 (0xf00009d3) fmv.w.x fs3, zero
core   0: 3 0x00000000800000b4 (0xf00009d3) f19 0xffffffff00000000
core   0: 0x00000000800000b8 (0xf0000a53) fmv.w.x fs4, zero
core   0: 3 0x00000000800000b8 (0xf0000a53) f20 0xffffffff00000000
core   0: 0x00000000800000bc (0xf0000ad3) fmv.w.x fs5, zero
core   0: 3 0x00000000800000bc (0xf0000ad3) f21 0xffffffff00000000
core   0: 0x00000000800000c0 (0xf0000b53) fmv.w.x fs6, zero
core   0: 3 0x00000000800000c0 (0xf0000b53) f22 0xffffffff00000000
core   0: 0x00000000800000c4 (0xf0000bd3) fmv.w.x fs7, zero
core   0: 3 0x00000000800000c4 (0xf0000bd3) f23 0xffffffff00000000
core   0: 0x00000000800000c8 (0xf0000c53) fmv.w.x fs8, zero
core   0: 3 0x00000000800000c8 (0xf0000c53) f24 0xffffffff00000000
core   0: 0x00000000800000cc (0xf0000cd3) fmv.w.x fs9, zero
core   0: 3 0x00000000800000cc (0xf0000cd3) f25 0xffffffff00000000
core   0: 0x00000000800000d0 (0xf0000d53) fmv.w.x fs10, zero
core   0: 3 0x00000000800000d0 (0xf0000d53) f26 0xffffffff00000000
core   0: 0x00000000800000d4 (0xf0000dd3) fmv.w.x fs11, zero
core   0: 3 0x00000000800000d4 (0xf0000dd3) f27 0xffffffff00000000
core   0: 0x00000000800000d8 (0xf0000e53) fmv.w.x ft8, zero
core   0: 3 0x00000000800000d8 (0xf0000e53) f28 0xffffffff00000000
core   0: 0x00000000800000dc (0xf0000ed3) fmv.w.x ft9, zero
core   0: 3 0x00000000800000dc (0xf0000ed3) f29 0xffffffff00000000
core   0: 0x00000000800000e0 (0xf0000f53) fmv.w.x ft10, zero
core   0: 3 0x00000000800000e0 (0xf0000f53) f30 0xffffffff00000000
core   0: 0x00000000800000e4 (0xf0000fd3) fmv.w.x ft11, zero
core   0: 3 0x00000000800000e4 (0xf0000fd3) f31 0xffffffff00000000
core   0: 0x00000000800000e8 (0x00000297) auipc   t0, 0x0
core   0: 3 0x00000000800000e8 (0x00000297) x5  0x00000000800000e8
core   0: 0x00000000800000ec (0x03c28293) addi    t0, t0, 60
core   0: 3 0x00000000800000ec (0x03c28293) x5  0x0000000080000124
core   0: 0x00000000800000f0 (0x30529073) csrrw   zero, mtvec, t0
core   0: 3 0x00000000800000f0 (0x30529073) c773_mtvec 0x0000000080000124
core   0: 0x00000000800000f4 (0x00012197) auipc   gp, 0x12
core   0: 3 0x00000000800000f4 (0x00012197) x3  0x00000000800120f4
core   0: 0x00000000800000f8 (0x73418193) addi    gp, gp, 1844
core   0: 3 0x00000000800000f8 (0x73418193) x3  0x0000000080012828
core   0: 0x00000000800000fc (0x00012217) auipc   tp, 0x12
core   0: 3 0x00000000800000fc (0x00012217) x4  0x00000000800120fc
core   0: 0x0000000080000100 (0xf8320213) addi    tp, tp, -125
core   0: 3 0x0000000080000100 (0xf8320213) x4  0x000000008001207f
core   0: 0x0000000080000104 (0xfc027213) andi    tp, tp, -64
core   0: 3 0x0000000080000104 (0xfc027213) x4  0x0000000080012040
core   0: 0x0000000080000108 (0xf1402573) csrrs   a0, mhartid, zero
core   0: 3 0x0000000080000108 (0xf1402573) x10 0x0000000000000000
core   0: 0x000000008000010c (0x00004585) c.li    a1, 1
core   0: 3 0x000000008000010c (0x4585) x11 0x0000000000000001
core   0: 0x000000008000010e (0x00b57063) bgeu    a0, a1, pc + 0
core   0: 3 0x000000008000010e (0x00b57063)
core   0: 0x0000000080000112 (0x00150113) addi    sp, a0, 1
core   0: 3 0x0000000080000112 (0x00150113) x2  0x0000000000000001
core   0: 0x0000000080000116 (0x00000146) c.slli  sp, 17
core   0: 3 0x0000000080000116 (0x0146) x2  0x0000000000020000
core   0: 0x0000000080000118 (0x00009112) c.add   sp, tp
core   0: 3 0x0000000080000118 (0x9112) x2  0x0000000080032040
core   0: 0x000000008000011a (0x01151613) slli    a2, a0, 17
core   0: 3 0x000000008000011a (0x01151613) x12 0x0000000000000000
core   0: 0x000000008000011e (0x00009232) c.add   tp, a2
core   0: 3 0x000000008000011e (0x9232) x4  0x0000000080012040
core   0: 0x0000000080000120 (0x3900f06f) j       pc + 0xf390
core   0: 3 0x0000000080000120 (0x3900f06f)
core   0: >>>>  _init
core   0: 0x000000008000f4b0 (0x00007171) c.addi16sp sp, -176
core   0: 3 0x000000008000f4b0 (0x7171) x2  0x0000000080031f90
core   0: 0x000000008000f4b2 (0x0000f506) c.sdsp  ra, 168(sp)
core   0: 3 0x000000008000f4b2 (0xf506) mem 0x0000000080032038 0x0000000000000000
core   0: 0x000000008000f4b4 (0x0000f122) c.sdsp  s0, 160(sp)
core   0: 3 0x000000008000f4b4 (0xf122) mem 0x0000000080032030 0x0000000000000000
core   0: 0x000000008000f4b6 (0x0000ed26) c.sdsp  s1, 152(sp)
core   0: 3 0x000000008000f4b6 (0xed26) mem 0x0000000080032028 0x0000000000000000
core   0: 0x000000008000f4b8 (0x00001900) c.addi4spn s0, sp, 176
core   0: 3 0x000000008000f4b8 (0x1900) x8  0x0000000080032040
core   0: 0x000000008000f4ba (0x000087aa) c.mv    a5, a0
core   0: 3 0x000000008000f4ba (0x87aa) x15 0x0000000000000000
core   0: 0x000000008000f4bc (0x0000872e) c.mv    a4, a1
core   0: 3 0x000000008000f4bc (0x872e) x14 0x0000000000000001
core   0: 0x000000008000f4be (0xf4f42e23) sw      a5, -164(s0)
core   0: 3 0x000000008000f4be (0xf4f42e23) mem 0x0000000080031f9c 0x00000000
core   0: 0x000000008000f4c2 (0x000087ba) c.mv    a5, a4
core   0: 3 0x000000008000f4c2 (0x87ba) x15 0x0000000000000001
core   0: 0x000000008000f4c4 (0xf4f42c23) sw      a5, -168(s0)
core   0: 3 0x000000008000f4c4 (0xf4f42c23) mem 0x0000000080031f98 0x00000001
core   0: 0x000000008000f4c8 (0xfe040793) addi    a5, s0, -32
core   0: 3 0x000000008000f4c8 (0xfe040793) x15 0x0000000080032020
core   0: 0x000000008000f4cc (0xf4f43823) sd      a5, -176(s0)
core   0: 3 0x000000008000f4cc (0xf4f43823) mem 0x0000000080031f90 0x0000000080032020
core   0: 0x000000008000f4d0 (0xf5043783) ld      a5, -176(s0)
core   0: 3 0x000000008000f4d0 (0xf5043783) x15 0x0000000080032020 mem 0x0000000080031f90
core   0: 0x000000008000f4d4 (0xf8078793) addi    a5, a5, -128
core   0: 3 0x000000008000f4d4 (0xf8078793) x15 0x0000000080031fa0
core   0: 0x000000008000f4d8 (0x03f78793) addi    a5, a5, 63
core   0: 3 0x000000008000f4d8 (0x03f78793) x15 0x0000000080031fdf
core   0: 0x000000008000f4dc (0x00008399) c.srli  a5, 6
core   0: 3 0x000000008000f4dc (0x8399) x15 0x0000000002000c7f
core   0: 0x000000008000f4de (0x00679493) slli    s1, a5, 6
core   0: 3 0x000000008000f4de (0x00679493) x9  0x0000000080031fc0
core   0: 0x000000008000f4e2 (0xf65ff0ef) jal     pc - 0x9c
core   0: 3 0x000000008000f4e2 (0xf65ff0ef) x1  0x000000008000f4e6
core   0: >>>>  init_tls
core   0: 0x000000008000f446 (0x00001101) c.addi  sp, -32
core   0: 3 0x000000008000f446 (0x1101) x2  0x0000000080031f70
core   0: 0x000000008000f448 (0x0000ec06) c.sdsp  ra, 24(sp)
core   0: 3 0x000000008000f448 (0xec06) mem 0x0000000080031f88 0x000000008000f4e6
core   0: 0x000000008000f44a (0x0000e822) c.sdsp  s0, 16(sp)
core   0: 3 0x000000008000f44a (0xe822) mem 0x0000000080031f80 0x0000000080032040
core   0: 0x000000008000f44c (0x00001000) c.addi4spn s0, sp, 32
core   0: 3 0x000000008000f44c (0x1000) x8  0x0000000080031f90
core   0: 0x000000008000f44e (0x00003717) auipc   a4, 0x3
core   0: 3 0x000000008000f44e (0x00003717) x14 0x000000008001244e
core   0: 0x000000008000f452 (0xbda70713) addi    a4, a4, -1062
core   0: 3 0x000000008000f452 (0xbda70713) x14 0x0000000080012028
core   0: 0x000000008000f456 (0x00003797) auipc   a5, 0x3
core   0: 3 0x000000008000f456 (0x00003797) x15 0x0000000080012456
core   0: 0x000000008000f45a (0xbd278793) addi    a5, a5, -1070
core   0: 3 0x000000008000f45a (0xbd278793) x15 0x0000000080012028
core   0: 0x000000008000f45e (0x40f707b3) sub     a5, a4, a5
core   0: 3 0x000000008000f45e (0x40f707b3) x15 0x0000000000000000
core   0: 0x000000008000f462 (0xfef43423) sd      a5, -24(s0)
core   0: 3 0x000000008000f462 (0xfef43423) mem 0x0000000080031f78 0x0000000000000000
core   0: 0x000000008000f466 (0x00008792) c.mv    a5, tp
core   0: 3 0x000000008000f466 (0x8792) x15 0x0000000080012040
core   0: 0x000000008000f468 (0xfe843603) ld      a2, -24(s0)
core   0: 3 0x000000008000f468 (0xfe843603) x12 0x0000000000000000 mem 0x0000000080031f78
core   0: 0x000000008000f46c (0x00003597) auipc   a1, 0x3
core   0: 3 0x000000008000f46c (0x00003597) x11 0x000000008001246c
core   0: 0x000000008000f470 (0xbbc58593) addi    a1, a1, -1092
core   0: 3 0x000000008000f470 (0xbbc58593) x11 0x0000000080012028
core   0: 0x000000008000f474 (0x0000853e) c.mv    a0, a5
core   0: 3 0x000000008000f474 (0x853e) x10 0x0000000080012040
core   0: 0x000000008000f476 (0x0f9000ef) jal     pc + 0x8f8
core   0: 3 0x000000008000f476 (0x0f9000ef) x1  0x000000008000f47a
core   0: >>>>  memcpy
core   0: 0x000000008000fd6e (0x0000715d) c.addi16sp sp, -80
core   0: 3 0x000000008000fd6e (0x715d) x2  0x0000000080031f20
core   0: 0x000000008000fd70 (0x0000e4a2) c.sdsp  s0, 72(sp)
core   0: 3 0x000000008000fd70 (0xe4a2) mem 0x0000000080031f68 0x0000000080031f90
core   0: 0x000000008000fd72 (0x00000880) c.addi4spn s0, sp, 80
core   0: 3 0x000000008000fd72 (0x0880) x8  0x0000000080031f70
core   0: 0x000000008000fd74 (0xfca43423) sd      a0, -56(s0)
core   0: 3 0x000000008000fd74 (0xfca43423) mem 0x0000000080031f38 0x0000000080012040
core   0: 0x000000008000fd78 (0xfcb43023) sd      a1, -64(s0)
core   0: 3 0x000000008000fd78 (0xfcb43023) mem 0x0000000080031f30 0x0000000080012028
core   0: 0x000000008000fd7c (0xfac43c23) sd      a2, -72(s0)
core   0: 3 0x000000008000fd7c (0xfac43c23) mem 0x0000000080031f28 0x0000000000000000
core   0: 0x000000008000fd80 (0xfc843703) ld      a4, -56(s0)
core   0: 3 0x000000008000fd80 (0xfc843703) x14 0x0000000080012040 mem 0x0000000080031f38
core   0: 0x000000008000fd84 (0xfc043783) ld      a5, -64(s0)
core   0: 3 0x000000008000fd84 (0xfc043783) x15 0x0000000080012028 mem 0x0000000080031f30
core   0: 0x000000008000fd88 (0x00008f5d) c.or    a4, a5
core   0: 3 0x000000008000fd88 (0x8f5d) x14 0x0000000080012068
core   0: 0x000000008000fd8a (0xfb843783) ld      a5, -72(s0)
core   0: 3 0x000000008000fd8a (0xfb843783) x15 0x0000000000000000 mem 0x0000000080031f28
core   0: 0x000000008000fd8e (0x00008fd9) c.or    a5, a4
core   0: 3 0x000000008000fd8e (0x8fd9) x15 0x0000000080012068
core   0: 0x000000008000fd90 (0x00008b9d) c.andi  a5, 7
core   0: 3 0x000000008000fd90 (0x8b9d) x15 0x0000000000000000
core   0: 0x000000008000fd92 (0x0000e3b1) c.bnez  a5, pc + 68
core   0: 3 0x000000008000fd92 (0xe3b1)
core   0: 0x000000008000fd94 (0xfc043783) ld      a5, -64(s0)
core   0: 3 0x000000008000fd94 (0xfc043783) x15 0x0000000080012028 mem 0x0000000080031f30
core   0: 0x000000008000fd98 (0xfef43423) sd      a5, -24(s0)
core   0: 3 0x000000008000fd98 (0xfef43423) mem 0x0000000080031f58 0x0000000080012028
core   0: 0x000000008000fd9c (0xfc843783) ld      a5, -56(s0)
core   0: 3 0x000000008000fd9c (0xfc843783) x15 0x0000000080012040 mem 0x0000000080031f38
core   0: 0x000000008000fda0 (0xfef43023) sd      a5, -32(s0)
core   0: 3 0x000000008000fda0 (0xfef43023) mem 0x0000000080031f50 0x0000000080012040
core   0: 0x000000008000fda4 (0x0000a839) c.j     pc + 30
core   0: 3 0x000000008000fda4 (0xa839)
core   0: 0x000000008000fdc2 (0xfc843703) ld      a4, -56(s0)
core   0: 3 0x000000008000fdc2 (0xfc843703) x14 0x0000000080012040 mem 0x0000000080031f38
core   0: 0x000000008000fdc6 (0xfb843783) ld      a5, -72(s0)
core   0: 3 0x000000008000fdc6 (0xfb843783) x15 0x0000000000000000 mem 0x0000000080031f28
core   0: 0x000000008000fdca (0x000097ba) c.add   a5, a4
core   0: 3 0x000000008000fdca (0x97ba) x15 0x0000000080012040
core   0: 0x000000008000fdcc (0xfe043703) ld      a4, -32(s0)
core   0: 3 0x000000008000fdcc (0xfe043703) x14 0x0000000080012040 mem 0x0000000080031f50
core   0: 0x000000008000fdd0 (0xfcf76be3) bltu    a4, a5, pc - 42
core   0: 3 0x000000008000fdd0 (0xfcf76be3)
core   0: 0x000000008000fdd4 (0x0000a099) c.j     pc + 70
core   0: 3 0x000000008000fdd4 (0xa099)
core   0: 0x000000008000fe1a (0xfc843783) ld      a5, -56(s0)
core   0: 3 0x000000008000fe1a (0xfc843783) x15 0x0000000080012040 mem 0x0000000080031f38
core   0: 0x000000008000fe1e (0x0000853e) c.mv    a0, a5
core   0: 3 0x000000008000fe1e (0x853e) x10 0x0000000080012040
core   0: 0x000000008000fe20 (0x00006426) c.ldsp  s0, 72(sp)
core   0: 3 0x000000008000fe20 (0x6426) x8  0x0000000080031f90 mem 0x0000000080031f68
core   0: 0x000000008000fe22 (0x00006161) c.addi16sp sp, 80
core   0: 3 0x000000008000fe22 (0x6161) x2  0x0000000080031f70
core   0: 0x000000008000fe24 (0x00008082) ret
core   0: 3 0x000000008000fe24 (0x8082)
core   0: 0x000000008000f47a (0x00003717) auipc   a4, 0x3
core   0: 3 0x000000008000f47a (0x00003717) x14 0x000000008001247a
core   0: 0x000000008000f47e (0xc4a70713) addi    a4, a4, -950
core   0: 3 0x000000008000f47e (0xc4a70713) x14 0x00000000800120c4
core   0: 0x000000008000f482 (0x00003797) auipc   a5, 0x3
core   0: 3 0x000000008000f482 (0x00003797) x15 0x0000000080012482
core   0: 0x000000008000f486 (0xba678793) addi    a5, a5, -1114
core   0: 3 0x000000008000f486 (0xba678793) x15 0x0000000080012028
core   0: 0x000000008000f48a (0x40f707b3) sub     a5, a4, a5
core   0: 3 0x000000008000f48a (0x40f707b3) x15 0x000000000000009c
core   0: 0x000000008000f48e (0xfef43023) sd      a5, -32(s0)
core   0: 3 0x000000008000f48e (0xfef43023) mem 0x0000000080031f70 0x000000000000009c
core   0: 0x000000008000f492 (0x00008712) c.mv    a4, tp
core   0: 3 0x000000008000f492 (0x8712) x14 0x0000000080012040
core   0: 0x000000008000f494 (0xfe843783) ld      a5, -24(s0)
core   0: 3 0x000000008000f494 (0xfe843783) x15 0x0000000000000000 mem 0x0000000080031f78
core   0: 0x000000008000f498 (0x000097ba) c.add   a5, a4
core   0: 3 0x000000008000f498 (0x97ba) x15 0x0000000080012040
core   0: 0x000000008000f49a (0xfe043603) ld      a2, -32(s0)
core   0: 3 0x000000008000f49a (0xfe043603) x12 0x000000000000009c mem 0x0000000080031f70
core   0: 0x000000008000f49e (0x00004581) c.li    a1, 0
core   0: 3 0x000000008000f49e (0x4581) x11 0x0000000000000000
core   0: 0x000000008000f4a0 (0x0000853e) c.mv    a0, a5
core   0: 3 0x000000008000f4a0 (0x853e) x10 0x0000000080012040
core   0: 0x000000008000f4a2 (0x185000ef) jal     pc + 0x984
core   0: 3 0x000000008000f4a2 (0x185000ef) x1  0x000000008000f4a6
core   0: >>>>  memset
core   0: 0x000000008000fe26 (0x0000715d) c.addi16sp sp, -80
core   0: 3 0x000000008000fe26 (0x715d) x2  0x0000000080031f20
core   0: 0x000000008000fe28 (0x0000e4a2) c.sdsp  s0, 72(sp)
core   0: 3 0x000000008000fe28 (0xe4a2) mem 0x0000000080031f68 0x0000000080031f90
core   0: 0x000000008000fe2a (0x00000880) c.addi4spn s0, sp, 80
core   0: 3 0x000000008000fe2a (0x0880) x8  0x0000000080031f70
core   0: 0x000000008000fe2c (0xfca43423) sd      a0, -56(s0)
core   0: 3 0x000000008000fe2c (0xfca43423) mem 0x0000000080031f38 0x0000000080012040
core   0: 0x000000008000fe30 (0x000087ae) c.mv    a5, a1
core   0: 3 0x000000008000fe30 (0x87ae) x15 0x0000000000000000
core   0: 0x000000008000fe32 (0xfac43c23) sd      a2, -72(s0)
core   0: 3 0x000000008000fe32 (0xfac43c23) mem 0x0000000080031f28 0x000000000000009c
core   0: 0x000000008000fe36 (0xfcf42223) sw      a5, -60(s0)
core   0: 3 0x000000008000fe36 (0xfcf42223) mem 0x0000000080031f34 0x00000000
core   0: 0x000000008000fe3a (0xfc843703) ld      a4, -56(s0)
core   0: 3 0x000000008000fe3a (0xfc843703) x14 0x0000000080012040 mem 0x0000000080031f38
core   0: 0x000000008000fe3e (0xfb843783) ld      a5, -72(s0)
core   0: 3 0x000000008000fe3e (0xfb843783) x15 0x000000000000009c mem 0x0000000080031f28
core   0: 0x000000008000fe42 (0x00008fd9) c.or    a5, a4
core   0: 3 0x000000008000fe42 (0x8fd9) x15 0x00000000800120dc
core   0: 0x000000008000fe44 (0x00008b9d) c.andi  a5, 7
core   0: 3 0x000000008000fe44 (0x8b9d) x15 0x0000000000000004
core   0: 0x000000008000fe46 (0x0000e7bd) c.bnez  a5, pc + 110
core   0: 3 0x000000008000fe46 (0xe7bd)
core   0: 0x000000008000feb4 (0xfc843783) ld      a5, -56(s0)
core   0: 3 0x000000008000feb4 (0xfc843783) x15 0x0000000080012040 mem 0x0000000080031f38
core   0: 0x000000008000feb8 (0xfef43023) sd      a5, -32(s0)
core   0: 3 0x000000008000feb8 (0xfef43023) mem 0x0000000080031f50 0x0000000080012040
core   0: 0x000000008000febc (0x0000a829) c.j     pc + 26
core   0: 3 0x000000008000febc (0xa829)
core   0: 0x000000008000fed6 (0xfc843703) ld      a4, -56(s0)
core   0: 3 0x000000008000fed6 (0xfc843703) x14 0x0000000080012040 mem 0x0000000080031f38
core   0: 0x000000008000feda (0xfb843783) ld      a5, -72(s0)
core   0: 3 0x000000008000feda (0xfb843783) x15 0x000000000000009c mem 0x0000000080031f28
core   0: 0x000000008000fede (0x000097ba) c.add   a5, a4
core   0: 3 0x000000008000fede (0x97ba) x15 0x00000000800120dc
core   0: 0x000000008000fee0 (0xfe043703) ld      a4, -32(s0)
core   0: 3 0x000000008000fee0 (0xfe043703) x14 0x0000000080012040 mem 0x0000000080031f50
core   0: 0x000000008000fee4 (0xfcf76de3) bltu    a4, a5, pc - 38
core   0: 3 0x000000008000fee4 (0xfcf76de3)
core   0: 0x000000008000febe (0xfe043783) ld      a5, -32(s0)
core   0: 3 0x000000008000febe (0xfe043783) x15 0x0000000080012040 mem 0x0000000080031f50
core   0: 0x000000008000fec2 (0x00178713) addi    a4, a5, 1
core   0: 3 0x000000008000fec2 (0x00178713) x14 0x0000000080012041
core   0: 0x000000008000fec6 (0xfee43023) sd      a4, -32(s0)
core   0: 3 0x000000008000fec6 (0xfee43023) mem 0x0000000080031f50 0x0000000080012041
core   0: 0x000000008000feca (0xfc442703) lw      a4, -60(s0)
core   0: 3 0x000000008000feca (0xfc442703) x14 0x0000000000000000 mem 0x0000000080031f34
core   0: 0x000000008000fece (0x0ff77713) andi    a4, a4, 255
core   0: 3 0x000000008000fece (0x0ff77713) x14 0x0000000000000000
core   0: 0x000000008000fed2 (0x00e78023) sb      a4, 0(a5)
core   0: 3 0x000000008000fed2 (0x00e78023) mem 0x0000000080012040 0x00
core   0: 0x000000008000fed6 (0xfc843703) ld      a4, -56(s0)
core   0: 3 0x000000008000fed6 (0xfc843703) x14 0x0000000080012040 mem 0x0000000080031f38
core   0: 0x000000008000feda (0xfb843783) ld      a5, -72(s0)
core   0: 3 0x000000008000feda (0xfb843783) x15 0x000000000000009c mem 0x0000000080031f28
core   0: 0x000000008000fede (0x000097ba) c.add   a5, a4
core   0: 3 0x000000008000fede (0x97ba) x15 0x00000000800120dc
core   0: 0x000000008000fee0 (0xfe043703) ld      a4, -32(s0)
core   0: 3 0x000000008000fee0 (0xfe043703) x14 0x0000000080012041 mem 0x0000000080031f50
core   0: 0x000000008000fee4 (0xfcf76de3) bltu    a4, a5, pc - 38
core   0: 3 0x000000008000fee4 (0xfcf76de3)
core   0: 0x000000008000febe (0xfe043783) ld      a5, -32(s0)
core   0: 3 0x000000008000febe (0xfe043783) x15 0x0000000080012041 mem 0x0000000080031f50
core   0: 0x000000008000fec2 (0x00178713) addi    a4, a5, 1
core   0: 3 0x000000008000fec2 (0x00178713) x14 0x0000000080012042
core   0: 0x000000008000fec6 (0xfee43023) sd      a4, -32(s0)
core   0: 3 0x000000008000fec6 (0xfee43023) mem 0x0000000080031f50 0x0000000080012042
core   0: 0x000000008000feca (0xfc442703) lw      a4, -60(s0)
core   0: 3 0x000000008000feca (0xfc442703) x14 0x0000000000000000 mem 0x0000000080031f34
core   0: 0x000000008000fece (0x0ff77713) andi    a4, a4, 255
core   0: 3 0x000000008000fece (0x0ff77713) x14 0x0000000000000000
core   0: 0x000000008000fed2 (0x00e78023) sb      a4, 0(a5)
core   0: 3 0x000000008000fed2 (0x00e78023) mem 0x0000000080012041 0x00
core   0: 0x000000008000fed6 (0xfc843703) ld      a4, -56(s0)
core   0: 3 0x000000008000fed6 (0xfc843703) x14 0x0000000080012040 mem 0x0000000080031f38
core   0: 0x000000008000feda (0xfb843783) ld      a5, -72(s0)
core   0: 3 0x000000008000feda (0xfb843783) x15 0x000000000000009c mem 0x0000000080031f28
core   0: 0x000000008000fede (0x000097ba) c.add   a5, a4
core   0: 3 0x000000008000fede (0x97ba) x15 0x00000000800120dc
core   0: 0x000000008000fee0 (0xfe043703) ld      a4, -32(s0)
core   0: 3 0x000000008000fee0 (0xfe043703) x14 0x0000000080012042 mem 0x0000000080031f50
core   0: 0x000000008000fee4 (0xfcf76de3) bltu    a4, a5, pc - 38
core   0: 3 0x000000008000fee4 (0xfcf76de3)
core   0: 0x000000008000febe (0xfe043783) ld      a5, -32(s0)
core   0: 3 0x000000008000febe (0xfe043783) x15 0x0000000080012042 mem 0x0000000080031f50
core   0: 0x000000008000fec2 (0x00178713) addi    a4, a5, 1
core   0: 3 0x000000008000fec2 (0x00178713) x14 0x0000000080012043
core   0: 0x000000008000fec6 (0xfee43023) sd      a4, -32(s0)
core   0: 3 0x000000008000fec6 (0xfee43023) mem 0x0000000080031f50 0x0000000080012043
core   0: 0x000000008000feca (0xfc442703) lw      a4, -60(s0)
core   0: 3 0x000000008000feca (0xfc442703) x14 0x0000000000000000 mem 0x0000000080031f34
core   0: 0x000000008000fece (0x0ff77713) andi    a4, a4, 255
core   0: 3 0x000000008000fece (0x0ff77713) x14 0x0000000000000000
core   0: 0x000000008000fed2 (0x00e78023) sb      a4, 0(a5)
core   0: 3 0x000000008000fed2 (0x00e78023) mem 0x0000000080012042 0x00
core   0: 0x000000008000fed6 (0xfc843703) ld      a4, -56(s0)
core   0: 3 0x000000008000fed6 (0xfc843703) x14 0x0000000080012040 mem 0x0000000080031f38
core   0: 0x000000008000feda (0xfb843783) ld      a5, -72(s0)
core   0: 3 0x000000008000feda (0xfb843783) x15 0x000000000000009c mem 0x0000000080031f28
core   0: 0x000000008000fede (0x000097ba) c.add   a5, a4
core   0: 3 0x000000008000fede (0x97ba) x15 0x00000000800120dc
core   0: 0x000000008000fee0 (0xfe043703) ld      a4, -32(s0)
core   0: 3 0x000000008000fee0 (0xfe043703) x14 0x0000000080012043 mem 0x0000000080031f50
core   0: 0x000000008000fee4 (0xfcf76de3) bltu    a4, a5, pc - 38
core   0: 3 0x000000008000fee4 (0xfcf76de3)
core   0: 0x000000008000febe (0xfe043783) ld      a5, -32(s0)
core   0: 3 0x000000008000febe (0xfe043783) x15 0x0000000080012043 mem 0x0000000080031f50
core   0: 0x000000008000fec2 (0x00178713) addi    a4, a5, 1
core   0: 3 0x000000008000fec2 (0x00178713) x14 0x0000000080012044
core   0: 0x000000008000fec6 (0xfee43023) sd      a4, -32(s0)
core   0: 3 0x000000008000fec6 (0xfee43023) mem 0x0000000080031f50 0x0000000080012044
core   0: 0x000000008000feca (0xfc442703) lw      a4, -60(s0)
core   0: 3 0x000000008000feca (0xfc442703) x14 0x0000000000000000 mem 0x0000000080031f34
core   0: 0x000000008000fece (0x0ff77713) andi    a4, a4, 255
core   0: 3 0x000000008000fece (0x0ff77713) x14 0x0000000000000000
core   0: 0x000000008000fed2 (0x00e78023) sb      a4, 0(a5)
core   0: 3 0x000000008000fed2 (0x00e78023) mem 0x0000000080012043 0x00
core   0: 0x000000008000fed6 (0xfc843703) ld      a4, -56(s0)
core   0: 3 0x000000008000fed6 (0xfc843703) x14 0x0000000080012040 mem 0x0000000080031f38
core   0: 0x000000008000feda (0xfb843783) ld      a5, -72(s0)
core   0: 3 0x000000008000feda (0xfb843783) x15 0x000000000000009c mem 0x0000000080031f28
core   0: 0x000000008000fede (0x000097ba) c.add   a5, a4
core   0: 3 0x000000008000fede (0x97ba) x15 0x00000000800120dc
core   0: 0x000000008000fee0 (0xfe043703) ld      a4, -32(s0)
core   0: 3 0x000000008000fee0 (0xfe043703) x14 0x0000000080012044 mem 0x0000000080031f50
core   0: 0x000000008000fee4 (0xfcf76de3) bltu    a4, a5, pc - 38
core   0: 3 0x000000008000fee4 (0xfcf76de3)
core   0: 0x000000008000febe (0xfe043783) ld      a5, -32(s0)
core   0: 3 0x000000008000febe (0xfe043783) x15 0x0000000080012044 mem 0x0000000080031f50
core   0: 0x000000008000fec2 (0x00178713) addi    a4, a5, 1
core   0: 3 0x000000008000fec2 (0x00178713) x14 0x0000000080012045
core   0: 0x000000008000fec6 (0xfee43023) sd      a4, -32(s0)
core   0: 3 0x000000008000fec6 (0xfee43023) mem 0x0000000080031f50 0x0000000080012045
core   0: 0x000000008000feca (0xfc442703) lw      a4, -60(s0)
core   0: 3 0x000000008000feca (0xfc442703) x14 0x0000000000000000 mem 0x0000000080031f34
core   0: 0x000000008000fece (0x0ff77713) andi    a4, a4, 255
core   0: 3 0x000000008000fece (0x0ff77713) x14 0x0000000000000000
core   0: 0x000000008000fed2 (0x00e78023) sb      a4, 0(a5)
core   0: 3 0x000000008000fed2 (0x00e78023) mem 0x0000000080012044 0x00
core   0: 0x000000008000fed6 (0xfc843703) ld      a4, -56(s0)
core   0: 3 0x000000008000fed6 (0xfc843703) x14 0x0000000080012040 mem 0x0000000080031f38
core   0: 0x000000008000feda (0xfb843783) ld      a5, -72(s0)
core   0: 3 0x000000008000feda (0xfb843783) x15 0x000000000000009c mem 0x0000000080031f28
core   0: 0x000000008000fede (0x000097ba) c.add   a5, a4
core   0: 3 0x000000008000fede (0x97ba) x15 0x00000000800120dc
core   0: 0x000000008000fee0 (0xfe043703) ld      a4, -32(s0)
core   0: 3 0x000000008000fee0 (0xfe043703) x14 0x0000000080012045 mem 0x0000000080031f50
core   0: 0x000000008000fee4 (0xfcf76de3) bltu    a4, a5, pc - 38
core   0: 3 0x000000008000fee4 (0xfcf76de3)
core   0: 0x000000008000febe (0xfe043783) ld      a5, -32(s0)
core   0: 3 0x000000008000febe (0xfe043783) x15 0x0000000080012045 mem 0x0000000080031f50
core   0: 0x000000008000fec2 (0x00178713) addi    a4, a5, 1
core   0: 3 0x000000008000fec2 (0x00178713) x14 0x0000000080012046
core   0: 0x000000008000fec6 (0xfee43023) sd      a4, -32(s0)
core   0: 3 0x000000008000fec6 (0xfee43023) mem 0x0000000080031f50 0x0000000080012046
core   0: 0x000000008000feca (0xfc442703) lw      a4, -60(s0)
core   0: 3 0x000000008000feca (0xfc442703) x14 0x0000000000000000 mem 0x0000000080031f34
core   0: 0x000000008000fece (0x0ff77713) andi    a4, a4, 255
core   0: 3 0x000000008000fece (0x0ff77713) x14 0x0000000000000000
core   0: 0x000000008000fed2 (0x00e78023) sb      a4, 0(a5)
core   0: 3 0x000000008000fed2 (0x00e78023) mem 0x0000000080012045 0x00
core   0: 0x000000008000fed6 (0xfc843703) ld      a4, -56(s0)
core   0: 3 0x000000008000fed6 (0xfc843703) x14 0x0000000080012040 mem 0x0000000080031f38
core   0: 0x000000008000feda (0xfb843783) ld      a5, -72(s0)
core   0: 3 0x000000008000feda (0xfb843783) x15 0x000000000000009c mem 0x0000000080031f28
core   0: 0x000000008000fede (0x000097ba) c.add   a5, a4
core   0: 3 0x000000008000fede (0x97ba) x15 0x00000000800120dc
core   0: 0x000000008000fee0 (0xfe043703) ld      a4, -32(s0)
core   0: 3 0x000000008000fee0 (0xfe043703) x14 0x0000000080012046 mem 0x0000000080031f50
core   0: 0x000000008000fee4 (0xfcf76de3) bltu    a4, a5, pc - 38
core   0: 3 0x000000008000fee4 (0xfcf76de3)
core   0: 0x000000008000febe (0xfe043783) ld      a5, -32(s0)
core   0: 3 0x000000008000febe (0xfe043783) x15 0x0000000080012046 mem 0x0000000080031f50
core   0: 0x000000008000fec2 (0x00178713) addi    a4, a5, 1
core   0: 3 0x000000008000fec2 (0x00178713) x14 0x0000000080012047
core   0: 0x000000008000fec6 (0xfee43023) sd      a4, -32(s0)
core   0: 3 0x000000008000fec6 (0xfee43023) mem 0x0000000080031f50 0x0000000080012047
core   0: 0x000000008000feca (0xfc442703) lw      a4, -60(s0)
core   0: 3 0x000000008000feca (0xfc442703) x14 0x0000000000000000 mem 0x0000000080031f34
core   0: 0x000000008000fece (0x0ff77713) andi    a4, a4, 255
core   0: 3 0x000000008000fece (0x0ff77713) x14 0x0000000000000000
core   0: 0x000000008000fed2 (0x00e78023) sb      a4, 0(a5)
core   0: 3 0x000000008000fed2 (0x00e78023) mem 0x0000000080012046 0x00
core   0: 0x000000008000fed6 (0xfc843703) ld      a4, -56(s0)
core   0: 3 0x000000008000fed6 (0xfc843703) x14 0x0000000080012040 mem 0x0000000080031f38
core   0: 0x000000008000feda (0xfb843783) ld      a5, -72(s0)
core   0: 3 0x000000008000feda (0xfb843783) x15 0x000000000000009c mem 0x0000000080031f28
core   0: 0x000000008000fede (0x000097ba) c.add   a5, a4
core   0: 3 0x000000008000fede (0x97ba) x15 0x00000000800120dc
core   0: 0x000000008000fee0 (0xfe043703) ld      a4, -32(s0)
core   0: 3 0x000000008000fee0 (0xfe043703) x14 0x0000000080012047 mem 0x0000000080031f50
core   0: 0x000000008000fee4 (0xfcf76de3) bltu    a4, a5, pc - 38
core   0: 3 0x000000008000fee4 (0xfcf76de3)
core   0: 0x000000008000febe (0xfe043783) ld      a5, -32(s0)
core   0: 3 0x000000008000febe (0xfe043783) x15 0x0000000080012047 mem 0x0000000080031f50
core   0: 0x000000008000fec2 (0x00178713) addi    a4, a5, 1
core   0: 3 0x000000008000fec2 (0x00178713) x14 0x0000000080012048
core   0: 0x000000008000fec6 (0xfee43023) sd      a4, -32(s0)
core   0: 3 0x000000008000fec6 (0xfee43023) mem 0x0000000080031f50 0x0000000080012048
core   0: 0x000000008000feca (0xfc442703) lw      a4, -60(s0)
core   0: 3 0x000000008000feca (0xfc442703) x14 0x0000000000000000 mem 0x0000000080031f34
core   0: 0x000000008000fece (0x0ff77713) andi    a4, a4, 255
core   0: 3 0x000000008000fece (0x0ff77713) x14 0x0000000000000000
core   0: 0x000000008000fed2 (0x00e78023) sb      a4, 0(a5)
core   0: 3 0x000000008000fed2 (0x00e78023) mem 0x0000000080012047 0x00
core   0: 0x000000008000fed6 (0xfc843703) ld      a4, -56(s0)
core   0: 3 0x000000008000fed6 (0xfc843703) x14 0x0000000080012040 mem 0x0000000080031f38
core   0: 0x000000008000feda (0xfb843783) ld      a5, -72(s0)
core   0: 3 0x000000008000feda (0xfb843783) x15 0x000000000000009c mem 0x0000000080031f28
core   0: 0x000000008000fede (0x000097ba) c.add   a5, a4
core   0: 3 0x000000008000fede (0x97ba) x15 0x00000000800120dc
core   0: 0x000000008000fee0 (0xfe043703) ld      a4, -32(s0)
core   0: 3 0x000000008000fee0 (0xfe043703) x14 0x0000000080012048 mem 0x0000000080031f50
core   0: 0x000000008000fee4 (0xfcf76de3) bltu    a4, a5, pc - 38
core   0: 3 0x000000008000fee4 (0xfcf76de3)
core   0: 0x000000008000febe (0xfe043783) ld      a5, -32(s0)
core   0: 3 0x000000008000febe (0xfe043783) x15 0x0000000080012048 mem 0x0000000080031f50
core   0: 0x000000008000fec2 (0x00178713) addi    a4, a5, 1
core   0: 3 0x000000008000fec2 (0x00178713) x14 0x0000000080012049
core   0: 0x000000008000fec6 (0xfee43023) sd      a4, -32(s0)
core   0: 3 0x000000008000fec6 (0xfee43023) mem 0x0000000080031f50 0x0000000080012049
core   0: 0x000000008000feca (0xfc442703) lw      a4, -60(s0)
core   0: 3 0x000000008000feca (0xfc442703) x14 0x0000000000000000 mem 0x0000000080031f34
core   0: 0x000000008000fece (0x0ff77713) andi    a4, a4, 255
core   0: 3 0x000000008000fece (0x0ff77713) x14 0x0000000000000000
core   0: 0x000000008000fed2 (0x00e78023) sb      a4, 0(a5)
core   0: 3 0x000000008000fed2 (0x00e78023) mem 0x0000000080012048 0x00
core   0: 0x000000008000fed6 (0xfc843703) ld      a4, -56(s0)
core   0: 3 0x000000008000fed6 (0xfc843703) x14 0x0000000080012040 mem 0x0000000080031f38
core   0: 0x000000008000feda (0xfb843783) ld      a5, -72(s0)
core   0: 3 0x000000008000feda (0xfb843783) x15 0x000000000000009c mem 0x0000000080031f28
core   0: 0x000000008000fede (0x000097ba) c.add   a5, a4
core   0: 3 0x000000008000fede (0x97ba) x15 0x00000000800120dc
core   0: 0x000000008000fee0 (0xfe043703) ld      a4, -32(s0)
core   0: 3 0x000000008000fee0 (0xfe043703) x14 0x0000000080012049 mem 0x0000000080031f50
core   0: 0x000000008000fee4 (0xfcf76de3) bltu    a4, a5, pc - 38
core   0: 3 0x000000008000fee4 (0xfcf76de3)
core   0: 0x000000008000febe (0xfe043783) ld      a5, -32(s0)
core   0: 3 0x000000008000febe (0xfe043783) x15 0x0000000080012049 mem 0x0000000080031f50
core   0: 0x000000008000fec2 (0x00178713) addi    a4, a5, 1
core   0: 3 0x000000008000fec2 (0x00178713) x14 0x000000008001204a
core   0: 0x000000008000fec6 (0xfee43023) sd      a4, -32(s0)
core   0: 3 0x000000008000fec6 (0xfee43023) mem 0x0000000080031f50 0x000000008001204a
core   0: 0x000000008000feca (0xfc442703) lw      a4, -60(s0)
core   0: 3 0x000000008000feca (0xfc442703) x14 0x0000000000000000 mem 0x0000000080031f34
core   0: 0x000000008000fece (0x0ff77713) andi    a4, a4, 255
core   0: 3 0x000000008000fece (0x0ff77713) x14 0x0000000000000000
core   0: 0x000000008000fed2 (0x00e78023) sb      a4, 0(a5)
core   0: 3 0x000000008000fed2 (0x00e78023) mem 0x0000000080012049 0x00
core   0: 0x000000008000fed6 (0xfc843703) ld      a4, -56(s0)
core   0: 3 0x000000008000fed6 (0xfc843703) x14 0x0000000080012040 mem 0x0000000080031f38
core   0: 0x000000008000feda (0xfb843783) ld      a5, -72(s0)
core   0: 3 0x000000008000feda (0xfb843783) x15 0x000000000000009c mem 0x0000000080031f28
core   0: 0x000000008000fede (0x000097ba) c.add   a5, a4
core   0: 3 0x000000008000fede (0x97ba) x15 0x00000000800120dc
core   0: 0x000000008000fee0 (0xfe043703) ld      a4, -32(s0)
core   0: 3 0x000000008000fee0 (0xfe043703) x14 0x000000008001204a mem 0x0000000080031f50
core   0: 0x000000008000fee4 (0xfcf76de3) bltu    a4, a5, pc - 38
core   0: 3 0x000000008000fee4 (0xfcf76de3)
core   0: 0x000000008000febe (0xfe043783) ld      a5, -32(s0)
core   0: 3 0x000000008000febe (0xfe043783) x15 0x000000008001204a mem 0x0000000080031f50
core   0: 0x000000008000fec2 (0x00178713) addi    a4, a5, 1
core   0: 3 0x000000008000fec2 (0x00178713) x14 0x000000008001204b
core   0: 0x000000008000fec6 (0xfee43023) sd      a4, -32(s0)
core   0: 3 0x000000008000fec6 (0xfee43023) mem 0x0000000080031f50 0x000000008001204b
core   0: 0x000000008000feca (0xfc442703) lw      a4, -60(s0)
core   0: 3 0x000000008000feca (0xfc442703) x14 0x0000000000000000 mem 0x0000000080031f34
core   0: 0x000000008000fece (0x0ff77713) andi    a4, a4, 255
core   0: 3 0x000000008000fece (0x0ff77713) x14 0x0000000000000000
core   0: 0x000000008000fed2 (0x00e78023) sb      a4, 0(a5)
core   0: 3 0x000000008000fed2 (0x00e78023) mem 0x000000008001204a 0x00
core   0: 0x000000008000fed6 (0xfc843703) ld      a4, -56(s0)
core   0: 3 0x000000008000fed6 (0xfc843703) x14 0x0000000080012040 mem 0x0000000080031f38
core   0: 0x000000008000feda (0xfb843783) ld      a5, -72(s0)
core   0: 3 0x000000008000feda (0xfb843783) x15 0x000000000000009c mem 0x0000000080031f28
core   0: 0x000000008000fede (0x000097ba) c.add   a5, a4
core   0: 3 0x000000008000fede (0x97ba) x15 0x00000000800120dc
core   0: 0x000000008000fee0 (0xfe043703) ld      a4, -32(s0)
core   0: 3 0x000000008000fee0 (0xfe043703) x14 0x000000008001204b mem 0x0000000080031f50
core   0: 0x000000008000fee4 (0xfcf76de3) bltu    a4, a5, pc - 38
core   0: 3 0x000000008000fee4 (0xfcf76de3)
core   0: 0x000000008000febe (0xfe043783) ld      a5, -32(s0)
core   0: 3 0x000000008000febe (0xfe043783) x15 0x000000008001204b mem 0x0000000080031f50
core   0: 0x000000008000fec2 (0x00178713) addi    a4, a5, 1
core   0: 3 0x000000008000fec2 (0x00178713) x14 0x000000008001204c
core   0: 0x000000008000fec6 (0xfee43023) sd      a4, -32(s0)
core   0: 3 0x000000008000fec6 (0xfee43023) mem 0x0000000080031f50 0x000000008001204c
core   0: 0x000000008000feca (0xfc442703) lw      a4, -60(s0)
core   0: 3 0x000000008000feca (0xfc442703) x14 0x0000000000000000 mem 0x0000000080031f34
core   0: 0x000000008000fece (0x0ff77713) andi    a4, a4, 255
core   0: 3 0x000000008000fece (0x0ff77713) x14 0x0000000000000000
core   0: 0x000000008000fed2 (0x00e78023) sb      a4, 0(a5)
core   0: 3 0x000000008000fed2 (0x00e78023) mem 0x000000008001204b 0x00
core   0: 0x000000008000fed6 (0xfc843703) ld      a4, -56(s0)
core   0: 3 0x000000008000fed6 (0xfc843703) x14 0x0000000080012040 mem 0x0000000080031f38
core   0: 0x000000008000feda (0xfb843783) ld      a5, -72(s0)
core   0: 3 0x000000008000feda (0xfb843783) x15 0x000000000000009c mem 0x0000000080031f28
core   0: 0x000000008000fede (0x000097ba) c.add   a5, a4
core   0: 3 0x000000008000fede (0x97ba) x15 0x00000000800120dc
core   0: 0x000000008000fee0 (0xfe043703) ld      a4, -32(s0)
core   0: 3 0x000000008000fee0 (0xfe043703) x14 0x000000008001204c mem 0x0000000080031f50
core   0: 0x000000008000fee4 (0xfcf76de3) bltu    a4, a5, pc - 38
core   0: 3 0x000000008000fee4 (0xfcf76de3)
core   0: 0x000000008000febe (0xfe043783) ld      a5, -32(s0)
core   0: 3 0x000000008000febe (0xfe043783) x15 0x000000008001204c mem 0x0000000080031f50
core   0: 0x000000008000fec2 (0x00178713) addi    a4, a5, 1
core   0: 3 0x000000008000fec2 (0x00178713) x14 0x000000008001204d
core   0: 0x000000008000fec6 (0xfee43023) sd      a4, -32(s0)
core   0: 3 0x000000008000fec6 (0xfee43023) mem 0x0000000080031f50 0x000000008001204d
core   0: 0x000000008000feca (0xfc442703) lw      a4, -60(s0)
core   0: 3 0x000000008000feca (0xfc442703) x14 0x0000000000000000 mem 0x0000000080031f34
core   0: 0x000000008000fece (0x0ff77713) andi    a4, a4, 255
core   0: 3 0x000000008000fece (0x0ff77713) x14 0x0000000000000000
core   0: 0x000000008000fed2 (0x00e78023) sb      a4, 0(a5)
core   0: 3 0x000000008000fed2 (0x00e78023) mem 0x000000008001204c 0x00
core   0: 0x000000008000fed6 (0xfc843703) ld      a4, -56(s0)
core   0: 3 0x000000008000fed6 (0xfc843703) x14 0x0000000080012040 mem 0x0000000080031f38
core   0: 0x000000008000feda (0xfb843783) ld      a5, -72(s0)
core   0: 3 0x000000008000feda (0xfb843783) x15 0x000000000000009c mem 0x0000000080031f28
core   0: 0x000000008000fede (0x000097ba) c.add   a5, a4
core   0: 3 0x000000008000fede (0x97ba) x15 0x00000000800120dc
core   0: 0x000000008000fee0 (0xfe043703) ld      a4, -32(s0)
core   0: 3 0x000000008000fee0 (0xfe043703) x14 0x000000008001204d mem 0x0000000080031f50
core   0: 0x000000008000fee4 (0xfcf76de3) bltu    a4, a5, pc - 38
core   0: 3 0x000000008000fee4 (0xfcf76de3)
core   0: 0x000000008000febe (0xfe043783) ld      a5, -32(s0)
core   0: 3 0x000000008000febe (0xfe043783) x15 0x000000008001204d mem 0x0000000080031f50
core   0: 0x000000008000fec2 (0x00178713) addi    a4, a5, 1
core   0: 3 0x000000008000fec2 (0x00178713) x14 0x000000008001204e
core   0: 0x000000008000fec6 (0xfee43023) sd      a4, -32(s0)
core   0: 3 0x000000008000fec6 (0xfee43023) mem 0x0000000080031f50 0x000000008001204e
core   0: 0x000000008000feca (0xfc442703) lw      a4, -60(s0)
core   0: 3 0x000000008000feca (0xfc442703) x14 0x0000000000000000 mem 0x0000000080031f34
core   0: 0x000000008000fece (0x0ff77713) andi    a4, a4, 255
core   0: 3 0x000000008000fece (0x0ff77713) x14 0x0000000000000000
core   0: 0x000000008000fed2 (0x00e78023) sb      a4, 0(a5)
core   0: 3 0x000000008000fed2 (0x00e78023) mem 0x000000008001204d 0x00
core   0: 0x000000008000fed6 (0xfc843703) ld      a4, -56(s0)
core   0: 3 0x000000008000fed6 (0xfc843703) x14 0x0000000080012040 mem 0x0000000080031f38
core   0: 0x000000008000feda (0xfb843783) ld      a5, -72(s0)
core   0: 3 0x000000008000feda (0xfb843783) x15 0x000000000000009c mem 0x0000000080031f28
core   0: 0x000000008000fede (0x000097ba) c.add   a5, a4
core   0: 3 0x000000008000fede (0x97ba) x15 0x00000000800120dc
core   0: 0x000000008000fee0 (0xfe043703) ld      a4, -32(s0)
core   0: 3 0x000000008000fee0 (0xfe043703) x14 0x000000008001204e mem 0x0000000080031f50
core   0: 0x000000008000fee4 (0xfcf76de3) bltu    a4, a5, pc - 38
core   0: 3 0x000000008000fee4 (0xfcf76de3)
core   0: 0x000000008000febe (0xfe043783) ld      a5, -32(s0)
core   0: 3 0x000000008000febe (0xfe043783) x15 0x000000008001204e mem 0x0000000080031f50
core   0: 0x000000008000fec2 (0x00178713) addi    a4, a5, 1
core   0: 3 0x000000008000fec2 (0x00178713) x14 0x000000008001204f
core   0: 0x000000008000fec6 (0xfee43023) sd      a4, -32(s0)
core   0: 3 0x000000008000fec6 (0xfee43023) mem 0x0000000080031f50 0x000000008001204f
core   0: 0x000000008000feca (0xfc442703) lw      a4, -60(s0)
core   0: 3 0x000000008000feca (0xfc442703) x14 0x0000000000000000 mem 0x0000000080031f34
core   0: 0x000000008000fece (0x0ff77713) andi    a4, a4, 255
core   0: 3 0x000000008000fece (0x0ff77713) x14 0x0000000000000000
core   0: 0x000000008000fed2 (0x00e78023) sb      a4, 0(a5)
core   0: 3 0x000000008000fed2 (0x00e78023) mem 0x000000008001204e 0x00
core   0: 0x000000008000fed6 (0xfc843703) ld      a4, -56(s0)
core   0: 3 0x000000008000fed6 (0xfc843703) x14 0x0000000080012040 mem 0x0000000080031f38
core   0: 0x000000008000feda (0xfb843783) ld      a5, -72(s0)
core   0: 3 0x000000008000feda (0xfb843783) x15 0x000000000000009c mem 0x0000000080031f28
core   0: 0x000000008000fede (0x000097ba) c.add   a5, a4
core   0: 3 0x000000008000fede (0x97ba) x15 0x00000000800120dc
core   0: 0x000000008000fee0 (0xfe043703) ld      a4, -32(s0)
core   0: 3 0x000000008000fee0 (0xfe043703) x14 0x000000008001204f mem 0x0000000080031f50
core   0: 0x000000008000fee4 (0xfcf76de3) bltu    a4, a5, pc - 38
core   0: 3 0x000000008000fee4 (0xfcf76de3)
core   0: 0x000000008000febe (0xfe043783) ld      a5, -32(s0)
core   0: 3 0x000000008000febe (0xfe043783) x15 0x000000008001204f mem 0x0000000080031f50
core   0: 0x000000008000fec2 (0x00178713) addi    a4, a5, 1
core   0: 3 0x000000008000fec2 (0x00178713) x14 0x0000000080012050
core   0: 0x000000008000fec6 (0xfee43023) sd      a4, -32(s0)
core   0: 3 0x000000008000fec6 (0xfee43023) mem 0x0000000080031f50 0x0000000080012050
core   0: 0x000000008000feca (0xfc442703) lw      a4, -60(s0)
core   0: 3 0x000000008000feca (0xfc442703) x14 0x0000000000000000 mem 0x0000000080031f34
core   0: 0x000000008000fece (0x0ff77713) andi    a4, a4, 255
core   0: 3 0x000000008000fece (0x0ff77713) x14 0x0000000000000000
core   0: 0x000000008000fed2 (0x00e78023) sb      a4, 0(a5)
core   0: 3 0x000000008000fed2 (0x00e78023) mem 0x000000008001204f 0x00
core   0: 0x000000008000fed6 (0xfc843703) ld      a4, -56(s0)
core   0: 3 0x000000008000fed6 (0xfc843703) x14 0x0000000080012040 mem 0x0000000080031f38
core   0: 0x000000008000feda (0xfb843783) ld      a5, -72(s0)
core   0: 3 0x000000008000feda (0xfb843783) x15 0x000000000000009c mem 0x0000000080031f28
core   0: 0x000000008000fede (0x000097ba) c.add   a5, a4
core   0: 3 0x000000008000fede (0x97ba) x15 0x00000000800120dc
core   0: 0x000000008000fee0 (0xfe043703) ld      a4, -32(s0)
core   0: 3 0x000000008000fee0 (0xfe043703) x14 0x0000000080012050 mem 0x0000000080031f50
core   0: 0x000000008000fee4 (0xfcf76de3) bltu    a4, a5, pc - 38
core   0: 3 0x000000008000fee4 (0xfcf76de3)
core   0: 0x000000008000febe (0xfe043783) ld      a5, -32(s0)
core   0: 3 0x000000008000febe (0xfe043783) x15 0x0000000080012050 mem 0x0000000080031f50
core   0: 0x000000008000fec2 (0x00178713) addi    a4, a5, 1
core   0: 3 0x000000008000fec2 (0x00178713) x14 0x0000000080012051
core   0: 0x000000008000fec6 (0xfee43023) sd      a4, -32(s0)
core   0: 3 0x000000008000fec6 (0xfee43023) mem 0x0000000080031f50 0x0000000080012051
core   0: 0x000000008000feca (0xfc442703) lw      a4, -60(s0)
core   0: 3 0x000000008000feca (0xfc442703) x14 0x0000000000000000 mem 0x0000000080031f34
core   0: 0x000000008000fece (0x0ff77713) andi    a4, a4, 255
core   0: 3 0x000000008000fece (0x0ff77713) x14 0x0000000000000000
core   0: 0x000000008000fed2 (0x00e78023) sb      a4, 0(a5)
core   0: 3 0x000000008000fed2 (0x00e78023) mem 0x0000000080012050 0x00
core   0: 0x000000008000fed6 (0xfc843703) ld      a4, -56(s0)
core   0: 3 0x000000008000fed6 (0xfc843703) x14 0x0000000080012040 mem 0x0000000080031f38
core   0: 0x000000008000feda (0xfb843783) ld      a5, -72(s0)
core   0: 3 0x000000008000feda (0xfb843783) x15 0x000000000000009c mem 0x0000000080031f28
core   0: 0x000000008000fede (0x000097ba) c.add   a5, a4
core   0: 3 0x000000008000fede (0x97ba) x15 0x00000000800120dc
core   0: 0x000000008000fee0 (0xfe043703) ld      a4, -32(s0)
core   0: 3 0x000000008000fee0 (0xfe043703) x14 0x0000000080012051 mem 0x0000000080031f50
core   0: 0x000000008000fee4 (0xfcf76de3) bltu    a4, a5, pc - 38
core   0: 3 0x000000008000fee4 (0xfcf76de3)
core   0: 0x000000008000febe (0xfe043783) ld      a5, -32(s0)
core   0: 3 0x000000008000febe (0xfe043783) x15 0x0000000080012051 mem 0x0000000080031f50
core   0: 0x000000008000fec2 (0x00178713) addi    a4, a5, 1
core   0: 3 0x000000008000fec2 (0x00178713) x14 0x0000000080012052
core   0: 0x000000008000fec6 (0xfee43023) sd      a4, -32(s0)
core   0: 3 0x000000008000fec6 (0xfee43023) mem 0x0000000080031f50 0x0000000080012052
core   0: 0x000000008000feca (0xfc442703) lw      a4, -60(s0)
core   0: 3 0x000000008000feca (0xfc442703) x14 0x0000000000000000 mem 0x0000000080031f34
core   0: 0x000000008000fece (0x0ff77713) andi    a4, a4, 255
core   0: 3 0x000000008000fece (0x0ff77713) x14 0x0000000000000000
core   0: 0x000000008000fed2 (0x00e78023) sb      a4, 0(a5)
core   0: 3 0x000000008000fed2 (0x00e78023) mem 0x0000000080012051 0x00
core   0: 0x000000008000fed6 (0xfc843703) ld      a4, -56(s0)
core   0: 3 0x000000008000fed6 (0xfc843703) x14 0x0000000080012040 mem 0x0000000080031f38
core   0: 0x000000008000feda (0xfb843783) ld      a5, -72(s0)
core   0: 3 0x000000008000feda (0xfb843783) x15 0x000000000000009c mem 0x0000000080031f28
core   0: 0x000000008000fede (0x000097ba) c.add   a5, a4
core   0: 3 0x000000008000fede (0x97ba) x15 0x00000000800120dc
core   0: 0x000000008000fee0 (0xfe043703) ld      a4, -32(s0)
core   0: 3 0x000000008000fee0 (0xfe043703) x14 0x0000000080012052 mem 0x0000000080031f50
core   0: 0x000000008000fee4 (0xfcf76de3) bltu    a4, a5, pc - 38
core   0: 3 0x000000008000fee4 (0xfcf76de3)
core   0: 0x000000008000febe (0xfe043783) ld      a5, -32(s0)
core   0: 3 0x000000008000febe (0xfe043783) x15 0x0000000080012052 mem 0x0000000080031f50
core   0: 0x000000008000fec2 (0x00178713) addi    a4, a5, 1
core   0: 3 0x000000008000fec2 (0x00178713) x14 0x0000000080012053
core   0: 0x000000008000fec6 (0xfee43023) sd      a4, -32(s0)
core   0: 3 0x000000008000fec6 (0xfee43023) mem 0x0000000080031f50 0x0000000080012053
core   0: 0x000000008000feca (0xfc442703) lw      a4, -60(s0)
core   0: 3 0x000000008000feca (0xfc442703) x14 0x0000000000000000 mem 0x0000000080031f34
core   0: 0x000000008000fece (0x0ff77713) andi    a4, a4, 255
core   0: 3 0x000000008000fece (0x0ff77713) x14 0x0000000000000000
core   0: 0x000000008000fed2 (0x00e78023) sb      a4, 0(a5)
core   0: 3 0x000000008000fed2 (0x00e78023) mem 0x0000000080012052 0x00
core   0: 0x000000008000fed6 (0xfc843703) ld      a4, -56(s0)
core   0: 3 0x000000008000fed6 (0xfc843703) x14 0x0000000080012040 mem 0x0000000080031f38
core   0: 0x000000008000feda (0xfb843783) ld      a5, -72(s0)
core   0: 3 0x000000008000feda (0xfb843783) x15 0x000000000000009c mem 0x0000000080031f28
core   0: 0x000000008000fede (0x000097ba) c.add   a5, a4
core   0: 3 0x000000008000fede (0x97ba) x15 0x00000000800120dc
core   0: 0x000000008000fee0 (0xfe043703) ld      a4, -32(s0)
core   0: 3 0x000000008000fee0 (0xfe043703) x14 0x0000000080012053 mem 0x0000000080031f50
core   0: 0x000000008000fee4 (0xfcf76de3) bltu    a4, a5, pc - 38
core   0: 3 0x000000008000fee4 (0xfcf76de3)
core   0: 0x000000008000febe (0xfe043783) ld      a5, -32(s0)
core   0: 3 0x000000008000febe (0xfe043783) x15 0x0000000080012053 mem 0x0000000080031f50
core   0: 0x000000008000fec2 (0x00178713) addi    a4, a5, 1
core   0: 3 0x000000008000fec2 (0x00178713) x14 0x0000000080012054
core   0: 0x000000008000fec6 (0xfee43023) sd      a4, -32(s0)
core   0: 3 0x000000008000fec6 (0xfee43023) mem 0x0000000080031f50 0x0000000080012054
core   0: 0x000000008000feca (0xfc442703) lw      a4, -60(s0)
core   0: 3 0x000000008000feca (0xfc442703) x14 0x0000000000000000 mem 0x0000000080031f34
core   0: 0x000000008000fece (0x0ff77713) andi    a4, a4, 255
core   0: 3 0x000000008000fece (0x0ff77713) x14 0x0000000000000000
core   0: 0x000000008000fed2 (0x00e78023) sb      a4, 0(a5)
core   0: 3 0x000000008000fed2 (0x00e78023) mem 0x0000000080012053 0x00
core   0: 0x000000008000fed6 (0xfc843703) ld      a4, -56(s0)
core   0: 3 0x000000008000fed6 (0xfc843703) x14 0x0000000080012040 mem 0x0000000080031f38
core   0: 0x000000008000feda (0xfb843783) ld      a5, -72(s0)
core   0: 3 0x000000008000feda (0xfb843783) x15 0x000000000000009c mem 0x0000000080031f28
core   0: 0x000000008000fede (0x000097ba) c.add   a5, a4
core   0: 3 0x000000008000fede (0x97ba) x15 0x00000000800120dc
core   0: 0x000000008000fee0 (0xfe043703) ld      a4, -32(s0)
core   0: 3 0x000000008000fee0 (0xfe043703) x14 0x0000000080012054 mem 0x0000000080031f50
core   0: 0x000000008000fee4 (0xfcf76de3) bltu    a4, a5, pc - 38
core   0: 3 0x000000008000fee4 (0xfcf76de3)
core   0: 0x000000008000febe (0xfe043783) ld      a5, -32(s0)
core   0: 3 0x000000008000febe (0xfe043783) x15 0x0000000080012054 mem 0x0000000080031f50
core   0: 0x000000008000fec2 (0x00178713) addi    a4, a5, 1
core   0: 3 0x000000008000fec2 (0x00178713) x14 0x0000000080012055
core   0: 0x000000008000fec6 (0xfee43023) sd      a4, -32(s0)
core   0: 3 0x000000008000fec6 (0xfee43023) mem 0x0000000080031f50 0x0000000080012055
core   0: 0x000000008000feca (0xfc442703) lw      a4, -60(s0)
core   0: 3 0x000000008000feca (0xfc442703) x14 0x0000000000000000 mem 0x0000000080031f34
core   0: 0x000000008000fece (0x0ff77713) andi    a4, a4, 255
core   0: 3 0x000000008000fece (0x0ff77713) x14 0x0000000000000000
core   0: 0x000000008000fed2 (0x00e78023) sb      a4, 0(a5)
core   0: 3 0x000000008000fed2 (0x00e78023) mem 0x0000000080012054 0x00
core   0: 0x000000008000fed6 (0xfc843703) ld      a4, -56(s0)
core   0: 3 0x000000008000fed6 (0xfc843703) x14 0x0000000080012040 mem 0x0000000080031f38
core   0: 0x000000008000feda (0xfb843783) ld      a5, -72(s0)
core   0: 3 0x000000008000feda (0xfb843783) x15 0x000000000000009c mem 0x0000000080031f28
core   0: 0x000000008000fede (0x000097ba) c.add   a5, a4
core   0: 3 0x000000008000fede (0x97ba) x15 0x00000000800120dc
core   0: 0x000000008000fee0 (0xfe043703) ld      a4, -32(s0)
core   0: 3 0x000000008000fee0 (0xfe043703) x14 0x0000000080012055 mem 0x0000000080031f50
core   0: 0x000000008000fee4 (0xfcf76de3) bltu    a4, a5, pc - 38
core   0: 3 0x000000008000fee4 (0xfcf76de3)
core   0: 0x000000008000febe (0xfe043783) ld      a5, -32(s0)
core   0: 3 0x000000008000febe (0xfe043783) x15 0x0000000080012055 mem 0x0000000080031f50
core   0: 0x000000008000fec2 (0x00178713) addi    a4, a5, 1
core   0: 3 0x000000008000fec2 (0x00178713) x14 0x0000000080012056
core   0: 0x000000008000fec6 (0xfee43023) sd      a4, -32(s0)
core   0: 3 0x000000008000fec6 (0xfee43023) mem 0x0000000080031f50 0x0000000080012056
core   0: 0x000000008000feca (0xfc442703) lw      a4, -60(s0)
core   0: 3 0x000000008000feca (0xfc442703) x14 0x0000000000000000 mem 0x0000000080031f34
core   0: 0x000000008000fece (0x0ff77713) andi    a4, a4, 255
core   0: 3 0x000000008000fece (0x0ff77713) x14 0x0000000000000000
core   0: 0x000000008000fed2 (0x00e78023) sb      a4, 0(a5)
core   0: 3 0x000000008000fed2 (0x00e78023) mem 0x0000000080012055 0x00
core   0: 0x000000008000fed6 (0xfc843703) ld      a4, -56(s0)
core   0: 3 0x000000008000fed6 (0xfc843703) x14 0x0000000080012040 mem 0x0000000080031f38
core   0: 0x000000008000feda (0xfb843783) ld      a5, -72(s0)
core   0: 3 0x000000008000feda (0xfb843783) x15 0x000000000000009c mem 0x0000000080031f28
core   0: 0x000000008000fede (0x000097ba) c.add   a5, a4
core   0: 3 0x000000008000fede (0x97ba) x15 0x00000000800120dc
core   0: 0x000000008000fee0 (0xfe043703) ld      a4, -32(s0)
core   0: 3 0x000000008000fee0 (0xfe043703) x14 0x0000000080012056 mem 0x0000000080031f50
core   0: 0x000000008000fee4 (0xfcf76de3) bltu    a4, a5, pc - 38
core   0: 3 0x000000008000fee4 (0xfcf76de3)
core   0: 0x000000008000febe (0xfe043783) ld      a5, -32(s0)
core   0: 3 0x000000008000febe (0xfe043783) x15 0x0000000080012056 mem 0x0000000080031f50
core   0: 0x000000008000fec2 (0x00178713) addi    a4, a5, 1
core   0: 3 0x000000008000fec2 (0x00178713) x14 0x0000000080012057
core   0: 0x000000008000fec6 (0xfee43023) sd      a4, -32(s0)
core   0: 3 0x000000008000fec6 (0xfee43023) mem 0x0000000080031f50 0x0000000080012057
core   0: 0x000000008000feca (0xfc442703) lw      a4, -60(s0)
core   0: 3 0x000000008000feca (0xfc442703) x14 0x0000000000000000 mem 0x0000000080031f34
core   0: 0x000000008000fece (0x0ff77713) andi    a4, a4, 255
core   0: 3 0x000000008000fece (0x0ff77713) x14 0x0000000000000000
core   0: 0x000000008000fed2 (0x00e78023) sb      a4, 0(a5)
core   0: 3 0x000000008000fed2 (0x00e78023) mem 0x0000000080012056 0x00
core   0: 0x000000008000fed6 (0xfc843703) ld      a4, -56(s0)
core   0: 3 0x000000008000fed6 (0xfc843703) x14 0x0000000080012040 mem 0x0000000080031f38
core   0: 0x000000008000feda (0xfb843783) ld      a5, -72(s0)
core   0: 3 0x000000008000feda (0xfb843783) x15 0x000000000000009c mem 0x0000000080031f28
core   0: 0x000000008000fede (0x000097ba) c.add   a5, a4
core   0: 3 0x000000008000fede (0x97ba) x15 0x00000000800120dc
core   0: 0x000000008000fee0 (0xfe043703) ld      a4, -32(s0)
core   0: 3 0x000000008000fee0 (0xfe043703) x14 0x0000000080012057 mem 0x0000000080031f50
core   0: 0x000000008000fee4 (0xfcf76de3) bltu    a4, a5, pc - 38
core   0: 3 0x000000008000fee4 (0xfcf76de3)
core   0: 0x000000008000febe (0xfe043783) ld      a5, -32(s0)
core   0: 3 0x000000008000febe (0xfe043783) x15 0x0000000080012057 mem 0x0000000080031f50
core   0: 0x000000008000fec2 (0x00178713) addi    a4, a5, 1
core   0: 3 0x000000008000fec2 (0x00178713) x14 0x0000000080012058
core   0: 0x000000008000fec6 (0xfee43023) sd      a4, -32(s0)
core   0: 3 0x000000008000fec6 (0xfee43023) mem 0x0000000080031f50 0x0000000080012058
core   0: 0x000000008000feca (0xfc442703) lw      a4, -60(s0)
core   0: 3 0x000000008000feca (0xfc442703) x14 0x0000000000000000 mem 0x0000000080031f34
core   0: 0x000000008000fece (0x0ff77713) andi    a4, a4, 255
core   0: 3 0x000000008000fece (0x0ff77713) x14 0x0000000000000000
core   0: 0x000000008000fed2 (0x00e78023) sb      a4, 0(a5)
core   0: 3 0x000000008000fed2 (0x00e78023) mem 0x0000000080012057 0x00
core   0: 0x000000008000fed6 (0xfc843703) ld      a4, -56(s0)
core   0: 3 0x000000008000fed6 (0xfc843703) x14 0x0000000080012040 mem 0x0000000080031f38
core   0: 0x000000008000feda (0xfb843783) ld      a5, -72(s0)
core   0: 3 0x000000008000feda (0xfb843783) x15 0x000000000000009c mem 0x0000000080031f28
core   0: 0x000000008000fede (0x000097ba) c.add   a5, a4
core   0: 3 0x000000008000fede (0x97ba) x15 0x00000000800120dc
core   0: 0x000000008000fee0 (0xfe043703) ld      a4, -32(s0)
core   0: 3 0x000000008000fee0 (0xfe043703) x14 0x0000000080012058 mem 0x0000000080031f50
core   0: 0x000000008000fee4 (0xfcf76de3) bltu    a4, a5, pc - 38
core   0: 3 0x000000008000fee4 (0xfcf76de3)
core   0: 0x000000008000febe (0xfe043783) ld      a5, -32(s0)
core   0: 3 0x000000008000febe (0xfe043783) x15 0x0000000080012058 mem 0x0000000080031f50
core   0: 0x000000008000fec2 (0x00178713) addi    a4, a5, 1
core   0: 3 0x000000008000fec2 (0x00178713) x14 0x0000000080012059
core   0: 0x000000008000fec6 (0xfee43023) sd      a4, -32(s0)
core   0: 3 0x000000008000fec6 (0xfee43023) mem 0x0000000080031f50 0x0000000080012059
core   0: 0x000000008000feca (0xfc442703) lw      a4, -60(s0)
core   0: 3 0x000000008000feca (0xfc442703) x14 0x0000000000000000 mem 0x0000000080031f34
core   0: 0x000000008000fece (0x0ff77713) andi    a4, a4, 255
core   0: 3 0x000000008000fece (0x0ff77713) x14 0x0000000000000000
core   0: 0x000000008000fed2 (0x00e78023) sb      a4, 0(a5)
core   0: 3 0x000000008000fed2 (0x00e78023) mem 0x0000000080012058 0x00
core   0: 0x000000008000fed6 (0xfc843703) ld      a4, -56(s0)
core   0: 3 0x000000008000fed6 (0xfc843703) x14 0x0000000080012040 mem 0x0000000080031f38
core   0: 0x000000008000feda (0xfb843783) ld      a5, -72(s0)
core   0: 3 0x000000008000feda (0xfb843783) x15 0x000000000000009c mem 0x0000000080031f28
core   0: 0x000000008000fede (0x000097ba) c.add   a5, a4
core   0: 3 0x000000008000fede (0x97ba) x15 0x00000000800120dc
core   0: 0x000000008000fee0 (0xfe043703) ld      a4, -32(s0)
core   0: 3 0x000000008000fee0 (0xfe043703) x14 0x0000000080012059 mem 0x0000000080031f50
core   0: 0x000000008000fee4 (0xfcf76de3) bltu    a4, a5, pc - 38
core   0: 3 0x000000008000fee4 (0xfcf76de3)
core   0: 0x000000008000febe (0xfe043783) ld      a5, -32(s0)
core   0: 3 0x000000008000febe (0xfe043783) x15 0x0000000080012059 mem 0x0000000080031f50
core   0: 0x000000008000fec2 (0x00178713) addi    a4, a5, 1
core   0: 3 0x000000008000fec2 (0x00178713) x14 0x000000008001205a
core   0: 0x000000008000fec6 (0xfee43023) sd      a4, -32(s0)
core   0: 3 0x000000008000fec6 (0xfee43023) mem 0x0000000080031f50 0x000000008001205a
core   0: 0x000000008000feca (0xfc442703) lw      a4, -60(s0)
core   0: 3 0x000000008000feca (0xfc442703) x14 0x0000000000000000 mem 0x0000000080031f34
core   0: 0x000000008000fece (0x0ff77713) andi    a4, a4, 255
core   0: 3 0x000000008000fece (0x0ff77713) x14 0x0000000000000000
core   0: 0x000000008000fed2 (0x00e78023) sb      a4, 0(a5)
core   0: 3 0x000000008000fed2 (0x00e78023) mem 0x0000000080012059 0x00
core   0: 0x000000008000fed6 (0xfc843703) ld      a4, -56(s0)
core   0: 3 0x000000008000fed6 (0xfc843703) x14 0x0000000080012040 mem 0x0000000080031f38
core   0: 0x000000008000feda (0xfb843783) ld      a5, -72(s0)
core   0: 3 0x000000008000feda (0xfb843783) x15 0x000000000000009c mem 0x0000000080031f28
core   0: 0x000000008000fede (0x000097ba) c.add   a5, a4
core   0: 3 0x000000008000fede (0x97ba) x15 0x00000000800120dc
core   0: 0x000000008000fee0 (0xfe043703) ld      a4, -32(s0)
core   0: 3 0x000000008000fee0 (0xfe043703) x14 0x000000008001205a mem 0x0000000080031f50
core   0: 0x000000008000fee4 (0xfcf76de3) bltu    a4, a5, pc - 38
core   0: 3 0x000000008000fee4 (0xfcf76de3)
core   0: 0x000000008000febe (0xfe043783) ld      a5, -32(s0)
core   0: 3 0x000000008000febe (0xfe043783) x15 0x000000008001205a mem 0x0000000080031f50
core   0: 0x000000008000fec2 (0x00178713) addi    a4, a5, 1
core   0: 3 0x000000008000fec2 (0x00178713) x14 0x000000008001205b
core   0: 0x000000008000fec6 (0xfee43023) sd      a4, -32(s0)
core   0: 3 0x000000008000fec6 (0xfee43023) mem 0x0000000080031f50 0x000000008001205b
core   0: 0x000000008000feca (0xfc442703) lw      a4, -60(s0)
core   0: 3 0x000000008000feca (0xfc442703) x14 0x0000000000000000 mem 0x0000000080031f34
core   0: 0x000000008000fece (0x0ff77713) andi    a4, a4, 255
core   0: 3 0x000000008000fece (0x0ff77713) x14 0x0000000000000000
core   0: 0x000000008000fed2 (0x00e78023) sb      a4, 0(a5)
core   0: 3 0x000000008000fed2 (0x00e78023) mem 0x000000008001205a 0x00
core   0: 0x000000008000fed6 (0xfc843703) ld      a4, -56(s0)
core   0: 3 0x000000008000fed6 (0xfc843703) x14 0x0000000080012040 mem 0x0000000080031f38
core   0: 0x000000008000feda (0xfb843783) ld      a5, -72(s0)
core   0: 3 0x000000008000feda (0xfb843783) x15 0x000000000000009c mem 0x0000000080031f28
core   0: 0x000000008000fede (0x000097ba) c.add   a5, a4
core   0: 3 0x000000008000fede (0x97ba) x15 0x00000000800120dc
core   0: 0x000000008000fee0 (0xfe043703) ld      a4, -32(s0)
core   0: 3 0x000000008000fee0 (0xfe043703) x14 0x000000008001205b mem 0x0000000080031f50
core   0: 0x000000008000fee4 (0xfcf76de3) bltu    a4, a5, pc - 38
core   0: 3 0x000000008000fee4 (0xfcf76de3)
core   0: 0x000000008000febe (0xfe043783) ld      a5, -32(s0)
core   0: 3 0x000000008000febe (0xfe043783) x15 0x000000008001205b mem 0x0000000080031f50
core   0: 0x000000008000fec2 (0x00178713) addi    a4, a5, 1
core   0: 3 0x000000008000fec2 (0x00178713) x14 0x000000008001205c
core   0: 0x000000008000fec6 (0xfee43023) sd      a4, -32(s0)
core   0: 3 0x000000008000fec6 (0xfee43023) mem 0x0000000080031f50 0x000000008001205c
core   0: 0x000000008000feca (0xfc442703) lw      a4, -60(s0)
core   0: 3 0x000000008000feca (0xfc442703) x14 0x0000000000000000 mem 0x0000000080031f34
core   0: 0x000000008000fece (0x0ff77713) andi    a4, a4, 255
core   0: 3 0x000000008000fece (0x0ff77713) x14 0x0000000000000000
core   0: 0x000000008000fed2 (0x00e78023) sb      a4, 0(a5)
core   0: 3 0x000000008000fed2 (0x00e78023) mem 0x000000008001205b 0x00
core   0: 0x000000008000fed6 (0xfc843703) ld      a4, -56(s0)
core   0: 3 0x000000008000fed6 (0xfc843703) x14 0x0000000080012040 mem 0x0000000080031f38
core   0: 0x000000008000feda (0xfb843783) ld      a5, -72(s0)
core   0: 3 0x000000008000feda (0xfb843783) x15 0x000000000000009c mem 0x0000000080031f28
core   0: 0x000000008000fede (0x000097ba) c.add   a5, a4
core   0: 3 0x000000008000fede (0x97ba) x15 0x00000000800120dc
core   0: 0x000000008000fee0 (0xfe043703) ld      a4, -32(s0)
core   0: 3 0x000000008000fee0 (0xfe043703) x14 0x000000008001205c mem 0x0000000080031f50
core   0: 0x000000008000fee4 (0xfcf76de3) bltu    a4, a5, pc - 38
core   0: 3 0x000000008000fee4 (0xfcf76de3)
core   0: 0x000000008000febe (0xfe043783) ld      a5, -32(s0)
core   0: 3 0x000000008000febe (0xfe043783) x15 0x000000008001205c mem 0x0000000080031f50
core   0: 0x000000008000fec2 (0x00178713) addi    a4, a5, 1
core   0: 3 0x000000008000fec2 (0x00178713) x14 0x000000008001205d
core   0: 0x000000008000fec6 (0xfee43023) sd      a4, -32(s0)
core   0: 3 0x000000008000fec6 (0xfee43023) mem 0x0000000080031f50 0x000000008001205d
core   0: 0x000000008000feca (0xfc442703) lw      a4, -60(s0)
core   0: 3 0x000000008000feca (0xfc442703) x14 0x0000000000000000 mem 0x0000000080031f34
core   0: 0x000000008000fece (0x0ff77713) andi    a4, a4, 255
core   0: 3 0x000000008000fece (0x0ff77713) x14 0x0000000000000000
core   0: 0x000000008000fed2 (0x00e78023) sb      a4, 0(a5)
core   0: 3 0x000000008000fed2 (0x00e78023) mem 0x000000008001205c 0x00
core   0: 0x000000008000fed6 (0xfc843703) ld      a4, -56(s0)
core   0: 3 0x000000008000fed6 (0xfc843703) x14 0x0000000080012040 mem 0x0000000080031f38
core   0: 0x000000008000feda (0xfb843783) ld      a5, -72(s0)
core   0: 3 0x000000008000feda (0xfb843783) x15 0x000000000000009c mem 0x0000000080031f28
core   0: 0x000000008000fede (0x000097ba) c.add   a5, a4
core   0: 3 0x000000008000fede (0x97ba) x15 0x00000000800120dc
core   0: 0x000000008000fee0 (0xfe043703) ld      a4, -32(s0)
core   0: 3 0x000000008000fee0 (0xfe043703) x14 0x000000008001205d mem 0x0000000080031f50
core   0: 0x000000008000fee4 (0xfcf76de3) bltu    a4, a5, pc - 38
core   0: 3 0x000000008000fee4 (0xfcf76de3)
core   0: 0x000000008000febe (0xfe043783) ld      a5, -32(s0)
core   0: 3 0x000000008000febe (0xfe043783) x15 0x000000008001205d mem 0x0000000080031f50
core   0: 0x000000008000fec2 (0x00178713) addi    a4, a5, 1
core   0: 3 0x000000008000fec2 (0x00178713) x14 0x000000008001205e
core   0: 0x000000008000fec6 (0xfee43023) sd      a4, -32(s0)
core   0: 3 0x000000008000fec6 (0xfee43023) mem 0x0000000080031f50 0x000000008001205e
core   0: 0x000000008000feca (0xfc442703) lw      a4, -60(s0)
core   0: 3 0x000000008000feca (0xfc442703) x14 0x0000000000000000 mem 0x0000000080031f34
core   0: 0x000000008000fece (0x0ff77713) andi    a4, a4, 255
core   0: 3 0x000000008000fece (0x0ff77713) x14 0x0000000000000000
core   0: 0x000000008000fed2 (0x00e78023) sb      a4, 0(a5)
core   0: 3 0x000000008000fed2 (0x00e78023) mem 0x000000008001205d 0x00
core   0: 0x000000008000fed6 (0xfc843703) ld      a4, -56(s0)
core   0: 3 0x000000008000fed6 (0xfc843703) x14 0x0000000080012040 mem 0x0000000080031f38
core   0: 0x000000008000feda (0xfb843783) ld      a5, -72(s0)
core   0: 3 0x000000008000feda (0xfb843783) x15 0x000000000000009c mem 0x0000000080031f28
core   0: 0x000000008000fede (0x000097ba) c.add   a5, a4
core   0: 3 0x000000008000fede (0x97ba) x15 0x00000000800120dc
core   0: 0x000000008000fee0 (0xfe043703) ld      a4, -32(s0)
core   0: 3 0x000000008000fee0 (0xfe043703) x14 0x000000008001205e mem 0x0000000080031f50
core   0: 0x000000008000fee4 (0xfcf76de3) bltu    a4, a5, pc - 38
core   0: 3 0x000000008000fee4 (0xfcf76de3)
core   0: 0x000000008000febe (0xfe043783) ld      a5, -32(s0)
core   0: 3 0x000000008000febe (0xfe043783) x15 0x000000008001205e mem 0x0000000080031f50
core   0: 0x000000008000fec2 (0x00178713) addi    a4, a5, 1
core   0: 3 0x000000008000fec2 (0x00178713) x14 0x000000008001205f
core   0: 0x000000008000fec6 (0xfee43023) sd      a4, -32(s0)
core   0: 3 0x000000008000fec6 (0xfee43023) mem 0x0000000080031f50 0x000000008001205f
core   0: 0x000000008000feca (0xfc442703) lw      a4, -60(s0)
core   0: 3 0x000000008000feca (0xfc442703) x14 0x0000000000000000 mem 0x0000000080031f34
core   0: 0x000000008000fece (0x0ff77713) andi    a4, a4, 255
core   0: 3 0x000000008000fece (0x0ff77713) x14 0x0000000000000000
core   0: 0x000000008000fed2 (0x00e78023) sb      a4, 0(a5)
core   0: 3 0x000000008000fed2 (0x00e78023) mem 0x000000008001205e 0x00
core   0: 0x000000008000fed6 (0xfc843703) ld      a4, -56(s0)
core   0: 3 0x000000008000fed6 (0xfc843703) x14 0x0000000080012040 mem 0x0000000080031f38
core   0: 0x000000008000feda (0xfb843783) ld      a5, -72(s0)
core   0: 3 0x000000008000feda (0xfb843783) x15 0x000000000000009c mem 0x0000000080031f28
core   0: 0x000000008000fede (0x000097ba) c.add   a5, a4
core   0: 3 0x000000008000fede (0x97ba) x15 0x00000000800120dc
core   0: 0x000000008000fee0 (0xfe043703) ld      a4, -32(s0)
core   0: 3 0x000000008000fee0 (0xfe043703) x14 0x000000008001205f mem 0x0000000080031f50
core   0: 0x000000008000fee4 (0xfcf76de3) bltu    a4, a5, pc - 38
core   0: 3 0x000000008000fee4 (0xfcf76de3)
core   0: 0x000000008000febe (0xfe043783) ld      a5, -32(s0)
core   0: 3 0x000000008000febe (0xfe043783) x15 0x000000008001205f mem 0x0000000080031f50
core   0: 0x000000008000fec2 (0x00178713) addi    a4, a5, 1
core   0: 3 0x000000008000fec2 (0x00178713) x14 0x0000000080012060
core   0: 0x000000008000fec6 (0xfee43023) sd      a4, -32(s0)
core   0: 3 0x000000008000fec6 (0xfee43023) mem 0x0000000080031f50 0x0000000080012060
core   0: 0x000000008000feca (0xfc442703) lw      a4, -60(s0)
core   0: 3 0x000000008000feca (0xfc442703) x14 0x0000000000000000 mem 0x0000000080031f34
core   0: 0x000000008000fece (0x0ff77713) andi    a4, a4, 255
core   0: 3 0x000000008000fece (0x0ff77713) x14 0x0000000000000000
core   0: 0x000000008000fed2 (0x00e78023) sb      a4, 0(a5)
core   0: 3 0x000000008000fed2 (0x00e78023) mem 0x000000008001205f 0x00
core   0: 0x000000008000fed6 (0xfc843703) ld      a4, -56(s0)
core   0: 3 0x000000008000fed6 (0xfc843703) x14 0x0000000080012040 mem 0x0000000080031f38
core   0: 0x000000008000feda (0xfb843783) ld      a5, -72(s0)
core   0: 3 0x000000008000feda (0xfb843783) x15 0x000000000000009c mem 0x0000000080031f28
core   0: 0x000000008000fede (0x000097ba) c.add   a5, a4
core   0: 3 0x000000008000fede (0x97ba) x15 0x00000000800120dc
core   0: 0x000000008000fee0 (0xfe043703) ld      a4, -32(s0)
core   0: 3 0x000000008000fee0 (0xfe043703) x14 0x0000000080012060 mem 0x0000000080031f50
core   0: 0x000000008000fee4 (0xfcf76de3) bltu    a4, a5, pc - 38
core   0: 3 0x000000008000fee4 (0xfcf76de3)
core   0: 0x000000008000febe (0xfe043783) ld      a5, -32(s0)
core   0: 3 0x000000008000febe (0xfe043783) x15 0x0000000080012060 mem 0x0000000080031f50
core   0: 0x000000008000fec2 (0x00178713) addi    a4, a5, 1
core   0: 3 0x000000008000fec2 (0x00178713) x14 0x0000000080012061
core   0: 0x000000008000fec6 (0xfee43023) sd      a4, -32(s0)
core   0: 3 0x000000008000fec6 (0xfee43023) mem 0x0000000080031f50 0x0000000080012061
core   0: 0x000000008000feca (0xfc442703) lw      a4, -60(s0)
core   0: 3 0x000000008000feca (0xfc442703) x14 0x0000000000000000 mem 0x0000000080031f34
core   0: 0x000000008000fece (0x0ff77713) andi    a4, a4, 255
core   0: 3 0x000000008000fece (0x0ff77713) x14 0x0000000000000000
core   0: 0x000000008000fed2 (0x00e78023) sb      a4, 0(a5)
core   0: 3 0x000000008000fed2 (0x00e78023) mem 0x0000000080012060 0x00
core   0: 0x000000008000fed6 (0xfc843703) ld      a4, -56(s0)
core   0: 3 0x000000008000fed6 (0xfc843703) x14 0x0000000080012040 mem 0x0000000080031f38
core   0: 0x000000008000feda (0xfb843783) ld      a5, -72(s0)
core   0: 3 0x000000008000feda (0xfb843783) x15 0x000000000000009c mem 0x0000000080031f28
core   0: 0x000000008000fede (0x000097ba) c.add   a5, a4
core   0: 3 0x000000008000fede (0x97ba) x15 0x00000000800120dc
core   0: 0x000000008000fee0 (0xfe043703) ld      a4, -32(s0)
core   0: 3 0x000000008000fee0 (0xfe043703) x14 0x0000000080012061 mem 0x0000000080031f50
core   0: 0x000000008000fee4 (0xfcf76de3) bltu    a4, a5, pc - 38
core   0: 3 0x000000008000fee4 (0xfcf76de3)
core   0: 0x000000008000febe (0xfe043783) ld      a5, -32(s0)
core   0: 3 0x000000008000febe (0xfe043783) x15 0x0000000080012061 mem 0x0000000080031f50
core   0: 0x000000008000fec2 (0x00178713) addi    a4, a5, 1
core   0: 3 0x000000008000fec2 (0x00178713) x14 0x0000000080012062
core   0: 0x000000008000fec6 (0xfee43023) sd      a4, -32(s0)
core   0: 3 0x000000008000fec6 (0xfee43023) mem 0x0000000080031f50 0x0000000080012062
core   0: 0x000000008000feca (0xfc442703) lw      a4, -60(s0)
core   0: 3 0x000000008000feca (0xfc442703) x14 0x0000000000000000 mem 0x0000000080031f34
core   0: 0x000000008000fece (0x0ff77713) andi    a4, a4, 255
core   0: 3 0x000000008000fece (0x0ff77713) x14 0x0000000000000000
core   0: 0x000000008000fed2 (0x00e78023) sb      a4, 0(a5)
core   0: 3 0x000000008000fed2 (0x00e78023) mem 0x0000000080012061 0x00
core   0: 0x000000008000fed6 (0xfc843703) ld      a4, -56(s0)
core   0: 3 0x000000008000fed6 (0xfc843703) x14 0x0000000080012040 mem 0x0000000080031f38
core   0: 0x000000008000feda (0xfb843783) ld      a5, -72(s0)
core   0: 3 0x000000008000feda (0xfb843783) x15 0x000000000000009c mem 0x0000000080031f28
core   0: 0x000000008000fede (0x000097ba) c.add   a5, a4
core   0: 3 0x000000008000fede (0x97ba) x15 0x00000000800120dc
core   0: 0x000000008000fee0 (0xfe043703) ld      a4, -32(s0)
core   0: 3 0x000000008000fee0 (0xfe043703) x14 0x0000000080012062 mem 0x0000000080031f50
core   0: 0x000000008000fee4 (0xfcf76de3) bltu    a4, a5, pc - 38
core   0: 3 0x000000008000fee4 (0xfcf76de3)
core   0: 0x000000008000febe (0xfe043783) ld      a5, -32(s0)
core   0: 3 0x000000008000febe (0xfe043783) x15 0x0000000080012062 mem 0x0000000080031f50
core   0: 0x000000008000fec2 (0x00178713) addi    a4, a5, 1
core   0: 3 0x000000008000fec2 (0x00178713) x14 0x0000000080012063
core   0: 0x000000008000fec6 (0xfee43023) sd      a4, -32(s0)
core   0: 3 0x000000008000fec6 (0xfee43023) mem 0x0000000080031f50 0x0000000080012063
core   0: 0x000000008000feca (0xfc442703) lw      a4, -60(s0)
core   0: 3 0x000000008000feca (0xfc442703) x14 0x0000000000000000 mem 0x0000000080031f34
core   0: 0x000000008000fece (0x0ff77713) andi    a4, a4, 255
core   0: 3 0x000000008000fece (0x0ff77713) x14 0x0000000000000000
core   0: 0x000000008000fed2 (0x00e78023) sb      a4, 0(a5)
core   0: 3 0x000000008000fed2 (0x00e78023) mem 0x0000000080012062 0x00
core   0: 0x000000008000fed6 (0xfc843703) ld      a4, -56(s0)
core   0: 3 0x000000008000fed6 (0xfc843703) x14 0x0000000080012040 mem 0x0000000080031f38
core   0: 0x000000008000feda (0xfb843783) ld      a5, -72(s0)
core   0: 3 0x000000008000feda (0xfb843783) x15 0x000000000000009c mem 0x0000000080031f28
core   0: 0x000000008000fede (0x000097ba) c.add   a5, a4
core   0: 3 0x000000008000fede (0x97ba) x15 0x00000000800120dc
core   0: 0x000000008000fee0 (0xfe043703) ld      a4, -32(s0)
core   0: 3 0x000000008000fee0 (0xfe043703) x14 0x0000000080012063 mem 0x0000000080031f50
core   0: 0x000000008000fee4 (0xfcf76de3) bltu    a4, a5, pc - 38
core   0: 3 0x000000008000fee4 (0xfcf76de3)
core   0: 0x000000008000febe (0xfe043783) ld      a5, -32(s0)
core   0: 3 0x000000008000febe (0xfe043783) x15 0x0000000080012063 mem 0x0000000080031f50
core   0: 0x000000008000fec2 (0x00178713) addi    a4, a5, 1
core   0: 3 0x000000008000fec2 (0x00178713) x14 0x0000000080012064
core   0: 0x000000008000fec6 (0xfee43023) sd      a4, -32(s0)
core   0: 3 0x000000008000fec6 (0xfee43023) mem 0x0000000080031f50 0x0000000080012064
core   0: 0x000000008000feca (0xfc442703) lw      a4, -60(s0)
core   0: 3 0x000000008000feca (0xfc442703) x14 0x0000000000000000 mem 0x0000000080031f34
core   0: 0x000000008000fece (0x0ff77713) andi    a4, a4, 255
core   0: 3 0x000000008000fece (0x0ff77713) x14 0x0000000000000000
core   0: 0x000000008000fed2 (0x00e78023) sb      a4, 0(a5)
core   0: 3 0x000000008000fed2 (0x00e78023) mem 0x0000000080012063 0x00
core   0: 0x000000008000fed6 (0xfc843703) ld      a4, -56(s0)
core   0: 3 0x000000008000fed6 (0xfc843703) x14 0x0000000080012040 mem 0x0000000080031f38
core   0: 0x000000008000feda (0xfb843783) ld      a5, -72(s0)
core   0: 3 0x000000008000feda (0xfb843783) x15 0x000000000000009c mem 0x0000000080031f28
core   0: 0x000000008000fede (0x000097ba) c.add   a5, a4
core   0: 3 0x000000008000fede (0x97ba) x15 0x00000000800120dc
core   0: 0x000000008000fee0 (0xfe043703) ld      a4, -32(s0)
core   0: 3 0x000000008000fee0 (0xfe043703) x14 0x0000000080012064 mem 0x0000000080031f50
core   0: 0x000000008000fee4 (0xfcf76de3) bltu    a4, a5, pc - 38
core   0: 3 0x000000008000fee4 (0xfcf76de3)
core   0: 0x000000008000febe (0xfe043783) ld      a5, -32(s0)
core   0: 3 0x000000008000febe (0xfe043783) x15 0x0000000080012064 mem 0x0000000080031f50
core   0: 0x000000008000fec2 (0x00178713) addi    a4, a5, 1
core   0: 3 0x000000008000fec2 (0x00178713) x14 0x0000000080012065
core   0: 0x000000008000fec6 (0xfee43023) sd      a4, -32(s0)
core   0: 3 0x000000008000fec6 (0xfee43023) mem 0x0000000080031f50 0x0000000080012065
core   0: 0x000000008000feca (0xfc442703) lw      a4, -60(s0)
core   0: 3 0x000000008000feca (0xfc442703) x14 0x0000000000000000 mem 0x0000000080031f34
core   0: 0x000000008000fece (0x0ff77713) andi    a4, a4, 255
core   0: 3 0x000000008000fece (0x0ff77713) x14 0x0000000000000000
core   0: 0x000000008000fed2 (0x00e78023) sb      a4, 0(a5)
core   0: 3 0x000000008000fed2 (0x00e78023) mem 0x0000000080012064 0x00
core   0: 0x000000008000fed6 (0xfc843703) ld      a4, -56(s0)
core   0: 3 0x000000008000fed6 (0xfc843703) x14 0x0000000080012040 mem 0x0000000080031f38
core   0: 0x000000008000feda (0xfb843783) ld      a5, -72(s0)
core   0: 3 0x000000008000feda (0xfb843783) x15 0x000000000000009c mem 0x0000000080031f28
core   0: 0x000000008000fede (0x000097ba) c.add   a5, a4
core   0: 3 0x000000008000fede (0x97ba) x15 0x00000000800120dc
core   0: 0x000000008000fee0 (0xfe043703) ld      a4, -32(s0)
core   0: 3 0x000000008000fee0 (0xfe043703) x14 0x0000000080012065 mem 0x0000000080031f50
core   0: 0x000000008000fee4 (0xfcf76de3) bltu    a4, a5, pc - 38
core   0: 3 0x000000008000fee4 (0xfcf76de3)
core   0: 0x000000008000febe (0xfe043783) ld      a5, -32(s0)
core   0: 3 0x000000008000febe (0xfe043783) x15 0x0000000080012065 mem 0x0000000080031f50
core   0: 0x000000008000fec2 (0x00178713) addi    a4, a5, 1
core   0: 3 0x000000008000fec2 (0x00178713) x14 0x0000000080012066
core   0: 0x000000008000fec6 (0xfee43023) sd      a4, -32(s0)
core   0: 3 0x000000008000fec6 (0xfee43023) mem 0x0000000080031f50 0x0000000080012066
core   0: 0x000000008000feca (0xfc442703) lw      a4, -60(s0)
core   0: 3 0x000000008000feca (0xfc442703) x14 0x0000000000000000 mem 0x0000000080031f34
core   0: 0x000000008000fece (0x0ff77713) andi    a4, a4, 255
core   0: 3 0x000000008000fece (0x0ff77713) x14 0x0000000000000000
core   0: 0x000000008000fed2 (0x00e78023) sb      a4, 0(a5)
core   0: 3 0x000000008000fed2 (0x00e78023) mem 0x0000000080012065 0x00
core   0: 0x000000008000fed6 (0xfc843703) ld      a4, -56(s0)
core   0: 3 0x000000008000fed6 (0xfc843703) x14 0x0000000080012040 mem 0x0000000080031f38
core   0: 0x000000008000feda (0xfb843783) ld      a5, -72(s0)
core   0: 3 0x000000008000feda (0xfb843783) x15 0x000000000000009c mem 0x0000000080031f28
core   0: 0x000000008000fede (0x000097ba) c.add   a5, a4
core   0: 3 0x000000008000fede (0x97ba) x15 0x00000000800120dc
core   0: 0x000000008000fee0 (0xfe043703) ld      a4, -32(s0)
core   0: 3 0x000000008000fee0 (0xfe043703) x14 0x0000000080012066 mem 0x0000000080031f50
core   0: 0x000000008000fee4 (0xfcf76de3) bltu    a4, a5, pc - 38
core   0: 3 0x000000008000fee4 (0xfcf76de3)
core   0: 0x000000008000febe (0xfe043783) ld      a5, -32(s0)
core   0: 3 0x000000008000febe (0xfe043783) x15 0x0000000080012066 mem 0x0000000080031f50
core   0: 0x000000008000fec2 (0x00178713) addi    a4, a5, 1
core   0: 3 0x000000008000fec2 (0x00178713) x14 0x0000000080012067
core   0: 0x000000008000fec6 (0xfee43023) sd      a4, -32(s0)
core   0: 3 0x000000008000fec6 (0xfee43023) mem 0x0000000080031f50 0x0000000080012067
core   0: 0x000000008000feca (0xfc442703) lw      a4, -60(s0)
core   0: 3 0x000000008000feca (0xfc442703) x14 0x0000000000000000 mem 0x0000000080031f34
core   0: 0x000000008000fece (0x0ff77713) andi    a4, a4, 255
core   0: 3 0x000000008000fece (0x0ff77713) x14 0x0000000000000000
core   0: 0x000000008000fed2 (0x00e78023) sb      a4, 0(a5)
core   0: 3 0x000000008000fed2 (0x00e78023) mem 0x0000000080012066 0x00
core   0: 0x000000008000fed6 (0xfc843703) ld      a4, -56(s0)
core   0: 3 0x000000008000fed6 (0xfc843703) x14 0x0000000080012040 mem 0x0000000080031f38
core   0: 0x000000008000feda (0xfb843783) ld      a5, -72(s0)
core   0: 3 0x000000008000feda (0xfb843783) x15 0x000000000000009c mem 0x0000000080031f28
core   0: 0x000000008000fede (0x000097ba) c.add   a5, a4
core   0: 3 0x000000008000fede (0x97ba) x15 0x00000000800120dc
core   0: 0x000000008000fee0 (0xfe043703) ld      a4, -32(s0)
core   0: 3 0x000000008000fee0 (0xfe043703) x14 0x0000000080012067 mem 0x0000000080031f50
core   0: 0x000000008000fee4 (0xfcf76de3) bltu    a4, a5, pc - 38
core   0: 3 0x000000008000fee4 (0xfcf76de3)
core   0: 0x000000008000febe (0xfe043783) ld      a5, -32(s0)
core   0: 3 0x000000008000febe (0xfe043783) x15 0x0000000080012067 mem 0x0000000080031f50
core   0: 0x000000008000fec2 (0x00178713) addi    a4, a5, 1
core   0: 3 0x000000008000fec2 (0x00178713) x14 0x0000000080012068
core   0: 0x000000008000fec6 (0xfee43023) sd      a4, -32(s0)
core   0: 3 0x000000008000fec6 (0xfee43023) mem 0x0000000080031f50 0x0000000080012068
core   0: 0x000000008000feca (0xfc442703) lw      a4, -60(s0)
core   0: 3 0x000000008000feca (0xfc442703) x14 0x0000000000000000 mem 0x0000000080031f34
core   0: 0x000000008000fece (0x0ff77713) andi    a4, a4, 255
core   0: 3 0x000000008000fece (0x0ff77713) x14 0x0000000000000000
core   0: 0x000000008000fed2 (0x00e78023) sb      a4, 0(a5)
core   0: 3 0x000000008000fed2 (0x00e78023) mem 0x0000000080012067 0x00
core   0: 0x000000008000fed6 (0xfc843703) ld      a4, -56(s0)
core   0: 3 0x000000008000fed6 (0xfc843703) x14 0x0000000080012040 mem 0x0000000080031f38
core   0: 0x000000008000feda (0xfb843783) ld      a5, -72(s0)
core   0: 3 0x000000008000feda (0xfb843783) x15 0x000000000000009c mem 0x0000000080031f28
core   0: 0x000000008000fede (0x000097ba) c.add   a5, a4
core   0: 3 0x000000008000fede (0x97ba) x15 0x00000000800120dc
core   0: 0x000000008000fee0 (0xfe043703) ld      a4, -32(s0)
core   0: 3 0x000000008000fee0 (0xfe043703) x14 0x0000000080012068 mem 0x0000000080031f50
core   0: 0x000000008000fee4 (0xfcf76de3) bltu    a4, a5, pc - 38
core   0: 3 0x000000008000fee4 (0xfcf76de3)
core   0: 0x000000008000febe (0xfe043783) ld      a5, -32(s0)
core   0: 3 0x000000008000febe (0xfe043783) x15 0x0000000080012068 mem 0x0000000080031f50
core   0: 0x000000008000fec2 (0x00178713) addi    a4, a5, 1
core   0: 3 0x000000008000fec2 (0x00178713) x14 0x0000000080012069
core   0: 0x000000008000fec6 (0xfee43023) sd      a4, -32(s0)
core   0: 3 0x000000008000fec6 (0xfee43023) mem 0x0000000080031f50 0x0000000080012069
core   0: 0x000000008000feca (0xfc442703) lw      a4, -60(s0)
core   0: 3 0x000000008000feca (0xfc442703) x14 0x0000000000000000 mem 0x0000000080031f34
core   0: 0x000000008000fece (0x0ff77713) andi    a4, a4, 255
core   0: 3 0x000000008000fece (0x0ff77713) x14 0x0000000000000000
core   0: 0x000000008000fed2 (0x00e78023) sb      a4, 0(a5)
core   0: 3 0x000000008000fed2 (0x00e78023) mem 0x0000000080012068 0x00
core   0: 0x000000008000fed6 (0xfc843703) ld      a4, -56(s0)
core   0: 3 0x000000008000fed6 (0xfc843703) x14 0x0000000080012040 mem 0x0000000080031f38
core   0: 0x000000008000feda (0xfb843783) ld      a5, -72(s0)
core   0: 3 0x000000008000feda (0xfb843783) x15 0x000000000000009c mem 0x0000000080031f28
core   0: 0x000000008000fede (0x000097ba) c.add   a5, a4
core   0: 3 0x000000008000fede (0x97ba) x15 0x00000000800120dc
core   0: 0x000000008000fee0 (0xfe043703) ld      a4, -32(s0)
core   0: 3 0x000000008000fee0 (0xfe043703) x14 0x0000000080012069 mem 0x0000000080031f50
core   0: 0x000000008000fee4 (0xfcf76de3) bltu    a4, a5, pc - 38
core   0: 3 0x000000008000fee4 (0xfcf76de3)
core   0: 0x000000008000febe (0xfe043783) ld      a5, -32(s0)
core   0: 3 0x000000008000febe (0xfe043783) x15 0x0000000080012069 mem 0x0000000080031f50
core   0: 0x000000008000fec2 (0x00178713) addi    a4, a5, 1
core   0: 3 0x000000008000fec2 (0x00178713) x14 0x000000008001206a
core   0: 0x000000008000fec6 (0xfee43023) sd      a4, -32(s0)
core   0: 3 0x000000008000fec6 (0xfee43023) mem 0x0000000080031f50 0x000000008001206a
core   0: 0x000000008000feca (0xfc442703) lw      a4, -60(s0)
core   0: 3 0x000000008000feca (0xfc442703) x14 0x0000000000000000 mem 0x0000000080031f34
core   0: 0x000000008000fece (0x0ff77713) andi    a4, a4, 255
core   0: 3 0x000000008000fece (0x0ff77713) x14 0x0000000000000000
core   0: 0x000000008000fed2 (0x00e78023) sb      a4, 0(a5)
core   0: 3 0x000000008000fed2 (0x00e78023) mem 0x0000000080012069 0x00
core   0: 0x000000008000fed6 (0xfc843703) ld      a4, -56(s0)
core   0: 3 0x000000008000fed6 (0xfc843703) x14 0x0000000080012040 mem 0x0000000080031f38
core   0: 0x000000008000feda (0xfb843783) ld      a5, -72(s0)
core   0: 3 0x000000008000feda (0xfb843783) x15 0x000000000000009c mem 0x0000000080031f28
core   0: 0x000000008000fede (0x000097ba) c.add   a5, a4
core   0: 3 0x000000008000fede (0x97ba) x15 0x00000000800120dc
core   0: 0x000000008000fee0 (0xfe043703) ld      a4, -32(s0)
core   0: 3 0x000000008000fee0 (0xfe043703) x14 0x000000008001206a mem 0x0000000080031f50
core   0: 0x000000008000fee4 (0xfcf76de3) bltu    a4, a5, pc - 38
core   0: 3 0x000000008000fee4 (0xfcf76de3)
core   0: 0x000000008000febe (0xfe043783) ld      a5, -32(s0)
core   0: 3 0x000000008000febe (0xfe043783) x15 0x000000008001206a mem 0x0000000080031f50
core   0: 0x000000008000fec2 (0x00178713) addi    a4, a5, 1
core   0: 3 0x000000008000fec2 (0x00178713) x14 0x000000008001206b
core   0: 0x000000008000fec6 (0xfee43023) sd      a4, -32(s0)
core   0: 3 0x000000008000fec6 (0xfee43023) mem 0x0000000080031f50 0x000000008001206b
core   0: 0x000000008000feca (0xfc442703) lw      a4, -60(s0)
core   0: 3 0x000000008000feca (0xfc442703) x14 0x0000000000000000 mem 0x0000000080031f34
core   0: 0x000000008000fece (0x0ff77713) andi    a4, a4, 255
core   0: 3 0x000000008000fece (0x0ff77713) x14 0x0000000000000000
core   0: 0x000000008000fed2 (0x00e78023) sb      a4, 0(a5)
core   0: 3 0x000000008000fed2 (0x00e78023) mem 0x000000008001206a 0x00
core   0: 0x000000008000fed6 (0xfc843703) ld      a4, -56(s0)
core   0: 3 0x000000008000fed6 (0xfc843703) x14 0x0000000080012040 mem 0x0000000080031f38
core   0: 0x000000008000feda (0xfb843783) ld      a5, -72(s0)
core   0: 3 0x000000008000feda (0xfb843783) x15 0x000000000000009c mem 0x0000000080031f28
core   0: 0x000000008000fede (0x000097ba) c.add   a5, a4
core   0: 3 0x000000008000fede (0x97ba) x15 0x00000000800120dc
core   0: 0x000000008000fee0 (0xfe043703) ld      a4, -32(s0)
core   0: 3 0x000000008000fee0 (0xfe043703) x14 0x000000008001206b mem 0x0000000080031f50
core   0: 0x000000008000fee4 (0xfcf76de3) bltu    a4, a5, pc - 38
core   0: 3 0x000000008000fee4 (0xfcf76de3)
core   0: 0x000000008000febe (0xfe043783) ld      a5, -32(s0)
core   0: 3 0x000000008000febe (0xfe043783) x15 0x000000008001206b mem 0x0000000080031f50
core   0: 0x000000008000fec2 (0x00178713) addi    a4, a5, 1
core   0: 3 0x000000008000fec2 (0x00178713) x14 0x000000008001206c
core   0: 0x000000008000fec6 (0xfee43023) sd      a4, -32(s0)
core   0: 3 0x000000008000fec6 (0xfee43023) mem 0x0000000080031f50 0x000000008001206c
core   0: 0x000000008000feca (0xfc442703) lw      a4, -60(s0)
core   0: 3 0x000000008000feca (0xfc442703) x14 0x0000000000000000 mem 0x0000000080031f34
core   0: 0x000000008000fece (0x0ff77713) andi    a4, a4, 255
core   0: 3 0x000000008000fece (0x0ff77713) x14 0x0000000000000000
core   0: 0x000000008000fed2 (0x00e78023) sb      a4, 0(a5)
core   0: 3 0x000000008000fed2 (0x00e78023) mem 0x000000008001206b 0x00
core   0: 0x000000008000fed6 (0xfc843703) ld      a4, -56(s0)
core   0: 3 0x000000008000fed6 (0xfc843703) x14 0x0000000080012040 mem 0x0000000080031f38
core   0: 0x000000008000feda (0xfb843783) ld      a5, -72(s0)
core   0: 3 0x000000008000feda (0xfb843783) x15 0x000000000000009c mem 0x0000000080031f28
core   0: 0x000000008000fede (0x000097ba) c.add   a5, a4
core   0: 3 0x000000008000fede (0x97ba) x15 0x00000000800120dc
core   0: 0x000000008000fee0 (0xfe043703) ld      a4, -32(s0)
core   0: 3 0x000000008000fee0 (0xfe043703) x14 0x000000008001206c mem 0x0000000080031f50
core   0: 0x000000008000fee4 (0xfcf76de3) bltu    a4, a5, pc - 38
core   0: 3 0x000000008000fee4 (0xfcf76de3)
core   0: 0x000000008000febe (0xfe043783) ld      a5, -32(s0)
core   0: 3 0x000000008000febe (0xfe043783) x15 0x000000008001206c mem 0x0000000080031f50
core   0: 0x000000008000fec2 (0x00178713) addi    a4, a5, 1
core   0: 3 0x000000008000fec2 (0x00178713) x14 0x000000008001206d
core   0: 0x000000008000fec6 (0xfee43023) sd      a4, -32(s0)
core   0: 3 0x000000008000fec6 (0xfee43023) mem 0x0000000080031f50 0x000000008001206d
core   0: 0x000000008000feca (0xfc442703) lw      a4, -60(s0)
core   0: 3 0x000000008000feca (0xfc442703) x14 0x0000000000000000 mem 0x0000000080031f34
core   0: 0x000000008000fece (0x0ff77713) andi    a4, a4, 255
core   0: 3 0x000000008000fece (0x0ff77713) x14 0x0000000000000000
core   0: 0x000000008000fed2 (0x00e78023) sb      a4, 0(a5)
core   0: 3 0x000000008000fed2 (0x00e78023) mem 0x000000008001206c 0x00
core   0: 0x000000008000fed6 (0xfc843703) ld      a4, -56(s0)
core   0: 3 0x000000008000fed6 (0xfc843703) x14 0x0000000080012040 mem 0x0000000080031f38
core   0: 0x000000008000feda (0xfb843783) ld      a5, -72(s0)
core   0: 3 0x000000008000feda (0xfb843783) x15 0x000000000000009c mem 0x0000000080031f28
core   0: 0x000000008000fede (0x000097ba) c.add   a5, a4
core   0: 3 0x000000008000fede (0x97ba) x15 0x00000000800120dc
core   0: 0x000000008000fee0 (0xfe043703) ld      a4, -32(s0)
core   0: 3 0x000000008000fee0 (0xfe043703) x14 0x000000008001206d mem 0x0000000080031f50
core   0: 0x000000008000fee4 (0xfcf76de3) bltu    a4, a5, pc - 38
core   0: 3 0x000000008000fee4 (0xfcf76de3)
core   0: 0x000000008000febe (0xfe043783) ld      a5, -32(s0)
core   0: 3 0x000000008000febe (0xfe043783) x15 0x000000008001206d mem 0x0000000080031f50
core   0: 0x000000008000fec2 (0x00178713) addi    a4, a5, 1
core   0: 3 0x000000008000fec2 (0x00178713) x14 0x000000008001206e
core   0: 0x000000008000fec6 (0xfee43023) sd      a4, -32(s0)
core   0: 3 0x000000008000fec6 (0xfee43023) mem 0x0000000080031f50 0x000000008001206e
core   0: 0x000000008000feca (0xfc442703) lw      a4, -60(s0)
core   0: 3 0x000000008000feca (0xfc442703) x14 0x0000000000000000 mem 0x0000000080031f34
core   0: 0x000000008000fece (0x0ff77713) andi    a4, a4, 255
core   0: 3 0x000000008000fece (0x0ff77713) x14 0x0000000000000000
core   0: 0x000000008000fed2 (0x00e78023) sb      a4, 0(a5)
core   0: 3 0x000000008000fed2 (0x00e78023) mem 0x000000008001206d 0x00
core   0: 0x000000008000fed6 (0xfc843703) ld      a4, -56(s0)
core   0: 3 0x000000008000fed6 (0xfc843703) x14 0x0000000080012040 mem 0x0000000080031f38
core   0: 0x000000008000feda (0xfb843783) ld      a5, -72(s0)
core   0: 3 0x000000008000feda (0xfb843783) x15 0x000000000000009c mem 0x0000000080031f28
core   0: 0x000000008000fede (0x000097ba) c.add   a5, a4
core   0: 3 0x000000008000fede (0x97ba) x15 0x00000000800120dc
core   0: 0x000000008000fee0 (0xfe043703) ld      a4, -32(s0)
core   0: 3 0x000000008000fee0 (0xfe043703) x14 0x000000008001206e mem 0x0000000080031f50
core   0: 0x000000008000fee4 (0xfcf76de3) bltu    a4, a5, pc - 38
core   0: 3 0x000000008000fee4 (0xfcf76de3)
core   0: 0x000000008000febe (0xfe043783) ld      a5, -32(s0)
core   0: 3 0x000000008000febe (0xfe043783) x15 0x000000008001206e mem 0x0000000080031f50
core   0: 0x000000008000fec2 (0x00178713) addi    a4, a5, 1
core   0: 3 0x000000008000fec2 (0x00178713) x14 0x000000008001206f
core   0: 0x000000008000fec6 (0xfee43023) sd      a4, -32(s0)
core   0: 3 0x000000008000fec6 (0xfee43023) mem 0x0000000080031f50 0x000000008001206f
core   0: 0x000000008000feca (0xfc442703) lw      a4, -60(s0)
core   0: 3 0x000000008000feca (0xfc442703) x14 0x0000000000000000 mem 0x0000000080031f34
core   0: 0x000000008000fece (0x0ff77713) andi    a4, a4, 255
core   0: 3 0x000000008000fece (0x0ff77713) x14 0x0000000000000000
core   0: 0x000000008000fed2 (0x00e78023) sb      a4, 0(a5)
core   0: 3 0x000000008000fed2 (0x00e78023) mem 0x000000008001206e 0x00
core   0: 0x000000008000fed6 (0xfc843703) ld      a4, -56(s0)
core   0: 3 0x000000008000fed6 (0xfc843703) x14 0x0000000080012040 mem 0x0000000080031f38
core   0: 0x000000008000feda (0xfb843783) ld      a5, -72(s0)
core   0: 3 0x000000008000feda (0xfb843783) x15 0x000000000000009c mem 0x0000000080031f28
core   0: 0x000000008000fede (0x000097ba) c.add   a5, a4
core   0: 3 0x000000008000fede (0x97ba) x15 0x00000000800120dc
core   0: 0x000000008000fee0 (0xfe043703) ld      a4, -32(s0)
core   0: 3 0x000000008000fee0 (0xfe043703) x14 0x000000008001206f mem 0x0000000080031f50
core   0: 0x000000008000fee4 (0xfcf76de3) bltu    a4, a5, pc - 38
core   0: 3 0x000000008000fee4 (0xfcf76de3)
core   0: 0x000000008000febe (0xfe043783) ld      a5, -32(s0)
core   0: 3 0x000000008000febe (0xfe043783) x15 0x000000008001206f mem 0x0000000080031f50
core   0: 0x000000008000fec2 (0x00178713) addi    a4, a5, 1
core   0: 3 0x000000008000fec2 (0x00178713) x14 0x0000000080012070
core   0: 0x000000008000fec6 (0xfee43023) sd      a4, -32(s0)
core   0: 3 0x000000008000fec6 (0xfee43023) mem 0x0000000080031f50 0x0000000080012070
core   0: 0x000000008000feca (0xfc442703) lw      a4, -60(s0)
core   0: 3 0x000000008000feca (0xfc442703) x14 0x0000000000000000 mem 0x0000000080031f34
core   0: 0x000000008000fece (0x0ff77713) andi    a4, a4, 255
core   0: 3 0x000000008000fece (0x0ff77713) x14 0x0000000000000000
core   0: 0x000000008000fed2 (0x00e78023) sb      a4, 0(a5)
core   0: 3 0x000000008000fed2 (0x00e78023) mem 0x000000008001206f 0x00
core   0: 0x000000008000fed6 (0xfc843703) ld      a4, -56(s0)
core   0: 3 0x000000008000fed6 (0xfc843703) x14 0x0000000080012040 mem 0x0000000080031f38
core   0: 0x000000008000feda (0xfb843783) ld      a5, -72(s0)
core   0: 3 0x000000008000feda (0xfb843783) x15 0x000000000000009c mem 0x0000000080031f28
core   0: 0x000000008000fede (0x000097ba) c.add   a5, a4
core   0: 3 0x000000008000fede (0x97ba) x15 0x00000000800120dc
core   0: 0x000000008000fee0 (0xfe043703) ld      a4, -32(s0)
core   0: 3 0x000000008000fee0 (0xfe043703) x14 0x0000000080012070 mem 0x0000000080031f50
core   0: 0x000000008000fee4 (0xfcf76de3) bltu    a4, a5, pc - 38
core   0: 3 0x000000008000fee4 (0xfcf76de3)
core   0: 0x000000008000febe (0xfe043783) ld      a5, -32(s0)
core   0: 3 0x000000008000febe (0xfe043783) x15 0x0000000080012070 mem 0x0000000080031f50
core   0: 0x000000008000fec2 (0x00178713) addi    a4, a5, 1
core   0: 3 0x000000008000fec2 (0x00178713) x14 0x0000000080012071
core   0: 0x000000008000fec6 (0xfee43023) sd      a4, -32(s0)
core   0: 3 0x000000008000fec6 (0xfee43023) mem 0x0000000080031f50 0x0000000080012071
core   0: 0x000000008000feca (0xfc442703) lw      a4, -60(s0)
core   0: 3 0x000000008000feca (0xfc442703) x14 0x0000000000000000 mem 0x0000000080031f34
core   0: 0x000000008000fece (0x0ff77713) andi    a4, a4, 255
core   0: 3 0x000000008000fece (0x0ff77713) x14 0x0000000000000000
core   0: 0x000000008000fed2 (0x00e78023) sb      a4, 0(a5)
core   0: 3 0x000000008000fed2 (0x00e78023) mem 0x0000000080012070 0x00
core   0: 0x000000008000fed6 (0xfc843703) ld      a4, -56(s0)
core   0: 3 0x000000008000fed6 (0xfc843703) x14 0x0000000080012040 mem 0x0000000080031f38
core   0: 0x000000008000feda (0xfb843783) ld      a5, -72(s0)
core   0: 3 0x000000008000feda (0xfb843783) x15 0x000000000000009c mem 0x0000000080031f28
core   0: 0x000000008000fede (0x000097ba) c.add   a5, a4
core   0: 3 0x000000008000fede (0x97ba) x15 0x00000000800120dc
core   0: 0x000000008000fee0 (0xfe043703) ld      a4, -32(s0)
core   0: 3 0x000000008000fee0 (0xfe043703) x14 0x0000000080012071 mem 0x0000000080031f50
core   0: 0x000000008000fee4 (0xfcf76de3) bltu    a4, a5, pc - 38
core   0: 3 0x000000008000fee4 (0xfcf76de3)
core   0: 0x000000008000febe (0xfe043783) ld      a5, -32(s0)
core   0: 3 0x000000008000febe (0xfe043783) x15 0x0000000080012071 mem 0x0000000080031f50
core   0: 0x000000008000fec2 (0x00178713) addi    a4, a5, 1
core   0: 3 0x000000008000fec2 (0x00178713) x14 0x0000000080012072
core   0: 0x000000008000fec6 (0xfee43023) sd      a4, -32(s0)
core   0: 3 0x000000008000fec6 (0xfee43023) mem 0x0000000080031f50 0x0000000080012072
core   0: 0x000000008000feca (0xfc442703) lw      a4, -60(s0)
core   0: 3 0x000000008000feca (0xfc442703) x14 0x0000000000000000 mem 0x0000000080031f34
core   0: 0x000000008000fece (0x0ff77713) andi    a4, a4, 255
core   0: 3 0x000000008000fece (0x0ff77713) x14 0x0000000000000000
core   0: 0x000000008000fed2 (0x00e78023) sb      a4, 0(a5)
core   0: 3 0x000000008000fed2 (0x00e78023) mem 0x0000000080012071 0x00
core   0: 0x000000008000fed6 (0xfc843703) ld      a4, -56(s0)
core   0: 3 0x000000008000fed6 (0xfc843703) x14 0x0000000080012040 mem 0x0000000080031f38
core   0: 0x000000008000feda (0xfb843783) ld      a5, -72(s0)
core   0: 3 0x000000008000feda (0xfb843783) x15 0x000000000000009c mem 0x0000000080031f28
core   0: 0x000000008000fede (0x000097ba) c.add   a5, a4
core   0: 3 0x000000008000fede (0x97ba) x15 0x00000000800120dc
core   0: 0x000000008000fee0 (0xfe043703) ld      a4, -32(s0)
core   0: 3 0x000000008000fee0 (0xfe043703) x14 0x0000000080012072 mem 0x0000000080031f50
core   0: 0x000000008000fee4 (0xfcf76de3) bltu    a4, a5, pc - 38
core   0: 3 0x000000008000fee4 (0xfcf76de3)
core   0: 0x000000008000febe (0xfe043783) ld      a5, -32(s0)
core   0: 3 0x000000008000febe (0xfe043783) x15 0x0000000080012072 mem 0x0000000080031f50
core   0: 0x000000008000fec2 (0x00178713) addi    a4, a5, 1
core   0: 3 0x000000008000fec2 (0x00178713) x14 0x0000000080012073
core   0: 0x000000008000fec6 (0xfee43023) sd      a4, -32(s0)
core   0: 3 0x000000008000fec6 (0xfee43023) mem 0x0000000080031f50 0x0000000080012073
core   0: 0x000000008000feca (0xfc442703) lw      a4, -60(s0)
core   0: 3 0x000000008000feca (0xfc442703) x14 0x0000000000000000 mem 0x0000000080031f34
core   0: 0x000000008000fece (0x0ff77713) andi    a4, a4, 255
core   0: 3 0x000000008000fece (0x0ff77713) x14 0x0000000000000000
core   0: 0x000000008000fed2 (0x00e78023) sb      a4, 0(a5)
core   0: 3 0x000000008000fed2 (0x00e78023) mem 0x0000000080012072 0x00
core   0: 0x000000008000fed6 (0xfc843703) ld      a4, -56(s0)
core   0: 3 0x000000008000fed6 (0xfc843703) x14 0x0000000080012040 mem 0x0000000080031f38
core   0: 0x000000008000feda (0xfb843783) ld      a5, -72(s0)
core   0: 3 0x000000008000feda (0xfb843783) x15 0x000000000000009c mem 0x0000000080031f28
core   0: 0x000000008000fede (0x000097ba) c.add   a5, a4
core   0: 3 0x000000008000fede (0x97ba) x15 0x00000000800120dc
core   0: 0x000000008000fee0 (0xfe043703) ld      a4, -32(s0)
core   0: 3 0x000000008000fee0 (0xfe043703) x14 0x0000000080012073 mem 0x0000000080031f50
core   0: 0x000000008000fee4 (0xfcf76de3) bltu    a4, a5, pc - 38
core   0: 3 0x000000008000fee4 (0xfcf76de3)
core   0: 0x000000008000febe (0xfe043783) ld      a5, -32(s0)
core   0: 3 0x000000008000febe (0xfe043783) x15 0x0000000080012073 mem 0x0000000080031f50
core   0: 0x000000008000fec2 (0x00178713) addi    a4, a5, 1
core   0: 3 0x000000008000fec2 (0x00178713) x14 0x0000000080012074
core   0: 0x000000008000fec6 (0xfee43023) sd      a4, -32(s0)
core   0: 3 0x000000008000fec6 (0xfee43023) mem 0x0000000080031f50 0x0000000080012074
core   0: 0x000000008000feca (0xfc442703) lw      a4, -60(s0)
core   0: 3 0x000000008000feca (0xfc442703) x14 0x0000000000000000 mem 0x0000000080031f34
core   0: 0x000000008000fece (0x0ff77713) andi    a4, a4, 255
core   0: 3 0x000000008000fece (0x0ff77713) x14 0x0000000000000000
core   0: 0x000000008000fed2 (0x00e78023) sb      a4, 0(a5)
core   0: 3 0x000000008000fed2 (0x00e78023) mem 0x0000000080012073 0x00
core   0: 0x000000008000fed6 (0xfc843703) ld      a4, -56(s0)
core   0: 3 0x000000008000fed6 (0xfc843703) x14 0x0000000080012040 mem 0x0000000080031f38
core   0: 0x000000008000feda (0xfb843783) ld      a5, -72(s0)
core   0: 3 0x000000008000feda (0xfb843783) x15 0x000000000000009c mem 0x0000000080031f28
core   0: 0x000000008000fede (0x000097ba) c.add   a5, a4
core   0: 3 0x000000008000fede (0x97ba) x15 0x00000000800120dc
core   0: 0x000000008000fee0 (0xfe043703) ld      a4, -32(s0)
core   0: 3 0x000000008000fee0 (0xfe043703) x14 0x0000000080012074 mem 0x0000000080031f50
core   0: 0x000000008000fee4 (0xfcf76de3) bltu    a4, a5, pc - 38
core   0: 3 0x000000008000fee4 (0xfcf76de3)
core   0: 0x000000008000febe (0xfe043783) ld      a5, -32(s0)
core   0: 3 0x000000008000febe (0xfe043783) x15 0x0000000080012074 mem 0x0000000080031f50
core   0: 0x000000008000fec2 (0x00178713) addi    a4, a5, 1
core   0: 3 0x000000008000fec2 (0x00178713) x14 0x0000000080012075
core   0: 0x000000008000fec6 (0xfee43023) sd      a4, -32(s0)
core   0: 3 0x000000008000fec6 (0xfee43023) mem 0x0000000080031f50 0x0000000080012075
core   0: 0x000000008000feca (0xfc442703) lw      a4, -60(s0)
core   0: 3 0x000000008000feca (0xfc442703) x14 0x0000000000000000 mem 0x0000000080031f34
core   0: 0x000000008000fece (0x0ff77713) andi    a4, a4, 255
core   0: 3 0x000000008000fece (0x0ff77713) x14 0x0000000000000000
core   0: 0x000000008000fed2 (0x00e78023) sb      a4, 0(a5)
core   0: 3 0x000000008000fed2 (0x00e78023) mem 0x0000000080012074 0x00
core   0: 0x000000008000fed6 (0xfc843703) ld      a4, -56(s0)
core   0: 3 0x000000008000fed6 (0xfc843703) x14 0x0000000080012040 mem 0x0000000080031f38
core   0: 0x000000008000feda (0xfb843783) ld      a5, -72(s0)
core   0: 3 0x000000008000feda (0xfb843783) x15 0x000000000000009c mem 0x0000000080031f28
core   0: 0x000000008000fede (0x000097ba) c.add   a5, a4
core   0: 3 0x000000008000fede (0x97ba) x15 0x00000000800120dc
core   0: 0x000000008000fee0 (0xfe043703) ld      a4, -32(s0)
core   0: 3 0x000000008000fee0 (0xfe043703) x14 0x0000000080012075 mem 0x0000000080031f50
core   0: 0x000000008000fee4 (0xfcf76de3) bltu    a4, a5, pc - 38
core   0: 3 0x000000008000fee4 (0xfcf76de3)
core   0: 0x000000008000febe (0xfe043783) ld      a5, -32(s0)
core   0: 3 0x000000008000febe (0xfe043783) x15 0x0000000080012075 mem 0x0000000080031f50
core   0: 0x000000008000fec2 (0x00178713) addi    a4, a5, 1
core   0: 3 0x000000008000fec2 (0x00178713) x14 0x0000000080012076
core   0: 0x000000008000fec6 (0xfee43023) sd      a4, -32(s0)
core   0: 3 0x000000008000fec6 (0xfee43023) mem 0x0000000080031f50 0x0000000080012076
core   0: 0x000000008000feca (0xfc442703) lw      a4, -60(s0)
core   0: 3 0x000000008000feca (0xfc442703) x14 0x0000000000000000 mem 0x0000000080031f34
core   0: 0x000000008000fece (0x0ff77713) andi    a4, a4, 255
core   0: 3 0x000000008000fece (0x0ff77713) x14 0x0000000000000000
core   0: 0x000000008000fed2 (0x00e78023) sb      a4, 0(a5)
core   0: 3 0x000000008000fed2 (0x00e78023) mem 0x0000000080012075 0x00
core   0: 0x000000008000fed6 (0xfc843703) ld      a4, -56(s0)
core   0: 3 0x000000008000fed6 (0xfc843703) x14 0x0000000080012040 mem 0x0000000080031f38
core   0: 0x000000008000feda (0xfb843783) ld      a5, -72(s0)
core   0: 3 0x000000008000feda (0xfb843783) x15 0x000000000000009c mem 0x0000000080031f28
core   0: 0x000000008000fede (0x000097ba) c.add   a5, a4
core   0: 3 0x000000008000fede (0x97ba) x15 0x00000000800120dc
core   0: 0x000000008000fee0 (0xfe043703) ld      a4, -32(s0)
core   0: 3 0x000000008000fee0 (0xfe043703) x14 0x0000000080012076 mem 0x0000000080031f50
core   0: 0x000000008000fee4 (0xfcf76de3) bltu    a4, a5, pc - 38
core   0: 3 0x000000008000fee4 (0xfcf76de3)
core   0: 0x000000008000febe (0xfe043783) ld      a5, -32(s0)
core   0: 3 0x000000008000febe (0xfe043783) x15 0x0000000080012076 mem 0x0000000080031f50
core   0: 0x000000008000fec2 (0x00178713) addi    a4, a5, 1
core   0: 3 0x000000008000fec2 (0x00178713) x14 0x0000000080012077
core   0: 0x000000008000fec6 (0xfee43023) sd      a4, -32(s0)
core   0: 3 0x000000008000fec6 (0xfee43023) mem 0x0000000080031f50 0x0000000080012077
core   0: 0x000000008000feca (0xfc442703) lw      a4, -60(s0)
core   0: 3 0x000000008000feca (0xfc442703) x14 0x0000000000000000 mem 0x0000000080031f34
core   0: 0x000000008000fece (0x0ff77713) andi    a4, a4, 255
core   0: 3 0x000000008000fece (0x0ff77713) x14 0x0000000000000000
core   0: 0x000000008000fed2 (0x00e78023) sb      a4, 0(a5)
core   0: 3 0x000000008000fed2 (0x00e78023) mem 0x0000000080012076 0x00
core   0: 0x000000008000fed6 (0xfc843703) ld      a4, -56(s0)
core   0: 3 0x000000008000fed6 (0xfc843703) x14 0x0000000080012040 mem 0x0000000080031f38
core   0: 0x000000008000feda (0xfb843783) ld      a5, -72(s0)
core   0: 3 0x000000008000feda (0xfb843783) x15 0x000000000000009c mem 0x0000000080031f28
core   0: 0x000000008000fede (0x000097ba) c.add   a5, a4
core   0: 3 0x000000008000fede (0x97ba) x15 0x00000000800120dc
core   0: 0x000000008000fee0 (0xfe043703) ld      a4, -32(s0)
core   0: 3 0x000000008000fee0 (0xfe043703) x14 0x0000000080012077 mem 0x0000000080031f50
core   0: 0x000000008000fee4 (0xfcf76de3) bltu    a4, a5, pc - 38
core   0: 3 0x000000008000fee4 (0xfcf76de3)
core   0: 0x000000008000febe (0xfe043783) ld      a5, -32(s0)
core   0: 3 0x000000008000febe (0xfe043783) x15 0x0000000080012077 mem 0x0000000080031f50
core   0: 0x000000008000fec2 (0x00178713) addi    a4, a5, 1
core   0: 3 0x000000008000fec2 (0x00178713) x14 0x0000000080012078
core   0: 0x000000008000fec6 (0xfee43023) sd      a4, -32(s0)
core   0: 3 0x000000008000fec6 (0xfee43023) mem 0x0000000080031f50 0x0000000080012078
core   0: 0x000000008000feca (0xfc442703) lw      a4, -60(s0)
core   0: 3 0x000000008000feca (0xfc442703) x14 0x0000000000000000 mem 0x0000000080031f34
core   0: 0x000000008000fece (0x0ff77713) andi    a4, a4, 255
core   0: 3 0x000000008000fece (0x0ff77713) x14 0x0000000000000000
core   0: 0x000000008000fed2 (0x00e78023) sb      a4, 0(a5)
core   0: 3 0x000000008000fed2 (0x00e78023) mem 0x0000000080012077 0x00
core   0: 0x000000008000fed6 (0xfc843703) ld      a4, -56(s0)
core   0: 3 0x000000008000fed6 (0xfc843703) x14 0x0000000080012040 mem 0x0000000080031f38
core   0: 0x000000008000feda (0xfb843783) ld      a5, -72(s0)
core   0: 3 0x000000008000feda (0xfb843783) x15 0x000000000000009c mem 0x0000000080031f28
core   0: 0x000000008000fede (0x000097ba) c.add   a5, a4
core   0: 3 0x000000008000fede (0x97ba) x15 0x00000000800120dc
core   0: 0x000000008000fee0 (0xfe043703) ld      a4, -32(s0)
core   0: 3 0x000000008000fee0 (0xfe043703) x14 0x0000000080012078 mem 0x0000000080031f50
core   0: 0x000000008000fee4 (0xfcf76de3) bltu    a4, a5, pc - 38
core   0: 3 0x000000008000fee4 (0xfcf76de3)
core   0: 0x000000008000febe (0xfe043783) ld      a5, -32(s0)
core   0: 3 0x000000008000febe (0xfe043783) x15 0x0000000080012078 mem 0x0000000080031f50
core   0: 0x000000008000fec2 (0x00178713) addi    a4, a5, 1
core   0: 3 0x000000008000fec2 (0x00178713) x14 0x0000000080012079
core   0: 0x000000008000fec6 (0xfee43023) sd      a4, -32(s0)
core   0: 3 0x000000008000fec6 (0xfee43023) mem 0x0000000080031f50 0x0000000080012079
core   0: 0x000000008000feca (0xfc442703) lw      a4, -60(s0)
core   0: 3 0x000000008000feca (0xfc442703) x14 0x0000000000000000 mem 0x0000000080031f34
core   0: 0x000000008000fece (0x0ff77713) andi    a4, a4, 255
core   0: 3 0x000000008000fece (0x0ff77713) x14 0x0000000000000000
core   0: 0x000000008000fed2 (0x00e78023) sb      a4, 0(a5)
core   0: 3 0x000000008000fed2 (0x00e78023) mem 0x0000000080012078 0x00
core   0: 0x000000008000fed6 (0xfc843703) ld      a4, -56(s0)
core   0: 3 0x000000008000fed6 (0xfc843703) x14 0x0000000080012040 mem 0x0000000080031f38
core   0: 0x000000008000feda (0xfb843783) ld      a5, -72(s0)
core   0: 3 0x000000008000feda (0xfb843783) x15 0x000000000000009c mem 0x0000000080031f28
core   0: 0x000000008000fede (0x000097ba) c.add   a5, a4
core   0: 3 0x000000008000fede (0x97ba) x15 0x00000000800120dc
core   0: 0x000000008000fee0 (0xfe043703) ld      a4, -32(s0)
core   0: 3 0x000000008000fee0 (0xfe043703) x14 0x0000000080012079 mem 0x0000000080031f50
core   0: 0x000000008000fee4 (0xfcf76de3) bltu    a4, a5, pc - 38
core   0: 3 0x000000008000fee4 (0xfcf76de3)
core   0: 0x000000008000febe (0xfe043783) ld      a5, -32(s0)
core   0: 3 0x000000008000febe (0xfe043783) x15 0x0000000080012079 mem 0x0000000080031f50
core   0: 0x000000008000fec2 (0x00178713) addi    a4, a5, 1
core   0: 3 0x000000008000fec2 (0x00178713) x14 0x000000008001207a
core   0: 0x000000008000fec6 (0xfee43023) sd      a4, -32(s0)
core   0: 3 0x000000008000fec6 (0xfee43023) mem 0x0000000080031f50 0x000000008001207a
core   0: 0x000000008000feca (0xfc442703) lw      a4, -60(s0)
core   0: 3 0x000000008000feca (0xfc442703) x14 0x0000000000000000 mem 0x0000000080031f34
core   0: 0x000000008000fece (0x0ff77713) andi    a4, a4, 255
core   0: 3 0x000000008000fece (0x0ff77713) x14 0x0000000000000000
core   0: 0x000000008000fed2 (0x00e78023) sb      a4, 0(a5)
core   0: 3 0x000000008000fed2 (0x00e78023) mem 0x0000000080012079 0x00
core   0: 0x000000008000fed6 (0xfc843703) ld      a4, -56(s0)
core   0: 3 0x000000008000fed6 (0xfc843703) x14 0x0000000080012040 mem 0x0000000080031f38
core   0: 0x000000008000feda (0xfb843783) ld      a5, -72(s0)
core   0: 3 0x000000008000feda (0xfb843783) x15 0x000000000000009c mem 0x0000000080031f28
core   0: 0x000000008000fede (0x000097ba) c.add   a5, a4
core   0: 3 0x000000008000fede (0x97ba) x15 0x00000000800120dc
core   0: 0x000000008000fee0 (0xfe043703) ld      a4, -32(s0)
core   0: 3 0x000000008000fee0 (0xfe043703) x14 0x000000008001207a mem 0x0000000080031f50
core   0: 0x000000008000fee4 (0xfcf76de3) bltu    a4, a5, pc - 38
core   0: 3 0x000000008000fee4 (0xfcf76de3)
core   0: 0x000000008000febe (0xfe043783) ld      a5, -32(s0)
core   0: 3 0x000000008000febe (0xfe043783) x15 0x000000008001207a mem 0x0000000080031f50
core   0: 0x000000008000fec2 (0x00178713) addi    a4, a5, 1
core   0: 3 0x000000008000fec2 (0x00178713) x14 0x000000008001207b
core   0: 0x000000008000fec6 (0xfee43023) sd      a4, -32(s0)
core   0: 3 0x000000008000fec6 (0xfee43023) mem 0x0000000080031f50 0x000000008001207b
core   0: 0x000000008000feca (0xfc442703) lw      a4, -60(s0)
core   0: 3 0x000000008000feca (0xfc442703) x14 0x0000000000000000 mem 0x0000000080031f34
core   0: 0x000000008000fece (0x0ff77713) andi    a4, a4, 255
core   0: 3 0x000000008000fece (0x0ff77713) x14 0x0000000000000000
core   0: 0x000000008000fed2 (0x00e78023) sb      a4, 0(a5)
core   0: 3 0x000000008000fed2 (0x00e78023) mem 0x000000008001207a 0x00
core   0: 0x000000008000fed6 (0xfc843703) ld      a4, -56(s0)
core   0: 3 0x000000008000fed6 (0xfc843703) x14 0x0000000080012040 mem 0x0000000080031f38
core   0: 0x000000008000feda (0xfb843783) ld      a5, -72(s0)
core   0: 3 0x000000008000feda (0xfb843783) x15 0x000000000000009c mem 0x0000000080031f28
core   0: 0x000000008000fede (0x000097ba) c.add   a5, a4
core   0: 3 0x000000008000fede (0x97ba) x15 0x00000000800120dc
core   0: 0x000000008000fee0 (0xfe043703) ld      a4, -32(s0)
core   0: 3 0x000000008000fee0 (0xfe043703) x14 0x000000008001207b mem 0x0000000080031f50
core   0: 0x000000008000fee4 (0xfcf76de3) bltu    a4, a5, pc - 38
core   0: 3 0x000000008000fee4 (0xfcf76de3)
core   0: 0x000000008000febe (0xfe043783) ld      a5, -32(s0)
core   0: 3 0x000000008000febe (0xfe043783) x15 0x000000008001207b mem 0x0000000080031f50
core   0: 0x000000008000fec2 (0x00178713) addi    a4, a5, 1
core   0: 3 0x000000008000fec2 (0x00178713) x14 0x000000008001207c
core   0: 0x000000008000fec6 (0xfee43023) sd      a4, -32(s0)
core   0: 3 0x000000008000fec6 (0xfee43023) mem 0x0000000080031f50 0x000000008001207c
core   0: 0x000000008000feca (0xfc442703) lw      a4, -60(s0)
core   0: 3 0x000000008000feca (0xfc442703) x14 0x0000000000000000 mem 0x0000000080031f34
core   0: 0x000000008000fece (0x0ff77713) andi    a4, a4, 255
core   0: 3 0x000000008000fece (0x0ff77713) x14 0x0000000000000000
core   0: 0x000000008000fed2 (0x00e78023) sb      a4, 0(a5)
core   0: 3 0x000000008000fed2 (0x00e78023) mem 0x000000008001207b 0x00
core   0: 0x000000008000fed6 (0xfc843703) ld      a4, -56(s0)
core   0: 3 0x000000008000fed6 (0xfc843703) x14 0x0000000080012040 mem 0x0000000080031f38
core   0: 0x000000008000feda (0xfb843783) ld      a5, -72(s0)
core   0: 3 0x000000008000feda (0xfb843783) x15 0x000000000000009c mem 0x0000000080031f28
core   0: 0x000000008000fede (0x000097ba) c.add   a5, a4
core   0: 3 0x000000008000fede (0x97ba) x15 0x00000000800120dc
core   0: 0x000000008000fee0 (0xfe043703) ld      a4, -32(s0)
core   0: 3 0x000000008000fee0 (0xfe043703) x14 0x000000008001207c mem 0x0000000080031f50
core   0: 0x000000008000fee4 (0xfcf76de3) bltu    a4, a5, pc - 38
core   0: 3 0x000000008000fee4 (0xfcf76de3)
core   0: 0x000000008000febe (0xfe043783) ld      a5, -32(s0)
core   0: 3 0x000000008000febe (0xfe043783) x15 0x000000008001207c mem 0x0000000080031f50
core   0: 0x000000008000fec2 (0x00178713) addi    a4, a5, 1
core   0: 3 0x000000008000fec2 (0x00178713) x14 0x000000008001207d
core   0: 0x000000008000fec6 (0xfee43023) sd      a4, -32(s0)
core   0: 3 0x000000008000fec6 (0xfee43023) mem 0x0000000080031f50 0x000000008001207d
core   0: 0x000000008000feca (0xfc442703) lw      a4, -60(s0)
core   0: 3 0x000000008000feca (0xfc442703) x14 0x0000000000000000 mem 0x0000000080031f34
core   0: 0x000000008000fece (0x0ff77713) andi    a4, a4, 255
core   0: 3 0x000000008000fece (0x0ff77713) x14 0x0000000000000000
core   0: 0x000000008000fed2 (0x00e78023) sb      a4, 0(a5)
core   0: 3 0x000000008000fed2 (0x00e78023) mem 0x000000008001207c 0x00
core   0: 0x000000008000fed6 (0xfc843703) ld      a4, -56(s0)
core   0: 3 0x000000008000fed6 (0xfc843703) x14 0x0000000080012040 mem 0x0000000080031f38
core   0: 0x000000008000feda (0xfb843783) ld      a5, -72(s0)
core   0: 3 0x000000008000feda (0xfb843783) x15 0x000000000000009c mem 0x0000000080031f28
core   0: 0x000000008000fede (0x000097ba) c.add   a5, a4
core   0: 3 0x000000008000fede (0x97ba) x15 0x00000000800120dc
core   0: 0x000000008000fee0 (0xfe043703) ld      a4, -32(s0)
core   0: 3 0x000000008000fee0 (0xfe043703) x14 0x000000008001207d mem 0x0000000080031f50
core   0: 0x000000008000fee4 (0xfcf76de3) bltu    a4, a5, pc - 38
core   0: 3 0x000000008000fee4 (0xfcf76de3)
core   0: 0x000000008000febe (0xfe043783) ld      a5, -32(s0)
core   0: 3 0x000000008000febe (0xfe043783) x15 0x000000008001207d mem 0x0000000080031f50
core   0: 0x000000008000fec2 (0x00178713) addi    a4, a5, 1
core   0: 3 0x000000008000fec2 (0x00178713) x14 0x000000008001207e
core   0: 0x000000008000fec6 (0xfee43023) sd      a4, -32(s0)
core   0: 3 0x000000008000fec6 (0xfee43023) mem 0x0000000080031f50 0x000000008001207e
core   0: 0x000000008000feca (0xfc442703) lw      a4, -60(s0)
core   0: 3 0x000000008000feca (0xfc442703) x14 0x0000000000000000 mem 0x0000000080031f34
core   0: 0x000000008000fece (0x0ff77713) andi    a4, a4, 255
core   0: 3 0x000000008000fece (0x0ff77713) x14 0x0000000000000000
core   0: 0x000000008000fed2 (0x00e78023) sb      a4, 0(a5)
core   0: 3 0x000000008000fed2 (0x00e78023) mem 0x000000008001207d 0x00
core   0: 0x000000008000fed6 (0xfc843703) ld      a4, -56(s0)
core   0: 3 0x000000008000fed6 (0xfc843703) x14 0x0000000080012040 mem 0x0000000080031f38
core   0: 0x000000008000feda (0xfb843783) ld      a5, -72(s0)
core   0: 3 0x000000008000feda (0xfb843783) x15 0x000000000000009c mem 0x0000000080031f28
core   0: 0x000000008000fede (0x000097ba) c.add   a5, a4
core   0: 3 0x000000008000fede (0x97ba) x15 0x00000000800120dc
core   0: 0x000000008000fee0 (0xfe043703) ld      a4, -32(s0)
core   0: 3 0x000000008000fee0 (0xfe043703) x14 0x000000008001207e mem 0x0000000080031f50
core   0: 0x000000008000fee4 (0xfcf76de3) bltu    a4, a5, pc - 38
core   0: 3 0x000000008000fee4 (0xfcf76de3)
core   0: 0x000000008000febe (0xfe043783) ld      a5, -32(s0)
core   0: 3 0x000000008000febe (0xfe043783) x15 0x000000008001207e mem 0x0000000080031f50
core   0: 0x000000008000fec2 (0x00178713) addi    a4, a5, 1
core   0: 3 0x000000008000fec2 (0x00178713) x14 0x000000008001207f
core   0: 0x000000008000fec6 (0xfee43023) sd      a4, -32(s0)
core   0: 3 0x000000008000fec6 (0xfee43023) mem 0x0000000080031f50 0x000000008001207f
core   0: 0x000000008000feca (0xfc442703) lw      a4, -60(s0)
core   0: 3 0x000000008000feca (0xfc442703) x14 0x0000000000000000 mem 0x0000000080031f34
core   0: 0x000000008000fece (0x0ff77713) andi    a4, a4, 255
core   0: 3 0x000000008000fece (0x0ff77713) x14 0x0000000000000000
core   0: 0x000000008000fed2 (0x00e78023) sb      a4, 0(a5)
core   0: 3 0x000000008000fed2 (0x00e78023) mem 0x000000008001207e 0x00
core   0: 0x000000008000fed6 (0xfc843703) ld      a4, -56(s0)
core   0: 3 0x000000008000fed6 (0xfc843703) x14 0x0000000080012040 mem 0x0000000080031f38
core   0: 0x000000008000feda (0xfb843783) ld      a5, -72(s0)
core   0: 3 0x000000008000feda (0xfb843783) x15 0x000000000000009c mem 0x0000000080031f28
core   0: 0x000000008000fede (0x000097ba) c.add   a5, a4
core   0: 3 0x000000008000fede (0x97ba) x15 0x00000000800120dc
core   0: 0x000000008000fee0 (0xfe043703) ld      a4, -32(s0)
core   0: 3 0x000000008000fee0 (0xfe043703) x14 0x000000008001207f mem 0x0000000080031f50
core   0: 0x000000008000fee4 (0xfcf76de3) bltu    a4, a5, pc - 38
core   0: 3 0x000000008000fee4 (0xfcf76de3)
core   0: 0x000000008000febe (0xfe043783) ld      a5, -32(s0)
core   0: 3 0x000000008000febe (0xfe043783) x15 0x000000008001207f mem 0x0000000080031f50
core   0: 0x000000008000fec2 (0x00178713) addi    a4, a5, 1
core   0: 3 0x000000008000fec2 (0x00178713) x14 0x0000000080012080
core   0: 0x000000008000fec6 (0xfee43023) sd      a4, -32(s0)
core   0: 3 0x000000008000fec6 (0xfee43023) mem 0x0000000080031f50 0x0000000080012080
core   0: 0x000000008000feca (0xfc442703) lw      a4, -60(s0)
core   0: 3 0x000000008000feca (0xfc442703) x14 0x0000000000000000 mem 0x0000000080031f34
core   0: 0x000000008000fece (0x0ff77713) andi    a4, a4, 255
core   0: 3 0x000000008000fece (0x0ff77713) x14 0x0000000000000000
core   0: 0x000000008000fed2 (0x00e78023) sb      a4, 0(a5)
core   0: 3 0x000000008000fed2 (0x00e78023) mem 0x000000008001207f 0x00
core   0: 0x000000008000fed6 (0xfc843703) ld      a4, -56(s0)
core   0: 3 0x000000008000fed6 (0xfc843703) x14 0x0000000080012040 mem 0x0000000080031f38
core   0: 0x000000008000feda (0xfb843783) ld      a5, -72(s0)
core   0: 3 0x000000008000feda (0xfb843783) x15 0x000000000000009c mem 0x0000000080031f28
core   0: 0x000000008000fede (0x000097ba) c.add   a5, a4
core   0: 3 0x000000008000fede (0x97ba) x15 0x00000000800120dc
core   0: 0x000000008000fee0 (0xfe043703) ld      a4, -32(s0)
core   0: 3 0x000000008000fee0 (0xfe043703) x14 0x0000000080012080 mem 0x0000000080031f50
core   0: 0x000000008000fee4 (0xfcf76de3) bltu    a4, a5, pc - 38
core   0: 3 0x000000008000fee4 (0xfcf76de3)
core   0: 0x000000008000febe (0xfe043783) ld      a5, -32(s0)
core   0: 3 0x000000008000febe (0xfe043783) x15 0x0000000080012080 mem 0x0000000080031f50
core   0: 0x000000008000fec2 (0x00178713) addi    a4, a5, 1
core   0: 3 0x000000008000fec2 (0x00178713) x14 0x0000000080012081
core   0: 0x000000008000fec6 (0xfee43023) sd      a4, -32(s0)
core   0: 3 0x000000008000fec6 (0xfee43023) mem 0x0000000080031f50 0x0000000080012081
core   0: 0x000000008000feca (0xfc442703) lw      a4, -60(s0)
core   0: 3 0x000000008000feca (0xfc442703) x14 0x0000000000000000 mem 0x0000000080031f34
core   0: 0x000000008000fece (0x0ff77713) andi    a4, a4, 255
core   0: 3 0x000000008000fece (0x0ff77713) x14 0x0000000000000000
core   0: 0x000000008000fed2 (0x00e78023) sb      a4, 0(a5)
core   0: 3 0x000000008000fed2 (0x00e78023) mem 0x0000000080012080 0x00
core   0: 0x000000008000fed6 (0xfc843703) ld      a4, -56(s0)
core   0: 3 0x000000008000fed6 (0xfc843703) x14 0x0000000080012040 mem 0x0000000080031f38
core   0: 0x000000008000feda (0xfb843783) ld      a5, -72(s0)
core   0: 3 0x000000008000feda (0xfb843783) x15 0x000000000000009c mem 0x0000000080031f28
core   0: 0x000000008000fede (0x000097ba) c.add   a5, a4
core   0: 3 0x000000008000fede (0x97ba) x15 0x00000000800120dc
core   0: 0x000000008000fee0 (0xfe043703) ld      a4, -32(s0)
core   0: 3 0x000000008000fee0 (0xfe043703) x14 0x0000000080012081 mem 0x0000000080031f50
core   0: 0x000000008000fee4 (0xfcf76de3) bltu    a4, a5, pc - 38
core   0: 3 0x000000008000fee4 (0xfcf76de3)
core   0: 0x000000008000febe (0xfe043783) ld      a5, -32(s0)
core   0: 3 0x000000008000febe (0xfe043783) x15 0x0000000080012081 mem 0x0000000080031f50
core   0: 0x000000008000fec2 (0x00178713) addi    a4, a5, 1
core   0: 3 0x000000008000fec2 (0x00178713) x14 0x0000000080012082
core   0: 0x000000008000fec6 (0xfee43023) sd      a4, -32(s0)
core   0: 3 0x000000008000fec6 (0xfee43023) mem 0x0000000080031f50 0x0000000080012082
core   0: 0x000000008000feca (0xfc442703) lw      a4, -60(s0)
core   0: 3 0x000000008000feca (0xfc442703) x14 0x0000000000000000 mem 0x0000000080031f34
core   0: 0x000000008000fece (0x0ff77713) andi    a4, a4, 255
core   0: 3 0x000000008000fece (0x0ff77713) x14 0x0000000000000000
core   0: 0x000000008000fed2 (0x00e78023) sb      a4, 0(a5)
core   0: 3 0x000000008000fed2 (0x00e78023) mem 0x0000000080012081 0x00
core   0: 0x000000008000fed6 (0xfc843703) ld      a4, -56(s0)
core   0: 3 0x000000008000fed6 (0xfc843703) x14 0x0000000080012040 mem 0x0000000080031f38
core   0: 0x000000008000feda (0xfb843783) ld      a5, -72(s0)
core   0: 3 0x000000008000feda (0xfb843783) x15 0x000000000000009c mem 0x0000000080031f28
core   0: 0x000000008000fede (0x000097ba) c.add   a5, a4
core   0: 3 0x000000008000fede (0x97ba) x15 0x00000000800120dc
core   0: 0x000000008000fee0 (0xfe043703) ld      a4, -32(s0)
core   0: 3 0x000000008000fee0 (0xfe043703) x14 0x0000000080012082 mem 0x0000000080031f50
core   0: 0x000000008000fee4 (0xfcf76de3) bltu    a4, a5, pc - 38
core   0: 3 0x000000008000fee4 (0xfcf76de3)
core   0: 0x000000008000febe (0xfe043783) ld      a5, -32(s0)
core   0: 3 0x000000008000febe (0xfe043783) x15 0x0000000080012082 mem 0x0000000080031f50
core   0: 0x000000008000fec2 (0x00178713) addi    a4, a5, 1
core   0: 3 0x000000008000fec2 (0x00178713) x14 0x0000000080012083
core   0: 0x000000008000fec6 (0xfee43023) sd      a4, -32(s0)
core   0: 3 0x000000008000fec6 (0xfee43023) mem 0x0000000080031f50 0x0000000080012083
core   0: 0x000000008000feca (0xfc442703) lw      a4, -60(s0)
core   0: 3 0x000000008000feca (0xfc442703) x14 0x0000000000000000 mem 0x0000000080031f34
core   0: 0x000000008000fece (0x0ff77713) andi    a4, a4, 255
core   0: 3 0x000000008000fece (0x0ff77713) x14 0x0000000000000000
core   0: 0x000000008000fed2 (0x00e78023) sb      a4, 0(a5)
core   0: 3 0x000000008000fed2 (0x00e78023) mem 0x0000000080012082 0x00
core   0: 0x000000008000fed6 (0xfc843703) ld      a4, -56(s0)
core   0: 3 0x000000008000fed6 (0xfc843703) x14 0x0000000080012040 mem 0x0000000080031f38
core   0: 0x000000008000feda (0xfb843783) ld      a5, -72(s0)
core   0: 3 0x000000008000feda (0xfb843783) x15 0x000000000000009c mem 0x0000000080031f28
core   0: 0x000000008000fede (0x000097ba) c.add   a5, a4
core   0: 3 0x000000008000fede (0x97ba) x15 0x00000000800120dc
core   0: 0x000000008000fee0 (0xfe043703) ld      a4, -32(s0)
core   0: 3 0x000000008000fee0 (0xfe043703) x14 0x0000000080012083 mem 0x0000000080031f50
core   0: 0x000000008000fee4 (0xfcf76de3) bltu    a4, a5, pc - 38
core   0: 3 0x000000008000fee4 (0xfcf76de3)
core   0: 0x000000008000febe (0xfe043783) ld      a5, -32(s0)
core   0: 3 0x000000008000febe (0xfe043783) x15 0x0000000080012083 mem 0x0000000080031f50
core   0: 0x000000008000fec2 (0x00178713) addi    a4, a5, 1
core   0: 3 0x000000008000fec2 (0x00178713) x14 0x0000000080012084
core   0: 0x000000008000fec6 (0xfee43023) sd      a4, -32(s0)
core   0: 3 0x000000008000fec6 (0xfee43023) mem 0x0000000080031f50 0x0000000080012084
core   0: 0x000000008000feca (0xfc442703) lw      a4, -60(s0)
core   0: 3 0x000000008000feca (0xfc442703) x14 0x0000000000000000 mem 0x0000000080031f34
core   0: 0x000000008000fece (0x0ff77713) andi    a4, a4, 255
core   0: 3 0x000000008000fece (0x0ff77713) x14 0x0000000000000000
core   0: 0x000000008000fed2 (0x00e78023) sb      a4, 0(a5)
core   0: 3 0x000000008000fed2 (0x00e78023) mem 0x0000000080012083 0x00
core   0: 0x000000008000fed6 (0xfc843703) ld      a4, -56(s0)
core   0: 3 0x000000008000fed6 (0xfc843703) x14 0x0000000080012040 mem 0x0000000080031f38
core   0: 0x000000008000feda (0xfb843783) ld      a5, -72(s0)
core   0: 3 0x000000008000feda (0xfb843783) x15 0x000000000000009c mem 0x0000000080031f28
core   0: 0x000000008000fede (0x000097ba) c.add   a5, a4
core   0: 3 0x000000008000fede (0x97ba) x15 0x00000000800120dc
core   0: 0x000000008000fee0 (0xfe043703) ld      a4, -32(s0)
core   0: 3 0x000000008000fee0 (0xfe043703) x14 0x0000000080012084 mem 0x0000000080031f50
core   0: 0x000000008000fee4 (0xfcf76de3) bltu    a4, a5, pc - 38
core   0: 3 0x000000008000fee4 (0xfcf76de3)
core   0: 0x000000008000febe (0xfe043783) ld      a5, -32(s0)
core   0: 3 0x000000008000febe (0xfe043783) x15 0x0000000080012084 mem 0x0000000080031f50
core   0: 0x000000008000fec2 (0x00178713) addi    a4, a5, 1
core   0: 3 0x000000008000fec2 (0x00178713) x14 0x0000000080012085
core   0: 0x000000008000fec6 (0xfee43023) sd      a4, -32(s0)
core   0: 3 0x000000008000fec6 (0xfee43023) mem 0x0000000080031f50 0x0000000080012085
core   0: 0x000000008000feca (0xfc442703) lw      a4, -60(s0)
core   0: 3 0x000000008000feca (0xfc442703) x14 0x0000000000000000 mem 0x0000000080031f34
core   0: 0x000000008000fece (0x0ff77713) andi    a4, a4, 255
core   0: 3 0x000000008000fece (0x0ff77713) x14 0x0000000000000000
core   0: 0x000000008000fed2 (0x00e78023) sb      a4, 0(a5)
core   0: 3 0x000000008000fed2 (0x00e78023) mem 0x0000000080012084 0x00
core   0: 0x000000008000fed6 (0xfc843703) ld      a4, -56(s0)
core   0: 3 0x000000008000fed6 (0xfc843703) x14 0x0000000080012040 mem 0x0000000080031f38
core   0: 0x000000008000feda (0xfb843783) ld      a5, -72(s0)
core   0: 3 0x000000008000feda (0xfb843783) x15 0x000000000000009c mem 0x0000000080031f28
core   0: 0x000000008000fede (0x000097ba) c.add   a5, a4
core   0: 3 0x000000008000fede (0x97ba) x15 0x00000000800120dc
core   0: 0x000000008000fee0 (0xfe043703) ld      a4, -32(s0)
core   0: 3 0x000000008000fee0 (0xfe043703) x14 0x0000000080012085 mem 0x0000000080031f50
core   0: 0x000000008000fee4 (0xfcf76de3) bltu    a4, a5, pc - 38
core   0: 3 0x000000008000fee4 (0xfcf76de3)
core   0: 0x000000008000febe (0xfe043783) ld      a5, -32(s0)
core   0: 3 0x000000008000febe (0xfe043783) x15 0x0000000080012085 mem 0x0000000080031f50
core   0: 0x000000008000fec2 (0x00178713) addi    a4, a5, 1
core   0: 3 0x000000008000fec2 (0x00178713) x14 0x0000000080012086
core   0: 0x000000008000fec6 (0xfee43023) sd      a4, -32(s0)
core   0: 3 0x000000008000fec6 (0xfee43023) mem 0x0000000080031f50 0x0000000080012086
core   0: 0x000000008000feca (0xfc442703) lw      a4, -60(s0)
core   0: 3 0x000000008000feca (0xfc442703) x14 0x0000000000000000 mem 0x0000000080031f34
core   0: 0x000000008000fece (0x0ff77713) andi    a4, a4, 255
core   0: 3 0x000000008000fece (0x0ff77713) x14 0x0000000000000000
core   0: 0x000000008000fed2 (0x00e78023) sb      a4, 0(a5)
core   0: 3 0x000000008000fed2 (0x00e78023) mem 0x0000000080012085 0x00
core   0: 0x000000008000fed6 (0xfc843703) ld      a4, -56(s0)
core   0: 3 0x000000008000fed6 (0xfc843703) x14 0x0000000080012040 mem 0x0000000080031f38
core   0: 0x000000008000feda (0xfb843783) ld      a5, -72(s0)
core   0: 3 0x000000008000feda (0xfb843783) x15 0x000000000000009c mem 0x0000000080031f28
core   0: 0x000000008000fede (0x000097ba) c.add   a5, a4
core   0: 3 0x000000008000fede (0x97ba) x15 0x00000000800120dc
core   0: 0x000000008000fee0 (0xfe043703) ld      a4, -32(s0)
core   0: 3 0x000000008000fee0 (0xfe043703) x14 0x0000000080012086 mem 0x0000000080031f50
core   0: 0x000000008000fee4 (0xfcf76de3) bltu    a4, a5, pc - 38
core   0: 3 0x000000008000fee4 (0xfcf76de3)
core   0: 0x000000008000febe (0xfe043783) ld      a5, -32(s0)
core   0: 3 0x000000008000febe (0xfe043783) x15 0x0000000080012086 mem 0x0000000080031f50
core   0: 0x000000008000fec2 (0x00178713) addi    a4, a5, 1
core   0: 3 0x000000008000fec2 (0x00178713) x14 0x0000000080012087
core   0: 0x000000008000fec6 (0xfee43023) sd      a4, -32(s0)
core   0: 3 0x000000008000fec6 (0xfee43023) mem 0x0000000080031f50 0x0000000080012087
core   0: 0x000000008000feca (0xfc442703) lw      a4, -60(s0)
core   0: 3 0x000000008000feca (0xfc442703) x14 0x0000000000000000 mem 0x0000000080031f34
core   0: 0x000000008000fece (0x0ff77713) andi    a4, a4, 255
core   0: 3 0x000000008000fece (0x0ff77713) x14 0x0000000000000000
core   0: 0x000000008000fed2 (0x00e78023) sb      a4, 0(a5)
core   0: 3 0x000000008000fed2 (0x00e78023) mem 0x0000000080012086 0x00
core   0: 0x000000008000fed6 (0xfc843703) ld      a4, -56(s0)
core   0: 3 0x000000008000fed6 (0xfc843703) x14 0x0000000080012040 mem 0x0000000080031f38
core   0: 0x000000008000feda (0xfb843783) ld      a5, -72(s0)
core   0: 3 0x000000008000feda (0xfb843783) x15 0x000000000000009c mem 0x0000000080031f28
core   0: 0x000000008000fede (0x000097ba) c.add   a5, a4
core   0: 3 0x000000008000fede (0x97ba) x15 0x00000000800120dc
core   0: 0x000000008000fee0 (0xfe043703) ld      a4, -32(s0)
core   0: 3 0x000000008000fee0 (0xfe043703) x14 0x0000000080012087 mem 0x0000000080031f50
core   0: 0x000000008000fee4 (0xfcf76de3) bltu    a4, a5, pc - 38
core   0: 3 0x000000008000fee4 (0xfcf76de3)
core   0: 0x000000008000febe (0xfe043783) ld      a5, -32(s0)
core   0: 3 0x000000008000febe (0xfe043783) x15 0x0000000080012087 mem 0x0000000080031f50
core   0: 0x000000008000fec2 (0x00178713) addi    a4, a5, 1
core   0: 3 0x000000008000fec2 (0x00178713) x14 0x0000000080012088
core   0: 0x000000008000fec6 (0xfee43023) sd      a4, -32(s0)
core   0: 3 0x000000008000fec6 (0xfee43023) mem 0x0000000080031f50 0x0000000080012088
core   0: 0x000000008000feca (0xfc442703) lw      a4, -60(s0)
core   0: 3 0x000000008000feca (0xfc442703) x14 0x0000000000000000 mem 0x0000000080031f34
core   0: 0x000000008000fece (0x0ff77713) andi    a4, a4, 255
core   0: 3 0x000000008000fece (0x0ff77713) x14 0x0000000000000000
core   0: 0x000000008000fed2 (0x00e78023) sb      a4, 0(a5)
core   0: 3 0x000000008000fed2 (0x00e78023) mem 0x0000000080012087 0x00
core   0: 0x000000008000fed6 (0xfc843703) ld      a4, -56(s0)
core   0: 3 0x000000008000fed6 (0xfc843703) x14 0x0000000080012040 mem 0x0000000080031f38
core   0: 0x000000008000feda (0xfb843783) ld      a5, -72(s0)
core   0: 3 0x000000008000feda (0xfb843783) x15 0x000000000000009c mem 0x0000000080031f28
core   0: 0x000000008000fede (0x000097ba) c.add   a5, a4
core   0: 3 0x000000008000fede (0x97ba) x15 0x00000000800120dc
core   0: 0x000000008000fee0 (0xfe043703) ld      a4, -32(s0)
core   0: 3 0x000000008000fee0 (0xfe043703) x14 0x0000000080012088 mem 0x0000000080031f50
core   0: 0x000000008000fee4 (0xfcf76de3) bltu    a4, a5, pc - 38
core   0: 3 0x000000008000fee4 (0xfcf76de3)
core   0: 0x000000008000febe (0xfe043783) ld      a5, -32(s0)
core   0: 3 0x000000008000febe (0xfe043783) x15 0x0000000080012088 mem 0x0000000080031f50
core   0: 0x000000008000fec2 (0x00178713) addi    a4, a5, 1
core   0: 3 0x000000008000fec2 (0x00178713) x14 0x0000000080012089
core   0: 0x000000008000fec6 (0xfee43023) sd      a4, -32(s0)
core   0: 3 0x000000008000fec6 (0xfee43023) mem 0x0000000080031f50 0x0000000080012089
core   0: 0x000000008000feca (0xfc442703) lw      a4, -60(s0)
core   0: 3 0x000000008000feca (0xfc442703) x14 0x0000000000000000 mem 0x0000000080031f34
core   0: 0x000000008000fece (0x0ff77713) andi    a4, a4, 255
core   0: 3 0x000000008000fece (0x0ff77713) x14 0x0000000000000000
core   0: 0x000000008000fed2 (0x00e78023) sb      a4, 0(a5)
core   0: 3 0x000000008000fed2 (0x00e78023) mem 0x0000000080012088 0x00
core   0: 0x000000008000fed6 (0xfc843703) ld      a4, -56(s0)
core   0: 3 0x000000008000fed6 (0xfc843703) x14 0x0000000080012040 mem 0x0000000080031f38
core   0: 0x000000008000feda (0xfb843783) ld      a5, -72(s0)
core   0: 3 0x000000008000feda (0xfb843783) x15 0x000000000000009c mem 0x0000000080031f28
core   0: 0x000000008000fede (0x000097ba) c.add   a5, a4
core   0: 3 0x000000008000fede (0x97ba) x15 0x00000000800120dc
core   0: 0x000000008000fee0 (0xfe043703) ld      a4, -32(s0)
core   0: 3 0x000000008000fee0 (0xfe043703) x14 0x0000000080012089 mem 0x0000000080031f50
core   0: 0x000000008000fee4 (0xfcf76de3) bltu    a4, a5, pc - 38
core   0: 3 0x000000008000fee4 (0xfcf76de3)
core   0: 0x000000008000febe (0xfe043783) ld      a5, -32(s0)
core   0: 3 0x000000008000febe (0xfe043783) x15 0x0000000080012089 mem 0x0000000080031f50
core   0: 0x000000008000fec2 (0x00178713) addi    a4, a5, 1
core   0: 3 0x000000008000fec2 (0x00178713) x14 0x000000008001208a
core   0: 0x000000008000fec6 (0xfee43023) sd      a4, -32(s0)
core   0: 3 0x000000008000fec6 (0xfee43023) mem 0x0000000080031f50 0x000000008001208a
core   0: 0x000000008000feca (0xfc442703) lw      a4, -60(s0)
core   0: 3 0x000000008000feca (0xfc442703) x14 0x0000000000000000 mem 0x0000000080031f34
core   0: 0x000000008000fece (0x0ff77713) andi    a4, a4, 255
core   0: 3 0x000000008000fece (0x0ff77713) x14 0x0000000000000000
core   0: 0x000000008000fed2 (0x00e78023) sb      a4, 0(a5)
core   0: 3 0x000000008000fed2 (0x00e78023) mem 0x0000000080012089 0x00
core   0: 0x000000008000fed6 (0xfc843703) ld      a4, -56(s0)
core   0: 3 0x000000008000fed6 (0xfc843703) x14 0x0000000080012040 mem 0x0000000080031f38
core   0: 0x000000008000feda (0xfb843783) ld      a5, -72(s0)
core   0: 3 0x000000008000feda (0xfb843783) x15 0x000000000000009c mem 0x0000000080031f28
core   0: 0x000000008000fede (0x000097ba) c.add   a5, a4
core   0: 3 0x000000008000fede (0x97ba) x15 0x00000000800120dc
core   0: 0x000000008000fee0 (0xfe043703) ld      a4, -32(s0)
core   0: 3 0x000000008000fee0 (0xfe043703) x14 0x000000008001208a mem 0x0000000080031f50
core   0: 0x000000008000fee4 (0xfcf76de3) bltu    a4, a5, pc - 38
core   0: 3 0x000000008000fee4 (0xfcf76de3)
core   0: 0x000000008000febe (0xfe043783) ld      a5, -32(s0)
core   0: 3 0x000000008000febe (0xfe043783) x15 0x000000008001208a mem 0x0000000080031f50
core   0: 0x000000008000fec2 (0x00178713) addi    a4, a5, 1
core   0: 3 0x000000008000fec2 (0x00178713) x14 0x000000008001208b
core   0: 0x000000008000fec6 (0xfee43023) sd      a4, -32(s0)
core   0: 3 0x000000008000fec6 (0xfee43023) mem 0x0000000080031f50 0x000000008001208b
core   0: 0x000000008000feca (0xfc442703) lw      a4, -60(s0)
core   0: 3 0x000000008000feca (0xfc442703) x14 0x0000000000000000 mem 0x0000000080031f34
core   0: 0x000000008000fece (0x0ff77713) andi    a4, a4, 255
core   0: 3 0x000000008000fece (0x0ff77713) x14 0x0000000000000000
core   0: 0x000000008000fed2 (0x00e78023) sb      a4, 0(a5)
core   0: 3 0x000000008000fed2 (0x00e78023) mem 0x000000008001208a 0x00
core   0: 0x000000008000fed6 (0xfc843703) ld      a4, -56(s0)
core   0: 3 0x000000008000fed6 (0xfc843703) x14 0x0000000080012040 mem 0x0000000080031f38
core   0: 0x000000008000feda (0xfb843783) ld      a5, -72(s0)
core   0: 3 0x000000008000feda (0xfb843783) x15 0x000000000000009c mem 0x0000000080031f28
core   0: 0x000000008000fede (0x000097ba) c.add   a5, a4
core   0: 3 0x000000008000fede (0x97ba) x15 0x00000000800120dc
core   0: 0x000000008000fee0 (0xfe043703) ld      a4, -32(s0)
core   0: 3 0x000000008000fee0 (0xfe043703) x14 0x000000008001208b mem 0x0000000080031f50
core   0: 0x000000008000fee4 (0xfcf76de3) bltu    a4, a5, pc - 38
core   0: 3 0x000000008000fee4 (0xfcf76de3)
core   0: 0x000000008000febe (0xfe043783) ld      a5, -32(s0)
core   0: 3 0x000000008000febe (0xfe043783) x15 0x000000008001208b mem 0x0000000080031f50
core   0: 0x000000008000fec2 (0x00178713) addi    a4, a5, 1
core   0: 3 0x000000008000fec2 (0x00178713) x14 0x000000008001208c
core   0: 0x000000008000fec6 (0xfee43023) sd      a4, -32(s0)
core   0: 3 0x000000008000fec6 (0xfee43023) mem 0x0000000080031f50 0x000000008001208c
core   0: 0x000000008000feca (0xfc442703) lw      a4, -60(s0)
core   0: 3 0x000000008000feca (0xfc442703) x14 0x0000000000000000 mem 0x0000000080031f34
core   0: 0x000000008000fece (0x0ff77713) andi    a4, a4, 255
core   0: 3 0x000000008000fece (0x0ff77713) x14 0x0000000000000000
core   0: 0x000000008000fed2 (0x00e78023) sb      a4, 0(a5)
core   0: 3 0x000000008000fed2 (0x00e78023) mem 0x000000008001208b 0x00
core   0: 0x000000008000fed6 (0xfc843703) ld      a4, -56(s0)
core   0: 3 0x000000008000fed6 (0xfc843703) x14 0x0000000080012040 mem 0x0000000080031f38
core   0: 0x000000008000feda (0xfb843783) ld      a5, -72(s0)
core   0: 3 0x000000008000feda (0xfb843783) x15 0x000000000000009c mem 0x0000000080031f28
core   0: 0x000000008000fede (0x000097ba) c.add   a5, a4
core   0: 3 0x000000008000fede (0x97ba) x15 0x00000000800120dc
core   0: 0x000000008000fee0 (0xfe043703) ld      a4, -32(s0)
core   0: 3 0x000000008000fee0 (0xfe043703) x14 0x000000008001208c mem 0x0000000080031f50
core   0: 0x000000008000fee4 (0xfcf76de3) bltu    a4, a5, pc - 38
core   0: 3 0x000000008000fee4 (0xfcf76de3)
core   0: 0x000000008000febe (0xfe043783) ld      a5, -32(s0)
core   0: 3 0x000000008000febe (0xfe043783) x15 0x000000008001208c mem 0x0000000080031f50
core   0: 0x000000008000fec2 (0x00178713) addi    a4, a5, 1
core   0: 3 0x000000008000fec2 (0x00178713) x14 0x000000008001208d
core   0: 0x000000008000fec6 (0xfee43023) sd      a4, -32(s0)
core   0: 3 0x000000008000fec6 (0xfee43023) mem 0x0000000080031f50 0x000000008001208d
core   0: 0x000000008000feca (0xfc442703) lw      a4, -60(s0)
core   0: 3 0x000000008000feca (0xfc442703) x14 0x0000000000000000 mem 0x0000000080031f34
core   0: 0x000000008000fece (0x0ff77713) andi    a4, a4, 255
core   0: 3 0x000000008000fece (0x0ff77713) x14 0x0000000000000000
core   0: 0x000000008000fed2 (0x00e78023) sb      a4, 0(a5)
core   0: 3 0x000000008000fed2 (0x00e78023) mem 0x000000008001208c 0x00
core   0: 0x000000008000fed6 (0xfc843703) ld      a4, -56(s0)
core   0: 3 0x000000008000fed6 (0xfc843703) x14 0x0000000080012040 mem 0x0000000080031f38
core   0: 0x000000008000feda (0xfb843783) ld      a5, -72(s0)
core   0: 3 0x000000008000feda (0xfb843783) x15 0x000000000000009c mem 0x0000000080031f28
core   0: 0x000000008000fede (0x000097ba) c.add   a5, a4
core   0: 3 0x000000008000fede (0x97ba) x15 0x00000000800120dc
core   0: 0x000000008000fee0 (0xfe043703) ld      a4, -32(s0)
core   0: 3 0x000000008000fee0 (0xfe043703) x14 0x000000008001208d mem 0x0000000080031f50
core   0: 0x000000008000fee4 (0xfcf76de3) bltu    a4, a5, pc - 38
core   0: 3 0x000000008000fee4 (0xfcf76de3)
core   0: 0x000000008000febe (0xfe043783) ld      a5, -32(s0)
core   0: 3 0x000000008000febe (0xfe043783) x15 0x000000008001208d mem 0x0000000080031f50
core   0: 0x000000008000fec2 (0x00178713) addi    a4, a5, 1
core   0: 3 0x000000008000fec2 (0x00178713) x14 0x000000008001208e
core   0: 0x000000008000fec6 (0xfee43023) sd      a4, -32(s0)
core   0: 3 0x000000008000fec6 (0xfee43023) mem 0x0000000080031f50 0x000000008001208e
core   0: 0x000000008000feca (0xfc442703) lw      a4, -60(s0)
core   0: 3 0x000000008000feca (0xfc442703) x14 0x0000000000000000 mem 0x0000000080031f34
core   0: 0x000000008000fece (0x0ff77713) andi    a4, a4, 255
core   0: 3 0x000000008000fece (0x0ff77713) x14 0x0000000000000000
core   0: 0x000000008000fed2 (0x00e78023) sb      a4, 0(a5)
core   0: 3 0x000000008000fed2 (0x00e78023) mem 0x000000008001208d 0x00
core   0: 0x000000008000fed6 (0xfc843703) ld      a4, -56(s0)
core   0: 3 0x000000008000fed6 (0xfc843703) x14 0x0000000080012040 mem 0x0000000080031f38
core   0: 0x000000008000feda (0xfb843783) ld      a5, -72(s0)
core   0: 3 0x000000008000feda (0xfb843783) x15 0x000000000000009c mem 0x0000000080031f28
core   0: 0x000000008000fede (0x000097ba) c.add   a5, a4
core   0: 3 0x000000008000fede (0x97ba) x15 0x00000000800120dc
core   0: 0x000000008000fee0 (0xfe043703) ld      a4, -32(s0)
core   0: 3 0x000000008000fee0 (0xfe043703) x14 0x000000008001208e mem 0x0000000080031f50
core   0: 0x000000008000fee4 (0xfcf76de3) bltu    a4, a5, pc - 38
core   0: 3 0x000000008000fee4 (0xfcf76de3)
core   0: 0x000000008000febe (0xfe043783) ld      a5, -32(s0)
core   0: 3 0x000000008000febe (0xfe043783) x15 0x000000008001208e mem 0x0000000080031f50
core   0: 0x000000008000fec2 (0x00178713) addi    a4, a5, 1
core   0: 3 0x000000008000fec2 (0x00178713) x14 0x000000008001208f
core   0: 0x000000008000fec6 (0xfee43023) sd      a4, -32(s0)
core   0: 3 0x000000008000fec6 (0xfee43023) mem 0x0000000080031f50 0x000000008001208f
core   0: 0x000000008000feca (0xfc442703) lw      a4, -60(s0)
core   0: 3 0x000000008000feca (0xfc442703) x14 0x0000000000000000 mem 0x0000000080031f34
core   0: 0x000000008000fece (0x0ff77713) andi    a4, a4, 255
core   0: 3 0x000000008000fece (0x0ff77713) x14 0x0000000000000000
core   0: 0x000000008000fed2 (0x00e78023) sb      a4, 0(a5)
core   0: 3 0x000000008000fed2 (0x00e78023) mem 0x000000008001208e 0x00
core   0: 0x000000008000fed6 (0xfc843703) ld      a4, -56(s0)
core   0: 3 0x000000008000fed6 (0xfc843703) x14 0x0000000080012040 mem 0x0000000080031f38
core   0: 0x000000008000feda (0xfb843783) ld      a5, -72(s0)
core   0: 3 0x000000008000feda (0xfb843783) x15 0x000000000000009c mem 0x0000000080031f28
core   0: 0x000000008000fede (0x000097ba) c.add   a5, a4
core   0: 3 0x000000008000fede (0x97ba) x15 0x00000000800120dc
core   0: 0x000000008000fee0 (0xfe043703) ld      a4, -32(s0)
core   0: 3 0x000000008000fee0 (0xfe043703) x14 0x000000008001208f mem 0x0000000080031f50
core   0: 0x000000008000fee4 (0xfcf76de3) bltu    a4, a5, pc - 38
core   0: 3 0x000000008000fee4 (0xfcf76de3)
core   0: 0x000000008000febe (0xfe043783) ld      a5, -32(s0)
core   0: 3 0x000000008000febe (0xfe043783) x15 0x000000008001208f mem 0x0000000080031f50
core   0: 0x000000008000fec2 (0x00178713) addi    a4, a5, 1
core   0: 3 0x000000008000fec2 (0x00178713) x14 0x0000000080012090
core   0: 0x000000008000fec6 (0xfee43023) sd      a4, -32(s0)
core   0: 3 0x000000008000fec6 (0xfee43023) mem 0x0000000080031f50 0x0000000080012090
core   0: 0x000000008000feca (0xfc442703) lw      a4, -60(s0)
core   0: 3 0x000000008000feca (0xfc442703) x14 0x0000000000000000 mem 0x0000000080031f34
core   0: 0x000000008000fece (0x0ff77713) andi    a4, a4, 255
core   0: 3 0x000000008000fece (0x0ff77713) x14 0x0000000000000000
core   0: 0x000000008000fed2 (0x00e78023) sb      a4, 0(a5)
core   0: 3 0x000000008000fed2 (0x00e78023) mem 0x000000008001208f 0x00
core   0: 0x000000008000fed6 (0xfc843703) ld      a4, -56(s0)
core   0: 3 0x000000008000fed6 (0xfc843703) x14 0x0000000080012040 mem 0x0000000080031f38
core   0: 0x000000008000feda (0xfb843783) ld      a5, -72(s0)
core   0: 3 0x000000008000feda (0xfb843783) x15 0x000000000000009c mem 0x0000000080031f28
core   0: 0x000000008000fede (0x000097ba) c.add   a5, a4
core   0: 3 0x000000008000fede (0x97ba) x15 0x00000000800120dc
core   0: 0x000000008000fee0 (0xfe043703) ld      a4, -32(s0)
core   0: 3 0x000000008000fee0 (0xfe043703) x14 0x0000000080012090 mem 0x0000000080031f50
core   0: 0x000000008000fee4 (0xfcf76de3) bltu    a4, a5, pc - 38
core   0: 3 0x000000008000fee4 (0xfcf76de3)
core   0: 0x000000008000febe (0xfe043783) ld      a5, -32(s0)
core   0: 3 0x000000008000febe (0xfe043783) x15 0x0000000080012090 mem 0x0000000080031f50
core   0: 0x000000008000fec2 (0x00178713) addi    a4, a5, 1
core   0: 3 0x000000008000fec2 (0x00178713) x14 0x0000000080012091
core   0: 0x000000008000fec6 (0xfee43023) sd      a4, -32(s0)
core   0: 3 0x000000008000fec6 (0xfee43023) mem 0x0000000080031f50 0x0000000080012091
core   0: 0x000000008000feca (0xfc442703) lw      a4, -60(s0)
core   0: 3 0x000000008000feca (0xfc442703) x14 0x0000000000000000 mem 0x0000000080031f34
core   0: 0x000000008000fece (0x0ff77713) andi    a4, a4, 255
core   0: 3 0x000000008000fece (0x0ff77713) x14 0x0000000000000000
core   0: 0x000000008000fed2 (0x00e78023) sb      a4, 0(a5)
core   0: 3 0x000000008000fed2 (0x00e78023) mem 0x0000000080012090 0x00
core   0: 0x000000008000fed6 (0xfc843703) ld      a4, -56(s0)
core   0: 3 0x000000008000fed6 (0xfc843703) x14 0x0000000080012040 mem 0x0000000080031f38
core   0: 0x000000008000feda (0xfb843783) ld      a5, -72(s0)
core   0: 3 0x000000008000feda (0xfb843783) x15 0x000000000000009c mem 0x0000000080031f28
core   0: 0x000000008000fede (0x000097ba) c.add   a5, a4
core   0: 3 0x000000008000fede (0x97ba) x15 0x00000000800120dc
core   0: 0x000000008000fee0 (0xfe043703) ld      a4, -32(s0)
core   0: 3 0x000000008000fee0 (0xfe043703) x14 0x0000000080012091 mem 0x0000000080031f50
core   0: 0x000000008000fee4 (0xfcf76de3) bltu    a4, a5, pc - 38
core   0: 3 0x000000008000fee4 (0xfcf76de3)
core   0: 0x000000008000febe (0xfe043783) ld      a5, -32(s0)
core   0: 3 0x000000008000febe (0xfe043783) x15 0x0000000080012091 mem 0x0000000080031f50
core   0: 0x000000008000fec2 (0x00178713) addi    a4, a5, 1
core   0: 3 0x000000008000fec2 (0x00178713) x14 0x0000000080012092
core   0: 0x000000008000fec6 (0xfee43023) sd      a4, -32(s0)
core   0: 3 0x000000008000fec6 (0xfee43023) mem 0x0000000080031f50 0x0000000080012092
core   0: 0x000000008000feca (0xfc442703) lw      a4, -60(s0)
core   0: 3 0x000000008000feca (0xfc442703) x14 0x0000000000000000 mem 0x0000000080031f34
core   0: 0x000000008000fece (0x0ff77713) andi    a4, a4, 255
core   0: 3 0x000000008000fece (0x0ff77713) x14 0x0000000000000000
core   0: 0x000000008000fed2 (0x00e78023) sb      a4, 0(a5)
core   0: 3 0x000000008000fed2 (0x00e78023) mem 0x0000000080012091 0x00
core   0: 0x000000008000fed6 (0xfc843703) ld      a4, -56(s0)
core   0: 3 0x000000008000fed6 (0xfc843703) x14 0x0000000080012040 mem 0x0000000080031f38
core   0: 0x000000008000feda (0xfb843783) ld      a5, -72(s0)
core   0: 3 0x000000008000feda (0xfb843783) x15 0x000000000000009c mem 0x0000000080031f28
core   0: 0x000000008000fede (0x000097ba) c.add   a5, a4
core   0: 3 0x000000008000fede (0x97ba) x15 0x00000000800120dc
core   0: 0x000000008000fee0 (0xfe043703) ld      a4, -32(s0)
core   0: 3 0x000000008000fee0 (0xfe043703) x14 0x0000000080012092 mem 0x0000000080031f50
core   0: 0x000000008000fee4 (0xfcf76de3) bltu    a4, a5, pc - 38
core   0: 3 0x000000008000fee4 (0xfcf76de3)
core   0: 0x000000008000febe (0xfe043783) ld      a5, -32(s0)
core   0: 3 0x000000008000febe (0xfe043783) x15 0x0000000080012092 mem 0x0000000080031f50
core   0: 0x000000008000fec2 (0x00178713) addi    a4, a5, 1
core   0: 3 0x000000008000fec2 (0x00178713) x14 0x0000000080012093
core   0: 0x000000008000fec6 (0xfee43023) sd      a4, -32(s0)
core   0: 3 0x000000008000fec6 (0xfee43023) mem 0x0000000080031f50 0x0000000080012093
core   0: 0x000000008000feca (0xfc442703) lw      a4, -60(s0)
core   0: 3 0x000000008000feca (0xfc442703) x14 0x0000000000000000 mem 0x0000000080031f34
core   0: 0x000000008000fece (0x0ff77713) andi    a4, a4, 255
core   0: 3 0x000000008000fece (0x0ff77713) x14 0x0000000000000000
core   0: 0x000000008000fed2 (0x00e78023) sb      a4, 0(a5)
core   0: 3 0x000000008000fed2 (0x00e78023) mem 0x0000000080012092 0x00
core   0: 0x000000008000fed6 (0xfc843703) ld      a4, -56(s0)
core   0: 3 0x000000008000fed6 (0xfc843703) x14 0x0000000080012040 mem 0x0000000080031f38
core   0: 0x000000008000feda (0xfb843783) ld      a5, -72(s0)
core   0: 3 0x000000008000feda (0xfb843783) x15 0x000000000000009c mem 0x0000000080031f28
core   0: 0x000000008000fede (0x000097ba) c.add   a5, a4
core   0: 3 0x000000008000fede (0x97ba) x15 0x00000000800120dc
core   0: 0x000000008000fee0 (0xfe043703) ld      a4, -32(s0)
core   0: 3 0x000000008000fee0 (0xfe043703) x14 0x0000000080012093 mem 0x0000000080031f50
core   0: 0x000000008000fee4 (0xfcf76de3) bltu    a4, a5, pc - 38
core   0: 3 0x000000008000fee4 (0xfcf76de3)
core   0: 0x000000008000febe (0xfe043783) ld      a5, -32(s0)
core   0: 3 0x000000008000febe (0xfe043783) x15 0x0000000080012093 mem 0x0000000080031f50
core   0: 0x000000008000fec2 (0x00178713) addi    a4, a5, 1
core   0: 3 0x000000008000fec2 (0x00178713) x14 0x0000000080012094
core   0: 0x000000008000fec6 (0xfee43023) sd      a4, -32(s0)
core   0: 3 0x000000008000fec6 (0xfee43023) mem 0x0000000080031f50 0x0000000080012094
core   0: 0x000000008000feca (0xfc442703) lw      a4, -60(s0)
core   0: 3 0x000000008000feca (0xfc442703) x14 0x0000000000000000 mem 0x0000000080031f34
core   0: 0x000000008000fece (0x0ff77713) andi    a4, a4, 255
core   0: 3 0x000000008000fece (0x0ff77713) x14 0x0000000000000000
core   0: 0x000000008000fed2 (0x00e78023) sb      a4, 0(a5)
core   0: 3 0x000000008000fed2 (0x00e78023) mem 0x0000000080012093 0x00
core   0: 0x000000008000fed6 (0xfc843703) ld      a4, -56(s0)
core   0: 3 0x000000008000fed6 (0xfc843703) x14 0x0000000080012040 mem 0x0000000080031f38
core   0: 0x000000008000feda (0xfb843783) ld      a5, -72(s0)
core   0: 3 0x000000008000feda (0xfb843783) x15 0x000000000000009c mem 0x0000000080031f28
core   0: 0x000000008000fede (0x000097ba) c.add   a5, a4
core   0: 3 0x000000008000fede (0x97ba) x15 0x00000000800120dc
core   0: 0x000000008000fee0 (0xfe043703) ld      a4, -32(s0)
core   0: 3 0x000000008000fee0 (0xfe043703) x14 0x0000000080012094 mem 0x0000000080031f50
core   0: 0x000000008000fee4 (0xfcf76de3) bltu    a4, a5, pc - 38
core   0: 3 0x000000008000fee4 (0xfcf76de3)
core   0: 0x000000008000febe (0xfe043783) ld      a5, -32(s0)
core   0: 3 0x000000008000febe (0xfe043783) x15 0x0000000080012094 mem 0x0000000080031f50
core   0: 0x000000008000fec2 (0x00178713) addi    a4, a5, 1
core   0: 3 0x000000008000fec2 (0x00178713) x14 0x0000000080012095
core   0: 0x000000008000fec6 (0xfee43023) sd      a4, -32(s0)
core   0: 3 0x000000008000fec6 (0xfee43023) mem 0x0000000080031f50 0x0000000080012095
core   0: 0x000000008000feca (0xfc442703) lw      a4, -60(s0)
core   0: 3 0x000000008000feca (0xfc442703) x14 0x0000000000000000 mem 0x0000000080031f34
core   0: 0x000000008000fece (0x0ff77713) andi    a4, a4, 255
core   0: 3 0x000000008000fece (0x0ff77713) x14 0x0000000000000000
core   0: 0x000000008000fed2 (0x00e78023) sb      a4, 0(a5)
core   0: 3 0x000000008000fed2 (0x00e78023) mem 0x0000000080012094 0x00
core   0: 0x000000008000fed6 (0xfc843703) ld      a4, -56(s0)
core   0: 3 0x000000008000fed6 (0xfc843703) x14 0x0000000080012040 mem 0x0000000080031f38
core   0: 0x000000008000feda (0xfb843783) ld      a5, -72(s0)
core   0: 3 0x000000008000feda (0xfb843783) x15 0x000000000000009c mem 0x0000000080031f28
core   0: 0x000000008000fede (0x000097ba) c.add   a5, a4
core   0: 3 0x000000008000fede (0x97ba) x15 0x00000000800120dc
core   0: 0x000000008000fee0 (0xfe043703) ld      a4, -32(s0)
core   0: 3 0x000000008000fee0 (0xfe043703) x14 0x0000000080012095 mem 0x0000000080031f50
core   0: 0x000000008000fee4 (0xfcf76de3) bltu    a4, a5, pc - 38
core   0: 3 0x000000008000fee4 (0xfcf76de3)
core   0: 0x000000008000febe (0xfe043783) ld      a5, -32(s0)
core   0: 3 0x000000008000febe (0xfe043783) x15 0x0000000080012095 mem 0x0000000080031f50
core   0: 0x000000008000fec2 (0x00178713) addi    a4, a5, 1
core   0: 3 0x000000008000fec2 (0x00178713) x14 0x0000000080012096
core   0: 0x000000008000fec6 (0xfee43023) sd      a4, -32(s0)
core   0: 3 0x000000008000fec6 (0xfee43023) mem 0x0000000080031f50 0x0000000080012096
core   0: 0x000000008000feca (0xfc442703) lw      a4, -60(s0)
core   0: 3 0x000000008000feca (0xfc442703) x14 0x0000000000000000 mem 0x0000000080031f34
core   0: 0x000000008000fece (0x0ff77713) andi    a4, a4, 255
core   0: 3 0x000000008000fece (0x0ff77713) x14 0x0000000000000000
core   0: 0x000000008000fed2 (0x00e78023) sb      a4, 0(a5)
core   0: 3 0x000000008000fed2 (0x00e78023) mem 0x0000000080012095 0x00
core   0: 0x000000008000fed6 (0xfc843703) ld      a4, -56(s0)
core   0: 3 0x000000008000fed6 (0xfc843703) x14 0x0000000080012040 mem 0x0000000080031f38
core   0: 0x000000008000feda (0xfb843783) ld      a5, -72(s0)
core   0: 3 0x000000008000feda (0xfb843783) x15 0x000000000000009c mem 0x0000000080031f28
core   0: 0x000000008000fede (0x000097ba) c.add   a5, a4
core   0: 3 0x000000008000fede (0x97ba) x15 0x00000000800120dc
core   0: 0x000000008000fee0 (0xfe043703) ld      a4, -32(s0)
core   0: 3 0x000000008000fee0 (0xfe043703) x14 0x0000000080012096 mem 0x0000000080031f50
core   0: 0x000000008000fee4 (0xfcf76de3) bltu    a4, a5, pc - 38
core   0: 3 0x000000008000fee4 (0xfcf76de3)
core   0: 0x000000008000febe (0xfe043783) ld      a5, -32(s0)
core   0: 3 0x000000008000febe (0xfe043783) x15 0x0000000080012096 mem 0x0000000080031f50
core   0: 0x000000008000fec2 (0x00178713) addi    a4, a5, 1
core   0: 3 0x000000008000fec2 (0x00178713) x14 0x0000000080012097
core   0: 0x000000008000fec6 (0xfee43023) sd      a4, -32(s0)
core   0: 3 0x000000008000fec6 (0xfee43023) mem 0x0000000080031f50 0x0000000080012097
core   0: 0x000000008000feca (0xfc442703) lw      a4, -60(s0)
core   0: 3 0x000000008000feca (0xfc442703) x14 0x0000000000000000 mem 0x0000000080031f34
core   0: 0x000000008000fece (0x0ff77713) andi    a4, a4, 255
core   0: 3 0x000000008000fece (0x0ff77713) x14 0x0000000000000000
core   0: 0x000000008000fed2 (0x00e78023) sb      a4, 0(a5)
core   0: 3 0x000000008000fed2 (0x00e78023) mem 0x0000000080012096 0x00
core   0: 0x000000008000fed6 (0xfc843703) ld      a4, -56(s0)
core   0: 3 0x000000008000fed6 (0xfc843703) x14 0x0000000080012040 mem 0x0000000080031f38
core   0: 0x000000008000feda (0xfb843783) ld      a5, -72(s0)
core   0: 3 0x000000008000feda (0xfb843783) x15 0x000000000000009c mem 0x0000000080031f28
core   0: 0x000000008000fede (0x000097ba) c.add   a5, a4
core   0: 3 0x000000008000fede (0x97ba) x15 0x00000000800120dc
core   0: 0x000000008000fee0 (0xfe043703) ld      a4, -32(s0)
core   0: 3 0x000000008000fee0 (0xfe043703) x14 0x0000000080012097 mem 0x0000000080031f50
core   0: 0x000000008000fee4 (0xfcf76de3) bltu    a4, a5, pc - 38
core   0: 3 0x000000008000fee4 (0xfcf76de3)
core   0: 0x000000008000febe (0xfe043783) ld      a5, -32(s0)
core   0: 3 0x000000008000febe (0xfe043783) x15 0x0000000080012097 mem 0x0000000080031f50
core   0: 0x000000008000fec2 (0x00178713) addi    a4, a5, 1
core   0: 3 0x000000008000fec2 (0x00178713) x14 0x0000000080012098
core   0: 0x000000008000fec6 (0xfee43023) sd      a4, -32(s0)
core   0: 3 0x000000008000fec6 (0xfee43023) mem 0x0000000080031f50 0x0000000080012098
core   0: 0x000000008000feca (0xfc442703) lw      a4, -60(s0)
core   0: 3 0x000000008000feca (0xfc442703) x14 0x0000000000000000 mem 0x0000000080031f34
core   0: 0x000000008000fece (0x0ff77713) andi    a4, a4, 255
core   0: 3 0x000000008000fece (0x0ff77713) x14 0x0000000000000000
core   0: 0x000000008000fed2 (0x00e78023) sb      a4, 0(a5)
core   0: 3 0x000000008000fed2 (0x00e78023) mem 0x0000000080012097 0x00
core   0: 0x000000008000fed6 (0xfc843703) ld      a4, -56(s0)
core   0: 3 0x000000008000fed6 (0xfc843703) x14 0x0000000080012040 mem 0x0000000080031f38
core   0: 0x000000008000feda (0xfb843783) ld      a5, -72(s0)
core   0: 3 0x000000008000feda (0xfb843783) x15 0x000000000000009c mem 0x0000000080031f28
core   0: 0x000000008000fede (0x000097ba) c.add   a5, a4
core   0: 3 0x000000008000fede (0x97ba) x15 0x00000000800120dc
core   0: 0x000000008000fee0 (0xfe043703) ld      a4, -32(s0)
core   0: 3 0x000000008000fee0 (0xfe043703) x14 0x0000000080012098 mem 0x0000000080031f50
core   0: 0x000000008000fee4 (0xfcf76de3) bltu    a4, a5, pc - 38
core   0: 3 0x000000008000fee4 (0xfcf76de3)
core   0: 0x000000008000febe (0xfe043783) ld      a5, -32(s0)
core   0: 3 0x000000008000febe (0xfe043783) x15 0x0000000080012098 mem 0x0000000080031f50
core   0: 0x000000008000fec2 (0x00178713) addi    a4, a5, 1
core   0: 3 0x000000008000fec2 (0x00178713) x14 0x0000000080012099
core   0: 0x000000008000fec6 (0xfee43023) sd      a4, -32(s0)
core   0: 3 0x000000008000fec6 (0xfee43023) mem 0x0000000080031f50 0x0000000080012099
core   0: 0x000000008000feca (0xfc442703) lw      a4, -60(s0)
core   0: 3 0x000000008000feca (0xfc442703) x14 0x0000000000000000 mem 0x0000000080031f34
core   0: 0x000000008000fece (0x0ff77713) andi    a4, a4, 255
core   0: 3 0x000000008000fece (0x0ff77713) x14 0x0000000000000000
core   0: 0x000000008000fed2 (0x00e78023) sb      a4, 0(a5)
core   0: 3 0x000000008000fed2 (0x00e78023) mem 0x0000000080012098 0x00
core   0: 0x000000008000fed6 (0xfc843703) ld      a4, -56(s0)
core   0: 3 0x000000008000fed6 (0xfc843703) x14 0x0000000080012040 mem 0x0000000080031f38
core   0: 0x000000008000feda (0xfb843783) ld      a5, -72(s0)
core   0: 3 0x000000008000feda (0xfb843783) x15 0x000000000000009c mem 0x0000000080031f28
core   0: 0x000000008000fede (0x000097ba) c.add   a5, a4
core   0: 3 0x000000008000fede (0x97ba) x15 0x00000000800120dc
core   0: 0x000000008000fee0 (0xfe043703) ld      a4, -32(s0)
core   0: 3 0x000000008000fee0 (0xfe043703) x14 0x0000000080012099 mem 0x0000000080031f50
core   0: 0x000000008000fee4 (0xfcf76de3) bltu    a4, a5, pc - 38
core   0: 3 0x000000008000fee4 (0xfcf76de3)
core   0: 0x000000008000febe (0xfe043783) ld      a5, -32(s0)
core   0: 3 0x000000008000febe (0xfe043783) x15 0x0000000080012099 mem 0x0000000080031f50
core   0: 0x000000008000fec2 (0x00178713) addi    a4, a5, 1
core   0: 3 0x000000008000fec2 (0x00178713) x14 0x000000008001209a
core   0: 0x000000008000fec6 (0xfee43023) sd      a4, -32(s0)
core   0: 3 0x000000008000fec6 (0xfee43023) mem 0x0000000080031f50 0x000000008001209a
core   0: 0x000000008000feca (0xfc442703) lw      a4, -60(s0)
core   0: 3 0x000000008000feca (0xfc442703) x14 0x0000000000000000 mem 0x0000000080031f34
core   0: 0x000000008000fece (0x0ff77713) andi    a4, a4, 255
core   0: 3 0x000000008000fece (0x0ff77713) x14 0x0000000000000000
core   0: 0x000000008000fed2 (0x00e78023) sb      a4, 0(a5)
core   0: 3 0x000000008000fed2 (0x00e78023) mem 0x0000000080012099 0x00
core   0: 0x000000008000fed6 (0xfc843703) ld      a4, -56(s0)
core   0: 3 0x000000008000fed6 (0xfc843703) x14 0x0000000080012040 mem 0x0000000080031f38
core   0: 0x000000008000feda (0xfb843783) ld      a5, -72(s0)
core   0: 3 0x000000008000feda (0xfb843783) x15 0x000000000000009c mem 0x0000000080031f28
core   0: 0x000000008000fede (0x000097ba) c.add   a5, a4
core   0: 3 0x000000008000fede (0x97ba) x15 0x00000000800120dc
core   0: 0x000000008000fee0 (0xfe043703) ld      a4, -32(s0)
core   0: 3 0x000000008000fee0 (0xfe043703) x14 0x000000008001209a mem 0x0000000080031f50
core   0: 0x000000008000fee4 (0xfcf76de3) bltu    a4, a5, pc - 38
core   0: 3 0x000000008000fee4 (0xfcf76de3)
core   0: 0x000000008000febe (0xfe043783) ld      a5, -32(s0)
core   0: 3 0x000000008000febe (0xfe043783) x15 0x000000008001209a mem 0x0000000080031f50
core   0: 0x000000008000fec2 (0x00178713) addi    a4, a5, 1
core   0: 3 0x000000008000fec2 (0x00178713) x14 0x000000008001209b
core   0: 0x000000008000fec6 (0xfee43023) sd      a4, -32(s0)
core   0: 3 0x000000008000fec6 (0xfee43023) mem 0x0000000080031f50 0x000000008001209b
core   0: 0x000000008000feca (0xfc442703) lw      a4, -60(s0)
core   0: 3 0x000000008000feca (0xfc442703) x14 0x0000000000000000 mem 0x0000000080031f34
core   0: 0x000000008000fece (0x0ff77713) andi    a4, a4, 255
core   0: 3 0x000000008000fece (0x0ff77713) x14 0x0000000000000000
core   0: 0x000000008000fed2 (0x00e78023) sb      a4, 0(a5)
core   0: 3 0x000000008000fed2 (0x00e78023) mem 0x000000008001209a 0x00
core   0: 0x000000008000fed6 (0xfc843703) ld      a4, -56(s0)
core   0: 3 0x000000008000fed6 (0xfc843703) x14 0x0000000080012040 mem 0x0000000080031f38
core   0: 0x000000008000feda (0xfb843783) ld      a5, -72(s0)
core   0: 3 0x000000008000feda (0xfb843783) x15 0x000000000000009c mem 0x0000000080031f28
core   0: 0x000000008000fede (0x000097ba) c.add   a5, a4
core   0: 3 0x000000008000fede (0x97ba) x15 0x00000000800120dc
core   0: 0x000000008000fee0 (0xfe043703) ld      a4, -32(s0)
core   0: 3 0x000000008000fee0 (0xfe043703) x14 0x000000008001209b mem 0x0000000080031f50
core   0: 0x000000008000fee4 (0xfcf76de3) bltu    a4, a5, pc - 38
core   0: 3 0x000000008000fee4 (0xfcf76de3)
core   0: 0x000000008000febe (0xfe043783) ld      a5, -32(s0)
core   0: 3 0x000000008000febe (0xfe043783) x15 0x000000008001209b mem 0x0000000080031f50
core   0: 0x000000008000fec2 (0x00178713) addi    a4, a5, 1
core   0: 3 0x000000008000fec2 (0x00178713) x14 0x000000008001209c
core   0: 0x000000008000fec6 (0xfee43023) sd      a4, -32(s0)
core   0: 3 0x000000008000fec6 (0xfee43023) mem 0x0000000080031f50 0x000000008001209c
core   0: 0x000000008000feca (0xfc442703) lw      a4, -60(s0)
core   0: 3 0x000000008000feca (0xfc442703) x14 0x0000000000000000 mem 0x0000000080031f34
core   0: 0x000000008000fece (0x0ff77713) andi    a4, a4, 255
core   0: 3 0x000000008000fece (0x0ff77713) x14 0x0000000000000000
core   0: 0x000000008000fed2 (0x00e78023) sb      a4, 0(a5)
core   0: 3 0x000000008000fed2 (0x00e78023) mem 0x000000008001209b 0x00
core   0: 0x000000008000fed6 (0xfc843703) ld      a4, -56(s0)
core   0: 3 0x000000008000fed6 (0xfc843703) x14 0x0000000080012040 mem 0x0000000080031f38
core   0: 0x000000008000feda (0xfb843783) ld      a5, -72(s0)
core   0: 3 0x000000008000feda (0xfb843783) x15 0x000000000000009c mem 0x0000000080031f28
core   0: 0x000000008000fede (0x000097ba) c.add   a5, a4
core   0: 3 0x000000008000fede (0x97ba) x15 0x00000000800120dc
core   0: 0x000000008000fee0 (0xfe043703) ld      a4, -32(s0)
core   0: 3 0x000000008000fee0 (0xfe043703) x14 0x000000008001209c mem 0x0000000080031f50
core   0: 0x000000008000fee4 (0xfcf76de3) bltu    a4, a5, pc - 38
core   0: 3 0x000000008000fee4 (0xfcf76de3)
core   0: 0x000000008000febe (0xfe043783) ld      a5, -32(s0)
core   0: 3 0x000000008000febe (0xfe043783) x15 0x000000008001209c mem 0x0000000080031f50
core   0: 0x000000008000fec2 (0x00178713) addi    a4, a5, 1
core   0: 3 0x000000008000fec2 (0x00178713) x14 0x000000008001209d
core   0: 0x000000008000fec6 (0xfee43023) sd      a4, -32(s0)
core   0: 3 0x000000008000fec6 (0xfee43023) mem 0x0000000080031f50 0x000000008001209d
core   0: 0x000000008000feca (0xfc442703) lw      a4, -60(s0)
core   0: 3 0x000000008000feca (0xfc442703) x14 0x0000000000000000 mem 0x0000000080031f34
core   0: 0x000000008000fece (0x0ff77713) andi    a4, a4, 255
core   0: 3 0x000000008000fece (0x0ff77713) x14 0x0000000000000000
core   0: 0x000000008000fed2 (0x00e78023) sb      a4, 0(a5)
core   0: 3 0x000000008000fed2 (0x00e78023) mem 0x000000008001209c 0x00
core   0: 0x000000008000fed6 (0xfc843703) ld      a4, -56(s0)
core   0: 3 0x000000008000fed6 (0xfc843703) x14 0x0000000080012040 mem 0x0000000080031f38
core   0: 0x000000008000feda (0xfb843783) ld      a5, -72(s0)
core   0: 3 0x000000008000feda (0xfb843783) x15 0x000000000000009c mem 0x0000000080031f28
core   0: 0x000000008000fede (0x000097ba) c.add   a5, a4
core   0: 3 0x000000008000fede (0x97ba) x15 0x00000000800120dc
core   0: 0x000000008000fee0 (0xfe043703) ld      a4, -32(s0)
core   0: 3 0x000000008000fee0 (0xfe043703) x14 0x000000008001209d mem 0x0000000080031f50
core   0: 0x000000008000fee4 (0xfcf76de3) bltu    a4, a5, pc - 38
core   0: 3 0x000000008000fee4 (0xfcf76de3)
core   0: 0x000000008000febe (0xfe043783) ld      a5, -32(s0)
core   0: 3 0x000000008000febe (0xfe043783) x15 0x000000008001209d mem 0x0000000080031f50
core   0: 0x000000008000fec2 (0x00178713) addi    a4, a5, 1
core   0: 3 0x000000008000fec2 (0x00178713) x14 0x000000008001209e
core   0: 0x000000008000fec6 (0xfee43023) sd      a4, -32(s0)
core   0: 3 0x000000008000fec6 (0xfee43023) mem 0x0000000080031f50 0x000000008001209e
core   0: 0x000000008000feca (0xfc442703) lw      a4, -60(s0)
core   0: 3 0x000000008000feca (0xfc442703) x14 0x0000000000000000 mem 0x0000000080031f34
core   0: 0x000000008000fece (0x0ff77713) andi    a4, a4, 255
core   0: 3 0x000000008000fece (0x0ff77713) x14 0x0000000000000000
core   0: 0x000000008000fed2 (0x00e78023) sb      a4, 0(a5)
core   0: 3 0x000000008000fed2 (0x00e78023) mem 0x000000008001209d 0x00
core   0: 0x000000008000fed6 (0xfc843703) ld      a4, -56(s0)
core   0: 3 0x000000008000fed6 (0xfc843703) x14 0x0000000080012040 mem 0x0000000080031f38
core   0: 0x000000008000feda (0xfb843783) ld      a5, -72(s0)
core   0: 3 0x000000008000feda (0xfb843783) x15 0x000000000000009c mem 0x0000000080031f28
core   0: 0x000000008000fede (0x000097ba) c.add   a5, a4
core   0: 3 0x000000008000fede (0x97ba) x15 0x00000000800120dc
core   0: 0x000000008000fee0 (0xfe043703) ld      a4, -32(s0)
core   0: 3 0x000000008000fee0 (0xfe043703) x14 0x000000008001209e mem 0x0000000080031f50
core   0: 0x000000008000fee4 (0xfcf76de3) bltu    a4, a5, pc - 38
core   0: 3 0x000000008000fee4 (0xfcf76de3)
core   0: 0x000000008000febe (0xfe043783) ld      a5, -32(s0)
core   0: 3 0x000000008000febe (0xfe043783) x15 0x000000008001209e mem 0x0000000080031f50
core   0: 0x000000008000fec2 (0x00178713) addi    a4, a5, 1
core   0: 3 0x000000008000fec2 (0x00178713) x14 0x000000008001209f
core   0: 0x000000008000fec6 (0xfee43023) sd      a4, -32(s0)
core   0: 3 0x000000008000fec6 (0xfee43023) mem 0x0000000080031f50 0x000000008001209f
core   0: 0x000000008000feca (0xfc442703) lw      a4, -60(s0)
core   0: 3 0x000000008000feca (0xfc442703) x14 0x0000000000000000 mem 0x0000000080031f34
core   0: 0x000000008000fece (0x0ff77713) andi    a4, a4, 255
core   0: 3 0x000000008000fece (0x0ff77713) x14 0x0000000000000000
core   0: 0x000000008000fed2 (0x00e78023) sb      a4, 0(a5)
core   0: 3 0x000000008000fed2 (0x00e78023) mem 0x000000008001209e 0x00
core   0: 0x000000008000fed6 (0xfc843703) ld      a4, -56(s0)
core   0: 3 0x000000008000fed6 (0xfc843703) x14 0x0000000080012040 mem 0x0000000080031f38
core   0: 0x000000008000feda (0xfb843783) ld      a5, -72(s0)
core   0: 3 0x000000008000feda (0xfb843783) x15 0x000000000000009c mem 0x0000000080031f28
core   0: 0x000000008000fede (0x000097ba) c.add   a5, a4
core   0: 3 0x000000008000fede (0x97ba) x15 0x00000000800120dc
core   0: 0x000000008000fee0 (0xfe043703) ld      a4, -32(s0)
core   0: 3 0x000000008000fee0 (0xfe043703) x14 0x000000008001209f mem 0x0000000080031f50
core   0: 0x000000008000fee4 (0xfcf76de3) bltu    a4, a5, pc - 38
core   0: 3 0x000000008000fee4 (0xfcf76de3)
core   0: 0x000000008000febe (0xfe043783) ld      a5, -32(s0)
core   0: 3 0x000000008000febe (0xfe043783) x15 0x000000008001209f mem 0x0000000080031f50
core   0: 0x000000008000fec2 (0x00178713) addi    a4, a5, 1
core   0: 3 0x000000008000fec2 (0x00178713) x14 0x00000000800120a0
core   0: 0x000000008000fec6 (0xfee43023) sd      a4, -32(s0)
core   0: 3 0x000000008000fec6 (0xfee43023) mem 0x0000000080031f50 0x00000000800120a0
core   0: 0x000000008000feca (0xfc442703) lw      a4, -60(s0)
core   0: 3 0x000000008000feca (0xfc442703) x14 0x0000000000000000 mem 0x0000000080031f34
core   0: 0x000000008000fece (0x0ff77713) andi    a4, a4, 255
core   0: 3 0x000000008000fece (0x0ff77713) x14 0x0000000000000000
core   0: 0x000000008000fed2 (0x00e78023) sb      a4, 0(a5)
core   0: 3 0x000000008000fed2 (0x00e78023) mem 0x000000008001209f 0x00
core   0: 0x000000008000fed6 (0xfc843703) ld      a4, -56(s0)
core   0: 3 0x000000008000fed6 (0xfc843703) x14 0x0000000080012040 mem 0x0000000080031f38
core   0: 0x000000008000feda (0xfb843783) ld      a5, -72(s0)
core   0: 3 0x000000008000feda (0xfb843783) x15 0x000000000000009c mem 0x0000000080031f28
core   0: 0x000000008000fede (0x000097ba) c.add   a5, a4
core   0: 3 0x000000008000fede (0x97ba) x15 0x00000000800120dc
core   0: 0x000000008000fee0 (0xfe043703) ld      a4, -32(s0)
core   0: 3 0x000000008000fee0 (0xfe043703) x14 0x00000000800120a0 mem 0x0000000080031f50
core   0: 0x000000008000fee4 (0xfcf76de3) bltu    a4, a5, pc - 38
core   0: 3 0x000000008000fee4 (0xfcf76de3)
core   0: 0x000000008000febe (0xfe043783) ld      a5, -32(s0)
core   0: 3 0x000000008000febe (0xfe043783) x15 0x00000000800120a0 mem 0x0000000080031f50
core   0: 0x000000008000fec2 (0x00178713) addi    a4, a5, 1
core   0: 3 0x000000008000fec2 (0x00178713) x14 0x00000000800120a1
core   0: 0x000000008000fec6 (0xfee43023) sd      a4, -32(s0)
core   0: 3 0x000000008000fec6 (0xfee43023) mem 0x0000000080031f50 0x00000000800120a1
core   0: 0x000000008000feca (0xfc442703) lw      a4, -60(s0)
core   0: 3 0x000000008000feca (0xfc442703) x14 0x0000000000000000 mem 0x0000000080031f34
core   0: 0x000000008000fece (0x0ff77713) andi    a4, a4, 255
core   0: 3 0x000000008000fece (0x0ff77713) x14 0x0000000000000000
core   0: 0x000000008000fed2 (0x00e78023) sb      a4, 0(a5)
core   0: 3 0x000000008000fed2 (0x00e78023) mem 0x00000000800120a0 0x00
core   0: 0x000000008000fed6 (0xfc843703) ld      a4, -56(s0)
core   0: 3 0x000000008000fed6 (0xfc843703) x14 0x0000000080012040 mem 0x0000000080031f38
core   0: 0x000000008000feda (0xfb843783) ld      a5, -72(s0)
core   0: 3 0x000000008000feda (0xfb843783) x15 0x000000000000009c mem 0x0000000080031f28
core   0: 0x000000008000fede (0x000097ba) c.add   a5, a4
core   0: 3 0x000000008000fede (0x97ba) x15 0x00000000800120dc
core   0: 0x000000008000fee0 (0xfe043703) ld      a4, -32(s0)
core   0: 3 0x000000008000fee0 (0xfe043703) x14 0x00000000800120a1 mem 0x0000000080031f50
core   0: 0x000000008000fee4 (0xfcf76de3) bltu    a4, a5, pc - 38
core   0: 3 0x000000008000fee4 (0xfcf76de3)
core   0: 0x000000008000febe (0xfe043783) ld      a5, -32(s0)
core   0: 3 0x000000008000febe (0xfe043783) x15 0x00000000800120a1 mem 0x0000000080031f50
core   0: 0x000000008000fec2 (0x00178713) addi    a4, a5, 1
core   0: 3 0x000000008000fec2 (0x00178713) x14 0x00000000800120a2
core   0: 0x000000008000fec6 (0xfee43023) sd      a4, -32(s0)
core   0: 3 0x000000008000fec6 (0xfee43023) mem 0x0000000080031f50 0x00000000800120a2
core   0: 0x000000008000feca (0xfc442703) lw      a4, -60(s0)
core   0: 3 0x000000008000feca (0xfc442703) x14 0x0000000000000000 mem 0x0000000080031f34
core   0: 0x000000008000fece (0x0ff77713) andi    a4, a4, 255
core   0: 3 0x000000008000fece (0x0ff77713) x14 0x0000000000000000
core   0: 0x000000008000fed2 (0x00e78023) sb      a4, 0(a5)
core   0: 3 0x000000008000fed2 (0x00e78023) mem 0x00000000800120a1 0x00
core   0: 0x000000008000fed6 (0xfc843703) ld      a4, -56(s0)
core   0: 3 0x000000008000fed6 (0xfc843703) x14 0x0000000080012040 mem 0x0000000080031f38
core   0: 0x000000008000feda (0xfb843783) ld      a5, -72(s0)
core   0: 3 0x000000008000feda (0xfb843783) x15 0x000000000000009c mem 0x0000000080031f28
core   0: 0x000000008000fede (0x000097ba) c.add   a5, a4
core   0: 3 0x000000008000fede (0x97ba) x15 0x00000000800120dc
core   0: 0x000000008000fee0 (0xfe043703) ld      a4, -32(s0)
core   0: 3 0x000000008000fee0 (0xfe043703) x14 0x00000000800120a2 mem 0x0000000080031f50
core   0: 0x000000008000fee4 (0xfcf76de3) bltu    a4, a5, pc - 38
core   0: 3 0x000000008000fee4 (0xfcf76de3)
core   0: 0x000000008000febe (0xfe043783) ld      a5, -32(s0)
core   0: 3 0x000000008000febe (0xfe043783) x15 0x00000000800120a2 mem 0x0000000080031f50
core   0: 0x000000008000fec2 (0x00178713) addi    a4, a5, 1
core   0: 3 0x000000008000fec2 (0x00178713) x14 0x00000000800120a3
core   0: 0x000000008000fec6 (0xfee43023) sd      a4, -32(s0)
core   0: 3 0x000000008000fec6 (0xfee43023) mem 0x0000000080031f50 0x00000000800120a3
core   0: 0x000000008000feca (0xfc442703) lw      a4, -60(s0)
core   0: 3 0x000000008000feca (0xfc442703) x14 0x0000000000000000 mem 0x0000000080031f34
core   0: 0x000000008000fece (0x0ff77713) andi    a4, a4, 255
core   0: 3 0x000000008000fece (0x0ff77713) x14 0x0000000000000000
core   0: 0x000000008000fed2 (0x00e78023) sb      a4, 0(a5)
core   0: 3 0x000000008000fed2 (0x00e78023) mem 0x00000000800120a2 0x00
core   0: 0x000000008000fed6 (0xfc843703) ld      a4, -56(s0)
core   0: 3 0x000000008000fed6 (0xfc843703) x14 0x0000000080012040 mem 0x0000000080031f38
core   0: 0x000000008000feda (0xfb843783) ld      a5, -72(s0)
core   0: 3 0x000000008000feda (0xfb843783) x15 0x000000000000009c mem 0x0000000080031f28
core   0: 0x000000008000fede (0x000097ba) c.add   a5, a4
core   0: 3 0x000000008000fede (0x97ba) x15 0x00000000800120dc
core   0: 0x000000008000fee0 (0xfe043703) ld      a4, -32(s0)
core   0: 3 0x000000008000fee0 (0xfe043703) x14 0x00000000800120a3 mem 0x0000000080031f50
core   0: 0x000000008000fee4 (0xfcf76de3) bltu    a4, a5, pc - 38
core   0: 3 0x000000008000fee4 (0xfcf76de3)
core   0: 0x000000008000febe (0xfe043783) ld      a5, -32(s0)
core   0: 3 0x000000008000febe (0xfe043783) x15 0x00000000800120a3 mem 0x0000000080031f50
core   0: 0x000000008000fec2 (0x00178713) addi    a4, a5, 1
core   0: 3 0x000000008000fec2 (0x00178713) x14 0x00000000800120a4
core   0: 0x000000008000fec6 (0xfee43023) sd      a4, -32(s0)
core   0: 3 0x000000008000fec6 (0xfee43023) mem 0x0000000080031f50 0x00000000800120a4
core   0: 0x000000008000feca (0xfc442703) lw      a4, -60(s0)
core   0: 3 0x000000008000feca (0xfc442703) x14 0x0000000000000000 mem 0x0000000080031f34
core   0: 0x000000008000fece (0x0ff77713) andi    a4, a4, 255
core   0: 3 0x000000008000fece (0x0ff77713) x14 0x0000000000000000
core   0: 0x000000008000fed2 (0x00e78023) sb      a4, 0(a5)
core   0: 3 0x000000008000fed2 (0x00e78023) mem 0x00000000800120a3 0x00
core   0: 0x000000008000fed6 (0xfc843703) ld      a4, -56(s0)
core   0: 3 0x000000008000fed6 (0xfc843703) x14 0x0000000080012040 mem 0x0000000080031f38
core   0: 0x000000008000feda (0xfb843783) ld      a5, -72(s0)
core   0: 3 0x000000008000feda (0xfb843783) x15 0x000000000000009c mem 0x0000000080031f28
core   0: 0x000000008000fede (0x000097ba) c.add   a5, a4
core   0: 3 0x000000008000fede (0x97ba) x15 0x00000000800120dc
core   0: 0x000000008000fee0 (0xfe043703) ld      a4, -32(s0)
core   0: 3 0x000000008000fee0 (0xfe043703) x14 0x00000000800120a4 mem 0x0000000080031f50
core   0: 0x000000008000fee4 (0xfcf76de3) bltu    a4, a5, pc - 38
core   0: 3 0x000000008000fee4 (0xfcf76de3)
core   0: 0x000000008000febe (0xfe043783) ld      a5, -32(s0)
core   0: 3 0x000000008000febe (0xfe043783) x15 0x00000000800120a4 mem 0x0000000080031f50
core   0: 0x000000008000fec2 (0x00178713) addi    a4, a5, 1
core   0: 3 0x000000008000fec2 (0x00178713) x14 0x00000000800120a5
core   0: 0x000000008000fec6 (0xfee43023) sd      a4, -32(s0)
core   0: 3 0x000000008000fec6 (0xfee43023) mem 0x0000000080031f50 0x00000000800120a5
core   0: 0x000000008000feca (0xfc442703) lw      a4, -60(s0)
core   0: 3 0x000000008000feca (0xfc442703) x14 0x0000000000000000 mem 0x0000000080031f34
core   0: 0x000000008000fece (0x0ff77713) andi    a4, a4, 255
core   0: 3 0x000000008000fece (0x0ff77713) x14 0x0000000000000000
core   0: 0x000000008000fed2 (0x00e78023) sb      a4, 0(a5)
core   0: 3 0x000000008000fed2 (0x00e78023) mem 0x00000000800120a4 0x00
core   0: 0x000000008000fed6 (0xfc843703) ld      a4, -56(s0)
core   0: 3 0x000000008000fed6 (0xfc843703) x14 0x0000000080012040 mem 0x0000000080031f38
core   0: 0x000000008000feda (0xfb843783) ld      a5, -72(s0)
core   0: 3 0x000000008000feda (0xfb843783) x15 0x000000000000009c mem 0x0000000080031f28
core   0: 0x000000008000fede (0x000097ba) c.add   a5, a4
core   0: 3 0x000000008000fede (0x97ba) x15 0x00000000800120dc
core   0: 0x000000008000fee0 (0xfe043703) ld      a4, -32(s0)
core   0: 3 0x000000008000fee0 (0xfe043703) x14 0x00000000800120a5 mem 0x0000000080031f50
core   0: 0x000000008000fee4 (0xfcf76de3) bltu    a4, a5, pc - 38
core   0: 3 0x000000008000fee4 (0xfcf76de3)
core   0: 0x000000008000febe (0xfe043783) ld      a5, -32(s0)
core   0: 3 0x000000008000febe (0xfe043783) x15 0x00000000800120a5 mem 0x0000000080031f50
core   0: 0x000000008000fec2 (0x00178713) addi    a4, a5, 1
core   0: 3 0x000000008000fec2 (0x00178713) x14 0x00000000800120a6
core   0: 0x000000008000fec6 (0xfee43023) sd      a4, -32(s0)
core   0: 3 0x000000008000fec6 (0xfee43023) mem 0x0000000080031f50 0x00000000800120a6
core   0: 0x000000008000feca (0xfc442703) lw      a4, -60(s0)
core   0: 3 0x000000008000feca (0xfc442703) x14 0x0000000000000000 mem 0x0000000080031f34
core   0: 0x000000008000fece (0x0ff77713) andi    a4, a4, 255
core   0: 3 0x000000008000fece (0x0ff77713) x14 0x0000000000000000
core   0: 0x000000008000fed2 (0x00e78023) sb      a4, 0(a5)
core   0: 3 0x000000008000fed2 (0x00e78023) mem 0x00000000800120a5 0x00
core   0: 0x000000008000fed6 (0xfc843703) ld      a4, -56(s0)
core   0: 3 0x000000008000fed6 (0xfc843703) x14 0x0000000080012040 mem 0x0000000080031f38
core   0: 0x000000008000feda (0xfb843783) ld      a5, -72(s0)
core   0: 3 0x000000008000feda (0xfb843783) x15 0x000000000000009c mem 0x0000000080031f28
core   0: 0x000000008000fede (0x000097ba) c.add   a5, a4
core   0: 3 0x000000008000fede (0x97ba) x15 0x00000000800120dc
core   0: 0x000000008000fee0 (0xfe043703) ld      a4, -32(s0)
core   0: 3 0x000000008000fee0 (0xfe043703) x14 0x00000000800120a6 mem 0x0000000080031f50
core   0: 0x000000008000fee4 (0xfcf76de3) bltu    a4, a5, pc - 38
core   0: 3 0x000000008000fee4 (0xfcf76de3)
core   0: 0x000000008000febe (0xfe043783) ld      a5, -32(s0)
core   0: 3 0x000000008000febe (0xfe043783) x15 0x00000000800120a6 mem 0x0000000080031f50
core   0: 0x000000008000fec2 (0x00178713) addi    a4, a5, 1
core   0: 3 0x000000008000fec2 (0x00178713) x14 0x00000000800120a7
core   0: 0x000000008000fec6 (0xfee43023) sd      a4, -32(s0)
core   0: 3 0x000000008000fec6 (0xfee43023) mem 0x0000000080031f50 0x00000000800120a7
core   0: 0x000000008000feca (0xfc442703) lw      a4, -60(s0)
core   0: 3 0x000000008000feca (0xfc442703) x14 0x0000000000000000 mem 0x0000000080031f34
core   0: 0x000000008000fece (0x0ff77713) andi    a4, a4, 255
core   0: 3 0x000000008000fece (0x0ff77713) x14 0x0000000000000000
core   0: 0x000000008000fed2 (0x00e78023) sb      a4, 0(a5)
core   0: 3 0x000000008000fed2 (0x00e78023) mem 0x00000000800120a6 0x00
core   0: 0x000000008000fed6 (0xfc843703) ld      a4, -56(s0)
core   0: 3 0x000000008000fed6 (0xfc843703) x14 0x0000000080012040 mem 0x0000000080031f38
core   0: 0x000000008000feda (0xfb843783) ld      a5, -72(s0)
core   0: 3 0x000000008000feda (0xfb843783) x15 0x000000000000009c mem 0x0000000080031f28
core   0: 0x000000008000fede (0x000097ba) c.add   a5, a4
core   0: 3 0x000000008000fede (0x97ba) x15 0x00000000800120dc
core   0: 0x000000008000fee0 (0xfe043703) ld      a4, -32(s0)
core   0: 3 0x000000008000fee0 (0xfe043703) x14 0x00000000800120a7 mem 0x0000000080031f50
core   0: 0x000000008000fee4 (0xfcf76de3) bltu    a4, a5, pc - 38
core   0: 3 0x000000008000fee4 (0xfcf76de3)
core   0: 0x000000008000febe (0xfe043783) ld      a5, -32(s0)
core   0: 3 0x000000008000febe (0xfe043783) x15 0x00000000800120a7 mem 0x0000000080031f50
core   0: 0x000000008000fec2 (0x00178713) addi    a4, a5, 1
core   0: 3 0x000000008000fec2 (0x00178713) x14 0x00000000800120a8
core   0: 0x000000008000fec6 (0xfee43023) sd      a4, -32(s0)
core   0: 3 0x000000008000fec6 (0xfee43023) mem 0x0000000080031f50 0x00000000800120a8
core   0: 0x000000008000feca (0xfc442703) lw      a4, -60(s0)
core   0: 3 0x000000008000feca (0xfc442703) x14 0x0000000000000000 mem 0x0000000080031f34
core   0: 0x000000008000fece (0x0ff77713) andi    a4, a4, 255
core   0: 3 0x000000008000fece (0x0ff77713) x14 0x0000000000000000
core   0: 0x000000008000fed2 (0x00e78023) sb      a4, 0(a5)
core   0: 3 0x000000008000fed2 (0x00e78023) mem 0x00000000800120a7 0x00
core   0: 0x000000008000fed6 (0xfc843703) ld      a4, -56(s0)
core   0: 3 0x000000008000fed6 (0xfc843703) x14 0x0000000080012040 mem 0x0000000080031f38
core   0: 0x000000008000feda (0xfb843783) ld      a5, -72(s0)
core   0: 3 0x000000008000feda (0xfb843783) x15 0x000000000000009c mem 0x0000000080031f28
core   0: 0x000000008000fede (0x000097ba) c.add   a5, a4
core   0: 3 0x000000008000fede (0x97ba) x15 0x00000000800120dc
core   0: 0x000000008000fee0 (0xfe043703) ld      a4, -32(s0)
core   0: 3 0x000000008000fee0 (0xfe043703) x14 0x00000000800120a8 mem 0x0000000080031f50
core   0: 0x000000008000fee4 (0xfcf76de3) bltu    a4, a5, pc - 38
core   0: 3 0x000000008000fee4 (0xfcf76de3)
core   0: 0x000000008000febe (0xfe043783) ld      a5, -32(s0)
core   0: 3 0x000000008000febe (0xfe043783) x15 0x00000000800120a8 mem 0x0000000080031f50
core   0: 0x000000008000fec2 (0x00178713) addi    a4, a5, 1
core   0: 3 0x000000008000fec2 (0x00178713) x14 0x00000000800120a9
core   0: 0x000000008000fec6 (0xfee43023) sd      a4, -32(s0)
core   0: 3 0x000000008000fec6 (0xfee43023) mem 0x0000000080031f50 0x00000000800120a9
core   0: 0x000000008000feca (0xfc442703) lw      a4, -60(s0)
core   0: 3 0x000000008000feca (0xfc442703) x14 0x0000000000000000 mem 0x0000000080031f34
core   0: 0x000000008000fece (0x0ff77713) andi    a4, a4, 255
core   0: 3 0x000000008000fece (0x0ff77713) x14 0x0000000000000000
core   0: 0x000000008000fed2 (0x00e78023) sb      a4, 0(a5)
core   0: 3 0x000000008000fed2 (0x00e78023) mem 0x00000000800120a8 0x00
core   0: 0x000000008000fed6 (0xfc843703) ld      a4, -56(s0)
core   0: 3 0x000000008000fed6 (0xfc843703) x14 0x0000000080012040 mem 0x0000000080031f38
core   0: 0x000000008000feda (0xfb843783) ld      a5, -72(s0)
core   0: 3 0x000000008000feda (0xfb843783) x15 0x000000000000009c mem 0x0000000080031f28
core   0: 0x000000008000fede (0x000097ba) c.add   a5, a4
core   0: 3 0x000000008000fede (0x97ba) x15 0x00000000800120dc
core   0: 0x000000008000fee0 (0xfe043703) ld      a4, -32(s0)
core   0: 3 0x000000008000fee0 (0xfe043703) x14 0x00000000800120a9 mem 0x0000000080031f50
core   0: 0x000000008000fee4 (0xfcf76de3) bltu    a4, a5, pc - 38
core   0: 3 0x000000008000fee4 (0xfcf76de3)
core   0: 0x000000008000febe (0xfe043783) ld      a5, -32(s0)
core   0: 3 0x000000008000febe (0xfe043783) x15 0x00000000800120a9 mem 0x0000000080031f50
core   0: 0x000000008000fec2 (0x00178713) addi    a4, a5, 1
core   0: 3 0x000000008000fec2 (0x00178713) x14 0x00000000800120aa
core   0: 0x000000008000fec6 (0xfee43023) sd      a4, -32(s0)
core   0: 3 0x000000008000fec6 (0xfee43023) mem 0x0000000080031f50 0x00000000800120aa
core   0: 0x000000008000feca (0xfc442703) lw      a4, -60(s0)
core   0: 3 0x000000008000feca (0xfc442703) x14 0x0000000000000000 mem 0x0000000080031f34
core   0: 0x000000008000fece (0x0ff77713) andi    a4, a4, 255
core   0: 3 0x000000008000fece (0x0ff77713) x14 0x0000000000000000
core   0: 0x000000008000fed2 (0x00e78023) sb      a4, 0(a5)
core   0: 3 0x000000008000fed2 (0x00e78023) mem 0x00000000800120a9 0x00
core   0: 0x000000008000fed6 (0xfc843703) ld      a4, -56(s0)
core   0: 3 0x000000008000fed6 (0xfc843703) x14 0x0000000080012040 mem 0x0000000080031f38
core   0: 0x000000008000feda (0xfb843783) ld      a5, -72(s0)
core   0: 3 0x000000008000feda (0xfb843783) x15 0x000000000000009c mem 0x0000000080031f28
core   0: 0x000000008000fede (0x000097ba) c.add   a5, a4
core   0: 3 0x000000008000fede (0x97ba) x15 0x00000000800120dc
core   0: 0x000000008000fee0 (0xfe043703) ld      a4, -32(s0)
core   0: 3 0x000000008000fee0 (0xfe043703) x14 0x00000000800120aa mem 0x0000000080031f50
core   0: 0x000000008000fee4 (0xfcf76de3) bltu    a4, a5, pc - 38
core   0: 3 0x000000008000fee4 (0xfcf76de3)
core   0: 0x000000008000febe (0xfe043783) ld      a5, -32(s0)
core   0: 3 0x000000008000febe (0xfe043783) x15 0x00000000800120aa mem 0x0000000080031f50
core   0: 0x000000008000fec2 (0x00178713) addi    a4, a5, 1
core   0: 3 0x000000008000fec2 (0x00178713) x14 0x00000000800120ab
core   0: 0x000000008000fec6 (0xfee43023) sd      a4, -32(s0)
core   0: 3 0x000000008000fec6 (0xfee43023) mem 0x0000000080031f50 0x00000000800120ab
core   0: 0x000000008000feca (0xfc442703) lw      a4, -60(s0)
core   0: 3 0x000000008000feca (0xfc442703) x14 0x0000000000000000 mem 0x0000000080031f34
core   0: 0x000000008000fece (0x0ff77713) andi    a4, a4, 255
core   0: 3 0x000000008000fece (0x0ff77713) x14 0x0000000000000000
core   0: 0x000000008000fed2 (0x00e78023) sb      a4, 0(a5)
core   0: 3 0x000000008000fed2 (0x00e78023) mem 0x00000000800120aa 0x00
core   0: 0x000000008000fed6 (0xfc843703) ld      a4, -56(s0)
core   0: 3 0x000000008000fed6 (0xfc843703) x14 0x0000000080012040 mem 0x0000000080031f38
core   0: 0x000000008000feda (0xfb843783) ld      a5, -72(s0)
core   0: 3 0x000000008000feda (0xfb843783) x15 0x000000000000009c mem 0x0000000080031f28
core   0: 0x000000008000fede (0x000097ba) c.add   a5, a4
core   0: 3 0x000000008000fede (0x97ba) x15 0x00000000800120dc
core   0: 0x000000008000fee0 (0xfe043703) ld      a4, -32(s0)
core   0: 3 0x000000008000fee0 (0xfe043703) x14 0x00000000800120ab mem 0x0000000080031f50
core   0: 0x000000008000fee4 (0xfcf76de3) bltu    a4, a5, pc - 38
core   0: 3 0x000000008000fee4 (0xfcf76de3)
core   0: 0x000000008000febe (0xfe043783) ld      a5, -32(s0)
core   0: 3 0x000000008000febe (0xfe043783) x15 0x00000000800120ab mem 0x0000000080031f50
core   0: 0x000000008000fec2 (0x00178713) addi    a4, a5, 1
core   0: 3 0x000000008000fec2 (0x00178713) x14 0x00000000800120ac
core   0: 0x000000008000fec6 (0xfee43023) sd      a4, -32(s0)
core   0: 3 0x000000008000fec6 (0xfee43023) mem 0x0000000080031f50 0x00000000800120ac
core   0: 0x000000008000feca (0xfc442703) lw      a4, -60(s0)
core   0: 3 0x000000008000feca (0xfc442703) x14 0x0000000000000000 mem 0x0000000080031f34
core   0: 0x000000008000fece (0x0ff77713) andi    a4, a4, 255
core   0: 3 0x000000008000fece (0x0ff77713) x14 0x0000000000000000
core   0: 0x000000008000fed2 (0x00e78023) sb      a4, 0(a5)
core   0: 3 0x000000008000fed2 (0x00e78023) mem 0x00000000800120ab 0x00
core   0: 0x000000008000fed6 (0xfc843703) ld      a4, -56(s0)
core   0: 3 0x000000008000fed6 (0xfc843703) x14 0x0000000080012040 mem 0x0000000080031f38
core   0: 0x000000008000feda (0xfb843783) ld      a5, -72(s0)
core   0: 3 0x000000008000feda (0xfb843783) x15 0x000000000000009c mem 0x0000000080031f28
core   0: 0x000000008000fede (0x000097ba) c.add   a5, a4
core   0: 3 0x000000008000fede (0x97ba) x15 0x00000000800120dc
core   0: 0x000000008000fee0 (0xfe043703) ld      a4, -32(s0)
core   0: 3 0x000000008000fee0 (0xfe043703) x14 0x00000000800120ac mem 0x0000000080031f50
core   0: 0x000000008000fee4 (0xfcf76de3) bltu    a4, a5, pc - 38
core   0: 3 0x000000008000fee4 (0xfcf76de3)
core   0: 0x000000008000febe (0xfe043783) ld      a5, -32(s0)
core   0: 3 0x000000008000febe (0xfe043783) x15 0x00000000800120ac mem 0x0000000080031f50
core   0: 0x000000008000fec2 (0x00178713) addi    a4, a5, 1
core   0: 3 0x000000008000fec2 (0x00178713) x14 0x00000000800120ad
core   0: 0x000000008000fec6 (0xfee43023) sd      a4, -32(s0)
core   0: 3 0x000000008000fec6 (0xfee43023) mem 0x0000000080031f50 0x00000000800120ad
core   0: 0x000000008000feca (0xfc442703) lw      a4, -60(s0)
core   0: 3 0x000000008000feca (0xfc442703) x14 0x0000000000000000 mem 0x0000000080031f34
core   0: 0x000000008000fece (0x0ff77713) andi    a4, a4, 255
core   0: 3 0x000000008000fece (0x0ff77713) x14 0x0000000000000000
core   0: 0x000000008000fed2 (0x00e78023) sb      a4, 0(a5)
core   0: 3 0x000000008000fed2 (0x00e78023) mem 0x00000000800120ac 0x00
core   0: 0x000000008000fed6 (0xfc843703) ld      a4, -56(s0)
core   0: 3 0x000000008000fed6 (0xfc843703) x14 0x0000000080012040 mem 0x0000000080031f38
core   0: 0x000000008000feda (0xfb843783) ld      a5, -72(s0)
core   0: 3 0x000000008000feda (0xfb843783) x15 0x000000000000009c mem 0x0000000080031f28
core   0: 0x000000008000fede (0x000097ba) c.add   a5, a4
core   0: 3 0x000000008000fede (0x97ba) x15 0x00000000800120dc
core   0: 0x000000008000fee0 (0xfe043703) ld      a4, -32(s0)
core   0: 3 0x000000008000fee0 (0xfe043703) x14 0x00000000800120ad mem 0x0000000080031f50
core   0: 0x000000008000fee4 (0xfcf76de3) bltu    a4, a5, pc - 38
core   0: 3 0x000000008000fee4 (0xfcf76de3)
core   0: 0x000000008000febe (0xfe043783) ld      a5, -32(s0)
core   0: 3 0x000000008000febe (0xfe043783) x15 0x00000000800120ad mem 0x0000000080031f50
core   0: 0x000000008000fec2 (0x00178713) addi    a4, a5, 1
core   0: 3 0x000000008000fec2 (0x00178713) x14 0x00000000800120ae
core   0: 0x000000008000fec6 (0xfee43023) sd      a4, -32(s0)
core   0: 3 0x000000008000fec6 (0xfee43023) mem 0x0000000080031f50 0x00000000800120ae
core   0: 0x000000008000feca (0xfc442703) lw      a4, -60(s0)
core   0: 3 0x000000008000feca (0xfc442703) x14 0x0000000000000000 mem 0x0000000080031f34
core   0: 0x000000008000fece (0x0ff77713) andi    a4, a4, 255
core   0: 3 0x000000008000fece (0x0ff77713) x14 0x0000000000000000
core   0: 0x000000008000fed2 (0x00e78023) sb      a4, 0(a5)
core   0: 3 0x000000008000fed2 (0x00e78023) mem 0x00000000800120ad 0x00
core   0: 0x000000008000fed6 (0xfc843703) ld      a4, -56(s0)
core   0: 3 0x000000008000fed6 (0xfc843703) x14 0x0000000080012040 mem 0x0000000080031f38
core   0: 0x000000008000feda (0xfb843783) ld      a5, -72(s0)
core   0: 3 0x000000008000feda (0xfb843783) x15 0x000000000000009c mem 0x0000000080031f28
core   0: 0x000000008000fede (0x000097ba) c.add   a5, a4
core   0: 3 0x000000008000fede (0x97ba) x15 0x00000000800120dc
core   0: 0x000000008000fee0 (0xfe043703) ld      a4, -32(s0)
core   0: 3 0x000000008000fee0 (0xfe043703) x14 0x00000000800120ae mem 0x0000000080031f50
core   0: 0x000000008000fee4 (0xfcf76de3) bltu    a4, a5, pc - 38
core   0: 3 0x000000008000fee4 (0xfcf76de3)
core   0: 0x000000008000febe (0xfe043783) ld      a5, -32(s0)
core   0: 3 0x000000008000febe (0xfe043783) x15 0x00000000800120ae mem 0x0000000080031f50
core   0: 0x000000008000fec2 (0x00178713) addi    a4, a5, 1
core   0: 3 0x000000008000fec2 (0x00178713) x14 0x00000000800120af
core   0: 0x000000008000fec6 (0xfee43023) sd      a4, -32(s0)
core   0: 3 0x000000008000fec6 (0xfee43023) mem 0x0000000080031f50 0x00000000800120af
core   0: 0x000000008000feca (0xfc442703) lw      a4, -60(s0)
core   0: 3 0x000000008000feca (0xfc442703) x14 0x0000000000000000 mem 0x0000000080031f34
core   0: 0x000000008000fece (0x0ff77713) andi    a4, a4, 255
core   0: 3 0x000000008000fece (0x0ff77713) x14 0x0000000000000000
core   0: 0x000000008000fed2 (0x00e78023) sb      a4, 0(a5)
core   0: 3 0x000000008000fed2 (0x00e78023) mem 0x00000000800120ae 0x00
core   0: 0x000000008000fed6 (0xfc843703) ld      a4, -56(s0)
core   0: 3 0x000000008000fed6 (0xfc843703) x14 0x0000000080012040 mem 0x0000000080031f38
core   0: 0x000000008000feda (0xfb843783) ld      a5, -72(s0)
core   0: 3 0x000000008000feda (0xfb843783) x15 0x000000000000009c mem 0x0000000080031f28
core   0: 0x000000008000fede (0x000097ba) c.add   a5, a4
core   0: 3 0x000000008000fede (0x97ba) x15 0x00000000800120dc
core   0: 0x000000008000fee0 (0xfe043703) ld      a4, -32(s0)
core   0: 3 0x000000008000fee0 (0xfe043703) x14 0x00000000800120af mem 0x0000000080031f50
core   0: 0x000000008000fee4 (0xfcf76de3) bltu    a4, a5, pc - 38
core   0: 3 0x000000008000fee4 (0xfcf76de3)
core   0: 0x000000008000febe (0xfe043783) ld      a5, -32(s0)
core   0: 3 0x000000008000febe (0xfe043783) x15 0x00000000800120af mem 0x0000000080031f50
core   0: 0x000000008000fec2 (0x00178713) addi    a4, a5, 1
core   0: 3 0x000000008000fec2 (0x00178713) x14 0x00000000800120b0
core   0: 0x000000008000fec6 (0xfee43023) sd      a4, -32(s0)
core   0: 3 0x000000008000fec6 (0xfee43023) mem 0x0000000080031f50 0x00000000800120b0
core   0: 0x000000008000feca (0xfc442703) lw      a4, -60(s0)
core   0: 3 0x000000008000feca (0xfc442703) x14 0x0000000000000000 mem 0x0000000080031f34
core   0: 0x000000008000fece (0x0ff77713) andi    a4, a4, 255
core   0: 3 0x000000008000fece (0x0ff77713) x14 0x0000000000000000
core   0: 0x000000008000fed2 (0x00e78023) sb      a4, 0(a5)
core   0: 3 0x000000008000fed2 (0x00e78023) mem 0x00000000800120af 0x00
core   0: 0x000000008000fed6 (0xfc843703) ld      a4, -56(s0)
core   0: 3 0x000000008000fed6 (0xfc843703) x14 0x0000000080012040 mem 0x0000000080031f38
core   0: 0x000000008000feda (0xfb843783) ld      a5, -72(s0)
core   0: 3 0x000000008000feda (0xfb843783) x15 0x000000000000009c mem 0x0000000080031f28
core   0: 0x000000008000fede (0x000097ba) c.add   a5, a4
core   0: 3 0x000000008000fede (0x97ba) x15 0x00000000800120dc
core   0: 0x000000008000fee0 (0xfe043703) ld      a4, -32(s0)
core   0: 3 0x000000008000fee0 (0xfe043703) x14 0x00000000800120b0 mem 0x0000000080031f50
core   0: 0x000000008000fee4 (0xfcf76de3) bltu    a4, a5, pc - 38
core   0: 3 0x000000008000fee4 (0xfcf76de3)
core   0: 0x000000008000febe (0xfe043783) ld      a5, -32(s0)
core   0: 3 0x000000008000febe (0xfe043783) x15 0x00000000800120b0 mem 0x0000000080031f50
core   0: 0x000000008000fec2 (0x00178713) addi    a4, a5, 1
core   0: 3 0x000000008000fec2 (0x00178713) x14 0x00000000800120b1
core   0: 0x000000008000fec6 (0xfee43023) sd      a4, -32(s0)
core   0: 3 0x000000008000fec6 (0xfee43023) mem 0x0000000080031f50 0x00000000800120b1
core   0: 0x000000008000feca (0xfc442703) lw      a4, -60(s0)
core   0: 3 0x000000008000feca (0xfc442703) x14 0x0000000000000000 mem 0x0000000080031f34
core   0: 0x000000008000fece (0x0ff77713) andi    a4, a4, 255
core   0: 3 0x000000008000fece (0x0ff77713) x14 0x0000000000000000
core   0: 0x000000008000fed2 (0x00e78023) sb      a4, 0(a5)
core   0: 3 0x000000008000fed2 (0x00e78023) mem 0x00000000800120b0 0x00
core   0: 0x000000008000fed6 (0xfc843703) ld      a4, -56(s0)
core   0: 3 0x000000008000fed6 (0xfc843703) x14 0x0000000080012040 mem 0x0000000080031f38
core   0: 0x000000008000feda (0xfb843783) ld      a5, -72(s0)
core   0: 3 0x000000008000feda (0xfb843783) x15 0x000000000000009c mem 0x0000000080031f28
core   0: 0x000000008000fede (0x000097ba) c.add   a5, a4
core   0: 3 0x000000008000fede (0x97ba) x15 0x00000000800120dc
core   0: 0x000000008000fee0 (0xfe043703) ld      a4, -32(s0)
core   0: 3 0x000000008000fee0 (0xfe043703) x14 0x00000000800120b1 mem 0x0000000080031f50
core   0: 0x000000008000fee4 (0xfcf76de3) bltu    a4, a5, pc - 38
core   0: 3 0x000000008000fee4 (0xfcf76de3)
core   0: 0x000000008000febe (0xfe043783) ld      a5, -32(s0)
core   0: 3 0x000000008000febe (0xfe043783) x15 0x00000000800120b1 mem 0x0000000080031f50
core   0: 0x000000008000fec2 (0x00178713) addi    a4, a5, 1
core   0: 3 0x000000008000fec2 (0x00178713) x14 0x00000000800120b2
core   0: 0x000000008000fec6 (0xfee43023) sd      a4, -32(s0)
core   0: 3 0x000000008000fec6 (0xfee43023) mem 0x0000000080031f50 0x00000000800120b2
core   0: 0x000000008000feca (0xfc442703) lw      a4, -60(s0)
core   0: 3 0x000000008000feca (0xfc442703) x14 0x0000000000000000 mem 0x0000000080031f34
core   0: 0x000000008000fece (0x0ff77713) andi    a4, a4, 255
core   0: 3 0x000000008000fece (0x0ff77713) x14 0x0000000000000000
core   0: 0x000000008000fed2 (0x00e78023) sb      a4, 0(a5)
core   0: 3 0x000000008000fed2 (0x00e78023) mem 0x00000000800120b1 0x00
core   0: 0x000000008000fed6 (0xfc843703) ld      a4, -56(s0)
core   0: 3 0x000000008000fed6 (0xfc843703) x14 0x0000000080012040 mem 0x0000000080031f38
core   0: 0x000000008000feda (0xfb843783) ld      a5, -72(s0)
core   0: 3 0x000000008000feda (0xfb843783) x15 0x000000000000009c mem 0x0000000080031f28
core   0: 0x000000008000fede (0x000097ba) c.add   a5, a4
core   0: 3 0x000000008000fede (0x97ba) x15 0x00000000800120dc
core   0: 0x000000008000fee0 (0xfe043703) ld      a4, -32(s0)
core   0: 3 0x000000008000fee0 (0xfe043703) x14 0x00000000800120b2 mem 0x0000000080031f50
core   0: 0x000000008000fee4 (0xfcf76de3) bltu    a4, a5, pc - 38
core   0: 3 0x000000008000fee4 (0xfcf76de3)
core   0: 0x000000008000febe (0xfe043783) ld      a5, -32(s0)
core   0: 3 0x000000008000febe (0xfe043783) x15 0x00000000800120b2 mem 0x0000000080031f50
core   0: 0x000000008000fec2 (0x00178713) addi    a4, a5, 1
core   0: 3 0x000000008000fec2 (0x00178713) x14 0x00000000800120b3
core   0: 0x000000008000fec6 (0xfee43023) sd      a4, -32(s0)
core   0: 3 0x000000008000fec6 (0xfee43023) mem 0x0000000080031f50 0x00000000800120b3
core   0: 0x000000008000feca (0xfc442703) lw      a4, -60(s0)
core   0: 3 0x000000008000feca (0xfc442703) x14 0x0000000000000000 mem 0x0000000080031f34
core   0: 0x000000008000fece (0x0ff77713) andi    a4, a4, 255
core   0: 3 0x000000008000fece (0x0ff77713) x14 0x0000000000000000
core   0: 0x000000008000fed2 (0x00e78023) sb      a4, 0(a5)
core   0: 3 0x000000008000fed2 (0x00e78023) mem 0x00000000800120b2 0x00
core   0: 0x000000008000fed6 (0xfc843703) ld      a4, -56(s0)
core   0: 3 0x000000008000fed6 (0xfc843703) x14 0x0000000080012040 mem 0x0000000080031f38
core   0: 0x000000008000feda (0xfb843783) ld      a5, -72(s0)
core   0: 3 0x000000008000feda (0xfb843783) x15 0x000000000000009c mem 0x0000000080031f28
core   0: 0x000000008000fede (0x000097ba) c.add   a5, a4
core   0: 3 0x000000008000fede (0x97ba) x15 0x00000000800120dc
core   0: 0x000000008000fee0 (0xfe043703) ld      a4, -32(s0)
core   0: 3 0x000000008000fee0 (0xfe043703) x14 0x00000000800120b3 mem 0x0000000080031f50
core   0: 0x000000008000fee4 (0xfcf76de3) bltu    a4, a5, pc - 38
core   0: 3 0x000000008000fee4 (0xfcf76de3)
core   0: 0x000000008000febe (0xfe043783) ld      a5, -32(s0)
core   0: 3 0x000000008000febe (0xfe043783) x15 0x00000000800120b3 mem 0x0000000080031f50
core   0: 0x000000008000fec2 (0x00178713) addi    a4, a5, 1
core   0: 3 0x000000008000fec2 (0x00178713) x14 0x00000000800120b4
core   0: 0x000000008000fec6 (0xfee43023) sd      a4, -32(s0)
core   0: 3 0x000000008000fec6 (0xfee43023) mem 0x0000000080031f50 0x00000000800120b4
core   0: 0x000000008000feca (0xfc442703) lw      a4, -60(s0)
core   0: 3 0x000000008000feca (0xfc442703) x14 0x0000000000000000 mem 0x0000000080031f34
core   0: 0x000000008000fece (0x0ff77713) andi    a4, a4, 255
core   0: 3 0x000000008000fece (0x0ff77713) x14 0x0000000000000000
core   0: 0x000000008000fed2 (0x00e78023) sb      a4, 0(a5)
core   0: 3 0x000000008000fed2 (0x00e78023) mem 0x00000000800120b3 0x00
core   0: 0x000000008000fed6 (0xfc843703) ld      a4, -56(s0)
core   0: 3 0x000000008000fed6 (0xfc843703) x14 0x0000000080012040 mem 0x0000000080031f38
core   0: 0x000000008000feda (0xfb843783) ld      a5, -72(s0)
core   0: 3 0x000000008000feda (0xfb843783) x15 0x000000000000009c mem 0x0000000080031f28
core   0: 0x000000008000fede (0x000097ba) c.add   a5, a4
core   0: 3 0x000000008000fede (0x97ba) x15 0x00000000800120dc
core   0: 0x000000008000fee0 (0xfe043703) ld      a4, -32(s0)
core   0: 3 0x000000008000fee0 (0xfe043703) x14 0x00000000800120b4 mem 0x0000000080031f50
core   0: 0x000000008000fee4 (0xfcf76de3) bltu    a4, a5, pc - 38
core   0: 3 0x000000008000fee4 (0xfcf76de3)
core   0: 0x000000008000febe (0xfe043783) ld      a5, -32(s0)
core   0: 3 0x000000008000febe (0xfe043783) x15 0x00000000800120b4 mem 0x0000000080031f50
core   0: 0x000000008000fec2 (0x00178713) addi    a4, a5, 1
core   0: 3 0x000000008000fec2 (0x00178713) x14 0x00000000800120b5
core   0: 0x000000008000fec6 (0xfee43023) sd      a4, -32(s0)
core   0: 3 0x000000008000fec6 (0xfee43023) mem 0x0000000080031f50 0x00000000800120b5
core   0: 0x000000008000feca (0xfc442703) lw      a4, -60(s0)
core   0: 3 0x000000008000feca (0xfc442703) x14 0x0000000000000000 mem 0x0000000080031f34
core   0: 0x000000008000fece (0x0ff77713) andi    a4, a4, 255
core   0: 3 0x000000008000fece (0x0ff77713) x14 0x0000000000000000
core   0: 0x000000008000fed2 (0x00e78023) sb      a4, 0(a5)
core   0: 3 0x000000008000fed2 (0x00e78023) mem 0x00000000800120b4 0x00
core   0: 0x000000008000fed6 (0xfc843703) ld      a4, -56(s0)
core   0: 3 0x000000008000fed6 (0xfc843703) x14 0x0000000080012040 mem 0x0000000080031f38
core   0: 0x000000008000feda (0xfb843783) ld      a5, -72(s0)
core   0: 3 0x000000008000feda (0xfb843783) x15 0x000000000000009c mem 0x0000000080031f28
core   0: 0x000000008000fede (0x000097ba) c.add   a5, a4
core   0: 3 0x000000008000fede (0x97ba) x15 0x00000000800120dc
core   0: 0x000000008000fee0 (0xfe043703) ld      a4, -32(s0)
core   0: 3 0x000000008000fee0 (0xfe043703) x14 0x00000000800120b5 mem 0x0000000080031f50
core   0: 0x000000008000fee4 (0xfcf76de3) bltu    a4, a5, pc - 38
core   0: 3 0x000000008000fee4 (0xfcf76de3)
core   0: 0x000000008000febe (0xfe043783) ld      a5, -32(s0)
core   0: 3 0x000000008000febe (0xfe043783) x15 0x00000000800120b5 mem 0x0000000080031f50
core   0: 0x000000008000fec2 (0x00178713) addi    a4, a5, 1
core   0: 3 0x000000008000fec2 (0x00178713) x14 0x00000000800120b6
core   0: 0x000000008000fec6 (0xfee43023) sd      a4, -32(s0)
core   0: 3 0x000000008000fec6 (0xfee43023) mem 0x0000000080031f50 0x00000000800120b6
core   0: 0x000000008000feca (0xfc442703) lw      a4, -60(s0)
core   0: 3 0x000000008000feca (0xfc442703) x14 0x0000000000000000 mem 0x0000000080031f34
core   0: 0x000000008000fece (0x0ff77713) andi    a4, a4, 255
core   0: 3 0x000000008000fece (0x0ff77713) x14 0x0000000000000000
core   0: 0x000000008000fed2 (0x00e78023) sb      a4, 0(a5)
core   0: 3 0x000000008000fed2 (0x00e78023) mem 0x00000000800120b5 0x00
core   0: 0x000000008000fed6 (0xfc843703) ld      a4, -56(s0)
core   0: 3 0x000000008000fed6 (0xfc843703) x14 0x0000000080012040 mem 0x0000000080031f38
core   0: 0x000000008000feda (0xfb843783) ld      a5, -72(s0)
core   0: 3 0x000000008000feda (0xfb843783) x15 0x000000000000009c mem 0x0000000080031f28
core   0: 0x000000008000fede (0x000097ba) c.add   a5, a4
core   0: 3 0x000000008000fede (0x97ba) x15 0x00000000800120dc
core   0: 0x000000008000fee0 (0xfe043703) ld      a4, -32(s0)
core   0: 3 0x000000008000fee0 (0xfe043703) x14 0x00000000800120b6 mem 0x0000000080031f50
core   0: 0x000000008000fee4 (0xfcf76de3) bltu    a4, a5, pc - 38
core   0: 3 0x000000008000fee4 (0xfcf76de3)
core   0: 0x000000008000febe (0xfe043783) ld      a5, -32(s0)
core   0: 3 0x000000008000febe (0xfe043783) x15 0x00000000800120b6 mem 0x0000000080031f50
core   0: 0x000000008000fec2 (0x00178713) addi    a4, a5, 1
core   0: 3 0x000000008000fec2 (0x00178713) x14 0x00000000800120b7
core   0: 0x000000008000fec6 (0xfee43023) sd      a4, -32(s0)
core   0: 3 0x000000008000fec6 (0xfee43023) mem 0x0000000080031f50 0x00000000800120b7
core   0: 0x000000008000feca (0xfc442703) lw      a4, -60(s0)
core   0: 3 0x000000008000feca (0xfc442703) x14 0x0000000000000000 mem 0x0000000080031f34
core   0: 0x000000008000fece (0x0ff77713) andi    a4, a4, 255
core   0: 3 0x000000008000fece (0x0ff77713) x14 0x0000000000000000
core   0: 0x000000008000fed2 (0x00e78023) sb      a4, 0(a5)
core   0: 3 0x000000008000fed2 (0x00e78023) mem 0x00000000800120b6 0x00
core   0: 0x000000008000fed6 (0xfc843703) ld      a4, -56(s0)
core   0: 3 0x000000008000fed6 (0xfc843703) x14 0x0000000080012040 mem 0x0000000080031f38
core   0: 0x000000008000feda (0xfb843783) ld      a5, -72(s0)
core   0: 3 0x000000008000feda (0xfb843783) x15 0x000000000000009c mem 0x0000000080031f28
core   0: 0x000000008000fede (0x000097ba) c.add   a5, a4
core   0: 3 0x000000008000fede (0x97ba) x15 0x00000000800120dc
core   0: 0x000000008000fee0 (0xfe043703) ld      a4, -32(s0)
core   0: 3 0x000000008000fee0 (0xfe043703) x14 0x00000000800120b7 mem 0x0000000080031f50
core   0: 0x000000008000fee4 (0xfcf76de3) bltu    a4, a5, pc - 38
core   0: 3 0x000000008000fee4 (0xfcf76de3)
core   0: 0x000000008000febe (0xfe043783) ld      a5, -32(s0)
core   0: 3 0x000000008000febe (0xfe043783) x15 0x00000000800120b7 mem 0x0000000080031f50
core   0: 0x000000008000fec2 (0x00178713) addi    a4, a5, 1
core   0: 3 0x000000008000fec2 (0x00178713) x14 0x00000000800120b8
core   0: 0x000000008000fec6 (0xfee43023) sd      a4, -32(s0)
core   0: 3 0x000000008000fec6 (0xfee43023) mem 0x0000000080031f50 0x00000000800120b8
core   0: 0x000000008000feca (0xfc442703) lw      a4, -60(s0)
core   0: 3 0x000000008000feca (0xfc442703) x14 0x0000000000000000 mem 0x0000000080031f34
core   0: 0x000000008000fece (0x0ff77713) andi    a4, a4, 255
core   0: 3 0x000000008000fece (0x0ff77713) x14 0x0000000000000000
core   0: 0x000000008000fed2 (0x00e78023) sb      a4, 0(a5)
core   0: 3 0x000000008000fed2 (0x00e78023) mem 0x00000000800120b7 0x00
core   0: 0x000000008000fed6 (0xfc843703) ld      a4, -56(s0)
core   0: 3 0x000000008000fed6 (0xfc843703) x14 0x0000000080012040 mem 0x0000000080031f38
core   0: 0x000000008000feda (0xfb843783) ld      a5, -72(s0)
core   0: 3 0x000000008000feda (0xfb843783) x15 0x000000000000009c mem 0x0000000080031f28
core   0: 0x000000008000fede (0x000097ba) c.add   a5, a4
core   0: 3 0x000000008000fede (0x97ba) x15 0x00000000800120dc
core   0: 0x000000008000fee0 (0xfe043703) ld      a4, -32(s0)
core   0: 3 0x000000008000fee0 (0xfe043703) x14 0x00000000800120b8 mem 0x0000000080031f50
core   0: 0x000000008000fee4 (0xfcf76de3) bltu    a4, a5, pc - 38
core   0: 3 0x000000008000fee4 (0xfcf76de3)
core   0: 0x000000008000febe (0xfe043783) ld      a5, -32(s0)
core   0: 3 0x000000008000febe (0xfe043783) x15 0x00000000800120b8 mem 0x0000000080031f50
core   0: 0x000000008000fec2 (0x00178713) addi    a4, a5, 1
core   0: 3 0x000000008000fec2 (0x00178713) x14 0x00000000800120b9
core   0: 0x000000008000fec6 (0xfee43023) sd      a4, -32(s0)
core   0: 3 0x000000008000fec6 (0xfee43023) mem 0x0000000080031f50 0x00000000800120b9
core   0: 0x000000008000feca (0xfc442703) lw      a4, -60(s0)
core   0: 3 0x000000008000feca (0xfc442703) x14 0x0000000000000000 mem 0x0000000080031f34
core   0: 0x000000008000fece (0x0ff77713) andi    a4, a4, 255
core   0: 3 0x000000008000fece (0x0ff77713) x14 0x0000000000000000
core   0: 0x000000008000fed2 (0x00e78023) sb      a4, 0(a5)
core   0: 3 0x000000008000fed2 (0x00e78023) mem 0x00000000800120b8 0x00
core   0: 0x000000008000fed6 (0xfc843703) ld      a4, -56(s0)
core   0: 3 0x000000008000fed6 (0xfc843703) x14 0x0000000080012040 mem 0x0000000080031f38
core   0: 0x000000008000feda (0xfb843783) ld      a5, -72(s0)
core   0: 3 0x000000008000feda (0xfb843783) x15 0x000000000000009c mem 0x0000000080031f28
core   0: 0x000000008000fede (0x000097ba) c.add   a5, a4
core   0: 3 0x000000008000fede (0x97ba) x15 0x00000000800120dc
core   0: 0x000000008000fee0 (0xfe043703) ld      a4, -32(s0)
core   0: 3 0x000000008000fee0 (0xfe043703) x14 0x00000000800120b9 mem 0x0000000080031f50
core   0: 0x000000008000fee4 (0xfcf76de3) bltu    a4, a5, pc - 38
core   0: 3 0x000000008000fee4 (0xfcf76de3)
core   0: 0x000000008000febe (0xfe043783) ld      a5, -32(s0)
core   0: 3 0x000000008000febe (0xfe043783) x15 0x00000000800120b9 mem 0x0000000080031f50
core   0: 0x000000008000fec2 (0x00178713) addi    a4, a5, 1
core   0: 3 0x000000008000fec2 (0x00178713) x14 0x00000000800120ba
core   0: 0x000000008000fec6 (0xfee43023) sd      a4, -32(s0)
core   0: 3 0x000000008000fec6 (0xfee43023) mem 0x0000000080031f50 0x00000000800120ba
core   0: 0x000000008000feca (0xfc442703) lw      a4, -60(s0)
core   0: 3 0x000000008000feca (0xfc442703) x14 0x0000000000000000 mem 0x0000000080031f34
core   0: 0x000000008000fece (0x0ff77713) andi    a4, a4, 255
core   0: 3 0x000000008000fece (0x0ff77713) x14 0x0000000000000000
core   0: 0x000000008000fed2 (0x00e78023) sb      a4, 0(a5)
core   0: 3 0x000000008000fed2 (0x00e78023) mem 0x00000000800120b9 0x00
core   0: 0x000000008000fed6 (0xfc843703) ld      a4, -56(s0)
core   0: 3 0x000000008000fed6 (0xfc843703) x14 0x0000000080012040 mem 0x0000000080031f38
core   0: 0x000000008000feda (0xfb843783) ld      a5, -72(s0)
core   0: 3 0x000000008000feda (0xfb843783) x15 0x000000000000009c mem 0x0000000080031f28
core   0: 0x000000008000fede (0x000097ba) c.add   a5, a4
core   0: 3 0x000000008000fede (0x97ba) x15 0x00000000800120dc
core   0: 0x000000008000fee0 (0xfe043703) ld      a4, -32(s0)
core   0: 3 0x000000008000fee0 (0xfe043703) x14 0x00000000800120ba mem 0x0000000080031f50
core   0: 0x000000008000fee4 (0xfcf76de3) bltu    a4, a5, pc - 38
core   0: 3 0x000000008000fee4 (0xfcf76de3)
core   0: 0x000000008000febe (0xfe043783) ld      a5, -32(s0)
core   0: 3 0x000000008000febe (0xfe043783) x15 0x00000000800120ba mem 0x0000000080031f50
core   0: 0x000000008000fec2 (0x00178713) addi    a4, a5, 1
core   0: 3 0x000000008000fec2 (0x00178713) x14 0x00000000800120bb
core   0: 0x000000008000fec6 (0xfee43023) sd      a4, -32(s0)
core   0: 3 0x000000008000fec6 (0xfee43023) mem 0x0000000080031f50 0x00000000800120bb
core   0: 0x000000008000feca (0xfc442703) lw      a4, -60(s0)
core   0: 3 0x000000008000feca (0xfc442703) x14 0x0000000000000000 mem 0x0000000080031f34
core   0: 0x000000008000fece (0x0ff77713) andi    a4, a4, 255
core   0: 3 0x000000008000fece (0x0ff77713) x14 0x0000000000000000
core   0: 0x000000008000fed2 (0x00e78023) sb      a4, 0(a5)
core   0: 3 0x000000008000fed2 (0x00e78023) mem 0x00000000800120ba 0x00
core   0: 0x000000008000fed6 (0xfc843703) ld      a4, -56(s0)
core   0: 3 0x000000008000fed6 (0xfc843703) x14 0x0000000080012040 mem 0x0000000080031f38
core   0: 0x000000008000feda (0xfb843783) ld      a5, -72(s0)
core   0: 3 0x000000008000feda (0xfb843783) x15 0x000000000000009c mem 0x0000000080031f28
core   0: 0x000000008000fede (0x000097ba) c.add   a5, a4
core   0: 3 0x000000008000fede (0x97ba) x15 0x00000000800120dc
core   0: 0x000000008000fee0 (0xfe043703) ld      a4, -32(s0)
core   0: 3 0x000000008000fee0 (0xfe043703) x14 0x00000000800120bb mem 0x0000000080031f50
core   0: 0x000000008000fee4 (0xfcf76de3) bltu    a4, a5, pc - 38
core   0: 3 0x000000008000fee4 (0xfcf76de3)
core   0: 0x000000008000febe (0xfe043783) ld      a5, -32(s0)
core   0: 3 0x000000008000febe (0xfe043783) x15 0x00000000800120bb mem 0x0000000080031f50
core   0: 0x000000008000fec2 (0x00178713) addi    a4, a5, 1
core   0: 3 0x000000008000fec2 (0x00178713) x14 0x00000000800120bc
core   0: 0x000000008000fec6 (0xfee43023) sd      a4, -32(s0)
core   0: 3 0x000000008000fec6 (0xfee43023) mem 0x0000000080031f50 0x00000000800120bc
core   0: 0x000000008000feca (0xfc442703) lw      a4, -60(s0)
core   0: 3 0x000000008000feca (0xfc442703) x14 0x0000000000000000 mem 0x0000000080031f34
core   0: 0x000000008000fece (0x0ff77713) andi    a4, a4, 255
core   0: 3 0x000000008000fece (0x0ff77713) x14 0x0000000000000000
core   0: 0x000000008000fed2 (0x00e78023) sb      a4, 0(a5)
core   0: 3 0x000000008000fed2 (0x00e78023) mem 0x00000000800120bb 0x00
core   0: 0x000000008000fed6 (0xfc843703) ld      a4, -56(s0)
core   0: 3 0x000000008000fed6 (0xfc843703) x14 0x0000000080012040 mem 0x0000000080031f38
core   0: 0x000000008000feda (0xfb843783) ld      a5, -72(s0)
core   0: 3 0x000000008000feda (0xfb843783) x15 0x000000000000009c mem 0x0000000080031f28
core   0: 0x000000008000fede (0x000097ba) c.add   a5, a4
core   0: 3 0x000000008000fede (0x97ba) x15 0x00000000800120dc
core   0: 0x000000008000fee0 (0xfe043703) ld      a4, -32(s0)
core   0: 3 0x000000008000fee0 (0xfe043703) x14 0x00000000800120bc mem 0x0000000080031f50
core   0: 0x000000008000fee4 (0xfcf76de3) bltu    a4, a5, pc - 38
core   0: 3 0x000000008000fee4 (0xfcf76de3)
core   0: 0x000000008000febe (0xfe043783) ld      a5, -32(s0)
core   0: 3 0x000000008000febe (0xfe043783) x15 0x00000000800120bc mem 0x0000000080031f50
core   0: 0x000000008000fec2 (0x00178713) addi    a4, a5, 1
core   0: 3 0x000000008000fec2 (0x00178713) x14 0x00000000800120bd
core   0: 0x000000008000fec6 (0xfee43023) sd      a4, -32(s0)
core   0: 3 0x000000008000fec6 (0xfee43023) mem 0x0000000080031f50 0x00000000800120bd
core   0: 0x000000008000feca (0xfc442703) lw      a4, -60(s0)
core   0: 3 0x000000008000feca (0xfc442703) x14 0x0000000000000000 mem 0x0000000080031f34
core   0: 0x000000008000fece (0x0ff77713) andi    a4, a4, 255
core   0: 3 0x000000008000fece (0x0ff77713) x14 0x0000000000000000
core   0: 0x000000008000fed2 (0x00e78023) sb      a4, 0(a5)
core   0: 3 0x000000008000fed2 (0x00e78023) mem 0x00000000800120bc 0x00
core   0: 0x000000008000fed6 (0xfc843703) ld      a4, -56(s0)
core   0: 3 0x000000008000fed6 (0xfc843703) x14 0x0000000080012040 mem 0x0000000080031f38
core   0: 0x000000008000feda (0xfb843783) ld      a5, -72(s0)
core   0: 3 0x000000008000feda (0xfb843783) x15 0x000000000000009c mem 0x0000000080031f28
core   0: 0x000000008000fede (0x000097ba) c.add   a5, a4
core   0: 3 0x000000008000fede (0x97ba) x15 0x00000000800120dc
core   0: 0x000000008000fee0 (0xfe043703) ld      a4, -32(s0)
core   0: 3 0x000000008000fee0 (0xfe043703) x14 0x00000000800120bd mem 0x0000000080031f50
core   0: 0x000000008000fee4 (0xfcf76de3) bltu    a4, a5, pc - 38
core   0: 3 0x000000008000fee4 (0xfcf76de3)
core   0: 0x000000008000febe (0xfe043783) ld      a5, -32(s0)
core   0: 3 0x000000008000febe (0xfe043783) x15 0x00000000800120bd mem 0x0000000080031f50
core   0: 0x000000008000fec2 (0x00178713) addi    a4, a5, 1
core   0: 3 0x000000008000fec2 (0x00178713) x14 0x00000000800120be
core   0: 0x000000008000fec6 (0xfee43023) sd      a4, -32(s0)
core   0: 3 0x000000008000fec6 (0xfee43023) mem 0x0000000080031f50 0x00000000800120be
core   0: 0x000000008000feca (0xfc442703) lw      a4, -60(s0)
core   0: 3 0x000000008000feca (0xfc442703) x14 0x0000000000000000 mem 0x0000000080031f34
core   0: 0x000000008000fece (0x0ff77713) andi    a4, a4, 255
core   0: 3 0x000000008000fece (0x0ff77713) x14 0x0000000000000000
core   0: 0x000000008000fed2 (0x00e78023) sb      a4, 0(a5)
core   0: 3 0x000000008000fed2 (0x00e78023) mem 0x00000000800120bd 0x00
core   0: 0x000000008000fed6 (0xfc843703) ld      a4, -56(s0)
core   0: 3 0x000000008000fed6 (0xfc843703) x14 0x0000000080012040 mem 0x0000000080031f38
core   0: 0x000000008000feda (0xfb843783) ld      a5, -72(s0)
core   0: 3 0x000000008000feda (0xfb843783) x15 0x000000000000009c mem 0x0000000080031f28
core   0: 0x000000008000fede (0x000097ba) c.add   a5, a4
core   0: 3 0x000000008000fede (0x97ba) x15 0x00000000800120dc
core   0: 0x000000008000fee0 (0xfe043703) ld      a4, -32(s0)
core   0: 3 0x000000008000fee0 (0xfe043703) x14 0x00000000800120be mem 0x0000000080031f50
core   0: 0x000000008000fee4 (0xfcf76de3) bltu    a4, a5, pc - 38
core   0: 3 0x000000008000fee4 (0xfcf76de3)
core   0: 0x000000008000febe (0xfe043783) ld      a5, -32(s0)
core   0: 3 0x000000008000febe (0xfe043783) x15 0x00000000800120be mem 0x0000000080031f50
core   0: 0x000000008000fec2 (0x00178713) addi    a4, a5, 1
core   0: 3 0x000000008000fec2 (0x00178713) x14 0x00000000800120bf
core   0: 0x000000008000fec6 (0xfee43023) sd      a4, -32(s0)
core   0: 3 0x000000008000fec6 (0xfee43023) mem 0x0000000080031f50 0x00000000800120bf
core   0: 0x000000008000feca (0xfc442703) lw      a4, -60(s0)
core   0: 3 0x000000008000feca (0xfc442703) x14 0x0000000000000000 mem 0x0000000080031f34
core   0: 0x000000008000fece (0x0ff77713) andi    a4, a4, 255
core   0: 3 0x000000008000fece (0x0ff77713) x14 0x0000000000000000
core   0: 0x000000008000fed2 (0x00e78023) sb      a4, 0(a5)
core   0: 3 0x000000008000fed2 (0x00e78023) mem 0x00000000800120be 0x00
core   0: 0x000000008000fed6 (0xfc843703) ld      a4, -56(s0)
core   0: 3 0x000000008000fed6 (0xfc843703) x14 0x0000000080012040 mem 0x0000000080031f38
core   0: 0x000000008000feda (0xfb843783) ld      a5, -72(s0)
core   0: 3 0x000000008000feda (0xfb843783) x15 0x000000000000009c mem 0x0000000080031f28
core   0: 0x000000008000fede (0x000097ba) c.add   a5, a4
core   0: 3 0x000000008000fede (0x97ba) x15 0x00000000800120dc
core   0: 0x000000008000fee0 (0xfe043703) ld      a4, -32(s0)
core   0: 3 0x000000008000fee0 (0xfe043703) x14 0x00000000800120bf mem 0x0000000080031f50
core   0: 0x000000008000fee4 (0xfcf76de3) bltu    a4, a5, pc - 38
core   0: 3 0x000000008000fee4 (0xfcf76de3)
core   0: 0x000000008000febe (0xfe043783) ld      a5, -32(s0)
core   0: 3 0x000000008000febe (0xfe043783) x15 0x00000000800120bf mem 0x0000000080031f50
core   0: 0x000000008000fec2 (0x00178713) addi    a4, a5, 1
core   0: 3 0x000000008000fec2 (0x00178713) x14 0x00000000800120c0
core   0: 0x000000008000fec6 (0xfee43023) sd      a4, -32(s0)
core   0: 3 0x000000008000fec6 (0xfee43023) mem 0x0000000080031f50 0x00000000800120c0
core   0: 0x000000008000feca (0xfc442703) lw      a4, -60(s0)
core   0: 3 0x000000008000feca (0xfc442703) x14 0x0000000000000000 mem 0x0000000080031f34
core   0: 0x000000008000fece (0x0ff77713) andi    a4, a4, 255
core   0: 3 0x000000008000fece (0x0ff77713) x14 0x0000000000000000
core   0: 0x000000008000fed2 (0x00e78023) sb      a4, 0(a5)
core   0: 3 0x000000008000fed2 (0x00e78023) mem 0x00000000800120bf 0x00
core   0: 0x000000008000fed6 (0xfc843703) ld      a4, -56(s0)
core   0: 3 0x000000008000fed6 (0xfc843703) x14 0x0000000080012040 mem 0x0000000080031f38
core   0: 0x000000008000feda (0xfb843783) ld      a5, -72(s0)
core   0: 3 0x000000008000feda (0xfb843783) x15 0x000000000000009c mem 0x0000000080031f28
core   0: 0x000000008000fede (0x000097ba) c.add   a5, a4
core   0: 3 0x000000008000fede (0x97ba) x15 0x00000000800120dc
core   0: 0x000000008000fee0 (0xfe043703) ld      a4, -32(s0)
core   0: 3 0x000000008000fee0 (0xfe043703) x14 0x00000000800120c0 mem 0x0000000080031f50
core   0: 0x000000008000fee4 (0xfcf76de3) bltu    a4, a5, pc - 38
core   0: 3 0x000000008000fee4 (0xfcf76de3)
core   0: 0x000000008000febe (0xfe043783) ld      a5, -32(s0)
core   0: 3 0x000000008000febe (0xfe043783) x15 0x00000000800120c0 mem 0x0000000080031f50
core   0: 0x000000008000fec2 (0x00178713) addi    a4, a5, 1
core   0: 3 0x000000008000fec2 (0x00178713) x14 0x00000000800120c1
core   0: 0x000000008000fec6 (0xfee43023) sd      a4, -32(s0)
core   0: 3 0x000000008000fec6 (0xfee43023) mem 0x0000000080031f50 0x00000000800120c1
core   0: 0x000000008000feca (0xfc442703) lw      a4, -60(s0)
core   0: 3 0x000000008000feca (0xfc442703) x14 0x0000000000000000 mem 0x0000000080031f34
core   0: 0x000000008000fece (0x0ff77713) andi    a4, a4, 255
core   0: 3 0x000000008000fece (0x0ff77713) x14 0x0000000000000000
core   0: 0x000000008000fed2 (0x00e78023) sb      a4, 0(a5)
core   0: 3 0x000000008000fed2 (0x00e78023) mem 0x00000000800120c0 0x00
core   0: 0x000000008000fed6 (0xfc843703) ld      a4, -56(s0)
core   0: 3 0x000000008000fed6 (0xfc843703) x14 0x0000000080012040 mem 0x0000000080031f38
core   0: 0x000000008000feda (0xfb843783) ld      a5, -72(s0)
core   0: 3 0x000000008000feda (0xfb843783) x15 0x000000000000009c mem 0x0000000080031f28
core   0: 0x000000008000fede (0x000097ba) c.add   a5, a4
core   0: 3 0x000000008000fede (0x97ba) x15 0x00000000800120dc
core   0: 0x000000008000fee0 (0xfe043703) ld      a4, -32(s0)
core   0: 3 0x000000008000fee0 (0xfe043703) x14 0x00000000800120c1 mem 0x0000000080031f50
core   0: 0x000000008000fee4 (0xfcf76de3) bltu    a4, a5, pc - 38
core   0: 3 0x000000008000fee4 (0xfcf76de3)
core   0: 0x000000008000febe (0xfe043783) ld      a5, -32(s0)
core   0: 3 0x000000008000febe (0xfe043783) x15 0x00000000800120c1 mem 0x0000000080031f50
core   0: 0x000000008000fec2 (0x00178713) addi    a4, a5, 1
core   0: 3 0x000000008000fec2 (0x00178713) x14 0x00000000800120c2
core   0: 0x000000008000fec6 (0xfee43023) sd      a4, -32(s0)
core   0: 3 0x000000008000fec6 (0xfee43023) mem 0x0000000080031f50 0x00000000800120c2
core   0: 0x000000008000feca (0xfc442703) lw      a4, -60(s0)
core   0: 3 0x000000008000feca (0xfc442703) x14 0x0000000000000000 mem 0x0000000080031f34
core   0: 0x000000008000fece (0x0ff77713) andi    a4, a4, 255
core   0: 3 0x000000008000fece (0x0ff77713) x14 0x0000000000000000
core   0: 0x000000008000fed2 (0x00e78023) sb      a4, 0(a5)
core   0: 3 0x000000008000fed2 (0x00e78023) mem 0x00000000800120c1 0x00
core   0: 0x000000008000fed6 (0xfc843703) ld      a4, -56(s0)
core   0: 3 0x000000008000fed6 (0xfc843703) x14 0x0000000080012040 mem 0x0000000080031f38
core   0: 0x000000008000feda (0xfb843783) ld      a5, -72(s0)
core   0: 3 0x000000008000feda (0xfb843783) x15 0x000000000000009c mem 0x0000000080031f28
core   0: 0x000000008000fede (0x000097ba) c.add   a5, a4
core   0: 3 0x000000008000fede (0x97ba) x15 0x00000000800120dc
core   0: 0x000000008000fee0 (0xfe043703) ld      a4, -32(s0)
core   0: 3 0x000000008000fee0 (0xfe043703) x14 0x00000000800120c2 mem 0x0000000080031f50
core   0: 0x000000008000fee4 (0xfcf76de3) bltu    a4, a5, pc - 38
core   0: 3 0x000000008000fee4 (0xfcf76de3)
core   0: 0x000000008000febe (0xfe043783) ld      a5, -32(s0)
core   0: 3 0x000000008000febe (0xfe043783) x15 0x00000000800120c2 mem 0x0000000080031f50
core   0: 0x000000008000fec2 (0x00178713) addi    a4, a5, 1
core   0: 3 0x000000008000fec2 (0x00178713) x14 0x00000000800120c3
core   0: 0x000000008000fec6 (0xfee43023) sd      a4, -32(s0)
core   0: 3 0x000000008000fec6 (0xfee43023) mem 0x0000000080031f50 0x00000000800120c3
core   0: 0x000000008000feca (0xfc442703) lw      a4, -60(s0)
core   0: 3 0x000000008000feca (0xfc442703) x14 0x0000000000000000 mem 0x0000000080031f34
core   0: 0x000000008000fece (0x0ff77713) andi    a4, a4, 255
core   0: 3 0x000000008000fece (0x0ff77713) x14 0x0000000000000000
core   0: 0x000000008000fed2 (0x00e78023) sb      a4, 0(a5)
core   0: 3 0x000000008000fed2 (0x00e78023) mem 0x00000000800120c2 0x00
core   0: 0x000000008000fed6 (0xfc843703) ld      a4, -56(s0)
core   0: 3 0x000000008000fed6 (0xfc843703) x14 0x0000000080012040 mem 0x0000000080031f38
core   0: 0x000000008000feda (0xfb843783) ld      a5, -72(s0)
core   0: 3 0x000000008000feda (0xfb843783) x15 0x000000000000009c mem 0x0000000080031f28
core   0: 0x000000008000fede (0x000097ba) c.add   a5, a4
core   0: 3 0x000000008000fede (0x97ba) x15 0x00000000800120dc
core   0: 0x000000008000fee0 (0xfe043703) ld      a4, -32(s0)
core   0: 3 0x000000008000fee0 (0xfe043703) x14 0x00000000800120c3 mem 0x0000000080031f50
core   0: 0x000000008000fee4 (0xfcf76de3) bltu    a4, a5, pc - 38
core   0: 3 0x000000008000fee4 (0xfcf76de3)
core   0: 0x000000008000febe (0xfe043783) ld      a5, -32(s0)
core   0: 3 0x000000008000febe (0xfe043783) x15 0x00000000800120c3 mem 0x0000000080031f50
core   0: 0x000000008000fec2 (0x00178713) addi    a4, a5, 1
core   0: 3 0x000000008000fec2 (0x00178713) x14 0x00000000800120c4
core   0: 0x000000008000fec6 (0xfee43023) sd      a4, -32(s0)
core   0: 3 0x000000008000fec6 (0xfee43023) mem 0x0000000080031f50 0x00000000800120c4
core   0: 0x000000008000feca (0xfc442703) lw      a4, -60(s0)
core   0: 3 0x000000008000feca (0xfc442703) x14 0x0000000000000000 mem 0x0000000080031f34
core   0: 0x000000008000fece (0x0ff77713) andi    a4, a4, 255
core   0: 3 0x000000008000fece (0x0ff77713) x14 0x0000000000000000
core   0: 0x000000008000fed2 (0x00e78023) sb      a4, 0(a5)
core   0: 3 0x000000008000fed2 (0x00e78023) mem 0x00000000800120c3 0x00
core   0: 0x000000008000fed6 (0xfc843703) ld      a4, -56(s0)
core   0: 3 0x000000008000fed6 (0xfc843703) x14 0x0000000080012040 mem 0x0000000080031f38
core   0: 0x000000008000feda (0xfb843783) ld      a5, -72(s0)
core   0: 3 0x000000008000feda (0xfb843783) x15 0x000000000000009c mem 0x0000000080031f28
core   0: 0x000000008000fede (0x000097ba) c.add   a5, a4
core   0: 3 0x000000008000fede (0x97ba) x15 0x00000000800120dc
core   0: 0x000000008000fee0 (0xfe043703) ld      a4, -32(s0)
core   0: 3 0x000000008000fee0 (0xfe043703) x14 0x00000000800120c4 mem 0x0000000080031f50
core   0: 0x000000008000fee4 (0xfcf76de3) bltu    a4, a5, pc - 38
core   0: 3 0x000000008000fee4 (0xfcf76de3)
core   0: 0x000000008000febe (0xfe043783) ld      a5, -32(s0)
core   0: 3 0x000000008000febe (0xfe043783) x15 0x00000000800120c4 mem 0x0000000080031f50
core   0: 0x000000008000fec2 (0x00178713) addi    a4, a5, 1
core   0: 3 0x000000008000fec2 (0x00178713) x14 0x00000000800120c5
core   0: 0x000000008000fec6 (0xfee43023) sd      a4, -32(s0)
core   0: 3 0x000000008000fec6 (0xfee43023) mem 0x0000000080031f50 0x00000000800120c5
core   0: 0x000000008000feca (0xfc442703) lw      a4, -60(s0)
core   0: 3 0x000000008000feca (0xfc442703) x14 0x0000000000000000 mem 0x0000000080031f34
core   0: 0x000000008000fece (0x0ff77713) andi    a4, a4, 255
core   0: 3 0x000000008000fece (0x0ff77713) x14 0x0000000000000000
core   0: 0x000000008000fed2 (0x00e78023) sb      a4, 0(a5)
core   0: 3 0x000000008000fed2 (0x00e78023) mem 0x00000000800120c4 0x00
core   0: 0x000000008000fed6 (0xfc843703) ld      a4, -56(s0)
core   0: 3 0x000000008000fed6 (0xfc843703) x14 0x0000000080012040 mem 0x0000000080031f38
core   0: 0x000000008000feda (0xfb843783) ld      a5, -72(s0)
core   0: 3 0x000000008000feda (0xfb843783) x15 0x000000000000009c mem 0x0000000080031f28
core   0: 0x000000008000fede (0x000097ba) c.add   a5, a4
core   0: 3 0x000000008000fede (0x97ba) x15 0x00000000800120dc
core   0: 0x000000008000fee0 (0xfe043703) ld      a4, -32(s0)
core   0: 3 0x000000008000fee0 (0xfe043703) x14 0x00000000800120c5 mem 0x0000000080031f50
core   0: 0x000000008000fee4 (0xfcf76de3) bltu    a4, a5, pc - 38
core   0: 3 0x000000008000fee4 (0xfcf76de3)
core   0: 0x000000008000febe (0xfe043783) ld      a5, -32(s0)
core   0: 3 0x000000008000febe (0xfe043783) x15 0x00000000800120c5 mem 0x0000000080031f50
core   0: 0x000000008000fec2 (0x00178713) addi    a4, a5, 1
core   0: 3 0x000000008000fec2 (0x00178713) x14 0x00000000800120c6
core   0: 0x000000008000fec6 (0xfee43023) sd      a4, -32(s0)
core   0: 3 0x000000008000fec6 (0xfee43023) mem 0x0000000080031f50 0x00000000800120c6
core   0: 0x000000008000feca (0xfc442703) lw      a4, -60(s0)
core   0: 3 0x000000008000feca (0xfc442703) x14 0x0000000000000000 mem 0x0000000080031f34
core   0: 0x000000008000fece (0x0ff77713) andi    a4, a4, 255
core   0: 3 0x000000008000fece (0x0ff77713) x14 0x0000000000000000
core   0: 0x000000008000fed2 (0x00e78023) sb      a4, 0(a5)
core   0: 3 0x000000008000fed2 (0x00e78023) mem 0x00000000800120c5 0x00
core   0: 0x000000008000fed6 (0xfc843703) ld      a4, -56(s0)
core   0: 3 0x000000008000fed6 (0xfc843703) x14 0x0000000080012040 mem 0x0000000080031f38
core   0: 0x000000008000feda (0xfb843783) ld      a5, -72(s0)
core   0: 3 0x000000008000feda (0xfb843783) x15 0x000000000000009c mem 0x0000000080031f28
core   0: 0x000000008000fede (0x000097ba) c.add   a5, a4
core   0: 3 0x000000008000fede (0x97ba) x15 0x00000000800120dc
core   0: 0x000000008000fee0 (0xfe043703) ld      a4, -32(s0)
core   0: 3 0x000000008000fee0 (0xfe043703) x14 0x00000000800120c6 mem 0x0000000080031f50
core   0: 0x000000008000fee4 (0xfcf76de3) bltu    a4, a5, pc - 38
core   0: 3 0x000000008000fee4 (0xfcf76de3)
core   0: 0x000000008000febe (0xfe043783) ld      a5, -32(s0)
core   0: 3 0x000000008000febe (0xfe043783) x15 0x00000000800120c6 mem 0x0000000080031f50
core   0: 0x000000008000fec2 (0x00178713) addi    a4, a5, 1
core   0: 3 0x000000008000fec2 (0x00178713) x14 0x00000000800120c7
core   0: 0x000000008000fec6 (0xfee43023) sd      a4, -32(s0)
core   0: 3 0x000000008000fec6 (0xfee43023) mem 0x0000000080031f50 0x00000000800120c7
core   0: 0x000000008000feca (0xfc442703) lw      a4, -60(s0)
core   0: 3 0x000000008000feca (0xfc442703) x14 0x0000000000000000 mem 0x0000000080031f34
core   0: 0x000000008000fece (0x0ff77713) andi    a4, a4, 255
core   0: 3 0x000000008000fece (0x0ff77713) x14 0x0000000000000000
core   0: 0x000000008000fed2 (0x00e78023) sb      a4, 0(a5)
core   0: 3 0x000000008000fed2 (0x00e78023) mem 0x00000000800120c6 0x00
core   0: 0x000000008000fed6 (0xfc843703) ld      a4, -56(s0)
core   0: 3 0x000000008000fed6 (0xfc843703) x14 0x0000000080012040 mem 0x0000000080031f38
core   0: 0x000000008000feda (0xfb843783) ld      a5, -72(s0)
core   0: 3 0x000000008000feda (0xfb843783) x15 0x000000000000009c mem 0x0000000080031f28
core   0: 0x000000008000fede (0x000097ba) c.add   a5, a4
core   0: 3 0x000000008000fede (0x97ba) x15 0x00000000800120dc
core   0: 0x000000008000fee0 (0xfe043703) ld      a4, -32(s0)
core   0: 3 0x000000008000fee0 (0xfe043703) x14 0x00000000800120c7 mem 0x0000000080031f50
core   0: 0x000000008000fee4 (0xfcf76de3) bltu    a4, a5, pc - 38
core   0: 3 0x000000008000fee4 (0xfcf76de3)
core   0: 0x000000008000febe (0xfe043783) ld      a5, -32(s0)
core   0: 3 0x000000008000febe (0xfe043783) x15 0x00000000800120c7 mem 0x0000000080031f50
core   0: 0x000000008000fec2 (0x00178713) addi    a4, a5, 1
core   0: 3 0x000000008000fec2 (0x00178713) x14 0x00000000800120c8
core   0: 0x000000008000fec6 (0xfee43023) sd      a4, -32(s0)
core   0: 3 0x000000008000fec6 (0xfee43023) mem 0x0000000080031f50 0x00000000800120c8
core   0: 0x000000008000feca (0xfc442703) lw      a4, -60(s0)
core   0: 3 0x000000008000feca (0xfc442703) x14 0x0000000000000000 mem 0x0000000080031f34
core   0: 0x000000008000fece (0x0ff77713) andi    a4, a4, 255
core   0: 3 0x000000008000fece (0x0ff77713) x14 0x0000000000000000
core   0: 0x000000008000fed2 (0x00e78023) sb      a4, 0(a5)
core   0: 3 0x000000008000fed2 (0x00e78023) mem 0x00000000800120c7 0x00
core   0: 0x000000008000fed6 (0xfc843703) ld      a4, -56(s0)
core   0: 3 0x000000008000fed6 (0xfc843703) x14 0x0000000080012040 mem 0x0000000080031f38
core   0: 0x000000008000feda (0xfb843783) ld      a5, -72(s0)
core   0: 3 0x000000008000feda (0xfb843783) x15 0x000000000000009c mem 0x0000000080031f28
core   0: 0x000000008000fede (0x000097ba) c.add   a5, a4
core   0: 3 0x000000008000fede (0x97ba) x15 0x00000000800120dc
core   0: 0x000000008000fee0 (0xfe043703) ld      a4, -32(s0)
core   0: 3 0x000000008000fee0 (0xfe043703) x14 0x00000000800120c8 mem 0x0000000080031f50
core   0: 0x000000008000fee4 (0xfcf76de3) bltu    a4, a5, pc - 38
core   0: 3 0x000000008000fee4 (0xfcf76de3)
core   0: 0x000000008000febe (0xfe043783) ld      a5, -32(s0)
core   0: 3 0x000000008000febe (0xfe043783) x15 0x00000000800120c8 mem 0x0000000080031f50
core   0: 0x000000008000fec2 (0x00178713) addi    a4, a5, 1
core   0: 3 0x000000008000fec2 (0x00178713) x14 0x00000000800120c9
core   0: 0x000000008000fec6 (0xfee43023) sd      a4, -32(s0)
core   0: 3 0x000000008000fec6 (0xfee43023) mem 0x0000000080031f50 0x00000000800120c9
core   0: 0x000000008000feca (0xfc442703) lw      a4, -60(s0)
core   0: 3 0x000000008000feca (0xfc442703) x14 0x0000000000000000 mem 0x0000000080031f34
core   0: 0x000000008000fece (0x0ff77713) andi    a4, a4, 255
core   0: 3 0x000000008000fece (0x0ff77713) x14 0x0000000000000000
core   0: 0x000000008000fed2 (0x00e78023) sb      a4, 0(a5)
core   0: 3 0x000000008000fed2 (0x00e78023) mem 0x00000000800120c8 0x00
core   0: 0x000000008000fed6 (0xfc843703) ld      a4, -56(s0)
core   0: 3 0x000000008000fed6 (0xfc843703) x14 0x0000000080012040 mem 0x0000000080031f38
core   0: 0x000000008000feda (0xfb843783) ld      a5, -72(s0)
core   0: 3 0x000000008000feda (0xfb843783) x15 0x000000000000009c mem 0x0000000080031f28
core   0: 0x000000008000fede (0x000097ba) c.add   a5, a4
core   0: 3 0x000000008000fede (0x97ba) x15 0x00000000800120dc
core   0: 0x000000008000fee0 (0xfe043703) ld      a4, -32(s0)
core   0: 3 0x000000008000fee0 (0xfe043703) x14 0x00000000800120c9 mem 0x0000000080031f50
core   0: 0x000000008000fee4 (0xfcf76de3) bltu    a4, a5, pc - 38
core   0: 3 0x000000008000fee4 (0xfcf76de3)
core   0: 0x000000008000febe (0xfe043783) ld      a5, -32(s0)
core   0: 3 0x000000008000febe (0xfe043783) x15 0x00000000800120c9 mem 0x0000000080031f50
core   0: 0x000000008000fec2 (0x00178713) addi    a4, a5, 1
core   0: 3 0x000000008000fec2 (0x00178713) x14 0x00000000800120ca
core   0: 0x000000008000fec6 (0xfee43023) sd      a4, -32(s0)
core   0: 3 0x000000008000fec6 (0xfee43023) mem 0x0000000080031f50 0x00000000800120ca
core   0: 0x000000008000feca (0xfc442703) lw      a4, -60(s0)
core   0: 3 0x000000008000feca (0xfc442703) x14 0x0000000000000000 mem 0x0000000080031f34
core   0: 0x000000008000fece (0x0ff77713) andi    a4, a4, 255
core   0: 3 0x000000008000fece (0x0ff77713) x14 0x0000000000000000
core   0: 0x000000008000fed2 (0x00e78023) sb      a4, 0(a5)
core   0: 3 0x000000008000fed2 (0x00e78023) mem 0x00000000800120c9 0x00
core   0: 0x000000008000fed6 (0xfc843703) ld      a4, -56(s0)
core   0: 3 0x000000008000fed6 (0xfc843703) x14 0x0000000080012040 mem 0x0000000080031f38
core   0: 0x000000008000feda (0xfb843783) ld      a5, -72(s0)
core   0: 3 0x000000008000feda (0xfb843783) x15 0x000000000000009c mem 0x0000000080031f28
core   0: 0x000000008000fede (0x000097ba) c.add   a5, a4
core   0: 3 0x000000008000fede (0x97ba) x15 0x00000000800120dc
core   0: 0x000000008000fee0 (0xfe043703) ld      a4, -32(s0)
core   0: 3 0x000000008000fee0 (0xfe043703) x14 0x00000000800120ca mem 0x0000000080031f50
core   0: 0x000000008000fee4 (0xfcf76de3) bltu    a4, a5, pc - 38
core   0: 3 0x000000008000fee4 (0xfcf76de3)
core   0: 0x000000008000febe (0xfe043783) ld      a5, -32(s0)
core   0: 3 0x000000008000febe (0xfe043783) x15 0x00000000800120ca mem 0x0000000080031f50
core   0: 0x000000008000fec2 (0x00178713) addi    a4, a5, 1
core   0: 3 0x000000008000fec2 (0x00178713) x14 0x00000000800120cb
core   0: 0x000000008000fec6 (0xfee43023) sd      a4, -32(s0)
core   0: 3 0x000000008000fec6 (0xfee43023) mem 0x0000000080031f50 0x00000000800120cb
core   0: 0x000000008000feca (0xfc442703) lw      a4, -60(s0)
core   0: 3 0x000000008000feca (0xfc442703) x14 0x0000000000000000 mem 0x0000000080031f34
core   0: 0x000000008000fece (0x0ff77713) andi    a4, a4, 255
core   0: 3 0x000000008000fece (0x0ff77713) x14 0x0000000000000000
core   0: 0x000000008000fed2 (0x00e78023) sb      a4, 0(a5)
core   0: 3 0x000000008000fed2 (0x00e78023) mem 0x00000000800120ca 0x00
core   0: 0x000000008000fed6 (0xfc843703) ld      a4, -56(s0)
core   0: 3 0x000000008000fed6 (0xfc843703) x14 0x0000000080012040 mem 0x0000000080031f38
core   0: 0x000000008000feda (0xfb843783) ld      a5, -72(s0)
core   0: 3 0x000000008000feda (0xfb843783) x15 0x000000000000009c mem 0x0000000080031f28
core   0: 0x000000008000fede (0x000097ba) c.add   a5, a4
core   0: 3 0x000000008000fede (0x97ba) x15 0x00000000800120dc
core   0: 0x000000008000fee0 (0xfe043703) ld      a4, -32(s0)
core   0: 3 0x000000008000fee0 (0xfe043703) x14 0x00000000800120cb mem 0x0000000080031f50
core   0: 0x000000008000fee4 (0xfcf76de3) bltu    a4, a5, pc - 38
core   0: 3 0x000000008000fee4 (0xfcf76de3)
core   0: 0x000000008000febe (0xfe043783) ld      a5, -32(s0)
core   0: 3 0x000000008000febe (0xfe043783) x15 0x00000000800120cb mem 0x0000000080031f50
core   0: 0x000000008000fec2 (0x00178713) addi    a4, a5, 1
core   0: 3 0x000000008000fec2 (0x00178713) x14 0x00000000800120cc
core   0: 0x000000008000fec6 (0xfee43023) sd      a4, -32(s0)
core   0: 3 0x000000008000fec6 (0xfee43023) mem 0x0000000080031f50 0x00000000800120cc
core   0: 0x000000008000feca (0xfc442703) lw      a4, -60(s0)
core   0: 3 0x000000008000feca (0xfc442703) x14 0x0000000000000000 mem 0x0000000080031f34
core   0: 0x000000008000fece (0x0ff77713) andi    a4, a4, 255
core   0: 3 0x000000008000fece (0x0ff77713) x14 0x0000000000000000
core   0: 0x000000008000fed2 (0x00e78023) sb      a4, 0(a5)
core   0: 3 0x000000008000fed2 (0x00e78023) mem 0x00000000800120cb 0x00
core   0: 0x000000008000fed6 (0xfc843703) ld      a4, -56(s0)
core   0: 3 0x000000008000fed6 (0xfc843703) x14 0x0000000080012040 mem 0x0000000080031f38
core   0: 0x000000008000feda (0xfb843783) ld      a5, -72(s0)
core   0: 3 0x000000008000feda (0xfb843783) x15 0x000000000000009c mem 0x0000000080031f28
core   0: 0x000000008000fede (0x000097ba) c.add   a5, a4
core   0: 3 0x000000008000fede (0x97ba) x15 0x00000000800120dc
core   0: 0x000000008000fee0 (0xfe043703) ld      a4, -32(s0)
core   0: 3 0x000000008000fee0 (0xfe043703) x14 0x00000000800120cc mem 0x0000000080031f50
core   0: 0x000000008000fee4 (0xfcf76de3) bltu    a4, a5, pc - 38
core   0: 3 0x000000008000fee4 (0xfcf76de3)
core   0: 0x000000008000febe (0xfe043783) ld      a5, -32(s0)
core   0: 3 0x000000008000febe (0xfe043783) x15 0x00000000800120cc mem 0x0000000080031f50
core   0: 0x000000008000fec2 (0x00178713) addi    a4, a5, 1
core   0: 3 0x000000008000fec2 (0x00178713) x14 0x00000000800120cd
core   0: 0x000000008000fec6 (0xfee43023) sd      a4, -32(s0)
core   0: 3 0x000000008000fec6 (0xfee43023) mem 0x0000000080031f50 0x00000000800120cd
core   0: 0x000000008000feca (0xfc442703) lw      a4, -60(s0)
core   0: 3 0x000000008000feca (0xfc442703) x14 0x0000000000000000 mem 0x0000000080031f34
core   0: 0x000000008000fece (0x0ff77713) andi    a4, a4, 255
core   0: 3 0x000000008000fece (0x0ff77713) x14 0x0000000000000000
core   0: 0x000000008000fed2 (0x00e78023) sb      a4, 0(a5)
core   0: 3 0x000000008000fed2 (0x00e78023) mem 0x00000000800120cc 0x00
core   0: 0x000000008000fed6 (0xfc843703) ld      a4, -56(s0)
core   0: 3 0x000000008000fed6 (0xfc843703) x14 0x0000000080012040 mem 0x0000000080031f38
core   0: 0x000000008000feda (0xfb843783) ld      a5, -72(s0)
core   0: 3 0x000000008000feda (0xfb843783) x15 0x000000000000009c mem 0x0000000080031f28
core   0: 0x000000008000fede (0x000097ba) c.add   a5, a4
core   0: 3 0x000000008000fede (0x97ba) x15 0x00000000800120dc
core   0: 0x000000008000fee0 (0xfe043703) ld      a4, -32(s0)
core   0: 3 0x000000008000fee0 (0xfe043703) x14 0x00000000800120cd mem 0x0000000080031f50
core   0: 0x000000008000fee4 (0xfcf76de3) bltu    a4, a5, pc - 38
core   0: 3 0x000000008000fee4 (0xfcf76de3)
core   0: 0x000000008000febe (0xfe043783) ld      a5, -32(s0)
core   0: 3 0x000000008000febe (0xfe043783) x15 0x00000000800120cd mem 0x0000000080031f50
core   0: 0x000000008000fec2 (0x00178713) addi    a4, a5, 1
core   0: 3 0x000000008000fec2 (0x00178713) x14 0x00000000800120ce
core   0: 0x000000008000fec6 (0xfee43023) sd      a4, -32(s0)
core   0: 3 0x000000008000fec6 (0xfee43023) mem 0x0000000080031f50 0x00000000800120ce
core   0: 0x000000008000feca (0xfc442703) lw      a4, -60(s0)
core   0: 3 0x000000008000feca (0xfc442703) x14 0x0000000000000000 mem 0x0000000080031f34
core   0: 0x000000008000fece (0x0ff77713) andi    a4, a4, 255
core   0: 3 0x000000008000fece (0x0ff77713) x14 0x0000000000000000
core   0: 0x000000008000fed2 (0x00e78023) sb      a4, 0(a5)
core   0: 3 0x000000008000fed2 (0x00e78023) mem 0x00000000800120cd 0x00
core   0: 0x000000008000fed6 (0xfc843703) ld      a4, -56(s0)
core   0: 3 0x000000008000fed6 (0xfc843703) x14 0x0000000080012040 mem 0x0000000080031f38
core   0: 0x000000008000feda (0xfb843783) ld      a5, -72(s0)
core   0: 3 0x000000008000feda (0xfb843783) x15 0x000000000000009c mem 0x0000000080031f28
core   0: 0x000000008000fede (0x000097ba) c.add   a5, a4
core   0: 3 0x000000008000fede (0x97ba) x15 0x00000000800120dc
core   0: 0x000000008000fee0 (0xfe043703) ld      a4, -32(s0)
core   0: 3 0x000000008000fee0 (0xfe043703) x14 0x00000000800120ce mem 0x0000000080031f50
core   0: 0x000000008000fee4 (0xfcf76de3) bltu    a4, a5, pc - 38
core   0: 3 0x000000008000fee4 (0xfcf76de3)
core   0: 0x000000008000febe (0xfe043783) ld      a5, -32(s0)
core   0: 3 0x000000008000febe (0xfe043783) x15 0x00000000800120ce mem 0x0000000080031f50
core   0: 0x000000008000fec2 (0x00178713) addi    a4, a5, 1
core   0: 3 0x000000008000fec2 (0x00178713) x14 0x00000000800120cf
core   0: 0x000000008000fec6 (0xfee43023) sd      a4, -32(s0)
core   0: 3 0x000000008000fec6 (0xfee43023) mem 0x0000000080031f50 0x00000000800120cf
core   0: 0x000000008000feca (0xfc442703) lw      a4, -60(s0)
core   0: 3 0x000000008000feca (0xfc442703) x14 0x0000000000000000 mem 0x0000000080031f34
core   0: 0x000000008000fece (0x0ff77713) andi    a4, a4, 255
core   0: 3 0x000000008000fece (0x0ff77713) x14 0x0000000000000000
core   0: 0x000000008000fed2 (0x00e78023) sb      a4, 0(a5)
core   0: 3 0x000000008000fed2 (0x00e78023) mem 0x00000000800120ce 0x00
core   0: 0x000000008000fed6 (0xfc843703) ld      a4, -56(s0)
core   0: 3 0x000000008000fed6 (0xfc843703) x14 0x0000000080012040 mem 0x0000000080031f38
core   0: 0x000000008000feda (0xfb843783) ld      a5, -72(s0)
core   0: 3 0x000000008000feda (0xfb843783) x15 0x000000000000009c mem 0x0000000080031f28
core   0: 0x000000008000fede (0x000097ba) c.add   a5, a4
core   0: 3 0x000000008000fede (0x97ba) x15 0x00000000800120dc
core   0: 0x000000008000fee0 (0xfe043703) ld      a4, -32(s0)
core   0: 3 0x000000008000fee0 (0xfe043703) x14 0x00000000800120cf mem 0x0000000080031f50
core   0: 0x000000008000fee4 (0xfcf76de3) bltu    a4, a5, pc - 38
core   0: 3 0x000000008000fee4 (0xfcf76de3)
core   0: 0x000000008000febe (0xfe043783) ld      a5, -32(s0)
core   0: 3 0x000000008000febe (0xfe043783) x15 0x00000000800120cf mem 0x0000000080031f50
core   0: 0x000000008000fec2 (0x00178713) addi    a4, a5, 1
core   0: 3 0x000000008000fec2 (0x00178713) x14 0x00000000800120d0
core   0: 0x000000008000fec6 (0xfee43023) sd      a4, -32(s0)
core   0: 3 0x000000008000fec6 (0xfee43023) mem 0x0000000080031f50 0x00000000800120d0
core   0: 0x000000008000feca (0xfc442703) lw      a4, -60(s0)
core   0: 3 0x000000008000feca (0xfc442703) x14 0x0000000000000000 mem 0x0000000080031f34
core   0: 0x000000008000fece (0x0ff77713) andi    a4, a4, 255
core   0: 3 0x000000008000fece (0x0ff77713) x14 0x0000000000000000
core   0: 0x000000008000fed2 (0x00e78023) sb      a4, 0(a5)
core   0: 3 0x000000008000fed2 (0x00e78023) mem 0x00000000800120cf 0x00
core   0: 0x000000008000fed6 (0xfc843703) ld      a4, -56(s0)
core   0: 3 0x000000008000fed6 (0xfc843703) x14 0x0000000080012040 mem 0x0000000080031f38
core   0: 0x000000008000feda (0xfb843783) ld      a5, -72(s0)
core   0: 3 0x000000008000feda (0xfb843783) x15 0x000000000000009c mem 0x0000000080031f28
core   0: 0x000000008000fede (0x000097ba) c.add   a5, a4
core   0: 3 0x000000008000fede (0x97ba) x15 0x00000000800120dc
core   0: 0x000000008000fee0 (0xfe043703) ld      a4, -32(s0)
core   0: 3 0x000000008000fee0 (0xfe043703) x14 0x00000000800120d0 mem 0x0000000080031f50
core   0: 0x000000008000fee4 (0xfcf76de3) bltu    a4, a5, pc - 38
core   0: 3 0x000000008000fee4 (0xfcf76de3)
core   0: 0x000000008000febe (0xfe043783) ld      a5, -32(s0)
core   0: 3 0x000000008000febe (0xfe043783) x15 0x00000000800120d0 mem 0x0000000080031f50
core   0: 0x000000008000fec2 (0x00178713) addi    a4, a5, 1
core   0: 3 0x000000008000fec2 (0x00178713) x14 0x00000000800120d1
core   0: 0x000000008000fec6 (0xfee43023) sd      a4, -32(s0)
core   0: 3 0x000000008000fec6 (0xfee43023) mem 0x0000000080031f50 0x00000000800120d1
core   0: 0x000000008000feca (0xfc442703) lw      a4, -60(s0)
core   0: 3 0x000000008000feca (0xfc442703) x14 0x0000000000000000 mem 0x0000000080031f34
core   0: 0x000000008000fece (0x0ff77713) andi    a4, a4, 255
core   0: 3 0x000000008000fece (0x0ff77713) x14 0x0000000000000000
core   0: 0x000000008000fed2 (0x00e78023) sb      a4, 0(a5)
core   0: 3 0x000000008000fed2 (0x00e78023) mem 0x00000000800120d0 0x00
core   0: 0x000000008000fed6 (0xfc843703) ld      a4, -56(s0)
core   0: 3 0x000000008000fed6 (0xfc843703) x14 0x0000000080012040 mem 0x0000000080031f38
core   0: 0x000000008000feda (0xfb843783) ld      a5, -72(s0)
core   0: 3 0x000000008000feda (0xfb843783) x15 0x000000000000009c mem 0x0000000080031f28
core   0: 0x000000008000fede (0x000097ba) c.add   a5, a4
core   0: 3 0x000000008000fede (0x97ba) x15 0x00000000800120dc
core   0: 0x000000008000fee0 (0xfe043703) ld      a4, -32(s0)
core   0: 3 0x000000008000fee0 (0xfe043703) x14 0x00000000800120d1 mem 0x0000000080031f50
core   0: 0x000000008000fee4 (0xfcf76de3) bltu    a4, a5, pc - 38
core   0: 3 0x000000008000fee4 (0xfcf76de3)
core   0: 0x000000008000febe (0xfe043783) ld      a5, -32(s0)
core   0: 3 0x000000008000febe (0xfe043783) x15 0x00000000800120d1 mem 0x0000000080031f50
core   0: 0x000000008000fec2 (0x00178713) addi    a4, a5, 1
core   0: 3 0x000000008000fec2 (0x00178713) x14 0x00000000800120d2
core   0: 0x000000008000fec6 (0xfee43023) sd      a4, -32(s0)
core   0: 3 0x000000008000fec6 (0xfee43023) mem 0x0000000080031f50 0x00000000800120d2
core   0: 0x000000008000feca (0xfc442703) lw      a4, -60(s0)
core   0: 3 0x000000008000feca (0xfc442703) x14 0x0000000000000000 mem 0x0000000080031f34
core   0: 0x000000008000fece (0x0ff77713) andi    a4, a4, 255
core   0: 3 0x000000008000fece (0x0ff77713) x14 0x0000000000000000
core   0: 0x000000008000fed2 (0x00e78023) sb      a4, 0(a5)
core   0: 3 0x000000008000fed2 (0x00e78023) mem 0x00000000800120d1 0x00
core   0: 0x000000008000fed6 (0xfc843703) ld      a4, -56(s0)
core   0: 3 0x000000008000fed6 (0xfc843703) x14 0x0000000080012040 mem 0x0000000080031f38
core   0: 0x000000008000feda (0xfb843783) ld      a5, -72(s0)
core   0: 3 0x000000008000feda (0xfb843783) x15 0x000000000000009c mem 0x0000000080031f28
core   0: 0x000000008000fede (0x000097ba) c.add   a5, a4
core   0: 3 0x000000008000fede (0x97ba) x15 0x00000000800120dc
core   0: 0x000000008000fee0 (0xfe043703) ld      a4, -32(s0)
core   0: 3 0x000000008000fee0 (0xfe043703) x14 0x00000000800120d2 mem 0x0000000080031f50
core   0: 0x000000008000fee4 (0xfcf76de3) bltu    a4, a5, pc - 38
core   0: 3 0x000000008000fee4 (0xfcf76de3)
core   0: 0x000000008000febe (0xfe043783) ld      a5, -32(s0)
core   0: 3 0x000000008000febe (0xfe043783) x15 0x00000000800120d2 mem 0x0000000080031f50
core   0: 0x000000008000fec2 (0x00178713) addi    a4, a5, 1
core   0: 3 0x000000008000fec2 (0x00178713) x14 0x00000000800120d3
core   0: 0x000000008000fec6 (0xfee43023) sd      a4, -32(s0)
core   0: 3 0x000000008000fec6 (0xfee43023) mem 0x0000000080031f50 0x00000000800120d3
core   0: 0x000000008000feca (0xfc442703) lw      a4, -60(s0)
core   0: 3 0x000000008000feca (0xfc442703) x14 0x0000000000000000 mem 0x0000000080031f34
core   0: 0x000000008000fece (0x0ff77713) andi    a4, a4, 255
core   0: 3 0x000000008000fece (0x0ff77713) x14 0x0000000000000000
core   0: 0x000000008000fed2 (0x00e78023) sb      a4, 0(a5)
core   0: 3 0x000000008000fed2 (0x00e78023) mem 0x00000000800120d2 0x00
core   0: 0x000000008000fed6 (0xfc843703) ld      a4, -56(s0)
core   0: 3 0x000000008000fed6 (0xfc843703) x14 0x0000000080012040 mem 0x0000000080031f38
core   0: 0x000000008000feda (0xfb843783) ld      a5, -72(s0)
core   0: 3 0x000000008000feda (0xfb843783) x15 0x000000000000009c mem 0x0000000080031f28
core   0: 0x000000008000fede (0x000097ba) c.add   a5, a4
core   0: 3 0x000000008000fede (0x97ba) x15 0x00000000800120dc
core   0: 0x000000008000fee0 (0xfe043703) ld      a4, -32(s0)
core   0: 3 0x000000008000fee0 (0xfe043703) x14 0x00000000800120d3 mem 0x0000000080031f50
core   0: 0x000000008000fee4 (0xfcf76de3) bltu    a4, a5, pc - 38
core   0: 3 0x000000008000fee4 (0xfcf76de3)
core   0: 0x000000008000febe (0xfe043783) ld      a5, -32(s0)
core   0: 3 0x000000008000febe (0xfe043783) x15 0x00000000800120d3 mem 0x0000000080031f50
core   0: 0x000000008000fec2 (0x00178713) addi    a4, a5, 1
core   0: 3 0x000000008000fec2 (0x00178713) x14 0x00000000800120d4
core   0: 0x000000008000fec6 (0xfee43023) sd      a4, -32(s0)
core   0: 3 0x000000008000fec6 (0xfee43023) mem 0x0000000080031f50 0x00000000800120d4
core   0: 0x000000008000feca (0xfc442703) lw      a4, -60(s0)
core   0: 3 0x000000008000feca (0xfc442703) x14 0x0000000000000000 mem 0x0000000080031f34
core   0: 0x000000008000fece (0x0ff77713) andi    a4, a4, 255
core   0: 3 0x000000008000fece (0x0ff77713) x14 0x0000000000000000
core   0: 0x000000008000fed2 (0x00e78023) sb      a4, 0(a5)
core   0: 3 0x000000008000fed2 (0x00e78023) mem 0x00000000800120d3 0x00
core   0: 0x000000008000fed6 (0xfc843703) ld      a4, -56(s0)
core   0: 3 0x000000008000fed6 (0xfc843703) x14 0x0000000080012040 mem 0x0000000080031f38
core   0: 0x000000008000feda (0xfb843783) ld      a5, -72(s0)
core   0: 3 0x000000008000feda (0xfb843783) x15 0x000000000000009c mem 0x0000000080031f28
core   0: 0x000000008000fede (0x000097ba) c.add   a5, a4
core   0: 3 0x000000008000fede (0x97ba) x15 0x00000000800120dc
core   0: 0x000000008000fee0 (0xfe043703) ld      a4, -32(s0)
core   0: 3 0x000000008000fee0 (0xfe043703) x14 0x00000000800120d4 mem 0x0000000080031f50
core   0: 0x000000008000fee4 (0xfcf76de3) bltu    a4, a5, pc - 38
core   0: 3 0x000000008000fee4 (0xfcf76de3)
core   0: 0x000000008000febe (0xfe043783) ld      a5, -32(s0)
core   0: 3 0x000000008000febe (0xfe043783) x15 0x00000000800120d4 mem 0x0000000080031f50
core   0: 0x000000008000fec2 (0x00178713) addi    a4, a5, 1
core   0: 3 0x000000008000fec2 (0x00178713) x14 0x00000000800120d5
core   0: 0x000000008000fec6 (0xfee43023) sd      a4, -32(s0)
core   0: 3 0x000000008000fec6 (0xfee43023) mem 0x0000000080031f50 0x00000000800120d5
core   0: 0x000000008000feca (0xfc442703) lw      a4, -60(s0)
core   0: 3 0x000000008000feca (0xfc442703) x14 0x0000000000000000 mem 0x0000000080031f34
core   0: 0x000000008000fece (0x0ff77713) andi    a4, a4, 255
core   0: 3 0x000000008000fece (0x0ff77713) x14 0x0000000000000000
core   0: 0x000000008000fed2 (0x00e78023) sb      a4, 0(a5)
core   0: 3 0x000000008000fed2 (0x00e78023) mem 0x00000000800120d4 0x00
core   0: 0x000000008000fed6 (0xfc843703) ld      a4, -56(s0)
core   0: 3 0x000000008000fed6 (0xfc843703) x14 0x0000000080012040 mem 0x0000000080031f38
core   0: 0x000000008000feda (0xfb843783) ld      a5, -72(s0)
core   0: 3 0x000000008000feda (0xfb843783) x15 0x000000000000009c mem 0x0000000080031f28
core   0: 0x000000008000fede (0x000097ba) c.add   a5, a4
core   0: 3 0x000000008000fede (0x97ba) x15 0x00000000800120dc
core   0: 0x000000008000fee0 (0xfe043703) ld      a4, -32(s0)
core   0: 3 0x000000008000fee0 (0xfe043703) x14 0x00000000800120d5 mem 0x0000000080031f50
core   0: 0x000000008000fee4 (0xfcf76de3) bltu    a4, a5, pc - 38
core   0: 3 0x000000008000fee4 (0xfcf76de3)
core   0: 0x000000008000febe (0xfe043783) ld      a5, -32(s0)
core   0: 3 0x000000008000febe (0xfe043783) x15 0x00000000800120d5 mem 0x0000000080031f50
core   0: 0x000000008000fec2 (0x00178713) addi    a4, a5, 1
core   0: 3 0x000000008000fec2 (0x00178713) x14 0x00000000800120d6
core   0: 0x000000008000fec6 (0xfee43023) sd      a4, -32(s0)
core   0: 3 0x000000008000fec6 (0xfee43023) mem 0x0000000080031f50 0x00000000800120d6
core   0: 0x000000008000feca (0xfc442703) lw      a4, -60(s0)
core   0: 3 0x000000008000feca (0xfc442703) x14 0x0000000000000000 mem 0x0000000080031f34
core   0: 0x000000008000fece (0x0ff77713) andi    a4, a4, 255
core   0: 3 0x000000008000fece (0x0ff77713) x14 0x0000000000000000
core   0: 0x000000008000fed2 (0x00e78023) sb      a4, 0(a5)
core   0: 3 0x000000008000fed2 (0x00e78023) mem 0x00000000800120d5 0x00
core   0: 0x000000008000fed6 (0xfc843703) ld      a4, -56(s0)
core   0: 3 0x000000008000fed6 (0xfc843703) x14 0x0000000080012040 mem 0x0000000080031f38
core   0: 0x000000008000feda (0xfb843783) ld      a5, -72(s0)
core   0: 3 0x000000008000feda (0xfb843783) x15 0x000000000000009c mem 0x0000000080031f28
core   0: 0x000000008000fede (0x000097ba) c.add   a5, a4
core   0: 3 0x000000008000fede (0x97ba) x15 0x00000000800120dc
core   0: 0x000000008000fee0 (0xfe043703) ld      a4, -32(s0)
core   0: 3 0x000000008000fee0 (0xfe043703) x14 0x00000000800120d6 mem 0x0000000080031f50
core   0: 0x000000008000fee4 (0xfcf76de3) bltu    a4, a5, pc - 38
core   0: 3 0x000000008000fee4 (0xfcf76de3)
core   0: 0x000000008000febe (0xfe043783) ld      a5, -32(s0)
core   0: 3 0x000000008000febe (0xfe043783) x15 0x00000000800120d6 mem 0x0000000080031f50
core   0: 0x000000008000fec2 (0x00178713) addi    a4, a5, 1
core   0: 3 0x000000008000fec2 (0x00178713) x14 0x00000000800120d7
core   0: 0x000000008000fec6 (0xfee43023) sd      a4, -32(s0)
core   0: 3 0x000000008000fec6 (0xfee43023) mem 0x0000000080031f50 0x00000000800120d7
core   0: 0x000000008000feca (0xfc442703) lw      a4, -60(s0)
core   0: 3 0x000000008000feca (0xfc442703) x14 0x0000000000000000 mem 0x0000000080031f34
core   0: 0x000000008000fece (0x0ff77713) andi    a4, a4, 255
core   0: 3 0x000000008000fece (0x0ff77713) x14 0x0000000000000000
core   0: 0x000000008000fed2 (0x00e78023) sb      a4, 0(a5)
core   0: 3 0x000000008000fed2 (0x00e78023) mem 0x00000000800120d6 0x00
core   0: 0x000000008000fed6 (0xfc843703) ld      a4, -56(s0)
core   0: 3 0x000000008000fed6 (0xfc843703) x14 0x0000000080012040 mem 0x0000000080031f38
core   0: 0x000000008000feda (0xfb843783) ld      a5, -72(s0)
core   0: 3 0x000000008000feda (0xfb843783) x15 0x000000000000009c mem 0x0000000080031f28
core   0: 0x000000008000fede (0x000097ba) c.add   a5, a4
core   0: 3 0x000000008000fede (0x97ba) x15 0x00000000800120dc
core   0: 0x000000008000fee0 (0xfe043703) ld      a4, -32(s0)
core   0: 3 0x000000008000fee0 (0xfe043703) x14 0x00000000800120d7 mem 0x0000000080031f50
core   0: 0x000000008000fee4 (0xfcf76de3) bltu    a4, a5, pc - 38
core   0: 3 0x000000008000fee4 (0xfcf76de3)
core   0: 0x000000008000febe (0xfe043783) ld      a5, -32(s0)
core   0: 3 0x000000008000febe (0xfe043783) x15 0x00000000800120d7 mem 0x0000000080031f50
core   0: 0x000000008000fec2 (0x00178713) addi    a4, a5, 1
core   0: 3 0x000000008000fec2 (0x00178713) x14 0x00000000800120d8
core   0: 0x000000008000fec6 (0xfee43023) sd      a4, -32(s0)
core   0: 3 0x000000008000fec6 (0xfee43023) mem 0x0000000080031f50 0x00000000800120d8
core   0: 0x000000008000feca (0xfc442703) lw      a4, -60(s0)
core   0: 3 0x000000008000feca (0xfc442703) x14 0x0000000000000000 mem 0x0000000080031f34
core   0: 0x000000008000fece (0x0ff77713) andi    a4, a4, 255
core   0: 3 0x000000008000fece (0x0ff77713) x14 0x0000000000000000
core   0: 0x000000008000fed2 (0x00e78023) sb      a4, 0(a5)
core   0: 3 0x000000008000fed2 (0x00e78023) mem 0x00000000800120d7 0x00
core   0: 0x000000008000fed6 (0xfc843703) ld      a4, -56(s0)
core   0: 3 0x000000008000fed6 (0xfc843703) x14 0x0000000080012040 mem 0x0000000080031f38
core   0: 0x000000008000feda (0xfb843783) ld      a5, -72(s0)
core   0: 3 0x000000008000feda (0xfb843783) x15 0x000000000000009c mem 0x0000000080031f28
core   0: 0x000000008000fede (0x000097ba) c.add   a5, a4
core   0: 3 0x000000008000fede (0x97ba) x15 0x00000000800120dc
core   0: 0x000000008000fee0 (0xfe043703) ld      a4, -32(s0)
core   0: 3 0x000000008000fee0 (0xfe043703) x14 0x00000000800120d8 mem 0x0000000080031f50
core   0: 0x000000008000fee4 (0xfcf76de3) bltu    a4, a5, pc - 38
core   0: 3 0x000000008000fee4 (0xfcf76de3)
core   0: 0x000000008000febe (0xfe043783) ld      a5, -32(s0)
core   0: 3 0x000000008000febe (0xfe043783) x15 0x00000000800120d8 mem 0x0000000080031f50
core   0: 0x000000008000fec2 (0x00178713) addi    a4, a5, 1
core   0: 3 0x000000008000fec2 (0x00178713) x14 0x00000000800120d9
core   0: 0x000000008000fec6 (0xfee43023) sd      a4, -32(s0)
core   0: 3 0x000000008000fec6 (0xfee43023) mem 0x0000000080031f50 0x00000000800120d9
core   0: 0x000000008000feca (0xfc442703) lw      a4, -60(s0)
core   0: 3 0x000000008000feca (0xfc442703) x14 0x0000000000000000 mem 0x0000000080031f34
core   0: 0x000000008000fece (0x0ff77713) andi    a4, a4, 255
core   0: 3 0x000000008000fece (0x0ff77713) x14 0x0000000000000000
core   0: 0x000000008000fed2 (0x00e78023) sb      a4, 0(a5)
core   0: 3 0x000000008000fed2 (0x00e78023) mem 0x00000000800120d8 0x00
core   0: 0x000000008000fed6 (0xfc843703) ld      a4, -56(s0)
core   0: 3 0x000000008000fed6 (0xfc843703) x14 0x0000000080012040 mem 0x0000000080031f38
core   0: 0x000000008000feda (0xfb843783) ld      a5, -72(s0)
core   0: 3 0x000000008000feda (0xfb843783) x15 0x000000000000009c mem 0x0000000080031f28
core   0: 0x000000008000fede (0x000097ba) c.add   a5, a4
core   0: 3 0x000000008000fede (0x97ba) x15 0x00000000800120dc
core   0: 0x000000008000fee0 (0xfe043703) ld      a4, -32(s0)
core   0: 3 0x000000008000fee0 (0xfe043703) x14 0x00000000800120d9 mem 0x0000000080031f50
core   0: 0x000000008000fee4 (0xfcf76de3) bltu    a4, a5, pc - 38
core   0: 3 0x000000008000fee4 (0xfcf76de3)
core   0: 0x000000008000febe (0xfe043783) ld      a5, -32(s0)
core   0: 3 0x000000008000febe (0xfe043783) x15 0x00000000800120d9 mem 0x0000000080031f50
core   0: 0x000000008000fec2 (0x00178713) addi    a4, a5, 1
core   0: 3 0x000000008000fec2 (0x00178713) x14 0x00000000800120da
core   0: 0x000000008000fec6 (0xfee43023) sd      a4, -32(s0)
core   0: 3 0x000000008000fec6 (0xfee43023) mem 0x0000000080031f50 0x00000000800120da
core   0: 0x000000008000feca (0xfc442703) lw      a4, -60(s0)
core   0: 3 0x000000008000feca (0xfc442703) x14 0x0000000000000000 mem 0x0000000080031f34
core   0: 0x000000008000fece (0x0ff77713) andi    a4, a4, 255
core   0: 3 0x000000008000fece (0x0ff77713) x14 0x0000000000000000
core   0: 0x000000008000fed2 (0x00e78023) sb      a4, 0(a5)
core   0: 3 0x000000008000fed2 (0x00e78023) mem 0x00000000800120d9 0x00
core   0: 0x000000008000fed6 (0xfc843703) ld      a4, -56(s0)
core   0: 3 0x000000008000fed6 (0xfc843703) x14 0x0000000080012040 mem 0x0000000080031f38
core   0: 0x000000008000feda (0xfb843783) ld      a5, -72(s0)
core   0: 3 0x000000008000feda (0xfb843783) x15 0x000000000000009c mem 0x0000000080031f28
core   0: 0x000000008000fede (0x000097ba) c.add   a5, a4
core   0: 3 0x000000008000fede (0x97ba) x15 0x00000000800120dc
core   0: 0x000000008000fee0 (0xfe043703) ld      a4, -32(s0)
core   0: 3 0x000000008000fee0 (0xfe043703) x14 0x00000000800120da mem 0x0000000080031f50
core   0: 0x000000008000fee4 (0xfcf76de3) bltu    a4, a5, pc - 38
core   0: 3 0x000000008000fee4 (0xfcf76de3)
core   0: 0x000000008000febe (0xfe043783) ld      a5, -32(s0)
core   0: 3 0x000000008000febe (0xfe043783) x15 0x00000000800120da mem 0x0000000080031f50
core   0: 0x000000008000fec2 (0x00178713) addi    a4, a5, 1
core   0: 3 0x000000008000fec2 (0x00178713) x14 0x00000000800120db
core   0: 0x000000008000fec6 (0xfee43023) sd      a4, -32(s0)
core   0: 3 0x000000008000fec6 (0xfee43023) mem 0x0000000080031f50 0x00000000800120db
core   0: 0x000000008000feca (0xfc442703) lw      a4, -60(s0)
core   0: 3 0x000000008000feca (0xfc442703) x14 0x0000000000000000 mem 0x0000000080031f34
core   0: 0x000000008000fece (0x0ff77713) andi    a4, a4, 255
core   0: 3 0x000000008000fece (0x0ff77713) x14 0x0000000000000000
core   0: 0x000000008000fed2 (0x00e78023) sb      a4, 0(a5)
core   0: 3 0x000000008000fed2 (0x00e78023) mem 0x00000000800120da 0x00
core   0: 0x000000008000fed6 (0xfc843703) ld      a4, -56(s0)
core   0: 3 0x000000008000fed6 (0xfc843703) x14 0x0000000080012040 mem 0x0000000080031f38
core   0: 0x000000008000feda (0xfb843783) ld      a5, -72(s0)
core   0: 3 0x000000008000feda (0xfb843783) x15 0x000000000000009c mem 0x0000000080031f28
core   0: 0x000000008000fede (0x000097ba) c.add   a5, a4
core   0: 3 0x000000008000fede (0x97ba) x15 0x00000000800120dc
core   0: 0x000000008000fee0 (0xfe043703) ld      a4, -32(s0)
core   0: 3 0x000000008000fee0 (0xfe043703) x14 0x00000000800120db mem 0x0000000080031f50
core   0: 0x000000008000fee4 (0xfcf76de3) bltu    a4, a5, pc - 38
core   0: 3 0x000000008000fee4 (0xfcf76de3)
core   0: 0x000000008000febe (0xfe043783) ld      a5, -32(s0)
core   0: 3 0x000000008000febe (0xfe043783) x15 0x00000000800120db mem 0x0000000080031f50
core   0: 0x000000008000fec2 (0x00178713) addi    a4, a5, 1
core   0: 3 0x000000008000fec2 (0x00178713) x14 0x00000000800120dc
core   0: 0x000000008000fec6 (0xfee43023) sd      a4, -32(s0)
core   0: 3 0x000000008000fec6 (0xfee43023) mem 0x0000000080031f50 0x00000000800120dc
core   0: 0x000000008000feca (0xfc442703) lw      a4, -60(s0)
core   0: 3 0x000000008000feca (0xfc442703) x14 0x0000000000000000 mem 0x0000000080031f34
core   0: 0x000000008000fece (0x0ff77713) andi    a4, a4, 255
core   0: 3 0x000000008000fece (0x0ff77713) x14 0x0000000000000000
core   0: 0x000000008000fed2 (0x00e78023) sb      a4, 0(a5)
core   0: 3 0x000000008000fed2 (0x00e78023) mem 0x00000000800120db 0x00
core   0: 0x000000008000fed6 (0xfc843703) ld      a4, -56(s0)
core   0: 3 0x000000008000fed6 (0xfc843703) x14 0x0000000080012040 mem 0x0000000080031f38
core   0: 0x000000008000feda (0xfb843783) ld      a5, -72(s0)
core   0: 3 0x000000008000feda (0xfb843783) x15 0x000000000000009c mem 0x0000000080031f28
core   0: 0x000000008000fede (0x000097ba) c.add   a5, a4
core   0: 3 0x000000008000fede (0x97ba) x15 0x00000000800120dc
core   0: 0x000000008000fee0 (0xfe043703) ld      a4, -32(s0)
core   0: 3 0x000000008000fee0 (0xfe043703) x14 0x00000000800120dc mem 0x0000000080031f50
core   0: 0x000000008000fee4 (0xfcf76de3) bltu    a4, a5, pc - 38
core   0: 3 0x000000008000fee4 (0xfcf76de3)
core   0: 0x000000008000fee8 (0xfc843783) ld      a5, -56(s0)
core   0: 3 0x000000008000fee8 (0xfc843783) x15 0x0000000080012040 mem 0x0000000080031f38
core   0: 0x000000008000feec (0x0000853e) c.mv    a0, a5
core   0: 3 0x000000008000feec (0x853e) x10 0x0000000080012040
core   0: 0x000000008000feee (0x00006426) c.ldsp  s0, 72(sp)
core   0: 3 0x000000008000feee (0x6426) x8  0x0000000080031f90 mem 0x0000000080031f68
core   0: 0x000000008000fef0 (0x00006161) c.addi16sp sp, 80
core   0: 3 0x000000008000fef0 (0x6161) x2  0x0000000080031f70
core   0: 0x000000008000fef2 (0x00008082) ret
core   0: 3 0x000000008000fef2 (0x8082)
core   0: 0x000000008000f4a6 (0x00000001) c.nop
core   0: 3 0x000000008000f4a6 (0x0001)
core   0: 0x000000008000f4a8 (0x000060e2) c.ldsp  ra, 24(sp)
core   0: 3 0x000000008000f4a8 (0x60e2) x1  0x000000008000f4e6 mem 0x0000000080031f88
core   0: 0x000000008000f4aa (0x00006442) c.ldsp  s0, 16(sp)
core   0: 3 0x000000008000f4aa (0x6442) x8  0x0000000080032040 mem 0x0000000080031f80
core   0: 0x000000008000f4ac (0x00006105) c.addi16sp sp, 32
core   0: 3 0x000000008000f4ac (0x6105) x2  0x0000000080031f90
core   0: 0x000000008000f4ae (0x00008082) ret
core   0: 3 0x000000008000f4ae (0x8082)
core   0: 0x000000008000f4e6 (0xf5842703) lw      a4, -168(s0)
core   0: 3 0x000000008000f4e6 (0xf5842703) x14 0x0000000000000001 mem 0x0000000080031f98
core   0: 0x000000008000f4ea (0xf5c42783) lw      a5, -164(s0)
core   0: 3 0x000000008000f4ea (0xf5c42783) x15 0x0000000000000000 mem 0x0000000080031f9c
core   0: 0x000000008000f4ee (0x000085ba) c.mv    a1, a4
core   0: 3 0x000000008000f4ee (0x85ba) x11 0x0000000000000001
core   0: 0x000000008000f4f0 (0x0000853e) c.mv    a0, a5
core   0: 3 0x000000008000f4f0 (0x853e) x10 0x0000000000000000
core   0: 0x000000008000f4f2 (0xf03ff0ef) jal     pc - 0xfe
core   0: 3 0x000000008000f4f2 (0xf03ff0ef) x1  0x000000008000f4f6
core   0: >>>>  thread_entry
core   0: 0x000000008000f3f4 (0x00001101) c.addi  sp, -32
core   0: 3 0x000000008000f3f4 (0x1101) x2  0x0000000080031f70
core   0: 0x000000008000f3f6 (0x0000ec22) c.sdsp  s0, 24(sp)
core   0: 3 0x000000008000f3f6 (0xec22) mem 0x0000000080031f88 0x0000000080032040
core   0: 0x000000008000f3f8 (0x00001000) c.addi4spn s0, sp, 32
core   0: 3 0x000000008000f3f8 (0x1000) x8  0x0000000080031f90
core   0: 0x000000008000f3fa (0x000087aa) c.mv    a5, a0
core   0: 3 0x000000008000f3fa (0x87aa) x15 0x0000000000000000
core   0: 0x000000008000f3fc (0x0000872e) c.mv    a4, a1
core   0: 3 0x000000008000f3fc (0x872e) x14 0x0000000000000001
core   0: 0x000000008000f3fe (0xfef42623) sw      a5, -20(s0)
core   0: 3 0x000000008000f3fe (0xfef42623) mem 0x0000000080031f7c 0x00000000
core   0: 0x000000008000f402 (0x000087ba) c.mv    a5, a4
core   0: 3 0x000000008000f402 (0x87ba) x15 0x0000000000000001
core   0: 0x000000008000f404 (0xfef42423) sw      a5, -24(s0)
core   0: 3 0x000000008000f404 (0xfef42423) mem 0x0000000080031f78 0x00000001
core   0: 0x000000008000f408 (0x00000001) c.nop
core   0: 3 0x000000008000f408 (0x0001)
core   0: 0x000000008000f40a (0xfec42783) lw      a5, -20(s0)
core   0: 3 0x000000008000f40a (0xfec42783) x15 0x0000000000000000 mem 0x0000000080031f7c
core   0: 0x000000008000f40e (0x00002781) c.addiw a5, 0
core   0: 3 0x000000008000f40e (0x2781) x15 0x0000000000000000
core   0: 0x000000008000f410 (0x0000ffed) c.bnez  a5, pc - 6
core   0: 3 0x000000008000f410 (0xffed)
core   0: 0x000000008000f412 (0x00000001) c.nop
core   0: 3 0x000000008000f412 (0x0001)
core   0: 0x000000008000f414 (0x00000001) c.nop
core   0: 3 0x000000008000f414 (0x0001)
core   0: 0x000000008000f416 (0x00006462) c.ldsp  s0, 24(sp)
core   0: 3 0x000000008000f416 (0x6462) x8  0x0000000080032040 mem 0x0000000080031f88
core   0: 0x000000008000f418 (0x00006105) c.addi16sp sp, 32
core   0: 3 0x000000008000f418 (0x6105) x2  0x0000000080031f90
core   0: 0x000000008000f41a (0x00008082) ret
core   0: 3 0x000000008000f41a (0x8082)
core   0: 0x000000008000f4f6 (0x00004581) c.li    a1, 0
core   0: 3 0x000000008000f4f6 (0x4581) x11 0x0000000000000000
core   0: 0x000000008000f4f8 (0x00004501) c.li    a0, 0
core   0: 3 0x000000008000f4f8 (0x4501) x10 0x0000000000000000
core   0: 0x000000008000f4fa (0xb07f20ef) jal     pc - 0xd4fa
core   0: 3 0x000000008000f4fa (0xb07f20ef) x1  0x000000008000f4fe
core   0: >>>>  main
core   0: 0x0000000080002000 (0x00000001) c.nop
core   0: 3 0x0000000080002000 (0x0001)
core   0: >>>>  trap_vec_init
core   0: 0x0000000080002002 (0x00002797) auipc   a5, 0x2
core   0: 3 0x0000000080002002 (0x00002797) x15 0x0000000080004002
core   0: 0x0000000080002006 (0xffe78793) addi    a5, a5, -2
core   0: 3 0x0000000080002006 (0xffe78793) x15 0x0000000080004000
core   0: 0x000000008000200a (0x30579073) csrrw   zero, mtvec, a5
core   0: 3 0x000000008000200a (0x30579073) c773_mtvec 0x0000000080004000
core   0: >>>>  pmp_setup
core   0: 0x000000008000200e (0x00002c17) auipc   s8, 0x2
core   0: 3 0x000000008000200e (0x00002c17) x24 0x000000008000400e
core   0: 0x0000000080002012 (0x022c0c13) addi    s8, s8, 34
core   0: 3 0x0000000080002012 (0x022c0c13) x24 0x0000000080004030
core   0: 0x0000000080002016 (0x00004781) c.li    a5, 0
core   0: 3 0x0000000080002016 (0x4781) x15 0x0000000000000000
core   0: 0x0000000080002018 (0x00009c3e) c.add   s8, a5
core   0: 3 0x0000000080002018 (0x9c3e) x24 0x0000000080004030
core   0: 0x000000008000201a (0x3b0c1073) csrrw   zero, pmpaddr0, s8
core   0: 3 0x000000008000201a (0x3b0c1073) c944_pmpaddr0 0x0000000080004030
core   0: 0x000000008000201e (0x00004c3d) c.li    s8, 15
core   0: 3 0x000000008000201e (0x4c3d) x24 0x000000000000000f
core   0: 0x0000000080002020 (0x3a0c1073) csrrw   zero, pmpcfg0, s8
core   0: 3 0x0000000080002020 (0x3a0c1073) c928_pmpcfg0 0x000000000000000f
core   0: 0x0000000080002024 (0x12000073) sfence.vma zero, zero
core   0: 3 0x0000000080002024 (0x12000073)
core   0: >>>>  mepc_setup
core   0: 0x0000000080002028 (0x00002797) auipc   a5, 0x2
core   0: 3 0x0000000080002028 (0x00002797) x15 0x0000000080004028
core   0: 0x000000008000202c (0x00878793) addi    a5, a5, 8
core   0: 3 0x000000008000202c (0x00878793) x15 0x0000000080004030
core   0: 0x0000000080002030 (0x34179073) csrrw   zero, mepc, a5
core   0: 3 0x0000000080002030 (0x34179073) c833_mepc 0x0000000080004030
core   0: >>>>  custom_csr_setup
core   0: 0x0000000080002034 (0x00100f9b) addiw   t6, zero, 1
core   0: 3 0x0000000080002034 (0x00100f9b) x31 0x0000000000000001
core   0: 0x0000000080002038 (0x00000ffe) c.slli  t6, 31
core   0: 3 0x0000000080002038 (0x0ffe) x31 0x0000000080000000
core   0: 0x000000008000203a (0x00000001) c.nop
core   0: 3 0x000000008000203a (0x0001)
core   0: >>>>  init_s_mode
core   0: 0x000000008000203c (0xfff0079b) addiw   a5, zero, -1
core   0: 3 0x000000008000203c (0xfff0079b) x15 0xffffffffffffffff
core   0: 0x0000000080002040 (0x000017fe) c.slli  a5, 63
core   0: 3 0x0000000080002040 (0x17fe) x15 0x8000000000000000
core   0: 0x0000000080002042 (0x18079073) csrrw   zero, satp, a5
core   0: 3 0x0000000080002042 (0x18079073) c384_satp 0x8000000000000000
core   0: 0x0000000080002046 (0x0000f797) auipc   a5, 0xf
core   0: 3 0x0000000080002046 (0x0000f797) x15 0x0000000080011046
core   0: 0x000000008000204a (0xfba78793) addi    a5, a5, -70
core   0: 3 0x000000008000204a (0xfba78793) x15 0x0000000080011000
core   0: 0x000000008000204e (0x000083b1) c.srli  a5, 12
core   0: 3 0x000000008000204e (0x83b1) x15 0x0000000000080011
core   0: 0x0000000080002050 (0x0010061b) addiw   a2, zero, 1
core   0: 3 0x0000000080002050 (0x0010061b) x12 0x0000000000000001
core   0: 0x0000000080002054 (0x00001632) c.slli  a2, 44
core   0: 3 0x0000000080002054 (0x1632) x12 0x0000100000000000
core   0: 0x0000000080002056 (0x0000167d) c.addi  a2, -1
core   0: 3 0x0000000080002056 (0x167d) x12 0x00000fffffffffff
core   0: 0x0000000080002058 (0x00008ff1) c.and   a5, a2
core   0: 3 0x0000000080002058 (0x8ff1) x15 0x0000000000080011
core   0: 0x000000008000205a (0x1807a073) csrrs   zero, satp, a5
core   0: 3 0x000000008000205a (0x1807a073) c384_satp 0x8000000000080011
core   0: 0x000000008000205e (0x00a005b7) lui     a1, 0xa00
core   0: 3 0x000000008000205e (0x00a005b7) x11 0x0000000000a00000
core   0: 0x0000000080002062 (0x10b5859b) addiw   a1, a1, 267
core   0: 3 0x0000000080002062 (0x10b5859b) x11 0x0000000000a0010b
core   0: 0x0000000080002066 (0x000005b2) c.slli  a1, 12
core   0: 3 0x0000000080002066 (0x05b2) x11 0x0000000a0010b000
core   0: 0x0000000080002068 (0xa0058593) addi    a1, a1, -1536
core   0: 3 0x0000000080002068 (0xa0058593) x11 0x0000000a0010aa00
core   0: 0x000000008000206c (0x30059073) csrrw   zero, mstatus, a1
core   0: 3 0x000000008000206c (0x30059073) c768_mstatus 0x0000000a00102800
core   0: 0x0000000080002070 (0x30459073) csrrw   zero, mie, a1
core   0: 3 0x0000000080002070 (0x30459073) c772_mie 0x0000000000000a00
core   0: 0x0000000080002074 (0x00a005b7) lui     a1, 0xa00
core   0: 3 0x0000000080002074 (0x00a005b7) x11 0x0000000000a00000
core   0: 0x0000000080002078 (0x10b5859b) addiw   a1, a1, 267
core   0: 3 0x0000000080002078 (0x10b5859b) x11 0x0000000000a0010b
core   0: 0x000000008000207c (0x000005b2) c.slli  a1, 12
core   0: 3 0x000000008000207c (0x05b2) x11 0x0000000a0010b000
core   0: 0x000000008000207e (0xa0058593) addi    a1, a1, -1536
core   0: 3 0x000000008000207e (0xa0058593) x11 0x0000000a0010aa00
core   0: 0x0000000080002082 (0x10059073) csrrw   zero, sstatus, a1
core   0: 3 0x0000000080002082 (0x10059073) c768_mstatus 0x0000000a00102800
core   0: 0x0000000080002086 (0x10459073) csrrw   zero, sie, a1
core   0: 3 0x0000000080002086 (0x10459073) c772_mie 0x0000000000000a00
core   0: 0x000000008000208a (0x30200073) mret
core   0: 3 0x000000008000208a (0x30200073) c768_mstatus 0x0000000a00102080
core   0: >>>>  main_g
core   0: 0x0000000080004030 (0x00000001) c.nop
core   0: 1 0x0000000080004030 (0x0001)
core   0: 0x0000000080004032 (0x03069333) mulh    t1, a3, a6
core   0: 1 0x0000000080004032 (0x03069333) x6  0x0000000000000000
core   0: 0x0000000080004036 (0x01ad7d33) and     s10, s10, s10
core   0: 1 0x0000000080004036 (0x01ad7d33) x26 0x0000000000000000
core   0: 0x000000008000403a (0xd2257353) fcvt.d.l ft6, a0
core   0: 1 0x000000008000403a (0xd2257353) c768_mstatus 0x8000000a00106080 f6  0x0000000000000000
core   0: 0x000000008000403e (0x03b5673b) remw    a4, a0, s11
core   0: 1 0x000000008000403e (0x03b5673b) x14 0x0000000000000000
core   0: 0x0000000080004042 (0x40508333) sub     t1, ra, t0
core   0: 1 0x0000000080004042 (0x40508333) x6  0x000000000000f3da
core   0: 0x0000000080004046 (0x00161973) csrrw   s2, fflags, a2
core   0: 1 0x0000000080004046 (0x00161973) x18 0x0000000000000000 c1_fflags 0x000000000000001f
core   0: 0x000000008000404a (0x0b43fa53) fsub.d  fs4, ft7, fs4
core   0: 1 0x000000008000404a (0x0b43fa53) f20 0x7ff8000000000000
core   0: 0x000000008000404e (0x10c1cd97) auipc   s11, 0x10c1c
core   0: 1 0x000000008000404e (0x10c1cd97) x27 0x0000000090c2004e
core   0: 0x0000000080004052 (0xc229fad3) fcvt.l.d s5, fs3
core   0: 1 0x0000000080004052 (0xc229fad3) c1_fflags 0x000000000000001f x21 0x7fffffffffffffff
core   0: 0x0000000080004056 (0x000a9c9b) slliw   s9, s5, 0
core   0: 1 0x0000000080004056 (0x000a9c9b) x25 0xffffffffffffffff
core   0: 0x000000008000405a (0x0bb77753) fsub.d  fa4, fa4, fs11
core   0: 1 0x000000008000405a (0x0bb77753) f14 0x7ff8000000000000
core   0: 0x000000008000405e (0x4182523b) sraw    tp, tp, s8
core   0: 1 0x000000008000405e (0x4182523b) x4  0xffffffffffff0002
core   0: 0x0000000080004062 (0x22330a53) fsgnj.d fs4, ft6, ft3
core   0: 1 0x0000000080004062 (0x22330a53) f20 0x8000000000000000
core   0: 0x0000000080004066 (0x0139d11b) srliw   sp, s3, 19
core   0: 1 0x0000000080004066 (0x0139d11b) x2  0x0000000000000000
core   0: 0x000000008000406a (0xa2c3f3cf) fnmadd.d ft7, ft7, fa2, fs4
core   0: 1 0x000000008000406a (0xa2c3f3cf) f7  0x7ff8000000000000
core   0: 0x000000008000406e (0x1b40764f) fnmadd.d fa2, ft0, fs4, ft3
core   0: 1 0x000000008000406e (0x1b40764f) f12 0x7ff8000000000000
core   0: 0x0000000080004072 (0x031b703b) remuw   zero, s6, a7
core   0: 1 0x0000000080004072 (0x031b703b)
core   0: 0x0000000080004076 (0x02c7cabb) divw    s5, a5, a2
core   0: 1 0x0000000080004076 (0x02c7cabb) x21 0xfffffffffff7ffef
core   0: 0x000000008000407a (0x41ce07bb) subw    a5, t3, t3
core   0: 1 0x000000008000407a (0x41ce07bb) x15 0x0000000000000000
core   0: 0x000000008000407e (0x401a7bd3) fcvt.s.d fs7, fs4
core   0: 1 0x000000008000407e (0x401a7bd3) f23 0xffffffff80000000
core   0: 0x0000000080004082 (0x4132d59b) sraiw   a1, t0, 19
core   0: 1 0x0000000080004082 (0x4132d59b) x11 0xfffffffffffff000
core   0: 0x0000000080004086 (0x01165db3) srl     s11, a2, a7
core   0: 1 0x0000000080004086 (0x01165db3) x27 0x00000fffffffffff
core   0: 0x000000008000408a (0x021b80bb) mulw    ra, s7, ra
core   0: 1 0x000000008000408a (0x021b80bb) x1  0x0000000000000000
core   0: 0x000000008000408e (0x23260cd3) fsgnj.d fs9, fa2, fs2
core   0: 1 0x000000008000408e (0x23260cd3) f25 0xfff8000000000000
core   0: 0x0000000080004092 (0x016c46b3) xor     a3, s8, s6
core   0: 1 0x0000000080004092 (0x016c46b3) x13 0x000000000000000f
core   0: 0x0000000080004096 (0x0289f9b3) remu    s3, s3, s0
core   0: 1 0x0000000080004096 (0x0289f9b3) x19 0x0000000000000000
core   0: 0x000000008000409a (0x00841cb3) sll     s9, s0, s0
core   0: 1 0x000000008000409a (0x00841cb3) x25 0x0000000080032040
core   0: 0x000000008000409e (0x00c612b3) sll     t0, a2, a2
core   0: 1 0x000000008000409e (0x00c612b3) x5  0x8000000000000000
core   0: 0x00000000800040a2 (0x02c15533) divu    a0, sp, a2
core   0: 1 0x00000000800040a2 (0x02c15533) x10 0x0000000000000000
core   0: 0x00000000800040a6 (0x02c5f1bb) remuw   gp, a1, a2
core   0: 1 0x00000000800040a6 (0x02c5f1bb) x3  0xfffffffffffff000
core   0: 0x00000000800040aa (0x007a8db3) add     s11, s5, t2
core   0: 1 0x00000000800040aa (0x007a8db3) x27 0xfffffffffff7ffef
core   0: 0x00000000800040ae (0x03492bb7) lui     s7, 0x3492
core   0: 1 0x00000000800040ae (0x03492bb7) x23 0x0000000003492000
core   0: 0x00000000800040b2 (0x68bb8b9b) addiw   s7, s7, 1675
core   0: 1 0x00000000800040b2 (0x68bb8b9b) x23 0x000000000349268b
core   0: 0x00000000800040b6 (0x00000bb6) c.slli  s7, 13
core   0: 1 0x00000000800040b6 (0x0bb6) x23 0x0000006924d16000
core   0: 0x00000000800040b8 (0x8f7b8b93) addi    s7, s7, -1801
core   0: 1 0x00000000800040b8 (0x8f7b8b93) x23 0x0000006924d158f7
core   0: 0x00000000800040bc (0x401bf453) fcvt.s.d fs0, fs7
core   0: 1 0x00000000800040bc (0x401bf453) f8  0xffffffff7fc00000
core   0: 0x00000000800040c0 (0x0391deb3) divu    t4, gp, s9
core   0: 1 0x00000000800040c0 (0x0391deb3) x29 0x00000001fff37f4e
core   0: 0x00000000800040c4 (0x00c9f833) and     a6, s3, a2
core   0: 1 0x00000000800040c4 (0x00c9f833) x16 0x0000000000000000
core   0: 0x00000000800040c8 (0x0016e713) ori     a4, a3, 1
core   0: 1 0x00000000800040c8 (0x0016e713) x14 0x000000000000000f
core   0: 0x00000000800040cc (0x41558bbb) subw    s7, a1, s5
core   0: 1 0x00000000800040cc (0x41558bbb) x23 0x000000000007f011
core   0: 0x00000000800040d0 (0x0000967d) c.srai  a2, 63
core   0: 1 0x00000000800040d0 (0x967d) x12 0x0000000000000000
core   0: 0x00000000800040d2 (0x0008d493) srli    s1, a7, 0
core   0: 1 0x00000000800040d2 (0x0008d493) x9  0x0000000000000000
core   0: 0x00000000800040d6 (0x00001a9e) c.slli  s5, 39
core   0: 1 0x00000000800040d6 (0x1a9e) x21 0xfbfff78000000000
core   0: 0x00000000800040d8 (0x0165931b) slliw   t1, a1, 22
core   0: 1 0x00000000800040d8 (0x0165931b) x6  0x0000000000000000
core   0: 0x00000000800040dc (0x002021f3) csrrs   gp, frm, zero
core   0: 1 0x00000000800040dc (0x002021f3) x3  0x0000000000000000
core   0: 0x00000000800040e0 (0x02caccb3) div     s9, s5, a2
core   0: 1 0x00000000800040e0 (0x02caccb3) x25 0xffffffffffffffff
core   0: 0x00000000800040e4 (0xc222f7d3) fcvt.l.d a5, ft5
core   0: 1 0x00000000800040e4 (0xc222f7d3) c1_fflags 0x000000000000001f x15 0x7fffffffffffffff
core   0: 0x00000000800040e8 (0xaa63734b) fnmsub.d ft6, ft6, ft6, fs5
core   0: 1 0x00000000800040e8 (0xaa63734b) f6  0x7ff8000000000000
core   0: 0x00000000800040ec (0xc2137753) fcvt.wu.d a4, ft6
core   0: 1 0x00000000800040ec (0xc2137753) c1_fflags 0x000000000000001f x14 0xffffffffffffffff
core   0: 0x00000000800040f0 (0xc22778d3) fcvt.l.d a7, fa4
core   0: 1 0x00000000800040f0 (0xc22778d3) c1_fflags 0x000000000000001f x17 0x7fffffffffffffff
core   0: 0x00000000800040f4 (0xe2030ad3) fmv.x.d s5, ft6
core   0: 1 0x00000000800040f4 (0xe2030ad3) x21 0x7ff8000000000000
core   0: 0x00000000800040f8 (0x0b0e7e53) fsub.d  ft8, ft8, fa6
core   0: 1 0x00000000800040f8 (0x0b0e7e53) f28 0x7ff8000000000000
core   0: 0x00000000800040fc (0xd22bfd53) fcvt.d.l fs10, s7
core   0: 1 0x00000000800040fc (0xd22bfd53) f26 0x411fc04400000000
core   0: 0x0000000080004100 (0x0ab37f53) fsub.d  ft10, ft6, fa1
core   0: 1 0x0000000080004100 (0x0ab37f53) f30 0x7ff8000000000000
core   0: 0x0000000080004104 (0x013d6133) or      sp, s10, s3
core   0: 1 0x0000000080004104 (0x013d6133) x2  0x0000000000000000
core   0: 0x0000000080004108 (0x0068a233) slt     tp, a7, t1
core   0: 1 0x0000000080004108 (0x0068a233) x4  0x0000000000000000
core   0: 0x000000008000410c (0xd023fdd3) fcvt.s.l fs11, t2
core   0: 1 0x000000008000410c (0xd023fdd3) f27 0xffffffff00000000
core   0: 0x0000000080004110 (0x000e1e93) slli    t4, t3, 0
core   0: 1 0x0000000080004110 (0x000e1e93) x29 0x0000000000000000
core   0: 0x0000000080004114 (0x01625b3b) srlw    s6, tp, s6
core   0: 1 0x0000000080004114 (0x01625b3b) x22 0x0000000000000000
core   0: 0x0000000080004118 (0x40cd5d1b) sraiw   s10, s10, 12
core   0: 1 0x0000000080004118 (0x40cd5d1b) x26 0x0000000000000000
core   0: 0x000000008000411c (0xfe80a2b7) lui     t0, 0xfe80a
core   0: 1 0x000000008000411c (0xfe80a2b7) x5  0xfffffffffe80a000
core   0: 0x0000000080004120 (0x3d52829b) addiw   t0, t0, 981
core   0: 1 0x0000000080004120 (0x3d52829b) x5  0xfffffffffe80a3d5
core   0: 0x0000000080004124 (0x000002b6) c.slli  t0, 13
core   0: 1 0x0000000080004124 (0x02b6) x5  0xffffffd0147aa000
core   0: 0x0000000080004126 (0x08628293) addi    t0, t0, 134
core   0: 1 0x0000000080004126 (0x08628293) x5  0xffffffd0147aa086
core   0: 0x000000008000412a (0x001090f3) csrrw   ra, fflags, ra
core   0: 1 0x000000008000412a (0x001090f3) x1  0x000000000000001f c1_fflags 0x0000000000000000
core   0: 0x000000008000412e (0x00209073) csrrw   zero, frm, ra
core   0: 1 0x000000008000412e (0x00209073) c2_frm 0x0000000000000007
core   0: 0x0000000080004132 (0xd22578d3) fcvt.d.l fa7, a0
core   0: exception trap_illegal_instruction, epc 0x0000000080004132
core   0:           tval 0x00000000d22578d3
core   0: >>>>  $xrv64i2p1_m2p0_a2p1_f2p2_d2p2_zicsr2p0_zifencei2p0_zmmul1p0_zba1p0_zbb1p0_zbc1p0_zbs1p0
core   0: 0x0000000080004000 (0x0080006f) j       pc + 0x8
core   0: 3 0x0000000080004000 (0x0080006f)
core   0: >>>>  mmode_exception_handler
core   0: 0x0000000080004008 (0x00002c17) auipc   s8, 0x2
core   0: 3 0x0000000080004008 (0x00002c17) x24 0x0000000080006008
core   0: 0x000000008000400c (0x094c0c13) addi    s8, s8, 148
core   0: 3 0x000000008000400c (0x094c0c13) x24 0x000000008000609c
core   0: 0x0000000080004010 (0x000c00e7) jalr    s8
core   0: 3 0x0000000080004010 (0x000c00e7) x1  0x0000000080004014
core   0: >>>>  any_handler
core   0: 0x000000008000609c (0x341027f3) csrrs   a5, mepc, zero
core   0: 3 0x000000008000609c (0x341027f3) x15 0x0000000080004132
core   0: 0x00000000800060a0 (0x34202773) csrrs   a4, mcause, zero
core   0: 3 0x00000000800060a0 (0x34202773) x14 0x0000000000000002
core   0: 0x00000000800060a4 (0x142026f3) csrrs   a3, scause, zero
core   0: 3 0x00000000800060a4 (0x142026f3) x13 0x0000000000000000
core   0: 0x00000000800060a8 (0x30402673) csrrs   a2, mie, zero
core   0: 3 0x00000000800060a8 (0x30402673) x12 0x0000000000000a00
core   0: 0x00000000800060ac (0x344025f3) csrrs   a1, mip, zero
core   0: 3 0x00000000800060ac (0x344025f3) x11 0x0000000000000080
core   0: 0x00000000800060b0 (0x343025f3) csrrs   a1, mtval, zero
core   0: 3 0x00000000800060b0 (0x343025f3) x11 0x00000000d22578d3
core   0: 0x00000000800060b4 (0x14302573) csrrs   a0, stval, zero
core   0: 3 0x00000000800060b4 (0x14302573) x10 0x0000000000000000
core   0: 0x00000000800060b8 (0xb02024f3) csrrs   s1, minstret, zero
core   0: 3 0x00000000800060b8 (0xb02024f3) x9  0x000000000000080e
core   0: 0x00000000800060bc (0x0000a811) c.j     pc + 20
core   0: 3 0x00000000800060bc (0xa811)
core   0: >>>>  mepc_4
core   0: 0x00000000800060d0 (0x00000791) c.addi  a5, 4
core   0: 3 0x00000000800060d0 (0x0791) x15 0x0000000080004136
core   0: 0x00000000800060d2 (0x34179073) csrrw   zero, mepc, a5
core   0: 3 0x00000000800060d2 (0x34179073) c833_mepc 0x0000000080004136
core   0: 0x00000000800060d6 (0x30200073) mret
core   0: 3 0x00000000800060d6 (0x30200073) c768_mstatus 0x8000000a00106080
core   0: 0x0000000080004136 (0x01259c13) slli    s8, a1, 18
core   0: 1 0x0000000080004136 (0x01259c13) x24 0x00034895e34c0000
core   0: 0x000000008000413a (0x00099d13) slli    s10, s3, 0
core   0: 1 0x000000008000413a (0x00099d13) x26 0x0000000000000000
core   0: 0x000000008000413e (0x03d99713) slli    a4, s3, 61
core   0: 1 0x000000008000413e (0x03d99713) x14 0x0000000000000000
core   0: 0x0000000080004142 (0x2a288153) fmin.d  ft2, fa7, ft2
core   0: 1 0x0000000080004142 (0x2a288153) f2  0x7ff8000000000000
core   0: 0x0000000080004146 (0xc23f7b53) fcvt.lu.d s6, ft10
core   0: exception trap_illegal_instruction, epc 0x0000000080004146
core   0:           tval 0x00000000c23f7b53
core   0: >>>>  $xrv64i2p1_m2p0_a2p1_f2p2_d2p2_zicsr2p0_zifencei2p0_zmmul1p0_zba1p0_zbb1p0_zbc1p0_zbs1p0
core   0: 0x0000000080004000 (0x0080006f) j       pc + 0x8
core   0: 3 0x0000000080004000 (0x0080006f)
core   0: >>>>  mmode_exception_handler
core   0: 0x0000000080004008 (0x00002c17) auipc   s8, 0x2
core   0: 3 0x0000000080004008 (0x00002c17) x24 0x0000000080006008
core   0: 0x000000008000400c (0x094c0c13) addi    s8, s8, 148
core   0: 3 0x000000008000400c (0x094c0c13) x24 0x000000008000609c
core   0: 0x0000000080004010 (0x000c00e7) jalr    s8
core   0: 3 0x0000000080004010 (0x000c00e7) x1  0x0000000080004014
core   0: >>>>  any_handler
core   0: 0x000000008000609c (0x341027f3) csrrs   a5, mepc, zero
core   0: 3 0x000000008000609c (0x341027f3) x15 0x0000000080004146
core   0: 0x00000000800060a0 (0x34202773) csrrs   a4, mcause, zero
core   0: 3 0x00000000800060a0 (0x34202773) x14 0x0000000000000002
core   0: 0x00000000800060a4 (0x142026f3) csrrs   a3, scause, zero
core   0: 3 0x00000000800060a4 (0x142026f3) x13 0x0000000000000000
core   0: 0x00000000800060a8 (0x30402673) csrrs   a2, mie, zero
core   0: 3 0x00000000800060a8 (0x30402673) x12 0x0000000000000a00
core   0: 0x00000000800060ac (0x344025f3) csrrs   a1, mip, zero
core   0: 3 0x00000000800060ac (0x344025f3) x11 0x0000000000000080
core   0: 0x00000000800060b0 (0x343025f3) csrrs   a1, mtval, zero
core   0: 3 0x00000000800060b0 (0x343025f3) x11 0x00000000c23f7b53
core   0: 0x00000000800060b4 (0x14302573) csrrs   a0, stval, zero
core   0: 3 0x00000000800060b4 (0x14302573) x10 0x0000000000000000
core   0: 0x00000000800060b8 (0xb02024f3) csrrs   s1, minstret, zero
core   0: 3 0x00000000800060b8 (0xb02024f3) x9  0x0000000000000822
core   0: 0x00000000800060bc (0x0000a811) c.j     pc + 20
core   0: 3 0x00000000800060bc (0xa811)
core   0: >>>>  mepc_4
core   0: 0x00000000800060d0 (0x00000791) c.addi  a5, 4
core   0: 3 0x00000000800060d0 (0x0791) x15 0x000000008000414a
core   0: 0x00000000800060d2 (0x34179073) csrrw   zero, mepc, a5
core   0: 3 0x00000000800060d2 (0x34179073) c833_mepc 0x000000008000414a
core   0: 0x00000000800060d6 (0x30200073) mret
core   0: 3 0x00000000800060d6 (0x30200073) c768_mstatus 0x8000000a00106080
core   0: 0x000000008000414a (0x034864bb) remw    s1, a6, s4
core   0: 1 0x000000008000414a (0x034864bb) x9  0x0000000000000000
core   0: 0x000000008000414e (0x122e70c3) fmadd.d ft1, ft8, ft2, ft2
core   0: exception trap_illegal_instruction, epc 0x000000008000414e
core   0:           tval 0x00000000122e70c3
core   0: >>>>  $xrv64i2p1_m2p0_a2p1_f2p2_d2p2_zicsr2p0_zifencei2p0_zmmul1p0_zba1p0_zbb1p0_zbc1p0_zbs1p0
core   0: 0x0000000080004000 (0x0080006f) j       pc + 0x8
core   0: 3 0x0000000080004000 (0x0080006f)
core   0: >>>>  mmode_exception_handler
core   0: 0x0000000080004008 (0x00002c17) auipc   s8, 0x2
core   0: 3 0x0000000080004008 (0x00002c17) x24 0x0000000080006008
core   0: 0x000000008000400c (0x094c0c13) addi    s8, s8, 148
core   0: 3 0x000000008000400c (0x094c0c13) x24 0x000000008000609c
core   0: 0x0000000080004010 (0x000c00e7) jalr    s8
core   0: 3 0x0000000080004010 (0x000c00e7) x1  0x0000000080004014
core   0: >>>>  any_handler
core   0: 0x000000008000609c (0x341027f3) csrrs   a5, mepc, zero
core   0: 3 0x000000008000609c (0x341027f3) x15 0x000000008000414e
core   0: 0x00000000800060a0 (0x34202773) csrrs   a4, mcause, zero
core   0: 3 0x00000000800060a0 (0x34202773) x14 0x0000000000000002
core   0: 0x00000000800060a4 (0x142026f3) csrrs   a3, scause, zero
core   0: 3 0x00000000800060a4 (0x142026f3) x13 0x0000000000000000
core   0: 0x00000000800060a8 (0x30402673) csrrs   a2, mie, zero
core   0: 3 0x00000000800060a8 (0x30402673) x12 0x0000000000000a00
core   0: 0x00000000800060ac (0x344025f3) csrrs   a1, mip, zero
core   0: 3 0x00000000800060ac (0x344025f3) x11 0x0000000000000080
core   0: 0x00000000800060b0 (0x343025f3) csrrs   a1, mtval, zero
core   0: 3 0x00000000800060b0 (0x343025f3) x11 0x00000000122e70c3
core   0: 0x00000000800060b4 (0x14302573) csrrs   a0, stval, zero
core   0: 3 0x00000000800060b4 (0x14302573) x10 0x0000000000000000
core   0: 0x00000000800060b8 (0xb02024f3) csrrs   s1, minstret, zero
core   0: 3 0x00000000800060b8 (0xb02024f3) x9  0x0000000000000833
core   0: 0x00000000800060bc (0x0000a811) c.j     pc + 20
core   0: 3 0x00000000800060bc (0xa811)
core   0: >>>>  mepc_4
core   0: 0x00000000800060d0 (0x00000791) c.addi  a5, 4
core   0: 3 0x00000000800060d0 (0x0791) x15 0x0000000080004152
core   0: 0x00000000800060d2 (0x34179073) csrrw   zero, mepc, a5
core   0: 3 0x00000000800060d2 (0x34179073) c833_mepc 0x0000000080004152
core   0: 0x00000000800060d6 (0x30200073) mret
core   0: 3 0x00000000800060d6 (0x30200073) c768_mstatus 0x8000000a00106080
core   0: 0x0000000080004152 (0x01161313) slli    t1, a2, 17
core   0: 1 0x0000000080004152 (0x01161313) x6  0x0000000014000000
core   0: 0x0000000080004156 (0x0264a633) mulhsu  a2, s1, t1
core   0: 1 0x0000000080004156 (0x0264a633) x12 0x0000000000000000
core   0: 0x000000008000415a (0x40ca0d3b) subw    s10, s4, a2
core   0: 1 0x000000008000415a (0x40ca0d3b) x26 0x0000000000000000
core   0: 0x000000008000415e (0x43465e93) srai    t4, a2, 52
core   0: 1 0x000000008000415e (0x43465e93) x29 0x0000000000000000
core   0: 0x0000000080004162 (0x02e8f8bb) remuw   a7, a7, a4
core   0: 1 0x0000000080004162 (0x02e8f8bb) x17 0x0000000000000001
core   0: 0x0000000080004166 (0x007961b3) or      gp, s2, t2
core   0: 1 0x0000000080004166 (0x007961b3) x3  0x0000000000000000
core   0: 0x000000008000416a (0xd223f453) fcvt.d.l fs0, t2
core   0: exception trap_illegal_instruction, epc 0x000000008000416a
core   0:           tval 0x00000000d223f453
core   0: >>>>  $xrv64i2p1_m2p0_a2p1_f2p2_d2p2_zicsr2p0_zifencei2p0_zmmul1p0_zba1p0_zbb1p0_zbc1p0_zbs1p0
core   0: 0x0000000080004000 (0x0080006f) j       pc + 0x8
core   0: 3 0x0000000080004000 (0x0080006f)
core   0: >>>>  mmode_exception_handler
core   0: 0x0000000080004008 (0x00002c17) auipc   s8, 0x2
core   0: 3 0x0000000080004008 (0x00002c17) x24 0x0000000080006008
core   0: 0x000000008000400c (0x094c0c13) addi    s8, s8, 148
core   0: 3 0x000000008000400c (0x094c0c13) x24 0x000000008000609c
core   0: 0x0000000080004010 (0x000c00e7) jalr    s8
core   0: 3 0x0000000080004010 (0x000c00e7) x1  0x0000000080004014
core   0: >>>>  any_handler
core   0: 0x000000008000609c (0x341027f3) csrrs   a5, mepc, zero
core   0: 3 0x000000008000609c (0x341027f3) x15 0x000000008000416a
core   0: 0x00000000800060a0 (0x34202773) csrrs   a4, mcause, zero
core   0: 3 0x00000000800060a0 (0x34202773) x14 0x0000000000000002
core   0: 0x00000000800060a4 (0x142026f3) csrrs   a3, scause, zero
core   0: 3 0x00000000800060a4 (0x142026f3) x13 0x0000000000000000
core   0: 0x00000000800060a8 (0x30402673) csrrs   a2, mie, zero
core   0: 3 0x00000000800060a8 (0x30402673) x12 0x0000000000000a00
core   0: 0x00000000800060ac (0x344025f3) csrrs   a1, mip, zero
core   0: 3 0x00000000800060ac (0x344025f3) x11 0x0000000000000080
core   0: 0x00000000800060b0 (0x343025f3) csrrs   a1, mtval, zero
core   0: 3 0x00000000800060b0 (0x343025f3) x11 0x00000000d223f453
core   0: 0x00000000800060b4 (0x14302573) csrrs   a0, stval, zero
core   0: 3 0x00000000800060b4 (0x14302573) x10 0x0000000000000000
core   0: 0x00000000800060b8 (0xb02024f3) csrrs   s1, minstret, zero
core   0: 3 0x00000000800060b8 (0xb02024f3) x9  0x0000000000000849
core   0: 0x00000000800060bc (0x0000a811) c.j     pc + 20
core   0: 3 0x00000000800060bc (0xa811)
core   0: >>>>  mepc_4
core   0: 0x00000000800060d0 (0x00000791) c.addi  a5, 4
core   0: 3 0x00000000800060d0 (0x0791) x15 0x000000008000416e
core   0: 0x00000000800060d2 (0x34179073) csrrw   zero, mepc, a5
core   0: 3 0x00000000800060d2 (0x34179073) c833_mepc 0x000000008000416e
core   0: 0x00000000800060d6 (0x30200073) mret
core   0: 3 0x00000000800060d6 (0x30200073) c768_mstatus 0x8000000a00106080
core   0: 0x000000008000416e (0x0004983b) sllw    a6, s1, zero
core   0: 1 0x000000008000416e (0x0004983b) x16 0x0000000000000849
core   0: 0x0000000080004172 (0x0024543b) srlw    s0, s0, sp
core   0: 1 0x0000000080004172 (0x0024543b) x8  0xffffffff80032040
core   0: 0x0000000080004176 (0x41f0db1b) sraiw   s6, ra, 31
core   0: 1 0x0000000080004176 (0x41f0db1b) x22 0xffffffffffffffff
core   0: 0x000000008000417a (0xc20573d3) fcvt.w.d t2, fa0
core   0: exception trap_illegal_instruction, epc 0x000000008000417a
core   0:           tval 0x00000000c20573d3
core   0: >>>>  $xrv64i2p1_m2p0_a2p1_f2p2_d2p2_zicsr2p0_zifencei2p0_zmmul1p0_zba1p0_zbb1p0_zbc1p0_zbs1p0
core   0: 0x0000000080004000 (0x0080006f) j       pc + 0x8
core   0: 3 0x0000000080004000 (0x0080006f)
core   0: >>>>  mmode_exception_handler
core   0: 0x0000000080004008 (0x00002c17) auipc   s8, 0x2
core   0: 3 0x0000000080004008 (0x00002c17) x24 0x0000000080006008
core   0: 0x000000008000400c (0x094c0c13) addi    s8, s8, 148
core   0: 3 0x000000008000400c (0x094c0c13) x24 0x000000008000609c
core   0: 0x0000000080004010 (0x000c00e7) jalr    s8
core   0: 3 0x0000000080004010 (0x000c00e7) x1  0x0000000080004014
core   0: >>>>  any_handler
core   0: 0x000000008000609c (0x341027f3) csrrs   a5, mepc, zero
core   0: 3 0x000000008000609c (0x341027f3) x15 0x000000008000417a
core   0: 0x00000000800060a0 (0x34202773) csrrs   a4, mcause, zero
core   0: 3 0x00000000800060a0 (0x34202773) x14 0x0000000000000002
core   0: 0x00000000800060a4 (0x142026f3) csrrs   a3, scause, zero
core   0: 3 0x00000000800060a4 (0x142026f3) x13 0x0000000000000000
core   0: 0x00000000800060a8 (0x30402673) csrrs   a2, mie, zero
core   0: 3 0x00000000800060a8 (0x30402673) x12 0x0000000000000a00
core   0: 0x00000000800060ac (0x344025f3) csrrs   a1, mip, zero
core   0: 3 0x00000000800060ac (0x344025f3) x11 0x0000000000000080
core   0: 0x00000000800060b0 (0x343025f3) csrrs   a1, mtval, zero
core   0: 3 0x00000000800060b0 (0x343025f3) x11 0x00000000c20573d3
core   0: 0x00000000800060b4 (0x14302573) csrrs   a0, stval, zero
core   0: 3 0x00000000800060b4 (0x14302573) x10 0x0000000000000000
core   0: 0x00000000800060b8 (0xb02024f3) csrrs   s1, minstret, zero
core   0: 3 0x00000000800060b8 (0xb02024f3) x9  0x000000000000085c
core   0: 0x00000000800060bc (0x0000a811) c.j     pc + 20
core   0: 3 0x00000000800060bc (0xa811)
core   0: >>>>  mepc_4
core   0: 0x00000000800060d0 (0x00000791) c.addi  a5, 4
core   0: 3 0x00000000800060d0 (0x0791) x15 0x000000008000417e
core   0: 0x00000000800060d2 (0x34179073) csrrw   zero, mepc, a5
core   0: 3 0x00000000800060d2 (0x34179073) c833_mepc 0x000000008000417e
core   0: 0x00000000800060d6 (0x30200073) mret
core   0: 3 0x00000000800060d6 (0x30200073) c768_mstatus 0x8000000a00106080
core   0: 0x000000008000417e (0x00202c73) csrrs   s8, frm, zero
core   0: 1 0x000000008000417e (0x00202c73) x24 0x0000000000000007
core   0: 0x0000000080004182 (0x5a09fbd3) fsqrt.d fs7, fs3
core   0: exception trap_illegal_instruction, epc 0x0000000080004182
core   0:           tval 0x000000005a09fbd3
core   0: >>>>  $xrv64i2p1_m2p0_a2p1_f2p2_d2p2_zicsr2p0_zifencei2p0_zmmul1p0_zba1p0_zbb1p0_zbc1p0_zbs1p0
core   0: 0x0000000080004000 (0x0080006f) j       pc + 0x8
core   0: 3 0x0000000080004000 (0x0080006f)
core   0: >>>>  mmode_exception_handler
core   0: 0x0000000080004008 (0x00002c17) auipc   s8, 0x2
core   0: 3 0x0000000080004008 (0x00002c17) x24 0x0000000080006008
core   0: 0x000000008000400c (0x094c0c13) addi    s8, s8, 148
core   0: 3 0x000000008000400c (0x094c0c13) x24 0x000000008000609c
core   0: 0x0000000080004010 (0x000c00e7) jalr    s8
core   0: 3 0x0000000080004010 (0x000c00e7) x1  0x0000000080004014
core   0: >>>>  any_handler
core   0: 0x000000008000609c (0x341027f3) csrrs   a5, mepc, zero
core   0: 3 0x000000008000609c (0x341027f3) x15 0x0000000080004182
core   0: 0x00000000800060a0 (0x34202773) csrrs   a4, mcause, zero
core   0: 3 0x00000000800060a0 (0x34202773) x14 0x0000000000000002
core   0: 0x00000000800060a4 (0x142026f3) csrrs   a3, scause, zero
core   0: 3 0x00000000800060a4 (0x142026f3) x13 0x0000000000000000
core   0: 0x00000000800060a8 (0x30402673) csrrs   a2, mie, zero
core   0: 3 0x00000000800060a8 (0x30402673) x12 0x0000000000000a00
core   0: 0x00000000800060ac (0x344025f3) csrrs   a1, mip, zero
core   0: 3 0x00000000800060ac (0x344025f3) x11 0x0000000000000080
core   0: 0x00000000800060b0 (0x343025f3) csrrs   a1, mtval, zero
core   0: 3 0x00000000800060b0 (0x343025f3) x11 0x000000005a09fbd3
core   0: 0x00000000800060b4 (0x14302573) csrrs   a0, stval, zero
core   0: 3 0x00000000800060b4 (0x14302573) x10 0x0000000000000000
core   0: 0x00000000800060b8 (0xb02024f3) csrrs   s1, minstret, zero
core   0: 3 0x00000000800060b8 (0xb02024f3) x9  0x000000000000086d
core   0: 0x00000000800060bc (0x0000a811) c.j     pc + 20
core   0: 3 0x00000000800060bc (0xa811)
core   0: >>>>  mepc_4
core   0: 0x00000000800060d0 (0x00000791) c.addi  a5, 4
core   0: 3 0x00000000800060d0 (0x0791) x15 0x0000000080004186
core   0: 0x00000000800060d2 (0x34179073) csrrw   zero, mepc, a5
core   0: 3 0x00000000800060d2 (0x34179073) c833_mepc 0x0000000080004186
core   0: 0x00000000800060d6 (0x30200073) mret
core   0: 3 0x00000000800060d6 (0x30200073) c768_mstatus 0x8000000a00106080
core   0: 0x0000000080004186 (0x02f9eebb) remw    t4, s3, a5
core   0: 1 0x0000000080004186 (0x02f9eebb) x29 0x0000000000000000
core   0: 0x000000008000418a (0x41bd0533) sub     a0, s10, s11
core   0: 1 0x000000008000418a (0x41bd0533) x10 0x0000000000080011
core   0: 0x000000008000418e (0x002d19f3) csrrw   s3, frm, s10
core   0: 1 0x000000008000418e (0x002d19f3) x19 0x0000000000000007 c2_frm 0x0000000000000000
core   0: 0x0000000080004192 (0x0a2473d3) fsub.d  ft7, fs0, ft2
core   0: 1 0x0000000080004192 (0x0a2473d3) f7  0x7ff8000000000000
core   0: 0x0000000080004196 (0xd21c0953) fcvt.d.wu fs2, s8
core   0: 1 0x0000000080004196 (0xd21c0953) f18 0x41e0000c13800000
core   0: 0x000000008000419a (0x01726ab3) or      s5, tp, s7
core   0: 1 0x000000008000419a (0x01726ab3) x21 0x000000000007f011
core   0: 0x000000008000419e (0x015b14bb) sllw    s1, s6, s5
core   0: 1 0x000000008000419e (0x015b14bb) x9  0xfffffffffffe0000
core   0: 0x00000000800041a2 (0x015857b3) srl     a5, a6, s5
core   0: 1 0x00000000800041a2 (0x015857b3) x15 0x0000000000000000
core   0: 0x00000000800041a6 (0xc3c4f413) andi    s0, s1, -964
core   0: 1 0x00000000800041a6 (0xc3c4f413) x8  0xfffffffffffe0000
core   0: 0x00000000800041aa (0x2bce0e53) fmin.d  ft8, ft8, ft8
core   0: 1 0x00000000800041aa (0x2bce0e53) f28 0x7ff8000000000000
core   0: 0x00000000800041ae (0x005bed33) or      s10, s7, t0
core   0: 1 0x00000000800041ae (0x005bed33) x26 0xffffffd0147ff097
core   0: 0x00000000800041b2 (0x02f1c1bb) divw    gp, gp, a5
core   0: 1 0x00000000800041b2 (0x02f1c1bb) x3  0xffffffffffffffff
core   0: 0x00000000800041b6 (0x0005de13) srli    t3, a1, 0
core   0: 1 0x00000000800041b6 (0x0005de13) x28 0x000000005a09fbd3
core   0: 0x00000000800041ba (0x40b5d13b) sraw    sp, a1, a1
core   0: 1 0x00000000800041ba (0x40b5d13b) x2  0x0000000000000b41
core   0: 0x00000000800041be (0xe32bf9cb) fnmsub.d fs3, fs7, fs2, ft8
core   0: 1 0x00000000800041be (0xe32bf9cb) f19 0x7ff8000000000000
core   0: 0x00000000800041c2 (0x00000172) c.slli  sp, 28
core   0: 1 0x00000000800041c2 (0x0172) x2  0x000000b410000000
core   0: 0x00000000800041c4 (0x00b35abb) srlw    s5, t1, a1
core   0: 1 0x00000000800041c4 (0x00b35abb) x21 0x0000000000000280
core   0: 0x00000000800041c8 (0xc04a29f3) csrrs   s3, hpmcounter4, s4
core   0: exception trap_illegal_instruction, epc 0x00000000800041c8
core   0:           tval 0x00000000c04a29f3
core   0: >>>>  $xrv64i2p1_m2p0_a2p1_f2p2_d2p2_zicsr2p0_zifencei2p0_zmmul1p0_zba1p0_zbb1p0_zbc1p0_zbs1p0
core   0: 0x0000000080004000 (0x0080006f) j       pc + 0x8
core   0: 3 0x0000000080004000 (0x0080006f)
core   0: >>>>  mmode_exception_handler
core   0: 0x0000000080004008 (0x00002c17) auipc   s8, 0x2
core   0: 3 0x0000000080004008 (0x00002c17) x24 0x0000000080006008
core   0: 0x000000008000400c (0x094c0c13) addi    s8, s8, 148
core   0: 3 0x000000008000400c (0x094c0c13) x24 0x000000008000609c
core   0: 0x0000000080004010 (0x000c00e7) jalr    s8
core   0: 3 0x0000000080004010 (0x000c00e7) x1  0x0000000080004014
core   0: >>>>  any_handler
core   0: 0x000000008000609c (0x341027f3) csrrs   a5, mepc, zero
core   0: 3 0x000000008000609c (0x341027f3) x15 0x00000000800041c8
core   0: 0x00000000800060a0 (0x34202773) csrrs   a4, mcause, zero
core   0: 3 0x00000000800060a0 (0x34202773) x14 0x0000000000000002
core   0: 0x00000000800060a4 (0x142026f3) csrrs   a3, scause, zero
core   0: 3 0x00000000800060a4 (0x142026f3) x13 0x0000000000000000
core   0: 0x00000000800060a8 (0x30402673) csrrs   a2, mie, zero
core   0: 3 0x00000000800060a8 (0x30402673) x12 0x0000000000000a00
core   0: 0x00000000800060ac (0x344025f3) csrrs   a1, mip, zero
core   0: 3 0x00000000800060ac (0x344025f3) x11 0x0000000000000080
core   0: 0x00000000800060b0 (0x343025f3) csrrs   a1, mtval, zero
core   0: 3 0x00000000800060b0 (0x343025f3) x11 0x00000000c04a29f3
core   0: 0x00000000800060b4 (0x14302573) csrrs   a0, stval, zero
core   0: 3 0x00000000800060b4 (0x14302573) x10 0x0000000000000000
core   0: 0x00000000800060b8 (0xb02024f3) csrrs   s1, minstret, zero
core   0: 3 0x00000000800060b8 (0xb02024f3) x9  0x000000000000088e
core   0: 0x00000000800060bc (0x0000a811) c.j     pc + 20
core   0: 3 0x00000000800060bc (0xa811)
core   0: >>>>  mepc_4
core   0: 0x00000000800060d0 (0x00000791) c.addi  a5, 4
core   0: 3 0x00000000800060d0 (0x0791) x15 0x00000000800041cc
core   0: 0x00000000800060d2 (0x34179073) csrrw   zero, mepc, a5
core   0: 3 0x00000000800060d2 (0x34179073) c833_mepc 0x00000000800041cc
core   0: 0x00000000800060d6 (0x30200073) mret
core   0: 3 0x00000000800060d6 (0x30200073) c768_mstatus 0x8000000a00106080
core   0: 0x00000000800041cc (0x001a1bf3) csrrw   s7, fflags, s4
core   0: 1 0x00000000800041cc (0x001a1bf3) x23 0x0000000000000000 c1_fflags 0x0000000000000000
core   0: 0x00000000800041d0 (0x225a27d3) fsgnjx.d fa5, fs4, ft5
core   0: 1 0x00000000800041d0 (0x225a27d3) f15 0x0000000000000000
core   0: 0x00000000800041d4 (0x00009dde) c.add   s11, s7
core   0: 1 0x00000000800041d4 (0x9dde) x27 0xfffffffffff7ffef
core   0: 0x00000000800041d6 (0xf20881d3) fmv.d.x ft3, a7
core   0: 1 0x00000000800041d6 (0xf20881d3) f3  0x0000000000000001
core   0: 0x00000000800041da (0x5a06f5d3) fsqrt.d fa1, fa3
core   0: 1 0x00000000800041da (0x5a06f5d3) f11 0x7ff8000000000000
core   0: 0x00000000800041de (0x2a039053) fmax.d  ft0, ft7, ft0
core   0: 1 0x00000000800041de (0x2a039053) f0  0x7ff8000000000000
core   0: 0x00000000800041e2 (0xc2027853) fcvt.w.d a6, ft4
core   0: 1 0x00000000800041e2 (0xc2027853) c1_fflags 0x0000000000000010 x16 0x000000007fffffff
core   0: 0x00000000800041e6 (0x411ede9b) sraiw   t4, t4, 17
core   0: 1 0x00000000800041e6 (0x411ede9b) x29 0x0000000000000000
core   0: 0x00000000800041ea (0x01ad14bb) sllw    s1, s10, s10
core   0: 1 0x00000000800041ea (0x01ad14bb) x9  0x000000004b800000
core   0: 0x00000000800041ee (0xe2000b53) fmv.x.d s6, ft0
core   0: 1 0x00000000800041ee (0xe2000b53) x22 0x7ff8000000000000
core   0: 0x00000000800041f2 (0x0005e413) ori     s0, a1, 0
core   0: 1 0x00000000800041f2 (0x0005e413) x8  0x00000000c04a29f3
core   0: 0x00000000800041f6 (0x000b501b) srliw   zero, s6, 0
core   0: 1 0x00000000800041f6 (0x000b501b)
core   0: 0x00000000800041fa (0x000b5393) srli    t2, s6, 0
core   0: 1 0x00000000800041fa (0x000b5393) x7  0x7ff8000000000000
core   0: 0x00000000800041fe (0x41908cbb) subw    s9, ra, s9
core   0: 1 0x00000000800041fe (0x41908cbb) x25 0xffffffff80004015
core   0: 0x0000000080004202 (0x7ff80e1b) addiw   t3, a6, 2047
core   0: 1 0x0000000080004202 (0x7ff80e1b) x28 0xffffffff800007fe
core   0: 0x0000000080004206 (0x40470833) sub     a6, a4, tp
core   0: 1 0x0000000080004206 (0x40470833) x16 0x0000000000000002
core   0: 0x000000008000420a (0x0159e133) or      sp, s3, s5
core   0: 1 0x000000008000420a (0x0159e133) x2  0x0000000000000287
core   0: 0x000000008000420e (0x022cfe33) remu    t3, s9, sp
core   0: 1 0x000000008000420e (0x022cfe33) x28 0x000000000000021e
core   0: 0x0000000080004212 (0x7a4c7997) auipc   s3, 0x7a4c7
core   0: 1 0x0000000080004212 (0x7a4c7997) x19 0x00000000fa4cb212
core   0: 0x0000000080004216 (0xd2070653) fcvt.d.w fa2, a4
core   0: 1 0x0000000080004216 (0xd2070653) f12 0x4000000000000000
core   0: 0x000000008000421a (0x2ab89053) fmax.d  ft0, fa7, fa1
core   0: 1 0x000000008000421a (0x2ab89053) f0  0x7ff8000000000000
core   0: 0x000000008000421e (0x233c2253) fsgnjx.d ft4, fs8, fs3
core   0: 1 0x000000008000421e (0x233c2253) f4  0xffffffff00000000
core   0: 0x0000000080004222 (0x08311c97) auipc   s9, 0x8311
core   0: 1 0x0000000080004222 (0x08311c97) x25 0x0000000088315222
core   0: 0x0000000080004226 (0x0010c533) xor     a0, ra, ra
core   0: 1 0x0000000080004226 (0x0010c533) x10 0x0000000000000000
core   0: 0x000000008000422a (0xe8b57e93) andi    t4, a0, -373
core   0: 1 0x000000008000422a (0xe8b57e93) x29 0x0000000000000000
core   0: 0x000000008000422e (0xd03cfa53) fcvt.s.lu fs4, s9
core   0: 1 0x000000008000422e (0xd03cfa53) c1_fflags 0x0000000000000011 f20 0xffffffff4f083152
core   0: 0x0000000080004232 (0x0ff0000f) fence   iorw,iorw
core   0: 1 0x0000000080004232 (0x0ff0000f)
core   0: 0x0000000080004236 (0x40a989bb) subw    s3, s3, a0
core   0: 1 0x0000000080004236 (0x40a989bb) x19 0xfffffffffa4cb212
core   0: 0x000000008000423a (0x80068a1b) addiw   s4, a3, -2048
core   0: 1 0x000000008000423a (0x80068a1b) x20 0xfffffffffffff800
core   0: 0x000000008000423e (0xeb42f54f) fnmadd.d fa0, ft5, fs4, ft9
core   0: 1 0x000000008000423e (0xeb42f54f) f10 0x7ff8000000000000
core   0: 0x0000000080004242 (0x0148f8b3) and     a7, a7, s4
core   0: 1 0x0000000080004242 (0x0148f8b3) x17 0x0000000000000000
core   0: 0x0000000080004246 (0x0bba7153) fsub.d  ft2, fs4, fs11
core   0: 1 0x0000000080004246 (0x0bba7153) f2  0x7ff8000000000000
core   0: 0x000000008000424a (0x23940453) fsgnj.d fs0, fs0, fs9
core   0: 1 0x000000008000424a (0x23940453) f8  0xffffffff7fc00000
core   0: 0x000000008000424e (0x12a574d3) fmul.d  fs1, fa0, fa0
core   0: 1 0x000000008000424e (0x12a574d3) f9  0x7ff8000000000000
core   0: 0x0000000080004252 (0x022d3d33) mulhu   s10, s10, sp
core   0: 1 0x0000000080004252 (0x022d3d33) x26 0x0000000000000286
core   0: 0x0000000080004256 (0x020cd533) divu    a0, s9, zero
core   0: 1 0x0000000080004256 (0x020cd533) x10 0xffffffffffffffff
core   0: 0x000000008000425a (0xc0257ad3) fcvt.l.s s5, fa0
core   0: 1 0x000000008000425a (0xc0257ad3) c1_fflags 0x0000000000000011 x21 0x7fffffffffffffff
core   0: 0x000000008000425e (0x03a2f2bb) remuw   t0, t0, s10
core   0: 1 0x000000008000425e (0x03a2f2bb) x5  0x000000000000021a
core   0: 0x0000000080004262 (0x037789bb) mulw    s3, a5, s7
core   0: 1 0x0000000080004262 (0x037789bb) x19 0x0000000000000000
core   0: 0x0000000080004266 (0x8fc6cd37) lui     s10, 0x8fc6c
core   0: 1 0x0000000080004266 (0x8fc6cd37) x26 0xffffffff8fc6c000
core   0: 0x000000008000426a (0x005367b7) lui     a5, 0x536
core   0: 1 0x000000008000426a (0x005367b7) x15 0x0000000000536000
core   0: 0x000000008000426e (0x95f7879b) addiw   a5, a5, -1697
core   0: 1 0x000000008000426e (0x95f7879b) x15 0x000000000053595f
core   0: 0x0000000080004272 (0x000007b6) c.slli  a5, 13
core   0: 1 0x0000000080004272 (0x07b6) x15 0x0000000a6b2be000
core   0: 0x0000000080004274 (0x6c878793) addi    a5, a5, 1736
core   0: 1 0x0000000080004274 (0x6c878793) x15 0x0000000a6b2be6c8
core   0: 0x0000000080004278 (0x012cfa97) auipc   s5, 0x12cf
core   0: 1 0x0000000080004278 (0x012cfa97) x21 0x00000000812d3278
core   0: 0x000000008000427c (0x0b4af213) andi    tp, s5, 180
core   0: 1 0x000000008000427c (0x0b4af213) x4  0x0000000000000030
core   0: 0x0000000080004280 (0x8000809b) addiw   ra, ra, -2048
core   0: 1 0x0000000080004280 (0x8000809b) x1  0xffffffff80003814
core   0: 0x0000000080004284 (0x008263b3) or      t2, tp, s0
core   0: 1 0x0000000080004284 (0x008263b3) x7  0x00000000c04a29f3
core   0: 0x0000000080004288 (0x02718eb3) mul     t4, gp, t2
core   0: 1 0x0000000080004288 (0x02718eb3) x29 0xffffffff3fb5d60d
core   0: 0x000000008000428c (0x0230fd53) fadd.d  fs10, ft1, ft3
core   0: 1 0x000000008000428c (0x0230fd53) f26 0x7ff8000000000000
core   0: 0x0000000080004290 (0x00000001) c.nop
core   0: 1 0x0000000080004290 (0x0001)
core   0: 0x0000000080004292 (0x00000001) c.nop
core   0: 1 0x0000000080004292 (0x0001)
core   0: 0x0000000080004294 (0xc21d74d3) fcvt.wu.d s1, fs10
core   0: 1 0x0000000080004294 (0xc21d74d3) c1_fflags 0x0000000000000011 x9  0xffffffffffffffff
core   0: 0x0000000080004298 (0x00000001) c.nop
core   0: 1 0x0000000080004298 (0x0001)
core   0: 0x000000008000429a (0x00e2073b) addw    a4, tp, a4
core   0: 1 0x000000008000429a (0x00e2073b) x14 0x0000000000000032
core   0: 0x000000008000429e (0xf2020cd3) fmv.d.x fs9, tp
core   0: 1 0x000000008000429e (0xf2020cd3) f25 0x0000000000000030
core   0: 0x00000000800042a2 (0x4097dcbb) sraw    s9, a5, s1
core   0: 1 0x00000000800042a2 (0x4097dcbb) x25 0x0000000000000000
core   0: 0x00000000800042a6 (0x00ed9db3) sll     s11, s11, a4
core   0: 1 0x00000000800042a6 (0x00ed9db3) x27 0xffbc000000000000
core   0: 0x00000000800042aa (0x4073d3b3) sra     t2, t2, t2
core   0: 1 0x00000000800042aa (0x4073d3b3) x7  0x0000000000000000
core   0: 0x00000000800042ae (0xc026f7d3) fcvt.l.s a5, fa3
core   0: 1 0x00000000800042ae (0xc026f7d3) x15 0x0000000000000000
core   0: 0x00000000800042b2 (0x0ff0000f) fence   iorw,iorw
core   0: 1 0x00000000800042b2 (0x0ff0000f)
core   0: 0x00000000800042b6 (0x03596cb3) rem     s9, s2, s5
core   0: 1 0x00000000800042b6 (0x03596cb3) x25 0x0000000000000000
core   0: 0x00000000800042ba (0x018bd0b3) srl     ra, s7, s8
core   0: 1 0x00000000800042ba (0x018bd0b3) x1  0x0000000000000000
core   0: 0x00000000800042be (0x0b92724b) fnmsub.d ft4, ft4, fs9, ft1
core   0: 1 0x00000000800042be (0x0b92724b) f4  0x7ff8000000000000
core   0: 0x00000000800042c2 (0x41f2521b) sraiw   tp, tp, 31
core   0: 1 0x00000000800042c2 (0x41f2521b) x4  0x0000000000000000
core   0: 0x00000000800042c6 (0x00740233) add     tp, s0, t2
core   0: 1 0x00000000800042c6 (0x00740233) x4  0x00000000c04a29f3
core   0: 0x00000000800042ca (0x0328eb3b) remw    s6, a7, s2
core   0: 1 0x00000000800042ca (0x0328eb3b) x22 0x0000000000000000
core   0: 0x00000000800042ce (0x0114043b) addw    s0, s0, a7
core   0: 1 0x00000000800042ce (0x0114043b) x8  0xffffffffc04a29f3
core   0: 0x00000000800042d2 (0x000b071b) sext.w  a4, s6
core   0: 1 0x00000000800042d2 (0x000b071b) x14 0x0000000000000000
core   0: 0x00000000800042d6 (0xd02770d3) fcvt.s.l ft1, a4
core   0: 1 0x00000000800042d6 (0xd02770d3) f1  0xffffffff00000000
core   0: 0x00000000800042da (0xd2377853) fcvt.d.lu fa6, a4
core   0: 1 0x00000000800042da (0xd2377853) f16 0x0000000000000000
core   0: 0x00000000800042de (0x01242ab3) slt     s5, s0, s2
core   0: 1 0x00000000800042de (0x01242ab3) x21 0x0000000000000001
core   0: 0x00000000800042e2 (0x42c76a13) ori     s4, a4, 1068
core   0: 1 0x00000000800042e2 (0x42c76a13) x20 0x000000000000042c
core   0: 0x00000000800042e6 (0xc23071d3) fcvt.lu.d gp, ft0
core   0: 1 0x00000000800042e6 (0xc23071d3) c1_fflags 0x0000000000000011 x3  0xffffffffffffffff
core   0: 0x00000000800042ea (0x227093d3) fsgnjn.d ft7, ft1, ft7
core   0: 1 0x00000000800042ea (0x227093d3) f7  0xffffffff00000000
core   0: 0x00000000800042ee (0xe2008853) fmv.x.d a6, ft1
core   0: 1 0x00000000800042ee (0xe2008853) x16 0xffffffff00000000
core   0: 0x00000000800042f2 (0x2b460bd3) fmin.d  fs7, fa2, fs4
core   0: 1 0x00000000800042f2 (0x2b460bd3) f23 0x4000000000000000
core   0: 0x00000000800042f6 (0x0093a6b3) slt     a3, t2, s1
core   0: 1 0x00000000800042f6 (0x0093a6b3) x13 0x0000000000000000
core   0: 0x00000000800042fa (0x002024f3) csrrs   s1, frm, zero
core   0: 1 0x00000000800042fa (0x002024f3) x9  0x0000000000000000
core   0: 0x00000000800042fe (0x0aaf7553) fsub.d  fa0, ft10, fa0
core   0: 1 0x00000000800042fe (0x0aaf7553) f10 0x7ff8000000000000
core   0: 0x0000000080004302 (0x400809b3) sub     s3, a6, zero
core   0: 1 0x0000000080004302 (0x400809b3) x19 0xffffffff00000000
core   0: 0x0000000080004306 (0x5a0b74d3) fsqrt.d fs1, fs6
core   0: 1 0x0000000080004306 (0x5a0b74d3) f9  0x7ff8000000000000
core   0: 0x000000008000430a (0x0180ab33) slt     s6, ra, s8
core   0: 1 0x000000008000430a (0x0180ab33) x22 0x0000000000000001
core   0: 0x000000008000430e (0x420f01d3) fcvt.d.s ft3, ft10
core   0: 1 0x000000008000430e (0x420f01d3) f3  0x7ff8000000000000
core   0: 0x0000000080004312 (0x03081833) mulh    a6, a6, a6
core   0: 1 0x0000000080004312 (0x03081833) x16 0x0000000000000001
core   0: 0x0000000080004316 (0xd220fd53) fcvt.d.l fs10, ra
core   0: 1 0x0000000080004316 (0xd220fd53) f26 0x0000000000000000
core   0: 0x000000008000431a (0xc003eaf3) csrrsi  s5, cycle, 7
core   0: exception trap_illegal_instruction, epc 0x000000008000431a
core   0:           tval 0x00000000c003eaf3
core   0: >>>>  $xrv64i2p1_m2p0_a2p1_f2p2_d2p2_zicsr2p0_zifencei2p0_zmmul1p0_zba1p0_zbb1p0_zbc1p0_zbs1p0
core   0: 0x0000000080004000 (0x0080006f) j       pc + 0x8
core   0: 3 0x0000000080004000 (0x0080006f)
core   0: >>>>  mmode_exception_handler
core   0: 0x0000000080004008 (0x00002c17) auipc   s8, 0x2
core   0: 3 0x0000000080004008 (0x00002c17) x24 0x0000000080006008
core   0: 0x000000008000400c (0x094c0c13) addi    s8, s8, 148
core   0: 3 0x000000008000400c (0x094c0c13) x24 0x000000008000609c
core   0: 0x0000000080004010 (0x000c00e7) jalr    s8
core   0: 3 0x0000000080004010 (0x000c00e7) x1  0x0000000080004014
core   0: >>>>  any_handler
core   0: 0x000000008000609c (0x341027f3) csrrs   a5, mepc, zero
core   0: 3 0x000000008000609c (0x341027f3) x15 0x000000008000431a
core   0: 0x00000000800060a0 (0x34202773) csrrs   a4, mcause, zero
core   0: 3 0x00000000800060a0 (0x34202773) x14 0x0000000000000002
core   0: 0x00000000800060a4 (0x142026f3) csrrs   a3, scause, zero
core   0: 3 0x00000000800060a4 (0x142026f3) x13 0x0000000000000000
core   0: 0x00000000800060a8 (0x30402673) csrrs   a2, mie, zero
core   0: 3 0x00000000800060a8 (0x30402673) x12 0x0000000000000a00
core   0: 0x00000000800060ac (0x344025f3) csrrs   a1, mip, zero
core   0: 3 0x00000000800060ac (0x344025f3) x11 0x0000000000000080
core   0: 0x00000000800060b0 (0x343025f3) csrrs   a1, mtval, zero
core   0: 3 0x00000000800060b0 (0x343025f3) x11 0x00000000c003eaf3
core   0: 0x00000000800060b4 (0x14302573) csrrs   a0, stval, zero
core   0: 3 0x00000000800060b4 (0x14302573) x10 0x0000000000000000
core   0: 0x00000000800060b8 (0xb02024f3) csrrs   s1, minstret, zero
core   0: 3 0x00000000800060b8 (0xb02024f3) x9  0x00000000000008f4
core   0: 0x00000000800060bc (0x0000a811) c.j     pc + 20
core   0: 3 0x00000000800060bc (0xa811)
core   0: >>>>  mepc_4
core   0: 0x00000000800060d0 (0x00000791) c.addi  a5, 4
core   0: 3 0x00000000800060d0 (0x0791) x15 0x000000008000431e
core   0: 0x00000000800060d2 (0x34179073) csrrw   zero, mepc, a5
core   0: 3 0x00000000800060d2 (0x34179073) c833_mepc 0x000000008000431e
core   0: 0x00000000800060d6 (0x30200073) mret
core   0: 3 0x00000000800060d6 (0x30200073) c768_mstatus 0x8000000a00106080
core   0: 0x000000008000431e (0x234f2ed3) fsgnjx.d ft9, ft10, fs4
core   0: 1 0x000000008000431e (0x234f2ed3) f29 0xfff8000000000000
core   0: 0x0000000080004322 (0x010b19b3) sll     s3, s6, a6
core   0: 1 0x0000000080004322 (0x010b19b3) x19 0x0000000000000002
core   0: 0x0000000080004326 (0x02c9d93b) divuw   s2, s3, a2
core   0: 1 0x0000000080004326 (0x02c9d93b) x18 0x0000000000000000
core   0: 0x000000008000432a (0xa9818993) addi    s3, gp, -1384
core   0: 1 0x000000008000432a (0xa9818993) x19 0xfffffffffffffa97
core   0: 0x000000008000432e (0x43f9d313) srai    t1, s3, 63
core   0: 1 0x000000008000432e (0x43f9d313) x6  0xffffffffffffffff
core   0: 0x0000000080004332 (0x0ff0000f) fence   iorw,iorw
core   0: 1 0x0000000080004332 (0x0ff0000f)
core   0: 0x0000000080004336 (0x0326fb3b) remuw   s6, a3, s2
core   0: 1 0x0000000080004336 (0x0326fb3b) x22 0x0000000000000000
core   0: 0x000000008000433a (0x2c3ca017) auipc   zero, 0x2c3ca
core   0: 1 0x000000008000433a (0x2c3ca017)
core   0: 0x000000008000433e (0xc227f253) fcvt.l.d tp, fa5
core   0: 1 0x000000008000433e (0xc227f253) x4  0x0000000000000000
core   0: 0x0000000080004342 (0x1afd73c7) fmsub.d ft7, fs10, fa5, ft3
core   0: 1 0x0000000080004342 (0x1afd73c7) f7  0x7ff8000000000000
core   0: 0x0000000080004346 (0xfff48693) addi    a3, s1, -1
core   0: 1 0x0000000080004346 (0xfff48693) x13 0x00000000000008f3
core   0: 0x000000008000434a (0xd20804d3) fcvt.d.w fs1, a6
core   0: 1 0x000000008000434a (0xd20804d3) f9  0x3ff0000000000000
core   0: 0x000000008000434e (0x0042fb33) and     s6, t0, tp
core   0: 1 0x000000008000434e (0x0042fb33) x22 0x0000000000000000
core   0: 0x0000000080004352 (0xda6473cf) fnmadd.d ft7, fs0, ft6, fs11
core   0: 1 0x0000000080004352 (0xda6473cf) f7  0x7ff8000000000000
core   0: 0x0000000080004356 (0xfd71fa37) lui     s4, 0xfd71f
core   0: 1 0x0000000080004356 (0xfd71fa37) x20 0xfffffffffd71f000
core   0: 0x000000008000435a (0x00003a1d) c.addiw s4, -25
core   0: 1 0x000000008000435a (0x3a1d) x20 0xfffffffffd71efe7
core   0: 0x000000008000435c (0x00000a36) c.slli  s4, 13
core   0: 1 0x000000008000435c (0x0a36) x20 0xffffffae3dfce000
core   0: 0x000000008000435e (0xecda0a13) addi    s4, s4, -307
core   0: 1 0x000000008000435e (0xecda0a13) x20 0xffffffae3dfcdecd
core   0: 0x0000000080004362 (0x016a5133) srl     sp, s4, s6
core   0: 1 0x0000000080004362 (0x016a5133) x2  0xffffffae3dfcdecd
core   0: 0x0000000080004366 (0xc213fcd3) fcvt.wu.d s9, ft7
core   0: 1 0x0000000080004366 (0xc213fcd3) c1_fflags 0x0000000000000011 x25 0xffffffffffffffff
core   0: 0x000000008000436a (0x3b39f9c3) fmadd.d fs3, fs3, fs3, ft7
core   0: 1 0x000000008000436a (0x3b39f9c3) f19 0x7ff8000000000000
core   0: 0x000000008000436e (0x82787147) fmsub.d ft2, fa6, ft7, fa6
core   0: 1 0x000000008000436e (0x82787147) f2  0x7ff8000000000000
core   0: 0x0000000080004372 (0x40b083b3) sub     t2, ra, a1
core   0: 1 0x0000000080004372 (0x40b083b3) x7  0xffffffffbffc5521
core   0: 0x0000000080004376 (0x5f8de017) auipc   zero, 0x5f8de
core   0: 1 0x0000000080004376 (0x5f8de017)
core   0: 0x000000008000437a (0x10022273) csrrs   tp, sstatus, tp
core   0: 1 0x000000008000437a (0x10022273) x4  0x8000000200006000 c768_mstatus 0x8000000a00106080
core   0: 0x000000008000437e (0x001a9c73) csrrw   s8, fflags, s5
core   0: 1 0x000000008000437e (0x001a9c73) x24 0x0000000000000011 c1_fflags 0x0000000000000001
core   0: 0x0000000080004382 (0x0383b5b3) mulhu   a1, t2, s8
core   0: 1 0x0000000080004382 (0x0383b5b3) x11 0x0000000000000010
core   0: 0x0000000080004386 (0x3a8f73c7) fmsub.d ft7, ft10, fs0, ft7
core   0: 1 0x0000000080004386 (0x3a8f73c7) f7  0x7ff8000000000000
core   0: 0x000000008000438a (0x0ace71d3) fsub.d  ft3, ft8, fa2
core   0: 1 0x000000008000438a (0x0ace71d3) f3  0x7ff8000000000000
core   0: 0x000000008000438e (0x0bbbf753) fsub.d  fa4, fs7, fs11
core   0: 1 0x000000008000438e (0x0bbbf753) f14 0x7ff8000000000000
core   0: 0x0000000080004392 (0xc21079d3) fcvt.wu.d s3, ft0
core   0: 1 0x0000000080004392 (0xc21079d3) c1_fflags 0x0000000000000011 x19 0xffffffffffffffff
core   0: 0x0000000080004396 (0x00e9dbbb) srlw    s7, s3, a4
core   0: 1 0x0000000080004396 (0x00e9dbbb) x23 0x000000003fffffff
core   0: 0x000000008000439a (0x00202a73) csrrs   s4, frm, zero
core   0: 1 0x000000008000439a (0x00202a73) x20 0x0000000000000000
core   0: 0x000000008000439e (0x013a90b3) sll     ra, s5, s3
core   0: 1 0x000000008000439e (0x013a90b3) x1  0x8000000000000000
core   0: 0x00000000800043a2 (0x01d8853b) addw    a0, a7, t4
core   0: 1 0x00000000800043a2 (0x01d8853b) x10 0x000000003fb5d60d
core   0: 0x00000000800043a6 (0x00275bbb) srlw    s7, a4, sp
core   0: 1 0x00000000800043a6 (0x00275bbb) x23 0x0000000000000000
core   0: 0x00000000800043aa (0x01a32533) slt     a0, t1, s10
core   0: 1 0x00000000800043aa (0x01a32533) x10 0x0000000000000000
core   0: 0x00000000800043ae (0x0394a4b3) mulhsu  s1, s1, s9
core   0: 1 0x00000000800043ae (0x0394a4b3) x9  0x00000000000008f3
core   0: 0x00000000800043b2 (0x02941ab3) mulh    s5, s0, s1
core   0: 1 0x00000000800043b2 (0x02941ab3) x21 0xffffffffffffffff
core   0: 0x00000000800043b6 (0xfff4831b) addiw   t1, s1, -1
core   0: 1 0x00000000800043b6 (0xfff4831b) x6  0x00000000000008f2
core   0: 0x00000000800043ba (0x4113d93b) sraw    s2, t2, a7
core   0: 1 0x00000000800043ba (0x4113d93b) x18 0xffffffffbffc5521
core   0: 0x00000000800043be (0xaab87893) andi    a7, a6, -1365
core   0: 1 0x00000000800043be (0xaab87893) x17 0x0000000000000001
core   0: 0x00000000800043c2 (0xd2188e53) fcvt.d.wu ft8, a7
core   0: 1 0x00000000800043c2 (0xd2188e53) f28 0x3ff0000000000000
core   0: 0x00000000800043c6 (0x00187693) andi    a3, a6, 1
core   0: 1 0x00000000800043c6 (0x00187693) x13 0x0000000000000001
core   0: 0x00000000800043ca (0xa2f022d3) feq.d   t0, ft0, fa5
core   0: 1 0x00000000800043ca (0xa2f022d3) x5  0x0000000000000000
core   0: 0x00000000800043ce (0x4004d7bb) sraw    a5, s1, zero
core   0: 1 0x00000000800043ce (0x4004d7bb) x15 0x00000000000008f3
core   0: 0x00000000800043d2 (0x5a077c53) fsqrt.d fs8, fa4
core   0: 1 0x00000000800043d2 (0x5a077c53) f24 0x7ff8000000000000
core   0: 0x00000000800043d6 (0x03def3bb) remuw   t2, t4, t4
core   0: 1 0x00000000800043d6 (0x03def3bb) x7  0x0000000000000000
core   0: 0x00000000800043da (0x1046a673) csrrs   a2, sie, a3
core   0: 1 0x00000000800043da (0x1046a673) x12 0x0000000000000000 c772_mie 0x0000000000000a00
core   0: 0x00000000800043de (0x0228083b) mulw    a6, a6, sp
core   0: 1 0x00000000800043de (0x0228083b) x16 0x000000003dfcdecd
core   0: 0x00000000800043e2 (0xc34efe93) andi    t4, t4, -972
core   0: 1 0x00000000800043e2 (0xc34efe93) x29 0xffffffff3fb5d404
core   0: 0x00000000800043e6 (0xd226f1d3) fcvt.d.l ft3, a3
core   0: 1 0x00000000800043e6 (0xd226f1d3) f3  0x3ff0000000000000
core   0: 0x00000000800043ea (0x2bad0853) fmin.d  fa6, fs10, fs10
core   0: 1 0x00000000800043ea (0x2bad0853) f16 0x0000000000000000
core   0: 0x00000000800043ee (0xd21e8853) fcvt.d.wu fa6, t4
core   0: 1 0x00000000800043ee (0xd21e8853) f16 0x41cfdaea02000000
core   0: 0x00000000800043f2 (0xc03874d3) fcvt.lu.s s1, fa6
core   0: 1 0x00000000800043f2 (0xc03874d3) c1_fflags 0x0000000000000011 x9  0xffffffffffffffff
core   0: 0x00000000800043f6 (0x0138f8b3) and     a7, a7, s3
core   0: 1 0x00000000800043f6 (0x0138f8b3) x17 0x0000000000000001
core   0: 0x00000000800043fa (0xd225fa53) fcvt.d.l fs4, a1
core   0: 1 0x00000000800043fa (0xd225fa53) f20 0x4030000000000000
core   0: 0x00000000800043fe (0x011b9c33) sll     s8, s7, a7
core   0: 1 0x00000000800043fe (0x011b9c33) x24 0x0000000000000000
core   0: 0x0000000080004402 (0xc21a7453) fcvt.wu.d s0, fs4
core   0: 1 0x0000000080004402 (0xc21a7453) x8  0x0000000000000010
core   0: 0x0000000080004406 (0x23ef0653) fsgnj.d fa2, ft10, ft10
core   0: 1 0x0000000080004406 (0x23ef0653) f12 0x7ff8000000000000
core   0: 0x000000008000440a (0x01297333) and     t1, s2, s2
core   0: 1 0x000000008000440a (0x01297333) x6  0xffffffffbffc5521
core   0: 0x000000008000440e (0x2327f7cf) fnmadd.d fa5, fa5, fs2, ft4
core   0: 1 0x000000008000440e (0x2327f7cf) f15 0x7ff8000000000000
core   0: 0x0000000080004412 (0x12fe7e53) fmul.d  ft8, ft8, fa5
core   0: 1 0x0000000080004412 (0x12fe7e53) f28 0x7ff8000000000000
core   0: 0x0000000080004416 (0x1a8fffd3) fdiv.d  ft11, ft11, fs0
core   0: 1 0x0000000080004416 (0x1a8fffd3) f31 0x7ff8000000000000
core   0: 0x000000008000441a (0x0143973b) sllw    a4, t2, s4
core   0: 1 0x000000008000441a (0x0143973b) x14 0x0000000000000000
core   0: 0x000000008000441e (0xd233f9d3) fcvt.d.lu fs3, t2
core   0: 1 0x000000008000441e (0xd233f9d3) f19 0x0000000000000000
core   0: 0x0000000080004422 (0xcbf6f6cf) fnmadd.d fa3, fa3, ft11, fs9
core   0: 1 0x0000000080004422 (0xcbf6f6cf) f13 0x7ff8000000000000
core   0: 0x0000000080004426 (0xd8c34c13) xori    s8, t1, -628
core   0: 1 0x0000000080004426 (0xd8c34c13) x24 0x000000004003a8ad
core   0: 0x000000008000442a (0x005e0d33) add     s10, t3, t0
core   0: 1 0x000000008000442a (0x005e0d33) x26 0x000000000000021e
core   0: 0x000000008000442e (0x80038e1b) addiw   t3, t2, -2048
core   0: 1 0x000000008000442e (0x80038e1b) x28 0xfffffffffffff800
core   0: 0x0000000080004432 (0x02047043) fmadd.d ft0, fs0, ft0, ft0
core   0: 1 0x0000000080004432 (0x02047043) f0  0x7ff8000000000000
core   0: 0x0000000080004436 (0x0269f6b3) remu    a3, s3, t1
core   0: 1 0x0000000080004436 (0x0269f6b3) x13 0x000000004003aade
core   0: 0x000000008000443a (0xc026fad3) fcvt.l.s s5, fa3
core   0: 1 0x000000008000443a (0xc026fad3) c1_fflags 0x0000000000000011 x21 0x7fffffffffffffff
core   0: 0x000000008000443e (0x00fa5d9b) srliw   s11, s4, 15
core   0: 1 0x000000008000443e (0x00fa5d9b) x27 0x0000000000000000
core   0: 0x0000000080004442 (0x222710d3) fsgnjn.d ft1, fa4, ft2
core   0: 1 0x0000000080004442 (0x222710d3) f1  0xfff8000000000000
core   0: 0x0000000080004446 (0x41338133) sub     sp, t2, s3
core   0: 1 0x0000000080004446 (0x41338133) x2  0x0000000000000001
core   0: 0x000000008000444a (0x4009509b) sraiw   ra, s2, 0
core   0: 1 0x000000008000444a (0x4009509b) x1  0xffffffffbffc5521
core   0: 0x000000008000444e (0x412e513b) sraw    sp, t3, s2
core   0: 1 0x000000008000444e (0x412e513b) x2  0xfffffffffffffc00
core   0: 0x0000000080004452 (0x1a007a53) fdiv.d  fs4, ft0, ft0
core   0: 1 0x0000000080004452 (0x1a007a53) f20 0x7ff8000000000000
core   0: 0x0000000080004456 (0x00c708b3) add     a7, a4, a2
core   0: 1 0x0000000080004456 (0x00c708b3) x17 0x0000000000000000
core   0: 0x000000008000445a (0x036484bb) mulw    s1, s1, s6
core   0: 1 0x000000008000445a (0x036484bb) x9  0x0000000000000000
core   0: 0x000000008000445e (0xb82b5d73) csrrwi  s10, minstreth, 22
core   0: exception trap_illegal_instruction, epc 0x000000008000445e
core   0:           tval 0x00000000b82b5d73
core   0: >>>>  $xrv64i2p1_m2p0_a2p1_f2p2_d2p2_zicsr2p0_zifencei2p0_zmmul1p0_zba1p0_zbb1p0_zbc1p0_zbs1p0
core   0: 0x0000000080004000 (0x0080006f) j       pc + 0x8
core   0: 3 0x0000000080004000 (0x0080006f)
core   0: >>>>  mmode_exception_handler
core   0: 0x0000000080004008 (0x00002c17) auipc   s8, 0x2
core   0: 3 0x0000000080004008 (0x00002c17) x24 0x0000000080006008
core   0: 0x000000008000400c (0x094c0c13) addi    s8, s8, 148
core   0: 3 0x000000008000400c (0x094c0c13) x24 0x000000008000609c
core   0: 0x0000000080004010 (0x000c00e7) jalr    s8
core   0: 3 0x0000000080004010 (0x000c00e7) x1  0x0000000080004014
core   0: >>>>  any_handler
core   0: 0x000000008000609c (0x341027f3) csrrs   a5, mepc, zero
core   0: 3 0x000000008000609c (0x341027f3) x15 0x000000008000445e
core   0: 0x00000000800060a0 (0x34202773) csrrs   a4, mcause, zero
core   0: 3 0x00000000800060a0 (0x34202773) x14 0x0000000000000002
core   0: 0x00000000800060a4 (0x142026f3) csrrs   a3, scause, zero
core   0: 3 0x00000000800060a4 (0x142026f3) x13 0x0000000000000000
core   0: 0x00000000800060a8 (0x30402673) csrrs   a2, mie, zero
core   0: 3 0x00000000800060a8 (0x30402673) x12 0x0000000000000a00
core   0: 0x00000000800060ac (0x344025f3) csrrs   a1, mip, zero
core   0: 3 0x00000000800060ac (0x344025f3) x11 0x0000000000000080
core   0: 0x00000000800060b0 (0x343025f3) csrrs   a1, mtval, zero
core   0: 3 0x00000000800060b0 (0x343025f3) x11 0x00000000b82b5d73
core   0: 0x00000000800060b4 (0x14302573) csrrs   a0, stval, zero
core   0: 3 0x00000000800060b4 (0x14302573) x10 0x0000000000000000
core   0: 0x00000000800060b8 (0xb02024f3) csrrs   s1, minstret, zero
core   0: 3 0x00000000800060b8 (0xb02024f3) x9  0x0000000000000955
core   0: 0x00000000800060bc (0x0000a811) c.j     pc + 20
core   0: 3 0x00000000800060bc (0xa811)
core   0: >>>>  mepc_4
core   0: 0x00000000800060d0 (0x00000791) c.addi  a5, 4
core   0: 3 0x00000000800060d0 (0x0791) x15 0x0000000080004462
core   0: 0x00000000800060d2 (0x34179073) csrrw   zero, mepc, a5
core   0: 3 0x00000000800060d2 (0x34179073) c833_mepc 0x0000000080004462
core   0: 0x00000000800060d6 (0x30200073) mret
core   0: 3 0x00000000800060d6 (0x30200073) c768_mstatus 0x8000000a00106080
core   0: 0x0000000080004462 (0x134ef4d3) fmul.d  fs1, ft9, fs4
core   0: 1 0x0000000080004462 (0x134ef4d3) f9  0x7ff8000000000000
core   0: 0x0000000080004466 (0x239c80d3) fsgnj.d ft1, fs9, fs9
core   0: 1 0x0000000080004466 (0x239c80d3) f1  0x0000000000000030
core   0: 0x000000008000446a (0x419cdebb) sraw    t4, s9, s9
core   0: 1 0x000000008000446a (0x419cdebb) x29 0xffffffffffffffff
core   0: 0x000000008000446e (0x23e72253) fsgnjx.d ft4, fa4, ft10
core   0: 1 0x000000008000446e (0x23e72253) f4  0x7ff8000000000000
core   0: 0x0000000080004472 (0x29797413) andi    s0, s2, 663
core   0: 1 0x0000000080004472 (0x29797413) x8  0x0000000000000001
core   0: 0x0000000080004476 (0xc0507873) csrrci  a6, hpmcounter5, 0
core   0: exception trap_illegal_instruction, epc 0x0000000080004476
core   0:           tval 0x00000000c0507873
core   0: >>>>  $xrv64i2p1_m2p0_a2p1_f2p2_d2p2_zicsr2p0_zifencei2p0_zmmul1p0_zba1p0_zbb1p0_zbc1p0_zbs1p0
core   0: 0x0000000080004000 (0x0080006f) j       pc + 0x8
core   0: 3 0x0000000080004000 (0x0080006f)
core   0: >>>>  mmode_exception_handler
core   0: 0x0000000080004008 (0x00002c17) auipc   s8, 0x2
core   0: 3 0x0000000080004008 (0x00002c17) x24 0x0000000080006008
core   0: 0x000000008000400c (0x094c0c13) addi    s8, s8, 148
core   0: 3 0x000000008000400c (0x094c0c13) x24 0x000000008000609c
core   0: 0x0000000080004010 (0x000c00e7) jalr    s8
core   0: 3 0x0000000080004010 (0x000c00e7) x1  0x0000000080004014
core   0: >>>>  any_handler
core   0: 0x000000008000609c (0x341027f3) csrrs   a5, mepc, zero
core   0: 3 0x000000008000609c (0x341027f3) x15 0x0000000080004476
core   0: 0x00000000800060a0 (0x34202773) csrrs   a4, mcause, zero
core   0: 3 0x00000000800060a0 (0x34202773) x14 0x0000000000000002
core   0: 0x00000000800060a4 (0x142026f3) csrrs   a3, scause, zero
core   0: 3 0x00000000800060a4 (0x142026f3) x13 0x0000000000000000
core   0: 0x00000000800060a8 (0x30402673) csrrs   a2, mie, zero
core   0: 3 0x00000000800060a8 (0x30402673) x12 0x0000000000000a00
core   0: 0x00000000800060ac (0x344025f3) csrrs   a1, mip, zero
core   0: 3 0x00000000800060ac (0x344025f3) x11 0x0000000000000080
core   0: 0x00000000800060b0 (0x343025f3) csrrs   a1, mtval, zero
core   0: 3 0x00000000800060b0 (0x343025f3) x11 0x00000000c0507873
core   0: 0x00000000800060b4 (0x14302573) csrrs   a0, stval, zero
core   0: 3 0x00000000800060b4 (0x14302573) x10 0x0000000000000000
core   0: 0x00000000800060b8 (0xb02024f3) csrrs   s1, minstret, zero
core   0: 3 0x00000000800060b8 (0xb02024f3) x9  0x000000000000096a
core   0: 0x00000000800060bc (0x0000a811) c.j     pc + 20
core   0: 3 0x00000000800060bc (0xa811)
core   0: >>>>  mepc_4
core   0: 0x00000000800060d0 (0x00000791) c.addi  a5, 4
core   0: 3 0x00000000800060d0 (0x0791) x15 0x000000008000447a
core   0: 0x00000000800060d2 (0x34179073) csrrw   zero, mepc, a5
core   0: 3 0x00000000800060d2 (0x34179073) c833_mepc 0x000000008000447a
core   0: 0x00000000800060d6 (0x30200073) mret
core   0: 3 0x00000000800060d6 (0x30200073) c768_mstatus 0x8000000a00106080
core   0: 0x000000008000447a (0x23462a53) fsgnjx.d fs4, fa2, fs4
core   0: 1 0x000000008000447a (0x23462a53) f20 0x7ff8000000000000
core   0: 0x000000008000447e (0x3b75f3c7) fmsub.d ft7, fa1, fs7, ft7
core   0: 1 0x000000008000447e (0x3b75f3c7) f7  0x7ff8000000000000
core   0: 0x0000000080004482 (0x01f2989b) slliw   a7, t0, 31
core   0: 1 0x0000000080004482 (0x01f2989b) x17 0x0000000000000000
core   0: 0x0000000080004486 (0x0283fabb) remuw   s5, t2, s0
core   0: 1 0x0000000080004486 (0x0283fabb) x21 0x0000000000000000
core   0: 0x000000008000448a (0x4032509b) sraiw   ra, tp, 3
core   0: 1 0x000000008000448a (0x4032509b) x1  0x0000000000000c00
core   0: 0x000000008000448e (0x03ecfc53) fadd.d  fs8, fs9, ft10
core   0: 1 0x000000008000448e (0x03ecfc53) f24 0x7ff8000000000000
core   0: 0x0000000080004492 (0x0045589b) srliw   a7, a0, 4
core   0: 1 0x0000000080004492 (0x0045589b) x17 0x0000000000000000
core   0: 0x0000000080004496 (0xd22a7753) fcvt.d.l fa4, s4
core   0: 1 0x0000000080004496 (0xd22a7753) f14 0x0000000000000000
core   0: 0x000000008000449a (0x031d803b) mulw    zero, s11, a7
core   0: 1 0x000000008000449a (0x031d803b)
core   0: 0x000000008000449e (0x4009d793) srai    a5, s3, 0
core   0: 1 0x000000008000449e (0x4009d793) x15 0xffffffffffffffff
core   0: 0x00000000800044a2 (0x0003511b) srliw   sp, t1, 0
core   0: 1 0x00000000800044a2 (0x0003511b) x2  0xffffffffbffc5521
core   0: 0x00000000800044a6 (0x31a073f3) csrrci  t2, menvcfgh, 0
core   0: exception trap_illegal_instruction, epc 0x00000000800044a6
core   0:           tval 0x0000000031a073f3
core   0: >>>>  $xrv64i2p1_m2p0_a2p1_f2p2_d2p2_zicsr2p0_zifencei2p0_zmmul1p0_zba1p0_zbb1p0_zbc1p0_zbs1p0
core   0: 0x0000000080004000 (0x0080006f) j       pc + 0x8
core   0: 3 0x0000000080004000 (0x0080006f)
core   0: >>>>  mmode_exception_handler
core   0: 0x0000000080004008 (0x00002c17) auipc   s8, 0x2
core   0: 3 0x0000000080004008 (0x00002c17) x24 0x0000000080006008
core   0: 0x000000008000400c (0x094c0c13) addi    s8, s8, 148
core   0: 3 0x000000008000400c (0x094c0c13) x24 0x000000008000609c
core   0: 0x0000000080004010 (0x000c00e7) jalr    s8
core   0: 3 0x0000000080004010 (0x000c00e7) x1  0x0000000080004014
core   0: >>>>  any_handler
core   0: 0x000000008000609c (0x341027f3) csrrs   a5, mepc, zero
core   0: 3 0x000000008000609c (0x341027f3) x15 0x00000000800044a6
core   0: 0x00000000800060a0 (0x34202773) csrrs   a4, mcause, zero
core   0: 3 0x00000000800060a0 (0x34202773) x14 0x0000000000000002
core   0: 0x00000000800060a4 (0x142026f3) csrrs   a3, scause, zero
core   0: 3 0x00000000800060a4 (0x142026f3) x13 0x0000000000000000
core   0: 0x00000000800060a8 (0x30402673) csrrs   a2, mie, zero
core   0: 3 0x00000000800060a8 (0x30402673) x12 0x0000000000000a00
core   0: 0x00000000800060ac (0x344025f3) csrrs   a1, mip, zero
core   0: 3 0x00000000800060ac (0x344025f3) x11 0x0000000000000080
core   0: 0x00000000800060b0 (0x343025f3) csrrs   a1, mtval, zero
core   0: 3 0x00000000800060b0 (0x343025f3) x11 0x0000000031a073f3
core   0: 0x00000000800060b4 (0x14302573) csrrs   a0, stval, zero
core   0: 3 0x00000000800060b4 (0x14302573) x10 0x0000000000000000
core   0: 0x00000000800060b8 (0xb02024f3) csrrs   s1, minstret, zero
core   0: 3 0x00000000800060b8 (0xb02024f3) x9  0x0000000000000985
core   0: 0x00000000800060bc (0x0000a811) c.j     pc + 20
core   0: 3 0x00000000800060bc (0xa811)
core   0: >>>>  mepc_4
core   0: 0x00000000800060d0 (0x00000791) c.addi  a5, 4
core   0: 3 0x00000000800060d0 (0x0791) x15 0x00000000800044aa
core   0: 0x00000000800060d2 (0x34179073) csrrw   zero, mepc, a5
core   0: 3 0x00000000800060d2 (0x34179073) c833_mepc 0x00000000800044aa
core   0: 0x00000000800060d6 (0x30200073) mret
core   0: 3 0x00000000800060d6 (0x30200073) c768_mstatus 0x8000000a00106080
core   0: 0x00000000800044aa (0x23c72e53) fsgnjx.d ft8, fa4, ft8
core   0: 1 0x00000000800044aa (0x23c72e53) f28 0x0000000000000000
core   0: 0x00000000800044ae (0x40085813) srai    a6, a6, 0
core   0: 1 0x00000000800044ae (0x40085813) x16 0x000000003dfcdecd
core   0: 0x00000000800044b2 (0xd02a7853) fcvt.s.l fa6, s4
core   0: 1 0x00000000800044b2 (0xd02a7853) f16 0xffffffff00000000
core   0: 0x00000000800044b6 (0x0ba2f253) fsub.d  ft4, ft5, fs10
core   0: 1 0x00000000800044b6 (0x0ba2f253) f4  0x7ff8000000000000
core   0: 0x00000000800044ba (0x0ff0000f) fence   iorw,iorw
core   0: 1 0x00000000800044ba (0x0ff0000f)
core   0: 0x00000000800044be (0x000787bb) addw    a5, a5, zero
core   0: 1 0x00000000800044be (0x000787bb) x15 0xffffffff800044aa
core   0: 0x00000000800044c2 (0x01271733) sll     a4, a4, s2
core   0: 1 0x00000000800044c2 (0x01271733) x14 0x0000000400000000
core   0: 0x00000000800044c6 (0xb8858617) auipc   a2, 0xb8858
core   0: 1 0x00000000800044c6 (0xb8858617) x12 0x000000003885c4c6
core   0: 0x00000000800044ca (0x0ff0000f) fence   iorw,iorw
core   0: 1 0x00000000800044ca (0x0ff0000f)
core   0: 0x00000000800044ce (0x067ce4b7) lui     s1, 0x67ce
core   0: 1 0x00000000800044ce (0x067ce4b7) x9  0x00000000067ce000
core   0: 0x00000000800044d2 (0x77b4849b) addiw   s1, s1, 1915
core   0: 1 0x00000000800044d2 (0x77b4849b) x9  0x00000000067ce77b
core   0: 0x00000000800044d6 (0x000004b2) c.slli  s1, 12
core   0: 1 0x00000000800044d6 (0x04b2) x9  0x00000067ce77b000
core   0: 0x00000000800044d8 (0x71d48493) addi    s1, s1, 1821
core   0: 1 0x00000000800044d8 (0x71d48493) x9  0x00000067ce77b71d
core   0: 0x00000000800044dc (0x00955c33) srl     s8, a0, s1
core   0: 1 0x00000000800044dc (0x00955c33) x24 0x0000000000000000
core   0: 0x00000000800044e0 (0x40ac58b3) sra     a7, s8, a0
core   0: 1 0x00000000800044e0 (0x40ac58b3) x17 0x0000000000000000
core   0: 0x00000000800044e4 (0x0338e433) rem     s0, a7, s3
core   0: 1 0x00000000800044e4 (0x0338e433) x8  0x0000000000000000
core   0: 0x00000000800044e8 (0xcb3a764f) fnmadd.d fa2, fs4, fs3, fs9
core   0: 1 0x00000000800044e8 (0xcb3a764f) f12 0x7ff8000000000000
core   0: 0x00000000800044ec (0x0088dd3b) srlw    s10, a7, s0
core   0: 1 0x00000000800044ec (0x0088dd3b) x26 0x0000000000000000
core   0: 0x00000000800044f0 (0xd22479d3) fcvt.d.l fs3, s0
core   0: 1 0x00000000800044f0 (0xd22479d3) f19 0x0000000000000000
core   0: 0x00000000800044f4 (0x00000001) c.nop
core   0: 1 0x00000000800044f4 (0x0001)
core   0: 0x00000000800044f6 (0x011a03bb) addw    t2, s4, a7
core   0: 1 0x00000000800044f6 (0x011a03bb) x7  0x0000000000000000
core   0: 0x00000000800044fa (0x0052e033) or      zero, t0, t0
core   0: 1 0x00000000800044fa (0x0052e033)
core   0: 0x00000000800044fe (0x1f320993) addi    s3, tp, 499
core   0: 1 0x00000000800044fe (0x1f320993) x19 0x80000002000061f3
core   0: 0x0000000080004502 (0x0077c3b3) xor     t2, a5, t2
core   0: 1 0x0000000080004502 (0x0077c3b3) x7  0xffffffff800044aa
core   0: 0x0000000080004506 (0x7b062673) csrrs   a2, dcsr, a2
core   0: exception trap_illegal_instruction, epc 0x0000000080004506
core   0:           tval 0x000000007b062673
core   0: >>>>  $xrv64i2p1_m2p0_a2p1_f2p2_d2p2_zicsr2p0_zifencei2p0_zmmul1p0_zba1p0_zbb1p0_zbc1p0_zbs1p0
core   0: 0x0000000080004000 (0x0080006f) j       pc + 0x8
core   0: 3 0x0000000080004000 (0x0080006f)
core   0: >>>>  mmode_exception_handler
core   0: 0x0000000080004008 (0x00002c17) auipc   s8, 0x2
core   0: 3 0x0000000080004008 (0x00002c17) x24 0x0000000080006008
core   0: 0x000000008000400c (0x094c0c13) addi    s8, s8, 148
core   0: 3 0x000000008000400c (0x094c0c13) x24 0x000000008000609c
core   0: 0x0000000080004010 (0x000c00e7) jalr    s8
core   0: 3 0x0000000080004010 (0x000c00e7) x1  0x0000000080004014
core   0: >>>>  any_handler
core   0: 0x000000008000609c (0x341027f3) csrrs   a5, mepc, zero
core   0: 3 0x000000008000609c (0x341027f3) x15 0x0000000080004506
core   0: 0x00000000800060a0 (0x34202773) csrrs   a4, mcause, zero
core   0: 3 0x00000000800060a0 (0x34202773) x14 0x0000000000000002
core   0: 0x00000000800060a4 (0x142026f3) csrrs   a3, scause, zero
core   0: 3 0x00000000800060a4 (0x142026f3) x13 0x0000000000000000
core   0: 0x00000000800060a8 (0x30402673) csrrs   a2, mie, zero
core   0: 3 0x00000000800060a8 (0x30402673) x12 0x0000000000000a00
core   0: 0x00000000800060ac (0x344025f3) csrrs   a1, mip, zero
core   0: 3 0x00000000800060ac (0x344025f3) x11 0x0000000000000080
core   0: 0x00000000800060b0 (0x343025f3) csrrs   a1, mtval, zero
core   0: 3 0x00000000800060b0 (0x343025f3) x11 0x000000007b062673
core   0: 0x00000000800060b4 (0x14302573) csrrs   a0, stval, zero
core   0: 3 0x00000000800060b4 (0x14302573) x10 0x0000000000000000
core   0: 0x00000000800060b8 (0xb02024f3) csrrs   s1, minstret, zero
core   0: 3 0x00000000800060b8 (0xb02024f3) x9  0x00000000000009ad
core   0: 0x00000000800060bc (0x0000a811) c.j     pc + 20
core   0: 3 0x00000000800060bc (0xa811)
core   0: >>>>  mepc_4
core   0: 0x00000000800060d0 (0x00000791) c.addi  a5, 4
core   0: 3 0x00000000800060d0 (0x0791) x15 0x000000008000450a
core   0: 0x00000000800060d2 (0x34179073) csrrw   zero, mepc, a5
core   0: 3 0x00000000800060d2 (0x34179073) c833_mepc 0x000000008000450a
core   0: 0x00000000800060d6 (0x30200073) mret
core   0: 3 0x00000000800060d6 (0x30200073) c768_mstatus 0x8000000a00106080
core   0: 0x000000008000450a (0x0ff0000f) fence   iorw,iorw
core   0: 1 0x000000008000450a (0x0ff0000f)
core   0: 0x000000008000450e (0x032606bb) mulw    a3, a2, s2
core   0: 1 0x000000008000450e (0x032606bb) x13 0xffffffffdb534a00
core   0: 0x0000000080004512 (0xb0266173) csrrsi  sp, minstret, 12
core   0: exception trap_illegal_instruction, epc 0x0000000080004512
core   0:           tval 0x00000000b0266173
core   0: >>>>  $xrv64i2p1_m2p0_a2p1_f2p2_d2p2_zicsr2p0_zifencei2p0_zmmul1p0_zba1p0_zbb1p0_zbc1p0_zbs1p0
core   0: 0x0000000080004000 (0x0080006f) j       pc + 0x8
core   0: 3 0x0000000080004000 (0x0080006f)
core   0: >>>>  mmode_exception_handler
core   0: 0x0000000080004008 (0x00002c17) auipc   s8, 0x2
core   0: 3 0x0000000080004008 (0x00002c17) x24 0x0000000080006008
core   0: 0x000000008000400c (0x094c0c13) addi    s8, s8, 148
core   0: 3 0x000000008000400c (0x094c0c13) x24 0x000000008000609c
core   0: 0x0000000080004010 (0x000c00e7) jalr    s8
core   0: 3 0x0000000080004010 (0x000c00e7) x1  0x0000000080004014
core   0: >>>>  any_handler
core   0: 0x000000008000609c (0x341027f3) csrrs   a5, mepc, zero
core   0: 3 0x000000008000609c (0x341027f3) x15 0x0000000080004512
core   0: 0x00000000800060a0 (0x34202773) csrrs   a4, mcause, zero
core   0: 3 0x00000000800060a0 (0x34202773) x14 0x0000000000000002
core   0: 0x00000000800060a4 (0x142026f3) csrrs   a3, scause, zero
core   0: 3 0x00000000800060a4 (0x142026f3) x13 0x0000000000000000
core   0: 0x00000000800060a8 (0x30402673) csrrs   a2, mie, zero
core   0: 3 0x00000000800060a8 (0x30402673) x12 0x0000000000000a00
core   0: 0x00000000800060ac (0x344025f3) csrrs   a1, mip, zero
core   0: 3 0x00000000800060ac (0x344025f3) x11 0x0000000000000080
core   0: 0x00000000800060b0 (0x343025f3) csrrs   a1, mtval, zero
core   0: 3 0x00000000800060b0 (0x343025f3) x11 0x00000000b0266173
core   0: 0x00000000800060b4 (0x14302573) csrrs   a0, stval, zero
core   0: 3 0x00000000800060b4 (0x14302573) x10 0x0000000000000000
core   0: 0x00000000800060b8 (0xb02024f3) csrrs   s1, minstret, zero
core   0: 3 0x00000000800060b8 (0xb02024f3) x9  0x00000000000009bf
core   0: 0x00000000800060bc (0x0000a811) c.j     pc + 20
core   0: 3 0x00000000800060bc (0xa811)
core   0: >>>>  mepc_4
core   0: 0x00000000800060d0 (0x00000791) c.addi  a5, 4
core   0: 3 0x00000000800060d0 (0x0791) x15 0x0000000080004516
core   0: 0x00000000800060d2 (0x34179073) csrrw   zero, mepc, a5
core   0: 3 0x00000000800060d2 (0x34179073) c833_mepc 0x0000000080004516
core   0: 0x00000000800060d6 (0x30200073) mret
core   0: 3 0x00000000800060d6 (0x30200073) c768_mstatus 0x8000000a00106080
core   0: 0x0000000080004516 (0x00e29733) sll     a4, t0, a4
core   0: 1 0x0000000080004516 (0x00e29733) x14 0x0000000000000000
core   0: 0x000000008000451a (0xf12a72f3) csrrci  t0, marchid, 20
core   0: exception trap_illegal_instruction, epc 0x000000008000451a
core   0:           tval 0x00000000f12a72f3
core   0: >>>>  $xrv64i2p1_m2p0_a2p1_f2p2_d2p2_zicsr2p0_zifencei2p0_zmmul1p0_zba1p0_zbb1p0_zbc1p0_zbs1p0
core   0: 0x0000000080004000 (0x0080006f) j       pc + 0x8
core   0: 3 0x0000000080004000 (0x0080006f)
core   0: >>>>  mmode_exception_handler
core   0: 0x0000000080004008 (0x00002c17) auipc   s8, 0x2
core   0: 3 0x0000000080004008 (0x00002c17) x24 0x0000000080006008
core   0: 0x000000008000400c (0x094c0c13) addi    s8, s8, 148
core   0: 3 0x000000008000400c (0x094c0c13) x24 0x000000008000609c
core   0: 0x0000000080004010 (0x000c00e7) jalr    s8
core   0: 3 0x0000000080004010 (0x000c00e7) x1  0x0000000080004014
core   0: >>>>  any_handler
core   0: 0x000000008000609c (0x341027f3) csrrs   a5, mepc, zero
core   0: 3 0x000000008000609c (0x341027f3) x15 0x000000008000451a
core   0: 0x00000000800060a0 (0x34202773) csrrs   a4, mcause, zero
core   0: 3 0x00000000800060a0 (0x34202773) x14 0x0000000000000002
core   0: 0x00000000800060a4 (0x142026f3) csrrs   a3, scause, zero
core   0: 3 0x00000000800060a4 (0x142026f3) x13 0x0000000000000000
core   0: 0x00000000800060a8 (0x30402673) csrrs   a2, mie, zero
core   0: 3 0x00000000800060a8 (0x30402673) x12 0x0000000000000a00
core   0: 0x00000000800060ac (0x344025f3) csrrs   a1, mip, zero
core   0: 3 0x00000000800060ac (0x344025f3) x11 0x0000000000000080
core   0: 0x00000000800060b0 (0x343025f3) csrrs   a1, mtval, zero
core   0: 3 0x00000000800060b0 (0x343025f3) x11 0x00000000f12a72f3
core   0: 0x00000000800060b4 (0x14302573) csrrs   a0, stval, zero
core   0: 3 0x00000000800060b4 (0x14302573) x10 0x0000000000000000
core   0: 0x00000000800060b8 (0xb02024f3) csrrs   s1, minstret, zero
core   0: 3 0x00000000800060b8 (0xb02024f3) x9  0x00000000000009d0
core   0: 0x00000000800060bc (0x0000a811) c.j     pc + 20
core   0: 3 0x00000000800060bc (0xa811)
core   0: >>>>  mepc_4
core   0: 0x00000000800060d0 (0x00000791) c.addi  a5, 4
core   0: 3 0x00000000800060d0 (0x0791) x15 0x000000008000451e
core   0: 0x00000000800060d2 (0x34179073) csrrw   zero, mepc, a5
core   0: 3 0x00000000800060d2 (0x34179073) c833_mepc 0x000000008000451e
core   0: 0x00000000800060d6 (0x30200073) mret
core   0: 3 0x00000000800060d6 (0x30200073) c768_mstatus 0x8000000a00106080
core   0: 0x000000008000451e (0x406cd633) sra     a2, s9, t1
core   0: 1 0x000000008000451e (0x406cd633) x12 0xffffffffffffffff
core   0: 0x0000000080004522 (0xc03b7453) fcvt.lu.s s0, fs6
core   0: 1 0x0000000080004522 (0xc03b7453) x8  0x0000000000000000
core   0: 0x0000000080004526 (0xf2020c53) fmv.d.x fs8, tp
core   0: 1 0x0000000080004526 (0xf2020c53) f24 0x8000000200006000
core   0: 0x000000008000452a (0x2b4c1453) fmax.d  fs0, fs8, fs4
core   0: 1 0x000000008000452a (0x2b4c1453) f8  0x8000000200006000
core   0: 0x000000008000452e (0x00dd0cb3) add     s9, s10, a3
core   0: 1 0x000000008000452e (0x00dd0cb3) x25 0x0000000000000000
core   0: 0x0000000080004532 (0xc21a70d3) fcvt.wu.d ra, fs4
core   0: 1 0x0000000080004532 (0xc21a70d3) c1_fflags 0x0000000000000011 x1  0xffffffffffffffff
core   0: 0x0000000080004536 (0xc2297c53) fcvt.l.d s8, fs2
core   0: 1 0x0000000080004536 (0xc2297c53) x24 0x000000008000609c
core   0: 0x000000008000453a (0x0068db33) srl     s6, a7, t1
core   0: 1 0x000000008000453a (0x0068db33) x22 0x0000000000000000
core   0: 0x000000008000453e (0xd03c7fd3) fcvt.s.lu ft11, s8
core   0: 1 0x000000008000453e (0xd03c7fd3) c1_fflags 0x0000000000000011 f31 0xffffffff4f000061
core   0: 0x0000000080004542 (0x01848db3) add     s11, s1, s8
core   0: 1 0x0000000080004542 (0x01848db3) x27 0x0000000080006a6c
core   0: 0x0000000080004546 (0x00000001) c.nop
core   0: 1 0x0000000080004546 (0x0001)
core   0: 0x0000000080004548 (0x034c7b53) fadd.d  fs6, fs8, fs4
core   0: 1 0x0000000080004548 (0x034c7b53) f22 0x7ff8000000000000
core   0: 0x000000008000454c (0xc25c8093) addi    ra, s9, -987
core   0: 1 0x000000008000454c (0xc25c8093) x1  0xfffffffffffffc25
core   0: 0x0000000080004550 (0xd224fc53) fcvt.d.l fs8, s1
core   0: 1 0x0000000080004550 (0xd224fc53) f24 0x40a3a00000000000
core   0: 0x0000000080004554 (0x00102673) csrrs   a2, fflags, zero
core   0: 1 0x0000000080004554 (0x00102673) x12 0x0000000000000011
core   0: 0x0000000080004558 (0x00e66ab3) or      s5, a2, a4
core   0: 1 0x0000000080004558 (0x00e66ab3) x21 0x0000000000000013
core   0: 0x000000008000455c (0x40075b1b) sraiw   s6, a4, 0
core   0: 1 0x000000008000455c (0x40075b1b) x22 0x0000000000000002
core   0: 0x0000000080004560 (0x129df4cf) fnmadd.d fs1, fs11, fs1, ft2
core   0: 1 0x0000000080004560 (0x129df4cf) f9  0x7ff8000000000000
core   0: 0x0000000080004564 (0xf20b0fd3) fmv.d.x ft11, s6
core   0: 1 0x0000000080004564 (0xf20b0fd3) f31 0x0000000000000002
core   0: 0x0000000080004568 (0x00fb2b33) slt     s6, s6, a5
core   0: 1 0x0000000080004568 (0x00fb2b33) x22 0x0000000000000001
core   0: 0x000000008000456c (0x1b1afcd3) fdiv.d  fs9, fs5, fa7
core   0: 1 0x000000008000456c (0x1b1afcd3) f25 0x7ff8000000000000
core   0: 0x0000000080004570 (0x403188b3) sub     a7, gp, gp
core   0: 1 0x0000000080004570 (0x403188b3) x17 0x0000000000000000
core   0: 0x0000000080004574 (0x030cf353) fadd.d  ft6, fs9, fa6
core   0: 1 0x0000000080004574 (0x030cf353) f6  0x7ff8000000000000
core   0: 0x0000000080004578 (0xd02a70d3) fcvt.s.l ft1, s4
core   0: 1 0x0000000080004578 (0xd02a70d3) f1  0xffffffff00000000
core   0: 0x000000008000457c (0x0146ec33) or      s8, a3, s4
core   0: 1 0x000000008000457c (0x0146ec33) x24 0x0000000000000000
core   0: 0x0000000080004580 (0x01896933) or      s2, s2, s8
core   0: 1 0x0000000080004580 (0x01896933) x18 0xffffffffbffc5521
core   0: 0x0000000080004584 (0x01695a3b) srlw    s4, s2, s6
core   0: 1 0x0000000080004584 (0x01695a3b) x20 0x000000005ffe2a90
core   0: 0x0000000080004588 (0xc00deaf3) csrrsi  s5, cycle, 27
core   0: exception trap_illegal_instruction, epc 0x0000000080004588
core   0:           tval 0x00000000c00deaf3
core   0: >>>>  $xrv64i2p1_m2p0_a2p1_f2p2_d2p2_zicsr2p0_zifencei2p0_zmmul1p0_zba1p0_zbb1p0_zbc1p0_zbs1p0
core   0: 0x0000000080004000 (0x0080006f) j       pc + 0x8
core   0: 3 0x0000000080004000 (0x0080006f)
core   0: >>>>  mmode_exception_handler
core   0: 0x0000000080004008 (0x00002c17) auipc   s8, 0x2
core   0: 3 0x0000000080004008 (0x00002c17) x24 0x0000000080006008
core   0: 0x000000008000400c (0x094c0c13) addi    s8, s8, 148
core   0: 3 0x000000008000400c (0x094c0c13) x24 0x000000008000609c
core   0: 0x0000000080004010 (0x000c00e7) jalr    s8
core   0: 3 0x0000000080004010 (0x000c00e7) x1  0x0000000080004014
core   0: >>>>  any_handler
core   0: 0x000000008000609c (0x341027f3) csrrs   a5, mepc, zero
core   0: 3 0x000000008000609c (0x341027f3) x15 0x0000000080004588
core   0: 0x00000000800060a0 (0x34202773) csrrs   a4, mcause, zero
core   0: 3 0x00000000800060a0 (0x34202773) x14 0x0000000000000002
core   0: 0x00000000800060a4 (0x142026f3) csrrs   a3, scause, zero
core   0: 3 0x00000000800060a4 (0x142026f3) x13 0x0000000000000000
core   0: 0x00000000800060a8 (0x30402673) csrrs   a2, mie, zero
core   0: 3 0x00000000800060a8 (0x30402673) x12 0x0000000000000a00
core   0: 0x00000000800060ac (0x344025f3) csrrs   a1, mip, zero
core   0: 3 0x00000000800060ac (0x344025f3) x11 0x0000000000000080
core   0: 0x00000000800060b0 (0x343025f3) csrrs   a1, mtval, zero
core   0: 3 0x00000000800060b0 (0x343025f3) x11 0x00000000c00deaf3
core   0: 0x00000000800060b4 (0x14302573) csrrs   a0, stval, zero
core   0: 3 0x00000000800060b4 (0x14302573) x10 0x0000000000000000
core   0: 0x00000000800060b8 (0xb02024f3) csrrs   s1, minstret, zero
core   0: 3 0x00000000800060b8 (0xb02024f3) x9  0x00000000000009fb
core   0: 0x00000000800060bc (0x0000a811) c.j     pc + 20
core   0: 3 0x00000000800060bc (0xa811)
core   0: >>>>  mepc_4
core   0: 0x00000000800060d0 (0x00000791) c.addi  a5, 4
core   0: 3 0x00000000800060d0 (0x0791) x15 0x000000008000458c
core   0: 0x00000000800060d2 (0x34179073) csrrw   zero, mepc, a5
core   0: 3 0x00000000800060d2 (0x34179073) c833_mepc 0x000000008000458c
core   0: 0x00000000800060d6 (0x30200073) mret
core   0: 3 0x00000000800060d6 (0x30200073) c768_mstatus 0x8000000a00106080
core   0: 0x000000008000458c (0x00aa9b9b) slliw   s7, s5, 10
core   0: 1 0x000000008000458c (0x00aa9b9b) x23 0x0000000000004c00
core   0: 0x0000000080004590 (0xf2078bd3) fmv.d.x fs7, a5
core   0: 1 0x0000000080004590 (0xf2078bd3) f23 0x000000008000458c
core   0: 0x0000000080004594 (0x00000001) c.nop
core   0: 1 0x0000000080004594 (0x0001)
core   0: 0x0000000080004596 (0x0152d4bb) srlw    s1, t0, s5
core   0: 1 0x0000000080004596 (0x0152d4bb) x9  0x0000000000000000
core   0: 0x000000008000459a (0x03a1a6b3) mulhsu  a3, gp, s10
core   0: 1 0x000000008000459a (0x03a1a6b3) x13 0x0000000000000000
core   0: 0x000000008000459e (0xd2168553) fcvt.d.wu fa0, a3
core   0: 1 0x000000008000459e (0xd2168553) f10 0x0000000000000000
core   0: 0x00000000800045a2 (0xe2060453) fmv.x.d s0, fa2
core   0: 1 0x00000000800045a2 (0xe2060453) x8  0x7ff8000000000000
core   0: 0x00000000800045a6 (0xd236f853) fcvt.d.lu fa6, a3
core   0: 1 0x00000000800045a6 (0xd236f853) f16 0x0000000000000000
core   0: 0x00000000800045aa (0x0323f3d3) fadd.d  ft7, ft7, fs2
core   0: 1 0x00000000800045aa (0x0323f3d3) f7  0x7ff8000000000000
core   0: 0x00000000800045ae (0x002b4133) xor     sp, s6, sp
core   0: 1 0x00000000800045ae (0x002b4133) x2  0xffffffffbffc5520
core   0: 0x00000000800045b2 (0x227d0dd3) fsgnj.d fs11, fs10, ft7
core   0: 1 0x00000000800045b2 (0x227d0dd3) f27 0x0000000000000000
core   0: 0x00000000800045b6 (0xd233fbd3) fcvt.d.lu fs7, t2
core   0: 1 0x00000000800045b6 (0xd233fbd3) c1_fflags 0x0000000000000011 f23 0x43effffffff00009
core   0: 0x00000000800045ba (0x40815433) sra     s0, sp, s0
core   0: 1 0x00000000800045ba (0x40815433) x8  0xffffffffbffc5520
core   0: 0x00000000800045be (0x03d86833) rem     a6, a6, t4
core   0: 1 0x00000000800045be (0x03d86833) x16 0x0000000000000000
core   0: 0x00000000800045c2 (0x00249a73) csrrw   s4, frm, s1
core   0: 1 0x00000000800045c2 (0x00249a73) x20 0x0000000000000000 c2_frm 0x0000000000000000
core   0: 0x00000000800045c6 (0x02b145bb) divw    a1, sp, a1
core   0: 1 0x00000000800045c6 (0x02b145bb) x11 0x0000000000000001
core   0: 0x00000000800045ca (0x00ecda1b) srliw   s4, s9, 14
core   0: 1 0x00000000800045ca (0x00ecda1b) x20 0x0000000000000000
core   0: 0x00000000800045ce (0xfe906b13) ori     s6, zero, -23
core   0: 1 0x00000000800045ce (0xfe906b13) x22 0xffffffffffffffe9
core   0: 0x00000000800045d2 (0x036b3ab3) mulhu   s5, s6, s6
core   0: 1 0x00000000800045d2 (0x036b3ab3) x21 0xffffffffffffffd2
core   0: 0x00000000800045d6 (0x1aee7cd3) fdiv.d  fs9, ft8, fa4
core   0: 1 0x00000000800045d6 (0x1aee7cd3) c1_fflags 0x0000000000000011 f25 0x7ff8000000000000
core   0: 0x00000000800045da (0x0ae57f53) fsub.d  ft10, fa0, fa4
core   0: 1 0x00000000800045da (0x0ae57f53) f30 0x0000000000000000
core   0: 0x00000000800045de (0xd69ec717) auipc   a4, 0xd69ec
core   0: 1 0x00000000800045de (0xd69ec717) x14 0x00000000569f05de
core   0: 0x00000000800045e2 (0x0e070b13) addi    s6, a4, 224
core   0: 1 0x00000000800045e2 (0x0e070b13) x22 0x00000000569f06be
core   0: 0x00000000800045e6 (0x0203c433) div     s0, t2, zero
core   0: 1 0x00000000800045e6 (0x0203c433) x8  0xffffffffffffffff
core   0: 0x00000000800045ea (0x400d519b) sraiw   gp, s10, 0
core   0: 1 0x00000000800045ea (0x400d519b) x3  0x0000000000000000
core   0: 0x00000000800045ee (0x133474d3) fmul.d  fs1, fs0, fs3
core   0: 1 0x00000000800045ee (0x133474d3) f9  0x8000000000000000
core   0: 0x00000000800045f2 (0x00000001) c.nop
core   0: 1 0x00000000800045f2 (0x0001)
core   0: 0x00000000800045f4 (0x017183b3) add     t2, gp, s7
core   0: 1 0x00000000800045f4 (0x017183b3) x7  0x0000000000004c00
core   0: 0x00000000800045f8 (0x0040e533) or      a0, ra, tp
core   0: 1 0x00000000800045f8 (0x0040e533) x10 0x8000000280006014
core   0: 0x00000000800045fc (0x02a52333) mulhsu  t1, a0, a0
core   0: 1 0x00000000800045fc (0x02a52333) x6  0xc000000000000006
core   0: 0x0000000080004600 (0x01630b3b) addw    s6, t1, s6
core   0: 1 0x0000000080004600 (0x01630b3b) x22 0x00000000569f06c4
core   0: 0x0000000080004604 (0x00000c86) c.slli  s9, 1
core   0: 1 0x0000000080004604 (0x0c86) x25 0x0000000000000000
core   0: 0x0000000080004606 (0x2a081753) fmax.d  fa4, fa6, ft0
core   0: 1 0x0000000080004606 (0x2a081753) f14 0x0000000000000000
core   0: 0x000000008000460a (0x982ce113) ori     sp, s9, -1662
core   0: 1 0x000000008000460a (0x982ce113) x2  0xfffffffffffff982
core   0: 0x000000008000460e (0xd2217053) fcvt.d.l ft0, sp
core   0: 1 0x000000008000460e (0xd2217053) f0  0xc099f80000000000
core   0: 0x0000000080004612 (0x40420c3b) subw    s8, tp, tp
core   0: 1 0x0000000080004612 (0x40420c3b) x24 0x0000000000000000
core   0: 0x0000000080004616 (0x03fb5813) srli    a6, s6, 63
core   0: 1 0x0000000080004616 (0x03fb5813) x16 0x0000000000000000
core   0: 0x000000008000461a (0xc067f273) csrrci  tp, hpmcounter6, 15
core   0: exception trap_illegal_instruction, epc 0x000000008000461a
core   0:           tval 0x00000000c067f273
core   0: >>>>  $xrv64i2p1_m2p0_a2p1_f2p2_d2p2_zicsr2p0_zifencei2p0_zmmul1p0_zba1p0_zbb1p0_zbc1p0_zbs1p0
core   0: 0x0000000080004000 (0x0080006f) j       pc + 0x8
core   0: 3 0x0000000080004000 (0x0080006f)
core   0: >>>>  mmode_exception_handler
core   0: 0x0000000080004008 (0x00002c17) auipc   s8, 0x2
core   0: 3 0x0000000080004008 (0x00002c17) x24 0x0000000080006008
core   0: 0x000000008000400c (0x094c0c13) addi    s8, s8, 148
core   0: 3 0x000000008000400c (0x094c0c13) x24 0x000000008000609c
core   0: 0x0000000080004010 (0x000c00e7) jalr    s8
core   0: 3 0x0000000080004010 (0x000c00e7) x1  0x0000000080004014
core   0: >>>>  any_handler
core   0: 0x000000008000609c (0x341027f3) csrrs   a5, mepc, zero
core   0: 3 0x000000008000609c (0x341027f3) x15 0x000000008000461a
core   0: 0x00000000800060a0 (0x34202773) csrrs   a4, mcause, zero
core   0: 3 0x00000000800060a0 (0x34202773) x14 0x0000000000000002
core   0: 0x00000000800060a4 (0x142026f3) csrrs   a3, scause, zero
core   0: 3 0x00000000800060a4 (0x142026f3) x13 0x0000000000000000
core   0: 0x00000000800060a8 (0x30402673) csrrs   a2, mie, zero
core   0: 3 0x00000000800060a8 (0x30402673) x12 0x0000000000000a00
core   0: 0x00000000800060ac (0x344025f3) csrrs   a1, mip, zero
core   0: 3 0x00000000800060ac (0x344025f3) x11 0x0000000000000080
core   0: 0x00000000800060b0 (0x343025f3) csrrs   a1, mtval, zero
core   0: 3 0x00000000800060b0 (0x343025f3) x11 0x00000000c067f273
core   0: 0x00000000800060b4 (0x14302573) csrrs   a0, stval, zero
core   0: 3 0x00000000800060b4 (0x14302573) x10 0x0000000000000000
core   0: 0x00000000800060b8 (0xb02024f3) csrrs   s1, minstret, zero
core   0: 3 0x00000000800060b8 (0xb02024f3) x9  0x0000000000000a30
core   0: 0x00000000800060bc (0x0000a811) c.j     pc + 20
core   0: 3 0x00000000800060bc (0xa811)
core   0: >>>>  mepc_4
core   0: 0x00000000800060d0 (0x00000791) c.addi  a5, 4
core   0: 3 0x00000000800060d0 (0x0791) x15 0x000000008000461e
core   0: 0x00000000800060d2 (0x34179073) csrrw   zero, mepc, a5
core   0: 3 0x00000000800060d2 (0x34179073) c833_mepc 0x000000008000461e
core   0: 0x00000000800060d6 (0x30200073) mret
core   0: 3 0x00000000800060d6 (0x30200073) c768_mstatus 0x8000000a00106080
core   0: 0x000000008000461e (0x0bf3f453) fsub.d  fs0, ft7, ft11
core   0: 1 0x000000008000461e (0x0bf3f453) f8  0x7ff8000000000000
core   0: 0x0000000080004622 (0xd2387c53) fcvt.d.lu fs8, a6
core   0: 1 0x0000000080004622 (0xd2387c53) f24 0x0000000000000000
core   0: 0x0000000080004626 (0xd02873d3) fcvt.s.l ft7, a6
core   0: 1 0x0000000080004626 (0xd02873d3) f7  0xffffffff00000000
core   0: 0x000000008000462a (0x02757533) remu    a0, a0, t2
core   0: 1 0x000000008000462a (0x02757533) x10 0x0000000000000000
core   0: 0x000000008000462e (0x008bd113) srli    sp, s7, 8
core   0: 1 0x000000008000462e (0x008bd113) x2  0x000000000000004c
core   0: 0x0000000080004632 (0x80058b9b) addiw   s7, a1, -2048
core   0: 1 0x0000000080004632 (0x80058b9b) x23 0xffffffffc067ea73
core   0: 0x0000000080004636 (0x4005d4bb) sraw    s1, a1, zero
core   0: 1 0x0000000080004636 (0x4005d4bb) x9  0xffffffffc067f273
core   0: 0x000000008000463a (0x40085c13) srai    s8, a6, 0
core   0: 1 0x000000008000463a (0x40085c13) x24 0x0000000000000000
core   0: 0x000000008000463e (0x2a0007d3) fmin.d  fa5, ft0, ft0
core   0: 1 0x000000008000463e (0x2a0007d3) f15 0xc099f80000000000
core   0: 0x0000000080004642 (0x22bf1153) fsgnjn.d ft2, ft10, fa1
core   0: 1 0x0000000080004642 (0x22bf1153) f2  0x8000000000000000
core   0: 0x0000000080004646 (0x22bda2d3) fsgnjx.d ft5, fs11, fa1
core   0: 1 0x0000000080004646 (0x22bda2d3) f5  0x0000000000000000
core   0: 0x000000008000464a (0x0339b433) mulhu   s0, s3, s3
core   0: 1 0x000000008000464a (0x0339b433) x8  0x40000002000061f7
core   0: 0x000000008000464e (0x22829ad3) fsgnjn.d fs5, ft5, fs0
core   0: 1 0x000000008000464e (0x22829ad3) f21 0x8000000000000000
core   0: 0x0000000080004652 (0x40d6883b) subw    a6, a3, a3
core   0: 1 0x0000000080004652 (0x40d6883b) x16 0x0000000000000000
core   0: 0x0000000080004656 (0x417b569b) sraiw   a3, s6, 23
core   0: 1 0x0000000080004656 (0x417b569b) x13 0x00000000000000ad
core   0: 0x000000008000465a (0xebd2fb4f) fnmadd.d fs6, ft5, ft9, ft9
core   0: 1 0x000000008000465a (0xebd2fb4f) f22 0x7ff8000000000000
core   0: 0x000000008000465e (0x001d1473) csrrw   s0, fflags, s10
core   0: 1 0x000000008000465e (0x001d1473) x8  0x0000000000000011 c1_fflags 0x0000000000000000
core   0: 0x0000000080004662 (0x2b6a80d3) fmin.d  ft1, fs5, fs6
core   0: 1 0x0000000080004662 (0x2b6a80d3) f1  0x8000000000000000
core   0: 0x0000000080004666 (0x1a4d7453) fdiv.d  fs0, fs10, ft4
core   0: 1 0x0000000080004666 (0x1a4d7453) f8  0x7ff8000000000000
core   0: 0x000000008000466a (0x0169aeb3) slt     t4, s3, s6
core   0: 1 0x000000008000466a (0x0169aeb3) x29 0x0000000000000001
core   0: 0x000000008000466e (0x0001131b) slliw   t1, sp, 0
core   0: 1 0x000000008000466e (0x0001131b) x6  0x000000000000004c
core   0: 0x0000000080004672 (0x02dd47bb) divw    a5, s10, a3
core   0: 1 0x0000000080004672 (0x02dd47bb) x15 0x0000000000000000
core   0: 0x0000000080004676 (0x01ab9bb3) sll     s7, s7, s10
core   0: 1 0x0000000080004676 (0x01ab9bb3) x23 0xffffffffc067ea73
core   0: 0x000000008000467a (0x002b9df3) csrrw   s11, frm, s7
core   0: 1 0x000000008000467a (0x002b9df3) x27 0x0000000000000000 c2_frm 0x0000000000000003
core   0: 0x000000008000467e (0xd20302d3) fcvt.d.w ft5, t1
core   0: 1 0x000000008000467e (0xd20302d3) f5  0x4053000000000000
core   0: 0x0000000080004682 (0xd227f2d3) fcvt.d.l ft5, a5
core   0: 1 0x0000000080004682 (0xd227f2d3) f5  0x0000000000000000
core   0: 0x0000000080004686 (0x00c1a633) slt     a2, gp, a2
core   0: 1 0x0000000080004686 (0x00c1a633) x12 0x0000000000000001
core   0: 0x000000008000468a (0x000be333) or      t1, s7, zero
core   0: 1 0x000000008000468a (0x000be333) x6  0xffffffffc067ea73
core   0: 0x000000008000468e (0x02b335b3) mulhu   a1, t1, a1
core   0: 1 0x000000008000468e (0x02b335b3) x11 0x00000000c067f272
core   0: 0x0000000080004692 (0xe2010053) fmv.x.d zero, ft2
core   0: 1 0x0000000080004692 (0xe2010053)
core   0: 0x0000000080004696 (0x0219fb53) fadd.d  fs6, fs3, ft1
core   0: 1 0x0000000080004696 (0x0219fb53) f22 0x0000000000000000
core   0: 0x000000008000469a (0x41a3d0b3) sra     ra, t2, s10
core   0: 1 0x000000008000469a (0x41a3d0b3) x1  0x0000000000004c00
core   0: 0x000000008000469e (0x415d511b) sraiw   sp, s10, 21
core   0: 1 0x000000008000469e (0x415d511b) x2  0x0000000000000000
core   0: 0x00000000800046a2 (0x2a040c53) fmin.d  fs8, fs0, ft0
core   0: 1 0x00000000800046a2 (0x2a040c53) f24 0xc099f80000000000
core   0: 0x00000000800046a6 (0x0329ab33) mulhsu  s6, s3, s2
core   0: 1 0x00000000800046a6 (0x0329ab33) x22 0x8000000220023761
core   0: 0x00000000800046aa (0x002bfcb3) and     s9, s7, sp
core   0: 1 0x00000000800046aa (0x002bfcb3) x25 0x0000000000000000
core   0: 0x00000000800046ae (0x41c8d8bb) sraw    a7, a7, t3
core   0: 1 0x00000000800046ae (0x41c8d8bb) x17 0x0000000000000000
core   0: 0x00000000800046b2 (0x00bb1dbb) sllw    s11, s6, a1
core   0: 1 0x00000000800046b2 (0x00bb1dbb) x27 0xffffffffdd840000
core   0: 0x00000000800046b6 (0x5fd00593) li      a1, 1533
core   0: 1 0x00000000800046b6 (0x5fd00593) x11 0x00000000000005fd
core   0: 0x00000000800046ba (0x433bd593) srai    a1, s7, 51
core   0: 1 0x00000000800046ba (0x433bd593) x11 0xffffffffffffffff
core   0: 0x00000000800046be (0x02963c33) mulhu   s8, a2, s1
core   0: 1 0x00000000800046be (0x02963c33) x24 0x0000000000000000
core   0: 0x00000000800046c2 (0x01dbea33) or      s4, s7, t4
core   0: 1 0x00000000800046c2 (0x01dbea33) x20 0xffffffffc067ea73
core   0: 0x00000000800046c6 (0xd2267853) fcvt.d.l fa6, a2
core   0: 1 0x00000000800046c6 (0xd2267853) f16 0x3ff0000000000000
core   0: 0x00000000800046ca (0xf35ffacb) fnmsub.d fs5, ft11, fs5, ft10
core   0: 1 0x00000000800046ca (0xf35ffacb) f21 0x0000000000000000
core   0: 0x00000000800046ce (0x02b585b3) mul     a1, a1, a1
core   0: 1 0x00000000800046ce (0x02b585b3) x11 0x0000000000000001
core   0: 0x00000000800046d2 (0xd23e7d53) fcvt.d.lu fs10, t3
core   0: 1 0x00000000800046d2 (0xd23e7d53) f26 0x43efffffffffffff
core   0: 0x00000000800046d6 (0xc219f9d3) fcvt.wu.d s3, fs3
core   0: 1 0x00000000800046d6 (0xc219f9d3) x19 0x0000000000000000
core   0: 0x00000000800046da (0x00000001) c.nop
core   0: 1 0x00000000800046da (0x0001)
core   0: 0x00000000800046dc (0x00102d73) csrrs   s10, fflags, zero
core   0: 1 0x00000000800046dc (0x00102d73) x26 0x0000000000000000
core   0: 0x00000000800046e0 (0x007aa4b3) slt     s1, s5, t2
core   0: 1 0x00000000800046e0 (0x007aa4b3) x9  0x0000000000000001
core   0: 0x00000000800046e4 (0xc03b70d3) fcvt.lu.s ra, fs6
core   0: 1 0x00000000800046e4 (0xc03b70d3) c1_fflags 0x0000000000000010 x1  0xffffffffffffffff
core   0: 0x00000000800046e8 (0xf824cb93) xori    s7, s1, -126
core   0: 1 0x00000000800046e8 (0xf824cb93) x23 0xffffffffffffff83
core   0: 0x00000000800046ec (0xfff20b93) addi    s7, tp, -1
core   0: 1 0x00000000800046ec (0xfff20b93) x23 0x8000000200005fff
core   0: 0x00000000800046f0 (0xa3ad0b53) fle.d   s6, fs10, fs10
core   0: 1 0x00000000800046f0 (0xa3ad0b53) x22 0x0000000000000001
core   0: 0x00000000800046f4 (0x05b45237) lui     tp, 0x5b45
core   0: 1 0x00000000800046f4 (0x05b45237) x4  0x0000000005b45000
core   0: 0x00000000800046f8 (0x9d32021b) addiw   tp, tp, -1581
core   0: 1 0x00000000800046f8 (0x9d32021b) x4  0x0000000005b449d3
core   0: 0x00000000800046fc (0x00000232) c.slli  tp, 12
core   0: 1 0x00000000800046fc (0x0232) x4  0x0000005b449d3000
core   0: 0x00000000800046fe (0xc7820213) addi    tp, tp, -904
core   0: 1 0x00000000800046fe (0xc7820213) x4  0x0000005b449d2c78
core   0: 0x0000000080004702 (0x41b75a1b) sraiw   s4, a4, 27
core   0: 1 0x0000000080004702 (0x41b75a1b) x20 0x0000000000000000
core   0: 0x0000000080004706 (0x237d2cd3) fsgnjx.d fs9, fs10, fs7
core   0: 1 0x0000000080004706 (0x237d2cd3) f25 0x43efffffffffffff
core   0: 0x000000008000470a (0xf8739537) lui     a0, 0xf8739
core   0: 1 0x000000008000470a (0xf8739537) x10 0xfffffffff8739000
core   0: 0x000000008000470e (0x9135051b) addiw   a0, a0, -1773
core   0: 1 0x000000008000470e (0x9135051b) x10 0xfffffffff8738913
core   0: 0x0000000080004712 (0x00000532) c.slli  a0, 12
core   0: 1 0x0000000080004712 (0x0532) x10 0xffffff8738913000
core   0: 0x0000000080004714 (0xf7e50513) addi    a0, a0, -130
core   0: 1 0x0000000080004714 (0xf7e50513) x10 0xffffff8738912f7e
core   0: 0x0000000080004718 (0x0217dc13) srli    s8, a5, 33
core   0: 1 0x0000000080004718 (0x0217dc13) x24 0x0000000000000000
core   0: 0x000000008000471c (0x03bd833b) mulw    t1, s11, s11
core   0: 1 0x000000008000471c (0x03bd833b) x6  0x0000000000000000
core   0: 0x0000000080004720 (0x2282ad53) fsgnjx.d fs10, ft5, fs0
core   0: 1 0x0000000080004720 (0x2282ad53) f26 0x0000000000000000
core   0: 0x0000000080004724 (0x032b8bb3) mul     s7, s7, s2
core   0: 1 0x0000000080004724 (0x032b8bb3) x23 0xfff89240dff00adf
core   0: 0x0000000080004728 (0x01891c33) sll     s8, s2, s8
core   0: 1 0x0000000080004728 (0x01891c33) x24 0xffffffffbffc5521
core   0: 0x000000008000472c (0x400c531b) sraiw   t1, s8, 0
core   0: 1 0x000000008000472c (0x400c531b) x6  0xffffffffbffc5521
core   0: 0x0000000080004730 (0xc02ead73) csrrs   s10, instret, t4
core   0: exception trap_illegal_instruction, epc 0x0000000080004730
core   0:           tval 0x00000000c02ead73
core   0: >>>>  $xrv64i2p1_m2p0_a2p1_f2p2_d2p2_zicsr2p0_zifencei2p0_zmmul1p0_zba1p0_zbb1p0_zbc1p0_zbs1p0
core   0: 0x0000000080004000 (0x0080006f) j       pc + 0x8
core   0: 3 0x0000000080004000 (0x0080006f)
core   0: >>>>  mmode_exception_handler
core   0: 0x0000000080004008 (0x00002c17) auipc   s8, 0x2
core   0: 3 0x0000000080004008 (0x00002c17) x24 0x0000000080006008
core   0: 0x000000008000400c (0x094c0c13) addi    s8, s8, 148
core   0: 3 0x000000008000400c (0x094c0c13) x24 0x000000008000609c
core   0: 0x0000000080004010 (0x000c00e7) jalr    s8
core   0: 3 0x0000000080004010 (0x000c00e7) x1  0x0000000080004014
core   0: >>>>  any_handler
core   0: 0x000000008000609c (0x341027f3) csrrs   a5, mepc, zero
core   0: 3 0x000000008000609c (0x341027f3) x15 0x0000000080004730
core   0: 0x00000000800060a0 (0x34202773) csrrs   a4, mcause, zero
core   0: 3 0x00000000800060a0 (0x34202773) x14 0x0000000000000002
core   0: 0x00000000800060a4 (0x142026f3) csrrs   a3, scause, zero
core   0: 3 0x00000000800060a4 (0x142026f3) x13 0x0000000000000000
core   0: 0x00000000800060a8 (0x30402673) csrrs   a2, mie, zero
core   0: 3 0x00000000800060a8 (0x30402673) x12 0x0000000000000a00
core   0: 0x00000000800060ac (0x344025f3) csrrs   a1, mip, zero
core   0: 3 0x00000000800060ac (0x344025f3) x11 0x0000000000000080
core   0: 0x00000000800060b0 (0x343025f3) csrrs   a1, mtval, zero
core   0: 3 0x00000000800060b0 (0x343025f3) x11 0x00000000c02ead73
core   0: 0x00000000800060b4 (0x14302573) csrrs   a0, stval, zero
core   0: 3 0x00000000800060b4 (0x14302573) x10 0x0000000000000000
core   0: 0x00000000800060b8 (0xb02024f3) csrrs   s1, minstret, zero
core   0: 3 0x00000000800060b8 (0xb02024f3) x9  0x0000000000000a86
core   0: 0x00000000800060bc (0x0000a811) c.j     pc + 20
core   0: 3 0x00000000800060bc (0xa811)
core   0: >>>>  mepc_4
core   0: 0x00000000800060d0 (0x00000791) c.addi  a5, 4
core   0: 3 0x00000000800060d0 (0x0791) x15 0x0000000080004734
core   0: 0x00000000800060d2 (0x34179073) csrrw   zero, mepc, a5
core   0: 3 0x00000000800060d2 (0x34179073) c833_mepc 0x0000000080004734
core   0: 0x00000000800060d6 (0x30200073) mret
core   0: 3 0x00000000800060d6 (0x30200073) c768_mstatus 0x8000000a00106080
core   0: 0x0000000080004734 (0x71dcc213) xori    tp, s9, 1821
core   0: 1 0x0000000080004734 (0x71dcc213) x4  0x000000000000071d
core   0: 0x0000000080004738 (0x235d2cd3) fsgnjx.d fs9, fs10, fs5
core   0: 1 0x0000000080004738 (0x235d2cd3) f25 0x0000000000000000
core   0: 0x000000008000473c (0x2a3c81d3) fmin.d  ft3, fs9, ft3
core   0: 1 0x000000008000473c (0x2a3c81d3) f3  0x0000000000000000
core   0: 0x0000000080004740 (0x2ba31653) fmax.d  fa2, ft6, fs10
core   0: 1 0x0000000080004740 (0x2ba31653) f12 0x0000000000000000
core   0: 0x0000000080004744 (0xc8ecf713) andi    a4, s9, -882
core   0: 1 0x0000000080004744 (0xc8ecf713) x14 0x0000000000000000
core   0: 0x0000000080004748 (0x011d7133) and     sp, s10, a7
core   0: 1 0x0000000080004748 (0x011d7133) x2  0x0000000000000000
core   0: 0x000000008000474c (0x006283bb) addw    t2, t0, t1
core   0: 1 0x000000008000474c (0x006283bb) x7  0xffffffffbffc5521
core   0: 0x0000000080004750 (0xd022f3d3) fcvt.s.l ft7, t0
core   0: 1 0x0000000080004750 (0xd022f3d3) f7  0xffffffff00000000
core   0: 0x0000000080004754 (0x00000001) c.nop
core   0: 1 0x0000000080004754 (0x0001)
core   0: 0x0000000080004756 (0xa30e26d3) feq.d   a3, ft8, fa6
core   0: 1 0x0000000080004756 (0xa30e26d3) x13 0x0000000000000000
core   0: 0x000000008000475a (0xe20809d3) fmv.x.d s3, fa6
core   0: 1 0x000000008000475a (0xe20809d3) x19 0x3ff0000000000000
core   0: 0x000000008000475e (0x01f2d89b) srliw   a7, t0, 31
core   0: 1 0x000000008000475e (0x01f2d89b) x17 0x0000000000000000
core   0: 0x0000000080004762 (0x01504833) xor     a6, zero, s5
core   0: 1 0x0000000080004762 (0x01504833) x16 0xffffffffffffffd2
core   0: 0x0000000080004766 (0x010d5d3b) srlw    s10, s10, a6
core   0: 1 0x0000000080004766 (0x010d5d3b) x26 0x0000000000000000
core   0: 0x000000008000476a (0x01a24833) xor     a6, tp, s10
core   0: 1 0x000000008000476a (0x01a24833) x16 0x000000000000071d
core   0: 0x000000008000476e (0x007870b3) and     ra, a6, t2
core   0: 1 0x000000008000476e (0x007870b3) x1  0x0000000000000501
core   0: 0x0000000080004772 (0x415cdabb) sraw    s5, s9, s5
core   0: 1 0x0000000080004772 (0x415cdabb) x21 0x0000000000000000
core   0: 0x0000000080004776 (0xd23c7bd3) fcvt.d.lu fs7, s8
core   0: 1 0x0000000080004776 (0xd23c7bd3) f23 0x41e0000c13800000
core   0: 0x000000008000477a (0x00c3c033) xor     zero, t2, a2
core   0: 1 0x000000008000477a (0x00c3c033)
core   0: 0x000000008000477e (0x41b25e3b) sraw    t3, tp, s11
core   0: 1 0x000000008000477e (0x41b25e3b) x28 0x000000000000071d
core   0: 0x0000000080004782 (0x0162563b) srlw    a2, tp, s6
core   0: 1 0x0000000080004782 (0x0162563b) x12 0x000000000000038e
core   0: 0x0000000080004786 (0x401ff353) fcvt.s.d ft6, ft11
core   0: 1 0x0000000080004786 (0x401ff353) c1_fflags 0x0000000000000013 f6  0xffffffff00000001
core   0: 0x000000008000478a (0x0016f093) andi    ra, a3, 1
core   0: 1 0x000000008000478a (0x0016f093) x1  0x0000000000000000
core   0: 0x000000008000478e (0xc03bf6d3) fcvt.lu.s a3, fs7
core   0: 1 0x000000008000478e (0xc03bf6d3) c1_fflags 0x0000000000000013 x13 0xffffffffffffffff
core   0: 0x0000000080004792 (0x137175c7) fmsub.d fa1, ft2, fs7, ft2
core   0: 1 0x0000000080004792 (0x137175c7) f11 0x0000000000000000
core   0: 0x0000000080004796 (0x79f6e313) ori     t1, a3, 1951
core   0: 1 0x0000000080004796 (0x79f6e313) x6  0xffffffffffffffff
core   0: 0x000000008000479a (0x5a0cf753) fsqrt.d fa4, fs9
core   0: 1 0x000000008000479a (0x5a0cf753) f14 0x0000000000000000
core   0: 0x000000008000479e (0xd036f4d3) fcvt.s.lu fs1, a3
core   0: 1 0x000000008000479e (0xd036f4d3) c1_fflags 0x0000000000000013 f9  0xffffffff5f800000
core   0: 0x00000000800047a2 (0x03820c3b) mulw    s8, tp, s8
core   0: 1 0x00000000800047a2 (0x03820c3b) x24 0xffffffff82af35ac
core   0: 0x00000000800047a6 (0xbcccaa97) auipc   s5, 0xbccca
core   0: 1 0x00000000800047a6 (0xbcccaa97) x21 0x000000003ccce7a6
core   0: 0x00000000800047aa (0x40738eb3) sub     t4, t2, t2
core   0: 1 0x00000000800047aa (0x40738eb3) x29 0x0000000000000000
core   0: 0x00000000800047ae (0x024151bb) divuw   gp, sp, tp
core   0: 1 0x00000000800047ae (0x024151bb) x3  0x0000000000000000
core   0: 0x00000000800047b2 (0x001e1e73) csrrw   t3, fflags, t3
core   0: 1 0x00000000800047b2 (0x001e1e73) x28 0x0000000000000013 c1_fflags 0x000000000000001d
core   0: 0x00000000800047b6 (0xd2257153) fcvt.d.l ft2, a0
core   0: 1 0x00000000800047b6 (0xd2257153) f2  0x0000000000000000
core   0: 0x00000000800047ba (0xf20b0f53) fmv.d.x ft10, s6
core   0: 1 0x00000000800047ba (0xf20b0f53) f30 0x0000000000000001
core   0: 0x00000000800047be (0x000dd193) srli    gp, s11, 0
core   0: 1 0x00000000800047be (0x000dd193) x3  0xffffffffdd840000
core   0: 0x00000000800047c2 (0x00bbac33) slt     s8, s7, a1
core   0: 1 0x00000000800047c2 (0x00bbac33) x24 0x0000000000000001
core   0: 0x00000000800047c6 (0x038952bb) divuw   t0, s2, s8
core   0: 1 0x00000000800047c6 (0x038952bb) x5  0xffffffffbffc5521
core   0: 0x00000000800047ca (0x005a9ab3) sll     s5, s5, t0
core   0: 1 0x00000000800047ca (0x005a9ab3) x21 0x7999cf4c00000000
core   0: 0x00000000800047ce (0x01610a3b) addw    s4, sp, s6
core   0: 1 0x00000000800047ce (0x01610a3b) x20 0x0000000000000001
core   0: 0x00000000800047d2 (0x414c833b) subw    t1, s9, s4
core   0: 1 0x00000000800047d2 (0x414c833b) x6  0xffffffffffffffff
core   0: 0x00000000800047d6 (0x024e8ebb) mulw    t4, t4, tp
core   0: 1 0x00000000800047d6 (0x024e8ebb) x29 0x0000000000000000
core   0: 0x00000000800047da (0x3773a4b7) lui     s1, 0x3773a
core   0: 1 0x00000000800047da (0x3773a4b7) x9  0x000000003773a000
core   0: 0x00000000800047de (0xd2150953) fcvt.d.wu fs2, a0
core   0: 1 0x00000000800047de (0xd2150953) f18 0x0000000000000000
core   0: 0x00000000800047e2 (0x5b557ac7) fmsub.d fs5, fa0, fs5, fa1
core   0: 1 0x00000000800047e2 (0x5b557ac7) f21 0x0000000000000000
core   0: 0x00000000800047e6 (0xc21afe53) fcvt.wu.d t3, fs5
core   0: 1 0x00000000800047e6 (0xc21afe53) x28 0x0000000000000000
core   0: 0x00000000800047ea (0x00202cf3) csrrs   s9, frm, zero
core   0: 1 0x00000000800047ea (0x00202cf3) x25 0x0000000000000003
core   0: 0x00000000800047ee (0x413c57bb) sraw    a5, s8, s3
core   0: 1 0x00000000800047ee (0x413c57bb) x15 0x0000000000000001
core   0: 0x00000000800047f2 (0x7afffcc7) fmsub.d fs9, ft11, fa5, fa5
core   0: 1 0x00000000800047f2 (0x7afffcc7) c1_fflags 0x000000000000001d f25 0x4099f80000000000
core   0: 0x00000000800047f6 (0x0119d393) srli    t2, s3, 17
core   0: 1 0x00000000800047f6 (0x0119d393) x7  0x00001ff800000000
core   0: 0x00000000800047fa (0x0ff0000f) fence   iorw,iorw
core   0: 1 0x00000000800047fa (0x0ff0000f)
core   0: 0x00000000800047fe (0xb3780e9b) addiw   t4, a6, -1225
core   0: 1 0x00000000800047fe (0xb3780e9b) x29 0x0000000000000254
core   0: 0x0000000080004802 (0x00000001) c.nop
core   0: 1 0x0000000080004802 (0x0001)
core   0: 0x0000000080004804 (0x011d4d33) xor     s10, s10, a7
core   0: 1 0x0000000080004804 (0x011d4d33) x26 0x0000000000000000
core   0: 0x0000000080004808 (0x14372e73) csrrs   t3, stval, a4
core   0: 1 0x0000000080004808 (0x14372e73) x28 0x0000000000000000 c323_stval 0x0000000000000000
core   0: 0x000000008000480c (0x3f43c317) auipc   t1, 0x3f43c
core   0: 1 0x000000008000480c (0x3f43c317) x6  0x00000000bf44080c
core   0: 0x0000000080004810 (0x1395f453) fmul.d  fs0, fa1, fs9
core   0: 1 0x0000000080004810 (0x1395f453) f8  0x0000000000000000
core   0: 0x0000000080004814 (0xc21d78d3) fcvt.wu.d a7, fs10
core   0: 1 0x0000000080004814 (0xc21d78d3) x17 0x0000000000000000
core   0: 0x0000000080004818 (0x021e7cb3) remu    s9, t3, ra
core   0: 1 0x0000000080004818 (0x021e7cb3) x25 0x0000000000000000
core   0: 0x000000008000481c (0x8ecbfc37) lui     s8, 0x8ecbf
core   0: 1 0x000000008000481c (0x8ecbfc37) x24 0xffffffff8ecbf000
core   0: 0x0000000080004820 (0x00000001) c.nop
core   0: 1 0x0000000080004820 (0x0001)
core   0: 0x0000000080004822 (0xc22a7053) fcvt.l.d zero, fs4
core   0: 1 0x0000000080004822 (0xc22a7053) c1_fflags 0x000000000000001d
core   0: 0x0000000080004826 (0x030300b3) mul     ra, t1, a6
core   0: 1 0x0000000080004826 (0x030300b3) x1  0x0000055086ed3d5c
core   0: 0x000000008000482a (0xd2108fd3) fcvt.d.wu ft11, ra
core   0: 1 0x000000008000482a (0xd2108fd3) f31 0x41e0dda7ab800000
core   0: 0x000000008000482e (0x00025a3b) srlw    s4, tp, zero
core   0: 1 0x000000008000482e (0x00025a3b) x20 0x000000000000071d
core   0: 0x0000000080004832 (0x004b8ebb) addw    t4, s7, tp
core   0: 1 0x0000000080004832 (0x004b8ebb) x29 0xffffffffdff011fc
core   0: 0x0000000080004836 (0x001e9473) csrrw   s0, fflags, t4
core   0: 1 0x0000000080004836 (0x001e9473) x8  0x000000000000001d c1_fflags 0x000000000000001c
core   0: 0x000000008000483a (0x037bab33) mulhsu  s6, s7, s7
core   0: 1 0x000000008000483a (0x037bab33) x22 0xfff892780f701bbc
core   0: 0x000000008000483e (0x00102373) csrrs   t1, fflags, zero
core   0: 1 0x000000008000483e (0x00102373) x6  0x000000000000001c
core   0: 0x0000000080004842 (0x401ff9d3) fcvt.s.d fs3, ft11
core   0: 1 0x0000000080004842 (0x401ff9d3) c1_fflags 0x000000000000001d f19 0xffffffff4f06ed3e
core   0: 0x0000000080004846 (0x41e4d81b) sraiw   a6, s1, 30
core   0: 1 0x0000000080004846 (0x41e4d81b) x16 0x0000000000000000
core   0: 0x000000008000484a (0xd2080dd3) fcvt.d.w fs11, a6
core   0: 1 0x000000008000484a (0xd2080dd3) f27 0x0000000000000000
core   0: 0x000000008000484e (0x22eaa753) fsgnjx.d fa4, fs5, fa4
core   0: 1 0x000000008000484e (0x22eaa753) f14 0x0000000000000000
core   0: 0x0000000080004852 (0x00e8d73b) srlw    a4, a7, a4
core   0: 1 0x0000000080004852 (0x00e8d73b) x14 0x0000000000000000
core   0: 0x0000000080004856 (0x420702d3) fcvt.d.s ft5, fa4
core   0: 1 0x0000000080004856 (0x420702d3) f5  0x7ff8000000000000
core   0: 0x000000008000485a (0x00107cb3) and     s9, zero, ra
core   0: 1 0x000000008000485a (0x00107cb3) x25 0x0000000000000000
core   0: 0x000000008000485e (0x401c75d3) fcvt.s.d fa1, fs8
core   0: 1 0x000000008000485e (0x401c75d3) f11 0xffffffffc4cfc000
core   0: 0x0000000080004862 (0xc02a0a13) addi    s4, s4, -1022
core   0: 1 0x0000000080004862 (0xc02a0a13) x20 0x000000000000031f
core   0: 0x0000000080004866 (0x014932b3) sltu    t0, s2, s4
core   0: 1 0x0000000080004866 (0x014932b3) x5  0x0000000000000000
core   0: 0x000000008000486a (0x002e14f3) csrrw   s1, frm, t3
core   0: 1 0x000000008000486a (0x002e14f3) x9  0x0000000000000003 c2_frm 0x0000000000000000
core   0: 0x000000008000486e (0x02980833) mul     a6, a6, s1
core   0: 1 0x000000008000486e (0x02980833) x16 0x0000000000000000
core   0: 0x0000000080004872 (0x00000001) c.nop
core   0: 1 0x0000000080004872 (0x0001)
core   0: 0x0000000080004874 (0x0221fc3b) remuw   s8, gp, sp
core   0: 1 0x0000000080004874 (0x0221fc3b) x24 0xffffffffdd840000
core   0: 0x0000000080004878 (0x01a11d3b) sllw    s10, sp, s10
core   0: 1 0x0000000080004878 (0x01a11d3b) x26 0x0000000000000000
core   0: 0x000000008000487c (0xc03733f3) csrrc   t2, hpmcounter3, a4
core   0: exception trap_illegal_instruction, epc 0x000000008000487c
core   0:           tval 0x00000000c03733f3
core   0: >>>>  $xrv64i2p1_m2p0_a2p1_f2p2_d2p2_zicsr2p0_zifencei2p0_zmmul1p0_zba1p0_zbb1p0_zbc1p0_zbs1p0
core   0: 0x0000000080004000 (0x0080006f) j       pc + 0x8
core   0: 3 0x0000000080004000 (0x0080006f)
core   0: >>>>  mmode_exception_handler
core   0: 0x0000000080004008 (0x00002c17) auipc   s8, 0x2
core   0: 3 0x0000000080004008 (0x00002c17) x24 0x0000000080006008
core   0: 0x000000008000400c (0x094c0c13) addi    s8, s8, 148
core   0: 3 0x000000008000400c (0x094c0c13) x24 0x000000008000609c
core   0: 0x0000000080004010 (0x000c00e7) jalr    s8
core   0: 3 0x0000000080004010 (0x000c00e7) x1  0x0000000080004014
core   0: >>>>  any_handler
core   0: 0x000000008000609c (0x341027f3) csrrs   a5, mepc, zero
core   0: 3 0x000000008000609c (0x341027f3) x15 0x000000008000487c
core   0: 0x00000000800060a0 (0x34202773) csrrs   a4, mcause, zero
core   0: 3 0x00000000800060a0 (0x34202773) x14 0x0000000000000002
core   0: 0x00000000800060a4 (0x142026f3) csrrs   a3, scause, zero
core   0: 3 0x00000000800060a4 (0x142026f3) x13 0x0000000000000000
core   0: 0x00000000800060a8 (0x30402673) csrrs   a2, mie, zero
core   0: 3 0x00000000800060a8 (0x30402673) x12 0x0000000000000a00
core   0: 0x00000000800060ac (0x344025f3) csrrs   a1, mip, zero
core   0: 3 0x00000000800060ac (0x344025f3) x11 0x0000000000000080
core   0: 0x00000000800060b0 (0x343025f3) csrrs   a1, mtval, zero
core   0: 3 0x00000000800060b0 (0x343025f3) x11 0x00000000c03733f3
core   0: 0x00000000800060b4 (0x14302573) csrrs   a0, stval, zero
core   0: 3 0x00000000800060b4 (0x14302573) x10 0x0000000000000000
core   0: 0x00000000800060b8 (0xb02024f3) csrrs   s1, minstret, zero
core   0: 3 0x00000000800060b8 (0xb02024f3) x9  0x0000000000000aea
core   0: 0x00000000800060bc (0x0000a811) c.j     pc + 20
core   0: 3 0x00000000800060bc (0xa811)
core   0: >>>>  mepc_4
core   0: 0x00000000800060d0 (0x00000791) c.addi  a5, 4
core   0: 3 0x00000000800060d0 (0x0791) x15 0x0000000080004880
core   0: 0x00000000800060d2 (0x34179073) csrrw   zero, mepc, a5
core   0: 3 0x00000000800060d2 (0x34179073) c833_mepc 0x0000000080004880
core   0: 0x00000000800060d6 (0x30200073) mret
core   0: 3 0x00000000800060d6 (0x30200073) c768_mstatus 0x8000000a00106080
core   0: 0x0000000080004880 (0x0343e23b) remw    tp, t2, s4
core   0: 1 0x0000000080004880 (0x0343e23b) x4  0x0000000000000000
core   0: 0x0000000080004884 (0x01d11133) sll     sp, sp, t4
core   0: 1 0x0000000080004884 (0x01d11133) x2  0x0000000000000000
core   0: 0x0000000080004888 (0x001022f3) csrrs   t0, fflags, zero
core   0: 1 0x0000000080004888 (0x001022f3) x5  0x000000000000001d
core   0: 0x000000008000488c (0xc203f0d3) fcvt.w.d ra, ft7
core   0: 1 0x000000008000488c (0xc203f0d3) c1_fflags 0x000000000000001d x1  0x000000007fffffff
core   0: 0x0000000080004890 (0x013b6eb3) or      t4, s6, s3
core   0: 1 0x0000000080004890 (0x013b6eb3) x29 0xfff892780f701bbc
core   0: 0x0000000080004894 (0xd21b0853) fcvt.d.wu fa6, s6
core   0: 1 0x0000000080004894 (0xd21b0853) f16 0x41aee03778000000
core   0: 0x0000000080004898 (0x03bdcebb) divw    t4, s11, s11
core   0: 1 0x0000000080004898 (0x03bdcebb) x29 0x0000000000000001
core   0: 0x000000008000489c (0x2b6b13d3) fmax.d  ft7, fs6, fs6
core   0: 1 0x000000008000489c (0x2b6b13d3) f7  0x0000000000000000
core   0: 0x00000000800048a0 (0x00000001) c.nop
core   0: 1 0x00000000800048a0 (0x0001)
core   0: 0x00000000800048a2 (0x01d7d333) srl     t1, a5, t4
core   0: 1 0x00000000800048a2 (0x01d7d333) x6  0x0000000040002440
core   0: 0x00000000800048a6 (0x03d2d8b3) divu    a7, t0, t4
core   0: 1 0x00000000800048a6 (0x03d2d8b3) x17 0x000000000000001d
core   0: 0x00000000800048aa (0x824b78c7) fmsub.d fa7, fs6, ft4, fa6
core   0: 1 0x00000000800048aa (0x824b78c7) f17 0x7ff8000000000000
core   0: 0x00000000800048ae (0x03b351b3) divu    gp, t1, s11
core   0: 1 0x00000000800048ae (0x03b351b3) x3  0x0000000000000000
core   0: 0x00000000800048b2 (0x1b927253) fdiv.d  ft4, ft4, fs9
core   0: 1 0x00000000800048b2 (0x1b927253) f4  0x7ff8000000000000
core   0: 0x00000000800048b6 (0xf8ab8937) lui     s2, 0xf8ab8
core   0: 1 0x00000000800048b6 (0xf8ab8937) x18 0xfffffffff8ab8000
core   0: 0x00000000800048ba (0x3b99091b) addiw   s2, s2, 953
core   0: 1 0x00000000800048ba (0x3b99091b) x18 0xfffffffff8ab83b9
core   0: 0x00000000800048be (0x00000932) c.slli  s2, 12
core   0: 1 0x00000000800048be (0x0932) x18 0xffffff8ab83b9000
core   0: 0x00000000800048c0 (0xfd990913) addi    s2, s2, -39
core   0: 1 0x00000000800048c0 (0xfd990913) x18 0xffffff8ab83b8fd9
core   0: 0x00000000800048c4 (0x01637333) and     t1, t1, s6
core   0: 1 0x00000000800048c4 (0x01637333) x6  0x0000000000000000
core   0: 0x00000000800048c8 (0x00019013) slli    zero, gp, 0
core   0: 1 0x00000000800048c8 (0x00019013)
core   0: 0x00000000800048cc (0x002028f3) csrrs   a7, frm, zero
core   0: 1 0x00000000800048cc (0x002028f3) x17 0x0000000000000000
core   0: 0x00000000800048d0 (0x0387bc33) mulhu   s8, a5, s8
core   0: 1 0x00000000800048d0 (0x0387bc33) x24 0x0000000000000000
core   0: 0x00000000800048d4 (0x0a4bfbd3) fsub.d  fs7, fs7, ft4
core   0: 1 0x00000000800048d4 (0x0a4bfbd3) f23 0x7ff8000000000000
core   0: 0x00000000800048d8 (0x10489af3) csrrw   s5, sie, a7
core   0: 1 0x00000000800048d8 (0x10489af3) x21 0x0000000000000000 c772_mie 0x0000000000000a00
core   0: 0x00000000800048dc (0x22978fd3) fsgnj.d ft11, fa5, fs1
core   0: 1 0x00000000800048dc (0x22978fd3) f31 0xc099f80000000000
core   0: 0x00000000800048e0 (0xc21bfdd3) fcvt.wu.d s11, fs7
core   0: 1 0x00000000800048e0 (0xc21bfdd3) c1_fflags 0x000000000000001d x27 0xffffffffffffffff
core   0: 0x00000000800048e4 (0xc02cf0d3) fcvt.l.s ra, fs9
core   0: 1 0x00000000800048e4 (0xc02cf0d3) c1_fflags 0x000000000000001d x1  0x7fffffffffffffff
core   0: 0x00000000800048e8 (0x02c6f63b) remuw   a2, a3, a2
core   0: 1 0x00000000800048e8 (0x02c6f63b) x12 0x0000000000000000
core   0: 0x00000000800048ec (0xd2267ad3) fcvt.d.l fs5, a2
core   0: 1 0x00000000800048ec (0xd2267ad3) f21 0x0000000000000000
core   0: 0x00000000800048f0 (0x00c6c233) xor     tp, a3, a2
core   0: 1 0x00000000800048f0 (0x00c6c233) x4  0x0000000000000000
core   0: 0x00000000800048f4 (0x0000c793) xori    a5, ra, 0
core   0: 1 0x00000000800048f4 (0x0000c793) x15 0x7fffffffffffffff
core   0: 0x00000000800048f8 (0x409654bb) sraw    s1, a2, s1
core   0: 1 0x00000000800048f8 (0x409654bb) x9  0x0000000000000000
core   0: 0x00000000800048fc (0x0140d8b3) srl     a7, ra, s4
core   0: 1 0x00000000800048fc (0x0140d8b3) x17 0x00000000ffffffff
core   0: 0x0000000080004900 (0xc22b7653) fcvt.l.d a2, fs6
core   0: 1 0x0000000080004900 (0xc22b7653) x12 0x0000000000000000
core   0: 0x0000000080004904 (0x00000001) c.nop
core   0: 1 0x0000000080004904 (0x0001)
core   0: 0x0000000080004906 (0x010a8d3b) addw    s10, s5, a6
core   0: 1 0x0000000080004906 (0x010a8d3b) x26 0x0000000000000000
core   0: 0x000000008000490a (0x01540333) add     t1, s0, s5
core   0: 1 0x000000008000490a (0x01540333) x6  0x000000000000001d
core   0: 0x000000008000490e (0x106cd073) csrrwi  zero, scounteren, 25
core   0: 1 0x000000008000490e (0x106cd073) c262_scounteren 0x0000000000000000
core   0: 0x0000000080004912 (0x010c9a9b) slliw   s5, s9, 16
core   0: 1 0x0000000080004912 (0x010c9a9b) x21 0x0000000000000000
core   0: 0x0000000080004916 (0x0ff0000f) fence   iorw,iorw
core   0: 1 0x0000000080004916 (0x0ff0000f)
core   0: 0x000000008000491a (0xd2058a53) fcvt.d.w fs4, a1
core   0: 1 0x000000008000491a (0xd2058a53) f20 0xc1cfe46606800000
core   0: 0x000000008000491e (0x22eb8153) fsgnj.d ft2, fs7, fa4
core   0: 1 0x000000008000491e (0x22eb8153) f2  0x7ff8000000000000
core   0: 0x0000000080004922 (0x0ff0000f) fence   iorw,iorw
core   0: 1 0x0000000080004922 (0x0ff0000f)
core   0: 0x0000000080004926 (0x021aabb3) mulhsu  s7, s5, ra
core   0: 1 0x0000000080004926 (0x021aabb3) x23 0x0000000000000000
core   0: 0x000000008000492a (0xc214f2d3) fcvt.wu.d t0, fs1
core   0: 1 0x000000008000492a (0xc214f2d3) c1_fflags 0x000000000000001d x5  0xffffffffffffffff
core   0: 0x000000008000492e (0x000b599b) srliw   s3, s6, 0
core   0: 1 0x000000008000492e (0x000b599b) x19 0x000000000f701bbc
core   0: 0x0000000080004932 (0x0018cc13) xori    s8, a7, 1
core   0: 1 0x0000000080004932 (0x0018cc13) x24 0x00000000fffffffe
core   0: 0x0000000080004936 (0x4123533b) sraw    t1, t1, s2
core   0: 1 0x0000000080004936 (0x4123533b) x6  0x0000000000000000
core   0: 0x000000008000493a (0x221d1ed3) fsgnjn.d ft9, fs10, ft1
core   0: 1 0x000000008000493a (0x221d1ed3) f29 0x0000000000000000
core   0: 0x000000008000493e (0x012a6233) or      tp, s4, s2
core   0: 1 0x000000008000493e (0x012a6233) x4  0xffffff8ab83b8fdf
core   0: 0x0000000080004942 (0x42070753) fcvt.d.s fa4, fa4
core   0: 1 0x0000000080004942 (0x42070753) f14 0x7ff8000000000000
core   0: 0x0000000080004946 (0x133afb53) fmul.d  fs6, fs5, fs3
core   0: 1 0x0000000080004946 (0x133afb53) f22 0x7ff8000000000000
core   0: 0x000000008000494a (0x40b185b3) sub     a1, gp, a1
core   0: 1 0x000000008000494a (0x40b185b3) x11 0xffffffff3fc8cc0d
core   0: 0x000000008000494e (0x015584b3) add     s1, a1, s5
core   0: 1 0x000000008000494e (0x015584b3) x9  0xffffffff3fc8cc0d
core   0: 0x0000000080004952 (0x00135513) srli    a0, t1, 1
core   0: 1 0x0000000080004952 (0x00135513) x10 0x0000000000000000
core   0: 0x0000000080004956 (0x00a671b3) and     gp, a2, a0
core   0: 1 0x0000000080004956 (0x00a671b3) x3  0x0000000000000000
core   0: 0x000000008000495a (0x003a5cb3) srl     s9, s4, gp
core   0: 1 0x000000008000495a (0x003a5cb3) x25 0x000000000000031f
core   0: 0x000000008000495e (0x002026f3) csrrs   a3, frm, zero
core   0: 1 0x000000008000495e (0x002026f3) x13 0x0000000000000000
core   0: 0x0000000080004962 (0xd20b83d3) fcvt.d.w ft7, s7
core   0: 1 0x0000000080004962 (0xd20b83d3) f7  0x0000000000000000
core   0: 0x0000000080004966 (0x02f3f7d3) fadd.d  fa5, ft7, fa5
core   0: 1 0x0000000080004966 (0x02f3f7d3) f15 0xc099f80000000000
core   0: 0x000000008000496a (0x2af38253) fmin.d  ft4, ft7, fa5
core   0: 1 0x000000008000496a (0x2af38253) f4  0xc099f80000000000
core   0: 0x000000008000496e (0x00da9c3b) sllw    s8, s5, a3
core   0: 1 0x000000008000496e (0x00da9c3b) x24 0x0000000000000000
core   0: 0x0000000080004972 (0x006393bb) sllw    t2, t2, t1
core   0: 1 0x0000000080004972 (0x006393bb) x7  0x0000000000000000
core   0: 0x0000000080004976 (0x13c07e53) fmul.d  ft8, ft0, ft8
core   0: 1 0x0000000080004976 (0x13c07e53) f28 0x8000000000000000
core   0: 0x000000008000497a (0xd23c7ad3) fcvt.d.lu fs5, s8
core   0: 1 0x000000008000497a (0xd23c7ad3) f21 0x0000000000000000
core   0: 0x000000008000497e (0xa28a8bd3) fle.d   s7, fs5, fs0
core   0: 1 0x000000008000497e (0xa28a8bd3) x23 0x0000000000000001
core   0: 0x0000000080004982 (0x03d55533) divu    a0, a0, t4
core   0: 1 0x0000000080004982 (0x03d55533) x10 0x0000000000000000
core   0: 0x0000000080004986 (0x239c9f53) fsgnjn.d ft10, fs9, fs9
core   0: 1 0x0000000080004986 (0x239c9f53) f30 0xc099f80000000000
core   0: 0x000000008000498a (0x005ed313) srli    t1, t4, 5
core   0: 1 0x000000008000498a (0x005ed313) x6  0x0000000000000000
core   0: 0x000000008000498e (0x13eff9d3) fmul.d  fs3, ft11, ft10
core   0: 1 0x000000008000498e (0x13eff9d3) f19 0x4145130200000000
core   0: 0x0000000080004992 (0x01f5509b) srliw   ra, a0, 31
core   0: 1 0x0000000080004992 (0x01f5509b) x1  0x0000000000000000
core   0: 0x0000000080004996 (0xd230f153) fcvt.d.lu ft2, ra
core   0: 1 0x0000000080004996 (0xd230f153) f2  0x0000000000000000
core   0: 0x000000008000499a (0x00b95d3b) srlw    s10, s2, a1
core   0: 1 0x000000008000499a (0x00b95d3b) x26 0x000000000005c1dc
core   0: 0x000000008000499e (0x40f9da13) srai    s4, s3, 15
core   0: 1 0x000000008000499e (0x40f9da13) x20 0x0000000000001ee0
core   0: 0x00000000800049a2 (0xa2077a4f) fnmadd.d fs4, fa4, ft0, fs4
core   0: 1 0x00000000800049a2 (0xa2077a4f) f20 0x7ff8000000000000
core   0: 0x00000000800049a6 (0x14d1c313) xori    t1, gp, 333
core   0: 1 0x00000000800049a6 (0x14d1c313) x6  0x000000000000014d
core   0: 0x00000000800049aa (0x00a31033) sll     zero, t1, a0
core   0: 1 0x00000000800049aa (0x00a31033)
core   0: 0x00000000800049ae (0x02195db3) divu    s11, s2, ra
core   0: 1 0x00000000800049ae (0x02195db3) x27 0xffffffffffffffff
core   0: 0x00000000800049b2 (0x38bdcc93) xori    s9, s11, 907
core   0: 1 0x00000000800049b2 (0x38bdcc93) x25 0xfffffffffffffc74
core   0: 0x00000000800049b6 (0x00045693) srli    a3, s0, 0
core   0: 1 0x00000000800049b6 (0x00045693) x13 0x000000000000001d
core   0: 0x00000000800049ba (0x00d1d1bb) srlw    gp, gp, a3
core   0: 1 0x00000000800049ba (0x00d1d1bb) x3  0x0000000000000000
core   0: 0x00000000800049be (0xc02ef4d3) fcvt.l.s s1, ft9
core   0: 1 0x00000000800049be (0xc02ef4d3) c1_fflags 0x000000000000001d x9  0x7fffffffffffffff
core   0: 0x00000000800049c2 (0xc22c7153) fcvt.l.d sp, fs8
core   0: 1 0x00000000800049c2 (0xc22c7153) x2  0xfffffffffffff982
core   0: 0x00000000800049c6 (0x0142863b) addw    a2, t0, s4
core   0: 1 0x00000000800049c6 (0x0142863b) x12 0x0000000000001edf
core   0: 0x00000000800049ca (0x0136d3b3) srl     t2, a3, s3
core   0: 1 0x00000000800049ca (0x0136d3b3) x7  0x0000000000000000
core   0: 0x00000000800049ce (0xa2e60553) fle.d   a0, fa2, fa4
core   0: 1 0x00000000800049ce (0xa2e60553) c1_fflags 0x000000000000001d x10 0x0000000000000000
core   0: 0x00000000800049d2 (0x00056913) ori     s2, a0, 0
core   0: 1 0x00000000800049d2 (0x00056913) x18 0x0000000000000000
core   0: 0x00000000800049d6 (0xfff68e93) addi    t4, a3, -1
core   0: 1 0x00000000800049d6 (0xfff68e93) x29 0x000000000000001c
core   0: 0x00000000800049da (0xd03efbd3) fcvt.s.lu fs7, t4
core   0: 1 0x00000000800049da (0xd03efbd3) f23 0xffffffff41e00000
core   0: 0x00000000800049de (0x0302d83b) divuw   a6, t0, a6
core   0: 1 0x00000000800049de (0x0302d83b) x16 0xffffffffffffffff
core   0: 0x00000000800049e2 (0x5a0e7253) fsqrt.d ft4, ft8
core   0: 1 0x00000000800049e2 (0x5a0e7253) f4  0x8000000000000000
core   0: 0x00000000800049e6 (0xa2a50253) fle.d   tp, fa0, fa0
core   0: 1 0x00000000800049e6 (0xa2a50253) x4  0x0000000000000001
core   0: 0x00000000800049ea (0xd027f553) fcvt.s.l fa0, a5
core   0: 1 0x00000000800049ea (0xd027f553) c1_fflags 0x000000000000001d f10 0xffffffff5f000000
core   0: 0x00000000800049ee (0x00001113) slli    sp, zero, 0
core   0: 1 0x00000000800049ee (0x00001113) x2  0x0000000000000000
core   0: 0x00000000800049f2 (0x02212633) mulhsu  a2, sp, sp
core   0: 1 0x00000000800049f2 (0x02212633) x12 0x0000000000000000
core   0: 0x00000000800049f6 (0x038c60bb) remw    ra, s8, s8
core   0: 1 0x00000000800049f6 (0x038c60bb) x1  0x0000000000000000
core   0: 0x00000000800049fa (0x22191953) fsgnjn.d fs2, fs2, ft1
core   0: 1 0x00000000800049fa (0x22191953) f18 0x0000000000000000
core   0: 0x00000000800049fe (0x8a24f193) andi    gp, s1, -1886
core   0: 1 0x00000000800049fe (0x8a24f193) x3  0x7ffffffffffff8a2
core   0: 0x0000000080004a02 (0x00a1d533) srl     a0, gp, a0
core   0: 1 0x0000000080004a02 (0x00a1d533) x10 0x7ffffffffffff8a2
core   0: 0x0000000080004a06 (0x2b708253) fmin.d  ft4, ft1, fs7
core   0: 1 0x0000000080004a06 (0x2b708253) f4  0x8000000000000000
core   0: 0x0000000080004a0a (0x0ff0000f) fence   iorw,iorw
core   0: 1 0x0000000080004a0a (0x0ff0000f)
core   0: 0x0000000080004a0e (0x2a6309d3) fmin.d  fs3, ft6, ft6
core   0: 1 0x0000000080004a0e (0x2a6309d3) f19 0x7ff8000000000000
core   0: 0x0000000080004a12 (0xd21d0cd3) fcvt.d.wu fs9, s10
core   0: 1 0x0000000080004a12 (0xd21d0cd3) f25 0x4117077000000000
core   0: 0x0000000080004a16 (0x0126843b) addw    s0, a3, s2
core   0: 1 0x0000000080004a16 (0x0126843b) x8  0x000000000000001d
core   0: 0x0000000080004a1a (0x0234083b) mulw    a6, s0, gp
core   0: 1 0x0000000080004a1a (0x0234083b) x16 0xffffffffffff2a5a
core   0: 0x0000000080004a1e (0xe2048253) fmv.x.d tp, fs1
core   0: 1 0x0000000080004a1e (0xe2048253) x4  0xffffffff5f800000
core   0: 0x0000000080004a22 (0x4121d0b3) sra     ra, gp, s2
core   0: 1 0x0000000080004a22 (0x4121d0b3) x1  0x7ffffffffffff8a2
core   0: 0x0000000080004a26 (0x0344e4b3) rem     s1, s1, s4
core   0: 1 0x0000000080004a26 (0x0344e4b3) x9  0x0000000000001e7f
core   0: 0x0000000080004a2a (0x236611d3) fsgnjn.d ft3, fa2, fs6
core   0: 1 0x0000000080004a2a (0x236611d3) f3  0x8000000000000000
core   0: 0x0000000080004a2e (0x00199df3) csrrw   s11, fflags, s3
core   0: 1 0x0000000080004a2e (0x00199df3) x27 0x000000000000001d c1_fflags 0x000000000000001c
core   0: 0x0000000080004a32 (0x01c5109b) slliw   ra, a0, 28
core   0: 1 0x0000000080004a32 (0x01c5109b) x1  0x0000000020000000
core   0: 0x0000000080004a36 (0x0071981b) slliw   a6, gp, 7
core   0: 1 0x0000000080004a36 (0x0071981b) x16 0xfffffffffffc5100
core   0: 0x0000000080004a3a (0x106c7073) csrrci  zero, scounteren, 24
core   0: 1 0x0000000080004a3a (0x106c7073) c262_scounteren 0x0000000000000000
core   0: 0x0000000080004a3e (0x41ced8bb) sraw    a7, t4, t3
core   0: 1 0x0000000080004a3e (0x41ced8bb) x17 0x000000000000001c
core   0: 0x0000000080004a42 (0xd22e7bd3) fcvt.d.l fs7, t3
core   0: 1 0x0000000080004a42 (0xd22e7bd3) f23 0x0000000000000000
core   0: 0x0000000080004a46 (0x91424b97) auipc   s7, 0x91424
core   0: 1 0x0000000080004a46 (0x91424b97) x23 0x0000000011428a46
core   0: 0x0000000080004a4a (0x40fd541b) sraiw   s0, s10, 15
core   0: 1 0x0000000080004a4a (0x40fd541b) x8  0x000000000000000b
core   0: 0x0000000080004a4e (0x036403b3) mul     t2, s0, s6
core   0: 1 0x0000000080004a4e (0x036403b3) x7  0xffae4b28a9d13114
core   0: 0x0000000080004a52 (0x00009a3a) c.add   s4, a4
core   0: 1 0x0000000080004a52 (0x9a3a) x20 0x0000000000001ee2
core   0: 0x0000000080004a54 (0x0000501b) srliw   zero, zero, 0
core   0: 1 0x0000000080004a54 (0x0000501b)
core   0: 0x0000000080004a58 (0x0207eebb) remw    t4, a5, zero
core   0: 1 0x0000000080004a58 (0x0207eebb) x29 0xffffffffffffffff
core   0: 0x0000000080004a5c (0x42f95293) srai    t0, s2, 47
core   0: 1 0x0000000080004a5c (0x42f95293) x5  0x0000000000000000
core   0: 0x0000000080004a60 (0x0b717dd3) fsub.d  fs11, ft2, fs7
core   0: 1 0x0000000080004a60 (0x0b717dd3) f27 0x0000000000000000
core   0: 0x0000000080004a64 (0x4013f3d3) fcvt.s.d ft7, ft7
core   0: 1 0x0000000080004a64 (0x4013f3d3) f7  0xffffffff00000000
core   0: 0x0000000080004a68 (0x036501b3) mul     gp, a0, s6
core   0: 1 0x0000000080004a68 (0x036501b3) x3  0x36b8ef7e4413acf8
core   0: 0x0000000080004a6c (0x0154c4b3) xor     s1, s1, s5
core   0: 1 0x0000000080004a6c (0x0154c4b3) x9  0x0000000000001e7f
core   0: 0x0000000080004a70 (0x037e1513) slli    a0, t3, 55
core   0: 1 0x0000000080004a70 (0x037e1513) x10 0x0000000000000000
core   0: 0x0000000080004a74 (0x4274744f) fnmadd.d fs0, fs0, ft7, fs0
core   0: 1 0x0000000080004a74 (0x4274744f) f8  0x7ff8000000000000
core   0: 0x0000000080004a78 (0x01da6133) or      sp, s4, t4
core   0: 1 0x0000000080004a78 (0x01da6133) x2  0xffffffffffffffff
core   0: 0x0000000080004a7c (0xc20dfc53) fcvt.w.d s8, fs11
core   0: 1 0x0000000080004a7c (0xc20dfc53) x24 0x0000000000000000
core   0: 0x0000000080004a80 (0x00c654bb) srlw    s1, a2, a2
core   0: 1 0x0000000080004a80 (0x00c654bb) x9  0x0000000000000000
core   0: 0x0000000080004a84 (0x4092d63b) sraw    a2, t0, s1
core   0: 1 0x0000000080004a84 (0x4092d63b) x12 0x0000000000000000
core   0: 0x0000000080004a88 (0x018e5ab3) srl     s5, t3, s8
core   0: 1 0x0000000080004a88 (0x018e5ab3) x21 0x0000000000000000
core   0: 0x0000000080004a8c (0x0183dc3b) srlw    s8, t2, s8
core   0: 1 0x0000000080004a8c (0x0183dc3b) x24 0xffffffffa9d13114
core   0: 0x0000000080004a90 (0x1d3e0b1b) addiw   s6, t3, 467
core   0: 1 0x0000000080004a90 (0x1d3e0b1b) x22 0x00000000000001d3
core   0: 0x0000000080004a94 (0x009b28b3) slt     a7, s6, s1
core   0: 1 0x0000000080004a94 (0x009b28b3) x17 0x0000000000000000
core   0: 0x0000000080004a98 (0x01446433) or      s0, s0, s4
core   0: 1 0x0000000080004a98 (0x01446433) x8  0x0000000000001eeb
core   0: 0x0000000080004a9c (0x0118c233) xor     tp, a7, a7
core   0: 1 0x0000000080004a9c (0x0118c233) x4  0x0000000000000000
core   0: 0x0000000080004aa0 (0x004613b3) sll     t2, a2, tp
core   0: 1 0x0000000080004aa0 (0x004613b3) x7  0x0000000000000000
core   0: 0x0000000080004aa4 (0xd3ae7c4f) fnmadd.d fs8, ft8, fs10, fs10
core   0: 1 0x0000000080004aa4 (0xd3ae7c4f) f24 0x0000000000000000
core   0: 0x0000000080004aa8 (0x018c4c33) xor     s8, s8, s8
core   0: 1 0x0000000080004aa8 (0x018c4c33) x24 0x0000000000000000
core   0: 0x0000000080004aac (0x0273753b) remuw   a0, t1, t2
core   0: 1 0x0000000080004aac (0x0273753b) x10 0x000000000000014d
core   0: 0x0000000080004ab0 (0x01889b1b) slliw   s6, a7, 24
core   0: 1 0x0000000080004ab0 (0x01889b1b) x22 0x0000000000000000
core   0: 0x0000000080004ab4 (0x2ceb0e93) addi    t4, s6, 718
core   0: 1 0x0000000080004ab4 (0x2ceb0e93) x29 0x00000000000002ce
core   0: 0x0000000080004ab8 (0x0224ed3b) remw    s10, s1, sp
core   0: 1 0x0000000080004ab8 (0x0224ed3b) x26 0x0000000000000000
core   0: 0x0000000080004abc (0x01c5aeb3) slt     t4, a1, t3
core   0: 1 0x0000000080004abc (0x01c5aeb3) x29 0x0000000000000001
core   0: 0x0000000080004ac0 (0xd0397fd3) fcvt.s.lu ft11, s2
core   0: 1 0x0000000080004ac0 (0xd0397fd3) f31 0xffffffff00000000
core   0: 0x0000000080004ac4 (0x228d2453) fsgnjx.d fs0, fs10, fs0
core   0: 1 0x0000000080004ac4 (0x228d2453) f8  0x0000000000000000
core   0: 0x0000000080004ac8 (0xfc096513) ori     a0, s2, -64
core   0: 1 0x0000000080004ac8 (0xfc096513) x10 0xffffffffffffffc0
core   0: 0x0000000080004acc (0x02056c33) rem     s8, a0, zero
core   0: 1 0x0000000080004acc (0x02056c33) x24 0xffffffffffffffc0
core   0: 0x0000000080004ad0 (0x40a3d23b) sraw    tp, t2, a0
core   0: 1 0x0000000080004ad0 (0x40a3d23b) x4  0x0000000000000000
core   0: 0x0000000080004ad4 (0xda8efec3) fmadd.d ft9, ft9, fs0, fs11
core   0: 1 0x0000000080004ad4 (0xda8efec3) f29 0x0000000000000000
core   0: 0x0000000080004ad8 (0x30637973) csrrci  s2, mcounteren, 6
core   0: exception trap_illegal_instruction, epc 0x0000000080004ad8
core   0:           tval 0x0000000030637973
core   0: >>>>  $xrv64i2p1_m2p0_a2p1_f2p2_d2p2_zicsr2p0_zifencei2p0_zmmul1p0_zba1p0_zbb1p0_zbc1p0_zbs1p0
core   0: 0x0000000080004000 (0x0080006f) j       pc + 0x8
core   0: 3 0x0000000080004000 (0x0080006f)
core   0: >>>>  mmode_exception_handler
core   0: 0x0000000080004008 (0x00002c17) auipc   s8, 0x2
core   0: 3 0x0000000080004008 (0x00002c17) x24 0x0000000080006008
core   0: 0x000000008000400c (0x094c0c13) addi    s8, s8, 148
core   0: 3 0x000000008000400c (0x094c0c13) x24 0x000000008000609c
core   0: 0x0000000080004010 (0x000c00e7) jalr    s8
core   0: 3 0x0000000080004010 (0x000c00e7) x1  0x0000000080004014
core   0: >>>>  any_handler
core   0: 0x000000008000609c (0x341027f3) csrrs   a5, mepc, zero
core   0: 3 0x000000008000609c (0x341027f3) x15 0x0000000080004ad8
core   0: 0x00000000800060a0 (0x34202773) csrrs   a4, mcause, zero
core   0: 3 0x00000000800060a0 (0x34202773) x14 0x0000000000000002
core   0: 0x00000000800060a4 (0x142026f3) csrrs   a3, scause, zero
core   0: 3 0x00000000800060a4 (0x142026f3) x13 0x0000000000000000
core   0: 0x00000000800060a8 (0x30402673) csrrs   a2, mie, zero
core   0: 3 0x00000000800060a8 (0x30402673) x12 0x0000000000000a00
core   0: 0x00000000800060ac (0x344025f3) csrrs   a1, mip, zero
core   0: 3 0x00000000800060ac (0x344025f3) x11 0x0000000000000080
core   0: 0x00000000800060b0 (0x343025f3) csrrs   a1, mtval, zero
core   0: 3 0x00000000800060b0 (0x343025f3) x11 0x0000000030637973
core   0: 0x00000000800060b4 (0x14302573) csrrs   a0, stval, zero
core   0: 3 0x00000000800060b4 (0x14302573) x10 0x0000000000000000
core   0: 0x00000000800060b8 (0xb02024f3) csrrs   s1, minstret, zero
core   0: 3 0x00000000800060b8 (0xb02024f3) x9  0x0000000000000b92
core   0: 0x00000000800060bc (0x0000a811) c.j     pc + 20
core   0: 3 0x00000000800060bc (0xa811)
core   0: >>>>  mepc_4
core   0: 0x00000000800060d0 (0x00000791) c.addi  a5, 4
core   0: 3 0x00000000800060d0 (0x0791) x15 0x0000000080004adc
core   0: 0x00000000800060d2 (0x34179073) csrrw   zero, mepc, a5
core   0: 3 0x00000000800060d2 (0x34179073) c833_mepc 0x0000000080004adc
core   0: 0x00000000800060d6 (0x30200073) mret
core   0: 3 0x00000000800060d6 (0x30200073) c768_mstatus 0x8000000a00106080
core   0: 0x0000000080004adc (0x00b89d33) sll     s10, a7, a1
core   0: 1 0x0000000080004adc (0x00b89d33) x26 0x0000000000000000
core   0: 0x0000000080004ae0 (0x229492d3) fsgnjn.d ft5, fs1, fs1
core   0: 1 0x0000000080004ae0 (0x229492d3) f5  0x7fffffff5f800000
core   0: 0x0000000080004ae4 (0x00009159) c.srli  a0, 54
core   0: 1 0x0000000080004ae4 (0x9159) x10 0x0000000000000000
core   0: 0x0000000080004ae6 (0x231715d3) fsgnjn.d fa1, fa4, fa7
core   0: 1 0x0000000080004ae6 (0x231715d3) f11 0xfff8000000000000
core   0: 0x0000000080004aea (0x405e571b) sraiw   a4, t3, 5
core   0: 1 0x0000000080004aea (0x405e571b) x14 0x0000000000000000
core   0: 0x0000000080004aee (0x02589037) lui     zero, 0x2589
core   0: 1 0x0000000080004aee (0x02589037)
core   0: 0x0000000080004af2 (0x19f0001b) addiw   zero, zero, 415
core   0: 1 0x0000000080004af2 (0x19f0001b)
core   0: 0x0000000080004af6 (0x00d01013) slli    zero, zero, 13
core   0: 1 0x0000000080004af6 (0x00d01013)
core   0: 0x0000000080004afa (0x5e200013) li      zero, 1506
core   0: 1 0x0000000080004afa (0x5e200013)
core   0: 0x0000000080004afe (0x3201f1cb) fnmsub.d ft3, ft3, ft0, ft6
core   0: 1 0x0000000080004afe (0x3201f1cb) f3  0x7ff8000000000000
core   0: 0x0000000080004b02 (0x00475b1b) srliw   s6, a4, 4
core   0: 1 0x0000000080004b02 (0x00475b1b) x22 0x0000000000000000
core   0: 0x0000000080004b06 (0x02f65ebb) divuw   t4, a2, a5
core   0: 1 0x0000000080004b06 (0x02f65ebb) x29 0x0000000000000000
core   0: 0x0000000080004b0a (0x4009003b) subw    zero, s2, zero
core   0: 1 0x0000000080004b0a (0x4009003b)
core   0: 0x0000000080004b0e (0x4018d593) srai    a1, a7, 1
core   0: 1 0x0000000080004b0e (0x4018d593) x11 0x0000000000000000
core   0: 0x0000000080004b12 (0x03b89db3) mulh    s11, a7, s11
core   0: 1 0x0000000080004b12 (0x03b89db3) x27 0x0000000000000000
core   0: 0x0000000080004b16 (0x2a359d53) fmax.d  fs10, fa1, ft3
core   0: 1 0x0000000080004b16 (0x2a359d53) f26 0x7ff8000000000000
core   0: 0x0000000080004b1a (0x013059bb) srlw    s3, zero, s3
core   0: 1 0x0000000080004b1a (0x013059bb) x19 0x0000000000000000
core   0: 0x0000000080004b1e (0xc02c7cd3) fcvt.l.s s9, fs8
core   0: 1 0x0000000080004b1e (0xc02c7cd3) c1_fflags 0x000000000000001c x25 0x7fffffffffffffff
core   0: 0x0000000080004b22 (0x4112541b) sraiw   s0, tp, 17
core   0: 1 0x0000000080004b22 (0x4112541b) x8  0x0000000000000000
core   0: 0x0000000080004b26 (0x3f6245b7) lui     a1, 0x3f624
core   0: 1 0x0000000080004b26 (0x3f6245b7) x11 0x000000003f624000
core   0: 0x0000000080004b2a (0xc21ef443) fmadd.d fs0, ft9, ft1, fs8
core   0: 1 0x0000000080004b2a (0xc21ef443) f8  0x0000000000000000
core   0: 0x0000000080004b2e (0x2a6c9553) fmax.d  fa0, fs9, ft6
core   0: 1 0x0000000080004b2e (0x2a6c9553) f10 0x4117077000000000
core   0: 0x0000000080004b32 (0x415d5d33) sra     s10, s10, s5
core   0: 1 0x0000000080004b32 (0x415d5d33) x26 0x0000000000000000
core   0: 0x0000000080004b36 (0x2a000953) fmin.d  fs2, ft0, ft0
core   0: 1 0x0000000080004b36 (0x2a000953) f18 0xc099f80000000000
core   0: 0x0000000080004b3a (0x40b082bb) subw    t0, ra, a1
core   0: 1 0x0000000080004b3a (0x40b082bb) x5  0x00000000409e0014
core   0: 0x0000000080004b3e (0x4009551b) sraiw   a0, s2, 0
core   0: 1 0x0000000080004b3e (0x4009551b) x10 0x0000000000000000
core   0: 0x0000000080004b42 (0x00729ab3) sll     s5, t0, t2
core   0: 1 0x0000000080004b42 (0x00729ab3) x21 0x00000000409e0014
core   0: 0x0000000080004b46 (0x03caee33) rem     t3, s5, t3
core   0: 1 0x0000000080004b46 (0x03caee33) x28 0x00000000409e0014
core   0: 0x0000000080004b4a (0x09219717) auipc   a4, 0x9219
core   0: 1 0x0000000080004b4a (0x09219717) x14 0x000000008921db4a
core   0: 0x0000000080004b4e (0x22552753) fsgnjx.d fa4, fa0, ft5
core   0: 1 0x0000000080004b4e (0x22552753) f14 0x4117077000000000
core   0: 0x0000000080004b52 (0xc0297a53) fcvt.l.s s4, fs2
core   0: 1 0x0000000080004b52 (0xc0297a53) c1_fflags 0x000000000000001c x20 0x7fffffffffffffff
core   0: 0x0000000080004b56 (0x0142d53b) srlw    a0, t0, s4
core   0: 1 0x0000000080004b56 (0x0142d53b) x10 0x0000000000000000
core   0: 0x0000000080004b5a (0x00fedcbb) srlw    s9, t4, a5
core   0: 1 0x0000000080004b5a (0x00fedcbb) x25 0x0000000000000000
core   0: 0x0000000080004b5e (0x402c843b) subw    s0, s9, sp
core   0: 1 0x0000000080004b5e (0x402c843b) x8  0x0000000000000001
core   0: 0x0000000080004b62 (0x23e52553) fsgnjx.d fa0, fa0, ft10
core   0: 1 0x0000000080004b62 (0x23e52553) f10 0xc117077000000000
core   0: 0x0000000080004b66 (0x00107293) andi    t0, zero, 1
core   0: 1 0x0000000080004b66 (0x00107293) x5  0x0000000000000000
core   0: 0x0000000080004b6a (0xc21efa53) fcvt.wu.d s4, ft9
core   0: 1 0x0000000080004b6a (0xc21efa53) x20 0x0000000000000000
core   0: 0x0000000080004b6e (0xc23870d3) fcvt.lu.d ra, fa6
core   0: 1 0x0000000080004b6e (0xc23870d3) x1  0x000000000f701bbc
core   0: 0x0000000080004b72 (0x00000001) c.nop
core   0: 1 0x0000000080004b72 (0x0001)
core   0: 0x0000000080004b74 (0x0ff0000f) fence   iorw,iorw
core   0: 1 0x0000000080004b74 (0x0ff0000f)
core   0: 0x0000000080004b78 (0x8743ea93) ori     s5, t2, -1932
core   0: 1 0x0000000080004b78 (0x8743ea93) x21 0xfffffffffffff874
core   0: 0x0000000080004b7c (0x02f324b3) mulhsu  s1, t1, a5
core   0: 1 0x0000000080004b7c (0x02f324b3) x9  0x0000000000000000
core   0: 0x0000000080004b80 (0x03d49e13) slli    t3, s1, 61
core   0: 1 0x0000000080004b80 (0x03d49e13) x28 0x0000000000000000
core   0: 0x0000000080004b84 (0xd237f853) fcvt.d.lu fa6, a5
core   0: 1 0x0000000080004b84 (0xd237f853) f16 0x41e000095b800000
core   0: 0x0000000080004b88 (0x01cafa33) and     s4, s5, t3
core   0: 1 0x0000000080004b88 (0x01cafa33) x20 0x0000000000000000
core   0: 0x0000000080004b8c (0xd234fd53) fcvt.d.lu fs10, s1
core   0: 1 0x0000000080004b8c (0xd234fd53) f26 0x0000000000000000
core   0: 0x0000000080004b90 (0x401070d3) fcvt.s.d ft1, ft0
core   0: 1 0x0000000080004b90 (0x401070d3) f1  0xffffffffc4cfc000
core   0: 0x0000000080004b94 (0x00201133) sll     sp, zero, sp
core   0: 1 0x0000000080004b94 (0x00201133) x2  0x0000000000000000
core   0: 0x0000000080004b98 (0x01315abb) srlw    s5, sp, s3
core   0: 1 0x0000000080004b98 (0x01315abb) x21 0x0000000000000000
core   0: 0x0000000080004b9c (0x401bff53) fcvt.s.d ft10, fs7
core   0: 1 0x0000000080004b9c (0x401bff53) f30 0xffffffff00000000
core   0: 0x0000000080004ba0 (0x025e843b) mulw    s0, t4, t0
core   0: 1 0x0000000080004ba0 (0x025e843b) x8  0x0000000000000000
core   0: 0x0000000080004ba4 (0xc81e8593) addi    a1, t4, -895
core   0: 1 0x0000000080004ba4 (0xc81e8593) x11 0xfffffffffffffc81
core   0: 0x0000000080004ba8 (0x34407973) csrrci  s2, mip, 0
core   0: exception trap_illegal_instruction, epc 0x0000000080004ba8
core   0:           tval 0x0000000034407973
core   0: >>>>  $xrv64i2p1_m2p0_a2p1_f2p2_d2p2_zicsr2p0_zifencei2p0_zmmul1p0_zba1p0_zbb1p0_zbc1p0_zbs1p0
core   0: 0x0000000080004000 (0x0080006f) j       pc + 0x8
core   0: 3 0x0000000080004000 (0x0080006f)
core   0: >>>>  mmode_exception_handler
core   0: 0x0000000080004008 (0x00002c17) auipc   s8, 0x2
core   0: 3 0x0000000080004008 (0x00002c17) x24 0x0000000080006008
core   0: 0x000000008000400c (0x094c0c13) addi    s8, s8, 148
core   0: 3 0x000000008000400c (0x094c0c13) x24 0x000000008000609c
core   0: 0x0000000080004010 (0x000c00e7) jalr    s8
core   0: 3 0x0000000080004010 (0x000c00e7) x1  0x0000000080004014
core   0: >>>>  any_handler
core   0: 0x000000008000609c (0x341027f3) csrrs   a5, mepc, zero
core   0: 3 0x000000008000609c (0x341027f3) x15 0x0000000080004ba8
core   0: 0x00000000800060a0 (0x34202773) csrrs   a4, mcause, zero
core   0: 3 0x00000000800060a0 (0x34202773) x14 0x0000000000000002
core   0: 0x00000000800060a4 (0x142026f3) csrrs   a3, scause, zero
core   0: 3 0x00000000800060a4 (0x142026f3) x13 0x0000000000000000
core   0: 0x00000000800060a8 (0x30402673) csrrs   a2, mie, zero
core   0: 3 0x00000000800060a8 (0x30402673) x12 0x0000000000000a00
core   0: 0x00000000800060ac (0x344025f3) csrrs   a1, mip, zero
core   0: 3 0x00000000800060ac (0x344025f3) x11 0x0000000000000080
core   0: 0x00000000800060b0 (0x343025f3) csrrs   a1, mtval, zero
core   0: 3 0x00000000800060b0 (0x343025f3) x11 0x0000000034407973
core   0: 0x00000000800060b4 (0x14302573) csrrs   a0, stval, zero
core   0: 3 0x00000000800060b4 (0x14302573) x10 0x0000000000000000
core   0: 0x00000000800060b8 (0xb02024f3) csrrs   s1, minstret, zero
core   0: 3 0x00000000800060b8 (0xb02024f3) x9  0x0000000000000bd6
core   0: 0x00000000800060bc (0x0000a811) c.j     pc + 20
core   0: 3 0x00000000800060bc (0xa811)
core   0: >>>>  mepc_4
core   0: 0x00000000800060d0 (0x00000791) c.addi  a5, 4
core   0: 3 0x00000000800060d0 (0x0791) x15 0x0000000080004bac
core   0: 0x00000000800060d2 (0x34179073) csrrw   zero, mepc, a5
core   0: 3 0x00000000800060d2 (0x34179073) c833_mepc 0x0000000080004bac
core   0: 0x00000000800060d6 (0x30200073) mret
core   0: 3 0x00000000800060d6 (0x30200073) c768_mstatus 0x8000000a00106080
core   0: 0x0000000080004bac (0x223408d3) fsgnj.d fa7, fs0, ft3
core   0: 1 0x0000000080004bac (0x223408d3) f17 0x0000000000000000
core   0: 0x0000000080004bb0 (0x001917b7) lui     a5, 0x191
core   0: 1 0x0000000080004bb0 (0x001917b7) x15 0x0000000000191000
core   0: 0x0000000080004bb4 (0x4bb7879b) addiw   a5, a5, 1211
core   0: 1 0x0000000080004bb4 (0x4bb7879b) x15 0x00000000001914bb
core   0: 0x0000000080004bb8 (0x000007c6) c.slli  a5, 17
core   0: 1 0x0000000080004bb8 (0x07c6) x15 0x0000003229760000
core   0: 0x0000000080004bba (0x50a78793) addi    a5, a5, 1290
core   0: 1 0x0000000080004bba (0x50a78793) x15 0x000000322976050a
core   0: 0x0000000080004bbe (0x00c1d393) srli    t2, gp, 12
core   0: 1 0x0000000080004bbe (0x00c1d393) x7  0x00036b8ef7e4413a
core   0: 0x0000000080004bc2 (0x7ff5e313) ori     t1, a1, 2047
core   0: 1 0x0000000080004bc2 (0x7ff5e313) x6  0x0000000034407fff
core   0: 0x0000000080004bc6 (0x5a0ff0d3) fsqrt.d ft1, ft11
core   0: 1 0x0000000080004bc6 (0x5a0ff0d3) f1  0x7ff8000000000000
core   0: 0x0000000080004bca (0xe20f8453) fmv.x.d s0, ft11
core   0: 1 0x0000000080004bca (0xe20f8453) x8  0xffffffff00000000
core   0: 0x0000000080004bce (0xa2ea80d3) fle.d   ra, fs5, fa4
core   0: 1 0x0000000080004bce (0xa2ea80d3) x1  0x0000000000000001
core   0: 0x0000000080004bd2 (0xd782f793) andi    a5, t0, -648
core   0: 1 0x0000000080004bd2 (0xd782f793) x15 0x0000000000000000
core   0: 0x0000000080004bd6 (0xa21a8ad3) fle.d   s5, fs5, ft1
core   0: 1 0x0000000080004bd6 (0xa21a8ad3) c1_fflags 0x000000000000001c x21 0x0000000000000000
core   0: 0x0000000080004bda (0x412a093b) subw    s2, s4, s2
core   0: 1 0x0000000080004bda (0x412a093b) x18 0x0000000000000000
core   0: 0x0000000080004bde (0x0122c2b3) xor     t0, t0, s2
core   0: 1 0x0000000080004bde (0x0122c2b3) x5  0x0000000000000000
core   0: 0x0000000080004be2 (0x001020f3) csrrs   ra, fflags, zero
core   0: 1 0x0000000080004be2 (0x001020f3) x1  0x000000000000001c
core   0: 0x0000000080004be6 (0x23ff9e53) fsgnjn.d ft8, ft11, ft11
core   0: 1 0x0000000080004be6 (0x23ff9e53) f28 0x7fffffff00000000
core   0: 0x0000000080004bea (0x0032fa33) and     s4, t0, gp
core   0: 1 0x0000000080004bea (0x0032fa33) x20 0x0000000000000000
core   0: 0x0000000080004bee (0x1400e673) csrrsi  a2, sscratch, 1
core   0: 1 0x0000000080004bee (0x1400e673) x12 0x0000000000000000 c320_sscratch 0x0000000000000001
core   0: 0x0000000080004bf2 (0x000d5d13) srli    s10, s10, 0
core   0: 1 0x0000000080004bf2 (0x000d5d13) x26 0x0000000000000000
core   0: 0x0000000080004bf6 (0x01b368b3) or      a7, t1, s11
core   0: 1 0x0000000080004bf6 (0x01b368b3) x17 0x0000000034407fff
core   0: 0x0000000080004bfa (0x00101573) csrrw   a0, fflags, zero
core   0: 1 0x0000000080004bfa (0x00101573) x10 0x000000000000001c c1_fflags 0x0000000000000000
core   0: 0x0000000080004bfe (0x1406a373) csrrs   t1, sscratch, a3
core   0: 1 0x0000000080004bfe (0x1406a373) x6  0x0000000000000001 c320_sscratch 0x0000000000000001
core   0: 0x0000000080004c02 (0x0b577ed3) fsub.d  ft9, fa4, fs5
core   0: 1 0x0000000080004c02 (0x0b577ed3) f29 0x4117077000000000
core   0: 0x0000000080004c06 (0x00202cf3) csrrs   s9, frm, zero
core   0: 1 0x0000000080004c06 (0x00202cf3) x25 0x0000000000000000
core   0: 0x0000000080004c0a (0x03cc94b3) mulh    s1, s9, t3
core   0: 1 0x0000000080004c0a (0x03cc94b3) x9  0x0000000000000000
core   0: 0x0000000080004c0e (0xc03ef453) fcvt.lu.s s0, ft9
core   0: 1 0x0000000080004c0e (0xc03ef453) c1_fflags 0x0000000000000010 x8  0xffffffffffffffff
core   0: 0x0000000080004c12 (0x005a0333) add     t1, s4, t0
core   0: 1 0x0000000080004c12 (0x005a0333) x6  0x0000000000000000
core   0: 0x0000000080004c16 (0xe3c0f143) fmadd.d ft2, ft1, ft8, ft8
core   0: 1 0x0000000080004c16 (0xe3c0f143) f2  0x7ff8000000000000
core   0: 0x0000000080004c1a (0x00621233) sll     tp, tp, t1
core   0: 1 0x0000000080004c1a (0x00621233) x4  0x0000000000000000
core   0: 0x0000000080004c1e (0x2b5211d3) fmax.d  ft3, ft4, fs5
core   0: 1 0x0000000080004c1e (0x2b5211d3) f3  0x0000000000000000
core   0: 0x0000000080004c22 (0x02374033) div     zero, a4, gp
core   0: 1 0x0000000080004c22 (0x02374033)
core   0: 0x0000000080004c26 (0x02000eb3) mul     t4, zero, zero
core   0: 1 0x0000000080004c26 (0x02000eb3) x29 0x0000000000000000
core   0: 0x0000000080004c2a (0x1bed714f) fnmadd.d ft2, fs10, ft10, ft3
core   0: 1 0x0000000080004c2a (0x1bed714f) f2  0x7ff8000000000000
core   0: 0x0000000080004c2e (0xf2887f4f) fnmadd.d ft10, fa6, fs0, ft10
core   0: 1 0x0000000080004c2e (0xf2887f4f) f30 0x7ff8000000000000
core   0: 0x0000000080004c32 (0x0280f53b) remuw   a0, ra, s0
core   0: 1 0x0000000080004c32 (0x0280f53b) x10 0x000000000000001c
core   0: 0x0000000080004c36 (0x417adcbb) sraw    s9, s5, s7
core   0: 1 0x0000000080004c36 (0x417adcbb) x25 0x0000000000000000
core   0: 0x0000000080004c3a (0x22e58253) fsgnj.d ft4, fa1, fa4
core   0: 1 0x0000000080004c3a (0x22e58253) f4  0x7ff8000000000000
core   0: 0x0000000080004c3e (0x036495b3) mulh    a1, s1, s6
core   0: 1 0x0000000080004c3e (0x036495b3) x11 0x0000000000000000
core   0: 0x0000000080004c42 (0x02325c33) divu    s8, tp, gp
core   0: 1 0x0000000080004c42 (0x02325c33) x24 0x0000000000000000
core   0: 0x0000000080004c46 (0x23b271c3) fmadd.d ft3, ft4, fs11, ft4
core   0: 1 0x0000000080004c46 (0x23b271c3) f3  0x7ff8000000000000
core   0: 0x0000000080004c4a (0x40c084b3) sub     s1, ra, a2
core   0: 1 0x0000000080004c4a (0x40c084b3) x9  0x000000000000001c
core   0: 0x0000000080004c4e (0x9a357a13) andi    s4, a0, -1629
core   0: 1 0x0000000080004c4e (0x9a357a13) x20 0x0000000000000000
core   0: 0x0000000080004c52 (0x4017d79b) sraiw   a5, a5, 1
core   0: 1 0x0000000080004c52 (0x4017d79b) x15 0x0000000000000000
core   0: 0x0000000080004c56 (0x02ac7c53) fadd.d  fs8, fs8, fa0
core   0: 1 0x0000000080004c56 (0x02ac7c53) f24 0xc117077000000000
core   0: 0x0000000080004c5a (0x00b01193) slli    gp, zero, 11
core   0: 1 0x0000000080004c5a (0x00b01193) x3  0x0000000000000000
core   0: 0x0000000080004c5e (0x010e4e33) xor     t3, t3, a6
core   0: 1 0x0000000080004c5e (0x010e4e33) x28 0xfffffffffffc5100
core   0: 0x0000000080004c62 (0x03dd66b3) rem     a3, s10, t4
core   0: 1 0x0000000080004c62 (0x03dd66b3) x13 0x0000000000000000
core   0: 0x0000000080004c66 (0xd21a07d3) fcvt.d.wu fa5, s4
core   0: 1 0x0000000080004c66 (0xd21a07d3) f15 0x0000000000000000
core   0: 0x0000000080004c6a (0x23882dd3) fsgnjx.d fs11, fa6, fs8
core   0: 1 0x0000000080004c6a (0x23882dd3) f27 0xc1e000095b800000
core   0: 0x0000000080004c6e (0x034cd413) srli    s0, s9, 52
core   0: 1 0x0000000080004c6e (0x034cd413) x8  0x0000000000000000
core   0: 0x0000000080004c72 (0x0120f733) and     a4, ra, s2
core   0: 1 0x0000000080004c72 (0x0120f733) x14 0x0000000000000000
core   0: 0x0000000080004c76 (0xc21afa53) fcvt.wu.d s4, fs5
core   0: 1 0x0000000080004c76 (0xc21afa53) x20 0x0000000000000000
core   0: 0x0000000080004c7a (0x03f05913) srli    s2, zero, 63
core   0: 1 0x0000000080004c7a (0x03f05913) x18 0x0000000000000000
core   0: 0x0000000080004c7e (0x022a9593) slli    a1, s5, 34
core   0: 1 0x0000000080004c7e (0x022a9593) x11 0x0000000000000000
core   0: 0x0000000080004c82 (0x0a7c79d3) fsub.d  fs3, fs8, ft7
core   0: 1 0x0000000080004c82 (0x0a7c79d3) f19 0x7ff8000000000000
core   0: 0x0000000080004c86 (0x00a4fe33) and     t3, s1, a0
core   0: 1 0x0000000080004c86 (0x00a4fe33) x28 0x000000000000001c
core   0: 0x0000000080004c8a (0x1a79f0d3) fdiv.d  ft1, fs3, ft7
core   0: 1 0x0000000080004c8a (0x1a79f0d3) f1  0x7ff8000000000000
core   0: 0x0000000080004c8e (0x5a037353) fsqrt.d ft6, ft6
core   0: 1 0x0000000080004c8e (0x5a037353) f6  0x7ff8000000000000
core   0: 0x0000000080004c92 (0x00191b73) csrrw   s6, fflags, s2
core   0: 1 0x0000000080004c92 (0x00191b73) x22 0x0000000000000010 c1_fflags 0x0000000000000000
core   0: 0x0000000080004c96 (0x40185c93) srai    s9, a6, 1
core   0: 1 0x0000000080004c96 (0x40185c93) x25 0xfffffffffffe2880
core   0: 0x0000000080004c9a (0x7b042b73) csrrs   s6, dcsr, s0
core   0: exception trap_illegal_instruction, epc 0x0000000080004c9a
core   0:           tval 0x000000007b042b73
core   0: >>>>  $xrv64i2p1_m2p0_a2p1_f2p2_d2p2_zicsr2p0_zifencei2p0_zmmul1p0_zba1p0_zbb1p0_zbc1p0_zbs1p0
core   0: 0x0000000080004000 (0x0080006f) j       pc + 0x8
core   0: 3 0x0000000080004000 (0x0080006f)
core   0: >>>>  mmode_exception_handler
core   0: 0x0000000080004008 (0x00002c17) auipc   s8, 0x2
core   0: 3 0x0000000080004008 (0x00002c17) x24 0x0000000080006008
core   0: 0x000000008000400c (0x094c0c13) addi    s8, s8, 148
core   0: 3 0x000000008000400c (0x094c0c13) x24 0x000000008000609c
core   0: 0x0000000080004010 (0x000c00e7) jalr    s8
core   0: 3 0x0000000080004010 (0x000c00e7) x1  0x0000000080004014
core   0: >>>>  any_handler
core   0: 0x000000008000609c (0x341027f3) csrrs   a5, mepc, zero
core   0: 3 0x000000008000609c (0x341027f3) x15 0x0000000080004c9a
core   0: 0x00000000800060a0 (0x34202773) csrrs   a4, mcause, zero
core   0: 3 0x00000000800060a0 (0x34202773) x14 0x0000000000000002
core   0: 0x00000000800060a4 (0x142026f3) csrrs   a3, scause, zero
core   0: 3 0x00000000800060a4 (0x142026f3) x13 0x0000000000000000
core   0: 0x00000000800060a8 (0x30402673) csrrs   a2, mie, zero
core   0: 3 0x00000000800060a8 (0x30402673) x12 0x0000000000000a00
core   0: 0x00000000800060ac (0x344025f3) csrrs   a1, mip, zero
core   0: 3 0x00000000800060ac (0x344025f3) x11 0x0000000000000080
core   0: 0x00000000800060b0 (0x343025f3) csrrs   a1, mtval, zero
core   0: 3 0x00000000800060b0 (0x343025f3) x11 0x000000007b042b73
core   0: 0x00000000800060b4 (0x14302573) csrrs   a0, stval, zero
core   0: 3 0x00000000800060b4 (0x14302573) x10 0x0000000000000000
core   0: 0x00000000800060b8 (0xb02024f3) csrrs   s1, minstret, zero
core   0: 3 0x00000000800060b8 (0xb02024f3) x9  0x0000000000000c22
core   0: 0x00000000800060bc (0x0000a811) c.j     pc + 20
core   0: 3 0x00000000800060bc (0xa811)
core   0: >>>>  mepc_4
core   0: 0x00000000800060d0 (0x00000791) c.addi  a5, 4
core   0: 3 0x00000000800060d0 (0x0791) x15 0x0000000080004c9e
core   0: 0x00000000800060d2 (0x34179073) csrrw   zero, mepc, a5
core   0: 3 0x00000000800060d2 (0x34179073) c833_mepc 0x0000000080004c9e
core   0: 0x00000000800060d6 (0x30200073) mret
core   0: 3 0x00000000800060d6 (0x30200073) c768_mstatus 0x8000000a00106080
core   0: 0x0000000080004c9e (0x030d51b3) divu    gp, s10, a6
core   0: 1 0x0000000080004c9e (0x030d51b3) x3  0x0000000000000000
core   0: 0x0000000080004ca2 (0x00000001) c.nop
core   0: 1 0x0000000080004ca2 (0x0001)
core   0: 0x0000000080004ca4 (0x001919f3) csrrw   s3, fflags, s2
core   0: 1 0x0000000080004ca4 (0x001919f3) x19 0x0000000000000000 c1_fflags 0x0000000000000000
core   0: 0x0000000080004ca8 (0x00d3cbb3) xor     s7, t2, a3
core   0: 1 0x0000000080004ca8 (0x00d3cbb3) x23 0x00036b8ef7e4413a
core   0: 0x0000000080004cac (0x0164573b) srlw    a4, s0, s6
core   0: 1 0x0000000080004cac (0x0164573b) x14 0x0000000000000000
core   0: 0x0000000080004cb0 (0x0118cd33) xor     s10, a7, a7
core   0: 1 0x0000000080004cb0 (0x0118cd33) x26 0x0000000000000000
core   0: 0x0000000080004cb4 (0x02e7e23b) remw    tp, a5, a4
core   0: 1 0x0000000080004cb4 (0x02e7e23b) x4  0xffffffff80004c9e
core   0: 0x0000000080004cb8 (0x031450bb) divuw   ra, s0, a7
core   0: 1 0x0000000080004cb8 (0x031450bb) x1  0x0000000000000000
core   0: 0x0000000080004cbc (0xd21b8a53) fcvt.d.wu fs4, s7
core   0: 1 0x0000000080004cbc (0xd21b8a53) f20 0x41eefc8827400000
core   0: 0x0000000080004cc0 (0x006cdb13) srli    s6, s9, 6
core   0: 1 0x0000000080004cc0 (0x006cdb13) x22 0x03fffffffffff8a2
core   0: 0x0000000080004cc4 (0x0175a633) slt     a2, a1, s7
core   0: 1 0x0000000080004cc4 (0x0175a633) x12 0x0000000000000001
core   0: 0x0000000080004cc8 (0x0273edb3) rem     s11, t2, t2
core   0: 1 0x0000000080004cc8 (0x0273edb3) x27 0x0000000000000000
core   0: 0x0000000080004ccc (0x7ff80e9b) addiw   t4, a6, 2047
core   0: 1 0x0000000080004ccc (0x7ff80e9b) x29 0xfffffffffffc58ff
core   0: 0x0000000080004cd0 (0xc211f353) fcvt.wu.d t1, ft3
core   0: 1 0x0000000080004cd0 (0xc211f353) c1_fflags 0x0000000000000010 x6  0xffffffffffffffff
core   0: 0x0000000080004cd4 (0x40630933) sub     s2, t1, t1
core   0: 1 0x0000000080004cd4 (0x40630933) x18 0x0000000000000000
core   0: 0x0000000080004cd8 (0x00141d9b) slliw   s11, s0, 1
core   0: 1 0x0000000080004cd8 (0x00141d9b) x27 0x0000000000000000
core   0: 0x0000000080004cdc (0x23a696d3) fsgnjn.d fa3, fa3, fs10
core   0: 1 0x0000000080004cdc (0x23a696d3) f13 0xfff8000000000000
core   0: 0x0000000080004ce0 (0x00fddc33) srl     s8, s11, a5
core   0: 1 0x0000000080004ce0 (0x00fddc33) x24 0x0000000000000000
core   0: 0x0000000080004ce4 (0x00fc18bb) sllw    a7, s8, a5
core   0: 1 0x0000000080004ce4 (0x00fc18bb) x17 0x0000000000000000
core   0: 0x0000000080004ce8 (0x598364b7) lui     s1, 0x59836
core   0: 1 0x0000000080004ce8 (0x598364b7) x9  0x0000000059836000
core   0: 0x0000000080004cec (0xfff04413) not     s0, zero
core   0: 1 0x0000000080004cec (0xfff04413) x8  0xffffffffffffffff
core   0: 0x0000000080004cf0 (0x029ef233) remu    tp, t4, s1
core   0: 1 0x0000000080004cf0 (0x029ef233) x4  0x000000000f8718ff
core   0: 0x0000000080004cf4 (0xd21e8653) fcvt.d.wu fa2, t4
core   0: 1 0x0000000080004cf4 (0xd21e8653) f12 0x41efff8b1fe00000
core   0: 0x0000000080004cf8 (0x39547013) andi    zero, s0, 917
core   0: 1 0x0000000080004cf8 (0x39547013)
core   0: 0x0000000080004cfc (0x004240b3) xor     ra, tp, tp
core   0: 1 0x0000000080004cfc (0x004240b3) x1  0x0000000000000000
core   0: 0x0000000080004d00 (0x011cecb3) or      s9, s9, a7
core   0: 1 0x0000000080004d00 (0x011cecb3) x25 0xfffffffffffe2880
core   0: 0x0000000080004d04 (0x00202c73) csrrs   s8, frm, zero
core   0: 1 0x0000000080004d04 (0x00202c73) x24 0x0000000000000000
core   0: 0x0000000080004d08 (0xd03bfb53) fcvt.s.lu fs6, s7
core   0: 1 0x0000000080004d08 (0xd03bfb53) c1_fflags 0x0000000000000011 f22 0xffffffff585ae3be
core   0: 0x0000000080004d0c (0x001c13f3) csrrw   t2, fflags, s8
core   0: 1 0x0000000080004d0c (0x001c13f3) x7  0x0000000000000011 c1_fflags 0x0000000000000000
core   0: 0x0000000080004d10 (0xde03fd93) andi    s11, t2, -544
core   0: 1 0x0000000080004d10 (0xde03fd93) x27 0x0000000000000000
core   0: 0x0000000080004d14 (0x02597cd3) fadd.d  fs9, fs2, ft5
core   0: 1 0x0000000080004d14 (0x02597cd3) f25 0x7ff8000000000000
core   0: 0x0000000080004d18 (0x40e25cb3) sra     s9, tp, a4
core   0: 1 0x0000000080004d18 (0x40e25cb3) x25 0x000000000f8718ff
core   0: 0x0000000080004d1c (0x800b6d13) ori     s10, s6, -2048
core   0: 1 0x0000000080004d1c (0x800b6d13) x26 0xfffffffffffff8a2
core   0: 0x0000000080004d20 (0x021411b3) mulh    gp, s0, ra
core   0: 1 0x0000000080004d20 (0x021411b3) x3  0x0000000000000000
core   0: 0x0000000080004d24 (0x122d78d3) fmul.d  fa7, fs10, ft2
core   0: 1 0x0000000080004d24 (0x122d78d3) f17 0x7ff8000000000000
core   0: 0x0000000080004d28 (0x021414b3) mulh    s1, s0, ra
core   0: 1 0x0000000080004d28 (0x021414b3) x9  0x0000000000000000
core   0: 0x0000000080004d2c (0xc02ff2d3) fcvt.l.s t0, ft11
core   0: 1 0x0000000080004d2c (0xc02ff2d3) x5  0x0000000000000000
core   0: 0x0000000080004d30 (0xfff18213) addi    tp, gp, -1
core   0: 1 0x0000000080004d30 (0xfff18213) x4  0xffffffffffffffff
core   0: 0x0000000080004d34 (0x02f2d033) divu    zero, t0, a5
core   0: 1 0x0000000080004d34 (0x02f2d033)
core   0: 0x0000000080004d38 (0x9326794b) fnmsub.d fs2, fa2, fs2, fs2
core   0: 1 0x0000000080004d38 (0x9326794b) f18 0x4299f7a127041000
core   0: 0x0000000080004d3c (0x0007981b) slliw   a6, a5, 0
core   0: 1 0x0000000080004d3c (0x0007981b) x16 0xffffffff80004c9e
core   0: 0x0000000080004d40 (0x2b6e0b53) fmin.d  fs6, ft8, fs6
core   0: 1 0x0000000080004d40 (0x2b6e0b53) f22 0x7ff8000000000000
core   0: 0x0000000080004d44 (0x01fc9c9b) slliw   s9, s9, 31
core   0: 1 0x0000000080004d44 (0x01fc9c9b) x25 0xffffffff80000000
core   0: 0x0000000080004d48 (0x2a8c83d3) fmin.d  ft7, fs9, fs0
core   0: 1 0x0000000080004d48 (0x2a8c83d3) f7  0x0000000000000000
core   0: 0x0000000080004d4c (0x023df1d3) fadd.d  ft3, fs11, ft3
core   0: 1 0x0000000080004d4c (0x023df1d3) f3  0x7ff8000000000000
core   0: 0x0000000080004d50 (0xa28701d3) fle.d   gp, fa4, fs0
core   0: 1 0x0000000080004d50 (0xa28701d3) x3  0x0000000000000000
core   0: 0x0000000080004d54 (0x01b6969b) slliw   a3, a3, 27
core   0: 1 0x0000000080004d54 (0x01b6969b) x13 0x0000000000000000
core   0: 0x0000000080004d58 (0x73a1861b) addiw   a2, gp, 1850
core   0: 1 0x0000000080004d58 (0x73a1861b) x12 0x000000000000073a
core   0: 0x0000000080004d5c (0x00ca6e33) or      t3, s4, a2
core   0: 1 0x0000000080004d5c (0x00ca6e33) x28 0x000000000000073a
core   0: 0x0000000080004d60 (0x0097d393) srli    t2, a5, 9
core   0: 1 0x0000000080004d60 (0x0097d393) x7  0x0000000000400026
core   0: 0x0000000080004d64 (0x00ee8ebb) addw    t4, t4, a4
core   0: 1 0x0000000080004d64 (0x00ee8ebb) x29 0xfffffffffffc58ff
core   0: 0x0000000080004d68 (0x00001d7e) c.slli  s10, 63
core   0: 1 0x0000000080004d68 (0x1d7e) x26 0x0000000000000000
core   0: 0x0000000080004d6a (0xc2107553) fcvt.wu.d a0, ft0
core   0: 1 0x0000000080004d6a (0xc2107553) c1_fflags 0x0000000000000010 x10 0x0000000000000000
core   0: 0x0000000080004d6e (0x80050813) addi    a6, a0, -2048
core   0: 1 0x0000000080004d6e (0x80050813) x16 0xfffffffffffff800
core   0: 0x0000000080004d72 (0x0bd77dd3) fsub.d  fs11, fa4, ft9
core   0: 1 0x0000000080004d72 (0x0bd77dd3) f27 0x0000000000000000
core   0: 0x0000000080004d76 (0x2ba58353) fmin.d  ft6, fa1, fs10
core   0: 1 0x0000000080004d76 (0x2ba58353) f6  0x0000000000000000
core   0: 0x0000000080004d7a (0x0010091b) addiw   s2, zero, 1
core   0: 1 0x0000000080004d7a (0x0010091b) x18 0x0000000000000001
core   0: 0x0000000080004d7e (0x01b61dbb) sllw    s11, a2, s11
core   0: 1 0x0000000080004d7e (0x01b61dbb) x27 0x000000000000073a
core   0: 0x0000000080004d82 (0x0011511b) srliw   sp, sp, 1
core   0: 1 0x0000000080004d82 (0x0011511b) x2  0x0000000000000000
core   0: 0x0000000080004d86 (0x0264fbbb) remuw   s7, s1, t1
core   0: 1 0x0000000080004d86 (0x0264fbbb) x23 0x0000000000000000
core   0: 0x0000000080004d8a (0x02c2d613) srli    a2, t0, 44
core   0: 1 0x0000000080004d8a (0x02c2d613) x12 0x0000000000000000
core   0: 0x0000000080004d8e (0x01bdfb33) and     s6, s11, s11
core   0: 1 0x0000000080004d8e (0x01bdfb33) x22 0x000000000000073a
core   0: 0x0000000080004d92 (0x4142533b) sraw    t1, tp, s4
core   0: 1 0x0000000080004d92 (0x4142533b) x6  0xffffffffffffffff
core   0: 0x0000000080004d96 (0x01aa9893) slli    a7, s5, 26
core   0: 1 0x0000000080004d96 (0x01aa9893) x17 0x0000000000000000
core   0: 0x0000000080004d9a (0xd238f653) fcvt.d.lu fa2, a7
core   0: 1 0x0000000080004d9a (0xd238f653) f12 0x0000000000000000
core   0: 0x0000000080004d9e (0x23c9f9c3) fmadd.d fs3, fs3, ft8, ft4
core   0: 1 0x0000000080004d9e (0x23c9f9c3) f19 0x7ff8000000000000
core   0: 0x0000000080004da2 (0x6e928d9b) addiw   s11, t0, 1769
core   0: 1 0x0000000080004da2 (0x6e928d9b) x27 0x00000000000006e9
core   0: 0x0000000080004da6 (0x03855c33) divu    s8, a0, s8
core   0: 1 0x0000000080004da6 (0x03855c33) x24 0xffffffffffffffff
core   0: 0x0000000080004daa (0x420e0a53) fcvt.d.s fs4, ft8
core   0: 1 0x0000000080004daa (0x420e0a53) f20 0x7ff8000000000000
core   0: 0x0000000080004dae (0xe679f113) andi    sp, s3, -409
core   0: 1 0x0000000080004dae (0xe679f113) x2  0x0000000000000000
core   0: 0x0000000080004db2 (0xf2030e53) fmv.d.x ft8, t1
core   0: 1 0x0000000080004db2 (0xf2030e53) f28 0xffffffffffffffff
core   0: 0x0000000080004db6 (0xa34a0e53) fle.d   t3, fs4, fs4
core   0: 1 0x0000000080004db6 (0xa34a0e53) c1_fflags 0x0000000000000010 x28 0x0000000000000000
core   0: 0x0000000080004dba (0x02411a93) slli    s5, sp, 36
core   0: 1 0x0000000080004dba (0x02411a93) x21 0x0000000000000000
core   0: 0x0000000080004dbe (0xd02179d3) fcvt.s.l fs3, sp
core   0: 1 0x0000000080004dbe (0xd02179d3) f19 0xffffffff00000000
core   0: 0x0000000080004dc2 (0x01511ebb) sllw    t4, sp, s5
core   0: 1 0x0000000080004dc2 (0x01511ebb) x29 0x0000000000000000
core   0: 0x0000000080004dc6 (0x7bf7b597) auipc   a1, 0x7bf7b
core   0: 1 0x0000000080004dc6 (0x7bf7b597) x11 0x00000000fbf7fdc6
core   0: 0x0000000080004dca (0x01ac503b) srlw    zero, s8, s10
core   0: 1 0x0000000080004dca (0x01ac503b)
core   0: 0x0000000080004dce (0x010be533) or      a0, s7, a6
core   0: 1 0x0000000080004dce (0x010be533) x10 0xfffffffffffff800
core   0: 0x0000000080004dd2 (0xd030f9d3) fcvt.s.lu fs3, ra
core   0: 1 0x0000000080004dd2 (0xd030f9d3) f19 0xffffffff00000000
core   0: 0x0000000080004dd6 (0xd02876d3) fcvt.s.l fa3, a6
core   0: 1 0x0000000080004dd6 (0xd02876d3) f13 0xffffffffc5000000
core   0: 0x0000000080004dda (0xe2030b53) fmv.x.d s6, ft6
core   0: 1 0x0000000080004dda (0xe2030b53) x22 0x0000000000000000
core   0: 0x0000000080004dde (0x2bf8e293) ori     t0, a7, 703
core   0: 1 0x0000000080004dde (0x2bf8e293) x5  0x00000000000002bf
core   0: 0x0000000080004de2 (0x03170733) mul     a4, a4, a7
core   0: 1 0x0000000080004de2 (0x03170733) x14 0x0000000000000000
core   0: 0x0000000080004de6 (0x01ae09b3) add     s3, t3, s10
core   0: 1 0x0000000080004de6 (0x01ae09b3) x19 0x0000000000000000
core   0: 0x0000000080004dea (0xc033f6d3) fcvt.lu.s a3, ft7
core   0: 1 0x0000000080004dea (0xc033f6d3) c1_fflags 0x0000000000000010 x13 0xffffffffffffffff
core   0: 0x0000000080004dee (0x224effcf) fnmadd.d ft11, ft9, ft4, ft4
core   0: 1 0x0000000080004dee (0x224effcf) f31 0x7ff8000000000000
core   0: 0x0000000080004df2 (0x4012de1b) sraiw   t3, t0, 1
core   0: 1 0x0000000080004df2 (0x4012de1b) x28 0x000000000000015f
core   0: 0x0000000080004df6 (0x037144b3) div     s1, sp, s7
core   0: 1 0x0000000080004df6 (0x037144b3) x9  0xffffffffffffffff
core   0: 0x0000000080004dfa (0x0016c513) xori    a0, a3, 1
core   0: 1 0x0000000080004dfa (0x0016c513) x10 0xfffffffffffffffe
core   0: 0x0000000080004dfe (0x2a941353) fmax.d  ft6, fs0, fs1
core   0: 1 0x0000000080004dfe (0x2a941353) f6  0x0000000000000000
core   0: 0x0000000080004e02 (0xa7876713) ori     a4, a4, -1416
core   0: 1 0x0000000080004e02 (0xa7876713) x14 0xfffffffffffffa78
core   0: 0x0000000080004e06 (0x00a194bb) sllw    s1, gp, a0
core   0: 1 0x0000000080004e06 (0x00a194bb) x9  0x0000000000000000
core   0: 0x0000000080004e0a (0x0253833b) mulw    t1, t2, t0
core   0: 1 0x0000000080004e0a (0x0253833b) x6  0xffffffffafc0685a
core   0: 0x0000000080004e0e (0xd2070bd3) fcvt.d.w fs7, a4
core   0: 1 0x0000000080004e0e (0xd2070bd3) f23 0xc096200000000000
core   0: 0x0000000080004e12 (0x4009511b) sraiw   sp, s2, 0
core   0: 1 0x0000000080004e12 (0x4009511b) x2  0x0000000000000001
core   0: 0x0000000080004e16 (0x0b8d7d53) fsub.d  fs10, fs10, fs8
core   0: 1 0x0000000080004e16 (0x0b8d7d53) f26 0x4117077000000000
core   0: 0x0000000080004e1a (0x03f71413) slli    s0, a4, 63
core   0: 1 0x0000000080004e1a (0x03f71413) x8  0x0000000000000000
core   0: 0x0000000080004e1e (0x00121793) slli    a5, tp, 1
core   0: 1 0x0000000080004e1e (0x00121793) x15 0xfffffffffffffffe
core   0: 0x0000000080004e22 (0x02e439b3) mulhu   s3, s0, a4
core   0: 1 0x0000000080004e22 (0x02e439b3) x19 0x0000000000000000
core   0: 0x0000000080004e26 (0x71748c9b) addiw   s9, s1, 1815
core   0: 1 0x0000000080004e26 (0x71748c9b) x25 0x0000000000000717
core   0: 0x0000000080004e2a (0x00102173) csrrs   sp, fflags, zero
core   0: 1 0x0000000080004e2a (0x00102173) x2  0x0000000000000010
core   0: 0x0000000080004e2e (0x5a0ef9d3) fsqrt.d fs3, ft9
core   0: 1 0x0000000080004e2e (0x5a0ef9d3) c1_fflags 0x0000000000000011 f19 0x408332083b2c99c7
core   0: 0x0000000080004e32 (0x43f85d13) srai    s10, a6, 63
core   0: 1 0x0000000080004e32 (0x43f85d13) x26 0xffffffffffffffff
core   0: 0x0000000080004e36 (0x409a5b13) srai    s6, s4, 9
core   0: 1 0x0000000080004e36 (0x409a5b13) x22 0x0000000000000000
core   0: 0x0000000080004e3a (0x006043b3) xor     t2, zero, t1
core   0: 1 0x0000000080004e3a (0x006043b3) x7  0xffffffffafc0685a
core   0: 0x0000000080004e3e (0x01ded8b3) srl     a7, t4, t4
core   0: 1 0x0000000080004e3e (0x01ded8b3) x17 0x0000000000000000
core   0: 0x0000000080004e42 (0x31d59a37) lui     s4, 0x31d59
core   0: 1 0x0000000080004e42 (0x31d59a37) x20 0x0000000031d59000
core   0: 0x0000000080004e46 (0x03f39713) slli    a4, t2, 63
core   0: 1 0x0000000080004e46 (0x03f39713) x14 0x0000000000000000
core   0: 0x0000000080004e4a (0x40770333) sub     t1, a4, t2
core   0: 1 0x0000000080004e4a (0x40770333) x6  0x00000000503f97a6
core   0: 0x0000000080004e4e (0xd23df4d3) fcvt.d.lu fs1, s11
core   0: 1 0x0000000080004e4e (0xd23df4d3) f9  0x409ba40000000000
core   0: 0x0000000080004e52 (0x80084593) xori    a1, a6, -2048
core   0: 1 0x0000000080004e52 (0x80084593) x11 0x0000000000000000
core   0: 0x0000000080004e56 (0x00202173) csrrs   sp, frm, zero
core   0: 1 0x0000000080004e56 (0x00202173) x2  0x0000000000000000
core   0: 0x0000000080004e5a (0x2afa8e53) fmin.d  ft8, fs5, fa5
core   0: 1 0x0000000080004e5a (0x2afa8e53) f28 0x0000000000000000
core   0: 0x0000000080004e5e (0x0316513b) divuw   sp, a2, a7
core   0: 1 0x0000000080004e5e (0x0316513b) x2  0xffffffffffffffff
core   0: 0x0000000080004e62 (0xc03af753) fcvt.lu.s a4, fs5
core   0: 1 0x0000000080004e62 (0xc03af753) c1_fflags 0x0000000000000011 x14 0xffffffffffffffff
core   0: 0x0000000080004e66 (0x00714533) xor     a0, sp, t2
core   0: 1 0x0000000080004e66 (0x00714533) x10 0x00000000503f97a5
core   0: 0x0000000080004e6a (0xb3590813) addi    a6, s2, -1227
core   0: 1 0x0000000080004e6a (0xb3590813) x16 0xfffffffffffffb36
core   0: 0x0000000080004e6e (0x00102073) csrrs   zero, fflags, zero
core   0: 1 0x0000000080004e6e (0x00102073)
core   0: 0x0000000080004e72 (0x41175bb3) sra     s7, a4, a7
core   0: 1 0x0000000080004e72 (0x41175bb3) x23 0xffffffffffffffff
core   0: 0x0000000080004e76 (0x03a37d3b) remuw   s10, t1, s10
core   0: 1 0x0000000080004e76 (0x03a37d3b) x26 0x00000000503f97a6
core   0: 0x0000000080004e7a (0x02363633) mulhu   a2, a2, gp
core   0: 1 0x0000000080004e7a (0x02363633) x12 0x0000000000000000
core   0: 0x0000000080004e7e (0x000b9893) slli    a7, s7, 0
core   0: 1 0x0000000080004e7e (0x000b9893) x17 0xffffffffffffffff
core   0: 0x0000000080004e82 (0xd21e08d3) fcvt.d.wu fa7, t3
core   0: 1 0x0000000080004e82 (0xd21e08d3) f17 0x4075f00000000000
core   0: 0x0000000080004e86 (0x34206cf3) csrrsi  s9, mcause, 0
core   0: exception trap_illegal_instruction, epc 0x0000000080004e86
core   0:           tval 0x0000000034206cf3
core   0: >>>>  $xrv64i2p1_m2p0_a2p1_f2p2_d2p2_zicsr2p0_zifencei2p0_zmmul1p0_zba1p0_zbb1p0_zbc1p0_zbs1p0
core   0: 0x0000000080004000 (0x0080006f) j       pc + 0x8
core   0: 3 0x0000000080004000 (0x0080006f)
core   0: >>>>  mmode_exception_handler
core   0: 0x0000000080004008 (0x00002c17) auipc   s8, 0x2
core   0: 3 0x0000000080004008 (0x00002c17) x24 0x0000000080006008
core   0: 0x000000008000400c (0x094c0c13) addi    s8, s8, 148
core   0: 3 0x000000008000400c (0x094c0c13) x24 0x000000008000609c
core   0: 0x0000000080004010 (0x000c00e7) jalr    s8
core   0: 3 0x0000000080004010 (0x000c00e7) x1  0x0000000080004014
core   0: >>>>  any_handler
core   0: 0x000000008000609c (0x341027f3) csrrs   a5, mepc, zero
core   0: 3 0x000000008000609c (0x341027f3) x15 0x0000000080004e86
core   0: 0x00000000800060a0 (0x34202773) csrrs   a4, mcause, zero
core   0: 3 0x00000000800060a0 (0x34202773) x14 0x0000000000000002
core   0: 0x00000000800060a4 (0x142026f3) csrrs   a3, scause, zero
core   0: 3 0x00000000800060a4 (0x142026f3) x13 0x0000000000000000
core   0: 0x00000000800060a8 (0x30402673) csrrs   a2, mie, zero
core   0: 3 0x00000000800060a8 (0x30402673) x12 0x0000000000000a00
core   0: 0x00000000800060ac (0x344025f3) csrrs   a1, mip, zero
core   0: 3 0x00000000800060ac (0x344025f3) x11 0x0000000000000080
core   0: 0x00000000800060b0 (0x343025f3) csrrs   a1, mtval, zero
core   0: 3 0x00000000800060b0 (0x343025f3) x11 0x0000000034206cf3
core   0: 0x00000000800060b4 (0x14302573) csrrs   a0, stval, zero
core   0: 3 0x00000000800060b4 (0x14302573) x10 0x0000000000000000
core   0: 0x00000000800060b8 (0xb02024f3) csrrs   s1, minstret, zero
core   0: 3 0x00000000800060b8 (0xb02024f3) x9  0x0000000000000cad
core   0: 0x00000000800060bc (0x0000a811) c.j     pc + 20
core   0: 3 0x00000000800060bc (0xa811)
core   0: >>>>  mepc_4
core   0: 0x00000000800060d0 (0x00000791) c.addi  a5, 4
core   0: 3 0x00000000800060d0 (0x0791) x15 0x0000000080004e8a
core   0: 0x00000000800060d2 (0x34179073) csrrw   zero, mepc, a5
core   0: 3 0x00000000800060d2 (0x34179073) c833_mepc 0x0000000080004e8a
core   0: 0x00000000800060d6 (0x30200073) mret
core   0: 3 0x00000000800060d6 (0x30200073) c768_mstatus 0x8000000a00106080
core   0: 0x0000000080004e8a (0xc23e7b53) fcvt.lu.d s6, ft8
core   0: 1 0x0000000080004e8a (0xc23e7b53) x22 0x0000000000000000
core   0: 0x0000000080004e8e (0x00527d33) and     s10, tp, t0
core   0: 1 0x0000000080004e8e (0x00527d33) x26 0x00000000000002bf
core   0: 0x0000000080004e92 (0x40450dbb) subw    s11, a0, tp
core   0: 1 0x0000000080004e92 (0x40450dbb) x27 0x0000000000000001
core   0: 0x0000000080004e96 (0xd22dfd53) fcvt.d.l fs10, s11
core   0: 1 0x0000000080004e96 (0xd22dfd53) f26 0x3ff0000000000000
core   0: 0x0000000080004e9a (0x00ad87bb) addw    a5, s11, a0
core   0: 1 0x0000000080004e9a (0x00ad87bb) x15 0x0000000000000001
core   0: 0x0000000080004e9e (0x401c7cd3) fcvt.s.d fs9, fs8
core   0: 1 0x0000000080004e9e (0x401c7cd3) f25 0xffffffffc8b83b80
core   0: 0x0000000080004ea2 (0x420407d3) fcvt.d.s fa5, fs0
core   0: 1 0x0000000080004ea2 (0x420407d3) f15 0x7ff8000000000000
core   0: 0x0000000080004ea6 (0x0000825d) c.srli  a2, 23
core   0: 1 0x0000000080004ea6 (0x825d) x12 0x0000000000000000
core   0: 0x0000000080004ea8 (0x00000001) c.nop
core   0: 1 0x0000000080004ea8 (0x0001)
core   0: 0x0000000080004eaa (0x0378e333) rem     t1, a7, s7
core   0: 1 0x0000000080004eaa (0x0378e333) x6  0x0000000000000000
core   0: 0x0000000080004eae (0x2a099cd3) fmax.d  fs9, fs3, ft0
core   0: 1 0x0000000080004eae (0x2a099cd3) f25 0x408332083b2c99c7
core   0: 0x0000000080004eb2 (0xea860513) addi    a0, a2, -344
core   0: 1 0x0000000080004eb2 (0xea860513) x10 0xfffffffffffffea8
core   0: 0x0000000080004eb6 (0x00cc121b) slliw   tp, s8, 12
core   0: 1 0x0000000080004eb6 (0x00cc121b) x4  0x000000000609c000
core   0: 0x0000000080004eba (0x002598bb) sllw    a7, a1, sp
core   0: 1 0x0000000080004eba (0x002598bb) x17 0xffffffff80000000
core   0: 0x0000000080004ebe (0x0006d99b) srliw   s3, a3, 0
core   0: 1 0x0000000080004ebe (0x0006d99b) x19 0x0000000000000000
core   0: 0x0000000080004ec2 (0x00871b93) slli    s7, a4, 8
core   0: 1 0x0000000080004ec2 (0x00871b93) x23 0x0000000000000200
core   0: 0x0000000080004ec6 (0x0ff0000f) fence   iorw,iorw
core   0: 1 0x0000000080004ec6 (0x0ff0000f)
core   0: 0x0000000080004eca (0x41de8a3b) subw    s4, t4, t4
core   0: 1 0x0000000080004eca (0x41de8a3b) x20 0x0000000000000000
core   0: 0x0000000080004ece (0x0374c4b3) div     s1, s1, s7
core   0: 1 0x0000000080004ece (0x0374c4b3) x9  0x0000000000000006
core   0: 0x0000000080004ed2 (0x0084fb33) and     s6, s1, s0
core   0: 1 0x0000000080004ed2 (0x0084fb33) x22 0x0000000000000000
core   0: 0x0000000080004ed6 (0xc03cfc53) fcvt.lu.s s8, fs9
core   0: 1 0x0000000080004ed6 (0xc03cfc53) c1_fflags 0x0000000000000011 x24 0xffffffffffffffff
core   0: 0x0000000080004eda (0x1b827953) fdiv.d  fs2, ft4, fs8
core   0: 1 0x0000000080004eda (0x1b827953) f18 0x7ff8000000000000
core   0: 0x0000000080004ede (0x0ff0000f) fence   iorw,iorw
core   0: 1 0x0000000080004ede (0x0ff0000f)
core   0: 0x0000000080004ee2 (0x0391b1b3) mulhu   gp, gp, s9
core   0: 1 0x0000000080004ee2 (0x0391b1b3) x3  0x0000000000000000
core   0: 0x0000000080004ee6 (0x005393bb) sllw    t2, t2, t0
core   0: 1 0x0000000080004ee6 (0x005393bb) x7  0x0000000000000000
core   0: 0x0000000080004eea (0x0365c9bb) divw    s3, a1, s6
core   0: 1 0x0000000080004eea (0x0365c9bb) x19 0xffffffffffffffff
core   0: 0x0000000080004eee (0x123a71d3) fmul.d  ft3, fs4, ft3
core   0: 1 0x0000000080004eee (0x123a71d3) f3  0x7ff8000000000000
core   0: 0x0000000080004ef2 (0x41f9d79b) sraiw   a5, s3, 31
core   0: 1 0x0000000080004ef2 (0x41f9d79b) x15 0xffffffffffffffff
core   0: 0x0000000080004ef6 (0x0019eb93) ori     s7, s3, 1
core   0: 1 0x0000000080004ef6 (0x0019eb93) x23 0xffffffffffffffff
core   0: 0x0000000080004efa (0x0010c5b3) xor     a1, ra, ra
core   0: 1 0x0000000080004efa (0x0010c5b3) x11 0x0000000000000000
core   0: 0x0000000080004efe (0x00151af3) csrrw   s5, fflags, a0
core   0: 1 0x0000000080004efe (0x00151af3) x21 0x0000000000000011 c1_fflags 0x0000000000000008
core   0: 0x0000000080004f02 (0x0268abb3) mulhsu  s7, a7, t1
core   0: 1 0x0000000080004f02 (0x0268abb3) x23 0x0000000000000000
core   0: 0x0000000080004f06 (0x002020f3) csrrs   ra, frm, zero
core   0: 1 0x0000000080004f06 (0x002020f3) x1  0x0000000000000000
core   0: 0x0000000080004f0a (0xcbbcfcc7) fmsub.d fs9, fs9, fs11, fs9
core   0: 1 0x0000000080004f0a (0xcbbcfcc7) f25 0xc08332083b2c99c7
core   0: 0x0000000080004f0e (0x00112133) slt     sp, sp, ra
core   0: 1 0x0000000080004f0e (0x00112133) x2  0x0000000000000001
core   0: 0x0000000080004f12 (0x401d8db3) sub     s11, s11, ra
core   0: 1 0x0000000080004f12 (0x401d8db3) x27 0x0000000000000001
core   0: 0x0000000080004f16 (0x892d879b) addiw   a5, s11, -1902
core   0: 1 0x0000000080004f16 (0x892d879b) x15 0xfffffffffffff893
core   0: 0x0000000080004f1a (0x006191b3) sll     gp, gp, t1
core   0: 1 0x0000000080004f1a (0x006191b3) x3  0x0000000000000000
core   0: 0x0000000080004f1e (0x00f1d43b) srlw    s0, gp, a5
core   0: 1 0x0000000080004f1e (0x00f1d43b) x8  0x0000000000000000
core   0: 0x0000000080004f22 (0x420b8253) fcvt.d.s ft4, fs7
core   0: 1 0x0000000080004f22 (0x420b8253) f4  0x7ff8000000000000
core   0: 0x0000000080004f26 (0xd2118a53) fcvt.d.wu fs4, gp
core   0: 1 0x0000000080004f26 (0xd2118a53) f20 0x0000000000000000
core   0: 0x0000000080004f2a (0xc22b7353) fcvt.l.d t1, fs6
core   0: 1 0x0000000080004f2a (0xc22b7353) c1_fflags 0x0000000000000018 x6  0x7fffffffffffffff
core   0: 0x0000000080004f2e (0xc03b7d53) fcvt.lu.s s10, fs6
core   0: 1 0x0000000080004f2e (0xc03b7d53) c1_fflags 0x0000000000000018 x26 0xffffffffffffffff
core   0: 0x0000000080004f32 (0x00000001) c.nop
core   0: 1 0x0000000080004f32 (0x0001)
core   0: 0x0000000080004f34 (0x40107353) fcvt.s.d ft6, ft0
core   0: 1 0x0000000080004f34 (0x40107353) f6  0xffffffffc4cfc000
core   0: 0x0000000080004f38 (0xd020fcd3) fcvt.s.l fs9, ra
core   0: 1 0x0000000080004f38 (0xd020fcd3) f25 0xffffffff00000000
core   0: 0x0000000080004f3c (0x800d6593) ori     a1, s10, -2048
core   0: 1 0x0000000080004f3c (0x800d6593) x11 0xffffffffffffffff
core   0: 0x0000000080004f40 (0x1b9b77d3) fdiv.d  fa5, fs6, fs9
core   0: 1 0x0000000080004f40 (0x1b9b77d3) f15 0x7ff8000000000000
core   0: 0x0000000080004f44 (0x0ff0000f) fence   iorw,iorw
core   0: 1 0x0000000080004f44 (0x0ff0000f)
core   0: 0x0000000080004f48 (0xffabf437) lui     s0, 0xffabf
core   0: 1 0x0000000080004f48 (0xffabf437) x8  0xffffffffffabf000
core   0: 0x0000000080004f4c (0x2b14041b) addiw   s0, s0, 689
core   0: 1 0x0000000080004f4c (0x2b14041b) x8  0xffffffffffabf2b1
core   0: 0x0000000080004f50 (0x00000436) c.slli  s0, 13
core   0: 1 0x0000000080004f50 (0x0436) x8  0xfffffff57e562000
core   0: 0x0000000080004f52 (0x44e40413) addi    s0, s0, 1102
core   0: 1 0x0000000080004f52 (0x44e40413) x8  0xfffffff57e56244e
core   0: 0x0000000080004f56 (0x01a4163b) sllw    a2, s0, s10
core   0: 1 0x0000000080004f56 (0x01a4163b) x12 0x0000000000000000
core   0: 0x0000000080004f5a (0x0012fc93) andi    s9, t0, 1
core   0: 1 0x0000000080004f5a (0x0012fc93) x25 0x0000000000000001
core   0: 0x0000000080004f5e (0x0ada7d53) fsub.d  fs10, fs4, fa3
core   0: 1 0x0000000080004f5e (0x0ada7d53) f26 0x7ff8000000000000
core   0: 0x0000000080004f62 (0x4179de93) srai    t4, s3, 23
core   0: 1 0x0000000080004f62 (0x4179de93) x29 0xffffffffffffffff
core   0: 0x0000000080004f66 (0xf2030853) fmv.d.x fa6, t1
core   0: 1 0x0000000080004f66 (0xf2030853) f16 0x7fffffffffffffff
core   0: 0x0000000080004f6a (0x0033d3bb) srlw    t2, t2, gp
core   0: 1 0x0000000080004f6a (0x0033d3bb) x7  0x0000000000000000
core   0: 0x0000000080004f6e (0x41c8d13b) sraw    sp, a7, t3
core   0: 1 0x0000000080004f6e (0x41c8d13b) x2  0xffffffffffffffff
core   0: 0x0000000080004f72 (0x00cd983b) sllw    a6, s11, a2
core   0: 1 0x0000000080004f72 (0x00cd983b) x16 0x0000000000000001
core   0: 0x0000000080004f76 (0x41f6d69b) sraiw   a3, a3, 31
core   0: 1 0x0000000080004f76 (0x41f6d69b) x13 0x0000000000000000
core   0: 0x0000000080004f7a (0x012c93bb) sllw    t2, s9, s2
core   0: 1 0x0000000080004f7a (0x012c93bb) x7  0x0000000000000002
core   0: 0x0000000080004f7e (0x01ac7833) and     a6, s8, s10
core   0: 1 0x0000000080004f7e (0x01ac7833) x16 0xffffffffffffffff
core   0: 0x0000000080004f82 (0x000b529b) srliw   t0, s6, 0
core   0: 1 0x0000000080004f82 (0x000b529b) x5  0x0000000000000000
core   0: 0x0000000080004f86 (0xad200cb7) lui     s9, 0xad200
core   0: 1 0x0000000080004f86 (0xad200cb7) x25 0xffffffffad200000
core   0: 0x0000000080004f8a (0xd02b7453) fcvt.s.l fs0, s6
core   0: 1 0x0000000080004f8a (0xd02b7453) f8  0xffffffff00000000
core   0: 0x0000000080004f8e (0xf11c9af3) csrrw   s5, mvendorid, s9
core   0: exception trap_illegal_instruction, epc 0x0000000080004f8e
core   0:           tval 0x00000000f11c9af3
core   0: >>>>  $xrv64i2p1_m2p0_a2p1_f2p2_d2p2_zicsr2p0_zifencei2p0_zmmul1p0_zba1p0_zbb1p0_zbc1p0_zbs1p0
core   0: 0x0000000080004000 (0x0080006f) j       pc + 0x8
core   0: 3 0x0000000080004000 (0x0080006f)
core   0: >>>>  mmode_exception_handler
core   0: 0x0000000080004008 (0x00002c17) auipc   s8, 0x2
core   0: 3 0x0000000080004008 (0x00002c17) x24 0x0000000080006008
core   0: 0x000000008000400c (0x094c0c13) addi    s8, s8, 148
core   0: 3 0x000000008000400c (0x094c0c13) x24 0x000000008000609c
core   0: 0x0000000080004010 (0x000c00e7) jalr    s8
core   0: 3 0x0000000080004010 (0x000c00e7) x1  0x0000000080004014
core   0: >>>>  any_handler
core   0: 0x000000008000609c (0x341027f3) csrrs   a5, mepc, zero
core   0: 3 0x000000008000609c (0x341027f3) x15 0x0000000080004f8e
core   0: 0x00000000800060a0 (0x34202773) csrrs   a4, mcause, zero
core   0: 3 0x00000000800060a0 (0x34202773) x14 0x0000000000000002
core   0: 0x00000000800060a4 (0x142026f3) csrrs   a3, scause, zero
core   0: 3 0x00000000800060a4 (0x142026f3) x13 0x0000000000000000
core   0: 0x00000000800060a8 (0x30402673) csrrs   a2, mie, zero
core   0: 3 0x00000000800060a8 (0x30402673) x12 0x0000000000000a00
core   0: 0x00000000800060ac (0x344025f3) csrrs   a1, mip, zero
core   0: 3 0x00000000800060ac (0x344025f3) x11 0x0000000000000080
core   0: 0x00000000800060b0 (0x343025f3) csrrs   a1, mtval, zero
core   0: 3 0x00000000800060b0 (0x343025f3) x11 0x00000000f11c9af3
core   0: 0x00000000800060b4 (0x14302573) csrrs   a0, stval, zero
core   0: 3 0x00000000800060b4 (0x14302573) x10 0x0000000000000000
core   0: 0x00000000800060b8 (0xb02024f3) csrrs   s1, minstret, zero
core   0: 3 0x00000000800060b8 (0xb02024f3) x9  0x0000000000000d00
core   0: 0x00000000800060bc (0x0000a811) c.j     pc + 20
core   0: 3 0x00000000800060bc (0xa811)
core   0: >>>>  mepc_4
core   0: 0x00000000800060d0 (0x00000791) c.addi  a5, 4
core   0: 3 0x00000000800060d0 (0x0791) x15 0x0000000080004f92
core   0: 0x00000000800060d2 (0x34179073) csrrw   zero, mepc, a5
core   0: 3 0x00000000800060d2 (0x34179073) c833_mepc 0x0000000080004f92
core   0: 0x00000000800060d6 (0x30200073) mret
core   0: 3 0x00000000800060d6 (0x30200073) c768_mstatus 0x8000000a00106080
core   0: 0x0000000080004f92 (0xd0387ed3) fcvt.s.lu ft9, a6
core   0: 1 0x0000000080004f92 (0xd0387ed3) c1_fflags 0x0000000000000019 f29 0xffffffff5f800000
core   0: 0x0000000080004f96 (0xc84e0e13) addi    t3, t3, -892
core   0: 1 0x0000000080004f96 (0xc84e0e13) x28 0xfffffffffffffde3
core   0: 0x0000000080004f9a (0x000095aa) c.add   a1, a0
core   0: 1 0x0000000080004f9a (0x95aa) x11 0x00000000f11c9af3
core   0: 0x0000000080004f9c (0xf13052f3) csrrwi  t0, mimpid, 0
core   0: exception trap_illegal_instruction, epc 0x0000000080004f9c
core   0:           tval 0x00000000f13052f3
core   0: >>>>  $xrv64i2p1_m2p0_a2p1_f2p2_d2p2_zicsr2p0_zifencei2p0_zmmul1p0_zba1p0_zbb1p0_zbc1p0_zbs1p0
core   0: 0x0000000080004000 (0x0080006f) j       pc + 0x8
core   0: 3 0x0000000080004000 (0x0080006f)
core   0: >>>>  mmode_exception_handler
core   0: 0x0000000080004008 (0x00002c17) auipc   s8, 0x2
core   0: 3 0x0000000080004008 (0x00002c17) x24 0x0000000080006008
core   0: 0x000000008000400c (0x094c0c13) addi    s8, s8, 148
core   0: 3 0x000000008000400c (0x094c0c13) x24 0x000000008000609c
core   0: 0x0000000080004010 (0x000c00e7) jalr    s8
core   0: 3 0x0000000080004010 (0x000c00e7) x1  0x0000000080004014
core   0: >>>>  any_handler
core   0: 0x000000008000609c (0x341027f3) csrrs   a5, mepc, zero
core   0: 3 0x000000008000609c (0x341027f3) x15 0x0000000080004f9c
core   0: 0x00000000800060a0 (0x34202773) csrrs   a4, mcause, zero
core   0: 3 0x00000000800060a0 (0x34202773) x14 0x0000000000000002
core   0: 0x00000000800060a4 (0x142026f3) csrrs   a3, scause, zero
core   0: 3 0x00000000800060a4 (0x142026f3) x13 0x0000000000000000
core   0: 0x00000000800060a8 (0x30402673) csrrs   a2, mie, zero
core   0: 3 0x00000000800060a8 (0x30402673) x12 0x0000000000000a00
core   0: 0x00000000800060ac (0x344025f3) csrrs   a1, mip, zero
core   0: 3 0x00000000800060ac (0x344025f3) x11 0x0000000000000080
core   0: 0x00000000800060b0 (0x343025f3) csrrs   a1, mtval, zero
core   0: 3 0x00000000800060b0 (0x343025f3) x11 0x00000000f13052f3
core   0: 0x00000000800060b4 (0x14302573) csrrs   a0, stval, zero
core   0: 3 0x00000000800060b4 (0x14302573) x10 0x0000000000000000
core   0: 0x00000000800060b8 (0xb02024f3) csrrs   s1, minstret, zero
core   0: 3 0x00000000800060b8 (0xb02024f3) x9  0x0000000000000d13
core   0: 0x00000000800060bc (0x0000a811) c.j     pc + 20
core   0: 3 0x00000000800060bc (0xa811)
core   0: >>>>  mepc_4
core   0: 0x00000000800060d0 (0x00000791) c.addi  a5, 4
core   0: 3 0x00000000800060d0 (0x0791) x15 0x0000000080004fa0
core   0: 0x00000000800060d2 (0x34179073) csrrw   zero, mepc, a5
core   0: 3 0x00000000800060d2 (0x34179073) c833_mepc 0x0000000080004fa0
core   0: 0x00000000800060d6 (0x30200073) mret
core   0: 3 0x00000000800060d6 (0x30200073) c768_mstatus 0x8000000a00106080
core   0: 0x0000000080004fa0 (0xfb1aeab7) lui     s5, 0xfb1ae
core   0: 1 0x0000000080004fa0 (0xfb1aeab7) x21 0xfffffffffb1ae000
core   0: 0x0000000080004fa4 (0x26da8a9b) addiw   s5, s5, 621
core   0: 1 0x0000000080004fa4 (0x26da8a9b) x21 0xfffffffffb1ae26d
core   0: 0x0000000080004fa8 (0x00000ab2) c.slli  s5, 12
core   0: 1 0x0000000080004fa8 (0x0ab2) x21 0xffffffb1ae26d000
core   0: 0x0000000080004faa (0xd8ba8a93) addi    s5, s5, -629
core   0: 1 0x0000000080004faa (0xd8ba8a93) x21 0xffffffb1ae26cd8b
core   0: 0x0000000080004fae (0x2ba980d3) fmin.d  ft1, fs3, fs10
core   0: 1 0x0000000080004fae (0x2ba980d3) f1  0x408332083b2c99c7
core   0: 0x0000000080004fb2 (0xd2b0f5cb) fnmsub.d fa1, ft1, fa1, fs10
core   0: 1 0x0000000080004fb2 (0xd2b0f5cb) f11 0x7ff8000000000000
core   0: 0x0000000080004fb6 (0xfff74213) not     tp, a4
core   0: 1 0x0000000080004fb6 (0xfff74213) x4  0xfffffffffffffffd
core   0: 0x0000000080004fba (0xd237f0d3) fcvt.d.lu ft1, a5
core   0: 1 0x0000000080004fba (0xd237f0d3) f1  0x41e00009f4000000
core   0: 0x0000000080004fbe (0x02d97933) remu    s2, s2, a3
core   0: 1 0x0000000080004fbe (0x02d97933) x18 0x0000000000000001
core   0: 0x0000000080004fc2 (0xc2147c43) fmadd.d fs8, fs0, ft1, fs8
core   0: 1 0x0000000080004fc2 (0xc2147c43) f24 0x7ff8000000000000
core   0: 0x0000000080004fc6 (0x00009d6a) c.add   s10, s10
core   0: 1 0x0000000080004fc6 (0x9d6a) x26 0xfffffffffffffffe
core   0: 0x0000000080004fc8 (0x00de141b) slliw   s0, t3, 13
core   0: 1 0x0000000080004fc8 (0x00de141b) x8  0xffffffffffbc6000
core   0: 0x0000000080004fcc (0x06c9e197) auipc   gp, 0x6c9e
core   0: 1 0x0000000080004fcc (0x06c9e197) x3  0x0000000086ca2fcc
core   0: 0x0000000080004fd0 (0x0009ca93) xori    s5, s3, 0
core   0: 1 0x0000000080004fd0 (0x0009ca93) x21 0xffffffffffffffff
core   0: 0x0000000080004fd4 (0x00139cb3) sll     s9, t2, ra
core   0: 1 0x0000000080004fd4 (0x00139cb3) x25 0x0000000000200000
core   0: 0x0000000080004fd8 (0x401c7553) fcvt.s.d fa0, fs8
core   0: 1 0x0000000080004fd8 (0x401c7553) f10 0xffffffff7fc00000
core   0: 0x0000000080004fdc (0xd21003d3) fcvt.d.wu ft7, zero
core   0: 1 0x0000000080004fdc (0xd21003d3) f7  0x0000000000000000
core   0: 0x0000000080004fe0 (0x036b64b3) rem     s1, s6, s6
core   0: 1 0x0000000080004fe0 (0x036b64b3) x9  0x0000000000000000
core   0: 0x0000000080004fe4 (0xc02577d3) fcvt.l.s a5, fa0
core   0: 1 0x0000000080004fe4 (0xc02577d3) c1_fflags 0x0000000000000019 x15 0x7fffffffffffffff
core   0: 0x0000000080004fe8 (0xc02572d3) fcvt.l.s t0, fa0
core   0: 1 0x0000000080004fe8 (0xc02572d3) c1_fflags 0x0000000000000019 x5  0x7fffffffffffffff
core   0: 0x0000000080004fec (0x00d68bb3) add     s7, a3, a3
core   0: 1 0x0000000080004fec (0x00d68bb3) x23 0x0000000000000000
core   0: 0x0000000080004ff0 (0xe3167d93) andi    s11, a2, -463
core   0: 1 0x0000000080004ff0 (0xe3167d93) x27 0x0000000000000a00
core   0: 0x0000000080004ff4 (0x03bc6eb3) rem     t4, s8, s11
core   0: 1 0x0000000080004ff4 (0x03bc6eb3) x29 0x000000000000049c
core   0: 0x0000000080004ff8 (0x412c5c9b) sraiw   s9, s8, 18
core   0: 1 0x0000000080004ff8 (0x412c5c9b) x25 0xffffffffffffe000
core   0: 0x0000000080004ffc (0x1414b6f3) csrrc   a3, sepc, s1
core   0: 1 0x0000000080004ffc (0x1414b6f3) x13 0x0000000000000000 c321_sepc 0x0000000000000000
core   0: 0x0000000080005000 (0x010ccb33) xor     s6, s9, a6
core   0: 1 0x0000000080005000 (0x010ccb33) x22 0x0000000000001fff
core   0: 0x0000000080005004 (0x0bbb7b53) fsub.d  fs6, fs6, fs11
core   0: 1 0x0000000080005004 (0x0bbb7b53) f22 0x7ff8000000000000
core   0: 0x0000000080005008 (0x00025413) srli    s0, tp, 0
core   0: 1 0x0000000080005008 (0x00025413) x8  0xfffffffffffffffd
core   0: 0x000000008000500c (0x010d9a1b) slliw   s4, s11, 16
core   0: 1 0x000000008000500c (0x010d9a1b) x20 0x000000000a000000
core   0: 0x0000000080005010 (0x5a0df4d3) fsqrt.d fs1, fs11
core   0: 1 0x0000000080005010 (0x5a0df4d3) f9  0x0000000000000000
core   0: 0x0000000080005014 (0xd237f8d3) fcvt.d.lu fa7, a5
core   0: 1 0x0000000080005014 (0xd237f8d3) c1_fflags 0x0000000000000019 f17 0x43e0000000000000
core   0: 0x0000000080005018 (0x0219b533) mulhu   a0, s3, ra
core   0: 1 0x0000000080005018 (0x0219b533) x10 0x0000000080004013
core   0: 0x000000008000501c (0x0015581b) srliw   a6, a0, 1
core   0: 1 0x000000008000501c (0x0015581b) x16 0x0000000040002009
core   0: 0x0000000080005020 (0x284ece93) xori    t4, t4, 644
core   0: 1 0x0000000080005020 (0x284ece93) x29 0x0000000000000618
core   0: 0x0000000080005024 (0x4002531b) sraiw   t1, tp, 0
core   0: 1 0x0000000080005024 (0x4002531b) x6  0xfffffffffffffffd
core   0: 0x0000000080005028 (0x1a7173cb) fnmsub.d ft7, ft2, ft7, ft3
core   0: 1 0x0000000080005028 (0x1a7173cb) f7  0x7ff8000000000000
core   0: 0x000000008000502c (0x42088b53) fcvt.d.s fs6, fa7
core   0: 1 0x000000008000502c (0x42088b53) f22 0x7ff8000000000000
core   0: 0x0000000080005030 (0x23df14d3) fsgnjn.d fs1, ft10, ft9
core   0: 1 0x0000000080005030 (0x23df14d3) f9  0x7ff8000000000000
core   0: 0x0000000080005034 (0xd39cf947) fmsub.d fs2, fs9, fs9, fs10
core   0: 1 0x0000000080005034 (0xd39cf947) f18 0x7ff8000000000000
core   0: 0x0000000080005038 (0x00b8c8b3) xor     a7, a7, a1
core   0: 1 0x0000000080005038 (0x00b8c8b3) x17 0xffffffff713052f3
core   0: 0x000000008000503c (0x31089773) csrrw   a4, mstatush, a7
core   0: exception trap_illegal_instruction, epc 0x000000008000503c
core   0:           tval 0x0000000031089773
core   0: >>>>  $xrv64i2p1_m2p0_a2p1_f2p2_d2p2_zicsr2p0_zifencei2p0_zmmul1p0_zba1p0_zbb1p0_zbc1p0_zbs1p0
core   0: 0x0000000080004000 (0x0080006f) j       pc + 0x8
core   0: 3 0x0000000080004000 (0x0080006f)
core   0: >>>>  mmode_exception_handler
core   0: 0x0000000080004008 (0x00002c17) auipc   s8, 0x2
core   0: 3 0x0000000080004008 (0x00002c17) x24 0x0000000080006008
core   0: 0x000000008000400c (0x094c0c13) addi    s8, s8, 148
core   0: 3 0x000000008000400c (0x094c0c13) x24 0x000000008000609c
core   0: 0x0000000080004010 (0x000c00e7) jalr    s8
core   0: 3 0x0000000080004010 (0x000c00e7) x1  0x0000000080004014
core   0: >>>>  any_handler
core   0: 0x000000008000609c (0x341027f3) csrrs   a5, mepc, zero
core   0: 3 0x000000008000609c (0x341027f3) x15 0x000000008000503c
core   0: 0x00000000800060a0 (0x34202773) csrrs   a4, mcause, zero
core   0: 3 0x00000000800060a0 (0x34202773) x14 0x0000000000000002
core   0: 0x00000000800060a4 (0x142026f3) csrrs   a3, scause, zero
core   0: 3 0x00000000800060a4 (0x142026f3) x13 0x0000000000000000
core   0: 0x00000000800060a8 (0x30402673) csrrs   a2, mie, zero
core   0: 3 0x00000000800060a8 (0x30402673) x12 0x0000000000000a00
core   0: 0x00000000800060ac (0x344025f3) csrrs   a1, mip, zero
core   0: 3 0x00000000800060ac (0x344025f3) x11 0x0000000000000080
core   0: 0x00000000800060b0 (0x343025f3) csrrs   a1, mtval, zero
core   0: 3 0x00000000800060b0 (0x343025f3) x11 0x0000000031089773
core   0: 0x00000000800060b4 (0x14302573) csrrs   a0, stval, zero
core   0: 3 0x00000000800060b4 (0x14302573) x10 0x0000000000000000
core   0: 0x00000000800060b8 (0xb02024f3) csrrs   s1, minstret, zero
core   0: 3 0x00000000800060b8 (0xb02024f3) x9  0x0000000000000d4b
core   0: 0x00000000800060bc (0x0000a811) c.j     pc + 20
core   0: 3 0x00000000800060bc (0xa811)
core   0: >>>>  mepc_4
core   0: 0x00000000800060d0 (0x00000791) c.addi  a5, 4
core   0: 3 0x00000000800060d0 (0x0791) x15 0x0000000080005040
core   0: 0x00000000800060d2 (0x34179073) csrrw   zero, mepc, a5
core   0: 3 0x00000000800060d2 (0x34179073) c833_mepc 0x0000000080005040
core   0: 0x00000000800060d6 (0x30200073) mret
core   0: 3 0x00000000800060d6 (0x30200073) c768_mstatus 0x8000000a00106080
core   0: 0x0000000080005040 (0x029500bb) mulw    ra, a0, s1
core   0: 1 0x0000000080005040 (0x029500bb) x1  0x0000000000000000
core   0: 0x0000000080005044 (0xa32b0bd3) fle.d   s7, fs6, fs2
core   0: 1 0x0000000080005044 (0xa32b0bd3) c1_fflags 0x0000000000000019 x23 0x0000000000000000
core   0: 0x0000000080005048 (0x4134873b) subw    a4, s1, s3
core   0: 1 0x0000000080005048 (0x4134873b) x14 0x0000000000000d4c
core   0: 0x000000008000504c (0x800ccb13) xori    s6, s9, -2048
core   0: 1 0x000000008000504c (0x800ccb13) x22 0x0000000000001800
core   0: 0x0000000080005050 (0x8a9978cf) fnmadd.d fa7, fs2, fs1, fa7
core   0: 1 0x0000000080005050 (0x8a9978cf) f17 0x7ff8000000000000
core   0: 0x0000000080005054 (0xd20e8a53) fcvt.d.w fs4, t4
core   0: 1 0x0000000080005054 (0xd20e8a53) f20 0x4098600000000000
core   0: 0x0000000080005058 (0x419b07b3) sub     a5, s6, s9
core   0: 1 0x0000000080005058 (0x419b07b3) x15 0x0000000000003800
core   0: 0x000000008000505c (0xc03bf353) fcvt.lu.s t1, fs7
core   0: 1 0x000000008000505c (0xc03bf353) c1_fflags 0x0000000000000019 x6  0xffffffffffffffff
core   0: 0x0000000080005060 (0x026cfcbb) remuw   s9, s9, t1
core   0: 1 0x0000000080005060 (0x026cfcbb) x25 0xffffffffffffe000
core   0: 0x0000000080005064 (0x239221d3) fsgnjx.d ft3, ft4, fs9
core   0: 1 0x0000000080005064 (0x239221d3) f3  0xfff8000000000000
core   0: 0x0000000080005068 (0x00102273) csrrs   tp, fflags, zero
core   0: 1 0x0000000080005068 (0x00102273) x4  0x0000000000000019
core   0: 0x000000008000506c (0x41470db3) sub     s11, a4, s4
core   0: 1 0x000000008000506c (0x41470db3) x27 0xfffffffff6000d4c
core   0: 0x0000000080005070 (0x401d7153) fcvt.s.d ft2, fs10
core   0: 1 0x0000000080005070 (0x401d7153) f2  0xffffffff7fc00000
core   0: 0x0000000080005074 (0x2b3110d3) fmax.d  ft1, ft2, fs3
core   0: 1 0x0000000080005074 (0x2b3110d3) f1  0x408332083b2c99c7
core   0: 0x0000000080005078 (0x40c6563b) sraw    a2, a2, a2
core   0: 1 0x0000000080005078 (0x40c6563b) x12 0x0000000000000a00
core   0: 0x000000008000507c (0x027e2533) mulhsu  a0, t3, t2
core   0: 1 0x000000008000507c (0x027e2533) x10 0xffffffffffffffff
core   0: 0x0000000080005080 (0x00187137) lui     sp, 0x187
core   0: 1 0x0000000080005080 (0x00187137) x2  0x0000000000187000
core   0: 0x0000000080005084 (0x8b11011b) addiw   sp, sp, -1871
core   0: 1 0x0000000080005084 (0x8b11011b) x2  0x00000000001868b1
core   0: 0x0000000080005088 (0x00000136) c.slli  sp, 13
core   0: 1 0x0000000080005088 (0x0136) x2  0x000000030d162000
core   0: 0x000000008000508a (0xcbc10113) addi    sp, sp, -836
core   0: 1 0x000000008000508a (0xcbc10113) x2  0x000000030d161cbc
core   0: 0x000000008000508e (0x02b15b93) srli    s7, sp, 43
core   0: 1 0x000000008000508e (0x02b15b93) x23 0x0000000000000000
core   0: 0x0000000080005092 (0xd229fbd3) fcvt.d.l fs7, s3
core   0: 1 0x0000000080005092 (0xd229fbd3) f23 0xbff0000000000000
core   0: 0x0000000080005096 (0xae6d3d17) auipc   s10, 0xae6d3
core   0: 1 0x0000000080005096 (0xae6d3d17) x26 0x000000002e6d8096
core   0: 0x000000008000509a (0x5760cb13) xori    s6, ra, 1398
core   0: 1 0x000000008000509a (0x5760cb13) x22 0x0000000000000576
core   0: 0x000000008000509e (0x800b4513) xori    a0, s6, -2048
core   0: 1 0x000000008000509e (0x800b4513) x10 0xfffffffffffffd76
core   0: 0x00000000800050a2 (0x4164d2bb) sraw    t0, s1, s6
core   0: 1 0x00000000800050a2 (0x4164d2bb) x5  0x0000000000000000
core   0: 0x00000000800050a6 (0xfff086b7) lui     a3, 0xfff08
core   0: 1 0x00000000800050a6 (0xfff086b7) x13 0xfffffffffff08000
core   0: 0x00000000800050aa (0x0856869b) addiw   a3, a3, 133
core   0: 1 0x00000000800050aa (0x0856869b) x13 0xfffffffffff08085
core   0: 0x00000000800050ae (0x000006ba) c.slli  a3, 14
core   0: 1 0x00000000800050ae (0x06ba) x13 0xfffffffc20214000
core   0: 0x00000000800050b0 (0x74868693) addi    a3, a3, 1864
core   0: 1 0x00000000800050b0 (0x74868693) x13 0xfffffffc20214748
core   0: 0x00000000800050b4 (0xc80c1773) csrrw   a4, cycleh, s8
core   0: exception trap_illegal_instruction, epc 0x00000000800050b4
core   0:           tval 0x00000000c80c1773
core   0: >>>>  $xrv64i2p1_m2p0_a2p1_f2p2_d2p2_zicsr2p0_zifencei2p0_zmmul1p0_zba1p0_zbb1p0_zbc1p0_zbs1p0
core   0: 0x0000000080004000 (0x0080006f) j       pc + 0x8
core   0: 3 0x0000000080004000 (0x0080006f)
core   0: >>>>  mmode_exception_handler
core   0: 0x0000000080004008 (0x00002c17) auipc   s8, 0x2
core   0: 3 0x0000000080004008 (0x00002c17) x24 0x0000000080006008
core   0: 0x000000008000400c (0x094c0c13) addi    s8, s8, 148
core   0: 3 0x000000008000400c (0x094c0c13) x24 0x000000008000609c
core   0: 0x0000000080004010 (0x000c00e7) jalr    s8
core   0: 3 0x0000000080004010 (0x000c00e7) x1  0x0000000080004014
core   0: >>>>  any_handler
core   0: 0x000000008000609c (0x341027f3) csrrs   a5, mepc, zero
core   0: 3 0x000000008000609c (0x341027f3) x15 0x00000000800050b4
core   0: 0x00000000800060a0 (0x34202773) csrrs   a4, mcause, zero
core   0: 3 0x00000000800060a0 (0x34202773) x14 0x0000000000000002
core   0: 0x00000000800060a4 (0x142026f3) csrrs   a3, scause, zero
core   0: 3 0x00000000800060a4 (0x142026f3) x13 0x0000000000000000
core   0: 0x00000000800060a8 (0x30402673) csrrs   a2, mie, zero
core   0: 3 0x00000000800060a8 (0x30402673) x12 0x0000000000000a00
core   0: 0x00000000800060ac (0x344025f3) csrrs   a1, mip, zero
core   0: 3 0x00000000800060ac (0x344025f3) x11 0x0000000000000080
core   0: 0x00000000800060b0 (0x343025f3) csrrs   a1, mtval, zero
core   0: 3 0x00000000800060b0 (0x343025f3) x11 0x00000000c80c1773
core   0: 0x00000000800060b4 (0x14302573) csrrs   a0, stval, zero
core   0: 3 0x00000000800060b4 (0x14302573) x10 0x0000000000000000
core   0: 0x00000000800060b8 (0xb02024f3) csrrs   s1, minstret, zero
core   0: 3 0x00000000800060b8 (0xb02024f3) x9  0x0000000000000d79
core   0: 0x00000000800060bc (0x0000a811) c.j     pc + 20
core   0: 3 0x00000000800060bc (0xa811)
core   0: >>>>  mepc_4
core   0: 0x00000000800060d0 (0x00000791) c.addi  a5, 4
core   0: 3 0x00000000800060d0 (0x0791) x15 0x00000000800050b8
core   0: 0x00000000800060d2 (0x34179073) csrrw   zero, mepc, a5
core   0: 3 0x00000000800060d2 (0x34179073) c833_mepc 0x00000000800050b8
core   0: 0x00000000800060d6 (0x30200073) mret
core   0: 3 0x00000000800060d6 (0x30200073) c768_mstatus 0x8000000a00106080
core   0: 0x00000000800050b8 (0x008382b3) add     t0, t2, s0
core   0: 1 0x00000000800050b8 (0x008382b3) x5  0xffffffffffffffff
core   0: 0x00000000800050bc (0xd0377353) fcvt.s.lu ft6, a4
core   0: 1 0x00000000800050bc (0xd0377353) f6  0xffffffff40000000
core   0: 0x00000000800050c0 (0x00202af3) csrrs   s5, frm, zero
core   0: 1 0x00000000800050c0 (0x00202af3) x21 0x0000000000000000
core   0: 0x00000000800050c4 (0x2abc1953) fmax.d  fs2, fs8, fa1
core   0: 1 0x00000000800050c4 (0x2abc1953) f18 0x7ff8000000000000
core   0: 0x00000000800050c8 (0xc025f8d3) fcvt.l.s a7, fa1
core   0: 1 0x00000000800050c8 (0xc025f8d3) c1_fflags 0x0000000000000019 x17 0x7fffffffffffffff
core   0: 0x00000000800050cc (0xd2387dd3) fcvt.d.lu fs11, a6
core   0: 1 0x00000000800050cc (0xd2387dd3) f27 0x41d0000802400000
core   0: 0x00000000800050d0 (0x022ab233) mulhu   tp, s5, sp
core   0: 1 0x00000000800050d0 (0x022ab233) x4  0x0000000000000000
core   0: 0x00000000800050d4 (0xb2b5f343) fmadd.d ft6, fa1, fa1, fs6
core   0: 1 0x00000000800050d4 (0xb2b5f343) f6  0x7ff8000000000000
core   0: 0x00000000800050d8 (0xd2387ad3) fcvt.d.lu fs5, a6
core   0: 1 0x00000000800050d8 (0xd2387ad3) f21 0x41d0000802400000
core   0: 0x00000000800050dc (0x03d3d7bb) divuw   a5, t2, t4
core   0: 1 0x00000000800050dc (0x03d3d7bb) x15 0x0000000000000000
core   0: 0x00000000800050e0 (0x000c5c93) srli    s9, s8, 0
core   0: 1 0x00000000800050e0 (0x000c5c93) x25 0x000000008000609c
core   0: 0x00000000800050e4 (0x42995013) srai    zero, s2, 41
core   0: 1 0x00000000800050e4 (0x42995013)
core   0: 0x00000000800050e8 (0xc2297ed3) fcvt.l.d t4, fs2
core   0: 1 0x00000000800050e8 (0xc2297ed3) c1_fflags 0x0000000000000019 x29 0x7fffffffffffffff
core   0: 0x00000000800050ec (0xa3590153) fle.d   sp, fs2, fs5
core   0: 1 0x00000000800050ec (0xa3590153) c1_fflags 0x0000000000000019 x2  0x0000000000000000
core   0: 0x00000000800050f0 (0x41c35e3b) sraw    t3, t1, t3
core   0: 1 0x00000000800050f0 (0x41c35e3b) x28 0xffffffffffffffff
core   0: 0x00000000800050f4 (0x43f25d13) srai    s10, tp, 63
core   0: 1 0x00000000800050f4 (0x43f25d13) x26 0x0000000000000000
core   0: 0x00000000800050f8 (0x0320fe47) fmsub.d ft8, ft1, fs2, ft0
core   0: 1 0x00000000800050f8 (0x0320fe47) f28 0x7ff8000000000000
core   0: 0x00000000800050fc (0x23281853) fsgnjn.d fa6, fa6, fs2
core   0: 1 0x00000000800050fc (0x23281853) f16 0xffffffffffffffff
core   0: 0x0000000080005100 (0x03a9dd3b) divuw   s10, s3, s10
core   0: 1 0x0000000080005100 (0x03a9dd3b) x26 0xffffffffffffffff
core   0: 0x0000000080005104 (0xc22373d3) fcvt.l.d t2, ft6
core   0: 1 0x0000000080005104 (0xc22373d3) c1_fflags 0x0000000000000019 x7  0x7fffffffffffffff
core   0: 0x0000000080005108 (0xfd85b1b7) lui     gp, 0xfd85b
core   0: 1 0x0000000080005108 (0xfd85b1b7) x3  0xfffffffffd85b000
core   0: 0x000000008000510c (0x9371819b) addiw   gp, gp, -1737
core   0: 1 0x000000008000510c (0x9371819b) x3  0xfffffffffd85a937
core   0: 0x0000000080005110 (0x000001b6) c.slli  gp, 13
core   0: 1 0x0000000080005110 (0x01b6) x3  0xffffffb0b526e000
core   0: 0x0000000080005112 (0xd6b18193) addi    gp, gp, -661
core   0: 1 0x0000000080005112 (0xd6b18193) x3  0xffffffb0b526dd6b
core   0: 0x0000000080005116 (0xbe967693) andi    a3, a2, -1047
core   0: 1 0x0000000080005116 (0xbe967693) x13 0x0000000000000a00
core   0: 0x000000008000511a (0x036a70d3) fadd.d  ft1, fs4, fs6
core   0: 1 0x000000008000511a (0x036a70d3) f1  0x7ff8000000000000
core   0: 0x000000008000511e (0x0094de3b) srlw    t3, s1, s1
core   0: 1 0x000000008000511e (0x0094de3b) x28 0x0000000000000000
core   0: 0x0000000080005122 (0xa3008853) fle.d   a6, ft1, fa6
core   0: 1 0x0000000080005122 (0xa3008853) c1_fflags 0x0000000000000019 x16 0x0000000000000000
core   0: 0x0000000080005126 (0x0005d11b) srliw   sp, a1, 0
core   0: 1 0x0000000080005126 (0x0005d11b) x2  0xffffffffc80c1773
core   0: 0x000000008000512a (0x406cdcbb) sraw    s9, s9, t1
core   0: 1 0x000000008000512a (0x406cdcbb) x25 0xffffffffffffffff
core   0: 0x000000008000512e (0xa3cc2253) feq.d   tp, fs8, ft8
core   0: 1 0x000000008000512e (0xa3cc2253) x4  0x0000000000000000
core   0: 0x0000000080005132 (0x02a05533) divu    a0, zero, a0
core   0: 1 0x0000000080005132 (0x02a05533) x10 0xffffffffffffffff
core   0: 0x0000000080005136 (0x0155893b) addw    s2, a1, s5
core   0: 1 0x0000000080005136 (0x0155893b) x18 0xffffffffc80c1773
core   0: 0x000000008000513a (0x228c1cd3) fsgnjn.d fs9, fs8, fs0
core   0: 1 0x000000008000513a (0x228c1cd3) f25 0x7ff8000000000000
core   0: 0x000000008000513e (0x239caad3) fsgnjx.d fs5, fs9, fs9
core   0: 1 0x000000008000513e (0x239caad3) f21 0x7ff8000000000000
core   0: 0x0000000080005142 (0x01247ab3) and     s5, s0, s2
core   0: 1 0x0000000080005142 (0x01247ab3) x21 0xffffffffc80c1771
core   0: 0x0000000080005146 (0xd2140853) fcvt.d.wu fa6, s0
core   0: 1 0x0000000080005146 (0xd2140853) f16 0x41efffffffa00000
core   0: 0x000000008000514a (0xc2187d53) fcvt.wu.d s10, fa6
core   0: 1 0x000000008000514a (0xc2187d53) x26 0xfffffffffffffffd
core   0: 0x000000008000514e (0x03fa9013) slli    zero, s5, 63
core   0: 1 0x000000008000514e (0x03fa9013)
core   0: 0x0000000080005152 (0x3c6b6a93) ori     s5, s6, 966
core   0: 1 0x0000000080005152 (0x3c6b6a93) x21 0x00000000000007f6
core   0: 0x0000000080005156 (0x00a327b3) slt     a5, t1, a0
core   0: 1 0x0000000080005156 (0x00a327b3) x15 0x0000000000000000
core   0: 0x000000008000515a (0xd024fb53) fcvt.s.l fs6, s1
core   0: 1 0x000000008000515a (0xd024fb53) f22 0xffffffff45579000
core   0: 0x000000008000515e (0x006955b3) srl     a1, s2, t1
core   0: 1 0x000000008000515e (0x006955b3) x11 0x0000000000000001
core   0: 0x0000000080005162 (0x0007d993) srli    s3, a5, 0
core   0: 1 0x0000000080005162 (0x0007d993) x19 0x0000000000000000
core   0: 0x0000000080005166 (0x23291fd3) fsgnjn.d ft11, fs2, fs2
core   0: 1 0x0000000080005166 (0x23291fd3) f31 0xfff8000000000000
core   0: 0x000000008000516a (0x40198eb3) sub     t4, s3, ra
core   0: 1 0x000000008000516a (0x40198eb3) x29 0xffffffff7fffbfec
core   0: 0x000000008000516e (0xc223f0d3) fcvt.l.d ra, ft7
core   0: 1 0x000000008000516e (0xc223f0d3) c1_fflags 0x0000000000000019 x1  0x7fffffffffffffff
core   0: 0x0000000080005172 (0x02d4c6bb) divw    a3, s1, a3
core   0: 1 0x0000000080005172 (0x02d4c6bb) x13 0x0000000000000001
core   0: 0x0000000080005176 (0x0060863b) addw    a2, ra, t1
core   0: 1 0x0000000080005176 (0x0060863b) x12 0xfffffffffffffffe
core   0: 0x000000008000517a (0x00019713) slli    a4, gp, 0
core   0: 1 0x000000008000517a (0x00019713) x14 0xffffffb0b526dd6b
core   0: 0x000000008000517e (0xc216f9d3) fcvt.wu.d s3, fa3
core   0: 1 0x000000008000517e (0xc216f9d3) c1_fflags 0x0000000000000019 x19 0xffffffffffffffff
core   0: 0x0000000080005182 (0x02bc42bb) divw    t0, s8, a1
core   0: 1 0x0000000080005182 (0x02bc42bb) x5  0xffffffff8000609c
core   0: 0x0000000080005186 (0x426c5c13) srai    s8, s8, 38
core   0: 1 0x0000000080005186 (0x426c5c13) x24 0x0000000000000000
core   0: 0x000000008000518a (0xead8fc4b) fnmsub.d fs8, fa7, fa3, ft9
core   0: 1 0x000000008000518a (0xead8fc4b) f24 0x7ff8000000000000
core   0: 0x000000008000518e (0x4149d89b) sraiw   a7, s3, 20
core   0: 1 0x000000008000518e (0x4149d89b) x17 0xffffffffffffffff
core   0: 0x0000000080005192 (0xe20f85d3) fmv.x.d a1, ft11
core   0: 1 0x0000000080005192 (0xe20f85d3) x11 0xfff8000000000000
core   0: 0x0000000080005196 (0x031707bb) mulw    a5, a4, a7
core   0: 1 0x0000000080005196 (0x031707bb) x15 0x000000004ad92295
core   0: 0x000000008000519a (0xd22b7553) fcvt.d.l fa0, s6
core   0: 1 0x000000008000519a (0xd22b7553) f10 0x4095d80000000000
core   0: 0x000000008000519e (0x2aeb0853) fmin.d  fa6, fs6, fa4
core   0: 1 0x000000008000519e (0x2aeb0853) f16 0x4117077000000000
core   0: 0x00000000800051a2 (0xd223f9d3) fcvt.d.l fs3, t2
core   0: 1 0x00000000800051a2 (0xd223f9d3) c1_fflags 0x0000000000000019 f19 0x43e0000000000000
core   0: 0x00000000800051a6 (0x406303b3) sub     t2, t1, t1
core   0: 1 0x00000000800051a6 (0x406303b3) x7  0x0000000000000000
core   0: 0x00000000800051aa (0xb3437f4b) fnmsub.d ft10, ft6, fs4, fs6
core   0: 1 0x00000000800051aa (0xb3437f4b) f30 0x7ff8000000000000
core   0: 0x00000000800051ae (0x41f35a1b) sraiw   s4, t1, 31
core   0: 1 0x00000000800051ae (0x41f35a1b) x20 0xffffffffffffffff
core   0: 0x00000000800051b2 (0x12edf4d3) fmul.d  fs1, fs11, fa4
core   0: 1 0x00000000800051b2 (0x12edf4d3) f9  0x42f7077b86f50bc0
core   0: 0x00000000800051b6 (0xc02df753) fcvt.l.s a4, fs11
core   0: 1 0x00000000800051b6 (0xc02df753) c1_fflags 0x0000000000000019 x14 0x7fffffffffffffff
core   0: 0x00000000800051ba (0x2b3998d3) fmax.d  fa7, fs3, fs3
core   0: 1 0x00000000800051ba (0x2b3998d3) f17 0x43e0000000000000
core   0: 0x00000000800051be (0x8b3efecf) fnmadd.d ft9, ft9, fs3, fa7
core   0: 1 0x00000000800051be (0x8b3efecf) f29 0x7ff8000000000000
core   0: 0x00000000800051c2 (0x0326503b) divuw   zero, a2, s2
core   0: 1 0x00000000800051c2 (0x0326503b)
core   0: 0x00000000800051c6 (0xc210f0d3) fcvt.wu.d ra, ft1
core   0: 1 0x00000000800051c6 (0xc210f0d3) c1_fflags 0x0000000000000019 x1  0xffffffffffffffff
core   0: 0x00000000800051ca (0xd20b8dd3) fcvt.d.w fs11, s7
core   0: 1 0x00000000800051ca (0xd20b8dd3) f27 0x0000000000000000
core   0: 0x00000000800051ce (0x23ef0253) fsgnj.d ft4, ft10, ft10
core   0: 1 0x00000000800051ce (0x23ef0253) f4  0x7ff8000000000000
core   0: 0x00000000800051d2 (0x401bdb93) srai    s7, s7, 1
core   0: 1 0x00000000800051d2 (0x401bdb93) x23 0x0000000000000000
core   0: 0x00000000800051d6 (0x012210b3) sll     ra, tp, s2
core   0: 1 0x00000000800051d6 (0x012210b3) x1  0x0000000000000000
core   0: 0x00000000800051da (0xccc00b17) auipc   s6, 0xccc00
core   0: 1 0x00000000800051da (0xccc00b17) x22 0x000000004cc051da
core   0: 0x00000000800051de (0x009443b3) xor     t2, s0, s1
core   0: 1 0x00000000800051de (0x009443b3) x7  0xfffffffffffff284
core   0: 0x00000000800051e2 (0x435cdd93) srai    s11, s9, 53
core   0: 1 0x00000000800051e2 (0x435cdd93) x27 0xffffffffffffffff
core   0: 0x00000000800051e6 (0x039489b3) mul     s3, s1, s9
core   0: 1 0x00000000800051e6 (0x039489b3) x19 0xfffffffffffff287
core   0: 0x00000000800051ea (0x401a77d3) fcvt.s.d fa5, fs4
core   0: 1 0x00000000800051ea (0x401a77d3) f15 0xffffffff44c30000
core   0: 0x00000000800051ee (0x001d6493) ori     s1, s10, 1
core   0: 1 0x00000000800051ee (0x001d6493) x9  0xfffffffffffffffd
core   0: 0x00000000800051f2 (0x00048bb3) add     s7, s1, zero
core   0: 1 0x00000000800051f2 (0x00048bb3) x23 0xfffffffffffffffd
core   0: 0x00000000800051f6 (0xd0307fd3) fcvt.s.lu ft11, zero
core   0: 1 0x00000000800051f6 (0xd0307fd3) f31 0xffffffff00000000
core   0: 0x00000000800051fa (0x0003131b) slliw   t1, t1, 0
core   0: 1 0x00000000800051fa (0x0003131b) x6  0xffffffffffffffff
core   0: 0x00000000800051fe (0x00129773) csrrw   a4, fflags, t0
core   0: 1 0x00000000800051fe (0x00129773) x14 0x0000000000000019 c1_fflags 0x000000000000001c
core   0: 0x0000000080005202 (0x013eed33) or      s10, t4, s3
core   0: 1 0x0000000080005202 (0x013eed33) x26 0xffffffffffffffef
core   0: 0x0000000080005206 (0x03d9cebb) divw    t4, s3, t4
core   0: 1 0x0000000080005206 (0x03d9cebb) x29 0x0000000000000000
core   0: 0x000000008000520a (0x0137a833) slt     a6, a5, s3
core   0: 1 0x000000008000520a (0x0137a833) x16 0x0000000000000000
core   0: 0x000000008000520e (0x41d28633) sub     a2, t0, t4
core   0: 1 0x000000008000520e (0x41d28633) x12 0xffffffff8000609c
core   0: 0x0000000080005212 (0x00e9dc1b) srliw   s8, s3, 14
core   0: 1 0x0000000080005212 (0x00e9dc1b) x24 0x000000000003ffff
core   0: 0x0000000080005216 (0xe20d09d3) fmv.x.d s3, fs10
core   0: 1 0x0000000080005216 (0xe20d09d3) x19 0x7ff8000000000000
core   0: 0x000000008000521a (0x013c9093) slli    ra, s9, 19
core   0: 1 0x000000008000521a (0x013c9093) x1  0xfffffffffff80000
core   0: 0x000000008000521e (0x40c0833b) subw    t1, ra, a2
core   0: 1 0x000000008000521e (0x40c0833b) x6  0x000000007ff79f64
core   0: 0x0000000080005222 (0x400004bb) subw    s1, zero, zero
core   0: 1 0x0000000080005222 (0x400004bb) x9  0x0000000000000000
core   0: 0x0000000080005226 (0xe345fe4f) fnmadd.d ft8, fa1, fs4, ft8
core   0: 1 0x0000000080005226 (0xe345fe4f) f28 0x7ff8000000000000
core   0: 0x000000008000522a (0xd0307153) fcvt.s.lu ft2, zero
core   0: 1 0x000000008000522a (0xd0307153) f2  0xffffffff00000000
core   0: 0x000000008000522e (0x003959b3) srl     s3, s2, gp
core   0: 1 0x000000008000522e (0x003959b3) x19 0x00000000001fffff
core   0: 0x0000000080005232 (0x7ff1c913) xori    s2, gp, 2047
core   0: 1 0x0000000080005232 (0x7ff1c913) x18 0xffffffb0b526da94
core   0: 0x0000000080005236 (0x00344433) xor     s0, s0, gp
core   0: 1 0x0000000080005236 (0x00344433) x8  0x0000004f4ad92296
core   0: 0x000000008000523a (0x01641533) sll     a0, s0, s6
core   0: 1 0x000000008000523a (0x01641533) x10 0x3d2b648a58000000
core   0: 0x000000008000523e (0x40055c1b) sraiw   s8, a0, 0
core   0: 1 0x000000008000523e (0x40055c1b) x24 0x0000000058000000
core   0: 0x0000000080005242 (0x1bf1f1d3) fdiv.d  ft3, ft3, ft11
core   0: 1 0x0000000080005242 (0x1bf1f1d3) f3  0x7ff8000000000000
core   0: 0x0000000080005246 (0x8003cd13) xori    s10, t2, -2048
core   0: 1 0x0000000080005246 (0x8003cd13) x26 0x0000000000000a84
core   0: 0x000000008000524a (0x03dd0b33) mul     s6, s10, t4
core   0: 1 0x000000008000524a (0x03dd0b33) x22 0x0000000000000000
core   0: 0x000000008000524e (0xfec1e637) lui     a2, 0xfec1e
core   0: 1 0x000000008000524e (0xfec1e637) x12 0xfffffffffec1e000
core   0: 0x0000000080005252 (0x9776061b) addiw   a2, a2, -1673
core   0: 1 0x0000000080005252 (0x9776061b) x12 0xfffffffffec1d977
core   0: 0x0000000080005256 (0x0000063a) c.slli  a2, 14
core   0: 1 0x0000000080005256 (0x063a) x12 0xffffffb0765dc000
core   0: 0x0000000080005258 (0xcd760613) addi    a2, a2, -809
core   0: 1 0x0000000080005258 (0xcd760613) x12 0xffffffb0765dbcd7
core   0: 0x000000008000525c (0x012b0e3b) addw    t3, s6, s2
core   0: 1 0x000000008000525c (0x012b0e3b) x28 0xffffffffb526da94
core   0: 0x0000000080005260 (0x001a99f3) csrrw   s3, fflags, s5
core   0: 1 0x0000000080005260 (0x001a99f3) x19 0x000000000000001c c1_fflags 0x0000000000000016
core   0: 0x0000000080005264 (0x02002c33) mulhsu  s8, zero, zero
core   0: 1 0x0000000080005264 (0x02002c33) x24 0x0000000000000000
core   0: 0x0000000080005268 (0xd2307e53) fcvt.d.lu ft8, zero
core   0: 1 0x0000000080005268 (0xd2307e53) f28 0x0000000000000000
core   0: 0x000000008000526c (0x00000001) c.nop
core   0: 1 0x000000008000526c (0x0001)
core   0: 0x000000008000526e (0x12eff0d3) fmul.d  ft1, ft11, fa4
core   0: 1 0x000000008000526e (0x12eff0d3) f1  0x7ff8000000000000
core   0: 0x0000000080005272 (0x03cdddbb) divuw   s11, s11, t3
core   0: 1 0x0000000080005272 (0x03cdddbb) x27 0x0000000000000001
core   0: 0x0000000080005276 (0x038acd33) div     s10, s5, s8
core   0: 1 0x0000000080005276 (0x038acd33) x26 0xffffffffffffffff
core   0: 0x000000008000527a (0x034244b3) div     s1, tp, s4
core   0: 1 0x000000008000527a (0x034244b3) x9  0x0000000000000000
core   0: 0x000000008000527e (0x00b811b3) sll     gp, a6, a1
core   0: 1 0x000000008000527e (0x00b811b3) x3  0x0000000000000000
core   0: 0x0000000080005282 (0xe28ece93) xori    t4, t4, -472
core   0: 1 0x0000000080005282 (0xe28ece93) x29 0xfffffffffffffe28
core   0: 0x0000000080005286 (0x021a2933) mulhsu  s2, s4, ra
core   0: 1 0x0000000080005286 (0x021a2933) x18 0xffffffffffffffff
core   0: 0x000000008000528a (0x420686d3) fcvt.d.s fa3, fa3
core   0: 1 0x000000008000528a (0x420686d3) f13 0xc0a0000000000000
core   0: 0x000000008000528e (0x4121073b) subw    a4, sp, s2
core   0: 1 0x000000008000528e (0x4121073b) x14 0xffffffffc80c1774
core   0: 0x0000000080005292 (0x01db119b) slliw   gp, s6, 29
core   0: 1 0x0000000080005292 (0x01db119b) x3  0x0000000000000000
core   0: 0x0000000080005296 (0x00c828b3) slt     a7, a6, a2
core   0: 1 0x0000000080005296 (0x00c828b3) x17 0x0000000000000000
core   0: 0x000000008000529a (0x00712933) slt     s2, sp, t2
core   0: 1 0x000000008000529a (0x00712933) x18 0x0000000000000001
core   0: 0x000000008000529e (0x01fe63b7) lui     t2, 0x1fe6
core   0: 1 0x000000008000529e (0x01fe63b7) x7  0x0000000001fe6000
core   0: 0x00000000800052a2 (0xce93839b) addiw   t2, t2, -791
core   0: 1 0x00000000800052a2 (0xce93839b) x7  0x0000000001fe5ce9
core   0: 0x00000000800052a6 (0x000003b6) c.slli  t2, 13
core   0: 1 0x00000000800052a6 (0x03b6) x7  0x0000003fcb9d2000
core   0: 0x00000000800052a8 (0x04f38393) addi    t2, t2, 79
core   0: 1 0x00000000800052a8 (0x04f38393) x7  0x0000003fcb9d204f
core   0: 0x00000000800052ac (0x22de7e4f) fnmadd.d ft8, ft8, fa3, ft4
core   0: 1 0x00000000800052ac (0x22de7e4f) f28 0x7ff8000000000000
core   0: 0x00000000800052b0 (0xc207f453) fcvt.w.d s0, fa5
core   0: 1 0x00000000800052b0 (0xc207f453) c1_fflags 0x0000000000000016 x8  0x000000007fffffff
core   0: 0x00000000800052b4 (0x001d9993) slli    s3, s11, 1
core   0: 1 0x00000000800052b4 (0x001d9993) x19 0x0000000000000002
core   0: 0x00000000800052b8 (0x00289873) csrrw   a6, frm, a7
core   0: 1 0x00000000800052b8 (0x00289873) x16 0x0000000000000000 c2_frm 0x0000000000000000
core   0: 0x00000000800052bc (0x00109833) sll     a6, ra, ra
core   0: 1 0x00000000800052bc (0x00109833) x16 0xfffffffffff80000
core   0: 0x00000000800052c0 (0x00dc561b) srliw   a2, s8, 13
core   0: 1 0x00000000800052c0 (0x00dc561b) x12 0x0000000000000000
core   0: 0x00000000800052c4 (0x00202df3) csrrs   s11, frm, zero
core   0: 1 0x00000000800052c4 (0x00202df3) x27 0x0000000000000000
core   0: 0x00000000800052c8 (0x03315913) srli    s2, sp, 51
core   0: 1 0x00000000800052c8 (0x03315913) x18 0x0000000000001fff
core   0: 0x00000000800052cc (0x405387bb) subw    a5, t2, t0
core   0: 1 0x00000000800052cc (0x405387bb) x15 0x000000004b9cbfb3
core   0: 0x00000000800052d0 (0x0260f0d3) fadd.d  ft1, ft1, ft6
core   0: 1 0x00000000800052d0 (0x0260f0d3) f1  0x7ff8000000000000
core   0: 0x00000000800052d4 (0x002797f3) csrrw   a5, frm, a5
core   0: 1 0x00000000800052d4 (0x002797f3) x15 0x0000000000000000 c2_frm 0x0000000000000003
core   0: 0x00000000800052d8 (0x00c3909b) slliw   ra, t2, 12
core   0: 1 0x00000000800052d8 (0x00c3909b) x1  0xffffffffd204f000
core   0: 0x00000000800052dc (0x0058d9bb) srlw    s3, a7, t0
core   0: 1 0x00000000800052dc (0x0058d9bb) x19 0x0000000000000000
core   0: 0x00000000800052e0 (0x4010d11b) sraiw   sp, ra, 1
core   0: 1 0x00000000800052e0 (0x4010d11b) x2  0xffffffffe9027800
core   0: 0x00000000800052e4 (0x4165d5bb) sraw    a1, a1, s6
core   0: 1 0x00000000800052e4 (0x4165d5bb) x11 0x0000000000000000
core   0: 0x00000000800052e8 (0xc226f1d3) fcvt.l.d gp, fa3
core   0: 1 0x00000000800052e8 (0xc226f1d3) x3  0xfffffffffffff800
core   0: 0x00000000800052ec (0x022194b3) mulh    s1, gp, sp
core   0: 1 0x00000000800052ec (0x022194b3) x9  0x0000000000000000
core   0: 0x00000000800052f0 (0x02bf78d3) fadd.d  fa7, ft10, fa1
core   0: 1 0x00000000800052f0 (0x02bf78d3) f17 0x7ff8000000000000
core   0: 0x00000000800052f4 (0x00102573) csrrs   a0, fflags, zero
core   0: 1 0x00000000800052f4 (0x00102573) x10 0x0000000000000016
core   0: 0x00000000800052f8 (0x416c0e3b) subw    t3, s8, s6
core   0: 1 0x00000000800052f8 (0x416c0e3b) x28 0x0000000000000000
core   0: 0x00000000800052fc (0x00d2523b) srlw    tp, tp, a3
core   0: 1 0x00000000800052fc (0x00d2523b) x4  0x0000000000000000
core   0: 0x0000000080005300 (0x1db76713) ori     a4, a4, 475
core   0: 1 0x0000000080005300 (0x1db76713) x14 0xffffffffc80c17ff
core   0: 0x0000000080005304 (0x7218f893) andi    a7, a7, 1825
core   0: 1 0x0000000080005304 (0x7218f893) x17 0x0000000000000000
core   0: 0x0000000080005308 (0x1aa4fdd3) fdiv.d  fs11, fs1, fa0
core   0: 1 0x0000000080005308 (0x1aa4fdd3) c1_fflags 0x0000000000000017 f27 0x4250de4b193d31fe
core   0: 0x000000008000530c (0x0166f837) lui     a6, 0x166f
core   0: 1 0x000000008000530c (0x0166f837) x16 0x000000000166f000
core   0: 0x0000000080005310 (0xec78081b) addiw   a6, a6, -313
core   0: 1 0x0000000080005310 (0xec78081b) x16 0x000000000166eec7
core   0: 0x0000000080005314 (0x00000836) c.slli  a6, 13
core   0: 1 0x0000000080005314 (0x0836) x16 0x0000002cddd8e000
core   0: 0x0000000080005316 (0x64880813) addi    a6, a6, 1608
core   0: 1 0x0000000080005316 (0x64880813) x16 0x0000002cddd8e648
core   0: 0x000000008000531a (0x420986d3) fcvt.d.s fa3, fs3
core   0: 1 0x000000008000531a (0x420986d3) f13 0x7ff8000000000000
core   0: 0x000000008000531e (0xc033fc53) fcvt.lu.s s8, ft7
core   0: 1 0x000000008000531e (0xc033fc53) c1_fflags 0x0000000000000017 x24 0xffffffffffffffff
core   0: 0x0000000080005322 (0xc21df553) fcvt.wu.d a0, fs11
core   0: 1 0x0000000080005322 (0xc21df553) c1_fflags 0x0000000000000017 x10 0xffffffffffffffff
core   0: 0x0000000080005326 (0x00d0159b) slliw   a1, zero, 13
core   0: 1 0x0000000080005326 (0x00d0159b) x11 0x0000000000000000
core   0: 0x000000008000532a (0x00a1c3b3) xor     t2, gp, a0
core   0: 1 0x000000008000532a (0x00a1c3b3) x7  0x00000000000007ff
core   0: 0x000000008000532e (0xa34d8653) fle.d   a2, fs11, fs4
core   0: 1 0x000000008000532e (0xa34d8653) x12 0x0000000000000000
core   0: 0x0000000080005332 (0xd2267bd3) fcvt.d.l fs7, a2
core   0: 1 0x0000000080005332 (0xd2267bd3) f23 0x0000000000000000
core   0: 0x0000000080005336 (0xd22672d3) fcvt.d.l ft5, a2
core   0: 1 0x0000000080005336 (0xd22672d3) f5  0x0000000000000000
core   0: 0x000000008000533a (0x4288db93) srai    s7, a7, 40
core   0: 1 0x000000008000533a (0x4288db93) x23 0x0000000000000000
core   0: 0x000000008000533e (0x40635a93) srai    s5, t1, 6
core   0: 1 0x000000008000533e (0x40635a93) x21 0x0000000001ffde7d
core   0: 0x0000000080005342 (0xc0277b53) fcvt.l.s s6, fa4
core   0: 1 0x0000000080005342 (0xc0277b53) c1_fflags 0x0000000000000017 x22 0x7fffffffffffffff
core   0: 0x0000000080005346 (0xffd7ca37) lui     s4, 0xffd7c
core   0: 1 0x0000000080005346 (0xffd7ca37) x20 0xffffffffffd7c000
core   0: 0x000000008000534a (0xc63a0a1b) addiw   s4, s4, -925
core   0: 1 0x000000008000534a (0xc63a0a1b) x20 0xffffffffffd7bc63
core   0: 0x000000008000534e (0x00000a3a) c.slli  s4, 14
core   0: 1 0x000000008000534e (0x0a3a) x20 0xfffffff5ef18c000
core   0: 0x0000000080005350 (0x79fa0a13) addi    s4, s4, 1951
core   0: 1 0x0000000080005350 (0x79fa0a13) x20 0xfffffff5ef18c79f
core   0: 0x0000000080005354 (0x401efd53) fcvt.s.d fs10, ft9
core   0: 1 0x0000000080005354 (0x401efd53) f26 0xffffffff7fc00000
core   0: 0x0000000080005358 (0x002021f3) csrrs   gp, frm, zero
core   0: 1 0x0000000080005358 (0x002021f3) x3  0x0000000000000003
core   0: 0x000000008000535c (0x0072ccb3) xor     s9, t0, t2
core   0: 1 0x000000008000535c (0x0072ccb3) x25 0xffffffff80006763
core   0: 0x0000000080005360 (0x019a86bb) addw    a3, s5, s9
core   0: 1 0x0000000080005360 (0x019a86bb) x13 0xffffffff820045e0
core   0: 0x0000000080005364 (0x012596b3) sll     a3, a1, s2
core   0: 1 0x0000000080005364 (0x012596b3) x13 0x0000000000000000
core   0: 0x0000000080005368 (0xd2217b53) fcvt.d.l fs6, sp
core   0: 1 0x0000000080005368 (0xd2217b53) f22 0xc1b6fd8800000000
core   0: 0x000000008000536c (0x4112d39b) sraiw   t2, t0, 17
core   0: 1 0x000000008000536c (0x4112d39b) x7  0xffffffffffffc000
core   0: 0x0000000080005370 (0x03167653) fadd.d  fa2, fa2, fa7
core   0: 1 0x0000000080005370 (0x03167653) f12 0x7ff8000000000000
core   0: 0x0000000080005374 (0xd23e7153) fcvt.d.lu ft2, t3
core   0: 1 0x0000000080005374 (0xd23e7153) f2  0x0000000000000000
core   0: 0x0000000080005378 (0x43083413) sltiu   s0, a6, 1072
core   0: 1 0x0000000080005378 (0x43083413) x8  0x0000000000000000
core   0: 0x000000008000537c (0xd2297cd3) fcvt.d.l fs9, s2
core   0: 1 0x000000008000537c (0xd2297cd3) f25 0x40bfff0000000000
core   0: 0x0000000080005380 (0x0153aab3) slt     s5, t2, s5
core   0: 1 0x0000000080005380 (0x0153aab3) x21 0x0000000000000001
core   0: 0x0000000080005384 (0x001adb13) srli    s6, s5, 1
core   0: 1 0x0000000080005384 (0x001adb13) x22 0x0000000000000000
core   0: 0x0000000080005388 (0x02b6e9bb) remw    s3, a3, a1
core   0: 1 0x0000000080005388 (0x02b6e9bb) x19 0x0000000000000000
core   0: 0x000000008000538c (0xc216f253) fcvt.wu.d tp, fa3
core   0: 1 0x000000008000538c (0xc216f253) c1_fflags 0x0000000000000017 x4  0xffffffffffffffff
core   0: 0x0000000080005390 (0x007147b3) xor     a5, sp, t2
core   0: 1 0x0000000080005390 (0x007147b3) x15 0x0000000016fdb800
core   0: 0x0000000080005394 (0xd23174d3) fcvt.d.lu fs1, sp
core   0: 1 0x0000000080005394 (0xd23174d3) f9  0x43effffffffd204f
core   0: 0x0000000080005398 (0x000c1793) slli    a5, s8, 0
core   0: 1 0x0000000080005398 (0x000c1793) x15 0xffffffffffffffff
core   0: 0x000000008000539c (0x5a077753) fsqrt.d fa4, fa4
core   0: 1 0x000000008000539c (0x5a077753) c1_fflags 0x0000000000000017 f14 0x408332083b2c99c7
core   0: 0x00000000800053a0 (0x5a0f7453) fsqrt.d fs0, ft10
core   0: 1 0x00000000800053a0 (0x5a0f7453) f8  0x7ff8000000000000
core   0: 0x00000000800053a4 (0x0273c0b3) div     ra, t2, t2
core   0: 1 0x00000000800053a4 (0x0273c0b3) x1  0x0000000000000001
core   0: 0x00000000800053a8 (0x03d4ccbb) divw    s9, s1, t4
core   0: 1 0x00000000800053a8 (0x03d4ccbb) x25 0x0000000000000000
core   0: 0x00000000800053ac (0x3be4ffcf) fnmadd.d ft11, fs1, ft10, ft7
core   0: 1 0x00000000800053ac (0x3be4ffcf) f31 0x7ff8000000000000
core   0: 0x00000000800053b0 (0x23ef05d3) fsgnj.d fa1, ft10, ft10
core   0: 1 0x00000000800053b0 (0x23ef05d3) f11 0x7ff8000000000000
core   0: 0x00000000800053b4 (0x800b0b1b) addiw   s6, s6, -2048
core   0: 1 0x00000000800053b4 (0x800b0b1b) x22 0xfffffffffffff800
core   0: 0x00000000800053b8 (0x03315213) srli    tp, sp, 51
core   0: 1 0x00000000800053b8 (0x03315213) x4  0x0000000000001fff
core   0: 0x00000000800053bc (0x02219633) mulh    a2, gp, sp
core   0: 1 0x00000000800053bc (0x02219633) x12 0xffffffffffffffff
core   0: 0x00000000800053c0 (0x00001b32) c.slli  s6, 44
core   0: 1 0x00000000800053c0 (0x1b32) x22 0xff80000000000000
core   0: 0x00000000800053c2 (0x419c551b) sraiw   a0, s8, 25
core   0: 1 0x00000000800053c2 (0x419c551b) x10 0xffffffffffffffff
core   0: 0x00000000800053c6 (0x8003ea93) ori     s5, t2, -2048
core   0: 1 0x00000000800053c6 (0x8003ea93) x21 0xfffffffffffff800
core   0: 0x00000000800053ca (0x40b288b3) sub     a7, t0, a1
core   0: 1 0x00000000800053ca (0x40b288b3) x17 0xffffffff8000609c
core   0: 0x00000000800053ce (0x4366d393) srai    t2, a3, 54
core   0: 1 0x00000000800053ce (0x4366d393) x7  0x0000000000000000
core   0: 0x00000000800053d2 (0x0018191b) slliw   s2, a6, 1
core   0: 1 0x00000000800053d2 (0x0018191b) x18 0xffffffffbbb1cc90
core   0: 0x00000000800053d6 (0x4003db93) srai    s7, t2, 0
core   0: 1 0x00000000800053d6 (0x4003db93) x23 0x0000000000000000
core   0: 0x00000000800053da (0x0378d113) srli    sp, a7, 55
core   0: 1 0x00000000800053da (0x0378d113) x2  0x00000000000001ff
core   0: 0x00000000800053de (0xd2050c53) fcvt.d.w fs8, a0
core   0: 1 0x00000000800053de (0xd2050c53) f24 0xbff0000000000000
core   0: 0x00000000800053e2 (0x01584333) xor     t1, a6, s5
core   0: 1 0x00000000800053e2 (0x01584333) x6  0xffffffd322271e48
core   0: 0x00000000800053e6 (0x5ab2704b) fnmsub.d ft0, ft4, fa1, fa1
core   0: 1 0x00000000800053e6 (0x5ab2704b) f0  0x7ff8000000000000
core   0: 0x00000000800053ea (0x00102973) csrrs   s2, fflags, zero
core   0: 1 0x00000000800053ea (0x00102973) x18 0x0000000000000017
core   0: 0x00000000800053ee (0x4001dd13) srai    s10, gp, 0
core   0: 1 0x00000000800053ee (0x4001dd13) x26 0x0000000000000003
core   0: 0x00000000800053f2 (0x022178d3) fadd.d  fa7, ft2, ft2
core   0: 1 0x00000000800053f2 (0x022178d3) f17 0x0000000000000000
core   0: 0x00000000800053f6 (0x0031ecb3) or      s9, gp, gp
core   0: 1 0x00000000800053f6 (0x0031ecb3) x25 0x0000000000000003
core   0: 0x00000000800053fa (0x5a097ad3) fsqrt.d fs5, fs2
core   0: 1 0x00000000800053fa (0x5a097ad3) f21 0x7ff8000000000000
core   0: 0x00000000800053fe (0x03bae4b3) rem     s1, s5, s11
core   0: 1 0x00000000800053fe (0x03bae4b3) x9  0xfffffffffffff800
core   0: 0x0000000080005402 (0x008e911b) slliw   sp, t4, 8
core   0: 1 0x0000000080005402 (0x008e911b) x2  0xfffffffffffe2800
core   0: 0x0000000080005406 (0x003c2433) slt     s0, s8, gp
core   0: 1 0x0000000080005406 (0x003c2433) x8  0x0000000000000001
core   0: 0x000000008000540a (0x0ff0000f) fence   iorw,iorw
core   0: 1 0x000000008000540a (0x0ff0000f)
core   0: 0x000000008000540e (0x40a385b3) sub     a1, t2, a0
core   0: 1 0x000000008000540e (0x40a385b3) x11 0x0000000000000001
core   0: 0x0000000080005412 (0x00cc5cb3) srl     s9, s8, a2
core   0: 1 0x0000000080005412 (0x00cc5cb3) x25 0x0000000000000001
core   0: 0x0000000080005416 (0x1dc60b93) addi    s7, a2, 476
core   0: 1 0x0000000080005416 (0x1dc60b93) x23 0x00000000000001db
core   0: 0x000000008000541a (0x5a0c72d3) fsqrt.d ft5, fs8
core   0: 1 0x000000008000541a (0x5a0c72d3) c1_fflags 0x0000000000000017 f5  0x7ff8000000000000
core   0: 0x000000008000541e (0xf5afcd17) auipc   s10, 0xf5afc
core   0: 1 0x000000008000541e (0xf5afcd17) x26 0x0000000075b0141e
core   0: 0x0000000080005422 (0x40157c53) fcvt.s.d fs8, fa0
core   0: 1 0x0000000080005422 (0x40157c53) f24 0xffffffff44aec000
core   0: 0x0000000080005426 (0x00241b73) csrrw   s6, frm, s0
core   0: 1 0x0000000080005426 (0x00241b73) x22 0x0000000000000003 c2_frm 0x0000000000000001
core   0: 0x000000008000542a (0x00102173) csrrs   sp, fflags, zero
core   0: 1 0x000000008000542a (0x00102173) x2  0x0000000000000017
core   0: 0x000000008000542e (0x01489333) sll     t1, a7, s4
core   0: 1 0x000000008000542e (0x01489333) x6  0xc000304e00000000
core   0: 0x0000000080005432 (0x00102ef3) csrrs   t4, fflags, zero
core   0: 1 0x0000000080005432 (0x00102ef3) x29 0x0000000000000017
core   0: 0x0000000080005436 (0x021e01b3) mul     gp, t3, ra
core   0: 1 0x0000000080005436 (0x021e01b3) x3  0x0000000000000000
core   0: 0x000000008000543a (0x2a1c9553) fmax.d  fa0, fs9, ft1
core   0: 1 0x000000008000543a (0x2a1c9553) f10 0x40bfff0000000000
core   0: 0x000000008000543e (0x2a108553) fmin.d  fa0, ft1, ft1
core   0: 1 0x000000008000543e (0x2a108553) f10 0x7ff8000000000000
core   0: 0x0000000080005442 (0x02f977d3) fadd.d  fa5, fs2, fa5
core   0: 1 0x0000000080005442 (0x02f977d3) f15 0x7ff8000000000000
core   0: 0x0000000080005446 (0x00000001) c.nop
core   0: 1 0x0000000080005446 (0x0001)
core   0: 0x0000000080005448 (0x2a4b9ad3) fmax.d  fs5, fs7, ft4
core   0: 1 0x0000000080005448 (0x2a4b9ad3) f21 0x0000000000000000
core   0: 0x000000008000544c (0x02277753) fadd.d  fa4, fa4, ft2
core   0: 1 0x000000008000544c (0x02277753) f14 0x408332083b2c99c7
core   0: 0x0000000080005450 (0xd221f353) fcvt.d.l ft6, gp
core   0: 1 0x0000000080005450 (0xd221f353) f6  0x0000000000000000
core   0: 0x0000000080005454 (0xd038fed3) fcvt.s.lu ft9, a7
core   0: 1 0x0000000080005454 (0xd038fed3) c1_fflags 0x0000000000000017 f29 0xffffffff5f7fffff
core   0: 0x0000000080005458 (0xc035fc53) fcvt.lu.s s8, fa1
core   0: 1 0x0000000080005458 (0xc035fc53) c1_fflags 0x0000000000000017 x24 0xffffffffffffffff
core   0: 0x000000008000545c (0x0390e83b) remw    a6, ra, s9
core   0: 1 0x000000008000545c (0x0390e83b) x16 0x0000000000000000
core   0: 0x0000000080005460 (0xa2a58353) fle.d   t1, fa1, fa0
core   0: 1 0x0000000080005460 (0xa2a58353) c1_fflags 0x0000000000000017 x6  0x0000000000000000
core   0: 0x0000000080005464 (0x1a10fb53) fdiv.d  fs6, ft1, ft1
core   0: 1 0x0000000080005464 (0x1a10fb53) f22 0x7ff8000000000000
core   0: 0x0000000080005468 (0x420bdb93) srai    s7, s7, 32
core   0: 1 0x0000000080005468 (0x420bdb93) x23 0x0000000000000000
core   0: 0x000000008000546c (0x2b3b09d3) fmin.d  fs3, fs6, fs3
core   0: 1 0x000000008000546c (0x2b3b09d3) f19 0x43e0000000000000
core   0: 0x0000000080005470 (0x82a04793) xori    a5, zero, -2006
core   0: 1 0x0000000080005470 (0x82a04793) x15 0xfffffffffffff82a
core   0: 0x0000000080005474 (0x009696bb) sllw    a3, a3, s1
core   0: 1 0x0000000080005474 (0x009696bb) x13 0x0000000000000000
core   0: 0x0000000080005478 (0x12717153) fmul.d  ft2, ft2, ft7
core   0: 1 0x0000000080005478 (0x12717153) f2  0x7ff8000000000000
core   0: 0x000000008000547c (0xb74a6337) lui     t1, 0xb74a6
core   0: 1 0x000000008000547c (0xb74a6337) x6  0xffffffffb74a6000
core   0: 0x0000000080005480 (0x028549b3) div     s3, a0, s0
core   0: 1 0x0000000080005480 (0x028549b3) x19 0xffffffffffffffff
core   0: 0x0000000080005484 (0x01edde93) srli    t4, s11, 30
core   0: 1 0x0000000080005484 (0x01edde93) x29 0x0000000000000000
core   0: 0x0000000080005488 (0x01de9c33) sll     s8, t4, t4
core   0: 1 0x0000000080005488 (0x01de9c33) x24 0x0000000000000000
core   0: 0x000000008000548c (0xe20106d3) fmv.x.d a3, ft2
core   0: 1 0x000000008000548c (0xe20106d3) x13 0x7ff8000000000000
core   0: 0x0000000080005490 (0x0280d0b3) divu    ra, ra, s0
core   0: 1 0x0000000080005490 (0x0280d0b3) x1  0x0000000000000001
core   0: 0x0000000080005494 (0x9ee90d1b) addiw   s10, s2, -1554
core   0: 1 0x0000000080005494 (0x9ee90d1b) x26 0xfffffffffffffa05
core   0: 0x0000000080005498 (0x402d559b) sraiw   a1, s10, 2
core   0: 1 0x0000000080005498 (0x402d559b) x11 0xfffffffffffffe81
core   0: 0x000000008000549c (0x0028d79b) srliw   a5, a7, 2
core   0: 1 0x000000008000549c (0x0028d79b) x15 0x0000000020001827
core   0: 0x00000000800054a0 (0x03c4543b) divuw   s0, s0, t3
core   0: 1 0x00000000800054a0 (0x03c4543b) x8  0xffffffffffffffff
core   0: 0x00000000800054a4 (0x001497f3) csrrw   a5, fflags, s1
core   0: 1 0x00000000800054a4 (0x001497f3) x15 0x0000000000000017 c1_fflags 0x0000000000000000
core   0: 0x00000000800054a8 (0x00000001) c.nop
core   0: 1 0x00000000800054a8 (0x0001)
core   0: 0x00000000800054aa (0x4229f7cb) fnmsub.d fa5, fs3, ft2, fs0
core   0: 1 0x00000000800054aa (0x4229f7cb) f15 0x7ff8000000000000
core   0: 0x00000000800054ae (0x00074b93) xori    s7, a4, 0
core   0: 1 0x00000000800054ae (0x00074b93) x23 0xffffffffc80c17ff
core   0: 0x00000000800054b2 (0x037acbb3) div     s7, s5, s7
core   0: 1 0x00000000800054b2 (0x037acbb3) x23 0x0000000000000000
core   0: 0x00000000800054b6 (0x00102c73) csrrs   s8, fflags, zero
core   0: 1 0x00000000800054b6 (0x00102c73) x24 0x0000000000000000
core   0: 0x00000000800054ba (0x410857bb) sraw    a5, a6, a6
core   0: 1 0x00000000800054ba (0x410857bb) x15 0x0000000000000000
core   0: 0x00000000800054be (0x0200fbb3) remu    s7, ra, zero
core   0: 1 0x00000000800054be (0x0200fbb3) x23 0x0000000000000001
core   0: 0x00000000800054c2 (0xff9e1bb7) lui     s7, 0xff9e1
core   0: 1 0x00000000800054c2 (0xff9e1bb7) x23 0xffffffffff9e1000
core   0: 0x00000000800054c6 (0xbd5b8b9b) addiw   s7, s7, -1067
core   0: 1 0x00000000800054c6 (0xbd5b8b9b) x23 0xffffffffff9e0bd5
core   0: 0x00000000800054ca (0x00000bb6) c.slli  s7, 13
core   0: 1 0x00000000800054ca (0x0bb6) x23 0xfffffff3c17aa000
core   0: 0x00000000800054cc (0x84cb8b93) addi    s7, s7, -1972
core   0: 1 0x00000000800054cc (0x84cb8b93) x23 0xfffffff3c17a984c
core   0: 0x00000000800054d0 (0x01b00dbb) addw    s11, zero, s11
core   0: 1 0x00000000800054d0 (0x01b00dbb) x27 0x0000000000000000
core   0: 0x00000000800054d4 (0x022ec03b) divw    zero, t4, sp
core   0: 1 0x00000000800054d4 (0x022ec03b)
core   0: 0x00000000800054d8 (0x002014f3) csrrw   s1, frm, zero
core   0: 1 0x00000000800054d8 (0x002014f3) x9  0x0000000000000001 c2_frm 0x0000000000000000
core   0: 0x00000000800054dc (0x25006213) ori     tp, zero, 592
core   0: 1 0x00000000800054dc (0x25006213) x4  0x0000000000000250
core   0: 0x00000000800054e0 (0x015b111b) slliw   sp, s6, 21
core   0: 1 0x00000000800054e0 (0x015b111b) x2  0x0000000000600000
core   0: 0x00000000800054e4 (0x000a9893) slli    a7, s5, 0
core   0: 1 0x00000000800054e4 (0x000a9893) x17 0xfffffffffffff800
core   0: 0x00000000800054e8 (0x0004d013) srli    zero, s1, 0
core   0: 1 0x00000000800054e8 (0x0004d013)
core   0: 0x00000000800054ec (0x00005d3b) srlw    s10, zero, zero
core   0: 1 0x00000000800054ec (0x00005d3b) x26 0x0000000000000000
core   0: 0x00000000800054f0 (0x00219a73) csrrw   s4, frm, gp
core   0: 1 0x00000000800054f0 (0x00219a73) x20 0x0000000000000000 c2_frm 0x0000000000000000
core   0: 0x00000000800054f4 (0xc02a7c53) fcvt.l.s s8, fs4
core   0: 1 0x00000000800054f4 (0xc02a7c53) c1_fflags 0x0000000000000010 x24 0x7fffffffffffffff
core   0: 0x00000000800054f8 (0x015896b3) sll     a3, a7, s5
core   0: 1 0x00000000800054f8 (0x015896b3) x13 0xfffffffffffff800
core   0: 0x00000000800054fc (0xc029f3d3) fcvt.l.s t2, fs3
core   0: 1 0x00000000800054fc (0xc029f3d3) c1_fflags 0x0000000000000010 x7  0x7fffffffffffffff
core   0: 0x0000000080005500 (0x03d12733) mulhsu  a4, sp, t4
core   0: 1 0x0000000080005500 (0x03d12733) x14 0x0000000000000000
core   0: 0x0000000080005504 (0x0ff0000f) fence   iorw,iorw
core   0: 1 0x0000000080005504 (0x0ff0000f)
core   0: 0x0000000080005508 (0xadf4c293) xori    t0, s1, -1313
core   0: 1 0x0000000080005508 (0xadf4c293) x5  0xfffffffffffffade
core   0: 0x000000008000550c (0x0001e033) or      zero, gp, zero
core   0: 1 0x000000008000550c (0x0001e033)
core   0: 0x0000000080005510 (0x0391613b) remw    sp, sp, s9
core   0: 1 0x0000000080005510 (0x0391613b) x2  0x0000000000000000
core   0: 0x0000000080005514 (0x0ff0000f) fence   iorw,iorw
core   0: 1 0x0000000080005514 (0x0ff0000f)
core   0: 0x0000000080005518 (0x41c38c3b) subw    s8, t2, t3
core   0: 1 0x0000000080005518 (0x41c38c3b) x24 0xffffffffffffffff
core   0: 0x000000008000551c (0x0004d4bb) srlw    s1, s1, zero
core   0: 1 0x000000008000551c (0x0004d4bb) x9  0x0000000000000001
core   0: 0x0000000080005520 (0x00457d33) and     s10, a0, tp
core   0: 1 0x0000000080005520 (0x00457d33) x26 0x0000000000000250
core   0: 0x0000000080005524 (0x01fbdd1b) srliw   s10, s7, 31
core   0: 1 0x0000000080005524 (0x01fbdd1b) x26 0x0000000000000001
core   0: 0x0000000080005528 (0x00009e0d) c.subw  a2, a1
core   0: 1 0x0000000080005528 (0x9e0d) x12 0x000000000000017e
core   0: 0x000000008000552a (0x01ac6b33) or      s6, s8, s10
core   0: 1 0x000000008000552a (0x01ac6b33) x22 0xffffffffffffffff
core   0: 0x000000008000552e (0x01f51e9b) slliw   t4, a0, 31
core   0: 1 0x000000008000552e (0x01f51e9b) x29 0xffffffff80000000
core   0: 0x0000000080005532 (0x000adb13) srli    s6, s5, 0
core   0: 1 0x0000000080005532 (0x000adb13) x22 0xfffffffffffff800
core   0: 0x0000000080005536 (0x00149d13) slli    s10, s1, 1
core   0: 1 0x0000000080005536 (0x00149d13) x26 0x0000000000000002
core   0: 0x000000008000553a (0x412b80bb) subw    ra, s7, s2
core   0: 1 0x000000008000553a (0x412b80bb) x1  0xffffffffc17a9835
core   0: 0x000000008000553e (0xe20683d3) fmv.x.d t2, fa3
core   0: 1 0x000000008000553e (0xe20683d3) x7  0x7ff8000000000000
core   0: 0x0000000080005542 (0x012099bb) sllw    s3, ra, s2
core   0: 1 0x0000000080005542 (0x012099bb) x19 0x000000001a800000
core   0: 0x0000000080005546 (0xcc49c493) xori    s1, s3, -828
core   0: 1 0x0000000080005546 (0xcc49c493) x9  0xffffffffe57ffcc4
core   0: 0x000000008000554a (0x6c34ea93) ori     s5, s1, 1731
core   0: 1 0x000000008000554a (0x6c34ea93) x21 0xffffffffe57ffec7
core   0: 0x000000008000554e (0xf20c8ad3) fmv.d.x fs5, s9
core   0: 1 0x000000008000554e (0xf20c8ad3) f21 0x0000000000000001
core   0: 0x0000000080005552 (0xd02afbd3) fcvt.s.l fs7, s5
core   0: 1 0x0000000080005552 (0xd02afbd3) c1_fflags 0x0000000000000011 f23 0xffffffffcdd4000a
core   0: 0x0000000080005556 (0x8c40001b) addiw   zero, zero, -1852
core   0: 1 0x0000000080005556 (0x8c40001b)
core   0: 0x000000008000555a (0x02fab633) mulhu   a2, s5, a5
core   0: 1 0x000000008000555a (0x02fab633) x12 0x0000000000000000
core   0: 0x000000008000555e (0x00000001) c.nop
core   0: 1 0x000000008000555e (0x0001)
core   0: 0x0000000080005560 (0x7a11794b) fnmsub.d fs2, ft2, ft1, fa5
core   0: 1 0x0000000080005560 (0x7a11794b) f18 0x7ff8000000000000
core   0: 0x0000000080005564 (0x026bf353) fadd.d  ft6, fs7, ft6
core   0: 1 0x0000000080005564 (0x026bf353) f6  0x7ff8000000000000
core   0: 0x0000000080005568 (0x02714ab3) div     s5, sp, t2
core   0: 1 0x0000000080005568 (0x02714ab3) x21 0x0000000000000000
core   0: 0x000000008000556c (0x03f19713) slli    a4, gp, 63
core   0: 1 0x000000008000556c (0x03f19713) x14 0x0000000000000000
core   0: 0x0000000080005570 (0x40c4d4b3) sra     s1, s1, a2
core   0: 1 0x0000000080005570 (0x40c4d4b3) x9  0xffffffffe57ffcc4
core   0: 0x0000000080005574 (0x226207d3) fsgnj.d fa5, ft4, ft6
core   0: 1 0x0000000080005574 (0x226207d3) f15 0x7ff8000000000000
core   0: 0x0000000080005578 (0x42008853) fcvt.d.s fa6, ft1
core   0: 1 0x0000000080005578 (0x42008853) f16 0x7ff8000000000000
core   0: 0x000000008000557c (0x0ff0000f) fence   iorw,iorw
core   0: 1 0x000000008000557c (0x0ff0000f)
core   0: 0x0000000080005580 (0x40bc55bb) sraw    a1, s8, a1
core   0: 1 0x0000000080005580 (0x40bc55bb) x11 0xffffffffffffffff
core   0: 0x0000000080005584 (0x1ceb6b13) ori     s6, s6, 462
core   0: 1 0x0000000080005584 (0x1ceb6b13) x22 0xfffffffffffff9ce
core   0: 0x0000000080005588 (0xcb9cf947) fmsub.d fs2, fs9, fs9, fs9
core   0: 1 0x0000000080005588 (0xcb9cf947) f18 0x418ffd0010000000
core   0: 0x000000008000558c (0x42090353) fcvt.d.s ft6, fs2
core   0: 1 0x000000008000558c (0x42090353) f6  0x7ff8000000000000
core   0: 0x0000000080005590 (0xc2187ad3) fcvt.wu.d s5, fa6
core   0: 1 0x0000000080005590 (0xc2187ad3) c1_fflags 0x0000000000000011 x21 0xffffffffffffffff
core   0: 0x0000000080005594 (0x00b99837) lui     a6, 0xb99
core   0: 1 0x0000000080005594 (0x00b99837) x16 0x0000000000b99000
core   0: 0x0000000080005598 (0x75f8081b) addiw   a6, a6, 1887
core   0: 1 0x0000000080005598 (0x75f8081b) x16 0x0000000000b9975f
core   0: 0x000000008000559c (0x0000083e) c.slli  a6, 15
core   0: 1 0x000000008000559c (0x083e) x16 0x0000005ccbaf8000
core   0: 0x000000008000559e (0x23980813) addi    a6, a6, 569
core   0: 1 0x000000008000559e (0x23980813) x16 0x0000005ccbaf8239
core   0: 0x00000000800055a2 (0xd23571d3) fcvt.d.lu ft3, a0
core   0: 1 0x00000000800055a2 (0xd23571d3) c1_fflags 0x0000000000000011 f3  0x43f0000000000000
core   0: 0x00000000800055a6 (0x02550233) mul     tp, a0, t0
core   0: 1 0x00000000800055a6 (0x02550233) x4  0x0000000000000522
core   0: 0x00000000800055aa (0xc2197ad3) fcvt.wu.d s5, fs2
core   0: 1 0x00000000800055aa (0xc2197ad3) x21 0x0000000003ffa002
core   0: 0x00000000800055ae (0x025284b3) mul     s1, t0, t0
core   0: 1 0x00000000800055ae (0x025284b3) x9  0x00000000001a5884
core   0: 0x00000000800055b2 (0x00000001) c.nop
core   0: 1 0x00000000800055b2 (0x0001)
core   0: 0x00000000800055b4 (0x00202373) csrrs   t1, frm, zero
core   0: 1 0x00000000800055b4 (0x00202373) x6  0x0000000000000000
core   0: 0x00000000800055b8 (0x01a0503b) srlw    zero, zero, s10
core   0: 1 0x00000000800055b8 (0x01a0503b)
core   0: 0x00000000800055bc (0xc021f5d3) fcvt.l.s a1, ft3
core   0: 1 0x00000000800055bc (0xc021f5d3) c1_fflags 0x0000000000000011 x11 0x7fffffffffffffff
core   0: 0x00000000800055c0 (0x02e006b3) mul     a3, zero, a4
core   0: 1 0x00000000800055c0 (0x02e006b3) x13 0x0000000000000000
core   0: 0x00000000800055c4 (0x4118873b) subw    a4, a7, a7
core   0: 1 0x00000000800055c4 (0x4118873b) x14 0x0000000000000000
core   0: 0x00000000800055c8 (0x00202573) csrrs   a0, frm, zero
core   0: 1 0x00000000800055c8 (0x00202573) x10 0x0000000000000000
core   0: 0x00000000800055cc (0xec688013) addi    zero, a7, -314
core   0: 1 0x00000000800055cc (0xec688013)
core   0: 0x00000000800055d0 (0x01a0d91b) srliw   s2, ra, 26
core   0: 1 0x00000000800055d0 (0x01a0d91b) x18 0x0000000000000030
core   0: 0x00000000800055d4 (0x0009951b) slliw   a0, s3, 0
core   0: 1 0x00000000800055d4 (0x0009951b) x10 0x000000001a800000
core   0: 0x00000000800055d8 (0x416c523b) sraw    tp, s8, s6
core   0: 1 0x00000000800055d8 (0x416c523b) x4  0xffffffffffffffff
core   0: 0x00000000800055dc (0x035cc0bb) divw    ra, s9, s5
core   0: 1 0x00000000800055dc (0x035cc0bb) x1  0x0000000000000000
core   0: 0x00000000800055e0 (0x00bb7333) and     t1, s6, a1
core   0: 1 0x00000000800055e0 (0x00bb7333) x6  0x7ffffffffffff9ce
core   0: 0x00000000800055e4 (0xc0367c53) fcvt.lu.s s8, fa2
core   0: 1 0x00000000800055e4 (0xc0367c53) c1_fflags 0x0000000000000011 x24 0xffffffffffffffff
core   0: 0x00000000800055e8 (0x40640433) sub     s0, s0, t1
core   0: 1 0x00000000800055e8 (0x40640433) x8  0x8000000000000631
core   0: 0x00000000800055ec (0x0287d4bb) divuw   s1, a5, s0
core   0: 1 0x00000000800055ec (0x0287d4bb) x9  0x0000000000000000
core   0: 0x00000000800055f0 (0xa2098bd3) fle.d   s7, fs3, ft0
core   0: 1 0x00000000800055f0 (0xa2098bd3) c1_fflags 0x0000000000000011 x23 0x0000000000000000
core   0: 0x00000000800055f4 (0x08b39437) lui     s0, 0x8b39
core   0: 1 0x00000000800055f4 (0x08b39437) x8  0x0000000008b39000
core   0: 0x00000000800055f8 (0x1ad6fed3) fdiv.d  ft9, fa3, fa3
core   0: 1 0x00000000800055f8 (0x1ad6fed3) f29 0x7ff8000000000000
core   0: 0x00000000800055fc (0x4197c113) xori    sp, a5, 1049
core   0: 1 0x00000000800055fc (0x4197c113) x2  0x0000000000000419
core   0: 0x0000000080005600 (0xdb3c7a47) fmsub.d fs4, fs8, fs3, fs11
core   0: 1 0x0000000080005600 (0xdb3c7a47) f20 0x7ff8000000000000
core   0: 0x0000000080005604 (0x02c5f7d3) fadd.d  fa5, fa1, fa2
core   0: 1 0x0000000080005604 (0x02c5f7d3) f15 0x7ff8000000000000
core   0: 0x0000000080005608 (0x0375e5b3) rem     a1, a1, s7
core   0: 1 0x0000000080005608 (0x0375e5b3) x11 0x7fffffffffffffff
core   0: 0x000000008000560c (0x800d061b) addiw   a2, s10, -2048
core   0: 1 0x000000008000560c (0x800d061b) x12 0xfffffffffffff802
core   0: 0x0000000080005610 (0x01280bb7) lui     s7, 0x1280
core   0: 1 0x0000000080005610 (0x01280bb7) x23 0x0000000001280000
core   0: 0x0000000080005614 (0x18db8b9b) addiw   s7, s7, 397
core   0: 1 0x0000000080005614 (0x18db8b9b) x23 0x000000000128018d
core   0: 0x0000000080005618 (0x00000bba) c.slli  s7, 14
core   0: 1 0x0000000080005618 (0x0bba) x23 0x0000004a00634000
core   0: 0x000000008000561a (0x021b8b93) addi    s7, s7, 33
core   0: 1 0x000000008000561a (0x021b8b93) x23 0x0000004a00634021
core   0: 0x000000008000561e (0xd2108553) fcvt.d.wu fa0, ra
core   0: 1 0x000000008000561e (0xd2108553) f10 0x0000000000000000
core   0: 0x0000000080005622 (0x2b6a0b53) fmin.d  fs6, fs4, fs6
core   0: 1 0x0000000080005622 (0x2b6a0b53) f22 0x7ff8000000000000
core   0: 0x0000000080005626 (0x03351a93) slli    s5, a0, 51
core   0: 1 0x0000000080005626 (0x03351a93) x21 0x0000000000000000
core   0: 0x000000008000562a (0x01240333) add     t1, s0, s2
core   0: 1 0x000000008000562a (0x01240333) x6  0x0000000008b39030
core   0: 0x000000008000562e (0xd02d7dd3) fcvt.s.l fs11, s10
core   0: 1 0x000000008000562e (0xd02d7dd3) f27 0xffffffff40000000
core   0: 0x0000000080005632 (0x0062933b) sllw    t1, t0, t1
core   0: 1 0x0000000080005632 (0x0062933b) x6  0xfffffffffade0000
core   0: 0x0000000080005636 (0x0104053b) addw    a0, s0, a6
core   0: 1 0x0000000080005636 (0x0104053b) x10 0xffffffffd4631239
core   0: 0x000000008000563a (0x00000001) c.nop
core   0: 1 0x000000008000563a (0x0001)
core   0: 0x000000008000563c (0x416b8bb3) sub     s7, s7, s6
core   0: 1 0x000000008000563c (0x416b8bb3) x23 0x0000004a00634653
core   0: 0x0000000080005640 (0x94c0e293) ori     t0, ra, -1716
core   0: 1 0x0000000080005640 (0x94c0e293) x5  0xfffffffffffff94c
core   0: 0x0000000080005644 (0x00145093) srli    ra, s0, 1
core   0: 1 0x0000000080005644 (0x00145093) x1  0x000000000459c800
core   0: 0x0000000080005648 (0x00d696bb) sllw    a3, a3, a3
core   0: 1 0x0000000080005648 (0x00d696bb) x13 0x0000000000000000
core   0: 0x000000008000564c (0x00129b93) slli    s7, t0, 1
core   0: 1 0x000000008000564c (0x00129b93) x23 0xfffffffffffff298
core   0: 0x0000000080005650 (0x412d5dbb) sraw    s11, s10, s2
core   0: 1 0x0000000080005650 (0x412d5dbb) x27 0x0000000000000000
core   0: 0x0000000080005654 (0x03b3503b) divuw   zero, t1, s11
core   0: 1 0x0000000080005654 (0x03b3503b)
core   0: 0x0000000080005658 (0x264010b7) lui     ra, 0x26401
core   0: 1 0x0000000080005658 (0x264010b7) x1  0x0000000026401000
core   0: 0x000000008000565c (0x02ab34b3) mulhu   s1, s6, a0
core   0: 1 0x000000008000565c (0x02ab34b3) x9  0xffffffffd4630c07
core   0: 0x0000000080005660 (0x001e5133) srl     sp, t3, ra
core   0: 1 0x0000000080005660 (0x001e5133) x2  0x0000000000000000
core   0: 0x0000000080005664 (0xd02e77d3) fcvt.s.l fa5, t3
core   0: 1 0x0000000080005664 (0xd02e77d3) f15 0xffffffff00000000
core   0: 0x0000000080005668 (0xd02b7453) fcvt.s.l fs0, s6
core   0: 1 0x0000000080005668 (0xd02b7453) f8  0xffffffffc4c64000
core   0: 0x000000008000566c (0x0004da1b) srliw   s4, s1, 0
core   0: 1 0x000000008000566c (0x0004da1b) x20 0xffffffffd4630c07
core   0: 0x0000000080005670 (0x034165b3) rem     a1, sp, s4
core   0: 1 0x0000000080005670 (0x034165b3) x11 0x0000000000000000
core   0: 0x0000000080005674 (0x014d0ebb) addw    t4, s10, s4
core   0: 1 0x0000000080005674 (0x014d0ebb) x29 0xffffffffd4630c09
core   0: 0x0000000080005678 (0x02cc88b3) mul     a7, s9, a2
core   0: 1 0x0000000080005678 (0x02cc88b3) x17 0xfffffffffffff802
core   0: 0x000000008000567c (0x53457a13) andi    s4, a0, 1332
core   0: 1 0x000000008000567c (0x53457a13) x20 0x0000000000000030
core   0: 0x0000000080005680 (0x0287d433) divu    s0, a5, s0
core   0: 1 0x0000000080005680 (0x0287d433) x8  0x0000000000000000
core   0: 0x0000000080005684 (0xa28188d3) fle.d   a7, ft3, fs0
core   0: 1 0x0000000080005684 (0xa28188d3) c1_fflags 0x0000000000000011 x17 0x0000000000000000
core   0: 0x0000000080005688 (0xf2f47f43) fmadd.d ft10, fs0, fa5, ft10
core   0: 1 0x0000000080005688 (0xf2f47f43) f30 0x7ff8000000000000
core   0: 0x000000008000568c (0xb965ca93) xori    s5, a1, -1130
core   0: 1 0x000000008000568c (0xb965ca93) x21 0xfffffffffffffb96
core   0: 0x0000000080005690 (0xc217f553) fcvt.wu.d a0, fa5
core   0: 1 0x0000000080005690 (0xc217f553) c1_fflags 0x0000000000000011 x10 0xffffffffffffffff
core   0: 0x0000000080005694 (0x0358843b) mulw    s0, a7, s5
core   0: 1 0x0000000080005694 (0x0358843b) x8  0x0000000000000000
core   0: 0x0000000080005698 (0xf14f51f3) csrrwi  gp, mhartid, 30
core   0: exception trap_illegal_instruction, epc 0x0000000080005698
core   0:           tval 0x00000000f14f51f3
core   0: >>>>  $xrv64i2p1_m2p0_a2p1_f2p2_d2p2_zicsr2p0_zifencei2p0_zmmul1p0_zba1p0_zbb1p0_zbc1p0_zbs1p0
core   0: 0x0000000080004000 (0x0080006f) j       pc + 0x8
core   0: 3 0x0000000080004000 (0x0080006f)
core   0: >>>>  mmode_exception_handler
core   0: 0x0000000080004008 (0x00002c17) auipc   s8, 0x2
core   0: 3 0x0000000080004008 (0x00002c17) x24 0x0000000080006008
core   0: 0x000000008000400c (0x094c0c13) addi    s8, s8, 148
core   0: 3 0x000000008000400c (0x094c0c13) x24 0x000000008000609c
core   0: 0x0000000080004010 (0x000c00e7) jalr    s8
core   0: 3 0x0000000080004010 (0x000c00e7) x1  0x0000000080004014
core   0: >>>>  any_handler
core   0: 0x000000008000609c (0x341027f3) csrrs   a5, mepc, zero
core   0: 3 0x000000008000609c (0x341027f3) x15 0x0000000080005698
core   0: 0x00000000800060a0 (0x34202773) csrrs   a4, mcause, zero
core   0: 3 0x00000000800060a0 (0x34202773) x14 0x0000000000000002
core   0: 0x00000000800060a4 (0x142026f3) csrrs   a3, scause, zero
core   0: 3 0x00000000800060a4 (0x142026f3) x13 0x0000000000000000
core   0: 0x00000000800060a8 (0x30402673) csrrs   a2, mie, zero
core   0: 3 0x00000000800060a8 (0x30402673) x12 0x0000000000000a00
core   0: 0x00000000800060ac (0x344025f3) csrrs   a1, mip, zero
core   0: 3 0x00000000800060ac (0x344025f3) x11 0x0000000000000080
core   0: 0x00000000800060b0 (0x343025f3) csrrs   a1, mtval, zero
core   0: 3 0x00000000800060b0 (0x343025f3) x11 0x00000000f14f51f3
core   0: 0x00000000800060b4 (0x14302573) csrrs   a0, stval, zero
core   0: 3 0x00000000800060b4 (0x14302573) x10 0x0000000000000000
core   0: 0x00000000800060b8 (0xb02024f3) csrrs   s1, minstret, zero
core   0: 3 0x00000000800060b8 (0xb02024f3) x9  0x0000000000000f09
core   0: 0x00000000800060bc (0x0000a811) c.j     pc + 20
core   0: 3 0x00000000800060bc (0xa811)
core   0: >>>>  mepc_4
core   0: 0x00000000800060d0 (0x00000791) c.addi  a5, 4
core   0: 3 0x00000000800060d0 (0x0791) x15 0x000000008000569c
core   0: 0x00000000800060d2 (0x34179073) csrrw   zero, mepc, a5
core   0: 3 0x00000000800060d2 (0x34179073) c833_mepc 0x000000008000569c
core   0: 0x00000000800060d6 (0x30200073) mret
core   0: 3 0x00000000800060d6 (0x30200073) c768_mstatus 0x8000000a00106080
core   0: 0x000000008000569c (0x007a9cb3) sll     s9, s5, t2
core   0: 1 0x000000008000569c (0x007a9cb3) x25 0xfffffffffffffb96
core   0: 0x00000000800056a0 (0x019189b3) add     s3, gp, s9
core   0: 1 0x00000000800056a0 (0x019189b3) x19 0xfffffffffffffb96
core   0: 0x00000000800056a4 (0x0136d93b) srlw    s2, a3, s3
core   0: 1 0x00000000800056a4 (0x0136d93b) x18 0x0000000000000000
core   0: 0x00000000800056a8 (0x4aa77743) fmadd.d fa4, fa4, fa0, fs1
core   0: 1 0x00000000800056a8 (0x4aa77743) f14 0x43effffffffd204f
core   0: 0x00000000800056ac (0x25ede313) ori     t1, s11, 606
core   0: 1 0x00000000800056ac (0x25ede313) x6  0x000000000000025e
core   0: 0x00000000800056b0 (0xc034f453) fcvt.lu.s s0, fs1
core   0: 1 0x00000000800056b0 (0xc034f453) c1_fflags 0x0000000000000011 x8  0xffffffffffffffff
core   0: 0x00000000800056b4 (0x01609933) sll     s2, ra, s6
core   0: 1 0x00000000800056b4 (0x01609933) x18 0x0000200010050000
core   0: 0x00000000800056b8 (0x4003d33b) sraw    t1, t2, zero
core   0: 1 0x00000000800056b8 (0x4003d33b) x6  0x0000000000000000
core   0: 0x00000000800056bc (0x9bbf79cb) fnmsub.d fs3, ft10, fs11, fs3
core   0: 1 0x00000000800056bc (0x9bbf79cb) f19 0x7ff8000000000000
core   0: 0x00000000800056c0 (0x40177753) fcvt.s.d fa4, fa4
core   0: 1 0x00000000800056c0 (0x40177753) c1_fflags 0x0000000000000011 f14 0xffffffff5f800000
core   0: 0x00000000800056c4 (0x00000206) c.slli  tp, 1
core   0: 1 0x00000000800056c4 (0x0206) x4  0xfffffffffffffffe
core   0: 0x00000000800056c6 (0x4006d693) srai    a3, a3, 0
core   0: 1 0x00000000800056c6 (0x4006d693) x13 0x0000000000000000
core   0: 0x00000000800056ca (0x03329893) slli    a7, t0, 51
core   0: 1 0x00000000800056ca (0x03329893) x17 0xca60000000000000
core   0: 0x00000000800056ce (0x00000001) c.nop
core   0: 1 0x00000000800056ce (0x0001)
core   0: 0x00000000800056d0 (0xa2ba0953) fle.d   s2, fs4, fa1
core   0: 1 0x00000000800056d0 (0xa2ba0953) c1_fflags 0x0000000000000011 x18 0x0000000000000000
core   0: 0x00000000800056d4 (0x00102b73) csrrs   s6, fflags, zero
core   0: 1 0x00000000800056d4 (0x00102b73) x22 0x0000000000000011
core   0: 0x00000000800056d8 (0x41c703b3) sub     t2, a4, t3
core   0: 1 0x00000000800056d8 (0x41c703b3) x7  0x0000000000000002
core   0: 0x00000000800056dc (0xd035f053) fcvt.s.lu ft0, a1
core   0: 1 0x00000000800056dc (0xd035f053) c1_fflags 0x0000000000000011 f0  0xffffffff4f714f52
core   0: 0x00000000800056e0 (0x01658b3b) addw    s6, a1, s6
core   0: 1 0x00000000800056e0 (0x01658b3b) x22 0xfffffffff14f5204
core   0: 0x00000000800056e4 (0x411e88bb) subw    a7, t4, a7
core   0: 1 0x00000000800056e4 (0x411e88bb) x17 0xffffffffd4630c09
core   0: 0x00000000800056e8 (0x01ad60b3) or      ra, s10, s10
core   0: 1 0x00000000800056e8 (0x01ad60b3) x1  0x0000000000000002
core   0: 0x00000000800056ec (0x2a6f91d3) fmax.d  ft3, ft11, ft6
core   0: 1 0x00000000800056ec (0x2a6f91d3) f3  0x7ff8000000000000
core   0: 0x00000000800056f0 (0x221d8cd3) fsgnj.d fs9, fs11, ft1
core   0: 1 0x00000000800056f0 (0x221d8cd3) f25 0x7fffffff40000000
core   0: 0x00000000800056f4 (0xc201fad3) fcvt.w.d s5, ft3
core   0: 1 0x00000000800056f4 (0xc201fad3) c1_fflags 0x0000000000000011 x21 0x000000007fffffff
core   0: 0x00000000800056f8 (0x01521413) slli    s0, tp, 21
core   0: 1 0x00000000800056f8 (0x01521413) x8  0xffffffffffc00000
core   0: 0x00000000800056fc (0x43d2d613) srai    a2, t0, 61
core   0: 1 0x00000000800056fc (0x43d2d613) x12 0xffffffffffffffff
core   0: 0x0000000080005700 (0x009eadb3) slt     s11, t4, s1
core   0: 1 0x0000000080005700 (0x009eadb3) x27 0x0000000000000001
core   0: 0x0000000080005704 (0xd0307053) fcvt.s.lu ft0, zero
core   0: 1 0x0000000080005704 (0xd0307053) f0  0xffffffff00000000
core   0: 0x0000000080005708 (0x00101af3) csrrw   s5, fflags, zero
core   0: 1 0x0000000080005708 (0x00101af3) x21 0x0000000000000011 c1_fflags 0x0000000000000000
core   0: 0x000000008000570c (0xc037fbd3) fcvt.lu.s s7, fa5
core   0: 1 0x000000008000570c (0xc037fbd3) x23 0x0000000000000000
core   0: 0x0000000080005710 (0x2af111d3) fmax.d  ft3, ft2, fa5
core   0: 1 0x0000000080005710 (0x2af111d3) f3  0x7ff8000000000000
core   0: 0x0000000080005714 (0xd2367b53) fcvt.d.lu fs6, a2
core   0: 1 0x0000000080005714 (0xd2367b53) c1_fflags 0x0000000000000001 f22 0x43f0000000000000
core   0: 0x0000000080005718 (0x7b085d73) csrrwi  s10, dcsr, 16
core   0: exception trap_illegal_instruction, epc 0x0000000080005718
core   0:           tval 0x000000007b085d73
core   0: >>>>  $xrv64i2p1_m2p0_a2p1_f2p2_d2p2_zicsr2p0_zifencei2p0_zmmul1p0_zba1p0_zbb1p0_zbc1p0_zbs1p0
core   0: 0x0000000080004000 (0x0080006f) j       pc + 0x8
core   0: 3 0x0000000080004000 (0x0080006f)
core   0: >>>>  mmode_exception_handler
core   0: 0x0000000080004008 (0x00002c17) auipc   s8, 0x2
core   0: 3 0x0000000080004008 (0x00002c17) x24 0x0000000080006008
core   0: 0x000000008000400c (0x094c0c13) addi    s8, s8, 148
core   0: 3 0x000000008000400c (0x094c0c13) x24 0x000000008000609c
core   0: 0x0000000080004010 (0x000c00e7) jalr    s8
core   0: 3 0x0000000080004010 (0x000c00e7) x1  0x0000000080004014
core   0: >>>>  any_handler
core   0: 0x000000008000609c (0x341027f3) csrrs   a5, mepc, zero
core   0: 3 0x000000008000609c (0x341027f3) x15 0x0000000080005718
core   0: 0x00000000800060a0 (0x34202773) csrrs   a4, mcause, zero
core   0: 3 0x00000000800060a0 (0x34202773) x14 0x0000000000000002
core   0: 0x00000000800060a4 (0x142026f3) csrrs   a3, scause, zero
core   0: 3 0x00000000800060a4 (0x142026f3) x13 0x0000000000000000
core   0: 0x00000000800060a8 (0x30402673) csrrs   a2, mie, zero
core   0: 3 0x00000000800060a8 (0x30402673) x12 0x0000000000000a00
core   0: 0x00000000800060ac (0x344025f3) csrrs   a1, mip, zero
core   0: 3 0x00000000800060ac (0x344025f3) x11 0x0000000000000080
core   0: 0x00000000800060b0 (0x343025f3) csrrs   a1, mtval, zero
core   0: 3 0x00000000800060b0 (0x343025f3) x11 0x000000007b085d73
core   0: 0x00000000800060b4 (0x14302573) csrrs   a0, stval, zero
core   0: 3 0x00000000800060b4 (0x14302573) x10 0x0000000000000000
core   0: 0x00000000800060b8 (0xb02024f3) csrrs   s1, minstret, zero
core   0: 3 0x00000000800060b8 (0xb02024f3) x9  0x0000000000000f39
core   0: 0x00000000800060bc (0x0000a811) c.j     pc + 20
core   0: 3 0x00000000800060bc (0xa811)
core   0: >>>>  mepc_4
core   0: 0x00000000800060d0 (0x00000791) c.addi  a5, 4
core   0: 3 0x00000000800060d0 (0x0791) x15 0x000000008000571c
core   0: 0x00000000800060d2 (0x34179073) csrrw   zero, mepc, a5
core   0: 3 0x00000000800060d2 (0x34179073) c833_mepc 0x000000008000571c
core   0: 0x00000000800060d6 (0x30200073) mret
core   0: 3 0x00000000800060d6 (0x30200073) c768_mstatus 0x8000000a00106080
core   0: 0x000000008000571c (0x40900a33) sub     s4, zero, s1
core   0: 1 0x000000008000571c (0x40900a33) x20 0xfffffffffffff0c7
core   0: 0x0000000080005720 (0xc219f3d3) fcvt.wu.d t2, fs3
core   0: 1 0x0000000080005720 (0xc219f3d3) c1_fflags 0x0000000000000011 x7  0xffffffffffffffff
core   0: 0x0000000080005724 (0xd22cf2d3) fcvt.d.l ft5, s9
core   0: 1 0x0000000080005724 (0xd22cf2d3) f5  0xc091a80000000000
core   0: 0x0000000080005728 (0xc0107173) csrrci  sp, time, 0
core   0: exception trap_illegal_instruction, epc 0x0000000080005728
core   0:           tval 0x00000000c0107173
core   0: >>>>  $xrv64i2p1_m2p0_a2p1_f2p2_d2p2_zicsr2p0_zifencei2p0_zmmul1p0_zba1p0_zbb1p0_zbc1p0_zbs1p0
core   0: 0x0000000080004000 (0x0080006f) j       pc + 0x8
core   0: 3 0x0000000080004000 (0x0080006f)
core   0: >>>>  mmode_exception_handler
core   0: 0x0000000080004008 (0x00002c17) auipc   s8, 0x2
core   0: 3 0x0000000080004008 (0x00002c17) x24 0x0000000080006008
core   0: 0x000000008000400c (0x094c0c13) addi    s8, s8, 148
core   0: 3 0x000000008000400c (0x094c0c13) x24 0x000000008000609c
core   0: 0x0000000080004010 (0x000c00e7) jalr    s8
core   0: 3 0x0000000080004010 (0x000c00e7) x1  0x0000000080004014
core   0: >>>>  any_handler
core   0: 0x000000008000609c (0x341027f3) csrrs   a5, mepc, zero
core   0: 3 0x000000008000609c (0x341027f3) x15 0x0000000080005728
core   0: 0x00000000800060a0 (0x34202773) csrrs   a4, mcause, zero
core   0: 3 0x00000000800060a0 (0x34202773) x14 0x0000000000000002
core   0: 0x00000000800060a4 (0x142026f3) csrrs   a3, scause, zero
core   0: 3 0x00000000800060a4 (0x142026f3) x13 0x0000000000000000
core   0: 0x00000000800060a8 (0x30402673) csrrs   a2, mie, zero
core   0: 3 0x00000000800060a8 (0x30402673) x12 0x0000000000000a00
core   0: 0x00000000800060ac (0x344025f3) csrrs   a1, mip, zero
core   0: 3 0x00000000800060ac (0x344025f3) x11 0x0000000000000080
core   0: 0x00000000800060b0 (0x343025f3) csrrs   a1, mtval, zero
core   0: 3 0x00000000800060b0 (0x343025f3) x11 0x00000000c0107173
core   0: 0x00000000800060b4 (0x14302573) csrrs   a0, stval, zero
core   0: 3 0x00000000800060b4 (0x14302573) x10 0x0000000000000000
core   0: 0x00000000800060b8 (0xb02024f3) csrrs   s1, minstret, zero
core   0: 3 0x00000000800060b8 (0xb02024f3) x9  0x0000000000000f4c
core   0: 0x00000000800060bc (0x0000a811) c.j     pc + 20
core   0: 3 0x00000000800060bc (0xa811)
core   0: >>>>  mepc_4
core   0: 0x00000000800060d0 (0x00000791) c.addi  a5, 4
core   0: 3 0x00000000800060d0 (0x0791) x15 0x000000008000572c
core   0: 0x00000000800060d2 (0x34179073) csrrw   zero, mepc, a5
core   0: 3 0x00000000800060d2 (0x34179073) c833_mepc 0x000000008000572c
core   0: 0x00000000800060d6 (0x30200073) mret
core   0: 3 0x00000000800060d6 (0x30200073) c768_mstatus 0x8000000a00106080
core   0: 0x000000008000572c (0x02001833) mulh    a6, zero, zero
core   0: 1 0x000000008000572c (0x02001833) x16 0x0000000000000000
core   0: 0x0000000080005730 (0x0107a5b3) slt     a1, a5, a6
core   0: 1 0x0000000080005730 (0x0107a5b3) x11 0x0000000000000000
core   0: 0x0000000080005734 (0x40b2573b) sraw    a4, tp, a1
core   0: 1 0x0000000080005734 (0x40b2573b) x14 0xfffffffffffffffe
core   0: 0x0000000080005738 (0x002e75b3) and     a1, t3, sp
core   0: 1 0x0000000080005738 (0x002e75b3) x11 0x0000000000000000
core   0: 0x000000008000573c (0x000c8833) add     a6, s9, zero
core   0: 1 0x000000008000573c (0x000c8833) x16 0xfffffffffffffb96
core   0: 0x0000000080005740 (0xd20807d3) fcvt.d.w fa5, a6
core   0: 1 0x0000000080005740 (0xd20807d3) f15 0xc091a80000000000
core   0: 0x0000000080005744 (0x000add1b) srliw   s10, s5, 0
core   0: 1 0x0000000080005744 (0x000add1b) x26 0x0000000000000011
core   0: 0x0000000080005748 (0xc212f0d3) fcvt.wu.d ra, ft5
core   0: 1 0x0000000080005748 (0xc212f0d3) c1_fflags 0x0000000000000011 x1  0x0000000000000000
core   0: 0x000000008000574c (0x01cde9b3) or      s3, s11, t3
core   0: 1 0x000000008000574c (0x01cde9b3) x19 0x0000000000000001
core   0: 0x0000000080005750 (0x0116d93b) srlw    s2, a3, a7
core   0: 1 0x0000000080005750 (0x0116d93b) x18 0x0000000000000000
core   0: 0x0000000080005754 (0x3d366613) ori     a2, a2, 979
core   0: 1 0x0000000080005754 (0x3d366613) x12 0x0000000000000bd3
core   0: 0x0000000080005758 (0x0acd72d3) fsub.d  ft5, fs10, fa2
core   0: 1 0x0000000080005758 (0x0acd72d3) f5  0x7ff8000000000000
core   0: 0x000000008000575c (0x23ae08d3) fsgnj.d fa7, ft8, fs10
core   0: 1 0x000000008000575c (0x23ae08d3) f17 0xfff8000000000000
core   0: 0x0000000080005760 (0xc2187753) fcvt.wu.d a4, fa6
core   0: 1 0x0000000080005760 (0xc2187753) c1_fflags 0x0000000000000011 x14 0xffffffffffffffff
core   0: 0x0000000080005764 (0x00c92db3) slt     s11, s2, a2
core   0: 1 0x0000000080005764 (0x00c92db3) x27 0x0000000000000001
core   0: 0x0000000080005768 (0x10673073) csrrc   zero, scounteren, a4
core   0: 1 0x0000000080005768 (0x10673073) c262_scounteren 0x0000000000000000
core   0: 0x000000008000576c (0xd2267853) fcvt.d.l fa6, a2
core   0: 1 0x000000008000576c (0xd2267853) f16 0x40a7a60000000000
core   0: 0x0000000080005770 (0x18206d13) ori     s10, zero, 386
core   0: 1 0x0000000080005770 (0x18206d13) x26 0x0000000000000182
core   0: 0x0000000080005774 (0x4056debb) sraw    t4, a3, t0
core   0: 1 0x0000000080005774 (0x4056debb) x29 0x0000000000000000
core   0: 0x0000000080005778 (0xfa737cc3) fmadd.d fs9, ft6, ft7, ft11
core   0: 1 0x0000000080005778 (0xfa737cc3) f25 0x7ff8000000000000
core   0: 0x000000008000577c (0x001a099b) addiw   s3, s4, 1
core   0: 1 0x000000008000577c (0x001a099b) x19 0xfffffffffffff0c8
core   0: 0x0000000080005780 (0x0241e23b) remw    tp, gp, tp
core   0: 1 0x0000000080005780 (0x0241e23b) x4  0x0000000000000000
core   0: 0x0000000080005784 (0x001cdc93) srli    s9, s9, 1
core   0: 1 0x0000000080005784 (0x001cdc93) x25 0x7ffffffffffffdcb
core   0: 0x0000000080005788 (0xc22ff153) fcvt.l.d sp, ft11
core   0: 1 0x0000000080005788 (0xc22ff153) c1_fflags 0x0000000000000011 x2  0x7fffffffffffffff
core   0: 0x000000008000578c (0x0220debb) divuw   t4, ra, sp
core   0: 1 0x000000008000578c (0x0220debb) x29 0x0000000000000000
core   0: 0x0000000080005790 (0x4039d9b3) sra     s3, s3, gp
core   0: 1 0x0000000080005790 (0x4039d9b3) x19 0xfffffffffffff0c8
core   0: 0x0000000080005794 (0x011c149b) slliw   s1, s8, 17
core   0: 1 0x0000000080005794 (0x011c149b) x9  0xffffffffc1380000
core   0: 0x0000000080005798 (0x0113c5b3) xor     a1, t2, a7
core   0: 1 0x0000000080005798 (0x0113c5b3) x11 0x000000002b9cf3f6
core   0: 0x000000008000579c (0x0b257353) fsub.d  ft6, fa0, fs2
core   0: 1 0x000000008000579c (0x0b257353) f6  0xc18ffd0010000000
core   0: 0x00000000800057a0 (0x0021c8b3) xor     a7, gp, sp
core   0: 1 0x00000000800057a0 (0x0021c8b3) x17 0x7fffffffffffffff
core   0: 0x00000000800057a4 (0x4fddf893) andi    a7, s11, 1277
core   0: 1 0x00000000800057a4 (0x4fddf893) x17 0x0000000000000001
core   0: 0x00000000800057a8 (0x8f8ec213) xori    tp, t4, -1800
core   0: 1 0x00000000800057a8 (0x8f8ec213) x4  0xfffffffffffff8f8
core   0: 0x00000000800057ac (0x22f788d3) fsgnj.d fa7, fa5, fa5
core   0: 1 0x00000000800057ac (0x22f788d3) f17 0xc091a80000000000
core   0: 0x00000000800057b0 (0xc203f0d3) fcvt.w.d ra, ft7
core   0: 1 0x00000000800057b0 (0xc203f0d3) c1_fflags 0x0000000000000011 x1  0x000000007fffffff
core   0: 0x00000000800057b4 (0xd32d7d4b) fnmsub.d fs10, fs10, fs2, fs10
core   0: 1 0x00000000800057b4 (0xd32d7d4b) f26 0x7ff8000000000000
core   0: 0x00000000800057b8 (0x41560d3b) subw    s10, a2, s5
core   0: 1 0x00000000800057b8 (0x41560d3b) x26 0x0000000000000bc2
core   0: 0x00000000800057bc (0x00f11d1b) slliw   s10, sp, 15
core   0: 1 0x00000000800057bc (0x00f11d1b) x26 0xffffffffffff8000
core   0: 0x00000000800057c0 (0x00190013) addi    zero, s2, 1
core   0: 1 0x00000000800057c0 (0x00190013)
core   0: 0x00000000800057c4 (0x02e67753) fadd.d  fa4, fa2, fa4
core   0: 1 0x00000000800057c4 (0x02e67753) f14 0x7ff8000000000000
core   0: 0x00000000800057c8 (0xc2027b53) fcvt.w.d s6, ft4
core   0: 1 0x00000000800057c8 (0xc2027b53) c1_fflags 0x0000000000000011 x22 0x000000007fffffff
core   0: 0x00000000800057cc (0x0000948e) c.add   s1, gp
core   0: 1 0x00000000800057cc (0x948e) x9  0xffffffffc1380000
core   0: 0x00000000800057ce (0x0230fd3b) remuw   s10, ra, gp
core   0: 1 0x00000000800057ce (0x0230fd3b) x26 0x000000007fffffff
core   0: 0x00000000800057d2 (0x01a48abb) addw    s5, s1, s10
core   0: 1 0x00000000800057d2 (0x01a48abb) x21 0x000000004137ffff
core   0: 0x00000000800057d6 (0xc02c7453) fcvt.l.s s0, fs8
core   0: 1 0x00000000800057d6 (0xc02c7453) x8  0x0000000000000576
core   0: 0x00000000800057da (0x03707033) remu    zero, zero, s7
core   0: 1 0x00000000800057da (0x03707033)
core   0: 0x00000000800057de (0xc2137a53) fcvt.wu.d s4, ft6
core   0: 1 0x00000000800057de (0xc2137a53) c1_fflags 0x0000000000000011 x20 0x0000000000000000
core   0: 0x00000000800057e2 (0x41745eb3) sra     t4, s0, s7
core   0: 1 0x00000000800057e2 (0x41745eb3) x29 0x0000000000000576
core   0: 0x00000000800057e6 (0x00000001) c.nop
core   0: 1 0x00000000800057e6 (0x0001)
core   0: 0x00000000800057e8 (0x0294cd33) div     s10, s1, s1
core   0: 1 0x00000000800057e8 (0x0294cd33) x26 0x0000000000000001
core   0: 0x00000000800057ec (0xa24a8653) fle.d   a2, fs5, ft4
core   0: 1 0x00000000800057ec (0xa24a8653) c1_fflags 0x0000000000000011 x12 0x0000000000000000
core   0: 0x00000000800057f0 (0x2a119dd3) fmax.d  fs11, ft3, ft1
core   0: 1 0x00000000800057f0 (0x2a119dd3) f27 0x7ff8000000000000
core   0: 0x00000000800057f4 (0x00c667b3) or      a5, a2, a2
core   0: 1 0x00000000800057f4 (0x00c667b3) x15 0x0000000000000000
core   0: 0x00000000800057f8 (0x800dfa93) andi    s5, s11, -2048
core   0: 1 0x00000000800057f8 (0x800dfa93) x21 0x0000000000000000
core   0: 0x00000000800057fc (0xa25d8a9b) addiw   s5, s11, -1499
core   0: 1 0x00000000800057fc (0xa25d8a9b) x21 0xfffffffffffffa26
core   0: 0x0000000080005800 (0xd20d8553) fcvt.d.w fa0, s11
core   0: 1 0x0000000080005800 (0xd20d8553) f10 0x3ff0000000000000
core   0: 0x0000000080005804 (0x008759bb) srlw    s3, a4, s0
core   0: 1 0x0000000080005804 (0x008759bb) x19 0x00000000000003ff
core   0: 0x0000000080005808 (0x41435b3b) sraw    s6, t1, s4
core   0: 1 0x0000000080005808 (0x41435b3b) x22 0x0000000000000000
core   0: 0x000000008000580c (0x420507d3) fcvt.d.s fa5, fa0
core   0: 1 0x000000008000580c (0x420507d3) f15 0x7ff8000000000000
core   0: 0x0000000080005810 (0x00405c93) srli    s9, zero, 4
core   0: 1 0x0000000080005810 (0x00405c93) x25 0x0000000000000000
core   0: 0x0000000080005814 (0x01877c33) and     s8, a4, s8
core   0: 1 0x0000000080005814 (0x01877c33) x24 0x000000008000609c
core   0: 0x0000000080005818 (0x033e0cb3) mul     s9, t3, s3
core   0: 1 0x0000000080005818 (0x033e0cb3) x25 0x0000000000000000
core   0: 0x000000008000581c (0x02631333) mulh    t1, t1, t1
core   0: 1 0x000000008000581c (0x02631333) x6  0x0000000000000000
core   0: 0x0000000080005820 (0xd2237153) fcvt.d.l ft2, t1
core   0: 1 0x0000000080005820 (0xd2237153) f2  0x0000000000000000
core   0: 0x0000000080005824 (0xc027fd53) fcvt.l.s s10, fa5
core   0: 1 0x0000000080005824 (0xc027fd53) c1_fflags 0x0000000000000011 x26 0x7fffffffffffffff
core   0: 0x0000000080005828 (0xb5bbb917) auipc   s2, 0xb5bbb
core   0: 1 0x0000000080005828 (0xb5bbb917) x18 0x0000000035bc0828
core   0: 0x000000008000582c (0x130f77d3) fmul.d  fa5, ft10, fa6
core   0: 1 0x000000008000582c (0x130f77d3) f15 0x7ff8000000000000
core   0: 0x0000000080005830 (0x02d7f4d3) fadd.d  fs1, fa5, fa3
core   0: 1 0x0000000080005830 (0x02d7f4d3) f9  0x7ff8000000000000
core   0: 0x0000000080005834 (0x00102ef3) csrrs   t4, fflags, zero
core   0: 1 0x0000000080005834 (0x00102ef3) x29 0x0000000000000011
core   0: 0x0000000080005838 (0x234b0b53) fsgnj.d fs6, fs6, fs4
core   0: 1 0x0000000080005838 (0x234b0b53) f22 0x43f0000000000000
core   0: 0x000000008000583c (0x4198833b) subw    t1, a7, s9
core   0: 1 0x000000008000583c (0x4198833b) x6  0x0000000000000001
core   0: 0x0000000080005840 (0x4185dd93) srai    s11, a1, 24
core   0: 1 0x0000000080005840 (0x4185dd93) x27 0x000000000000002b
core   0: 0x0000000080005844 (0x02e97753) fadd.d  fa4, fs2, fa4
core   0: 1 0x0000000080005844 (0x02e97753) f14 0x7ff8000000000000
core   0: 0x0000000080005848 (0x41a40433) sub     s0, s0, s10
core   0: 1 0x0000000080005848 (0x41a40433) x8  0x8000000000000577
core   0: 0x000000008000584c (0x037b883b) mulw    a6, s7, s7
core   0: 1 0x000000008000584c (0x037b883b) x16 0x0000000000000000
core   0: 0x0000000080005850 (0x0130f0b3) and     ra, ra, s3
core   0: 1 0x0000000080005850 (0x0130f0b3) x1  0x00000000000003ff
core   0: 0x0000000080005854 (0x033079b3) remu    s3, zero, s3
core   0: 1 0x0000000080005854 (0x033079b3) x19 0x0000000000000000
core   0: 0x0000000080005858 (0x4100d8b3) sra     a7, ra, a6
core   0: 1 0x0000000080005858 (0x4100d8b3) x17 0x00000000000003ff
core   0: 0x000000008000585c (0x01cb5633) srl     a2, s6, t3
core   0: 1 0x000000008000585c (0x01cb5633) x12 0x0000000000000000
core   0: 0x0000000080005860 (0x0bd2fed3) fsub.d  ft9, ft5, ft9
core   0: 1 0x0000000080005860 (0x0bd2fed3) f29 0x7ff8000000000000
core   0: 0x0000000080005864 (0x0af5cc93) xori    s9, a1, 175
core   0: 1 0x0000000080005864 (0x0af5cc93) x25 0x000000002b9cf359
core   0: 0x0000000080005868 (0x122e0e13) addi    t3, t3, 290
core   0: 1 0x0000000080005868 (0x122e0e13) x28 0x0000000000000122
core   0: 0x000000008000586c (0xd21c8453) fcvt.d.wu fs0, s9
core   0: 1 0x000000008000586c (0xd21c8453) f8  0x41c5ce79ac800000
core   0: 0x0000000080005870 (0x002191f3) csrrw   gp, frm, gp
core   0: 1 0x0000000080005870 (0x002191f3) x3  0x0000000000000000 c2_frm 0x0000000000000000
core   0: 0x0000000080005874 (0xd03278d3) fcvt.s.lu fa7, tp
core   0: 1 0x0000000080005874 (0xd03278d3) c1_fflags 0x0000000000000011 f17 0xffffffff5f800000
core   0: 0x0000000080005878 (0x0161feb3) and     t4, gp, s6
core   0: 1 0x0000000080005878 (0x0161feb3) x29 0x0000000000000000
core   0: 0x000000008000587c (0x4314764b) fnmsub.d fa2, fs0, fa7, fs0
core   0: 1 0x000000008000587c (0x4314764b) f12 0x7ff8000000000000
core   0: 0x0000000080005880 (0x020797b3) mulh    a5, a5, zero
core   0: 1 0x0000000080005880 (0x020797b3) x15 0x0000000000000000
core   0: 0x0000000080005884 (0xd20d86d3) fcvt.d.w fa3, s11
core   0: 1 0x0000000080005884 (0xd20d86d3) f13 0x4045800000000000
core   0: 0x0000000080005888 (0x00dd1e9b) slliw   t4, s10, 13
core   0: 1 0x0000000080005888 (0x00dd1e9b) x29 0xffffffffffffe000
core   0: 0x000000008000588c (0x03905013) srli    zero, zero, 57
core   0: 1 0x000000008000588c (0x03905013)
core   0: 0x0000000080005890 (0xaa26ee37) lui     t3, 0xaa26e
core   0: 1 0x0000000080005890 (0xaa26ee37) x28 0xffffffffaa26e000
core   0: 0x0000000080005894 (0xf20a8253) fmv.d.x ft4, s5
core   0: 1 0x0000000080005894 (0xf20a8253) f4  0xfffffffffffffa26
core   0: 0x0000000080005898 (0x03c00333) mul     t1, zero, t3
core   0: 1 0x0000000080005898 (0x03c00333) x6  0x0000000000000000
core   0: 0x000000008000589c (0xd2030153) fcvt.d.w ft2, t1
core   0: 1 0x000000008000589c (0xd2030153) f2  0x0000000000000000
core   0: 0x00000000800058a0 (0x034a5cb3) divu    s9, s4, s4
core   0: 1 0x00000000800058a0 (0x034a5cb3) x25 0xffffffffffffffff
core   0: 0x00000000800058a4 (0xd20c87d3) fcvt.d.w fa5, s9
core   0: 1 0x00000000800058a4 (0xd20c87d3) f15 0xbff0000000000000
core   0: 0x00000000800058a8 (0x8bdf7217) auipc   tp, 0x8bdf7
core   0: 1 0x00000000800058a8 (0x8bdf7217) x4  0x000000000bdfc8a8
core   0: 0x00000000800058ac (0x00202ef3) csrrs   t4, frm, zero
core   0: 1 0x00000000800058ac (0x00202ef3) x29 0x0000000000000000
core   0: 0x00000000800058b0 (0x10a0d073) csrrwi  zero, senvcfg, 1
core   0: 1 0x00000000800058b0 (0x10a0d073) c266_senvcfg 0x0000000000000000
core   0: 0x00000000800058b4 (0x0304d513) srli    a0, s1, 48
core   0: 1 0x00000000800058b4 (0x0304d513) x10 0x000000000000ffff
core   0: 0x00000000800058b8 (0xf20502d3) fmv.d.x ft5, a0
core   0: 1 0x00000000800058b8 (0xf20502d3) f5  0x000000000000ffff
core   0: 0x00000000800058bc (0x2a288153) fmin.d  ft2, fa7, ft2
core   0: 1 0x00000000800058bc (0x2a288153) f2  0x0000000000000000
core   0: 0x00000000800058c0 (0xa0100c9b) addiw   s9, zero, -1535
core   0: 1 0x00000000800058c0 (0xa0100c9b) x25 0xfffffffffffffa01
core   0: 0x00000000800058c4 (0x00000001) c.nop
core   0: 1 0x00000000800058c4 (0x0001)
core   0: 0x00000000800058c6 (0x40fe5bbb) sraw    s7, t3, a5
core   0: 1 0x00000000800058c6 (0x40fe5bbb) x23 0xffffffffaa26e000
core   0: 0x00000000800058ca (0x9181f693) andi    a3, gp, -1768
core   0: 1 0x00000000800058ca (0x9181f693) x13 0x0000000000000000
core   0: 0x00000000800058ce (0x00000001) c.nop
core   0: 1 0x00000000800058ce (0x0001)
core   0: 0x00000000800058d0 (0x025272bb) remuw   t0, tp, t0
core   0: 1 0x00000000800058d0 (0x025272bb) x5  0x000000000bdfc8a8
core   0: 0x00000000800058d4 (0x0392c3bb) divw    t2, t0, s9
core   0: 1 0x00000000800058d4 (0x0392c3bb) x7  0xfffffffffffe050b
core   0: 0x00000000800058d8 (0x03da7e53) fadd.d  ft8, fs4, ft9
core   0: 1 0x00000000800058d8 (0x03da7e53) f28 0x7ff8000000000000
core   0: 0x00000000800058dc (0x00202d73) csrrs   s10, frm, zero
core   0: 1 0x00000000800058dc (0x00202d73) x26 0x0000000000000000
core   0: 0x00000000800058e0 (0x40ea053b) subw    a0, s4, a4
core   0: 1 0x00000000800058e0 (0x40ea053b) x10 0x0000000000000001
core   0: 0x00000000800058e4 (0x00e853bb) srlw    t2, a6, a4
core   0: 1 0x00000000800058e4 (0x00e853bb) x7  0x0000000000000000
core   0: 0x00000000800058e8 (0x23632c53) fsgnjx.d fs8, ft6, fs6
core   0: 1 0x00000000800058e8 (0x23632c53) f24 0xc18ffd0010000000
core   0: 0x00000000800058ec (0x02ee5a33) divu    s4, t3, a4
core   0: 1 0x00000000800058ec (0x02ee5a33) x20 0x0000000000000000
core   0: 0x00000000800058f0 (0x038a7c3b) remuw   s8, s4, s8
core   0: 1 0x00000000800058f0 (0x038a7c3b) x24 0x0000000000000000
core   0: 0x00000000800058f4 (0xc29c76cb) fnmsub.d fa3, fs8, fs1, fs8
core   0: 1 0x00000000800058f4 (0xc29c76cb) f13 0x7ff8000000000000
core   0: 0x00000000800058f8 (0xb2d6f747) fmsub.d fa4, fa3, fa3, fs6
core   0: 1 0x00000000800058f8 (0xb2d6f747) f14 0x7ff8000000000000
core   0: 0x00000000800058fc (0xc206fa53) fcvt.w.d s4, fa3
core   0: 1 0x00000000800058fc (0xc206fa53) c1_fflags 0x0000000000000011 x20 0x000000007fffffff
core   0: 0x0000000080005900 (0x536775cf) fnmadd.d fa1, fa4, fs6, fa0
core   0: 1 0x0000000080005900 (0x536775cf) f11 0x7ff8000000000000
core   0: 0x0000000080005904 (0x02409e13) slli    t3, ra, 36
core   0: 1 0x0000000080005904 (0x02409e13) x28 0x00003ff000000000
core   0: 0x0000000080005908 (0x127773d3) fmul.d  ft7, fa4, ft7
core   0: 1 0x0000000080005908 (0x127773d3) f7  0x7ff8000000000000
core   0: 0x000000008000590c (0x73a4f4c7) fmsub.d fs1, fs1, fs10, fa4
core   0: 1 0x000000008000590c (0x73a4f4c7) f9  0x7ff8000000000000
core   0: 0x0000000080005910 (0x40fc863b) subw    a2, s9, a5
core   0: 1 0x0000000080005910 (0x40fc863b) x12 0xfffffffffffffa01
core   0: 0x0000000080005914 (0x028a643b) remw    s0, s4, s0
core   0: 1 0x0000000080005914 (0x028a643b) x8  0x00000000000001cc
core   0: 0x0000000080005918 (0xd03671d3) fcvt.s.lu ft3, a2
core   0: 1 0x0000000080005918 (0xd03671d3) c1_fflags 0x0000000000000011 f3  0xffffffff5f800000
core   0: 0x000000008000591c (0x419c0cbb) subw    s9, s8, s9
core   0: 1 0x000000008000591c (0x419c0cbb) x25 0x00000000000005ff
core   0: 0x0000000080005920 (0xc02cf853) fcvt.l.s a6, fs9
core   0: 1 0x0000000080005920 (0xc02cf853) c1_fflags 0x0000000000000011 x16 0x7fffffffffffffff
core   0: 0x0000000080005924 (0x01385013) srli    zero, a6, 19
core   0: 1 0x0000000080005924 (0x01385013)
core   0: 0x0000000080005928 (0xd03cf0d3) fcvt.s.lu ft1, s9
core   0: 1 0x0000000080005928 (0xd03cf0d3) f1  0xffffffff44bfe000
core   0: 0x000000008000592c (0xa3660dd3) fle.d   s11, fa2, fs6
core   0: 1 0x000000008000592c (0xa3660dd3) c1_fflags 0x0000000000000011 x27 0x0000000000000000
core   0: 0x0000000080005930 (0x2225714f) fnmadd.d ft2, fa0, ft2, ft4
core   0: 1 0x0000000080005930 (0x2225714f) f2  0x7ff8000000000000
core   0: 0x0000000080005934 (0x0150c0b3) xor     ra, ra, s5
core   0: 1 0x0000000080005934 (0x0150c0b3) x1  0xfffffffffffff9d9
core   0: 0x0000000080005938 (0xd0297453) fcvt.s.l fs0, s2
core   0: 1 0x0000000080005938 (0xd0297453) c1_fflags 0x0000000000000011 f8  0xffffffff4e56f021
core   0: 0x000000008000593c (0x880a059b) addiw   a1, s4, -1920
core   0: 1 0x000000008000593c (0x880a059b) x11 0x000000007ffff87f
core   0: 0x0000000080005940 (0xd21a04d3) fcvt.d.wu fs1, s4
core   0: 1 0x0000000080005940 (0xd21a04d3) f9  0x41dfffffffc00000
core   0: 0x0000000080005944 (0x41fdde9b) sraiw   t4, s11, 31
core   0: 1 0x0000000080005944 (0x41fdde9b) x29 0x0000000000000000
core   0: 0x0000000080005948 (0x02537bb3) remu    s7, t1, t0
core   0: 1 0x0000000080005948 (0x02537bb3) x23 0x0000000000000000
core   0: 0x000000008000594c (0x02ecc933) div     s2, s9, a4
core   0: 1 0x000000008000594c (0x02ecc933) x18 0xfffffffffffffa01
core   0: 0x0000000080005950 (0x00ded81b) srliw   a6, t4, 13
core   0: 1 0x0000000080005950 (0x00ded81b) x16 0x0000000000000000
core   0: 0x0000000080005954 (0x00000001) c.nop
core   0: 1 0x0000000080005954 (0x0001)
core   0: 0x0000000080005956 (0x00590b3b) addw    s6, s2, t0
core   0: 1 0x0000000080005956 (0x00590b3b) x22 0x000000000bdfc2a9
core   0: 0x000000008000595a (0xc23e7753) fcvt.lu.d a4, ft8
core   0: 1 0x000000008000595a (0xc23e7753) c1_fflags 0x0000000000000011 x14 0xffffffffffffffff
core   0: 0x000000008000595e (0xe2049353) fclass.d t1, fs1
core   0: 1 0x000000008000595e (0xe2049353) x6  0x0000000000000040
core   0: 0x0000000080005962 (0xc20af653) fcvt.w.d a2, fs5
core   0: 1 0x0000000080005962 (0xc20af653) c1_fflags 0x0000000000000011 x12 0x0000000000000000
core   0: 0x0000000080005966 (0x2a670453) fmin.d  fs0, fa4, ft6
core   0: 1 0x0000000080005966 (0x2a670453) f8  0xc18ffd0010000000
core   0: 0x000000008000596a (0x006319b3) sll     s3, t1, t1
core   0: 1 0x000000008000596a (0x006319b3) x19 0x0000000000000040
core   0: 0x000000008000596e (0x01362ab3) slt     s5, a2, s3
core   0: 1 0x000000008000596e (0x01362ab3) x21 0x0000000000000001
core   0: 0x0000000080005972 (0x00000001) c.nop
core   0: 1 0x0000000080005972 (0x0001)
core   0: 0x0000000080005974 (0x03f9d413) srli    s0, s3, 63
core   0: 1 0x0000000080005974 (0x03f9d413) x8  0x0000000000000000
core   0: 0x0000000080005978 (0x006791bb) sllw    gp, a5, t1
core   0: 1 0x0000000080005978 (0x006791bb) x3  0x0000000000000000
core   0: 0x000000008000597c (0x237b9153) fsgnjn.d ft2, fs7, fs7
core   0: 1 0x000000008000597c (0x237b9153) f2  0x7fffffffcdd4000a
core   0: 0x0000000080005980 (0x03b96933) rem     s2, s2, s11
core   0: 1 0x0000000080005980 (0x03b96933) x18 0xfffffffffffffa01
core   0: 0x0000000080005984 (0x7ff68213) addi    tp, a3, 2047
core   0: 1 0x0000000080005984 (0x7ff68213) x4  0x00000000000007ff
core   0: 0x0000000080005988 (0xfa057797) auipc   a5, 0xfa057
core   0: 1 0x0000000080005988 (0xfa057797) x15 0x000000007a05c988
core   0: 0x000000008000598c (0x032e4abb) divw    s5, t3, s2
core   0: 1 0x000000008000598c (0x032e4abb) x21 0x0000000000000000
core   0: 0x0000000080005990 (0xf9b13437) lui     s0, 0xf9b13
core   0: 1 0x0000000080005990 (0xf9b13437) x8  0xfffffffff9b13000
core   0: 0x0000000080005994 (0xd8b4041b) addiw   s0, s0, -629
core   0: 1 0x0000000080005994 (0xd8b4041b) x8  0xfffffffff9b12d8b
core   0: 0x0000000080005998 (0x00000432) c.slli  s0, 12
core   0: 1 0x0000000080005998 (0x0432) x8  0xffffff9b12d8b000
core   0: 0x000000008000599a (0x2be40413) addi    s0, s0, 702
core   0: 1 0x000000008000599a (0x2be40413) x8  0xffffff9b12d8b2be
core   0: 0x000000008000599e (0x01419433) sll     s0, gp, s4
core   0: 1 0x000000008000599e (0x01419433) x8  0x0000000000000000
core   0: 0x00000000800059a2 (0x002a993b) sllw    s2, s5, sp
core   0: 1 0x00000000800059a2 (0x002a993b) x18 0x0000000000000000
core   0: 0x00000000800059a6 (0xc03bfa53) fcvt.lu.s s4, fs7
core   0: 1 0x00000000800059a6 (0xc03bfa53) c1_fflags 0x0000000000000011 x20 0x0000000000000000
core   0: 0x00000000800059aa (0x344923f3) csrrs   t2, mip, s2
core   0: exception trap_illegal_instruction, epc 0x00000000800059aa
core   0:           tval 0x00000000344923f3
core   0: >>>>  $xrv64i2p1_m2p0_a2p1_f2p2_d2p2_zicsr2p0_zifencei2p0_zmmul1p0_zba1p0_zbb1p0_zbc1p0_zbs1p0
core   0: 0x0000000080004000 (0x0080006f) j       pc + 0x8
core   0: 3 0x0000000080004000 (0x0080006f)
core   0: >>>>  mmode_exception_handler
core   0: 0x0000000080004008 (0x00002c17) auipc   s8, 0x2
core   0: 3 0x0000000080004008 (0x00002c17) x24 0x0000000080006008
core   0: 0x000000008000400c (0x094c0c13) addi    s8, s8, 148
core   0: 3 0x000000008000400c (0x094c0c13) x24 0x000000008000609c
core   0: 0x0000000080004010 (0x000c00e7) jalr    s8
core   0: 3 0x0000000080004010 (0x000c00e7) x1  0x0000000080004014
core   0: >>>>  any_handler
core   0: 0x000000008000609c (0x341027f3) csrrs   a5, mepc, zero
core   0: 3 0x000000008000609c (0x341027f3) x15 0x00000000800059aa
core   0: 0x00000000800060a0 (0x34202773) csrrs   a4, mcause, zero
core   0: 3 0x00000000800060a0 (0x34202773) x14 0x0000000000000002
core   0: 0x00000000800060a4 (0x142026f3) csrrs   a3, scause, zero
core   0: 3 0x00000000800060a4 (0x142026f3) x13 0x0000000000000000
core   0: 0x00000000800060a8 (0x30402673) csrrs   a2, mie, zero
core   0: 3 0x00000000800060a8 (0x30402673) x12 0x0000000000000a00
core   0: 0x00000000800060ac (0x344025f3) csrrs   a1, mip, zero
core   0: 3 0x00000000800060ac (0x344025f3) x11 0x0000000000000080
core   0: 0x00000000800060b0 (0x343025f3) csrrs   a1, mtval, zero
core   0: 3 0x00000000800060b0 (0x343025f3) x11 0x00000000344923f3
core   0: 0x00000000800060b4 (0x14302573) csrrs   a0, stval, zero
core   0: 3 0x00000000800060b4 (0x14302573) x10 0x0000000000000000
core   0: 0x00000000800060b8 (0xb02024f3) csrrs   s1, minstret, zero
core   0: 3 0x00000000800060b8 (0xb02024f3) x9  0x0000000000000fff
core   0: 0x00000000800060bc (0x0000a811) c.j     pc + 20
core   0: 3 0x00000000800060bc (0xa811)
core   0: >>>>  mepc_4
core   0: 0x00000000800060d0 (0x00000791) c.addi  a5, 4
core   0: 3 0x00000000800060d0 (0x0791) x15 0x00000000800059ae
core   0: 0x00000000800060d2 (0x34179073) csrrw   zero, mepc, a5
core   0: 3 0x00000000800060d2 (0x34179073) c833_mepc 0x00000000800059ae
core   0: 0x00000000800060d6 (0x30200073) mret
core   0: 3 0x00000000800060d6 (0x30200073) c768_mstatus 0x8000000a00106080
core   0: 0x00000000800059ae (0x00102173) csrrs   sp, fflags, zero
core   0: 1 0x00000000800059ae (0x00102173) x2  0x0000000000000011
core   0: 0x00000000800059b2 (0x00fe1e33) sll     t3, t3, a5
core   0: 1 0x00000000800059b2 (0x00fe1e33) x28 0x0000000000000000
core   0: 0x00000000800059b6 (0xf14deaf3) csrrsi  s5, mhartid, 27
core   0: exception trap_illegal_instruction, epc 0x00000000800059b6
core   0:           tval 0x00000000f14deaf3
core   0: >>>>  $xrv64i2p1_m2p0_a2p1_f2p2_d2p2_zicsr2p0_zifencei2p0_zmmul1p0_zba1p0_zbb1p0_zbc1p0_zbs1p0
core   0: 0x0000000080004000 (0x0080006f) j       pc + 0x8
core   0: 3 0x0000000080004000 (0x0080006f)
core   0: >>>>  mmode_exception_handler
core   0: 0x0000000080004008 (0x00002c17) auipc   s8, 0x2
core   0: 3 0x0000000080004008 (0x00002c17) x24 0x0000000080006008
core   0: 0x000000008000400c (0x094c0c13) addi    s8, s8, 148
core   0: 3 0x000000008000400c (0x094c0c13) x24 0x000000008000609c
core   0: 0x0000000080004010 (0x000c00e7) jalr    s8
core   0: 3 0x0000000080004010 (0x000c00e7) x1  0x0000000080004014
core   0: >>>>  any_handler
core   0: 0x000000008000609c (0x341027f3) csrrs   a5, mepc, zero
core   0: 3 0x000000008000609c (0x341027f3) x15 0x00000000800059b6
core   0: 0x00000000800060a0 (0x34202773) csrrs   a4, mcause, zero
core   0: 3 0x00000000800060a0 (0x34202773) x14 0x0000000000000002
core   0: 0x00000000800060a4 (0x142026f3) csrrs   a3, scause, zero
core   0: 3 0x00000000800060a4 (0x142026f3) x13 0x0000000000000000
core   0: 0x00000000800060a8 (0x30402673) csrrs   a2, mie, zero
core   0: 3 0x00000000800060a8 (0x30402673) x12 0x0000000000000a00
core   0: 0x00000000800060ac (0x344025f3) csrrs   a1, mip, zero
core   0: 3 0x00000000800060ac (0x344025f3) x11 0x0000000000000080
core   0: 0x00000000800060b0 (0x343025f3) csrrs   a1, mtval, zero
core   0: 3 0x00000000800060b0 (0x343025f3) x11 0x00000000f14deaf3
core   0: 0x00000000800060b4 (0x14302573) csrrs   a0, stval, zero
core   0: 3 0x00000000800060b4 (0x14302573) x10 0x0000000000000000
core   0: 0x00000000800060b8 (0xb02024f3) csrrs   s1, minstret, zero
core   0: 3 0x00000000800060b8 (0xb02024f3) x9  0x0000000000001011
core   0: 0x00000000800060bc (0x0000a811) c.j     pc + 20
core   0: 3 0x00000000800060bc (0xa811)
core   0: >>>>  mepc_4
core   0: 0x00000000800060d0 (0x00000791) c.addi  a5, 4
core   0: 3 0x00000000800060d0 (0x0791) x15 0x00000000800059ba
core   0: 0x00000000800060d2 (0x34179073) csrrw   zero, mepc, a5
core   0: 3 0x00000000800060d2 (0x34179073) c833_mepc 0x00000000800059ba
core   0: 0x00000000800060d6 (0x30200073) mret
core   0: 3 0x00000000800060d6 (0x30200073) c768_mstatus 0x8000000a00106080
core   0: 0x00000000800059ba (0x03ca8133) mul     sp, s5, t3
core   0: 1 0x00000000800059ba (0x03ca8133) x2  0x0000000000000000
core   0: 0x00000000800059be (0x00119973) csrrw   s2, fflags, gp
core   0: 1 0x00000000800059be (0x00119973) x18 0x0000000000000011 c1_fflags 0x0000000000000000
core   0: 0x00000000800059c2 (0x405802b3) sub     t0, a6, t0
core   0: 1 0x00000000800059c2 (0x405802b3) x5  0xfffffffff4203758
core   0: 0x00000000800059c6 (0xa918f793) andi    a5, a7, -1391
core   0: 1 0x00000000800059c6 (0xa918f793) x15 0x0000000000000291
core   0: 0x00000000800059ca (0x028375d3) fadd.d  fa1, ft6, fs0
core   0: 1 0x00000000800059ca (0x028375d3) f11 0xc19ffd0010000000
core   0: 0x00000000800059ce (0x02997cd3) fadd.d  fs9, fs2, fs1
core   0: 1 0x00000000800059ce (0x02997cd3) f25 0x41e07ff400200000
core   0: 0x00000000800059d2 (0x00f2913b) sllw    sp, t0, a5
core   0: 1 0x00000000800059d2 (0x00f2913b) x2  0x000000006eb00000
core   0: 0x00000000800059d6 (0x003b5dbb) srlw    s11, s6, gp
core   0: 1 0x00000000800059d6 (0x003b5dbb) x27 0x000000000bdfc2a9
core   0: 0x00000000800059da (0x400dd71b) sraiw   a4, s11, 0
core   0: 1 0x00000000800059da (0x400dd71b) x14 0x000000000bdfc2a9
core   0: 0x00000000800059de (0x0015fe13) andi    t3, a1, 1
core   0: 1 0x00000000800059de (0x0015fe13) x28 0x0000000000000001
core   0: 0x00000000800059e2 (0xd03670d3) fcvt.s.lu ft1, a2
core   0: 1 0x00000000800059e2 (0xd03670d3) f1  0xffffffff45200000
core   0: 0x00000000800059e6 (0xffd54293) xori    t0, a0, -3
core   0: 1 0x00000000800059e6 (0xffd54293) x5  0xfffffffffffffffd
core   0: 0x00000000800059ea (0xa32085d3) fle.d   a1, ft1, fs2
core   0: 1 0x00000000800059ea (0xa32085d3) c1_fflags 0x0000000000000010 x11 0x0000000000000000
core   0: 0x00000000800059ee (0x005211b3) sll     gp, tp, t0
core   0: 1 0x00000000800059ee (0x005211b3) x3  0xe000000000000000
core   0: 0x00000000800059f2 (0x01940bb3) add     s7, s0, s9
core   0: 1 0x00000000800059f2 (0x01940bb3) x23 0x00000000000005ff
core   0: 0x00000000800059f6 (0x016756bb) srlw    a3, a4, s6
core   0: 1 0x00000000800059f6 (0x016756bb) x13 0x000000000005efe1
core   0: 0x00000000800059fa (0x01d21493) slli    s1, tp, 29
core   0: 1 0x00000000800059fa (0x01d21493) x9  0x000000ffe0000000
core   0: 0x00000000800059fe (0x00102b73) csrrs   s6, fflags, zero
core   0: 1 0x00000000800059fe (0x00102b73) x22 0x0000000000000010
core   0: 0x0000000080005a02 (0x000b5b13) srli    s6, s6, 0
core   0: 1 0x0000000080005a02 (0x000b5b13) x22 0x0000000000000010
core   0: 0x0000000080005a06 (0x000a091b) sext.w  s2, s4
core   0: 1 0x0000000080005a06 (0x000a091b) x18 0x0000000000000000
core   0: 0x0000000080005a0a (0x03f6de93) srli    t4, a3, 63
core   0: 1 0x0000000080005a0a (0x03f6de93) x29 0x0000000000000000
core   0: 0x0000000080005a0e (0x01211133) sll     sp, sp, s2
core   0: 1 0x0000000080005a0e (0x01211133) x2  0x000000006eb00000
core   0: 0x0000000080005a12 (0x2594c793) xori    a5, s1, 601
core   0: 1 0x0000000080005a12 (0x2594c793) x15 0x000000ffe0000259
core   0: 0x0000000080005a16 (0x7ff10013) addi    zero, sp, 2047
core   0: 1 0x0000000080005a16 (0x7ff10013)
core   0: 0x0000000080005a1a (0x106e3073) csrrc   zero, scounteren, t3
core   0: 1 0x0000000080005a1a (0x106e3073) c262_scounteren 0x0000000000000000
core   0: 0x0000000080005a1e (0x00c87813) andi    a6, a6, 12
core   0: 1 0x0000000080005a1e (0x00c87813) x16 0x0000000000000000
core   0: 0x0000000080005a22 (0xc0377e53) fcvt.lu.s t3, fa4
core   0: 1 0x0000000080005a22 (0xc0377e53) c1_fflags 0x0000000000000010 x28 0xffffffffffffffff
core   0: 0x0000000080005a26 (0xfff6f413) andi    s0, a3, -1
core   0: 1 0x0000000080005a26 (0xfff6f413) x8  0x000000000005efe1
core   0: 0x0000000080005a2a (0x03a0d633) divu    a2, ra, s10
core   0: 1 0x0000000080005a2a (0x03a0d633) x12 0xffffffffffffffff
core   0: 0x0000000080005a2e (0xd23e7b53) fcvt.d.lu fs6, t3
core   0: 1 0x0000000080005a2e (0xd23e7b53) c1_fflags 0x0000000000000011 f22 0x43f0000000000000
core   0: 0x0000000080005a32 (0x0ff0000f) fence   iorw,iorw
core   0: 1 0x0000000080005a32 (0x0ff0000f)
core   0: 0x0000000080005a36 (0x2bfd08d3) fmin.d  fa7, fs10, ft11
core   0: 1 0x0000000080005a36 (0x2bfd08d3) f17 0x7ff8000000000000
core   0: 0x0000000080005a3a (0xd0347ed3) fcvt.s.lu ft9, s0
core   0: 1 0x0000000080005a3a (0xd0347ed3) f29 0xffffffff48bdfc20
core   0: 0x0000000080005a3e (0x56024393) xori    t2, tp, 1376
core   0: 1 0x0000000080005a3e (0x56024393) x7  0x000000000000029f
core   0: 0x0000000080005a42 (0x23bb0dd3) fsgnj.d fs11, fs6, fs11
core   0: 1 0x0000000080005a42 (0x23bb0dd3) f27 0x43f0000000000000
core   0: 0x0000000080005a46 (0x407650b3) sra     ra, a2, t2
core   0: 1 0x0000000080005a46 (0x407650b3) x1  0xffffffffffffffff
core   0: 0x0000000080005a4a (0xd0237a53) fcvt.s.l fs4, t1
core   0: 1 0x0000000080005a4a (0xd0237a53) f20 0xffffffff42800000
core   0: 0x0000000080005a4e (0x2b9c05d3) fmin.d  fa1, fs8, fs9
core   0: 1 0x0000000080005a4e (0x2b9c05d3) f11 0xc18ffd0010000000
core   0: 0x0000000080005a52 (0x01d392b3) sll     t0, t2, t4
core   0: 1 0x0000000080005a52 (0x01d392b3) x5  0x000000000000029f
core   0: 0x0000000080005a56 (0x7ffdeb13) ori     s6, s11, 2047
core   0: 1 0x0000000080005a56 (0x7ffdeb13) x22 0x000000000bdfc7ff
core   0: 0x0000000080005a5a (0x2b091853) fmax.d  fa6, fs2, fa6
core   0: 1 0x0000000080005a5a (0x2b091853) f16 0x418ffd0010000000
core   0: 0x0000000080005a5e (0x007690b3) sll     ra, a3, t2
core   0: 1 0x0000000080005a5e (0x007690b3) x1  0x0002f7f080000000
core   0: 0x0000000080005a62 (0x1430fa73) csrrci  s4, stval, 1
core   0: 1 0x0000000080005a62 (0x1430fa73) x20 0x0000000000000000 c323_stval 0x0000000000000000
core   0: 0x0000000080005a66 (0x018587bb) addw    a5, a1, s8
core   0: 1 0x0000000080005a66 (0x018587bb) x15 0xffffffff8000609c
core   0: 0x0000000080005a6a (0x022a523b) divuw   tp, s4, sp
core   0: 1 0x0000000080005a6a (0x022a523b) x4  0x0000000000000000
core   0: 0x0000000080005a6e (0x4007d513) srai    a0, a5, 0
core   0: 1 0x0000000080005a6e (0x4007d513) x10 0xffffffff8000609c
core   0: 0x0000000080005a72 (0x401055bb) sraw    a1, zero, ra
core   0: 1 0x0000000080005a72 (0x401055bb) x11 0x0000000000000000
core   0: 0x0000000080005a76 (0x02305a93) srli    s5, zero, 35
core   0: 1 0x0000000080005a76 (0x02305a93) x21 0x0000000000000000
core   0: 0x0000000080005a7a (0x00939613) slli    a2, t2, 9
core   0: 1 0x0000000080005a7a (0x00939613) x12 0x0000000000053e00
core   0: 0x0000000080005a7e (0x4062023b) subw    tp, tp, t1
core   0: 1 0x0000000080005a7e (0x4062023b) x4  0xffffffffffffffc0
core   0: 0x0000000080005a82 (0x02437253) fadd.d  ft4, ft6, ft4
core   0: 1 0x0000000080005a82 (0x02437253) f4  0x7ff8000000000000
core   0: 0x0000000080005a86 (0x233219d3) fsgnjn.d fs3, ft4, fs3
core   0: 1 0x0000000080005a86 (0x233219d3) f19 0xfff8000000000000
core   0: 0x0000000080005a8a (0x5a067553) fsqrt.d fa0, fa2
core   0: 1 0x0000000080005a8a (0x5a067553) f10 0x7ff8000000000000
core   0: 0x0000000080005a8e (0x0286cc3b) divw    s8, a3, s0
core   0: 1 0x0000000080005a8e (0x0286cc3b) x24 0x0000000000000001
core   0: 0x0000000080005a92 (0x00e1973b) sllw    a4, gp, a4
core   0: 1 0x0000000080005a92 (0x00e1973b) x14 0x0000000000000000
core   0: 0x0000000080005a96 (0x00f197b3) sll     a5, gp, a5
core   0: 1 0x0000000080005a96 (0x00f197b3) x15 0x0000000000000000
core   0: 0x0000000080005a9a (0x00a1529b) srliw   t0, sp, 10
core   0: 1 0x0000000080005a9a (0x00a1529b) x5  0x00000000001bac00
core   0: 0x0000000080005a9e (0x42050853) fcvt.d.s fa6, fa0
core   0: 1 0x0000000080005a9e (0x42050853) f16 0x7ff8000000000000
core   0: 0x0000000080005aa2 (0xf855b897) auipc   a7, 0xf855b
core   0: 1 0x0000000080005aa2 (0xf855b897) x17 0x0000000078560aa2
core   0: 0x0000000080005aa6 (0xfff1009b) addiw   ra, sp, -1
core   0: 1 0x0000000080005aa6 (0xfff1009b) x1  0x000000006eafffff
core   0: 0x0000000080005aaa (0x418556bb) sraw    a3, a0, s8
core   0: 1 0x0000000080005aaa (0x418556bb) x13 0xffffffffc000304e
core   0: 0x0000000080005aae (0x9455e593) ori     a1, a1, -1723
core   0: 1 0x0000000080005aae (0x9455e593) x11 0xfffffffffffff945
core   0: 0x0000000080005ab2 (0xc02c7753) fcvt.l.s a4, fs8
core   0: 1 0x0000000080005ab2 (0xc02c7753) c1_fflags 0x0000000000000011 x14 0x7fffffffffffffff
core   0: 0x0000000080005ab6 (0x2a139bd3) fmax.d  fs7, ft7, ft1
core   0: 1 0x0000000080005ab6 (0x2a139bd3) f23 0x7ff8000000000000
core   0: 0x0000000080005aba (0x6a78704f) fnmadd.d ft0, fa6, ft7, fa3
core   0: 1 0x0000000080005aba (0x6a78704f) f0  0x7ff8000000000000
core   0: 0x0000000080005abe (0x23ce1ad3) fsgnjn.d fs5, ft8, ft8
core   0: 1 0x0000000080005abe (0x23ce1ad3) f21 0xfff8000000000000
core   0: 0x0000000080005ac2 (0x02c70ab3) mul     s5, a4, a2
core   0: 1 0x0000000080005ac2 (0x02c70ab3) x21 0xfffffffffffac200
core   0: 0x0000000080005ac6 (0x002023f3) csrrs   t2, frm, zero
core   0: 1 0x0000000080005ac6 (0x002023f3) x7  0x0000000000000000
core   0: 0x0000000080005aca (0x027bb733) mulhu   a4, s7, t2
core   0: 1 0x0000000080005aca (0x027bb733) x14 0x0000000000000000
core   0: 0x0000000080005ace (0xd20382d3) fcvt.d.w ft5, t2
core   0: 1 0x0000000080005ace (0xd20382d3) f5  0x0000000000000000
core   0: 0x0000000080005ad2 (0x00458d3b) addw    s10, a1, tp
core   0: 1 0x0000000080005ad2 (0x00458d3b) x26 0xfffffffffffff905
core   0: 0x0000000080005ad6 (0x008050b3) srl     ra, zero, s0
core   0: 1 0x0000000080005ad6 (0x008050b3) x1  0x0000000000000000
core   0: 0x0000000080005ada (0x4011fbd3) fcvt.s.d fs7, ft3
core   0: 1 0x0000000080005ada (0x4011fbd3) f23 0xffffffff7fc00000
core   0: 0x0000000080005ade (0xc21179d3) fcvt.wu.d s3, ft2
core   0: 1 0x0000000080005ade (0xc21179d3) c1_fflags 0x0000000000000011 x19 0xffffffffffffffff
core   0: 0x0000000080005ae2 (0x7ff9c513) xori    a0, s3, 2047
core   0: 1 0x0000000080005ae2 (0x7ff9c513) x10 0xfffffffffffff800
core   0: 0x0000000080005ae6 (0x001027f3) csrrs   a5, fflags, zero
core   0: 1 0x0000000080005ae6 (0x001027f3) x15 0x0000000000000011
core   0: 0x0000000080005aea (0x00000001) c.nop
core   0: 1 0x0000000080005aea (0x0001)
core   0: 0x0000000080005aec (0x00651e33) sll     t3, a0, t1
core   0: 1 0x0000000080005aec (0x00651e33) x28 0xfffffffffffff800
core   0: 0x0000000080005af0 (0x2b818c53) fmin.d  fs8, ft3, fs8
core   0: 1 0x0000000080005af0 (0x2b818c53) f24 0xc18ffd0010000000
core   0: 0x0000000080005af4 (0x238c04d3) fsgnj.d fs1, fs8, fs8
core   0: 1 0x0000000080005af4 (0x238c04d3) f9  0xc18ffd0010000000
core   0: 0x0000000080005af8 (0x01360db3) add     s11, a2, s3
core   0: 1 0x0000000080005af8 (0x01360db3) x27 0x0000000000053dff
core   0: 0x0000000080005afc (0x0b2f7f53) fsub.d  ft10, ft10, fs2
core   0: 1 0x0000000080005afc (0x0b2f7f53) f30 0x7ff8000000000000
core   0: 0x0000000080005b00 (0x00dd83b3) add     t2, s11, a3
core   0: 1 0x0000000080005b00 (0x00dd83b3) x7  0xffffffffc0056e4d
core   0: 0x0000000080005b04 (0xada80537) lui     a0, 0xada80
core   0: 1 0x0000000080005b04 (0xada80537) x10 0xffffffffada80000
core   0: 0x0000000080005b08 (0x035dddb3) divu    s11, s11, s5
core   0: 1 0x0000000080005b08 (0x035dddb3) x27 0x0000000000000000
core   0: 0x0000000080005b0c (0x00000001) c.nop
core   0: 1 0x0000000080005b0c (0x0001)
core   0: 0x0000000080005b0e (0xa3e989d3) fle.d   s3, fs3, ft10
core   0: 1 0x0000000080005b0e (0xa3e989d3) c1_fflags 0x0000000000000011 x19 0x0000000000000000
core   0: 0x0000000080005b12 (0x013b141b) slliw   s0, s6, 19
core   0: 1 0x0000000080005b12 (0x013b141b) x8  0x000000003ff80000
core   0: 0x0000000080005b16 (0xc02574d3) fcvt.l.s s1, fa0
core   0: 1 0x0000000080005b16 (0xc02574d3) c1_fflags 0x0000000000000011 x9  0x7fffffffffffffff
core   0: 0x0000000080005b1a (0x0376f6d3) fadd.d  fa3, fa3, fs7
core   0: 1 0x0000000080005b1a (0x0376f6d3) f13 0x7ff8000000000000
core   0: 0x0000000080005b1e (0x8b134d97) auipc   s11, 0x8b134
core   0: 1 0x0000000080005b1e (0x8b134d97) x27 0x000000000b139b1e
core   0: 0x0000000080005b22 (0x026c5333) divu    t1, s8, t1
core   0: 1 0x0000000080005b22 (0x026c5333) x6  0x0000000000000000
core   0: 0x0000000080005b26 (0x038c57b3) divu    a5, s8, s8
core   0: 1 0x0000000080005b26 (0x038c57b3) x15 0x0000000000000001
core   0: 0x0000000080005b2a (0x401680b3) sub     ra, a3, ra
core   0: 1 0x0000000080005b2a (0x401680b3) x1  0xffffffffc000304e
core   0: 0x0000000080005b2e (0x010279b3) and     s3, tp, a6
core   0: 1 0x0000000080005b2e (0x010279b3) x19 0x0000000000000000
core   0: 0x0000000080005b32 (0xd029fad3) fcvt.s.l fs5, s3
core   0: 1 0x0000000080005b32 (0xd029fad3) f21 0xffffffff00000000
core   0: 0x0000000080005b36 (0x001025f3) csrrs   a1, fflags, zero
core   0: 1 0x0000000080005b36 (0x001025f3) x11 0x0000000000000011
core   0: 0x0000000080005b3a (0x83960a37) lui     s4, 0x83960
core   0: 1 0x0000000080005b3a (0x83960a37) x20 0xffffffff83960000
core   0: 0x0000000080005b3e (0x2d5dfb97) auipc   s7, 0x2d5df
core   0: 1 0x0000000080005b3e (0x2d5dfb97) x23 0x00000000ad5e4b3e
core   0: 0x0000000080005b42 (0x5a0af2d3) fsqrt.d ft5, fs5
core   0: 1 0x0000000080005b42 (0x5a0af2d3) f5  0x7ff8000000000000
core   0: 0x0000000080005b46 (0x2352ad53) fsgnjx.d fs10, ft5, fs5
core   0: 1 0x0000000080005b46 (0x2352ad53) f26 0xfff8000000000000
core   0: 0x0000000080005b4a (0x037b80bb) mulw    ra, s7, s7
core   0: 1 0x0000000080005b4a (0x037b80bb) x1  0x0000000023a56304
core   0: 0x0000000080005b4e (0x0317b3b3) mulhu   t2, a5, a7
core   0: 1 0x0000000080005b4e (0x0317b3b3) x7  0x0000000000000000
core   0: 0x0000000080005b52 (0x0287b1b3) mulhu   gp, a5, s0
core   0: 1 0x0000000080005b52 (0x0287b1b3) x3  0x0000000000000000
core   0: 0x0000000080005b56 (0x00118b9b) addiw   s7, gp, 1
core   0: 1 0x0000000080005b56 (0x00118b9b) x23 0x0000000000000001
core   0: 0x0000000080005b5a (0x021bd0bb) divuw   ra, s7, ra
core   0: 1 0x0000000080005b5a (0x021bd0bb) x1  0x0000000000000000
core   0: 0x0000000080005b5e (0x1ba17153) fdiv.d  ft2, ft2, fs10
core   0: 1 0x0000000080005b5e (0x1ba17153) f2  0x7ff8000000000000
core   0: 0x0000000080005b62 (0x1e50e893) ori     a7, ra, 485
core   0: 1 0x0000000080005b62 (0x1e50e893) x17 0x00000000000001e5
core   0: 0x0000000080005b66 (0x02a574b3) remu    s1, a0, a0
core   0: 1 0x0000000080005b66 (0x02a574b3) x9  0x0000000000000000
core   0: 0x0000000080005b6a (0x2a7111d3) fmax.d  ft3, ft2, ft7
core   0: 1 0x0000000080005b6a (0x2a7111d3) f3  0x7ff8000000000000
core   0: 0x0000000080005b6e (0x08c86c13) ori     s8, a6, 140
core   0: 1 0x0000000080005b6e (0x08c86c13) x24 0x000000000000008c
core   0: 0x0000000080005b72 (0x00681193) slli    gp, a6, 6
core   0: 1 0x0000000080005b72 (0x00681193) x3  0x0000000000000000
core   0: 0x0000000080005b76 (0x01045933) srl     s2, s0, a6
core   0: 1 0x0000000080005b76 (0x01045933) x18 0x000000003ff80000
core   0: 0x0000000080005b7a (0x13e77147) fmsub.d ft2, fa4, ft10, ft2
core   0: 1 0x0000000080005b7a (0x13e77147) f2  0x7ff8000000000000
core   0: 0x0000000080005b7e (0x01391b3b) sllw    s6, s2, s3
core   0: 1 0x0000000080005b7e (0x01391b3b) x22 0x000000003ff80000
core   0: 0x0000000080005b82 (0x40255b9b) sraiw   s7, a0, 2
core   0: 1 0x0000000080005b82 (0x40255b9b) x23 0xffffffffeb6a0000
core   0: 0x0000000080005b86 (0x0125941b) slliw   s0, a1, 18
core   0: 1 0x0000000080005b86 (0x0125941b) x8  0x0000000000440000
core   0: 0x0000000080005b8a (0xc239f3d3) fcvt.lu.d t2, fs3
core   0: 1 0x0000000080005b8a (0xc239f3d3) c1_fflags 0x0000000000000011 x7  0xffffffffffffffff
core   0: 0x0000000080005b8e (0x406c0ab3) sub     s5, s8, t1
core   0: 1 0x0000000080005b8e (0x406c0ab3) x21 0x000000000000008c
core   0: 0x0000000080005b92 (0x03fd5013) srli    zero, s10, 63
core   0: 1 0x0000000080005b92 (0x03fd5013)
core   0: 0x0000000080005b96 (0x02bdb5b3) mulhu   a1, s11, a1
core   0: 1 0x0000000080005b96 (0x02bdb5b3) x11 0x0000000000000000
core   0: 0x0000000080005b9a (0x0b9cfcd3) fsub.d  fs9, fs9, fs9
core   0: 1 0x0000000080005b9a (0x0b9cfcd3) f25 0x0000000000000000
core   0: 0x0000000080005b9e (0x00102273) csrrs   tp, fflags, zero
core   0: 1 0x0000000080005b9e (0x00102273) x4  0x0000000000000011
core   0: 0x0000000080005ba2 (0xa2ec8ed3) fle.d   t4, fs9, fa4
core   0: 1 0x0000000080005ba2 (0xa2ec8ed3) c1_fflags 0x0000000000000011 x29 0x0000000000000000
core   0: 0x0000000080005ba6 (0x00000001) c.nop
core   0: 1 0x0000000080005ba6 (0x0001)
core   0: 0x0000000080005ba8 (0x0144d99b) srliw   s3, s1, 20
core   0: 1 0x0000000080005ba8 (0x0144d99b) x19 0x0000000000000000
core   0: 0x0000000080005bac (0x7ff4e893) ori     a7, s1, 2047
core   0: 1 0x0000000080005bac (0x7ff4e893) x17 0x00000000000007ff
core   0: 0x0000000080005bb0 (0x00000001) c.nop
core   0: 1 0x0000000080005bb0 (0x0001)
core   0: 0x0000000080005bb2 (0x32e775c7) fmsub.d fa1, fa4, fa4, ft6
core   0: 1 0x0000000080005bb2 (0x32e775c7) f11 0x7ff8000000000000
core   0: 0x0000000080005bb6 (0x0005501b) srliw   zero, a0, 0
core   0: 1 0x0000000080005bb6 (0x0005501b)
core   0: 0x0000000080005bba (0x5a0df3d3) fsqrt.d ft7, fs11
core   0: 1 0x0000000080005bba (0x5a0df3d3) f7  0x41f0000000000000
core   0: 0x0000000080005bbe (0x000cf4b3) and     s1, s9, zero
core   0: 1 0x0000000080005bbe (0x000cf4b3) x9  0x0000000000000000
core   0: 0x0000000080005bc2 (0x016743b3) xor     t2, a4, s6
core   0: 1 0x0000000080005bc2 (0x016743b3) x7  0x000000003ff80000
core   0: 0x0000000080005bc6 (0x005400b3) add     ra, s0, t0
core   0: 1 0x0000000080005bc6 (0x005400b3) x1  0x00000000005fac00
core   0: 0x0000000080005bca (0x00102473) csrrs   s0, fflags, zero
core   0: 1 0x0000000080005bca (0x00102473) x8  0x0000000000000011
core   0: 0x0000000080005bce (0x401e5193) srai    gp, t3, 1
core   0: 1 0x0000000080005bce (0x401e5193) x3  0xfffffffffffffc00
core   0: 0x0000000080005bd2 (0x029aa233) mulhsu  tp, s5, s1
core   0: 1 0x0000000080005bd2 (0x029aa233) x4  0x0000000000000000
core   0: 0x0000000080005bd6 (0x1bdef4d3) fdiv.d  fs1, ft9, ft9
core   0: 1 0x0000000080005bd6 (0x1bdef4d3) f9  0x7ff8000000000000
core   0: 0x0000000080005bda (0x7ff30c9b) addiw   s9, t1, 2047
core   0: 1 0x0000000080005bda (0x7ff30c9b) x25 0x00000000000007ff
core   0: 0x0000000080005bde (0x00000001) c.nop
core   0: 1 0x0000000080005bde (0x0001)
core   0: 0x0000000080005be0 (0x001e1a93) slli    s5, t3, 1
core   0: 1 0x0000000080005be0 (0x001e1a93) x21 0xfffffffffffff000
core   0: 0x0000000080005be4 (0x97f6e893) ori     a7, a3, -1665
core   0: 1 0x0000000080005be4 (0x97f6e893) x17 0xfffffffffffff97f
core   0: 0x0000000080005be8 (0x00e897b3) sll     a5, a7, a4
core   0: 1 0x0000000080005be8 (0x00e897b3) x15 0xfffffffffffff97f
core   0: 0x0000000080005bec (0xd23df453) fcvt.d.lu fs0, s11
core   0: 1 0x0000000080005bec (0xd23df453) f8  0x41a627363c000000
core   0: 0x0000000080005bf0 (0x4003d21b) sraiw   tp, t2, 0
core   0: 1 0x0000000080005bf0 (0x4003d21b) x4  0x000000003ff80000
core   0: 0x0000000080005bf4 (0xb7986e13) ori     t3, a6, -1159
core   0: 1 0x0000000080005bf4 (0xb7986e13) x28 0xfffffffffffffb79
core   0: 0x0000000080005bf8 (0xf20e84d3) fmv.d.x fs1, t4
core   0: 1 0x0000000080005bf8 (0xf20e84d3) f9  0x0000000000000000
core   0: 0x0000000080005bfc (0x32ce70cb) fnmsub.d ft1, ft8, fa2, ft6
core   0: 1 0x0000000080005bfc (0x32ce70cb) f1  0x7ff8000000000000
core   0: 0x0000000080005c00 (0x30359d73) csrrw   s10, mideleg, a1
core   0: exception trap_illegal_instruction, epc 0x0000000080005c00
core   0:           tval 0x0000000030359d73
core   0: >>>>  $xrv64i2p1_m2p0_a2p1_f2p2_d2p2_zicsr2p0_zifencei2p0_zmmul1p0_zba1p0_zbb1p0_zbc1p0_zbs1p0
core   0: 0x0000000080004000 (0x0080006f) j       pc + 0x8
core   0: 3 0x0000000080004000 (0x0080006f)
core   0: >>>>  mmode_exception_handler
core   0: 0x0000000080004008 (0x00002c17) auipc   s8, 0x2
core   0: 3 0x0000000080004008 (0x00002c17) x24 0x0000000080006008
core   0: 0x000000008000400c (0x094c0c13) addi    s8, s8, 148
core   0: 3 0x000000008000400c (0x094c0c13) x24 0x000000008000609c
core   0: 0x0000000080004010 (0x000c00e7) jalr    s8
core   0: 3 0x0000000080004010 (0x000c00e7) x1  0x0000000080004014
core   0: >>>>  any_handler
core   0: 0x000000008000609c (0x341027f3) csrrs   a5, mepc, zero
core   0: 3 0x000000008000609c (0x341027f3) x15 0x0000000080005c00
core   0: 0x00000000800060a0 (0x34202773) csrrs   a4, mcause, zero
core   0: 3 0x00000000800060a0 (0x34202773) x14 0x0000000000000002
core   0: 0x00000000800060a4 (0x142026f3) csrrs   a3, scause, zero
core   0: 3 0x00000000800060a4 (0x142026f3) x13 0x0000000000000000
core   0: 0x00000000800060a8 (0x30402673) csrrs   a2, mie, zero
core   0: 3 0x00000000800060a8 (0x30402673) x12 0x0000000000000a00
core   0: 0x00000000800060ac (0x344025f3) csrrs   a1, mip, zero
core   0: 3 0x00000000800060ac (0x344025f3) x11 0x0000000000000080
core   0: 0x00000000800060b0 (0x343025f3) csrrs   a1, mtval, zero
core   0: 3 0x00000000800060b0 (0x343025f3) x11 0x0000000030359d73
core   0: 0x00000000800060b4 (0x14302573) csrrs   a0, stval, zero
core   0: 3 0x00000000800060b4 (0x14302573) x10 0x0000000000000000
core   0: 0x00000000800060b8 (0xb02024f3) csrrs   s1, minstret, zero
core   0: 3 0x00000000800060b8 (0xb02024f3) x9  0x00000000000010b5
core   0: 0x00000000800060bc (0x0000a811) c.j     pc + 20
core   0: 3 0x00000000800060bc (0xa811)
core   0: >>>>  mepc_4
core   0: 0x00000000800060d0 (0x00000791) c.addi  a5, 4
core   0: 3 0x00000000800060d0 (0x0791) x15 0x0000000080005c04
core   0: 0x00000000800060d2 (0x34179073) csrrw   zero, mepc, a5
core   0: 3 0x00000000800060d2 (0x34179073) c833_mepc 0x0000000080005c04
core   0: 0x00000000800060d6 (0x30200073) mret
core   0: 3 0x00000000800060d6 (0x30200073) c768_mstatus 0x8000000a00106080
core   0: 0x0000000080005c04 (0x03db7b33) remu    s6, s6, t4
core   0: 1 0x0000000080005c04 (0x03db7b33) x22 0x000000003ff80000
core   0: 0x0000000080005c08 (0x018b1c3b) sllw    s8, s6, s8
core   0: 1 0x0000000080005c08 (0x018b1c3b) x24 0x0000000000000000
core   0: 0x0000000080005c0c (0xe7baf913) andi    s2, s5, -389
core   0: 1 0x0000000080005c0c (0xe7baf913) x18 0xfffffffffffff000
core   0: 0x0000000080005c10 (0xe770ab37) lui     s6, 0xe770a
core   0: 1 0x0000000080005c10 (0xe770ab37) x22 0xffffffffe770a000
core   0: 0x0000000080005c14 (0xd02b7753) fcvt.s.l fa4, s6
core   0: 1 0x0000000080005c14 (0xd02b7753) f14 0xffffffffcdc47b00
core   0: 0x0000000080005c18 (0x747a2e73) csrrs   t3, mseccfg, s4
core   0: exception trap_illegal_instruction, epc 0x0000000080005c18
core   0:           tval 0x00000000747a2e73
core   0: >>>>  $xrv64i2p1_m2p0_a2p1_f2p2_d2p2_zicsr2p0_zifencei2p0_zmmul1p0_zba1p0_zbb1p0_zbc1p0_zbs1p0
core   0: 0x0000000080004000 (0x0080006f) j       pc + 0x8
core   0: 3 0x0000000080004000 (0x0080006f)
core   0: >>>>  mmode_exception_handler
core   0: 0x0000000080004008 (0x00002c17) auipc   s8, 0x2
core   0: 3 0x0000000080004008 (0x00002c17) x24 0x0000000080006008
core   0: 0x000000008000400c (0x094c0c13) addi    s8, s8, 148
core   0: 3 0x000000008000400c (0x094c0c13) x24 0x000000008000609c
core   0: 0x0000000080004010 (0x000c00e7) jalr    s8
core   0: 3 0x0000000080004010 (0x000c00e7) x1  0x0000000080004014
core   0: >>>>  any_handler
core   0: 0x000000008000609c (0x341027f3) csrrs   a5, mepc, zero
core   0: 3 0x000000008000609c (0x341027f3) x15 0x0000000080005c18
core   0: 0x00000000800060a0 (0x34202773) csrrs   a4, mcause, zero
core   0: 3 0x00000000800060a0 (0x34202773) x14 0x0000000000000002
core   0: 0x00000000800060a4 (0x142026f3) csrrs   a3, scause, zero
core   0: 3 0x00000000800060a4 (0x142026f3) x13 0x0000000000000000
core   0: 0x00000000800060a8 (0x30402673) csrrs   a2, mie, zero
core   0: 3 0x00000000800060a8 (0x30402673) x12 0x0000000000000a00
core   0: 0x00000000800060ac (0x344025f3) csrrs   a1, mip, zero
core   0: 3 0x00000000800060ac (0x344025f3) x11 0x0000000000000080
core   0: 0x00000000800060b0 (0x343025f3) csrrs   a1, mtval, zero
core   0: 3 0x00000000800060b0 (0x343025f3) x11 0x00000000747a2e73
core   0: 0x00000000800060b4 (0x14302573) csrrs   a0, stval, zero
core   0: 3 0x00000000800060b4 (0x14302573) x10 0x0000000000000000
core   0: 0x00000000800060b8 (0xb02024f3) csrrs   s1, minstret, zero
core   0: 3 0x00000000800060b8 (0xb02024f3) x9  0x00000000000010ca
core   0: 0x00000000800060bc (0x0000a811) c.j     pc + 20
core   0: 3 0x00000000800060bc (0xa811)
core   0: >>>>  mepc_4
core   0: 0x00000000800060d0 (0x00000791) c.addi  a5, 4
core   0: 3 0x00000000800060d0 (0x0791) x15 0x0000000080005c1c
core   0: 0x00000000800060d2 (0x34179073) csrrw   zero, mepc, a5
core   0: 3 0x00000000800060d2 (0x34179073) c833_mepc 0x0000000080005c1c
core   0: 0x00000000800060d6 (0x30200073) mret
core   0: 3 0x00000000800060d6 (0x30200073) c768_mstatus 0x8000000a00106080
core   0: 0x0000000080005c1c (0xc20079d3) fcvt.w.d s3, ft0
core   0: 1 0x0000000080005c1c (0xc20079d3) c1_fflags 0x0000000000000011 x19 0x000000007fffffff
core   0: 0x0000000080005c20 (0x221726d3) fsgnjx.d fa3, fa4, ft1
core   0: 1 0x0000000080005c20 (0x221726d3) f13 0xffffffffcdc47b00
core   0: 0x0000000080005c24 (0x016e1d13) slli    s10, t3, 22
core   0: 1 0x0000000080005c24 (0x016e1d13) x26 0xfffffffede400000
core   0: 0x0000000080005c28 (0xc22073d3) fcvt.l.d t2, ft0
core   0: 1 0x0000000080005c28 (0xc22073d3) c1_fflags 0x0000000000000011 x7  0x7fffffffffffffff
core   0: 0x0000000080005c2c (0x0031a633) slt     a2, gp, gp
core   0: 1 0x0000000080005c2c (0x0031a633) x12 0x0000000000000000
core   0: 0x0000000080005c30 (0x00139bf3) csrrw   s7, fflags, t2
core   0: 1 0x0000000080005c30 (0x00139bf3) x23 0x0000000000000011 c1_fflags 0x000000000000001f
core   0: 0x0000000080005c34 (0xf1572873) csrrs   a6, mconfigptr, a4
core   0: exception trap_illegal_instruction, epc 0x0000000080005c34
core   0:           tval 0x00000000f1572873
core   0: >>>>  $xrv64i2p1_m2p0_a2p1_f2p2_d2p2_zicsr2p0_zifencei2p0_zmmul1p0_zba1p0_zbb1p0_zbc1p0_zbs1p0
core   0: 0x0000000080004000 (0x0080006f) j       pc + 0x8
core   0: 3 0x0000000080004000 (0x0080006f)
core   0: >>>>  mmode_exception_handler
core   0: 0x0000000080004008 (0x00002c17) auipc   s8, 0x2
core   0: 3 0x0000000080004008 (0x00002c17) x24 0x0000000080006008
core   0: 0x000000008000400c (0x094c0c13) addi    s8, s8, 148
core   0: 3 0x000000008000400c (0x094c0c13) x24 0x000000008000609c
core   0: 0x0000000080004010 (0x000c00e7) jalr    s8
core   0: 3 0x0000000080004010 (0x000c00e7) x1  0x0000000080004014
core   0: >>>>  any_handler
core   0: 0x000000008000609c (0x341027f3) csrrs   a5, mepc, zero
core   0: 3 0x000000008000609c (0x341027f3) x15 0x0000000080005c34
core   0: 0x00000000800060a0 (0x34202773) csrrs   a4, mcause, zero
core   0: 3 0x00000000800060a0 (0x34202773) x14 0x0000000000000002
core   0: 0x00000000800060a4 (0x142026f3) csrrs   a3, scause, zero
core   0: 3 0x00000000800060a4 (0x142026f3) x13 0x0000000000000000
core   0: 0x00000000800060a8 (0x30402673) csrrs   a2, mie, zero
core   0: 3 0x00000000800060a8 (0x30402673) x12 0x0000000000000a00
core   0: 0x00000000800060ac (0x344025f3) csrrs   a1, mip, zero
core   0: 3 0x00000000800060ac (0x344025f3) x11 0x0000000000000080
core   0: 0x00000000800060b0 (0x343025f3) csrrs   a1, mtval, zero
core   0: 3 0x00000000800060b0 (0x343025f3) x11 0x00000000f1572873
core   0: 0x00000000800060b4 (0x14302573) csrrs   a0, stval, zero
core   0: 3 0x00000000800060b4 (0x14302573) x10 0x0000000000000000
core   0: 0x00000000800060b8 (0xb02024f3) csrrs   s1, minstret, zero
core   0: 3 0x00000000800060b8 (0xb02024f3) x9  0x00000000000010e0
core   0: 0x00000000800060bc (0x0000a811) c.j     pc + 20
core   0: 3 0x00000000800060bc (0xa811)
core   0: >>>>  mepc_4
core   0: 0x00000000800060d0 (0x00000791) c.addi  a5, 4
core   0: 3 0x00000000800060d0 (0x0791) x15 0x0000000080005c38
core   0: 0x00000000800060d2 (0x34179073) csrrw   zero, mepc, a5
core   0: 3 0x00000000800060d2 (0x34179073) c833_mepc 0x0000000080005c38
core   0: 0x00000000800060d6 (0x30200073) mret
core   0: 3 0x00000000800060d6 (0x30200073) c768_mstatus 0x8000000a00106080
core   0: 0x0000000080005c38 (0x00fad7bb) srlw    a5, s5, a5
core   0: 1 0x0000000080005c38 (0x00fad7bb) x15 0x00000000000000ff
core   0: 0x0000000080005c3c (0x41d45333) sra     t1, s0, t4
core   0: 1 0x0000000080005c3c (0x41d45333) x6  0x0000000000000011
core   0: 0x0000000080005c40 (0xd0377f53) fcvt.s.lu ft10, a4
core   0: 1 0x0000000080005c40 (0xd0377f53) f30 0xffffffff40000000
core   0: 0x0000000080005c44 (0x89d1809b) addiw   ra, gp, -1891
core   0: 1 0x0000000080005c44 (0x89d1809b) x1  0xfffffffffffff49d
core   0: 0x0000000080005c48 (0x4005d593) srai    a1, a1, 0
core   0: 1 0x0000000080005c48 (0x4005d593) x11 0x00000000f1572873
core   0: 0x0000000080005c4c (0xd2337453) fcvt.d.lu fs0, t1
core   0: 1 0x0000000080005c4c (0xd2337453) f8  0x4031000000000000
core   0: 0x0000000080005c50 (0x00000001) c.nop
core   0: 1 0x0000000080005c50 (0x0001)
core   0: 0x0000000080005c52 (0x00000001) c.nop
core   0: 1 0x0000000080005c52 (0x0001)
core   0: 0x0000000080005c54 (0xd2078b53) fcvt.d.w fs6, a5
core   0: 1 0x0000000080005c54 (0xd2078b53) f22 0x406fe00000000000
core   0: 0x0000000080005c58 (0x001ec393) xori    t2, t4, 1
core   0: 1 0x0000000080005c58 (0x001ec393) x7  0x0000000000000001
core   0: 0x0000000080005c5c (0x019bec33) or      s8, s7, s9
core   0: 1 0x0000000080005c5c (0x019bec33) x24 0x00000000000007ff
core   0: 0x0000000080005c60 (0x01d3d39b) srliw   t2, t2, 29
core   0: 1 0x0000000080005c60 (0x01d3d39b) x7  0x0000000000000000
core   0: 0x0000000080005c64 (0xc027f9d3) fcvt.l.s s3, fa5
core   0: 1 0x0000000080005c64 (0xc027f9d3) c1_fflags 0x000000000000001f x19 0x7fffffffffffffff
core   0: 0x0000000080005c68 (0x4aeb7f4f) fnmadd.d ft10, fs6, fa4, fs1
core   0: 1 0x0000000080005c68 (0x4aeb7f4f) f30 0x7ff8000000000000
core   0: 0x0000000080005c6c (0x01c3d09b) srliw   ra, t2, 28
core   0: 1 0x0000000080005c6c (0x01c3d09b) x1  0x0000000000000000
core   0: 0x0000000080005c70 (0x00f39eb3) sll     t4, t2, a5
core   0: 1 0x0000000080005c70 (0x00f39eb3) x29 0x0000000000000000
core   0: 0x0000000080005c74 (0xff48edb7) lui     s11, 0xff48e
core   0: 1 0x0000000080005c74 (0xff48edb7) x27 0xffffffffff48e000
core   0: 0x0000000080005c78 (0xa59d8d9b) addiw   s11, s11, -1447
core   0: 1 0x0000000080005c78 (0xa59d8d9b) x27 0xffffffffff48da59
core   0: 0x0000000080005c7c (0x00000dbe) c.slli  s11, 15
core   0: 1 0x0000000080005c7c (0x0dbe) x27 0xffffffa46d2c8000
core   0: 0x0000000080005c7e (0x86ad8d93) addi    s11, s11, -1942
core   0: 1 0x0000000080005c7e (0x86ad8d93) x27 0xffffffa46d2c786a
core   0: 0x0000000080005c82 (0x4002073b) subw    a4, tp, zero
core   0: 1 0x0000000080005c82 (0x4002073b) x14 0x000000003ff80000
core   0: 0x0000000080005c86 (0xe20b0d53) fmv.x.d s10, fs6
core   0: 1 0x0000000080005c86 (0xe20b0d53) x26 0x406fe00000000000
core   0: 0x0000000080005c8a (0xf36bf647) fmsub.d fa2, fs7, fs6, ft10
core   0: 1 0x0000000080005c8a (0xf36bf647) f12 0x7ff8000000000000
core   0: 0x0000000080005c8e (0xd2170bd3) fcvt.d.wu fs7, a4
core   0: 1 0x0000000080005c8e (0xd2170bd3) f23 0x41cffc0000000000
core   0: 0x0000000080005c92 (0x12457053) fmul.d  ft0, fa0, ft4
core   0: 1 0x0000000080005c92 (0x12457053) f0  0x7ff8000000000000
core   0: 0x0000000080005c96 (0x0016d69b) srliw   a3, a3, 1
core   0: 1 0x0000000080005c96 (0x0016d69b) x13 0x0000000000000000
core   0: 0x0000000080005c9a (0x2a4c18d3) fmax.d  fa7, fs8, ft4
core   0: 1 0x0000000080005c9a (0x2a4c18d3) f17 0xc18ffd0010000000
core   0: 0x0000000080005c9e (0x0294c733) div     a4, s1, s1
core   0: 1 0x0000000080005c9e (0x0294c733) x14 0x0000000000000001
core   0: 0x0000000080005ca2 (0x400b893b) subw    s2, s7, zero
core   0: 1 0x0000000080005ca2 (0x400b893b) x18 0x0000000000000011
core   0: 0x0000000080005ca6 (0x001b1a73) csrrw   s4, fflags, s6
core   0: 1 0x0000000080005ca6 (0x001b1a73) x20 0x000000000000001f c1_fflags 0x0000000000000000
core   0: 0x0000000080005caa (0x400c003b) subw    zero, s8, zero
core   0: 1 0x0000000080005caa (0x400c003b)
core   0: 0x0000000080005cae (0xc038f3d3) fcvt.lu.s t2, fa7
core   0: 1 0x0000000080005cae (0xc038f3d3) c1_fflags 0x0000000000000010 x7  0xffffffffffffffff
core   0: 0x0000000080005cb2 (0x4014d593) srai    a1, s1, 1
core   0: 1 0x0000000080005cb2 (0x4014d593) x11 0x0000000000000870
core   0: 0x0000000080005cb6 (0x23c800d3) fsgnj.d ft1, fa6, ft8
core   0: 1 0x0000000080005cb6 (0x23c800d3) f1  0x7ff8000000000000
core   0: 0x0000000080005cba (0x40975d9b) sraiw   s11, a4, 9
core   0: 1 0x0000000080005cba (0x40975d9b) x27 0x0000000000000000
core   0: 0x0000000080005cbe (0xd2277a53) fcvt.d.l fs4, a4
core   0: 1 0x0000000080005cbe (0xd2277a53) f20 0x3ff0000000000000
core   0: 0x0000000080005cc2 (0xc02a7a53) fcvt.l.s s4, fs4
core   0: 1 0x0000000080005cc2 (0xc02a7a53) c1_fflags 0x0000000000000010 x20 0x7fffffffffffffff
core   0: 0x0000000080005cc6 (0x40085d93) srai    s11, a6, 0
core   0: 1 0x0000000080005cc6 (0x40085d93) x27 0x0000000000000000
core   0: 0x0000000080005cca (0x002698f3) csrrw   a7, frm, a3
core   0: 1 0x0000000080005cca (0x002698f3) x17 0x0000000000000000 c2_frm 0x0000000000000000
core   0: 0x0000000080005cce (0x023d9db3) mulh    s11, s11, gp
core   0: 1 0x0000000080005cce (0x023d9db3) x27 0x0000000000000000
core   0: 0x0000000080005cd2 (0xafd0ed93) ori     s11, ra, -1283
core   0: 1 0x0000000080005cd2 (0xafd0ed93) x27 0xfffffffffffffafd
core   0: 0x0000000080005cd6 (0xe20e04d3) fmv.x.d s1, ft8
core   0: 1 0x0000000080005cd6 (0xe20e04d3) x9  0x7ff8000000000000
core   0: 0x0000000080005cda (0x00197693) andi    a3, s2, 1
core   0: 1 0x0000000080005cda (0x00197693) x13 0x0000000000000001
core   0: 0x0000000080005cde (0x00c4da93) srli    s5, s1, 12
core   0: 1 0x0000000080005cde (0x00c4da93) x21 0x0007ff8000000000
core   0: 0x0000000080005ce2 (0xd22e7cd3) fcvt.d.l fs9, t3
core   0: 1 0x0000000080005ce2 (0xd22e7cd3) f25 0xc0921c0000000000
core   0: 0x0000000080005ce6 (0x001ad61b) srliw   a2, s5, 1
core   0: 1 0x0000000080005ce6 (0x001ad61b) x12 0x0000000000000000
core   0: 0x0000000080005cea (0xc229fc53) fcvt.l.d s8, fs3
core   0: 1 0x0000000080005cea (0xc229fc53) c1_fflags 0x0000000000000010 x24 0x7fffffffffffffff
core   0: 0x0000000080005cee (0x2b8604d3) fmin.d  fs1, fa2, fs8
core   0: 1 0x0000000080005cee (0x2b8604d3) f9  0xc18ffd0010000000
core   0: 0x0000000080005cf2 (0x0114eb33) or      s6, s1, a7
core   0: 1 0x0000000080005cf2 (0x0114eb33) x22 0x7ff8000000000000
core   0: 0x0000000080005cf6 (0x009b583b) srlw    a6, s6, s1
core   0: 1 0x0000000080005cf6 (0x009b583b) x16 0x0000000000000000
core   0: 0x0000000080005cfa (0x001c063b) addw    a2, s8, ra
core   0: 1 0x0000000080005cfa (0x001c063b) x12 0xffffffffffffffff
core   0: 0x0000000080005cfe (0x00000001) c.nop
core   0: 1 0x0000000080005cfe (0x0001)
core   0: 0x0000000080005d00 (0x0019d593) srli    a1, s3, 1
core   0: 1 0x0000000080005d00 (0x0019d593) x11 0x3fffffffffffffff
core   0: 0x0000000080005d04 (0xc024f853) fcvt.l.s a6, fs1
core   0: 1 0x0000000080005d04 (0xc024f853) c1_fflags 0x0000000000000010 x16 0x7fffffffffffffff
core   0: 0x0000000080005d08 (0x030a7fd3) fadd.d  ft11, fs4, fa6
core   0: 1 0x0000000080005d08 (0x030a7fd3) f31 0x7ff8000000000000
core   0: 0x0000000080005d0c (0x015d843b) addw    s0, s11, s5
core   0: 1 0x0000000080005d0c (0x015d843b) x8  0xfffffffffffffafd
core   0: 0x0000000080005d10 (0x00000001) c.nop
core   0: 1 0x0000000080005d10 (0x0001)
core   0: 0x0000000080005d12 (0xc03ffed3) fcvt.lu.s t4, ft11
core   0: 1 0x0000000080005d12 (0xc03ffed3) c1_fflags 0x0000000000000010 x29 0xffffffffffffffff
core   0: 0x0000000080005d16 (0xd20c8cd3) fcvt.d.w fs9, s9
core   0: 1 0x0000000080005d16 (0xd20c8cd3) f25 0x409ffc0000000000
core   0: 0x0000000080005d1a (0x67010b37) lui     s6, 0x67010
core   0: 1 0x0000000080005d1a (0x67010b37) x22 0x0000000067010000
core   0: 0x0000000080005d1e (0x2a739c53) fmax.d  fs8, ft7, ft7
core   0: 1 0x0000000080005d1e (0x2a739c53) f24 0x41f0000000000000
core   0: 0x0000000080005d22 (0x028b0d33) mul     s10, s6, s0
core   0: 1 0x0000000080005d22 (0x028b0d33) x26 0xfffffdfbc5fd0000
core   0: 0x0000000080005d26 (0x22a27243) fmadd.d ft4, ft4, fa0, ft4
core   0: 1 0x0000000080005d26 (0x22a27243) f4  0x7ff8000000000000
core   0: 0x0000000080005d2a (0x0344c7b3) div     a5, s1, s4
core   0: 1 0x0000000080005d2a (0x0344c7b3) x15 0x0000000000000000
core   0: 0x0000000080005d2e (0x2ad21cd3) fmax.d  fs9, ft4, fa3
core   0: 1 0x0000000080005d2e (0x2ad21cd3) f25 0x7ff8000000000000
core   0: 0x0000000080005d32 (0x00fbc1b3) xor     gp, s7, a5
core   0: 1 0x0000000080005d32 (0x00fbc1b3) x3  0x0000000000000011
core   0: 0x0000000080005d36 (0x00319c33) sll     s8, gp, gp
core   0: 1 0x0000000080005d36 (0x00319c33) x24 0x0000000000220000
core   0: 0x0000000080005d3a (0x44756193) ori     gp, a0, 1095
core   0: 1 0x0000000080005d3a (0x44756193) x3  0x0000000000000447
core   0: 0x0000000080005d3e (0x7a487f4f) fnmadd.d ft10, fa6, ft4, fa5
core   0: 1 0x0000000080005d3e (0x7a487f4f) f30 0x7ff8000000000000
core   0: 0x0000000080005d42 (0x00000001) c.nop
core   0: 1 0x0000000080005d42 (0x0001)
core   0: 0x0000000080005d44 (0xf20183d3) fmv.d.x ft7, gp
core   0: 1 0x0000000080005d44 (0xf20183d3) f7  0x0000000000000447
core   0: 0x0000000080005d48 (0x02271333) mulh    t1, a4, sp
core   0: 1 0x0000000080005d48 (0x02271333) x6  0x0000000000000000
core   0: 0x0000000080005d4c (0x21a26113) ori     sp, tp, 538
core   0: 1 0x0000000080005d4c (0x21a26113) x2  0x000000003ff8021a
core   0: 0x0000000080005d50 (0x043752b7) lui     t0, 0x4375
core   0: 1 0x0000000080005d50 (0x043752b7) x5  0x0000000004375000
core   0: 0x0000000080005d54 (0xcc52829b) addiw   t0, t0, -827
core   0: 1 0x0000000080005d54 (0xcc52829b) x5  0x0000000004374cc5
core   0: 0x0000000080005d58 (0x000002b2) c.slli  t0, 12
core   0: 1 0x0000000080005d58 (0x02b2) x5  0x0000004374cc5000
core   0: 0x0000000080005d5a (0x3a628293) addi    t0, t0, 934
core   0: 1 0x0000000080005d5a (0x3a628293) x5  0x0000004374cc53a6
core   0: 0x0000000080005d5e (0x1b02f2d3) fdiv.d  ft5, ft5, fa6
core   0: 1 0x0000000080005d5e (0x1b02f2d3) f5  0x7ff8000000000000
core   0: 0x0000000080005d62 (0xe2098753) fmv.x.d a4, fs3
core   0: 1 0x0000000080005d62 (0xe2098753) x14 0xfff8000000000000
core   0: 0x0000000080005d66 (0xe20807d3) fmv.x.d a5, fa6
core   0: 1 0x0000000080005d66 (0xe20807d3) x15 0x7ff8000000000000
core   0: 0x0000000080005d6a (0x00000001) c.nop
core   0: 1 0x0000000080005d6a (0x0001)
core   0: 0x0000000080005d6c (0x001b9af3) csrrw   s5, fflags, s7
core   0: 1 0x0000000080005d6c (0x001b9af3) x21 0x0000000000000010 c1_fflags 0x0000000000000011
core   0: 0x0000000080005d70 (0x5be9f5cf) fnmadd.d fa1, fs3, ft10, fa1
core   0: 1 0x0000000080005d70 (0x5be9f5cf) f11 0x7ff8000000000000
core   0: 0x0000000080005d74 (0x41725533) sra     a0, tp, s7
core   0: 1 0x0000000080005d74 (0x41725533) x10 0x0000000000001ffc
core   0: 0x0000000080005d78 (0xd2050653) fcvt.d.w fa2, a0
core   0: 1 0x0000000080005d78 (0xd2050653) f12 0x40bffc0000000000
core   0: 0x0000000080005d7c (0x40f7d3b3) sra     t2, a5, a5
core   0: 1 0x0000000080005d7c (0x40f7d3b3) x7  0x7ff8000000000000
core   0: 0x0000000080005d80 (0x0031959b) slliw   a1, gp, 3
core   0: 1 0x0000000080005d80 (0x0031959b) x11 0x0000000000002238
core   0: 0x0000000080005d84 (0x01537333) and     t1, t1, s5
core   0: 1 0x0000000080005d84 (0x01537333) x6  0x0000000000000000
core   0: 0x0000000080005d88 (0xda433d17) auipc   s10, 0xda433
core   0: 1 0x0000000080005d88 (0xda433d17) x26 0x000000005a438d88
core   0: 0x0000000080005d8c (0x62b170cb) fnmsub.d ft1, ft2, fa1, fa2
core   0: 1 0x0000000080005d8c (0x62b170cb) f1  0x7ff8000000000000
core   0: 0x0000000080005d90 (0x41a10abb) subw    s5, sp, s10
core   0: 1 0x0000000080005d90 (0x41a10abb) x21 0xffffffffe5b47492
core   0: 0x0000000080005d94 (0x5a0273d3) fsqrt.d ft7, ft4
core   0: 1 0x0000000080005d94 (0x5a0273d3) f7  0x7ff8000000000000
core   0: 0x0000000080005d98 (0x2aa28b53) fmin.d  fs6, ft5, fa0
core   0: 1 0x0000000080005d98 (0x2aa28b53) f22 0x7ff8000000000000
core   0: 0x0000000080005d9c (0x7b00d0f3) csrrwi  ra, dcsr, 1
core   0: exception trap_illegal_instruction, epc 0x0000000080005d9c
core   0:           tval 0x000000007b00d0f3
core   0: >>>>  $xrv64i2p1_m2p0_a2p1_f2p2_d2p2_zicsr2p0_zifencei2p0_zmmul1p0_zba1p0_zbb1p0_zbc1p0_zbs1p0
core   0: 0x0000000080004000 (0x0080006f) j       pc + 0x8
core   0: 3 0x0000000080004000 (0x0080006f)
core   0: >>>>  mmode_exception_handler
core   0: 0x0000000080004008 (0x00002c17) auipc   s8, 0x2
core   0: 3 0x0000000080004008 (0x00002c17) x24 0x0000000080006008
core   0: 0x000000008000400c (0x094c0c13) addi    s8, s8, 148
core   0: 3 0x000000008000400c (0x094c0c13) x24 0x000000008000609c
core   0: 0x0000000080004010 (0x000c00e7) jalr    s8
core   0: 3 0x0000000080004010 (0x000c00e7) x1  0x0000000080004014
core   0: >>>>  any_handler
core   0: 0x000000008000609c (0x341027f3) csrrs   a5, mepc, zero
core   0: 3 0x000000008000609c (0x341027f3) x15 0x0000000080005d9c
core   0: 0x00000000800060a0 (0x34202773) csrrs   a4, mcause, zero
core   0: 3 0x00000000800060a0 (0x34202773) x14 0x0000000000000002
core   0: 0x00000000800060a4 (0x142026f3) csrrs   a3, scause, zero
core   0: 3 0x00000000800060a4 (0x142026f3) x13 0x0000000000000000
core   0: 0x00000000800060a8 (0x30402673) csrrs   a2, mie, zero
core   0: 3 0x00000000800060a8 (0x30402673) x12 0x0000000000000a00
core   0: 0x00000000800060ac (0x344025f3) csrrs   a1, mip, zero
core   0: 3 0x00000000800060ac (0x344025f3) x11 0x0000000000000080
core   0: 0x00000000800060b0 (0x343025f3) csrrs   a1, mtval, zero
core   0: 3 0x00000000800060b0 (0x343025f3) x11 0x000000007b00d0f3
core   0: 0x00000000800060b4 (0x14302573) csrrs   a0, stval, zero
core   0: 3 0x00000000800060b4 (0x14302573) x10 0x0000000000000000
core   0: 0x00000000800060b8 (0xb02024f3) csrrs   s1, minstret, zero
core   0: 3 0x00000000800060b8 (0xb02024f3) x9  0x000000000000114d
core   0: 0x00000000800060bc (0x0000a811) c.j     pc + 20
core   0: 3 0x00000000800060bc (0xa811)
core   0: >>>>  mepc_4
core   0: 0x00000000800060d0 (0x00000791) c.addi  a5, 4
core   0: 3 0x00000000800060d0 (0x0791) x15 0x0000000080005da0
core   0: 0x00000000800060d2 (0x34179073) csrrw   zero, mepc, a5
core   0: 3 0x00000000800060d2 (0x34179073) c833_mepc 0x0000000080005da0
core   0: 0x00000000800060d6 (0x30200073) mret
core   0: 3 0x00000000800060d6 (0x30200073) c768_mstatus 0x8000000a00106080
core   0: 0x0000000080005da0 (0x41c109bb) subw    s3, sp, t3
core   0: 1 0x0000000080005da0 (0x41c109bb) x19 0x000000003ff806a1
core   0: 0x0000000080005da4 (0xd20e0053) fcvt.d.w ft0, t3
core   0: 1 0x0000000080005da4 (0xd20e0053) f0  0xc0921c0000000000
core   0: 0x0000000080005da8 (0x22091953) fsgnjn.d fs2, fs2, ft0
core   0: 1 0x0000000080005da8 (0x22091953) f18 0x418ffd0010000000
core   0: 0x0000000080005dac (0xd20e04d3) fcvt.d.w fs1, t3
core   0: 1 0x0000000080005dac (0xd20e04d3) f9  0xc0921c0000000000
core   0: 0x0000000080005db0 (0xfff0c013) not     zero, ra
core   0: 1 0x0000000080005db0 (0xfff0c013)
core   0: 0x0000000080005db4 (0xa08e0793) addi    a5, t3, -1528
core   0: 1 0x0000000080005db4 (0xa08e0793) x15 0xfffffffffffff581
core   0: 0x0000000080005db8 (0x02e3873b) mulw    a4, t2, a4
core   0: 1 0x0000000080005db8 (0x02e3873b) x14 0x0000000000000000
core   0: 0x0000000080005dbc (0x31a05cf3) csrrwi  s9, menvcfgh, 0
core   0: exception trap_illegal_instruction, epc 0x0000000080005dbc
core   0:           tval 0x0000000031a05cf3
core   0: >>>>  $xrv64i2p1_m2p0_a2p1_f2p2_d2p2_zicsr2p0_zifencei2p0_zmmul1p0_zba1p0_zbb1p0_zbc1p0_zbs1p0
core   0: 0x0000000080004000 (0x0080006f) j       pc + 0x8
core   0: 3 0x0000000080004000 (0x0080006f)
core   0: >>>>  mmode_exception_handler
core   0: 0x0000000080004008 (0x00002c17) auipc   s8, 0x2
core   0: 3 0x0000000080004008 (0x00002c17) x24 0x0000000080006008
core   0: 0x000000008000400c (0x094c0c13) addi    s8, s8, 148
core   0: 3 0x000000008000400c (0x094c0c13) x24 0x000000008000609c
core   0: 0x0000000080004010 (0x000c00e7) jalr    s8
core   0: 3 0x0000000080004010 (0x000c00e7) x1  0x0000000080004014
core   0: >>>>  any_handler
core   0: 0x000000008000609c (0x341027f3) csrrs   a5, mepc, zero
core   0: 3 0x000000008000609c (0x341027f3) x15 0x0000000080005dbc
core   0: 0x00000000800060a0 (0x34202773) csrrs   a4, mcause, zero
core   0: 3 0x00000000800060a0 (0x34202773) x14 0x0000000000000002
core   0: 0x00000000800060a4 (0x142026f3) csrrs   a3, scause, zero
core   0: 3 0x00000000800060a4 (0x142026f3) x13 0x0000000000000000
core   0: 0x00000000800060a8 (0x30402673) csrrs   a2, mie, zero
core   0: 3 0x00000000800060a8 (0x30402673) x12 0x0000000000000a00
core   0: 0x00000000800060ac (0x344025f3) csrrs   a1, mip, zero
core   0: 3 0x00000000800060ac (0x344025f3) x11 0x0000000000000080
core   0: 0x00000000800060b0 (0x343025f3) csrrs   a1, mtval, zero
core   0: 3 0x00000000800060b0 (0x343025f3) x11 0x0000000031a05cf3
core   0: 0x00000000800060b4 (0x14302573) csrrs   a0, stval, zero
core   0: 3 0x00000000800060b4 (0x14302573) x10 0x0000000000000000
core   0: 0x00000000800060b8 (0xb02024f3) csrrs   s1, minstret, zero
core   0: 3 0x00000000800060b8 (0xb02024f3) x9  0x0000000000001164
core   0: 0x00000000800060bc (0x0000a811) c.j     pc + 20
core   0: 3 0x00000000800060bc (0xa811)
core   0: >>>>  mepc_4
core   0: 0x00000000800060d0 (0x00000791) c.addi  a5, 4
core   0: 3 0x00000000800060d0 (0x0791) x15 0x0000000080005dc0
core   0: 0x00000000800060d2 (0x34179073) csrrw   zero, mepc, a5
core   0: 3 0x00000000800060d2 (0x34179073) c833_mepc 0x0000000080005dc0
core   0: 0x00000000800060d6 (0x30200073) mret
core   0: 3 0x00000000800060d6 (0x30200073) c768_mstatus 0x8000000a00106080
core   0: 0x0000000080005dc0 (0x800d0d1b) addiw   s10, s10, -2048
core   0: 1 0x0000000080005dc0 (0x800d0d1b) x26 0x000000005a438588
core   0: 0x0000000080005dc4 (0x416b8b3b) subw    s6, s7, s6
core   0: 1 0x0000000080005dc4 (0x416b8b3b) x22 0xffffffff98ff0011
core   0: 0x0000000080005dc8 (0x02ca1433) mulh    s0, s4, a2
core   0: 1 0x0000000080005dc8 (0x02ca1433) x8  0x00000000000004ff
core   0: 0x0000000080005dcc (0x00000001) c.nop
core   0: 1 0x0000000080005dcc (0x0001)
core   0: 0x0000000080005dce (0x74711673) csrrw   a2, mseccfg, sp
core   0: exception trap_illegal_instruction, epc 0x0000000080005dce
core   0:           tval 0x0000000074711673
core   0: >>>>  $xrv64i2p1_m2p0_a2p1_f2p2_d2p2_zicsr2p0_zifencei2p0_zmmul1p0_zba1p0_zbb1p0_zbc1p0_zbs1p0
core   0: 0x0000000080004000 (0x0080006f) j       pc + 0x8
core   0: 3 0x0000000080004000 (0x0080006f)
core   0: >>>>  mmode_exception_handler
core   0: 0x0000000080004008 (0x00002c17) auipc   s8, 0x2
core   0: 3 0x0000000080004008 (0x00002c17) x24 0x0000000080006008
core   0: 0x000000008000400c (0x094c0c13) addi    s8, s8, 148
core   0: 3 0x000000008000400c (0x094c0c13) x24 0x000000008000609c
core   0: 0x0000000080004010 (0x000c00e7) jalr    s8
core   0: 3 0x0000000080004010 (0x000c00e7) x1  0x0000000080004014
core   0: >>>>  any_handler
core   0: 0x000000008000609c (0x341027f3) csrrs   a5, mepc, zero
core   0: 3 0x000000008000609c (0x341027f3) x15 0x0000000080005dce
core   0: 0x00000000800060a0 (0x34202773) csrrs   a4, mcause, zero
core   0: 3 0x00000000800060a0 (0x34202773) x14 0x0000000000000002
core   0: 0x00000000800060a4 (0x142026f3) csrrs   a3, scause, zero
core   0: 3 0x00000000800060a4 (0x142026f3) x13 0x0000000000000000
core   0: 0x00000000800060a8 (0x30402673) csrrs   a2, mie, zero
core   0: 3 0x00000000800060a8 (0x30402673) x12 0x0000000000000a00
core   0: 0x00000000800060ac (0x344025f3) csrrs   a1, mip, zero
core   0: 3 0x00000000800060ac (0x344025f3) x11 0x0000000000000080
core   0: 0x00000000800060b0 (0x343025f3) csrrs   a1, mtval, zero
core   0: 3 0x00000000800060b0 (0x343025f3) x11 0x0000000074711673
core   0: 0x00000000800060b4 (0x14302573) csrrs   a0, stval, zero
core   0: 3 0x00000000800060b4 (0x14302573) x10 0x0000000000000000
core   0: 0x00000000800060b8 (0xb02024f3) csrrs   s1, minstret, zero
core   0: 3 0x00000000800060b8 (0xb02024f3) x9  0x0000000000001178
core   0: 0x00000000800060bc (0x0000a811) c.j     pc + 20
core   0: 3 0x00000000800060bc (0xa811)
core   0: >>>>  mepc_4
core   0: 0x00000000800060d0 (0x00000791) c.addi  a5, 4
core   0: 3 0x00000000800060d0 (0x0791) x15 0x0000000080005dd2
core   0: 0x00000000800060d2 (0x34179073) csrrw   zero, mepc, a5
core   0: 3 0x00000000800060d2 (0x34179073) c833_mepc 0x0000000080005dd2
core   0: 0x00000000800060d6 (0x30200073) mret
core   0: 3 0x00000000800060d6 (0x30200073) c768_mstatus 0x8000000a00106080
core   0: 0x0000000080005dd2 (0x8307f843) fmadd.d fa6, fa5, fa6, fa6
core   0: 1 0x0000000080005dd2 (0x8307f843) f16 0x7ff8000000000000
core   0: 0x0000000080005dd6 (0x401377d3) fcvt.s.d fa5, ft6
core   0: 1 0x0000000080005dd6 (0x401377d3) c1_fflags 0x0000000000000011 f15 0xffffffffcc7fe800
core   0: 0x0000000080005dda (0x00049a9b) slliw   s5, s1, 0
core   0: 1 0x0000000080005dda (0x00049a9b) x21 0x0000000000001178
core   0: 0x0000000080005dde (0x40215eb3) sra     t4, sp, sp
core   0: 1 0x0000000080005dde (0x40215eb3) x29 0x000000000000000f
core   0: 0x0000000080005de2 (0x0ff0000f) fence   iorw,iorw
core   0: 1 0x0000000080005de2 (0x0ff0000f)
core   0: 0x0000000080005de6 (0x015a97bb) sllw    a5, s5, s5
core   0: 1 0x0000000080005de6 (0x015a97bb) x15 0x0000000078000000
core   0: 0x0000000080005dea (0x2a8d72cf) fnmadd.d ft5, fs10, fs0, ft5
core   0: 1 0x0000000080005dea (0x2a8d72cf) f5  0x7ff8000000000000
core   0: 0x0000000080005dee (0x0302c7bb) divw    a5, t0, a6
core   0: 1 0x0000000080005dee (0x0302c7bb) x15 0xffffffff8b33ac5a
core   0: 0x0000000080005df2 (0x023d7b53) fadd.d  fs6, fs10, ft3
core   0: 1 0x0000000080005df2 (0x023d7b53) f22 0x7ff8000000000000
core   0: 0x0000000080005df6 (0x002a1473) csrrw   s0, frm, s4
core   0: 1 0x0000000080005df6 (0x002a1473) x8  0x0000000000000000 c2_frm 0x0000000000000007
core   0: 0x0000000080005dfa (0x03a9cd3b) divw    s10, s3, s10
core   0: 1 0x0000000080005dfa (0x03a9cd3b) x26 0x0000000000000000
core   0: 0x0000000080005dfe (0x0b5d7d53) fsub.d  fs10, fs10, fs5
core   0: exception trap_illegal_instruction, epc 0x0000000080005dfe
core   0:           tval 0x000000000b5d7d53
core   0: >>>>  $xrv64i2p1_m2p0_a2p1_f2p2_d2p2_zicsr2p0_zifencei2p0_zmmul1p0_zba1p0_zbb1p0_zbc1p0_zbs1p0
core   0: 0x0000000080004000 (0x0080006f) j       pc + 0x8
core   0: 3 0x0000000080004000 (0x0080006f)
core   0: >>>>  mmode_exception_handler
core   0: 0x0000000080004008 (0x00002c17) auipc   s8, 0x2
core   0: 3 0x0000000080004008 (0x00002c17) x24 0x0000000080006008
core   0: 0x000000008000400c (0x094c0c13) addi    s8, s8, 148
core   0: 3 0x000000008000400c (0x094c0c13) x24 0x000000008000609c
core   0: 0x0000000080004010 (0x000c00e7) jalr    s8
core   0: 3 0x0000000080004010 (0x000c00e7) x1  0x0000000080004014
core   0: >>>>  any_handler
core   0: 0x000000008000609c (0x341027f3) csrrs   a5, mepc, zero
core   0: 3 0x000000008000609c (0x341027f3) x15 0x0000000080005dfe
core   0: 0x00000000800060a0 (0x34202773) csrrs   a4, mcause, zero
core   0: 3 0x00000000800060a0 (0x34202773) x14 0x0000000000000002
core   0: 0x00000000800060a4 (0x142026f3) csrrs   a3, scause, zero
core   0: 3 0x00000000800060a4 (0x142026f3) x13 0x0000000000000000
core   0: 0x00000000800060a8 (0x30402673) csrrs   a2, mie, zero
core   0: 3 0x00000000800060a8 (0x30402673) x12 0x0000000000000a00
core   0: 0x00000000800060ac (0x344025f3) csrrs   a1, mip, zero
core   0: 3 0x00000000800060ac (0x344025f3) x11 0x0000000000000080
core   0: 0x00000000800060b0 (0x343025f3) csrrs   a1, mtval, zero
core   0: 3 0x00000000800060b0 (0x343025f3) x11 0x000000000b5d7d53
core   0: 0x00000000800060b4 (0x14302573) csrrs   a0, stval, zero
core   0: 3 0x00000000800060b4 (0x14302573) x10 0x0000000000000000
core   0: 0x00000000800060b8 (0xb02024f3) csrrs   s1, minstret, zero
core   0: 3 0x00000000800060b8 (0xb02024f3) x9  0x0000000000001193
core   0: 0x00000000800060bc (0x0000a811) c.j     pc + 20
core   0: 3 0x00000000800060bc (0xa811)
core   0: >>>>  mepc_4
core   0: 0x00000000800060d0 (0x00000791) c.addi  a5, 4
core   0: 3 0x00000000800060d0 (0x0791) x15 0x0000000080005e02
core   0: 0x00000000800060d2 (0x34179073) csrrw   zero, mepc, a5
core   0: 3 0x00000000800060d2 (0x34179073) c833_mepc 0x0000000080005e02
core   0: 0x00000000800060d6 (0x30200073) mret
core   0: 3 0x00000000800060d6 (0x30200073) c768_mstatus 0x8000000a00106080
core   0: 0x0000000080005e02 (0x40b20cb3) sub     s9, tp, a1
core   0: 1 0x0000000080005e02 (0x40b20cb3) x25 0x00000000349a82ad
core   0: 0x0000000080005e06 (0xc02174d3) fcvt.l.s s1, ft2
core   0: exception trap_illegal_instruction, epc 0x0000000080005e06
core   0:           tval 0x00000000c02174d3
core   0: >>>>  $xrv64i2p1_m2p0_a2p1_f2p2_d2p2_zicsr2p0_zifencei2p0_zmmul1p0_zba1p0_zbb1p0_zbc1p0_zbs1p0
core   0: 0x0000000080004000 (0x0080006f) j       pc + 0x8
core   0: 3 0x0000000080004000 (0x0080006f)
core   0: >>>>  mmode_exception_handler
core   0: 0x0000000080004008 (0x00002c17) auipc   s8, 0x2
core   0: 3 0x0000000080004008 (0x00002c17) x24 0x0000000080006008
core   0: 0x000000008000400c (0x094c0c13) addi    s8, s8, 148
core   0: 3 0x000000008000400c (0x094c0c13) x24 0x000000008000609c
core   0: 0x0000000080004010 (0x000c00e7) jalr    s8
core   0: 3 0x0000000080004010 (0x000c00e7) x1  0x0000000080004014
core   0: >>>>  any_handler
core   0: 0x000000008000609c (0x341027f3) csrrs   a5, mepc, zero
core   0: 3 0x000000008000609c (0x341027f3) x15 0x0000000080005e06
core   0: 0x00000000800060a0 (0x34202773) csrrs   a4, mcause, zero
core   0: 3 0x00000000800060a0 (0x34202773) x14 0x0000000000000002
core   0: 0x00000000800060a4 (0x142026f3) csrrs   a3, scause, zero
core   0: 3 0x00000000800060a4 (0x142026f3) x13 0x0000000000000000
core   0: 0x00000000800060a8 (0x30402673) csrrs   a2, mie, zero
core   0: 3 0x00000000800060a8 (0x30402673) x12 0x0000000000000a00
core   0: 0x00000000800060ac (0x344025f3) csrrs   a1, mip, zero
core   0: 3 0x00000000800060ac (0x344025f3) x11 0x0000000000000080
core   0: 0x00000000800060b0 (0x343025f3) csrrs   a1, mtval, zero
core   0: 3 0x00000000800060b0 (0x343025f3) x11 0x00000000c02174d3
core   0: 0x00000000800060b4 (0x14302573) csrrs   a0, stval, zero
core   0: 3 0x00000000800060b4 (0x14302573) x10 0x0000000000000000
core   0: 0x00000000800060b8 (0xb02024f3) csrrs   s1, minstret, zero
core   0: 3 0x00000000800060b8 (0xb02024f3) x9  0x00000000000011a4
core   0: 0x00000000800060bc (0x0000a811) c.j     pc + 20
core   0: 3 0x00000000800060bc (0xa811)
core   0: >>>>  mepc_4
core   0: 0x00000000800060d0 (0x00000791) c.addi  a5, 4
core   0: 3 0x00000000800060d0 (0x0791) x15 0x0000000080005e0a
core   0: 0x00000000800060d2 (0x34179073) csrrw   zero, mepc, a5
core   0: 3 0x00000000800060d2 (0x34179073) c833_mepc 0x0000000080005e0a
core   0: 0x00000000800060d6 (0x30200073) mret
core   0: 3 0x00000000800060d6 (0x30200073) c768_mstatus 0x8000000a00106080
core   0: 0x0000000080005e0a (0x00008772) c.mv    a4, t3
core   0: 1 0x0000000080005e0a (0x8772) x14 0xfffffffffffffb79
core   0: 0x0000000080005e0c (0x025939b3) mulhu   s3, s2, t0
core   0: 1 0x0000000080005e0c (0x025939b3) x19 0x0000000000000000
core   0: 0x0000000080005e10 (0x01ce4e33) xor     t3, t3, t3
core   0: 1 0x0000000080005e10 (0x01ce4e33) x28 0x0000000000000000
core   0: 0x0000000080005e14 (0x0ff0000f) fence   iorw,iorw
core   0: 1 0x0000000080005e14 (0x0ff0000f)
core   0: 0x0000000080005e18 (0x03c6e4b3) rem     s1, a3, t3
core   0: 1 0x0000000080005e18 (0x03c6e4b3) x9  0x0000000000000000
core   0: 0x0000000080005e1c (0x0125d893) srli    a7, a1, 18
core   0: 1 0x0000000080005e1c (0x0125d893) x17 0x0000000000003008
core   0: 0x0000000080005e20 (0xe89e0e13) addi    t3, t3, -375
core   0: 1 0x0000000080005e20 (0xe89e0e13) x28 0xfffffffffffffe89
core   0: 0x0000000080005e24 (0x00000001) c.nop
core   0: 1 0x0000000080005e24 (0x0001)
core   0: 0x0000000080005e26 (0x001021f3) csrrs   gp, fflags, zero
core   0: 1 0x0000000080005e26 (0x001021f3) x3  0x0000000000000011
core   0: 0x0000000080005e2a (0x00291c73) csrrw   s8, frm, s2
core   0: 1 0x0000000080005e2a (0x00291c73) x24 0x0000000000000007 c2_frm 0x0000000000000001
core   0: 0x0000000080005e2e (0x026bcbbb) divw    s7, s7, t1
core   0: 1 0x0000000080005e2e (0x026bcbbb) x23 0xffffffffffffffff
core   0: 0x0000000080005e32 (0x3031aaf3) csrrs   s5, mideleg, gp
core   0: exception trap_illegal_instruction, epc 0x0000000080005e32
core   0:           tval 0x000000003031aaf3
core   0: >>>>  $xrv64i2p1_m2p0_a2p1_f2p2_d2p2_zicsr2p0_zifencei2p0_zmmul1p0_zba1p0_zbb1p0_zbc1p0_zbs1p0
core   0: 0x0000000080004000 (0x0080006f) j       pc + 0x8
core   0: 3 0x0000000080004000 (0x0080006f)
core   0: >>>>  mmode_exception_handler
core   0: 0x0000000080004008 (0x00002c17) auipc   s8, 0x2
core   0: 3 0x0000000080004008 (0x00002c17) x24 0x0000000080006008
core   0: 0x000000008000400c (0x094c0c13) addi    s8, s8, 148
core   0: 3 0x000000008000400c (0x094c0c13) x24 0x000000008000609c
core   0: 0x0000000080004010 (0x000c00e7) jalr    s8
core   0: 3 0x0000000080004010 (0x000c00e7) x1  0x0000000080004014
core   0: >>>>  any_handler
core   0: 0x000000008000609c (0x341027f3) csrrs   a5, mepc, zero
core   0: 3 0x000000008000609c (0x341027f3) x15 0x0000000080005e32
core   0: 0x00000000800060a0 (0x34202773) csrrs   a4, mcause, zero
core   0: 3 0x00000000800060a0 (0x34202773) x14 0x0000000000000002
core   0: 0x00000000800060a4 (0x142026f3) csrrs   a3, scause, zero
core   0: 3 0x00000000800060a4 (0x142026f3) x13 0x0000000000000000
core   0: 0x00000000800060a8 (0x30402673) csrrs   a2, mie, zero
core   0: 3 0x00000000800060a8 (0x30402673) x12 0x0000000000000a00
core   0: 0x00000000800060ac (0x344025f3) csrrs   a1, mip, zero
core   0: 3 0x00000000800060ac (0x344025f3) x11 0x0000000000000080
core   0: 0x00000000800060b0 (0x343025f3) csrrs   a1, mtval, zero
core   0: 3 0x00000000800060b0 (0x343025f3) x11 0x000000003031aaf3
core   0: 0x00000000800060b4 (0x14302573) csrrs   a0, stval, zero
core   0: 3 0x00000000800060b4 (0x14302573) x10 0x0000000000000000
core   0: 0x00000000800060b8 (0xb02024f3) csrrs   s1, minstret, zero
core   0: 3 0x00000000800060b8 (0xb02024f3) x9  0x00000000000011bf
core   0: 0x00000000800060bc (0x0000a811) c.j     pc + 20
core   0: 3 0x00000000800060bc (0xa811)
core   0: >>>>  mepc_4
core   0: 0x00000000800060d0 (0x00000791) c.addi  a5, 4
core   0: 3 0x00000000800060d0 (0x0791) x15 0x0000000080005e36
core   0: 0x00000000800060d2 (0x34179073) csrrw   zero, mepc, a5
core   0: 3 0x00000000800060d2 (0x34179073) c833_mepc 0x0000000080005e36
core   0: 0x00000000800060d6 (0x30200073) mret
core   0: 3 0x00000000800060d6 (0x30200073) c768_mstatus 0x8000000a00106080
core   0: 0x0000000080005e36 (0x01a9e3b3) or      t2, s3, s10
core   0: 1 0x0000000080005e36 (0x01a9e3b3) x7  0x0000000000000000
core   0: 0x0000000080005e3a (0x0359b533) mulhu   a0, s3, s5
core   0: 1 0x0000000080005e3a (0x0359b533) x10 0x0000000000000000
core   0: 0x0000000080005e3e (0x01d50abb) addw    s5, a0, t4
core   0: 1 0x0000000080005e3e (0x01d50abb) x21 0x000000000000000f
core   0: 0x0000000080005e42 (0x01ee8b93) addi    s7, t4, 30
core   0: 1 0x0000000080005e42 (0x01ee8b93) x23 0x000000000000002d
core   0: 0x0000000080005e46 (0x0000871b) sext.w  a4, ra
core   0: 1 0x0000000080005e46 (0x0000871b) x14 0xffffffff80004014
core   0: 0x0000000080005e4a (0x000250b3) srl     ra, tp, zero
core   0: 1 0x0000000080005e4a (0x000250b3) x1  0x000000003ff80000
core   0: 0x0000000080005e4e (0x1a5d77d3) fdiv.d  fa5, fs10, ft5
core   0: 1 0x0000000080005e4e (0x1a5d77d3) f15 0x7ff8000000000000
core   0: 0x0000000080005e52 (0x0004089b) sext.w  a7, s0
core   0: 1 0x0000000080005e52 (0x0004089b) x17 0x0000000000000000
core   0: 0x0000000080005e56 (0xfffdce13) not     t3, s11
core   0: 1 0x0000000080005e56 (0xfffdce13) x28 0x0000000000000502
core   0: 0x0000000080005e5a (0x23a80253) fsgnj.d ft4, fa6, fs10
core   0: 1 0x0000000080005e5a (0x23a80253) f4  0xfff8000000000000
core   0: 0x0000000080005e5e (0x7ffe031b) addiw   t1, t3, 2047
core   0: 1 0x0000000080005e5e (0x7ffe031b) x6  0x0000000000000d01
core   0: 0x0000000080005e62 (0x03f41013) slli    zero, s0, 63
core   0: 1 0x0000000080005e62 (0x03f41013)
core   0: 0x0000000080005e66 (0x5a007153) fsqrt.d ft2, ft0
core   0: 1 0x0000000080005e66 (0x5a007153) c1_fflags 0x0000000000000011 f2  0x7ff8000000000000
core   0: 0x0000000080005e6a (0x2a050853) fmin.d  fa6, fa0, ft0
core   0: 1 0x0000000080005e6a (0x2a050853) f16 0xc0921c0000000000
core   0: 0x0000000080005e6e (0x00000001) c.nop
core   0: 1 0x0000000080005e6e (0x0001)
core   0: 0x0000000080005e70 (0x23ef0e53) fsgnj.d ft8, ft10, ft10
core   0: 1 0x0000000080005e70 (0x23ef0e53) f28 0x7ff8000000000000
core   0: 0x0000000080005e74 (0x00009e9b) slliw   t4, ra, 0
core   0: 1 0x0000000080005e74 (0x00009e9b) x29 0x000000003ff80000
core   0: 0x0000000080005e78 (0x415ed39b) sraiw   t2, t4, 21
core   0: 1 0x0000000080005e78 (0x415ed39b) x7  0x00000000000001ff
core   0: 0x0000000080005e7c (0x03a3843b) mulw    s0, t2, s10
core   0: 1 0x0000000080005e7c (0x03a3843b) x8  0x0000000000000000
core   0: 0x0000000080005e80 (0x001d4d93) xori    s11, s10, 1
core   0: 1 0x0000000080005e80 (0x001d4d93) x27 0x0000000000000001
core   0: 0x0000000080005e84 (0xd23efe53) fcvt.d.lu ft8, t4
core   0: 1 0x0000000080005e84 (0xd23efe53) f28 0x41cffc0000000000
core   0: 0x0000000080005e88 (0x0076d23b) srlw    tp, a3, t2
core   0: 1 0x0000000080005e88 (0x0076d23b) x4  0x0000000000000000
core   0: 0x0000000080005e8c (0x3235dc73) csrrwi  s8, mhpmevent3, 11
core   0: exception trap_illegal_instruction, epc 0x0000000080005e8c
core   0:           tval 0x000000003235dc73
core   0: >>>>  $xrv64i2p1_m2p0_a2p1_f2p2_d2p2_zicsr2p0_zifencei2p0_zmmul1p0_zba1p0_zbb1p0_zbc1p0_zbs1p0
core   0: 0x0000000080004000 (0x0080006f) j       pc + 0x8
core   0: 3 0x0000000080004000 (0x0080006f)
core   0: >>>>  mmode_exception_handler
core   0: 0x0000000080004008 (0x00002c17) auipc   s8, 0x2
core   0: 3 0x0000000080004008 (0x00002c17) x24 0x0000000080006008
core   0: 0x000000008000400c (0x094c0c13) addi    s8, s8, 148
core   0: 3 0x000000008000400c (0x094c0c13) x24 0x000000008000609c
core   0: 0x0000000080004010 (0x000c00e7) jalr    s8
core   0: 3 0x0000000080004010 (0x000c00e7) x1  0x0000000080004014
core   0: >>>>  any_handler
core   0: 0x000000008000609c (0x341027f3) csrrs   a5, mepc, zero
core   0: 3 0x000000008000609c (0x341027f3) x15 0x0000000080005e8c
core   0: 0x00000000800060a0 (0x34202773) csrrs   a4, mcause, zero
core   0: 3 0x00000000800060a0 (0x34202773) x14 0x0000000000000002
core   0: 0x00000000800060a4 (0x142026f3) csrrs   a3, scause, zero
core   0: 3 0x00000000800060a4 (0x142026f3) x13 0x0000000000000000
core   0: 0x00000000800060a8 (0x30402673) csrrs   a2, mie, zero
core   0: 3 0x00000000800060a8 (0x30402673) x12 0x0000000000000a00
core   0: 0x00000000800060ac (0x344025f3) csrrs   a1, mip, zero
core   0: 3 0x00000000800060ac (0x344025f3) x11 0x0000000000000080
core   0: 0x00000000800060b0 (0x343025f3) csrrs   a1, mtval, zero
core   0: 3 0x00000000800060b0 (0x343025f3) x11 0x000000003235dc73
core   0: 0x00000000800060b4 (0x14302573) csrrs   a0, stval, zero
core   0: 3 0x00000000800060b4 (0x14302573) x10 0x0000000000000000
core   0: 0x00000000800060b8 (0xb02024f3) csrrs   s1, minstret, zero
core   0: 3 0x00000000800060b8 (0xb02024f3) x9  0x00000000000011e5
core   0: 0x00000000800060bc (0x0000a811) c.j     pc + 20
core   0: 3 0x00000000800060bc (0xa811)
core   0: >>>>  mepc_4
core   0: 0x00000000800060d0 (0x00000791) c.addi  a5, 4
core   0: 3 0x00000000800060d0 (0x0791) x15 0x0000000080005e90
core   0: 0x00000000800060d2 (0x34179073) csrrw   zero, mepc, a5
core   0: 3 0x00000000800060d2 (0x34179073) c833_mepc 0x0000000080005e90
core   0: 0x00000000800060d6 (0x30200073) mret
core   0: 3 0x00000000800060d6 (0x30200073) c768_mstatus 0x8000000a00106080
core   0: 0x0000000080005e90 (0x000b191b) slliw   s2, s6, 0
core   0: 1 0x0000000080005e90 (0x000b191b) x18 0xffffffff98ff0011
core   0: 0x0000000080005e94 (0x000d4b93) xori    s7, s10, 0
core   0: 1 0x0000000080005e94 (0x000d4b93) x23 0x0000000000000000
core   0: 0x0000000080005e98 (0xf2028c53) fmv.d.x fs8, t0
core   0: 1 0x0000000080005e98 (0xf2028c53) f24 0x0000004374cc53a6
core   0: 0x0000000080005e9c (0x1a3e71d3) fdiv.d  ft3, ft8, ft3
core   0: 1 0x0000000080005e9c (0x1a3e71d3) f3  0x7ff8000000000000
core   0: 0x0000000080005ea0 (0xd0237b53) fcvt.s.l fs6, t1
core   0: 1 0x0000000080005ea0 (0xd0237b53) f22 0xffffffff45501000
core   0: 0x0000000080005ea4 (0x41835a1b) sraiw   s4, t1, 24
core   0: 1 0x0000000080005ea4 (0x41835a1b) x20 0x0000000000000000
core   0: 0x0000000080005ea8 (0x42f35a13) srai    s4, t1, 47
core   0: 1 0x0000000080005ea8 (0x42f35a13) x20 0x0000000000000000
core   0: 0x0000000080005eac (0x00e3573b) srlw    a4, t1, a4
core   0: 1 0x0000000080005eac (0x00e3573b) x14 0x0000000000000340
core   0: 0x0000000080005eb0 (0xb0d34b93) xori    s7, t1, -1267
core   0: 1 0x0000000080005eb0 (0xb0d34b93) x23 0xfffffffffffff60c
core   0: 0x0000000080005eb4 (0x1b6ef253) fdiv.d  ft4, ft9, fs6
core   0: 1 0x0000000080005eb4 (0x1b6ef253) f4  0x7ff8000000000000
core   0: 0x0000000080005eb8 (0x0219da33) divu    s4, s3, ra
core   0: 1 0x0000000080005eb8 (0x0219da33) x20 0x0000000000000000
core   0: 0x0000000080005ebc (0xe99d8e9b) addiw   t4, s11, -359
core   0: 1 0x0000000080005ebc (0xe99d8e9b) x29 0xfffffffffffffe9a
core   0: 0x0000000080005ec0 (0xb2187847) fmsub.d fa6, fa6, ft1, fs6
core   0: 1 0x0000000080005ec0 (0xb2187847) f16 0x7ff8000000000000
core   0: 0x0000000080005ec4 (0xd514cb17) auipc   s6, 0xd514c
core   0: 1 0x0000000080005ec4 (0xd514cb17) x22 0x0000000055151ec4
core   0: 0x0000000080005ec8 (0x0000d293) srli    t0, ra, 0
core   0: 1 0x0000000080005ec8 (0x0000d293) x5  0x0000000080004014
core   0: 0x0000000080005ecc (0x0ff0000f) fence   iorw,iorw
core   0: 1 0x0000000080005ecc (0x0ff0000f)
core   0: 0x0000000080005ed0 (0xcf120593) addi    a1, tp, -783
core   0: 1 0x0000000080005ed0 (0xcf120593) x11 0xfffffffffffffcf1
core   0: 0x0000000080005ed4 (0x00b9093b) addw    s2, s2, a1
core   0: 1 0x0000000080005ed4 (0x00b9093b) x18 0xffffffff98fefd02
core   0: 0x0000000080005ed8 (0xc0297dd3) fcvt.l.s s11, fs2
core   0: 1 0x0000000080005ed8 (0xc0297dd3) c1_fflags 0x0000000000000011 x27 0x7fffffffffffffff
core   0: 0x0000000080005edc (0x002c19bb) sllw    s3, s8, sp
core   0: 1 0x0000000080005edc (0x002c19bb) x19 0x0000000070000000
core   0: 0x0000000080005ee0 (0x01cdd49b) srliw   s1, s11, 28
core   0: 1 0x0000000080005ee0 (0x01cdd49b) x9  0x000000000000000f
core   0: 0x0000000080005ee4 (0xc9e1819b) addiw   gp, gp, -866
core   0: 1 0x0000000080005ee4 (0xc9e1819b) x3  0xfffffffffffffcaf
core   0: 0x0000000080005ee8 (0xc20df853) fcvt.w.d a6, fs11
core   0: 1 0x0000000080005ee8 (0xc20df853) c1_fflags 0x0000000000000011 x16 0x000000007fffffff
core   0: 0x0000000080005eec (0x01f85b1b) srliw   s6, a6, 31
core   0: 1 0x0000000080005eec (0x01f85b1b) x22 0x0000000000000000
core   0: 0x0000000080005ef0 (0xbc76bdb7) lui     s11, 0xbc76b
core   0: 1 0x0000000080005ef0 (0xbc76bdb7) x27 0xffffffffbc76b000
core   0: 0x0000000080005ef4 (0x05da9c37) lui     s8, 0x5da9
core   0: 1 0x0000000080005ef4 (0x05da9c37) x24 0x0000000005da9000
core   0: 0x0000000080005ef8 (0x9d7c0c1b) addiw   s8, s8, -1577
core   0: 1 0x0000000080005ef8 (0x9d7c0c1b) x24 0x0000000005da89d7
core   0: 0x0000000080005efc (0x00000c32) c.slli  s8, 12
core   0: 1 0x0000000080005efc (0x0c32) x24 0x0000005da89d7000
core   0: 0x0000000080005efe (0xba8c0c13) addi    s8, s8, -1112
core   0: 1 0x0000000080005efe (0xba8c0c13) x24 0x0000005da89d6ba8
core   0: 0x0000000080005f02 (0x6fd83497) auipc   s1, 0x6fd83
core   0: 1 0x0000000080005f02 (0x6fd83497) x9  0x00000000efd88f02
core   0: 0x0000000080005f06 (0x00597c33) and     s8, s2, t0
core   0: 1 0x0000000080005f06 (0x00597c33) x24 0x0000000080004000
core   0: 0x0000000080005f0a (0xfe827c37) lui     s8, 0xfe827
core   0: 1 0x0000000080005f0a (0xfe827c37) x24 0xfffffffffe827000
core   0: 0x0000000080005f0e (0x1f5c0c1b) addiw   s8, s8, 501
core   0: 1 0x0000000080005f0e (0x1f5c0c1b) x24 0xfffffffffe8271f5
core   0: 0x0000000080005f12 (0x00000c32) c.slli  s8, 12
core   0: 1 0x0000000080005f12 (0x0c32) x24 0xffffffe8271f5000
core   0: 0x0000000080005f14 (0x5cec0c13) addi    s8, s8, 1486
core   0: 1 0x0000000080005f14 (0x5cec0c13) x24 0xffffffe8271f55ce
core   0: 0x0000000080005f18 (0xa30203d3) fle.d   t2, ft4, fa6
core   0: 1 0x0000000080005f18 (0xa30203d3) c1_fflags 0x0000000000000011 x7  0x0000000000000000
core   0: 0x0000000080005f1c (0xd02af353) fcvt.s.l ft6, s5
core   0: 1 0x0000000080005f1c (0xd02af353) f6  0xffffffff41700000
core   0: 0x0000000080005f20 (0x0ff0000f) fence   iorw,iorw
core   0: 1 0x0000000080005f20 (0x0ff0000f)
core   0: 0x0000000080005f24 (0x5a097a53) fsqrt.d fs4, fs2
core   0: 1 0x0000000080005f24 (0x5a097a53) c1_fflags 0x0000000000000011 f20 0x40bffe7ffefff3ff
core   0: 0x0000000080005f28 (0x01c89eb3) sll     t4, a7, t3
core   0: 1 0x0000000080005f28 (0x01c89eb3) x29 0x0000000000000000
core   0: 0x0000000080005f2c (0x003399bb) sllw    s3, t2, gp
core   0: 1 0x0000000080005f2c (0x003399bb) x19 0x0000000000000000
core   0: 0x0000000080005f30 (0xe74f2797) auipc   a5, 0xe74f2
core   0: 1 0x0000000080005f30 (0xe74f2797) x15 0x00000000674f7f30
core   0: 0x0000000080005f34 (0x2bda95d3) fmax.d  fa1, fs5, ft9
core   0: 1 0x0000000080005f34 (0x2bda95d3) f11 0x7ff8000000000000
core   0: 0x0000000080005f38 (0x40a7823b) subw    tp, a5, a0
core   0: 1 0x0000000080005f38 (0x40a7823b) x4  0x00000000674f7f30
core   0: 0x0000000080005f3c (0x419200b3) sub     ra, tp, s9
core   0: 1 0x0000000080005f3c (0x419200b3) x1  0x0000000032b4fc83
core   0: 0x0000000080005f40 (0x02124a3b) divw    s4, tp, ra
core   0: 1 0x0000000080005f40 (0x02124a3b) x20 0x0000000000000002
core   0: 0x0000000080005f44 (0x01f8d01b) srliw   zero, a7, 31
core   0: 1 0x0000000080005f44 (0x01f8d01b)
core   0: 0x0000000080005f48 (0xf2000e53) fmv.d.x ft8, zero
core   0: 1 0x0000000080005f48 (0xf2000e53) f28 0x0000000000000000
core   0: 0x0000000080005f4c (0x0040543b) srlw    s0, zero, tp
core   0: 1 0x0000000080005f4c (0x0040543b) x8  0x0000000000000000
core   0: 0x0000000080005f50 (0x8f8e809b) addiw   ra, t4, -1800
core   0: 1 0x0000000080005f50 (0x8f8e809b) x1  0xfffffffffffff8f8
core   0: 0x0000000080005f54 (0xe2058953) fmv.x.d s2, fa1
core   0: 1 0x0000000080005f54 (0xe2058953) x18 0x7ff8000000000000
core   0: 0x0000000080005f58 (0x009944b3) xor     s1, s2, s1
core   0: 1 0x0000000080005f58 (0x009944b3) x9  0x7ff80000efd88f02
core   0: 0x0000000080005f5c (0x2b509b53) fmax.d  fs6, ft1, fs5
core   0: 1 0x0000000080005f5c (0x2b509b53) f22 0x7ff8000000000000
core   0: 0x0000000080005f60 (0xc2317253) fcvt.lu.d tp, ft2
core   0: 1 0x0000000080005f60 (0xc2317253) c1_fflags 0x0000000000000011 x4  0xffffffffffffffff
core   0: 0x0000000080005f64 (0x5a087853) fsqrt.d fa6, fa6
core   0: 1 0x0000000080005f64 (0x5a087853) f16 0x7ff8000000000000
core   0: 0x0000000080005f68 (0x4098813b) subw    sp, a7, s1
core   0: 1 0x0000000080005f68 (0x4098813b) x2  0x00000000102770fe
core   0: 0x0000000080005f6c (0x021e75d3) fadd.d  fa1, ft8, ft1
core   0: 1 0x0000000080005f6c (0x021e75d3) f11 0x7ff8000000000000
core   0: 0x0000000080005f70 (0x0070c233) xor     tp, ra, t2
core   0: 1 0x0000000080005f70 (0x0070c233) x4  0xfffffffffffff8f8
core   0: 0x0000000080005f74 (0x02b403b3) mul     t2, s0, a1
core   0: 1 0x0000000080005f74 (0x02b403b3) x7  0x0000000000000000
core   0: 0x0000000080005f78 (0x00337633) and     a2, t1, gp
core   0: 1 0x0000000080005f78 (0x00337633) x12 0x0000000000000c01
core   0: 0x0000000080005f7c (0x410d5913) srai    s2, s10, 16
core   0: 1 0x0000000080005f7c (0x410d5913) x18 0x0000000000000000
core   0: 0x0000000080005f80 (0x032895b3) mulh    a1, a7, s2
core   0: 1 0x0000000080005f80 (0x032895b3) x11 0x0000000000000000
core   0: 0x0000000080005f84 (0x012149b3) xor     s3, sp, s2
core   0: 1 0x0000000080005f84 (0x012149b3) x19 0x00000000102770fe
core   0: 0x0000000080005f88 (0x01acdd1b) srliw   s10, s9, 26
core   0: 1 0x0000000080005f88 (0x01acdd1b) x26 0x000000000000000d
core   0: 0x0000000080005f8c (0x024d4dbb) divw    s11, s10, tp
core   0: 1 0x0000000080005f8c (0x024d4dbb) x27 0x0000000000000000
core   0: 0x0000000080005f90 (0x4098083b) subw    a6, a6, s1
core   0: 1 0x0000000080005f90 (0x4098083b) x16 0xffffffff902770fd
core   0: 0x0000000080005f94 (0x8868079b) addiw   a5, a6, -1914
core   0: 1 0x0000000080005f94 (0x8868079b) x15 0xffffffff90276983
core   0: 0x0000000080005f98 (0xc03be673) csrrsi  a2, hpmcounter3, 23
core   0: exception trap_illegal_instruction, epc 0x0000000080005f98
core   0:           tval 0x00000000c03be673
core   0: >>>>  $xrv64i2p1_m2p0_a2p1_f2p2_d2p2_zicsr2p0_zifencei2p0_zmmul1p0_zba1p0_zbb1p0_zbc1p0_zbs1p0
core   0: 0x0000000080004000 (0x0080006f) j       pc + 0x8
core   0: 3 0x0000000080004000 (0x0080006f)
core   0: >>>>  mmode_exception_handler
core   0: 0x0000000080004008 (0x00002c17) auipc   s8, 0x2
core   0: 3 0x0000000080004008 (0x00002c17) x24 0x0000000080006008
core   0: 0x000000008000400c (0x094c0c13) addi    s8, s8, 148
core   0: 3 0x000000008000400c (0x094c0c13) x24 0x000000008000609c
core   0: 0x0000000080004010 (0x000c00e7) jalr    s8
core   0: 3 0x0000000080004010 (0x000c00e7) x1  0x0000000080004014
core   0: >>>>  any_handler
core   0: 0x000000008000609c (0x341027f3) csrrs   a5, mepc, zero
core   0: 3 0x000000008000609c (0x341027f3) x15 0x0000000080005f98
core   0: 0x00000000800060a0 (0x34202773) csrrs   a4, mcause, zero
core   0: 3 0x00000000800060a0 (0x34202773) x14 0x0000000000000002
core   0: 0x00000000800060a4 (0x142026f3) csrrs   a3, scause, zero
core   0: 3 0x00000000800060a4 (0x142026f3) x13 0x0000000000000000
core   0: 0x00000000800060a8 (0x30402673) csrrs   a2, mie, zero
core   0: 3 0x00000000800060a8 (0x30402673) x12 0x0000000000000a00
core   0: 0x00000000800060ac (0x344025f3) csrrs   a1, mip, zero
core   0: 3 0x00000000800060ac (0x344025f3) x11 0x0000000000000080
core   0: 0x00000000800060b0 (0x343025f3) csrrs   a1, mtval, zero
core   0: 3 0x00000000800060b0 (0x343025f3) x11 0x00000000c03be673
core   0: 0x00000000800060b4 (0x14302573) csrrs   a0, stval, zero
core   0: 3 0x00000000800060b4 (0x14302573) x10 0x0000000000000000
core   0: 0x00000000800060b8 (0xb02024f3) csrrs   s1, minstret, zero
core   0: 3 0x00000000800060b8 (0xb02024f3) x9  0x0000000000001238
core   0: 0x00000000800060bc (0x0000a811) c.j     pc + 20
core   0: 3 0x00000000800060bc (0xa811)
core   0: >>>>  mepc_4
core   0: 0x00000000800060d0 (0x00000791) c.addi  a5, 4
core   0: 3 0x00000000800060d0 (0x0791) x15 0x0000000080005f9c
core   0: 0x00000000800060d2 (0x34179073) csrrw   zero, mepc, a5
core   0: 3 0x00000000800060d2 (0x34179073) c833_mepc 0x0000000080005f9c
core   0: 0x00000000800060d6 (0x30200073) mret
core   0: 3 0x00000000800060d6 (0x30200073) c768_mstatus 0x8000000a00106080
core   0: 0x0000000080005f9c (0x023651bb) divuw   gp, a2, gp
core   0: 1 0x0000000080005f9c (0x023651bb) x3  0x0000000000000000
core   0: 0x0000000080005fa0 (0x3d2044b7) lui     s1, 0x3d204
core   0: 1 0x0000000080005fa0 (0x3d2044b7) x9  0x000000003d204000
core   0: 0x0000000080005fa4 (0x0008f0b3) and     ra, a7, zero
core   0: 1 0x0000000080005fa4 (0x0008f0b3) x1  0x0000000000000000
core   0: 0x0000000080005fa8 (0x0011903b) sllw    zero, gp, ra
core   0: 1 0x0000000080005fa8 (0x0011903b)
core   0: 0x0000000080005fac (0x22b30553) fsgnj.d fa0, ft6, fa1
core   0: 1 0x0000000080005fac (0x22b30553) f10 0x7fffffff41700000
core   0: 0x0000000080005fb0 (0x42058ed3) fcvt.d.s ft9, fa1
core   0: 1 0x0000000080005fb0 (0x42058ed3) f29 0x7ff8000000000000
core   0: 0x0000000080005fb4 (0x01561b13) slli    s6, a2, 21
core   0: 1 0x0000000080005fb4 (0x01561b13) x22 0x0000000140000000
core   0: 0x0000000080005fb8 (0x03fd5313) srli    t1, s10, 63
core   0: 1 0x0000000080005fb8 (0x03fd5313) x6  0x0000000000000000
core   0: 0x0000000080005fbc (0x00995dbb) srlw    s11, s2, s1
core   0: 1 0x0000000080005fbc (0x00995dbb) x27 0x0000000000000000
core   0: 0x0000000080005fc0 (0x00000001) c.nop
core   0: 1 0x0000000080005fc0 (0x0001)
core   0: 0x0000000080005fc2 (0x002171b3) and     gp, sp, sp
core   0: 1 0x0000000080005fc2 (0x002171b3) x3  0x00000000102770fe
core   0: 0x0000000080005fc6 (0x00f7803b) addw    zero, a5, a5
core   0: 1 0x0000000080005fc6 (0x00f7803b)
core   0: 0x0000000080005fca (0x0050debb) srlw    t4, ra, t0
core   0: 1 0x0000000080005fca (0x0050debb) x29 0x0000000000000000
core   0: 0x0000000080005fce (0x0014561b) srliw   a2, s0, 1
core   0: 1 0x0000000080005fce (0x0014561b) x12 0x0000000000000000
core   0: 0x0000000080005fd2 (0x404ed693) srai    a3, t4, 4
core   0: 1 0x0000000080005fd2 (0x404ed693) x13 0x0000000000000000
core   0: 0x0000000080005fd6 (0x03ce0eb3) mul     t4, t3, t3
core   0: 1 0x0000000080005fd6 (0x03ce0eb3) x29 0x0000000000191404
core   0: 0x0000000080005fda (0x40bedcbb) sraw    s9, t4, a1
core   0: 1 0x0000000080005fda (0x40bedcbb) x25 0x0000000000000003
core   0: 0x0000000080005fde (0x035adabb) divuw   s5, s5, s5
core   0: 1 0x0000000080005fde (0x035adabb) x21 0x0000000000000001
core   0: 0x0000000080005fe2 (0xc20b70d3) fcvt.w.d ra, fs6
core   0: 1 0x0000000080005fe2 (0xc20b70d3) c1_fflags 0x0000000000000011 x1  0x000000007fffffff
core   0: 0x0000000080005fe6 (0x015bd9bb) srlw    s3, s7, s5
core   0: 1 0x0000000080005fe6 (0x015bd9bb) x19 0x000000007ffffb06
core   0: 0x0000000080005fea (0xfa8eb4b7) lui     s1, 0xfa8eb
core   0: 1 0x0000000080005fea (0xfa8eb4b7) x9  0xfffffffffa8eb000
core   0: 0x0000000080005fee (0x0000349d) c.addiw s1, -25
core   0: 1 0x0000000080005fee (0x349d) x9  0xfffffffffa8eafe7
core   0: 0x0000000080005ff0 (0x000004b2) c.slli  s1, 12
core   0: 1 0x0000000080005ff0 (0x04b2) x9  0xffffffa8eafe7000
core   0: 0x0000000080005ff2 (0x30048493) addi    s1, s1, 768
core   0: 1 0x0000000080005ff2 (0x30048493) x9  0xffffffa8eafe7300
core   0: 0x0000000080005ff6 (0x00b5d2bb) srlw    t0, a1, a1
core   0: 1 0x0000000080005ff6 (0x00b5d2bb) x5  0x0000000000001807
core   0: 0x0000000080005ffa (0xc226f653) fcvt.l.d a2, fa3
core   0: 1 0x0000000080005ffa (0xc226f653) c1_fflags 0x0000000000000011 x12 0x7fffffffffffffff
core   0: 0x0000000080005ffe (0x0ff0000f) fence   iorw,iorw
core   0: 1 0x0000000080005ffe (0x0ff0000f)
core   0: 0x0000000080006002 (0x40aa0e33) sub     t3, s4, a0
core   0: 1 0x0000000080006002 (0x40aa0e33) x28 0x0000000000000002
core   0: 0x0000000080006006 (0xa27173cf) fnmadd.d ft7, ft2, ft7, fs4
core   0: 1 0x0000000080006006 (0xa27173cf) f7  0x7ff8000000000000
core   0: 0x000000008000600a (0xc06054f3) csrrwi  s1, hpmcounter6, 0
core   0: exception trap_illegal_instruction, epc 0x000000008000600a
core   0:           tval 0x00000000c06054f3
core   0: >>>>  $xrv64i2p1_m2p0_a2p1_f2p2_d2p2_zicsr2p0_zifencei2p0_zmmul1p0_zba1p0_zbb1p0_zbc1p0_zbs1p0
core   0: 0x0000000080004000 (0x0080006f) j       pc + 0x8
core   0: 3 0x0000000080004000 (0x0080006f)
core   0: >>>>  mmode_exception_handler
core   0: 0x0000000080004008 (0x00002c17) auipc   s8, 0x2
core   0: 3 0x0000000080004008 (0x00002c17) x24 0x0000000080006008
core   0: 0x000000008000400c (0x094c0c13) addi    s8, s8, 148
core   0: 3 0x000000008000400c (0x094c0c13) x24 0x000000008000609c
core   0: 0x0000000080004010 (0x000c00e7) jalr    s8
core   0: 3 0x0000000080004010 (0x000c00e7) x1  0x0000000080004014
core   0: >>>>  any_handler
core   0: 0x000000008000609c (0x341027f3) csrrs   a5, mepc, zero
core   0: 3 0x000000008000609c (0x341027f3) x15 0x000000008000600a
core   0: 0x00000000800060a0 (0x34202773) csrrs   a4, mcause, zero
core   0: 3 0x00000000800060a0 (0x34202773) x14 0x0000000000000002
core   0: 0x00000000800060a4 (0x142026f3) csrrs   a3, scause, zero
core   0: 3 0x00000000800060a4 (0x142026f3) x13 0x0000000000000000
core   0: 0x00000000800060a8 (0x30402673) csrrs   a2, mie, zero
core   0: 3 0x00000000800060a8 (0x30402673) x12 0x0000000000000a00
core   0: 0x00000000800060ac (0x344025f3) csrrs   a1, mip, zero
core   0: 3 0x00000000800060ac (0x344025f3) x11 0x0000000000000080
core   0: 0x00000000800060b0 (0x343025f3) csrrs   a1, mtval, zero
core   0: 3 0x00000000800060b0 (0x343025f3) x11 0x00000000c06054f3
core   0: 0x00000000800060b4 (0x14302573) csrrs   a0, stval, zero
core   0: 3 0x00000000800060b4 (0x14302573) x10 0x0000000000000000
core   0: 0x00000000800060b8 (0xb02024f3) csrrs   s1, minstret, zero
core   0: 3 0x00000000800060b8 (0xb02024f3) x9  0x0000000000001265
core   0: 0x00000000800060bc (0x0000a811) c.j     pc + 20
core   0: 3 0x00000000800060bc (0xa811)
core   0: >>>>  mepc_4
core   0: 0x00000000800060d0 (0x00000791) c.addi  a5, 4
core   0: 3 0x00000000800060d0 (0x0791) x15 0x000000008000600e
core   0: 0x00000000800060d2 (0x34179073) csrrw   zero, mepc, a5
core   0: 3 0x00000000800060d2 (0x34179073) c833_mepc 0x000000008000600e
core   0: 0x00000000800060d6 (0x30200073) mret
core   0: 3 0x00000000800060d6 (0x30200073) c768_mstatus 0x8000000a00106080
core   0: 0x000000008000600e (0x0015531b) srliw   t1, a0, 1
core   0: 1 0x000000008000600e (0x0015531b) x6  0x0000000000000000
core   0: 0x0000000080006012 (0xc0217ed3) fcvt.l.s t4, ft2
core   0: 1 0x0000000080006012 (0xc0217ed3) c1_fflags 0x0000000000000011 x29 0x7fffffffffffffff
core   0: 0x0000000080006016 (0x405b5b1b) sraiw   s6, s6, 5
core   0: 1 0x0000000080006016 (0x405b5b1b) x22 0x0000000002000000
core   0: 0x000000008000601a (0xd220fc53) fcvt.d.l fs8, ra
core   0: 1 0x000000008000601a (0xd220fc53) f24 0x41e0000802800000
core   0: 0x000000008000601e (0x009ef533) and     a0, t4, s1
core   0: 1 0x000000008000601e (0x009ef533) x10 0x0000000000001265
core   0: 0x0000000080006022 (0x23412dd3) fsgnjx.d fs11, ft2, fs4
core   0: 1 0x0000000080006022 (0x23412dd3) f27 0x7ff8000000000000
core   0: 0x0000000080006026 (0x02a47eb3) remu    t4, s0, a0
core   0: 1 0x0000000080006026 (0x02a47eb3) x29 0x0000000000000000
core   0: 0x000000008000602a (0x00102bf3) csrrs   s7, fflags, zero
core   0: 1 0x000000008000602a (0x00102bf3) x23 0x0000000000000011
core   0: 0x000000008000602e (0x9ebb3b13) sltiu   s6, s6, -1557
core   0: 1 0x000000008000602e (0x9ebb3b13) x22 0x0000000000000001
core   0: 0x0000000080006032 (0xa99bed93) ori     s11, s7, -1383
core   0: 1 0x0000000080006032 (0xa99bed93) x27 0xfffffffffffffa99
core   0: 0x0000000080006036 (0x303ede73) csrrwi  t3, mideleg, 29
core   0: exception trap_illegal_instruction, epc 0x0000000080006036
core   0:           tval 0x00000000303ede73
core   0: >>>>  $xrv64i2p1_m2p0_a2p1_f2p2_d2p2_zicsr2p0_zifencei2p0_zmmul1p0_zba1p0_zbb1p0_zbc1p0_zbs1p0
core   0: 0x0000000080004000 (0x0080006f) j       pc + 0x8
core   0: 3 0x0000000080004000 (0x0080006f)
core   0: >>>>  mmode_exception_handler
core   0: 0x0000000080004008 (0x00002c17) auipc   s8, 0x2
core   0: 3 0x0000000080004008 (0x00002c17) x24 0x0000000080006008
core   0: 0x000000008000400c (0x094c0c13) addi    s8, s8, 148
core   0: 3 0x000000008000400c (0x094c0c13) x24 0x000000008000609c
core   0: 0x0000000080004010 (0x000c00e7) jalr    s8
core   0: 3 0x0000000080004010 (0x000c00e7) x1  0x0000000080004014
core   0: >>>>  any_handler
core   0: 0x000000008000609c (0x341027f3) csrrs   a5, mepc, zero
core   0: 3 0x000000008000609c (0x341027f3) x15 0x0000000080006036
core   0: 0x00000000800060a0 (0x34202773) csrrs   a4, mcause, zero
core   0: 3 0x00000000800060a0 (0x34202773) x14 0x0000000000000002
core   0: 0x00000000800060a4 (0x142026f3) csrrs   a3, scause, zero
core   0: 3 0x00000000800060a4 (0x142026f3) x13 0x0000000000000000
core   0: 0x00000000800060a8 (0x30402673) csrrs   a2, mie, zero
core   0: 3 0x00000000800060a8 (0x30402673) x12 0x0000000000000a00
core   0: 0x00000000800060ac (0x344025f3) csrrs   a1, mip, zero
core   0: 3 0x00000000800060ac (0x344025f3) x11 0x0000000000000080
core   0: 0x00000000800060b0 (0x343025f3) csrrs   a1, mtval, zero
core   0: 3 0x00000000800060b0 (0x343025f3) x11 0x00000000303ede73
core   0: 0x00000000800060b4 (0x14302573) csrrs   a0, stval, zero
core   0: 3 0x00000000800060b4 (0x14302573) x10 0x0000000000000000
core   0: 0x00000000800060b8 (0xb02024f3) csrrs   s1, minstret, zero
core   0: 3 0x00000000800060b8 (0xb02024f3) x9  0x000000000000127f
core   0: 0x00000000800060bc (0x0000a811) c.j     pc + 20
core   0: 3 0x00000000800060bc (0xa811)
core   0: >>>>  mepc_4
core   0: 0x00000000800060d0 (0x00000791) c.addi  a5, 4
core   0: 3 0x00000000800060d0 (0x0791) x15 0x000000008000603a
core   0: 0x00000000800060d2 (0x34179073) csrrw   zero, mepc, a5
core   0: 3 0x00000000800060d2 (0x34179073) c833_mepc 0x000000008000603a
core   0: 0x00000000800060d6 (0x30200073) mret
core   0: 3 0x00000000800060d6 (0x30200073) c768_mstatus 0x8000000a00106080
core   0: 0x000000008000603a (0x001e531b) srliw   t1, t3, 1
core   0: 1 0x000000008000603a (0x001e531b) x6  0x0000000000000001
core   0: 0x000000008000603e (0xd21c09d3) fcvt.d.wu fs3, s8
core   0: 1 0x000000008000603e (0xd21c09d3) f19 0x41e0000c13800000
core   0: 0x0000000080006042 (0xd8207913) andi    s2, zero, -638
core   0: 1 0x0000000080006042 (0xd8207913) x18 0x0000000000000000
core   0: 0x0000000080006046 (0x00e395bb) sllw    a1, t2, a4
core   0: 1 0x0000000080006046 (0x00e395bb) x11 0x0000000000000000
core   0: 0x000000008000604a (0x00000001) c.nop
core   0: 1 0x000000008000604a (0x0001)
core   0: 0x000000008000604c (0xf2058e53) fmv.d.x ft8, a1
core   0: 1 0x000000008000604c (0xf2058e53) f28 0x0000000000000000
core   0: 0x0000000080006050 (0x039cda33) divu    s4, s9, s9
core   0: 1 0x0000000080006050 (0x039cda33) x20 0x0000000000000001
core   0: 0x0000000080006054 (0x0340c53b) divw    a0, ra, s4
core   0: 1 0x0000000080006054 (0x0340c53b) x10 0xffffffff80004014
core   0: 0x0000000080006058 (0x00009c09) c.subw  s0, a0
core   0: 1 0x0000000080006058 (0x9c09) x8  0x000000007fffbfec
core   0: 0x000000008000605a (0x4002d213) srai    tp, t0, 0
core   0: 1 0x000000008000605a (0x4002d213) x4  0x0000000000001807
core   0: 0x000000008000605e (0xc03c77d3) fcvt.lu.s a5, fs8
core   0: 1 0x000000008000605e (0xc03c77d3) c1_fflags 0x0000000000000011 x15 0xffffffffffffffff
core   0: 0x0000000080006062 (0xc03c7753) fcvt.lu.s a4, fs8
core   0: 1 0x0000000080006062 (0xc03c7753) c1_fflags 0x0000000000000011 x14 0xffffffffffffffff
core   0: 0x0000000080006066 (0x02547233) remu    tp, s0, t0
core   0: 1 0x0000000080006066 (0x02547233) x4  0x0000000000001590
core   0: 0x000000008000606a (0x40cad29b) sraiw   t0, s5, 12
core   0: 1 0x000000008000606a (0x40cad29b) x5  0x0000000000000000
core   0: 0x000000008000606e (0x2af207d3) fmin.d  fa5, ft4, fa5
core   0: 1 0x000000008000606e (0x2af207d3) f15 0x7ff8000000000000
core   0: 0x0000000080006072 (0x00229c73) csrrw   s8, frm, t0
core   0: 1 0x0000000080006072 (0x00229c73) x24 0x0000000000000001 c2_frm 0x0000000000000000
core   0: 0x0000000080006076 (0xc228f353) fcvt.l.d t1, fa7
core   0: 1 0x0000000080006076 (0xc228f353) x6  0xfffffffffc005ffe
core   0: 0x000000008000607a (0x0325e4bb) remw    s1, a1, s2
core   0: 1 0x000000008000607a (0x0325e4bb) x9  0x0000000000000000
core   0: 0x000000008000607e (0x000811bb) sllw    gp, a6, zero
core   0: 1 0x000000008000607e (0x000811bb) x3  0xffffffff902770fd
core   0: 0x0000000080006082 (0x028ce233) rem     tp, s9, s0
core   0: 1 0x0000000080006082 (0x028ce233) x4  0x0000000000000003
core   0: 0x0000000080006086 (0x00202e73) csrrs   t3, frm, zero
core   0: 1 0x0000000080006086 (0x00202e73) x28 0x0000000000000000
core   0: 0x000000008000608a (0x297b0397) auipc   t2, 0x297b0
core   0: 1 0x000000008000608a (0x297b0397) x7  0x00000000a97b608a
core   0: 0x000000008000608e (0x004d9dbb) sllw    s11, s11, tp
core   0: 1 0x000000008000608e (0x004d9dbb) x27 0xffffffffffffd4c8
core   0: 0x0000000080006092 (0x022ddcb3) divu    s9, s11, sp
core   0: 1 0x0000000080006092 (0x022ddcb3) x25 0x0000000fd8ef4e91
core   0: >>>>  write_tohost
core   0: 0x0000000080006096 (0x94efa0ef) jal     pc - 0x5eb2
core   0: 1 0x0000000080006096 (0x94efa0ef) x1  0x000000008000609a
core   0: >>>>  _exit
core   0: 0x00000000800001e4 (0x00004505) c.li    a0, 1
core   0: 1 0x00000000800001e4 (0x4505) x10 0x0000000000000001
core   0: 0x00000000800001e6 (0x00001f17) auipc   t5, 0x1
core   0: 1 0x00000000800001e6 (0x00001f17) x30 0x00000000800011e6
core   0: 0x00000000800001ea (0xe0af2d23) sw      a0, -486(t5)
core   0: 1 0x00000000800001ea (0xe0af2d23) mem 0x0000000080001000 0x00000001
cp /home/server/RISCV/cva6/verif/sim/out/seed_1462/spike_sim/new_seeds_1462_.cv64a6_imafdc_sv39.log.iss /home/server/RISCV/cva6/verif/sim/out/seed_1462/spike_sim/new_seeds_1462_.cv64a6_imafdc_sv39.log
