Makefile:14: must set CVA6_REPO_DIR to point at the root of CVA6 sources and CVA6_TB_DIR to point here -- doing it for you...
LD_LIBRARY_PATH="$(realpath ../../tools/spike/lib):$LD_LIBRARY_PATH" \
	/home/server/RISCV/cva6/tools/spike/bin/spike --steps=2000000  --log-commits --isa=rv64gc_zba_zbb_zbs_zbc_zicsr_zifencei --priv=msu -l /home/server/RISCV/cva6/verif/sim/out/seed_1022/directed_asm_tests/new_seeds_1022_.o
[SPIKE] Max simulation steps: 2000000
[SPIKE] Proc 0 | ISA: rv64gc_zba_zbb_zbs_zbc_zicsr_zifencei PRIV: msu
[SPIKE] Initializing memories...
core   0: 0x0000000000010000 (0x00100413) li      s0, 1
core   0: 3 0x0000000000010000 (0x00100413) x8  0x0000000000000001
core   0: 0x0000000000010004 (0x01f41413) slli    s0, s0, 31
core   0: 3 0x0000000000010004 (0x01f41413) x8  0x0000000080000000
core   0: 0x0000000000010008 (0xf1402573) csrrs   a0, mhartid, zero
core   0: 3 0x0000000000010008 (0xf1402573) x10 0x0000000000000000
core   0: 0x000000000001000c (0x00000597) auipc   a1, 0x0
core   0: 3 0x000000000001000c (0x00000597) x11 0x000000000001000c
core   0: 0x0000000000010010 (0x07458593) addi    a1, a1, 116
core   0: 3 0x0000000000010010 (0x07458593) x11 0x0000000000010080
core   0: 0x0000000000010014 (0x00040067) jr      s0
core   0: 3 0x0000000000010014 (0x00040067)
core   0: >>>>  _start
core   0: 0x0000000080000000 (0x00004081) c.li    ra, 0
core   0: 3 0x0000000080000000 (0x4081) x1  0x0000000000000000
core   0: 0x0000000080000002 (0x00004101) c.li    sp, 0
core   0: 3 0x0000000080000002 (0x4101) x2  0x0000000000000000
core   0: 0x0000000080000004 (0x00004181) c.li    gp, 0
core   0: 3 0x0000000080000004 (0x4181) x3  0x0000000000000000
core   0: 0x0000000080000006 (0x00004201) c.li    tp, 0
core   0: 3 0x0000000080000006 (0x4201) x4  0x0000000000000000
core   0: 0x0000000080000008 (0x00004281) c.li    t0, 0
core   0: 3 0x0000000080000008 (0x4281) x5  0x0000000000000000
core   0: 0x000000008000000a (0x00004301) c.li    t1, 0
core   0: 3 0x000000008000000a (0x4301) x6  0x0000000000000000
core   0: 0x000000008000000c (0x00004381) c.li    t2, 0
core   0: 3 0x000000008000000c (0x4381) x7  0x0000000000000000
core   0: 0x000000008000000e (0x00004401) c.li    s0, 0
core   0: 3 0x000000008000000e (0x4401) x8  0x0000000000000000
core   0: 0x0000000080000010 (0x00004481) c.li    s1, 0
core   0: 3 0x0000000080000010 (0x4481) x9  0x0000000000000000
core   0: 0x0000000080000012 (0x00004501) c.li    a0, 0
core   0: 3 0x0000000080000012 (0x4501) x10 0x0000000000000000
core   0: 0x0000000080000014 (0x00004581) c.li    a1, 0
core   0: 3 0x0000000080000014 (0x4581) x11 0x0000000000000000
core   0: 0x0000000080000016 (0x00004601) c.li    a2, 0
core   0: 3 0x0000000080000016 (0x4601) x12 0x0000000000000000
core   0: 0x0000000080000018 (0x00004681) c.li    a3, 0
core   0: 3 0x0000000080000018 (0x4681) x13 0x0000000000000000
core   0: 0x000000008000001a (0x00004701) c.li    a4, 0
core   0: 3 0x000000008000001a (0x4701) x14 0x0000000000000000
core   0: 0x000000008000001c (0x00004781) c.li    a5, 0
core   0: 3 0x000000008000001c (0x4781) x15 0x0000000000000000
core   0: 0x000000008000001e (0x00004801) c.li    a6, 0
core   0: 3 0x000000008000001e (0x4801) x16 0x0000000000000000
core   0: 0x0000000080000020 (0x00004881) c.li    a7, 0
core   0: 3 0x0000000080000020 (0x4881) x17 0x0000000000000000
core   0: 0x0000000080000022 (0x00004901) c.li    s2, 0
core   0: 3 0x0000000080000022 (0x4901) x18 0x0000000000000000
core   0: 0x0000000080000024 (0x00004981) c.li    s3, 0
core   0: 3 0x0000000080000024 (0x4981) x19 0x0000000000000000
core   0: 0x0000000080000026 (0x00004a01) c.li    s4, 0
core   0: 3 0x0000000080000026 (0x4a01) x20 0x0000000000000000
core   0: 0x0000000080000028 (0x00004a81) c.li    s5, 0
core   0: 3 0x0000000080000028 (0x4a81) x21 0x0000000000000000
core   0: 0x000000008000002a (0x00004b01) c.li    s6, 0
core   0: 3 0x000000008000002a (0x4b01) x22 0x0000000000000000
core   0: 0x000000008000002c (0x00004b81) c.li    s7, 0
core   0: 3 0x000000008000002c (0x4b81) x23 0x0000000000000000
core   0: 0x000000008000002e (0x00004c01) c.li    s8, 0
core   0: 3 0x000000008000002e (0x4c01) x24 0x0000000000000000
core   0: 0x0000000080000030 (0x00004c81) c.li    s9, 0
core   0: 3 0x0000000080000030 (0x4c81) x25 0x0000000000000000
core   0: 0x0000000080000032 (0x00004d01) c.li    s10, 0
core   0: 3 0x0000000080000032 (0x4d01) x26 0x0000000000000000
core   0: 0x0000000080000034 (0x00004d81) c.li    s11, 0
core   0: 3 0x0000000080000034 (0x4d81) x27 0x0000000000000000
core   0: 0x0000000080000036 (0x00004e01) c.li    t3, 0
core   0: 3 0x0000000080000036 (0x4e01) x28 0x0000000000000000
core   0: 0x0000000080000038 (0x00004e81) c.li    t4, 0
core   0: 3 0x0000000080000038 (0x4e81) x29 0x0000000000000000
core   0: 0x000000008000003a (0x00004f01) c.li    t5, 0
core   0: 3 0x000000008000003a (0x4f01) x30 0x0000000000000000
core   0: 0x000000008000003c (0x00004f81) c.li    t6, 0
core   0: 3 0x000000008000003c (0x4f81) x31 0x0000000000000000
core   0: 0x000000008000003e (0x000062f9) c.lui   t0, 0x1e
core   0: 3 0x000000008000003e (0x62f9) x5  0x000000000001e000
core   0: 0x0000000080000040 (0x3002a073) csrrs   zero, mstatus, t0
core   0: 3 0x0000000080000040 (0x3002a073) c768_mstatus 0x8000000a00006000
core   0: 0x0000000080000044 (0x00004285) c.li    t0, 1
core   0: 3 0x0000000080000044 (0x4285) x5  0x0000000000000001
core   0: 0x0000000080000046 (0x000002fe) c.slli  t0, 31
core   0: 3 0x0000000080000046 (0x02fe) x5  0x0000000080000000
core   0: 0x0000000080000048 (0x0002d863) bge     t0, zero, pc + 16
core   0: 3 0x0000000080000048 (0x0002d863)
core   0: 0x0000000080000058 (0x00000297) auipc   t0, 0x0
core   0: 3 0x0000000080000058 (0x00000297) x5  0x0000000080000058
core   0: 0x000000008000005c (0x09028293) addi    t0, t0, 144
core   0: 3 0x000000008000005c (0x09028293) x5  0x00000000800000e8
core   0: 0x0000000080000060 (0x30529073) csrrw   zero, mtvec, t0
core   0: 3 0x0000000080000060 (0x30529073) c773_mtvec 0x00000000800000e8
core   0: 0x0000000080000064 (0x00301073) csrrw   zero, fcsr, zero
core   0: 3 0x0000000080000064 (0x00301073) c1_fflags 0x0000000000000000 c2_frm 0x0000000000000000
core   0: 0x0000000080000068 (0xf0000053) fmv.w.x ft0, zero
core   0: 3 0x0000000080000068 (0xf0000053) f0  0xffffffff00000000
core   0: 0x000000008000006c (0xf00000d3) fmv.w.x ft1, zero
core   0: 3 0x000000008000006c (0xf00000d3) f1  0xffffffff00000000
core   0: 0x0000000080000070 (0xf0000153) fmv.w.x ft2, zero
core   0: 3 0x0000000080000070 (0xf0000153) f2  0xffffffff00000000
core   0: 0x0000000080000074 (0xf00001d3) fmv.w.x ft3, zero
core   0: 3 0x0000000080000074 (0xf00001d3) f3  0xffffffff00000000
core   0: 0x0000000080000078 (0xf0000253) fmv.w.x ft4, zero
core   0: 3 0x0000000080000078 (0xf0000253) f4  0xffffffff00000000
core   0: 0x000000008000007c (0xf00002d3) fmv.w.x ft5, zero
core   0: 3 0x000000008000007c (0xf00002d3) f5  0xffffffff00000000
core   0: 0x0000000080000080 (0xf0000353) fmv.w.x ft6, zero
core   0: 3 0x0000000080000080 (0xf0000353) f6  0xffffffff00000000
core   0: 0x0000000080000084 (0xf00003d3) fmv.w.x ft7, zero
core   0: 3 0x0000000080000084 (0xf00003d3) f7  0xffffffff00000000
core   0: 0x0000000080000088 (0xf0000453) fmv.w.x fs0, zero
core   0: 3 0x0000000080000088 (0xf0000453) f8  0xffffffff00000000
core   0: 0x000000008000008c (0xf00004d3) fmv.w.x fs1, zero
core   0: 3 0x000000008000008c (0xf00004d3) f9  0xffffffff00000000
core   0: 0x0000000080000090 (0xf0000553) fmv.w.x fa0, zero
core   0: 3 0x0000000080000090 (0xf0000553) f10 0xffffffff00000000
core   0: 0x0000000080000094 (0xf00005d3) fmv.w.x fa1, zero
core   0: 3 0x0000000080000094 (0xf00005d3) f11 0xffffffff00000000
core   0: 0x0000000080000098 (0xf0000653) fmv.w.x fa2, zero
core   0: 3 0x0000000080000098 (0xf0000653) f12 0xffffffff00000000
core   0: 0x000000008000009c (0xf00006d3) fmv.w.x fa3, zero
core   0: 3 0x000000008000009c (0xf00006d3) f13 0xffffffff00000000
core   0: 0x00000000800000a0 (0xf0000753) fmv.w.x fa4, zero
core   0: 3 0x00000000800000a0 (0xf0000753) f14 0xffffffff00000000
core   0: 0x00000000800000a4 (0xf00007d3) fmv.w.x fa5, zero
core   0: 3 0x00000000800000a4 (0xf00007d3) f15 0xffffffff00000000
core   0: 0x00000000800000a8 (0xf0000853) fmv.w.x fa6, zero
core   0: 3 0x00000000800000a8 (0xf0000853) f16 0xffffffff00000000
core   0: 0x00000000800000ac (0xf00008d3) fmv.w.x fa7, zero
core   0: 3 0x00000000800000ac (0xf00008d3) f17 0xffffffff00000000
core   0: 0x00000000800000b0 (0xf0000953) fmv.w.x fs2, zero
core   0: 3 0x00000000800000b0 (0xf0000953) f18 0xffffffff00000000
core   0: 0x00000000800000b4 (0xf00009d3) fmv.w.x fs3, zero
core   0: 3 0x00000000800000b4 (0xf00009d3) f19 0xffffffff00000000
core   0: 0x00000000800000b8 (0xf0000a53) fmv.w.x fs4, zero
core   0: 3 0x00000000800000b8 (0xf0000a53) f20 0xffffffff00000000
core   0: 0x00000000800000bc (0xf0000ad3) fmv.w.x fs5, zero
core   0: 3 0x00000000800000bc (0xf0000ad3) f21 0xffffffff00000000
core   0: 0x00000000800000c0 (0xf0000b53) fmv.w.x fs6, zero
core   0: 3 0x00000000800000c0 (0xf0000b53) f22 0xffffffff00000000
core   0: 0x00000000800000c4 (0xf0000bd3) fmv.w.x fs7, zero
core   0: 3 0x00000000800000c4 (0xf0000bd3) f23 0xffffffff00000000
core   0: 0x00000000800000c8 (0xf0000c53) fmv.w.x fs8, zero
core   0: 3 0x00000000800000c8 (0xf0000c53) f24 0xffffffff00000000
core   0: 0x00000000800000cc (0xf0000cd3) fmv.w.x fs9, zero
core   0: 3 0x00000000800000cc (0xf0000cd3) f25 0xffffffff00000000
core   0: 0x00000000800000d0 (0xf0000d53) fmv.w.x fs10, zero
core   0: 3 0x00000000800000d0 (0xf0000d53) f26 0xffffffff00000000
core   0: 0x00000000800000d4 (0xf0000dd3) fmv.w.x fs11, zero
core   0: 3 0x00000000800000d4 (0xf0000dd3) f27 0xffffffff00000000
core   0: 0x00000000800000d8 (0xf0000e53) fmv.w.x ft8, zero
core   0: 3 0x00000000800000d8 (0xf0000e53) f28 0xffffffff00000000
core   0: 0x00000000800000dc (0xf0000ed3) fmv.w.x ft9, zero
core   0: 3 0x00000000800000dc (0xf0000ed3) f29 0xffffffff00000000
core   0: 0x00000000800000e0 (0xf0000f53) fmv.w.x ft10, zero
core   0: 3 0x00000000800000e0 (0xf0000f53) f30 0xffffffff00000000
core   0: 0x00000000800000e4 (0xf0000fd3) fmv.w.x ft11, zero
core   0: 3 0x00000000800000e4 (0xf0000fd3) f31 0xffffffff00000000
core   0: 0x00000000800000e8 (0x00000297) auipc   t0, 0x0
core   0: 3 0x00000000800000e8 (0x00000297) x5  0x00000000800000e8
core   0: 0x00000000800000ec (0x03c28293) addi    t0, t0, 60
core   0: 3 0x00000000800000ec (0x03c28293) x5  0x0000000080000124
core   0: 0x00000000800000f0 (0x30529073) csrrw   zero, mtvec, t0
core   0: 3 0x00000000800000f0 (0x30529073) c773_mtvec 0x0000000080000124
core   0: 0x00000000800000f4 (0x00012197) auipc   gp, 0x12
core   0: 3 0x00000000800000f4 (0x00012197) x3  0x00000000800120f4
core   0: 0x00000000800000f8 (0x73418193) addi    gp, gp, 1844
core   0: 3 0x00000000800000f8 (0x73418193) x3  0x0000000080012828
core   0: 0x00000000800000fc (0x00012217) auipc   tp, 0x12
core   0: 3 0x00000000800000fc (0x00012217) x4  0x00000000800120fc
core   0: 0x0000000080000100 (0xf8320213) addi    tp, tp, -125
core   0: 3 0x0000000080000100 (0xf8320213) x4  0x000000008001207f
core   0: 0x0000000080000104 (0xfc027213) andi    tp, tp, -64
core   0: 3 0x0000000080000104 (0xfc027213) x4  0x0000000080012040
core   0: 0x0000000080000108 (0xf1402573) csrrs   a0, mhartid, zero
core   0: 3 0x0000000080000108 (0xf1402573) x10 0x0000000000000000
core   0: 0x000000008000010c (0x00004585) c.li    a1, 1
core   0: 3 0x000000008000010c (0x4585) x11 0x0000000000000001
core   0: 0x000000008000010e (0x00b57063) bgeu    a0, a1, pc + 0
core   0: 3 0x000000008000010e (0x00b57063)
core   0: 0x0000000080000112 (0x00150113) addi    sp, a0, 1
core   0: 3 0x0000000080000112 (0x00150113) x2  0x0000000000000001
core   0: 0x0000000080000116 (0x00000146) c.slli  sp, 17
core   0: 3 0x0000000080000116 (0x0146) x2  0x0000000000020000
core   0: 0x0000000080000118 (0x00009112) c.add   sp, tp
core   0: 3 0x0000000080000118 (0x9112) x2  0x0000000080032040
core   0: 0x000000008000011a (0x01151613) slli    a2, a0, 17
core   0: 3 0x000000008000011a (0x01151613) x12 0x0000000000000000
core   0: 0x000000008000011e (0x00009232) c.add   tp, a2
core   0: 3 0x000000008000011e (0x9232) x4  0x0000000080012040
core   0: 0x0000000080000120 (0x3b60f06f) j       pc + 0xf3b6
core   0: 3 0x0000000080000120 (0x3b60f06f)
core   0: >>>>  _init
core   0: 0x000000008000f4d6 (0x00007171) c.addi16sp sp, -176
core   0: 3 0x000000008000f4d6 (0x7171) x2  0x0000000080031f90
core   0: 0x000000008000f4d8 (0x0000f506) c.sdsp  ra, 168(sp)
core   0: 3 0x000000008000f4d8 (0xf506) mem 0x0000000080032038 0x0000000000000000
core   0: 0x000000008000f4da (0x0000f122) c.sdsp  s0, 160(sp)
core   0: 3 0x000000008000f4da (0xf122) mem 0x0000000080032030 0x0000000000000000
core   0: 0x000000008000f4dc (0x0000ed26) c.sdsp  s1, 152(sp)
core   0: 3 0x000000008000f4dc (0xed26) mem 0x0000000080032028 0x0000000000000000
core   0: 0x000000008000f4de (0x00001900) c.addi4spn s0, sp, 176
core   0: 3 0x000000008000f4de (0x1900) x8  0x0000000080032040
core   0: 0x000000008000f4e0 (0x000087aa) c.mv    a5, a0
core   0: 3 0x000000008000f4e0 (0x87aa) x15 0x0000000000000000
core   0: 0x000000008000f4e2 (0x0000872e) c.mv    a4, a1
core   0: 3 0x000000008000f4e2 (0x872e) x14 0x0000000000000001
core   0: 0x000000008000f4e4 (0xf4f42e23) sw      a5, -164(s0)
core   0: 3 0x000000008000f4e4 (0xf4f42e23) mem 0x0000000080031f9c 0x00000000
core   0: 0x000000008000f4e8 (0x000087ba) c.mv    a5, a4
core   0: 3 0x000000008000f4e8 (0x87ba) x15 0x0000000000000001
core   0: 0x000000008000f4ea (0xf4f42c23) sw      a5, -168(s0)
core   0: 3 0x000000008000f4ea (0xf4f42c23) mem 0x0000000080031f98 0x00000001
core   0: 0x000000008000f4ee (0xfe040793) addi    a5, s0, -32
core   0: 3 0x000000008000f4ee (0xfe040793) x15 0x0000000080032020
core   0: 0x000000008000f4f2 (0xf4f43823) sd      a5, -176(s0)
core   0: 3 0x000000008000f4f2 (0xf4f43823) mem 0x0000000080031f90 0x0000000080032020
core   0: 0x000000008000f4f6 (0xf5043783) ld      a5, -176(s0)
core   0: 3 0x000000008000f4f6 (0xf5043783) x15 0x0000000080032020 mem 0x0000000080031f90
core   0: 0x000000008000f4fa (0xf8078793) addi    a5, a5, -128
core   0: 3 0x000000008000f4fa (0xf8078793) x15 0x0000000080031fa0
core   0: 0x000000008000f4fe (0x03f78793) addi    a5, a5, 63
core   0: 3 0x000000008000f4fe (0x03f78793) x15 0x0000000080031fdf
core   0: 0x000000008000f502 (0x00008399) c.srli  a5, 6
core   0: 3 0x000000008000f502 (0x8399) x15 0x0000000002000c7f
core   0: 0x000000008000f504 (0x00679493) slli    s1, a5, 6
core   0: 3 0x000000008000f504 (0x00679493) x9  0x0000000080031fc0
core   0: 0x000000008000f508 (0xf65ff0ef) jal     pc - 0x9c
core   0: 3 0x000000008000f508 (0xf65ff0ef) x1  0x000000008000f50c
core   0: >>>>  init_tls
core   0: 0x000000008000f46c (0x00001101) c.addi  sp, -32
core   0: 3 0x000000008000f46c (0x1101) x2  0x0000000080031f70
core   0: 0x000000008000f46e (0x0000ec06) c.sdsp  ra, 24(sp)
core   0: 3 0x000000008000f46e (0xec06) mem 0x0000000080031f88 0x000000008000f50c
core   0: 0x000000008000f470 (0x0000e822) c.sdsp  s0, 16(sp)
core   0: 3 0x000000008000f470 (0xe822) mem 0x0000000080031f80 0x0000000080032040
core   0: 0x000000008000f472 (0x00001000) c.addi4spn s0, sp, 32
core   0: 3 0x000000008000f472 (0x1000) x8  0x0000000080031f90
core   0: 0x000000008000f474 (0x00003717) auipc   a4, 0x3
core   0: 3 0x000000008000f474 (0x00003717) x14 0x0000000080012474
core   0: 0x000000008000f478 (0xbb470713) addi    a4, a4, -1100
core   0: 3 0x000000008000f478 (0xbb470713) x14 0x0000000080012028
core   0: 0x000000008000f47c (0x00003797) auipc   a5, 0x3
core   0: 3 0x000000008000f47c (0x00003797) x15 0x000000008001247c
core   0: 0x000000008000f480 (0xbac78793) addi    a5, a5, -1108
core   0: 3 0x000000008000f480 (0xbac78793) x15 0x0000000080012028
core   0: 0x000000008000f484 (0x40f707b3) sub     a5, a4, a5
core   0: 3 0x000000008000f484 (0x40f707b3) x15 0x0000000000000000
core   0: 0x000000008000f488 (0xfef43423) sd      a5, -24(s0)
core   0: 3 0x000000008000f488 (0xfef43423) mem 0x0000000080031f78 0x0000000000000000
core   0: 0x000000008000f48c (0x00008792) c.mv    a5, tp
core   0: 3 0x000000008000f48c (0x8792) x15 0x0000000080012040
core   0: 0x000000008000f48e (0xfe843603) ld      a2, -24(s0)
core   0: 3 0x000000008000f48e (0xfe843603) x12 0x0000000000000000 mem 0x0000000080031f78
core   0: 0x000000008000f492 (0x00003597) auipc   a1, 0x3
core   0: 3 0x000000008000f492 (0x00003597) x11 0x0000000080012492
core   0: 0x000000008000f496 (0xb9658593) addi    a1, a1, -1130
core   0: 3 0x000000008000f496 (0xb9658593) x11 0x0000000080012028
core   0: 0x000000008000f49a (0x0000853e) c.mv    a0, a5
core   0: 3 0x000000008000f49a (0x853e) x10 0x0000000080012040
core   0: 0x000000008000f49c (0x0f9000ef) jal     pc + 0x8f8
core   0: 3 0x000000008000f49c (0x0f9000ef) x1  0x000000008000f4a0
core   0: >>>>  memcpy
core   0: 0x000000008000fd94 (0x0000715d) c.addi16sp sp, -80
core   0: 3 0x000000008000fd94 (0x715d) x2  0x0000000080031f20
core   0: 0x000000008000fd96 (0x0000e4a2) c.sdsp  s0, 72(sp)
core   0: 3 0x000000008000fd96 (0xe4a2) mem 0x0000000080031f68 0x0000000080031f90
core   0: 0x000000008000fd98 (0x00000880) c.addi4spn s0, sp, 80
core   0: 3 0x000000008000fd98 (0x0880) x8  0x0000000080031f70
core   0: 0x000000008000fd9a (0xfca43423) sd      a0, -56(s0)
core   0: 3 0x000000008000fd9a (0xfca43423) mem 0x0000000080031f38 0x0000000080012040
core   0: 0x000000008000fd9e (0xfcb43023) sd      a1, -64(s0)
core   0: 3 0x000000008000fd9e (0xfcb43023) mem 0x0000000080031f30 0x0000000080012028
core   0: 0x000000008000fda2 (0xfac43c23) sd      a2, -72(s0)
core   0: 3 0x000000008000fda2 (0xfac43c23) mem 0x0000000080031f28 0x0000000000000000
core   0: 0x000000008000fda6 (0xfc843703) ld      a4, -56(s0)
core   0: 3 0x000000008000fda6 (0xfc843703) x14 0x0000000080012040 mem 0x0000000080031f38
core   0: 0x000000008000fdaa (0xfc043783) ld      a5, -64(s0)
core   0: 3 0x000000008000fdaa (0xfc043783) x15 0x0000000080012028 mem 0x0000000080031f30
core   0: 0x000000008000fdae (0x00008f5d) c.or    a4, a5
core   0: 3 0x000000008000fdae (0x8f5d) x14 0x0000000080012068
core   0: 0x000000008000fdb0 (0xfb843783) ld      a5, -72(s0)
core   0: 3 0x000000008000fdb0 (0xfb843783) x15 0x0000000000000000 mem 0x0000000080031f28
core   0: 0x000000008000fdb4 (0x00008fd9) c.or    a5, a4
core   0: 3 0x000000008000fdb4 (0x8fd9) x15 0x0000000080012068
core   0: 0x000000008000fdb6 (0x00008b9d) c.andi  a5, 7
core   0: 3 0x000000008000fdb6 (0x8b9d) x15 0x0000000000000000
core   0: 0x000000008000fdb8 (0x0000e3b1) c.bnez  a5, pc + 68
core   0: 3 0x000000008000fdb8 (0xe3b1)
core   0: 0x000000008000fdba (0xfc043783) ld      a5, -64(s0)
core   0: 3 0x000000008000fdba (0xfc043783) x15 0x0000000080012028 mem 0x0000000080031f30
core   0: 0x000000008000fdbe (0xfef43423) sd      a5, -24(s0)
core   0: 3 0x000000008000fdbe (0xfef43423) mem 0x0000000080031f58 0x0000000080012028
core   0: 0x000000008000fdc2 (0xfc843783) ld      a5, -56(s0)
core   0: 3 0x000000008000fdc2 (0xfc843783) x15 0x0000000080012040 mem 0x0000000080031f38
core   0: 0x000000008000fdc6 (0xfef43023) sd      a5, -32(s0)
core   0: 3 0x000000008000fdc6 (0xfef43023) mem 0x0000000080031f50 0x0000000080012040
core   0: 0x000000008000fdca (0x0000a839) c.j     pc + 30
core   0: 3 0x000000008000fdca (0xa839)
core   0: 0x000000008000fde8 (0xfc843703) ld      a4, -56(s0)
core   0: 3 0x000000008000fde8 (0xfc843703) x14 0x0000000080012040 mem 0x0000000080031f38
core   0: 0x000000008000fdec (0xfb843783) ld      a5, -72(s0)
core   0: 3 0x000000008000fdec (0xfb843783) x15 0x0000000000000000 mem 0x0000000080031f28
core   0: 0x000000008000fdf0 (0x000097ba) c.add   a5, a4
core   0: 3 0x000000008000fdf0 (0x97ba) x15 0x0000000080012040
core   0: 0x000000008000fdf2 (0xfe043703) ld      a4, -32(s0)
core   0: 3 0x000000008000fdf2 (0xfe043703) x14 0x0000000080012040 mem 0x0000000080031f50
core   0: 0x000000008000fdf6 (0xfcf76be3) bltu    a4, a5, pc - 42
core   0: 3 0x000000008000fdf6 (0xfcf76be3)
core   0: 0x000000008000fdfa (0x0000a099) c.j     pc + 70
core   0: 3 0x000000008000fdfa (0xa099)
core   0: 0x000000008000fe40 (0xfc843783) ld      a5, -56(s0)
core   0: 3 0x000000008000fe40 (0xfc843783) x15 0x0000000080012040 mem 0x0000000080031f38
core   0: 0x000000008000fe44 (0x0000853e) c.mv    a0, a5
core   0: 3 0x000000008000fe44 (0x853e) x10 0x0000000080012040
core   0: 0x000000008000fe46 (0x00006426) c.ldsp  s0, 72(sp)
core   0: 3 0x000000008000fe46 (0x6426) x8  0x0000000080031f90 mem 0x0000000080031f68
core   0: 0x000000008000fe48 (0x00006161) c.addi16sp sp, 80
core   0: 3 0x000000008000fe48 (0x6161) x2  0x0000000080031f70
core   0: 0x000000008000fe4a (0x00008082) ret
core   0: 3 0x000000008000fe4a (0x8082)
core   0: 0x000000008000f4a0 (0x00003717) auipc   a4, 0x3
core   0: 3 0x000000008000f4a0 (0x00003717) x14 0x00000000800124a0
core   0: 0x000000008000f4a4 (0xc2470713) addi    a4, a4, -988
core   0: 3 0x000000008000f4a4 (0xc2470713) x14 0x00000000800120c4
core   0: 0x000000008000f4a8 (0x00003797) auipc   a5, 0x3
core   0: 3 0x000000008000f4a8 (0x00003797) x15 0x00000000800124a8
core   0: 0x000000008000f4ac (0xb8078793) addi    a5, a5, -1152
core   0: 3 0x000000008000f4ac (0xb8078793) x15 0x0000000080012028
core   0: 0x000000008000f4b0 (0x40f707b3) sub     a5, a4, a5
core   0: 3 0x000000008000f4b0 (0x40f707b3) x15 0x000000000000009c
core   0: 0x000000008000f4b4 (0xfef43023) sd      a5, -32(s0)
core   0: 3 0x000000008000f4b4 (0xfef43023) mem 0x0000000080031f70 0x000000000000009c
core   0: 0x000000008000f4b8 (0x00008712) c.mv    a4, tp
core   0: 3 0x000000008000f4b8 (0x8712) x14 0x0000000080012040
core   0: 0x000000008000f4ba (0xfe843783) ld      a5, -24(s0)
core   0: 3 0x000000008000f4ba (0xfe843783) x15 0x0000000000000000 mem 0x0000000080031f78
core   0: 0x000000008000f4be (0x000097ba) c.add   a5, a4
core   0: 3 0x000000008000f4be (0x97ba) x15 0x0000000080012040
core   0: 0x000000008000f4c0 (0xfe043603) ld      a2, -32(s0)
core   0: 3 0x000000008000f4c0 (0xfe043603) x12 0x000000000000009c mem 0x0000000080031f70
core   0: 0x000000008000f4c4 (0x00004581) c.li    a1, 0
core   0: 3 0x000000008000f4c4 (0x4581) x11 0x0000000000000000
core   0: 0x000000008000f4c6 (0x0000853e) c.mv    a0, a5
core   0: 3 0x000000008000f4c6 (0x853e) x10 0x0000000080012040
core   0: 0x000000008000f4c8 (0x185000ef) jal     pc + 0x984
core   0: 3 0x000000008000f4c8 (0x185000ef) x1  0x000000008000f4cc
core   0: >>>>  memset
core   0: 0x000000008000fe4c (0x0000715d) c.addi16sp sp, -80
core   0: 3 0x000000008000fe4c (0x715d) x2  0x0000000080031f20
core   0: 0x000000008000fe4e (0x0000e4a2) c.sdsp  s0, 72(sp)
core   0: 3 0x000000008000fe4e (0xe4a2) mem 0x0000000080031f68 0x0000000080031f90
core   0: 0x000000008000fe50 (0x00000880) c.addi4spn s0, sp, 80
core   0: 3 0x000000008000fe50 (0x0880) x8  0x0000000080031f70
core   0: 0x000000008000fe52 (0xfca43423) sd      a0, -56(s0)
core   0: 3 0x000000008000fe52 (0xfca43423) mem 0x0000000080031f38 0x0000000080012040
core   0: 0x000000008000fe56 (0x000087ae) c.mv    a5, a1
core   0: 3 0x000000008000fe56 (0x87ae) x15 0x0000000000000000
core   0: 0x000000008000fe58 (0xfac43c23) sd      a2, -72(s0)
core   0: 3 0x000000008000fe58 (0xfac43c23) mem 0x0000000080031f28 0x000000000000009c
core   0: 0x000000008000fe5c (0xfcf42223) sw      a5, -60(s0)
core   0: 3 0x000000008000fe5c (0xfcf42223) mem 0x0000000080031f34 0x00000000
core   0: 0x000000008000fe60 (0xfc843703) ld      a4, -56(s0)
core   0: 3 0x000000008000fe60 (0xfc843703) x14 0x0000000080012040 mem 0x0000000080031f38
core   0: 0x000000008000fe64 (0xfb843783) ld      a5, -72(s0)
core   0: 3 0x000000008000fe64 (0xfb843783) x15 0x000000000000009c mem 0x0000000080031f28
core   0: 0x000000008000fe68 (0x00008fd9) c.or    a5, a4
core   0: 3 0x000000008000fe68 (0x8fd9) x15 0x00000000800120dc
core   0: 0x000000008000fe6a (0x00008b9d) c.andi  a5, 7
core   0: 3 0x000000008000fe6a (0x8b9d) x15 0x0000000000000004
core   0: 0x000000008000fe6c (0x0000e7bd) c.bnez  a5, pc + 110
core   0: 3 0x000000008000fe6c (0xe7bd)
core   0: 0x000000008000feda (0xfc843783) ld      a5, -56(s0)
core   0: 3 0x000000008000feda (0xfc843783) x15 0x0000000080012040 mem 0x0000000080031f38
core   0: 0x000000008000fede (0xfef43023) sd      a5, -32(s0)
core   0: 3 0x000000008000fede (0xfef43023) mem 0x0000000080031f50 0x0000000080012040
core   0: 0x000000008000fee2 (0x0000a829) c.j     pc + 26
core   0: 3 0x000000008000fee2 (0xa829)
core   0: 0x000000008000fefc (0xfc843703) ld      a4, -56(s0)
core   0: 3 0x000000008000fefc (0xfc843703) x14 0x0000000080012040 mem 0x0000000080031f38
core   0: 0x000000008000ff00 (0xfb843783) ld      a5, -72(s0)
core   0: 3 0x000000008000ff00 (0xfb843783) x15 0x000000000000009c mem 0x0000000080031f28
core   0: 0x000000008000ff04 (0x000097ba) c.add   a5, a4
core   0: 3 0x000000008000ff04 (0x97ba) x15 0x00000000800120dc
core   0: 0x000000008000ff06 (0xfe043703) ld      a4, -32(s0)
core   0: 3 0x000000008000ff06 (0xfe043703) x14 0x0000000080012040 mem 0x0000000080031f50
core   0: 0x000000008000ff0a (0xfcf76de3) bltu    a4, a5, pc - 38
core   0: 3 0x000000008000ff0a (0xfcf76de3)
core   0: 0x000000008000fee4 (0xfe043783) ld      a5, -32(s0)
core   0: 3 0x000000008000fee4 (0xfe043783) x15 0x0000000080012040 mem 0x0000000080031f50
core   0: 0x000000008000fee8 (0x00178713) addi    a4, a5, 1
core   0: 3 0x000000008000fee8 (0x00178713) x14 0x0000000080012041
core   0: 0x000000008000feec (0xfee43023) sd      a4, -32(s0)
core   0: 3 0x000000008000feec (0xfee43023) mem 0x0000000080031f50 0x0000000080012041
core   0: 0x000000008000fef0 (0xfc442703) lw      a4, -60(s0)
core   0: 3 0x000000008000fef0 (0xfc442703) x14 0x0000000000000000 mem 0x0000000080031f34
core   0: 0x000000008000fef4 (0x0ff77713) andi    a4, a4, 255
core   0: 3 0x000000008000fef4 (0x0ff77713) x14 0x0000000000000000
core   0: 0x000000008000fef8 (0x00e78023) sb      a4, 0(a5)
core   0: 3 0x000000008000fef8 (0x00e78023) mem 0x0000000080012040 0x00
core   0: 0x000000008000fefc (0xfc843703) ld      a4, -56(s0)
core   0: 3 0x000000008000fefc (0xfc843703) x14 0x0000000080012040 mem 0x0000000080031f38
core   0: 0x000000008000ff00 (0xfb843783) ld      a5, -72(s0)
core   0: 3 0x000000008000ff00 (0xfb843783) x15 0x000000000000009c mem 0x0000000080031f28
core   0: 0x000000008000ff04 (0x000097ba) c.add   a5, a4
core   0: 3 0x000000008000ff04 (0x97ba) x15 0x00000000800120dc
core   0: 0x000000008000ff06 (0xfe043703) ld      a4, -32(s0)
core   0: 3 0x000000008000ff06 (0xfe043703) x14 0x0000000080012041 mem 0x0000000080031f50
core   0: 0x000000008000ff0a (0xfcf76de3) bltu    a4, a5, pc - 38
core   0: 3 0x000000008000ff0a (0xfcf76de3)
core   0: 0x000000008000fee4 (0xfe043783) ld      a5, -32(s0)
core   0: 3 0x000000008000fee4 (0xfe043783) x15 0x0000000080012041 mem 0x0000000080031f50
core   0: 0x000000008000fee8 (0x00178713) addi    a4, a5, 1
core   0: 3 0x000000008000fee8 (0x00178713) x14 0x0000000080012042
core   0: 0x000000008000feec (0xfee43023) sd      a4, -32(s0)
core   0: 3 0x000000008000feec (0xfee43023) mem 0x0000000080031f50 0x0000000080012042
core   0: 0x000000008000fef0 (0xfc442703) lw      a4, -60(s0)
core   0: 3 0x000000008000fef0 (0xfc442703) x14 0x0000000000000000 mem 0x0000000080031f34
core   0: 0x000000008000fef4 (0x0ff77713) andi    a4, a4, 255
core   0: 3 0x000000008000fef4 (0x0ff77713) x14 0x0000000000000000
core   0: 0x000000008000fef8 (0x00e78023) sb      a4, 0(a5)
core   0: 3 0x000000008000fef8 (0x00e78023) mem 0x0000000080012041 0x00
core   0: 0x000000008000fefc (0xfc843703) ld      a4, -56(s0)
core   0: 3 0x000000008000fefc (0xfc843703) x14 0x0000000080012040 mem 0x0000000080031f38
core   0: 0x000000008000ff00 (0xfb843783) ld      a5, -72(s0)
core   0: 3 0x000000008000ff00 (0xfb843783) x15 0x000000000000009c mem 0x0000000080031f28
core   0: 0x000000008000ff04 (0x000097ba) c.add   a5, a4
core   0: 3 0x000000008000ff04 (0x97ba) x15 0x00000000800120dc
core   0: 0x000000008000ff06 (0xfe043703) ld      a4, -32(s0)
core   0: 3 0x000000008000ff06 (0xfe043703) x14 0x0000000080012042 mem 0x0000000080031f50
core   0: 0x000000008000ff0a (0xfcf76de3) bltu    a4, a5, pc - 38
core   0: 3 0x000000008000ff0a (0xfcf76de3)
core   0: 0x000000008000fee4 (0xfe043783) ld      a5, -32(s0)
core   0: 3 0x000000008000fee4 (0xfe043783) x15 0x0000000080012042 mem 0x0000000080031f50
core   0: 0x000000008000fee8 (0x00178713) addi    a4, a5, 1
core   0: 3 0x000000008000fee8 (0x00178713) x14 0x0000000080012043
core   0: 0x000000008000feec (0xfee43023) sd      a4, -32(s0)
core   0: 3 0x000000008000feec (0xfee43023) mem 0x0000000080031f50 0x0000000080012043
core   0: 0x000000008000fef0 (0xfc442703) lw      a4, -60(s0)
core   0: 3 0x000000008000fef0 (0xfc442703) x14 0x0000000000000000 mem 0x0000000080031f34
core   0: 0x000000008000fef4 (0x0ff77713) andi    a4, a4, 255
core   0: 3 0x000000008000fef4 (0x0ff77713) x14 0x0000000000000000
core   0: 0x000000008000fef8 (0x00e78023) sb      a4, 0(a5)
core   0: 3 0x000000008000fef8 (0x00e78023) mem 0x0000000080012042 0x00
core   0: 0x000000008000fefc (0xfc843703) ld      a4, -56(s0)
core   0: 3 0x000000008000fefc (0xfc843703) x14 0x0000000080012040 mem 0x0000000080031f38
core   0: 0x000000008000ff00 (0xfb843783) ld      a5, -72(s0)
core   0: 3 0x000000008000ff00 (0xfb843783) x15 0x000000000000009c mem 0x0000000080031f28
core   0: 0x000000008000ff04 (0x000097ba) c.add   a5, a4
core   0: 3 0x000000008000ff04 (0x97ba) x15 0x00000000800120dc
core   0: 0x000000008000ff06 (0xfe043703) ld      a4, -32(s0)
core   0: 3 0x000000008000ff06 (0xfe043703) x14 0x0000000080012043 mem 0x0000000080031f50
core   0: 0x000000008000ff0a (0xfcf76de3) bltu    a4, a5, pc - 38
core   0: 3 0x000000008000ff0a (0xfcf76de3)
core   0: 0x000000008000fee4 (0xfe043783) ld      a5, -32(s0)
core   0: 3 0x000000008000fee4 (0xfe043783) x15 0x0000000080012043 mem 0x0000000080031f50
core   0: 0x000000008000fee8 (0x00178713) addi    a4, a5, 1
core   0: 3 0x000000008000fee8 (0x00178713) x14 0x0000000080012044
core   0: 0x000000008000feec (0xfee43023) sd      a4, -32(s0)
core   0: 3 0x000000008000feec (0xfee43023) mem 0x0000000080031f50 0x0000000080012044
core   0: 0x000000008000fef0 (0xfc442703) lw      a4, -60(s0)
core   0: 3 0x000000008000fef0 (0xfc442703) x14 0x0000000000000000 mem 0x0000000080031f34
core   0: 0x000000008000fef4 (0x0ff77713) andi    a4, a4, 255
core   0: 3 0x000000008000fef4 (0x0ff77713) x14 0x0000000000000000
core   0: 0x000000008000fef8 (0x00e78023) sb      a4, 0(a5)
core   0: 3 0x000000008000fef8 (0x00e78023) mem 0x0000000080012043 0x00
core   0: 0x000000008000fefc (0xfc843703) ld      a4, -56(s0)
core   0: 3 0x000000008000fefc (0xfc843703) x14 0x0000000080012040 mem 0x0000000080031f38
core   0: 0x000000008000ff00 (0xfb843783) ld      a5, -72(s0)
core   0: 3 0x000000008000ff00 (0xfb843783) x15 0x000000000000009c mem 0x0000000080031f28
core   0: 0x000000008000ff04 (0x000097ba) c.add   a5, a4
core   0: 3 0x000000008000ff04 (0x97ba) x15 0x00000000800120dc
core   0: 0x000000008000ff06 (0xfe043703) ld      a4, -32(s0)
core   0: 3 0x000000008000ff06 (0xfe043703) x14 0x0000000080012044 mem 0x0000000080031f50
core   0: 0x000000008000ff0a (0xfcf76de3) bltu    a4, a5, pc - 38
core   0: 3 0x000000008000ff0a (0xfcf76de3)
core   0: 0x000000008000fee4 (0xfe043783) ld      a5, -32(s0)
core   0: 3 0x000000008000fee4 (0xfe043783) x15 0x0000000080012044 mem 0x0000000080031f50
core   0: 0x000000008000fee8 (0x00178713) addi    a4, a5, 1
core   0: 3 0x000000008000fee8 (0x00178713) x14 0x0000000080012045
core   0: 0x000000008000feec (0xfee43023) sd      a4, -32(s0)
core   0: 3 0x000000008000feec (0xfee43023) mem 0x0000000080031f50 0x0000000080012045
core   0: 0x000000008000fef0 (0xfc442703) lw      a4, -60(s0)
core   0: 3 0x000000008000fef0 (0xfc442703) x14 0x0000000000000000 mem 0x0000000080031f34
core   0: 0x000000008000fef4 (0x0ff77713) andi    a4, a4, 255
core   0: 3 0x000000008000fef4 (0x0ff77713) x14 0x0000000000000000
core   0: 0x000000008000fef8 (0x00e78023) sb      a4, 0(a5)
core   0: 3 0x000000008000fef8 (0x00e78023) mem 0x0000000080012044 0x00
core   0: 0x000000008000fefc (0xfc843703) ld      a4, -56(s0)
core   0: 3 0x000000008000fefc (0xfc843703) x14 0x0000000080012040 mem 0x0000000080031f38
core   0: 0x000000008000ff00 (0xfb843783) ld      a5, -72(s0)
core   0: 3 0x000000008000ff00 (0xfb843783) x15 0x000000000000009c mem 0x0000000080031f28
core   0: 0x000000008000ff04 (0x000097ba) c.add   a5, a4
core   0: 3 0x000000008000ff04 (0x97ba) x15 0x00000000800120dc
core   0: 0x000000008000ff06 (0xfe043703) ld      a4, -32(s0)
core   0: 3 0x000000008000ff06 (0xfe043703) x14 0x0000000080012045 mem 0x0000000080031f50
core   0: 0x000000008000ff0a (0xfcf76de3) bltu    a4, a5, pc - 38
core   0: 3 0x000000008000ff0a (0xfcf76de3)
core   0: 0x000000008000fee4 (0xfe043783) ld      a5, -32(s0)
core   0: 3 0x000000008000fee4 (0xfe043783) x15 0x0000000080012045 mem 0x0000000080031f50
core   0: 0x000000008000fee8 (0x00178713) addi    a4, a5, 1
core   0: 3 0x000000008000fee8 (0x00178713) x14 0x0000000080012046
core   0: 0x000000008000feec (0xfee43023) sd      a4, -32(s0)
core   0: 3 0x000000008000feec (0xfee43023) mem 0x0000000080031f50 0x0000000080012046
core   0: 0x000000008000fef0 (0xfc442703) lw      a4, -60(s0)
core   0: 3 0x000000008000fef0 (0xfc442703) x14 0x0000000000000000 mem 0x0000000080031f34
core   0: 0x000000008000fef4 (0x0ff77713) andi    a4, a4, 255
core   0: 3 0x000000008000fef4 (0x0ff77713) x14 0x0000000000000000
core   0: 0x000000008000fef8 (0x00e78023) sb      a4, 0(a5)
core   0: 3 0x000000008000fef8 (0x00e78023) mem 0x0000000080012045 0x00
core   0: 0x000000008000fefc (0xfc843703) ld      a4, -56(s0)
core   0: 3 0x000000008000fefc (0xfc843703) x14 0x0000000080012040 mem 0x0000000080031f38
core   0: 0x000000008000ff00 (0xfb843783) ld      a5, -72(s0)
core   0: 3 0x000000008000ff00 (0xfb843783) x15 0x000000000000009c mem 0x0000000080031f28
core   0: 0x000000008000ff04 (0x000097ba) c.add   a5, a4
core   0: 3 0x000000008000ff04 (0x97ba) x15 0x00000000800120dc
core   0: 0x000000008000ff06 (0xfe043703) ld      a4, -32(s0)
core   0: 3 0x000000008000ff06 (0xfe043703) x14 0x0000000080012046 mem 0x0000000080031f50
core   0: 0x000000008000ff0a (0xfcf76de3) bltu    a4, a5, pc - 38
core   0: 3 0x000000008000ff0a (0xfcf76de3)
core   0: 0x000000008000fee4 (0xfe043783) ld      a5, -32(s0)
core   0: 3 0x000000008000fee4 (0xfe043783) x15 0x0000000080012046 mem 0x0000000080031f50
core   0: 0x000000008000fee8 (0x00178713) addi    a4, a5, 1
core   0: 3 0x000000008000fee8 (0x00178713) x14 0x0000000080012047
core   0: 0x000000008000feec (0xfee43023) sd      a4, -32(s0)
core   0: 3 0x000000008000feec (0xfee43023) mem 0x0000000080031f50 0x0000000080012047
core   0: 0x000000008000fef0 (0xfc442703) lw      a4, -60(s0)
core   0: 3 0x000000008000fef0 (0xfc442703) x14 0x0000000000000000 mem 0x0000000080031f34
core   0: 0x000000008000fef4 (0x0ff77713) andi    a4, a4, 255
core   0: 3 0x000000008000fef4 (0x0ff77713) x14 0x0000000000000000
core   0: 0x000000008000fef8 (0x00e78023) sb      a4, 0(a5)
core   0: 3 0x000000008000fef8 (0x00e78023) mem 0x0000000080012046 0x00
core   0: 0x000000008000fefc (0xfc843703) ld      a4, -56(s0)
core   0: 3 0x000000008000fefc (0xfc843703) x14 0x0000000080012040 mem 0x0000000080031f38
core   0: 0x000000008000ff00 (0xfb843783) ld      a5, -72(s0)
core   0: 3 0x000000008000ff00 (0xfb843783) x15 0x000000000000009c mem 0x0000000080031f28
core   0: 0x000000008000ff04 (0x000097ba) c.add   a5, a4
core   0: 3 0x000000008000ff04 (0x97ba) x15 0x00000000800120dc
core   0: 0x000000008000ff06 (0xfe043703) ld      a4, -32(s0)
core   0: 3 0x000000008000ff06 (0xfe043703) x14 0x0000000080012047 mem 0x0000000080031f50
core   0: 0x000000008000ff0a (0xfcf76de3) bltu    a4, a5, pc - 38
core   0: 3 0x000000008000ff0a (0xfcf76de3)
core   0: 0x000000008000fee4 (0xfe043783) ld      a5, -32(s0)
core   0: 3 0x000000008000fee4 (0xfe043783) x15 0x0000000080012047 mem 0x0000000080031f50
core   0: 0x000000008000fee8 (0x00178713) addi    a4, a5, 1
core   0: 3 0x000000008000fee8 (0x00178713) x14 0x0000000080012048
core   0: 0x000000008000feec (0xfee43023) sd      a4, -32(s0)
core   0: 3 0x000000008000feec (0xfee43023) mem 0x0000000080031f50 0x0000000080012048
core   0: 0x000000008000fef0 (0xfc442703) lw      a4, -60(s0)
core   0: 3 0x000000008000fef0 (0xfc442703) x14 0x0000000000000000 mem 0x0000000080031f34
core   0: 0x000000008000fef4 (0x0ff77713) andi    a4, a4, 255
core   0: 3 0x000000008000fef4 (0x0ff77713) x14 0x0000000000000000
core   0: 0x000000008000fef8 (0x00e78023) sb      a4, 0(a5)
core   0: 3 0x000000008000fef8 (0x00e78023) mem 0x0000000080012047 0x00
core   0: 0x000000008000fefc (0xfc843703) ld      a4, -56(s0)
core   0: 3 0x000000008000fefc (0xfc843703) x14 0x0000000080012040 mem 0x0000000080031f38
core   0: 0x000000008000ff00 (0xfb843783) ld      a5, -72(s0)
core   0: 3 0x000000008000ff00 (0xfb843783) x15 0x000000000000009c mem 0x0000000080031f28
core   0: 0x000000008000ff04 (0x000097ba) c.add   a5, a4
core   0: 3 0x000000008000ff04 (0x97ba) x15 0x00000000800120dc
core   0: 0x000000008000ff06 (0xfe043703) ld      a4, -32(s0)
core   0: 3 0x000000008000ff06 (0xfe043703) x14 0x0000000080012048 mem 0x0000000080031f50
core   0: 0x000000008000ff0a (0xfcf76de3) bltu    a4, a5, pc - 38
core   0: 3 0x000000008000ff0a (0xfcf76de3)
core   0: 0x000000008000fee4 (0xfe043783) ld      a5, -32(s0)
core   0: 3 0x000000008000fee4 (0xfe043783) x15 0x0000000080012048 mem 0x0000000080031f50
core   0: 0x000000008000fee8 (0x00178713) addi    a4, a5, 1
core   0: 3 0x000000008000fee8 (0x00178713) x14 0x0000000080012049
core   0: 0x000000008000feec (0xfee43023) sd      a4, -32(s0)
core   0: 3 0x000000008000feec (0xfee43023) mem 0x0000000080031f50 0x0000000080012049
core   0: 0x000000008000fef0 (0xfc442703) lw      a4, -60(s0)
core   0: 3 0x000000008000fef0 (0xfc442703) x14 0x0000000000000000 mem 0x0000000080031f34
core   0: 0x000000008000fef4 (0x0ff77713) andi    a4, a4, 255
core   0: 3 0x000000008000fef4 (0x0ff77713) x14 0x0000000000000000
core   0: 0x000000008000fef8 (0x00e78023) sb      a4, 0(a5)
core   0: 3 0x000000008000fef8 (0x00e78023) mem 0x0000000080012048 0x00
core   0: 0x000000008000fefc (0xfc843703) ld      a4, -56(s0)
core   0: 3 0x000000008000fefc (0xfc843703) x14 0x0000000080012040 mem 0x0000000080031f38
core   0: 0x000000008000ff00 (0xfb843783) ld      a5, -72(s0)
core   0: 3 0x000000008000ff00 (0xfb843783) x15 0x000000000000009c mem 0x0000000080031f28
core   0: 0x000000008000ff04 (0x000097ba) c.add   a5, a4
core   0: 3 0x000000008000ff04 (0x97ba) x15 0x00000000800120dc
core   0: 0x000000008000ff06 (0xfe043703) ld      a4, -32(s0)
core   0: 3 0x000000008000ff06 (0xfe043703) x14 0x0000000080012049 mem 0x0000000080031f50
core   0: 0x000000008000ff0a (0xfcf76de3) bltu    a4, a5, pc - 38
core   0: 3 0x000000008000ff0a (0xfcf76de3)
core   0: 0x000000008000fee4 (0xfe043783) ld      a5, -32(s0)
core   0: 3 0x000000008000fee4 (0xfe043783) x15 0x0000000080012049 mem 0x0000000080031f50
core   0: 0x000000008000fee8 (0x00178713) addi    a4, a5, 1
core   0: 3 0x000000008000fee8 (0x00178713) x14 0x000000008001204a
core   0: 0x000000008000feec (0xfee43023) sd      a4, -32(s0)
core   0: 3 0x000000008000feec (0xfee43023) mem 0x0000000080031f50 0x000000008001204a
core   0: 0x000000008000fef0 (0xfc442703) lw      a4, -60(s0)
core   0: 3 0x000000008000fef0 (0xfc442703) x14 0x0000000000000000 mem 0x0000000080031f34
core   0: 0x000000008000fef4 (0x0ff77713) andi    a4, a4, 255
core   0: 3 0x000000008000fef4 (0x0ff77713) x14 0x0000000000000000
core   0: 0x000000008000fef8 (0x00e78023) sb      a4, 0(a5)
core   0: 3 0x000000008000fef8 (0x00e78023) mem 0x0000000080012049 0x00
core   0: 0x000000008000fefc (0xfc843703) ld      a4, -56(s0)
core   0: 3 0x000000008000fefc (0xfc843703) x14 0x0000000080012040 mem 0x0000000080031f38
core   0: 0x000000008000ff00 (0xfb843783) ld      a5, -72(s0)
core   0: 3 0x000000008000ff00 (0xfb843783) x15 0x000000000000009c mem 0x0000000080031f28
core   0: 0x000000008000ff04 (0x000097ba) c.add   a5, a4
core   0: 3 0x000000008000ff04 (0x97ba) x15 0x00000000800120dc
core   0: 0x000000008000ff06 (0xfe043703) ld      a4, -32(s0)
core   0: 3 0x000000008000ff06 (0xfe043703) x14 0x000000008001204a mem 0x0000000080031f50
core   0: 0x000000008000ff0a (0xfcf76de3) bltu    a4, a5, pc - 38
core   0: 3 0x000000008000ff0a (0xfcf76de3)
core   0: 0x000000008000fee4 (0xfe043783) ld      a5, -32(s0)
core   0: 3 0x000000008000fee4 (0xfe043783) x15 0x000000008001204a mem 0x0000000080031f50
core   0: 0x000000008000fee8 (0x00178713) addi    a4, a5, 1
core   0: 3 0x000000008000fee8 (0x00178713) x14 0x000000008001204b
core   0: 0x000000008000feec (0xfee43023) sd      a4, -32(s0)
core   0: 3 0x000000008000feec (0xfee43023) mem 0x0000000080031f50 0x000000008001204b
core   0: 0x000000008000fef0 (0xfc442703) lw      a4, -60(s0)
core   0: 3 0x000000008000fef0 (0xfc442703) x14 0x0000000000000000 mem 0x0000000080031f34
core   0: 0x000000008000fef4 (0x0ff77713) andi    a4, a4, 255
core   0: 3 0x000000008000fef4 (0x0ff77713) x14 0x0000000000000000
core   0: 0x000000008000fef8 (0x00e78023) sb      a4, 0(a5)
core   0: 3 0x000000008000fef8 (0x00e78023) mem 0x000000008001204a 0x00
core   0: 0x000000008000fefc (0xfc843703) ld      a4, -56(s0)
core   0: 3 0x000000008000fefc (0xfc843703) x14 0x0000000080012040 mem 0x0000000080031f38
core   0: 0x000000008000ff00 (0xfb843783) ld      a5, -72(s0)
core   0: 3 0x000000008000ff00 (0xfb843783) x15 0x000000000000009c mem 0x0000000080031f28
core   0: 0x000000008000ff04 (0x000097ba) c.add   a5, a4
core   0: 3 0x000000008000ff04 (0x97ba) x15 0x00000000800120dc
core   0: 0x000000008000ff06 (0xfe043703) ld      a4, -32(s0)
core   0: 3 0x000000008000ff06 (0xfe043703) x14 0x000000008001204b mem 0x0000000080031f50
core   0: 0x000000008000ff0a (0xfcf76de3) bltu    a4, a5, pc - 38
core   0: 3 0x000000008000ff0a (0xfcf76de3)
core   0: 0x000000008000fee4 (0xfe043783) ld      a5, -32(s0)
core   0: 3 0x000000008000fee4 (0xfe043783) x15 0x000000008001204b mem 0x0000000080031f50
core   0: 0x000000008000fee8 (0x00178713) addi    a4, a5, 1
core   0: 3 0x000000008000fee8 (0x00178713) x14 0x000000008001204c
core   0: 0x000000008000feec (0xfee43023) sd      a4, -32(s0)
core   0: 3 0x000000008000feec (0xfee43023) mem 0x0000000080031f50 0x000000008001204c
core   0: 0x000000008000fef0 (0xfc442703) lw      a4, -60(s0)
core   0: 3 0x000000008000fef0 (0xfc442703) x14 0x0000000000000000 mem 0x0000000080031f34
core   0: 0x000000008000fef4 (0x0ff77713) andi    a4, a4, 255
core   0: 3 0x000000008000fef4 (0x0ff77713) x14 0x0000000000000000
core   0: 0x000000008000fef8 (0x00e78023) sb      a4, 0(a5)
core   0: 3 0x000000008000fef8 (0x00e78023) mem 0x000000008001204b 0x00
core   0: 0x000000008000fefc (0xfc843703) ld      a4, -56(s0)
core   0: 3 0x000000008000fefc (0xfc843703) x14 0x0000000080012040 mem 0x0000000080031f38
core   0: 0x000000008000ff00 (0xfb843783) ld      a5, -72(s0)
core   0: 3 0x000000008000ff00 (0xfb843783) x15 0x000000000000009c mem 0x0000000080031f28
core   0: 0x000000008000ff04 (0x000097ba) c.add   a5, a4
core   0: 3 0x000000008000ff04 (0x97ba) x15 0x00000000800120dc
core   0: 0x000000008000ff06 (0xfe043703) ld      a4, -32(s0)
core   0: 3 0x000000008000ff06 (0xfe043703) x14 0x000000008001204c mem 0x0000000080031f50
core   0: 0x000000008000ff0a (0xfcf76de3) bltu    a4, a5, pc - 38
core   0: 3 0x000000008000ff0a (0xfcf76de3)
core   0: 0x000000008000fee4 (0xfe043783) ld      a5, -32(s0)
core   0: 3 0x000000008000fee4 (0xfe043783) x15 0x000000008001204c mem 0x0000000080031f50
core   0: 0x000000008000fee8 (0x00178713) addi    a4, a5, 1
core   0: 3 0x000000008000fee8 (0x00178713) x14 0x000000008001204d
core   0: 0x000000008000feec (0xfee43023) sd      a4, -32(s0)
core   0: 3 0x000000008000feec (0xfee43023) mem 0x0000000080031f50 0x000000008001204d
core   0: 0x000000008000fef0 (0xfc442703) lw      a4, -60(s0)
core   0: 3 0x000000008000fef0 (0xfc442703) x14 0x0000000000000000 mem 0x0000000080031f34
core   0: 0x000000008000fef4 (0x0ff77713) andi    a4, a4, 255
core   0: 3 0x000000008000fef4 (0x0ff77713) x14 0x0000000000000000
core   0: 0x000000008000fef8 (0x00e78023) sb      a4, 0(a5)
core   0: 3 0x000000008000fef8 (0x00e78023) mem 0x000000008001204c 0x00
core   0: 0x000000008000fefc (0xfc843703) ld      a4, -56(s0)
core   0: 3 0x000000008000fefc (0xfc843703) x14 0x0000000080012040 mem 0x0000000080031f38
core   0: 0x000000008000ff00 (0xfb843783) ld      a5, -72(s0)
core   0: 3 0x000000008000ff00 (0xfb843783) x15 0x000000000000009c mem 0x0000000080031f28
core   0: 0x000000008000ff04 (0x000097ba) c.add   a5, a4
core   0: 3 0x000000008000ff04 (0x97ba) x15 0x00000000800120dc
core   0: 0x000000008000ff06 (0xfe043703) ld      a4, -32(s0)
core   0: 3 0x000000008000ff06 (0xfe043703) x14 0x000000008001204d mem 0x0000000080031f50
core   0: 0x000000008000ff0a (0xfcf76de3) bltu    a4, a5, pc - 38
core   0: 3 0x000000008000ff0a (0xfcf76de3)
core   0: 0x000000008000fee4 (0xfe043783) ld      a5, -32(s0)
core   0: 3 0x000000008000fee4 (0xfe043783) x15 0x000000008001204d mem 0x0000000080031f50
core   0: 0x000000008000fee8 (0x00178713) addi    a4, a5, 1
core   0: 3 0x000000008000fee8 (0x00178713) x14 0x000000008001204e
core   0: 0x000000008000feec (0xfee43023) sd      a4, -32(s0)
core   0: 3 0x000000008000feec (0xfee43023) mem 0x0000000080031f50 0x000000008001204e
core   0: 0x000000008000fef0 (0xfc442703) lw      a4, -60(s0)
core   0: 3 0x000000008000fef0 (0xfc442703) x14 0x0000000000000000 mem 0x0000000080031f34
core   0: 0x000000008000fef4 (0x0ff77713) andi    a4, a4, 255
core   0: 3 0x000000008000fef4 (0x0ff77713) x14 0x0000000000000000
core   0: 0x000000008000fef8 (0x00e78023) sb      a4, 0(a5)
core   0: 3 0x000000008000fef8 (0x00e78023) mem 0x000000008001204d 0x00
core   0: 0x000000008000fefc (0xfc843703) ld      a4, -56(s0)
core   0: 3 0x000000008000fefc (0xfc843703) x14 0x0000000080012040 mem 0x0000000080031f38
core   0: 0x000000008000ff00 (0xfb843783) ld      a5, -72(s0)
core   0: 3 0x000000008000ff00 (0xfb843783) x15 0x000000000000009c mem 0x0000000080031f28
core   0: 0x000000008000ff04 (0x000097ba) c.add   a5, a4
core   0: 3 0x000000008000ff04 (0x97ba) x15 0x00000000800120dc
core   0: 0x000000008000ff06 (0xfe043703) ld      a4, -32(s0)
core   0: 3 0x000000008000ff06 (0xfe043703) x14 0x000000008001204e mem 0x0000000080031f50
core   0: 0x000000008000ff0a (0xfcf76de3) bltu    a4, a5, pc - 38
core   0: 3 0x000000008000ff0a (0xfcf76de3)
core   0: 0x000000008000fee4 (0xfe043783) ld      a5, -32(s0)
core   0: 3 0x000000008000fee4 (0xfe043783) x15 0x000000008001204e mem 0x0000000080031f50
core   0: 0x000000008000fee8 (0x00178713) addi    a4, a5, 1
core   0: 3 0x000000008000fee8 (0x00178713) x14 0x000000008001204f
core   0: 0x000000008000feec (0xfee43023) sd      a4, -32(s0)
core   0: 3 0x000000008000feec (0xfee43023) mem 0x0000000080031f50 0x000000008001204f
core   0: 0x000000008000fef0 (0xfc442703) lw      a4, -60(s0)
core   0: 3 0x000000008000fef0 (0xfc442703) x14 0x0000000000000000 mem 0x0000000080031f34
core   0: 0x000000008000fef4 (0x0ff77713) andi    a4, a4, 255
core   0: 3 0x000000008000fef4 (0x0ff77713) x14 0x0000000000000000
core   0: 0x000000008000fef8 (0x00e78023) sb      a4, 0(a5)
core   0: 3 0x000000008000fef8 (0x00e78023) mem 0x000000008001204e 0x00
core   0: 0x000000008000fefc (0xfc843703) ld      a4, -56(s0)
core   0: 3 0x000000008000fefc (0xfc843703) x14 0x0000000080012040 mem 0x0000000080031f38
core   0: 0x000000008000ff00 (0xfb843783) ld      a5, -72(s0)
core   0: 3 0x000000008000ff00 (0xfb843783) x15 0x000000000000009c mem 0x0000000080031f28
core   0: 0x000000008000ff04 (0x000097ba) c.add   a5, a4
core   0: 3 0x000000008000ff04 (0x97ba) x15 0x00000000800120dc
core   0: 0x000000008000ff06 (0xfe043703) ld      a4, -32(s0)
core   0: 3 0x000000008000ff06 (0xfe043703) x14 0x000000008001204f mem 0x0000000080031f50
core   0: 0x000000008000ff0a (0xfcf76de3) bltu    a4, a5, pc - 38
core   0: 3 0x000000008000ff0a (0xfcf76de3)
core   0: 0x000000008000fee4 (0xfe043783) ld      a5, -32(s0)
core   0: 3 0x000000008000fee4 (0xfe043783) x15 0x000000008001204f mem 0x0000000080031f50
core   0: 0x000000008000fee8 (0x00178713) addi    a4, a5, 1
core   0: 3 0x000000008000fee8 (0x00178713) x14 0x0000000080012050
core   0: 0x000000008000feec (0xfee43023) sd      a4, -32(s0)
core   0: 3 0x000000008000feec (0xfee43023) mem 0x0000000080031f50 0x0000000080012050
core   0: 0x000000008000fef0 (0xfc442703) lw      a4, -60(s0)
core   0: 3 0x000000008000fef0 (0xfc442703) x14 0x0000000000000000 mem 0x0000000080031f34
core   0: 0x000000008000fef4 (0x0ff77713) andi    a4, a4, 255
core   0: 3 0x000000008000fef4 (0x0ff77713) x14 0x0000000000000000
core   0: 0x000000008000fef8 (0x00e78023) sb      a4, 0(a5)
core   0: 3 0x000000008000fef8 (0x00e78023) mem 0x000000008001204f 0x00
core   0: 0x000000008000fefc (0xfc843703) ld      a4, -56(s0)
core   0: 3 0x000000008000fefc (0xfc843703) x14 0x0000000080012040 mem 0x0000000080031f38
core   0: 0x000000008000ff00 (0xfb843783) ld      a5, -72(s0)
core   0: 3 0x000000008000ff00 (0xfb843783) x15 0x000000000000009c mem 0x0000000080031f28
core   0: 0x000000008000ff04 (0x000097ba) c.add   a5, a4
core   0: 3 0x000000008000ff04 (0x97ba) x15 0x00000000800120dc
core   0: 0x000000008000ff06 (0xfe043703) ld      a4, -32(s0)
core   0: 3 0x000000008000ff06 (0xfe043703) x14 0x0000000080012050 mem 0x0000000080031f50
core   0: 0x000000008000ff0a (0xfcf76de3) bltu    a4, a5, pc - 38
core   0: 3 0x000000008000ff0a (0xfcf76de3)
core   0: 0x000000008000fee4 (0xfe043783) ld      a5, -32(s0)
core   0: 3 0x000000008000fee4 (0xfe043783) x15 0x0000000080012050 mem 0x0000000080031f50
core   0: 0x000000008000fee8 (0x00178713) addi    a4, a5, 1
core   0: 3 0x000000008000fee8 (0x00178713) x14 0x0000000080012051
core   0: 0x000000008000feec (0xfee43023) sd      a4, -32(s0)
core   0: 3 0x000000008000feec (0xfee43023) mem 0x0000000080031f50 0x0000000080012051
core   0: 0x000000008000fef0 (0xfc442703) lw      a4, -60(s0)
core   0: 3 0x000000008000fef0 (0xfc442703) x14 0x0000000000000000 mem 0x0000000080031f34
core   0: 0x000000008000fef4 (0x0ff77713) andi    a4, a4, 255
core   0: 3 0x000000008000fef4 (0x0ff77713) x14 0x0000000000000000
core   0: 0x000000008000fef8 (0x00e78023) sb      a4, 0(a5)
core   0: 3 0x000000008000fef8 (0x00e78023) mem 0x0000000080012050 0x00
core   0: 0x000000008000fefc (0xfc843703) ld      a4, -56(s0)
core   0: 3 0x000000008000fefc (0xfc843703) x14 0x0000000080012040 mem 0x0000000080031f38
core   0: 0x000000008000ff00 (0xfb843783) ld      a5, -72(s0)
core   0: 3 0x000000008000ff00 (0xfb843783) x15 0x000000000000009c mem 0x0000000080031f28
core   0: 0x000000008000ff04 (0x000097ba) c.add   a5, a4
core   0: 3 0x000000008000ff04 (0x97ba) x15 0x00000000800120dc
core   0: 0x000000008000ff06 (0xfe043703) ld      a4, -32(s0)
core   0: 3 0x000000008000ff06 (0xfe043703) x14 0x0000000080012051 mem 0x0000000080031f50
core   0: 0x000000008000ff0a (0xfcf76de3) bltu    a4, a5, pc - 38
core   0: 3 0x000000008000ff0a (0xfcf76de3)
core   0: 0x000000008000fee4 (0xfe043783) ld      a5, -32(s0)
core   0: 3 0x000000008000fee4 (0xfe043783) x15 0x0000000080012051 mem 0x0000000080031f50
core   0: 0x000000008000fee8 (0x00178713) addi    a4, a5, 1
core   0: 3 0x000000008000fee8 (0x00178713) x14 0x0000000080012052
core   0: 0x000000008000feec (0xfee43023) sd      a4, -32(s0)
core   0: 3 0x000000008000feec (0xfee43023) mem 0x0000000080031f50 0x0000000080012052
core   0: 0x000000008000fef0 (0xfc442703) lw      a4, -60(s0)
core   0: 3 0x000000008000fef0 (0xfc442703) x14 0x0000000000000000 mem 0x0000000080031f34
core   0: 0x000000008000fef4 (0x0ff77713) andi    a4, a4, 255
core   0: 3 0x000000008000fef4 (0x0ff77713) x14 0x0000000000000000
core   0: 0x000000008000fef8 (0x00e78023) sb      a4, 0(a5)
core   0: 3 0x000000008000fef8 (0x00e78023) mem 0x0000000080012051 0x00
core   0: 0x000000008000fefc (0xfc843703) ld      a4, -56(s0)
core   0: 3 0x000000008000fefc (0xfc843703) x14 0x0000000080012040 mem 0x0000000080031f38
core   0: 0x000000008000ff00 (0xfb843783) ld      a5, -72(s0)
core   0: 3 0x000000008000ff00 (0xfb843783) x15 0x000000000000009c mem 0x0000000080031f28
core   0: 0x000000008000ff04 (0x000097ba) c.add   a5, a4
core   0: 3 0x000000008000ff04 (0x97ba) x15 0x00000000800120dc
core   0: 0x000000008000ff06 (0xfe043703) ld      a4, -32(s0)
core   0: 3 0x000000008000ff06 (0xfe043703) x14 0x0000000080012052 mem 0x0000000080031f50
core   0: 0x000000008000ff0a (0xfcf76de3) bltu    a4, a5, pc - 38
core   0: 3 0x000000008000ff0a (0xfcf76de3)
core   0: 0x000000008000fee4 (0xfe043783) ld      a5, -32(s0)
core   0: 3 0x000000008000fee4 (0xfe043783) x15 0x0000000080012052 mem 0x0000000080031f50
core   0: 0x000000008000fee8 (0x00178713) addi    a4, a5, 1
core   0: 3 0x000000008000fee8 (0x00178713) x14 0x0000000080012053
core   0: 0x000000008000feec (0xfee43023) sd      a4, -32(s0)
core   0: 3 0x000000008000feec (0xfee43023) mem 0x0000000080031f50 0x0000000080012053
core   0: 0x000000008000fef0 (0xfc442703) lw      a4, -60(s0)
core   0: 3 0x000000008000fef0 (0xfc442703) x14 0x0000000000000000 mem 0x0000000080031f34
core   0: 0x000000008000fef4 (0x0ff77713) andi    a4, a4, 255
core   0: 3 0x000000008000fef4 (0x0ff77713) x14 0x0000000000000000
core   0: 0x000000008000fef8 (0x00e78023) sb      a4, 0(a5)
core   0: 3 0x000000008000fef8 (0x00e78023) mem 0x0000000080012052 0x00
core   0: 0x000000008000fefc (0xfc843703) ld      a4, -56(s0)
core   0: 3 0x000000008000fefc (0xfc843703) x14 0x0000000080012040 mem 0x0000000080031f38
core   0: 0x000000008000ff00 (0xfb843783) ld      a5, -72(s0)
core   0: 3 0x000000008000ff00 (0xfb843783) x15 0x000000000000009c mem 0x0000000080031f28
core   0: 0x000000008000ff04 (0x000097ba) c.add   a5, a4
core   0: 3 0x000000008000ff04 (0x97ba) x15 0x00000000800120dc
core   0: 0x000000008000ff06 (0xfe043703) ld      a4, -32(s0)
core   0: 3 0x000000008000ff06 (0xfe043703) x14 0x0000000080012053 mem 0x0000000080031f50
core   0: 0x000000008000ff0a (0xfcf76de3) bltu    a4, a5, pc - 38
core   0: 3 0x000000008000ff0a (0xfcf76de3)
core   0: 0x000000008000fee4 (0xfe043783) ld      a5, -32(s0)
core   0: 3 0x000000008000fee4 (0xfe043783) x15 0x0000000080012053 mem 0x0000000080031f50
core   0: 0x000000008000fee8 (0x00178713) addi    a4, a5, 1
core   0: 3 0x000000008000fee8 (0x00178713) x14 0x0000000080012054
core   0: 0x000000008000feec (0xfee43023) sd      a4, -32(s0)
core   0: 3 0x000000008000feec (0xfee43023) mem 0x0000000080031f50 0x0000000080012054
core   0: 0x000000008000fef0 (0xfc442703) lw      a4, -60(s0)
core   0: 3 0x000000008000fef0 (0xfc442703) x14 0x0000000000000000 mem 0x0000000080031f34
core   0: 0x000000008000fef4 (0x0ff77713) andi    a4, a4, 255
core   0: 3 0x000000008000fef4 (0x0ff77713) x14 0x0000000000000000
core   0: 0x000000008000fef8 (0x00e78023) sb      a4, 0(a5)
core   0: 3 0x000000008000fef8 (0x00e78023) mem 0x0000000080012053 0x00
core   0: 0x000000008000fefc (0xfc843703) ld      a4, -56(s0)
core   0: 3 0x000000008000fefc (0xfc843703) x14 0x0000000080012040 mem 0x0000000080031f38
core   0: 0x000000008000ff00 (0xfb843783) ld      a5, -72(s0)
core   0: 3 0x000000008000ff00 (0xfb843783) x15 0x000000000000009c mem 0x0000000080031f28
core   0: 0x000000008000ff04 (0x000097ba) c.add   a5, a4
core   0: 3 0x000000008000ff04 (0x97ba) x15 0x00000000800120dc
core   0: 0x000000008000ff06 (0xfe043703) ld      a4, -32(s0)
core   0: 3 0x000000008000ff06 (0xfe043703) x14 0x0000000080012054 mem 0x0000000080031f50
core   0: 0x000000008000ff0a (0xfcf76de3) bltu    a4, a5, pc - 38
core   0: 3 0x000000008000ff0a (0xfcf76de3)
core   0: 0x000000008000fee4 (0xfe043783) ld      a5, -32(s0)
core   0: 3 0x000000008000fee4 (0xfe043783) x15 0x0000000080012054 mem 0x0000000080031f50
core   0: 0x000000008000fee8 (0x00178713) addi    a4, a5, 1
core   0: 3 0x000000008000fee8 (0x00178713) x14 0x0000000080012055
core   0: 0x000000008000feec (0xfee43023) sd      a4, -32(s0)
core   0: 3 0x000000008000feec (0xfee43023) mem 0x0000000080031f50 0x0000000080012055
core   0: 0x000000008000fef0 (0xfc442703) lw      a4, -60(s0)
core   0: 3 0x000000008000fef0 (0xfc442703) x14 0x0000000000000000 mem 0x0000000080031f34
core   0: 0x000000008000fef4 (0x0ff77713) andi    a4, a4, 255
core   0: 3 0x000000008000fef4 (0x0ff77713) x14 0x0000000000000000
core   0: 0x000000008000fef8 (0x00e78023) sb      a4, 0(a5)
core   0: 3 0x000000008000fef8 (0x00e78023) mem 0x0000000080012054 0x00
core   0: 0x000000008000fefc (0xfc843703) ld      a4, -56(s0)
core   0: 3 0x000000008000fefc (0xfc843703) x14 0x0000000080012040 mem 0x0000000080031f38
core   0: 0x000000008000ff00 (0xfb843783) ld      a5, -72(s0)
core   0: 3 0x000000008000ff00 (0xfb843783) x15 0x000000000000009c mem 0x0000000080031f28
core   0: 0x000000008000ff04 (0x000097ba) c.add   a5, a4
core   0: 3 0x000000008000ff04 (0x97ba) x15 0x00000000800120dc
core   0: 0x000000008000ff06 (0xfe043703) ld      a4, -32(s0)
core   0: 3 0x000000008000ff06 (0xfe043703) x14 0x0000000080012055 mem 0x0000000080031f50
core   0: 0x000000008000ff0a (0xfcf76de3) bltu    a4, a5, pc - 38
core   0: 3 0x000000008000ff0a (0xfcf76de3)
core   0: 0x000000008000fee4 (0xfe043783) ld      a5, -32(s0)
core   0: 3 0x000000008000fee4 (0xfe043783) x15 0x0000000080012055 mem 0x0000000080031f50
core   0: 0x000000008000fee8 (0x00178713) addi    a4, a5, 1
core   0: 3 0x000000008000fee8 (0x00178713) x14 0x0000000080012056
core   0: 0x000000008000feec (0xfee43023) sd      a4, -32(s0)
core   0: 3 0x000000008000feec (0xfee43023) mem 0x0000000080031f50 0x0000000080012056
core   0: 0x000000008000fef0 (0xfc442703) lw      a4, -60(s0)
core   0: 3 0x000000008000fef0 (0xfc442703) x14 0x0000000000000000 mem 0x0000000080031f34
core   0: 0x000000008000fef4 (0x0ff77713) andi    a4, a4, 255
core   0: 3 0x000000008000fef4 (0x0ff77713) x14 0x0000000000000000
core   0: 0x000000008000fef8 (0x00e78023) sb      a4, 0(a5)
core   0: 3 0x000000008000fef8 (0x00e78023) mem 0x0000000080012055 0x00
core   0: 0x000000008000fefc (0xfc843703) ld      a4, -56(s0)
core   0: 3 0x000000008000fefc (0xfc843703) x14 0x0000000080012040 mem 0x0000000080031f38
core   0: 0x000000008000ff00 (0xfb843783) ld      a5, -72(s0)
core   0: 3 0x000000008000ff00 (0xfb843783) x15 0x000000000000009c mem 0x0000000080031f28
core   0: 0x000000008000ff04 (0x000097ba) c.add   a5, a4
core   0: 3 0x000000008000ff04 (0x97ba) x15 0x00000000800120dc
core   0: 0x000000008000ff06 (0xfe043703) ld      a4, -32(s0)
core   0: 3 0x000000008000ff06 (0xfe043703) x14 0x0000000080012056 mem 0x0000000080031f50
core   0: 0x000000008000ff0a (0xfcf76de3) bltu    a4, a5, pc - 38
core   0: 3 0x000000008000ff0a (0xfcf76de3)
core   0: 0x000000008000fee4 (0xfe043783) ld      a5, -32(s0)
core   0: 3 0x000000008000fee4 (0xfe043783) x15 0x0000000080012056 mem 0x0000000080031f50
core   0: 0x000000008000fee8 (0x00178713) addi    a4, a5, 1
core   0: 3 0x000000008000fee8 (0x00178713) x14 0x0000000080012057
core   0: 0x000000008000feec (0xfee43023) sd      a4, -32(s0)
core   0: 3 0x000000008000feec (0xfee43023) mem 0x0000000080031f50 0x0000000080012057
core   0: 0x000000008000fef0 (0xfc442703) lw      a4, -60(s0)
core   0: 3 0x000000008000fef0 (0xfc442703) x14 0x0000000000000000 mem 0x0000000080031f34
core   0: 0x000000008000fef4 (0x0ff77713) andi    a4, a4, 255
core   0: 3 0x000000008000fef4 (0x0ff77713) x14 0x0000000000000000
core   0: 0x000000008000fef8 (0x00e78023) sb      a4, 0(a5)
core   0: 3 0x000000008000fef8 (0x00e78023) mem 0x0000000080012056 0x00
core   0: 0x000000008000fefc (0xfc843703) ld      a4, -56(s0)
core   0: 3 0x000000008000fefc (0xfc843703) x14 0x0000000080012040 mem 0x0000000080031f38
core   0: 0x000000008000ff00 (0xfb843783) ld      a5, -72(s0)
core   0: 3 0x000000008000ff00 (0xfb843783) x15 0x000000000000009c mem 0x0000000080031f28
core   0: 0x000000008000ff04 (0x000097ba) c.add   a5, a4
core   0: 3 0x000000008000ff04 (0x97ba) x15 0x00000000800120dc
core   0: 0x000000008000ff06 (0xfe043703) ld      a4, -32(s0)
core   0: 3 0x000000008000ff06 (0xfe043703) x14 0x0000000080012057 mem 0x0000000080031f50
core   0: 0x000000008000ff0a (0xfcf76de3) bltu    a4, a5, pc - 38
core   0: 3 0x000000008000ff0a (0xfcf76de3)
core   0: 0x000000008000fee4 (0xfe043783) ld      a5, -32(s0)
core   0: 3 0x000000008000fee4 (0xfe043783) x15 0x0000000080012057 mem 0x0000000080031f50
core   0: 0x000000008000fee8 (0x00178713) addi    a4, a5, 1
core   0: 3 0x000000008000fee8 (0x00178713) x14 0x0000000080012058
core   0: 0x000000008000feec (0xfee43023) sd      a4, -32(s0)
core   0: 3 0x000000008000feec (0xfee43023) mem 0x0000000080031f50 0x0000000080012058
core   0: 0x000000008000fef0 (0xfc442703) lw      a4, -60(s0)
core   0: 3 0x000000008000fef0 (0xfc442703) x14 0x0000000000000000 mem 0x0000000080031f34
core   0: 0x000000008000fef4 (0x0ff77713) andi    a4, a4, 255
core   0: 3 0x000000008000fef4 (0x0ff77713) x14 0x0000000000000000
core   0: 0x000000008000fef8 (0x00e78023) sb      a4, 0(a5)
core   0: 3 0x000000008000fef8 (0x00e78023) mem 0x0000000080012057 0x00
core   0: 0x000000008000fefc (0xfc843703) ld      a4, -56(s0)
core   0: 3 0x000000008000fefc (0xfc843703) x14 0x0000000080012040 mem 0x0000000080031f38
core   0: 0x000000008000ff00 (0xfb843783) ld      a5, -72(s0)
core   0: 3 0x000000008000ff00 (0xfb843783) x15 0x000000000000009c mem 0x0000000080031f28
core   0: 0x000000008000ff04 (0x000097ba) c.add   a5, a4
core   0: 3 0x000000008000ff04 (0x97ba) x15 0x00000000800120dc
core   0: 0x000000008000ff06 (0xfe043703) ld      a4, -32(s0)
core   0: 3 0x000000008000ff06 (0xfe043703) x14 0x0000000080012058 mem 0x0000000080031f50
core   0: 0x000000008000ff0a (0xfcf76de3) bltu    a4, a5, pc - 38
core   0: 3 0x000000008000ff0a (0xfcf76de3)
core   0: 0x000000008000fee4 (0xfe043783) ld      a5, -32(s0)
core   0: 3 0x000000008000fee4 (0xfe043783) x15 0x0000000080012058 mem 0x0000000080031f50
core   0: 0x000000008000fee8 (0x00178713) addi    a4, a5, 1
core   0: 3 0x000000008000fee8 (0x00178713) x14 0x0000000080012059
core   0: 0x000000008000feec (0xfee43023) sd      a4, -32(s0)
core   0: 3 0x000000008000feec (0xfee43023) mem 0x0000000080031f50 0x0000000080012059
core   0: 0x000000008000fef0 (0xfc442703) lw      a4, -60(s0)
core   0: 3 0x000000008000fef0 (0xfc442703) x14 0x0000000000000000 mem 0x0000000080031f34
core   0: 0x000000008000fef4 (0x0ff77713) andi    a4, a4, 255
core   0: 3 0x000000008000fef4 (0x0ff77713) x14 0x0000000000000000
core   0: 0x000000008000fef8 (0x00e78023) sb      a4, 0(a5)
core   0: 3 0x000000008000fef8 (0x00e78023) mem 0x0000000080012058 0x00
core   0: 0x000000008000fefc (0xfc843703) ld      a4, -56(s0)
core   0: 3 0x000000008000fefc (0xfc843703) x14 0x0000000080012040 mem 0x0000000080031f38
core   0: 0x000000008000ff00 (0xfb843783) ld      a5, -72(s0)
core   0: 3 0x000000008000ff00 (0xfb843783) x15 0x000000000000009c mem 0x0000000080031f28
core   0: 0x000000008000ff04 (0x000097ba) c.add   a5, a4
core   0: 3 0x000000008000ff04 (0x97ba) x15 0x00000000800120dc
core   0: 0x000000008000ff06 (0xfe043703) ld      a4, -32(s0)
core   0: 3 0x000000008000ff06 (0xfe043703) x14 0x0000000080012059 mem 0x0000000080031f50
core   0: 0x000000008000ff0a (0xfcf76de3) bltu    a4, a5, pc - 38
core   0: 3 0x000000008000ff0a (0xfcf76de3)
core   0: 0x000000008000fee4 (0xfe043783) ld      a5, -32(s0)
core   0: 3 0x000000008000fee4 (0xfe043783) x15 0x0000000080012059 mem 0x0000000080031f50
core   0: 0x000000008000fee8 (0x00178713) addi    a4, a5, 1
core   0: 3 0x000000008000fee8 (0x00178713) x14 0x000000008001205a
core   0: 0x000000008000feec (0xfee43023) sd      a4, -32(s0)
core   0: 3 0x000000008000feec (0xfee43023) mem 0x0000000080031f50 0x000000008001205a
core   0: 0x000000008000fef0 (0xfc442703) lw      a4, -60(s0)
core   0: 3 0x000000008000fef0 (0xfc442703) x14 0x0000000000000000 mem 0x0000000080031f34
core   0: 0x000000008000fef4 (0x0ff77713) andi    a4, a4, 255
core   0: 3 0x000000008000fef4 (0x0ff77713) x14 0x0000000000000000
core   0: 0x000000008000fef8 (0x00e78023) sb      a4, 0(a5)
core   0: 3 0x000000008000fef8 (0x00e78023) mem 0x0000000080012059 0x00
core   0: 0x000000008000fefc (0xfc843703) ld      a4, -56(s0)
core   0: 3 0x000000008000fefc (0xfc843703) x14 0x0000000080012040 mem 0x0000000080031f38
core   0: 0x000000008000ff00 (0xfb843783) ld      a5, -72(s0)
core   0: 3 0x000000008000ff00 (0xfb843783) x15 0x000000000000009c mem 0x0000000080031f28
core   0: 0x000000008000ff04 (0x000097ba) c.add   a5, a4
core   0: 3 0x000000008000ff04 (0x97ba) x15 0x00000000800120dc
core   0: 0x000000008000ff06 (0xfe043703) ld      a4, -32(s0)
core   0: 3 0x000000008000ff06 (0xfe043703) x14 0x000000008001205a mem 0x0000000080031f50
core   0: 0x000000008000ff0a (0xfcf76de3) bltu    a4, a5, pc - 38
core   0: 3 0x000000008000ff0a (0xfcf76de3)
core   0: 0x000000008000fee4 (0xfe043783) ld      a5, -32(s0)
core   0: 3 0x000000008000fee4 (0xfe043783) x15 0x000000008001205a mem 0x0000000080031f50
core   0: 0x000000008000fee8 (0x00178713) addi    a4, a5, 1
core   0: 3 0x000000008000fee8 (0x00178713) x14 0x000000008001205b
core   0: 0x000000008000feec (0xfee43023) sd      a4, -32(s0)
core   0: 3 0x000000008000feec (0xfee43023) mem 0x0000000080031f50 0x000000008001205b
core   0: 0x000000008000fef0 (0xfc442703) lw      a4, -60(s0)
core   0: 3 0x000000008000fef0 (0xfc442703) x14 0x0000000000000000 mem 0x0000000080031f34
core   0: 0x000000008000fef4 (0x0ff77713) andi    a4, a4, 255
core   0: 3 0x000000008000fef4 (0x0ff77713) x14 0x0000000000000000
core   0: 0x000000008000fef8 (0x00e78023) sb      a4, 0(a5)
core   0: 3 0x000000008000fef8 (0x00e78023) mem 0x000000008001205a 0x00
core   0: 0x000000008000fefc (0xfc843703) ld      a4, -56(s0)
core   0: 3 0x000000008000fefc (0xfc843703) x14 0x0000000080012040 mem 0x0000000080031f38
core   0: 0x000000008000ff00 (0xfb843783) ld      a5, -72(s0)
core   0: 3 0x000000008000ff00 (0xfb843783) x15 0x000000000000009c mem 0x0000000080031f28
core   0: 0x000000008000ff04 (0x000097ba) c.add   a5, a4
core   0: 3 0x000000008000ff04 (0x97ba) x15 0x00000000800120dc
core   0: 0x000000008000ff06 (0xfe043703) ld      a4, -32(s0)
core   0: 3 0x000000008000ff06 (0xfe043703) x14 0x000000008001205b mem 0x0000000080031f50
core   0: 0x000000008000ff0a (0xfcf76de3) bltu    a4, a5, pc - 38
core   0: 3 0x000000008000ff0a (0xfcf76de3)
core   0: 0x000000008000fee4 (0xfe043783) ld      a5, -32(s0)
core   0: 3 0x000000008000fee4 (0xfe043783) x15 0x000000008001205b mem 0x0000000080031f50
core   0: 0x000000008000fee8 (0x00178713) addi    a4, a5, 1
core   0: 3 0x000000008000fee8 (0x00178713) x14 0x000000008001205c
core   0: 0x000000008000feec (0xfee43023) sd      a4, -32(s0)
core   0: 3 0x000000008000feec (0xfee43023) mem 0x0000000080031f50 0x000000008001205c
core   0: 0x000000008000fef0 (0xfc442703) lw      a4, -60(s0)
core   0: 3 0x000000008000fef0 (0xfc442703) x14 0x0000000000000000 mem 0x0000000080031f34
core   0: 0x000000008000fef4 (0x0ff77713) andi    a4, a4, 255
core   0: 3 0x000000008000fef4 (0x0ff77713) x14 0x0000000000000000
core   0: 0x000000008000fef8 (0x00e78023) sb      a4, 0(a5)
core   0: 3 0x000000008000fef8 (0x00e78023) mem 0x000000008001205b 0x00
core   0: 0x000000008000fefc (0xfc843703) ld      a4, -56(s0)
core   0: 3 0x000000008000fefc (0xfc843703) x14 0x0000000080012040 mem 0x0000000080031f38
core   0: 0x000000008000ff00 (0xfb843783) ld      a5, -72(s0)
core   0: 3 0x000000008000ff00 (0xfb843783) x15 0x000000000000009c mem 0x0000000080031f28
core   0: 0x000000008000ff04 (0x000097ba) c.add   a5, a4
core   0: 3 0x000000008000ff04 (0x97ba) x15 0x00000000800120dc
core   0: 0x000000008000ff06 (0xfe043703) ld      a4, -32(s0)
core   0: 3 0x000000008000ff06 (0xfe043703) x14 0x000000008001205c mem 0x0000000080031f50
core   0: 0x000000008000ff0a (0xfcf76de3) bltu    a4, a5, pc - 38
core   0: 3 0x000000008000ff0a (0xfcf76de3)
core   0: 0x000000008000fee4 (0xfe043783) ld      a5, -32(s0)
core   0: 3 0x000000008000fee4 (0xfe043783) x15 0x000000008001205c mem 0x0000000080031f50
core   0: 0x000000008000fee8 (0x00178713) addi    a4, a5, 1
core   0: 3 0x000000008000fee8 (0x00178713) x14 0x000000008001205d
core   0: 0x000000008000feec (0xfee43023) sd      a4, -32(s0)
core   0: 3 0x000000008000feec (0xfee43023) mem 0x0000000080031f50 0x000000008001205d
core   0: 0x000000008000fef0 (0xfc442703) lw      a4, -60(s0)
core   0: 3 0x000000008000fef0 (0xfc442703) x14 0x0000000000000000 mem 0x0000000080031f34
core   0: 0x000000008000fef4 (0x0ff77713) andi    a4, a4, 255
core   0: 3 0x000000008000fef4 (0x0ff77713) x14 0x0000000000000000
core   0: 0x000000008000fef8 (0x00e78023) sb      a4, 0(a5)
core   0: 3 0x000000008000fef8 (0x00e78023) mem 0x000000008001205c 0x00
core   0: 0x000000008000fefc (0xfc843703) ld      a4, -56(s0)
core   0: 3 0x000000008000fefc (0xfc843703) x14 0x0000000080012040 mem 0x0000000080031f38
core   0: 0x000000008000ff00 (0xfb843783) ld      a5, -72(s0)
core   0: 3 0x000000008000ff00 (0xfb843783) x15 0x000000000000009c mem 0x0000000080031f28
core   0: 0x000000008000ff04 (0x000097ba) c.add   a5, a4
core   0: 3 0x000000008000ff04 (0x97ba) x15 0x00000000800120dc
core   0: 0x000000008000ff06 (0xfe043703) ld      a4, -32(s0)
core   0: 3 0x000000008000ff06 (0xfe043703) x14 0x000000008001205d mem 0x0000000080031f50
core   0: 0x000000008000ff0a (0xfcf76de3) bltu    a4, a5, pc - 38
core   0: 3 0x000000008000ff0a (0xfcf76de3)
core   0: 0x000000008000fee4 (0xfe043783) ld      a5, -32(s0)
core   0: 3 0x000000008000fee4 (0xfe043783) x15 0x000000008001205d mem 0x0000000080031f50
core   0: 0x000000008000fee8 (0x00178713) addi    a4, a5, 1
core   0: 3 0x000000008000fee8 (0x00178713) x14 0x000000008001205e
core   0: 0x000000008000feec (0xfee43023) sd      a4, -32(s0)
core   0: 3 0x000000008000feec (0xfee43023) mem 0x0000000080031f50 0x000000008001205e
core   0: 0x000000008000fef0 (0xfc442703) lw      a4, -60(s0)
core   0: 3 0x000000008000fef0 (0xfc442703) x14 0x0000000000000000 mem 0x0000000080031f34
core   0: 0x000000008000fef4 (0x0ff77713) andi    a4, a4, 255
core   0: 3 0x000000008000fef4 (0x0ff77713) x14 0x0000000000000000
core   0: 0x000000008000fef8 (0x00e78023) sb      a4, 0(a5)
core   0: 3 0x000000008000fef8 (0x00e78023) mem 0x000000008001205d 0x00
core   0: 0x000000008000fefc (0xfc843703) ld      a4, -56(s0)
core   0: 3 0x000000008000fefc (0xfc843703) x14 0x0000000080012040 mem 0x0000000080031f38
core   0: 0x000000008000ff00 (0xfb843783) ld      a5, -72(s0)
core   0: 3 0x000000008000ff00 (0xfb843783) x15 0x000000000000009c mem 0x0000000080031f28
core   0: 0x000000008000ff04 (0x000097ba) c.add   a5, a4
core   0: 3 0x000000008000ff04 (0x97ba) x15 0x00000000800120dc
core   0: 0x000000008000ff06 (0xfe043703) ld      a4, -32(s0)
core   0: 3 0x000000008000ff06 (0xfe043703) x14 0x000000008001205e mem 0x0000000080031f50
core   0: 0x000000008000ff0a (0xfcf76de3) bltu    a4, a5, pc - 38
core   0: 3 0x000000008000ff0a (0xfcf76de3)
core   0: 0x000000008000fee4 (0xfe043783) ld      a5, -32(s0)
core   0: 3 0x000000008000fee4 (0xfe043783) x15 0x000000008001205e mem 0x0000000080031f50
core   0: 0x000000008000fee8 (0x00178713) addi    a4, a5, 1
core   0: 3 0x000000008000fee8 (0x00178713) x14 0x000000008001205f
core   0: 0x000000008000feec (0xfee43023) sd      a4, -32(s0)
core   0: 3 0x000000008000feec (0xfee43023) mem 0x0000000080031f50 0x000000008001205f
core   0: 0x000000008000fef0 (0xfc442703) lw      a4, -60(s0)
core   0: 3 0x000000008000fef0 (0xfc442703) x14 0x0000000000000000 mem 0x0000000080031f34
core   0: 0x000000008000fef4 (0x0ff77713) andi    a4, a4, 255
core   0: 3 0x000000008000fef4 (0x0ff77713) x14 0x0000000000000000
core   0: 0x000000008000fef8 (0x00e78023) sb      a4, 0(a5)
core   0: 3 0x000000008000fef8 (0x00e78023) mem 0x000000008001205e 0x00
core   0: 0x000000008000fefc (0xfc843703) ld      a4, -56(s0)
core   0: 3 0x000000008000fefc (0xfc843703) x14 0x0000000080012040 mem 0x0000000080031f38
core   0: 0x000000008000ff00 (0xfb843783) ld      a5, -72(s0)
core   0: 3 0x000000008000ff00 (0xfb843783) x15 0x000000000000009c mem 0x0000000080031f28
core   0: 0x000000008000ff04 (0x000097ba) c.add   a5, a4
core   0: 3 0x000000008000ff04 (0x97ba) x15 0x00000000800120dc
core   0: 0x000000008000ff06 (0xfe043703) ld      a4, -32(s0)
core   0: 3 0x000000008000ff06 (0xfe043703) x14 0x000000008001205f mem 0x0000000080031f50
core   0: 0x000000008000ff0a (0xfcf76de3) bltu    a4, a5, pc - 38
core   0: 3 0x000000008000ff0a (0xfcf76de3)
core   0: 0x000000008000fee4 (0xfe043783) ld      a5, -32(s0)
core   0: 3 0x000000008000fee4 (0xfe043783) x15 0x000000008001205f mem 0x0000000080031f50
core   0: 0x000000008000fee8 (0x00178713) addi    a4, a5, 1
core   0: 3 0x000000008000fee8 (0x00178713) x14 0x0000000080012060
core   0: 0x000000008000feec (0xfee43023) sd      a4, -32(s0)
core   0: 3 0x000000008000feec (0xfee43023) mem 0x0000000080031f50 0x0000000080012060
core   0: 0x000000008000fef0 (0xfc442703) lw      a4, -60(s0)
core   0: 3 0x000000008000fef0 (0xfc442703) x14 0x0000000000000000 mem 0x0000000080031f34
core   0: 0x000000008000fef4 (0x0ff77713) andi    a4, a4, 255
core   0: 3 0x000000008000fef4 (0x0ff77713) x14 0x0000000000000000
core   0: 0x000000008000fef8 (0x00e78023) sb      a4, 0(a5)
core   0: 3 0x000000008000fef8 (0x00e78023) mem 0x000000008001205f 0x00
core   0: 0x000000008000fefc (0xfc843703) ld      a4, -56(s0)
core   0: 3 0x000000008000fefc (0xfc843703) x14 0x0000000080012040 mem 0x0000000080031f38
core   0: 0x000000008000ff00 (0xfb843783) ld      a5, -72(s0)
core   0: 3 0x000000008000ff00 (0xfb843783) x15 0x000000000000009c mem 0x0000000080031f28
core   0: 0x000000008000ff04 (0x000097ba) c.add   a5, a4
core   0: 3 0x000000008000ff04 (0x97ba) x15 0x00000000800120dc
core   0: 0x000000008000ff06 (0xfe043703) ld      a4, -32(s0)
core   0: 3 0x000000008000ff06 (0xfe043703) x14 0x0000000080012060 mem 0x0000000080031f50
core   0: 0x000000008000ff0a (0xfcf76de3) bltu    a4, a5, pc - 38
core   0: 3 0x000000008000ff0a (0xfcf76de3)
core   0: 0x000000008000fee4 (0xfe043783) ld      a5, -32(s0)
core   0: 3 0x000000008000fee4 (0xfe043783) x15 0x0000000080012060 mem 0x0000000080031f50
core   0: 0x000000008000fee8 (0x00178713) addi    a4, a5, 1
core   0: 3 0x000000008000fee8 (0x00178713) x14 0x0000000080012061
core   0: 0x000000008000feec (0xfee43023) sd      a4, -32(s0)
core   0: 3 0x000000008000feec (0xfee43023) mem 0x0000000080031f50 0x0000000080012061
core   0: 0x000000008000fef0 (0xfc442703) lw      a4, -60(s0)
core   0: 3 0x000000008000fef0 (0xfc442703) x14 0x0000000000000000 mem 0x0000000080031f34
core   0: 0x000000008000fef4 (0x0ff77713) andi    a4, a4, 255
core   0: 3 0x000000008000fef4 (0x0ff77713) x14 0x0000000000000000
core   0: 0x000000008000fef8 (0x00e78023) sb      a4, 0(a5)
core   0: 3 0x000000008000fef8 (0x00e78023) mem 0x0000000080012060 0x00
core   0: 0x000000008000fefc (0xfc843703) ld      a4, -56(s0)
core   0: 3 0x000000008000fefc (0xfc843703) x14 0x0000000080012040 mem 0x0000000080031f38
core   0: 0x000000008000ff00 (0xfb843783) ld      a5, -72(s0)
core   0: 3 0x000000008000ff00 (0xfb843783) x15 0x000000000000009c mem 0x0000000080031f28
core   0: 0x000000008000ff04 (0x000097ba) c.add   a5, a4
core   0: 3 0x000000008000ff04 (0x97ba) x15 0x00000000800120dc
core   0: 0x000000008000ff06 (0xfe043703) ld      a4, -32(s0)
core   0: 3 0x000000008000ff06 (0xfe043703) x14 0x0000000080012061 mem 0x0000000080031f50
core   0: 0x000000008000ff0a (0xfcf76de3) bltu    a4, a5, pc - 38
core   0: 3 0x000000008000ff0a (0xfcf76de3)
core   0: 0x000000008000fee4 (0xfe043783) ld      a5, -32(s0)
core   0: 3 0x000000008000fee4 (0xfe043783) x15 0x0000000080012061 mem 0x0000000080031f50
core   0: 0x000000008000fee8 (0x00178713) addi    a4, a5, 1
core   0: 3 0x000000008000fee8 (0x00178713) x14 0x0000000080012062
core   0: 0x000000008000feec (0xfee43023) sd      a4, -32(s0)
core   0: 3 0x000000008000feec (0xfee43023) mem 0x0000000080031f50 0x0000000080012062
core   0: 0x000000008000fef0 (0xfc442703) lw      a4, -60(s0)
core   0: 3 0x000000008000fef0 (0xfc442703) x14 0x0000000000000000 mem 0x0000000080031f34
core   0: 0x000000008000fef4 (0x0ff77713) andi    a4, a4, 255
core   0: 3 0x000000008000fef4 (0x0ff77713) x14 0x0000000000000000
core   0: 0x000000008000fef8 (0x00e78023) sb      a4, 0(a5)
core   0: 3 0x000000008000fef8 (0x00e78023) mem 0x0000000080012061 0x00
core   0: 0x000000008000fefc (0xfc843703) ld      a4, -56(s0)
core   0: 3 0x000000008000fefc (0xfc843703) x14 0x0000000080012040 mem 0x0000000080031f38
core   0: 0x000000008000ff00 (0xfb843783) ld      a5, -72(s0)
core   0: 3 0x000000008000ff00 (0xfb843783) x15 0x000000000000009c mem 0x0000000080031f28
core   0: 0x000000008000ff04 (0x000097ba) c.add   a5, a4
core   0: 3 0x000000008000ff04 (0x97ba) x15 0x00000000800120dc
core   0: 0x000000008000ff06 (0xfe043703) ld      a4, -32(s0)
core   0: 3 0x000000008000ff06 (0xfe043703) x14 0x0000000080012062 mem 0x0000000080031f50
core   0: 0x000000008000ff0a (0xfcf76de3) bltu    a4, a5, pc - 38
core   0: 3 0x000000008000ff0a (0xfcf76de3)
core   0: 0x000000008000fee4 (0xfe043783) ld      a5, -32(s0)
core   0: 3 0x000000008000fee4 (0xfe043783) x15 0x0000000080012062 mem 0x0000000080031f50
core   0: 0x000000008000fee8 (0x00178713) addi    a4, a5, 1
core   0: 3 0x000000008000fee8 (0x00178713) x14 0x0000000080012063
core   0: 0x000000008000feec (0xfee43023) sd      a4, -32(s0)
core   0: 3 0x000000008000feec (0xfee43023) mem 0x0000000080031f50 0x0000000080012063
core   0: 0x000000008000fef0 (0xfc442703) lw      a4, -60(s0)
core   0: 3 0x000000008000fef0 (0xfc442703) x14 0x0000000000000000 mem 0x0000000080031f34
core   0: 0x000000008000fef4 (0x0ff77713) andi    a4, a4, 255
core   0: 3 0x000000008000fef4 (0x0ff77713) x14 0x0000000000000000
core   0: 0x000000008000fef8 (0x00e78023) sb      a4, 0(a5)
core   0: 3 0x000000008000fef8 (0x00e78023) mem 0x0000000080012062 0x00
core   0: 0x000000008000fefc (0xfc843703) ld      a4, -56(s0)
core   0: 3 0x000000008000fefc (0xfc843703) x14 0x0000000080012040 mem 0x0000000080031f38
core   0: 0x000000008000ff00 (0xfb843783) ld      a5, -72(s0)
core   0: 3 0x000000008000ff00 (0xfb843783) x15 0x000000000000009c mem 0x0000000080031f28
core   0: 0x000000008000ff04 (0x000097ba) c.add   a5, a4
core   0: 3 0x000000008000ff04 (0x97ba) x15 0x00000000800120dc
core   0: 0x000000008000ff06 (0xfe043703) ld      a4, -32(s0)
core   0: 3 0x000000008000ff06 (0xfe043703) x14 0x0000000080012063 mem 0x0000000080031f50
core   0: 0x000000008000ff0a (0xfcf76de3) bltu    a4, a5, pc - 38
core   0: 3 0x000000008000ff0a (0xfcf76de3)
core   0: 0x000000008000fee4 (0xfe043783) ld      a5, -32(s0)
core   0: 3 0x000000008000fee4 (0xfe043783) x15 0x0000000080012063 mem 0x0000000080031f50
core   0: 0x000000008000fee8 (0x00178713) addi    a4, a5, 1
core   0: 3 0x000000008000fee8 (0x00178713) x14 0x0000000080012064
core   0: 0x000000008000feec (0xfee43023) sd      a4, -32(s0)
core   0: 3 0x000000008000feec (0xfee43023) mem 0x0000000080031f50 0x0000000080012064
core   0: 0x000000008000fef0 (0xfc442703) lw      a4, -60(s0)
core   0: 3 0x000000008000fef0 (0xfc442703) x14 0x0000000000000000 mem 0x0000000080031f34
core   0: 0x000000008000fef4 (0x0ff77713) andi    a4, a4, 255
core   0: 3 0x000000008000fef4 (0x0ff77713) x14 0x0000000000000000
core   0: 0x000000008000fef8 (0x00e78023) sb      a4, 0(a5)
core   0: 3 0x000000008000fef8 (0x00e78023) mem 0x0000000080012063 0x00
core   0: 0x000000008000fefc (0xfc843703) ld      a4, -56(s0)
core   0: 3 0x000000008000fefc (0xfc843703) x14 0x0000000080012040 mem 0x0000000080031f38
core   0: 0x000000008000ff00 (0xfb843783) ld      a5, -72(s0)
core   0: 3 0x000000008000ff00 (0xfb843783) x15 0x000000000000009c mem 0x0000000080031f28
core   0: 0x000000008000ff04 (0x000097ba) c.add   a5, a4
core   0: 3 0x000000008000ff04 (0x97ba) x15 0x00000000800120dc
core   0: 0x000000008000ff06 (0xfe043703) ld      a4, -32(s0)
core   0: 3 0x000000008000ff06 (0xfe043703) x14 0x0000000080012064 mem 0x0000000080031f50
core   0: 0x000000008000ff0a (0xfcf76de3) bltu    a4, a5, pc - 38
core   0: 3 0x000000008000ff0a (0xfcf76de3)
core   0: 0x000000008000fee4 (0xfe043783) ld      a5, -32(s0)
core   0: 3 0x000000008000fee4 (0xfe043783) x15 0x0000000080012064 mem 0x0000000080031f50
core   0: 0x000000008000fee8 (0x00178713) addi    a4, a5, 1
core   0: 3 0x000000008000fee8 (0x00178713) x14 0x0000000080012065
core   0: 0x000000008000feec (0xfee43023) sd      a4, -32(s0)
core   0: 3 0x000000008000feec (0xfee43023) mem 0x0000000080031f50 0x0000000080012065
core   0: 0x000000008000fef0 (0xfc442703) lw      a4, -60(s0)
core   0: 3 0x000000008000fef0 (0xfc442703) x14 0x0000000000000000 mem 0x0000000080031f34
core   0: 0x000000008000fef4 (0x0ff77713) andi    a4, a4, 255
core   0: 3 0x000000008000fef4 (0x0ff77713) x14 0x0000000000000000
core   0: 0x000000008000fef8 (0x00e78023) sb      a4, 0(a5)
core   0: 3 0x000000008000fef8 (0x00e78023) mem 0x0000000080012064 0x00
core   0: 0x000000008000fefc (0xfc843703) ld      a4, -56(s0)
core   0: 3 0x000000008000fefc (0xfc843703) x14 0x0000000080012040 mem 0x0000000080031f38
core   0: 0x000000008000ff00 (0xfb843783) ld      a5, -72(s0)
core   0: 3 0x000000008000ff00 (0xfb843783) x15 0x000000000000009c mem 0x0000000080031f28
core   0: 0x000000008000ff04 (0x000097ba) c.add   a5, a4
core   0: 3 0x000000008000ff04 (0x97ba) x15 0x00000000800120dc
core   0: 0x000000008000ff06 (0xfe043703) ld      a4, -32(s0)
core   0: 3 0x000000008000ff06 (0xfe043703) x14 0x0000000080012065 mem 0x0000000080031f50
core   0: 0x000000008000ff0a (0xfcf76de3) bltu    a4, a5, pc - 38
core   0: 3 0x000000008000ff0a (0xfcf76de3)
core   0: 0x000000008000fee4 (0xfe043783) ld      a5, -32(s0)
core   0: 3 0x000000008000fee4 (0xfe043783) x15 0x0000000080012065 mem 0x0000000080031f50
core   0: 0x000000008000fee8 (0x00178713) addi    a4, a5, 1
core   0: 3 0x000000008000fee8 (0x00178713) x14 0x0000000080012066
core   0: 0x000000008000feec (0xfee43023) sd      a4, -32(s0)
core   0: 3 0x000000008000feec (0xfee43023) mem 0x0000000080031f50 0x0000000080012066
core   0: 0x000000008000fef0 (0xfc442703) lw      a4, -60(s0)
core   0: 3 0x000000008000fef0 (0xfc442703) x14 0x0000000000000000 mem 0x0000000080031f34
core   0: 0x000000008000fef4 (0x0ff77713) andi    a4, a4, 255
core   0: 3 0x000000008000fef4 (0x0ff77713) x14 0x0000000000000000
core   0: 0x000000008000fef8 (0x00e78023) sb      a4, 0(a5)
core   0: 3 0x000000008000fef8 (0x00e78023) mem 0x0000000080012065 0x00
core   0: 0x000000008000fefc (0xfc843703) ld      a4, -56(s0)
core   0: 3 0x000000008000fefc (0xfc843703) x14 0x0000000080012040 mem 0x0000000080031f38
core   0: 0x000000008000ff00 (0xfb843783) ld      a5, -72(s0)
core   0: 3 0x000000008000ff00 (0xfb843783) x15 0x000000000000009c mem 0x0000000080031f28
core   0: 0x000000008000ff04 (0x000097ba) c.add   a5, a4
core   0: 3 0x000000008000ff04 (0x97ba) x15 0x00000000800120dc
core   0: 0x000000008000ff06 (0xfe043703) ld      a4, -32(s0)
core   0: 3 0x000000008000ff06 (0xfe043703) x14 0x0000000080012066 mem 0x0000000080031f50
core   0: 0x000000008000ff0a (0xfcf76de3) bltu    a4, a5, pc - 38
core   0: 3 0x000000008000ff0a (0xfcf76de3)
core   0: 0x000000008000fee4 (0xfe043783) ld      a5, -32(s0)
core   0: 3 0x000000008000fee4 (0xfe043783) x15 0x0000000080012066 mem 0x0000000080031f50
core   0: 0x000000008000fee8 (0x00178713) addi    a4, a5, 1
core   0: 3 0x000000008000fee8 (0x00178713) x14 0x0000000080012067
core   0: 0x000000008000feec (0xfee43023) sd      a4, -32(s0)
core   0: 3 0x000000008000feec (0xfee43023) mem 0x0000000080031f50 0x0000000080012067
core   0: 0x000000008000fef0 (0xfc442703) lw      a4, -60(s0)
core   0: 3 0x000000008000fef0 (0xfc442703) x14 0x0000000000000000 mem 0x0000000080031f34
core   0: 0x000000008000fef4 (0x0ff77713) andi    a4, a4, 255
core   0: 3 0x000000008000fef4 (0x0ff77713) x14 0x0000000000000000
core   0: 0x000000008000fef8 (0x00e78023) sb      a4, 0(a5)
core   0: 3 0x000000008000fef8 (0x00e78023) mem 0x0000000080012066 0x00
core   0: 0x000000008000fefc (0xfc843703) ld      a4, -56(s0)
core   0: 3 0x000000008000fefc (0xfc843703) x14 0x0000000080012040 mem 0x0000000080031f38
core   0: 0x000000008000ff00 (0xfb843783) ld      a5, -72(s0)
core   0: 3 0x000000008000ff00 (0xfb843783) x15 0x000000000000009c mem 0x0000000080031f28
core   0: 0x000000008000ff04 (0x000097ba) c.add   a5, a4
core   0: 3 0x000000008000ff04 (0x97ba) x15 0x00000000800120dc
core   0: 0x000000008000ff06 (0xfe043703) ld      a4, -32(s0)
core   0: 3 0x000000008000ff06 (0xfe043703) x14 0x0000000080012067 mem 0x0000000080031f50
core   0: 0x000000008000ff0a (0xfcf76de3) bltu    a4, a5, pc - 38
core   0: 3 0x000000008000ff0a (0xfcf76de3)
core   0: 0x000000008000fee4 (0xfe043783) ld      a5, -32(s0)
core   0: 3 0x000000008000fee4 (0xfe043783) x15 0x0000000080012067 mem 0x0000000080031f50
core   0: 0x000000008000fee8 (0x00178713) addi    a4, a5, 1
core   0: 3 0x000000008000fee8 (0x00178713) x14 0x0000000080012068
core   0: 0x000000008000feec (0xfee43023) sd      a4, -32(s0)
core   0: 3 0x000000008000feec (0xfee43023) mem 0x0000000080031f50 0x0000000080012068
core   0: 0x000000008000fef0 (0xfc442703) lw      a4, -60(s0)
core   0: 3 0x000000008000fef0 (0xfc442703) x14 0x0000000000000000 mem 0x0000000080031f34
core   0: 0x000000008000fef4 (0x0ff77713) andi    a4, a4, 255
core   0: 3 0x000000008000fef4 (0x0ff77713) x14 0x0000000000000000
core   0: 0x000000008000fef8 (0x00e78023) sb      a4, 0(a5)
core   0: 3 0x000000008000fef8 (0x00e78023) mem 0x0000000080012067 0x00
core   0: 0x000000008000fefc (0xfc843703) ld      a4, -56(s0)
core   0: 3 0x000000008000fefc (0xfc843703) x14 0x0000000080012040 mem 0x0000000080031f38
core   0: 0x000000008000ff00 (0xfb843783) ld      a5, -72(s0)
core   0: 3 0x000000008000ff00 (0xfb843783) x15 0x000000000000009c mem 0x0000000080031f28
core   0: 0x000000008000ff04 (0x000097ba) c.add   a5, a4
core   0: 3 0x000000008000ff04 (0x97ba) x15 0x00000000800120dc
core   0: 0x000000008000ff06 (0xfe043703) ld      a4, -32(s0)
core   0: 3 0x000000008000ff06 (0xfe043703) x14 0x0000000080012068 mem 0x0000000080031f50
core   0: 0x000000008000ff0a (0xfcf76de3) bltu    a4, a5, pc - 38
core   0: 3 0x000000008000ff0a (0xfcf76de3)
core   0: 0x000000008000fee4 (0xfe043783) ld      a5, -32(s0)
core   0: 3 0x000000008000fee4 (0xfe043783) x15 0x0000000080012068 mem 0x0000000080031f50
core   0: 0x000000008000fee8 (0x00178713) addi    a4, a5, 1
core   0: 3 0x000000008000fee8 (0x00178713) x14 0x0000000080012069
core   0: 0x000000008000feec (0xfee43023) sd      a4, -32(s0)
core   0: 3 0x000000008000feec (0xfee43023) mem 0x0000000080031f50 0x0000000080012069
core   0: 0x000000008000fef0 (0xfc442703) lw      a4, -60(s0)
core   0: 3 0x000000008000fef0 (0xfc442703) x14 0x0000000000000000 mem 0x0000000080031f34
core   0: 0x000000008000fef4 (0x0ff77713) andi    a4, a4, 255
core   0: 3 0x000000008000fef4 (0x0ff77713) x14 0x0000000000000000
core   0: 0x000000008000fef8 (0x00e78023) sb      a4, 0(a5)
core   0: 3 0x000000008000fef8 (0x00e78023) mem 0x0000000080012068 0x00
core   0: 0x000000008000fefc (0xfc843703) ld      a4, -56(s0)
core   0: 3 0x000000008000fefc (0xfc843703) x14 0x0000000080012040 mem 0x0000000080031f38
core   0: 0x000000008000ff00 (0xfb843783) ld      a5, -72(s0)
core   0: 3 0x000000008000ff00 (0xfb843783) x15 0x000000000000009c mem 0x0000000080031f28
core   0: 0x000000008000ff04 (0x000097ba) c.add   a5, a4
core   0: 3 0x000000008000ff04 (0x97ba) x15 0x00000000800120dc
core   0: 0x000000008000ff06 (0xfe043703) ld      a4, -32(s0)
core   0: 3 0x000000008000ff06 (0xfe043703) x14 0x0000000080012069 mem 0x0000000080031f50
core   0: 0x000000008000ff0a (0xfcf76de3) bltu    a4, a5, pc - 38
core   0: 3 0x000000008000ff0a (0xfcf76de3)
core   0: 0x000000008000fee4 (0xfe043783) ld      a5, -32(s0)
core   0: 3 0x000000008000fee4 (0xfe043783) x15 0x0000000080012069 mem 0x0000000080031f50
core   0: 0x000000008000fee8 (0x00178713) addi    a4, a5, 1
core   0: 3 0x000000008000fee8 (0x00178713) x14 0x000000008001206a
core   0: 0x000000008000feec (0xfee43023) sd      a4, -32(s0)
core   0: 3 0x000000008000feec (0xfee43023) mem 0x0000000080031f50 0x000000008001206a
core   0: 0x000000008000fef0 (0xfc442703) lw      a4, -60(s0)
core   0: 3 0x000000008000fef0 (0xfc442703) x14 0x0000000000000000 mem 0x0000000080031f34
core   0: 0x000000008000fef4 (0x0ff77713) andi    a4, a4, 255
core   0: 3 0x000000008000fef4 (0x0ff77713) x14 0x0000000000000000
core   0: 0x000000008000fef8 (0x00e78023) sb      a4, 0(a5)
core   0: 3 0x000000008000fef8 (0x00e78023) mem 0x0000000080012069 0x00
core   0: 0x000000008000fefc (0xfc843703) ld      a4, -56(s0)
core   0: 3 0x000000008000fefc (0xfc843703) x14 0x0000000080012040 mem 0x0000000080031f38
core   0: 0x000000008000ff00 (0xfb843783) ld      a5, -72(s0)
core   0: 3 0x000000008000ff00 (0xfb843783) x15 0x000000000000009c mem 0x0000000080031f28
core   0: 0x000000008000ff04 (0x000097ba) c.add   a5, a4
core   0: 3 0x000000008000ff04 (0x97ba) x15 0x00000000800120dc
core   0: 0x000000008000ff06 (0xfe043703) ld      a4, -32(s0)
core   0: 3 0x000000008000ff06 (0xfe043703) x14 0x000000008001206a mem 0x0000000080031f50
core   0: 0x000000008000ff0a (0xfcf76de3) bltu    a4, a5, pc - 38
core   0: 3 0x000000008000ff0a (0xfcf76de3)
core   0: 0x000000008000fee4 (0xfe043783) ld      a5, -32(s0)
core   0: 3 0x000000008000fee4 (0xfe043783) x15 0x000000008001206a mem 0x0000000080031f50
core   0: 0x000000008000fee8 (0x00178713) addi    a4, a5, 1
core   0: 3 0x000000008000fee8 (0x00178713) x14 0x000000008001206b
core   0: 0x000000008000feec (0xfee43023) sd      a4, -32(s0)
core   0: 3 0x000000008000feec (0xfee43023) mem 0x0000000080031f50 0x000000008001206b
core   0: 0x000000008000fef0 (0xfc442703) lw      a4, -60(s0)
core   0: 3 0x000000008000fef0 (0xfc442703) x14 0x0000000000000000 mem 0x0000000080031f34
core   0: 0x000000008000fef4 (0x0ff77713) andi    a4, a4, 255
core   0: 3 0x000000008000fef4 (0x0ff77713) x14 0x0000000000000000
core   0: 0x000000008000fef8 (0x00e78023) sb      a4, 0(a5)
core   0: 3 0x000000008000fef8 (0x00e78023) mem 0x000000008001206a 0x00
core   0: 0x000000008000fefc (0xfc843703) ld      a4, -56(s0)
core   0: 3 0x000000008000fefc (0xfc843703) x14 0x0000000080012040 mem 0x0000000080031f38
core   0: 0x000000008000ff00 (0xfb843783) ld      a5, -72(s0)
core   0: 3 0x000000008000ff00 (0xfb843783) x15 0x000000000000009c mem 0x0000000080031f28
core   0: 0x000000008000ff04 (0x000097ba) c.add   a5, a4
core   0: 3 0x000000008000ff04 (0x97ba) x15 0x00000000800120dc
core   0: 0x000000008000ff06 (0xfe043703) ld      a4, -32(s0)
core   0: 3 0x000000008000ff06 (0xfe043703) x14 0x000000008001206b mem 0x0000000080031f50
core   0: 0x000000008000ff0a (0xfcf76de3) bltu    a4, a5, pc - 38
core   0: 3 0x000000008000ff0a (0xfcf76de3)
core   0: 0x000000008000fee4 (0xfe043783) ld      a5, -32(s0)
core   0: 3 0x000000008000fee4 (0xfe043783) x15 0x000000008001206b mem 0x0000000080031f50
core   0: 0x000000008000fee8 (0x00178713) addi    a4, a5, 1
core   0: 3 0x000000008000fee8 (0x00178713) x14 0x000000008001206c
core   0: 0x000000008000feec (0xfee43023) sd      a4, -32(s0)
core   0: 3 0x000000008000feec (0xfee43023) mem 0x0000000080031f50 0x000000008001206c
core   0: 0x000000008000fef0 (0xfc442703) lw      a4, -60(s0)
core   0: 3 0x000000008000fef0 (0xfc442703) x14 0x0000000000000000 mem 0x0000000080031f34
core   0: 0x000000008000fef4 (0x0ff77713) andi    a4, a4, 255
core   0: 3 0x000000008000fef4 (0x0ff77713) x14 0x0000000000000000
core   0: 0x000000008000fef8 (0x00e78023) sb      a4, 0(a5)
core   0: 3 0x000000008000fef8 (0x00e78023) mem 0x000000008001206b 0x00
core   0: 0x000000008000fefc (0xfc843703) ld      a4, -56(s0)
core   0: 3 0x000000008000fefc (0xfc843703) x14 0x0000000080012040 mem 0x0000000080031f38
core   0: 0x000000008000ff00 (0xfb843783) ld      a5, -72(s0)
core   0: 3 0x000000008000ff00 (0xfb843783) x15 0x000000000000009c mem 0x0000000080031f28
core   0: 0x000000008000ff04 (0x000097ba) c.add   a5, a4
core   0: 3 0x000000008000ff04 (0x97ba) x15 0x00000000800120dc
core   0: 0x000000008000ff06 (0xfe043703) ld      a4, -32(s0)
core   0: 3 0x000000008000ff06 (0xfe043703) x14 0x000000008001206c mem 0x0000000080031f50
core   0: 0x000000008000ff0a (0xfcf76de3) bltu    a4, a5, pc - 38
core   0: 3 0x000000008000ff0a (0xfcf76de3)
core   0: 0x000000008000fee4 (0xfe043783) ld      a5, -32(s0)
core   0: 3 0x000000008000fee4 (0xfe043783) x15 0x000000008001206c mem 0x0000000080031f50
core   0: 0x000000008000fee8 (0x00178713) addi    a4, a5, 1
core   0: 3 0x000000008000fee8 (0x00178713) x14 0x000000008001206d
core   0: 0x000000008000feec (0xfee43023) sd      a4, -32(s0)
core   0: 3 0x000000008000feec (0xfee43023) mem 0x0000000080031f50 0x000000008001206d
core   0: 0x000000008000fef0 (0xfc442703) lw      a4, -60(s0)
core   0: 3 0x000000008000fef0 (0xfc442703) x14 0x0000000000000000 mem 0x0000000080031f34
core   0: 0x000000008000fef4 (0x0ff77713) andi    a4, a4, 255
core   0: 3 0x000000008000fef4 (0x0ff77713) x14 0x0000000000000000
core   0: 0x000000008000fef8 (0x00e78023) sb      a4, 0(a5)
core   0: 3 0x000000008000fef8 (0x00e78023) mem 0x000000008001206c 0x00
core   0: 0x000000008000fefc (0xfc843703) ld      a4, -56(s0)
core   0: 3 0x000000008000fefc (0xfc843703) x14 0x0000000080012040 mem 0x0000000080031f38
core   0: 0x000000008000ff00 (0xfb843783) ld      a5, -72(s0)
core   0: 3 0x000000008000ff00 (0xfb843783) x15 0x000000000000009c mem 0x0000000080031f28
core   0: 0x000000008000ff04 (0x000097ba) c.add   a5, a4
core   0: 3 0x000000008000ff04 (0x97ba) x15 0x00000000800120dc
core   0: 0x000000008000ff06 (0xfe043703) ld      a4, -32(s0)
core   0: 3 0x000000008000ff06 (0xfe043703) x14 0x000000008001206d mem 0x0000000080031f50
core   0: 0x000000008000ff0a (0xfcf76de3) bltu    a4, a5, pc - 38
core   0: 3 0x000000008000ff0a (0xfcf76de3)
core   0: 0x000000008000fee4 (0xfe043783) ld      a5, -32(s0)
core   0: 3 0x000000008000fee4 (0xfe043783) x15 0x000000008001206d mem 0x0000000080031f50
core   0: 0x000000008000fee8 (0x00178713) addi    a4, a5, 1
core   0: 3 0x000000008000fee8 (0x00178713) x14 0x000000008001206e
core   0: 0x000000008000feec (0xfee43023) sd      a4, -32(s0)
core   0: 3 0x000000008000feec (0xfee43023) mem 0x0000000080031f50 0x000000008001206e
core   0: 0x000000008000fef0 (0xfc442703) lw      a4, -60(s0)
core   0: 3 0x000000008000fef0 (0xfc442703) x14 0x0000000000000000 mem 0x0000000080031f34
core   0: 0x000000008000fef4 (0x0ff77713) andi    a4, a4, 255
core   0: 3 0x000000008000fef4 (0x0ff77713) x14 0x0000000000000000
core   0: 0x000000008000fef8 (0x00e78023) sb      a4, 0(a5)
core   0: 3 0x000000008000fef8 (0x00e78023) mem 0x000000008001206d 0x00
core   0: 0x000000008000fefc (0xfc843703) ld      a4, -56(s0)
core   0: 3 0x000000008000fefc (0xfc843703) x14 0x0000000080012040 mem 0x0000000080031f38
core   0: 0x000000008000ff00 (0xfb843783) ld      a5, -72(s0)
core   0: 3 0x000000008000ff00 (0xfb843783) x15 0x000000000000009c mem 0x0000000080031f28
core   0: 0x000000008000ff04 (0x000097ba) c.add   a5, a4
core   0: 3 0x000000008000ff04 (0x97ba) x15 0x00000000800120dc
core   0: 0x000000008000ff06 (0xfe043703) ld      a4, -32(s0)
core   0: 3 0x000000008000ff06 (0xfe043703) x14 0x000000008001206e mem 0x0000000080031f50
core   0: 0x000000008000ff0a (0xfcf76de3) bltu    a4, a5, pc - 38
core   0: 3 0x000000008000ff0a (0xfcf76de3)
core   0: 0x000000008000fee4 (0xfe043783) ld      a5, -32(s0)
core   0: 3 0x000000008000fee4 (0xfe043783) x15 0x000000008001206e mem 0x0000000080031f50
core   0: 0x000000008000fee8 (0x00178713) addi    a4, a5, 1
core   0: 3 0x000000008000fee8 (0x00178713) x14 0x000000008001206f
core   0: 0x000000008000feec (0xfee43023) sd      a4, -32(s0)
core   0: 3 0x000000008000feec (0xfee43023) mem 0x0000000080031f50 0x000000008001206f
core   0: 0x000000008000fef0 (0xfc442703) lw      a4, -60(s0)
core   0: 3 0x000000008000fef0 (0xfc442703) x14 0x0000000000000000 mem 0x0000000080031f34
core   0: 0x000000008000fef4 (0x0ff77713) andi    a4, a4, 255
core   0: 3 0x000000008000fef4 (0x0ff77713) x14 0x0000000000000000
core   0: 0x000000008000fef8 (0x00e78023) sb      a4, 0(a5)
core   0: 3 0x000000008000fef8 (0x00e78023) mem 0x000000008001206e 0x00
core   0: 0x000000008000fefc (0xfc843703) ld      a4, -56(s0)
core   0: 3 0x000000008000fefc (0xfc843703) x14 0x0000000080012040 mem 0x0000000080031f38
core   0: 0x000000008000ff00 (0xfb843783) ld      a5, -72(s0)
core   0: 3 0x000000008000ff00 (0xfb843783) x15 0x000000000000009c mem 0x0000000080031f28
core   0: 0x000000008000ff04 (0x000097ba) c.add   a5, a4
core   0: 3 0x000000008000ff04 (0x97ba) x15 0x00000000800120dc
core   0: 0x000000008000ff06 (0xfe043703) ld      a4, -32(s0)
core   0: 3 0x000000008000ff06 (0xfe043703) x14 0x000000008001206f mem 0x0000000080031f50
core   0: 0x000000008000ff0a (0xfcf76de3) bltu    a4, a5, pc - 38
core   0: 3 0x000000008000ff0a (0xfcf76de3)
core   0: 0x000000008000fee4 (0xfe043783) ld      a5, -32(s0)
core   0: 3 0x000000008000fee4 (0xfe043783) x15 0x000000008001206f mem 0x0000000080031f50
core   0: 0x000000008000fee8 (0x00178713) addi    a4, a5, 1
core   0: 3 0x000000008000fee8 (0x00178713) x14 0x0000000080012070
core   0: 0x000000008000feec (0xfee43023) sd      a4, -32(s0)
core   0: 3 0x000000008000feec (0xfee43023) mem 0x0000000080031f50 0x0000000080012070
core   0: 0x000000008000fef0 (0xfc442703) lw      a4, -60(s0)
core   0: 3 0x000000008000fef0 (0xfc442703) x14 0x0000000000000000 mem 0x0000000080031f34
core   0: 0x000000008000fef4 (0x0ff77713) andi    a4, a4, 255
core   0: 3 0x000000008000fef4 (0x0ff77713) x14 0x0000000000000000
core   0: 0x000000008000fef8 (0x00e78023) sb      a4, 0(a5)
core   0: 3 0x000000008000fef8 (0x00e78023) mem 0x000000008001206f 0x00
core   0: 0x000000008000fefc (0xfc843703) ld      a4, -56(s0)
core   0: 3 0x000000008000fefc (0xfc843703) x14 0x0000000080012040 mem 0x0000000080031f38
core   0: 0x000000008000ff00 (0xfb843783) ld      a5, -72(s0)
core   0: 3 0x000000008000ff00 (0xfb843783) x15 0x000000000000009c mem 0x0000000080031f28
core   0: 0x000000008000ff04 (0x000097ba) c.add   a5, a4
core   0: 3 0x000000008000ff04 (0x97ba) x15 0x00000000800120dc
core   0: 0x000000008000ff06 (0xfe043703) ld      a4, -32(s0)
core   0: 3 0x000000008000ff06 (0xfe043703) x14 0x0000000080012070 mem 0x0000000080031f50
core   0: 0x000000008000ff0a (0xfcf76de3) bltu    a4, a5, pc - 38
core   0: 3 0x000000008000ff0a (0xfcf76de3)
core   0: 0x000000008000fee4 (0xfe043783) ld      a5, -32(s0)
core   0: 3 0x000000008000fee4 (0xfe043783) x15 0x0000000080012070 mem 0x0000000080031f50
core   0: 0x000000008000fee8 (0x00178713) addi    a4, a5, 1
core   0: 3 0x000000008000fee8 (0x00178713) x14 0x0000000080012071
core   0: 0x000000008000feec (0xfee43023) sd      a4, -32(s0)
core   0: 3 0x000000008000feec (0xfee43023) mem 0x0000000080031f50 0x0000000080012071
core   0: 0x000000008000fef0 (0xfc442703) lw      a4, -60(s0)
core   0: 3 0x000000008000fef0 (0xfc442703) x14 0x0000000000000000 mem 0x0000000080031f34
core   0: 0x000000008000fef4 (0x0ff77713) andi    a4, a4, 255
core   0: 3 0x000000008000fef4 (0x0ff77713) x14 0x0000000000000000
core   0: 0x000000008000fef8 (0x00e78023) sb      a4, 0(a5)
core   0: 3 0x000000008000fef8 (0x00e78023) mem 0x0000000080012070 0x00
core   0: 0x000000008000fefc (0xfc843703) ld      a4, -56(s0)
core   0: 3 0x000000008000fefc (0xfc843703) x14 0x0000000080012040 mem 0x0000000080031f38
core   0: 0x000000008000ff00 (0xfb843783) ld      a5, -72(s0)
core   0: 3 0x000000008000ff00 (0xfb843783) x15 0x000000000000009c mem 0x0000000080031f28
core   0: 0x000000008000ff04 (0x000097ba) c.add   a5, a4
core   0: 3 0x000000008000ff04 (0x97ba) x15 0x00000000800120dc
core   0: 0x000000008000ff06 (0xfe043703) ld      a4, -32(s0)
core   0: 3 0x000000008000ff06 (0xfe043703) x14 0x0000000080012071 mem 0x0000000080031f50
core   0: 0x000000008000ff0a (0xfcf76de3) bltu    a4, a5, pc - 38
core   0: 3 0x000000008000ff0a (0xfcf76de3)
core   0: 0x000000008000fee4 (0xfe043783) ld      a5, -32(s0)
core   0: 3 0x000000008000fee4 (0xfe043783) x15 0x0000000080012071 mem 0x0000000080031f50
core   0: 0x000000008000fee8 (0x00178713) addi    a4, a5, 1
core   0: 3 0x000000008000fee8 (0x00178713) x14 0x0000000080012072
core   0: 0x000000008000feec (0xfee43023) sd      a4, -32(s0)
core   0: 3 0x000000008000feec (0xfee43023) mem 0x0000000080031f50 0x0000000080012072
core   0: 0x000000008000fef0 (0xfc442703) lw      a4, -60(s0)
core   0: 3 0x000000008000fef0 (0xfc442703) x14 0x0000000000000000 mem 0x0000000080031f34
core   0: 0x000000008000fef4 (0x0ff77713) andi    a4, a4, 255
core   0: 3 0x000000008000fef4 (0x0ff77713) x14 0x0000000000000000
core   0: 0x000000008000fef8 (0x00e78023) sb      a4, 0(a5)
core   0: 3 0x000000008000fef8 (0x00e78023) mem 0x0000000080012071 0x00
core   0: 0x000000008000fefc (0xfc843703) ld      a4, -56(s0)
core   0: 3 0x000000008000fefc (0xfc843703) x14 0x0000000080012040 mem 0x0000000080031f38
core   0: 0x000000008000ff00 (0xfb843783) ld      a5, -72(s0)
core   0: 3 0x000000008000ff00 (0xfb843783) x15 0x000000000000009c mem 0x0000000080031f28
core   0: 0x000000008000ff04 (0x000097ba) c.add   a5, a4
core   0: 3 0x000000008000ff04 (0x97ba) x15 0x00000000800120dc
core   0: 0x000000008000ff06 (0xfe043703) ld      a4, -32(s0)
core   0: 3 0x000000008000ff06 (0xfe043703) x14 0x0000000080012072 mem 0x0000000080031f50
core   0: 0x000000008000ff0a (0xfcf76de3) bltu    a4, a5, pc - 38
core   0: 3 0x000000008000ff0a (0xfcf76de3)
core   0: 0x000000008000fee4 (0xfe043783) ld      a5, -32(s0)
core   0: 3 0x000000008000fee4 (0xfe043783) x15 0x0000000080012072 mem 0x0000000080031f50
core   0: 0x000000008000fee8 (0x00178713) addi    a4, a5, 1
core   0: 3 0x000000008000fee8 (0x00178713) x14 0x0000000080012073
core   0: 0x000000008000feec (0xfee43023) sd      a4, -32(s0)
core   0: 3 0x000000008000feec (0xfee43023) mem 0x0000000080031f50 0x0000000080012073
core   0: 0x000000008000fef0 (0xfc442703) lw      a4, -60(s0)
core   0: 3 0x000000008000fef0 (0xfc442703) x14 0x0000000000000000 mem 0x0000000080031f34
core   0: 0x000000008000fef4 (0x0ff77713) andi    a4, a4, 255
core   0: 3 0x000000008000fef4 (0x0ff77713) x14 0x0000000000000000
core   0: 0x000000008000fef8 (0x00e78023) sb      a4, 0(a5)
core   0: 3 0x000000008000fef8 (0x00e78023) mem 0x0000000080012072 0x00
core   0: 0x000000008000fefc (0xfc843703) ld      a4, -56(s0)
core   0: 3 0x000000008000fefc (0xfc843703) x14 0x0000000080012040 mem 0x0000000080031f38
core   0: 0x000000008000ff00 (0xfb843783) ld      a5, -72(s0)
core   0: 3 0x000000008000ff00 (0xfb843783) x15 0x000000000000009c mem 0x0000000080031f28
core   0: 0x000000008000ff04 (0x000097ba) c.add   a5, a4
core   0: 3 0x000000008000ff04 (0x97ba) x15 0x00000000800120dc
core   0: 0x000000008000ff06 (0xfe043703) ld      a4, -32(s0)
core   0: 3 0x000000008000ff06 (0xfe043703) x14 0x0000000080012073 mem 0x0000000080031f50
core   0: 0x000000008000ff0a (0xfcf76de3) bltu    a4, a5, pc - 38
core   0: 3 0x000000008000ff0a (0xfcf76de3)
core   0: 0x000000008000fee4 (0xfe043783) ld      a5, -32(s0)
core   0: 3 0x000000008000fee4 (0xfe043783) x15 0x0000000080012073 mem 0x0000000080031f50
core   0: 0x000000008000fee8 (0x00178713) addi    a4, a5, 1
core   0: 3 0x000000008000fee8 (0x00178713) x14 0x0000000080012074
core   0: 0x000000008000feec (0xfee43023) sd      a4, -32(s0)
core   0: 3 0x000000008000feec (0xfee43023) mem 0x0000000080031f50 0x0000000080012074
core   0: 0x000000008000fef0 (0xfc442703) lw      a4, -60(s0)
core   0: 3 0x000000008000fef0 (0xfc442703) x14 0x0000000000000000 mem 0x0000000080031f34
core   0: 0x000000008000fef4 (0x0ff77713) andi    a4, a4, 255
core   0: 3 0x000000008000fef4 (0x0ff77713) x14 0x0000000000000000
core   0: 0x000000008000fef8 (0x00e78023) sb      a4, 0(a5)
core   0: 3 0x000000008000fef8 (0x00e78023) mem 0x0000000080012073 0x00
core   0: 0x000000008000fefc (0xfc843703) ld      a4, -56(s0)
core   0: 3 0x000000008000fefc (0xfc843703) x14 0x0000000080012040 mem 0x0000000080031f38
core   0: 0x000000008000ff00 (0xfb843783) ld      a5, -72(s0)
core   0: 3 0x000000008000ff00 (0xfb843783) x15 0x000000000000009c mem 0x0000000080031f28
core   0: 0x000000008000ff04 (0x000097ba) c.add   a5, a4
core   0: 3 0x000000008000ff04 (0x97ba) x15 0x00000000800120dc
core   0: 0x000000008000ff06 (0xfe043703) ld      a4, -32(s0)
core   0: 3 0x000000008000ff06 (0xfe043703) x14 0x0000000080012074 mem 0x0000000080031f50
core   0: 0x000000008000ff0a (0xfcf76de3) bltu    a4, a5, pc - 38
core   0: 3 0x000000008000ff0a (0xfcf76de3)
core   0: 0x000000008000fee4 (0xfe043783) ld      a5, -32(s0)
core   0: 3 0x000000008000fee4 (0xfe043783) x15 0x0000000080012074 mem 0x0000000080031f50
core   0: 0x000000008000fee8 (0x00178713) addi    a4, a5, 1
core   0: 3 0x000000008000fee8 (0x00178713) x14 0x0000000080012075
core   0: 0x000000008000feec (0xfee43023) sd      a4, -32(s0)
core   0: 3 0x000000008000feec (0xfee43023) mem 0x0000000080031f50 0x0000000080012075
core   0: 0x000000008000fef0 (0xfc442703) lw      a4, -60(s0)
core   0: 3 0x000000008000fef0 (0xfc442703) x14 0x0000000000000000 mem 0x0000000080031f34
core   0: 0x000000008000fef4 (0x0ff77713) andi    a4, a4, 255
core   0: 3 0x000000008000fef4 (0x0ff77713) x14 0x0000000000000000
core   0: 0x000000008000fef8 (0x00e78023) sb      a4, 0(a5)
core   0: 3 0x000000008000fef8 (0x00e78023) mem 0x0000000080012074 0x00
core   0: 0x000000008000fefc (0xfc843703) ld      a4, -56(s0)
core   0: 3 0x000000008000fefc (0xfc843703) x14 0x0000000080012040 mem 0x0000000080031f38
core   0: 0x000000008000ff00 (0xfb843783) ld      a5, -72(s0)
core   0: 3 0x000000008000ff00 (0xfb843783) x15 0x000000000000009c mem 0x0000000080031f28
core   0: 0x000000008000ff04 (0x000097ba) c.add   a5, a4
core   0: 3 0x000000008000ff04 (0x97ba) x15 0x00000000800120dc
core   0: 0x000000008000ff06 (0xfe043703) ld      a4, -32(s0)
core   0: 3 0x000000008000ff06 (0xfe043703) x14 0x0000000080012075 mem 0x0000000080031f50
core   0: 0x000000008000ff0a (0xfcf76de3) bltu    a4, a5, pc - 38
core   0: 3 0x000000008000ff0a (0xfcf76de3)
core   0: 0x000000008000fee4 (0xfe043783) ld      a5, -32(s0)
core   0: 3 0x000000008000fee4 (0xfe043783) x15 0x0000000080012075 mem 0x0000000080031f50
core   0: 0x000000008000fee8 (0x00178713) addi    a4, a5, 1
core   0: 3 0x000000008000fee8 (0x00178713) x14 0x0000000080012076
core   0: 0x000000008000feec (0xfee43023) sd      a4, -32(s0)
core   0: 3 0x000000008000feec (0xfee43023) mem 0x0000000080031f50 0x0000000080012076
core   0: 0x000000008000fef0 (0xfc442703) lw      a4, -60(s0)
core   0: 3 0x000000008000fef0 (0xfc442703) x14 0x0000000000000000 mem 0x0000000080031f34
core   0: 0x000000008000fef4 (0x0ff77713) andi    a4, a4, 255
core   0: 3 0x000000008000fef4 (0x0ff77713) x14 0x0000000000000000
core   0: 0x000000008000fef8 (0x00e78023) sb      a4, 0(a5)
core   0: 3 0x000000008000fef8 (0x00e78023) mem 0x0000000080012075 0x00
core   0: 0x000000008000fefc (0xfc843703) ld      a4, -56(s0)
core   0: 3 0x000000008000fefc (0xfc843703) x14 0x0000000080012040 mem 0x0000000080031f38
core   0: 0x000000008000ff00 (0xfb843783) ld      a5, -72(s0)
core   0: 3 0x000000008000ff00 (0xfb843783) x15 0x000000000000009c mem 0x0000000080031f28
core   0: 0x000000008000ff04 (0x000097ba) c.add   a5, a4
core   0: 3 0x000000008000ff04 (0x97ba) x15 0x00000000800120dc
core   0: 0x000000008000ff06 (0xfe043703) ld      a4, -32(s0)
core   0: 3 0x000000008000ff06 (0xfe043703) x14 0x0000000080012076 mem 0x0000000080031f50
core   0: 0x000000008000ff0a (0xfcf76de3) bltu    a4, a5, pc - 38
core   0: 3 0x000000008000ff0a (0xfcf76de3)
core   0: 0x000000008000fee4 (0xfe043783) ld      a5, -32(s0)
core   0: 3 0x000000008000fee4 (0xfe043783) x15 0x0000000080012076 mem 0x0000000080031f50
core   0: 0x000000008000fee8 (0x00178713) addi    a4, a5, 1
core   0: 3 0x000000008000fee8 (0x00178713) x14 0x0000000080012077
core   0: 0x000000008000feec (0xfee43023) sd      a4, -32(s0)
core   0: 3 0x000000008000feec (0xfee43023) mem 0x0000000080031f50 0x0000000080012077
core   0: 0x000000008000fef0 (0xfc442703) lw      a4, -60(s0)
core   0: 3 0x000000008000fef0 (0xfc442703) x14 0x0000000000000000 mem 0x0000000080031f34
core   0: 0x000000008000fef4 (0x0ff77713) andi    a4, a4, 255
core   0: 3 0x000000008000fef4 (0x0ff77713) x14 0x0000000000000000
core   0: 0x000000008000fef8 (0x00e78023) sb      a4, 0(a5)
core   0: 3 0x000000008000fef8 (0x00e78023) mem 0x0000000080012076 0x00
core   0: 0x000000008000fefc (0xfc843703) ld      a4, -56(s0)
core   0: 3 0x000000008000fefc (0xfc843703) x14 0x0000000080012040 mem 0x0000000080031f38
core   0: 0x000000008000ff00 (0xfb843783) ld      a5, -72(s0)
core   0: 3 0x000000008000ff00 (0xfb843783) x15 0x000000000000009c mem 0x0000000080031f28
core   0: 0x000000008000ff04 (0x000097ba) c.add   a5, a4
core   0: 3 0x000000008000ff04 (0x97ba) x15 0x00000000800120dc
core   0: 0x000000008000ff06 (0xfe043703) ld      a4, -32(s0)
core   0: 3 0x000000008000ff06 (0xfe043703) x14 0x0000000080012077 mem 0x0000000080031f50
core   0: 0x000000008000ff0a (0xfcf76de3) bltu    a4, a5, pc - 38
core   0: 3 0x000000008000ff0a (0xfcf76de3)
core   0: 0x000000008000fee4 (0xfe043783) ld      a5, -32(s0)
core   0: 3 0x000000008000fee4 (0xfe043783) x15 0x0000000080012077 mem 0x0000000080031f50
core   0: 0x000000008000fee8 (0x00178713) addi    a4, a5, 1
core   0: 3 0x000000008000fee8 (0x00178713) x14 0x0000000080012078
core   0: 0x000000008000feec (0xfee43023) sd      a4, -32(s0)
core   0: 3 0x000000008000feec (0xfee43023) mem 0x0000000080031f50 0x0000000080012078
core   0: 0x000000008000fef0 (0xfc442703) lw      a4, -60(s0)
core   0: 3 0x000000008000fef0 (0xfc442703) x14 0x0000000000000000 mem 0x0000000080031f34
core   0: 0x000000008000fef4 (0x0ff77713) andi    a4, a4, 255
core   0: 3 0x000000008000fef4 (0x0ff77713) x14 0x0000000000000000
core   0: 0x000000008000fef8 (0x00e78023) sb      a4, 0(a5)
core   0: 3 0x000000008000fef8 (0x00e78023) mem 0x0000000080012077 0x00
core   0: 0x000000008000fefc (0xfc843703) ld      a4, -56(s0)
core   0: 3 0x000000008000fefc (0xfc843703) x14 0x0000000080012040 mem 0x0000000080031f38
core   0: 0x000000008000ff00 (0xfb843783) ld      a5, -72(s0)
core   0: 3 0x000000008000ff00 (0xfb843783) x15 0x000000000000009c mem 0x0000000080031f28
core   0: 0x000000008000ff04 (0x000097ba) c.add   a5, a4
core   0: 3 0x000000008000ff04 (0x97ba) x15 0x00000000800120dc
core   0: 0x000000008000ff06 (0xfe043703) ld      a4, -32(s0)
core   0: 3 0x000000008000ff06 (0xfe043703) x14 0x0000000080012078 mem 0x0000000080031f50
core   0: 0x000000008000ff0a (0xfcf76de3) bltu    a4, a5, pc - 38
core   0: 3 0x000000008000ff0a (0xfcf76de3)
core   0: 0x000000008000fee4 (0xfe043783) ld      a5, -32(s0)
core   0: 3 0x000000008000fee4 (0xfe043783) x15 0x0000000080012078 mem 0x0000000080031f50
core   0: 0x000000008000fee8 (0x00178713) addi    a4, a5, 1
core   0: 3 0x000000008000fee8 (0x00178713) x14 0x0000000080012079
core   0: 0x000000008000feec (0xfee43023) sd      a4, -32(s0)
core   0: 3 0x000000008000feec (0xfee43023) mem 0x0000000080031f50 0x0000000080012079
core   0: 0x000000008000fef0 (0xfc442703) lw      a4, -60(s0)
core   0: 3 0x000000008000fef0 (0xfc442703) x14 0x0000000000000000 mem 0x0000000080031f34
core   0: 0x000000008000fef4 (0x0ff77713) andi    a4, a4, 255
core   0: 3 0x000000008000fef4 (0x0ff77713) x14 0x0000000000000000
core   0: 0x000000008000fef8 (0x00e78023) sb      a4, 0(a5)
core   0: 3 0x000000008000fef8 (0x00e78023) mem 0x0000000080012078 0x00
core   0: 0x000000008000fefc (0xfc843703) ld      a4, -56(s0)
core   0: 3 0x000000008000fefc (0xfc843703) x14 0x0000000080012040 mem 0x0000000080031f38
core   0: 0x000000008000ff00 (0xfb843783) ld      a5, -72(s0)
core   0: 3 0x000000008000ff00 (0xfb843783) x15 0x000000000000009c mem 0x0000000080031f28
core   0: 0x000000008000ff04 (0x000097ba) c.add   a5, a4
core   0: 3 0x000000008000ff04 (0x97ba) x15 0x00000000800120dc
core   0: 0x000000008000ff06 (0xfe043703) ld      a4, -32(s0)
core   0: 3 0x000000008000ff06 (0xfe043703) x14 0x0000000080012079 mem 0x0000000080031f50
core   0: 0x000000008000ff0a (0xfcf76de3) bltu    a4, a5, pc - 38
core   0: 3 0x000000008000ff0a (0xfcf76de3)
core   0: 0x000000008000fee4 (0xfe043783) ld      a5, -32(s0)
core   0: 3 0x000000008000fee4 (0xfe043783) x15 0x0000000080012079 mem 0x0000000080031f50
core   0: 0x000000008000fee8 (0x00178713) addi    a4, a5, 1
core   0: 3 0x000000008000fee8 (0x00178713) x14 0x000000008001207a
core   0: 0x000000008000feec (0xfee43023) sd      a4, -32(s0)
core   0: 3 0x000000008000feec (0xfee43023) mem 0x0000000080031f50 0x000000008001207a
core   0: 0x000000008000fef0 (0xfc442703) lw      a4, -60(s0)
core   0: 3 0x000000008000fef0 (0xfc442703) x14 0x0000000000000000 mem 0x0000000080031f34
core   0: 0x000000008000fef4 (0x0ff77713) andi    a4, a4, 255
core   0: 3 0x000000008000fef4 (0x0ff77713) x14 0x0000000000000000
core   0: 0x000000008000fef8 (0x00e78023) sb      a4, 0(a5)
core   0: 3 0x000000008000fef8 (0x00e78023) mem 0x0000000080012079 0x00
core   0: 0x000000008000fefc (0xfc843703) ld      a4, -56(s0)
core   0: 3 0x000000008000fefc (0xfc843703) x14 0x0000000080012040 mem 0x0000000080031f38
core   0: 0x000000008000ff00 (0xfb843783) ld      a5, -72(s0)
core   0: 3 0x000000008000ff00 (0xfb843783) x15 0x000000000000009c mem 0x0000000080031f28
core   0: 0x000000008000ff04 (0x000097ba) c.add   a5, a4
core   0: 3 0x000000008000ff04 (0x97ba) x15 0x00000000800120dc
core   0: 0x000000008000ff06 (0xfe043703) ld      a4, -32(s0)
core   0: 3 0x000000008000ff06 (0xfe043703) x14 0x000000008001207a mem 0x0000000080031f50
core   0: 0x000000008000ff0a (0xfcf76de3) bltu    a4, a5, pc - 38
core   0: 3 0x000000008000ff0a (0xfcf76de3)
core   0: 0x000000008000fee4 (0xfe043783) ld      a5, -32(s0)
core   0: 3 0x000000008000fee4 (0xfe043783) x15 0x000000008001207a mem 0x0000000080031f50
core   0: 0x000000008000fee8 (0x00178713) addi    a4, a5, 1
core   0: 3 0x000000008000fee8 (0x00178713) x14 0x000000008001207b
core   0: 0x000000008000feec (0xfee43023) sd      a4, -32(s0)
core   0: 3 0x000000008000feec (0xfee43023) mem 0x0000000080031f50 0x000000008001207b
core   0: 0x000000008000fef0 (0xfc442703) lw      a4, -60(s0)
core   0: 3 0x000000008000fef0 (0xfc442703) x14 0x0000000000000000 mem 0x0000000080031f34
core   0: 0x000000008000fef4 (0x0ff77713) andi    a4, a4, 255
core   0: 3 0x000000008000fef4 (0x0ff77713) x14 0x0000000000000000
core   0: 0x000000008000fef8 (0x00e78023) sb      a4, 0(a5)
core   0: 3 0x000000008000fef8 (0x00e78023) mem 0x000000008001207a 0x00
core   0: 0x000000008000fefc (0xfc843703) ld      a4, -56(s0)
core   0: 3 0x000000008000fefc (0xfc843703) x14 0x0000000080012040 mem 0x0000000080031f38
core   0: 0x000000008000ff00 (0xfb843783) ld      a5, -72(s0)
core   0: 3 0x000000008000ff00 (0xfb843783) x15 0x000000000000009c mem 0x0000000080031f28
core   0: 0x000000008000ff04 (0x000097ba) c.add   a5, a4
core   0: 3 0x000000008000ff04 (0x97ba) x15 0x00000000800120dc
core   0: 0x000000008000ff06 (0xfe043703) ld      a4, -32(s0)
core   0: 3 0x000000008000ff06 (0xfe043703) x14 0x000000008001207b mem 0x0000000080031f50
core   0: 0x000000008000ff0a (0xfcf76de3) bltu    a4, a5, pc - 38
core   0: 3 0x000000008000ff0a (0xfcf76de3)
core   0: 0x000000008000fee4 (0xfe043783) ld      a5, -32(s0)
core   0: 3 0x000000008000fee4 (0xfe043783) x15 0x000000008001207b mem 0x0000000080031f50
core   0: 0x000000008000fee8 (0x00178713) addi    a4, a5, 1
core   0: 3 0x000000008000fee8 (0x00178713) x14 0x000000008001207c
core   0: 0x000000008000feec (0xfee43023) sd      a4, -32(s0)
core   0: 3 0x000000008000feec (0xfee43023) mem 0x0000000080031f50 0x000000008001207c
core   0: 0x000000008000fef0 (0xfc442703) lw      a4, -60(s0)
core   0: 3 0x000000008000fef0 (0xfc442703) x14 0x0000000000000000 mem 0x0000000080031f34
core   0: 0x000000008000fef4 (0x0ff77713) andi    a4, a4, 255
core   0: 3 0x000000008000fef4 (0x0ff77713) x14 0x0000000000000000
core   0: 0x000000008000fef8 (0x00e78023) sb      a4, 0(a5)
core   0: 3 0x000000008000fef8 (0x00e78023) mem 0x000000008001207b 0x00
core   0: 0x000000008000fefc (0xfc843703) ld      a4, -56(s0)
core   0: 3 0x000000008000fefc (0xfc843703) x14 0x0000000080012040 mem 0x0000000080031f38
core   0: 0x000000008000ff00 (0xfb843783) ld      a5, -72(s0)
core   0: 3 0x000000008000ff00 (0xfb843783) x15 0x000000000000009c mem 0x0000000080031f28
core   0: 0x000000008000ff04 (0x000097ba) c.add   a5, a4
core   0: 3 0x000000008000ff04 (0x97ba) x15 0x00000000800120dc
core   0: 0x000000008000ff06 (0xfe043703) ld      a4, -32(s0)
core   0: 3 0x000000008000ff06 (0xfe043703) x14 0x000000008001207c mem 0x0000000080031f50
core   0: 0x000000008000ff0a (0xfcf76de3) bltu    a4, a5, pc - 38
core   0: 3 0x000000008000ff0a (0xfcf76de3)
core   0: 0x000000008000fee4 (0xfe043783) ld      a5, -32(s0)
core   0: 3 0x000000008000fee4 (0xfe043783) x15 0x000000008001207c mem 0x0000000080031f50
core   0: 0x000000008000fee8 (0x00178713) addi    a4, a5, 1
core   0: 3 0x000000008000fee8 (0x00178713) x14 0x000000008001207d
core   0: 0x000000008000feec (0xfee43023) sd      a4, -32(s0)
core   0: 3 0x000000008000feec (0xfee43023) mem 0x0000000080031f50 0x000000008001207d
core   0: 0x000000008000fef0 (0xfc442703) lw      a4, -60(s0)
core   0: 3 0x000000008000fef0 (0xfc442703) x14 0x0000000000000000 mem 0x0000000080031f34
core   0: 0x000000008000fef4 (0x0ff77713) andi    a4, a4, 255
core   0: 3 0x000000008000fef4 (0x0ff77713) x14 0x0000000000000000
core   0: 0x000000008000fef8 (0x00e78023) sb      a4, 0(a5)
core   0: 3 0x000000008000fef8 (0x00e78023) mem 0x000000008001207c 0x00
core   0: 0x000000008000fefc (0xfc843703) ld      a4, -56(s0)
core   0: 3 0x000000008000fefc (0xfc843703) x14 0x0000000080012040 mem 0x0000000080031f38
core   0: 0x000000008000ff00 (0xfb843783) ld      a5, -72(s0)
core   0: 3 0x000000008000ff00 (0xfb843783) x15 0x000000000000009c mem 0x0000000080031f28
core   0: 0x000000008000ff04 (0x000097ba) c.add   a5, a4
core   0: 3 0x000000008000ff04 (0x97ba) x15 0x00000000800120dc
core   0: 0x000000008000ff06 (0xfe043703) ld      a4, -32(s0)
core   0: 3 0x000000008000ff06 (0xfe043703) x14 0x000000008001207d mem 0x0000000080031f50
core   0: 0x000000008000ff0a (0xfcf76de3) bltu    a4, a5, pc - 38
core   0: 3 0x000000008000ff0a (0xfcf76de3)
core   0: 0x000000008000fee4 (0xfe043783) ld      a5, -32(s0)
core   0: 3 0x000000008000fee4 (0xfe043783) x15 0x000000008001207d mem 0x0000000080031f50
core   0: 0x000000008000fee8 (0x00178713) addi    a4, a5, 1
core   0: 3 0x000000008000fee8 (0x00178713) x14 0x000000008001207e
core   0: 0x000000008000feec (0xfee43023) sd      a4, -32(s0)
core   0: 3 0x000000008000feec (0xfee43023) mem 0x0000000080031f50 0x000000008001207e
core   0: 0x000000008000fef0 (0xfc442703) lw      a4, -60(s0)
core   0: 3 0x000000008000fef0 (0xfc442703) x14 0x0000000000000000 mem 0x0000000080031f34
core   0: 0x000000008000fef4 (0x0ff77713) andi    a4, a4, 255
core   0: 3 0x000000008000fef4 (0x0ff77713) x14 0x0000000000000000
core   0: 0x000000008000fef8 (0x00e78023) sb      a4, 0(a5)
core   0: 3 0x000000008000fef8 (0x00e78023) mem 0x000000008001207d 0x00
core   0: 0x000000008000fefc (0xfc843703) ld      a4, -56(s0)
core   0: 3 0x000000008000fefc (0xfc843703) x14 0x0000000080012040 mem 0x0000000080031f38
core   0: 0x000000008000ff00 (0xfb843783) ld      a5, -72(s0)
core   0: 3 0x000000008000ff00 (0xfb843783) x15 0x000000000000009c mem 0x0000000080031f28
core   0: 0x000000008000ff04 (0x000097ba) c.add   a5, a4
core   0: 3 0x000000008000ff04 (0x97ba) x15 0x00000000800120dc
core   0: 0x000000008000ff06 (0xfe043703) ld      a4, -32(s0)
core   0: 3 0x000000008000ff06 (0xfe043703) x14 0x000000008001207e mem 0x0000000080031f50
core   0: 0x000000008000ff0a (0xfcf76de3) bltu    a4, a5, pc - 38
core   0: 3 0x000000008000ff0a (0xfcf76de3)
core   0: 0x000000008000fee4 (0xfe043783) ld      a5, -32(s0)
core   0: 3 0x000000008000fee4 (0xfe043783) x15 0x000000008001207e mem 0x0000000080031f50
core   0: 0x000000008000fee8 (0x00178713) addi    a4, a5, 1
core   0: 3 0x000000008000fee8 (0x00178713) x14 0x000000008001207f
core   0: 0x000000008000feec (0xfee43023) sd      a4, -32(s0)
core   0: 3 0x000000008000feec (0xfee43023) mem 0x0000000080031f50 0x000000008001207f
core   0: 0x000000008000fef0 (0xfc442703) lw      a4, -60(s0)
core   0: 3 0x000000008000fef0 (0xfc442703) x14 0x0000000000000000 mem 0x0000000080031f34
core   0: 0x000000008000fef4 (0x0ff77713) andi    a4, a4, 255
core   0: 3 0x000000008000fef4 (0x0ff77713) x14 0x0000000000000000
core   0: 0x000000008000fef8 (0x00e78023) sb      a4, 0(a5)
core   0: 3 0x000000008000fef8 (0x00e78023) mem 0x000000008001207e 0x00
core   0: 0x000000008000fefc (0xfc843703) ld      a4, -56(s0)
core   0: 3 0x000000008000fefc (0xfc843703) x14 0x0000000080012040 mem 0x0000000080031f38
core   0: 0x000000008000ff00 (0xfb843783) ld      a5, -72(s0)
core   0: 3 0x000000008000ff00 (0xfb843783) x15 0x000000000000009c mem 0x0000000080031f28
core   0: 0x000000008000ff04 (0x000097ba) c.add   a5, a4
core   0: 3 0x000000008000ff04 (0x97ba) x15 0x00000000800120dc
core   0: 0x000000008000ff06 (0xfe043703) ld      a4, -32(s0)
core   0: 3 0x000000008000ff06 (0xfe043703) x14 0x000000008001207f mem 0x0000000080031f50
core   0: 0x000000008000ff0a (0xfcf76de3) bltu    a4, a5, pc - 38
core   0: 3 0x000000008000ff0a (0xfcf76de3)
core   0: 0x000000008000fee4 (0xfe043783) ld      a5, -32(s0)
core   0: 3 0x000000008000fee4 (0xfe043783) x15 0x000000008001207f mem 0x0000000080031f50
core   0: 0x000000008000fee8 (0x00178713) addi    a4, a5, 1
core   0: 3 0x000000008000fee8 (0x00178713) x14 0x0000000080012080
core   0: 0x000000008000feec (0xfee43023) sd      a4, -32(s0)
core   0: 3 0x000000008000feec (0xfee43023) mem 0x0000000080031f50 0x0000000080012080
core   0: 0x000000008000fef0 (0xfc442703) lw      a4, -60(s0)
core   0: 3 0x000000008000fef0 (0xfc442703) x14 0x0000000000000000 mem 0x0000000080031f34
core   0: 0x000000008000fef4 (0x0ff77713) andi    a4, a4, 255
core   0: 3 0x000000008000fef4 (0x0ff77713) x14 0x0000000000000000
core   0: 0x000000008000fef8 (0x00e78023) sb      a4, 0(a5)
core   0: 3 0x000000008000fef8 (0x00e78023) mem 0x000000008001207f 0x00
core   0: 0x000000008000fefc (0xfc843703) ld      a4, -56(s0)
core   0: 3 0x000000008000fefc (0xfc843703) x14 0x0000000080012040 mem 0x0000000080031f38
core   0: 0x000000008000ff00 (0xfb843783) ld      a5, -72(s0)
core   0: 3 0x000000008000ff00 (0xfb843783) x15 0x000000000000009c mem 0x0000000080031f28
core   0: 0x000000008000ff04 (0x000097ba) c.add   a5, a4
core   0: 3 0x000000008000ff04 (0x97ba) x15 0x00000000800120dc
core   0: 0x000000008000ff06 (0xfe043703) ld      a4, -32(s0)
core   0: 3 0x000000008000ff06 (0xfe043703) x14 0x0000000080012080 mem 0x0000000080031f50
core   0: 0x000000008000ff0a (0xfcf76de3) bltu    a4, a5, pc - 38
core   0: 3 0x000000008000ff0a (0xfcf76de3)
core   0: 0x000000008000fee4 (0xfe043783) ld      a5, -32(s0)
core   0: 3 0x000000008000fee4 (0xfe043783) x15 0x0000000080012080 mem 0x0000000080031f50
core   0: 0x000000008000fee8 (0x00178713) addi    a4, a5, 1
core   0: 3 0x000000008000fee8 (0x00178713) x14 0x0000000080012081
core   0: 0x000000008000feec (0xfee43023) sd      a4, -32(s0)
core   0: 3 0x000000008000feec (0xfee43023) mem 0x0000000080031f50 0x0000000080012081
core   0: 0x000000008000fef0 (0xfc442703) lw      a4, -60(s0)
core   0: 3 0x000000008000fef0 (0xfc442703) x14 0x0000000000000000 mem 0x0000000080031f34
core   0: 0x000000008000fef4 (0x0ff77713) andi    a4, a4, 255
core   0: 3 0x000000008000fef4 (0x0ff77713) x14 0x0000000000000000
core   0: 0x000000008000fef8 (0x00e78023) sb      a4, 0(a5)
core   0: 3 0x000000008000fef8 (0x00e78023) mem 0x0000000080012080 0x00
core   0: 0x000000008000fefc (0xfc843703) ld      a4, -56(s0)
core   0: 3 0x000000008000fefc (0xfc843703) x14 0x0000000080012040 mem 0x0000000080031f38
core   0: 0x000000008000ff00 (0xfb843783) ld      a5, -72(s0)
core   0: 3 0x000000008000ff00 (0xfb843783) x15 0x000000000000009c mem 0x0000000080031f28
core   0: 0x000000008000ff04 (0x000097ba) c.add   a5, a4
core   0: 3 0x000000008000ff04 (0x97ba) x15 0x00000000800120dc
core   0: 0x000000008000ff06 (0xfe043703) ld      a4, -32(s0)
core   0: 3 0x000000008000ff06 (0xfe043703) x14 0x0000000080012081 mem 0x0000000080031f50
core   0: 0x000000008000ff0a (0xfcf76de3) bltu    a4, a5, pc - 38
core   0: 3 0x000000008000ff0a (0xfcf76de3)
core   0: 0x000000008000fee4 (0xfe043783) ld      a5, -32(s0)
core   0: 3 0x000000008000fee4 (0xfe043783) x15 0x0000000080012081 mem 0x0000000080031f50
core   0: 0x000000008000fee8 (0x00178713) addi    a4, a5, 1
core   0: 3 0x000000008000fee8 (0x00178713) x14 0x0000000080012082
core   0: 0x000000008000feec (0xfee43023) sd      a4, -32(s0)
core   0: 3 0x000000008000feec (0xfee43023) mem 0x0000000080031f50 0x0000000080012082
core   0: 0x000000008000fef0 (0xfc442703) lw      a4, -60(s0)
core   0: 3 0x000000008000fef0 (0xfc442703) x14 0x0000000000000000 mem 0x0000000080031f34
core   0: 0x000000008000fef4 (0x0ff77713) andi    a4, a4, 255
core   0: 3 0x000000008000fef4 (0x0ff77713) x14 0x0000000000000000
core   0: 0x000000008000fef8 (0x00e78023) sb      a4, 0(a5)
core   0: 3 0x000000008000fef8 (0x00e78023) mem 0x0000000080012081 0x00
core   0: 0x000000008000fefc (0xfc843703) ld      a4, -56(s0)
core   0: 3 0x000000008000fefc (0xfc843703) x14 0x0000000080012040 mem 0x0000000080031f38
core   0: 0x000000008000ff00 (0xfb843783) ld      a5, -72(s0)
core   0: 3 0x000000008000ff00 (0xfb843783) x15 0x000000000000009c mem 0x0000000080031f28
core   0: 0x000000008000ff04 (0x000097ba) c.add   a5, a4
core   0: 3 0x000000008000ff04 (0x97ba) x15 0x00000000800120dc
core   0: 0x000000008000ff06 (0xfe043703) ld      a4, -32(s0)
core   0: 3 0x000000008000ff06 (0xfe043703) x14 0x0000000080012082 mem 0x0000000080031f50
core   0: 0x000000008000ff0a (0xfcf76de3) bltu    a4, a5, pc - 38
core   0: 3 0x000000008000ff0a (0xfcf76de3)
core   0: 0x000000008000fee4 (0xfe043783) ld      a5, -32(s0)
core   0: 3 0x000000008000fee4 (0xfe043783) x15 0x0000000080012082 mem 0x0000000080031f50
core   0: 0x000000008000fee8 (0x00178713) addi    a4, a5, 1
core   0: 3 0x000000008000fee8 (0x00178713) x14 0x0000000080012083
core   0: 0x000000008000feec (0xfee43023) sd      a4, -32(s0)
core   0: 3 0x000000008000feec (0xfee43023) mem 0x0000000080031f50 0x0000000080012083
core   0: 0x000000008000fef0 (0xfc442703) lw      a4, -60(s0)
core   0: 3 0x000000008000fef0 (0xfc442703) x14 0x0000000000000000 mem 0x0000000080031f34
core   0: 0x000000008000fef4 (0x0ff77713) andi    a4, a4, 255
core   0: 3 0x000000008000fef4 (0x0ff77713) x14 0x0000000000000000
core   0: 0x000000008000fef8 (0x00e78023) sb      a4, 0(a5)
core   0: 3 0x000000008000fef8 (0x00e78023) mem 0x0000000080012082 0x00
core   0: 0x000000008000fefc (0xfc843703) ld      a4, -56(s0)
core   0: 3 0x000000008000fefc (0xfc843703) x14 0x0000000080012040 mem 0x0000000080031f38
core   0: 0x000000008000ff00 (0xfb843783) ld      a5, -72(s0)
core   0: 3 0x000000008000ff00 (0xfb843783) x15 0x000000000000009c mem 0x0000000080031f28
core   0: 0x000000008000ff04 (0x000097ba) c.add   a5, a4
core   0: 3 0x000000008000ff04 (0x97ba) x15 0x00000000800120dc
core   0: 0x000000008000ff06 (0xfe043703) ld      a4, -32(s0)
core   0: 3 0x000000008000ff06 (0xfe043703) x14 0x0000000080012083 mem 0x0000000080031f50
core   0: 0x000000008000ff0a (0xfcf76de3) bltu    a4, a5, pc - 38
core   0: 3 0x000000008000ff0a (0xfcf76de3)
core   0: 0x000000008000fee4 (0xfe043783) ld      a5, -32(s0)
core   0: 3 0x000000008000fee4 (0xfe043783) x15 0x0000000080012083 mem 0x0000000080031f50
core   0: 0x000000008000fee8 (0x00178713) addi    a4, a5, 1
core   0: 3 0x000000008000fee8 (0x00178713) x14 0x0000000080012084
core   0: 0x000000008000feec (0xfee43023) sd      a4, -32(s0)
core   0: 3 0x000000008000feec (0xfee43023) mem 0x0000000080031f50 0x0000000080012084
core   0: 0x000000008000fef0 (0xfc442703) lw      a4, -60(s0)
core   0: 3 0x000000008000fef0 (0xfc442703) x14 0x0000000000000000 mem 0x0000000080031f34
core   0: 0x000000008000fef4 (0x0ff77713) andi    a4, a4, 255
core   0: 3 0x000000008000fef4 (0x0ff77713) x14 0x0000000000000000
core   0: 0x000000008000fef8 (0x00e78023) sb      a4, 0(a5)
core   0: 3 0x000000008000fef8 (0x00e78023) mem 0x0000000080012083 0x00
core   0: 0x000000008000fefc (0xfc843703) ld      a4, -56(s0)
core   0: 3 0x000000008000fefc (0xfc843703) x14 0x0000000080012040 mem 0x0000000080031f38
core   0: 0x000000008000ff00 (0xfb843783) ld      a5, -72(s0)
core   0: 3 0x000000008000ff00 (0xfb843783) x15 0x000000000000009c mem 0x0000000080031f28
core   0: 0x000000008000ff04 (0x000097ba) c.add   a5, a4
core   0: 3 0x000000008000ff04 (0x97ba) x15 0x00000000800120dc
core   0: 0x000000008000ff06 (0xfe043703) ld      a4, -32(s0)
core   0: 3 0x000000008000ff06 (0xfe043703) x14 0x0000000080012084 mem 0x0000000080031f50
core   0: 0x000000008000ff0a (0xfcf76de3) bltu    a4, a5, pc - 38
core   0: 3 0x000000008000ff0a (0xfcf76de3)
core   0: 0x000000008000fee4 (0xfe043783) ld      a5, -32(s0)
core   0: 3 0x000000008000fee4 (0xfe043783) x15 0x0000000080012084 mem 0x0000000080031f50
core   0: 0x000000008000fee8 (0x00178713) addi    a4, a5, 1
core   0: 3 0x000000008000fee8 (0x00178713) x14 0x0000000080012085
core   0: 0x000000008000feec (0xfee43023) sd      a4, -32(s0)
core   0: 3 0x000000008000feec (0xfee43023) mem 0x0000000080031f50 0x0000000080012085
core   0: 0x000000008000fef0 (0xfc442703) lw      a4, -60(s0)
core   0: 3 0x000000008000fef0 (0xfc442703) x14 0x0000000000000000 mem 0x0000000080031f34
core   0: 0x000000008000fef4 (0x0ff77713) andi    a4, a4, 255
core   0: 3 0x000000008000fef4 (0x0ff77713) x14 0x0000000000000000
core   0: 0x000000008000fef8 (0x00e78023) sb      a4, 0(a5)
core   0: 3 0x000000008000fef8 (0x00e78023) mem 0x0000000080012084 0x00
core   0: 0x000000008000fefc (0xfc843703) ld      a4, -56(s0)
core   0: 3 0x000000008000fefc (0xfc843703) x14 0x0000000080012040 mem 0x0000000080031f38
core   0: 0x000000008000ff00 (0xfb843783) ld      a5, -72(s0)
core   0: 3 0x000000008000ff00 (0xfb843783) x15 0x000000000000009c mem 0x0000000080031f28
core   0: 0x000000008000ff04 (0x000097ba) c.add   a5, a4
core   0: 3 0x000000008000ff04 (0x97ba) x15 0x00000000800120dc
core   0: 0x000000008000ff06 (0xfe043703) ld      a4, -32(s0)
core   0: 3 0x000000008000ff06 (0xfe043703) x14 0x0000000080012085 mem 0x0000000080031f50
core   0: 0x000000008000ff0a (0xfcf76de3) bltu    a4, a5, pc - 38
core   0: 3 0x000000008000ff0a (0xfcf76de3)
core   0: 0x000000008000fee4 (0xfe043783) ld      a5, -32(s0)
core   0: 3 0x000000008000fee4 (0xfe043783) x15 0x0000000080012085 mem 0x0000000080031f50
core   0: 0x000000008000fee8 (0x00178713) addi    a4, a5, 1
core   0: 3 0x000000008000fee8 (0x00178713) x14 0x0000000080012086
core   0: 0x000000008000feec (0xfee43023) sd      a4, -32(s0)
core   0: 3 0x000000008000feec (0xfee43023) mem 0x0000000080031f50 0x0000000080012086
core   0: 0x000000008000fef0 (0xfc442703) lw      a4, -60(s0)
core   0: 3 0x000000008000fef0 (0xfc442703) x14 0x0000000000000000 mem 0x0000000080031f34
core   0: 0x000000008000fef4 (0x0ff77713) andi    a4, a4, 255
core   0: 3 0x000000008000fef4 (0x0ff77713) x14 0x0000000000000000
core   0: 0x000000008000fef8 (0x00e78023) sb      a4, 0(a5)
core   0: 3 0x000000008000fef8 (0x00e78023) mem 0x0000000080012085 0x00
core   0: 0x000000008000fefc (0xfc843703) ld      a4, -56(s0)
core   0: 3 0x000000008000fefc (0xfc843703) x14 0x0000000080012040 mem 0x0000000080031f38
core   0: 0x000000008000ff00 (0xfb843783) ld      a5, -72(s0)
core   0: 3 0x000000008000ff00 (0xfb843783) x15 0x000000000000009c mem 0x0000000080031f28
core   0: 0x000000008000ff04 (0x000097ba) c.add   a5, a4
core   0: 3 0x000000008000ff04 (0x97ba) x15 0x00000000800120dc
core   0: 0x000000008000ff06 (0xfe043703) ld      a4, -32(s0)
core   0: 3 0x000000008000ff06 (0xfe043703) x14 0x0000000080012086 mem 0x0000000080031f50
core   0: 0x000000008000ff0a (0xfcf76de3) bltu    a4, a5, pc - 38
core   0: 3 0x000000008000ff0a (0xfcf76de3)
core   0: 0x000000008000fee4 (0xfe043783) ld      a5, -32(s0)
core   0: 3 0x000000008000fee4 (0xfe043783) x15 0x0000000080012086 mem 0x0000000080031f50
core   0: 0x000000008000fee8 (0x00178713) addi    a4, a5, 1
core   0: 3 0x000000008000fee8 (0x00178713) x14 0x0000000080012087
core   0: 0x000000008000feec (0xfee43023) sd      a4, -32(s0)
core   0: 3 0x000000008000feec (0xfee43023) mem 0x0000000080031f50 0x0000000080012087
core   0: 0x000000008000fef0 (0xfc442703) lw      a4, -60(s0)
core   0: 3 0x000000008000fef0 (0xfc442703) x14 0x0000000000000000 mem 0x0000000080031f34
core   0: 0x000000008000fef4 (0x0ff77713) andi    a4, a4, 255
core   0: 3 0x000000008000fef4 (0x0ff77713) x14 0x0000000000000000
core   0: 0x000000008000fef8 (0x00e78023) sb      a4, 0(a5)
core   0: 3 0x000000008000fef8 (0x00e78023) mem 0x0000000080012086 0x00
core   0: 0x000000008000fefc (0xfc843703) ld      a4, -56(s0)
core   0: 3 0x000000008000fefc (0xfc843703) x14 0x0000000080012040 mem 0x0000000080031f38
core   0: 0x000000008000ff00 (0xfb843783) ld      a5, -72(s0)
core   0: 3 0x000000008000ff00 (0xfb843783) x15 0x000000000000009c mem 0x0000000080031f28
core   0: 0x000000008000ff04 (0x000097ba) c.add   a5, a4
core   0: 3 0x000000008000ff04 (0x97ba) x15 0x00000000800120dc
core   0: 0x000000008000ff06 (0xfe043703) ld      a4, -32(s0)
core   0: 3 0x000000008000ff06 (0xfe043703) x14 0x0000000080012087 mem 0x0000000080031f50
core   0: 0x000000008000ff0a (0xfcf76de3) bltu    a4, a5, pc - 38
core   0: 3 0x000000008000ff0a (0xfcf76de3)
core   0: 0x000000008000fee4 (0xfe043783) ld      a5, -32(s0)
core   0: 3 0x000000008000fee4 (0xfe043783) x15 0x0000000080012087 mem 0x0000000080031f50
core   0: 0x000000008000fee8 (0x00178713) addi    a4, a5, 1
core   0: 3 0x000000008000fee8 (0x00178713) x14 0x0000000080012088
core   0: 0x000000008000feec (0xfee43023) sd      a4, -32(s0)
core   0: 3 0x000000008000feec (0xfee43023) mem 0x0000000080031f50 0x0000000080012088
core   0: 0x000000008000fef0 (0xfc442703) lw      a4, -60(s0)
core   0: 3 0x000000008000fef0 (0xfc442703) x14 0x0000000000000000 mem 0x0000000080031f34
core   0: 0x000000008000fef4 (0x0ff77713) andi    a4, a4, 255
core   0: 3 0x000000008000fef4 (0x0ff77713) x14 0x0000000000000000
core   0: 0x000000008000fef8 (0x00e78023) sb      a4, 0(a5)
core   0: 3 0x000000008000fef8 (0x00e78023) mem 0x0000000080012087 0x00
core   0: 0x000000008000fefc (0xfc843703) ld      a4, -56(s0)
core   0: 3 0x000000008000fefc (0xfc843703) x14 0x0000000080012040 mem 0x0000000080031f38
core   0: 0x000000008000ff00 (0xfb843783) ld      a5, -72(s0)
core   0: 3 0x000000008000ff00 (0xfb843783) x15 0x000000000000009c mem 0x0000000080031f28
core   0: 0x000000008000ff04 (0x000097ba) c.add   a5, a4
core   0: 3 0x000000008000ff04 (0x97ba) x15 0x00000000800120dc
core   0: 0x000000008000ff06 (0xfe043703) ld      a4, -32(s0)
core   0: 3 0x000000008000ff06 (0xfe043703) x14 0x0000000080012088 mem 0x0000000080031f50
core   0: 0x000000008000ff0a (0xfcf76de3) bltu    a4, a5, pc - 38
core   0: 3 0x000000008000ff0a (0xfcf76de3)
core   0: 0x000000008000fee4 (0xfe043783) ld      a5, -32(s0)
core   0: 3 0x000000008000fee4 (0xfe043783) x15 0x0000000080012088 mem 0x0000000080031f50
core   0: 0x000000008000fee8 (0x00178713) addi    a4, a5, 1
core   0: 3 0x000000008000fee8 (0x00178713) x14 0x0000000080012089
core   0: 0x000000008000feec (0xfee43023) sd      a4, -32(s0)
core   0: 3 0x000000008000feec (0xfee43023) mem 0x0000000080031f50 0x0000000080012089
core   0: 0x000000008000fef0 (0xfc442703) lw      a4, -60(s0)
core   0: 3 0x000000008000fef0 (0xfc442703) x14 0x0000000000000000 mem 0x0000000080031f34
core   0: 0x000000008000fef4 (0x0ff77713) andi    a4, a4, 255
core   0: 3 0x000000008000fef4 (0x0ff77713) x14 0x0000000000000000
core   0: 0x000000008000fef8 (0x00e78023) sb      a4, 0(a5)
core   0: 3 0x000000008000fef8 (0x00e78023) mem 0x0000000080012088 0x00
core   0: 0x000000008000fefc (0xfc843703) ld      a4, -56(s0)
core   0: 3 0x000000008000fefc (0xfc843703) x14 0x0000000080012040 mem 0x0000000080031f38
core   0: 0x000000008000ff00 (0xfb843783) ld      a5, -72(s0)
core   0: 3 0x000000008000ff00 (0xfb843783) x15 0x000000000000009c mem 0x0000000080031f28
core   0: 0x000000008000ff04 (0x000097ba) c.add   a5, a4
core   0: 3 0x000000008000ff04 (0x97ba) x15 0x00000000800120dc
core   0: 0x000000008000ff06 (0xfe043703) ld      a4, -32(s0)
core   0: 3 0x000000008000ff06 (0xfe043703) x14 0x0000000080012089 mem 0x0000000080031f50
core   0: 0x000000008000ff0a (0xfcf76de3) bltu    a4, a5, pc - 38
core   0: 3 0x000000008000ff0a (0xfcf76de3)
core   0: 0x000000008000fee4 (0xfe043783) ld      a5, -32(s0)
core   0: 3 0x000000008000fee4 (0xfe043783) x15 0x0000000080012089 mem 0x0000000080031f50
core   0: 0x000000008000fee8 (0x00178713) addi    a4, a5, 1
core   0: 3 0x000000008000fee8 (0x00178713) x14 0x000000008001208a
core   0: 0x000000008000feec (0xfee43023) sd      a4, -32(s0)
core   0: 3 0x000000008000feec (0xfee43023) mem 0x0000000080031f50 0x000000008001208a
core   0: 0x000000008000fef0 (0xfc442703) lw      a4, -60(s0)
core   0: 3 0x000000008000fef0 (0xfc442703) x14 0x0000000000000000 mem 0x0000000080031f34
core   0: 0x000000008000fef4 (0x0ff77713) andi    a4, a4, 255
core   0: 3 0x000000008000fef4 (0x0ff77713) x14 0x0000000000000000
core   0: 0x000000008000fef8 (0x00e78023) sb      a4, 0(a5)
core   0: 3 0x000000008000fef8 (0x00e78023) mem 0x0000000080012089 0x00
core   0: 0x000000008000fefc (0xfc843703) ld      a4, -56(s0)
core   0: 3 0x000000008000fefc (0xfc843703) x14 0x0000000080012040 mem 0x0000000080031f38
core   0: 0x000000008000ff00 (0xfb843783) ld      a5, -72(s0)
core   0: 3 0x000000008000ff00 (0xfb843783) x15 0x000000000000009c mem 0x0000000080031f28
core   0: 0x000000008000ff04 (0x000097ba) c.add   a5, a4
core   0: 3 0x000000008000ff04 (0x97ba) x15 0x00000000800120dc
core   0: 0x000000008000ff06 (0xfe043703) ld      a4, -32(s0)
core   0: 3 0x000000008000ff06 (0xfe043703) x14 0x000000008001208a mem 0x0000000080031f50
core   0: 0x000000008000ff0a (0xfcf76de3) bltu    a4, a5, pc - 38
core   0: 3 0x000000008000ff0a (0xfcf76de3)
core   0: 0x000000008000fee4 (0xfe043783) ld      a5, -32(s0)
core   0: 3 0x000000008000fee4 (0xfe043783) x15 0x000000008001208a mem 0x0000000080031f50
core   0: 0x000000008000fee8 (0x00178713) addi    a4, a5, 1
core   0: 3 0x000000008000fee8 (0x00178713) x14 0x000000008001208b
core   0: 0x000000008000feec (0xfee43023) sd      a4, -32(s0)
core   0: 3 0x000000008000feec (0xfee43023) mem 0x0000000080031f50 0x000000008001208b
core   0: 0x000000008000fef0 (0xfc442703) lw      a4, -60(s0)
core   0: 3 0x000000008000fef0 (0xfc442703) x14 0x0000000000000000 mem 0x0000000080031f34
core   0: 0x000000008000fef4 (0x0ff77713) andi    a4, a4, 255
core   0: 3 0x000000008000fef4 (0x0ff77713) x14 0x0000000000000000
core   0: 0x000000008000fef8 (0x00e78023) sb      a4, 0(a5)
core   0: 3 0x000000008000fef8 (0x00e78023) mem 0x000000008001208a 0x00
core   0: 0x000000008000fefc (0xfc843703) ld      a4, -56(s0)
core   0: 3 0x000000008000fefc (0xfc843703) x14 0x0000000080012040 mem 0x0000000080031f38
core   0: 0x000000008000ff00 (0xfb843783) ld      a5, -72(s0)
core   0: 3 0x000000008000ff00 (0xfb843783) x15 0x000000000000009c mem 0x0000000080031f28
core   0: 0x000000008000ff04 (0x000097ba) c.add   a5, a4
core   0: 3 0x000000008000ff04 (0x97ba) x15 0x00000000800120dc
core   0: 0x000000008000ff06 (0xfe043703) ld      a4, -32(s0)
core   0: 3 0x000000008000ff06 (0xfe043703) x14 0x000000008001208b mem 0x0000000080031f50
core   0: 0x000000008000ff0a (0xfcf76de3) bltu    a4, a5, pc - 38
core   0: 3 0x000000008000ff0a (0xfcf76de3)
core   0: 0x000000008000fee4 (0xfe043783) ld      a5, -32(s0)
core   0: 3 0x000000008000fee4 (0xfe043783) x15 0x000000008001208b mem 0x0000000080031f50
core   0: 0x000000008000fee8 (0x00178713) addi    a4, a5, 1
core   0: 3 0x000000008000fee8 (0x00178713) x14 0x000000008001208c
core   0: 0x000000008000feec (0xfee43023) sd      a4, -32(s0)
core   0: 3 0x000000008000feec (0xfee43023) mem 0x0000000080031f50 0x000000008001208c
core   0: 0x000000008000fef0 (0xfc442703) lw      a4, -60(s0)
core   0: 3 0x000000008000fef0 (0xfc442703) x14 0x0000000000000000 mem 0x0000000080031f34
core   0: 0x000000008000fef4 (0x0ff77713) andi    a4, a4, 255
core   0: 3 0x000000008000fef4 (0x0ff77713) x14 0x0000000000000000
core   0: 0x000000008000fef8 (0x00e78023) sb      a4, 0(a5)
core   0: 3 0x000000008000fef8 (0x00e78023) mem 0x000000008001208b 0x00
core   0: 0x000000008000fefc (0xfc843703) ld      a4, -56(s0)
core   0: 3 0x000000008000fefc (0xfc843703) x14 0x0000000080012040 mem 0x0000000080031f38
core   0: 0x000000008000ff00 (0xfb843783) ld      a5, -72(s0)
core   0: 3 0x000000008000ff00 (0xfb843783) x15 0x000000000000009c mem 0x0000000080031f28
core   0: 0x000000008000ff04 (0x000097ba) c.add   a5, a4
core   0: 3 0x000000008000ff04 (0x97ba) x15 0x00000000800120dc
core   0: 0x000000008000ff06 (0xfe043703) ld      a4, -32(s0)
core   0: 3 0x000000008000ff06 (0xfe043703) x14 0x000000008001208c mem 0x0000000080031f50
core   0: 0x000000008000ff0a (0xfcf76de3) bltu    a4, a5, pc - 38
core   0: 3 0x000000008000ff0a (0xfcf76de3)
core   0: 0x000000008000fee4 (0xfe043783) ld      a5, -32(s0)
core   0: 3 0x000000008000fee4 (0xfe043783) x15 0x000000008001208c mem 0x0000000080031f50
core   0: 0x000000008000fee8 (0x00178713) addi    a4, a5, 1
core   0: 3 0x000000008000fee8 (0x00178713) x14 0x000000008001208d
core   0: 0x000000008000feec (0xfee43023) sd      a4, -32(s0)
core   0: 3 0x000000008000feec (0xfee43023) mem 0x0000000080031f50 0x000000008001208d
core   0: 0x000000008000fef0 (0xfc442703) lw      a4, -60(s0)
core   0: 3 0x000000008000fef0 (0xfc442703) x14 0x0000000000000000 mem 0x0000000080031f34
core   0: 0x000000008000fef4 (0x0ff77713) andi    a4, a4, 255
core   0: 3 0x000000008000fef4 (0x0ff77713) x14 0x0000000000000000
core   0: 0x000000008000fef8 (0x00e78023) sb      a4, 0(a5)
core   0: 3 0x000000008000fef8 (0x00e78023) mem 0x000000008001208c 0x00
core   0: 0x000000008000fefc (0xfc843703) ld      a4, -56(s0)
core   0: 3 0x000000008000fefc (0xfc843703) x14 0x0000000080012040 mem 0x0000000080031f38
core   0: 0x000000008000ff00 (0xfb843783) ld      a5, -72(s0)
core   0: 3 0x000000008000ff00 (0xfb843783) x15 0x000000000000009c mem 0x0000000080031f28
core   0: 0x000000008000ff04 (0x000097ba) c.add   a5, a4
core   0: 3 0x000000008000ff04 (0x97ba) x15 0x00000000800120dc
core   0: 0x000000008000ff06 (0xfe043703) ld      a4, -32(s0)
core   0: 3 0x000000008000ff06 (0xfe043703) x14 0x000000008001208d mem 0x0000000080031f50
core   0: 0x000000008000ff0a (0xfcf76de3) bltu    a4, a5, pc - 38
core   0: 3 0x000000008000ff0a (0xfcf76de3)
core   0: 0x000000008000fee4 (0xfe043783) ld      a5, -32(s0)
core   0: 3 0x000000008000fee4 (0xfe043783) x15 0x000000008001208d mem 0x0000000080031f50
core   0: 0x000000008000fee8 (0x00178713) addi    a4, a5, 1
core   0: 3 0x000000008000fee8 (0x00178713) x14 0x000000008001208e
core   0: 0x000000008000feec (0xfee43023) sd      a4, -32(s0)
core   0: 3 0x000000008000feec (0xfee43023) mem 0x0000000080031f50 0x000000008001208e
core   0: 0x000000008000fef0 (0xfc442703) lw      a4, -60(s0)
core   0: 3 0x000000008000fef0 (0xfc442703) x14 0x0000000000000000 mem 0x0000000080031f34
core   0: 0x000000008000fef4 (0x0ff77713) andi    a4, a4, 255
core   0: 3 0x000000008000fef4 (0x0ff77713) x14 0x0000000000000000
core   0: 0x000000008000fef8 (0x00e78023) sb      a4, 0(a5)
core   0: 3 0x000000008000fef8 (0x00e78023) mem 0x000000008001208d 0x00
core   0: 0x000000008000fefc (0xfc843703) ld      a4, -56(s0)
core   0: 3 0x000000008000fefc (0xfc843703) x14 0x0000000080012040 mem 0x0000000080031f38
core   0: 0x000000008000ff00 (0xfb843783) ld      a5, -72(s0)
core   0: 3 0x000000008000ff00 (0xfb843783) x15 0x000000000000009c mem 0x0000000080031f28
core   0: 0x000000008000ff04 (0x000097ba) c.add   a5, a4
core   0: 3 0x000000008000ff04 (0x97ba) x15 0x00000000800120dc
core   0: 0x000000008000ff06 (0xfe043703) ld      a4, -32(s0)
core   0: 3 0x000000008000ff06 (0xfe043703) x14 0x000000008001208e mem 0x0000000080031f50
core   0: 0x000000008000ff0a (0xfcf76de3) bltu    a4, a5, pc - 38
core   0: 3 0x000000008000ff0a (0xfcf76de3)
core   0: 0x000000008000fee4 (0xfe043783) ld      a5, -32(s0)
core   0: 3 0x000000008000fee4 (0xfe043783) x15 0x000000008001208e mem 0x0000000080031f50
core   0: 0x000000008000fee8 (0x00178713) addi    a4, a5, 1
core   0: 3 0x000000008000fee8 (0x00178713) x14 0x000000008001208f
core   0: 0x000000008000feec (0xfee43023) sd      a4, -32(s0)
core   0: 3 0x000000008000feec (0xfee43023) mem 0x0000000080031f50 0x000000008001208f
core   0: 0x000000008000fef0 (0xfc442703) lw      a4, -60(s0)
core   0: 3 0x000000008000fef0 (0xfc442703) x14 0x0000000000000000 mem 0x0000000080031f34
core   0: 0x000000008000fef4 (0x0ff77713) andi    a4, a4, 255
core   0: 3 0x000000008000fef4 (0x0ff77713) x14 0x0000000000000000
core   0: 0x000000008000fef8 (0x00e78023) sb      a4, 0(a5)
core   0: 3 0x000000008000fef8 (0x00e78023) mem 0x000000008001208e 0x00
core   0: 0x000000008000fefc (0xfc843703) ld      a4, -56(s0)
core   0: 3 0x000000008000fefc (0xfc843703) x14 0x0000000080012040 mem 0x0000000080031f38
core   0: 0x000000008000ff00 (0xfb843783) ld      a5, -72(s0)
core   0: 3 0x000000008000ff00 (0xfb843783) x15 0x000000000000009c mem 0x0000000080031f28
core   0: 0x000000008000ff04 (0x000097ba) c.add   a5, a4
core   0: 3 0x000000008000ff04 (0x97ba) x15 0x00000000800120dc
core   0: 0x000000008000ff06 (0xfe043703) ld      a4, -32(s0)
core   0: 3 0x000000008000ff06 (0xfe043703) x14 0x000000008001208f mem 0x0000000080031f50
core   0: 0x000000008000ff0a (0xfcf76de3) bltu    a4, a5, pc - 38
core   0: 3 0x000000008000ff0a (0xfcf76de3)
core   0: 0x000000008000fee4 (0xfe043783) ld      a5, -32(s0)
core   0: 3 0x000000008000fee4 (0xfe043783) x15 0x000000008001208f mem 0x0000000080031f50
core   0: 0x000000008000fee8 (0x00178713) addi    a4, a5, 1
core   0: 3 0x000000008000fee8 (0x00178713) x14 0x0000000080012090
core   0: 0x000000008000feec (0xfee43023) sd      a4, -32(s0)
core   0: 3 0x000000008000feec (0xfee43023) mem 0x0000000080031f50 0x0000000080012090
core   0: 0x000000008000fef0 (0xfc442703) lw      a4, -60(s0)
core   0: 3 0x000000008000fef0 (0xfc442703) x14 0x0000000000000000 mem 0x0000000080031f34
core   0: 0x000000008000fef4 (0x0ff77713) andi    a4, a4, 255
core   0: 3 0x000000008000fef4 (0x0ff77713) x14 0x0000000000000000
core   0: 0x000000008000fef8 (0x00e78023) sb      a4, 0(a5)
core   0: 3 0x000000008000fef8 (0x00e78023) mem 0x000000008001208f 0x00
core   0: 0x000000008000fefc (0xfc843703) ld      a4, -56(s0)
core   0: 3 0x000000008000fefc (0xfc843703) x14 0x0000000080012040 mem 0x0000000080031f38
core   0: 0x000000008000ff00 (0xfb843783) ld      a5, -72(s0)
core   0: 3 0x000000008000ff00 (0xfb843783) x15 0x000000000000009c mem 0x0000000080031f28
core   0: 0x000000008000ff04 (0x000097ba) c.add   a5, a4
core   0: 3 0x000000008000ff04 (0x97ba) x15 0x00000000800120dc
core   0: 0x000000008000ff06 (0xfe043703) ld      a4, -32(s0)
core   0: 3 0x000000008000ff06 (0xfe043703) x14 0x0000000080012090 mem 0x0000000080031f50
core   0: 0x000000008000ff0a (0xfcf76de3) bltu    a4, a5, pc - 38
core   0: 3 0x000000008000ff0a (0xfcf76de3)
core   0: 0x000000008000fee4 (0xfe043783) ld      a5, -32(s0)
core   0: 3 0x000000008000fee4 (0xfe043783) x15 0x0000000080012090 mem 0x0000000080031f50
core   0: 0x000000008000fee8 (0x00178713) addi    a4, a5, 1
core   0: 3 0x000000008000fee8 (0x00178713) x14 0x0000000080012091
core   0: 0x000000008000feec (0xfee43023) sd      a4, -32(s0)
core   0: 3 0x000000008000feec (0xfee43023) mem 0x0000000080031f50 0x0000000080012091
core   0: 0x000000008000fef0 (0xfc442703) lw      a4, -60(s0)
core   0: 3 0x000000008000fef0 (0xfc442703) x14 0x0000000000000000 mem 0x0000000080031f34
core   0: 0x000000008000fef4 (0x0ff77713) andi    a4, a4, 255
core   0: 3 0x000000008000fef4 (0x0ff77713) x14 0x0000000000000000
core   0: 0x000000008000fef8 (0x00e78023) sb      a4, 0(a5)
core   0: 3 0x000000008000fef8 (0x00e78023) mem 0x0000000080012090 0x00
core   0: 0x000000008000fefc (0xfc843703) ld      a4, -56(s0)
core   0: 3 0x000000008000fefc (0xfc843703) x14 0x0000000080012040 mem 0x0000000080031f38
core   0: 0x000000008000ff00 (0xfb843783) ld      a5, -72(s0)
core   0: 3 0x000000008000ff00 (0xfb843783) x15 0x000000000000009c mem 0x0000000080031f28
core   0: 0x000000008000ff04 (0x000097ba) c.add   a5, a4
core   0: 3 0x000000008000ff04 (0x97ba) x15 0x00000000800120dc
core   0: 0x000000008000ff06 (0xfe043703) ld      a4, -32(s0)
core   0: 3 0x000000008000ff06 (0xfe043703) x14 0x0000000080012091 mem 0x0000000080031f50
core   0: 0x000000008000ff0a (0xfcf76de3) bltu    a4, a5, pc - 38
core   0: 3 0x000000008000ff0a (0xfcf76de3)
core   0: 0x000000008000fee4 (0xfe043783) ld      a5, -32(s0)
core   0: 3 0x000000008000fee4 (0xfe043783) x15 0x0000000080012091 mem 0x0000000080031f50
core   0: 0x000000008000fee8 (0x00178713) addi    a4, a5, 1
core   0: 3 0x000000008000fee8 (0x00178713) x14 0x0000000080012092
core   0: 0x000000008000feec (0xfee43023) sd      a4, -32(s0)
core   0: 3 0x000000008000feec (0xfee43023) mem 0x0000000080031f50 0x0000000080012092
core   0: 0x000000008000fef0 (0xfc442703) lw      a4, -60(s0)
core   0: 3 0x000000008000fef0 (0xfc442703) x14 0x0000000000000000 mem 0x0000000080031f34
core   0: 0x000000008000fef4 (0x0ff77713) andi    a4, a4, 255
core   0: 3 0x000000008000fef4 (0x0ff77713) x14 0x0000000000000000
core   0: 0x000000008000fef8 (0x00e78023) sb      a4, 0(a5)
core   0: 3 0x000000008000fef8 (0x00e78023) mem 0x0000000080012091 0x00
core   0: 0x000000008000fefc (0xfc843703) ld      a4, -56(s0)
core   0: 3 0x000000008000fefc (0xfc843703) x14 0x0000000080012040 mem 0x0000000080031f38
core   0: 0x000000008000ff00 (0xfb843783) ld      a5, -72(s0)
core   0: 3 0x000000008000ff00 (0xfb843783) x15 0x000000000000009c mem 0x0000000080031f28
core   0: 0x000000008000ff04 (0x000097ba) c.add   a5, a4
core   0: 3 0x000000008000ff04 (0x97ba) x15 0x00000000800120dc
core   0: 0x000000008000ff06 (0xfe043703) ld      a4, -32(s0)
core   0: 3 0x000000008000ff06 (0xfe043703) x14 0x0000000080012092 mem 0x0000000080031f50
core   0: 0x000000008000ff0a (0xfcf76de3) bltu    a4, a5, pc - 38
core   0: 3 0x000000008000ff0a (0xfcf76de3)
core   0: 0x000000008000fee4 (0xfe043783) ld      a5, -32(s0)
core   0: 3 0x000000008000fee4 (0xfe043783) x15 0x0000000080012092 mem 0x0000000080031f50
core   0: 0x000000008000fee8 (0x00178713) addi    a4, a5, 1
core   0: 3 0x000000008000fee8 (0x00178713) x14 0x0000000080012093
core   0: 0x000000008000feec (0xfee43023) sd      a4, -32(s0)
core   0: 3 0x000000008000feec (0xfee43023) mem 0x0000000080031f50 0x0000000080012093
core   0: 0x000000008000fef0 (0xfc442703) lw      a4, -60(s0)
core   0: 3 0x000000008000fef0 (0xfc442703) x14 0x0000000000000000 mem 0x0000000080031f34
core   0: 0x000000008000fef4 (0x0ff77713) andi    a4, a4, 255
core   0: 3 0x000000008000fef4 (0x0ff77713) x14 0x0000000000000000
core   0: 0x000000008000fef8 (0x00e78023) sb      a4, 0(a5)
core   0: 3 0x000000008000fef8 (0x00e78023) mem 0x0000000080012092 0x00
core   0: 0x000000008000fefc (0xfc843703) ld      a4, -56(s0)
core   0: 3 0x000000008000fefc (0xfc843703) x14 0x0000000080012040 mem 0x0000000080031f38
core   0: 0x000000008000ff00 (0xfb843783) ld      a5, -72(s0)
core   0: 3 0x000000008000ff00 (0xfb843783) x15 0x000000000000009c mem 0x0000000080031f28
core   0: 0x000000008000ff04 (0x000097ba) c.add   a5, a4
core   0: 3 0x000000008000ff04 (0x97ba) x15 0x00000000800120dc
core   0: 0x000000008000ff06 (0xfe043703) ld      a4, -32(s0)
core   0: 3 0x000000008000ff06 (0xfe043703) x14 0x0000000080012093 mem 0x0000000080031f50
core   0: 0x000000008000ff0a (0xfcf76de3) bltu    a4, a5, pc - 38
core   0: 3 0x000000008000ff0a (0xfcf76de3)
core   0: 0x000000008000fee4 (0xfe043783) ld      a5, -32(s0)
core   0: 3 0x000000008000fee4 (0xfe043783) x15 0x0000000080012093 mem 0x0000000080031f50
core   0: 0x000000008000fee8 (0x00178713) addi    a4, a5, 1
core   0: 3 0x000000008000fee8 (0x00178713) x14 0x0000000080012094
core   0: 0x000000008000feec (0xfee43023) sd      a4, -32(s0)
core   0: 3 0x000000008000feec (0xfee43023) mem 0x0000000080031f50 0x0000000080012094
core   0: 0x000000008000fef0 (0xfc442703) lw      a4, -60(s0)
core   0: 3 0x000000008000fef0 (0xfc442703) x14 0x0000000000000000 mem 0x0000000080031f34
core   0: 0x000000008000fef4 (0x0ff77713) andi    a4, a4, 255
core   0: 3 0x000000008000fef4 (0x0ff77713) x14 0x0000000000000000
core   0: 0x000000008000fef8 (0x00e78023) sb      a4, 0(a5)
core   0: 3 0x000000008000fef8 (0x00e78023) mem 0x0000000080012093 0x00
core   0: 0x000000008000fefc (0xfc843703) ld      a4, -56(s0)
core   0: 3 0x000000008000fefc (0xfc843703) x14 0x0000000080012040 mem 0x0000000080031f38
core   0: 0x000000008000ff00 (0xfb843783) ld      a5, -72(s0)
core   0: 3 0x000000008000ff00 (0xfb843783) x15 0x000000000000009c mem 0x0000000080031f28
core   0: 0x000000008000ff04 (0x000097ba) c.add   a5, a4
core   0: 3 0x000000008000ff04 (0x97ba) x15 0x00000000800120dc
core   0: 0x000000008000ff06 (0xfe043703) ld      a4, -32(s0)
core   0: 3 0x000000008000ff06 (0xfe043703) x14 0x0000000080012094 mem 0x0000000080031f50
core   0: 0x000000008000ff0a (0xfcf76de3) bltu    a4, a5, pc - 38
core   0: 3 0x000000008000ff0a (0xfcf76de3)
core   0: 0x000000008000fee4 (0xfe043783) ld      a5, -32(s0)
core   0: 3 0x000000008000fee4 (0xfe043783) x15 0x0000000080012094 mem 0x0000000080031f50
core   0: 0x000000008000fee8 (0x00178713) addi    a4, a5, 1
core   0: 3 0x000000008000fee8 (0x00178713) x14 0x0000000080012095
core   0: 0x000000008000feec (0xfee43023) sd      a4, -32(s0)
core   0: 3 0x000000008000feec (0xfee43023) mem 0x0000000080031f50 0x0000000080012095
core   0: 0x000000008000fef0 (0xfc442703) lw      a4, -60(s0)
core   0: 3 0x000000008000fef0 (0xfc442703) x14 0x0000000000000000 mem 0x0000000080031f34
core   0: 0x000000008000fef4 (0x0ff77713) andi    a4, a4, 255
core   0: 3 0x000000008000fef4 (0x0ff77713) x14 0x0000000000000000
core   0: 0x000000008000fef8 (0x00e78023) sb      a4, 0(a5)
core   0: 3 0x000000008000fef8 (0x00e78023) mem 0x0000000080012094 0x00
core   0: 0x000000008000fefc (0xfc843703) ld      a4, -56(s0)
core   0: 3 0x000000008000fefc (0xfc843703) x14 0x0000000080012040 mem 0x0000000080031f38
core   0: 0x000000008000ff00 (0xfb843783) ld      a5, -72(s0)
core   0: 3 0x000000008000ff00 (0xfb843783) x15 0x000000000000009c mem 0x0000000080031f28
core   0: 0x000000008000ff04 (0x000097ba) c.add   a5, a4
core   0: 3 0x000000008000ff04 (0x97ba) x15 0x00000000800120dc
core   0: 0x000000008000ff06 (0xfe043703) ld      a4, -32(s0)
core   0: 3 0x000000008000ff06 (0xfe043703) x14 0x0000000080012095 mem 0x0000000080031f50
core   0: 0x000000008000ff0a (0xfcf76de3) bltu    a4, a5, pc - 38
core   0: 3 0x000000008000ff0a (0xfcf76de3)
core   0: 0x000000008000fee4 (0xfe043783) ld      a5, -32(s0)
core   0: 3 0x000000008000fee4 (0xfe043783) x15 0x0000000080012095 mem 0x0000000080031f50
core   0: 0x000000008000fee8 (0x00178713) addi    a4, a5, 1
core   0: 3 0x000000008000fee8 (0x00178713) x14 0x0000000080012096
core   0: 0x000000008000feec (0xfee43023) sd      a4, -32(s0)
core   0: 3 0x000000008000feec (0xfee43023) mem 0x0000000080031f50 0x0000000080012096
core   0: 0x000000008000fef0 (0xfc442703) lw      a4, -60(s0)
core   0: 3 0x000000008000fef0 (0xfc442703) x14 0x0000000000000000 mem 0x0000000080031f34
core   0: 0x000000008000fef4 (0x0ff77713) andi    a4, a4, 255
core   0: 3 0x000000008000fef4 (0x0ff77713) x14 0x0000000000000000
core   0: 0x000000008000fef8 (0x00e78023) sb      a4, 0(a5)
core   0: 3 0x000000008000fef8 (0x00e78023) mem 0x0000000080012095 0x00
core   0: 0x000000008000fefc (0xfc843703) ld      a4, -56(s0)
core   0: 3 0x000000008000fefc (0xfc843703) x14 0x0000000080012040 mem 0x0000000080031f38
core   0: 0x000000008000ff00 (0xfb843783) ld      a5, -72(s0)
core   0: 3 0x000000008000ff00 (0xfb843783) x15 0x000000000000009c mem 0x0000000080031f28
core   0: 0x000000008000ff04 (0x000097ba) c.add   a5, a4
core   0: 3 0x000000008000ff04 (0x97ba) x15 0x00000000800120dc
core   0: 0x000000008000ff06 (0xfe043703) ld      a4, -32(s0)
core   0: 3 0x000000008000ff06 (0xfe043703) x14 0x0000000080012096 mem 0x0000000080031f50
core   0: 0x000000008000ff0a (0xfcf76de3) bltu    a4, a5, pc - 38
core   0: 3 0x000000008000ff0a (0xfcf76de3)
core   0: 0x000000008000fee4 (0xfe043783) ld      a5, -32(s0)
core   0: 3 0x000000008000fee4 (0xfe043783) x15 0x0000000080012096 mem 0x0000000080031f50
core   0: 0x000000008000fee8 (0x00178713) addi    a4, a5, 1
core   0: 3 0x000000008000fee8 (0x00178713) x14 0x0000000080012097
core   0: 0x000000008000feec (0xfee43023) sd      a4, -32(s0)
core   0: 3 0x000000008000feec (0xfee43023) mem 0x0000000080031f50 0x0000000080012097
core   0: 0x000000008000fef0 (0xfc442703) lw      a4, -60(s0)
core   0: 3 0x000000008000fef0 (0xfc442703) x14 0x0000000000000000 mem 0x0000000080031f34
core   0: 0x000000008000fef4 (0x0ff77713) andi    a4, a4, 255
core   0: 3 0x000000008000fef4 (0x0ff77713) x14 0x0000000000000000
core   0: 0x000000008000fef8 (0x00e78023) sb      a4, 0(a5)
core   0: 3 0x000000008000fef8 (0x00e78023) mem 0x0000000080012096 0x00
core   0: 0x000000008000fefc (0xfc843703) ld      a4, -56(s0)
core   0: 3 0x000000008000fefc (0xfc843703) x14 0x0000000080012040 mem 0x0000000080031f38
core   0: 0x000000008000ff00 (0xfb843783) ld      a5, -72(s0)
core   0: 3 0x000000008000ff00 (0xfb843783) x15 0x000000000000009c mem 0x0000000080031f28
core   0: 0x000000008000ff04 (0x000097ba) c.add   a5, a4
core   0: 3 0x000000008000ff04 (0x97ba) x15 0x00000000800120dc
core   0: 0x000000008000ff06 (0xfe043703) ld      a4, -32(s0)
core   0: 3 0x000000008000ff06 (0xfe043703) x14 0x0000000080012097 mem 0x0000000080031f50
core   0: 0x000000008000ff0a (0xfcf76de3) bltu    a4, a5, pc - 38
core   0: 3 0x000000008000ff0a (0xfcf76de3)
core   0: 0x000000008000fee4 (0xfe043783) ld      a5, -32(s0)
core   0: 3 0x000000008000fee4 (0xfe043783) x15 0x0000000080012097 mem 0x0000000080031f50
core   0: 0x000000008000fee8 (0x00178713) addi    a4, a5, 1
core   0: 3 0x000000008000fee8 (0x00178713) x14 0x0000000080012098
core   0: 0x000000008000feec (0xfee43023) sd      a4, -32(s0)
core   0: 3 0x000000008000feec (0xfee43023) mem 0x0000000080031f50 0x0000000080012098
core   0: 0x000000008000fef0 (0xfc442703) lw      a4, -60(s0)
core   0: 3 0x000000008000fef0 (0xfc442703) x14 0x0000000000000000 mem 0x0000000080031f34
core   0: 0x000000008000fef4 (0x0ff77713) andi    a4, a4, 255
core   0: 3 0x000000008000fef4 (0x0ff77713) x14 0x0000000000000000
core   0: 0x000000008000fef8 (0x00e78023) sb      a4, 0(a5)
core   0: 3 0x000000008000fef8 (0x00e78023) mem 0x0000000080012097 0x00
core   0: 0x000000008000fefc (0xfc843703) ld      a4, -56(s0)
core   0: 3 0x000000008000fefc (0xfc843703) x14 0x0000000080012040 mem 0x0000000080031f38
core   0: 0x000000008000ff00 (0xfb843783) ld      a5, -72(s0)
core   0: 3 0x000000008000ff00 (0xfb843783) x15 0x000000000000009c mem 0x0000000080031f28
core   0: 0x000000008000ff04 (0x000097ba) c.add   a5, a4
core   0: 3 0x000000008000ff04 (0x97ba) x15 0x00000000800120dc
core   0: 0x000000008000ff06 (0xfe043703) ld      a4, -32(s0)
core   0: 3 0x000000008000ff06 (0xfe043703) x14 0x0000000080012098 mem 0x0000000080031f50
core   0: 0x000000008000ff0a (0xfcf76de3) bltu    a4, a5, pc - 38
core   0: 3 0x000000008000ff0a (0xfcf76de3)
core   0: 0x000000008000fee4 (0xfe043783) ld      a5, -32(s0)
core   0: 3 0x000000008000fee4 (0xfe043783) x15 0x0000000080012098 mem 0x0000000080031f50
core   0: 0x000000008000fee8 (0x00178713) addi    a4, a5, 1
core   0: 3 0x000000008000fee8 (0x00178713) x14 0x0000000080012099
core   0: 0x000000008000feec (0xfee43023) sd      a4, -32(s0)
core   0: 3 0x000000008000feec (0xfee43023) mem 0x0000000080031f50 0x0000000080012099
core   0: 0x000000008000fef0 (0xfc442703) lw      a4, -60(s0)
core   0: 3 0x000000008000fef0 (0xfc442703) x14 0x0000000000000000 mem 0x0000000080031f34
core   0: 0x000000008000fef4 (0x0ff77713) andi    a4, a4, 255
core   0: 3 0x000000008000fef4 (0x0ff77713) x14 0x0000000000000000
core   0: 0x000000008000fef8 (0x00e78023) sb      a4, 0(a5)
core   0: 3 0x000000008000fef8 (0x00e78023) mem 0x0000000080012098 0x00
core   0: 0x000000008000fefc (0xfc843703) ld      a4, -56(s0)
core   0: 3 0x000000008000fefc (0xfc843703) x14 0x0000000080012040 mem 0x0000000080031f38
core   0: 0x000000008000ff00 (0xfb843783) ld      a5, -72(s0)
core   0: 3 0x000000008000ff00 (0xfb843783) x15 0x000000000000009c mem 0x0000000080031f28
core   0: 0x000000008000ff04 (0x000097ba) c.add   a5, a4
core   0: 3 0x000000008000ff04 (0x97ba) x15 0x00000000800120dc
core   0: 0x000000008000ff06 (0xfe043703) ld      a4, -32(s0)
core   0: 3 0x000000008000ff06 (0xfe043703) x14 0x0000000080012099 mem 0x0000000080031f50
core   0: 0x000000008000ff0a (0xfcf76de3) bltu    a4, a5, pc - 38
core   0: 3 0x000000008000ff0a (0xfcf76de3)
core   0: 0x000000008000fee4 (0xfe043783) ld      a5, -32(s0)
core   0: 3 0x000000008000fee4 (0xfe043783) x15 0x0000000080012099 mem 0x0000000080031f50
core   0: 0x000000008000fee8 (0x00178713) addi    a4, a5, 1
core   0: 3 0x000000008000fee8 (0x00178713) x14 0x000000008001209a
core   0: 0x000000008000feec (0xfee43023) sd      a4, -32(s0)
core   0: 3 0x000000008000feec (0xfee43023) mem 0x0000000080031f50 0x000000008001209a
core   0: 0x000000008000fef0 (0xfc442703) lw      a4, -60(s0)
core   0: 3 0x000000008000fef0 (0xfc442703) x14 0x0000000000000000 mem 0x0000000080031f34
core   0: 0x000000008000fef4 (0x0ff77713) andi    a4, a4, 255
core   0: 3 0x000000008000fef4 (0x0ff77713) x14 0x0000000000000000
core   0: 0x000000008000fef8 (0x00e78023) sb      a4, 0(a5)
core   0: 3 0x000000008000fef8 (0x00e78023) mem 0x0000000080012099 0x00
core   0: 0x000000008000fefc (0xfc843703) ld      a4, -56(s0)
core   0: 3 0x000000008000fefc (0xfc843703) x14 0x0000000080012040 mem 0x0000000080031f38
core   0: 0x000000008000ff00 (0xfb843783) ld      a5, -72(s0)
core   0: 3 0x000000008000ff00 (0xfb843783) x15 0x000000000000009c mem 0x0000000080031f28
core   0: 0x000000008000ff04 (0x000097ba) c.add   a5, a4
core   0: 3 0x000000008000ff04 (0x97ba) x15 0x00000000800120dc
core   0: 0x000000008000ff06 (0xfe043703) ld      a4, -32(s0)
core   0: 3 0x000000008000ff06 (0xfe043703) x14 0x000000008001209a mem 0x0000000080031f50
core   0: 0x000000008000ff0a (0xfcf76de3) bltu    a4, a5, pc - 38
core   0: 3 0x000000008000ff0a (0xfcf76de3)
core   0: 0x000000008000fee4 (0xfe043783) ld      a5, -32(s0)
core   0: 3 0x000000008000fee4 (0xfe043783) x15 0x000000008001209a mem 0x0000000080031f50
core   0: 0x000000008000fee8 (0x00178713) addi    a4, a5, 1
core   0: 3 0x000000008000fee8 (0x00178713) x14 0x000000008001209b
core   0: 0x000000008000feec (0xfee43023) sd      a4, -32(s0)
core   0: 3 0x000000008000feec (0xfee43023) mem 0x0000000080031f50 0x000000008001209b
core   0: 0x000000008000fef0 (0xfc442703) lw      a4, -60(s0)
core   0: 3 0x000000008000fef0 (0xfc442703) x14 0x0000000000000000 mem 0x0000000080031f34
core   0: 0x000000008000fef4 (0x0ff77713) andi    a4, a4, 255
core   0: 3 0x000000008000fef4 (0x0ff77713) x14 0x0000000000000000
core   0: 0x000000008000fef8 (0x00e78023) sb      a4, 0(a5)
core   0: 3 0x000000008000fef8 (0x00e78023) mem 0x000000008001209a 0x00
core   0: 0x000000008000fefc (0xfc843703) ld      a4, -56(s0)
core   0: 3 0x000000008000fefc (0xfc843703) x14 0x0000000080012040 mem 0x0000000080031f38
core   0: 0x000000008000ff00 (0xfb843783) ld      a5, -72(s0)
core   0: 3 0x000000008000ff00 (0xfb843783) x15 0x000000000000009c mem 0x0000000080031f28
core   0: 0x000000008000ff04 (0x000097ba) c.add   a5, a4
core   0: 3 0x000000008000ff04 (0x97ba) x15 0x00000000800120dc
core   0: 0x000000008000ff06 (0xfe043703) ld      a4, -32(s0)
core   0: 3 0x000000008000ff06 (0xfe043703) x14 0x000000008001209b mem 0x0000000080031f50
core   0: 0x000000008000ff0a (0xfcf76de3) bltu    a4, a5, pc - 38
core   0: 3 0x000000008000ff0a (0xfcf76de3)
core   0: 0x000000008000fee4 (0xfe043783) ld      a5, -32(s0)
core   0: 3 0x000000008000fee4 (0xfe043783) x15 0x000000008001209b mem 0x0000000080031f50
core   0: 0x000000008000fee8 (0x00178713) addi    a4, a5, 1
core   0: 3 0x000000008000fee8 (0x00178713) x14 0x000000008001209c
core   0: 0x000000008000feec (0xfee43023) sd      a4, -32(s0)
core   0: 3 0x000000008000feec (0xfee43023) mem 0x0000000080031f50 0x000000008001209c
core   0: 0x000000008000fef0 (0xfc442703) lw      a4, -60(s0)
core   0: 3 0x000000008000fef0 (0xfc442703) x14 0x0000000000000000 mem 0x0000000080031f34
core   0: 0x000000008000fef4 (0x0ff77713) andi    a4, a4, 255
core   0: 3 0x000000008000fef4 (0x0ff77713) x14 0x0000000000000000
core   0: 0x000000008000fef8 (0x00e78023) sb      a4, 0(a5)
core   0: 3 0x000000008000fef8 (0x00e78023) mem 0x000000008001209b 0x00
core   0: 0x000000008000fefc (0xfc843703) ld      a4, -56(s0)
core   0: 3 0x000000008000fefc (0xfc843703) x14 0x0000000080012040 mem 0x0000000080031f38
core   0: 0x000000008000ff00 (0xfb843783) ld      a5, -72(s0)
core   0: 3 0x000000008000ff00 (0xfb843783) x15 0x000000000000009c mem 0x0000000080031f28
core   0: 0x000000008000ff04 (0x000097ba) c.add   a5, a4
core   0: 3 0x000000008000ff04 (0x97ba) x15 0x00000000800120dc
core   0: 0x000000008000ff06 (0xfe043703) ld      a4, -32(s0)
core   0: 3 0x000000008000ff06 (0xfe043703) x14 0x000000008001209c mem 0x0000000080031f50
core   0: 0x000000008000ff0a (0xfcf76de3) bltu    a4, a5, pc - 38
core   0: 3 0x000000008000ff0a (0xfcf76de3)
core   0: 0x000000008000fee4 (0xfe043783) ld      a5, -32(s0)
core   0: 3 0x000000008000fee4 (0xfe043783) x15 0x000000008001209c mem 0x0000000080031f50
core   0: 0x000000008000fee8 (0x00178713) addi    a4, a5, 1
core   0: 3 0x000000008000fee8 (0x00178713) x14 0x000000008001209d
core   0: 0x000000008000feec (0xfee43023) sd      a4, -32(s0)
core   0: 3 0x000000008000feec (0xfee43023) mem 0x0000000080031f50 0x000000008001209d
core   0: 0x000000008000fef0 (0xfc442703) lw      a4, -60(s0)
core   0: 3 0x000000008000fef0 (0xfc442703) x14 0x0000000000000000 mem 0x0000000080031f34
core   0: 0x000000008000fef4 (0x0ff77713) andi    a4, a4, 255
core   0: 3 0x000000008000fef4 (0x0ff77713) x14 0x0000000000000000
core   0: 0x000000008000fef8 (0x00e78023) sb      a4, 0(a5)
core   0: 3 0x000000008000fef8 (0x00e78023) mem 0x000000008001209c 0x00
core   0: 0x000000008000fefc (0xfc843703) ld      a4, -56(s0)
core   0: 3 0x000000008000fefc (0xfc843703) x14 0x0000000080012040 mem 0x0000000080031f38
core   0: 0x000000008000ff00 (0xfb843783) ld      a5, -72(s0)
core   0: 3 0x000000008000ff00 (0xfb843783) x15 0x000000000000009c mem 0x0000000080031f28
core   0: 0x000000008000ff04 (0x000097ba) c.add   a5, a4
core   0: 3 0x000000008000ff04 (0x97ba) x15 0x00000000800120dc
core   0: 0x000000008000ff06 (0xfe043703) ld      a4, -32(s0)
core   0: 3 0x000000008000ff06 (0xfe043703) x14 0x000000008001209d mem 0x0000000080031f50
core   0: 0x000000008000ff0a (0xfcf76de3) bltu    a4, a5, pc - 38
core   0: 3 0x000000008000ff0a (0xfcf76de3)
core   0: 0x000000008000fee4 (0xfe043783) ld      a5, -32(s0)
core   0: 3 0x000000008000fee4 (0xfe043783) x15 0x000000008001209d mem 0x0000000080031f50
core   0: 0x000000008000fee8 (0x00178713) addi    a4, a5, 1
core   0: 3 0x000000008000fee8 (0x00178713) x14 0x000000008001209e
core   0: 0x000000008000feec (0xfee43023) sd      a4, -32(s0)
core   0: 3 0x000000008000feec (0xfee43023) mem 0x0000000080031f50 0x000000008001209e
core   0: 0x000000008000fef0 (0xfc442703) lw      a4, -60(s0)
core   0: 3 0x000000008000fef0 (0xfc442703) x14 0x0000000000000000 mem 0x0000000080031f34
core   0: 0x000000008000fef4 (0x0ff77713) andi    a4, a4, 255
core   0: 3 0x000000008000fef4 (0x0ff77713) x14 0x0000000000000000
core   0: 0x000000008000fef8 (0x00e78023) sb      a4, 0(a5)
core   0: 3 0x000000008000fef8 (0x00e78023) mem 0x000000008001209d 0x00
core   0: 0x000000008000fefc (0xfc843703) ld      a4, -56(s0)
core   0: 3 0x000000008000fefc (0xfc843703) x14 0x0000000080012040 mem 0x0000000080031f38
core   0: 0x000000008000ff00 (0xfb843783) ld      a5, -72(s0)
core   0: 3 0x000000008000ff00 (0xfb843783) x15 0x000000000000009c mem 0x0000000080031f28
core   0: 0x000000008000ff04 (0x000097ba) c.add   a5, a4
core   0: 3 0x000000008000ff04 (0x97ba) x15 0x00000000800120dc
core   0: 0x000000008000ff06 (0xfe043703) ld      a4, -32(s0)
core   0: 3 0x000000008000ff06 (0xfe043703) x14 0x000000008001209e mem 0x0000000080031f50
core   0: 0x000000008000ff0a (0xfcf76de3) bltu    a4, a5, pc - 38
core   0: 3 0x000000008000ff0a (0xfcf76de3)
core   0: 0x000000008000fee4 (0xfe043783) ld      a5, -32(s0)
core   0: 3 0x000000008000fee4 (0xfe043783) x15 0x000000008001209e mem 0x0000000080031f50
core   0: 0x000000008000fee8 (0x00178713) addi    a4, a5, 1
core   0: 3 0x000000008000fee8 (0x00178713) x14 0x000000008001209f
core   0: 0x000000008000feec (0xfee43023) sd      a4, -32(s0)
core   0: 3 0x000000008000feec (0xfee43023) mem 0x0000000080031f50 0x000000008001209f
core   0: 0x000000008000fef0 (0xfc442703) lw      a4, -60(s0)
core   0: 3 0x000000008000fef0 (0xfc442703) x14 0x0000000000000000 mem 0x0000000080031f34
core   0: 0x000000008000fef4 (0x0ff77713) andi    a4, a4, 255
core   0: 3 0x000000008000fef4 (0x0ff77713) x14 0x0000000000000000
core   0: 0x000000008000fef8 (0x00e78023) sb      a4, 0(a5)
core   0: 3 0x000000008000fef8 (0x00e78023) mem 0x000000008001209e 0x00
core   0: 0x000000008000fefc (0xfc843703) ld      a4, -56(s0)
core   0: 3 0x000000008000fefc (0xfc843703) x14 0x0000000080012040 mem 0x0000000080031f38
core   0: 0x000000008000ff00 (0xfb843783) ld      a5, -72(s0)
core   0: 3 0x000000008000ff00 (0xfb843783) x15 0x000000000000009c mem 0x0000000080031f28
core   0: 0x000000008000ff04 (0x000097ba) c.add   a5, a4
core   0: 3 0x000000008000ff04 (0x97ba) x15 0x00000000800120dc
core   0: 0x000000008000ff06 (0xfe043703) ld      a4, -32(s0)
core   0: 3 0x000000008000ff06 (0xfe043703) x14 0x000000008001209f mem 0x0000000080031f50
core   0: 0x000000008000ff0a (0xfcf76de3) bltu    a4, a5, pc - 38
core   0: 3 0x000000008000ff0a (0xfcf76de3)
core   0: 0x000000008000fee4 (0xfe043783) ld      a5, -32(s0)
core   0: 3 0x000000008000fee4 (0xfe043783) x15 0x000000008001209f mem 0x0000000080031f50
core   0: 0x000000008000fee8 (0x00178713) addi    a4, a5, 1
core   0: 3 0x000000008000fee8 (0x00178713) x14 0x00000000800120a0
core   0: 0x000000008000feec (0xfee43023) sd      a4, -32(s0)
core   0: 3 0x000000008000feec (0xfee43023) mem 0x0000000080031f50 0x00000000800120a0
core   0: 0x000000008000fef0 (0xfc442703) lw      a4, -60(s0)
core   0: 3 0x000000008000fef0 (0xfc442703) x14 0x0000000000000000 mem 0x0000000080031f34
core   0: 0x000000008000fef4 (0x0ff77713) andi    a4, a4, 255
core   0: 3 0x000000008000fef4 (0x0ff77713) x14 0x0000000000000000
core   0: 0x000000008000fef8 (0x00e78023) sb      a4, 0(a5)
core   0: 3 0x000000008000fef8 (0x00e78023) mem 0x000000008001209f 0x00
core   0: 0x000000008000fefc (0xfc843703) ld      a4, -56(s0)
core   0: 3 0x000000008000fefc (0xfc843703) x14 0x0000000080012040 mem 0x0000000080031f38
core   0: 0x000000008000ff00 (0xfb843783) ld      a5, -72(s0)
core   0: 3 0x000000008000ff00 (0xfb843783) x15 0x000000000000009c mem 0x0000000080031f28
core   0: 0x000000008000ff04 (0x000097ba) c.add   a5, a4
core   0: 3 0x000000008000ff04 (0x97ba) x15 0x00000000800120dc
core   0: 0x000000008000ff06 (0xfe043703) ld      a4, -32(s0)
core   0: 3 0x000000008000ff06 (0xfe043703) x14 0x00000000800120a0 mem 0x0000000080031f50
core   0: 0x000000008000ff0a (0xfcf76de3) bltu    a4, a5, pc - 38
core   0: 3 0x000000008000ff0a (0xfcf76de3)
core   0: 0x000000008000fee4 (0xfe043783) ld      a5, -32(s0)
core   0: 3 0x000000008000fee4 (0xfe043783) x15 0x00000000800120a0 mem 0x0000000080031f50
core   0: 0x000000008000fee8 (0x00178713) addi    a4, a5, 1
core   0: 3 0x000000008000fee8 (0x00178713) x14 0x00000000800120a1
core   0: 0x000000008000feec (0xfee43023) sd      a4, -32(s0)
core   0: 3 0x000000008000feec (0xfee43023) mem 0x0000000080031f50 0x00000000800120a1
core   0: 0x000000008000fef0 (0xfc442703) lw      a4, -60(s0)
core   0: 3 0x000000008000fef0 (0xfc442703) x14 0x0000000000000000 mem 0x0000000080031f34
core   0: 0x000000008000fef4 (0x0ff77713) andi    a4, a4, 255
core   0: 3 0x000000008000fef4 (0x0ff77713) x14 0x0000000000000000
core   0: 0x000000008000fef8 (0x00e78023) sb      a4, 0(a5)
core   0: 3 0x000000008000fef8 (0x00e78023) mem 0x00000000800120a0 0x00
core   0: 0x000000008000fefc (0xfc843703) ld      a4, -56(s0)
core   0: 3 0x000000008000fefc (0xfc843703) x14 0x0000000080012040 mem 0x0000000080031f38
core   0: 0x000000008000ff00 (0xfb843783) ld      a5, -72(s0)
core   0: 3 0x000000008000ff00 (0xfb843783) x15 0x000000000000009c mem 0x0000000080031f28
core   0: 0x000000008000ff04 (0x000097ba) c.add   a5, a4
core   0: 3 0x000000008000ff04 (0x97ba) x15 0x00000000800120dc
core   0: 0x000000008000ff06 (0xfe043703) ld      a4, -32(s0)
core   0: 3 0x000000008000ff06 (0xfe043703) x14 0x00000000800120a1 mem 0x0000000080031f50
core   0: 0x000000008000ff0a (0xfcf76de3) bltu    a4, a5, pc - 38
core   0: 3 0x000000008000ff0a (0xfcf76de3)
core   0: 0x000000008000fee4 (0xfe043783) ld      a5, -32(s0)
core   0: 3 0x000000008000fee4 (0xfe043783) x15 0x00000000800120a1 mem 0x0000000080031f50
core   0: 0x000000008000fee8 (0x00178713) addi    a4, a5, 1
core   0: 3 0x000000008000fee8 (0x00178713) x14 0x00000000800120a2
core   0: 0x000000008000feec (0xfee43023) sd      a4, -32(s0)
core   0: 3 0x000000008000feec (0xfee43023) mem 0x0000000080031f50 0x00000000800120a2
core   0: 0x000000008000fef0 (0xfc442703) lw      a4, -60(s0)
core   0: 3 0x000000008000fef0 (0xfc442703) x14 0x0000000000000000 mem 0x0000000080031f34
core   0: 0x000000008000fef4 (0x0ff77713) andi    a4, a4, 255
core   0: 3 0x000000008000fef4 (0x0ff77713) x14 0x0000000000000000
core   0: 0x000000008000fef8 (0x00e78023) sb      a4, 0(a5)
core   0: 3 0x000000008000fef8 (0x00e78023) mem 0x00000000800120a1 0x00
core   0: 0x000000008000fefc (0xfc843703) ld      a4, -56(s0)
core   0: 3 0x000000008000fefc (0xfc843703) x14 0x0000000080012040 mem 0x0000000080031f38
core   0: 0x000000008000ff00 (0xfb843783) ld      a5, -72(s0)
core   0: 3 0x000000008000ff00 (0xfb843783) x15 0x000000000000009c mem 0x0000000080031f28
core   0: 0x000000008000ff04 (0x000097ba) c.add   a5, a4
core   0: 3 0x000000008000ff04 (0x97ba) x15 0x00000000800120dc
core   0: 0x000000008000ff06 (0xfe043703) ld      a4, -32(s0)
core   0: 3 0x000000008000ff06 (0xfe043703) x14 0x00000000800120a2 mem 0x0000000080031f50
core   0: 0x000000008000ff0a (0xfcf76de3) bltu    a4, a5, pc - 38
core   0: 3 0x000000008000ff0a (0xfcf76de3)
core   0: 0x000000008000fee4 (0xfe043783) ld      a5, -32(s0)
core   0: 3 0x000000008000fee4 (0xfe043783) x15 0x00000000800120a2 mem 0x0000000080031f50
core   0: 0x000000008000fee8 (0x00178713) addi    a4, a5, 1
core   0: 3 0x000000008000fee8 (0x00178713) x14 0x00000000800120a3
core   0: 0x000000008000feec (0xfee43023) sd      a4, -32(s0)
core   0: 3 0x000000008000feec (0xfee43023) mem 0x0000000080031f50 0x00000000800120a3
core   0: 0x000000008000fef0 (0xfc442703) lw      a4, -60(s0)
core   0: 3 0x000000008000fef0 (0xfc442703) x14 0x0000000000000000 mem 0x0000000080031f34
core   0: 0x000000008000fef4 (0x0ff77713) andi    a4, a4, 255
core   0: 3 0x000000008000fef4 (0x0ff77713) x14 0x0000000000000000
core   0: 0x000000008000fef8 (0x00e78023) sb      a4, 0(a5)
core   0: 3 0x000000008000fef8 (0x00e78023) mem 0x00000000800120a2 0x00
core   0: 0x000000008000fefc (0xfc843703) ld      a4, -56(s0)
core   0: 3 0x000000008000fefc (0xfc843703) x14 0x0000000080012040 mem 0x0000000080031f38
core   0: 0x000000008000ff00 (0xfb843783) ld      a5, -72(s0)
core   0: 3 0x000000008000ff00 (0xfb843783) x15 0x000000000000009c mem 0x0000000080031f28
core   0: 0x000000008000ff04 (0x000097ba) c.add   a5, a4
core   0: 3 0x000000008000ff04 (0x97ba) x15 0x00000000800120dc
core   0: 0x000000008000ff06 (0xfe043703) ld      a4, -32(s0)
core   0: 3 0x000000008000ff06 (0xfe043703) x14 0x00000000800120a3 mem 0x0000000080031f50
core   0: 0x000000008000ff0a (0xfcf76de3) bltu    a4, a5, pc - 38
core   0: 3 0x000000008000ff0a (0xfcf76de3)
core   0: 0x000000008000fee4 (0xfe043783) ld      a5, -32(s0)
core   0: 3 0x000000008000fee4 (0xfe043783) x15 0x00000000800120a3 mem 0x0000000080031f50
core   0: 0x000000008000fee8 (0x00178713) addi    a4, a5, 1
core   0: 3 0x000000008000fee8 (0x00178713) x14 0x00000000800120a4
core   0: 0x000000008000feec (0xfee43023) sd      a4, -32(s0)
core   0: 3 0x000000008000feec (0xfee43023) mem 0x0000000080031f50 0x00000000800120a4
core   0: 0x000000008000fef0 (0xfc442703) lw      a4, -60(s0)
core   0: 3 0x000000008000fef0 (0xfc442703) x14 0x0000000000000000 mem 0x0000000080031f34
core   0: 0x000000008000fef4 (0x0ff77713) andi    a4, a4, 255
core   0: 3 0x000000008000fef4 (0x0ff77713) x14 0x0000000000000000
core   0: 0x000000008000fef8 (0x00e78023) sb      a4, 0(a5)
core   0: 3 0x000000008000fef8 (0x00e78023) mem 0x00000000800120a3 0x00
core   0: 0x000000008000fefc (0xfc843703) ld      a4, -56(s0)
core   0: 3 0x000000008000fefc (0xfc843703) x14 0x0000000080012040 mem 0x0000000080031f38
core   0: 0x000000008000ff00 (0xfb843783) ld      a5, -72(s0)
core   0: 3 0x000000008000ff00 (0xfb843783) x15 0x000000000000009c mem 0x0000000080031f28
core   0: 0x000000008000ff04 (0x000097ba) c.add   a5, a4
core   0: 3 0x000000008000ff04 (0x97ba) x15 0x00000000800120dc
core   0: 0x000000008000ff06 (0xfe043703) ld      a4, -32(s0)
core   0: 3 0x000000008000ff06 (0xfe043703) x14 0x00000000800120a4 mem 0x0000000080031f50
core   0: 0x000000008000ff0a (0xfcf76de3) bltu    a4, a5, pc - 38
core   0: 3 0x000000008000ff0a (0xfcf76de3)
core   0: 0x000000008000fee4 (0xfe043783) ld      a5, -32(s0)
core   0: 3 0x000000008000fee4 (0xfe043783) x15 0x00000000800120a4 mem 0x0000000080031f50
core   0: 0x000000008000fee8 (0x00178713) addi    a4, a5, 1
core   0: 3 0x000000008000fee8 (0x00178713) x14 0x00000000800120a5
core   0: 0x000000008000feec (0xfee43023) sd      a4, -32(s0)
core   0: 3 0x000000008000feec (0xfee43023) mem 0x0000000080031f50 0x00000000800120a5
core   0: 0x000000008000fef0 (0xfc442703) lw      a4, -60(s0)
core   0: 3 0x000000008000fef0 (0xfc442703) x14 0x0000000000000000 mem 0x0000000080031f34
core   0: 0x000000008000fef4 (0x0ff77713) andi    a4, a4, 255
core   0: 3 0x000000008000fef4 (0x0ff77713) x14 0x0000000000000000
core   0: 0x000000008000fef8 (0x00e78023) sb      a4, 0(a5)
core   0: 3 0x000000008000fef8 (0x00e78023) mem 0x00000000800120a4 0x00
core   0: 0x000000008000fefc (0xfc843703) ld      a4, -56(s0)
core   0: 3 0x000000008000fefc (0xfc843703) x14 0x0000000080012040 mem 0x0000000080031f38
core   0: 0x000000008000ff00 (0xfb843783) ld      a5, -72(s0)
core   0: 3 0x000000008000ff00 (0xfb843783) x15 0x000000000000009c mem 0x0000000080031f28
core   0: 0x000000008000ff04 (0x000097ba) c.add   a5, a4
core   0: 3 0x000000008000ff04 (0x97ba) x15 0x00000000800120dc
core   0: 0x000000008000ff06 (0xfe043703) ld      a4, -32(s0)
core   0: 3 0x000000008000ff06 (0xfe043703) x14 0x00000000800120a5 mem 0x0000000080031f50
core   0: 0x000000008000ff0a (0xfcf76de3) bltu    a4, a5, pc - 38
core   0: 3 0x000000008000ff0a (0xfcf76de3)
core   0: 0x000000008000fee4 (0xfe043783) ld      a5, -32(s0)
core   0: 3 0x000000008000fee4 (0xfe043783) x15 0x00000000800120a5 mem 0x0000000080031f50
core   0: 0x000000008000fee8 (0x00178713) addi    a4, a5, 1
core   0: 3 0x000000008000fee8 (0x00178713) x14 0x00000000800120a6
core   0: 0x000000008000feec (0xfee43023) sd      a4, -32(s0)
core   0: 3 0x000000008000feec (0xfee43023) mem 0x0000000080031f50 0x00000000800120a6
core   0: 0x000000008000fef0 (0xfc442703) lw      a4, -60(s0)
core   0: 3 0x000000008000fef0 (0xfc442703) x14 0x0000000000000000 mem 0x0000000080031f34
core   0: 0x000000008000fef4 (0x0ff77713) andi    a4, a4, 255
core   0: 3 0x000000008000fef4 (0x0ff77713) x14 0x0000000000000000
core   0: 0x000000008000fef8 (0x00e78023) sb      a4, 0(a5)
core   0: 3 0x000000008000fef8 (0x00e78023) mem 0x00000000800120a5 0x00
core   0: 0x000000008000fefc (0xfc843703) ld      a4, -56(s0)
core   0: 3 0x000000008000fefc (0xfc843703) x14 0x0000000080012040 mem 0x0000000080031f38
core   0: 0x000000008000ff00 (0xfb843783) ld      a5, -72(s0)
core   0: 3 0x000000008000ff00 (0xfb843783) x15 0x000000000000009c mem 0x0000000080031f28
core   0: 0x000000008000ff04 (0x000097ba) c.add   a5, a4
core   0: 3 0x000000008000ff04 (0x97ba) x15 0x00000000800120dc
core   0: 0x000000008000ff06 (0xfe043703) ld      a4, -32(s0)
core   0: 3 0x000000008000ff06 (0xfe043703) x14 0x00000000800120a6 mem 0x0000000080031f50
core   0: 0x000000008000ff0a (0xfcf76de3) bltu    a4, a5, pc - 38
core   0: 3 0x000000008000ff0a (0xfcf76de3)
core   0: 0x000000008000fee4 (0xfe043783) ld      a5, -32(s0)
core   0: 3 0x000000008000fee4 (0xfe043783) x15 0x00000000800120a6 mem 0x0000000080031f50
core   0: 0x000000008000fee8 (0x00178713) addi    a4, a5, 1
core   0: 3 0x000000008000fee8 (0x00178713) x14 0x00000000800120a7
core   0: 0x000000008000feec (0xfee43023) sd      a4, -32(s0)
core   0: 3 0x000000008000feec (0xfee43023) mem 0x0000000080031f50 0x00000000800120a7
core   0: 0x000000008000fef0 (0xfc442703) lw      a4, -60(s0)
core   0: 3 0x000000008000fef0 (0xfc442703) x14 0x0000000000000000 mem 0x0000000080031f34
core   0: 0x000000008000fef4 (0x0ff77713) andi    a4, a4, 255
core   0: 3 0x000000008000fef4 (0x0ff77713) x14 0x0000000000000000
core   0: 0x000000008000fef8 (0x00e78023) sb      a4, 0(a5)
core   0: 3 0x000000008000fef8 (0x00e78023) mem 0x00000000800120a6 0x00
core   0: 0x000000008000fefc (0xfc843703) ld      a4, -56(s0)
core   0: 3 0x000000008000fefc (0xfc843703) x14 0x0000000080012040 mem 0x0000000080031f38
core   0: 0x000000008000ff00 (0xfb843783) ld      a5, -72(s0)
core   0: 3 0x000000008000ff00 (0xfb843783) x15 0x000000000000009c mem 0x0000000080031f28
core   0: 0x000000008000ff04 (0x000097ba) c.add   a5, a4
core   0: 3 0x000000008000ff04 (0x97ba) x15 0x00000000800120dc
core   0: 0x000000008000ff06 (0xfe043703) ld      a4, -32(s0)
core   0: 3 0x000000008000ff06 (0xfe043703) x14 0x00000000800120a7 mem 0x0000000080031f50
core   0: 0x000000008000ff0a (0xfcf76de3) bltu    a4, a5, pc - 38
core   0: 3 0x000000008000ff0a (0xfcf76de3)
core   0: 0x000000008000fee4 (0xfe043783) ld      a5, -32(s0)
core   0: 3 0x000000008000fee4 (0xfe043783) x15 0x00000000800120a7 mem 0x0000000080031f50
core   0: 0x000000008000fee8 (0x00178713) addi    a4, a5, 1
core   0: 3 0x000000008000fee8 (0x00178713) x14 0x00000000800120a8
core   0: 0x000000008000feec (0xfee43023) sd      a4, -32(s0)
core   0: 3 0x000000008000feec (0xfee43023) mem 0x0000000080031f50 0x00000000800120a8
core   0: 0x000000008000fef0 (0xfc442703) lw      a4, -60(s0)
core   0: 3 0x000000008000fef0 (0xfc442703) x14 0x0000000000000000 mem 0x0000000080031f34
core   0: 0x000000008000fef4 (0x0ff77713) andi    a4, a4, 255
core   0: 3 0x000000008000fef4 (0x0ff77713) x14 0x0000000000000000
core   0: 0x000000008000fef8 (0x00e78023) sb      a4, 0(a5)
core   0: 3 0x000000008000fef8 (0x00e78023) mem 0x00000000800120a7 0x00
core   0: 0x000000008000fefc (0xfc843703) ld      a4, -56(s0)
core   0: 3 0x000000008000fefc (0xfc843703) x14 0x0000000080012040 mem 0x0000000080031f38
core   0: 0x000000008000ff00 (0xfb843783) ld      a5, -72(s0)
core   0: 3 0x000000008000ff00 (0xfb843783) x15 0x000000000000009c mem 0x0000000080031f28
core   0: 0x000000008000ff04 (0x000097ba) c.add   a5, a4
core   0: 3 0x000000008000ff04 (0x97ba) x15 0x00000000800120dc
core   0: 0x000000008000ff06 (0xfe043703) ld      a4, -32(s0)
core   0: 3 0x000000008000ff06 (0xfe043703) x14 0x00000000800120a8 mem 0x0000000080031f50
core   0: 0x000000008000ff0a (0xfcf76de3) bltu    a4, a5, pc - 38
core   0: 3 0x000000008000ff0a (0xfcf76de3)
core   0: 0x000000008000fee4 (0xfe043783) ld      a5, -32(s0)
core   0: 3 0x000000008000fee4 (0xfe043783) x15 0x00000000800120a8 mem 0x0000000080031f50
core   0: 0x000000008000fee8 (0x00178713) addi    a4, a5, 1
core   0: 3 0x000000008000fee8 (0x00178713) x14 0x00000000800120a9
core   0: 0x000000008000feec (0xfee43023) sd      a4, -32(s0)
core   0: 3 0x000000008000feec (0xfee43023) mem 0x0000000080031f50 0x00000000800120a9
core   0: 0x000000008000fef0 (0xfc442703) lw      a4, -60(s0)
core   0: 3 0x000000008000fef0 (0xfc442703) x14 0x0000000000000000 mem 0x0000000080031f34
core   0: 0x000000008000fef4 (0x0ff77713) andi    a4, a4, 255
core   0: 3 0x000000008000fef4 (0x0ff77713) x14 0x0000000000000000
core   0: 0x000000008000fef8 (0x00e78023) sb      a4, 0(a5)
core   0: 3 0x000000008000fef8 (0x00e78023) mem 0x00000000800120a8 0x00
core   0: 0x000000008000fefc (0xfc843703) ld      a4, -56(s0)
core   0: 3 0x000000008000fefc (0xfc843703) x14 0x0000000080012040 mem 0x0000000080031f38
core   0: 0x000000008000ff00 (0xfb843783) ld      a5, -72(s0)
core   0: 3 0x000000008000ff00 (0xfb843783) x15 0x000000000000009c mem 0x0000000080031f28
core   0: 0x000000008000ff04 (0x000097ba) c.add   a5, a4
core   0: 3 0x000000008000ff04 (0x97ba) x15 0x00000000800120dc
core   0: 0x000000008000ff06 (0xfe043703) ld      a4, -32(s0)
core   0: 3 0x000000008000ff06 (0xfe043703) x14 0x00000000800120a9 mem 0x0000000080031f50
core   0: 0x000000008000ff0a (0xfcf76de3) bltu    a4, a5, pc - 38
core   0: 3 0x000000008000ff0a (0xfcf76de3)
core   0: 0x000000008000fee4 (0xfe043783) ld      a5, -32(s0)
core   0: 3 0x000000008000fee4 (0xfe043783) x15 0x00000000800120a9 mem 0x0000000080031f50
core   0: 0x000000008000fee8 (0x00178713) addi    a4, a5, 1
core   0: 3 0x000000008000fee8 (0x00178713) x14 0x00000000800120aa
core   0: 0x000000008000feec (0xfee43023) sd      a4, -32(s0)
core   0: 3 0x000000008000feec (0xfee43023) mem 0x0000000080031f50 0x00000000800120aa
core   0: 0x000000008000fef0 (0xfc442703) lw      a4, -60(s0)
core   0: 3 0x000000008000fef0 (0xfc442703) x14 0x0000000000000000 mem 0x0000000080031f34
core   0: 0x000000008000fef4 (0x0ff77713) andi    a4, a4, 255
core   0: 3 0x000000008000fef4 (0x0ff77713) x14 0x0000000000000000
core   0: 0x000000008000fef8 (0x00e78023) sb      a4, 0(a5)
core   0: 3 0x000000008000fef8 (0x00e78023) mem 0x00000000800120a9 0x00
core   0: 0x000000008000fefc (0xfc843703) ld      a4, -56(s0)
core   0: 3 0x000000008000fefc (0xfc843703) x14 0x0000000080012040 mem 0x0000000080031f38
core   0: 0x000000008000ff00 (0xfb843783) ld      a5, -72(s0)
core   0: 3 0x000000008000ff00 (0xfb843783) x15 0x000000000000009c mem 0x0000000080031f28
core   0: 0x000000008000ff04 (0x000097ba) c.add   a5, a4
core   0: 3 0x000000008000ff04 (0x97ba) x15 0x00000000800120dc
core   0: 0x000000008000ff06 (0xfe043703) ld      a4, -32(s0)
core   0: 3 0x000000008000ff06 (0xfe043703) x14 0x00000000800120aa mem 0x0000000080031f50
core   0: 0x000000008000ff0a (0xfcf76de3) bltu    a4, a5, pc - 38
core   0: 3 0x000000008000ff0a (0xfcf76de3)
core   0: 0x000000008000fee4 (0xfe043783) ld      a5, -32(s0)
core   0: 3 0x000000008000fee4 (0xfe043783) x15 0x00000000800120aa mem 0x0000000080031f50
core   0: 0x000000008000fee8 (0x00178713) addi    a4, a5, 1
core   0: 3 0x000000008000fee8 (0x00178713) x14 0x00000000800120ab
core   0: 0x000000008000feec (0xfee43023) sd      a4, -32(s0)
core   0: 3 0x000000008000feec (0xfee43023) mem 0x0000000080031f50 0x00000000800120ab
core   0: 0x000000008000fef0 (0xfc442703) lw      a4, -60(s0)
core   0: 3 0x000000008000fef0 (0xfc442703) x14 0x0000000000000000 mem 0x0000000080031f34
core   0: 0x000000008000fef4 (0x0ff77713) andi    a4, a4, 255
core   0: 3 0x000000008000fef4 (0x0ff77713) x14 0x0000000000000000
core   0: 0x000000008000fef8 (0x00e78023) sb      a4, 0(a5)
core   0: 3 0x000000008000fef8 (0x00e78023) mem 0x00000000800120aa 0x00
core   0: 0x000000008000fefc (0xfc843703) ld      a4, -56(s0)
core   0: 3 0x000000008000fefc (0xfc843703) x14 0x0000000080012040 mem 0x0000000080031f38
core   0: 0x000000008000ff00 (0xfb843783) ld      a5, -72(s0)
core   0: 3 0x000000008000ff00 (0xfb843783) x15 0x000000000000009c mem 0x0000000080031f28
core   0: 0x000000008000ff04 (0x000097ba) c.add   a5, a4
core   0: 3 0x000000008000ff04 (0x97ba) x15 0x00000000800120dc
core   0: 0x000000008000ff06 (0xfe043703) ld      a4, -32(s0)
core   0: 3 0x000000008000ff06 (0xfe043703) x14 0x00000000800120ab mem 0x0000000080031f50
core   0: 0x000000008000ff0a (0xfcf76de3) bltu    a4, a5, pc - 38
core   0: 3 0x000000008000ff0a (0xfcf76de3)
core   0: 0x000000008000fee4 (0xfe043783) ld      a5, -32(s0)
core   0: 3 0x000000008000fee4 (0xfe043783) x15 0x00000000800120ab mem 0x0000000080031f50
core   0: 0x000000008000fee8 (0x00178713) addi    a4, a5, 1
core   0: 3 0x000000008000fee8 (0x00178713) x14 0x00000000800120ac
core   0: 0x000000008000feec (0xfee43023) sd      a4, -32(s0)
core   0: 3 0x000000008000feec (0xfee43023) mem 0x0000000080031f50 0x00000000800120ac
core   0: 0x000000008000fef0 (0xfc442703) lw      a4, -60(s0)
core   0: 3 0x000000008000fef0 (0xfc442703) x14 0x0000000000000000 mem 0x0000000080031f34
core   0: 0x000000008000fef4 (0x0ff77713) andi    a4, a4, 255
core   0: 3 0x000000008000fef4 (0x0ff77713) x14 0x0000000000000000
core   0: 0x000000008000fef8 (0x00e78023) sb      a4, 0(a5)
core   0: 3 0x000000008000fef8 (0x00e78023) mem 0x00000000800120ab 0x00
core   0: 0x000000008000fefc (0xfc843703) ld      a4, -56(s0)
core   0: 3 0x000000008000fefc (0xfc843703) x14 0x0000000080012040 mem 0x0000000080031f38
core   0: 0x000000008000ff00 (0xfb843783) ld      a5, -72(s0)
core   0: 3 0x000000008000ff00 (0xfb843783) x15 0x000000000000009c mem 0x0000000080031f28
core   0: 0x000000008000ff04 (0x000097ba) c.add   a5, a4
core   0: 3 0x000000008000ff04 (0x97ba) x15 0x00000000800120dc
core   0: 0x000000008000ff06 (0xfe043703) ld      a4, -32(s0)
core   0: 3 0x000000008000ff06 (0xfe043703) x14 0x00000000800120ac mem 0x0000000080031f50
core   0: 0x000000008000ff0a (0xfcf76de3) bltu    a4, a5, pc - 38
core   0: 3 0x000000008000ff0a (0xfcf76de3)
core   0: 0x000000008000fee4 (0xfe043783) ld      a5, -32(s0)
core   0: 3 0x000000008000fee4 (0xfe043783) x15 0x00000000800120ac mem 0x0000000080031f50
core   0: 0x000000008000fee8 (0x00178713) addi    a4, a5, 1
core   0: 3 0x000000008000fee8 (0x00178713) x14 0x00000000800120ad
core   0: 0x000000008000feec (0xfee43023) sd      a4, -32(s0)
core   0: 3 0x000000008000feec (0xfee43023) mem 0x0000000080031f50 0x00000000800120ad
core   0: 0x000000008000fef0 (0xfc442703) lw      a4, -60(s0)
core   0: 3 0x000000008000fef0 (0xfc442703) x14 0x0000000000000000 mem 0x0000000080031f34
core   0: 0x000000008000fef4 (0x0ff77713) andi    a4, a4, 255
core   0: 3 0x000000008000fef4 (0x0ff77713) x14 0x0000000000000000
core   0: 0x000000008000fef8 (0x00e78023) sb      a4, 0(a5)
core   0: 3 0x000000008000fef8 (0x00e78023) mem 0x00000000800120ac 0x00
core   0: 0x000000008000fefc (0xfc843703) ld      a4, -56(s0)
core   0: 3 0x000000008000fefc (0xfc843703) x14 0x0000000080012040 mem 0x0000000080031f38
core   0: 0x000000008000ff00 (0xfb843783) ld      a5, -72(s0)
core   0: 3 0x000000008000ff00 (0xfb843783) x15 0x000000000000009c mem 0x0000000080031f28
core   0: 0x000000008000ff04 (0x000097ba) c.add   a5, a4
core   0: 3 0x000000008000ff04 (0x97ba) x15 0x00000000800120dc
core   0: 0x000000008000ff06 (0xfe043703) ld      a4, -32(s0)
core   0: 3 0x000000008000ff06 (0xfe043703) x14 0x00000000800120ad mem 0x0000000080031f50
core   0: 0x000000008000ff0a (0xfcf76de3) bltu    a4, a5, pc - 38
core   0: 3 0x000000008000ff0a (0xfcf76de3)
core   0: 0x000000008000fee4 (0xfe043783) ld      a5, -32(s0)
core   0: 3 0x000000008000fee4 (0xfe043783) x15 0x00000000800120ad mem 0x0000000080031f50
core   0: 0x000000008000fee8 (0x00178713) addi    a4, a5, 1
core   0: 3 0x000000008000fee8 (0x00178713) x14 0x00000000800120ae
core   0: 0x000000008000feec (0xfee43023) sd      a4, -32(s0)
core   0: 3 0x000000008000feec (0xfee43023) mem 0x0000000080031f50 0x00000000800120ae
core   0: 0x000000008000fef0 (0xfc442703) lw      a4, -60(s0)
core   0: 3 0x000000008000fef0 (0xfc442703) x14 0x0000000000000000 mem 0x0000000080031f34
core   0: 0x000000008000fef4 (0x0ff77713) andi    a4, a4, 255
core   0: 3 0x000000008000fef4 (0x0ff77713) x14 0x0000000000000000
core   0: 0x000000008000fef8 (0x00e78023) sb      a4, 0(a5)
core   0: 3 0x000000008000fef8 (0x00e78023) mem 0x00000000800120ad 0x00
core   0: 0x000000008000fefc (0xfc843703) ld      a4, -56(s0)
core   0: 3 0x000000008000fefc (0xfc843703) x14 0x0000000080012040 mem 0x0000000080031f38
core   0: 0x000000008000ff00 (0xfb843783) ld      a5, -72(s0)
core   0: 3 0x000000008000ff00 (0xfb843783) x15 0x000000000000009c mem 0x0000000080031f28
core   0: 0x000000008000ff04 (0x000097ba) c.add   a5, a4
core   0: 3 0x000000008000ff04 (0x97ba) x15 0x00000000800120dc
core   0: 0x000000008000ff06 (0xfe043703) ld      a4, -32(s0)
core   0: 3 0x000000008000ff06 (0xfe043703) x14 0x00000000800120ae mem 0x0000000080031f50
core   0: 0x000000008000ff0a (0xfcf76de3) bltu    a4, a5, pc - 38
core   0: 3 0x000000008000ff0a (0xfcf76de3)
core   0: 0x000000008000fee4 (0xfe043783) ld      a5, -32(s0)
core   0: 3 0x000000008000fee4 (0xfe043783) x15 0x00000000800120ae mem 0x0000000080031f50
core   0: 0x000000008000fee8 (0x00178713) addi    a4, a5, 1
core   0: 3 0x000000008000fee8 (0x00178713) x14 0x00000000800120af
core   0: 0x000000008000feec (0xfee43023) sd      a4, -32(s0)
core   0: 3 0x000000008000feec (0xfee43023) mem 0x0000000080031f50 0x00000000800120af
core   0: 0x000000008000fef0 (0xfc442703) lw      a4, -60(s0)
core   0: 3 0x000000008000fef0 (0xfc442703) x14 0x0000000000000000 mem 0x0000000080031f34
core   0: 0x000000008000fef4 (0x0ff77713) andi    a4, a4, 255
core   0: 3 0x000000008000fef4 (0x0ff77713) x14 0x0000000000000000
core   0: 0x000000008000fef8 (0x00e78023) sb      a4, 0(a5)
core   0: 3 0x000000008000fef8 (0x00e78023) mem 0x00000000800120ae 0x00
core   0: 0x000000008000fefc (0xfc843703) ld      a4, -56(s0)
core   0: 3 0x000000008000fefc (0xfc843703) x14 0x0000000080012040 mem 0x0000000080031f38
core   0: 0x000000008000ff00 (0xfb843783) ld      a5, -72(s0)
core   0: 3 0x000000008000ff00 (0xfb843783) x15 0x000000000000009c mem 0x0000000080031f28
core   0: 0x000000008000ff04 (0x000097ba) c.add   a5, a4
core   0: 3 0x000000008000ff04 (0x97ba) x15 0x00000000800120dc
core   0: 0x000000008000ff06 (0xfe043703) ld      a4, -32(s0)
core   0: 3 0x000000008000ff06 (0xfe043703) x14 0x00000000800120af mem 0x0000000080031f50
core   0: 0x000000008000ff0a (0xfcf76de3) bltu    a4, a5, pc - 38
core   0: 3 0x000000008000ff0a (0xfcf76de3)
core   0: 0x000000008000fee4 (0xfe043783) ld      a5, -32(s0)
core   0: 3 0x000000008000fee4 (0xfe043783) x15 0x00000000800120af mem 0x0000000080031f50
core   0: 0x000000008000fee8 (0x00178713) addi    a4, a5, 1
core   0: 3 0x000000008000fee8 (0x00178713) x14 0x00000000800120b0
core   0: 0x000000008000feec (0xfee43023) sd      a4, -32(s0)
core   0: 3 0x000000008000feec (0xfee43023) mem 0x0000000080031f50 0x00000000800120b0
core   0: 0x000000008000fef0 (0xfc442703) lw      a4, -60(s0)
core   0: 3 0x000000008000fef0 (0xfc442703) x14 0x0000000000000000 mem 0x0000000080031f34
core   0: 0x000000008000fef4 (0x0ff77713) andi    a4, a4, 255
core   0: 3 0x000000008000fef4 (0x0ff77713) x14 0x0000000000000000
core   0: 0x000000008000fef8 (0x00e78023) sb      a4, 0(a5)
core   0: 3 0x000000008000fef8 (0x00e78023) mem 0x00000000800120af 0x00
core   0: 0x000000008000fefc (0xfc843703) ld      a4, -56(s0)
core   0: 3 0x000000008000fefc (0xfc843703) x14 0x0000000080012040 mem 0x0000000080031f38
core   0: 0x000000008000ff00 (0xfb843783) ld      a5, -72(s0)
core   0: 3 0x000000008000ff00 (0xfb843783) x15 0x000000000000009c mem 0x0000000080031f28
core   0: 0x000000008000ff04 (0x000097ba) c.add   a5, a4
core   0: 3 0x000000008000ff04 (0x97ba) x15 0x00000000800120dc
core   0: 0x000000008000ff06 (0xfe043703) ld      a4, -32(s0)
core   0: 3 0x000000008000ff06 (0xfe043703) x14 0x00000000800120b0 mem 0x0000000080031f50
core   0: 0x000000008000ff0a (0xfcf76de3) bltu    a4, a5, pc - 38
core   0: 3 0x000000008000ff0a (0xfcf76de3)
core   0: 0x000000008000fee4 (0xfe043783) ld      a5, -32(s0)
core   0: 3 0x000000008000fee4 (0xfe043783) x15 0x00000000800120b0 mem 0x0000000080031f50
core   0: 0x000000008000fee8 (0x00178713) addi    a4, a5, 1
core   0: 3 0x000000008000fee8 (0x00178713) x14 0x00000000800120b1
core   0: 0x000000008000feec (0xfee43023) sd      a4, -32(s0)
core   0: 3 0x000000008000feec (0xfee43023) mem 0x0000000080031f50 0x00000000800120b1
core   0: 0x000000008000fef0 (0xfc442703) lw      a4, -60(s0)
core   0: 3 0x000000008000fef0 (0xfc442703) x14 0x0000000000000000 mem 0x0000000080031f34
core   0: 0x000000008000fef4 (0x0ff77713) andi    a4, a4, 255
core   0: 3 0x000000008000fef4 (0x0ff77713) x14 0x0000000000000000
core   0: 0x000000008000fef8 (0x00e78023) sb      a4, 0(a5)
core   0: 3 0x000000008000fef8 (0x00e78023) mem 0x00000000800120b0 0x00
core   0: 0x000000008000fefc (0xfc843703) ld      a4, -56(s0)
core   0: 3 0x000000008000fefc (0xfc843703) x14 0x0000000080012040 mem 0x0000000080031f38
core   0: 0x000000008000ff00 (0xfb843783) ld      a5, -72(s0)
core   0: 3 0x000000008000ff00 (0xfb843783) x15 0x000000000000009c mem 0x0000000080031f28
core   0: 0x000000008000ff04 (0x000097ba) c.add   a5, a4
core   0: 3 0x000000008000ff04 (0x97ba) x15 0x00000000800120dc
core   0: 0x000000008000ff06 (0xfe043703) ld      a4, -32(s0)
core   0: 3 0x000000008000ff06 (0xfe043703) x14 0x00000000800120b1 mem 0x0000000080031f50
core   0: 0x000000008000ff0a (0xfcf76de3) bltu    a4, a5, pc - 38
core   0: 3 0x000000008000ff0a (0xfcf76de3)
core   0: 0x000000008000fee4 (0xfe043783) ld      a5, -32(s0)
core   0: 3 0x000000008000fee4 (0xfe043783) x15 0x00000000800120b1 mem 0x0000000080031f50
core   0: 0x000000008000fee8 (0x00178713) addi    a4, a5, 1
core   0: 3 0x000000008000fee8 (0x00178713) x14 0x00000000800120b2
core   0: 0x000000008000feec (0xfee43023) sd      a4, -32(s0)
core   0: 3 0x000000008000feec (0xfee43023) mem 0x0000000080031f50 0x00000000800120b2
core   0: 0x000000008000fef0 (0xfc442703) lw      a4, -60(s0)
core   0: 3 0x000000008000fef0 (0xfc442703) x14 0x0000000000000000 mem 0x0000000080031f34
core   0: 0x000000008000fef4 (0x0ff77713) andi    a4, a4, 255
core   0: 3 0x000000008000fef4 (0x0ff77713) x14 0x0000000000000000
core   0: 0x000000008000fef8 (0x00e78023) sb      a4, 0(a5)
core   0: 3 0x000000008000fef8 (0x00e78023) mem 0x00000000800120b1 0x00
core   0: 0x000000008000fefc (0xfc843703) ld      a4, -56(s0)
core   0: 3 0x000000008000fefc (0xfc843703) x14 0x0000000080012040 mem 0x0000000080031f38
core   0: 0x000000008000ff00 (0xfb843783) ld      a5, -72(s0)
core   0: 3 0x000000008000ff00 (0xfb843783) x15 0x000000000000009c mem 0x0000000080031f28
core   0: 0x000000008000ff04 (0x000097ba) c.add   a5, a4
core   0: 3 0x000000008000ff04 (0x97ba) x15 0x00000000800120dc
core   0: 0x000000008000ff06 (0xfe043703) ld      a4, -32(s0)
core   0: 3 0x000000008000ff06 (0xfe043703) x14 0x00000000800120b2 mem 0x0000000080031f50
core   0: 0x000000008000ff0a (0xfcf76de3) bltu    a4, a5, pc - 38
core   0: 3 0x000000008000ff0a (0xfcf76de3)
core   0: 0x000000008000fee4 (0xfe043783) ld      a5, -32(s0)
core   0: 3 0x000000008000fee4 (0xfe043783) x15 0x00000000800120b2 mem 0x0000000080031f50
core   0: 0x000000008000fee8 (0x00178713) addi    a4, a5, 1
core   0: 3 0x000000008000fee8 (0x00178713) x14 0x00000000800120b3
core   0: 0x000000008000feec (0xfee43023) sd      a4, -32(s0)
core   0: 3 0x000000008000feec (0xfee43023) mem 0x0000000080031f50 0x00000000800120b3
core   0: 0x000000008000fef0 (0xfc442703) lw      a4, -60(s0)
core   0: 3 0x000000008000fef0 (0xfc442703) x14 0x0000000000000000 mem 0x0000000080031f34
core   0: 0x000000008000fef4 (0x0ff77713) andi    a4, a4, 255
core   0: 3 0x000000008000fef4 (0x0ff77713) x14 0x0000000000000000
core   0: 0x000000008000fef8 (0x00e78023) sb      a4, 0(a5)
core   0: 3 0x000000008000fef8 (0x00e78023) mem 0x00000000800120b2 0x00
core   0: 0x000000008000fefc (0xfc843703) ld      a4, -56(s0)
core   0: 3 0x000000008000fefc (0xfc843703) x14 0x0000000080012040 mem 0x0000000080031f38
core   0: 0x000000008000ff00 (0xfb843783) ld      a5, -72(s0)
core   0: 3 0x000000008000ff00 (0xfb843783) x15 0x000000000000009c mem 0x0000000080031f28
core   0: 0x000000008000ff04 (0x000097ba) c.add   a5, a4
core   0: 3 0x000000008000ff04 (0x97ba) x15 0x00000000800120dc
core   0: 0x000000008000ff06 (0xfe043703) ld      a4, -32(s0)
core   0: 3 0x000000008000ff06 (0xfe043703) x14 0x00000000800120b3 mem 0x0000000080031f50
core   0: 0x000000008000ff0a (0xfcf76de3) bltu    a4, a5, pc - 38
core   0: 3 0x000000008000ff0a (0xfcf76de3)
core   0: 0x000000008000fee4 (0xfe043783) ld      a5, -32(s0)
core   0: 3 0x000000008000fee4 (0xfe043783) x15 0x00000000800120b3 mem 0x0000000080031f50
core   0: 0x000000008000fee8 (0x00178713) addi    a4, a5, 1
core   0: 3 0x000000008000fee8 (0x00178713) x14 0x00000000800120b4
core   0: 0x000000008000feec (0xfee43023) sd      a4, -32(s0)
core   0: 3 0x000000008000feec (0xfee43023) mem 0x0000000080031f50 0x00000000800120b4
core   0: 0x000000008000fef0 (0xfc442703) lw      a4, -60(s0)
core   0: 3 0x000000008000fef0 (0xfc442703) x14 0x0000000000000000 mem 0x0000000080031f34
core   0: 0x000000008000fef4 (0x0ff77713) andi    a4, a4, 255
core   0: 3 0x000000008000fef4 (0x0ff77713) x14 0x0000000000000000
core   0: 0x000000008000fef8 (0x00e78023) sb      a4, 0(a5)
core   0: 3 0x000000008000fef8 (0x00e78023) mem 0x00000000800120b3 0x00
core   0: 0x000000008000fefc (0xfc843703) ld      a4, -56(s0)
core   0: 3 0x000000008000fefc (0xfc843703) x14 0x0000000080012040 mem 0x0000000080031f38
core   0: 0x000000008000ff00 (0xfb843783) ld      a5, -72(s0)
core   0: 3 0x000000008000ff00 (0xfb843783) x15 0x000000000000009c mem 0x0000000080031f28
core   0: 0x000000008000ff04 (0x000097ba) c.add   a5, a4
core   0: 3 0x000000008000ff04 (0x97ba) x15 0x00000000800120dc
core   0: 0x000000008000ff06 (0xfe043703) ld      a4, -32(s0)
core   0: 3 0x000000008000ff06 (0xfe043703) x14 0x00000000800120b4 mem 0x0000000080031f50
core   0: 0x000000008000ff0a (0xfcf76de3) bltu    a4, a5, pc - 38
core   0: 3 0x000000008000ff0a (0xfcf76de3)
core   0: 0x000000008000fee4 (0xfe043783) ld      a5, -32(s0)
core   0: 3 0x000000008000fee4 (0xfe043783) x15 0x00000000800120b4 mem 0x0000000080031f50
core   0: 0x000000008000fee8 (0x00178713) addi    a4, a5, 1
core   0: 3 0x000000008000fee8 (0x00178713) x14 0x00000000800120b5
core   0: 0x000000008000feec (0xfee43023) sd      a4, -32(s0)
core   0: 3 0x000000008000feec (0xfee43023) mem 0x0000000080031f50 0x00000000800120b5
core   0: 0x000000008000fef0 (0xfc442703) lw      a4, -60(s0)
core   0: 3 0x000000008000fef0 (0xfc442703) x14 0x0000000000000000 mem 0x0000000080031f34
core   0: 0x000000008000fef4 (0x0ff77713) andi    a4, a4, 255
core   0: 3 0x000000008000fef4 (0x0ff77713) x14 0x0000000000000000
core   0: 0x000000008000fef8 (0x00e78023) sb      a4, 0(a5)
core   0: 3 0x000000008000fef8 (0x00e78023) mem 0x00000000800120b4 0x00
core   0: 0x000000008000fefc (0xfc843703) ld      a4, -56(s0)
core   0: 3 0x000000008000fefc (0xfc843703) x14 0x0000000080012040 mem 0x0000000080031f38
core   0: 0x000000008000ff00 (0xfb843783) ld      a5, -72(s0)
core   0: 3 0x000000008000ff00 (0xfb843783) x15 0x000000000000009c mem 0x0000000080031f28
core   0: 0x000000008000ff04 (0x000097ba) c.add   a5, a4
core   0: 3 0x000000008000ff04 (0x97ba) x15 0x00000000800120dc
core   0: 0x000000008000ff06 (0xfe043703) ld      a4, -32(s0)
core   0: 3 0x000000008000ff06 (0xfe043703) x14 0x00000000800120b5 mem 0x0000000080031f50
core   0: 0x000000008000ff0a (0xfcf76de3) bltu    a4, a5, pc - 38
core   0: 3 0x000000008000ff0a (0xfcf76de3)
core   0: 0x000000008000fee4 (0xfe043783) ld      a5, -32(s0)
core   0: 3 0x000000008000fee4 (0xfe043783) x15 0x00000000800120b5 mem 0x0000000080031f50
core   0: 0x000000008000fee8 (0x00178713) addi    a4, a5, 1
core   0: 3 0x000000008000fee8 (0x00178713) x14 0x00000000800120b6
core   0: 0x000000008000feec (0xfee43023) sd      a4, -32(s0)
core   0: 3 0x000000008000feec (0xfee43023) mem 0x0000000080031f50 0x00000000800120b6
core   0: 0x000000008000fef0 (0xfc442703) lw      a4, -60(s0)
core   0: 3 0x000000008000fef0 (0xfc442703) x14 0x0000000000000000 mem 0x0000000080031f34
core   0: 0x000000008000fef4 (0x0ff77713) andi    a4, a4, 255
core   0: 3 0x000000008000fef4 (0x0ff77713) x14 0x0000000000000000
core   0: 0x000000008000fef8 (0x00e78023) sb      a4, 0(a5)
core   0: 3 0x000000008000fef8 (0x00e78023) mem 0x00000000800120b5 0x00
core   0: 0x000000008000fefc (0xfc843703) ld      a4, -56(s0)
core   0: 3 0x000000008000fefc (0xfc843703) x14 0x0000000080012040 mem 0x0000000080031f38
core   0: 0x000000008000ff00 (0xfb843783) ld      a5, -72(s0)
core   0: 3 0x000000008000ff00 (0xfb843783) x15 0x000000000000009c mem 0x0000000080031f28
core   0: 0x000000008000ff04 (0x000097ba) c.add   a5, a4
core   0: 3 0x000000008000ff04 (0x97ba) x15 0x00000000800120dc
core   0: 0x000000008000ff06 (0xfe043703) ld      a4, -32(s0)
core   0: 3 0x000000008000ff06 (0xfe043703) x14 0x00000000800120b6 mem 0x0000000080031f50
core   0: 0x000000008000ff0a (0xfcf76de3) bltu    a4, a5, pc - 38
core   0: 3 0x000000008000ff0a (0xfcf76de3)
core   0: 0x000000008000fee4 (0xfe043783) ld      a5, -32(s0)
core   0: 3 0x000000008000fee4 (0xfe043783) x15 0x00000000800120b6 mem 0x0000000080031f50
core   0: 0x000000008000fee8 (0x00178713) addi    a4, a5, 1
core   0: 3 0x000000008000fee8 (0x00178713) x14 0x00000000800120b7
core   0: 0x000000008000feec (0xfee43023) sd      a4, -32(s0)
core   0: 3 0x000000008000feec (0xfee43023) mem 0x0000000080031f50 0x00000000800120b7
core   0: 0x000000008000fef0 (0xfc442703) lw      a4, -60(s0)
core   0: 3 0x000000008000fef0 (0xfc442703) x14 0x0000000000000000 mem 0x0000000080031f34
core   0: 0x000000008000fef4 (0x0ff77713) andi    a4, a4, 255
core   0: 3 0x000000008000fef4 (0x0ff77713) x14 0x0000000000000000
core   0: 0x000000008000fef8 (0x00e78023) sb      a4, 0(a5)
core   0: 3 0x000000008000fef8 (0x00e78023) mem 0x00000000800120b6 0x00
core   0: 0x000000008000fefc (0xfc843703) ld      a4, -56(s0)
core   0: 3 0x000000008000fefc (0xfc843703) x14 0x0000000080012040 mem 0x0000000080031f38
core   0: 0x000000008000ff00 (0xfb843783) ld      a5, -72(s0)
core   0: 3 0x000000008000ff00 (0xfb843783) x15 0x000000000000009c mem 0x0000000080031f28
core   0: 0x000000008000ff04 (0x000097ba) c.add   a5, a4
core   0: 3 0x000000008000ff04 (0x97ba) x15 0x00000000800120dc
core   0: 0x000000008000ff06 (0xfe043703) ld      a4, -32(s0)
core   0: 3 0x000000008000ff06 (0xfe043703) x14 0x00000000800120b7 mem 0x0000000080031f50
core   0: 0x000000008000ff0a (0xfcf76de3) bltu    a4, a5, pc - 38
core   0: 3 0x000000008000ff0a (0xfcf76de3)
core   0: 0x000000008000fee4 (0xfe043783) ld      a5, -32(s0)
core   0: 3 0x000000008000fee4 (0xfe043783) x15 0x00000000800120b7 mem 0x0000000080031f50
core   0: 0x000000008000fee8 (0x00178713) addi    a4, a5, 1
core   0: 3 0x000000008000fee8 (0x00178713) x14 0x00000000800120b8
core   0: 0x000000008000feec (0xfee43023) sd      a4, -32(s0)
core   0: 3 0x000000008000feec (0xfee43023) mem 0x0000000080031f50 0x00000000800120b8
core   0: 0x000000008000fef0 (0xfc442703) lw      a4, -60(s0)
core   0: 3 0x000000008000fef0 (0xfc442703) x14 0x0000000000000000 mem 0x0000000080031f34
core   0: 0x000000008000fef4 (0x0ff77713) andi    a4, a4, 255
core   0: 3 0x000000008000fef4 (0x0ff77713) x14 0x0000000000000000
core   0: 0x000000008000fef8 (0x00e78023) sb      a4, 0(a5)
core   0: 3 0x000000008000fef8 (0x00e78023) mem 0x00000000800120b7 0x00
core   0: 0x000000008000fefc (0xfc843703) ld      a4, -56(s0)
core   0: 3 0x000000008000fefc (0xfc843703) x14 0x0000000080012040 mem 0x0000000080031f38
core   0: 0x000000008000ff00 (0xfb843783) ld      a5, -72(s0)
core   0: 3 0x000000008000ff00 (0xfb843783) x15 0x000000000000009c mem 0x0000000080031f28
core   0: 0x000000008000ff04 (0x000097ba) c.add   a5, a4
core   0: 3 0x000000008000ff04 (0x97ba) x15 0x00000000800120dc
core   0: 0x000000008000ff06 (0xfe043703) ld      a4, -32(s0)
core   0: 3 0x000000008000ff06 (0xfe043703) x14 0x00000000800120b8 mem 0x0000000080031f50
core   0: 0x000000008000ff0a (0xfcf76de3) bltu    a4, a5, pc - 38
core   0: 3 0x000000008000ff0a (0xfcf76de3)
core   0: 0x000000008000fee4 (0xfe043783) ld      a5, -32(s0)
core   0: 3 0x000000008000fee4 (0xfe043783) x15 0x00000000800120b8 mem 0x0000000080031f50
core   0: 0x000000008000fee8 (0x00178713) addi    a4, a5, 1
core   0: 3 0x000000008000fee8 (0x00178713) x14 0x00000000800120b9
core   0: 0x000000008000feec (0xfee43023) sd      a4, -32(s0)
core   0: 3 0x000000008000feec (0xfee43023) mem 0x0000000080031f50 0x00000000800120b9
core   0: 0x000000008000fef0 (0xfc442703) lw      a4, -60(s0)
core   0: 3 0x000000008000fef0 (0xfc442703) x14 0x0000000000000000 mem 0x0000000080031f34
core   0: 0x000000008000fef4 (0x0ff77713) andi    a4, a4, 255
core   0: 3 0x000000008000fef4 (0x0ff77713) x14 0x0000000000000000
core   0: 0x000000008000fef8 (0x00e78023) sb      a4, 0(a5)
core   0: 3 0x000000008000fef8 (0x00e78023) mem 0x00000000800120b8 0x00
core   0: 0x000000008000fefc (0xfc843703) ld      a4, -56(s0)
core   0: 3 0x000000008000fefc (0xfc843703) x14 0x0000000080012040 mem 0x0000000080031f38
core   0: 0x000000008000ff00 (0xfb843783) ld      a5, -72(s0)
core   0: 3 0x000000008000ff00 (0xfb843783) x15 0x000000000000009c mem 0x0000000080031f28
core   0: 0x000000008000ff04 (0x000097ba) c.add   a5, a4
core   0: 3 0x000000008000ff04 (0x97ba) x15 0x00000000800120dc
core   0: 0x000000008000ff06 (0xfe043703) ld      a4, -32(s0)
core   0: 3 0x000000008000ff06 (0xfe043703) x14 0x00000000800120b9 mem 0x0000000080031f50
core   0: 0x000000008000ff0a (0xfcf76de3) bltu    a4, a5, pc - 38
core   0: 3 0x000000008000ff0a (0xfcf76de3)
core   0: 0x000000008000fee4 (0xfe043783) ld      a5, -32(s0)
core   0: 3 0x000000008000fee4 (0xfe043783) x15 0x00000000800120b9 mem 0x0000000080031f50
core   0: 0x000000008000fee8 (0x00178713) addi    a4, a5, 1
core   0: 3 0x000000008000fee8 (0x00178713) x14 0x00000000800120ba
core   0: 0x000000008000feec (0xfee43023) sd      a4, -32(s0)
core   0: 3 0x000000008000feec (0xfee43023) mem 0x0000000080031f50 0x00000000800120ba
core   0: 0x000000008000fef0 (0xfc442703) lw      a4, -60(s0)
core   0: 3 0x000000008000fef0 (0xfc442703) x14 0x0000000000000000 mem 0x0000000080031f34
core   0: 0x000000008000fef4 (0x0ff77713) andi    a4, a4, 255
core   0: 3 0x000000008000fef4 (0x0ff77713) x14 0x0000000000000000
core   0: 0x000000008000fef8 (0x00e78023) sb      a4, 0(a5)
core   0: 3 0x000000008000fef8 (0x00e78023) mem 0x00000000800120b9 0x00
core   0: 0x000000008000fefc (0xfc843703) ld      a4, -56(s0)
core   0: 3 0x000000008000fefc (0xfc843703) x14 0x0000000080012040 mem 0x0000000080031f38
core   0: 0x000000008000ff00 (0xfb843783) ld      a5, -72(s0)
core   0: 3 0x000000008000ff00 (0xfb843783) x15 0x000000000000009c mem 0x0000000080031f28
core   0: 0x000000008000ff04 (0x000097ba) c.add   a5, a4
core   0: 3 0x000000008000ff04 (0x97ba) x15 0x00000000800120dc
core   0: 0x000000008000ff06 (0xfe043703) ld      a4, -32(s0)
core   0: 3 0x000000008000ff06 (0xfe043703) x14 0x00000000800120ba mem 0x0000000080031f50
core   0: 0x000000008000ff0a (0xfcf76de3) bltu    a4, a5, pc - 38
core   0: 3 0x000000008000ff0a (0xfcf76de3)
core   0: 0x000000008000fee4 (0xfe043783) ld      a5, -32(s0)
core   0: 3 0x000000008000fee4 (0xfe043783) x15 0x00000000800120ba mem 0x0000000080031f50
core   0: 0x000000008000fee8 (0x00178713) addi    a4, a5, 1
core   0: 3 0x000000008000fee8 (0x00178713) x14 0x00000000800120bb
core   0: 0x000000008000feec (0xfee43023) sd      a4, -32(s0)
core   0: 3 0x000000008000feec (0xfee43023) mem 0x0000000080031f50 0x00000000800120bb
core   0: 0x000000008000fef0 (0xfc442703) lw      a4, -60(s0)
core   0: 3 0x000000008000fef0 (0xfc442703) x14 0x0000000000000000 mem 0x0000000080031f34
core   0: 0x000000008000fef4 (0x0ff77713) andi    a4, a4, 255
core   0: 3 0x000000008000fef4 (0x0ff77713) x14 0x0000000000000000
core   0: 0x000000008000fef8 (0x00e78023) sb      a4, 0(a5)
core   0: 3 0x000000008000fef8 (0x00e78023) mem 0x00000000800120ba 0x00
core   0: 0x000000008000fefc (0xfc843703) ld      a4, -56(s0)
core   0: 3 0x000000008000fefc (0xfc843703) x14 0x0000000080012040 mem 0x0000000080031f38
core   0: 0x000000008000ff00 (0xfb843783) ld      a5, -72(s0)
core   0: 3 0x000000008000ff00 (0xfb843783) x15 0x000000000000009c mem 0x0000000080031f28
core   0: 0x000000008000ff04 (0x000097ba) c.add   a5, a4
core   0: 3 0x000000008000ff04 (0x97ba) x15 0x00000000800120dc
core   0: 0x000000008000ff06 (0xfe043703) ld      a4, -32(s0)
core   0: 3 0x000000008000ff06 (0xfe043703) x14 0x00000000800120bb mem 0x0000000080031f50
core   0: 0x000000008000ff0a (0xfcf76de3) bltu    a4, a5, pc - 38
core   0: 3 0x000000008000ff0a (0xfcf76de3)
core   0: 0x000000008000fee4 (0xfe043783) ld      a5, -32(s0)
core   0: 3 0x000000008000fee4 (0xfe043783) x15 0x00000000800120bb mem 0x0000000080031f50
core   0: 0x000000008000fee8 (0x00178713) addi    a4, a5, 1
core   0: 3 0x000000008000fee8 (0x00178713) x14 0x00000000800120bc
core   0: 0x000000008000feec (0xfee43023) sd      a4, -32(s0)
core   0: 3 0x000000008000feec (0xfee43023) mem 0x0000000080031f50 0x00000000800120bc
core   0: 0x000000008000fef0 (0xfc442703) lw      a4, -60(s0)
core   0: 3 0x000000008000fef0 (0xfc442703) x14 0x0000000000000000 mem 0x0000000080031f34
core   0: 0x000000008000fef4 (0x0ff77713) andi    a4, a4, 255
core   0: 3 0x000000008000fef4 (0x0ff77713) x14 0x0000000000000000
core   0: 0x000000008000fef8 (0x00e78023) sb      a4, 0(a5)
core   0: 3 0x000000008000fef8 (0x00e78023) mem 0x00000000800120bb 0x00
core   0: 0x000000008000fefc (0xfc843703) ld      a4, -56(s0)
core   0: 3 0x000000008000fefc (0xfc843703) x14 0x0000000080012040 mem 0x0000000080031f38
core   0: 0x000000008000ff00 (0xfb843783) ld      a5, -72(s0)
core   0: 3 0x000000008000ff00 (0xfb843783) x15 0x000000000000009c mem 0x0000000080031f28
core   0: 0x000000008000ff04 (0x000097ba) c.add   a5, a4
core   0: 3 0x000000008000ff04 (0x97ba) x15 0x00000000800120dc
core   0: 0x000000008000ff06 (0xfe043703) ld      a4, -32(s0)
core   0: 3 0x000000008000ff06 (0xfe043703) x14 0x00000000800120bc mem 0x0000000080031f50
core   0: 0x000000008000ff0a (0xfcf76de3) bltu    a4, a5, pc - 38
core   0: 3 0x000000008000ff0a (0xfcf76de3)
core   0: 0x000000008000fee4 (0xfe043783) ld      a5, -32(s0)
core   0: 3 0x000000008000fee4 (0xfe043783) x15 0x00000000800120bc mem 0x0000000080031f50
core   0: 0x000000008000fee8 (0x00178713) addi    a4, a5, 1
core   0: 3 0x000000008000fee8 (0x00178713) x14 0x00000000800120bd
core   0: 0x000000008000feec (0xfee43023) sd      a4, -32(s0)
core   0: 3 0x000000008000feec (0xfee43023) mem 0x0000000080031f50 0x00000000800120bd
core   0: 0x000000008000fef0 (0xfc442703) lw      a4, -60(s0)
core   0: 3 0x000000008000fef0 (0xfc442703) x14 0x0000000000000000 mem 0x0000000080031f34
core   0: 0x000000008000fef4 (0x0ff77713) andi    a4, a4, 255
core   0: 3 0x000000008000fef4 (0x0ff77713) x14 0x0000000000000000
core   0: 0x000000008000fef8 (0x00e78023) sb      a4, 0(a5)
core   0: 3 0x000000008000fef8 (0x00e78023) mem 0x00000000800120bc 0x00
core   0: 0x000000008000fefc (0xfc843703) ld      a4, -56(s0)
core   0: 3 0x000000008000fefc (0xfc843703) x14 0x0000000080012040 mem 0x0000000080031f38
core   0: 0x000000008000ff00 (0xfb843783) ld      a5, -72(s0)
core   0: 3 0x000000008000ff00 (0xfb843783) x15 0x000000000000009c mem 0x0000000080031f28
core   0: 0x000000008000ff04 (0x000097ba) c.add   a5, a4
core   0: 3 0x000000008000ff04 (0x97ba) x15 0x00000000800120dc
core   0: 0x000000008000ff06 (0xfe043703) ld      a4, -32(s0)
core   0: 3 0x000000008000ff06 (0xfe043703) x14 0x00000000800120bd mem 0x0000000080031f50
core   0: 0x000000008000ff0a (0xfcf76de3) bltu    a4, a5, pc - 38
core   0: 3 0x000000008000ff0a (0xfcf76de3)
core   0: 0x000000008000fee4 (0xfe043783) ld      a5, -32(s0)
core   0: 3 0x000000008000fee4 (0xfe043783) x15 0x00000000800120bd mem 0x0000000080031f50
core   0: 0x000000008000fee8 (0x00178713) addi    a4, a5, 1
core   0: 3 0x000000008000fee8 (0x00178713) x14 0x00000000800120be
core   0: 0x000000008000feec (0xfee43023) sd      a4, -32(s0)
core   0: 3 0x000000008000feec (0xfee43023) mem 0x0000000080031f50 0x00000000800120be
core   0: 0x000000008000fef0 (0xfc442703) lw      a4, -60(s0)
core   0: 3 0x000000008000fef0 (0xfc442703) x14 0x0000000000000000 mem 0x0000000080031f34
core   0: 0x000000008000fef4 (0x0ff77713) andi    a4, a4, 255
core   0: 3 0x000000008000fef4 (0x0ff77713) x14 0x0000000000000000
core   0: 0x000000008000fef8 (0x00e78023) sb      a4, 0(a5)
core   0: 3 0x000000008000fef8 (0x00e78023) mem 0x00000000800120bd 0x00
core   0: 0x000000008000fefc (0xfc843703) ld      a4, -56(s0)
core   0: 3 0x000000008000fefc (0xfc843703) x14 0x0000000080012040 mem 0x0000000080031f38
core   0: 0x000000008000ff00 (0xfb843783) ld      a5, -72(s0)
core   0: 3 0x000000008000ff00 (0xfb843783) x15 0x000000000000009c mem 0x0000000080031f28
core   0: 0x000000008000ff04 (0x000097ba) c.add   a5, a4
core   0: 3 0x000000008000ff04 (0x97ba) x15 0x00000000800120dc
core   0: 0x000000008000ff06 (0xfe043703) ld      a4, -32(s0)
core   0: 3 0x000000008000ff06 (0xfe043703) x14 0x00000000800120be mem 0x0000000080031f50
core   0: 0x000000008000ff0a (0xfcf76de3) bltu    a4, a5, pc - 38
core   0: 3 0x000000008000ff0a (0xfcf76de3)
core   0: 0x000000008000fee4 (0xfe043783) ld      a5, -32(s0)
core   0: 3 0x000000008000fee4 (0xfe043783) x15 0x00000000800120be mem 0x0000000080031f50
core   0: 0x000000008000fee8 (0x00178713) addi    a4, a5, 1
core   0: 3 0x000000008000fee8 (0x00178713) x14 0x00000000800120bf
core   0: 0x000000008000feec (0xfee43023) sd      a4, -32(s0)
core   0: 3 0x000000008000feec (0xfee43023) mem 0x0000000080031f50 0x00000000800120bf
core   0: 0x000000008000fef0 (0xfc442703) lw      a4, -60(s0)
core   0: 3 0x000000008000fef0 (0xfc442703) x14 0x0000000000000000 mem 0x0000000080031f34
core   0: 0x000000008000fef4 (0x0ff77713) andi    a4, a4, 255
core   0: 3 0x000000008000fef4 (0x0ff77713) x14 0x0000000000000000
core   0: 0x000000008000fef8 (0x00e78023) sb      a4, 0(a5)
core   0: 3 0x000000008000fef8 (0x00e78023) mem 0x00000000800120be 0x00
core   0: 0x000000008000fefc (0xfc843703) ld      a4, -56(s0)
core   0: 3 0x000000008000fefc (0xfc843703) x14 0x0000000080012040 mem 0x0000000080031f38
core   0: 0x000000008000ff00 (0xfb843783) ld      a5, -72(s0)
core   0: 3 0x000000008000ff00 (0xfb843783) x15 0x000000000000009c mem 0x0000000080031f28
core   0: 0x000000008000ff04 (0x000097ba) c.add   a5, a4
core   0: 3 0x000000008000ff04 (0x97ba) x15 0x00000000800120dc
core   0: 0x000000008000ff06 (0xfe043703) ld      a4, -32(s0)
core   0: 3 0x000000008000ff06 (0xfe043703) x14 0x00000000800120bf mem 0x0000000080031f50
core   0: 0x000000008000ff0a (0xfcf76de3) bltu    a4, a5, pc - 38
core   0: 3 0x000000008000ff0a (0xfcf76de3)
core   0: 0x000000008000fee4 (0xfe043783) ld      a5, -32(s0)
core   0: 3 0x000000008000fee4 (0xfe043783) x15 0x00000000800120bf mem 0x0000000080031f50
core   0: 0x000000008000fee8 (0x00178713) addi    a4, a5, 1
core   0: 3 0x000000008000fee8 (0x00178713) x14 0x00000000800120c0
core   0: 0x000000008000feec (0xfee43023) sd      a4, -32(s0)
core   0: 3 0x000000008000feec (0xfee43023) mem 0x0000000080031f50 0x00000000800120c0
core   0: 0x000000008000fef0 (0xfc442703) lw      a4, -60(s0)
core   0: 3 0x000000008000fef0 (0xfc442703) x14 0x0000000000000000 mem 0x0000000080031f34
core   0: 0x000000008000fef4 (0x0ff77713) andi    a4, a4, 255
core   0: 3 0x000000008000fef4 (0x0ff77713) x14 0x0000000000000000
core   0: 0x000000008000fef8 (0x00e78023) sb      a4, 0(a5)
core   0: 3 0x000000008000fef8 (0x00e78023) mem 0x00000000800120bf 0x00
core   0: 0x000000008000fefc (0xfc843703) ld      a4, -56(s0)
core   0: 3 0x000000008000fefc (0xfc843703) x14 0x0000000080012040 mem 0x0000000080031f38
core   0: 0x000000008000ff00 (0xfb843783) ld      a5, -72(s0)
core   0: 3 0x000000008000ff00 (0xfb843783) x15 0x000000000000009c mem 0x0000000080031f28
core   0: 0x000000008000ff04 (0x000097ba) c.add   a5, a4
core   0: 3 0x000000008000ff04 (0x97ba) x15 0x00000000800120dc
core   0: 0x000000008000ff06 (0xfe043703) ld      a4, -32(s0)
core   0: 3 0x000000008000ff06 (0xfe043703) x14 0x00000000800120c0 mem 0x0000000080031f50
core   0: 0x000000008000ff0a (0xfcf76de3) bltu    a4, a5, pc - 38
core   0: 3 0x000000008000ff0a (0xfcf76de3)
core   0: 0x000000008000fee4 (0xfe043783) ld      a5, -32(s0)
core   0: 3 0x000000008000fee4 (0xfe043783) x15 0x00000000800120c0 mem 0x0000000080031f50
core   0: 0x000000008000fee8 (0x00178713) addi    a4, a5, 1
core   0: 3 0x000000008000fee8 (0x00178713) x14 0x00000000800120c1
core   0: 0x000000008000feec (0xfee43023) sd      a4, -32(s0)
core   0: 3 0x000000008000feec (0xfee43023) mem 0x0000000080031f50 0x00000000800120c1
core   0: 0x000000008000fef0 (0xfc442703) lw      a4, -60(s0)
core   0: 3 0x000000008000fef0 (0xfc442703) x14 0x0000000000000000 mem 0x0000000080031f34
core   0: 0x000000008000fef4 (0x0ff77713) andi    a4, a4, 255
core   0: 3 0x000000008000fef4 (0x0ff77713) x14 0x0000000000000000
core   0: 0x000000008000fef8 (0x00e78023) sb      a4, 0(a5)
core   0: 3 0x000000008000fef8 (0x00e78023) mem 0x00000000800120c0 0x00
core   0: 0x000000008000fefc (0xfc843703) ld      a4, -56(s0)
core   0: 3 0x000000008000fefc (0xfc843703) x14 0x0000000080012040 mem 0x0000000080031f38
core   0: 0x000000008000ff00 (0xfb843783) ld      a5, -72(s0)
core   0: 3 0x000000008000ff00 (0xfb843783) x15 0x000000000000009c mem 0x0000000080031f28
core   0: 0x000000008000ff04 (0x000097ba) c.add   a5, a4
core   0: 3 0x000000008000ff04 (0x97ba) x15 0x00000000800120dc
core   0: 0x000000008000ff06 (0xfe043703) ld      a4, -32(s0)
core   0: 3 0x000000008000ff06 (0xfe043703) x14 0x00000000800120c1 mem 0x0000000080031f50
core   0: 0x000000008000ff0a (0xfcf76de3) bltu    a4, a5, pc - 38
core   0: 3 0x000000008000ff0a (0xfcf76de3)
core   0: 0x000000008000fee4 (0xfe043783) ld      a5, -32(s0)
core   0: 3 0x000000008000fee4 (0xfe043783) x15 0x00000000800120c1 mem 0x0000000080031f50
core   0: 0x000000008000fee8 (0x00178713) addi    a4, a5, 1
core   0: 3 0x000000008000fee8 (0x00178713) x14 0x00000000800120c2
core   0: 0x000000008000feec (0xfee43023) sd      a4, -32(s0)
core   0: 3 0x000000008000feec (0xfee43023) mem 0x0000000080031f50 0x00000000800120c2
core   0: 0x000000008000fef0 (0xfc442703) lw      a4, -60(s0)
core   0: 3 0x000000008000fef0 (0xfc442703) x14 0x0000000000000000 mem 0x0000000080031f34
core   0: 0x000000008000fef4 (0x0ff77713) andi    a4, a4, 255
core   0: 3 0x000000008000fef4 (0x0ff77713) x14 0x0000000000000000
core   0: 0x000000008000fef8 (0x00e78023) sb      a4, 0(a5)
core   0: 3 0x000000008000fef8 (0x00e78023) mem 0x00000000800120c1 0x00
core   0: 0x000000008000fefc (0xfc843703) ld      a4, -56(s0)
core   0: 3 0x000000008000fefc (0xfc843703) x14 0x0000000080012040 mem 0x0000000080031f38
core   0: 0x000000008000ff00 (0xfb843783) ld      a5, -72(s0)
core   0: 3 0x000000008000ff00 (0xfb843783) x15 0x000000000000009c mem 0x0000000080031f28
core   0: 0x000000008000ff04 (0x000097ba) c.add   a5, a4
core   0: 3 0x000000008000ff04 (0x97ba) x15 0x00000000800120dc
core   0: 0x000000008000ff06 (0xfe043703) ld      a4, -32(s0)
core   0: 3 0x000000008000ff06 (0xfe043703) x14 0x00000000800120c2 mem 0x0000000080031f50
core   0: 0x000000008000ff0a (0xfcf76de3) bltu    a4, a5, pc - 38
core   0: 3 0x000000008000ff0a (0xfcf76de3)
core   0: 0x000000008000fee4 (0xfe043783) ld      a5, -32(s0)
core   0: 3 0x000000008000fee4 (0xfe043783) x15 0x00000000800120c2 mem 0x0000000080031f50
core   0: 0x000000008000fee8 (0x00178713) addi    a4, a5, 1
core   0: 3 0x000000008000fee8 (0x00178713) x14 0x00000000800120c3
core   0: 0x000000008000feec (0xfee43023) sd      a4, -32(s0)
core   0: 3 0x000000008000feec (0xfee43023) mem 0x0000000080031f50 0x00000000800120c3
core   0: 0x000000008000fef0 (0xfc442703) lw      a4, -60(s0)
core   0: 3 0x000000008000fef0 (0xfc442703) x14 0x0000000000000000 mem 0x0000000080031f34
core   0: 0x000000008000fef4 (0x0ff77713) andi    a4, a4, 255
core   0: 3 0x000000008000fef4 (0x0ff77713) x14 0x0000000000000000
core   0: 0x000000008000fef8 (0x00e78023) sb      a4, 0(a5)
core   0: 3 0x000000008000fef8 (0x00e78023) mem 0x00000000800120c2 0x00
core   0: 0x000000008000fefc (0xfc843703) ld      a4, -56(s0)
core   0: 3 0x000000008000fefc (0xfc843703) x14 0x0000000080012040 mem 0x0000000080031f38
core   0: 0x000000008000ff00 (0xfb843783) ld      a5, -72(s0)
core   0: 3 0x000000008000ff00 (0xfb843783) x15 0x000000000000009c mem 0x0000000080031f28
core   0: 0x000000008000ff04 (0x000097ba) c.add   a5, a4
core   0: 3 0x000000008000ff04 (0x97ba) x15 0x00000000800120dc
core   0: 0x000000008000ff06 (0xfe043703) ld      a4, -32(s0)
core   0: 3 0x000000008000ff06 (0xfe043703) x14 0x00000000800120c3 mem 0x0000000080031f50
core   0: 0x000000008000ff0a (0xfcf76de3) bltu    a4, a5, pc - 38
core   0: 3 0x000000008000ff0a (0xfcf76de3)
core   0: 0x000000008000fee4 (0xfe043783) ld      a5, -32(s0)
core   0: 3 0x000000008000fee4 (0xfe043783) x15 0x00000000800120c3 mem 0x0000000080031f50
core   0: 0x000000008000fee8 (0x00178713) addi    a4, a5, 1
core   0: 3 0x000000008000fee8 (0x00178713) x14 0x00000000800120c4
core   0: 0x000000008000feec (0xfee43023) sd      a4, -32(s0)
core   0: 3 0x000000008000feec (0xfee43023) mem 0x0000000080031f50 0x00000000800120c4
core   0: 0x000000008000fef0 (0xfc442703) lw      a4, -60(s0)
core   0: 3 0x000000008000fef0 (0xfc442703) x14 0x0000000000000000 mem 0x0000000080031f34
core   0: 0x000000008000fef4 (0x0ff77713) andi    a4, a4, 255
core   0: 3 0x000000008000fef4 (0x0ff77713) x14 0x0000000000000000
core   0: 0x000000008000fef8 (0x00e78023) sb      a4, 0(a5)
core   0: 3 0x000000008000fef8 (0x00e78023) mem 0x00000000800120c3 0x00
core   0: 0x000000008000fefc (0xfc843703) ld      a4, -56(s0)
core   0: 3 0x000000008000fefc (0xfc843703) x14 0x0000000080012040 mem 0x0000000080031f38
core   0: 0x000000008000ff00 (0xfb843783) ld      a5, -72(s0)
core   0: 3 0x000000008000ff00 (0xfb843783) x15 0x000000000000009c mem 0x0000000080031f28
core   0: 0x000000008000ff04 (0x000097ba) c.add   a5, a4
core   0: 3 0x000000008000ff04 (0x97ba) x15 0x00000000800120dc
core   0: 0x000000008000ff06 (0xfe043703) ld      a4, -32(s0)
core   0: 3 0x000000008000ff06 (0xfe043703) x14 0x00000000800120c4 mem 0x0000000080031f50
core   0: 0x000000008000ff0a (0xfcf76de3) bltu    a4, a5, pc - 38
core   0: 3 0x000000008000ff0a (0xfcf76de3)
core   0: 0x000000008000fee4 (0xfe043783) ld      a5, -32(s0)
core   0: 3 0x000000008000fee4 (0xfe043783) x15 0x00000000800120c4 mem 0x0000000080031f50
core   0: 0x000000008000fee8 (0x00178713) addi    a4, a5, 1
core   0: 3 0x000000008000fee8 (0x00178713) x14 0x00000000800120c5
core   0: 0x000000008000feec (0xfee43023) sd      a4, -32(s0)
core   0: 3 0x000000008000feec (0xfee43023) mem 0x0000000080031f50 0x00000000800120c5
core   0: 0x000000008000fef0 (0xfc442703) lw      a4, -60(s0)
core   0: 3 0x000000008000fef0 (0xfc442703) x14 0x0000000000000000 mem 0x0000000080031f34
core   0: 0x000000008000fef4 (0x0ff77713) andi    a4, a4, 255
core   0: 3 0x000000008000fef4 (0x0ff77713) x14 0x0000000000000000
core   0: 0x000000008000fef8 (0x00e78023) sb      a4, 0(a5)
core   0: 3 0x000000008000fef8 (0x00e78023) mem 0x00000000800120c4 0x00
core   0: 0x000000008000fefc (0xfc843703) ld      a4, -56(s0)
core   0: 3 0x000000008000fefc (0xfc843703) x14 0x0000000080012040 mem 0x0000000080031f38
core   0: 0x000000008000ff00 (0xfb843783) ld      a5, -72(s0)
core   0: 3 0x000000008000ff00 (0xfb843783) x15 0x000000000000009c mem 0x0000000080031f28
core   0: 0x000000008000ff04 (0x000097ba) c.add   a5, a4
core   0: 3 0x000000008000ff04 (0x97ba) x15 0x00000000800120dc
core   0: 0x000000008000ff06 (0xfe043703) ld      a4, -32(s0)
core   0: 3 0x000000008000ff06 (0xfe043703) x14 0x00000000800120c5 mem 0x0000000080031f50
core   0: 0x000000008000ff0a (0xfcf76de3) bltu    a4, a5, pc - 38
core   0: 3 0x000000008000ff0a (0xfcf76de3)
core   0: 0x000000008000fee4 (0xfe043783) ld      a5, -32(s0)
core   0: 3 0x000000008000fee4 (0xfe043783) x15 0x00000000800120c5 mem 0x0000000080031f50
core   0: 0x000000008000fee8 (0x00178713) addi    a4, a5, 1
core   0: 3 0x000000008000fee8 (0x00178713) x14 0x00000000800120c6
core   0: 0x000000008000feec (0xfee43023) sd      a4, -32(s0)
core   0: 3 0x000000008000feec (0xfee43023) mem 0x0000000080031f50 0x00000000800120c6
core   0: 0x000000008000fef0 (0xfc442703) lw      a4, -60(s0)
core   0: 3 0x000000008000fef0 (0xfc442703) x14 0x0000000000000000 mem 0x0000000080031f34
core   0: 0x000000008000fef4 (0x0ff77713) andi    a4, a4, 255
core   0: 3 0x000000008000fef4 (0x0ff77713) x14 0x0000000000000000
core   0: 0x000000008000fef8 (0x00e78023) sb      a4, 0(a5)
core   0: 3 0x000000008000fef8 (0x00e78023) mem 0x00000000800120c5 0x00
core   0: 0x000000008000fefc (0xfc843703) ld      a4, -56(s0)
core   0: 3 0x000000008000fefc (0xfc843703) x14 0x0000000080012040 mem 0x0000000080031f38
core   0: 0x000000008000ff00 (0xfb843783) ld      a5, -72(s0)
core   0: 3 0x000000008000ff00 (0xfb843783) x15 0x000000000000009c mem 0x0000000080031f28
core   0: 0x000000008000ff04 (0x000097ba) c.add   a5, a4
core   0: 3 0x000000008000ff04 (0x97ba) x15 0x00000000800120dc
core   0: 0x000000008000ff06 (0xfe043703) ld      a4, -32(s0)
core   0: 3 0x000000008000ff06 (0xfe043703) x14 0x00000000800120c6 mem 0x0000000080031f50
core   0: 0x000000008000ff0a (0xfcf76de3) bltu    a4, a5, pc - 38
core   0: 3 0x000000008000ff0a (0xfcf76de3)
core   0: 0x000000008000fee4 (0xfe043783) ld      a5, -32(s0)
core   0: 3 0x000000008000fee4 (0xfe043783) x15 0x00000000800120c6 mem 0x0000000080031f50
core   0: 0x000000008000fee8 (0x00178713) addi    a4, a5, 1
core   0: 3 0x000000008000fee8 (0x00178713) x14 0x00000000800120c7
core   0: 0x000000008000feec (0xfee43023) sd      a4, -32(s0)
core   0: 3 0x000000008000feec (0xfee43023) mem 0x0000000080031f50 0x00000000800120c7
core   0: 0x000000008000fef0 (0xfc442703) lw      a4, -60(s0)
core   0: 3 0x000000008000fef0 (0xfc442703) x14 0x0000000000000000 mem 0x0000000080031f34
core   0: 0x000000008000fef4 (0x0ff77713) andi    a4, a4, 255
core   0: 3 0x000000008000fef4 (0x0ff77713) x14 0x0000000000000000
core   0: 0x000000008000fef8 (0x00e78023) sb      a4, 0(a5)
core   0: 3 0x000000008000fef8 (0x00e78023) mem 0x00000000800120c6 0x00
core   0: 0x000000008000fefc (0xfc843703) ld      a4, -56(s0)
core   0: 3 0x000000008000fefc (0xfc843703) x14 0x0000000080012040 mem 0x0000000080031f38
core   0: 0x000000008000ff00 (0xfb843783) ld      a5, -72(s0)
core   0: 3 0x000000008000ff00 (0xfb843783) x15 0x000000000000009c mem 0x0000000080031f28
core   0: 0x000000008000ff04 (0x000097ba) c.add   a5, a4
core   0: 3 0x000000008000ff04 (0x97ba) x15 0x00000000800120dc
core   0: 0x000000008000ff06 (0xfe043703) ld      a4, -32(s0)
core   0: 3 0x000000008000ff06 (0xfe043703) x14 0x00000000800120c7 mem 0x0000000080031f50
core   0: 0x000000008000ff0a (0xfcf76de3) bltu    a4, a5, pc - 38
core   0: 3 0x000000008000ff0a (0xfcf76de3)
core   0: 0x000000008000fee4 (0xfe043783) ld      a5, -32(s0)
core   0: 3 0x000000008000fee4 (0xfe043783) x15 0x00000000800120c7 mem 0x0000000080031f50
core   0: 0x000000008000fee8 (0x00178713) addi    a4, a5, 1
core   0: 3 0x000000008000fee8 (0x00178713) x14 0x00000000800120c8
core   0: 0x000000008000feec (0xfee43023) sd      a4, -32(s0)
core   0: 3 0x000000008000feec (0xfee43023) mem 0x0000000080031f50 0x00000000800120c8
core   0: 0x000000008000fef0 (0xfc442703) lw      a4, -60(s0)
core   0: 3 0x000000008000fef0 (0xfc442703) x14 0x0000000000000000 mem 0x0000000080031f34
core   0: 0x000000008000fef4 (0x0ff77713) andi    a4, a4, 255
core   0: 3 0x000000008000fef4 (0x0ff77713) x14 0x0000000000000000
core   0: 0x000000008000fef8 (0x00e78023) sb      a4, 0(a5)
core   0: 3 0x000000008000fef8 (0x00e78023) mem 0x00000000800120c7 0x00
core   0: 0x000000008000fefc (0xfc843703) ld      a4, -56(s0)
core   0: 3 0x000000008000fefc (0xfc843703) x14 0x0000000080012040 mem 0x0000000080031f38
core   0: 0x000000008000ff00 (0xfb843783) ld      a5, -72(s0)
core   0: 3 0x000000008000ff00 (0xfb843783) x15 0x000000000000009c mem 0x0000000080031f28
core   0: 0x000000008000ff04 (0x000097ba) c.add   a5, a4
core   0: 3 0x000000008000ff04 (0x97ba) x15 0x00000000800120dc
core   0: 0x000000008000ff06 (0xfe043703) ld      a4, -32(s0)
core   0: 3 0x000000008000ff06 (0xfe043703) x14 0x00000000800120c8 mem 0x0000000080031f50
core   0: 0x000000008000ff0a (0xfcf76de3) bltu    a4, a5, pc - 38
core   0: 3 0x000000008000ff0a (0xfcf76de3)
core   0: 0x000000008000fee4 (0xfe043783) ld      a5, -32(s0)
core   0: 3 0x000000008000fee4 (0xfe043783) x15 0x00000000800120c8 mem 0x0000000080031f50
core   0: 0x000000008000fee8 (0x00178713) addi    a4, a5, 1
core   0: 3 0x000000008000fee8 (0x00178713) x14 0x00000000800120c9
core   0: 0x000000008000feec (0xfee43023) sd      a4, -32(s0)
core   0: 3 0x000000008000feec (0xfee43023) mem 0x0000000080031f50 0x00000000800120c9
core   0: 0x000000008000fef0 (0xfc442703) lw      a4, -60(s0)
core   0: 3 0x000000008000fef0 (0xfc442703) x14 0x0000000000000000 mem 0x0000000080031f34
core   0: 0x000000008000fef4 (0x0ff77713) andi    a4, a4, 255
core   0: 3 0x000000008000fef4 (0x0ff77713) x14 0x0000000000000000
core   0: 0x000000008000fef8 (0x00e78023) sb      a4, 0(a5)
core   0: 3 0x000000008000fef8 (0x00e78023) mem 0x00000000800120c8 0x00
core   0: 0x000000008000fefc (0xfc843703) ld      a4, -56(s0)
core   0: 3 0x000000008000fefc (0xfc843703) x14 0x0000000080012040 mem 0x0000000080031f38
core   0: 0x000000008000ff00 (0xfb843783) ld      a5, -72(s0)
core   0: 3 0x000000008000ff00 (0xfb843783) x15 0x000000000000009c mem 0x0000000080031f28
core   0: 0x000000008000ff04 (0x000097ba) c.add   a5, a4
core   0: 3 0x000000008000ff04 (0x97ba) x15 0x00000000800120dc
core   0: 0x000000008000ff06 (0xfe043703) ld      a4, -32(s0)
core   0: 3 0x000000008000ff06 (0xfe043703) x14 0x00000000800120c9 mem 0x0000000080031f50
core   0: 0x000000008000ff0a (0xfcf76de3) bltu    a4, a5, pc - 38
core   0: 3 0x000000008000ff0a (0xfcf76de3)
core   0: 0x000000008000fee4 (0xfe043783) ld      a5, -32(s0)
core   0: 3 0x000000008000fee4 (0xfe043783) x15 0x00000000800120c9 mem 0x0000000080031f50
core   0: 0x000000008000fee8 (0x00178713) addi    a4, a5, 1
core   0: 3 0x000000008000fee8 (0x00178713) x14 0x00000000800120ca
core   0: 0x000000008000feec (0xfee43023) sd      a4, -32(s0)
core   0: 3 0x000000008000feec (0xfee43023) mem 0x0000000080031f50 0x00000000800120ca
core   0: 0x000000008000fef0 (0xfc442703) lw      a4, -60(s0)
core   0: 3 0x000000008000fef0 (0xfc442703) x14 0x0000000000000000 mem 0x0000000080031f34
core   0: 0x000000008000fef4 (0x0ff77713) andi    a4, a4, 255
core   0: 3 0x000000008000fef4 (0x0ff77713) x14 0x0000000000000000
core   0: 0x000000008000fef8 (0x00e78023) sb      a4, 0(a5)
core   0: 3 0x000000008000fef8 (0x00e78023) mem 0x00000000800120c9 0x00
core   0: 0x000000008000fefc (0xfc843703) ld      a4, -56(s0)
core   0: 3 0x000000008000fefc (0xfc843703) x14 0x0000000080012040 mem 0x0000000080031f38
core   0: 0x000000008000ff00 (0xfb843783) ld      a5, -72(s0)
core   0: 3 0x000000008000ff00 (0xfb843783) x15 0x000000000000009c mem 0x0000000080031f28
core   0: 0x000000008000ff04 (0x000097ba) c.add   a5, a4
core   0: 3 0x000000008000ff04 (0x97ba) x15 0x00000000800120dc
core   0: 0x000000008000ff06 (0xfe043703) ld      a4, -32(s0)
core   0: 3 0x000000008000ff06 (0xfe043703) x14 0x00000000800120ca mem 0x0000000080031f50
core   0: 0x000000008000ff0a (0xfcf76de3) bltu    a4, a5, pc - 38
core   0: 3 0x000000008000ff0a (0xfcf76de3)
core   0: 0x000000008000fee4 (0xfe043783) ld      a5, -32(s0)
core   0: 3 0x000000008000fee4 (0xfe043783) x15 0x00000000800120ca mem 0x0000000080031f50
core   0: 0x000000008000fee8 (0x00178713) addi    a4, a5, 1
core   0: 3 0x000000008000fee8 (0x00178713) x14 0x00000000800120cb
core   0: 0x000000008000feec (0xfee43023) sd      a4, -32(s0)
core   0: 3 0x000000008000feec (0xfee43023) mem 0x0000000080031f50 0x00000000800120cb
core   0: 0x000000008000fef0 (0xfc442703) lw      a4, -60(s0)
core   0: 3 0x000000008000fef0 (0xfc442703) x14 0x0000000000000000 mem 0x0000000080031f34
core   0: 0x000000008000fef4 (0x0ff77713) andi    a4, a4, 255
core   0: 3 0x000000008000fef4 (0x0ff77713) x14 0x0000000000000000
core   0: 0x000000008000fef8 (0x00e78023) sb      a4, 0(a5)
core   0: 3 0x000000008000fef8 (0x00e78023) mem 0x00000000800120ca 0x00
core   0: 0x000000008000fefc (0xfc843703) ld      a4, -56(s0)
core   0: 3 0x000000008000fefc (0xfc843703) x14 0x0000000080012040 mem 0x0000000080031f38
core   0: 0x000000008000ff00 (0xfb843783) ld      a5, -72(s0)
core   0: 3 0x000000008000ff00 (0xfb843783) x15 0x000000000000009c mem 0x0000000080031f28
core   0: 0x000000008000ff04 (0x000097ba) c.add   a5, a4
core   0: 3 0x000000008000ff04 (0x97ba) x15 0x00000000800120dc
core   0: 0x000000008000ff06 (0xfe043703) ld      a4, -32(s0)
core   0: 3 0x000000008000ff06 (0xfe043703) x14 0x00000000800120cb mem 0x0000000080031f50
core   0: 0x000000008000ff0a (0xfcf76de3) bltu    a4, a5, pc - 38
core   0: 3 0x000000008000ff0a (0xfcf76de3)
core   0: 0x000000008000fee4 (0xfe043783) ld      a5, -32(s0)
core   0: 3 0x000000008000fee4 (0xfe043783) x15 0x00000000800120cb mem 0x0000000080031f50
core   0: 0x000000008000fee8 (0x00178713) addi    a4, a5, 1
core   0: 3 0x000000008000fee8 (0x00178713) x14 0x00000000800120cc
core   0: 0x000000008000feec (0xfee43023) sd      a4, -32(s0)
core   0: 3 0x000000008000feec (0xfee43023) mem 0x0000000080031f50 0x00000000800120cc
core   0: 0x000000008000fef0 (0xfc442703) lw      a4, -60(s0)
core   0: 3 0x000000008000fef0 (0xfc442703) x14 0x0000000000000000 mem 0x0000000080031f34
core   0: 0x000000008000fef4 (0x0ff77713) andi    a4, a4, 255
core   0: 3 0x000000008000fef4 (0x0ff77713) x14 0x0000000000000000
core   0: 0x000000008000fef8 (0x00e78023) sb      a4, 0(a5)
core   0: 3 0x000000008000fef8 (0x00e78023) mem 0x00000000800120cb 0x00
core   0: 0x000000008000fefc (0xfc843703) ld      a4, -56(s0)
core   0: 3 0x000000008000fefc (0xfc843703) x14 0x0000000080012040 mem 0x0000000080031f38
core   0: 0x000000008000ff00 (0xfb843783) ld      a5, -72(s0)
core   0: 3 0x000000008000ff00 (0xfb843783) x15 0x000000000000009c mem 0x0000000080031f28
core   0: 0x000000008000ff04 (0x000097ba) c.add   a5, a4
core   0: 3 0x000000008000ff04 (0x97ba) x15 0x00000000800120dc
core   0: 0x000000008000ff06 (0xfe043703) ld      a4, -32(s0)
core   0: 3 0x000000008000ff06 (0xfe043703) x14 0x00000000800120cc mem 0x0000000080031f50
core   0: 0x000000008000ff0a (0xfcf76de3) bltu    a4, a5, pc - 38
core   0: 3 0x000000008000ff0a (0xfcf76de3)
core   0: 0x000000008000fee4 (0xfe043783) ld      a5, -32(s0)
core   0: 3 0x000000008000fee4 (0xfe043783) x15 0x00000000800120cc mem 0x0000000080031f50
core   0: 0x000000008000fee8 (0x00178713) addi    a4, a5, 1
core   0: 3 0x000000008000fee8 (0x00178713) x14 0x00000000800120cd
core   0: 0x000000008000feec (0xfee43023) sd      a4, -32(s0)
core   0: 3 0x000000008000feec (0xfee43023) mem 0x0000000080031f50 0x00000000800120cd
core   0: 0x000000008000fef0 (0xfc442703) lw      a4, -60(s0)
core   0: 3 0x000000008000fef0 (0xfc442703) x14 0x0000000000000000 mem 0x0000000080031f34
core   0: 0x000000008000fef4 (0x0ff77713) andi    a4, a4, 255
core   0: 3 0x000000008000fef4 (0x0ff77713) x14 0x0000000000000000
core   0: 0x000000008000fef8 (0x00e78023) sb      a4, 0(a5)
core   0: 3 0x000000008000fef8 (0x00e78023) mem 0x00000000800120cc 0x00
core   0: 0x000000008000fefc (0xfc843703) ld      a4, -56(s0)
core   0: 3 0x000000008000fefc (0xfc843703) x14 0x0000000080012040 mem 0x0000000080031f38
core   0: 0x000000008000ff00 (0xfb843783) ld      a5, -72(s0)
core   0: 3 0x000000008000ff00 (0xfb843783) x15 0x000000000000009c mem 0x0000000080031f28
core   0: 0x000000008000ff04 (0x000097ba) c.add   a5, a4
core   0: 3 0x000000008000ff04 (0x97ba) x15 0x00000000800120dc
core   0: 0x000000008000ff06 (0xfe043703) ld      a4, -32(s0)
core   0: 3 0x000000008000ff06 (0xfe043703) x14 0x00000000800120cd mem 0x0000000080031f50
core   0: 0x000000008000ff0a (0xfcf76de3) bltu    a4, a5, pc - 38
core   0: 3 0x000000008000ff0a (0xfcf76de3)
core   0: 0x000000008000fee4 (0xfe043783) ld      a5, -32(s0)
core   0: 3 0x000000008000fee4 (0xfe043783) x15 0x00000000800120cd mem 0x0000000080031f50
core   0: 0x000000008000fee8 (0x00178713) addi    a4, a5, 1
core   0: 3 0x000000008000fee8 (0x00178713) x14 0x00000000800120ce
core   0: 0x000000008000feec (0xfee43023) sd      a4, -32(s0)
core   0: 3 0x000000008000feec (0xfee43023) mem 0x0000000080031f50 0x00000000800120ce
core   0: 0x000000008000fef0 (0xfc442703) lw      a4, -60(s0)
core   0: 3 0x000000008000fef0 (0xfc442703) x14 0x0000000000000000 mem 0x0000000080031f34
core   0: 0x000000008000fef4 (0x0ff77713) andi    a4, a4, 255
core   0: 3 0x000000008000fef4 (0x0ff77713) x14 0x0000000000000000
core   0: 0x000000008000fef8 (0x00e78023) sb      a4, 0(a5)
core   0: 3 0x000000008000fef8 (0x00e78023) mem 0x00000000800120cd 0x00
core   0: 0x000000008000fefc (0xfc843703) ld      a4, -56(s0)
core   0: 3 0x000000008000fefc (0xfc843703) x14 0x0000000080012040 mem 0x0000000080031f38
core   0: 0x000000008000ff00 (0xfb843783) ld      a5, -72(s0)
core   0: 3 0x000000008000ff00 (0xfb843783) x15 0x000000000000009c mem 0x0000000080031f28
core   0: 0x000000008000ff04 (0x000097ba) c.add   a5, a4
core   0: 3 0x000000008000ff04 (0x97ba) x15 0x00000000800120dc
core   0: 0x000000008000ff06 (0xfe043703) ld      a4, -32(s0)
core   0: 3 0x000000008000ff06 (0xfe043703) x14 0x00000000800120ce mem 0x0000000080031f50
core   0: 0x000000008000ff0a (0xfcf76de3) bltu    a4, a5, pc - 38
core   0: 3 0x000000008000ff0a (0xfcf76de3)
core   0: 0x000000008000fee4 (0xfe043783) ld      a5, -32(s0)
core   0: 3 0x000000008000fee4 (0xfe043783) x15 0x00000000800120ce mem 0x0000000080031f50
core   0: 0x000000008000fee8 (0x00178713) addi    a4, a5, 1
core   0: 3 0x000000008000fee8 (0x00178713) x14 0x00000000800120cf
core   0: 0x000000008000feec (0xfee43023) sd      a4, -32(s0)
core   0: 3 0x000000008000feec (0xfee43023) mem 0x0000000080031f50 0x00000000800120cf
core   0: 0x000000008000fef0 (0xfc442703) lw      a4, -60(s0)
core   0: 3 0x000000008000fef0 (0xfc442703) x14 0x0000000000000000 mem 0x0000000080031f34
core   0: 0x000000008000fef4 (0x0ff77713) andi    a4, a4, 255
core   0: 3 0x000000008000fef4 (0x0ff77713) x14 0x0000000000000000
core   0: 0x000000008000fef8 (0x00e78023) sb      a4, 0(a5)
core   0: 3 0x000000008000fef8 (0x00e78023) mem 0x00000000800120ce 0x00
core   0: 0x000000008000fefc (0xfc843703) ld      a4, -56(s0)
core   0: 3 0x000000008000fefc (0xfc843703) x14 0x0000000080012040 mem 0x0000000080031f38
core   0: 0x000000008000ff00 (0xfb843783) ld      a5, -72(s0)
core   0: 3 0x000000008000ff00 (0xfb843783) x15 0x000000000000009c mem 0x0000000080031f28
core   0: 0x000000008000ff04 (0x000097ba) c.add   a5, a4
core   0: 3 0x000000008000ff04 (0x97ba) x15 0x00000000800120dc
core   0: 0x000000008000ff06 (0xfe043703) ld      a4, -32(s0)
core   0: 3 0x000000008000ff06 (0xfe043703) x14 0x00000000800120cf mem 0x0000000080031f50
core   0: 0x000000008000ff0a (0xfcf76de3) bltu    a4, a5, pc - 38
core   0: 3 0x000000008000ff0a (0xfcf76de3)
core   0: 0x000000008000fee4 (0xfe043783) ld      a5, -32(s0)
core   0: 3 0x000000008000fee4 (0xfe043783) x15 0x00000000800120cf mem 0x0000000080031f50
core   0: 0x000000008000fee8 (0x00178713) addi    a4, a5, 1
core   0: 3 0x000000008000fee8 (0x00178713) x14 0x00000000800120d0
core   0: 0x000000008000feec (0xfee43023) sd      a4, -32(s0)
core   0: 3 0x000000008000feec (0xfee43023) mem 0x0000000080031f50 0x00000000800120d0
core   0: 0x000000008000fef0 (0xfc442703) lw      a4, -60(s0)
core   0: 3 0x000000008000fef0 (0xfc442703) x14 0x0000000000000000 mem 0x0000000080031f34
core   0: 0x000000008000fef4 (0x0ff77713) andi    a4, a4, 255
core   0: 3 0x000000008000fef4 (0x0ff77713) x14 0x0000000000000000
core   0: 0x000000008000fef8 (0x00e78023) sb      a4, 0(a5)
core   0: 3 0x000000008000fef8 (0x00e78023) mem 0x00000000800120cf 0x00
core   0: 0x000000008000fefc (0xfc843703) ld      a4, -56(s0)
core   0: 3 0x000000008000fefc (0xfc843703) x14 0x0000000080012040 mem 0x0000000080031f38
core   0: 0x000000008000ff00 (0xfb843783) ld      a5, -72(s0)
core   0: 3 0x000000008000ff00 (0xfb843783) x15 0x000000000000009c mem 0x0000000080031f28
core   0: 0x000000008000ff04 (0x000097ba) c.add   a5, a4
core   0: 3 0x000000008000ff04 (0x97ba) x15 0x00000000800120dc
core   0: 0x000000008000ff06 (0xfe043703) ld      a4, -32(s0)
core   0: 3 0x000000008000ff06 (0xfe043703) x14 0x00000000800120d0 mem 0x0000000080031f50
core   0: 0x000000008000ff0a (0xfcf76de3) bltu    a4, a5, pc - 38
core   0: 3 0x000000008000ff0a (0xfcf76de3)
core   0: 0x000000008000fee4 (0xfe043783) ld      a5, -32(s0)
core   0: 3 0x000000008000fee4 (0xfe043783) x15 0x00000000800120d0 mem 0x0000000080031f50
core   0: 0x000000008000fee8 (0x00178713) addi    a4, a5, 1
core   0: 3 0x000000008000fee8 (0x00178713) x14 0x00000000800120d1
core   0: 0x000000008000feec (0xfee43023) sd      a4, -32(s0)
core   0: 3 0x000000008000feec (0xfee43023) mem 0x0000000080031f50 0x00000000800120d1
core   0: 0x000000008000fef0 (0xfc442703) lw      a4, -60(s0)
core   0: 3 0x000000008000fef0 (0xfc442703) x14 0x0000000000000000 mem 0x0000000080031f34
core   0: 0x000000008000fef4 (0x0ff77713) andi    a4, a4, 255
core   0: 3 0x000000008000fef4 (0x0ff77713) x14 0x0000000000000000
core   0: 0x000000008000fef8 (0x00e78023) sb      a4, 0(a5)
core   0: 3 0x000000008000fef8 (0x00e78023) mem 0x00000000800120d0 0x00
core   0: 0x000000008000fefc (0xfc843703) ld      a4, -56(s0)
core   0: 3 0x000000008000fefc (0xfc843703) x14 0x0000000080012040 mem 0x0000000080031f38
core   0: 0x000000008000ff00 (0xfb843783) ld      a5, -72(s0)
core   0: 3 0x000000008000ff00 (0xfb843783) x15 0x000000000000009c mem 0x0000000080031f28
core   0: 0x000000008000ff04 (0x000097ba) c.add   a5, a4
core   0: 3 0x000000008000ff04 (0x97ba) x15 0x00000000800120dc
core   0: 0x000000008000ff06 (0xfe043703) ld      a4, -32(s0)
core   0: 3 0x000000008000ff06 (0xfe043703) x14 0x00000000800120d1 mem 0x0000000080031f50
core   0: 0x000000008000ff0a (0xfcf76de3) bltu    a4, a5, pc - 38
core   0: 3 0x000000008000ff0a (0xfcf76de3)
core   0: 0x000000008000fee4 (0xfe043783) ld      a5, -32(s0)
core   0: 3 0x000000008000fee4 (0xfe043783) x15 0x00000000800120d1 mem 0x0000000080031f50
core   0: 0x000000008000fee8 (0x00178713) addi    a4, a5, 1
core   0: 3 0x000000008000fee8 (0x00178713) x14 0x00000000800120d2
core   0: 0x000000008000feec (0xfee43023) sd      a4, -32(s0)
core   0: 3 0x000000008000feec (0xfee43023) mem 0x0000000080031f50 0x00000000800120d2
core   0: 0x000000008000fef0 (0xfc442703) lw      a4, -60(s0)
core   0: 3 0x000000008000fef0 (0xfc442703) x14 0x0000000000000000 mem 0x0000000080031f34
core   0: 0x000000008000fef4 (0x0ff77713) andi    a4, a4, 255
core   0: 3 0x000000008000fef4 (0x0ff77713) x14 0x0000000000000000
core   0: 0x000000008000fef8 (0x00e78023) sb      a4, 0(a5)
core   0: 3 0x000000008000fef8 (0x00e78023) mem 0x00000000800120d1 0x00
core   0: 0x000000008000fefc (0xfc843703) ld      a4, -56(s0)
core   0: 3 0x000000008000fefc (0xfc843703) x14 0x0000000080012040 mem 0x0000000080031f38
core   0: 0x000000008000ff00 (0xfb843783) ld      a5, -72(s0)
core   0: 3 0x000000008000ff00 (0xfb843783) x15 0x000000000000009c mem 0x0000000080031f28
core   0: 0x000000008000ff04 (0x000097ba) c.add   a5, a4
core   0: 3 0x000000008000ff04 (0x97ba) x15 0x00000000800120dc
core   0: 0x000000008000ff06 (0xfe043703) ld      a4, -32(s0)
core   0: 3 0x000000008000ff06 (0xfe043703) x14 0x00000000800120d2 mem 0x0000000080031f50
core   0: 0x000000008000ff0a (0xfcf76de3) bltu    a4, a5, pc - 38
core   0: 3 0x000000008000ff0a (0xfcf76de3)
core   0: 0x000000008000fee4 (0xfe043783) ld      a5, -32(s0)
core   0: 3 0x000000008000fee4 (0xfe043783) x15 0x00000000800120d2 mem 0x0000000080031f50
core   0: 0x000000008000fee8 (0x00178713) addi    a4, a5, 1
core   0: 3 0x000000008000fee8 (0x00178713) x14 0x00000000800120d3
core   0: 0x000000008000feec (0xfee43023) sd      a4, -32(s0)
core   0: 3 0x000000008000feec (0xfee43023) mem 0x0000000080031f50 0x00000000800120d3
core   0: 0x000000008000fef0 (0xfc442703) lw      a4, -60(s0)
core   0: 3 0x000000008000fef0 (0xfc442703) x14 0x0000000000000000 mem 0x0000000080031f34
core   0: 0x000000008000fef4 (0x0ff77713) andi    a4, a4, 255
core   0: 3 0x000000008000fef4 (0x0ff77713) x14 0x0000000000000000
core   0: 0x000000008000fef8 (0x00e78023) sb      a4, 0(a5)
core   0: 3 0x000000008000fef8 (0x00e78023) mem 0x00000000800120d2 0x00
core   0: 0x000000008000fefc (0xfc843703) ld      a4, -56(s0)
core   0: 3 0x000000008000fefc (0xfc843703) x14 0x0000000080012040 mem 0x0000000080031f38
core   0: 0x000000008000ff00 (0xfb843783) ld      a5, -72(s0)
core   0: 3 0x000000008000ff00 (0xfb843783) x15 0x000000000000009c mem 0x0000000080031f28
core   0: 0x000000008000ff04 (0x000097ba) c.add   a5, a4
core   0: 3 0x000000008000ff04 (0x97ba) x15 0x00000000800120dc
core   0: 0x000000008000ff06 (0xfe043703) ld      a4, -32(s0)
core   0: 3 0x000000008000ff06 (0xfe043703) x14 0x00000000800120d3 mem 0x0000000080031f50
core   0: 0x000000008000ff0a (0xfcf76de3) bltu    a4, a5, pc - 38
core   0: 3 0x000000008000ff0a (0xfcf76de3)
core   0: 0x000000008000fee4 (0xfe043783) ld      a5, -32(s0)
core   0: 3 0x000000008000fee4 (0xfe043783) x15 0x00000000800120d3 mem 0x0000000080031f50
core   0: 0x000000008000fee8 (0x00178713) addi    a4, a5, 1
core   0: 3 0x000000008000fee8 (0x00178713) x14 0x00000000800120d4
core   0: 0x000000008000feec (0xfee43023) sd      a4, -32(s0)
core   0: 3 0x000000008000feec (0xfee43023) mem 0x0000000080031f50 0x00000000800120d4
core   0: 0x000000008000fef0 (0xfc442703) lw      a4, -60(s0)
core   0: 3 0x000000008000fef0 (0xfc442703) x14 0x0000000000000000 mem 0x0000000080031f34
core   0: 0x000000008000fef4 (0x0ff77713) andi    a4, a4, 255
core   0: 3 0x000000008000fef4 (0x0ff77713) x14 0x0000000000000000
core   0: 0x000000008000fef8 (0x00e78023) sb      a4, 0(a5)
core   0: 3 0x000000008000fef8 (0x00e78023) mem 0x00000000800120d3 0x00
core   0: 0x000000008000fefc (0xfc843703) ld      a4, -56(s0)
core   0: 3 0x000000008000fefc (0xfc843703) x14 0x0000000080012040 mem 0x0000000080031f38
core   0: 0x000000008000ff00 (0xfb843783) ld      a5, -72(s0)
core   0: 3 0x000000008000ff00 (0xfb843783) x15 0x000000000000009c mem 0x0000000080031f28
core   0: 0x000000008000ff04 (0x000097ba) c.add   a5, a4
core   0: 3 0x000000008000ff04 (0x97ba) x15 0x00000000800120dc
core   0: 0x000000008000ff06 (0xfe043703) ld      a4, -32(s0)
core   0: 3 0x000000008000ff06 (0xfe043703) x14 0x00000000800120d4 mem 0x0000000080031f50
core   0: 0x000000008000ff0a (0xfcf76de3) bltu    a4, a5, pc - 38
core   0: 3 0x000000008000ff0a (0xfcf76de3)
core   0: 0x000000008000fee4 (0xfe043783) ld      a5, -32(s0)
core   0: 3 0x000000008000fee4 (0xfe043783) x15 0x00000000800120d4 mem 0x0000000080031f50
core   0: 0x000000008000fee8 (0x00178713) addi    a4, a5, 1
core   0: 3 0x000000008000fee8 (0x00178713) x14 0x00000000800120d5
core   0: 0x000000008000feec (0xfee43023) sd      a4, -32(s0)
core   0: 3 0x000000008000feec (0xfee43023) mem 0x0000000080031f50 0x00000000800120d5
core   0: 0x000000008000fef0 (0xfc442703) lw      a4, -60(s0)
core   0: 3 0x000000008000fef0 (0xfc442703) x14 0x0000000000000000 mem 0x0000000080031f34
core   0: 0x000000008000fef4 (0x0ff77713) andi    a4, a4, 255
core   0: 3 0x000000008000fef4 (0x0ff77713) x14 0x0000000000000000
core   0: 0x000000008000fef8 (0x00e78023) sb      a4, 0(a5)
core   0: 3 0x000000008000fef8 (0x00e78023) mem 0x00000000800120d4 0x00
core   0: 0x000000008000fefc (0xfc843703) ld      a4, -56(s0)
core   0: 3 0x000000008000fefc (0xfc843703) x14 0x0000000080012040 mem 0x0000000080031f38
core   0: 0x000000008000ff00 (0xfb843783) ld      a5, -72(s0)
core   0: 3 0x000000008000ff00 (0xfb843783) x15 0x000000000000009c mem 0x0000000080031f28
core   0: 0x000000008000ff04 (0x000097ba) c.add   a5, a4
core   0: 3 0x000000008000ff04 (0x97ba) x15 0x00000000800120dc
core   0: 0x000000008000ff06 (0xfe043703) ld      a4, -32(s0)
core   0: 3 0x000000008000ff06 (0xfe043703) x14 0x00000000800120d5 mem 0x0000000080031f50
core   0: 0x000000008000ff0a (0xfcf76de3) bltu    a4, a5, pc - 38
core   0: 3 0x000000008000ff0a (0xfcf76de3)
core   0: 0x000000008000fee4 (0xfe043783) ld      a5, -32(s0)
core   0: 3 0x000000008000fee4 (0xfe043783) x15 0x00000000800120d5 mem 0x0000000080031f50
core   0: 0x000000008000fee8 (0x00178713) addi    a4, a5, 1
core   0: 3 0x000000008000fee8 (0x00178713) x14 0x00000000800120d6
core   0: 0x000000008000feec (0xfee43023) sd      a4, -32(s0)
core   0: 3 0x000000008000feec (0xfee43023) mem 0x0000000080031f50 0x00000000800120d6
core   0: 0x000000008000fef0 (0xfc442703) lw      a4, -60(s0)
core   0: 3 0x000000008000fef0 (0xfc442703) x14 0x0000000000000000 mem 0x0000000080031f34
core   0: 0x000000008000fef4 (0x0ff77713) andi    a4, a4, 255
core   0: 3 0x000000008000fef4 (0x0ff77713) x14 0x0000000000000000
core   0: 0x000000008000fef8 (0x00e78023) sb      a4, 0(a5)
core   0: 3 0x000000008000fef8 (0x00e78023) mem 0x00000000800120d5 0x00
core   0: 0x000000008000fefc (0xfc843703) ld      a4, -56(s0)
core   0: 3 0x000000008000fefc (0xfc843703) x14 0x0000000080012040 mem 0x0000000080031f38
core   0: 0x000000008000ff00 (0xfb843783) ld      a5, -72(s0)
core   0: 3 0x000000008000ff00 (0xfb843783) x15 0x000000000000009c mem 0x0000000080031f28
core   0: 0x000000008000ff04 (0x000097ba) c.add   a5, a4
core   0: 3 0x000000008000ff04 (0x97ba) x15 0x00000000800120dc
core   0: 0x000000008000ff06 (0xfe043703) ld      a4, -32(s0)
core   0: 3 0x000000008000ff06 (0xfe043703) x14 0x00000000800120d6 mem 0x0000000080031f50
core   0: 0x000000008000ff0a (0xfcf76de3) bltu    a4, a5, pc - 38
core   0: 3 0x000000008000ff0a (0xfcf76de3)
core   0: 0x000000008000fee4 (0xfe043783) ld      a5, -32(s0)
core   0: 3 0x000000008000fee4 (0xfe043783) x15 0x00000000800120d6 mem 0x0000000080031f50
core   0: 0x000000008000fee8 (0x00178713) addi    a4, a5, 1
core   0: 3 0x000000008000fee8 (0x00178713) x14 0x00000000800120d7
core   0: 0x000000008000feec (0xfee43023) sd      a4, -32(s0)
core   0: 3 0x000000008000feec (0xfee43023) mem 0x0000000080031f50 0x00000000800120d7
core   0: 0x000000008000fef0 (0xfc442703) lw      a4, -60(s0)
core   0: 3 0x000000008000fef0 (0xfc442703) x14 0x0000000000000000 mem 0x0000000080031f34
core   0: 0x000000008000fef4 (0x0ff77713) andi    a4, a4, 255
core   0: 3 0x000000008000fef4 (0x0ff77713) x14 0x0000000000000000
core   0: 0x000000008000fef8 (0x00e78023) sb      a4, 0(a5)
core   0: 3 0x000000008000fef8 (0x00e78023) mem 0x00000000800120d6 0x00
core   0: 0x000000008000fefc (0xfc843703) ld      a4, -56(s0)
core   0: 3 0x000000008000fefc (0xfc843703) x14 0x0000000080012040 mem 0x0000000080031f38
core   0: 0x000000008000ff00 (0xfb843783) ld      a5, -72(s0)
core   0: 3 0x000000008000ff00 (0xfb843783) x15 0x000000000000009c mem 0x0000000080031f28
core   0: 0x000000008000ff04 (0x000097ba) c.add   a5, a4
core   0: 3 0x000000008000ff04 (0x97ba) x15 0x00000000800120dc
core   0: 0x000000008000ff06 (0xfe043703) ld      a4, -32(s0)
core   0: 3 0x000000008000ff06 (0xfe043703) x14 0x00000000800120d7 mem 0x0000000080031f50
core   0: 0x000000008000ff0a (0xfcf76de3) bltu    a4, a5, pc - 38
core   0: 3 0x000000008000ff0a (0xfcf76de3)
core   0: 0x000000008000fee4 (0xfe043783) ld      a5, -32(s0)
core   0: 3 0x000000008000fee4 (0xfe043783) x15 0x00000000800120d7 mem 0x0000000080031f50
core   0: 0x000000008000fee8 (0x00178713) addi    a4, a5, 1
core   0: 3 0x000000008000fee8 (0x00178713) x14 0x00000000800120d8
core   0: 0x000000008000feec (0xfee43023) sd      a4, -32(s0)
core   0: 3 0x000000008000feec (0xfee43023) mem 0x0000000080031f50 0x00000000800120d8
core   0: 0x000000008000fef0 (0xfc442703) lw      a4, -60(s0)
core   0: 3 0x000000008000fef0 (0xfc442703) x14 0x0000000000000000 mem 0x0000000080031f34
core   0: 0x000000008000fef4 (0x0ff77713) andi    a4, a4, 255
core   0: 3 0x000000008000fef4 (0x0ff77713) x14 0x0000000000000000
core   0: 0x000000008000fef8 (0x00e78023) sb      a4, 0(a5)
core   0: 3 0x000000008000fef8 (0x00e78023) mem 0x00000000800120d7 0x00
core   0: 0x000000008000fefc (0xfc843703) ld      a4, -56(s0)
core   0: 3 0x000000008000fefc (0xfc843703) x14 0x0000000080012040 mem 0x0000000080031f38
core   0: 0x000000008000ff00 (0xfb843783) ld      a5, -72(s0)
core   0: 3 0x000000008000ff00 (0xfb843783) x15 0x000000000000009c mem 0x0000000080031f28
core   0: 0x000000008000ff04 (0x000097ba) c.add   a5, a4
core   0: 3 0x000000008000ff04 (0x97ba) x15 0x00000000800120dc
core   0: 0x000000008000ff06 (0xfe043703) ld      a4, -32(s0)
core   0: 3 0x000000008000ff06 (0xfe043703) x14 0x00000000800120d8 mem 0x0000000080031f50
core   0: 0x000000008000ff0a (0xfcf76de3) bltu    a4, a5, pc - 38
core   0: 3 0x000000008000ff0a (0xfcf76de3)
core   0: 0x000000008000fee4 (0xfe043783) ld      a5, -32(s0)
core   0: 3 0x000000008000fee4 (0xfe043783) x15 0x00000000800120d8 mem 0x0000000080031f50
core   0: 0x000000008000fee8 (0x00178713) addi    a4, a5, 1
core   0: 3 0x000000008000fee8 (0x00178713) x14 0x00000000800120d9
core   0: 0x000000008000feec (0xfee43023) sd      a4, -32(s0)
core   0: 3 0x000000008000feec (0xfee43023) mem 0x0000000080031f50 0x00000000800120d9
core   0: 0x000000008000fef0 (0xfc442703) lw      a4, -60(s0)
core   0: 3 0x000000008000fef0 (0xfc442703) x14 0x0000000000000000 mem 0x0000000080031f34
core   0: 0x000000008000fef4 (0x0ff77713) andi    a4, a4, 255
core   0: 3 0x000000008000fef4 (0x0ff77713) x14 0x0000000000000000
core   0: 0x000000008000fef8 (0x00e78023) sb      a4, 0(a5)
core   0: 3 0x000000008000fef8 (0x00e78023) mem 0x00000000800120d8 0x00
core   0: 0x000000008000fefc (0xfc843703) ld      a4, -56(s0)
core   0: 3 0x000000008000fefc (0xfc843703) x14 0x0000000080012040 mem 0x0000000080031f38
core   0: 0x000000008000ff00 (0xfb843783) ld      a5, -72(s0)
core   0: 3 0x000000008000ff00 (0xfb843783) x15 0x000000000000009c mem 0x0000000080031f28
core   0: 0x000000008000ff04 (0x000097ba) c.add   a5, a4
core   0: 3 0x000000008000ff04 (0x97ba) x15 0x00000000800120dc
core   0: 0x000000008000ff06 (0xfe043703) ld      a4, -32(s0)
core   0: 3 0x000000008000ff06 (0xfe043703) x14 0x00000000800120d9 mem 0x0000000080031f50
core   0: 0x000000008000ff0a (0xfcf76de3) bltu    a4, a5, pc - 38
core   0: 3 0x000000008000ff0a (0xfcf76de3)
core   0: 0x000000008000fee4 (0xfe043783) ld      a5, -32(s0)
core   0: 3 0x000000008000fee4 (0xfe043783) x15 0x00000000800120d9 mem 0x0000000080031f50
core   0: 0x000000008000fee8 (0x00178713) addi    a4, a5, 1
core   0: 3 0x000000008000fee8 (0x00178713) x14 0x00000000800120da
core   0: 0x000000008000feec (0xfee43023) sd      a4, -32(s0)
core   0: 3 0x000000008000feec (0xfee43023) mem 0x0000000080031f50 0x00000000800120da
core   0: 0x000000008000fef0 (0xfc442703) lw      a4, -60(s0)
core   0: 3 0x000000008000fef0 (0xfc442703) x14 0x0000000000000000 mem 0x0000000080031f34
core   0: 0x000000008000fef4 (0x0ff77713) andi    a4, a4, 255
core   0: 3 0x000000008000fef4 (0x0ff77713) x14 0x0000000000000000
core   0: 0x000000008000fef8 (0x00e78023) sb      a4, 0(a5)
core   0: 3 0x000000008000fef8 (0x00e78023) mem 0x00000000800120d9 0x00
core   0: 0x000000008000fefc (0xfc843703) ld      a4, -56(s0)
core   0: 3 0x000000008000fefc (0xfc843703) x14 0x0000000080012040 mem 0x0000000080031f38
core   0: 0x000000008000ff00 (0xfb843783) ld      a5, -72(s0)
core   0: 3 0x000000008000ff00 (0xfb843783) x15 0x000000000000009c mem 0x0000000080031f28
core   0: 0x000000008000ff04 (0x000097ba) c.add   a5, a4
core   0: 3 0x000000008000ff04 (0x97ba) x15 0x00000000800120dc
core   0: 0x000000008000ff06 (0xfe043703) ld      a4, -32(s0)
core   0: 3 0x000000008000ff06 (0xfe043703) x14 0x00000000800120da mem 0x0000000080031f50
core   0: 0x000000008000ff0a (0xfcf76de3) bltu    a4, a5, pc - 38
core   0: 3 0x000000008000ff0a (0xfcf76de3)
core   0: 0x000000008000fee4 (0xfe043783) ld      a5, -32(s0)
core   0: 3 0x000000008000fee4 (0xfe043783) x15 0x00000000800120da mem 0x0000000080031f50
core   0: 0x000000008000fee8 (0x00178713) addi    a4, a5, 1
core   0: 3 0x000000008000fee8 (0x00178713) x14 0x00000000800120db
core   0: 0x000000008000feec (0xfee43023) sd      a4, -32(s0)
core   0: 3 0x000000008000feec (0xfee43023) mem 0x0000000080031f50 0x00000000800120db
core   0: 0x000000008000fef0 (0xfc442703) lw      a4, -60(s0)
core   0: 3 0x000000008000fef0 (0xfc442703) x14 0x0000000000000000 mem 0x0000000080031f34
core   0: 0x000000008000fef4 (0x0ff77713) andi    a4, a4, 255
core   0: 3 0x000000008000fef4 (0x0ff77713) x14 0x0000000000000000
core   0: 0x000000008000fef8 (0x00e78023) sb      a4, 0(a5)
core   0: 3 0x000000008000fef8 (0x00e78023) mem 0x00000000800120da 0x00
core   0: 0x000000008000fefc (0xfc843703) ld      a4, -56(s0)
core   0: 3 0x000000008000fefc (0xfc843703) x14 0x0000000080012040 mem 0x0000000080031f38
core   0: 0x000000008000ff00 (0xfb843783) ld      a5, -72(s0)
core   0: 3 0x000000008000ff00 (0xfb843783) x15 0x000000000000009c mem 0x0000000080031f28
core   0: 0x000000008000ff04 (0x000097ba) c.add   a5, a4
core   0: 3 0x000000008000ff04 (0x97ba) x15 0x00000000800120dc
core   0: 0x000000008000ff06 (0xfe043703) ld      a4, -32(s0)
core   0: 3 0x000000008000ff06 (0xfe043703) x14 0x00000000800120db mem 0x0000000080031f50
core   0: 0x000000008000ff0a (0xfcf76de3) bltu    a4, a5, pc - 38
core   0: 3 0x000000008000ff0a (0xfcf76de3)
core   0: 0x000000008000fee4 (0xfe043783) ld      a5, -32(s0)
core   0: 3 0x000000008000fee4 (0xfe043783) x15 0x00000000800120db mem 0x0000000080031f50
core   0: 0x000000008000fee8 (0x00178713) addi    a4, a5, 1
core   0: 3 0x000000008000fee8 (0x00178713) x14 0x00000000800120dc
core   0: 0x000000008000feec (0xfee43023) sd      a4, -32(s0)
core   0: 3 0x000000008000feec (0xfee43023) mem 0x0000000080031f50 0x00000000800120dc
core   0: 0x000000008000fef0 (0xfc442703) lw      a4, -60(s0)
core   0: 3 0x000000008000fef0 (0xfc442703) x14 0x0000000000000000 mem 0x0000000080031f34
core   0: 0x000000008000fef4 (0x0ff77713) andi    a4, a4, 255
core   0: 3 0x000000008000fef4 (0x0ff77713) x14 0x0000000000000000
core   0: 0x000000008000fef8 (0x00e78023) sb      a4, 0(a5)
core   0: 3 0x000000008000fef8 (0x00e78023) mem 0x00000000800120db 0x00
core   0: 0x000000008000fefc (0xfc843703) ld      a4, -56(s0)
core   0: 3 0x000000008000fefc (0xfc843703) x14 0x0000000080012040 mem 0x0000000080031f38
core   0: 0x000000008000ff00 (0xfb843783) ld      a5, -72(s0)
core   0: 3 0x000000008000ff00 (0xfb843783) x15 0x000000000000009c mem 0x0000000080031f28
core   0: 0x000000008000ff04 (0x000097ba) c.add   a5, a4
core   0: 3 0x000000008000ff04 (0x97ba) x15 0x00000000800120dc
core   0: 0x000000008000ff06 (0xfe043703) ld      a4, -32(s0)
core   0: 3 0x000000008000ff06 (0xfe043703) x14 0x00000000800120dc mem 0x0000000080031f50
core   0: 0x000000008000ff0a (0xfcf76de3) bltu    a4, a5, pc - 38
core   0: 3 0x000000008000ff0a (0xfcf76de3)
core   0: 0x000000008000ff0e (0xfc843783) ld      a5, -56(s0)
core   0: 3 0x000000008000ff0e (0xfc843783) x15 0x0000000080012040 mem 0x0000000080031f38
core   0: 0x000000008000ff12 (0x0000853e) c.mv    a0, a5
core   0: 3 0x000000008000ff12 (0x853e) x10 0x0000000080012040
core   0: 0x000000008000ff14 (0x00006426) c.ldsp  s0, 72(sp)
core   0: 3 0x000000008000ff14 (0x6426) x8  0x0000000080031f90 mem 0x0000000080031f68
core   0: 0x000000008000ff16 (0x00006161) c.addi16sp sp, 80
core   0: 3 0x000000008000ff16 (0x6161) x2  0x0000000080031f70
core   0: 0x000000008000ff18 (0x00008082) ret
core   0: 3 0x000000008000ff18 (0x8082)
core   0: 0x000000008000f4cc (0x00000001) c.nop
core   0: 3 0x000000008000f4cc (0x0001)
core   0: 0x000000008000f4ce (0x000060e2) c.ldsp  ra, 24(sp)
core   0: 3 0x000000008000f4ce (0x60e2) x1  0x000000008000f50c mem 0x0000000080031f88
core   0: 0x000000008000f4d0 (0x00006442) c.ldsp  s0, 16(sp)
core   0: 3 0x000000008000f4d0 (0x6442) x8  0x0000000080032040 mem 0x0000000080031f80
core   0: 0x000000008000f4d2 (0x00006105) c.addi16sp sp, 32
core   0: 3 0x000000008000f4d2 (0x6105) x2  0x0000000080031f90
core   0: 0x000000008000f4d4 (0x00008082) ret
core   0: 3 0x000000008000f4d4 (0x8082)
core   0: 0x000000008000f50c (0xf5842703) lw      a4, -168(s0)
core   0: 3 0x000000008000f50c (0xf5842703) x14 0x0000000000000001 mem 0x0000000080031f98
core   0: 0x000000008000f510 (0xf5c42783) lw      a5, -164(s0)
core   0: 3 0x000000008000f510 (0xf5c42783) x15 0x0000000000000000 mem 0x0000000080031f9c
core   0: 0x000000008000f514 (0x000085ba) c.mv    a1, a4
core   0: 3 0x000000008000f514 (0x85ba) x11 0x0000000000000001
core   0: 0x000000008000f516 (0x0000853e) c.mv    a0, a5
core   0: 3 0x000000008000f516 (0x853e) x10 0x0000000000000000
core   0: 0x000000008000f518 (0xf03ff0ef) jal     pc - 0xfe
core   0: 3 0x000000008000f518 (0xf03ff0ef) x1  0x000000008000f51c
core   0: >>>>  thread_entry
core   0: 0x000000008000f41a (0x00001101) c.addi  sp, -32
core   0: 3 0x000000008000f41a (0x1101) x2  0x0000000080031f70
core   0: 0x000000008000f41c (0x0000ec22) c.sdsp  s0, 24(sp)
core   0: 3 0x000000008000f41c (0xec22) mem 0x0000000080031f88 0x0000000080032040
core   0: 0x000000008000f41e (0x00001000) c.addi4spn s0, sp, 32
core   0: 3 0x000000008000f41e (0x1000) x8  0x0000000080031f90
core   0: 0x000000008000f420 (0x000087aa) c.mv    a5, a0
core   0: 3 0x000000008000f420 (0x87aa) x15 0x0000000000000000
core   0: 0x000000008000f422 (0x0000872e) c.mv    a4, a1
core   0: 3 0x000000008000f422 (0x872e) x14 0x0000000000000001
core   0: 0x000000008000f424 (0xfef42623) sw      a5, -20(s0)
core   0: 3 0x000000008000f424 (0xfef42623) mem 0x0000000080031f7c 0x00000000
core   0: 0x000000008000f428 (0x000087ba) c.mv    a5, a4
core   0: 3 0x000000008000f428 (0x87ba) x15 0x0000000000000001
core   0: 0x000000008000f42a (0xfef42423) sw      a5, -24(s0)
core   0: 3 0x000000008000f42a (0xfef42423) mem 0x0000000080031f78 0x00000001
core   0: 0x000000008000f42e (0x00000001) c.nop
core   0: 3 0x000000008000f42e (0x0001)
core   0: 0x000000008000f430 (0xfec42783) lw      a5, -20(s0)
core   0: 3 0x000000008000f430 (0xfec42783) x15 0x0000000000000000 mem 0x0000000080031f7c
core   0: 0x000000008000f434 (0x00002781) c.addiw a5, 0
core   0: 3 0x000000008000f434 (0x2781) x15 0x0000000000000000
core   0: 0x000000008000f436 (0x0000ffed) c.bnez  a5, pc - 6
core   0: 3 0x000000008000f436 (0xffed)
core   0: 0x000000008000f438 (0x00000001) c.nop
core   0: 3 0x000000008000f438 (0x0001)
core   0: 0x000000008000f43a (0x00000001) c.nop
core   0: 3 0x000000008000f43a (0x0001)
core   0: 0x000000008000f43c (0x00006462) c.ldsp  s0, 24(sp)
core   0: 3 0x000000008000f43c (0x6462) x8  0x0000000080032040 mem 0x0000000080031f88
core   0: 0x000000008000f43e (0x00006105) c.addi16sp sp, 32
core   0: 3 0x000000008000f43e (0x6105) x2  0x0000000080031f90
core   0: 0x000000008000f440 (0x00008082) ret
core   0: 3 0x000000008000f440 (0x8082)
core   0: 0x000000008000f51c (0x00004581) c.li    a1, 0
core   0: 3 0x000000008000f51c (0x4581) x11 0x0000000000000000
core   0: 0x000000008000f51e (0x00004501) c.li    a0, 0
core   0: 3 0x000000008000f51e (0x4501) x10 0x0000000000000000
core   0: 0x000000008000f520 (0xae1f20ef) jal     pc - 0xd520
core   0: 3 0x000000008000f520 (0xae1f20ef) x1  0x000000008000f524
core   0: >>>>  main
core   0: 0x0000000080002000 (0x00000001) c.nop
core   0: 3 0x0000000080002000 (0x0001)
core   0: >>>>  trap_vec_init
core   0: 0x0000000080002002 (0x00002797) auipc   a5, 0x2
core   0: 3 0x0000000080002002 (0x00002797) x15 0x0000000080004002
core   0: 0x0000000080002006 (0xffe78793) addi    a5, a5, -2
core   0: 3 0x0000000080002006 (0xffe78793) x15 0x0000000080004000
core   0: 0x000000008000200a (0x30579073) csrrw   zero, mtvec, a5
core   0: 3 0x000000008000200a (0x30579073) c773_mtvec 0x0000000080004000
core   0: >>>>  pmp_setup
core   0: 0x000000008000200e (0x00002c17) auipc   s8, 0x2
core   0: 3 0x000000008000200e (0x00002c17) x24 0x000000008000400e
core   0: 0x0000000080002012 (0x022c0c13) addi    s8, s8, 34
core   0: 3 0x0000000080002012 (0x022c0c13) x24 0x0000000080004030
core   0: 0x0000000080002016 (0x00004781) c.li    a5, 0
core   0: 3 0x0000000080002016 (0x4781) x15 0x0000000000000000
core   0: 0x0000000080002018 (0x00009c3e) c.add   s8, a5
core   0: 3 0x0000000080002018 (0x9c3e) x24 0x0000000080004030
core   0: 0x000000008000201a (0x3b0c1073) csrrw   zero, pmpaddr0, s8
core   0: 3 0x000000008000201a (0x3b0c1073) c944_pmpaddr0 0x0000000080004030
core   0: 0x000000008000201e (0x00004c3d) c.li    s8, 15
core   0: 3 0x000000008000201e (0x4c3d) x24 0x000000000000000f
core   0: 0x0000000080002020 (0x3a0c1073) csrrw   zero, pmpcfg0, s8
core   0: 3 0x0000000080002020 (0x3a0c1073) c928_pmpcfg0 0x000000000000000f
core   0: 0x0000000080002024 (0x12000073) sfence.vma zero, zero
core   0: 3 0x0000000080002024 (0x12000073)
core   0: >>>>  mepc_setup
core   0: 0x0000000080002028 (0x00002797) auipc   a5, 0x2
core   0: 3 0x0000000080002028 (0x00002797) x15 0x0000000080004028
core   0: 0x000000008000202c (0x00878793) addi    a5, a5, 8
core   0: 3 0x000000008000202c (0x00878793) x15 0x0000000080004030
core   0: 0x0000000080002030 (0x34179073) csrrw   zero, mepc, a5
core   0: 3 0x0000000080002030 (0x34179073) c833_mepc 0x0000000080004030
core   0: >>>>  custom_csr_setup
core   0: 0x0000000080002034 (0x00100f9b) addiw   t6, zero, 1
core   0: 3 0x0000000080002034 (0x00100f9b) x31 0x0000000000000001
core   0: 0x0000000080002038 (0x00000ffe) c.slli  t6, 31
core   0: 3 0x0000000080002038 (0x0ffe) x31 0x0000000080000000
core   0: 0x000000008000203a (0x00000001) c.nop
core   0: 3 0x000000008000203a (0x0001)
core   0: >>>>  init_s_mode
core   0: 0x000000008000203c (0xfff0079b) addiw   a5, zero, -1
core   0: 3 0x000000008000203c (0xfff0079b) x15 0xffffffffffffffff
core   0: 0x0000000080002040 (0x000017fe) c.slli  a5, 63
core   0: 3 0x0000000080002040 (0x17fe) x15 0x8000000000000000
core   0: 0x0000000080002042 (0x18079073) csrrw   zero, satp, a5
core   0: 3 0x0000000080002042 (0x18079073) c384_satp 0x8000000000000000
core   0: 0x0000000080002046 (0x0000f797) auipc   a5, 0xf
core   0: 3 0x0000000080002046 (0x0000f797) x15 0x0000000080011046
core   0: 0x000000008000204a (0xfba78793) addi    a5, a5, -70
core   0: 3 0x000000008000204a (0xfba78793) x15 0x0000000080011000
core   0: 0x000000008000204e (0x000083b1) c.srli  a5, 12
core   0: 3 0x000000008000204e (0x83b1) x15 0x0000000000080011
core   0: 0x0000000080002050 (0x0010061b) addiw   a2, zero, 1
core   0: 3 0x0000000080002050 (0x0010061b) x12 0x0000000000000001
core   0: 0x0000000080002054 (0x00001632) c.slli  a2, 44
core   0: 3 0x0000000080002054 (0x1632) x12 0x0000100000000000
core   0: 0x0000000080002056 (0x0000167d) c.addi  a2, -1
core   0: 3 0x0000000080002056 (0x167d) x12 0x00000fffffffffff
core   0: 0x0000000080002058 (0x00008ff1) c.and   a5, a2
core   0: 3 0x0000000080002058 (0x8ff1) x15 0x0000000000080011
core   0: 0x000000008000205a (0x1807a073) csrrs   zero, satp, a5
core   0: 3 0x000000008000205a (0x1807a073) c384_satp 0x8000000000080011
core   0: 0x000000008000205e (0x00a005b7) lui     a1, 0xa00
core   0: 3 0x000000008000205e (0x00a005b7) x11 0x0000000000a00000
core   0: 0x0000000080002062 (0x10b5859b) addiw   a1, a1, 267
core   0: 3 0x0000000080002062 (0x10b5859b) x11 0x0000000000a0010b
core   0: 0x0000000080002066 (0x000005b2) c.slli  a1, 12
core   0: 3 0x0000000080002066 (0x05b2) x11 0x0000000a0010b000
core   0: 0x0000000080002068 (0xa0058593) addi    a1, a1, -1536
core   0: 3 0x0000000080002068 (0xa0058593) x11 0x0000000a0010aa00
core   0: 0x000000008000206c (0x30059073) csrrw   zero, mstatus, a1
core   0: 3 0x000000008000206c (0x30059073) c768_mstatus 0x0000000a00102800
core   0: 0x0000000080002070 (0x30459073) csrrw   zero, mie, a1
core   0: 3 0x0000000080002070 (0x30459073) c772_mie 0x0000000000000a00
core   0: 0x0000000080002074 (0x00a005b7) lui     a1, 0xa00
core   0: 3 0x0000000080002074 (0x00a005b7) x11 0x0000000000a00000
core   0: 0x0000000080002078 (0x10b5859b) addiw   a1, a1, 267
core   0: 3 0x0000000080002078 (0x10b5859b) x11 0x0000000000a0010b
core   0: 0x000000008000207c (0x000005b2) c.slli  a1, 12
core   0: 3 0x000000008000207c (0x05b2) x11 0x0000000a0010b000
core   0: 0x000000008000207e (0xa0058593) addi    a1, a1, -1536
core   0: 3 0x000000008000207e (0xa0058593) x11 0x0000000a0010aa00
core   0: 0x0000000080002082 (0x10059073) csrrw   zero, sstatus, a1
core   0: 3 0x0000000080002082 (0x10059073) c768_mstatus 0x0000000a00102800
core   0: 0x0000000080002086 (0x10459073) csrrw   zero, sie, a1
core   0: 3 0x0000000080002086 (0x10459073) c772_mie 0x0000000000000a00
core   0: 0x000000008000208a (0x30200073) mret
core   0: 3 0x000000008000208a (0x30200073) c768_mstatus 0x0000000a00102080
core   0: >>>>  main_g
core   0: 0x0000000080004030 (0xa39616d3) flt.d   a3, fa2, fs9
core   0: 1 0x0000000080004030 (0xa39616d3) c1_fflags 0x0000000000000010 c768_mstatus 0x8000000a00106080 x13 0x0000000000000000
core   0: 0x0000000080004034 (0x02531593) slli    a1, t1, 37
core   0: 1 0x0000000080004034 (0x02531593) x11 0x0000000000000000
core   0: 0x0000000080004038 (0x0014939b) slliw   t2, s1, 1
core   0: 1 0x0000000080004038 (0x0014939b) x7  0x0000000000063f80
core   0: 0x000000008000403c (0x019580bb) addw    ra, a1, s9
core   0: 1 0x000000008000403c (0x019580bb) x1  0x0000000000000000
core   0: 0x0000000080004040 (0x01c0d49b) srliw   s1, ra, 28
core   0: 1 0x0000000080004040 (0x01c0d49b) x9  0x0000000000000000
core   0: 0x0000000080004044 (0x01726c33) or      s8, tp, s7
core   0: 1 0x0000000080004044 (0x01726c33) x24 0x0000000080012040
core   0: 0x0000000080004048 (0xe2d47d43) fmadd.d fs10, fs0, fa3, ft8
core   0: 1 0x0000000080004048 (0xe2d47d43) f26 0x7ff8000000000000
core   0: 0x000000008000404c (0x0087d79b) srliw   a5, a5, 8
core   0: 1 0x000000008000404c (0x0087d79b) x15 0x0000000000000800
core   0: 0x0000000080004050 (0x420888d3) fcvt.d.s fa7, fa7
core   0: 1 0x0000000080004050 (0x420888d3) f17 0x0000000000000000
core   0: 0x0000000080004054 (0x02216dbb) remw    s11, sp, sp
core   0: 1 0x0000000080004054 (0x02216dbb) x27 0x0000000000000000
core   0: 0x0000000080004058 (0x01991cb3) sll     s9, s2, s9
core   0: 1 0x0000000080004058 (0x01991cb3) x25 0x0000000000000000
core   0: 0x000000008000405c (0x02127233) remu    tp, tp, ra
core   0: 1 0x000000008000405c (0x02127233) x4  0x0000000080012040
core   0: 0x0000000080004060 (0x023282bb) mulw    t0, t0, gp
core   0: 1 0x0000000080004060 (0x023282bb) x5  0x000000000151cda0
core   0: 0x0000000080004064 (0x436c5993) srai    s3, s8, 54
core   0: 1 0x0000000080004064 (0x436c5993) x19 0x0000000000000000
core   0: 0x0000000080004068 (0x429d5593) srai    a1, s10, 41
core   0: 1 0x0000000080004068 (0x429d5593) x11 0x0000000000000000
core   0: 0x000000008000406c (0x7cc8f993) andi    s3, a7, 1996
core   0: 1 0x000000008000406c (0x7cc8f993) x19 0x0000000000000000
core   0: 0x0000000080004070 (0x411cd03b) sraw    zero, s9, a7
core   0: 1 0x0000000080004070 (0x411cd03b)
core   0: 0x0000000080004074 (0x12ce7dd3) fmul.d  fs11, ft8, fa2
core   0: 1 0x0000000080004074 (0x12ce7dd3) f27 0x7ff8000000000000
core   0: 0x0000000080004078 (0x025c8d3b) mulw    s10, s9, t0
core   0: 1 0x0000000080004078 (0x025c8d3b) x26 0x0000000000000000
core   0: 0x000000008000407c (0x00000001) c.nop
core   0: 1 0x000000008000407c (0x0001)
core   0: 0x000000008000407e (0x032080bb) mulw    ra, ra, s2
core   0: 1 0x000000008000407e (0x032080bb) x1  0x0000000000000000
core   0: 0x0000000080004082 (0x410ed293) srai    t0, t4, 16
core   0: 1 0x0000000080004082 (0x410ed293) x5  0x0000000000000000
core   0: 0x0000000080004086 (0x01ac563b) srlw    a2, s8, s10
core   0: 1 0x0000000080004086 (0x01ac563b) x12 0xffffffff80012040
core   0: 0x000000008000408a (0x0240d833) divu    a6, ra, tp
core   0: 1 0x000000008000408a (0x0240d833) x16 0x0000000000000000
core   0: 0x000000008000408e (0x00009325) c.srli  a4, 41
core   0: 1 0x000000008000408e (0x9325) x14 0x0000000000000000
core   0: 0x0000000080004090 (0x00102a73) csrrs   s4, fflags, zero
core   0: 1 0x0000000080004090 (0x00102a73) x20 0x0000000000000010
core   0: 0x0000000080004094 (0x0013801b) addiw   zero, t2, 1
core   0: 1 0x0000000080004094 (0x0013801b)
core   0: 0x0000000080004098 (0x22c922d3) fsgnjx.d ft5, fs2, fa2
core   0: 1 0x0000000080004098 (0x22c922d3) f5  0x7fffffff00000000
core   0: 0x000000008000409c (0x02ca0cbb) mulw    s9, s4, a2
core   0: 1 0x000000008000409c (0x02ca0cbb) x25 0x0000000000120400
core   0: 0x00000000800040a0 (0xfcd37437) lui     s0, 0xfcd37
core   0: 1 0x00000000800040a0 (0xfcd37437) x8  0xfffffffffcd37000
core   0: 0x00000000800040a4 (0xc734041b) addiw   s0, s0, -909
core   0: 1 0x00000000800040a4 (0xc734041b) x8  0xfffffffffcd36c73
core   0: 0x00000000800040a8 (0x00000432) c.slli  s0, 12
core   0: 1 0x00000000800040a8 (0x0432) x8  0xffffffcd36c73000
core   0: 0x00000000800040aa (0x61c40413) addi    s0, s0, 1564
core   0: 1 0x00000000800040aa (0x61c40413) x8  0xffffffcd36c7361c
core   0: 0x00000000800040ae (0x2a5e1553) fmax.d  fa0, ft8, ft5
core   0: 1 0x00000000800040ae (0x2a5e1553) f10 0x7ff8000000000000
core   0: 0x00000000800040b2 (0x01d406bb) addw    a3, s0, t4
core   0: 1 0x00000000800040b2 (0x01d406bb) x13 0x0000000036c7361c
core   0: 0x00000000800040b6 (0x0398f53b) remuw   a0, a7, s9
core   0: 1 0x00000000800040b6 (0x0398f53b) x10 0x0000000000000000
core   0: 0x00000000800040ba (0xa9947197) auipc   gp, 0xa9947
core   0: 1 0x00000000800040ba (0xa9947197) x3  0x000000002994b0ba
core   0: 0x00000000800040be (0x00000001) c.nop
core   0: 1 0x00000000800040be (0x0001)
core   0: 0x00000000800040c0 (0x2a228a53) fmin.d  fs4, ft5, ft2
core   0: 1 0x00000000800040c0 (0x2a228a53) f20 0x7ff8000000000000
core   0: 0x00000000800040c4 (0x001d101b) slliw   zero, s10, 1
core   0: 1 0x00000000800040c4 (0x001d101b)
core   0: 0x00000000800040c8 (0xf2090fd3) fmv.d.x ft11, s2
core   0: 1 0x00000000800040c8 (0xf2090fd3) f31 0x0000000000000000
core   0: 0x00000000800040cc (0x007ad3bb) srlw    t2, s5, t2
core   0: 1 0x00000000800040cc (0x007ad3bb) x7  0x0000000000000000
core   0: 0x00000000800040d0 (0x142c36f3) csrrc   a3, scause, s8
core   0: 1 0x00000000800040d0 (0x142c36f3) x13 0x0000000000000000 c322_scause 0x0000000000000000
core   0: 0x00000000800040d4 (0x0141d71b) srliw   a4, gp, 20
core   0: 1 0x00000000800040d4 (0x0141d71b) x14 0x0000000000000299
core   0: 0x00000000800040d8 (0x03fa9c13) slli    s8, s5, 63
core   0: 1 0x00000000800040d8 (0x03fa9c13) x24 0x0000000000000000
core   0: 0x00000000800040dc (0xfb6ef1c7) fmsub.d ft3, ft9, fs6, ft11
core   0: 1 0x00000000800040dc (0xfb6ef1c7) f3  0x7ff8000000000000
core   0: 0x00000000800040e0 (0x408580b3) sub     ra, a1, s0
core   0: 1 0x00000000800040e0 (0x408580b3) x1  0x00000032c938c9e4
core   0: 0x00000000800040e4 (0x01d2db9b) srliw   s7, t0, 29
core   0: 1 0x00000000800040e4 (0x01d2db9b) x23 0x0000000000000000
core   0: 0x00000000800040e8 (0x01b47433) and     s0, s0, s11
core   0: 1 0x00000000800040e8 (0x01b47433) x8  0x0000000000000000
core   0: 0x00000000800040ec (0x5a0ff653) fsqrt.d fa2, ft11
core   0: 1 0x00000000800040ec (0x5a0ff653) f12 0x0000000000000000
core   0: 0x00000000800040f0 (0x028b503b) divuw   zero, s6, s0
core   0: 1 0x00000000800040f0 (0x028b503b)
core   0: 0x00000000800040f4 (0x00a026b3) slt     a3, zero, a0
core   0: 1 0x00000000800040f4 (0x00a026b3) x13 0x0000000000000000
core   0: 0x00000000800040f8 (0x002015f3) csrrw   a1, frm, zero
core   0: 1 0x00000000800040f8 (0x002015f3) x11 0x0000000000000000 c2_frm 0x0000000000000000
core   0: 0x00000000800040fc (0x40d5dcbb) sraw    s9, a1, a3
core   0: 1 0x00000000800040fc (0x40d5dcbb) x25 0x0000000000000000
core   0: 0x0000000080004100 (0xc039f9d3) fcvt.lu.s s3, fs3
core   0: 1 0x0000000080004100 (0xc039f9d3) x19 0x0000000000000000
core   0: 0x0000000080004104 (0xf20884d3) fmv.d.x fs1, a7
core   0: 1 0x0000000080004104 (0xf20884d3) f9  0x0000000000000000
core   0: 0x0000000080004108 (0x0048dbb3) srl     s7, a7, tp
core   0: 1 0x0000000080004108 (0x0048dbb3) x23 0x0000000000000000
core   0: 0x000000008000410c (0x4b367dcf) fnmadd.d fs11, fa2, fs3, fs1
core   0: 1 0x000000008000410c (0x4b367dcf) f27 0x7ff8000000000000
core   0: 0x0000000080004110 (0x00abdc93) srli    s9, s7, 10
core   0: 1 0x0000000080004110 (0x00abdc93) x25 0x0000000000000000
core   0: 0x0000000080004114 (0x01399933) sll     s2, s3, s3
core   0: 1 0x0000000080004114 (0x01399933) x18 0x0000000000000000
core   0: 0x0000000080004118 (0x01de511b) srliw   sp, t3, 29
core   0: 1 0x0000000080004118 (0x01de511b) x2  0x0000000000000000
core   0: 0x000000008000411c (0x8b1c78c7) fmsub.d fa7, fs8, fa7, fa7
core   0: 1 0x000000008000411c (0x8b1c78c7) f17 0x7ff8000000000000
core   0: 0x0000000080004120 (0x4398dc93) srai    s9, a7, 57
core   0: 1 0x0000000080004120 (0x4398dc93) x25 0x0000000000000000
core   0: 0x0000000080004124 (0x014ce4b3) or      s1, s9, s4
core   0: 1 0x0000000080004124 (0x014ce4b3) x9  0x0000000000000010
core   0: 0x0000000080004128 (0x00051893) slli    a7, a0, 0
core   0: 1 0x0000000080004128 (0x00051893) x17 0x0000000000000000
core   0: 0x000000008000412c (0x420a8dd3) fcvt.d.s fs11, fs5
core   0: 1 0x000000008000412c (0x420a8dd3) f27 0x0000000000000000
core   0: 0x0000000080004130 (0x40b05e1b) sraiw   t3, zero, 11
core   0: 1 0x0000000080004130 (0x40b05e1b) x28 0x0000000000000000
core   0: 0x0000000080004134 (0x010605bb) addw    a1, a2, a6
core   0: 1 0x0000000080004134 (0x010605bb) x11 0xffffffff80012040
core   0: 0x0000000080004138 (0x02a7553b) divuw   a0, a4, a0
core   0: 1 0x0000000080004138 (0x02a7553b) x10 0xffffffffffffffff
core   0: 0x000000008000413c (0xc3e25c37) lui     s8, 0xc3e25
core   0: 1 0x000000008000413c (0xc3e25c37) x24 0xffffffffc3e25000
core   0: 0x0000000080004140 (0x001b139b) slliw   t2, s6, 1
core   0: 1 0x0000000080004140 (0x001b139b) x7  0x0000000000000000
core   0: 0x0000000080004144 (0x0011099b) addiw   s3, sp, 1
core   0: 1 0x0000000080004144 (0x0011099b) x19 0x0000000000000001
core   0: 0x0000000080004148 (0x2a6d12d3) fmax.d  ft5, fs10, ft6
core   0: 1 0x0000000080004148 (0x2a6d12d3) f5  0x7ff8000000000000
core   0: 0x000000008000414c (0x0ff0000f) fence   iorw,iorw
core   0: 1 0x000000008000414c (0x0ff0000f)
core   0: 0x0000000080004150 (0x03345433) divu    s0, s0, s3
core   0: 1 0x0000000080004150 (0x03345433) x8  0x0000000000000000
core   0: 0x0000000080004154 (0x87a8adb7) lui     s11, 0x87a8a
core   0: 1 0x0000000080004154 (0x87a8adb7) x27 0xffffffff87a8a000
core   0: 0x0000000080004158 (0x002d833b) addw    t1, s11, sp
core   0: 1 0x0000000080004158 (0x002d833b) x6  0xffffffff87a8a000
core   0: 0x000000008000415c (0xab0729b7) lui     s3, 0xab072
core   0: 1 0x000000008000415c (0xab0729b7) x19 0xffffffffab072000
core   0: 0x0000000080004160 (0x01e9991b) slliw   s2, s3, 30
core   0: 1 0x0000000080004160 (0x01e9991b) x18 0x0000000000000000
core   0: 0x0000000080004164 (0x40d78d3b) subw    s10, a5, a3
core   0: 1 0x0000000080004164 (0x40d78d3b) x26 0x0000000000000800
core   0: 0x0000000080004168 (0x01d1083b) addw    a6, sp, t4
core   0: 1 0x0000000080004168 (0x01d1083b) x16 0x0000000000000000
core   0: 0x000000008000416c (0x20113613) sltiu   a2, sp, 513
core   0: 1 0x000000008000416c (0x20113613) x12 0x0000000000000001
core   0: 0x0000000080004170 (0x00c803bb) addw    t2, a6, a2
core   0: 1 0x0000000080004170 (0x00c803bb) x7  0x0000000000000001
core   0: 0x0000000080004174 (0x00672937) lui     s2, 0x672
core   0: 1 0x0000000080004174 (0x00672937) x18 0x0000000000672000
core   0: 0x0000000080004178 (0xd599091b) addiw   s2, s2, -679
core   0: 1 0x0000000080004178 (0xd599091b) x18 0x0000000000671d59
core   0: 0x000000008000417c (0x00000932) c.slli  s2, 12
core   0: 1 0x000000008000417c (0x0932) x18 0x0000000671d59000
core   0: 0x000000008000417e (0xf7d90913) addi    s2, s2, -131
core   0: 1 0x000000008000417e (0xf7d90913) x18 0x0000000671d58f7d
core   0: 0x0000000080004182 (0x235da9d3) fsgnjx.d fs3, fs11, fs5
core   0: 1 0x0000000080004182 (0x235da9d3) f19 0x8000000000000000
core   0: 0x0000000080004186 (0x225484d3) fsgnj.d fs1, fs1, ft5
core   0: 1 0x0000000080004186 (0x225484d3) f9  0x0000000000000000
core   0: 0x000000008000418a (0x89f96b13) ori     s6, s2, -1889
core   0: 1 0x000000008000418a (0x89f96b13) x22 0xffffffffffffffff
core   0: 0x000000008000418e (0x00000001) c.nop
core   0: 1 0x000000008000418e (0x0001)
core   0: 0x0000000080004190 (0x40155d1b) sraiw   s10, a0, 1
core   0: 1 0x0000000080004190 (0x40155d1b) x26 0xffffffffffffffff
core   0: 0x0000000080004194 (0x01c00dbb) addw    s11, zero, t3
core   0: 1 0x0000000080004194 (0x01c00dbb) x27 0x0000000000000000
core   0: 0x0000000080004198 (0xb2c57c97) auipc   s9, 0xb2c57
core   0: 1 0x0000000080004198 (0xb2c57c97) x25 0x0000000032c5b198
core   0: 0x000000008000419c (0x031d58bb) divuw   a7, s10, a7
core   0: 1 0x000000008000419c (0x031d58bb) x17 0xffffffffffffffff
core   0: 0x00000000800041a0 (0x010123b3) slt     t2, sp, a6
core   0: 1 0x00000000800041a0 (0x010123b3) x7  0x0000000000000000
core   0: 0x00000000800041a4 (0xc20e74d3) fcvt.w.d s1, ft8
core   0: 1 0x00000000800041a4 (0xc20e74d3) c1_fflags 0x0000000000000010 x9  0x000000007fffffff
core   0: 0x00000000800041a8 (0x22522253) fsgnjx.d ft4, ft4, ft5
core   0: 1 0x00000000800041a8 (0x22522253) f4  0xffffffff00000000
core   0: 0x00000000800041ac (0x634b7b4f) fnmadd.d fs6, fs6, fs4, fa2
core   0: 1 0x00000000800041ac (0x634b7b4f) f22 0x7ff8000000000000
core   0: 0x00000000800041b0 (0x016c6b33) or      s6, s8, s6
core   0: 1 0x00000000800041b0 (0x016c6b33) x22 0xffffffffffffffff
core   0: 0x00000000800041b4 (0xc021fd53) fcvt.l.s s10, ft3
core   0: 1 0x00000000800041b4 (0xc021fd53) c1_fflags 0x0000000000000010 x26 0x7fffffffffffffff
core   0: 0x00000000800041b8 (0x00f7dd33) srl     s10, a5, a5
core   0: 1 0x00000000800041b8 (0x00f7dd33) x26 0x0000000000000800
core   0: 0x00000000800041bc (0x2b751e53) fmax.d  ft8, fa0, fs7
core   0: 1 0x00000000800041bc (0x2b751e53) f28 0x7ff8000000000000
core   0: 0x00000000800041c0 (0xc20dfb53) fcvt.w.d s6, fs11
core   0: 1 0x00000000800041c0 (0xc20dfb53) x22 0x0000000000000000
core   0: 0x00000000800041c4 (0x2a798953) fmin.d  fs2, fs3, ft7
core   0: 1 0x00000000800041c4 (0x2a798953) f18 0x8000000000000000
core   0: 0x00000000800041c8 (0x80007813) andi    a6, zero, -2048
core   0: 1 0x00000000800041c8 (0x80007813) x16 0x0000000000000000
core   0: 0x00000000800041cc (0x401bd193) srai    gp, s7, 1
core   0: 1 0x00000000800041cc (0x401bd193) x3  0x0000000000000000
core   0: 0x00000000800041d0 (0xd2100dd3) fcvt.d.wu fs11, zero
core   0: 1 0x00000000800041d0 (0xd2100dd3) f27 0x0000000000000000
core   0: 0x00000000800041d4 (0xf14b3473) csrrc   s0, mhartid, s6
core   0: exception trap_illegal_instruction, epc 0x00000000800041d4
core   0:           tval 0x00000000f14b3473
core   0: >>>>  $xrv64i2p1_m2p0_a2p1_f2p2_d2p2_zicsr2p0_zifencei2p0_zmmul1p0_zba1p0_zbb1p0_zbc1p0_zbs1p0
core   0: 0x0000000080004000 (0x0080006f) j       pc + 0x8
core   0: 3 0x0000000080004000 (0x0080006f)
core   0: >>>>  mmode_exception_handler
core   0: 0x0000000080004008 (0x00002c17) auipc   s8, 0x2
core   0: 3 0x0000000080004008 (0x00002c17) x24 0x0000000080006008
core   0: 0x000000008000400c (0x06ec0c13) addi    s8, s8, 110
core   0: 3 0x000000008000400c (0x06ec0c13) x24 0x0000000080006076
core   0: 0x0000000080004010 (0x000c00e7) jalr    s8
core   0: 3 0x0000000080004010 (0x000c00e7) x1  0x0000000080004014
core   0: >>>>  any_handler
core   0: 0x0000000080006076 (0x341027f3) csrrs   a5, mepc, zero
core   0: 3 0x0000000080006076 (0x341027f3) x15 0x00000000800041d4
core   0: 0x000000008000607a (0x34202773) csrrs   a4, mcause, zero
core   0: 3 0x000000008000607a (0x34202773) x14 0x0000000000000002
core   0: 0x000000008000607e (0x142026f3) csrrs   a3, scause, zero
core   0: 3 0x000000008000607e (0x142026f3) x13 0x0000000000000000
core   0: 0x0000000080006082 (0x30402673) csrrs   a2, mie, zero
core   0: 3 0x0000000080006082 (0x30402673) x12 0x0000000000000a00
core   0: 0x0000000080006086 (0x344025f3) csrrs   a1, mip, zero
core   0: 3 0x0000000080006086 (0x344025f3) x11 0x0000000000000080
core   0: 0x000000008000608a (0x343025f3) csrrs   a1, mtval, zero
core   0: 3 0x000000008000608a (0x343025f3) x11 0x00000000f14b3473
core   0: 0x000000008000608e (0x14302573) csrrs   a0, stval, zero
core   0: 3 0x000000008000608e (0x14302573) x10 0x0000000000000000
core   0: 0x0000000080006092 (0xb02024f3) csrrs   s1, minstret, zero
core   0: 3 0x0000000080006092 (0xb02024f3) x9  0x0000000000000837
core   0: 0x0000000080006096 (0x0000a811) c.j     pc + 20
core   0: 3 0x0000000080006096 (0xa811)
core   0: >>>>  mepc_4
core   0: 0x00000000800060aa (0x00000791) c.addi  a5, 4
core   0: 3 0x00000000800060aa (0x0791) x15 0x00000000800041d8
core   0: 0x00000000800060ac (0x34179073) csrrw   zero, mepc, a5
core   0: 3 0x00000000800060ac (0x34179073) c833_mepc 0x00000000800041d8
core   0: 0x00000000800060b0 (0x30200073) mret
core   0: 3 0x00000000800060b0 (0x30200073) c768_mstatus 0x8000000a00106080
core   0: 0x00000000800041d8 (0x4e4dc193) xori    gp, s11, 1252
core   0: 1 0x00000000800041d8 (0x4e4dc193) x3  0x00000000000004e4
core   0: 0x00000000800041dc (0x0012029b) addiw   t0, tp, 1
core   0: 1 0x00000000800041dc (0x0012029b) x5  0xffffffff80012041
core   0: 0x00000000800041e0 (0x023038b3) mulhu   a7, zero, gp
core   0: 1 0x00000000800041e0 (0x023038b3) x17 0x0000000000000000
core   0: 0x00000000800041e4 (0x0058eeb3) or      t4, a7, t0
core   0: 1 0x00000000800041e4 (0x0058eeb3) x29 0xffffffff80012041
core   0: 0x00000000800041e8 (0x0205f5b3) remu    a1, a1, zero
core   0: 1 0x00000000800041e8 (0x0205f5b3) x11 0x00000000f14b3473
core   0: 0x00000000800041ec (0xc21dfdd3) fcvt.wu.d s11, fs11
core   0: 1 0x00000000800041ec (0xc21dfdd3) x27 0x0000000000000000
core   0: 0x00000000800041f0 (0xd2217253) fcvt.d.l ft4, sp
core   0: 1 0x00000000800041f0 (0xd2217253) f4  0x0000000000000000
core   0: 0x00000000800041f4 (0xd026ff53) fcvt.s.l ft10, a3
core   0: 1 0x00000000800041f4 (0xd026ff53) f30 0xffffffff00000000
core   0: 0x00000000800041f8 (0x0077d69b) srliw   a3, a5, 7
core   0: 1 0x00000000800041f8 (0x0077d69b) x13 0x0000000001000083
core   0: 0x00000000800041fc (0x03daa033) mulhsu  zero, s5, t4
core   0: 1 0x00000000800041fc (0x03daa033)
core   0: 0x0000000080004200 (0x7b0d9df3) csrrw   s11, dcsr, s11
core   0: exception trap_illegal_instruction, epc 0x0000000080004200
core   0:           tval 0x000000007b0d9df3
core   0: >>>>  $xrv64i2p1_m2p0_a2p1_f2p2_d2p2_zicsr2p0_zifencei2p0_zmmul1p0_zba1p0_zbb1p0_zbc1p0_zbs1p0
core   0: 0x0000000080004000 (0x0080006f) j       pc + 0x8
core   0: 3 0x0000000080004000 (0x0080006f)
core   0: >>>>  mmode_exception_handler
core   0: 0x0000000080004008 (0x00002c17) auipc   s8, 0x2
core   0: 3 0x0000000080004008 (0x00002c17) x24 0x0000000080006008
core   0: 0x000000008000400c (0x06ec0c13) addi    s8, s8, 110
core   0: 3 0x000000008000400c (0x06ec0c13) x24 0x0000000080006076
core   0: 0x0000000080004010 (0x000c00e7) jalr    s8
core   0: 3 0x0000000080004010 (0x000c00e7) x1  0x0000000080004014
core   0: >>>>  any_handler
core   0: 0x0000000080006076 (0x341027f3) csrrs   a5, mepc, zero
core   0: 3 0x0000000080006076 (0x341027f3) x15 0x0000000080004200
core   0: 0x000000008000607a (0x34202773) csrrs   a4, mcause, zero
core   0: 3 0x000000008000607a (0x34202773) x14 0x0000000000000002
core   0: 0x000000008000607e (0x142026f3) csrrs   a3, scause, zero
core   0: 3 0x000000008000607e (0x142026f3) x13 0x0000000000000000
core   0: 0x0000000080006082 (0x30402673) csrrs   a2, mie, zero
core   0: 3 0x0000000080006082 (0x30402673) x12 0x0000000000000a00
core   0: 0x0000000080006086 (0x344025f3) csrrs   a1, mip, zero
core   0: 3 0x0000000080006086 (0x344025f3) x11 0x0000000000000080
core   0: 0x000000008000608a (0x343025f3) csrrs   a1, mtval, zero
core   0: 3 0x000000008000608a (0x343025f3) x11 0x000000007b0d9df3
core   0: 0x000000008000608e (0x14302573) csrrs   a0, stval, zero
core   0: 3 0x000000008000608e (0x14302573) x10 0x0000000000000000
core   0: 0x0000000080006092 (0xb02024f3) csrrs   s1, minstret, zero
core   0: 3 0x0000000080006092 (0xb02024f3) x9  0x0000000000000851
core   0: 0x0000000080006096 (0x0000a811) c.j     pc + 20
core   0: 3 0x0000000080006096 (0xa811)
core   0: >>>>  mepc_4
core   0: 0x00000000800060aa (0x00000791) c.addi  a5, 4
core   0: 3 0x00000000800060aa (0x0791) x15 0x0000000080004204
core   0: 0x00000000800060ac (0x34179073) csrrw   zero, mepc, a5
core   0: 3 0x00000000800060ac (0x34179073) c833_mepc 0x0000000080004204
core   0: 0x00000000800060b0 (0x30200073) mret
core   0: 3 0x00000000800060b0 (0x30200073) c768_mstatus 0x8000000a00106080
core   0: 0x0000000080004204 (0x03a92733) mulhsu  a4, s2, s10
core   0: 1 0x0000000080004204 (0x03a92733) x14 0x0000000000000000
core   0: 0x0000000080004208 (0xb10d8013) addi    zero, s11, -1264
core   0: 1 0x0000000080004208 (0xb10d8013)
core   0: 0x000000008000420c (0x80004c93) xori    s9, zero, -2048
core   0: 1 0x000000008000420c (0x80004c93) x25 0xfffffffffffff800
core   0: 0x0000000080004210 (0x02fb683b) remw    a6, s6, a5
core   0: 1 0x0000000080004210 (0x02fb683b) x16 0x0000000000000000
core   0: 0x0000000080004214 (0x40688e33) sub     t3, a7, t1
core   0: 1 0x0000000080004214 (0x40688e33) x28 0x0000000078576000
core   0: 0x0000000080004218 (0x41515b9b) sraiw   s7, sp, 21
core   0: 1 0x0000000080004218 (0x41515b9b) x23 0x0000000000000000
core   0: 0x000000008000421c (0x5a0df753) fsqrt.d fa4, fs11
core   0: 1 0x000000008000421c (0x5a0df753) f14 0x0000000000000000
core   0: 0x0000000080004220 (0x40e1073b) subw    a4, sp, a4
core   0: 1 0x0000000080004220 (0x40e1073b) x14 0x0000000000000000
core   0: 0x0000000080004224 (0x400cdb13) srai    s6, s9, 0
core   0: 1 0x0000000080004224 (0x400cdb13) x22 0xfffffffffffff800
core   0: 0x0000000080004228 (0x00806133) or      sp, zero, s0
core   0: 1 0x0000000080004228 (0x00806133) x2  0x0000000000000000
core   0: 0x000000008000422c (0xd22bfd53) fcvt.d.l fs10, s7
core   0: 1 0x000000008000422c (0xd22bfd53) f26 0x0000000000000000
core   0: 0x0000000080004230 (0xc21bf2d3) fcvt.wu.d t0, fs7
core   0: 1 0x0000000080004230 (0xc21bf2d3) c1_fflags 0x0000000000000010 x5  0xffffffffffffffff
core   0: 0x0000000080004234 (0xc20e73d3) fcvt.w.d t2, ft8
core   0: 1 0x0000000080004234 (0xc20e73d3) c1_fflags 0x0000000000000010 x7  0x000000007fffffff
core   0: 0x0000000080004238 (0x344da573) csrrs   a0, mip, s11
core   0: exception trap_illegal_instruction, epc 0x0000000080004238
core   0:           tval 0x00000000344da573
core   0: >>>>  $xrv64i2p1_m2p0_a2p1_f2p2_d2p2_zicsr2p0_zifencei2p0_zmmul1p0_zba1p0_zbb1p0_zbc1p0_zbs1p0
core   0: 0x0000000080004000 (0x0080006f) j       pc + 0x8
core   0: 3 0x0000000080004000 (0x0080006f)
core   0: >>>>  mmode_exception_handler
core   0: 0x0000000080004008 (0x00002c17) auipc   s8, 0x2
core   0: 3 0x0000000080004008 (0x00002c17) x24 0x0000000080006008
core   0: 0x000000008000400c (0x06ec0c13) addi    s8, s8, 110
core   0: 3 0x000000008000400c (0x06ec0c13) x24 0x0000000080006076
core   0: 0x0000000080004010 (0x000c00e7) jalr    s8
core   0: 3 0x0000000080004010 (0x000c00e7) x1  0x0000000080004014
core   0: >>>>  any_handler
core   0: 0x0000000080006076 (0x341027f3) csrrs   a5, mepc, zero
core   0: 3 0x0000000080006076 (0x341027f3) x15 0x0000000080004238
core   0: 0x000000008000607a (0x34202773) csrrs   a4, mcause, zero
core   0: 3 0x000000008000607a (0x34202773) x14 0x0000000000000002
core   0: 0x000000008000607e (0x142026f3) csrrs   a3, scause, zero
core   0: 3 0x000000008000607e (0x142026f3) x13 0x0000000000000000
core   0: 0x0000000080006082 (0x30402673) csrrs   a2, mie, zero
core   0: 3 0x0000000080006082 (0x30402673) x12 0x0000000000000a00
core   0: 0x0000000080006086 (0x344025f3) csrrs   a1, mip, zero
core   0: 3 0x0000000080006086 (0x344025f3) x11 0x0000000000000080
core   0: 0x000000008000608a (0x343025f3) csrrs   a1, mtval, zero
core   0: 3 0x000000008000608a (0x343025f3) x11 0x00000000344da573
core   0: 0x000000008000608e (0x14302573) csrrs   a0, stval, zero
core   0: 3 0x000000008000608e (0x14302573) x10 0x0000000000000000
core   0: 0x0000000080006092 (0xb02024f3) csrrs   s1, minstret, zero
core   0: 3 0x0000000080006092 (0xb02024f3) x9  0x000000000000086e
core   0: 0x0000000080006096 (0x0000a811) c.j     pc + 20
core   0: 3 0x0000000080006096 (0xa811)
core   0: >>>>  mepc_4
core   0: 0x00000000800060aa (0x00000791) c.addi  a5, 4
core   0: 3 0x00000000800060aa (0x0791) x15 0x000000008000423c
core   0: 0x00000000800060ac (0x34179073) csrrw   zero, mepc, a5
core   0: 3 0x00000000800060ac (0x34179073) c833_mepc 0x000000008000423c
core   0: 0x00000000800060b0 (0x30200073) mret
core   0: 3 0x00000000800060b0 (0x30200073) c768_mstatus 0x8000000a00106080
core   0: 0x000000008000423c (0x0021e1b3) or      gp, gp, sp
core   0: 1 0x000000008000423c (0x0021e1b3) x3  0x00000000000004e4
core   0: 0x0000000080004240 (0x000e9e9b) slliw   t4, t4, 0
core   0: 1 0x0000000080004240 (0x000e9e9b) x29 0xffffffff80012041
core   0: 0x0000000080004244 (0x2bfe15d3) fmax.d  fa1, ft8, ft11
core   0: 1 0x0000000080004244 (0x2bfe15d3) f11 0x0000000000000000
core   0: 0x0000000080004248 (0x2bb31353) fmax.d  ft6, ft6, fs11
core   0: 1 0x0000000080004248 (0x2bb31353) f6  0x0000000000000000
core   0: 0x000000008000424c (0x00129bf3) csrrw   s7, fflags, t0
core   0: 1 0x000000008000424c (0x00129bf3) x23 0x0000000000000010 c1_fflags 0x000000000000001f
core   0: 0x0000000080004250 (0x43295913) srai    s2, s2, 50
core   0: 1 0x0000000080004250 (0x43295913) x18 0x0000000000000000
core   0: 0x0000000080004254 (0x14112573) csrrs   a0, sepc, sp
core   0: 1 0x0000000080004254 (0x14112573) x10 0x0000000000000000 c321_sepc 0x0000000000000000
core   0: 0x0000000080004258 (0x0170f833) and     a6, ra, s7
core   0: 1 0x0000000080004258 (0x0170f833) x16 0x0000000000000010
core   0: 0x000000008000425c (0x31a524f3) csrrs   s1, menvcfgh, a0
core   0: exception trap_illegal_instruction, epc 0x000000008000425c
core   0:           tval 0x0000000031a524f3
core   0: >>>>  $xrv64i2p1_m2p0_a2p1_f2p2_d2p2_zicsr2p0_zifencei2p0_zmmul1p0_zba1p0_zbb1p0_zbc1p0_zbs1p0
core   0: 0x0000000080004000 (0x0080006f) j       pc + 0x8
core   0: 3 0x0000000080004000 (0x0080006f)
core   0: >>>>  mmode_exception_handler
core   0: 0x0000000080004008 (0x00002c17) auipc   s8, 0x2
core   0: 3 0x0000000080004008 (0x00002c17) x24 0x0000000080006008
core   0: 0x000000008000400c (0x06ec0c13) addi    s8, s8, 110
core   0: 3 0x000000008000400c (0x06ec0c13) x24 0x0000000080006076
core   0: 0x0000000080004010 (0x000c00e7) jalr    s8
core   0: 3 0x0000000080004010 (0x000c00e7) x1  0x0000000080004014
core   0: >>>>  any_handler
core   0: 0x0000000080006076 (0x341027f3) csrrs   a5, mepc, zero
core   0: 3 0x0000000080006076 (0x341027f3) x15 0x000000008000425c
core   0: 0x000000008000607a (0x34202773) csrrs   a4, mcause, zero
core   0: 3 0x000000008000607a (0x34202773) x14 0x0000000000000002
core   0: 0x000000008000607e (0x142026f3) csrrs   a3, scause, zero
core   0: 3 0x000000008000607e (0x142026f3) x13 0x0000000000000000
core   0: 0x0000000080006082 (0x30402673) csrrs   a2, mie, zero
core   0: 3 0x0000000080006082 (0x30402673) x12 0x0000000000000a00
core   0: 0x0000000080006086 (0x344025f3) csrrs   a1, mip, zero
core   0: 3 0x0000000080006086 (0x344025f3) x11 0x0000000000000080
core   0: 0x000000008000608a (0x343025f3) csrrs   a1, mtval, zero
core   0: 3 0x000000008000608a (0x343025f3) x11 0x0000000031a524f3
core   0: 0x000000008000608e (0x14302573) csrrs   a0, stval, zero
core   0: 3 0x000000008000608e (0x14302573) x10 0x0000000000000000
core   0: 0x0000000080006092 (0xb02024f3) csrrs   s1, minstret, zero
core   0: 3 0x0000000080006092 (0xb02024f3) x9  0x0000000000000886
core   0: 0x0000000080006096 (0x0000a811) c.j     pc + 20
core   0: 3 0x0000000080006096 (0xa811)
core   0: >>>>  mepc_4
core   0: 0x00000000800060aa (0x00000791) c.addi  a5, 4
core   0: 3 0x00000000800060aa (0x0791) x15 0x0000000080004260
core   0: 0x00000000800060ac (0x34179073) csrrw   zero, mepc, a5
core   0: 3 0x00000000800060ac (0x34179073) c833_mepc 0x0000000080004260
core   0: 0x00000000800060b0 (0x30200073) mret
core   0: 3 0x00000000800060b0 (0x30200073) c768_mstatus 0x8000000a00106080
core   0: 0x0000000080004260 (0x420d8e53) fcvt.d.s ft8, fs11
core   0: 1 0x0000000080004260 (0x420d8e53) f28 0x7ff8000000000000
core   0: 0x0000000080004264 (0x015ce9b3) or      s3, s9, s5
core   0: 1 0x0000000080004264 (0x015ce9b3) x19 0xfffffffffffff800
core   0: 0x0000000080004268 (0x002024f3) csrrs   s1, frm, zero
core   0: 1 0x0000000080004268 (0x002024f3) x9  0x0000000000000000
core   0: 0x000000008000426c (0x00cde833) or      a6, s11, a2
core   0: 1 0x000000008000426c (0x00cde833) x16 0x0000000000000a00
core   0: 0x0000000080004270 (0x01bde1b3) or      gp, s11, s11
core   0: 1 0x0000000080004270 (0x01bde1b3) x3  0x0000000000000000
core   0: 0x0000000080004274 (0x226321d3) fsgnjx.d ft3, ft6, ft6
core   0: 1 0x0000000080004274 (0x226321d3) f3  0x0000000000000000
core   0: 0x0000000080004278 (0x00065a13) srli    s4, a2, 0
core   0: 1 0x0000000080004278 (0x00065a13) x20 0x0000000000000a00
core   0: 0x000000008000427c (0xc0606df3) csrrsi  s11, hpmcounter6, 0
core   0: exception trap_illegal_instruction, epc 0x000000008000427c
core   0:           tval 0x00000000c0606df3
core   0: >>>>  $xrv64i2p1_m2p0_a2p1_f2p2_d2p2_zicsr2p0_zifencei2p0_zmmul1p0_zba1p0_zbb1p0_zbc1p0_zbs1p0
core   0: 0x0000000080004000 (0x0080006f) j       pc + 0x8
core   0: 3 0x0000000080004000 (0x0080006f)
core   0: >>>>  mmode_exception_handler
core   0: 0x0000000080004008 (0x00002c17) auipc   s8, 0x2
core   0: 3 0x0000000080004008 (0x00002c17) x24 0x0000000080006008
core   0: 0x000000008000400c (0x06ec0c13) addi    s8, s8, 110
core   0: 3 0x000000008000400c (0x06ec0c13) x24 0x0000000080006076
core   0: 0x0000000080004010 (0x000c00e7) jalr    s8
core   0: 3 0x0000000080004010 (0x000c00e7) x1  0x0000000080004014
core   0: >>>>  any_handler
core   0: 0x0000000080006076 (0x341027f3) csrrs   a5, mepc, zero
core   0: 3 0x0000000080006076 (0x341027f3) x15 0x000000008000427c
core   0: 0x000000008000607a (0x34202773) csrrs   a4, mcause, zero
core   0: 3 0x000000008000607a (0x34202773) x14 0x0000000000000002
core   0: 0x000000008000607e (0x142026f3) csrrs   a3, scause, zero
core   0: 3 0x000000008000607e (0x142026f3) x13 0x0000000000000000
core   0: 0x0000000080006082 (0x30402673) csrrs   a2, mie, zero
core   0: 3 0x0000000080006082 (0x30402673) x12 0x0000000000000a00
core   0: 0x0000000080006086 (0x344025f3) csrrs   a1, mip, zero
core   0: 3 0x0000000080006086 (0x344025f3) x11 0x0000000000000080
core   0: 0x000000008000608a (0x343025f3) csrrs   a1, mtval, zero
core   0: 3 0x000000008000608a (0x343025f3) x11 0x00000000c0606df3
core   0: 0x000000008000608e (0x14302573) csrrs   a0, stval, zero
core   0: 3 0x000000008000608e (0x14302573) x10 0x0000000000000000
core   0: 0x0000000080006092 (0xb02024f3) csrrs   s1, minstret, zero
core   0: 3 0x0000000080006092 (0xb02024f3) x9  0x000000000000089d
core   0: 0x0000000080006096 (0x0000a811) c.j     pc + 20
core   0: 3 0x0000000080006096 (0xa811)
core   0: >>>>  mepc_4
core   0: 0x00000000800060aa (0x00000791) c.addi  a5, 4
core   0: 3 0x00000000800060aa (0x0791) x15 0x0000000080004280
core   0: 0x00000000800060ac (0x34179073) csrrw   zero, mepc, a5
core   0: 3 0x00000000800060ac (0x34179073) c833_mepc 0x0000000080004280
core   0: 0x00000000800060b0 (0x30200073) mret
core   0: 3 0x00000000800060b0 (0x30200073) c768_mstatus 0x8000000a00106080
core   0: 0x0000000080004280 (0xc2077ed3) fcvt.w.d t4, fa4
core   0: 1 0x0000000080004280 (0xc2077ed3) x29 0x0000000000000000
core   0: 0x0000000080004284 (0x5a01ffd3) fsqrt.d ft11, ft3
core   0: 1 0x0000000080004284 (0x5a01ffd3) f31 0x0000000000000000
core   0: 0x0000000080004288 (0x181ec413) xori    s0, t4, 385
core   0: 1 0x0000000080004288 (0x181ec413) x8  0x0000000000000181
core   0: 0x000000008000428c (0x42038953) fcvt.d.s fs2, ft7
core   0: 1 0x000000008000428c (0x42038953) f18 0x0000000000000000
core   0: 0x0000000080004290 (0x0001103b) sllw    zero, sp, zero
core   0: 1 0x0000000080004290 (0x0001103b)
core   0: 0x0000000080004294 (0x40500e33) sub     t3, zero, t0
core   0: 1 0x0000000080004294 (0x40500e33) x28 0x0000000000000001
core   0: 0x0000000080004298 (0x2be59553) fmax.d  fa0, fa1, ft10
core   0: 1 0x0000000080004298 (0x2be59553) f10 0x0000000000000000
core   0: 0x000000008000429c (0x03c1e133) rem     sp, gp, t3
core   0: 1 0x000000008000429c (0x03c1e133) x2  0x0000000000000000
core   0: 0x00000000800042a0 (0x7ffd4793) xori    a5, s10, 2047
core   0: 1 0x00000000800042a0 (0x7ffd4793) x15 0x0000000000000fff
core   0: 0x00000000800042a4 (0x020eaa33) mulhsu  s4, t4, zero
core   0: 1 0x00000000800042a4 (0x020eaa33) x20 0x0000000000000000
core   0: 0x00000000800042a8 (0x1bbc7653) fdiv.d  fa2, fs8, fs11
core   0: 1 0x00000000800042a8 (0x1bbc7653) f12 0x7ff8000000000000
core   0: 0x00000000800042ac (0x2a809fd3) fmax.d  ft11, ft1, fs0
core   0: 1 0x00000000800042ac (0x2a809fd3) f31 0x7ff8000000000000
core   0: 0x00000000800042b0 (0xe71ce517) auipc   a0, 0xe71ce
core   0: 1 0x00000000800042b0 (0xe71ce517) x10 0x00000000671d22b0
core   0: 0x00000000800042b4 (0xc2107553) fcvt.wu.d a0, ft0
core   0: 1 0x00000000800042b4 (0xc2107553) c1_fflags 0x000000000000001f x10 0xffffffffffffffff
core   0: 0x00000000800042b8 (0x40f0073b) subw    a4, zero, a5
core   0: 1 0x00000000800042b8 (0x40f0073b) x14 0xfffffffffffff001
core   0: 0x00000000800042bc (0x0a0ef5d3) fsub.d  fa1, ft9, ft0
core   0: 1 0x00000000800042bc (0x0a0ef5d3) f11 0x7ff8000000000000
core   0: 0x00000000800042c0 (0x07f57537) lui     a0, 0x7f57
core   0: 1 0x00000000800042c0 (0x07f57537) x10 0x0000000007f57000
core   0: 0x00000000800042c4 (0xeb55051b) addiw   a0, a0, -331
core   0: 1 0x00000000800042c4 (0xeb55051b) x10 0x0000000007f56eb5
core   0: 0x00000000800042c8 (0x00000532) c.slli  a0, 12
core   0: 1 0x00000000800042c8 (0x0532) x10 0x0000007f56eb5000
core   0: 0x00000000800042ca (0x06250513) addi    a0, a0, 98
core   0: 1 0x00000000800042ca (0x06250513) x10 0x0000007f56eb5062
core   0: 0x00000000800042ce (0xc21ff753) fcvt.wu.d a4, ft11
core   0: 1 0x00000000800042ce (0xc21ff753) c1_fflags 0x000000000000001f x14 0xffffffffffffffff
core   0: 0x00000000800042d2 (0x405b82bb) subw    t0, s7, t0
core   0: 1 0x00000000800042d2 (0x405b82bb) x5  0x0000000000000011
core   0: 0x00000000800042d6 (0x35377013) andi    zero, a4, 851
core   0: 1 0x00000000800042d6 (0x35377013)
core   0: 0x00000000800042da (0x420c06d3) fcvt.d.s fa3, fs8
core   0: 1 0x00000000800042da (0x420c06d3) f13 0x0000000000000000
core   0: 0x00000000800042de (0x01291ab3) sll     s5, s2, s2
core   0: 1 0x00000000800042de (0x01291ab3) x21 0x0000000000000000
core   0: 0x00000000800042e2 (0x73201117) auipc   sp, 0x73201
core   0: 1 0x00000000800042e2 (0x73201117) x2  0x00000000f32052e2
core   0: 0x00000000800042e6 (0x0048083b) addw    a6, a6, tp
core   0: 1 0x00000000800042e6 (0x0048083b) x16 0xffffffff80012a40
core   0: 0x00000000800042ea (0x41b95db3) sra     s11, s2, s11
core   0: 1 0x00000000800042ea (0x41b95db3) x27 0x0000000000000000
core   0: 0x00000000800042ee (0x00cedeb3) srl     t4, t4, a2
core   0: 1 0x00000000800042ee (0x00cedeb3) x29 0x0000000000000000
core   0: 0x00000000800042f2 (0x1a6370d3) fdiv.d  ft1, ft6, ft6
core   0: 1 0x00000000800042f2 (0x1a6370d3) c1_fflags 0x000000000000001f f1  0x7ff8000000000000
core   0: 0x00000000800042f6 (0x00ae75b3) and     a1, t3, a0
core   0: 1 0x00000000800042f6 (0x00ae75b3) x11 0x0000000000000000
core   0: 0x00000000800042fa (0x10aa2073) csrrs   zero, senvcfg, s4
core   0: 1 0x00000000800042fa (0x10aa2073) c266_senvcfg 0x0000000000000000
core   0: 0x00000000800042fe (0x014a1c9b) slliw   s9, s4, 20
core   0: 1 0x00000000800042fe (0x014a1c9b) x25 0x0000000000000000
core   0: 0x0000000080004302 (0x00b8d89b) srliw   a7, a7, 11
core   0: 1 0x0000000080004302 (0x00b8d89b) x17 0x0000000000000000
core   0: 0x0000000080004306 (0x00009422) c.add   s0, s0
core   0: 1 0x0000000080004306 (0x9422) x8  0x0000000000000302
core   0: 0x0000000080004308 (0x0ff0000f) fence   iorw,iorw
core   0: 1 0x0000000080004308 (0x0ff0000f)
core   0: 0x000000008000430c (0x55cef9b7) lui     s3, 0x55cef
core   0: 1 0x000000008000430c (0x55cef9b7) x19 0x0000000055cef000
core   0: 0x0000000080004310 (0x0052883b) addw    a6, t0, t0
core   0: 1 0x0000000080004310 (0x0052883b) x16 0x0000000000000022
core   0: 0x0000000080004314 (0x222aa853) fsgnjx.d fa6, fs5, ft2
core   0: 1 0x0000000080004314 (0x222aa853) f16 0x7fffffff00000000
core   0: 0x0000000080004318 (0x0179c7b3) xor     a5, s3, s7
core   0: 1 0x0000000080004318 (0x0179c7b3) x15 0x0000000055cef010
core   0: 0x000000008000431c (0xd22effd3) fcvt.d.l ft11, t4
core   0: 1 0x000000008000431c (0xd22effd3) f31 0x0000000000000000
core   0: 0x0000000080004320 (0xd20501d3) fcvt.d.w ft3, a0
core   0: 1 0x0000000080004320 (0xd20501d3) f3  0x41d5bad418800000
core   0: 0x0000000080004324 (0x230a19d3) fsgnjn.d fs3, fs4, fa6
core   0: 1 0x0000000080004324 (0x230a19d3) f19 0xfff8000000000000
core   0: 0x0000000080004328 (0xc0181373) csrrw   t1, time, a6
core   0: exception trap_illegal_instruction, epc 0x0000000080004328
core   0:           tval 0x00000000c0181373
core   0: >>>>  $xrv64i2p1_m2p0_a2p1_f2p2_d2p2_zicsr2p0_zifencei2p0_zmmul1p0_zba1p0_zbb1p0_zbc1p0_zbs1p0
core   0: 0x0000000080004000 (0x0080006f) j       pc + 0x8
core   0: 3 0x0000000080004000 (0x0080006f)
core   0: >>>>  mmode_exception_handler
core   0: 0x0000000080004008 (0x00002c17) auipc   s8, 0x2
core   0: 3 0x0000000080004008 (0x00002c17) x24 0x0000000080006008
core   0: 0x000000008000400c (0x06ec0c13) addi    s8, s8, 110
core   0: 3 0x000000008000400c (0x06ec0c13) x24 0x0000000080006076
core   0: 0x0000000080004010 (0x000c00e7) jalr    s8
core   0: 3 0x0000000080004010 (0x000c00e7) x1  0x0000000080004014
core   0: >>>>  any_handler
core   0: 0x0000000080006076 (0x341027f3) csrrs   a5, mepc, zero
core   0: 3 0x0000000080006076 (0x341027f3) x15 0x0000000080004328
core   0: 0x000000008000607a (0x34202773) csrrs   a4, mcause, zero
core   0: 3 0x000000008000607a (0x34202773) x14 0x0000000000000002
core   0: 0x000000008000607e (0x142026f3) csrrs   a3, scause, zero
core   0: 3 0x000000008000607e (0x142026f3) x13 0x0000000000000000
core   0: 0x0000000080006082 (0x30402673) csrrs   a2, mie, zero
core   0: 3 0x0000000080006082 (0x30402673) x12 0x0000000000000a00
core   0: 0x0000000080006086 (0x344025f3) csrrs   a1, mip, zero
core   0: 3 0x0000000080006086 (0x344025f3) x11 0x0000000000000080
core   0: 0x000000008000608a (0x343025f3) csrrs   a1, mtval, zero
core   0: 3 0x000000008000608a (0x343025f3) x11 0x00000000c0181373
core   0: 0x000000008000608e (0x14302573) csrrs   a0, stval, zero
core   0: 3 0x000000008000608e (0x14302573) x10 0x0000000000000000
core   0: 0x0000000080006092 (0xb02024f3) csrrs   s1, minstret, zero
core   0: 3 0x0000000080006092 (0xb02024f3) x9  0x00000000000008d8
core   0: 0x0000000080006096 (0x0000a811) c.j     pc + 20
core   0: 3 0x0000000080006096 (0xa811)
core   0: >>>>  mepc_4
core   0: 0x00000000800060aa (0x00000791) c.addi  a5, 4
core   0: 3 0x00000000800060aa (0x0791) x15 0x000000008000432c
core   0: 0x00000000800060ac (0x34179073) csrrw   zero, mepc, a5
core   0: 3 0x00000000800060ac (0x34179073) c833_mepc 0x000000008000432c
core   0: 0x00000000800060b0 (0x30200073) mret
core   0: 3 0x00000000800060b0 (0x30200073) c768_mstatus 0x8000000a00106080
core   0: 0x000000008000432c (0x0ff0000f) fence   iorw,iorw
core   0: 1 0x000000008000432c (0x0ff0000f)
core   0: 0x0000000080004330 (0x239c9a53) fsgnjn.d fs4, fs9, fs9
core   0: 1 0x0000000080004330 (0x239c9a53) f20 0x7fffffff00000000
core   0: 0x0000000080004334 (0x9b020297) auipc   t0, 0x9b020
core   0: 1 0x0000000080004334 (0x9b020297) x5  0x000000001b024334
core   0: 0x0000000080004338 (0xd20283d3) fcvt.d.w ft7, t0
core   0: 1 0x0000000080004338 (0xd20283d3) f7  0x41bb024334000000
core   0: 0x000000008000433c (0x0ff0000f) fence   iorw,iorw
core   0: 1 0x000000008000433c (0x0ff0000f)
core   0: 0x0000000080004340 (0x4179dbbb) sraw    s7, s3, s7
core   0: 1 0x0000000080004340 (0x4179dbbb) x23 0x00000000000055ce
core   0: 0x0000000080004344 (0xf20c8e53) fmv.d.x ft8, s9
core   0: 1 0x0000000080004344 (0xf20c8e53) f28 0x0000000000000000
core   0: 0x0000000080004348 (0x00099293) slli    t0, s3, 0
core   0: 1 0x0000000080004348 (0x00099293) x5  0x0000000055cef000
core   0: 0x000000008000434c (0x4007d69b) sraiw   a3, a5, 0
core   0: 1 0x000000008000434c (0x4007d69b) x13 0xffffffff8000432c
core   0: 0x0000000080004350 (0x00d72633) slt     a2, a4, a3
core   0: 1 0x0000000080004350 (0x00d72633) x12 0x0000000000000000
core   0: 0x0000000080004354 (0x00ad1d33) sll     s10, s10, a0
core   0: 1 0x0000000080004354 (0x00ad1d33) x26 0x0000000000000800
core   0: 0x0000000080004358 (0xa34efec7) fmsub.d ft9, ft9, fs4, fs4
core   0: 1 0x0000000080004358 (0xa34efec7) f29 0x7ff8000000000000
core   0: 0x000000008000435c (0x00d9129b) slliw   t0, s2, 13
core   0: 1 0x000000008000435c (0x00d9129b) x5  0x0000000000000000
core   0: 0x0000000080004360 (0xe3247e4b) fnmsub.d ft8, fs0, fs2, ft8
core   0: 1 0x0000000080004360 (0xe3247e4b) f28 0x7ff8000000000000
core   0: 0x0000000080004364 (0x03f2dc93) srli    s9, t0, 63
core   0: 1 0x0000000080004364 (0x03f2dc93) x25 0x0000000000000000
core   0: 0x0000000080004368 (0x2b089853) fmax.d  fa6, fa7, fa6
core   0: 1 0x0000000080004368 (0x2b089853) f16 0x7ff8000000000000
core   0: 0x000000008000436c (0x00000001) c.nop
core   0: 1 0x000000008000436c (0x0001)
core   0: 0x000000008000436e (0xd23c7d53) fcvt.d.lu fs10, s8
core   0: 1 0x000000008000436e (0xd23c7d53) f26 0x41e0000c0ec00000
core   0: 0x0000000080004372 (0x4123d133) sra     sp, t2, s2
core   0: 1 0x0000000080004372 (0x4123d133) x2  0x000000007fffffff
core   0: 0x0000000080004376 (0x00102673) csrrs   a2, fflags, zero
core   0: 1 0x0000000080004376 (0x00102673) x12 0x000000000000001f
core   0: 0x000000008000437a (0x2b070b53) fmin.d  fs6, fa4, fa6
core   0: 1 0x000000008000437a (0x2b070b53) f22 0x0000000000000000
core   0: 0x000000008000437e (0x019584bb) addw    s1, a1, s9
core   0: 1 0x000000008000437e (0x019584bb) x9  0xffffffffc0181373
core   0: 0x0000000080004382 (0x00ac053b) addw    a0, s8, a0
core   0: 1 0x0000000080004382 (0x00ac053b) x10 0xffffffff80006076
core   0: 0x0000000080004386 (0x00000001) c.nop
core   0: 1 0x0000000080004386 (0x0001)
core   0: 0x0000000080004388 (0x40bd5d3b) sraw    s10, s10, a1
core   0: 1 0x0000000080004388 (0x40bd5d3b) x26 0x0000000000000000
core   0: 0x000000008000438c (0xc39ef7cb) fnmsub.d fa5, ft9, fs9, fs8
core   0: 1 0x000000008000438c (0xc39ef7cb) f15 0x7ff8000000000000
core   0: 0x0000000080004390 (0x00000001) c.nop
core   0: 1 0x0000000080004390 (0x0001)
core   0: 0x0000000080004392 (0x40c3d3b3) sra     t2, t2, a2
core   0: 1 0x0000000080004392 (0x40c3d3b3) x7  0x0000000000000000
core   0: 0x0000000080004396 (0xa0e3ca93) xori    s5, t2, -1522
core   0: 1 0x0000000080004396 (0xa0e3ca93) x21 0xfffffffffffffa0e
core   0: 0x000000008000439a (0x000c1a9b) slliw   s5, s8, 0
core   0: 1 0x000000008000439a (0x000c1a9b) x21 0xffffffff80006076
core   0: 0x000000008000439e (0x002a9a3b) sllw    s4, s5, sp
core   0: 1 0x000000008000439e (0x002a9a3b) x20 0x0000000000000000
core   0: 0x00000000800043a2 (0xd22efc53) fcvt.d.l fs8, t4
core   0: 1 0x00000000800043a2 (0xd22efc53) f24 0x0000000000000000
core   0: 0x00000000800043a6 (0xba8af537) lui     a0, 0xba8af
core   0: 1 0x00000000800043a6 (0xba8af537) x10 0xffffffffba8af000
core   0: 0x00000000800043aa (0x00259673) csrrw   a2, frm, a1
core   0: 1 0x00000000800043aa (0x00259673) x12 0x0000000000000000 c2_frm 0x0000000000000003
core   0: 0x00000000800043ae (0x00baf433) and     s0, s5, a1
core   0: 1 0x00000000800043ae (0x00baf433) x8  0x0000000080000072
core   0: 0x00000000800043b2 (0xd0347e53) fcvt.s.lu ft8, s0
core   0: 1 0x00000000800043b2 (0xd0347e53) c1_fflags 0x000000000000001f f28 0xffffffff4f000001
core   0: 0x00000000800043b6 (0x00840abb) addw    s5, s0, s0
core   0: 1 0x00000000800043b6 (0x00840abb) x21 0x00000000000000e4
core   0: 0x00000000800043ba (0x27670537) lui     a0, 0x27670
core   0: 1 0x00000000800043ba (0x27670537) x10 0x0000000027670000
core   0: 0x00000000800043be (0xaa68ec93) ori     s9, a7, -1370
core   0: 1 0x00000000800043be (0xaa68ec93) x25 0xfffffffffffffaa6
core   0: 0x00000000800043c2 (0x416b0d33) sub     s10, s6, s6
core   0: 1 0x00000000800043c2 (0x416b0d33) x26 0x0000000000000000
core   0: 0x00000000800043c6 (0xd20d0b53) fcvt.d.w fs6, s10
core   0: 1 0x00000000800043c6 (0xd20d0b53) f22 0x0000000000000000
core   0: 0x00000000800043ca (0x012581bb) addw    gp, a1, s2
core   0: 1 0x00000000800043ca (0x012581bb) x3  0xffffffffc0181373
core   0: 0x00000000800043ce (0x00f5149b) slliw   s1, a0, 15
core   0: 1 0x00000000800043ce (0x00f5149b) x9  0xffffffff80000000
core   0: 0x00000000800043d2 (0xc21e7653) fcvt.wu.d a2, ft8
core   0: 1 0x00000000800043d2 (0xc21e7653) c1_fflags 0x000000000000001f x12 0xffffffffffffffff
core   0: 0x00000000800043d6 (0x039e50bb) divuw   ra, t3, s9
core   0: 1 0x00000000800043d6 (0x039e50bb) x1  0x0000000000000000
core   0: 0x00000000800043da (0x00000001) c.nop
core   0: 1 0x00000000800043da (0x0001)
core   0: 0x00000000800043dc (0x037bd833) divu    a6, s7, s7
core   0: 1 0x00000000800043dc (0x037bd833) x16 0x0000000000000001
core   0: 0x00000000800043e0 (0x0ff0000f) fence   iorw,iorw
core   0: 1 0x00000000800043e0 (0x0ff0000f)
core   0: 0x00000000800043e4 (0x41500833) sub     a6, zero, s5
core   0: 1 0x00000000800043e4 (0x41500833) x16 0xffffffffffffff1c
core   0: 0x00000000800043e8 (0xc5a2e013) ori     zero, t0, -934
core   0: 1 0x00000000800043e8 (0xc5a2e013)
core   0: 0x00000000800043ec (0x5a0470d3) fsqrt.d ft1, fs0
core   0: 1 0x00000000800043ec (0x5a0470d3) f1  0x7ff8000000000000
core   0: 0x00000000800043f0 (0x5a087853) fsqrt.d fa6, fa6
core   0: 1 0x00000000800043f0 (0x5a087853) f16 0x7ff8000000000000
core   0: 0x00000000800043f4 (0xfffc7c13) andi    s8, s8, -1
core   0: 1 0x00000000800043f4 (0xfffc7c13) x24 0x0000000080006076
core   0: 0x00000000800043f8 (0x014c553b) srlw    a0, s8, s4
core   0: 1 0x00000000800043f8 (0x014c553b) x10 0xffffffff80006076
core   0: 0x00000000800043fc (0x00102173) csrrs   sp, fflags, zero
core   0: 1 0x00000000800043fc (0x00102173) x2  0x000000000000001f
core   0: 0x0000000080004400 (0x000c1513) slli    a0, s8, 0
core   0: 1 0x0000000080004400 (0x000c1513) x10 0x0000000080006076
core   0: 0x0000000080004404 (0x02250b33) mul     s6, a0, sp
core   0: 1 0x0000000080004404 (0x02250b33) x22 0x0000000f800bae4a
core   0: 0x0000000080004408 (0xd21b07d3) fcvt.d.wu fa5, s6
core   0: 1 0x0000000080004408 (0xd21b07d3) f15 0x41e00175c9400000
core   0: 0x000000008000440c (0x002398f3) csrrw   a7, frm, t2
core   0: 1 0x000000008000440c (0x002398f3) x17 0x0000000000000003 c2_frm 0x0000000000000000
core   0: 0x0000000080004410 (0x5cd98613) addi    a2, s3, 1485
core   0: 1 0x0000000080004410 (0x5cd98613) x12 0x0000000055cef5cd
core   0: 0x0000000080004414 (0x02b5b5b3) mulhu   a1, a1, a1
core   0: 1 0x0000000080004414 (0x02b5b5b3) x11 0x0000000000000000
core   0: 0x0000000080004418 (0x030d76bb) remuw   a3, s10, a6
core   0: 1 0x0000000080004418 (0x030d76bb) x13 0x0000000000000000
core   0: 0x000000008000441c (0x4017d293) srai    t0, a5, 1
core   0: 1 0x000000008000441c (0x4017d293) x5  0x0000000040002196
core   0: 0x0000000080004420 (0x56d119b7) lui     s3, 0x56d11
core   0: 1 0x0000000080004420 (0x56d119b7) x19 0x0000000056d11000
core   0: 0x0000000080004424 (0xfb3211b7) lui     gp, 0xfb321
core   0: 1 0x0000000080004424 (0xfb3211b7) x3  0xfffffffffb321000
core   0: 0x0000000080004428 (0x0f71819b) addiw   gp, gp, 247
core   0: 1 0x0000000080004428 (0x0f71819b) x3  0xfffffffffb3210f7
core   0: 0x000000008000442c (0x000001b2) c.slli  gp, 12
core   0: 1 0x000000008000442c (0x01b2) x3  0xffffffb3210f7000
core   0: 0x000000008000442e (0x3fd18193) addi    gp, gp, 1021
core   0: 1 0x000000008000442e (0x3fd18193) x3  0xffffffb3210f73fd
core   0: 0x0000000080004432 (0x00221af3) csrrw   s5, frm, tp
core   0: 1 0x0000000080004432 (0x00221af3) x21 0x0000000000000000 c2_frm 0x0000000000000000
core   0: 0x0000000080004436 (0x02aad53b) divuw   a0, s5, a0
core   0: 1 0x0000000080004436 (0x02aad53b) x10 0x0000000000000000
core   0: 0x000000008000443a (0xc0387dd3) fcvt.lu.s s11, fa6
core   0: 1 0x000000008000443a (0xc0387dd3) c1_fflags 0x000000000000001f x27 0xffffffffffffffff
core   0: 0x000000008000443e (0x00c6961b) slliw   a2, a3, 12
core   0: 1 0x000000008000443e (0x00c6961b) x12 0x0000000000000000
core   0: 0x0000000080004442 (0x127d78d3) fmul.d  fa7, fs10, ft7
core   0: 1 0x0000000080004442 (0x127d78d3) c1_fflags 0x000000000000001f f17 0x43ab02578e987cf4
core   0: 0x0000000080004446 (0x2b111853) fmax.d  fa6, ft2, fa7
core   0: 1 0x0000000080004446 (0x2b111853) f16 0x43ab02578e987cf4
core   0: 0x000000008000444a (0x42010153) fcvt.d.s ft2, ft2
core   0: 1 0x000000008000444a (0x42010153) f2  0x0000000000000000
core   0: 0x000000008000444e (0x03805013) srli    zero, zero, 56
core   0: 1 0x000000008000444e (0x03805013)
core   0: 0x0000000080004452 (0x000272b3) and     t0, tp, zero
core   0: 1 0x0000000080004452 (0x000272b3) x5  0x0000000000000000
core   0: 0x0000000080004456 (0xf22f734f) fnmadd.d ft6, ft10, ft2, ft10
core   0: 1 0x0000000080004456 (0xf22f734f) f6  0x7ff8000000000000
core   0: 0x000000008000445a (0xc2217c53) fcvt.l.d s8, ft2
core   0: 1 0x000000008000445a (0xc2217c53) x24 0x0000000000000000
core   0: 0x000000008000445e (0x01921bbb) sllw    s7, tp, s9
core   0: 1 0x000000008000445e (0x01921bbb) x23 0x0000000000481000
core   0: 0x0000000080004462 (0x226f1bd3) fsgnjn.d fs7, ft10, ft6
core   0: 1 0x0000000080004462 (0x226f1bd3) f23 0xffffffff00000000
core   0: 0x0000000080004466 (0x1a2efad3) fdiv.d  fs5, ft9, ft2
core   0: 1 0x0000000080004466 (0x1a2efad3) f21 0x7ff8000000000000
core   0: 0x000000008000446a (0x004b9933) sll     s2, s7, tp
core   0: 1 0x000000008000446a (0x004b9933) x18 0x0000000000481000
core   0: 0x000000008000446e (0x4007571b) sraiw   a4, a4, 0
core   0: 1 0x000000008000446e (0x4007571b) x14 0x0000000000000002
core   0: 0x0000000080004472 (0x00271773) csrrw   a4, frm, a4
core   0: 1 0x0000000080004472 (0x00271773) x14 0x0000000000000000 c2_frm 0x0000000000000002
core   0: 0x0000000080004476 (0x00831e3b) sllw    t3, t1, s0
core   0: 1 0x0000000080004476 (0x00831e3b) x28 0xffffffff80000000
core   0: 0x000000008000447a (0x03080333) mul     t1, a6, a6
core   0: 1 0x000000008000447a (0x03080333) x6  0x000000000000cb10
core   0: 0x000000008000447e (0x409303bb) subw    t2, t1, s1
core   0: 1 0x000000008000447e (0x409303bb) x7  0xffffffff8000cb10
core   0: 0x0000000080004482 (0xc0337d53) fcvt.lu.s s10, ft6
core   0: 1 0x0000000080004482 (0xc0337d53) c1_fflags 0x000000000000001f x26 0xffffffffffffffff
core   0: 0x0000000080004486 (0x000d1313) slli    t1, s10, 0
core   0: 1 0x0000000080004486 (0x000d1313) x6  0xffffffffffffffff
core   0: 0x000000008000448a (0x00045a93) srli    s5, s0, 0
core   0: 1 0x000000008000448a (0x00045a93) x21 0x0000000080000072
core   0: 0x000000008000448e (0x4039d99b) sraiw   s3, s3, 3
core   0: 1 0x000000008000448e (0x4039d99b) x19 0x000000000ada2200
core   0: 0x0000000080004492 (0xaf567c93) andi    s9, a2, -1291
core   0: 1 0x0000000080004492 (0xaf567c93) x25 0x0000000000000000
core   0: 0x0000000080004496 (0x411ad1bb) sraw    gp, s5, a7
core   0: 1 0x0000000080004496 (0x411ad1bb) x3  0xfffffffff000000e
core   0: 0x000000008000449a (0x02ac7c53) fadd.d  fs8, fs8, fa0
core   0: 1 0x000000008000449a (0x02ac7c53) f24 0x0000000000000000
core   0: 0x000000008000449e (0xd3ac70c7) fmsub.d ft1, fs8, fs10, fs10
core   0: 1 0x000000008000449e (0xd3ac70c7) f1  0xc1e0000c0ec00000
core   0: 0x00000000800044a2 (0xd221f7d3) fcvt.d.l fa5, gp
core   0: 1 0x00000000800044a2 (0xd221f7d3) f15 0xc1afffffe4000000
core   0: 0x00000000800044a6 (0xc20c7953) fcvt.w.d s2, fs8
core   0: 1 0x00000000800044a6 (0xc20c7953) x18 0x0000000000000000
core   0: 0x00000000800044aa (0xc210f553) fcvt.wu.d a0, ft1
core   0: 1 0x00000000800044aa (0xc210f553) c1_fflags 0x000000000000001f x10 0x0000000000000000
core   0: 0x00000000800044ae (0x1055a273) csrrs   tp, stvec, a1
core   0: 1 0x00000000800044ae (0x1055a273) x4  0x0000000000000000 c261_stvec 0x0000000000000000
core   0: 0x00000000800044b2 (0x00291073) csrrw   zero, frm, s2
core   0: 1 0x00000000800044b2 (0x00291073) c2_frm 0x0000000000000000
core   0: 0x00000000800044b6 (0xd22ef453) fcvt.d.l fs0, t4
core   0: 1 0x00000000800044b6 (0xd22ef453) f8  0x0000000000000000
core   0: 0x00000000800044ba (0x033b663b) remw    a2, s6, s3
core   0: 1 0x00000000800044ba (0x033b663b) x12 0xfffffffff76b244a
core   0: 0x00000000800044be (0x5a0afd53) fsqrt.d fs10, fs5
core   0: 1 0x00000000800044be (0x5a0afd53) f26 0x7ff8000000000000
core   0: 0x00000000800044c2 (0x00065e13) srli    t3, a2, 0
core   0: 1 0x00000000800044c2 (0x00065e13) x28 0xfffffffff76b244a
core   0: 0x00000000800044c6 (0x0b4ff1d3) fsub.d  ft3, ft11, fs4
core   0: 1 0x00000000800044c6 (0x0b4ff1d3) f3  0x7ff8000000000000
core   0: 0x00000000800044ca (0x0058529b) srliw   t0, a6, 5
core   0: 1 0x00000000800044ca (0x0058529b) x5  0x0000000007fffff8
core   0: 0x00000000800044ce (0x414181bb) subw    gp, gp, s4
core   0: 1 0x00000000800044ce (0x414181bb) x3  0xfffffffff000000e
core   0: 0x00000000800044d2 (0x1afb7d53) fdiv.d  fs10, fs6, fa5
core   0: 1 0x00000000800044d2 (0x1afb7d53) f26 0x8000000000000000
core   0: 0x00000000800044d6 (0x0180589b) srliw   a7, zero, 24
core   0: 1 0x00000000800044d6 (0x0180589b) x17 0x0000000000000000
core   0: 0x00000000800044da (0x227383d3) fsgnj.d ft7, ft7, ft7
core   0: 1 0x00000000800044da (0x227383d3) f7  0x41bb024334000000
core   0: 0x00000000800044de (0x5011ce13) xori    t3, gp, 1281
core   0: 1 0x00000000800044de (0x5011ce13) x28 0xfffffffff000050f
core   0: 0x00000000800044e2 (0x017b9d3b) sllw    s10, s7, s7
core   0: 1 0x00000000800044e2 (0x017b9d3b) x26 0x0000000000481000
core   0: 0x00000000800044e6 (0xa3378917) auipc   s2, 0xa3378
core   0: 1 0x00000000800044e6 (0xa3378917) x18 0x000000002337c4e6
core   0: 0x00000000800044ea (0x000004ae) c.slli  s1, 11
core   0: 1 0x00000000800044ea (0x04ae) x9  0xfffffc0000000000
core   0: 0x00000000800044ec (0xf2060a53) fmv.d.x fs4, a2
core   0: 1 0x00000000800044ec (0xf2060a53) f20 0xfffffffff76b244a
core   0: 0x00000000800044f0 (0x0365473b) divw    a4, a0, s6
core   0: 1 0x00000000800044f0 (0x0365473b) x14 0x0000000000000000
core   0: 0x00000000800044f4 (0x3b1a75cf) fnmadd.d fa1, fs4, fa7, ft7
core   0: 1 0x00000000800044f4 (0x3b1a75cf) f11 0x7ff8000000000000
core   0: 0x00000000800044f8 (0x00616833) or      a6, sp, t1
core   0: 1 0x00000000800044f8 (0x00616833) x16 0xffffffffffffffff
core   0: 0x00000000800044fc (0x2c827313) andi    t1, tp, 712
core   0: 1 0x00000000800044fc (0x2c827313) x6  0x0000000000000000
core   0: 0x0000000080004500 (0x00626933) or      s2, tp, t1
core   0: 1 0x0000000080004500 (0x00626933) x18 0x0000000000000000
core   0: 0x0000000080004504 (0xc223f3d3) fcvt.l.d t2, ft7
core   0: 1 0x0000000080004504 (0xc223f3d3) x7  0x000000001b024334
core   0: 0x0000000080004508 (0xd2168ad3) fcvt.d.wu fs5, a3
core   0: 1 0x0000000080004508 (0xd2168ad3) f21 0x0000000000000000
core   0: 0x000000008000450c (0x5a0bffd3) fsqrt.d ft11, fs7
core   0: 1 0x000000008000450c (0x5a0bffd3) f31 0x7ff8000000000000
core   0: 0x0000000080004510 (0x62a57543) fmadd.d fa0, fa0, fa0, fa2
core   0: 1 0x0000000080004510 (0x62a57543) f10 0x7ff8000000000000
core   0: 0x0000000080004514 (0x00202073) csrrs   zero, frm, zero
core   0: 1 0x0000000080004514 (0x00202073)
core   0: 0x0000000080004518 (0x0138113b) sllw    sp, a6, s3
core   0: 1 0x0000000080004518 (0x0138113b) x2  0xffffffffffffffff
core   0: 0x000000008000451c (0x0118593b) srlw    s2, a6, a7
core   0: 1 0x000000008000451c (0x0118593b) x18 0xffffffffffffffff
core   0: 0x0000000080004520 (0xc2157653) fcvt.wu.d a2, fa0
core   0: 1 0x0000000080004520 (0xc2157653) c1_fflags 0x000000000000001f x12 0xffffffffffffffff
core   0: 0x0000000080004524 (0x405603bb) subw    t2, a2, t0
core   0: 1 0x0000000080004524 (0x405603bb) x7  0xfffffffff8000007
core   0: 0x0000000080004528 (0x4166d193) srai    gp, a3, 22
core   0: 1 0x0000000080004528 (0x4166d193) x3  0x0000000000000000
core   0: 0x000000008000452c (0x01b18733) add     a4, gp, s11
core   0: 1 0x000000008000452c (0x01b18733) x14 0xffffffffffffffff
core   0: 0x0000000080004530 (0x42050f53) fcvt.d.s ft10, fa0
core   0: 1 0x0000000080004530 (0x42050f53) f30 0x7ff8000000000000
core   0: 0x0000000080004534 (0x4141d41b) sraiw   s0, gp, 20
core   0: 1 0x0000000080004534 (0x4141d41b) x8  0x0000000000000000
core   0: 0x0000000080004538 (0xe20d8053) fmv.x.d zero, fs11
core   0: 1 0x0000000080004538 (0xe20d8053)
core   0: 0x000000008000453c (0xc2117853) fcvt.wu.d a6, ft2
core   0: 1 0x000000008000453c (0xc2117853) x16 0x0000000000000000
core   0: 0x0000000080004540 (0xa2af88d3) fle.d   a7, ft11, fa0
core   0: 1 0x0000000080004540 (0xa2af88d3) c1_fflags 0x000000000000001f x17 0x0000000000000000
core   0: 0x0000000080004544 (0x420101d3) fcvt.d.s ft3, ft2
core   0: 1 0x0000000080004544 (0x420101d3) f3  0x7ff8000000000000
core   0: 0x0000000080004548 (0x020592b3) mulh    t0, a1, zero
core   0: 1 0x0000000080004548 (0x020592b3) x5  0x0000000000000000
core   0: 0x000000008000454c (0x30303e73) csrrc   t3, mideleg, zero
core   0: exception trap_illegal_instruction, epc 0x000000008000454c
core   0:           tval 0x0000000030303e73
core   0: >>>>  $xrv64i2p1_m2p0_a2p1_f2p2_d2p2_zicsr2p0_zifencei2p0_zmmul1p0_zba1p0_zbb1p0_zbc1p0_zbs1p0
core   0: 0x0000000080004000 (0x0080006f) j       pc + 0x8
core   0: 3 0x0000000080004000 (0x0080006f)
core   0: >>>>  mmode_exception_handler
core   0: 0x0000000080004008 (0x00002c17) auipc   s8, 0x2
core   0: 3 0x0000000080004008 (0x00002c17) x24 0x0000000080006008
core   0: 0x000000008000400c (0x06ec0c13) addi    s8, s8, 110
core   0: 3 0x000000008000400c (0x06ec0c13) x24 0x0000000080006076
core   0: 0x0000000080004010 (0x000c00e7) jalr    s8
core   0: 3 0x0000000080004010 (0x000c00e7) x1  0x0000000080004014
core   0: >>>>  any_handler
core   0: 0x0000000080006076 (0x341027f3) csrrs   a5, mepc, zero
core   0: 3 0x0000000080006076 (0x341027f3) x15 0x000000008000454c
core   0: 0x000000008000607a (0x34202773) csrrs   a4, mcause, zero
core   0: 3 0x000000008000607a (0x34202773) x14 0x0000000000000002
core   0: 0x000000008000607e (0x142026f3) csrrs   a3, scause, zero
core   0: 3 0x000000008000607e (0x142026f3) x13 0x0000000000000000
core   0: 0x0000000080006082 (0x30402673) csrrs   a2, mie, zero
core   0: 3 0x0000000080006082 (0x30402673) x12 0x0000000000000a00
core   0: 0x0000000080006086 (0x344025f3) csrrs   a1, mip, zero
core   0: 3 0x0000000080006086 (0x344025f3) x11 0x0000000000000080
core   0: 0x000000008000608a (0x343025f3) csrrs   a1, mtval, zero
core   0: 3 0x000000008000608a (0x343025f3) x11 0x0000000030303e73
core   0: 0x000000008000608e (0x14302573) csrrs   a0, stval, zero
core   0: 3 0x000000008000608e (0x14302573) x10 0x0000000000000000
core   0: 0x0000000080006092 (0xb02024f3) csrrs   s1, minstret, zero
core   0: 3 0x0000000080006092 (0xb02024f3) x9  0x0000000000000973
core   0: 0x0000000080006096 (0x0000a811) c.j     pc + 20
core   0: 3 0x0000000080006096 (0xa811)
core   0: >>>>  mepc_4
core   0: 0x00000000800060aa (0x00000791) c.addi  a5, 4
core   0: 3 0x00000000800060aa (0x0791) x15 0x0000000080004550
core   0: 0x00000000800060ac (0x34179073) csrrw   zero, mepc, a5
core   0: 3 0x00000000800060ac (0x34179073) c833_mepc 0x0000000080004550
core   0: 0x00000000800060b0 (0x30200073) mret
core   0: 3 0x00000000800060b0 (0x30200073) c768_mstatus 0x8000000a00106080
core   0: 0x0000000080004550 (0x0373d8bb) divuw   a7, t2, s7
core   0: 1 0x0000000080004550 (0x0373d8bb) x17 0x0000000000000371
core   0: 0x0000000080004554 (0x00d69bb3) sll     s7, a3, a3
core   0: 1 0x0000000080004554 (0x00d69bb3) x23 0x0000000000000000
core   0: 0x0000000080004558 (0x01635cbb) srlw    s9, t1, s6
core   0: 1 0x0000000080004558 (0x01635cbb) x25 0x0000000000000000
core   0: 0x000000008000455c (0xc03e7ed3) fcvt.lu.s t4, ft8
core   0: 1 0x000000008000455c (0xc03e7ed3) x29 0x0000000080000100
core   0: 0x0000000080004560 (0x0184a0b3) slt     ra, s1, s8
core   0: 1 0x0000000080004560 (0x0184a0b3) x1  0x0000000000000001
core   0: 0x0000000080004564 (0x13c175cf) fnmadd.d fa1, ft2, ft8, ft2
core   0: 1 0x0000000080004564 (0x13c175cf) f11 0x7ff8000000000000
core   0: 0x0000000080004568 (0xc23576d3) fcvt.lu.d a3, fa0
core   0: 1 0x0000000080004568 (0xc23576d3) c1_fflags 0x000000000000001f x13 0xffffffffffffffff
core   0: 0x000000008000456c (0xc02f7553) fcvt.l.s a0, ft10
core   0: 1 0x000000008000456c (0xc02f7553) c1_fflags 0x000000000000001f x10 0x7fffffffffffffff
core   0: 0x0000000080004570 (0x407389bb) subw    s3, t2, t2
core   0: 1 0x0000000080004570 (0x407389bb) x19 0x0000000000000000
core   0: 0x0000000080004574 (0x2bc702d3) fmin.d  ft5, fa4, ft8
core   0: 1 0x0000000080004574 (0x2bc702d3) f5  0x0000000000000000
core   0: 0x0000000080004578 (0x01a50d3b) addw    s10, a0, s10
core   0: 1 0x0000000080004578 (0x01a50d3b) x26 0x0000000000480fff
core   0: 0x000000008000457c (0x42050e53) fcvt.d.s ft8, fa0
core   0: 1 0x000000008000457c (0x42050e53) f28 0x7ff8000000000000
core   0: 0x0000000080004580 (0x000d591b) srliw   s2, s10, 0
core   0: 1 0x0000000080004580 (0x000d591b) x18 0x0000000000480fff
core   0: 0x0000000080004584 (0x2ac61653) fmax.d  fa2, fa2, fa2
core   0: 1 0x0000000080004584 (0x2ac61653) f12 0x7ff8000000000000
core   0: 0x0000000080004588 (0x01a4833b) addw    t1, s1, s10
core   0: 1 0x0000000080004588 (0x01a4833b) x6  0x0000000000481972
core   0: 0x000000008000458c (0xa3f60453) fle.d   s0, fa2, ft11
core   0: 1 0x000000008000458c (0xa3f60453) c1_fflags 0x000000000000001f x8  0x0000000000000000
core   0: 0x0000000080004590 (0x234a0fd3) fsgnj.d ft11, fs4, fs4
core   0: 1 0x0000000080004590 (0x234a0fd3) f31 0xfffffffff76b244a
core   0: 0x0000000080004594 (0x03cc0e3b) mulw    t3, s8, t3
core   0: 1 0x0000000080004594 (0x03cc0e3b) x28 0x0000000021e7f4ea
core   0: 0x0000000080004598 (0x02156a33) rem     s4, a0, ra
core   0: 1 0x0000000080004598 (0x02156a33) x20 0x0000000000000000
core   0: 0x000000008000459c (0x03dec933) div     s2, t4, t4
core   0: 1 0x000000008000459c (0x03dec933) x18 0x0000000000000001
core   0: 0x00000000800045a0 (0x4b527ac3) fmadd.d fs5, ft4, fs5, fs1
core   0: 1 0x00000000800045a0 (0x4b527ac3) f21 0x0000000000000000
core   0: 0x00000000800045a4 (0x401bf353) fcvt.s.d ft6, fs7
core   0: 1 0x00000000800045a4 (0x401bf353) f6  0xffffffff7fc00000
core   0: 0x00000000800045a8 (0x005712bb) sllw    t0, a4, t0
core   0: 1 0x00000000800045a8 (0x005712bb) x5  0x0000000000000002
core   0: 0x00000000800045ac (0x01aa599b) srliw   s3, s4, 26
core   0: 1 0x00000000800045ac (0x01aa599b) x19 0x0000000000000000
core   0: 0x00000000800045b0 (0x41c30bbb) subw    s7, t1, t3
core   0: 1 0x00000000800045b0 (0x41c30bbb) x23 0xffffffffde602488
core   0: 0x00000000800045b4 (0x7a7373c7) fmsub.d ft7, ft6, ft7, fa5
core   0: 1 0x00000000800045b4 (0x7a7373c7) f7  0x7ff8000000000000
core   0: 0x00000000800045b8 (0x001029f3) csrrs   s3, fflags, zero
core   0: 1 0x00000000800045b8 (0x001029f3) x19 0x000000000000001f
core   0: 0x00000000800045bc (0x00271773) csrrw   a4, frm, a4
core   0: 1 0x00000000800045bc (0x00271773) x14 0x0000000000000000 c2_frm 0x0000000000000002
core   0: 0x00000000800045c0 (0x0077563b) srlw    a2, a4, t2
core   0: 1 0x00000000800045c0 (0x0077563b) x12 0x0000000000000000
core   0: 0x00000000800045c4 (0xc020f2d3) fcvt.l.s t0, ft1
core   0: 1 0x00000000800045c4 (0xc020f2d3) c1_fflags 0x000000000000001f x5  0x7fffffffffffffff
core   0: 0x00000000800045c8 (0x00055793) srli    a5, a0, 0
core   0: 1 0x00000000800045c8 (0x00055793) x15 0x7fffffffffffffff
core   0: 0x00000000800045cc (0x02a299b3) mulh    s3, t0, a0
core   0: 1 0x00000000800045cc (0x02a299b3) x19 0x3fffffffffffffff
core   0: 0x00000000800045d0 (0x1270f953) fmul.d  fs2, ft1, ft7
core   0: 1 0x00000000800045d0 (0x1270f953) f18 0x7ff8000000000000
core   0: 0x00000000800045d4 (0x03414133) div     sp, sp, s4
core   0: 1 0x00000000800045d4 (0x03414133) x2  0xffffffffffffffff
core   0: 0x00000000800045d8 (0x00a80733) add     a4, a6, a0
core   0: 1 0x00000000800045d8 (0x00a80733) x14 0x7fffffffffffffff
core   0: 0x00000000800045dc (0x03575ab3) divu    s5, a4, s5
core   0: 1 0x00000000800045dc (0x03575ab3) x21 0x00000000ffffff1c
core   0: 0x00000000800045e0 (0x0157de1b) srliw   t3, a5, 21
core   0: 1 0x00000000800045e0 (0x0157de1b) x28 0x00000000000007ff
core   0: 0x00000000800045e4 (0x00000001) c.nop
core   0: 1 0x00000000800045e4 (0x0001)
core   0: 0x00000000800045e6 (0x31eace13) xori    t3, s5, 798
core   0: 1 0x00000000800045e6 (0x31eace13) x28 0x00000000fffffc02
core   0: 0x00000000800045ea (0x03f4de93) srli    t4, s1, 63
core   0: 1 0x00000000800045ea (0x03f4de93) x29 0x0000000000000000
core   0: 0x00000000800045ee (0x0184919b) slliw   gp, s1, 24
core   0: 1 0x00000000800045ee (0x0184919b) x3  0x0000000073000000
core   0: 0x00000000800045f2 (0x03b31033) mulh    zero, t1, s11
core   0: 1 0x00000000800045f2 (0x03b31033)
core   0: 0x00000000800045f6 (0x00141cf3) csrrw   s9, fflags, s0
core   0: 1 0x00000000800045f6 (0x00141cf3) x25 0x000000000000001f c1_fflags 0x0000000000000000
core   0: 0x00000000800045fa (0xc05ba0f3) csrrs   ra, hpmcounter5, s7
core   0: exception trap_illegal_instruction, epc 0x00000000800045fa
core   0:           tval 0x00000000c05ba0f3
core   0: >>>>  $xrv64i2p1_m2p0_a2p1_f2p2_d2p2_zicsr2p0_zifencei2p0_zmmul1p0_zba1p0_zbb1p0_zbc1p0_zbs1p0
core   0: 0x0000000080004000 (0x0080006f) j       pc + 0x8
core   0: 3 0x0000000080004000 (0x0080006f)
core   0: >>>>  mmode_exception_handler
core   0: 0x0000000080004008 (0x00002c17) auipc   s8, 0x2
core   0: 3 0x0000000080004008 (0x00002c17) x24 0x0000000080006008
core   0: 0x000000008000400c (0x06ec0c13) addi    s8, s8, 110
core   0: 3 0x000000008000400c (0x06ec0c13) x24 0x0000000080006076
core   0: 0x0000000080004010 (0x000c00e7) jalr    s8
core   0: 3 0x0000000080004010 (0x000c00e7) x1  0x0000000080004014
core   0: >>>>  any_handler
core   0: 0x0000000080006076 (0x341027f3) csrrs   a5, mepc, zero
core   0: 3 0x0000000080006076 (0x341027f3) x15 0x00000000800045fa
core   0: 0x000000008000607a (0x34202773) csrrs   a4, mcause, zero
core   0: 3 0x000000008000607a (0x34202773) x14 0x0000000000000002
core   0: 0x000000008000607e (0x142026f3) csrrs   a3, scause, zero
core   0: 3 0x000000008000607e (0x142026f3) x13 0x0000000000000000
core   0: 0x0000000080006082 (0x30402673) csrrs   a2, mie, zero
core   0: 3 0x0000000080006082 (0x30402673) x12 0x0000000000000a00
core   0: 0x0000000080006086 (0x344025f3) csrrs   a1, mip, zero
core   0: 3 0x0000000080006086 (0x344025f3) x11 0x0000000000000080
core   0: 0x000000008000608a (0x343025f3) csrrs   a1, mtval, zero
core   0: 3 0x000000008000608a (0x343025f3) x11 0x00000000c05ba0f3
core   0: 0x000000008000608e (0x14302573) csrrs   a0, stval, zero
core   0: 3 0x000000008000608e (0x14302573) x10 0x0000000000000000
core   0: 0x0000000080006092 (0xb02024f3) csrrs   s1, minstret, zero
core   0: 3 0x0000000080006092 (0xb02024f3) x9  0x00000000000009ae
core   0: 0x0000000080006096 (0x0000a811) c.j     pc + 20
core   0: 3 0x0000000080006096 (0xa811)
core   0: >>>>  mepc_4
core   0: 0x00000000800060aa (0x00000791) c.addi  a5, 4
core   0: 3 0x00000000800060aa (0x0791) x15 0x00000000800045fe
core   0: 0x00000000800060ac (0x34179073) csrrw   zero, mepc, a5
core   0: 3 0x00000000800060ac (0x34179073) c833_mepc 0x00000000800045fe
core   0: 0x00000000800060b0 (0x30200073) mret
core   0: 3 0x00000000800060b0 (0x30200073) c768_mstatus 0x8000000a00106080
core   0: 0x00000000800045fe (0x41145bb3) sra     s7, s0, a7
core   0: 1 0x00000000800045fe (0x41145bb3) x23 0x0000000000000000
core   0: 0x0000000080004602 (0xc22b70d3) fcvt.l.d ra, fs6
core   0: 1 0x0000000080004602 (0xc22b70d3) x1  0x0000000000000000
core   0: 0x0000000080004606 (0x2b839353) fmax.d  ft6, ft7, fs8
core   0: 1 0x0000000080004606 (0x2b839353) f6  0x0000000000000000
core   0: 0x000000008000460a (0xa2a38ed3) fle.d   t4, ft7, fa0
core   0: 1 0x000000008000460a (0xa2a38ed3) c1_fflags 0x0000000000000010 x29 0x0000000000000000
core   0: 0x000000008000460e (0xd5f64613) xori    a2, a2, -673
core   0: 1 0x000000008000460e (0xd5f64613) x12 0xfffffffffffff75f
core   0: 0x0000000080004612 (0x004264b3) or      s1, tp, tp
core   0: 1 0x0000000080004612 (0x004264b3) x9  0x0000000000000000
core   0: 0x0000000080004616 (0xdad27093) andi    ra, tp, -595
core   0: 1 0x0000000080004616 (0xdad27093) x1  0x0000000000000000
core   0: 0x000000008000461a (0x00000001) c.nop
core   0: 1 0x000000008000461a (0x0001)
core   0: 0x000000008000461c (0x03fd9513) slli    a0, s11, 63
core   0: 1 0x000000008000461c (0x03fd9513) x10 0x8000000000000000
core   0: 0x0000000080004620 (0x34392c73) csrrs   s8, mtval, s2
core   0: exception trap_illegal_instruction, epc 0x0000000080004620
core   0:           tval 0x0000000034392c73
core   0: >>>>  $xrv64i2p1_m2p0_a2p1_f2p2_d2p2_zicsr2p0_zifencei2p0_zmmul1p0_zba1p0_zbb1p0_zbc1p0_zbs1p0
core   0: 0x0000000080004000 (0x0080006f) j       pc + 0x8
core   0: 3 0x0000000080004000 (0x0080006f)
core   0: >>>>  mmode_exception_handler
core   0: 0x0000000080004008 (0x00002c17) auipc   s8, 0x2
core   0: 3 0x0000000080004008 (0x00002c17) x24 0x0000000080006008
core   0: 0x000000008000400c (0x06ec0c13) addi    s8, s8, 110
core   0: 3 0x000000008000400c (0x06ec0c13) x24 0x0000000080006076
core   0: 0x0000000080004010 (0x000c00e7) jalr    s8
core   0: 3 0x0000000080004010 (0x000c00e7) x1  0x0000000080004014
core   0: >>>>  any_handler
core   0: 0x0000000080006076 (0x341027f3) csrrs   a5, mepc, zero
core   0: 3 0x0000000080006076 (0x341027f3) x15 0x0000000080004620
core   0: 0x000000008000607a (0x34202773) csrrs   a4, mcause, zero
core   0: 3 0x000000008000607a (0x34202773) x14 0x0000000000000002
core   0: 0x000000008000607e (0x142026f3) csrrs   a3, scause, zero
core   0: 3 0x000000008000607e (0x142026f3) x13 0x0000000000000000
core   0: 0x0000000080006082 (0x30402673) csrrs   a2, mie, zero
core   0: 3 0x0000000080006082 (0x30402673) x12 0x0000000000000a00
core   0: 0x0000000080006086 (0x344025f3) csrrs   a1, mip, zero
core   0: 3 0x0000000080006086 (0x344025f3) x11 0x0000000000000080
core   0: 0x000000008000608a (0x343025f3) csrrs   a1, mtval, zero
core   0: 3 0x000000008000608a (0x343025f3) x11 0x0000000034392c73
core   0: 0x000000008000608e (0x14302573) csrrs   a0, stval, zero
core   0: 3 0x000000008000608e (0x14302573) x10 0x0000000000000000
core   0: 0x0000000080006092 (0xb02024f3) csrrs   s1, minstret, zero
core   0: 3 0x0000000080006092 (0xb02024f3) x9  0x00000000000009c7
core   0: 0x0000000080006096 (0x0000a811) c.j     pc + 20
core   0: 3 0x0000000080006096 (0xa811)
core   0: >>>>  mepc_4
core   0: 0x00000000800060aa (0x00000791) c.addi  a5, 4
core   0: 3 0x00000000800060aa (0x0791) x15 0x0000000080004624
core   0: 0x00000000800060ac (0x34179073) csrrw   zero, mepc, a5
core   0: 3 0x00000000800060ac (0x34179073) c833_mepc 0x0000000080004624
core   0: 0x00000000800060b0 (0x30200073) mret
core   0: 3 0x00000000800060b0 (0x30200073) c768_mstatus 0x8000000a00106080
core   0: 0x0000000080004624 (0xc23ef3d3) fcvt.lu.d t2, ft9
core   0: 1 0x0000000080004624 (0xc23ef3d3) c1_fflags 0x0000000000000010 x7  0xffffffffffffffff
core   0: 0x0000000080004628 (0x420d8f53) fcvt.d.s ft10, fs11
core   0: 1 0x0000000080004628 (0x420d8f53) f30 0x7ff8000000000000
core   0: 0x000000008000462c (0x01bd8cb3) add     s9, s11, s11
core   0: 1 0x000000008000462c (0x01bd8cb3) x25 0xfffffffffffffffe
core   0: 0x0000000080004630 (0x00202af3) csrrs   s5, frm, zero
core   0: 1 0x0000000080004630 (0x00202af3) x21 0x0000000000000002
core   0: 0x0000000080004634 (0x80086993) ori     s3, a6, -2048
core   0: 1 0x0000000080004634 (0x80086993) x19 0xfffffffffffff800
core   0: 0x0000000080004638 (0x936a7fcf) fnmadd.d ft11, fs4, fs6, fs2
core   0: 1 0x0000000080004638 (0x936a7fcf) f31 0x7ff8000000000000
core   0: 0x000000008000463c (0xff2e0a37) lui     s4, 0xff2e0
core   0: 1 0x000000008000463c (0xff2e0a37) x20 0xffffffffff2e0000
core   0: 0x0000000080004640 (0x839a0a1b) addiw   s4, s4, -1991
core   0: 1 0x0000000080004640 (0x839a0a1b) x20 0xffffffffff2df839
core   0: 0x0000000080004644 (0x00000a32) c.slli  s4, 12
core   0: 1 0x0000000080004644 (0x0a32) x20 0xfffffff2df839000
core   0: 0x0000000080004646 (0x92fa0a13) addi    s4, s4, -1745
core   0: 1 0x0000000080004646 (0x92fa0a13) x20 0xfffffff2df83892f
core   0: 0x000000008000464a (0x0018e7b3) or      a5, a7, ra
core   0: 1 0x000000008000464a (0x0018e7b3) x15 0x0000000080004375
core   0: 0x000000008000464e (0x02b7a133) mulhsu  sp, a5, a1
core   0: 1 0x000000008000464e (0x02b7a133) x2  0x0000000000000000
core   0: 0x0000000080004652 (0xc053b373) csrrc   t1, hpmcounter5, t2
core   0: exception trap_illegal_instruction, epc 0x0000000080004652
core   0:           tval 0x00000000c053b373
core   0: >>>>  $xrv64i2p1_m2p0_a2p1_f2p2_d2p2_zicsr2p0_zifencei2p0_zmmul1p0_zba1p0_zbb1p0_zbc1p0_zbs1p0
core   0: 0x0000000080004000 (0x0080006f) j       pc + 0x8
core   0: 3 0x0000000080004000 (0x0080006f)
core   0: >>>>  mmode_exception_handler
core   0: 0x0000000080004008 (0x00002c17) auipc   s8, 0x2
core   0: 3 0x0000000080004008 (0x00002c17) x24 0x0000000080006008
core   0: 0x000000008000400c (0x06ec0c13) addi    s8, s8, 110
core   0: 3 0x000000008000400c (0x06ec0c13) x24 0x0000000080006076
core   0: 0x0000000080004010 (0x000c00e7) jalr    s8
core   0: 3 0x0000000080004010 (0x000c00e7) x1  0x0000000080004014
core   0: >>>>  any_handler
core   0: 0x0000000080006076 (0x341027f3) csrrs   a5, mepc, zero
core   0: 3 0x0000000080006076 (0x341027f3) x15 0x0000000080004652
core   0: 0x000000008000607a (0x34202773) csrrs   a4, mcause, zero
core   0: 3 0x000000008000607a (0x34202773) x14 0x0000000000000002
core   0: 0x000000008000607e (0x142026f3) csrrs   a3, scause, zero
core   0: 3 0x000000008000607e (0x142026f3) x13 0x0000000000000000
core   0: 0x0000000080006082 (0x30402673) csrrs   a2, mie, zero
core   0: 3 0x0000000080006082 (0x30402673) x12 0x0000000000000a00
core   0: 0x0000000080006086 (0x344025f3) csrrs   a1, mip, zero
core   0: 3 0x0000000080006086 (0x344025f3) x11 0x0000000000000080
core   0: 0x000000008000608a (0x343025f3) csrrs   a1, mtval, zero
core   0: 3 0x000000008000608a (0x343025f3) x11 0x00000000c053b373
core   0: 0x000000008000608e (0x14302573) csrrs   a0, stval, zero
core   0: 3 0x000000008000608e (0x14302573) x10 0x0000000000000000
core   0: 0x0000000080006092 (0xb02024f3) csrrs   s1, minstret, zero
core   0: 3 0x0000000080006092 (0xb02024f3) x9  0x00000000000009e3
core   0: 0x0000000080006096 (0x0000a811) c.j     pc + 20
core   0: 3 0x0000000080006096 (0xa811)
core   0: >>>>  mepc_4
core   0: 0x00000000800060aa (0x00000791) c.addi  a5, 4
core   0: 3 0x00000000800060aa (0x0791) x15 0x0000000080004656
core   0: 0x00000000800060ac (0x34179073) csrrw   zero, mepc, a5
core   0: 3 0x00000000800060ac (0x34179073) c833_mepc 0x0000000080004656
core   0: 0x00000000800060b0 (0x30200073) mret
core   0: 3 0x00000000800060b0 (0x30200073) c768_mstatus 0x8000000a00106080
core   0: 0x0000000080004656 (0x002619b3) sll     s3, a2, sp
core   0: 1 0x0000000080004656 (0x002619b3) x19 0x0000000000000a00
core   0: 0x000000008000465a (0x001c94f3) csrrw   s1, fflags, s9
core   0: 1 0x000000008000465a (0x001c94f3) x9  0x0000000000000010 c1_fflags 0x000000000000001e
core   0: 0x000000008000465e (0x2af412d3) fmax.d  ft5, fs0, fa5
core   0: 1 0x000000008000465e (0x2af412d3) f5  0x0000000000000000
core   0: 0x0000000080004662 (0x1ad7f6d3) fdiv.d  fa3, fa5, fa3
core   0: 1 0x0000000080004662 (0x1ad7f6d3) c1_fflags 0x000000000000001e f13 0xfff0000000000000
core   0: 0x0000000080004666 (0x039a76b3) remu    a3, s4, s9
core   0: 1 0x0000000080004666 (0x039a76b3) x13 0xfffffff2df83892f
core   0: 0x000000008000466a (0x0ea9e137) lui     sp, 0xea9e
core   0: 1 0x000000008000466a (0x0ea9e137) x2  0x000000000ea9e000
core   0: 0x000000008000466e (0xa34789d3) fle.d   s3, fa5, fs4
core   0: 1 0x000000008000466e (0xa34789d3) c1_fflags 0x000000000000001e x19 0x0000000000000000
core   0: 0x0000000080004672 (0x0043883b) addw    a6, t2, tp
core   0: 1 0x0000000080004672 (0x0043883b) x16 0xffffffffffffffff
core   0: 0x0000000080004676 (0x7ff80b13) addi    s6, a6, 2047
core   0: 1 0x0000000080004676 (0x7ff80b13) x22 0x00000000000007fe
core   0: 0x000000008000467a (0x6a78041b) addiw   s0, a6, 1703
core   0: 1 0x000000008000467a (0x6a78041b) x8  0x00000000000006a6
core   0: 0x000000008000467e (0x40d406b3) sub     a3, s0, a3
core   0: 1 0x000000008000467e (0x40d406b3) x13 0x0000000d207c7d77
core   0: 0x0000000080004682 (0x00215a9b) srliw   s5, sp, 2
core   0: 1 0x0000000080004682 (0x00215a9b) x21 0x0000000003aa7800
core   0: 0x0000000080004686 (0xd03af253) fcvt.s.lu ft4, s5
core   0: 1 0x0000000080004686 (0xd03af253) f4  0xffffffff4c6a9e00
core   0: 0x000000008000468a (0x40268eb3) sub     t4, a3, sp
core   0: 1 0x000000008000468a (0x40268eb3) x29 0x0000000d11d29d77
core   0: 0x000000008000468e (0x103ee993) ori     s3, t4, 259
core   0: 1 0x000000008000468e (0x103ee993) x19 0x0000000d11d29d77
core   0: 0x0000000080004692 (0xdb7b7943) fmadd.d fs2, fs6, fs7, fs11
core   0: 1 0x0000000080004692 (0xdb7b7943) f18 0x7ff8000000000000
core   0: 0x0000000080004696 (0xb214ee17) auipc   t3, 0xb214e
core   0: 1 0x0000000080004696 (0xb214ee17) x28 0x0000000032152696
core   0: 0x000000008000469a (0x0bc974d3) fsub.d  fs1, fs2, ft8
core   0: 1 0x000000008000469a (0x0bc974d3) f9  0x7ff8000000000000
core   0: 0x000000008000469e (0x031ec8b3) div     a7, t4, a7
core   0: 1 0x000000008000469e (0x031ec8b3) x17 0x0000000003cc39b6
core   0: 0x00000000800046a2 (0x02cff753) fadd.d  fa4, ft11, fa2
core   0: 1 0x00000000800046a2 (0x02cff753) f14 0x7ff8000000000000
core   0: 0x00000000800046a6 (0xc024f5d3) fcvt.l.s a1, fs1
core   0: 1 0x00000000800046a6 (0xc024f5d3) c1_fflags 0x000000000000001e x11 0x7fffffffffffffff
core   0: 0x00000000800046aa (0xa2ce09d3) fle.d   s3, ft8, fa2
core   0: 1 0x00000000800046aa (0xa2ce09d3) c1_fflags 0x000000000000001e x19 0x0000000000000000
core   0: 0x00000000800046ae (0x00199b73) csrrw   s6, fflags, s3
core   0: 1 0x00000000800046ae (0x00199b73) x22 0x000000000000001e c1_fflags 0x0000000000000000
core   0: 0x00000000800046b2 (0xc21671d3) fcvt.wu.d gp, fa2
core   0: 1 0x00000000800046b2 (0xc21671d3) c1_fflags 0x0000000000000010 x3  0xffffffffffffffff
core   0: 0x00000000800046b6 (0x13577d4f) fnmadd.d fs10, fa4, fs5, ft2
core   0: 1 0x00000000800046b6 (0x13577d4f) f26 0x7ff8000000000000
core   0: 0x00000000800046ba (0x02a8b0b7) lui     ra, 0x2a8b
core   0: 1 0x00000000800046ba (0x02a8b0b7) x1  0x0000000002a8b000
core   0: 0x00000000800046be (0xef70809b) addiw   ra, ra, -265
core   0: 1 0x00000000800046be (0xef70809b) x1  0x0000000002a8aef7
core   0: 0x00000000800046c2 (0x000000b2) c.slli  ra, 12
core   0: 1 0x00000000800046c2 (0x00b2) x1  0x0000002a8aef7000
core   0: 0x00000000800046c4 (0x5b708093) addi    ra, ra, 1463
core   0: 1 0x00000000800046c4 (0x5b708093) x1  0x0000002a8aef75b7
core   0: 0x00000000800046c8 (0x40e4da9b) sraiw   s5, s1, 14
core   0: 1 0x00000000800046c8 (0x40e4da9b) x21 0x0000000000000000
core   0: 0x00000000800046cc (0x022e78d3) fadd.d  fa7, ft8, ft2
core   0: 1 0x00000000800046cc (0x022e78d3) f17 0x7ff8000000000000
core   0: 0x00000000800046d0 (0x00b21a33) sll     s4, tp, a1
core   0: 1 0x00000000800046d0 (0x00b21a33) x20 0x0000000000000000
core   0: 0x00000000800046d4 (0x01c1159b) slliw   a1, sp, 28
core   0: 1 0x00000000800046d4 (0x01c1159b) x11 0x0000000000000000
core   0: 0x00000000800046d8 (0x0ff0000f) fence   iorw,iorw
core   0: 1 0x00000000800046d8 (0x0ff0000f)
core   0: 0x00000000800046dc (0x400cda9b) sraiw   s5, s9, 0
core   0: 1 0x00000000800046dc (0x400cda9b) x21 0xfffffffffffffffe
core   0: 0x00000000800046e0 (0x01a55ebb) srlw    t4, a0, s10
core   0: 1 0x00000000800046e0 (0x01a55ebb) x29 0x0000000000000000
core   0: 0x00000000800046e4 (0x01d9909b) slliw   ra, s3, 29
core   0: 1 0x00000000800046e4 (0x01d9909b) x1  0x0000000000000000
core   0: 0x00000000800046e8 (0x00fb19bb) sllw    s3, s6, a5
core   0: 1 0x00000000800046e8 (0x00fb19bb) x19 0x0000000007800000
core   0: 0x00000000800046ec (0xf20a0cd3) fmv.d.x fs9, s4
core   0: 1 0x00000000800046ec (0xf20a0cd3) f25 0x0000000000000000
core   0: 0x00000000800046f0 (0xc03c72d3) fcvt.lu.s t0, fs8
core   0: 1 0x00000000800046f0 (0xc03c72d3) c1_fflags 0x0000000000000010 x5  0xffffffffffffffff
core   0: 0x00000000800046f4 (0x400e501b) sraiw   zero, t3, 0
core   0: 1 0x00000000800046f4 (0x400e501b)
core   0: 0x00000000800046f8 (0x143011f3) csrrw   gp, stval, zero
core   0: 1 0x00000000800046f8 (0x143011f3) x3  0x0000000000000000 c323_stval 0x0000000000000000
core   0: 0x00000000800046fc (0xe20186d3) fmv.x.d a3, ft3
core   0: 1 0x00000000800046fc (0xe20186d3) x13 0x7ff8000000000000
core   0: 0x0000000080004700 (0x00d4d013) srli    zero, s1, 13
core   0: 1 0x0000000080004700 (0x00d4d013)
core   0: 0x0000000080004704 (0xd02cf3d3) fcvt.s.l ft7, s9
core   0: 1 0x0000000080004704 (0xd02cf3d3) f7  0xffffffffc0000000
core   0: 0x0000000080004708 (0x0000347d) c.addiw s0, -1
core   0: 1 0x0000000080004708 (0x347d) x8  0x00000000000006a5
core   0: 0x000000008000470a (0x23bd8dd3) fsgnj.d fs11, fs11, fs11
core   0: 1 0x000000008000470a (0x23bd8dd3) f27 0x0000000000000000
core   0: 0x000000008000470e (0x140497f3) csrrw   a5, sscratch, s1
core   0: 1 0x000000008000470e (0x140497f3) x15 0x0000000000000000 c320_sscratch 0x0000000000000010
core   0: 0x0000000080004712 (0x03512ab3) mulhsu  s5, sp, s5
core   0: 1 0x0000000080004712 (0x03512ab3) x21 0x000000000ea9dfff
core   0: 0x0000000080004716 (0x00101b73) csrrw   s6, fflags, zero
core   0: 1 0x0000000080004716 (0x00101b73) x22 0x0000000000000010 c1_fflags 0x0000000000000000
core   0: 0x000000008000471a (0x401df7d3) fcvt.s.d fa5, fs11
core   0: 1 0x000000008000471a (0x401df7d3) f15 0xffffffff00000000
core   0: 0x000000008000471e (0xc2247c53) fcvt.l.d s8, fs0
core   0: 1 0x000000008000471e (0xc2247c53) x24 0x0000000000000000
core   0: 0x0000000080004722 (0x034a50bb) divuw   ra, s4, s4
core   0: 1 0x0000000080004722 (0x034a50bb) x1  0xffffffffffffffff
core   0: 0x0000000080004726 (0xc237f2d3) fcvt.lu.d t0, fa5
core   0: 1 0x0000000080004726 (0xc237f2d3) c1_fflags 0x0000000000000010 x5  0xffffffffffffffff
core   0: 0x000000008000472a (0x000c569b) srliw   a3, s8, 0
core   0: 1 0x000000008000472a (0x000c569b) x13 0x0000000000000000
core   0: 0x000000008000472e (0xf30bf843) fmadd.d fa6, fs7, fa6, ft10
core   0: 1 0x000000008000472e (0xf30bf843) f16 0x7ff8000000000000
core   0: 0x0000000080004732 (0x12acfad3) fmul.d  fs5, fs9, fa0
core   0: 1 0x0000000080004732 (0x12acfad3) f21 0x7ff8000000000000
core   0: 0x0000000080004736 (0x02766533) rem     a0, a2, t2
core   0: 1 0x0000000080004736 (0x02766533) x10 0x0000000000000000
core   0: 0x000000008000473a (0x0ff0000f) fence   iorw,iorw
core   0: 1 0x000000008000473a (0x0ff0000f)
core   0: 0x000000008000473e (0xc23f77d3) fcvt.lu.d a5, ft10
core   0: 1 0x000000008000473e (0xc23f77d3) c1_fflags 0x0000000000000010 x15 0xffffffffffffffff
core   0: 0x0000000080004742 (0x00000001) c.nop
core   0: 1 0x0000000080004742 (0x0001)
core   0: 0x0000000080004744 (0x037428b3) mulhsu  a7, s0, s7
core   0: 1 0x0000000080004744 (0x037428b3) x17 0x0000000000000000
core   0: 0x0000000080004748 (0x41d306b3) sub     a3, t1, t4
core   0: 1 0x0000000080004748 (0x41d306b3) x13 0x0000000000481972
core   0: 0x000000008000474c (0x235cab53) fsgnjx.d fs6, fs9, fs5
core   0: 1 0x000000008000474c (0x235cab53) f22 0x0000000000000000
core   0: 0x0000000080004750 (0x01dee8b3) or      a7, t4, t4
core   0: 1 0x0000000080004750 (0x01dee8b3) x17 0x0000000000000000
core   0: 0x0000000080004754 (0x01fa5b9b) srliw   s7, s4, 31
core   0: 1 0x0000000080004754 (0x01fa5b9b) x23 0x0000000000000000
core   0: 0x0000000080004758 (0xe2050453) fmv.x.d s0, fa0
core   0: 1 0x0000000080004758 (0xe2050453) x8  0x7ff8000000000000
core   0: 0x000000008000475c (0x001ece93) xori    t4, t4, 1
core   0: 1 0x000000008000475c (0x001ece93) x29 0x0000000000000001
core   0: 0x0000000080004760 (0x00b5c233) xor     tp, a1, a1
core   0: 1 0x0000000080004760 (0x00b5c233) x4  0x0000000000000000
core   0: 0x0000000080004764 (0x00f7d7b3) srl     a5, a5, a5
core   0: 1 0x0000000080004764 (0x00f7d7b3) x15 0x0000000000000001
core   0: 0x0000000080004768 (0x2764c593) xori    a1, s1, 630
core   0: 1 0x0000000080004768 (0x2764c593) x11 0x0000000000000266
core   0: 0x000000008000476c (0x01291bbb) sllw    s7, s2, s2
core   0: 1 0x000000008000476c (0x01291bbb) x23 0x0000000000000002
core   0: 0x0000000080004770 (0x4070dc9b) sraiw   s9, ra, 7
core   0: 1 0x0000000080004770 (0x4070dc9b) x25 0xffffffffffffffff
core   0: 0x0000000080004774 (0x02fa8a3b) mulw    s4, s5, a5
core   0: 1 0x0000000080004774 (0x02fa8a3b) x20 0x000000000ea9dfff
core   0: 0x0000000080004778 (0xc00a11f3) csrrw   gp, cycle, s4
core   0: exception trap_illegal_instruction, epc 0x0000000080004778
core   0:           tval 0x00000000c00a11f3
core   0: >>>>  $xrv64i2p1_m2p0_a2p1_f2p2_d2p2_zicsr2p0_zifencei2p0_zmmul1p0_zba1p0_zbb1p0_zbc1p0_zbs1p0
core   0: 0x0000000080004000 (0x0080006f) j       pc + 0x8
core   0: 3 0x0000000080004000 (0x0080006f)
core   0: >>>>  mmode_exception_handler
core   0: 0x0000000080004008 (0x00002c17) auipc   s8, 0x2
core   0: 3 0x0000000080004008 (0x00002c17) x24 0x0000000080006008
core   0: 0x000000008000400c (0x06ec0c13) addi    s8, s8, 110
core   0: 3 0x000000008000400c (0x06ec0c13) x24 0x0000000080006076
core   0: 0x0000000080004010 (0x000c00e7) jalr    s8
core   0: 3 0x0000000080004010 (0x000c00e7) x1  0x0000000080004014
core   0: >>>>  any_handler
core   0: 0x0000000080006076 (0x341027f3) csrrs   a5, mepc, zero
core   0: 3 0x0000000080006076 (0x341027f3) x15 0x0000000080004778
core   0: 0x000000008000607a (0x34202773) csrrs   a4, mcause, zero
core   0: 3 0x000000008000607a (0x34202773) x14 0x0000000000000002
core   0: 0x000000008000607e (0x142026f3) csrrs   a3, scause, zero
core   0: 3 0x000000008000607e (0x142026f3) x13 0x0000000000000000
core   0: 0x0000000080006082 (0x30402673) csrrs   a2, mie, zero
core   0: 3 0x0000000080006082 (0x30402673) x12 0x0000000000000a00
core   0: 0x0000000080006086 (0x344025f3) csrrs   a1, mip, zero
core   0: 3 0x0000000080006086 (0x344025f3) x11 0x0000000000000080
core   0: 0x000000008000608a (0x343025f3) csrrs   a1, mtval, zero
core   0: 3 0x000000008000608a (0x343025f3) x11 0x00000000c00a11f3
core   0: 0x000000008000608e (0x14302573) csrrs   a0, stval, zero
core   0: 3 0x000000008000608e (0x14302573) x10 0x0000000000000000
core   0: 0x0000000080006092 (0xb02024f3) csrrs   s1, minstret, zero
core   0: 3 0x0000000080006092 (0xb02024f3) x9  0x0000000000000a3d
core   0: 0x0000000080006096 (0x0000a811) c.j     pc + 20
core   0: 3 0x0000000080006096 (0xa811)
core   0: >>>>  mepc_4
core   0: 0x00000000800060aa (0x00000791) c.addi  a5, 4
core   0: 3 0x00000000800060aa (0x0791) x15 0x000000008000477c
core   0: 0x00000000800060ac (0x34179073) csrrw   zero, mepc, a5
core   0: 3 0x00000000800060ac (0x34179073) c833_mepc 0x000000008000477c
core   0: 0x00000000800060b0 (0x30200073) mret
core   0: 3 0x00000000800060b0 (0x30200073) c768_mstatus 0x8000000a00106080
core   0: 0x000000008000477c (0x414d0d3b) subw    s10, s10, s4
core   0: 1 0x000000008000477c (0x414d0d3b) x26 0xfffffffff19e3000
core   0: 0x0000000080004780 (0xc23f7853) fcvt.lu.d a6, ft10
core   0: 1 0x0000000080004780 (0xc23f7853) c1_fflags 0x0000000000000010 x16 0xffffffffffffffff
core   0: 0x0000000080004784 (0x0256e6bb) remw    a3, a3, t0
core   0: 1 0x0000000080004784 (0x0256e6bb) x13 0x0000000000000000
core   0: 0x0000000080004788 (0x1a62724b) fnmsub.d ft4, ft4, ft6, ft3
core   0: 1 0x0000000080004788 (0x1a62724b) f4  0x7ff8000000000000
core   0: 0x000000008000478c (0xf87cf7b7) lui     a5, 0xf87cf
core   0: 1 0x000000008000478c (0xf87cf7b7) x15 0xfffffffff87cf000
core   0: 0x0000000080004790 (0xb497879b) addiw   a5, a5, -1207
core   0: 1 0x0000000080004790 (0xb497879b) x15 0xfffffffff87ceb49
core   0: 0x0000000080004794 (0x000007b2) c.slli  a5, 12
core   0: 1 0x0000000080004794 (0x07b2) x15 0xffffff87ceb49000
core   0: 0x0000000080004796 (0x58978793) addi    a5, a5, 1417
core   0: 1 0x0000000080004796 (0x58978793) x15 0xffffff87ceb49589
core   0: 0x000000008000479a (0x41140633) sub     a2, s0, a7
core   0: 1 0x000000008000479a (0x41140633) x12 0x7ff8000000000000
core   0: 0x000000008000479e (0x0b70f5d3) fsub.d  fa1, ft1, fs7
core   0: 1 0x000000008000479e (0x0b70f5d3) f11 0x7ff8000000000000
core   0: 0x00000000800047a2 (0x22b5facf) fnmadd.d fs5, fa1, fa1, ft4
core   0: 1 0x00000000800047a2 (0x22b5facf) f21 0x7ff8000000000000
core   0: 0x00000000800047a6 (0x00102a73) csrrs   s4, fflags, zero
core   0: 1 0x00000000800047a6 (0x00102a73) x20 0x0000000000000010
core   0: 0x00000000800047aa (0xbad9f6c7) fmsub.d fa3, fs3, fa3, fs7
core   0: 1 0x00000000800047aa (0xbad9f6c7) f13 0x7ff8000000000000
core   0: 0x00000000800047ae (0x40167c53) fcvt.s.d fs8, fa2
core   0: 1 0x00000000800047ae (0x40167c53) f24 0xffffffff7fc00000
core   0: 0x00000000800047b2 (0x014aeab3) or      s5, s5, s4
core   0: 1 0x00000000800047b2 (0x014aeab3) x21 0x000000000ea9dfff
core   0: 0x00000000800047b6 (0x015c951b) slliw   a0, s9, 21
core   0: 1 0x00000000800047b6 (0x015c951b) x10 0xffffffffffe00000
core   0: 0x00000000800047ba (0x40155813) srai    a6, a0, 1
core   0: 1 0x00000000800047ba (0x40155813) x16 0xfffffffffff00000
core   0: 0x00000000800047be (0xc03af053) fcvt.lu.s zero, fs5
core   0: 1 0x00000000800047be (0xc03af053) c1_fflags 0x0000000000000010
core   0: 0x00000000800047c2 (0x01f0da9b) srliw   s5, ra, 31
core   0: 1 0x00000000800047c2 (0x01f0da9b) x21 0x0000000000000001
core   0: 0x00000000800047c6 (0xc0287953) fcvt.l.s s2, fa6
core   0: 1 0x00000000800047c6 (0xc0287953) c1_fflags 0x0000000000000010 x18 0x7fffffffffffffff
core   0: 0x00000000800047ca (0x017bdbb3) srl     s7, s7, s7
core   0: 1 0x00000000800047ca (0x017bdbb3) x23 0x0000000000000000
core   0: 0x00000000800047ce (0x22b5acd3) fsgnjx.d fs9, fa1, fa1
core   0: 1 0x00000000800047ce (0x22b5acd3) f25 0x7ff8000000000000
core   0: 0x00000000800047d2 (0x00000001) c.nop
core   0: 1 0x00000000800047d2 (0x0001)
core   0: 0x00000000800047d4 (0x011badb3) slt     s11, s7, a7
core   0: 1 0x00000000800047d4 (0x011badb3) x27 0x0000000000000000
core   0: 0x00000000800047d8 (0x90347d13) andi    s10, s0, -1789
core   0: 1 0x00000000800047d8 (0x90347d13) x26 0x7ff8000000000000
core   0: 0x00000000800047dc (0xf11eb173) csrrc   sp, mvendorid, t4
core   0: exception trap_illegal_instruction, epc 0x00000000800047dc
core   0:           tval 0x00000000f11eb173
core   0: >>>>  $xrv64i2p1_m2p0_a2p1_f2p2_d2p2_zicsr2p0_zifencei2p0_zmmul1p0_zba1p0_zbb1p0_zbc1p0_zbs1p0
core   0: 0x0000000080004000 (0x0080006f) j       pc + 0x8
core   0: 3 0x0000000080004000 (0x0080006f)
core   0: >>>>  mmode_exception_handler
core   0: 0x0000000080004008 (0x00002c17) auipc   s8, 0x2
core   0: 3 0x0000000080004008 (0x00002c17) x24 0x0000000080006008
core   0: 0x000000008000400c (0x06ec0c13) addi    s8, s8, 110
core   0: 3 0x000000008000400c (0x06ec0c13) x24 0x0000000080006076
core   0: 0x0000000080004010 (0x000c00e7) jalr    s8
core   0: 3 0x0000000080004010 (0x000c00e7) x1  0x0000000080004014
core   0: >>>>  any_handler
core   0: 0x0000000080006076 (0x341027f3) csrrs   a5, mepc, zero
core   0: 3 0x0000000080006076 (0x341027f3) x15 0x00000000800047dc
core   0: 0x000000008000607a (0x34202773) csrrs   a4, mcause, zero
core   0: 3 0x000000008000607a (0x34202773) x14 0x0000000000000002
core   0: 0x000000008000607e (0x142026f3) csrrs   a3, scause, zero
core   0: 3 0x000000008000607e (0x142026f3) x13 0x0000000000000000
core   0: 0x0000000080006082 (0x30402673) csrrs   a2, mie, zero
core   0: 3 0x0000000080006082 (0x30402673) x12 0x0000000000000a00
core   0: 0x0000000080006086 (0x344025f3) csrrs   a1, mip, zero
core   0: 3 0x0000000080006086 (0x344025f3) x11 0x0000000000000080
core   0: 0x000000008000608a (0x343025f3) csrrs   a1, mtval, zero
core   0: 3 0x000000008000608a (0x343025f3) x11 0x00000000f11eb173
core   0: 0x000000008000608e (0x14302573) csrrs   a0, stval, zero
core   0: 3 0x000000008000608e (0x14302573) x10 0x0000000000000000
core   0: 0x0000000080006092 (0xb02024f3) csrrs   s1, minstret, zero
core   0: 3 0x0000000080006092 (0xb02024f3) x9  0x0000000000000a66
core   0: 0x0000000080006096 (0x0000a811) c.j     pc + 20
core   0: 3 0x0000000080006096 (0xa811)
core   0: >>>>  mepc_4
core   0: 0x00000000800060aa (0x00000791) c.addi  a5, 4
core   0: 3 0x00000000800060aa (0x0791) x15 0x00000000800047e0
core   0: 0x00000000800060ac (0x34179073) csrrw   zero, mepc, a5
core   0: 3 0x00000000800060ac (0x34179073) c833_mepc 0x00000000800047e0
core   0: 0x00000000800060b0 (0x30200073) mret
core   0: 3 0x00000000800060b0 (0x30200073) c768_mstatus 0x8000000a00106080
core   0: 0x00000000800047e0 (0xf20e8a53) fmv.d.x fs4, t4
core   0: 1 0x00000000800047e0 (0xf20e8a53) f20 0x0000000000000001
core   0: 0x00000000800047e4 (0x02b5db3b) divuw   s6, a1, a1
core   0: 1 0x00000000800047e4 (0x02b5db3b) x22 0x0000000000000001
core   0: 0x00000000800047e8 (0x1a9b7353) fdiv.d  ft6, fs6, fs1
core   0: 1 0x00000000800047e8 (0x1a9b7353) f6  0x7ff8000000000000
core   0: 0x00000000800047ec (0x0a937fd3) fsub.d  ft11, ft6, fs1
core   0: 1 0x00000000800047ec (0x0a937fd3) f31 0x7ff8000000000000
core   0: 0x00000000800047f0 (0x00000001) c.nop
core   0: 1 0x00000000800047f0 (0x0001)
core   0: 0x00000000800047f2 (0x136bf153) fmul.d  ft2, fs7, fs6
core   0: 1 0x00000000800047f2 (0x136bf153) f2  0x7ff8000000000000
core   0: 0x00000000800047f6 (0x00102af3) csrrs   s5, fflags, zero
core   0: 1 0x00000000800047f6 (0x00102af3) x21 0x0000000000000010
core   0: 0x00000000800047fa (0x414e0a3b) subw    s4, t3, s4
core   0: 1 0x00000000800047fa (0x414e0a3b) x20 0x0000000032152686
core   0: 0x00000000800047fe (0x0187893b) addw    s2, a5, s8
core   0: 1 0x00000000800047fe (0x0187893b) x18 0x000000000000a856
core   0: 0x0000000080004802 (0x00104e13) xori    t3, zero, 1
core   0: 1 0x0000000080004802 (0x00104e13) x28 0x0000000000000001
core   0: 0x0000000080004806 (0x001b9873) csrrw   a6, fflags, s7
core   0: 1 0x0000000080004806 (0x001b9873) x16 0x0000000000000010 c1_fflags 0x0000000000000000
core   0: 0x000000008000480a (0xb73967b7) lui     a5, 0xb7396
core   0: 1 0x000000008000480a (0xb73967b7) x15 0xffffffffb7396000
core   0: 0x000000008000480e (0x00000001) c.nop
core   0: 1 0x000000008000480e (0x0001)
core   0: 0x0000000080004810 (0xba6e841b) addiw   s0, t4, -1114
core   0: 1 0x0000000080004810 (0xba6e841b) x8  0xfffffffffffffba7
core   0: 0x0000000080004814 (0xc23c7d53) fcvt.lu.d s10, fs8
core   0: 1 0x0000000080004814 (0xc23c7d53) c1_fflags 0x0000000000000010 x26 0xffffffffffffffff
core   0: 0x0000000080004818 (0x3b33e993) ori     s3, t2, 947
core   0: 1 0x0000000080004818 (0x3b33e993) x19 0xffffffffffffffff
core   0: 0x000000008000481c (0x409d553b) sraw    a0, s10, s1
core   0: 1 0x000000008000481c (0x409d553b) x10 0xffffffffffffffff
core   0: 0x0000000080004820 (0x00102073) csrrs   zero, fflags, zero
core   0: 1 0x0000000080004820 (0x00102073)
core   0: 0x0000000080004824 (0x41de5a1b) sraiw   s4, t3, 29
core   0: 1 0x0000000080004824 (0x41de5a1b) x20 0x0000000000000000
core   0: 0x0000000080004828 (0xc0337753) fcvt.lu.s a4, ft6
core   0: 1 0x0000000080004828 (0xc0337753) c1_fflags 0x0000000000000010 x14 0xffffffffffffffff
core   0: 0x000000008000482c (0x13faf04b) fnmsub.d ft0, fs5, ft11, ft2
core   0: 1 0x000000008000482c (0x13faf04b) f0  0x7ff8000000000000
core   0: 0x0000000080004830 (0x00102b73) csrrs   s6, fflags, zero
core   0: 1 0x0000000080004830 (0x00102b73) x22 0x0000000000000010
core   0: 0x0000000080004834 (0x2bff9953) fmax.d  fs2, ft11, ft11
core   0: 1 0x0000000080004834 (0x2bff9953) f18 0x7ff8000000000000
core   0: 0x0000000080004838 (0x03d06133) rem     sp, zero, t4
core   0: 1 0x0000000080004838 (0x03d06133) x2  0x0000000000000000
core   0: 0x000000008000483c (0x01bd26b3) slt     a3, s10, s11
core   0: 1 0x000000008000483c (0x01bd26b3) x13 0x0000000000000001
core   0: 0x0000000080004840 (0x016eda9b) srliw   s5, t4, 22
core   0: 1 0x0000000080004840 (0x016eda9b) x21 0x0000000000000000
core   0: 0x0000000080004844 (0x5a0af2d3) fsqrt.d ft5, fs5
core   0: 1 0x0000000080004844 (0x5a0af2d3) f5  0x7ff8000000000000
core   0: 0x0000000080004848 (0x000090fd) c.srli  s1, 63
core   0: 1 0x0000000080004848 (0x90fd) x9  0x0000000000000000
core   0: 0x000000008000484a (0x8001e193) ori     gp, gp, -2048
core   0: 1 0x000000008000484a (0x8001e193) x3  0xfffffffffffff800
core   0: 0x000000008000484e (0x41d5dc3b) sraw    s8, a1, t4
core   0: 1 0x000000008000484e (0x41d5dc3b) x24 0xfffffffff88f58b9
core   0: 0x0000000080004852 (0x420a8953) fcvt.d.s fs2, fs5
core   0: 1 0x0000000080004852 (0x420a8953) f18 0x7ff8000000000000
core   0: 0x0000000080004856 (0x41dcd0bb) sraw    ra, s9, t4
core   0: 1 0x0000000080004856 (0x41dcd0bb) x1  0xffffffffffffffff
core   0: 0x000000008000485a (0x000ede9b) srliw   t4, t4, 0
core   0: 1 0x000000008000485a (0x000ede9b) x29 0x0000000000000001
core   0: 0x000000008000485e (0xc23971d3) fcvt.lu.d gp, fs2
core   0: 1 0x000000008000485e (0xc23971d3) c1_fflags 0x0000000000000010 x3  0xffffffffffffffff
core   0: 0x0000000080004862 (0xc2207353) fcvt.l.d t1, ft0
core   0: 1 0x0000000080004862 (0xc2207353) c1_fflags 0x0000000000000010 x6  0x7fffffffffffffff
core   0: 0x0000000080004866 (0x01fbd893) srli    a7, s7, 31
core   0: 1 0x0000000080004866 (0x01fbd893) x17 0x0000000000000000
core   0: 0x000000008000486a (0x00001b3a) c.slli  s6, 46
core   0: 1 0x000000008000486a (0x1b3a) x22 0x0004000000000000
core   0: 0x000000008000486c (0x038ee5bb) remw    a1, t4, s8
core   0: 1 0x000000008000486c (0x038ee5bb) x11 0x0000000000000001
core   0: 0x0000000080004870 (0x0306f153) fadd.d  ft2, fa3, fa6
core   0: 1 0x0000000080004870 (0x0306f153) f2  0x7ff8000000000000
core   0: 0x0000000080004874 (0x22382ad3) fsgnjx.d fs5, fa6, ft3
core   0: 1 0x0000000080004874 (0x22382ad3) f21 0x7ff8000000000000
core   0: 0x0000000080004878 (0x80058213) addi    tp, a1, -2048
core   0: 1 0x0000000080004878 (0x80058213) x4  0xfffffffffffff801
core   0: 0x000000008000487c (0xc2017ad3) fcvt.w.d s5, ft2
core   0: 1 0x000000008000487c (0xc2017ad3) c1_fflags 0x0000000000000010 x21 0x000000007fffffff
core   0: 0x0000000080004880 (0x02f3a033) mulhsu  zero, t2, a5
core   0: 1 0x0000000080004880 (0x02f3a033)
core   0: 0x0000000080004884 (0xc21c7553) fcvt.wu.d a0, fs8
core   0: 1 0x0000000080004884 (0xc21c7553) c1_fflags 0x0000000000000010 x10 0xffffffffffffffff
core   0: 0x0000000080004888 (0x00109e13) slli    t3, ra, 1
core   0: 1 0x0000000080004888 (0x00109e13) x28 0xfffffffffffffffe
core   0: 0x000000008000488c (0x63403117) auipc   sp, 0x63403
core   0: 1 0x000000008000488c (0x63403117) x2  0x00000000e340788c
core   0: 0x0000000080004890 (0xc2287cd3) fcvt.l.d s9, fa6
core   0: 1 0x0000000080004890 (0xc2287cd3) c1_fflags 0x0000000000000010 x25 0x7fffffffffffffff
core   0: 0x0000000080004894 (0x00d97db7) lui     s11, 0xd97
core   0: 1 0x0000000080004894 (0x00d97db7) x27 0x0000000000d97000
core   0: 0x0000000080004898 (0x487d8d9b) addiw   s11, s11, 1159
core   0: 1 0x0000000080004898 (0x487d8d9b) x27 0x0000000000d97487
core   0: 0x000000008000489c (0x00000dbe) c.slli  s11, 15
core   0: 1 0x000000008000489c (0x0dbe) x27 0x0000006cba438000
core   0: 0x000000008000489e (0x55dd8d93) addi    s11, s11, 1373
core   0: 1 0x000000008000489e (0x55dd8d93) x27 0x0000006cba43855d
core   0: 0x00000000800048a2 (0x34206373) csrrsi  t1, mcause, 0
core   0: exception trap_illegal_instruction, epc 0x00000000800048a2
core   0:           tval 0x0000000034206373
core   0: >>>>  $xrv64i2p1_m2p0_a2p1_f2p2_d2p2_zicsr2p0_zifencei2p0_zmmul1p0_zba1p0_zbb1p0_zbc1p0_zbs1p0
core   0: 0x0000000080004000 (0x0080006f) j       pc + 0x8
core   0: 3 0x0000000080004000 (0x0080006f)
core   0: >>>>  mmode_exception_handler
core   0: 0x0000000080004008 (0x00002c17) auipc   s8, 0x2
core   0: 3 0x0000000080004008 (0x00002c17) x24 0x0000000080006008
core   0: 0x000000008000400c (0x06ec0c13) addi    s8, s8, 110
core   0: 3 0x000000008000400c (0x06ec0c13) x24 0x0000000080006076
core   0: 0x0000000080004010 (0x000c00e7) jalr    s8
core   0: 3 0x0000000080004010 (0x000c00e7) x1  0x0000000080004014
core   0: >>>>  any_handler
core   0: 0x0000000080006076 (0x341027f3) csrrs   a5, mepc, zero
core   0: 3 0x0000000080006076 (0x341027f3) x15 0x00000000800048a2
core   0: 0x000000008000607a (0x34202773) csrrs   a4, mcause, zero
core   0: 3 0x000000008000607a (0x34202773) x14 0x0000000000000002
core   0: 0x000000008000607e (0x142026f3) csrrs   a3, scause, zero
core   0: 3 0x000000008000607e (0x142026f3) x13 0x0000000000000000
core   0: 0x0000000080006082 (0x30402673) csrrs   a2, mie, zero
core   0: 3 0x0000000080006082 (0x30402673) x12 0x0000000000000a00
core   0: 0x0000000080006086 (0x344025f3) csrrs   a1, mip, zero
core   0: 3 0x0000000080006086 (0x344025f3) x11 0x0000000000000080
core   0: 0x000000008000608a (0x343025f3) csrrs   a1, mtval, zero
core   0: 3 0x000000008000608a (0x343025f3) x11 0x0000000034206373
core   0: 0x000000008000608e (0x14302573) csrrs   a0, stval, zero
core   0: 3 0x000000008000608e (0x14302573) x10 0x0000000000000000
core   0: 0x0000000080006092 (0xb02024f3) csrrs   s1, minstret, zero
core   0: 3 0x0000000080006092 (0xb02024f3) x9  0x0000000000000aa9
core   0: 0x0000000080006096 (0x0000a811) c.j     pc + 20
core   0: 3 0x0000000080006096 (0xa811)
core   0: >>>>  mepc_4
core   0: 0x00000000800060aa (0x00000791) c.addi  a5, 4
core   0: 3 0x00000000800060aa (0x0791) x15 0x00000000800048a6
core   0: 0x00000000800060ac (0x34179073) csrrw   zero, mepc, a5
core   0: 3 0x00000000800060ac (0x34179073) c833_mepc 0x00000000800048a6
core   0: 0x00000000800060b0 (0x30200073) mret
core   0: 3 0x00000000800060b0 (0x30200073) c768_mstatus 0x8000000a00106080
core   0: 0x00000000800048a6 (0x1417a7f3) csrrs   a5, sepc, a5
core   0: 1 0x00000000800048a6 (0x1417a7f3) x15 0x0000000000000000 c321_sepc 0x00000000800048a6
core   0: 0x00000000800048aa (0x00e8c733) xor     a4, a7, a4
core   0: 1 0x00000000800048aa (0x00e8c733) x14 0x0000000000000002
core   0: 0x00000000800048ae (0x00000001) c.nop
core   0: 1 0x00000000800048ae (0x0001)
core   0: 0x00000000800048b0 (0xd64cbab7) lui     s5, 0xd64cb
core   0: 1 0x00000000800048b0 (0xd64cbab7) x21 0xffffffffd64cb000
core   0: 0x00000000800048b4 (0xcd878d1b) addiw   s10, a5, -808
core   0: 1 0x00000000800048b4 (0xcd878d1b) x26 0xfffffffffffffcd8
core   0: 0x00000000800048b8 (0x02ee1e33) mulh    t3, t3, a4
core   0: 1 0x00000000800048b8 (0x02ee1e33) x28 0xffffffffffffffff
core   0: 0x00000000800048bc (0xc4de021b) addiw   tp, t3, -947
core   0: 1 0x00000000800048bc (0xc4de021b) x4  0xfffffffffffffc4c
core   0: 0x00000000800048c0 (0xd23d7fd3) fcvt.d.lu ft11, s10
core   0: 1 0x00000000800048c0 (0xd23d7fd3) c1_fflags 0x0000000000000011 f31 0x43efffffffffffff
core   0: 0x00000000800048c4 (0x2a9411d3) fmax.d  ft3, fs0, fs1
core   0: 1 0x00000000800048c4 (0x2a9411d3) f3  0x0000000000000000
core   0: 0x00000000800048c8 (0xadc0c713) xori    a4, ra, -1316
core   0: 1 0x00000000800048c8 (0xadc0c713) x14 0xffffffff7fffbac8
core   0: 0x00000000800048cc (0x01f7591b) srliw   s2, a4, 31
core   0: 1 0x00000000800048cc (0x01f7591b) x18 0x0000000000000000
core   0: 0x00000000800048d0 (0xd0277ad3) fcvt.s.l fs5, a4
core   0: 1 0x00000000800048d0 (0xd0277ad3) c1_fflags 0x0000000000000011 f21 0xffffffffcf000046
core   0: 0x00000000800048d4 (0xa2640853) fle.d   a6, fs0, ft6
core   0: 1 0x00000000800048d4 (0xa2640853) c1_fflags 0x0000000000000011 x16 0x0000000000000000
core   0: 0x00000000800048d8 (0x01cd5c9b) srliw   s9, s10, 28
core   0: 1 0x00000000800048d8 (0x01cd5c9b) x25 0x000000000000000f
core   0: 0x00000000800048dc (0x032df2bb) remuw   t0, s11, s2
core   0: 1 0x00000000800048dc (0x032df2bb) x5  0xffffffffba43855d
core   0: 0x00000000800048e0 (0x01fc991b) slliw   s2, s9, 31
core   0: 1 0x00000000800048e0 (0x01fc991b) x18 0xffffffff80000000
core   0: 0x00000000800048e4 (0x0113141b) slliw   s0, t1, 17
core   0: 1 0x00000000800048e4 (0x0113141b) x8  0xfffffffffffe0000
core   0: 0x00000000800048e8 (0x0397e5bb) remw    a1, a5, s9
core   0: 1 0x00000000800048e8 (0x0397e5bb) x11 0x0000000000000000
core   0: 0x00000000800048ec (0x0213e3b3) rem     t2, t2, ra
core   0: 1 0x00000000800048ec (0x0213e3b3) x7  0xffffffffffffffff
core   0: 0x00000000800048f0 (0x41b38cbb) subw    s9, t2, s11
core   0: 1 0x00000000800048f0 (0x41b38cbb) x25 0x0000000045bc7aa2
core   0: 0x00000000800048f4 (0xd21b03d3) fcvt.d.wu ft7, s6
core   0: 1 0x00000000800048f4 (0xd21b03d3) f7  0x0000000000000000
core   0: 0x00000000800048f8 (0x0bb3eb93) ori     s7, t2, 187
core   0: 1 0x00000000800048f8 (0x0bb3eb93) x23 0xffffffffffffffff
core   0: 0x00000000800048fc (0x0bce7947) fmsub.d fs2, ft8, ft8, ft1
core   0: 1 0x00000000800048fc (0x0bce7947) f18 0x7ff8000000000000
core   0: 0x0000000080004900 (0x00ee8ebb) addw    t4, t4, a4
core   0: 1 0x0000000080004900 (0x00ee8ebb) x29 0x000000007fffbac9
core   0: 0x0000000080004904 (0x0109549b) srliw   s1, s2, 16
core   0: 1 0x0000000080004904 (0x0109549b) x9  0x0000000000008000
core   0: 0x0000000080004908 (0x22b093d3) fsgnjn.d ft7, ft1, fa1
core   0: 1 0x0000000080004908 (0x22b093d3) f7  0xc1e0000c0ec00000
core   0: 0x000000008000490c (0x2ba576cf) fnmadd.d fa3, fa0, fs10, ft5
core   0: 1 0x000000008000490c (0x2ba576cf) f13 0x7ff8000000000000
core   0: 0x0000000080004910 (0xc0397553) fcvt.lu.s a0, fs2
core   0: 1 0x0000000080004910 (0xc0397553) c1_fflags 0x0000000000000011 x10 0xffffffffffffffff
core   0: 0x0000000080004914 (0xb8356193) ori     gp, a0, -1149
core   0: 1 0x0000000080004914 (0xb8356193) x3  0xffffffffffffffff
core   0: 0x0000000080004918 (0xd026ff53) fcvt.s.l ft10, a3
core   0: 1 0x0000000080004918 (0xd026ff53) f30 0xffffffff00000000
core   0: 0x000000008000491c (0x0037d3bb) srlw    t2, a5, gp
core   0: 1 0x000000008000491c (0x0037d3bb) x7  0x0000000000000000
core   0: 0x0000000080004920 (0x0e538d1b) addiw   s10, t2, 229
core   0: 1 0x0000000080004920 (0x0e538d1b) x26 0x00000000000000e5
core   0: 0x0000000080004924 (0x00f117b3) sll     a5, sp, a5
core   0: 1 0x0000000080004924 (0x00f117b3) x15 0x00000000e340788c
core   0: 0x0000000080004928 (0x232626d3) fsgnjx.d fa3, fa2, fs2
core   0: 1 0x0000000080004928 (0x232626d3) f13 0x7ff8000000000000
core   0: 0x000000008000492c (0xd03df3d3) fcvt.s.lu ft7, s11
core   0: 1 0x000000008000492c (0xd03df3d3) c1_fflags 0x0000000000000011 f7  0xffffffff52d97487
core   0: 0x0000000080004930 (0x2b870953) fmin.d  fs2, fa4, fs8
core   0: 1 0x0000000080004930 (0x2b870953) f18 0x7ff8000000000000
core   0: 0x0000000080004934 (0x037ef953) fadd.d  fs2, ft9, fs7
core   0: 1 0x0000000080004934 (0x037ef953) f18 0x7ff8000000000000
core   0: 0x0000000080004938 (0xf8988093) addi    ra, a7, -119
core   0: 1 0x0000000080004938 (0xf8988093) x1  0xffffffffffffff89
core   0: 0x000000008000493c (0x0223f8b3) remu    a7, t2, sp
core   0: 1 0x000000008000493c (0x0223f8b3) x17 0x0000000000000000
core   0: 0x0000000080004940 (0x03287553) fadd.d  fa0, fa6, fs2
core   0: 1 0x0000000080004940 (0x03287553) f10 0x7ff8000000000000
core   0: 0x0000000080004944 (0xe2080953) fmv.x.d s2, fa6
core   0: 1 0x0000000080004944 (0xe2080953) x18 0x7ff8000000000000
core   0: 0x0000000080004948 (0xd238f053) fcvt.d.lu ft0, a7
core   0: 1 0x0000000080004948 (0xd238f053) f0  0x0000000000000000
core   0: 0x000000008000494c (0x011c7133) and     sp, s8, a7
core   0: 1 0x000000008000494c (0x011c7133) x2  0x0000000000000000
core   0: 0x0000000080004950 (0x220a24d3) fsgnjx.d fs1, fs4, ft0
core   0: 1 0x0000000080004950 (0x220a24d3) f9  0x0000000000000001
core   0: 0x0000000080004954 (0xd21780d3) fcvt.d.wu ft1, a5
core   0: 1 0x0000000080004954 (0xd21780d3) f1  0x41ec680f11800000
core   0: 0x0000000080004958 (0x035afab3) remu    s5, s5, s5
core   0: 1 0x0000000080004958 (0x035afab3) x21 0x0000000000000000
core   0: 0x000000008000495c (0x003356b3) srl     a3, t1, gp
core   0: 1 0x000000008000495c (0x003356b3) x13 0x0000000000000000
core   0: 0x0000000080004960 (0x01498b3b) addw    s6, s3, s4
core   0: 1 0x0000000080004960 (0x01498b3b) x22 0xffffffffffffffff
core   0: 0x0000000080004964 (0x8830b237) lui     tp, 0x8830b
core   0: 1 0x0000000080004964 (0x8830b237) x4  0xffffffff8830b000
core   0: 0x0000000080004968 (0x02a7673b) remw    a4, a4, a0
core   0: 1 0x0000000080004968 (0x02a7673b) x14 0x0000000000000000
core   0: 0x000000008000496c (0xd0307cd3) fcvt.s.lu fs9, zero
core   0: 1 0x000000008000496c (0xd0307cd3) f25 0xffffffff00000000
core   0: 0x0000000080004970 (0x03325393) srli    t2, tp, 51
core   0: 1 0x0000000080004970 (0x03325393) x7  0x0000000000001fff
core   0: 0x0000000080004974 (0xe37cfbcb) fnmsub.d fs7, fs9, fs7, ft8
core   0: 1 0x0000000080004974 (0xe37cfbcb) f23 0x7ff8000000000000
core   0: 0x0000000080004978 (0x002e9413) slli    s0, t4, 2
core   0: 1 0x0000000080004978 (0x002e9413) x8  0x00000001fffeeb24
core   0: 0x000000008000497c (0x011418bb) sllw    a7, s0, a7
core   0: 1 0x000000008000497c (0x011418bb) x17 0xfffffffffffeeb24
core   0: 0x0000000080004980 (0xf20e0653) fmv.d.x fa2, t3
core   0: 1 0x0000000080004980 (0xf20e0653) f12 0xffffffffffffffff
core   0: 0x0000000080004984 (0xc882eab7) lui     s5, 0xc882e
core   0: 1 0x0000000080004984 (0xc882eab7) x21 0xffffffffc882e000
core   0: 0x0000000080004988 (0xc226f1d3) fcvt.l.d gp, fa3
core   0: 1 0x0000000080004988 (0xc226f1d3) c1_fflags 0x0000000000000011 x3  0x7fffffffffffffff
core   0: 0x000000008000498c (0x00202a73) csrrs   s4, frm, zero
core   0: 1 0x000000008000498c (0x00202a73) x20 0x0000000000000002
core   0: 0x0000000080004990 (0x03bd83b3) mul     t2, s11, s11
core   0: 1 0x0000000080004990 (0x03bd83b3) x7  0xb07eb6123827c3c9
core   0: 0x0000000080004994 (0x4183533b) sraw    t1, t1, s8
core   0: 1 0x0000000080004994 (0x4183533b) x6  0xffffffffffffffff
core   0: 0x0000000080004998 (0x026aeb3b) remw    s6, s5, t1
core   0: 1 0x0000000080004998 (0x026aeb3b) x22 0x0000000000000000
core   0: 0x000000008000499c (0x01b2093b) addw    s2, tp, s11
core   0: 1 0x000000008000499c (0x01b2093b) x18 0x000000004274355d
core   0: 0x00000000800049a0 (0xd2190ed3) fcvt.d.wu ft9, s2
core   0: 1 0x00000000800049a0 (0xd2190ed3) f29 0x41d09d0d57400000
core   0: 0x00000000800049a4 (0x1b21f353) fdiv.d  ft6, ft3, fs2
core   0: 1 0x00000000800049a4 (0x1b21f353) f6  0x7ff8000000000000
core   0: 0x00000000800049a8 (0xd02efa53) fcvt.s.l fs4, t4
core   0: 1 0x00000000800049a8 (0xd02efa53) c1_fflags 0x0000000000000011 f20 0xffffffff4effff75
core   0: 0x00000000800049ac (0xf2090653) fmv.d.x fa2, s2
core   0: 1 0x00000000800049ac (0xf2090653) f12 0x000000004274355d
core   0: 0x00000000800049b0 (0x41778633) sub     a2, a5, s7
core   0: 1 0x00000000800049b0 (0x41778633) x12 0x00000000e340788d
core   0: 0x00000000800049b4 (0x00202a73) csrrs   s4, frm, zero
core   0: 1 0x00000000800049b4 (0x00202a73) x20 0x0000000000000002
core   0: 0x00000000800049b8 (0xc21a70d3) fcvt.wu.d ra, fs4
core   0: 1 0x00000000800049b8 (0xc21a70d3) c1_fflags 0x0000000000000011 x1  0xffffffffffffffff
core   0: 0x00000000800049bc (0x0012159b) slliw   a1, tp, 1
core   0: 1 0x00000000800049bc (0x0012159b) x11 0x0000000010616000
core   0: 0x00000000800049c0 (0x01859bbb) sllw    s7, a1, s8
core   0: 1 0x00000000800049c0 (0x01859bbb) x23 0x0000000000000000
core   0: 0x00000000800049c4 (0xfdd0e093) ori     ra, ra, -35
core   0: 1 0x00000000800049c4 (0xfdd0e093) x1  0xffffffffffffffff
core   0: 0x00000000800049c8 (0x017e0933) add     s2, t3, s7
core   0: 1 0x00000000800049c8 (0x017e0933) x18 0xffffffffffffffff
core   0: 0x00000000800049cc (0x725b71cb) fnmsub.d ft3, fs6, ft5, fa4
core   0: 1 0x00000000800049cc (0x725b71cb) f3  0x7ff8000000000000
core   0: 0x00000000800049d0 (0x8fbb8a17) auipc   s4, 0x8fbb8
core   0: 1 0x00000000800049d0 (0x8fbb8a17) x20 0x000000000fbbc9d0
core   0: 0x00000000800049d4 (0x00190213) addi    tp, s2, 1
core   0: 1 0x00000000800049d4 (0x00190213) x4  0x0000000000000000
core   0: 0x00000000800049d8 (0x2a339ed3) fmax.d  ft9, ft7, ft3
core   0: 1 0x00000000800049d8 (0x2a339ed3) f29 0x7ff8000000000000
core   0: 0x00000000800049dc (0x7d4263b7) lui     t2, 0x7d426
core   0: 1 0x00000000800049dc (0x7d4263b7) x7  0x000000007d426000
core   0: 0x00000000800049e0 (0x000bdd1b) srliw   s10, s7, 0
core   0: 1 0x00000000800049e0 (0x000bdd1b) x26 0x0000000000000000
core   0: 0x00000000800049e4 (0x310125f3) csrrs   a1, mstatush, sp
core   0: exception trap_illegal_instruction, epc 0x00000000800049e4
core   0:           tval 0x00000000310125f3
core   0: >>>>  $xrv64i2p1_m2p0_a2p1_f2p2_d2p2_zicsr2p0_zifencei2p0_zmmul1p0_zba1p0_zbb1p0_zbc1p0_zbs1p0
core   0: 0x0000000080004000 (0x0080006f) j       pc + 0x8
core   0: 3 0x0000000080004000 (0x0080006f)
core   0: >>>>  mmode_exception_handler
core   0: 0x0000000080004008 (0x00002c17) auipc   s8, 0x2
core   0: 3 0x0000000080004008 (0x00002c17) x24 0x0000000080006008
core   0: 0x000000008000400c (0x06ec0c13) addi    s8, s8, 110
core   0: 3 0x000000008000400c (0x06ec0c13) x24 0x0000000080006076
core   0: 0x0000000080004010 (0x000c00e7) jalr    s8
core   0: 3 0x0000000080004010 (0x000c00e7) x1  0x0000000080004014
core   0: >>>>  any_handler
core   0: 0x0000000080006076 (0x341027f3) csrrs   a5, mepc, zero
core   0: 3 0x0000000080006076 (0x341027f3) x15 0x00000000800049e4
core   0: 0x000000008000607a (0x34202773) csrrs   a4, mcause, zero
core   0: 3 0x000000008000607a (0x34202773) x14 0x0000000000000002
core   0: 0x000000008000607e (0x142026f3) csrrs   a3, scause, zero
core   0: 3 0x000000008000607e (0x142026f3) x13 0x0000000000000000
core   0: 0x0000000080006082 (0x30402673) csrrs   a2, mie, zero
core   0: 3 0x0000000080006082 (0x30402673) x12 0x0000000000000a00
core   0: 0x0000000080006086 (0x344025f3) csrrs   a1, mip, zero
core   0: 3 0x0000000080006086 (0x344025f3) x11 0x0000000000000080
core   0: 0x000000008000608a (0x343025f3) csrrs   a1, mtval, zero
core   0: 3 0x000000008000608a (0x343025f3) x11 0x00000000310125f3
core   0: 0x000000008000608e (0x14302573) csrrs   a0, stval, zero
core   0: 3 0x000000008000608e (0x14302573) x10 0x0000000000000000
core   0: 0x0000000080006092 (0xb02024f3) csrrs   s1, minstret, zero
core   0: 3 0x0000000080006092 (0xb02024f3) x9  0x0000000000000b09
core   0: 0x0000000080006096 (0x0000a811) c.j     pc + 20
core   0: 3 0x0000000080006096 (0xa811)
core   0: >>>>  mepc_4
core   0: 0x00000000800060aa (0x00000791) c.addi  a5, 4
core   0: 3 0x00000000800060aa (0x0791) x15 0x00000000800049e8
core   0: 0x00000000800060ac (0x34179073) csrrw   zero, mepc, a5
core   0: 3 0x00000000800060ac (0x34179073) c833_mepc 0x00000000800049e8
core   0: 0x00000000800060b0 (0x30200073) mret
core   0: 3 0x00000000800060b0 (0x30200073) c768_mstatus 0x8000000a00106080
core   0: 0x00000000800049e8 (0xa2338053) fle.d   zero, ft7, ft3
core   0: 1 0x00000000800049e8 (0xa2338053) c1_fflags 0x0000000000000011
core   0: 0x00000000800049ec (0x87b2811b) addiw   sp, t0, -1925
core   0: 1 0x00000000800049ec (0x87b2811b) x2  0xffffffffba437dd8
core   0: 0x00000000800049f0 (0x00f8f333) and     t1, a7, a5
core   0: 1 0x00000000800049f0 (0x00f8f333) x6  0x0000000080004920
core   0: 0x00000000800049f4 (0x00008192) c.mv    gp, tp
core   0: 1 0x00000000800049f4 (0x8192) x3  0x0000000000000000
core   0: 0x00000000800049f6 (0x0066d8b3) srl     a7, a3, t1
core   0: 1 0x00000000800049f6 (0x0066d8b3) x17 0x0000000000000000
core   0: 0x00000000800049fa (0x031e7a3b) remuw   s4, t3, a7
core   0: 1 0x00000000800049fa (0x031e7a3b) x20 0xffffffffffffffff
core   0: 0x00000000800049fe (0x01604b33) xor     s6, zero, s6
core   0: 1 0x00000000800049fe (0x01604b33) x22 0x0000000000000000
core   0: 0x0000000080004a02 (0x001b7713) andi    a4, s6, 1
core   0: 1 0x0000000080004a02 (0x001b7713) x14 0x0000000000000000
core   0: 0x0000000080004a06 (0x40d2053b) subw    a0, tp, a3
core   0: 1 0x0000000080004a06 (0x40d2053b) x10 0x0000000000000000
core   0: 0x0000000080004a0a (0x00151a93) slli    s5, a0, 1
core   0: 1 0x0000000080004a0a (0x00151a93) x21 0x0000000000000000
core   0: 0x0000000080004a0e (0x0bb3f753) fsub.d  fa4, ft7, fs11
core   0: 1 0x0000000080004a0e (0x0bb3f753) f14 0x7ff8000000000000
core   0: 0x0000000080004a12 (0x40a284b3) sub     s1, t0, a0
core   0: 1 0x0000000080004a12 (0x40a284b3) x9  0xffffffffba43855d
core   0: 0x0000000080004a16 (0xd21805d3) fcvt.d.wu fa1, a6
core   0: 1 0x0000000080004a16 (0xd21805d3) f11 0x0000000000000000
core   0: 0x0000000080004a1a (0xecea4913) xori    s2, s4, -306
core   0: 1 0x0000000080004a1a (0xecea4913) x18 0x0000000000000131
core   0: 0x0000000080004a1e (0x0328d9bb) divuw   s3, a7, s2
core   0: 1 0x0000000080004a1e (0x0328d9bb) x19 0x0000000000000000
core   0: 0x0000000080004a22 (0x224af24b) fnmsub.d ft4, fs5, ft4, ft4
core   0: 1 0x0000000080004a22 (0x224af24b) f4  0x7ff8000000000000
core   0: 0x0000000080004a26 (0x420588d3) fcvt.d.s fa7, fa1
core   0: 1 0x0000000080004a26 (0x420588d3) f17 0x7ff8000000000000
core   0: 0x0000000080004a2a (0x01a61b1b) slliw   s6, a2, 26
core   0: 1 0x0000000080004a2a (0x01a61b1b) x22 0x0000000000000000
core   0: 0x0000000080004a2e (0x00666233) or      tp, a2, t1
core   0: 1 0x0000000080004a2e (0x00666233) x4  0x0000000080004b20
core   0: 0x0000000080004a32 (0x00cc99b3) sll     s3, s9, a2
core   0: 1 0x0000000080004a32 (0x00cc99b3) x19 0x0000000045bc7aa2
core   0: 0x0000000080004a36 (0x310a2b73) csrrs   s6, mstatush, s4
core   0: exception trap_illegal_instruction, epc 0x0000000080004a36
core   0:           tval 0x00000000310a2b73
core   0: >>>>  $xrv64i2p1_m2p0_a2p1_f2p2_d2p2_zicsr2p0_zifencei2p0_zmmul1p0_zba1p0_zbb1p0_zbc1p0_zbs1p0
core   0: 0x0000000080004000 (0x0080006f) j       pc + 0x8
core   0: 3 0x0000000080004000 (0x0080006f)
core   0: >>>>  mmode_exception_handler
core   0: 0x0000000080004008 (0x00002c17) auipc   s8, 0x2
core   0: 3 0x0000000080004008 (0x00002c17) x24 0x0000000080006008
core   0: 0x000000008000400c (0x06ec0c13) addi    s8, s8, 110
core   0: 3 0x000000008000400c (0x06ec0c13) x24 0x0000000080006076
core   0: 0x0000000080004010 (0x000c00e7) jalr    s8
core   0: 3 0x0000000080004010 (0x000c00e7) x1  0x0000000080004014
core   0: >>>>  any_handler
core   0: 0x0000000080006076 (0x341027f3) csrrs   a5, mepc, zero
core   0: 3 0x0000000080006076 (0x341027f3) x15 0x0000000080004a36
core   0: 0x000000008000607a (0x34202773) csrrs   a4, mcause, zero
core   0: 3 0x000000008000607a (0x34202773) x14 0x0000000000000002
core   0: 0x000000008000607e (0x142026f3) csrrs   a3, scause, zero
core   0: 3 0x000000008000607e (0x142026f3) x13 0x0000000000000000
core   0: 0x0000000080006082 (0x30402673) csrrs   a2, mie, zero
core   0: 3 0x0000000080006082 (0x30402673) x12 0x0000000000000a00
core   0: 0x0000000080006086 (0x344025f3) csrrs   a1, mip, zero
core   0: 3 0x0000000080006086 (0x344025f3) x11 0x0000000000000080
core   0: 0x000000008000608a (0x343025f3) csrrs   a1, mtval, zero
core   0: 3 0x000000008000608a (0x343025f3) x11 0x00000000310a2b73
core   0: 0x000000008000608e (0x14302573) csrrs   a0, stval, zero
core   0: 3 0x000000008000608e (0x14302573) x10 0x0000000000000000
core   0: 0x0000000080006092 (0xb02024f3) csrrs   s1, minstret, zero
core   0: 3 0x0000000080006092 (0xb02024f3) x9  0x0000000000000b2d
core   0: 0x0000000080006096 (0x0000a811) c.j     pc + 20
core   0: 3 0x0000000080006096 (0xa811)
core   0: >>>>  mepc_4
core   0: 0x00000000800060aa (0x00000791) c.addi  a5, 4
core   0: 3 0x00000000800060aa (0x0791) x15 0x0000000080004a3a
core   0: 0x00000000800060ac (0x34179073) csrrw   zero, mepc, a5
core   0: 3 0x00000000800060ac (0x34179073) c833_mepc 0x0000000080004a3a
core   0: 0x00000000800060b0 (0x30200073) mret
core   0: 3 0x00000000800060b0 (0x30200073) c768_mstatus 0x8000000a00106080
core   0: 0x0000000080004a3a (0x02e72433) mulhsu  s0, a4, a4
core   0: 1 0x0000000080004a3a (0x02e72433) x8  0x0000000000000000
core   0: 0x0000000080004a3e (0x01317933) and     s2, sp, s3
core   0: 1 0x0000000080004a3e (0x01317933) x18 0x0000000000007880
core   0: 0x0000000080004a42 (0x427d5d13) srai    s10, s10, 39
core   0: 1 0x0000000080004a42 (0x427d5d13) x26 0x0000000000000000
core   0: 0x0000000080004a46 (0xdd21f093) andi    ra, gp, -558
core   0: 1 0x0000000080004a46 (0xdd21f093) x1  0x0000000000000000
core   0: 0x0000000080004a4a (0xd5374c13) xori    s8, a4, -685
core   0: 1 0x0000000080004a4a (0xd5374c13) x24 0xfffffffffffffd51
core   0: 0x0000000080004a4e (0x01aa923b) sllw    tp, s5, s10
core   0: 1 0x0000000080004a4e (0x01aa923b) x4  0x0000000000000000
core   0: 0x0000000080004a52 (0x00000001) c.nop
core   0: 1 0x0000000080004a52 (0x0001)
core   0: 0x0000000080004a54 (0x0000943d) c.srai  s0, 47
core   0: 1 0x0000000080004a54 (0x943d) x8  0x0000000000000000
core   0: 0x0000000080004a56 (0x00e279b3) and     s3, tp, a4
core   0: 1 0x0000000080004a56 (0x00e279b3) x19 0x0000000000000000
core   0: 0x0000000080004a5a (0x0ab6f0d3) fsub.d  ft1, fa3, fa1
core   0: 1 0x0000000080004a5a (0x0ab6f0d3) f1  0x7ff8000000000000
core   0: 0x0000000080004a5e (0x40b5d5b3) sra     a1, a1, a1
core   0: 1 0x0000000080004a5e (0x40b5d5b3) x11 0x0000000000000000
core   0: 0x0000000080004a62 (0x41dd81b3) sub     gp, s11, t4
core   0: 1 0x0000000080004a62 (0x41dd81b3) x3  0x0000006c3a43ca94
core   0: 0x0000000080004a66 (0x02b1e733) rem     a4, gp, a1
core   0: 1 0x0000000080004a66 (0x02b1e733) x14 0x0000006c3a43ca94
core   0: 0x0000000080004a6a (0x6ad0f847) fmsub.d fa6, ft1, fa3, fa3
core   0: 1 0x0000000080004a6a (0x6ad0f847) f16 0x7ff8000000000000
core   0: 0x0000000080004a6e (0xc20cf0d3) fcvt.w.d ra, fs9
core   0: 1 0x0000000080004a6e (0xc20cf0d3) c1_fflags 0x0000000000000011 x1  0x000000007fffffff
core   0: 0x0000000080004a72 (0x0216ea3b) remw    s4, a3, ra
core   0: 1 0x0000000080004a72 (0x0216ea3b) x20 0x0000000000000000
core   0: 0x0000000080004a76 (0x8ac67643) fmadd.d fa2, fa2, fa2, fa7
core   0: 1 0x0000000080004a76 (0x8ac67643) f12 0x7ff8000000000000
core   0: 0x0000000080004a7a (0x4196dcbb) sraw    s9, a3, s9
core   0: 1 0x0000000080004a7a (0x4196dcbb) x25 0x0000000000000000
core   0: 0x0000000080004a7e (0x00000001) c.nop
core   0: 1 0x0000000080004a7e (0x0001)
core   0: 0x0000000080004a80 (0x0013e393) ori     t2, t2, 1
core   0: 1 0x0000000080004a80 (0x0013e393) x7  0x000000007d426001
core   0: 0x0000000080004a84 (0x238a2b53) fsgnjx.d fs6, fs4, fs8
core   0: 1 0x0000000080004a84 (0x238a2b53) f22 0x7fffffff4effff75
core   0: 0x0000000080004a88 (0x40ad0b3b) subw    s6, s10, a0
core   0: 1 0x0000000080004a88 (0x40ad0b3b) x22 0x0000000000000000
core   0: 0x0000000080004a8c (0x016c6033) or      zero, s8, s6
core   0: 1 0x0000000080004a8c (0x016c6033)
core   0: 0x0000000080004a90 (0xd030f1d3) fcvt.s.lu ft3, ra
core   0: 1 0x0000000080004a90 (0xd030f1d3) c1_fflags 0x0000000000000011 f3  0xffffffff4effffff
core   0: 0x0000000080004a94 (0xd032fdd3) fcvt.s.lu fs11, t0
core   0: 1 0x0000000080004a94 (0xd032fdd3) c1_fflags 0x0000000000000011 f27 0xffffffff5f7fffff
core   0: 0x0000000080004a98 (0x00202573) csrrs   a0, frm, zero
core   0: 1 0x0000000080004a98 (0x00202573) x10 0x0000000000000002
core   0: 0x0000000080004a9c (0x420d8753) fcvt.d.s fa4, fs11
core   0: 1 0x0000000080004a9c (0x420d8753) f14 0x43efffffe0000000
core   0: 0x0000000080004aa0 (0xf515ad97) auipc   s11, 0xf515a
core   0: 1 0x0000000080004aa0 (0xf515ad97) x27 0x000000007515eaa0
core   0: 0x0000000080004aa4 (0x02d50b33) mul     s6, a0, a3
core   0: 1 0x0000000080004aa4 (0x02d50b33) x22 0x0000000000000000
core   0: 0x0000000080004aa8 (0x02a978bb) remuw   a7, s2, a0
core   0: 1 0x0000000080004aa8 (0x02a978bb) x17 0x0000000000000000
core   0: 0x0000000080004aac (0x02762d33) mulhsu  s10, a2, t2
core   0: 1 0x0000000080004aac (0x02762d33) x26 0x0000000000000000
core   0: 0x0000000080004ab0 (0xc20bf153) fcvt.w.d sp, fs7
core   0: 1 0x0000000080004ab0 (0xc20bf153) c1_fflags 0x0000000000000011 x2  0x000000007fffffff
core   0: 0x0000000080004ab4 (0x025a5a33) divu    s4, s4, t0
core   0: 1 0x0000000080004ab4 (0x025a5a33) x20 0x0000000000000000
core   0: 0x0000000080004ab8 (0x00c12233) slt     tp, sp, a2
core   0: 1 0x0000000080004ab8 (0x00c12233) x4  0x0000000000000000
core   0: 0x0000000080004abc (0x41465433) sra     s0, a2, s4
core   0: 1 0x0000000080004abc (0x41465433) x8  0x0000000000000a00
core   0: 0x0000000080004ac0 (0x0badf7d3) fsub.d  fa5, fs11, fs10
core   0: 1 0x0000000080004ac0 (0x0badf7d3) f15 0x7ff8000000000000
core   0: 0x0000000080004ac4 (0x7b2970c7) fmsub.d ft1, fs2, fs2, fa5
core   0: 1 0x0000000080004ac4 (0x7b2970c7) f1  0x7ff8000000000000
core   0: 0x0000000080004ac8 (0x01726733) or      a4, tp, s7
core   0: 1 0x0000000080004ac8 (0x01726733) x14 0x0000000000000000
core   0: 0x0000000080004acc (0x40f05d33) sra     s10, zero, a5
core   0: 1 0x0000000080004acc (0x40f05d33) x26 0x0000000000000000
core   0: 0x0000000080004ad0 (0x01c72e33) slt     t3, a4, t3
core   0: 1 0x0000000080004ad0 (0x01c72e33) x28 0x0000000000000000
core   0: 0x0000000080004ad4 (0x01cd2b33) slt     s6, s10, t3
core   0: 1 0x0000000080004ad4 (0x01cd2b33) x22 0x0000000000000000
core   0: 0x0000000080004ad8 (0x018cda1b) srliw   s4, s9, 24
core   0: 1 0x0000000080004ad8 (0x018cda1b) x20 0x0000000000000000
core   0: 0x0000000080004adc (0xc0277853) fcvt.l.s a6, fa4
core   0: 1 0x0000000080004adc (0xc0277853) c1_fflags 0x0000000000000011 x16 0x7fffffffffffffff
core   0: 0x0000000080004ae0 (0x0331f453) fadd.d  fs0, ft3, fs3
core   0: 1 0x0000000080004ae0 (0x0331f453) f8  0x7ff8000000000000
core   0: 0x0000000080004ae4 (0x002a013b) addw    sp, s4, sp
core   0: 1 0x0000000080004ae4 (0x002a013b) x2  0x000000007fffffff
core   0: 0x0000000080004ae8 (0x0095929b) slliw   t0, a1, 9
core   0: 1 0x0000000080004ae8 (0x0095929b) x5  0x0000000000000000
core   0: 0x0000000080004aec (0x02530333) mul     t1, t1, t0
core   0: 1 0x0000000080004aec (0x02530333) x6  0x0000000000000000
core   0: 0x0000000080004af0 (0xa3758253) fle.d   tp, fa1, fs7
core   0: 1 0x0000000080004af0 (0xa3758253) c1_fflags 0x0000000000000011 x4  0x0000000000000000
core   0: 0x0000000080004af4 (0x0339be33) mulhu   t3, s3, s3
core   0: 1 0x0000000080004af4 (0x0339be33) x28 0x0000000000000000
core   0: 0x0000000080004af8 (0x02017133) remu    sp, sp, zero
core   0: 1 0x0000000080004af8 (0x02017133) x2  0x000000007fffffff
core   0: 0x0000000080004afc (0x018d981b) slliw   a6, s11, 24
core   0: 1 0x0000000080004afc (0x018d981b) x16 0xffffffffa0000000
core   0: 0x0000000080004b00 (0x92147947) fmsub.d fs2, fs0, ft1, fs2
core   0: 1 0x0000000080004b00 (0x92147947) f18 0x7ff8000000000000
core   0: 0x0000000080004b04 (0xf1105ef3) csrrwi  t4, mvendorid, 0
core   0: exception trap_illegal_instruction, epc 0x0000000080004b04
core   0:           tval 0x00000000f1105ef3
core   0: >>>>  $xrv64i2p1_m2p0_a2p1_f2p2_d2p2_zicsr2p0_zifencei2p0_zmmul1p0_zba1p0_zbb1p0_zbc1p0_zbs1p0
core   0: 0x0000000080004000 (0x0080006f) j       pc + 0x8
core   0: 3 0x0000000080004000 (0x0080006f)
core   0: >>>>  mmode_exception_handler
core   0: 0x0000000080004008 (0x00002c17) auipc   s8, 0x2
core   0: 3 0x0000000080004008 (0x00002c17) x24 0x0000000080006008
core   0: 0x000000008000400c (0x06ec0c13) addi    s8, s8, 110
core   0: 3 0x000000008000400c (0x06ec0c13) x24 0x0000000080006076
core   0: 0x0000000080004010 (0x000c00e7) jalr    s8
core   0: 3 0x0000000080004010 (0x000c00e7) x1  0x0000000080004014
core   0: >>>>  any_handler
core   0: 0x0000000080006076 (0x341027f3) csrrs   a5, mepc, zero
core   0: 3 0x0000000080006076 (0x341027f3) x15 0x0000000080004b04
core   0: 0x000000008000607a (0x34202773) csrrs   a4, mcause, zero
core   0: 3 0x000000008000607a (0x34202773) x14 0x0000000000000002
core   0: 0x000000008000607e (0x142026f3) csrrs   a3, scause, zero
core   0: 3 0x000000008000607e (0x142026f3) x13 0x0000000000000000
core   0: 0x0000000080006082 (0x30402673) csrrs   a2, mie, zero
core   0: 3 0x0000000080006082 (0x30402673) x12 0x0000000000000a00
core   0: 0x0000000080006086 (0x344025f3) csrrs   a1, mip, zero
core   0: 3 0x0000000080006086 (0x344025f3) x11 0x0000000000000080
core   0: 0x000000008000608a (0x343025f3) csrrs   a1, mtval, zero
core   0: 3 0x000000008000608a (0x343025f3) x11 0x00000000f1105ef3
core   0: 0x000000008000608e (0x14302573) csrrs   a0, stval, zero
core   0: 3 0x000000008000608e (0x14302573) x10 0x0000000000000000
core   0: 0x0000000080006092 (0xb02024f3) csrrs   s1, minstret, zero
core   0: 3 0x0000000080006092 (0xb02024f3) x9  0x0000000000000b71
core   0: 0x0000000080006096 (0x0000a811) c.j     pc + 20
core   0: 3 0x0000000080006096 (0xa811)
core   0: >>>>  mepc_4
core   0: 0x00000000800060aa (0x00000791) c.addi  a5, 4
core   0: 3 0x00000000800060aa (0x0791) x15 0x0000000080004b08
core   0: 0x00000000800060ac (0x34179073) csrrw   zero, mepc, a5
core   0: 3 0x00000000800060ac (0x34179073) c833_mepc 0x0000000080004b08
core   0: 0x00000000800060b0 (0x30200073) mret
core   0: 3 0x00000000800060b0 (0x30200073) c768_mstatus 0x8000000a00106080
core   0: 0x0000000080004b08 (0xc0347453) fcvt.lu.s s0, fs0
core   0: 1 0x0000000080004b08 (0xc0347453) c1_fflags 0x0000000000000011 x8  0xffffffffffffffff
core   0: 0x0000000080004b0c (0x00102a73) csrrs   s4, fflags, zero
core   0: 1 0x0000000080004b0c (0x00102a73) x20 0x0000000000000011
core   0: 0x0000000080004b10 (0x03f0d113) srli    sp, ra, 63
core   0: 1 0x0000000080004b10 (0x03f0d113) x2  0x0000000000000000
core   0: 0x0000000080004b14 (0xc229fc53) fcvt.l.d s8, fs3
core   0: 1 0x0000000080004b14 (0xc229fc53) c1_fflags 0x0000000000000011 x24 0x7fffffffffffffff
core   0: 0x0000000080004b18 (0x0667b8b7) lui     a7, 0x667b
core   0: 1 0x0000000080004b18 (0x0667b8b7) x17 0x000000000667b000
core   0: 0x0000000080004b1c (0xd218889b) addiw   a7, a7, -735
core   0: 1 0x0000000080004b1c (0xd218889b) x17 0x000000000667ad21
core   0: 0x0000000080004b20 (0x000008b2) c.slli  a7, 12
core   0: 1 0x0000000080004b20 (0x08b2) x17 0x000000667ad21000
core   0: 0x0000000080004b22 (0x43988893) addi    a7, a7, 1081
core   0: 1 0x0000000080004b22 (0x43988893) x17 0x000000667ad21439
core   0: 0x0000000080004b26 (0x001c1673) csrrw   a2, fflags, s8
core   0: 1 0x0000000080004b26 (0x001c1673) x12 0x0000000000000011 c1_fflags 0x000000000000001f
core   0: 0x0000000080004b2a (0x22f696d3) fsgnjn.d fa3, fa3, fa5
core   0: 1 0x0000000080004b2a (0x22f696d3) f13 0xfff8000000000000
core   0: 0x0000000080004b2e (0xd0347953) fcvt.s.lu fs2, s0
core   0: 1 0x0000000080004b2e (0xd0347953) c1_fflags 0x000000000000001f f18 0xffffffff5f7fffff
core   0: 0x0000000080004b32 (0x01c0ae33) slt     t3, ra, t3
core   0: 1 0x0000000080004b32 (0x01c0ae33) x28 0x0000000000000000
core   0: 0x0000000080004b36 (0x342497f3) csrrw   a5, mcause, s1
core   0: exception trap_illegal_instruction, epc 0x0000000080004b36
core   0:           tval 0x00000000342497f3
core   0: >>>>  $xrv64i2p1_m2p0_a2p1_f2p2_d2p2_zicsr2p0_zifencei2p0_zmmul1p0_zba1p0_zbb1p0_zbc1p0_zbs1p0
core   0: 0x0000000080004000 (0x0080006f) j       pc + 0x8
core   0: 3 0x0000000080004000 (0x0080006f)
core   0: >>>>  mmode_exception_handler
core   0: 0x0000000080004008 (0x00002c17) auipc   s8, 0x2
core   0: 3 0x0000000080004008 (0x00002c17) x24 0x0000000080006008
core   0: 0x000000008000400c (0x06ec0c13) addi    s8, s8, 110
core   0: 3 0x000000008000400c (0x06ec0c13) x24 0x0000000080006076
core   0: 0x0000000080004010 (0x000c00e7) jalr    s8
core   0: 3 0x0000000080004010 (0x000c00e7) x1  0x0000000080004014
core   0: >>>>  any_handler
core   0: 0x0000000080006076 (0x341027f3) csrrs   a5, mepc, zero
core   0: 3 0x0000000080006076 (0x341027f3) x15 0x0000000080004b36
core   0: 0x000000008000607a (0x34202773) csrrs   a4, mcause, zero
core   0: 3 0x000000008000607a (0x34202773) x14 0x0000000000000002
core   0: 0x000000008000607e (0x142026f3) csrrs   a3, scause, zero
core   0: 3 0x000000008000607e (0x142026f3) x13 0x0000000000000000
core   0: 0x0000000080006082 (0x30402673) csrrs   a2, mie, zero
core   0: 3 0x0000000080006082 (0x30402673) x12 0x0000000000000a00
core   0: 0x0000000080006086 (0x344025f3) csrrs   a1, mip, zero
core   0: 3 0x0000000080006086 (0x344025f3) x11 0x0000000000000080
core   0: 0x000000008000608a (0x343025f3) csrrs   a1, mtval, zero
core   0: 3 0x000000008000608a (0x343025f3) x11 0x00000000342497f3
core   0: 0x000000008000608e (0x14302573) csrrs   a0, stval, zero
core   0: 3 0x000000008000608e (0x14302573) x10 0x0000000000000000
core   0: 0x0000000080006092 (0xb02024f3) csrrs   s1, minstret, zero
core   0: 3 0x0000000080006092 (0xb02024f3) x9  0x0000000000000b8d
core   0: 0x0000000080006096 (0x0000a811) c.j     pc + 20
core   0: 3 0x0000000080006096 (0xa811)
core   0: >>>>  mepc_4
core   0: 0x00000000800060aa (0x00000791) c.addi  a5, 4
core   0: 3 0x00000000800060aa (0x0791) x15 0x0000000080004b3a
core   0: 0x00000000800060ac (0x34179073) csrrw   zero, mepc, a5
core   0: 3 0x00000000800060ac (0x34179073) c833_mepc 0x0000000080004b3a
core   0: 0x00000000800060b0 (0x30200073) mret
core   0: 3 0x00000000800060b0 (0x30200073) c768_mstatus 0x8000000a00106080
core   0: 0x0000000080004b3a (0x03027253) fadd.d  ft4, ft4, fa6
core   0: 1 0x0000000080004b3a (0x03027253) f4  0x7ff8000000000000
core   0: 0x0000000080004b3e (0x026eeeb3) rem     t4, t4, t1
core   0: 1 0x0000000080004b3e (0x026eeeb3) x29 0x000000007fffbac9
core   0: 0x0000000080004b42 (0x2a3899d3) fmax.d  fs3, fa7, ft3
core   0: 1 0x0000000080004b42 (0x2a3899d3) f19 0x7ff8000000000000
core   0: 0x0000000080004b46 (0xcc7d4917) auipc   s2, 0xcc7d4
core   0: 1 0x0000000080004b46 (0xcc7d4917) x18 0x000000004c7d8b46
core   0: 0x0000000080004b4a (0x23ae2e53) fsgnjx.d ft8, ft8, fs10
core   0: 1 0x0000000080004b4a (0x23ae2e53) f28 0x7ff8000000000000
core   0: 0x0000000080004b4e (0x42058453) fcvt.d.s fs0, fa1
core   0: 1 0x0000000080004b4e (0x42058453) f8  0x7ff8000000000000
core   0: 0x0000000080004b52 (0x40cb05b3) sub     a1, s6, a2
core   0: 1 0x0000000080004b52 (0x40cb05b3) x11 0xfffffffffffff600
core   0: 0x0000000080004b56 (0x0315d333) divu    t1, a1, a7
core   0: 1 0x0000000080004b56 (0x0315d333) x6  0x00000000027f8078
core   0: 0x0000000080004b5a (0xc216fe53) fcvt.wu.d t3, fa3
core   0: 1 0x0000000080004b5a (0xc216fe53) c1_fflags 0x000000000000001f x28 0xffffffffffffffff
core   0: 0x0000000080004b5e (0xe2040b53) fmv.x.d s6, fs0
core   0: 1 0x0000000080004b5e (0xe2040b53) x22 0x7ff8000000000000
core   0: 0x0000000080004b62 (0x4174599b) sraiw   s3, s0, 23
core   0: 1 0x0000000080004b62 (0x4174599b) x19 0xffffffffffffffff
core   0: 0x0000000080004b66 (0x00bda6b3) slt     a3, s11, a1
core   0: 1 0x0000000080004b66 (0x00bda6b3) x13 0x0000000000000000
core   0: 0x0000000080004b6a (0x4013f753) fcvt.s.d fa4, ft7
core   0: 1 0x0000000080004b6a (0x4013f753) f14 0xffffffff7fc00000
core   0: 0x0000000080004b6e (0xc217fed3) fcvt.wu.d t4, fa5
core   0: 1 0x0000000080004b6e (0xc217fed3) c1_fflags 0x000000000000001f x29 0xffffffffffffffff
core   0: 0x0000000080004b72 (0xb00a0113) addi    sp, s4, -1280
core   0: 1 0x0000000080004b72 (0xb00a0113) x2  0xfffffffffffffb11
core   0: 0x0000000080004b76 (0xab5efec3) fmadd.d ft9, ft9, fs5, fs5
core   0: 1 0x0000000080004b76 (0xab5efec3) f29 0x7ff8000000000000
core   0: 0x0000000080004b7a (0x0225d7bb) divuw   a5, a1, sp
core   0: 1 0x0000000080004b7a (0x0225d7bb) x15 0x0000000000000000
core   0: 0x0000000080004b7e (0xa3520653) fle.d   a2, ft4, fs5
core   0: 1 0x0000000080004b7e (0xa3520653) c1_fflags 0x000000000000001f x12 0x0000000000000000
core   0: 0x0000000080004b82 (0xc2157ad3) fcvt.wu.d s5, fa0
core   0: 1 0x0000000080004b82 (0xc2157ad3) c1_fflags 0x000000000000001f x21 0xffffffffffffffff
core   0: 0x0000000080004b86 (0xd21d0b53) fcvt.d.wu fs6, s10
core   0: 1 0x0000000080004b86 (0xd21d0b53) f22 0x0000000000000000
core   0: 0x0000000080004b8a (0x023dfc3b) remuw   s8, s11, gp
core   0: 1 0x0000000080004b8a (0x023dfc3b) x24 0x00000000008e5578
core   0: 0x0000000080004b8e (0x41b185b3) sub     a1, gp, s11
core   0: 1 0x0000000080004b8e (0x41b185b3) x11 0x0000006bc52ddff4
core   0: 0x0000000080004b92 (0xf20d8453) fmv.d.x fs0, s11
core   0: 1 0x0000000080004b92 (0xf20d8453) f8  0x000000007515eaa0
core   0: 0x0000000080004b96 (0x39e1f597) auipc   a1, 0x39e1f
core   0: 1 0x0000000080004b96 (0x39e1f597) x11 0x00000000b9e23b96
core   0: 0x0000000080004b9a (0x00000001) c.nop
core   0: 1 0x0000000080004b9a (0x0001)
core   0: 0x0000000080004b9c (0x00ec5cbb) srlw    s9, s8, a4
core   0: 1 0x0000000080004b9c (0x00ec5cbb) x25 0x000000000023955e
core   0: 0x0000000080004ba0 (0xf2070053) fmv.d.x ft0, a4
core   0: 1 0x0000000080004ba0 (0xf2070053) f0  0x0000000000000002
core   0: 0x0000000080004ba4 (0x40630833) sub     a6, t1, t1
core   0: 1 0x0000000080004ba4 (0x40630833) x16 0x0000000000000000
core   0: 0x0000000080004ba8 (0x3e698e1b) addiw   t3, s3, 998
core   0: 1 0x0000000080004ba8 (0x3e698e1b) x28 0x00000000000003e5
core   0: 0x0000000080004bac (0x001e1473) csrrw   s0, fflags, t3
core   0: 1 0x0000000080004bac (0x001e1473) x8  0x000000000000001f c1_fflags 0x0000000000000005
core   0: 0x0000000080004bb0 (0x00085b1b) srliw   s6, a6, 0
core   0: 1 0x0000000080004bb0 (0x00085b1b) x22 0x0000000000000000
core   0: 0x0000000080004bb4 (0x02b0f0d3) fadd.d  ft1, ft1, fa1
core   0: 1 0x0000000080004bb4 (0x02b0f0d3) f1  0x7ff8000000000000
core   0: 0x0000000080004bb8 (0xfffb0a13) addi    s4, s6, -1
core   0: 1 0x0000000080004bb8 (0xfffb0a13) x20 0xffffffffffffffff
core   0: 0x0000000080004bbc (0x015bcd37) lui     s10, 0x15bc
core   0: 1 0x0000000080004bbc (0x015bcd37) x26 0x00000000015bc000
core   0: 0x0000000080004bc0 (0xac7d0d1b) addiw   s10, s10, -1337
core   0: 1 0x0000000080004bc0 (0xac7d0d1b) x26 0x00000000015bbac7
core   0: 0x0000000080004bc4 (0x00000d36) c.slli  s10, 13
core   0: 1 0x0000000080004bc4 (0x0d36) x26 0x0000002b7758e000
core   0: 0x0000000080004bc6 (0xb8fd0d13) addi    s10, s10, -1137
core   0: 1 0x0000000080004bc6 (0xb8fd0d13) x26 0x0000002b7758db8f
core   0: 0x0000000080004bca (0x7eb13917) auipc   s2, 0x7eb13
core   0: 1 0x0000000080004bca (0x7eb13917) x18 0x00000000feb17bca
core   0: 0x0000000080004bce (0x414b0ebb) subw    t4, s6, s4
core   0: 1 0x0000000080004bce (0x414b0ebb) x29 0x0000000000000001
core   0: 0x0000000080004bd2 (0xd02ef9d3) fcvt.s.l fs3, t4
core   0: 1 0x0000000080004bd2 (0xd02ef9d3) f19 0xffffffff3f800000
core   0: 0x0000000080004bd6 (0x01b61413) slli    s0, a2, 27
core   0: 1 0x0000000080004bd6 (0x01b61413) x8  0x0000000000000000
core   0: 0x0000000080004bda (0xf11436f3) csrrc   a3, mvendorid, s0
core   0: exception trap_illegal_instruction, epc 0x0000000080004bda
core   0:           tval 0x00000000f11436f3
core   0: >>>>  $xrv64i2p1_m2p0_a2p1_f2p2_d2p2_zicsr2p0_zifencei2p0_zmmul1p0_zba1p0_zbb1p0_zbc1p0_zbs1p0
core   0: 0x0000000080004000 (0x0080006f) j       pc + 0x8
core   0: 3 0x0000000080004000 (0x0080006f)
core   0: >>>>  mmode_exception_handler
core   0: 0x0000000080004008 (0x00002c17) auipc   s8, 0x2
core   0: 3 0x0000000080004008 (0x00002c17) x24 0x0000000080006008
core   0: 0x000000008000400c (0x06ec0c13) addi    s8, s8, 110
core   0: 3 0x000000008000400c (0x06ec0c13) x24 0x0000000080006076
core   0: 0x0000000080004010 (0x000c00e7) jalr    s8
core   0: 3 0x0000000080004010 (0x000c00e7) x1  0x0000000080004014
core   0: >>>>  any_handler
core   0: 0x0000000080006076 (0x341027f3) csrrs   a5, mepc, zero
core   0: 3 0x0000000080006076 (0x341027f3) x15 0x0000000080004bda
core   0: 0x000000008000607a (0x34202773) csrrs   a4, mcause, zero
core   0: 3 0x000000008000607a (0x34202773) x14 0x0000000000000002
core   0: 0x000000008000607e (0x142026f3) csrrs   a3, scause, zero
core   0: 3 0x000000008000607e (0x142026f3) x13 0x0000000000000000
core   0: 0x0000000080006082 (0x30402673) csrrs   a2, mie, zero
core   0: 3 0x0000000080006082 (0x30402673) x12 0x0000000000000a00
core   0: 0x0000000080006086 (0x344025f3) csrrs   a1, mip, zero
core   0: 3 0x0000000080006086 (0x344025f3) x11 0x0000000000000080
core   0: 0x000000008000608a (0x343025f3) csrrs   a1, mtval, zero
core   0: 3 0x000000008000608a (0x343025f3) x11 0x00000000f11436f3
core   0: 0x000000008000608e (0x14302573) csrrs   a0, stval, zero
core   0: 3 0x000000008000608e (0x14302573) x10 0x0000000000000000
core   0: 0x0000000080006092 (0xb02024f3) csrrs   s1, minstret, zero
core   0: 3 0x0000000080006092 (0xb02024f3) x9  0x0000000000000bc6
core   0: 0x0000000080006096 (0x0000a811) c.j     pc + 20
core   0: 3 0x0000000080006096 (0xa811)
core   0: >>>>  mepc_4
core   0: 0x00000000800060aa (0x00000791) c.addi  a5, 4
core   0: 3 0x00000000800060aa (0x0791) x15 0x0000000080004bde
core   0: 0x00000000800060ac (0x34179073) csrrw   zero, mepc, a5
core   0: 3 0x00000000800060ac (0x34179073) c833_mepc 0x0000000080004bde
core   0: 0x00000000800060b0 (0x30200073) mret
core   0: 3 0x00000000800060b0 (0x30200073) c768_mstatus 0x8000000a00106080
core   0: 0x0000000080004bde (0x401ffcd3) fcvt.s.d fs9, ft11
core   0: 1 0x0000000080004bde (0x401ffcd3) c1_fflags 0x0000000000000005 f25 0xffffffff5f7fffff
core   0: 0x0000000080004be2 (0xabf2f2cf) fnmadd.d ft5, ft5, ft11, fs5
core   0: 1 0x0000000080004be2 (0xabf2f2cf) f5  0x7ff8000000000000
core   0: 0x0000000080004be6 (0x00000001) c.nop
core   0: 1 0x0000000080004be6 (0x0001)
core   0: 0x0000000080004be8 (0x0214c233) div     tp, s1, ra
core   0: 1 0x0000000080004be8 (0x0214c233) x4  0x0000000000000000
core   0: 0x0000000080004bec (0x02922e33) mulhsu  t3, tp, s1
core   0: 1 0x0000000080004bec (0x02922e33) x28 0x0000000000000000
core   0: 0x0000000080004bf0 (0x8ea70313) addi    t1, a4, -1814
core   0: 1 0x0000000080004bf0 (0x8ea70313) x6  0xfffffffffffff8ec
core   0: 0x0000000080004bf4 (0x42fad093) srai    ra, s5, 47
core   0: 1 0x0000000080004bf4 (0x42fad093) x1  0xffffffffffffffff
core   0: 0x0000000080004bf8 (0x002026f3) csrrs   a3, frm, zero
core   0: 1 0x0000000080004bf8 (0x002026f3) x13 0x0000000000000002
core   0: 0x0000000080004bfc (0xfb7af1cb) fnmsub.d ft3, fs5, fs7, ft11
core   0: 1 0x0000000080004bfc (0xfb7af1cb) f3  0x7ff8000000000000
core   0: 0x0000000080004c00 (0x0039593b) srlw    s2, s2, gp
core   0: 1 0x0000000080004c00 (0x0039593b) x18 0x0000000000000feb
core   0: 0x0000000080004c04 (0x00015113) srli    sp, sp, 0
core   0: 1 0x0000000080004c04 (0x00015113) x2  0xfffffffffffffb11
core   0: 0x0000000080004c08 (0x0368b433) mulhu   s0, a7, s6
core   0: 1 0x0000000080004c08 (0x0368b433) x8  0x0000000000000000
core   0: 0x0000000080004c0c (0x00711a1b) slliw   s4, sp, 7
core   0: 1 0x0000000080004c0c (0x00711a1b) x20 0xfffffffffffd8880
core   0: 0x0000000080004c10 (0x1309f853) fmul.d  fa6, fs3, fa6
core   0: 1 0x0000000080004c10 (0x1309f853) f16 0x7ff8000000000000
core   0: 0x0000000080004c14 (0x03f85b93) srli    s7, a6, 63
core   0: 1 0x0000000080004c14 (0x03f85b93) x23 0x0000000000000000
core   0: 0x0000000080004c18 (0x229a9053) fsgnjn.d ft0, fs5, fs1
core   0: 1 0x0000000080004c18 (0x229a9053) f0  0xffffffffcf000046
core   0: 0x0000000080004c1c (0x4008571b) sraiw   a4, a6, 0
core   0: 1 0x0000000080004c1c (0x4008571b) x14 0x0000000000000000
core   0: 0x0000000080004c20 (0x420e0753) fcvt.d.s fa4, ft8
core   0: 1 0x0000000080004c20 (0x420e0753) f14 0x7ff8000000000000
core   0: 0x0000000080004c24 (0x0006da1b) srliw   s4, a3, 0
core   0: 1 0x0000000080004c24 (0x0006da1b) x20 0x0000000000000002
core   0: 0x0000000080004c28 (0x0007059b) sext.w  a1, a4
core   0: 1 0x0000000080004c28 (0x0007059b) x11 0x0000000000000000
core   0: 0x0000000080004c2c (0x00a762b3) or      t0, a4, a0
core   0: 1 0x0000000080004c2c (0x00a762b3) x5  0x0000000000000000
core   0: 0x0000000080004c30 (0x7fd45e37) lui     t3, 0x7fd45
core   0: 1 0x0000000080004c30 (0x7fd45e37) x28 0x000000007fd45000
core   0: 0x0000000080004c34 (0x22e70c53) fsgnj.d fs8, fa4, fa4
core   0: 1 0x0000000080004c34 (0x22e70c53) f24 0x7ff8000000000000
core   0: 0x0000000080004c38 (0x02dbe6bb) remw    a3, s7, a3
core   0: 1 0x0000000080004c38 (0x02dbe6bb) x13 0x0000000000000000
core   0: 0x0000000080004c3c (0x67360d9b) addiw   s11, a2, 1651
core   0: 1 0x0000000080004c3c (0x67360d9b) x27 0x0000000000001073
core   0: 0x0000000080004c40 (0x42068853) fcvt.d.s fa6, fa3
core   0: 1 0x0000000080004c40 (0x42068853) f16 0x7ff8000000000000
core   0: 0x0000000080004c44 (0x473b7517) auipc   a0, 0x473b7
core   0: 1 0x0000000080004c44 (0x473b7517) x10 0x00000000c73bbc44
core   0: 0x0000000080004c48 (0x01b4ac33) slt     s8, s1, s11
core   0: 1 0x0000000080004c48 (0x01b4ac33) x24 0x0000000000000001
core   0: 0x0000000080004c4c (0x9b487ecf) fnmadd.d ft9, fa6, fs4, fs3
core   0: 1 0x0000000080004c4c (0x9b487ecf) f29 0x7ff8000000000000
core   0: 0x0000000080004c50 (0x0166ab33) slt     s6, a3, s6
core   0: 1 0x0000000080004c50 (0x0166ab33) x22 0x0000000000000000
core   0: 0x0000000080004c54 (0x415cda9b) sraiw   s5, s9, 21
core   0: 1 0x0000000080004c54 (0x415cda9b) x21 0x0000000000000001
core   0: 0x0000000080004c58 (0x4153533b) sraw    t1, t1, s5
core   0: 1 0x0000000080004c58 (0x4153533b) x6  0xfffffffffffffc76
core   0: 0x0000000080004c5c (0x24a86113) ori     sp, a6, 586
core   0: 1 0x0000000080004c5c (0x24a86113) x2  0x000000000000024a
core   0: 0x0000000080004c60 (0xd030f153) fcvt.s.lu ft2, ra
core   0: 1 0x0000000080004c60 (0xd030f153) c1_fflags 0x0000000000000005 f2  0xffffffff5f7fffff
core   0: 0x0000000080004c64 (0xd2217f53) fcvt.d.l ft10, sp
core   0: 1 0x0000000080004c64 (0xd2217f53) f30 0x4082500000000000
core   0: 0x0000000080004c68 (0x017511bb) sllw    gp, a0, s7
core   0: 1 0x0000000080004c68 (0x017511bb) x3  0xffffffffc73bbc44
core   0: 0x0000000080004c6c (0x9a91714f) fnmadd.d ft2, ft2, fs1, fs3
core   0: 1 0x0000000080004c6c (0x9a91714f) f2  0x7ff8000000000000
core   0: 0x0000000080004c70 (0x0123131b) slliw   t1, t1, 18
core   0: 1 0x0000000080004c70 (0x0123131b) x6  0xfffffffff1d80000
core   0: 0x0000000080004c74 (0x00009646) c.add   a2, a7
core   0: 1 0x0000000080004c74 (0x9646) x12 0x000000667ad21e39
core   0: 0x0000000080004c76 (0xc06121f3) csrrs   gp, hpmcounter6, sp
core   0: exception trap_illegal_instruction, epc 0x0000000080004c76
core   0:           tval 0x00000000c06121f3
core   0: >>>>  $xrv64i2p1_m2p0_a2p1_f2p2_d2p2_zicsr2p0_zifencei2p0_zmmul1p0_zba1p0_zbb1p0_zbc1p0_zbs1p0
core   0: 0x0000000080004000 (0x0080006f) j       pc + 0x8
core   0: 3 0x0000000080004000 (0x0080006f)
core   0: >>>>  mmode_exception_handler
core   0: 0x0000000080004008 (0x00002c17) auipc   s8, 0x2
core   0: 3 0x0000000080004008 (0x00002c17) x24 0x0000000080006008
core   0: 0x000000008000400c (0x06ec0c13) addi    s8, s8, 110
core   0: 3 0x000000008000400c (0x06ec0c13) x24 0x0000000080006076
core   0: 0x0000000080004010 (0x000c00e7) jalr    s8
core   0: 3 0x0000000080004010 (0x000c00e7) x1  0x0000000080004014
core   0: >>>>  any_handler
core   0: 0x0000000080006076 (0x341027f3) csrrs   a5, mepc, zero
core   0: 3 0x0000000080006076 (0x341027f3) x15 0x0000000080004c76
core   0: 0x000000008000607a (0x34202773) csrrs   a4, mcause, zero
core   0: 3 0x000000008000607a (0x34202773) x14 0x0000000000000002
core   0: 0x000000008000607e (0x142026f3) csrrs   a3, scause, zero
core   0: 3 0x000000008000607e (0x142026f3) x13 0x0000000000000000
core   0: 0x0000000080006082 (0x30402673) csrrs   a2, mie, zero
core   0: 3 0x0000000080006082 (0x30402673) x12 0x0000000000000a00
core   0: 0x0000000080006086 (0x344025f3) csrrs   a1, mip, zero
core   0: 3 0x0000000080006086 (0x344025f3) x11 0x0000000000000080
core   0: 0x000000008000608a (0x343025f3) csrrs   a1, mtval, zero
core   0: 3 0x000000008000608a (0x343025f3) x11 0x00000000c06121f3
core   0: 0x000000008000608e (0x14302573) csrrs   a0, stval, zero
core   0: 3 0x000000008000608e (0x14302573) x10 0x0000000000000000
core   0: 0x0000000080006092 (0xb02024f3) csrrs   s1, minstret, zero
core   0: 3 0x0000000080006092 (0xb02024f3) x9  0x0000000000000bfd
core   0: 0x0000000080006096 (0x0000a811) c.j     pc + 20
core   0: 3 0x0000000080006096 (0xa811)
core   0: >>>>  mepc_4
core   0: 0x00000000800060aa (0x00000791) c.addi  a5, 4
core   0: 3 0x00000000800060aa (0x0791) x15 0x0000000080004c7a
core   0: 0x00000000800060ac (0x34179073) csrrw   zero, mepc, a5
core   0: 3 0x00000000800060ac (0x34179073) c833_mepc 0x0000000080004c7a
core   0: 0x00000000800060b0 (0x30200073) mret
core   0: 3 0x00000000800060b0 (0x30200073) c768_mstatus 0x8000000a00106080
core   0: 0x0000000080004c7a (0xc0357653) fcvt.lu.s a2, fa0
core   0: 1 0x0000000080004c7a (0xc0357653) c1_fflags 0x0000000000000015 x12 0xffffffffffffffff
core   0: 0x0000000080004c7e (0x00000001) c.nop
core   0: 1 0x0000000080004c7e (0x0001)
core   0: 0x0000000080004c80 (0x02c2713b) remuw   sp, tp, a2
core   0: 1 0x0000000080004c80 (0x02c2713b) x2  0x0000000000000000
core   0: 0x0000000080004c84 (0xc06e1e73) csrrw   t3, hpmcounter6, t3
core   0: exception trap_illegal_instruction, epc 0x0000000080004c84
core   0:           tval 0x00000000c06e1e73
core   0: >>>>  $xrv64i2p1_m2p0_a2p1_f2p2_d2p2_zicsr2p0_zifencei2p0_zmmul1p0_zba1p0_zbb1p0_zbc1p0_zbs1p0
core   0: 0x0000000080004000 (0x0080006f) j       pc + 0x8
core   0: 3 0x0000000080004000 (0x0080006f)
core   0: >>>>  mmode_exception_handler
core   0: 0x0000000080004008 (0x00002c17) auipc   s8, 0x2
core   0: 3 0x0000000080004008 (0x00002c17) x24 0x0000000080006008
core   0: 0x000000008000400c (0x06ec0c13) addi    s8, s8, 110
core   0: 3 0x000000008000400c (0x06ec0c13) x24 0x0000000080006076
core   0: 0x0000000080004010 (0x000c00e7) jalr    s8
core   0: 3 0x0000000080004010 (0x000c00e7) x1  0x0000000080004014
core   0: >>>>  any_handler
core   0: 0x0000000080006076 (0x341027f3) csrrs   a5, mepc, zero
core   0: 3 0x0000000080006076 (0x341027f3) x15 0x0000000080004c84
core   0: 0x000000008000607a (0x34202773) csrrs   a4, mcause, zero
core   0: 3 0x000000008000607a (0x34202773) x14 0x0000000000000002
core   0: 0x000000008000607e (0x142026f3) csrrs   a3, scause, zero
core   0: 3 0x000000008000607e (0x142026f3) x13 0x0000000000000000
core   0: 0x0000000080006082 (0x30402673) csrrs   a2, mie, zero
core   0: 3 0x0000000080006082 (0x30402673) x12 0x0000000000000a00
core   0: 0x0000000080006086 (0x344025f3) csrrs   a1, mip, zero
core   0: 3 0x0000000080006086 (0x344025f3) x11 0x0000000000000080
core   0: 0x000000008000608a (0x343025f3) csrrs   a1, mtval, zero
core   0: 3 0x000000008000608a (0x343025f3) x11 0x00000000c06e1e73
core   0: 0x000000008000608e (0x14302573) csrrs   a0, stval, zero
core   0: 3 0x000000008000608e (0x14302573) x10 0x0000000000000000
core   0: 0x0000000080006092 (0xb02024f3) csrrs   s1, minstret, zero
core   0: 3 0x0000000080006092 (0xb02024f3) x9  0x0000000000000c10
core   0: 0x0000000080006096 (0x0000a811) c.j     pc + 20
core   0: 3 0x0000000080006096 (0xa811)
core   0: >>>>  mepc_4
core   0: 0x00000000800060aa (0x00000791) c.addi  a5, 4
core   0: 3 0x00000000800060aa (0x0791) x15 0x0000000080004c88
core   0: 0x00000000800060ac (0x34179073) csrrw   zero, mepc, a5
core   0: 3 0x00000000800060ac (0x34179073) c833_mepc 0x0000000080004c88
core   0: 0x00000000800060b0 (0x30200073) mret
core   0: 3 0x00000000800060b0 (0x30200073) c768_mstatus 0x8000000a00106080
core   0: 0x0000000080004c88 (0x0288f833) remu    a6, a7, s0
core   0: 1 0x0000000080004c88 (0x0288f833) x16 0x000000667ad21439
core   0: 0x0000000080004c8c (0x416bdb33) sra     s6, s7, s6
core   0: 1 0x0000000080004c8c (0x416bdb33) x22 0x0000000000000000
core   0: 0x0000000080004c90 (0x001cd433) srl     s0, s9, ra
core   0: 1 0x0000000080004c90 (0x001cd433) x8  0x0000000000000002
core   0: 0x0000000080004c94 (0x008bdb3b) srlw    s6, s7, s0
core   0: 1 0x0000000080004c94 (0x008bdb3b) x22 0x0000000000000000
core   0: 0x0000000080004c98 (0x408bd83b) sraw    a6, s7, s0
core   0: 1 0x0000000080004c98 (0x408bd83b) x16 0x0000000000000000
core   0: 0x0000000080004c9c (0x42090fd3) fcvt.d.s ft11, fs2
core   0: 1 0x0000000080004c9c (0x42090fd3) f31 0x43efffffe0000000
core   0: 0x0000000080004ca0 (0x40b5d0bb) sraw    ra, a1, a1
core   0: 1 0x0000000080004ca0 (0x40b5d0bb) x1  0xfffffffffffff80d
core   0: 0x0000000080004ca4 (0xfffe8e13) addi    t3, t4, -1
core   0: 1 0x0000000080004ca4 (0xfffe8e13) x28 0x0000000000000000
core   0: 0x0000000080004ca8 (0xc20ff053) fcvt.w.d zero, ft11
core   0: 1 0x0000000080004ca8 (0xc20ff053) c1_fflags 0x0000000000000015
core   0: 0x0000000080004cac (0x00000001) c.nop
core   0: 1 0x0000000080004cac (0x0001)
core   0: 0x0000000080004cae (0x00db5d93) srli    s11, s6, 13
core   0: 1 0x0000000080004cae (0x00db5d93) x27 0x0000000000000000
core   0: 0x0000000080004cb2 (0x0125e5b3) or      a1, a1, s2
core   0: 1 0x0000000080004cb2 (0x0125e5b3) x11 0x00000000c06e1ffb
core   0: 0x0000000080004cb6 (0x0004d493) srli    s1, s1, 0
core   0: 1 0x0000000080004cb6 (0x0004d493) x9  0x0000000000000c10
core   0: 0x0000000080004cba (0xfd398ab7) lui     s5, 0xfd398
core   0: 1 0x0000000080004cba (0xfd398ab7) x21 0xfffffffffd398000
core   0: 0x0000000080004cbe (0x345a8a9b) addiw   s5, s5, 837
core   0: 1 0x0000000080004cbe (0x345a8a9b) x21 0xfffffffffd398345
core   0: 0x0000000080004cc2 (0x00000ab2) c.slli  s5, 12
core   0: 1 0x0000000080004cc2 (0x0ab2) x21 0xffffffd398345000
core   0: 0x0000000080004cc4 (0x1b2a8a93) addi    s5, s5, 434
core   0: 1 0x0000000080004cc4 (0x1b2a8a93) x21 0xffffffd3983451b2
core   0: 0x0000000080004cc8 (0x013c97bb) sllw    a5, s9, s3
core   0: 1 0x0000000080004cc8 (0x013c97bb) x15 0x0000000000000000
core   0: 0x0000000080004ccc (0x40f888bb) subw    a7, a7, a5
core   0: 1 0x0000000080004ccc (0x40f888bb) x17 0x000000007ad21439
core   0: 0x0000000080004cd0 (0x34369373) csrrw   t1, mtval, a3
core   0: exception trap_illegal_instruction, epc 0x0000000080004cd0
core   0:           tval 0x0000000034369373
core   0: >>>>  $xrv64i2p1_m2p0_a2p1_f2p2_d2p2_zicsr2p0_zifencei2p0_zmmul1p0_zba1p0_zbb1p0_zbc1p0_zbs1p0
core   0: 0x0000000080004000 (0x0080006f) j       pc + 0x8
core   0: 3 0x0000000080004000 (0x0080006f)
core   0: >>>>  mmode_exception_handler
core   0: 0x0000000080004008 (0x00002c17) auipc   s8, 0x2
core   0: 3 0x0000000080004008 (0x00002c17) x24 0x0000000080006008
core   0: 0x000000008000400c (0x06ec0c13) addi    s8, s8, 110
core   0: 3 0x000000008000400c (0x06ec0c13) x24 0x0000000080006076
core   0: 0x0000000080004010 (0x000c00e7) jalr    s8
core   0: 3 0x0000000080004010 (0x000c00e7) x1  0x0000000080004014
core   0: >>>>  any_handler
core   0: 0x0000000080006076 (0x341027f3) csrrs   a5, mepc, zero
core   0: 3 0x0000000080006076 (0x341027f3) x15 0x0000000080004cd0
core   0: 0x000000008000607a (0x34202773) csrrs   a4, mcause, zero
core   0: 3 0x000000008000607a (0x34202773) x14 0x0000000000000002
core   0: 0x000000008000607e (0x142026f3) csrrs   a3, scause, zero
core   0: 3 0x000000008000607e (0x142026f3) x13 0x0000000000000000
core   0: 0x0000000080006082 (0x30402673) csrrs   a2, mie, zero
core   0: 3 0x0000000080006082 (0x30402673) x12 0x0000000000000a00
core   0: 0x0000000080006086 (0x344025f3) csrrs   a1, mip, zero
core   0: 3 0x0000000080006086 (0x344025f3) x11 0x0000000000000080
core   0: 0x000000008000608a (0x343025f3) csrrs   a1, mtval, zero
core   0: 3 0x000000008000608a (0x343025f3) x11 0x0000000034369373
core   0: 0x000000008000608e (0x14302573) csrrs   a0, stval, zero
core   0: 3 0x000000008000608e (0x14302573) x10 0x0000000000000000
core   0: 0x0000000080006092 (0xb02024f3) csrrs   s1, minstret, zero
core   0: 3 0x0000000080006092 (0xb02024f3) x9  0x0000000000000c33
core   0: 0x0000000080006096 (0x0000a811) c.j     pc + 20
core   0: 3 0x0000000080006096 (0xa811)
core   0: >>>>  mepc_4
core   0: 0x00000000800060aa (0x00000791) c.addi  a5, 4
core   0: 3 0x00000000800060aa (0x0791) x15 0x0000000080004cd4
core   0: 0x00000000800060ac (0x34179073) csrrw   zero, mepc, a5
core   0: 3 0x00000000800060ac (0x34179073) c833_mepc 0x0000000080004cd4
core   0: 0x00000000800060b0 (0x30200073) mret
core   0: 3 0x00000000800060b0 (0x30200073) c768_mstatus 0x8000000a00106080
core   0: 0x0000000080004cd4 (0x006374b3) and     s1, t1, t1
core   0: 1 0x0000000080004cd4 (0x006374b3) x9  0xfffffffff1d80000
core   0: 0x0000000080004cd8 (0x42040353) fcvt.d.s ft6, fs0
core   0: 1 0x0000000080004cd8 (0x42040353) f6  0x7ff8000000000000
core   0: 0x0000000080004cdc (0x001892f3) csrrw   t0, fflags, a7
core   0: 1 0x0000000080004cdc (0x001892f3) x5  0x0000000000000015 c1_fflags 0x0000000000000019
core   0: 0x0000000080004ce0 (0xd022fdd3) fcvt.s.l fs11, t0
core   0: 1 0x0000000080004ce0 (0xd022fdd3) f27 0xffffffff41a80000
core   0: 0x0000000080004ce4 (0x405edebb) sraw    t4, t4, t0
core   0: 1 0x0000000080004ce4 (0x405edebb) x29 0x0000000000000000
core   0: 0x0000000080004ce8 (0x001296f3) csrrw   a3, fflags, t0
core   0: 1 0x0000000080004ce8 (0x001296f3) x13 0x0000000000000019 c1_fflags 0x0000000000000015
core   0: 0x0000000080004cec (0x00e2c833) xor     a6, t0, a4
core   0: 1 0x0000000080004cec (0x00e2c833) x16 0x0000000000000017
core   0: 0x0000000080004cf0 (0xd232f2d3) fcvt.d.lu ft5, t0
core   0: 1 0x0000000080004cf0 (0xd232f2d3) f5  0x4035000000000000
core   0: 0x0000000080004cf4 (0x029cdc93) srli    s9, s9, 41
core   0: 1 0x0000000080004cf4 (0x029cdc93) x25 0x0000000000000000
core   0: 0x0000000080004cf8 (0xa20908d3) fle.d   a7, fs2, ft0
core   0: 1 0x0000000080004cf8 (0xa20908d3) c1_fflags 0x0000000000000015 x17 0x0000000000000000
core   0: 0x0000000080004cfc (0x0190c033) xor     zero, ra, s9
core   0: 1 0x0000000080004cfc (0x0190c033)
core   0: 0x0000000080004d00 (0x008102b3) add     t0, sp, s0
core   0: 1 0x0000000080004d00 (0x008102b3) x5  0x0000000000000002
core   0: 0x0000000080004d04 (0xc207f2d3) fcvt.w.d t0, fa5
core   0: 1 0x0000000080004d04 (0xc207f2d3) c1_fflags 0x0000000000000015 x5  0x000000007fffffff
core   0: 0x0000000080004d08 (0x00459233) sll     tp, a1, tp
core   0: 1 0x0000000080004d08 (0x00459233) x4  0x0000000034369373
core   0: 0x0000000080004d0c (0x47235b17) auipc   s6, 0x47235
core   0: 1 0x0000000080004d0c (0x47235b17) x22 0x00000000c7239d0c
core   0: 0x0000000080004d10 (0xf331d517) auipc   a0, 0xf331d
core   0: 1 0x0000000080004d10 (0xf331d517) x10 0x0000000073321d10
core   0: 0x0000000080004d14 (0x40127f53) fcvt.s.d ft10, ft4
core   0: 1 0x0000000080004d14 (0x40127f53) f30 0xffffffff7fc00000
core   0: 0x0000000080004d18 (0x00a2533b) srlw    t1, tp, a0
core   0: 1 0x0000000080004d18 (0x00a2533b) x6  0x0000000000003436
core   0: 0x0000000080004d1c (0x0009dd9b) srliw   s11, s3, 0
core   0: 1 0x0000000080004d1c (0x0009dd9b) x27 0xffffffffffffffff
core   0: 0x0000000080004d20 (0xd223fdd3) fcvt.d.l fs11, t2
core   0: 1 0x0000000080004d20 (0xd223fdd3) f27 0x41df509800400000
core   0: 0x0000000080004d24 (0x41bd0d3b) subw    s10, s10, s11
core   0: 1 0x0000000080004d24 (0x41bd0d3b) x26 0x000000007758db90
core   0: 0x0000000080004d28 (0x00000001) c.nop
core   0: 1 0x0000000080004d28 (0x0001)
core   0: 0x0000000080004d2a (0x03936333) rem     t1, t1, s9
core   0: 1 0x0000000080004d2a (0x03936333) x6  0x0000000000003436
core   0: 0x0000000080004d2e (0x00261ef3) csrrw   t4, frm, a2
core   0: 1 0x0000000080004d2e (0x00261ef3) x29 0x0000000000000002 c2_frm 0x0000000000000000
core   0: 0x0000000080004d32 (0x4113d3bb) sraw    t2, t2, a7
core   0: 1 0x0000000080004d32 (0x4113d3bb) x7  0x000000007d426001
core   0: 0x0000000080004d36 (0x001d5c9b) srliw   s9, s10, 1
core   0: 1 0x0000000080004d36 (0x001d5c9b) x25 0x000000003bac6dc8
core   0: 0x0000000080004d3a (0x018cd43b) srlw    s0, s9, s8
core   0: 1 0x0000000080004d3a (0x018cd43b) x8  0x00000000000000ee
core   0: 0x0000000080004d3e (0x03bc50bb) divuw   ra, s8, s11
core   0: 1 0x0000000080004d3e (0x03bc50bb) x1  0x0000000000000000
core   0: 0x0000000080004d42 (0x011d0abb) addw    s5, s10, a7
core   0: 1 0x0000000080004d42 (0x011d0abb) x21 0x000000007758db90
core   0: 0x0000000080004d46 (0x721493b7) lui     t2, 0x72149
core   0: 1 0x0000000080004d46 (0x721493b7) x7  0x0000000072149000
core   0: 0x0000000080004d4a (0x00000001) c.nop
core   0: 1 0x0000000080004d4a (0x0001)
core   0: 0x0000000080004d4c (0x01b9949b) slliw   s1, s3, 27
core   0: 1 0x0000000080004d4c (0x01b9949b) x9  0xfffffffff8000000
core   0: 0x0000000080004d50 (0x0184143b) sllw    s0, s0, s8
core   0: 1 0x0000000080004d50 (0x0184143b) x8  0x000000003b800000
core   0: 0x0000000080004d54 (0x027bebbb) remw    s7, s7, t2
core   0: 1 0x0000000080004d54 (0x027bebbb) x23 0x0000000000000000
core   0: 0x0000000080004d58 (0x800cce93) xori    t4, s9, -2048
core   0: 1 0x0000000080004d58 (0x800cce93) x29 0xffffffffc45395c8
core   0: 0x0000000080004d5c (0xc229f5d3) fcvt.l.d a1, fs3
core   0: 1 0x0000000080004d5c (0xc229f5d3) c1_fflags 0x0000000000000015 x11 0x7fffffffffffffff
core   0: 0x0000000080004d60 (0xc23576d3) fcvt.lu.d a3, fa0
core   0: 1 0x0000000080004d60 (0xc23576d3) c1_fflags 0x0000000000000015 x13 0xffffffffffffffff
core   0: 0x0000000080004d64 (0x0c3ac493) xori    s1, s5, 195
core   0: 1 0x0000000080004d64 (0x0c3ac493) x9  0x000000007758db53
core   0: 0x0000000080004d68 (0xd034f2d3) fcvt.s.lu ft5, s1
core   0: 1 0x0000000080004d68 (0xd034f2d3) c1_fflags 0x0000000000000015 f5  0xffffffff4eeeb1b7
core   0: 0x0000000080004d6c (0x0024893b) addw    s2, s1, sp
core   0: 1 0x0000000080004d6c (0x0024893b) x18 0x000000007758db53
core   0: 0x0000000080004d70 (0x00202bf3) csrrs   s7, frm, zero
core   0: 1 0x0000000080004d70 (0x00202bf3) x23 0x0000000000000000
core   0: 0x0000000080004d74 (0x037ed093) srli    ra, t4, 55
core   0: 1 0x0000000080004d74 (0x037ed093) x1  0x00000000000001ff
core   0: 0x0000000080004d78 (0x03a3ad33) mulhsu  s10, t2, s10
core   0: 1 0x0000000080004d78 (0x03a3ad33) x26 0x0000000000000000
core   0: 0x0000000080004d7c (0x00000001) c.nop
core   0: 1 0x0000000080004d7c (0x0001)
core   0: 0x0000000080004d7e (0x0274d4bb) divuw   s1, s1, t2
core   0: 1 0x0000000080004d7e (0x0274d4bb) x9  0x0000000000000001
core   0: 0x0000000080004d82 (0x12adf453) fmul.d  fs0, fs11, fa0
core   0: 1 0x0000000080004d82 (0x12adf453) f8  0x7ff8000000000000
core   0: 0x0000000080004d86 (0x03225e33) divu    t3, tp, s2
core   0: 1 0x0000000080004d86 (0x03225e33) x28 0x0000000000000000
core   0: 0x0000000080004d8a (0x000b9793) slli    a5, s7, 0
core   0: 1 0x0000000080004d8a (0x000b9793) x15 0x0000000000000000
core   0: 0x0000000080004d8e (0x00000001) c.nop
core   0: 1 0x0000000080004d8e (0x0001)
core   0: 0x0000000080004d90 (0x415257bb) sraw    a5, tp, s5
core   0: 1 0x0000000080004d90 (0x415257bb) x15 0x0000000000003436
core   0: 0x0000000080004d94 (0xc21576d3) fcvt.wu.d a3, fa0
core   0: 1 0x0000000080004d94 (0xc21576d3) c1_fflags 0x0000000000000015 x13 0xffffffffffffffff
core   0: 0x0000000080004d98 (0x0052a933) slt     s2, t0, t0
core   0: 1 0x0000000080004d98 (0x0052a933) x18 0x0000000000000000
core   0: 0x0000000080004d9c (0x00189673) csrrw   a2, fflags, a7
core   0: 1 0x0000000080004d9c (0x00189673) x12 0x0000000000000015 c1_fflags 0x0000000000000000
core   0: 0x0000000080004da0 (0x00765d33) srl     s10, a2, t2
core   0: 1 0x0000000080004da0 (0x00765d33) x26 0x0000000000000015
core   0: 0x0000000080004da4 (0x022d33b3) mulhu   t2, s10, sp
core   0: 1 0x0000000080004da4 (0x022d33b3) x7  0x0000000000000000
core   0: 0x0000000080004da8 (0x023cda33) divu    s4, s9, gp
core   0: 1 0x0000000080004da8 (0x023cda33) x20 0x0000000000000000
core   0: 0x0000000080004dac (0x02f23233) mulhu   tp, tp, a5
core   0: 1 0x0000000080004dac (0x02f23233) x4  0x0000000000000000
core   0: 0x0000000080004db0 (0x410a5d1b) sraiw   s10, s4, 16
core   0: 1 0x0000000080004db0 (0x410a5d1b) x26 0x0000000000000000
core   0: 0x0000000080004db4 (0x2a4f8d53) fmin.d  fs10, ft11, ft4
core   0: 1 0x0000000080004db4 (0x2a4f8d53) f26 0x43efffffe0000000
core   0: 0x0000000080004db8 (0xf11e75f3) csrrci  a1, mvendorid, 28
core   0: exception trap_illegal_instruction, epc 0x0000000080004db8
core   0:           tval 0x00000000f11e75f3
core   0: >>>>  $xrv64i2p1_m2p0_a2p1_f2p2_d2p2_zicsr2p0_zifencei2p0_zmmul1p0_zba1p0_zbb1p0_zbc1p0_zbs1p0
core   0: 0x0000000080004000 (0x0080006f) j       pc + 0x8
core   0: 3 0x0000000080004000 (0x0080006f)
core   0: >>>>  mmode_exception_handler
core   0: 0x0000000080004008 (0x00002c17) auipc   s8, 0x2
core   0: 3 0x0000000080004008 (0x00002c17) x24 0x0000000080006008
core   0: 0x000000008000400c (0x06ec0c13) addi    s8, s8, 110
core   0: 3 0x000000008000400c (0x06ec0c13) x24 0x0000000080006076
core   0: 0x0000000080004010 (0x000c00e7) jalr    s8
core   0: 3 0x0000000080004010 (0x000c00e7) x1  0x0000000080004014
core   0: >>>>  any_handler
core   0: 0x0000000080006076 (0x341027f3) csrrs   a5, mepc, zero
core   0: 3 0x0000000080006076 (0x341027f3) x15 0x0000000080004db8
core   0: 0x000000008000607a (0x34202773) csrrs   a4, mcause, zero
core   0: 3 0x000000008000607a (0x34202773) x14 0x0000000000000002
core   0: 0x000000008000607e (0x142026f3) csrrs   a3, scause, zero
core   0: 3 0x000000008000607e (0x142026f3) x13 0x0000000000000000
core   0: 0x0000000080006082 (0x30402673) csrrs   a2, mie, zero
core   0: 3 0x0000000080006082 (0x30402673) x12 0x0000000000000a00
core   0: 0x0000000080006086 (0x344025f3) csrrs   a1, mip, zero
core   0: 3 0x0000000080006086 (0x344025f3) x11 0x0000000000000080
core   0: 0x000000008000608a (0x343025f3) csrrs   a1, mtval, zero
core   0: 3 0x000000008000608a (0x343025f3) x11 0x00000000f11e75f3
core   0: 0x000000008000608e (0x14302573) csrrs   a0, stval, zero
core   0: 3 0x000000008000608e (0x14302573) x10 0x0000000000000000
core   0: 0x0000000080006092 (0xb02024f3) csrrs   s1, minstret, zero
core   0: 3 0x0000000080006092 (0xb02024f3) x9  0x0000000000000c7e
core   0: 0x0000000080006096 (0x0000a811) c.j     pc + 20
core   0: 3 0x0000000080006096 (0xa811)
core   0: >>>>  mepc_4
core   0: 0x00000000800060aa (0x00000791) c.addi  a5, 4
core   0: 3 0x00000000800060aa (0x0791) x15 0x0000000080004dbc
core   0: 0x00000000800060ac (0x34179073) csrrw   zero, mepc, a5
core   0: 3 0x00000000800060ac (0x34179073) c833_mepc 0x0000000080004dbc
core   0: 0x00000000800060b0 (0x30200073) mret
core   0: 3 0x00000000800060b0 (0x30200073) c768_mstatus 0x8000000a00106080
core   0: 0x0000000080004dbc (0x41b28db3) sub     s11, t0, s11
core   0: 1 0x0000000080004dbc (0x41b28db3) x27 0x0000000080000000
core   0: 0x0000000080004dc0 (0x013dde9b) srliw   t4, s11, 19
core   0: 1 0x0000000080004dc0 (0x013dde9b) x29 0x0000000000001000
core   0: 0x0000000080004dc4 (0xd222f753) fcvt.d.l fa4, t0
core   0: 1 0x0000000080004dc4 (0xd222f753) f14 0x41dfffffffc00000
core   0: 0x0000000080004dc8 (0x0045aa33) slt     s4, a1, tp
core   0: 1 0x0000000080004dc8 (0x0045aa33) x20 0x0000000000000000
core   0: 0x0000000080004dcc (0xf1187873) csrrci  a6, mvendorid, 16
core   0: exception trap_illegal_instruction, epc 0x0000000080004dcc
core   0:           tval 0x00000000f1187873
core   0: >>>>  $xrv64i2p1_m2p0_a2p1_f2p2_d2p2_zicsr2p0_zifencei2p0_zmmul1p0_zba1p0_zbb1p0_zbc1p0_zbs1p0
core   0: 0x0000000080004000 (0x0080006f) j       pc + 0x8
core   0: 3 0x0000000080004000 (0x0080006f)
core   0: >>>>  mmode_exception_handler
core   0: 0x0000000080004008 (0x00002c17) auipc   s8, 0x2
core   0: 3 0x0000000080004008 (0x00002c17) x24 0x0000000080006008
core   0: 0x000000008000400c (0x06ec0c13) addi    s8, s8, 110
core   0: 3 0x000000008000400c (0x06ec0c13) x24 0x0000000080006076
core   0: 0x0000000080004010 (0x000c00e7) jalr    s8
core   0: 3 0x0000000080004010 (0x000c00e7) x1  0x0000000080004014
core   0: >>>>  any_handler
core   0: 0x0000000080006076 (0x341027f3) csrrs   a5, mepc, zero
core   0: 3 0x0000000080006076 (0x341027f3) x15 0x0000000080004dcc
core   0: 0x000000008000607a (0x34202773) csrrs   a4, mcause, zero
core   0: 3 0x000000008000607a (0x34202773) x14 0x0000000000000002
core   0: 0x000000008000607e (0x142026f3) csrrs   a3, scause, zero
core   0: 3 0x000000008000607e (0x142026f3) x13 0x0000000000000000
core   0: 0x0000000080006082 (0x30402673) csrrs   a2, mie, zero
core   0: 3 0x0000000080006082 (0x30402673) x12 0x0000000000000a00
core   0: 0x0000000080006086 (0x344025f3) csrrs   a1, mip, zero
core   0: 3 0x0000000080006086 (0x344025f3) x11 0x0000000000000080
core   0: 0x000000008000608a (0x343025f3) csrrs   a1, mtval, zero
core   0: 3 0x000000008000608a (0x343025f3) x11 0x00000000f1187873
core   0: 0x000000008000608e (0x14302573) csrrs   a0, stval, zero
core   0: 3 0x000000008000608e (0x14302573) x10 0x0000000000000000
core   0: 0x0000000080006092 (0xb02024f3) csrrs   s1, minstret, zero
core   0: 3 0x0000000080006092 (0xb02024f3) x9  0x0000000000000c92
core   0: 0x0000000080006096 (0x0000a811) c.j     pc + 20
core   0: 3 0x0000000080006096 (0xa811)
core   0: >>>>  mepc_4
core   0: 0x00000000800060aa (0x00000791) c.addi  a5, 4
core   0: 3 0x00000000800060aa (0x0791) x15 0x0000000080004dd0
core   0: 0x00000000800060ac (0x34179073) csrrw   zero, mepc, a5
core   0: 3 0x00000000800060ac (0x34179073) c833_mepc 0x0000000080004dd0
core   0: 0x00000000800060b0 (0x30200073) mret
core   0: 3 0x00000000800060b0 (0x30200073) c768_mstatus 0x8000000a00106080
core   0: 0x0000000080004dd0 (0x40ebd333) sra     t1, s7, a4
core   0: 1 0x0000000080004dd0 (0x40ebd333) x6  0x0000000000000000
core   0: 0x0000000080004dd4 (0x23c51e53) fsgnjn.d ft8, fa0, ft8
core   0: 1 0x0000000080004dd4 (0x23c51e53) f28 0xfff8000000000000
core   0: 0x0000000080004dd8 (0x41035c3b) sraw    s8, t1, a6
core   0: 1 0x0000000080004dd8 (0x41035c3b) x24 0x0000000000000000
core   0: 0x0000000080004ddc (0x009046b3) xor     a3, zero, s1
core   0: 1 0x0000000080004ddc (0x009046b3) x13 0x0000000000000c92
core   0: 0x0000000080004de0 (0xc8287813) andi    a6, a6, -894
core   0: 1 0x0000000080004de0 (0xc8287813) x16 0x0000000000000002
core   0: 0x0000000080004de4 (0x0165823b) addw    tp, a1, s6
core   0: 1 0x0000000080004de4 (0x0165823b) x4  0xffffffffb83c157f
core   0: 0x0000000080004de8 (0x4046063b) subw    a2, a2, tp
core   0: 1 0x0000000080004de8 (0x4046063b) x12 0x0000000047c3f481
core   0: 0x0000000080004dec (0xc2277453) fcvt.l.d s0, fa4
core   0: 1 0x0000000080004dec (0xc2277453) x8  0x000000007fffffff
core   0: 0x0000000080004df0 (0x40045b13) srai    s6, s0, 0
core   0: 1 0x0000000080004df0 (0x40045b13) x22 0x000000007fffffff
core   0: 0x0000000080004df4 (0xc0257a53) fcvt.l.s s4, fa0
core   0: 1 0x0000000080004df4 (0xc0257a53) c1_fflags 0x0000000000000010 x20 0x7fffffffffffffff
core   0: 0x0000000080004df8 (0xc21e7b53) fcvt.wu.d s6, ft8
core   0: 1 0x0000000080004df8 (0xc21e7b53) c1_fflags 0x0000000000000010 x22 0xffffffffffffffff
core   0: 0x0000000080004dfc (0x00f7d7bb) srlw    a5, a5, a5
core   0: 1 0x0000000080004dfc (0x00f7d7bb) x15 0x0000000000008000
core   0: 0x0000000080004e00 (0x032a6c3b) remw    s8, s4, s2
core   0: 1 0x0000000080004e00 (0x032a6c3b) x24 0xffffffffffffffff
core   0: 0x0000000080004e04 (0x14385b73) csrrwi  s6, stval, 16
core   0: 1 0x0000000080004e04 (0x14385b73) x22 0x0000000000000000 c323_stval 0x0000000000000010
core   0: 0x0000000080004e08 (0x23fe8fd3) fsgnj.d ft11, ft9, ft11
core   0: 1 0x0000000080004e08 (0x23fe8fd3) f31 0x7ff8000000000000
core   0: 0x0000000080004e0c (0x4125d433) sra     s0, a1, s2
core   0: 1 0x0000000080004e0c (0x4125d433) x8  0x00000000f1187873
core   0: 0x0000000080004e10 (0x01498db3) add     s11, s3, s4
core   0: 1 0x0000000080004e10 (0x01498db3) x27 0x7ffffffffffffffe
core   0: 0x0000000080004e14 (0x03ba4b33) div     s6, s4, s11
core   0: 1 0x0000000080004e14 (0x03ba4b33) x22 0x0000000000000001
core   0: 0x0000000080004e18 (0x40a4d11b) sraiw   sp, s1, 10
core   0: 1 0x0000000080004e18 (0x40a4d11b) x2  0x0000000000000003
core   0: 0x0000000080004e1c (0x439a5013) srai    zero, s4, 57
core   0: 1 0x0000000080004e1c (0x439a5013)
core   0: 0x0000000080004e20 (0xc20e7353) fcvt.w.d t1, ft8
core   0: 1 0x0000000080004e20 (0xc20e7353) c1_fflags 0x0000000000000010 x6  0x000000007fffffff
core   0: 0x0000000080004e24 (0x405cd9bb) sraw    s3, s9, t0
core   0: 1 0x0000000080004e24 (0x405cd9bb) x19 0x0000000000000000
core   0: 0x0000000080004e28 (0x41fc591b) sraiw   s2, s8, 31
core   0: 1 0x0000000080004e28 (0x41fc591b) x18 0xffffffffffffffff
core   0: 0x0000000080004e2c (0x406300b3) sub     ra, t1, t1
core   0: 1 0x0000000080004e2c (0x406300b3) x1  0x0000000000000000
core   0: 0x0000000080004e30 (0x40fa5c33) sra     s8, s4, a5
core   0: 1 0x0000000080004e30 (0x40fa5c33) x24 0x7fffffffffffffff
core   0: 0x0000000080004e34 (0x022902bb) mulw    t0, s2, sp
core   0: 1 0x0000000080004e34 (0x022902bb) x5  0xfffffffffffffffd
core   0: 0x0000000080004e38 (0xf1232d73) csrrs   s10, marchid, t1
core   0: exception trap_illegal_instruction, epc 0x0000000080004e38
core   0:           tval 0x00000000f1232d73
core   0: >>>>  $xrv64i2p1_m2p0_a2p1_f2p2_d2p2_zicsr2p0_zifencei2p0_zmmul1p0_zba1p0_zbb1p0_zbc1p0_zbs1p0
core   0: 0x0000000080004000 (0x0080006f) j       pc + 0x8
core   0: 3 0x0000000080004000 (0x0080006f)
core   0: >>>>  mmode_exception_handler
core   0: 0x0000000080004008 (0x00002c17) auipc   s8, 0x2
core   0: 3 0x0000000080004008 (0x00002c17) x24 0x0000000080006008
core   0: 0x000000008000400c (0x06ec0c13) addi    s8, s8, 110
core   0: 3 0x000000008000400c (0x06ec0c13) x24 0x0000000080006076
core   0: 0x0000000080004010 (0x000c00e7) jalr    s8
core   0: 3 0x0000000080004010 (0x000c00e7) x1  0x0000000080004014
core   0: >>>>  any_handler
core   0: 0x0000000080006076 (0x341027f3) csrrs   a5, mepc, zero
core   0: 3 0x0000000080006076 (0x341027f3) x15 0x0000000080004e38
core   0: 0x000000008000607a (0x34202773) csrrs   a4, mcause, zero
core   0: 3 0x000000008000607a (0x34202773) x14 0x0000000000000002
core   0: 0x000000008000607e (0x142026f3) csrrs   a3, scause, zero
core   0: 3 0x000000008000607e (0x142026f3) x13 0x0000000000000000
core   0: 0x0000000080006082 (0x30402673) csrrs   a2, mie, zero
core   0: 3 0x0000000080006082 (0x30402673) x12 0x0000000000000a00
core   0: 0x0000000080006086 (0x344025f3) csrrs   a1, mip, zero
core   0: 3 0x0000000080006086 (0x344025f3) x11 0x0000000000000080
core   0: 0x000000008000608a (0x343025f3) csrrs   a1, mtval, zero
core   0: 3 0x000000008000608a (0x343025f3) x11 0x00000000f1232d73
core   0: 0x000000008000608e (0x14302573) csrrs   a0, stval, zero
core   0: 3 0x000000008000608e (0x14302573) x10 0x0000000000000010
core   0: 0x0000000080006092 (0xb02024f3) csrrs   s1, minstret, zero
core   0: 3 0x0000000080006092 (0xb02024f3) x9  0x0000000000000cbc
core   0: 0x0000000080006096 (0x0000a811) c.j     pc + 20
core   0: 3 0x0000000080006096 (0xa811)
core   0: >>>>  mepc_4
core   0: 0x00000000800060aa (0x00000791) c.addi  a5, 4
core   0: 3 0x00000000800060aa (0x0791) x15 0x0000000080004e3c
core   0: 0x00000000800060ac (0x34179073) csrrw   zero, mepc, a5
core   0: 3 0x00000000800060ac (0x34179073) c833_mepc 0x0000000080004e3c
core   0: 0x00000000800060b0 (0x30200073) mret
core   0: 3 0x00000000800060b0 (0x30200073) c768_mstatus 0x8000000a00106080
core   0: 0x0000000080004e3c (0x382683b7) lui     t2, 0x38268
core   0: 1 0x0000000080004e3c (0x382683b7) x7  0x0000000038268000
core   0: 0x0000000080004e40 (0x43f3d413) srai    s0, t2, 63
core   0: 1 0x0000000080004e40 (0x43f3d413) x8  0x0000000000000000
core   0: 0x0000000080004e44 (0x00000001) c.nop
core   0: 1 0x0000000080004e44 (0x0001)
core   0: 0x0000000080004e46 (0x015e5b33) srl     s6, t3, s5
core   0: 1 0x0000000080004e46 (0x015e5b33) x22 0x0000000000000000
core   0: 0x0000000080004e4a (0xc90d831b) addiw   t1, s11, -880
core   0: 1 0x0000000080004e4a (0xc90d831b) x6  0xfffffffffffffc8e
core   0: 0x0000000080004e4e (0x01cd6c33) or      s8, s10, t3
core   0: 1 0x0000000080004e4e (0x01cd6c33) x24 0x0000000000000000
core   0: 0x0000000080004e52 (0x038bcbb3) div     s7, s7, s8
core   0: 1 0x0000000080004e52 (0x038bcbb3) x23 0xffffffffffffffff
core   0: 0x0000000080004e56 (0xc21efed3) fcvt.wu.d t4, ft9
core   0: 1 0x0000000080004e56 (0xc21efed3) c1_fflags 0x0000000000000010 x29 0xffffffffffffffff
core   0: 0x0000000080004e5a (0xccd3c893) xori    a7, t2, -819
core   0: 1 0x0000000080004e5a (0xccd3c893) x17 0xffffffffc7d97ccd
core   0: 0x0000000080004e5e (0x00000001) c.nop
core   0: 1 0x0000000080004e5e (0x0001)
core   0: 0x0000000080004e60 (0x02fae0b7) lui     ra, 0x2fae
core   0: 1 0x0000000080004e60 (0x02fae0b7) x1  0x0000000002fae000
core   0: 0x0000000080004e64 (0xc030809b) addiw   ra, ra, -1021
core   0: 1 0x0000000080004e64 (0xc030809b) x1  0x0000000002fadc03
core   0: 0x0000000080004e68 (0x000000b6) c.slli  ra, 13
core   0: 1 0x0000000080004e68 (0x00b6) x1  0x0000005f5b806000
core   0: 0x0000000080004e6a (0xd3808093) addi    ra, ra, -712
core   0: 1 0x0000000080004e6a (0xd3808093) x1  0x0000005f5b805d38
core   0: 0x0000000080004e6e (0x000e9d1b) slliw   s10, t4, 0
core   0: 1 0x0000000080004e6e (0x000e9d1b) x26 0xffffffffffffffff
core   0: 0x0000000080004e72 (0x02a5a133) mulhsu  sp, a1, a0
core   0: 1 0x0000000080004e72 (0x02a5a133) x2  0x0000000000000000
core   0: 0x0000000080004e76 (0x2bdf0cd3) fmin.d  fs9, ft10, ft9
core   0: 1 0x0000000080004e76 (0x2bdf0cd3) f25 0x7ff8000000000000
core   0: 0x0000000080004e7a (0x00c280bb) addw    ra, t0, a2
core   0: 1 0x0000000080004e7a (0x00c280bb) x1  0x00000000000009fd
core   0: 0x0000000080004e7e (0x0268633b) remw    t1, a6, t1
core   0: 1 0x0000000080004e7e (0x0268633b) x6  0x0000000000000002
core   0: 0x0000000080004e82 (0x062529b7) lui     s3, 0x6252
core   0: 1 0x0000000080004e82 (0x062529b7) x19 0x0000000006252000
core   0: 0x0000000080004e86 (0xc6d9899b) addiw   s3, s3, -915
core   0: 1 0x0000000080004e86 (0xc6d9899b) x19 0x0000000006251c6d
core   0: 0x0000000080004e8a (0x000009b2) c.slli  s3, 12
core   0: 1 0x0000000080004e8a (0x09b2) x19 0x0000006251c6d000
core   0: 0x0000000080004e8c (0x7a498993) addi    s3, s3, 1956
core   0: 1 0x0000000080004e8c (0x7a498993) x19 0x0000006251c6d7a4
core   0: 0x0000000080004e90 (0x40a08ab3) sub     s5, ra, a0
core   0: 1 0x0000000080004e90 (0x40a08ab3) x21 0x00000000000009ed
core   0: 0x0000000080004e94 (0xfffc859b) addiw   a1, s9, -1
core   0: 1 0x0000000080004e94 (0xfffc859b) x11 0x000000003bac6dc7
core   0: 0x0000000080004e98 (0x02a4f6b3) remu    a3, s1, a0
core   0: 1 0x0000000080004e98 (0x02a4f6b3) x13 0x000000000000000c
core   0: 0x0000000080004e9c (0x401a09bb) subw    s3, s4, ra
core   0: 1 0x0000000080004e9c (0x401a09bb) x19 0xfffffffffffff602
core   0: 0x0000000080004ea0 (0xe20f8053) fmv.x.d zero, ft11
core   0: 1 0x0000000080004ea0 (0xe20f8053)
core   0: 0x0000000080004ea4 (0xa24b4c13) xori    s8, s6, -1500
core   0: 1 0x0000000080004ea4 (0xa24b4c13) x24 0xfffffffffffffa24
core   0: 0x0000000080004ea8 (0x403ad833) sra     a6, s5, gp
core   0: 1 0x0000000080004ea8 (0x403ad833) x16 0x000000000000009e
core   0: 0x0000000080004eac (0x800e871b) addiw   a4, t4, -2048
core   0: 1 0x0000000080004eac (0x800e871b) x14 0xfffffffffffff7ff
core   0: 0x0000000080004eb0 (0x0b4cfa53) fsub.d  fs4, fs9, fs4
core   0: 1 0x0000000080004eb0 (0x0b4cfa53) f20 0x7ff8000000000000
core   0: 0x0000000080004eb4 (0xc026f053) fcvt.l.s zero, fa3
core   0: 1 0x0000000080004eb4 (0xc026f053) c1_fflags 0x0000000000000010
core   0: 0x0000000080004eb8 (0x030cd533) divu    a0, s9, a6
core   0: 1 0x0000000080004eb8 (0x030cd533) x10 0x000000000060afae
core   0: 0x0000000080004ebc (0x0346b1b3) mulhu   gp, a3, s4
core   0: 1 0x0000000080004ebc (0x0346b1b3) x3  0x0000000000000005
core   0: 0x0000000080004ec0 (0x2c4a6e13) ori     t3, s4, 708
core   0: 1 0x0000000080004ec0 (0x2c4a6e13) x28 0x7fffffffffffffff
core   0: 0x0000000080004ec4 (0x41c95a3b) sraw    s4, s2, t3
core   0: 1 0x0000000080004ec4 (0x41c95a3b) x20 0xffffffffffffffff
core   0: 0x0000000080004ec8 (0xfe3f0337) lui     t1, 0xfe3f0
core   0: 1 0x0000000080004ec8 (0xfe3f0337) x6  0xfffffffffe3f0000
core   0: 0x0000000080004ecc (0x5773031b) addiw   t1, t1, 1399
core   0: 1 0x0000000080004ecc (0x5773031b) x6  0xfffffffffe3f0577
core   0: 0x0000000080004ed0 (0x00000332) c.slli  t1, 12
core   0: 1 0x0000000080004ed0 (0x0332) x6  0xffffffe3f0577000
core   0: 0x0000000080004ed2 (0x1ce30313) addi    t1, t1, 462
core   0: 1 0x0000000080004ed2 (0x1ce30313) x6  0xffffffe3f05771ce
core   0: 0x0000000080004ed6 (0x01437033) and     zero, t1, s4
core   0: 1 0x0000000080004ed6 (0x01437033)
core   0: 0x0000000080004eda (0x00d0f6b3) and     a3, ra, a3
core   0: 1 0x0000000080004eda (0x00d0f6b3) x13 0x000000000000000c
core   0: 0x0000000080004ede (0xf2000ed3) fmv.d.x ft9, zero
core   0: 1 0x0000000080004ede (0xf2000ed3) f29 0x0000000000000000
core   0: 0x0000000080004ee2 (0x22aeafd3) fsgnjx.d ft11, ft9, fa0
core   0: 1 0x0000000080004ee2 (0x22aeafd3) f31 0x0000000000000000
core   0: 0x0000000080004ee6 (0x02e535b3) mulhu   a1, a0, a4
core   0: 1 0x0000000080004ee6 (0x02e535b3) x11 0x000000000060afad
core   0: 0x0000000080004eea (0xe20c0e53) fmv.x.d t3, fs8
core   0: 1 0x0000000080004eea (0xe20c0e53) x28 0x7ff8000000000000
core   0: 0x0000000080004eee (0x002024f3) csrrs   s1, frm, zero
core   0: 1 0x0000000080004eee (0x002024f3) x9  0x0000000000000000
core   0: 0x0000000080004ef2 (0x23f58753) fsgnj.d fa4, fa1, ft11
core   0: 1 0x0000000080004ef2 (0x23f58753) f14 0x0000000000000000
core   0: 0x0000000080004ef6 (0xfff98d13) addi    s10, s3, -1
core   0: 1 0x0000000080004ef6 (0xfff98d13) x26 0xfffffffffffff601
core   0: 0x0000000080004efa (0x2b570ed3) fmin.d  ft9, fa4, fs5
core   0: 1 0x0000000080004efa (0x2b570ed3) f29 0x0000000000000000
core   0: 0x0000000080004efe (0x007992bb) sllw    t0, s3, t2
core   0: 1 0x0000000080004efe (0x007992bb) x5  0xfffffffffffff602
core   0: 0x0000000080004f02 (0x032d5c3b) divuw   s8, s10, s2
core   0: 1 0x0000000080004f02 (0x032d5c3b) x24 0x0000000000000000
core   0: 0x0000000080004f06 (0xe20a83d3) fmv.x.d t2, fs5
core   0: 1 0x0000000080004f06 (0xe20a83d3) x7  0xffffffffcf000046
core   0: 0x0000000080004f0a (0x03733033) mulhu   zero, t1, s7
core   0: 1 0x0000000080004f0a (0x03733033)
core   0: 0x0000000080004f0e (0x8004fd93) andi    s11, s1, -2048
core   0: 1 0x0000000080004f0e (0x8004fd93) x27 0x0000000000000000
core   0: 0x0000000080004f12 (0x4001d11b) sraiw   sp, gp, 0
core   0: 1 0x0000000080004f12 (0x4001d11b) x2  0x0000000000000005
core   0: 0x0000000080004f16 (0xd2110d53) fcvt.d.wu fs10, sp
core   0: 1 0x0000000080004f16 (0xd2110d53) f26 0x4014000000000000
core   0: 0x0000000080004f1a (0x00102873) csrrs   a6, fflags, zero
core   0: 1 0x0000000080004f1a (0x00102873) x16 0x0000000000000010
core   0: 0x0000000080004f1e (0x0165d5b3) srl     a1, a1, s6
core   0: 1 0x0000000080004f1e (0x0165d5b3) x11 0x000000000060afad
core   0: 0x0000000080004f22 (0x74707cf3) csrrci  s9, mseccfg, 0
core   0: exception trap_illegal_instruction, epc 0x0000000080004f22
core   0:           tval 0x0000000074707cf3
core   0: >>>>  $xrv64i2p1_m2p0_a2p1_f2p2_d2p2_zicsr2p0_zifencei2p0_zmmul1p0_zba1p0_zbb1p0_zbc1p0_zbs1p0
core   0: 0x0000000080004000 (0x0080006f) j       pc + 0x8
core   0: 3 0x0000000080004000 (0x0080006f)
core   0: >>>>  mmode_exception_handler
core   0: 0x0000000080004008 (0x00002c17) auipc   s8, 0x2
core   0: 3 0x0000000080004008 (0x00002c17) x24 0x0000000080006008
core   0: 0x000000008000400c (0x06ec0c13) addi    s8, s8, 110
core   0: 3 0x000000008000400c (0x06ec0c13) x24 0x0000000080006076
core   0: 0x0000000080004010 (0x000c00e7) jalr    s8
core   0: 3 0x0000000080004010 (0x000c00e7) x1  0x0000000080004014
core   0: >>>>  any_handler
core   0: 0x0000000080006076 (0x341027f3) csrrs   a5, mepc, zero
core   0: 3 0x0000000080006076 (0x341027f3) x15 0x0000000080004f22
core   0: 0x000000008000607a (0x34202773) csrrs   a4, mcause, zero
core   0: 3 0x000000008000607a (0x34202773) x14 0x0000000000000002
core   0: 0x000000008000607e (0x142026f3) csrrs   a3, scause, zero
core   0: 3 0x000000008000607e (0x142026f3) x13 0x0000000000000000
core   0: 0x0000000080006082 (0x30402673) csrrs   a2, mie, zero
core   0: 3 0x0000000080006082 (0x30402673) x12 0x0000000000000a00
core   0: 0x0000000080006086 (0x344025f3) csrrs   a1, mip, zero
core   0: 3 0x0000000080006086 (0x344025f3) x11 0x0000000000000080
core   0: 0x000000008000608a (0x343025f3) csrrs   a1, mtval, zero
core   0: 3 0x000000008000608a (0x343025f3) x11 0x0000000074707cf3
core   0: 0x000000008000608e (0x14302573) csrrs   a0, stval, zero
core   0: 3 0x000000008000608e (0x14302573) x10 0x0000000000000010
core   0: 0x0000000080006092 (0xb02024f3) csrrs   s1, minstret, zero
core   0: 3 0x0000000080006092 (0xb02024f3) x9  0x0000000000000d08
core   0: 0x0000000080006096 (0x0000a811) c.j     pc + 20
core   0: 3 0x0000000080006096 (0xa811)
core   0: >>>>  mepc_4
core   0: 0x00000000800060aa (0x00000791) c.addi  a5, 4
core   0: 3 0x00000000800060aa (0x0791) x15 0x0000000080004f26
core   0: 0x00000000800060ac (0x34179073) csrrw   zero, mepc, a5
core   0: 3 0x00000000800060ac (0x34179073) c833_mepc 0x0000000080004f26
core   0: 0x00000000800060b0 (0x30200073) mret
core   0: 3 0x00000000800060b0 (0x30200073) c768_mstatus 0x8000000a00106080
core   0: 0x0000000080004f26 (0x01955db3) srl     s11, a0, s9
core   0: 1 0x0000000080004f26 (0x01955db3) x27 0x0000000000000000
core   0: 0x0000000080004f2a (0x9b3c764b) fnmsub.d fa2, fs8, fs3, fs3
core   0: 1 0x0000000080004f2a (0x9b3c764b) f12 0x7ff8000000000000
core   0: 0x0000000080004f2e (0x42060453) fcvt.d.s fs0, fa2
core   0: 1 0x0000000080004f2e (0x42060453) f8  0x7ff8000000000000
core   0: 0x0000000080004f32 (0xc222fb53) fcvt.l.d s6, ft5
core   0: 1 0x0000000080004f32 (0xc222fb53) c1_fflags 0x0000000000000010 x22 0x7fffffffffffffff
core   0: 0x0000000080004f36 (0xf20d82d3) fmv.d.x ft5, s11
core   0: 1 0x0000000080004f36 (0xf20d82d3) f5  0x0000000000000000
core   0: 0x0000000080004f3a (0xd21183d3) fcvt.d.wu ft7, gp
core   0: 1 0x0000000080004f3a (0xd21183d3) f7  0x4014000000000000
core   0: 0x0000000080004f3e (0xd3540397) auipc   t2, 0xd3540
core   0: 1 0x0000000080004f3e (0xd3540397) x7  0x0000000053544f3e
core   0: 0x0000000080004f42 (0xfeaa06b7) lui     a3, 0xfeaa0
core   0: 1 0x0000000080004f42 (0xfeaa06b7) x13 0xfffffffffeaa0000
core   0: 0x0000000080004f46 (0xdb56869b) addiw   a3, a3, -587
core   0: 1 0x0000000080004f46 (0xdb56869b) x13 0xfffffffffea9fdb5
core   0: 0x0000000080004f4a (0x000006b2) c.slli  a3, 12
core   0: 1 0x0000000080004f4a (0x06b2) x13 0xffffffea9fdb5000
core   0: 0x0000000080004f4c (0x8e868693) addi    a3, a3, -1816
core   0: 1 0x0000000080004f4c (0x8e868693) x13 0xffffffea9fdb48e8
core   0: 0x0000000080004f50 (0x00d6c133) xor     sp, a3, a3
core   0: 1 0x0000000080004f50 (0x00d6c133) x2  0x0000000000000000
core   0: 0x0000000080004f54 (0x23a97243) fmadd.d ft4, fs2, fs10, ft4
core   0: 1 0x0000000080004f54 (0x23a97243) f4  0x7ff8000000000000
core   0: 0x0000000080004f58 (0x0000998a) c.add   s3, sp
core   0: 1 0x0000000080004f58 (0x998a) x19 0xfffffffffffff602
core   0: 0x0000000080004f5a (0x01799533) sll     a0, s3, s7
core   0: 1 0x0000000080004f5a (0x01799533) x10 0x0000000000000000
core   0: 0x0000000080004f5e (0x7ff2059b) addiw   a1, tp, 2047
core   0: 1 0x0000000080004f5e (0x7ff2059b) x11 0xffffffffb83c1d7e
core   0: 0x0000000080004f62 (0x13edff53) fmul.d  ft10, fs11, ft10
core   0: 1 0x0000000080004f62 (0x13edff53) f30 0x7ff8000000000000
core   0: 0x0000000080004f66 (0x003be7b3) or      a5, s7, gp
core   0: 1 0x0000000080004f66 (0x003be7b3) x15 0xffffffffffffffff
core   0: 0x0000000080004f6a (0x1b5af153) fdiv.d  ft2, fs5, fs5
core   0: 1 0x0000000080004f6a (0x1b5af153) f2  0x7ff8000000000000
core   0: 0x0000000080004f6e (0xeb3cf4cb) fnmsub.d fs1, fs9, fs3, ft9
core   0: 1 0x0000000080004f6e (0xeb3cf4cb) f9  0x7ff8000000000000
core   0: 0x0000000080004f72 (0x80078893) addi    a7, a5, -2048
core   0: 1 0x0000000080004f72 (0x80078893) x17 0xfffffffffffff7ff
core   0: 0x0000000080004f76 (0x0ff0000f) fence   iorw,iorw
core   0: 1 0x0000000080004f76 (0x0ff0000f)
core   0: 0x0000000080004f7a (0xf20b8ed3) fmv.d.x ft9, s7
core   0: 1 0x0000000080004f7a (0xf20b8ed3) f29 0xffffffffffffffff
core   0: 0x0000000080004f7e (0xd2020053) fcvt.d.w ft0, tp
core   0: 1 0x0000000080004f7e (0xd2020053) f0  0xc1d1f0faa0400000
core   0: 0x0000000080004f82 (0x412c503b) sraw    zero, s8, s2
core   0: 1 0x0000000080004f82 (0x412c503b)
core   0: 0x0000000080004f86 (0xc2057853) fcvt.w.d a6, fa0
core   0: 1 0x0000000080004f86 (0xc2057853) c1_fflags 0x0000000000000010 x16 0x000000007fffffff
core   0: 0x0000000080004f8a (0x4057d893) srai    a7, a5, 5
core   0: 1 0x0000000080004f8a (0x4057d893) x17 0xffffffffffffffff
core   0: 0x0000000080004f8e (0x36aa0993) addi    s3, s4, 874
core   0: 1 0x0000000080004f8e (0x36aa0993) x19 0x0000000000000369
core   0: 0x0000000080004f92 (0x800e001b) addiw   zero, t3, -2048
core   0: 1 0x0000000080004f92 (0x800e001b)
core   0: 0x0000000080004f96 (0x0210f0bb) remuw   ra, ra, ra
core   0: 1 0x0000000080004f96 (0x0210f0bb) x1  0x0000000000000000
core   0: 0x0000000080004f9a (0x0ff0000f) fence   iorw,iorw
core   0: 1 0x0000000080004f9a (0x0ff0000f)
core   0: 0x0000000080004f9e (0x00019193) slli    gp, gp, 0
core   0: 1 0x0000000080004f9e (0x00019193) x3  0x0000000000000005
core   0: 0x0000000080004fa2 (0x2a460653) fmin.d  fa2, fa2, ft4
core   0: 1 0x0000000080004fa2 (0x2a460653) f12 0x7ff8000000000000
core   0: 0x0000000080004fa6 (0x0171c7b3) xor     a5, gp, s7
core   0: 1 0x0000000080004fa6 (0x0171c7b3) x15 0xfffffffffffffffa
core   0: 0x0000000080004faa (0x00161673) csrrw   a2, fflags, a2
core   0: 1 0x0000000080004faa (0x00161673) x12 0x0000000000000010 c1_fflags 0x0000000000000000
core   0: 0x0000000080004fae (0x02d9a033) mulhsu  zero, s3, a3
core   0: 1 0x0000000080004fae (0x02d9a033)
core   0: 0x0000000080004fb2 (0x4021d833) sra     a6, gp, sp
core   0: 1 0x0000000080004fb2 (0x4021d833) x16 0x0000000000000005
core   0: 0x0000000080004fb6 (0x4104543b) sraw    s0, s0, a6
core   0: 1 0x0000000080004fb6 (0x4104543b) x8  0x0000000000000000
core   0: 0x0000000080004fba (0x23128753) fsgnj.d fa4, ft5, fa7
core   0: 1 0x0000000080004fba (0x23128753) f14 0x0000000000000000
core   0: 0x0000000080004fbe (0xe20e0ad3) fmv.x.d s5, ft8
core   0: 1 0x0000000080004fbe (0xe20e0ad3) x21 0xfff8000000000000
core   0: 0x0000000080004fc2 (0x02991813) slli    a6, s2, 41
core   0: 1 0x0000000080004fc2 (0x02991813) x16 0xfffffe0000000000
core   0: 0x0000000080004fc6 (0x142239f3) csrrc   s3, scause, tp
core   0: 1 0x0000000080004fc6 (0x142239f3) x19 0x0000000000000000 c322_scause 0x0000000000000000
core   0: 0x0000000080004fca (0x00000001) c.nop
core   0: 1 0x0000000080004fca (0x0001)
core   0: 0x0000000080004fcc (0x4010d093) srai    ra, ra, 1
core   0: 1 0x0000000080004fcc (0x4010d093) x1  0x0000000000000000
core   0: 0x0000000080004fd0 (0x00102573) csrrs   a0, fflags, zero
core   0: 1 0x0000000080004fd0 (0x00102573) x10 0x0000000000000000
core   0: 0x0000000080004fd4 (0xd0257e53) fcvt.s.l ft8, a0
core   0: 1 0x0000000080004fd4 (0xd0257e53) f28 0xffffffff00000000
core   0: 0x0000000080004fd8 (0x027273bb) remuw   t2, tp, t2
core   0: 1 0x0000000080004fd8 (0x027273bb) x7  0x0000000011937703
core   0: 0x0000000080004fdc (0x40345cb3) sra     s9, s0, gp
core   0: 1 0x0000000080004fdc (0x40345cb3) x25 0x0000000000000000
core   0: 0x0000000080004fe0 (0x4193d4bb) sraw    s1, t2, s9
core   0: 1 0x0000000080004fe0 (0x4193d4bb) x9  0x0000000011937703
core   0: 0x0000000080004fe4 (0x013c9b1b) slliw   s6, s9, 19
core   0: 1 0x0000000080004fe4 (0x013c9b1b) x22 0x0000000000000000
core   0: 0x0000000080004fe8 (0xd0357b53) fcvt.s.lu fs6, a0
core   0: 1 0x0000000080004fe8 (0xd0357b53) f22 0xffffffff00000000
core   0: 0x0000000080004fec (0xa1ca869b) addiw   a3, s5, -1508
core   0: 1 0x0000000080004fec (0xa1ca869b) x13 0xfffffffffffffa1c
core   0: 0x0000000080004ff0 (0x0181a1b3) slt     gp, gp, s8
core   0: 1 0x0000000080004ff0 (0x0181a1b3) x3  0x0000000000000001
core   0: 0x0000000080004ff4 (0x039a5193) srli    gp, s4, 57
core   0: 1 0x0000000080004ff4 (0x039a5193) x3  0x000000000000007f
core   0: 0x0000000080004ff8 (0xd02a7353) fcvt.s.l ft6, s4
core   0: 1 0x0000000080004ff8 (0xd02a7353) f6  0xffffffffbf800000
core   0: 0x0000000080004ffc (0x0009003b) addw    zero, s2, zero
core   0: 1 0x0000000080004ffc (0x0009003b)
core   0: 0x0000000080005000 (0x0043823b) addw    tp, t2, tp
core   0: 1 0x0000000080005000 (0x0043823b) x4  0xffffffffc9cf8c82
core   0: 0x0000000080005004 (0x01f2141b) slliw   s0, tp, 31
core   0: 1 0x0000000080005004 (0x01f2141b) x8  0x0000000000000000
core   0: 0x0000000080005008 (0x419ada9b) sraiw   s5, s5, 25
core   0: 1 0x0000000080005008 (0x419ada9b) x21 0x0000000000000000
core   0: 0x000000008000500c (0xd2277a53) fcvt.d.l fs4, a4
core   0: 1 0x000000008000500c (0xd2277a53) f20 0x4000000000000000
core   0: 0x0000000080005010 (0x231b8893) addi    a7, s7, 561
core   0: 1 0x0000000080005010 (0x231b8893) x17 0x0000000000000230
core   0: 0x0000000080005014 (0x015895bb) sllw    a1, a7, s5
core   0: 1 0x0000000080005014 (0x015895bb) x11 0x0000000000000230
core   0: 0x0000000080005018 (0x42028e53) fcvt.d.s ft8, ft5
core   0: 1 0x0000000080005018 (0x42028e53) f28 0x7ff8000000000000
core   0: 0x000000008000501c (0xbef40413) addi    s0, s0, -1041
core   0: 1 0x000000008000501c (0xbef40413) x8  0xfffffffffffffbef
core   0: 0x0000000080005020 (0x41845d3b) sraw    s10, s0, s8
core   0: 1 0x0000000080005020 (0x41845d3b) x26 0xffffffffffffffff
core   0: 0x0000000080005024 (0xc02e7ad3) fcvt.l.s s5, ft8
core   0: 1 0x0000000080005024 (0xc02e7ad3) c1_fflags 0x0000000000000010 x21 0x7fffffffffffffff
core   0: 0x0000000080005028 (0xc22ff453) fcvt.l.d s0, ft11
core   0: 1 0x0000000080005028 (0xc22ff453) x8  0x0000000000000000
core   0: 0x000000008000502c (0xd0217b53) fcvt.s.l fs6, sp
core   0: 1 0x000000008000502c (0xd0217b53) f22 0xffffffff00000000
core   0: 0x0000000080005030 (0x376e4093) xori    ra, t3, 886
core   0: 1 0x0000000080005030 (0x376e4093) x1  0x7ff8000000000376
core   0: 0x0000000080005034 (0x40177753) fcvt.s.d fa4, fa4
core   0: 1 0x0000000080005034 (0x40177753) f14 0xffffffff00000000
core   0: 0x0000000080005038 (0x0321f93b) remuw   s2, gp, s2
core   0: 1 0x0000000080005038 (0x0321f93b) x18 0x000000000000007f
core   0: 0x000000008000503c (0x01678633) add     a2, a5, s6
core   0: 1 0x000000008000503c (0x01678633) x12 0xfffffffffffffffa
core   0: 0x0000000080005040 (0x000002ca) c.slli  t0, 18
core   0: 1 0x0000000080005040 (0x02ca) x5  0xffffffffd8080000
core   0: 0x0000000080005042 (0x022b6b33) rem     s6, s6, sp
core   0: 1 0x0000000080005042 (0x022b6b33) x22 0x0000000000000000
core   0: 0x0000000080005046 (0x00189473) csrrw   s0, fflags, a7
core   0: 1 0x0000000080005046 (0x00189473) x8  0x0000000000000010 c1_fflags 0x0000000000000010
core   0: 0x000000008000504a (0x01987833) and     a6, a6, s9
core   0: 1 0x000000008000504a (0x01987833) x16 0x0000000000000000
core   0: 0x000000008000504e (0x016989bb) addw    s3, s3, s6
core   0: 1 0x000000008000504e (0x016989bb) x19 0x0000000000000000
core   0: 0x0000000080005052 (0x22752e53) fsgnjx.d ft8, fa0, ft7
core   0: 1 0x0000000080005052 (0x22752e53) f28 0x7ff8000000000000
core   0: 0x0000000080005056 (0xd23c7ed3) fcvt.d.lu ft9, s8
core   0: 1 0x0000000080005056 (0xd23c7ed3) f29 0x41e0000c0ec00000
core   0: 0x000000008000505a (0x420901d3) fcvt.d.s ft3, fs2
core   0: 1 0x000000008000505a (0x420901d3) f3  0x43efffffe0000000
core   0: 0x000000008000505e (0x01410a3b) addw    s4, sp, s4
core   0: 1 0x000000008000505e (0x01410a3b) x20 0xffffffffffffffff
core   0: 0x0000000080005062 (0x40000033) sub     zero, zero, zero
core   0: 1 0x0000000080005062 (0x40000033)
core   0: 0x0000000080005066 (0x401572d3) fcvt.s.d ft5, fa0
core   0: 1 0x0000000080005066 (0x401572d3) f5  0xffffffff7fc00000
core   0: 0x000000008000506a (0x022c2237) lui     tp, 0x22c2
core   0: 1 0x000000008000506a (0x022c2237) x4  0x00000000022c2000
core   0: 0x000000008000506e (0xf0f2021b) addiw   tp, tp, -241
core   0: 1 0x000000008000506e (0xf0f2021b) x4  0x00000000022c1f0f
core   0: 0x0000000080005072 (0x00000232) c.slli  tp, 12
core   0: 1 0x0000000080005072 (0x0232) x4  0x00000022c1f0f000
core   0: 0x0000000080005074 (0xcc620213) addi    tp, tp, -826
core   0: 1 0x0000000080005074 (0xcc620213) x4  0x00000022c1f0ecc6
core   0: 0x0000000080005078 (0x019300bb) addw    ra, t1, s9
core   0: 1 0x0000000080005078 (0x019300bb) x1  0xfffffffff05771ce
core   0: 0x000000008000507c (0xe2090a53) fmv.x.d s4, fs2
core   0: 1 0x000000008000507c (0xe2090a53) x20 0xffffffff5f7fffff
core   0: 0x0000000080005080 (0x069674b7) lui     s1, 0x6967
core   0: 1 0x0000000080005080 (0x069674b7) x9  0x0000000006967000
core   0: 0x0000000080005084 (0x67b4849b) addiw   s1, s1, 1659
core   0: 1 0x0000000080005084 (0x67b4849b) x9  0x000000000696767b
core   0: 0x0000000080005088 (0x000004b2) c.slli  s1, 12
core   0: 1 0x0000000080005088 (0x04b2) x9  0x000000696767b000
core   0: 0x000000008000508a (0x69a48493) addi    s1, s1, 1690
core   0: 1 0x000000008000508a (0x69a48493) x9  0x000000696767b69a
core   0: 0x000000008000508e (0x797aca97) auipc   s5, 0x797ac
core   0: 1 0x000000008000508e (0x797aca97) x21 0x00000000f97b108e
core   0: 0x0000000080005092 (0x00932e33) slt     t3, t1, s1
core   0: 1 0x0000000080005092 (0x00932e33) x28 0x0000000000000001
core   0: 0x0000000080005096 (0xc02d79d3) fcvt.l.s s3, fs10
core   0: 1 0x0000000080005096 (0xc02d79d3) c1_fflags 0x0000000000000010 x19 0x7fffffffffffffff
core   0: 0x000000008000509a (0x0ff0000f) fence   iorw,iorw
core   0: 1 0x000000008000509a (0x0ff0000f)
core   0: 0x000000008000509e (0x0052823b) addw    tp, t0, t0
core   0: 1 0x000000008000509e (0x0052823b) x4  0xffffffffb0100000
core   0: 0x00000000800050a2 (0x01921abb) sllw    s5, tp, s9
core   0: 1 0x00000000800050a2 (0x01921abb) x21 0xffffffffb0100000
core   0: 0x00000000800050a6 (0x00f696bb) sllw    a3, a3, a5
core   0: 1 0x00000000800050a6 (0x00f696bb) x13 0x0000000070000000
core   0: 0x00000000800050aa (0x4017f053) fcvt.s.d ft0, fa5
core   0: 1 0x00000000800050aa (0x4017f053) f0  0xffffffff7fc00000
core   0: 0x00000000800050ae (0x00169df3) csrrw   s11, fflags, a3
core   0: 1 0x00000000800050ae (0x00169df3) x27 0x0000000000000010 c1_fflags 0x0000000000000000
core   0: 0x00000000800050b2 (0x01a91d33) sll     s10, s2, s10
core   0: 1 0x00000000800050b2 (0x01a91d33) x26 0x8000000000000000
core   0: 0x00000000800050b6 (0x88207b17) auipc   s6, 0x88207
core   0: 1 0x00000000800050b6 (0x88207b17) x22 0x000000000820c0b6
core   0: 0x00000000800050ba (0xc3f67e4b) fnmsub.d ft8, fa2, ft11, fs8
core   0: 1 0x00000000800050ba (0xc3f67e4b) f28 0x7ff8000000000000
core   0: 0x00000000800050be (0xc38ffb4b) fnmsub.d fs6, ft11, fs8, fs8
core   0: 1 0x00000000800050be (0xc38ffb4b) f22 0x7ff8000000000000
core   0: 0x00000000800050c2 (0x0022ebb3) or      s7, t0, sp
core   0: 1 0x00000000800050c2 (0x0022ebb3) x23 0xffffffffd8080000
core   0: 0x00000000800050c6 (0x4b738d1b) addiw   s10, t2, 1207
core   0: 1 0x00000000800050c6 (0x4b738d1b) x26 0x0000000011937bba
core   0: 0x00000000800050ca (0x417d02bb) subw    t0, s10, s7
core   0: 1 0x00000000800050ca (0x417d02bb) x5  0x00000000398b7bba
core   0: 0x00000000800050ce (0x00000001) c.nop
core   0: 1 0x00000000800050ce (0x0001)
core   0: 0x00000000800050d0 (0x4162da1b) sraiw   s4, t0, 22
core   0: 1 0x00000000800050d0 (0x4162da1b) x20 0x00000000000000e6
core   0: 0x00000000800050d4 (0x7ff04c93) xori    s9, zero, 2047
core   0: 1 0x00000000800050d4 (0x7ff04c93) x25 0x00000000000007ff
core   0: 0x00000000800050d8 (0x41a8dd3b) sraw    s10, a7, s10
core   0: 1 0x00000000800050d8 (0x41a8dd3b) x26 0x0000000000000000
core   0: 0x00000000800050dc (0x410bdb9b) sraiw   s7, s7, 16
core   0: 1 0x00000000800050dc (0x410bdb9b) x23 0xffffffffffffd808
core   0: 0x00000000800050e0 (0x4048d8bb) sraw    a7, a7, tp
core   0: 1 0x00000000800050e0 (0x4048d8bb) x17 0x0000000000000230
core   0: 0x00000000800050e4 (0x41195e33) sra     t3, s2, a7
core   0: 1 0x00000000800050e4 (0x41195e33) x28 0x0000000000000000
core   0: 0x00000000800050e8 (0x401ef7d3) fcvt.s.d fa5, ft9
core   0: 1 0x00000000800050e8 (0x401ef7d3) c1_fflags 0x0000000000000001 f15 0xffffffff4f000060
core   0: 0x00000000800050ec (0x00209073) csrrw   zero, frm, ra
core   0: 1 0x00000000800050ec (0x00209073) c2_frm 0x0000000000000006
core   0: 0x00000000800050f0 (0x410c01b3) sub     gp, s8, a6
core   0: 1 0x00000000800050f0 (0x410c01b3) x3  0x0000000080006076
core   0: 0x00000000800050f4 (0xf98d6cb7) lui     s9, 0xf98d6
core   0: 1 0x00000000800050f4 (0xf98d6cb7) x25 0xfffffffff98d6000
core   0: 0x00000000800050f8 (0x0d1c8c9b) addiw   s9, s9, 209
core   0: 1 0x00000000800050f8 (0x0d1c8c9b) x25 0xfffffffff98d60d1
core   0: 0x00000000800050fc (0x00000cb2) c.slli  s9, 12
core   0: 1 0x00000000800050fc (0x0cb2) x25 0xffffff98d60d1000
core   0: 0x00000000800050fe (0xc27c8c93) addi    s9, s9, -985
core   0: 1 0x00000000800050fe (0xc27c8c93) x25 0xffffff98d60d0c27
core   0: 0x0000000080005102 (0x002025f3) csrrs   a1, frm, zero
core   0: 1 0x0000000080005102 (0x002025f3) x11 0x0000000000000006
core   0: 0x0000000080005106 (0x22848fd3) fsgnj.d ft11, fs1, fs0
core   0: 1 0x0000000080005106 (0x22848fd3) f31 0x7ff8000000000000
core   0: 0x000000008000510a (0xd029f8d3) fcvt.s.l fa7, s3
core   0: exception trap_illegal_instruction, epc 0x000000008000510a
core   0:           tval 0x00000000d029f8d3
core   0: >>>>  $xrv64i2p1_m2p0_a2p1_f2p2_d2p2_zicsr2p0_zifencei2p0_zmmul1p0_zba1p0_zbb1p0_zbc1p0_zbs1p0
core   0: 0x0000000080004000 (0x0080006f) j       pc + 0x8
core   0: 3 0x0000000080004000 (0x0080006f)
core   0: >>>>  mmode_exception_handler
core   0: 0x0000000080004008 (0x00002c17) auipc   s8, 0x2
core   0: 3 0x0000000080004008 (0x00002c17) x24 0x0000000080006008
core   0: 0x000000008000400c (0x06ec0c13) addi    s8, s8, 110
core   0: 3 0x000000008000400c (0x06ec0c13) x24 0x0000000080006076
core   0: 0x0000000080004010 (0x000c00e7) jalr    s8
core   0: 3 0x0000000080004010 (0x000c00e7) x1  0x0000000080004014
core   0: >>>>  any_handler
core   0: 0x0000000080006076 (0x341027f3) csrrs   a5, mepc, zero
core   0: 3 0x0000000080006076 (0x341027f3) x15 0x000000008000510a
core   0: 0x000000008000607a (0x34202773) csrrs   a4, mcause, zero
core   0: 3 0x000000008000607a (0x34202773) x14 0x0000000000000002
core   0: 0x000000008000607e (0x142026f3) csrrs   a3, scause, zero
core   0: 3 0x000000008000607e (0x142026f3) x13 0x0000000000000000
core   0: 0x0000000080006082 (0x30402673) csrrs   a2, mie, zero
core   0: 3 0x0000000080006082 (0x30402673) x12 0x0000000000000a00
core   0: 0x0000000080006086 (0x344025f3) csrrs   a1, mip, zero
core   0: 3 0x0000000080006086 (0x344025f3) x11 0x0000000000000080
core   0: 0x000000008000608a (0x343025f3) csrrs   a1, mtval, zero
core   0: 3 0x000000008000608a (0x343025f3) x11 0x00000000d029f8d3
core   0: 0x000000008000608e (0x14302573) csrrs   a0, stval, zero
core   0: 3 0x000000008000608e (0x14302573) x10 0x0000000000000010
core   0: 0x0000000080006092 (0xb02024f3) csrrs   s1, minstret, zero
core   0: 3 0x0000000080006092 (0xb02024f3) x9  0x0000000000000d95
core   0: 0x0000000080006096 (0x0000a811) c.j     pc + 20
core   0: 3 0x0000000080006096 (0xa811)
core   0: >>>>  mepc_4
core   0: 0x00000000800060aa (0x00000791) c.addi  a5, 4
core   0: 3 0x00000000800060aa (0x0791) x15 0x000000008000510e
core   0: 0x00000000800060ac (0x34179073) csrrw   zero, mepc, a5
core   0: 3 0x00000000800060ac (0x34179073) c833_mepc 0x000000008000510e
core   0: 0x00000000800060b0 (0x30200073) mret
core   0: 3 0x00000000800060b0 (0x30200073) c768_mstatus 0x8000000a00106080
core   0: 0x000000008000510e (0x3065ba73) csrrc   s4, mcounteren, a1
core   0: exception trap_illegal_instruction, epc 0x000000008000510e
core   0:           tval 0x000000003065ba73
core   0: >>>>  $xrv64i2p1_m2p0_a2p1_f2p2_d2p2_zicsr2p0_zifencei2p0_zmmul1p0_zba1p0_zbb1p0_zbc1p0_zbs1p0
core   0: 0x0000000080004000 (0x0080006f) j       pc + 0x8
core   0: 3 0x0000000080004000 (0x0080006f)
core   0: >>>>  mmode_exception_handler
core   0: 0x0000000080004008 (0x00002c17) auipc   s8, 0x2
core   0: 3 0x0000000080004008 (0x00002c17) x24 0x0000000080006008
core   0: 0x000000008000400c (0x06ec0c13) addi    s8, s8, 110
core   0: 3 0x000000008000400c (0x06ec0c13) x24 0x0000000080006076
core   0: 0x0000000080004010 (0x000c00e7) jalr    s8
core   0: 3 0x0000000080004010 (0x000c00e7) x1  0x0000000080004014
core   0: >>>>  any_handler
core   0: 0x0000000080006076 (0x341027f3) csrrs   a5, mepc, zero
core   0: 3 0x0000000080006076 (0x341027f3) x15 0x000000008000510e
core   0: 0x000000008000607a (0x34202773) csrrs   a4, mcause, zero
core   0: 3 0x000000008000607a (0x34202773) x14 0x0000000000000002
core   0: 0x000000008000607e (0x142026f3) csrrs   a3, scause, zero
core   0: 3 0x000000008000607e (0x142026f3) x13 0x0000000000000000
core   0: 0x0000000080006082 (0x30402673) csrrs   a2, mie, zero
core   0: 3 0x0000000080006082 (0x30402673) x12 0x0000000000000a00
core   0: 0x0000000080006086 (0x344025f3) csrrs   a1, mip, zero
core   0: 3 0x0000000080006086 (0x344025f3) x11 0x0000000000000080
core   0: 0x000000008000608a (0x343025f3) csrrs   a1, mtval, zero
core   0: 3 0x000000008000608a (0x343025f3) x11 0x000000003065ba73
core   0: 0x000000008000608e (0x14302573) csrrs   a0, stval, zero
core   0: 3 0x000000008000608e (0x14302573) x10 0x0000000000000010
core   0: 0x0000000080006092 (0xb02024f3) csrrs   s1, minstret, zero
core   0: 3 0x0000000080006092 (0xb02024f3) x9  0x0000000000000da5
core   0: 0x0000000080006096 (0x0000a811) c.j     pc + 20
core   0: 3 0x0000000080006096 (0xa811)
core   0: >>>>  mepc_4
core   0: 0x00000000800060aa (0x00000791) c.addi  a5, 4
core   0: 3 0x00000000800060aa (0x0791) x15 0x0000000080005112
core   0: 0x00000000800060ac (0x34179073) csrrw   zero, mepc, a5
core   0: 3 0x00000000800060ac (0x34179073) c833_mepc 0x0000000080005112
core   0: 0x00000000800060b0 (0x30200073) mret
core   0: 3 0x00000000800060b0 (0x30200073) c768_mstatus 0x8000000a00106080
core   0: 0x0000000080005112 (0x41125413) srai    s0, tp, 17
core   0: 1 0x0000000080005112 (0x41125413) x8  0xffffffffffffd808
core   0: 0x0000000080005116 (0x401cfed3) fcvt.s.d ft9, fs9
core   0: exception trap_illegal_instruction, epc 0x0000000080005116
core   0:           tval 0x00000000401cfed3
core   0: >>>>  $xrv64i2p1_m2p0_a2p1_f2p2_d2p2_zicsr2p0_zifencei2p0_zmmul1p0_zba1p0_zbb1p0_zbc1p0_zbs1p0
core   0: 0x0000000080004000 (0x0080006f) j       pc + 0x8
core   0: 3 0x0000000080004000 (0x0080006f)
core   0: >>>>  mmode_exception_handler
core   0: 0x0000000080004008 (0x00002c17) auipc   s8, 0x2
core   0: 3 0x0000000080004008 (0x00002c17) x24 0x0000000080006008
core   0: 0x000000008000400c (0x06ec0c13) addi    s8, s8, 110
core   0: 3 0x000000008000400c (0x06ec0c13) x24 0x0000000080006076
core   0: 0x0000000080004010 (0x000c00e7) jalr    s8
core   0: 3 0x0000000080004010 (0x000c00e7) x1  0x0000000080004014
core   0: >>>>  any_handler
core   0: 0x0000000080006076 (0x341027f3) csrrs   a5, mepc, zero
core   0: 3 0x0000000080006076 (0x341027f3) x15 0x0000000080005116
core   0: 0x000000008000607a (0x34202773) csrrs   a4, mcause, zero
core   0: 3 0x000000008000607a (0x34202773) x14 0x0000000000000002
core   0: 0x000000008000607e (0x142026f3) csrrs   a3, scause, zero
core   0: 3 0x000000008000607e (0x142026f3) x13 0x0000000000000000
core   0: 0x0000000080006082 (0x30402673) csrrs   a2, mie, zero
core   0: 3 0x0000000080006082 (0x30402673) x12 0x0000000000000a00
core   0: 0x0000000080006086 (0x344025f3) csrrs   a1, mip, zero
core   0: 3 0x0000000080006086 (0x344025f3) x11 0x0000000000000080
core   0: 0x000000008000608a (0x343025f3) csrrs   a1, mtval, zero
core   0: 3 0x000000008000608a (0x343025f3) x11 0x00000000401cfed3
core   0: 0x000000008000608e (0x14302573) csrrs   a0, stval, zero
core   0: 3 0x000000008000608e (0x14302573) x10 0x0000000000000010
core   0: 0x0000000080006092 (0xb02024f3) csrrs   s1, minstret, zero
core   0: 3 0x0000000080006092 (0xb02024f3) x9  0x0000000000000db6
core   0: 0x0000000080006096 (0x0000a811) c.j     pc + 20
core   0: 3 0x0000000080006096 (0xa811)
core   0: >>>>  mepc_4
core   0: 0x00000000800060aa (0x00000791) c.addi  a5, 4
core   0: 3 0x00000000800060aa (0x0791) x15 0x000000008000511a
core   0: 0x00000000800060ac (0x34179073) csrrw   zero, mepc, a5
core   0: 3 0x00000000800060ac (0x34179073) c833_mepc 0x000000008000511a
core   0: 0x00000000800060b0 (0x30200073) mret
core   0: 3 0x00000000800060b0 (0x30200073) c768_mstatus 0x8000000a00106080
core   0: 0x000000008000511a (0x41d9053b) subw    a0, s2, t4
core   0: 1 0x000000008000511a (0x41d9053b) x10 0x0000000000000080
core   0: 0x000000008000511e (0x002e1e73) csrrw   t3, frm, t3
core   0: 1 0x000000008000511e (0x002e1e73) x28 0x0000000000000006 c2_frm 0x0000000000000000
core   0: 0x0000000080005122 (0x0010983b) sllw    a6, ra, ra
core   0: 1 0x0000000080005122 (0x0010983b) x16 0x0000000001400000
core   0: 0x0000000080005126 (0x9362a297) auipc   t0, 0x9362a
core   0: 1 0x0000000080005126 (0x9362a297) x5  0x000000001362f126
core   0: 0x000000008000512a (0x00558c33) add     s8, a1, t0
core   0: 1 0x000000008000512a (0x00558c33) x24 0x00000000537feff9
core   0: 0x000000008000512e (0x0037db3b) srlw    s6, a5, gp
core   0: 1 0x000000008000512e (0x0037db3b) x22 0x0000000000000200
core   0: 0x0000000080005132 (0x012e599b) srliw   s3, t3, 18
core   0: 1 0x0000000080005132 (0x012e599b) x19 0x0000000000000000
core   0: 0x0000000080005136 (0x93910193) addi    gp, sp, -1735
core   0: 1 0x0000000080005136 (0x93910193) x3  0xfffffffffffff939
core   0: 0x000000008000513a (0x0046513b) srlw    sp, a2, tp
core   0: 1 0x000000008000513a (0x0046513b) x2  0x0000000000000a00
core   0: 0x000000008000513e (0x417183bb) subw    t2, gp, s7
core   0: 1 0x000000008000513e (0x417183bb) x7  0x0000000000002131
core   0: 0x0000000080005142 (0x028b5b33) divu    s6, s6, s0
core   0: 1 0x0000000080005142 (0x028b5b33) x22 0x0000000000000000
core   0: 0x0000000080005146 (0x037cd4b3) divu    s1, s9, s7
core   0: 1 0x0000000080005146 (0x037cd4b3) x9  0x0000000000000000
core   0: 0x000000008000514a (0xc028f053) fcvt.l.s zero, fa7
core   0: 1 0x000000008000514a (0xc028f053) c1_fflags 0x0000000000000011
core   0: 0x000000008000514e (0x0006153b) sllw    a0, a2, zero
core   0: 1 0x000000008000514e (0x0006153b) x10 0x0000000000000a00
core   0: 0x0000000080005152 (0x800bee93) ori     t4, s7, -2048
core   0: 1 0x0000000080005152 (0x800bee93) x29 0xfffffffffffff808
core   0: 0x0000000080005156 (0x00ded8bb) srlw    a7, t4, a3
core   0: 1 0x0000000080005156 (0x00ded8bb) x17 0xfffffffffffff808
core   0: 0x000000008000515a (0x1318f753) fmul.d  fa4, fa7, fa7
core   0: 1 0x000000008000515a (0x1318f753) f14 0x7ff8000000000000
core   0: 0x000000008000515e (0x22d326d3) fsgnjx.d fa3, ft6, fa3
core   0: 1 0x000000008000515e (0x22d326d3) f13 0x7fffffffbf800000
core   0: 0x0000000080005162 (0xf13b5cf3) csrrwi  s9, mimpid, 22
core   0: exception trap_illegal_instruction, epc 0x0000000080005162
core   0:           tval 0x00000000f13b5cf3
core   0: >>>>  $xrv64i2p1_m2p0_a2p1_f2p2_d2p2_zicsr2p0_zifencei2p0_zmmul1p0_zba1p0_zbb1p0_zbc1p0_zbs1p0
core   0: 0x0000000080004000 (0x0080006f) j       pc + 0x8
core   0: 3 0x0000000080004000 (0x0080006f)
core   0: >>>>  mmode_exception_handler
core   0: 0x0000000080004008 (0x00002c17) auipc   s8, 0x2
core   0: 3 0x0000000080004008 (0x00002c17) x24 0x0000000080006008
core   0: 0x000000008000400c (0x06ec0c13) addi    s8, s8, 110
core   0: 3 0x000000008000400c (0x06ec0c13) x24 0x0000000080006076
core   0: 0x0000000080004010 (0x000c00e7) jalr    s8
core   0: 3 0x0000000080004010 (0x000c00e7) x1  0x0000000080004014
core   0: >>>>  any_handler
core   0: 0x0000000080006076 (0x341027f3) csrrs   a5, mepc, zero
core   0: 3 0x0000000080006076 (0x341027f3) x15 0x0000000080005162
core   0: 0x000000008000607a (0x34202773) csrrs   a4, mcause, zero
core   0: 3 0x000000008000607a (0x34202773) x14 0x0000000000000002
core   0: 0x000000008000607e (0x142026f3) csrrs   a3, scause, zero
core   0: 3 0x000000008000607e (0x142026f3) x13 0x0000000000000000
core   0: 0x0000000080006082 (0x30402673) csrrs   a2, mie, zero
core   0: 3 0x0000000080006082 (0x30402673) x12 0x0000000000000a00
core   0: 0x0000000080006086 (0x344025f3) csrrs   a1, mip, zero
core   0: 3 0x0000000080006086 (0x344025f3) x11 0x0000000000000080
core   0: 0x000000008000608a (0x343025f3) csrrs   a1, mtval, zero
core   0: 3 0x000000008000608a (0x343025f3) x11 0x00000000f13b5cf3
core   0: 0x000000008000608e (0x14302573) csrrs   a0, stval, zero
core   0: 3 0x000000008000608e (0x14302573) x10 0x0000000000000010
core   0: 0x0000000080006092 (0xb02024f3) csrrs   s1, minstret, zero
core   0: 3 0x0000000080006092 (0xb02024f3) x9  0x0000000000000dd8
core   0: 0x0000000080006096 (0x0000a811) c.j     pc + 20
core   0: 3 0x0000000080006096 (0xa811)
core   0: >>>>  mepc_4
core   0: 0x00000000800060aa (0x00000791) c.addi  a5, 4
core   0: 3 0x00000000800060aa (0x0791) x15 0x0000000080005166
core   0: 0x00000000800060ac (0x34179073) csrrw   zero, mepc, a5
core   0: 3 0x00000000800060ac (0x34179073) c833_mepc 0x0000000080005166
core   0: 0x00000000800060b0 (0x30200073) mret
core   0: 3 0x00000000800060b0 (0x30200073) c768_mstatus 0x8000000a00106080
core   0: 0x0000000080005166 (0x038c9913) slli    s2, s9, 56
core   0: 1 0x0000000080005166 (0x038c9913) x18 0x2700000000000000
core   0: 0x000000008000516a (0x039f7453) fadd.d  fs0, ft10, fs9
core   0: 1 0x000000008000516a (0x039f7453) f8  0x7ff8000000000000
core   0: 0x000000008000516e (0x011cc733) xor     a4, s9, a7
core   0: 1 0x000000008000516e (0x011cc733) x14 0x0000006729f2f42f
core   0: 0x0000000080005172 (0x03c744b3) div     s1, a4, t3
core   0: 1 0x0000000080005172 (0x03c744b3) x9  0x0000001131a87e07
core   0: 0x0000000080005176 (0xc2247353) fcvt.l.d t1, fs0
core   0: 1 0x0000000080005176 (0xc2247353) c1_fflags 0x0000000000000011 x6  0x7fffffffffffffff
core   0: 0x000000008000517a (0x00e95533) srl     a0, s2, a4
core   0: 1 0x000000008000517a (0x00e95533) x10 0x0000000000004e00
core   0: 0x000000008000517e (0x236f8fd3) fsgnj.d ft11, ft11, fs6
core   0: 1 0x000000008000517e (0x236f8fd3) f31 0x7ff8000000000000
core   0: 0x0000000080005182 (0x038ea0b3) mulhsu  ra, t4, s8
core   0: 1 0x0000000080005182 (0x038ea0b3) x1  0xffffffffffffffff
core   0: 0x0000000080005186 (0x1bc4829b) addiw   t0, s1, 444
core   0: 1 0x0000000080005186 (0x1bc4829b) x5  0x0000000031a87fc3
core   0: 0x000000008000518a (0x01a6f6b3) and     a3, a3, s10
core   0: 1 0x000000008000518a (0x01a6f6b3) x13 0x0000000000000000
core   0: 0x000000008000518e (0x41fd5a1b) sraiw   s4, s10, 31
core   0: 1 0x000000008000518e (0x41fd5a1b) x20 0x0000000000000000
core   0: 0x0000000080005192 (0x93d68b93) addi    s7, a3, -1731
core   0: 1 0x0000000080005192 (0x93d68b93) x23 0xfffffffffffff93d
core   0: 0x0000000080005196 (0x344a38f3) csrrc   a7, mip, s4
core   0: exception trap_illegal_instruction, epc 0x0000000080005196
core   0:           tval 0x00000000344a38f3
core   0: >>>>  $xrv64i2p1_m2p0_a2p1_f2p2_d2p2_zicsr2p0_zifencei2p0_zmmul1p0_zba1p0_zbb1p0_zbc1p0_zbs1p0
core   0: 0x0000000080004000 (0x0080006f) j       pc + 0x8
core   0: 3 0x0000000080004000 (0x0080006f)
core   0: >>>>  mmode_exception_handler
core   0: 0x0000000080004008 (0x00002c17) auipc   s8, 0x2
core   0: 3 0x0000000080004008 (0x00002c17) x24 0x0000000080006008
core   0: 0x000000008000400c (0x06ec0c13) addi    s8, s8, 110
core   0: 3 0x000000008000400c (0x06ec0c13) x24 0x0000000080006076
core   0: 0x0000000080004010 (0x000c00e7) jalr    s8
core   0: 3 0x0000000080004010 (0x000c00e7) x1  0x0000000080004014
core   0: >>>>  any_handler
core   0: 0x0000000080006076 (0x341027f3) csrrs   a5, mepc, zero
core   0: 3 0x0000000080006076 (0x341027f3) x15 0x0000000080005196
core   0: 0x000000008000607a (0x34202773) csrrs   a4, mcause, zero
core   0: 3 0x000000008000607a (0x34202773) x14 0x0000000000000002
core   0: 0x000000008000607e (0x142026f3) csrrs   a3, scause, zero
core   0: 3 0x000000008000607e (0x142026f3) x13 0x0000000000000000
core   0: 0x0000000080006082 (0x30402673) csrrs   a2, mie, zero
core   0: 3 0x0000000080006082 (0x30402673) x12 0x0000000000000a00
core   0: 0x0000000080006086 (0x344025f3) csrrs   a1, mip, zero
core   0: 3 0x0000000080006086 (0x344025f3) x11 0x0000000000000080
core   0: 0x000000008000608a (0x343025f3) csrrs   a1, mtval, zero
core   0: 3 0x000000008000608a (0x343025f3) x11 0x00000000344a38f3
core   0: 0x000000008000608e (0x14302573) csrrs   a0, stval, zero
core   0: 3 0x000000008000608e (0x14302573) x10 0x0000000000000010
core   0: 0x0000000080006092 (0xb02024f3) csrrs   s1, minstret, zero
core   0: 3 0x0000000080006092 (0xb02024f3) x9  0x0000000000000df4
core   0: 0x0000000080006096 (0x0000a811) c.j     pc + 20
core   0: 3 0x0000000080006096 (0xa811)
core   0: >>>>  mepc_4
core   0: 0x00000000800060aa (0x00000791) c.addi  a5, 4
core   0: 3 0x00000000800060aa (0x0791) x15 0x000000008000519a
core   0: 0x00000000800060ac (0x34179073) csrrw   zero, mepc, a5
core   0: 3 0x00000000800060ac (0x34179073) c833_mepc 0x000000008000519a
core   0: 0x00000000800060b0 (0x30200073) mret
core   0: 3 0x00000000800060b0 (0x30200073) c768_mstatus 0x8000000a00106080
core   0: 0x000000008000519a (0xe60d6d93) ori     s11, s10, -416
core   0: 1 0x000000008000519a (0xe60d6d93) x27 0xfffffffffffffe60
core   0: 0x000000008000519e (0x4170003b) subw    zero, zero, s7
core   0: 1 0x000000008000519e (0x4170003b)
core   0: 0x00000000800051a2 (0x235ba253) fsgnjx.d ft4, fs7, fs5
core   0: 1 0x00000000800051a2 (0x235ba253) f4  0xfff8000000000000
core   0: 0x00000000800051a6 (0x0008de9b) srliw   t4, a7, 0
core   0: 1 0x00000000800051a6 (0x0008de9b) x29 0xfffffffffffff808
core   0: 0x00000000800051aa (0x42000053) fcvt.d.s ft0, ft0
core   0: 1 0x00000000800051aa (0x42000053) f0  0x7ff8000000000000
core   0: 0x00000000800051ae (0xc23ff053) fcvt.lu.d zero, ft11
core   0: 1 0x00000000800051ae (0xc23ff053) c1_fflags 0x0000000000000011
core   0: 0x00000000800051b2 (0x124a7253) fmul.d  ft4, fs4, ft4
core   0: 1 0x00000000800051b2 (0x124a7253) f4  0x7ff8000000000000
core   0: 0x00000000800051b6 (0x41f05e9b) sraiw   t4, zero, 31
core   0: 1 0x00000000800051b6 (0x41f05e9b) x29 0x0000000000000000
core   0: 0x00000000800051ba (0x230d1253) fsgnjn.d ft4, fs10, fa6
core   0: 1 0x00000000800051ba (0x230d1253) f4  0xc014000000000000
core   0: 0x00000000800051be (0xbb77ffcf) fnmadd.d ft11, fa5, fs7, fs7
core   0: 1 0x00000000800051be (0xbb77ffcf) f31 0x7ff8000000000000
core   0: 0x00000000800051c2 (0xa3120353) fle.d   t1, ft4, fa7
core   0: 1 0x00000000800051c2 (0xa3120353) c1_fflags 0x0000000000000011 x6  0x0000000000000000
core   0: 0x00000000800051c6 (0xd61fc137) lui     sp, 0xd61fc
core   0: 1 0x00000000800051c6 (0xd61fc137) x2  0xffffffffd61fc000
core   0: 0x00000000800051ca (0x0231bbb3) mulhu   s7, gp, gp
core   0: 1 0x00000000800051ca (0x0231bbb3) x23 0xfffffffffffff272
core   0: 0x00000000800051ce (0xd0277d53) fcvt.s.l fs10, a4
core   0: 1 0x00000000800051ce (0xd0277d53) f26 0xffffffff40000000
core   0: 0x00000000800051d2 (0x417d0d3b) subw    s10, s10, s7
core   0: 1 0x00000000800051d2 (0x417d0d3b) x26 0x0000000000000d8e
core   0: 0x00000000800051d6 (0x03f15a93) srli    s5, sp, 63
core   0: 1 0x00000000800051d6 (0x03f15a93) x21 0x0000000000000001
core   0: 0x00000000800051da (0x011881b3) add     gp, a7, a7
core   0: 1 0x00000000800051da (0x011881b3) x3  0xfffffffffffff010
core   0: 0x00000000800051de (0xd0237353) fcvt.s.l ft6, t1
core   0: 1 0x00000000800051de (0xd0237353) f6  0xffffffff00000000
core   0: 0x00000000800051e2 (0xc02bfad3) fcvt.l.s s5, fs7
core   0: 1 0x00000000800051e2 (0xc02bfad3) c1_fflags 0x0000000000000011 x21 0x7fffffffffffffff
core   0: 0x00000000800051e6 (0x40065613) srai    a2, a2, 0
core   0: 1 0x00000000800051e6 (0x40065613) x12 0x0000000000000a00
core   0: 0x00000000800051ea (0x008421b3) slt     gp, s0, s0
core   0: 1 0x00000000800051ea (0x008421b3) x3  0x0000000000000000
core   0: 0x00000000800051ee (0x415b523b) sraw    tp, s6, s5
core   0: 1 0x00000000800051ee (0x415b523b) x4  0x0000000000000000
core   0: 0x00000000800051f2 (0x3eb1ec93) ori     s9, gp, 1003
core   0: 1 0x00000000800051f2 (0x3eb1ec93) x25 0x00000000000003eb
core   0: 0x00000000800051f6 (0x00f06eb3) or      t4, zero, a5
core   0: 1 0x00000000800051f6 (0x00f06eb3) x29 0x000000008000519a
core   0: 0x00000000800051fa (0x96dce993) ori     s3, s9, -1683
core   0: 1 0x00000000800051fa (0x96dce993) x19 0xfffffffffffffbef
core   0: 0x00000000800051fe (0x06ec2bb7) lui     s7, 0x6ec2
core   0: 1 0x00000000800051fe (0x06ec2bb7) x23 0x0000000006ec2000
core   0: 0x0000000080005202 (0x4bfb8b9b) addiw   s7, s7, 1215
core   0: 1 0x0000000080005202 (0x4bfb8b9b) x23 0x0000000006ec24bf
core   0: 0x0000000080005206 (0x00000bb2) c.slli  s7, 12
core   0: 1 0x0000000080005206 (0x0bb2) x23 0x0000006ec24bf000
core   0: 0x0000000080005208 (0x1bab8b93) addi    s7, s7, 442
core   0: 1 0x0000000080005208 (0x1bab8b93) x23 0x0000006ec24bf1ba
core   0: 0x000000008000520c (0x23941f53) fsgnjn.d ft10, fs0, fs9
core   0: 1 0x000000008000520c (0x23941f53) f30 0xfff8000000000000
core   0: 0x0000000080005210 (0x2beb93d3) fmax.d  ft7, fs7, ft10
core   0: 1 0x0000000080005210 (0x2beb93d3) f7  0x7ff8000000000000
core   0: 0x0000000080005214 (0x00202073) csrrs   zero, frm, zero
core   0: 1 0x0000000080005214 (0x00202073)
core   0: 0x0000000080005218 (0x01397933) and     s2, s2, s3
core   0: 1 0x0000000080005218 (0x01397933) x18 0x2700000000000000
core   0: 0x000000008000521c (0x400d581b) sraiw   a6, s10, 0
core   0: 1 0x000000008000521c (0x400d581b) x16 0x0000000000000d8e
core   0: 0x0000000080005220 (0x0038f1b3) and     gp, a7, gp
core   0: 1 0x0000000080005220 (0x0038f1b3) x3  0x0000000000000000
core   0: 0x0000000080005224 (0x00127b33) and     s6, tp, ra
core   0: 1 0x0000000080005224 (0x00127b33) x22 0x0000000000000000
core   0: 0x0000000080005228 (0x0238da93) srli    s5, a7, 35
core   0: 1 0x0000000080005228 (0x0238da93) x21 0x000000001fffffff
core   0: 0x000000008000522c (0x03c0403b) divw    zero, zero, t3
core   0: 1 0x000000008000522c (0x03c0403b)
core   0: 0x0000000080005230 (0x41f3561b) sraiw   a2, t1, 31
core   0: 1 0x0000000080005230 (0x41f3561b) x12 0x0000000000000000
core   0: 0x0000000080005234 (0x401b08b3) sub     a7, s6, ra
core   0: 1 0x0000000080005234 (0x401b08b3) x17 0xffffffff7fffbfec
core   0: 0x0000000080005238 (0x01ba7a33) and     s4, s4, s11
core   0: 1 0x0000000080005238 (0x01ba7a33) x20 0x0000000000000000
core   0: 0x000000008000523c (0xf1589773) csrrw   a4, mconfigptr, a7
core   0: exception trap_illegal_instruction, epc 0x000000008000523c
core   0:           tval 0x00000000f1589773
core   0: >>>>  $xrv64i2p1_m2p0_a2p1_f2p2_d2p2_zicsr2p0_zifencei2p0_zmmul1p0_zba1p0_zbb1p0_zbc1p0_zbs1p0
core   0: 0x0000000080004000 (0x0080006f) j       pc + 0x8
core   0: 3 0x0000000080004000 (0x0080006f)
core   0: >>>>  mmode_exception_handler
core   0: 0x0000000080004008 (0x00002c17) auipc   s8, 0x2
core   0: 3 0x0000000080004008 (0x00002c17) x24 0x0000000080006008
core   0: 0x000000008000400c (0x06ec0c13) addi    s8, s8, 110
core   0: 3 0x000000008000400c (0x06ec0c13) x24 0x0000000080006076
core   0: 0x0000000080004010 (0x000c00e7) jalr    s8
core   0: 3 0x0000000080004010 (0x000c00e7) x1  0x0000000080004014
core   0: >>>>  any_handler
core   0: 0x0000000080006076 (0x341027f3) csrrs   a5, mepc, zero
core   0: 3 0x0000000080006076 (0x341027f3) x15 0x000000008000523c
core   0: 0x000000008000607a (0x34202773) csrrs   a4, mcause, zero
core   0: 3 0x000000008000607a (0x34202773) x14 0x0000000000000002
core   0: 0x000000008000607e (0x142026f3) csrrs   a3, scause, zero
core   0: 3 0x000000008000607e (0x142026f3) x13 0x0000000000000000
core   0: 0x0000000080006082 (0x30402673) csrrs   a2, mie, zero
core   0: 3 0x0000000080006082 (0x30402673) x12 0x0000000000000a00
core   0: 0x0000000080006086 (0x344025f3) csrrs   a1, mip, zero
core   0: 3 0x0000000080006086 (0x344025f3) x11 0x0000000000000080
core   0: 0x000000008000608a (0x343025f3) csrrs   a1, mtval, zero
core   0: 3 0x000000008000608a (0x343025f3) x11 0x00000000f1589773
core   0: 0x000000008000608e (0x14302573) csrrs   a0, stval, zero
core   0: 3 0x000000008000608e (0x14302573) x10 0x0000000000000010
core   0: 0x0000000080006092 (0xb02024f3) csrrs   s1, minstret, zero
core   0: 3 0x0000000080006092 (0xb02024f3) x9  0x0000000000000e2d
core   0: 0x0000000080006096 (0x0000a811) c.j     pc + 20
core   0: 3 0x0000000080006096 (0xa811)
core   0: >>>>  mepc_4
core   0: 0x00000000800060aa (0x00000791) c.addi  a5, 4
core   0: 3 0x00000000800060aa (0x0791) x15 0x0000000080005240
core   0: 0x00000000800060ac (0x34179073) csrrw   zero, mepc, a5
core   0: 3 0x00000000800060ac (0x34179073) c833_mepc 0x0000000080005240
core   0: 0x00000000800060b0 (0x30200073) mret
core   0: 3 0x00000000800060b0 (0x30200073) c768_mstatus 0x8000000a00106080
core   0: 0x0000000080005240 (0x0a73f453) fsub.d  fs0, ft7, ft7
core   0: 1 0x0000000080005240 (0x0a73f453) f8  0x7ff8000000000000
core   0: 0x0000000080005244 (0x015194b3) sll     s1, gp, s5
core   0: 1 0x0000000080005244 (0x015194b3) x9  0x0000000000000000
core   0: 0x0000000080005248 (0xd221f9d3) fcvt.d.l fs3, gp
core   0: 1 0x0000000080005248 (0xd221f9d3) f19 0x0000000000000000
core   0: 0x000000008000524c (0x01a98d3b) addw    s10, s3, s10
core   0: 1 0x000000008000524c (0x01a98d3b) x26 0x000000000000097d
core   0: 0x0000000080005250 (0x9a3170cb) fnmsub.d ft1, ft2, ft3, fs3
core   0: 1 0x0000000080005250 (0x9a3170cb) f1  0x7ff8000000000000
core   0: 0x0000000080005254 (0x019a09bb) addw    s3, s4, s9
core   0: 1 0x0000000080005254 (0x019a09bb) x19 0x00000000000003eb
core   0: 0x0000000080005258 (0x5ab0f5c7) fmsub.d fa1, ft1, fa1, fa1
core   0: 1 0x0000000080005258 (0x5ab0f5c7) f11 0x7ff8000000000000
core   0: 0x000000008000525c (0x5a09ffd3) fsqrt.d ft11, fs3
core   0: 1 0x000000008000525c (0x5a09ffd3) f31 0x0000000000000000
core   0: 0x0000000080005260 (0x7b537243) fmadd.d ft4, ft6, fs5, fa5
core   0: 1 0x0000000080005260 (0x7b537243) f4  0x7ff8000000000000
core   0: 0x0000000080005264 (0x43fb5593) srai    a1, s6, 63
core   0: 1 0x0000000080005264 (0x43fb5593) x11 0x0000000000000000
core   0: 0x0000000080005268 (0xf2058bd3) fmv.d.x fs7, a1
core   0: 1 0x0000000080005268 (0xf2058bd3) f23 0x0000000000000000
core   0: 0x000000008000526c (0xa33f81d3) fle.d   gp, ft11, fs3
core   0: 1 0x000000008000526c (0xa33f81d3) x3  0x0000000000000001
core   0: 0x0000000080005270 (0x01ab853b) addw    a0, s7, s10
core   0: 1 0x0000000080005270 (0x01ab853b) x10 0xffffffffc24bfb37
core   0: 0x0000000080005274 (0xd2357ad3) fcvt.d.lu fs5, a0
core   0: 1 0x0000000080005274 (0xd2357ad3) c1_fflags 0x0000000000000011 f21 0x43effffffff8497f
core   0: 0x0000000080005278 (0x029900bb) mulw    ra, s2, s1
core   0: 1 0x0000000080005278 (0x029900bb) x1  0x0000000000000000
core   0: 0x000000008000527c (0xc234f453) fcvt.lu.d s0, fs1
core   0: 1 0x000000008000527c (0xc234f453) c1_fflags 0x0000000000000011 x8  0xffffffffffffffff
core   0: 0x0000000080005280 (0x0a9b76d3) fsub.d  fa3, fs6, fs1
core   0: 1 0x0000000080005280 (0x0a9b76d3) f13 0x7ff8000000000000
core   0: 0x0000000080005284 (0x2a621253) fmax.d  ft4, ft4, ft6
core   0: 1 0x0000000080005284 (0x2a621253) f4  0x7ff8000000000000
core   0: 0x0000000080005288 (0x014357bb) srlw    a5, t1, s4
core   0: 1 0x0000000080005288 (0x014357bb) x15 0x0000000000000000
core   0: 0x000000008000528c (0x00f3e733) or      a4, t2, a5
core   0: 1 0x000000008000528c (0x00f3e733) x14 0x0000000000002131
core   0: 0x0000000080005290 (0x03a0cc33) div     s8, ra, s10
core   0: 1 0x0000000080005290 (0x03a0cc33) x24 0x0000000000000000
core   0: 0x0000000080005294 (0x0183d9b3) srl     s3, t2, s8
core   0: 1 0x0000000080005294 (0x0183d9b3) x19 0x0000000000002131
core   0: 0x0000000080005298 (0x001b9c9b) slliw   s9, s7, 1
core   0: 1 0x0000000080005298 (0x001b9c9b) x25 0xffffffff8497e374
core   0: 0x000000008000529c (0x1a467cd3) fdiv.d  fs9, fa2, ft4
core   0: 1 0x000000008000529c (0x1a467cd3) f25 0x7ff8000000000000
core   0: 0x00000000800052a0 (0x0ff0000f) fence   iorw,iorw
core   0: 1 0x00000000800052a0 (0x0ff0000f)
core   0: 0x00000000800052a4 (0x03013a33) mulhu   s4, sp, a6
core   0: 1 0x00000000800052a4 (0x03013a33) x20 0x0000000000000d8d
core   0: 0x00000000800052a8 (0x0191cab3) xor     s5, gp, s9
core   0: 1 0x00000000800052a8 (0x0191cab3) x21 0xffffffff8497e375
core   0: 0x00000000800052ac (0xd20b8053) fcvt.d.w ft0, s7
core   0: 1 0x00000000800052ac (0xd20b8053) f0  0xc1ceda0723000000
core   0: 0x00000000800052b0 (0x8bdbf34b) fnmsub.d ft6, fs7, ft9, fa7
core   0: 1 0x00000000800052b0 (0x8bdbf34b) f6  0x7ff8000000000000
core   0: 0x00000000800052b4 (0x406cd63b) sraw    a2, s9, t1
core   0: 1 0x00000000800052b4 (0x406cd63b) x12 0xffffffff8497e374
core   0: 0x00000000800052b8 (0x12637253) fmul.d  ft4, ft6, ft6
core   0: 1 0x00000000800052b8 (0x12637253) f4  0x7ff8000000000000
core   0: 0x00000000800052bc (0x006b86b3) add     a3, s7, t1
core   0: 1 0x00000000800052bc (0x006b86b3) x13 0x0000006ec24bf1ba
core   0: 0x00000000800052c0 (0x5a5d26b7) lui     a3, 0x5a5d2
core   0: 1 0x00000000800052c0 (0x5a5d26b7) x13 0x000000005a5d2000
core   0: 0x00000000800052c4 (0x02369533) mulh    a0, a3, gp
core   0: 1 0x00000000800052c4 (0x02369533) x10 0x0000000000000000
core   0: 0x00000000800052c8 (0xc2137353) fcvt.wu.d t1, ft6
core   0: 1 0x00000000800052c8 (0xc2137353) c1_fflags 0x0000000000000011 x6  0xffffffffffffffff
core   0: 0x00000000800052cc (0x00202c73) csrrs   s8, frm, zero
core   0: 1 0x00000000800052cc (0x00202c73) x24 0x0000000000000000
core   0: 0x00000000800052d0 (0x23f30e53) fsgnj.d ft8, ft6, ft11
core   0: 1 0x00000000800052d0 (0x23f30e53) f28 0x7ff8000000000000
core   0: 0x00000000800052d4 (0x5c369737) lui     a4, 0x5c369
core   0: 1 0x00000000800052d4 (0x5c369737) x14 0x000000005c369000
core   0: 0x00000000800052d8 (0xc03e70d3) fcvt.lu.s ra, ft8
core   0: 1 0x00000000800052d8 (0xc03e70d3) c1_fflags 0x0000000000000011 x1  0xffffffffffffffff
core   0: 0x00000000800052dc (0x1a6e74d3) fdiv.d  fs1, ft8, ft6
core   0: 1 0x00000000800052dc (0x1a6e74d3) f9  0x7ff8000000000000
core   0: 0x00000000800052e0 (0x4006d3b3) sra     t2, a3, zero
core   0: 1 0x00000000800052e0 (0x4006d3b3) x7  0x000000005a5d2000
core   0: 0x00000000800052e4 (0xd0357753) fcvt.s.lu fa4, a0
core   0: 1 0x00000000800052e4 (0xd0357753) f14 0xffffffff00000000
core   0: 0x00000000800052e8 (0x7ff97c13) andi    s8, s2, 2047
core   0: 1 0x00000000800052e8 (0x7ff97c13) x24 0x0000000000000000
core   0: 0x00000000800052ec (0x2b470553) fmin.d  fa0, fa4, fs4
core   0: 1 0x00000000800052ec (0x2b470553) f10 0x4000000000000000
core   0: 0x00000000800052f0 (0xc214fb53) fcvt.wu.d s6, fs1
core   0: 1 0x00000000800052f0 (0xc214fb53) c1_fflags 0x0000000000000011 x22 0xffffffffffffffff
core   0: 0x00000000800052f4 (0x03decebb) divw    t4, t4, t4
core   0: 1 0x00000000800052f4 (0x03decebb) x29 0x0000000000000001
core   0: 0x00000000800052f8 (0x03def833) remu    a6, t4, t4
core   0: 1 0x00000000800052f8 (0x03def833) x16 0x0000000000000000
core   0: 0x00000000800052fc (0xd21e82d3) fcvt.d.wu ft5, t4
core   0: 1 0x00000000800052fc (0xd21e82d3) f5  0x3ff0000000000000
core   0: 0x0000000080005300 (0x0ff0000f) fence   iorw,iorw
core   0: 1 0x0000000080005300 (0x0ff0000f)
core   0: 0x0000000080005304 (0x010e803b) addw    zero, t4, a6
core   0: 1 0x0000000080005304 (0x010e803b)
core   0: 0x0000000080005308 (0x00b4931b) slliw   t1, s1, 11
core   0: 1 0x0000000080005308 (0x00b4931b) x6  0x0000000000000000
core   0: 0x000000008000530c (0x2e4a6093) ori     ra, s4, 740
core   0: 1 0x000000008000530c (0x2e4a6093) x1  0x0000000000000fed
core   0: 0x0000000080005310 (0x4012de33) sra     t3, t0, ra
core   0: 1 0x0000000080005310 (0x4012de33) x28 0x0000000000000000
core   0: 0x0000000080005314 (0x001818bb) sllw    a7, a6, ra
core   0: 1 0x0000000080005314 (0x001818bb) x17 0x0000000000000000
core   0: 0x0000000080005318 (0x12f6fad3) fmul.d  fs5, fa3, fa5
core   0: 1 0x0000000080005318 (0x12f6fad3) f21 0x7ff8000000000000
core   0: 0x000000008000531c (0x002028f3) csrrs   a7, frm, zero
core   0: 1 0x000000008000531c (0x002028f3) x17 0x0000000000000000
core   0: 0x0000000080005320 (0x009a991b) slliw   s2, s5, 9
core   0: 1 0x0000000080005320 (0x009a991b) x18 0x000000002fc6ea00
core   0: 0x0000000080005324 (0x00fb95b3) sll     a1, s7, a5
core   0: 1 0x0000000080005324 (0x00fb95b3) x11 0x0000006ec24bf1ba
core   0: 0x0000000080005328 (0x00000001) c.nop
core   0: 1 0x0000000080005328 (0x0001)
core   0: 0x000000008000532a (0x0315f933) remu    s2, a1, a7
core   0: 1 0x000000008000532a (0x0315f933) x18 0x0000006ec24bf1ba
core   0: 0x000000008000532e (0x3405b9f3) csrrc   s3, mscratch, a1
core   0: exception trap_illegal_instruction, epc 0x000000008000532e
core   0:           tval 0x000000003405b9f3
core   0: >>>>  $xrv64i2p1_m2p0_a2p1_f2p2_d2p2_zicsr2p0_zifencei2p0_zmmul1p0_zba1p0_zbb1p0_zbc1p0_zbs1p0
core   0: 0x0000000080004000 (0x0080006f) j       pc + 0x8
core   0: 3 0x0000000080004000 (0x0080006f)
core   0: >>>>  mmode_exception_handler
core   0: 0x0000000080004008 (0x00002c17) auipc   s8, 0x2
core   0: 3 0x0000000080004008 (0x00002c17) x24 0x0000000080006008
core   0: 0x000000008000400c (0x06ec0c13) addi    s8, s8, 110
core   0: 3 0x000000008000400c (0x06ec0c13) x24 0x0000000080006076
core   0: 0x0000000080004010 (0x000c00e7) jalr    s8
core   0: 3 0x0000000080004010 (0x000c00e7) x1  0x0000000080004014
core   0: >>>>  any_handler
core   0: 0x0000000080006076 (0x341027f3) csrrs   a5, mepc, zero
core   0: 3 0x0000000080006076 (0x341027f3) x15 0x000000008000532e
core   0: 0x000000008000607a (0x34202773) csrrs   a4, mcause, zero
core   0: 3 0x000000008000607a (0x34202773) x14 0x0000000000000002
core   0: 0x000000008000607e (0x142026f3) csrrs   a3, scause, zero
core   0: 3 0x000000008000607e (0x142026f3) x13 0x0000000000000000
core   0: 0x0000000080006082 (0x30402673) csrrs   a2, mie, zero
core   0: 3 0x0000000080006082 (0x30402673) x12 0x0000000000000a00
core   0: 0x0000000080006086 (0x344025f3) csrrs   a1, mip, zero
core   0: 3 0x0000000080006086 (0x344025f3) x11 0x0000000000000080
core   0: 0x000000008000608a (0x343025f3) csrrs   a1, mtval, zero
core   0: 3 0x000000008000608a (0x343025f3) x11 0x000000003405b9f3
core   0: 0x000000008000608e (0x14302573) csrrs   a0, stval, zero
core   0: 3 0x000000008000608e (0x14302573) x10 0x0000000000000010
core   0: 0x0000000080006092 (0xb02024f3) csrrs   s1, minstret, zero
core   0: 3 0x0000000080006092 (0xb02024f3) x9  0x0000000000000e79
core   0: 0x0000000080006096 (0x0000a811) c.j     pc + 20
core   0: 3 0x0000000080006096 (0xa811)
core   0: >>>>  mepc_4
core   0: 0x00000000800060aa (0x00000791) c.addi  a5, 4
core   0: 3 0x00000000800060aa (0x0791) x15 0x0000000080005332
core   0: 0x00000000800060ac (0x34179073) csrrw   zero, mepc, a5
core   0: 3 0x00000000800060ac (0x34179073) c833_mepc 0x0000000080005332
core   0: 0x00000000800060b0 (0x30200073) mret
core   0: 3 0x00000000800060b0 (0x30200073) c768_mstatus 0x8000000a00106080
core   0: 0x0000000080005332 (0x429ed793) srai    a5, t4, 41
core   0: 1 0x0000000080005332 (0x429ed793) x15 0x0000000000000000
core   0: 0x0000000080005336 (0x0149aa33) slt     s4, s3, s4
core   0: 1 0x0000000080005336 (0x0149aa33) x20 0x0000000000000000
core   0: 0x000000008000533a (0x238c1cd3) fsgnjn.d fs9, fs8, fs8
core   0: 1 0x000000008000533a (0x238c1cd3) f25 0xfff8000000000000
core   0: 0x000000008000533e (0xb14ee397) auipc   t2, 0xb14ee
core   0: 1 0x000000008000533e (0xb14ee397) x7  0x00000000314f333e
core   0: 0x0000000080005342 (0x00bc55bb) srlw    a1, s8, a1
core   0: 1 0x0000000080005342 (0x00bc55bb) x11 0x0000000000001000
core   0: 0x0000000080005346 (0x1b82f1d3) fdiv.d  ft3, ft5, fs8
core   0: 1 0x0000000080005346 (0x1b82f1d3) f3  0x7ff8000000000000
core   0: 0x000000008000534a (0x01706db3) or      s11, zero, s7
core   0: 1 0x000000008000534a (0x01706db3) x27 0x0000006ec24bf1ba
core   0: 0x000000008000534e (0x06f57913) andi    s2, a0, 111
core   0: 1 0x000000008000534e (0x06f57913) x18 0x0000000000000000
core   0: 0x0000000080005352 (0xc211f1d3) fcvt.wu.d gp, ft3
core   0: 1 0x0000000080005352 (0xc211f1d3) c1_fflags 0x0000000000000011 x3  0xffffffffffffffff
core   0: 0x0000000080005356 (0x03293d33) mulhu   s10, s2, s2
core   0: 1 0x0000000080005356 (0x03293d33) x26 0x0000000000000000
core   0: 0x000000008000535a (0xc2237ad3) fcvt.l.d s5, ft6
core   0: 1 0x000000008000535a (0xc2237ad3) c1_fflags 0x0000000000000011 x21 0x7fffffffffffffff
core   0: 0x000000008000535e (0x03dd15b3) mulh    a1, s10, t4
core   0: 1 0x000000008000535e (0x03dd15b3) x11 0x0000000000000000
core   0: 0x0000000080005362 (0x8a51f843) fmadd.d fa6, ft3, ft5, fa7
core   0: 1 0x0000000080005362 (0x8a51f843) f16 0x7ff8000000000000
core   0: 0x0000000080005366 (0x004686bb) addw    a3, a3, tp
core   0: 1 0x0000000080005366 (0x004686bb) x13 0x0000000000000000
core   0: 0x000000008000536a (0x000094d6) c.add   s1, s5
core   0: 1 0x000000008000536a (0x94d6) x9  0x8000000000000e78
core   0: 0x000000008000536c (0x03ccce3b) divw    t3, s9, t3
core   0: 1 0x000000008000536c (0x03ccce3b) x28 0xffffffffffffffff
core   0: 0x0000000080005370 (0x02ac453b) divw    a0, s8, a0
core   0: 1 0x0000000080005370 (0x02ac453b) x10 0xfffffffff8000608
core   0: 0x0000000080005374 (0x4130883b) subw    a6, ra, s3
core   0: 1 0x0000000080005374 (0x4130883b) x16 0xffffffff80001ee3
core   0: 0x0000000080005378 (0x0109023b) addw    tp, s2, a6
core   0: 1 0x0000000080005378 (0x0109023b) x4  0xffffffff80001ee3
core   0: 0x000000008000537c (0x01b0f433) and     s0, ra, s11
core   0: 1 0x000000008000537c (0x01b0f433) x8  0x0000000080004010
core   0: 0x0000000080005380 (0x005839b7) lui     s3, 0x583
core   0: 1 0x0000000080005380 (0x005839b7) x19 0x0000000000583000
core   0: 0x0000000080005384 (0x7a19899b) addiw   s3, s3, 1953
core   0: 1 0x0000000080005384 (0x7a19899b) x19 0x00000000005837a1
core   0: 0x0000000080005388 (0x000009ba) c.slli  s3, 14
core   0: 1 0x0000000080005388 (0x09ba) x19 0x000000160de84000
core   0: 0x000000008000538a (0xfa098993) addi    s3, s3, -96
core   0: 1 0x000000008000538a (0xfa098993) x19 0x000000160de83fa0
core   0: 0x000000008000538e (0xe20000d3) fmv.x.d ra, ft0
core   0: 1 0x000000008000538e (0xe20000d3) x1  0xc1ceda0723000000
core   0: 0x0000000080005392 (0x0124193b) sllw    s2, s0, s2
core   0: 1 0x0000000080005392 (0x0124193b) x18 0xffffffff80004010
core   0: 0x0000000080005396 (0x0029c7b3) xor     a5, s3, sp
core   0: 1 0x0000000080005396 (0x0029c7b3) x15 0xffffffe9dbf7ffa0
core   0: 0x000000008000539a (0x00202973) csrrs   s2, frm, zero
core   0: 1 0x000000008000539a (0x00202973) x18 0x0000000000000000
core   0: 0x000000008000539e (0x0270c4b3) div     s1, ra, t2
core   0: 1 0x000000008000539e (0x0270c4b3) x9  0xfffffffebd1e0214
core   0: 0x00000000800053a2 (0x41c6d6bb) sraw    a3, a3, t3
core   0: 1 0x00000000800053a2 (0x41c6d6bb) x13 0x0000000000000000
core   0: 0x00000000800053a6 (0x0ff0000f) fence   iorw,iorw
core   0: 1 0x00000000800053a6 (0x0ff0000f)
core   0: 0x00000000800053aa (0xc03fe173) csrrsi  sp, hpmcounter3, 31
core   0: exception trap_illegal_instruction, epc 0x00000000800053aa
core   0:           tval 0x00000000c03fe173
core   0: >>>>  $xrv64i2p1_m2p0_a2p1_f2p2_d2p2_zicsr2p0_zifencei2p0_zmmul1p0_zba1p0_zbb1p0_zbc1p0_zbs1p0
core   0: 0x0000000080004000 (0x0080006f) j       pc + 0x8
core   0: 3 0x0000000080004000 (0x0080006f)
core   0: >>>>  mmode_exception_handler
core   0: 0x0000000080004008 (0x00002c17) auipc   s8, 0x2
core   0: 3 0x0000000080004008 (0x00002c17) x24 0x0000000080006008
core   0: 0x000000008000400c (0x06ec0c13) addi    s8, s8, 110
core   0: 3 0x000000008000400c (0x06ec0c13) x24 0x0000000080006076
core   0: 0x0000000080004010 (0x000c00e7) jalr    s8
core   0: 3 0x0000000080004010 (0x000c00e7) x1  0x0000000080004014
core   0: >>>>  any_handler
core   0: 0x0000000080006076 (0x341027f3) csrrs   a5, mepc, zero
core   0: 3 0x0000000080006076 (0x341027f3) x15 0x00000000800053aa
core   0: 0x000000008000607a (0x34202773) csrrs   a4, mcause, zero
core   0: 3 0x000000008000607a (0x34202773) x14 0x0000000000000002
core   0: 0x000000008000607e (0x142026f3) csrrs   a3, scause, zero
core   0: 3 0x000000008000607e (0x142026f3) x13 0x0000000000000000
core   0: 0x0000000080006082 (0x30402673) csrrs   a2, mie, zero
core   0: 3 0x0000000080006082 (0x30402673) x12 0x0000000000000a00
core   0: 0x0000000080006086 (0x344025f3) csrrs   a1, mip, zero
core   0: 3 0x0000000080006086 (0x344025f3) x11 0x0000000000000080
core   0: 0x000000008000608a (0x343025f3) csrrs   a1, mtval, zero
core   0: 3 0x000000008000608a (0x343025f3) x11 0x00000000c03fe173
core   0: 0x000000008000608e (0x14302573) csrrs   a0, stval, zero
core   0: 3 0x000000008000608e (0x14302573) x10 0x0000000000000010
core   0: 0x0000000080006092 (0xb02024f3) csrrs   s1, minstret, zero
core   0: 3 0x0000000080006092 (0xb02024f3) x9  0x0000000000000ea8
core   0: 0x0000000080006096 (0x0000a811) c.j     pc + 20
core   0: 3 0x0000000080006096 (0xa811)
core   0: >>>>  mepc_4
core   0: 0x00000000800060aa (0x00000791) c.addi  a5, 4
core   0: 3 0x00000000800060aa (0x0791) x15 0x00000000800053ae
core   0: 0x00000000800060ac (0x34179073) csrrw   zero, mepc, a5
core   0: 3 0x00000000800060ac (0x34179073) c833_mepc 0x00000000800053ae
core   0: 0x00000000800060b0 (0x30200073) mret
core   0: 3 0x00000000800060b0 (0x30200073) c768_mstatus 0x8000000a00106080
core   0: 0x00000000800053ae (0x220819d3) fsgnjn.d fs3, fa6, ft0
core   0: 1 0x00000000800053ae (0x220819d3) f19 0x7ff8000000000000
core   0: 0x00000000800053b2 (0x4026de13) srai    t3, a3, 2
core   0: 1 0x00000000800053b2 (0x4026de13) x28 0x0000000000000000
core   0: 0x00000000800053b6 (0x416d5e1b) sraiw   t3, s10, 22
core   0: 1 0x00000000800053b6 (0x416d5e1b) x28 0x0000000000000000
core   0: 0x00000000800053ba (0x001292f3) csrrw   t0, fflags, t0
core   0: 1 0x00000000800053ba (0x001292f3) x5  0x0000000000000011 c1_fflags 0x0000000000000003
core   0: 0x00000000800053be (0x400ed313) srai    t1, t4, 0
core   0: 1 0x00000000800053be (0x400ed313) x6  0x0000000000000001
core   0: 0x00000000800053c2 (0x030079d3) fadd.d  fs3, ft0, fa6
core   0: 1 0x00000000800053c2 (0x030079d3) f19 0x7ff8000000000000
core   0: 0x00000000800053c6 (0xa3408a1b) addiw   s4, ra, -1484
core   0: 1 0x00000000800053c6 (0xa3408a1b) x20 0xffffffff80003a48
core   0: 0x00000000800053ca (0xd221fad3) fcvt.d.l fs5, gp
core   0: 1 0x00000000800053ca (0xd221fad3) f21 0xbff0000000000000
core   0: 0x00000000800053ce (0xd2078dd3) fcvt.d.w fs11, a5
core   0: 1 0x00000000800053ce (0xd2078dd3) f27 0xc1dfffeb14800000
core   0: 0x00000000800053d2 (0x03b37753) fadd.d  fa4, ft6, fs11
core   0: 1 0x00000000800053d2 (0x03b37753) f14 0x7ff8000000000000
core   0: 0x00000000800053d6 (0x0017d59b) srliw   a1, a5, 1
core   0: 1 0x00000000800053d6 (0x0017d59b) x11 0x00000000400029d7
core   0: 0x00000000800053da (0x00f5969b) slliw   a3, a1, 15
core   0: 1 0x00000000800053da (0x00f5969b) x13 0x0000000014eb8000
core   0: 0x00000000800053de (0xe3a66413) ori     s0, a2, -454
core   0: 1 0x00000000800053de (0xe3a66413) x8  0xfffffffffffffe3a
core   0: 0x00000000800053e2 (0x00decab3) xor     s5, t4, a3
core   0: 1 0x00000000800053e2 (0x00decab3) x21 0x0000000014eb8001
core   0: 0x00000000800053e6 (0x40d6d4bb) sraw    s1, a3, a3
core   0: 1 0x00000000800053e6 (0x40d6d4bb) x9  0x0000000014eb8000
core   0: 0x00000000800053ea (0x029afb3b) remuw   s6, s5, s1
core   0: 1 0x00000000800053ea (0x029afb3b) x22 0x0000000000000001
core   0: 0x00000000800053ee (0x0018fe93) andi    t4, a7, 1
core   0: 1 0x00000000800053ee (0x0018fe93) x29 0x0000000000000000
core   0: 0x00000000800053f2 (0x00202c73) csrrs   s8, frm, zero
core   0: 1 0x00000000800053f2 (0x00202c73) x24 0x0000000000000000
core   0: 0x00000000800053f6 (0x1a637353) fdiv.d  ft6, ft6, ft6
core   0: 1 0x00000000800053f6 (0x1a637353) f6  0x7ff8000000000000
core   0: 0x00000000800053fa (0x01ae933b) sllw    t1, t4, s10
core   0: 1 0x00000000800053fa (0x01ae933b) x6  0x0000000000000000
core   0: 0x00000000800053fe (0x00aad9bb) srlw    s3, s5, a0
core   0: 1 0x00000000800053fe (0x00aad9bb) x19 0x00000000000014eb
core   0: 0x0000000080005402 (0x22029053) fsgnjn.d ft0, ft5, ft0
core   0: 1 0x0000000080005402 (0x22029053) f0  0x3ff0000000000000
core   0: 0x0000000080005406 (0x13a27d53) fmul.d  fs10, ft4, fs10
core   0: 1 0x0000000080005406 (0x13a27d53) f26 0x7ff8000000000000
core   0: 0x000000008000540a (0x00102273) csrrs   tp, fflags, zero
core   0: 1 0x000000008000540a (0x00102273) x4  0x0000000000000003
core   0: 0x000000008000540e (0xd0267a53) fcvt.s.l fs4, a2
core   0: 1 0x000000008000540e (0xd0267a53) f20 0xffffffff45200000
core   0: 0x0000000080005412 (0x0104f633) and     a2, s1, a6
core   0: 1 0x0000000080005412 (0x0104f633) x12 0x0000000000000000
core   0: 0x0000000080005416 (0x5ad1fcc7) fmsub.d fs9, ft3, fa3, fa1
core   0: 1 0x0000000080005416 (0x5ad1fcc7) f25 0x7ff8000000000000
core   0: 0x000000008000541a (0xe20b84d3) fmv.x.d s1, fs7
core   0: 1 0x000000008000541a (0xe20b84d3) x9  0x0000000000000000
core   0: 0x000000008000541e (0xd237f8d3) fcvt.d.lu fa7, a5
core   0: 1 0x000000008000541e (0xd237f8d3) f17 0x41e0000a75c00000
core   0: 0x0000000080005422 (0x00000001) c.nop
core   0: 1 0x0000000080005422 (0x0001)
core   0: 0x0000000080005424 (0x02173b33) mulhu   s6, a4, ra
core   0: 1 0x0000000080005424 (0x02173b33) x22 0x0000000000000000
core   0: 0x0000000080005428 (0x00075e1b) srliw   t3, a4, 0
core   0: 1 0x0000000080005428 (0x00075e1b) x28 0x0000000000000002
core   0: 0x000000008000542c (0x14b38113) addi    sp, t2, 331
core   0: 1 0x000000008000542c (0x14b38113) x2  0x00000000314f3489
core   0: 0x0000000080005430 (0x03b6dd3b) divuw   s10, a3, s11
core   0: 1 0x0000000080005430 (0x03b6dd3b) x26 0x0000000000000000
core   0: 0x0000000080005434 (0xc21bfe53) fcvt.wu.d t3, fs7
core   0: 1 0x0000000080005434 (0xc21bfe53) x28 0x0000000000000000
core   0: 0x0000000080005438 (0xc234f9d3) fcvt.lu.d s3, fs1
core   0: 1 0x0000000080005438 (0xc234f9d3) c1_fflags 0x0000000000000013 x19 0xffffffffffffffff
core   0: 0x000000008000543c (0x4093d613) srai    a2, t2, 9
core   0: 1 0x000000008000543c (0x4093d613) x12 0x000000000018a799
core   0: 0x0000000080005440 (0x437fdd37) lui     s10, 0x437fd
core   0: 1 0x0000000080005440 (0x437fdd37) x26 0x00000000437fd000
core   0: 0x0000000080005444 (0xc0bb8937) lui     s2, 0xc0bb8
core   0: 1 0x0000000080005444 (0xc0bb8937) x18 0xffffffffc0bb8000
core   0: 0x0000000080005448 (0xafb94693) xori    a3, s2, -1285
core   0: 1 0x0000000080005448 (0xafb94693) x13 0x000000003f447afb
core   0: 0x000000008000544c (0x038b5c33) divu    s8, s6, s8
core   0: 1 0x000000008000544c (0x038b5c33) x24 0xffffffffffffffff
core   0: 0x0000000080005450 (0x035abab3) mulhu   s5, s5, s5
core   0: 1 0x0000000080005450 (0x035abab3) x21 0x0000000000000000
core   0: 0x0000000080005454 (0x800d0d1b) addiw   s10, s10, -2048
core   0: 1 0x0000000080005454 (0x800d0d1b) x26 0x00000000437fc800
core   0: 0x0000000080005458 (0x420980d3) fcvt.d.s ft1, fs3
core   0: 1 0x0000000080005458 (0x420980d3) f1  0x7ff8000000000000
core   0: 0x000000008000545c (0x03fe1193) slli    gp, t3, 63
core   0: 1 0x000000008000545c (0x03fe1193) x3  0x0000000000000000
core   0: 0x0000000080005460 (0x00e18533) add     a0, gp, a4
core   0: 1 0x0000000080005460 (0x00e18533) x10 0x0000000000000002
core   0: 0x0000000080005464 (0x0313cc3b) divw    s8, t2, a7
core   0: 1 0x0000000080005464 (0x0313cc3b) x24 0xffffffffffffffff
core   0: 0x0000000080005468 (0x1432dbf3) csrrwi  s7, stval, 5
core   0: 1 0x0000000080005468 (0x1432dbf3) x23 0x0000000000000010 c323_stval 0x0000000000000005
core   0: 0x000000008000546c (0x02724333) div     t1, tp, t2
core   0: 1 0x000000008000546c (0x02724333) x6  0x0000000000000000
core   0: 0x0000000080005470 (0x1a7773d3) fdiv.d  ft7, fa4, ft7
core   0: 1 0x0000000080005470 (0x1a7773d3) f7  0x7ff8000000000000
core   0: 0x0000000080005474 (0x0203c8bb) divw    a7, t2, zero
core   0: 1 0x0000000080005474 (0x0203c8bb) x17 0xffffffffffffffff
core   0: 0x0000000080005478 (0x3b5c7443) fmadd.d fs0, fs8, fs5, ft7
core   0: 1 0x0000000080005478 (0x3b5c7443) f8  0x7ff8000000000000
core   0: 0x000000008000547c (0x00326db3) or      s11, tp, gp
core   0: 1 0x000000008000547c (0x00326db3) x27 0x0000000000000003
core   0: 0x0000000080005480 (0xe2078d53) fmv.x.d s10, fa5
core   0: 1 0x0000000080005480 (0xe2078d53) x26 0xffffffff4f000060
core   0: 0x0000000080005484 (0x403c0c33) sub     s8, s8, gp
core   0: 1 0x0000000080005484 (0x403c0c33) x24 0xffffffffffffffff
core   0: 0x0000000080005488 (0xc23ef353) fcvt.lu.d t1, ft9
core   0: 1 0x0000000080005488 (0xc23ef353) x6  0x0000000080006076
core   0: 0x000000008000548c (0x90cb0c93) addi    s9, s6, -1780
core   0: 1 0x000000008000548c (0x90cb0c93) x25 0xfffffffffffff90c
core   0: 0x0000000080005490 (0xa2f783d3) fle.d   t2, fa5, fa5
core   0: 1 0x0000000080005490 (0xa2f783d3) c1_fflags 0x0000000000000013 x7  0x0000000000000000
core   0: 0x0000000080005494 (0x0304583b) divuw   a6, s0, a6
core   0: 1 0x0000000080005494 (0x0304583b) x16 0x0000000000000001
core   0: 0x0000000080005498 (0x00008d61) c.and   a0, s0
core   0: 1 0x0000000080005498 (0x8d61) x10 0x0000000000000002
core   0: 0x000000008000549a (0x0374d7bb) divuw   a5, s1, s7
core   0: 1 0x000000008000549a (0x0374d7bb) x15 0x0000000000000000
core   0: 0x000000008000549e (0xc031a5f3) csrrs   a1, hpmcounter3, gp
core   0: exception trap_illegal_instruction, epc 0x000000008000549e
core   0:           tval 0x00000000c031a5f3
core   0: >>>>  $xrv64i2p1_m2p0_a2p1_f2p2_d2p2_zicsr2p0_zifencei2p0_zmmul1p0_zba1p0_zbb1p0_zbc1p0_zbs1p0
core   0: 0x0000000080004000 (0x0080006f) j       pc + 0x8
core   0: 3 0x0000000080004000 (0x0080006f)
core   0: >>>>  mmode_exception_handler
core   0: 0x0000000080004008 (0x00002c17) auipc   s8, 0x2
core   0: 3 0x0000000080004008 (0x00002c17) x24 0x0000000080006008
core   0: 0x000000008000400c (0x06ec0c13) addi    s8, s8, 110
core   0: 3 0x000000008000400c (0x06ec0c13) x24 0x0000000080006076
core   0: 0x0000000080004010 (0x000c00e7) jalr    s8
core   0: 3 0x0000000080004010 (0x000c00e7) x1  0x0000000080004014
core   0: >>>>  any_handler
core   0: 0x0000000080006076 (0x341027f3) csrrs   a5, mepc, zero
core   0: 3 0x0000000080006076 (0x341027f3) x15 0x000000008000549e
core   0: 0x000000008000607a (0x34202773) csrrs   a4, mcause, zero
core   0: 3 0x000000008000607a (0x34202773) x14 0x0000000000000002
core   0: 0x000000008000607e (0x142026f3) csrrs   a3, scause, zero
core   0: 3 0x000000008000607e (0x142026f3) x13 0x0000000000000000
core   0: 0x0000000080006082 (0x30402673) csrrs   a2, mie, zero
core   0: 3 0x0000000080006082 (0x30402673) x12 0x0000000000000a00
core   0: 0x0000000080006086 (0x344025f3) csrrs   a1, mip, zero
core   0: 3 0x0000000080006086 (0x344025f3) x11 0x0000000000000080
core   0: 0x000000008000608a (0x343025f3) csrrs   a1, mtval, zero
core   0: 3 0x000000008000608a (0x343025f3) x11 0x00000000c031a5f3
core   0: 0x000000008000608e (0x14302573) csrrs   a0, stval, zero
core   0: 3 0x000000008000608e (0x14302573) x10 0x0000000000000005
core   0: 0x0000000080006092 (0xb02024f3) csrrs   s1, minstret, zero
core   0: 3 0x0000000080006092 (0xb02024f3) x9  0x0000000000000ef5
core   0: 0x0000000080006096 (0x0000a811) c.j     pc + 20
core   0: 3 0x0000000080006096 (0xa811)
core   0: >>>>  mepc_4
core   0: 0x00000000800060aa (0x00000791) c.addi  a5, 4
core   0: 3 0x00000000800060aa (0x0791) x15 0x00000000800054a2
core   0: 0x00000000800060ac (0x34179073) csrrw   zero, mepc, a5
core   0: 3 0x00000000800060ac (0x34179073) c833_mepc 0x00000000800054a2
core   0: 0x00000000800060b0 (0x30200073) mret
core   0: 3 0x00000000800060b0 (0x30200073) c768_mstatus 0x8000000a00106080
core   0: 0x00000000800054a2 (0x019b43b3) xor     t2, s6, s9
core   0: 1 0x00000000800054a2 (0x019b43b3) x7  0xfffffffffffff90c
core   0: 0x00000000800054a6 (0x13ef72d3) fmul.d  ft5, ft10, ft10
core   0: 1 0x00000000800054a6 (0x13ef72d3) f5  0x7ff8000000000000
core   0: 0x00000000800054aa (0x0324d693) srli    a3, s1, 50
core   0: 1 0x00000000800054aa (0x0324d693) x13 0x0000000000000000
core   0: 0x00000000800054ae (0xc2347dd3) fcvt.lu.d s11, fs0
core   0: 1 0x00000000800054ae (0xc2347dd3) c1_fflags 0x0000000000000013 x27 0xffffffffffffffff
core   0: 0x00000000800054b2 (0x0065013b) addw    sp, a0, t1
core   0: 1 0x00000000800054b2 (0x0065013b) x2  0xffffffff8000607b
core   0: 0x00000000800054b6 (0x400dd41b) sraiw   s0, s11, 0
core   0: 1 0x00000000800054b6 (0x400dd41b) x8  0xffffffffffffffff
core   0: 0x00000000800054ba (0xf2028a53) fmv.d.x fs4, t0
core   0: 1 0x00000000800054ba (0xf2028a53) f20 0x0000000000000011
core   0: 0x00000000800054be (0x00102bf3) csrrs   s7, fflags, zero
core   0: 1 0x00000000800054be (0x00102bf3) x23 0x0000000000000013
core   0: 0x00000000800054c2 (0x003241b3) xor     gp, tp, gp
core   0: 1 0x00000000800054c2 (0x003241b3) x3  0x0000000000000003
core   0: 0x00000000800054c6 (0x0204643b) remw    s0, s0, zero
core   0: 1 0x00000000800054c6 (0x0204643b) x8  0xffffffffffffffff
core   0: 0x00000000800054ca (0x342b29f3) csrrs   s3, mcause, s6
core   0: exception trap_illegal_instruction, epc 0x00000000800054ca
core   0:           tval 0x00000000342b29f3
core   0: >>>>  $xrv64i2p1_m2p0_a2p1_f2p2_d2p2_zicsr2p0_zifencei2p0_zmmul1p0_zba1p0_zbb1p0_zbc1p0_zbs1p0
core   0: 0x0000000080004000 (0x0080006f) j       pc + 0x8
core   0: 3 0x0000000080004000 (0x0080006f)
core   0: >>>>  mmode_exception_handler
core   0: 0x0000000080004008 (0x00002c17) auipc   s8, 0x2
core   0: 3 0x0000000080004008 (0x00002c17) x24 0x0000000080006008
core   0: 0x000000008000400c (0x06ec0c13) addi    s8, s8, 110
core   0: 3 0x000000008000400c (0x06ec0c13) x24 0x0000000080006076
core   0: 0x0000000080004010 (0x000c00e7) jalr    s8
core   0: 3 0x0000000080004010 (0x000c00e7) x1  0x0000000080004014
core   0: >>>>  any_handler
core   0: 0x0000000080006076 (0x341027f3) csrrs   a5, mepc, zero
core   0: 3 0x0000000080006076 (0x341027f3) x15 0x00000000800054ca
core   0: 0x000000008000607a (0x34202773) csrrs   a4, mcause, zero
core   0: 3 0x000000008000607a (0x34202773) x14 0x0000000000000002
core   0: 0x000000008000607e (0x142026f3) csrrs   a3, scause, zero
core   0: 3 0x000000008000607e (0x142026f3) x13 0x0000000000000000
core   0: 0x0000000080006082 (0x30402673) csrrs   a2, mie, zero
core   0: 3 0x0000000080006082 (0x30402673) x12 0x0000000000000a00
core   0: 0x0000000080006086 (0x344025f3) csrrs   a1, mip, zero
core   0: 3 0x0000000080006086 (0x344025f3) x11 0x0000000000000080
core   0: 0x000000008000608a (0x343025f3) csrrs   a1, mtval, zero
core   0: 3 0x000000008000608a (0x343025f3) x11 0x00000000342b29f3
core   0: 0x000000008000608e (0x14302573) csrrs   a0, stval, zero
core   0: 3 0x000000008000608e (0x14302573) x10 0x0000000000000005
core   0: 0x0000000080006092 (0xb02024f3) csrrs   s1, minstret, zero
core   0: 3 0x0000000080006092 (0xb02024f3) x9  0x0000000000000f0f
core   0: 0x0000000080006096 (0x0000a811) c.j     pc + 20
core   0: 3 0x0000000080006096 (0xa811)
core   0: >>>>  mepc_4
core   0: 0x00000000800060aa (0x00000791) c.addi  a5, 4
core   0: 3 0x00000000800060aa (0x0791) x15 0x00000000800054ce
core   0: 0x00000000800060ac (0x34179073) csrrw   zero, mepc, a5
core   0: 3 0x00000000800060ac (0x34179073) c833_mepc 0x00000000800054ce
core   0: 0x00000000800060b0 (0x30200073) mret
core   0: 3 0x00000000800060b0 (0x30200073) c768_mstatus 0x8000000a00106080
core   0: 0x00000000800054ce (0x22948c53) fsgnj.d fs8, fs1, fs1
core   0: 1 0x00000000800054ce (0x22948c53) f24 0x7ff8000000000000
core   0: 0x00000000800054d2 (0x008df1b3) and     gp, s11, s0
core   0: 1 0x00000000800054d2 (0x008df1b3) x3  0xffffffffffffffff
core   0: 0x00000000800054d6 (0x0150dc1b) srliw   s8, ra, 21
core   0: 1 0x00000000800054d6 (0x0150dc1b) x24 0x0000000000000400
core   0: 0x00000000800054da (0x018c12bb) sllw    t0, s8, s8
core   0: 1 0x00000000800054da (0x018c12bb) x5  0x0000000000000400
core   0: 0x00000000800054de (0x03745233) divu    tp, s0, s7
core   0: 1 0x00000000800054de (0x03745233) x4  0x0d79435e50d79435
core   0: 0x00000000800054e2 (0x82ac2e93) slti    t4, s8, -2006
core   0: 1 0x00000000800054e2 (0x82ac2e93) x29 0x0000000000000000
core   0: 0x00000000800054e6 (0x01980333) add     t1, a6, s9
core   0: 1 0x00000000800054e6 (0x01980333) x6  0xfffffffffffff90d
core   0: 0x00000000800054ea (0x000050b3) srl     ra, zero, zero
core   0: 1 0x00000000800054ea (0x000050b3) x1  0x0000000000000000
core   0: 0x00000000800054ee (0x00b6a233) slt     tp, a3, a1
core   0: 1 0x00000000800054ee (0x00b6a233) x4  0x0000000000000001
core   0: 0x00000000800054f2 (0x00008eb5) c.xor   a3, a3
core   0: 1 0x00000000800054f2 (0x8eb5) x13 0x0000000000000000
core   0: 0x00000000800054f4 (0x2b849ad3) fmax.d  fs5, fs1, fs8
core   0: 1 0x00000000800054f4 (0x2b849ad3) f21 0x7ff8000000000000
core   0: 0x00000000800054f8 (0x4aad7d4f) fnmadd.d fs10, fs10, fa0, fs1
core   0: 1 0x00000000800054f8 (0x4aad7d4f) f26 0x7ff8000000000000
core   0: 0x00000000800054fc (0x00202073) csrrs   zero, frm, zero
core   0: 1 0x00000000800054fc (0x00202073)
core   0: 0x0000000080005500 (0x00085a33) srl     s4, a6, zero
core   0: 1 0x0000000080005500 (0x00085a33) x20 0x0000000000000001
core   0: 0x0000000080005504 (0x02cd3633) mulhu   a2, s10, a2
core   0: 1 0x0000000080005504 (0x02cd3633) x12 0x00000000000009ff
core   0: 0x0000000080005508 (0x401f7fd3) fcvt.s.d ft11, ft10
core   0: 1 0x0000000080005508 (0x401f7fd3) f31 0xffffffff7fc00000
core   0: 0x000000008000550c (0x00640b33) add     s6, s0, t1
core   0: 1 0x000000008000550c (0x00640b33) x22 0xfffffffffffff90c
core   0: 0x0000000080005510 (0x00c45ab3) srl     s5, s0, a2
core   0: 1 0x0000000080005510 (0x00c45ab3) x21 0x0000000000000001
core   0: 0x0000000080005514 (0x40197d53) fcvt.s.d fs10, fs2
core   0: 1 0x0000000080005514 (0x40197d53) f26 0xffffffff7fc00000
core   0: 0x0000000080005518 (0xfffa029b) addiw   t0, s4, -1
core   0: 1 0x0000000080005518 (0xfffa029b) x5  0x0000000000000000
core   0: 0x000000008000551c (0x2a4907d3) fmin.d  fa5, fs2, ft4
core   0: 1 0x000000008000551c (0x2a4907d3) f15 0x7ff8000000000000
core   0: 0x0000000080005520 (0xc2227a53) fcvt.l.d s4, ft4
core   0: 1 0x0000000080005520 (0xc2227a53) c1_fflags 0x0000000000000013 x20 0x7fffffffffffffff
core   0: 0x0000000080005524 (0xc23e7853) fcvt.lu.d a6, ft8
core   0: 1 0x0000000080005524 (0xc23e7853) c1_fflags 0x0000000000000013 x16 0xffffffffffffffff
core   0: 0x0000000080005528 (0x00102c73) csrrs   s8, fflags, zero
core   0: 1 0x0000000080005528 (0x00102c73) x24 0x0000000000000013
core   0: 0x000000008000552c (0x02520633) mul     a2, tp, t0
core   0: 1 0x000000008000552c (0x02520633) x12 0x0000000000000000
core   0: 0x0000000080005530 (0x01231893) slli    a7, t1, 18
core   0: 1 0x0000000080005530 (0x01231893) x17 0xffffffffe4340000
core   0: 0x0000000080005534 (0x03d888bb) mulw    a7, a7, t4
core   0: 1 0x0000000080005534 (0x03d888bb) x17 0x0000000000000000
core   0: 0x0000000080005538 (0x0018ec13) ori     s8, a7, 1
core   0: 1 0x0000000080005538 (0x0018ec13) x24 0x0000000000000001
core   0: 0x000000008000553c (0x0136e5b3) or      a1, a3, s3
core   0: 1 0x000000008000553c (0x0136e5b3) x11 0xffffffffffffffff
core   0: 0x0000000080005540 (0x01cc873b) addw    a4, s9, t3
core   0: 1 0x0000000080005540 (0x01cc873b) x14 0xfffffffffffff90c
core   0: 0x0000000080005544 (0x02eb7db3) remu    s11, s6, a4
core   0: 1 0x0000000080005544 (0x02eb7db3) x27 0x0000000000000000
core   0: 0x0000000080005548 (0xc22d70d3) fcvt.l.d ra, fs10
core   0: 1 0x0000000080005548 (0xc22d70d3) c1_fflags 0x0000000000000013 x1  0x7fffffffffffffff
core   0: 0x000000008000554c (0x41355bb3) sra     s7, a0, s3
core   0: 1 0x000000008000554c (0x41355bb3) x23 0x0000000000000000
core   0: 0x0000000080005550 (0x134cfa53) fmul.d  fs4, fs9, fs4
core   0: 1 0x0000000080005550 (0x134cfa53) f20 0x7ff8000000000000
core   0: 0x0000000080005554 (0x40ad581b) sraiw   a6, s10, 10
core   0: 1 0x0000000080005554 (0x40ad581b) x16 0x000000000013c000
core   0: 0x0000000080005558 (0x00246433) or      s0, s0, sp
core   0: 1 0x0000000080005558 (0x00246433) x8  0xffffffffffffffff
core   0: 0x000000008000555c (0x408785bb) subw    a1, a5, s0
core   0: 1 0x000000008000555c (0x408785bb) x11 0xffffffff800054cf
core   0: 0x0000000080005560 (0xa3437ecf) fnmadd.d ft9, ft6, fs4, fs4
core   0: 1 0x0000000080005560 (0xa3437ecf) f29 0x7ff8000000000000
core   0: 0x0000000080005564 (0x33d378c3) fmadd.d fa7, ft6, ft9, ft6
core   0: 1 0x0000000080005564 (0x33d378c3) f17 0x7ff8000000000000
core   0: 0x0000000080005568 (0xc237fa53) fcvt.lu.d s4, fa5
core   0: 1 0x0000000080005568 (0xc237fa53) c1_fflags 0x0000000000000013 x20 0xffffffffffffffff
core   0: 0x000000008000556c (0x00065613) srli    a2, a2, 0
core   0: 1 0x000000008000556c (0x00065613) x12 0x0000000000000000
core   0: 0x0000000080005570 (0x00482833) slt     a6, a6, tp
core   0: 1 0x0000000080005570 (0x00482833) x16 0x0000000000000000
core   0: 0x0000000080005574 (0x00a415bb) sllw    a1, s0, a0
core   0: 1 0x0000000080005574 (0x00a415bb) x11 0xffffffffffffffe0
core   0: 0x0000000080005578 (0x010875b3) and     a1, a6, a6
core   0: 1 0x0000000080005578 (0x010875b3) x11 0x0000000000000000
core   0: 0x000000008000557c (0x2b9f8fd3) fmin.d  ft11, ft11, fs9
core   0: 1 0x000000008000557c (0x2b9f8fd3) f31 0x7ff8000000000000
core   0: 0x0000000080005580 (0x93d97ccf) fnmadd.d fs9, fs2, ft9, fs2
core   0: 1 0x0000000080005580 (0x93d97ccf) f25 0x7ff8000000000000
core   0: 0x0000000080005584 (0x00000001) c.nop
core   0: 1 0x0000000080005584 (0x0001)
core   0: 0x0000000080005586 (0x3403f9f3) csrrci  s3, mscratch, 7
core   0: exception trap_illegal_instruction, epc 0x0000000080005586
core   0:           tval 0x000000003403f9f3
core   0: >>>>  $xrv64i2p1_m2p0_a2p1_f2p2_d2p2_zicsr2p0_zifencei2p0_zmmul1p0_zba1p0_zbb1p0_zbc1p0_zbs1p0
core   0: 0x0000000080004000 (0x0080006f) j       pc + 0x8
core   0: 3 0x0000000080004000 (0x0080006f)
core   0: >>>>  mmode_exception_handler
core   0: 0x0000000080004008 (0x00002c17) auipc   s8, 0x2
core   0: 3 0x0000000080004008 (0x00002c17) x24 0x0000000080006008
core   0: 0x000000008000400c (0x06ec0c13) addi    s8, s8, 110
core   0: 3 0x000000008000400c (0x06ec0c13) x24 0x0000000080006076
core   0: 0x0000000080004010 (0x000c00e7) jalr    s8
core   0: 3 0x0000000080004010 (0x000c00e7) x1  0x0000000080004014
core   0: >>>>  any_handler
core   0: 0x0000000080006076 (0x341027f3) csrrs   a5, mepc, zero
core   0: 3 0x0000000080006076 (0x341027f3) x15 0x0000000080005586
core   0: 0x000000008000607a (0x34202773) csrrs   a4, mcause, zero
core   0: 3 0x000000008000607a (0x34202773) x14 0x0000000000000002
core   0: 0x000000008000607e (0x142026f3) csrrs   a3, scause, zero
core   0: 3 0x000000008000607e (0x142026f3) x13 0x0000000000000000
core   0: 0x0000000080006082 (0x30402673) csrrs   a2, mie, zero
core   0: 3 0x0000000080006082 (0x30402673) x12 0x0000000000000a00
core   0: 0x0000000080006086 (0x344025f3) csrrs   a1, mip, zero
core   0: 3 0x0000000080006086 (0x344025f3) x11 0x0000000000000080
core   0: 0x000000008000608a (0x343025f3) csrrs   a1, mtval, zero
core   0: 3 0x000000008000608a (0x343025f3) x11 0x000000003403f9f3
core   0: 0x000000008000608e (0x14302573) csrrs   a0, stval, zero
core   0: 3 0x000000008000608e (0x14302573) x10 0x0000000000000005
core   0: 0x0000000080006092 (0xb02024f3) csrrs   s1, minstret, zero
core   0: 3 0x0000000080006092 (0xb02024f3) x9  0x0000000000000f4e
core   0: 0x0000000080006096 (0x0000a811) c.j     pc + 20
core   0: 3 0x0000000080006096 (0xa811)
core   0: >>>>  mepc_4
core   0: 0x00000000800060aa (0x00000791) c.addi  a5, 4
core   0: 3 0x00000000800060aa (0x0791) x15 0x000000008000558a
core   0: 0x00000000800060ac (0x34179073) csrrw   zero, mepc, a5
core   0: 3 0x00000000800060ac (0x34179073) c833_mepc 0x000000008000558a
core   0: 0x00000000800060b0 (0x30200073) mret
core   0: 3 0x00000000800060b0 (0x30200073) c768_mstatus 0x8000000a00106080
core   0: 0x000000008000558a (0x40187753) fcvt.s.d fa4, fa6
core   0: 1 0x000000008000558a (0x40187753) f14 0xffffffff7fc00000
core   0: 0x000000008000558e (0xc03b7353) fcvt.lu.s t1, fs6
core   0: 1 0x000000008000558e (0xc03b7353) c1_fflags 0x0000000000000013 x6  0xffffffffffffffff
core   0: 0x0000000080005592 (0xcaeb704b) fnmsub.d ft0, fs6, fa4, fs9
core   0: 1 0x0000000080005592 (0xcaeb704b) f0  0x7ff8000000000000
core   0: 0x0000000080005596 (0x420f8d53) fcvt.d.s fs10, ft11
core   0: 1 0x0000000080005596 (0x420f8d53) f26 0x7ff8000000000000
core   0: 0x000000008000559a (0x83b576cf) fnmadd.d fa3, fa0, fs11, fa6
core   0: 1 0x000000008000559a (0x83b576cf) f13 0x7ff8000000000000
core   0: 0x000000008000559e (0x01549a3b) sllw    s4, s1, s5
core   0: 1 0x000000008000559e (0x01549a3b) x20 0x0000000000001e9c
core   0: 0x00000000800055a2 (0x029dd0b3) divu    ra, s11, s1
core   0: 1 0x00000000800055a2 (0x029dd0b3) x1  0x0000000000000000
core   0: 0x00000000800055a6 (0x02a9453b) divw    a0, s2, a0
core   0: 1 0x00000000800055a6 (0x02a9453b) x10 0xfffffffff358b334
core   0: 0x00000000800055aa (0x9a7cfcc7) fmsub.d fs9, fs9, ft7, fs3
core   0: 1 0x00000000800055aa (0x9a7cfcc7) f25 0x7ff8000000000000
core   0: 0x00000000800055ae (0x4014d11b) sraiw   sp, s1, 1
core   0: 1 0x00000000800055ae (0x4014d11b) x2  0x00000000000007a7
core   0: 0x00000000800055b2 (0x42050853) fcvt.d.s fa6, fa0
core   0: 1 0x00000000800055b2 (0x42050853) f16 0x7ff8000000000000
core   0: 0x00000000800055b6 (0xde810213) addi    tp, sp, -536
core   0: 1 0x00000000800055b6 (0xde810213) x4  0x000000000000058f
core   0: 0x00000000800055ba (0x018d6d33) or      s10, s10, s8
core   0: 1 0x00000000800055ba (0x018d6d33) x26 0xffffffffcf006076
core   0: 0x00000000800055be (0xcae7879b) addiw   a5, a5, -850
core   0: 1 0x00000000800055be (0xcae7879b) x15 0xffffffff80005238
core   0: 0x00000000800055c2 (0x400e589b) sraiw   a7, t3, 0
core   0: 1 0x00000000800055c2 (0x400e589b) x17 0x0000000000000000
core   0: 0x00000000800055c6 (0xfff91837) lui     a6, 0xfff91
core   0: 1 0x00000000800055c6 (0xfff91837) x16 0xfffffffffff91000
core   0: 0x00000000800055ca (0x9398081b) addiw   a6, a6, -1735
core   0: 1 0x00000000800055ca (0x9398081b) x16 0xfffffffffff90939
core   0: 0x00000000800055ce (0x00000842) c.slli  a6, 16
core   0: 1 0x00000000800055ce (0x0842) x16 0xfffffff909390000
core   0: 0x00000000800055d0 (0xac380813) addi    a6, a6, -1341
core   0: 1 0x00000000800055d0 (0xac380813) x16 0xfffffff90938fac3
core   0: 0x00000000800055d4 (0x0187fd33) and     s10, a5, s8
core   0: 1 0x00000000800055d4 (0x0187fd33) x26 0x0000000080004030
core   0: 0x00000000800055d8 (0xbaaf76cf) fnmadd.d fa3, ft10, fa0, fs7
core   0: 1 0x00000000800055d8 (0xbaaf76cf) f13 0x7ff8000000000000
core   0: 0x00000000800055dc (0x01a79ebb) sllw    t4, a5, s10
core   0: 1 0x00000000800055dc (0x01a79ebb) x29 0x0000000052380000
core   0: 0x00000000800055e0 (0x02246cb3) rem     s9, s0, sp
core   0: 1 0x00000000800055e0 (0x02246cb3) x25 0xffffffffffffffff
core   0: 0x00000000800055e4 (0xc21bfa53) fcvt.wu.d s4, fs7
core   0: 1 0x00000000800055e4 (0xc21bfa53) x20 0x0000000000000000
core   0: 0x00000000800055e8 (0x02a92533) mulhsu  a0, s2, a0
core   0: 1 0x00000000800055e8 (0x02a92533) x10 0xffffffffc0bb8000
core   0: 0x00000000800055ec (0x00105e93) srli    t4, zero, 1
core   0: 1 0x00000000800055ec (0x00105e93) x29 0x0000000000000000
core   0: 0x00000000800055f0 (0x00b651b3) srl     gp, a2, a1
core   0: 1 0x00000000800055f0 (0x00b651b3) x3  0x0000000000000000
core   0: 0x00000000800055f4 (0x4004501b) sraiw   zero, s0, 0
core   0: 1 0x00000000800055f4 (0x4004501b)
core   0: 0x00000000800055f8 (0x01c8183b) sllw    a6, a6, t3
core   0: 1 0x00000000800055f8 (0x01c8183b) x16 0x000000000938fac3
core   0: 0x00000000800055fc (0x02b05213) srli    tp, zero, 43
core   0: 1 0x00000000800055fc (0x02b05213) x4  0x0000000000000000
core   0: 0x0000000080005600 (0x02ebf753) fadd.d  fa4, fs7, fa4
core   0: 1 0x0000000080005600 (0x02ebf753) f14 0x7ff8000000000000
core   0: 0x0000000080005604 (0x1310f153) fmul.d  ft2, ft1, fa7
core   0: 1 0x0000000080005604 (0x1310f153) f2  0x7ff8000000000000
core   0: 0x0000000080005608 (0x017cadb3) slt     s11, s9, s7
core   0: 1 0x0000000080005608 (0x017cadb3) x27 0x0000000000000001
core   0: 0x000000008000560c (0x008dc1b3) xor     gp, s11, s0
core   0: 1 0x000000008000560c (0x008dc1b3) x3  0xfffffffffffffffe
core   0: 0x0000000080005610 (0x00804d33) xor     s10, zero, s0
core   0: 1 0x0000000080005610 (0x00804d33) x26 0xffffffffffffffff
core   0: 0x0000000080005614 (0x415edabb) sraw    s5, t4, s5
core   0: 1 0x0000000080005614 (0x415edabb) x21 0x0000000000000000
core   0: 0x0000000080005618 (0xd21e88d3) fcvt.d.wu fa7, t4
core   0: 1 0x0000000080005618 (0xd21e88d3) f17 0x0000000000000000
core   0: 0x000000008000561c (0xa319a6d3) feq.d   a3, fs3, fa7
core   0: 1 0x000000008000561c (0xa319a6d3) x13 0x0000000000000000
core   0: 0x0000000080005620 (0x00316b33) or      s6, sp, gp
core   0: 1 0x0000000080005620 (0x00316b33) x22 0xffffffffffffffff
core   0: 0x0000000080005624 (0x0237d8b7) lui     a7, 0x237d
core   0: 1 0x0000000080005624 (0x0237d8b7) x17 0x000000000237d000
core   0: 0x0000000080005628 (0x7bb8889b) addiw   a7, a7, 1979
core   0: 1 0x0000000080005628 (0x7bb8889b) x17 0x000000000237d7bb
core   0: 0x000000008000562c (0x000008b2) c.slli  a7, 12
core   0: 1 0x000000008000562c (0x08b2) x17 0x000000237d7bb000
core   0: 0x000000008000562e (0xae988893) addi    a7, a7, -1303
core   0: 1 0x000000008000562e (0xae988893) x17 0x000000237d7baae9
core   0: 0x0000000080005632 (0x00121573) csrrw   a0, fflags, tp
core   0: 1 0x0000000080005632 (0x00121573) x10 0x0000000000000013 c1_fflags 0x0000000000000000
core   0: 0x0000000080005636 (0xb4814217) auipc   tp, 0xb4814
core   0: 1 0x0000000080005636 (0xb4814217) x4  0x0000000034819636
core   0: 0x000000008000563a (0x0ff0000f) fence   iorw,iorw
core   0: 1 0x000000008000563a (0x0ff0000f)
core   0: 0x000000008000563e (0x03437cd3) fadd.d  fs9, ft6, fs4
core   0: 1 0x000000008000563e (0x03437cd3) f25 0x7ff8000000000000
core   0: 0x0000000080005642 (0x00637333) and     t1, t1, t1
core   0: 1 0x0000000080005642 (0x00637333) x6  0xffffffffffffffff
core   0: 0x0000000080005646 (0x002025f3) csrrs   a1, frm, zero
core   0: 1 0x0000000080005646 (0x002025f3) x11 0x0000000000000000
core   0: 0x000000008000564a (0xd0237c53) fcvt.s.l fs8, t1
core   0: 1 0x000000008000564a (0xd0237c53) f24 0xffffffffbf800000
core   0: 0x000000008000564e (0x22dd2053) fsgnjx.d ft0, fs10, fa3
core   0: 1 0x000000008000564e (0x22dd2053) f0  0x7ff8000000000000
core   0: 0x0000000080005652 (0x224d754f) fnmadd.d fa0, fs10, ft4, ft4
core   0: 1 0x0000000080005652 (0x224d754f) f10 0x7ff8000000000000
core   0: 0x0000000080005656 (0x22e00353) fsgnj.d ft6, ft0, fa4
core   0: 1 0x0000000080005656 (0x22e00353) f6  0x7ff8000000000000
core   0: 0x000000008000565a (0x410bd713) srai    a4, s7, 16
core   0: 1 0x000000008000565a (0x410bd713) x14 0x0000000000000000
core   0: 0x000000008000565e (0x22bbadd3) fsgnjx.d fs11, fs7, fa1
core   0: 1 0x000000008000565e (0x22bbadd3) f27 0x0000000000000000
core   0: 0x0000000080005662 (0x0004d4b7) lui     s1, 0x4d
core   0: 1 0x0000000080005662 (0x0004d4b7) x9  0x000000000004d000
core   0: 0x0000000080005666 (0xb6f4849b) addiw   s1, s1, -1169
core   0: 1 0x0000000080005666 (0xb6f4849b) x9  0x000000000004cb6f
core   0: 0x000000008000566a (0x000004c6) c.slli  s1, 17
core   0: 1 0x000000008000566a (0x04c6) x9  0x0000000996de0000
core   0: 0x000000008000566c (0xaa548493) addi    s1, s1, -1371
core   0: 1 0x000000008000566c (0xaa548493) x9  0x0000000996ddfaa5
core   0: 0x0000000080005670 (0x0132eab3) or      s5, t0, s3
core   0: 1 0x0000000080005670 (0x0132eab3) x21 0xffffffffffffffff
core   0: 0x0000000080005674 (0x40e1d933) sra     s2, gp, a4
core   0: 1 0x0000000080005674 (0x40e1d933) x18 0xfffffffffffffffe
core   0: 0x0000000080005678 (0x00000001) c.nop
core   0: 1 0x0000000080005678 (0x0001)
core   0: 0x000000008000567a (0xd21905d3) fcvt.d.wu fa1, s2
core   0: 1 0x000000008000567a (0xd21905d3) f11 0x41efffffffc00000
core   0: 0x000000008000567e (0xf9c94293) xori    t0, s2, -100
core   0: 1 0x000000008000567e (0xf9c94293) x5  0x0000000000000062
core   0: 0x0000000080005682 (0x41148633) sub     a2, s1, a7
core   0: 1 0x0000000080005682 (0x41148633) x12 0xffffffe619624fbc
core   0: 0x0000000080005686 (0x342292f3) csrrw   t0, mcause, t0
core   0: exception trap_illegal_instruction, epc 0x0000000080005686
core   0:           tval 0x00000000342292f3
core   0: >>>>  $xrv64i2p1_m2p0_a2p1_f2p2_d2p2_zicsr2p0_zifencei2p0_zmmul1p0_zba1p0_zbb1p0_zbc1p0_zbs1p0
core   0: 0x0000000080004000 (0x0080006f) j       pc + 0x8
core   0: 3 0x0000000080004000 (0x0080006f)
core   0: >>>>  mmode_exception_handler
core   0: 0x0000000080004008 (0x00002c17) auipc   s8, 0x2
core   0: 3 0x0000000080004008 (0x00002c17) x24 0x0000000080006008
core   0: 0x000000008000400c (0x06ec0c13) addi    s8, s8, 110
core   0: 3 0x000000008000400c (0x06ec0c13) x24 0x0000000080006076
core   0: 0x0000000080004010 (0x000c00e7) jalr    s8
core   0: 3 0x0000000080004010 (0x000c00e7) x1  0x0000000080004014
core   0: >>>>  any_handler
core   0: 0x0000000080006076 (0x341027f3) csrrs   a5, mepc, zero
core   0: 3 0x0000000080006076 (0x341027f3) x15 0x0000000080005686
core   0: 0x000000008000607a (0x34202773) csrrs   a4, mcause, zero
core   0: 3 0x000000008000607a (0x34202773) x14 0x0000000000000002
core   0: 0x000000008000607e (0x142026f3) csrrs   a3, scause, zero
core   0: 3 0x000000008000607e (0x142026f3) x13 0x0000000000000000
core   0: 0x0000000080006082 (0x30402673) csrrs   a2, mie, zero
core   0: 3 0x0000000080006082 (0x30402673) x12 0x0000000000000a00
core   0: 0x0000000080006086 (0x344025f3) csrrs   a1, mip, zero
core   0: 3 0x0000000080006086 (0x344025f3) x11 0x0000000000000080
core   0: 0x000000008000608a (0x343025f3) csrrs   a1, mtval, zero
core   0: 3 0x000000008000608a (0x343025f3) x11 0x00000000342292f3
core   0: 0x000000008000608e (0x14302573) csrrs   a0, stval, zero
core   0: 3 0x000000008000608e (0x14302573) x10 0x0000000000000005
core   0: 0x0000000080006092 (0xb02024f3) csrrs   s1, minstret, zero
core   0: 3 0x0000000080006092 (0xb02024f3) x9  0x0000000000000f9f
core   0: 0x0000000080006096 (0x0000a811) c.j     pc + 20
core   0: 3 0x0000000080006096 (0xa811)
core   0: >>>>  mepc_4
core   0: 0x00000000800060aa (0x00000791) c.addi  a5, 4
core   0: 3 0x00000000800060aa (0x0791) x15 0x000000008000568a
core   0: 0x00000000800060ac (0x34179073) csrrw   zero, mepc, a5
core   0: 3 0x00000000800060ac (0x34179073) c833_mepc 0x000000008000568a
core   0: 0x00000000800060b0 (0x30200073) mret
core   0: 3 0x00000000800060b0 (0x30200073) c768_mstatus 0x8000000a00106080
core   0: 0x000000008000568a (0x00009316) c.add   t1, t0
core   0: 1 0x000000008000568a (0x9316) x6  0x0000000000000061
core   0: 0x000000008000568c (0xc21dfe53) fcvt.wu.d t3, fs11
core   0: 1 0x000000008000568c (0xc21dfe53) x28 0x0000000000000000
core   0: 0x0000000080005690 (0x420b8053) fcvt.d.s ft0, fs7
core   0: 1 0x0000000080005690 (0x420b8053) f0  0x7ff8000000000000
core   0: 0x0000000080005694 (0x7ff37e93) andi    t4, t1, 2047
core   0: 1 0x0000000080005694 (0x7ff37e93) x29 0x0000000000000061
core   0: 0x0000000080005698 (0xd2088dd3) fcvt.d.w fs11, a7
core   0: 1 0x0000000080005698 (0xd2088dd3) f27 0x41df5eeaba400000
core   0: 0x000000008000569c (0x237585d3) fsgnj.d fa1, fa1, fs7
core   0: 1 0x000000008000569c (0x237585d3) f11 0x41efffffffc00000
core   0: 0x00000000800056a0 (0x03c6ff53) fadd.d  ft10, fa3, ft8
core   0: 1 0x00000000800056a0 (0x03c6ff53) f30 0x7ff8000000000000
core   0: 0x00000000800056a4 (0xd4ad0d13) addi    s10, s10, -694
core   0: 1 0x00000000800056a4 (0xd4ad0d13) x26 0xfffffffffffffd49
core   0: 0x00000000800056a8 (0x00202873) csrrs   a6, frm, zero
core   0: 1 0x00000000800056a8 (0x00202873) x16 0x0000000000000000
core   0: 0x00000000800056ac (0x000419b3) sll     s3, s0, zero
core   0: 1 0x00000000800056ac (0x000419b3) x19 0xffffffffffffffff
core   0: 0x00000000800056b0 (0xe2058dd3) fmv.x.d s11, fa1
core   0: 1 0x00000000800056b0 (0xe2058dd3) x27 0x41efffffffc00000
core   0: 0x00000000800056b4 (0x5f30f237) lui     tp, 0x5f30f
core   0: 1 0x00000000800056b4 (0x5f30f237) x4  0x000000005f30f000
core   0: 0x00000000800056b8 (0x5a0bffd3) fsqrt.d ft11, fs7
core   0: 1 0x00000000800056b8 (0x5a0bffd3) f31 0x0000000000000000
core   0: 0x00000000800056bc (0x0364d693) srli    a3, s1, 54
core   0: 1 0x00000000800056bc (0x0364d693) x13 0x0000000000000000
core   0: 0x00000000800056c0 (0x00fc6eb3) or      t4, s8, a5
core   0: 1 0x00000000800056c0 (0x00fc6eb3) x29 0x00000000800076fe
core   0: 0x00000000800056c4 (0x03deccb3) div     s9, t4, t4
core   0: 1 0x00000000800056c4 (0x03deccb3) x25 0x0000000000000001
core   0: 0x00000000800056c8 (0x03b393b3) mulh    t2, t2, s11
core   0: 1 0x00000000800056c8 (0x03b393b3) x7  0xfffffffffffffe35
core   0: 0x00000000800056cc (0x01cdd093) srli    ra, s11, 28
core   0: 1 0x00000000800056cc (0x01cdd093) x1  0x000000041effffff
core   0: 0x00000000800056d0 (0x000019f2) c.slli  s3, 60
core   0: 1 0x00000000800056d0 (0x19f2) x19 0xf000000000000000
core   0: 0x00000000800056d2 (0x00000eca) c.slli  t4, 18
core   0: 1 0x00000000800056d2 (0x0eca) x29 0x00020001dbf80000
core   0: 0x00000000800056d4 (0xf20d8753) fmv.d.x fa4, s11
core   0: 1 0x00000000800056d4 (0xf20d8753) f14 0x41efffffffc00000
core   0: 0x00000000800056d8 (0x7ffc869b) addiw   a3, s9, 2047
core   0: 1 0x00000000800056d8 (0x7ffc869b) x13 0x0000000000000800
core   0: 0x00000000800056dc (0x00102173) csrrs   sp, fflags, zero
core   0: 1 0x00000000800056dc (0x00102173) x2  0x0000000000000000
core   0: 0x00000000800056e0 (0xf2038e53) fmv.d.x ft8, t2
core   0: 1 0x00000000800056e0 (0xf2038e53) f28 0xfffffffffffffe35
core   0: 0x00000000800056e4 (0xe2e0704f) fnmadd.d ft0, ft0, fa4, ft8
core   0: 1 0x00000000800056e4 (0xe2e0704f) f0  0x7ff8000000000000
core   0: 0x00000000800056e8 (0x00000001) c.nop
core   0: 1 0x00000000800056e8 (0x0001)
core   0: 0x00000000800056ea (0x0349b9b3) mulhu   s3, s3, s4
core   0: 1 0x00000000800056ea (0x0349b9b3) x19 0x0000000000000000
core   0: 0x00000000800056ee (0x4141579b) sraiw   a5, sp, 20
core   0: 1 0x00000000800056ee (0x4141579b) x15 0x0000000000000000
core   0: 0x00000000800056f2 (0x03b167bb) remw    a5, sp, s11
core   0: 1 0x00000000800056f2 (0x03b167bb) x15 0x0000000000000000
core   0: 0x00000000800056f6 (0x00009e52) c.add   t3, s4
core   0: 1 0x00000000800056f6 (0x9e52) x28 0x0000000000000000
core   0: 0x00000000800056f8 (0xdc548093) addi    ra, s1, -571
core   0: 1 0x00000000800056f8 (0xdc548093) x1  0x0000000000000d64
core   0: 0x00000000800056fc (0x03da4ebb) divw    t4, s4, t4
core   0: 1 0x00000000800056fc (0x03da4ebb) x29 0x0000000000000000
core   0: 0x0000000080005700 (0x07ff0137) lui     sp, 0x7ff0
core   0: 1 0x0000000080005700 (0x07ff0137) x2  0x0000000007ff0000
core   0: 0x0000000080005704 (0xf171011b) addiw   sp, sp, -233
core   0: 1 0x0000000080005704 (0xf171011b) x2  0x0000000007feff17
core   0: 0x0000000080005708 (0x00000132) c.slli  sp, 12
core   0: 1 0x0000000080005708 (0x0132) x2  0x0000007feff17000
core   0: 0x000000008000570a (0xf8d10113) addi    sp, sp, -115
core   0: 1 0x000000008000570a (0xf8d10113) x2  0x0000007feff16f8d
core   0: 0x000000008000570e (0x002157b3) srl     a5, sp, sp
core   0: 1 0x000000008000570e (0x002157b3) x15 0x0000000003ff7f8b
core   0: 0x0000000080005712 (0xf14226f3) csrrs   a3, mhartid, tp
core   0: exception trap_illegal_instruction, epc 0x0000000080005712
core   0:           tval 0x00000000f14226f3
core   0: >>>>  $xrv64i2p1_m2p0_a2p1_f2p2_d2p2_zicsr2p0_zifencei2p0_zmmul1p0_zba1p0_zbb1p0_zbc1p0_zbs1p0
core   0: 0x0000000080004000 (0x0080006f) j       pc + 0x8
core   0: 3 0x0000000080004000 (0x0080006f)
core   0: >>>>  mmode_exception_handler
core   0: 0x0000000080004008 (0x00002c17) auipc   s8, 0x2
core   0: 3 0x0000000080004008 (0x00002c17) x24 0x0000000080006008
core   0: 0x000000008000400c (0x06ec0c13) addi    s8, s8, 110
core   0: 3 0x000000008000400c (0x06ec0c13) x24 0x0000000080006076
core   0: 0x0000000080004010 (0x000c00e7) jalr    s8
core   0: 3 0x0000000080004010 (0x000c00e7) x1  0x0000000080004014
core   0: >>>>  any_handler
core   0: 0x0000000080006076 (0x341027f3) csrrs   a5, mepc, zero
core   0: 3 0x0000000080006076 (0x341027f3) x15 0x0000000080005712
core   0: 0x000000008000607a (0x34202773) csrrs   a4, mcause, zero
core   0: 3 0x000000008000607a (0x34202773) x14 0x0000000000000002
core   0: 0x000000008000607e (0x142026f3) csrrs   a3, scause, zero
core   0: 3 0x000000008000607e (0x142026f3) x13 0x0000000000000000
core   0: 0x0000000080006082 (0x30402673) csrrs   a2, mie, zero
core   0: 3 0x0000000080006082 (0x30402673) x12 0x0000000000000a00
core   0: 0x0000000080006086 (0x344025f3) csrrs   a1, mip, zero
core   0: 3 0x0000000080006086 (0x344025f3) x11 0x0000000000000080
core   0: 0x000000008000608a (0x343025f3) csrrs   a1, mtval, zero
core   0: 3 0x000000008000608a (0x343025f3) x11 0x00000000f14226f3
core   0: 0x000000008000608e (0x14302573) csrrs   a0, stval, zero
core   0: 3 0x000000008000608e (0x14302573) x10 0x0000000000000005
core   0: 0x0000000080006092 (0xb02024f3) csrrs   s1, minstret, zero
core   0: 3 0x0000000080006092 (0xb02024f3) x9  0x0000000000000fd4
core   0: 0x0000000080006096 (0x0000a811) c.j     pc + 20
core   0: 3 0x0000000080006096 (0xa811)
core   0: >>>>  mepc_4
core   0: 0x00000000800060aa (0x00000791) c.addi  a5, 4
core   0: 3 0x00000000800060aa (0x0791) x15 0x0000000080005716
core   0: 0x00000000800060ac (0x34179073) csrrw   zero, mepc, a5
core   0: 3 0x00000000800060ac (0x34179073) c833_mepc 0x0000000080005716
core   0: 0x00000000800060b0 (0x30200073) mret
core   0: 3 0x00000000800060b0 (0x30200073) c768_mstatus 0x8000000a00106080
core   0: 0x0000000080005716 (0x00000001) c.nop
core   0: 1 0x0000000080005716 (0x0001)
core   0: 0x0000000080005718 (0xc00b6773) csrrsi  a4, cycle, 22
core   0: exception trap_illegal_instruction, epc 0x0000000080005718
core   0:           tval 0x00000000c00b6773
core   0: >>>>  $xrv64i2p1_m2p0_a2p1_f2p2_d2p2_zicsr2p0_zifencei2p0_zmmul1p0_zba1p0_zbb1p0_zbc1p0_zbs1p0
core   0: 0x0000000080004000 (0x0080006f) j       pc + 0x8
core   0: 3 0x0000000080004000 (0x0080006f)
core   0: >>>>  mmode_exception_handler
core   0: 0x0000000080004008 (0x00002c17) auipc   s8, 0x2
core   0: 3 0x0000000080004008 (0x00002c17) x24 0x0000000080006008
core   0: 0x000000008000400c (0x06ec0c13) addi    s8, s8, 110
core   0: 3 0x000000008000400c (0x06ec0c13) x24 0x0000000080006076
core   0: 0x0000000080004010 (0x000c00e7) jalr    s8
core   0: 3 0x0000000080004010 (0x000c00e7) x1  0x0000000080004014
core   0: >>>>  any_handler
core   0: 0x0000000080006076 (0x341027f3) csrrs   a5, mepc, zero
core   0: 3 0x0000000080006076 (0x341027f3) x15 0x0000000080005718
core   0: 0x000000008000607a (0x34202773) csrrs   a4, mcause, zero
core   0: 3 0x000000008000607a (0x34202773) x14 0x0000000000000002
core   0: 0x000000008000607e (0x142026f3) csrrs   a3, scause, zero
core   0: 3 0x000000008000607e (0x142026f3) x13 0x0000000000000000
core   0: 0x0000000080006082 (0x30402673) csrrs   a2, mie, zero
core   0: 3 0x0000000080006082 (0x30402673) x12 0x0000000000000a00
core   0: 0x0000000080006086 (0x344025f3) csrrs   a1, mip, zero
core   0: 3 0x0000000080006086 (0x344025f3) x11 0x0000000000000080
core   0: 0x000000008000608a (0x343025f3) csrrs   a1, mtval, zero
core   0: 3 0x000000008000608a (0x343025f3) x11 0x00000000c00b6773
core   0: 0x000000008000608e (0x14302573) csrrs   a0, stval, zero
core   0: 3 0x000000008000608e (0x14302573) x10 0x0000000000000005
core   0: 0x0000000080006092 (0xb02024f3) csrrs   s1, minstret, zero
core   0: 3 0x0000000080006092 (0xb02024f3) x9  0x0000000000000fe5
core   0: 0x0000000080006096 (0x0000a811) c.j     pc + 20
core   0: 3 0x0000000080006096 (0xa811)
core   0: >>>>  mepc_4
core   0: 0x00000000800060aa (0x00000791) c.addi  a5, 4
core   0: 3 0x00000000800060aa (0x0791) x15 0x000000008000571c
core   0: 0x00000000800060ac (0x34179073) csrrw   zero, mepc, a5
core   0: 3 0x00000000800060ac (0x34179073) c833_mepc 0x000000008000571c
core   0: 0x00000000800060b0 (0x30200073) mret
core   0: 3 0x00000000800060b0 (0x30200073) c768_mstatus 0x8000000a00106080
core   0: 0x000000008000571c (0xe20e0453) fmv.x.d s0, ft8
core   0: 1 0x000000008000571c (0xe20e0453) x8  0xfffffffffffffe35
core   0: 0x0000000080005720 (0x02921233) mulh    tp, tp, s1
core   0: 1 0x0000000080005720 (0x02921233) x4  0x0000000000000000
core   0: 0x0000000080005724 (0x0130909b) slliw   ra, ra, 19
core   0: 1 0x0000000080005724 (0x0130909b) x1  0x0000000000a00000
core   0: 0x0000000080005728 (0x000158bb) srlw    a7, sp, zero
core   0: 1 0x0000000080005728 (0x000158bb) x17 0xffffffffeff16f8d
core   0: 0x000000008000572c (0xd23276d3) fcvt.d.lu fa3, tp
core   0: 1 0x000000008000572c (0xd23276d3) f13 0x0000000000000000
core   0: 0x0000000080005730 (0x02407833) remu    a6, zero, tp
core   0: 1 0x0000000080005730 (0x02407833) x16 0x0000000000000000
core   0: 0x0000000080005734 (0x4151013b) subw    sp, sp, s5
core   0: 1 0x0000000080005734 (0x4151013b) x2  0xffffffffeff16f8e
core   0: 0x0000000080005738 (0x033473d3) fadd.d  ft7, fs0, fs3
core   0: 1 0x0000000080005738 (0x033473d3) f7  0x7ff8000000000000
core   0: 0x000000008000573c (0x4018de93) srai    t4, a7, 1
core   0: 1 0x000000008000573c (0x4018de93) x29 0xfffffffff7f8b7c6
core   0: 0x0000000080005740 (0x400ed59b) sraiw   a1, t4, 0
core   0: 1 0x0000000080005740 (0x400ed59b) x11 0xfffffffff7f8b7c6
core   0: 0x0000000080005744 (0x01fbd01b) srliw   zero, s7, 31
core   0: 1 0x0000000080005744 (0x01fbd01b)
core   0: 0x0000000080005748 (0xfcc5cc37) lui     s8, 0xfcc5c
core   0: 1 0x0000000080005748 (0xfcc5cc37) x24 0xfffffffffcc5c000
core   0: 0x000000008000574c (0xb51c0c1b) addiw   s8, s8, -1199
core   0: 1 0x000000008000574c (0xb51c0c1b) x24 0xfffffffffcc5bb51
core   0: 0x0000000080005750 (0x00000c32) c.slli  s8, 12
core   0: 1 0x0000000080005750 (0x0c32) x24 0xffffffcc5bb51000
core   0: 0x0000000080005752 (0xe9cc0c13) addi    s8, s8, -356
core   0: 1 0x0000000080005752 (0xe9cc0c13) x24 0xffffffcc5bb50e9c
core   0: 0x0000000080005756 (0xc0217153) fcvt.l.s sp, ft2
core   0: 1 0x0000000080005756 (0xc0217153) c1_fflags 0x0000000000000010 x2  0x7fffffffffffffff
core   0: 0x000000008000575a (0xc023f253) fcvt.l.s tp, ft7
core   0: 1 0x000000008000575a (0xc023f253) c1_fflags 0x0000000000000010 x4  0x7fffffffffffffff
core   0: 0x000000008000575e (0x424ad593) srai    a1, s5, 36
core   0: 1 0x000000008000575e (0x424ad593) x11 0xffffffffffffffff
core   0: 0x0000000080005762 (0x140e3b73) csrrc   s6, sscratch, t3
core   0: 1 0x0000000080005762 (0x140e3b73) x22 0x0000000000000010 c320_sscratch 0x0000000000000010
core   0: 0x0000000080005766 (0xd23174d3) fcvt.d.lu fs1, sp
core   0: 1 0x0000000080005766 (0xd23174d3) c1_fflags 0x0000000000000011 f9  0x43e0000000000000
core   0: 0x000000008000576a (0x00abe633) or      a2, s7, a0
core   0: 1 0x000000008000576a (0x00abe633) x12 0x0000000000000005
core   0: 0x000000008000576e (0x00ce25b3) slt     a1, t3, a2
core   0: 1 0x000000008000576e (0x00ce25b3) x11 0x0000000000000001
core   0: 0x0000000080005772 (0xc2167153) fcvt.wu.d sp, fa2
core   0: 1 0x0000000080005772 (0xc2167153) c1_fflags 0x0000000000000011 x2  0xffffffffffffffff
core   0: 0x0000000080005776 (0x01dbe7b3) or      a5, s7, t4
core   0: 1 0x0000000080005776 (0x01dbe7b3) x15 0xfffffffff7f8b7c6
core   0: 0x000000008000577a (0xc81473f3) csrrci  t2, timeh, 8
core   0: exception trap_illegal_instruction, epc 0x000000008000577a
core   0:           tval 0x00000000c81473f3
core   0: >>>>  $xrv64i2p1_m2p0_a2p1_f2p2_d2p2_zicsr2p0_zifencei2p0_zmmul1p0_zba1p0_zbb1p0_zbc1p0_zbs1p0
core   0: 0x0000000080004000 (0x0080006f) j       pc + 0x8
core   0: 3 0x0000000080004000 (0x0080006f)
core   0: >>>>  mmode_exception_handler
core   0: 0x0000000080004008 (0x00002c17) auipc   s8, 0x2
core   0: 3 0x0000000080004008 (0x00002c17) x24 0x0000000080006008
core   0: 0x000000008000400c (0x06ec0c13) addi    s8, s8, 110
core   0: 3 0x000000008000400c (0x06ec0c13) x24 0x0000000080006076
core   0: 0x0000000080004010 (0x000c00e7) jalr    s8
core   0: 3 0x0000000080004010 (0x000c00e7) x1  0x0000000080004014
core   0: >>>>  any_handler
core   0: 0x0000000080006076 (0x341027f3) csrrs   a5, mepc, zero
core   0: 3 0x0000000080006076 (0x341027f3) x15 0x000000008000577a
core   0: 0x000000008000607a (0x34202773) csrrs   a4, mcause, zero
core   0: 3 0x000000008000607a (0x34202773) x14 0x0000000000000002
core   0: 0x000000008000607e (0x142026f3) csrrs   a3, scause, zero
core   0: 3 0x000000008000607e (0x142026f3) x13 0x0000000000000000
core   0: 0x0000000080006082 (0x30402673) csrrs   a2, mie, zero
core   0: 3 0x0000000080006082 (0x30402673) x12 0x0000000000000a00
core   0: 0x0000000080006086 (0x344025f3) csrrs   a1, mip, zero
core   0: 3 0x0000000080006086 (0x344025f3) x11 0x0000000000000080
core   0: 0x000000008000608a (0x343025f3) csrrs   a1, mtval, zero
core   0: 3 0x000000008000608a (0x343025f3) x11 0x00000000c81473f3
core   0: 0x000000008000608e (0x14302573) csrrs   a0, stval, zero
core   0: 3 0x000000008000608e (0x14302573) x10 0x0000000000000005
core   0: 0x0000000080006092 (0xb02024f3) csrrs   s1, minstret, zero
core   0: 3 0x0000000080006092 (0xb02024f3) x9  0x000000000000100d
core   0: 0x0000000080006096 (0x0000a811) c.j     pc + 20
core   0: 3 0x0000000080006096 (0xa811)
core   0: >>>>  mepc_4
core   0: 0x00000000800060aa (0x00000791) c.addi  a5, 4
core   0: 3 0x00000000800060aa (0x0791) x15 0x000000008000577e
core   0: 0x00000000800060ac (0x34179073) csrrw   zero, mepc, a5
core   0: 3 0x00000000800060ac (0x34179073) c833_mepc 0x000000008000577e
core   0: 0x00000000800060b0 (0x30200073) mret
core   0: 3 0x00000000800060b0 (0x30200073) c768_mstatus 0x8000000a00106080
core   0: 0x000000008000577e (0x00045613) srli    a2, s0, 0
core   0: 1 0x000000008000577e (0x00045613) x12 0xfffffffffffffe35
core   0: 0x0000000080005782 (0x010c9433) sll     s0, s9, a6
core   0: 1 0x0000000080005782 (0x010c9433) x8  0x0000000000000001
core   0: 0x0000000080005786 (0x00202bf3) csrrs   s7, frm, zero
core   0: 1 0x0000000080005786 (0x00202bf3) x23 0x0000000000000000
core   0: 0x000000008000578a (0x00000001) c.nop
core   0: 1 0x000000008000578a (0x0001)
core   0: 0x000000008000578c (0x00000001) c.nop
core   0: 1 0x000000008000578c (0x0001)
core   0: 0x000000008000578e (0x23778bd3) fsgnj.d fs7, fa5, fs7
core   0: 1 0x000000008000578e (0x23778bd3) f23 0x7ff8000000000000
core   0: 0x0000000080005792 (0x401859bb) sraw    s3, a6, ra
core   0: 1 0x0000000080005792 (0x401859bb) x19 0x0000000000000000
core   0: 0x0000000080005796 (0x012916b3) sll     a3, s2, s2
core   0: 1 0x0000000080005796 (0x012916b3) x13 0x8000000000000000
core   0: 0x000000008000579a (0xb027a373) csrrs   t1, minstret, a5
core   0: exception trap_illegal_instruction, epc 0x000000008000579a
core   0:           tval 0x00000000b027a373
core   0: >>>>  $xrv64i2p1_m2p0_a2p1_f2p2_d2p2_zicsr2p0_zifencei2p0_zmmul1p0_zba1p0_zbb1p0_zbc1p0_zbs1p0
core   0: 0x0000000080004000 (0x0080006f) j       pc + 0x8
core   0: 3 0x0000000080004000 (0x0080006f)
core   0: >>>>  mmode_exception_handler
core   0: 0x0000000080004008 (0x00002c17) auipc   s8, 0x2
core   0: 3 0x0000000080004008 (0x00002c17) x24 0x0000000080006008
core   0: 0x000000008000400c (0x06ec0c13) addi    s8, s8, 110
core   0: 3 0x000000008000400c (0x06ec0c13) x24 0x0000000080006076
core   0: 0x0000000080004010 (0x000c00e7) jalr    s8
core   0: 3 0x0000000080004010 (0x000c00e7) x1  0x0000000080004014
core   0: >>>>  any_handler
core   0: 0x0000000080006076 (0x341027f3) csrrs   a5, mepc, zero
core   0: 3 0x0000000080006076 (0x341027f3) x15 0x000000008000579a
core   0: 0x000000008000607a (0x34202773) csrrs   a4, mcause, zero
core   0: 3 0x000000008000607a (0x34202773) x14 0x0000000000000002
core   0: 0x000000008000607e (0x142026f3) csrrs   a3, scause, zero
core   0: 3 0x000000008000607e (0x142026f3) x13 0x0000000000000000
core   0: 0x0000000080006082 (0x30402673) csrrs   a2, mie, zero
core   0: 3 0x0000000080006082 (0x30402673) x12 0x0000000000000a00
core   0: 0x0000000080006086 (0x344025f3) csrrs   a1, mip, zero
core   0: 3 0x0000000080006086 (0x344025f3) x11 0x0000000000000080
core   0: 0x000000008000608a (0x343025f3) csrrs   a1, mtval, zero
core   0: 3 0x000000008000608a (0x343025f3) x11 0x00000000b027a373
core   0: 0x000000008000608e (0x14302573) csrrs   a0, stval, zero
core   0: 3 0x000000008000608e (0x14302573) x10 0x0000000000000005
core   0: 0x0000000080006092 (0xb02024f3) csrrs   s1, minstret, zero
core   0: 3 0x0000000080006092 (0xb02024f3) x9  0x0000000000001025
core   0: 0x0000000080006096 (0x0000a811) c.j     pc + 20
core   0: 3 0x0000000080006096 (0xa811)
core   0: >>>>  mepc_4
core   0: 0x00000000800060aa (0x00000791) c.addi  a5, 4
core   0: 3 0x00000000800060aa (0x0791) x15 0x000000008000579e
core   0: 0x00000000800060ac (0x34179073) csrrw   zero, mepc, a5
core   0: 3 0x00000000800060ac (0x34179073) c833_mepc 0x000000008000579e
core   0: 0x00000000800060b0 (0x30200073) mret
core   0: 3 0x00000000800060b0 (0x30200073) c768_mstatus 0x8000000a00106080
core   0: 0x000000008000579e (0x0159cd33) xor     s10, s3, s5
core   0: 1 0x000000008000579e (0x0159cd33) x26 0xffffffffffffffff
core   0: 0x00000000800057a2 (0x43f7d693) srai    a3, a5, 63
core   0: 1 0x00000000800057a2 (0x43f7d693) x13 0x0000000000000000
core   0: 0x00000000800057a6 (0x002d2a33) slt     s4, s10, sp
core   0: 1 0x00000000800057a6 (0x002d2a33) x20 0x0000000000000000
core   0: 0x00000000800057aa (0xd03d73d3) fcvt.s.lu ft7, s10
core   0: 1 0x00000000800057aa (0xd03d73d3) c1_fflags 0x0000000000000011 f7  0xffffffff5f800000
core   0: 0x00000000800057ae (0x008a14b3) sll     s1, s4, s0
core   0: 1 0x00000000800057ae (0x008a14b3) x9  0x0000000000000000
core   0: 0x00000000800057b2 (0x2f67f437) lui     s0, 0x2f67f
core   0: 1 0x00000000800057b2 (0x2f67f437) x8  0x000000002f67f000
core   0: 0x00000000800057b6 (0x137f7f53) fmul.d  ft10, ft10, fs7
core   0: 1 0x00000000800057b6 (0x137f7f53) f30 0x7ff8000000000000
core   0: 0x00000000800057ba (0x0ac57553) fsub.d  fa0, fa0, fa2
core   0: 1 0x00000000800057ba (0x0ac57553) f10 0x7ff8000000000000
core   0: 0x00000000800057be (0x41bd07bb) subw    a5, s10, s11
core   0: 1 0x00000000800057be (0x41bd07bb) x15 0x00000000003fffff
core   0: 0x00000000800057c2 (0xf11c5373) csrrwi  t1, mvendorid, 24
core   0: exception trap_illegal_instruction, epc 0x00000000800057c2
core   0:           tval 0x00000000f11c5373
core   0: >>>>  $xrv64i2p1_m2p0_a2p1_f2p2_d2p2_zicsr2p0_zifencei2p0_zmmul1p0_zba1p0_zbb1p0_zbc1p0_zbs1p0
core   0: 0x0000000080004000 (0x0080006f) j       pc + 0x8
core   0: 3 0x0000000080004000 (0x0080006f)
core   0: >>>>  mmode_exception_handler
core   0: 0x0000000080004008 (0x00002c17) auipc   s8, 0x2
core   0: 3 0x0000000080004008 (0x00002c17) x24 0x0000000080006008
core   0: 0x000000008000400c (0x06ec0c13) addi    s8, s8, 110
core   0: 3 0x000000008000400c (0x06ec0c13) x24 0x0000000080006076
core   0: 0x0000000080004010 (0x000c00e7) jalr    s8
core   0: 3 0x0000000080004010 (0x000c00e7) x1  0x0000000080004014
core   0: >>>>  any_handler
core   0: 0x0000000080006076 (0x341027f3) csrrs   a5, mepc, zero
core   0: 3 0x0000000080006076 (0x341027f3) x15 0x00000000800057c2
core   0: 0x000000008000607a (0x34202773) csrrs   a4, mcause, zero
core   0: 3 0x000000008000607a (0x34202773) x14 0x0000000000000002
core   0: 0x000000008000607e (0x142026f3) csrrs   a3, scause, zero
core   0: 3 0x000000008000607e (0x142026f3) x13 0x0000000000000000
core   0: 0x0000000080006082 (0x30402673) csrrs   a2, mie, zero
core   0: 3 0x0000000080006082 (0x30402673) x12 0x0000000000000a00
core   0: 0x0000000080006086 (0x344025f3) csrrs   a1, mip, zero
core   0: 3 0x0000000080006086 (0x344025f3) x11 0x0000000000000080
core   0: 0x000000008000608a (0x343025f3) csrrs   a1, mtval, zero
core   0: 3 0x000000008000608a (0x343025f3) x11 0x00000000f11c5373
core   0: 0x000000008000608e (0x14302573) csrrs   a0, stval, zero
core   0: 3 0x000000008000608e (0x14302573) x10 0x0000000000000005
core   0: 0x0000000080006092 (0xb02024f3) csrrs   s1, minstret, zero
core   0: 3 0x0000000080006092 (0xb02024f3) x9  0x000000000000103e
core   0: 0x0000000080006096 (0x0000a811) c.j     pc + 20
core   0: 3 0x0000000080006096 (0xa811)
core   0: >>>>  mepc_4
core   0: 0x00000000800060aa (0x00000791) c.addi  a5, 4
core   0: 3 0x00000000800060aa (0x0791) x15 0x00000000800057c6
core   0: 0x00000000800060ac (0x34179073) csrrw   zero, mepc, a5
core   0: 3 0x00000000800060ac (0x34179073) c833_mepc 0x00000000800057c6
core   0: 0x00000000800060b0 (0x30200073) mret
core   0: 3 0x00000000800060b0 (0x30200073) c768_mstatus 0x8000000a00106080
core   0: 0x00000000800057c6 (0xd03dfa53) fcvt.s.lu fs4, s11
core   0: 1 0x00000000800057c6 (0xd03dfa53) c1_fflags 0x0000000000000011 f20 0xffffffff5e83e000
core   0: 0x00000000800057ca (0x00ee9ebb) sllw    t4, t4, a4
core   0: 1 0x00000000800057ca (0x00ee9ebb) x29 0xffffffffdfe2df18
core   0: 0x00000000800057ce (0x41fa5c1b) sraiw   s8, s4, 31
core   0: 1 0x00000000800057ce (0x41fa5c1b) x24 0x0000000000000000
core   0: 0x00000000800057d2 (0x002027f3) csrrs   a5, frm, zero
core   0: 1 0x00000000800057d2 (0x002027f3) x15 0x0000000000000000
core   0: 0x00000000800057d6 (0x00f479b3) and     s3, s0, a5
core   0: 1 0x00000000800057d6 (0x00f479b3) x19 0x0000000000000000
core   0: 0x00000000800057da (0x0198da33) srl     s4, a7, s9
core   0: 1 0x00000000800057da (0x0198da33) x20 0x7ffffffff7f8b7c6
core   0: 0x00000000800057de (0x00c9173b) sllw    a4, s2, a2
core   0: 1 0x00000000800057de (0x00c9173b) x14 0xfffffffffffffffe
core   0: 0x00000000800057e2 (0x414556b3) sra     a3, a0, s4
core   0: 1 0x00000000800057e2 (0x414556b3) x13 0x0000000000000000
core   0: 0x00000000800057e6 (0x0147e933) or      s2, a5, s4
core   0: 1 0x00000000800057e6 (0x0147e933) x18 0x7ffffffff7f8b7c6
core   0: 0x00000000800057ea (0x800a839b) addiw   t2, s5, -2048
core   0: 1 0x00000000800057ea (0x800a839b) x7  0xfffffffffffff7ff
core   0: 0x00000000800057ee (0xd2138ed3) fcvt.d.wu ft9, t2
core   0: 1 0x00000000800057ee (0xd2138ed3) f29 0x41effffeffe00000
core   0: 0x00000000800057f2 (0x000a5b1b) srliw   s6, s4, 0
core   0: 1 0x00000000800057f2 (0x000a5b1b) x22 0xfffffffff7f8b7c6
core   0: 0x00000000800057f6 (0x01819cbb) sllw    s9, gp, s8
core   0: 1 0x00000000800057f6 (0x01819cbb) x25 0xfffffffffffffffe
core   0: 0x00000000800057fa (0xc212f453) fcvt.wu.d s0, ft5
core   0: 1 0x00000000800057fa (0xc212f453) c1_fflags 0x0000000000000011 x8  0xffffffffffffffff
core   0: 0x00000000800057fe (0x409a0a33) sub     s4, s4, s1
core   0: 1 0x00000000800057fe (0x409a0a33) x20 0x7ffffffff7f8a788
core   0: 0x0000000080005802 (0xd02c7ed3) fcvt.s.l ft9, s8
core   0: 1 0x0000000080005802 (0xd02c7ed3) f29 0xffffffff00000000
core   0: 0x0000000080005806 (0x01de9033) sll     zero, t4, t4
core   0: 1 0x0000000080005806 (0x01de9033)
core   0: 0x000000008000580a (0x00000001) c.nop
core   0: 1 0x000000008000580a (0x0001)
core   0: 0x000000008000580c (0x0048d913) srli    s2, a7, 4
core   0: 1 0x000000008000580c (0x0048d913) x18 0x0ffffffffeff16f8
core   0: 0x0000000080005810 (0xa221f1c3) fmadd.d ft3, ft3, ft2, fs4
core   0: 1 0x0000000080005810 (0xa221f1c3) f3  0x7ff8000000000000
core   0: 0x0000000080005814 (0x0238e0b3) rem     ra, a7, gp
core   0: 1 0x0000000080005814 (0x0238e0b3) x1  0xffffffffffffffff
core   0: 0x0000000080005818 (0x0010d83b) srlw    a6, ra, ra
core   0: 1 0x0000000080005818 (0x0010d83b) x16 0x0000000000000001
core   0: 0x000000008000581c (0x00202c73) csrrs   s8, frm, zero
core   0: 1 0x000000008000581c (0x00202c73) x24 0x0000000000000000
core   0: 0x0000000080005820 (0xa2be8bd3) fle.d   s7, ft9, fa1
core   0: 1 0x0000000080005820 (0xa2be8bd3) c1_fflags 0x0000000000000011 x23 0x0000000000000000
core   0: 0x0000000080005824 (0x13007353) fmul.d  ft6, ft0, fa6
core   0: 1 0x0000000080005824 (0x13007353) f6  0x7ff8000000000000
core   0: 0x0000000080005828 (0xfc13b937) lui     s2, 0xfc13b
core   0: 1 0x0000000080005828 (0xfc13b937) x18 0xfffffffffc13b000
core   0: 0x000000008000582c (0x402ad31b) sraiw   t1, s5, 2
core   0: 1 0x000000008000582c (0x402ad31b) x6  0xffffffffffffffff
core   0: 0x0000000080005830 (0x142052f3) csrrwi  t0, scause, 0
core   0: 1 0x0000000080005830 (0x142052f3) x5  0x0000000000000000 c322_scause 0x0000000000000000
core   0: 0x0000000080005834 (0x03b78c33) mul     s8, a5, s11
core   0: 1 0x0000000080005834 (0x03b78c33) x24 0x0000000000000000
core   0: 0x0000000080005838 (0x410c8cb3) sub     s9, s9, a6
core   0: 1 0x0000000080005838 (0x410c8cb3) x25 0xfffffffffffffffd
core   0: 0x000000008000583c (0x6a989c37) lui     s8, 0x6a989
core   0: 1 0x000000008000583c (0x6a989c37) x24 0x000000006a989000
core   0: 0x0000000080005840 (0x038484b3) mul     s1, s1, s8
core   0: 1 0x0000000080005840 (0x038484b3) x9  0x000006c359f2e000
core   0: 0x0000000080005844 (0xdb9cf7c7) fmsub.d fa5, fs9, fs9, fs11
core   0: 1 0x0000000080005844 (0xdb9cf7c7) f15 0x7ff8000000000000
core   0: 0x0000000080005848 (0x23ca1ed3) fsgnjn.d ft9, fs4, ft8
core   0: 1 0x0000000080005848 (0x23ca1ed3) f29 0x7fffffff5e83e000
core   0: 0x000000008000584c (0x22401ad3) fsgnjn.d fs5, ft0, ft4
core   0: 1 0x000000008000584c (0x22401ad3) f21 0xfff8000000000000
core   0: 0x0000000080005850 (0xaaa3734b) fnmsub.d ft6, ft6, fa0, fs5
core   0: 1 0x0000000080005850 (0xaaa3734b) f6  0x7ff8000000000000
core   0: 0x0000000080005854 (0xc213fb53) fcvt.wu.d s6, ft7
core   0: 1 0x0000000080005854 (0xc213fb53) c1_fflags 0x0000000000000011 x22 0xffffffffffffffff
core   0: 0x0000000080005858 (0x435ddd93) srai    s11, s11, 53
core   0: 1 0x0000000080005858 (0x435ddd93) x27 0x000000000000020f
core   0: 0x000000008000585c (0x0ff0000f) fence   iorw,iorw
core   0: 1 0x000000008000585c (0x0ff0000f)
core   0: 0x0000000080005860 (0x013d51b3) srl     gp, s10, s3
core   0: 1 0x0000000080005860 (0x013d51b3) x3  0xffffffffffffffff
core   0: 0x0000000080005864 (0x0231e4bb) remw    s1, gp, gp
core   0: 1 0x0000000080005864 (0x0231e4bb) x9  0x0000000000000000
core   0: 0x0000000080005868 (0xe2038cd3) fmv.x.d s9, ft7
core   0: 1 0x0000000080005868 (0xe2038cd3) x25 0xffffffff5f800000
core   0: 0x000000008000586c (0x0119909b) slliw   ra, s3, 17
core   0: 1 0x000000008000586c (0x0119909b) x1  0x0000000000000000
core   0: 0x0000000080005870 (0xd03d7cd3) fcvt.s.lu fs9, s10
core   0: 1 0x0000000080005870 (0xd03d7cd3) c1_fflags 0x0000000000000011 f25 0xffffffff5f800000
core   0: 0x0000000080005874 (0x40a60a33) sub     s4, a2, a0
core   0: 1 0x0000000080005874 (0x40a60a33) x20 0x00000000000009fb
core   0: 0x0000000080005878 (0x025662b3) rem     t0, a2, t0
core   0: 1 0x0000000080005878 (0x025662b3) x5  0x0000000000000a00
core   0: 0x000000008000587c (0x03f55893) srli    a7, a0, 63
core   0: 1 0x000000008000587c (0x03f55893) x17 0x0000000000000000
core   0: 0x0000000080005880 (0x400c5b3b) sraw    s6, s8, zero
core   0: 1 0x0000000080005880 (0x400c5b3b) x22 0x000000006a989000
core   0: 0x0000000080005884 (0x01321ab3) sll     s5, tp, s3
core   0: 1 0x0000000080005884 (0x01321ab3) x21 0x7fffffffffffffff
core   0: 0x0000000080005888 (0x022cff53) fadd.d  ft10, fs9, ft2
core   0: 1 0x0000000080005888 (0x022cff53) f30 0x7ff8000000000000
core   0: 0x000000008000588c (0xd0307453) fcvt.s.lu fs0, zero
core   0: 1 0x000000008000588c (0xd0307453) f8  0xffffffff00000000
core   0: 0x0000000080005890 (0x01c6a6b3) slt     a3, a3, t3
core   0: 1 0x0000000080005890 (0x01c6a6b3) x13 0x0000000000000000
core   0: 0x0000000080005894 (0x238c2c53) fsgnjx.d fs8, fs8, fs8
core   0: 1 0x0000000080005894 (0x238c2c53) f24 0x7fffffffbf800000
core   0: 0x0000000080005898 (0x02a6a533) mulhsu  a0, a3, a0
core   0: 1 0x0000000080005898 (0x02a6a533) x10 0x0000000000000000
core   0: 0x000000008000589c (0xc2047253) fcvt.w.d tp, fs0
core   0: 1 0x000000008000589c (0xc2047253) c1_fflags 0x0000000000000011 x4  0x000000007fffffff
core   0: 0x00000000800058a0 (0x02988c33) mul     s8, a7, s1
core   0: 1 0x00000000800058a0 (0x02988c33) x24 0x0000000000000000
core   0: 0x00000000800058a4 (0x01c3ea33) or      s4, t2, t3
core   0: 1 0x00000000800058a4 (0x01c3ea33) x20 0xfffffffffffff7ff
core   0: 0x00000000800058a8 (0x03807ed3) fadd.d  ft9, ft0, fs8
core   0: 1 0x00000000800058a8 (0x03807ed3) f29 0x7ff8000000000000
core   0: 0x00000000800058ac (0x4161dd93) srai    s11, gp, 22
core   0: 1 0x00000000800058ac (0x4161dd93) x27 0xffffffffffffffff
core   0: 0x00000000800058b0 (0x001d90b3) sll     ra, s11, ra
core   0: 1 0x00000000800058b0 (0x001d90b3) x1  0xffffffffffffffff
core   0: 0x00000000800058b4 (0x00000001) c.nop
core   0: 1 0x00000000800058b4 (0x0001)
core   0: 0x00000000800058b6 (0x00102cf3) csrrs   s9, fflags, zero
core   0: 1 0x00000000800058b6 (0x00102cf3) x25 0x0000000000000011
core   0: 0x00000000800058ba (0x129dffd3) fmul.d  ft11, fs11, fs1
core   0: 1 0x00000000800058ba (0x129dffd3) f31 0x45cf5eeaba400000
core   0: 0x00000000800058be (0x800cea13) ori     s4, s9, -2048
core   0: 1 0x00000000800058be (0x800cea13) x20 0xfffffffffffff811
core   0: 0x00000000800058c2 (0xa4c38697) auipc   a3, 0xa4c38
core   0: 1 0x00000000800058c2 (0xa4c38697) x13 0x0000000024c3d8c2
core   0: 0x00000000800058c6 (0xd03cf7d3) fcvt.s.lu fa5, s9
core   0: 1 0x00000000800058c6 (0xd03cf7d3) f15 0xffffffff41880000
core   0: 0x00000000800058ca (0x01ac8eb3) add     t4, s9, s10
core   0: 1 0x00000000800058ca (0x01ac8eb3) x29 0x0000000000000010
core   0: 0x00000000800058ce (0xfbf7f34b) fnmsub.d ft6, fa5, ft11, ft11
core   0: 1 0x00000000800058ce (0xfbf7f34b) f6  0x7ff8000000000000
core   0: 0x00000000800058d2 (0xef5808b7) lui     a7, 0xef580
core   0: 1 0x00000000800058d2 (0xef5808b7) x17 0xffffffffef580000
core   0: 0x00000000800058d6 (0xc05d67f3) csrrsi  a5, hpmcounter5, 26
core   0: exception trap_illegal_instruction, epc 0x00000000800058d6
core   0:           tval 0x00000000c05d67f3
core   0: >>>>  $xrv64i2p1_m2p0_a2p1_f2p2_d2p2_zicsr2p0_zifencei2p0_zmmul1p0_zba1p0_zbb1p0_zbc1p0_zbs1p0
core   0: 0x0000000080004000 (0x0080006f) j       pc + 0x8
core   0: 3 0x0000000080004000 (0x0080006f)
core   0: >>>>  mmode_exception_handler
core   0: 0x0000000080004008 (0x00002c17) auipc   s8, 0x2
core   0: 3 0x0000000080004008 (0x00002c17) x24 0x0000000080006008
core   0: 0x000000008000400c (0x06ec0c13) addi    s8, s8, 110
core   0: 3 0x000000008000400c (0x06ec0c13) x24 0x0000000080006076
core   0: 0x0000000080004010 (0x000c00e7) jalr    s8
core   0: 3 0x0000000080004010 (0x000c00e7) x1  0x0000000080004014
core   0: >>>>  any_handler
core   0: 0x0000000080006076 (0x341027f3) csrrs   a5, mepc, zero
core   0: 3 0x0000000080006076 (0x341027f3) x15 0x00000000800058d6
core   0: 0x000000008000607a (0x34202773) csrrs   a4, mcause, zero
core   0: 3 0x000000008000607a (0x34202773) x14 0x0000000000000002
core   0: 0x000000008000607e (0x142026f3) csrrs   a3, scause, zero
core   0: 3 0x000000008000607e (0x142026f3) x13 0x0000000000000000
core   0: 0x0000000080006082 (0x30402673) csrrs   a2, mie, zero
core   0: 3 0x0000000080006082 (0x30402673) x12 0x0000000000000a00
core   0: 0x0000000080006086 (0x344025f3) csrrs   a1, mip, zero
core   0: 3 0x0000000080006086 (0x344025f3) x11 0x0000000000000080
core   0: 0x000000008000608a (0x343025f3) csrrs   a1, mtval, zero
core   0: 3 0x000000008000608a (0x343025f3) x11 0x00000000c05d67f3
core   0: 0x000000008000608e (0x14302573) csrrs   a0, stval, zero
core   0: 3 0x000000008000608e (0x14302573) x10 0x0000000000000005
core   0: 0x0000000080006092 (0xb02024f3) csrrs   s1, minstret, zero
core   0: 3 0x0000000080006092 (0xb02024f3) x9  0x0000000000001093
core   0: 0x0000000080006096 (0x0000a811) c.j     pc + 20
core   0: 3 0x0000000080006096 (0xa811)
core   0: >>>>  mepc_4
core   0: 0x00000000800060aa (0x00000791) c.addi  a5, 4
core   0: 3 0x00000000800060aa (0x0791) x15 0x00000000800058da
core   0: 0x00000000800060ac (0x34179073) csrrw   zero, mepc, a5
core   0: 3 0x00000000800060ac (0x34179073) c833_mepc 0x00000000800058da
core   0: 0x00000000800060b0 (0x30200073) mret
core   0: 3 0x00000000800060b0 (0x30200073) c768_mstatus 0x8000000a00106080
core   0: 0x00000000800058da (0x1244f853) fmul.d  fa6, fs1, ft4
core   0: 1 0x00000000800058da (0x1244f853) f16 0x7ff8000000000000
core   0: 0x00000000800058de (0x00000001) c.nop
core   0: 1 0x00000000800058de (0x0001)
core   0: 0x00000000800058e0 (0x011e94bb) sllw    s1, t4, a7
core   0: 1 0x00000000800058e0 (0x011e94bb) x9  0x0000000000000010
core   0: 0x00000000800058e4 (0x82e9794f) fnmadd.d fs2, fs2, fa4, fa6
core   0: 1 0x00000000800058e4 (0x82e9794f) f18 0x7ff8000000000000
core   0: 0x00000000800058e8 (0xc031fad3) fcvt.lu.s s5, ft3
core   0: 1 0x00000000800058e8 (0xc031fad3) c1_fflags 0x0000000000000011 x21 0xffffffffffffffff
core   0: 0x00000000800058ec (0xfffc6613) ori     a2, s8, -1
core   0: 1 0x00000000800058ec (0xfffc6613) x12 0xffffffffffffffff
core   0: 0x00000000800058f0 (0x0088e433) or      s0, a7, s0
core   0: 1 0x00000000800058f0 (0x0088e433) x8  0xffffffffffffffff
core   0: 0x00000000800058f4 (0x008645b3) xor     a1, a2, s0
core   0: 1 0x00000000800058f4 (0x008645b3) x11 0x0000000000000000
core   0: 0x00000000800058f8 (0x00008ece) c.mv    t4, s3
core   0: 1 0x00000000800058f8 (0x8ece) x29 0x0000000000000000
core   0: 0x00000000800058fa (0x03bd453b) divw    a0, s10, s11
core   0: 1 0x00000000800058fa (0x03bd453b) x10 0x0000000000000001
core   0: 0x00000000800058fe (0x02890ab3) mul     s5, s2, s0
core   0: 1 0x00000000800058fe (0x02890ab3) x21 0x0000000003ec5000
core   0: 0x0000000080005902 (0x01c359bb) srlw    s3, t1, t3
core   0: 1 0x0000000080005902 (0x01c359bb) x19 0xffffffffffffffff
core   0: 0x0000000080005906 (0x104e7af3) csrrci  s5, sie, 28
core   0: 1 0x0000000080005906 (0x104e7af3) x21 0x0000000000000000 c772_mie 0x0000000000000a00
core   0: 0x000000008000590a (0x028b9433) mulh    s0, s7, s0
core   0: 1 0x000000008000590a (0x028b9433) x8  0x0000000000000000
core   0: 0x000000008000590e (0x7b087a73) csrrci  s4, dcsr, 16
core   0: exception trap_illegal_instruction, epc 0x000000008000590e
core   0:           tval 0x000000007b087a73
core   0: >>>>  $xrv64i2p1_m2p0_a2p1_f2p2_d2p2_zicsr2p0_zifencei2p0_zmmul1p0_zba1p0_zbb1p0_zbc1p0_zbs1p0
core   0: 0x0000000080004000 (0x0080006f) j       pc + 0x8
core   0: 3 0x0000000080004000 (0x0080006f)
core   0: >>>>  mmode_exception_handler
core   0: 0x0000000080004008 (0x00002c17) auipc   s8, 0x2
core   0: 3 0x0000000080004008 (0x00002c17) x24 0x0000000080006008
core   0: 0x000000008000400c (0x06ec0c13) addi    s8, s8, 110
core   0: 3 0x000000008000400c (0x06ec0c13) x24 0x0000000080006076
core   0: 0x0000000080004010 (0x000c00e7) jalr    s8
core   0: 3 0x0000000080004010 (0x000c00e7) x1  0x0000000080004014
core   0: >>>>  any_handler
core   0: 0x0000000080006076 (0x341027f3) csrrs   a5, mepc, zero
core   0: 3 0x0000000080006076 (0x341027f3) x15 0x000000008000590e
core   0: 0x000000008000607a (0x34202773) csrrs   a4, mcause, zero
core   0: 3 0x000000008000607a (0x34202773) x14 0x0000000000000002
core   0: 0x000000008000607e (0x142026f3) csrrs   a3, scause, zero
core   0: 3 0x000000008000607e (0x142026f3) x13 0x0000000000000000
core   0: 0x0000000080006082 (0x30402673) csrrs   a2, mie, zero
core   0: 3 0x0000000080006082 (0x30402673) x12 0x0000000000000a00
core   0: 0x0000000080006086 (0x344025f3) csrrs   a1, mip, zero
core   0: 3 0x0000000080006086 (0x344025f3) x11 0x0000000000000080
core   0: 0x000000008000608a (0x343025f3) csrrs   a1, mtval, zero
core   0: 3 0x000000008000608a (0x343025f3) x11 0x000000007b087a73
core   0: 0x000000008000608e (0x14302573) csrrs   a0, stval, zero
core   0: 3 0x000000008000608e (0x14302573) x10 0x0000000000000005
core   0: 0x0000000080006092 (0xb02024f3) csrrs   s1, minstret, zero
core   0: 3 0x0000000080006092 (0xb02024f3) x9  0x00000000000010b1
core   0: 0x0000000080006096 (0x0000a811) c.j     pc + 20
core   0: 3 0x0000000080006096 (0xa811)
core   0: >>>>  mepc_4
core   0: 0x00000000800060aa (0x00000791) c.addi  a5, 4
core   0: 3 0x00000000800060aa (0x0791) x15 0x0000000080005912
core   0: 0x00000000800060ac (0x34179073) csrrw   zero, mepc, a5
core   0: 3 0x00000000800060ac (0x34179073) c833_mepc 0x0000000080005912
core   0: 0x00000000800060b0 (0x30200073) mret
core   0: 3 0x00000000800060b0 (0x30200073) c768_mstatus 0x8000000a00106080
core   0: 0x0000000080005912 (0xc2187ad3) fcvt.wu.d s5, fa6
core   0: 1 0x0000000080005912 (0xc2187ad3) c1_fflags 0x0000000000000011 x21 0xffffffffffffffff
core   0: 0x0000000080005916 (0x40845cb3) sra     s9, s0, s0
core   0: 1 0x0000000080005916 (0x40845cb3) x25 0x0000000000000000
core   0: 0x000000008000591a (0x40ea82bb) subw    t0, s5, a4
core   0: 1 0x000000008000591a (0x40ea82bb) x5  0xfffffffffffffffd
core   0: 0x000000008000591e (0x120d7053) fmul.d  ft0, fs10, ft0
core   0: 1 0x000000008000591e (0x120d7053) f0  0x7ff8000000000000
core   0: 0x0000000080005922 (0x41425233) sra     tp, tp, s4
core   0: 1 0x0000000080005922 (0x41425233) x4  0x0000000000003fff
core   0: 0x0000000080005926 (0xc03ff6d3) fcvt.lu.s a3, ft11
core   0: 1 0x0000000080005926 (0xc03ff6d3) c1_fflags 0x0000000000000011 x13 0xffffffffffffffff
core   0: 0x000000008000592a (0xa39e4413) xori    s0, t3, -1479
core   0: 1 0x000000008000592a (0xa39e4413) x8  0xfffffffffffffa39
core   0: 0x000000008000592e (0x001b171b) slliw   a4, s6, 1
core   0: 1 0x000000008000592e (0x001b171b) x14 0xffffffffd5312000
core   0: 0x0000000080005932 (0x222480d3) fsgnj.d ft1, fs1, ft2
core   0: 1 0x0000000080005932 (0x222480d3) f1  0x43e0000000000000
core   0: 0x0000000080005936 (0xd39777cf) fnmadd.d fa5, fa4, fs9, fs10
core   0: 1 0x0000000080005936 (0xd39777cf) f15 0x7ff8000000000000
core   0: 0x000000008000593a (0x40045013) srai    zero, s0, 0
core   0: 1 0x000000008000593a (0x40045013)
core   0: 0x000000008000593e (0xd026f553) fcvt.s.l fa0, a3
core   0: 1 0x000000008000593e (0xd026f553) f10 0xffffffffbf800000
core   0: 0x0000000080005942 (0xf2040053) fmv.d.x ft0, s0
core   0: 1 0x0000000080005942 (0xf2040053) f0  0xfffffffffffffa39
core   0: 0x0000000080005946 (0x023a7cd3) fadd.d  fs9, fs4, ft3
core   0: 1 0x0000000080005946 (0x023a7cd3) f25 0x7ff8000000000000
core   0: 0x000000008000594a (0x00edad37) lui     s10, 0xeda
core   0: 1 0x000000008000594a (0x00edad37) x26 0x0000000000eda000
core   0: 0x000000008000594e (0xe73d0d1b) addiw   s10, s10, -397
core   0: 1 0x000000008000594e (0xe73d0d1b) x26 0x0000000000ed9e73
core   0: 0x0000000080005952 (0x00000d3a) c.slli  s10, 14
core   0: 1 0x0000000080005952 (0x0d3a) x26 0x0000003b679cc000
core   0: 0x0000000080005954 (0xe40d0d13) addi    s10, s10, -448
core   0: 1 0x0000000080005954 (0xe40d0d13) x26 0x0000003b679cbe40
core   0: 0x0000000080005958 (0xd2008ad3) fcvt.d.w fs5, ra
core   0: 1 0x0000000080005958 (0xd2008ad3) f21 0xc1dfffeffb000000
core   0: 0x000000008000595c (0xc21af553) fcvt.wu.d a0, fs5
core   0: 1 0x000000008000595c (0xc21af553) c1_fflags 0x0000000000000011 x10 0x0000000000000000
core   0: 0x0000000080005960 (0x40f5013b) subw    sp, a0, a5
core   0: 1 0x0000000080005960 (0x40f5013b) x2  0x000000007fffa6ee
core   0: 0x0000000080005964 (0x01aece33) xor     t3, t4, s10
core   0: 1 0x0000000080005964 (0x01aece33) x28 0x0000003b679cbe40
core   0: 0x0000000080005968 (0x00f7e033) or      zero, a5, a5
core   0: 1 0x0000000080005968 (0x00f7e033)
core   0: 0x000000008000596c (0x7a64deb7) lui     t4, 0x7a64d
core   0: 1 0x000000008000596c (0x7a64deb7) x29 0x000000007a64d000
core   0: 0x0000000080005970 (0x5a02f953) fsqrt.d fs2, ft5
core   0: 1 0x0000000080005970 (0x5a02f953) f18 0x7ff8000000000000
core   0: 0x0000000080005974 (0x03ce3533) mulhu   a0, t3, t3
core   0: 1 0x0000000080005974 (0x03ce3533) x10 0x0000000000000dc8
core   0: 0x0000000080005978 (0x8000e693) ori     a3, ra, -2048
core   0: 1 0x0000000080005978 (0x8000e693) x13 0xfffffffffffff814
core   0: 0x000000008000597c (0xd03572d3) fcvt.s.lu ft5, a0
core   0: 1 0x000000008000597c (0xd03572d3) f5  0xffffffff455c8000
core   0: 0x0000000080005980 (0xc21ef1d3) fcvt.wu.d gp, ft9
core   0: 1 0x0000000080005980 (0xc21ef1d3) c1_fflags 0x0000000000000011 x3  0xffffffffffffffff
core   0: 0x0000000080005984 (0xf13d7af3) csrrci  s5, mimpid, 26
core   0: exception trap_illegal_instruction, epc 0x0000000080005984
core   0:           tval 0x00000000f13d7af3
core   0: >>>>  $xrv64i2p1_m2p0_a2p1_f2p2_d2p2_zicsr2p0_zifencei2p0_zmmul1p0_zba1p0_zbb1p0_zbc1p0_zbs1p0
core   0: 0x0000000080004000 (0x0080006f) j       pc + 0x8
core   0: 3 0x0000000080004000 (0x0080006f)
core   0: >>>>  mmode_exception_handler
core   0: 0x0000000080004008 (0x00002c17) auipc   s8, 0x2
core   0: 3 0x0000000080004008 (0x00002c17) x24 0x0000000080006008
core   0: 0x000000008000400c (0x06ec0c13) addi    s8, s8, 110
core   0: 3 0x000000008000400c (0x06ec0c13) x24 0x0000000080006076
core   0: 0x0000000080004010 (0x000c00e7) jalr    s8
core   0: 3 0x0000000080004010 (0x000c00e7) x1  0x0000000080004014
core   0: >>>>  any_handler
core   0: 0x0000000080006076 (0x341027f3) csrrs   a5, mepc, zero
core   0: 3 0x0000000080006076 (0x341027f3) x15 0x0000000080005984
core   0: 0x000000008000607a (0x34202773) csrrs   a4, mcause, zero
core   0: 3 0x000000008000607a (0x34202773) x14 0x0000000000000002
core   0: 0x000000008000607e (0x142026f3) csrrs   a3, scause, zero
core   0: 3 0x000000008000607e (0x142026f3) x13 0x0000000000000000
core   0: 0x0000000080006082 (0x30402673) csrrs   a2, mie, zero
core   0: 3 0x0000000080006082 (0x30402673) x12 0x0000000000000a00
core   0: 0x0000000080006086 (0x344025f3) csrrs   a1, mip, zero
core   0: 3 0x0000000080006086 (0x344025f3) x11 0x0000000000000080
core   0: 0x000000008000608a (0x343025f3) csrrs   a1, mtval, zero
core   0: 3 0x000000008000608a (0x343025f3) x11 0x00000000f13d7af3
core   0: 0x000000008000608e (0x14302573) csrrs   a0, stval, zero
core   0: 3 0x000000008000608e (0x14302573) x10 0x0000000000000005
core   0: 0x0000000080006092 (0xb02024f3) csrrs   s1, minstret, zero
core   0: 3 0x0000000080006092 (0xb02024f3) x9  0x00000000000010de
core   0: 0x0000000080006096 (0x0000a811) c.j     pc + 20
core   0: 3 0x0000000080006096 (0xa811)
core   0: >>>>  mepc_4
core   0: 0x00000000800060aa (0x00000791) c.addi  a5, 4
core   0: 3 0x00000000800060aa (0x0791) x15 0x0000000080005988
core   0: 0x00000000800060ac (0x34179073) csrrw   zero, mepc, a5
core   0: 3 0x00000000800060ac (0x34179073) c833_mepc 0x0000000080005988
core   0: 0x00000000800060b0 (0x30200073) mret
core   0: 3 0x00000000800060b0 (0x30200073) c768_mstatus 0x8000000a00106080
core   0: 0x0000000080005988 (0x003a9cb3) sll     s9, s5, gp
core   0: 1 0x0000000080005988 (0x003a9cb3) x25 0x8000000000000000
core   0: 0x000000008000598c (0x4152d2b3) sra     t0, t0, s5
core   0: 1 0x000000008000598c (0x4152d2b3) x5  0xffffffffffffffff
core   0: 0x0000000080005990 (0x401ef1d3) fcvt.s.d ft3, ft9
core   0: 1 0x0000000080005990 (0x401ef1d3) f3  0xffffffff7fc00000
core   0: 0x0000000080005994 (0x6e73041b) addiw   s0, t1, 1767
core   0: 1 0x0000000080005994 (0x6e73041b) x8  0x00000000000006e6
core   0: 0x0000000080005998 (0xd20c88d3) fcvt.d.w fa7, s9
core   0: 1 0x0000000080005998 (0xd20c88d3) f17 0x0000000000000000
core   0: 0x000000008000599c (0xc02ef253) fcvt.l.s tp, ft9
core   0: 1 0x000000008000599c (0xc02ef253) c1_fflags 0x0000000000000011 x4  0x7fffffffffffffff
core   0: 0x00000000800059a0 (0xf20e0dd3) fmv.d.x fs11, t3
core   0: 1 0x00000000800059a0 (0xf20e0dd3) f27 0x0000003b679cbe40
core   0: 0x00000000800059a4 (0x2a617e4f) fnmadd.d ft8, ft2, ft6, ft5
core   0: 1 0x00000000800059a4 (0x2a617e4f) f28 0x7ff8000000000000
core   0: 0x00000000800059a8 (0x7ffe0e1b) addiw   t3, t3, 2047
core   0: 1 0x00000000800059a8 (0x7ffe0e1b) x28 0x00000000679cc63f
core   0: 0x00000000800059ac (0xd22af553) fcvt.d.l fa0, s5
core   0: 1 0x00000000800059ac (0xd22af553) f10 0xbff0000000000000
core   0: 0x00000000800059b0 (0x409053b3) sra     t2, zero, s1
core   0: 1 0x00000000800059b0 (0x409053b3) x7  0x0000000000000000
core   0: 0x00000000800059b4 (0x022205b3) mul     a1, tp, sp
core   0: 1 0x00000000800059b4 (0x022205b3) x11 0xffffffff80005912
core   0: 0x00000000800059b8 (0xc6e7f793) andi    a5, a5, -914
core   0: 1 0x00000000800059b8 (0xc6e7f793) x15 0x0000000080005808
core   0: 0x00000000800059bc (0x00211ebb) sllw    t4, sp, sp
core   0: 1 0x00000000800059bc (0x00211ebb) x29 0xffffffffe9bb8000
core   0: 0x00000000800059c0 (0x41db57bb) sraw    a5, s6, t4
core   0: 1 0x00000000800059c0 (0x41db57bb) x15 0x000000006a989000
core   0: 0x00000000800059c4 (0x40fe513b) sraw    sp, t3, a5
core   0: 1 0x00000000800059c4 (0x40fe513b) x2  0x00000000679cc63f
core   0: 0x00000000800059c8 (0xc208fdd3) fcvt.w.d s11, fa7
core   0: 1 0x00000000800059c8 (0xc208fdd3) x27 0x0000000000000000
core   0: 0x00000000800059cc (0x2a488153) fmin.d  ft2, fa7, ft4
core   0: 1 0x00000000800059cc (0x2a488153) f2  0x0000000000000000
core   0: 0x00000000800059d0 (0xd20208d3) fcvt.d.w fa7, tp
core   0: 1 0x00000000800059d0 (0xd20208d3) f17 0xbff0000000000000
core   0: 0x00000000800059d4 (0xd23177d3) fcvt.d.lu fa5, sp
core   0: 1 0x00000000800059d4 (0xd23177d3) f15 0x41d9e7318fc00000
core   0: 0x00000000800059d8 (0xfa15ffc3) fmadd.d ft11, fa1, ft1, ft11
core   0: 1 0x00000000800059d8 (0xfa15ffc3) f31 0x45e7d7baae700000
core   0: 0x00000000800059dc (0xfff04e93) not     t4, zero
core   0: 1 0x00000000800059dc (0xfff04e93) x29 0xffffffffffffffff
core   0: 0x00000000800059e0 (0x00202073) csrrs   zero, frm, zero
core   0: 1 0x00000000800059e0 (0x00202073)
core   0: 0x00000000800059e4 (0xfffe4513) not     a0, t3
core   0: 1 0x00000000800059e4 (0xfffe4513) x10 0xffffffff986339c0
core   0: 0x00000000800059e8 (0x00b41433) sll     s0, s0, a1
core   0: 1 0x00000000800059e8 (0x00b41433) x8  0x000000001b980000
core   0: 0x00000000800059ec (0xea4ef6c7) fmsub.d fa3, ft9, ft4, ft9
core   0: 1 0x00000000800059ec (0xea4ef6c7) f13 0x7ff8000000000000
core   0: 0x00000000800059f0 (0x00a51cb3) sll     s9, a0, a0
core   0: 1 0x00000000800059f0 (0x00a51cb3) x25 0xffffffff986339c0
core   0: 0x00000000800059f4 (0x00121973) csrrw   s2, fflags, tp
core   0: 1 0x00000000800059f4 (0x00121973) x18 0x0000000000000011 c1_fflags 0x000000000000001f
core   0: 0x00000000800059f8 (0xc21ff453) fcvt.wu.d s0, ft11
core   0: 1 0x00000000800059f8 (0xc21ff453) c1_fflags 0x000000000000001f x8  0xffffffffffffffff
core   0: 0x00000000800059fc (0x002029f3) csrrs   s3, frm, zero
core   0: 1 0x00000000800059fc (0x002029f3) x19 0x0000000000000000
core   0: 0x0000000080005a00 (0x0239d813) srli    a6, s3, 35
core   0: 1 0x0000000080005a00 (0x0239d813) x16 0x0000000000000000
core   0: 0x0000000080005a04 (0x4199833b) subw    t1, s3, s9
core   0: 1 0x0000000080005a04 (0x4199833b) x6  0x00000000679cc640
core   0: 0x0000000080005a08 (0x0265e7b3) rem     a5, a1, t1
core   0: 1 0x0000000080005a08 (0x0265e7b3) x15 0xffffffffe79d1f52
core   0: 0x0000000080005a0c (0x0147dcbb) srlw    s9, a5, s4
core   0: 1 0x0000000080005a0c (0x0147dcbb) x25 0x00000000000073ce
core   0: 0x0000000080005a10 (0x41290933) sub     s2, s2, s2
core   0: 1 0x0000000080005a10 (0x41290933) x18 0x0000000000000000
core   0: 0x0000000080005a14 (0x4003d2b3) sra     t0, t2, zero
core   0: 1 0x0000000080005a14 (0x4003d2b3) x5  0x0000000000000000
core   0: 0x0000000080005a18 (0x6cd735b7) lui     a1, 0x6cd73
core   0: 1 0x0000000080005a18 (0x6cd735b7) x11 0x000000006cd73000
core   0: 0x0000000080005a1c (0x80054693) xori    a3, a0, -2048
core   0: 1 0x0000000080005a1c (0x80054693) x13 0x00000000679cc1c0
core   0: 0x0000000080005a20 (0x05c03837) lui     a6, 0x5c03
core   0: 1 0x0000000080005a20 (0x05c03837) x16 0x0000000005c03000
core   0: 0x0000000080005a24 (0xe8f8081b) addiw   a6, a6, -369
core   0: 1 0x0000000080005a24 (0xe8f8081b) x16 0x0000000005c02e8f
core   0: 0x0000000080005a28 (0x00000832) c.slli  a6, 12
core   0: 1 0x0000000080005a28 (0x0832) x16 0x0000005c02e8f000
core   0: 0x0000000080005a2a (0x39280813) addi    a6, a6, 914
core   0: 1 0x0000000080005a2a (0x39280813) x16 0x0000005c02e8f392
core   0: 0x0000000080005a2e (0x0016d21b) srliw   tp, a3, 1
core   0: 1 0x0000000080005a2e (0x0016d21b) x4  0x0000000033ce60e0
core   0: 0x0000000080005a32 (0xc235fa53) fcvt.lu.d s4, fa1
core   0: 1 0x0000000080005a32 (0xc235fa53) x20 0x00000000fffffffe
core   0: 0x0000000080005a36 (0x7bd7e313) ori     t1, a5, 1981
core   0: 1 0x0000000080005a36 (0x7bd7e313) x6  0xffffffffe79d1fff
core   0: 0x0000000080005a3a (0x004a6633) or      a2, s4, tp
core   0: 1 0x0000000080005a3a (0x004a6633) x12 0x00000000fffffffe
core   0: 0x0000000080005a3e (0x02666933) rem     s2, a2, t1
core   0: 1 0x0000000080005a3e (0x02666933) x18 0x000000000c233ff4
core   0: 0x0000000080005a42 (0x01265ab3) srl     s5, a2, s2
core   0: 1 0x0000000080005a42 (0x01265ab3) x21 0x0000000000000000
core   0: 0x0000000080005a46 (0x0206dbbb) divuw   s7, a3, zero
core   0: 1 0x0000000080005a46 (0x0206dbbb) x23 0xffffffffffffffff
core   0: 0x0000000080005a4a (0xf2058353) fmv.d.x ft6, a1
core   0: 1 0x0000000080005a4a (0xf2058353) f6  0x000000006cd73000
core   0: 0x0000000080005a4e (0x0122d23b) srlw    tp, t0, s2
core   0: 1 0x0000000080005a4e (0x0122d23b) x4  0x0000000000000000
core   0: 0x0000000080005a52 (0x00996233) or      tp, s2, s1
core   0: 1 0x0000000080005a52 (0x00996233) x4  0x000000000c233ffe
core   0: 0x0000000080005a56 (0x03561ab7) lui     s5, 0x3561
core   0: 1 0x0000000080005a56 (0x03561ab7) x21 0x0000000003561000
core   0: 0x0000000080005a5a (0x423a8a9b) addiw   s5, s5, 1059
core   0: 1 0x0000000080005a5a (0x423a8a9b) x21 0x0000000003561423
core   0: 0x0000000080005a5e (0x00000ab2) c.slli  s5, 12
core   0: 1 0x0000000080005a5e (0x0ab2) x21 0x0000003561423000
core   0: 0x0000000080005a60 (0x27ba8a93) addi    s5, s5, 635
core   0: 1 0x0000000080005a60 (0x27ba8a93) x21 0x000000356142327b
core   0: 0x0000000080005a64 (0xd0277b53) fcvt.s.l fs6, a4
core   0: 1 0x0000000080005a64 (0xd0277b53) f22 0xffffffff40000000
core   0: 0x0000000080005a68 (0xfff8089b) addiw   a7, a6, -1
core   0: 1 0x0000000080005a68 (0xfff8089b) x17 0x0000000002e8f391
core   0: 0x0000000080005a6c (0x410ad1b3) sra     gp, s5, a6
core   0: 1 0x0000000080005a6c (0x410ad1b3) x3  0x00000000000d5850
core   0: 0x0000000080005a70 (0x40680cb3) sub     s9, a6, t1
core   0: 1 0x0000000080005a70 (0x40680cb3) x25 0x0000005c1b4bd393
core   0: 0x0000000080005a74 (0x02d1c4b3) div     s1, gp, a3
core   0: 1 0x0000000080005a74 (0x02d1c4b3) x9  0x0000000000000000
core   0: 0x0000000080005a78 (0x01c6fe33) and     t3, a3, t3
core   0: 1 0x0000000080005a78 (0x01c6fe33) x28 0x00000000679cc000
core   0: 0x0000000080005a7c (0x012e003b) addw    zero, t3, s2
core   0: 1 0x0000000080005a7c (0x012e003b)
core   0: 0x0000000080005a80 (0x48d86b97) auipc   s7, 0x48d86
core   0: 1 0x0000000080005a80 (0x48d86b97) x23 0x00000000c8d8ba80
core   0: 0x0000000080005a84 (0x0006101b) slliw   zero, a2, 0
core   0: 1 0x0000000080005a84 (0x0006101b)
core   0: 0x0000000080005a88 (0x4008d393) srai    t2, a7, 0
core   0: 1 0x0000000080005a88 (0x4008d393) x7  0x0000000002e8f391
core   0: 0x0000000080005a8c (0x2608e713) ori     a4, a7, 608
core   0: 1 0x0000000080005a8c (0x2608e713) x14 0x0000000002e8f3f1
core   0: 0x0000000080005a90 (0x5a02f2d3) fsqrt.d ft5, ft5
core   0: 1 0x0000000080005a90 (0x5a02f2d3) f5  0x7ff8000000000000
core   0: 0x0000000080005a94 (0x01a890b3) sll     ra, a7, s10
core   0: 1 0x0000000080005a94 (0x01a890b3) x1  0x0000000002e8f391
core   0: 0x0000000080005a98 (0xd20708d3) fcvt.d.w fa7, a4
core   0: 1 0x0000000080005a98 (0xd20708d3) f17 0x4187479f88000000
core   0: 0x0000000080005a9c (0x03120233) mul     tp, tp, a7
core   0: 1 0x0000000080005a9c (0x03120233) x4  0x002351fe4fe558de
core   0: 0x0000000080005aa0 (0xc22dfcd3) fcvt.l.d s9, fs11
core   0: 1 0x0000000080005aa0 (0xc22dfcd3) c1_fflags 0x000000000000001f x25 0x0000000000000000
core   0: 0x0000000080005aa4 (0x7ffe039b) addiw   t2, t3, 2047
core   0: 1 0x0000000080005aa4 (0x7ffe039b) x7  0x00000000679cc7ff
core   0: 0x0000000080005aa8 (0x0b8df053) fsub.d  ft0, fs11, fs8
core   0: 1 0x0000000080005aa8 (0x0b8df053) f0  0x7ff8000000000000
core   0: 0x0000000080005aac (0x5a01f653) fsqrt.d fa2, ft3
core   0: 1 0x0000000080005aac (0x5a01f653) f12 0x7ff8000000000000
core   0: 0x0000000080005ab0 (0x037c3133) mulhu   sp, s8, s7
core   0: 1 0x0000000080005ab0 (0x037c3133) x2  0x0000000000000000
core   0: 0x0000000080005ab4 (0x02d11393) slli    t2, sp, 45
core   0: 1 0x0000000080005ab4 (0x02d11393) x7  0x0000000000000000
core   0: 0x0000000080005ab8 (0x4182d2b3) sra     t0, t0, s8
core   0: 1 0x0000000080005ab8 (0x4182d2b3) x5  0x0000000000000000
core   0: 0x0000000080005abc (0x025e84bb) mulw    s1, t4, t0
core   0: 1 0x0000000080005abc (0x025e84bb) x9  0x0000000000000000
core   0: 0x0000000080005ac0 (0x0252b0b3) mulhu   ra, t0, t0
core   0: 1 0x0000000080005ac0 (0x0252b0b3) x1  0x0000000000000000
core   0: 0x0000000080005ac4 (0x40950333) sub     t1, a0, s1
core   0: 1 0x0000000080005ac4 (0x40950333) x6  0xffffffff986339c0
core   0: 0x0000000080005ac8 (0x00e9593b) srlw    s2, s2, a4
core   0: 1 0x0000000080005ac8 (0x00e9593b) x18 0x0000000000000611
core   0: 0x0000000080005acc (0x820b714f) fnmadd.d ft2, fs6, ft0, fa6
core   0: 1 0x0000000080005acc (0x820b714f) f2  0x7ff8000000000000
core   0: 0x0000000080005ad0 (0x0168f8b3) and     a7, a7, s6
core   0: 1 0x0000000080005ad0 (0x0168f8b3) x17 0x0000000002889000
core   0: 0x0000000080005ad4 (0xf20a04d3) fmv.d.x fs1, s4
core   0: 1 0x0000000080005ad4 (0xf20a04d3) f9  0x00000000fffffffe
core   0: 0x0000000080005ad8 (0x003cd2bb) srlw    t0, s9, gp
core   0: 1 0x0000000080005ad8 (0x003cd2bb) x5  0x0000000000000000
core   0: 0x0000000080005adc (0x35218397) auipc   t2, 0x35218
core   0: 1 0x0000000080005adc (0x35218397) x7  0x00000000b521dadc
core   0: 0x0000000080005ae0 (0x02c71933) mulh    s2, a4, a2
core   0: 1 0x0000000080005ae0 (0x02c71933) x18 0x0000000000000000
core   0: 0x0000000080005ae4 (0x2b918553) fmin.d  fa0, ft3, fs9
core   0: 1 0x0000000080005ae4 (0x2b918553) f10 0x7ff8000000000000
core   0: 0x0000000080005ae8 (0x00251173) csrrw   sp, frm, a0
core   0: 1 0x0000000080005ae8 (0x00251173) x2  0x0000000000000000 c2_frm 0x0000000000000000
core   0: 0x0000000080005aec (0x03b4f23b) remuw   tp, s1, s11
core   0: 1 0x0000000080005aec (0x03b4f23b) x4  0x0000000000000000
core   0: 0x0000000080005af0 (0x029a2233) mulhsu  tp, s4, s1
core   0: 1 0x0000000080005af0 (0x029a2233) x4  0x0000000000000000
core   0: 0x0000000080005af4 (0xf4935917) auipc   s2, 0xf4935
core   0: 1 0x0000000080005af4 (0xf4935917) x18 0x000000007493aaf4
core   0: 0x0000000080005af8 (0x0b817b53) fsub.d  fs6, ft2, fs8
core   0: 1 0x0000000080005af8 (0x0b817b53) f22 0x7ff8000000000000
core   0: 0x0000000080005afc (0xd2357953) fcvt.d.lu fs2, a0
core   0: 1 0x0000000080005afc (0xd2357953) c1_fflags 0x000000000000001f f18 0x43effffffff30c67
core   0: 0x0000000080005b00 (0x472b071b) addiw   a4, s6, 1138
core   0: 1 0x0000000080005b00 (0x472b071b) x14 0x000000006a989472
core   0: 0x0000000080005b04 (0x02e1843b) mulw    s0, gp, a4
core   0: 1 0x0000000080005b04 (0x02e1843b) x8  0x000000004c7f93a0
core   0: 0x0000000080005b08 (0x02d2d2bb) divuw   t0, t0, a3
core   0: 1 0x0000000080005b08 (0x02d2d2bb) x5  0x0000000000000000
core   0: 0x0000000080005b0c (0xfd2371b7) lui     gp, 0xfd237
core   0: 1 0x0000000080005b0c (0xfd2371b7) x3  0xfffffffffd237000
core   0: 0x0000000080005b10 (0x0691819b) addiw   gp, gp, 105
core   0: 1 0x0000000080005b10 (0x0691819b) x3  0xfffffffffd237069
core   0: 0x0000000080005b14 (0x000001b6) c.slli  gp, 13
core   0: 1 0x0000000080005b14 (0x01b6) x3  0xffffffa46e0d2000
core   0: 0x0000000080005b16 (0xd7d18193) addi    gp, gp, -643
core   0: 1 0x0000000080005b16 (0xd7d18193) x3  0xffffffa46e0d1d7d
core   0: 0x0000000080005b1a (0xc0317653) fcvt.lu.s a2, ft2
core   0: 1 0x0000000080005b1a (0xc0317653) c1_fflags 0x000000000000001f x12 0xffffffffffffffff
core   0: 0x0000000080005b1e (0x01046433) or      s0, s0, a6
core   0: 1 0x0000000080005b1e (0x01046433) x8  0x0000005c4efff3b2
core   0: 0x0000000080005b22 (0x0287c7bb) divw    a5, a5, s0
core   0: 1 0x0000000080005b22 (0x0287c7bb) x15 0x0000000000000000
core   0: 0x0000000080005b26 (0x00068013) mv      zero, a3
core   0: 1 0x0000000080005b26 (0x00068013)
core   0: 0x0000000080005b2a (0x488c4593) xori    a1, s8, 1160
core   0: 1 0x0000000080005b2a (0x488c4593) x11 0x00000000800064fe
core   0: 0x0000000080005b2e (0x23e774cf) fnmadd.d fs1, fa4, ft10, ft4
core   0: 1 0x0000000080005b2e (0x23e774cf) f9  0x7ff8000000000000
core   0: 0x0000000080005b32 (0x00ba843b) addw    s0, s5, a1
core   0: 1 0x0000000080005b32 (0x00ba843b) x8  0xffffffffe1429779
core   0: 0x0000000080005b36 (0x800a4013) xori    zero, s4, -2048
core   0: 1 0x0000000080005b36 (0x800a4013)
core   0: 0x0000000080005b3a (0x02835db3) divu    s11, t1, s0
core   0: 1 0x0000000080005b3a (0x02835db3) x27 0x0000000000000000
core   0: 0x0000000080005b3e (0xd2040b53) fcvt.d.w fs6, s0
core   0: 1 0x0000000080005b3e (0xd2040b53) f22 0xc1bebd6887000000
core   0: 0x0000000080005b42 (0x41f0de9b) sraiw   t4, ra, 31
core   0: 1 0x0000000080005b42 (0x41f0de9b) x29 0x0000000000000000
core   0: 0x0000000080005b46 (0x328f9eb7) lui     t4, 0x328f9
core   0: 1 0x0000000080005b46 (0x328f9eb7) x29 0x00000000328f9000
core   0: 0x0000000080005b4a (0x037bd23b) divuw   tp, s7, s7
core   0: 1 0x0000000080005b4a (0x037bd23b) x4  0x0000000000000001
core   0: 0x0000000080005b4e (0x408455bb) sraw    a1, s0, s0
core   0: 1 0x0000000080005b4e (0x408455bb) x11 0xfffffffffffffff0
core   0: 0x0000000080005b52 (0x032154b3) divu    s1, sp, s2
core   0: 1 0x0000000080005b52 (0x032154b3) x9  0x0000000000000000
core   0: 0x0000000080005b56 (0x7ff4e093) ori     ra, s1, 2047
core   0: 1 0x0000000080005b56 (0x7ff4e093) x1  0x00000000000007ff
core   0: 0x0000000080005b5a (0x024e8dbb) mulw    s11, t4, tp
core   0: 1 0x0000000080005b5a (0x024e8dbb) x27 0x00000000328f9000
core   0: 0x0000000080005b5e (0xd024f1d3) fcvt.s.l ft3, s1
core   0: 1 0x0000000080005b5e (0xd024f1d3) f3  0xffffffff00000000
core   0: 0x0000000080005b62 (0x05586b37) lui     s6, 0x5586
core   0: 1 0x0000000080005b62 (0x05586b37) x22 0x0000000005586000
core   0: 0x0000000080005b66 (0x22c625d3) fsgnjx.d fa1, fa2, fa2
core   0: 1 0x0000000080005b66 (0x22c625d3) f11 0x7ff8000000000000
core   0: 0x0000000080005b6a (0x4013f4d3) fcvt.s.d fs1, ft7
core   0: 1 0x0000000080005b6a (0x4013f4d3) f9  0xffffffff7fc00000
core   0: 0x0000000080005b6e (0x027bfbbb) remuw   s7, s7, t2
core   0: 1 0x0000000080005b6e (0x027bfbbb) x23 0x0000000013b6dfa4
core   0: 0x0000000080005b72 (0x42088b53) fcvt.d.s fs6, fa7
core   0: 1 0x0000000080005b72 (0x42088b53) f22 0x7ff8000000000000
core   0: 0x0000000080005b76 (0x00231273) csrrw   tp, frm, t1
core   0: 1 0x0000000080005b76 (0x00231273) x4  0x0000000000000000 c2_frm 0x0000000000000000
core   0: 0x0000000080005b7a (0x004186b3) add     a3, gp, tp
core   0: 1 0x0000000080005b7a (0x004186b3) x13 0xffffffa46e0d1d7d
core   0: 0x0000000080005b7e (0xc02052f3) csrrwi  t0, instret, 0
core   0: exception trap_illegal_instruction, epc 0x0000000080005b7e
core   0:           tval 0x00000000c02052f3
core   0: >>>>  $xrv64i2p1_m2p0_a2p1_f2p2_d2p2_zicsr2p0_zifencei2p0_zmmul1p0_zba1p0_zbb1p0_zbc1p0_zbs1p0
core   0: 0x0000000080004000 (0x0080006f) j       pc + 0x8
core   0: 3 0x0000000080004000 (0x0080006f)
core   0: >>>>  mmode_exception_handler
core   0: 0x0000000080004008 (0x00002c17) auipc   s8, 0x2
core   0: 3 0x0000000080004008 (0x00002c17) x24 0x0000000080006008
core   0: 0x000000008000400c (0x06ec0c13) addi    s8, s8, 110
core   0: 3 0x000000008000400c (0x06ec0c13) x24 0x0000000080006076
core   0: 0x0000000080004010 (0x000c00e7) jalr    s8
core   0: 3 0x0000000080004010 (0x000c00e7) x1  0x0000000080004014
core   0: >>>>  any_handler
core   0: 0x0000000080006076 (0x341027f3) csrrs   a5, mepc, zero
core   0: 3 0x0000000080006076 (0x341027f3) x15 0x0000000080005b7e
core   0: 0x000000008000607a (0x34202773) csrrs   a4, mcause, zero
core   0: 3 0x000000008000607a (0x34202773) x14 0x0000000000000002
core   0: 0x000000008000607e (0x142026f3) csrrs   a3, scause, zero
core   0: 3 0x000000008000607e (0x142026f3) x13 0x0000000000000000
core   0: 0x0000000080006082 (0x30402673) csrrs   a2, mie, zero
core   0: 3 0x0000000080006082 (0x30402673) x12 0x0000000000000a00
core   0: 0x0000000080006086 (0x344025f3) csrrs   a1, mip, zero
core   0: 3 0x0000000080006086 (0x344025f3) x11 0x0000000000000080
core   0: 0x000000008000608a (0x343025f3) csrrs   a1, mtval, zero
core   0: 3 0x000000008000608a (0x343025f3) x11 0x00000000c02052f3
core   0: 0x000000008000608e (0x14302573) csrrs   a0, stval, zero
core   0: 3 0x000000008000608e (0x14302573) x10 0x0000000000000005
core   0: 0x0000000080006092 (0xb02024f3) csrrs   s1, minstret, zero
core   0: 3 0x0000000080006092 (0xb02024f3) x9  0x000000000000116d
core   0: 0x0000000080006096 (0x0000a811) c.j     pc + 20
core   0: 3 0x0000000080006096 (0xa811)
core   0: >>>>  mepc_4
core   0: 0x00000000800060aa (0x00000791) c.addi  a5, 4
core   0: 3 0x00000000800060aa (0x0791) x15 0x0000000080005b82
core   0: 0x00000000800060ac (0x34179073) csrrw   zero, mepc, a5
core   0: 3 0x00000000800060ac (0x34179073) c833_mepc 0x0000000080005b82
core   0: 0x00000000800060b0 (0x30200073) mret
core   0: 3 0x00000000800060b0 (0x30200073) c768_mstatus 0x8000000a00106080
core   0: 0x0000000080005b82 (0xc02b7953) fcvt.l.s s2, fs6
core   0: 1 0x0000000080005b82 (0xc02b7953) c1_fflags 0x000000000000001f x18 0x7fffffffffffffff
core   0: 0x0000000080005b86 (0xc2147053) fcvt.wu.d zero, fs0
core   0: 1 0x0000000080005b86 (0xc2147053) c1_fflags 0x000000000000001f
core   0: 0x0000000080005b8a (0xd02aff53) fcvt.s.l ft10, s5
core   0: 1 0x0000000080005b8a (0xd02aff53) c1_fflags 0x000000000000001f f30 0xffffffff52558509
core   0: 0x0000000080005b8e (0xfa7270b7) lui     ra, 0xfa727
core   0: 1 0x0000000080005b8e (0xfa7270b7) x1  0xfffffffffa727000
core   0: 0x0000000080005b92 (0x17b0809b) addiw   ra, ra, 379
core   0: 1 0x0000000080005b92 (0x17b0809b) x1  0xfffffffffa72717b
core   0: 0x0000000080005b96 (0x000000b2) c.slli  ra, 12
core   0: 1 0x0000000080005b96 (0x00b2) x1  0xffffffa72717b000
core   0: 0x0000000080005b98 (0x4cc08093) addi    ra, ra, 1228
core   0: 1 0x0000000080005b98 (0x4cc08093) x1  0xffffffa72717b4cc
core   0: 0x0000000080005b9c (0xd20d88d3) fcvt.d.w fa7, s11
core   0: 1 0x0000000080005b9c (0xd20d88d3) f17 0x41c947c800000000
core   0: 0x0000000080005ba0 (0x424c7c43) fmadd.d fs8, fs8, ft4, fs0
core   0: 1 0x0000000080005ba0 (0x424c7c43) f24 0x7ff8000000000000
core   0: 0x0000000080005ba4 (0xfff0c393) not     t2, ra
core   0: 1 0x0000000080005ba4 (0xfff0c393) x7  0x00000058d8e84b33
core   0: 0x0000000080005ba8 (0x01242533) slt     a0, s0, s2
core   0: 1 0x0000000080005ba8 (0x01242533) x10 0x0000000000000001
core   0: 0x0000000080005bac (0x006503b3) add     t2, a0, t1
core   0: 1 0x0000000080005bac (0x006503b3) x7  0xffffffff986339c1
core   0: 0x0000000080005bb0 (0x03ae9cb3) mulh    s9, t4, s10
core   0: 1 0x0000000080005bb0 (0x03ae9cb3) x25 0x000000000000000b
core   0: 0x0000000080005bb4 (0x6cb1f113) andi    sp, gp, 1739
core   0: 1 0x0000000080005bb4 (0x6cb1f113) x2  0x0000000000000449
core   0: 0x0000000080005bb8 (0xd2018dd3) fcvt.d.w fs11, gp
core   0: 1 0x0000000080005bb8 (0xd2018dd3) f27 0x41db83475f400000
core   0: 0x0000000080005bbc (0x23340413) addi    s0, s0, 563
core   0: 1 0x0000000080005bbc (0x23340413) x8  0xffffffffe14299ac
core   0: 0x0000000080005bc0 (0x02b43733) mulhu   a4, s0, a1
core   0: 1 0x0000000080005bc0 (0x02b43733) x14 0x00000000c02052f2
core   0: 0x0000000080005bc4 (0x40395a33) sra     s4, s2, gp
core   0: 1 0x0000000080005bc4 (0x40395a33) x20 0x0000000000000003
core   0: 0x0000000080005bc8 (0x032e36b3) mulhu   a3, t3, s2
core   0: 1 0x0000000080005bc8 (0x032e36b3) x13 0x0000000033ce5fff
core   0: 0x0000000080005bcc (0xd5a16013) ori     zero, sp, -678
core   0: 1 0x0000000080005bcc (0xd5a16013)
core   0: 0x0000000080005bd0 (0x00235a1b) srliw   s4, t1, 2
core   0: 1 0x0000000080005bd0 (0x00235a1b) x20 0x000000002618ce70
core   0: 0x0000000080005bd4 (0x00000001) c.nop
core   0: 1 0x0000000080005bd4 (0x0001)
core   0: 0x0000000080005bd6 (0xffebc337) lui     t1, 0xffebc
core   0: 1 0x0000000080005bd6 (0xffebc337) x6  0xffffffffffebc000
core   0: 0x0000000080005bda (0xad13031b) addiw   t1, t1, -1327
core   0: 1 0x0000000080005bda (0xad13031b) x6  0xffffffffffebbad1
core   0: 0x0000000080005bde (0x0000033a) c.slli  t1, 14
core   0: 1 0x0000000080005bde (0x033a) x6  0xfffffffaeeb44000
core   0: 0x0000000080005be0 (0x07530313) addi    t1, t1, 117
core   0: 1 0x0000000080005be0 (0x07530313) x6  0xfffffffaeeb44075
core   0: 0x0000000080005be4 (0xa28ca1d3) feq.d   gp, fs9, fs0
core   0: 1 0x0000000080005be4 (0xa28ca1d3) x3  0x0000000000000000
core   0: 0x0000000080005be8 (0xc03c74d3) fcvt.lu.s s1, fs8
core   0: 1 0x0000000080005be8 (0xc03c74d3) c1_fflags 0x000000000000001f x9  0xffffffffffffffff
core   0: 0x0000000080005bec (0xb3217c43) fmadd.d fs8, ft2, fs2, fs6
core   0: 1 0x0000000080005bec (0xb3217c43) f24 0x7ff8000000000000
core   0: 0x0000000080005bf0 (0x013c4633) xor     a2, s8, s3
core   0: 1 0x0000000080005bf0 (0x013c4633) x12 0x0000000080006076
core   0: 0x0000000080005bf4 (0x017e8cb3) add     s9, t4, s7
core   0: 1 0x0000000080005bf4 (0x017e8cb3) x25 0x0000000046466fa4
core   0: 0x0000000080005bf8 (0x03d8a8b3) mulhsu  a7, a7, t4
core   0: 1 0x0000000080005bf8 (0x03d8a8b3) x17 0x0000000000000000
core   0: 0x0000000080005bfc (0xfffc8e9b) addiw   t4, s9, -1
core   0: 1 0x0000000080005bfc (0xfffc8e9b) x29 0x0000000046466fa3
core   0: 0x0000000080005c00 (0x0373d63b) divuw   a2, t2, s7
core   0: 1 0x0000000080005c00 (0x0373d63b) x12 0x0000000000000007
core   0: 0x0000000080005c04 (0x0003549b) srliw   s1, t1, 0
core   0: 1 0x0000000080005c04 (0x0003549b) x9  0xffffffffeeb44075
core   0: 0x0000000080005c08 (0x40edda33) sra     s4, s11, a4
core   0: 1 0x0000000080005c08 (0x40edda33) x20 0x0000000000000000
core   0: 0x0000000080005c0c (0x4bba6093) ori     ra, s4, 1211
core   0: 1 0x0000000080005c0c (0x4bba6093) x1  0x00000000000004bb
core   0: 0x0000000080005c10 (0x1df74813) xori    a6, a4, 479
core   0: 1 0x0000000080005c10 (0x1df74813) x16 0x00000000c020532d
core   0: 0x0000000080005c14 (0x012959b3) srl     s3, s2, s2
core   0: 1 0x0000000080005c14 (0x012959b3) x19 0x0000000000000000
core   0: 0x0000000080005c18 (0x400bd993) srai    s3, s7, 0
core   0: 1 0x0000000080005c18 (0x400bd993) x19 0x0000000013b6dfa4
core   0: 0x0000000080005c1c (0x80048513) addi    a0, s1, -2048
core   0: 1 0x0000000080005c1c (0x80048513) x10 0xffffffffeeb43875
core   0: 0x0000000080005c20 (0x02eadcb3) divu    s9, s5, a4
core   0: 1 0x0000000080005c20 (0x02eadcb3) x25 0x0000000000000047
core   0: 0x0000000080005c24 (0x22c51553) fsgnjn.d fa0, fa0, fa2
core   0: 1 0x0000000080005c24 (0x22c51553) f10 0xfff8000000000000
core   0: 0x0000000080005c28 (0x537572cf) fnmadd.d ft5, fa0, fs7, fa0
core   0: 1 0x0000000080005c28 (0x537572cf) f5  0x7ff8000000000000
core   0: 0x0000000080005c2c (0xc035fa53) fcvt.lu.s s4, fa1
core   0: 1 0x0000000080005c2c (0xc035fa53) c1_fflags 0x000000000000001f x20 0xffffffffffffffff
core   0: 0x0000000080005c30 (0x40000b33) sub     s6, zero, zero
core   0: 1 0x0000000080005c30 (0x40000b33) x22 0x0000000000000000
core   0: 0x0000000080005c34 (0xc03276d3) fcvt.lu.s a3, ft4
core   0: 1 0x0000000080005c34 (0xc03276d3) c1_fflags 0x000000000000001f x13 0xffffffffffffffff
core   0: 0x0000000080005c38 (0x0016d51b) srliw   a0, a3, 1
core   0: 1 0x0000000080005c38 (0x0016d51b) x10 0x000000007fffffff
core   0: 0x0000000080005c3c (0x03b0ecbb) remw    s9, ra, s11
core   0: 1 0x0000000080005c3c (0x03b0ecbb) x25 0x00000000000004bb
core   0: 0x0000000080005c40 (0x0184d513) srli    a0, s1, 24
core   0: 1 0x0000000080005c40 (0x0184d513) x10 0x000000ffffffffee
core   0: 0x0000000080005c44 (0x40d004bb) subw    s1, zero, a3
core   0: 1 0x0000000080005c44 (0x40d004bb) x9  0x0000000000000001
core   0: 0x0000000080005c48 (0x00ae19b3) sll     s3, t3, a0
core   0: 1 0x0000000080005c48 (0x00ae19b3) x19 0x3000000000000000
core   0: 0x0000000080005c4c (0xc2057ed3) fcvt.w.d t4, fa0
core   0: 1 0x0000000080005c4c (0xc2057ed3) c1_fflags 0x000000000000001f x29 0x000000007fffffff
core   0: 0x0000000080005c50 (0x2bff9fd3) fmax.d  ft11, ft11, ft11
core   0: 1 0x0000000080005c50 (0x2bff9fd3) f31 0x45e7d7baae700000
core   0: 0x0000000080005c54 (0xfb1ff1c7) fmsub.d ft3, ft11, fa7, ft11
core   0: 1 0x0000000080005c54 (0xfb1ff1c7) c1_fflags 0x000000000000001f f3  0x47c2d6058269ebd1
core   0: 0x0000000080005c58 (0x0306fcbb) remuw   s9, a3, a6
core   0: 1 0x0000000080005c58 (0x0306fcbb) x25 0x000000003fdfacd2
core   0: 0x0000000080005c5c (0x4be71d37) lui     s10, 0x4be71
core   0: 1 0x0000000080005c5c (0x4be71d37) x26 0x000000004be71000
core   0: 0x0000000080005c60 (0x2a6888d3) fmin.d  fa7, fa7, ft6
core   0: 1 0x0000000080005c60 (0x2a6888d3) f17 0x000000006cd73000
core   0: 0x0000000080005c64 (0x40c65933) sra     s2, a2, a2
core   0: 1 0x0000000080005c64 (0x40c65933) x18 0x0000000000000000
core   0: 0x0000000080005c68 (0x00095b9b) srliw   s7, s2, 0
core   0: 1 0x0000000080005c68 (0x00095b9b) x23 0x0000000000000000
core   0: 0x0000000080005c6c (0x02bbee3b) remw    t3, s7, a1
core   0: 1 0x0000000080005c6c (0x02bbee3b) x28 0x0000000000000000
core   0: 0x0000000080005c70 (0x401a7753) fcvt.s.d fa4, fs4
core   0: 1 0x0000000080005c70 (0x401a7753) f14 0xffffffff7fc00000
core   0: 0x0000000080005c74 (0x133d73d3) fmul.d  ft7, fs10, fs3
core   0: 1 0x0000000080005c74 (0x133d73d3) f7  0x7ff8000000000000
core   0: 0x0000000080005c78 (0x5a0f7b53) fsqrt.d fs6, ft10
core   0: 1 0x0000000080005c78 (0x5a0f7b53) f22 0x7ff8000000000000
core   0: 0x0000000080005c7c (0x401c7bd3) fcvt.s.d fs7, fs8
core   0: 1 0x0000000080005c7c (0x401c7bd3) f23 0xffffffff7fc00000
core   0: 0x0000000080005c80 (0x4078533b) sraw    t1, a6, t2
core   0: 1 0x0000000080005c80 (0x4078533b) x6  0xffffffffe0102996
core   0: 0x0000000080005c84 (0x00d3d6b3) srl     a3, t2, a3
core   0: 1 0x0000000080005c84 (0x00d3d6b3) x13 0x0000000000000001
core   0: 0x0000000080005c88 (0xd03370d3) fcvt.s.lu ft1, t1
core   0: 1 0x0000000080005c88 (0xd03370d3) c1_fflags 0x000000000000001f f1  0xffffffff5f800000
core   0: 0x0000000080005c8c (0xfd6c70b7) lui     ra, 0xfd6c7
core   0: 1 0x0000000080005c8c (0xfd6c70b7) x1  0xfffffffffd6c7000
core   0: 0x0000000080005c90 (0x7310809b) addiw   ra, ra, 1841
core   0: 1 0x0000000080005c90 (0x7310809b) x1  0xfffffffffd6c7731
core   0: 0x0000000080005c94 (0x000000b2) c.slli  ra, 12
core   0: 1 0x0000000080005c94 (0x00b2) x1  0xffffffd6c7731000
core   0: 0x0000000080005c96 (0x9e308093) addi    ra, ra, -1565
core   0: 1 0x0000000080005c96 (0x9e308093) x1  0xffffffd6c77309e3
core   0: 0x0000000080005c9a (0x5a00fcd3) fsqrt.d fs9, ft1
core   0: 1 0x0000000080005c9a (0x5a00fcd3) f25 0x7ff8000000000000
core   0: 0x0000000080005c9e (0x0010503b) srlw    zero, zero, ra
core   0: 1 0x0000000080005c9e (0x0010503b)
core   0: 0x0000000080005ca2 (0x1a4172d3) fdiv.d  ft5, ft2, ft4
core   0: 1 0x0000000080005ca2 (0x1a4172d3) f5  0x7ff8000000000000
core   0: 0x0000000080005ca6 (0x03605b3b) divuw   s6, zero, s6
core   0: 1 0x0000000080005ca6 (0x03605b3b) x22 0xffffffffffffffff
core   0: 0x0000000080005caa (0x00064633) xor     a2, a2, zero
core   0: 1 0x0000000080005caa (0x00064633) x12 0x0000000000000007
core   0: 0x0000000080005cae (0xa3a28e53) fle.d   t3, ft5, fs10
core   0: 1 0x0000000080005cae (0xa3a28e53) c1_fflags 0x000000000000001f x28 0x0000000000000000
core   0: 0x0000000080005cb2 (0x02528333) mul     t1, t0, t0
core   0: 1 0x0000000080005cb2 (0x02528333) x6  0x0000000000000000
core   0: 0x0000000080005cb6 (0xc542881b) addiw   a6, t0, -940
core   0: 1 0x0000000080005cb6 (0xc542881b) x16 0xfffffffffffffc54
core   0: 0x0000000080005cba (0x0a5c72d3) fsub.d  ft5, fs8, ft5
core   0: 1 0x0000000080005cba (0x0a5c72d3) f5  0x7ff8000000000000
core   0: 0x0000000080005cbe (0x2ef91cb7) lui     s9, 0x2ef91
core   0: 1 0x0000000080005cbe (0x2ef91cb7) x25 0x000000002ef91000
core   0: 0x0000000080005cc2 (0x012b5c9b) srliw   s9, s6, 18
core   0: 1 0x0000000080005cc2 (0x012b5c9b) x25 0x0000000000003fff
core   0: 0x0000000080005cc6 (0x01b403b3) add     t2, s0, s11
core   0: 1 0x0000000080005cc6 (0x01b403b3) x7  0x0000000013d229ac
core   0: 0x0000000080005cca (0xd229f153) fcvt.d.l ft2, s3
core   0: 1 0x0000000080005cca (0xd229f153) f2  0x43c8000000000000
core   0: 0x0000000080005cce (0x00201593) slli    a1, zero, 2
core   0: 1 0x0000000080005cce (0x00201593) x11 0x0000000000000000
core   0: 0x0000000080005cd2 (0x0c048e97) auipc   t4, 0xc048
core   0: 1 0x0000000080005cd2 (0x0c048e97) x29 0x000000008c04dcd2
core   0: 0x0000000080005cd6 (0x7ffe8113) addi    sp, t4, 2047
core   0: 1 0x0000000080005cd6 (0x7ffe8113) x2  0x000000008c04e4d1
core   0: 0x0000000080005cda (0x00008422) c.mv    s0, s0
core   0: 1 0x0000000080005cda (0x8422) x8  0xffffffffe14299ac
core   0: 0x0000000080005cdc (0x00202973) csrrs   s2, frm, zero
core   0: 1 0x0000000080005cdc (0x00202973) x18 0x0000000000000000
core   0: 0x0000000080005ce0 (0x40127cd3) fcvt.s.d fs9, ft4
core   0: 1 0x0000000080005ce0 (0x40127cd3) f25 0xffffffff7fc00000
core   0: 0x0000000080005ce4 (0x03c27e53) fadd.d  ft8, ft4, ft8
core   0: 1 0x0000000080005ce4 (0x03c27e53) f28 0x7ff8000000000000
core   0: 0x0000000080005ce8 (0x420e8cd3) fcvt.d.s fs9, ft9
core   0: 1 0x0000000080005ce8 (0x420e8cd3) f25 0x7ff8000000000000
core   0: 0x0000000080005cec (0x281cb097) auipc   ra, 0x281cb
core   0: 1 0x0000000080005cec (0x281cb097) x1  0x00000000a81d0cec
core   0: 0x0000000080005cf0 (0xa3720d53) fle.d   s10, ft4, fs7
core   0: 1 0x0000000080005cf0 (0xa3720d53) c1_fflags 0x000000000000001f x26 0x0000000000000000
core   0: 0x0000000080005cf4 (0x40bb5eb3) sra     t4, s6, a1
core   0: 1 0x0000000080005cf4 (0x40bb5eb3) x29 0xffffffffffffffff
core   0: 0x0000000080005cf8 (0x00ebd01b) srliw   zero, s7, 14
core   0: 1 0x0000000080005cf8 (0x00ebd01b)
core   0: 0x0000000080005cfc (0x3780c713) xori    a4, ra, 888
core   0: 1 0x0000000080005cfc (0x3780c713) x14 0x00000000a81d0f94
core   0: 0x0000000080005d00 (0x0329ccb3) div     s9, s3, s2
core   0: 1 0x0000000080005d00 (0x0329ccb3) x25 0xffffffffffffffff
core   0: 0x0000000080005d04 (0x00b2deb3) srl     t4, t0, a1
core   0: 1 0x0000000080005d04 (0x00b2deb3) x29 0x0000000000000000
core   0: 0x0000000080005d08 (0x002413b3) sll     t2, s0, sp
core   0: 1 0x0000000080005d08 (0x002413b3) x7  0xffffc28533580000
core   0: 0x0000000080005d0c (0x03d3d83b) divuw   a6, t2, t4
core   0: 1 0x0000000080005d0c (0x03d3d83b) x16 0xffffffffffffffff
core   0: 0x0000000080005d10 (0xca1cf84b) fnmsub.d fa6, fs9, ft1, fs9
core   0: 1 0x0000000080005d10 (0xca1cf84b) f16 0x7ff8000000000000
core   0: 0x0000000080005d14 (0x40e8093b) subw    s2, a6, a4
core   0: 1 0x0000000080005d14 (0x40e8093b) x18 0x0000000057e2f06b
core   0: 0x0000000080005d18 (0x41f4d49b) sraiw   s1, s1, 31
core   0: 1 0x0000000080005d18 (0x41f4d49b) x9  0x0000000000000000
core   0: 0x0000000080005d1c (0x002026f3) csrrs   a3, frm, zero
core   0: 1 0x0000000080005d1c (0x002026f3) x13 0x0000000000000000
core   0: 0x0000000080005d20 (0x01168c33) add     s8, a3, a7
core   0: 1 0x0000000080005d20 (0x01168c33) x24 0x0000000000000000
core   0: 0x0000000080005d24 (0x0131111b) slliw   sp, sp, 19
core   0: 1 0x0000000080005d24 (0x0131111b) x2  0x0000000026880000
core   0: 0x0000000080005d28 (0x22aba053) fsgnjx.d ft0, fs7, fa0
core   0: 1 0x0000000080005d28 (0x22aba053) f0  0x7fffffff7fc00000
core   0: 0x0000000080005d2c (0x039ce933) rem     s2, s9, s9
core   0: 1 0x0000000080005d2c (0x039ce933) x18 0x0000000000000000
core   0: 0x0000000080005d30 (0x00202cf3) csrrs   s9, frm, zero
core   0: 1 0x0000000080005d30 (0x00202cf3) x25 0x0000000000000000
core   0: 0x0000000080005d34 (0x0ff0000f) fence   iorw,iorw
core   0: 1 0x0000000080005d34 (0x0ff0000f)
core   0: 0x0000000080005d38 (0x019a4633) xor     a2, s4, s9
core   0: 1 0x0000000080005d38 (0x019a4633) x12 0xffffffffffffffff
core   0: 0x0000000080005d3c (0x03741ab3) mulh    s5, s0, s7
core   0: 1 0x0000000080005d3c (0x03741ab3) x21 0x0000000000000000
core   0: 0x0000000080005d40 (0x002c9573) csrrw   a0, frm, s9
core   0: 1 0x0000000080005d40 (0x002c9573) x10 0x0000000000000000 c2_frm 0x0000000000000000
core   0: 0x0000000080005d44 (0x012b023b) addw    tp, s6, s2
core   0: 1 0x0000000080005d44 (0x012b023b) x4  0xffffffffffffffff
core   0: 0x0000000080005d48 (0x01290b3b) addw    s6, s2, s2
core   0: 1 0x0000000080005d48 (0x01290b3b) x22 0x0000000000000000
core   0: 0x0000000080005d4c (0x012e2033) slt     zero, t3, s2
core   0: 1 0x0000000080005d4c (0x012e2033)
core   0: 0x0000000080005d50 (0x032e0cb3) mul     s9, t3, s2
core   0: 1 0x0000000080005d50 (0x032e0cb3) x25 0x0000000000000000
core   0: 0x0000000080005d54 (0xd2010453) fcvt.d.w fs0, sp
core   0: 1 0x0000000080005d54 (0xd2010453) f8  0x41c3440000000000
core   0: 0x0000000080005d58 (0xc5300b1b) addiw   s6, zero, -941
core   0: 1 0x0000000080005d58 (0xc5300b1b) x22 0xfffffffffffffc53
core   0: 0x0000000080005d5c (0x002cd2bb) srlw    t0, s9, sp
core   0: 1 0x0000000080005d5c (0x002cd2bb) x5  0x0000000000000000
core   0: 0x0000000080005d60 (0xc026d6f3) csrrwi  a3, instret, 13
core   0: exception trap_illegal_instruction, epc 0x0000000080005d60
core   0:           tval 0x00000000c026d6f3
core   0: >>>>  $xrv64i2p1_m2p0_a2p1_f2p2_d2p2_zicsr2p0_zifencei2p0_zmmul1p0_zba1p0_zbb1p0_zbc1p0_zbs1p0
core   0: 0x0000000080004000 (0x0080006f) j       pc + 0x8
core   0: 3 0x0000000080004000 (0x0080006f)
core   0: >>>>  mmode_exception_handler
core   0: 0x0000000080004008 (0x00002c17) auipc   s8, 0x2
core   0: 3 0x0000000080004008 (0x00002c17) x24 0x0000000080006008
core   0: 0x000000008000400c (0x06ec0c13) addi    s8, s8, 110
core   0: 3 0x000000008000400c (0x06ec0c13) x24 0x0000000080006076
core   0: 0x0000000080004010 (0x000c00e7) jalr    s8
core   0: 3 0x0000000080004010 (0x000c00e7) x1  0x0000000080004014
core   0: >>>>  any_handler
core   0: 0x0000000080006076 (0x341027f3) csrrs   a5, mepc, zero
core   0: 3 0x0000000080006076 (0x341027f3) x15 0x0000000080005d60
core   0: 0x000000008000607a (0x34202773) csrrs   a4, mcause, zero
core   0: 3 0x000000008000607a (0x34202773) x14 0x0000000000000002
core   0: 0x000000008000607e (0x142026f3) csrrs   a3, scause, zero
core   0: 3 0x000000008000607e (0x142026f3) x13 0x0000000000000000
core   0: 0x0000000080006082 (0x30402673) csrrs   a2, mie, zero
core   0: 3 0x0000000080006082 (0x30402673) x12 0x0000000000000a00
core   0: 0x0000000080006086 (0x344025f3) csrrs   a1, mip, zero
core   0: 3 0x0000000080006086 (0x344025f3) x11 0x0000000000000080
core   0: 0x000000008000608a (0x343025f3) csrrs   a1, mtval, zero
core   0: 3 0x000000008000608a (0x343025f3) x11 0x00000000c026d6f3
core   0: 0x000000008000608e (0x14302573) csrrs   a0, stval, zero
core   0: 3 0x000000008000608e (0x14302573) x10 0x0000000000000005
core   0: 0x0000000080006092 (0xb02024f3) csrrs   s1, minstret, zero
core   0: 3 0x0000000080006092 (0xb02024f3) x9  0x00000000000011f7
core   0: 0x0000000080006096 (0x0000a811) c.j     pc + 20
core   0: 3 0x0000000080006096 (0xa811)
core   0: >>>>  mepc_4
core   0: 0x00000000800060aa (0x00000791) c.addi  a5, 4
core   0: 3 0x00000000800060aa (0x0791) x15 0x0000000080005d64
core   0: 0x00000000800060ac (0x34179073) csrrw   zero, mepc, a5
core   0: 3 0x00000000800060ac (0x34179073) c833_mepc 0x0000000080005d64
core   0: 0x00000000800060b0 (0x30200073) mret
core   0: 3 0x00000000800060b0 (0x30200073) c768_mstatus 0x8000000a00106080
core   0: 0x0000000080005d64 (0x006d52bb) srlw    t0, s10, t1
core   0: 1 0x0000000080005d64 (0x006d52bb) x5  0x0000000000000000
core   0: 0x0000000080005d68 (0x02a9e1b3) rem     gp, s3, a0
core   0: 1 0x0000000080005d68 (0x02a9e1b3) x3  0x0000000000000003
core   0: 0x0000000080005d6c (0x40a888bb) subw    a7, a7, a0
core   0: 1 0x0000000080005d6c (0x40a888bb) x17 0xfffffffffffffffb
core   0: 0x0000000080005d70 (0x00000001) c.nop
core   0: 1 0x0000000080005d70 (0x0001)
core   0: 0x0000000080005d72 (0x2a528d53) fmin.d  fs10, ft5, ft5
core   0: 1 0x0000000080005d72 (0x2a528d53) f26 0x7ff8000000000000
core   0: 0x0000000080005d76 (0x4bfd7fcb) fnmsub.d ft11, fs10, ft11, fs1
core   0: 1 0x0000000080005d76 (0x4bfd7fcb) f31 0x7ff8000000000000
core   0: 0x0000000080005d7a (0xe2040753) fmv.x.d a4, fs0
core   0: 1 0x0000000080005d7a (0xe2040753) x14 0x41c3440000000000
core   0: 0x0000000080005d7e (0x7ff96d93) ori     s11, s2, 2047
core   0: 1 0x0000000080005d7e (0x7ff96d93) x27 0x00000000000007ff
core   0: 0x0000000080005d82 (0xd2277a53) fcvt.d.l fs4, a4
core   0: 1 0x0000000080005d82 (0xd2277a53) f20 0x43d070d100000000
core   0: 0x0000000080005d86 (0x43fbdb93) srai    s7, s7, 63
core   0: 1 0x0000000080005d86 (0x43fbdb93) x23 0x0000000000000000
core   0: 0x0000000080005d8a (0x03a1f53b) remuw   a0, gp, s10
core   0: 1 0x0000000080005d8a (0x03a1f53b) x10 0x0000000000000003
core   0: 0x0000000080005d8e (0xc03ef553) fcvt.lu.s a0, ft9
core   0: 1 0x0000000080005d8e (0xc03ef553) c1_fflags 0x000000000000001f x10 0xffffffffffffffff
core   0: 0x0000000080005d92 (0x009400bb) addw    ra, s0, s1
core   0: 1 0x0000000080005d92 (0x009400bb) x1  0xffffffffe142aba3
core   0: 0x0000000080005d96 (0x400eda93) srai    s5, t4, 0
core   0: 1 0x0000000080005d96 (0x400eda93) x21 0x0000000000000000
core   0: 0x0000000080005d9a (0x01a0da1b) srliw   s4, ra, 26
core   0: 1 0x0000000080005d9a (0x01a0da1b) x20 0x0000000000000038
core   0: 0x0000000080005d9e (0x001c1d73) csrrw   s10, fflags, s8
core   0: 1 0x0000000080005d9e (0x001c1d73) x26 0x000000000000001f c1_fflags 0x0000000000000016
core   0: 0x0000000080005da2 (0x120f9b37) lui     s6, 0x120f9
core   0: 1 0x0000000080005da2 (0x120f9b37) x22 0x00000000120f9000
core   0: 0x0000000080005da6 (0x00d32e33) slt     t3, t1, a3
core   0: 1 0x0000000080005da6 (0x00d32e33) x28 0x0000000000000000
core   0: 0x0000000080005daa (0x40117153) fcvt.s.d ft2, ft2
core   0: 1 0x0000000080005daa (0x40117153) f2  0xffffffff5e400000
core   0: 0x0000000080005dae (0x0339fb3b) remuw   s6, s3, s3
core   0: 1 0x0000000080005dae (0x0339fb3b) x22 0x0000000000000000
core   0: 0x0000000080005db2 (0x002cd793) srli    a5, s9, 2
core   0: 1 0x0000000080005db2 (0x002cd793) x15 0x0000000000000000
core   0: 0x0000000080005db6 (0xc02773d3) fcvt.l.s t2, fa4
core   0: 1 0x0000000080005db6 (0xc02773d3) c1_fflags 0x0000000000000016 x7  0x7fffffffffffffff
core   0: 0x0000000080005dba (0x0055053b) addw    a0, a0, t0
core   0: 1 0x0000000080005dba (0x0055053b) x10 0xffffffffffffffff
core   0: 0x0000000080005dbe (0x00001a52) c.slli  s4, 52
core   0: 1 0x0000000080005dbe (0x1a52) x20 0x0380000000000000
core   0: 0x0000000080005dc0 (0x002c5c33) srl     s8, s8, sp
core   0: 1 0x0000000080005dc0 (0x002c5c33) x24 0x0000000080006076
core   0: 0x0000000080005dc4 (0x03bc1a93) slli    s5, s8, 59
core   0: 1 0x0000000080005dc4 (0x03bc1a93) x21 0xb000000000000000
core   0: 0x0000000080005dc8 (0x40a9509b) sraiw   ra, s2, 10
core   0: 1 0x0000000080005dc8 (0x40a9509b) x1  0x0000000000000000
core   0: 0x0000000080005dcc (0xf20581d3) fmv.d.x ft3, a1
core   0: 1 0x0000000080005dcc (0xf20581d3) f3  0x00000000c026d6f3
core   0: 0x0000000080005dd0 (0x0324c53b) divw    a0, s1, s2
core   0: 1 0x0000000080005dd0 (0x0324c53b) x10 0xffffffffffffffff
core   0: 0x0000000080005dd4 (0x135af9d3) fmul.d  fs3, fs5, fs5
core   0: 1 0x0000000080005dd4 (0x135af9d3) c1_fflags 0x0000000000000017 f19 0x43cfffdff6080501
core   0: 0x0000000080005dd8 (0x002486bb) addw    a3, s1, sp
core   0: 1 0x0000000080005dd8 (0x002486bb) x13 0x00000000268811f7
core   0: 0x0000000080005ddc (0xd2217b53) fcvt.d.l fs6, sp
core   0: 1 0x0000000080005ddc (0xd2217b53) f22 0x41c3440000000000
core   0: 0x0000000080005de0 (0x0220e0b3) rem     ra, ra, sp
core   0: 1 0x0000000080005de0 (0x0220e0b3) x1  0x0000000000000000
core   0: 0x0000000080005de4 (0x0206a1b3) mulhsu  gp, a3, zero
core   0: 1 0x0000000080005de4 (0x0206a1b3) x3  0x0000000000000000
core   0: 0x0000000080005de8 (0x00048e33) add     t3, s1, zero
core   0: 1 0x0000000080005de8 (0x00048e33) x28 0x00000000000011f7
core   0: 0x0000000080005dec (0x22a516d3) fsgnjn.d fa3, fa0, fa0
core   0: 1 0x0000000080005dec (0x22a516d3) f13 0x7ff8000000000000
core   0: 0x0000000080005df0 (0x00b02a33) slt     s4, zero, a1
core   0: 1 0x0000000080005df0 (0x00b02a33) x20 0x0000000000000001
core   0: 0x0000000080005df4 (0x4063093b) subw    s2, t1, t1
core   0: 1 0x0000000080005df4 (0x4063093b) x18 0x0000000000000000
core   0: 0x0000000080005df8 (0x039c9cb3) mulh    s9, s9, s9
core   0: 1 0x0000000080005df8 (0x039c9cb3) x25 0x0000000000000000
core   0: 0x0000000080005dfc (0x02a9c893) xori    a7, s3, 42
core   0: 1 0x0000000080005dfc (0x02a9c893) x17 0x300000000000002a
core   0: 0x0000000080005e00 (0x4ab43497) auipc   s1, 0x4ab43
core   0: 1 0x0000000080005e00 (0x4ab43497) x9  0x00000000cab48e00
core   0: 0x0000000080005e04 (0x4132d61b) sraiw   a2, t0, 19
core   0: 1 0x0000000080005e04 (0x4132d61b) x12 0x0000000000000000
core   0: 0x0000000080005e08 (0xc2377553) fcvt.lu.d a0, fa4
core   0: 1 0x0000000080005e08 (0xc2377553) c1_fflags 0x0000000000000017 x10 0xffffffffffffffff
core   0: 0x0000000080005e0c (0xa2ee8153) fle.d   sp, ft9, fa4
core   0: 1 0x0000000080005e0c (0xa2ee8153) c1_fflags 0x0000000000000017 x2  0x0000000000000000
core   0: 0x0000000080005e10 (0x79899217) auipc   tp, 0x79899
core   0: 1 0x0000000080005e10 (0x79899217) x4  0x00000000f989ee10
core   0: 0x0000000080005e14 (0x4016873b) subw    a4, a3, ra
core   0: 1 0x0000000080005e14 (0x4016873b) x14 0x00000000268811f7
core   0: 0x0000000080005e18 (0x22d09bd3) fsgnjn.d fs7, ft1, fa3
core   0: 1 0x0000000080005e18 (0x22d09bd3) f23 0xffffffff5f800000
core   0: 0x0000000080005e1c (0xd22d7a53) fcvt.d.l fs4, s10
core   0: 1 0x0000000080005e1c (0xd22d7a53) f20 0x403f000000000000
core   0: 0x0000000080005e20 (0x407e5733) sra     a4, t3, t2
core   0: 1 0x0000000080005e20 (0x407e5733) x14 0x0000000000000000
core   0: 0x0000000080005e24 (0xc03a7b53) fcvt.lu.s s6, fs4
core   0: 1 0x0000000080005e24 (0xc03a7b53) c1_fflags 0x0000000000000017 x22 0xffffffffffffffff
core   0: 0x0000000080005e28 (0x03fdd713) srli    a4, s11, 63
core   0: 1 0x0000000080005e28 (0x03fdd713) x14 0x0000000000000000
core   0: 0x0000000080005e2c (0xff786237) lui     tp, 0xff786
core   0: 1 0x0000000080005e2c (0xff786237) x4  0xffffffffff786000
core   0: 0x0000000080005e30 (0xd172021b) addiw   tp, tp, -745
core   0: 1 0x0000000080005e30 (0xd172021b) x4  0xffffffffff785d17
core   0: 0x0000000080005e34 (0x00000232) c.slli  tp, 12
core   0: 1 0x0000000080005e34 (0x0232) x4  0xfffffff785d17000
core   0: 0x0000000080005e36 (0x51a20213) addi    tp, tp, 1306
core   0: 1 0x0000000080005e36 (0x51a20213) x4  0xfffffff785d1751a
core   0: 0x0000000080005e3a (0x800b089b) addiw   a7, s6, -2048
core   0: 1 0x0000000080005e3a (0x800b089b) x17 0xfffffffffffff7ff
core   0: 0x0000000080005e3e (0x414c8633) sub     a2, s9, s4
core   0: 1 0x0000000080005e3e (0x414c8633) x12 0xffffffffffffffff
core   0: 0x0000000080005e42 (0xcc440193) addi    gp, s0, -828
core   0: 1 0x0000000080005e42 (0xcc440193) x3  0xffffffffe1429670
core   0: 0x0000000080005e46 (0xc22b73d3) fcvt.l.d t2, fs6
core   0: 1 0x0000000080005e46 (0xc22b73d3) x7  0x0000000026880000
core   0: 0x0000000080005e4a (0x02d87bd3) fadd.d  fs7, fa6, fa3
core   0: 1 0x0000000080005e4a (0x02d87bd3) f23 0x7ff8000000000000
core   0: 0x0000000080005e4e (0x129afad3) fmul.d  fs5, fs5, fs1
core   0: 1 0x0000000080005e4e (0x129afad3) f21 0x7ff8000000000000
core   0: 0x0000000080005e52 (0x407100b3) sub     ra, sp, t2
core   0: 1 0x0000000080005e52 (0x407100b3) x1  0xffffffffd9780000
core   0: 0x0000000080005e56 (0xc20e7653) fcvt.w.d a2, ft8
core   0: 1 0x0000000080005e56 (0xc20e7653) c1_fflags 0x0000000000000017 x12 0x000000007fffffff
core   0: 0x0000000080005e5a (0x400ddc1b) sraiw   s8, s11, 0
core   0: 1 0x0000000080005e5a (0x400ddc1b) x24 0x00000000000007ff
core   0: 0x0000000080005e5e (0x011118b3) sll     a7, sp, a7
core   0: 1 0x0000000080005e5e (0x011118b3) x17 0x0000000000000000
core   0: 0x0000000080005e62 (0x021140bb) divw    ra, sp, ra
core   0: 1 0x0000000080005e62 (0x021140bb) x1  0x0000000000000000
core   0: 0x0000000080005e66 (0x0158513b) srlw    sp, a6, s5
core   0: 1 0x0000000080005e66 (0x0158513b) x2  0xffffffffffffffff
core   0: 0x0000000080005e6a (0x40157553) fcvt.s.d fa0, fa0
core   0: 1 0x0000000080005e6a (0x40157553) f10 0xffffffff7fc00000
core   0: 0x0000000080005e6e (0x0395fe33) remu    t3, a1, s9
core   0: 1 0x0000000080005e6e (0x0395fe33) x28 0x00000000c026d6f3
core   0: 0x0000000080005e72 (0x03410133) mul     sp, sp, s4
core   0: 1 0x0000000080005e72 (0x03410133) x2  0xffffffffffffffff
core   0: 0x0000000080005e76 (0x013c1c33) sll     s8, s8, s3
core   0: 1 0x0000000080005e76 (0x013c1c33) x24 0x00000000000007ff
core   0: 0x0000000080005e7a (0x0058feb3) and     t4, a7, t0
core   0: 1 0x0000000080005e7a (0x0058feb3) x29 0x0000000000000000
core   0: 0x0000000080005e7e (0x02fb6b3b) remw    s6, s6, a5
core   0: 1 0x0000000080005e7e (0x02fb6b3b) x22 0xffffffffffffffff
core   0: 0x0000000080005e82 (0x01f3de9b) srliw   t4, t2, 31
core   0: 1 0x0000000080005e82 (0x01f3de9b) x29 0x0000000000000000
core   0: 0x0000000080005e86 (0xd03c7d53) fcvt.s.lu fs10, s8
core   0: 1 0x0000000080005e86 (0xd03c7d53) f26 0xffffffff44ffe000
core   0: 0x0000000080005e8a (0x1ba4f047) fmsub.d ft0, fs1, fs10, ft3
core   0: 1 0x0000000080005e8a (0x1ba4f047) f0  0x7ff8000000000000
core   0: 0x0000000080005e8e (0x4017f0d3) fcvt.s.d ft1, fa5
core   0: 1 0x0000000080005e8e (0x4017f0d3) c1_fflags 0x0000000000000017 f1  0xffffffff4ecf398c
core   0: 0x0000000080005e92 (0x005d1d33) sll     s10, s10, t0
core   0: 1 0x0000000080005e92 (0x005d1d33) x26 0x000000000000001f
core   0: 0x0000000080005e96 (0x009dd9b3) srl     s3, s11, s1
core   0: 1 0x0000000080005e96 (0x009dd9b3) x19 0x00000000000007ff
core   0: 0x0000000080005e9a (0x0273f3bb) remuw   t2, t2, t2
core   0: 1 0x0000000080005e9a (0x0273f3bb) x7  0x0000000000000000
core   0: 0x0000000080005e9e (0xd223fed3) fcvt.d.l ft9, t2
core   0: 1 0x0000000080005e9e (0xd223fed3) f29 0x0000000000000000
core   0: 0x0000000080005ea2 (0x01d318bb) sllw    a7, t1, t4
core   0: 1 0x0000000080005ea2 (0x01d318bb) x17 0x0000000000000000
core   0: 0x0000000080005ea6 (0x01247433) and     s0, s0, s2
core   0: 1 0x0000000080005ea6 (0x01247433) x8  0x0000000000000000
core   0: 0x0000000080005eaa (0xe20d8cd3) fmv.x.d s9, fs11
core   0: 1 0x0000000080005eaa (0xe20d8cd3) x25 0x41db83475f400000
core   0: 0x0000000080005eae (0x016e1513) slli    a0, t3, 22
core   0: 1 0x0000000080005eae (0x016e1513) x10 0x003009b5bcc00000
core   0: 0x0000000080005eb2 (0xb86e7113) andi    sp, t3, -1146
core   0: 1 0x0000000080005eb2 (0xb86e7113) x2  0x00000000c026d282
core   0: 0x0000000080005eb6 (0x41bd8dbb) subw    s11, s11, s11
core   0: 1 0x0000000080005eb6 (0x41bd8dbb) x27 0x0000000000000000
core   0: 0x0000000080005eba (0xe20b0653) fmv.x.d a2, fs6
core   0: 1 0x0000000080005eba (0xe20b0653) x12 0x41c3440000000000
core   0: 0x0000000080005ebe (0xd0227053) fcvt.s.l ft0, tp
core   0: 1 0x0000000080005ebe (0xd0227053) c1_fflags 0x0000000000000017 f0  0xffffffffd107a2e9
core   0: 0x0000000080005ec2 (0x02c39e33) mulh    t3, t2, a2
core   0: 1 0x0000000080005ec2 (0x02c39e33) x28 0x0000000000000000
core   0: 0x0000000080005ec6 (0x4103d813) srai    a6, t2, 16
core   0: 1 0x0000000080005ec6 (0x4103d813) x16 0x0000000000000000
core   0: 0x0000000080005eca (0x02636e33) rem     t3, t1, t1
core   0: 1 0x0000000080005eca (0x02636e33) x28 0x0000000000000000
core   0: 0x0000000080005ece (0x100cea73) csrrsi  s4, sstatus, 25
core   0: 1 0x0000000080005ece (0x100cea73) x20 0x8000000200006000 c768_mstatus 0x8000000a00106080
core   0: 0x0000000080005ed2 (0x224c0c53) fsgnj.d fs8, fs8, ft4
core   0: 1 0x0000000080005ed2 (0x224c0c53) f24 0x7ff8000000000000
core   0: 0x0000000080005ed6 (0x00241173) csrrw   sp, frm, s0
core   0: 1 0x0000000080005ed6 (0x00241173) x2  0x0000000000000000 c2_frm 0x0000000000000000
core   0: 0x0000000080005eda (0xd2088953) fcvt.d.w fs2, a7
core   0: 1 0x0000000080005eda (0xd2088953) f18 0x0000000000000000
core   0: 0x0000000080005ede (0xa3de0e53) fle.d   t3, ft8, ft9
core   0: 1 0x0000000080005ede (0xa3de0e53) c1_fflags 0x0000000000000017 x28 0x0000000000000000
core   0: 0x0000000080005ee2 (0x402e553b) sraw    a0, t3, sp
core   0: 1 0x0000000080005ee2 (0x402e553b) x10 0x0000000000000000
core   0: 0x0000000080005ee6 (0x028e76bb) remuw   a3, t3, s0
core   0: 1 0x0000000080005ee6 (0x028e76bb) x13 0x0000000000000000
core   0: 0x0000000080005eea (0x034afacf) fnmadd.d fs5, fs5, fs4, ft0
core   0: 1 0x0000000080005eea (0x034afacf) f21 0x7ff8000000000000
core   0: 0x0000000080005eee (0x8ce6fd13) andi    s10, a3, -1842
core   0: 1 0x0000000080005eee (0x8ce6fd13) x26 0x0000000000000000
core   0: 0x0000000080005ef2 (0x001ed79b) srliw   a5, t4, 1
core   0: 1 0x0000000080005ef2 (0x001ed79b) x15 0x0000000000000000
core   0: 0x0000000080005ef6 (0x775d6c13) ori     s8, s10, 1909
core   0: 1 0x0000000080005ef6 (0x775d6c13) x24 0x0000000000000775
core   0: 0x0000000080005efa (0xc6e2f513) andi    a0, t0, -914
core   0: 1 0x0000000080005efa (0xc6e2f513) x10 0x0000000000000000
core   0: 0x0000000080005efe (0xb8ec6e13) ori     t3, s8, -1138
core   0: 1 0x0000000080005efe (0xb8ec6e13) x28 0xffffffffffffffff
core   0: 0x0000000080005f02 (0xfff7819b) addiw   gp, a5, -1
core   0: 1 0x0000000080005f02 (0xfff7819b) x3  0xffffffffffffffff
core   0: 0x0000000080005f06 (0x00251673) csrrw   a2, frm, a0
core   0: 1 0x0000000080005f06 (0x00251673) x12 0x0000000000000000 c2_frm 0x0000000000000000
core   0: 0x0000000080005f0a (0x00000001) c.nop
core   0: 1 0x0000000080005f0a (0x0001)
core   0: 0x0000000080005f0c (0x01a718b3) sll     a7, a4, s10
core   0: 1 0x0000000080005f0c (0x01a718b3) x17 0x0000000000000000
core   0: 0x0000000080005f10 (0x233a8753) fsgnj.d fa4, fs5, fs3
core   0: 1 0x0000000080005f10 (0x233a8753) f14 0x7ff8000000000000
core   0: 0x0000000080005f14 (0x8299734f) fnmadd.d ft6, fs2, fs1, fa6
core   0: 1 0x0000000080005f14 (0x8299734f) f6  0x7ff8000000000000
core   0: 0x0000000080005f18 (0x011e06bb) addw    a3, t3, a7
core   0: 1 0x0000000080005f18 (0x011e06bb) x13 0xffffffffffffffff
core   0: 0x0000000080005f1c (0x229117d3) fsgnjn.d fa5, ft2, fs1
core   0: 1 0x0000000080005f1c (0x229117d3) f15 0x7fffffff5e400000
core   0: 0x0000000080005f20 (0xd23678d3) fcvt.d.lu fa7, a2
core   0: 1 0x0000000080005f20 (0xd23678d3) f17 0x0000000000000000
core   0: 0x0000000080005f24 (0x0156903b) sllw    zero, a3, s5
core   0: 1 0x0000000080005f24 (0x0156903b)
core   0: 0x0000000080005f28 (0x007e5eb3) srl     t4, t3, t2
core   0: 1 0x0000000080005f28 (0x007e5eb3) x29 0xffffffffffffffff
core   0: 0x0000000080005f2c (0x432a8b9b) addiw   s7, s5, 1074
core   0: 1 0x0000000080005f2c (0x432a8b9b) x23 0x0000000000000432
core   0: 0x0000000080005f30 (0xc02bd973) csrrwi  s2, instret, 23
core   0: exception trap_illegal_instruction, epc 0x0000000080005f30
core   0:           tval 0x00000000c02bd973
core   0: >>>>  $xrv64i2p1_m2p0_a2p1_f2p2_d2p2_zicsr2p0_zifencei2p0_zmmul1p0_zba1p0_zbb1p0_zbc1p0_zbs1p0
core   0: 0x0000000080004000 (0x0080006f) j       pc + 0x8
core   0: 3 0x0000000080004000 (0x0080006f)
core   0: >>>>  mmode_exception_handler
core   0: 0x0000000080004008 (0x00002c17) auipc   s8, 0x2
core   0: 3 0x0000000080004008 (0x00002c17) x24 0x0000000080006008
core   0: 0x000000008000400c (0x06ec0c13) addi    s8, s8, 110
core   0: 3 0x000000008000400c (0x06ec0c13) x24 0x0000000080006076
core   0: 0x0000000080004010 (0x000c00e7) jalr    s8
core   0: 3 0x0000000080004010 (0x000c00e7) x1  0x0000000080004014
core   0: >>>>  any_handler
core   0: 0x0000000080006076 (0x341027f3) csrrs   a5, mepc, zero
core   0: 3 0x0000000080006076 (0x341027f3) x15 0x0000000080005f30
core   0: 0x000000008000607a (0x34202773) csrrs   a4, mcause, zero
core   0: 3 0x000000008000607a (0x34202773) x14 0x0000000000000002
core   0: 0x000000008000607e (0x142026f3) csrrs   a3, scause, zero
core   0: 3 0x000000008000607e (0x142026f3) x13 0x0000000000000000
core   0: 0x0000000080006082 (0x30402673) csrrs   a2, mie, zero
core   0: 3 0x0000000080006082 (0x30402673) x12 0x0000000000000a00
core   0: 0x0000000080006086 (0x344025f3) csrrs   a1, mip, zero
core   0: 3 0x0000000080006086 (0x344025f3) x11 0x0000000000000080
core   0: 0x000000008000608a (0x343025f3) csrrs   a1, mtval, zero
core   0: 3 0x000000008000608a (0x343025f3) x11 0x00000000c02bd973
core   0: 0x000000008000608e (0x14302573) csrrs   a0, stval, zero
core   0: 3 0x000000008000608e (0x14302573) x10 0x0000000000000005
core   0: 0x0000000080006092 (0xb02024f3) csrrs   s1, minstret, zero
core   0: 3 0x0000000080006092 (0xb02024f3) x9  0x000000000000127c
core   0: 0x0000000080006096 (0x0000a811) c.j     pc + 20
core   0: 3 0x0000000080006096 (0xa811)
core   0: >>>>  mepc_4
core   0: 0x00000000800060aa (0x00000791) c.addi  a5, 4
core   0: 3 0x00000000800060aa (0x0791) x15 0x0000000080005f34
core   0: 0x00000000800060ac (0x34179073) csrrw   zero, mepc, a5
core   0: 3 0x00000000800060ac (0x34179073) c833_mepc 0x0000000080005f34
core   0: 0x00000000800060b0 (0x30200073) mret
core   0: 3 0x00000000800060b0 (0x30200073) c768_mstatus 0x8000000a00106080
core   0: 0x0000000080005f34 (0x4116db93) srai    s7, a3, 17
core   0: 1 0x0000000080005f34 (0x4116db93) x23 0x0000000000000000
core   0: 0x0000000080005f38 (0x00000001) c.nop
core   0: 1 0x0000000080005f38 (0x0001)
core   0: 0x0000000080005f3a (0x00001afd) c.addi  s5, -1
core   0: 1 0x0000000080005f3a (0x1afd) x21 0xafffffffffffffff
core   0: 0x0000000080005f3c (0x01714eb3) xor     t4, sp, s7
core   0: 1 0x0000000080005f3c (0x01714eb3) x29 0x0000000000000000
core   0: 0x0000000080005f40 (0x40a085b3) sub     a1, ra, a0
core   0: 1 0x0000000080005f40 (0x40a085b3) x11 0x000000008000400f
core   0: 0x0000000080005f44 (0x41a582bb) subw    t0, a1, s10
core   0: 1 0x0000000080005f44 (0x41a582bb) x5  0xffffffff8000400f
core   0: 0x0000000080005f48 (0xd02bf2d3) fcvt.s.l ft5, s7
core   0: 1 0x0000000080005f48 (0xd02bf2d3) f5  0xffffffff00000000
core   0: 0x0000000080005f4c (0x7b12f543) fmadd.d fa0, ft5, fa7, fa5
core   0: 1 0x0000000080005f4c (0x7b12f543) f10 0x7ff8000000000000
core   0: 0x0000000080005f50 (0xa2f309d3) fle.d   s3, ft6, fa5
core   0: 1 0x0000000080005f50 (0xa2f309d3) c1_fflags 0x0000000000000017 x19 0x0000000000000000
core   0: 0x0000000080005f54 (0x42857f4b) fnmsub.d ft10, fa0, fs0, fs0
core   0: 1 0x0000000080005f54 (0x42857f4b) f30 0x7ff8000000000000
core   0: 0x0000000080005f58 (0x00361433) sll     s0, a2, gp
core   0: 1 0x0000000080005f58 (0x00361433) x8  0x0000000000000000
core   0: 0x0000000080005f5c (0x02ded533) divu    a0, t4, a3
core   0: 1 0x0000000080005f5c (0x02ded533) x10 0xffffffffffffffff
core   0: 0x0000000080005f60 (0x013264b3) or      s1, tp, s3
core   0: 1 0x0000000080005f60 (0x013264b3) x9  0xfffffff785d1751a
core   0: 0x0000000080005f64 (0x235090d3) fsgnjn.d ft1, ft1, fs5
core   0: 1 0x0000000080005f64 (0x235090d3) f1  0xffffffff4ecf398c
core   0: 0x0000000080005f68 (0xc20f76d3) fcvt.w.d a3, ft10
core   0: 1 0x0000000080005f68 (0xc20f76d3) c1_fflags 0x0000000000000017 x13 0x000000007fffffff
core   0: 0x0000000080005f6c (0x0004edb3) or      s11, s1, zero
core   0: 1 0x0000000080005f6c (0x0004edb3) x27 0xfffffff785d1751a
core   0: 0x0000000080005f70 (0xa3840753) fle.d   a4, fs0, fs8
core   0: 1 0x0000000080005f70 (0xa3840753) c1_fflags 0x0000000000000017 x14 0x0000000000000000
core   0: 0x0000000080005f74 (0x004761b3) or      gp, a4, tp
core   0: 1 0x0000000080005f74 (0x004761b3) x3  0xfffffff785d1751a
core   0: 0x0000000080005f78 (0x41275493) srai    s1, a4, 18
core   0: 1 0x0000000080005f78 (0x41275493) x9  0x0000000000000000
core   0: 0x0000000080005f7c (0xd2020e53) fcvt.d.w ft8, tp
core   0: 1 0x0000000080005f7c (0xd2020e53) f28 0xc1de8ba2b9800000
core   0: 0x0000000080005f80 (0xd021fad3) fcvt.s.l fs5, gp
core   0: 1 0x0000000080005f80 (0xd021fad3) c1_fflags 0x0000000000000017 f21 0xffffffffd107a2e9
core   0: 0x0000000080005f84 (0xd031f553) fcvt.s.lu fa0, gp
core   0: 1 0x0000000080005f84 (0xd031f553) c1_fflags 0x0000000000000017 f10 0xffffffff5f800000
core   0: 0x0000000080005f88 (0x033e1e93) slli    t4, t3, 51
core   0: 1 0x0000000080005f88 (0x033e1e93) x29 0xfff8000000000000
core   0: 0x0000000080005f8c (0xd9677713) andi    a4, a4, -618
core   0: 1 0x0000000080005f8c (0xd9677713) x14 0x0000000000000000
core   0: 0x0000000080005f90 (0x00a9d53b) srlw    a0, s3, a0
core   0: 1 0x0000000080005f90 (0x00a9d53b) x10 0x0000000000000000
core   0: 0x0000000080005f94 (0x02b5c7bb) divw    a5, a1, a1
core   0: 1 0x0000000080005f94 (0x02b5c7bb) x15 0x0000000000000001
core   0: 0x0000000080005f98 (0xd037ffd3) fcvt.s.lu ft11, a5
core   0: 1 0x0000000080005f98 (0xd037ffd3) f31 0xffffffff3f800000
core   0: 0x0000000080005f9c (0xd21105d3) fcvt.d.wu fa1, sp
core   0: 1 0x0000000080005f9c (0xd21105d3) f11 0x0000000000000000
core   0: 0x0000000080005fa0 (0xd21605d3) fcvt.d.wu fa1, a2
core   0: 1 0x0000000080005fa0 (0xd21605d3) f11 0x40a4000000000000
core   0: 0x0000000080005fa4 (0x40e654b3) sra     s1, a2, a4
core   0: 1 0x0000000080005fa4 (0x40e654b3) x9  0x0000000000000a00
core   0: 0x0000000080005fa8 (0x02b4da33) divu    s4, s1, a1
core   0: 1 0x0000000080005fa8 (0x02b4da33) x20 0x0000000000000000
core   0: 0x0000000080005fac (0x416a5033) sra     zero, s4, s6
core   0: 1 0x0000000080005fac (0x416a5033)
core   0: 0x0000000080005fb0 (0x4000da9b) sraiw   s5, ra, 0
core   0: 1 0x0000000080005fb0 (0x4000da9b) x21 0xffffffff80004014
core   0: 0x0000000080005fb4 (0x002a813b) addw    sp, s5, sp
core   0: 1 0x0000000080005fb4 (0x002a813b) x2  0xffffffff80004014
core   0: 0x0000000080005fb8 (0x33a371c7) fmsub.d ft3, ft6, fs10, ft6
core   0: 1 0x0000000080005fb8 (0x33a371c7) f3  0x7ff8000000000000
core   0: 0x0000000080005fbc (0x03bdd6bb) divuw   a3, s11, s11
core   0: 1 0x0000000080005fbc (0x03bdd6bb) x13 0x0000000000000001
core   0: 0x0000000080005fc0 (0x41bdd3b3) sra     t2, s11, s11
core   0: 1 0x0000000080005fc0 (0x41bdd3b3) x7  0xfffffffffffffde1
core   0: 0x0000000080005fc4 (0xa22a0753) fle.d   a4, fs4, ft2
core   0: 1 0x0000000080005fc4 (0xa22a0753) c1_fflags 0x0000000000000017 x14 0x0000000000000000
core   0: 0x0000000080005fc8 (0x415dd79b) sraiw   a5, s11, 21
core   0: 1 0x0000000080005fc8 (0x415dd79b) x15 0xfffffffffffffc2e
core   0: 0x0000000080005fcc (0xd2367dd3) fcvt.d.lu fs11, a2
core   0: 1 0x0000000080005fcc (0xd2367dd3) f27 0x40a4000000000000
core   0: 0x0000000080005fd0 (0xc2177753) fcvt.wu.d a4, fa4
core   0: 1 0x0000000080005fd0 (0xc2177753) c1_fflags 0x0000000000000017 x14 0xffffffffffffffff
core   0: 0x0000000080005fd4 (0x23cda253) fsgnjx.d ft4, fs11, ft8
core   0: 1 0x0000000080005fd4 (0x23cda253) f4  0xc0a4000000000000
core   0: 0x0000000080005fd8 (0xd2158fd3) fcvt.d.wu ft11, a1
core   0: 1 0x0000000080005fd8 (0xd2158fd3) f31 0x41e0000801e00000
core   0: 0x0000000080005fdc (0x4104d793) srai    a5, s1, 16
core   0: 1 0x0000000080005fdc (0x4104d793) x15 0x0000000000000000
core   0: 0x0000000080005fe0 (0xd027f253) fcvt.s.l ft4, a5
core   0: 1 0x0000000080005fe0 (0xd027f253) f4  0xffffffff00000000
core   0: 0x0000000080005fe4 (0x221b0853) fsgnj.d fa6, fs6, ft1
core   0: 1 0x0000000080005fe4 (0x221b0853) f16 0xc1c3440000000000
core   0: 0x0000000080005fe8 (0x002a1df3) csrrw   s11, frm, s4
core   0: 1 0x0000000080005fe8 (0x002a1df3) x27 0x0000000000000000 c2_frm 0x0000000000000000
core   0: 0x0000000080005fec (0xc20b72d3) fcvt.w.d t0, fs6
core   0: 1 0x0000000080005fec (0xc20b72d3) x5  0x0000000026880000
core   0: 0x0000000080005ff0 (0x0172ebb3) or      s7, t0, s7
core   0: 1 0x0000000080005ff0 (0x0172ebb3) x23 0x0000000026880000
core   0: 0x0000000080005ff4 (0x1040f2f3) csrrci  t0, sie, 1
core   0: 1 0x0000000080005ff4 (0x1040f2f3) x5  0x0000000000000000 c772_mie 0x0000000000000a00
core   0: 0x0000000080005ff8 (0x0178989b) slliw   a7, a7, 23
core   0: 1 0x0000000080005ff8 (0x0178989b) x17 0x0000000000000000
core   0: 0x0000000080005ffc (0xc90b079b) addiw   a5, s6, -880
core   0: 1 0x0000000080005ffc (0xc90b079b) x15 0xfffffffffffffc8f
core   0: 0x0000000080006000 (0x0ad7f6c3) fmadd.d fa3, fa5, fa3, ft1
core   0: 1 0x0000000080006000 (0x0ad7f6c3) f13 0x7ff8000000000000
core   0: 0x0000000080006004 (0x1af6ff53) fdiv.d  ft10, fa3, fa5
core   0: 1 0x0000000080006004 (0x1af6ff53) f30 0x7ff8000000000000
core   0: 0x0000000080006008 (0xd23c7b53) fcvt.d.lu fs6, s8
core   0: 1 0x0000000080006008 (0xd23c7b53) f22 0x41e0000c0ec00000
core   0: 0x000000008000600c (0x0ff0000f) fence   iorw,iorw
core   0: 1 0x000000008000600c (0x0ff0000f)
core   0: 0x0000000080006010 (0xc52725b7) lui     a1, 0xc5272
core   0: 1 0x0000000080006010 (0xc52725b7) x11 0xffffffffc5272000
core   0: 0x0000000080006014 (0x00b65933) srl     s2, a2, a1
core   0: 1 0x0000000080006014 (0x00b65933) x18 0x0000000000000a00
core   0: 0x0000000080006018 (0x23ff84d3) fsgnj.d fs1, ft11, ft11
core   0: 1 0x0000000080006018 (0x23ff84d3) f9  0x41e0000801e00000
core   0: 0x000000008000601c (0x01c1853b) addw    a0, gp, t3
core   0: 1 0x000000008000601c (0x01c1853b) x10 0xffffffff85d17519
core   0: 0x0000000080006020 (0xc02cf653) fcvt.l.s a2, fs9
core   0: 1 0x0000000080006020 (0xc02cf653) c1_fflags 0x0000000000000017 x12 0x7fffffffffffffff
core   0: 0x0000000080006024 (0x13bdf7d3) fmul.d  fa5, fs11, fs11
core   0: 1 0x0000000080006024 (0x13bdf7d3) f15 0x4159000000000000
core   0: 0x0000000080006028 (0x039c84bb) mulw    s1, s9, s9
core   0: 1 0x0000000080006028 (0x039c84bb) x9  0x0000000000000000
core   0: 0x000000008000602c (0x02919ab3) mulh    s5, gp, s1
core   0: 1 0x000000008000602c (0x02919ab3) x21 0x0000000000000000
core   0: 0x0000000080006030 (0x00001a7d) c.addi  s4, -1
core   0: 1 0x0000000080006030 (0x1a7d) x20 0xffffffffffffffff
core   0: 0x0000000080006032 (0xd02e7153) fcvt.s.l ft2, t3
core   0: 1 0x0000000080006032 (0xd02e7153) f2  0xffffffffbf800000
core   0: 0x0000000080006036 (0x02755c93) srli    s9, a0, 39
core   0: 1 0x0000000080006036 (0x02755c93) x25 0x0000000001ffffff
core   0: 0x000000008000603a (0x8002e293) ori     t0, t0, -2048
core   0: 1 0x000000008000603a (0x8002e293) x5  0xfffffffffffff800
core   0: 0x000000008000603e (0x01cbac33) slt     s8, s7, t3
core   0: 1 0x000000008000603e (0x01cbac33) x24 0x0000000000000000
core   0: 0x0000000080006042 (0x401180bb) subw    ra, gp, ra
core   0: 1 0x0000000080006042 (0x401180bb) x1  0x0000000005d13506
core   0: 0x0000000080006046 (0x135175d3) fmul.d  fa1, ft2, fs5
core   0: 1 0x0000000080006046 (0x135175d3) f11 0x7ff8000000000000
core   0: 0x000000008000604a (0x020c4eb7) lui     t4, 0x20c4
core   0: 1 0x000000008000604a (0x020c4eb7) x29 0x00000000020c4000
core   0: 0x000000008000604e (0xdefe8e9b) addiw   t4, t4, -529
core   0: 1 0x000000008000604e (0xdefe8e9b) x29 0x00000000020c3def
core   0: 0x0000000080006052 (0x00000eb2) c.slli  t4, 12
core   0: 1 0x0000000080006052 (0x0eb2) x29 0x00000020c3def000
core   0: 0x0000000080006054 (0x6e8e8e93) addi    t4, t4, 1768
core   0: 1 0x0000000080006054 (0x6e8e8e93) x29 0x00000020c3def6e8
core   0: 0x0000000080006058 (0x0367473b) divw    a4, a4, s6
core   0: 1 0x0000000080006058 (0x0367473b) x14 0x0000000000000001
core   0: 0x000000008000605c (0x02bdfdb3) remu    s11, s11, a1
core   0: 1 0x000000008000605c (0x02bdfdb3) x27 0x0000000000000000
core   0: 0x0000000080006060 (0xa2e009d3) fle.d   s3, ft0, fa4
core   0: 1 0x0000000080006060 (0xa2e009d3) c1_fflags 0x0000000000000017 x19 0x0000000000000000
core   0: 0x0000000080006064 (0xd20983d3) fcvt.d.w ft7, s3
core   0: 1 0x0000000080006064 (0xd20983d3) f7  0x0000000000000000
core   0: 0x0000000080006068 (0x03fdd713) srli    a4, s11, 63
core   0: 1 0x0000000080006068 (0x03fdd713) x14 0x0000000000000000
core   0: 0x000000008000606c (0xbe2dfb13) andi    s6, s11, -1054
core   0: 1 0x000000008000606c (0xbe2dfb13) x22 0x0000000000000000
core   0: >>>>  write_tohost
core   0: 0x0000000080006070 (0x974fa0ef) jal     pc - 0x5e8c
core   0: 1 0x0000000080006070 (0x974fa0ef) x1  0x0000000080006074
core   0: >>>>  _exit
core   0: 0x00000000800001e4 (0x00004505) c.li    a0, 1
core   0: 1 0x00000000800001e4 (0x4505) x10 0x0000000000000001
core   0: 0x00000000800001e6 (0x00001f17) auipc   t5, 0x1
core   0: 1 0x00000000800001e6 (0x00001f17) x30 0x00000000800011e6
core   0: 0x00000000800001ea (0xe0af2d23) sw      a0, -486(t5)
core   0: 1 0x00000000800001ea (0xe0af2d23) mem 0x0000000080001000 0x00000001
cp /home/server/RISCV/cva6/verif/sim/out/seed_1022/spike_sim/new_seeds_1022_.cv64a6_imafdc_sv39.log.iss /home/server/RISCV/cva6/verif/sim/out/seed_1022/spike_sim/new_seeds_1022_.cv64a6_imafdc_sv39.log
