Makefile:14: must set CVA6_REPO_DIR to point at the root of CVA6 sources and CVA6_TB_DIR to point here -- doing it for you...
LD_LIBRARY_PATH="$(realpath ../../tools/spike/lib):$LD_LIBRARY_PATH" \
	/home/server/RISCV/cva6/tools/spike/bin/spike --steps=2000000  --log-commits --isa=rv64gc_zba_zbb_zbs_zbc_zicsr_zifencei --priv=msu -l /home/server/RISCV/cva6/verif/sim/out/seed_350/directed_asm_tests/new_seeds_350_.o
[SPIKE] Max simulation steps: 2000000
[SPIKE] Proc 0 | ISA: rv64gc_zba_zbb_zbs_zbc_zicsr_zifencei PRIV: msu
[SPIKE] Initializing memories...
core   0: 0x0000000000010000 (0x00100413) li      s0, 1
core   0: 3 0x0000000000010000 (0x00100413) x8  0x0000000000000001
core   0: 0x0000000000010004 (0x01f41413) slli    s0, s0, 31
core   0: 3 0x0000000000010004 (0x01f41413) x8  0x0000000080000000
core   0: 0x0000000000010008 (0xf1402573) csrrs   a0, mhartid, zero
core   0: 3 0x0000000000010008 (0xf1402573) x10 0x0000000000000000
core   0: 0x000000000001000c (0x00000597) auipc   a1, 0x0
core   0: 3 0x000000000001000c (0x00000597) x11 0x000000000001000c
core   0: 0x0000000000010010 (0x07458593) addi    a1, a1, 116
core   0: 3 0x0000000000010010 (0x07458593) x11 0x0000000000010080
core   0: 0x0000000000010014 (0x00040067) jr      s0
core   0: 3 0x0000000000010014 (0x00040067)
core   0: >>>>  _start
core   0: 0x0000000080000000 (0x00004081) c.li    ra, 0
core   0: 3 0x0000000080000000 (0x4081) x1  0x0000000000000000
core   0: 0x0000000080000002 (0x00004101) c.li    sp, 0
core   0: 3 0x0000000080000002 (0x4101) x2  0x0000000000000000
core   0: 0x0000000080000004 (0x00004181) c.li    gp, 0
core   0: 3 0x0000000080000004 (0x4181) x3  0x0000000000000000
core   0: 0x0000000080000006 (0x00004201) c.li    tp, 0
core   0: 3 0x0000000080000006 (0x4201) x4  0x0000000000000000
core   0: 0x0000000080000008 (0x00004281) c.li    t0, 0
core   0: 3 0x0000000080000008 (0x4281) x5  0x0000000000000000
core   0: 0x000000008000000a (0x00004301) c.li    t1, 0
core   0: 3 0x000000008000000a (0x4301) x6  0x0000000000000000
core   0: 0x000000008000000c (0x00004381) c.li    t2, 0
core   0: 3 0x000000008000000c (0x4381) x7  0x0000000000000000
core   0: 0x000000008000000e (0x00004401) c.li    s0, 0
core   0: 3 0x000000008000000e (0x4401) x8  0x0000000000000000
core   0: 0x0000000080000010 (0x00004481) c.li    s1, 0
core   0: 3 0x0000000080000010 (0x4481) x9  0x0000000000000000
core   0: 0x0000000080000012 (0x00004501) c.li    a0, 0
core   0: 3 0x0000000080000012 (0x4501) x10 0x0000000000000000
core   0: 0x0000000080000014 (0x00004581) c.li    a1, 0
core   0: 3 0x0000000080000014 (0x4581) x11 0x0000000000000000
core   0: 0x0000000080000016 (0x00004601) c.li    a2, 0
core   0: 3 0x0000000080000016 (0x4601) x12 0x0000000000000000
core   0: 0x0000000080000018 (0x00004681) c.li    a3, 0
core   0: 3 0x0000000080000018 (0x4681) x13 0x0000000000000000
core   0: 0x000000008000001a (0x00004701) c.li    a4, 0
core   0: 3 0x000000008000001a (0x4701) x14 0x0000000000000000
core   0: 0x000000008000001c (0x00004781) c.li    a5, 0
core   0: 3 0x000000008000001c (0x4781) x15 0x0000000000000000
core   0: 0x000000008000001e (0x00004801) c.li    a6, 0
core   0: 3 0x000000008000001e (0x4801) x16 0x0000000000000000
core   0: 0x0000000080000020 (0x00004881) c.li    a7, 0
core   0: 3 0x0000000080000020 (0x4881) x17 0x0000000000000000
core   0: 0x0000000080000022 (0x00004901) c.li    s2, 0
core   0: 3 0x0000000080000022 (0x4901) x18 0x0000000000000000
core   0: 0x0000000080000024 (0x00004981) c.li    s3, 0
core   0: 3 0x0000000080000024 (0x4981) x19 0x0000000000000000
core   0: 0x0000000080000026 (0x00004a01) c.li    s4, 0
core   0: 3 0x0000000080000026 (0x4a01) x20 0x0000000000000000
core   0: 0x0000000080000028 (0x00004a81) c.li    s5, 0
core   0: 3 0x0000000080000028 (0x4a81) x21 0x0000000000000000
core   0: 0x000000008000002a (0x00004b01) c.li    s6, 0
core   0: 3 0x000000008000002a (0x4b01) x22 0x0000000000000000
core   0: 0x000000008000002c (0x00004b81) c.li    s7, 0
core   0: 3 0x000000008000002c (0x4b81) x23 0x0000000000000000
core   0: 0x000000008000002e (0x00004c01) c.li    s8, 0
core   0: 3 0x000000008000002e (0x4c01) x24 0x0000000000000000
core   0: 0x0000000080000030 (0x00004c81) c.li    s9, 0
core   0: 3 0x0000000080000030 (0x4c81) x25 0x0000000000000000
core   0: 0x0000000080000032 (0x00004d01) c.li    s10, 0
core   0: 3 0x0000000080000032 (0x4d01) x26 0x0000000000000000
core   0: 0x0000000080000034 (0x00004d81) c.li    s11, 0
core   0: 3 0x0000000080000034 (0x4d81) x27 0x0000000000000000
core   0: 0x0000000080000036 (0x00004e01) c.li    t3, 0
core   0: 3 0x0000000080000036 (0x4e01) x28 0x0000000000000000
core   0: 0x0000000080000038 (0x00004e81) c.li    t4, 0
core   0: 3 0x0000000080000038 (0x4e81) x29 0x0000000000000000
core   0: 0x000000008000003a (0x00004f01) c.li    t5, 0
core   0: 3 0x000000008000003a (0x4f01) x30 0x0000000000000000
core   0: 0x000000008000003c (0x00004f81) c.li    t6, 0
core   0: 3 0x000000008000003c (0x4f81) x31 0x0000000000000000
core   0: 0x000000008000003e (0x000062f9) c.lui   t0, 0x1e
core   0: 3 0x000000008000003e (0x62f9) x5  0x000000000001e000
core   0: 0x0000000080000040 (0x3002a073) csrrs   zero, mstatus, t0
core   0: 3 0x0000000080000040 (0x3002a073) c768_mstatus 0x8000000a00006000
core   0: 0x0000000080000044 (0x00004285) c.li    t0, 1
core   0: 3 0x0000000080000044 (0x4285) x5  0x0000000000000001
core   0: 0x0000000080000046 (0x000002fe) c.slli  t0, 31
core   0: 3 0x0000000080000046 (0x02fe) x5  0x0000000080000000
core   0: 0x0000000080000048 (0x0002d863) bge     t0, zero, pc + 16
core   0: 3 0x0000000080000048 (0x0002d863)
core   0: 0x0000000080000058 (0x00000297) auipc   t0, 0x0
core   0: 3 0x0000000080000058 (0x00000297) x5  0x0000000080000058
core   0: 0x000000008000005c (0x09028293) addi    t0, t0, 144
core   0: 3 0x000000008000005c (0x09028293) x5  0x00000000800000e8
core   0: 0x0000000080000060 (0x30529073) csrrw   zero, mtvec, t0
core   0: 3 0x0000000080000060 (0x30529073) c773_mtvec 0x00000000800000e8
core   0: 0x0000000080000064 (0x00301073) csrrw   zero, fcsr, zero
core   0: 3 0x0000000080000064 (0x00301073) c1_fflags 0x0000000000000000 c2_frm 0x0000000000000000
core   0: 0x0000000080000068 (0xf0000053) fmv.w.x ft0, zero
core   0: 3 0x0000000080000068 (0xf0000053) f0  0xffffffff00000000
core   0: 0x000000008000006c (0xf00000d3) fmv.w.x ft1, zero
core   0: 3 0x000000008000006c (0xf00000d3) f1  0xffffffff00000000
core   0: 0x0000000080000070 (0xf0000153) fmv.w.x ft2, zero
core   0: 3 0x0000000080000070 (0xf0000153) f2  0xffffffff00000000
core   0: 0x0000000080000074 (0xf00001d3) fmv.w.x ft3, zero
core   0: 3 0x0000000080000074 (0xf00001d3) f3  0xffffffff00000000
core   0: 0x0000000080000078 (0xf0000253) fmv.w.x ft4, zero
core   0: 3 0x0000000080000078 (0xf0000253) f4  0xffffffff00000000
core   0: 0x000000008000007c (0xf00002d3) fmv.w.x ft5, zero
core   0: 3 0x000000008000007c (0xf00002d3) f5  0xffffffff00000000
core   0: 0x0000000080000080 (0xf0000353) fmv.w.x ft6, zero
core   0: 3 0x0000000080000080 (0xf0000353) f6  0xffffffff00000000
core   0: 0x0000000080000084 (0xf00003d3) fmv.w.x ft7, zero
core   0: 3 0x0000000080000084 (0xf00003d3) f7  0xffffffff00000000
core   0: 0x0000000080000088 (0xf0000453) fmv.w.x fs0, zero
core   0: 3 0x0000000080000088 (0xf0000453) f8  0xffffffff00000000
core   0: 0x000000008000008c (0xf00004d3) fmv.w.x fs1, zero
core   0: 3 0x000000008000008c (0xf00004d3) f9  0xffffffff00000000
core   0: 0x0000000080000090 (0xf0000553) fmv.w.x fa0, zero
core   0: 3 0x0000000080000090 (0xf0000553) f10 0xffffffff00000000
core   0: 0x0000000080000094 (0xf00005d3) fmv.w.x fa1, zero
core   0: 3 0x0000000080000094 (0xf00005d3) f11 0xffffffff00000000
core   0: 0x0000000080000098 (0xf0000653) fmv.w.x fa2, zero
core   0: 3 0x0000000080000098 (0xf0000653) f12 0xffffffff00000000
core   0: 0x000000008000009c (0xf00006d3) fmv.w.x fa3, zero
core   0: 3 0x000000008000009c (0xf00006d3) f13 0xffffffff00000000
core   0: 0x00000000800000a0 (0xf0000753) fmv.w.x fa4, zero
core   0: 3 0x00000000800000a0 (0xf0000753) f14 0xffffffff00000000
core   0: 0x00000000800000a4 (0xf00007d3) fmv.w.x fa5, zero
core   0: 3 0x00000000800000a4 (0xf00007d3) f15 0xffffffff00000000
core   0: 0x00000000800000a8 (0xf0000853) fmv.w.x fa6, zero
core   0: 3 0x00000000800000a8 (0xf0000853) f16 0xffffffff00000000
core   0: 0x00000000800000ac (0xf00008d3) fmv.w.x fa7, zero
core   0: 3 0x00000000800000ac (0xf00008d3) f17 0xffffffff00000000
core   0: 0x00000000800000b0 (0xf0000953) fmv.w.x fs2, zero
core   0: 3 0x00000000800000b0 (0xf0000953) f18 0xffffffff00000000
core   0: 0x00000000800000b4 (0xf00009d3) fmv.w.x fs3, zero
core   0: 3 0x00000000800000b4 (0xf00009d3) f19 0xffffffff00000000
core   0: 0x00000000800000b8 (0xf0000a53) fmv.w.x fs4, zero
core   0: 3 0x00000000800000b8 (0xf0000a53) f20 0xffffffff00000000
core   0: 0x00000000800000bc (0xf0000ad3) fmv.w.x fs5, zero
core   0: 3 0x00000000800000bc (0xf0000ad3) f21 0xffffffff00000000
core   0: 0x00000000800000c0 (0xf0000b53) fmv.w.x fs6, zero
core   0: 3 0x00000000800000c0 (0xf0000b53) f22 0xffffffff00000000
core   0: 0x00000000800000c4 (0xf0000bd3) fmv.w.x fs7, zero
core   0: 3 0x00000000800000c4 (0xf0000bd3) f23 0xffffffff00000000
core   0: 0x00000000800000c8 (0xf0000c53) fmv.w.x fs8, zero
core   0: 3 0x00000000800000c8 (0xf0000c53) f24 0xffffffff00000000
core   0: 0x00000000800000cc (0xf0000cd3) fmv.w.x fs9, zero
core   0: 3 0x00000000800000cc (0xf0000cd3) f25 0xffffffff00000000
core   0: 0x00000000800000d0 (0xf0000d53) fmv.w.x fs10, zero
core   0: 3 0x00000000800000d0 (0xf0000d53) f26 0xffffffff00000000
core   0: 0x00000000800000d4 (0xf0000dd3) fmv.w.x fs11, zero
core   0: 3 0x00000000800000d4 (0xf0000dd3) f27 0xffffffff00000000
core   0: 0x00000000800000d8 (0xf0000e53) fmv.w.x ft8, zero
core   0: 3 0x00000000800000d8 (0xf0000e53) f28 0xffffffff00000000
core   0: 0x00000000800000dc (0xf0000ed3) fmv.w.x ft9, zero
core   0: 3 0x00000000800000dc (0xf0000ed3) f29 0xffffffff00000000
core   0: 0x00000000800000e0 (0xf0000f53) fmv.w.x ft10, zero
core   0: 3 0x00000000800000e0 (0xf0000f53) f30 0xffffffff00000000
core   0: 0x00000000800000e4 (0xf0000fd3) fmv.w.x ft11, zero
core   0: 3 0x00000000800000e4 (0xf0000fd3) f31 0xffffffff00000000
core   0: 0x00000000800000e8 (0x00000297) auipc   t0, 0x0
core   0: 3 0x00000000800000e8 (0x00000297) x5  0x00000000800000e8
core   0: 0x00000000800000ec (0x03c28293) addi    t0, t0, 60
core   0: 3 0x00000000800000ec (0x03c28293) x5  0x0000000080000124
core   0: 0x00000000800000f0 (0x30529073) csrrw   zero, mtvec, t0
core   0: 3 0x00000000800000f0 (0x30529073) c773_mtvec 0x0000000080000124
core   0: 0x00000000800000f4 (0x00012197) auipc   gp, 0x12
core   0: 3 0x00000000800000f4 (0x00012197) x3  0x00000000800120f4
core   0: 0x00000000800000f8 (0x73418193) addi    gp, gp, 1844
core   0: 3 0x00000000800000f8 (0x73418193) x3  0x0000000080012828
core   0: 0x00000000800000fc (0x00012217) auipc   tp, 0x12
core   0: 3 0x00000000800000fc (0x00012217) x4  0x00000000800120fc
core   0: 0x0000000080000100 (0xf8320213) addi    tp, tp, -125
core   0: 3 0x0000000080000100 (0xf8320213) x4  0x000000008001207f
core   0: 0x0000000080000104 (0xfc027213) andi    tp, tp, -64
core   0: 3 0x0000000080000104 (0xfc027213) x4  0x0000000080012040
core   0: 0x0000000080000108 (0xf1402573) csrrs   a0, mhartid, zero
core   0: 3 0x0000000080000108 (0xf1402573) x10 0x0000000000000000
core   0: 0x000000008000010c (0x00004585) c.li    a1, 1
core   0: 3 0x000000008000010c (0x4585) x11 0x0000000000000001
core   0: 0x000000008000010e (0x00b57063) bgeu    a0, a1, pc + 0
core   0: 3 0x000000008000010e (0x00b57063)
core   0: 0x0000000080000112 (0x00150113) addi    sp, a0, 1
core   0: 3 0x0000000080000112 (0x00150113) x2  0x0000000000000001
core   0: 0x0000000080000116 (0x00000146) c.slli  sp, 17
core   0: 3 0x0000000080000116 (0x0146) x2  0x0000000000020000
core   0: 0x0000000080000118 (0x00009112) c.add   sp, tp
core   0: 3 0x0000000080000118 (0x9112) x2  0x0000000080032040
core   0: 0x000000008000011a (0x01151613) slli    a2, a0, 17
core   0: 3 0x000000008000011a (0x01151613) x12 0x0000000000000000
core   0: 0x000000008000011e (0x00009232) c.add   tp, a2
core   0: 3 0x000000008000011e (0x9232) x4  0x0000000080012040
core   0: 0x0000000080000120 (0x3a40f06f) j       pc + 0xf3a4
core   0: 3 0x0000000080000120 (0x3a40f06f)
core   0: >>>>  _init
core   0: 0x000000008000f4c4 (0x00007171) c.addi16sp sp, -176
core   0: 3 0x000000008000f4c4 (0x7171) x2  0x0000000080031f90
core   0: 0x000000008000f4c6 (0x0000f506) c.sdsp  ra, 168(sp)
core   0: 3 0x000000008000f4c6 (0xf506) mem 0x0000000080032038 0x0000000000000000
core   0: 0x000000008000f4c8 (0x0000f122) c.sdsp  s0, 160(sp)
core   0: 3 0x000000008000f4c8 (0xf122) mem 0x0000000080032030 0x0000000000000000
core   0: 0x000000008000f4ca (0x0000ed26) c.sdsp  s1, 152(sp)
core   0: 3 0x000000008000f4ca (0xed26) mem 0x0000000080032028 0x0000000000000000
core   0: 0x000000008000f4cc (0x00001900) c.addi4spn s0, sp, 176
core   0: 3 0x000000008000f4cc (0x1900) x8  0x0000000080032040
core   0: 0x000000008000f4ce (0x000087aa) c.mv    a5, a0
core   0: 3 0x000000008000f4ce (0x87aa) x15 0x0000000000000000
core   0: 0x000000008000f4d0 (0x0000872e) c.mv    a4, a1
core   0: 3 0x000000008000f4d0 (0x872e) x14 0x0000000000000001
core   0: 0x000000008000f4d2 (0xf4f42e23) sw      a5, -164(s0)
core   0: 3 0x000000008000f4d2 (0xf4f42e23) mem 0x0000000080031f9c 0x00000000
core   0: 0x000000008000f4d6 (0x000087ba) c.mv    a5, a4
core   0: 3 0x000000008000f4d6 (0x87ba) x15 0x0000000000000001
core   0: 0x000000008000f4d8 (0xf4f42c23) sw      a5, -168(s0)
core   0: 3 0x000000008000f4d8 (0xf4f42c23) mem 0x0000000080031f98 0x00000001
core   0: 0x000000008000f4dc (0xfe040793) addi    a5, s0, -32
core   0: 3 0x000000008000f4dc (0xfe040793) x15 0x0000000080032020
core   0: 0x000000008000f4e0 (0xf4f43823) sd      a5, -176(s0)
core   0: 3 0x000000008000f4e0 (0xf4f43823) mem 0x0000000080031f90 0x0000000080032020
core   0: 0x000000008000f4e4 (0xf5043783) ld      a5, -176(s0)
core   0: 3 0x000000008000f4e4 (0xf5043783) x15 0x0000000080032020 mem 0x0000000080031f90
core   0: 0x000000008000f4e8 (0xf8078793) addi    a5, a5, -128
core   0: 3 0x000000008000f4e8 (0xf8078793) x15 0x0000000080031fa0
core   0: 0x000000008000f4ec (0x03f78793) addi    a5, a5, 63
core   0: 3 0x000000008000f4ec (0x03f78793) x15 0x0000000080031fdf
core   0: 0x000000008000f4f0 (0x00008399) c.srli  a5, 6
core   0: 3 0x000000008000f4f0 (0x8399) x15 0x0000000002000c7f
core   0: 0x000000008000f4f2 (0x00679493) slli    s1, a5, 6
core   0: 3 0x000000008000f4f2 (0x00679493) x9  0x0000000080031fc0
core   0: 0x000000008000f4f6 (0xf65ff0ef) jal     pc - 0x9c
core   0: 3 0x000000008000f4f6 (0xf65ff0ef) x1  0x000000008000f4fa
core   0: >>>>  init_tls
core   0: 0x000000008000f45a (0x00001101) c.addi  sp, -32
core   0: 3 0x000000008000f45a (0x1101) x2  0x0000000080031f70
core   0: 0x000000008000f45c (0x0000ec06) c.sdsp  ra, 24(sp)
core   0: 3 0x000000008000f45c (0xec06) mem 0x0000000080031f88 0x000000008000f4fa
core   0: 0x000000008000f45e (0x0000e822) c.sdsp  s0, 16(sp)
core   0: 3 0x000000008000f45e (0xe822) mem 0x0000000080031f80 0x0000000080032040
core   0: 0x000000008000f460 (0x00001000) c.addi4spn s0, sp, 32
core   0: 3 0x000000008000f460 (0x1000) x8  0x0000000080031f90
core   0: 0x000000008000f462 (0x00003717) auipc   a4, 0x3
core   0: 3 0x000000008000f462 (0x00003717) x14 0x0000000080012462
core   0: 0x000000008000f466 (0xbc670713) addi    a4, a4, -1082
core   0: 3 0x000000008000f466 (0xbc670713) x14 0x0000000080012028
core   0: 0x000000008000f46a (0x00003797) auipc   a5, 0x3
core   0: 3 0x000000008000f46a (0x00003797) x15 0x000000008001246a
core   0: 0x000000008000f46e (0xbbe78793) addi    a5, a5, -1090
core   0: 3 0x000000008000f46e (0xbbe78793) x15 0x0000000080012028
core   0: 0x000000008000f472 (0x40f707b3) sub     a5, a4, a5
core   0: 3 0x000000008000f472 (0x40f707b3) x15 0x0000000000000000
core   0: 0x000000008000f476 (0xfef43423) sd      a5, -24(s0)
core   0: 3 0x000000008000f476 (0xfef43423) mem 0x0000000080031f78 0x0000000000000000
core   0: 0x000000008000f47a (0x00008792) c.mv    a5, tp
core   0: 3 0x000000008000f47a (0x8792) x15 0x0000000080012040
core   0: 0x000000008000f47c (0xfe843603) ld      a2, -24(s0)
core   0: 3 0x000000008000f47c (0xfe843603) x12 0x0000000000000000 mem 0x0000000080031f78
core   0: 0x000000008000f480 (0x00003597) auipc   a1, 0x3
core   0: 3 0x000000008000f480 (0x00003597) x11 0x0000000080012480
core   0: 0x000000008000f484 (0xba858593) addi    a1, a1, -1112
core   0: 3 0x000000008000f484 (0xba858593) x11 0x0000000080012028
core   0: 0x000000008000f488 (0x0000853e) c.mv    a0, a5
core   0: 3 0x000000008000f488 (0x853e) x10 0x0000000080012040
core   0: 0x000000008000f48a (0x0f9000ef) jal     pc + 0x8f8
core   0: 3 0x000000008000f48a (0x0f9000ef) x1  0x000000008000f48e
core   0: >>>>  memcpy
core   0: 0x000000008000fd82 (0x0000715d) c.addi16sp sp, -80
core   0: 3 0x000000008000fd82 (0x715d) x2  0x0000000080031f20
core   0: 0x000000008000fd84 (0x0000e4a2) c.sdsp  s0, 72(sp)
core   0: 3 0x000000008000fd84 (0xe4a2) mem 0x0000000080031f68 0x0000000080031f90
core   0: 0x000000008000fd86 (0x00000880) c.addi4spn s0, sp, 80
core   0: 3 0x000000008000fd86 (0x0880) x8  0x0000000080031f70
core   0: 0x000000008000fd88 (0xfca43423) sd      a0, -56(s0)
core   0: 3 0x000000008000fd88 (0xfca43423) mem 0x0000000080031f38 0x0000000080012040
core   0: 0x000000008000fd8c (0xfcb43023) sd      a1, -64(s0)
core   0: 3 0x000000008000fd8c (0xfcb43023) mem 0x0000000080031f30 0x0000000080012028
core   0: 0x000000008000fd90 (0xfac43c23) sd      a2, -72(s0)
core   0: 3 0x000000008000fd90 (0xfac43c23) mem 0x0000000080031f28 0x0000000000000000
core   0: 0x000000008000fd94 (0xfc843703) ld      a4, -56(s0)
core   0: 3 0x000000008000fd94 (0xfc843703) x14 0x0000000080012040 mem 0x0000000080031f38
core   0: 0x000000008000fd98 (0xfc043783) ld      a5, -64(s0)
core   0: 3 0x000000008000fd98 (0xfc043783) x15 0x0000000080012028 mem 0x0000000080031f30
core   0: 0x000000008000fd9c (0x00008f5d) c.or    a4, a5
core   0: 3 0x000000008000fd9c (0x8f5d) x14 0x0000000080012068
core   0: 0x000000008000fd9e (0xfb843783) ld      a5, -72(s0)
core   0: 3 0x000000008000fd9e (0xfb843783) x15 0x0000000000000000 mem 0x0000000080031f28
core   0: 0x000000008000fda2 (0x00008fd9) c.or    a5, a4
core   0: 3 0x000000008000fda2 (0x8fd9) x15 0x0000000080012068
core   0: 0x000000008000fda4 (0x00008b9d) c.andi  a5, 7
core   0: 3 0x000000008000fda4 (0x8b9d) x15 0x0000000000000000
core   0: 0x000000008000fda6 (0x0000e3b1) c.bnez  a5, pc + 68
core   0: 3 0x000000008000fda6 (0xe3b1)
core   0: 0x000000008000fda8 (0xfc043783) ld      a5, -64(s0)
core   0: 3 0x000000008000fda8 (0xfc043783) x15 0x0000000080012028 mem 0x0000000080031f30
core   0: 0x000000008000fdac (0xfef43423) sd      a5, -24(s0)
core   0: 3 0x000000008000fdac (0xfef43423) mem 0x0000000080031f58 0x0000000080012028
core   0: 0x000000008000fdb0 (0xfc843783) ld      a5, -56(s0)
core   0: 3 0x000000008000fdb0 (0xfc843783) x15 0x0000000080012040 mem 0x0000000080031f38
core   0: 0x000000008000fdb4 (0xfef43023) sd      a5, -32(s0)
core   0: 3 0x000000008000fdb4 (0xfef43023) mem 0x0000000080031f50 0x0000000080012040
core   0: 0x000000008000fdb8 (0x0000a839) c.j     pc + 30
core   0: 3 0x000000008000fdb8 (0xa839)
core   0: 0x000000008000fdd6 (0xfc843703) ld      a4, -56(s0)
core   0: 3 0x000000008000fdd6 (0xfc843703) x14 0x0000000080012040 mem 0x0000000080031f38
core   0: 0x000000008000fdda (0xfb843783) ld      a5, -72(s0)
core   0: 3 0x000000008000fdda (0xfb843783) x15 0x0000000000000000 mem 0x0000000080031f28
core   0: 0x000000008000fdde (0x000097ba) c.add   a5, a4
core   0: 3 0x000000008000fdde (0x97ba) x15 0x0000000080012040
core   0: 0x000000008000fde0 (0xfe043703) ld      a4, -32(s0)
core   0: 3 0x000000008000fde0 (0xfe043703) x14 0x0000000080012040 mem 0x0000000080031f50
core   0: 0x000000008000fde4 (0xfcf76be3) bltu    a4, a5, pc - 42
core   0: 3 0x000000008000fde4 (0xfcf76be3)
core   0: 0x000000008000fde8 (0x0000a099) c.j     pc + 70
core   0: 3 0x000000008000fde8 (0xa099)
core   0: 0x000000008000fe2e (0xfc843783) ld      a5, -56(s0)
core   0: 3 0x000000008000fe2e (0xfc843783) x15 0x0000000080012040 mem 0x0000000080031f38
core   0: 0x000000008000fe32 (0x0000853e) c.mv    a0, a5
core   0: 3 0x000000008000fe32 (0x853e) x10 0x0000000080012040
core   0: 0x000000008000fe34 (0x00006426) c.ldsp  s0, 72(sp)
core   0: 3 0x000000008000fe34 (0x6426) x8  0x0000000080031f90 mem 0x0000000080031f68
core   0: 0x000000008000fe36 (0x00006161) c.addi16sp sp, 80
core   0: 3 0x000000008000fe36 (0x6161) x2  0x0000000080031f70
core   0: 0x000000008000fe38 (0x00008082) ret
core   0: 3 0x000000008000fe38 (0x8082)
core   0: 0x000000008000f48e (0x00003717) auipc   a4, 0x3
core   0: 3 0x000000008000f48e (0x00003717) x14 0x000000008001248e
core   0: 0x000000008000f492 (0xc3670713) addi    a4, a4, -970
core   0: 3 0x000000008000f492 (0xc3670713) x14 0x00000000800120c4
core   0: 0x000000008000f496 (0x00003797) auipc   a5, 0x3
core   0: 3 0x000000008000f496 (0x00003797) x15 0x0000000080012496
core   0: 0x000000008000f49a (0xb9278793) addi    a5, a5, -1134
core   0: 3 0x000000008000f49a (0xb9278793) x15 0x0000000080012028
core   0: 0x000000008000f49e (0x40f707b3) sub     a5, a4, a5
core   0: 3 0x000000008000f49e (0x40f707b3) x15 0x000000000000009c
core   0: 0x000000008000f4a2 (0xfef43023) sd      a5, -32(s0)
core   0: 3 0x000000008000f4a2 (0xfef43023) mem 0x0000000080031f70 0x000000000000009c
core   0: 0x000000008000f4a6 (0x00008712) c.mv    a4, tp
core   0: 3 0x000000008000f4a6 (0x8712) x14 0x0000000080012040
core   0: 0x000000008000f4a8 (0xfe843783) ld      a5, -24(s0)
core   0: 3 0x000000008000f4a8 (0xfe843783) x15 0x0000000000000000 mem 0x0000000080031f78
core   0: 0x000000008000f4ac (0x000097ba) c.add   a5, a4
core   0: 3 0x000000008000f4ac (0x97ba) x15 0x0000000080012040
core   0: 0x000000008000f4ae (0xfe043603) ld      a2, -32(s0)
core   0: 3 0x000000008000f4ae (0xfe043603) x12 0x000000000000009c mem 0x0000000080031f70
core   0: 0x000000008000f4b2 (0x00004581) c.li    a1, 0
core   0: 3 0x000000008000f4b2 (0x4581) x11 0x0000000000000000
core   0: 0x000000008000f4b4 (0x0000853e) c.mv    a0, a5
core   0: 3 0x000000008000f4b4 (0x853e) x10 0x0000000080012040
core   0: 0x000000008000f4b6 (0x185000ef) jal     pc + 0x984
core   0: 3 0x000000008000f4b6 (0x185000ef) x1  0x000000008000f4ba
core   0: >>>>  memset
core   0: 0x000000008000fe3a (0x0000715d) c.addi16sp sp, -80
core   0: 3 0x000000008000fe3a (0x715d) x2  0x0000000080031f20
core   0: 0x000000008000fe3c (0x0000e4a2) c.sdsp  s0, 72(sp)
core   0: 3 0x000000008000fe3c (0xe4a2) mem 0x0000000080031f68 0x0000000080031f90
core   0: 0x000000008000fe3e (0x00000880) c.addi4spn s0, sp, 80
core   0: 3 0x000000008000fe3e (0x0880) x8  0x0000000080031f70
core   0: 0x000000008000fe40 (0xfca43423) sd      a0, -56(s0)
core   0: 3 0x000000008000fe40 (0xfca43423) mem 0x0000000080031f38 0x0000000080012040
core   0: 0x000000008000fe44 (0x000087ae) c.mv    a5, a1
core   0: 3 0x000000008000fe44 (0x87ae) x15 0x0000000000000000
core   0: 0x000000008000fe46 (0xfac43c23) sd      a2, -72(s0)
core   0: 3 0x000000008000fe46 (0xfac43c23) mem 0x0000000080031f28 0x000000000000009c
core   0: 0x000000008000fe4a (0xfcf42223) sw      a5, -60(s0)
core   0: 3 0x000000008000fe4a (0xfcf42223) mem 0x0000000080031f34 0x00000000
core   0: 0x000000008000fe4e (0xfc843703) ld      a4, -56(s0)
core   0: 3 0x000000008000fe4e (0xfc843703) x14 0x0000000080012040 mem 0x0000000080031f38
core   0: 0x000000008000fe52 (0xfb843783) ld      a5, -72(s0)
core   0: 3 0x000000008000fe52 (0xfb843783) x15 0x000000000000009c mem 0x0000000080031f28
core   0: 0x000000008000fe56 (0x00008fd9) c.or    a5, a4
core   0: 3 0x000000008000fe56 (0x8fd9) x15 0x00000000800120dc
core   0: 0x000000008000fe58 (0x00008b9d) c.andi  a5, 7
core   0: 3 0x000000008000fe58 (0x8b9d) x15 0x0000000000000004
core   0: 0x000000008000fe5a (0x0000e7bd) c.bnez  a5, pc + 110
core   0: 3 0x000000008000fe5a (0xe7bd)
core   0: 0x000000008000fec8 (0xfc843783) ld      a5, -56(s0)
core   0: 3 0x000000008000fec8 (0xfc843783) x15 0x0000000080012040 mem 0x0000000080031f38
core   0: 0x000000008000fecc (0xfef43023) sd      a5, -32(s0)
core   0: 3 0x000000008000fecc (0xfef43023) mem 0x0000000080031f50 0x0000000080012040
core   0: 0x000000008000fed0 (0x0000a829) c.j     pc + 26
core   0: 3 0x000000008000fed0 (0xa829)
core   0: 0x000000008000feea (0xfc843703) ld      a4, -56(s0)
core   0: 3 0x000000008000feea (0xfc843703) x14 0x0000000080012040 mem 0x0000000080031f38
core   0: 0x000000008000feee (0xfb843783) ld      a5, -72(s0)
core   0: 3 0x000000008000feee (0xfb843783) x15 0x000000000000009c mem 0x0000000080031f28
core   0: 0x000000008000fef2 (0x000097ba) c.add   a5, a4
core   0: 3 0x000000008000fef2 (0x97ba) x15 0x00000000800120dc
core   0: 0x000000008000fef4 (0xfe043703) ld      a4, -32(s0)
core   0: 3 0x000000008000fef4 (0xfe043703) x14 0x0000000080012040 mem 0x0000000080031f50
core   0: 0x000000008000fef8 (0xfcf76de3) bltu    a4, a5, pc - 38
core   0: 3 0x000000008000fef8 (0xfcf76de3)
core   0: 0x000000008000fed2 (0xfe043783) ld      a5, -32(s0)
core   0: 3 0x000000008000fed2 (0xfe043783) x15 0x0000000080012040 mem 0x0000000080031f50
core   0: 0x000000008000fed6 (0x00178713) addi    a4, a5, 1
core   0: 3 0x000000008000fed6 (0x00178713) x14 0x0000000080012041
core   0: 0x000000008000feda (0xfee43023) sd      a4, -32(s0)
core   0: 3 0x000000008000feda (0xfee43023) mem 0x0000000080031f50 0x0000000080012041
core   0: 0x000000008000fede (0xfc442703) lw      a4, -60(s0)
core   0: 3 0x000000008000fede (0xfc442703) x14 0x0000000000000000 mem 0x0000000080031f34
core   0: 0x000000008000fee2 (0x0ff77713) andi    a4, a4, 255
core   0: 3 0x000000008000fee2 (0x0ff77713) x14 0x0000000000000000
core   0: 0x000000008000fee6 (0x00e78023) sb      a4, 0(a5)
core   0: 3 0x000000008000fee6 (0x00e78023) mem 0x0000000080012040 0x00
core   0: 0x000000008000feea (0xfc843703) ld      a4, -56(s0)
core   0: 3 0x000000008000feea (0xfc843703) x14 0x0000000080012040 mem 0x0000000080031f38
core   0: 0x000000008000feee (0xfb843783) ld      a5, -72(s0)
core   0: 3 0x000000008000feee (0xfb843783) x15 0x000000000000009c mem 0x0000000080031f28
core   0: 0x000000008000fef2 (0x000097ba) c.add   a5, a4
core   0: 3 0x000000008000fef2 (0x97ba) x15 0x00000000800120dc
core   0: 0x000000008000fef4 (0xfe043703) ld      a4, -32(s0)
core   0: 3 0x000000008000fef4 (0xfe043703) x14 0x0000000080012041 mem 0x0000000080031f50
core   0: 0x000000008000fef8 (0xfcf76de3) bltu    a4, a5, pc - 38
core   0: 3 0x000000008000fef8 (0xfcf76de3)
core   0: 0x000000008000fed2 (0xfe043783) ld      a5, -32(s0)
core   0: 3 0x000000008000fed2 (0xfe043783) x15 0x0000000080012041 mem 0x0000000080031f50
core   0: 0x000000008000fed6 (0x00178713) addi    a4, a5, 1
core   0: 3 0x000000008000fed6 (0x00178713) x14 0x0000000080012042
core   0: 0x000000008000feda (0xfee43023) sd      a4, -32(s0)
core   0: 3 0x000000008000feda (0xfee43023) mem 0x0000000080031f50 0x0000000080012042
core   0: 0x000000008000fede (0xfc442703) lw      a4, -60(s0)
core   0: 3 0x000000008000fede (0xfc442703) x14 0x0000000000000000 mem 0x0000000080031f34
core   0: 0x000000008000fee2 (0x0ff77713) andi    a4, a4, 255
core   0: 3 0x000000008000fee2 (0x0ff77713) x14 0x0000000000000000
core   0: 0x000000008000fee6 (0x00e78023) sb      a4, 0(a5)
core   0: 3 0x000000008000fee6 (0x00e78023) mem 0x0000000080012041 0x00
core   0: 0x000000008000feea (0xfc843703) ld      a4, -56(s0)
core   0: 3 0x000000008000feea (0xfc843703) x14 0x0000000080012040 mem 0x0000000080031f38
core   0: 0x000000008000feee (0xfb843783) ld      a5, -72(s0)
core   0: 3 0x000000008000feee (0xfb843783) x15 0x000000000000009c mem 0x0000000080031f28
core   0: 0x000000008000fef2 (0x000097ba) c.add   a5, a4
core   0: 3 0x000000008000fef2 (0x97ba) x15 0x00000000800120dc
core   0: 0x000000008000fef4 (0xfe043703) ld      a4, -32(s0)
core   0: 3 0x000000008000fef4 (0xfe043703) x14 0x0000000080012042 mem 0x0000000080031f50
core   0: 0x000000008000fef8 (0xfcf76de3) bltu    a4, a5, pc - 38
core   0: 3 0x000000008000fef8 (0xfcf76de3)
core   0: 0x000000008000fed2 (0xfe043783) ld      a5, -32(s0)
core   0: 3 0x000000008000fed2 (0xfe043783) x15 0x0000000080012042 mem 0x0000000080031f50
core   0: 0x000000008000fed6 (0x00178713) addi    a4, a5, 1
core   0: 3 0x000000008000fed6 (0x00178713) x14 0x0000000080012043
core   0: 0x000000008000feda (0xfee43023) sd      a4, -32(s0)
core   0: 3 0x000000008000feda (0xfee43023) mem 0x0000000080031f50 0x0000000080012043
core   0: 0x000000008000fede (0xfc442703) lw      a4, -60(s0)
core   0: 3 0x000000008000fede (0xfc442703) x14 0x0000000000000000 mem 0x0000000080031f34
core   0: 0x000000008000fee2 (0x0ff77713) andi    a4, a4, 255
core   0: 3 0x000000008000fee2 (0x0ff77713) x14 0x0000000000000000
core   0: 0x000000008000fee6 (0x00e78023) sb      a4, 0(a5)
core   0: 3 0x000000008000fee6 (0x00e78023) mem 0x0000000080012042 0x00
core   0: 0x000000008000feea (0xfc843703) ld      a4, -56(s0)
core   0: 3 0x000000008000feea (0xfc843703) x14 0x0000000080012040 mem 0x0000000080031f38
core   0: 0x000000008000feee (0xfb843783) ld      a5, -72(s0)
core   0: 3 0x000000008000feee (0xfb843783) x15 0x000000000000009c mem 0x0000000080031f28
core   0: 0x000000008000fef2 (0x000097ba) c.add   a5, a4
core   0: 3 0x000000008000fef2 (0x97ba) x15 0x00000000800120dc
core   0: 0x000000008000fef4 (0xfe043703) ld      a4, -32(s0)
core   0: 3 0x000000008000fef4 (0xfe043703) x14 0x0000000080012043 mem 0x0000000080031f50
core   0: 0x000000008000fef8 (0xfcf76de3) bltu    a4, a5, pc - 38
core   0: 3 0x000000008000fef8 (0xfcf76de3)
core   0: 0x000000008000fed2 (0xfe043783) ld      a5, -32(s0)
core   0: 3 0x000000008000fed2 (0xfe043783) x15 0x0000000080012043 mem 0x0000000080031f50
core   0: 0x000000008000fed6 (0x00178713) addi    a4, a5, 1
core   0: 3 0x000000008000fed6 (0x00178713) x14 0x0000000080012044
core   0: 0x000000008000feda (0xfee43023) sd      a4, -32(s0)
core   0: 3 0x000000008000feda (0xfee43023) mem 0x0000000080031f50 0x0000000080012044
core   0: 0x000000008000fede (0xfc442703) lw      a4, -60(s0)
core   0: 3 0x000000008000fede (0xfc442703) x14 0x0000000000000000 mem 0x0000000080031f34
core   0: 0x000000008000fee2 (0x0ff77713) andi    a4, a4, 255
core   0: 3 0x000000008000fee2 (0x0ff77713) x14 0x0000000000000000
core   0: 0x000000008000fee6 (0x00e78023) sb      a4, 0(a5)
core   0: 3 0x000000008000fee6 (0x00e78023) mem 0x0000000080012043 0x00
core   0: 0x000000008000feea (0xfc843703) ld      a4, -56(s0)
core   0: 3 0x000000008000feea (0xfc843703) x14 0x0000000080012040 mem 0x0000000080031f38
core   0: 0x000000008000feee (0xfb843783) ld      a5, -72(s0)
core   0: 3 0x000000008000feee (0xfb843783) x15 0x000000000000009c mem 0x0000000080031f28
core   0: 0x000000008000fef2 (0x000097ba) c.add   a5, a4
core   0: 3 0x000000008000fef2 (0x97ba) x15 0x00000000800120dc
core   0: 0x000000008000fef4 (0xfe043703) ld      a4, -32(s0)
core   0: 3 0x000000008000fef4 (0xfe043703) x14 0x0000000080012044 mem 0x0000000080031f50
core   0: 0x000000008000fef8 (0xfcf76de3) bltu    a4, a5, pc - 38
core   0: 3 0x000000008000fef8 (0xfcf76de3)
core   0: 0x000000008000fed2 (0xfe043783) ld      a5, -32(s0)
core   0: 3 0x000000008000fed2 (0xfe043783) x15 0x0000000080012044 mem 0x0000000080031f50
core   0: 0x000000008000fed6 (0x00178713) addi    a4, a5, 1
core   0: 3 0x000000008000fed6 (0x00178713) x14 0x0000000080012045
core   0: 0x000000008000feda (0xfee43023) sd      a4, -32(s0)
core   0: 3 0x000000008000feda (0xfee43023) mem 0x0000000080031f50 0x0000000080012045
core   0: 0x000000008000fede (0xfc442703) lw      a4, -60(s0)
core   0: 3 0x000000008000fede (0xfc442703) x14 0x0000000000000000 mem 0x0000000080031f34
core   0: 0x000000008000fee2 (0x0ff77713) andi    a4, a4, 255
core   0: 3 0x000000008000fee2 (0x0ff77713) x14 0x0000000000000000
core   0: 0x000000008000fee6 (0x00e78023) sb      a4, 0(a5)
core   0: 3 0x000000008000fee6 (0x00e78023) mem 0x0000000080012044 0x00
core   0: 0x000000008000feea (0xfc843703) ld      a4, -56(s0)
core   0: 3 0x000000008000feea (0xfc843703) x14 0x0000000080012040 mem 0x0000000080031f38
core   0: 0x000000008000feee (0xfb843783) ld      a5, -72(s0)
core   0: 3 0x000000008000feee (0xfb843783) x15 0x000000000000009c mem 0x0000000080031f28
core   0: 0x000000008000fef2 (0x000097ba) c.add   a5, a4
core   0: 3 0x000000008000fef2 (0x97ba) x15 0x00000000800120dc
core   0: 0x000000008000fef4 (0xfe043703) ld      a4, -32(s0)
core   0: 3 0x000000008000fef4 (0xfe043703) x14 0x0000000080012045 mem 0x0000000080031f50
core   0: 0x000000008000fef8 (0xfcf76de3) bltu    a4, a5, pc - 38
core   0: 3 0x000000008000fef8 (0xfcf76de3)
core   0: 0x000000008000fed2 (0xfe043783) ld      a5, -32(s0)
core   0: 3 0x000000008000fed2 (0xfe043783) x15 0x0000000080012045 mem 0x0000000080031f50
core   0: 0x000000008000fed6 (0x00178713) addi    a4, a5, 1
core   0: 3 0x000000008000fed6 (0x00178713) x14 0x0000000080012046
core   0: 0x000000008000feda (0xfee43023) sd      a4, -32(s0)
core   0: 3 0x000000008000feda (0xfee43023) mem 0x0000000080031f50 0x0000000080012046
core   0: 0x000000008000fede (0xfc442703) lw      a4, -60(s0)
core   0: 3 0x000000008000fede (0xfc442703) x14 0x0000000000000000 mem 0x0000000080031f34
core   0: 0x000000008000fee2 (0x0ff77713) andi    a4, a4, 255
core   0: 3 0x000000008000fee2 (0x0ff77713) x14 0x0000000000000000
core   0: 0x000000008000fee6 (0x00e78023) sb      a4, 0(a5)
core   0: 3 0x000000008000fee6 (0x00e78023) mem 0x0000000080012045 0x00
core   0: 0x000000008000feea (0xfc843703) ld      a4, -56(s0)
core   0: 3 0x000000008000feea (0xfc843703) x14 0x0000000080012040 mem 0x0000000080031f38
core   0: 0x000000008000feee (0xfb843783) ld      a5, -72(s0)
core   0: 3 0x000000008000feee (0xfb843783) x15 0x000000000000009c mem 0x0000000080031f28
core   0: 0x000000008000fef2 (0x000097ba) c.add   a5, a4
core   0: 3 0x000000008000fef2 (0x97ba) x15 0x00000000800120dc
core   0: 0x000000008000fef4 (0xfe043703) ld      a4, -32(s0)
core   0: 3 0x000000008000fef4 (0xfe043703) x14 0x0000000080012046 mem 0x0000000080031f50
core   0: 0x000000008000fef8 (0xfcf76de3) bltu    a4, a5, pc - 38
core   0: 3 0x000000008000fef8 (0xfcf76de3)
core   0: 0x000000008000fed2 (0xfe043783) ld      a5, -32(s0)
core   0: 3 0x000000008000fed2 (0xfe043783) x15 0x0000000080012046 mem 0x0000000080031f50
core   0: 0x000000008000fed6 (0x00178713) addi    a4, a5, 1
core   0: 3 0x000000008000fed6 (0x00178713) x14 0x0000000080012047
core   0: 0x000000008000feda (0xfee43023) sd      a4, -32(s0)
core   0: 3 0x000000008000feda (0xfee43023) mem 0x0000000080031f50 0x0000000080012047
core   0: 0x000000008000fede (0xfc442703) lw      a4, -60(s0)
core   0: 3 0x000000008000fede (0xfc442703) x14 0x0000000000000000 mem 0x0000000080031f34
core   0: 0x000000008000fee2 (0x0ff77713) andi    a4, a4, 255
core   0: 3 0x000000008000fee2 (0x0ff77713) x14 0x0000000000000000
core   0: 0x000000008000fee6 (0x00e78023) sb      a4, 0(a5)
core   0: 3 0x000000008000fee6 (0x00e78023) mem 0x0000000080012046 0x00
core   0: 0x000000008000feea (0xfc843703) ld      a4, -56(s0)
core   0: 3 0x000000008000feea (0xfc843703) x14 0x0000000080012040 mem 0x0000000080031f38
core   0: 0x000000008000feee (0xfb843783) ld      a5, -72(s0)
core   0: 3 0x000000008000feee (0xfb843783) x15 0x000000000000009c mem 0x0000000080031f28
core   0: 0x000000008000fef2 (0x000097ba) c.add   a5, a4
core   0: 3 0x000000008000fef2 (0x97ba) x15 0x00000000800120dc
core   0: 0x000000008000fef4 (0xfe043703) ld      a4, -32(s0)
core   0: 3 0x000000008000fef4 (0xfe043703) x14 0x0000000080012047 mem 0x0000000080031f50
core   0: 0x000000008000fef8 (0xfcf76de3) bltu    a4, a5, pc - 38
core   0: 3 0x000000008000fef8 (0xfcf76de3)
core   0: 0x000000008000fed2 (0xfe043783) ld      a5, -32(s0)
core   0: 3 0x000000008000fed2 (0xfe043783) x15 0x0000000080012047 mem 0x0000000080031f50
core   0: 0x000000008000fed6 (0x00178713) addi    a4, a5, 1
core   0: 3 0x000000008000fed6 (0x00178713) x14 0x0000000080012048
core   0: 0x000000008000feda (0xfee43023) sd      a4, -32(s0)
core   0: 3 0x000000008000feda (0xfee43023) mem 0x0000000080031f50 0x0000000080012048
core   0: 0x000000008000fede (0xfc442703) lw      a4, -60(s0)
core   0: 3 0x000000008000fede (0xfc442703) x14 0x0000000000000000 mem 0x0000000080031f34
core   0: 0x000000008000fee2 (0x0ff77713) andi    a4, a4, 255
core   0: 3 0x000000008000fee2 (0x0ff77713) x14 0x0000000000000000
core   0: 0x000000008000fee6 (0x00e78023) sb      a4, 0(a5)
core   0: 3 0x000000008000fee6 (0x00e78023) mem 0x0000000080012047 0x00
core   0: 0x000000008000feea (0xfc843703) ld      a4, -56(s0)
core   0: 3 0x000000008000feea (0xfc843703) x14 0x0000000080012040 mem 0x0000000080031f38
core   0: 0x000000008000feee (0xfb843783) ld      a5, -72(s0)
core   0: 3 0x000000008000feee (0xfb843783) x15 0x000000000000009c mem 0x0000000080031f28
core   0: 0x000000008000fef2 (0x000097ba) c.add   a5, a4
core   0: 3 0x000000008000fef2 (0x97ba) x15 0x00000000800120dc
core   0: 0x000000008000fef4 (0xfe043703) ld      a4, -32(s0)
core   0: 3 0x000000008000fef4 (0xfe043703) x14 0x0000000080012048 mem 0x0000000080031f50
core   0: 0x000000008000fef8 (0xfcf76de3) bltu    a4, a5, pc - 38
core   0: 3 0x000000008000fef8 (0xfcf76de3)
core   0: 0x000000008000fed2 (0xfe043783) ld      a5, -32(s0)
core   0: 3 0x000000008000fed2 (0xfe043783) x15 0x0000000080012048 mem 0x0000000080031f50
core   0: 0x000000008000fed6 (0x00178713) addi    a4, a5, 1
core   0: 3 0x000000008000fed6 (0x00178713) x14 0x0000000080012049
core   0: 0x000000008000feda (0xfee43023) sd      a4, -32(s0)
core   0: 3 0x000000008000feda (0xfee43023) mem 0x0000000080031f50 0x0000000080012049
core   0: 0x000000008000fede (0xfc442703) lw      a4, -60(s0)
core   0: 3 0x000000008000fede (0xfc442703) x14 0x0000000000000000 mem 0x0000000080031f34
core   0: 0x000000008000fee2 (0x0ff77713) andi    a4, a4, 255
core   0: 3 0x000000008000fee2 (0x0ff77713) x14 0x0000000000000000
core   0: 0x000000008000fee6 (0x00e78023) sb      a4, 0(a5)
core   0: 3 0x000000008000fee6 (0x00e78023) mem 0x0000000080012048 0x00
core   0: 0x000000008000feea (0xfc843703) ld      a4, -56(s0)
core   0: 3 0x000000008000feea (0xfc843703) x14 0x0000000080012040 mem 0x0000000080031f38
core   0: 0x000000008000feee (0xfb843783) ld      a5, -72(s0)
core   0: 3 0x000000008000feee (0xfb843783) x15 0x000000000000009c mem 0x0000000080031f28
core   0: 0x000000008000fef2 (0x000097ba) c.add   a5, a4
core   0: 3 0x000000008000fef2 (0x97ba) x15 0x00000000800120dc
core   0: 0x000000008000fef4 (0xfe043703) ld      a4, -32(s0)
core   0: 3 0x000000008000fef4 (0xfe043703) x14 0x0000000080012049 mem 0x0000000080031f50
core   0: 0x000000008000fef8 (0xfcf76de3) bltu    a4, a5, pc - 38
core   0: 3 0x000000008000fef8 (0xfcf76de3)
core   0: 0x000000008000fed2 (0xfe043783) ld      a5, -32(s0)
core   0: 3 0x000000008000fed2 (0xfe043783) x15 0x0000000080012049 mem 0x0000000080031f50
core   0: 0x000000008000fed6 (0x00178713) addi    a4, a5, 1
core   0: 3 0x000000008000fed6 (0x00178713) x14 0x000000008001204a
core   0: 0x000000008000feda (0xfee43023) sd      a4, -32(s0)
core   0: 3 0x000000008000feda (0xfee43023) mem 0x0000000080031f50 0x000000008001204a
core   0: 0x000000008000fede (0xfc442703) lw      a4, -60(s0)
core   0: 3 0x000000008000fede (0xfc442703) x14 0x0000000000000000 mem 0x0000000080031f34
core   0: 0x000000008000fee2 (0x0ff77713) andi    a4, a4, 255
core   0: 3 0x000000008000fee2 (0x0ff77713) x14 0x0000000000000000
core   0: 0x000000008000fee6 (0x00e78023) sb      a4, 0(a5)
core   0: 3 0x000000008000fee6 (0x00e78023) mem 0x0000000080012049 0x00
core   0: 0x000000008000feea (0xfc843703) ld      a4, -56(s0)
core   0: 3 0x000000008000feea (0xfc843703) x14 0x0000000080012040 mem 0x0000000080031f38
core   0: 0x000000008000feee (0xfb843783) ld      a5, -72(s0)
core   0: 3 0x000000008000feee (0xfb843783) x15 0x000000000000009c mem 0x0000000080031f28
core   0: 0x000000008000fef2 (0x000097ba) c.add   a5, a4
core   0: 3 0x000000008000fef2 (0x97ba) x15 0x00000000800120dc
core   0: 0x000000008000fef4 (0xfe043703) ld      a4, -32(s0)
core   0: 3 0x000000008000fef4 (0xfe043703) x14 0x000000008001204a mem 0x0000000080031f50
core   0: 0x000000008000fef8 (0xfcf76de3) bltu    a4, a5, pc - 38
core   0: 3 0x000000008000fef8 (0xfcf76de3)
core   0: 0x000000008000fed2 (0xfe043783) ld      a5, -32(s0)
core   0: 3 0x000000008000fed2 (0xfe043783) x15 0x000000008001204a mem 0x0000000080031f50
core   0: 0x000000008000fed6 (0x00178713) addi    a4, a5, 1
core   0: 3 0x000000008000fed6 (0x00178713) x14 0x000000008001204b
core   0: 0x000000008000feda (0xfee43023) sd      a4, -32(s0)
core   0: 3 0x000000008000feda (0xfee43023) mem 0x0000000080031f50 0x000000008001204b
core   0: 0x000000008000fede (0xfc442703) lw      a4, -60(s0)
core   0: 3 0x000000008000fede (0xfc442703) x14 0x0000000000000000 mem 0x0000000080031f34
core   0: 0x000000008000fee2 (0x0ff77713) andi    a4, a4, 255
core   0: 3 0x000000008000fee2 (0x0ff77713) x14 0x0000000000000000
core   0: 0x000000008000fee6 (0x00e78023) sb      a4, 0(a5)
core   0: 3 0x000000008000fee6 (0x00e78023) mem 0x000000008001204a 0x00
core   0: 0x000000008000feea (0xfc843703) ld      a4, -56(s0)
core   0: 3 0x000000008000feea (0xfc843703) x14 0x0000000080012040 mem 0x0000000080031f38
core   0: 0x000000008000feee (0xfb843783) ld      a5, -72(s0)
core   0: 3 0x000000008000feee (0xfb843783) x15 0x000000000000009c mem 0x0000000080031f28
core   0: 0x000000008000fef2 (0x000097ba) c.add   a5, a4
core   0: 3 0x000000008000fef2 (0x97ba) x15 0x00000000800120dc
core   0: 0x000000008000fef4 (0xfe043703) ld      a4, -32(s0)
core   0: 3 0x000000008000fef4 (0xfe043703) x14 0x000000008001204b mem 0x0000000080031f50
core   0: 0x000000008000fef8 (0xfcf76de3) bltu    a4, a5, pc - 38
core   0: 3 0x000000008000fef8 (0xfcf76de3)
core   0: 0x000000008000fed2 (0xfe043783) ld      a5, -32(s0)
core   0: 3 0x000000008000fed2 (0xfe043783) x15 0x000000008001204b mem 0x0000000080031f50
core   0: 0x000000008000fed6 (0x00178713) addi    a4, a5, 1
core   0: 3 0x000000008000fed6 (0x00178713) x14 0x000000008001204c
core   0: 0x000000008000feda (0xfee43023) sd      a4, -32(s0)
core   0: 3 0x000000008000feda (0xfee43023) mem 0x0000000080031f50 0x000000008001204c
core   0: 0x000000008000fede (0xfc442703) lw      a4, -60(s0)
core   0: 3 0x000000008000fede (0xfc442703) x14 0x0000000000000000 mem 0x0000000080031f34
core   0: 0x000000008000fee2 (0x0ff77713) andi    a4, a4, 255
core   0: 3 0x000000008000fee2 (0x0ff77713) x14 0x0000000000000000
core   0: 0x000000008000fee6 (0x00e78023) sb      a4, 0(a5)
core   0: 3 0x000000008000fee6 (0x00e78023) mem 0x000000008001204b 0x00
core   0: 0x000000008000feea (0xfc843703) ld      a4, -56(s0)
core   0: 3 0x000000008000feea (0xfc843703) x14 0x0000000080012040 mem 0x0000000080031f38
core   0: 0x000000008000feee (0xfb843783) ld      a5, -72(s0)
core   0: 3 0x000000008000feee (0xfb843783) x15 0x000000000000009c mem 0x0000000080031f28
core   0: 0x000000008000fef2 (0x000097ba) c.add   a5, a4
core   0: 3 0x000000008000fef2 (0x97ba) x15 0x00000000800120dc
core   0: 0x000000008000fef4 (0xfe043703) ld      a4, -32(s0)
core   0: 3 0x000000008000fef4 (0xfe043703) x14 0x000000008001204c mem 0x0000000080031f50
core   0: 0x000000008000fef8 (0xfcf76de3) bltu    a4, a5, pc - 38
core   0: 3 0x000000008000fef8 (0xfcf76de3)
core   0: 0x000000008000fed2 (0xfe043783) ld      a5, -32(s0)
core   0: 3 0x000000008000fed2 (0xfe043783) x15 0x000000008001204c mem 0x0000000080031f50
core   0: 0x000000008000fed6 (0x00178713) addi    a4, a5, 1
core   0: 3 0x000000008000fed6 (0x00178713) x14 0x000000008001204d
core   0: 0x000000008000feda (0xfee43023) sd      a4, -32(s0)
core   0: 3 0x000000008000feda (0xfee43023) mem 0x0000000080031f50 0x000000008001204d
core   0: 0x000000008000fede (0xfc442703) lw      a4, -60(s0)
core   0: 3 0x000000008000fede (0xfc442703) x14 0x0000000000000000 mem 0x0000000080031f34
core   0: 0x000000008000fee2 (0x0ff77713) andi    a4, a4, 255
core   0: 3 0x000000008000fee2 (0x0ff77713) x14 0x0000000000000000
core   0: 0x000000008000fee6 (0x00e78023) sb      a4, 0(a5)
core   0: 3 0x000000008000fee6 (0x00e78023) mem 0x000000008001204c 0x00
core   0: 0x000000008000feea (0xfc843703) ld      a4, -56(s0)
core   0: 3 0x000000008000feea (0xfc843703) x14 0x0000000080012040 mem 0x0000000080031f38
core   0: 0x000000008000feee (0xfb843783) ld      a5, -72(s0)
core   0: 3 0x000000008000feee (0xfb843783) x15 0x000000000000009c mem 0x0000000080031f28
core   0: 0x000000008000fef2 (0x000097ba) c.add   a5, a4
core   0: 3 0x000000008000fef2 (0x97ba) x15 0x00000000800120dc
core   0: 0x000000008000fef4 (0xfe043703) ld      a4, -32(s0)
core   0: 3 0x000000008000fef4 (0xfe043703) x14 0x000000008001204d mem 0x0000000080031f50
core   0: 0x000000008000fef8 (0xfcf76de3) bltu    a4, a5, pc - 38
core   0: 3 0x000000008000fef8 (0xfcf76de3)
core   0: 0x000000008000fed2 (0xfe043783) ld      a5, -32(s0)
core   0: 3 0x000000008000fed2 (0xfe043783) x15 0x000000008001204d mem 0x0000000080031f50
core   0: 0x000000008000fed6 (0x00178713) addi    a4, a5, 1
core   0: 3 0x000000008000fed6 (0x00178713) x14 0x000000008001204e
core   0: 0x000000008000feda (0xfee43023) sd      a4, -32(s0)
core   0: 3 0x000000008000feda (0xfee43023) mem 0x0000000080031f50 0x000000008001204e
core   0: 0x000000008000fede (0xfc442703) lw      a4, -60(s0)
core   0: 3 0x000000008000fede (0xfc442703) x14 0x0000000000000000 mem 0x0000000080031f34
core   0: 0x000000008000fee2 (0x0ff77713) andi    a4, a4, 255
core   0: 3 0x000000008000fee2 (0x0ff77713) x14 0x0000000000000000
core   0: 0x000000008000fee6 (0x00e78023) sb      a4, 0(a5)
core   0: 3 0x000000008000fee6 (0x00e78023) mem 0x000000008001204d 0x00
core   0: 0x000000008000feea (0xfc843703) ld      a4, -56(s0)
core   0: 3 0x000000008000feea (0xfc843703) x14 0x0000000080012040 mem 0x0000000080031f38
core   0: 0x000000008000feee (0xfb843783) ld      a5, -72(s0)
core   0: 3 0x000000008000feee (0xfb843783) x15 0x000000000000009c mem 0x0000000080031f28
core   0: 0x000000008000fef2 (0x000097ba) c.add   a5, a4
core   0: 3 0x000000008000fef2 (0x97ba) x15 0x00000000800120dc
core   0: 0x000000008000fef4 (0xfe043703) ld      a4, -32(s0)
core   0: 3 0x000000008000fef4 (0xfe043703) x14 0x000000008001204e mem 0x0000000080031f50
core   0: 0x000000008000fef8 (0xfcf76de3) bltu    a4, a5, pc - 38
core   0: 3 0x000000008000fef8 (0xfcf76de3)
core   0: 0x000000008000fed2 (0xfe043783) ld      a5, -32(s0)
core   0: 3 0x000000008000fed2 (0xfe043783) x15 0x000000008001204e mem 0x0000000080031f50
core   0: 0x000000008000fed6 (0x00178713) addi    a4, a5, 1
core   0: 3 0x000000008000fed6 (0x00178713) x14 0x000000008001204f
core   0: 0x000000008000feda (0xfee43023) sd      a4, -32(s0)
core   0: 3 0x000000008000feda (0xfee43023) mem 0x0000000080031f50 0x000000008001204f
core   0: 0x000000008000fede (0xfc442703) lw      a4, -60(s0)
core   0: 3 0x000000008000fede (0xfc442703) x14 0x0000000000000000 mem 0x0000000080031f34
core   0: 0x000000008000fee2 (0x0ff77713) andi    a4, a4, 255
core   0: 3 0x000000008000fee2 (0x0ff77713) x14 0x0000000000000000
core   0: 0x000000008000fee6 (0x00e78023) sb      a4, 0(a5)
core   0: 3 0x000000008000fee6 (0x00e78023) mem 0x000000008001204e 0x00
core   0: 0x000000008000feea (0xfc843703) ld      a4, -56(s0)
core   0: 3 0x000000008000feea (0xfc843703) x14 0x0000000080012040 mem 0x0000000080031f38
core   0: 0x000000008000feee (0xfb843783) ld      a5, -72(s0)
core   0: 3 0x000000008000feee (0xfb843783) x15 0x000000000000009c mem 0x0000000080031f28
core   0: 0x000000008000fef2 (0x000097ba) c.add   a5, a4
core   0: 3 0x000000008000fef2 (0x97ba) x15 0x00000000800120dc
core   0: 0x000000008000fef4 (0xfe043703) ld      a4, -32(s0)
core   0: 3 0x000000008000fef4 (0xfe043703) x14 0x000000008001204f mem 0x0000000080031f50
core   0: 0x000000008000fef8 (0xfcf76de3) bltu    a4, a5, pc - 38
core   0: 3 0x000000008000fef8 (0xfcf76de3)
core   0: 0x000000008000fed2 (0xfe043783) ld      a5, -32(s0)
core   0: 3 0x000000008000fed2 (0xfe043783) x15 0x000000008001204f mem 0x0000000080031f50
core   0: 0x000000008000fed6 (0x00178713) addi    a4, a5, 1
core   0: 3 0x000000008000fed6 (0x00178713) x14 0x0000000080012050
core   0: 0x000000008000feda (0xfee43023) sd      a4, -32(s0)
core   0: 3 0x000000008000feda (0xfee43023) mem 0x0000000080031f50 0x0000000080012050
core   0: 0x000000008000fede (0xfc442703) lw      a4, -60(s0)
core   0: 3 0x000000008000fede (0xfc442703) x14 0x0000000000000000 mem 0x0000000080031f34
core   0: 0x000000008000fee2 (0x0ff77713) andi    a4, a4, 255
core   0: 3 0x000000008000fee2 (0x0ff77713) x14 0x0000000000000000
core   0: 0x000000008000fee6 (0x00e78023) sb      a4, 0(a5)
core   0: 3 0x000000008000fee6 (0x00e78023) mem 0x000000008001204f 0x00
core   0: 0x000000008000feea (0xfc843703) ld      a4, -56(s0)
core   0: 3 0x000000008000feea (0xfc843703) x14 0x0000000080012040 mem 0x0000000080031f38
core   0: 0x000000008000feee (0xfb843783) ld      a5, -72(s0)
core   0: 3 0x000000008000feee (0xfb843783) x15 0x000000000000009c mem 0x0000000080031f28
core   0: 0x000000008000fef2 (0x000097ba) c.add   a5, a4
core   0: 3 0x000000008000fef2 (0x97ba) x15 0x00000000800120dc
core   0: 0x000000008000fef4 (0xfe043703) ld      a4, -32(s0)
core   0: 3 0x000000008000fef4 (0xfe043703) x14 0x0000000080012050 mem 0x0000000080031f50
core   0: 0x000000008000fef8 (0xfcf76de3) bltu    a4, a5, pc - 38
core   0: 3 0x000000008000fef8 (0xfcf76de3)
core   0: 0x000000008000fed2 (0xfe043783) ld      a5, -32(s0)
core   0: 3 0x000000008000fed2 (0xfe043783) x15 0x0000000080012050 mem 0x0000000080031f50
core   0: 0x000000008000fed6 (0x00178713) addi    a4, a5, 1
core   0: 3 0x000000008000fed6 (0x00178713) x14 0x0000000080012051
core   0: 0x000000008000feda (0xfee43023) sd      a4, -32(s0)
core   0: 3 0x000000008000feda (0xfee43023) mem 0x0000000080031f50 0x0000000080012051
core   0: 0x000000008000fede (0xfc442703) lw      a4, -60(s0)
core   0: 3 0x000000008000fede (0xfc442703) x14 0x0000000000000000 mem 0x0000000080031f34
core   0: 0x000000008000fee2 (0x0ff77713) andi    a4, a4, 255
core   0: 3 0x000000008000fee2 (0x0ff77713) x14 0x0000000000000000
core   0: 0x000000008000fee6 (0x00e78023) sb      a4, 0(a5)
core   0: 3 0x000000008000fee6 (0x00e78023) mem 0x0000000080012050 0x00
core   0: 0x000000008000feea (0xfc843703) ld      a4, -56(s0)
core   0: 3 0x000000008000feea (0xfc843703) x14 0x0000000080012040 mem 0x0000000080031f38
core   0: 0x000000008000feee (0xfb843783) ld      a5, -72(s0)
core   0: 3 0x000000008000feee (0xfb843783) x15 0x000000000000009c mem 0x0000000080031f28
core   0: 0x000000008000fef2 (0x000097ba) c.add   a5, a4
core   0: 3 0x000000008000fef2 (0x97ba) x15 0x00000000800120dc
core   0: 0x000000008000fef4 (0xfe043703) ld      a4, -32(s0)
core   0: 3 0x000000008000fef4 (0xfe043703) x14 0x0000000080012051 mem 0x0000000080031f50
core   0: 0x000000008000fef8 (0xfcf76de3) bltu    a4, a5, pc - 38
core   0: 3 0x000000008000fef8 (0xfcf76de3)
core   0: 0x000000008000fed2 (0xfe043783) ld      a5, -32(s0)
core   0: 3 0x000000008000fed2 (0xfe043783) x15 0x0000000080012051 mem 0x0000000080031f50
core   0: 0x000000008000fed6 (0x00178713) addi    a4, a5, 1
core   0: 3 0x000000008000fed6 (0x00178713) x14 0x0000000080012052
core   0: 0x000000008000feda (0xfee43023) sd      a4, -32(s0)
core   0: 3 0x000000008000feda (0xfee43023) mem 0x0000000080031f50 0x0000000080012052
core   0: 0x000000008000fede (0xfc442703) lw      a4, -60(s0)
core   0: 3 0x000000008000fede (0xfc442703) x14 0x0000000000000000 mem 0x0000000080031f34
core   0: 0x000000008000fee2 (0x0ff77713) andi    a4, a4, 255
core   0: 3 0x000000008000fee2 (0x0ff77713) x14 0x0000000000000000
core   0: 0x000000008000fee6 (0x00e78023) sb      a4, 0(a5)
core   0: 3 0x000000008000fee6 (0x00e78023) mem 0x0000000080012051 0x00
core   0: 0x000000008000feea (0xfc843703) ld      a4, -56(s0)
core   0: 3 0x000000008000feea (0xfc843703) x14 0x0000000080012040 mem 0x0000000080031f38
core   0: 0x000000008000feee (0xfb843783) ld      a5, -72(s0)
core   0: 3 0x000000008000feee (0xfb843783) x15 0x000000000000009c mem 0x0000000080031f28
core   0: 0x000000008000fef2 (0x000097ba) c.add   a5, a4
core   0: 3 0x000000008000fef2 (0x97ba) x15 0x00000000800120dc
core   0: 0x000000008000fef4 (0xfe043703) ld      a4, -32(s0)
core   0: 3 0x000000008000fef4 (0xfe043703) x14 0x0000000080012052 mem 0x0000000080031f50
core   0: 0x000000008000fef8 (0xfcf76de3) bltu    a4, a5, pc - 38
core   0: 3 0x000000008000fef8 (0xfcf76de3)
core   0: 0x000000008000fed2 (0xfe043783) ld      a5, -32(s0)
core   0: 3 0x000000008000fed2 (0xfe043783) x15 0x0000000080012052 mem 0x0000000080031f50
core   0: 0x000000008000fed6 (0x00178713) addi    a4, a5, 1
core   0: 3 0x000000008000fed6 (0x00178713) x14 0x0000000080012053
core   0: 0x000000008000feda (0xfee43023) sd      a4, -32(s0)
core   0: 3 0x000000008000feda (0xfee43023) mem 0x0000000080031f50 0x0000000080012053
core   0: 0x000000008000fede (0xfc442703) lw      a4, -60(s0)
core   0: 3 0x000000008000fede (0xfc442703) x14 0x0000000000000000 mem 0x0000000080031f34
core   0: 0x000000008000fee2 (0x0ff77713) andi    a4, a4, 255
core   0: 3 0x000000008000fee2 (0x0ff77713) x14 0x0000000000000000
core   0: 0x000000008000fee6 (0x00e78023) sb      a4, 0(a5)
core   0: 3 0x000000008000fee6 (0x00e78023) mem 0x0000000080012052 0x00
core   0: 0x000000008000feea (0xfc843703) ld      a4, -56(s0)
core   0: 3 0x000000008000feea (0xfc843703) x14 0x0000000080012040 mem 0x0000000080031f38
core   0: 0x000000008000feee (0xfb843783) ld      a5, -72(s0)
core   0: 3 0x000000008000feee (0xfb843783) x15 0x000000000000009c mem 0x0000000080031f28
core   0: 0x000000008000fef2 (0x000097ba) c.add   a5, a4
core   0: 3 0x000000008000fef2 (0x97ba) x15 0x00000000800120dc
core   0: 0x000000008000fef4 (0xfe043703) ld      a4, -32(s0)
core   0: 3 0x000000008000fef4 (0xfe043703) x14 0x0000000080012053 mem 0x0000000080031f50
core   0: 0x000000008000fef8 (0xfcf76de3) bltu    a4, a5, pc - 38
core   0: 3 0x000000008000fef8 (0xfcf76de3)
core   0: 0x000000008000fed2 (0xfe043783) ld      a5, -32(s0)
core   0: 3 0x000000008000fed2 (0xfe043783) x15 0x0000000080012053 mem 0x0000000080031f50
core   0: 0x000000008000fed6 (0x00178713) addi    a4, a5, 1
core   0: 3 0x000000008000fed6 (0x00178713) x14 0x0000000080012054
core   0: 0x000000008000feda (0xfee43023) sd      a4, -32(s0)
core   0: 3 0x000000008000feda (0xfee43023) mem 0x0000000080031f50 0x0000000080012054
core   0: 0x000000008000fede (0xfc442703) lw      a4, -60(s0)
core   0: 3 0x000000008000fede (0xfc442703) x14 0x0000000000000000 mem 0x0000000080031f34
core   0: 0x000000008000fee2 (0x0ff77713) andi    a4, a4, 255
core   0: 3 0x000000008000fee2 (0x0ff77713) x14 0x0000000000000000
core   0: 0x000000008000fee6 (0x00e78023) sb      a4, 0(a5)
core   0: 3 0x000000008000fee6 (0x00e78023) mem 0x0000000080012053 0x00
core   0: 0x000000008000feea (0xfc843703) ld      a4, -56(s0)
core   0: 3 0x000000008000feea (0xfc843703) x14 0x0000000080012040 mem 0x0000000080031f38
core   0: 0x000000008000feee (0xfb843783) ld      a5, -72(s0)
core   0: 3 0x000000008000feee (0xfb843783) x15 0x000000000000009c mem 0x0000000080031f28
core   0: 0x000000008000fef2 (0x000097ba) c.add   a5, a4
core   0: 3 0x000000008000fef2 (0x97ba) x15 0x00000000800120dc
core   0: 0x000000008000fef4 (0xfe043703) ld      a4, -32(s0)
core   0: 3 0x000000008000fef4 (0xfe043703) x14 0x0000000080012054 mem 0x0000000080031f50
core   0: 0x000000008000fef8 (0xfcf76de3) bltu    a4, a5, pc - 38
core   0: 3 0x000000008000fef8 (0xfcf76de3)
core   0: 0x000000008000fed2 (0xfe043783) ld      a5, -32(s0)
core   0: 3 0x000000008000fed2 (0xfe043783) x15 0x0000000080012054 mem 0x0000000080031f50
core   0: 0x000000008000fed6 (0x00178713) addi    a4, a5, 1
core   0: 3 0x000000008000fed6 (0x00178713) x14 0x0000000080012055
core   0: 0x000000008000feda (0xfee43023) sd      a4, -32(s0)
core   0: 3 0x000000008000feda (0xfee43023) mem 0x0000000080031f50 0x0000000080012055
core   0: 0x000000008000fede (0xfc442703) lw      a4, -60(s0)
core   0: 3 0x000000008000fede (0xfc442703) x14 0x0000000000000000 mem 0x0000000080031f34
core   0: 0x000000008000fee2 (0x0ff77713) andi    a4, a4, 255
core   0: 3 0x000000008000fee2 (0x0ff77713) x14 0x0000000000000000
core   0: 0x000000008000fee6 (0x00e78023) sb      a4, 0(a5)
core   0: 3 0x000000008000fee6 (0x00e78023) mem 0x0000000080012054 0x00
core   0: 0x000000008000feea (0xfc843703) ld      a4, -56(s0)
core   0: 3 0x000000008000feea (0xfc843703) x14 0x0000000080012040 mem 0x0000000080031f38
core   0: 0x000000008000feee (0xfb843783) ld      a5, -72(s0)
core   0: 3 0x000000008000feee (0xfb843783) x15 0x000000000000009c mem 0x0000000080031f28
core   0: 0x000000008000fef2 (0x000097ba) c.add   a5, a4
core   0: 3 0x000000008000fef2 (0x97ba) x15 0x00000000800120dc
core   0: 0x000000008000fef4 (0xfe043703) ld      a4, -32(s0)
core   0: 3 0x000000008000fef4 (0xfe043703) x14 0x0000000080012055 mem 0x0000000080031f50
core   0: 0x000000008000fef8 (0xfcf76de3) bltu    a4, a5, pc - 38
core   0: 3 0x000000008000fef8 (0xfcf76de3)
core   0: 0x000000008000fed2 (0xfe043783) ld      a5, -32(s0)
core   0: 3 0x000000008000fed2 (0xfe043783) x15 0x0000000080012055 mem 0x0000000080031f50
core   0: 0x000000008000fed6 (0x00178713) addi    a4, a5, 1
core   0: 3 0x000000008000fed6 (0x00178713) x14 0x0000000080012056
core   0: 0x000000008000feda (0xfee43023) sd      a4, -32(s0)
core   0: 3 0x000000008000feda (0xfee43023) mem 0x0000000080031f50 0x0000000080012056
core   0: 0x000000008000fede (0xfc442703) lw      a4, -60(s0)
core   0: 3 0x000000008000fede (0xfc442703) x14 0x0000000000000000 mem 0x0000000080031f34
core   0: 0x000000008000fee2 (0x0ff77713) andi    a4, a4, 255
core   0: 3 0x000000008000fee2 (0x0ff77713) x14 0x0000000000000000
core   0: 0x000000008000fee6 (0x00e78023) sb      a4, 0(a5)
core   0: 3 0x000000008000fee6 (0x00e78023) mem 0x0000000080012055 0x00
core   0: 0x000000008000feea (0xfc843703) ld      a4, -56(s0)
core   0: 3 0x000000008000feea (0xfc843703) x14 0x0000000080012040 mem 0x0000000080031f38
core   0: 0x000000008000feee (0xfb843783) ld      a5, -72(s0)
core   0: 3 0x000000008000feee (0xfb843783) x15 0x000000000000009c mem 0x0000000080031f28
core   0: 0x000000008000fef2 (0x000097ba) c.add   a5, a4
core   0: 3 0x000000008000fef2 (0x97ba) x15 0x00000000800120dc
core   0: 0x000000008000fef4 (0xfe043703) ld      a4, -32(s0)
core   0: 3 0x000000008000fef4 (0xfe043703) x14 0x0000000080012056 mem 0x0000000080031f50
core   0: 0x000000008000fef8 (0xfcf76de3) bltu    a4, a5, pc - 38
core   0: 3 0x000000008000fef8 (0xfcf76de3)
core   0: 0x000000008000fed2 (0xfe043783) ld      a5, -32(s0)
core   0: 3 0x000000008000fed2 (0xfe043783) x15 0x0000000080012056 mem 0x0000000080031f50
core   0: 0x000000008000fed6 (0x00178713) addi    a4, a5, 1
core   0: 3 0x000000008000fed6 (0x00178713) x14 0x0000000080012057
core   0: 0x000000008000feda (0xfee43023) sd      a4, -32(s0)
core   0: 3 0x000000008000feda (0xfee43023) mem 0x0000000080031f50 0x0000000080012057
core   0: 0x000000008000fede (0xfc442703) lw      a4, -60(s0)
core   0: 3 0x000000008000fede (0xfc442703) x14 0x0000000000000000 mem 0x0000000080031f34
core   0: 0x000000008000fee2 (0x0ff77713) andi    a4, a4, 255
core   0: 3 0x000000008000fee2 (0x0ff77713) x14 0x0000000000000000
core   0: 0x000000008000fee6 (0x00e78023) sb      a4, 0(a5)
core   0: 3 0x000000008000fee6 (0x00e78023) mem 0x0000000080012056 0x00
core   0: 0x000000008000feea (0xfc843703) ld      a4, -56(s0)
core   0: 3 0x000000008000feea (0xfc843703) x14 0x0000000080012040 mem 0x0000000080031f38
core   0: 0x000000008000feee (0xfb843783) ld      a5, -72(s0)
core   0: 3 0x000000008000feee (0xfb843783) x15 0x000000000000009c mem 0x0000000080031f28
core   0: 0x000000008000fef2 (0x000097ba) c.add   a5, a4
core   0: 3 0x000000008000fef2 (0x97ba) x15 0x00000000800120dc
core   0: 0x000000008000fef4 (0xfe043703) ld      a4, -32(s0)
core   0: 3 0x000000008000fef4 (0xfe043703) x14 0x0000000080012057 mem 0x0000000080031f50
core   0: 0x000000008000fef8 (0xfcf76de3) bltu    a4, a5, pc - 38
core   0: 3 0x000000008000fef8 (0xfcf76de3)
core   0: 0x000000008000fed2 (0xfe043783) ld      a5, -32(s0)
core   0: 3 0x000000008000fed2 (0xfe043783) x15 0x0000000080012057 mem 0x0000000080031f50
core   0: 0x000000008000fed6 (0x00178713) addi    a4, a5, 1
core   0: 3 0x000000008000fed6 (0x00178713) x14 0x0000000080012058
core   0: 0x000000008000feda (0xfee43023) sd      a4, -32(s0)
core   0: 3 0x000000008000feda (0xfee43023) mem 0x0000000080031f50 0x0000000080012058
core   0: 0x000000008000fede (0xfc442703) lw      a4, -60(s0)
core   0: 3 0x000000008000fede (0xfc442703) x14 0x0000000000000000 mem 0x0000000080031f34
core   0: 0x000000008000fee2 (0x0ff77713) andi    a4, a4, 255
core   0: 3 0x000000008000fee2 (0x0ff77713) x14 0x0000000000000000
core   0: 0x000000008000fee6 (0x00e78023) sb      a4, 0(a5)
core   0: 3 0x000000008000fee6 (0x00e78023) mem 0x0000000080012057 0x00
core   0: 0x000000008000feea (0xfc843703) ld      a4, -56(s0)
core   0: 3 0x000000008000feea (0xfc843703) x14 0x0000000080012040 mem 0x0000000080031f38
core   0: 0x000000008000feee (0xfb843783) ld      a5, -72(s0)
core   0: 3 0x000000008000feee (0xfb843783) x15 0x000000000000009c mem 0x0000000080031f28
core   0: 0x000000008000fef2 (0x000097ba) c.add   a5, a4
core   0: 3 0x000000008000fef2 (0x97ba) x15 0x00000000800120dc
core   0: 0x000000008000fef4 (0xfe043703) ld      a4, -32(s0)
core   0: 3 0x000000008000fef4 (0xfe043703) x14 0x0000000080012058 mem 0x0000000080031f50
core   0: 0x000000008000fef8 (0xfcf76de3) bltu    a4, a5, pc - 38
core   0: 3 0x000000008000fef8 (0xfcf76de3)
core   0: 0x000000008000fed2 (0xfe043783) ld      a5, -32(s0)
core   0: 3 0x000000008000fed2 (0xfe043783) x15 0x0000000080012058 mem 0x0000000080031f50
core   0: 0x000000008000fed6 (0x00178713) addi    a4, a5, 1
core   0: 3 0x000000008000fed6 (0x00178713) x14 0x0000000080012059
core   0: 0x000000008000feda (0xfee43023) sd      a4, -32(s0)
core   0: 3 0x000000008000feda (0xfee43023) mem 0x0000000080031f50 0x0000000080012059
core   0: 0x000000008000fede (0xfc442703) lw      a4, -60(s0)
core   0: 3 0x000000008000fede (0xfc442703) x14 0x0000000000000000 mem 0x0000000080031f34
core   0: 0x000000008000fee2 (0x0ff77713) andi    a4, a4, 255
core   0: 3 0x000000008000fee2 (0x0ff77713) x14 0x0000000000000000
core   0: 0x000000008000fee6 (0x00e78023) sb      a4, 0(a5)
core   0: 3 0x000000008000fee6 (0x00e78023) mem 0x0000000080012058 0x00
core   0: 0x000000008000feea (0xfc843703) ld      a4, -56(s0)
core   0: 3 0x000000008000feea (0xfc843703) x14 0x0000000080012040 mem 0x0000000080031f38
core   0: 0x000000008000feee (0xfb843783) ld      a5, -72(s0)
core   0: 3 0x000000008000feee (0xfb843783) x15 0x000000000000009c mem 0x0000000080031f28
core   0: 0x000000008000fef2 (0x000097ba) c.add   a5, a4
core   0: 3 0x000000008000fef2 (0x97ba) x15 0x00000000800120dc
core   0: 0x000000008000fef4 (0xfe043703) ld      a4, -32(s0)
core   0: 3 0x000000008000fef4 (0xfe043703) x14 0x0000000080012059 mem 0x0000000080031f50
core   0: 0x000000008000fef8 (0xfcf76de3) bltu    a4, a5, pc - 38
core   0: 3 0x000000008000fef8 (0xfcf76de3)
core   0: 0x000000008000fed2 (0xfe043783) ld      a5, -32(s0)
core   0: 3 0x000000008000fed2 (0xfe043783) x15 0x0000000080012059 mem 0x0000000080031f50
core   0: 0x000000008000fed6 (0x00178713) addi    a4, a5, 1
core   0: 3 0x000000008000fed6 (0x00178713) x14 0x000000008001205a
core   0: 0x000000008000feda (0xfee43023) sd      a4, -32(s0)
core   0: 3 0x000000008000feda (0xfee43023) mem 0x0000000080031f50 0x000000008001205a
core   0: 0x000000008000fede (0xfc442703) lw      a4, -60(s0)
core   0: 3 0x000000008000fede (0xfc442703) x14 0x0000000000000000 mem 0x0000000080031f34
core   0: 0x000000008000fee2 (0x0ff77713) andi    a4, a4, 255
core   0: 3 0x000000008000fee2 (0x0ff77713) x14 0x0000000000000000
core   0: 0x000000008000fee6 (0x00e78023) sb      a4, 0(a5)
core   0: 3 0x000000008000fee6 (0x00e78023) mem 0x0000000080012059 0x00
core   0: 0x000000008000feea (0xfc843703) ld      a4, -56(s0)
core   0: 3 0x000000008000feea (0xfc843703) x14 0x0000000080012040 mem 0x0000000080031f38
core   0: 0x000000008000feee (0xfb843783) ld      a5, -72(s0)
core   0: 3 0x000000008000feee (0xfb843783) x15 0x000000000000009c mem 0x0000000080031f28
core   0: 0x000000008000fef2 (0x000097ba) c.add   a5, a4
core   0: 3 0x000000008000fef2 (0x97ba) x15 0x00000000800120dc
core   0: 0x000000008000fef4 (0xfe043703) ld      a4, -32(s0)
core   0: 3 0x000000008000fef4 (0xfe043703) x14 0x000000008001205a mem 0x0000000080031f50
core   0: 0x000000008000fef8 (0xfcf76de3) bltu    a4, a5, pc - 38
core   0: 3 0x000000008000fef8 (0xfcf76de3)
core   0: 0x000000008000fed2 (0xfe043783) ld      a5, -32(s0)
core   0: 3 0x000000008000fed2 (0xfe043783) x15 0x000000008001205a mem 0x0000000080031f50
core   0: 0x000000008000fed6 (0x00178713) addi    a4, a5, 1
core   0: 3 0x000000008000fed6 (0x00178713) x14 0x000000008001205b
core   0: 0x000000008000feda (0xfee43023) sd      a4, -32(s0)
core   0: 3 0x000000008000feda (0xfee43023) mem 0x0000000080031f50 0x000000008001205b
core   0: 0x000000008000fede (0xfc442703) lw      a4, -60(s0)
core   0: 3 0x000000008000fede (0xfc442703) x14 0x0000000000000000 mem 0x0000000080031f34
core   0: 0x000000008000fee2 (0x0ff77713) andi    a4, a4, 255
core   0: 3 0x000000008000fee2 (0x0ff77713) x14 0x0000000000000000
core   0: 0x000000008000fee6 (0x00e78023) sb      a4, 0(a5)
core   0: 3 0x000000008000fee6 (0x00e78023) mem 0x000000008001205a 0x00
core   0: 0x000000008000feea (0xfc843703) ld      a4, -56(s0)
core   0: 3 0x000000008000feea (0xfc843703) x14 0x0000000080012040 mem 0x0000000080031f38
core   0: 0x000000008000feee (0xfb843783) ld      a5, -72(s0)
core   0: 3 0x000000008000feee (0xfb843783) x15 0x000000000000009c mem 0x0000000080031f28
core   0: 0x000000008000fef2 (0x000097ba) c.add   a5, a4
core   0: 3 0x000000008000fef2 (0x97ba) x15 0x00000000800120dc
core   0: 0x000000008000fef4 (0xfe043703) ld      a4, -32(s0)
core   0: 3 0x000000008000fef4 (0xfe043703) x14 0x000000008001205b mem 0x0000000080031f50
core   0: 0x000000008000fef8 (0xfcf76de3) bltu    a4, a5, pc - 38
core   0: 3 0x000000008000fef8 (0xfcf76de3)
core   0: 0x000000008000fed2 (0xfe043783) ld      a5, -32(s0)
core   0: 3 0x000000008000fed2 (0xfe043783) x15 0x000000008001205b mem 0x0000000080031f50
core   0: 0x000000008000fed6 (0x00178713) addi    a4, a5, 1
core   0: 3 0x000000008000fed6 (0x00178713) x14 0x000000008001205c
core   0: 0x000000008000feda (0xfee43023) sd      a4, -32(s0)
core   0: 3 0x000000008000feda (0xfee43023) mem 0x0000000080031f50 0x000000008001205c
core   0: 0x000000008000fede (0xfc442703) lw      a4, -60(s0)
core   0: 3 0x000000008000fede (0xfc442703) x14 0x0000000000000000 mem 0x0000000080031f34
core   0: 0x000000008000fee2 (0x0ff77713) andi    a4, a4, 255
core   0: 3 0x000000008000fee2 (0x0ff77713) x14 0x0000000000000000
core   0: 0x000000008000fee6 (0x00e78023) sb      a4, 0(a5)
core   0: 3 0x000000008000fee6 (0x00e78023) mem 0x000000008001205b 0x00
core   0: 0x000000008000feea (0xfc843703) ld      a4, -56(s0)
core   0: 3 0x000000008000feea (0xfc843703) x14 0x0000000080012040 mem 0x0000000080031f38
core   0: 0x000000008000feee (0xfb843783) ld      a5, -72(s0)
core   0: 3 0x000000008000feee (0xfb843783) x15 0x000000000000009c mem 0x0000000080031f28
core   0: 0x000000008000fef2 (0x000097ba) c.add   a5, a4
core   0: 3 0x000000008000fef2 (0x97ba) x15 0x00000000800120dc
core   0: 0x000000008000fef4 (0xfe043703) ld      a4, -32(s0)
core   0: 3 0x000000008000fef4 (0xfe043703) x14 0x000000008001205c mem 0x0000000080031f50
core   0: 0x000000008000fef8 (0xfcf76de3) bltu    a4, a5, pc - 38
core   0: 3 0x000000008000fef8 (0xfcf76de3)
core   0: 0x000000008000fed2 (0xfe043783) ld      a5, -32(s0)
core   0: 3 0x000000008000fed2 (0xfe043783) x15 0x000000008001205c mem 0x0000000080031f50
core   0: 0x000000008000fed6 (0x00178713) addi    a4, a5, 1
core   0: 3 0x000000008000fed6 (0x00178713) x14 0x000000008001205d
core   0: 0x000000008000feda (0xfee43023) sd      a4, -32(s0)
core   0: 3 0x000000008000feda (0xfee43023) mem 0x0000000080031f50 0x000000008001205d
core   0: 0x000000008000fede (0xfc442703) lw      a4, -60(s0)
core   0: 3 0x000000008000fede (0xfc442703) x14 0x0000000000000000 mem 0x0000000080031f34
core   0: 0x000000008000fee2 (0x0ff77713) andi    a4, a4, 255
core   0: 3 0x000000008000fee2 (0x0ff77713) x14 0x0000000000000000
core   0: 0x000000008000fee6 (0x00e78023) sb      a4, 0(a5)
core   0: 3 0x000000008000fee6 (0x00e78023) mem 0x000000008001205c 0x00
core   0: 0x000000008000feea (0xfc843703) ld      a4, -56(s0)
core   0: 3 0x000000008000feea (0xfc843703) x14 0x0000000080012040 mem 0x0000000080031f38
core   0: 0x000000008000feee (0xfb843783) ld      a5, -72(s0)
core   0: 3 0x000000008000feee (0xfb843783) x15 0x000000000000009c mem 0x0000000080031f28
core   0: 0x000000008000fef2 (0x000097ba) c.add   a5, a4
core   0: 3 0x000000008000fef2 (0x97ba) x15 0x00000000800120dc
core   0: 0x000000008000fef4 (0xfe043703) ld      a4, -32(s0)
core   0: 3 0x000000008000fef4 (0xfe043703) x14 0x000000008001205d mem 0x0000000080031f50
core   0: 0x000000008000fef8 (0xfcf76de3) bltu    a4, a5, pc - 38
core   0: 3 0x000000008000fef8 (0xfcf76de3)
core   0: 0x000000008000fed2 (0xfe043783) ld      a5, -32(s0)
core   0: 3 0x000000008000fed2 (0xfe043783) x15 0x000000008001205d mem 0x0000000080031f50
core   0: 0x000000008000fed6 (0x00178713) addi    a4, a5, 1
core   0: 3 0x000000008000fed6 (0x00178713) x14 0x000000008001205e
core   0: 0x000000008000feda (0xfee43023) sd      a4, -32(s0)
core   0: 3 0x000000008000feda (0xfee43023) mem 0x0000000080031f50 0x000000008001205e
core   0: 0x000000008000fede (0xfc442703) lw      a4, -60(s0)
core   0: 3 0x000000008000fede (0xfc442703) x14 0x0000000000000000 mem 0x0000000080031f34
core   0: 0x000000008000fee2 (0x0ff77713) andi    a4, a4, 255
core   0: 3 0x000000008000fee2 (0x0ff77713) x14 0x0000000000000000
core   0: 0x000000008000fee6 (0x00e78023) sb      a4, 0(a5)
core   0: 3 0x000000008000fee6 (0x00e78023) mem 0x000000008001205d 0x00
core   0: 0x000000008000feea (0xfc843703) ld      a4, -56(s0)
core   0: 3 0x000000008000feea (0xfc843703) x14 0x0000000080012040 mem 0x0000000080031f38
core   0: 0x000000008000feee (0xfb843783) ld      a5, -72(s0)
core   0: 3 0x000000008000feee (0xfb843783) x15 0x000000000000009c mem 0x0000000080031f28
core   0: 0x000000008000fef2 (0x000097ba) c.add   a5, a4
core   0: 3 0x000000008000fef2 (0x97ba) x15 0x00000000800120dc
core   0: 0x000000008000fef4 (0xfe043703) ld      a4, -32(s0)
core   0: 3 0x000000008000fef4 (0xfe043703) x14 0x000000008001205e mem 0x0000000080031f50
core   0: 0x000000008000fef8 (0xfcf76de3) bltu    a4, a5, pc - 38
core   0: 3 0x000000008000fef8 (0xfcf76de3)
core   0: 0x000000008000fed2 (0xfe043783) ld      a5, -32(s0)
core   0: 3 0x000000008000fed2 (0xfe043783) x15 0x000000008001205e mem 0x0000000080031f50
core   0: 0x000000008000fed6 (0x00178713) addi    a4, a5, 1
core   0: 3 0x000000008000fed6 (0x00178713) x14 0x000000008001205f
core   0: 0x000000008000feda (0xfee43023) sd      a4, -32(s0)
core   0: 3 0x000000008000feda (0xfee43023) mem 0x0000000080031f50 0x000000008001205f
core   0: 0x000000008000fede (0xfc442703) lw      a4, -60(s0)
core   0: 3 0x000000008000fede (0xfc442703) x14 0x0000000000000000 mem 0x0000000080031f34
core   0: 0x000000008000fee2 (0x0ff77713) andi    a4, a4, 255
core   0: 3 0x000000008000fee2 (0x0ff77713) x14 0x0000000000000000
core   0: 0x000000008000fee6 (0x00e78023) sb      a4, 0(a5)
core   0: 3 0x000000008000fee6 (0x00e78023) mem 0x000000008001205e 0x00
core   0: 0x000000008000feea (0xfc843703) ld      a4, -56(s0)
core   0: 3 0x000000008000feea (0xfc843703) x14 0x0000000080012040 mem 0x0000000080031f38
core   0: 0x000000008000feee (0xfb843783) ld      a5, -72(s0)
core   0: 3 0x000000008000feee (0xfb843783) x15 0x000000000000009c mem 0x0000000080031f28
core   0: 0x000000008000fef2 (0x000097ba) c.add   a5, a4
core   0: 3 0x000000008000fef2 (0x97ba) x15 0x00000000800120dc
core   0: 0x000000008000fef4 (0xfe043703) ld      a4, -32(s0)
core   0: 3 0x000000008000fef4 (0xfe043703) x14 0x000000008001205f mem 0x0000000080031f50
core   0: 0x000000008000fef8 (0xfcf76de3) bltu    a4, a5, pc - 38
core   0: 3 0x000000008000fef8 (0xfcf76de3)
core   0: 0x000000008000fed2 (0xfe043783) ld      a5, -32(s0)
core   0: 3 0x000000008000fed2 (0xfe043783) x15 0x000000008001205f mem 0x0000000080031f50
core   0: 0x000000008000fed6 (0x00178713) addi    a4, a5, 1
core   0: 3 0x000000008000fed6 (0x00178713) x14 0x0000000080012060
core   0: 0x000000008000feda (0xfee43023) sd      a4, -32(s0)
core   0: 3 0x000000008000feda (0xfee43023) mem 0x0000000080031f50 0x0000000080012060
core   0: 0x000000008000fede (0xfc442703) lw      a4, -60(s0)
core   0: 3 0x000000008000fede (0xfc442703) x14 0x0000000000000000 mem 0x0000000080031f34
core   0: 0x000000008000fee2 (0x0ff77713) andi    a4, a4, 255
core   0: 3 0x000000008000fee2 (0x0ff77713) x14 0x0000000000000000
core   0: 0x000000008000fee6 (0x00e78023) sb      a4, 0(a5)
core   0: 3 0x000000008000fee6 (0x00e78023) mem 0x000000008001205f 0x00
core   0: 0x000000008000feea (0xfc843703) ld      a4, -56(s0)
core   0: 3 0x000000008000feea (0xfc843703) x14 0x0000000080012040 mem 0x0000000080031f38
core   0: 0x000000008000feee (0xfb843783) ld      a5, -72(s0)
core   0: 3 0x000000008000feee (0xfb843783) x15 0x000000000000009c mem 0x0000000080031f28
core   0: 0x000000008000fef2 (0x000097ba) c.add   a5, a4
core   0: 3 0x000000008000fef2 (0x97ba) x15 0x00000000800120dc
core   0: 0x000000008000fef4 (0xfe043703) ld      a4, -32(s0)
core   0: 3 0x000000008000fef4 (0xfe043703) x14 0x0000000080012060 mem 0x0000000080031f50
core   0: 0x000000008000fef8 (0xfcf76de3) bltu    a4, a5, pc - 38
core   0: 3 0x000000008000fef8 (0xfcf76de3)
core   0: 0x000000008000fed2 (0xfe043783) ld      a5, -32(s0)
core   0: 3 0x000000008000fed2 (0xfe043783) x15 0x0000000080012060 mem 0x0000000080031f50
core   0: 0x000000008000fed6 (0x00178713) addi    a4, a5, 1
core   0: 3 0x000000008000fed6 (0x00178713) x14 0x0000000080012061
core   0: 0x000000008000feda (0xfee43023) sd      a4, -32(s0)
core   0: 3 0x000000008000feda (0xfee43023) mem 0x0000000080031f50 0x0000000080012061
core   0: 0x000000008000fede (0xfc442703) lw      a4, -60(s0)
core   0: 3 0x000000008000fede (0xfc442703) x14 0x0000000000000000 mem 0x0000000080031f34
core   0: 0x000000008000fee2 (0x0ff77713) andi    a4, a4, 255
core   0: 3 0x000000008000fee2 (0x0ff77713) x14 0x0000000000000000
core   0: 0x000000008000fee6 (0x00e78023) sb      a4, 0(a5)
core   0: 3 0x000000008000fee6 (0x00e78023) mem 0x0000000080012060 0x00
core   0: 0x000000008000feea (0xfc843703) ld      a4, -56(s0)
core   0: 3 0x000000008000feea (0xfc843703) x14 0x0000000080012040 mem 0x0000000080031f38
core   0: 0x000000008000feee (0xfb843783) ld      a5, -72(s0)
core   0: 3 0x000000008000feee (0xfb843783) x15 0x000000000000009c mem 0x0000000080031f28
core   0: 0x000000008000fef2 (0x000097ba) c.add   a5, a4
core   0: 3 0x000000008000fef2 (0x97ba) x15 0x00000000800120dc
core   0: 0x000000008000fef4 (0xfe043703) ld      a4, -32(s0)
core   0: 3 0x000000008000fef4 (0xfe043703) x14 0x0000000080012061 mem 0x0000000080031f50
core   0: 0x000000008000fef8 (0xfcf76de3) bltu    a4, a5, pc - 38
core   0: 3 0x000000008000fef8 (0xfcf76de3)
core   0: 0x000000008000fed2 (0xfe043783) ld      a5, -32(s0)
core   0: 3 0x000000008000fed2 (0xfe043783) x15 0x0000000080012061 mem 0x0000000080031f50
core   0: 0x000000008000fed6 (0x00178713) addi    a4, a5, 1
core   0: 3 0x000000008000fed6 (0x00178713) x14 0x0000000080012062
core   0: 0x000000008000feda (0xfee43023) sd      a4, -32(s0)
core   0: 3 0x000000008000feda (0xfee43023) mem 0x0000000080031f50 0x0000000080012062
core   0: 0x000000008000fede (0xfc442703) lw      a4, -60(s0)
core   0: 3 0x000000008000fede (0xfc442703) x14 0x0000000000000000 mem 0x0000000080031f34
core   0: 0x000000008000fee2 (0x0ff77713) andi    a4, a4, 255
core   0: 3 0x000000008000fee2 (0x0ff77713) x14 0x0000000000000000
core   0: 0x000000008000fee6 (0x00e78023) sb      a4, 0(a5)
core   0: 3 0x000000008000fee6 (0x00e78023) mem 0x0000000080012061 0x00
core   0: 0x000000008000feea (0xfc843703) ld      a4, -56(s0)
core   0: 3 0x000000008000feea (0xfc843703) x14 0x0000000080012040 mem 0x0000000080031f38
core   0: 0x000000008000feee (0xfb843783) ld      a5, -72(s0)
core   0: 3 0x000000008000feee (0xfb843783) x15 0x000000000000009c mem 0x0000000080031f28
core   0: 0x000000008000fef2 (0x000097ba) c.add   a5, a4
core   0: 3 0x000000008000fef2 (0x97ba) x15 0x00000000800120dc
core   0: 0x000000008000fef4 (0xfe043703) ld      a4, -32(s0)
core   0: 3 0x000000008000fef4 (0xfe043703) x14 0x0000000080012062 mem 0x0000000080031f50
core   0: 0x000000008000fef8 (0xfcf76de3) bltu    a4, a5, pc - 38
core   0: 3 0x000000008000fef8 (0xfcf76de3)
core   0: 0x000000008000fed2 (0xfe043783) ld      a5, -32(s0)
core   0: 3 0x000000008000fed2 (0xfe043783) x15 0x0000000080012062 mem 0x0000000080031f50
core   0: 0x000000008000fed6 (0x00178713) addi    a4, a5, 1
core   0: 3 0x000000008000fed6 (0x00178713) x14 0x0000000080012063
core   0: 0x000000008000feda (0xfee43023) sd      a4, -32(s0)
core   0: 3 0x000000008000feda (0xfee43023) mem 0x0000000080031f50 0x0000000080012063
core   0: 0x000000008000fede (0xfc442703) lw      a4, -60(s0)
core   0: 3 0x000000008000fede (0xfc442703) x14 0x0000000000000000 mem 0x0000000080031f34
core   0: 0x000000008000fee2 (0x0ff77713) andi    a4, a4, 255
core   0: 3 0x000000008000fee2 (0x0ff77713) x14 0x0000000000000000
core   0: 0x000000008000fee6 (0x00e78023) sb      a4, 0(a5)
core   0: 3 0x000000008000fee6 (0x00e78023) mem 0x0000000080012062 0x00
core   0: 0x000000008000feea (0xfc843703) ld      a4, -56(s0)
core   0: 3 0x000000008000feea (0xfc843703) x14 0x0000000080012040 mem 0x0000000080031f38
core   0: 0x000000008000feee (0xfb843783) ld      a5, -72(s0)
core   0: 3 0x000000008000feee (0xfb843783) x15 0x000000000000009c mem 0x0000000080031f28
core   0: 0x000000008000fef2 (0x000097ba) c.add   a5, a4
core   0: 3 0x000000008000fef2 (0x97ba) x15 0x00000000800120dc
core   0: 0x000000008000fef4 (0xfe043703) ld      a4, -32(s0)
core   0: 3 0x000000008000fef4 (0xfe043703) x14 0x0000000080012063 mem 0x0000000080031f50
core   0: 0x000000008000fef8 (0xfcf76de3) bltu    a4, a5, pc - 38
core   0: 3 0x000000008000fef8 (0xfcf76de3)
core   0: 0x000000008000fed2 (0xfe043783) ld      a5, -32(s0)
core   0: 3 0x000000008000fed2 (0xfe043783) x15 0x0000000080012063 mem 0x0000000080031f50
core   0: 0x000000008000fed6 (0x00178713) addi    a4, a5, 1
core   0: 3 0x000000008000fed6 (0x00178713) x14 0x0000000080012064
core   0: 0x000000008000feda (0xfee43023) sd      a4, -32(s0)
core   0: 3 0x000000008000feda (0xfee43023) mem 0x0000000080031f50 0x0000000080012064
core   0: 0x000000008000fede (0xfc442703) lw      a4, -60(s0)
core   0: 3 0x000000008000fede (0xfc442703) x14 0x0000000000000000 mem 0x0000000080031f34
core   0: 0x000000008000fee2 (0x0ff77713) andi    a4, a4, 255
core   0: 3 0x000000008000fee2 (0x0ff77713) x14 0x0000000000000000
core   0: 0x000000008000fee6 (0x00e78023) sb      a4, 0(a5)
core   0: 3 0x000000008000fee6 (0x00e78023) mem 0x0000000080012063 0x00
core   0: 0x000000008000feea (0xfc843703) ld      a4, -56(s0)
core   0: 3 0x000000008000feea (0xfc843703) x14 0x0000000080012040 mem 0x0000000080031f38
core   0: 0x000000008000feee (0xfb843783) ld      a5, -72(s0)
core   0: 3 0x000000008000feee (0xfb843783) x15 0x000000000000009c mem 0x0000000080031f28
core   0: 0x000000008000fef2 (0x000097ba) c.add   a5, a4
core   0: 3 0x000000008000fef2 (0x97ba) x15 0x00000000800120dc
core   0: 0x000000008000fef4 (0xfe043703) ld      a4, -32(s0)
core   0: 3 0x000000008000fef4 (0xfe043703) x14 0x0000000080012064 mem 0x0000000080031f50
core   0: 0x000000008000fef8 (0xfcf76de3) bltu    a4, a5, pc - 38
core   0: 3 0x000000008000fef8 (0xfcf76de3)
core   0: 0x000000008000fed2 (0xfe043783) ld      a5, -32(s0)
core   0: 3 0x000000008000fed2 (0xfe043783) x15 0x0000000080012064 mem 0x0000000080031f50
core   0: 0x000000008000fed6 (0x00178713) addi    a4, a5, 1
core   0: 3 0x000000008000fed6 (0x00178713) x14 0x0000000080012065
core   0: 0x000000008000feda (0xfee43023) sd      a4, -32(s0)
core   0: 3 0x000000008000feda (0xfee43023) mem 0x0000000080031f50 0x0000000080012065
core   0: 0x000000008000fede (0xfc442703) lw      a4, -60(s0)
core   0: 3 0x000000008000fede (0xfc442703) x14 0x0000000000000000 mem 0x0000000080031f34
core   0: 0x000000008000fee2 (0x0ff77713) andi    a4, a4, 255
core   0: 3 0x000000008000fee2 (0x0ff77713) x14 0x0000000000000000
core   0: 0x000000008000fee6 (0x00e78023) sb      a4, 0(a5)
core   0: 3 0x000000008000fee6 (0x00e78023) mem 0x0000000080012064 0x00
core   0: 0x000000008000feea (0xfc843703) ld      a4, -56(s0)
core   0: 3 0x000000008000feea (0xfc843703) x14 0x0000000080012040 mem 0x0000000080031f38
core   0: 0x000000008000feee (0xfb843783) ld      a5, -72(s0)
core   0: 3 0x000000008000feee (0xfb843783) x15 0x000000000000009c mem 0x0000000080031f28
core   0: 0x000000008000fef2 (0x000097ba) c.add   a5, a4
core   0: 3 0x000000008000fef2 (0x97ba) x15 0x00000000800120dc
core   0: 0x000000008000fef4 (0xfe043703) ld      a4, -32(s0)
core   0: 3 0x000000008000fef4 (0xfe043703) x14 0x0000000080012065 mem 0x0000000080031f50
core   0: 0x000000008000fef8 (0xfcf76de3) bltu    a4, a5, pc - 38
core   0: 3 0x000000008000fef8 (0xfcf76de3)
core   0: 0x000000008000fed2 (0xfe043783) ld      a5, -32(s0)
core   0: 3 0x000000008000fed2 (0xfe043783) x15 0x0000000080012065 mem 0x0000000080031f50
core   0: 0x000000008000fed6 (0x00178713) addi    a4, a5, 1
core   0: 3 0x000000008000fed6 (0x00178713) x14 0x0000000080012066
core   0: 0x000000008000feda (0xfee43023) sd      a4, -32(s0)
core   0: 3 0x000000008000feda (0xfee43023) mem 0x0000000080031f50 0x0000000080012066
core   0: 0x000000008000fede (0xfc442703) lw      a4, -60(s0)
core   0: 3 0x000000008000fede (0xfc442703) x14 0x0000000000000000 mem 0x0000000080031f34
core   0: 0x000000008000fee2 (0x0ff77713) andi    a4, a4, 255
core   0: 3 0x000000008000fee2 (0x0ff77713) x14 0x0000000000000000
core   0: 0x000000008000fee6 (0x00e78023) sb      a4, 0(a5)
core   0: 3 0x000000008000fee6 (0x00e78023) mem 0x0000000080012065 0x00
core   0: 0x000000008000feea (0xfc843703) ld      a4, -56(s0)
core   0: 3 0x000000008000feea (0xfc843703) x14 0x0000000080012040 mem 0x0000000080031f38
core   0: 0x000000008000feee (0xfb843783) ld      a5, -72(s0)
core   0: 3 0x000000008000feee (0xfb843783) x15 0x000000000000009c mem 0x0000000080031f28
core   0: 0x000000008000fef2 (0x000097ba) c.add   a5, a4
core   0: 3 0x000000008000fef2 (0x97ba) x15 0x00000000800120dc
core   0: 0x000000008000fef4 (0xfe043703) ld      a4, -32(s0)
core   0: 3 0x000000008000fef4 (0xfe043703) x14 0x0000000080012066 mem 0x0000000080031f50
core   0: 0x000000008000fef8 (0xfcf76de3) bltu    a4, a5, pc - 38
core   0: 3 0x000000008000fef8 (0xfcf76de3)
core   0: 0x000000008000fed2 (0xfe043783) ld      a5, -32(s0)
core   0: 3 0x000000008000fed2 (0xfe043783) x15 0x0000000080012066 mem 0x0000000080031f50
core   0: 0x000000008000fed6 (0x00178713) addi    a4, a5, 1
core   0: 3 0x000000008000fed6 (0x00178713) x14 0x0000000080012067
core   0: 0x000000008000feda (0xfee43023) sd      a4, -32(s0)
core   0: 3 0x000000008000feda (0xfee43023) mem 0x0000000080031f50 0x0000000080012067
core   0: 0x000000008000fede (0xfc442703) lw      a4, -60(s0)
core   0: 3 0x000000008000fede (0xfc442703) x14 0x0000000000000000 mem 0x0000000080031f34
core   0: 0x000000008000fee2 (0x0ff77713) andi    a4, a4, 255
core   0: 3 0x000000008000fee2 (0x0ff77713) x14 0x0000000000000000
core   0: 0x000000008000fee6 (0x00e78023) sb      a4, 0(a5)
core   0: 3 0x000000008000fee6 (0x00e78023) mem 0x0000000080012066 0x00
core   0: 0x000000008000feea (0xfc843703) ld      a4, -56(s0)
core   0: 3 0x000000008000feea (0xfc843703) x14 0x0000000080012040 mem 0x0000000080031f38
core   0: 0x000000008000feee (0xfb843783) ld      a5, -72(s0)
core   0: 3 0x000000008000feee (0xfb843783) x15 0x000000000000009c mem 0x0000000080031f28
core   0: 0x000000008000fef2 (0x000097ba) c.add   a5, a4
core   0: 3 0x000000008000fef2 (0x97ba) x15 0x00000000800120dc
core   0: 0x000000008000fef4 (0xfe043703) ld      a4, -32(s0)
core   0: 3 0x000000008000fef4 (0xfe043703) x14 0x0000000080012067 mem 0x0000000080031f50
core   0: 0x000000008000fef8 (0xfcf76de3) bltu    a4, a5, pc - 38
core   0: 3 0x000000008000fef8 (0xfcf76de3)
core   0: 0x000000008000fed2 (0xfe043783) ld      a5, -32(s0)
core   0: 3 0x000000008000fed2 (0xfe043783) x15 0x0000000080012067 mem 0x0000000080031f50
core   0: 0x000000008000fed6 (0x00178713) addi    a4, a5, 1
core   0: 3 0x000000008000fed6 (0x00178713) x14 0x0000000080012068
core   0: 0x000000008000feda (0xfee43023) sd      a4, -32(s0)
core   0: 3 0x000000008000feda (0xfee43023) mem 0x0000000080031f50 0x0000000080012068
core   0: 0x000000008000fede (0xfc442703) lw      a4, -60(s0)
core   0: 3 0x000000008000fede (0xfc442703) x14 0x0000000000000000 mem 0x0000000080031f34
core   0: 0x000000008000fee2 (0x0ff77713) andi    a4, a4, 255
core   0: 3 0x000000008000fee2 (0x0ff77713) x14 0x0000000000000000
core   0: 0x000000008000fee6 (0x00e78023) sb      a4, 0(a5)
core   0: 3 0x000000008000fee6 (0x00e78023) mem 0x0000000080012067 0x00
core   0: 0x000000008000feea (0xfc843703) ld      a4, -56(s0)
core   0: 3 0x000000008000feea (0xfc843703) x14 0x0000000080012040 mem 0x0000000080031f38
core   0: 0x000000008000feee (0xfb843783) ld      a5, -72(s0)
core   0: 3 0x000000008000feee (0xfb843783) x15 0x000000000000009c mem 0x0000000080031f28
core   0: 0x000000008000fef2 (0x000097ba) c.add   a5, a4
core   0: 3 0x000000008000fef2 (0x97ba) x15 0x00000000800120dc
core   0: 0x000000008000fef4 (0xfe043703) ld      a4, -32(s0)
core   0: 3 0x000000008000fef4 (0xfe043703) x14 0x0000000080012068 mem 0x0000000080031f50
core   0: 0x000000008000fef8 (0xfcf76de3) bltu    a4, a5, pc - 38
core   0: 3 0x000000008000fef8 (0xfcf76de3)
core   0: 0x000000008000fed2 (0xfe043783) ld      a5, -32(s0)
core   0: 3 0x000000008000fed2 (0xfe043783) x15 0x0000000080012068 mem 0x0000000080031f50
core   0: 0x000000008000fed6 (0x00178713) addi    a4, a5, 1
core   0: 3 0x000000008000fed6 (0x00178713) x14 0x0000000080012069
core   0: 0x000000008000feda (0xfee43023) sd      a4, -32(s0)
core   0: 3 0x000000008000feda (0xfee43023) mem 0x0000000080031f50 0x0000000080012069
core   0: 0x000000008000fede (0xfc442703) lw      a4, -60(s0)
core   0: 3 0x000000008000fede (0xfc442703) x14 0x0000000000000000 mem 0x0000000080031f34
core   0: 0x000000008000fee2 (0x0ff77713) andi    a4, a4, 255
core   0: 3 0x000000008000fee2 (0x0ff77713) x14 0x0000000000000000
core   0: 0x000000008000fee6 (0x00e78023) sb      a4, 0(a5)
core   0: 3 0x000000008000fee6 (0x00e78023) mem 0x0000000080012068 0x00
core   0: 0x000000008000feea (0xfc843703) ld      a4, -56(s0)
core   0: 3 0x000000008000feea (0xfc843703) x14 0x0000000080012040 mem 0x0000000080031f38
core   0: 0x000000008000feee (0xfb843783) ld      a5, -72(s0)
core   0: 3 0x000000008000feee (0xfb843783) x15 0x000000000000009c mem 0x0000000080031f28
core   0: 0x000000008000fef2 (0x000097ba) c.add   a5, a4
core   0: 3 0x000000008000fef2 (0x97ba) x15 0x00000000800120dc
core   0: 0x000000008000fef4 (0xfe043703) ld      a4, -32(s0)
core   0: 3 0x000000008000fef4 (0xfe043703) x14 0x0000000080012069 mem 0x0000000080031f50
core   0: 0x000000008000fef8 (0xfcf76de3) bltu    a4, a5, pc - 38
core   0: 3 0x000000008000fef8 (0xfcf76de3)
core   0: 0x000000008000fed2 (0xfe043783) ld      a5, -32(s0)
core   0: 3 0x000000008000fed2 (0xfe043783) x15 0x0000000080012069 mem 0x0000000080031f50
core   0: 0x000000008000fed6 (0x00178713) addi    a4, a5, 1
core   0: 3 0x000000008000fed6 (0x00178713) x14 0x000000008001206a
core   0: 0x000000008000feda (0xfee43023) sd      a4, -32(s0)
core   0: 3 0x000000008000feda (0xfee43023) mem 0x0000000080031f50 0x000000008001206a
core   0: 0x000000008000fede (0xfc442703) lw      a4, -60(s0)
core   0: 3 0x000000008000fede (0xfc442703) x14 0x0000000000000000 mem 0x0000000080031f34
core   0: 0x000000008000fee2 (0x0ff77713) andi    a4, a4, 255
core   0: 3 0x000000008000fee2 (0x0ff77713) x14 0x0000000000000000
core   0: 0x000000008000fee6 (0x00e78023) sb      a4, 0(a5)
core   0: 3 0x000000008000fee6 (0x00e78023) mem 0x0000000080012069 0x00
core   0: 0x000000008000feea (0xfc843703) ld      a4, -56(s0)
core   0: 3 0x000000008000feea (0xfc843703) x14 0x0000000080012040 mem 0x0000000080031f38
core   0: 0x000000008000feee (0xfb843783) ld      a5, -72(s0)
core   0: 3 0x000000008000feee (0xfb843783) x15 0x000000000000009c mem 0x0000000080031f28
core   0: 0x000000008000fef2 (0x000097ba) c.add   a5, a4
core   0: 3 0x000000008000fef2 (0x97ba) x15 0x00000000800120dc
core   0: 0x000000008000fef4 (0xfe043703) ld      a4, -32(s0)
core   0: 3 0x000000008000fef4 (0xfe043703) x14 0x000000008001206a mem 0x0000000080031f50
core   0: 0x000000008000fef8 (0xfcf76de3) bltu    a4, a5, pc - 38
core   0: 3 0x000000008000fef8 (0xfcf76de3)
core   0: 0x000000008000fed2 (0xfe043783) ld      a5, -32(s0)
core   0: 3 0x000000008000fed2 (0xfe043783) x15 0x000000008001206a mem 0x0000000080031f50
core   0: 0x000000008000fed6 (0x00178713) addi    a4, a5, 1
core   0: 3 0x000000008000fed6 (0x00178713) x14 0x000000008001206b
core   0: 0x000000008000feda (0xfee43023) sd      a4, -32(s0)
core   0: 3 0x000000008000feda (0xfee43023) mem 0x0000000080031f50 0x000000008001206b
core   0: 0x000000008000fede (0xfc442703) lw      a4, -60(s0)
core   0: 3 0x000000008000fede (0xfc442703) x14 0x0000000000000000 mem 0x0000000080031f34
core   0: 0x000000008000fee2 (0x0ff77713) andi    a4, a4, 255
core   0: 3 0x000000008000fee2 (0x0ff77713) x14 0x0000000000000000
core   0: 0x000000008000fee6 (0x00e78023) sb      a4, 0(a5)
core   0: 3 0x000000008000fee6 (0x00e78023) mem 0x000000008001206a 0x00
core   0: 0x000000008000feea (0xfc843703) ld      a4, -56(s0)
core   0: 3 0x000000008000feea (0xfc843703) x14 0x0000000080012040 mem 0x0000000080031f38
core   0: 0x000000008000feee (0xfb843783) ld      a5, -72(s0)
core   0: 3 0x000000008000feee (0xfb843783) x15 0x000000000000009c mem 0x0000000080031f28
core   0: 0x000000008000fef2 (0x000097ba) c.add   a5, a4
core   0: 3 0x000000008000fef2 (0x97ba) x15 0x00000000800120dc
core   0: 0x000000008000fef4 (0xfe043703) ld      a4, -32(s0)
core   0: 3 0x000000008000fef4 (0xfe043703) x14 0x000000008001206b mem 0x0000000080031f50
core   0: 0x000000008000fef8 (0xfcf76de3) bltu    a4, a5, pc - 38
core   0: 3 0x000000008000fef8 (0xfcf76de3)
core   0: 0x000000008000fed2 (0xfe043783) ld      a5, -32(s0)
core   0: 3 0x000000008000fed2 (0xfe043783) x15 0x000000008001206b mem 0x0000000080031f50
core   0: 0x000000008000fed6 (0x00178713) addi    a4, a5, 1
core   0: 3 0x000000008000fed6 (0x00178713) x14 0x000000008001206c
core   0: 0x000000008000feda (0xfee43023) sd      a4, -32(s0)
core   0: 3 0x000000008000feda (0xfee43023) mem 0x0000000080031f50 0x000000008001206c
core   0: 0x000000008000fede (0xfc442703) lw      a4, -60(s0)
core   0: 3 0x000000008000fede (0xfc442703) x14 0x0000000000000000 mem 0x0000000080031f34
core   0: 0x000000008000fee2 (0x0ff77713) andi    a4, a4, 255
core   0: 3 0x000000008000fee2 (0x0ff77713) x14 0x0000000000000000
core   0: 0x000000008000fee6 (0x00e78023) sb      a4, 0(a5)
core   0: 3 0x000000008000fee6 (0x00e78023) mem 0x000000008001206b 0x00
core   0: 0x000000008000feea (0xfc843703) ld      a4, -56(s0)
core   0: 3 0x000000008000feea (0xfc843703) x14 0x0000000080012040 mem 0x0000000080031f38
core   0: 0x000000008000feee (0xfb843783) ld      a5, -72(s0)
core   0: 3 0x000000008000feee (0xfb843783) x15 0x000000000000009c mem 0x0000000080031f28
core   0: 0x000000008000fef2 (0x000097ba) c.add   a5, a4
core   0: 3 0x000000008000fef2 (0x97ba) x15 0x00000000800120dc
core   0: 0x000000008000fef4 (0xfe043703) ld      a4, -32(s0)
core   0: 3 0x000000008000fef4 (0xfe043703) x14 0x000000008001206c mem 0x0000000080031f50
core   0: 0x000000008000fef8 (0xfcf76de3) bltu    a4, a5, pc - 38
core   0: 3 0x000000008000fef8 (0xfcf76de3)
core   0: 0x000000008000fed2 (0xfe043783) ld      a5, -32(s0)
core   0: 3 0x000000008000fed2 (0xfe043783) x15 0x000000008001206c mem 0x0000000080031f50
core   0: 0x000000008000fed6 (0x00178713) addi    a4, a5, 1
core   0: 3 0x000000008000fed6 (0x00178713) x14 0x000000008001206d
core   0: 0x000000008000feda (0xfee43023) sd      a4, -32(s0)
core   0: 3 0x000000008000feda (0xfee43023) mem 0x0000000080031f50 0x000000008001206d
core   0: 0x000000008000fede (0xfc442703) lw      a4, -60(s0)
core   0: 3 0x000000008000fede (0xfc442703) x14 0x0000000000000000 mem 0x0000000080031f34
core   0: 0x000000008000fee2 (0x0ff77713) andi    a4, a4, 255
core   0: 3 0x000000008000fee2 (0x0ff77713) x14 0x0000000000000000
core   0: 0x000000008000fee6 (0x00e78023) sb      a4, 0(a5)
core   0: 3 0x000000008000fee6 (0x00e78023) mem 0x000000008001206c 0x00
core   0: 0x000000008000feea (0xfc843703) ld      a4, -56(s0)
core   0: 3 0x000000008000feea (0xfc843703) x14 0x0000000080012040 mem 0x0000000080031f38
core   0: 0x000000008000feee (0xfb843783) ld      a5, -72(s0)
core   0: 3 0x000000008000feee (0xfb843783) x15 0x000000000000009c mem 0x0000000080031f28
core   0: 0x000000008000fef2 (0x000097ba) c.add   a5, a4
core   0: 3 0x000000008000fef2 (0x97ba) x15 0x00000000800120dc
core   0: 0x000000008000fef4 (0xfe043703) ld      a4, -32(s0)
core   0: 3 0x000000008000fef4 (0xfe043703) x14 0x000000008001206d mem 0x0000000080031f50
core   0: 0x000000008000fef8 (0xfcf76de3) bltu    a4, a5, pc - 38
core   0: 3 0x000000008000fef8 (0xfcf76de3)
core   0: 0x000000008000fed2 (0xfe043783) ld      a5, -32(s0)
core   0: 3 0x000000008000fed2 (0xfe043783) x15 0x000000008001206d mem 0x0000000080031f50
core   0: 0x000000008000fed6 (0x00178713) addi    a4, a5, 1
core   0: 3 0x000000008000fed6 (0x00178713) x14 0x000000008001206e
core   0: 0x000000008000feda (0xfee43023) sd      a4, -32(s0)
core   0: 3 0x000000008000feda (0xfee43023) mem 0x0000000080031f50 0x000000008001206e
core   0: 0x000000008000fede (0xfc442703) lw      a4, -60(s0)
core   0: 3 0x000000008000fede (0xfc442703) x14 0x0000000000000000 mem 0x0000000080031f34
core   0: 0x000000008000fee2 (0x0ff77713) andi    a4, a4, 255
core   0: 3 0x000000008000fee2 (0x0ff77713) x14 0x0000000000000000
core   0: 0x000000008000fee6 (0x00e78023) sb      a4, 0(a5)
core   0: 3 0x000000008000fee6 (0x00e78023) mem 0x000000008001206d 0x00
core   0: 0x000000008000feea (0xfc843703) ld      a4, -56(s0)
core   0: 3 0x000000008000feea (0xfc843703) x14 0x0000000080012040 mem 0x0000000080031f38
core   0: 0x000000008000feee (0xfb843783) ld      a5, -72(s0)
core   0: 3 0x000000008000feee (0xfb843783) x15 0x000000000000009c mem 0x0000000080031f28
core   0: 0x000000008000fef2 (0x000097ba) c.add   a5, a4
core   0: 3 0x000000008000fef2 (0x97ba) x15 0x00000000800120dc
core   0: 0x000000008000fef4 (0xfe043703) ld      a4, -32(s0)
core   0: 3 0x000000008000fef4 (0xfe043703) x14 0x000000008001206e mem 0x0000000080031f50
core   0: 0x000000008000fef8 (0xfcf76de3) bltu    a4, a5, pc - 38
core   0: 3 0x000000008000fef8 (0xfcf76de3)
core   0: 0x000000008000fed2 (0xfe043783) ld      a5, -32(s0)
core   0: 3 0x000000008000fed2 (0xfe043783) x15 0x000000008001206e mem 0x0000000080031f50
core   0: 0x000000008000fed6 (0x00178713) addi    a4, a5, 1
core   0: 3 0x000000008000fed6 (0x00178713) x14 0x000000008001206f
core   0: 0x000000008000feda (0xfee43023) sd      a4, -32(s0)
core   0: 3 0x000000008000feda (0xfee43023) mem 0x0000000080031f50 0x000000008001206f
core   0: 0x000000008000fede (0xfc442703) lw      a4, -60(s0)
core   0: 3 0x000000008000fede (0xfc442703) x14 0x0000000000000000 mem 0x0000000080031f34
core   0: 0x000000008000fee2 (0x0ff77713) andi    a4, a4, 255
core   0: 3 0x000000008000fee2 (0x0ff77713) x14 0x0000000000000000
core   0: 0x000000008000fee6 (0x00e78023) sb      a4, 0(a5)
core   0: 3 0x000000008000fee6 (0x00e78023) mem 0x000000008001206e 0x00
core   0: 0x000000008000feea (0xfc843703) ld      a4, -56(s0)
core   0: 3 0x000000008000feea (0xfc843703) x14 0x0000000080012040 mem 0x0000000080031f38
core   0: 0x000000008000feee (0xfb843783) ld      a5, -72(s0)
core   0: 3 0x000000008000feee (0xfb843783) x15 0x000000000000009c mem 0x0000000080031f28
core   0: 0x000000008000fef2 (0x000097ba) c.add   a5, a4
core   0: 3 0x000000008000fef2 (0x97ba) x15 0x00000000800120dc
core   0: 0x000000008000fef4 (0xfe043703) ld      a4, -32(s0)
core   0: 3 0x000000008000fef4 (0xfe043703) x14 0x000000008001206f mem 0x0000000080031f50
core   0: 0x000000008000fef8 (0xfcf76de3) bltu    a4, a5, pc - 38
core   0: 3 0x000000008000fef8 (0xfcf76de3)
core   0: 0x000000008000fed2 (0xfe043783) ld      a5, -32(s0)
core   0: 3 0x000000008000fed2 (0xfe043783) x15 0x000000008001206f mem 0x0000000080031f50
core   0: 0x000000008000fed6 (0x00178713) addi    a4, a5, 1
core   0: 3 0x000000008000fed6 (0x00178713) x14 0x0000000080012070
core   0: 0x000000008000feda (0xfee43023) sd      a4, -32(s0)
core   0: 3 0x000000008000feda (0xfee43023) mem 0x0000000080031f50 0x0000000080012070
core   0: 0x000000008000fede (0xfc442703) lw      a4, -60(s0)
core   0: 3 0x000000008000fede (0xfc442703) x14 0x0000000000000000 mem 0x0000000080031f34
core   0: 0x000000008000fee2 (0x0ff77713) andi    a4, a4, 255
core   0: 3 0x000000008000fee2 (0x0ff77713) x14 0x0000000000000000
core   0: 0x000000008000fee6 (0x00e78023) sb      a4, 0(a5)
core   0: 3 0x000000008000fee6 (0x00e78023) mem 0x000000008001206f 0x00
core   0: 0x000000008000feea (0xfc843703) ld      a4, -56(s0)
core   0: 3 0x000000008000feea (0xfc843703) x14 0x0000000080012040 mem 0x0000000080031f38
core   0: 0x000000008000feee (0xfb843783) ld      a5, -72(s0)
core   0: 3 0x000000008000feee (0xfb843783) x15 0x000000000000009c mem 0x0000000080031f28
core   0: 0x000000008000fef2 (0x000097ba) c.add   a5, a4
core   0: 3 0x000000008000fef2 (0x97ba) x15 0x00000000800120dc
core   0: 0x000000008000fef4 (0xfe043703) ld      a4, -32(s0)
core   0: 3 0x000000008000fef4 (0xfe043703) x14 0x0000000080012070 mem 0x0000000080031f50
core   0: 0x000000008000fef8 (0xfcf76de3) bltu    a4, a5, pc - 38
core   0: 3 0x000000008000fef8 (0xfcf76de3)
core   0: 0x000000008000fed2 (0xfe043783) ld      a5, -32(s0)
core   0: 3 0x000000008000fed2 (0xfe043783) x15 0x0000000080012070 mem 0x0000000080031f50
core   0: 0x000000008000fed6 (0x00178713) addi    a4, a5, 1
core   0: 3 0x000000008000fed6 (0x00178713) x14 0x0000000080012071
core   0: 0x000000008000feda (0xfee43023) sd      a4, -32(s0)
core   0: 3 0x000000008000feda (0xfee43023) mem 0x0000000080031f50 0x0000000080012071
core   0: 0x000000008000fede (0xfc442703) lw      a4, -60(s0)
core   0: 3 0x000000008000fede (0xfc442703) x14 0x0000000000000000 mem 0x0000000080031f34
core   0: 0x000000008000fee2 (0x0ff77713) andi    a4, a4, 255
core   0: 3 0x000000008000fee2 (0x0ff77713) x14 0x0000000000000000
core   0: 0x000000008000fee6 (0x00e78023) sb      a4, 0(a5)
core   0: 3 0x000000008000fee6 (0x00e78023) mem 0x0000000080012070 0x00
core   0: 0x000000008000feea (0xfc843703) ld      a4, -56(s0)
core   0: 3 0x000000008000feea (0xfc843703) x14 0x0000000080012040 mem 0x0000000080031f38
core   0: 0x000000008000feee (0xfb843783) ld      a5, -72(s0)
core   0: 3 0x000000008000feee (0xfb843783) x15 0x000000000000009c mem 0x0000000080031f28
core   0: 0x000000008000fef2 (0x000097ba) c.add   a5, a4
core   0: 3 0x000000008000fef2 (0x97ba) x15 0x00000000800120dc
core   0: 0x000000008000fef4 (0xfe043703) ld      a4, -32(s0)
core   0: 3 0x000000008000fef4 (0xfe043703) x14 0x0000000080012071 mem 0x0000000080031f50
core   0: 0x000000008000fef8 (0xfcf76de3) bltu    a4, a5, pc - 38
core   0: 3 0x000000008000fef8 (0xfcf76de3)
core   0: 0x000000008000fed2 (0xfe043783) ld      a5, -32(s0)
core   0: 3 0x000000008000fed2 (0xfe043783) x15 0x0000000080012071 mem 0x0000000080031f50
core   0: 0x000000008000fed6 (0x00178713) addi    a4, a5, 1
core   0: 3 0x000000008000fed6 (0x00178713) x14 0x0000000080012072
core   0: 0x000000008000feda (0xfee43023) sd      a4, -32(s0)
core   0: 3 0x000000008000feda (0xfee43023) mem 0x0000000080031f50 0x0000000080012072
core   0: 0x000000008000fede (0xfc442703) lw      a4, -60(s0)
core   0: 3 0x000000008000fede (0xfc442703) x14 0x0000000000000000 mem 0x0000000080031f34
core   0: 0x000000008000fee2 (0x0ff77713) andi    a4, a4, 255
core   0: 3 0x000000008000fee2 (0x0ff77713) x14 0x0000000000000000
core   0: 0x000000008000fee6 (0x00e78023) sb      a4, 0(a5)
core   0: 3 0x000000008000fee6 (0x00e78023) mem 0x0000000080012071 0x00
core   0: 0x000000008000feea (0xfc843703) ld      a4, -56(s0)
core   0: 3 0x000000008000feea (0xfc843703) x14 0x0000000080012040 mem 0x0000000080031f38
core   0: 0x000000008000feee (0xfb843783) ld      a5, -72(s0)
core   0: 3 0x000000008000feee (0xfb843783) x15 0x000000000000009c mem 0x0000000080031f28
core   0: 0x000000008000fef2 (0x000097ba) c.add   a5, a4
core   0: 3 0x000000008000fef2 (0x97ba) x15 0x00000000800120dc
core   0: 0x000000008000fef4 (0xfe043703) ld      a4, -32(s0)
core   0: 3 0x000000008000fef4 (0xfe043703) x14 0x0000000080012072 mem 0x0000000080031f50
core   0: 0x000000008000fef8 (0xfcf76de3) bltu    a4, a5, pc - 38
core   0: 3 0x000000008000fef8 (0xfcf76de3)
core   0: 0x000000008000fed2 (0xfe043783) ld      a5, -32(s0)
core   0: 3 0x000000008000fed2 (0xfe043783) x15 0x0000000080012072 mem 0x0000000080031f50
core   0: 0x000000008000fed6 (0x00178713) addi    a4, a5, 1
core   0: 3 0x000000008000fed6 (0x00178713) x14 0x0000000080012073
core   0: 0x000000008000feda (0xfee43023) sd      a4, -32(s0)
core   0: 3 0x000000008000feda (0xfee43023) mem 0x0000000080031f50 0x0000000080012073
core   0: 0x000000008000fede (0xfc442703) lw      a4, -60(s0)
core   0: 3 0x000000008000fede (0xfc442703) x14 0x0000000000000000 mem 0x0000000080031f34
core   0: 0x000000008000fee2 (0x0ff77713) andi    a4, a4, 255
core   0: 3 0x000000008000fee2 (0x0ff77713) x14 0x0000000000000000
core   0: 0x000000008000fee6 (0x00e78023) sb      a4, 0(a5)
core   0: 3 0x000000008000fee6 (0x00e78023) mem 0x0000000080012072 0x00
core   0: 0x000000008000feea (0xfc843703) ld      a4, -56(s0)
core   0: 3 0x000000008000feea (0xfc843703) x14 0x0000000080012040 mem 0x0000000080031f38
core   0: 0x000000008000feee (0xfb843783) ld      a5, -72(s0)
core   0: 3 0x000000008000feee (0xfb843783) x15 0x000000000000009c mem 0x0000000080031f28
core   0: 0x000000008000fef2 (0x000097ba) c.add   a5, a4
core   0: 3 0x000000008000fef2 (0x97ba) x15 0x00000000800120dc
core   0: 0x000000008000fef4 (0xfe043703) ld      a4, -32(s0)
core   0: 3 0x000000008000fef4 (0xfe043703) x14 0x0000000080012073 mem 0x0000000080031f50
core   0: 0x000000008000fef8 (0xfcf76de3) bltu    a4, a5, pc - 38
core   0: 3 0x000000008000fef8 (0xfcf76de3)
core   0: 0x000000008000fed2 (0xfe043783) ld      a5, -32(s0)
core   0: 3 0x000000008000fed2 (0xfe043783) x15 0x0000000080012073 mem 0x0000000080031f50
core   0: 0x000000008000fed6 (0x00178713) addi    a4, a5, 1
core   0: 3 0x000000008000fed6 (0x00178713) x14 0x0000000080012074
core   0: 0x000000008000feda (0xfee43023) sd      a4, -32(s0)
core   0: 3 0x000000008000feda (0xfee43023) mem 0x0000000080031f50 0x0000000080012074
core   0: 0x000000008000fede (0xfc442703) lw      a4, -60(s0)
core   0: 3 0x000000008000fede (0xfc442703) x14 0x0000000000000000 mem 0x0000000080031f34
core   0: 0x000000008000fee2 (0x0ff77713) andi    a4, a4, 255
core   0: 3 0x000000008000fee2 (0x0ff77713) x14 0x0000000000000000
core   0: 0x000000008000fee6 (0x00e78023) sb      a4, 0(a5)
core   0: 3 0x000000008000fee6 (0x00e78023) mem 0x0000000080012073 0x00
core   0: 0x000000008000feea (0xfc843703) ld      a4, -56(s0)
core   0: 3 0x000000008000feea (0xfc843703) x14 0x0000000080012040 mem 0x0000000080031f38
core   0: 0x000000008000feee (0xfb843783) ld      a5, -72(s0)
core   0: 3 0x000000008000feee (0xfb843783) x15 0x000000000000009c mem 0x0000000080031f28
core   0: 0x000000008000fef2 (0x000097ba) c.add   a5, a4
core   0: 3 0x000000008000fef2 (0x97ba) x15 0x00000000800120dc
core   0: 0x000000008000fef4 (0xfe043703) ld      a4, -32(s0)
core   0: 3 0x000000008000fef4 (0xfe043703) x14 0x0000000080012074 mem 0x0000000080031f50
core   0: 0x000000008000fef8 (0xfcf76de3) bltu    a4, a5, pc - 38
core   0: 3 0x000000008000fef8 (0xfcf76de3)
core   0: 0x000000008000fed2 (0xfe043783) ld      a5, -32(s0)
core   0: 3 0x000000008000fed2 (0xfe043783) x15 0x0000000080012074 mem 0x0000000080031f50
core   0: 0x000000008000fed6 (0x00178713) addi    a4, a5, 1
core   0: 3 0x000000008000fed6 (0x00178713) x14 0x0000000080012075
core   0: 0x000000008000feda (0xfee43023) sd      a4, -32(s0)
core   0: 3 0x000000008000feda (0xfee43023) mem 0x0000000080031f50 0x0000000080012075
core   0: 0x000000008000fede (0xfc442703) lw      a4, -60(s0)
core   0: 3 0x000000008000fede (0xfc442703) x14 0x0000000000000000 mem 0x0000000080031f34
core   0: 0x000000008000fee2 (0x0ff77713) andi    a4, a4, 255
core   0: 3 0x000000008000fee2 (0x0ff77713) x14 0x0000000000000000
core   0: 0x000000008000fee6 (0x00e78023) sb      a4, 0(a5)
core   0: 3 0x000000008000fee6 (0x00e78023) mem 0x0000000080012074 0x00
core   0: 0x000000008000feea (0xfc843703) ld      a4, -56(s0)
core   0: 3 0x000000008000feea (0xfc843703) x14 0x0000000080012040 mem 0x0000000080031f38
core   0: 0x000000008000feee (0xfb843783) ld      a5, -72(s0)
core   0: 3 0x000000008000feee (0xfb843783) x15 0x000000000000009c mem 0x0000000080031f28
core   0: 0x000000008000fef2 (0x000097ba) c.add   a5, a4
core   0: 3 0x000000008000fef2 (0x97ba) x15 0x00000000800120dc
core   0: 0x000000008000fef4 (0xfe043703) ld      a4, -32(s0)
core   0: 3 0x000000008000fef4 (0xfe043703) x14 0x0000000080012075 mem 0x0000000080031f50
core   0: 0x000000008000fef8 (0xfcf76de3) bltu    a4, a5, pc - 38
core   0: 3 0x000000008000fef8 (0xfcf76de3)
core   0: 0x000000008000fed2 (0xfe043783) ld      a5, -32(s0)
core   0: 3 0x000000008000fed2 (0xfe043783) x15 0x0000000080012075 mem 0x0000000080031f50
core   0: 0x000000008000fed6 (0x00178713) addi    a4, a5, 1
core   0: 3 0x000000008000fed6 (0x00178713) x14 0x0000000080012076
core   0: 0x000000008000feda (0xfee43023) sd      a4, -32(s0)
core   0: 3 0x000000008000feda (0xfee43023) mem 0x0000000080031f50 0x0000000080012076
core   0: 0x000000008000fede (0xfc442703) lw      a4, -60(s0)
core   0: 3 0x000000008000fede (0xfc442703) x14 0x0000000000000000 mem 0x0000000080031f34
core   0: 0x000000008000fee2 (0x0ff77713) andi    a4, a4, 255
core   0: 3 0x000000008000fee2 (0x0ff77713) x14 0x0000000000000000
core   0: 0x000000008000fee6 (0x00e78023) sb      a4, 0(a5)
core   0: 3 0x000000008000fee6 (0x00e78023) mem 0x0000000080012075 0x00
core   0: 0x000000008000feea (0xfc843703) ld      a4, -56(s0)
core   0: 3 0x000000008000feea (0xfc843703) x14 0x0000000080012040 mem 0x0000000080031f38
core   0: 0x000000008000feee (0xfb843783) ld      a5, -72(s0)
core   0: 3 0x000000008000feee (0xfb843783) x15 0x000000000000009c mem 0x0000000080031f28
core   0: 0x000000008000fef2 (0x000097ba) c.add   a5, a4
core   0: 3 0x000000008000fef2 (0x97ba) x15 0x00000000800120dc
core   0: 0x000000008000fef4 (0xfe043703) ld      a4, -32(s0)
core   0: 3 0x000000008000fef4 (0xfe043703) x14 0x0000000080012076 mem 0x0000000080031f50
core   0: 0x000000008000fef8 (0xfcf76de3) bltu    a4, a5, pc - 38
core   0: 3 0x000000008000fef8 (0xfcf76de3)
core   0: 0x000000008000fed2 (0xfe043783) ld      a5, -32(s0)
core   0: 3 0x000000008000fed2 (0xfe043783) x15 0x0000000080012076 mem 0x0000000080031f50
core   0: 0x000000008000fed6 (0x00178713) addi    a4, a5, 1
core   0: 3 0x000000008000fed6 (0x00178713) x14 0x0000000080012077
core   0: 0x000000008000feda (0xfee43023) sd      a4, -32(s0)
core   0: 3 0x000000008000feda (0xfee43023) mem 0x0000000080031f50 0x0000000080012077
core   0: 0x000000008000fede (0xfc442703) lw      a4, -60(s0)
core   0: 3 0x000000008000fede (0xfc442703) x14 0x0000000000000000 mem 0x0000000080031f34
core   0: 0x000000008000fee2 (0x0ff77713) andi    a4, a4, 255
core   0: 3 0x000000008000fee2 (0x0ff77713) x14 0x0000000000000000
core   0: 0x000000008000fee6 (0x00e78023) sb      a4, 0(a5)
core   0: 3 0x000000008000fee6 (0x00e78023) mem 0x0000000080012076 0x00
core   0: 0x000000008000feea (0xfc843703) ld      a4, -56(s0)
core   0: 3 0x000000008000feea (0xfc843703) x14 0x0000000080012040 mem 0x0000000080031f38
core   0: 0x000000008000feee (0xfb843783) ld      a5, -72(s0)
core   0: 3 0x000000008000feee (0xfb843783) x15 0x000000000000009c mem 0x0000000080031f28
core   0: 0x000000008000fef2 (0x000097ba) c.add   a5, a4
core   0: 3 0x000000008000fef2 (0x97ba) x15 0x00000000800120dc
core   0: 0x000000008000fef4 (0xfe043703) ld      a4, -32(s0)
core   0: 3 0x000000008000fef4 (0xfe043703) x14 0x0000000080012077 mem 0x0000000080031f50
core   0: 0x000000008000fef8 (0xfcf76de3) bltu    a4, a5, pc - 38
core   0: 3 0x000000008000fef8 (0xfcf76de3)
core   0: 0x000000008000fed2 (0xfe043783) ld      a5, -32(s0)
core   0: 3 0x000000008000fed2 (0xfe043783) x15 0x0000000080012077 mem 0x0000000080031f50
core   0: 0x000000008000fed6 (0x00178713) addi    a4, a5, 1
core   0: 3 0x000000008000fed6 (0x00178713) x14 0x0000000080012078
core   0: 0x000000008000feda (0xfee43023) sd      a4, -32(s0)
core   0: 3 0x000000008000feda (0xfee43023) mem 0x0000000080031f50 0x0000000080012078
core   0: 0x000000008000fede (0xfc442703) lw      a4, -60(s0)
core   0: 3 0x000000008000fede (0xfc442703) x14 0x0000000000000000 mem 0x0000000080031f34
core   0: 0x000000008000fee2 (0x0ff77713) andi    a4, a4, 255
core   0: 3 0x000000008000fee2 (0x0ff77713) x14 0x0000000000000000
core   0: 0x000000008000fee6 (0x00e78023) sb      a4, 0(a5)
core   0: 3 0x000000008000fee6 (0x00e78023) mem 0x0000000080012077 0x00
core   0: 0x000000008000feea (0xfc843703) ld      a4, -56(s0)
core   0: 3 0x000000008000feea (0xfc843703) x14 0x0000000080012040 mem 0x0000000080031f38
core   0: 0x000000008000feee (0xfb843783) ld      a5, -72(s0)
core   0: 3 0x000000008000feee (0xfb843783) x15 0x000000000000009c mem 0x0000000080031f28
core   0: 0x000000008000fef2 (0x000097ba) c.add   a5, a4
core   0: 3 0x000000008000fef2 (0x97ba) x15 0x00000000800120dc
core   0: 0x000000008000fef4 (0xfe043703) ld      a4, -32(s0)
core   0: 3 0x000000008000fef4 (0xfe043703) x14 0x0000000080012078 mem 0x0000000080031f50
core   0: 0x000000008000fef8 (0xfcf76de3) bltu    a4, a5, pc - 38
core   0: 3 0x000000008000fef8 (0xfcf76de3)
core   0: 0x000000008000fed2 (0xfe043783) ld      a5, -32(s0)
core   0: 3 0x000000008000fed2 (0xfe043783) x15 0x0000000080012078 mem 0x0000000080031f50
core   0: 0x000000008000fed6 (0x00178713) addi    a4, a5, 1
core   0: 3 0x000000008000fed6 (0x00178713) x14 0x0000000080012079
core   0: 0x000000008000feda (0xfee43023) sd      a4, -32(s0)
core   0: 3 0x000000008000feda (0xfee43023) mem 0x0000000080031f50 0x0000000080012079
core   0: 0x000000008000fede (0xfc442703) lw      a4, -60(s0)
core   0: 3 0x000000008000fede (0xfc442703) x14 0x0000000000000000 mem 0x0000000080031f34
core   0: 0x000000008000fee2 (0x0ff77713) andi    a4, a4, 255
core   0: 3 0x000000008000fee2 (0x0ff77713) x14 0x0000000000000000
core   0: 0x000000008000fee6 (0x00e78023) sb      a4, 0(a5)
core   0: 3 0x000000008000fee6 (0x00e78023) mem 0x0000000080012078 0x00
core   0: 0x000000008000feea (0xfc843703) ld      a4, -56(s0)
core   0: 3 0x000000008000feea (0xfc843703) x14 0x0000000080012040 mem 0x0000000080031f38
core   0: 0x000000008000feee (0xfb843783) ld      a5, -72(s0)
core   0: 3 0x000000008000feee (0xfb843783) x15 0x000000000000009c mem 0x0000000080031f28
core   0: 0x000000008000fef2 (0x000097ba) c.add   a5, a4
core   0: 3 0x000000008000fef2 (0x97ba) x15 0x00000000800120dc
core   0: 0x000000008000fef4 (0xfe043703) ld      a4, -32(s0)
core   0: 3 0x000000008000fef4 (0xfe043703) x14 0x0000000080012079 mem 0x0000000080031f50
core   0: 0x000000008000fef8 (0xfcf76de3) bltu    a4, a5, pc - 38
core   0: 3 0x000000008000fef8 (0xfcf76de3)
core   0: 0x000000008000fed2 (0xfe043783) ld      a5, -32(s0)
core   0: 3 0x000000008000fed2 (0xfe043783) x15 0x0000000080012079 mem 0x0000000080031f50
core   0: 0x000000008000fed6 (0x00178713) addi    a4, a5, 1
core   0: 3 0x000000008000fed6 (0x00178713) x14 0x000000008001207a
core   0: 0x000000008000feda (0xfee43023) sd      a4, -32(s0)
core   0: 3 0x000000008000feda (0xfee43023) mem 0x0000000080031f50 0x000000008001207a
core   0: 0x000000008000fede (0xfc442703) lw      a4, -60(s0)
core   0: 3 0x000000008000fede (0xfc442703) x14 0x0000000000000000 mem 0x0000000080031f34
core   0: 0x000000008000fee2 (0x0ff77713) andi    a4, a4, 255
core   0: 3 0x000000008000fee2 (0x0ff77713) x14 0x0000000000000000
core   0: 0x000000008000fee6 (0x00e78023) sb      a4, 0(a5)
core   0: 3 0x000000008000fee6 (0x00e78023) mem 0x0000000080012079 0x00
core   0: 0x000000008000feea (0xfc843703) ld      a4, -56(s0)
core   0: 3 0x000000008000feea (0xfc843703) x14 0x0000000080012040 mem 0x0000000080031f38
core   0: 0x000000008000feee (0xfb843783) ld      a5, -72(s0)
core   0: 3 0x000000008000feee (0xfb843783) x15 0x000000000000009c mem 0x0000000080031f28
core   0: 0x000000008000fef2 (0x000097ba) c.add   a5, a4
core   0: 3 0x000000008000fef2 (0x97ba) x15 0x00000000800120dc
core   0: 0x000000008000fef4 (0xfe043703) ld      a4, -32(s0)
core   0: 3 0x000000008000fef4 (0xfe043703) x14 0x000000008001207a mem 0x0000000080031f50
core   0: 0x000000008000fef8 (0xfcf76de3) bltu    a4, a5, pc - 38
core   0: 3 0x000000008000fef8 (0xfcf76de3)
core   0: 0x000000008000fed2 (0xfe043783) ld      a5, -32(s0)
core   0: 3 0x000000008000fed2 (0xfe043783) x15 0x000000008001207a mem 0x0000000080031f50
core   0: 0x000000008000fed6 (0x00178713) addi    a4, a5, 1
core   0: 3 0x000000008000fed6 (0x00178713) x14 0x000000008001207b
core   0: 0x000000008000feda (0xfee43023) sd      a4, -32(s0)
core   0: 3 0x000000008000feda (0xfee43023) mem 0x0000000080031f50 0x000000008001207b
core   0: 0x000000008000fede (0xfc442703) lw      a4, -60(s0)
core   0: 3 0x000000008000fede (0xfc442703) x14 0x0000000000000000 mem 0x0000000080031f34
core   0: 0x000000008000fee2 (0x0ff77713) andi    a4, a4, 255
core   0: 3 0x000000008000fee2 (0x0ff77713) x14 0x0000000000000000
core   0: 0x000000008000fee6 (0x00e78023) sb      a4, 0(a5)
core   0: 3 0x000000008000fee6 (0x00e78023) mem 0x000000008001207a 0x00
core   0: 0x000000008000feea (0xfc843703) ld      a4, -56(s0)
core   0: 3 0x000000008000feea (0xfc843703) x14 0x0000000080012040 mem 0x0000000080031f38
core   0: 0x000000008000feee (0xfb843783) ld      a5, -72(s0)
core   0: 3 0x000000008000feee (0xfb843783) x15 0x000000000000009c mem 0x0000000080031f28
core   0: 0x000000008000fef2 (0x000097ba) c.add   a5, a4
core   0: 3 0x000000008000fef2 (0x97ba) x15 0x00000000800120dc
core   0: 0x000000008000fef4 (0xfe043703) ld      a4, -32(s0)
core   0: 3 0x000000008000fef4 (0xfe043703) x14 0x000000008001207b mem 0x0000000080031f50
core   0: 0x000000008000fef8 (0xfcf76de3) bltu    a4, a5, pc - 38
core   0: 3 0x000000008000fef8 (0xfcf76de3)
core   0: 0x000000008000fed2 (0xfe043783) ld      a5, -32(s0)
core   0: 3 0x000000008000fed2 (0xfe043783) x15 0x000000008001207b mem 0x0000000080031f50
core   0: 0x000000008000fed6 (0x00178713) addi    a4, a5, 1
core   0: 3 0x000000008000fed6 (0x00178713) x14 0x000000008001207c
core   0: 0x000000008000feda (0xfee43023) sd      a4, -32(s0)
core   0: 3 0x000000008000feda (0xfee43023) mem 0x0000000080031f50 0x000000008001207c
core   0: 0x000000008000fede (0xfc442703) lw      a4, -60(s0)
core   0: 3 0x000000008000fede (0xfc442703) x14 0x0000000000000000 mem 0x0000000080031f34
core   0: 0x000000008000fee2 (0x0ff77713) andi    a4, a4, 255
core   0: 3 0x000000008000fee2 (0x0ff77713) x14 0x0000000000000000
core   0: 0x000000008000fee6 (0x00e78023) sb      a4, 0(a5)
core   0: 3 0x000000008000fee6 (0x00e78023) mem 0x000000008001207b 0x00
core   0: 0x000000008000feea (0xfc843703) ld      a4, -56(s0)
core   0: 3 0x000000008000feea (0xfc843703) x14 0x0000000080012040 mem 0x0000000080031f38
core   0: 0x000000008000feee (0xfb843783) ld      a5, -72(s0)
core   0: 3 0x000000008000feee (0xfb843783) x15 0x000000000000009c mem 0x0000000080031f28
core   0: 0x000000008000fef2 (0x000097ba) c.add   a5, a4
core   0: 3 0x000000008000fef2 (0x97ba) x15 0x00000000800120dc
core   0: 0x000000008000fef4 (0xfe043703) ld      a4, -32(s0)
core   0: 3 0x000000008000fef4 (0xfe043703) x14 0x000000008001207c mem 0x0000000080031f50
core   0: 0x000000008000fef8 (0xfcf76de3) bltu    a4, a5, pc - 38
core   0: 3 0x000000008000fef8 (0xfcf76de3)
core   0: 0x000000008000fed2 (0xfe043783) ld      a5, -32(s0)
core   0: 3 0x000000008000fed2 (0xfe043783) x15 0x000000008001207c mem 0x0000000080031f50
core   0: 0x000000008000fed6 (0x00178713) addi    a4, a5, 1
core   0: 3 0x000000008000fed6 (0x00178713) x14 0x000000008001207d
core   0: 0x000000008000feda (0xfee43023) sd      a4, -32(s0)
core   0: 3 0x000000008000feda (0xfee43023) mem 0x0000000080031f50 0x000000008001207d
core   0: 0x000000008000fede (0xfc442703) lw      a4, -60(s0)
core   0: 3 0x000000008000fede (0xfc442703) x14 0x0000000000000000 mem 0x0000000080031f34
core   0: 0x000000008000fee2 (0x0ff77713) andi    a4, a4, 255
core   0: 3 0x000000008000fee2 (0x0ff77713) x14 0x0000000000000000
core   0: 0x000000008000fee6 (0x00e78023) sb      a4, 0(a5)
core   0: 3 0x000000008000fee6 (0x00e78023) mem 0x000000008001207c 0x00
core   0: 0x000000008000feea (0xfc843703) ld      a4, -56(s0)
core   0: 3 0x000000008000feea (0xfc843703) x14 0x0000000080012040 mem 0x0000000080031f38
core   0: 0x000000008000feee (0xfb843783) ld      a5, -72(s0)
core   0: 3 0x000000008000feee (0xfb843783) x15 0x000000000000009c mem 0x0000000080031f28
core   0: 0x000000008000fef2 (0x000097ba) c.add   a5, a4
core   0: 3 0x000000008000fef2 (0x97ba) x15 0x00000000800120dc
core   0: 0x000000008000fef4 (0xfe043703) ld      a4, -32(s0)
core   0: 3 0x000000008000fef4 (0xfe043703) x14 0x000000008001207d mem 0x0000000080031f50
core   0: 0x000000008000fef8 (0xfcf76de3) bltu    a4, a5, pc - 38
core   0: 3 0x000000008000fef8 (0xfcf76de3)
core   0: 0x000000008000fed2 (0xfe043783) ld      a5, -32(s0)
core   0: 3 0x000000008000fed2 (0xfe043783) x15 0x000000008001207d mem 0x0000000080031f50
core   0: 0x000000008000fed6 (0x00178713) addi    a4, a5, 1
core   0: 3 0x000000008000fed6 (0x00178713) x14 0x000000008001207e
core   0: 0x000000008000feda (0xfee43023) sd      a4, -32(s0)
core   0: 3 0x000000008000feda (0xfee43023) mem 0x0000000080031f50 0x000000008001207e
core   0: 0x000000008000fede (0xfc442703) lw      a4, -60(s0)
core   0: 3 0x000000008000fede (0xfc442703) x14 0x0000000000000000 mem 0x0000000080031f34
core   0: 0x000000008000fee2 (0x0ff77713) andi    a4, a4, 255
core   0: 3 0x000000008000fee2 (0x0ff77713) x14 0x0000000000000000
core   0: 0x000000008000fee6 (0x00e78023) sb      a4, 0(a5)
core   0: 3 0x000000008000fee6 (0x00e78023) mem 0x000000008001207d 0x00
core   0: 0x000000008000feea (0xfc843703) ld      a4, -56(s0)
core   0: 3 0x000000008000feea (0xfc843703) x14 0x0000000080012040 mem 0x0000000080031f38
core   0: 0x000000008000feee (0xfb843783) ld      a5, -72(s0)
core   0: 3 0x000000008000feee (0xfb843783) x15 0x000000000000009c mem 0x0000000080031f28
core   0: 0x000000008000fef2 (0x000097ba) c.add   a5, a4
core   0: 3 0x000000008000fef2 (0x97ba) x15 0x00000000800120dc
core   0: 0x000000008000fef4 (0xfe043703) ld      a4, -32(s0)
core   0: 3 0x000000008000fef4 (0xfe043703) x14 0x000000008001207e mem 0x0000000080031f50
core   0: 0x000000008000fef8 (0xfcf76de3) bltu    a4, a5, pc - 38
core   0: 3 0x000000008000fef8 (0xfcf76de3)
core   0: 0x000000008000fed2 (0xfe043783) ld      a5, -32(s0)
core   0: 3 0x000000008000fed2 (0xfe043783) x15 0x000000008001207e mem 0x0000000080031f50
core   0: 0x000000008000fed6 (0x00178713) addi    a4, a5, 1
core   0: 3 0x000000008000fed6 (0x00178713) x14 0x000000008001207f
core   0: 0x000000008000feda (0xfee43023) sd      a4, -32(s0)
core   0: 3 0x000000008000feda (0xfee43023) mem 0x0000000080031f50 0x000000008001207f
core   0: 0x000000008000fede (0xfc442703) lw      a4, -60(s0)
core   0: 3 0x000000008000fede (0xfc442703) x14 0x0000000000000000 mem 0x0000000080031f34
core   0: 0x000000008000fee2 (0x0ff77713) andi    a4, a4, 255
core   0: 3 0x000000008000fee2 (0x0ff77713) x14 0x0000000000000000
core   0: 0x000000008000fee6 (0x00e78023) sb      a4, 0(a5)
core   0: 3 0x000000008000fee6 (0x00e78023) mem 0x000000008001207e 0x00
core   0: 0x000000008000feea (0xfc843703) ld      a4, -56(s0)
core   0: 3 0x000000008000feea (0xfc843703) x14 0x0000000080012040 mem 0x0000000080031f38
core   0: 0x000000008000feee (0xfb843783) ld      a5, -72(s0)
core   0: 3 0x000000008000feee (0xfb843783) x15 0x000000000000009c mem 0x0000000080031f28
core   0: 0x000000008000fef2 (0x000097ba) c.add   a5, a4
core   0: 3 0x000000008000fef2 (0x97ba) x15 0x00000000800120dc
core   0: 0x000000008000fef4 (0xfe043703) ld      a4, -32(s0)
core   0: 3 0x000000008000fef4 (0xfe043703) x14 0x000000008001207f mem 0x0000000080031f50
core   0: 0x000000008000fef8 (0xfcf76de3) bltu    a4, a5, pc - 38
core   0: 3 0x000000008000fef8 (0xfcf76de3)
core   0: 0x000000008000fed2 (0xfe043783) ld      a5, -32(s0)
core   0: 3 0x000000008000fed2 (0xfe043783) x15 0x000000008001207f mem 0x0000000080031f50
core   0: 0x000000008000fed6 (0x00178713) addi    a4, a5, 1
core   0: 3 0x000000008000fed6 (0x00178713) x14 0x0000000080012080
core   0: 0x000000008000feda (0xfee43023) sd      a4, -32(s0)
core   0: 3 0x000000008000feda (0xfee43023) mem 0x0000000080031f50 0x0000000080012080
core   0: 0x000000008000fede (0xfc442703) lw      a4, -60(s0)
core   0: 3 0x000000008000fede (0xfc442703) x14 0x0000000000000000 mem 0x0000000080031f34
core   0: 0x000000008000fee2 (0x0ff77713) andi    a4, a4, 255
core   0: 3 0x000000008000fee2 (0x0ff77713) x14 0x0000000000000000
core   0: 0x000000008000fee6 (0x00e78023) sb      a4, 0(a5)
core   0: 3 0x000000008000fee6 (0x00e78023) mem 0x000000008001207f 0x00
core   0: 0x000000008000feea (0xfc843703) ld      a4, -56(s0)
core   0: 3 0x000000008000feea (0xfc843703) x14 0x0000000080012040 mem 0x0000000080031f38
core   0: 0x000000008000feee (0xfb843783) ld      a5, -72(s0)
core   0: 3 0x000000008000feee (0xfb843783) x15 0x000000000000009c mem 0x0000000080031f28
core   0: 0x000000008000fef2 (0x000097ba) c.add   a5, a4
core   0: 3 0x000000008000fef2 (0x97ba) x15 0x00000000800120dc
core   0: 0x000000008000fef4 (0xfe043703) ld      a4, -32(s0)
core   0: 3 0x000000008000fef4 (0xfe043703) x14 0x0000000080012080 mem 0x0000000080031f50
core   0: 0x000000008000fef8 (0xfcf76de3) bltu    a4, a5, pc - 38
core   0: 3 0x000000008000fef8 (0xfcf76de3)
core   0: 0x000000008000fed2 (0xfe043783) ld      a5, -32(s0)
core   0: 3 0x000000008000fed2 (0xfe043783) x15 0x0000000080012080 mem 0x0000000080031f50
core   0: 0x000000008000fed6 (0x00178713) addi    a4, a5, 1
core   0: 3 0x000000008000fed6 (0x00178713) x14 0x0000000080012081
core   0: 0x000000008000feda (0xfee43023) sd      a4, -32(s0)
core   0: 3 0x000000008000feda (0xfee43023) mem 0x0000000080031f50 0x0000000080012081
core   0: 0x000000008000fede (0xfc442703) lw      a4, -60(s0)
core   0: 3 0x000000008000fede (0xfc442703) x14 0x0000000000000000 mem 0x0000000080031f34
core   0: 0x000000008000fee2 (0x0ff77713) andi    a4, a4, 255
core   0: 3 0x000000008000fee2 (0x0ff77713) x14 0x0000000000000000
core   0: 0x000000008000fee6 (0x00e78023) sb      a4, 0(a5)
core   0: 3 0x000000008000fee6 (0x00e78023) mem 0x0000000080012080 0x00
core   0: 0x000000008000feea (0xfc843703) ld      a4, -56(s0)
core   0: 3 0x000000008000feea (0xfc843703) x14 0x0000000080012040 mem 0x0000000080031f38
core   0: 0x000000008000feee (0xfb843783) ld      a5, -72(s0)
core   0: 3 0x000000008000feee (0xfb843783) x15 0x000000000000009c mem 0x0000000080031f28
core   0: 0x000000008000fef2 (0x000097ba) c.add   a5, a4
core   0: 3 0x000000008000fef2 (0x97ba) x15 0x00000000800120dc
core   0: 0x000000008000fef4 (0xfe043703) ld      a4, -32(s0)
core   0: 3 0x000000008000fef4 (0xfe043703) x14 0x0000000080012081 mem 0x0000000080031f50
core   0: 0x000000008000fef8 (0xfcf76de3) bltu    a4, a5, pc - 38
core   0: 3 0x000000008000fef8 (0xfcf76de3)
core   0: 0x000000008000fed2 (0xfe043783) ld      a5, -32(s0)
core   0: 3 0x000000008000fed2 (0xfe043783) x15 0x0000000080012081 mem 0x0000000080031f50
core   0: 0x000000008000fed6 (0x00178713) addi    a4, a5, 1
core   0: 3 0x000000008000fed6 (0x00178713) x14 0x0000000080012082
core   0: 0x000000008000feda (0xfee43023) sd      a4, -32(s0)
core   0: 3 0x000000008000feda (0xfee43023) mem 0x0000000080031f50 0x0000000080012082
core   0: 0x000000008000fede (0xfc442703) lw      a4, -60(s0)
core   0: 3 0x000000008000fede (0xfc442703) x14 0x0000000000000000 mem 0x0000000080031f34
core   0: 0x000000008000fee2 (0x0ff77713) andi    a4, a4, 255
core   0: 3 0x000000008000fee2 (0x0ff77713) x14 0x0000000000000000
core   0: 0x000000008000fee6 (0x00e78023) sb      a4, 0(a5)
core   0: 3 0x000000008000fee6 (0x00e78023) mem 0x0000000080012081 0x00
core   0: 0x000000008000feea (0xfc843703) ld      a4, -56(s0)
core   0: 3 0x000000008000feea (0xfc843703) x14 0x0000000080012040 mem 0x0000000080031f38
core   0: 0x000000008000feee (0xfb843783) ld      a5, -72(s0)
core   0: 3 0x000000008000feee (0xfb843783) x15 0x000000000000009c mem 0x0000000080031f28
core   0: 0x000000008000fef2 (0x000097ba) c.add   a5, a4
core   0: 3 0x000000008000fef2 (0x97ba) x15 0x00000000800120dc
core   0: 0x000000008000fef4 (0xfe043703) ld      a4, -32(s0)
core   0: 3 0x000000008000fef4 (0xfe043703) x14 0x0000000080012082 mem 0x0000000080031f50
core   0: 0x000000008000fef8 (0xfcf76de3) bltu    a4, a5, pc - 38
core   0: 3 0x000000008000fef8 (0xfcf76de3)
core   0: 0x000000008000fed2 (0xfe043783) ld      a5, -32(s0)
core   0: 3 0x000000008000fed2 (0xfe043783) x15 0x0000000080012082 mem 0x0000000080031f50
core   0: 0x000000008000fed6 (0x00178713) addi    a4, a5, 1
core   0: 3 0x000000008000fed6 (0x00178713) x14 0x0000000080012083
core   0: 0x000000008000feda (0xfee43023) sd      a4, -32(s0)
core   0: 3 0x000000008000feda (0xfee43023) mem 0x0000000080031f50 0x0000000080012083
core   0: 0x000000008000fede (0xfc442703) lw      a4, -60(s0)
core   0: 3 0x000000008000fede (0xfc442703) x14 0x0000000000000000 mem 0x0000000080031f34
core   0: 0x000000008000fee2 (0x0ff77713) andi    a4, a4, 255
core   0: 3 0x000000008000fee2 (0x0ff77713) x14 0x0000000000000000
core   0: 0x000000008000fee6 (0x00e78023) sb      a4, 0(a5)
core   0: 3 0x000000008000fee6 (0x00e78023) mem 0x0000000080012082 0x00
core   0: 0x000000008000feea (0xfc843703) ld      a4, -56(s0)
core   0: 3 0x000000008000feea (0xfc843703) x14 0x0000000080012040 mem 0x0000000080031f38
core   0: 0x000000008000feee (0xfb843783) ld      a5, -72(s0)
core   0: 3 0x000000008000feee (0xfb843783) x15 0x000000000000009c mem 0x0000000080031f28
core   0: 0x000000008000fef2 (0x000097ba) c.add   a5, a4
core   0: 3 0x000000008000fef2 (0x97ba) x15 0x00000000800120dc
core   0: 0x000000008000fef4 (0xfe043703) ld      a4, -32(s0)
core   0: 3 0x000000008000fef4 (0xfe043703) x14 0x0000000080012083 mem 0x0000000080031f50
core   0: 0x000000008000fef8 (0xfcf76de3) bltu    a4, a5, pc - 38
core   0: 3 0x000000008000fef8 (0xfcf76de3)
core   0: 0x000000008000fed2 (0xfe043783) ld      a5, -32(s0)
core   0: 3 0x000000008000fed2 (0xfe043783) x15 0x0000000080012083 mem 0x0000000080031f50
core   0: 0x000000008000fed6 (0x00178713) addi    a4, a5, 1
core   0: 3 0x000000008000fed6 (0x00178713) x14 0x0000000080012084
core   0: 0x000000008000feda (0xfee43023) sd      a4, -32(s0)
core   0: 3 0x000000008000feda (0xfee43023) mem 0x0000000080031f50 0x0000000080012084
core   0: 0x000000008000fede (0xfc442703) lw      a4, -60(s0)
core   0: 3 0x000000008000fede (0xfc442703) x14 0x0000000000000000 mem 0x0000000080031f34
core   0: 0x000000008000fee2 (0x0ff77713) andi    a4, a4, 255
core   0: 3 0x000000008000fee2 (0x0ff77713) x14 0x0000000000000000
core   0: 0x000000008000fee6 (0x00e78023) sb      a4, 0(a5)
core   0: 3 0x000000008000fee6 (0x00e78023) mem 0x0000000080012083 0x00
core   0: 0x000000008000feea (0xfc843703) ld      a4, -56(s0)
core   0: 3 0x000000008000feea (0xfc843703) x14 0x0000000080012040 mem 0x0000000080031f38
core   0: 0x000000008000feee (0xfb843783) ld      a5, -72(s0)
core   0: 3 0x000000008000feee (0xfb843783) x15 0x000000000000009c mem 0x0000000080031f28
core   0: 0x000000008000fef2 (0x000097ba) c.add   a5, a4
core   0: 3 0x000000008000fef2 (0x97ba) x15 0x00000000800120dc
core   0: 0x000000008000fef4 (0xfe043703) ld      a4, -32(s0)
core   0: 3 0x000000008000fef4 (0xfe043703) x14 0x0000000080012084 mem 0x0000000080031f50
core   0: 0x000000008000fef8 (0xfcf76de3) bltu    a4, a5, pc - 38
core   0: 3 0x000000008000fef8 (0xfcf76de3)
core   0: 0x000000008000fed2 (0xfe043783) ld      a5, -32(s0)
core   0: 3 0x000000008000fed2 (0xfe043783) x15 0x0000000080012084 mem 0x0000000080031f50
core   0: 0x000000008000fed6 (0x00178713) addi    a4, a5, 1
core   0: 3 0x000000008000fed6 (0x00178713) x14 0x0000000080012085
core   0: 0x000000008000feda (0xfee43023) sd      a4, -32(s0)
core   0: 3 0x000000008000feda (0xfee43023) mem 0x0000000080031f50 0x0000000080012085
core   0: 0x000000008000fede (0xfc442703) lw      a4, -60(s0)
core   0: 3 0x000000008000fede (0xfc442703) x14 0x0000000000000000 mem 0x0000000080031f34
core   0: 0x000000008000fee2 (0x0ff77713) andi    a4, a4, 255
core   0: 3 0x000000008000fee2 (0x0ff77713) x14 0x0000000000000000
core   0: 0x000000008000fee6 (0x00e78023) sb      a4, 0(a5)
core   0: 3 0x000000008000fee6 (0x00e78023) mem 0x0000000080012084 0x00
core   0: 0x000000008000feea (0xfc843703) ld      a4, -56(s0)
core   0: 3 0x000000008000feea (0xfc843703) x14 0x0000000080012040 mem 0x0000000080031f38
core   0: 0x000000008000feee (0xfb843783) ld      a5, -72(s0)
core   0: 3 0x000000008000feee (0xfb843783) x15 0x000000000000009c mem 0x0000000080031f28
core   0: 0x000000008000fef2 (0x000097ba) c.add   a5, a4
core   0: 3 0x000000008000fef2 (0x97ba) x15 0x00000000800120dc
core   0: 0x000000008000fef4 (0xfe043703) ld      a4, -32(s0)
core   0: 3 0x000000008000fef4 (0xfe043703) x14 0x0000000080012085 mem 0x0000000080031f50
core   0: 0x000000008000fef8 (0xfcf76de3) bltu    a4, a5, pc - 38
core   0: 3 0x000000008000fef8 (0xfcf76de3)
core   0: 0x000000008000fed2 (0xfe043783) ld      a5, -32(s0)
core   0: 3 0x000000008000fed2 (0xfe043783) x15 0x0000000080012085 mem 0x0000000080031f50
core   0: 0x000000008000fed6 (0x00178713) addi    a4, a5, 1
core   0: 3 0x000000008000fed6 (0x00178713) x14 0x0000000080012086
core   0: 0x000000008000feda (0xfee43023) sd      a4, -32(s0)
core   0: 3 0x000000008000feda (0xfee43023) mem 0x0000000080031f50 0x0000000080012086
core   0: 0x000000008000fede (0xfc442703) lw      a4, -60(s0)
core   0: 3 0x000000008000fede (0xfc442703) x14 0x0000000000000000 mem 0x0000000080031f34
core   0: 0x000000008000fee2 (0x0ff77713) andi    a4, a4, 255
core   0: 3 0x000000008000fee2 (0x0ff77713) x14 0x0000000000000000
core   0: 0x000000008000fee6 (0x00e78023) sb      a4, 0(a5)
core   0: 3 0x000000008000fee6 (0x00e78023) mem 0x0000000080012085 0x00
core   0: 0x000000008000feea (0xfc843703) ld      a4, -56(s0)
core   0: 3 0x000000008000feea (0xfc843703) x14 0x0000000080012040 mem 0x0000000080031f38
core   0: 0x000000008000feee (0xfb843783) ld      a5, -72(s0)
core   0: 3 0x000000008000feee (0xfb843783) x15 0x000000000000009c mem 0x0000000080031f28
core   0: 0x000000008000fef2 (0x000097ba) c.add   a5, a4
core   0: 3 0x000000008000fef2 (0x97ba) x15 0x00000000800120dc
core   0: 0x000000008000fef4 (0xfe043703) ld      a4, -32(s0)
core   0: 3 0x000000008000fef4 (0xfe043703) x14 0x0000000080012086 mem 0x0000000080031f50
core   0: 0x000000008000fef8 (0xfcf76de3) bltu    a4, a5, pc - 38
core   0: 3 0x000000008000fef8 (0xfcf76de3)
core   0: 0x000000008000fed2 (0xfe043783) ld      a5, -32(s0)
core   0: 3 0x000000008000fed2 (0xfe043783) x15 0x0000000080012086 mem 0x0000000080031f50
core   0: 0x000000008000fed6 (0x00178713) addi    a4, a5, 1
core   0: 3 0x000000008000fed6 (0x00178713) x14 0x0000000080012087
core   0: 0x000000008000feda (0xfee43023) sd      a4, -32(s0)
core   0: 3 0x000000008000feda (0xfee43023) mem 0x0000000080031f50 0x0000000080012087
core   0: 0x000000008000fede (0xfc442703) lw      a4, -60(s0)
core   0: 3 0x000000008000fede (0xfc442703) x14 0x0000000000000000 mem 0x0000000080031f34
core   0: 0x000000008000fee2 (0x0ff77713) andi    a4, a4, 255
core   0: 3 0x000000008000fee2 (0x0ff77713) x14 0x0000000000000000
core   0: 0x000000008000fee6 (0x00e78023) sb      a4, 0(a5)
core   0: 3 0x000000008000fee6 (0x00e78023) mem 0x0000000080012086 0x00
core   0: 0x000000008000feea (0xfc843703) ld      a4, -56(s0)
core   0: 3 0x000000008000feea (0xfc843703) x14 0x0000000080012040 mem 0x0000000080031f38
core   0: 0x000000008000feee (0xfb843783) ld      a5, -72(s0)
core   0: 3 0x000000008000feee (0xfb843783) x15 0x000000000000009c mem 0x0000000080031f28
core   0: 0x000000008000fef2 (0x000097ba) c.add   a5, a4
core   0: 3 0x000000008000fef2 (0x97ba) x15 0x00000000800120dc
core   0: 0x000000008000fef4 (0xfe043703) ld      a4, -32(s0)
core   0: 3 0x000000008000fef4 (0xfe043703) x14 0x0000000080012087 mem 0x0000000080031f50
core   0: 0x000000008000fef8 (0xfcf76de3) bltu    a4, a5, pc - 38
core   0: 3 0x000000008000fef8 (0xfcf76de3)
core   0: 0x000000008000fed2 (0xfe043783) ld      a5, -32(s0)
core   0: 3 0x000000008000fed2 (0xfe043783) x15 0x0000000080012087 mem 0x0000000080031f50
core   0: 0x000000008000fed6 (0x00178713) addi    a4, a5, 1
core   0: 3 0x000000008000fed6 (0x00178713) x14 0x0000000080012088
core   0: 0x000000008000feda (0xfee43023) sd      a4, -32(s0)
core   0: 3 0x000000008000feda (0xfee43023) mem 0x0000000080031f50 0x0000000080012088
core   0: 0x000000008000fede (0xfc442703) lw      a4, -60(s0)
core   0: 3 0x000000008000fede (0xfc442703) x14 0x0000000000000000 mem 0x0000000080031f34
core   0: 0x000000008000fee2 (0x0ff77713) andi    a4, a4, 255
core   0: 3 0x000000008000fee2 (0x0ff77713) x14 0x0000000000000000
core   0: 0x000000008000fee6 (0x00e78023) sb      a4, 0(a5)
core   0: 3 0x000000008000fee6 (0x00e78023) mem 0x0000000080012087 0x00
core   0: 0x000000008000feea (0xfc843703) ld      a4, -56(s0)
core   0: 3 0x000000008000feea (0xfc843703) x14 0x0000000080012040 mem 0x0000000080031f38
core   0: 0x000000008000feee (0xfb843783) ld      a5, -72(s0)
core   0: 3 0x000000008000feee (0xfb843783) x15 0x000000000000009c mem 0x0000000080031f28
core   0: 0x000000008000fef2 (0x000097ba) c.add   a5, a4
core   0: 3 0x000000008000fef2 (0x97ba) x15 0x00000000800120dc
core   0: 0x000000008000fef4 (0xfe043703) ld      a4, -32(s0)
core   0: 3 0x000000008000fef4 (0xfe043703) x14 0x0000000080012088 mem 0x0000000080031f50
core   0: 0x000000008000fef8 (0xfcf76de3) bltu    a4, a5, pc - 38
core   0: 3 0x000000008000fef8 (0xfcf76de3)
core   0: 0x000000008000fed2 (0xfe043783) ld      a5, -32(s0)
core   0: 3 0x000000008000fed2 (0xfe043783) x15 0x0000000080012088 mem 0x0000000080031f50
core   0: 0x000000008000fed6 (0x00178713) addi    a4, a5, 1
core   0: 3 0x000000008000fed6 (0x00178713) x14 0x0000000080012089
core   0: 0x000000008000feda (0xfee43023) sd      a4, -32(s0)
core   0: 3 0x000000008000feda (0xfee43023) mem 0x0000000080031f50 0x0000000080012089
core   0: 0x000000008000fede (0xfc442703) lw      a4, -60(s0)
core   0: 3 0x000000008000fede (0xfc442703) x14 0x0000000000000000 mem 0x0000000080031f34
core   0: 0x000000008000fee2 (0x0ff77713) andi    a4, a4, 255
core   0: 3 0x000000008000fee2 (0x0ff77713) x14 0x0000000000000000
core   0: 0x000000008000fee6 (0x00e78023) sb      a4, 0(a5)
core   0: 3 0x000000008000fee6 (0x00e78023) mem 0x0000000080012088 0x00
core   0: 0x000000008000feea (0xfc843703) ld      a4, -56(s0)
core   0: 3 0x000000008000feea (0xfc843703) x14 0x0000000080012040 mem 0x0000000080031f38
core   0: 0x000000008000feee (0xfb843783) ld      a5, -72(s0)
core   0: 3 0x000000008000feee (0xfb843783) x15 0x000000000000009c mem 0x0000000080031f28
core   0: 0x000000008000fef2 (0x000097ba) c.add   a5, a4
core   0: 3 0x000000008000fef2 (0x97ba) x15 0x00000000800120dc
core   0: 0x000000008000fef4 (0xfe043703) ld      a4, -32(s0)
core   0: 3 0x000000008000fef4 (0xfe043703) x14 0x0000000080012089 mem 0x0000000080031f50
core   0: 0x000000008000fef8 (0xfcf76de3) bltu    a4, a5, pc - 38
core   0: 3 0x000000008000fef8 (0xfcf76de3)
core   0: 0x000000008000fed2 (0xfe043783) ld      a5, -32(s0)
core   0: 3 0x000000008000fed2 (0xfe043783) x15 0x0000000080012089 mem 0x0000000080031f50
core   0: 0x000000008000fed6 (0x00178713) addi    a4, a5, 1
core   0: 3 0x000000008000fed6 (0x00178713) x14 0x000000008001208a
core   0: 0x000000008000feda (0xfee43023) sd      a4, -32(s0)
core   0: 3 0x000000008000feda (0xfee43023) mem 0x0000000080031f50 0x000000008001208a
core   0: 0x000000008000fede (0xfc442703) lw      a4, -60(s0)
core   0: 3 0x000000008000fede (0xfc442703) x14 0x0000000000000000 mem 0x0000000080031f34
core   0: 0x000000008000fee2 (0x0ff77713) andi    a4, a4, 255
core   0: 3 0x000000008000fee2 (0x0ff77713) x14 0x0000000000000000
core   0: 0x000000008000fee6 (0x00e78023) sb      a4, 0(a5)
core   0: 3 0x000000008000fee6 (0x00e78023) mem 0x0000000080012089 0x00
core   0: 0x000000008000feea (0xfc843703) ld      a4, -56(s0)
core   0: 3 0x000000008000feea (0xfc843703) x14 0x0000000080012040 mem 0x0000000080031f38
core   0: 0x000000008000feee (0xfb843783) ld      a5, -72(s0)
core   0: 3 0x000000008000feee (0xfb843783) x15 0x000000000000009c mem 0x0000000080031f28
core   0: 0x000000008000fef2 (0x000097ba) c.add   a5, a4
core   0: 3 0x000000008000fef2 (0x97ba) x15 0x00000000800120dc
core   0: 0x000000008000fef4 (0xfe043703) ld      a4, -32(s0)
core   0: 3 0x000000008000fef4 (0xfe043703) x14 0x000000008001208a mem 0x0000000080031f50
core   0: 0x000000008000fef8 (0xfcf76de3) bltu    a4, a5, pc - 38
core   0: 3 0x000000008000fef8 (0xfcf76de3)
core   0: 0x000000008000fed2 (0xfe043783) ld      a5, -32(s0)
core   0: 3 0x000000008000fed2 (0xfe043783) x15 0x000000008001208a mem 0x0000000080031f50
core   0: 0x000000008000fed6 (0x00178713) addi    a4, a5, 1
core   0: 3 0x000000008000fed6 (0x00178713) x14 0x000000008001208b
core   0: 0x000000008000feda (0xfee43023) sd      a4, -32(s0)
core   0: 3 0x000000008000feda (0xfee43023) mem 0x0000000080031f50 0x000000008001208b
core   0: 0x000000008000fede (0xfc442703) lw      a4, -60(s0)
core   0: 3 0x000000008000fede (0xfc442703) x14 0x0000000000000000 mem 0x0000000080031f34
core   0: 0x000000008000fee2 (0x0ff77713) andi    a4, a4, 255
core   0: 3 0x000000008000fee2 (0x0ff77713) x14 0x0000000000000000
core   0: 0x000000008000fee6 (0x00e78023) sb      a4, 0(a5)
core   0: 3 0x000000008000fee6 (0x00e78023) mem 0x000000008001208a 0x00
core   0: 0x000000008000feea (0xfc843703) ld      a4, -56(s0)
core   0: 3 0x000000008000feea (0xfc843703) x14 0x0000000080012040 mem 0x0000000080031f38
core   0: 0x000000008000feee (0xfb843783) ld      a5, -72(s0)
core   0: 3 0x000000008000feee (0xfb843783) x15 0x000000000000009c mem 0x0000000080031f28
core   0: 0x000000008000fef2 (0x000097ba) c.add   a5, a4
core   0: 3 0x000000008000fef2 (0x97ba) x15 0x00000000800120dc
core   0: 0x000000008000fef4 (0xfe043703) ld      a4, -32(s0)
core   0: 3 0x000000008000fef4 (0xfe043703) x14 0x000000008001208b mem 0x0000000080031f50
core   0: 0x000000008000fef8 (0xfcf76de3) bltu    a4, a5, pc - 38
core   0: 3 0x000000008000fef8 (0xfcf76de3)
core   0: 0x000000008000fed2 (0xfe043783) ld      a5, -32(s0)
core   0: 3 0x000000008000fed2 (0xfe043783) x15 0x000000008001208b mem 0x0000000080031f50
core   0: 0x000000008000fed6 (0x00178713) addi    a4, a5, 1
core   0: 3 0x000000008000fed6 (0x00178713) x14 0x000000008001208c
core   0: 0x000000008000feda (0xfee43023) sd      a4, -32(s0)
core   0: 3 0x000000008000feda (0xfee43023) mem 0x0000000080031f50 0x000000008001208c
core   0: 0x000000008000fede (0xfc442703) lw      a4, -60(s0)
core   0: 3 0x000000008000fede (0xfc442703) x14 0x0000000000000000 mem 0x0000000080031f34
core   0: 0x000000008000fee2 (0x0ff77713) andi    a4, a4, 255
core   0: 3 0x000000008000fee2 (0x0ff77713) x14 0x0000000000000000
core   0: 0x000000008000fee6 (0x00e78023) sb      a4, 0(a5)
core   0: 3 0x000000008000fee6 (0x00e78023) mem 0x000000008001208b 0x00
core   0: 0x000000008000feea (0xfc843703) ld      a4, -56(s0)
core   0: 3 0x000000008000feea (0xfc843703) x14 0x0000000080012040 mem 0x0000000080031f38
core   0: 0x000000008000feee (0xfb843783) ld      a5, -72(s0)
core   0: 3 0x000000008000feee (0xfb843783) x15 0x000000000000009c mem 0x0000000080031f28
core   0: 0x000000008000fef2 (0x000097ba) c.add   a5, a4
core   0: 3 0x000000008000fef2 (0x97ba) x15 0x00000000800120dc
core   0: 0x000000008000fef4 (0xfe043703) ld      a4, -32(s0)
core   0: 3 0x000000008000fef4 (0xfe043703) x14 0x000000008001208c mem 0x0000000080031f50
core   0: 0x000000008000fef8 (0xfcf76de3) bltu    a4, a5, pc - 38
core   0: 3 0x000000008000fef8 (0xfcf76de3)
core   0: 0x000000008000fed2 (0xfe043783) ld      a5, -32(s0)
core   0: 3 0x000000008000fed2 (0xfe043783) x15 0x000000008001208c mem 0x0000000080031f50
core   0: 0x000000008000fed6 (0x00178713) addi    a4, a5, 1
core   0: 3 0x000000008000fed6 (0x00178713) x14 0x000000008001208d
core   0: 0x000000008000feda (0xfee43023) sd      a4, -32(s0)
core   0: 3 0x000000008000feda (0xfee43023) mem 0x0000000080031f50 0x000000008001208d
core   0: 0x000000008000fede (0xfc442703) lw      a4, -60(s0)
core   0: 3 0x000000008000fede (0xfc442703) x14 0x0000000000000000 mem 0x0000000080031f34
core   0: 0x000000008000fee2 (0x0ff77713) andi    a4, a4, 255
core   0: 3 0x000000008000fee2 (0x0ff77713) x14 0x0000000000000000
core   0: 0x000000008000fee6 (0x00e78023) sb      a4, 0(a5)
core   0: 3 0x000000008000fee6 (0x00e78023) mem 0x000000008001208c 0x00
core   0: 0x000000008000feea (0xfc843703) ld      a4, -56(s0)
core   0: 3 0x000000008000feea (0xfc843703) x14 0x0000000080012040 mem 0x0000000080031f38
core   0: 0x000000008000feee (0xfb843783) ld      a5, -72(s0)
core   0: 3 0x000000008000feee (0xfb843783) x15 0x000000000000009c mem 0x0000000080031f28
core   0: 0x000000008000fef2 (0x000097ba) c.add   a5, a4
core   0: 3 0x000000008000fef2 (0x97ba) x15 0x00000000800120dc
core   0: 0x000000008000fef4 (0xfe043703) ld      a4, -32(s0)
core   0: 3 0x000000008000fef4 (0xfe043703) x14 0x000000008001208d mem 0x0000000080031f50
core   0: 0x000000008000fef8 (0xfcf76de3) bltu    a4, a5, pc - 38
core   0: 3 0x000000008000fef8 (0xfcf76de3)
core   0: 0x000000008000fed2 (0xfe043783) ld      a5, -32(s0)
core   0: 3 0x000000008000fed2 (0xfe043783) x15 0x000000008001208d mem 0x0000000080031f50
core   0: 0x000000008000fed6 (0x00178713) addi    a4, a5, 1
core   0: 3 0x000000008000fed6 (0x00178713) x14 0x000000008001208e
core   0: 0x000000008000feda (0xfee43023) sd      a4, -32(s0)
core   0: 3 0x000000008000feda (0xfee43023) mem 0x0000000080031f50 0x000000008001208e
core   0: 0x000000008000fede (0xfc442703) lw      a4, -60(s0)
core   0: 3 0x000000008000fede (0xfc442703) x14 0x0000000000000000 mem 0x0000000080031f34
core   0: 0x000000008000fee2 (0x0ff77713) andi    a4, a4, 255
core   0: 3 0x000000008000fee2 (0x0ff77713) x14 0x0000000000000000
core   0: 0x000000008000fee6 (0x00e78023) sb      a4, 0(a5)
core   0: 3 0x000000008000fee6 (0x00e78023) mem 0x000000008001208d 0x00
core   0: 0x000000008000feea (0xfc843703) ld      a4, -56(s0)
core   0: 3 0x000000008000feea (0xfc843703) x14 0x0000000080012040 mem 0x0000000080031f38
core   0: 0x000000008000feee (0xfb843783) ld      a5, -72(s0)
core   0: 3 0x000000008000feee (0xfb843783) x15 0x000000000000009c mem 0x0000000080031f28
core   0: 0x000000008000fef2 (0x000097ba) c.add   a5, a4
core   0: 3 0x000000008000fef2 (0x97ba) x15 0x00000000800120dc
core   0: 0x000000008000fef4 (0xfe043703) ld      a4, -32(s0)
core   0: 3 0x000000008000fef4 (0xfe043703) x14 0x000000008001208e mem 0x0000000080031f50
core   0: 0x000000008000fef8 (0xfcf76de3) bltu    a4, a5, pc - 38
core   0: 3 0x000000008000fef8 (0xfcf76de3)
core   0: 0x000000008000fed2 (0xfe043783) ld      a5, -32(s0)
core   0: 3 0x000000008000fed2 (0xfe043783) x15 0x000000008001208e mem 0x0000000080031f50
core   0: 0x000000008000fed6 (0x00178713) addi    a4, a5, 1
core   0: 3 0x000000008000fed6 (0x00178713) x14 0x000000008001208f
core   0: 0x000000008000feda (0xfee43023) sd      a4, -32(s0)
core   0: 3 0x000000008000feda (0xfee43023) mem 0x0000000080031f50 0x000000008001208f
core   0: 0x000000008000fede (0xfc442703) lw      a4, -60(s0)
core   0: 3 0x000000008000fede (0xfc442703) x14 0x0000000000000000 mem 0x0000000080031f34
core   0: 0x000000008000fee2 (0x0ff77713) andi    a4, a4, 255
core   0: 3 0x000000008000fee2 (0x0ff77713) x14 0x0000000000000000
core   0: 0x000000008000fee6 (0x00e78023) sb      a4, 0(a5)
core   0: 3 0x000000008000fee6 (0x00e78023) mem 0x000000008001208e 0x00
core   0: 0x000000008000feea (0xfc843703) ld      a4, -56(s0)
core   0: 3 0x000000008000feea (0xfc843703) x14 0x0000000080012040 mem 0x0000000080031f38
core   0: 0x000000008000feee (0xfb843783) ld      a5, -72(s0)
core   0: 3 0x000000008000feee (0xfb843783) x15 0x000000000000009c mem 0x0000000080031f28
core   0: 0x000000008000fef2 (0x000097ba) c.add   a5, a4
core   0: 3 0x000000008000fef2 (0x97ba) x15 0x00000000800120dc
core   0: 0x000000008000fef4 (0xfe043703) ld      a4, -32(s0)
core   0: 3 0x000000008000fef4 (0xfe043703) x14 0x000000008001208f mem 0x0000000080031f50
core   0: 0x000000008000fef8 (0xfcf76de3) bltu    a4, a5, pc - 38
core   0: 3 0x000000008000fef8 (0xfcf76de3)
core   0: 0x000000008000fed2 (0xfe043783) ld      a5, -32(s0)
core   0: 3 0x000000008000fed2 (0xfe043783) x15 0x000000008001208f mem 0x0000000080031f50
core   0: 0x000000008000fed6 (0x00178713) addi    a4, a5, 1
core   0: 3 0x000000008000fed6 (0x00178713) x14 0x0000000080012090
core   0: 0x000000008000feda (0xfee43023) sd      a4, -32(s0)
core   0: 3 0x000000008000feda (0xfee43023) mem 0x0000000080031f50 0x0000000080012090
core   0: 0x000000008000fede (0xfc442703) lw      a4, -60(s0)
core   0: 3 0x000000008000fede (0xfc442703) x14 0x0000000000000000 mem 0x0000000080031f34
core   0: 0x000000008000fee2 (0x0ff77713) andi    a4, a4, 255
core   0: 3 0x000000008000fee2 (0x0ff77713) x14 0x0000000000000000
core   0: 0x000000008000fee6 (0x00e78023) sb      a4, 0(a5)
core   0: 3 0x000000008000fee6 (0x00e78023) mem 0x000000008001208f 0x00
core   0: 0x000000008000feea (0xfc843703) ld      a4, -56(s0)
core   0: 3 0x000000008000feea (0xfc843703) x14 0x0000000080012040 mem 0x0000000080031f38
core   0: 0x000000008000feee (0xfb843783) ld      a5, -72(s0)
core   0: 3 0x000000008000feee (0xfb843783) x15 0x000000000000009c mem 0x0000000080031f28
core   0: 0x000000008000fef2 (0x000097ba) c.add   a5, a4
core   0: 3 0x000000008000fef2 (0x97ba) x15 0x00000000800120dc
core   0: 0x000000008000fef4 (0xfe043703) ld      a4, -32(s0)
core   0: 3 0x000000008000fef4 (0xfe043703) x14 0x0000000080012090 mem 0x0000000080031f50
core   0: 0x000000008000fef8 (0xfcf76de3) bltu    a4, a5, pc - 38
core   0: 3 0x000000008000fef8 (0xfcf76de3)
core   0: 0x000000008000fed2 (0xfe043783) ld      a5, -32(s0)
core   0: 3 0x000000008000fed2 (0xfe043783) x15 0x0000000080012090 mem 0x0000000080031f50
core   0: 0x000000008000fed6 (0x00178713) addi    a4, a5, 1
core   0: 3 0x000000008000fed6 (0x00178713) x14 0x0000000080012091
core   0: 0x000000008000feda (0xfee43023) sd      a4, -32(s0)
core   0: 3 0x000000008000feda (0xfee43023) mem 0x0000000080031f50 0x0000000080012091
core   0: 0x000000008000fede (0xfc442703) lw      a4, -60(s0)
core   0: 3 0x000000008000fede (0xfc442703) x14 0x0000000000000000 mem 0x0000000080031f34
core   0: 0x000000008000fee2 (0x0ff77713) andi    a4, a4, 255
core   0: 3 0x000000008000fee2 (0x0ff77713) x14 0x0000000000000000
core   0: 0x000000008000fee6 (0x00e78023) sb      a4, 0(a5)
core   0: 3 0x000000008000fee6 (0x00e78023) mem 0x0000000080012090 0x00
core   0: 0x000000008000feea (0xfc843703) ld      a4, -56(s0)
core   0: 3 0x000000008000feea (0xfc843703) x14 0x0000000080012040 mem 0x0000000080031f38
core   0: 0x000000008000feee (0xfb843783) ld      a5, -72(s0)
core   0: 3 0x000000008000feee (0xfb843783) x15 0x000000000000009c mem 0x0000000080031f28
core   0: 0x000000008000fef2 (0x000097ba) c.add   a5, a4
core   0: 3 0x000000008000fef2 (0x97ba) x15 0x00000000800120dc
core   0: 0x000000008000fef4 (0xfe043703) ld      a4, -32(s0)
core   0: 3 0x000000008000fef4 (0xfe043703) x14 0x0000000080012091 mem 0x0000000080031f50
core   0: 0x000000008000fef8 (0xfcf76de3) bltu    a4, a5, pc - 38
core   0: 3 0x000000008000fef8 (0xfcf76de3)
core   0: 0x000000008000fed2 (0xfe043783) ld      a5, -32(s0)
core   0: 3 0x000000008000fed2 (0xfe043783) x15 0x0000000080012091 mem 0x0000000080031f50
core   0: 0x000000008000fed6 (0x00178713) addi    a4, a5, 1
core   0: 3 0x000000008000fed6 (0x00178713) x14 0x0000000080012092
core   0: 0x000000008000feda (0xfee43023) sd      a4, -32(s0)
core   0: 3 0x000000008000feda (0xfee43023) mem 0x0000000080031f50 0x0000000080012092
core   0: 0x000000008000fede (0xfc442703) lw      a4, -60(s0)
core   0: 3 0x000000008000fede (0xfc442703) x14 0x0000000000000000 mem 0x0000000080031f34
core   0: 0x000000008000fee2 (0x0ff77713) andi    a4, a4, 255
core   0: 3 0x000000008000fee2 (0x0ff77713) x14 0x0000000000000000
core   0: 0x000000008000fee6 (0x00e78023) sb      a4, 0(a5)
core   0: 3 0x000000008000fee6 (0x00e78023) mem 0x0000000080012091 0x00
core   0: 0x000000008000feea (0xfc843703) ld      a4, -56(s0)
core   0: 3 0x000000008000feea (0xfc843703) x14 0x0000000080012040 mem 0x0000000080031f38
core   0: 0x000000008000feee (0xfb843783) ld      a5, -72(s0)
core   0: 3 0x000000008000feee (0xfb843783) x15 0x000000000000009c mem 0x0000000080031f28
core   0: 0x000000008000fef2 (0x000097ba) c.add   a5, a4
core   0: 3 0x000000008000fef2 (0x97ba) x15 0x00000000800120dc
core   0: 0x000000008000fef4 (0xfe043703) ld      a4, -32(s0)
core   0: 3 0x000000008000fef4 (0xfe043703) x14 0x0000000080012092 mem 0x0000000080031f50
core   0: 0x000000008000fef8 (0xfcf76de3) bltu    a4, a5, pc - 38
core   0: 3 0x000000008000fef8 (0xfcf76de3)
core   0: 0x000000008000fed2 (0xfe043783) ld      a5, -32(s0)
core   0: 3 0x000000008000fed2 (0xfe043783) x15 0x0000000080012092 mem 0x0000000080031f50
core   0: 0x000000008000fed6 (0x00178713) addi    a4, a5, 1
core   0: 3 0x000000008000fed6 (0x00178713) x14 0x0000000080012093
core   0: 0x000000008000feda (0xfee43023) sd      a4, -32(s0)
core   0: 3 0x000000008000feda (0xfee43023) mem 0x0000000080031f50 0x0000000080012093
core   0: 0x000000008000fede (0xfc442703) lw      a4, -60(s0)
core   0: 3 0x000000008000fede (0xfc442703) x14 0x0000000000000000 mem 0x0000000080031f34
core   0: 0x000000008000fee2 (0x0ff77713) andi    a4, a4, 255
core   0: 3 0x000000008000fee2 (0x0ff77713) x14 0x0000000000000000
core   0: 0x000000008000fee6 (0x00e78023) sb      a4, 0(a5)
core   0: 3 0x000000008000fee6 (0x00e78023) mem 0x0000000080012092 0x00
core   0: 0x000000008000feea (0xfc843703) ld      a4, -56(s0)
core   0: 3 0x000000008000feea (0xfc843703) x14 0x0000000080012040 mem 0x0000000080031f38
core   0: 0x000000008000feee (0xfb843783) ld      a5, -72(s0)
core   0: 3 0x000000008000feee (0xfb843783) x15 0x000000000000009c mem 0x0000000080031f28
core   0: 0x000000008000fef2 (0x000097ba) c.add   a5, a4
core   0: 3 0x000000008000fef2 (0x97ba) x15 0x00000000800120dc
core   0: 0x000000008000fef4 (0xfe043703) ld      a4, -32(s0)
core   0: 3 0x000000008000fef4 (0xfe043703) x14 0x0000000080012093 mem 0x0000000080031f50
core   0: 0x000000008000fef8 (0xfcf76de3) bltu    a4, a5, pc - 38
core   0: 3 0x000000008000fef8 (0xfcf76de3)
core   0: 0x000000008000fed2 (0xfe043783) ld      a5, -32(s0)
core   0: 3 0x000000008000fed2 (0xfe043783) x15 0x0000000080012093 mem 0x0000000080031f50
core   0: 0x000000008000fed6 (0x00178713) addi    a4, a5, 1
core   0: 3 0x000000008000fed6 (0x00178713) x14 0x0000000080012094
core   0: 0x000000008000feda (0xfee43023) sd      a4, -32(s0)
core   0: 3 0x000000008000feda (0xfee43023) mem 0x0000000080031f50 0x0000000080012094
core   0: 0x000000008000fede (0xfc442703) lw      a4, -60(s0)
core   0: 3 0x000000008000fede (0xfc442703) x14 0x0000000000000000 mem 0x0000000080031f34
core   0: 0x000000008000fee2 (0x0ff77713) andi    a4, a4, 255
core   0: 3 0x000000008000fee2 (0x0ff77713) x14 0x0000000000000000
core   0: 0x000000008000fee6 (0x00e78023) sb      a4, 0(a5)
core   0: 3 0x000000008000fee6 (0x00e78023) mem 0x0000000080012093 0x00
core   0: 0x000000008000feea (0xfc843703) ld      a4, -56(s0)
core   0: 3 0x000000008000feea (0xfc843703) x14 0x0000000080012040 mem 0x0000000080031f38
core   0: 0x000000008000feee (0xfb843783) ld      a5, -72(s0)
core   0: 3 0x000000008000feee (0xfb843783) x15 0x000000000000009c mem 0x0000000080031f28
core   0: 0x000000008000fef2 (0x000097ba) c.add   a5, a4
core   0: 3 0x000000008000fef2 (0x97ba) x15 0x00000000800120dc
core   0: 0x000000008000fef4 (0xfe043703) ld      a4, -32(s0)
core   0: 3 0x000000008000fef4 (0xfe043703) x14 0x0000000080012094 mem 0x0000000080031f50
core   0: 0x000000008000fef8 (0xfcf76de3) bltu    a4, a5, pc - 38
core   0: 3 0x000000008000fef8 (0xfcf76de3)
core   0: 0x000000008000fed2 (0xfe043783) ld      a5, -32(s0)
core   0: 3 0x000000008000fed2 (0xfe043783) x15 0x0000000080012094 mem 0x0000000080031f50
core   0: 0x000000008000fed6 (0x00178713) addi    a4, a5, 1
core   0: 3 0x000000008000fed6 (0x00178713) x14 0x0000000080012095
core   0: 0x000000008000feda (0xfee43023) sd      a4, -32(s0)
core   0: 3 0x000000008000feda (0xfee43023) mem 0x0000000080031f50 0x0000000080012095
core   0: 0x000000008000fede (0xfc442703) lw      a4, -60(s0)
core   0: 3 0x000000008000fede (0xfc442703) x14 0x0000000000000000 mem 0x0000000080031f34
core   0: 0x000000008000fee2 (0x0ff77713) andi    a4, a4, 255
core   0: 3 0x000000008000fee2 (0x0ff77713) x14 0x0000000000000000
core   0: 0x000000008000fee6 (0x00e78023) sb      a4, 0(a5)
core   0: 3 0x000000008000fee6 (0x00e78023) mem 0x0000000080012094 0x00
core   0: 0x000000008000feea (0xfc843703) ld      a4, -56(s0)
core   0: 3 0x000000008000feea (0xfc843703) x14 0x0000000080012040 mem 0x0000000080031f38
core   0: 0x000000008000feee (0xfb843783) ld      a5, -72(s0)
core   0: 3 0x000000008000feee (0xfb843783) x15 0x000000000000009c mem 0x0000000080031f28
core   0: 0x000000008000fef2 (0x000097ba) c.add   a5, a4
core   0: 3 0x000000008000fef2 (0x97ba) x15 0x00000000800120dc
core   0: 0x000000008000fef4 (0xfe043703) ld      a4, -32(s0)
core   0: 3 0x000000008000fef4 (0xfe043703) x14 0x0000000080012095 mem 0x0000000080031f50
core   0: 0x000000008000fef8 (0xfcf76de3) bltu    a4, a5, pc - 38
core   0: 3 0x000000008000fef8 (0xfcf76de3)
core   0: 0x000000008000fed2 (0xfe043783) ld      a5, -32(s0)
core   0: 3 0x000000008000fed2 (0xfe043783) x15 0x0000000080012095 mem 0x0000000080031f50
core   0: 0x000000008000fed6 (0x00178713) addi    a4, a5, 1
core   0: 3 0x000000008000fed6 (0x00178713) x14 0x0000000080012096
core   0: 0x000000008000feda (0xfee43023) sd      a4, -32(s0)
core   0: 3 0x000000008000feda (0xfee43023) mem 0x0000000080031f50 0x0000000080012096
core   0: 0x000000008000fede (0xfc442703) lw      a4, -60(s0)
core   0: 3 0x000000008000fede (0xfc442703) x14 0x0000000000000000 mem 0x0000000080031f34
core   0: 0x000000008000fee2 (0x0ff77713) andi    a4, a4, 255
core   0: 3 0x000000008000fee2 (0x0ff77713) x14 0x0000000000000000
core   0: 0x000000008000fee6 (0x00e78023) sb      a4, 0(a5)
core   0: 3 0x000000008000fee6 (0x00e78023) mem 0x0000000080012095 0x00
core   0: 0x000000008000feea (0xfc843703) ld      a4, -56(s0)
core   0: 3 0x000000008000feea (0xfc843703) x14 0x0000000080012040 mem 0x0000000080031f38
core   0: 0x000000008000feee (0xfb843783) ld      a5, -72(s0)
core   0: 3 0x000000008000feee (0xfb843783) x15 0x000000000000009c mem 0x0000000080031f28
core   0: 0x000000008000fef2 (0x000097ba) c.add   a5, a4
core   0: 3 0x000000008000fef2 (0x97ba) x15 0x00000000800120dc
core   0: 0x000000008000fef4 (0xfe043703) ld      a4, -32(s0)
core   0: 3 0x000000008000fef4 (0xfe043703) x14 0x0000000080012096 mem 0x0000000080031f50
core   0: 0x000000008000fef8 (0xfcf76de3) bltu    a4, a5, pc - 38
core   0: 3 0x000000008000fef8 (0xfcf76de3)
core   0: 0x000000008000fed2 (0xfe043783) ld      a5, -32(s0)
core   0: 3 0x000000008000fed2 (0xfe043783) x15 0x0000000080012096 mem 0x0000000080031f50
core   0: 0x000000008000fed6 (0x00178713) addi    a4, a5, 1
core   0: 3 0x000000008000fed6 (0x00178713) x14 0x0000000080012097
core   0: 0x000000008000feda (0xfee43023) sd      a4, -32(s0)
core   0: 3 0x000000008000feda (0xfee43023) mem 0x0000000080031f50 0x0000000080012097
core   0: 0x000000008000fede (0xfc442703) lw      a4, -60(s0)
core   0: 3 0x000000008000fede (0xfc442703) x14 0x0000000000000000 mem 0x0000000080031f34
core   0: 0x000000008000fee2 (0x0ff77713) andi    a4, a4, 255
core   0: 3 0x000000008000fee2 (0x0ff77713) x14 0x0000000000000000
core   0: 0x000000008000fee6 (0x00e78023) sb      a4, 0(a5)
core   0: 3 0x000000008000fee6 (0x00e78023) mem 0x0000000080012096 0x00
core   0: 0x000000008000feea (0xfc843703) ld      a4, -56(s0)
core   0: 3 0x000000008000feea (0xfc843703) x14 0x0000000080012040 mem 0x0000000080031f38
core   0: 0x000000008000feee (0xfb843783) ld      a5, -72(s0)
core   0: 3 0x000000008000feee (0xfb843783) x15 0x000000000000009c mem 0x0000000080031f28
core   0: 0x000000008000fef2 (0x000097ba) c.add   a5, a4
core   0: 3 0x000000008000fef2 (0x97ba) x15 0x00000000800120dc
core   0: 0x000000008000fef4 (0xfe043703) ld      a4, -32(s0)
core   0: 3 0x000000008000fef4 (0xfe043703) x14 0x0000000080012097 mem 0x0000000080031f50
core   0: 0x000000008000fef8 (0xfcf76de3) bltu    a4, a5, pc - 38
core   0: 3 0x000000008000fef8 (0xfcf76de3)
core   0: 0x000000008000fed2 (0xfe043783) ld      a5, -32(s0)
core   0: 3 0x000000008000fed2 (0xfe043783) x15 0x0000000080012097 mem 0x0000000080031f50
core   0: 0x000000008000fed6 (0x00178713) addi    a4, a5, 1
core   0: 3 0x000000008000fed6 (0x00178713) x14 0x0000000080012098
core   0: 0x000000008000feda (0xfee43023) sd      a4, -32(s0)
core   0: 3 0x000000008000feda (0xfee43023) mem 0x0000000080031f50 0x0000000080012098
core   0: 0x000000008000fede (0xfc442703) lw      a4, -60(s0)
core   0: 3 0x000000008000fede (0xfc442703) x14 0x0000000000000000 mem 0x0000000080031f34
core   0: 0x000000008000fee2 (0x0ff77713) andi    a4, a4, 255
core   0: 3 0x000000008000fee2 (0x0ff77713) x14 0x0000000000000000
core   0: 0x000000008000fee6 (0x00e78023) sb      a4, 0(a5)
core   0: 3 0x000000008000fee6 (0x00e78023) mem 0x0000000080012097 0x00
core   0: 0x000000008000feea (0xfc843703) ld      a4, -56(s0)
core   0: 3 0x000000008000feea (0xfc843703) x14 0x0000000080012040 mem 0x0000000080031f38
core   0: 0x000000008000feee (0xfb843783) ld      a5, -72(s0)
core   0: 3 0x000000008000feee (0xfb843783) x15 0x000000000000009c mem 0x0000000080031f28
core   0: 0x000000008000fef2 (0x000097ba) c.add   a5, a4
core   0: 3 0x000000008000fef2 (0x97ba) x15 0x00000000800120dc
core   0: 0x000000008000fef4 (0xfe043703) ld      a4, -32(s0)
core   0: 3 0x000000008000fef4 (0xfe043703) x14 0x0000000080012098 mem 0x0000000080031f50
core   0: 0x000000008000fef8 (0xfcf76de3) bltu    a4, a5, pc - 38
core   0: 3 0x000000008000fef8 (0xfcf76de3)
core   0: 0x000000008000fed2 (0xfe043783) ld      a5, -32(s0)
core   0: 3 0x000000008000fed2 (0xfe043783) x15 0x0000000080012098 mem 0x0000000080031f50
core   0: 0x000000008000fed6 (0x00178713) addi    a4, a5, 1
core   0: 3 0x000000008000fed6 (0x00178713) x14 0x0000000080012099
core   0: 0x000000008000feda (0xfee43023) sd      a4, -32(s0)
core   0: 3 0x000000008000feda (0xfee43023) mem 0x0000000080031f50 0x0000000080012099
core   0: 0x000000008000fede (0xfc442703) lw      a4, -60(s0)
core   0: 3 0x000000008000fede (0xfc442703) x14 0x0000000000000000 mem 0x0000000080031f34
core   0: 0x000000008000fee2 (0x0ff77713) andi    a4, a4, 255
core   0: 3 0x000000008000fee2 (0x0ff77713) x14 0x0000000000000000
core   0: 0x000000008000fee6 (0x00e78023) sb      a4, 0(a5)
core   0: 3 0x000000008000fee6 (0x00e78023) mem 0x0000000080012098 0x00
core   0: 0x000000008000feea (0xfc843703) ld      a4, -56(s0)
core   0: 3 0x000000008000feea (0xfc843703) x14 0x0000000080012040 mem 0x0000000080031f38
core   0: 0x000000008000feee (0xfb843783) ld      a5, -72(s0)
core   0: 3 0x000000008000feee (0xfb843783) x15 0x000000000000009c mem 0x0000000080031f28
core   0: 0x000000008000fef2 (0x000097ba) c.add   a5, a4
core   0: 3 0x000000008000fef2 (0x97ba) x15 0x00000000800120dc
core   0: 0x000000008000fef4 (0xfe043703) ld      a4, -32(s0)
core   0: 3 0x000000008000fef4 (0xfe043703) x14 0x0000000080012099 mem 0x0000000080031f50
core   0: 0x000000008000fef8 (0xfcf76de3) bltu    a4, a5, pc - 38
core   0: 3 0x000000008000fef8 (0xfcf76de3)
core   0: 0x000000008000fed2 (0xfe043783) ld      a5, -32(s0)
core   0: 3 0x000000008000fed2 (0xfe043783) x15 0x0000000080012099 mem 0x0000000080031f50
core   0: 0x000000008000fed6 (0x00178713) addi    a4, a5, 1
core   0: 3 0x000000008000fed6 (0x00178713) x14 0x000000008001209a
core   0: 0x000000008000feda (0xfee43023) sd      a4, -32(s0)
core   0: 3 0x000000008000feda (0xfee43023) mem 0x0000000080031f50 0x000000008001209a
core   0: 0x000000008000fede (0xfc442703) lw      a4, -60(s0)
core   0: 3 0x000000008000fede (0xfc442703) x14 0x0000000000000000 mem 0x0000000080031f34
core   0: 0x000000008000fee2 (0x0ff77713) andi    a4, a4, 255
core   0: 3 0x000000008000fee2 (0x0ff77713) x14 0x0000000000000000
core   0: 0x000000008000fee6 (0x00e78023) sb      a4, 0(a5)
core   0: 3 0x000000008000fee6 (0x00e78023) mem 0x0000000080012099 0x00
core   0: 0x000000008000feea (0xfc843703) ld      a4, -56(s0)
core   0: 3 0x000000008000feea (0xfc843703) x14 0x0000000080012040 mem 0x0000000080031f38
core   0: 0x000000008000feee (0xfb843783) ld      a5, -72(s0)
core   0: 3 0x000000008000feee (0xfb843783) x15 0x000000000000009c mem 0x0000000080031f28
core   0: 0x000000008000fef2 (0x000097ba) c.add   a5, a4
core   0: 3 0x000000008000fef2 (0x97ba) x15 0x00000000800120dc
core   0: 0x000000008000fef4 (0xfe043703) ld      a4, -32(s0)
core   0: 3 0x000000008000fef4 (0xfe043703) x14 0x000000008001209a mem 0x0000000080031f50
core   0: 0x000000008000fef8 (0xfcf76de3) bltu    a4, a5, pc - 38
core   0: 3 0x000000008000fef8 (0xfcf76de3)
core   0: 0x000000008000fed2 (0xfe043783) ld      a5, -32(s0)
core   0: 3 0x000000008000fed2 (0xfe043783) x15 0x000000008001209a mem 0x0000000080031f50
core   0: 0x000000008000fed6 (0x00178713) addi    a4, a5, 1
core   0: 3 0x000000008000fed6 (0x00178713) x14 0x000000008001209b
core   0: 0x000000008000feda (0xfee43023) sd      a4, -32(s0)
core   0: 3 0x000000008000feda (0xfee43023) mem 0x0000000080031f50 0x000000008001209b
core   0: 0x000000008000fede (0xfc442703) lw      a4, -60(s0)
core   0: 3 0x000000008000fede (0xfc442703) x14 0x0000000000000000 mem 0x0000000080031f34
core   0: 0x000000008000fee2 (0x0ff77713) andi    a4, a4, 255
core   0: 3 0x000000008000fee2 (0x0ff77713) x14 0x0000000000000000
core   0: 0x000000008000fee6 (0x00e78023) sb      a4, 0(a5)
core   0: 3 0x000000008000fee6 (0x00e78023) mem 0x000000008001209a 0x00
core   0: 0x000000008000feea (0xfc843703) ld      a4, -56(s0)
core   0: 3 0x000000008000feea (0xfc843703) x14 0x0000000080012040 mem 0x0000000080031f38
core   0: 0x000000008000feee (0xfb843783) ld      a5, -72(s0)
core   0: 3 0x000000008000feee (0xfb843783) x15 0x000000000000009c mem 0x0000000080031f28
core   0: 0x000000008000fef2 (0x000097ba) c.add   a5, a4
core   0: 3 0x000000008000fef2 (0x97ba) x15 0x00000000800120dc
core   0: 0x000000008000fef4 (0xfe043703) ld      a4, -32(s0)
core   0: 3 0x000000008000fef4 (0xfe043703) x14 0x000000008001209b mem 0x0000000080031f50
core   0: 0x000000008000fef8 (0xfcf76de3) bltu    a4, a5, pc - 38
core   0: 3 0x000000008000fef8 (0xfcf76de3)
core   0: 0x000000008000fed2 (0xfe043783) ld      a5, -32(s0)
core   0: 3 0x000000008000fed2 (0xfe043783) x15 0x000000008001209b mem 0x0000000080031f50
core   0: 0x000000008000fed6 (0x00178713) addi    a4, a5, 1
core   0: 3 0x000000008000fed6 (0x00178713) x14 0x000000008001209c
core   0: 0x000000008000feda (0xfee43023) sd      a4, -32(s0)
core   0: 3 0x000000008000feda (0xfee43023) mem 0x0000000080031f50 0x000000008001209c
core   0: 0x000000008000fede (0xfc442703) lw      a4, -60(s0)
core   0: 3 0x000000008000fede (0xfc442703) x14 0x0000000000000000 mem 0x0000000080031f34
core   0: 0x000000008000fee2 (0x0ff77713) andi    a4, a4, 255
core   0: 3 0x000000008000fee2 (0x0ff77713) x14 0x0000000000000000
core   0: 0x000000008000fee6 (0x00e78023) sb      a4, 0(a5)
core   0: 3 0x000000008000fee6 (0x00e78023) mem 0x000000008001209b 0x00
core   0: 0x000000008000feea (0xfc843703) ld      a4, -56(s0)
core   0: 3 0x000000008000feea (0xfc843703) x14 0x0000000080012040 mem 0x0000000080031f38
core   0: 0x000000008000feee (0xfb843783) ld      a5, -72(s0)
core   0: 3 0x000000008000feee (0xfb843783) x15 0x000000000000009c mem 0x0000000080031f28
core   0: 0x000000008000fef2 (0x000097ba) c.add   a5, a4
core   0: 3 0x000000008000fef2 (0x97ba) x15 0x00000000800120dc
core   0: 0x000000008000fef4 (0xfe043703) ld      a4, -32(s0)
core   0: 3 0x000000008000fef4 (0xfe043703) x14 0x000000008001209c mem 0x0000000080031f50
core   0: 0x000000008000fef8 (0xfcf76de3) bltu    a4, a5, pc - 38
core   0: 3 0x000000008000fef8 (0xfcf76de3)
core   0: 0x000000008000fed2 (0xfe043783) ld      a5, -32(s0)
core   0: 3 0x000000008000fed2 (0xfe043783) x15 0x000000008001209c mem 0x0000000080031f50
core   0: 0x000000008000fed6 (0x00178713) addi    a4, a5, 1
core   0: 3 0x000000008000fed6 (0x00178713) x14 0x000000008001209d
core   0: 0x000000008000feda (0xfee43023) sd      a4, -32(s0)
core   0: 3 0x000000008000feda (0xfee43023) mem 0x0000000080031f50 0x000000008001209d
core   0: 0x000000008000fede (0xfc442703) lw      a4, -60(s0)
core   0: 3 0x000000008000fede (0xfc442703) x14 0x0000000000000000 mem 0x0000000080031f34
core   0: 0x000000008000fee2 (0x0ff77713) andi    a4, a4, 255
core   0: 3 0x000000008000fee2 (0x0ff77713) x14 0x0000000000000000
core   0: 0x000000008000fee6 (0x00e78023) sb      a4, 0(a5)
core   0: 3 0x000000008000fee6 (0x00e78023) mem 0x000000008001209c 0x00
core   0: 0x000000008000feea (0xfc843703) ld      a4, -56(s0)
core   0: 3 0x000000008000feea (0xfc843703) x14 0x0000000080012040 mem 0x0000000080031f38
core   0: 0x000000008000feee (0xfb843783) ld      a5, -72(s0)
core   0: 3 0x000000008000feee (0xfb843783) x15 0x000000000000009c mem 0x0000000080031f28
core   0: 0x000000008000fef2 (0x000097ba) c.add   a5, a4
core   0: 3 0x000000008000fef2 (0x97ba) x15 0x00000000800120dc
core   0: 0x000000008000fef4 (0xfe043703) ld      a4, -32(s0)
core   0: 3 0x000000008000fef4 (0xfe043703) x14 0x000000008001209d mem 0x0000000080031f50
core   0: 0x000000008000fef8 (0xfcf76de3) bltu    a4, a5, pc - 38
core   0: 3 0x000000008000fef8 (0xfcf76de3)
core   0: 0x000000008000fed2 (0xfe043783) ld      a5, -32(s0)
core   0: 3 0x000000008000fed2 (0xfe043783) x15 0x000000008001209d mem 0x0000000080031f50
core   0: 0x000000008000fed6 (0x00178713) addi    a4, a5, 1
core   0: 3 0x000000008000fed6 (0x00178713) x14 0x000000008001209e
core   0: 0x000000008000feda (0xfee43023) sd      a4, -32(s0)
core   0: 3 0x000000008000feda (0xfee43023) mem 0x0000000080031f50 0x000000008001209e
core   0: 0x000000008000fede (0xfc442703) lw      a4, -60(s0)
core   0: 3 0x000000008000fede (0xfc442703) x14 0x0000000000000000 mem 0x0000000080031f34
core   0: 0x000000008000fee2 (0x0ff77713) andi    a4, a4, 255
core   0: 3 0x000000008000fee2 (0x0ff77713) x14 0x0000000000000000
core   0: 0x000000008000fee6 (0x00e78023) sb      a4, 0(a5)
core   0: 3 0x000000008000fee6 (0x00e78023) mem 0x000000008001209d 0x00
core   0: 0x000000008000feea (0xfc843703) ld      a4, -56(s0)
core   0: 3 0x000000008000feea (0xfc843703) x14 0x0000000080012040 mem 0x0000000080031f38
core   0: 0x000000008000feee (0xfb843783) ld      a5, -72(s0)
core   0: 3 0x000000008000feee (0xfb843783) x15 0x000000000000009c mem 0x0000000080031f28
core   0: 0x000000008000fef2 (0x000097ba) c.add   a5, a4
core   0: 3 0x000000008000fef2 (0x97ba) x15 0x00000000800120dc
core   0: 0x000000008000fef4 (0xfe043703) ld      a4, -32(s0)
core   0: 3 0x000000008000fef4 (0xfe043703) x14 0x000000008001209e mem 0x0000000080031f50
core   0: 0x000000008000fef8 (0xfcf76de3) bltu    a4, a5, pc - 38
core   0: 3 0x000000008000fef8 (0xfcf76de3)
core   0: 0x000000008000fed2 (0xfe043783) ld      a5, -32(s0)
core   0: 3 0x000000008000fed2 (0xfe043783) x15 0x000000008001209e mem 0x0000000080031f50
core   0: 0x000000008000fed6 (0x00178713) addi    a4, a5, 1
core   0: 3 0x000000008000fed6 (0x00178713) x14 0x000000008001209f
core   0: 0x000000008000feda (0xfee43023) sd      a4, -32(s0)
core   0: 3 0x000000008000feda (0xfee43023) mem 0x0000000080031f50 0x000000008001209f
core   0: 0x000000008000fede (0xfc442703) lw      a4, -60(s0)
core   0: 3 0x000000008000fede (0xfc442703) x14 0x0000000000000000 mem 0x0000000080031f34
core   0: 0x000000008000fee2 (0x0ff77713) andi    a4, a4, 255
core   0: 3 0x000000008000fee2 (0x0ff77713) x14 0x0000000000000000
core   0: 0x000000008000fee6 (0x00e78023) sb      a4, 0(a5)
core   0: 3 0x000000008000fee6 (0x00e78023) mem 0x000000008001209e 0x00
core   0: 0x000000008000feea (0xfc843703) ld      a4, -56(s0)
core   0: 3 0x000000008000feea (0xfc843703) x14 0x0000000080012040 mem 0x0000000080031f38
core   0: 0x000000008000feee (0xfb843783) ld      a5, -72(s0)
core   0: 3 0x000000008000feee (0xfb843783) x15 0x000000000000009c mem 0x0000000080031f28
core   0: 0x000000008000fef2 (0x000097ba) c.add   a5, a4
core   0: 3 0x000000008000fef2 (0x97ba) x15 0x00000000800120dc
core   0: 0x000000008000fef4 (0xfe043703) ld      a4, -32(s0)
core   0: 3 0x000000008000fef4 (0xfe043703) x14 0x000000008001209f mem 0x0000000080031f50
core   0: 0x000000008000fef8 (0xfcf76de3) bltu    a4, a5, pc - 38
core   0: 3 0x000000008000fef8 (0xfcf76de3)
core   0: 0x000000008000fed2 (0xfe043783) ld      a5, -32(s0)
core   0: 3 0x000000008000fed2 (0xfe043783) x15 0x000000008001209f mem 0x0000000080031f50
core   0: 0x000000008000fed6 (0x00178713) addi    a4, a5, 1
core   0: 3 0x000000008000fed6 (0x00178713) x14 0x00000000800120a0
core   0: 0x000000008000feda (0xfee43023) sd      a4, -32(s0)
core   0: 3 0x000000008000feda (0xfee43023) mem 0x0000000080031f50 0x00000000800120a0
core   0: 0x000000008000fede (0xfc442703) lw      a4, -60(s0)
core   0: 3 0x000000008000fede (0xfc442703) x14 0x0000000000000000 mem 0x0000000080031f34
core   0: 0x000000008000fee2 (0x0ff77713) andi    a4, a4, 255
core   0: 3 0x000000008000fee2 (0x0ff77713) x14 0x0000000000000000
core   0: 0x000000008000fee6 (0x00e78023) sb      a4, 0(a5)
core   0: 3 0x000000008000fee6 (0x00e78023) mem 0x000000008001209f 0x00
core   0: 0x000000008000feea (0xfc843703) ld      a4, -56(s0)
core   0: 3 0x000000008000feea (0xfc843703) x14 0x0000000080012040 mem 0x0000000080031f38
core   0: 0x000000008000feee (0xfb843783) ld      a5, -72(s0)
core   0: 3 0x000000008000feee (0xfb843783) x15 0x000000000000009c mem 0x0000000080031f28
core   0: 0x000000008000fef2 (0x000097ba) c.add   a5, a4
core   0: 3 0x000000008000fef2 (0x97ba) x15 0x00000000800120dc
core   0: 0x000000008000fef4 (0xfe043703) ld      a4, -32(s0)
core   0: 3 0x000000008000fef4 (0xfe043703) x14 0x00000000800120a0 mem 0x0000000080031f50
core   0: 0x000000008000fef8 (0xfcf76de3) bltu    a4, a5, pc - 38
core   0: 3 0x000000008000fef8 (0xfcf76de3)
core   0: 0x000000008000fed2 (0xfe043783) ld      a5, -32(s0)
core   0: 3 0x000000008000fed2 (0xfe043783) x15 0x00000000800120a0 mem 0x0000000080031f50
core   0: 0x000000008000fed6 (0x00178713) addi    a4, a5, 1
core   0: 3 0x000000008000fed6 (0x00178713) x14 0x00000000800120a1
core   0: 0x000000008000feda (0xfee43023) sd      a4, -32(s0)
core   0: 3 0x000000008000feda (0xfee43023) mem 0x0000000080031f50 0x00000000800120a1
core   0: 0x000000008000fede (0xfc442703) lw      a4, -60(s0)
core   0: 3 0x000000008000fede (0xfc442703) x14 0x0000000000000000 mem 0x0000000080031f34
core   0: 0x000000008000fee2 (0x0ff77713) andi    a4, a4, 255
core   0: 3 0x000000008000fee2 (0x0ff77713) x14 0x0000000000000000
core   0: 0x000000008000fee6 (0x00e78023) sb      a4, 0(a5)
core   0: 3 0x000000008000fee6 (0x00e78023) mem 0x00000000800120a0 0x00
core   0: 0x000000008000feea (0xfc843703) ld      a4, -56(s0)
core   0: 3 0x000000008000feea (0xfc843703) x14 0x0000000080012040 mem 0x0000000080031f38
core   0: 0x000000008000feee (0xfb843783) ld      a5, -72(s0)
core   0: 3 0x000000008000feee (0xfb843783) x15 0x000000000000009c mem 0x0000000080031f28
core   0: 0x000000008000fef2 (0x000097ba) c.add   a5, a4
core   0: 3 0x000000008000fef2 (0x97ba) x15 0x00000000800120dc
core   0: 0x000000008000fef4 (0xfe043703) ld      a4, -32(s0)
core   0: 3 0x000000008000fef4 (0xfe043703) x14 0x00000000800120a1 mem 0x0000000080031f50
core   0: 0x000000008000fef8 (0xfcf76de3) bltu    a4, a5, pc - 38
core   0: 3 0x000000008000fef8 (0xfcf76de3)
core   0: 0x000000008000fed2 (0xfe043783) ld      a5, -32(s0)
core   0: 3 0x000000008000fed2 (0xfe043783) x15 0x00000000800120a1 mem 0x0000000080031f50
core   0: 0x000000008000fed6 (0x00178713) addi    a4, a5, 1
core   0: 3 0x000000008000fed6 (0x00178713) x14 0x00000000800120a2
core   0: 0x000000008000feda (0xfee43023) sd      a4, -32(s0)
core   0: 3 0x000000008000feda (0xfee43023) mem 0x0000000080031f50 0x00000000800120a2
core   0: 0x000000008000fede (0xfc442703) lw      a4, -60(s0)
core   0: 3 0x000000008000fede (0xfc442703) x14 0x0000000000000000 mem 0x0000000080031f34
core   0: 0x000000008000fee2 (0x0ff77713) andi    a4, a4, 255
core   0: 3 0x000000008000fee2 (0x0ff77713) x14 0x0000000000000000
core   0: 0x000000008000fee6 (0x00e78023) sb      a4, 0(a5)
core   0: 3 0x000000008000fee6 (0x00e78023) mem 0x00000000800120a1 0x00
core   0: 0x000000008000feea (0xfc843703) ld      a4, -56(s0)
core   0: 3 0x000000008000feea (0xfc843703) x14 0x0000000080012040 mem 0x0000000080031f38
core   0: 0x000000008000feee (0xfb843783) ld      a5, -72(s0)
core   0: 3 0x000000008000feee (0xfb843783) x15 0x000000000000009c mem 0x0000000080031f28
core   0: 0x000000008000fef2 (0x000097ba) c.add   a5, a4
core   0: 3 0x000000008000fef2 (0x97ba) x15 0x00000000800120dc
core   0: 0x000000008000fef4 (0xfe043703) ld      a4, -32(s0)
core   0: 3 0x000000008000fef4 (0xfe043703) x14 0x00000000800120a2 mem 0x0000000080031f50
core   0: 0x000000008000fef8 (0xfcf76de3) bltu    a4, a5, pc - 38
core   0: 3 0x000000008000fef8 (0xfcf76de3)
core   0: 0x000000008000fed2 (0xfe043783) ld      a5, -32(s0)
core   0: 3 0x000000008000fed2 (0xfe043783) x15 0x00000000800120a2 mem 0x0000000080031f50
core   0: 0x000000008000fed6 (0x00178713) addi    a4, a5, 1
core   0: 3 0x000000008000fed6 (0x00178713) x14 0x00000000800120a3
core   0: 0x000000008000feda (0xfee43023) sd      a4, -32(s0)
core   0: 3 0x000000008000feda (0xfee43023) mem 0x0000000080031f50 0x00000000800120a3
core   0: 0x000000008000fede (0xfc442703) lw      a4, -60(s0)
core   0: 3 0x000000008000fede (0xfc442703) x14 0x0000000000000000 mem 0x0000000080031f34
core   0: 0x000000008000fee2 (0x0ff77713) andi    a4, a4, 255
core   0: 3 0x000000008000fee2 (0x0ff77713) x14 0x0000000000000000
core   0: 0x000000008000fee6 (0x00e78023) sb      a4, 0(a5)
core   0: 3 0x000000008000fee6 (0x00e78023) mem 0x00000000800120a2 0x00
core   0: 0x000000008000feea (0xfc843703) ld      a4, -56(s0)
core   0: 3 0x000000008000feea (0xfc843703) x14 0x0000000080012040 mem 0x0000000080031f38
core   0: 0x000000008000feee (0xfb843783) ld      a5, -72(s0)
core   0: 3 0x000000008000feee (0xfb843783) x15 0x000000000000009c mem 0x0000000080031f28
core   0: 0x000000008000fef2 (0x000097ba) c.add   a5, a4
core   0: 3 0x000000008000fef2 (0x97ba) x15 0x00000000800120dc
core   0: 0x000000008000fef4 (0xfe043703) ld      a4, -32(s0)
core   0: 3 0x000000008000fef4 (0xfe043703) x14 0x00000000800120a3 mem 0x0000000080031f50
core   0: 0x000000008000fef8 (0xfcf76de3) bltu    a4, a5, pc - 38
core   0: 3 0x000000008000fef8 (0xfcf76de3)
core   0: 0x000000008000fed2 (0xfe043783) ld      a5, -32(s0)
core   0: 3 0x000000008000fed2 (0xfe043783) x15 0x00000000800120a3 mem 0x0000000080031f50
core   0: 0x000000008000fed6 (0x00178713) addi    a4, a5, 1
core   0: 3 0x000000008000fed6 (0x00178713) x14 0x00000000800120a4
core   0: 0x000000008000feda (0xfee43023) sd      a4, -32(s0)
core   0: 3 0x000000008000feda (0xfee43023) mem 0x0000000080031f50 0x00000000800120a4
core   0: 0x000000008000fede (0xfc442703) lw      a4, -60(s0)
core   0: 3 0x000000008000fede (0xfc442703) x14 0x0000000000000000 mem 0x0000000080031f34
core   0: 0x000000008000fee2 (0x0ff77713) andi    a4, a4, 255
core   0: 3 0x000000008000fee2 (0x0ff77713) x14 0x0000000000000000
core   0: 0x000000008000fee6 (0x00e78023) sb      a4, 0(a5)
core   0: 3 0x000000008000fee6 (0x00e78023) mem 0x00000000800120a3 0x00
core   0: 0x000000008000feea (0xfc843703) ld      a4, -56(s0)
core   0: 3 0x000000008000feea (0xfc843703) x14 0x0000000080012040 mem 0x0000000080031f38
core   0: 0x000000008000feee (0xfb843783) ld      a5, -72(s0)
core   0: 3 0x000000008000feee (0xfb843783) x15 0x000000000000009c mem 0x0000000080031f28
core   0: 0x000000008000fef2 (0x000097ba) c.add   a5, a4
core   0: 3 0x000000008000fef2 (0x97ba) x15 0x00000000800120dc
core   0: 0x000000008000fef4 (0xfe043703) ld      a4, -32(s0)
core   0: 3 0x000000008000fef4 (0xfe043703) x14 0x00000000800120a4 mem 0x0000000080031f50
core   0: 0x000000008000fef8 (0xfcf76de3) bltu    a4, a5, pc - 38
core   0: 3 0x000000008000fef8 (0xfcf76de3)
core   0: 0x000000008000fed2 (0xfe043783) ld      a5, -32(s0)
core   0: 3 0x000000008000fed2 (0xfe043783) x15 0x00000000800120a4 mem 0x0000000080031f50
core   0: 0x000000008000fed6 (0x00178713) addi    a4, a5, 1
core   0: 3 0x000000008000fed6 (0x00178713) x14 0x00000000800120a5
core   0: 0x000000008000feda (0xfee43023) sd      a4, -32(s0)
core   0: 3 0x000000008000feda (0xfee43023) mem 0x0000000080031f50 0x00000000800120a5
core   0: 0x000000008000fede (0xfc442703) lw      a4, -60(s0)
core   0: 3 0x000000008000fede (0xfc442703) x14 0x0000000000000000 mem 0x0000000080031f34
core   0: 0x000000008000fee2 (0x0ff77713) andi    a4, a4, 255
core   0: 3 0x000000008000fee2 (0x0ff77713) x14 0x0000000000000000
core   0: 0x000000008000fee6 (0x00e78023) sb      a4, 0(a5)
core   0: 3 0x000000008000fee6 (0x00e78023) mem 0x00000000800120a4 0x00
core   0: 0x000000008000feea (0xfc843703) ld      a4, -56(s0)
core   0: 3 0x000000008000feea (0xfc843703) x14 0x0000000080012040 mem 0x0000000080031f38
core   0: 0x000000008000feee (0xfb843783) ld      a5, -72(s0)
core   0: 3 0x000000008000feee (0xfb843783) x15 0x000000000000009c mem 0x0000000080031f28
core   0: 0x000000008000fef2 (0x000097ba) c.add   a5, a4
core   0: 3 0x000000008000fef2 (0x97ba) x15 0x00000000800120dc
core   0: 0x000000008000fef4 (0xfe043703) ld      a4, -32(s0)
core   0: 3 0x000000008000fef4 (0xfe043703) x14 0x00000000800120a5 mem 0x0000000080031f50
core   0: 0x000000008000fef8 (0xfcf76de3) bltu    a4, a5, pc - 38
core   0: 3 0x000000008000fef8 (0xfcf76de3)
core   0: 0x000000008000fed2 (0xfe043783) ld      a5, -32(s0)
core   0: 3 0x000000008000fed2 (0xfe043783) x15 0x00000000800120a5 mem 0x0000000080031f50
core   0: 0x000000008000fed6 (0x00178713) addi    a4, a5, 1
core   0: 3 0x000000008000fed6 (0x00178713) x14 0x00000000800120a6
core   0: 0x000000008000feda (0xfee43023) sd      a4, -32(s0)
core   0: 3 0x000000008000feda (0xfee43023) mem 0x0000000080031f50 0x00000000800120a6
core   0: 0x000000008000fede (0xfc442703) lw      a4, -60(s0)
core   0: 3 0x000000008000fede (0xfc442703) x14 0x0000000000000000 mem 0x0000000080031f34
core   0: 0x000000008000fee2 (0x0ff77713) andi    a4, a4, 255
core   0: 3 0x000000008000fee2 (0x0ff77713) x14 0x0000000000000000
core   0: 0x000000008000fee6 (0x00e78023) sb      a4, 0(a5)
core   0: 3 0x000000008000fee6 (0x00e78023) mem 0x00000000800120a5 0x00
core   0: 0x000000008000feea (0xfc843703) ld      a4, -56(s0)
core   0: 3 0x000000008000feea (0xfc843703) x14 0x0000000080012040 mem 0x0000000080031f38
core   0: 0x000000008000feee (0xfb843783) ld      a5, -72(s0)
core   0: 3 0x000000008000feee (0xfb843783) x15 0x000000000000009c mem 0x0000000080031f28
core   0: 0x000000008000fef2 (0x000097ba) c.add   a5, a4
core   0: 3 0x000000008000fef2 (0x97ba) x15 0x00000000800120dc
core   0: 0x000000008000fef4 (0xfe043703) ld      a4, -32(s0)
core   0: 3 0x000000008000fef4 (0xfe043703) x14 0x00000000800120a6 mem 0x0000000080031f50
core   0: 0x000000008000fef8 (0xfcf76de3) bltu    a4, a5, pc - 38
core   0: 3 0x000000008000fef8 (0xfcf76de3)
core   0: 0x000000008000fed2 (0xfe043783) ld      a5, -32(s0)
core   0: 3 0x000000008000fed2 (0xfe043783) x15 0x00000000800120a6 mem 0x0000000080031f50
core   0: 0x000000008000fed6 (0x00178713) addi    a4, a5, 1
core   0: 3 0x000000008000fed6 (0x00178713) x14 0x00000000800120a7
core   0: 0x000000008000feda (0xfee43023) sd      a4, -32(s0)
core   0: 3 0x000000008000feda (0xfee43023) mem 0x0000000080031f50 0x00000000800120a7
core   0: 0x000000008000fede (0xfc442703) lw      a4, -60(s0)
core   0: 3 0x000000008000fede (0xfc442703) x14 0x0000000000000000 mem 0x0000000080031f34
core   0: 0x000000008000fee2 (0x0ff77713) andi    a4, a4, 255
core   0: 3 0x000000008000fee2 (0x0ff77713) x14 0x0000000000000000
core   0: 0x000000008000fee6 (0x00e78023) sb      a4, 0(a5)
core   0: 3 0x000000008000fee6 (0x00e78023) mem 0x00000000800120a6 0x00
core   0: 0x000000008000feea (0xfc843703) ld      a4, -56(s0)
core   0: 3 0x000000008000feea (0xfc843703) x14 0x0000000080012040 mem 0x0000000080031f38
core   0: 0x000000008000feee (0xfb843783) ld      a5, -72(s0)
core   0: 3 0x000000008000feee (0xfb843783) x15 0x000000000000009c mem 0x0000000080031f28
core   0: 0x000000008000fef2 (0x000097ba) c.add   a5, a4
core   0: 3 0x000000008000fef2 (0x97ba) x15 0x00000000800120dc
core   0: 0x000000008000fef4 (0xfe043703) ld      a4, -32(s0)
core   0: 3 0x000000008000fef4 (0xfe043703) x14 0x00000000800120a7 mem 0x0000000080031f50
core   0: 0x000000008000fef8 (0xfcf76de3) bltu    a4, a5, pc - 38
core   0: 3 0x000000008000fef8 (0xfcf76de3)
core   0: 0x000000008000fed2 (0xfe043783) ld      a5, -32(s0)
core   0: 3 0x000000008000fed2 (0xfe043783) x15 0x00000000800120a7 mem 0x0000000080031f50
core   0: 0x000000008000fed6 (0x00178713) addi    a4, a5, 1
core   0: 3 0x000000008000fed6 (0x00178713) x14 0x00000000800120a8
core   0: 0x000000008000feda (0xfee43023) sd      a4, -32(s0)
core   0: 3 0x000000008000feda (0xfee43023) mem 0x0000000080031f50 0x00000000800120a8
core   0: 0x000000008000fede (0xfc442703) lw      a4, -60(s0)
core   0: 3 0x000000008000fede (0xfc442703) x14 0x0000000000000000 mem 0x0000000080031f34
core   0: 0x000000008000fee2 (0x0ff77713) andi    a4, a4, 255
core   0: 3 0x000000008000fee2 (0x0ff77713) x14 0x0000000000000000
core   0: 0x000000008000fee6 (0x00e78023) sb      a4, 0(a5)
core   0: 3 0x000000008000fee6 (0x00e78023) mem 0x00000000800120a7 0x00
core   0: 0x000000008000feea (0xfc843703) ld      a4, -56(s0)
core   0: 3 0x000000008000feea (0xfc843703) x14 0x0000000080012040 mem 0x0000000080031f38
core   0: 0x000000008000feee (0xfb843783) ld      a5, -72(s0)
core   0: 3 0x000000008000feee (0xfb843783) x15 0x000000000000009c mem 0x0000000080031f28
core   0: 0x000000008000fef2 (0x000097ba) c.add   a5, a4
core   0: 3 0x000000008000fef2 (0x97ba) x15 0x00000000800120dc
core   0: 0x000000008000fef4 (0xfe043703) ld      a4, -32(s0)
core   0: 3 0x000000008000fef4 (0xfe043703) x14 0x00000000800120a8 mem 0x0000000080031f50
core   0: 0x000000008000fef8 (0xfcf76de3) bltu    a4, a5, pc - 38
core   0: 3 0x000000008000fef8 (0xfcf76de3)
core   0: 0x000000008000fed2 (0xfe043783) ld      a5, -32(s0)
core   0: 3 0x000000008000fed2 (0xfe043783) x15 0x00000000800120a8 mem 0x0000000080031f50
core   0: 0x000000008000fed6 (0x00178713) addi    a4, a5, 1
core   0: 3 0x000000008000fed6 (0x00178713) x14 0x00000000800120a9
core   0: 0x000000008000feda (0xfee43023) sd      a4, -32(s0)
core   0: 3 0x000000008000feda (0xfee43023) mem 0x0000000080031f50 0x00000000800120a9
core   0: 0x000000008000fede (0xfc442703) lw      a4, -60(s0)
core   0: 3 0x000000008000fede (0xfc442703) x14 0x0000000000000000 mem 0x0000000080031f34
core   0: 0x000000008000fee2 (0x0ff77713) andi    a4, a4, 255
core   0: 3 0x000000008000fee2 (0x0ff77713) x14 0x0000000000000000
core   0: 0x000000008000fee6 (0x00e78023) sb      a4, 0(a5)
core   0: 3 0x000000008000fee6 (0x00e78023) mem 0x00000000800120a8 0x00
core   0: 0x000000008000feea (0xfc843703) ld      a4, -56(s0)
core   0: 3 0x000000008000feea (0xfc843703) x14 0x0000000080012040 mem 0x0000000080031f38
core   0: 0x000000008000feee (0xfb843783) ld      a5, -72(s0)
core   0: 3 0x000000008000feee (0xfb843783) x15 0x000000000000009c mem 0x0000000080031f28
core   0: 0x000000008000fef2 (0x000097ba) c.add   a5, a4
core   0: 3 0x000000008000fef2 (0x97ba) x15 0x00000000800120dc
core   0: 0x000000008000fef4 (0xfe043703) ld      a4, -32(s0)
core   0: 3 0x000000008000fef4 (0xfe043703) x14 0x00000000800120a9 mem 0x0000000080031f50
core   0: 0x000000008000fef8 (0xfcf76de3) bltu    a4, a5, pc - 38
core   0: 3 0x000000008000fef8 (0xfcf76de3)
core   0: 0x000000008000fed2 (0xfe043783) ld      a5, -32(s0)
core   0: 3 0x000000008000fed2 (0xfe043783) x15 0x00000000800120a9 mem 0x0000000080031f50
core   0: 0x000000008000fed6 (0x00178713) addi    a4, a5, 1
core   0: 3 0x000000008000fed6 (0x00178713) x14 0x00000000800120aa
core   0: 0x000000008000feda (0xfee43023) sd      a4, -32(s0)
core   0: 3 0x000000008000feda (0xfee43023) mem 0x0000000080031f50 0x00000000800120aa
core   0: 0x000000008000fede (0xfc442703) lw      a4, -60(s0)
core   0: 3 0x000000008000fede (0xfc442703) x14 0x0000000000000000 mem 0x0000000080031f34
core   0: 0x000000008000fee2 (0x0ff77713) andi    a4, a4, 255
core   0: 3 0x000000008000fee2 (0x0ff77713) x14 0x0000000000000000
core   0: 0x000000008000fee6 (0x00e78023) sb      a4, 0(a5)
core   0: 3 0x000000008000fee6 (0x00e78023) mem 0x00000000800120a9 0x00
core   0: 0x000000008000feea (0xfc843703) ld      a4, -56(s0)
core   0: 3 0x000000008000feea (0xfc843703) x14 0x0000000080012040 mem 0x0000000080031f38
core   0: 0x000000008000feee (0xfb843783) ld      a5, -72(s0)
core   0: 3 0x000000008000feee (0xfb843783) x15 0x000000000000009c mem 0x0000000080031f28
core   0: 0x000000008000fef2 (0x000097ba) c.add   a5, a4
core   0: 3 0x000000008000fef2 (0x97ba) x15 0x00000000800120dc
core   0: 0x000000008000fef4 (0xfe043703) ld      a4, -32(s0)
core   0: 3 0x000000008000fef4 (0xfe043703) x14 0x00000000800120aa mem 0x0000000080031f50
core   0: 0x000000008000fef8 (0xfcf76de3) bltu    a4, a5, pc - 38
core   0: 3 0x000000008000fef8 (0xfcf76de3)
core   0: 0x000000008000fed2 (0xfe043783) ld      a5, -32(s0)
core   0: 3 0x000000008000fed2 (0xfe043783) x15 0x00000000800120aa mem 0x0000000080031f50
core   0: 0x000000008000fed6 (0x00178713) addi    a4, a5, 1
core   0: 3 0x000000008000fed6 (0x00178713) x14 0x00000000800120ab
core   0: 0x000000008000feda (0xfee43023) sd      a4, -32(s0)
core   0: 3 0x000000008000feda (0xfee43023) mem 0x0000000080031f50 0x00000000800120ab
core   0: 0x000000008000fede (0xfc442703) lw      a4, -60(s0)
core   0: 3 0x000000008000fede (0xfc442703) x14 0x0000000000000000 mem 0x0000000080031f34
core   0: 0x000000008000fee2 (0x0ff77713) andi    a4, a4, 255
core   0: 3 0x000000008000fee2 (0x0ff77713) x14 0x0000000000000000
core   0: 0x000000008000fee6 (0x00e78023) sb      a4, 0(a5)
core   0: 3 0x000000008000fee6 (0x00e78023) mem 0x00000000800120aa 0x00
core   0: 0x000000008000feea (0xfc843703) ld      a4, -56(s0)
core   0: 3 0x000000008000feea (0xfc843703) x14 0x0000000080012040 mem 0x0000000080031f38
core   0: 0x000000008000feee (0xfb843783) ld      a5, -72(s0)
core   0: 3 0x000000008000feee (0xfb843783) x15 0x000000000000009c mem 0x0000000080031f28
core   0: 0x000000008000fef2 (0x000097ba) c.add   a5, a4
core   0: 3 0x000000008000fef2 (0x97ba) x15 0x00000000800120dc
core   0: 0x000000008000fef4 (0xfe043703) ld      a4, -32(s0)
core   0: 3 0x000000008000fef4 (0xfe043703) x14 0x00000000800120ab mem 0x0000000080031f50
core   0: 0x000000008000fef8 (0xfcf76de3) bltu    a4, a5, pc - 38
core   0: 3 0x000000008000fef8 (0xfcf76de3)
core   0: 0x000000008000fed2 (0xfe043783) ld      a5, -32(s0)
core   0: 3 0x000000008000fed2 (0xfe043783) x15 0x00000000800120ab mem 0x0000000080031f50
core   0: 0x000000008000fed6 (0x00178713) addi    a4, a5, 1
core   0: 3 0x000000008000fed6 (0x00178713) x14 0x00000000800120ac
core   0: 0x000000008000feda (0xfee43023) sd      a4, -32(s0)
core   0: 3 0x000000008000feda (0xfee43023) mem 0x0000000080031f50 0x00000000800120ac
core   0: 0x000000008000fede (0xfc442703) lw      a4, -60(s0)
core   0: 3 0x000000008000fede (0xfc442703) x14 0x0000000000000000 mem 0x0000000080031f34
core   0: 0x000000008000fee2 (0x0ff77713) andi    a4, a4, 255
core   0: 3 0x000000008000fee2 (0x0ff77713) x14 0x0000000000000000
core   0: 0x000000008000fee6 (0x00e78023) sb      a4, 0(a5)
core   0: 3 0x000000008000fee6 (0x00e78023) mem 0x00000000800120ab 0x00
core   0: 0x000000008000feea (0xfc843703) ld      a4, -56(s0)
core   0: 3 0x000000008000feea (0xfc843703) x14 0x0000000080012040 mem 0x0000000080031f38
core   0: 0x000000008000feee (0xfb843783) ld      a5, -72(s0)
core   0: 3 0x000000008000feee (0xfb843783) x15 0x000000000000009c mem 0x0000000080031f28
core   0: 0x000000008000fef2 (0x000097ba) c.add   a5, a4
core   0: 3 0x000000008000fef2 (0x97ba) x15 0x00000000800120dc
core   0: 0x000000008000fef4 (0xfe043703) ld      a4, -32(s0)
core   0: 3 0x000000008000fef4 (0xfe043703) x14 0x00000000800120ac mem 0x0000000080031f50
core   0: 0x000000008000fef8 (0xfcf76de3) bltu    a4, a5, pc - 38
core   0: 3 0x000000008000fef8 (0xfcf76de3)
core   0: 0x000000008000fed2 (0xfe043783) ld      a5, -32(s0)
core   0: 3 0x000000008000fed2 (0xfe043783) x15 0x00000000800120ac mem 0x0000000080031f50
core   0: 0x000000008000fed6 (0x00178713) addi    a4, a5, 1
core   0: 3 0x000000008000fed6 (0x00178713) x14 0x00000000800120ad
core   0: 0x000000008000feda (0xfee43023) sd      a4, -32(s0)
core   0: 3 0x000000008000feda (0xfee43023) mem 0x0000000080031f50 0x00000000800120ad
core   0: 0x000000008000fede (0xfc442703) lw      a4, -60(s0)
core   0: 3 0x000000008000fede (0xfc442703) x14 0x0000000000000000 mem 0x0000000080031f34
core   0: 0x000000008000fee2 (0x0ff77713) andi    a4, a4, 255
core   0: 3 0x000000008000fee2 (0x0ff77713) x14 0x0000000000000000
core   0: 0x000000008000fee6 (0x00e78023) sb      a4, 0(a5)
core   0: 3 0x000000008000fee6 (0x00e78023) mem 0x00000000800120ac 0x00
core   0: 0x000000008000feea (0xfc843703) ld      a4, -56(s0)
core   0: 3 0x000000008000feea (0xfc843703) x14 0x0000000080012040 mem 0x0000000080031f38
core   0: 0x000000008000feee (0xfb843783) ld      a5, -72(s0)
core   0: 3 0x000000008000feee (0xfb843783) x15 0x000000000000009c mem 0x0000000080031f28
core   0: 0x000000008000fef2 (0x000097ba) c.add   a5, a4
core   0: 3 0x000000008000fef2 (0x97ba) x15 0x00000000800120dc
core   0: 0x000000008000fef4 (0xfe043703) ld      a4, -32(s0)
core   0: 3 0x000000008000fef4 (0xfe043703) x14 0x00000000800120ad mem 0x0000000080031f50
core   0: 0x000000008000fef8 (0xfcf76de3) bltu    a4, a5, pc - 38
core   0: 3 0x000000008000fef8 (0xfcf76de3)
core   0: 0x000000008000fed2 (0xfe043783) ld      a5, -32(s0)
core   0: 3 0x000000008000fed2 (0xfe043783) x15 0x00000000800120ad mem 0x0000000080031f50
core   0: 0x000000008000fed6 (0x00178713) addi    a4, a5, 1
core   0: 3 0x000000008000fed6 (0x00178713) x14 0x00000000800120ae
core   0: 0x000000008000feda (0xfee43023) sd      a4, -32(s0)
core   0: 3 0x000000008000feda (0xfee43023) mem 0x0000000080031f50 0x00000000800120ae
core   0: 0x000000008000fede (0xfc442703) lw      a4, -60(s0)
core   0: 3 0x000000008000fede (0xfc442703) x14 0x0000000000000000 mem 0x0000000080031f34
core   0: 0x000000008000fee2 (0x0ff77713) andi    a4, a4, 255
core   0: 3 0x000000008000fee2 (0x0ff77713) x14 0x0000000000000000
core   0: 0x000000008000fee6 (0x00e78023) sb      a4, 0(a5)
core   0: 3 0x000000008000fee6 (0x00e78023) mem 0x00000000800120ad 0x00
core   0: 0x000000008000feea (0xfc843703) ld      a4, -56(s0)
core   0: 3 0x000000008000feea (0xfc843703) x14 0x0000000080012040 mem 0x0000000080031f38
core   0: 0x000000008000feee (0xfb843783) ld      a5, -72(s0)
core   0: 3 0x000000008000feee (0xfb843783) x15 0x000000000000009c mem 0x0000000080031f28
core   0: 0x000000008000fef2 (0x000097ba) c.add   a5, a4
core   0: 3 0x000000008000fef2 (0x97ba) x15 0x00000000800120dc
core   0: 0x000000008000fef4 (0xfe043703) ld      a4, -32(s0)
core   0: 3 0x000000008000fef4 (0xfe043703) x14 0x00000000800120ae mem 0x0000000080031f50
core   0: 0x000000008000fef8 (0xfcf76de3) bltu    a4, a5, pc - 38
core   0: 3 0x000000008000fef8 (0xfcf76de3)
core   0: 0x000000008000fed2 (0xfe043783) ld      a5, -32(s0)
core   0: 3 0x000000008000fed2 (0xfe043783) x15 0x00000000800120ae mem 0x0000000080031f50
core   0: 0x000000008000fed6 (0x00178713) addi    a4, a5, 1
core   0: 3 0x000000008000fed6 (0x00178713) x14 0x00000000800120af
core   0: 0x000000008000feda (0xfee43023) sd      a4, -32(s0)
core   0: 3 0x000000008000feda (0xfee43023) mem 0x0000000080031f50 0x00000000800120af
core   0: 0x000000008000fede (0xfc442703) lw      a4, -60(s0)
core   0: 3 0x000000008000fede (0xfc442703) x14 0x0000000000000000 mem 0x0000000080031f34
core   0: 0x000000008000fee2 (0x0ff77713) andi    a4, a4, 255
core   0: 3 0x000000008000fee2 (0x0ff77713) x14 0x0000000000000000
core   0: 0x000000008000fee6 (0x00e78023) sb      a4, 0(a5)
core   0: 3 0x000000008000fee6 (0x00e78023) mem 0x00000000800120ae 0x00
core   0: 0x000000008000feea (0xfc843703) ld      a4, -56(s0)
core   0: 3 0x000000008000feea (0xfc843703) x14 0x0000000080012040 mem 0x0000000080031f38
core   0: 0x000000008000feee (0xfb843783) ld      a5, -72(s0)
core   0: 3 0x000000008000feee (0xfb843783) x15 0x000000000000009c mem 0x0000000080031f28
core   0: 0x000000008000fef2 (0x000097ba) c.add   a5, a4
core   0: 3 0x000000008000fef2 (0x97ba) x15 0x00000000800120dc
core   0: 0x000000008000fef4 (0xfe043703) ld      a4, -32(s0)
core   0: 3 0x000000008000fef4 (0xfe043703) x14 0x00000000800120af mem 0x0000000080031f50
core   0: 0x000000008000fef8 (0xfcf76de3) bltu    a4, a5, pc - 38
core   0: 3 0x000000008000fef8 (0xfcf76de3)
core   0: 0x000000008000fed2 (0xfe043783) ld      a5, -32(s0)
core   0: 3 0x000000008000fed2 (0xfe043783) x15 0x00000000800120af mem 0x0000000080031f50
core   0: 0x000000008000fed6 (0x00178713) addi    a4, a5, 1
core   0: 3 0x000000008000fed6 (0x00178713) x14 0x00000000800120b0
core   0: 0x000000008000feda (0xfee43023) sd      a4, -32(s0)
core   0: 3 0x000000008000feda (0xfee43023) mem 0x0000000080031f50 0x00000000800120b0
core   0: 0x000000008000fede (0xfc442703) lw      a4, -60(s0)
core   0: 3 0x000000008000fede (0xfc442703) x14 0x0000000000000000 mem 0x0000000080031f34
core   0: 0x000000008000fee2 (0x0ff77713) andi    a4, a4, 255
core   0: 3 0x000000008000fee2 (0x0ff77713) x14 0x0000000000000000
core   0: 0x000000008000fee6 (0x00e78023) sb      a4, 0(a5)
core   0: 3 0x000000008000fee6 (0x00e78023) mem 0x00000000800120af 0x00
core   0: 0x000000008000feea (0xfc843703) ld      a4, -56(s0)
core   0: 3 0x000000008000feea (0xfc843703) x14 0x0000000080012040 mem 0x0000000080031f38
core   0: 0x000000008000feee (0xfb843783) ld      a5, -72(s0)
core   0: 3 0x000000008000feee (0xfb843783) x15 0x000000000000009c mem 0x0000000080031f28
core   0: 0x000000008000fef2 (0x000097ba) c.add   a5, a4
core   0: 3 0x000000008000fef2 (0x97ba) x15 0x00000000800120dc
core   0: 0x000000008000fef4 (0xfe043703) ld      a4, -32(s0)
core   0: 3 0x000000008000fef4 (0xfe043703) x14 0x00000000800120b0 mem 0x0000000080031f50
core   0: 0x000000008000fef8 (0xfcf76de3) bltu    a4, a5, pc - 38
core   0: 3 0x000000008000fef8 (0xfcf76de3)
core   0: 0x000000008000fed2 (0xfe043783) ld      a5, -32(s0)
core   0: 3 0x000000008000fed2 (0xfe043783) x15 0x00000000800120b0 mem 0x0000000080031f50
core   0: 0x000000008000fed6 (0x00178713) addi    a4, a5, 1
core   0: 3 0x000000008000fed6 (0x00178713) x14 0x00000000800120b1
core   0: 0x000000008000feda (0xfee43023) sd      a4, -32(s0)
core   0: 3 0x000000008000feda (0xfee43023) mem 0x0000000080031f50 0x00000000800120b1
core   0: 0x000000008000fede (0xfc442703) lw      a4, -60(s0)
core   0: 3 0x000000008000fede (0xfc442703) x14 0x0000000000000000 mem 0x0000000080031f34
core   0: 0x000000008000fee2 (0x0ff77713) andi    a4, a4, 255
core   0: 3 0x000000008000fee2 (0x0ff77713) x14 0x0000000000000000
core   0: 0x000000008000fee6 (0x00e78023) sb      a4, 0(a5)
core   0: 3 0x000000008000fee6 (0x00e78023) mem 0x00000000800120b0 0x00
core   0: 0x000000008000feea (0xfc843703) ld      a4, -56(s0)
core   0: 3 0x000000008000feea (0xfc843703) x14 0x0000000080012040 mem 0x0000000080031f38
core   0: 0x000000008000feee (0xfb843783) ld      a5, -72(s0)
core   0: 3 0x000000008000feee (0xfb843783) x15 0x000000000000009c mem 0x0000000080031f28
core   0: 0x000000008000fef2 (0x000097ba) c.add   a5, a4
core   0: 3 0x000000008000fef2 (0x97ba) x15 0x00000000800120dc
core   0: 0x000000008000fef4 (0xfe043703) ld      a4, -32(s0)
core   0: 3 0x000000008000fef4 (0xfe043703) x14 0x00000000800120b1 mem 0x0000000080031f50
core   0: 0x000000008000fef8 (0xfcf76de3) bltu    a4, a5, pc - 38
core   0: 3 0x000000008000fef8 (0xfcf76de3)
core   0: 0x000000008000fed2 (0xfe043783) ld      a5, -32(s0)
core   0: 3 0x000000008000fed2 (0xfe043783) x15 0x00000000800120b1 mem 0x0000000080031f50
core   0: 0x000000008000fed6 (0x00178713) addi    a4, a5, 1
core   0: 3 0x000000008000fed6 (0x00178713) x14 0x00000000800120b2
core   0: 0x000000008000feda (0xfee43023) sd      a4, -32(s0)
core   0: 3 0x000000008000feda (0xfee43023) mem 0x0000000080031f50 0x00000000800120b2
core   0: 0x000000008000fede (0xfc442703) lw      a4, -60(s0)
core   0: 3 0x000000008000fede (0xfc442703) x14 0x0000000000000000 mem 0x0000000080031f34
core   0: 0x000000008000fee2 (0x0ff77713) andi    a4, a4, 255
core   0: 3 0x000000008000fee2 (0x0ff77713) x14 0x0000000000000000
core   0: 0x000000008000fee6 (0x00e78023) sb      a4, 0(a5)
core   0: 3 0x000000008000fee6 (0x00e78023) mem 0x00000000800120b1 0x00
core   0: 0x000000008000feea (0xfc843703) ld      a4, -56(s0)
core   0: 3 0x000000008000feea (0xfc843703) x14 0x0000000080012040 mem 0x0000000080031f38
core   0: 0x000000008000feee (0xfb843783) ld      a5, -72(s0)
core   0: 3 0x000000008000feee (0xfb843783) x15 0x000000000000009c mem 0x0000000080031f28
core   0: 0x000000008000fef2 (0x000097ba) c.add   a5, a4
core   0: 3 0x000000008000fef2 (0x97ba) x15 0x00000000800120dc
core   0: 0x000000008000fef4 (0xfe043703) ld      a4, -32(s0)
core   0: 3 0x000000008000fef4 (0xfe043703) x14 0x00000000800120b2 mem 0x0000000080031f50
core   0: 0x000000008000fef8 (0xfcf76de3) bltu    a4, a5, pc - 38
core   0: 3 0x000000008000fef8 (0xfcf76de3)
core   0: 0x000000008000fed2 (0xfe043783) ld      a5, -32(s0)
core   0: 3 0x000000008000fed2 (0xfe043783) x15 0x00000000800120b2 mem 0x0000000080031f50
core   0: 0x000000008000fed6 (0x00178713) addi    a4, a5, 1
core   0: 3 0x000000008000fed6 (0x00178713) x14 0x00000000800120b3
core   0: 0x000000008000feda (0xfee43023) sd      a4, -32(s0)
core   0: 3 0x000000008000feda (0xfee43023) mem 0x0000000080031f50 0x00000000800120b3
core   0: 0x000000008000fede (0xfc442703) lw      a4, -60(s0)
core   0: 3 0x000000008000fede (0xfc442703) x14 0x0000000000000000 mem 0x0000000080031f34
core   0: 0x000000008000fee2 (0x0ff77713) andi    a4, a4, 255
core   0: 3 0x000000008000fee2 (0x0ff77713) x14 0x0000000000000000
core   0: 0x000000008000fee6 (0x00e78023) sb      a4, 0(a5)
core   0: 3 0x000000008000fee6 (0x00e78023) mem 0x00000000800120b2 0x00
core   0: 0x000000008000feea (0xfc843703) ld      a4, -56(s0)
core   0: 3 0x000000008000feea (0xfc843703) x14 0x0000000080012040 mem 0x0000000080031f38
core   0: 0x000000008000feee (0xfb843783) ld      a5, -72(s0)
core   0: 3 0x000000008000feee (0xfb843783) x15 0x000000000000009c mem 0x0000000080031f28
core   0: 0x000000008000fef2 (0x000097ba) c.add   a5, a4
core   0: 3 0x000000008000fef2 (0x97ba) x15 0x00000000800120dc
core   0: 0x000000008000fef4 (0xfe043703) ld      a4, -32(s0)
core   0: 3 0x000000008000fef4 (0xfe043703) x14 0x00000000800120b3 mem 0x0000000080031f50
core   0: 0x000000008000fef8 (0xfcf76de3) bltu    a4, a5, pc - 38
core   0: 3 0x000000008000fef8 (0xfcf76de3)
core   0: 0x000000008000fed2 (0xfe043783) ld      a5, -32(s0)
core   0: 3 0x000000008000fed2 (0xfe043783) x15 0x00000000800120b3 mem 0x0000000080031f50
core   0: 0x000000008000fed6 (0x00178713) addi    a4, a5, 1
core   0: 3 0x000000008000fed6 (0x00178713) x14 0x00000000800120b4
core   0: 0x000000008000feda (0xfee43023) sd      a4, -32(s0)
core   0: 3 0x000000008000feda (0xfee43023) mem 0x0000000080031f50 0x00000000800120b4
core   0: 0x000000008000fede (0xfc442703) lw      a4, -60(s0)
core   0: 3 0x000000008000fede (0xfc442703) x14 0x0000000000000000 mem 0x0000000080031f34
core   0: 0x000000008000fee2 (0x0ff77713) andi    a4, a4, 255
core   0: 3 0x000000008000fee2 (0x0ff77713) x14 0x0000000000000000
core   0: 0x000000008000fee6 (0x00e78023) sb      a4, 0(a5)
core   0: 3 0x000000008000fee6 (0x00e78023) mem 0x00000000800120b3 0x00
core   0: 0x000000008000feea (0xfc843703) ld      a4, -56(s0)
core   0: 3 0x000000008000feea (0xfc843703) x14 0x0000000080012040 mem 0x0000000080031f38
core   0: 0x000000008000feee (0xfb843783) ld      a5, -72(s0)
core   0: 3 0x000000008000feee (0xfb843783) x15 0x000000000000009c mem 0x0000000080031f28
core   0: 0x000000008000fef2 (0x000097ba) c.add   a5, a4
core   0: 3 0x000000008000fef2 (0x97ba) x15 0x00000000800120dc
core   0: 0x000000008000fef4 (0xfe043703) ld      a4, -32(s0)
core   0: 3 0x000000008000fef4 (0xfe043703) x14 0x00000000800120b4 mem 0x0000000080031f50
core   0: 0x000000008000fef8 (0xfcf76de3) bltu    a4, a5, pc - 38
core   0: 3 0x000000008000fef8 (0xfcf76de3)
core   0: 0x000000008000fed2 (0xfe043783) ld      a5, -32(s0)
core   0: 3 0x000000008000fed2 (0xfe043783) x15 0x00000000800120b4 mem 0x0000000080031f50
core   0: 0x000000008000fed6 (0x00178713) addi    a4, a5, 1
core   0: 3 0x000000008000fed6 (0x00178713) x14 0x00000000800120b5
core   0: 0x000000008000feda (0xfee43023) sd      a4, -32(s0)
core   0: 3 0x000000008000feda (0xfee43023) mem 0x0000000080031f50 0x00000000800120b5
core   0: 0x000000008000fede (0xfc442703) lw      a4, -60(s0)
core   0: 3 0x000000008000fede (0xfc442703) x14 0x0000000000000000 mem 0x0000000080031f34
core   0: 0x000000008000fee2 (0x0ff77713) andi    a4, a4, 255
core   0: 3 0x000000008000fee2 (0x0ff77713) x14 0x0000000000000000
core   0: 0x000000008000fee6 (0x00e78023) sb      a4, 0(a5)
core   0: 3 0x000000008000fee6 (0x00e78023) mem 0x00000000800120b4 0x00
core   0: 0x000000008000feea (0xfc843703) ld      a4, -56(s0)
core   0: 3 0x000000008000feea (0xfc843703) x14 0x0000000080012040 mem 0x0000000080031f38
core   0: 0x000000008000feee (0xfb843783) ld      a5, -72(s0)
core   0: 3 0x000000008000feee (0xfb843783) x15 0x000000000000009c mem 0x0000000080031f28
core   0: 0x000000008000fef2 (0x000097ba) c.add   a5, a4
core   0: 3 0x000000008000fef2 (0x97ba) x15 0x00000000800120dc
core   0: 0x000000008000fef4 (0xfe043703) ld      a4, -32(s0)
core   0: 3 0x000000008000fef4 (0xfe043703) x14 0x00000000800120b5 mem 0x0000000080031f50
core   0: 0x000000008000fef8 (0xfcf76de3) bltu    a4, a5, pc - 38
core   0: 3 0x000000008000fef8 (0xfcf76de3)
core   0: 0x000000008000fed2 (0xfe043783) ld      a5, -32(s0)
core   0: 3 0x000000008000fed2 (0xfe043783) x15 0x00000000800120b5 mem 0x0000000080031f50
core   0: 0x000000008000fed6 (0x00178713) addi    a4, a5, 1
core   0: 3 0x000000008000fed6 (0x00178713) x14 0x00000000800120b6
core   0: 0x000000008000feda (0xfee43023) sd      a4, -32(s0)
core   0: 3 0x000000008000feda (0xfee43023) mem 0x0000000080031f50 0x00000000800120b6
core   0: 0x000000008000fede (0xfc442703) lw      a4, -60(s0)
core   0: 3 0x000000008000fede (0xfc442703) x14 0x0000000000000000 mem 0x0000000080031f34
core   0: 0x000000008000fee2 (0x0ff77713) andi    a4, a4, 255
core   0: 3 0x000000008000fee2 (0x0ff77713) x14 0x0000000000000000
core   0: 0x000000008000fee6 (0x00e78023) sb      a4, 0(a5)
core   0: 3 0x000000008000fee6 (0x00e78023) mem 0x00000000800120b5 0x00
core   0: 0x000000008000feea (0xfc843703) ld      a4, -56(s0)
core   0: 3 0x000000008000feea (0xfc843703) x14 0x0000000080012040 mem 0x0000000080031f38
core   0: 0x000000008000feee (0xfb843783) ld      a5, -72(s0)
core   0: 3 0x000000008000feee (0xfb843783) x15 0x000000000000009c mem 0x0000000080031f28
core   0: 0x000000008000fef2 (0x000097ba) c.add   a5, a4
core   0: 3 0x000000008000fef2 (0x97ba) x15 0x00000000800120dc
core   0: 0x000000008000fef4 (0xfe043703) ld      a4, -32(s0)
core   0: 3 0x000000008000fef4 (0xfe043703) x14 0x00000000800120b6 mem 0x0000000080031f50
core   0: 0x000000008000fef8 (0xfcf76de3) bltu    a4, a5, pc - 38
core   0: 3 0x000000008000fef8 (0xfcf76de3)
core   0: 0x000000008000fed2 (0xfe043783) ld      a5, -32(s0)
core   0: 3 0x000000008000fed2 (0xfe043783) x15 0x00000000800120b6 mem 0x0000000080031f50
core   0: 0x000000008000fed6 (0x00178713) addi    a4, a5, 1
core   0: 3 0x000000008000fed6 (0x00178713) x14 0x00000000800120b7
core   0: 0x000000008000feda (0xfee43023) sd      a4, -32(s0)
core   0: 3 0x000000008000feda (0xfee43023) mem 0x0000000080031f50 0x00000000800120b7
core   0: 0x000000008000fede (0xfc442703) lw      a4, -60(s0)
core   0: 3 0x000000008000fede (0xfc442703) x14 0x0000000000000000 mem 0x0000000080031f34
core   0: 0x000000008000fee2 (0x0ff77713) andi    a4, a4, 255
core   0: 3 0x000000008000fee2 (0x0ff77713) x14 0x0000000000000000
core   0: 0x000000008000fee6 (0x00e78023) sb      a4, 0(a5)
core   0: 3 0x000000008000fee6 (0x00e78023) mem 0x00000000800120b6 0x00
core   0: 0x000000008000feea (0xfc843703) ld      a4, -56(s0)
core   0: 3 0x000000008000feea (0xfc843703) x14 0x0000000080012040 mem 0x0000000080031f38
core   0: 0x000000008000feee (0xfb843783) ld      a5, -72(s0)
core   0: 3 0x000000008000feee (0xfb843783) x15 0x000000000000009c mem 0x0000000080031f28
core   0: 0x000000008000fef2 (0x000097ba) c.add   a5, a4
core   0: 3 0x000000008000fef2 (0x97ba) x15 0x00000000800120dc
core   0: 0x000000008000fef4 (0xfe043703) ld      a4, -32(s0)
core   0: 3 0x000000008000fef4 (0xfe043703) x14 0x00000000800120b7 mem 0x0000000080031f50
core   0: 0x000000008000fef8 (0xfcf76de3) bltu    a4, a5, pc - 38
core   0: 3 0x000000008000fef8 (0xfcf76de3)
core   0: 0x000000008000fed2 (0xfe043783) ld      a5, -32(s0)
core   0: 3 0x000000008000fed2 (0xfe043783) x15 0x00000000800120b7 mem 0x0000000080031f50
core   0: 0x000000008000fed6 (0x00178713) addi    a4, a5, 1
core   0: 3 0x000000008000fed6 (0x00178713) x14 0x00000000800120b8
core   0: 0x000000008000feda (0xfee43023) sd      a4, -32(s0)
core   0: 3 0x000000008000feda (0xfee43023) mem 0x0000000080031f50 0x00000000800120b8
core   0: 0x000000008000fede (0xfc442703) lw      a4, -60(s0)
core   0: 3 0x000000008000fede (0xfc442703) x14 0x0000000000000000 mem 0x0000000080031f34
core   0: 0x000000008000fee2 (0x0ff77713) andi    a4, a4, 255
core   0: 3 0x000000008000fee2 (0x0ff77713) x14 0x0000000000000000
core   0: 0x000000008000fee6 (0x00e78023) sb      a4, 0(a5)
core   0: 3 0x000000008000fee6 (0x00e78023) mem 0x00000000800120b7 0x00
core   0: 0x000000008000feea (0xfc843703) ld      a4, -56(s0)
core   0: 3 0x000000008000feea (0xfc843703) x14 0x0000000080012040 mem 0x0000000080031f38
core   0: 0x000000008000feee (0xfb843783) ld      a5, -72(s0)
core   0: 3 0x000000008000feee (0xfb843783) x15 0x000000000000009c mem 0x0000000080031f28
core   0: 0x000000008000fef2 (0x000097ba) c.add   a5, a4
core   0: 3 0x000000008000fef2 (0x97ba) x15 0x00000000800120dc
core   0: 0x000000008000fef4 (0xfe043703) ld      a4, -32(s0)
core   0: 3 0x000000008000fef4 (0xfe043703) x14 0x00000000800120b8 mem 0x0000000080031f50
core   0: 0x000000008000fef8 (0xfcf76de3) bltu    a4, a5, pc - 38
core   0: 3 0x000000008000fef8 (0xfcf76de3)
core   0: 0x000000008000fed2 (0xfe043783) ld      a5, -32(s0)
core   0: 3 0x000000008000fed2 (0xfe043783) x15 0x00000000800120b8 mem 0x0000000080031f50
core   0: 0x000000008000fed6 (0x00178713) addi    a4, a5, 1
core   0: 3 0x000000008000fed6 (0x00178713) x14 0x00000000800120b9
core   0: 0x000000008000feda (0xfee43023) sd      a4, -32(s0)
core   0: 3 0x000000008000feda (0xfee43023) mem 0x0000000080031f50 0x00000000800120b9
core   0: 0x000000008000fede (0xfc442703) lw      a4, -60(s0)
core   0: 3 0x000000008000fede (0xfc442703) x14 0x0000000000000000 mem 0x0000000080031f34
core   0: 0x000000008000fee2 (0x0ff77713) andi    a4, a4, 255
core   0: 3 0x000000008000fee2 (0x0ff77713) x14 0x0000000000000000
core   0: 0x000000008000fee6 (0x00e78023) sb      a4, 0(a5)
core   0: 3 0x000000008000fee6 (0x00e78023) mem 0x00000000800120b8 0x00
core   0: 0x000000008000feea (0xfc843703) ld      a4, -56(s0)
core   0: 3 0x000000008000feea (0xfc843703) x14 0x0000000080012040 mem 0x0000000080031f38
core   0: 0x000000008000feee (0xfb843783) ld      a5, -72(s0)
core   0: 3 0x000000008000feee (0xfb843783) x15 0x000000000000009c mem 0x0000000080031f28
core   0: 0x000000008000fef2 (0x000097ba) c.add   a5, a4
core   0: 3 0x000000008000fef2 (0x97ba) x15 0x00000000800120dc
core   0: 0x000000008000fef4 (0xfe043703) ld      a4, -32(s0)
core   0: 3 0x000000008000fef4 (0xfe043703) x14 0x00000000800120b9 mem 0x0000000080031f50
core   0: 0x000000008000fef8 (0xfcf76de3) bltu    a4, a5, pc - 38
core   0: 3 0x000000008000fef8 (0xfcf76de3)
core   0: 0x000000008000fed2 (0xfe043783) ld      a5, -32(s0)
core   0: 3 0x000000008000fed2 (0xfe043783) x15 0x00000000800120b9 mem 0x0000000080031f50
core   0: 0x000000008000fed6 (0x00178713) addi    a4, a5, 1
core   0: 3 0x000000008000fed6 (0x00178713) x14 0x00000000800120ba
core   0: 0x000000008000feda (0xfee43023) sd      a4, -32(s0)
core   0: 3 0x000000008000feda (0xfee43023) mem 0x0000000080031f50 0x00000000800120ba
core   0: 0x000000008000fede (0xfc442703) lw      a4, -60(s0)
core   0: 3 0x000000008000fede (0xfc442703) x14 0x0000000000000000 mem 0x0000000080031f34
core   0: 0x000000008000fee2 (0x0ff77713) andi    a4, a4, 255
core   0: 3 0x000000008000fee2 (0x0ff77713) x14 0x0000000000000000
core   0: 0x000000008000fee6 (0x00e78023) sb      a4, 0(a5)
core   0: 3 0x000000008000fee6 (0x00e78023) mem 0x00000000800120b9 0x00
core   0: 0x000000008000feea (0xfc843703) ld      a4, -56(s0)
core   0: 3 0x000000008000feea (0xfc843703) x14 0x0000000080012040 mem 0x0000000080031f38
core   0: 0x000000008000feee (0xfb843783) ld      a5, -72(s0)
core   0: 3 0x000000008000feee (0xfb843783) x15 0x000000000000009c mem 0x0000000080031f28
core   0: 0x000000008000fef2 (0x000097ba) c.add   a5, a4
core   0: 3 0x000000008000fef2 (0x97ba) x15 0x00000000800120dc
core   0: 0x000000008000fef4 (0xfe043703) ld      a4, -32(s0)
core   0: 3 0x000000008000fef4 (0xfe043703) x14 0x00000000800120ba mem 0x0000000080031f50
core   0: 0x000000008000fef8 (0xfcf76de3) bltu    a4, a5, pc - 38
core   0: 3 0x000000008000fef8 (0xfcf76de3)
core   0: 0x000000008000fed2 (0xfe043783) ld      a5, -32(s0)
core   0: 3 0x000000008000fed2 (0xfe043783) x15 0x00000000800120ba mem 0x0000000080031f50
core   0: 0x000000008000fed6 (0x00178713) addi    a4, a5, 1
core   0: 3 0x000000008000fed6 (0x00178713) x14 0x00000000800120bb
core   0: 0x000000008000feda (0xfee43023) sd      a4, -32(s0)
core   0: 3 0x000000008000feda (0xfee43023) mem 0x0000000080031f50 0x00000000800120bb
core   0: 0x000000008000fede (0xfc442703) lw      a4, -60(s0)
core   0: 3 0x000000008000fede (0xfc442703) x14 0x0000000000000000 mem 0x0000000080031f34
core   0: 0x000000008000fee2 (0x0ff77713) andi    a4, a4, 255
core   0: 3 0x000000008000fee2 (0x0ff77713) x14 0x0000000000000000
core   0: 0x000000008000fee6 (0x00e78023) sb      a4, 0(a5)
core   0: 3 0x000000008000fee6 (0x00e78023) mem 0x00000000800120ba 0x00
core   0: 0x000000008000feea (0xfc843703) ld      a4, -56(s0)
core   0: 3 0x000000008000feea (0xfc843703) x14 0x0000000080012040 mem 0x0000000080031f38
core   0: 0x000000008000feee (0xfb843783) ld      a5, -72(s0)
core   0: 3 0x000000008000feee (0xfb843783) x15 0x000000000000009c mem 0x0000000080031f28
core   0: 0x000000008000fef2 (0x000097ba) c.add   a5, a4
core   0: 3 0x000000008000fef2 (0x97ba) x15 0x00000000800120dc
core   0: 0x000000008000fef4 (0xfe043703) ld      a4, -32(s0)
core   0: 3 0x000000008000fef4 (0xfe043703) x14 0x00000000800120bb mem 0x0000000080031f50
core   0: 0x000000008000fef8 (0xfcf76de3) bltu    a4, a5, pc - 38
core   0: 3 0x000000008000fef8 (0xfcf76de3)
core   0: 0x000000008000fed2 (0xfe043783) ld      a5, -32(s0)
core   0: 3 0x000000008000fed2 (0xfe043783) x15 0x00000000800120bb mem 0x0000000080031f50
core   0: 0x000000008000fed6 (0x00178713) addi    a4, a5, 1
core   0: 3 0x000000008000fed6 (0x00178713) x14 0x00000000800120bc
core   0: 0x000000008000feda (0xfee43023) sd      a4, -32(s0)
core   0: 3 0x000000008000feda (0xfee43023) mem 0x0000000080031f50 0x00000000800120bc
core   0: 0x000000008000fede (0xfc442703) lw      a4, -60(s0)
core   0: 3 0x000000008000fede (0xfc442703) x14 0x0000000000000000 mem 0x0000000080031f34
core   0: 0x000000008000fee2 (0x0ff77713) andi    a4, a4, 255
core   0: 3 0x000000008000fee2 (0x0ff77713) x14 0x0000000000000000
core   0: 0x000000008000fee6 (0x00e78023) sb      a4, 0(a5)
core   0: 3 0x000000008000fee6 (0x00e78023) mem 0x00000000800120bb 0x00
core   0: 0x000000008000feea (0xfc843703) ld      a4, -56(s0)
core   0: 3 0x000000008000feea (0xfc843703) x14 0x0000000080012040 mem 0x0000000080031f38
core   0: 0x000000008000feee (0xfb843783) ld      a5, -72(s0)
core   0: 3 0x000000008000feee (0xfb843783) x15 0x000000000000009c mem 0x0000000080031f28
core   0: 0x000000008000fef2 (0x000097ba) c.add   a5, a4
core   0: 3 0x000000008000fef2 (0x97ba) x15 0x00000000800120dc
core   0: 0x000000008000fef4 (0xfe043703) ld      a4, -32(s0)
core   0: 3 0x000000008000fef4 (0xfe043703) x14 0x00000000800120bc mem 0x0000000080031f50
core   0: 0x000000008000fef8 (0xfcf76de3) bltu    a4, a5, pc - 38
core   0: 3 0x000000008000fef8 (0xfcf76de3)
core   0: 0x000000008000fed2 (0xfe043783) ld      a5, -32(s0)
core   0: 3 0x000000008000fed2 (0xfe043783) x15 0x00000000800120bc mem 0x0000000080031f50
core   0: 0x000000008000fed6 (0x00178713) addi    a4, a5, 1
core   0: 3 0x000000008000fed6 (0x00178713) x14 0x00000000800120bd
core   0: 0x000000008000feda (0xfee43023) sd      a4, -32(s0)
core   0: 3 0x000000008000feda (0xfee43023) mem 0x0000000080031f50 0x00000000800120bd
core   0: 0x000000008000fede (0xfc442703) lw      a4, -60(s0)
core   0: 3 0x000000008000fede (0xfc442703) x14 0x0000000000000000 mem 0x0000000080031f34
core   0: 0x000000008000fee2 (0x0ff77713) andi    a4, a4, 255
core   0: 3 0x000000008000fee2 (0x0ff77713) x14 0x0000000000000000
core   0: 0x000000008000fee6 (0x00e78023) sb      a4, 0(a5)
core   0: 3 0x000000008000fee6 (0x00e78023) mem 0x00000000800120bc 0x00
core   0: 0x000000008000feea (0xfc843703) ld      a4, -56(s0)
core   0: 3 0x000000008000feea (0xfc843703) x14 0x0000000080012040 mem 0x0000000080031f38
core   0: 0x000000008000feee (0xfb843783) ld      a5, -72(s0)
core   0: 3 0x000000008000feee (0xfb843783) x15 0x000000000000009c mem 0x0000000080031f28
core   0: 0x000000008000fef2 (0x000097ba) c.add   a5, a4
core   0: 3 0x000000008000fef2 (0x97ba) x15 0x00000000800120dc
core   0: 0x000000008000fef4 (0xfe043703) ld      a4, -32(s0)
core   0: 3 0x000000008000fef4 (0xfe043703) x14 0x00000000800120bd mem 0x0000000080031f50
core   0: 0x000000008000fef8 (0xfcf76de3) bltu    a4, a5, pc - 38
core   0: 3 0x000000008000fef8 (0xfcf76de3)
core   0: 0x000000008000fed2 (0xfe043783) ld      a5, -32(s0)
core   0: 3 0x000000008000fed2 (0xfe043783) x15 0x00000000800120bd mem 0x0000000080031f50
core   0: 0x000000008000fed6 (0x00178713) addi    a4, a5, 1
core   0: 3 0x000000008000fed6 (0x00178713) x14 0x00000000800120be
core   0: 0x000000008000feda (0xfee43023) sd      a4, -32(s0)
core   0: 3 0x000000008000feda (0xfee43023) mem 0x0000000080031f50 0x00000000800120be
core   0: 0x000000008000fede (0xfc442703) lw      a4, -60(s0)
core   0: 3 0x000000008000fede (0xfc442703) x14 0x0000000000000000 mem 0x0000000080031f34
core   0: 0x000000008000fee2 (0x0ff77713) andi    a4, a4, 255
core   0: 3 0x000000008000fee2 (0x0ff77713) x14 0x0000000000000000
core   0: 0x000000008000fee6 (0x00e78023) sb      a4, 0(a5)
core   0: 3 0x000000008000fee6 (0x00e78023) mem 0x00000000800120bd 0x00
core   0: 0x000000008000feea (0xfc843703) ld      a4, -56(s0)
core   0: 3 0x000000008000feea (0xfc843703) x14 0x0000000080012040 mem 0x0000000080031f38
core   0: 0x000000008000feee (0xfb843783) ld      a5, -72(s0)
core   0: 3 0x000000008000feee (0xfb843783) x15 0x000000000000009c mem 0x0000000080031f28
core   0: 0x000000008000fef2 (0x000097ba) c.add   a5, a4
core   0: 3 0x000000008000fef2 (0x97ba) x15 0x00000000800120dc
core   0: 0x000000008000fef4 (0xfe043703) ld      a4, -32(s0)
core   0: 3 0x000000008000fef4 (0xfe043703) x14 0x00000000800120be mem 0x0000000080031f50
core   0: 0x000000008000fef8 (0xfcf76de3) bltu    a4, a5, pc - 38
core   0: 3 0x000000008000fef8 (0xfcf76de3)
core   0: 0x000000008000fed2 (0xfe043783) ld      a5, -32(s0)
core   0: 3 0x000000008000fed2 (0xfe043783) x15 0x00000000800120be mem 0x0000000080031f50
core   0: 0x000000008000fed6 (0x00178713) addi    a4, a5, 1
core   0: 3 0x000000008000fed6 (0x00178713) x14 0x00000000800120bf
core   0: 0x000000008000feda (0xfee43023) sd      a4, -32(s0)
core   0: 3 0x000000008000feda (0xfee43023) mem 0x0000000080031f50 0x00000000800120bf
core   0: 0x000000008000fede (0xfc442703) lw      a4, -60(s0)
core   0: 3 0x000000008000fede (0xfc442703) x14 0x0000000000000000 mem 0x0000000080031f34
core   0: 0x000000008000fee2 (0x0ff77713) andi    a4, a4, 255
core   0: 3 0x000000008000fee2 (0x0ff77713) x14 0x0000000000000000
core   0: 0x000000008000fee6 (0x00e78023) sb      a4, 0(a5)
core   0: 3 0x000000008000fee6 (0x00e78023) mem 0x00000000800120be 0x00
core   0: 0x000000008000feea (0xfc843703) ld      a4, -56(s0)
core   0: 3 0x000000008000feea (0xfc843703) x14 0x0000000080012040 mem 0x0000000080031f38
core   0: 0x000000008000feee (0xfb843783) ld      a5, -72(s0)
core   0: 3 0x000000008000feee (0xfb843783) x15 0x000000000000009c mem 0x0000000080031f28
core   0: 0x000000008000fef2 (0x000097ba) c.add   a5, a4
core   0: 3 0x000000008000fef2 (0x97ba) x15 0x00000000800120dc
core   0: 0x000000008000fef4 (0xfe043703) ld      a4, -32(s0)
core   0: 3 0x000000008000fef4 (0xfe043703) x14 0x00000000800120bf mem 0x0000000080031f50
core   0: 0x000000008000fef8 (0xfcf76de3) bltu    a4, a5, pc - 38
core   0: 3 0x000000008000fef8 (0xfcf76de3)
core   0: 0x000000008000fed2 (0xfe043783) ld      a5, -32(s0)
core   0: 3 0x000000008000fed2 (0xfe043783) x15 0x00000000800120bf mem 0x0000000080031f50
core   0: 0x000000008000fed6 (0x00178713) addi    a4, a5, 1
core   0: 3 0x000000008000fed6 (0x00178713) x14 0x00000000800120c0
core   0: 0x000000008000feda (0xfee43023) sd      a4, -32(s0)
core   0: 3 0x000000008000feda (0xfee43023) mem 0x0000000080031f50 0x00000000800120c0
core   0: 0x000000008000fede (0xfc442703) lw      a4, -60(s0)
core   0: 3 0x000000008000fede (0xfc442703) x14 0x0000000000000000 mem 0x0000000080031f34
core   0: 0x000000008000fee2 (0x0ff77713) andi    a4, a4, 255
core   0: 3 0x000000008000fee2 (0x0ff77713) x14 0x0000000000000000
core   0: 0x000000008000fee6 (0x00e78023) sb      a4, 0(a5)
core   0: 3 0x000000008000fee6 (0x00e78023) mem 0x00000000800120bf 0x00
core   0: 0x000000008000feea (0xfc843703) ld      a4, -56(s0)
core   0: 3 0x000000008000feea (0xfc843703) x14 0x0000000080012040 mem 0x0000000080031f38
core   0: 0x000000008000feee (0xfb843783) ld      a5, -72(s0)
core   0: 3 0x000000008000feee (0xfb843783) x15 0x000000000000009c mem 0x0000000080031f28
core   0: 0x000000008000fef2 (0x000097ba) c.add   a5, a4
core   0: 3 0x000000008000fef2 (0x97ba) x15 0x00000000800120dc
core   0: 0x000000008000fef4 (0xfe043703) ld      a4, -32(s0)
core   0: 3 0x000000008000fef4 (0xfe043703) x14 0x00000000800120c0 mem 0x0000000080031f50
core   0: 0x000000008000fef8 (0xfcf76de3) bltu    a4, a5, pc - 38
core   0: 3 0x000000008000fef8 (0xfcf76de3)
core   0: 0x000000008000fed2 (0xfe043783) ld      a5, -32(s0)
core   0: 3 0x000000008000fed2 (0xfe043783) x15 0x00000000800120c0 mem 0x0000000080031f50
core   0: 0x000000008000fed6 (0x00178713) addi    a4, a5, 1
core   0: 3 0x000000008000fed6 (0x00178713) x14 0x00000000800120c1
core   0: 0x000000008000feda (0xfee43023) sd      a4, -32(s0)
core   0: 3 0x000000008000feda (0xfee43023) mem 0x0000000080031f50 0x00000000800120c1
core   0: 0x000000008000fede (0xfc442703) lw      a4, -60(s0)
core   0: 3 0x000000008000fede (0xfc442703) x14 0x0000000000000000 mem 0x0000000080031f34
core   0: 0x000000008000fee2 (0x0ff77713) andi    a4, a4, 255
core   0: 3 0x000000008000fee2 (0x0ff77713) x14 0x0000000000000000
core   0: 0x000000008000fee6 (0x00e78023) sb      a4, 0(a5)
core   0: 3 0x000000008000fee6 (0x00e78023) mem 0x00000000800120c0 0x00
core   0: 0x000000008000feea (0xfc843703) ld      a4, -56(s0)
core   0: 3 0x000000008000feea (0xfc843703) x14 0x0000000080012040 mem 0x0000000080031f38
core   0: 0x000000008000feee (0xfb843783) ld      a5, -72(s0)
core   0: 3 0x000000008000feee (0xfb843783) x15 0x000000000000009c mem 0x0000000080031f28
core   0: 0x000000008000fef2 (0x000097ba) c.add   a5, a4
core   0: 3 0x000000008000fef2 (0x97ba) x15 0x00000000800120dc
core   0: 0x000000008000fef4 (0xfe043703) ld      a4, -32(s0)
core   0: 3 0x000000008000fef4 (0xfe043703) x14 0x00000000800120c1 mem 0x0000000080031f50
core   0: 0x000000008000fef8 (0xfcf76de3) bltu    a4, a5, pc - 38
core   0: 3 0x000000008000fef8 (0xfcf76de3)
core   0: 0x000000008000fed2 (0xfe043783) ld      a5, -32(s0)
core   0: 3 0x000000008000fed2 (0xfe043783) x15 0x00000000800120c1 mem 0x0000000080031f50
core   0: 0x000000008000fed6 (0x00178713) addi    a4, a5, 1
core   0: 3 0x000000008000fed6 (0x00178713) x14 0x00000000800120c2
core   0: 0x000000008000feda (0xfee43023) sd      a4, -32(s0)
core   0: 3 0x000000008000feda (0xfee43023) mem 0x0000000080031f50 0x00000000800120c2
core   0: 0x000000008000fede (0xfc442703) lw      a4, -60(s0)
core   0: 3 0x000000008000fede (0xfc442703) x14 0x0000000000000000 mem 0x0000000080031f34
core   0: 0x000000008000fee2 (0x0ff77713) andi    a4, a4, 255
core   0: 3 0x000000008000fee2 (0x0ff77713) x14 0x0000000000000000
core   0: 0x000000008000fee6 (0x00e78023) sb      a4, 0(a5)
core   0: 3 0x000000008000fee6 (0x00e78023) mem 0x00000000800120c1 0x00
core   0: 0x000000008000feea (0xfc843703) ld      a4, -56(s0)
core   0: 3 0x000000008000feea (0xfc843703) x14 0x0000000080012040 mem 0x0000000080031f38
core   0: 0x000000008000feee (0xfb843783) ld      a5, -72(s0)
core   0: 3 0x000000008000feee (0xfb843783) x15 0x000000000000009c mem 0x0000000080031f28
core   0: 0x000000008000fef2 (0x000097ba) c.add   a5, a4
core   0: 3 0x000000008000fef2 (0x97ba) x15 0x00000000800120dc
core   0: 0x000000008000fef4 (0xfe043703) ld      a4, -32(s0)
core   0: 3 0x000000008000fef4 (0xfe043703) x14 0x00000000800120c2 mem 0x0000000080031f50
core   0: 0x000000008000fef8 (0xfcf76de3) bltu    a4, a5, pc - 38
core   0: 3 0x000000008000fef8 (0xfcf76de3)
core   0: 0x000000008000fed2 (0xfe043783) ld      a5, -32(s0)
core   0: 3 0x000000008000fed2 (0xfe043783) x15 0x00000000800120c2 mem 0x0000000080031f50
core   0: 0x000000008000fed6 (0x00178713) addi    a4, a5, 1
core   0: 3 0x000000008000fed6 (0x00178713) x14 0x00000000800120c3
core   0: 0x000000008000feda (0xfee43023) sd      a4, -32(s0)
core   0: 3 0x000000008000feda (0xfee43023) mem 0x0000000080031f50 0x00000000800120c3
core   0: 0x000000008000fede (0xfc442703) lw      a4, -60(s0)
core   0: 3 0x000000008000fede (0xfc442703) x14 0x0000000000000000 mem 0x0000000080031f34
core   0: 0x000000008000fee2 (0x0ff77713) andi    a4, a4, 255
core   0: 3 0x000000008000fee2 (0x0ff77713) x14 0x0000000000000000
core   0: 0x000000008000fee6 (0x00e78023) sb      a4, 0(a5)
core   0: 3 0x000000008000fee6 (0x00e78023) mem 0x00000000800120c2 0x00
core   0: 0x000000008000feea (0xfc843703) ld      a4, -56(s0)
core   0: 3 0x000000008000feea (0xfc843703) x14 0x0000000080012040 mem 0x0000000080031f38
core   0: 0x000000008000feee (0xfb843783) ld      a5, -72(s0)
core   0: 3 0x000000008000feee (0xfb843783) x15 0x000000000000009c mem 0x0000000080031f28
core   0: 0x000000008000fef2 (0x000097ba) c.add   a5, a4
core   0: 3 0x000000008000fef2 (0x97ba) x15 0x00000000800120dc
core   0: 0x000000008000fef4 (0xfe043703) ld      a4, -32(s0)
core   0: 3 0x000000008000fef4 (0xfe043703) x14 0x00000000800120c3 mem 0x0000000080031f50
core   0: 0x000000008000fef8 (0xfcf76de3) bltu    a4, a5, pc - 38
core   0: 3 0x000000008000fef8 (0xfcf76de3)
core   0: 0x000000008000fed2 (0xfe043783) ld      a5, -32(s0)
core   0: 3 0x000000008000fed2 (0xfe043783) x15 0x00000000800120c3 mem 0x0000000080031f50
core   0: 0x000000008000fed6 (0x00178713) addi    a4, a5, 1
core   0: 3 0x000000008000fed6 (0x00178713) x14 0x00000000800120c4
core   0: 0x000000008000feda (0xfee43023) sd      a4, -32(s0)
core   0: 3 0x000000008000feda (0xfee43023) mem 0x0000000080031f50 0x00000000800120c4
core   0: 0x000000008000fede (0xfc442703) lw      a4, -60(s0)
core   0: 3 0x000000008000fede (0xfc442703) x14 0x0000000000000000 mem 0x0000000080031f34
core   0: 0x000000008000fee2 (0x0ff77713) andi    a4, a4, 255
core   0: 3 0x000000008000fee2 (0x0ff77713) x14 0x0000000000000000
core   0: 0x000000008000fee6 (0x00e78023) sb      a4, 0(a5)
core   0: 3 0x000000008000fee6 (0x00e78023) mem 0x00000000800120c3 0x00
core   0: 0x000000008000feea (0xfc843703) ld      a4, -56(s0)
core   0: 3 0x000000008000feea (0xfc843703) x14 0x0000000080012040 mem 0x0000000080031f38
core   0: 0x000000008000feee (0xfb843783) ld      a5, -72(s0)
core   0: 3 0x000000008000feee (0xfb843783) x15 0x000000000000009c mem 0x0000000080031f28
core   0: 0x000000008000fef2 (0x000097ba) c.add   a5, a4
core   0: 3 0x000000008000fef2 (0x97ba) x15 0x00000000800120dc
core   0: 0x000000008000fef4 (0xfe043703) ld      a4, -32(s0)
core   0: 3 0x000000008000fef4 (0xfe043703) x14 0x00000000800120c4 mem 0x0000000080031f50
core   0: 0x000000008000fef8 (0xfcf76de3) bltu    a4, a5, pc - 38
core   0: 3 0x000000008000fef8 (0xfcf76de3)
core   0: 0x000000008000fed2 (0xfe043783) ld      a5, -32(s0)
core   0: 3 0x000000008000fed2 (0xfe043783) x15 0x00000000800120c4 mem 0x0000000080031f50
core   0: 0x000000008000fed6 (0x00178713) addi    a4, a5, 1
core   0: 3 0x000000008000fed6 (0x00178713) x14 0x00000000800120c5
core   0: 0x000000008000feda (0xfee43023) sd      a4, -32(s0)
core   0: 3 0x000000008000feda (0xfee43023) mem 0x0000000080031f50 0x00000000800120c5
core   0: 0x000000008000fede (0xfc442703) lw      a4, -60(s0)
core   0: 3 0x000000008000fede (0xfc442703) x14 0x0000000000000000 mem 0x0000000080031f34
core   0: 0x000000008000fee2 (0x0ff77713) andi    a4, a4, 255
core   0: 3 0x000000008000fee2 (0x0ff77713) x14 0x0000000000000000
core   0: 0x000000008000fee6 (0x00e78023) sb      a4, 0(a5)
core   0: 3 0x000000008000fee6 (0x00e78023) mem 0x00000000800120c4 0x00
core   0: 0x000000008000feea (0xfc843703) ld      a4, -56(s0)
core   0: 3 0x000000008000feea (0xfc843703) x14 0x0000000080012040 mem 0x0000000080031f38
core   0: 0x000000008000feee (0xfb843783) ld      a5, -72(s0)
core   0: 3 0x000000008000feee (0xfb843783) x15 0x000000000000009c mem 0x0000000080031f28
core   0: 0x000000008000fef2 (0x000097ba) c.add   a5, a4
core   0: 3 0x000000008000fef2 (0x97ba) x15 0x00000000800120dc
core   0: 0x000000008000fef4 (0xfe043703) ld      a4, -32(s0)
core   0: 3 0x000000008000fef4 (0xfe043703) x14 0x00000000800120c5 mem 0x0000000080031f50
core   0: 0x000000008000fef8 (0xfcf76de3) bltu    a4, a5, pc - 38
core   0: 3 0x000000008000fef8 (0xfcf76de3)
core   0: 0x000000008000fed2 (0xfe043783) ld      a5, -32(s0)
core   0: 3 0x000000008000fed2 (0xfe043783) x15 0x00000000800120c5 mem 0x0000000080031f50
core   0: 0x000000008000fed6 (0x00178713) addi    a4, a5, 1
core   0: 3 0x000000008000fed6 (0x00178713) x14 0x00000000800120c6
core   0: 0x000000008000feda (0xfee43023) sd      a4, -32(s0)
core   0: 3 0x000000008000feda (0xfee43023) mem 0x0000000080031f50 0x00000000800120c6
core   0: 0x000000008000fede (0xfc442703) lw      a4, -60(s0)
core   0: 3 0x000000008000fede (0xfc442703) x14 0x0000000000000000 mem 0x0000000080031f34
core   0: 0x000000008000fee2 (0x0ff77713) andi    a4, a4, 255
core   0: 3 0x000000008000fee2 (0x0ff77713) x14 0x0000000000000000
core   0: 0x000000008000fee6 (0x00e78023) sb      a4, 0(a5)
core   0: 3 0x000000008000fee6 (0x00e78023) mem 0x00000000800120c5 0x00
core   0: 0x000000008000feea (0xfc843703) ld      a4, -56(s0)
core   0: 3 0x000000008000feea (0xfc843703) x14 0x0000000080012040 mem 0x0000000080031f38
core   0: 0x000000008000feee (0xfb843783) ld      a5, -72(s0)
core   0: 3 0x000000008000feee (0xfb843783) x15 0x000000000000009c mem 0x0000000080031f28
core   0: 0x000000008000fef2 (0x000097ba) c.add   a5, a4
core   0: 3 0x000000008000fef2 (0x97ba) x15 0x00000000800120dc
core   0: 0x000000008000fef4 (0xfe043703) ld      a4, -32(s0)
core   0: 3 0x000000008000fef4 (0xfe043703) x14 0x00000000800120c6 mem 0x0000000080031f50
core   0: 0x000000008000fef8 (0xfcf76de3) bltu    a4, a5, pc - 38
core   0: 3 0x000000008000fef8 (0xfcf76de3)
core   0: 0x000000008000fed2 (0xfe043783) ld      a5, -32(s0)
core   0: 3 0x000000008000fed2 (0xfe043783) x15 0x00000000800120c6 mem 0x0000000080031f50
core   0: 0x000000008000fed6 (0x00178713) addi    a4, a5, 1
core   0: 3 0x000000008000fed6 (0x00178713) x14 0x00000000800120c7
core   0: 0x000000008000feda (0xfee43023) sd      a4, -32(s0)
core   0: 3 0x000000008000feda (0xfee43023) mem 0x0000000080031f50 0x00000000800120c7
core   0: 0x000000008000fede (0xfc442703) lw      a4, -60(s0)
core   0: 3 0x000000008000fede (0xfc442703) x14 0x0000000000000000 mem 0x0000000080031f34
core   0: 0x000000008000fee2 (0x0ff77713) andi    a4, a4, 255
core   0: 3 0x000000008000fee2 (0x0ff77713) x14 0x0000000000000000
core   0: 0x000000008000fee6 (0x00e78023) sb      a4, 0(a5)
core   0: 3 0x000000008000fee6 (0x00e78023) mem 0x00000000800120c6 0x00
core   0: 0x000000008000feea (0xfc843703) ld      a4, -56(s0)
core   0: 3 0x000000008000feea (0xfc843703) x14 0x0000000080012040 mem 0x0000000080031f38
core   0: 0x000000008000feee (0xfb843783) ld      a5, -72(s0)
core   0: 3 0x000000008000feee (0xfb843783) x15 0x000000000000009c mem 0x0000000080031f28
core   0: 0x000000008000fef2 (0x000097ba) c.add   a5, a4
core   0: 3 0x000000008000fef2 (0x97ba) x15 0x00000000800120dc
core   0: 0x000000008000fef4 (0xfe043703) ld      a4, -32(s0)
core   0: 3 0x000000008000fef4 (0xfe043703) x14 0x00000000800120c7 mem 0x0000000080031f50
core   0: 0x000000008000fef8 (0xfcf76de3) bltu    a4, a5, pc - 38
core   0: 3 0x000000008000fef8 (0xfcf76de3)
core   0: 0x000000008000fed2 (0xfe043783) ld      a5, -32(s0)
core   0: 3 0x000000008000fed2 (0xfe043783) x15 0x00000000800120c7 mem 0x0000000080031f50
core   0: 0x000000008000fed6 (0x00178713) addi    a4, a5, 1
core   0: 3 0x000000008000fed6 (0x00178713) x14 0x00000000800120c8
core   0: 0x000000008000feda (0xfee43023) sd      a4, -32(s0)
core   0: 3 0x000000008000feda (0xfee43023) mem 0x0000000080031f50 0x00000000800120c8
core   0: 0x000000008000fede (0xfc442703) lw      a4, -60(s0)
core   0: 3 0x000000008000fede (0xfc442703) x14 0x0000000000000000 mem 0x0000000080031f34
core   0: 0x000000008000fee2 (0x0ff77713) andi    a4, a4, 255
core   0: 3 0x000000008000fee2 (0x0ff77713) x14 0x0000000000000000
core   0: 0x000000008000fee6 (0x00e78023) sb      a4, 0(a5)
core   0: 3 0x000000008000fee6 (0x00e78023) mem 0x00000000800120c7 0x00
core   0: 0x000000008000feea (0xfc843703) ld      a4, -56(s0)
core   0: 3 0x000000008000feea (0xfc843703) x14 0x0000000080012040 mem 0x0000000080031f38
core   0: 0x000000008000feee (0xfb843783) ld      a5, -72(s0)
core   0: 3 0x000000008000feee (0xfb843783) x15 0x000000000000009c mem 0x0000000080031f28
core   0: 0x000000008000fef2 (0x000097ba) c.add   a5, a4
core   0: 3 0x000000008000fef2 (0x97ba) x15 0x00000000800120dc
core   0: 0x000000008000fef4 (0xfe043703) ld      a4, -32(s0)
core   0: 3 0x000000008000fef4 (0xfe043703) x14 0x00000000800120c8 mem 0x0000000080031f50
core   0: 0x000000008000fef8 (0xfcf76de3) bltu    a4, a5, pc - 38
core   0: 3 0x000000008000fef8 (0xfcf76de3)
core   0: 0x000000008000fed2 (0xfe043783) ld      a5, -32(s0)
core   0: 3 0x000000008000fed2 (0xfe043783) x15 0x00000000800120c8 mem 0x0000000080031f50
core   0: 0x000000008000fed6 (0x00178713) addi    a4, a5, 1
core   0: 3 0x000000008000fed6 (0x00178713) x14 0x00000000800120c9
core   0: 0x000000008000feda (0xfee43023) sd      a4, -32(s0)
core   0: 3 0x000000008000feda (0xfee43023) mem 0x0000000080031f50 0x00000000800120c9
core   0: 0x000000008000fede (0xfc442703) lw      a4, -60(s0)
core   0: 3 0x000000008000fede (0xfc442703) x14 0x0000000000000000 mem 0x0000000080031f34
core   0: 0x000000008000fee2 (0x0ff77713) andi    a4, a4, 255
core   0: 3 0x000000008000fee2 (0x0ff77713) x14 0x0000000000000000
core   0: 0x000000008000fee6 (0x00e78023) sb      a4, 0(a5)
core   0: 3 0x000000008000fee6 (0x00e78023) mem 0x00000000800120c8 0x00
core   0: 0x000000008000feea (0xfc843703) ld      a4, -56(s0)
core   0: 3 0x000000008000feea (0xfc843703) x14 0x0000000080012040 mem 0x0000000080031f38
core   0: 0x000000008000feee (0xfb843783) ld      a5, -72(s0)
core   0: 3 0x000000008000feee (0xfb843783) x15 0x000000000000009c mem 0x0000000080031f28
core   0: 0x000000008000fef2 (0x000097ba) c.add   a5, a4
core   0: 3 0x000000008000fef2 (0x97ba) x15 0x00000000800120dc
core   0: 0x000000008000fef4 (0xfe043703) ld      a4, -32(s0)
core   0: 3 0x000000008000fef4 (0xfe043703) x14 0x00000000800120c9 mem 0x0000000080031f50
core   0: 0x000000008000fef8 (0xfcf76de3) bltu    a4, a5, pc - 38
core   0: 3 0x000000008000fef8 (0xfcf76de3)
core   0: 0x000000008000fed2 (0xfe043783) ld      a5, -32(s0)
core   0: 3 0x000000008000fed2 (0xfe043783) x15 0x00000000800120c9 mem 0x0000000080031f50
core   0: 0x000000008000fed6 (0x00178713) addi    a4, a5, 1
core   0: 3 0x000000008000fed6 (0x00178713) x14 0x00000000800120ca
core   0: 0x000000008000feda (0xfee43023) sd      a4, -32(s0)
core   0: 3 0x000000008000feda (0xfee43023) mem 0x0000000080031f50 0x00000000800120ca
core   0: 0x000000008000fede (0xfc442703) lw      a4, -60(s0)
core   0: 3 0x000000008000fede (0xfc442703) x14 0x0000000000000000 mem 0x0000000080031f34
core   0: 0x000000008000fee2 (0x0ff77713) andi    a4, a4, 255
core   0: 3 0x000000008000fee2 (0x0ff77713) x14 0x0000000000000000
core   0: 0x000000008000fee6 (0x00e78023) sb      a4, 0(a5)
core   0: 3 0x000000008000fee6 (0x00e78023) mem 0x00000000800120c9 0x00
core   0: 0x000000008000feea (0xfc843703) ld      a4, -56(s0)
core   0: 3 0x000000008000feea (0xfc843703) x14 0x0000000080012040 mem 0x0000000080031f38
core   0: 0x000000008000feee (0xfb843783) ld      a5, -72(s0)
core   0: 3 0x000000008000feee (0xfb843783) x15 0x000000000000009c mem 0x0000000080031f28
core   0: 0x000000008000fef2 (0x000097ba) c.add   a5, a4
core   0: 3 0x000000008000fef2 (0x97ba) x15 0x00000000800120dc
core   0: 0x000000008000fef4 (0xfe043703) ld      a4, -32(s0)
core   0: 3 0x000000008000fef4 (0xfe043703) x14 0x00000000800120ca mem 0x0000000080031f50
core   0: 0x000000008000fef8 (0xfcf76de3) bltu    a4, a5, pc - 38
core   0: 3 0x000000008000fef8 (0xfcf76de3)
core   0: 0x000000008000fed2 (0xfe043783) ld      a5, -32(s0)
core   0: 3 0x000000008000fed2 (0xfe043783) x15 0x00000000800120ca mem 0x0000000080031f50
core   0: 0x000000008000fed6 (0x00178713) addi    a4, a5, 1
core   0: 3 0x000000008000fed6 (0x00178713) x14 0x00000000800120cb
core   0: 0x000000008000feda (0xfee43023) sd      a4, -32(s0)
core   0: 3 0x000000008000feda (0xfee43023) mem 0x0000000080031f50 0x00000000800120cb
core   0: 0x000000008000fede (0xfc442703) lw      a4, -60(s0)
core   0: 3 0x000000008000fede (0xfc442703) x14 0x0000000000000000 mem 0x0000000080031f34
core   0: 0x000000008000fee2 (0x0ff77713) andi    a4, a4, 255
core   0: 3 0x000000008000fee2 (0x0ff77713) x14 0x0000000000000000
core   0: 0x000000008000fee6 (0x00e78023) sb      a4, 0(a5)
core   0: 3 0x000000008000fee6 (0x00e78023) mem 0x00000000800120ca 0x00
core   0: 0x000000008000feea (0xfc843703) ld      a4, -56(s0)
core   0: 3 0x000000008000feea (0xfc843703) x14 0x0000000080012040 mem 0x0000000080031f38
core   0: 0x000000008000feee (0xfb843783) ld      a5, -72(s0)
core   0: 3 0x000000008000feee (0xfb843783) x15 0x000000000000009c mem 0x0000000080031f28
core   0: 0x000000008000fef2 (0x000097ba) c.add   a5, a4
core   0: 3 0x000000008000fef2 (0x97ba) x15 0x00000000800120dc
core   0: 0x000000008000fef4 (0xfe043703) ld      a4, -32(s0)
core   0: 3 0x000000008000fef4 (0xfe043703) x14 0x00000000800120cb mem 0x0000000080031f50
core   0: 0x000000008000fef8 (0xfcf76de3) bltu    a4, a5, pc - 38
core   0: 3 0x000000008000fef8 (0xfcf76de3)
core   0: 0x000000008000fed2 (0xfe043783) ld      a5, -32(s0)
core   0: 3 0x000000008000fed2 (0xfe043783) x15 0x00000000800120cb mem 0x0000000080031f50
core   0: 0x000000008000fed6 (0x00178713) addi    a4, a5, 1
core   0: 3 0x000000008000fed6 (0x00178713) x14 0x00000000800120cc
core   0: 0x000000008000feda (0xfee43023) sd      a4, -32(s0)
core   0: 3 0x000000008000feda (0xfee43023) mem 0x0000000080031f50 0x00000000800120cc
core   0: 0x000000008000fede (0xfc442703) lw      a4, -60(s0)
core   0: 3 0x000000008000fede (0xfc442703) x14 0x0000000000000000 mem 0x0000000080031f34
core   0: 0x000000008000fee2 (0x0ff77713) andi    a4, a4, 255
core   0: 3 0x000000008000fee2 (0x0ff77713) x14 0x0000000000000000
core   0: 0x000000008000fee6 (0x00e78023) sb      a4, 0(a5)
core   0: 3 0x000000008000fee6 (0x00e78023) mem 0x00000000800120cb 0x00
core   0: 0x000000008000feea (0xfc843703) ld      a4, -56(s0)
core   0: 3 0x000000008000feea (0xfc843703) x14 0x0000000080012040 mem 0x0000000080031f38
core   0: 0x000000008000feee (0xfb843783) ld      a5, -72(s0)
core   0: 3 0x000000008000feee (0xfb843783) x15 0x000000000000009c mem 0x0000000080031f28
core   0: 0x000000008000fef2 (0x000097ba) c.add   a5, a4
core   0: 3 0x000000008000fef2 (0x97ba) x15 0x00000000800120dc
core   0: 0x000000008000fef4 (0xfe043703) ld      a4, -32(s0)
core   0: 3 0x000000008000fef4 (0xfe043703) x14 0x00000000800120cc mem 0x0000000080031f50
core   0: 0x000000008000fef8 (0xfcf76de3) bltu    a4, a5, pc - 38
core   0: 3 0x000000008000fef8 (0xfcf76de3)
core   0: 0x000000008000fed2 (0xfe043783) ld      a5, -32(s0)
core   0: 3 0x000000008000fed2 (0xfe043783) x15 0x00000000800120cc mem 0x0000000080031f50
core   0: 0x000000008000fed6 (0x00178713) addi    a4, a5, 1
core   0: 3 0x000000008000fed6 (0x00178713) x14 0x00000000800120cd
core   0: 0x000000008000feda (0xfee43023) sd      a4, -32(s0)
core   0: 3 0x000000008000feda (0xfee43023) mem 0x0000000080031f50 0x00000000800120cd
core   0: 0x000000008000fede (0xfc442703) lw      a4, -60(s0)
core   0: 3 0x000000008000fede (0xfc442703) x14 0x0000000000000000 mem 0x0000000080031f34
core   0: 0x000000008000fee2 (0x0ff77713) andi    a4, a4, 255
core   0: 3 0x000000008000fee2 (0x0ff77713) x14 0x0000000000000000
core   0: 0x000000008000fee6 (0x00e78023) sb      a4, 0(a5)
core   0: 3 0x000000008000fee6 (0x00e78023) mem 0x00000000800120cc 0x00
core   0: 0x000000008000feea (0xfc843703) ld      a4, -56(s0)
core   0: 3 0x000000008000feea (0xfc843703) x14 0x0000000080012040 mem 0x0000000080031f38
core   0: 0x000000008000feee (0xfb843783) ld      a5, -72(s0)
core   0: 3 0x000000008000feee (0xfb843783) x15 0x000000000000009c mem 0x0000000080031f28
core   0: 0x000000008000fef2 (0x000097ba) c.add   a5, a4
core   0: 3 0x000000008000fef2 (0x97ba) x15 0x00000000800120dc
core   0: 0x000000008000fef4 (0xfe043703) ld      a4, -32(s0)
core   0: 3 0x000000008000fef4 (0xfe043703) x14 0x00000000800120cd mem 0x0000000080031f50
core   0: 0x000000008000fef8 (0xfcf76de3) bltu    a4, a5, pc - 38
core   0: 3 0x000000008000fef8 (0xfcf76de3)
core   0: 0x000000008000fed2 (0xfe043783) ld      a5, -32(s0)
core   0: 3 0x000000008000fed2 (0xfe043783) x15 0x00000000800120cd mem 0x0000000080031f50
core   0: 0x000000008000fed6 (0x00178713) addi    a4, a5, 1
core   0: 3 0x000000008000fed6 (0x00178713) x14 0x00000000800120ce
core   0: 0x000000008000feda (0xfee43023) sd      a4, -32(s0)
core   0: 3 0x000000008000feda (0xfee43023) mem 0x0000000080031f50 0x00000000800120ce
core   0: 0x000000008000fede (0xfc442703) lw      a4, -60(s0)
core   0: 3 0x000000008000fede (0xfc442703) x14 0x0000000000000000 mem 0x0000000080031f34
core   0: 0x000000008000fee2 (0x0ff77713) andi    a4, a4, 255
core   0: 3 0x000000008000fee2 (0x0ff77713) x14 0x0000000000000000
core   0: 0x000000008000fee6 (0x00e78023) sb      a4, 0(a5)
core   0: 3 0x000000008000fee6 (0x00e78023) mem 0x00000000800120cd 0x00
core   0: 0x000000008000feea (0xfc843703) ld      a4, -56(s0)
core   0: 3 0x000000008000feea (0xfc843703) x14 0x0000000080012040 mem 0x0000000080031f38
core   0: 0x000000008000feee (0xfb843783) ld      a5, -72(s0)
core   0: 3 0x000000008000feee (0xfb843783) x15 0x000000000000009c mem 0x0000000080031f28
core   0: 0x000000008000fef2 (0x000097ba) c.add   a5, a4
core   0: 3 0x000000008000fef2 (0x97ba) x15 0x00000000800120dc
core   0: 0x000000008000fef4 (0xfe043703) ld      a4, -32(s0)
core   0: 3 0x000000008000fef4 (0xfe043703) x14 0x00000000800120ce mem 0x0000000080031f50
core   0: 0x000000008000fef8 (0xfcf76de3) bltu    a4, a5, pc - 38
core   0: 3 0x000000008000fef8 (0xfcf76de3)
core   0: 0x000000008000fed2 (0xfe043783) ld      a5, -32(s0)
core   0: 3 0x000000008000fed2 (0xfe043783) x15 0x00000000800120ce mem 0x0000000080031f50
core   0: 0x000000008000fed6 (0x00178713) addi    a4, a5, 1
core   0: 3 0x000000008000fed6 (0x00178713) x14 0x00000000800120cf
core   0: 0x000000008000feda (0xfee43023) sd      a4, -32(s0)
core   0: 3 0x000000008000feda (0xfee43023) mem 0x0000000080031f50 0x00000000800120cf
core   0: 0x000000008000fede (0xfc442703) lw      a4, -60(s0)
core   0: 3 0x000000008000fede (0xfc442703) x14 0x0000000000000000 mem 0x0000000080031f34
core   0: 0x000000008000fee2 (0x0ff77713) andi    a4, a4, 255
core   0: 3 0x000000008000fee2 (0x0ff77713) x14 0x0000000000000000
core   0: 0x000000008000fee6 (0x00e78023) sb      a4, 0(a5)
core   0: 3 0x000000008000fee6 (0x00e78023) mem 0x00000000800120ce 0x00
core   0: 0x000000008000feea (0xfc843703) ld      a4, -56(s0)
core   0: 3 0x000000008000feea (0xfc843703) x14 0x0000000080012040 mem 0x0000000080031f38
core   0: 0x000000008000feee (0xfb843783) ld      a5, -72(s0)
core   0: 3 0x000000008000feee (0xfb843783) x15 0x000000000000009c mem 0x0000000080031f28
core   0: 0x000000008000fef2 (0x000097ba) c.add   a5, a4
core   0: 3 0x000000008000fef2 (0x97ba) x15 0x00000000800120dc
core   0: 0x000000008000fef4 (0xfe043703) ld      a4, -32(s0)
core   0: 3 0x000000008000fef4 (0xfe043703) x14 0x00000000800120cf mem 0x0000000080031f50
core   0: 0x000000008000fef8 (0xfcf76de3) bltu    a4, a5, pc - 38
core   0: 3 0x000000008000fef8 (0xfcf76de3)
core   0: 0x000000008000fed2 (0xfe043783) ld      a5, -32(s0)
core   0: 3 0x000000008000fed2 (0xfe043783) x15 0x00000000800120cf mem 0x0000000080031f50
core   0: 0x000000008000fed6 (0x00178713) addi    a4, a5, 1
core   0: 3 0x000000008000fed6 (0x00178713) x14 0x00000000800120d0
core   0: 0x000000008000feda (0xfee43023) sd      a4, -32(s0)
core   0: 3 0x000000008000feda (0xfee43023) mem 0x0000000080031f50 0x00000000800120d0
core   0: 0x000000008000fede (0xfc442703) lw      a4, -60(s0)
core   0: 3 0x000000008000fede (0xfc442703) x14 0x0000000000000000 mem 0x0000000080031f34
core   0: 0x000000008000fee2 (0x0ff77713) andi    a4, a4, 255
core   0: 3 0x000000008000fee2 (0x0ff77713) x14 0x0000000000000000
core   0: 0x000000008000fee6 (0x00e78023) sb      a4, 0(a5)
core   0: 3 0x000000008000fee6 (0x00e78023) mem 0x00000000800120cf 0x00
core   0: 0x000000008000feea (0xfc843703) ld      a4, -56(s0)
core   0: 3 0x000000008000feea (0xfc843703) x14 0x0000000080012040 mem 0x0000000080031f38
core   0: 0x000000008000feee (0xfb843783) ld      a5, -72(s0)
core   0: 3 0x000000008000feee (0xfb843783) x15 0x000000000000009c mem 0x0000000080031f28
core   0: 0x000000008000fef2 (0x000097ba) c.add   a5, a4
core   0: 3 0x000000008000fef2 (0x97ba) x15 0x00000000800120dc
core   0: 0x000000008000fef4 (0xfe043703) ld      a4, -32(s0)
core   0: 3 0x000000008000fef4 (0xfe043703) x14 0x00000000800120d0 mem 0x0000000080031f50
core   0: 0x000000008000fef8 (0xfcf76de3) bltu    a4, a5, pc - 38
core   0: 3 0x000000008000fef8 (0xfcf76de3)
core   0: 0x000000008000fed2 (0xfe043783) ld      a5, -32(s0)
core   0: 3 0x000000008000fed2 (0xfe043783) x15 0x00000000800120d0 mem 0x0000000080031f50
core   0: 0x000000008000fed6 (0x00178713) addi    a4, a5, 1
core   0: 3 0x000000008000fed6 (0x00178713) x14 0x00000000800120d1
core   0: 0x000000008000feda (0xfee43023) sd      a4, -32(s0)
core   0: 3 0x000000008000feda (0xfee43023) mem 0x0000000080031f50 0x00000000800120d1
core   0: 0x000000008000fede (0xfc442703) lw      a4, -60(s0)
core   0: 3 0x000000008000fede (0xfc442703) x14 0x0000000000000000 mem 0x0000000080031f34
core   0: 0x000000008000fee2 (0x0ff77713) andi    a4, a4, 255
core   0: 3 0x000000008000fee2 (0x0ff77713) x14 0x0000000000000000
core   0: 0x000000008000fee6 (0x00e78023) sb      a4, 0(a5)
core   0: 3 0x000000008000fee6 (0x00e78023) mem 0x00000000800120d0 0x00
core   0: 0x000000008000feea (0xfc843703) ld      a4, -56(s0)
core   0: 3 0x000000008000feea (0xfc843703) x14 0x0000000080012040 mem 0x0000000080031f38
core   0: 0x000000008000feee (0xfb843783) ld      a5, -72(s0)
core   0: 3 0x000000008000feee (0xfb843783) x15 0x000000000000009c mem 0x0000000080031f28
core   0: 0x000000008000fef2 (0x000097ba) c.add   a5, a4
core   0: 3 0x000000008000fef2 (0x97ba) x15 0x00000000800120dc
core   0: 0x000000008000fef4 (0xfe043703) ld      a4, -32(s0)
core   0: 3 0x000000008000fef4 (0xfe043703) x14 0x00000000800120d1 mem 0x0000000080031f50
core   0: 0x000000008000fef8 (0xfcf76de3) bltu    a4, a5, pc - 38
core   0: 3 0x000000008000fef8 (0xfcf76de3)
core   0: 0x000000008000fed2 (0xfe043783) ld      a5, -32(s0)
core   0: 3 0x000000008000fed2 (0xfe043783) x15 0x00000000800120d1 mem 0x0000000080031f50
core   0: 0x000000008000fed6 (0x00178713) addi    a4, a5, 1
core   0: 3 0x000000008000fed6 (0x00178713) x14 0x00000000800120d2
core   0: 0x000000008000feda (0xfee43023) sd      a4, -32(s0)
core   0: 3 0x000000008000feda (0xfee43023) mem 0x0000000080031f50 0x00000000800120d2
core   0: 0x000000008000fede (0xfc442703) lw      a4, -60(s0)
core   0: 3 0x000000008000fede (0xfc442703) x14 0x0000000000000000 mem 0x0000000080031f34
core   0: 0x000000008000fee2 (0x0ff77713) andi    a4, a4, 255
core   0: 3 0x000000008000fee2 (0x0ff77713) x14 0x0000000000000000
core   0: 0x000000008000fee6 (0x00e78023) sb      a4, 0(a5)
core   0: 3 0x000000008000fee6 (0x00e78023) mem 0x00000000800120d1 0x00
core   0: 0x000000008000feea (0xfc843703) ld      a4, -56(s0)
core   0: 3 0x000000008000feea (0xfc843703) x14 0x0000000080012040 mem 0x0000000080031f38
core   0: 0x000000008000feee (0xfb843783) ld      a5, -72(s0)
core   0: 3 0x000000008000feee (0xfb843783) x15 0x000000000000009c mem 0x0000000080031f28
core   0: 0x000000008000fef2 (0x000097ba) c.add   a5, a4
core   0: 3 0x000000008000fef2 (0x97ba) x15 0x00000000800120dc
core   0: 0x000000008000fef4 (0xfe043703) ld      a4, -32(s0)
core   0: 3 0x000000008000fef4 (0xfe043703) x14 0x00000000800120d2 mem 0x0000000080031f50
core   0: 0x000000008000fef8 (0xfcf76de3) bltu    a4, a5, pc - 38
core   0: 3 0x000000008000fef8 (0xfcf76de3)
core   0: 0x000000008000fed2 (0xfe043783) ld      a5, -32(s0)
core   0: 3 0x000000008000fed2 (0xfe043783) x15 0x00000000800120d2 mem 0x0000000080031f50
core   0: 0x000000008000fed6 (0x00178713) addi    a4, a5, 1
core   0: 3 0x000000008000fed6 (0x00178713) x14 0x00000000800120d3
core   0: 0x000000008000feda (0xfee43023) sd      a4, -32(s0)
core   0: 3 0x000000008000feda (0xfee43023) mem 0x0000000080031f50 0x00000000800120d3
core   0: 0x000000008000fede (0xfc442703) lw      a4, -60(s0)
core   0: 3 0x000000008000fede (0xfc442703) x14 0x0000000000000000 mem 0x0000000080031f34
core   0: 0x000000008000fee2 (0x0ff77713) andi    a4, a4, 255
core   0: 3 0x000000008000fee2 (0x0ff77713) x14 0x0000000000000000
core   0: 0x000000008000fee6 (0x00e78023) sb      a4, 0(a5)
core   0: 3 0x000000008000fee6 (0x00e78023) mem 0x00000000800120d2 0x00
core   0: 0x000000008000feea (0xfc843703) ld      a4, -56(s0)
core   0: 3 0x000000008000feea (0xfc843703) x14 0x0000000080012040 mem 0x0000000080031f38
core   0: 0x000000008000feee (0xfb843783) ld      a5, -72(s0)
core   0: 3 0x000000008000feee (0xfb843783) x15 0x000000000000009c mem 0x0000000080031f28
core   0: 0x000000008000fef2 (0x000097ba) c.add   a5, a4
core   0: 3 0x000000008000fef2 (0x97ba) x15 0x00000000800120dc
core   0: 0x000000008000fef4 (0xfe043703) ld      a4, -32(s0)
core   0: 3 0x000000008000fef4 (0xfe043703) x14 0x00000000800120d3 mem 0x0000000080031f50
core   0: 0x000000008000fef8 (0xfcf76de3) bltu    a4, a5, pc - 38
core   0: 3 0x000000008000fef8 (0xfcf76de3)
core   0: 0x000000008000fed2 (0xfe043783) ld      a5, -32(s0)
core   0: 3 0x000000008000fed2 (0xfe043783) x15 0x00000000800120d3 mem 0x0000000080031f50
core   0: 0x000000008000fed6 (0x00178713) addi    a4, a5, 1
core   0: 3 0x000000008000fed6 (0x00178713) x14 0x00000000800120d4
core   0: 0x000000008000feda (0xfee43023) sd      a4, -32(s0)
core   0: 3 0x000000008000feda (0xfee43023) mem 0x0000000080031f50 0x00000000800120d4
core   0: 0x000000008000fede (0xfc442703) lw      a4, -60(s0)
core   0: 3 0x000000008000fede (0xfc442703) x14 0x0000000000000000 mem 0x0000000080031f34
core   0: 0x000000008000fee2 (0x0ff77713) andi    a4, a4, 255
core   0: 3 0x000000008000fee2 (0x0ff77713) x14 0x0000000000000000
core   0: 0x000000008000fee6 (0x00e78023) sb      a4, 0(a5)
core   0: 3 0x000000008000fee6 (0x00e78023) mem 0x00000000800120d3 0x00
core   0: 0x000000008000feea (0xfc843703) ld      a4, -56(s0)
core   0: 3 0x000000008000feea (0xfc843703) x14 0x0000000080012040 mem 0x0000000080031f38
core   0: 0x000000008000feee (0xfb843783) ld      a5, -72(s0)
core   0: 3 0x000000008000feee (0xfb843783) x15 0x000000000000009c mem 0x0000000080031f28
core   0: 0x000000008000fef2 (0x000097ba) c.add   a5, a4
core   0: 3 0x000000008000fef2 (0x97ba) x15 0x00000000800120dc
core   0: 0x000000008000fef4 (0xfe043703) ld      a4, -32(s0)
core   0: 3 0x000000008000fef4 (0xfe043703) x14 0x00000000800120d4 mem 0x0000000080031f50
core   0: 0x000000008000fef8 (0xfcf76de3) bltu    a4, a5, pc - 38
core   0: 3 0x000000008000fef8 (0xfcf76de3)
core   0: 0x000000008000fed2 (0xfe043783) ld      a5, -32(s0)
core   0: 3 0x000000008000fed2 (0xfe043783) x15 0x00000000800120d4 mem 0x0000000080031f50
core   0: 0x000000008000fed6 (0x00178713) addi    a4, a5, 1
core   0: 3 0x000000008000fed6 (0x00178713) x14 0x00000000800120d5
core   0: 0x000000008000feda (0xfee43023) sd      a4, -32(s0)
core   0: 3 0x000000008000feda (0xfee43023) mem 0x0000000080031f50 0x00000000800120d5
core   0: 0x000000008000fede (0xfc442703) lw      a4, -60(s0)
core   0: 3 0x000000008000fede (0xfc442703) x14 0x0000000000000000 mem 0x0000000080031f34
core   0: 0x000000008000fee2 (0x0ff77713) andi    a4, a4, 255
core   0: 3 0x000000008000fee2 (0x0ff77713) x14 0x0000000000000000
core   0: 0x000000008000fee6 (0x00e78023) sb      a4, 0(a5)
core   0: 3 0x000000008000fee6 (0x00e78023) mem 0x00000000800120d4 0x00
core   0: 0x000000008000feea (0xfc843703) ld      a4, -56(s0)
core   0: 3 0x000000008000feea (0xfc843703) x14 0x0000000080012040 mem 0x0000000080031f38
core   0: 0x000000008000feee (0xfb843783) ld      a5, -72(s0)
core   0: 3 0x000000008000feee (0xfb843783) x15 0x000000000000009c mem 0x0000000080031f28
core   0: 0x000000008000fef2 (0x000097ba) c.add   a5, a4
core   0: 3 0x000000008000fef2 (0x97ba) x15 0x00000000800120dc
core   0: 0x000000008000fef4 (0xfe043703) ld      a4, -32(s0)
core   0: 3 0x000000008000fef4 (0xfe043703) x14 0x00000000800120d5 mem 0x0000000080031f50
core   0: 0x000000008000fef8 (0xfcf76de3) bltu    a4, a5, pc - 38
core   0: 3 0x000000008000fef8 (0xfcf76de3)
core   0: 0x000000008000fed2 (0xfe043783) ld      a5, -32(s0)
core   0: 3 0x000000008000fed2 (0xfe043783) x15 0x00000000800120d5 mem 0x0000000080031f50
core   0: 0x000000008000fed6 (0x00178713) addi    a4, a5, 1
core   0: 3 0x000000008000fed6 (0x00178713) x14 0x00000000800120d6
core   0: 0x000000008000feda (0xfee43023) sd      a4, -32(s0)
core   0: 3 0x000000008000feda (0xfee43023) mem 0x0000000080031f50 0x00000000800120d6
core   0: 0x000000008000fede (0xfc442703) lw      a4, -60(s0)
core   0: 3 0x000000008000fede (0xfc442703) x14 0x0000000000000000 mem 0x0000000080031f34
core   0: 0x000000008000fee2 (0x0ff77713) andi    a4, a4, 255
core   0: 3 0x000000008000fee2 (0x0ff77713) x14 0x0000000000000000
core   0: 0x000000008000fee6 (0x00e78023) sb      a4, 0(a5)
core   0: 3 0x000000008000fee6 (0x00e78023) mem 0x00000000800120d5 0x00
core   0: 0x000000008000feea (0xfc843703) ld      a4, -56(s0)
core   0: 3 0x000000008000feea (0xfc843703) x14 0x0000000080012040 mem 0x0000000080031f38
core   0: 0x000000008000feee (0xfb843783) ld      a5, -72(s0)
core   0: 3 0x000000008000feee (0xfb843783) x15 0x000000000000009c mem 0x0000000080031f28
core   0: 0x000000008000fef2 (0x000097ba) c.add   a5, a4
core   0: 3 0x000000008000fef2 (0x97ba) x15 0x00000000800120dc
core   0: 0x000000008000fef4 (0xfe043703) ld      a4, -32(s0)
core   0: 3 0x000000008000fef4 (0xfe043703) x14 0x00000000800120d6 mem 0x0000000080031f50
core   0: 0x000000008000fef8 (0xfcf76de3) bltu    a4, a5, pc - 38
core   0: 3 0x000000008000fef8 (0xfcf76de3)
core   0: 0x000000008000fed2 (0xfe043783) ld      a5, -32(s0)
core   0: 3 0x000000008000fed2 (0xfe043783) x15 0x00000000800120d6 mem 0x0000000080031f50
core   0: 0x000000008000fed6 (0x00178713) addi    a4, a5, 1
core   0: 3 0x000000008000fed6 (0x00178713) x14 0x00000000800120d7
core   0: 0x000000008000feda (0xfee43023) sd      a4, -32(s0)
core   0: 3 0x000000008000feda (0xfee43023) mem 0x0000000080031f50 0x00000000800120d7
core   0: 0x000000008000fede (0xfc442703) lw      a4, -60(s0)
core   0: 3 0x000000008000fede (0xfc442703) x14 0x0000000000000000 mem 0x0000000080031f34
core   0: 0x000000008000fee2 (0x0ff77713) andi    a4, a4, 255
core   0: 3 0x000000008000fee2 (0x0ff77713) x14 0x0000000000000000
core   0: 0x000000008000fee6 (0x00e78023) sb      a4, 0(a5)
core   0: 3 0x000000008000fee6 (0x00e78023) mem 0x00000000800120d6 0x00
core   0: 0x000000008000feea (0xfc843703) ld      a4, -56(s0)
core   0: 3 0x000000008000feea (0xfc843703) x14 0x0000000080012040 mem 0x0000000080031f38
core   0: 0x000000008000feee (0xfb843783) ld      a5, -72(s0)
core   0: 3 0x000000008000feee (0xfb843783) x15 0x000000000000009c mem 0x0000000080031f28
core   0: 0x000000008000fef2 (0x000097ba) c.add   a5, a4
core   0: 3 0x000000008000fef2 (0x97ba) x15 0x00000000800120dc
core   0: 0x000000008000fef4 (0xfe043703) ld      a4, -32(s0)
core   0: 3 0x000000008000fef4 (0xfe043703) x14 0x00000000800120d7 mem 0x0000000080031f50
core   0: 0x000000008000fef8 (0xfcf76de3) bltu    a4, a5, pc - 38
core   0: 3 0x000000008000fef8 (0xfcf76de3)
core   0: 0x000000008000fed2 (0xfe043783) ld      a5, -32(s0)
core   0: 3 0x000000008000fed2 (0xfe043783) x15 0x00000000800120d7 mem 0x0000000080031f50
core   0: 0x000000008000fed6 (0x00178713) addi    a4, a5, 1
core   0: 3 0x000000008000fed6 (0x00178713) x14 0x00000000800120d8
core   0: 0x000000008000feda (0xfee43023) sd      a4, -32(s0)
core   0: 3 0x000000008000feda (0xfee43023) mem 0x0000000080031f50 0x00000000800120d8
core   0: 0x000000008000fede (0xfc442703) lw      a4, -60(s0)
core   0: 3 0x000000008000fede (0xfc442703) x14 0x0000000000000000 mem 0x0000000080031f34
core   0: 0x000000008000fee2 (0x0ff77713) andi    a4, a4, 255
core   0: 3 0x000000008000fee2 (0x0ff77713) x14 0x0000000000000000
core   0: 0x000000008000fee6 (0x00e78023) sb      a4, 0(a5)
core   0: 3 0x000000008000fee6 (0x00e78023) mem 0x00000000800120d7 0x00
core   0: 0x000000008000feea (0xfc843703) ld      a4, -56(s0)
core   0: 3 0x000000008000feea (0xfc843703) x14 0x0000000080012040 mem 0x0000000080031f38
core   0: 0x000000008000feee (0xfb843783) ld      a5, -72(s0)
core   0: 3 0x000000008000feee (0xfb843783) x15 0x000000000000009c mem 0x0000000080031f28
core   0: 0x000000008000fef2 (0x000097ba) c.add   a5, a4
core   0: 3 0x000000008000fef2 (0x97ba) x15 0x00000000800120dc
core   0: 0x000000008000fef4 (0xfe043703) ld      a4, -32(s0)
core   0: 3 0x000000008000fef4 (0xfe043703) x14 0x00000000800120d8 mem 0x0000000080031f50
core   0: 0x000000008000fef8 (0xfcf76de3) bltu    a4, a5, pc - 38
core   0: 3 0x000000008000fef8 (0xfcf76de3)
core   0: 0x000000008000fed2 (0xfe043783) ld      a5, -32(s0)
core   0: 3 0x000000008000fed2 (0xfe043783) x15 0x00000000800120d8 mem 0x0000000080031f50
core   0: 0x000000008000fed6 (0x00178713) addi    a4, a5, 1
core   0: 3 0x000000008000fed6 (0x00178713) x14 0x00000000800120d9
core   0: 0x000000008000feda (0xfee43023) sd      a4, -32(s0)
core   0: 3 0x000000008000feda (0xfee43023) mem 0x0000000080031f50 0x00000000800120d9
core   0: 0x000000008000fede (0xfc442703) lw      a4, -60(s0)
core   0: 3 0x000000008000fede (0xfc442703) x14 0x0000000000000000 mem 0x0000000080031f34
core   0: 0x000000008000fee2 (0x0ff77713) andi    a4, a4, 255
core   0: 3 0x000000008000fee2 (0x0ff77713) x14 0x0000000000000000
core   0: 0x000000008000fee6 (0x00e78023) sb      a4, 0(a5)
core   0: 3 0x000000008000fee6 (0x00e78023) mem 0x00000000800120d8 0x00
core   0: 0x000000008000feea (0xfc843703) ld      a4, -56(s0)
core   0: 3 0x000000008000feea (0xfc843703) x14 0x0000000080012040 mem 0x0000000080031f38
core   0: 0x000000008000feee (0xfb843783) ld      a5, -72(s0)
core   0: 3 0x000000008000feee (0xfb843783) x15 0x000000000000009c mem 0x0000000080031f28
core   0: 0x000000008000fef2 (0x000097ba) c.add   a5, a4
core   0: 3 0x000000008000fef2 (0x97ba) x15 0x00000000800120dc
core   0: 0x000000008000fef4 (0xfe043703) ld      a4, -32(s0)
core   0: 3 0x000000008000fef4 (0xfe043703) x14 0x00000000800120d9 mem 0x0000000080031f50
core   0: 0x000000008000fef8 (0xfcf76de3) bltu    a4, a5, pc - 38
core   0: 3 0x000000008000fef8 (0xfcf76de3)
core   0: 0x000000008000fed2 (0xfe043783) ld      a5, -32(s0)
core   0: 3 0x000000008000fed2 (0xfe043783) x15 0x00000000800120d9 mem 0x0000000080031f50
core   0: 0x000000008000fed6 (0x00178713) addi    a4, a5, 1
core   0: 3 0x000000008000fed6 (0x00178713) x14 0x00000000800120da
core   0: 0x000000008000feda (0xfee43023) sd      a4, -32(s0)
core   0: 3 0x000000008000feda (0xfee43023) mem 0x0000000080031f50 0x00000000800120da
core   0: 0x000000008000fede (0xfc442703) lw      a4, -60(s0)
core   0: 3 0x000000008000fede (0xfc442703) x14 0x0000000000000000 mem 0x0000000080031f34
core   0: 0x000000008000fee2 (0x0ff77713) andi    a4, a4, 255
core   0: 3 0x000000008000fee2 (0x0ff77713) x14 0x0000000000000000
core   0: 0x000000008000fee6 (0x00e78023) sb      a4, 0(a5)
core   0: 3 0x000000008000fee6 (0x00e78023) mem 0x00000000800120d9 0x00
core   0: 0x000000008000feea (0xfc843703) ld      a4, -56(s0)
core   0: 3 0x000000008000feea (0xfc843703) x14 0x0000000080012040 mem 0x0000000080031f38
core   0: 0x000000008000feee (0xfb843783) ld      a5, -72(s0)
core   0: 3 0x000000008000feee (0xfb843783) x15 0x000000000000009c mem 0x0000000080031f28
core   0: 0x000000008000fef2 (0x000097ba) c.add   a5, a4
core   0: 3 0x000000008000fef2 (0x97ba) x15 0x00000000800120dc
core   0: 0x000000008000fef4 (0xfe043703) ld      a4, -32(s0)
core   0: 3 0x000000008000fef4 (0xfe043703) x14 0x00000000800120da mem 0x0000000080031f50
core   0: 0x000000008000fef8 (0xfcf76de3) bltu    a4, a5, pc - 38
core   0: 3 0x000000008000fef8 (0xfcf76de3)
core   0: 0x000000008000fed2 (0xfe043783) ld      a5, -32(s0)
core   0: 3 0x000000008000fed2 (0xfe043783) x15 0x00000000800120da mem 0x0000000080031f50
core   0: 0x000000008000fed6 (0x00178713) addi    a4, a5, 1
core   0: 3 0x000000008000fed6 (0x00178713) x14 0x00000000800120db
core   0: 0x000000008000feda (0xfee43023) sd      a4, -32(s0)
core   0: 3 0x000000008000feda (0xfee43023) mem 0x0000000080031f50 0x00000000800120db
core   0: 0x000000008000fede (0xfc442703) lw      a4, -60(s0)
core   0: 3 0x000000008000fede (0xfc442703) x14 0x0000000000000000 mem 0x0000000080031f34
core   0: 0x000000008000fee2 (0x0ff77713) andi    a4, a4, 255
core   0: 3 0x000000008000fee2 (0x0ff77713) x14 0x0000000000000000
core   0: 0x000000008000fee6 (0x00e78023) sb      a4, 0(a5)
core   0: 3 0x000000008000fee6 (0x00e78023) mem 0x00000000800120da 0x00
core   0: 0x000000008000feea (0xfc843703) ld      a4, -56(s0)
core   0: 3 0x000000008000feea (0xfc843703) x14 0x0000000080012040 mem 0x0000000080031f38
core   0: 0x000000008000feee (0xfb843783) ld      a5, -72(s0)
core   0: 3 0x000000008000feee (0xfb843783) x15 0x000000000000009c mem 0x0000000080031f28
core   0: 0x000000008000fef2 (0x000097ba) c.add   a5, a4
core   0: 3 0x000000008000fef2 (0x97ba) x15 0x00000000800120dc
core   0: 0x000000008000fef4 (0xfe043703) ld      a4, -32(s0)
core   0: 3 0x000000008000fef4 (0xfe043703) x14 0x00000000800120db mem 0x0000000080031f50
core   0: 0x000000008000fef8 (0xfcf76de3) bltu    a4, a5, pc - 38
core   0: 3 0x000000008000fef8 (0xfcf76de3)
core   0: 0x000000008000fed2 (0xfe043783) ld      a5, -32(s0)
core   0: 3 0x000000008000fed2 (0xfe043783) x15 0x00000000800120db mem 0x0000000080031f50
core   0: 0x000000008000fed6 (0x00178713) addi    a4, a5, 1
core   0: 3 0x000000008000fed6 (0x00178713) x14 0x00000000800120dc
core   0: 0x000000008000feda (0xfee43023) sd      a4, -32(s0)
core   0: 3 0x000000008000feda (0xfee43023) mem 0x0000000080031f50 0x00000000800120dc
core   0: 0x000000008000fede (0xfc442703) lw      a4, -60(s0)
core   0: 3 0x000000008000fede (0xfc442703) x14 0x0000000000000000 mem 0x0000000080031f34
core   0: 0x000000008000fee2 (0x0ff77713) andi    a4, a4, 255
core   0: 3 0x000000008000fee2 (0x0ff77713) x14 0x0000000000000000
core   0: 0x000000008000fee6 (0x00e78023) sb      a4, 0(a5)
core   0: 3 0x000000008000fee6 (0x00e78023) mem 0x00000000800120db 0x00
core   0: 0x000000008000feea (0xfc843703) ld      a4, -56(s0)
core   0: 3 0x000000008000feea (0xfc843703) x14 0x0000000080012040 mem 0x0000000080031f38
core   0: 0x000000008000feee (0xfb843783) ld      a5, -72(s0)
core   0: 3 0x000000008000feee (0xfb843783) x15 0x000000000000009c mem 0x0000000080031f28
core   0: 0x000000008000fef2 (0x000097ba) c.add   a5, a4
core   0: 3 0x000000008000fef2 (0x97ba) x15 0x00000000800120dc
core   0: 0x000000008000fef4 (0xfe043703) ld      a4, -32(s0)
core   0: 3 0x000000008000fef4 (0xfe043703) x14 0x00000000800120dc mem 0x0000000080031f50
core   0: 0x000000008000fef8 (0xfcf76de3) bltu    a4, a5, pc - 38
core   0: 3 0x000000008000fef8 (0xfcf76de3)
core   0: 0x000000008000fefc (0xfc843783) ld      a5, -56(s0)
core   0: 3 0x000000008000fefc (0xfc843783) x15 0x0000000080012040 mem 0x0000000080031f38
core   0: 0x000000008000ff00 (0x0000853e) c.mv    a0, a5
core   0: 3 0x000000008000ff00 (0x853e) x10 0x0000000080012040
core   0: 0x000000008000ff02 (0x00006426) c.ldsp  s0, 72(sp)
core   0: 3 0x000000008000ff02 (0x6426) x8  0x0000000080031f90 mem 0x0000000080031f68
core   0: 0x000000008000ff04 (0x00006161) c.addi16sp sp, 80
core   0: 3 0x000000008000ff04 (0x6161) x2  0x0000000080031f70
core   0: 0x000000008000ff06 (0x00008082) ret
core   0: 3 0x000000008000ff06 (0x8082)
core   0: 0x000000008000f4ba (0x00000001) c.nop
core   0: 3 0x000000008000f4ba (0x0001)
core   0: 0x000000008000f4bc (0x000060e2) c.ldsp  ra, 24(sp)
core   0: 3 0x000000008000f4bc (0x60e2) x1  0x000000008000f4fa mem 0x0000000080031f88
core   0: 0x000000008000f4be (0x00006442) c.ldsp  s0, 16(sp)
core   0: 3 0x000000008000f4be (0x6442) x8  0x0000000080032040 mem 0x0000000080031f80
core   0: 0x000000008000f4c0 (0x00006105) c.addi16sp sp, 32
core   0: 3 0x000000008000f4c0 (0x6105) x2  0x0000000080031f90
core   0: 0x000000008000f4c2 (0x00008082) ret
core   0: 3 0x000000008000f4c2 (0x8082)
core   0: 0x000000008000f4fa (0xf5842703) lw      a4, -168(s0)
core   0: 3 0x000000008000f4fa (0xf5842703) x14 0x0000000000000001 mem 0x0000000080031f98
core   0: 0x000000008000f4fe (0xf5c42783) lw      a5, -164(s0)
core   0: 3 0x000000008000f4fe (0xf5c42783) x15 0x0000000000000000 mem 0x0000000080031f9c
core   0: 0x000000008000f502 (0x000085ba) c.mv    a1, a4
core   0: 3 0x000000008000f502 (0x85ba) x11 0x0000000000000001
core   0: 0x000000008000f504 (0x0000853e) c.mv    a0, a5
core   0: 3 0x000000008000f504 (0x853e) x10 0x0000000000000000
core   0: 0x000000008000f506 (0xf03ff0ef) jal     pc - 0xfe
core   0: 3 0x000000008000f506 (0xf03ff0ef) x1  0x000000008000f50a
core   0: >>>>  thread_entry
core   0: 0x000000008000f408 (0x00001101) c.addi  sp, -32
core   0: 3 0x000000008000f408 (0x1101) x2  0x0000000080031f70
core   0: 0x000000008000f40a (0x0000ec22) c.sdsp  s0, 24(sp)
core   0: 3 0x000000008000f40a (0xec22) mem 0x0000000080031f88 0x0000000080032040
core   0: 0x000000008000f40c (0x00001000) c.addi4spn s0, sp, 32
core   0: 3 0x000000008000f40c (0x1000) x8  0x0000000080031f90
core   0: 0x000000008000f40e (0x000087aa) c.mv    a5, a0
core   0: 3 0x000000008000f40e (0x87aa) x15 0x0000000000000000
core   0: 0x000000008000f410 (0x0000872e) c.mv    a4, a1
core   0: 3 0x000000008000f410 (0x872e) x14 0x0000000000000001
core   0: 0x000000008000f412 (0xfef42623) sw      a5, -20(s0)
core   0: 3 0x000000008000f412 (0xfef42623) mem 0x0000000080031f7c 0x00000000
core   0: 0x000000008000f416 (0x000087ba) c.mv    a5, a4
core   0: 3 0x000000008000f416 (0x87ba) x15 0x0000000000000001
core   0: 0x000000008000f418 (0xfef42423) sw      a5, -24(s0)
core   0: 3 0x000000008000f418 (0xfef42423) mem 0x0000000080031f78 0x00000001
core   0: 0x000000008000f41c (0x00000001) c.nop
core   0: 3 0x000000008000f41c (0x0001)
core   0: 0x000000008000f41e (0xfec42783) lw      a5, -20(s0)
core   0: 3 0x000000008000f41e (0xfec42783) x15 0x0000000000000000 mem 0x0000000080031f7c
core   0: 0x000000008000f422 (0x00002781) c.addiw a5, 0
core   0: 3 0x000000008000f422 (0x2781) x15 0x0000000000000000
core   0: 0x000000008000f424 (0x0000ffed) c.bnez  a5, pc - 6
core   0: 3 0x000000008000f424 (0xffed)
core   0: 0x000000008000f426 (0x00000001) c.nop
core   0: 3 0x000000008000f426 (0x0001)
core   0: 0x000000008000f428 (0x00000001) c.nop
core   0: 3 0x000000008000f428 (0x0001)
core   0: 0x000000008000f42a (0x00006462) c.ldsp  s0, 24(sp)
core   0: 3 0x000000008000f42a (0x6462) x8  0x0000000080032040 mem 0x0000000080031f88
core   0: 0x000000008000f42c (0x00006105) c.addi16sp sp, 32
core   0: 3 0x000000008000f42c (0x6105) x2  0x0000000080031f90
core   0: 0x000000008000f42e (0x00008082) ret
core   0: 3 0x000000008000f42e (0x8082)
core   0: 0x000000008000f50a (0x00004581) c.li    a1, 0
core   0: 3 0x000000008000f50a (0x4581) x11 0x0000000000000000
core   0: 0x000000008000f50c (0x00004501) c.li    a0, 0
core   0: 3 0x000000008000f50c (0x4501) x10 0x0000000000000000
core   0: 0x000000008000f50e (0xaf3f20ef) jal     pc - 0xd50e
core   0: 3 0x000000008000f50e (0xaf3f20ef) x1  0x000000008000f512
core   0: >>>>  main
core   0: 0x0000000080002000 (0x00000001) c.nop
core   0: 3 0x0000000080002000 (0x0001)
core   0: >>>>  trap_vec_init
core   0: 0x0000000080002002 (0x00002797) auipc   a5, 0x2
core   0: 3 0x0000000080002002 (0x00002797) x15 0x0000000080004002
core   0: 0x0000000080002006 (0xffe78793) addi    a5, a5, -2
core   0: 3 0x0000000080002006 (0xffe78793) x15 0x0000000080004000
core   0: 0x000000008000200a (0x30579073) csrrw   zero, mtvec, a5
core   0: 3 0x000000008000200a (0x30579073) c773_mtvec 0x0000000080004000
core   0: >>>>  pmp_setup
core   0: 0x000000008000200e (0x00002c17) auipc   s8, 0x2
core   0: 3 0x000000008000200e (0x00002c17) x24 0x000000008000400e
core   0: 0x0000000080002012 (0x022c0c13) addi    s8, s8, 34
core   0: 3 0x0000000080002012 (0x022c0c13) x24 0x0000000080004030
core   0: 0x0000000080002016 (0x00004781) c.li    a5, 0
core   0: 3 0x0000000080002016 (0x4781) x15 0x0000000000000000
core   0: 0x0000000080002018 (0x00009c3e) c.add   s8, a5
core   0: 3 0x0000000080002018 (0x9c3e) x24 0x0000000080004030
core   0: 0x000000008000201a (0x3b0c1073) csrrw   zero, pmpaddr0, s8
core   0: 3 0x000000008000201a (0x3b0c1073) c944_pmpaddr0 0x0000000080004030
core   0: 0x000000008000201e (0x00004c3d) c.li    s8, 15
core   0: 3 0x000000008000201e (0x4c3d) x24 0x000000000000000f
core   0: 0x0000000080002020 (0x3a0c1073) csrrw   zero, pmpcfg0, s8
core   0: 3 0x0000000080002020 (0x3a0c1073) c928_pmpcfg0 0x000000000000000f
core   0: 0x0000000080002024 (0x12000073) sfence.vma zero, zero
core   0: 3 0x0000000080002024 (0x12000073)
core   0: >>>>  mepc_setup
core   0: 0x0000000080002028 (0x00002797) auipc   a5, 0x2
core   0: 3 0x0000000080002028 (0x00002797) x15 0x0000000080004028
core   0: 0x000000008000202c (0x00878793) addi    a5, a5, 8
core   0: 3 0x000000008000202c (0x00878793) x15 0x0000000080004030
core   0: 0x0000000080002030 (0x34179073) csrrw   zero, mepc, a5
core   0: 3 0x0000000080002030 (0x34179073) c833_mepc 0x0000000080004030
core   0: >>>>  custom_csr_setup
core   0: 0x0000000080002034 (0x00100f9b) addiw   t6, zero, 1
core   0: 3 0x0000000080002034 (0x00100f9b) x31 0x0000000000000001
core   0: 0x0000000080002038 (0x00000ffe) c.slli  t6, 31
core   0: 3 0x0000000080002038 (0x0ffe) x31 0x0000000080000000
core   0: 0x000000008000203a (0x00000001) c.nop
core   0: 3 0x000000008000203a (0x0001)
core   0: >>>>  init_s_mode
core   0: 0x000000008000203c (0xfff0079b) addiw   a5, zero, -1
core   0: 3 0x000000008000203c (0xfff0079b) x15 0xffffffffffffffff
core   0: 0x0000000080002040 (0x000017fe) c.slli  a5, 63
core   0: 3 0x0000000080002040 (0x17fe) x15 0x8000000000000000
core   0: 0x0000000080002042 (0x18079073) csrrw   zero, satp, a5
core   0: 3 0x0000000080002042 (0x18079073) c384_satp 0x8000000000000000
core   0: 0x0000000080002046 (0x0000f797) auipc   a5, 0xf
core   0: 3 0x0000000080002046 (0x0000f797) x15 0x0000000080011046
core   0: 0x000000008000204a (0xfba78793) addi    a5, a5, -70
core   0: 3 0x000000008000204a (0xfba78793) x15 0x0000000080011000
core   0: 0x000000008000204e (0x000083b1) c.srli  a5, 12
core   0: 3 0x000000008000204e (0x83b1) x15 0x0000000000080011
core   0: 0x0000000080002050 (0x0010061b) addiw   a2, zero, 1
core   0: 3 0x0000000080002050 (0x0010061b) x12 0x0000000000000001
core   0: 0x0000000080002054 (0x00001632) c.slli  a2, 44
core   0: 3 0x0000000080002054 (0x1632) x12 0x0000100000000000
core   0: 0x0000000080002056 (0x0000167d) c.addi  a2, -1
core   0: 3 0x0000000080002056 (0x167d) x12 0x00000fffffffffff
core   0: 0x0000000080002058 (0x00008ff1) c.and   a5, a2
core   0: 3 0x0000000080002058 (0x8ff1) x15 0x0000000000080011
core   0: 0x000000008000205a (0x1807a073) csrrs   zero, satp, a5
core   0: 3 0x000000008000205a (0x1807a073) c384_satp 0x8000000000080011
core   0: 0x000000008000205e (0x00a005b7) lui     a1, 0xa00
core   0: 3 0x000000008000205e (0x00a005b7) x11 0x0000000000a00000
core   0: 0x0000000080002062 (0x10b5859b) addiw   a1, a1, 267
core   0: 3 0x0000000080002062 (0x10b5859b) x11 0x0000000000a0010b
core   0: 0x0000000080002066 (0x000005b2) c.slli  a1, 12
core   0: 3 0x0000000080002066 (0x05b2) x11 0x0000000a0010b000
core   0: 0x0000000080002068 (0xa0058593) addi    a1, a1, -1536
core   0: 3 0x0000000080002068 (0xa0058593) x11 0x0000000a0010aa00
core   0: 0x000000008000206c (0x30059073) csrrw   zero, mstatus, a1
core   0: 3 0x000000008000206c (0x30059073) c768_mstatus 0x0000000a00102800
core   0: 0x0000000080002070 (0x30459073) csrrw   zero, mie, a1
core   0: 3 0x0000000080002070 (0x30459073) c772_mie 0x0000000000000a00
core   0: 0x0000000080002074 (0x00a005b7) lui     a1, 0xa00
core   0: 3 0x0000000080002074 (0x00a005b7) x11 0x0000000000a00000
core   0: 0x0000000080002078 (0x10b5859b) addiw   a1, a1, 267
core   0: 3 0x0000000080002078 (0x10b5859b) x11 0x0000000000a0010b
core   0: 0x000000008000207c (0x000005b2) c.slli  a1, 12
core   0: 3 0x000000008000207c (0x05b2) x11 0x0000000a0010b000
core   0: 0x000000008000207e (0xa0058593) addi    a1, a1, -1536
core   0: 3 0x000000008000207e (0xa0058593) x11 0x0000000a0010aa00
core   0: 0x0000000080002082 (0x10059073) csrrw   zero, sstatus, a1
core   0: 3 0x0000000080002082 (0x10059073) c768_mstatus 0x0000000a00102800
core   0: 0x0000000080002086 (0x10459073) csrrw   zero, sie, a1
core   0: 3 0x0000000080002086 (0x10459073) c772_mie 0x0000000000000a00
core   0: 0x000000008000208a (0x30200073) mret
core   0: 3 0x000000008000208a (0x30200073) c768_mstatus 0x0000000a00102080
core   0: >>>>  main_g
core   0: 0x0000000080004030 (0x5a0cf553) fsqrt.d fa0, fs9
core   0: 1 0x0000000080004030 (0x5a0cf553) c768_mstatus 0x8000000a00106080 f10 0x7ff8000000000000
core   0: 0x0000000080004034 (0xc58aaa93) slti    s5, s5, -936
core   0: 1 0x0000000080004034 (0xc58aaa93) x21 0x0000000000000000
core   0: 0x0000000080004038 (0xc21d7dd3) fcvt.wu.d s11, fs10
core   0: 1 0x0000000080004038 (0xc21d7dd3) c1_fflags 0x0000000000000010 x27 0xffffffffffffffff
core   0: 0x000000008000403c (0xf3308c37) lui     s8, 0xf3308
core   0: 1 0x000000008000403c (0xf3308c37) x24 0xfffffffff3308000
core   0: 0x0000000080004040 (0xd02df853) fcvt.s.l fa6, s11
core   0: 1 0x0000000080004040 (0xd02df853) f16 0xffffffffbf800000
core   0: 0x0000000080004044 (0x00202d73) csrrs   s10, frm, zero
core   0: 1 0x0000000080004044 (0x00202d73) x26 0x0000000000000000
core   0: 0x0000000080004048 (0x00c665b3) or      a1, a2, a2
core   0: 1 0x0000000080004048 (0x00c665b3) x11 0x00000fffffffffff
core   0: 0x000000008000404c (0x0001111b) slliw   sp, sp, 0
core   0: 1 0x000000008000404c (0x0001111b) x2  0xffffffff80031f90
core   0: 0x0000000080004050 (0x0355453b) divw    a0, a0, s5
core   0: 1 0x0000000080004050 (0x0355453b) x10 0xffffffffffffffff
core   0: 0x0000000080004054 (0x00f7c3b3) xor     t2, a5, a5
core   0: 1 0x0000000080004054 (0x00f7c3b3) x7  0x0000000000000000
core   0: 0x0000000080004058 (0x001024f3) csrrs   s1, fflags, zero
core   0: 1 0x0000000080004058 (0x001024f3) x9  0x0000000000000010
core   0: 0x000000008000405c (0x0174fb33) and     s6, s1, s7
core   0: 1 0x000000008000405c (0x0174fb33) x22 0x0000000000000000
core   0: 0x0000000080004060 (0x0074d833) srl     a6, s1, t2
core   0: 1 0x0000000080004060 (0x0074d833) x16 0x0000000000000010
core   0: 0x0000000080004064 (0xd03c7f53) fcvt.s.lu ft10, s8
core   0: 1 0x0000000080004064 (0xd03c7f53) c1_fflags 0x0000000000000011 f30 0xffffffff5f800000
core   0: 0x0000000080004068 (0xa2a07ccf) fnmadd.d fs9, ft0, fa0, fs4
core   0: 1 0x0000000080004068 (0xa2a07ccf) f25 0x7ff8000000000000
core   0: 0x000000008000406c (0x4040023b) subw    tp, zero, tp
core   0: 1 0x000000008000406c (0x4040023b) x4  0x000000007ffedfc0
core   0: 0x0000000080004070 (0x001a8d1b) addiw   s10, s5, 1
core   0: 1 0x0000000080004070 (0x001a8d1b) x26 0x0000000000000001
core   0: 0x0000000080004074 (0x10a96073) csrrsi  zero, senvcfg, 18
core   0: 1 0x0000000080004074 (0x10a96073) c266_senvcfg 0x0000000000000000
core   0: 0x0000000080004078 (0x02d06db3) rem     s11, zero, a3
core   0: 1 0x0000000080004078 (0x02d06db3) x27 0x0000000000000000
core   0: 0x000000008000407c (0x0172f3b3) and     t2, t0, s7
core   0: 1 0x000000008000407c (0x0172f3b3) x7  0x0000000000000000
core   0: 0x0000000080004080 (0x000c28b7) lui     a7, 0xc2
core   0: 1 0x0000000080004080 (0x000c28b7) x17 0x00000000000c2000
core   0: 0x0000000080004084 (0xe7b8889b) addiw   a7, a7, -389
core   0: 1 0x0000000080004084 (0xe7b8889b) x17 0x00000000000c1e7b
core   0: 0x0000000080004088 (0x000008be) c.slli  a7, 15
core   0: 1 0x0000000080004088 (0x08be) x17 0x000000060f3d8000
core   0: 0x000000008000408a (0x2a188893) addi    a7, a7, 673
core   0: 1 0x000000008000408a (0x2a188893) x17 0x000000060f3d82a1
core   0: 0x000000008000408e (0x5a0cf553) fsqrt.d fa0, fs9
core   0: 1 0x000000008000408e (0x5a0cf553) f10 0x7ff8000000000000
core   0: 0x0000000080004092 (0x2b4a1a53) fmax.d  fs4, fs4, fs4
core   0: 1 0x0000000080004092 (0x2b4a1a53) f20 0x7ff8000000000000
core   0: 0x0000000080004096 (0x4408f213) andi    tp, a7, 1088
core   0: 1 0x0000000080004096 (0x4408f213) x4  0x0000000000000000
core   0: 0x000000008000409a (0x02786733) rem     a4, a6, t2
core   0: 1 0x000000008000409a (0x02786733) x14 0x0000000000000010
core   0: 0x000000008000409e (0x0134183b) sllw    a6, s0, s3
core   0: 1 0x000000008000409e (0x0134183b) x16 0xffffffff80032040
core   0: 0x00000000800040a2 (0xd02b71d3) fcvt.s.l ft3, s6
core   0: 1 0x00000000800040a2 (0xd02b71d3) f3  0xffffffff00000000
core   0: 0x00000000800040a6 (0x7c626213) ori     tp, tp, 1990
core   0: 1 0x00000000800040a6 (0x7c626213) x4  0x00000000000007c6
core   0: 0x00000000800040aa (0x5a0d7753) fsqrt.d fa4, fs10
core   0: 1 0x00000000800040aa (0x5a0d7753) f14 0x7ff8000000000000
core   0: 0x00000000800040ae (0x001021f3) csrrs   gp, fflags, zero
core   0: 1 0x00000000800040ae (0x001021f3) x3  0x0000000000000011
core   0: 0x00000000800040b2 (0x004357b3) srl     a5, t1, tp
core   0: 1 0x00000000800040b2 (0x004357b3) x15 0x0000000000000000
core   0: 0x00000000800040b6 (0xc032f353) fcvt.lu.s t1, ft5
core   0: 1 0x00000000800040b6 (0xc032f353) x6  0x0000000000000000
core   0: 0x00000000800040ba (0x001e9e9b) slliw   t4, t4, 1
core   0: 1 0x00000000800040ba (0x001e9e9b) x29 0x0000000000000000
core   0: 0x00000000800040be (0xd2108953) fcvt.d.wu fs2, ra
core   0: 1 0x00000000800040be (0xd2108953) f18 0x41e0001ea2400000
core   0: 0x00000000800040c2 (0x01415bbb) srlw    s7, sp, s4
core   0: 1 0x00000000800040c2 (0x01415bbb) x23 0xffffffff80031f90
core   0: 0x00000000800040c6 (0x00202c73) csrrs   s8, frm, zero
core   0: 1 0x00000000800040c6 (0x00202c73) x24 0x0000000000000000
core   0: 0x00000000800040ca (0x02d354bb) divuw   s1, t1, a3
core   0: 1 0x00000000800040ca (0x02d354bb) x9  0xffffffffffffffff
core   0: 0x00000000800040ce (0x0006929b) slliw   t0, a3, 0
core   0: 1 0x00000000800040ce (0x0006929b) x5  0x0000000000000000
core   0: 0x00000000800040d2 (0x71fa0a1b) addiw   s4, s4, 1823
core   0: 1 0x00000000800040d2 (0x71fa0a1b) x20 0x000000000000071f
core   0: 0x00000000800040d6 (0x02b7a5b3) mulhsu  a1, a5, a1
core   0: 1 0x00000000800040d6 (0x02b7a5b3) x11 0x0000000000000000
core   0: 0x00000000800040da (0x03a806b3) mul     a3, a6, s10
core   0: 1 0x00000000800040da (0x03a806b3) x13 0xffffffff80032040
core   0: 0x00000000800040de (0x5a037053) fsqrt.d ft0, ft6
core   0: 1 0x00000000800040de (0x5a037053) f0  0x7ff8000000000000
core   0: 0x00000000800040e2 (0xd237f6d3) fcvt.d.lu fa3, a5
core   0: 1 0x00000000800040e2 (0xd237f6d3) f13 0x0000000000000000
core   0: 0x00000000800040e6 (0x00102ef3) csrrs   t4, fflags, zero
core   0: 1 0x00000000800040e6 (0x00102ef3) x29 0x0000000000000011
core   0: 0x00000000800040ea (0x4022d433) sra     s0, t0, sp
core   0: 1 0x00000000800040ea (0x4022d433) x8  0x0000000000000000
core   0: 0x00000000800040ee (0xc21afbd3) fcvt.wu.d s7, fs5
core   0: 1 0x00000000800040ee (0xc21afbd3) c1_fflags 0x0000000000000011 x23 0xffffffffffffffff
core   0: 0x00000000800040f2 (0x037e6abb) remw    s5, t3, s7
core   0: 1 0x00000000800040f2 (0x037e6abb) x21 0x0000000000000000
core   0: 0x00000000800040f6 (0x4131d91b) sraiw   s2, gp, 19
core   0: 1 0x00000000800040f6 (0x4131d91b) x18 0x0000000000000000
core   0: 0x00000000800040fa (0x02caf13b) remuw   sp, s5, a2
core   0: 1 0x00000000800040fa (0x02caf13b) x2  0x0000000000000000
core   0: 0x00000000800040fe (0x420f05d3) fcvt.d.s fa1, ft10
core   0: 1 0x00000000800040fe (0x420f05d3) f11 0x43f0000000000000
core   0: 0x0000000080004102 (0x01cdc033) xor     zero, s11, t3
core   0: 1 0x0000000080004102 (0x01cdc033)
core   0: 0x0000000080004106 (0x00229bf3) csrrw   s7, frm, t0
core   0: 1 0x0000000080004106 (0x00229bf3) x23 0x0000000000000000 c2_frm 0x0000000000000000
core   0: 0x000000008000410a (0x317bd7b7) lui     a5, 0x317bd
core   0: 1 0x000000008000410a (0x317bd7b7) x15 0x00000000317bd000
core   0: 0x000000008000410e (0x038e1733) mulh    a4, t3, s8
core   0: 1 0x000000008000410e (0x038e1733) x14 0x0000000000000000
core   0: 0x0000000080004112 (0x02475abb) divuw   s5, a4, tp
core   0: 1 0x0000000080004112 (0x02475abb) x21 0x0000000000000000
core   0: 0x0000000080004116 (0xd227f4d3) fcvt.d.l fs1, a5
core   0: 1 0x0000000080004116 (0xd227f4d3) f9  0x41c8bde800000000
core   0: 0x000000008000411a (0x23871253) fsgnjn.d ft4, fa4, fs8
core   0: 1 0x000000008000411a (0x23871253) f4  0x7ff8000000000000
core   0: 0x000000008000411e (0xc21f7653) fcvt.wu.d a2, ft10
core   0: 1 0x000000008000411e (0xc21f7653) c1_fflags 0x0000000000000011 x12 0xffffffffffffffff
core   0: 0x0000000080004122 (0xc026ed93) ori     s11, a3, -1022
core   0: 1 0x0000000080004122 (0xc026ed93) x27 0xfffffffffffffc42
core   0: 0x0000000080004126 (0x020e603b) remw    zero, t3, zero
core   0: 1 0x0000000080004126 (0x020e603b)
core   0: 0x000000008000412a (0x3ab5f3c7) fmsub.d ft7, fa1, fa1, ft7
core   0: 1 0x000000008000412a (0x3ab5f3c7) f7  0x7ff8000000000000
core   0: 0x000000008000412e (0x0067531b) srliw   t1, a4, 6
core   0: 1 0x000000008000412e (0x0067531b) x6  0x0000000000000000
core   0: 0x0000000080004132 (0x0007a9b3) slt     s3, a5, zero
core   0: 1 0x0000000080004132 (0x0007a9b3) x19 0x0000000000000000
core   0: 0x0000000080004136 (0x409ed493) srai    s1, t4, 9
core   0: 1 0x0000000080004136 (0x409ed493) x9  0x0000000000000000
core   0: 0x000000008000413a (0x01d70db3) add     s11, a4, t4
core   0: 1 0x000000008000413a (0x01d70db3) x27 0x0000000000000011
core   0: 0x000000008000413e (0x0041939b) slliw   t2, gp, 4
core   0: 1 0x000000008000413e (0x0041939b) x7  0x0000000000000110
core   0: 0x0000000080004142 (0xc21474d3) fcvt.wu.d s1, fs0
core   0: 1 0x0000000080004142 (0xc21474d3) c1_fflags 0x0000000000000011 x9  0xffffffffffffffff
core   0: 0x0000000080004146 (0x0003059b) sext.w  a1, t1
core   0: 1 0x0000000080004146 (0x0003059b) x11 0x0000000000000000
core   0: 0x000000008000414a (0x418c5c33) sra     s8, s8, s8
core   0: 1 0x000000008000414a (0x418c5c33) x24 0x0000000000000000
core   0: 0x000000008000414e (0x000c149b) slliw   s1, s8, 0
core   0: 1 0x000000008000414e (0x000c149b) x9  0x0000000000000000
core   0: 0x0000000080004152 (0xc21b79d3) fcvt.wu.d s3, fs6
core   0: 1 0x0000000080004152 (0xc21b79d3) c1_fflags 0x0000000000000011 x19 0xffffffffffffffff
core   0: 0x0000000080004156 (0x00000001) c.nop
core   0: 1 0x0000000080004156 (0x0001)
core   0: 0x0000000080004158 (0x7fe08c13) addi    s8, ra, 2046
core   0: 1 0x0000000080004158 (0x7fe08c13) x24 0x000000008000fd10
core   0: 0x000000008000415c (0x42427447) fmsub.d fs0, ft4, ft4, fs0
core   0: 1 0x000000008000415c (0x42427447) f8  0x7ff8000000000000
core   0: 0x0000000080004160 (0x0351d237) lui     tp, 0x351d
core   0: 1 0x0000000080004160 (0x0351d237) x4  0x000000000351d000
core   0: 0x0000000080004164 (0x0d72021b) addiw   tp, tp, 215
core   0: 1 0x0000000080004164 (0x0d72021b) x4  0x000000000351d0d7
core   0: 0x0000000080004168 (0x00000236) c.slli  tp, 13
core   0: 1 0x0000000080004168 (0x0236) x4  0x0000006a3a1ae000
core   0: 0x000000008000416a (0x9d620213) addi    tp, tp, -1578
core   0: 1 0x000000008000416a (0x9d620213) x4  0x0000006a3a1ad9d6
core   0: 0x000000008000416e (0x430c7613) andi    a2, s8, 1072
core   0: 1 0x000000008000416e (0x430c7613) x12 0x0000000000000410
core   0: 0x0000000080004172 (0xc224f853) fcvt.l.d a6, fs1
core   0: 1 0x0000000080004172 (0xc224f853) x16 0x00000000317bd000
core   0: 0x0000000080004176 (0x7e67061b) addiw   a2, a4, 2022
core   0: 1 0x0000000080004176 (0x7e67061b) x12 0x00000000000007e6
core   0: 0x000000008000417a (0x013ddc9b) srliw   s9, s11, 19
core   0: 1 0x000000008000417a (0x013ddc9b) x25 0x0000000000000000
core   0: 0x000000008000417e (0xc024fc53) fcvt.l.s s8, fs1
core   0: 1 0x000000008000417e (0xc024fc53) c1_fflags 0x0000000000000011 x24 0x7fffffffffffffff
core   0: 0x0000000080004182 (0xc2247553) fcvt.l.d a0, fs0
core   0: 1 0x0000000080004182 (0xc2247553) c1_fflags 0x0000000000000011 x10 0x7fffffffffffffff
core   0: 0x0000000080004186 (0x03ad1d33) mulh    s10, s10, s10
core   0: 1 0x0000000080004186 (0x03ad1d33) x26 0x0000000000000000
core   0: 0x000000008000418a (0xf2068dd3) fmv.d.x fs11, a3
core   0: 1 0x000000008000418a (0xf2068dd3) f27 0xffffffff80032040
core   0: 0x000000008000418e (0xe2050253) fmv.x.d tp, fa0
core   0: 1 0x000000008000418e (0xe2050253) x4  0x7ff8000000000000
core   0: 0x0000000080004192 (0x01fdda9b) srliw   s5, s11, 31
core   0: 1 0x0000000080004192 (0x01fdda9b) x21 0x0000000000000000
core   0: 0x0000000080004196 (0xa3880a53) fle.d   s4, fa6, fs8
core   0: 1 0x0000000080004196 (0xa3880a53) c1_fflags 0x0000000000000011 x20 0x0000000000000000
core   0: 0x000000008000419a (0x7ff1c193) xori    gp, gp, 2047
core   0: 1 0x000000008000419a (0x7ff1c193) x3  0x00000000000007ee
core   0: 0x000000008000419e (0x0287a2b3) mulhsu  t0, a5, s0
core   0: 1 0x000000008000419e (0x0287a2b3) x5  0x0000000000000000
core   0: 0x00000000800041a2 (0x418c093b) subw    s2, s8, s8
core   0: 1 0x00000000800041a2 (0x418c093b) x18 0x0000000000000000
core   0: 0x00000000800041a6 (0x405cd23b) sraw    tp, s9, t0
core   0: 1 0x00000000800041a6 (0x405cd23b) x4  0x0000000000000000
core   0: 0x00000000800041aa (0x022e40bb) divw    ra, t3, sp
core   0: 1 0x00000000800041aa (0x022e40bb) x1  0xffffffffffffffff
core   0: 0x00000000800041ae (0x99688e93) addi    t4, a7, -1642
core   0: 1 0x00000000800041ae (0x99688e93) x29 0x000000060f3d7c37
core   0: 0x00000000800041b2 (0x02fc43bb) divw    t2, s8, a5
core   0: 1 0x00000000800041b2 (0x02fc43bb) x7  0x0000000000000000
core   0: 0x00000000800041b6 (0x026b1e13) slli    t3, s6, 38
core   0: 1 0x00000000800041b6 (0x026b1e13) x28 0x0000000000000000
core   0: 0x00000000800041ba (0x00566a33) or      s4, a2, t0
core   0: 1 0x00000000800041ba (0x00566a33) x20 0x00000000000007e6
core   0: 0x00000000800041be (0x01eed39b) srliw   t2, t4, 30
core   0: 1 0x00000000800041be (0x01eed39b) x7  0x0000000000000000
core   0: 0x00000000800041c2 (0x019104bb) addw    s1, sp, s9
core   0: 1 0x00000000800041c2 (0x019104bb) x9  0x0000000000000000
core   0: 0x00000000800041c6 (0x017d93bb) sllw    t2, s11, s7
core   0: 1 0x00000000800041c6 (0x017d93bb) x7  0x0000000000000011
core   0: 0x00000000800041ca (0x0ff0000f) fence   iorw,iorw
core   0: 1 0x00000000800041ca (0x0ff0000f)
core   0: 0x00000000800041ce (0xd0377a53) fcvt.s.lu fs4, a4
core   0: 1 0x00000000800041ce (0xd0377a53) f20 0xffffffff00000000
core   0: 0x00000000800041d2 (0x029b4ebb) divw    t4, s6, s1
core   0: 1 0x00000000800041d2 (0x029b4ebb) x29 0xffffffffffffffff
core   0: 0x00000000800041d6 (0xf140d773) csrrwi  a4, mhartid, 1
core   0: exception trap_illegal_instruction, epc 0x00000000800041d6
core   0:           tval 0x00000000f140d773
core   0: >>>>  $xrv64i2p1_m2p0_a2p1_f2p2_d2p2_zicsr2p0_zifencei2p0_zmmul1p0_zba1p0_zbb1p0_zbc1p0_zbs1p0
core   0: 0x0000000080004000 (0x0080006f) j       pc + 0x8
core   0: 3 0x0000000080004000 (0x0080006f)
core   0: >>>>  mmode_exception_handler
core   0: 0x0000000080004008 (0x00002c17) auipc   s8, 0x2
core   0: 3 0x0000000080004008 (0x00002c17) x24 0x0000000080006008
core   0: 0x000000008000400c (0x080c0c13) addi    s8, s8, 128
core   0: 3 0x000000008000400c (0x080c0c13) x24 0x0000000080006088
core   0: 0x0000000080004010 (0x000c00e7) jalr    s8
core   0: 3 0x0000000080004010 (0x000c00e7) x1  0x0000000080004014
core   0: >>>>  any_handler
core   0: 0x0000000080006088 (0x341027f3) csrrs   a5, mepc, zero
core   0: 3 0x0000000080006088 (0x341027f3) x15 0x00000000800041d6
core   0: 0x000000008000608c (0x34202773) csrrs   a4, mcause, zero
core   0: 3 0x000000008000608c (0x34202773) x14 0x0000000000000002
core   0: 0x0000000080006090 (0x142026f3) csrrs   a3, scause, zero
core   0: 3 0x0000000080006090 (0x142026f3) x13 0x0000000000000000
core   0: 0x0000000080006094 (0x30402673) csrrs   a2, mie, zero
core   0: 3 0x0000000080006094 (0x30402673) x12 0x0000000000000a00
core   0: 0x0000000080006098 (0x344025f3) csrrs   a1, mip, zero
core   0: 3 0x0000000080006098 (0x344025f3) x11 0x0000000000000080
core   0: 0x000000008000609c (0x343025f3) csrrs   a1, mtval, zero
core   0: 3 0x000000008000609c (0x343025f3) x11 0x00000000f140d773
core   0: 0x00000000800060a0 (0x14302573) csrrs   a0, stval, zero
core   0: 3 0x00000000800060a0 (0x14302573) x10 0x0000000000000000
core   0: 0x00000000800060a4 (0xb02024f3) csrrs   s1, minstret, zero
core   0: 3 0x00000000800060a4 (0xb02024f3) x9  0x0000000000000836
core   0: 0x00000000800060a8 (0x0000a811) c.j     pc + 20
core   0: 3 0x00000000800060a8 (0xa811)
core   0: >>>>  mepc_4
core   0: 0x00000000800060bc (0x00000791) c.addi  a5, 4
core   0: 3 0x00000000800060bc (0x0791) x15 0x00000000800041da
core   0: 0x00000000800060be (0x34179073) csrrw   zero, mepc, a5
core   0: 3 0x00000000800060be (0x34179073) c833_mepc 0x00000000800041da
core   0: 0x00000000800060c2 (0x30200073) mret
core   0: 3 0x00000000800060c2 (0x30200073) c768_mstatus 0x8000000a00106080
core   0: 0x00000000800041da (0x03fe9b13) slli    s6, t4, 63
core   0: 1 0x00000000800041da (0x03fe9b13) x22 0x8000000000000000
core   0: 0x00000000800041de (0x00000001) c.nop
core   0: 1 0x00000000800041de (0x0001)
core   0: 0x00000000800041e0 (0x00000001) c.nop
core   0: 1 0x00000000800041e0 (0x0001)
core   0: 0x00000000800041e2 (0xc230f9d3) fcvt.lu.d s3, ft1
core   0: 1 0x00000000800041e2 (0xc230f9d3) c1_fflags 0x0000000000000011 x19 0xffffffffffffffff
core   0: 0x00000000800041e6 (0x017bad33) slt     s10, s7, s7
core   0: 1 0x00000000800041e6 (0x017bad33) x26 0x0000000000000000
core   0: 0x00000000800041ea (0x220d8ad3) fsgnj.d fs5, fs11, ft0
core   0: 1 0x00000000800041ea (0x220d8ad3) f21 0x7fffffff80032040
core   0: 0x00000000800041ee (0x00009612) c.add   a2, tp
core   0: 1 0x00000000800041ee (0x9612) x12 0x0000000000000a00
core   0: 0x00000000800041f0 (0x0060933b) sllw    t1, ra, t1
core   0: 1 0x00000000800041f0 (0x0060933b) x6  0xffffffff80004014
core   0: 0x00000000800041f4 (0x00102cf3) csrrs   s9, fflags, zero
core   0: 1 0x00000000800041f4 (0x00102cf3) x25 0x0000000000000011
core   0: 0x00000000800041f8 (0xa08c8a13) addi    s4, s9, -1528
core   0: 1 0x00000000800041f8 (0xa08c8a13) x20 0xfffffffffffffa19
core   0: 0x00000000800041fc (0x0000d33b) srlw    t1, ra, zero
core   0: 1 0x00000000800041fc (0x0000d33b) x6  0xffffffff80004014
core   0: 0x0000000080004200 (0x00608abb) addw    s5, ra, t1
core   0: 1 0x0000000080004200 (0x00608abb) x21 0x0000000000008028
core   0: 0x0000000080004204 (0x0b8c79d3) fsub.d  fs3, fs8, fs8
core   0: 1 0x0000000080004204 (0x0b8c79d3) f19 0x7ff8000000000000
core   0: 0x0000000080004208 (0x10405573) csrrwi  a0, sie, 0
core   0: 1 0x0000000080004208 (0x10405573) x10 0x0000000000000000 c772_mie 0x0000000000000a00
core   0: 0x000000008000420c (0x00000001) c.nop
core   0: 1 0x000000008000420c (0x0001)
core   0: 0x000000008000420e (0x018482b3) add     t0, s1, s8
core   0: 1 0x000000008000420e (0x018482b3) x5  0x00000000800068be
core   0: 0x0000000080004212 (0x0117d79b) srliw   a5, a5, 17
core   0: 1 0x0000000080004212 (0x0117d79b) x15 0x0000000000004000
core   0: 0x0000000080004216 (0x038803bb) mulw    t2, a6, s8
core   0: 1 0x0000000080004216 (0x038803bb) x7  0xffffffffb7c68000
core   0: 0x000000008000421a (0xd227f253) fcvt.d.l ft4, a5
core   0: 1 0x000000008000421a (0xd227f253) f4  0x40d0000000000000
core   0: 0x000000008000421e (0x4077d3b3) sra     t2, a5, t2
core   0: 1 0x000000008000421e (0x4077d3b3) x7  0x0000000000004000
core   0: 0x0000000080004222 (0x00008c79) c.and   s0, a4
core   0: 1 0x0000000080004222 (0x8c79) x8  0x0000000000000000
core   0: 0x0000000080004224 (0x4c5d8d9b) addiw   s11, s11, 1221
core   0: 1 0x0000000080004224 (0x4c5d8d9b) x27 0x00000000000004d6
core   0: 0x0000000080004228 (0x402ddeb3) sra     t4, s11, sp
core   0: 1 0x0000000080004228 (0x402ddeb3) x29 0x00000000000004d6
core   0: 0x000000008000422c (0x00852433) slt     s0, a0, s0
core   0: 1 0x000000008000422c (0x00852433) x8  0x0000000000000000
core   0: 0x0000000080004230 (0x0344d2b3) divu    t0, s1, s4
core   0: 1 0x0000000080004230 (0x0344d2b3) x5  0x0000000000000000
core   0: 0x0000000080004234 (0x41d4d13b) sraw    sp, s1, t4
core   0: 1 0x0000000080004234 (0x41d4d13b) x2  0x0000000000000000
core   0: 0x0000000080004238 (0x028dbeb3) mulhu   t4, s11, s0
core   0: 1 0x0000000080004238 (0x028dbeb3) x29 0x0000000000000000
core   0: 0x000000008000423c (0x1243f653) fmul.d  fa2, ft7, ft4
core   0: 1 0x000000008000423c (0x1243f653) f12 0x7ff8000000000000
core   0: 0x0000000080004240 (0x00000001) c.nop
core   0: 1 0x0000000080004240 (0x0001)
core   0: 0x0000000080004242 (0x41b30bbb) subw    s7, t1, s11
core   0: 1 0x0000000080004242 (0x41b30bbb) x23 0xffffffff80003b3e
core   0: 0x0000000080004246 (0x00061213) slli    tp, a2, 0
core   0: 1 0x0000000080004246 (0x00061213) x4  0x0000000000000a00
core   0: 0x000000008000424a (0x8bc8ffc7) fmsub.d ft11, fa7, ft8, fa7
core   0: 1 0x000000008000424a (0x8bc8ffc7) f31 0x7ff8000000000000
core   0: 0x000000008000424e (0x005bc2b3) xor     t0, s7, t0
core   0: 1 0x000000008000424e (0x005bc2b3) x5  0xffffffff80003b3e
core   0: 0x0000000080004252 (0x0151e033) or      zero, gp, s5
core   0: 1 0x0000000080004252 (0x0151e033)
core   0: 0x0000000080004256 (0x0000958a) c.add   a1, sp
core   0: 1 0x0000000080004256 (0x958a) x11 0x00000000f140d773
core   0: 0x0000000080004258 (0xfbf07fcb) fnmsub.d ft11, ft0, ft11, ft11
core   0: 1 0x0000000080004258 (0xfbf07fcb) f31 0x7ff8000000000000
core   0: 0x000000008000425c (0x2b4214d3) fmax.d  fs1, ft4, fs4
core   0: 1 0x000000008000425c (0x2b4214d3) f9  0x40d0000000000000
core   0: 0x0000000080004260 (0x231a0c53) fsgnj.d fs8, fs4, fa7
core   0: 1 0x0000000080004260 (0x231a0c53) f24 0xffffffff00000000
core   0: 0x0000000080004264 (0x4156dd1b) sraiw   s10, a3, 21
core   0: 1 0x0000000080004264 (0x4156dd1b) x26 0x0000000000000000
core   0: 0x0000000080004268 (0x034a8a3b) mulw    s4, s5, s4
core   0: 1 0x0000000080004268 (0x034a8a3b) x20 0xfffffffffd0b93e8
core   0: 0x000000008000426c (0xd02d7dd3) fcvt.s.l fs11, s10
core   0: 1 0x000000008000426c (0xd02d7dd3) f27 0xffffffff00000000
core   0: 0x0000000080004270 (0x034181b3) mul     gp, gp, s4
core   0: 1 0x0000000080004270 (0x034181b3) x3  0xffffffe891ced9b0
core   0: 0x0000000080004274 (0xf9d152b7) lui     t0, 0xf9d15
core   0: 1 0x0000000080004274 (0xf9d152b7) x5  0xfffffffff9d15000
core   0: 0x0000000080004278 (0x400ddd93) srai    s11, s11, 0
core   0: 1 0x0000000080004278 (0x400ddd93) x27 0x00000000000004d6
core   0: 0x000000008000427c (0xdfeb0313) addi    t1, s6, -514
core   0: 1 0x000000008000427c (0xdfeb0313) x6  0x7ffffffffffffdfe
core   0: 0x0000000080004280 (0xc20df0d3) fcvt.w.d ra, fs11
core   0: 1 0x0000000080004280 (0xc20df0d3) c1_fflags 0x0000000000000011 x1  0x000000007fffffff
core   0: 0x0000000080004284 (0xc03ffbd3) fcvt.lu.s s7, ft11
core   0: 1 0x0000000080004284 (0xc03ffbd3) c1_fflags 0x0000000000000011 x23 0xffffffffffffffff
core   0: 0x0000000080004288 (0x40e75b3b) sraw    s6, a4, a4
core   0: 1 0x0000000080004288 (0x40e75b3b) x22 0x0000000000000000
core   0: 0x000000008000428c (0x0013939b) slliw   t2, t2, 1
core   0: 1 0x000000008000428c (0x0013939b) x7  0x0000000000008000
core   0: 0x0000000080004290 (0x00db5c1b) srliw   s8, s6, 13
core   0: 1 0x0000000080004290 (0x00db5c1b) x24 0x0000000000000000
core   0: 0x0000000080004294 (0x038ab1b3) mulhu   gp, s5, s8
core   0: 1 0x0000000080004294 (0x038ab1b3) x3  0x0000000000000000
core   0: 0x0000000080004298 (0x02e1e4b3) rem     s1, gp, a4
core   0: 1 0x0000000080004298 (0x02e1e4b3) x9  0x0000000000000000
core   0: 0x000000008000429c (0x2b2687d3) fmin.d  fa5, fa3, fs2
core   0: 1 0x000000008000429c (0x2b2687d3) f15 0x0000000000000000
core   0: 0x00000000800042a0 (0x6a0e794b) fnmsub.d fs2, ft8, ft0, fa3
core   0: 1 0x00000000800042a0 (0x6a0e794b) f18 0x7ff8000000000000
core   0: 0x00000000800042a4 (0x0047cbb3) xor     s7, a5, tp
core   0: 1 0x00000000800042a4 (0x0047cbb3) x23 0x0000000000004a00
core   0: 0x00000000800042a8 (0x00221473) csrrw   s0, frm, tp
core   0: 1 0x00000000800042a8 (0x00221473) x8  0x0000000000000000 c2_frm 0x0000000000000000
core   0: 0x00000000800042ac (0x8a2f78cb) fnmsub.d fa7, ft10, ft2, fa7
core   0: 1 0x00000000800042ac (0x8a2f78cb) f17 0x7ff8000000000000
core   0: 0x00000000800042b0 (0xd21186d3) fcvt.d.wu fa3, gp
core   0: 1 0x00000000800042b0 (0xd21186d3) f13 0x0000000000000000
core   0: 0x00000000800042b4 (0x037bf33b) remuw   t1, s7, s7
core   0: 1 0x00000000800042b4 (0x037bf33b) x6  0x0000000000000000
core   0: 0x00000000800042b8 (0x01ce5e1b) srliw   t3, t3, 28
core   0: 1 0x00000000800042b8 (0x01ce5e1b) x28 0x0000000000000000
core   0: 0x00000000800042bc (0xc0367bd3) fcvt.lu.s s7, fa2
core   0: 1 0x00000000800042bc (0xc0367bd3) c1_fflags 0x0000000000000011 x23 0xffffffffffffffff
core   0: 0x00000000800042c0 (0xc02f7553) fcvt.l.s a0, ft10
core   0: 1 0x00000000800042c0 (0xc02f7553) c1_fflags 0x0000000000000011 x10 0x7fffffffffffffff
core   0: 0x00000000800042c4 (0xd21300d3) fcvt.d.wu ft1, t1
core   0: 1 0x00000000800042c4 (0xd21300d3) f1  0x0000000000000000
core   0: 0x00000000800042c8 (0x003c949b) slliw   s1, s9, 3
core   0: 1 0x00000000800042c8 (0x003c949b) x9  0x0000000000000088
core   0: 0x00000000800042cc (0x421c7d4b) fnmsub.d fs10, fs8, ft1, fs0
core   0: 1 0x00000000800042cc (0x421c7d4b) f26 0x7ff8000000000000
core   0: 0x00000000800042d0 (0xc0257c53) fcvt.l.s s8, fa0
core   0: 1 0x00000000800042d0 (0xc0257c53) c1_fflags 0x0000000000000011 x24 0x7fffffffffffffff
core   0: 0x00000000800042d4 (0x037c52bb) divuw   t0, s8, s7
core   0: 1 0x00000000800042d4 (0x037c52bb) x5  0x0000000000000001
core   0: 0x00000000800042d8 (0x40065213) srai    tp, a2, 0
core   0: 1 0x00000000800042d8 (0x40065213) x4  0x0000000000000a00
core   0: 0x00000000800042dc (0x2be50553) fmin.d  fa0, fa0, ft10
core   0: 1 0x00000000800042dc (0x2be50553) f10 0x7ff8000000000000
core   0: 0x00000000800042e0 (0xd031fc53) fcvt.s.lu fs8, gp
core   0: 1 0x00000000800042e0 (0xd031fc53) f24 0xffffffff00000000
core   0: 0x00000000800042e4 (0x0335c5bb) divw    a1, a1, s3
core   0: 1 0x00000000800042e4 (0x0335c5bb) x11 0x000000000ebf288d
core   0: 0x00000000800042e8 (0xf2028dd3) fmv.d.x fs11, t0
core   0: 1 0x00000000800042e8 (0xf2028dd3) f27 0x0000000000000001
core   0: 0x00000000800042ec (0x00391313) slli    t1, s2, 3
core   0: 1 0x00000000800042ec (0x00391313) x6  0x0000000000000000
core   0: 0x00000000800042f0 (0x0ff0000f) fence   iorw,iorw
core   0: 1 0x00000000800042f0 (0x0ff0000f)
core   0: 0x00000000800042f4 (0x412301bb) subw    gp, t1, s2
core   0: 1 0x00000000800042f4 (0x412301bb) x3  0x0000000000000000
core   0: 0x00000000800042f8 (0x9a8e77c7) fmsub.d fa5, ft8, fs0, fs3
core   0: 1 0x00000000800042f8 (0x9a8e77c7) f15 0x7ff8000000000000
core   0: 0x00000000800042fc (0x00002481) c.addiw s1, 0
core   0: 1 0x00000000800042fc (0x2481) x9  0x0000000000000088
core   0: 0x00000000800042fe (0x010107b3) add     a5, sp, a6
core   0: 1 0x00000000800042fe (0x010107b3) x15 0x00000000317bd000
core   0: 0x0000000080004302 (0x004069b3) or      s3, zero, tp
core   0: 1 0x0000000080004302 (0x004069b3) x19 0x0000000000000a00
core   0: 0x0000000080004306 (0xc27cf0cf) fnmadd.d ft1, fs9, ft7, fs8
core   0: 1 0x0000000080004306 (0xc27cf0cf) f1  0x7ff8000000000000
core   0: 0x000000008000430a (0xc20d7353) fcvt.w.d t1, fs10
core   0: 1 0x000000008000430a (0xc20d7353) c1_fflags 0x0000000000000011 x6  0x000000007fffffff
core   0: 0x000000008000430e (0x13abfad3) fmul.d  fs5, fs7, fs10
core   0: 1 0x000000008000430e (0x13abfad3) f21 0x7ff8000000000000
core   0: 0x0000000080004312 (0x00221473) csrrw   s0, frm, tp
core   0: 1 0x0000000080004312 (0x00221473) x8  0x0000000000000000 c2_frm 0x0000000000000000
core   0: 0x0000000080004316 (0x028adab3) divu    s5, s5, s0
core   0: 1 0x0000000080004316 (0x028adab3) x21 0xffffffffffffffff
core   0: 0x000000008000431a (0xd2178153) fcvt.d.wu ft2, a5
core   0: 1 0x000000008000431a (0xd2178153) f2  0x41c8bde800000000
core   0: 0x000000008000431e (0x4039d513) srai    a0, s3, 3
core   0: 1 0x000000008000431e (0x4039d513) x10 0x0000000000000140
core   0: 0x0000000080004322 (0x7b00dd73) csrrwi  s10, dcsr, 1
core   0: exception trap_illegal_instruction, epc 0x0000000080004322
core   0:           tval 0x000000007b00dd73
core   0: >>>>  $xrv64i2p1_m2p0_a2p1_f2p2_d2p2_zicsr2p0_zifencei2p0_zmmul1p0_zba1p0_zbb1p0_zbc1p0_zbs1p0
core   0: 0x0000000080004000 (0x0080006f) j       pc + 0x8
core   0: 3 0x0000000080004000 (0x0080006f)
core   0: >>>>  mmode_exception_handler
core   0: 0x0000000080004008 (0x00002c17) auipc   s8, 0x2
core   0: 3 0x0000000080004008 (0x00002c17) x24 0x0000000080006008
core   0: 0x000000008000400c (0x080c0c13) addi    s8, s8, 128
core   0: 3 0x000000008000400c (0x080c0c13) x24 0x0000000080006088
core   0: 0x0000000080004010 (0x000c00e7) jalr    s8
core   0: 3 0x0000000080004010 (0x000c00e7) x1  0x0000000080004014
core   0: >>>>  any_handler
core   0: 0x0000000080006088 (0x341027f3) csrrs   a5, mepc, zero
core   0: 3 0x0000000080006088 (0x341027f3) x15 0x0000000080004322
core   0: 0x000000008000608c (0x34202773) csrrs   a4, mcause, zero
core   0: 3 0x000000008000608c (0x34202773) x14 0x0000000000000002
core   0: 0x0000000080006090 (0x142026f3) csrrs   a3, scause, zero
core   0: 3 0x0000000080006090 (0x142026f3) x13 0x0000000000000000
core   0: 0x0000000080006094 (0x30402673) csrrs   a2, mie, zero
core   0: 3 0x0000000080006094 (0x30402673) x12 0x0000000000000a00
core   0: 0x0000000080006098 (0x344025f3) csrrs   a1, mip, zero
core   0: 3 0x0000000080006098 (0x344025f3) x11 0x0000000000000080
core   0: 0x000000008000609c (0x343025f3) csrrs   a1, mtval, zero
core   0: 3 0x000000008000609c (0x343025f3) x11 0x000000007b00dd73
core   0: 0x00000000800060a0 (0x14302573) csrrs   a0, stval, zero
core   0: 3 0x00000000800060a0 (0x14302573) x10 0x0000000000000000
core   0: 0x00000000800060a4 (0xb02024f3) csrrs   s1, minstret, zero
core   0: 3 0x00000000800060a4 (0xb02024f3) x9  0x000000000000089c
core   0: 0x00000000800060a8 (0x0000a811) c.j     pc + 20
core   0: 3 0x00000000800060a8 (0xa811)
core   0: >>>>  mepc_4
core   0: 0x00000000800060bc (0x00000791) c.addi  a5, 4
core   0: 3 0x00000000800060bc (0x0791) x15 0x0000000080004326
core   0: 0x00000000800060be (0x34179073) csrrw   zero, mepc, a5
core   0: 3 0x00000000800060be (0x34179073) c833_mepc 0x0000000080004326
core   0: 0x00000000800060c2 (0x30200073) mret
core   0: 3 0x00000000800060c2 (0x30200073) c768_mstatus 0x8000000a00106080
core   0: 0x0000000080004326 (0xd22d72d3) fcvt.d.l ft5, s10
core   0: 1 0x0000000080004326 (0xd22d72d3) f5  0x0000000000000000
core   0: 0x000000008000432a (0x41820433) sub     s0, tp, s8
core   0: 1 0x000000008000432a (0x41820433) x8  0xffffffff7fffa978
core   0: 0x000000008000432e (0x1a517353) fdiv.d  ft6, ft2, ft5
core   0: 1 0x000000008000432e (0x1a517353) c1_fflags 0x0000000000000019 f6  0x7ff0000000000000
core   0: 0x0000000080004332 (0x035c6e3b) remw    t3, s8, s5
core   0: 1 0x0000000080004332 (0x035c6e3b) x28 0x0000000000000000
core   0: 0x0000000080004336 (0x034387b3) mul     a5, t2, s4
core   0: 1 0x0000000080004336 (0x034387b3) x15 0xfffffe85c9f40000
core   0: 0x000000008000433a (0x002028f3) csrrs   a7, frm, zero
core   0: 1 0x000000008000433a (0x002028f3) x17 0x0000000000000000
core   0: 0x000000008000433e (0x0135d5b7) lui     a1, 0x135d
core   0: 1 0x000000008000433e (0x0135d5b7) x11 0x000000000135d000
core   0: 0x0000000080004342 (0xafb5859b) addiw   a1, a1, -1285
core   0: 1 0x0000000080004342 (0xafb5859b) x11 0x000000000135cafb
core   0: 0x0000000080004346 (0x000005b6) c.slli  a1, 13
core   0: 1 0x0000000080004346 (0x05b6) x11 0x00000026b95f6000
core   0: 0x0000000080004348 (0xa7958593) addi    a1, a1, -1415
core   0: 1 0x0000000080004348 (0xa7958593) x11 0x00000026b95f5a79
core   0: 0x000000008000434c (0x1633b017) auipc   zero, 0x1633b
core   0: 1 0x000000008000434c (0x1633b017)
core   0: 0x0000000080004350 (0xd22efc53) fcvt.d.l fs8, t4
core   0: 1 0x0000000080004350 (0xd22efc53) f24 0x0000000000000000
core   0: 0x0000000080004354 (0xfff16c13) ori     s8, sp, -1
core   0: 1 0x0000000080004354 (0xfff16c13) x24 0xffffffffffffffff
core   0: 0x0000000080004358 (0xc032fbd3) fcvt.lu.s s7, ft5
core   0: 1 0x0000000080004358 (0xc032fbd3) c1_fflags 0x0000000000000019 x23 0xffffffffffffffff
core   0: 0x000000008000435c (0xc03c70d3) fcvt.lu.s ra, fs8
core   0: 1 0x000000008000435c (0xc03c70d3) c1_fflags 0x0000000000000019 x1  0xffffffffffffffff
core   0: 0x0000000080004360 (0x7841f893) andi    a7, gp, 1924
core   0: 1 0x0000000080004360 (0x7841f893) x17 0x0000000000000000
core   0: 0x0000000080004364 (0x00c8a333) slt     t1, a7, a2
core   0: 1 0x0000000080004364 (0x00c8a333) x6  0x0000000000000001
core   0: 0x0000000080004368 (0x1cf60c93) addi    s9, a2, 463
core   0: 1 0x0000000080004368 (0x1cf60c93) x25 0x0000000000000bcf
core   0: 0x000000008000436c (0x00090a9b) sext.w  s5, s2
core   0: 1 0x000000008000436c (0x00090a9b) x21 0x0000000000000000
core   0: 0x0000000080004370 (0x43bad013) srai    zero, s5, 59
core   0: 1 0x0000000080004370 (0x43bad013)
core   0: 0x0000000080004374 (0x00060c9b) sext.w  s9, a2
core   0: 1 0x0000000080004374 (0x00060c9b) x25 0x0000000000000a00
core   0: 0x0000000080004378 (0x4199d933) sra     s2, s3, s9
core   0: 1 0x0000000080004378 (0x4199d933) x18 0x0000000000000a00
core   0: 0x000000008000437c (0x00f595bb) sllw    a1, a1, a5
core   0: 1 0x000000008000437c (0x00f595bb) x11 0xffffffffb95f5a79
core   0: 0x0000000080004380 (0x4174dbbb) sraw    s7, s1, s7
core   0: 1 0x0000000080004380 (0x4174dbbb) x23 0x0000000000000000
core   0: 0x0000000080004384 (0x03759bb3) mulh    s7, a1, s7
core   0: 1 0x0000000080004384 (0x03759bb3) x23 0x0000000000000000
core   0: 0x0000000080004388 (0x00151573) csrrw   a0, fflags, a0
core   0: 1 0x0000000080004388 (0x00151573) x10 0x0000000000000019 c1_fflags 0x0000000000000000
core   0: 0x000000008000438c (0xa3ff04d3) fle.d   s1, ft10, ft11
core   0: 1 0x000000008000438c (0xa3ff04d3) c1_fflags 0x0000000000000010 x9  0x0000000000000000
core   0: 0x0000000080004390 (0xc7ddea93) ori     s5, s11, -899
core   0: 1 0x0000000080004390 (0xc7ddea93) x21 0xfffffffffffffcff
core   0: 0x0000000080004394 (0x03b487b3) mul     a5, s1, s11
core   0: 1 0x0000000080004394 (0x03b487b3) x15 0x0000000000000000
core   0: 0x0000000080004398 (0x234b23d3) fsgnjx.d ft7, fs6, fs4
core   0: 1 0x0000000080004398 (0x234b23d3) f7  0x7fffffff00000000
core   0: 0x000000008000439c (0xda297ec3) fmadd.d ft9, fs2, ft2, fs11
core   0: 1 0x000000008000439c (0xda297ec3) f29 0x7ff8000000000000
core   0: 0x00000000800043a0 (0xde66f693) andi    a3, a3, -538
core   0: 1 0x00000000800043a0 (0xde66f693) x13 0x0000000000000000
core   0: 0x00000000800043a4 (0xc236f253) fcvt.lu.d tp, fa3
core   0: 1 0x00000000800043a4 (0xc236f253) x4  0x0000000000000000
core   0: 0x00000000800043a8 (0x5247f7c7) fmsub.d fa5, fa5, ft4, fa0
core   0: 1 0x00000000800043a8 (0x5247f7c7) f15 0x7ff8000000000000
core   0: 0x00000000800043ac (0x0092d9b3) srl     s3, t0, s1
core   0: 1 0x00000000800043ac (0x0092d9b3) x19 0x0000000000000001
core   0: 0x00000000800043b0 (0xc02274d3) fcvt.l.s s1, ft4
core   0: 1 0x00000000800043b0 (0xc02274d3) c1_fflags 0x0000000000000010 x9  0x7fffffffffffffff
core   0: 0x00000000800043b4 (0x03a56533) rem     a0, a0, s10
core   0: 1 0x00000000800043b4 (0x03a56533) x10 0x0000000000000019
core   0: 0x00000000800043b8 (0x00a7d73b) srlw    a4, a5, a0
core   0: 1 0x00000000800043b8 (0x00a7d73b) x14 0x0000000000000000
core   0: 0x00000000800043bc (0x43fedb13) srai    s6, t4, 63
core   0: 1 0x00000000800043bc (0x43fedb13) x22 0x0000000000000000
core   0: 0x00000000800043c0 (0x01fc581b) srliw   a6, s8, 31
core   0: 1 0x00000000800043c0 (0x01fc581b) x16 0x0000000000000001
core   0: 0x00000000800043c4 (0x0297fbd3) fadd.d  fs7, fa5, fs1
core   0: 1 0x00000000800043c4 (0x0297fbd3) f23 0x7ff8000000000000
core   0: 0x00000000800043c8 (0xc2347653) fcvt.lu.d a2, fs0
core   0: 1 0x00000000800043c8 (0xc2347653) c1_fflags 0x0000000000000010 x12 0xffffffffffffffff
core   0: 0x00000000800043cc (0xc024f553) fcvt.l.s a0, fs1
core   0: 1 0x00000000800043cc (0xc024f553) c1_fflags 0x0000000000000010 x10 0x7fffffffffffffff
core   0: 0x00000000800043d0 (0x01781d9b) slliw   s11, a6, 23
core   0: 1 0x00000000800043d0 (0x01781d9b) x27 0x0000000000800000
core   0: 0x00000000800043d4 (0xc2307bd3) fcvt.lu.d s7, ft0
core   0: 1 0x00000000800043d4 (0xc2307bd3) c1_fflags 0x0000000000000010 x23 0xffffffffffffffff
core   0: 0x00000000800043d8 (0x007b9eb3) sll     t4, s7, t2
core   0: 1 0x00000000800043d8 (0x007b9eb3) x29 0xffffffffffffffff
core   0: 0x00000000800043dc (0x404e0b33) sub     s6, t3, tp
core   0: 1 0x00000000800043dc (0x404e0b33) x22 0x0000000000000000
core   0: 0x00000000800043e0 (0x000279b3) and     s3, tp, zero
core   0: 1 0x00000000800043e0 (0x000279b3) x19 0x0000000000000000
core   0: 0x00000000800043e4 (0x1af2fdd3) fdiv.d  fs11, ft5, fa5
core   0: 1 0x00000000800043e4 (0x1af2fdd3) f27 0x7ff8000000000000
core   0: 0x00000000800043e8 (0xe20d83d3) fmv.x.d t2, fs11
core   0: 1 0x00000000800043e8 (0xe20d83d3) x7  0x7ff8000000000000
core   0: 0x00000000800043ec (0x00008c51) c.or    s0, a2
core   0: 1 0x00000000800043ec (0x8c51) x8  0xffffffffffffffff
core   0: 0x00000000800043ee (0x002598bb) sllw    a7, a1, sp
core   0: 1 0x00000000800043ee (0x002598bb) x17 0xffffffffb95f5a79
core   0: 0x00000000800043f2 (0xc020e2f3) csrrsi  t0, instret, 1
core   0: exception trap_illegal_instruction, epc 0x00000000800043f2
core   0:           tval 0x00000000c020e2f3
core   0: >>>>  $xrv64i2p1_m2p0_a2p1_f2p2_d2p2_zicsr2p0_zifencei2p0_zmmul1p0_zba1p0_zbb1p0_zbc1p0_zbs1p0
core   0: 0x0000000080004000 (0x0080006f) j       pc + 0x8
core   0: 3 0x0000000080004000 (0x0080006f)
core   0: >>>>  mmode_exception_handler
core   0: 0x0000000080004008 (0x00002c17) auipc   s8, 0x2
core   0: 3 0x0000000080004008 (0x00002c17) x24 0x0000000080006008
core   0: 0x000000008000400c (0x080c0c13) addi    s8, s8, 128
core   0: 3 0x000000008000400c (0x080c0c13) x24 0x0000000080006088
core   0: 0x0000000080004010 (0x000c00e7) jalr    s8
core   0: 3 0x0000000080004010 (0x000c00e7) x1  0x0000000080004014
core   0: >>>>  any_handler
core   0: 0x0000000080006088 (0x341027f3) csrrs   a5, mepc, zero
core   0: 3 0x0000000080006088 (0x341027f3) x15 0x00000000800043f2
core   0: 0x000000008000608c (0x34202773) csrrs   a4, mcause, zero
core   0: 3 0x000000008000608c (0x34202773) x14 0x0000000000000002
core   0: 0x0000000080006090 (0x142026f3) csrrs   a3, scause, zero
core   0: 3 0x0000000080006090 (0x142026f3) x13 0x0000000000000000
core   0: 0x0000000080006094 (0x30402673) csrrs   a2, mie, zero
core   0: 3 0x0000000080006094 (0x30402673) x12 0x0000000000000a00
core   0: 0x0000000080006098 (0x344025f3) csrrs   a1, mip, zero
core   0: 3 0x0000000080006098 (0x344025f3) x11 0x0000000000000080
core   0: 0x000000008000609c (0x343025f3) csrrs   a1, mtval, zero
core   0: 3 0x000000008000609c (0x343025f3) x11 0x00000000c020e2f3
core   0: 0x00000000800060a0 (0x14302573) csrrs   a0, stval, zero
core   0: 3 0x00000000800060a0 (0x14302573) x10 0x0000000000000000
core   0: 0x00000000800060a4 (0xb02024f3) csrrs   s1, minstret, zero
core   0: 3 0x00000000800060a4 (0xb02024f3) x9  0x00000000000008e0
core   0: 0x00000000800060a8 (0x0000a811) c.j     pc + 20
core   0: 3 0x00000000800060a8 (0xa811)
core   0: >>>>  mepc_4
core   0: 0x00000000800060bc (0x00000791) c.addi  a5, 4
core   0: 3 0x00000000800060bc (0x0791) x15 0x00000000800043f6
core   0: 0x00000000800060be (0x34179073) csrrw   zero, mepc, a5
core   0: 3 0x00000000800060be (0x34179073) c833_mepc 0x00000000800043f6
core   0: 0x00000000800060c2 (0x30200073) mret
core   0: 3 0x00000000800060c2 (0x30200073) c768_mstatus 0x8000000a00106080
core   0: 0x00000000800043f6 (0x2bb494d3) fmax.d  fs1, fs1, fs11
core   0: 1 0x00000000800043f6 (0x2bb494d3) f9  0x40d0000000000000
core   0: 0x00000000800043fa (0x0029191b) slliw   s2, s2, 2
core   0: 1 0x00000000800043fa (0x0029191b) x18 0x0000000000002800
core   0: 0x00000000800043fe (0xd238f153) fcvt.d.lu ft2, a7
core   0: 1 0x00000000800043fe (0xd238f153) c1_fflags 0x0000000000000011 f2  0x43effffffff72beb
core   0: 0x0000000080004402 (0x00035613) srli    a2, t1, 0
core   0: 1 0x0000000080004402 (0x00035613) x12 0x0000000000000001
core   0: 0x0000000080004406 (0x00d158bb) srlw    a7, sp, a3
core   0: 1 0x0000000080004406 (0x00d158bb) x17 0x0000000000000000
core   0: 0x000000008000440a (0x43f8d693) srai    a3, a7, 63
core   0: 1 0x000000008000440a (0x43f8d693) x13 0x0000000000000000
core   0: 0x000000008000440e (0x12f7fa53) fmul.d  fs4, fa5, fa5
core   0: 1 0x000000008000440e (0x12f7fa53) f20 0x7ff8000000000000
core   0: 0x0000000080004412 (0xc23a76d3) fcvt.lu.d a3, fs4
core   0: 1 0x0000000080004412 (0xc23a76d3) c1_fflags 0x0000000000000011 x13 0xffffffffffffffff
core   0: 0x0000000080004416 (0xf2018e53) fmv.d.x ft8, gp
core   0: 1 0x0000000080004416 (0xf2018e53) f28 0x0000000000000000
core   0: 0x000000008000441a (0x066bc537) lui     a0, 0x66bc
core   0: 1 0x000000008000441a (0x066bc537) x10 0x00000000066bc000
core   0: 0x000000008000441e (0xa7d5051b) addiw   a0, a0, -1411
core   0: 1 0x000000008000441e (0xa7d5051b) x10 0x00000000066bba7d
core   0: 0x0000000080004422 (0x00000532) c.slli  a0, 12
core   0: 1 0x0000000080004422 (0x0532) x10 0x00000066bba7d000
core   0: 0x0000000080004424 (0x31b50513) addi    a0, a0, 795
core   0: 1 0x0000000080004424 (0x31b50513) x10 0x00000066bba7d31b
core   0: 0x0000000080004428 (0x00b12ab3) slt     s5, sp, a1
core   0: 1 0x0000000080004428 (0x00b12ab3) x21 0x0000000000000001
core   0: 0x000000008000442c (0x7ffd8313) addi    t1, s11, 2047
core   0: 1 0x000000008000442c (0x7ffd8313) x6  0x00000000008007ff
core   0: 0x0000000080004430 (0x00009339) c.srli  a4, 46
core   0: 1 0x0000000080004430 (0x9339) x14 0x0000000000000000
core   0: 0x0000000080004432 (0x0ff0000f) fence   iorw,iorw
core   0: 1 0x0000000080004432 (0x0ff0000f)
core   0: 0x0000000080004436 (0x00202bf3) csrrs   s7, frm, zero
core   0: 1 0x0000000080004436 (0x00202bf3) x23 0x0000000000000000
core   0: 0x000000008000443a (0x016aa0b3) slt     ra, s5, s6
core   0: 1 0x000000008000443a (0x016aa0b3) x1  0x0000000000000000
core   0: 0x000000008000443e (0x222fa553) fsgnjx.d fa0, ft11, ft2
core   0: 1 0x000000008000443e (0x222fa553) f10 0x7ff8000000000000
core   0: 0x0000000080004442 (0x0000879b) sext.w  a5, ra
core   0: 1 0x0000000080004442 (0x0000879b) x15 0x0000000000000000
core   0: 0x0000000080004446 (0x73d45d97) auipc   s11, 0x73d45
core   0: 1 0x0000000080004446 (0x73d45d97) x27 0x00000000f3d49446
core   0: 0x000000008000444a (0x7c4d7a13) andi    s4, s10, 1988
core   0: 1 0x000000008000444a (0x7c4d7a13) x20 0x0000000000000000
core   0: 0x000000008000444e (0x002028f3) csrrs   a7, frm, zero
core   0: 1 0x000000008000444e (0x002028f3) x17 0x0000000000000000
core   0: 0x0000000080004452 (0x4139d9bb) sraw    s3, s3, s3
core   0: 1 0x0000000080004452 (0x4139d9bb) x19 0x0000000000000000
core   0: 0x0000000080004456 (0x1bf57553) fdiv.d  fa0, fa0, ft11
core   0: 1 0x0000000080004456 (0x1bf57553) f10 0x7ff8000000000000
core   0: 0x000000008000445a (0x420787d3) fcvt.d.s fa5, fa5
core   0: 1 0x000000008000445a (0x420787d3) f15 0x7ff8000000000000
core   0: 0x000000008000445e (0x405586bb) subw    a3, a1, t0
core   0: 1 0x000000008000445e (0x405586bb) x13 0xffffffffc020e2f2
core   0: 0x0000000080004462 (0x00fd8dbb) addw    s11, s11, a5
core   0: 1 0x0000000080004462 (0x00fd8dbb) x27 0xfffffffff3d49446
core   0: 0x0000000080004466 (0x2abb85d3) fmin.d  fa1, fs7, fa1
core   0: 1 0x0000000080004466 (0x2abb85d3) f11 0x43f0000000000000
core   0: 0x000000008000446a (0x40a28633) sub     a2, t0, a0
core   0: 1 0x000000008000446a (0x40a28633) x12 0xffffff9944582ce6
core   0: 0x000000008000446e (0x011b0733) add     a4, s6, a7
core   0: 1 0x000000008000446e (0x011b0733) x14 0x0000000000000000
core   0: 0x0000000080004472 (0x006dc333) xor     t1, s11, t1
core   0: 1 0x0000000080004472 (0x006dc333) x6  0xfffffffff35493b9
core   0: 0x0000000080004476 (0x00001bfd) c.addi  s7, -1
core   0: 1 0x0000000080004476 (0x1bfd) x23 0xffffffffffffffff
core   0: 0x0000000080004478 (0x4006519b) sraiw   gp, a2, 0
core   0: 1 0x0000000080004478 (0x4006519b) x3  0x0000000044582ce6
core   0: 0x000000008000447c (0x02d4c6b3) div     a3, s1, a3
core   0: 1 0x000000008000447c (0x02d4c6b3) x13 0x0000000000000000
core   0: 0x0000000080004480 (0x00d992bb) sllw    t0, s3, a3
core   0: 1 0x0000000080004480 (0x00d992bb) x5  0x0000000000000000
core   0: 0x0000000080004484 (0x01b0053b) addw    a0, zero, s11
core   0: 1 0x0000000080004484 (0x01b0053b) x10 0xfffffffff3d49446
core   0: 0x0000000080004488 (0xd22e7d53) fcvt.d.l fs10, t3
core   0: 1 0x0000000080004488 (0xd22e7d53) f26 0x0000000000000000
core   0: 0x000000008000448c (0x020cb3b3) mulhu   t2, s9, zero
core   0: 1 0x000000008000448c (0x020cb3b3) x7  0x0000000000000000
core   0: 0x0000000080004490 (0x40a382b3) sub     t0, t2, a0
core   0: 1 0x0000000080004490 (0x40a382b3) x5  0x000000000c2b6bba
core   0: 0x0000000080004494 (0x104ffc73) csrrci  s8, sie, 31
core   0: 1 0x0000000080004494 (0x104ffc73) x24 0x0000000000000000 c772_mie 0x0000000000000a00
core   0: 0x0000000080004498 (0x0102d73b) srlw    a4, t0, a6
core   0: 1 0x0000000080004498 (0x0102d73b) x14 0x000000000615b5dd
core   0: 0x000000008000449c (0xd02771d3) fcvt.s.l ft3, a4
core   0: 1 0x000000008000449c (0xd02771d3) c1_fflags 0x0000000000000011 f3  0xffffffff4cc2b6bc
core   0: 0x00000000800044a0 (0xd2078ed3) fcvt.d.w ft9, a5
core   0: 1 0x00000000800044a0 (0xd2078ed3) f29 0x0000000000000000
core   0: 0x00000000800044a4 (0xc21d7553) fcvt.wu.d a0, fs10
core   0: 1 0x00000000800044a4 (0xc21d7553) x10 0x0000000000000000
core   0: 0x00000000800044a8 (0x031264b3) rem     s1, tp, a7
core   0: 1 0x00000000800044a8 (0x031264b3) x9  0x0000000000000000
core   0: 0x00000000800044ac (0xea137347) fmsub.d ft6, ft6, ft1, ft9
core   0: 1 0x00000000800044ac (0xea137347) f6  0x7ff8000000000000
core   0: 0x00000000800044b0 (0xd2150153) fcvt.d.wu ft2, a0
core   0: 1 0x00000000800044b0 (0xd2150153) f2  0x0000000000000000
core   0: 0x00000000800044b4 (0x3430dcf3) csrrwi  s9, mtval, 1
core   0: exception trap_illegal_instruction, epc 0x00000000800044b4
core   0:           tval 0x000000003430dcf3
core   0: >>>>  $xrv64i2p1_m2p0_a2p1_f2p2_d2p2_zicsr2p0_zifencei2p0_zmmul1p0_zba1p0_zbb1p0_zbc1p0_zbs1p0
core   0: 0x0000000080004000 (0x0080006f) j       pc + 0x8
core   0: 3 0x0000000080004000 (0x0080006f)
core   0: >>>>  mmode_exception_handler
core   0: 0x0000000080004008 (0x00002c17) auipc   s8, 0x2
core   0: 3 0x0000000080004008 (0x00002c17) x24 0x0000000080006008
core   0: 0x000000008000400c (0x080c0c13) addi    s8, s8, 128
core   0: 3 0x000000008000400c (0x080c0c13) x24 0x0000000080006088
core   0: 0x0000000080004010 (0x000c00e7) jalr    s8
core   0: 3 0x0000000080004010 (0x000c00e7) x1  0x0000000080004014
core   0: >>>>  any_handler
core   0: 0x0000000080006088 (0x341027f3) csrrs   a5, mepc, zero
core   0: 3 0x0000000080006088 (0x341027f3) x15 0x00000000800044b4
core   0: 0x000000008000608c (0x34202773) csrrs   a4, mcause, zero
core   0: 3 0x000000008000608c (0x34202773) x14 0x0000000000000002
core   0: 0x0000000080006090 (0x142026f3) csrrs   a3, scause, zero
core   0: 3 0x0000000080006090 (0x142026f3) x13 0x0000000000000000
core   0: 0x0000000080006094 (0x30402673) csrrs   a2, mie, zero
core   0: 3 0x0000000080006094 (0x30402673) x12 0x0000000000000a00
core   0: 0x0000000080006098 (0x344025f3) csrrs   a1, mip, zero
core   0: 3 0x0000000080006098 (0x344025f3) x11 0x0000000000000080
core   0: 0x000000008000609c (0x343025f3) csrrs   a1, mtval, zero
core   0: 3 0x000000008000609c (0x343025f3) x11 0x000000003430dcf3
core   0: 0x00000000800060a0 (0x14302573) csrrs   a0, stval, zero
core   0: 3 0x00000000800060a0 (0x14302573) x10 0x0000000000000000
core   0: 0x00000000800060a4 (0xb02024f3) csrrs   s1, minstret, zero
core   0: 3 0x00000000800060a4 (0xb02024f3) x9  0x0000000000000921
core   0: 0x00000000800060a8 (0x0000a811) c.j     pc + 20
core   0: 3 0x00000000800060a8 (0xa811)
core   0: >>>>  mepc_4
core   0: 0x00000000800060bc (0x00000791) c.addi  a5, 4
core   0: 3 0x00000000800060bc (0x0791) x15 0x00000000800044b8
core   0: 0x00000000800060be (0x34179073) csrrw   zero, mepc, a5
core   0: 3 0x00000000800060be (0x34179073) c833_mepc 0x00000000800044b8
core   0: 0x00000000800060c2 (0x30200073) mret
core   0: 3 0x00000000800060c2 (0x30200073) c768_mstatus 0x8000000a00106080
core   0: 0x00000000800044b8 (0x9dc57693) andi    a3, a0, -1572
core   0: 1 0x00000000800044b8 (0x9dc57693) x13 0x0000000000000000
core   0: 0x00000000800044bc (0xc03afed3) fcvt.lu.s t4, fs5
core   0: 1 0x00000000800044bc (0xc03afed3) c1_fflags 0x0000000000000011 x29 0xffffffffffffffff
core   0: 0x00000000800044c0 (0x01fedb9b) srliw   s7, t4, 31
core   0: 1 0x00000000800044c0 (0x01fedb9b) x23 0x0000000000000001
core   0: 0x00000000800044c4 (0xf141be73) csrrc   t3, mhartid, gp
core   0: exception trap_illegal_instruction, epc 0x00000000800044c4
core   0:           tval 0x00000000f141be73
core   0: >>>>  $xrv64i2p1_m2p0_a2p1_f2p2_d2p2_zicsr2p0_zifencei2p0_zmmul1p0_zba1p0_zbb1p0_zbc1p0_zbs1p0
core   0: 0x0000000080004000 (0x0080006f) j       pc + 0x8
core   0: 3 0x0000000080004000 (0x0080006f)
core   0: >>>>  mmode_exception_handler
core   0: 0x0000000080004008 (0x00002c17) auipc   s8, 0x2
core   0: 3 0x0000000080004008 (0x00002c17) x24 0x0000000080006008
core   0: 0x000000008000400c (0x080c0c13) addi    s8, s8, 128
core   0: 3 0x000000008000400c (0x080c0c13) x24 0x0000000080006088
core   0: 0x0000000080004010 (0x000c00e7) jalr    s8
core   0: 3 0x0000000080004010 (0x000c00e7) x1  0x0000000080004014
core   0: >>>>  any_handler
core   0: 0x0000000080006088 (0x341027f3) csrrs   a5, mepc, zero
core   0: 3 0x0000000080006088 (0x341027f3) x15 0x00000000800044c4
core   0: 0x000000008000608c (0x34202773) csrrs   a4, mcause, zero
core   0: 3 0x000000008000608c (0x34202773) x14 0x0000000000000002
core   0: 0x0000000080006090 (0x142026f3) csrrs   a3, scause, zero
core   0: 3 0x0000000080006090 (0x142026f3) x13 0x0000000000000000
core   0: 0x0000000080006094 (0x30402673) csrrs   a2, mie, zero
core   0: 3 0x0000000080006094 (0x30402673) x12 0x0000000000000a00
core   0: 0x0000000080006098 (0x344025f3) csrrs   a1, mip, zero
core   0: 3 0x0000000080006098 (0x344025f3) x11 0x0000000000000080
core   0: 0x000000008000609c (0x343025f3) csrrs   a1, mtval, zero
core   0: 3 0x000000008000609c (0x343025f3) x11 0x00000000f141be73
core   0: 0x00000000800060a0 (0x14302573) csrrs   a0, stval, zero
core   0: 3 0x00000000800060a0 (0x14302573) x10 0x0000000000000000
core   0: 0x00000000800060a4 (0xb02024f3) csrrs   s1, minstret, zero
core   0: 3 0x00000000800060a4 (0xb02024f3) x9  0x0000000000000934
core   0: 0x00000000800060a8 (0x0000a811) c.j     pc + 20
core   0: 3 0x00000000800060a8 (0xa811)
core   0: >>>>  mepc_4
core   0: 0x00000000800060bc (0x00000791) c.addi  a5, 4
core   0: 3 0x00000000800060bc (0x0791) x15 0x00000000800044c8
core   0: 0x00000000800060be (0x34179073) csrrw   zero, mepc, a5
core   0: 3 0x00000000800060be (0x34179073) c833_mepc 0x00000000800044c8
core   0: 0x00000000800060c2 (0x30200073) mret
core   0: 3 0x00000000800060c2 (0x30200073) c768_mstatus 0x8000000a00106080
core   0: 0x00000000800044c8 (0xc21d73d3) fcvt.wu.d t2, fs10
core   0: 1 0x00000000800044c8 (0xc21d73d3) x7  0x0000000000000000
core   0: 0x00000000800044cc (0x02e1c733) div     a4, gp, a4
core   0: 1 0x00000000800044cc (0x02e1c733) x14 0x00000000222c1673
core   0: 0x00000000800044d0 (0x01571313) slli    t1, a4, 21
core   0: 1 0x00000000800044d0 (0x01571313) x6  0x00044582ce600000
core   0: 0x00000000800044d4 (0x00202373) csrrs   t1, frm, zero
core   0: 1 0x00000000800044d4 (0x00202373) x6  0x0000000000000000
core   0: 0x00000000800044d8 (0xc01b1af3) csrrw   s5, time, s6
core   0: exception trap_illegal_instruction, epc 0x00000000800044d8
core   0:           tval 0x00000000c01b1af3
core   0: >>>>  $xrv64i2p1_m2p0_a2p1_f2p2_d2p2_zicsr2p0_zifencei2p0_zmmul1p0_zba1p0_zbb1p0_zbc1p0_zbs1p0
core   0: 0x0000000080004000 (0x0080006f) j       pc + 0x8
core   0: 3 0x0000000080004000 (0x0080006f)
core   0: >>>>  mmode_exception_handler
core   0: 0x0000000080004008 (0x00002c17) auipc   s8, 0x2
core   0: 3 0x0000000080004008 (0x00002c17) x24 0x0000000080006008
core   0: 0x000000008000400c (0x080c0c13) addi    s8, s8, 128
core   0: 3 0x000000008000400c (0x080c0c13) x24 0x0000000080006088
core   0: 0x0000000080004010 (0x000c00e7) jalr    s8
core   0: 3 0x0000000080004010 (0x000c00e7) x1  0x0000000080004014
core   0: >>>>  any_handler
core   0: 0x0000000080006088 (0x341027f3) csrrs   a5, mepc, zero
core   0: 3 0x0000000080006088 (0x341027f3) x15 0x00000000800044d8
core   0: 0x000000008000608c (0x34202773) csrrs   a4, mcause, zero
core   0: 3 0x000000008000608c (0x34202773) x14 0x0000000000000002
core   0: 0x0000000080006090 (0x142026f3) csrrs   a3, scause, zero
core   0: 3 0x0000000080006090 (0x142026f3) x13 0x0000000000000000
core   0: 0x0000000080006094 (0x30402673) csrrs   a2, mie, zero
core   0: 3 0x0000000080006094 (0x30402673) x12 0x0000000000000a00
core   0: 0x0000000080006098 (0x344025f3) csrrs   a1, mip, zero
core   0: 3 0x0000000080006098 (0x344025f3) x11 0x0000000000000080
core   0: 0x000000008000609c (0x343025f3) csrrs   a1, mtval, zero
core   0: 3 0x000000008000609c (0x343025f3) x11 0x00000000c01b1af3
core   0: 0x00000000800060a0 (0x14302573) csrrs   a0, stval, zero
core   0: 3 0x00000000800060a0 (0x14302573) x10 0x0000000000000000
core   0: 0x00000000800060a4 (0xb02024f3) csrrs   s1, minstret, zero
core   0: 3 0x00000000800060a4 (0xb02024f3) x9  0x0000000000000948
core   0: 0x00000000800060a8 (0x0000a811) c.j     pc + 20
core   0: 3 0x00000000800060a8 (0xa811)
core   0: >>>>  mepc_4
core   0: 0x00000000800060bc (0x00000791) c.addi  a5, 4
core   0: 3 0x00000000800060bc (0x0791) x15 0x00000000800044dc
core   0: 0x00000000800060be (0x34179073) csrrw   zero, mepc, a5
core   0: 3 0x00000000800060be (0x34179073) c833_mepc 0x00000000800044dc
core   0: 0x00000000800060c2 (0x30200073) mret
core   0: 3 0x00000000800060c2 (0x30200073) c768_mstatus 0x8000000a00106080
core   0: 0x00000000800044dc (0xc021f353) fcvt.l.s t1, ft3
core   0: 1 0x00000000800044dc (0xc021f353) x6  0x000000000615b5e0
core   0: 0x00000000800044e0 (0x0069ca33) xor     s4, s3, t1
core   0: 1 0x00000000800044e0 (0x0069ca33) x20 0x000000000615b5e0
core   0: 0x00000000800044e4 (0x413b84bb) subw    s1, s7, s3
core   0: 1 0x00000000800044e4 (0x413b84bb) x9  0x0000000000000001
core   0: 0x00000000800044e8 (0xc20cf353) fcvt.w.d t1, fs9
core   0: 1 0x00000000800044e8 (0xc20cf353) c1_fflags 0x0000000000000011 x6  0x000000007fffffff
core   0: 0x00000000800044ec (0x02923d33) mulhu   s10, tp, s1
core   0: 1 0x00000000800044ec (0x02923d33) x26 0x0000000000000000
core   0: 0x00000000800044f0 (0xc201fb53) fcvt.w.d s6, ft3
core   0: 1 0x00000000800044f0 (0xc201fb53) c1_fflags 0x0000000000000011 x22 0x000000007fffffff
core   0: 0x00000000800044f4 (0x02816bbb) remw    s7, sp, s0
core   0: 1 0x00000000800044f4 (0x02816bbb) x23 0x0000000000000000
core   0: 0x00000000800044f8 (0xb2f10a9b) addiw   s5, sp, -1233
core   0: 1 0x00000000800044f8 (0xb2f10a9b) x21 0xfffffffffffffb2f
core   0: 0x00000000800044fc (0x01624233) xor     tp, tp, s6
core   0: 1 0x00000000800044fc (0x01624233) x4  0x000000007fffffff
core   0: 0x0000000080004500 (0xa26180d3) fle.d   ra, ft3, ft6
core   0: 1 0x0000000080004500 (0xa26180d3) c1_fflags 0x0000000000000011 x1  0x0000000000000000
core   0: 0x0000000080004504 (0x40117cd3) fcvt.s.d fs9, ft2
core   0: 1 0x0000000080004504 (0x40117cd3) f25 0xffffffff00000000
core   0: 0x0000000080004508 (0xb02060f3) csrrsi  ra, minstret, 0
core   0: exception trap_illegal_instruction, epc 0x0000000080004508
core   0:           tval 0x00000000b02060f3
core   0: >>>>  $xrv64i2p1_m2p0_a2p1_f2p2_d2p2_zicsr2p0_zifencei2p0_zmmul1p0_zba1p0_zbb1p0_zbc1p0_zbs1p0
core   0: 0x0000000080004000 (0x0080006f) j       pc + 0x8
core   0: 3 0x0000000080004000 (0x0080006f)
core   0: >>>>  mmode_exception_handler
core   0: 0x0000000080004008 (0x00002c17) auipc   s8, 0x2
core   0: 3 0x0000000080004008 (0x00002c17) x24 0x0000000080006008
core   0: 0x000000008000400c (0x080c0c13) addi    s8, s8, 128
core   0: 3 0x000000008000400c (0x080c0c13) x24 0x0000000080006088
core   0: 0x0000000080004010 (0x000c00e7) jalr    s8
core   0: 3 0x0000000080004010 (0x000c00e7) x1  0x0000000080004014
core   0: >>>>  any_handler
core   0: 0x0000000080006088 (0x341027f3) csrrs   a5, mepc, zero
core   0: 3 0x0000000080006088 (0x341027f3) x15 0x0000000080004508
core   0: 0x000000008000608c (0x34202773) csrrs   a4, mcause, zero
core   0: 3 0x000000008000608c (0x34202773) x14 0x0000000000000002
core   0: 0x0000000080006090 (0x142026f3) csrrs   a3, scause, zero
core   0: 3 0x0000000080006090 (0x142026f3) x13 0x0000000000000000
core   0: 0x0000000080006094 (0x30402673) csrrs   a2, mie, zero
core   0: 3 0x0000000080006094 (0x30402673) x12 0x0000000000000a00
core   0: 0x0000000080006098 (0x344025f3) csrrs   a1, mip, zero
core   0: 3 0x0000000080006098 (0x344025f3) x11 0x0000000000000080
core   0: 0x000000008000609c (0x343025f3) csrrs   a1, mtval, zero
core   0: 3 0x000000008000609c (0x343025f3) x11 0x00000000b02060f3
core   0: 0x00000000800060a0 (0x14302573) csrrs   a0, stval, zero
core   0: 3 0x00000000800060a0 (0x14302573) x10 0x0000000000000000
core   0: 0x00000000800060a4 (0xb02024f3) csrrs   s1, minstret, zero
core   0: 3 0x00000000800060a4 (0xb02024f3) x9  0x0000000000000963
core   0: 0x00000000800060a8 (0x0000a811) c.j     pc + 20
core   0: 3 0x00000000800060a8 (0xa811)
core   0: >>>>  mepc_4
core   0: 0x00000000800060bc (0x00000791) c.addi  a5, 4
core   0: 3 0x00000000800060bc (0x0791) x15 0x000000008000450c
core   0: 0x00000000800060be (0x34179073) csrrw   zero, mepc, a5
core   0: 3 0x00000000800060be (0x34179073) c833_mepc 0x000000008000450c
core   0: 0x00000000800060c2 (0x30200073) mret
core   0: 3 0x00000000800060c2 (0x30200073) c768_mstatus 0x8000000a00106080
core   0: 0x000000008000450c (0x00cefeb3) and     t4, t4, a2
core   0: 1 0x000000008000450c (0x00cefeb3) x29 0x0000000000000a00
core   0: 0x0000000080004510 (0x00000001) c.nop
core   0: 1 0x0000000080004510 (0x0001)
core   0: 0x0000000080004512 (0x02f7c133) div     sp, a5, a5
core   0: 1 0x0000000080004512 (0x02f7c133) x2  0x0000000000000001
core   0: 0x0000000080004516 (0x22e703d3) fsgnj.d ft7, fa4, fa4
core   0: 1 0x0000000080004516 (0x22e703d3) f7  0x7ff8000000000000
core   0: 0x000000008000451a (0x22bca453) fsgnjx.d fs0, fs9, fa1
core   0: 1 0x000000008000451a (0x22bca453) f8  0xffffffff00000000
core   0: 0x000000008000451e (0x23842953) fsgnjx.d fs2, fs0, fs8
core   0: 1 0x000000008000451e (0x23842953) f18 0xffffffff00000000
core   0: 0x0000000080004522 (0x0b8975d3) fsub.d  fa1, fs2, fs8
core   0: 1 0x0000000080004522 (0x0b8975d3) f11 0x7ff8000000000000
core   0: 0x0000000080004526 (0x00202b73) csrrs   s6, frm, zero
core   0: 1 0x0000000080004526 (0x00202b73) x22 0x0000000000000000
core   0: 0x000000008000452a (0x01c59c3b) sllw    s8, a1, t3
core   0: 1 0x000000008000452a (0x01c59c3b) x24 0xffffffffb02060f3
core   0: 0x000000008000452e (0xe1540513) addi    a0, s0, -491
core   0: 1 0x000000008000452e (0xe1540513) x10 0xfffffffffffffe14
core   0: 0x0000000080004532 (0x000c1793) slli    a5, s8, 0
core   0: 1 0x0000000080004532 (0x000c1793) x15 0xffffffffb02060f3
core   0: 0x0000000080004536 (0xfac7bcb7) lui     s9, 0xfac7b
core   0: 1 0x0000000080004536 (0xfac7bcb7) x25 0xfffffffffac7b000
core   0: 0x000000008000453a (0x825c8c9b) addiw   s9, s9, -2011
core   0: 1 0x000000008000453a (0x825c8c9b) x25 0xfffffffffac7a825
core   0: 0x000000008000453e (0x00000cb2) c.slli  s9, 12
core   0: 1 0x000000008000453e (0x0cb2) x25 0xffffffac7a825000
core   0: 0x0000000080004540 (0xb30c8c93) addi    s9, s9, -1232
core   0: 1 0x0000000080004540 (0xb30c8c93) x25 0xffffffac7a824b30
core   0: 0x0000000080004544 (0x419605b3) sub     a1, a2, s9
core   0: 1 0x0000000080004544 (0x419605b3) x11 0x00000053857dbed0
core   0: 0x0000000080004548 (0x00cc103b) sllw    zero, s8, a2
core   0: 1 0x0000000080004548 (0x00cc103b)
core   0: 0x000000008000454c (0xc235fad3) fcvt.lu.d s5, fa1
core   0: 1 0x000000008000454c (0xc235fad3) c1_fflags 0x0000000000000011 x21 0xffffffffffffffff
core   0: 0x0000000080004550 (0xd2060ed3) fcvt.d.w ft9, a2
core   0: 1 0x0000000080004550 (0xd2060ed3) f29 0x40a4000000000000
core   0: 0x0000000080004554 (0x42020253) fcvt.d.s ft4, ft4
core   0: 1 0x0000000080004554 (0x42020253) f4  0x7ff8000000000000
core   0: 0x0000000080004558 (0x40c2dc9b) sraiw   s9, t0, 12
core   0: 1 0x0000000080004558 (0x40c2dc9b) x25 0x000000000000c2b6
core   0: 0x000000008000455c (0x4001de13) srai    t3, gp, 0
core   0: 1 0x000000008000455c (0x4001de13) x28 0x0000000044582ce6
core   0: 0x0000000080004560 (0x406302b3) sub     t0, t1, t1
core   0: 1 0x0000000080004560 (0x406302b3) x5  0x0000000000000000
core   0: 0x0000000080004564 (0xd022f8d3) fcvt.s.l fa7, t0
core   0: 1 0x0000000080004564 (0xd022f8d3) f17 0xffffffff00000000
core   0: 0x0000000080004568 (0xb3e27f43) fmadd.d ft10, ft4, ft10, fs6
core   0: 1 0x0000000080004568 (0xb3e27f43) f30 0x7ff8000000000000
core   0: 0x000000008000456c (0x000e999b) slliw   s3, t4, 0
core   0: 1 0x000000008000456c (0x000e999b) x19 0x0000000000000a00
core   0: 0x0000000080004570 (0xc027fe53) fcvt.l.s t3, fa5
core   0: 1 0x0000000080004570 (0xc027fe53) c1_fflags 0x0000000000000011 x28 0x7fffffffffffffff
core   0: 0x0000000080004574 (0x401e7ad3) fcvt.s.d fs5, ft8
core   0: 1 0x0000000080004574 (0x401e7ad3) f21 0xffffffff00000000
core   0: 0x0000000080004578 (0x01f99e1b) slliw   t3, s3, 31
core   0: 1 0x0000000080004578 (0x01f99e1b) x28 0x0000000000000000
core   0: 0x000000008000457c (0xc01797f3) csrrw   a5, time, a5
core   0: exception trap_illegal_instruction, epc 0x000000008000457c
core   0:           tval 0x00000000c01797f3
core   0: >>>>  $xrv64i2p1_m2p0_a2p1_f2p2_d2p2_zicsr2p0_zifencei2p0_zmmul1p0_zba1p0_zbb1p0_zbc1p0_zbs1p0
core   0: 0x0000000080004000 (0x0080006f) j       pc + 0x8
core   0: 3 0x0000000080004000 (0x0080006f)
core   0: >>>>  mmode_exception_handler
core   0: 0x0000000080004008 (0x00002c17) auipc   s8, 0x2
core   0: 3 0x0000000080004008 (0x00002c17) x24 0x0000000080006008
core   0: 0x000000008000400c (0x080c0c13) addi    s8, s8, 128
core   0: 3 0x000000008000400c (0x080c0c13) x24 0x0000000080006088
core   0: 0x0000000080004010 (0x000c00e7) jalr    s8
core   0: 3 0x0000000080004010 (0x000c00e7) x1  0x0000000080004014
core   0: >>>>  any_handler
core   0: 0x0000000080006088 (0x341027f3) csrrs   a5, mepc, zero
core   0: 3 0x0000000080006088 (0x341027f3) x15 0x000000008000457c
core   0: 0x000000008000608c (0x34202773) csrrs   a4, mcause, zero
core   0: 3 0x000000008000608c (0x34202773) x14 0x0000000000000002
core   0: 0x0000000080006090 (0x142026f3) csrrs   a3, scause, zero
core   0: 3 0x0000000080006090 (0x142026f3) x13 0x0000000000000000
core   0: 0x0000000080006094 (0x30402673) csrrs   a2, mie, zero
core   0: 3 0x0000000080006094 (0x30402673) x12 0x0000000000000a00
core   0: 0x0000000080006098 (0x344025f3) csrrs   a1, mip, zero
core   0: 3 0x0000000080006098 (0x344025f3) x11 0x0000000000000080
core   0: 0x000000008000609c (0x343025f3) csrrs   a1, mtval, zero
core   0: 3 0x000000008000609c (0x343025f3) x11 0x00000000c01797f3
core   0: 0x00000000800060a0 (0x14302573) csrrs   a0, stval, zero
core   0: 3 0x00000000800060a0 (0x14302573) x10 0x0000000000000000
core   0: 0x00000000800060a4 (0xb02024f3) csrrs   s1, minstret, zero
core   0: 3 0x00000000800060a4 (0xb02024f3) x9  0x0000000000000990
core   0: 0x00000000800060a8 (0x0000a811) c.j     pc + 20
core   0: 3 0x00000000800060a8 (0xa811)
core   0: >>>>  mepc_4
core   0: 0x00000000800060bc (0x00000791) c.addi  a5, 4
core   0: 3 0x00000000800060bc (0x0791) x15 0x0000000080004580
core   0: 0x00000000800060be (0x34179073) csrrw   zero, mepc, a5
core   0: 3 0x00000000800060be (0x34179073) c833_mepc 0x0000000080004580
core   0: 0x00000000800060c2 (0x30200073) mret
core   0: 3 0x00000000800060c2 (0x30200073) c768_mstatus 0x8000000a00106080
core   0: 0x0000000080004580 (0x02989713) slli    a4, a7, 41
core   0: 1 0x0000000080004580 (0x02989713) x14 0x0000000000000000
core   0: 0x0000000080004584 (0x40c88abb) subw    s5, a7, a2
core   0: 1 0x0000000080004584 (0x40c88abb) x21 0xfffffffffffff600
core   0: 0x0000000080004588 (0xf1305273) csrrwi  tp, mimpid, 0
core   0: exception trap_illegal_instruction, epc 0x0000000080004588
core   0:           tval 0x00000000f1305273
core   0: >>>>  $xrv64i2p1_m2p0_a2p1_f2p2_d2p2_zicsr2p0_zifencei2p0_zmmul1p0_zba1p0_zbb1p0_zbc1p0_zbs1p0
core   0: 0x0000000080004000 (0x0080006f) j       pc + 0x8
core   0: 3 0x0000000080004000 (0x0080006f)
core   0: >>>>  mmode_exception_handler
core   0: 0x0000000080004008 (0x00002c17) auipc   s8, 0x2
core   0: 3 0x0000000080004008 (0x00002c17) x24 0x0000000080006008
core   0: 0x000000008000400c (0x080c0c13) addi    s8, s8, 128
core   0: 3 0x000000008000400c (0x080c0c13) x24 0x0000000080006088
core   0: 0x0000000080004010 (0x000c00e7) jalr    s8
core   0: 3 0x0000000080004010 (0x000c00e7) x1  0x0000000080004014
core   0: >>>>  any_handler
core   0: 0x0000000080006088 (0x341027f3) csrrs   a5, mepc, zero
core   0: 3 0x0000000080006088 (0x341027f3) x15 0x0000000080004588
core   0: 0x000000008000608c (0x34202773) csrrs   a4, mcause, zero
core   0: 3 0x000000008000608c (0x34202773) x14 0x0000000000000002
core   0: 0x0000000080006090 (0x142026f3) csrrs   a3, scause, zero
core   0: 3 0x0000000080006090 (0x142026f3) x13 0x0000000000000000
core   0: 0x0000000080006094 (0x30402673) csrrs   a2, mie, zero
core   0: 3 0x0000000080006094 (0x30402673) x12 0x0000000000000a00
core   0: 0x0000000080006098 (0x344025f3) csrrs   a1, mip, zero
core   0: 3 0x0000000080006098 (0x344025f3) x11 0x0000000000000080
core   0: 0x000000008000609c (0x343025f3) csrrs   a1, mtval, zero
core   0: 3 0x000000008000609c (0x343025f3) x11 0x00000000f1305273
core   0: 0x00000000800060a0 (0x14302573) csrrs   a0, stval, zero
core   0: 3 0x00000000800060a0 (0x14302573) x10 0x0000000000000000
core   0: 0x00000000800060a4 (0xb02024f3) csrrs   s1, minstret, zero
core   0: 3 0x00000000800060a4 (0xb02024f3) x9  0x00000000000009a2
core   0: 0x00000000800060a8 (0x0000a811) c.j     pc + 20
core   0: 3 0x00000000800060a8 (0xa811)
core   0: >>>>  mepc_4
core   0: 0x00000000800060bc (0x00000791) c.addi  a5, 4
core   0: 3 0x00000000800060bc (0x0791) x15 0x000000008000458c
core   0: 0x00000000800060be (0x34179073) csrrw   zero, mepc, a5
core   0: 3 0x00000000800060be (0x34179073) c833_mepc 0x000000008000458c
core   0: 0x00000000800060c2 (0x30200073) mret
core   0: 3 0x00000000800060c2 (0x30200073) c768_mstatus 0x8000000a00106080
core   0: 0x000000008000458c (0x00d0d9b3) srl     s3, ra, a3
core   0: 1 0x000000008000458c (0x00d0d9b3) x19 0x0000000080004014
core   0: 0x0000000080004590 (0x0189823b) addw    tp, s3, s8
core   0: 1 0x0000000080004590 (0x0189823b) x4  0x000000000000a09c
core   0: 0x0000000080004594 (0x41e9d79b) sraiw   a5, s3, 30
core   0: 1 0x0000000080004594 (0x41e9d79b) x15 0xfffffffffffffffe
core   0: 0x0000000080004598 (0x0018d59b) srliw   a1, a7, 1
core   0: 1 0x0000000080004598 (0x0018d59b) x11 0x0000000000000000
core   0: 0x000000008000459c (0xd035f753) fcvt.s.lu fa4, a1
core   0: 1 0x000000008000459c (0xd035f753) f14 0xffffffff00000000
core   0: 0x00000000800045a0 (0x021143b3) div     t2, sp, ra
core   0: 1 0x00000000800045a0 (0x021143b3) x7  0x0000000000000000
core   0: 0x00000000800045a4 (0x02c1d713) srli    a4, gp, 44
core   0: 1 0x00000000800045a4 (0x02c1d713) x14 0x0000000000000000
core   0: 0x00000000800045a8 (0x46b27293) andi    t0, tp, 1131
core   0: 1 0x00000000800045a8 (0x46b27293) x5  0x0000000000000008
core   0: 0x00000000800045ac (0x029df53b) remuw   a0, s11, s1
core   0: 1 0x00000000800045ac (0x029df53b) x10 0x000000000000078a
core   0: 0x00000000800045b0 (0x5a087853) fsqrt.d fa6, fa6
core   0: 1 0x00000000800045b0 (0x5a087853) f16 0x7ff8000000000000
core   0: 0x00000000800045b4 (0x9bc87847) fmsub.d fa6, fa6, ft8, fs3
core   0: 1 0x00000000800045b4 (0x9bc87847) f16 0x7ff8000000000000
core   0: 0x00000000800045b8 (0x00199013) slli    zero, s3, 1
core   0: 1 0x00000000800045b8 (0x00199013)
core   0: 0x00000000800045bc (0x02f64333) div     t1, a2, a5
core   0: 1 0x00000000800045bc (0x02f64333) x6  0xfffffffffffffb00
core   0: 0x00000000800045c0 (0x00201e73) csrrw   t3, frm, zero
core   0: 1 0x00000000800045c0 (0x00201e73) x28 0x0000000000000000 c2_frm 0x0000000000000000
core   0: 0x00000000800045c4 (0xc20cf3d3) fcvt.w.d t2, fs9
core   0: 1 0x00000000800045c4 (0xc20cf3d3) c1_fflags 0x0000000000000011 x7  0x000000007fffffff
core   0: 0x00000000800045c8 (0x0249d413) srli    s0, s3, 36
core   0: 1 0x00000000800045c8 (0x0249d413) x8  0x0000000000000000
core   0: 0x00000000800045cc (0xc2347ed3) fcvt.lu.d t4, fs0
core   0: 1 0x00000000800045cc (0xc2347ed3) c1_fflags 0x0000000000000011 x29 0xffffffffffffffff
core   0: 0x00000000800045d0 (0x2ae90953) fmin.d  fs2, fs2, fa4
core   0: 1 0x00000000800045d0 (0x2ae90953) f18 0x7ff8000000000000
core   0: 0x00000000800045d4 (0x010efeb3) and     t4, t4, a6
core   0: 1 0x00000000800045d4 (0x010efeb3) x29 0x0000000000000001
core   0: 0x00000000800045d8 (0xc219fcd3) fcvt.wu.d s9, fs3
core   0: 1 0x00000000800045d8 (0xc219fcd3) c1_fflags 0x0000000000000011 x25 0xffffffffffffffff
core   0: 0x00000000800045dc (0x00000001) c.nop
core   0: 1 0x00000000800045dc (0x0001)
core   0: 0x00000000800045de (0x03d91933) mulh    s2, s2, t4
core   0: 1 0x00000000800045de (0x03d91933) x18 0x0000000000000000
core   0: 0x00000000800045e2 (0x00bcedb3) or      s11, s9, a1
core   0: 1 0x00000000800045e2 (0x00bcedb3) x27 0xffffffffffffffff
core   0: 0x00000000800045e6 (0x41d08e3b) subw    t3, ra, t4
core   0: 1 0x00000000800045e6 (0x41d08e3b) x28 0xffffffff80004013
core   0: 0x00000000800045ea (0x00fe1213) slli    tp, t3, 15
core   0: 1 0x00000000800045ea (0x00fe1213) x4  0xffffc00020098000
core   0: 0x00000000800045ee (0xd02b7e53) fcvt.s.l ft8, s6
core   0: 1 0x00000000800045ee (0xd02b7e53) f28 0xffffffff00000000
core   0: 0x00000000800045f2 (0x407503b3) sub     t2, a0, t2
core   0: 1 0x00000000800045f2 (0x407503b3) x7  0xffffffff8000078b
core   0: 0x00000000800045f6 (0x3b4f71cf) fnmadd.d ft3, ft10, fs4, ft7
core   0: 1 0x00000000800045f6 (0x3b4f71cf) f3  0x7ff8000000000000
core   0: 0x00000000800045fa (0xe20a0453) fmv.x.d s0, fs4
core   0: 1 0x00000000800045fa (0xe20a0453) x8  0x7ff8000000000000
core   0: 0x00000000800045fe (0xfff97c13) andi    s8, s2, -1
core   0: 1 0x00000000800045fe (0xfff97c13) x24 0x0000000000000000
core   0: 0x0000000080004602 (0xd03cff53) fcvt.s.lu ft10, s9
core   0: 1 0x0000000080004602 (0xd03cff53) c1_fflags 0x0000000000000011 f30 0xffffffff5f800000
core   0: 0x0000000080004606 (0x004d6633) or      a2, s10, tp
core   0: 1 0x0000000080004606 (0x004d6633) x12 0xffffc00020098000
core   0: 0x000000008000460a (0x2350a153) fsgnjx.d ft2, ft1, fs5
core   0: 1 0x000000008000460a (0x2350a153) f2  0xfff8000000000000
core   0: 0x000000008000460e (0x0076551b) srliw   a0, a2, 7
core   0: 1 0x000000008000460e (0x0076551b) x10 0x0000000000401300
core   0: 0x0000000080004612 (0x02af7bd3) fadd.d  fs7, ft10, fa0
core   0: 1 0x0000000080004612 (0x02af7bd3) f23 0x7ff8000000000000
core   0: 0x0000000080004616 (0x800a8313) addi    t1, s5, -2048
core   0: 1 0x0000000080004616 (0x800a8313) x6  0xffffffffffffee00
core   0: 0x000000008000461a (0x01257933) and     s2, a0, s2
core   0: 1 0x000000008000461a (0x01257933) x18 0x0000000000000000
core   0: 0x000000008000461e (0xf12ff7f3) csrrci  a5, marchid, 31
core   0: exception trap_illegal_instruction, epc 0x000000008000461e
core   0:           tval 0x00000000f12ff7f3
core   0: >>>>  $xrv64i2p1_m2p0_a2p1_f2p2_d2p2_zicsr2p0_zifencei2p0_zmmul1p0_zba1p0_zbb1p0_zbc1p0_zbs1p0
core   0: 0x0000000080004000 (0x0080006f) j       pc + 0x8
core   0: 3 0x0000000080004000 (0x0080006f)
core   0: >>>>  mmode_exception_handler
core   0: 0x0000000080004008 (0x00002c17) auipc   s8, 0x2
core   0: 3 0x0000000080004008 (0x00002c17) x24 0x0000000080006008
core   0: 0x000000008000400c (0x080c0c13) addi    s8, s8, 128
core   0: 3 0x000000008000400c (0x080c0c13) x24 0x0000000080006088
core   0: 0x0000000080004010 (0x000c00e7) jalr    s8
core   0: 3 0x0000000080004010 (0x000c00e7) x1  0x0000000080004014
core   0: >>>>  any_handler
core   0: 0x0000000080006088 (0x341027f3) csrrs   a5, mepc, zero
core   0: 3 0x0000000080006088 (0x341027f3) x15 0x000000008000461e
core   0: 0x000000008000608c (0x34202773) csrrs   a4, mcause, zero
core   0: 3 0x000000008000608c (0x34202773) x14 0x0000000000000002
core   0: 0x0000000080006090 (0x142026f3) csrrs   a3, scause, zero
core   0: 3 0x0000000080006090 (0x142026f3) x13 0x0000000000000000
core   0: 0x0000000080006094 (0x30402673) csrrs   a2, mie, zero
core   0: 3 0x0000000080006094 (0x30402673) x12 0x0000000000000a00
core   0: 0x0000000080006098 (0x344025f3) csrrs   a1, mip, zero
core   0: 3 0x0000000080006098 (0x344025f3) x11 0x0000000000000080
core   0: 0x000000008000609c (0x343025f3) csrrs   a1, mtval, zero
core   0: 3 0x000000008000609c (0x343025f3) x11 0x00000000f12ff7f3
core   0: 0x00000000800060a0 (0x14302573) csrrs   a0, stval, zero
core   0: 3 0x00000000800060a0 (0x14302573) x10 0x0000000000000000
core   0: 0x00000000800060a4 (0xb02024f3) csrrs   s1, minstret, zero
core   0: 3 0x00000000800060a4 (0xb02024f3) x9  0x00000000000009d7
core   0: 0x00000000800060a8 (0x0000a811) c.j     pc + 20
core   0: 3 0x00000000800060a8 (0xa811)
core   0: >>>>  mepc_4
core   0: 0x00000000800060bc (0x00000791) c.addi  a5, 4
core   0: 3 0x00000000800060bc (0x0791) x15 0x0000000080004622
core   0: 0x00000000800060be (0x34179073) csrrw   zero, mepc, a5
core   0: 3 0x00000000800060be (0x34179073) c833_mepc 0x0000000080004622
core   0: 0x00000000800060c2 (0x30200073) mret
core   0: 3 0x00000000800060c2 (0x30200073) c768_mstatus 0x8000000a00106080
core   0: 0x0000000080004622 (0x0ff0000f) fence   iorw,iorw
core   0: 1 0x0000000080004622 (0x0ff0000f)
core   0: 0x0000000080004626 (0xd2317053) fcvt.d.lu ft0, sp
core   0: 1 0x0000000080004626 (0xd2317053) f0  0x3ff0000000000000
core   0: 0x000000008000462a (0x007594b3) sll     s1, a1, t2
core   0: 1 0x000000008000462a (0x007594b3) x9  0x000007897fbf9800
core   0: 0x000000008000462e (0x40d456b3) sra     a3, s0, a3
core   0: 1 0x000000008000462e (0x40d456b3) x13 0x7ff8000000000000
core   0: 0x0000000080004632 (0x00a26233) or      tp, tp, a0
core   0: 1 0x0000000080004632 (0x00a26233) x4  0xffffc00020098000
core   0: 0x0000000080004636 (0x015258bb) srlw    a7, tp, s5
core   0: 1 0x0000000080004636 (0x015258bb) x17 0x0000000020098000
core   0: 0x000000008000463a (0x01a2d213) srli    tp, t0, 26
core   0: 1 0x000000008000463a (0x01a2d213) x4  0x0000000000000000
core   0: 0x000000008000463e (0xc0287553) fcvt.l.s a0, fa6
core   0: 1 0x000000008000463e (0xc0287553) c1_fflags 0x0000000000000011 x10 0x7fffffffffffffff
core   0: 0x0000000080004642 (0x40e7d43b) sraw    s0, a5, a4
core   0: 1 0x0000000080004642 (0x40e7d43b) x8  0xffffffffe0001188
core   0: 0x0000000080004646 (0x00a06033) or      zero, zero, a0
core   0: 1 0x0000000080004646 (0x00a06033)
core   0: 0x000000008000464a (0x236129d3) fsgnjx.d fs3, ft2, fs6
core   0: 1 0x000000008000464a (0x236129d3) f19 0x7ff8000000000000
core   0: 0x000000008000464e (0x23c22253) fsgnjx.d ft4, ft4, ft8
core   0: 1 0x000000008000464e (0x23c22253) f4  0xfff8000000000000
core   0: 0x0000000080004652 (0x0226d93b) divuw   s2, a3, sp
core   0: 1 0x0000000080004652 (0x0226d93b) x18 0x0000000000000000
core   0: 0x0000000080004656 (0xe2088753) fmv.x.d a4, fa7
core   0: 1 0x0000000080004656 (0xe2088753) x14 0xffffffff00000000
core   0: 0x000000008000465a (0x42020ad3) fcvt.d.s fs5, ft4
core   0: 1 0x000000008000465a (0x42020ad3) f21 0x7ff8000000000000
core   0: 0x000000008000465e (0x01245d9b) srliw   s11, s0, 18
core   0: 1 0x000000008000465e (0x01245d9b) x27 0x0000000000003800
core   0: 0x0000000080004662 (0x00d3949b) slliw   s1, t2, 13
core   0: 1 0x0000000080004662 (0x00d3949b) x9  0x0000000000f16000
core   0: 0x0000000080004666 (0x401ff653) fcvt.s.d fa2, ft11
core   0: 1 0x0000000080004666 (0x401ff653) f12 0xffffffff7fc00000
core   0: 0x000000008000466a (0x002c1bf3) csrrw   s7, frm, s8
core   0: 1 0x000000008000466a (0x002c1bf3) x23 0x0000000000000000 c2_frm 0x0000000000000000
core   0: 0x000000008000466e (0x02416e33) rem     t3, sp, tp
core   0: 1 0x000000008000466e (0x02416e33) x28 0x0000000000000001
core   0: 0x0000000080004672 (0xca107013) andi    zero, zero, -863
core   0: 1 0x0000000080004672 (0xca107013)
core   0: 0x0000000080004676 (0xc21af3d3) fcvt.wu.d t2, fs5
core   0: 1 0x0000000080004676 (0xc21af3d3) c1_fflags 0x0000000000000011 x7  0xffffffffffffffff
core   0: 0x000000008000467a (0x00238db3) add     s11, t2, sp
core   0: 1 0x000000008000467a (0x00238db3) x27 0x0000000000000000
core   0: 0x000000008000467e (0x00f39cb3) sll     s9, t2, a5
core   0: 1 0x000000008000467e (0x00f39cb3) x25 0xfffffffc00000000
core   0: 0x0000000080004682 (0x13567153) fmul.d  ft2, fa2, fs5
core   0: 1 0x0000000080004682 (0x13567153) f2  0x7ff8000000000000
core   0: 0x0000000080004686 (0x025dc433) div     s0, s11, t0
core   0: 1 0x0000000080004686 (0x025dc433) x8  0x0000000000000000
core   0: 0x000000008000468a (0x002025f3) csrrs   a1, frm, zero
core   0: 1 0x000000008000468a (0x002025f3) x11 0x0000000000000000
core   0: 0x000000008000468e (0xc0317cd3) fcvt.lu.s s9, ft2
core   0: 1 0x000000008000468e (0xc0317cd3) c1_fflags 0x0000000000000011 x25 0xffffffffffffffff
core   0: 0x0000000080004692 (0x001114f3) csrrw   s1, fflags, sp
core   0: 1 0x0000000080004692 (0x001114f3) x9  0x0000000000000011 c1_fflags 0x0000000000000001
core   0: 0x0000000080004696 (0x00141813) slli    a6, s0, 1
core   0: 1 0x0000000080004696 (0x00141813) x16 0x0000000000000000
core   0: 0x000000008000469a (0x001023f3) csrrs   t2, fflags, zero
core   0: 1 0x000000008000469a (0x001023f3) x7  0x0000000000000001
core   0: 0x000000008000469e (0xf96a6737) lui     a4, 0xf96a6
core   0: 1 0x000000008000469e (0xf96a6737) x14 0xfffffffff96a6000
core   0: 0x00000000800046a2 (0x9bd7071b) addiw   a4, a4, -1603
core   0: 1 0x00000000800046a2 (0x9bd7071b) x14 0xfffffffff96a59bd
core   0: 0x00000000800046a6 (0x00000732) c.slli  a4, 12
core   0: 1 0x00000000800046a6 (0x0732) x14 0xffffff96a59bd000
core   0: 0x00000000800046a8 (0x95b70713) addi    a4, a4, -1701
core   0: 1 0x00000000800046a8 (0x95b70713) x14 0xffffff96a59bc95b
core   0: 0x00000000800046ac (0x02412133) mulhsu  sp, sp, tp
core   0: 1 0x00000000800046ac (0x02412133) x2  0x0000000000000000
core   0: 0x00000000800046b0 (0x0000070e) c.slli  a4, 3
core   0: 1 0x00000000800046b0 (0x070e) x14 0xfffffcb52cde4ad8
core   0: 0x00000000800046b2 (0x3af374c7) fmsub.d fs1, ft6, fa5, ft7
core   0: 1 0x00000000800046b2 (0x3af374c7) f9  0x7ff8000000000000
core   0: 0x00000000800046b6 (0x035864b3) rem     s1, a6, s5
core   0: 1 0x00000000800046b6 (0x035864b3) x9  0x0000000000000000
core   0: 0x00000000800046ba (0x000298bb) sllw    a7, t0, zero
core   0: 1 0x00000000800046ba (0x000298bb) x17 0x0000000000000008
core   0: 0x00000000800046be (0x00001422) c.slli  s0, 40
core   0: 1 0x00000000800046be (0x1422) x8  0x0000000000000000
core   0: 0x00000000800046c0 (0x0003d393) srli    t2, t2, 0
core   0: 1 0x00000000800046c0 (0x0003d393) x7  0x0000000000000001
core   0: 0x00000000800046c4 (0xd2140dd3) fcvt.d.wu fs11, s0
core   0: 1 0x00000000800046c4 (0xd2140dd3) f27 0x0000000000000000
core   0: 0x00000000800046c8 (0x4031d5bb) sraw    a1, gp, gp
core   0: 1 0x00000000800046c8 (0x4031d5bb) x11 0x00000000011160b3
core   0: 0x00000000800046cc (0x03272933) mulhsu  s2, a4, s2
core   0: 1 0x00000000800046cc (0x03272933) x18 0x0000000000000000
core   0: 0x00000000800046d0 (0x03494dbb) divw    s11, s2, s4
core   0: 1 0x00000000800046d0 (0x03494dbb) x27 0x0000000000000000
core   0: 0x00000000800046d4 (0x828f79cf) fnmadd.d fs3, ft10, fs0, fa6
core   0: 1 0x00000000800046d4 (0x828f79cf) f19 0x7ff8000000000000
core   0: 0x00000000800046d8 (0x5a02f5d3) fsqrt.d fa1, ft5
core   0: 1 0x00000000800046d8 (0x5a02f5d3) f11 0x0000000000000000
core   0: 0x00000000800046dc (0x0127ac33) slt     s8, a5, s2
core   0: 1 0x00000000800046dc (0x0127ac33) x24 0x0000000000000000
core   0: 0x00000000800046e0 (0x98b1f193) andi    gp, gp, -1653
core   0: 1 0x00000000800046e0 (0x98b1f193) x3  0x0000000044582882
core   0: 0x00000000800046e4 (0x010c54b3) srl     s1, s8, a6
core   0: 1 0x00000000800046e4 (0x010c54b3) x9  0x0000000000000000
core   0: 0x00000000800046e8 (0x0105f6b3) and     a3, a1, a6
core   0: 1 0x00000000800046e8 (0x0105f6b3) x13 0x0000000000000000
core   0: 0x00000000800046ec (0x12f5fa53) fmul.d  fs4, fa1, fa5
core   0: 1 0x00000000800046ec (0x12f5fa53) f20 0x7ff8000000000000
core   0: 0x00000000800046f0 (0x01771433) sll     s0, a4, s7
core   0: 1 0x00000000800046f0 (0x01771433) x8  0xfffffcb52cde4ad8
core   0: 0x00000000800046f4 (0x0013e3b3) or      t2, t2, ra
core   0: 1 0x00000000800046f4 (0x0013e3b3) x7  0x0000000080004015
core   0: 0x00000000800046f8 (0x4005d59b) sraiw   a1, a1, 0
core   0: 1 0x00000000800046f8 (0x4005d59b) x11 0x00000000011160b3
core   0: 0x00000000800046fc (0x2b0c8693) addi    a3, s9, 688
core   0: 1 0x00000000800046fc (0x2b0c8693) x13 0x00000000000002af
core   0: 0x0000000080004700 (0x34005873) csrrwi  a6, mscratch, 0
core   0: exception trap_illegal_instruction, epc 0x0000000080004700
core   0:           tval 0x0000000034005873
core   0: >>>>  $xrv64i2p1_m2p0_a2p1_f2p2_d2p2_zicsr2p0_zifencei2p0_zmmul1p0_zba1p0_zbb1p0_zbc1p0_zbs1p0
core   0: 0x0000000080004000 (0x0080006f) j       pc + 0x8
core   0: 3 0x0000000080004000 (0x0080006f)
core   0: >>>>  mmode_exception_handler
core   0: 0x0000000080004008 (0x00002c17) auipc   s8, 0x2
core   0: 3 0x0000000080004008 (0x00002c17) x24 0x0000000080006008
core   0: 0x000000008000400c (0x080c0c13) addi    s8, s8, 128
core   0: 3 0x000000008000400c (0x080c0c13) x24 0x0000000080006088
core   0: 0x0000000080004010 (0x000c00e7) jalr    s8
core   0: 3 0x0000000080004010 (0x000c00e7) x1  0x0000000080004014
core   0: >>>>  any_handler
core   0: 0x0000000080006088 (0x341027f3) csrrs   a5, mepc, zero
core   0: 3 0x0000000080006088 (0x341027f3) x15 0x0000000080004700
core   0: 0x000000008000608c (0x34202773) csrrs   a4, mcause, zero
core   0: 3 0x000000008000608c (0x34202773) x14 0x0000000000000002
core   0: 0x0000000080006090 (0x142026f3) csrrs   a3, scause, zero
core   0: 3 0x0000000080006090 (0x142026f3) x13 0x0000000000000000
core   0: 0x0000000080006094 (0x30402673) csrrs   a2, mie, zero
core   0: 3 0x0000000080006094 (0x30402673) x12 0x0000000000000a00
core   0: 0x0000000080006098 (0x344025f3) csrrs   a1, mip, zero
core   0: 3 0x0000000080006098 (0x344025f3) x11 0x0000000000000080
core   0: 0x000000008000609c (0x343025f3) csrrs   a1, mtval, zero
core   0: 3 0x000000008000609c (0x343025f3) x11 0x0000000034005873
core   0: 0x00000000800060a0 (0x14302573) csrrs   a0, stval, zero
core   0: 3 0x00000000800060a0 (0x14302573) x10 0x0000000000000000
core   0: 0x00000000800060a4 (0xb02024f3) csrrs   s1, minstret, zero
core   0: 3 0x00000000800060a4 (0xb02024f3) x9  0x0000000000000a20
core   0: 0x00000000800060a8 (0x0000a811) c.j     pc + 20
core   0: 3 0x00000000800060a8 (0xa811)
core   0: >>>>  mepc_4
core   0: 0x00000000800060bc (0x00000791) c.addi  a5, 4
core   0: 3 0x00000000800060bc (0x0791) x15 0x0000000080004704
core   0: 0x00000000800060be (0x34179073) csrrw   zero, mepc, a5
core   0: 3 0x00000000800060be (0x34179073) c833_mepc 0x0000000080004704
core   0: 0x00000000800060c2 (0x30200073) mret
core   0: 3 0x00000000800060c2 (0x30200073) c768_mstatus 0x8000000a00106080
core   0: 0x0000000080004704 (0x023ac5b3) div     a1, s5, gp
core   0: 1 0x0000000080004704 (0x023ac5b3) x11 0x0000000000000000
core   0: 0x0000000080004708 (0x032e72b3) remu    t0, t3, s2
core   0: 1 0x0000000080004708 (0x032e72b3) x5  0x0000000000000001
core   0: 0x000000008000470c (0x4133d39b) sraiw   t2, t2, 19
core   0: 1 0x000000008000470c (0x4133d39b) x7  0xfffffffffffff000
core   0: 0x0000000080004710 (0x001e1d73) csrrw   s10, fflags, t3
core   0: 1 0x0000000080004710 (0x001e1d73) x26 0x0000000000000001 c1_fflags 0x0000000000000001
core   0: 0x0000000080004714 (0x2ab394d3) fmax.d  fs1, ft7, fa1
core   0: 1 0x0000000080004714 (0x2ab394d3) f9  0x0000000000000000
core   0: 0x0000000080004718 (0x0055fe33) and     t3, a1, t0
core   0: 1 0x0000000080004718 (0x0055fe33) x28 0x0000000000000000
core   0: 0x000000008000471c (0x002b9173) csrrw   sp, frm, s7
core   0: 1 0x000000008000471c (0x002b9173) x2  0x0000000000000000 c2_frm 0x0000000000000000
core   0: 0x0000000080004720 (0xc227fa53) fcvt.l.d s4, fa5
core   0: 1 0x0000000080004720 (0xc227fa53) c1_fflags 0x0000000000000011 x20 0x7fffffffffffffff
core   0: 0x0000000080004724 (0x00008ed1) c.or    a3, a2
core   0: 1 0x0000000080004724 (0x8ed1) x13 0x0000000000000a00
core   0: 0x0000000080004726 (0x0a94f0d3) fsub.d  ft1, fs1, fs1
core   0: 1 0x0000000080004726 (0x0a94f0d3) f1  0x0000000000000000
core   0: 0x000000008000472a (0x00bb9237) lui     tp, 0xbb9
core   0: 1 0x000000008000472a (0x00bb9237) x4  0x0000000000bb9000
core   0: 0x000000008000472e (0x0492021b) addiw   tp, tp, 73
core   0: 1 0x000000008000472e (0x0492021b) x4  0x0000000000bb9049
core   0: 0x0000000080004732 (0x0000023a) c.slli  tp, 14
core   0: 1 0x0000000080004732 (0x023a) x4  0x0000002ee4124000
core   0: 0x0000000080004734 (0x81920213) addi    tp, tp, -2023
core   0: 1 0x0000000080004734 (0x81920213) x4  0x0000002ee4123819
core   0: 0x0000000080004738 (0xd039f253) fcvt.s.lu ft4, s3
core   0: 1 0x0000000080004738 (0xd039f253) c1_fflags 0x0000000000000011 f4  0xffffffff4f000040
core   0: 0x000000008000473c (0x01dc4c33) xor     s8, s8, t4
core   0: 1 0x000000008000473c (0x01dc4c33) x24 0x0000000080006089
core   0: 0x0000000080004740 (0xd2347fd3) fcvt.d.lu ft11, s0
core   0: 1 0x0000000080004740 (0xd2347fd3) c1_fflags 0x0000000000000011 f31 0x43efffff96a59bc9
core   0: 0x0000000080004744 (0x03d80593) addi    a1, a6, 61
core   0: 1 0x0000000080004744 (0x03d80593) x11 0x000000000000003d
core   0: 0x0000000080004748 (0xfd35fe37) lui     t3, 0xfd35f
core   0: 1 0x0000000080004748 (0xfd35fe37) x28 0xfffffffffd35f000
core   0: 0x000000008000474c (0x3cde0e1b) addiw   t3, t3, 973
core   0: 1 0x000000008000474c (0x3cde0e1b) x28 0xfffffffffd35f3cd
core   0: 0x0000000080004750 (0x00000e36) c.slli  t3, 13
core   0: 1 0x0000000080004750 (0x0e36) x28 0xffffffa6be79a000
core   0: 0x0000000080004752 (0xc2ce0e13) addi    t3, t3, -980
core   0: 1 0x0000000080004752 (0xc2ce0e13) x28 0xffffffa6be799c2c
core   0: 0x0000000080004756 (0x22b02153) fsgnjx.d ft2, ft0, fa1
core   0: 1 0x0000000080004756 (0x22b02153) f2  0x3ff0000000000000
core   0: 0x000000008000475a (0x90b26213) ori     tp, tp, -1781
core   0: 1 0x000000008000475a (0x90b26213) x4  0xfffffffffffff91b
core   0: 0x000000008000475e (0x01cddb13) srli    s6, s11, 28
core   0: 1 0x000000008000475e (0x01cddb13) x22 0x0000000000000000
core   0: 0x0000000080004762 (0xd21d88d3) fcvt.d.wu fa7, s11
core   0: 1 0x0000000080004762 (0xd21d88d3) f17 0x0000000000000000
core   0: 0x0000000080004766 (0xc23175d3) fcvt.lu.d a1, ft2
core   0: 1 0x0000000080004766 (0xc23175d3) x11 0x0000000000000001
core   0: 0x000000008000476a (0x100ea473) csrrs   s0, sstatus, t4
core   0: 1 0x000000008000476a (0x100ea473) x8  0x8000000200006000 c768_mstatus 0x8000000a00106080
core   0: 0x000000008000476e (0x01b34133) xor     sp, t1, s11
core   0: 1 0x000000008000476e (0x01b34133) x2  0xffffffffffffee00
core   0: 0x0000000080004772 (0x400ad313) srai    t1, s5, 0
core   0: 1 0x0000000080004772 (0x400ad313) x6  0xfffffffffffff600
core   0: 0x0000000080004776 (0xc20cf753) fcvt.w.d a4, fs9
core   0: 1 0x0000000080004776 (0xc20cf753) c1_fflags 0x0000000000000011 x14 0x000000007fffffff
core   0: 0x000000008000477a (0x2a1994d3) fmax.d  fs1, fs3, ft1
core   0: 1 0x000000008000477a (0x2a1994d3) f9  0x0000000000000000
core   0: 0x000000008000477e (0x409d0d3b) subw    s10, s10, s1
core   0: 1 0x000000008000477e (0x409d0d3b) x26 0xfffffffffffff5e1
core   0: 0x0000000080004782 (0x002393f3) csrrw   t2, frm, t2
core   0: 1 0x0000000080004782 (0x002393f3) x7  0x0000000000000000 c2_frm 0x0000000000000000
core   0: 0x0000000080004786 (0x02091613) slli    a2, s2, 32
core   0: 1 0x0000000080004786 (0x02091613) x12 0x0000000000000000
core   0: 0x000000008000478a (0x0166eb33) or      s6, a3, s6
core   0: 1 0x000000008000478a (0x0166eb33) x22 0x0000000000000a00
core   0: 0x000000008000478e (0x00f0983b) sllw    a6, ra, a5
core   0: 1 0x000000008000478e (0x00f0983b) x16 0x0000000000040140
core   0: 0x0000000080004792 (0x41f6529b) sraiw   t0, a2, 31
core   0: 1 0x0000000080004792 (0x41f6529b) x5  0x0000000000000000
core   0: 0x0000000080004796 (0x42985b93) srai    s7, a6, 41
core   0: 1 0x0000000080004796 (0x42985b93) x23 0x0000000000000000
core   0: 0x000000008000479a (0x0225d833) divu    a6, a1, sp
core   0: 1 0x000000008000479a (0x0225d833) x16 0x0000000000000000
core   0: 0x000000008000479e (0x5330fc93) andi    s9, ra, 1331
core   0: 1 0x000000008000479e (0x5330fc93) x25 0x0000000000000010
core   0: 0x00000000800047a2 (0x40248ebb) subw    t4, s1, sp
core   0: 1 0x00000000800047a2 (0x40248ebb) x29 0x0000000000001c20
core   0: 0x00000000800047a6 (0x02a6e53b) remw    a0, a3, a0
core   0: 1 0x00000000800047a6 (0x02a6e53b) x10 0x0000000000000a00
core   0: 0x00000000800047aa (0x02c3f73b) remuw   a4, t2, a2
core   0: 1 0x00000000800047aa (0x02c3f73b) x14 0x0000000000000000
core   0: 0x00000000800047ae (0xc02479d3) fcvt.l.s s3, fs0
core   0: 1 0x00000000800047ae (0xc02479d3) x19 0x0000000000000000
core   0: 0x00000000800047b2 (0x81e9e193) ori     gp, s3, -2018
core   0: 1 0x00000000800047b2 (0x81e9e193) x3  0xfffffffffffff81e
core   0: 0x00000000800047b6 (0x023c8cbb) mulw    s9, s9, gp
core   0: 1 0x00000000800047b6 (0x023c8cbb) x25 0xffffffffffff81e0
core   0: 0x00000000800047ba (0x2ac39653) fmax.d  fa2, ft7, fa2
core   0: 1 0x00000000800047ba (0x2ac39653) f12 0x7ff8000000000000
core   0: 0x00000000800047be (0x01f41493) slli    s1, s0, 31
core   0: 1 0x00000000800047be (0x01f41493) x9  0x0000300000000000
core   0: 0x00000000800047c2 (0x222486d3) fsgnj.d fa3, fs1, ft2
core   0: 1 0x00000000800047c2 (0x222486d3) f13 0x0000000000000000
core   0: 0x00000000800047c6 (0x00001422) c.slli  s0, 40
core   0: 1 0x00000000800047c6 (0x1422) x8  0x0060000000000000
core   0: 0x00000000800047c8 (0x00a30abb) addw    s5, t1, a0
core   0: 1 0x00000000800047c8 (0x00a30abb) x21 0x0000000000000000
core   0: 0x00000000800047cc (0x1a86869b) addiw   a3, a3, 424
core   0: 1 0x00000000800047cc (0x1a86869b) x13 0x0000000000000ba8
core   0: 0x00000000800047d0 (0x022cf153) fadd.d  ft2, fs9, ft2
core   0: 1 0x00000000800047d0 (0x022cf153) f2  0x7ff8000000000000
core   0: 0x00000000800047d4 (0x0004dd1b) srliw   s10, s1, 0
core   0: 1 0x00000000800047d4 (0x0004dd1b) x26 0x0000000000000000
core   0: 0x00000000800047d8 (0x00251e73) csrrw   t3, frm, a0
core   0: 1 0x00000000800047d8 (0x00251e73) x28 0x0000000000000000 c2_frm 0x0000000000000000
core   0: 0x00000000800047dc (0x0200d2b3) divu    t0, ra, zero
core   0: 1 0x00000000800047dc (0x0200d2b3) x5  0xffffffffffffffff
core   0: 0x00000000800047e0 (0x0b3ef353) fsub.d  ft6, ft9, fs3
core   0: 1 0x00000000800047e0 (0x0b3ef353) f6  0x7ff8000000000000
core   0: 0x00000000800047e4 (0x033e693b) remw    s2, t3, s3
core   0: 1 0x00000000800047e4 (0x033e693b) x18 0x0000000000000000
core   0: 0x00000000800047e8 (0x5a0cf053) fsqrt.d ft0, fs9
core   0: 1 0x00000000800047e8 (0x5a0cf053) f0  0x7ff8000000000000
core   0: 0x00000000800047ec (0x000c141b) slliw   s0, s8, 0
core   0: 1 0x00000000800047ec (0x000c141b) x8  0xffffffff80006089
core   0: 0x00000000800047f0 (0x03055393) srli    t2, a0, 48
core   0: 1 0x00000000800047f0 (0x03055393) x7  0x0000000000000000
core   0: 0x00000000800047f4 (0xd20e09d3) fcvt.d.w fs3, t3
core   0: 1 0x00000000800047f4 (0xd20e09d3) f19 0x0000000000000000
core   0: 0x00000000800047f8 (0xd02070d3) fcvt.s.l ft1, zero
core   0: 1 0x00000000800047f8 (0xd02070d3) f1  0xffffffff00000000
core   0: 0x00000000800047fc (0xc20372d3) fcvt.w.d t0, ft6
core   0: 1 0x00000000800047fc (0xc20372d3) c1_fflags 0x0000000000000011 x5  0x000000007fffffff
core   0: 0x0000000080004800 (0x00001282) c.slli  t0, 32
core   0: 1 0x0000000080004800 (0x1282) x5  0x7fffffff00000000
core   0: 0x0000000080004802 (0x0232823b) mulw    tp, t0, gp
core   0: 1 0x0000000080004802 (0x0232823b) x4  0x0000000000000000
core   0: 0x0000000080004806 (0x414bdcb3) sra     s9, s7, s4
core   0: 1 0x0000000080004806 (0x414bdcb3) x25 0x0000000000000000
core   0: 0x000000008000480a (0x009df233) and     tp, s11, s1
core   0: 1 0x000000008000480a (0x009df233) x4  0x0000000000000000
core   0: 0x000000008000480e (0x01fb551b) srliw   a0, s6, 31
core   0: 1 0x000000008000480e (0x01fb551b) x10 0x0000000000000000
core   0: 0x0000000080004812 (0x150692b7) lui     t0, 0x15069
core   0: 1 0x0000000080004812 (0x150692b7) x5  0x0000000015069000
core   0: 0x0000000080004816 (0x0372dbbb) divuw   s7, t0, s7
core   0: 1 0x0000000080004816 (0x0372dbbb) x23 0xffffffffffffffff
core   0: 0x000000008000481a (0x034b3633) mulhu   a2, s6, s4
core   0: 1 0x000000008000481a (0x034b3633) x12 0x00000000000004ff
core   0: 0x000000008000481e (0x00d6a6b3) slt     a3, a3, a3
core   0: 1 0x000000008000481e (0x00d6a6b3) x13 0x0000000000000000
core   0: 0x0000000080004822 (0x01181c9b) slliw   s9, a6, 17
core   0: 1 0x0000000080004822 (0x01181c9b) x25 0x0000000000000000
core   0: 0x0000000080004826 (0x000cf413) andi    s0, s9, 0
core   0: 1 0x0000000080004826 (0x000cf413) x8  0x0000000000000000
core   0: 0x000000008000482a (0xe20b00d3) fmv.x.d ra, fs6
core   0: 1 0x000000008000482a (0xe20b00d3) x1  0xffffffff00000000
core   0: 0x000000008000482e (0x41abdbbb) sraw    s7, s7, s10
core   0: 1 0x000000008000482e (0x41abdbbb) x23 0xffffffffffffffff
core   0: 0x0000000080004832 (0x03c325b3) mulhsu  a1, t1, t3
core   0: 1 0x0000000080004832 (0x03c325b3) x11 0x0000000000000000
core   0: 0x0000000080004836 (0x409c56bb) sraw    a3, s8, s1
core   0: 1 0x0000000080004836 (0x409c56bb) x13 0xffffffff80006089
core   0: 0x000000008000483a (0x03a35ab3) divu    s5, t1, s10
core   0: 1 0x000000008000483a (0x03a35ab3) x21 0xffffffffffffffff
core   0: 0x000000008000483e (0x0034e633) or      a2, s1, gp
core   0: 1 0x000000008000483e (0x0034e633) x12 0xfffffffffffff81e
core   0: 0x0000000080004842 (0xbe74c7b7) lui     a5, 0xbe74c
core   0: 1 0x0000000080004842 (0xbe74c7b7) x15 0xffffffffbe74c000
core   0: 0x0000000080004846 (0x01d41eb3) sll     t4, s0, t4
core   0: 1 0x0000000080004846 (0x01d41eb3) x29 0x0000000000000000
core   0: 0x000000008000484a (0xc21b7253) fcvt.wu.d tp, fs6
core   0: 1 0x000000008000484a (0xc21b7253) c1_fflags 0x0000000000000011 x4  0xffffffffffffffff
core   0: 0x000000008000484e (0x34089df3) csrrw   s11, mscratch, a7
core   0: exception trap_illegal_instruction, epc 0x000000008000484e
core   0:           tval 0x0000000034089df3
core   0: >>>>  $xrv64i2p1_m2p0_a2p1_f2p2_d2p2_zicsr2p0_zifencei2p0_zmmul1p0_zba1p0_zbb1p0_zbc1p0_zbs1p0
core   0: 0x0000000080004000 (0x0080006f) j       pc + 0x8
core   0: 3 0x0000000080004000 (0x0080006f)
core   0: >>>>  mmode_exception_handler
core   0: 0x0000000080004008 (0x00002c17) auipc   s8, 0x2
core   0: 3 0x0000000080004008 (0x00002c17) x24 0x0000000080006008
core   0: 0x000000008000400c (0x080c0c13) addi    s8, s8, 128
core   0: 3 0x000000008000400c (0x080c0c13) x24 0x0000000080006088
core   0: 0x0000000080004010 (0x000c00e7) jalr    s8
core   0: 3 0x0000000080004010 (0x000c00e7) x1  0x0000000080004014
core   0: >>>>  any_handler
core   0: 0x0000000080006088 (0x341027f3) csrrs   a5, mepc, zero
core   0: 3 0x0000000080006088 (0x341027f3) x15 0x000000008000484e
core   0: 0x000000008000608c (0x34202773) csrrs   a4, mcause, zero
core   0: 3 0x000000008000608c (0x34202773) x14 0x0000000000000002
core   0: 0x0000000080006090 (0x142026f3) csrrs   a3, scause, zero
core   0: 3 0x0000000080006090 (0x142026f3) x13 0x0000000000000000
core   0: 0x0000000080006094 (0x30402673) csrrs   a2, mie, zero
core   0: 3 0x0000000080006094 (0x30402673) x12 0x0000000000000a00
core   0: 0x0000000080006098 (0x344025f3) csrrs   a1, mip, zero
core   0: 3 0x0000000080006098 (0x344025f3) x11 0x0000000000000080
core   0: 0x000000008000609c (0x343025f3) csrrs   a1, mtval, zero
core   0: 3 0x000000008000609c (0x343025f3) x11 0x0000000034089df3
core   0: 0x00000000800060a0 (0x14302573) csrrs   a0, stval, zero
core   0: 3 0x00000000800060a0 (0x14302573) x10 0x0000000000000000
core   0: 0x00000000800060a4 (0xb02024f3) csrrs   s1, minstret, zero
core   0: 3 0x00000000800060a4 (0xb02024f3) x9  0x0000000000000a85
core   0: 0x00000000800060a8 (0x0000a811) c.j     pc + 20
core   0: 3 0x00000000800060a8 (0xa811)
core   0: >>>>  mepc_4
core   0: 0x00000000800060bc (0x00000791) c.addi  a5, 4
core   0: 3 0x00000000800060bc (0x0791) x15 0x0000000080004852
core   0: 0x00000000800060be (0x34179073) csrrw   zero, mepc, a5
core   0: 3 0x00000000800060be (0x34179073) c833_mepc 0x0000000080004852
core   0: 0x00000000800060c2 (0x30200073) mret
core   0: 3 0x00000000800060c2 (0x30200073) c768_mstatus 0x8000000a00106080
core   0: 0x0000000080004852 (0x40be5cbb) sraw    s9, t3, a1
core   0: 1 0x0000000080004852 (0x40be5cbb) x25 0x0000000000000000
core   0: 0x0000000080004856 (0x0069f233) and     tp, s3, t1
core   0: 1 0x0000000080004856 (0x0069f233) x4  0x0000000000000000
core   0: 0x000000008000485a (0x00089a13) slli    s4, a7, 0
core   0: 1 0x000000008000485a (0x00089a13) x20 0x0000000000000008
core   0: 0x000000008000485e (0xd238f1d3) fcvt.d.lu ft3, a7
core   0: 1 0x000000008000485e (0xd238f1d3) f3  0x4020000000000000
core   0: 0x0000000080004862 (0x310d37f3) csrrc   a5, mstatush, s10
core   0: exception trap_illegal_instruction, epc 0x0000000080004862
core   0:           tval 0x00000000310d37f3
core   0: >>>>  $xrv64i2p1_m2p0_a2p1_f2p2_d2p2_zicsr2p0_zifencei2p0_zmmul1p0_zba1p0_zbb1p0_zbc1p0_zbs1p0
core   0: 0x0000000080004000 (0x0080006f) j       pc + 0x8
core   0: 3 0x0000000080004000 (0x0080006f)
core   0: >>>>  mmode_exception_handler
core   0: 0x0000000080004008 (0x00002c17) auipc   s8, 0x2
core   0: 3 0x0000000080004008 (0x00002c17) x24 0x0000000080006008
core   0: 0x000000008000400c (0x080c0c13) addi    s8, s8, 128
core   0: 3 0x000000008000400c (0x080c0c13) x24 0x0000000080006088
core   0: 0x0000000080004010 (0x000c00e7) jalr    s8
core   0: 3 0x0000000080004010 (0x000c00e7) x1  0x0000000080004014
core   0: >>>>  any_handler
core   0: 0x0000000080006088 (0x341027f3) csrrs   a5, mepc, zero
core   0: 3 0x0000000080006088 (0x341027f3) x15 0x0000000080004862
core   0: 0x000000008000608c (0x34202773) csrrs   a4, mcause, zero
core   0: 3 0x000000008000608c (0x34202773) x14 0x0000000000000002
core   0: 0x0000000080006090 (0x142026f3) csrrs   a3, scause, zero
core   0: 3 0x0000000080006090 (0x142026f3) x13 0x0000000000000000
core   0: 0x0000000080006094 (0x30402673) csrrs   a2, mie, zero
core   0: 3 0x0000000080006094 (0x30402673) x12 0x0000000000000a00
core   0: 0x0000000080006098 (0x344025f3) csrrs   a1, mip, zero
core   0: 3 0x0000000080006098 (0x344025f3) x11 0x0000000000000080
core   0: 0x000000008000609c (0x343025f3) csrrs   a1, mtval, zero
core   0: 3 0x000000008000609c (0x343025f3) x11 0x00000000310d37f3
core   0: 0x00000000800060a0 (0x14302573) csrrs   a0, stval, zero
core   0: 3 0x00000000800060a0 (0x14302573) x10 0x0000000000000000
core   0: 0x00000000800060a4 (0xb02024f3) csrrs   s1, minstret, zero
core   0: 3 0x00000000800060a4 (0xb02024f3) x9  0x0000000000000a99
core   0: 0x00000000800060a8 (0x0000a811) c.j     pc + 20
core   0: 3 0x00000000800060a8 (0xa811)
core   0: >>>>  mepc_4
core   0: 0x00000000800060bc (0x00000791) c.addi  a5, 4
core   0: 3 0x00000000800060bc (0x0791) x15 0x0000000080004866
core   0: 0x00000000800060be (0x34179073) csrrw   zero, mepc, a5
core   0: 3 0x00000000800060be (0x34179073) c833_mepc 0x0000000080004866
core   0: 0x00000000800060c2 (0x30200073) mret
core   0: 3 0x00000000800060c2 (0x30200073) c768_mstatus 0x8000000a00106080
core   0: 0x0000000080004866 (0x43f6dd93) srai    s11, a3, 63
core   0: 1 0x0000000080004866 (0x43f6dd93) x27 0x0000000000000000
core   0: 0x000000008000486a (0x5a00fd53) fsqrt.d fs10, ft1
core   0: 1 0x000000008000486a (0x5a00fd53) f26 0x7ff8000000000000
core   0: 0x000000008000486e (0x016e97bb) sllw    a5, t4, s6
core   0: 1 0x000000008000486e (0x016e97bb) x15 0x0000000000000000
core   0: 0x0000000080004872 (0xfa845237) lui     tp, 0xfa845
core   0: 1 0x0000000080004872 (0xfa845237) x4  0xfffffffffa845000
core   0: 0x0000000080004876 (0xedd2021b) addiw   tp, tp, -291
core   0: 1 0x0000000080004876 (0xedd2021b) x4  0xfffffffffa844edd
core   0: 0x000000008000487a (0x00000232) c.slli  tp, 12
core   0: 1 0x000000008000487a (0x0232) x4  0xffffffa844edd000
core   0: 0x000000008000487c (0x0a820213) addi    tp, tp, 168
core   0: 1 0x000000008000487c (0x0a820213) x4  0xffffffa844edd0a8
core   0: 0x0000000080004880 (0xc03d7cd3) fcvt.lu.s s9, fs10
core   0: 1 0x0000000080004880 (0xc03d7cd3) c1_fflags 0x0000000000000011 x25 0xffffffffffffffff
core   0: 0x0000000080004884 (0x2b318953) fmin.d  fs2, ft3, fs3
core   0: 1 0x0000000080004884 (0x2b318953) f18 0x0000000000000000
core   0: 0x0000000080004888 (0x5a0f78d3) fsqrt.d fa7, ft10
core   0: 1 0x0000000080004888 (0x5a0f78d3) f17 0x7ff8000000000000
core   0: 0x000000008000488c (0x2b089ed3) fmax.d  ft9, fa7, fa6
core   0: 1 0x000000008000488c (0x2b089ed3) f29 0x7ff8000000000000
core   0: 0x0000000080004890 (0xc23efdd3) fcvt.lu.d s11, ft9
core   0: 1 0x0000000080004890 (0xc23efdd3) c1_fflags 0x0000000000000011 x27 0xffffffffffffffff
core   0: 0x0000000080004894 (0xd23dfa53) fcvt.d.lu fs4, s11
core   0: 1 0x0000000080004894 (0xd23dfa53) c1_fflags 0x0000000000000011 f20 0x43f0000000000000
core   0: 0x0000000080004898 (0x43fc5713) srai    a4, s8, 63
core   0: 1 0x0000000080004898 (0x43fc5713) x14 0x0000000000000000
core   0: 0x000000008000489c (0x002612f3) csrrw   t0, frm, a2
core   0: 1 0x000000008000489c (0x002612f3) x5  0x0000000000000000 c2_frm 0x0000000000000000
core   0: 0x00000000800048a0 (0x00e5e833) or      a6, a1, a4
core   0: 1 0x00000000800048a0 (0x00e5e833) x16 0x00000000310d37f3
core   0: 0x00000000800048a4 (0x023a73bb) remuw   t2, s4, gp
core   0: 1 0x00000000800048a4 (0x023a73bb) x7  0x0000000000000008
core   0: 0x00000000800048a8 (0xd20401d3) fcvt.d.w ft3, s0
core   0: 1 0x00000000800048a8 (0xd20401d3) f3  0x0000000000000000
core   0: 0x00000000800048ac (0x00069213) slli    tp, a3, 0
core   0: 1 0x00000000800048ac (0x00069213) x4  0x0000000000000000
core   0: 0x00000000800048b0 (0x41d25733) sra     a4, tp, t4
core   0: 1 0x00000000800048b0 (0x41d25733) x14 0x0000000000000000
core   0: 0x00000000800048b4 (0x01a16d33) or      s10, sp, s10
core   0: 1 0x00000000800048b4 (0x01a16d33) x26 0xffffffffffffee00
core   0: 0x00000000800048b8 (0x00000001) c.nop
core   0: 1 0x00000000800048b8 (0x0001)
core   0: 0x00000000800048ba (0x023031b3) mulhu   gp, zero, gp
core   0: 1 0x00000000800048ba (0x023031b3) x3  0x0000000000000000
core   0: 0x00000000800048be (0x004e5e3b) srlw    t3, t3, tp
core   0: 1 0x00000000800048be (0x004e5e3b) x28 0x0000000000000000
core   0: 0x00000000800048c2 (0x0a50041b) addiw   s0, zero, 165
core   0: 1 0x00000000800048c2 (0x0a50041b) x8  0x00000000000000a5
core   0: 0x00000000800048c6 (0x00219773) csrrw   a4, frm, gp
core   0: 1 0x00000000800048c6 (0x00219773) x14 0x0000000000000000 c2_frm 0x0000000000000000
core   0: 0x00000000800048ca (0x0ff0000f) fence   iorw,iorw
core   0: 1 0x00000000800048ca (0x0ff0000f)
core   0: 0x00000000800048ce (0x0b4777d3) fsub.d  fa5, fa4, fs4
core   0: 1 0x00000000800048ce (0x0b4777d3) f15 0x7ff8000000000000
core   0: 0x00000000800048d2 (0x6fdc6237) lui     tp, 0x6fdc6
core   0: 1 0x00000000800048d2 (0x6fdc6237) x4  0x000000006fdc6000
core   0: 0x00000000800048d6 (0x0010fe13) andi    t3, ra, 1
core   0: 1 0x00000000800048d6 (0x0010fe13) x28 0x0000000000000000
core   0: 0x00000000800048da (0x41ce5d9b) sraiw   s11, t3, 28
core   0: 1 0x00000000800048da (0x41ce5d9b) x27 0x0000000000000000
core   0: 0x00000000800048de (0xc20a7dd3) fcvt.w.d s11, fs4
core   0: 1 0x00000000800048de (0xc20a7dd3) c1_fflags 0x0000000000000011 x27 0x000000007fffffff
core   0: 0x00000000800048e2 (0x1017f393) andi    t2, a5, 257
core   0: 1 0x00000000800048e2 (0x1017f393) x7  0x0000000000000000
core   0: 0x00000000800048e6 (0xfdbfb6b7) lui     a3, 0xfdbfb
core   0: 1 0x00000000800048e6 (0xfdbfb6b7) x13 0xfffffffffdbfb000
core   0: 0x00000000800048ea (0xe756869b) addiw   a3, a3, -395
core   0: 1 0x00000000800048ea (0xe756869b) x13 0xfffffffffdbfae75
core   0: 0x00000000800048ee (0x000006b2) c.slli  a3, 12
core   0: 1 0x00000000800048ee (0x06b2) x13 0xffffffdbfae75000
core   0: 0x00000000800048f0 (0xcf868693) addi    a3, a3, -776
core   0: 1 0x00000000800048f0 (0xcf868693) x13 0xffffffdbfae74cf8
core   0: 0x00000000800048f4 (0x01b6a4b3) slt     s1, a3, s11
core   0: 1 0x00000000800048f4 (0x01b6a4b3) x9  0x0000000000000001
core   0: 0x00000000800048f8 (0x00f4943b) sllw    s0, s1, a5
core   0: 1 0x00000000800048f8 (0x00f4943b) x8  0x0000000000000001
core   0: 0x00000000800048fc (0x00fa17b3) sll     a5, s4, a5
core   0: 1 0x00000000800048fc (0x00fa17b3) x15 0x0000000000000008
core   0: 0x0000000080004900 (0x5af1fc4f) fnmadd.d fs8, ft3, fa5, fa1
core   0: 1 0x0000000080004900 (0x5af1fc4f) f24 0x7ff8000000000000
core   0: 0x0000000080004904 (0x00000001) c.nop
core   0: 1 0x0000000080004904 (0x0001)
core   0: 0x0000000080004906 (0x1b247353) fdiv.d  ft6, fs0, fs2
core   0: 1 0x0000000080004906 (0x1b247353) f6  0x7ff8000000000000
core   0: 0x000000008000490a (0x000097d6) c.add   a5, s5
core   0: 1 0x000000008000490a (0x97d6) x15 0x0000000000000007
core   0: 0x000000008000490c (0xd2100753) fcvt.d.wu fa4, zero
core   0: 1 0x000000008000490c (0xd2100753) f14 0x0000000000000000
core   0: 0x0000000080004910 (0xd037fb53) fcvt.s.lu fs6, a5
core   0: 1 0x0000000080004910 (0xd037fb53) f22 0xffffffff40e00000
core   0: 0x0000000080004914 (0x00000001) c.nop
core   0: 1 0x0000000080004914 (0x0001)
core   0: 0x0000000080004916 (0x236199d3) fsgnjn.d fs3, ft3, fs6
core   0: 1 0x0000000080004916 (0x236199d3) f19 0x0000000000000000
core   0: 0x000000008000491a (0x233ba153) fsgnjx.d ft2, fs7, fs3
core   0: 1 0x000000008000491a (0x233ba153) f2  0x7ff8000000000000
core   0: 0x000000008000491e (0x02b56533) rem     a0, a0, a1
core   0: 1 0x000000008000491e (0x02b56533) x10 0x0000000000000000
core   0: 0x0000000080004922 (0xd227f8d3) fcvt.d.l fa7, a5
core   0: 1 0x0000000080004922 (0xd227f8d3) f17 0x401c000000000000
core   0: 0x0000000080004926 (0xf20505d3) fmv.d.x fa1, a0
core   0: 1 0x0000000080004926 (0xf20505d3) f11 0x0000000000000000
core   0: 0x000000008000492a (0x22b897d3) fsgnjn.d fa5, fa7, fa1
core   0: 1 0x000000008000492a (0x22b897d3) f15 0xc01c000000000000
core   0: 0x000000008000492e (0x40cbdbb3) sra     s7, s7, a2
core   0: 1 0x000000008000492e (0x40cbdbb3) x23 0xffffffffffffffff
core   0: 0x0000000080004932 (0x034e08bb) mulw    a7, t3, s4
core   0: 1 0x0000000080004932 (0x034e08bb) x17 0x0000000000000000
core   0: 0x0000000080004936 (0x400a5a1b) sraiw   s4, s4, 0
core   0: 1 0x0000000080004936 (0x400a5a1b) x20 0x0000000000000008
core   0: 0x000000008000493a (0x00b2d5b3) srl     a1, t0, a1
core   0: 1 0x000000008000493a (0x00b2d5b3) x11 0x0000000000000000
core   0: 0x000000008000493e (0x0252adb3) mulhsu  s11, t0, t0
core   0: 1 0x000000008000493e (0x0252adb3) x27 0x0000000000000000
core   0: 0x0000000080004942 (0xc205fe53) fcvt.w.d t3, fa1
core   0: 1 0x0000000080004942 (0xc205fe53) x28 0x0000000000000000
core   0: 0x0000000080004946 (0x01708d3b) addw    s10, ra, s7
core   0: 1 0x0000000080004946 (0x01708d3b) x26 0xffffffff80004013
core   0: 0x000000008000494a (0x4197dcb3) sra     s9, a5, s9
core   0: 1 0x000000008000494a (0x4197dcb3) x25 0x0000000000000000
core   0: 0x000000008000494e (0x0ab7ff53) fsub.d  ft10, fa5, fa1
core   0: 1 0x000000008000494e (0x0ab7ff53) f30 0xc01c000000000000
core   0: 0x0000000080004952 (0x40157d53) fcvt.s.d fs10, fa0
core   0: 1 0x0000000080004952 (0x40157d53) f26 0xffffffff7fc00000
core   0: 0x0000000080004956 (0x001e19f3) csrrw   s3, fflags, t3
core   0: 1 0x0000000080004956 (0x001e19f3) x19 0x0000000000000011 c1_fflags 0x0000000000000000
core   0: 0x000000008000495a (0xf5db9197) auipc   gp, 0xf5db9
core   0: 1 0x000000008000495a (0xf5db9197) x3  0x0000000075dbd95a
core   0: 0x000000008000495e (0x1ae87853) fdiv.d  fa6, fa6, fa4
core   0: 1 0x000000008000495e (0x1ae87853) f16 0x7ff8000000000000
core   0: 0x0000000080004962 (0x409ed03b) sraw    zero, t4, s1
core   0: 1 0x0000000080004962 (0x409ed03b)
core   0: 0x0000000080004966 (0x015dd433) srl     s0, s11, s5
core   0: 1 0x0000000080004966 (0x015dd433) x8  0x0000000000000000
core   0: 0x000000008000496a (0x01d7feb3) and     t4, a5, t4
core   0: 1 0x000000008000496a (0x01d7feb3) x29 0x0000000000000000
core   0: 0x000000008000496e (0x02b01093) slli    ra, zero, 43
core   0: 1 0x000000008000496e (0x02b01093) x1  0x0000000000000000
core   0: 0x0000000080004972 (0x030a7653) fadd.d  fa2, fs4, fa6
core   0: 1 0x0000000080004972 (0x030a7653) f12 0x7ff8000000000000
core   0: 0x0000000080004976 (0x026ccb33) div     s6, s9, t1
core   0: 1 0x0000000080004976 (0x026ccb33) x22 0x0000000000000000
core   0: 0x000000008000497a (0x00f6a4b3) slt     s1, a3, a5
core   0: 1 0x000000008000497a (0x00f6a4b3) x9  0x0000000000000001
core   0: 0x000000008000497e (0xdb10ff4f) fnmadd.d ft10, ft1, fa7, fs11
core   0: 1 0x000000008000497e (0xdb10ff4f) f30 0x7ff8000000000000
core   0: 0x0000000080004982 (0x401d0633) sub     a2, s10, ra
core   0: 1 0x0000000080004982 (0x401d0633) x12 0xffffffff80004013
core   0: 0x0000000080004986 (0x8bf07143) fmadd.d ft2, ft0, ft11, fa7
core   0: 1 0x0000000080004986 (0x8bf07143) f2  0x7ff8000000000000
core   0: 0x000000008000498a (0x2a5b85d3) fmin.d  fa1, fs7, ft5
core   0: 1 0x000000008000498a (0x2a5b85d3) f11 0x0000000000000000
core   0: 0x000000008000498e (0x507b089b) addiw   a7, s6, 1287
core   0: 1 0x000000008000498e (0x507b089b) x17 0x0000000000000507
core   0: 0x0000000080004992 (0x42020cd3) fcvt.d.s fs9, ft4
core   0: 1 0x0000000080004992 (0x42020cd3) f25 0x41e0000800000000
core   0: 0x0000000080004996 (0x018112b3) sll     t0, sp, s8
core   0: 1 0x0000000080004996 (0x018112b3) x5  0xffffffffffee0000
core   0: 0x000000008000499a (0x031e0e3b) mulw    t3, t3, a7
core   0: 1 0x000000008000499a (0x031e0e3b) x28 0x0000000000000000
core   0: 0x000000008000499e (0xc20b7ed3) fcvt.w.d t4, fs6
core   0: 1 0x000000008000499e (0xc20b7ed3) c1_fflags 0x0000000000000010 x29 0x000000007fffffff
core   0: 0x00000000800049a2 (0xd232f753) fcvt.d.lu fa4, t0
core   0: 1 0x00000000800049a2 (0xd232f753) f14 0x43effffffffffdc0
core   0: 0x00000000800049a6 (0x01c45abb) srlw    s5, s0, t3
core   0: 1 0x00000000800049a6 (0x01c45abb) x21 0x0000000000000000
core   0: 0x00000000800049aa (0x004a073b) addw    a4, s4, tp
core   0: 1 0x00000000800049aa (0x004a073b) x14 0x000000006fdc6008
core   0: 0x00000000800049ae (0x1a7bf6d3) fdiv.d  fa3, fs7, ft7
core   0: 1 0x00000000800049ae (0x1a7bf6d3) f13 0x7ff8000000000000
core   0: 0x00000000800049b2 (0x00276133) or      sp, a4, sp
core   0: 1 0x00000000800049b2 (0x00276133) x2  0xffffffffffffee08
core   0: 0x00000000800049b6 (0x0ff0000f) fence   iorw,iorw
core   0: 1 0x00000000800049b6 (0x0ff0000f)
core   0: 0x00000000800049ba (0x3bc3f543) fmadd.d fa0, ft7, ft8, ft7
core   0: 1 0x00000000800049ba (0x3bc3f543) f10 0x7ff8000000000000
core   0: 0x00000000800049be (0x42000853) fcvt.d.s fa6, ft0
core   0: 1 0x00000000800049be (0x42000853) f16 0x7ff8000000000000
core   0: 0x00000000800049c2 (0x0000864d) c.srai  a2, 19
core   0: 1 0x00000000800049c2 (0x864d) x12 0xfffffffffffff000
core   0: 0x00000000800049c4 (0xc0217453) fcvt.l.s s0, ft2
core   0: 1 0x00000000800049c4 (0xc0217453) c1_fflags 0x0000000000000010 x8  0x7fffffffffffffff
core   0: 0x00000000800049c8 (0xfd683337) lui     t1, 0xfd683
core   0: 1 0x00000000800049c8 (0xfd683337) x6  0xfffffffffd683000
core   0: 0x00000000800049cc (0x121a7e53) fmul.d  ft8, fs4, ft1
core   0: 1 0x00000000800049cc (0x121a7e53) f28 0x7ff8000000000000
core   0: 0x00000000800049d0 (0x03b0adb3) mulhsu  s11, ra, s11
core   0: 1 0x00000000800049d0 (0x03b0adb3) x27 0x0000000000000000
core   0: 0x00000000800049d4 (0x400957b3) sra     a5, s2, zero
core   0: 1 0x00000000800049d4 (0x400957b3) x15 0x0000000000000000
core   0: 0x00000000800049d8 (0x014e5e33) srl     t3, t3, s4
core   0: 1 0x00000000800049d8 (0x014e5e33) x28 0x0000000000000000
core   0: 0x00000000800049dc (0x01f4dc1b) srliw   s8, s1, 31
core   0: 1 0x00000000800049dc (0x01f4dc1b) x24 0x0000000000000000
core   0: 0x00000000800049e0 (0x931a72b7) lui     t0, 0x931a7
core   0: 1 0x00000000800049e0 (0x931a72b7) x5  0xffffffff931a7000
core   0: 0x00000000800049e4 (0x0a8b7453) fsub.d  fs0, fs6, fs0
core   0: 1 0x00000000800049e4 (0x0a8b7453) f8  0x7ff8000000000000
core   0: 0x00000000800049e8 (0x0002d03b) srlw    zero, t0, zero
core   0: 1 0x00000000800049e8 (0x0002d03b)
core   0: 0x00000000800049ec (0x31007573) csrrci  a0, mstatush, 0
core   0: exception trap_illegal_instruction, epc 0x00000000800049ec
core   0:           tval 0x0000000031007573
core   0: >>>>  $xrv64i2p1_m2p0_a2p1_f2p2_d2p2_zicsr2p0_zifencei2p0_zmmul1p0_zba1p0_zbb1p0_zbc1p0_zbs1p0
core   0: 0x0000000080004000 (0x0080006f) j       pc + 0x8
core   0: 3 0x0000000080004000 (0x0080006f)
core   0: >>>>  mmode_exception_handler
core   0: 0x0000000080004008 (0x00002c17) auipc   s8, 0x2
core   0: 3 0x0000000080004008 (0x00002c17) x24 0x0000000080006008
core   0: 0x000000008000400c (0x080c0c13) addi    s8, s8, 128
core   0: 3 0x000000008000400c (0x080c0c13) x24 0x0000000080006088
core   0: 0x0000000080004010 (0x000c00e7) jalr    s8
core   0: 3 0x0000000080004010 (0x000c00e7) x1  0x0000000080004014
core   0: >>>>  any_handler
core   0: 0x0000000080006088 (0x341027f3) csrrs   a5, mepc, zero
core   0: 3 0x0000000080006088 (0x341027f3) x15 0x00000000800049ec
core   0: 0x000000008000608c (0x34202773) csrrs   a4, mcause, zero
core   0: 3 0x000000008000608c (0x34202773) x14 0x0000000000000002
core   0: 0x0000000080006090 (0x142026f3) csrrs   a3, scause, zero
core   0: 3 0x0000000080006090 (0x142026f3) x13 0x0000000000000000
core   0: 0x0000000080006094 (0x30402673) csrrs   a2, mie, zero
core   0: 3 0x0000000080006094 (0x30402673) x12 0x0000000000000a00
core   0: 0x0000000080006098 (0x344025f3) csrrs   a1, mip, zero
core   0: 3 0x0000000080006098 (0x344025f3) x11 0x0000000000000080
core   0: 0x000000008000609c (0x343025f3) csrrs   a1, mtval, zero
core   0: 3 0x000000008000609c (0x343025f3) x11 0x0000000031007573
core   0: 0x00000000800060a0 (0x14302573) csrrs   a0, stval, zero
core   0: 3 0x00000000800060a0 (0x14302573) x10 0x0000000000000000
core   0: 0x00000000800060a4 (0xb02024f3) csrrs   s1, minstret, zero
core   0: 3 0x00000000800060a4 (0xb02024f3) x9  0x0000000000000b0e
core   0: 0x00000000800060a8 (0x0000a811) c.j     pc + 20
core   0: 3 0x00000000800060a8 (0xa811)
core   0: >>>>  mepc_4
core   0: 0x00000000800060bc (0x00000791) c.addi  a5, 4
core   0: 3 0x00000000800060bc (0x0791) x15 0x00000000800049f0
core   0: 0x00000000800060be (0x34179073) csrrw   zero, mepc, a5
core   0: 3 0x00000000800060be (0x34179073) c833_mepc 0x00000000800049f0
core   0: 0x00000000800060c2 (0x30200073) mret
core   0: 3 0x00000000800060c2 (0x30200073) c768_mstatus 0x8000000a00106080
core   0: 0x00000000800049f0 (0x31ab3173) csrrc   sp, menvcfgh, s6
core   0: exception trap_illegal_instruction, epc 0x00000000800049f0
core   0:           tval 0x0000000031ab3173
core   0: >>>>  $xrv64i2p1_m2p0_a2p1_f2p2_d2p2_zicsr2p0_zifencei2p0_zmmul1p0_zba1p0_zbb1p0_zbc1p0_zbs1p0
core   0: 0x0000000080004000 (0x0080006f) j       pc + 0x8
core   0: 3 0x0000000080004000 (0x0080006f)
core   0: >>>>  mmode_exception_handler
core   0: 0x0000000080004008 (0x00002c17) auipc   s8, 0x2
core   0: 3 0x0000000080004008 (0x00002c17) x24 0x0000000080006008
core   0: 0x000000008000400c (0x080c0c13) addi    s8, s8, 128
core   0: 3 0x000000008000400c (0x080c0c13) x24 0x0000000080006088
core   0: 0x0000000080004010 (0x000c00e7) jalr    s8
core   0: 3 0x0000000080004010 (0x000c00e7) x1  0x0000000080004014
core   0: >>>>  any_handler
core   0: 0x0000000080006088 (0x341027f3) csrrs   a5, mepc, zero
core   0: 3 0x0000000080006088 (0x341027f3) x15 0x00000000800049f0
core   0: 0x000000008000608c (0x34202773) csrrs   a4, mcause, zero
core   0: 3 0x000000008000608c (0x34202773) x14 0x0000000000000002
core   0: 0x0000000080006090 (0x142026f3) csrrs   a3, scause, zero
core   0: 3 0x0000000080006090 (0x142026f3) x13 0x0000000000000000
core   0: 0x0000000080006094 (0x30402673) csrrs   a2, mie, zero
core   0: 3 0x0000000080006094 (0x30402673) x12 0x0000000000000a00
core   0: 0x0000000080006098 (0x344025f3) csrrs   a1, mip, zero
core   0: 3 0x0000000080006098 (0x344025f3) x11 0x0000000000000080
core   0: 0x000000008000609c (0x343025f3) csrrs   a1, mtval, zero
core   0: 3 0x000000008000609c (0x343025f3) x11 0x0000000031ab3173
core   0: 0x00000000800060a0 (0x14302573) csrrs   a0, stval, zero
core   0: 3 0x00000000800060a0 (0x14302573) x10 0x0000000000000000
core   0: 0x00000000800060a4 (0xb02024f3) csrrs   s1, minstret, zero
core   0: 3 0x00000000800060a4 (0xb02024f3) x9  0x0000000000000b1e
core   0: 0x00000000800060a8 (0x0000a811) c.j     pc + 20
core   0: 3 0x00000000800060a8 (0xa811)
core   0: >>>>  mepc_4
core   0: 0x00000000800060bc (0x00000791) c.addi  a5, 4
core   0: 3 0x00000000800060bc (0x0791) x15 0x00000000800049f4
core   0: 0x00000000800060be (0x34179073) csrrw   zero, mepc, a5
core   0: 3 0x00000000800060be (0x34179073) c833_mepc 0x00000000800049f4
core   0: 0x00000000800060c2 (0x30200073) mret
core   0: 3 0x00000000800060c2 (0x30200073) c768_mstatus 0x8000000a00106080
core   0: 0x00000000800049f4 (0x00026e13) ori     t3, tp, 0
core   0: 1 0x00000000800049f4 (0x00026e13) x28 0x000000006fdc6000
core   0: 0x00000000800049f8 (0x00009a46) c.add   s4, a7
core   0: 1 0x00000000800049f8 (0x9a46) x20 0x000000000000050f
core   0: 0x00000000800049fa (0x800a8a9b) addiw   s5, s5, -2048
core   0: 1 0x00000000800049fa (0x800a8a9b) x21 0xfffffffffffff800
core   0: 0x00000000800049fe (0x01ca90bb) sllw    ra, s5, t3
core   0: 1 0x00000000800049fe (0x01ca90bb) x1  0xfffffffffffff800
core   0: 0x0000000080004a02 (0x2386abd3) fsgnjx.d fs7, fa3, fs8
core   0: 1 0x0000000080004a02 (0x2386abd3) f23 0x7ff8000000000000
core   0: 0x0000000080004a06 (0x0350e23b) remw    tp, ra, s5
core   0: 1 0x0000000080004a06 (0x0350e23b) x4  0x0000000000000000
core   0: 0x0000000080004a0a (0x9e58fe13) andi    t3, a7, -1563
core   0: 1 0x0000000080004a0a (0x9e58fe13) x28 0x0000000000000105
core   0: 0x0000000080004a0e (0x00202b73) csrrs   s6, frm, zero
core   0: 1 0x0000000080004a0e (0x00202b73) x22 0x0000000000000000
core   0: 0x0000000080004a12 (0xc03bf353) fcvt.lu.s t1, fs7
core   0: 1 0x0000000080004a12 (0xc03bf353) c1_fflags 0x0000000000000010 x6  0xffffffffffffffff
core   0: 0x0000000080004a16 (0x03a813b3) mulh    t2, a6, s10
core   0: 1 0x0000000080004a16 (0x03a813b3) x7  0xffffffffffffffff
core   0: 0x0000000080004a1a (0x5a007ad3) fsqrt.d fs5, ft0
core   0: 1 0x0000000080004a1a (0x5a007ad3) f21 0x7ff8000000000000
core   0: 0x0000000080004a1e (0x419b83bb) subw    t2, s7, s9
core   0: 1 0x0000000080004a1e (0x419b83bb) x7  0xffffffffffffffff
core   0: 0x0000000080004a22 (0x41980a3b) subw    s4, a6, s9
core   0: 1 0x0000000080004a22 (0x41980a3b) x20 0x00000000310d37f3
core   0: 0x0000000080004a26 (0xc6396893) ori     a7, s2, -925
core   0: 1 0x0000000080004a26 (0xc6396893) x17 0xfffffffffffffc63
core   0: 0x0000000080004a2a (0x000e1013) slli    zero, t3, 0
core   0: 1 0x0000000080004a2a (0x000e1013)
core   0: 0x0000000080004a2e (0x2b7c0dd3) fmin.d  fs11, fs8, fs7
core   0: 1 0x0000000080004a2e (0x2b7c0dd3) f27 0x7ff8000000000000
core   0: 0x0000000080004a32 (0x0096c5b3) xor     a1, a3, s1
core   0: 1 0x0000000080004a32 (0x0096c5b3) x11 0x0000000000000b1e
core   0: 0x0000000080004a36 (0x0a8974d3) fsub.d  fs1, fs2, fs0
core   0: 1 0x0000000080004a36 (0x0a8974d3) f9  0x7ff8000000000000
core   0: 0x0000000080004a3a (0x31a25c73) csrrwi  s8, menvcfgh, 4
core   0: exception trap_illegal_instruction, epc 0x0000000080004a3a
core   0:           tval 0x0000000031a25c73
core   0: >>>>  $xrv64i2p1_m2p0_a2p1_f2p2_d2p2_zicsr2p0_zifencei2p0_zmmul1p0_zba1p0_zbb1p0_zbc1p0_zbs1p0
core   0: 0x0000000080004000 (0x0080006f) j       pc + 0x8
core   0: 3 0x0000000080004000 (0x0080006f)
core   0: >>>>  mmode_exception_handler
core   0: 0x0000000080004008 (0x00002c17) auipc   s8, 0x2
core   0: 3 0x0000000080004008 (0x00002c17) x24 0x0000000080006008
core   0: 0x000000008000400c (0x080c0c13) addi    s8, s8, 128
core   0: 3 0x000000008000400c (0x080c0c13) x24 0x0000000080006088
core   0: 0x0000000080004010 (0x000c00e7) jalr    s8
core   0: 3 0x0000000080004010 (0x000c00e7) x1  0x0000000080004014
core   0: >>>>  any_handler
core   0: 0x0000000080006088 (0x341027f3) csrrs   a5, mepc, zero
core   0: 3 0x0000000080006088 (0x341027f3) x15 0x0000000080004a3a
core   0: 0x000000008000608c (0x34202773) csrrs   a4, mcause, zero
core   0: 3 0x000000008000608c (0x34202773) x14 0x0000000000000002
core   0: 0x0000000080006090 (0x142026f3) csrrs   a3, scause, zero
core   0: 3 0x0000000080006090 (0x142026f3) x13 0x0000000000000000
core   0: 0x0000000080006094 (0x30402673) csrrs   a2, mie, zero
core   0: 3 0x0000000080006094 (0x30402673) x12 0x0000000000000a00
core   0: 0x0000000080006098 (0x344025f3) csrrs   a1, mip, zero
core   0: 3 0x0000000080006098 (0x344025f3) x11 0x0000000000000080
core   0: 0x000000008000609c (0x343025f3) csrrs   a1, mtval, zero
core   0: 3 0x000000008000609c (0x343025f3) x11 0x0000000031a25c73
core   0: 0x00000000800060a0 (0x14302573) csrrs   a0, stval, zero
core   0: 3 0x00000000800060a0 (0x14302573) x10 0x0000000000000000
core   0: 0x00000000800060a4 (0xb02024f3) csrrs   s1, minstret, zero
core   0: 3 0x00000000800060a4 (0xb02024f3) x9  0x0000000000000b40
core   0: 0x00000000800060a8 (0x0000a811) c.j     pc + 20
core   0: 3 0x00000000800060a8 (0xa811)
core   0: >>>>  mepc_4
core   0: 0x00000000800060bc (0x00000791) c.addi  a5, 4
core   0: 3 0x00000000800060bc (0x0791) x15 0x0000000080004a3e
core   0: 0x00000000800060be (0x34179073) csrrw   zero, mepc, a5
core   0: 3 0x00000000800060be (0x34179073) c833_mepc 0x0000000080004a3e
core   0: 0x00000000800060c2 (0x30200073) mret
core   0: 3 0x00000000800060c2 (0x30200073) c768_mstatus 0x8000000a00106080
core   0: 0x0000000080004a3e (0x4018f8d3) fcvt.s.d fa7, fa7
core   0: 1 0x0000000080004a3e (0x4018f8d3) f17 0xffffffff40e00000
core   0: 0x0000000080004a42 (0x22150853) fsgnj.d fa6, fa0, ft1
core   0: 1 0x0000000080004a42 (0x22150853) f16 0xfff8000000000000
core   0: 0x0000000080004a46 (0xb1b0c313) xori    t1, ra, -1253
core   0: 1 0x0000000080004a46 (0xb1b0c313) x6  0xffffffff7fffbb0f
core   0: 0x0000000080004a4a (0x613c7c93) andi    s9, s8, 1555
core   0: 1 0x0000000080004a4a (0x613c7c93) x25 0x0000000000000000
core   0: 0x0000000080004a4e (0xf1335bf3) csrrwi  s7, mimpid, 6
core   0: exception trap_illegal_instruction, epc 0x0000000080004a4e
core   0:           tval 0x00000000f1335bf3
core   0: >>>>  $xrv64i2p1_m2p0_a2p1_f2p2_d2p2_zicsr2p0_zifencei2p0_zmmul1p0_zba1p0_zbb1p0_zbc1p0_zbs1p0
core   0: 0x0000000080004000 (0x0080006f) j       pc + 0x8
core   0: 3 0x0000000080004000 (0x0080006f)
core   0: >>>>  mmode_exception_handler
core   0: 0x0000000080004008 (0x00002c17) auipc   s8, 0x2
core   0: 3 0x0000000080004008 (0x00002c17) x24 0x0000000080006008
core   0: 0x000000008000400c (0x080c0c13) addi    s8, s8, 128
core   0: 3 0x000000008000400c (0x080c0c13) x24 0x0000000080006088
core   0: 0x0000000080004010 (0x000c00e7) jalr    s8
core   0: 3 0x0000000080004010 (0x000c00e7) x1  0x0000000080004014
core   0: >>>>  any_handler
core   0: 0x0000000080006088 (0x341027f3) csrrs   a5, mepc, zero
core   0: 3 0x0000000080006088 (0x341027f3) x15 0x0000000080004a4e
core   0: 0x000000008000608c (0x34202773) csrrs   a4, mcause, zero
core   0: 3 0x000000008000608c (0x34202773) x14 0x0000000000000002
core   0: 0x0000000080006090 (0x142026f3) csrrs   a3, scause, zero
core   0: 3 0x0000000080006090 (0x142026f3) x13 0x0000000000000000
core   0: 0x0000000080006094 (0x30402673) csrrs   a2, mie, zero
core   0: 3 0x0000000080006094 (0x30402673) x12 0x0000000000000a00
core   0: 0x0000000080006098 (0x344025f3) csrrs   a1, mip, zero
core   0: 3 0x0000000080006098 (0x344025f3) x11 0x0000000000000080
core   0: 0x000000008000609c (0x343025f3) csrrs   a1, mtval, zero
core   0: 3 0x000000008000609c (0x343025f3) x11 0x00000000f1335bf3
core   0: 0x00000000800060a0 (0x14302573) csrrs   a0, stval, zero
core   0: 3 0x00000000800060a0 (0x14302573) x10 0x0000000000000000
core   0: 0x00000000800060a4 (0xb02024f3) csrrs   s1, minstret, zero
core   0: 3 0x00000000800060a4 (0xb02024f3) x9  0x0000000000000b54
core   0: 0x00000000800060a8 (0x0000a811) c.j     pc + 20
core   0: 3 0x00000000800060a8 (0xa811)
core   0: >>>>  mepc_4
core   0: 0x00000000800060bc (0x00000791) c.addi  a5, 4
core   0: 3 0x00000000800060bc (0x0791) x15 0x0000000080004a52
core   0: 0x00000000800060be (0x34179073) csrrw   zero, mepc, a5
core   0: 3 0x00000000800060be (0x34179073) c833_mepc 0x0000000080004a52
core   0: 0x00000000800060c2 (0x30200073) mret
core   0: 3 0x00000000800060c2 (0x30200073) c768_mstatus 0x8000000a00106080
core   0: 0x0000000080004a52 (0x01725d3b) srlw    s10, tp, s7
core   0: 1 0x0000000080004a52 (0x01725d3b) x26 0x0000000000000000
core   0: 0x0000000080004a56 (0x1a567b53) fdiv.d  fs6, fa2, ft5
core   0: 1 0x0000000080004a56 (0x1a567b53) f22 0x7ff8000000000000
core   0: 0x0000000080004a5a (0x02dd5013) srli    zero, s10, 45
core   0: 1 0x0000000080004a5a (0x02dd5013)
core   0: 0x0000000080004a5e (0x0064d4bb) srlw    s1, s1, t1
core   0: 1 0x0000000080004a5e (0x0064d4bb) x9  0x0000000000000000
core   0: 0x0000000080004a62 (0x029b1133) mulh    sp, s6, s1
core   0: 1 0x0000000080004a62 (0x029b1133) x2  0x0000000000000000
core   0: 0x0000000080004a66 (0x42040453) fcvt.d.s fs0, fs0
core   0: 1 0x0000000080004a66 (0x42040453) f8  0x7ff8000000000000
core   0: 0x0000000080004a6a (0x2291a353) fsgnjx.d ft6, ft3, fs1
core   0: 1 0x0000000080004a6a (0x2291a353) f6  0x0000000000000000
core   0: 0x0000000080004a6e (0x5a0bfa53) fsqrt.d fs4, fs7
core   0: 1 0x0000000080004a6e (0x5a0bfa53) f20 0x7ff8000000000000
core   0: 0x0000000080004a72 (0x0256863b) mulw    a2, a3, t0
core   0: 1 0x0000000080004a72 (0x0256863b) x12 0x0000000000000000
core   0: 0x0000000080004a76 (0x028bc33b) divw    t1, s7, s0
core   0: 1 0x0000000080004a76 (0x028bc33b) x6  0x0000000000000001
core   0: 0x0000000080004a7a (0xd02cf353) fcvt.s.l ft6, s9
core   0: 1 0x0000000080004a7a (0xd02cf353) f6  0xffffffff00000000
core   0: 0x0000000080004a7e (0x00a15133) srl     sp, sp, a0
core   0: 1 0x0000000080004a7e (0x00a15133) x2  0x0000000000000000
core   0: 0x0000000080004a82 (0x039d5d13) srli    s10, s10, 57
core   0: 1 0x0000000080004a82 (0x039d5d13) x26 0x0000000000000000
core   0: 0x0000000080004a86 (0x01a6d0bb) srlw    ra, a3, s10
core   0: 1 0x0000000080004a86 (0x01a6d0bb) x1  0x0000000000000000
core   0: 0x0000000080004a8a (0x021ee733) rem     a4, t4, ra
core   0: 1 0x0000000080004a8a (0x021ee733) x14 0x000000007fffffff
core   0: 0x0000000080004a8e (0x00b3539b) srliw   t2, t1, 11
core   0: 1 0x0000000080004a8e (0x00b3539b) x7  0x0000000000000000
core   0: 0x0000000080004a92 (0xff7c8537) lui     a0, 0xff7c8
core   0: 1 0x0000000080004a92 (0xff7c8537) x10 0xffffffffff7c8000
core   0: 0x0000000080004a96 (0xf035051b) addiw   a0, a0, -253
core   0: 1 0x0000000080004a96 (0xf035051b) x10 0xffffffffff7c7f03
core   0: 0x0000000080004a9a (0x0000053e) c.slli  a0, 15
core   0: 1 0x0000000080004a9a (0x053e) x10 0xffffffbe3f818000
core   0: 0x0000000080004a9c (0xf3a50513) addi    a0, a0, -198
core   0: 1 0x0000000080004a9c (0xf3a50513) x10 0xffffffbe3f817f3a
core   0: 0x0000000080004aa0 (0x22741053) fsgnjn.d ft0, fs0, ft7
core   0: 1 0x0000000080004aa0 (0x22741053) f0  0xfff8000000000000
core   0: 0x0000000080004aa4 (0xf114e673) csrrsi  a2, mvendorid, 9
core   0: exception trap_illegal_instruction, epc 0x0000000080004aa4
core   0:           tval 0x00000000f114e673
core   0: >>>>  $xrv64i2p1_m2p0_a2p1_f2p2_d2p2_zicsr2p0_zifencei2p0_zmmul1p0_zba1p0_zbb1p0_zbc1p0_zbs1p0
core   0: 0x0000000080004000 (0x0080006f) j       pc + 0x8
core   0: 3 0x0000000080004000 (0x0080006f)
core   0: >>>>  mmode_exception_handler
core   0: 0x0000000080004008 (0x00002c17) auipc   s8, 0x2
core   0: 3 0x0000000080004008 (0x00002c17) x24 0x0000000080006008
core   0: 0x000000008000400c (0x080c0c13) addi    s8, s8, 128
core   0: 3 0x000000008000400c (0x080c0c13) x24 0x0000000080006088
core   0: 0x0000000080004010 (0x000c00e7) jalr    s8
core   0: 3 0x0000000080004010 (0x000c00e7) x1  0x0000000080004014
core   0: >>>>  any_handler
core   0: 0x0000000080006088 (0x341027f3) csrrs   a5, mepc, zero
core   0: 3 0x0000000080006088 (0x341027f3) x15 0x0000000080004aa4
core   0: 0x000000008000608c (0x34202773) csrrs   a4, mcause, zero
core   0: 3 0x000000008000608c (0x34202773) x14 0x0000000000000002
core   0: 0x0000000080006090 (0x142026f3) csrrs   a3, scause, zero
core   0: 3 0x0000000080006090 (0x142026f3) x13 0x0000000000000000
core   0: 0x0000000080006094 (0x30402673) csrrs   a2, mie, zero
core   0: 3 0x0000000080006094 (0x30402673) x12 0x0000000000000a00
core   0: 0x0000000080006098 (0x344025f3) csrrs   a1, mip, zero
core   0: 3 0x0000000080006098 (0x344025f3) x11 0x0000000000000080
core   0: 0x000000008000609c (0x343025f3) csrrs   a1, mtval, zero
core   0: 3 0x000000008000609c (0x343025f3) x11 0x00000000f114e673
core   0: 0x00000000800060a0 (0x14302573) csrrs   a0, stval, zero
core   0: 3 0x00000000800060a0 (0x14302573) x10 0x0000000000000000
core   0: 0x00000000800060a4 (0xb02024f3) csrrs   s1, minstret, zero
core   0: 3 0x00000000800060a4 (0xb02024f3) x9  0x0000000000000b79
core   0: 0x00000000800060a8 (0x0000a811) c.j     pc + 20
core   0: 3 0x00000000800060a8 (0xa811)
core   0: >>>>  mepc_4
core   0: 0x00000000800060bc (0x00000791) c.addi  a5, 4
core   0: 3 0x00000000800060bc (0x0791) x15 0x0000000080004aa8
core   0: 0x00000000800060be (0x34179073) csrrw   zero, mepc, a5
core   0: 3 0x00000000800060be (0x34179073) c833_mepc 0x0000000080004aa8
core   0: 0x00000000800060c2 (0x30200073) mret
core   0: 3 0x00000000800060c2 (0x30200073) c768_mstatus 0x8000000a00106080
core   0: 0x0000000080004aa8 (0x0260f0b3) remu    ra, ra, t1
core   0: 1 0x0000000080004aa8 (0x0260f0b3) x1  0x0000000000000000
core   0: 0x0000000080004aac (0x40cb8e3b) subw    t3, s7, a2
core   0: 1 0x0000000080004aac (0x40cb8e3b) x28 0xfffffffffffff5ff
core   0: 0x0000000080004ab0 (0x00000001) c.nop
core   0: 1 0x0000000080004ab0 (0x0001)
core   0: 0x0000000080004ab2 (0xeac592b7) lui     t0, 0xeac59
core   0: 1 0x0000000080004ab2 (0xeac592b7) x5  0xffffffffeac59000
core   0: 0x0000000080004ab6 (0x0225ceb3) div     t4, a1, sp
core   0: 1 0x0000000080004ab6 (0x0225ceb3) x29 0xffffffffffffffff
core   0: 0x0000000080004aba (0x800e8d9b) addiw   s11, t4, -2048
core   0: 1 0x0000000080004aba (0x800e8d9b) x27 0xfffffffffffff7ff
core   0: 0x0000000080004abe (0x003989bb) addw    s3, s3, gp
core   0: 1 0x0000000080004abe (0x003989bb) x19 0x0000000075dbd96b
core   0: 0x0000000080004ac2 (0xd2118d53) fcvt.d.wu fs10, gp
core   0: 1 0x0000000080004ac2 (0xd2118d53) f26 0x41dd76f656800000
core   0: 0x0000000080004ac6 (0x40b9d7b3) sra     a5, s3, a1
core   0: 1 0x0000000080004ac6 (0x40b9d7b3) x15 0x0000000000000000
core   0: 0x0000000080004aca (0x03f75c13) srli    s8, a4, 63
core   0: 1 0x0000000080004aca (0x03f75c13) x24 0x0000000000000000
core   0: 0x0000000080004ace (0x2167e193) ori     gp, a5, 534
core   0: 1 0x0000000080004ace (0x2167e193) x3  0x0000000000000216
core   0: 0x0000000080004ad2 (0x105459b7) lui     s3, 0x10545
core   0: 1 0x0000000080004ad2 (0x105459b7) x19 0x0000000010545000
core   0: 0x0000000080004ad6 (0x0015863b) addw    a2, a1, ra
core   0: 1 0x0000000080004ad6 (0x0015863b) x12 0xfffffffff114e673
core   0: 0x0000000080004ada (0xcab6f2cb) fnmsub.d ft5, fa3, fa1, fs9
core   0: 1 0x0000000080004ada (0xcab6f2cb) f5  0x7ff8000000000000
core   0: 0x0000000080004ade (0x0375bbb3) mulhu   s7, a1, s7
core   0: 1 0x0000000080004ade (0x0375bbb3) x23 0x00000000f114e672
core   0: 0x0000000080004ae2 (0x10531373) csrrw   t1, stvec, t1
core   0: 1 0x0000000080004ae2 (0x10531373) x6  0x0000000000000000 c261_stvec 0x0000000000000001
core   0: 0x0000000080004ae6 (0x02da0133) mul     sp, s4, a3
core   0: 1 0x0000000080004ae6 (0x02da0133) x2  0x0000000000000000
core   0: 0x0000000080004aea (0xc210f0d3) fcvt.wu.d ra, ft1
core   0: 1 0x0000000080004aea (0xc210f0d3) c1_fflags 0x0000000000000010 x1  0xffffffffffffffff
core   0: 0x0000000080004aee (0x4031513b) sraw    sp, sp, gp
core   0: 1 0x0000000080004aee (0x4031513b) x2  0x0000000000000000
core   0: 0x0000000080004af2 (0x001399f3) csrrw   s3, fflags, t2
core   0: 1 0x0000000080004af2 (0x001399f3) x19 0x0000000000000010 c1_fflags 0x0000000000000000
core   0: 0x0000000080004af6 (0xa44d0813) addi    a6, s10, -1468
core   0: 1 0x0000000080004af6 (0xa44d0813) x16 0xfffffffffffffa44
core   0: 0x0000000080004afa (0x2a1f8c53) fmin.d  fs8, ft11, ft1
core   0: 1 0x0000000080004afa (0x2a1f8c53) f24 0x43efffff96a59bc9
core   0: 0x0000000080004afe (0xc20c7cd3) fcvt.w.d s9, fs8
core   0: 1 0x0000000080004afe (0xc20c7cd3) c1_fflags 0x0000000000000010 x25 0x000000007fffffff
core   0: 0x0000000080004b02 (0x5b89cb93) xori    s7, s3, 1464
core   0: 1 0x0000000080004b02 (0x5b89cb93) x23 0x00000000000005a8
core   0: 0x0000000080004b06 (0x016b0b3b) addw    s6, s6, s6
core   0: 1 0x0000000080004b06 (0x016b0b3b) x22 0x0000000000000000
core   0: 0x0000000080004b0a (0xe20f89d3) fmv.x.d s3, ft11
core   0: 1 0x0000000080004b0a (0xe20f89d3) x19 0x43efffff96a59bc9
core   0: 0x0000000080004b0e (0x01799233) sll     tp, s3, s7
core   0: 1 0x0000000080004b0e (0x01799233) x4  0xa59bc90000000000
core   0: 0x0000000080004b12 (0xdfc9fd13) andi    s10, s3, -516
core   0: 1 0x0000000080004b12 (0xdfc9fd13) x26 0x43efffff96a599c8
core   0: 0x0000000080004b16 (0xd21e8453) fcvt.d.wu fs0, t4
core   0: 1 0x0000000080004b16 (0xd21e8453) f8  0x41efffffffe00000
core   0: 0x0000000080004b1a (0xf2d20e1b) addiw   t3, tp, -211
core   0: 1 0x0000000080004b1a (0xf2d20e1b) x28 0xffffffffffffff2d
core   0: 0x0000000080004b1e (0x4105d6b3) sra     a3, a1, a6
core   0: 1 0x0000000080004b1e (0x4105d6b3) x13 0x000000000f114e67
core   0: 0x0000000080004b22 (0x03de1b33) mulh    s6, t3, t4
core   0: 1 0x0000000080004b22 (0x03de1b33) x22 0x0000000000000000
core   0: 0x0000000080004b26 (0xd02974d3) fcvt.s.l fs1, s2
core   0: 1 0x0000000080004b26 (0xd02974d3) f9  0xffffffff00000000
core   0: 0x0000000080004b2a (0x12bdf6d3) fmul.d  fa3, fs11, fa1
core   0: 1 0x0000000080004b2a (0x12bdf6d3) f13 0x7ff8000000000000
core   0: 0x0000000080004b2e (0xc23c7153) fcvt.lu.d sp, fs8
core   0: 1 0x0000000080004b2e (0xc23c7153) x2  0xfffffcb52cde4800
core   0: 0x0000000080004b32 (0x004b1db3) sll     s11, s6, tp
core   0: 1 0x0000000080004b32 (0x004b1db3) x27 0x0000000000000000
core   0: 0x0000000080004b36 (0x4125d1b3) sra     gp, a1, s2
core   0: 1 0x0000000080004b36 (0x4125d1b3) x3  0x00000000f114e673
core   0: 0x0000000080004b3a (0x032a0a3b) mulw    s4, s4, s2
core   0: 1 0x0000000080004b3a (0x032a0a3b) x20 0x0000000000000000
core   0: 0x0000000080004b3e (0x03c0ee3b) remw    t3, ra, t3
core   0: 1 0x0000000080004b3e (0x03c0ee3b) x28 0xffffffffffffffff
core   0: 0x0000000080004b42 (0x03c2763b) remuw   a2, tp, t3
core   0: 1 0x0000000080004b42 (0x03c2763b) x12 0x0000000000000000
core   0: 0x0000000080004b46 (0x00008f31) c.xor   a4, a2
core   0: 1 0x0000000080004b46 (0x8f31) x14 0x0000000000000002
core   0: 0x0000000080004b48 (0xc21df053) fcvt.wu.d zero, fs11
core   0: 1 0x0000000080004b48 (0xc21df053) c1_fflags 0x0000000000000010
core   0: 0x0000000080004b4c (0xc21572d3) fcvt.wu.d t0, fa0
core   0: 1 0x0000000080004b4c (0xc21572d3) c1_fflags 0x0000000000000010 x5  0xffffffffffffffff
core   0: 0x0000000080004b50 (0x2a868a53) fmin.d  fs4, fa3, fs0
core   0: 1 0x0000000080004b50 (0x2a868a53) f20 0x41efffffffe00000
core   0: 0x0000000080004b54 (0x12097053) fmul.d  ft0, fs2, ft0
core   0: 1 0x0000000080004b54 (0x12097053) f0  0x7ff8000000000000
core   0: 0x0000000080004b58 (0x55178413) addi    s0, a5, 1361
core   0: 1 0x0000000080004b58 (0x55178413) x8  0x0000000000000551
core   0: 0x0000000080004b5c (0x0372fa33) remu    s4, t0, s7
core   0: 1 0x0000000080004b5c (0x0372fa33) x20 0x00000000000002ff
core   0: 0x0000000080004b60 (0x034bfebb) remuw   t4, s7, s4
core   0: 1 0x0000000080004b60 (0x034bfebb) x29 0x00000000000002a9
core   0: 0x0000000080004b64 (0xc2287353) fcvt.l.d t1, fa6
core   0: 1 0x0000000080004b64 (0xc2287353) c1_fflags 0x0000000000000010 x6  0x7fffffffffffffff
core   0: 0x0000000080004b68 (0x2ce78713) addi    a4, a5, 718
core   0: 1 0x0000000080004b68 (0x2ce78713) x14 0x00000000000002ce
core   0: 0x0000000080004b6c (0x0205f5b3) remu    a1, a1, zero
core   0: 1 0x0000000080004b6c (0x0205f5b3) x11 0x00000000f114e673
core   0: 0x0000000080004b70 (0x1201f8d3) fmul.d  fa7, ft3, ft0
core   0: 1 0x0000000080004b70 (0x1201f8d3) f17 0x7ff8000000000000
core   0: 0x0000000080004b74 (0xe2060dd3) fmv.x.d s11, fa2
core   0: 1 0x0000000080004b74 (0xe2060dd3) x27 0x7ff8000000000000
core   0: 0x0000000080004b78 (0x0597ceb7) lui     t4, 0x597c
core   0: 1 0x0000000080004b78 (0x0597ceb7) x29 0x000000000597c000
core   0: 0x0000000080004b7c (0x259e8e9b) addiw   t4, t4, 601
core   0: 1 0x0000000080004b7c (0x259e8e9b) x29 0x000000000597c259
core   0: 0x0000000080004b80 (0x00000eb2) c.slli  t4, 12
core   0: 1 0x0000000080004b80 (0x0eb2) x29 0x000000597c259000
core   0: 0x0000000080004b82 (0x666e8e93) addi    t4, t4, 1638
core   0: 1 0x0000000080004b82 (0x666e8e93) x29 0x000000597c259666
core   0: 0x0000000080004b86 (0xb83ec993) xori    s3, t4, -1149
core   0: 1 0x0000000080004b86 (0xb83ec993) x19 0xffffffa683da6de5
core   0: 0x0000000080004b8a (0x004284bb) addw    s1, t0, tp
core   0: 1 0x0000000080004b8a (0x004284bb) x9  0xffffffffffffffff
core   0: 0x0000000080004b8e (0x00527e33) and     t3, tp, t0
core   0: 1 0x0000000080004b8e (0x00527e33) x28 0xa59bc90000000000
core   0: 0x0000000080004b92 (0x01de6eb3) or      t4, t3, t4
core   0: 1 0x0000000080004b92 (0x01de6eb3) x29 0xa59bc9597c259666
core   0: 0x0000000080004b96 (0x2b1080d3) fmin.d  ft1, ft1, fa7
core   0: 1 0x0000000080004b96 (0x2b1080d3) f1  0x7ff8000000000000
core   0: 0x0000000080004b9a (0xd21686d3) fcvt.d.wu fa3, a3
core   0: 1 0x0000000080004b9a (0xd21686d3) f13 0x41ae229cce000000
core   0: 0x0000000080004b9e (0x01d8d4bb) srlw    s1, a7, t4
core   0: 1 0x0000000080004b9e (0x01d8d4bb) x9  0x0000000003fffff1
core   0: 0x0000000080004ba2 (0x41155233) sra     tp, a0, a7
core   0: 1 0x0000000080004ba2 (0x41155233) x4  0x0000000000000000
core   0: 0x0000000080004ba6 (0x03a51133) mulh    sp, a0, s10
core   0: 1 0x0000000080004ba6 (0x03a51133) x2  0x0000000000000000
core   0: 0x0000000080004baa (0x0000982a) c.add   a6, a0
core   0: 1 0x0000000080004baa (0x982a) x16 0xfffffffffffffa44
core   0: 0x0000000080004bac (0x00682633) slt     a2, a6, t1
core   0: 1 0x0000000080004bac (0x00682633) x12 0x0000000000000001
core   0: 0x0000000080004bb0 (0x00000001) c.nop
core   0: 1 0x0000000080004bb0 (0x0001)
core   0: 0x0000000080004bb2 (0x038c0333) mul     t1, s8, s8
core   0: 1 0x0000000080004bb2 (0x038c0333) x6  0x0000000000000000
core   0: 0x0000000080004bb6 (0x411282b3) sub     t0, t0, a7
core   0: 1 0x0000000080004bb6 (0x411282b3) x5  0x000000000000039c
core   0: 0x0000000080004bba (0x22fd9dd3) fsgnjn.d fs11, fs11, fa5
core   0: 1 0x0000000080004bba (0x22fd9dd3) f27 0x7ff8000000000000
core   0: 0x0000000080004bbe (0xc226f3d3) fcvt.l.d t2, fa3
core   0: 1 0x0000000080004bbe (0xc226f3d3) x7  0x000000000f114e67
core   0: 0x0000000080004bc2 (0x30606873) csrrsi  a6, mcounteren, 0
core   0: exception trap_illegal_instruction, epc 0x0000000080004bc2
core   0:           tval 0x0000000030606873
core   0: >>>>  $xrv64i2p1_m2p0_a2p1_f2p2_d2p2_zicsr2p0_zifencei2p0_zmmul1p0_zba1p0_zbb1p0_zbc1p0_zbs1p0
core   0: 0x0000000080004000 (0x0080006f) j       pc + 0x8
core   0: 3 0x0000000080004000 (0x0080006f)
core   0: >>>>  mmode_exception_handler
core   0: 0x0000000080004008 (0x00002c17) auipc   s8, 0x2
core   0: 3 0x0000000080004008 (0x00002c17) x24 0x0000000080006008
core   0: 0x000000008000400c (0x080c0c13) addi    s8, s8, 128
core   0: 3 0x000000008000400c (0x080c0c13) x24 0x0000000080006088
core   0: 0x0000000080004010 (0x000c00e7) jalr    s8
core   0: 3 0x0000000080004010 (0x000c00e7) x1  0x0000000080004014
core   0: >>>>  any_handler
core   0: 0x0000000080006088 (0x341027f3) csrrs   a5, mepc, zero
core   0: 3 0x0000000080006088 (0x341027f3) x15 0x0000000080004bc2
core   0: 0x000000008000608c (0x34202773) csrrs   a4, mcause, zero
core   0: 3 0x000000008000608c (0x34202773) x14 0x0000000000000002
core   0: 0x0000000080006090 (0x142026f3) csrrs   a3, scause, zero
core   0: 3 0x0000000080006090 (0x142026f3) x13 0x0000000000000000
core   0: 0x0000000080006094 (0x30402673) csrrs   a2, mie, zero
core   0: 3 0x0000000080006094 (0x30402673) x12 0x0000000000000a00
core   0: 0x0000000080006098 (0x344025f3) csrrs   a1, mip, zero
core   0: 3 0x0000000080006098 (0x344025f3) x11 0x0000000000000080
core   0: 0x000000008000609c (0x343025f3) csrrs   a1, mtval, zero
core   0: 3 0x000000008000609c (0x343025f3) x11 0x0000000030606873
core   0: 0x00000000800060a0 (0x14302573) csrrs   a0, stval, zero
core   0: 3 0x00000000800060a0 (0x14302573) x10 0x0000000000000000
core   0: 0x00000000800060a4 (0xb02024f3) csrrs   s1, minstret, zero
core   0: 3 0x00000000800060a4 (0xb02024f3) x9  0x0000000000000bd2
core   0: 0x00000000800060a8 (0x0000a811) c.j     pc + 20
core   0: 3 0x00000000800060a8 (0xa811)
core   0: >>>>  mepc_4
core   0: 0x00000000800060bc (0x00000791) c.addi  a5, 4
core   0: 3 0x00000000800060bc (0x0791) x15 0x0000000080004bc6
core   0: 0x00000000800060be (0x34179073) csrrw   zero, mepc, a5
core   0: 3 0x00000000800060be (0x34179073) c833_mepc 0x0000000080004bc6
core   0: 0x00000000800060c2 (0x30200073) mret
core   0: 3 0x00000000800060c2 (0x30200073) c768_mstatus 0x8000000a00106080
core   0: 0x0000000080004bc6 (0x41485533) sra     a0, a6, s4
core   0: 1 0x0000000080004bc6 (0x41485533) x10 0xffffffffffffffff
core   0: 0x0000000080004bca (0x00202df3) csrrs   s11, frm, zero
core   0: 1 0x0000000080004bca (0x00202df3) x27 0x0000000000000000
core   0: 0x0000000080004bce (0xd032fad3) fcvt.s.lu fs5, t0
core   0: 1 0x0000000080004bce (0xd032fad3) f21 0xffffffff44670000
core   0: 0x0000000080004bd2 (0xa35a86d3) fle.d   a3, fs5, fs5
core   0: 1 0x0000000080004bd2 (0xa35a86d3) c1_fflags 0x0000000000000010 x13 0x0000000000000000
core   0: 0x0000000080004bd6 (0x11904a13) xori    s4, zero, 281
core   0: 1 0x0000000080004bd6 (0x11904a13) x20 0x0000000000000119
core   0: 0x0000000080004bda (0xc215f7d3) fcvt.wu.d a5, fa1
core   0: 1 0x0000000080004bda (0xc215f7d3) x15 0x0000000000000000
core   0: 0x0000000080004bde (0x02c6f043) fmadd.d ft0, fa3, fa2, ft0
core   0: 1 0x0000000080004bde (0x02c6f043) f0  0x7ff8000000000000
core   0: 0x0000000080004be2 (0x002072b3) and     t0, zero, sp
core   0: 1 0x0000000080004be2 (0x002072b3) x5  0x0000000000000000
core   0: 0x0000000080004be6 (0x00000001) c.nop
core   0: 1 0x0000000080004be6 (0x0001)
core   0: 0x0000000080004be8 (0x00572733) slt     a4, a4, t0
core   0: 1 0x0000000080004be8 (0x00572733) x14 0x0000000000000000
core   0: 0x0000000080004bec (0xc020fc53) fcvt.l.s s8, ft1
core   0: 1 0x0000000080004bec (0xc020fc53) c1_fflags 0x0000000000000010 x24 0x7fffffffffffffff
core   0: 0x0000000080004bf0 (0x2bea9f53) fmax.d  ft10, fs5, ft10
core   0: 1 0x0000000080004bf0 (0x2bea9f53) f30 0x7ff8000000000000
core   0: 0x0000000080004bf4 (0xc8056173) csrrsi  sp, cycleh, 10
core   0: exception trap_illegal_instruction, epc 0x0000000080004bf4
core   0:           tval 0x00000000c8056173
core   0: >>>>  $xrv64i2p1_m2p0_a2p1_f2p2_d2p2_zicsr2p0_zifencei2p0_zmmul1p0_zba1p0_zbb1p0_zbc1p0_zbs1p0
core   0: 0x0000000080004000 (0x0080006f) j       pc + 0x8
core   0: 3 0x0000000080004000 (0x0080006f)
core   0: >>>>  mmode_exception_handler
core   0: 0x0000000080004008 (0x00002c17) auipc   s8, 0x2
core   0: 3 0x0000000080004008 (0x00002c17) x24 0x0000000080006008
core   0: 0x000000008000400c (0x080c0c13) addi    s8, s8, 128
core   0: 3 0x000000008000400c (0x080c0c13) x24 0x0000000080006088
core   0: 0x0000000080004010 (0x000c00e7) jalr    s8
core   0: 3 0x0000000080004010 (0x000c00e7) x1  0x0000000080004014
core   0: >>>>  any_handler
core   0: 0x0000000080006088 (0x341027f3) csrrs   a5, mepc, zero
core   0: 3 0x0000000080006088 (0x341027f3) x15 0x0000000080004bf4
core   0: 0x000000008000608c (0x34202773) csrrs   a4, mcause, zero
core   0: 3 0x000000008000608c (0x34202773) x14 0x0000000000000002
core   0: 0x0000000080006090 (0x142026f3) csrrs   a3, scause, zero
core   0: 3 0x0000000080006090 (0x142026f3) x13 0x0000000000000000
core   0: 0x0000000080006094 (0x30402673) csrrs   a2, mie, zero
core   0: 3 0x0000000080006094 (0x30402673) x12 0x0000000000000a00
core   0: 0x0000000080006098 (0x344025f3) csrrs   a1, mip, zero
core   0: 3 0x0000000080006098 (0x344025f3) x11 0x0000000000000080
core   0: 0x000000008000609c (0x343025f3) csrrs   a1, mtval, zero
core   0: 3 0x000000008000609c (0x343025f3) x11 0x00000000c8056173
core   0: 0x00000000800060a0 (0x14302573) csrrs   a0, stval, zero
core   0: 3 0x00000000800060a0 (0x14302573) x10 0x0000000000000000
core   0: 0x00000000800060a4 (0xb02024f3) csrrs   s1, minstret, zero
core   0: 3 0x00000000800060a4 (0xb02024f3) x9  0x0000000000000bee
core   0: 0x00000000800060a8 (0x0000a811) c.j     pc + 20
core   0: 3 0x00000000800060a8 (0xa811)
core   0: >>>>  mepc_4
core   0: 0x00000000800060bc (0x00000791) c.addi  a5, 4
core   0: 3 0x00000000800060bc (0x0791) x15 0x0000000080004bf8
core   0: 0x00000000800060be (0x34179073) csrrw   zero, mepc, a5
core   0: 3 0x00000000800060be (0x34179073) c833_mepc 0x0000000080004bf8
core   0: 0x00000000800060c2 (0x30200073) mret
core   0: 3 0x00000000800060c2 (0x30200073) c768_mstatus 0x8000000a00106080
core   0: 0x0000000080004bf8 (0xd74c2197) auipc   gp, 0xd74c2
core   0: 1 0x0000000080004bf8 (0xd74c2197) x3  0x00000000574c6bf8
core   0: 0x0000000080004bfc (0x403e0e3b) subw    t3, t3, gp
core   0: 1 0x0000000080004bfc (0x403e0e3b) x28 0xffffffffa8b39408
core   0: 0x0000000080004c00 (0x001197f3) csrrw   a5, fflags, gp
core   0: 1 0x0000000080004c00 (0x001197f3) x15 0x0000000000000010 c1_fflags 0x0000000000000018
core   0: 0x0000000080004c04 (0xf2088fd3) fmv.d.x ft11, a7
core   0: 1 0x0000000080004c04 (0xf2088fd3) f31 0xfffffffffffffc63
core   0: 0x0000000080004c08 (0x02420233) mul     tp, tp, tp
core   0: 1 0x0000000080004c08 (0x02420233) x4  0x0000000000000000
core   0: 0x0000000080004c0c (0x800e4713) xori    a4, t3, -2048
core   0: 1 0x0000000080004c0c (0x800e4713) x14 0x00000000574c6c08
core   0: 0x0000000080004c10 (0x00000001) c.nop
core   0: 1 0x0000000080004c10 (0x0001)
core   0: 0x0000000080004c12 (0x00071593) slli    a1, a4, 0
core   0: 1 0x0000000080004c12 (0x00071593) x11 0x00000000574c6c08
core   0: 0x0000000080004c16 (0x1a17f0d3) fdiv.d  ft1, fa5, ft1
core   0: 1 0x0000000080004c16 (0x1a17f0d3) f1  0x7ff8000000000000
core   0: 0x0000000080004c1a (0xc229f4d3) fcvt.l.d s1, fs3
core   0: 1 0x0000000080004c1a (0xc229f4d3) x9  0x0000000000000000
core   0: 0x0000000080004c1e (0xc2689397) auipc   t2, 0xc2689
core   0: 1 0x0000000080004c1e (0xc2689397) x7  0x000000004268dc1e
core   0: 0x0000000080004c22 (0xd2000b53) fcvt.d.w fs6, zero
core   0: 1 0x0000000080004c22 (0xd2000b53) f22 0x0000000000000000
core   0: 0x0000000080004c26 (0x0357073b) mulw    a4, a4, s5
core   0: 1 0x0000000080004c26 (0x0357073b) x14 0xffffffff9c9fc000
core   0: 0x0000000080004c2a (0x035eb933) mulhu   s2, t4, s5
core   0: 1 0x0000000080004c2a (0x035eb933) x18 0xa59bc9597c259139
core   0: 0x0000000080004c2e (0x027713b3) mulh    t2, a4, t2
core   0: 1 0x0000000080004c2e (0x027713b3) x7  0xffffffffffffffff
core   0: 0x0000000080004c32 (0x00d3e6b3) or      a3, t2, a3
core   0: 1 0x0000000080004c32 (0x00d3e6b3) x13 0xffffffffffffffff
core   0: 0x0000000080004c36 (0x433af9c3) fmadd.d fs3, fs5, fs3, fs0
core   0: 1 0x0000000080004c36 (0x433af9c3) f19 0x7ff8000000000000
core   0: 0x0000000080004c3a (0xe2040dd3) fmv.x.d s11, fs0
core   0: 1 0x0000000080004c3a (0xe2040dd3) x27 0x41efffffffe00000
core   0: 0x0000000080004c3e (0x13fcf5d3) fmul.d  fa1, fs9, ft11
core   0: 1 0x0000000080004c3e (0x13fcf5d3) f11 0x7ff8000000000000
core   0: 0x0000000080004c42 (0x0393e033) rem     zero, t2, s9
core   0: 1 0x0000000080004c42 (0x0393e033)
core   0: 0x0000000080004c46 (0x02a56533) rem     a0, a0, a0
core   0: 1 0x0000000080004c46 (0x02a56533) x10 0x0000000000000000
core   0: 0x0000000080004c4a (0x01849c3b) sllw    s8, s1, s8
core   0: 1 0x0000000080004c4a (0x01849c3b) x24 0x0000000000000000
core   0: 0x0000000080004c4e (0x0005f5b3) and     a1, a1, zero
core   0: 1 0x0000000080004c4e (0x0005f5b3) x11 0x0000000000000000
core   0: 0x0000000080004c52 (0xf1452df3) csrrs   s11, mhartid, a0
core   0: exception trap_illegal_instruction, epc 0x0000000080004c52
core   0:           tval 0x00000000f1452df3
core   0: >>>>  $xrv64i2p1_m2p0_a2p1_f2p2_d2p2_zicsr2p0_zifencei2p0_zmmul1p0_zba1p0_zbb1p0_zbc1p0_zbs1p0
core   0: 0x0000000080004000 (0x0080006f) j       pc + 0x8
core   0: 3 0x0000000080004000 (0x0080006f)
core   0: >>>>  mmode_exception_handler
core   0: 0x0000000080004008 (0x00002c17) auipc   s8, 0x2
core   0: 3 0x0000000080004008 (0x00002c17) x24 0x0000000080006008
core   0: 0x000000008000400c (0x080c0c13) addi    s8, s8, 128
core   0: 3 0x000000008000400c (0x080c0c13) x24 0x0000000080006088
core   0: 0x0000000080004010 (0x000c00e7) jalr    s8
core   0: 3 0x0000000080004010 (0x000c00e7) x1  0x0000000080004014
core   0: >>>>  any_handler
core   0: 0x0000000080006088 (0x341027f3) csrrs   a5, mepc, zero
core   0: 3 0x0000000080006088 (0x341027f3) x15 0x0000000080004c52
core   0: 0x000000008000608c (0x34202773) csrrs   a4, mcause, zero
core   0: 3 0x000000008000608c (0x34202773) x14 0x0000000000000002
core   0: 0x0000000080006090 (0x142026f3) csrrs   a3, scause, zero
core   0: 3 0x0000000080006090 (0x142026f3) x13 0x0000000000000000
core   0: 0x0000000080006094 (0x30402673) csrrs   a2, mie, zero
core   0: 3 0x0000000080006094 (0x30402673) x12 0x0000000000000a00
core   0: 0x0000000080006098 (0x344025f3) csrrs   a1, mip, zero
core   0: 3 0x0000000080006098 (0x344025f3) x11 0x0000000000000080
core   0: 0x000000008000609c (0x343025f3) csrrs   a1, mtval, zero
core   0: 3 0x000000008000609c (0x343025f3) x11 0x00000000f1452df3
core   0: 0x00000000800060a0 (0x14302573) csrrs   a0, stval, zero
core   0: 3 0x00000000800060a0 (0x14302573) x10 0x0000000000000000
core   0: 0x00000000800060a4 (0xb02024f3) csrrs   s1, minstret, zero
core   0: 3 0x00000000800060a4 (0xb02024f3) x9  0x0000000000000c15
core   0: 0x00000000800060a8 (0x0000a811) c.j     pc + 20
core   0: 3 0x00000000800060a8 (0xa811)
core   0: >>>>  mepc_4
core   0: 0x00000000800060bc (0x00000791) c.addi  a5, 4
core   0: 3 0x00000000800060bc (0x0791) x15 0x0000000080004c56
core   0: 0x00000000800060be (0x34179073) csrrw   zero, mepc, a5
core   0: 3 0x00000000800060be (0x34179073) c833_mepc 0x0000000080004c56
core   0: 0x00000000800060c2 (0x30200073) mret
core   0: 3 0x00000000800060c2 (0x30200073) c768_mstatus 0x8000000a00106080
core   0: 0x0000000080004c56 (0x800e0e1b) addiw   t3, t3, -2048
core   0: 1 0x0000000080004c56 (0x800e0e1b) x28 0xffffffffa8b38c08
core   0: 0x0000000080004c5a (0x0a54f353) fsub.d  ft6, fs1, ft5
core   0: 1 0x0000000080004c5a (0x0a54f353) f6  0x7ff8000000000000
core   0: 0x0000000080004c5e (0xd2090b53) fcvt.d.w fs6, s2
core   0: 1 0x0000000080004c5e (0xd2090b53) f22 0x41df09644e400000
core   0: 0x0000000080004c62 (0x00000001) c.nop
core   0: 1 0x0000000080004c62 (0x0001)
core   0: 0x0000000080004c64 (0x0ff0000f) fence   iorw,iorw
core   0: 1 0x0000000080004c64 (0x0ff0000f)
core   0: 0x0000000080004c68 (0x005ac2b3) xor     t0, s5, t0
core   0: 1 0x0000000080004c68 (0x005ac2b3) x5  0xfffffffffffff800
core   0: 0x0000000080004c6c (0x01f99b1b) slliw   s6, s3, 31
core   0: 1 0x0000000080004c6c (0x01f99b1b) x22 0xffffffff80000000
core   0: 0x0000000080004c70 (0xd23d7853) fcvt.d.lu fa6, s10
core   0: 1 0x0000000080004c70 (0xd23d7853) c1_fflags 0x0000000000000019 f16 0x43d0fbffffe5a966
core   0: 0x0000000080004c74 (0x00009a16) c.add   s4, t0
core   0: 1 0x0000000080004c74 (0x9a16) x20 0xfffffffffffff919
core   0: 0x0000000080004c76 (0xc214fbd3) fcvt.wu.d s7, fs1
core   0: 1 0x0000000080004c76 (0xc214fbd3) c1_fflags 0x0000000000000019 x23 0xffffffffffffffff
core   0: 0x0000000080004c7a (0x028ce43b) remw    s0, s9, s0
core   0: 1 0x0000000080004c7a (0x028ce43b) x8  0x00000000000004c0
core   0: 0x0000000080004c7e (0x00719133) sll     sp, gp, t2
core   0: 1 0x0000000080004c7e (0x00719133) x2  0x0000000000000000
core   0: 0x0000000080004c82 (0xb9360713) addi    a4, a2, -1133
core   0: 1 0x0000000080004c82 (0xb9360713) x14 0x0000000000000593
core   0: 0x0000000080004c86 (0x8003c513) xori    a0, t2, -2048
core   0: 1 0x0000000080004c86 (0x8003c513) x10 0x00000000000007ff
core   0: 0x0000000080004c8a (0x001e1313) slli    t1, t3, 1
core   0: 1 0x0000000080004c8a (0x001e1313) x6  0xffffffff51671810
core   0: 0x0000000080004c8e (0x0015141b) slliw   s0, a0, 1
core   0: 1 0x0000000080004c8e (0x0015141b) x8  0x0000000000000ffe
core   0: 0x0000000080004c92 (0x92e74d93) xori    s11, a4, -1746
core   0: 1 0x0000000080004c92 (0x92e74d93) x27 0xfffffffffffffcbd
core   0: 0x0000000080004c96 (0xd2377053) fcvt.d.lu ft0, a4
core   0: 1 0x0000000080004c96 (0xd2377053) f0  0x40964c0000000000
core   0: 0x0000000080004c9a (0x0334523b) divuw   tp, s0, s3
core   0: 1 0x0000000080004c9a (0x0334523b) x4  0x0000000000000000
core   0: 0x0000000080004c9e (0xbe2aca93) xori    s5, s5, -1054
core   0: 1 0x0000000080004c9e (0xbe2aca93) x21 0x00000000000003e2
core   0: 0x0000000080004ca2 (0x000bd01b) srliw   zero, s7, 0
core   0: 1 0x0000000080004ca2 (0x000bd01b)
core   0: 0x0000000080004ca6 (0x019ed53b) srlw    a0, t4, s9
core   0: 1 0x0000000080004ca6 (0x019ed53b) x10 0x0000000000000000
core   0: 0x0000000080004caa (0xd22cfc53) fcvt.d.l fs8, s9
core   0: 1 0x0000000080004caa (0xd22cfc53) f24 0x41dfffffffc00000
core   0: 0x0000000080004cae (0x011843b3) xor     t2, a6, a7
core   0: 1 0x0000000080004cae (0x011843b3) x7  0x0000000000000627
core   0: 0x0000000080004cb2 (0xc02b75d3) fcvt.l.s a1, fs6
core   0: 1 0x0000000080004cb2 (0xc02b75d3) c1_fflags 0x0000000000000019 x11 0x7fffffffffffffff
core   0: 0x0000000080004cb6 (0x00202ef3) csrrs   t4, frm, zero
core   0: 1 0x0000000080004cb6 (0x00202ef3) x29 0x0000000000000000
core   0: 0x0000000080004cba (0x800ecb93) xori    s7, t4, -2048
core   0: 1 0x0000000080004cba (0x800ecb93) x23 0xfffffffffffff800
core   0: 0x0000000080004cbe (0xc2187953) fcvt.wu.d s2, fa6
core   0: 1 0x0000000080004cbe (0xc2187953) c1_fflags 0x0000000000000019 x18 0xffffffffffffffff
core   0: 0x0000000080004cc2 (0xc02c75d3) fcvt.l.s a1, fs8
core   0: 1 0x0000000080004cc2 (0xc02c75d3) c1_fflags 0x0000000000000019 x11 0x7fffffffffffffff
core   0: 0x0000000080004cc6 (0xf11229f3) csrrs   s3, mvendorid, tp
core   0: exception trap_illegal_instruction, epc 0x0000000080004cc6
core   0:           tval 0x00000000f11229f3
core   0: >>>>  $xrv64i2p1_m2p0_a2p1_f2p2_d2p2_zicsr2p0_zifencei2p0_zmmul1p0_zba1p0_zbb1p0_zbc1p0_zbs1p0
core   0: 0x0000000080004000 (0x0080006f) j       pc + 0x8
core   0: 3 0x0000000080004000 (0x0080006f)
core   0: >>>>  mmode_exception_handler
core   0: 0x0000000080004008 (0x00002c17) auipc   s8, 0x2
core   0: 3 0x0000000080004008 (0x00002c17) x24 0x0000000080006008
core   0: 0x000000008000400c (0x080c0c13) addi    s8, s8, 128
core   0: 3 0x000000008000400c (0x080c0c13) x24 0x0000000080006088
core   0: 0x0000000080004010 (0x000c00e7) jalr    s8
core   0: 3 0x0000000080004010 (0x000c00e7) x1  0x0000000080004014
core   0: >>>>  any_handler
core   0: 0x0000000080006088 (0x341027f3) csrrs   a5, mepc, zero
core   0: 3 0x0000000080006088 (0x341027f3) x15 0x0000000080004cc6
core   0: 0x000000008000608c (0x34202773) csrrs   a4, mcause, zero
core   0: 3 0x000000008000608c (0x34202773) x14 0x0000000000000002
core   0: 0x0000000080006090 (0x142026f3) csrrs   a3, scause, zero
core   0: 3 0x0000000080006090 (0x142026f3) x13 0x0000000000000000
core   0: 0x0000000080006094 (0x30402673) csrrs   a2, mie, zero
core   0: 3 0x0000000080006094 (0x30402673) x12 0x0000000000000a00
core   0: 0x0000000080006098 (0x344025f3) csrrs   a1, mip, zero
core   0: 3 0x0000000080006098 (0x344025f3) x11 0x0000000000000080
core   0: 0x000000008000609c (0x343025f3) csrrs   a1, mtval, zero
core   0: 3 0x000000008000609c (0x343025f3) x11 0x00000000f11229f3
core   0: 0x00000000800060a0 (0x14302573) csrrs   a0, stval, zero
core   0: 3 0x00000000800060a0 (0x14302573) x10 0x0000000000000000
core   0: 0x00000000800060a4 (0xb02024f3) csrrs   s1, minstret, zero
core   0: 3 0x00000000800060a4 (0xb02024f3) x9  0x0000000000000c42
core   0: 0x00000000800060a8 (0x0000a811) c.j     pc + 20
core   0: 3 0x00000000800060a8 (0xa811)
core   0: >>>>  mepc_4
core   0: 0x00000000800060bc (0x00000791) c.addi  a5, 4
core   0: 3 0x00000000800060bc (0x0791) x15 0x0000000080004cca
core   0: 0x00000000800060be (0x34179073) csrrw   zero, mepc, a5
core   0: 3 0x00000000800060be (0x34179073) c833_mepc 0x0000000080004cca
core   0: 0x00000000800060c2 (0x30200073) mret
core   0: 3 0x00000000800060c2 (0x30200073) c768_mstatus 0x8000000a00106080
core   0: 0x0000000080004cca (0x01150db3) add     s11, a0, a7
core   0: 1 0x0000000080004cca (0x01150db3) x27 0xfffffffffffffc63
core   0: 0x0000000080004cce (0x01bdd43b) srlw    s0, s11, s11
core   0: 1 0x0000000080004cce (0x01bdd43b) x8  0x000000001fffff8c
core   0: 0x0000000080004cd2 (0x02087ec3) fmadd.d ft9, fa6, ft0, ft0
core   0: 1 0x0000000080004cd2 (0x02087ec3) c1_fflags 0x0000000000000019 f29 0x4477ab2cffdb4bd1
core   0: 0x0000000080004cd6 (0x224afacb) fnmsub.d fs5, fs5, ft4, ft4
core   0: 1 0x0000000080004cd6 (0x224afacb) f21 0x7ff8000000000000
core   0: 0x0000000080004cda (0xd2277853) fcvt.d.l fa6, a4
core   0: 1 0x0000000080004cda (0xd2277853) f16 0x4000000000000000
core   0: 0x0000000080004cde (0x13b87b53) fmul.d  fs6, fa6, fs11
core   0: 1 0x0000000080004cde (0x13b87b53) f22 0x7ff8000000000000
core   0: 0x0000000080004ce2 (0x12f8f853) fmul.d  fa6, fa7, fa5
core   0: 1 0x0000000080004ce2 (0x12f8f853) f16 0x7ff8000000000000
core   0: 0x0000000080004ce6 (0x40a4551b) sraiw   a0, s0, 10
core   0: 1 0x0000000080004ce6 (0x40a4551b) x10 0x000000000007ffff
core   0: 0x0000000080004cea (0xd2058dd3) fcvt.d.w fs11, a1
core   0: 1 0x0000000080004cea (0xd2058dd3) f27 0xc1addbac1a000000
core   0: 0x0000000080004cee (0xa758f893) andi    a7, a7, -1419
core   0: 1 0x0000000080004cee (0xa758f893) x17 0xfffffffffffff861
core   0: 0x0000000080004cf2 (0xe2018253) fmv.x.d tp, ft3
core   0: 1 0x0000000080004cf2 (0xe2018253) x4  0x0000000000000000
core   0: 0x0000000080004cf6 (0x41cdd433) sra     s0, s11, t3
core   0: 1 0x0000000080004cf6 (0x41cdd433) x8  0xfffffffffffffffc
core   0: 0x0000000080004cfa (0x000090de) c.add   ra, s7
core   0: 1 0x0000000080004cfa (0x90de) x1  0x0000000080003814
core   0: 0x0000000080004cfc (0x401bd513) srai    a0, s7, 1
core   0: 1 0x0000000080004cfc (0x401bd513) x10 0xfffffffffffffc00
core   0: 0x0000000080004d00 (0x40d0d6b3) sra     a3, ra, a3
core   0: 1 0x0000000080004d00 (0x40d0d6b3) x13 0x0000000080003814
core   0: 0x0000000080004d04 (0x00d6d2bb) srlw    t0, a3, a3
core   0: 1 0x0000000080004d04 (0x00d6d2bb) x5  0x0000000000000800
core   0: 0x0000000080004d08 (0xc22df4d3) fcvt.l.d s1, fs11
core   0: 1 0x0000000080004d08 (0xc22df4d3) x9  0xfffffffff11229f3
core   0: 0x0000000080004d0c (0x5a0cf0d3) fsqrt.d ft1, fs9
core   0: 1 0x0000000080004d0c (0x5a0cf0d3) c1_fflags 0x0000000000000019 f1  0x40e6a0a40ea62068
core   0: 0x0000000080004d10 (0x0029e0b3) or      ra, s3, sp
core   0: 1 0x0000000080004d10 (0x0029e0b3) x1  0xffffffa683da6de5
core   0: 0x0000000080004d14 (0x0000ea93) ori     s5, ra, 0
core   0: 1 0x0000000080004d14 (0x0000ea93) x21 0xffffffa683da6de5
core   0: 0x0000000080004d18 (0x33667b4f) fnmadd.d fs6, fa2, fs6, ft6
core   0: 1 0x0000000080004d18 (0x33667b4f) f22 0x7ff8000000000000
core   0: 0x0000000080004d1c (0x00649c9b) slliw   s9, s1, 6
core   0: 1 0x0000000080004d1c (0x00649c9b) x25 0x00000000448a7cc0
core   0: 0x0000000080004d20 (0x7472b5f3) csrrc   a1, mseccfg, t0
core   0: exception trap_illegal_instruction, epc 0x0000000080004d20
core   0:           tval 0x000000007472b5f3
core   0: >>>>  $xrv64i2p1_m2p0_a2p1_f2p2_d2p2_zicsr2p0_zifencei2p0_zmmul1p0_zba1p0_zbb1p0_zbc1p0_zbs1p0
core   0: 0x0000000080004000 (0x0080006f) j       pc + 0x8
core   0: 3 0x0000000080004000 (0x0080006f)
core   0: >>>>  mmode_exception_handler
core   0: 0x0000000080004008 (0x00002c17) auipc   s8, 0x2
core   0: 3 0x0000000080004008 (0x00002c17) x24 0x0000000080006008
core   0: 0x000000008000400c (0x080c0c13) addi    s8, s8, 128
core   0: 3 0x000000008000400c (0x080c0c13) x24 0x0000000080006088
core   0: 0x0000000080004010 (0x000c00e7) jalr    s8
core   0: 3 0x0000000080004010 (0x000c00e7) x1  0x0000000080004014
core   0: >>>>  any_handler
core   0: 0x0000000080006088 (0x341027f3) csrrs   a5, mepc, zero
core   0: 3 0x0000000080006088 (0x341027f3) x15 0x0000000080004d20
core   0: 0x000000008000608c (0x34202773) csrrs   a4, mcause, zero
core   0: 3 0x000000008000608c (0x34202773) x14 0x0000000000000002
core   0: 0x0000000080006090 (0x142026f3) csrrs   a3, scause, zero
core   0: 3 0x0000000080006090 (0x142026f3) x13 0x0000000000000000
core   0: 0x0000000080006094 (0x30402673) csrrs   a2, mie, zero
core   0: 3 0x0000000080006094 (0x30402673) x12 0x0000000000000a00
core   0: 0x0000000080006098 (0x344025f3) csrrs   a1, mip, zero
core   0: 3 0x0000000080006098 (0x344025f3) x11 0x0000000000000080
core   0: 0x000000008000609c (0x343025f3) csrrs   a1, mtval, zero
core   0: 3 0x000000008000609c (0x343025f3) x11 0x000000007472b5f3
core   0: 0x00000000800060a0 (0x14302573) csrrs   a0, stval, zero
core   0: 3 0x00000000800060a0 (0x14302573) x10 0x0000000000000000
core   0: 0x00000000800060a4 (0xb02024f3) csrrs   s1, minstret, zero
core   0: 3 0x00000000800060a4 (0xb02024f3) x9  0x0000000000000c68
core   0: 0x00000000800060a8 (0x0000a811) c.j     pc + 20
core   0: 3 0x00000000800060a8 (0xa811)
core   0: >>>>  mepc_4
core   0: 0x00000000800060bc (0x00000791) c.addi  a5, 4
core   0: 3 0x00000000800060bc (0x0791) x15 0x0000000080004d24
core   0: 0x00000000800060be (0x34179073) csrrw   zero, mepc, a5
core   0: 3 0x00000000800060be (0x34179073) c833_mepc 0x0000000080004d24
core   0: 0x00000000800060c2 (0x30200073) mret
core   0: 3 0x00000000800060c2 (0x30200073) c768_mstatus 0x8000000a00106080
core   0: 0x0000000080004d24 (0xd2148ed3) fcvt.d.wu ft9, s1
core   0: 1 0x0000000080004d24 (0xd2148ed3) f29 0x40a8d00000000000
core   0: 0x0000000080004d28 (0xb27de697) auipc   a3, 0xb27de
core   0: 1 0x0000000080004d28 (0xb27de697) x13 0x00000000327e2d28
core   0: 0x0000000080004d2c (0xd0347053) fcvt.s.lu ft0, s0
core   0: 1 0x0000000080004d2c (0xd0347053) c1_fflags 0x0000000000000019 f0  0xffffffff5f800000
core   0: 0x0000000080004d30 (0xd2c5f5cf) fnmadd.d fa1, fa1, fa2, fs10
core   0: 1 0x0000000080004d30 (0xd2c5f5cf) f11 0x7ff8000000000000
core   0: 0x0000000080004d34 (0x409d8abb) subw    s5, s11, s1
core   0: 1 0x0000000080004d34 (0x409d8abb) x21 0xffffffffffffeffb
core   0: 0x0000000080004d38 (0x00095b9b) srliw   s7, s2, 0
core   0: 1 0x0000000080004d38 (0x00095b9b) x23 0xffffffffffffffff
core   0: 0x0000000080004d3c (0x00074713) xori    a4, a4, 0
core   0: 1 0x0000000080004d3c (0x00074713) x14 0x0000000000000002
core   0: 0x0000000080004d40 (0xc03ef353) fcvt.lu.s t1, ft9
core   0: 1 0x0000000080004d40 (0xc03ef353) c1_fflags 0x0000000000000019 x6  0xffffffffffffffff
core   0: 0x0000000080004d44 (0x00d36733) or      a4, t1, a3
core   0: 1 0x0000000080004d44 (0x00d36733) x14 0xffffffffffffffff
core   0: 0x0000000080004d48 (0x00d320b3) slt     ra, t1, a3
core   0: 1 0x0000000080004d48 (0x00d320b3) x1  0x0000000000000001
core   0: 0x0000000080004d4c (0x00299af3) csrrw   s5, frm, s3
core   0: 1 0x0000000080004d4c (0x00299af3) x21 0x0000000000000000 c2_frm 0x0000000000000005
core   0: 0x0000000080004d50 (0x02798b33) mul     s6, s3, t2
core   0: 1 0x0000000080004d50 (0x02798b33) x22 0xfffdd97534da1be3
core   0: 0x0000000080004d54 (0xf9deb8b7) lui     a7, 0xf9deb
core   0: 1 0x0000000080004d54 (0xf9deb8b7) x17 0xfffffffff9deb000
core   0: 0x0000000080004d58 (0xfab8889b) addiw   a7, a7, -85
core   0: 1 0x0000000080004d58 (0xfab8889b) x17 0xfffffffff9deafab
core   0: 0x0000000080004d5c (0x000008b2) c.slli  a7, 12
core   0: 1 0x0000000080004d5c (0x08b2) x17 0xffffff9deafab000
core   0: 0x0000000080004d5e (0x39288893) addi    a7, a7, 914
core   0: 1 0x0000000080004d5e (0x39288893) x17 0xffffff9deafab392
core   0: 0x0000000080004d62 (0xfffaf293) andi    t0, s5, -1
core   0: 1 0x0000000080004d62 (0xfffaf293) x5  0x0000000000000000
core   0: 0x0000000080004d66 (0x02a8fdbb) remuw   s11, a7, a0
core   0: 1 0x0000000080004d66 (0x02a8fdbb) x27 0xffffffffeafab392
core   0: 0x0000000080004d6a (0x23bd91d3) fsgnjn.d ft3, fs11, fs11
core   0: 1 0x0000000080004d6a (0x23bd91d3) f3  0x41addbac1a000000
core   0: 0x0000000080004d6e (0x029de4bb) remw    s1, s11, s1
core   0: 1 0x0000000080004d6e (0x029de4bb) x9  0xfffffffffffff5fa
core   0: 0x0000000080004d72 (0x00104c93) xori    s9, zero, 1
core   0: 1 0x0000000080004d72 (0x00104c93) x25 0x0000000000000001
core   0: 0x0000000080004d76 (0x029a5d33) divu    s10, s4, s1
core   0: 1 0x0000000080004d76 (0x029a5d33) x26 0x0000000000000001
core   0: 0x0000000080004d7a (0x0ff0000f) fence   iorw,iorw
core   0: 1 0x0000000080004d7a (0x0ff0000f)
core   0: 0x0000000080004d7e (0x0059e2b3) or      t0, s3, t0
core   0: 1 0x0000000080004d7e (0x0059e2b3) x5  0xffffffa683da6de5
core   0: 0x0000000080004d82 (0x00000001) c.nop
core   0: 1 0x0000000080004d82 (0x0001)
core   0: 0x0000000080004d84 (0x5265794f) fnmadd.d fs2, fa0, ft6, fa0
core   0: exception trap_illegal_instruction, epc 0x0000000080004d84
core   0:           tval 0x000000005265794f
core   0: >>>>  $xrv64i2p1_m2p0_a2p1_f2p2_d2p2_zicsr2p0_zifencei2p0_zmmul1p0_zba1p0_zbb1p0_zbc1p0_zbs1p0
core   0: 0x0000000080004000 (0x0080006f) j       pc + 0x8
core   0: 3 0x0000000080004000 (0x0080006f)
core   0: >>>>  mmode_exception_handler
core   0: 0x0000000080004008 (0x00002c17) auipc   s8, 0x2
core   0: 3 0x0000000080004008 (0x00002c17) x24 0x0000000080006008
core   0: 0x000000008000400c (0x080c0c13) addi    s8, s8, 128
core   0: 3 0x000000008000400c (0x080c0c13) x24 0x0000000080006088
core   0: 0x0000000080004010 (0x000c00e7) jalr    s8
core   0: 3 0x0000000080004010 (0x000c00e7) x1  0x0000000080004014
core   0: >>>>  any_handler
core   0: 0x0000000080006088 (0x341027f3) csrrs   a5, mepc, zero
core   0: 3 0x0000000080006088 (0x341027f3) x15 0x0000000080004d84
core   0: 0x000000008000608c (0x34202773) csrrs   a4, mcause, zero
core   0: 3 0x000000008000608c (0x34202773) x14 0x0000000000000002
core   0: 0x0000000080006090 (0x142026f3) csrrs   a3, scause, zero
core   0: 3 0x0000000080006090 (0x142026f3) x13 0x0000000000000000
core   0: 0x0000000080006094 (0x30402673) csrrs   a2, mie, zero
core   0: 3 0x0000000080006094 (0x30402673) x12 0x0000000000000a00
core   0: 0x0000000080006098 (0x344025f3) csrrs   a1, mip, zero
core   0: 3 0x0000000080006098 (0x344025f3) x11 0x0000000000000080
core   0: 0x000000008000609c (0x343025f3) csrrs   a1, mtval, zero
core   0: 3 0x000000008000609c (0x343025f3) x11 0x000000005265794f
core   0: 0x00000000800060a0 (0x14302573) csrrs   a0, stval, zero
core   0: 3 0x00000000800060a0 (0x14302573) x10 0x0000000000000000
core   0: 0x00000000800060a4 (0xb02024f3) csrrs   s1, minstret, zero
core   0: 3 0x00000000800060a4 (0xb02024f3) x9  0x0000000000000c91
core   0: 0x00000000800060a8 (0x0000a811) c.j     pc + 20
core   0: 3 0x00000000800060a8 (0xa811)
core   0: >>>>  mepc_4
core   0: 0x00000000800060bc (0x00000791) c.addi  a5, 4
core   0: 3 0x00000000800060bc (0x0791) x15 0x0000000080004d88
core   0: 0x00000000800060be (0x34179073) csrrw   zero, mepc, a5
core   0: 3 0x00000000800060be (0x34179073) c833_mepc 0x0000000080004d88
core   0: 0x00000000800060c2 (0x30200073) mret
core   0: 3 0x00000000800060c2 (0x30200073) c768_mstatus 0x8000000a00106080
core   0: 0x0000000080004d88 (0x00102af3) csrrs   s5, fflags, zero
core   0: 1 0x0000000080004d88 (0x00102af3) x21 0x0000000000000019
core   0: 0x0000000080004d8c (0x01990eb3) add     t4, s2, s9
core   0: 1 0x0000000080004d8c (0x01990eb3) x29 0x0000000000000000
core   0: 0x0000000080004d90 (0x000ed813) srli    a6, t4, 0
core   0: 1 0x0000000080004d90 (0x000ed813) x16 0x0000000000000000
core   0: 0x0000000080004d94 (0x019869b3) or      s3, a6, s9
core   0: 1 0x0000000080004d94 (0x019869b3) x19 0x0000000000000001
core   0: 0x0000000080004d98 (0x03cbfdbb) remuw   s11, s7, t3
core   0: 1 0x0000000080004d98 (0x03cbfdbb) x27 0x00000000574c73f7
core   0: 0x0000000080004d9c (0x002996f3) csrrw   a3, frm, s3
core   0: 1 0x0000000080004d9c (0x002996f3) x13 0x0000000000000005 c2_frm 0x0000000000000001
core   0: 0x0000000080004da0 (0x0092d5bb) srlw    a1, t0, s1
core   0: 1 0x0000000080004da0 (0x0092d5bb) x11 0x00000000000041ed
core   0: 0x0000000080004da4 (0x14339d73) csrrw   s10, stval, t2
core   0: 1 0x0000000080004da4 (0x14339d73) x26 0x0000000000000000 c323_stval 0x0000000000000627
core   0: 0x0000000080004da8 (0x0076883b) addw    a6, a3, t2
core   0: 1 0x0000000080004da8 (0x0076883b) x16 0x000000000000062c
core   0: 0x0000000080004dac (0xf12febf3) csrrsi  s7, marchid, 31
core   0: exception trap_illegal_instruction, epc 0x0000000080004dac
core   0:           tval 0x00000000f12febf3
core   0: >>>>  $xrv64i2p1_m2p0_a2p1_f2p2_d2p2_zicsr2p0_zifencei2p0_zmmul1p0_zba1p0_zbb1p0_zbc1p0_zbs1p0
core   0: 0x0000000080004000 (0x0080006f) j       pc + 0x8
core   0: 3 0x0000000080004000 (0x0080006f)
core   0: >>>>  mmode_exception_handler
core   0: 0x0000000080004008 (0x00002c17) auipc   s8, 0x2
core   0: 3 0x0000000080004008 (0x00002c17) x24 0x0000000080006008
core   0: 0x000000008000400c (0x080c0c13) addi    s8, s8, 128
core   0: 3 0x000000008000400c (0x080c0c13) x24 0x0000000080006088
core   0: 0x0000000080004010 (0x000c00e7) jalr    s8
core   0: 3 0x0000000080004010 (0x000c00e7) x1  0x0000000080004014
core   0: >>>>  any_handler
core   0: 0x0000000080006088 (0x341027f3) csrrs   a5, mepc, zero
core   0: 3 0x0000000080006088 (0x341027f3) x15 0x0000000080004dac
core   0: 0x000000008000608c (0x34202773) csrrs   a4, mcause, zero
core   0: 3 0x000000008000608c (0x34202773) x14 0x0000000000000002
core   0: 0x0000000080006090 (0x142026f3) csrrs   a3, scause, zero
core   0: 3 0x0000000080006090 (0x142026f3) x13 0x0000000000000000
core   0: 0x0000000080006094 (0x30402673) csrrs   a2, mie, zero
core   0: 3 0x0000000080006094 (0x30402673) x12 0x0000000000000a00
core   0: 0x0000000080006098 (0x344025f3) csrrs   a1, mip, zero
core   0: 3 0x0000000080006098 (0x344025f3) x11 0x0000000000000080
core   0: 0x000000008000609c (0x343025f3) csrrs   a1, mtval, zero
core   0: 3 0x000000008000609c (0x343025f3) x11 0x00000000f12febf3
core   0: 0x00000000800060a0 (0x14302573) csrrs   a0, stval, zero
core   0: 3 0x00000000800060a0 (0x14302573) x10 0x0000000000000627
core   0: 0x00000000800060a4 (0xb02024f3) csrrs   s1, minstret, zero
core   0: 3 0x00000000800060a4 (0xb02024f3) x9  0x0000000000000caa
core   0: 0x00000000800060a8 (0x0000a811) c.j     pc + 20
core   0: 3 0x00000000800060a8 (0xa811)
core   0: >>>>  mepc_4
core   0: 0x00000000800060bc (0x00000791) c.addi  a5, 4
core   0: 3 0x00000000800060bc (0x0791) x15 0x0000000080004db0
core   0: 0x00000000800060be (0x34179073) csrrw   zero, mepc, a5
core   0: 3 0x00000000800060be (0x34179073) c833_mepc 0x0000000080004db0
core   0: 0x00000000800060c2 (0x30200073) mret
core   0: 3 0x00000000800060c2 (0x30200073) c768_mstatus 0x8000000a00106080
core   0: 0x0000000080004db0 (0x00ce0433) add     s0, t3, a2
core   0: 1 0x0000000080004db0 (0x00ce0433) x8  0xffffffffa8b39608
core   0: 0x0000000080004db4 (0x14142d73) csrrs   s10, sepc, s0
core   0: 1 0x0000000080004db4 (0x14142d73) x26 0x0000000000000000 c321_sepc 0xffffffffa8b39608
core   0: 0x0000000080004db8 (0x228922d3) fsgnjx.d ft5, fs2, fs0
core   0: 1 0x0000000080004db8 (0x228922d3) f5  0x0000000000000000
core   0: 0x0000000080004dbc (0xbbb37bc7) fmsub.d fs7, ft6, fs11, fs7
core   0: 1 0x0000000080004dbc (0xbbb37bc7) f23 0x7ff8000000000000
core   0: 0x0000000080004dc0 (0x000d149b) slliw   s1, s10, 0
core   0: 1 0x0000000080004dc0 (0x000d149b) x9  0x0000000000000000
core   0: 0x0000000080004dc4 (0x028d1693) slli    a3, s10, 40
core   0: 1 0x0000000080004dc4 (0x028d1693) x13 0x0000000000000000
core   0: 0x0000000080004dc8 (0x0094cbb3) xor     s7, s1, s1
core   0: 1 0x0000000080004dc8 (0x0094cbb3) x23 0x0000000000000000
core   0: 0x0000000080004dcc (0x00000001) c.nop
core   0: 1 0x0000000080004dcc (0x0001)
core   0: 0x0000000080004dce (0x400bd29b) sraiw   t0, s7, 0
core   0: 1 0x0000000080004dce (0x400bd29b) x5  0x0000000000000000
core   0: 0x0000000080004dd2 (0x0395f233) remu    tp, a1, s9
core   0: 1 0x0000000080004dd2 (0x0395f233) x4  0x0000000000000000
core   0: 0x0000000080004dd6 (0xde3fbd37) lui     s10, 0xde3fb
core   0: 1 0x0000000080004dd6 (0xde3fbd37) x26 0xffffffffde3fb000
core   0: 0x0000000080004dda (0xc021fe53) fcvt.l.s t3, ft3
core   0: 1 0x0000000080004dda (0xc021fe53) c1_fflags 0x0000000000000019 x28 0x7fffffffffffffff
core   0: 0x0000000080004dde (0x001024f3) csrrs   s1, fflags, zero
core   0: 1 0x0000000080004dde (0x001024f3) x9  0x0000000000000019
core   0: 0x0000000080004de2 (0x620c0917) auipc   s2, 0x620c0
core   0: 1 0x0000000080004de2 (0x620c0917) x18 0x00000000e20c4de2
core   0: 0x0000000080004de6 (0x401086bb) subw    a3, ra, ra
core   0: 1 0x0000000080004de6 (0x401086bb) x13 0x0000000000000000
core   0: 0x0000000080004dea (0x0326c33b) divw    t1, a3, s2
core   0: 1 0x0000000080004dea (0x0326c33b) x6  0x0000000000000000
core   0: 0x0000000080004dee (0x03bdfe33) remu    t3, s11, s11
core   0: 1 0x0000000080004dee (0x03bdfe33) x28 0x0000000000000000
core   0: 0x0000000080004df2 (0x4119d133) sra     sp, s3, a7
core   0: 1 0x0000000080004df2 (0x4119d133) x2  0x0000000000000000
core   0: 0x0000000080004df6 (0x40f7823b) subw    tp, a5, a5
core   0: 1 0x0000000080004df6 (0x40f7823b) x4  0x0000000000000000
core   0: 0x0000000080004dfa (0x62c24493) xori    s1, tp, 1580
core   0: 1 0x0000000080004dfa (0x62c24493) x9  0x000000000000062c
core   0: 0x0000000080004dfe (0x01cd8dbb) addw    s11, s11, t3
core   0: 1 0x0000000080004dfe (0x01cd8dbb) x27 0x00000000574c73f7
core   0: 0x0000000080004e02 (0x013b82bb) addw    t0, s7, s3
core   0: 1 0x0000000080004e02 (0x013b82bb) x5  0x0000000000000001
core   0: 0x0000000080004e06 (0xf2028dd3) fmv.d.x fs11, t0
core   0: 1 0x0000000080004e06 (0xf2028dd3) f27 0x0000000000000001
core   0: 0x0000000080004e0a (0x00009d96) c.add   s11, t0
core   0: 1 0x0000000080004e0a (0x9d96) x27 0x00000000574c73f8
core   0: 0x0000000080004e0c (0x036d8e3b) mulw    t3, s11, s6
core   0: 1 0x0000000080004e0c (0x036d8e3b) x28 0xffffffff9a35fce8
core   0: 0x0000000080004e10 (0x41bcd93b) sraw    s2, s9, s11
core   0: 1 0x0000000080004e10 (0x41bcd93b) x18 0x0000000000000000
core   0: 0x0000000080004e14 (0x415dd63b) sraw    a2, s11, s5
core   0: 1 0x0000000080004e14 (0x415dd63b) x12 0x000000000000002b
core   0: 0x0000000080004e18 (0x020055b3) divu    a1, zero, zero
core   0: 1 0x0000000080004e18 (0x020055b3) x11 0xffffffffffffffff
core   0: 0x0000000080004e1c (0xd221fd53) fcvt.d.l fs10, gp
core   0: 1 0x0000000080004e1c (0xd221fd53) f26 0x41d5d31afe000000
core   0: 0x0000000080004e20 (0x00000862) c.slli  a6, 24
core   0: 1 0x0000000080004e20 (0x0862) x16 0x000000062c000000
core   0: 0x0000000080004e22 (0x0ff0000f) fence   iorw,iorw
core   0: 1 0x0000000080004e22 (0x0ff0000f)
core   0: 0x0000000080004e26 (0x01b2dc13) srli    s8, t0, 27
core   0: 1 0x0000000080004e26 (0x01b2dc13) x24 0x0000000000000000
core   0: 0x0000000080004e2a (0x00000001) c.nop
core   0: 1 0x0000000080004e2a (0x0001)
core   0: 0x0000000080004e2c (0x0259c9b3) div     s3, s3, t0
core   0: 1 0x0000000080004e2c (0x0259c9b3) x19 0x0000000000000001
core   0: 0x0000000080004e30 (0x40146cb7) lui     s9, 0x40146
core   0: 1 0x0000000080004e30 (0x40146cb7) x25 0x0000000040146000
core   0: 0x0000000080004e34 (0xd33f79c7) fmsub.d fs3, ft10, fs3, fs10
core   0: 1 0x0000000080004e34 (0xd33f79c7) f19 0x7ff8000000000000
core   0: 0x0000000080004e38 (0x00e1fa33) and     s4, gp, a4
core   0: 1 0x0000000080004e38 (0x00e1fa33) x20 0x0000000000000000
core   0: 0x0000000080004e3c (0xc03d7053) fcvt.lu.s zero, fs10
core   0: 1 0x0000000080004e3c (0xc03d7053) c1_fflags 0x0000000000000019
core   0: 0x0000000080004e40 (0xae804893) xori    a7, zero, -1304
core   0: 1 0x0000000080004e40 (0xae804893) x17 0xfffffffffffffae8
core   0: 0x0000000080004e44 (0x001915f3) csrrw   a1, fflags, s2
core   0: 1 0x0000000080004e44 (0x001915f3) x11 0x0000000000000019 c1_fflags 0x0000000000000000
core   0: 0x0000000080004e48 (0xc03efc53) fcvt.lu.s s8, ft9
core   0: 1 0x0000000080004e48 (0xc03efc53) c1_fflags 0x0000000000000010 x24 0xffffffffffffffff
core   0: 0x0000000080004e4c (0x0248e7bb) remw    a5, a7, tp
core   0: 1 0x0000000080004e4c (0x0248e7bb) x15 0xfffffffffffffae8
core   0: 0x0000000080004e50 (0x018b8dbb) addw    s11, s7, s8
core   0: 1 0x0000000080004e50 (0x018b8dbb) x27 0xffffffffffffffff
core   0: 0x0000000080004e54 (0x01264933) xor     s2, a2, s2
core   0: 1 0x0000000080004e54 (0x01264933) x18 0x000000000000002b
core   0: 0x0000000080004e58 (0x001023f3) csrrs   t2, fflags, zero
core   0: 1 0x0000000080004e58 (0x001023f3) x7  0x0000000000000010
core   0: 0x0000000080004e5c (0x0118aa33) slt     s4, a7, a7
core   0: 1 0x0000000080004e5c (0x0118aa33) x20 0x0000000000000000
core   0: 0x0000000080004e60 (0x2b5705d3) fmin.d  fa1, fa4, fs5
core   0: 1 0x0000000080004e60 (0x2b5705d3) f11 0x43effffffffffdc0
core   0: 0x0000000080004e64 (0x02b6fcd3) fadd.d  fs9, fa3, fa1
core   0: 1 0x0000000080004e64 (0x02b6fcd3) c1_fflags 0x0000000000000011 f25 0x43f000000000eff4
core   0: 0x0000000080004e68 (0x02502eb3) mulhsu  t4, zero, t0
core   0: 1 0x0000000080004e68 (0x02502eb3) x29 0x0000000000000000
core   0: 0x0000000080004e6c (0x00b5923b) sllw    tp, a1, a1
core   0: 1 0x0000000080004e6c (0x00b5923b) x4  0x0000000032000000
core   0: 0x0000000080004e70 (0x03c31d33) mulh    s10, t1, t3
core   0: 1 0x0000000080004e70 (0x03c31d33) x26 0x0000000000000000
core   0: 0x0000000080004e74 (0x34241973) csrrw   s2, mcause, s0
core   0: exception trap_illegal_instruction, epc 0x0000000080004e74
core   0:           tval 0x0000000034241973
core   0: >>>>  $xrv64i2p1_m2p0_a2p1_f2p2_d2p2_zicsr2p0_zifencei2p0_zmmul1p0_zba1p0_zbb1p0_zbc1p0_zbs1p0
core   0: 0x0000000080004000 (0x0080006f) j       pc + 0x8
core   0: 3 0x0000000080004000 (0x0080006f)
core   0: >>>>  mmode_exception_handler
core   0: 0x0000000080004008 (0x00002c17) auipc   s8, 0x2
core   0: 3 0x0000000080004008 (0x00002c17) x24 0x0000000080006008
core   0: 0x000000008000400c (0x080c0c13) addi    s8, s8, 128
core   0: 3 0x000000008000400c (0x080c0c13) x24 0x0000000080006088
core   0: 0x0000000080004010 (0x000c00e7) jalr    s8
core   0: 3 0x0000000080004010 (0x000c00e7) x1  0x0000000080004014
core   0: >>>>  any_handler
core   0: 0x0000000080006088 (0x341027f3) csrrs   a5, mepc, zero
core   0: 3 0x0000000080006088 (0x341027f3) x15 0x0000000080004e74
core   0: 0x000000008000608c (0x34202773) csrrs   a4, mcause, zero
core   0: 3 0x000000008000608c (0x34202773) x14 0x0000000000000002
core   0: 0x0000000080006090 (0x142026f3) csrrs   a3, scause, zero
core   0: 3 0x0000000080006090 (0x142026f3) x13 0x0000000000000000
core   0: 0x0000000080006094 (0x30402673) csrrs   a2, mie, zero
core   0: 3 0x0000000080006094 (0x30402673) x12 0x0000000000000a00
core   0: 0x0000000080006098 (0x344025f3) csrrs   a1, mip, zero
core   0: 3 0x0000000080006098 (0x344025f3) x11 0x0000000000000080
core   0: 0x000000008000609c (0x343025f3) csrrs   a1, mtval, zero
core   0: 3 0x000000008000609c (0x343025f3) x11 0x0000000034241973
core   0: 0x00000000800060a0 (0x14302573) csrrs   a0, stval, zero
core   0: 3 0x00000000800060a0 (0x14302573) x10 0x0000000000000627
core   0: 0x00000000800060a4 (0xb02024f3) csrrs   s1, minstret, zero
core   0: 3 0x00000000800060a4 (0xb02024f3) x9  0x0000000000000ced
core   0: 0x00000000800060a8 (0x0000a811) c.j     pc + 20
core   0: 3 0x00000000800060a8 (0xa811)
core   0: >>>>  mepc_4
core   0: 0x00000000800060bc (0x00000791) c.addi  a5, 4
core   0: 3 0x00000000800060bc (0x0791) x15 0x0000000080004e78
core   0: 0x00000000800060be (0x34179073) csrrw   zero, mepc, a5
core   0: 3 0x00000000800060be (0x34179073) c833_mepc 0x0000000080004e78
core   0: 0x00000000800060c2 (0x30200073) mret
core   0: 3 0x00000000800060c2 (0x30200073) c768_mstatus 0x8000000a00106080
core   0: 0x0000000080004e78 (0x00419ebb) sllw    t4, gp, tp
core   0: 1 0x0000000080004e78 (0x00419ebb) x29 0x00000000574c6bf8
core   0: 0x0000000080004e7c (0x06568a37) lui     s4, 0x6568
core   0: 1 0x0000000080004e7c (0x06568a37) x20 0x0000000006568000
core   0: 0x0000000080004e80 (0x597a0a1b) addiw   s4, s4, 1431
core   0: 1 0x0000000080004e80 (0x597a0a1b) x20 0x0000000006568597
core   0: 0x0000000080004e84 (0x00000a32) c.slli  s4, 12
core   0: 1 0x0000000080004e84 (0x0a32) x20 0x0000006568597000
core   0: 0x0000000080004e86 (0x69da0a13) addi    s4, s4, 1693
core   0: 1 0x0000000080004e86 (0x69da0a13) x20 0x000000656859769d
core   0: 0x0000000080004e8a (0x5a03f4d3) fsqrt.d fs1, ft7
core   0: 1 0x0000000080004e8a (0x5a03f4d3) f9  0x7ff8000000000000
core   0: 0x0000000080004e8e (0x80050513) addi    a0, a0, -2048
core   0: 1 0x0000000080004e8e (0x80050513) x10 0xfffffffffffffe27
core   0: 0x0000000080004e92 (0x006b09bb) addw    s3, s6, t1
core   0: 1 0x0000000080004e92 (0x006b09bb) x19 0x0000000034da1be3
core   0: 0x0000000080004e96 (0x011a991b) slliw   s2, s5, 17
core   0: 1 0x0000000080004e96 (0x011a991b) x18 0x0000000000320000
core   0: 0x0000000080004e9a (0x0152c033) xor     zero, t0, s5
core   0: 1 0x0000000080004e9a (0x0152c033)
core   0: 0x0000000080004e9e (0x0122843b) addw    s0, t0, s2
core   0: 1 0x0000000080004e9e (0x0122843b) x8  0x0000000000320001
core   0: 0x0000000080004ea2 (0x03d673bb) remuw   t2, a2, t4
core   0: 1 0x0000000080004ea2 (0x03d673bb) x7  0x0000000000000a00
core   0: 0x0000000080004ea6 (0x01735537) lui     a0, 0x1735
core   0: 1 0x0000000080004ea6 (0x01735537) x10 0x0000000001735000
core   0: 0x0000000080004eaa (0xc255051b) addiw   a0, a0, -987
core   0: 1 0x0000000080004eaa (0xc255051b) x10 0x0000000001734c25
core   0: 0x0000000080004eae (0x0000053a) c.slli  a0, 14
core   0: 1 0x0000000080004eae (0x053a) x10 0x0000005cd3094000
core   0: 0x0000000080004eb0 (0x9bc50513) addi    a0, a0, -1604
core   0: 1 0x0000000080004eb0 (0x9bc50513) x10 0x0000005cd30939bc
core   0: 0x0000000080004eb4 (0x006529b3) slt     s3, a0, t1
core   0: 1 0x0000000080004eb4 (0x006529b3) x19 0x0000000000000000
core   0: 0x0000000080004eb8 (0x41b1d93b) sraw    s2, gp, s11
core   0: 1 0x0000000080004eb8 (0x41b1d93b) x18 0x0000000000000000
core   0: 0x0000000080004ebc (0x401872d3) fcvt.s.d ft5, fa6
core   0: 1 0x0000000080004ebc (0x401872d3) f5  0xffffffff7fc00000
core   0: 0x0000000080004ec0 (0x002027f3) csrrs   a5, frm, zero
core   0: 1 0x0000000080004ec0 (0x002027f3) x15 0x0000000000000001
core   0: 0x0000000080004ec4 (0x00000001) c.nop
core   0: 1 0x0000000080004ec4 (0x0001)
core   0: 0x0000000080004ec6 (0x40f18233) sub     tp, gp, a5
core   0: 1 0x0000000080004ec6 (0x40f18233) x4  0x00000000574c6bf7
core   0: 0x0000000080004eca (0x83087d43) fmadd.d fs10, fa6, fa6, fa6
core   0: 1 0x0000000080004eca (0x83087d43) f26 0x7ff8000000000000
core   0: 0x0000000080004ece (0x032bfcbb) remuw   s9, s7, s2
core   0: 1 0x0000000080004ece (0x032bfcbb) x25 0x0000000000000000
core   0: 0x0000000080004ed2 (0x139278d3) fmul.d  fa7, ft4, fs9
core   0: 1 0x0000000080004ed2 (0x139278d3) f17 0x7ff8000000000000
core   0: 0x0000000080004ed6 (0x005b8ab3) add     s5, s7, t0
core   0: 1 0x0000000080004ed6 (0x005b8ab3) x21 0x0000000000000001
core   0: 0x0000000080004eda (0x41835ebb) sraw    t4, t1, s8
core   0: 1 0x0000000080004eda (0x41835ebb) x29 0x0000000000000000
core   0: 0x0000000080004ede (0xc20d75d3) fcvt.w.d a1, fs10
core   0: 1 0x0000000080004ede (0xc20d75d3) c1_fflags 0x0000000000000011 x11 0x000000007fffffff
core   0: 0x0000000080004ee2 (0x0260e43b) remw    s0, ra, t1
core   0: 1 0x0000000080004ee2 (0x0260e43b) x8  0xffffffff80004014
core   0: 0x0000000080004ee6 (0x01745033) srl     zero, s0, s7
core   0: 1 0x0000000080004ee6 (0x01745033)
core   0: 0x0000000080004eea (0xc038f653) fcvt.lu.s a2, fa7
core   0: 1 0x0000000080004eea (0xc038f653) c1_fflags 0x0000000000000011 x12 0xffffffffffffffff
core   0: 0x0000000080004eee (0x80028b9b) addiw   s7, t0, -2048
core   0: 1 0x0000000080004eee (0x80028b9b) x23 0xfffffffffffff801
core   0: 0x0000000080004ef2 (0x40f25b1b) sraiw   s6, tp, 15
core   0: 1 0x0000000080004ef2 (0x40f25b1b) x22 0x000000000000ae98
core   0: 0x0000000080004ef6 (0x02cb0733) mul     a4, s6, a2
core   0: 1 0x0000000080004ef6 (0x02cb0733) x14 0xffffffffffff5168
core   0: 0x0000000080004efa (0x01bbdd33) srl     s10, s7, s11
core   0: 1 0x0000000080004efa (0x01bbdd33) x26 0x0000000000000001
core   0: 0x0000000080004efe (0x01c58e3b) addw    t3, a1, t3
core   0: 1 0x0000000080004efe (0x01c58e3b) x28 0x000000001a35fce7
core   0: 0x0000000080004f02 (0x02bc9533) mulh    a0, s9, a1
core   0: 1 0x0000000080004f02 (0x02bc9533) x10 0x0000000000000000
core   0: 0x0000000080004f06 (0x0084193b) sllw    s2, s0, s0
core   0: 1 0x0000000080004f06 (0x0084193b) x18 0x0000000001400000
core   0: 0x0000000080004f0a (0x40e75833) sra     a6, a4, a4
core   0: 1 0x0000000080004f0a (0x40e75833) x16 0xffffffffffffffff
core   0: 0x0000000080004f0e (0x02b90b3b) mulw    s6, s2, a1
core   0: 1 0x0000000080004f0e (0x02b90b3b) x22 0xfffffffffec00000
core   0: 0x0000000080004f12 (0x0015e413) ori     s0, a1, 1
core   0: 1 0x0000000080004f12 (0x0015e413) x8  0x000000007fffffff
core   0: 0x0000000080004f16 (0xd2058bd3) fcvt.d.w fs7, a1
core   0: 1 0x0000000080004f16 (0xd2058bd3) f23 0x41dfffffffc00000
core   0: 0x0000000080004f1a (0x0280dbb3) divu    s7, ra, s0
core   0: 1 0x0000000080004f1a (0x0280dbb3) x23 0x0000000000000001
core   0: 0x0000000080004f1e (0x4008581b) sraiw   a6, a6, 0
core   0: 1 0x0000000080004f1e (0x4008581b) x16 0xffffffffffffffff
core   0: 0x0000000080004f22 (0x03782533) mulhsu  a0, a6, s7
core   0: 1 0x0000000080004f22 (0x03782533) x10 0xffffffffffffffff
core   0: 0x0000000080004f26 (0x01c56d33) or      s10, a0, t3
core   0: 1 0x0000000080004f26 (0x01c56d33) x26 0xffffffffffffffff
core   0: 0x0000000080004f2a (0x0005589b) srliw   a7, a0, 0
core   0: 1 0x0000000080004f2a (0x0005589b) x17 0xffffffffffffffff
core   0: 0x0000000080004f2e (0x03120b3b) mulw    s6, tp, a7
core   0: 1 0x0000000080004f2e (0x03120b3b) x22 0xffffffffa8b39409
core   0: 0x0000000080004f32 (0x18db4793) xori    a5, s6, 397
core   0: 1 0x0000000080004f32 (0x18db4793) x15 0xffffffffa8b39584
core   0: 0x0000000080004f36 (0x40bb07b3) sub     a5, s6, a1
core   0: 1 0x0000000080004f36 (0x40bb07b3) x15 0xffffffff28b3940a
core   0: 0x0000000080004f3a (0x03fb1e13) slli    t3, s6, 63
core   0: 1 0x0000000080004f3a (0x03fb1e13) x28 0x8000000000000000
core   0: 0x0000000080004f3e (0x00008e3e) c.mv    t3, a5
core   0: 1 0x0000000080004f3e (0x8e3e) x28 0xffffffff28b3940a
core   0: 0x0000000080004f40 (0x032983b3) mul     t2, s3, s2
core   0: 1 0x0000000080004f40 (0x032983b3) x7  0x0000000000000000
core   0: 0x0000000080004f44 (0x00838c3b) addw    s8, t2, s0
core   0: 1 0x0000000080004f44 (0x00838c3b) x24 0x000000007fffffff
core   0: 0x0000000080004f48 (0xb0206eb7) lui     t4, 0xb0206
core   0: 1 0x0000000080004f48 (0xb0206eb7) x29 0xffffffffb0206000
core   0: 0x0000000080004f4c (0x0002c5b3) xor     a1, t0, zero
core   0: 1 0x0000000080004f4c (0x0002c5b3) x11 0x0000000000000001
core   0: 0x0000000080004f50 (0x40b68033) sub     zero, a3, a1
core   0: 1 0x0000000080004f50 (0x40b68033)
core   0: 0x0000000080004f54 (0x03d9493b) divw    s2, s2, t4
core   0: 1 0x0000000080004f54 (0x03d9493b) x18 0x0000000000000000
core   0: 0x0000000080004f58 (0x40025633) sra     a2, tp, zero
core   0: 1 0x0000000080004f58 (0x40025633) x12 0x00000000574c6bf7
core   0: 0x0000000080004f5c (0x0036e1b3) or      gp, a3, gp
core   0: 1 0x0000000080004f5c (0x0036e1b3) x3  0x00000000574c6bf8
core   0: 0x0000000080004f60 (0x00ceacb3) slt     s9, t4, a2
core   0: 1 0x0000000080004f60 (0x00ceacb3) x25 0x0000000000000001
core   0: 0x0000000080004f64 (0x4015d0b3) sra     ra, a1, ra
core   0: 1 0x0000000080004f64 (0x4015d0b3) x1  0x0000000000000000
core   0: 0x0000000080004f68 (0x02ee62b7) lui     t0, 0x2ee6
core   0: 1 0x0000000080004f68 (0x02ee62b7) x5  0x0000000002ee6000
core   0: 0x0000000080004f6c (0xb252829b) addiw   t0, t0, -1243
core   0: 1 0x0000000080004f6c (0xb252829b) x5  0x0000000002ee5b25
core   0: 0x0000000080004f70 (0x000002b2) c.slli  t0, 12
core   0: 1 0x0000000080004f70 (0x02b2) x5  0x0000002ee5b25000
core   0: 0x0000000080004f72 (0x86628293) addi    t0, t0, -1946
core   0: 1 0x0000000080004f72 (0x86628293) x5  0x0000002ee5b24866
core   0: 0x0000000080004f76 (0x00185e33) srl     t3, a6, ra
core   0: 1 0x0000000080004f76 (0x00185e33) x28 0xffffffffffffffff
core   0: 0x0000000080004f7a (0x41c25033) sra     zero, tp, t3
core   0: 1 0x0000000080004f7a (0x41c25033)
core   0: 0x0000000080004f7e (0x420b8c53) fcvt.d.s fs8, fs7
core   0: 1 0x0000000080004f7e (0x420b8c53) f24 0x7ff8000000000000
core   0: 0x0000000080004f82 (0x1aa07593) andi    a1, zero, 426
core   0: 1 0x0000000080004f82 (0x1aa07593) x11 0x0000000000000000
core   0: 0x0000000080004f86 (0xd2150353) fcvt.d.wu ft6, a0
core   0: 1 0x0000000080004f86 (0xd2150353) f6  0x41efffffffe00000
core   0: 0x0000000080004f8a (0xc02c7cd3) fcvt.l.s s9, fs8
core   0: 1 0x0000000080004f8a (0xc02c7cd3) c1_fflags 0x0000000000000011 x25 0x7fffffffffffffff
core   0: 0x0000000080004f8e (0x03ce3e33) mulhu   t3, t3, t3
core   0: 1 0x0000000080004f8e (0x03ce3e33) x28 0xfffffffffffffffe
core   0: 0x0000000080004f92 (0x564e0713) addi    a4, t3, 1380
core   0: 1 0x0000000080004f92 (0x564e0713) x14 0x0000000000000562
core   0: 0x0000000080004f96 (0x03fc9b93) slli    s7, s9, 63
core   0: 1 0x0000000080004f96 (0x03fc9b93) x23 0x8000000000000000
core   0: 0x0000000080004f9a (0xa37b8253) fle.d   tp, fs7, fs7
core   0: 1 0x0000000080004f9a (0xa37b8253) x4  0x0000000000000001
core   0: 0x0000000080004f9e (0x0001519b) srliw   gp, sp, 0
core   0: 1 0x0000000080004f9e (0x0001519b) x3  0x0000000000000000
core   0: 0x0000000080004fa2 (0x0391d93b) divuw   s2, gp, s9
core   0: 1 0x0000000080004fa2 (0x0391d93b) x18 0x0000000000000000
core   0: 0x0000000080004fa6 (0x40a90ab3) sub     s5, s2, a0
core   0: 1 0x0000000080004fa6 (0x40a90ab3) x21 0x0000000000000001
core   0: 0x0000000080004faa (0x37cfc817) auipc   a6, 0x37cfc
core   0: 1 0x0000000080004faa (0x37cfc817) x16 0x00000000b7d00faa
core   0: 0x0000000080004fae (0x0350ce33) div     t3, ra, s5
core   0: 1 0x0000000080004fae (0x0350ce33) x28 0x0000000000000000
core   0: 0x0000000080004fb2 (0x001d171b) slliw   a4, s10, 1
core   0: 1 0x0000000080004fb2 (0x001d171b) x14 0xfffffffffffffffe
core   0: 0x0000000080004fb6 (0x00016813) ori     a6, sp, 0
core   0: 1 0x0000000080004fb6 (0x00016813) x16 0x0000000000000000
core   0: 0x0000000080004fba (0x40678dbb) subw    s11, a5, t1
core   0: 1 0x0000000080004fba (0x40678dbb) x27 0x0000000028b3940a
core   0: 0x0000000080004fbe (0x024d83b3) mul     t2, s11, tp
core   0: 1 0x0000000080004fbe (0x024d83b3) x7  0x0000000028b3940a
core   0: 0x0000000080004fc2 (0x030530b3) mulhu   ra, a0, a6
core   0: 1 0x0000000080004fc2 (0x030530b3) x1  0x0000000000000000
core   0: 0x0000000080004fc6 (0xc03bf453) fcvt.lu.s s0, fs7
core   0: 1 0x0000000080004fc6 (0xc03bf453) c1_fflags 0x0000000000000011 x8  0xffffffffffffffff
core   0: 0x0000000080004fca (0x02a28cb3) mul     s9, t0, a0
core   0: 1 0x0000000080004fca (0x02a28cb3) x25 0xffffffd11a4db79a
core   0: 0x0000000080004fce (0x00000001) c.nop
core   0: 1 0x0000000080004fce (0x0001)
core   0: 0x0000000080004fd0 (0x23f38fd3) fsgnj.d ft11, ft7, ft11
core   0: 1 0x0000000080004fd0 (0x23f38fd3) f31 0xfff8000000000000
core   0: 0x0000000080004fd4 (0x027ca3b3) mulhsu  t2, s9, t2
core   0: 1 0x0000000080004fd4 (0x027ca3b3) x7  0xfffffffffffffff8
core   0: 0x0000000080004fd8 (0xd223fdd3) fcvt.d.l fs11, t2
core   0: 1 0x0000000080004fd8 (0xd223fdd3) f27 0xc020000000000000
core   0: 0x0000000080004fdc (0x413e5493) srai    s1, t3, 19
core   0: 1 0x0000000080004fdc (0x413e5493) x9  0x0000000000000000
core   0: 0x0000000080004fe0 (0x40a709b3) sub     s3, a4, a0
core   0: 1 0x0000000080004fe0 (0x40a709b3) x19 0xffffffffffffffff
core   0: 0x0000000080004fe4 (0x1ad37ed3) fdiv.d  ft9, ft6, fa3
core   0: 1 0x0000000080004fe4 (0x1ad37ed3) c1_fflags 0x0000000000000011 f29 0x4030fd76de88f3a3
core   0: 0x0000000080004fe8 (0xd2180453) fcvt.d.wu fs0, a6
core   0: 1 0x0000000080004fe8 (0xd2180453) f8  0x0000000000000000
core   0: 0x0000000080004fec (0xda84734b) fnmsub.d ft6, fs0, fs0, fs11
core   0: 1 0x0000000080004fec (0xda84734b) f6  0xc020000000000000
core   0: 0x0000000080004ff0 (0x0135e5b3) or      a1, a1, s3
core   0: 1 0x0000000080004ff0 (0x0135e5b3) x11 0xffffffffffffffff
core   0: 0x0000000080004ff4 (0xb13c76b7) lui     a3, 0xb13c7
core   0: 1 0x0000000080004ff4 (0xb13c76b7) x13 0xffffffffb13c7000
core   0: 0x0000000080004ff8 (0xd02776d3) fcvt.s.l fa3, a4
core   0: 1 0x0000000080004ff8 (0xd02776d3) f13 0xffffffffc0000000
core   0: 0x0000000080004ffc (0x009a0a3b) addw    s4, s4, s1
core   0: 1 0x0000000080004ffc (0x009a0a3b) x20 0x000000006859769d
core   0: 0x0000000080005000 (0x0290c2bb) divw    t0, ra, s1
core   0: 1 0x0000000080005000 (0x0290c2bb) x5  0xffffffffffffffff
core   0: 0x0000000080005004 (0x02f629b3) mulhsu  s3, a2, a5
core   0: 1 0x0000000080005004 (0x02f629b3) x19 0x00000000574c6bf6
core   0: 0x0000000080005008 (0x00000001) c.nop
core   0: 1 0x0000000080005008 (0x0001)
core   0: 0x000000008000500a (0x00019513) slli    a0, gp, 0
core   0: 1 0x000000008000500a (0x00019513) x10 0x0000000000000000
core   0: 0x000000008000500e (0x22cdfdc7) fmsub.d fs11, fs11, fa2, ft4
core   0: 1 0x000000008000500e (0x22cdfdc7) f27 0x7ff8000000000000
core   0: 0x0000000080005012 (0x41bb06b3) sub     a3, s6, s11
core   0: 1 0x0000000080005012 (0x41bb06b3) x13 0xffffffff7fffffff
core   0: 0x0000000080005016 (0x5a037bd3) fsqrt.d fs7, ft6
core   0: 1 0x0000000080005016 (0x5a037bd3) c1_fflags 0x0000000000000011 f23 0x7ff8000000000000
core   0: 0x000000008000501a (0x00c25633) srl     a2, tp, a2
core   0: 1 0x000000008000501a (0x00c25633) x12 0x0000000000000000
core   0: 0x000000008000501e (0x42000053) fcvt.d.s ft0, ft0
core   0: 1 0x000000008000501e (0x42000053) f0  0x43f0000000000000
core   0: 0x0000000080005022 (0x403980b3) sub     ra, s3, gp
core   0: 1 0x0000000080005022 (0x403980b3) x1  0x00000000574c6bf6
core   0: 0x0000000080005026 (0x0017e793) ori     a5, a5, 1
core   0: 1 0x0000000080005026 (0x0017e793) x15 0xffffffff28b3940b
core   0: 0x000000008000502a (0x001c3eb3) sltu    t4, s8, ra
core   0: 1 0x000000008000502a (0x001c3eb3) x29 0x0000000000000000
core   0: 0x000000008000502e (0x00000001) c.nop
core   0: 1 0x000000008000502e (0x0001)
core   0: 0x0000000080005030 (0x00f94b33) xor     s6, s2, a5
core   0: 1 0x0000000080005030 (0x00f94b33) x22 0xffffffff28b3940b
core   0: 0x0000000080005034 (0x98857a17) auipc   s4, 0x98857
core   0: 1 0x0000000080005034 (0x98857a17) x20 0x000000001885c034
core   0: 0x0000000080005038 (0x0143903b) sllw    zero, t2, s4
core   0: 1 0x0000000080005038 (0x0143903b)
core   0: 0x000000008000503c (0x0aa57553) fsub.d  fa0, fa0, fa0
core   0: 1 0x000000008000503c (0x0aa57553) f10 0x7ff8000000000000
core   0: 0x0000000080005040 (0x2205a8d3) fsgnjx.d fa7, fa1, ft0
core   0: 1 0x0000000080005040 (0x2205a8d3) f17 0x43effffffffffdc0
core   0: 0x0000000080005044 (0x03d0b5b3) mulhu   a1, ra, t4
core   0: 1 0x0000000080005044 (0x03d0b5b3) x11 0x0000000000000000
core   0: 0x0000000080005048 (0x0175fab3) and     s5, a1, s7
core   0: 1 0x0000000080005048 (0x0175fab3) x21 0x0000000000000000
core   0: 0x000000008000504c (0x5c45fc13) andi    s8, a1, 1476
core   0: 1 0x000000008000504c (0x5c45fc13) x24 0x0000000000000000
core   0: 0x0000000080005050 (0x31a21d73) csrrw   s10, menvcfgh, tp
core   0: exception trap_illegal_instruction, epc 0x0000000080005050
core   0:           tval 0x0000000031a21d73
core   0: >>>>  $xrv64i2p1_m2p0_a2p1_f2p2_d2p2_zicsr2p0_zifencei2p0_zmmul1p0_zba1p0_zbb1p0_zbc1p0_zbs1p0
core   0: 0x0000000080004000 (0x0080006f) j       pc + 0x8
core   0: 3 0x0000000080004000 (0x0080006f)
core   0: >>>>  mmode_exception_handler
core   0: 0x0000000080004008 (0x00002c17) auipc   s8, 0x2
core   0: 3 0x0000000080004008 (0x00002c17) x24 0x0000000080006008
core   0: 0x000000008000400c (0x080c0c13) addi    s8, s8, 128
core   0: 3 0x000000008000400c (0x080c0c13) x24 0x0000000080006088
core   0: 0x0000000080004010 (0x000c00e7) jalr    s8
core   0: 3 0x0000000080004010 (0x000c00e7) x1  0x0000000080004014
core   0: >>>>  any_handler
core   0: 0x0000000080006088 (0x341027f3) csrrs   a5, mepc, zero
core   0: 3 0x0000000080006088 (0x341027f3) x15 0x0000000080005050
core   0: 0x000000008000608c (0x34202773) csrrs   a4, mcause, zero
core   0: 3 0x000000008000608c (0x34202773) x14 0x0000000000000002
core   0: 0x0000000080006090 (0x142026f3) csrrs   a3, scause, zero
core   0: 3 0x0000000080006090 (0x142026f3) x13 0x0000000000000000
core   0: 0x0000000080006094 (0x30402673) csrrs   a2, mie, zero
core   0: 3 0x0000000080006094 (0x30402673) x12 0x0000000000000a00
core   0: 0x0000000080006098 (0x344025f3) csrrs   a1, mip, zero
core   0: 3 0x0000000080006098 (0x344025f3) x11 0x0000000000000080
core   0: 0x000000008000609c (0x343025f3) csrrs   a1, mtval, zero
core   0: 3 0x000000008000609c (0x343025f3) x11 0x0000000031a21d73
core   0: 0x00000000800060a0 (0x14302573) csrrs   a0, stval, zero
core   0: 3 0x00000000800060a0 (0x14302573) x10 0x0000000000000627
core   0: 0x00000000800060a4 (0xb02024f3) csrrs   s1, minstret, zero
core   0: 3 0x00000000800060a4 (0xb02024f3) x9  0x0000000000000d77
core   0: 0x00000000800060a8 (0x0000a811) c.j     pc + 20
core   0: 3 0x00000000800060a8 (0xa811)
core   0: >>>>  mepc_4
core   0: 0x00000000800060bc (0x00000791) c.addi  a5, 4
core   0: 3 0x00000000800060bc (0x0791) x15 0x0000000080005054
core   0: 0x00000000800060be (0x34179073) csrrw   zero, mepc, a5
core   0: 3 0x00000000800060be (0x34179073) c833_mepc 0x0000000080005054
core   0: 0x00000000800060c2 (0x30200073) mret
core   0: 3 0x00000000800060c2 (0x30200073) c768_mstatus 0x8000000a00106080
core   0: 0x0000000080005054 (0x00219573) csrrw   a0, frm, gp
core   0: 1 0x0000000080005054 (0x00219573) x10 0x0000000000000001 c2_frm 0x0000000000000000
core   0: 0x0000000080005058 (0xe20e0cd3) fmv.x.d s9, ft8
core   0: 1 0x0000000080005058 (0xe20e0cd3) x25 0x7ff8000000000000
core   0: 0x000000008000505c (0x0ff0000f) fence   iorw,iorw
core   0: 1 0x000000008000505c (0x0ff0000f)
core   0: 0x0000000080005060 (0x01056833) or      a6, a0, a6
core   0: 1 0x0000000080005060 (0x01056833) x16 0x0000000000000001
core   0: 0x0000000080005064 (0x034a0a3b) mulw    s4, s4, s4
core   0: 1 0x0000000080005064 (0x034a0a3b) x20 0x0000000006560a90
core   0: 0x0000000080005068 (0xec98f013) andi    zero, a7, -311
core   0: 1 0x0000000080005068 (0xec98f013)
core   0: 0x000000008000506c (0xd2100b53) fcvt.d.wu fs6, zero
core   0: 1 0x000000008000506c (0xd2100b53) f22 0x0000000000000000
core   0: 0x0000000080005070 (0x9c006b13) ori     s6, zero, -1600
core   0: 1 0x0000000080005070 (0x9c006b13) x22 0xfffffffffffff9c0
core   0: 0x0000000080005074 (0x00ed4cb3) xor     s9, s10, a4
core   0: 1 0x0000000080005074 (0x00ed4cb3) x25 0xfffffffffffffffd
core   0: 0x0000000080005078 (0xc02f74d3) fcvt.l.s s1, ft10
core   0: 1 0x0000000080005078 (0xc02f74d3) c1_fflags 0x0000000000000011 x9  0x7fffffffffffffff
core   0: 0x000000008000507c (0xdb6969b7) lui     s3, 0xdb696
core   0: 1 0x000000008000507c (0xdb6969b7) x19 0xffffffffdb696000
core   0: 0x0000000080005080 (0xff417c37) lui     s8, 0xff417
core   0: 1 0x0000000080005080 (0xff417c37) x24 0xffffffffff417000
core   0: 0x0000000080005084 (0x287c0c1b) addiw   s8, s8, 647
core   0: 1 0x0000000080005084 (0x287c0c1b) x24 0xffffffffff417287
core   0: 0x0000000080005088 (0x00000c3a) c.slli  s8, 14
core   0: 1 0x0000000080005088 (0x0c3a) x24 0xffffffd05ca1c000
core   0: 0x000000008000508a (0x00001c55) c.addi  s8, -11
core   0: 1 0x000000008000508a (0x1c55) x24 0xffffffd05ca1bff5
core   0: 0x000000008000508c (0x0363db3b) divuw   s6, t2, s6
core   0: 1 0x000000008000508c (0x0363db3b) x22 0x0000000000000001
core   0: 0x0000000080005090 (0xc03f71d3) fcvt.lu.s gp, ft10
core   0: 1 0x0000000080005090 (0xc03f71d3) c1_fflags 0x0000000000000011 x3  0xffffffffffffffff
core   0: 0x0000000080005094 (0xc221fdd3) fcvt.l.d s11, ft3
core   0: 1 0x0000000080005094 (0xc221fdd3) x27 0x000000000eedd60d
core   0: 0x0000000080005098 (0x40055393) srai    t2, a0, 0
core   0: 1 0x0000000080005098 (0x40055393) x7  0x0000000000000001
core   0: 0x000000008000509c (0x02fc0e3b) mulw    t3, s8, a5
core   0: 1 0x000000008000509c (0x02fc0e3b) x28 0x00000000710f8c64
core   0: 0x00000000800050a0 (0x001df313) andi    t1, s11, 1
core   0: 1 0x00000000800050a0 (0x001df313) x6  0x0000000000000001
core   0: 0x00000000800050a4 (0x00cb5633) srl     a2, s6, a2
core   0: 1 0x00000000800050a4 (0x00cb5633) x12 0x0000000000000001
core   0: 0x00000000800050a8 (0x4100d0bb) sraw    ra, ra, a6
core   0: 1 0x00000000800050a8 (0x4100d0bb) x1  0xffffffffc000200a
core   0: 0x00000000800050ac (0xd22b7653) fcvt.d.l fa2, s6
core   0: 1 0x00000000800050ac (0xd22b7653) f12 0x3ff0000000000000
core   0: 0x00000000800050b0 (0x00166713) ori     a4, a2, 1
core   0: 1 0x00000000800050b0 (0x00166713) x14 0x0000000000000001
core   0: 0x00000000800050b4 (0x0ae5fdd3) fsub.d  fs11, fa1, fa4
core   0: 1 0x00000000800050b4 (0x0ae5fdd3) f27 0x0000000000000000
core   0: 0x00000000800050b8 (0x341350b7) lui     ra, 0x34135
core   0: 1 0x00000000800050b8 (0x341350b7) x1  0x0000000034135000
core   0: 0x00000000800050bc (0x0007039b) sext.w  t2, a4
core   0: 1 0x00000000800050bc (0x0007039b) x7  0x0000000000000001
core   0: 0x00000000800050c0 (0xc2367853) fcvt.lu.d a6, fa2
core   0: 1 0x00000000800050c0 (0xc2367853) x16 0x0000000000000001
core   0: 0x00000000800050c4 (0xd21c0453) fcvt.d.wu fs0, s8
core   0: 1 0x00000000800050c4 (0xd21c0453) f8  0x41d7286ffd400000
core   0: 0x00000000800050c8 (0x0058159b) slliw   a1, a6, 5
core   0: 1 0x00000000800050c8 (0x0058159b) x11 0x0000000000000020
core   0: 0x00000000800050cc (0x13e87853) fmul.d  fa6, fa6, ft10
core   0: 1 0x00000000800050cc (0x13e87853) f16 0x7ff8000000000000
core   0: 0x00000000800050d0 (0x40dc07b3) sub     a5, s8, a3
core   0: 1 0x00000000800050d0 (0x40dc07b3) x15 0xffffffd05ca1bff5
core   0: 0x00000000800050d4 (0x00000001) c.nop
core   0: 1 0x00000000800050d4 (0x0001)
core   0: 0x00000000800050d6 (0x0ff0000f) fence   iorw,iorw
core   0: 1 0x00000000800050d6 (0x0ff0000f)
core   0: 0x00000000800050da (0x0ff0000f) fence   iorw,iorw
core   0: 1 0x00000000800050da (0x0ff0000f)
core   0: 0x00000000800050de (0xb8205a73) csrrwi  s4, minstreth, 0
core   0: exception trap_illegal_instruction, epc 0x00000000800050de
core   0:           tval 0x00000000b8205a73
core   0: >>>>  $xrv64i2p1_m2p0_a2p1_f2p2_d2p2_zicsr2p0_zifencei2p0_zmmul1p0_zba1p0_zbb1p0_zbc1p0_zbs1p0
core   0: 0x0000000080004000 (0x0080006f) j       pc + 0x8
core   0: 3 0x0000000080004000 (0x0080006f)
core   0: >>>>  mmode_exception_handler
core   0: 0x0000000080004008 (0x00002c17) auipc   s8, 0x2
core   0: 3 0x0000000080004008 (0x00002c17) x24 0x0000000080006008
core   0: 0x000000008000400c (0x080c0c13) addi    s8, s8, 128
core   0: 3 0x000000008000400c (0x080c0c13) x24 0x0000000080006088
core   0: 0x0000000080004010 (0x000c00e7) jalr    s8
core   0: 3 0x0000000080004010 (0x000c00e7) x1  0x0000000080004014
core   0: >>>>  any_handler
core   0: 0x0000000080006088 (0x341027f3) csrrs   a5, mepc, zero
core   0: 3 0x0000000080006088 (0x341027f3) x15 0x00000000800050de
core   0: 0x000000008000608c (0x34202773) csrrs   a4, mcause, zero
core   0: 3 0x000000008000608c (0x34202773) x14 0x0000000000000002
core   0: 0x0000000080006090 (0x142026f3) csrrs   a3, scause, zero
core   0: 3 0x0000000080006090 (0x142026f3) x13 0x0000000000000000
core   0: 0x0000000080006094 (0x30402673) csrrs   a2, mie, zero
core   0: 3 0x0000000080006094 (0x30402673) x12 0x0000000000000a00
core   0: 0x0000000080006098 (0x344025f3) csrrs   a1, mip, zero
core   0: 3 0x0000000080006098 (0x344025f3) x11 0x0000000000000080
core   0: 0x000000008000609c (0x343025f3) csrrs   a1, mtval, zero
core   0: 3 0x000000008000609c (0x343025f3) x11 0x00000000b8205a73
core   0: 0x00000000800060a0 (0x14302573) csrrs   a0, stval, zero
core   0: 3 0x00000000800060a0 (0x14302573) x10 0x0000000000000627
core   0: 0x00000000800060a4 (0xb02024f3) csrrs   s1, minstret, zero
core   0: 3 0x00000000800060a4 (0xb02024f3) x9  0x0000000000000dab
core   0: 0x00000000800060a8 (0x0000a811) c.j     pc + 20
core   0: 3 0x00000000800060a8 (0xa811)
core   0: >>>>  mepc_4
core   0: 0x00000000800060bc (0x00000791) c.addi  a5, 4
core   0: 3 0x00000000800060bc (0x0791) x15 0x00000000800050e2
core   0: 0x00000000800060be (0x34179073) csrrw   zero, mepc, a5
core   0: 3 0x00000000800060be (0x34179073) c833_mepc 0x00000000800050e2
core   0: 0x00000000800060c2 (0x30200073) mret
core   0: 3 0x00000000800060c2 (0x30200073) c768_mstatus 0x8000000a00106080
core   0: 0x00000000800050e2 (0x00000001) c.nop
core   0: 1 0x00000000800050e2 (0x0001)
core   0: 0x00000000800050e4 (0x001214f3) csrrw   s1, fflags, tp
core   0: 1 0x00000000800050e4 (0x001214f3) x9  0x0000000000000011 c1_fflags 0x0000000000000001
core   0: 0x00000000800050e8 (0x01eb5a93) srli    s5, s6, 30
core   0: 1 0x00000000800050e8 (0x01eb5a93) x21 0x0000000000000000
core   0: 0x00000000800050ec (0x009afeb3) and     t4, s5, s1
core   0: 1 0x00000000800050ec (0x009afeb3) x29 0x0000000000000000
core   0: 0x00000000800050f0 (0xc20cf853) fcvt.w.d a6, fs9
core   0: 1 0x00000000800050f0 (0xc20cf853) c1_fflags 0x0000000000000011 x16 0x000000007fffffff
core   0: 0x00000000800050f4 (0xc22df0d3) fcvt.l.d ra, fs11
core   0: 1 0x00000000800050f4 (0xc22df0d3) x1  0x0000000000000000
core   0: 0x00000000800050f8 (0x02da66b3) rem     a3, s4, a3
core   0: 1 0x00000000800050f8 (0x02da66b3) x13 0x0000000006560a90
core   0: 0x00000000800050fc (0x00202cf3) csrrs   s9, frm, zero
core   0: 1 0x00000000800050fc (0x00202cf3) x25 0x0000000000000000
core   0: 0x0000000080005100 (0x13890b93) addi    s7, s2, 312
core   0: 1 0x0000000080005100 (0x13890b93) x23 0x0000000000000138
core   0: 0x0000000080005104 (0x00a53533) sltu    a0, a0, a0
core   0: 1 0x0000000080005104 (0x00a53533) x10 0x0000000000000000
core   0: 0x0000000080005108 (0x4e53e293) ori     t0, t2, 1253
core   0: 1 0x0000000080005108 (0x4e53e293) x5  0x00000000000004e5
core   0: 0x000000008000510c (0x224918d3) fsgnjn.d fa7, fs2, ft4
core   0: 1 0x000000008000510c (0x224918d3) f17 0x0000000000000000
core   0: 0x0000000080005110 (0x4050d0bb) sraw    ra, ra, t0
core   0: 1 0x0000000080005110 (0x4050d0bb) x1  0x0000000000000000
core   0: 0x0000000080005114 (0x03bd9a93) slli    s5, s11, 59
core   0: 1 0x0000000080005114 (0x03bd9a93) x21 0x6800000000000000
core   0: 0x0000000080005118 (0xfffdfe93) andi    t4, s11, -1
core   0: 1 0x0000000080005118 (0xfffdfe93) x29 0x000000000eedd60d
core   0: 0x000000008000511c (0xd03ef4d3) fcvt.s.lu fs1, t4
core   0: 1 0x000000008000511c (0xd03ef4d3) c1_fflags 0x0000000000000011 f9  0xffffffff4d6edd61
core   0: 0x0000000080005120 (0x4006dc1b) sraiw   s8, a3, 0
core   0: 1 0x0000000080005120 (0x4006dc1b) x24 0x0000000006560a90
core   0: 0x0000000080005124 (0x4016fdd3) fcvt.s.d fs11, fa3
core   0: 1 0x0000000080005124 (0x4016fdd3) f27 0xffffffff7fc00000
core   0: 0x0000000080005128 (0x00139c13) slli    s8, t2, 1
core   0: 1 0x0000000080005128 (0x00139c13) x24 0x0000000000000002
core   0: 0x000000008000512c (0x02fa774f) fnmadd.d fa4, fs4, fa5, ft0
core   0: 1 0x000000008000512c (0x02fa774f) c1_fflags 0x0000000000000011 f14 0xc3efffffff200000
core   0: 0x0000000080005130 (0x03dc2ab3) mulhsu  s5, s8, t4
core   0: 1 0x0000000080005130 (0x03dc2ab3) x21 0x0000000000000000
core   0: 0x0000000080005134 (0x000c011b) sext.w  sp, s8
core   0: 1 0x0000000080005134 (0x000c011b) x2  0x0000000000000002
core   0: 0x0000000080005138 (0x00109773) csrrw   a4, fflags, ra
core   0: 1 0x0000000080005138 (0x00109773) x14 0x0000000000000011 c1_fflags 0x0000000000000000
core   0: 0x000000008000513c (0x01869ab3) sll     s5, a3, s8
core   0: 1 0x000000008000513c (0x01869ab3) x21 0x0000000019582a40
core   0: 0x0000000080005140 (0x416d501b) sraiw   zero, s10, 22
core   0: 1 0x0000000080005140 (0x416d501b)
core   0: 0x0000000080005144 (0x01ad88b3) add     a7, s11, s10
core   0: 1 0x0000000080005144 (0x01ad88b3) x17 0x000000000eedd60c
core   0: 0x0000000080005148 (0xd2048a53) fcvt.d.w fs4, s1
core   0: 1 0x0000000080005148 (0xd2048a53) f20 0x4031000000000000
core   0: 0x000000008000514c (0x4135043b) subw    s0, a0, s3
core   0: 1 0x000000008000514c (0x4135043b) x8  0x000000002496a000
core   0: 0x0000000080005150 (0x4009d013) srai    zero, s3, 0
core   0: 1 0x0000000080005150 (0x4009d013)
core   0: 0x0000000080005154 (0x1949f697) auipc   a3, 0x1949f
core   0: 1 0x0000000080005154 (0x1949f697) x13 0x00000000994a4154
core   0: 0x0000000080005158 (0x0196eb33) or      s6, a3, s9
core   0: 1 0x0000000080005158 (0x0196eb33) x22 0x00000000994a4154
core   0: 0x000000008000515c (0x40005713) srai    a4, zero, 0
core   0: 1 0x000000008000515c (0x40005713) x14 0x0000000000000000
core   0: 0x0000000080005160 (0xd22cfd53) fcvt.d.l fs10, s9
core   0: 1 0x0000000080005160 (0xd22cfd53) f26 0x0000000000000000
core   0: 0x0000000080005164 (0x2a1377cf) fnmadd.d fa5, ft6, ft1, ft5
core   0: 1 0x0000000080005164 (0x2a1377cf) f15 0x7ff8000000000000
core   0: 0x0000000080005168 (0x4100803b) subw    zero, ra, a6
core   0: 1 0x0000000080005168 (0x4100803b)
core   0: 0x000000008000516c (0xd0207b53) fcvt.s.l fs6, zero
core   0: 1 0x000000008000516c (0xd0207b53) f22 0xffffffff00000000
core   0: 0x0000000080005170 (0x00024213) xori    tp, tp, 0
core   0: 1 0x0000000080005170 (0x00024213) x4  0x0000000000000001
core   0: 0x0000000080005174 (0x012dc933) xor     s2, s11, s2
core   0: 1 0x0000000080005174 (0x012dc933) x18 0x000000000eedd60d
core   0: 0x0000000080005178 (0x01bedeb3) srl     t4, t4, s11
core   0: 1 0x0000000080005178 (0x01bedeb3) x29 0x000000000000776e
core   0: 0x000000008000517c (0x02fa9ab3) mulh    s5, s5, a5
core   0: 1 0x000000008000517c (0x02fa9ab3) x21 0x0000000000000000
core   0: 0x0000000080005180 (0x020dfdb3) remu    s11, s11, zero
core   0: 1 0x0000000080005180 (0x020dfdb3) x27 0x000000000eedd60d
core   0: 0x0000000080005184 (0x220afd4f) fnmadd.d fs10, fs5, ft0, ft4
core   0: 1 0x0000000080005184 (0x220afd4f) f26 0x7ff8000000000000
core   0: 0x0000000080005188 (0x00000001) c.nop
core   0: 1 0x0000000080005188 (0x0001)
core   0: 0x000000008000518a (0x22c696d3) fsgnjn.d fa3, fa3, fa2
core   0: 1 0x000000008000518a (0x22c696d3) f13 0xffffffffc0000000
core   0: 0x000000008000518e (0x6adb794b) fnmsub.d fs2, fs6, fa3, fa3
core   0: 1 0x000000008000518e (0x6adb794b) f18 0x7ff8000000000000
core   0: 0x0000000080005192 (0x009b9e93) slli    t4, s7, 9
core   0: 1 0x0000000080005192 (0x009b9e93) x29 0x0000000000027000
core   0: 0x0000000080005196 (0x0279f6d3) fadd.d  fa3, fs3, ft7
core   0: 1 0x0000000080005196 (0x0279f6d3) f13 0x7ff8000000000000
core   0: 0x000000008000519a (0x0af7e417) auipc   s0, 0xaf7e
core   0: 1 0x000000008000519a (0x0af7e417) x8  0x000000008af8319a
core   0: 0x000000008000519e (0x5c7c8d9b) addiw   s11, s9, 1479
core   0: 1 0x000000008000519e (0x5c7c8d9b) x27 0x00000000000005c7
core   0: 0x00000000800051a2 (0x00008609) c.srai  a2, 2
core   0: 1 0x00000000800051a2 (0x8609) x12 0x0000000000000280
core   0: 0x00000000800051a4 (0x006319bb) sllw    s3, t1, t1
core   0: 1 0x00000000800051a4 (0x006319bb) x19 0x0000000000000002
core   0: 0x00000000800051a8 (0x008467b3) or      a5, s0, s0
core   0: 1 0x00000000800051a8 (0x008467b3) x15 0x000000008af8319a
core   0: 0x00000000800051ac (0x405158bb) sraw    a7, sp, t0
core   0: 1 0x00000000800051ac (0x405158bb) x17 0x0000000000000000
core   0: 0x00000000800051b0 (0xc03873d3) fcvt.lu.s t2, fa6
core   0: 1 0x00000000800051b0 (0xc03873d3) c1_fflags 0x0000000000000010 x7  0xffffffffffffffff
core   0: 0x00000000800051b4 (0x0160c533) xor     a0, ra, s6
core   0: 1 0x00000000800051b4 (0x0160c533) x10 0x00000000994a4154
core   0: 0x00000000800051b8 (0xf2040ad3) fmv.d.x fs5, s0
core   0: 1 0x00000000800051b8 (0xf2040ad3) f21 0x000000008af8319a
core   0: 0x00000000800051bc (0xd2050fd3) fcvt.d.w ft11, a0
core   0: 1 0x00000000800051bc (0xd2050fd3) f31 0xc1d9ad6fab000000
core   0: 0x00000000800051c0 (0x41bcda33) sra     s4, s9, s11
core   0: 1 0x00000000800051c0 (0x41bcda33) x20 0x0000000000000000
core   0: 0x00000000800051c4 (0x00f84833) xor     a6, a6, a5
core   0: 1 0x00000000800051c4 (0x00f84833) x16 0x00000000f507ce65
core   0: 0x00000000800051c8 (0x8353734b) fnmsub.d ft6, ft6, fs5, fa6
core   0: 1 0x00000000800051c8 (0x8353734b) f6  0x7ff8000000000000
core   0: 0x00000000800051cc (0x401afc53) fcvt.s.d fs8, fs5
core   0: 1 0x00000000800051cc (0x401afc53) c1_fflags 0x0000000000000013 f24 0xffffffff00000000
core   0: 0x00000000800051d0 (0x025782b3) mul     t0, a5, t0
core   0: 1 0x00000000800051d0 (0x025782b3) x5  0x000002a830cac6c2
core   0: 0x00000000800051d4 (0x03b86db3) rem     s11, a6, s11
core   0: 1 0x00000000800051d4 (0x03b86db3) x27 0x00000000000000ca
core   0: 0x00000000800051d8 (0x2a681853) fmax.d  fa6, fa6, ft6
core   0: 1 0x00000000800051d8 (0x2a681853) f16 0x7ff8000000000000
core   0: 0x00000000800051dc (0xaed8089b) addiw   a7, a6, -1299
core   0: 1 0x00000000800051dc (0xaed8089b) x17 0xfffffffff507c952
core   0: 0x00000000800051e0 (0x03a5ce37) lui     t3, 0x3a5c
core   0: 1 0x00000000800051e0 (0x03a5ce37) x28 0x0000000003a5c000
core   0: 0x00000000800051e4 (0xd55e0e1b) addiw   t3, t3, -683
core   0: 1 0x00000000800051e4 (0xd55e0e1b) x28 0x0000000003a5bd55
core   0: 0x00000000800051e8 (0x00000e32) c.slli  t3, 12
core   0: 1 0x00000000800051e8 (0x0e32) x28 0x0000003a5bd55000
core   0: 0x00000000800051ea (0x4ede0e13) addi    t3, t3, 1261
core   0: 1 0x00000000800051ea (0x4ede0e13) x28 0x0000003a5bd554ed
core   0: 0x00000000800051ee (0x2b888b53) fmin.d  fs6, fa7, fs8
core   0: 1 0x00000000800051ee (0x2b888b53) f22 0x0000000000000000
core   0: 0x00000000800051f2 (0x01a0f433) and     s0, ra, s10
core   0: 1 0x00000000800051f2 (0x01a0f433) x8  0x0000000000000000
core   0: 0x00000000800051f6 (0x017657bb) srlw    a5, a2, s7
core   0: 1 0x00000000800051f6 (0x017657bb) x15 0x0000000000000000
core   0: 0x00000000800051fa (0x5a0ef0d3) fsqrt.d ft1, ft9
core   0: 1 0x00000000800051fa (0x5a0ef0d3) c1_fflags 0x0000000000000013 f1  0x40107cd47b081afc
core   0: 0x00000000800051fe (0x9b2f8b17) auipc   s6, 0x9b2f8
core   0: 1 0x00000000800051fe (0x9b2f8b17) x22 0x000000001b2fd1fe
core   0: 0x0000000080005202 (0x400ddd93) srai    s11, s11, 0
core   0: 1 0x0000000080005202 (0x400ddd93) x27 0x00000000000000ca
core   0: 0x0000000080005206 (0x03be6e3b) remw    t3, t3, s11
core   0: 1 0x0000000080005206 (0x03be6e3b) x28 0x0000000000000023
core   0: 0x000000008000520a (0x400cdc9b) sraiw   s9, s9, 0
core   0: 1 0x000000008000520a (0x400cdc9b) x25 0x0000000000000000
core   0: 0x000000008000520e (0x00000001) c.nop
core   0: 1 0x000000008000520e (0x0001)
core   0: 0x0000000080005210 (0x419c863b) subw    a2, s9, s9
core   0: 1 0x0000000080005210 (0x419c863b) x12 0x0000000000000000
core   0: 0x0000000080005214 (0x00229173) csrrw   sp, frm, t0
core   0: 1 0x0000000080005214 (0x00229173) x2  0x0000000000000000 c2_frm 0x0000000000000002
core   0: 0x0000000080005218 (0x0b697453) fsub.d  fs0, fs2, fs6
core   0: 1 0x0000000080005218 (0x0b697453) f8  0x7ff8000000000000
core   0: 0x000000008000521c (0x0ff0000f) fence   iorw,iorw
core   0: 1 0x000000008000521c (0x0ff0000f)
core   0: 0x0000000080005220 (0x10a89073) csrrw   zero, senvcfg, a7
core   0: 1 0x0000000080005220 (0x10a89073) c266_senvcfg 0x0000000000000000
core   0: 0x0000000080005224 (0x0073f2b3) and     t0, t2, t2
core   0: 1 0x0000000080005224 (0x0073f2b3) x5  0xffffffffffffffff
core   0: 0x0000000080005228 (0x228098d3) fsgnjn.d fa7, ft1, fs0
core   0: 1 0x0000000080005228 (0x228098d3) f17 0xc0107cd47b081afc
core   0: 0x000000008000522c (0x3ac46a93) ori     s5, s0, 940
core   0: 1 0x000000008000522c (0x3ac46a93) x21 0x00000000000003ac
core   0: 0x0000000080005230 (0xd22af0d3) fcvt.d.l ft1, s5
core   0: 1 0x0000000080005230 (0xd22af0d3) f1  0x408d600000000000
core   0: 0x0000000080005234 (0x10a91073) csrrw   zero, senvcfg, s2
core   0: 1 0x0000000080005234 (0x10a91073) c266_senvcfg 0x0000000000000000
core   0: 0x0000000080005238 (0x1062f073) csrrci  zero, scounteren, 5
core   0: 1 0x0000000080005238 (0x1062f073) c262_scounteren 0x0000000000000000
core   0: 0x000000008000523c (0xe2070bd3) fmv.x.d s7, fa4
core   0: 1 0x000000008000523c (0xe2070bd3) x23 0xc3efffffff200000
core   0: 0x0000000080005240 (0x0321813b) mulw    sp, gp, s2
core   0: 1 0x0000000080005240 (0x0321813b) x2  0xfffffffff11229f3
core   0: 0x0000000080005244 (0x2bb09e53) fmax.d  ft8, ft1, fs11
core   0: 1 0x0000000080005244 (0x2bb09e53) f28 0x408d600000000000
core   0: 0x0000000080005248 (0xd232f753) fcvt.d.lu fa4, t0
core   0: 1 0x0000000080005248 (0xd232f753) c1_fflags 0x0000000000000013 f14 0x43efffffffffffff
core   0: 0x000000008000524c (0xda127f4f) fnmadd.d ft10, ft4, ft1, fs11
core   0: 1 0x000000008000524c (0xda127f4f) f30 0x7ff8000000000000
core   0: 0x0000000080005250 (0x014cd53b) srlw    a0, s9, s4
core   0: 1 0x0000000080005250 (0x014cd53b) x10 0x0000000000000000
core   0: 0x0000000080005254 (0x2bc41ed3) fmax.d  ft9, fs0, ft8
core   0: 1 0x0000000080005254 (0x2bc41ed3) f29 0x408d600000000000
core   0: 0x0000000080005258 (0xd2287453) fcvt.d.l fs0, a6
core   0: 1 0x0000000080005258 (0xd2287453) f8  0x41eea0f9cca00000
core   0: 0x000000008000525c (0x03a5ee33) rem     t3, a1, s10
core   0: 1 0x000000008000525c (0x03a5ee33) x28 0x0000000000000000
core   0: 0x0000000080005260 (0x2adb8bd3) fmin.d  fs7, fs7, fa3
core   0: 1 0x0000000080005260 (0x2adb8bd3) f23 0x7ff8000000000000
core   0: 0x0000000080005264 (0xd235f653) fcvt.d.lu fa2, a1
core   0: 1 0x0000000080005264 (0xd235f653) f12 0x41e7040b4e600000
core   0: 0x0000000080005268 (0x01348233) add     tp, s1, s3
core   0: 1 0x0000000080005268 (0x01348233) x4  0x0000000000000013
core   0: 0x000000008000526c (0xd2148853) fcvt.d.wu fa6, s1
core   0: 1 0x000000008000526c (0xd2148853) f16 0x4031000000000000
core   0: 0x0000000080005270 (0x5a0471d3) fsqrt.d ft3, fs0
core   0: 1 0x0000000080005270 (0x5a0471d3) c1_fflags 0x0000000000000013 f3  0x40ef4e90fb7e8012
core   0: 0x0000000080005274 (0x0ff0000f) fence   iorw,iorw
core   0: 1 0x0000000080005274 (0x0ff0000f)
core   0: 0x0000000080005278 (0x22f1acd3) fsgnjx.d fs9, ft3, fa5
core   0: 1 0x0000000080005278 (0x22f1acd3) f25 0x40ef4e90fb7e8012
core   0: 0x000000008000527c (0x380349b7) lui     s3, 0x38034
core   0: 1 0x000000008000527c (0x380349b7) x19 0x0000000038034000
core   0: 0x0000000080005280 (0x0167133b) sllw    t1, a4, s6
core   0: 1 0x0000000080005280 (0x0167133b) x6  0x0000000000000000
core   0: 0x0000000080005284 (0xc201f4d3) fcvt.w.d s1, ft3
core   0: 1 0x0000000080005284 (0xc201f4d3) c1_fflags 0x0000000000000013 x9  0x000000000000fa74
core   0: 0x0000000080005288 (0x03884033) div     zero, a6, s8
core   0: 1 0x0000000080005288 (0x03884033)
core   0: 0x000000008000528c (0x0185d93b) srlw    s2, a1, s8
core   0: 1 0x000000008000528c (0x0185d93b) x18 0x000000002e08169c
core   0: 0x0000000080005290 (0x02d6c7bb) divw    a5, a3, a3
core   0: 1 0x0000000080005290 (0x02d6c7bb) x15 0x0000000000000001
core   0: 0x0000000080005294 (0x034ed893) srli    a7, t4, 52
core   0: 1 0x0000000080005294 (0x034ed893) x17 0x0000000000000000
core   0: 0x0000000080005298 (0x014e9a33) sll     s4, t4, s4
core   0: 1 0x0000000080005298 (0x014e9a33) x20 0x0000000000027000
core   0: 0x000000008000529c (0x41175733) sra     a4, a4, a7
core   0: 1 0x000000008000529c (0x41175733) x14 0x0000000000000000
core   0: 0x00000000800052a0 (0x010d5d33) srl     s10, s10, a6
core   0: 1 0x00000000800052a0 (0x010d5d33) x26 0x0000000007ffffff
core   0: 0x00000000800052a4 (0x41c755b3) sra     a1, a4, t3
core   0: 1 0x00000000800052a4 (0x41c755b3) x11 0x0000000000000000
core   0: 0x00000000800052a8 (0x00b045b3) xor     a1, zero, a1
core   0: 1 0x00000000800052a8 (0x00b045b3) x11 0x0000000000000000
core   0: 0x00000000800052ac (0x0373e3b3) rem     t2, t2, s7
core   0: 1 0x00000000800052ac (0x0373e3b3) x7  0xffffffffffffffff
core   0: 0x00000000800052b0 (0x039958b3) divu    a7, s2, s9
core   0: 1 0x00000000800052b0 (0x039958b3) x17 0xffffffffffffffff
core   0: 0x00000000800052b4 (0xd02275d3) fcvt.s.l fa1, tp
core   0: 1 0x00000000800052b4 (0xd02275d3) f11 0xffffffff41980000
core   0: 0x00000000800052b8 (0x9dfa7e37) lui     t3, 0x9dfa7
core   0: 1 0x00000000800052b8 (0x9dfa7e37) x28 0xffffffff9dfa7000
core   0: 0x00000000800052bc (0x00009dc2) c.add   s11, a6
core   0: 1 0x00000000800052bc (0x9dc2) x27 0x00000000f507cf2f
core   0: 0x00000000800052be (0x0119549b) srliw   s1, s2, 17
core   0: 1 0x00000000800052be (0x0119549b) x9  0x0000000000001704
core   0: 0x00000000800052c2 (0xf13fec73) csrrsi  s8, mimpid, 31
core   0: exception trap_illegal_instruction, epc 0x00000000800052c2
core   0:           tval 0x00000000f13fec73
core   0: >>>>  $xrv64i2p1_m2p0_a2p1_f2p2_d2p2_zicsr2p0_zifencei2p0_zmmul1p0_zba1p0_zbb1p0_zbc1p0_zbs1p0
core   0: 0x0000000080004000 (0x0080006f) j       pc + 0x8
core   0: 3 0x0000000080004000 (0x0080006f)
core   0: >>>>  mmode_exception_handler
core   0: 0x0000000080004008 (0x00002c17) auipc   s8, 0x2
core   0: 3 0x0000000080004008 (0x00002c17) x24 0x0000000080006008
core   0: 0x000000008000400c (0x080c0c13) addi    s8, s8, 128
core   0: 3 0x000000008000400c (0x080c0c13) x24 0x0000000080006088
core   0: 0x0000000080004010 (0x000c00e7) jalr    s8
core   0: 3 0x0000000080004010 (0x000c00e7) x1  0x0000000080004014
core   0: >>>>  any_handler
core   0: 0x0000000080006088 (0x341027f3) csrrs   a5, mepc, zero
core   0: 3 0x0000000080006088 (0x341027f3) x15 0x00000000800052c2
core   0: 0x000000008000608c (0x34202773) csrrs   a4, mcause, zero
core   0: 3 0x000000008000608c (0x34202773) x14 0x0000000000000002
core   0: 0x0000000080006090 (0x142026f3) csrrs   a3, scause, zero
core   0: 3 0x0000000080006090 (0x142026f3) x13 0x0000000000000000
core   0: 0x0000000080006094 (0x30402673) csrrs   a2, mie, zero
core   0: 3 0x0000000080006094 (0x30402673) x12 0x0000000000000a00
core   0: 0x0000000080006098 (0x344025f3) csrrs   a1, mip, zero
core   0: 3 0x0000000080006098 (0x344025f3) x11 0x0000000000000080
core   0: 0x000000008000609c (0x343025f3) csrrs   a1, mtval, zero
core   0: 3 0x000000008000609c (0x343025f3) x11 0x00000000f13fec73
core   0: 0x00000000800060a0 (0x14302573) csrrs   a0, stval, zero
core   0: 3 0x00000000800060a0 (0x14302573) x10 0x0000000000000627
core   0: 0x00000000800060a4 (0xb02024f3) csrrs   s1, minstret, zero
core   0: 3 0x00000000800060a4 (0xb02024f3) x9  0x0000000000000e36
core   0: 0x00000000800060a8 (0x0000a811) c.j     pc + 20
core   0: 3 0x00000000800060a8 (0xa811)
core   0: >>>>  mepc_4
core   0: 0x00000000800060bc (0x00000791) c.addi  a5, 4
core   0: 3 0x00000000800060bc (0x0791) x15 0x00000000800052c6
core   0: 0x00000000800060be (0x34179073) csrrw   zero, mepc, a5
core   0: 3 0x00000000800060be (0x34179073) c833_mepc 0x00000000800052c6
core   0: 0x00000000800060c2 (0x30200073) mret
core   0: 3 0x00000000800060c2 (0x30200073) c768_mstatus 0x8000000a00106080
core   0: 0x00000000800052c6 (0xc232fc53) fcvt.lu.d s8, ft5
core   0: 1 0x00000000800052c6 (0xc232fc53) c1_fflags 0x0000000000000013 x24 0xffffffffffffffff
core   0: 0x00000000800052ca (0x0054591b) srliw   s2, s0, 5
core   0: 1 0x00000000800052ca (0x0054591b) x18 0x0000000000000000
core   0: 0x00000000800052ce (0x000c1b1b) slliw   s6, s8, 0
core   0: 1 0x00000000800052ce (0x000c1b1b) x22 0xffffffffffffffff
core   0: 0x00000000800052d2 (0x032b4ebb) divw    t4, s6, s2
core   0: 1 0x00000000800052d2 (0x032b4ebb) x29 0xffffffffffffffff
core   0: 0x00000000800052d6 (0x007a8cb3) add     s9, s5, t2
core   0: 1 0x00000000800052d6 (0x007a8cb3) x25 0x00000000000003ab
core   0: 0x00000000800052da (0xc22bfdd3) fcvt.l.d s11, fs7
core   0: 1 0x00000000800052da (0xc22bfdd3) c1_fflags 0x0000000000000013 x27 0x7fffffffffffffff
core   0: 0x00000000800052de (0x00369a1b) slliw   s4, a3, 3
core   0: 1 0x00000000800052de (0x00369a1b) x20 0x0000000000000000
core   0: 0x00000000800052e2 (0x00102e73) csrrs   t3, fflags, zero
core   0: 1 0x00000000800052e2 (0x00102e73) x28 0x0000000000000013
core   0: 0x00000000800052e6 (0x023f78d3) fadd.d  fa7, ft10, ft3
core   0: 1 0x00000000800052e6 (0x023f78d3) f17 0x7ff8000000000000
core   0: 0x00000000800052ea (0x4015f853) fcvt.s.d fa6, fa1
core   0: 1 0x00000000800052ea (0x4015f853) f16 0xffffffff7fc00000
core   0: 0x00000000800052ee (0x320073f3) csrrci  t2, mcountinhibit, 0
core   0: exception trap_illegal_instruction, epc 0x00000000800052ee
core   0:           tval 0x00000000320073f3
core   0: >>>>  $xrv64i2p1_m2p0_a2p1_f2p2_d2p2_zicsr2p0_zifencei2p0_zmmul1p0_zba1p0_zbb1p0_zbc1p0_zbs1p0
core   0: 0x0000000080004000 (0x0080006f) j       pc + 0x8
core   0: 3 0x0000000080004000 (0x0080006f)
core   0: >>>>  mmode_exception_handler
core   0: 0x0000000080004008 (0x00002c17) auipc   s8, 0x2
core   0: 3 0x0000000080004008 (0x00002c17) x24 0x0000000080006008
core   0: 0x000000008000400c (0x080c0c13) addi    s8, s8, 128
core   0: 3 0x000000008000400c (0x080c0c13) x24 0x0000000080006088
core   0: 0x0000000080004010 (0x000c00e7) jalr    s8
core   0: 3 0x0000000080004010 (0x000c00e7) x1  0x0000000080004014
core   0: >>>>  any_handler
core   0: 0x0000000080006088 (0x341027f3) csrrs   a5, mepc, zero
core   0: 3 0x0000000080006088 (0x341027f3) x15 0x00000000800052ee
core   0: 0x000000008000608c (0x34202773) csrrs   a4, mcause, zero
core   0: 3 0x000000008000608c (0x34202773) x14 0x0000000000000002
core   0: 0x0000000080006090 (0x142026f3) csrrs   a3, scause, zero
core   0: 3 0x0000000080006090 (0x142026f3) x13 0x0000000000000000
core   0: 0x0000000080006094 (0x30402673) csrrs   a2, mie, zero
core   0: 3 0x0000000080006094 (0x30402673) x12 0x0000000000000a00
core   0: 0x0000000080006098 (0x344025f3) csrrs   a1, mip, zero
core   0: 3 0x0000000080006098 (0x344025f3) x11 0x0000000000000080
core   0: 0x000000008000609c (0x343025f3) csrrs   a1, mtval, zero
core   0: 3 0x000000008000609c (0x343025f3) x11 0x00000000320073f3
core   0: 0x00000000800060a0 (0x14302573) csrrs   a0, stval, zero
core   0: 3 0x00000000800060a0 (0x14302573) x10 0x0000000000000627
core   0: 0x00000000800060a4 (0xb02024f3) csrrs   s1, minstret, zero
core   0: 3 0x00000000800060a4 (0xb02024f3) x9  0x0000000000000e50
core   0: 0x00000000800060a8 (0x0000a811) c.j     pc + 20
core   0: 3 0x00000000800060a8 (0xa811)
core   0: >>>>  mepc_4
core   0: 0x00000000800060bc (0x00000791) c.addi  a5, 4
core   0: 3 0x00000000800060bc (0x0791) x15 0x00000000800052f2
core   0: 0x00000000800060be (0x34179073) csrrw   zero, mepc, a5
core   0: 3 0x00000000800060be (0x34179073) c833_mepc 0x00000000800052f2
core   0: 0x00000000800060c2 (0x30200073) mret
core   0: 3 0x00000000800060c2 (0x30200073) c768_mstatus 0x8000000a00106080
core   0: 0x00000000800052f2 (0x0ff0000f) fence   iorw,iorw
core   0: 1 0x00000000800052f2 (0x0ff0000f)
core   0: 0x00000000800052f6 (0xbd947813) andi    a6, s0, -1063
core   0: 1 0x00000000800052f6 (0xbd947813) x16 0x0000000000000000
core   0: 0x00000000800052fa (0x38ea7c13) andi    s8, s4, 910
core   0: 1 0x00000000800052fa (0x38ea7c13) x24 0x0000000000000000
core   0: 0x00000000800052fe (0xc22ef7d3) fcvt.l.d a5, ft9
core   0: 1 0x00000000800052fe (0xc22ef7d3) x15 0x00000000000003ac
core   0: 0x0000000080005302 (0x00f0503b) srlw    zero, zero, a5
core   0: 1 0x0000000080005302 (0x00f0503b)
core   0: 0x0000000080005306 (0x01a6dcbb) srlw    s9, a3, s10
core   0: 1 0x0000000080005306 (0x01a6dcbb) x25 0x0000000000000000
core   0: 0x000000008000530a (0x42048cd3) fcvt.d.s fs9, fs1
core   0: 1 0x000000008000530a (0x42048cd3) f25 0x41addbac20000000
core   0: 0x000000008000530e (0xc22673d3) fcvt.l.d t2, fa2
core   0: 1 0x000000008000530e (0xc22673d3) x7  0x00000000b8205a73
core   0: 0x0000000080005312 (0x0273d5b3) divu    a1, t2, t2
core   0: 1 0x0000000080005312 (0x0273d5b3) x11 0x0000000000000001
core   0: 0x0000000080005316 (0x00c8dc3b) srlw    s8, a7, a2
core   0: 1 0x0000000080005316 (0x00c8dc3b) x24 0xffffffffffffffff
core   0: 0x000000008000531a (0xa8634a93) xori    s5, t1, -1402
core   0: 1 0x000000008000531a (0xa8634a93) x21 0xfffffffffffffa86
core   0: 0x000000008000531e (0xba5c2817) auipc   a6, 0xba5c2
core   0: 1 0x000000008000531e (0xba5c2817) x16 0x000000003a5c731e
core   0: 0x0000000080005322 (0x41b686bb) subw    a3, a3, s11
core   0: 1 0x0000000080005322 (0x41b686bb) x13 0x0000000000000001
core   0: 0x0000000080005326 (0x017d1bbb) sllw    s7, s10, s7
core   0: 1 0x0000000080005326 (0x017d1bbb) x23 0x0000000007ffffff
core   0: 0x000000008000532a (0x140fdaf3) csrrwi  s5, sscratch, 31
core   0: 1 0x000000008000532a (0x140fdaf3) x21 0x0000000000000000 c320_sscratch 0x000000000000001f
core   0: 0x000000008000532e (0x03b2d493) srli    s1, t0, 59
core   0: 1 0x000000008000532e (0x03b2d493) x9  0x000000000000001f
core   0: 0x0000000080005332 (0xc0267753) fcvt.l.s a4, fa2
core   0: 1 0x0000000080005332 (0xc0267753) c1_fflags 0x0000000000000013 x14 0x7fffffffffffffff
core   0: 0x0000000080005336 (0xc02f7bd3) fcvt.l.s s7, ft10
core   0: 1 0x0000000080005336 (0xc02f7bd3) c1_fflags 0x0000000000000013 x23 0x7fffffffffffffff
core   0: 0x000000008000533a (0x00000001) c.nop
core   0: 1 0x000000008000533a (0x0001)
core   0: 0x000000008000533c (0x4003dd1b) sraiw   s10, t2, 0
core   0: 1 0x000000008000533c (0x4003dd1b) x26 0xffffffffb8205a73
core   0: 0x0000000080005340 (0x031ef6b3) remu    a3, t4, a7
core   0: 1 0x0000000080005340 (0x031ef6b3) x13 0x0000000000000000
core   0: 0x0000000080005344 (0xc21cf553) fcvt.wu.d a0, fs9
core   0: 1 0x0000000080005344 (0xc21cf553) x10 0x000000000eedd610
core   0: 0x0000000080005348 (0x00558737) lui     a4, 0x558
core   0: 1 0x0000000080005348 (0x00558737) x14 0x0000000000558000
core   0: 0x000000008000534c (0xcdf7071b) addiw   a4, a4, -801
core   0: 1 0x000000008000534c (0xcdf7071b) x14 0x0000000000557cdf
core   0: 0x0000000080005350 (0x00000736) c.slli  a4, 13
core   0: 1 0x0000000080005350 (0x0736) x14 0x0000000aaf9be000
core   0: 0x0000000080005352 (0x19970713) addi    a4, a4, 409
core   0: 1 0x0000000080005352 (0x19970713) x14 0x0000000aaf9be199
core   0: 0x0000000080005356 (0x5a0670d3) fsqrt.d ft1, fa2
core   0: 1 0x0000000080005356 (0x5a0670d3) c1_fflags 0x0000000000000013 f1  0x40eb237d98b719cc
core   0: 0x000000008000535a (0x01ff5eb7) lui     t4, 0x1ff5
core   0: 1 0x000000008000535a (0x01ff5eb7) x29 0x0000000001ff5000
core   0: 0x000000008000535e (0x42be8e9b) addiw   t4, t4, 1067
core   0: 1 0x000000008000535e (0x42be8e9b) x29 0x0000000001ff542b
core   0: 0x0000000080005362 (0x00000eb2) c.slli  t4, 12
core   0: 1 0x0000000080005362 (0x0eb2) x29 0x0000001ff542b000
core   0: 0x0000000080005364 (0x103e8e93) addi    t4, t4, 259
core   0: 1 0x0000000080005364 (0x103e8e93) x29 0x0000001ff542b103
core   0: 0x0000000080005368 (0x01de8633) add     a2, t4, t4
core   0: 1 0x0000000080005368 (0x01de8633) x12 0x0000003fea856206
core   0: 0x000000008000536c (0x002029f3) csrrs   s3, frm, zero
core   0: 1 0x000000008000536c (0x002029f3) x19 0x0000000000000002
core   0: 0x0000000080005370 (0xd2120fd3) fcvt.d.wu ft11, tp
core   0: 1 0x0000000080005370 (0xd2120fd3) f31 0x4033000000000000
core   0: 0x0000000080005374 (0xa3df85d3) fle.d   a1, ft11, ft9
core   0: 1 0x0000000080005374 (0xa3df85d3) x11 0x0000000000000001
core   0: 0x0000000080005378 (0x00099913) slli    s2, s3, 0
core   0: 1 0x0000000080005378 (0x00099913) x18 0x0000000000000002
core   0: 0x000000008000537c (0x02b97953) fadd.d  fs2, fs2, fa1
core   0: 1 0x000000008000537c (0x02b97953) f18 0x7ff8000000000000
core   0: 0x0000000080005380 (0x00b597b3) sll     a5, a1, a1
core   0: 1 0x0000000080005380 (0x00b597b3) x15 0x0000000000000002
core   0: 0x0000000080005384 (0xc21ff553) fcvt.wu.d a0, ft11
core   0: 1 0x0000000080005384 (0xc21ff553) x10 0x0000000000000013
core   0: 0x0000000080005388 (0x0242693b) remw    s2, tp, tp
core   0: 1 0x0000000080005388 (0x0242693b) x18 0x0000000000000000
core   0: 0x000000008000538c (0xc21afa53) fcvt.wu.d s4, fs5
core   0: 1 0x000000008000538c (0xc21afa53) c1_fflags 0x0000000000000013 x20 0x0000000000000000
core   0: 0x0000000080005390 (0xc2097dd3) fcvt.w.d s11, fs2
core   0: 1 0x0000000080005390 (0xc2097dd3) c1_fflags 0x0000000000000013 x27 0x000000007fffffff
core   0: 0x0000000080005394 (0x222e0053) fsgnj.d ft0, ft8, ft2
core   0: 1 0x0000000080005394 (0x222e0053) f0  0x408d600000000000
core   0: 0x0000000080005398 (0x00000001) c.nop
core   0: 1 0x0000000080005398 (0x0001)
core   0: 0x000000008000539a (0xff5aed37) lui     s10, 0xff5ae
core   0: 1 0x000000008000539a (0xff5aed37) x26 0xffffffffff5ae000
core   0: 0x000000008000539e (0xad9d0d1b) addiw   s10, s10, -1319
core   0: 1 0x000000008000539e (0xad9d0d1b) x26 0xffffffffff5adad9
core   0: 0x00000000800053a2 (0x00000d3a) c.slli  s10, 14
core   0: 1 0x00000000800053a2 (0x0d3a) x26 0xffffffd6b6b64000
core   0: 0x00000000800053a4 (0xa50d0d13) addi    s10, s10, -1456
core   0: 1 0x00000000800053a4 (0xa50d0d13) x26 0xffffffd6b6b63a50
core   0: 0x00000000800053a8 (0x019bc333) xor     t1, s7, s9
core   0: 1 0x00000000800053a8 (0x019bc333) x6  0x7fffffffffffffff
core   0: 0x00000000800053ac (0x001091f3) csrrw   gp, fflags, ra
core   0: 1 0x00000000800053ac (0x001091f3) x3  0x0000000000000013 c1_fflags 0x0000000000000014
core   0: 0x00000000800053b0 (0x22a42953) fsgnjx.d fs2, fs0, fa0
core   0: 1 0x00000000800053b0 (0x22a42953) f18 0x41eea0f9cca00000
core   0: 0x00000000800053b4 (0x8007059b) addiw   a1, a4, -2048
core   0: 1 0x00000000800053b4 (0x8007059b) x11 0xffffffffaf9bd999
core   0: 0x00000000800053b8 (0xd2307d53) fcvt.d.lu fs10, zero
core   0: 1 0x00000000800053b8 (0xd2307d53) f26 0x0000000000000000
core   0: 0x00000000800053bc (0x23d6aed3) fsgnjx.d ft9, fa3, ft9
core   0: 1 0x00000000800053bc (0x23d6aed3) f29 0x7ff8000000000000
core   0: 0x00000000800053c0 (0xf20c83d3) fmv.d.x ft7, s9
core   0: 1 0x00000000800053c0 (0xf20c83d3) f7  0x0000000000000000
core   0: 0x00000000800053c4 (0x00b010bb) sllw    ra, zero, a1
core   0: 1 0x00000000800053c4 (0x00b010bb) x1  0x0000000000000000
core   0: 0x00000000800053c8 (0x404e523b) sraw    tp, t3, tp
core   0: 1 0x00000000800053c8 (0x404e523b) x4  0x0000000000000000
core   0: 0x00000000800053cc (0x00059093) slli    ra, a1, 0
core   0: 1 0x00000000800053cc (0x00059093) x1  0xffffffffaf9bd999
core   0: 0x00000000800053d0 (0x00055e9b) srliw   t4, a0, 0
core   0: 1 0x00000000800053d0 (0x00055e9b) x29 0x0000000000000013
core   0: 0x00000000800053d4 (0x41d4d633) sra     a2, s1, t4
core   0: 1 0x00000000800053d4 (0x41d4d633) x12 0x0000000000000000
core   0: 0x00000000800053d8 (0x0031a433) slt     s0, gp, gp
core   0: 1 0x00000000800053d8 (0x0031a433) x8  0x0000000000000000
core   0: 0x00000000800053dc (0x006a1693) slli    a3, s4, 6
core   0: 1 0x00000000800053dc (0x006a1693) x13 0x0000000000000000
core   0: 0x00000000800053e0 (0x014a7b33) and     s6, s4, s4
core   0: 1 0x00000000800053e0 (0x014a7b33) x22 0x0000000000000000
core   0: 0x00000000800053e4 (0xc216f353) fcvt.wu.d t1, fa3
core   0: 1 0x00000000800053e4 (0xc216f353) c1_fflags 0x0000000000000014 x6  0xffffffffffffffff
core   0: 0x00000000800053e8 (0x012788bb) addw    a7, a5, s2
core   0: 1 0x00000000800053e8 (0x012788bb) x17 0x0000000000000002
core   0: 0x00000000800053ec (0x342cd173) csrrwi  sp, mcause, 25
core   0: exception trap_illegal_instruction, epc 0x00000000800053ec
core   0:           tval 0x00000000342cd173
core   0: >>>>  $xrv64i2p1_m2p0_a2p1_f2p2_d2p2_zicsr2p0_zifencei2p0_zmmul1p0_zba1p0_zbb1p0_zbc1p0_zbs1p0
core   0: 0x0000000080004000 (0x0080006f) j       pc + 0x8
core   0: 3 0x0000000080004000 (0x0080006f)
core   0: >>>>  mmode_exception_handler
core   0: 0x0000000080004008 (0x00002c17) auipc   s8, 0x2
core   0: 3 0x0000000080004008 (0x00002c17) x24 0x0000000080006008
core   0: 0x000000008000400c (0x080c0c13) addi    s8, s8, 128
core   0: 3 0x000000008000400c (0x080c0c13) x24 0x0000000080006088
core   0: 0x0000000080004010 (0x000c00e7) jalr    s8
core   0: 3 0x0000000080004010 (0x000c00e7) x1  0x0000000080004014
core   0: >>>>  any_handler
core   0: 0x0000000080006088 (0x341027f3) csrrs   a5, mepc, zero
core   0: 3 0x0000000080006088 (0x341027f3) x15 0x00000000800053ec
core   0: 0x000000008000608c (0x34202773) csrrs   a4, mcause, zero
core   0: 3 0x000000008000608c (0x34202773) x14 0x0000000000000002
core   0: 0x0000000080006090 (0x142026f3) csrrs   a3, scause, zero
core   0: 3 0x0000000080006090 (0x142026f3) x13 0x0000000000000000
core   0: 0x0000000080006094 (0x30402673) csrrs   a2, mie, zero
core   0: 3 0x0000000080006094 (0x30402673) x12 0x0000000000000a00
core   0: 0x0000000080006098 (0x344025f3) csrrs   a1, mip, zero
core   0: 3 0x0000000080006098 (0x344025f3) x11 0x0000000000000080
core   0: 0x000000008000609c (0x343025f3) csrrs   a1, mtval, zero
core   0: 3 0x000000008000609c (0x343025f3) x11 0x00000000342cd173
core   0: 0x00000000800060a0 (0x14302573) csrrs   a0, stval, zero
core   0: 3 0x00000000800060a0 (0x14302573) x10 0x0000000000000627
core   0: 0x00000000800060a4 (0xb02024f3) csrrs   s1, minstret, zero
core   0: 3 0x00000000800060a4 (0xb02024f3) x9  0x0000000000000ea1
core   0: 0x00000000800060a8 (0x0000a811) c.j     pc + 20
core   0: 3 0x00000000800060a8 (0xa811)
core   0: >>>>  mepc_4
core   0: 0x00000000800060bc (0x00000791) c.addi  a5, 4
core   0: 3 0x00000000800060bc (0x0791) x15 0x00000000800053f0
core   0: 0x00000000800060be (0x34179073) csrrw   zero, mepc, a5
core   0: 3 0x00000000800060be (0x34179073) c833_mepc 0x00000000800053f0
core   0: 0x00000000800060c2 (0x30200073) mret
core   0: 3 0x00000000800060c2 (0x30200073) c768_mstatus 0x8000000a00106080
core   0: 0x00000000800053f0 (0xc037fb53) fcvt.lu.s s6, fa5
core   0: 1 0x00000000800053f0 (0xc037fb53) c1_fflags 0x0000000000000014 x22 0xffffffffffffffff
core   0: 0x00000000800053f4 (0xeb5af043) fmadd.d ft0, fs5, fs5, ft9
core   0: 1 0x00000000800053f4 (0xeb5af043) f0  0x7ff8000000000000
core   0: 0x00000000800053f8 (0x420905d3) fcvt.d.s fa1, fs2
core   0: 1 0x00000000800053f8 (0x420905d3) f11 0x7ff8000000000000
core   0: 0x00000000800053fc (0x031edebb) divuw   t4, t4, a7
core   0: 1 0x00000000800053fc (0x031edebb) x29 0x0000000000000009
core   0: 0x0000000080005400 (0xf2068d53) fmv.d.x fs10, a3
core   0: 1 0x0000000080005400 (0xf2068d53) f26 0x0000000000000000
core   0: 0x0000000080005404 (0xc22775d3) fcvt.l.d a1, fa4
core   0: 1 0x0000000080005404 (0xc22775d3) c1_fflags 0x0000000000000014 x11 0x7fffffffffffffff
core   0: 0x0000000080005408 (0x00c8e033) or      zero, a7, a2
core   0: 1 0x0000000080005408 (0x00c8e033)
core   0: 0x000000008000540c (0x00f279b3) and     s3, tp, a5
core   0: 1 0x000000008000540c (0x00f279b3) x19 0x0000000000000000
core   0: 0x0000000080005410 (0x42010cd3) fcvt.d.s fs9, ft2
core   0: 1 0x0000000080005410 (0x42010cd3) f25 0x7ff8000000000000
core   0: 0x0000000080005414 (0xd21585d3) fcvt.d.wu fa1, a1
core   0: 1 0x0000000080005414 (0xd21585d3) f11 0x41efffffffe00000
core   0: 0x0000000080005418 (0x16a0e713) ori     a4, ra, 362
core   0: 1 0x0000000080005418 (0x16a0e713) x14 0x000000008000417e
core   0: 0x000000008000541c (0xd2297dd3) fcvt.d.l fs11, s2
core   0: 1 0x000000008000541c (0xd2297dd3) f27 0x0000000000000000
core   0: 0x0000000080005420 (0x01002eb3) slt     t4, zero, a6
core   0: 1 0x0000000080005420 (0x01002eb3) x29 0x0000000000000001
core   0: 0x0000000080005424 (0x4012d513) srai    a0, t0, 1
core   0: 1 0x0000000080005424 (0x4012d513) x10 0xffffffffffffffff
core   0: 0x0000000080005428 (0x012c5c93) srli    s9, s8, 18
core   0: 1 0x0000000080005428 (0x012c5c93) x25 0x0000000000002000
core   0: 0x000000008000542c (0x239620d3) fsgnjx.d ft1, fa2, fs9
core   0: 1 0x000000008000542c (0x239620d3) f1  0x41e7040b4e600000
core   0: 0x0000000080005430 (0x40570abb) subw    s5, a4, t0
core   0: 1 0x0000000080005430 (0x40570abb) x21 0xffffffff8000417f
core   0: 0x0000000080005434 (0x01c906b3) add     a3, s2, t3
core   0: 1 0x0000000080005434 (0x01c906b3) x13 0x0000000000000013
core   0: 0x0000000080005438 (0x0000d093) srli    ra, ra, 0
core   0: 1 0x0000000080005438 (0x0000d093) x1  0x0000000080004014
core   0: 0x000000008000543c (0xc22df253) fcvt.l.d tp, fs11
core   0: 1 0x000000008000543c (0xc22df253) x4  0x0000000000000000
core   0: 0x0000000080005440 (0x8ac91617) auipc   a2, 0x8ac91
core   0: 1 0x0000000080005440 (0x8ac91617) x12 0x000000000ac96440
core   0: 0x0000000080005444 (0x40a081bb) subw    gp, ra, a0
core   0: 1 0x0000000080005444 (0x40a081bb) x3  0xffffffff80004015
core   0: 0x0000000080005448 (0x0ff0000f) fence   iorw,iorw
core   0: 1 0x0000000080005448 (0x0ff0000f)
core   0: 0x000000008000544c (0x0344c4b3) div     s1, s1, s4
core   0: 1 0x000000008000544c (0x0344c4b3) x9  0xffffffffffffffff
core   0: 0x0000000080005450 (0x00e320b3) slt     ra, t1, a4
core   0: 1 0x0000000080005450 (0x00e320b3) x1  0x0000000000000001
core   0: 0x0000000080005454 (0x1521011b) addiw   sp, sp, 338
core   0: 1 0x0000000080005454 (0x1521011b) x2  0xfffffffff1122b45
core   0: 0x0000000080005458 (0x0ab171cb) fnmsub.d ft3, ft2, fa1, ft1
core   0: 1 0x0000000080005458 (0x0ab171cb) f3  0x7ff8000000000000
core   0: 0x000000008000545c (0xdb716e93) ori     t4, sp, -585
core   0: 1 0x000000008000545c (0xdb716e93) x29 0xfffffffffffffff7
core   0: 0x0000000080005460 (0x03f11513) slli    a0, sp, 63
core   0: 1 0x0000000080005460 (0x03f11513) x10 0x8000000000000000
core   0: 0x0000000080005464 (0x01d79233) sll     tp, a5, t4
core   0: 1 0x0000000080005464 (0x01d79233) x4  0xf800000000000000
core   0: 0x0000000080005468 (0x00000001) c.nop
core   0: 1 0x0000000080005468 (0x0001)
core   0: 0x000000008000546a (0x03aead33) mulhsu  s10, t4, s10
core   0: 1 0x000000008000546a (0x03aead33) x26 0xfffffffffffffff7
core   0: 0x000000008000546e (0x031b78bb) remuw   a7, s6, a7
core   0: 1 0x000000008000546e (0x031b78bb) x17 0x0000000000000001
core   0: 0x0000000080005472 (0xc0367653) fcvt.lu.s a2, fa2
core   0: 1 0x0000000080005472 (0xc0367653) c1_fflags 0x0000000000000014 x12 0xffffffffffffffff
core   0: 0x0000000080005476 (0x018c1c33) sll     s8, s8, s8
core   0: 1 0x0000000080005476 (0x018c1c33) x24 0x0000008000608800
core   0: 0x000000008000547a (0x00101a13) slli    s4, zero, 1
core   0: 1 0x000000008000547a (0x00101a13) x20 0x0000000000000000
core   0: 0x000000008000547e (0x02cdfb53) fadd.d  fs6, fs11, fa2
core   0: 1 0x000000008000547e (0x02cdfb53) f22 0x41e7040b4e600000
core   0: 0x0000000080005482 (0x03636533) rem     a0, t1, s6
core   0: 1 0x0000000080005482 (0x03636533) x10 0x0000000000000000
core   0: 0x0000000080005486 (0x0004d11b) srliw   sp, s1, 0
core   0: 1 0x0000000080005486 (0x0004d11b) x2  0xffffffffffffffff
core   0: 0x000000008000548a (0x0024f1b3) and     gp, s1, sp
core   0: 1 0x000000008000548a (0x0024f1b3) x3  0xffffffffffffffff
core   0: 0x000000008000548e (0x02634c33) div     s8, t1, t1
core   0: 1 0x000000008000548e (0x02634c33) x24 0x0000000000000001
core   0: 0x0000000080005492 (0x51466497) auipc   s1, 0x51466
core   0: 1 0x0000000080005492 (0x51466497) x9  0x00000000d146b492
core   0: 0x0000000080005496 (0x020bf6b3) remu    a3, s7, zero
core   0: 1 0x0000000080005496 (0x020bf6b3) x13 0x7fffffffffffffff
core   0: 0x000000008000549a (0x8b18f2cf) fnmadd.d ft5, fa7, fa7, fa7
core   0: 1 0x000000008000549a (0x8b18f2cf) f5  0x7ff8000000000000
core   0: 0x000000008000549e (0xc0505d73) csrrwi  s10, hpmcounter5, 0
core   0: exception trap_illegal_instruction, epc 0x000000008000549e
core   0:           tval 0x00000000c0505d73
core   0: >>>>  $xrv64i2p1_m2p0_a2p1_f2p2_d2p2_zicsr2p0_zifencei2p0_zmmul1p0_zba1p0_zbb1p0_zbc1p0_zbs1p0
core   0: 0x0000000080004000 (0x0080006f) j       pc + 0x8
core   0: 3 0x0000000080004000 (0x0080006f)
core   0: >>>>  mmode_exception_handler
core   0: 0x0000000080004008 (0x00002c17) auipc   s8, 0x2
core   0: 3 0x0000000080004008 (0x00002c17) x24 0x0000000080006008
core   0: 0x000000008000400c (0x080c0c13) addi    s8, s8, 128
core   0: 3 0x000000008000400c (0x080c0c13) x24 0x0000000080006088
core   0: 0x0000000080004010 (0x000c00e7) jalr    s8
core   0: 3 0x0000000080004010 (0x000c00e7) x1  0x0000000080004014
core   0: >>>>  any_handler
core   0: 0x0000000080006088 (0x341027f3) csrrs   a5, mepc, zero
core   0: 3 0x0000000080006088 (0x341027f3) x15 0x000000008000549e
core   0: 0x000000008000608c (0x34202773) csrrs   a4, mcause, zero
core   0: 3 0x000000008000608c (0x34202773) x14 0x0000000000000002
core   0: 0x0000000080006090 (0x142026f3) csrrs   a3, scause, zero
core   0: 3 0x0000000080006090 (0x142026f3) x13 0x0000000000000000
core   0: 0x0000000080006094 (0x30402673) csrrs   a2, mie, zero
core   0: 3 0x0000000080006094 (0x30402673) x12 0x0000000000000a00
core   0: 0x0000000080006098 (0x344025f3) csrrs   a1, mip, zero
core   0: 3 0x0000000080006098 (0x344025f3) x11 0x0000000000000080
core   0: 0x000000008000609c (0x343025f3) csrrs   a1, mtval, zero
core   0: 3 0x000000008000609c (0x343025f3) x11 0x00000000c0505d73
core   0: 0x00000000800060a0 (0x14302573) csrrs   a0, stval, zero
core   0: 3 0x00000000800060a0 (0x14302573) x10 0x0000000000000627
core   0: 0x00000000800060a4 (0xb02024f3) csrrs   s1, minstret, zero
core   0: 3 0x00000000800060a4 (0xb02024f3) x9  0x0000000000000edd
core   0: 0x00000000800060a8 (0x0000a811) c.j     pc + 20
core   0: 3 0x00000000800060a8 (0xa811)
core   0: >>>>  mepc_4
core   0: 0x00000000800060bc (0x00000791) c.addi  a5, 4
core   0: 3 0x00000000800060bc (0x0791) x15 0x00000000800054a2
core   0: 0x00000000800060be (0x34179073) csrrw   zero, mepc, a5
core   0: 3 0x00000000800060be (0x34179073) c833_mepc 0x00000000800054a2
core   0: 0x00000000800060c2 (0x30200073) mret
core   0: 3 0x00000000800060c2 (0x30200073) c768_mstatus 0x8000000a00106080
core   0: 0x00000000800054a2 (0x000a6033) or      zero, s4, zero
core   0: 1 0x00000000800054a2 (0x000a6033)
core   0: 0x00000000800054a6 (0x41650b3b) subw    s6, a0, s6
core   0: 1 0x00000000800054a6 (0x41650b3b) x22 0x0000000000000628
core   0: 0x00000000800054aa (0x2b1c86d3) fmin.d  fa3, fs9, fa7
core   0: 1 0x00000000800054aa (0x2b1c86d3) f13 0x7ff8000000000000
core   0: 0x00000000800054ae (0x001d1893) slli    a7, s10, 1
core   0: 1 0x00000000800054ae (0x001d1893) x17 0xffffffffffffffee
core   0: 0x00000000800054b2 (0xe29b059b) addiw   a1, s6, -471
core   0: 1 0x00000000800054b2 (0xe29b059b) x11 0x0000000000000451
core   0: 0x00000000800054b6 (0x4430e013) prefetch.w 1088(ra)
core   0: 1 0x00000000800054b6 (0x4430e013)
core   0: 0x00000000800054ba (0x0200743b) remuw   s0, zero, zero
core   0: 1 0x00000000800054ba (0x0200743b) x8  0x0000000000000000
core   0: 0x00000000800054be (0x019452bb) srlw    t0, s0, s9
core   0: 1 0x00000000800054be (0x019452bb) x5  0x0000000000000000
core   0: 0x00000000800054c2 (0x0372bbb3) mulhu   s7, t0, s7
core   0: 1 0x00000000800054c2 (0x0372bbb3) x23 0x0000000000000000
core   0: 0x00000000800054c6 (0xc238f7d3) fcvt.lu.d a5, fa7
core   0: 1 0x00000000800054c6 (0xc238f7d3) c1_fflags 0x0000000000000014 x15 0xffffffffffffffff
core   0: 0x00000000800054ca (0x02d74ab3) div     s5, a4, a3
core   0: 1 0x00000000800054ca (0x02d74ab3) x21 0xffffffffffffffff
core   0: 0x00000000800054ce (0x42000953) fcvt.d.s fs2, ft0
core   0: 1 0x00000000800054ce (0x42000953) f18 0x7ff8000000000000
core   0: 0x00000000800054d2 (0x232b11d3) fsgnjn.d ft3, fs6, fs2
core   0: 1 0x00000000800054d2 (0x232b11d3) f3  0xc1e7040b4e600000
core   0: 0x00000000800054d6 (0x2b6783d3) fmin.d  ft7, fa5, fs6
core   0: 1 0x00000000800054d6 (0x2b6783d3) f7  0x41e7040b4e600000
core   0: 0x00000000800054da (0x00000001) c.nop
core   0: 1 0x00000000800054da (0x0001)
core   0: 0x00000000800054dc (0x00000001) c.nop
core   0: 1 0x00000000800054dc (0x0001)
core   0: 0x00000000800054de (0x7ff7851b) addiw   a0, a5, 2047
core   0: 1 0x00000000800054de (0x7ff7851b) x10 0x00000000000007fe
core   0: 0x00000000800054e2 (0xfeb8c137) lui     sp, 0xfeb8c
core   0: 1 0x00000000800054e2 (0xfeb8c137) x2  0xfffffffffeb8c000
core   0: 0x00000000800054e6 (0x3dd1011b) addiw   sp, sp, 989
core   0: 1 0x00000000800054e6 (0x3dd1011b) x2  0xfffffffffeb8c3dd
core   0: 0x00000000800054ea (0x00000136) c.slli  sp, 13
core   0: 1 0x00000000800054ea (0x0136) x2  0xffffffd7187ba000
core   0: 0x00000000800054ec (0xc0b10113) addi    sp, sp, -1013
core   0: 1 0x00000000800054ec (0xc0b10113) x2  0xffffffd7187b9c0b
core   0: 0x00000000800054f0 (0x00000001) c.nop
core   0: 1 0x00000000800054f0 (0x0001)
core   0: 0x00000000800054f2 (0x0011089b) addiw   a7, sp, 1
core   0: 1 0x00000000800054f2 (0x0011089b) x17 0x00000000187b9c0c
core   0: 0x00000000800054f6 (0x0118fc33) and     s8, a7, a7
core   0: 1 0x00000000800054f6 (0x0118fc33) x24 0x00000000187b9c0c
core   0: 0x00000000800054fa (0x233e09d3) fsgnj.d fs3, ft8, fs3
core   0: 1 0x00000000800054fa (0x233e09d3) f19 0x408d600000000000
core   0: 0x00000000800054fe (0x01cb8633) add     a2, s7, t3
core   0: 1 0x00000000800054fe (0x01cb8633) x12 0x0000000000000013
core   0: 0x0000000080005502 (0x00061813) slli    a6, a2, 0
core   0: 1 0x0000000080005502 (0x00061813) x16 0x0000000000000013
core   0: 0x0000000080005506 (0xd0c42097) auipc   ra, 0xd0c42
core   0: 1 0x0000000080005506 (0xd0c42097) x1  0x0000000050c47506
core   0: 0x000000008000550a (0xb02c31f3) csrrc   gp, minstret, s8
core   0: exception trap_illegal_instruction, epc 0x000000008000550a
core   0:           tval 0x00000000b02c31f3
core   0: >>>>  $xrv64i2p1_m2p0_a2p1_f2p2_d2p2_zicsr2p0_zifencei2p0_zmmul1p0_zba1p0_zbb1p0_zbc1p0_zbs1p0
core   0: 0x0000000080004000 (0x0080006f) j       pc + 0x8
core   0: 3 0x0000000080004000 (0x0080006f)
core   0: >>>>  mmode_exception_handler
core   0: 0x0000000080004008 (0x00002c17) auipc   s8, 0x2
core   0: 3 0x0000000080004008 (0x00002c17) x24 0x0000000080006008
core   0: 0x000000008000400c (0x080c0c13) addi    s8, s8, 128
core   0: 3 0x000000008000400c (0x080c0c13) x24 0x0000000080006088
core   0: 0x0000000080004010 (0x000c00e7) jalr    s8
core   0: 3 0x0000000080004010 (0x000c00e7) x1  0x0000000080004014
core   0: >>>>  any_handler
core   0: 0x0000000080006088 (0x341027f3) csrrs   a5, mepc, zero
core   0: 3 0x0000000080006088 (0x341027f3) x15 0x000000008000550a
core   0: 0x000000008000608c (0x34202773) csrrs   a4, mcause, zero
core   0: 3 0x000000008000608c (0x34202773) x14 0x0000000000000002
core   0: 0x0000000080006090 (0x142026f3) csrrs   a3, scause, zero
core   0: 3 0x0000000080006090 (0x142026f3) x13 0x0000000000000000
core   0: 0x0000000080006094 (0x30402673) csrrs   a2, mie, zero
core   0: 3 0x0000000080006094 (0x30402673) x12 0x0000000000000a00
core   0: 0x0000000080006098 (0x344025f3) csrrs   a1, mip, zero
core   0: 3 0x0000000080006098 (0x344025f3) x11 0x0000000000000080
core   0: 0x000000008000609c (0x343025f3) csrrs   a1, mtval, zero
core   0: 3 0x000000008000609c (0x343025f3) x11 0x00000000b02c31f3
core   0: 0x00000000800060a0 (0x14302573) csrrs   a0, stval, zero
core   0: 3 0x00000000800060a0 (0x14302573) x10 0x0000000000000627
core   0: 0x00000000800060a4 (0xb02024f3) csrrs   s1, minstret, zero
core   0: 3 0x00000000800060a4 (0xb02024f3) x9  0x0000000000000f09
core   0: 0x00000000800060a8 (0x0000a811) c.j     pc + 20
core   0: 3 0x00000000800060a8 (0xa811)
core   0: >>>>  mepc_4
core   0: 0x00000000800060bc (0x00000791) c.addi  a5, 4
core   0: 3 0x00000000800060bc (0x0791) x15 0x000000008000550e
core   0: 0x00000000800060be (0x34179073) csrrw   zero, mepc, a5
core   0: 3 0x00000000800060be (0x34179073) c833_mepc 0x000000008000550e
core   0: 0x00000000800060c2 (0x30200073) mret
core   0: 3 0x00000000800060c2 (0x30200073) c768_mstatus 0x8000000a00106080
core   0: 0x000000008000550e (0x420a8053) fcvt.d.s ft0, fs5
core   0: 1 0x000000008000550e (0x420a8053) f0  0x7ff8000000000000
core   0: 0x0000000080005512 (0xd03b7cd3) fcvt.s.lu fs9, s6
core   0: 1 0x0000000080005512 (0xd03b7cd3) f25 0xffffffff44c50000
core   0: 0x0000000080005516 (0xc034f253) fcvt.lu.s tp, fs1
core   0: 1 0x0000000080005516 (0xc034f253) x4  0x000000000eedd610
core   0: 0x000000008000551a (0x1ba7f453) fdiv.d  fs0, fa5, fs10
core   0: 1 0x000000008000551a (0x1ba7f453) f8  0x7ff8000000000000
core   0: 0x000000008000551e (0x00f8571b) srliw   a4, a6, 15
core   0: 1 0x000000008000551e (0x00f8571b) x14 0x0000000000000000
core   0: 0x0000000080005522 (0x40c004bb) subw    s1, zero, a2
core   0: 1 0x0000000080005522 (0x40c004bb) x9  0xfffffffffffff600
core   0: 0x0000000080005526 (0xc027f3d3) fcvt.l.s t2, fa5
core   0: 1 0x0000000080005526 (0xc027f3d3) c1_fflags 0x0000000000000014 x7  0x7fffffffffffffff
core   0: 0x000000008000552a (0x009bfcb3) and     s9, s7, s1
core   0: 1 0x000000008000552a (0x009bfcb3) x25 0x0000000000000000
core   0: 0x000000008000552e (0x0197853b) addw    a0, a5, s9
core   0: 1 0x000000008000552e (0x0197853b) x10 0xffffffff8000550e
core   0: 0x0000000080005532 (0x747ffbf3) csrrci  s7, mseccfg, 31
core   0: exception trap_illegal_instruction, epc 0x0000000080005532
core   0:           tval 0x00000000747ffbf3
core   0: >>>>  $xrv64i2p1_m2p0_a2p1_f2p2_d2p2_zicsr2p0_zifencei2p0_zmmul1p0_zba1p0_zbb1p0_zbc1p0_zbs1p0
core   0: 0x0000000080004000 (0x0080006f) j       pc + 0x8
core   0: 3 0x0000000080004000 (0x0080006f)
core   0: >>>>  mmode_exception_handler
core   0: 0x0000000080004008 (0x00002c17) auipc   s8, 0x2
core   0: 3 0x0000000080004008 (0x00002c17) x24 0x0000000080006008
core   0: 0x000000008000400c (0x080c0c13) addi    s8, s8, 128
core   0: 3 0x000000008000400c (0x080c0c13) x24 0x0000000080006088
core   0: 0x0000000080004010 (0x000c00e7) jalr    s8
core   0: 3 0x0000000080004010 (0x000c00e7) x1  0x0000000080004014
core   0: >>>>  any_handler
core   0: 0x0000000080006088 (0x341027f3) csrrs   a5, mepc, zero
core   0: 3 0x0000000080006088 (0x341027f3) x15 0x0000000080005532
core   0: 0x000000008000608c (0x34202773) csrrs   a4, mcause, zero
core   0: 3 0x000000008000608c (0x34202773) x14 0x0000000000000002
core   0: 0x0000000080006090 (0x142026f3) csrrs   a3, scause, zero
core   0: 3 0x0000000080006090 (0x142026f3) x13 0x0000000000000000
core   0: 0x0000000080006094 (0x30402673) csrrs   a2, mie, zero
core   0: 3 0x0000000080006094 (0x30402673) x12 0x0000000000000a00
core   0: 0x0000000080006098 (0x344025f3) csrrs   a1, mip, zero
core   0: 3 0x0000000080006098 (0x344025f3) x11 0x0000000000000080
core   0: 0x000000008000609c (0x343025f3) csrrs   a1, mtval, zero
core   0: 3 0x000000008000609c (0x343025f3) x11 0x00000000747ffbf3
core   0: 0x00000000800060a0 (0x14302573) csrrs   a0, stval, zero
core   0: 3 0x00000000800060a0 (0x14302573) x10 0x0000000000000627
core   0: 0x00000000800060a4 (0xb02024f3) csrrs   s1, minstret, zero
core   0: 3 0x00000000800060a4 (0xb02024f3) x9  0x0000000000000f22
core   0: 0x00000000800060a8 (0x0000a811) c.j     pc + 20
core   0: 3 0x00000000800060a8 (0xa811)
core   0: >>>>  mepc_4
core   0: 0x00000000800060bc (0x00000791) c.addi  a5, 4
core   0: 3 0x00000000800060bc (0x0791) x15 0x0000000080005536
core   0: 0x00000000800060be (0x34179073) csrrw   zero, mepc, a5
core   0: 3 0x00000000800060be (0x34179073) c833_mepc 0x0000000080005536
core   0: 0x00000000800060c2 (0x30200073) mret
core   0: 3 0x00000000800060c2 (0x30200073) c768_mstatus 0x8000000a00106080
core   0: 0x0000000080005536 (0x4047853b) subw    a0, a5, tp
core   0: 1 0x0000000080005536 (0x4047853b) x10 0x0000000071127f26
core   0: 0x000000008000553a (0x5bbffdc7) fmsub.d fs11, ft11, fs11, fa1
core   0: 1 0x000000008000553a (0x5bbffdc7) f27 0xc1efffffffe00000
core   0: 0x000000008000553e (0x024d46b3) div     a3, s10, tp
core   0: 1 0x000000008000553e (0x024d46b3) x13 0x0000000000000000
core   0: 0x0000000080005542 (0x40177a53) fcvt.s.d fs4, fa4
core   0: 1 0x0000000080005542 (0x40177a53) c1_fflags 0x0000000000000015 f20 0xffffffff5f7fffff
core   0: 0x0000000080005546 (0x01c55a1b) srliw   s4, a0, 28
core   0: 1 0x0000000080005546 (0x01c55a1b) x20 0x0000000000000007
core   0: 0x000000008000554a (0x028e81b3) mul     gp, t4, s0
core   0: 1 0x000000008000554a (0x028e81b3) x3  0x0000000000000000
core   0: 0x000000008000554e (0x030b1693) slli    a3, s6, 48
core   0: 1 0x000000008000554e (0x030b1693) x13 0x0628000000000000
core   0: 0x0000000080005552 (0x029793b3) mulh    t2, a5, s1
core   0: 1 0x0000000080005552 (0x029793b3) x7  0x0000000000000000
core   0: 0x0000000080005556 (0x00000001) c.nop
core   0: 1 0x0000000080005556 (0x0001)
core   0: 0x0000000080005558 (0x009d7833) and     a6, s10, s1
core   0: 1 0x0000000080005558 (0x009d7833) x16 0x0000000000000f22
core   0: 0x000000008000555c (0x0338653b) remw    a0, a6, s3
core   0: 1 0x000000008000555c (0x0338653b) x10 0x0000000000000f22
core   0: 0x0000000080005560 (0x42090953) fcvt.d.s fs2, fs2
core   0: 1 0x0000000080005560 (0x42090953) f18 0x7ff8000000000000
core   0: 0x0000000080005564 (0x2b6686d3) fmin.d  fa3, fa3, fs6
core   0: 1 0x0000000080005564 (0x2b6686d3) f13 0x41e7040b4e600000
core   0: 0x0000000080005568 (0x93cf3317) auipc   t1, 0x93cf3
core   0: 1 0x0000000080005568 (0x93cf3317) x6  0x0000000013cf8568
core   0: 0x000000008000556c (0x00000001) c.nop
core   0: 1 0x000000008000556c (0x0001)
core   0: 0x000000008000556e (0x4000003b) subw    zero, zero, zero
core   0: 1 0x000000008000556e (0x4000003b)
core   0: 0x0000000080005572 (0xc026f453) fcvt.l.s s0, fa3
core   0: 1 0x0000000080005572 (0xc026f453) c1_fflags 0x0000000000000015 x8  0x7fffffffffffffff
core   0: 0x0000000080005576 (0xe2068653) fmv.x.d a2, fa3
core   0: 1 0x0000000080005576 (0xe2068653) x12 0x41e7040b4e600000
core   0: 0x000000008000557a (0x00662833) slt     a6, a2, t1
core   0: 1 0x000000008000557a (0x00662833) x16 0x0000000000000000
core   0: 0x000000008000557e (0x00fa6a33) or      s4, s4, a5
core   0: 1 0x000000008000557e (0x00fa6a33) x20 0x0000000080005537
core   0: 0x0000000080005582 (0xe20b8153) fmv.x.d sp, fs7
core   0: 1 0x0000000080005582 (0xe20b8153) x2  0x7ff8000000000000
core   0: 0x0000000080005586 (0xd0237ad3) fcvt.s.l fs5, t1
core   0: 1 0x0000000080005586 (0xd0237ad3) c1_fflags 0x0000000000000015 f21 0xffffffff4d9e7c2b
core   0: 0x000000008000558a (0x00102873) csrrs   a6, fflags, zero
core   0: 1 0x000000008000558a (0x00102873) x16 0x0000000000000015
core   0: 0x000000008000558e (0x5a0675d3) fsqrt.d fa1, fa2
core   0: 1 0x000000008000558e (0x5a0675d3) c1_fflags 0x0000000000000015 f11 0x40eb237d98b719cc
core   0: 0x0000000080005592 (0x00086313) ori     t1, a6, 0
core   0: 1 0x0000000080005592 (0x00086313) x6  0x0000000000000015
core   0: 0x0000000080005596 (0x34033573) csrrc   a0, mscratch, t1
core   0: exception trap_illegal_instruction, epc 0x0000000080005596
core   0:           tval 0x0000000034033573
core   0: >>>>  $xrv64i2p1_m2p0_a2p1_f2p2_d2p2_zicsr2p0_zifencei2p0_zmmul1p0_zba1p0_zbb1p0_zbc1p0_zbs1p0
core   0: 0x0000000080004000 (0x0080006f) j       pc + 0x8
core   0: 3 0x0000000080004000 (0x0080006f)
core   0: >>>>  mmode_exception_handler
core   0: 0x0000000080004008 (0x00002c17) auipc   s8, 0x2
core   0: 3 0x0000000080004008 (0x00002c17) x24 0x0000000080006008
core   0: 0x000000008000400c (0x080c0c13) addi    s8, s8, 128
core   0: 3 0x000000008000400c (0x080c0c13) x24 0x0000000080006088
core   0: 0x0000000080004010 (0x000c00e7) jalr    s8
core   0: 3 0x0000000080004010 (0x000c00e7) x1  0x0000000080004014
core   0: >>>>  any_handler
core   0: 0x0000000080006088 (0x341027f3) csrrs   a5, mepc, zero
core   0: 3 0x0000000080006088 (0x341027f3) x15 0x0000000080005596
core   0: 0x000000008000608c (0x34202773) csrrs   a4, mcause, zero
core   0: 3 0x000000008000608c (0x34202773) x14 0x0000000000000002
core   0: 0x0000000080006090 (0x142026f3) csrrs   a3, scause, zero
core   0: 3 0x0000000080006090 (0x142026f3) x13 0x0000000000000000
core   0: 0x0000000080006094 (0x30402673) csrrs   a2, mie, zero
core   0: 3 0x0000000080006094 (0x30402673) x12 0x0000000000000a00
core   0: 0x0000000080006098 (0x344025f3) csrrs   a1, mip, zero
core   0: 3 0x0000000080006098 (0x344025f3) x11 0x0000000000000080
core   0: 0x000000008000609c (0x343025f3) csrrs   a1, mtval, zero
core   0: 3 0x000000008000609c (0x343025f3) x11 0x0000000034033573
core   0: 0x00000000800060a0 (0x14302573) csrrs   a0, stval, zero
core   0: 3 0x00000000800060a0 (0x14302573) x10 0x0000000000000627
core   0: 0x00000000800060a4 (0xb02024f3) csrrs   s1, minstret, zero
core   0: 3 0x00000000800060a4 (0xb02024f3) x9  0x0000000000000f4b
core   0: 0x00000000800060a8 (0x0000a811) c.j     pc + 20
core   0: 3 0x00000000800060a8 (0xa811)
core   0: >>>>  mepc_4
core   0: 0x00000000800060bc (0x00000791) c.addi  a5, 4
core   0: 3 0x00000000800060bc (0x0791) x15 0x000000008000559a
core   0: 0x00000000800060be (0x34179073) csrrw   zero, mepc, a5
core   0: 3 0x00000000800060be (0x34179073) c833_mepc 0x000000008000559a
core   0: 0x00000000800060c2 (0x30200073) mret
core   0: 3 0x00000000800060c2 (0x30200073) c768_mstatus 0x8000000a00106080
core   0: 0x000000008000559a (0x01d51793) slli    a5, a0, 29
core   0: 1 0x000000008000559a (0x01d51793) x15 0x000000c4e0000000
core   0: 0x000000008000559e (0x419a0b3b) subw    s6, s4, s9
core   0: 1 0x000000008000559e (0x419a0b3b) x22 0xffffffff80005537
core   0: 0x00000000800055a2 (0x5a047053) fsqrt.d ft0, fs0
core   0: 1 0x00000000800055a2 (0x5a047053) f0  0x7ff8000000000000
core   0: 0x00000000800055a6 (0x5a027dd3) fsqrt.d fs11, ft4
core   0: 1 0x00000000800055a6 (0x5a027dd3) f27 0x7ff8000000000000
core   0: 0x00000000800055aa (0x6d6a4993) xori    s3, s4, 1750
core   0: 1 0x00000000800055aa (0x6d6a4993) x19 0x00000000800053e1
core   0: 0x00000000800055ae (0x036a7cbb) remuw   s9, s4, s6
core   0: 1 0x00000000800055ae (0x036a7cbb) x25 0x0000000000000000
core   0: 0x00000000800055b2 (0x414cdebb) sraw    t4, s9, s4
core   0: 1 0x00000000800055b2 (0x414cdebb) x29 0x0000000000000000
core   0: 0x00000000800055b6 (0x005bd4bb) srlw    s1, s7, t0
core   0: 1 0x00000000800055b6 (0x005bd4bb) x9  0x0000000000000000
core   0: 0x00000000800055ba (0x00291af3) csrrw   s5, frm, s2
core   0: 1 0x00000000800055ba (0x00291af3) x21 0x0000000000000002 c2_frm 0x0000000000000000
core   0: 0x00000000800055be (0x5184fd93) andi    s11, s1, 1304
core   0: 1 0x00000000800055be (0x5184fd93) x27 0x0000000000000000
core   0: 0x00000000800055c2 (0xc21df8d3) fcvt.wu.d a7, fs11
core   0: 1 0x00000000800055c2 (0xc21df8d3) c1_fflags 0x0000000000000015 x17 0xffffffffffffffff
core   0: 0x00000000800055c6 (0xc23ffbd3) fcvt.lu.d s7, ft11
core   0: 1 0x00000000800055c6 (0xc23ffbd3) x23 0x0000000000000013
core   0: 0x00000000800055ca (0xd20b8553) fcvt.d.w fa0, s7
core   0: 1 0x00000000800055ca (0xd20b8553) f10 0x4033000000000000
core   0: 0x00000000800055ce (0xd028f1d3) fcvt.s.l ft3, a7
core   0: 1 0x00000000800055ce (0xd028f1d3) f3  0xffffffffbf800000
core   0: 0x00000000800055d2 (0x2b318153) fmin.d  ft2, ft3, fs3
core   0: 1 0x00000000800055d2 (0x2b318153) f2  0x408d600000000000
core   0: 0x00000000800055d6 (0x5a077e53) fsqrt.d ft8, fa4
core   0: 1 0x00000000800055d6 (0x5a077e53) c1_fflags 0x0000000000000015 f28 0x41efffffffffffff
core   0: 0x00000000800055da (0x0372b2b3) mulhu   t0, t0, s7
core   0: 1 0x00000000800055da (0x0372b2b3) x5  0x0000000000000000
core   0: 0x00000000800055de (0x417bddb3) sra     s11, s7, s7
core   0: 1 0x00000000800055de (0x417bddb3) x27 0x0000000000000000
core   0: 0x00000000800055e2 (0xffa18737) lui     a4, 0xffa18
core   0: 1 0x00000000800055e2 (0xffa18737) x14 0xffffffffffa18000
core   0: 0x00000000800055e6 (0x5cb7071b) addiw   a4, a4, 1483
core   0: 1 0x00000000800055e6 (0x5cb7071b) x14 0xffffffffffa185cb
core   0: 0x00000000800055ea (0x00000736) c.slli  a4, 13
core   0: 1 0x00000000800055ea (0x0736) x14 0xfffffff430b96000
core   0: 0x00000000800055ec (0x12e70713) addi    a4, a4, 302
core   0: 1 0x00000000800055ec (0x12e70713) x14 0xfffffff430b9612e
core   0: 0x00000000800055f0 (0x4141d0b3) sra     ra, gp, s4
core   0: 1 0x00000000800055f0 (0x4141d0b3) x1  0x0000000000000000
core   0: 0x00000000800055f4 (0x2ac81653) fmax.d  fa2, fa6, fa2
core   0: 1 0x00000000800055f4 (0x2ac81653) f12 0x41e7040b4e600000
core   0: 0x00000000800055f8 (0x401b0b3b) subw    s6, s6, ra
core   0: 1 0x00000000800055f8 (0x401b0b3b) x22 0xffffffff80005537
core   0: 0x00000000800055fc (0x3bbe7a4f) fnmadd.d fs4, ft8, fs11, ft7
core   0: 1 0x00000000800055fc (0x3bbe7a4f) f20 0x7ff8000000000000
core   0: 0x0000000080005600 (0x0210e9bb) remw    s3, ra, ra
core   0: 1 0x0000000080005600 (0x0210e9bb) x19 0x0000000000000000
core   0: 0x0000000080005604 (0xdeab6293) ori     t0, s6, -534
core   0: 1 0x0000000080005604 (0xdeab6293) x5  0xfffffffffffffdff
core   0: 0x0000000080005608 (0x00155113) srli    sp, a0, 1
core   0: 1 0x0000000080005608 (0x00155113) x2  0x0000000000000313
core   0: 0x000000008000560c (0x00102af3) csrrs   s5, fflags, zero
core   0: 1 0x000000008000560c (0x00102af3) x21 0x0000000000000015
core   0: 0x0000000080005610 (0x00e95e13) srli    t3, s2, 14
core   0: 1 0x0000000080005610 (0x00e95e13) x28 0x0000000000000000
core   0: 0x0000000080005614 (0x415e51bb) sraw    gp, t3, s5
core   0: 1 0x0000000080005614 (0x415e51bb) x3  0x0000000000000000
core   0: 0x0000000080005618 (0x0228c6b3) div     a3, a7, sp
core   0: 1 0x0000000080005618 (0x0228c6b3) x13 0x0000000000000000
core   0: 0x000000008000561c (0x123af9d3) fmul.d  fs3, fs5, ft3
core   0: 1 0x000000008000561c (0x123af9d3) f19 0x7ff8000000000000
core   0: 0x0000000080005620 (0x00019093) slli    ra, gp, 0
core   0: 1 0x0000000080005620 (0x00019093) x1  0x0000000000000000
core   0: 0x0000000080005624 (0x00102873) csrrs   a6, fflags, zero
core   0: 1 0x0000000080005624 (0x00102873) x16 0x0000000000000015
core   0: 0x0000000080005628 (0x0006dc13) srli    s8, a3, 0
core   0: 1 0x0000000080005628 (0x0006dc13) x24 0x0000000000000000
core   0: 0x000000008000562c (0xf11c2cf3) csrrs   s9, mvendorid, s8
core   0: exception trap_illegal_instruction, epc 0x000000008000562c
core   0:           tval 0x00000000f11c2cf3
core   0: >>>>  $xrv64i2p1_m2p0_a2p1_f2p2_d2p2_zicsr2p0_zifencei2p0_zmmul1p0_zba1p0_zbb1p0_zbc1p0_zbs1p0
core   0: 0x0000000080004000 (0x0080006f) j       pc + 0x8
core   0: 3 0x0000000080004000 (0x0080006f)
core   0: >>>>  mmode_exception_handler
core   0: 0x0000000080004008 (0x00002c17) auipc   s8, 0x2
core   0: 3 0x0000000080004008 (0x00002c17) x24 0x0000000080006008
core   0: 0x000000008000400c (0x080c0c13) addi    s8, s8, 128
core   0: 3 0x000000008000400c (0x080c0c13) x24 0x0000000080006088
core   0: 0x0000000080004010 (0x000c00e7) jalr    s8
core   0: 3 0x0000000080004010 (0x000c00e7) x1  0x0000000080004014
core   0: >>>>  any_handler
core   0: 0x0000000080006088 (0x341027f3) csrrs   a5, mepc, zero
core   0: 3 0x0000000080006088 (0x341027f3) x15 0x000000008000562c
core   0: 0x000000008000608c (0x34202773) csrrs   a4, mcause, zero
core   0: 3 0x000000008000608c (0x34202773) x14 0x0000000000000002
core   0: 0x0000000080006090 (0x142026f3) csrrs   a3, scause, zero
core   0: 3 0x0000000080006090 (0x142026f3) x13 0x0000000000000000
core   0: 0x0000000080006094 (0x30402673) csrrs   a2, mie, zero
core   0: 3 0x0000000080006094 (0x30402673) x12 0x0000000000000a00
core   0: 0x0000000080006098 (0x344025f3) csrrs   a1, mip, zero
core   0: 3 0x0000000080006098 (0x344025f3) x11 0x0000000000000080
core   0: 0x000000008000609c (0x343025f3) csrrs   a1, mtval, zero
core   0: 3 0x000000008000609c (0x343025f3) x11 0x00000000f11c2cf3
core   0: 0x00000000800060a0 (0x14302573) csrrs   a0, stval, zero
core   0: 3 0x00000000800060a0 (0x14302573) x10 0x0000000000000627
core   0: 0x00000000800060a4 (0xb02024f3) csrrs   s1, minstret, zero
core   0: 3 0x00000000800060a4 (0xb02024f3) x9  0x0000000000000f80
core   0: 0x00000000800060a8 (0x0000a811) c.j     pc + 20
core   0: 3 0x00000000800060a8 (0xa811)
core   0: >>>>  mepc_4
core   0: 0x00000000800060bc (0x00000791) c.addi  a5, 4
core   0: 3 0x00000000800060bc (0x0791) x15 0x0000000080005630
core   0: 0x00000000800060be (0x34179073) csrrw   zero, mepc, a5
core   0: 3 0x00000000800060be (0x34179073) c833_mepc 0x0000000080005630
core   0: 0x00000000800060c2 (0x30200073) mret
core   0: 3 0x00000000800060c2 (0x30200073) c768_mstatus 0x8000000a00106080
core   0: 0x0000000080005630 (0xd02b7bd3) fcvt.s.l fs7, s6
core   0: 1 0x0000000080005630 (0xd02b7bd3) c1_fflags 0x0000000000000015 f23 0xffffffffceffff56
core   0: 0x0000000080005634 (0xc029fdd3) fcvt.l.s s11, fs3
core   0: 1 0x0000000080005634 (0xc029fdd3) c1_fflags 0x0000000000000015 x27 0x7fffffffffffffff
core   0: 0x0000000080005638 (0x0329683b) remw    a6, s2, s2
core   0: 1 0x0000000080005638 (0x0329683b) x16 0x0000000000000000
core   0: 0x000000008000563c (0x015cab33) slt     s6, s9, s5
core   0: 1 0x000000008000563c (0x015cab33) x22 0x0000000000000001
core   0: 0x0000000080005640 (0x01deceb3) xor     t4, t4, t4
core   0: 1 0x0000000080005640 (0x01deceb3) x29 0x0000000000000000
core   0: 0x0000000080005644 (0xd22cf353) fcvt.d.l ft6, s9
core   0: 1 0x0000000080005644 (0xd22cf353) f6  0x0000000000000000
core   0: 0x0000000080005648 (0x012dabb3) slt     s7, s11, s2
core   0: 1 0x0000000080005648 (0x012dabb3) x23 0x0000000000000000
core   0: 0x000000008000564c (0x12cafad3) fmul.d  fs5, fs5, fa2
core   0: 1 0x000000008000564c (0x12cafad3) f21 0x7ff8000000000000
core   0: 0x0000000080005650 (0x02852433) mulhsu  s0, a0, s0
core   0: 1 0x0000000080005650 (0x02852433) x8  0x0000000000000313
core   0: 0x0000000080005654 (0x43de5c13) srai    s8, t3, 61
core   0: 1 0x0000000080005654 (0x43de5c13) x24 0x0000000000000000
core   0: 0x0000000080005658 (0xf20c07d3) fmv.d.x fa5, s8
core   0: 1 0x0000000080005658 (0xf20c07d3) f15 0x0000000000000000
core   0: 0x000000008000565c (0xc20378d3) fcvt.w.d a7, ft6
core   0: 1 0x000000008000565c (0xc20378d3) x17 0x0000000000000000
core   0: 0x0000000080005660 (0xca2af04f) fnmadd.d ft0, fs5, ft2, fs9
core   0: 1 0x0000000080005660 (0xca2af04f) f0  0x7ff8000000000000
core   0: 0x0000000080005664 (0xc035fed3) fcvt.lu.s t4, fa1
core   0: 1 0x0000000080005664 (0xc035fed3) c1_fflags 0x0000000000000015 x29 0xffffffffffffffff
core   0: 0x0000000080005668 (0xd20e8cd3) fcvt.d.w fs9, t4
core   0: 1 0x0000000080005668 (0xd20e8cd3) f25 0xbff0000000000000
core   0: 0x000000008000566c (0x1abef853) fdiv.d  fa6, ft9, fa1
core   0: 1 0x000000008000566c (0x1abef853) f16 0x7ff8000000000000
core   0: 0x0000000080005670 (0x010d7d33) and     s10, s10, a6
core   0: 1 0x0000000080005670 (0x010d7d33) x26 0x0000000000000000
core   0: 0x0000000080005674 (0xe4932197) auipc   gp, 0xe4932
core   0: 1 0x0000000080005674 (0xe4932197) x3  0x0000000064937674
core   0: 0x0000000080005678 (0xa39c8053) fle.d   zero, fs9, fs9
core   0: 1 0x0000000080005678 (0xa39c8053)
core   0: 0x000000008000567c (0x415a053b) subw    a0, s4, s5
core   0: 1 0x000000008000567c (0x415a053b) x10 0xffffffff80005522
core   0: 0x0000000080005680 (0xc205fed3) fcvt.w.d t4, fa1
core   0: 1 0x0000000080005680 (0xc205fed3) c1_fflags 0x0000000000000015 x29 0x000000000000d91c
core   0: 0x0000000080005684 (0x022ed133) divu    sp, t4, sp
core   0: 1 0x0000000080005684 (0x022ed133) x2  0x0000000000000046
core   0: 0x0000000080005688 (0x00241a73) csrrw   s4, frm, s0
core   0: 1 0x0000000080005688 (0x00241a73) x20 0x0000000000000000 c2_frm 0x0000000000000003
core   0: 0x000000008000568c (0x88920193) addi    gp, tp, -1911
core   0: 1 0x000000008000568c (0x88920193) x3  0x000000000eedce99
core   0: 0x0000000080005690 (0x01418133) add     sp, gp, s4
core   0: 1 0x0000000080005690 (0x01418133) x2  0x000000000eedce99
core   0: 0x0000000080005694 (0x730876cf) fnmadd.d fa3, fa6, fa6, fa4
core   0: 1 0x0000000080005694 (0x730876cf) f13 0x7ff8000000000000
core   0: 0x0000000080005698 (0x01d160b3) or      ra, sp, t4
core   0: 1 0x0000000080005698 (0x01d160b3) x1  0x000000000eeddf9d
core   0: 0x000000008000569c (0x00d08033) add     zero, ra, a3
core   0: 1 0x000000008000569c (0x00d08033)
core   0: 0x00000000800056a0 (0x4008d89b) sraiw   a7, a7, 0
core   0: 1 0x00000000800056a0 (0x4008d89b) x17 0x0000000000000000
core   0: 0x00000000800056a4 (0x01b9013b) addw    sp, s2, s11
core   0: 1 0x00000000800056a4 (0x01b9013b) x2  0xffffffffffffffff
core   0: 0x00000000800056a8 (0x0118f033) and     zero, a7, a7
core   0: 1 0x00000000800056a8 (0x0118f033)
core   0: 0x00000000800056ac (0xfe0786b7) lui     a3, 0xfe078
core   0: 1 0x00000000800056ac (0xfe0786b7) x13 0xfffffffffe078000
core   0: 0x00000000800056b0 (0x78d6869b) addiw   a3, a3, 1933
core   0: 1 0x00000000800056b0 (0x78d6869b) x13 0xfffffffffe07878d
core   0: 0x00000000800056b4 (0x000006ba) c.slli  a3, 14
core   0: 1 0x00000000800056b4 (0x06ba) x13 0xffffff81e1e34000
core   0: 0x00000000800056b6 (0xc0368693) addi    a3, a3, -1021
core   0: 1 0x00000000800056b6 (0xc0368693) x13 0xffffff81e1e33c03
core   0: 0x00000000800056ba (0x420681d3) fcvt.d.s ft3, fa3
core   0: 1 0x00000000800056ba (0x420681d3) f3  0x7ff8000000000000
core   0: 0x00000000800056be (0x8008e593) ori     a1, a7, -2048
core   0: 1 0x00000000800056be (0x8008e593) x11 0xfffffffffffff800
core   0: 0x00000000800056c2 (0x00a24233) xor     tp, tp, a0
core   0: 1 0x00000000800056c2 (0x00a24233) x4  0xffffffff8eed8332
core   0: 0x00000000800056c6 (0x00e910b3) sll     ra, s2, a4
core   0: 1 0x00000000800056c6 (0x00e910b3) x1  0x0000000000000000
core   0: 0x00000000800056ca (0x420383d3) fcvt.d.s ft7, ft7
core   0: 1 0x00000000800056ca (0x420383d3) f7  0x7ff8000000000000
core   0: 0x00000000800056ce (0xd939831b) addiw   t1, s3, -621
core   0: 1 0x00000000800056ce (0xd939831b) x6  0xfffffffffffffd93
core   0: 0x00000000800056d2 (0x03a0e113) ori     sp, ra, 58
core   0: 1 0x00000000800056d2 (0x03a0e113) x2  0x000000000000003a
core   0: 0x00000000800056d6 (0x419bd033) sra     zero, s7, s9
core   0: 1 0x00000000800056d6 (0x419bd033)
core   0: 0x00000000800056da (0x01deae33) slt     t3, t4, t4
core   0: 1 0x00000000800056da (0x01deae33) x28 0x0000000000000000
core   0: 0x00000000800056de (0x40a6de3b) sraw    t3, a3, a0
core   0: 1 0x00000000800056de (0x40a6de3b) x28 0xfffffffff878cf00
core   0: 0x00000000800056e2 (0xd21688d3) fcvt.d.wu fa7, a3
core   0: 1 0x00000000800056e2 (0xd21688d3) f17 0x41ec3c6780600000
core   0: 0x00000000800056e6 (0xb820d3f3) csrrwi  t2, minstreth, 1
core   0: exception trap_illegal_instruction, epc 0x00000000800056e6
core   0:           tval 0x00000000b820d3f3
core   0: >>>>  $xrv64i2p1_m2p0_a2p1_f2p2_d2p2_zicsr2p0_zifencei2p0_zmmul1p0_zba1p0_zbb1p0_zbc1p0_zbs1p0
core   0: 0x0000000080004000 (0x0080006f) j       pc + 0x8
core   0: 3 0x0000000080004000 (0x0080006f)
core   0: >>>>  mmode_exception_handler
core   0: 0x0000000080004008 (0x00002c17) auipc   s8, 0x2
core   0: 3 0x0000000080004008 (0x00002c17) x24 0x0000000080006008
core   0: 0x000000008000400c (0x080c0c13) addi    s8, s8, 128
core   0: 3 0x000000008000400c (0x080c0c13) x24 0x0000000080006088
core   0: 0x0000000080004010 (0x000c00e7) jalr    s8
core   0: 3 0x0000000080004010 (0x000c00e7) x1  0x0000000080004014
core   0: >>>>  any_handler
core   0: 0x0000000080006088 (0x341027f3) csrrs   a5, mepc, zero
core   0: 3 0x0000000080006088 (0x341027f3) x15 0x00000000800056e6
core   0: 0x000000008000608c (0x34202773) csrrs   a4, mcause, zero
core   0: 3 0x000000008000608c (0x34202773) x14 0x0000000000000002
core   0: 0x0000000080006090 (0x142026f3) csrrs   a3, scause, zero
core   0: 3 0x0000000080006090 (0x142026f3) x13 0x0000000000000000
core   0: 0x0000000080006094 (0x30402673) csrrs   a2, mie, zero
core   0: 3 0x0000000080006094 (0x30402673) x12 0x0000000000000a00
core   0: 0x0000000080006098 (0x344025f3) csrrs   a1, mip, zero
core   0: 3 0x0000000080006098 (0x344025f3) x11 0x0000000000000080
core   0: 0x000000008000609c (0x343025f3) csrrs   a1, mtval, zero
core   0: 3 0x000000008000609c (0x343025f3) x11 0x00000000b820d3f3
core   0: 0x00000000800060a0 (0x14302573) csrrs   a0, stval, zero
core   0: 3 0x00000000800060a0 (0x14302573) x10 0x0000000000000627
core   0: 0x00000000800060a4 (0xb02024f3) csrrs   s1, minstret, zero
core   0: 3 0x00000000800060a4 (0xb02024f3) x9  0x0000000000000fbe
core   0: 0x00000000800060a8 (0x0000a811) c.j     pc + 20
core   0: 3 0x00000000800060a8 (0xa811)
core   0: >>>>  mepc_4
core   0: 0x00000000800060bc (0x00000791) c.addi  a5, 4
core   0: 3 0x00000000800060bc (0x0791) x15 0x00000000800056ea
core   0: 0x00000000800060be (0x34179073) csrrw   zero, mepc, a5
core   0: 3 0x00000000800060be (0x34179073) c833_mepc 0x00000000800056ea
core   0: 0x00000000800060c2 (0x30200073) mret
core   0: 3 0x00000000800060c2 (0x30200073) c768_mstatus 0x8000000a00106080
core   0: 0x00000000800056ea (0x41d6d7bb) sraw    a5, a3, t4
core   0: 1 0x00000000800056ea (0x41d6d7bb) x15 0x0000000000000000
core   0: 0x00000000800056ee (0x0ff0000f) fence   iorw,iorw
core   0: 1 0x00000000800056ee (0x0ff0000f)
core   0: 0x00000000800056f2 (0x0073a833) slt     a6, t2, t2
core   0: 1 0x00000000800056f2 (0x0073a833) x16 0x0000000000000000
core   0: 0x00000000800056f6 (0x03c2ae33) mulhsu  t3, t0, t3
core   0: 1 0x00000000800056f6 (0x03c2ae33) x28 0xfffffffffffffdff
core   0: 0x00000000800056fa (0x2a667017) auipc   zero, 0x2a667
core   0: 1 0x00000000800056fa (0x2a667017)
core   0: 0x00000000800056fe (0x00e6dc1b) srliw   s8, a3, 14
core   0: 1 0x00000000800056fe (0x00e6dc1b) x24 0x0000000000000000
core   0: 0x0000000080005702 (0x007223b3) slt     t2, tp, t2
core   0: 1 0x0000000080005702 (0x007223b3) x7  0x0000000000000001
core   0: 0x0000000080005706 (0x02a220b3) mulhsu  ra, tp, a0
core   0: 1 0x0000000080005706 (0x02a220b3) x1  0xffffffffffffffff
core   0: 0x000000008000570a (0x0ad6f453) fsub.d  fs0, fa3, fa3
core   0: 1 0x000000008000570a (0x0ad6f453) f8  0x7ff8000000000000
core   0: 0x000000008000570e (0x0312fd53) fadd.d  fs10, ft5, fa7
core   0: 1 0x000000008000570e (0x0312fd53) f26 0x7ff8000000000000
core   0: 0x0000000080005712 (0x00279a73) csrrw   s4, frm, a5
core   0: 1 0x0000000080005712 (0x00279a73) x20 0x0000000000000003 c2_frm 0x0000000000000000
core   0: 0x0000000080005716 (0x002020f3) csrrs   ra, frm, zero
core   0: 1 0x0000000080005716 (0x002020f3) x1  0x0000000000000000
core   0: 0x000000008000571a (0x0a8d7353) fsub.d  ft6, fs10, fs0
core   0: 1 0x000000008000571a (0x0a8d7353) f6  0x7ff8000000000000
core   0: 0x000000008000571e (0x03564ab3) div     s5, a2, s5
core   0: 1 0x000000008000571e (0x03564ab3) x21 0x0000000000000079
core   0: 0x0000000080005722 (0x03416bb3) rem     s7, sp, s4
core   0: 1 0x0000000080005722 (0x03416bb3) x23 0x0000000000000001
core   0: 0x0000000080005726 (0x004ead33) slt     s10, t4, tp
core   0: 1 0x0000000080005726 (0x004ead33) x26 0x0000000000000000
core   0: 0x000000008000572a (0x000ed01b) srliw   zero, t4, 0
core   0: 1 0x000000008000572a (0x000ed01b)
core   0: 0x000000008000572e (0x00b06033) or      zero, zero, a1
core   0: 1 0x000000008000572e (0x00b06033)
core   0: 0x0000000080005732 (0xc232f953) fcvt.lu.d s2, ft5
core   0: 1 0x0000000080005732 (0xc232f953) c1_fflags 0x0000000000000015 x18 0xffffffffffffffff
core   0: 0x0000000080005736 (0x015ae6b3) or      a3, s5, s5
core   0: 1 0x0000000080005736 (0x015ae6b3) x13 0x0000000000000079
core   0: 0x000000008000573a (0x00c64933) xor     s2, a2, a2
core   0: 1 0x000000008000573a (0x00c64933) x18 0x0000000000000000
core   0: 0x000000008000573e (0x0014ea33) or      s4, s1, ra
core   0: 1 0x000000008000573e (0x0014ea33) x20 0x0000000000000fbe
core   0: 0x0000000080005742 (0x01f3181b) slliw   a6, t1, 31
core   0: 1 0x0000000080005742 (0x01f3181b) x16 0xffffffff80000000
core   0: 0x0000000080005746 (0x01a210bb) sllw    ra, tp, s10
core   0: 1 0x0000000080005746 (0x01a210bb) x1  0xffffffff8eed8332
core   0: 0x000000008000574a (0x4061519b) sraiw   gp, sp, 6
core   0: 1 0x000000008000574a (0x4061519b) x3  0x0000000000000000
core   0: 0x000000008000574e (0x230aadd3) fsgnjx.d fs11, fs5, fa6
core   0: 1 0x000000008000574e (0x230aadd3) f27 0x7ff8000000000000
core   0: 0x0000000080005752 (0x022bf93b) remuw   s2, s7, sp
core   0: 1 0x0000000080005752 (0x022bf93b) x18 0x0000000000000001
core   0: 0x0000000080005756 (0x00121e73) csrrw   t3, fflags, tp
core   0: 1 0x0000000080005756 (0x00121e73) x28 0x0000000000000015 c1_fflags 0x0000000000000012
core   0: 0x000000008000575a (0x00b0173b) sllw    a4, zero, a1
core   0: 1 0x000000008000575a (0x00b0173b) x14 0x0000000000000000
core   0: 0x000000008000575e (0x016b54b3) srl     s1, s6, s6
core   0: 1 0x000000008000575e (0x016b54b3) x9  0x0000000000000000
core   0: 0x0000000080005762 (0xf120ec73) csrrsi  s8, marchid, 1
core   0: exception trap_illegal_instruction, epc 0x0000000080005762
core   0:           tval 0x00000000f120ec73
core   0: >>>>  $xrv64i2p1_m2p0_a2p1_f2p2_d2p2_zicsr2p0_zifencei2p0_zmmul1p0_zba1p0_zbb1p0_zbc1p0_zbs1p0
core   0: 0x0000000080004000 (0x0080006f) j       pc + 0x8
core   0: 3 0x0000000080004000 (0x0080006f)
core   0: >>>>  mmode_exception_handler
core   0: 0x0000000080004008 (0x00002c17) auipc   s8, 0x2
core   0: 3 0x0000000080004008 (0x00002c17) x24 0x0000000080006008
core   0: 0x000000008000400c (0x080c0c13) addi    s8, s8, 128
core   0: 3 0x000000008000400c (0x080c0c13) x24 0x0000000080006088
core   0: 0x0000000080004010 (0x000c00e7) jalr    s8
core   0: 3 0x0000000080004010 (0x000c00e7) x1  0x0000000080004014
core   0: >>>>  any_handler
core   0: 0x0000000080006088 (0x341027f3) csrrs   a5, mepc, zero
core   0: 3 0x0000000080006088 (0x341027f3) x15 0x0000000080005762
core   0: 0x000000008000608c (0x34202773) csrrs   a4, mcause, zero
core   0: 3 0x000000008000608c (0x34202773) x14 0x0000000000000002
core   0: 0x0000000080006090 (0x142026f3) csrrs   a3, scause, zero
core   0: 3 0x0000000080006090 (0x142026f3) x13 0x0000000000000000
core   0: 0x0000000080006094 (0x30402673) csrrs   a2, mie, zero
core   0: 3 0x0000000080006094 (0x30402673) x12 0x0000000000000a00
core   0: 0x0000000080006098 (0x344025f3) csrrs   a1, mip, zero
core   0: 3 0x0000000080006098 (0x344025f3) x11 0x0000000000000080
core   0: 0x000000008000609c (0x343025f3) csrrs   a1, mtval, zero
core   0: 3 0x000000008000609c (0x343025f3) x11 0x00000000f120ec73
core   0: 0x00000000800060a0 (0x14302573) csrrs   a0, stval, zero
core   0: 3 0x00000000800060a0 (0x14302573) x10 0x0000000000000627
core   0: 0x00000000800060a4 (0xb02024f3) csrrs   s1, minstret, zero
core   0: 3 0x00000000800060a4 (0xb02024f3) x9  0x0000000000000fec
core   0: 0x00000000800060a8 (0x0000a811) c.j     pc + 20
core   0: 3 0x00000000800060a8 (0xa811)
core   0: >>>>  mepc_4
core   0: 0x00000000800060bc (0x00000791) c.addi  a5, 4
core   0: 3 0x00000000800060bc (0x0791) x15 0x0000000080005766
core   0: 0x00000000800060be (0x34179073) csrrw   zero, mepc, a5
core   0: 3 0x00000000800060be (0x34179073) c833_mepc 0x0000000080005766
core   0: 0x00000000800060c2 (0x30200073) mret
core   0: 3 0x00000000800060c2 (0x30200073) c768_mstatus 0x8000000a00106080
core   0: 0x0000000080005766 (0xfa7a7037) lui     zero, 0xfa7a7
core   0: 1 0x0000000080005766 (0xfa7a7037)
core   0: 0x000000008000576a (0x4790001b) addiw   zero, zero, 1145
core   0: 1 0x000000008000576a (0x4790001b)
core   0: 0x000000008000576e (0x00c01013) slli    zero, zero, 12
core   0: 1 0x000000008000576e (0x00c01013)
core   0: 0x0000000080005772 (0x10c00013) li      zero, 268
core   0: 1 0x0000000080005772 (0x10c00013)
core   0: 0x0000000080005776 (0x23ae03d3) fsgnj.d ft7, ft8, fs10
core   0: 1 0x0000000080005776 (0x23ae03d3) f7  0x41efffffffffffff
core   0: 0x000000008000577a (0xe8e00213) li      tp, -370
core   0: 1 0x000000008000577a (0xe8e00213) x4  0xfffffffffffffe8e
core   0: 0x000000008000577e (0xd2168ad3) fcvt.d.wu fs5, a3
core   0: 1 0x000000008000577e (0xd2168ad3) f21 0x0000000000000000
core   0: 0x0000000080005782 (0x417e8333) sub     t1, t4, s7
core   0: 1 0x0000000080005782 (0x417e8333) x6  0x000000000000d91b
core   0: 0x0000000080005786 (0x00c26633) or      a2, tp, a2
core   0: 1 0x0000000080005786 (0x00c26633) x12 0xfffffffffffffe8e
core   0: 0x000000008000578a (0x00a2543b) srlw    s0, tp, a0
core   0: 1 0x000000008000578a (0x00a2543b) x8  0x0000000001fffffd
core   0: 0x000000008000578e (0x001900bb) addw    ra, s2, ra
core   0: 1 0x000000008000578e (0x001900bb) x1  0xffffffff80004015
core   0: 0x0000000080005792 (0x420581d3) fcvt.d.s ft3, fa1
core   0: 1 0x0000000080005792 (0x420581d3) f3  0x7ff8000000000000
core   0: 0x0000000080005796 (0x02422233) mulhsu  tp, tp, tp
core   0: 1 0x0000000080005796 (0x02422233) x4  0xfffffffffffffe8e
core   0: 0x000000008000579a (0x40b25c13) srai    s8, tp, 11
core   0: 1 0x000000008000579a (0x40b25c13) x24 0xffffffffffffffff
core   0: 0x000000008000579e (0x00cceb33) or      s6, s9, a2
core   0: 1 0x000000008000579e (0x00cceb33) x22 0xfffffffffffffe8e
core   0: 0x00000000800057a2 (0x06a8b017) auipc   zero, 0x6a8b
core   0: 1 0x00000000800057a2 (0x06a8b017)
core   0: 0x00000000800057a6 (0x401ff5d3) fcvt.s.d fa1, ft11
core   0: 1 0x00000000800057a6 (0x401ff5d3) f11 0xffffffff41980000
core   0: 0x00000000800057aa (0x0377fbb3) remu    s7, a5, s7
core   0: 1 0x00000000800057aa (0x0377fbb3) x23 0x0000000000000000
core   0: 0x00000000800057ae (0x37200c13) li      s8, 882
core   0: 1 0x00000000800057ae (0x37200c13) x24 0x0000000000000372
core   0: 0x00000000800057b2 (0x22ac2c53) fsgnjx.d fs8, fs8, fa0
core   0: 1 0x00000000800057b2 (0x22ac2c53) f24 0xffffffff00000000
core   0: 0x00000000800057b6 (0xe2058353) fmv.x.d t1, fa1
core   0: 1 0x00000000800057b6 (0xe2058353) x6  0xffffffff41980000
core   0: 0x00000000800057ba (0x41590eb3) sub     t4, s2, s5
core   0: 1 0x00000000800057ba (0x41590eb3) x29 0xffffffffffffff88
core   0: 0x00000000800057be (0x23d424d3) fsgnjx.d fs1, fs0, ft9
core   0: 1 0x00000000800057be (0x23d424d3) f9  0x7ff8000000000000
core   0: 0x00000000800057c2 (0x0073d6b3) srl     a3, t2, t2
core   0: 1 0x00000000800057c2 (0x0073d6b3) x13 0x0000000000000000
core   0: 0x00000000800057c6 (0xc033ba73) csrrc   s4, hpmcounter3, t2
core   0: exception trap_illegal_instruction, epc 0x00000000800057c6
core   0:           tval 0x00000000c033ba73
core   0: >>>>  $xrv64i2p1_m2p0_a2p1_f2p2_d2p2_zicsr2p0_zifencei2p0_zmmul1p0_zba1p0_zbb1p0_zbc1p0_zbs1p0
core   0: 0x0000000080004000 (0x0080006f) j       pc + 0x8
core   0: 3 0x0000000080004000 (0x0080006f)
core   0: >>>>  mmode_exception_handler
core   0: 0x0000000080004008 (0x00002c17) auipc   s8, 0x2
core   0: 3 0x0000000080004008 (0x00002c17) x24 0x0000000080006008
core   0: 0x000000008000400c (0x080c0c13) addi    s8, s8, 128
core   0: 3 0x000000008000400c (0x080c0c13) x24 0x0000000080006088
core   0: 0x0000000080004010 (0x000c00e7) jalr    s8
core   0: 3 0x0000000080004010 (0x000c00e7) x1  0x0000000080004014
core   0: >>>>  any_handler
core   0: 0x0000000080006088 (0x341027f3) csrrs   a5, mepc, zero
core   0: 3 0x0000000080006088 (0x341027f3) x15 0x00000000800057c6
core   0: 0x000000008000608c (0x34202773) csrrs   a4, mcause, zero
core   0: 3 0x000000008000608c (0x34202773) x14 0x0000000000000002
core   0: 0x0000000080006090 (0x142026f3) csrrs   a3, scause, zero
core   0: 3 0x0000000080006090 (0x142026f3) x13 0x0000000000000000
core   0: 0x0000000080006094 (0x30402673) csrrs   a2, mie, zero
core   0: 3 0x0000000080006094 (0x30402673) x12 0x0000000000000a00
core   0: 0x0000000080006098 (0x344025f3) csrrs   a1, mip, zero
core   0: 3 0x0000000080006098 (0x344025f3) x11 0x0000000000000080
core   0: 0x000000008000609c (0x343025f3) csrrs   a1, mtval, zero
core   0: 3 0x000000008000609c (0x343025f3) x11 0x00000000c033ba73
core   0: 0x00000000800060a0 (0x14302573) csrrs   a0, stval, zero
core   0: 3 0x00000000800060a0 (0x14302573) x10 0x0000000000000627
core   0: 0x00000000800060a4 (0xb02024f3) csrrs   s1, minstret, zero
core   0: 3 0x00000000800060a4 (0xb02024f3) x9  0x0000000000001014
core   0: 0x00000000800060a8 (0x0000a811) c.j     pc + 20
core   0: 3 0x00000000800060a8 (0xa811)
core   0: >>>>  mepc_4
core   0: 0x00000000800060bc (0x00000791) c.addi  a5, 4
core   0: 3 0x00000000800060bc (0x0791) x15 0x00000000800057ca
core   0: 0x00000000800060be (0x34179073) csrrw   zero, mepc, a5
core   0: 3 0x00000000800060be (0x34179073) c833_mepc 0x00000000800057ca
core   0: 0x00000000800060c2 (0x30200073) mret
core   0: 3 0x00000000800060c2 (0x30200073) c768_mstatus 0x8000000a00106080
core   0: 0x00000000800057ca (0xc056f2f3) csrrci  t0, hpmcounter5, 13
core   0: exception trap_illegal_instruction, epc 0x00000000800057ca
core   0:           tval 0x00000000c056f2f3
core   0: >>>>  $xrv64i2p1_m2p0_a2p1_f2p2_d2p2_zicsr2p0_zifencei2p0_zmmul1p0_zba1p0_zbb1p0_zbc1p0_zbs1p0
core   0: 0x0000000080004000 (0x0080006f) j       pc + 0x8
core   0: 3 0x0000000080004000 (0x0080006f)
core   0: >>>>  mmode_exception_handler
core   0: 0x0000000080004008 (0x00002c17) auipc   s8, 0x2
core   0: 3 0x0000000080004008 (0x00002c17) x24 0x0000000080006008
core   0: 0x000000008000400c (0x080c0c13) addi    s8, s8, 128
core   0: 3 0x000000008000400c (0x080c0c13) x24 0x0000000080006088
core   0: 0x0000000080004010 (0x000c00e7) jalr    s8
core   0: 3 0x0000000080004010 (0x000c00e7) x1  0x0000000080004014
core   0: >>>>  any_handler
core   0: 0x0000000080006088 (0x341027f3) csrrs   a5, mepc, zero
core   0: 3 0x0000000080006088 (0x341027f3) x15 0x00000000800057ca
core   0: 0x000000008000608c (0x34202773) csrrs   a4, mcause, zero
core   0: 3 0x000000008000608c (0x34202773) x14 0x0000000000000002
core   0: 0x0000000080006090 (0x142026f3) csrrs   a3, scause, zero
core   0: 3 0x0000000080006090 (0x142026f3) x13 0x0000000000000000
core   0: 0x0000000080006094 (0x30402673) csrrs   a2, mie, zero
core   0: 3 0x0000000080006094 (0x30402673) x12 0x0000000000000a00
core   0: 0x0000000080006098 (0x344025f3) csrrs   a1, mip, zero
core   0: 3 0x0000000080006098 (0x344025f3) x11 0x0000000000000080
core   0: 0x000000008000609c (0x343025f3) csrrs   a1, mtval, zero
core   0: 3 0x000000008000609c (0x343025f3) x11 0x00000000c056f2f3
core   0: 0x00000000800060a0 (0x14302573) csrrs   a0, stval, zero
core   0: 3 0x00000000800060a0 (0x14302573) x10 0x0000000000000627
core   0: 0x00000000800060a4 (0xb02024f3) csrrs   s1, minstret, zero
core   0: 3 0x00000000800060a4 (0xb02024f3) x9  0x0000000000001024
core   0: 0x00000000800060a8 (0x0000a811) c.j     pc + 20
core   0: 3 0x00000000800060a8 (0xa811)
core   0: >>>>  mepc_4
core   0: 0x00000000800060bc (0x00000791) c.addi  a5, 4
core   0: 3 0x00000000800060bc (0x0791) x15 0x00000000800057ce
core   0: 0x00000000800060be (0x34179073) csrrw   zero, mepc, a5
core   0: 3 0x00000000800060be (0x34179073) c833_mepc 0x00000000800057ce
core   0: 0x00000000800060c2 (0x30200073) mret
core   0: 3 0x00000000800060c2 (0x30200073) c768_mstatus 0x8000000a00106080
core   0: 0x00000000800057ce (0x3902e393) ori     t2, t0, 912
core   0: 1 0x00000000800057ce (0x3902e393) x7  0xffffffffffffffff
core   0: 0x00000000800057d2 (0x0222b533) mulhu   a0, t0, sp
core   0: 1 0x00000000800057d2 (0x0222b533) x10 0x0000000000000039
core   0: 0x00000000800057d6 (0x001023f3) csrrs   t2, fflags, zero
core   0: 1 0x00000000800057d6 (0x001023f3) x7  0x0000000000000012
core   0: 0x00000000800057da (0xa28405d3) fle.d   a1, fs0, fs0
core   0: 1 0x00000000800057da (0xa28405d3) c1_fflags 0x0000000000000012 x11 0x0000000000000000
core   0: 0x00000000800057de (0x40127253) fcvt.s.d ft4, ft4
core   0: 1 0x00000000800057de (0x40127253) f4  0xffffffff7fc00000
core   0: 0x00000000800057e2 (0xffebe237) lui     tp, 0xffebe
core   0: 1 0x00000000800057e2 (0xffebe237) x4  0xffffffffffebe000
core   0: 0x00000000800057e6 (0x1092021b) addiw   tp, tp, 265
core   0: 1 0x00000000800057e6 (0x1092021b) x4  0xffffffffffebe109
core   0: 0x00000000800057ea (0x0000023a) c.slli  tp, 14
core   0: 1 0x00000000800057ea (0x023a) x4  0xfffffffaf8424000
core   0: 0x00000000800057ec (0x94a20213) addi    tp, tp, -1718
core   0: 1 0x00000000800057ec (0x94a20213) x4  0xfffffffaf842394a
core   0: 0x00000000800057f0 (0x00cc1d1b) slliw   s10, s8, 12
core   0: 1 0x00000000800057f0 (0x00cc1d1b) x26 0x0000000006088000
core   0: 0x00000000800057f4 (0x401573d3) fcvt.s.d ft7, fa0
core   0: 1 0x00000000800057f4 (0x401573d3) f7  0xffffffff41980000
core   0: 0x00000000800057f8 (0x409c51bb) sraw    gp, s8, s1
core   0: 1 0x00000000800057f8 (0x409c51bb) x3  0xfffffffff8000608
core   0: 0x00000000800057fc (0xc209f6d3) fcvt.w.d a3, fs3
core   0: 1 0x00000000800057fc (0xc209f6d3) c1_fflags 0x0000000000000012 x13 0x000000007fffffff
core   0: 0x0000000080005800 (0x00000001) c.nop
core   0: 1 0x0000000080005800 (0x0001)
core   0: 0x0000000080005802 (0x000aeab3) or      s5, s5, zero
core   0: 1 0x0000000080005802 (0x000aeab3) x21 0x0000000000000079
core   0: 0x0000000080005806 (0x00041b13) slli    s6, s0, 0
core   0: 1 0x0000000080005806 (0x00041b13) x22 0x0000000001fffffd
core   0: 0x000000008000580a (0x0b4dac37) lui     s8, 0xb4da
core   0: 1 0x000000008000580a (0x0b4dac37) x24 0x000000000b4da000
core   0: 0x000000008000580e (0x009b9133) sll     sp, s7, s1
core   0: 1 0x000000008000580e (0x009b9133) x2  0x0000000000000000
core   0: 0x0000000080005812 (0x00000001) c.nop
core   0: 1 0x0000000080005812 (0x0001)
core   0: 0x0000000080005814 (0xd02c7ad3) fcvt.s.l fs5, s8
core   0: 1 0x0000000080005814 (0xd02c7ad3) f21 0xffffffff4d34da00
core   0: 0x0000000080005818 (0xd0347753) fcvt.s.lu fa4, s0
core   0: 1 0x0000000080005818 (0xd0347753) c1_fflags 0x0000000000000013 f14 0xffffffff4bfffffe
core   0: 0x000000008000581c (0xe20e0a53) fmv.x.d s4, ft8
core   0: 1 0x000000008000581c (0xe20e0a53) x20 0x41efffffffffffff
core   0: 0x0000000080005820 (0x014c12b3) sll     t0, s8, s4
core   0: 1 0x0000000080005820 (0x014c12b3) x5  0x0000000000000000
core   0: 0x0000000080005824 (0x674c35b7) lui     a1, 0x674c3
core   0: 1 0x0000000080005824 (0x674c35b7) x11 0x00000000674c3000
core   0: 0x0000000080005828 (0x00102c73) csrrs   s8, fflags, zero
core   0: 1 0x0000000080005828 (0x00102c73) x24 0x0000000000000013
core   0: 0x000000008000582c (0x00261073) csrrw   zero, frm, a2
core   0: 1 0x000000008000582c (0x00261073) c2_frm 0x0000000000000000
core   0: 0x0000000080005830 (0x2a271453) fmax.d  fs0, fa4, ft2
core   0: 1 0x0000000080005830 (0x2a271453) f8  0x408d600000000000
core   0: 0x0000000080005834 (0x400655bb) sraw    a1, a2, zero
core   0: 1 0x0000000080005834 (0x400655bb) x11 0x0000000000000a00
core   0: 0x0000000080005838 (0xab300b97) auipc   s7, 0xab300
core   0: 1 0x0000000080005838 (0xab300b97) x23 0x000000002b305838
core   0: 0x000000008000583c (0x230e1e53) fsgnjn.d ft8, ft8, fa6
core   0: 1 0x000000008000583c (0x230e1e53) f28 0xc1efffffffffffff
core   0: 0x0000000080005840 (0x037c46b3) div     a3, s8, s7
core   0: 1 0x0000000080005840 (0x037c46b3) x13 0x0000000000000000
core   0: 0x0000000080005844 (0xd2000153) fcvt.d.w ft2, zero
core   0: 1 0x0000000080005844 (0xd2000153) f2  0x0000000000000000
core   0: 0x0000000080005848 (0x00130abb) addw    s5, t1, ra
core   0: 1 0x0000000080005848 (0x00130abb) x21 0xffffffffc1984014
core   0: 0x000000008000584c (0x000a62b3) or      t0, s4, zero
core   0: 1 0x000000008000584c (0x000a62b3) x5  0x41efffffffffffff
core   0: 0x0000000080005850 (0xf97648b7) lui     a7, 0xf9764
core   0: 1 0x0000000080005850 (0xf97648b7) x17 0xfffffffff9764000
core   0: 0x0000000080005854 (0x75b8889b) addiw   a7, a7, 1883
core   0: 1 0x0000000080005854 (0x75b8889b) x17 0xfffffffff976475b
core   0: 0x0000000080005858 (0x000008b2) c.slli  a7, 12
core   0: 1 0x0000000080005858 (0x08b2) x17 0xffffff976475b000
core   0: 0x000000008000585a (0x000008d9) c.addi  a7, 22
core   0: 1 0x000000008000585a (0x08d9) x17 0xffffff976475b016
core   0: 0x000000008000585c (0xc002adf3) csrrs   s11, cycle, t0
core   0: exception trap_illegal_instruction, epc 0x000000008000585c
core   0:           tval 0x00000000c002adf3
core   0: >>>>  $xrv64i2p1_m2p0_a2p1_f2p2_d2p2_zicsr2p0_zifencei2p0_zmmul1p0_zba1p0_zbb1p0_zbc1p0_zbs1p0
core   0: 0x0000000080004000 (0x0080006f) j       pc + 0x8
core   0: 3 0x0000000080004000 (0x0080006f)
core   0: >>>>  mmode_exception_handler
core   0: 0x0000000080004008 (0x00002c17) auipc   s8, 0x2
core   0: 3 0x0000000080004008 (0x00002c17) x24 0x0000000080006008
core   0: 0x000000008000400c (0x080c0c13) addi    s8, s8, 128
core   0: 3 0x000000008000400c (0x080c0c13) x24 0x0000000080006088
core   0: 0x0000000080004010 (0x000c00e7) jalr    s8
core   0: 3 0x0000000080004010 (0x000c00e7) x1  0x0000000080004014
core   0: >>>>  any_handler
core   0: 0x0000000080006088 (0x341027f3) csrrs   a5, mepc, zero
core   0: 3 0x0000000080006088 (0x341027f3) x15 0x000000008000585c
core   0: 0x000000008000608c (0x34202773) csrrs   a4, mcause, zero
core   0: 3 0x000000008000608c (0x34202773) x14 0x0000000000000002
core   0: 0x0000000080006090 (0x142026f3) csrrs   a3, scause, zero
core   0: 3 0x0000000080006090 (0x142026f3) x13 0x0000000000000000
core   0: 0x0000000080006094 (0x30402673) csrrs   a2, mie, zero
core   0: 3 0x0000000080006094 (0x30402673) x12 0x0000000000000a00
core   0: 0x0000000080006098 (0x344025f3) csrrs   a1, mip, zero
core   0: 3 0x0000000080006098 (0x344025f3) x11 0x0000000000000080
core   0: 0x000000008000609c (0x343025f3) csrrs   a1, mtval, zero
core   0: 3 0x000000008000609c (0x343025f3) x11 0x00000000c002adf3
core   0: 0x00000000800060a0 (0x14302573) csrrs   a0, stval, zero
core   0: 3 0x00000000800060a0 (0x14302573) x10 0x0000000000000627
core   0: 0x00000000800060a4 (0xb02024f3) csrrs   s1, minstret, zero
core   0: 3 0x00000000800060a4 (0xb02024f3) x9  0x000000000000105a
core   0: 0x00000000800060a8 (0x0000a811) c.j     pc + 20
core   0: 3 0x00000000800060a8 (0xa811)
core   0: >>>>  mepc_4
core   0: 0x00000000800060bc (0x00000791) c.addi  a5, 4
core   0: 3 0x00000000800060bc (0x0791) x15 0x0000000080005860
core   0: 0x00000000800060be (0x34179073) csrrw   zero, mepc, a5
core   0: 3 0x00000000800060be (0x34179073) c833_mepc 0x0000000080005860
core   0: 0x00000000800060c2 (0x30200073) mret
core   0: 3 0x00000000800060c2 (0x30200073) c768_mstatus 0x8000000a00106080
core   0: 0x0000000080005860 (0x031df4b3) remu    s1, s11, a7
core   0: 1 0x0000000080005860 (0x031df4b3) x9  0x7fffffffffffffff
core   0: 0x0000000080005864 (0x2bee1d53) fmax.d  fs10, ft8, ft10
core   0: 1 0x0000000080005864 (0x2bee1d53) f26 0xc1efffffffffffff
core   0: 0x0000000080005868 (0xbbcd8c1b) addiw   s8, s11, -1092
core   0: 1 0x0000000080005868 (0xbbcd8c1b) x24 0xfffffffffffffbbb
core   0: 0x000000008000586c (0x5a0e7ad3) fsqrt.d fs5, ft8
core   0: 1 0x000000008000586c (0x5a0e7ad3) c1_fflags 0x0000000000000013 f21 0x7ff8000000000000
core   0: 0x0000000080005870 (0x00000586) c.slli  a1, 1
core   0: 1 0x0000000080005870 (0x0586) x11 0x0000000180055be6
core   0: 0x0000000080005872 (0xc23f7e53) fcvt.lu.d t3, ft10
core   0: 1 0x0000000080005872 (0xc23f7e53) c1_fflags 0x0000000000000013 x28 0xffffffffffffffff
core   0: 0x0000000080005876 (0x00c57433) and     s0, a0, a2
core   0: 1 0x0000000080005876 (0x00c57433) x8  0x0000000000000200
core   0: 0x000000008000587a (0x001471b3) and     gp, s0, ra
core   0: 1 0x000000008000587a (0x001471b3) x3  0x0000000000000000
core   0: 0x000000008000587e (0xeacaf0c7) fmsub.d ft1, fs5, fa2, ft9
core   0: 1 0x000000008000587e (0xeacaf0c7) f1  0x7ff8000000000000
core   0: 0x0000000080005882 (0x001e0c93) addi    s9, t3, 1
core   0: 1 0x0000000080005882 (0x001e0c93) x25 0x0000000000000000
core   0: 0x0000000080005886 (0x00669b13) slli    s6, a3, 6
core   0: 1 0x0000000080005886 (0x00669b13) x22 0x0000000000000000
core   0: 0x000000008000588a (0x00f81433) sll     s0, a6, a5
core   0: 1 0x000000008000588a (0x00f81433) x8  0x8000000000000000
core   0: 0x000000008000588e (0x0a4affd3) fsub.d  ft11, fs5, ft4
core   0: 1 0x000000008000588e (0x0a4affd3) f31 0x7ff8000000000000
core   0: 0x0000000080005892 (0x4a2b85b7) lui     a1, 0x4a2b8
core   0: 1 0x0000000080005892 (0x4a2b85b7) x11 0x000000004a2b8000
core   0: 0x0000000080005896 (0x0071d013) srli    zero, gp, 7
core   0: 1 0x0000000080005896 (0x0071d013)
core   0: 0x000000008000589a (0x223897d3) fsgnjn.d fa5, fa7, ft3
core   0: 1 0x000000008000589a (0x223897d3) f15 0xc1ec3c6780600000
core   0: 0x000000008000589e (0x420b0753) fcvt.d.s fa4, fs6
core   0: 1 0x000000008000589e (0x420b0753) f14 0x7ff8000000000000
core   0: 0x00000000800058a2 (0x0ae3f3d3) fsub.d  ft7, ft7, fa4
core   0: 1 0x00000000800058a2 (0x0ae3f3d3) f7  0x7ff8000000000000
core   0: 0x00000000800058a6 (0x4014f453) fcvt.s.d fs0, fs1
core   0: 1 0x00000000800058a6 (0x4014f453) f8  0xffffffff7fc00000
core   0: 0x00000000800058aa (0x00008385) c.srli  a5, 1
core   0: 1 0x00000000800058aa (0x8385) x15 0x0000000040002c30
core   0: 0x00000000800058ac (0x0092183b) sllw    a6, tp, s1
core   0: 1 0x00000000800058ac (0x0092183b) x16 0x0000000000000000
core   0: 0x00000000800058b0 (0x01d001bb) addw    gp, zero, t4
core   0: 1 0x00000000800058b0 (0x01d001bb) x3  0xffffffffffffff88
core   0: 0x00000000800058b4 (0xc203f3d3) fcvt.w.d t2, ft7
core   0: 1 0x00000000800058b4 (0xc203f3d3) c1_fflags 0x0000000000000013 x7  0x000000007fffffff
core   0: 0x00000000800058b8 (0x5a07f4d3) fsqrt.d fs1, fa5
core   0: 1 0x00000000800058b8 (0x5a07f4d3) c1_fflags 0x0000000000000013 f9  0x7ff8000000000000
core   0: 0x00000000800058bc (0x00000001) c.nop
core   0: 1 0x00000000800058bc (0x0001)
core   0: 0x00000000800058be (0x0ff0000f) fence   iorw,iorw
core   0: 1 0x00000000800058be (0x0ff0000f)
core   0: 0x00000000800058c2 (0x01109033) sll     zero, ra, a7
core   0: 1 0x00000000800058c2 (0x01109033)
core   0: 0x00000000800058c6 (0xd225f153) fcvt.d.l ft2, a1
core   0: 1 0x00000000800058c6 (0xd225f153) f2  0x41d28ae000000000
core   0: 0x00000000800058ca (0x00000001) c.nop
core   0: 1 0x00000000800058ca (0x0001)
core   0: 0x00000000800058cc (0x020ae8b3) rem     a7, s5, zero
core   0: 1 0x00000000800058cc (0x020ae8b3) x17 0xffffffffc1984014
core   0: 0x00000000800058d0 (0xf20702d3) fmv.d.x ft5, a4
core   0: 1 0x00000000800058d0 (0xf20702d3) f5  0x0000000000000002
core   0: 0x00000000800058d4 (0x00000001) c.nop
core   0: 1 0x00000000800058d4 (0x0001)
core   0: 0x00000000800058d6 (0x3405fbf3) csrrci  s7, mscratch, 11
core   0: exception trap_illegal_instruction, epc 0x00000000800058d6
core   0:           tval 0x000000003405fbf3
core   0: >>>>  $xrv64i2p1_m2p0_a2p1_f2p2_d2p2_zicsr2p0_zifencei2p0_zmmul1p0_zba1p0_zbb1p0_zbc1p0_zbs1p0
core   0: 0x0000000080004000 (0x0080006f) j       pc + 0x8
core   0: 3 0x0000000080004000 (0x0080006f)
core   0: >>>>  mmode_exception_handler
core   0: 0x0000000080004008 (0x00002c17) auipc   s8, 0x2
core   0: 3 0x0000000080004008 (0x00002c17) x24 0x0000000080006008
core   0: 0x000000008000400c (0x080c0c13) addi    s8, s8, 128
core   0: 3 0x000000008000400c (0x080c0c13) x24 0x0000000080006088
core   0: 0x0000000080004010 (0x000c00e7) jalr    s8
core   0: 3 0x0000000080004010 (0x000c00e7) x1  0x0000000080004014
core   0: >>>>  any_handler
core   0: 0x0000000080006088 (0x341027f3) csrrs   a5, mepc, zero
core   0: 3 0x0000000080006088 (0x341027f3) x15 0x00000000800058d6
core   0: 0x000000008000608c (0x34202773) csrrs   a4, mcause, zero
core   0: 3 0x000000008000608c (0x34202773) x14 0x0000000000000002
core   0: 0x0000000080006090 (0x142026f3) csrrs   a3, scause, zero
core   0: 3 0x0000000080006090 (0x142026f3) x13 0x0000000000000000
core   0: 0x0000000080006094 (0x30402673) csrrs   a2, mie, zero
core   0: 3 0x0000000080006094 (0x30402673) x12 0x0000000000000a00
core   0: 0x0000000080006098 (0x344025f3) csrrs   a1, mip, zero
core   0: 3 0x0000000080006098 (0x344025f3) x11 0x0000000000000080
core   0: 0x000000008000609c (0x343025f3) csrrs   a1, mtval, zero
core   0: 3 0x000000008000609c (0x343025f3) x11 0x000000003405fbf3
core   0: 0x00000000800060a0 (0x14302573) csrrs   a0, stval, zero
core   0: 3 0x00000000800060a0 (0x14302573) x10 0x0000000000000627
core   0: 0x00000000800060a4 (0xb02024f3) csrrs   s1, minstret, zero
core   0: 3 0x00000000800060a4 (0xb02024f3) x9  0x000000000000108a
core   0: 0x00000000800060a8 (0x0000a811) c.j     pc + 20
core   0: 3 0x00000000800060a8 (0xa811)
core   0: >>>>  mepc_4
core   0: 0x00000000800060bc (0x00000791) c.addi  a5, 4
core   0: 3 0x00000000800060bc (0x0791) x15 0x00000000800058da
core   0: 0x00000000800060be (0x34179073) csrrw   zero, mepc, a5
core   0: 3 0x00000000800060be (0x34179073) c833_mepc 0x00000000800058da
core   0: 0x00000000800060c2 (0x30200073) mret
core   0: 3 0x00000000800060c2 (0x30200073) c768_mstatus 0x8000000a00106080
core   0: 0x00000000800058da (0xc03bf653) fcvt.lu.s a2, fs7
core   0: 1 0x00000000800058da (0xc03bf653) c1_fflags 0x0000000000000013 x12 0x0000000000000000
core   0: 0x00000000800058de (0x0ff0000f) fence   iorw,iorw
core   0: 1 0x00000000800058de (0x0ff0000f)
core   0: 0x00000000800058e2 (0x00102173) csrrs   sp, fflags, zero
core   0: 1 0x00000000800058e2 (0x00102173) x2  0x0000000000000013
core   0: 0x00000000800058e6 (0x01bc88b3) add     a7, s9, s11
core   0: 1 0x00000000800058e6 (0x01bc88b3) x17 0x7fffffffffffffff
core   0: 0x00000000800058ea (0xd03df953) fcvt.s.lu fs2, s11
core   0: 1 0x00000000800058ea (0xd03df953) c1_fflags 0x0000000000000013 f18 0xffffffff5f000000
core   0: 0x00000000800058ee (0x1a26f9d3) fdiv.d  fs3, fa3, ft2
core   0: 1 0x00000000800058ee (0x1a26f9d3) f19 0x7ff8000000000000
core   0: 0x00000000800058f2 (0xf2010b53) fmv.d.x fs6, sp
core   0: 1 0x00000000800058f2 (0xf2010b53) f22 0x0000000000000013
core   0: 0x00000000800058f6 (0x02d378bb) remuw   a7, t1, a3
core   0: 1 0x00000000800058f6 (0x02d378bb) x17 0x0000000041980000
core   0: 0x00000000800058fa (0x01f8d39b) srliw   t2, a7, 31
core   0: 1 0x00000000800058fa (0x01f8d39b) x7  0x0000000000000000
core   0: 0x00000000800058fe (0x32c5f647) fmsub.d fa2, fa1, fa2, ft6
core   0: 1 0x00000000800058fe (0x32c5f647) f12 0x7ff8000000000000
core   0: 0x0000000080005902 (0x01722c33) slt     s8, tp, s7
core   0: 1 0x0000000080005902 (0x01722c33) x24 0x0000000000000001
core   0: 0x0000000080005906 (0x4008d89b) sraiw   a7, a7, 0
core   0: 1 0x0000000080005906 (0x4008d89b) x17 0x0000000041980000
core   0: 0x000000008000590a (0x0393ecbb) remw    s9, t2, s9
core   0: 1 0x000000008000590a (0x0393ecbb) x25 0x0000000000000000
core   0: 0x000000008000590e (0x40055d9b) sraiw   s11, a0, 0
core   0: 1 0x000000008000590e (0x40055d9b) x27 0x0000000000000627
core   0: 0x0000000080005912 (0xf20886d3) fmv.d.x fa3, a7
core   0: 1 0x0000000080005912 (0xf20886d3) f13 0x0000000041980000
core   0: 0x0000000080005916 (0x41e1521b) sraiw   tp, sp, 30
core   0: 1 0x0000000080005916 (0x41e1521b) x4  0x0000000000000000
core   0: 0x000000008000591a (0x0ff0000f) fence   iorw,iorw
core   0: 1 0x000000008000591a (0x0ff0000f)
core   0: 0x000000008000591e (0xfff74013) not     zero, a4
core   0: 1 0x000000008000591e (0xfff74013)
core   0: 0x0000000080005922 (0x013999b3) sll     s3, s3, s3
core   0: 1 0x0000000080005922 (0x013999b3) x19 0x0000000000000000
core   0: 0x0000000080005926 (0x414ed29b) sraiw   t0, t4, 20
core   0: 1 0x0000000080005926 (0x414ed29b) x5  0xffffffffffffffff
core   0: 0x000000008000592a (0x005214b3) sll     s1, tp, t0
core   0: 1 0x000000008000592a (0x005214b3) x9  0x0000000000000000
core   0: 0x000000008000592e (0x02105e33) divu    t3, zero, ra
core   0: 1 0x000000008000592e (0x02105e33) x28 0x0000000000000000
core   0: 0x0000000080005932 (0x0231b1b3) mulhu   gp, gp, gp
core   0: 1 0x0000000080005932 (0x0231b1b3) x3  0xffffffffffffff10
core   0: 0x0000000080005936 (0x00102873) csrrs   a6, fflags, zero
core   0: 1 0x0000000080005936 (0x00102873) x16 0x0000000000000013
core   0: 0x000000008000593a (0xe8d18713) addi    a4, gp, -371
core   0: 1 0x000000008000593a (0xe8d18713) x14 0xfffffffffffffd9d
core   0: 0x000000008000593e (0x932f8237) lui     tp, 0x932f8
core   0: 1 0x000000008000593e (0x932f8237) x4  0xffffffff932f8000
core   0: 0x0000000080005942 (0x02e3cc33) div     s8, t2, a4
core   0: 1 0x0000000080005942 (0x02e3cc33) x24 0x0000000000000000
core   0: 0x0000000080005946 (0xaad8facb) fnmsub.d fs5, fa7, fa3, fs5
core   0: 1 0x0000000080005946 (0xaad8facb) f21 0x7ff8000000000000
core   0: 0x000000008000594a (0xe4700e13) li      t3, -441
core   0: 1 0x000000008000594a (0xe4700e13) x28 0xfffffffffffffe47
core   0: 0x000000008000594e (0xd22a70d3) fcvt.d.l ft1, s4
core   0: 1 0x000000008000594e (0xd22a70d3) c1_fflags 0x0000000000000013 f1  0x43d07c0000000000
core   0: 0x0000000080005952 (0xc218f9d3) fcvt.wu.d s3, fa7
core   0: 1 0x0000000080005952 (0xc218f9d3) x19 0xffffffffe1e33c03
core   0: 0x0000000080005956 (0x22ee9053) fsgnjn.d ft0, ft9, fa4
core   0: 1 0x0000000080005956 (0x22ee9053) f0  0xfff8000000000000
core   0: 0x000000008000595a (0x1ae07fd3) fdiv.d  ft11, ft0, fa4
core   0: 1 0x000000008000595a (0x1ae07fd3) f31 0x7ff8000000000000
core   0: 0x000000008000595e (0x0149fb33) and     s6, s3, s4
core   0: 1 0x000000008000595e (0x0149fb33) x22 0x41efffffe1e33c03
core   0: 0x0000000080005962 (0x038b5c3b) divuw   s8, s6, s8
core   0: 1 0x0000000080005962 (0x038b5c3b) x24 0xffffffffffffffff
core   0: 0x0000000080005966 (0x401076d3) fcvt.s.d fa3, ft0
core   0: 1 0x0000000080005966 (0x401076d3) f13 0xffffffff7fc00000
core   0: 0x000000008000596a (0x037080b3) mul     ra, ra, s7
core   0: 1 0x000000008000596a (0x037080b3) x1  0x159836eb75d4e460
core   0: 0x000000008000596e (0x00231bf3) csrrw   s7, frm, t1
core   0: 1 0x000000008000596e (0x00231bf3) x23 0x0000000000000000 c2_frm 0x0000000000000000
core   0: 0x0000000080005972 (0x01746433) or      s0, s0, s7
core   0: 1 0x0000000080005972 (0x01746433) x8  0x8000000000000000
core   0: 0x0000000080005976 (0x0003591b) srliw   s2, t1, 0
core   0: 1 0x0000000080005976 (0x0003591b) x18 0x0000000041980000
core   0: 0x000000008000597a (0x02c605b3) mul     a1, a2, a2
core   0: 1 0x000000008000597a (0x02c605b3) x11 0x0000000000000000
core   0: 0x000000008000597e (0x030425b3) mulhsu  a1, s0, a6
core   0: 1 0x000000008000597e (0x030425b3) x11 0xfffffffffffffff6
core   0: 0x0000000080005982 (0x002313f3) csrrw   t2, frm, t1
core   0: 1 0x0000000080005982 (0x002313f3) x7  0x0000000000000000 c2_frm 0x0000000000000000
core   0: 0x0000000080005986 (0x00000001) c.nop
core   0: 1 0x0000000080005986 (0x0001)
core   0: 0x0000000080005988 (0x415cdd1b) sraiw   s10, s9, 21
core   0: 1 0x0000000080005988 (0x415cdd1b) x26 0x0000000000000000
core   0: 0x000000008000598c (0x03ad3c33) mulhu   s8, s10, s10
core   0: 1 0x000000008000598c (0x03ad3c33) x24 0x0000000000000000
core   0: 0x0000000080005990 (0x1410d773) csrrwi  a4, sepc, 1
core   0: 1 0x0000000080005990 (0x1410d773) x14 0xffffffffa8b39608 c321_sepc 0x0000000000000000
core   0: 0x0000000080005994 (0xc026f453) fcvt.l.s s0, fa3
core   0: 1 0x0000000080005994 (0xc026f453) c1_fflags 0x0000000000000013 x8  0x7fffffffffffffff
core   0: 0x0000000080005998 (0xfffd889b) addiw   a7, s11, -1
core   0: 1 0x0000000080005998 (0xfffd889b) x17 0x0000000000000626
core   0: 0x000000008000599c (0x22210bd3) fsgnj.d fs7, ft2, ft2
core   0: 1 0x000000008000599c (0x22210bd3) f23 0x41d28ae000000000
core   0: 0x00000000800059a0 (0x80008793) addi    a5, ra, -2048
core   0: 1 0x00000000800059a0 (0x80008793) x15 0x159836eb75d4dc60
core   0: 0x00000000800059a4 (0x00f57333) and     t1, a0, a5
core   0: 1 0x00000000800059a4 (0x00f57333) x6  0x0000000000000420
core   0: 0x00000000800059a8 (0x026544bb) divw    s1, a0, t1
core   0: 1 0x00000000800059a8 (0x026544bb) x9  0x0000000000000001
core   0: 0x00000000800059ac (0x025bcbb3) div     s7, s7, t0
core   0: 1 0x00000000800059ac (0x025bcbb3) x23 0x0000000000000000
core   0: 0x00000000800059b0 (0x00000001) c.nop
core   0: 1 0x00000000800059b0 (0x0001)
core   0: 0x00000000800059b2 (0x002022f3) csrrs   t0, frm, zero
core   0: 1 0x00000000800059b2 (0x002022f3) x5  0x0000000000000000
core   0: 0x00000000800059b6 (0x41e95a1b) sraiw   s4, s2, 30
core   0: 1 0x00000000800059b6 (0x41e95a1b) x20 0x0000000000000001
core   0: 0x00000000800059ba (0x2b7a8a53) fmin.d  fs4, fs5, fs7
core   0: 1 0x00000000800059ba (0x2b7a8a53) f20 0x41d28ae000000000
core   0: 0x00000000800059be (0xd0317353) fcvt.s.lu ft6, sp
core   0: 1 0x00000000800059be (0xd0317353) f6  0xffffffff41980000
core   0: 0x00000000800059c2 (0x021b5833) divu    a6, s6, ra
core   0: 1 0x00000000800059c2 (0x021b5833) x16 0x0000000000000003
core   0: 0x00000000800059c6 (0xc03975d3) fcvt.lu.s a1, fs2
core   0: 1 0x00000000800059c6 (0xc03975d3) x11 0x8000000000000000
core   0: 0x00000000800059ca (0x000a4a93) xori    s5, s4, 0
core   0: 1 0x00000000800059ca (0x000a4a93) x21 0x0000000000000001
core   0: 0x00000000800059ce (0x00000001) c.nop
core   0: 1 0x00000000800059ce (0x0001)
core   0: 0x00000000800059d0 (0x00229e73) csrrw   t3, frm, t0
core   0: 1 0x00000000800059d0 (0x00229e73) x28 0x0000000000000000 c2_frm 0x0000000000000000
core   0: 0x00000000800059d4 (0x0b437e53) fsub.d  ft8, ft6, fs4
core   0: 1 0x00000000800059d4 (0x0b437e53) f28 0x7ff8000000000000
core   0: 0x00000000800059d8 (0xd20584d3) fcvt.d.w fs1, a1
core   0: 1 0x00000000800059d8 (0xd20584d3) f9  0x0000000000000000
core   0: 0x00000000800059dc (0x035e7953) fadd.d  fs2, ft8, fs5
core   0: 1 0x00000000800059dc (0x035e7953) f18 0x7ff8000000000000
core   0: 0x00000000800059e0 (0xc2137953) fcvt.wu.d s2, ft6
core   0: 1 0x00000000800059e0 (0xc2137953) c1_fflags 0x0000000000000013 x18 0xffffffffffffffff
core   0: 0x00000000800059e4 (0x02d78eb3) mul     t4, a5, a3
core   0: 1 0x00000000800059e4 (0x02d78eb3) x29 0x0000000000000000
core   0: 0x00000000800059e8 (0xd227f753) fcvt.d.l fa4, a5
core   0: 1 0x00000000800059e8 (0xd227f753) c1_fflags 0x0000000000000013 f14 0x43b59836eb75d4dc
core   0: 0x00000000800059ec (0x00269d93) slli    s11, a3, 2
core   0: 1 0x00000000800059ec (0x00269d93) x27 0x0000000000000000
core   0: 0x00000000800059f0 (0xd0237653) fcvt.s.l fa2, t1
core   0: 1 0x00000000800059f0 (0xd0237653) f12 0xffffffff44840000
core   0: 0x00000000800059f4 (0x413c59bb) sraw    s3, s8, s3
core   0: 1 0x00000000800059f4 (0x413c59bb) x19 0x0000000000000000
core   0: 0x00000000800059f8 (0x021d57bb) divuw   a5, s10, ra
core   0: 1 0x00000000800059f8 (0x021d57bb) x15 0x0000000000000000
core   0: 0x00000000800059fc (0xc2107c53) fcvt.wu.d s8, ft0
core   0: 1 0x00000000800059fc (0xc2107c53) c1_fflags 0x0000000000000013 x24 0xffffffffffffffff
core   0: 0x0000000080005a00 (0xfa134e17) auipc   t3, 0xfa134
core   0: 1 0x0000000080005a00 (0xfa134e17) x28 0x000000007a139a00
core   0: 0x0000000080005a04 (0xd227fc53) fcvt.d.l fs8, a5
core   0: 1 0x0000000080005a04 (0xd227fc53) f24 0x0000000000000000
core   0: 0x0000000080005a08 (0xc0689973) csrrw   s2, hpmcounter6, a7
core   0: exception trap_illegal_instruction, epc 0x0000000080005a08
core   0:           tval 0x00000000c0689973
core   0: >>>>  $xrv64i2p1_m2p0_a2p1_f2p2_d2p2_zicsr2p0_zifencei2p0_zmmul1p0_zba1p0_zbb1p0_zbc1p0_zbs1p0
core   0: 0x0000000080004000 (0x0080006f) j       pc + 0x8
core   0: 3 0x0000000080004000 (0x0080006f)
core   0: >>>>  mmode_exception_handler
core   0: 0x0000000080004008 (0x00002c17) auipc   s8, 0x2
core   0: 3 0x0000000080004008 (0x00002c17) x24 0x0000000080006008
core   0: 0x000000008000400c (0x080c0c13) addi    s8, s8, 128
core   0: 3 0x000000008000400c (0x080c0c13) x24 0x0000000080006088
core   0: 0x0000000080004010 (0x000c00e7) jalr    s8
core   0: 3 0x0000000080004010 (0x000c00e7) x1  0x0000000080004014
core   0: >>>>  any_handler
core   0: 0x0000000080006088 (0x341027f3) csrrs   a5, mepc, zero
core   0: 3 0x0000000080006088 (0x341027f3) x15 0x0000000080005a08
core   0: 0x000000008000608c (0x34202773) csrrs   a4, mcause, zero
core   0: 3 0x000000008000608c (0x34202773) x14 0x0000000000000002
core   0: 0x0000000080006090 (0x142026f3) csrrs   a3, scause, zero
core   0: 3 0x0000000080006090 (0x142026f3) x13 0x0000000000000000
core   0: 0x0000000080006094 (0x30402673) csrrs   a2, mie, zero
core   0: 3 0x0000000080006094 (0x30402673) x12 0x0000000000000a00
core   0: 0x0000000080006098 (0x344025f3) csrrs   a1, mip, zero
core   0: 3 0x0000000080006098 (0x344025f3) x11 0x0000000000000080
core   0: 0x000000008000609c (0x343025f3) csrrs   a1, mtval, zero
core   0: 3 0x000000008000609c (0x343025f3) x11 0x00000000c0689973
core   0: 0x00000000800060a0 (0x14302573) csrrs   a0, stval, zero
core   0: 3 0x00000000800060a0 (0x14302573) x10 0x0000000000000627
core   0: 0x00000000800060a4 (0xb02024f3) csrrs   s1, minstret, zero
core   0: 3 0x00000000800060a4 (0xb02024f3) x9  0x00000000000010e7
core   0: 0x00000000800060a8 (0x0000a811) c.j     pc + 20
core   0: 3 0x00000000800060a8 (0xa811)
core   0: >>>>  mepc_4
core   0: 0x00000000800060bc (0x00000791) c.addi  a5, 4
core   0: 3 0x00000000800060bc (0x0791) x15 0x0000000080005a0c
core   0: 0x00000000800060be (0x34179073) csrrw   zero, mepc, a5
core   0: 3 0x00000000800060be (0x34179073) c833_mepc 0x0000000080005a0c
core   0: 0x00000000800060c2 (0x30200073) mret
core   0: 3 0x00000000800060c2 (0x30200073) c768_mstatus 0x8000000a00106080
core   0: 0x0000000080005a0c (0x020a6233) rem     tp, s4, zero
core   0: 1 0x0000000080005a0c (0x020a6233) x4  0x0000000000000001
core   0: 0x0000000080005a10 (0x00102573) csrrs   a0, fflags, zero
core   0: 1 0x0000000080005a10 (0x00102573) x10 0x0000000000000013
core   0: 0x0000000080005a14 (0x43f15713) srai    a4, sp, 63
core   0: 1 0x0000000080005a14 (0x43f15713) x14 0x0000000000000000
core   0: 0x0000000080005a18 (0x01de1e1b) slliw   t3, t3, 29
core   0: 1 0x0000000080005a18 (0x01de1e1b) x28 0x0000000000000000
core   0: 0x0000000080005a1c (0x00f15bb3) srl     s7, sp, a5
core   0: 1 0x0000000080005a1c (0x00f15bb3) x23 0x0000000000000000
core   0: 0x0000000080005a20 (0x4057573b) sraw    a4, a4, t0
core   0: 1 0x0000000080005a20 (0x4057573b) x14 0x0000000000000000
core   0: 0x0000000080005a24 (0xd027f553) fcvt.s.l fa0, a5
core   0: 1 0x0000000080005a24 (0xd027f553) c1_fflags 0x0000000000000013 f10 0xffffffff4f00005a
core   0: 0x0000000080005a28 (0x105459f3) csrrwi  s3, stvec, 8
core   0: 1 0x0000000080005a28 (0x105459f3) x19 0x0000000000000001 c261_stvec 0x0000000000000008
core   0: 0x0000000080005a2c (0x1287f5d3) fmul.d  fa1, fa5, fs0
core   0: 1 0x0000000080005a2c (0x1287f5d3) f11 0x7ff8000000000000
core   0: 0x0000000080005a30 (0x02feeebb) remw    t4, t4, a5
core   0: 1 0x0000000080005a30 (0x02feeebb) x29 0x0000000000000000
core   0: 0x0000000080005a34 (0x00ed98b3) sll     a7, s11, a4
core   0: 1 0x0000000080005a34 (0x00ed98b3) x17 0x0000000000000000
core   0: 0x0000000080005a38 (0x03589a33) mulh    s4, a7, s5
core   0: 1 0x0000000080005a38 (0x03589a33) x20 0x0000000000000000
core   0: 0x0000000080005a3c (0x140a1df3) csrrw   s11, sscratch, s4
core   0: 1 0x0000000080005a3c (0x140a1df3) x27 0x000000000000001f c320_sscratch 0x0000000000000000
core   0: 0x0000000080005a40 (0x2b127cc7) fmsub.d fs9, ft4, fa7, ft5
core   0: 1 0x0000000080005a40 (0x2b127cc7) f25 0x7ff8000000000000
core   0: 0x0000000080005a44 (0x129c7c43) fmadd.d fs8, fs8, fs1, ft2
core   0: 1 0x0000000080005a44 (0x129c7c43) f24 0x41d28ae000000000
core   0: 0x0000000080005a48 (0x4010f0d3) fcvt.s.d ft1, ft1
core   0: 1 0x0000000080005a48 (0x4010f0d3) f1  0xffffffff5e83e000
core   0: 0x0000000080005a4c (0x01c0d093) srli    ra, ra, 28
core   0: 1 0x0000000080005a4c (0x01c0d093) x1  0x0000000000000008
core   0: 0x0000000080005a50 (0x4014de3b) sraw    t3, s1, ra
core   0: 1 0x0000000080005a50 (0x4014de3b) x28 0x0000000000000010
core   0: 0x0000000080005a54 (0x0b74fbd3) fsub.d  fs7, fs1, fs7
core   0: 1 0x0000000080005a54 (0x0b74fbd3) f23 0xc1d28ae000000000
core   0: 0x0000000080005a58 (0x22b585d3) fsgnj.d fa1, fa1, fa1
core   0: 1 0x0000000080005a58 (0x22b585d3) f11 0x7ff8000000000000
core   0: 0x0000000080005a5c (0xf11a1673) csrrw   a2, mvendorid, s4
core   0: exception trap_illegal_instruction, epc 0x0000000080005a5c
core   0:           tval 0x00000000f11a1673
core   0: >>>>  $xrv64i2p1_m2p0_a2p1_f2p2_d2p2_zicsr2p0_zifencei2p0_zmmul1p0_zba1p0_zbb1p0_zbc1p0_zbs1p0
core   0: 0x0000000080004000 (0x0080006f) j       pc + 0x8
core   0: 3 0x0000000080004000 (0x0080006f)
core   0: >>>>  mmode_exception_handler
core   0: 0x0000000080004008 (0x00002c17) auipc   s8, 0x2
core   0: 3 0x0000000080004008 (0x00002c17) x24 0x0000000080006008
core   0: 0x000000008000400c (0x080c0c13) addi    s8, s8, 128
core   0: 3 0x000000008000400c (0x080c0c13) x24 0x0000000080006088
core   0: 0x0000000080004010 (0x000c00e7) jalr    s8
core   0: 3 0x0000000080004010 (0x000c00e7) x1  0x0000000080004014
core   0: >>>>  any_handler
core   0: 0x0000000080006088 (0x341027f3) csrrs   a5, mepc, zero
core   0: 3 0x0000000080006088 (0x341027f3) x15 0x0000000080005a5c
core   0: 0x000000008000608c (0x34202773) csrrs   a4, mcause, zero
core   0: 3 0x000000008000608c (0x34202773) x14 0x0000000000000002
core   0: 0x0000000080006090 (0x142026f3) csrrs   a3, scause, zero
core   0: 3 0x0000000080006090 (0x142026f3) x13 0x0000000000000000
core   0: 0x0000000080006094 (0x30402673) csrrs   a2, mie, zero
core   0: 3 0x0000000080006094 (0x30402673) x12 0x0000000000000a00
core   0: 0x0000000080006098 (0x344025f3) csrrs   a1, mip, zero
core   0: 3 0x0000000080006098 (0x344025f3) x11 0x0000000000000080
core   0: 0x000000008000609c (0x343025f3) csrrs   a1, mtval, zero
core   0: 3 0x000000008000609c (0x343025f3) x11 0x00000000f11a1673
core   0: 0x00000000800060a0 (0x14302573) csrrs   a0, stval, zero
core   0: 3 0x00000000800060a0 (0x14302573) x10 0x0000000000000627
core   0: 0x00000000800060a4 (0xb02024f3) csrrs   s1, minstret, zero
core   0: 3 0x00000000800060a4 (0xb02024f3) x9  0x000000000000110b
core   0: 0x00000000800060a8 (0x0000a811) c.j     pc + 20
core   0: 3 0x00000000800060a8 (0xa811)
core   0: >>>>  mepc_4
core   0: 0x00000000800060bc (0x00000791) c.addi  a5, 4
core   0: 3 0x00000000800060bc (0x0791) x15 0x0000000080005a60
core   0: 0x00000000800060be (0x34179073) csrrw   zero, mepc, a5
core   0: 3 0x00000000800060be (0x34179073) c833_mepc 0x0000000080005a60
core   0: 0x00000000800060c2 (0x30200073) mret
core   0: 3 0x00000000800060c2 (0x30200073) c768_mstatus 0x8000000a00106080
core   0: 0x0000000080005a60 (0x017bd793) srli    a5, s7, 23
core   0: 1 0x0000000080005a60 (0x017bd793) x15 0x0000000000000000
core   0: 0x0000000080005a64 (0x4344d713) srai    a4, s1, 52
core   0: 1 0x0000000080005a64 (0x4344d713) x14 0x0000000000000000
core   0: 0x0000000080005a68 (0x0ff0000f) fence   iorw,iorw
core   0: 1 0x0000000080005a68 (0x0ff0000f)
core   0: 0x0000000080005a6c (0x4074063b) subw    a2, s0, t2
core   0: 1 0x0000000080005a6c (0x4074063b) x12 0xffffffffffffffff
core   0: 0x0000000080005a70 (0x00000001) c.nop
core   0: 1 0x0000000080005a70 (0x0001)
core   0: 0x0000000080005a72 (0x40366813) ori     a6, a2, 1027
core   0: 1 0x0000000080005a72 (0x40366813) x16 0xffffffffffffffff
core   0: 0x0000000080005a76 (0x410b5633) sra     a2, s6, a6
core   0: 1 0x0000000080005a76 (0x410b5633) x12 0x0000000000000000
core   0: 0x0000000080005a7a (0x22ebf74f) fnmadd.d fa4, fs7, fa4, ft4
core   0: 1 0x0000000080005a7a (0x22ebf74f) f14 0x7ff8000000000000
core   0: 0x0000000080005a7e (0x95d2eb13) ori     s6, t0, -1699
core   0: 1 0x0000000080005a7e (0x95d2eb13) x22 0xfffffffffffff95d
core   0: 0x0000000080005a82 (0x0290fc53) fadd.d  fs8, ft1, fs1
core   0: 1 0x0000000080005a82 (0x0290fc53) f24 0x7ff8000000000000
core   0: 0x0000000080005a86 (0xf20b08d3) fmv.d.x fa7, s6
core   0: 1 0x0000000080005a86 (0xf20b08d3) f17 0xfffffffffffff95d
core   0: 0x0000000080005a8a (0x8aabfdc3) fmadd.d fs11, fs7, fa0, fa7
core   0: 1 0x0000000080005a8a (0x8aabfdc3) f27 0x7ff8000000000000
core   0: 0x0000000080005a8e (0x02d5c5b3) div     a1, a1, a3
core   0: 1 0x0000000080005a8e (0x02d5c5b3) x11 0xffffffffffffffff
core   0: 0x0000000080005a92 (0x016a5a3b) srlw    s4, s4, s6
core   0: 1 0x0000000080005a92 (0x016a5a3b) x20 0x0000000000000000
core   0: 0x0000000080005a96 (0xd2150f53) fcvt.d.wu ft10, a0
core   0: 1 0x0000000080005a96 (0xd2150f53) f30 0x40989c0000000000
core   0: 0x0000000080005a9a (0x02d97933) remu    s2, s2, a3
core   0: 1 0x0000000080005a9a (0x02d97933) x18 0xffffffffffffffff
core   0: 0x0000000080005a9e (0xc208fe53) fcvt.w.d t3, fa7
core   0: 1 0x0000000080005a9e (0xc208fe53) c1_fflags 0x0000000000000013 x28 0x000000007fffffff
core   0: 0x0000000080005aa2 (0x2fb8c413) xori    s0, a7, 763
core   0: 1 0x0000000080005aa2 (0x2fb8c413) x8  0x00000000000002fb
core   0: 0x0000000080005aa6 (0x013b5cbb) srlw    s9, s6, s3
core   0: 1 0x0000000080005aa6 (0x013b5cbb) x25 0x000000007ffffcae
core   0: 0x0000000080005aaa (0x2bbf0553) fmin.d  fa0, ft10, fs11
core   0: 1 0x0000000080005aaa (0x2bbf0553) f10 0x40989c0000000000
core   0: 0x0000000080005aae (0x4140d0b3) sra     ra, ra, s4
core   0: 1 0x0000000080005aae (0x4140d0b3) x1  0x0000000080004014
core   0: 0x0000000080005ab2 (0x01911e93) slli    t4, sp, 25
core   0: 1 0x0000000080005ab2 (0x01911e93) x29 0x0000000026000000
core   0: 0x0000000080005ab6 (0x02a09533) mulh    a0, ra, a0
core   0: 1 0x0000000080005ab6 (0x02a09533) x10 0x0000000000000000
core   0: 0x0000000080005aba (0xc2317253) fcvt.lu.d tp, ft2
core   0: 1 0x0000000080005aba (0xc2317253) x4  0x000000004a2b8000
core   0: 0x0000000080005abe (0xc02775d3) fcvt.l.s a1, fa4
core   0: 1 0x0000000080005abe (0xc02775d3) c1_fflags 0x0000000000000013 x11 0x7fffffffffffffff
core   0: 0x0000000080005ac2 (0x2a3a8353) fmin.d  ft6, fs5, ft3
core   0: 1 0x0000000080005ac2 (0x2a3a8353) f6  0x7ff8000000000000
core   0: 0x0000000080005ac6 (0x40137d53) fcvt.s.d fs10, ft6
core   0: 1 0x0000000080005ac6 (0x40137d53) f26 0xffffffff7fc00000
core   0: 0x0000000080005aca (0x02256533) rem     a0, a0, sp
core   0: 1 0x0000000080005aca (0x02256533) x10 0x0000000000000000
core   0: 0x0000000080005ace (0x03035833) divu    a6, t1, a6
core   0: 1 0x0000000080005ace (0x03035833) x16 0x0000000000000000
core   0: 0x0000000080005ad2 (0x400b5c93) srai    s9, s6, 0
core   0: 1 0x0000000080005ad2 (0x400b5c93) x25 0xfffffffffffff95d
core   0: 0x0000000080005ad6 (0xfa90e797) auipc   a5, 0xfa90e
core   0: 1 0x0000000080005ad6 (0xfa90e797) x15 0x000000007a913ad6
core   0: 0x0000000080005ada (0x00107013) andi    zero, zero, 1
core   0: 1 0x0000000080005ada (0x00107013)
core   0: 0x0000000080005ade (0x42a4d093) srai    ra, s1, 42
core   0: 1 0x0000000080005ade (0x42a4d093) x1  0x0000000000000000
core   0: 0x0000000080005ae2 (0x23ca8253) fsgnj.d ft4, fs5, ft8
core   0: 1 0x0000000080005ae2 (0x23ca8253) f4  0x7ff8000000000000
core   0: 0x0000000080005ae6 (0x42088053) fcvt.d.s ft0, fa7
core   0: 1 0x0000000080005ae6 (0x42088053) f0  0x7ff8000000000000
core   0: 0x0000000080005aea (0xc0207853) fcvt.l.s a6, ft0
core   0: 1 0x0000000080005aea (0xc0207853) c1_fflags 0x0000000000000013 x16 0x7fffffffffffffff
core   0: 0x0000000080005aee (0x7a398b9b) addiw   s7, s3, 1955
core   0: 1 0x0000000080005aee (0x7a398b9b) x23 0x00000000000007a4
core   0: 0x0000000080005af2 (0x00000001) c.nop
core   0: 1 0x0000000080005af2 (0x0001)
core   0: 0x0000000080005af4 (0x0139cab3) xor     s5, s3, s3
core   0: 1 0x0000000080005af4 (0x0139cab3) x21 0x0000000000000000
core   0: 0x0000000080005af8 (0x281bfc13) andi    s8, s7, 641
core   0: 1 0x0000000080005af8 (0x281bfc13) x24 0x0000000000000280
core   0: 0x0000000080005afc (0x0002d41b) srliw   s0, t0, 0
core   0: 1 0x0000000080005afc (0x0002d41b) x8  0x0000000000000000
core   0: 0x0000000080005b00 (0x00659213) slli    tp, a1, 6
core   0: 1 0x0000000080005b00 (0x00659213) x4  0xffffffffffffffc0
core   0: 0x0000000080005b04 (0xd03ef453) fcvt.s.lu fs0, t4
core   0: 1 0x0000000080005b04 (0xd03ef453) f8  0xffffffff4e180000
core   0: 0x0000000080005b08 (0x000e809b) sext.w  ra, t4
core   0: 1 0x0000000080005b08 (0x000e809b) x1  0x0000000026000000
core   0: 0x0000000080005b0c (0x012e1c1b) slliw   s8, t3, 18
core   0: 1 0x0000000080005b0c (0x012e1c1b) x24 0xfffffffffffc0000
core   0: 0x0000000080005b10 (0x37a2c493) xori    s1, t0, 890
core   0: 1 0x0000000080005b10 (0x37a2c493) x9  0x000000000000037a
core   0: 0x0000000080005b14 (0x00f4981b) slliw   a6, s1, 15
core   0: 1 0x0000000080005b14 (0x00f4981b) x16 0x0000000001bd0000
core   0: 0x0000000080005b18 (0x02c49093) slli    ra, s1, 44
core   0: 1 0x0000000080005b18 (0x02c49093) x1  0x0037a00000000000
core   0: 0x0000000080005b1c (0xd03677d3) fcvt.s.lu fa5, a2
core   0: 1 0x0000000080005b1c (0xd03677d3) f15 0xffffffff00000000
core   0: 0x0000000080005b20 (0xc208f6d3) fcvt.w.d a3, fa7
core   0: 1 0x0000000080005b20 (0xc208f6d3) c1_fflags 0x0000000000000013 x13 0x000000007fffffff
core   0: 0x0000000080005b24 (0xc2047dd3) fcvt.w.d s11, fs0
core   0: 1 0x0000000080005b24 (0xc2047dd3) c1_fflags 0x0000000000000013 x27 0x000000007fffffff
core   0: 0x0000000080005b28 (0x2a121953) fmax.d  fs2, ft4, ft1
core   0: 1 0x0000000080005b28 (0x2a121953) f18 0x7ff8000000000000
core   0: 0x0000000080005b2c (0x032de6b3) rem     a3, s11, s2
core   0: 1 0x0000000080005b2c (0x032de6b3) x13 0x0000000000000000
core   0: 0x0000000080005b30 (0x039282bb) mulw    t0, t0, s9
core   0: 1 0x0000000080005b30 (0x039282bb) x5  0x0000000000000000
core   0: 0x0000000080005b34 (0x01fc9b9b) slliw   s7, s9, 31
core   0: 1 0x0000000080005b34 (0x01fc9b9b) x23 0xffffffff80000000
core   0: 0x0000000080005b38 (0xda4d7d4b) fnmsub.d fs10, fs10, ft4, fs11
core   0: 1 0x0000000080005b38 (0xda4d7d4b) f26 0x7ff8000000000000
core   0: 0x0000000080005b3c (0x03f6d393) srli    t2, a3, 63
core   0: 1 0x0000000080005b3c (0x03f6d393) x7  0x0000000000000000
core   0: 0x0000000080005b40 (0xc2227c53) fcvt.l.d s8, ft4
core   0: 1 0x0000000080005b40 (0xc2227c53) c1_fflags 0x0000000000000013 x24 0x7fffffffffffffff
core   0: 0x0000000080005b44 (0x0398783b) remuw   a6, a6, s9
core   0: 1 0x0000000080005b44 (0x0398783b) x16 0x0000000001bd0000
core   0: 0x0000000080005b48 (0x001c1973) csrrw   s2, fflags, s8
core   0: 1 0x0000000080005b48 (0x001c1973) x18 0x0000000000000013 c1_fflags 0x000000000000001f
core   0: 0x0000000080005b4c (0x00271573) csrrw   a0, frm, a4
core   0: 1 0x0000000080005b4c (0x00271573) x10 0x0000000000000000 c2_frm 0x0000000000000000
core   0: 0x0000000080005b50 (0x01d4999b) slliw   s3, s1, 29
core   0: 1 0x0000000080005b50 (0x01d4999b) x19 0x0000000040000000
core   0: 0x0000000080005b54 (0x014a133b) sllw    t1, s4, s4
core   0: 1 0x0000000080005b54 (0x014a133b) x6  0x0000000000000000
core   0: 0x0000000080005b58 (0x013923b3) slt     t2, s2, s3
core   0: 1 0x0000000080005b58 (0x013923b3) x7  0x0000000000000001
core   0: 0x0000000080005b5c (0xe20d00d3) fmv.x.d ra, fs10
core   0: 1 0x0000000080005b5c (0xe20d00d3) x1  0x7ff8000000000000
core   0: 0x0000000080005b60 (0x024d7dd3) fadd.d  fs11, fs10, ft4
core   0: 1 0x0000000080005b60 (0x024d7dd3) f27 0x7ff8000000000000
core   0: 0x0000000080005b64 (0xe2020553) fmv.x.d a0, ft4
core   0: 1 0x0000000080005b64 (0xe2020553) x10 0x7ff8000000000000
core   0: 0x0000000080005b68 (0xd223fbd3) fcvt.d.l fs7, t2
core   0: 1 0x0000000080005b68 (0xd223fbd3) f23 0x3ff0000000000000
core   0: 0x0000000080005b6c (0xd2150e53) fcvt.d.wu ft8, a0
core   0: 1 0x0000000080005b6c (0xd2150e53) f28 0x0000000000000000
core   0: 0x0000000080005b70 (0x00202b73) csrrs   s6, frm, zero
core   0: 1 0x0000000080005b70 (0x00202b73) x22 0x0000000000000000
core   0: 0x0000000080005b74 (0x2b9b1b53) fmax.d  fs6, fs6, fs9
core   0: 1 0x0000000080005b74 (0x2b9b1b53) f22 0x0000000000000013
core   0: 0x0000000080005b78 (0x00000001) c.nop
core   0: 1 0x0000000080005b78 (0x0001)
core   0: 0x0000000080005b7a (0x41908db3) sub     s11, ra, s9
core   0: 1 0x0000000080005b7a (0x41908db3) x27 0x7ff80000000006a3
core   0: 0x0000000080005b7e (0x02842bb3) mulhsu  s7, s0, s0
core   0: 1 0x0000000080005b7e (0x02842bb3) x23 0x0000000000000000
core   0: 0x0000000080005b82 (0xd02475d3) fcvt.s.l fa1, s0
core   0: 1 0x0000000080005b82 (0xd02475d3) f11 0xffffffff00000000
core   0: 0x0000000080005b86 (0x01d457bb) srlw    a5, s0, t4
core   0: 1 0x0000000080005b86 (0x01d457bb) x15 0x0000000000000000
core   0: 0x0000000080005b8a (0x401cdeb3) sra     t4, s9, ra
core   0: 1 0x0000000080005b8a (0x401cdeb3) x29 0xfffffffffffff95d
core   0: 0x0000000080005b8e (0x0b37f247) fmsub.d ft4, fa5, fs3, ft1
core   0: 1 0x0000000080005b8e (0x0b37f247) f4  0x7ff8000000000000
core   0: 0x0000000080005b92 (0x000799b3) sll     s3, a5, zero
core   0: 1 0x0000000080005b92 (0x000799b3) x19 0x0000000000000000
core   0: 0x0000000080005b96 (0x405d82bb) subw    t0, s11, t0
core   0: 1 0x0000000080005b96 (0x405d82bb) x5  0x00000000000006a3
core   0: 0x0000000080005b9a (0x01fe9b9b) slliw   s7, t4, 31
core   0: 1 0x0000000080005b9a (0x01fe9b9b) x23 0xffffffff80000000
core   0: 0x0000000080005b9e (0x01f7571b) srliw   a4, a4, 31
core   0: 1 0x0000000080005b9e (0x01f7571b) x14 0x0000000000000000
core   0: 0x0000000080005ba2 (0x01a513bb) sllw    t2, a0, s10
core   0: 1 0x0000000080005ba2 (0x01a513bb) x7  0x0000000000000000
core   0: 0x0000000080005ba6 (0xc2127cd3) fcvt.wu.d s9, ft4
core   0: 1 0x0000000080005ba6 (0xc2127cd3) c1_fflags 0x000000000000001f x25 0xffffffffffffffff
core   0: 0x0000000080005baa (0xe20d8053) fmv.x.d zero, fs11
core   0: 1 0x0000000080005baa (0xe20d8053)
core   0: 0x0000000080005bae (0x033bb233) mulhu   tp, s7, s3
core   0: 1 0x0000000080005bae (0x033bb233) x4  0x0000000000000000
core   0: 0x0000000080005bb2 (0x011ba833) slt     a6, s7, a7
core   0: 1 0x0000000080005bb2 (0x011ba833) x16 0x0000000000000001
core   0: 0x0000000080005bb6 (0xfff84313) not     t1, a6
core   0: 1 0x0000000080005bb6 (0xfff84313) x6  0xfffffffffffffffe
core   0: 0x0000000080005bba (0x0358f8b3) remu    a7, a7, s5
core   0: 1 0x0000000080005bba (0x0358f8b3) x17 0x0000000000000000
core   0: 0x0000000080005bbe (0x0a4b79d3) fsub.d  fs3, fs6, ft4
core   0: 1 0x0000000080005bbe (0x0a4b79d3) f19 0x7ff8000000000000
core   0: 0x0000000080005bc2 (0x011e01bb) addw    gp, t3, a7
core   0: 1 0x0000000080005bc2 (0x011e01bb) x3  0x000000007fffffff
core   0: 0x0000000080005bc6 (0x00d99ab3) sll     s5, s3, a3
core   0: 1 0x0000000080005bc6 (0x00d99ab3) x21 0x0000000000000000
core   0: 0x0000000080005bca (0x00581bbb) sllw    s7, a6, t0
core   0: 1 0x0000000080005bca (0x00581bbb) x23 0x0000000000000008
core   0: 0x0000000080005bce (0x00009eb9) c.addw  a3, a4
core   0: 1 0x0000000080005bce (0x9eb9) x13 0x0000000000000000
core   0: 0x0000000080005bd0 (0xa2320753) fle.d   a4, ft4, ft3
core   0: 1 0x0000000080005bd0 (0xa2320753) c1_fflags 0x000000000000001f x14 0x0000000000000000
core   0: 0x0000000080005bd4 (0x2b719fd3) fmax.d  ft11, ft3, fs7
core   0: 1 0x0000000080005bd4 (0x2b719fd3) f31 0x3ff0000000000000
core   0: 0x0000000080005bd8 (0x1bfbf7d3) fdiv.d  fa5, fs7, ft11
core   0: 1 0x0000000080005bd8 (0x1bfbf7d3) f15 0x3ff0000000000000
core   0: 0x0000000080005bdc (0xa2320bd3) fle.d   s7, ft4, ft3
core   0: 1 0x0000000080005bdc (0xa2320bd3) c1_fflags 0x000000000000001f x23 0x0000000000000000
core   0: 0x0000000080005be0 (0x00601c93) slli    s9, zero, 6
core   0: 1 0x0000000080005be0 (0x00601c93) x25 0x0000000000000000
core   0: 0x0000000080005be4 (0x306563f3) csrrsi  t2, mcounteren, 10
core   0: exception trap_illegal_instruction, epc 0x0000000080005be4
core   0:           tval 0x00000000306563f3
core   0: >>>>  $xrv64i2p1_m2p0_a2p1_f2p2_d2p2_zicsr2p0_zifencei2p0_zmmul1p0_zba1p0_zbb1p0_zbc1p0_zbs1p0
core   0: 0x0000000080004000 (0x0080006f) j       pc + 0x8
core   0: 3 0x0000000080004000 (0x0080006f)
core   0: >>>>  mmode_exception_handler
core   0: 0x0000000080004008 (0x00002c17) auipc   s8, 0x2
core   0: 3 0x0000000080004008 (0x00002c17) x24 0x0000000080006008
core   0: 0x000000008000400c (0x080c0c13) addi    s8, s8, 128
core   0: 3 0x000000008000400c (0x080c0c13) x24 0x0000000080006088
core   0: 0x0000000080004010 (0x000c00e7) jalr    s8
core   0: 3 0x0000000080004010 (0x000c00e7) x1  0x0000000080004014
core   0: >>>>  any_handler
core   0: 0x0000000080006088 (0x341027f3) csrrs   a5, mepc, zero
core   0: 3 0x0000000080006088 (0x341027f3) x15 0x0000000080005be4
core   0: 0x000000008000608c (0x34202773) csrrs   a4, mcause, zero
core   0: 3 0x000000008000608c (0x34202773) x14 0x0000000000000002
core   0: 0x0000000080006090 (0x142026f3) csrrs   a3, scause, zero
core   0: 3 0x0000000080006090 (0x142026f3) x13 0x0000000000000000
core   0: 0x0000000080006094 (0x30402673) csrrs   a2, mie, zero
core   0: 3 0x0000000080006094 (0x30402673) x12 0x0000000000000a00
core   0: 0x0000000080006098 (0x344025f3) csrrs   a1, mip, zero
core   0: 3 0x0000000080006098 (0x344025f3) x11 0x0000000000000080
core   0: 0x000000008000609c (0x343025f3) csrrs   a1, mtval, zero
core   0: 3 0x000000008000609c (0x343025f3) x11 0x00000000306563f3
core   0: 0x00000000800060a0 (0x14302573) csrrs   a0, stval, zero
core   0: 3 0x00000000800060a0 (0x14302573) x10 0x0000000000000627
core   0: 0x00000000800060a4 (0xb02024f3) csrrs   s1, minstret, zero
core   0: 3 0x00000000800060a4 (0xb02024f3) x9  0x000000000000117e
core   0: 0x00000000800060a8 (0x0000a811) c.j     pc + 20
core   0: 3 0x00000000800060a8 (0xa811)
core   0: >>>>  mepc_4
core   0: 0x00000000800060bc (0x00000791) c.addi  a5, 4
core   0: 3 0x00000000800060bc (0x0791) x15 0x0000000080005be8
core   0: 0x00000000800060be (0x34179073) csrrw   zero, mepc, a5
core   0: 3 0x00000000800060be (0x34179073) c833_mepc 0x0000000080005be8
core   0: 0x00000000800060c2 (0x30200073) mret
core   0: 3 0x00000000800060c2 (0x30200073) c768_mstatus 0x8000000a00106080
core   0: 0x0000000080005be8 (0x4627071b) addiw   a4, a4, 1122
core   0: 1 0x0000000080005be8 (0x4627071b) x14 0x0000000000000464
core   0: 0x0000000080005bec (0x23f72753) fsgnjx.d fa4, fa4, ft11
core   0: 1 0x0000000080005bec (0x23f72753) f14 0x7ff8000000000000
core   0: 0x0000000080005bf0 (0x02b725b3) mulhsu  a1, a4, a1
core   0: 1 0x0000000080005bf0 (0x02b725b3) x11 0x0000000000000000
core   0: 0x0000000080005bf4 (0x001021f3) csrrs   gp, fflags, zero
core   0: 1 0x0000000080005bf4 (0x001021f3) x3  0x000000000000001f
core   0: 0x0000000080005bf8 (0x00102e73) csrrs   t3, fflags, zero
core   0: 1 0x0000000080005bf8 (0x00102e73) x28 0x000000000000001f
core   0: 0x0000000080005bfc (0x0001dc13) srli    s8, gp, 0
core   0: 1 0x0000000080005bfc (0x0001dc13) x24 0x000000000000001f
core   0: 0x0000000080005c00 (0x024a88b3) mul     a7, s5, tp
core   0: 1 0x0000000080005c00 (0x024a88b3) x17 0x0000000000000000
core   0: 0x0000000080005c04 (0x7ffbf513) andi    a0, s7, 2047
core   0: 1 0x0000000080005c04 (0x7ffbf513) x10 0x0000000000000000
core   0: 0x0000000080005c08 (0x7899f713) andi    a4, s3, 1929
core   0: 1 0x0000000080005c08 (0x7899f713) x14 0x0000000000000000
core   0: 0x0000000080005c0c (0x7fc76397) auipc   t2, 0x7fc76
core   0: 1 0x0000000080005c0c (0x7fc76397) x7  0x00000000ffc7bc0c
core   0: 0x0000000080005c10 (0xd0257f53) fcvt.s.l ft10, a0
core   0: 1 0x0000000080005c10 (0xd0257f53) f30 0xffffffff00000000
core   0: 0x0000000080005c14 (0x01ab5b3b) srlw    s6, s6, s10
core   0: 1 0x0000000080005c14 (0x01ab5b3b) x22 0x0000000000000000
core   0: 0x0000000080005c18 (0x0163a633) slt     a2, t2, s6
core   0: 1 0x0000000080005c18 (0x0163a633) x12 0x0000000000000000
core   0: 0x0000000080005c1c (0xd0347053) fcvt.s.lu ft0, s0
core   0: 1 0x0000000080005c1c (0xd0347053) f0  0xffffffff00000000
core   0: 0x0000000080005c20 (0x02d6da3b) divuw   s4, a3, a3
core   0: 1 0x0000000080005c20 (0x02d6da3b) x20 0xffffffffffffffff
core   0: 0x0000000080005c24 (0xd22bf153) fcvt.d.l ft2, s7
core   0: 1 0x0000000080005c24 (0xd22bf153) f2  0x0000000000000000
core   0: 0x0000000080005c28 (0x00102773) csrrs   a4, fflags, zero
core   0: 1 0x0000000080005c28 (0x00102773) x14 0x000000000000001f
core   0: 0x0000000080005c2c (0x1417bd73) csrrc   s10, sepc, a5
core   0: 1 0x0000000080005c2c (0x1417bd73) x26 0x0000000000000000 c321_sepc 0x0000000000000000
core   0: 0x0000000080005c30 (0xc20ff9d3) fcvt.w.d s3, ft11
core   0: 1 0x0000000080005c30 (0xc20ff9d3) x19 0x0000000000000001
core   0: 0x0000000080005c34 (0xd03d78d3) fcvt.s.lu fa7, s10
core   0: 1 0x0000000080005c34 (0xd03d78d3) f17 0xffffffff00000000
core   0: 0x0000000080005c38 (0x03dd733b) remuw   t1, s10, t4
core   0: 1 0x0000000080005c38 (0x03dd733b) x6  0x0000000000000000
core   0: 0x0000000080005c3c (0x41f9d59b) sraiw   a1, s3, 31
core   0: 1 0x0000000080005c3c (0x41f9d59b) x11 0x0000000000000000
core   0: 0x0000000080005c40 (0x400d5813) srai    a6, s10, 0
core   0: 1 0x0000000080005c40 (0x400d5813) x16 0x0000000000000000
core   0: 0x0000000080005c44 (0xfe4ea237) lui     tp, 0xfe4ea
core   0: 1 0x0000000080005c44 (0xfe4ea237) x4  0xfffffffffe4ea000
core   0: 0x0000000080005c48 (0x1272021b) addiw   tp, tp, 295
core   0: 1 0x0000000080005c48 (0x1272021b) x4  0xfffffffffe4ea127
core   0: 0x0000000080005c4c (0x00000236) c.slli  tp, 13
core   0: 1 0x0000000080005c4c (0x0236) x4  0xffffffc9d424e000
core   0: 0x0000000080005c4e (0x56420213) addi    tp, tp, 1380
core   0: 1 0x0000000080005c4e (0x56420213) x4  0xffffffc9d424e564
core   0: 0x0000000080005c52 (0x01226633) or      a2, tp, s2
core   0: 1 0x0000000080005c52 (0x01226633) x12 0xffffffc9d424e577
core   0: 0x0000000080005c56 (0x5a02fd53) fsqrt.d fs10, ft5
core   0: 1 0x0000000080005c56 (0x5a02fd53) c1_fflags 0x000000000000001f f26 0x1e66a09e667f3bcd
core   0: 0x0000000080005c5a (0xc22d76d3) fcvt.l.d a3, fs10
core   0: 1 0x0000000080005c5a (0xc22d76d3) c1_fflags 0x000000000000001f x13 0x0000000000000000
core   0: 0x0000000080005c5e (0x02213d33) mulhu   s10, sp, sp
core   0: 1 0x0000000080005c5e (0x02213d33) x26 0x0000000000000000
core   0: 0x0000000080005c62 (0x4143d19b) sraiw   gp, t2, 20
core   0: 1 0x0000000080005c62 (0x4143d19b) x3  0xfffffffffffffffc
core   0: 0x0000000080005c66 (0xe39e7e4f) fnmadd.d ft8, ft8, fs9, ft8
core   0: 1 0x0000000080005c66 (0xe39e7e4f) f28 0x7ff8000000000000
core   0: 0x0000000080005c6a (0x0235ea33) rem     s4, a1, gp
core   0: 1 0x0000000080005c6a (0x0235ea33) x20 0x0000000000000000
core   0: 0x0000000080005c6e (0x0321d433) divu    s0, gp, s2
core   0: 1 0x0000000080005c6e (0x0321d433) x8  0x0d79435e50d79435
core   0: 0x0000000080005c72 (0x0341f23b) remuw   tp, gp, s4
core   0: 1 0x0000000080005c72 (0x0341f23b) x4  0xfffffffffffffffc
core   0: 0x0000000080005c76 (0x02f795b3) mulh    a1, a5, a5
core   0: 1 0x0000000080005c76 (0x02f795b3) x11 0x0000000000000000
core   0: 0x0000000080005c7a (0x0002d91b) srliw   s2, t0, 0
core   0: 1 0x0000000080005c7a (0x0002d91b) x18 0x00000000000006a3
core   0: 0x0000000080005c7e (0xf124f493) andi    s1, s1, -238
core   0: 1 0x0000000080005c7e (0xf124f493) x9  0x0000000000001112
core   0: 0x0000000080005c82 (0xb8bb6d13) ori     s10, s6, -1141
core   0: 1 0x0000000080005c82 (0xb8bb6d13) x26 0xfffffffffffffb8b
core   0: 0x0000000080005c86 (0x01ac159b) slliw   a1, s8, 26
core   0: 1 0x0000000080005c86 (0x01ac159b) x11 0x000000007c000000
core   0: 0x0000000080005c8a (0x01cd1e1b) slliw   t3, s10, 28
core   0: 1 0x0000000080005c8a (0x01cd1e1b) x28 0xffffffffb0000000
core   0: 0x0000000080005c8e (0x401cf9d3) fcvt.s.d fs3, fs9
core   0: 1 0x0000000080005c8e (0x401cf9d3) f19 0xffffffff7fc00000
core   0: 0x0000000080005c92 (0xa23ca953) feq.d   s2, fs9, ft3
core   0: 1 0x0000000080005c92 (0xa23ca953) x18 0x0000000000000000
core   0: 0x0000000080005c96 (0xd2078ed3) fcvt.d.w ft9, a5
core   0: 1 0x0000000080005c96 (0xd2078ed3) f29 0xc1dfffe906000000
core   0: 0x0000000080005c9a (0x41ceda9b) sraiw   s5, t4, 28
core   0: 1 0x0000000080005c9a (0x41ceda9b) x21 0xffffffffffffffff
core   0: 0x0000000080005c9e (0x00000001) c.nop
core   0: 1 0x0000000080005c9e (0x0001)
core   0: 0x0000000080005ca0 (0x00c651b7) lui     gp, 0xc65
core   0: 1 0x0000000080005ca0 (0x00c651b7) x3  0x0000000000c65000
core   0: 0x0000000080005ca4 (0xc531819b) addiw   gp, gp, -941
core   0: 1 0x0000000080005ca4 (0xc531819b) x3  0x0000000000c64c53
core   0: 0x0000000080005ca8 (0x000001ba) c.slli  gp, 14
core   0: 1 0x0000000080005ca8 (0x01ba) x3  0x000000319314c000
core   0: 0x0000000080005caa (0xb2a18193) addi    gp, gp, -1238
core   0: 1 0x0000000080005caa (0xb2a18193) x3  0x000000319314bb2a
core   0: 0x0000000080005cae (0x0007581b) srliw   a6, a4, 0
core   0: 1 0x0000000080005cae (0x0007581b) x16 0x000000000000001f
core   0: 0x0000000080005cb2 (0x022160b3) rem     ra, sp, sp
core   0: 1 0x0000000080005cb2 (0x022160b3) x1  0x0000000000000000
core   0: 0x0000000080005cb6 (0x00ddd59b) srliw   a1, s11, 13
core   0: 1 0x0000000080005cb6 (0x00ddd59b) x11 0x0000000000000000
core   0: 0x0000000080005cba (0x0241d233) divu    tp, gp, tp
core   0: 1 0x0000000080005cba (0x0241d233) x4  0x0000000000000000
core   0: 0x0000000080005cbe (0x0ff0000f) fence   iorw,iorw
core   0: 1 0x0000000080005cbe (0x0ff0000f)
core   0: 0x0000000080005cc2 (0x5a04fed3) fsqrt.d ft9, fs1
core   0: 1 0x0000000080005cc2 (0x5a04fed3) f29 0x0000000000000000
core   0: 0x0000000080005cc6 (0x192d861b) addiw   a2, s11, 402
core   0: 1 0x0000000080005cc6 (0x192d861b) x12 0x0000000000000835
core   0: 0x0000000080005cca (0x4149da3b) sraw    s4, s3, s4
core   0: 1 0x0000000080005cca (0x4149da3b) x20 0x0000000000000001
core   0: 0x0000000080005cce (0xf20a06d3) fmv.d.x fa3, s4
core   0: 1 0x0000000080005cce (0xf20a06d3) f13 0x0000000000000001
core   0: 0x0000000080005cd2 (0x0351edbb) remw    s11, gp, s5
core   0: 1 0x0000000080005cd2 (0x0351edbb) x27 0x0000000000000000
core   0: 0x0000000080005cd6 (0x001e169b) slliw   a3, t3, 1
core   0: 1 0x0000000080005cd6 (0x001e169b) x13 0x0000000060000000
core   0: 0x0000000080005cda (0x401c7ed3) fcvt.s.d ft9, fs8
core   0: 1 0x0000000080005cda (0x401c7ed3) f29 0xffffffff7fc00000
core   0: 0x0000000080005cde (0x023df653) fadd.d  fa2, fs11, ft3
core   0: 1 0x0000000080005cde (0x023df653) f12 0x7ff8000000000000
core   0: 0x0000000080005ce2 (0x221090d3) fsgnjn.d ft1, ft1, ft1
core   0: 1 0x0000000080005ce2 (0x221090d3) f1  0x7fffffff5e83e000
core   0: 0x0000000080005ce6 (0x00da8bb3) add     s7, s5, a3
core   0: 1 0x0000000080005ce6 (0x00da8bb3) x23 0x000000005fffffff
core   0: 0x0000000080005cea (0x0116e5b3) or      a1, a3, a7
core   0: 1 0x0000000080005cea (0x0116e5b3) x11 0x0000000060000000
core   0: 0x0000000080005cee (0xc030f553) fcvt.lu.s a0, ft1
core   0: 1 0x0000000080005cee (0xc030f553) c1_fflags 0x000000000000001f x10 0xffffffffffffffff
core   0: 0x0000000080005cf2 (0x2a6605d3) fmin.d  fa1, fa2, ft6
core   0: 1 0x0000000080005cf2 (0x2a6605d3) f11 0x7ff8000000000000
core   0: 0x0000000080005cf6 (0x42a9d113) srai    sp, s3, 42
core   0: 1 0x0000000080005cf6 (0x42a9d113) x2  0x0000000000000000
core   0: 0x0000000080005cfa (0xa26083d3) fle.d   t2, ft1, ft6
core   0: 1 0x0000000080005cfa (0xa26083d3) c1_fflags 0x000000000000001f x7  0x0000000000000000
core   0: 0x0000000080005cfe (0x00359a13) slli    s4, a1, 3
core   0: 1 0x0000000080005cfe (0x00359a13) x20 0x0000000300000000
core   0: 0x0000000080005d02 (0xc0337d53) fcvt.lu.s s10, ft6
core   0: 1 0x0000000080005d02 (0xc0337d53) c1_fflags 0x000000000000001f x26 0xffffffffffffffff
core   0: 0x0000000080005d06 (0xc0367e53) fcvt.lu.s t3, fa2
core   0: 1 0x0000000080005d06 (0xc0367e53) c1_fflags 0x000000000000001f x28 0xffffffffffffffff
core   0: 0x0000000080005d0a (0x011ad593) srli    a1, s5, 17
core   0: 1 0x0000000080005d0a (0x011ad593) x11 0x00007fffffffffff
core   0: 0x0000000080005d0e (0x41990cb3) sub     s9, s2, s9
core   0: 1 0x0000000080005d0e (0x41990cb3) x25 0x0000000000000000
core   0: 0x0000000080005d12 (0x1b9370d3) fdiv.d  ft1, ft6, fs9
core   0: 1 0x0000000080005d12 (0x1b9370d3) f1  0x7ff8000000000000
core   0: 0x0000000080005d16 (0xd2110853) fcvt.d.wu fa6, sp
core   0: 1 0x0000000080005d16 (0xd2110853) f16 0x0000000000000000
core   0: 0x0000000080005d1a (0x23c19d53) fsgnjn.d fs10, ft3, ft8
core   0: 1 0x0000000080005d1a (0x23c19d53) f26 0xfff8000000000000
core   0: 0x0000000080005d1e (0x02eccdb3) div     s11, s9, a4
core   0: 1 0x0000000080005d1e (0x02eccdb3) x27 0x0000000000000000
core   0: 0x0000000080005d22 (0xd0217a53) fcvt.s.l fs4, sp
core   0: 1 0x0000000080005d22 (0xd0217a53) f20 0xffffffff00000000
core   0: 0x0000000080005d26 (0x03b779bb) remuw   s3, a4, s11
core   0: 1 0x0000000080005d26 (0x03b779bb) x19 0x000000000000001f
core   0: 0x0000000080005d2a (0xd229fe53) fcvt.d.l ft8, s3
core   0: 1 0x0000000080005d2a (0xd229fe53) f28 0x403f000000000000
core   0: 0x0000000080005d2e (0x1b48f0d3) fdiv.d  ft1, fa7, fs4
core   0: 1 0x0000000080005d2e (0x1b48f0d3) f1  0x7ff8000000000000
core   0: 0x0000000080005d32 (0x01391933) sll     s2, s2, s3
core   0: 1 0x0000000080005d32 (0x01391933) x18 0x0000000000000000
core   0: 0x0000000080005d36 (0x4a5a72c3) fmadd.d ft5, fs4, ft5, fs1
core   0: 1 0x0000000080005d36 (0x4a5a72c3) f5  0x7ff8000000000000
core   0: 0x0000000080005d3a (0x32392d73) csrrs   s10, mhpmevent3, s2
core   0: exception trap_illegal_instruction, epc 0x0000000080005d3a
core   0:           tval 0x0000000032392d73
core   0: >>>>  $xrv64i2p1_m2p0_a2p1_f2p2_d2p2_zicsr2p0_zifencei2p0_zmmul1p0_zba1p0_zbb1p0_zbc1p0_zbs1p0
core   0: 0x0000000080004000 (0x0080006f) j       pc + 0x8
core   0: 3 0x0000000080004000 (0x0080006f)
core   0: >>>>  mmode_exception_handler
core   0: 0x0000000080004008 (0x00002c17) auipc   s8, 0x2
core   0: 3 0x0000000080004008 (0x00002c17) x24 0x0000000080006008
core   0: 0x000000008000400c (0x080c0c13) addi    s8, s8, 128
core   0: 3 0x000000008000400c (0x080c0c13) x24 0x0000000080006088
core   0: 0x0000000080004010 (0x000c00e7) jalr    s8
core   0: 3 0x0000000080004010 (0x000c00e7) x1  0x0000000080004014
core   0: >>>>  any_handler
core   0: 0x0000000080006088 (0x341027f3) csrrs   a5, mepc, zero
core   0: 3 0x0000000080006088 (0x341027f3) x15 0x0000000080005d3a
core   0: 0x000000008000608c (0x34202773) csrrs   a4, mcause, zero
core   0: 3 0x000000008000608c (0x34202773) x14 0x0000000000000002
core   0: 0x0000000080006090 (0x142026f3) csrrs   a3, scause, zero
core   0: 3 0x0000000080006090 (0x142026f3) x13 0x0000000000000000
core   0: 0x0000000080006094 (0x30402673) csrrs   a2, mie, zero
core   0: 3 0x0000000080006094 (0x30402673) x12 0x0000000000000a00
core   0: 0x0000000080006098 (0x344025f3) csrrs   a1, mip, zero
core   0: 3 0x0000000080006098 (0x344025f3) x11 0x0000000000000080
core   0: 0x000000008000609c (0x343025f3) csrrs   a1, mtval, zero
core   0: 3 0x000000008000609c (0x343025f3) x11 0x0000000032392d73
core   0: 0x00000000800060a0 (0x14302573) csrrs   a0, stval, zero
core   0: 3 0x00000000800060a0 (0x14302573) x10 0x0000000000000627
core   0: 0x00000000800060a4 (0xb02024f3) csrrs   s1, minstret, zero
core   0: 3 0x00000000800060a4 (0xb02024f3) x9  0x00000000000011e4
core   0: 0x00000000800060a8 (0x0000a811) c.j     pc + 20
core   0: 3 0x00000000800060a8 (0xa811)
core   0: >>>>  mepc_4
core   0: 0x00000000800060bc (0x00000791) c.addi  a5, 4
core   0: 3 0x00000000800060bc (0x0791) x15 0x0000000080005d3e
core   0: 0x00000000800060be (0x34179073) csrrw   zero, mepc, a5
core   0: 3 0x00000000800060be (0x34179073) c833_mepc 0x0000000080005d3e
core   0: 0x00000000800060c2 (0x30200073) mret
core   0: 3 0x00000000800060c2 (0x30200073) c768_mstatus 0x8000000a00106080
core   0: 0x0000000080005d3e (0x42080553) fcvt.d.s fa0, fa6
core   0: 1 0x0000000080005d3e (0x42080553) f10 0x7ff8000000000000
core   0: 0x0000000080005d42 (0xd034fc53) fcvt.s.lu fs8, s1
core   0: 1 0x0000000080005d42 (0xd034fc53) f24 0xffffffff458f2000
core   0: 0x0000000080005d46 (0x830e77cf) fnmadd.d fa5, ft8, fa6, fa6
core   0: 1 0x0000000080005d46 (0x830e77cf) f15 0x8000000000000000
core   0: 0x0000000080005d4a (0xc21277d3) fcvt.wu.d a5, ft4
core   0: 1 0x0000000080005d4a (0xc21277d3) c1_fflags 0x000000000000001f x15 0xffffffffffffffff
core   0: 0x0000000080005d4e (0x136dfd53) fmul.d  fs10, fs11, fs6
core   0: 1 0x0000000080005d4e (0x136dfd53) f26 0x7ff8000000000000
core   0: 0x0000000080005d52 (0xc21b7253) fcvt.wu.d tp, fs6
core   0: 1 0x0000000080005d52 (0xc21b7253) c1_fflags 0x000000000000001f x4  0x0000000000000000
core   0: 0x0000000080005d56 (0x02ac6533) rem     a0, s8, a0
core   0: 1 0x0000000080005d56 (0x02ac6533) x10 0x0000000000000249
core   0: 0x0000000080005d5a (0xd22c7753) fcvt.d.l fa4, s8
core   0: 1 0x0000000080005d5a (0xd22c7753) f14 0x41e0000c11000000
core   0: 0x0000000080005d5e (0x03f09893) slli    a7, ra, 63
core   0: 1 0x0000000080005d5e (0x03f09893) x17 0x0000000000000000
core   0: 0x0000000080005d62 (0x401d7a53) fcvt.s.d fs4, fs10
core   0: 1 0x0000000080005d62 (0x401d7a53) f20 0xffffffff7fc00000
core   0: 0x0000000080005d66 (0xd2178953) fcvt.d.wu fs2, a5
core   0: 1 0x0000000080005d66 (0xd2178953) f18 0x41efffffffe00000
core   0: 0x0000000080005d6a (0x00415d9b) srliw   s11, sp, 4
core   0: 1 0x0000000080005d6a (0x00415d9b) x27 0x0000000000000000
core   0: 0x0000000080005d6e (0x00008d62) c.mv    s10, s8
core   0: 1 0x0000000080005d6e (0x8d62) x26 0x0000000080006088
core   0: 0x0000000080005d70 (0x699e029b) addiw   t0, t3, 1689
core   0: 1 0x0000000080005d70 (0x699e029b) x5  0x0000000000000698
core   0: 0x0000000080005d74 (0xd20087d3) fcvt.d.w fa5, ra
core   0: 1 0x0000000080005d74 (0xd20087d3) f15 0xc1dfffeffb000000
core   0: 0x0000000080005d78 (0xc0297dd3) fcvt.l.s s11, fs2
core   0: 1 0x0000000080005d78 (0xc0297dd3) c1_fflags 0x000000000000001f x27 0x7fffffffffffffff
core   0: 0x0000000080005d7c (0x03cdd013) srli    zero, s11, 60
core   0: 1 0x0000000080005d7c (0x03cdd013)
core   0: 0x0000000080005d80 (0xbbc8fbcb) fnmsub.d fs7, fa7, ft8, fs7
core   0: 1 0x0000000080005d80 (0xbbc8fbcb) f23 0x7ff8000000000000
core   0: 0x0000000080005d84 (0x00000001) c.nop
core   0: 1 0x0000000080005d84 (0x0001)
core   0: 0x0000000080005d86 (0x002716f3) csrrw   a3, frm, a4
core   0: 1 0x0000000080005d86 (0x002716f3) x13 0x0000000000000000 c2_frm 0x0000000000000002
core   0: 0x0000000080005d8a (0x03689c33) mulh    s8, a7, s6
core   0: 1 0x0000000080005d8a (0x03689c33) x24 0x0000000000000000
core   0: 0x0000000080005d8e (0x00832333) slt     t1, t1, s0
core   0: 1 0x0000000080005d8e (0x00832333) x6  0x0000000000000001
core   0: 0x0000000080005d92 (0xd039f4d3) fcvt.s.lu fs1, s3
core   0: 1 0x0000000080005d92 (0xd039f4d3) f9  0xffffffff41f80000
core   0: 0x0000000080005d96 (0x7ff67613) andi    a2, a2, 2047
core   0: 1 0x0000000080005d96 (0x7ff67613) x12 0x0000000000000200
core   0: 0x0000000080005d9a (0x5a0dfdd3) fsqrt.d fs11, fs11
core   0: 1 0x0000000080005d9a (0x5a0dfdd3) f27 0x7ff8000000000000
core   0: 0x0000000080005d9e (0xc023bc73) csrrc   s8, instret, t2
core   0: exception trap_illegal_instruction, epc 0x0000000080005d9e
core   0:           tval 0x00000000c023bc73
core   0: >>>>  $xrv64i2p1_m2p0_a2p1_f2p2_d2p2_zicsr2p0_zifencei2p0_zmmul1p0_zba1p0_zbb1p0_zbc1p0_zbs1p0
core   0: 0x0000000080004000 (0x0080006f) j       pc + 0x8
core   0: 3 0x0000000080004000 (0x0080006f)
core   0: >>>>  mmode_exception_handler
core   0: 0x0000000080004008 (0x00002c17) auipc   s8, 0x2
core   0: 3 0x0000000080004008 (0x00002c17) x24 0x0000000080006008
core   0: 0x000000008000400c (0x080c0c13) addi    s8, s8, 128
core   0: 3 0x000000008000400c (0x080c0c13) x24 0x0000000080006088
core   0: 0x0000000080004010 (0x000c00e7) jalr    s8
core   0: 3 0x0000000080004010 (0x000c00e7) x1  0x0000000080004014
core   0: >>>>  any_handler
core   0: 0x0000000080006088 (0x341027f3) csrrs   a5, mepc, zero
core   0: 3 0x0000000080006088 (0x341027f3) x15 0x0000000080005d9e
core   0: 0x000000008000608c (0x34202773) csrrs   a4, mcause, zero
core   0: 3 0x000000008000608c (0x34202773) x14 0x0000000000000002
core   0: 0x0000000080006090 (0x142026f3) csrrs   a3, scause, zero
core   0: 3 0x0000000080006090 (0x142026f3) x13 0x0000000000000000
core   0: 0x0000000080006094 (0x30402673) csrrs   a2, mie, zero
core   0: 3 0x0000000080006094 (0x30402673) x12 0x0000000000000a00
core   0: 0x0000000080006098 (0x344025f3) csrrs   a1, mip, zero
core   0: 3 0x0000000080006098 (0x344025f3) x11 0x0000000000000080
core   0: 0x000000008000609c (0x343025f3) csrrs   a1, mtval, zero
core   0: 3 0x000000008000609c (0x343025f3) x11 0x00000000c023bc73
core   0: 0x00000000800060a0 (0x14302573) csrrs   a0, stval, zero
core   0: 3 0x00000000800060a0 (0x14302573) x10 0x0000000000000627
core   0: 0x00000000800060a4 (0xb02024f3) csrrs   s1, minstret, zero
core   0: 3 0x00000000800060a4 (0xb02024f3) x9  0x000000000000120d
core   0: 0x00000000800060a8 (0x0000a811) c.j     pc + 20
core   0: 3 0x00000000800060a8 (0xa811)
core   0: >>>>  mepc_4
core   0: 0x00000000800060bc (0x00000791) c.addi  a5, 4
core   0: 3 0x00000000800060bc (0x0791) x15 0x0000000080005da2
core   0: 0x00000000800060be (0x34179073) csrrw   zero, mepc, a5
core   0: 3 0x00000000800060be (0x34179073) c833_mepc 0x0000000080005da2
core   0: 0x00000000800060c2 (0x30200073) mret
core   0: 3 0x00000000800060c2 (0x30200073) c768_mstatus 0x8000000a00106080
core   0: 0x0000000080005da2 (0xc8ac75b7) lui     a1, 0xc8ac7
core   0: 1 0x0000000080005da2 (0xc8ac75b7) x11 0xffffffffc8ac7000
core   0: 0x0000000080005da6 (0x00d5f833) and     a6, a1, a3
core   0: 1 0x0000000080005da6 (0x00d5f833) x16 0x0000000000000000
core   0: 0x0000000080005daa (0x23d62453) fsgnjx.d fs0, fa2, ft9
core   0: 1 0x0000000080005daa (0x23d62453) f8  0xfff8000000000000
core   0: 0x0000000080005dae (0x40bb8533) sub     a0, s7, a1
core   0: 1 0x0000000080005dae (0x40bb8533) x10 0x0000000097538fff
core   0: 0x0000000080005db2 (0x4014dd93) srai    s11, s1, 1
core   0: 1 0x0000000080005db2 (0x4014dd93) x27 0x0000000000000906
core   0: 0x0000000080005db6 (0x01bb803b) addw    zero, s7, s11
core   0: 1 0x0000000080005db6 (0x01bb803b)
core   0: 0x0000000080005dba (0x02a911b3) mulh    gp, s2, a0
core   0: 1 0x0000000080005dba (0x02a911b3) x3  0x0000000000000000
core   0: 0x0000000080005dbe (0x0ff0000f) fence   iorw,iorw
core   0: 1 0x0000000080005dbe (0x0ff0000f)
core   0: 0x0000000080005dc2 (0x000ddb33) srl     s6, s11, zero
core   0: 1 0x0000000080005dc2 (0x000ddb33) x22 0x0000000000000906
core   0: 0x0000000080005dc6 (0x0030a3b3) slt     t2, ra, gp
core   0: 1 0x0000000080005dc6 (0x0030a3b3) x7  0x0000000000000000
core   0: 0x0000000080005dca (0xe20300d3) fmv.x.d ra, ft6
core   0: 1 0x0000000080005dca (0xe20300d3) x1  0x7ff8000000000000
core   0: 0x0000000080005dce (0x03aa55bb) divuw   a1, s4, s10
core   0: 1 0x0000000080005dce (0x03aa55bb) x11 0x0000000000000000
core   0: 0x0000000080005dd2 (0xd20b8d53) fcvt.d.w fs10, s7
core   0: 1 0x0000000080005dd2 (0xd20b8d53) f26 0x41d7ffffffc00000
core   0: 0x0000000080005dd6 (0x32637247) fmsub.d ft4, ft6, ft6, ft6
core   0: 1 0x0000000080005dd6 (0x32637247) f4  0x7ff8000000000000
core   0: 0x0000000080005dda (0x01f9591b) srliw   s2, s2, 31
core   0: 1 0x0000000080005dda (0x01f9591b) x18 0x0000000000000000
core   0: 0x0000000080005dde (0x7bac8b9b) addiw   s7, s9, 1978
core   0: 1 0x0000000080005dde (0x7bac8b9b) x23 0x00000000000007ba
core   0: 0x0000000080005de2 (0x005971b3) and     gp, s2, t0
core   0: 1 0x0000000080005de2 (0x005971b3) x3  0x0000000000000000
core   0: 0x0000000080005de6 (0x001b9433) sll     s0, s7, ra
core   0: 1 0x0000000080005de6 (0x001b9433) x8  0x00000000000007ba
core   0: 0x0000000080005dea (0x006b99bb) sllw    s3, s7, t1
core   0: 1 0x0000000080005dea (0x006b99bb) x19 0x0000000000000f74
core   0: 0x0000000080005dee (0x013dd033) srl     zero, s11, s3
core   0: 1 0x0000000080005dee (0x013dd033)
core   0: 0x0000000080005df2 (0x0209cd13) xori    s10, s3, 32
core   0: 1 0x0000000080005df2 (0x0209cd13) x26 0x0000000000000f54
core   0: 0x0000000080005df6 (0x00105593) srli    a1, zero, 1
core   0: 1 0x0000000080005df6 (0x00105593) x11 0x0000000000000000
core   0: 0x0000000080005dfa (0x01b0d4b3) srl     s1, ra, s11
core   0: 1 0x0000000080005dfa (0x01b0d4b3) x9  0x01ffe00000000000
core   0: 0x0000000080005dfe (0xc0327953) fcvt.lu.s s2, ft4
core   0: 1 0x0000000080005dfe (0xc0327953) c1_fflags 0x000000000000001f x18 0xffffffffffffffff
core   0: 0x0000000080005e02 (0x027bfebb) remuw   t4, s7, t2
core   0: 1 0x0000000080005e02 (0x027bfebb) x29 0x00000000000007ba
core   0: 0x0000000080005e06 (0x42f05713) srai    a4, zero, 47
core   0: 1 0x0000000080005e06 (0x42f05713) x14 0x0000000000000000
core   0: 0x0000000080005e0a (0x00e795bb) sllw    a1, a5, a4
core   0: 1 0x0000000080005e0a (0x00e795bb) x11 0xffffffff80005da2
core   0: 0x0000000080005e0e (0x00b54ab3) xor     s5, a0, a1
core   0: 1 0x0000000080005e0e (0x00b54ab3) x21 0xffffffff1753d25d
core   0: 0x0000000080005e12 (0xfff2d1b7) lui     gp, 0xfff2d
core   0: 1 0x0000000080005e12 (0xfff2d1b7) x3  0xfffffffffff2d000
core   0: 0x0000000080005e16 (0xae31819b) addiw   gp, gp, -1309
core   0: 1 0x0000000080005e16 (0xae31819b) x3  0xfffffffffff2cae3
core   0: 0x0000000080005e1a (0x000001ce) c.slli  gp, 19
core   0: 1 0x0000000080005e1a (0x01ce) x3  0xffffff9657180000
core   0: 0x0000000080005e1c (0x74118193) addi    gp, gp, 1857
core   0: 1 0x0000000080005e1c (0x74118193) x3  0xffffff9657180741
core   0: 0x0000000080005e20 (0xf46c829b) addiw   t0, s9, -186
core   0: 1 0x0000000080005e20 (0xf46c829b) x5  0xffffffffffffff46
core   0: 0x0000000080005e24 (0x22bd7cc3) fmadd.d fs9, fs10, fa1, ft4
core   0: 1 0x0000000080005e24 (0x22bd7cc3) f25 0x7ff8000000000000
core   0: 0x0000000080005e28 (0xf2050dd3) fmv.d.x fs11, a0
core   0: 1 0x0000000080005e28 (0xf2050dd3) f27 0x0000000097538fff
core   0: 0x0000000080005e2c (0x5a097953) fsqrt.d fs2, fs2
core   0: 1 0x0000000080005e2c (0x5a097953) c1_fflags 0x000000000000001f f18 0x40efffffffefffff
core   0: 0x0000000080005e30 (0x4072dd3b) sraw    s10, t0, t2
core   0: 1 0x0000000080005e30 (0x4072dd3b) x26 0xffffffffffffff46
core   0: 0x0000000080005e34 (0xade24437) lui     s0, 0xade24
core   0: 1 0x0000000080005e34 (0xade24437) x8  0xffffffffade24000
core   0: 0x0000000080005e38 (0x13abf253) fmul.d  ft4, fs7, fs10
core   0: 1 0x0000000080005e38 (0x13abf253) f4  0x7ff8000000000000
core   0: 0x0000000080005e3c (0x4141531b) sraiw   t1, sp, 20
core   0: 1 0x0000000080005e3c (0x4141531b) x6  0x0000000000000000
core   0: 0x0000000080005e40 (0x4082043b) subw    s0, tp, s0
core   0: 1 0x0000000080005e40 (0x4082043b) x8  0x00000000521dc000
core   0: 0x0000000080005e44 (0x02127abb) remuw   s5, tp, ra
core   0: 1 0x0000000080005e44 (0x02127abb) x21 0x0000000000000000
core   0: 0x0000000080005e48 (0x03bde2bb) remw    t0, s11, s11
core   0: 1 0x0000000080005e48 (0x03bde2bb) x5  0x0000000000000000
core   0: 0x0000000080005e4c (0xebadfdc3) fmadd.d fs11, fs11, fs10, ft9
core   0: 1 0x0000000080005e4c (0xebadfdc3) f27 0x7ff8000000000000
core   0: 0x0000000080005e50 (0x00009a56) c.add   s4, s5
core   0: 1 0x0000000080005e50 (0x9a56) x20 0x0000000300000000
core   0: 0x0000000080005e52 (0xc22f7753) fcvt.l.d a4, ft10
core   0: 1 0x0000000080005e52 (0xc22f7753) c1_fflags 0x000000000000001f x14 0x7fffffffffffffff
core   0: 0x0000000080005e56 (0x06a58013) addi    zero, a1, 106
core   0: 1 0x0000000080005e56 (0x06a58013)
core   0: 0x0000000080005e5a (0x027043bb) divw    t2, zero, t2
core   0: 1 0x0000000080005e5a (0x027043bb) x7  0xffffffffffffffff
core   0: 0x0000000080005e5e (0x0075cc33) xor     s8, a1, t2
core   0: 1 0x0000000080005e5e (0x0075cc33) x24 0x000000007fffa25d
core   0: 0x0000000080005e62 (0x13bc7153) fmul.d  ft2, fs8, fs11
core   0: 1 0x0000000080005e62 (0x13bc7153) f2  0x7ff8000000000000
core   0: 0x0000000080005e66 (0xa22106d3) fle.d   a3, ft2, ft2
core   0: 1 0x0000000080005e66 (0xa22106d3) c1_fflags 0x000000000000001f x13 0x0000000000000000
core   0: 0x0000000080005e6a (0x32be8093) addi    ra, t4, 811
core   0: 1 0x0000000080005e6a (0x32be8093) x1  0x0000000000000ae5
core   0: 0x0000000080005e6e (0x00d0921b) slliw   tp, ra, 13
core   0: 1 0x0000000080005e6e (0x00d0921b) x4  0x00000000015ca000
core   0: 0x0000000080005e72 (0x0002521b) srliw   tp, tp, 0
core   0: 1 0x0000000080005e72 (0x0002521b) x4  0x00000000015ca000
core   0: 0x0000000080005e76 (0x222424d3) fsgnjx.d fs1, fs0, ft2
core   0: 1 0x0000000080005e76 (0x222424d3) f9  0xfff8000000000000
core   0: 0x0000000080005e7a (0x406dd6b3) sra     a3, s11, t1
core   0: 1 0x0000000080005e7a (0x406dd6b3) x13 0x0000000000000906
core   0: 0x0000000080005e7e (0x00b59c1b) slliw   s8, a1, 11
core   0: 1 0x0000000080005e7e (0x00b59c1b) x24 0x0000000002ed1000
core   0: 0x0000000080005e82 (0xc2117bd3) fcvt.wu.d s7, ft2
core   0: 1 0x0000000080005e82 (0xc2117bd3) c1_fflags 0x000000000000001f x23 0xffffffffffffffff
core   0: 0x0000000080005e86 (0x0648e537) lui     a0, 0x648e
core   0: 1 0x0000000080005e86 (0x0648e537) x10 0x000000000648e000
core   0: 0x0000000080005e8a (0xf255051b) addiw   a0, a0, -219
core   0: 1 0x0000000080005e8a (0xf255051b) x10 0x000000000648df25
core   0: 0x0000000080005e8e (0x00000532) c.slli  a0, 12
core   0: 1 0x0000000080005e8e (0x0532) x10 0x000000648df25000
core   0: 0x0000000080005e90 (0xa2e50513) addi    a0, a0, -1490
core   0: 1 0x0000000080005e90 (0xa2e50513) x10 0x000000648df24a2e
core   0: 0x0000000080005e94 (0x021b80b3) mul     ra, s7, ra
core   0: 1 0x0000000080005e94 (0x021b80b3) x1  0xfffffffffffff51b
core   0: 0x0000000080005e98 (0x008dd313) srli    t1, s11, 8
core   0: 1 0x0000000080005e98 (0x008dd313) x6  0x0000000000000009
core   0: 0x0000000080005e9c (0xc218f4d3) fcvt.wu.d s1, fa7
core   0: 1 0x0000000080005e9c (0xc218f4d3) c1_fflags 0x000000000000001f x9  0xffffffffffffffff
core   0: 0x0000000080005ea0 (0x026121b3) mulhsu  gp, sp, t1
core   0: 1 0x0000000080005ea0 (0x026121b3) x3  0x0000000000000000
core   0: 0x0000000080005ea4 (0x00102873) csrrs   a6, fflags, zero
core   0: 1 0x0000000080005ea4 (0x00102873) x16 0x000000000000001f
core   0: 0x0000000080005ea8 (0x00202173) csrrs   sp, frm, zero
core   0: 1 0x0000000080005ea8 (0x00202173) x2  0x0000000000000002
core   0: 0x0000000080005eac (0x0ff0000f) fence   iorw,iorw
core   0: 1 0x0000000080005eac (0x0ff0000f)
core   0: 0x0000000080005eb0 (0x4000db13) srai    s6, ra, 0
core   0: 1 0x0000000080005eb0 (0x4000db13) x22 0xfffffffffffff51b
core   0: 0x0000000080005eb4 (0x00aadab3) srl     s5, s5, a0
core   0: 1 0x0000000080005eb4 (0x00aadab3) x21 0x0000000000000000
core   0: 0x0000000080005eb8 (0x0368deb3) divu    t4, a7, s6
core   0: 1 0x0000000080005eb8 (0x0368deb3) x29 0x0000000000000000
core   0: 0x0000000080005ebc (0x0b8bfbd3) fsub.d  fs7, fs7, fs8
core   0: 1 0x0000000080005ebc (0x0b8bfbd3) f23 0x7ff8000000000000
core   0: 0x0000000080005ec0 (0x014c00bb) addw    ra, s8, s4
core   0: 1 0x0000000080005ec0 (0x014c00bb) x1  0x0000000002ed1000
core   0: 0x0000000080005ec4 (0x02ccc7bb) divw    a5, s9, a2
core   0: 1 0x0000000080005ec4 (0x02ccc7bb) x15 0x0000000000000000
core   0: 0x0000000080005ec8 (0xc22c7753) fcvt.l.d a4, fs8
core   0: 1 0x0000000080005ec8 (0xc22c7753) c1_fflags 0x000000000000001f x14 0x7fffffffffffffff
core   0: 0x0000000080005ecc (0x0376f6c3) fmadd.d fa3, fa3, fs7, ft0
core   0: 1 0x0000000080005ecc (0x0376f6c3) f13 0x7ff8000000000000
core   0: 0x0000000080005ed0 (0xc03bf0d3) fcvt.lu.s ra, fs7
core   0: 1 0x0000000080005ed0 (0xc03bf0d3) c1_fflags 0x000000000000001f x1  0xffffffffffffffff
core   0: 0x0000000080005ed4 (0x411b07b3) sub     a5, s6, a7
core   0: 1 0x0000000080005ed4 (0x411b07b3) x15 0xfffffffffffff51b
core   0: 0x0000000080005ed8 (0x4017d71b) sraiw   a4, a5, 1
core   0: 1 0x0000000080005ed8 (0x4017d71b) x14 0xfffffffffffffa8d
core   0: 0x0000000080005edc (0x016c2cb3) slt     s9, s8, s6
core   0: 1 0x0000000080005edc (0x016c2cb3) x25 0x0000000000000000
core   0: 0x0000000080005ee0 (0x40197653) fcvt.s.d fa2, fs2
core   0: 1 0x0000000080005ee0 (0x40197653) c1_fflags 0x000000000000001f f12 0xffffffff477fffff
core   0: 0x0000000080005ee4 (0x002a1e73) csrrw   t3, frm, s4
core   0: 1 0x0000000080005ee4 (0x002a1e73) x28 0x0000000000000002 c2_frm 0x0000000000000000
core   0: 0x0000000080005ee8 (0x028a743b) remuw   s0, s4, s0
core   0: 1 0x0000000080005ee8 (0x028a743b) x8  0x0000000000000000
core   0: 0x0000000080005eec (0x014696bb) sllw    a3, a3, s4
core   0: 1 0x0000000080005eec (0x014696bb) x13 0x0000000000000906
core   0: 0x0000000080005ef0 (0x41d6523b) sraw    tp, a2, t4
core   0: 1 0x0000000080005ef0 (0x41d6523b) x4  0x0000000000000a00
core   0: 0x0000000080005ef4 (0x0300c0bb) divw    ra, ra, a6
core   0: 1 0x0000000080005ef4 (0x0300c0bb) x1  0x0000000000000000
core   0: 0x0000000080005ef8 (0x415a80b3) sub     ra, s5, s5
core   0: 1 0x0000000080005ef8 (0x415a80b3) x1  0x0000000000000000
core   0: 0x0000000080005efc (0x52f1f54f) fnmadd.d fa0, ft3, fa5, fa0
core   0: 1 0x0000000080005efc (0x52f1f54f) f10 0x7ff8000000000000
core   0: 0x0000000080005f00 (0x00f877b3) and     a5, a6, a5
core   0: 1 0x0000000080005f00 (0x00f877b3) x15 0x000000000000001b
core   0: 0x0000000080005f04 (0xc0357553) fcvt.lu.s a0, fa0
core   0: 1 0x0000000080005f04 (0xc0357553) c1_fflags 0x000000000000001f x10 0xffffffffffffffff
core   0: 0x0000000080005f08 (0x016c521b) srliw   tp, s8, 22
core   0: 1 0x0000000080005f08 (0x016c521b) x4  0x000000000000000b
core   0: 0x0000000080005f0c (0x0257da13) srli    s4, a5, 37
core   0: 1 0x0000000080005f0c (0x0257da13) x20 0x0000000000000000
core   0: 0x0000000080005f10 (0x40bc8bb3) sub     s7, s9, a1
core   0: 1 0x0000000080005f10 (0x40bc8bb3) x23 0x000000007fffa25e
core   0: 0x0000000080005f14 (0xf12ff2f3) csrrci  t0, marchid, 31
core   0: exception trap_illegal_instruction, epc 0x0000000080005f14
core   0:           tval 0x00000000f12ff2f3
core   0: >>>>  $xrv64i2p1_m2p0_a2p1_f2p2_d2p2_zicsr2p0_zifencei2p0_zmmul1p0_zba1p0_zbb1p0_zbc1p0_zbs1p0
core   0: 0x0000000080004000 (0x0080006f) j       pc + 0x8
core   0: 3 0x0000000080004000 (0x0080006f)
core   0: >>>>  mmode_exception_handler
core   0: 0x0000000080004008 (0x00002c17) auipc   s8, 0x2
core   0: 3 0x0000000080004008 (0x00002c17) x24 0x0000000080006008
core   0: 0x000000008000400c (0x080c0c13) addi    s8, s8, 128
core   0: 3 0x000000008000400c (0x080c0c13) x24 0x0000000080006088
core   0: 0x0000000080004010 (0x000c00e7) jalr    s8
core   0: 3 0x0000000080004010 (0x000c00e7) x1  0x0000000080004014
core   0: >>>>  any_handler
core   0: 0x0000000080006088 (0x341027f3) csrrs   a5, mepc, zero
core   0: 3 0x0000000080006088 (0x341027f3) x15 0x0000000080005f14
core   0: 0x000000008000608c (0x34202773) csrrs   a4, mcause, zero
core   0: 3 0x000000008000608c (0x34202773) x14 0x0000000000000002
core   0: 0x0000000080006090 (0x142026f3) csrrs   a3, scause, zero
core   0: 3 0x0000000080006090 (0x142026f3) x13 0x0000000000000000
core   0: 0x0000000080006094 (0x30402673) csrrs   a2, mie, zero
core   0: 3 0x0000000080006094 (0x30402673) x12 0x0000000000000a00
core   0: 0x0000000080006098 (0x344025f3) csrrs   a1, mip, zero
core   0: 3 0x0000000080006098 (0x344025f3) x11 0x0000000000000080
core   0: 0x000000008000609c (0x343025f3) csrrs   a1, mtval, zero
core   0: 3 0x000000008000609c (0x343025f3) x11 0x00000000f12ff2f3
core   0: 0x00000000800060a0 (0x14302573) csrrs   a0, stval, zero
core   0: 3 0x00000000800060a0 (0x14302573) x10 0x0000000000000627
core   0: 0x00000000800060a4 (0xb02024f3) csrrs   s1, minstret, zero
core   0: 3 0x00000000800060a4 (0xb02024f3) x9  0x000000000000127b
core   0: 0x00000000800060a8 (0x0000a811) c.j     pc + 20
core   0: 3 0x00000000800060a8 (0xa811)
core   0: >>>>  mepc_4
core   0: 0x00000000800060bc (0x00000791) c.addi  a5, 4
core   0: 3 0x00000000800060bc (0x0791) x15 0x0000000080005f18
core   0: 0x00000000800060be (0x34179073) csrrw   zero, mepc, a5
core   0: 3 0x00000000800060be (0x34179073) c833_mepc 0x0000000080005f18
core   0: 0x00000000800060c2 (0x30200073) mret
core   0: 3 0x00000000800060c2 (0x30200073) c768_mstatus 0x8000000a00106080
core   0: 0x0000000080005f18 (0x6b33f393) andi    t2, t2, 1715
core   0: 1 0x0000000080005f18 (0x6b33f393) x7  0x00000000000006b3
core   0: 0x0000000080005f1c (0xfffbf713) andi    a4, s7, -1
core   0: 1 0x0000000080005f1c (0xfffbf713) x14 0x000000007fffa25e
core   0: 0x0000000080005f20 (0x0ff0000f) fence   iorw,iorw
core   0: 1 0x0000000080005f20 (0x0ff0000f)
core   0: 0x0000000080005f24 (0x40ea0a33) sub     s4, s4, a4
core   0: 1 0x0000000080005f24 (0x40ea0a33) x20 0xffffffff80005da2
core   0: 0x0000000080005f28 (0x0377c733) div     a4, a5, s7
core   0: 1 0x0000000080005f28 (0x0377c733) x14 0x0000000000000001
core   0: 0x0000000080005f2c (0x01635dbb) srlw    s11, t1, s6
core   0: 1 0x0000000080005f2c (0x01635dbb) x27 0x0000000000000000
core   0: 0x0000000080005f30 (0x01a58abb) addw    s5, a1, s10
core   0: 1 0x0000000080005f30 (0x01a58abb) x21 0xfffffffff12ff239
core   0: 0x0000000080005f34 (0x0087dc1b) srliw   s8, a5, 8
core   0: 1 0x0000000080005f34 (0x0087dc1b) x24 0x000000000080005f
core   0: 0x0000000080005f38 (0x40f5dd33) sra     s10, a1, a5
core   0: 1 0x0000000080005f38 (0x40f5dd33) x26 0x00000000000000f1
core   0: 0x0000000080005f3c (0x43fc5113) srai    sp, s8, 63
core   0: 1 0x0000000080005f3c (0x43fc5113) x2  0x0000000000000000
core   0: 0x0000000080005f40 (0x1b497a53) fdiv.d  fs4, fs2, fs4
core   0: 1 0x0000000080005f40 (0x1b497a53) f20 0x7ff8000000000000
core   0: 0x0000000080005f44 (0x01cbde13) srli    t3, s7, 28
core   0: 1 0x0000000080005f44 (0x01cbde13) x28 0x0000000000000007
core   0: 0x0000000080005f48 (0x003b6233) or      tp, s6, gp
core   0: 1 0x0000000080005f48 (0x003b6233) x4  0xfffffffffffff51b
core   0: 0x0000000080005f4c (0xc20972d3) fcvt.w.d t0, fs2
core   0: 1 0x0000000080005f4c (0xc20972d3) c1_fflags 0x000000000000001f x5  0x0000000000010000
core   0: 0x0000000080005f50 (0xd022fad3) fcvt.s.l fs5, t0
core   0: 1 0x0000000080005f50 (0xd022fad3) f21 0xffffffff47800000
core   0: 0x0000000080005f54 (0x2aca70c3) fmadd.d ft1, fs4, fa2, ft5
core   0: 1 0x0000000080005f54 (0x2aca70c3) f1  0x7ff8000000000000
core   0: 0x0000000080005f58 (0x4001da1b) sraiw   s4, gp, 0
core   0: 1 0x0000000080005f58 (0x4001da1b) x20 0x0000000000000000
core   0: 0x0000000080005f5c (0x4002581b) sraiw   a6, tp, 0
core   0: 1 0x0000000080005f5c (0x4002581b) x16 0xfffffffffffff51b
core   0: 0x0000000080005f60 (0xe20a0dd3) fmv.x.d s11, fs4
core   0: 1 0x0000000080005f60 (0xe20a0dd3) x27 0x7ff8000000000000
core   0: 0x0000000080005f64 (0xd03e7853) fcvt.s.lu fa6, t3
core   0: 1 0x0000000080005f64 (0xd03e7853) f16 0xffffffff40e00000
core   0: 0x0000000080005f68 (0x0256be33) mulhu   t3, a3, t0
core   0: 1 0x0000000080005f68 (0x0256be33) x28 0x0000000000000000
core   0: 0x0000000080005f6c (0x0af77253) fsub.d  ft4, fa4, fa5
core   0: 1 0x0000000080005f6c (0x0af77253) f4  0x41f0000207400000
core   0: 0x0000000080005f70 (0x2ad29153) fmax.d  ft2, ft5, fa3
core   0: 1 0x0000000080005f70 (0x2ad29153) f2  0x7ff8000000000000
core   0: 0x0000000080005f74 (0x006b933b) sllw    t1, s7, t1
core   0: 1 0x0000000080005f74 (0x006b933b) x6  0xffffffffff44bc00
core   0: 0x0000000080005f78 (0x406cdabb) sraw    s5, s9, t1
core   0: 1 0x0000000080005f78 (0x406cdabb) x21 0x0000000000000000
core   0: 0x0000000080005f7c (0x0224013b) mulw    sp, s0, sp
core   0: 1 0x0000000080005f7c (0x0224013b) x2  0x0000000000000000
core   0: 0x0000000080005f80 (0x015eceb3) xor     t4, t4, s5
core   0: 1 0x0000000080005f80 (0x015eceb3) x29 0x0000000000000000
core   0: 0x0000000080005f84 (0x0adcfa53) fsub.d  fs4, fs9, fa3
core   0: 1 0x0000000080005f84 (0x0adcfa53) f20 0x7ff8000000000000
core   0: 0x0000000080005f88 (0x035ea3b3) mulhsu  t2, t4, s5
core   0: 1 0x0000000080005f88 (0x035ea3b3) x7  0x0000000000000000
core   0: 0x0000000080005f8c (0xd23df753) fcvt.d.lu fa4, s11
core   0: 1 0x0000000080005f8c (0xd23df753) f14 0x43dffe0000000000
core   0: 0x0000000080005f90 (0xc02a7c53) fcvt.l.s s8, fs4
core   0: 1 0x0000000080005f90 (0xc02a7c53) c1_fflags 0x000000000000001f x24 0x7fffffffffffffff
core   0: 0x0000000080005f94 (0x0150501b) srliw   zero, zero, 21
core   0: 1 0x0000000080005f94 (0x0150501b)
core   0: 0x0000000080005f98 (0x7298fbb7) lui     s7, 0x7298f
core   0: 1 0x0000000080005f98 (0x7298fbb7) x23 0x000000007298f000
core   0: 0x0000000080005f9c (0x03f05d13) srli    s10, zero, 63
core   0: 1 0x0000000080005f9c (0x03f05d13) x26 0x0000000000000000
core   0: 0x0000000080005fa0 (0x0367a7b3) mulhsu  a5, a5, s6
core   0: 1 0x0000000080005fa0 (0x0367a7b3) x15 0x0000000080005f17
core   0: 0x0000000080005fa4 (0x46e0809b) addiw   ra, ra, 1134
core   0: 1 0x0000000080005fa4 (0x46e0809b) x1  0xffffffff80004482
core   0: 0x0000000080005fa8 (0xc21c7bd3) fcvt.wu.d s7, fs8
core   0: 1 0x0000000080005fa8 (0xc21c7bd3) c1_fflags 0x000000000000001f x23 0xffffffffffffffff
core   0: 0x0000000080005fac (0x009bc4b3) xor     s1, s7, s1
core   0: 1 0x0000000080005fac (0x009bc4b3) x9  0xffffffffffffed84
core   0: 0x0000000080005fb0 (0x01909593) slli    a1, ra, 25
core   0: 1 0x0000000080005fb0 (0x01909593) x11 0xff00008904000000
core   0: 0x0000000080005fb4 (0x7beb4913) xori    s2, s6, 1982
core   0: 1 0x0000000080005fb4 (0x7beb4913) x18 0xfffffffffffff2a5
core   0: 0x0000000080005fb8 (0x01209db3) sll     s11, ra, s2
core   0: 1 0x0000000080005fb8 (0x01209db3) x27 0x0008904000000000
core   0: 0x0000000080005fbc (0x002027f3) csrrs   a5, frm, zero
core   0: 1 0x0000000080005fbc (0x002027f3) x15 0x0000000000000000
core   0: 0x0000000080005fc0 (0x0387c0bb) divw    ra, a5, s8
core   0: 1 0x0000000080005fc0 (0x0387c0bb) x1  0x0000000000000000
core   0: 0x0000000080005fc4 (0x002d97f3) csrrw   a5, frm, s11
core   0: 1 0x0000000080005fc4 (0x002d97f3) x15 0x0000000000000000 c2_frm 0x0000000000000000
core   0: 0x0000000080005fc8 (0x01a55ebb) srlw    t4, a0, s10
core   0: 1 0x0000000080005fc8 (0x01a55ebb) x29 0x0000000000000627
core   0: 0x0000000080005fcc (0xfb03db37) lui     s6, 0xfb03d
core   0: 1 0x0000000080005fcc (0xfb03db37) x22 0xfffffffffb03d000
core   0: 0x0000000080005fd0 (0xe83b0b1b) addiw   s6, s6, -381
core   0: 1 0x0000000080005fd0 (0xe83b0b1b) x22 0xfffffffffb03ce83
core   0: 0x0000000080005fd4 (0x00000b32) c.slli  s6, 12
core   0: 1 0x0000000080005fd4 (0x0b32) x22 0xffffffb03ce83000
core   0: 0x0000000080005fd6 (0xfdeb0b13) addi    s6, s6, -34
core   0: 1 0x0000000080005fd6 (0xfdeb0b13) x22 0xffffffb03ce82fde
core   0: 0x0000000080005fda (0x41a08b3b) subw    s6, ra, s10
core   0: 1 0x0000000080005fda (0x41a08b3b) x22 0x0000000000000000
core   0: 0x0000000080005fde (0x000b589b) srliw   a7, s6, 0
core   0: 1 0x0000000080005fde (0x000b589b) x17 0x0000000000000000
core   0: 0x0000000080005fe2 (0x747066f3) csrrsi  a3, mseccfg, 0
core   0: exception trap_illegal_instruction, epc 0x0000000080005fe2
core   0:           tval 0x00000000747066f3
core   0: >>>>  $xrv64i2p1_m2p0_a2p1_f2p2_d2p2_zicsr2p0_zifencei2p0_zmmul1p0_zba1p0_zbb1p0_zbc1p0_zbs1p0
core   0: 0x0000000080004000 (0x0080006f) j       pc + 0x8
core   0: 3 0x0000000080004000 (0x0080006f)
core   0: >>>>  mmode_exception_handler
core   0: 0x0000000080004008 (0x00002c17) auipc   s8, 0x2
core   0: 3 0x0000000080004008 (0x00002c17) x24 0x0000000080006008
core   0: 0x000000008000400c (0x080c0c13) addi    s8, s8, 128
core   0: 3 0x000000008000400c (0x080c0c13) x24 0x0000000080006088
core   0: 0x0000000080004010 (0x000c00e7) jalr    s8
core   0: 3 0x0000000080004010 (0x000c00e7) x1  0x0000000080004014
core   0: >>>>  any_handler
core   0: 0x0000000080006088 (0x341027f3) csrrs   a5, mepc, zero
core   0: 3 0x0000000080006088 (0x341027f3) x15 0x0000000080005fe2
core   0: 0x000000008000608c (0x34202773) csrrs   a4, mcause, zero
core   0: 3 0x000000008000608c (0x34202773) x14 0x0000000000000002
core   0: 0x0000000080006090 (0x142026f3) csrrs   a3, scause, zero
core   0: 3 0x0000000080006090 (0x142026f3) x13 0x0000000000000000
core   0: 0x0000000080006094 (0x30402673) csrrs   a2, mie, zero
core   0: 3 0x0000000080006094 (0x30402673) x12 0x0000000000000a00
core   0: 0x0000000080006098 (0x344025f3) csrrs   a1, mip, zero
core   0: 3 0x0000000080006098 (0x344025f3) x11 0x0000000000000080
core   0: 0x000000008000609c (0x343025f3) csrrs   a1, mtval, zero
core   0: 3 0x000000008000609c (0x343025f3) x11 0x00000000747066f3
core   0: 0x00000000800060a0 (0x14302573) csrrs   a0, stval, zero
core   0: 3 0x00000000800060a0 (0x14302573) x10 0x0000000000000627
core   0: 0x00000000800060a4 (0xb02024f3) csrrs   s1, minstret, zero
core   0: 3 0x00000000800060a4 (0xb02024f3) x9  0x00000000000012be
core   0: 0x00000000800060a8 (0x0000a811) c.j     pc + 20
core   0: 3 0x00000000800060a8 (0xa811)
core   0: >>>>  mepc_4
core   0: 0x00000000800060bc (0x00000791) c.addi  a5, 4
core   0: 3 0x00000000800060bc (0x0791) x15 0x0000000080005fe6
core   0: 0x00000000800060be (0x34179073) csrrw   zero, mepc, a5
core   0: 3 0x00000000800060be (0x34179073) c833_mepc 0x0000000080005fe6
core   0: 0x00000000800060c2 (0x30200073) mret
core   0: 3 0x00000000800060c2 (0x30200073) c768_mstatus 0x8000000a00106080
core   0: 0x0000000080005fe6 (0x41605b33) sra     s6, zero, s6
core   0: 1 0x0000000080005fe6 (0x41605b33) x22 0x0000000000000000
core   0: 0x0000000080005fea (0x42325113) srai    sp, tp, 35
core   0: 1 0x0000000080005fea (0x42325113) x2  0xffffffffffffffff
core   0: 0x0000000080005fee (0x00000001) c.nop
core   0: 1 0x0000000080005fee (0x0001)
core   0: 0x0000000080005ff0 (0x41ab0693) addi    a3, s6, 1050
core   0: 1 0x0000000080005ff0 (0x41ab0693) x13 0x000000000000041a
core   0: 0x0000000080005ff4 (0x9d67a9b7) lui     s3, 0x9d67a
core   0: 1 0x0000000080005ff4 (0x9d67a9b7) x19 0xffffffff9d67a000
core   0: 0x0000000080005ff8 (0x0017861b) addiw   a2, a5, 1
core   0: 1 0x0000000080005ff8 (0x0017861b) x12 0xffffffff80005fe7
core   0: 0x0000000080005ffc (0x234c1553) fsgnjn.d fa0, fs8, fs4
core   0: 1 0x0000000080005ffc (0x234c1553) f10 0xffffffff458f2000
core   0: 0x0000000080006000 (0x1b3b7c53) fdiv.d  fs8, fs6, fs3
core   0: 1 0x0000000080006000 (0x1b3b7c53) f24 0x7ff8000000000000
core   0: 0x0000000080006004 (0x038e7e47) fmsub.d ft8, ft8, fs8, ft0
core   0: 1 0x0000000080006004 (0x038e7e47) f28 0x7ff8000000000000
core   0: 0x0000000080006008 (0xc329e393) ori     t2, s3, -974
core   0: 1 0x0000000080006008 (0xc329e393) x7  0xfffffffffffffc32
core   0: 0x000000008000600c (0xfd54f237) lui     tp, 0xfd54f
core   0: 1 0x000000008000600c (0xfd54f237) x4  0xfffffffffd54f000
core   0: 0x0000000080006010 (0xc632021b) addiw   tp, tp, -925
core   0: 1 0x0000000080006010 (0xc632021b) x4  0xfffffffffd54ec63
core   0: 0x0000000080006014 (0x00000236) c.slli  tp, 13
core   0: 1 0x0000000080006014 (0x0236) x4  0xffffffaa9d8c6000
core   0: 0x0000000080006016 (0x80620213) addi    tp, tp, -2042
core   0: 1 0x0000000080006016 (0x80620213) x4  0xffffffaa9d8c5806
core   0: 0x000000008000601a (0x0ff0000f) fence   iorw,iorw
core   0: 1 0x000000008000601a (0x0ff0000f)
core   0: 0x000000008000601e (0x002bdcb3) srl     s9, s7, sp
core   0: 1 0x000000008000601e (0x002bdcb3) x25 0x0000000000000001
core   0: 0x0000000080006022 (0xd03bf953) fcvt.s.lu fs2, s7
core   0: 1 0x0000000080006022 (0xd03bf953) c1_fflags 0x000000000000001f f18 0xffffffff5f800000
core   0: 0x0000000080006026 (0x01b10333) add     t1, sp, s11
core   0: 1 0x0000000080006026 (0x01b10333) x6  0x0008903fffffffff
core   0: 0x000000008000602a (0xfffdc213) not     tp, s11
core   0: 1 0x000000008000602a (0xfffdc213) x4  0xfff76fbfffffffff
core   0: 0x000000008000602e (0x418686bb) subw    a3, a3, s8
core   0: 1 0x000000008000602e (0x418686bb) x13 0x000000007fffa392
core   0: 0x0000000080006032 (0xa3bd8653) fle.d   a2, fs11, fs11
core   0: 1 0x0000000080006032 (0xa3bd8653) c1_fflags 0x000000000000001f x12 0x0000000000000000
core   0: 0x0000000080006036 (0x340ebdf3) csrrc   s11, mscratch, t4
core   0: exception trap_illegal_instruction, epc 0x0000000080006036
core   0:           tval 0x00000000340ebdf3
core   0: >>>>  $xrv64i2p1_m2p0_a2p1_f2p2_d2p2_zicsr2p0_zifencei2p0_zmmul1p0_zba1p0_zbb1p0_zbc1p0_zbs1p0
core   0: 0x0000000080004000 (0x0080006f) j       pc + 0x8
core   0: 3 0x0000000080004000 (0x0080006f)
core   0: >>>>  mmode_exception_handler
core   0: 0x0000000080004008 (0x00002c17) auipc   s8, 0x2
core   0: 3 0x0000000080004008 (0x00002c17) x24 0x0000000080006008
core   0: 0x000000008000400c (0x080c0c13) addi    s8, s8, 128
core   0: 3 0x000000008000400c (0x080c0c13) x24 0x0000000080006088
core   0: 0x0000000080004010 (0x000c00e7) jalr    s8
core   0: 3 0x0000000080004010 (0x000c00e7) x1  0x0000000080004014
core   0: >>>>  any_handler
core   0: 0x0000000080006088 (0x341027f3) csrrs   a5, mepc, zero
core   0: 3 0x0000000080006088 (0x341027f3) x15 0x0000000080006036
core   0: 0x000000008000608c (0x34202773) csrrs   a4, mcause, zero
core   0: 3 0x000000008000608c (0x34202773) x14 0x0000000000000002
core   0: 0x0000000080006090 (0x142026f3) csrrs   a3, scause, zero
core   0: 3 0x0000000080006090 (0x142026f3) x13 0x0000000000000000
core   0: 0x0000000080006094 (0x30402673) csrrs   a2, mie, zero
core   0: 3 0x0000000080006094 (0x30402673) x12 0x0000000000000a00
core   0: 0x0000000080006098 (0x344025f3) csrrs   a1, mip, zero
core   0: 3 0x0000000080006098 (0x344025f3) x11 0x0000000000000080
core   0: 0x000000008000609c (0x343025f3) csrrs   a1, mtval, zero
core   0: 3 0x000000008000609c (0x343025f3) x11 0x00000000340ebdf3
core   0: 0x00000000800060a0 (0x14302573) csrrs   a0, stval, zero
core   0: 3 0x00000000800060a0 (0x14302573) x10 0x0000000000000627
core   0: 0x00000000800060a4 (0xb02024f3) csrrs   s1, minstret, zero
core   0: 3 0x00000000800060a4 (0xb02024f3) x9  0x00000000000012e3
core   0: 0x00000000800060a8 (0x0000a811) c.j     pc + 20
core   0: 3 0x00000000800060a8 (0xa811)
core   0: >>>>  mepc_4
core   0: 0x00000000800060bc (0x00000791) c.addi  a5, 4
core   0: 3 0x00000000800060bc (0x0791) x15 0x000000008000603a
core   0: 0x00000000800060be (0x34179073) csrrw   zero, mepc, a5
core   0: 3 0x00000000800060be (0x34179073) c833_mepc 0x000000008000603a
core   0: 0x00000000800060c2 (0x30200073) mret
core   0: 3 0x00000000800060c2 (0x30200073) c768_mstatus 0x8000000a00106080
core   0: 0x000000008000603a (0xc21e72d3) fcvt.wu.d t0, ft8
core   0: 1 0x000000008000603a (0xc21e72d3) c1_fflags 0x000000000000001f x5  0xffffffffffffffff
core   0: 0x000000008000603e (0xf20c8fd3) fmv.d.x ft11, s9
core   0: 1 0x000000008000603e (0xf20c8fd3) f31 0x0000000000000001
core   0: 0x0000000080006042 (0xc02ff8d3) fcvt.l.s a7, ft11
core   0: 1 0x0000000080006042 (0xc02ff8d3) c1_fflags 0x000000000000001f x17 0x7fffffffffffffff
core   0: 0x0000000080006046 (0x2bac8b13) addi    s6, s9, 698
core   0: 1 0x0000000080006046 (0x2bac8b13) x22 0x00000000000002bb
core   0: 0x000000008000604a (0x016195b3) sll     a1, gp, s6
core   0: 1 0x000000008000604a (0x016195b3) x11 0x0000000000000000
core   0: 0x000000008000604e (0x416959b3) sra     s3, s2, s6
core   0: 1 0x000000008000604e (0x416959b3) x19 0xffffffffffffffff
core   0: 0x0000000080006052 (0x023551bb) divuw   gp, a0, gp
core   0: 1 0x0000000080006052 (0x023551bb) x3  0xffffffffffffffff
core   0: 0x0000000080006056 (0x7ff1009b) addiw   ra, sp, 2047
core   0: 1 0x0000000080006056 (0x7ff1009b) x1  0x00000000000007fe
core   0: 0x000000008000605a (0x00a7573b) srlw    a4, a4, a0
core   0: 1 0x000000008000605a (0x00a7573b) x14 0x0000000000000000
core   0: 0x000000008000605e (0x02d6c6bb) divw    a3, a3, a3
core   0: 1 0x000000008000605e (0x02d6c6bb) x13 0xffffffffffffffff
core   0: 0x0000000080006062 (0x00dc89bb) addw    s3, s9, a3
core   0: 1 0x0000000080006062 (0x00dc89bb) x19 0x0000000000000000
core   0: 0x0000000080006066 (0x001020f3) csrrs   ra, fflags, zero
core   0: 1 0x0000000080006066 (0x001020f3) x1  0x000000000000001f
core   0: 0x000000008000606a (0x222999d3) fsgnjn.d fs3, fs3, ft2
core   0: 1 0x000000008000606a (0x222999d3) f19 0xffffffff7fc00000
core   0: 0x000000008000606e (0xeadefec3) fmadd.d ft9, ft9, fa3, ft9
core   0: 1 0x000000008000606e (0xeadefec3) f29 0x7ff8000000000000
core   0: 0x0000000080006072 (0x00f0db33) srl     s6, ra, a5
core   0: 1 0x0000000080006072 (0x00f0db33) x22 0x0000000000000000
core   0: 0x0000000080006076 (0x0019a233) slt     tp, s3, ra
core   0: 1 0x0000000080006076 (0x0019a233) x4  0x0000000000000001
core   0: 0x000000008000607a (0x033bd6b3) divu    a3, s7, s3
core   0: 1 0x000000008000607a (0x033bd6b3) x13 0xffffffffffffffff
core   0: 0x000000008000607e (0xbbba7b47) fmsub.d fs6, fs4, fs11, fs7
core   0: 1 0x000000008000607e (0xbbba7b47) f22 0x7ff8000000000000
core   0: >>>>  write_tohost
core   0: 0x0000000080006082 (0x962fa0ef) jal     pc - 0x5e9e
core   0: 1 0x0000000080006082 (0x962fa0ef) x1  0x0000000080006086
core   0: >>>>  _exit
core   0: 0x00000000800001e4 (0x00004505) c.li    a0, 1
core   0: 1 0x00000000800001e4 (0x4505) x10 0x0000000000000001
core   0: 0x00000000800001e6 (0x00001f17) auipc   t5, 0x1
core   0: 1 0x00000000800001e6 (0x00001f17) x30 0x00000000800011e6
core   0: 0x00000000800001ea (0xe0af2d23) sw      a0, -486(t5)
core   0: 1 0x00000000800001ea (0xe0af2d23) mem 0x0000000080001000 0x00000001
cp /home/server/RISCV/cva6/verif/sim/out/seed_350/spike_sim/new_seeds_350_.cv64a6_imafdc_sv39.log.iss /home/server/RISCV/cva6/verif/sim/out/seed_350/spike_sim/new_seeds_350_.cv64a6_imafdc_sv39.log
