Makefile:14: must set CVA6_REPO_DIR to point at the root of CVA6 sources and CVA6_TB_DIR to point here -- doing it for you...
LD_LIBRARY_PATH="$(realpath ../../tools/spike/lib):$LD_LIBRARY_PATH" \
	/home/server/RISCV/cva6/tools/spike/bin/spike --steps=2000000  --log-commits --isa=rv64gc_zba_zbb_zbs_zbc_zicsr_zifencei --priv=msu -l /home/server/RISCV/cva6/verif/sim/out/seed_436/directed_asm_tests/new_seeds_436_.o
[SPIKE] Max simulation steps: 2000000
[SPIKE] Proc 0 | ISA: rv64gc_zba_zbb_zbs_zbc_zicsr_zifencei PRIV: msu
[SPIKE] Initializing memories...
core   0: 0x0000000000010000 (0x00100413) li      s0, 1
core   0: 3 0x0000000000010000 (0x00100413) x8  0x0000000000000001
core   0: 0x0000000000010004 (0x01f41413) slli    s0, s0, 31
core   0: 3 0x0000000000010004 (0x01f41413) x8  0x0000000080000000
core   0: 0x0000000000010008 (0xf1402573) csrrs   a0, mhartid, zero
core   0: 3 0x0000000000010008 (0xf1402573) x10 0x0000000000000000
core   0: 0x000000000001000c (0x00000597) auipc   a1, 0x0
core   0: 3 0x000000000001000c (0x00000597) x11 0x000000000001000c
core   0: 0x0000000000010010 (0x07458593) addi    a1, a1, 116
core   0: 3 0x0000000000010010 (0x07458593) x11 0x0000000000010080
core   0: 0x0000000000010014 (0x00040067) jr      s0
core   0: 3 0x0000000000010014 (0x00040067)
core   0: >>>>  _start
core   0: 0x0000000080000000 (0x00004081) c.li    ra, 0
core   0: 3 0x0000000080000000 (0x4081) x1  0x0000000000000000
core   0: 0x0000000080000002 (0x00004101) c.li    sp, 0
core   0: 3 0x0000000080000002 (0x4101) x2  0x0000000000000000
core   0: 0x0000000080000004 (0x00004181) c.li    gp, 0
core   0: 3 0x0000000080000004 (0x4181) x3  0x0000000000000000
core   0: 0x0000000080000006 (0x00004201) c.li    tp, 0
core   0: 3 0x0000000080000006 (0x4201) x4  0x0000000000000000
core   0: 0x0000000080000008 (0x00004281) c.li    t0, 0
core   0: 3 0x0000000080000008 (0x4281) x5  0x0000000000000000
core   0: 0x000000008000000a (0x00004301) c.li    t1, 0
core   0: 3 0x000000008000000a (0x4301) x6  0x0000000000000000
core   0: 0x000000008000000c (0x00004381) c.li    t2, 0
core   0: 3 0x000000008000000c (0x4381) x7  0x0000000000000000
core   0: 0x000000008000000e (0x00004401) c.li    s0, 0
core   0: 3 0x000000008000000e (0x4401) x8  0x0000000000000000
core   0: 0x0000000080000010 (0x00004481) c.li    s1, 0
core   0: 3 0x0000000080000010 (0x4481) x9  0x0000000000000000
core   0: 0x0000000080000012 (0x00004501) c.li    a0, 0
core   0: 3 0x0000000080000012 (0x4501) x10 0x0000000000000000
core   0: 0x0000000080000014 (0x00004581) c.li    a1, 0
core   0: 3 0x0000000080000014 (0x4581) x11 0x0000000000000000
core   0: 0x0000000080000016 (0x00004601) c.li    a2, 0
core   0: 3 0x0000000080000016 (0x4601) x12 0x0000000000000000
core   0: 0x0000000080000018 (0x00004681) c.li    a3, 0
core   0: 3 0x0000000080000018 (0x4681) x13 0x0000000000000000
core   0: 0x000000008000001a (0x00004701) c.li    a4, 0
core   0: 3 0x000000008000001a (0x4701) x14 0x0000000000000000
core   0: 0x000000008000001c (0x00004781) c.li    a5, 0
core   0: 3 0x000000008000001c (0x4781) x15 0x0000000000000000
core   0: 0x000000008000001e (0x00004801) c.li    a6, 0
core   0: 3 0x000000008000001e (0x4801) x16 0x0000000000000000
core   0: 0x0000000080000020 (0x00004881) c.li    a7, 0
core   0: 3 0x0000000080000020 (0x4881) x17 0x0000000000000000
core   0: 0x0000000080000022 (0x00004901) c.li    s2, 0
core   0: 3 0x0000000080000022 (0x4901) x18 0x0000000000000000
core   0: 0x0000000080000024 (0x00004981) c.li    s3, 0
core   0: 3 0x0000000080000024 (0x4981) x19 0x0000000000000000
core   0: 0x0000000080000026 (0x00004a01) c.li    s4, 0
core   0: 3 0x0000000080000026 (0x4a01) x20 0x0000000000000000
core   0: 0x0000000080000028 (0x00004a81) c.li    s5, 0
core   0: 3 0x0000000080000028 (0x4a81) x21 0x0000000000000000
core   0: 0x000000008000002a (0x00004b01) c.li    s6, 0
core   0: 3 0x000000008000002a (0x4b01) x22 0x0000000000000000
core   0: 0x000000008000002c (0x00004b81) c.li    s7, 0
core   0: 3 0x000000008000002c (0x4b81) x23 0x0000000000000000
core   0: 0x000000008000002e (0x00004c01) c.li    s8, 0
core   0: 3 0x000000008000002e (0x4c01) x24 0x0000000000000000
core   0: 0x0000000080000030 (0x00004c81) c.li    s9, 0
core   0: 3 0x0000000080000030 (0x4c81) x25 0x0000000000000000
core   0: 0x0000000080000032 (0x00004d01) c.li    s10, 0
core   0: 3 0x0000000080000032 (0x4d01) x26 0x0000000000000000
core   0: 0x0000000080000034 (0x00004d81) c.li    s11, 0
core   0: 3 0x0000000080000034 (0x4d81) x27 0x0000000000000000
core   0: 0x0000000080000036 (0x00004e01) c.li    t3, 0
core   0: 3 0x0000000080000036 (0x4e01) x28 0x0000000000000000
core   0: 0x0000000080000038 (0x00004e81) c.li    t4, 0
core   0: 3 0x0000000080000038 (0x4e81) x29 0x0000000000000000
core   0: 0x000000008000003a (0x00004f01) c.li    t5, 0
core   0: 3 0x000000008000003a (0x4f01) x30 0x0000000000000000
core   0: 0x000000008000003c (0x00004f81) c.li    t6, 0
core   0: 3 0x000000008000003c (0x4f81) x31 0x0000000000000000
core   0: 0x000000008000003e (0x000062f9) c.lui   t0, 0x1e
core   0: 3 0x000000008000003e (0x62f9) x5  0x000000000001e000
core   0: 0x0000000080000040 (0x3002a073) csrrs   zero, mstatus, t0
core   0: 3 0x0000000080000040 (0x3002a073) c768_mstatus 0x8000000a00006000
core   0: 0x0000000080000044 (0x00004285) c.li    t0, 1
core   0: 3 0x0000000080000044 (0x4285) x5  0x0000000000000001
core   0: 0x0000000080000046 (0x000002fe) c.slli  t0, 31
core   0: 3 0x0000000080000046 (0x02fe) x5  0x0000000080000000
core   0: 0x0000000080000048 (0x0002d863) bge     t0, zero, pc + 16
core   0: 3 0x0000000080000048 (0x0002d863)
core   0: 0x0000000080000058 (0x00000297) auipc   t0, 0x0
core   0: 3 0x0000000080000058 (0x00000297) x5  0x0000000080000058
core   0: 0x000000008000005c (0x09028293) addi    t0, t0, 144
core   0: 3 0x000000008000005c (0x09028293) x5  0x00000000800000e8
core   0: 0x0000000080000060 (0x30529073) csrrw   zero, mtvec, t0
core   0: 3 0x0000000080000060 (0x30529073) c773_mtvec 0x00000000800000e8
core   0: 0x0000000080000064 (0x00301073) csrrw   zero, fcsr, zero
core   0: 3 0x0000000080000064 (0x00301073) c1_fflags 0x0000000000000000 c2_frm 0x0000000000000000
core   0: 0x0000000080000068 (0xf0000053) fmv.w.x ft0, zero
core   0: 3 0x0000000080000068 (0xf0000053) f0  0xffffffff00000000
core   0: 0x000000008000006c (0xf00000d3) fmv.w.x ft1, zero
core   0: 3 0x000000008000006c (0xf00000d3) f1  0xffffffff00000000
core   0: 0x0000000080000070 (0xf0000153) fmv.w.x ft2, zero
core   0: 3 0x0000000080000070 (0xf0000153) f2  0xffffffff00000000
core   0: 0x0000000080000074 (0xf00001d3) fmv.w.x ft3, zero
core   0: 3 0x0000000080000074 (0xf00001d3) f3  0xffffffff00000000
core   0: 0x0000000080000078 (0xf0000253) fmv.w.x ft4, zero
core   0: 3 0x0000000080000078 (0xf0000253) f4  0xffffffff00000000
core   0: 0x000000008000007c (0xf00002d3) fmv.w.x ft5, zero
core   0: 3 0x000000008000007c (0xf00002d3) f5  0xffffffff00000000
core   0: 0x0000000080000080 (0xf0000353) fmv.w.x ft6, zero
core   0: 3 0x0000000080000080 (0xf0000353) f6  0xffffffff00000000
core   0: 0x0000000080000084 (0xf00003d3) fmv.w.x ft7, zero
core   0: 3 0x0000000080000084 (0xf00003d3) f7  0xffffffff00000000
core   0: 0x0000000080000088 (0xf0000453) fmv.w.x fs0, zero
core   0: 3 0x0000000080000088 (0xf0000453) f8  0xffffffff00000000
core   0: 0x000000008000008c (0xf00004d3) fmv.w.x fs1, zero
core   0: 3 0x000000008000008c (0xf00004d3) f9  0xffffffff00000000
core   0: 0x0000000080000090 (0xf0000553) fmv.w.x fa0, zero
core   0: 3 0x0000000080000090 (0xf0000553) f10 0xffffffff00000000
core   0: 0x0000000080000094 (0xf00005d3) fmv.w.x fa1, zero
core   0: 3 0x0000000080000094 (0xf00005d3) f11 0xffffffff00000000
core   0: 0x0000000080000098 (0xf0000653) fmv.w.x fa2, zero
core   0: 3 0x0000000080000098 (0xf0000653) f12 0xffffffff00000000
core   0: 0x000000008000009c (0xf00006d3) fmv.w.x fa3, zero
core   0: 3 0x000000008000009c (0xf00006d3) f13 0xffffffff00000000
core   0: 0x00000000800000a0 (0xf0000753) fmv.w.x fa4, zero
core   0: 3 0x00000000800000a0 (0xf0000753) f14 0xffffffff00000000
core   0: 0x00000000800000a4 (0xf00007d3) fmv.w.x fa5, zero
core   0: 3 0x00000000800000a4 (0xf00007d3) f15 0xffffffff00000000
core   0: 0x00000000800000a8 (0xf0000853) fmv.w.x fa6, zero
core   0: 3 0x00000000800000a8 (0xf0000853) f16 0xffffffff00000000
core   0: 0x00000000800000ac (0xf00008d3) fmv.w.x fa7, zero
core   0: 3 0x00000000800000ac (0xf00008d3) f17 0xffffffff00000000
core   0: 0x00000000800000b0 (0xf0000953) fmv.w.x fs2, zero
core   0: 3 0x00000000800000b0 (0xf0000953) f18 0xffffffff00000000
core   0: 0x00000000800000b4 (0xf00009d3) fmv.w.x fs3, zero
core   0: 3 0x00000000800000b4 (0xf00009d3) f19 0xffffffff00000000
core   0: 0x00000000800000b8 (0xf0000a53) fmv.w.x fs4, zero
core   0: 3 0x00000000800000b8 (0xf0000a53) f20 0xffffffff00000000
core   0: 0x00000000800000bc (0xf0000ad3) fmv.w.x fs5, zero
core   0: 3 0x00000000800000bc (0xf0000ad3) f21 0xffffffff00000000
core   0: 0x00000000800000c0 (0xf0000b53) fmv.w.x fs6, zero
core   0: 3 0x00000000800000c0 (0xf0000b53) f22 0xffffffff00000000
core   0: 0x00000000800000c4 (0xf0000bd3) fmv.w.x fs7, zero
core   0: 3 0x00000000800000c4 (0xf0000bd3) f23 0xffffffff00000000
core   0: 0x00000000800000c8 (0xf0000c53) fmv.w.x fs8, zero
core   0: 3 0x00000000800000c8 (0xf0000c53) f24 0xffffffff00000000
core   0: 0x00000000800000cc (0xf0000cd3) fmv.w.x fs9, zero
core   0: 3 0x00000000800000cc (0xf0000cd3) f25 0xffffffff00000000
core   0: 0x00000000800000d0 (0xf0000d53) fmv.w.x fs10, zero
core   0: 3 0x00000000800000d0 (0xf0000d53) f26 0xffffffff00000000
core   0: 0x00000000800000d4 (0xf0000dd3) fmv.w.x fs11, zero
core   0: 3 0x00000000800000d4 (0xf0000dd3) f27 0xffffffff00000000
core   0: 0x00000000800000d8 (0xf0000e53) fmv.w.x ft8, zero
core   0: 3 0x00000000800000d8 (0xf0000e53) f28 0xffffffff00000000
core   0: 0x00000000800000dc (0xf0000ed3) fmv.w.x ft9, zero
core   0: 3 0x00000000800000dc (0xf0000ed3) f29 0xffffffff00000000
core   0: 0x00000000800000e0 (0xf0000f53) fmv.w.x ft10, zero
core   0: 3 0x00000000800000e0 (0xf0000f53) f30 0xffffffff00000000
core   0: 0x00000000800000e4 (0xf0000fd3) fmv.w.x ft11, zero
core   0: 3 0x00000000800000e4 (0xf0000fd3) f31 0xffffffff00000000
core   0: 0x00000000800000e8 (0x00000297) auipc   t0, 0x0
core   0: 3 0x00000000800000e8 (0x00000297) x5  0x00000000800000e8
core   0: 0x00000000800000ec (0x03c28293) addi    t0, t0, 60
core   0: 3 0x00000000800000ec (0x03c28293) x5  0x0000000080000124
core   0: 0x00000000800000f0 (0x30529073) csrrw   zero, mtvec, t0
core   0: 3 0x00000000800000f0 (0x30529073) c773_mtvec 0x0000000080000124
core   0: 0x00000000800000f4 (0x00012197) auipc   gp, 0x12
core   0: 3 0x00000000800000f4 (0x00012197) x3  0x00000000800120f4
core   0: 0x00000000800000f8 (0x73418193) addi    gp, gp, 1844
core   0: 3 0x00000000800000f8 (0x73418193) x3  0x0000000080012828
core   0: 0x00000000800000fc (0x00012217) auipc   tp, 0x12
core   0: 3 0x00000000800000fc (0x00012217) x4  0x00000000800120fc
core   0: 0x0000000080000100 (0xf8320213) addi    tp, tp, -125
core   0: 3 0x0000000080000100 (0xf8320213) x4  0x000000008001207f
core   0: 0x0000000080000104 (0xfc027213) andi    tp, tp, -64
core   0: 3 0x0000000080000104 (0xfc027213) x4  0x0000000080012040
core   0: 0x0000000080000108 (0xf1402573) csrrs   a0, mhartid, zero
core   0: 3 0x0000000080000108 (0xf1402573) x10 0x0000000000000000
core   0: 0x000000008000010c (0x00004585) c.li    a1, 1
core   0: 3 0x000000008000010c (0x4585) x11 0x0000000000000001
core   0: 0x000000008000010e (0x00b57063) bgeu    a0, a1, pc + 0
core   0: 3 0x000000008000010e (0x00b57063)
core   0: 0x0000000080000112 (0x00150113) addi    sp, a0, 1
core   0: 3 0x0000000080000112 (0x00150113) x2  0x0000000000000001
core   0: 0x0000000080000116 (0x00000146) c.slli  sp, 17
core   0: 3 0x0000000080000116 (0x0146) x2  0x0000000000020000
core   0: 0x0000000080000118 (0x00009112) c.add   sp, tp
core   0: 3 0x0000000080000118 (0x9112) x2  0x0000000080032040
core   0: 0x000000008000011a (0x01151613) slli    a2, a0, 17
core   0: 3 0x000000008000011a (0x01151613) x12 0x0000000000000000
core   0: 0x000000008000011e (0x00009232) c.add   tp, a2
core   0: 3 0x000000008000011e (0x9232) x4  0x0000000080012040
core   0: 0x0000000080000120 (0x34c0f06f) j       pc + 0xf34c
core   0: 3 0x0000000080000120 (0x34c0f06f)
core   0: >>>>  _init
core   0: 0x000000008000f46c (0x00007171) c.addi16sp sp, -176
core   0: 3 0x000000008000f46c (0x7171) x2  0x0000000080031f90
core   0: 0x000000008000f46e (0x0000f506) c.sdsp  ra, 168(sp)
core   0: 3 0x000000008000f46e (0xf506) mem 0x0000000080032038 0x0000000000000000
core   0: 0x000000008000f470 (0x0000f122) c.sdsp  s0, 160(sp)
core   0: 3 0x000000008000f470 (0xf122) mem 0x0000000080032030 0x0000000000000000
core   0: 0x000000008000f472 (0x0000ed26) c.sdsp  s1, 152(sp)
core   0: 3 0x000000008000f472 (0xed26) mem 0x0000000080032028 0x0000000000000000
core   0: 0x000000008000f474 (0x00001900) c.addi4spn s0, sp, 176
core   0: 3 0x000000008000f474 (0x1900) x8  0x0000000080032040
core   0: 0x000000008000f476 (0x000087aa) c.mv    a5, a0
core   0: 3 0x000000008000f476 (0x87aa) x15 0x0000000000000000
core   0: 0x000000008000f478 (0x0000872e) c.mv    a4, a1
core   0: 3 0x000000008000f478 (0x872e) x14 0x0000000000000001
core   0: 0x000000008000f47a (0xf4f42e23) sw      a5, -164(s0)
core   0: 3 0x000000008000f47a (0xf4f42e23) mem 0x0000000080031f9c 0x00000000
core   0: 0x000000008000f47e (0x000087ba) c.mv    a5, a4
core   0: 3 0x000000008000f47e (0x87ba) x15 0x0000000000000001
core   0: 0x000000008000f480 (0xf4f42c23) sw      a5, -168(s0)
core   0: 3 0x000000008000f480 (0xf4f42c23) mem 0x0000000080031f98 0x00000001
core   0: 0x000000008000f484 (0xfe040793) addi    a5, s0, -32
core   0: 3 0x000000008000f484 (0xfe040793) x15 0x0000000080032020
core   0: 0x000000008000f488 (0xf4f43823) sd      a5, -176(s0)
core   0: 3 0x000000008000f488 (0xf4f43823) mem 0x0000000080031f90 0x0000000080032020
core   0: 0x000000008000f48c (0xf5043783) ld      a5, -176(s0)
core   0: 3 0x000000008000f48c (0xf5043783) x15 0x0000000080032020 mem 0x0000000080031f90
core   0: 0x000000008000f490 (0xf8078793) addi    a5, a5, -128
core   0: 3 0x000000008000f490 (0xf8078793) x15 0x0000000080031fa0
core   0: 0x000000008000f494 (0x03f78793) addi    a5, a5, 63
core   0: 3 0x000000008000f494 (0x03f78793) x15 0x0000000080031fdf
core   0: 0x000000008000f498 (0x00008399) c.srli  a5, 6
core   0: 3 0x000000008000f498 (0x8399) x15 0x0000000002000c7f
core   0: 0x000000008000f49a (0x00679493) slli    s1, a5, 6
core   0: 3 0x000000008000f49a (0x00679493) x9  0x0000000080031fc0
core   0: 0x000000008000f49e (0xf65ff0ef) jal     pc - 0x9c
core   0: 3 0x000000008000f49e (0xf65ff0ef) x1  0x000000008000f4a2
core   0: >>>>  init_tls
core   0: 0x000000008000f402 (0x00001101) c.addi  sp, -32
core   0: 3 0x000000008000f402 (0x1101) x2  0x0000000080031f70
core   0: 0x000000008000f404 (0x0000ec06) c.sdsp  ra, 24(sp)
core   0: 3 0x000000008000f404 (0xec06) mem 0x0000000080031f88 0x000000008000f4a2
core   0: 0x000000008000f406 (0x0000e822) c.sdsp  s0, 16(sp)
core   0: 3 0x000000008000f406 (0xe822) mem 0x0000000080031f80 0x0000000080032040
core   0: 0x000000008000f408 (0x00001000) c.addi4spn s0, sp, 32
core   0: 3 0x000000008000f408 (0x1000) x8  0x0000000080031f90
core   0: 0x000000008000f40a (0x00003717) auipc   a4, 0x3
core   0: 3 0x000000008000f40a (0x00003717) x14 0x000000008001240a
core   0: 0x000000008000f40e (0xc1e70713) addi    a4, a4, -994
core   0: 3 0x000000008000f40e (0xc1e70713) x14 0x0000000080012028
core   0: 0x000000008000f412 (0x00003797) auipc   a5, 0x3
core   0: 3 0x000000008000f412 (0x00003797) x15 0x0000000080012412
core   0: 0x000000008000f416 (0xc1678793) addi    a5, a5, -1002
core   0: 3 0x000000008000f416 (0xc1678793) x15 0x0000000080012028
core   0: 0x000000008000f41a (0x40f707b3) sub     a5, a4, a5
core   0: 3 0x000000008000f41a (0x40f707b3) x15 0x0000000000000000
core   0: 0x000000008000f41e (0xfef43423) sd      a5, -24(s0)
core   0: 3 0x000000008000f41e (0xfef43423) mem 0x0000000080031f78 0x0000000000000000
core   0: 0x000000008000f422 (0x00008792) c.mv    a5, tp
core   0: 3 0x000000008000f422 (0x8792) x15 0x0000000080012040
core   0: 0x000000008000f424 (0xfe843603) ld      a2, -24(s0)
core   0: 3 0x000000008000f424 (0xfe843603) x12 0x0000000000000000 mem 0x0000000080031f78
core   0: 0x000000008000f428 (0x00003597) auipc   a1, 0x3
core   0: 3 0x000000008000f428 (0x00003597) x11 0x0000000080012428
core   0: 0x000000008000f42c (0xc0058593) addi    a1, a1, -1024
core   0: 3 0x000000008000f42c (0xc0058593) x11 0x0000000080012028
core   0: 0x000000008000f430 (0x0000853e) c.mv    a0, a5
core   0: 3 0x000000008000f430 (0x853e) x10 0x0000000080012040
core   0: 0x000000008000f432 (0x0f9000ef) jal     pc + 0x8f8
core   0: 3 0x000000008000f432 (0x0f9000ef) x1  0x000000008000f436
core   0: >>>>  memcpy
core   0: 0x000000008000fd2a (0x0000715d) c.addi16sp sp, -80
core   0: 3 0x000000008000fd2a (0x715d) x2  0x0000000080031f20
core   0: 0x000000008000fd2c (0x0000e4a2) c.sdsp  s0, 72(sp)
core   0: 3 0x000000008000fd2c (0xe4a2) mem 0x0000000080031f68 0x0000000080031f90
core   0: 0x000000008000fd2e (0x00000880) c.addi4spn s0, sp, 80
core   0: 3 0x000000008000fd2e (0x0880) x8  0x0000000080031f70
core   0: 0x000000008000fd30 (0xfca43423) sd      a0, -56(s0)
core   0: 3 0x000000008000fd30 (0xfca43423) mem 0x0000000080031f38 0x0000000080012040
core   0: 0x000000008000fd34 (0xfcb43023) sd      a1, -64(s0)
core   0: 3 0x000000008000fd34 (0xfcb43023) mem 0x0000000080031f30 0x0000000080012028
core   0: 0x000000008000fd38 (0xfac43c23) sd      a2, -72(s0)
core   0: 3 0x000000008000fd38 (0xfac43c23) mem 0x0000000080031f28 0x0000000000000000
core   0: 0x000000008000fd3c (0xfc843703) ld      a4, -56(s0)
core   0: 3 0x000000008000fd3c (0xfc843703) x14 0x0000000080012040 mem 0x0000000080031f38
core   0: 0x000000008000fd40 (0xfc043783) ld      a5, -64(s0)
core   0: 3 0x000000008000fd40 (0xfc043783) x15 0x0000000080012028 mem 0x0000000080031f30
core   0: 0x000000008000fd44 (0x00008f5d) c.or    a4, a5
core   0: 3 0x000000008000fd44 (0x8f5d) x14 0x0000000080012068
core   0: 0x000000008000fd46 (0xfb843783) ld      a5, -72(s0)
core   0: 3 0x000000008000fd46 (0xfb843783) x15 0x0000000000000000 mem 0x0000000080031f28
core   0: 0x000000008000fd4a (0x00008fd9) c.or    a5, a4
core   0: 3 0x000000008000fd4a (0x8fd9) x15 0x0000000080012068
core   0: 0x000000008000fd4c (0x00008b9d) c.andi  a5, 7
core   0: 3 0x000000008000fd4c (0x8b9d) x15 0x0000000000000000
core   0: 0x000000008000fd4e (0x0000e3b1) c.bnez  a5, pc + 68
core   0: 3 0x000000008000fd4e (0xe3b1)
core   0: 0x000000008000fd50 (0xfc043783) ld      a5, -64(s0)
core   0: 3 0x000000008000fd50 (0xfc043783) x15 0x0000000080012028 mem 0x0000000080031f30
core   0: 0x000000008000fd54 (0xfef43423) sd      a5, -24(s0)
core   0: 3 0x000000008000fd54 (0xfef43423) mem 0x0000000080031f58 0x0000000080012028
core   0: 0x000000008000fd58 (0xfc843783) ld      a5, -56(s0)
core   0: 3 0x000000008000fd58 (0xfc843783) x15 0x0000000080012040 mem 0x0000000080031f38
core   0: 0x000000008000fd5c (0xfef43023) sd      a5, -32(s0)
core   0: 3 0x000000008000fd5c (0xfef43023) mem 0x0000000080031f50 0x0000000080012040
core   0: 0x000000008000fd60 (0x0000a839) c.j     pc + 30
core   0: 3 0x000000008000fd60 (0xa839)
core   0: 0x000000008000fd7e (0xfc843703) ld      a4, -56(s0)
core   0: 3 0x000000008000fd7e (0xfc843703) x14 0x0000000080012040 mem 0x0000000080031f38
core   0: 0x000000008000fd82 (0xfb843783) ld      a5, -72(s0)
core   0: 3 0x000000008000fd82 (0xfb843783) x15 0x0000000000000000 mem 0x0000000080031f28
core   0: 0x000000008000fd86 (0x000097ba) c.add   a5, a4
core   0: 3 0x000000008000fd86 (0x97ba) x15 0x0000000080012040
core   0: 0x000000008000fd88 (0xfe043703) ld      a4, -32(s0)
core   0: 3 0x000000008000fd88 (0xfe043703) x14 0x0000000080012040 mem 0x0000000080031f50
core   0: 0x000000008000fd8c (0xfcf76be3) bltu    a4, a5, pc - 42
core   0: 3 0x000000008000fd8c (0xfcf76be3)
core   0: 0x000000008000fd90 (0x0000a099) c.j     pc + 70
core   0: 3 0x000000008000fd90 (0xa099)
core   0: 0x000000008000fdd6 (0xfc843783) ld      a5, -56(s0)
core   0: 3 0x000000008000fdd6 (0xfc843783) x15 0x0000000080012040 mem 0x0000000080031f38
core   0: 0x000000008000fdda (0x0000853e) c.mv    a0, a5
core   0: 3 0x000000008000fdda (0x853e) x10 0x0000000080012040
core   0: 0x000000008000fddc (0x00006426) c.ldsp  s0, 72(sp)
core   0: 3 0x000000008000fddc (0x6426) x8  0x0000000080031f90 mem 0x0000000080031f68
core   0: 0x000000008000fdde (0x00006161) c.addi16sp sp, 80
core   0: 3 0x000000008000fdde (0x6161) x2  0x0000000080031f70
core   0: 0x000000008000fde0 (0x00008082) ret
core   0: 3 0x000000008000fde0 (0x8082)
core   0: 0x000000008000f436 (0x00003717) auipc   a4, 0x3
core   0: 3 0x000000008000f436 (0x00003717) x14 0x0000000080012436
core   0: 0x000000008000f43a (0xc8e70713) addi    a4, a4, -882
core   0: 3 0x000000008000f43a (0xc8e70713) x14 0x00000000800120c4
core   0: 0x000000008000f43e (0x00003797) auipc   a5, 0x3
core   0: 3 0x000000008000f43e (0x00003797) x15 0x000000008001243e
core   0: 0x000000008000f442 (0xbea78793) addi    a5, a5, -1046
core   0: 3 0x000000008000f442 (0xbea78793) x15 0x0000000080012028
core   0: 0x000000008000f446 (0x40f707b3) sub     a5, a4, a5
core   0: 3 0x000000008000f446 (0x40f707b3) x15 0x000000000000009c
core   0: 0x000000008000f44a (0xfef43023) sd      a5, -32(s0)
core   0: 3 0x000000008000f44a (0xfef43023) mem 0x0000000080031f70 0x000000000000009c
core   0: 0x000000008000f44e (0x00008712) c.mv    a4, tp
core   0: 3 0x000000008000f44e (0x8712) x14 0x0000000080012040
core   0: 0x000000008000f450 (0xfe843783) ld      a5, -24(s0)
core   0: 3 0x000000008000f450 (0xfe843783) x15 0x0000000000000000 mem 0x0000000080031f78
core   0: 0x000000008000f454 (0x000097ba) c.add   a5, a4
core   0: 3 0x000000008000f454 (0x97ba) x15 0x0000000080012040
core   0: 0x000000008000f456 (0xfe043603) ld      a2, -32(s0)
core   0: 3 0x000000008000f456 (0xfe043603) x12 0x000000000000009c mem 0x0000000080031f70
core   0: 0x000000008000f45a (0x00004581) c.li    a1, 0
core   0: 3 0x000000008000f45a (0x4581) x11 0x0000000000000000
core   0: 0x000000008000f45c (0x0000853e) c.mv    a0, a5
core   0: 3 0x000000008000f45c (0x853e) x10 0x0000000080012040
core   0: 0x000000008000f45e (0x185000ef) jal     pc + 0x984
core   0: 3 0x000000008000f45e (0x185000ef) x1  0x000000008000f462
core   0: >>>>  memset
core   0: 0x000000008000fde2 (0x0000715d) c.addi16sp sp, -80
core   0: 3 0x000000008000fde2 (0x715d) x2  0x0000000080031f20
core   0: 0x000000008000fde4 (0x0000e4a2) c.sdsp  s0, 72(sp)
core   0: 3 0x000000008000fde4 (0xe4a2) mem 0x0000000080031f68 0x0000000080031f90
core   0: 0x000000008000fde6 (0x00000880) c.addi4spn s0, sp, 80
core   0: 3 0x000000008000fde6 (0x0880) x8  0x0000000080031f70
core   0: 0x000000008000fde8 (0xfca43423) sd      a0, -56(s0)
core   0: 3 0x000000008000fde8 (0xfca43423) mem 0x0000000080031f38 0x0000000080012040
core   0: 0x000000008000fdec (0x000087ae) c.mv    a5, a1
core   0: 3 0x000000008000fdec (0x87ae) x15 0x0000000000000000
core   0: 0x000000008000fdee (0xfac43c23) sd      a2, -72(s0)
core   0: 3 0x000000008000fdee (0xfac43c23) mem 0x0000000080031f28 0x000000000000009c
core   0: 0x000000008000fdf2 (0xfcf42223) sw      a5, -60(s0)
core   0: 3 0x000000008000fdf2 (0xfcf42223) mem 0x0000000080031f34 0x00000000
core   0: 0x000000008000fdf6 (0xfc843703) ld      a4, -56(s0)
core   0: 3 0x000000008000fdf6 (0xfc843703) x14 0x0000000080012040 mem 0x0000000080031f38
core   0: 0x000000008000fdfa (0xfb843783) ld      a5, -72(s0)
core   0: 3 0x000000008000fdfa (0xfb843783) x15 0x000000000000009c mem 0x0000000080031f28
core   0: 0x000000008000fdfe (0x00008fd9) c.or    a5, a4
core   0: 3 0x000000008000fdfe (0x8fd9) x15 0x00000000800120dc
core   0: 0x000000008000fe00 (0x00008b9d) c.andi  a5, 7
core   0: 3 0x000000008000fe00 (0x8b9d) x15 0x0000000000000004
core   0: 0x000000008000fe02 (0x0000e7bd) c.bnez  a5, pc + 110
core   0: 3 0x000000008000fe02 (0xe7bd)
core   0: 0x000000008000fe70 (0xfc843783) ld      a5, -56(s0)
core   0: 3 0x000000008000fe70 (0xfc843783) x15 0x0000000080012040 mem 0x0000000080031f38
core   0: 0x000000008000fe74 (0xfef43023) sd      a5, -32(s0)
core   0: 3 0x000000008000fe74 (0xfef43023) mem 0x0000000080031f50 0x0000000080012040
core   0: 0x000000008000fe78 (0x0000a829) c.j     pc + 26
core   0: 3 0x000000008000fe78 (0xa829)
core   0: 0x000000008000fe92 (0xfc843703) ld      a4, -56(s0)
core   0: 3 0x000000008000fe92 (0xfc843703) x14 0x0000000080012040 mem 0x0000000080031f38
core   0: 0x000000008000fe96 (0xfb843783) ld      a5, -72(s0)
core   0: 3 0x000000008000fe96 (0xfb843783) x15 0x000000000000009c mem 0x0000000080031f28
core   0: 0x000000008000fe9a (0x000097ba) c.add   a5, a4
core   0: 3 0x000000008000fe9a (0x97ba) x15 0x00000000800120dc
core   0: 0x000000008000fe9c (0xfe043703) ld      a4, -32(s0)
core   0: 3 0x000000008000fe9c (0xfe043703) x14 0x0000000080012040 mem 0x0000000080031f50
core   0: 0x000000008000fea0 (0xfcf76de3) bltu    a4, a5, pc - 38
core   0: 3 0x000000008000fea0 (0xfcf76de3)
core   0: 0x000000008000fe7a (0xfe043783) ld      a5, -32(s0)
core   0: 3 0x000000008000fe7a (0xfe043783) x15 0x0000000080012040 mem 0x0000000080031f50
core   0: 0x000000008000fe7e (0x00178713) addi    a4, a5, 1
core   0: 3 0x000000008000fe7e (0x00178713) x14 0x0000000080012041
core   0: 0x000000008000fe82 (0xfee43023) sd      a4, -32(s0)
core   0: 3 0x000000008000fe82 (0xfee43023) mem 0x0000000080031f50 0x0000000080012041
core   0: 0x000000008000fe86 (0xfc442703) lw      a4, -60(s0)
core   0: 3 0x000000008000fe86 (0xfc442703) x14 0x0000000000000000 mem 0x0000000080031f34
core   0: 0x000000008000fe8a (0x0ff77713) andi    a4, a4, 255
core   0: 3 0x000000008000fe8a (0x0ff77713) x14 0x0000000000000000
core   0: 0x000000008000fe8e (0x00e78023) sb      a4, 0(a5)
core   0: 3 0x000000008000fe8e (0x00e78023) mem 0x0000000080012040 0x00
core   0: 0x000000008000fe92 (0xfc843703) ld      a4, -56(s0)
core   0: 3 0x000000008000fe92 (0xfc843703) x14 0x0000000080012040 mem 0x0000000080031f38
core   0: 0x000000008000fe96 (0xfb843783) ld      a5, -72(s0)
core   0: 3 0x000000008000fe96 (0xfb843783) x15 0x000000000000009c mem 0x0000000080031f28
core   0: 0x000000008000fe9a (0x000097ba) c.add   a5, a4
core   0: 3 0x000000008000fe9a (0x97ba) x15 0x00000000800120dc
core   0: 0x000000008000fe9c (0xfe043703) ld      a4, -32(s0)
core   0: 3 0x000000008000fe9c (0xfe043703) x14 0x0000000080012041 mem 0x0000000080031f50
core   0: 0x000000008000fea0 (0xfcf76de3) bltu    a4, a5, pc - 38
core   0: 3 0x000000008000fea0 (0xfcf76de3)
core   0: 0x000000008000fe7a (0xfe043783) ld      a5, -32(s0)
core   0: 3 0x000000008000fe7a (0xfe043783) x15 0x0000000080012041 mem 0x0000000080031f50
core   0: 0x000000008000fe7e (0x00178713) addi    a4, a5, 1
core   0: 3 0x000000008000fe7e (0x00178713) x14 0x0000000080012042
core   0: 0x000000008000fe82 (0xfee43023) sd      a4, -32(s0)
core   0: 3 0x000000008000fe82 (0xfee43023) mem 0x0000000080031f50 0x0000000080012042
core   0: 0x000000008000fe86 (0xfc442703) lw      a4, -60(s0)
core   0: 3 0x000000008000fe86 (0xfc442703) x14 0x0000000000000000 mem 0x0000000080031f34
core   0: 0x000000008000fe8a (0x0ff77713) andi    a4, a4, 255
core   0: 3 0x000000008000fe8a (0x0ff77713) x14 0x0000000000000000
core   0: 0x000000008000fe8e (0x00e78023) sb      a4, 0(a5)
core   0: 3 0x000000008000fe8e (0x00e78023) mem 0x0000000080012041 0x00
core   0: 0x000000008000fe92 (0xfc843703) ld      a4, -56(s0)
core   0: 3 0x000000008000fe92 (0xfc843703) x14 0x0000000080012040 mem 0x0000000080031f38
core   0: 0x000000008000fe96 (0xfb843783) ld      a5, -72(s0)
core   0: 3 0x000000008000fe96 (0xfb843783) x15 0x000000000000009c mem 0x0000000080031f28
core   0: 0x000000008000fe9a (0x000097ba) c.add   a5, a4
core   0: 3 0x000000008000fe9a (0x97ba) x15 0x00000000800120dc
core   0: 0x000000008000fe9c (0xfe043703) ld      a4, -32(s0)
core   0: 3 0x000000008000fe9c (0xfe043703) x14 0x0000000080012042 mem 0x0000000080031f50
core   0: 0x000000008000fea0 (0xfcf76de3) bltu    a4, a5, pc - 38
core   0: 3 0x000000008000fea0 (0xfcf76de3)
core   0: 0x000000008000fe7a (0xfe043783) ld      a5, -32(s0)
core   0: 3 0x000000008000fe7a (0xfe043783) x15 0x0000000080012042 mem 0x0000000080031f50
core   0: 0x000000008000fe7e (0x00178713) addi    a4, a5, 1
core   0: 3 0x000000008000fe7e (0x00178713) x14 0x0000000080012043
core   0: 0x000000008000fe82 (0xfee43023) sd      a4, -32(s0)
core   0: 3 0x000000008000fe82 (0xfee43023) mem 0x0000000080031f50 0x0000000080012043
core   0: 0x000000008000fe86 (0xfc442703) lw      a4, -60(s0)
core   0: 3 0x000000008000fe86 (0xfc442703) x14 0x0000000000000000 mem 0x0000000080031f34
core   0: 0x000000008000fe8a (0x0ff77713) andi    a4, a4, 255
core   0: 3 0x000000008000fe8a (0x0ff77713) x14 0x0000000000000000
core   0: 0x000000008000fe8e (0x00e78023) sb      a4, 0(a5)
core   0: 3 0x000000008000fe8e (0x00e78023) mem 0x0000000080012042 0x00
core   0: 0x000000008000fe92 (0xfc843703) ld      a4, -56(s0)
core   0: 3 0x000000008000fe92 (0xfc843703) x14 0x0000000080012040 mem 0x0000000080031f38
core   0: 0x000000008000fe96 (0xfb843783) ld      a5, -72(s0)
core   0: 3 0x000000008000fe96 (0xfb843783) x15 0x000000000000009c mem 0x0000000080031f28
core   0: 0x000000008000fe9a (0x000097ba) c.add   a5, a4
core   0: 3 0x000000008000fe9a (0x97ba) x15 0x00000000800120dc
core   0: 0x000000008000fe9c (0xfe043703) ld      a4, -32(s0)
core   0: 3 0x000000008000fe9c (0xfe043703) x14 0x0000000080012043 mem 0x0000000080031f50
core   0: 0x000000008000fea0 (0xfcf76de3) bltu    a4, a5, pc - 38
core   0: 3 0x000000008000fea0 (0xfcf76de3)
core   0: 0x000000008000fe7a (0xfe043783) ld      a5, -32(s0)
core   0: 3 0x000000008000fe7a (0xfe043783) x15 0x0000000080012043 mem 0x0000000080031f50
core   0: 0x000000008000fe7e (0x00178713) addi    a4, a5, 1
core   0: 3 0x000000008000fe7e (0x00178713) x14 0x0000000080012044
core   0: 0x000000008000fe82 (0xfee43023) sd      a4, -32(s0)
core   0: 3 0x000000008000fe82 (0xfee43023) mem 0x0000000080031f50 0x0000000080012044
core   0: 0x000000008000fe86 (0xfc442703) lw      a4, -60(s0)
core   0: 3 0x000000008000fe86 (0xfc442703) x14 0x0000000000000000 mem 0x0000000080031f34
core   0: 0x000000008000fe8a (0x0ff77713) andi    a4, a4, 255
core   0: 3 0x000000008000fe8a (0x0ff77713) x14 0x0000000000000000
core   0: 0x000000008000fe8e (0x00e78023) sb      a4, 0(a5)
core   0: 3 0x000000008000fe8e (0x00e78023) mem 0x0000000080012043 0x00
core   0: 0x000000008000fe92 (0xfc843703) ld      a4, -56(s0)
core   0: 3 0x000000008000fe92 (0xfc843703) x14 0x0000000080012040 mem 0x0000000080031f38
core   0: 0x000000008000fe96 (0xfb843783) ld      a5, -72(s0)
core   0: 3 0x000000008000fe96 (0xfb843783) x15 0x000000000000009c mem 0x0000000080031f28
core   0: 0x000000008000fe9a (0x000097ba) c.add   a5, a4
core   0: 3 0x000000008000fe9a (0x97ba) x15 0x00000000800120dc
core   0: 0x000000008000fe9c (0xfe043703) ld      a4, -32(s0)
core   0: 3 0x000000008000fe9c (0xfe043703) x14 0x0000000080012044 mem 0x0000000080031f50
core   0: 0x000000008000fea0 (0xfcf76de3) bltu    a4, a5, pc - 38
core   0: 3 0x000000008000fea0 (0xfcf76de3)
core   0: 0x000000008000fe7a (0xfe043783) ld      a5, -32(s0)
core   0: 3 0x000000008000fe7a (0xfe043783) x15 0x0000000080012044 mem 0x0000000080031f50
core   0: 0x000000008000fe7e (0x00178713) addi    a4, a5, 1
core   0: 3 0x000000008000fe7e (0x00178713) x14 0x0000000080012045
core   0: 0x000000008000fe82 (0xfee43023) sd      a4, -32(s0)
core   0: 3 0x000000008000fe82 (0xfee43023) mem 0x0000000080031f50 0x0000000080012045
core   0: 0x000000008000fe86 (0xfc442703) lw      a4, -60(s0)
core   0: 3 0x000000008000fe86 (0xfc442703) x14 0x0000000000000000 mem 0x0000000080031f34
core   0: 0x000000008000fe8a (0x0ff77713) andi    a4, a4, 255
core   0: 3 0x000000008000fe8a (0x0ff77713) x14 0x0000000000000000
core   0: 0x000000008000fe8e (0x00e78023) sb      a4, 0(a5)
core   0: 3 0x000000008000fe8e (0x00e78023) mem 0x0000000080012044 0x00
core   0: 0x000000008000fe92 (0xfc843703) ld      a4, -56(s0)
core   0: 3 0x000000008000fe92 (0xfc843703) x14 0x0000000080012040 mem 0x0000000080031f38
core   0: 0x000000008000fe96 (0xfb843783) ld      a5, -72(s0)
core   0: 3 0x000000008000fe96 (0xfb843783) x15 0x000000000000009c mem 0x0000000080031f28
core   0: 0x000000008000fe9a (0x000097ba) c.add   a5, a4
core   0: 3 0x000000008000fe9a (0x97ba) x15 0x00000000800120dc
core   0: 0x000000008000fe9c (0xfe043703) ld      a4, -32(s0)
core   0: 3 0x000000008000fe9c (0xfe043703) x14 0x0000000080012045 mem 0x0000000080031f50
core   0: 0x000000008000fea0 (0xfcf76de3) bltu    a4, a5, pc - 38
core   0: 3 0x000000008000fea0 (0xfcf76de3)
core   0: 0x000000008000fe7a (0xfe043783) ld      a5, -32(s0)
core   0: 3 0x000000008000fe7a (0xfe043783) x15 0x0000000080012045 mem 0x0000000080031f50
core   0: 0x000000008000fe7e (0x00178713) addi    a4, a5, 1
core   0: 3 0x000000008000fe7e (0x00178713) x14 0x0000000080012046
core   0: 0x000000008000fe82 (0xfee43023) sd      a4, -32(s0)
core   0: 3 0x000000008000fe82 (0xfee43023) mem 0x0000000080031f50 0x0000000080012046
core   0: 0x000000008000fe86 (0xfc442703) lw      a4, -60(s0)
core   0: 3 0x000000008000fe86 (0xfc442703) x14 0x0000000000000000 mem 0x0000000080031f34
core   0: 0x000000008000fe8a (0x0ff77713) andi    a4, a4, 255
core   0: 3 0x000000008000fe8a (0x0ff77713) x14 0x0000000000000000
core   0: 0x000000008000fe8e (0x00e78023) sb      a4, 0(a5)
core   0: 3 0x000000008000fe8e (0x00e78023) mem 0x0000000080012045 0x00
core   0: 0x000000008000fe92 (0xfc843703) ld      a4, -56(s0)
core   0: 3 0x000000008000fe92 (0xfc843703) x14 0x0000000080012040 mem 0x0000000080031f38
core   0: 0x000000008000fe96 (0xfb843783) ld      a5, -72(s0)
core   0: 3 0x000000008000fe96 (0xfb843783) x15 0x000000000000009c mem 0x0000000080031f28
core   0: 0x000000008000fe9a (0x000097ba) c.add   a5, a4
core   0: 3 0x000000008000fe9a (0x97ba) x15 0x00000000800120dc
core   0: 0x000000008000fe9c (0xfe043703) ld      a4, -32(s0)
core   0: 3 0x000000008000fe9c (0xfe043703) x14 0x0000000080012046 mem 0x0000000080031f50
core   0: 0x000000008000fea0 (0xfcf76de3) bltu    a4, a5, pc - 38
core   0: 3 0x000000008000fea0 (0xfcf76de3)
core   0: 0x000000008000fe7a (0xfe043783) ld      a5, -32(s0)
core   0: 3 0x000000008000fe7a (0xfe043783) x15 0x0000000080012046 mem 0x0000000080031f50
core   0: 0x000000008000fe7e (0x00178713) addi    a4, a5, 1
core   0: 3 0x000000008000fe7e (0x00178713) x14 0x0000000080012047
core   0: 0x000000008000fe82 (0xfee43023) sd      a4, -32(s0)
core   0: 3 0x000000008000fe82 (0xfee43023) mem 0x0000000080031f50 0x0000000080012047
core   0: 0x000000008000fe86 (0xfc442703) lw      a4, -60(s0)
core   0: 3 0x000000008000fe86 (0xfc442703) x14 0x0000000000000000 mem 0x0000000080031f34
core   0: 0x000000008000fe8a (0x0ff77713) andi    a4, a4, 255
core   0: 3 0x000000008000fe8a (0x0ff77713) x14 0x0000000000000000
core   0: 0x000000008000fe8e (0x00e78023) sb      a4, 0(a5)
core   0: 3 0x000000008000fe8e (0x00e78023) mem 0x0000000080012046 0x00
core   0: 0x000000008000fe92 (0xfc843703) ld      a4, -56(s0)
core   0: 3 0x000000008000fe92 (0xfc843703) x14 0x0000000080012040 mem 0x0000000080031f38
core   0: 0x000000008000fe96 (0xfb843783) ld      a5, -72(s0)
core   0: 3 0x000000008000fe96 (0xfb843783) x15 0x000000000000009c mem 0x0000000080031f28
core   0: 0x000000008000fe9a (0x000097ba) c.add   a5, a4
core   0: 3 0x000000008000fe9a (0x97ba) x15 0x00000000800120dc
core   0: 0x000000008000fe9c (0xfe043703) ld      a4, -32(s0)
core   0: 3 0x000000008000fe9c (0xfe043703) x14 0x0000000080012047 mem 0x0000000080031f50
core   0: 0x000000008000fea0 (0xfcf76de3) bltu    a4, a5, pc - 38
core   0: 3 0x000000008000fea0 (0xfcf76de3)
core   0: 0x000000008000fe7a (0xfe043783) ld      a5, -32(s0)
core   0: 3 0x000000008000fe7a (0xfe043783) x15 0x0000000080012047 mem 0x0000000080031f50
core   0: 0x000000008000fe7e (0x00178713) addi    a4, a5, 1
core   0: 3 0x000000008000fe7e (0x00178713) x14 0x0000000080012048
core   0: 0x000000008000fe82 (0xfee43023) sd      a4, -32(s0)
core   0: 3 0x000000008000fe82 (0xfee43023) mem 0x0000000080031f50 0x0000000080012048
core   0: 0x000000008000fe86 (0xfc442703) lw      a4, -60(s0)
core   0: 3 0x000000008000fe86 (0xfc442703) x14 0x0000000000000000 mem 0x0000000080031f34
core   0: 0x000000008000fe8a (0x0ff77713) andi    a4, a4, 255
core   0: 3 0x000000008000fe8a (0x0ff77713) x14 0x0000000000000000
core   0: 0x000000008000fe8e (0x00e78023) sb      a4, 0(a5)
core   0: 3 0x000000008000fe8e (0x00e78023) mem 0x0000000080012047 0x00
core   0: 0x000000008000fe92 (0xfc843703) ld      a4, -56(s0)
core   0: 3 0x000000008000fe92 (0xfc843703) x14 0x0000000080012040 mem 0x0000000080031f38
core   0: 0x000000008000fe96 (0xfb843783) ld      a5, -72(s0)
core   0: 3 0x000000008000fe96 (0xfb843783) x15 0x000000000000009c mem 0x0000000080031f28
core   0: 0x000000008000fe9a (0x000097ba) c.add   a5, a4
core   0: 3 0x000000008000fe9a (0x97ba) x15 0x00000000800120dc
core   0: 0x000000008000fe9c (0xfe043703) ld      a4, -32(s0)
core   0: 3 0x000000008000fe9c (0xfe043703) x14 0x0000000080012048 mem 0x0000000080031f50
core   0: 0x000000008000fea0 (0xfcf76de3) bltu    a4, a5, pc - 38
core   0: 3 0x000000008000fea0 (0xfcf76de3)
core   0: 0x000000008000fe7a (0xfe043783) ld      a5, -32(s0)
core   0: 3 0x000000008000fe7a (0xfe043783) x15 0x0000000080012048 mem 0x0000000080031f50
core   0: 0x000000008000fe7e (0x00178713) addi    a4, a5, 1
core   0: 3 0x000000008000fe7e (0x00178713) x14 0x0000000080012049
core   0: 0x000000008000fe82 (0xfee43023) sd      a4, -32(s0)
core   0: 3 0x000000008000fe82 (0xfee43023) mem 0x0000000080031f50 0x0000000080012049
core   0: 0x000000008000fe86 (0xfc442703) lw      a4, -60(s0)
core   0: 3 0x000000008000fe86 (0xfc442703) x14 0x0000000000000000 mem 0x0000000080031f34
core   0: 0x000000008000fe8a (0x0ff77713) andi    a4, a4, 255
core   0: 3 0x000000008000fe8a (0x0ff77713) x14 0x0000000000000000
core   0: 0x000000008000fe8e (0x00e78023) sb      a4, 0(a5)
core   0: 3 0x000000008000fe8e (0x00e78023) mem 0x0000000080012048 0x00
core   0: 0x000000008000fe92 (0xfc843703) ld      a4, -56(s0)
core   0: 3 0x000000008000fe92 (0xfc843703) x14 0x0000000080012040 mem 0x0000000080031f38
core   0: 0x000000008000fe96 (0xfb843783) ld      a5, -72(s0)
core   0: 3 0x000000008000fe96 (0xfb843783) x15 0x000000000000009c mem 0x0000000080031f28
core   0: 0x000000008000fe9a (0x000097ba) c.add   a5, a4
core   0: 3 0x000000008000fe9a (0x97ba) x15 0x00000000800120dc
core   0: 0x000000008000fe9c (0xfe043703) ld      a4, -32(s0)
core   0: 3 0x000000008000fe9c (0xfe043703) x14 0x0000000080012049 mem 0x0000000080031f50
core   0: 0x000000008000fea0 (0xfcf76de3) bltu    a4, a5, pc - 38
core   0: 3 0x000000008000fea0 (0xfcf76de3)
core   0: 0x000000008000fe7a (0xfe043783) ld      a5, -32(s0)
core   0: 3 0x000000008000fe7a (0xfe043783) x15 0x0000000080012049 mem 0x0000000080031f50
core   0: 0x000000008000fe7e (0x00178713) addi    a4, a5, 1
core   0: 3 0x000000008000fe7e (0x00178713) x14 0x000000008001204a
core   0: 0x000000008000fe82 (0xfee43023) sd      a4, -32(s0)
core   0: 3 0x000000008000fe82 (0xfee43023) mem 0x0000000080031f50 0x000000008001204a
core   0: 0x000000008000fe86 (0xfc442703) lw      a4, -60(s0)
core   0: 3 0x000000008000fe86 (0xfc442703) x14 0x0000000000000000 mem 0x0000000080031f34
core   0: 0x000000008000fe8a (0x0ff77713) andi    a4, a4, 255
core   0: 3 0x000000008000fe8a (0x0ff77713) x14 0x0000000000000000
core   0: 0x000000008000fe8e (0x00e78023) sb      a4, 0(a5)
core   0: 3 0x000000008000fe8e (0x00e78023) mem 0x0000000080012049 0x00
core   0: 0x000000008000fe92 (0xfc843703) ld      a4, -56(s0)
core   0: 3 0x000000008000fe92 (0xfc843703) x14 0x0000000080012040 mem 0x0000000080031f38
core   0: 0x000000008000fe96 (0xfb843783) ld      a5, -72(s0)
core   0: 3 0x000000008000fe96 (0xfb843783) x15 0x000000000000009c mem 0x0000000080031f28
core   0: 0x000000008000fe9a (0x000097ba) c.add   a5, a4
core   0: 3 0x000000008000fe9a (0x97ba) x15 0x00000000800120dc
core   0: 0x000000008000fe9c (0xfe043703) ld      a4, -32(s0)
core   0: 3 0x000000008000fe9c (0xfe043703) x14 0x000000008001204a mem 0x0000000080031f50
core   0: 0x000000008000fea0 (0xfcf76de3) bltu    a4, a5, pc - 38
core   0: 3 0x000000008000fea0 (0xfcf76de3)
core   0: 0x000000008000fe7a (0xfe043783) ld      a5, -32(s0)
core   0: 3 0x000000008000fe7a (0xfe043783) x15 0x000000008001204a mem 0x0000000080031f50
core   0: 0x000000008000fe7e (0x00178713) addi    a4, a5, 1
core   0: 3 0x000000008000fe7e (0x00178713) x14 0x000000008001204b
core   0: 0x000000008000fe82 (0xfee43023) sd      a4, -32(s0)
core   0: 3 0x000000008000fe82 (0xfee43023) mem 0x0000000080031f50 0x000000008001204b
core   0: 0x000000008000fe86 (0xfc442703) lw      a4, -60(s0)
core   0: 3 0x000000008000fe86 (0xfc442703) x14 0x0000000000000000 mem 0x0000000080031f34
core   0: 0x000000008000fe8a (0x0ff77713) andi    a4, a4, 255
core   0: 3 0x000000008000fe8a (0x0ff77713) x14 0x0000000000000000
core   0: 0x000000008000fe8e (0x00e78023) sb      a4, 0(a5)
core   0: 3 0x000000008000fe8e (0x00e78023) mem 0x000000008001204a 0x00
core   0: 0x000000008000fe92 (0xfc843703) ld      a4, -56(s0)
core   0: 3 0x000000008000fe92 (0xfc843703) x14 0x0000000080012040 mem 0x0000000080031f38
core   0: 0x000000008000fe96 (0xfb843783) ld      a5, -72(s0)
core   0: 3 0x000000008000fe96 (0xfb843783) x15 0x000000000000009c mem 0x0000000080031f28
core   0: 0x000000008000fe9a (0x000097ba) c.add   a5, a4
core   0: 3 0x000000008000fe9a (0x97ba) x15 0x00000000800120dc
core   0: 0x000000008000fe9c (0xfe043703) ld      a4, -32(s0)
core   0: 3 0x000000008000fe9c (0xfe043703) x14 0x000000008001204b mem 0x0000000080031f50
core   0: 0x000000008000fea0 (0xfcf76de3) bltu    a4, a5, pc - 38
core   0: 3 0x000000008000fea0 (0xfcf76de3)
core   0: 0x000000008000fe7a (0xfe043783) ld      a5, -32(s0)
core   0: 3 0x000000008000fe7a (0xfe043783) x15 0x000000008001204b mem 0x0000000080031f50
core   0: 0x000000008000fe7e (0x00178713) addi    a4, a5, 1
core   0: 3 0x000000008000fe7e (0x00178713) x14 0x000000008001204c
core   0: 0x000000008000fe82 (0xfee43023) sd      a4, -32(s0)
core   0: 3 0x000000008000fe82 (0xfee43023) mem 0x0000000080031f50 0x000000008001204c
core   0: 0x000000008000fe86 (0xfc442703) lw      a4, -60(s0)
core   0: 3 0x000000008000fe86 (0xfc442703) x14 0x0000000000000000 mem 0x0000000080031f34
core   0: 0x000000008000fe8a (0x0ff77713) andi    a4, a4, 255
core   0: 3 0x000000008000fe8a (0x0ff77713) x14 0x0000000000000000
core   0: 0x000000008000fe8e (0x00e78023) sb      a4, 0(a5)
core   0: 3 0x000000008000fe8e (0x00e78023) mem 0x000000008001204b 0x00
core   0: 0x000000008000fe92 (0xfc843703) ld      a4, -56(s0)
core   0: 3 0x000000008000fe92 (0xfc843703) x14 0x0000000080012040 mem 0x0000000080031f38
core   0: 0x000000008000fe96 (0xfb843783) ld      a5, -72(s0)
core   0: 3 0x000000008000fe96 (0xfb843783) x15 0x000000000000009c mem 0x0000000080031f28
core   0: 0x000000008000fe9a (0x000097ba) c.add   a5, a4
core   0: 3 0x000000008000fe9a (0x97ba) x15 0x00000000800120dc
core   0: 0x000000008000fe9c (0xfe043703) ld      a4, -32(s0)
core   0: 3 0x000000008000fe9c (0xfe043703) x14 0x000000008001204c mem 0x0000000080031f50
core   0: 0x000000008000fea0 (0xfcf76de3) bltu    a4, a5, pc - 38
core   0: 3 0x000000008000fea0 (0xfcf76de3)
core   0: 0x000000008000fe7a (0xfe043783) ld      a5, -32(s0)
core   0: 3 0x000000008000fe7a (0xfe043783) x15 0x000000008001204c mem 0x0000000080031f50
core   0: 0x000000008000fe7e (0x00178713) addi    a4, a5, 1
core   0: 3 0x000000008000fe7e (0x00178713) x14 0x000000008001204d
core   0: 0x000000008000fe82 (0xfee43023) sd      a4, -32(s0)
core   0: 3 0x000000008000fe82 (0xfee43023) mem 0x0000000080031f50 0x000000008001204d
core   0: 0x000000008000fe86 (0xfc442703) lw      a4, -60(s0)
core   0: 3 0x000000008000fe86 (0xfc442703) x14 0x0000000000000000 mem 0x0000000080031f34
core   0: 0x000000008000fe8a (0x0ff77713) andi    a4, a4, 255
core   0: 3 0x000000008000fe8a (0x0ff77713) x14 0x0000000000000000
core   0: 0x000000008000fe8e (0x00e78023) sb      a4, 0(a5)
core   0: 3 0x000000008000fe8e (0x00e78023) mem 0x000000008001204c 0x00
core   0: 0x000000008000fe92 (0xfc843703) ld      a4, -56(s0)
core   0: 3 0x000000008000fe92 (0xfc843703) x14 0x0000000080012040 mem 0x0000000080031f38
core   0: 0x000000008000fe96 (0xfb843783) ld      a5, -72(s0)
core   0: 3 0x000000008000fe96 (0xfb843783) x15 0x000000000000009c mem 0x0000000080031f28
core   0: 0x000000008000fe9a (0x000097ba) c.add   a5, a4
core   0: 3 0x000000008000fe9a (0x97ba) x15 0x00000000800120dc
core   0: 0x000000008000fe9c (0xfe043703) ld      a4, -32(s0)
core   0: 3 0x000000008000fe9c (0xfe043703) x14 0x000000008001204d mem 0x0000000080031f50
core   0: 0x000000008000fea0 (0xfcf76de3) bltu    a4, a5, pc - 38
core   0: 3 0x000000008000fea0 (0xfcf76de3)
core   0: 0x000000008000fe7a (0xfe043783) ld      a5, -32(s0)
core   0: 3 0x000000008000fe7a (0xfe043783) x15 0x000000008001204d mem 0x0000000080031f50
core   0: 0x000000008000fe7e (0x00178713) addi    a4, a5, 1
core   0: 3 0x000000008000fe7e (0x00178713) x14 0x000000008001204e
core   0: 0x000000008000fe82 (0xfee43023) sd      a4, -32(s0)
core   0: 3 0x000000008000fe82 (0xfee43023) mem 0x0000000080031f50 0x000000008001204e
core   0: 0x000000008000fe86 (0xfc442703) lw      a4, -60(s0)
core   0: 3 0x000000008000fe86 (0xfc442703) x14 0x0000000000000000 mem 0x0000000080031f34
core   0: 0x000000008000fe8a (0x0ff77713) andi    a4, a4, 255
core   0: 3 0x000000008000fe8a (0x0ff77713) x14 0x0000000000000000
core   0: 0x000000008000fe8e (0x00e78023) sb      a4, 0(a5)
core   0: 3 0x000000008000fe8e (0x00e78023) mem 0x000000008001204d 0x00
core   0: 0x000000008000fe92 (0xfc843703) ld      a4, -56(s0)
core   0: 3 0x000000008000fe92 (0xfc843703) x14 0x0000000080012040 mem 0x0000000080031f38
core   0: 0x000000008000fe96 (0xfb843783) ld      a5, -72(s0)
core   0: 3 0x000000008000fe96 (0xfb843783) x15 0x000000000000009c mem 0x0000000080031f28
core   0: 0x000000008000fe9a (0x000097ba) c.add   a5, a4
core   0: 3 0x000000008000fe9a (0x97ba) x15 0x00000000800120dc
core   0: 0x000000008000fe9c (0xfe043703) ld      a4, -32(s0)
core   0: 3 0x000000008000fe9c (0xfe043703) x14 0x000000008001204e mem 0x0000000080031f50
core   0: 0x000000008000fea0 (0xfcf76de3) bltu    a4, a5, pc - 38
core   0: 3 0x000000008000fea0 (0xfcf76de3)
core   0: 0x000000008000fe7a (0xfe043783) ld      a5, -32(s0)
core   0: 3 0x000000008000fe7a (0xfe043783) x15 0x000000008001204e mem 0x0000000080031f50
core   0: 0x000000008000fe7e (0x00178713) addi    a4, a5, 1
core   0: 3 0x000000008000fe7e (0x00178713) x14 0x000000008001204f
core   0: 0x000000008000fe82 (0xfee43023) sd      a4, -32(s0)
core   0: 3 0x000000008000fe82 (0xfee43023) mem 0x0000000080031f50 0x000000008001204f
core   0: 0x000000008000fe86 (0xfc442703) lw      a4, -60(s0)
core   0: 3 0x000000008000fe86 (0xfc442703) x14 0x0000000000000000 mem 0x0000000080031f34
core   0: 0x000000008000fe8a (0x0ff77713) andi    a4, a4, 255
core   0: 3 0x000000008000fe8a (0x0ff77713) x14 0x0000000000000000
core   0: 0x000000008000fe8e (0x00e78023) sb      a4, 0(a5)
core   0: 3 0x000000008000fe8e (0x00e78023) mem 0x000000008001204e 0x00
core   0: 0x000000008000fe92 (0xfc843703) ld      a4, -56(s0)
core   0: 3 0x000000008000fe92 (0xfc843703) x14 0x0000000080012040 mem 0x0000000080031f38
core   0: 0x000000008000fe96 (0xfb843783) ld      a5, -72(s0)
core   0: 3 0x000000008000fe96 (0xfb843783) x15 0x000000000000009c mem 0x0000000080031f28
core   0: 0x000000008000fe9a (0x000097ba) c.add   a5, a4
core   0: 3 0x000000008000fe9a (0x97ba) x15 0x00000000800120dc
core   0: 0x000000008000fe9c (0xfe043703) ld      a4, -32(s0)
core   0: 3 0x000000008000fe9c (0xfe043703) x14 0x000000008001204f mem 0x0000000080031f50
core   0: 0x000000008000fea0 (0xfcf76de3) bltu    a4, a5, pc - 38
core   0: 3 0x000000008000fea0 (0xfcf76de3)
core   0: 0x000000008000fe7a (0xfe043783) ld      a5, -32(s0)
core   0: 3 0x000000008000fe7a (0xfe043783) x15 0x000000008001204f mem 0x0000000080031f50
core   0: 0x000000008000fe7e (0x00178713) addi    a4, a5, 1
core   0: 3 0x000000008000fe7e (0x00178713) x14 0x0000000080012050
core   0: 0x000000008000fe82 (0xfee43023) sd      a4, -32(s0)
core   0: 3 0x000000008000fe82 (0xfee43023) mem 0x0000000080031f50 0x0000000080012050
core   0: 0x000000008000fe86 (0xfc442703) lw      a4, -60(s0)
core   0: 3 0x000000008000fe86 (0xfc442703) x14 0x0000000000000000 mem 0x0000000080031f34
core   0: 0x000000008000fe8a (0x0ff77713) andi    a4, a4, 255
core   0: 3 0x000000008000fe8a (0x0ff77713) x14 0x0000000000000000
core   0: 0x000000008000fe8e (0x00e78023) sb      a4, 0(a5)
core   0: 3 0x000000008000fe8e (0x00e78023) mem 0x000000008001204f 0x00
core   0: 0x000000008000fe92 (0xfc843703) ld      a4, -56(s0)
core   0: 3 0x000000008000fe92 (0xfc843703) x14 0x0000000080012040 mem 0x0000000080031f38
core   0: 0x000000008000fe96 (0xfb843783) ld      a5, -72(s0)
core   0: 3 0x000000008000fe96 (0xfb843783) x15 0x000000000000009c mem 0x0000000080031f28
core   0: 0x000000008000fe9a (0x000097ba) c.add   a5, a4
core   0: 3 0x000000008000fe9a (0x97ba) x15 0x00000000800120dc
core   0: 0x000000008000fe9c (0xfe043703) ld      a4, -32(s0)
core   0: 3 0x000000008000fe9c (0xfe043703) x14 0x0000000080012050 mem 0x0000000080031f50
core   0: 0x000000008000fea0 (0xfcf76de3) bltu    a4, a5, pc - 38
core   0: 3 0x000000008000fea0 (0xfcf76de3)
core   0: 0x000000008000fe7a (0xfe043783) ld      a5, -32(s0)
core   0: 3 0x000000008000fe7a (0xfe043783) x15 0x0000000080012050 mem 0x0000000080031f50
core   0: 0x000000008000fe7e (0x00178713) addi    a4, a5, 1
core   0: 3 0x000000008000fe7e (0x00178713) x14 0x0000000080012051
core   0: 0x000000008000fe82 (0xfee43023) sd      a4, -32(s0)
core   0: 3 0x000000008000fe82 (0xfee43023) mem 0x0000000080031f50 0x0000000080012051
core   0: 0x000000008000fe86 (0xfc442703) lw      a4, -60(s0)
core   0: 3 0x000000008000fe86 (0xfc442703) x14 0x0000000000000000 mem 0x0000000080031f34
core   0: 0x000000008000fe8a (0x0ff77713) andi    a4, a4, 255
core   0: 3 0x000000008000fe8a (0x0ff77713) x14 0x0000000000000000
core   0: 0x000000008000fe8e (0x00e78023) sb      a4, 0(a5)
core   0: 3 0x000000008000fe8e (0x00e78023) mem 0x0000000080012050 0x00
core   0: 0x000000008000fe92 (0xfc843703) ld      a4, -56(s0)
core   0: 3 0x000000008000fe92 (0xfc843703) x14 0x0000000080012040 mem 0x0000000080031f38
core   0: 0x000000008000fe96 (0xfb843783) ld      a5, -72(s0)
core   0: 3 0x000000008000fe96 (0xfb843783) x15 0x000000000000009c mem 0x0000000080031f28
core   0: 0x000000008000fe9a (0x000097ba) c.add   a5, a4
core   0: 3 0x000000008000fe9a (0x97ba) x15 0x00000000800120dc
core   0: 0x000000008000fe9c (0xfe043703) ld      a4, -32(s0)
core   0: 3 0x000000008000fe9c (0xfe043703) x14 0x0000000080012051 mem 0x0000000080031f50
core   0: 0x000000008000fea0 (0xfcf76de3) bltu    a4, a5, pc - 38
core   0: 3 0x000000008000fea0 (0xfcf76de3)
core   0: 0x000000008000fe7a (0xfe043783) ld      a5, -32(s0)
core   0: 3 0x000000008000fe7a (0xfe043783) x15 0x0000000080012051 mem 0x0000000080031f50
core   0: 0x000000008000fe7e (0x00178713) addi    a4, a5, 1
core   0: 3 0x000000008000fe7e (0x00178713) x14 0x0000000080012052
core   0: 0x000000008000fe82 (0xfee43023) sd      a4, -32(s0)
core   0: 3 0x000000008000fe82 (0xfee43023) mem 0x0000000080031f50 0x0000000080012052
core   0: 0x000000008000fe86 (0xfc442703) lw      a4, -60(s0)
core   0: 3 0x000000008000fe86 (0xfc442703) x14 0x0000000000000000 mem 0x0000000080031f34
core   0: 0x000000008000fe8a (0x0ff77713) andi    a4, a4, 255
core   0: 3 0x000000008000fe8a (0x0ff77713) x14 0x0000000000000000
core   0: 0x000000008000fe8e (0x00e78023) sb      a4, 0(a5)
core   0: 3 0x000000008000fe8e (0x00e78023) mem 0x0000000080012051 0x00
core   0: 0x000000008000fe92 (0xfc843703) ld      a4, -56(s0)
core   0: 3 0x000000008000fe92 (0xfc843703) x14 0x0000000080012040 mem 0x0000000080031f38
core   0: 0x000000008000fe96 (0xfb843783) ld      a5, -72(s0)
core   0: 3 0x000000008000fe96 (0xfb843783) x15 0x000000000000009c mem 0x0000000080031f28
core   0: 0x000000008000fe9a (0x000097ba) c.add   a5, a4
core   0: 3 0x000000008000fe9a (0x97ba) x15 0x00000000800120dc
core   0: 0x000000008000fe9c (0xfe043703) ld      a4, -32(s0)
core   0: 3 0x000000008000fe9c (0xfe043703) x14 0x0000000080012052 mem 0x0000000080031f50
core   0: 0x000000008000fea0 (0xfcf76de3) bltu    a4, a5, pc - 38
core   0: 3 0x000000008000fea0 (0xfcf76de3)
core   0: 0x000000008000fe7a (0xfe043783) ld      a5, -32(s0)
core   0: 3 0x000000008000fe7a (0xfe043783) x15 0x0000000080012052 mem 0x0000000080031f50
core   0: 0x000000008000fe7e (0x00178713) addi    a4, a5, 1
core   0: 3 0x000000008000fe7e (0x00178713) x14 0x0000000080012053
core   0: 0x000000008000fe82 (0xfee43023) sd      a4, -32(s0)
core   0: 3 0x000000008000fe82 (0xfee43023) mem 0x0000000080031f50 0x0000000080012053
core   0: 0x000000008000fe86 (0xfc442703) lw      a4, -60(s0)
core   0: 3 0x000000008000fe86 (0xfc442703) x14 0x0000000000000000 mem 0x0000000080031f34
core   0: 0x000000008000fe8a (0x0ff77713) andi    a4, a4, 255
core   0: 3 0x000000008000fe8a (0x0ff77713) x14 0x0000000000000000
core   0: 0x000000008000fe8e (0x00e78023) sb      a4, 0(a5)
core   0: 3 0x000000008000fe8e (0x00e78023) mem 0x0000000080012052 0x00
core   0: 0x000000008000fe92 (0xfc843703) ld      a4, -56(s0)
core   0: 3 0x000000008000fe92 (0xfc843703) x14 0x0000000080012040 mem 0x0000000080031f38
core   0: 0x000000008000fe96 (0xfb843783) ld      a5, -72(s0)
core   0: 3 0x000000008000fe96 (0xfb843783) x15 0x000000000000009c mem 0x0000000080031f28
core   0: 0x000000008000fe9a (0x000097ba) c.add   a5, a4
core   0: 3 0x000000008000fe9a (0x97ba) x15 0x00000000800120dc
core   0: 0x000000008000fe9c (0xfe043703) ld      a4, -32(s0)
core   0: 3 0x000000008000fe9c (0xfe043703) x14 0x0000000080012053 mem 0x0000000080031f50
core   0: 0x000000008000fea0 (0xfcf76de3) bltu    a4, a5, pc - 38
core   0: 3 0x000000008000fea0 (0xfcf76de3)
core   0: 0x000000008000fe7a (0xfe043783) ld      a5, -32(s0)
core   0: 3 0x000000008000fe7a (0xfe043783) x15 0x0000000080012053 mem 0x0000000080031f50
core   0: 0x000000008000fe7e (0x00178713) addi    a4, a5, 1
core   0: 3 0x000000008000fe7e (0x00178713) x14 0x0000000080012054
core   0: 0x000000008000fe82 (0xfee43023) sd      a4, -32(s0)
core   0: 3 0x000000008000fe82 (0xfee43023) mem 0x0000000080031f50 0x0000000080012054
core   0: 0x000000008000fe86 (0xfc442703) lw      a4, -60(s0)
core   0: 3 0x000000008000fe86 (0xfc442703) x14 0x0000000000000000 mem 0x0000000080031f34
core   0: 0x000000008000fe8a (0x0ff77713) andi    a4, a4, 255
core   0: 3 0x000000008000fe8a (0x0ff77713) x14 0x0000000000000000
core   0: 0x000000008000fe8e (0x00e78023) sb      a4, 0(a5)
core   0: 3 0x000000008000fe8e (0x00e78023) mem 0x0000000080012053 0x00
core   0: 0x000000008000fe92 (0xfc843703) ld      a4, -56(s0)
core   0: 3 0x000000008000fe92 (0xfc843703) x14 0x0000000080012040 mem 0x0000000080031f38
core   0: 0x000000008000fe96 (0xfb843783) ld      a5, -72(s0)
core   0: 3 0x000000008000fe96 (0xfb843783) x15 0x000000000000009c mem 0x0000000080031f28
core   0: 0x000000008000fe9a (0x000097ba) c.add   a5, a4
core   0: 3 0x000000008000fe9a (0x97ba) x15 0x00000000800120dc
core   0: 0x000000008000fe9c (0xfe043703) ld      a4, -32(s0)
core   0: 3 0x000000008000fe9c (0xfe043703) x14 0x0000000080012054 mem 0x0000000080031f50
core   0: 0x000000008000fea0 (0xfcf76de3) bltu    a4, a5, pc - 38
core   0: 3 0x000000008000fea0 (0xfcf76de3)
core   0: 0x000000008000fe7a (0xfe043783) ld      a5, -32(s0)
core   0: 3 0x000000008000fe7a (0xfe043783) x15 0x0000000080012054 mem 0x0000000080031f50
core   0: 0x000000008000fe7e (0x00178713) addi    a4, a5, 1
core   0: 3 0x000000008000fe7e (0x00178713) x14 0x0000000080012055
core   0: 0x000000008000fe82 (0xfee43023) sd      a4, -32(s0)
core   0: 3 0x000000008000fe82 (0xfee43023) mem 0x0000000080031f50 0x0000000080012055
core   0: 0x000000008000fe86 (0xfc442703) lw      a4, -60(s0)
core   0: 3 0x000000008000fe86 (0xfc442703) x14 0x0000000000000000 mem 0x0000000080031f34
core   0: 0x000000008000fe8a (0x0ff77713) andi    a4, a4, 255
core   0: 3 0x000000008000fe8a (0x0ff77713) x14 0x0000000000000000
core   0: 0x000000008000fe8e (0x00e78023) sb      a4, 0(a5)
core   0: 3 0x000000008000fe8e (0x00e78023) mem 0x0000000080012054 0x00
core   0: 0x000000008000fe92 (0xfc843703) ld      a4, -56(s0)
core   0: 3 0x000000008000fe92 (0xfc843703) x14 0x0000000080012040 mem 0x0000000080031f38
core   0: 0x000000008000fe96 (0xfb843783) ld      a5, -72(s0)
core   0: 3 0x000000008000fe96 (0xfb843783) x15 0x000000000000009c mem 0x0000000080031f28
core   0: 0x000000008000fe9a (0x000097ba) c.add   a5, a4
core   0: 3 0x000000008000fe9a (0x97ba) x15 0x00000000800120dc
core   0: 0x000000008000fe9c (0xfe043703) ld      a4, -32(s0)
core   0: 3 0x000000008000fe9c (0xfe043703) x14 0x0000000080012055 mem 0x0000000080031f50
core   0: 0x000000008000fea0 (0xfcf76de3) bltu    a4, a5, pc - 38
core   0: 3 0x000000008000fea0 (0xfcf76de3)
core   0: 0x000000008000fe7a (0xfe043783) ld      a5, -32(s0)
core   0: 3 0x000000008000fe7a (0xfe043783) x15 0x0000000080012055 mem 0x0000000080031f50
core   0: 0x000000008000fe7e (0x00178713) addi    a4, a5, 1
core   0: 3 0x000000008000fe7e (0x00178713) x14 0x0000000080012056
core   0: 0x000000008000fe82 (0xfee43023) sd      a4, -32(s0)
core   0: 3 0x000000008000fe82 (0xfee43023) mem 0x0000000080031f50 0x0000000080012056
core   0: 0x000000008000fe86 (0xfc442703) lw      a4, -60(s0)
core   0: 3 0x000000008000fe86 (0xfc442703) x14 0x0000000000000000 mem 0x0000000080031f34
core   0: 0x000000008000fe8a (0x0ff77713) andi    a4, a4, 255
core   0: 3 0x000000008000fe8a (0x0ff77713) x14 0x0000000000000000
core   0: 0x000000008000fe8e (0x00e78023) sb      a4, 0(a5)
core   0: 3 0x000000008000fe8e (0x00e78023) mem 0x0000000080012055 0x00
core   0: 0x000000008000fe92 (0xfc843703) ld      a4, -56(s0)
core   0: 3 0x000000008000fe92 (0xfc843703) x14 0x0000000080012040 mem 0x0000000080031f38
core   0: 0x000000008000fe96 (0xfb843783) ld      a5, -72(s0)
core   0: 3 0x000000008000fe96 (0xfb843783) x15 0x000000000000009c mem 0x0000000080031f28
core   0: 0x000000008000fe9a (0x000097ba) c.add   a5, a4
core   0: 3 0x000000008000fe9a (0x97ba) x15 0x00000000800120dc
core   0: 0x000000008000fe9c (0xfe043703) ld      a4, -32(s0)
core   0: 3 0x000000008000fe9c (0xfe043703) x14 0x0000000080012056 mem 0x0000000080031f50
core   0: 0x000000008000fea0 (0xfcf76de3) bltu    a4, a5, pc - 38
core   0: 3 0x000000008000fea0 (0xfcf76de3)
core   0: 0x000000008000fe7a (0xfe043783) ld      a5, -32(s0)
core   0: 3 0x000000008000fe7a (0xfe043783) x15 0x0000000080012056 mem 0x0000000080031f50
core   0: 0x000000008000fe7e (0x00178713) addi    a4, a5, 1
core   0: 3 0x000000008000fe7e (0x00178713) x14 0x0000000080012057
core   0: 0x000000008000fe82 (0xfee43023) sd      a4, -32(s0)
core   0: 3 0x000000008000fe82 (0xfee43023) mem 0x0000000080031f50 0x0000000080012057
core   0: 0x000000008000fe86 (0xfc442703) lw      a4, -60(s0)
core   0: 3 0x000000008000fe86 (0xfc442703) x14 0x0000000000000000 mem 0x0000000080031f34
core   0: 0x000000008000fe8a (0x0ff77713) andi    a4, a4, 255
core   0: 3 0x000000008000fe8a (0x0ff77713) x14 0x0000000000000000
core   0: 0x000000008000fe8e (0x00e78023) sb      a4, 0(a5)
core   0: 3 0x000000008000fe8e (0x00e78023) mem 0x0000000080012056 0x00
core   0: 0x000000008000fe92 (0xfc843703) ld      a4, -56(s0)
core   0: 3 0x000000008000fe92 (0xfc843703) x14 0x0000000080012040 mem 0x0000000080031f38
core   0: 0x000000008000fe96 (0xfb843783) ld      a5, -72(s0)
core   0: 3 0x000000008000fe96 (0xfb843783) x15 0x000000000000009c mem 0x0000000080031f28
core   0: 0x000000008000fe9a (0x000097ba) c.add   a5, a4
core   0: 3 0x000000008000fe9a (0x97ba) x15 0x00000000800120dc
core   0: 0x000000008000fe9c (0xfe043703) ld      a4, -32(s0)
core   0: 3 0x000000008000fe9c (0xfe043703) x14 0x0000000080012057 mem 0x0000000080031f50
core   0: 0x000000008000fea0 (0xfcf76de3) bltu    a4, a5, pc - 38
core   0: 3 0x000000008000fea0 (0xfcf76de3)
core   0: 0x000000008000fe7a (0xfe043783) ld      a5, -32(s0)
core   0: 3 0x000000008000fe7a (0xfe043783) x15 0x0000000080012057 mem 0x0000000080031f50
core   0: 0x000000008000fe7e (0x00178713) addi    a4, a5, 1
core   0: 3 0x000000008000fe7e (0x00178713) x14 0x0000000080012058
core   0: 0x000000008000fe82 (0xfee43023) sd      a4, -32(s0)
core   0: 3 0x000000008000fe82 (0xfee43023) mem 0x0000000080031f50 0x0000000080012058
core   0: 0x000000008000fe86 (0xfc442703) lw      a4, -60(s0)
core   0: 3 0x000000008000fe86 (0xfc442703) x14 0x0000000000000000 mem 0x0000000080031f34
core   0: 0x000000008000fe8a (0x0ff77713) andi    a4, a4, 255
core   0: 3 0x000000008000fe8a (0x0ff77713) x14 0x0000000000000000
core   0: 0x000000008000fe8e (0x00e78023) sb      a4, 0(a5)
core   0: 3 0x000000008000fe8e (0x00e78023) mem 0x0000000080012057 0x00
core   0: 0x000000008000fe92 (0xfc843703) ld      a4, -56(s0)
core   0: 3 0x000000008000fe92 (0xfc843703) x14 0x0000000080012040 mem 0x0000000080031f38
core   0: 0x000000008000fe96 (0xfb843783) ld      a5, -72(s0)
core   0: 3 0x000000008000fe96 (0xfb843783) x15 0x000000000000009c mem 0x0000000080031f28
core   0: 0x000000008000fe9a (0x000097ba) c.add   a5, a4
core   0: 3 0x000000008000fe9a (0x97ba) x15 0x00000000800120dc
core   0: 0x000000008000fe9c (0xfe043703) ld      a4, -32(s0)
core   0: 3 0x000000008000fe9c (0xfe043703) x14 0x0000000080012058 mem 0x0000000080031f50
core   0: 0x000000008000fea0 (0xfcf76de3) bltu    a4, a5, pc - 38
core   0: 3 0x000000008000fea0 (0xfcf76de3)
core   0: 0x000000008000fe7a (0xfe043783) ld      a5, -32(s0)
core   0: 3 0x000000008000fe7a (0xfe043783) x15 0x0000000080012058 mem 0x0000000080031f50
core   0: 0x000000008000fe7e (0x00178713) addi    a4, a5, 1
core   0: 3 0x000000008000fe7e (0x00178713) x14 0x0000000080012059
core   0: 0x000000008000fe82 (0xfee43023) sd      a4, -32(s0)
core   0: 3 0x000000008000fe82 (0xfee43023) mem 0x0000000080031f50 0x0000000080012059
core   0: 0x000000008000fe86 (0xfc442703) lw      a4, -60(s0)
core   0: 3 0x000000008000fe86 (0xfc442703) x14 0x0000000000000000 mem 0x0000000080031f34
core   0: 0x000000008000fe8a (0x0ff77713) andi    a4, a4, 255
core   0: 3 0x000000008000fe8a (0x0ff77713) x14 0x0000000000000000
core   0: 0x000000008000fe8e (0x00e78023) sb      a4, 0(a5)
core   0: 3 0x000000008000fe8e (0x00e78023) mem 0x0000000080012058 0x00
core   0: 0x000000008000fe92 (0xfc843703) ld      a4, -56(s0)
core   0: 3 0x000000008000fe92 (0xfc843703) x14 0x0000000080012040 mem 0x0000000080031f38
core   0: 0x000000008000fe96 (0xfb843783) ld      a5, -72(s0)
core   0: 3 0x000000008000fe96 (0xfb843783) x15 0x000000000000009c mem 0x0000000080031f28
core   0: 0x000000008000fe9a (0x000097ba) c.add   a5, a4
core   0: 3 0x000000008000fe9a (0x97ba) x15 0x00000000800120dc
core   0: 0x000000008000fe9c (0xfe043703) ld      a4, -32(s0)
core   0: 3 0x000000008000fe9c (0xfe043703) x14 0x0000000080012059 mem 0x0000000080031f50
core   0: 0x000000008000fea0 (0xfcf76de3) bltu    a4, a5, pc - 38
core   0: 3 0x000000008000fea0 (0xfcf76de3)
core   0: 0x000000008000fe7a (0xfe043783) ld      a5, -32(s0)
core   0: 3 0x000000008000fe7a (0xfe043783) x15 0x0000000080012059 mem 0x0000000080031f50
core   0: 0x000000008000fe7e (0x00178713) addi    a4, a5, 1
core   0: 3 0x000000008000fe7e (0x00178713) x14 0x000000008001205a
core   0: 0x000000008000fe82 (0xfee43023) sd      a4, -32(s0)
core   0: 3 0x000000008000fe82 (0xfee43023) mem 0x0000000080031f50 0x000000008001205a
core   0: 0x000000008000fe86 (0xfc442703) lw      a4, -60(s0)
core   0: 3 0x000000008000fe86 (0xfc442703) x14 0x0000000000000000 mem 0x0000000080031f34
core   0: 0x000000008000fe8a (0x0ff77713) andi    a4, a4, 255
core   0: 3 0x000000008000fe8a (0x0ff77713) x14 0x0000000000000000
core   0: 0x000000008000fe8e (0x00e78023) sb      a4, 0(a5)
core   0: 3 0x000000008000fe8e (0x00e78023) mem 0x0000000080012059 0x00
core   0: 0x000000008000fe92 (0xfc843703) ld      a4, -56(s0)
core   0: 3 0x000000008000fe92 (0xfc843703) x14 0x0000000080012040 mem 0x0000000080031f38
core   0: 0x000000008000fe96 (0xfb843783) ld      a5, -72(s0)
core   0: 3 0x000000008000fe96 (0xfb843783) x15 0x000000000000009c mem 0x0000000080031f28
core   0: 0x000000008000fe9a (0x000097ba) c.add   a5, a4
core   0: 3 0x000000008000fe9a (0x97ba) x15 0x00000000800120dc
core   0: 0x000000008000fe9c (0xfe043703) ld      a4, -32(s0)
core   0: 3 0x000000008000fe9c (0xfe043703) x14 0x000000008001205a mem 0x0000000080031f50
core   0: 0x000000008000fea0 (0xfcf76de3) bltu    a4, a5, pc - 38
core   0: 3 0x000000008000fea0 (0xfcf76de3)
core   0: 0x000000008000fe7a (0xfe043783) ld      a5, -32(s0)
core   0: 3 0x000000008000fe7a (0xfe043783) x15 0x000000008001205a mem 0x0000000080031f50
core   0: 0x000000008000fe7e (0x00178713) addi    a4, a5, 1
core   0: 3 0x000000008000fe7e (0x00178713) x14 0x000000008001205b
core   0: 0x000000008000fe82 (0xfee43023) sd      a4, -32(s0)
core   0: 3 0x000000008000fe82 (0xfee43023) mem 0x0000000080031f50 0x000000008001205b
core   0: 0x000000008000fe86 (0xfc442703) lw      a4, -60(s0)
core   0: 3 0x000000008000fe86 (0xfc442703) x14 0x0000000000000000 mem 0x0000000080031f34
core   0: 0x000000008000fe8a (0x0ff77713) andi    a4, a4, 255
core   0: 3 0x000000008000fe8a (0x0ff77713) x14 0x0000000000000000
core   0: 0x000000008000fe8e (0x00e78023) sb      a4, 0(a5)
core   0: 3 0x000000008000fe8e (0x00e78023) mem 0x000000008001205a 0x00
core   0: 0x000000008000fe92 (0xfc843703) ld      a4, -56(s0)
core   0: 3 0x000000008000fe92 (0xfc843703) x14 0x0000000080012040 mem 0x0000000080031f38
core   0: 0x000000008000fe96 (0xfb843783) ld      a5, -72(s0)
core   0: 3 0x000000008000fe96 (0xfb843783) x15 0x000000000000009c mem 0x0000000080031f28
core   0: 0x000000008000fe9a (0x000097ba) c.add   a5, a4
core   0: 3 0x000000008000fe9a (0x97ba) x15 0x00000000800120dc
core   0: 0x000000008000fe9c (0xfe043703) ld      a4, -32(s0)
core   0: 3 0x000000008000fe9c (0xfe043703) x14 0x000000008001205b mem 0x0000000080031f50
core   0: 0x000000008000fea0 (0xfcf76de3) bltu    a4, a5, pc - 38
core   0: 3 0x000000008000fea0 (0xfcf76de3)
core   0: 0x000000008000fe7a (0xfe043783) ld      a5, -32(s0)
core   0: 3 0x000000008000fe7a (0xfe043783) x15 0x000000008001205b mem 0x0000000080031f50
core   0: 0x000000008000fe7e (0x00178713) addi    a4, a5, 1
core   0: 3 0x000000008000fe7e (0x00178713) x14 0x000000008001205c
core   0: 0x000000008000fe82 (0xfee43023) sd      a4, -32(s0)
core   0: 3 0x000000008000fe82 (0xfee43023) mem 0x0000000080031f50 0x000000008001205c
core   0: 0x000000008000fe86 (0xfc442703) lw      a4, -60(s0)
core   0: 3 0x000000008000fe86 (0xfc442703) x14 0x0000000000000000 mem 0x0000000080031f34
core   0: 0x000000008000fe8a (0x0ff77713) andi    a4, a4, 255
core   0: 3 0x000000008000fe8a (0x0ff77713) x14 0x0000000000000000
core   0: 0x000000008000fe8e (0x00e78023) sb      a4, 0(a5)
core   0: 3 0x000000008000fe8e (0x00e78023) mem 0x000000008001205b 0x00
core   0: 0x000000008000fe92 (0xfc843703) ld      a4, -56(s0)
core   0: 3 0x000000008000fe92 (0xfc843703) x14 0x0000000080012040 mem 0x0000000080031f38
core   0: 0x000000008000fe96 (0xfb843783) ld      a5, -72(s0)
core   0: 3 0x000000008000fe96 (0xfb843783) x15 0x000000000000009c mem 0x0000000080031f28
core   0: 0x000000008000fe9a (0x000097ba) c.add   a5, a4
core   0: 3 0x000000008000fe9a (0x97ba) x15 0x00000000800120dc
core   0: 0x000000008000fe9c (0xfe043703) ld      a4, -32(s0)
core   0: 3 0x000000008000fe9c (0xfe043703) x14 0x000000008001205c mem 0x0000000080031f50
core   0: 0x000000008000fea0 (0xfcf76de3) bltu    a4, a5, pc - 38
core   0: 3 0x000000008000fea0 (0xfcf76de3)
core   0: 0x000000008000fe7a (0xfe043783) ld      a5, -32(s0)
core   0: 3 0x000000008000fe7a (0xfe043783) x15 0x000000008001205c mem 0x0000000080031f50
core   0: 0x000000008000fe7e (0x00178713) addi    a4, a5, 1
core   0: 3 0x000000008000fe7e (0x00178713) x14 0x000000008001205d
core   0: 0x000000008000fe82 (0xfee43023) sd      a4, -32(s0)
core   0: 3 0x000000008000fe82 (0xfee43023) mem 0x0000000080031f50 0x000000008001205d
core   0: 0x000000008000fe86 (0xfc442703) lw      a4, -60(s0)
core   0: 3 0x000000008000fe86 (0xfc442703) x14 0x0000000000000000 mem 0x0000000080031f34
core   0: 0x000000008000fe8a (0x0ff77713) andi    a4, a4, 255
core   0: 3 0x000000008000fe8a (0x0ff77713) x14 0x0000000000000000
core   0: 0x000000008000fe8e (0x00e78023) sb      a4, 0(a5)
core   0: 3 0x000000008000fe8e (0x00e78023) mem 0x000000008001205c 0x00
core   0: 0x000000008000fe92 (0xfc843703) ld      a4, -56(s0)
core   0: 3 0x000000008000fe92 (0xfc843703) x14 0x0000000080012040 mem 0x0000000080031f38
core   0: 0x000000008000fe96 (0xfb843783) ld      a5, -72(s0)
core   0: 3 0x000000008000fe96 (0xfb843783) x15 0x000000000000009c mem 0x0000000080031f28
core   0: 0x000000008000fe9a (0x000097ba) c.add   a5, a4
core   0: 3 0x000000008000fe9a (0x97ba) x15 0x00000000800120dc
core   0: 0x000000008000fe9c (0xfe043703) ld      a4, -32(s0)
core   0: 3 0x000000008000fe9c (0xfe043703) x14 0x000000008001205d mem 0x0000000080031f50
core   0: 0x000000008000fea0 (0xfcf76de3) bltu    a4, a5, pc - 38
core   0: 3 0x000000008000fea0 (0xfcf76de3)
core   0: 0x000000008000fe7a (0xfe043783) ld      a5, -32(s0)
core   0: 3 0x000000008000fe7a (0xfe043783) x15 0x000000008001205d mem 0x0000000080031f50
core   0: 0x000000008000fe7e (0x00178713) addi    a4, a5, 1
core   0: 3 0x000000008000fe7e (0x00178713) x14 0x000000008001205e
core   0: 0x000000008000fe82 (0xfee43023) sd      a4, -32(s0)
core   0: 3 0x000000008000fe82 (0xfee43023) mem 0x0000000080031f50 0x000000008001205e
core   0: 0x000000008000fe86 (0xfc442703) lw      a4, -60(s0)
core   0: 3 0x000000008000fe86 (0xfc442703) x14 0x0000000000000000 mem 0x0000000080031f34
core   0: 0x000000008000fe8a (0x0ff77713) andi    a4, a4, 255
core   0: 3 0x000000008000fe8a (0x0ff77713) x14 0x0000000000000000
core   0: 0x000000008000fe8e (0x00e78023) sb      a4, 0(a5)
core   0: 3 0x000000008000fe8e (0x00e78023) mem 0x000000008001205d 0x00
core   0: 0x000000008000fe92 (0xfc843703) ld      a4, -56(s0)
core   0: 3 0x000000008000fe92 (0xfc843703) x14 0x0000000080012040 mem 0x0000000080031f38
core   0: 0x000000008000fe96 (0xfb843783) ld      a5, -72(s0)
core   0: 3 0x000000008000fe96 (0xfb843783) x15 0x000000000000009c mem 0x0000000080031f28
core   0: 0x000000008000fe9a (0x000097ba) c.add   a5, a4
core   0: 3 0x000000008000fe9a (0x97ba) x15 0x00000000800120dc
core   0: 0x000000008000fe9c (0xfe043703) ld      a4, -32(s0)
core   0: 3 0x000000008000fe9c (0xfe043703) x14 0x000000008001205e mem 0x0000000080031f50
core   0: 0x000000008000fea0 (0xfcf76de3) bltu    a4, a5, pc - 38
core   0: 3 0x000000008000fea0 (0xfcf76de3)
core   0: 0x000000008000fe7a (0xfe043783) ld      a5, -32(s0)
core   0: 3 0x000000008000fe7a (0xfe043783) x15 0x000000008001205e mem 0x0000000080031f50
core   0: 0x000000008000fe7e (0x00178713) addi    a4, a5, 1
core   0: 3 0x000000008000fe7e (0x00178713) x14 0x000000008001205f
core   0: 0x000000008000fe82 (0xfee43023) sd      a4, -32(s0)
core   0: 3 0x000000008000fe82 (0xfee43023) mem 0x0000000080031f50 0x000000008001205f
core   0: 0x000000008000fe86 (0xfc442703) lw      a4, -60(s0)
core   0: 3 0x000000008000fe86 (0xfc442703) x14 0x0000000000000000 mem 0x0000000080031f34
core   0: 0x000000008000fe8a (0x0ff77713) andi    a4, a4, 255
core   0: 3 0x000000008000fe8a (0x0ff77713) x14 0x0000000000000000
core   0: 0x000000008000fe8e (0x00e78023) sb      a4, 0(a5)
core   0: 3 0x000000008000fe8e (0x00e78023) mem 0x000000008001205e 0x00
core   0: 0x000000008000fe92 (0xfc843703) ld      a4, -56(s0)
core   0: 3 0x000000008000fe92 (0xfc843703) x14 0x0000000080012040 mem 0x0000000080031f38
core   0: 0x000000008000fe96 (0xfb843783) ld      a5, -72(s0)
core   0: 3 0x000000008000fe96 (0xfb843783) x15 0x000000000000009c mem 0x0000000080031f28
core   0: 0x000000008000fe9a (0x000097ba) c.add   a5, a4
core   0: 3 0x000000008000fe9a (0x97ba) x15 0x00000000800120dc
core   0: 0x000000008000fe9c (0xfe043703) ld      a4, -32(s0)
core   0: 3 0x000000008000fe9c (0xfe043703) x14 0x000000008001205f mem 0x0000000080031f50
core   0: 0x000000008000fea0 (0xfcf76de3) bltu    a4, a5, pc - 38
core   0: 3 0x000000008000fea0 (0xfcf76de3)
core   0: 0x000000008000fe7a (0xfe043783) ld      a5, -32(s0)
core   0: 3 0x000000008000fe7a (0xfe043783) x15 0x000000008001205f mem 0x0000000080031f50
core   0: 0x000000008000fe7e (0x00178713) addi    a4, a5, 1
core   0: 3 0x000000008000fe7e (0x00178713) x14 0x0000000080012060
core   0: 0x000000008000fe82 (0xfee43023) sd      a4, -32(s0)
core   0: 3 0x000000008000fe82 (0xfee43023) mem 0x0000000080031f50 0x0000000080012060
core   0: 0x000000008000fe86 (0xfc442703) lw      a4, -60(s0)
core   0: 3 0x000000008000fe86 (0xfc442703) x14 0x0000000000000000 mem 0x0000000080031f34
core   0: 0x000000008000fe8a (0x0ff77713) andi    a4, a4, 255
core   0: 3 0x000000008000fe8a (0x0ff77713) x14 0x0000000000000000
core   0: 0x000000008000fe8e (0x00e78023) sb      a4, 0(a5)
core   0: 3 0x000000008000fe8e (0x00e78023) mem 0x000000008001205f 0x00
core   0: 0x000000008000fe92 (0xfc843703) ld      a4, -56(s0)
core   0: 3 0x000000008000fe92 (0xfc843703) x14 0x0000000080012040 mem 0x0000000080031f38
core   0: 0x000000008000fe96 (0xfb843783) ld      a5, -72(s0)
core   0: 3 0x000000008000fe96 (0xfb843783) x15 0x000000000000009c mem 0x0000000080031f28
core   0: 0x000000008000fe9a (0x000097ba) c.add   a5, a4
core   0: 3 0x000000008000fe9a (0x97ba) x15 0x00000000800120dc
core   0: 0x000000008000fe9c (0xfe043703) ld      a4, -32(s0)
core   0: 3 0x000000008000fe9c (0xfe043703) x14 0x0000000080012060 mem 0x0000000080031f50
core   0: 0x000000008000fea0 (0xfcf76de3) bltu    a4, a5, pc - 38
core   0: 3 0x000000008000fea0 (0xfcf76de3)
core   0: 0x000000008000fe7a (0xfe043783) ld      a5, -32(s0)
core   0: 3 0x000000008000fe7a (0xfe043783) x15 0x0000000080012060 mem 0x0000000080031f50
core   0: 0x000000008000fe7e (0x00178713) addi    a4, a5, 1
core   0: 3 0x000000008000fe7e (0x00178713) x14 0x0000000080012061
core   0: 0x000000008000fe82 (0xfee43023) sd      a4, -32(s0)
core   0: 3 0x000000008000fe82 (0xfee43023) mem 0x0000000080031f50 0x0000000080012061
core   0: 0x000000008000fe86 (0xfc442703) lw      a4, -60(s0)
core   0: 3 0x000000008000fe86 (0xfc442703) x14 0x0000000000000000 mem 0x0000000080031f34
core   0: 0x000000008000fe8a (0x0ff77713) andi    a4, a4, 255
core   0: 3 0x000000008000fe8a (0x0ff77713) x14 0x0000000000000000
core   0: 0x000000008000fe8e (0x00e78023) sb      a4, 0(a5)
core   0: 3 0x000000008000fe8e (0x00e78023) mem 0x0000000080012060 0x00
core   0: 0x000000008000fe92 (0xfc843703) ld      a4, -56(s0)
core   0: 3 0x000000008000fe92 (0xfc843703) x14 0x0000000080012040 mem 0x0000000080031f38
core   0: 0x000000008000fe96 (0xfb843783) ld      a5, -72(s0)
core   0: 3 0x000000008000fe96 (0xfb843783) x15 0x000000000000009c mem 0x0000000080031f28
core   0: 0x000000008000fe9a (0x000097ba) c.add   a5, a4
core   0: 3 0x000000008000fe9a (0x97ba) x15 0x00000000800120dc
core   0: 0x000000008000fe9c (0xfe043703) ld      a4, -32(s0)
core   0: 3 0x000000008000fe9c (0xfe043703) x14 0x0000000080012061 mem 0x0000000080031f50
core   0: 0x000000008000fea0 (0xfcf76de3) bltu    a4, a5, pc - 38
core   0: 3 0x000000008000fea0 (0xfcf76de3)
core   0: 0x000000008000fe7a (0xfe043783) ld      a5, -32(s0)
core   0: 3 0x000000008000fe7a (0xfe043783) x15 0x0000000080012061 mem 0x0000000080031f50
core   0: 0x000000008000fe7e (0x00178713) addi    a4, a5, 1
core   0: 3 0x000000008000fe7e (0x00178713) x14 0x0000000080012062
core   0: 0x000000008000fe82 (0xfee43023) sd      a4, -32(s0)
core   0: 3 0x000000008000fe82 (0xfee43023) mem 0x0000000080031f50 0x0000000080012062
core   0: 0x000000008000fe86 (0xfc442703) lw      a4, -60(s0)
core   0: 3 0x000000008000fe86 (0xfc442703) x14 0x0000000000000000 mem 0x0000000080031f34
core   0: 0x000000008000fe8a (0x0ff77713) andi    a4, a4, 255
core   0: 3 0x000000008000fe8a (0x0ff77713) x14 0x0000000000000000
core   0: 0x000000008000fe8e (0x00e78023) sb      a4, 0(a5)
core   0: 3 0x000000008000fe8e (0x00e78023) mem 0x0000000080012061 0x00
core   0: 0x000000008000fe92 (0xfc843703) ld      a4, -56(s0)
core   0: 3 0x000000008000fe92 (0xfc843703) x14 0x0000000080012040 mem 0x0000000080031f38
core   0: 0x000000008000fe96 (0xfb843783) ld      a5, -72(s0)
core   0: 3 0x000000008000fe96 (0xfb843783) x15 0x000000000000009c mem 0x0000000080031f28
core   0: 0x000000008000fe9a (0x000097ba) c.add   a5, a4
core   0: 3 0x000000008000fe9a (0x97ba) x15 0x00000000800120dc
core   0: 0x000000008000fe9c (0xfe043703) ld      a4, -32(s0)
core   0: 3 0x000000008000fe9c (0xfe043703) x14 0x0000000080012062 mem 0x0000000080031f50
core   0: 0x000000008000fea0 (0xfcf76de3) bltu    a4, a5, pc - 38
core   0: 3 0x000000008000fea0 (0xfcf76de3)
core   0: 0x000000008000fe7a (0xfe043783) ld      a5, -32(s0)
core   0: 3 0x000000008000fe7a (0xfe043783) x15 0x0000000080012062 mem 0x0000000080031f50
core   0: 0x000000008000fe7e (0x00178713) addi    a4, a5, 1
core   0: 3 0x000000008000fe7e (0x00178713) x14 0x0000000080012063
core   0: 0x000000008000fe82 (0xfee43023) sd      a4, -32(s0)
core   0: 3 0x000000008000fe82 (0xfee43023) mem 0x0000000080031f50 0x0000000080012063
core   0: 0x000000008000fe86 (0xfc442703) lw      a4, -60(s0)
core   0: 3 0x000000008000fe86 (0xfc442703) x14 0x0000000000000000 mem 0x0000000080031f34
core   0: 0x000000008000fe8a (0x0ff77713) andi    a4, a4, 255
core   0: 3 0x000000008000fe8a (0x0ff77713) x14 0x0000000000000000
core   0: 0x000000008000fe8e (0x00e78023) sb      a4, 0(a5)
core   0: 3 0x000000008000fe8e (0x00e78023) mem 0x0000000080012062 0x00
core   0: 0x000000008000fe92 (0xfc843703) ld      a4, -56(s0)
core   0: 3 0x000000008000fe92 (0xfc843703) x14 0x0000000080012040 mem 0x0000000080031f38
core   0: 0x000000008000fe96 (0xfb843783) ld      a5, -72(s0)
core   0: 3 0x000000008000fe96 (0xfb843783) x15 0x000000000000009c mem 0x0000000080031f28
core   0: 0x000000008000fe9a (0x000097ba) c.add   a5, a4
core   0: 3 0x000000008000fe9a (0x97ba) x15 0x00000000800120dc
core   0: 0x000000008000fe9c (0xfe043703) ld      a4, -32(s0)
core   0: 3 0x000000008000fe9c (0xfe043703) x14 0x0000000080012063 mem 0x0000000080031f50
core   0: 0x000000008000fea0 (0xfcf76de3) bltu    a4, a5, pc - 38
core   0: 3 0x000000008000fea0 (0xfcf76de3)
core   0: 0x000000008000fe7a (0xfe043783) ld      a5, -32(s0)
core   0: 3 0x000000008000fe7a (0xfe043783) x15 0x0000000080012063 mem 0x0000000080031f50
core   0: 0x000000008000fe7e (0x00178713) addi    a4, a5, 1
core   0: 3 0x000000008000fe7e (0x00178713) x14 0x0000000080012064
core   0: 0x000000008000fe82 (0xfee43023) sd      a4, -32(s0)
core   0: 3 0x000000008000fe82 (0xfee43023) mem 0x0000000080031f50 0x0000000080012064
core   0: 0x000000008000fe86 (0xfc442703) lw      a4, -60(s0)
core   0: 3 0x000000008000fe86 (0xfc442703) x14 0x0000000000000000 mem 0x0000000080031f34
core   0: 0x000000008000fe8a (0x0ff77713) andi    a4, a4, 255
core   0: 3 0x000000008000fe8a (0x0ff77713) x14 0x0000000000000000
core   0: 0x000000008000fe8e (0x00e78023) sb      a4, 0(a5)
core   0: 3 0x000000008000fe8e (0x00e78023) mem 0x0000000080012063 0x00
core   0: 0x000000008000fe92 (0xfc843703) ld      a4, -56(s0)
core   0: 3 0x000000008000fe92 (0xfc843703) x14 0x0000000080012040 mem 0x0000000080031f38
core   0: 0x000000008000fe96 (0xfb843783) ld      a5, -72(s0)
core   0: 3 0x000000008000fe96 (0xfb843783) x15 0x000000000000009c mem 0x0000000080031f28
core   0: 0x000000008000fe9a (0x000097ba) c.add   a5, a4
core   0: 3 0x000000008000fe9a (0x97ba) x15 0x00000000800120dc
core   0: 0x000000008000fe9c (0xfe043703) ld      a4, -32(s0)
core   0: 3 0x000000008000fe9c (0xfe043703) x14 0x0000000080012064 mem 0x0000000080031f50
core   0: 0x000000008000fea0 (0xfcf76de3) bltu    a4, a5, pc - 38
core   0: 3 0x000000008000fea0 (0xfcf76de3)
core   0: 0x000000008000fe7a (0xfe043783) ld      a5, -32(s0)
core   0: 3 0x000000008000fe7a (0xfe043783) x15 0x0000000080012064 mem 0x0000000080031f50
core   0: 0x000000008000fe7e (0x00178713) addi    a4, a5, 1
core   0: 3 0x000000008000fe7e (0x00178713) x14 0x0000000080012065
core   0: 0x000000008000fe82 (0xfee43023) sd      a4, -32(s0)
core   0: 3 0x000000008000fe82 (0xfee43023) mem 0x0000000080031f50 0x0000000080012065
core   0: 0x000000008000fe86 (0xfc442703) lw      a4, -60(s0)
core   0: 3 0x000000008000fe86 (0xfc442703) x14 0x0000000000000000 mem 0x0000000080031f34
core   0: 0x000000008000fe8a (0x0ff77713) andi    a4, a4, 255
core   0: 3 0x000000008000fe8a (0x0ff77713) x14 0x0000000000000000
core   0: 0x000000008000fe8e (0x00e78023) sb      a4, 0(a5)
core   0: 3 0x000000008000fe8e (0x00e78023) mem 0x0000000080012064 0x00
core   0: 0x000000008000fe92 (0xfc843703) ld      a4, -56(s0)
core   0: 3 0x000000008000fe92 (0xfc843703) x14 0x0000000080012040 mem 0x0000000080031f38
core   0: 0x000000008000fe96 (0xfb843783) ld      a5, -72(s0)
core   0: 3 0x000000008000fe96 (0xfb843783) x15 0x000000000000009c mem 0x0000000080031f28
core   0: 0x000000008000fe9a (0x000097ba) c.add   a5, a4
core   0: 3 0x000000008000fe9a (0x97ba) x15 0x00000000800120dc
core   0: 0x000000008000fe9c (0xfe043703) ld      a4, -32(s0)
core   0: 3 0x000000008000fe9c (0xfe043703) x14 0x0000000080012065 mem 0x0000000080031f50
core   0: 0x000000008000fea0 (0xfcf76de3) bltu    a4, a5, pc - 38
core   0: 3 0x000000008000fea0 (0xfcf76de3)
core   0: 0x000000008000fe7a (0xfe043783) ld      a5, -32(s0)
core   0: 3 0x000000008000fe7a (0xfe043783) x15 0x0000000080012065 mem 0x0000000080031f50
core   0: 0x000000008000fe7e (0x00178713) addi    a4, a5, 1
core   0: 3 0x000000008000fe7e (0x00178713) x14 0x0000000080012066
core   0: 0x000000008000fe82 (0xfee43023) sd      a4, -32(s0)
core   0: 3 0x000000008000fe82 (0xfee43023) mem 0x0000000080031f50 0x0000000080012066
core   0: 0x000000008000fe86 (0xfc442703) lw      a4, -60(s0)
core   0: 3 0x000000008000fe86 (0xfc442703) x14 0x0000000000000000 mem 0x0000000080031f34
core   0: 0x000000008000fe8a (0x0ff77713) andi    a4, a4, 255
core   0: 3 0x000000008000fe8a (0x0ff77713) x14 0x0000000000000000
core   0: 0x000000008000fe8e (0x00e78023) sb      a4, 0(a5)
core   0: 3 0x000000008000fe8e (0x00e78023) mem 0x0000000080012065 0x00
core   0: 0x000000008000fe92 (0xfc843703) ld      a4, -56(s0)
core   0: 3 0x000000008000fe92 (0xfc843703) x14 0x0000000080012040 mem 0x0000000080031f38
core   0: 0x000000008000fe96 (0xfb843783) ld      a5, -72(s0)
core   0: 3 0x000000008000fe96 (0xfb843783) x15 0x000000000000009c mem 0x0000000080031f28
core   0: 0x000000008000fe9a (0x000097ba) c.add   a5, a4
core   0: 3 0x000000008000fe9a (0x97ba) x15 0x00000000800120dc
core   0: 0x000000008000fe9c (0xfe043703) ld      a4, -32(s0)
core   0: 3 0x000000008000fe9c (0xfe043703) x14 0x0000000080012066 mem 0x0000000080031f50
core   0: 0x000000008000fea0 (0xfcf76de3) bltu    a4, a5, pc - 38
core   0: 3 0x000000008000fea0 (0xfcf76de3)
core   0: 0x000000008000fe7a (0xfe043783) ld      a5, -32(s0)
core   0: 3 0x000000008000fe7a (0xfe043783) x15 0x0000000080012066 mem 0x0000000080031f50
core   0: 0x000000008000fe7e (0x00178713) addi    a4, a5, 1
core   0: 3 0x000000008000fe7e (0x00178713) x14 0x0000000080012067
core   0: 0x000000008000fe82 (0xfee43023) sd      a4, -32(s0)
core   0: 3 0x000000008000fe82 (0xfee43023) mem 0x0000000080031f50 0x0000000080012067
core   0: 0x000000008000fe86 (0xfc442703) lw      a4, -60(s0)
core   0: 3 0x000000008000fe86 (0xfc442703) x14 0x0000000000000000 mem 0x0000000080031f34
core   0: 0x000000008000fe8a (0x0ff77713) andi    a4, a4, 255
core   0: 3 0x000000008000fe8a (0x0ff77713) x14 0x0000000000000000
core   0: 0x000000008000fe8e (0x00e78023) sb      a4, 0(a5)
core   0: 3 0x000000008000fe8e (0x00e78023) mem 0x0000000080012066 0x00
core   0: 0x000000008000fe92 (0xfc843703) ld      a4, -56(s0)
core   0: 3 0x000000008000fe92 (0xfc843703) x14 0x0000000080012040 mem 0x0000000080031f38
core   0: 0x000000008000fe96 (0xfb843783) ld      a5, -72(s0)
core   0: 3 0x000000008000fe96 (0xfb843783) x15 0x000000000000009c mem 0x0000000080031f28
core   0: 0x000000008000fe9a (0x000097ba) c.add   a5, a4
core   0: 3 0x000000008000fe9a (0x97ba) x15 0x00000000800120dc
core   0: 0x000000008000fe9c (0xfe043703) ld      a4, -32(s0)
core   0: 3 0x000000008000fe9c (0xfe043703) x14 0x0000000080012067 mem 0x0000000080031f50
core   0: 0x000000008000fea0 (0xfcf76de3) bltu    a4, a5, pc - 38
core   0: 3 0x000000008000fea0 (0xfcf76de3)
core   0: 0x000000008000fe7a (0xfe043783) ld      a5, -32(s0)
core   0: 3 0x000000008000fe7a (0xfe043783) x15 0x0000000080012067 mem 0x0000000080031f50
core   0: 0x000000008000fe7e (0x00178713) addi    a4, a5, 1
core   0: 3 0x000000008000fe7e (0x00178713) x14 0x0000000080012068
core   0: 0x000000008000fe82 (0xfee43023) sd      a4, -32(s0)
core   0: 3 0x000000008000fe82 (0xfee43023) mem 0x0000000080031f50 0x0000000080012068
core   0: 0x000000008000fe86 (0xfc442703) lw      a4, -60(s0)
core   0: 3 0x000000008000fe86 (0xfc442703) x14 0x0000000000000000 mem 0x0000000080031f34
core   0: 0x000000008000fe8a (0x0ff77713) andi    a4, a4, 255
core   0: 3 0x000000008000fe8a (0x0ff77713) x14 0x0000000000000000
core   0: 0x000000008000fe8e (0x00e78023) sb      a4, 0(a5)
core   0: 3 0x000000008000fe8e (0x00e78023) mem 0x0000000080012067 0x00
core   0: 0x000000008000fe92 (0xfc843703) ld      a4, -56(s0)
core   0: 3 0x000000008000fe92 (0xfc843703) x14 0x0000000080012040 mem 0x0000000080031f38
core   0: 0x000000008000fe96 (0xfb843783) ld      a5, -72(s0)
core   0: 3 0x000000008000fe96 (0xfb843783) x15 0x000000000000009c mem 0x0000000080031f28
core   0: 0x000000008000fe9a (0x000097ba) c.add   a5, a4
core   0: 3 0x000000008000fe9a (0x97ba) x15 0x00000000800120dc
core   0: 0x000000008000fe9c (0xfe043703) ld      a4, -32(s0)
core   0: 3 0x000000008000fe9c (0xfe043703) x14 0x0000000080012068 mem 0x0000000080031f50
core   0: 0x000000008000fea0 (0xfcf76de3) bltu    a4, a5, pc - 38
core   0: 3 0x000000008000fea0 (0xfcf76de3)
core   0: 0x000000008000fe7a (0xfe043783) ld      a5, -32(s0)
core   0: 3 0x000000008000fe7a (0xfe043783) x15 0x0000000080012068 mem 0x0000000080031f50
core   0: 0x000000008000fe7e (0x00178713) addi    a4, a5, 1
core   0: 3 0x000000008000fe7e (0x00178713) x14 0x0000000080012069
core   0: 0x000000008000fe82 (0xfee43023) sd      a4, -32(s0)
core   0: 3 0x000000008000fe82 (0xfee43023) mem 0x0000000080031f50 0x0000000080012069
core   0: 0x000000008000fe86 (0xfc442703) lw      a4, -60(s0)
core   0: 3 0x000000008000fe86 (0xfc442703) x14 0x0000000000000000 mem 0x0000000080031f34
core   0: 0x000000008000fe8a (0x0ff77713) andi    a4, a4, 255
core   0: 3 0x000000008000fe8a (0x0ff77713) x14 0x0000000000000000
core   0: 0x000000008000fe8e (0x00e78023) sb      a4, 0(a5)
core   0: 3 0x000000008000fe8e (0x00e78023) mem 0x0000000080012068 0x00
core   0: 0x000000008000fe92 (0xfc843703) ld      a4, -56(s0)
core   0: 3 0x000000008000fe92 (0xfc843703) x14 0x0000000080012040 mem 0x0000000080031f38
core   0: 0x000000008000fe96 (0xfb843783) ld      a5, -72(s0)
core   0: 3 0x000000008000fe96 (0xfb843783) x15 0x000000000000009c mem 0x0000000080031f28
core   0: 0x000000008000fe9a (0x000097ba) c.add   a5, a4
core   0: 3 0x000000008000fe9a (0x97ba) x15 0x00000000800120dc
core   0: 0x000000008000fe9c (0xfe043703) ld      a4, -32(s0)
core   0: 3 0x000000008000fe9c (0xfe043703) x14 0x0000000080012069 mem 0x0000000080031f50
core   0: 0x000000008000fea0 (0xfcf76de3) bltu    a4, a5, pc - 38
core   0: 3 0x000000008000fea0 (0xfcf76de3)
core   0: 0x000000008000fe7a (0xfe043783) ld      a5, -32(s0)
core   0: 3 0x000000008000fe7a (0xfe043783) x15 0x0000000080012069 mem 0x0000000080031f50
core   0: 0x000000008000fe7e (0x00178713) addi    a4, a5, 1
core   0: 3 0x000000008000fe7e (0x00178713) x14 0x000000008001206a
core   0: 0x000000008000fe82 (0xfee43023) sd      a4, -32(s0)
core   0: 3 0x000000008000fe82 (0xfee43023) mem 0x0000000080031f50 0x000000008001206a
core   0: 0x000000008000fe86 (0xfc442703) lw      a4, -60(s0)
core   0: 3 0x000000008000fe86 (0xfc442703) x14 0x0000000000000000 mem 0x0000000080031f34
core   0: 0x000000008000fe8a (0x0ff77713) andi    a4, a4, 255
core   0: 3 0x000000008000fe8a (0x0ff77713) x14 0x0000000000000000
core   0: 0x000000008000fe8e (0x00e78023) sb      a4, 0(a5)
core   0: 3 0x000000008000fe8e (0x00e78023) mem 0x0000000080012069 0x00
core   0: 0x000000008000fe92 (0xfc843703) ld      a4, -56(s0)
core   0: 3 0x000000008000fe92 (0xfc843703) x14 0x0000000080012040 mem 0x0000000080031f38
core   0: 0x000000008000fe96 (0xfb843783) ld      a5, -72(s0)
core   0: 3 0x000000008000fe96 (0xfb843783) x15 0x000000000000009c mem 0x0000000080031f28
core   0: 0x000000008000fe9a (0x000097ba) c.add   a5, a4
core   0: 3 0x000000008000fe9a (0x97ba) x15 0x00000000800120dc
core   0: 0x000000008000fe9c (0xfe043703) ld      a4, -32(s0)
core   0: 3 0x000000008000fe9c (0xfe043703) x14 0x000000008001206a mem 0x0000000080031f50
core   0: 0x000000008000fea0 (0xfcf76de3) bltu    a4, a5, pc - 38
core   0: 3 0x000000008000fea0 (0xfcf76de3)
core   0: 0x000000008000fe7a (0xfe043783) ld      a5, -32(s0)
core   0: 3 0x000000008000fe7a (0xfe043783) x15 0x000000008001206a mem 0x0000000080031f50
core   0: 0x000000008000fe7e (0x00178713) addi    a4, a5, 1
core   0: 3 0x000000008000fe7e (0x00178713) x14 0x000000008001206b
core   0: 0x000000008000fe82 (0xfee43023) sd      a4, -32(s0)
core   0: 3 0x000000008000fe82 (0xfee43023) mem 0x0000000080031f50 0x000000008001206b
core   0: 0x000000008000fe86 (0xfc442703) lw      a4, -60(s0)
core   0: 3 0x000000008000fe86 (0xfc442703) x14 0x0000000000000000 mem 0x0000000080031f34
core   0: 0x000000008000fe8a (0x0ff77713) andi    a4, a4, 255
core   0: 3 0x000000008000fe8a (0x0ff77713) x14 0x0000000000000000
core   0: 0x000000008000fe8e (0x00e78023) sb      a4, 0(a5)
core   0: 3 0x000000008000fe8e (0x00e78023) mem 0x000000008001206a 0x00
core   0: 0x000000008000fe92 (0xfc843703) ld      a4, -56(s0)
core   0: 3 0x000000008000fe92 (0xfc843703) x14 0x0000000080012040 mem 0x0000000080031f38
core   0: 0x000000008000fe96 (0xfb843783) ld      a5, -72(s0)
core   0: 3 0x000000008000fe96 (0xfb843783) x15 0x000000000000009c mem 0x0000000080031f28
core   0: 0x000000008000fe9a (0x000097ba) c.add   a5, a4
core   0: 3 0x000000008000fe9a (0x97ba) x15 0x00000000800120dc
core   0: 0x000000008000fe9c (0xfe043703) ld      a4, -32(s0)
core   0: 3 0x000000008000fe9c (0xfe043703) x14 0x000000008001206b mem 0x0000000080031f50
core   0: 0x000000008000fea0 (0xfcf76de3) bltu    a4, a5, pc - 38
core   0: 3 0x000000008000fea0 (0xfcf76de3)
core   0: 0x000000008000fe7a (0xfe043783) ld      a5, -32(s0)
core   0: 3 0x000000008000fe7a (0xfe043783) x15 0x000000008001206b mem 0x0000000080031f50
core   0: 0x000000008000fe7e (0x00178713) addi    a4, a5, 1
core   0: 3 0x000000008000fe7e (0x00178713) x14 0x000000008001206c
core   0: 0x000000008000fe82 (0xfee43023) sd      a4, -32(s0)
core   0: 3 0x000000008000fe82 (0xfee43023) mem 0x0000000080031f50 0x000000008001206c
core   0: 0x000000008000fe86 (0xfc442703) lw      a4, -60(s0)
core   0: 3 0x000000008000fe86 (0xfc442703) x14 0x0000000000000000 mem 0x0000000080031f34
core   0: 0x000000008000fe8a (0x0ff77713) andi    a4, a4, 255
core   0: 3 0x000000008000fe8a (0x0ff77713) x14 0x0000000000000000
core   0: 0x000000008000fe8e (0x00e78023) sb      a4, 0(a5)
core   0: 3 0x000000008000fe8e (0x00e78023) mem 0x000000008001206b 0x00
core   0: 0x000000008000fe92 (0xfc843703) ld      a4, -56(s0)
core   0: 3 0x000000008000fe92 (0xfc843703) x14 0x0000000080012040 mem 0x0000000080031f38
core   0: 0x000000008000fe96 (0xfb843783) ld      a5, -72(s0)
core   0: 3 0x000000008000fe96 (0xfb843783) x15 0x000000000000009c mem 0x0000000080031f28
core   0: 0x000000008000fe9a (0x000097ba) c.add   a5, a4
core   0: 3 0x000000008000fe9a (0x97ba) x15 0x00000000800120dc
core   0: 0x000000008000fe9c (0xfe043703) ld      a4, -32(s0)
core   0: 3 0x000000008000fe9c (0xfe043703) x14 0x000000008001206c mem 0x0000000080031f50
core   0: 0x000000008000fea0 (0xfcf76de3) bltu    a4, a5, pc - 38
core   0: 3 0x000000008000fea0 (0xfcf76de3)
core   0: 0x000000008000fe7a (0xfe043783) ld      a5, -32(s0)
core   0: 3 0x000000008000fe7a (0xfe043783) x15 0x000000008001206c mem 0x0000000080031f50
core   0: 0x000000008000fe7e (0x00178713) addi    a4, a5, 1
core   0: 3 0x000000008000fe7e (0x00178713) x14 0x000000008001206d
core   0: 0x000000008000fe82 (0xfee43023) sd      a4, -32(s0)
core   0: 3 0x000000008000fe82 (0xfee43023) mem 0x0000000080031f50 0x000000008001206d
core   0: 0x000000008000fe86 (0xfc442703) lw      a4, -60(s0)
core   0: 3 0x000000008000fe86 (0xfc442703) x14 0x0000000000000000 mem 0x0000000080031f34
core   0: 0x000000008000fe8a (0x0ff77713) andi    a4, a4, 255
core   0: 3 0x000000008000fe8a (0x0ff77713) x14 0x0000000000000000
core   0: 0x000000008000fe8e (0x00e78023) sb      a4, 0(a5)
core   0: 3 0x000000008000fe8e (0x00e78023) mem 0x000000008001206c 0x00
core   0: 0x000000008000fe92 (0xfc843703) ld      a4, -56(s0)
core   0: 3 0x000000008000fe92 (0xfc843703) x14 0x0000000080012040 mem 0x0000000080031f38
core   0: 0x000000008000fe96 (0xfb843783) ld      a5, -72(s0)
core   0: 3 0x000000008000fe96 (0xfb843783) x15 0x000000000000009c mem 0x0000000080031f28
core   0: 0x000000008000fe9a (0x000097ba) c.add   a5, a4
core   0: 3 0x000000008000fe9a (0x97ba) x15 0x00000000800120dc
core   0: 0x000000008000fe9c (0xfe043703) ld      a4, -32(s0)
core   0: 3 0x000000008000fe9c (0xfe043703) x14 0x000000008001206d mem 0x0000000080031f50
core   0: 0x000000008000fea0 (0xfcf76de3) bltu    a4, a5, pc - 38
core   0: 3 0x000000008000fea0 (0xfcf76de3)
core   0: 0x000000008000fe7a (0xfe043783) ld      a5, -32(s0)
core   0: 3 0x000000008000fe7a (0xfe043783) x15 0x000000008001206d mem 0x0000000080031f50
core   0: 0x000000008000fe7e (0x00178713) addi    a4, a5, 1
core   0: 3 0x000000008000fe7e (0x00178713) x14 0x000000008001206e
core   0: 0x000000008000fe82 (0xfee43023) sd      a4, -32(s0)
core   0: 3 0x000000008000fe82 (0xfee43023) mem 0x0000000080031f50 0x000000008001206e
core   0: 0x000000008000fe86 (0xfc442703) lw      a4, -60(s0)
core   0: 3 0x000000008000fe86 (0xfc442703) x14 0x0000000000000000 mem 0x0000000080031f34
core   0: 0x000000008000fe8a (0x0ff77713) andi    a4, a4, 255
core   0: 3 0x000000008000fe8a (0x0ff77713) x14 0x0000000000000000
core   0: 0x000000008000fe8e (0x00e78023) sb      a4, 0(a5)
core   0: 3 0x000000008000fe8e (0x00e78023) mem 0x000000008001206d 0x00
core   0: 0x000000008000fe92 (0xfc843703) ld      a4, -56(s0)
core   0: 3 0x000000008000fe92 (0xfc843703) x14 0x0000000080012040 mem 0x0000000080031f38
core   0: 0x000000008000fe96 (0xfb843783) ld      a5, -72(s0)
core   0: 3 0x000000008000fe96 (0xfb843783) x15 0x000000000000009c mem 0x0000000080031f28
core   0: 0x000000008000fe9a (0x000097ba) c.add   a5, a4
core   0: 3 0x000000008000fe9a (0x97ba) x15 0x00000000800120dc
core   0: 0x000000008000fe9c (0xfe043703) ld      a4, -32(s0)
core   0: 3 0x000000008000fe9c (0xfe043703) x14 0x000000008001206e mem 0x0000000080031f50
core   0: 0x000000008000fea0 (0xfcf76de3) bltu    a4, a5, pc - 38
core   0: 3 0x000000008000fea0 (0xfcf76de3)
core   0: 0x000000008000fe7a (0xfe043783) ld      a5, -32(s0)
core   0: 3 0x000000008000fe7a (0xfe043783) x15 0x000000008001206e mem 0x0000000080031f50
core   0: 0x000000008000fe7e (0x00178713) addi    a4, a5, 1
core   0: 3 0x000000008000fe7e (0x00178713) x14 0x000000008001206f
core   0: 0x000000008000fe82 (0xfee43023) sd      a4, -32(s0)
core   0: 3 0x000000008000fe82 (0xfee43023) mem 0x0000000080031f50 0x000000008001206f
core   0: 0x000000008000fe86 (0xfc442703) lw      a4, -60(s0)
core   0: 3 0x000000008000fe86 (0xfc442703) x14 0x0000000000000000 mem 0x0000000080031f34
core   0: 0x000000008000fe8a (0x0ff77713) andi    a4, a4, 255
core   0: 3 0x000000008000fe8a (0x0ff77713) x14 0x0000000000000000
core   0: 0x000000008000fe8e (0x00e78023) sb      a4, 0(a5)
core   0: 3 0x000000008000fe8e (0x00e78023) mem 0x000000008001206e 0x00
core   0: 0x000000008000fe92 (0xfc843703) ld      a4, -56(s0)
core   0: 3 0x000000008000fe92 (0xfc843703) x14 0x0000000080012040 mem 0x0000000080031f38
core   0: 0x000000008000fe96 (0xfb843783) ld      a5, -72(s0)
core   0: 3 0x000000008000fe96 (0xfb843783) x15 0x000000000000009c mem 0x0000000080031f28
core   0: 0x000000008000fe9a (0x000097ba) c.add   a5, a4
core   0: 3 0x000000008000fe9a (0x97ba) x15 0x00000000800120dc
core   0: 0x000000008000fe9c (0xfe043703) ld      a4, -32(s0)
core   0: 3 0x000000008000fe9c (0xfe043703) x14 0x000000008001206f mem 0x0000000080031f50
core   0: 0x000000008000fea0 (0xfcf76de3) bltu    a4, a5, pc - 38
core   0: 3 0x000000008000fea0 (0xfcf76de3)
core   0: 0x000000008000fe7a (0xfe043783) ld      a5, -32(s0)
core   0: 3 0x000000008000fe7a (0xfe043783) x15 0x000000008001206f mem 0x0000000080031f50
core   0: 0x000000008000fe7e (0x00178713) addi    a4, a5, 1
core   0: 3 0x000000008000fe7e (0x00178713) x14 0x0000000080012070
core   0: 0x000000008000fe82 (0xfee43023) sd      a4, -32(s0)
core   0: 3 0x000000008000fe82 (0xfee43023) mem 0x0000000080031f50 0x0000000080012070
core   0: 0x000000008000fe86 (0xfc442703) lw      a4, -60(s0)
core   0: 3 0x000000008000fe86 (0xfc442703) x14 0x0000000000000000 mem 0x0000000080031f34
core   0: 0x000000008000fe8a (0x0ff77713) andi    a4, a4, 255
core   0: 3 0x000000008000fe8a (0x0ff77713) x14 0x0000000000000000
core   0: 0x000000008000fe8e (0x00e78023) sb      a4, 0(a5)
core   0: 3 0x000000008000fe8e (0x00e78023) mem 0x000000008001206f 0x00
core   0: 0x000000008000fe92 (0xfc843703) ld      a4, -56(s0)
core   0: 3 0x000000008000fe92 (0xfc843703) x14 0x0000000080012040 mem 0x0000000080031f38
core   0: 0x000000008000fe96 (0xfb843783) ld      a5, -72(s0)
core   0: 3 0x000000008000fe96 (0xfb843783) x15 0x000000000000009c mem 0x0000000080031f28
core   0: 0x000000008000fe9a (0x000097ba) c.add   a5, a4
core   0: 3 0x000000008000fe9a (0x97ba) x15 0x00000000800120dc
core   0: 0x000000008000fe9c (0xfe043703) ld      a4, -32(s0)
core   0: 3 0x000000008000fe9c (0xfe043703) x14 0x0000000080012070 mem 0x0000000080031f50
core   0: 0x000000008000fea0 (0xfcf76de3) bltu    a4, a5, pc - 38
core   0: 3 0x000000008000fea0 (0xfcf76de3)
core   0: 0x000000008000fe7a (0xfe043783) ld      a5, -32(s0)
core   0: 3 0x000000008000fe7a (0xfe043783) x15 0x0000000080012070 mem 0x0000000080031f50
core   0: 0x000000008000fe7e (0x00178713) addi    a4, a5, 1
core   0: 3 0x000000008000fe7e (0x00178713) x14 0x0000000080012071
core   0: 0x000000008000fe82 (0xfee43023) sd      a4, -32(s0)
core   0: 3 0x000000008000fe82 (0xfee43023) mem 0x0000000080031f50 0x0000000080012071
core   0: 0x000000008000fe86 (0xfc442703) lw      a4, -60(s0)
core   0: 3 0x000000008000fe86 (0xfc442703) x14 0x0000000000000000 mem 0x0000000080031f34
core   0: 0x000000008000fe8a (0x0ff77713) andi    a4, a4, 255
core   0: 3 0x000000008000fe8a (0x0ff77713) x14 0x0000000000000000
core   0: 0x000000008000fe8e (0x00e78023) sb      a4, 0(a5)
core   0: 3 0x000000008000fe8e (0x00e78023) mem 0x0000000080012070 0x00
core   0: 0x000000008000fe92 (0xfc843703) ld      a4, -56(s0)
core   0: 3 0x000000008000fe92 (0xfc843703) x14 0x0000000080012040 mem 0x0000000080031f38
core   0: 0x000000008000fe96 (0xfb843783) ld      a5, -72(s0)
core   0: 3 0x000000008000fe96 (0xfb843783) x15 0x000000000000009c mem 0x0000000080031f28
core   0: 0x000000008000fe9a (0x000097ba) c.add   a5, a4
core   0: 3 0x000000008000fe9a (0x97ba) x15 0x00000000800120dc
core   0: 0x000000008000fe9c (0xfe043703) ld      a4, -32(s0)
core   0: 3 0x000000008000fe9c (0xfe043703) x14 0x0000000080012071 mem 0x0000000080031f50
core   0: 0x000000008000fea0 (0xfcf76de3) bltu    a4, a5, pc - 38
core   0: 3 0x000000008000fea0 (0xfcf76de3)
core   0: 0x000000008000fe7a (0xfe043783) ld      a5, -32(s0)
core   0: 3 0x000000008000fe7a (0xfe043783) x15 0x0000000080012071 mem 0x0000000080031f50
core   0: 0x000000008000fe7e (0x00178713) addi    a4, a5, 1
core   0: 3 0x000000008000fe7e (0x00178713) x14 0x0000000080012072
core   0: 0x000000008000fe82 (0xfee43023) sd      a4, -32(s0)
core   0: 3 0x000000008000fe82 (0xfee43023) mem 0x0000000080031f50 0x0000000080012072
core   0: 0x000000008000fe86 (0xfc442703) lw      a4, -60(s0)
core   0: 3 0x000000008000fe86 (0xfc442703) x14 0x0000000000000000 mem 0x0000000080031f34
core   0: 0x000000008000fe8a (0x0ff77713) andi    a4, a4, 255
core   0: 3 0x000000008000fe8a (0x0ff77713) x14 0x0000000000000000
core   0: 0x000000008000fe8e (0x00e78023) sb      a4, 0(a5)
core   0: 3 0x000000008000fe8e (0x00e78023) mem 0x0000000080012071 0x00
core   0: 0x000000008000fe92 (0xfc843703) ld      a4, -56(s0)
core   0: 3 0x000000008000fe92 (0xfc843703) x14 0x0000000080012040 mem 0x0000000080031f38
core   0: 0x000000008000fe96 (0xfb843783) ld      a5, -72(s0)
core   0: 3 0x000000008000fe96 (0xfb843783) x15 0x000000000000009c mem 0x0000000080031f28
core   0: 0x000000008000fe9a (0x000097ba) c.add   a5, a4
core   0: 3 0x000000008000fe9a (0x97ba) x15 0x00000000800120dc
core   0: 0x000000008000fe9c (0xfe043703) ld      a4, -32(s0)
core   0: 3 0x000000008000fe9c (0xfe043703) x14 0x0000000080012072 mem 0x0000000080031f50
core   0: 0x000000008000fea0 (0xfcf76de3) bltu    a4, a5, pc - 38
core   0: 3 0x000000008000fea0 (0xfcf76de3)
core   0: 0x000000008000fe7a (0xfe043783) ld      a5, -32(s0)
core   0: 3 0x000000008000fe7a (0xfe043783) x15 0x0000000080012072 mem 0x0000000080031f50
core   0: 0x000000008000fe7e (0x00178713) addi    a4, a5, 1
core   0: 3 0x000000008000fe7e (0x00178713) x14 0x0000000080012073
core   0: 0x000000008000fe82 (0xfee43023) sd      a4, -32(s0)
core   0: 3 0x000000008000fe82 (0xfee43023) mem 0x0000000080031f50 0x0000000080012073
core   0: 0x000000008000fe86 (0xfc442703) lw      a4, -60(s0)
core   0: 3 0x000000008000fe86 (0xfc442703) x14 0x0000000000000000 mem 0x0000000080031f34
core   0: 0x000000008000fe8a (0x0ff77713) andi    a4, a4, 255
core   0: 3 0x000000008000fe8a (0x0ff77713) x14 0x0000000000000000
core   0: 0x000000008000fe8e (0x00e78023) sb      a4, 0(a5)
core   0: 3 0x000000008000fe8e (0x00e78023) mem 0x0000000080012072 0x00
core   0: 0x000000008000fe92 (0xfc843703) ld      a4, -56(s0)
core   0: 3 0x000000008000fe92 (0xfc843703) x14 0x0000000080012040 mem 0x0000000080031f38
core   0: 0x000000008000fe96 (0xfb843783) ld      a5, -72(s0)
core   0: 3 0x000000008000fe96 (0xfb843783) x15 0x000000000000009c mem 0x0000000080031f28
core   0: 0x000000008000fe9a (0x000097ba) c.add   a5, a4
core   0: 3 0x000000008000fe9a (0x97ba) x15 0x00000000800120dc
core   0: 0x000000008000fe9c (0xfe043703) ld      a4, -32(s0)
core   0: 3 0x000000008000fe9c (0xfe043703) x14 0x0000000080012073 mem 0x0000000080031f50
core   0: 0x000000008000fea0 (0xfcf76de3) bltu    a4, a5, pc - 38
core   0: 3 0x000000008000fea0 (0xfcf76de3)
core   0: 0x000000008000fe7a (0xfe043783) ld      a5, -32(s0)
core   0: 3 0x000000008000fe7a (0xfe043783) x15 0x0000000080012073 mem 0x0000000080031f50
core   0: 0x000000008000fe7e (0x00178713) addi    a4, a5, 1
core   0: 3 0x000000008000fe7e (0x00178713) x14 0x0000000080012074
core   0: 0x000000008000fe82 (0xfee43023) sd      a4, -32(s0)
core   0: 3 0x000000008000fe82 (0xfee43023) mem 0x0000000080031f50 0x0000000080012074
core   0: 0x000000008000fe86 (0xfc442703) lw      a4, -60(s0)
core   0: 3 0x000000008000fe86 (0xfc442703) x14 0x0000000000000000 mem 0x0000000080031f34
core   0: 0x000000008000fe8a (0x0ff77713) andi    a4, a4, 255
core   0: 3 0x000000008000fe8a (0x0ff77713) x14 0x0000000000000000
core   0: 0x000000008000fe8e (0x00e78023) sb      a4, 0(a5)
core   0: 3 0x000000008000fe8e (0x00e78023) mem 0x0000000080012073 0x00
core   0: 0x000000008000fe92 (0xfc843703) ld      a4, -56(s0)
core   0: 3 0x000000008000fe92 (0xfc843703) x14 0x0000000080012040 mem 0x0000000080031f38
core   0: 0x000000008000fe96 (0xfb843783) ld      a5, -72(s0)
core   0: 3 0x000000008000fe96 (0xfb843783) x15 0x000000000000009c mem 0x0000000080031f28
core   0: 0x000000008000fe9a (0x000097ba) c.add   a5, a4
core   0: 3 0x000000008000fe9a (0x97ba) x15 0x00000000800120dc
core   0: 0x000000008000fe9c (0xfe043703) ld      a4, -32(s0)
core   0: 3 0x000000008000fe9c (0xfe043703) x14 0x0000000080012074 mem 0x0000000080031f50
core   0: 0x000000008000fea0 (0xfcf76de3) bltu    a4, a5, pc - 38
core   0: 3 0x000000008000fea0 (0xfcf76de3)
core   0: 0x000000008000fe7a (0xfe043783) ld      a5, -32(s0)
core   0: 3 0x000000008000fe7a (0xfe043783) x15 0x0000000080012074 mem 0x0000000080031f50
core   0: 0x000000008000fe7e (0x00178713) addi    a4, a5, 1
core   0: 3 0x000000008000fe7e (0x00178713) x14 0x0000000080012075
core   0: 0x000000008000fe82 (0xfee43023) sd      a4, -32(s0)
core   0: 3 0x000000008000fe82 (0xfee43023) mem 0x0000000080031f50 0x0000000080012075
core   0: 0x000000008000fe86 (0xfc442703) lw      a4, -60(s0)
core   0: 3 0x000000008000fe86 (0xfc442703) x14 0x0000000000000000 mem 0x0000000080031f34
core   0: 0x000000008000fe8a (0x0ff77713) andi    a4, a4, 255
core   0: 3 0x000000008000fe8a (0x0ff77713) x14 0x0000000000000000
core   0: 0x000000008000fe8e (0x00e78023) sb      a4, 0(a5)
core   0: 3 0x000000008000fe8e (0x00e78023) mem 0x0000000080012074 0x00
core   0: 0x000000008000fe92 (0xfc843703) ld      a4, -56(s0)
core   0: 3 0x000000008000fe92 (0xfc843703) x14 0x0000000080012040 mem 0x0000000080031f38
core   0: 0x000000008000fe96 (0xfb843783) ld      a5, -72(s0)
core   0: 3 0x000000008000fe96 (0xfb843783) x15 0x000000000000009c mem 0x0000000080031f28
core   0: 0x000000008000fe9a (0x000097ba) c.add   a5, a4
core   0: 3 0x000000008000fe9a (0x97ba) x15 0x00000000800120dc
core   0: 0x000000008000fe9c (0xfe043703) ld      a4, -32(s0)
core   0: 3 0x000000008000fe9c (0xfe043703) x14 0x0000000080012075 mem 0x0000000080031f50
core   0: 0x000000008000fea0 (0xfcf76de3) bltu    a4, a5, pc - 38
core   0: 3 0x000000008000fea0 (0xfcf76de3)
core   0: 0x000000008000fe7a (0xfe043783) ld      a5, -32(s0)
core   0: 3 0x000000008000fe7a (0xfe043783) x15 0x0000000080012075 mem 0x0000000080031f50
core   0: 0x000000008000fe7e (0x00178713) addi    a4, a5, 1
core   0: 3 0x000000008000fe7e (0x00178713) x14 0x0000000080012076
core   0: 0x000000008000fe82 (0xfee43023) sd      a4, -32(s0)
core   0: 3 0x000000008000fe82 (0xfee43023) mem 0x0000000080031f50 0x0000000080012076
core   0: 0x000000008000fe86 (0xfc442703) lw      a4, -60(s0)
core   0: 3 0x000000008000fe86 (0xfc442703) x14 0x0000000000000000 mem 0x0000000080031f34
core   0: 0x000000008000fe8a (0x0ff77713) andi    a4, a4, 255
core   0: 3 0x000000008000fe8a (0x0ff77713) x14 0x0000000000000000
core   0: 0x000000008000fe8e (0x00e78023) sb      a4, 0(a5)
core   0: 3 0x000000008000fe8e (0x00e78023) mem 0x0000000080012075 0x00
core   0: 0x000000008000fe92 (0xfc843703) ld      a4, -56(s0)
core   0: 3 0x000000008000fe92 (0xfc843703) x14 0x0000000080012040 mem 0x0000000080031f38
core   0: 0x000000008000fe96 (0xfb843783) ld      a5, -72(s0)
core   0: 3 0x000000008000fe96 (0xfb843783) x15 0x000000000000009c mem 0x0000000080031f28
core   0: 0x000000008000fe9a (0x000097ba) c.add   a5, a4
core   0: 3 0x000000008000fe9a (0x97ba) x15 0x00000000800120dc
core   0: 0x000000008000fe9c (0xfe043703) ld      a4, -32(s0)
core   0: 3 0x000000008000fe9c (0xfe043703) x14 0x0000000080012076 mem 0x0000000080031f50
core   0: 0x000000008000fea0 (0xfcf76de3) bltu    a4, a5, pc - 38
core   0: 3 0x000000008000fea0 (0xfcf76de3)
core   0: 0x000000008000fe7a (0xfe043783) ld      a5, -32(s0)
core   0: 3 0x000000008000fe7a (0xfe043783) x15 0x0000000080012076 mem 0x0000000080031f50
core   0: 0x000000008000fe7e (0x00178713) addi    a4, a5, 1
core   0: 3 0x000000008000fe7e (0x00178713) x14 0x0000000080012077
core   0: 0x000000008000fe82 (0xfee43023) sd      a4, -32(s0)
core   0: 3 0x000000008000fe82 (0xfee43023) mem 0x0000000080031f50 0x0000000080012077
core   0: 0x000000008000fe86 (0xfc442703) lw      a4, -60(s0)
core   0: 3 0x000000008000fe86 (0xfc442703) x14 0x0000000000000000 mem 0x0000000080031f34
core   0: 0x000000008000fe8a (0x0ff77713) andi    a4, a4, 255
core   0: 3 0x000000008000fe8a (0x0ff77713) x14 0x0000000000000000
core   0: 0x000000008000fe8e (0x00e78023) sb      a4, 0(a5)
core   0: 3 0x000000008000fe8e (0x00e78023) mem 0x0000000080012076 0x00
core   0: 0x000000008000fe92 (0xfc843703) ld      a4, -56(s0)
core   0: 3 0x000000008000fe92 (0xfc843703) x14 0x0000000080012040 mem 0x0000000080031f38
core   0: 0x000000008000fe96 (0xfb843783) ld      a5, -72(s0)
core   0: 3 0x000000008000fe96 (0xfb843783) x15 0x000000000000009c mem 0x0000000080031f28
core   0: 0x000000008000fe9a (0x000097ba) c.add   a5, a4
core   0: 3 0x000000008000fe9a (0x97ba) x15 0x00000000800120dc
core   0: 0x000000008000fe9c (0xfe043703) ld      a4, -32(s0)
core   0: 3 0x000000008000fe9c (0xfe043703) x14 0x0000000080012077 mem 0x0000000080031f50
core   0: 0x000000008000fea0 (0xfcf76de3) bltu    a4, a5, pc - 38
core   0: 3 0x000000008000fea0 (0xfcf76de3)
core   0: 0x000000008000fe7a (0xfe043783) ld      a5, -32(s0)
core   0: 3 0x000000008000fe7a (0xfe043783) x15 0x0000000080012077 mem 0x0000000080031f50
core   0: 0x000000008000fe7e (0x00178713) addi    a4, a5, 1
core   0: 3 0x000000008000fe7e (0x00178713) x14 0x0000000080012078
core   0: 0x000000008000fe82 (0xfee43023) sd      a4, -32(s0)
core   0: 3 0x000000008000fe82 (0xfee43023) mem 0x0000000080031f50 0x0000000080012078
core   0: 0x000000008000fe86 (0xfc442703) lw      a4, -60(s0)
core   0: 3 0x000000008000fe86 (0xfc442703) x14 0x0000000000000000 mem 0x0000000080031f34
core   0: 0x000000008000fe8a (0x0ff77713) andi    a4, a4, 255
core   0: 3 0x000000008000fe8a (0x0ff77713) x14 0x0000000000000000
core   0: 0x000000008000fe8e (0x00e78023) sb      a4, 0(a5)
core   0: 3 0x000000008000fe8e (0x00e78023) mem 0x0000000080012077 0x00
core   0: 0x000000008000fe92 (0xfc843703) ld      a4, -56(s0)
core   0: 3 0x000000008000fe92 (0xfc843703) x14 0x0000000080012040 mem 0x0000000080031f38
core   0: 0x000000008000fe96 (0xfb843783) ld      a5, -72(s0)
core   0: 3 0x000000008000fe96 (0xfb843783) x15 0x000000000000009c mem 0x0000000080031f28
core   0: 0x000000008000fe9a (0x000097ba) c.add   a5, a4
core   0: 3 0x000000008000fe9a (0x97ba) x15 0x00000000800120dc
core   0: 0x000000008000fe9c (0xfe043703) ld      a4, -32(s0)
core   0: 3 0x000000008000fe9c (0xfe043703) x14 0x0000000080012078 mem 0x0000000080031f50
core   0: 0x000000008000fea0 (0xfcf76de3) bltu    a4, a5, pc - 38
core   0: 3 0x000000008000fea0 (0xfcf76de3)
core   0: 0x000000008000fe7a (0xfe043783) ld      a5, -32(s0)
core   0: 3 0x000000008000fe7a (0xfe043783) x15 0x0000000080012078 mem 0x0000000080031f50
core   0: 0x000000008000fe7e (0x00178713) addi    a4, a5, 1
core   0: 3 0x000000008000fe7e (0x00178713) x14 0x0000000080012079
core   0: 0x000000008000fe82 (0xfee43023) sd      a4, -32(s0)
core   0: 3 0x000000008000fe82 (0xfee43023) mem 0x0000000080031f50 0x0000000080012079
core   0: 0x000000008000fe86 (0xfc442703) lw      a4, -60(s0)
core   0: 3 0x000000008000fe86 (0xfc442703) x14 0x0000000000000000 mem 0x0000000080031f34
core   0: 0x000000008000fe8a (0x0ff77713) andi    a4, a4, 255
core   0: 3 0x000000008000fe8a (0x0ff77713) x14 0x0000000000000000
core   0: 0x000000008000fe8e (0x00e78023) sb      a4, 0(a5)
core   0: 3 0x000000008000fe8e (0x00e78023) mem 0x0000000080012078 0x00
core   0: 0x000000008000fe92 (0xfc843703) ld      a4, -56(s0)
core   0: 3 0x000000008000fe92 (0xfc843703) x14 0x0000000080012040 mem 0x0000000080031f38
core   0: 0x000000008000fe96 (0xfb843783) ld      a5, -72(s0)
core   0: 3 0x000000008000fe96 (0xfb843783) x15 0x000000000000009c mem 0x0000000080031f28
core   0: 0x000000008000fe9a (0x000097ba) c.add   a5, a4
core   0: 3 0x000000008000fe9a (0x97ba) x15 0x00000000800120dc
core   0: 0x000000008000fe9c (0xfe043703) ld      a4, -32(s0)
core   0: 3 0x000000008000fe9c (0xfe043703) x14 0x0000000080012079 mem 0x0000000080031f50
core   0: 0x000000008000fea0 (0xfcf76de3) bltu    a4, a5, pc - 38
core   0: 3 0x000000008000fea0 (0xfcf76de3)
core   0: 0x000000008000fe7a (0xfe043783) ld      a5, -32(s0)
core   0: 3 0x000000008000fe7a (0xfe043783) x15 0x0000000080012079 mem 0x0000000080031f50
core   0: 0x000000008000fe7e (0x00178713) addi    a4, a5, 1
core   0: 3 0x000000008000fe7e (0x00178713) x14 0x000000008001207a
core   0: 0x000000008000fe82 (0xfee43023) sd      a4, -32(s0)
core   0: 3 0x000000008000fe82 (0xfee43023) mem 0x0000000080031f50 0x000000008001207a
core   0: 0x000000008000fe86 (0xfc442703) lw      a4, -60(s0)
core   0: 3 0x000000008000fe86 (0xfc442703) x14 0x0000000000000000 mem 0x0000000080031f34
core   0: 0x000000008000fe8a (0x0ff77713) andi    a4, a4, 255
core   0: 3 0x000000008000fe8a (0x0ff77713) x14 0x0000000000000000
core   0: 0x000000008000fe8e (0x00e78023) sb      a4, 0(a5)
core   0: 3 0x000000008000fe8e (0x00e78023) mem 0x0000000080012079 0x00
core   0: 0x000000008000fe92 (0xfc843703) ld      a4, -56(s0)
core   0: 3 0x000000008000fe92 (0xfc843703) x14 0x0000000080012040 mem 0x0000000080031f38
core   0: 0x000000008000fe96 (0xfb843783) ld      a5, -72(s0)
core   0: 3 0x000000008000fe96 (0xfb843783) x15 0x000000000000009c mem 0x0000000080031f28
core   0: 0x000000008000fe9a (0x000097ba) c.add   a5, a4
core   0: 3 0x000000008000fe9a (0x97ba) x15 0x00000000800120dc
core   0: 0x000000008000fe9c (0xfe043703) ld      a4, -32(s0)
core   0: 3 0x000000008000fe9c (0xfe043703) x14 0x000000008001207a mem 0x0000000080031f50
core   0: 0x000000008000fea0 (0xfcf76de3) bltu    a4, a5, pc - 38
core   0: 3 0x000000008000fea0 (0xfcf76de3)
core   0: 0x000000008000fe7a (0xfe043783) ld      a5, -32(s0)
core   0: 3 0x000000008000fe7a (0xfe043783) x15 0x000000008001207a mem 0x0000000080031f50
core   0: 0x000000008000fe7e (0x00178713) addi    a4, a5, 1
core   0: 3 0x000000008000fe7e (0x00178713) x14 0x000000008001207b
core   0: 0x000000008000fe82 (0xfee43023) sd      a4, -32(s0)
core   0: 3 0x000000008000fe82 (0xfee43023) mem 0x0000000080031f50 0x000000008001207b
core   0: 0x000000008000fe86 (0xfc442703) lw      a4, -60(s0)
core   0: 3 0x000000008000fe86 (0xfc442703) x14 0x0000000000000000 mem 0x0000000080031f34
core   0: 0x000000008000fe8a (0x0ff77713) andi    a4, a4, 255
core   0: 3 0x000000008000fe8a (0x0ff77713) x14 0x0000000000000000
core   0: 0x000000008000fe8e (0x00e78023) sb      a4, 0(a5)
core   0: 3 0x000000008000fe8e (0x00e78023) mem 0x000000008001207a 0x00
core   0: 0x000000008000fe92 (0xfc843703) ld      a4, -56(s0)
core   0: 3 0x000000008000fe92 (0xfc843703) x14 0x0000000080012040 mem 0x0000000080031f38
core   0: 0x000000008000fe96 (0xfb843783) ld      a5, -72(s0)
core   0: 3 0x000000008000fe96 (0xfb843783) x15 0x000000000000009c mem 0x0000000080031f28
core   0: 0x000000008000fe9a (0x000097ba) c.add   a5, a4
core   0: 3 0x000000008000fe9a (0x97ba) x15 0x00000000800120dc
core   0: 0x000000008000fe9c (0xfe043703) ld      a4, -32(s0)
core   0: 3 0x000000008000fe9c (0xfe043703) x14 0x000000008001207b mem 0x0000000080031f50
core   0: 0x000000008000fea0 (0xfcf76de3) bltu    a4, a5, pc - 38
core   0: 3 0x000000008000fea0 (0xfcf76de3)
core   0: 0x000000008000fe7a (0xfe043783) ld      a5, -32(s0)
core   0: 3 0x000000008000fe7a (0xfe043783) x15 0x000000008001207b mem 0x0000000080031f50
core   0: 0x000000008000fe7e (0x00178713) addi    a4, a5, 1
core   0: 3 0x000000008000fe7e (0x00178713) x14 0x000000008001207c
core   0: 0x000000008000fe82 (0xfee43023) sd      a4, -32(s0)
core   0: 3 0x000000008000fe82 (0xfee43023) mem 0x0000000080031f50 0x000000008001207c
core   0: 0x000000008000fe86 (0xfc442703) lw      a4, -60(s0)
core   0: 3 0x000000008000fe86 (0xfc442703) x14 0x0000000000000000 mem 0x0000000080031f34
core   0: 0x000000008000fe8a (0x0ff77713) andi    a4, a4, 255
core   0: 3 0x000000008000fe8a (0x0ff77713) x14 0x0000000000000000
core   0: 0x000000008000fe8e (0x00e78023) sb      a4, 0(a5)
core   0: 3 0x000000008000fe8e (0x00e78023) mem 0x000000008001207b 0x00
core   0: 0x000000008000fe92 (0xfc843703) ld      a4, -56(s0)
core   0: 3 0x000000008000fe92 (0xfc843703) x14 0x0000000080012040 mem 0x0000000080031f38
core   0: 0x000000008000fe96 (0xfb843783) ld      a5, -72(s0)
core   0: 3 0x000000008000fe96 (0xfb843783) x15 0x000000000000009c mem 0x0000000080031f28
core   0: 0x000000008000fe9a (0x000097ba) c.add   a5, a4
core   0: 3 0x000000008000fe9a (0x97ba) x15 0x00000000800120dc
core   0: 0x000000008000fe9c (0xfe043703) ld      a4, -32(s0)
core   0: 3 0x000000008000fe9c (0xfe043703) x14 0x000000008001207c mem 0x0000000080031f50
core   0: 0x000000008000fea0 (0xfcf76de3) bltu    a4, a5, pc - 38
core   0: 3 0x000000008000fea0 (0xfcf76de3)
core   0: 0x000000008000fe7a (0xfe043783) ld      a5, -32(s0)
core   0: 3 0x000000008000fe7a (0xfe043783) x15 0x000000008001207c mem 0x0000000080031f50
core   0: 0x000000008000fe7e (0x00178713) addi    a4, a5, 1
core   0: 3 0x000000008000fe7e (0x00178713) x14 0x000000008001207d
core   0: 0x000000008000fe82 (0xfee43023) sd      a4, -32(s0)
core   0: 3 0x000000008000fe82 (0xfee43023) mem 0x0000000080031f50 0x000000008001207d
core   0: 0x000000008000fe86 (0xfc442703) lw      a4, -60(s0)
core   0: 3 0x000000008000fe86 (0xfc442703) x14 0x0000000000000000 mem 0x0000000080031f34
core   0: 0x000000008000fe8a (0x0ff77713) andi    a4, a4, 255
core   0: 3 0x000000008000fe8a (0x0ff77713) x14 0x0000000000000000
core   0: 0x000000008000fe8e (0x00e78023) sb      a4, 0(a5)
core   0: 3 0x000000008000fe8e (0x00e78023) mem 0x000000008001207c 0x00
core   0: 0x000000008000fe92 (0xfc843703) ld      a4, -56(s0)
core   0: 3 0x000000008000fe92 (0xfc843703) x14 0x0000000080012040 mem 0x0000000080031f38
core   0: 0x000000008000fe96 (0xfb843783) ld      a5, -72(s0)
core   0: 3 0x000000008000fe96 (0xfb843783) x15 0x000000000000009c mem 0x0000000080031f28
core   0: 0x000000008000fe9a (0x000097ba) c.add   a5, a4
core   0: 3 0x000000008000fe9a (0x97ba) x15 0x00000000800120dc
core   0: 0x000000008000fe9c (0xfe043703) ld      a4, -32(s0)
core   0: 3 0x000000008000fe9c (0xfe043703) x14 0x000000008001207d mem 0x0000000080031f50
core   0: 0x000000008000fea0 (0xfcf76de3) bltu    a4, a5, pc - 38
core   0: 3 0x000000008000fea0 (0xfcf76de3)
core   0: 0x000000008000fe7a (0xfe043783) ld      a5, -32(s0)
core   0: 3 0x000000008000fe7a (0xfe043783) x15 0x000000008001207d mem 0x0000000080031f50
core   0: 0x000000008000fe7e (0x00178713) addi    a4, a5, 1
core   0: 3 0x000000008000fe7e (0x00178713) x14 0x000000008001207e
core   0: 0x000000008000fe82 (0xfee43023) sd      a4, -32(s0)
core   0: 3 0x000000008000fe82 (0xfee43023) mem 0x0000000080031f50 0x000000008001207e
core   0: 0x000000008000fe86 (0xfc442703) lw      a4, -60(s0)
core   0: 3 0x000000008000fe86 (0xfc442703) x14 0x0000000000000000 mem 0x0000000080031f34
core   0: 0x000000008000fe8a (0x0ff77713) andi    a4, a4, 255
core   0: 3 0x000000008000fe8a (0x0ff77713) x14 0x0000000000000000
core   0: 0x000000008000fe8e (0x00e78023) sb      a4, 0(a5)
core   0: 3 0x000000008000fe8e (0x00e78023) mem 0x000000008001207d 0x00
core   0: 0x000000008000fe92 (0xfc843703) ld      a4, -56(s0)
core   0: 3 0x000000008000fe92 (0xfc843703) x14 0x0000000080012040 mem 0x0000000080031f38
core   0: 0x000000008000fe96 (0xfb843783) ld      a5, -72(s0)
core   0: 3 0x000000008000fe96 (0xfb843783) x15 0x000000000000009c mem 0x0000000080031f28
core   0: 0x000000008000fe9a (0x000097ba) c.add   a5, a4
core   0: 3 0x000000008000fe9a (0x97ba) x15 0x00000000800120dc
core   0: 0x000000008000fe9c (0xfe043703) ld      a4, -32(s0)
core   0: 3 0x000000008000fe9c (0xfe043703) x14 0x000000008001207e mem 0x0000000080031f50
core   0: 0x000000008000fea0 (0xfcf76de3) bltu    a4, a5, pc - 38
core   0: 3 0x000000008000fea0 (0xfcf76de3)
core   0: 0x000000008000fe7a (0xfe043783) ld      a5, -32(s0)
core   0: 3 0x000000008000fe7a (0xfe043783) x15 0x000000008001207e mem 0x0000000080031f50
core   0: 0x000000008000fe7e (0x00178713) addi    a4, a5, 1
core   0: 3 0x000000008000fe7e (0x00178713) x14 0x000000008001207f
core   0: 0x000000008000fe82 (0xfee43023) sd      a4, -32(s0)
core   0: 3 0x000000008000fe82 (0xfee43023) mem 0x0000000080031f50 0x000000008001207f
core   0: 0x000000008000fe86 (0xfc442703) lw      a4, -60(s0)
core   0: 3 0x000000008000fe86 (0xfc442703) x14 0x0000000000000000 mem 0x0000000080031f34
core   0: 0x000000008000fe8a (0x0ff77713) andi    a4, a4, 255
core   0: 3 0x000000008000fe8a (0x0ff77713) x14 0x0000000000000000
core   0: 0x000000008000fe8e (0x00e78023) sb      a4, 0(a5)
core   0: 3 0x000000008000fe8e (0x00e78023) mem 0x000000008001207e 0x00
core   0: 0x000000008000fe92 (0xfc843703) ld      a4, -56(s0)
core   0: 3 0x000000008000fe92 (0xfc843703) x14 0x0000000080012040 mem 0x0000000080031f38
core   0: 0x000000008000fe96 (0xfb843783) ld      a5, -72(s0)
core   0: 3 0x000000008000fe96 (0xfb843783) x15 0x000000000000009c mem 0x0000000080031f28
core   0: 0x000000008000fe9a (0x000097ba) c.add   a5, a4
core   0: 3 0x000000008000fe9a (0x97ba) x15 0x00000000800120dc
core   0: 0x000000008000fe9c (0xfe043703) ld      a4, -32(s0)
core   0: 3 0x000000008000fe9c (0xfe043703) x14 0x000000008001207f mem 0x0000000080031f50
core   0: 0x000000008000fea0 (0xfcf76de3) bltu    a4, a5, pc - 38
core   0: 3 0x000000008000fea0 (0xfcf76de3)
core   0: 0x000000008000fe7a (0xfe043783) ld      a5, -32(s0)
core   0: 3 0x000000008000fe7a (0xfe043783) x15 0x000000008001207f mem 0x0000000080031f50
core   0: 0x000000008000fe7e (0x00178713) addi    a4, a5, 1
core   0: 3 0x000000008000fe7e (0x00178713) x14 0x0000000080012080
core   0: 0x000000008000fe82 (0xfee43023) sd      a4, -32(s0)
core   0: 3 0x000000008000fe82 (0xfee43023) mem 0x0000000080031f50 0x0000000080012080
core   0: 0x000000008000fe86 (0xfc442703) lw      a4, -60(s0)
core   0: 3 0x000000008000fe86 (0xfc442703) x14 0x0000000000000000 mem 0x0000000080031f34
core   0: 0x000000008000fe8a (0x0ff77713) andi    a4, a4, 255
core   0: 3 0x000000008000fe8a (0x0ff77713) x14 0x0000000000000000
core   0: 0x000000008000fe8e (0x00e78023) sb      a4, 0(a5)
core   0: 3 0x000000008000fe8e (0x00e78023) mem 0x000000008001207f 0x00
core   0: 0x000000008000fe92 (0xfc843703) ld      a4, -56(s0)
core   0: 3 0x000000008000fe92 (0xfc843703) x14 0x0000000080012040 mem 0x0000000080031f38
core   0: 0x000000008000fe96 (0xfb843783) ld      a5, -72(s0)
core   0: 3 0x000000008000fe96 (0xfb843783) x15 0x000000000000009c mem 0x0000000080031f28
core   0: 0x000000008000fe9a (0x000097ba) c.add   a5, a4
core   0: 3 0x000000008000fe9a (0x97ba) x15 0x00000000800120dc
core   0: 0x000000008000fe9c (0xfe043703) ld      a4, -32(s0)
core   0: 3 0x000000008000fe9c (0xfe043703) x14 0x0000000080012080 mem 0x0000000080031f50
core   0: 0x000000008000fea0 (0xfcf76de3) bltu    a4, a5, pc - 38
core   0: 3 0x000000008000fea0 (0xfcf76de3)
core   0: 0x000000008000fe7a (0xfe043783) ld      a5, -32(s0)
core   0: 3 0x000000008000fe7a (0xfe043783) x15 0x0000000080012080 mem 0x0000000080031f50
core   0: 0x000000008000fe7e (0x00178713) addi    a4, a5, 1
core   0: 3 0x000000008000fe7e (0x00178713) x14 0x0000000080012081
core   0: 0x000000008000fe82 (0xfee43023) sd      a4, -32(s0)
core   0: 3 0x000000008000fe82 (0xfee43023) mem 0x0000000080031f50 0x0000000080012081
core   0: 0x000000008000fe86 (0xfc442703) lw      a4, -60(s0)
core   0: 3 0x000000008000fe86 (0xfc442703) x14 0x0000000000000000 mem 0x0000000080031f34
core   0: 0x000000008000fe8a (0x0ff77713) andi    a4, a4, 255
core   0: 3 0x000000008000fe8a (0x0ff77713) x14 0x0000000000000000
core   0: 0x000000008000fe8e (0x00e78023) sb      a4, 0(a5)
core   0: 3 0x000000008000fe8e (0x00e78023) mem 0x0000000080012080 0x00
core   0: 0x000000008000fe92 (0xfc843703) ld      a4, -56(s0)
core   0: 3 0x000000008000fe92 (0xfc843703) x14 0x0000000080012040 mem 0x0000000080031f38
core   0: 0x000000008000fe96 (0xfb843783) ld      a5, -72(s0)
core   0: 3 0x000000008000fe96 (0xfb843783) x15 0x000000000000009c mem 0x0000000080031f28
core   0: 0x000000008000fe9a (0x000097ba) c.add   a5, a4
core   0: 3 0x000000008000fe9a (0x97ba) x15 0x00000000800120dc
core   0: 0x000000008000fe9c (0xfe043703) ld      a4, -32(s0)
core   0: 3 0x000000008000fe9c (0xfe043703) x14 0x0000000080012081 mem 0x0000000080031f50
core   0: 0x000000008000fea0 (0xfcf76de3) bltu    a4, a5, pc - 38
core   0: 3 0x000000008000fea0 (0xfcf76de3)
core   0: 0x000000008000fe7a (0xfe043783) ld      a5, -32(s0)
core   0: 3 0x000000008000fe7a (0xfe043783) x15 0x0000000080012081 mem 0x0000000080031f50
core   0: 0x000000008000fe7e (0x00178713) addi    a4, a5, 1
core   0: 3 0x000000008000fe7e (0x00178713) x14 0x0000000080012082
core   0: 0x000000008000fe82 (0xfee43023) sd      a4, -32(s0)
core   0: 3 0x000000008000fe82 (0xfee43023) mem 0x0000000080031f50 0x0000000080012082
core   0: 0x000000008000fe86 (0xfc442703) lw      a4, -60(s0)
core   0: 3 0x000000008000fe86 (0xfc442703) x14 0x0000000000000000 mem 0x0000000080031f34
core   0: 0x000000008000fe8a (0x0ff77713) andi    a4, a4, 255
core   0: 3 0x000000008000fe8a (0x0ff77713) x14 0x0000000000000000
core   0: 0x000000008000fe8e (0x00e78023) sb      a4, 0(a5)
core   0: 3 0x000000008000fe8e (0x00e78023) mem 0x0000000080012081 0x00
core   0: 0x000000008000fe92 (0xfc843703) ld      a4, -56(s0)
core   0: 3 0x000000008000fe92 (0xfc843703) x14 0x0000000080012040 mem 0x0000000080031f38
core   0: 0x000000008000fe96 (0xfb843783) ld      a5, -72(s0)
core   0: 3 0x000000008000fe96 (0xfb843783) x15 0x000000000000009c mem 0x0000000080031f28
core   0: 0x000000008000fe9a (0x000097ba) c.add   a5, a4
core   0: 3 0x000000008000fe9a (0x97ba) x15 0x00000000800120dc
core   0: 0x000000008000fe9c (0xfe043703) ld      a4, -32(s0)
core   0: 3 0x000000008000fe9c (0xfe043703) x14 0x0000000080012082 mem 0x0000000080031f50
core   0: 0x000000008000fea0 (0xfcf76de3) bltu    a4, a5, pc - 38
core   0: 3 0x000000008000fea0 (0xfcf76de3)
core   0: 0x000000008000fe7a (0xfe043783) ld      a5, -32(s0)
core   0: 3 0x000000008000fe7a (0xfe043783) x15 0x0000000080012082 mem 0x0000000080031f50
core   0: 0x000000008000fe7e (0x00178713) addi    a4, a5, 1
core   0: 3 0x000000008000fe7e (0x00178713) x14 0x0000000080012083
core   0: 0x000000008000fe82 (0xfee43023) sd      a4, -32(s0)
core   0: 3 0x000000008000fe82 (0xfee43023) mem 0x0000000080031f50 0x0000000080012083
core   0: 0x000000008000fe86 (0xfc442703) lw      a4, -60(s0)
core   0: 3 0x000000008000fe86 (0xfc442703) x14 0x0000000000000000 mem 0x0000000080031f34
core   0: 0x000000008000fe8a (0x0ff77713) andi    a4, a4, 255
core   0: 3 0x000000008000fe8a (0x0ff77713) x14 0x0000000000000000
core   0: 0x000000008000fe8e (0x00e78023) sb      a4, 0(a5)
core   0: 3 0x000000008000fe8e (0x00e78023) mem 0x0000000080012082 0x00
core   0: 0x000000008000fe92 (0xfc843703) ld      a4, -56(s0)
core   0: 3 0x000000008000fe92 (0xfc843703) x14 0x0000000080012040 mem 0x0000000080031f38
core   0: 0x000000008000fe96 (0xfb843783) ld      a5, -72(s0)
core   0: 3 0x000000008000fe96 (0xfb843783) x15 0x000000000000009c mem 0x0000000080031f28
core   0: 0x000000008000fe9a (0x000097ba) c.add   a5, a4
core   0: 3 0x000000008000fe9a (0x97ba) x15 0x00000000800120dc
core   0: 0x000000008000fe9c (0xfe043703) ld      a4, -32(s0)
core   0: 3 0x000000008000fe9c (0xfe043703) x14 0x0000000080012083 mem 0x0000000080031f50
core   0: 0x000000008000fea0 (0xfcf76de3) bltu    a4, a5, pc - 38
core   0: 3 0x000000008000fea0 (0xfcf76de3)
core   0: 0x000000008000fe7a (0xfe043783) ld      a5, -32(s0)
core   0: 3 0x000000008000fe7a (0xfe043783) x15 0x0000000080012083 mem 0x0000000080031f50
core   0: 0x000000008000fe7e (0x00178713) addi    a4, a5, 1
core   0: 3 0x000000008000fe7e (0x00178713) x14 0x0000000080012084
core   0: 0x000000008000fe82 (0xfee43023) sd      a4, -32(s0)
core   0: 3 0x000000008000fe82 (0xfee43023) mem 0x0000000080031f50 0x0000000080012084
core   0: 0x000000008000fe86 (0xfc442703) lw      a4, -60(s0)
core   0: 3 0x000000008000fe86 (0xfc442703) x14 0x0000000000000000 mem 0x0000000080031f34
core   0: 0x000000008000fe8a (0x0ff77713) andi    a4, a4, 255
core   0: 3 0x000000008000fe8a (0x0ff77713) x14 0x0000000000000000
core   0: 0x000000008000fe8e (0x00e78023) sb      a4, 0(a5)
core   0: 3 0x000000008000fe8e (0x00e78023) mem 0x0000000080012083 0x00
core   0: 0x000000008000fe92 (0xfc843703) ld      a4, -56(s0)
core   0: 3 0x000000008000fe92 (0xfc843703) x14 0x0000000080012040 mem 0x0000000080031f38
core   0: 0x000000008000fe96 (0xfb843783) ld      a5, -72(s0)
core   0: 3 0x000000008000fe96 (0xfb843783) x15 0x000000000000009c mem 0x0000000080031f28
core   0: 0x000000008000fe9a (0x000097ba) c.add   a5, a4
core   0: 3 0x000000008000fe9a (0x97ba) x15 0x00000000800120dc
core   0: 0x000000008000fe9c (0xfe043703) ld      a4, -32(s0)
core   0: 3 0x000000008000fe9c (0xfe043703) x14 0x0000000080012084 mem 0x0000000080031f50
core   0: 0x000000008000fea0 (0xfcf76de3) bltu    a4, a5, pc - 38
core   0: 3 0x000000008000fea0 (0xfcf76de3)
core   0: 0x000000008000fe7a (0xfe043783) ld      a5, -32(s0)
core   0: 3 0x000000008000fe7a (0xfe043783) x15 0x0000000080012084 mem 0x0000000080031f50
core   0: 0x000000008000fe7e (0x00178713) addi    a4, a5, 1
core   0: 3 0x000000008000fe7e (0x00178713) x14 0x0000000080012085
core   0: 0x000000008000fe82 (0xfee43023) sd      a4, -32(s0)
core   0: 3 0x000000008000fe82 (0xfee43023) mem 0x0000000080031f50 0x0000000080012085
core   0: 0x000000008000fe86 (0xfc442703) lw      a4, -60(s0)
core   0: 3 0x000000008000fe86 (0xfc442703) x14 0x0000000000000000 mem 0x0000000080031f34
core   0: 0x000000008000fe8a (0x0ff77713) andi    a4, a4, 255
core   0: 3 0x000000008000fe8a (0x0ff77713) x14 0x0000000000000000
core   0: 0x000000008000fe8e (0x00e78023) sb      a4, 0(a5)
core   0: 3 0x000000008000fe8e (0x00e78023) mem 0x0000000080012084 0x00
core   0: 0x000000008000fe92 (0xfc843703) ld      a4, -56(s0)
core   0: 3 0x000000008000fe92 (0xfc843703) x14 0x0000000080012040 mem 0x0000000080031f38
core   0: 0x000000008000fe96 (0xfb843783) ld      a5, -72(s0)
core   0: 3 0x000000008000fe96 (0xfb843783) x15 0x000000000000009c mem 0x0000000080031f28
core   0: 0x000000008000fe9a (0x000097ba) c.add   a5, a4
core   0: 3 0x000000008000fe9a (0x97ba) x15 0x00000000800120dc
core   0: 0x000000008000fe9c (0xfe043703) ld      a4, -32(s0)
core   0: 3 0x000000008000fe9c (0xfe043703) x14 0x0000000080012085 mem 0x0000000080031f50
core   0: 0x000000008000fea0 (0xfcf76de3) bltu    a4, a5, pc - 38
core   0: 3 0x000000008000fea0 (0xfcf76de3)
core   0: 0x000000008000fe7a (0xfe043783) ld      a5, -32(s0)
core   0: 3 0x000000008000fe7a (0xfe043783) x15 0x0000000080012085 mem 0x0000000080031f50
core   0: 0x000000008000fe7e (0x00178713) addi    a4, a5, 1
core   0: 3 0x000000008000fe7e (0x00178713) x14 0x0000000080012086
core   0: 0x000000008000fe82 (0xfee43023) sd      a4, -32(s0)
core   0: 3 0x000000008000fe82 (0xfee43023) mem 0x0000000080031f50 0x0000000080012086
core   0: 0x000000008000fe86 (0xfc442703) lw      a4, -60(s0)
core   0: 3 0x000000008000fe86 (0xfc442703) x14 0x0000000000000000 mem 0x0000000080031f34
core   0: 0x000000008000fe8a (0x0ff77713) andi    a4, a4, 255
core   0: 3 0x000000008000fe8a (0x0ff77713) x14 0x0000000000000000
core   0: 0x000000008000fe8e (0x00e78023) sb      a4, 0(a5)
core   0: 3 0x000000008000fe8e (0x00e78023) mem 0x0000000080012085 0x00
core   0: 0x000000008000fe92 (0xfc843703) ld      a4, -56(s0)
core   0: 3 0x000000008000fe92 (0xfc843703) x14 0x0000000080012040 mem 0x0000000080031f38
core   0: 0x000000008000fe96 (0xfb843783) ld      a5, -72(s0)
core   0: 3 0x000000008000fe96 (0xfb843783) x15 0x000000000000009c mem 0x0000000080031f28
core   0: 0x000000008000fe9a (0x000097ba) c.add   a5, a4
core   0: 3 0x000000008000fe9a (0x97ba) x15 0x00000000800120dc
core   0: 0x000000008000fe9c (0xfe043703) ld      a4, -32(s0)
core   0: 3 0x000000008000fe9c (0xfe043703) x14 0x0000000080012086 mem 0x0000000080031f50
core   0: 0x000000008000fea0 (0xfcf76de3) bltu    a4, a5, pc - 38
core   0: 3 0x000000008000fea0 (0xfcf76de3)
core   0: 0x000000008000fe7a (0xfe043783) ld      a5, -32(s0)
core   0: 3 0x000000008000fe7a (0xfe043783) x15 0x0000000080012086 mem 0x0000000080031f50
core   0: 0x000000008000fe7e (0x00178713) addi    a4, a5, 1
core   0: 3 0x000000008000fe7e (0x00178713) x14 0x0000000080012087
core   0: 0x000000008000fe82 (0xfee43023) sd      a4, -32(s0)
core   0: 3 0x000000008000fe82 (0xfee43023) mem 0x0000000080031f50 0x0000000080012087
core   0: 0x000000008000fe86 (0xfc442703) lw      a4, -60(s0)
core   0: 3 0x000000008000fe86 (0xfc442703) x14 0x0000000000000000 mem 0x0000000080031f34
core   0: 0x000000008000fe8a (0x0ff77713) andi    a4, a4, 255
core   0: 3 0x000000008000fe8a (0x0ff77713) x14 0x0000000000000000
core   0: 0x000000008000fe8e (0x00e78023) sb      a4, 0(a5)
core   0: 3 0x000000008000fe8e (0x00e78023) mem 0x0000000080012086 0x00
core   0: 0x000000008000fe92 (0xfc843703) ld      a4, -56(s0)
core   0: 3 0x000000008000fe92 (0xfc843703) x14 0x0000000080012040 mem 0x0000000080031f38
core   0: 0x000000008000fe96 (0xfb843783) ld      a5, -72(s0)
core   0: 3 0x000000008000fe96 (0xfb843783) x15 0x000000000000009c mem 0x0000000080031f28
core   0: 0x000000008000fe9a (0x000097ba) c.add   a5, a4
core   0: 3 0x000000008000fe9a (0x97ba) x15 0x00000000800120dc
core   0: 0x000000008000fe9c (0xfe043703) ld      a4, -32(s0)
core   0: 3 0x000000008000fe9c (0xfe043703) x14 0x0000000080012087 mem 0x0000000080031f50
core   0: 0x000000008000fea0 (0xfcf76de3) bltu    a4, a5, pc - 38
core   0: 3 0x000000008000fea0 (0xfcf76de3)
core   0: 0x000000008000fe7a (0xfe043783) ld      a5, -32(s0)
core   0: 3 0x000000008000fe7a (0xfe043783) x15 0x0000000080012087 mem 0x0000000080031f50
core   0: 0x000000008000fe7e (0x00178713) addi    a4, a5, 1
core   0: 3 0x000000008000fe7e (0x00178713) x14 0x0000000080012088
core   0: 0x000000008000fe82 (0xfee43023) sd      a4, -32(s0)
core   0: 3 0x000000008000fe82 (0xfee43023) mem 0x0000000080031f50 0x0000000080012088
core   0: 0x000000008000fe86 (0xfc442703) lw      a4, -60(s0)
core   0: 3 0x000000008000fe86 (0xfc442703) x14 0x0000000000000000 mem 0x0000000080031f34
core   0: 0x000000008000fe8a (0x0ff77713) andi    a4, a4, 255
core   0: 3 0x000000008000fe8a (0x0ff77713) x14 0x0000000000000000
core   0: 0x000000008000fe8e (0x00e78023) sb      a4, 0(a5)
core   0: 3 0x000000008000fe8e (0x00e78023) mem 0x0000000080012087 0x00
core   0: 0x000000008000fe92 (0xfc843703) ld      a4, -56(s0)
core   0: 3 0x000000008000fe92 (0xfc843703) x14 0x0000000080012040 mem 0x0000000080031f38
core   0: 0x000000008000fe96 (0xfb843783) ld      a5, -72(s0)
core   0: 3 0x000000008000fe96 (0xfb843783) x15 0x000000000000009c mem 0x0000000080031f28
core   0: 0x000000008000fe9a (0x000097ba) c.add   a5, a4
core   0: 3 0x000000008000fe9a (0x97ba) x15 0x00000000800120dc
core   0: 0x000000008000fe9c (0xfe043703) ld      a4, -32(s0)
core   0: 3 0x000000008000fe9c (0xfe043703) x14 0x0000000080012088 mem 0x0000000080031f50
core   0: 0x000000008000fea0 (0xfcf76de3) bltu    a4, a5, pc - 38
core   0: 3 0x000000008000fea0 (0xfcf76de3)
core   0: 0x000000008000fe7a (0xfe043783) ld      a5, -32(s0)
core   0: 3 0x000000008000fe7a (0xfe043783) x15 0x0000000080012088 mem 0x0000000080031f50
core   0: 0x000000008000fe7e (0x00178713) addi    a4, a5, 1
core   0: 3 0x000000008000fe7e (0x00178713) x14 0x0000000080012089
core   0: 0x000000008000fe82 (0xfee43023) sd      a4, -32(s0)
core   0: 3 0x000000008000fe82 (0xfee43023) mem 0x0000000080031f50 0x0000000080012089
core   0: 0x000000008000fe86 (0xfc442703) lw      a4, -60(s0)
core   0: 3 0x000000008000fe86 (0xfc442703) x14 0x0000000000000000 mem 0x0000000080031f34
core   0: 0x000000008000fe8a (0x0ff77713) andi    a4, a4, 255
core   0: 3 0x000000008000fe8a (0x0ff77713) x14 0x0000000000000000
core   0: 0x000000008000fe8e (0x00e78023) sb      a4, 0(a5)
core   0: 3 0x000000008000fe8e (0x00e78023) mem 0x0000000080012088 0x00
core   0: 0x000000008000fe92 (0xfc843703) ld      a4, -56(s0)
core   0: 3 0x000000008000fe92 (0xfc843703) x14 0x0000000080012040 mem 0x0000000080031f38
core   0: 0x000000008000fe96 (0xfb843783) ld      a5, -72(s0)
core   0: 3 0x000000008000fe96 (0xfb843783) x15 0x000000000000009c mem 0x0000000080031f28
core   0: 0x000000008000fe9a (0x000097ba) c.add   a5, a4
core   0: 3 0x000000008000fe9a (0x97ba) x15 0x00000000800120dc
core   0: 0x000000008000fe9c (0xfe043703) ld      a4, -32(s0)
core   0: 3 0x000000008000fe9c (0xfe043703) x14 0x0000000080012089 mem 0x0000000080031f50
core   0: 0x000000008000fea0 (0xfcf76de3) bltu    a4, a5, pc - 38
core   0: 3 0x000000008000fea0 (0xfcf76de3)
core   0: 0x000000008000fe7a (0xfe043783) ld      a5, -32(s0)
core   0: 3 0x000000008000fe7a (0xfe043783) x15 0x0000000080012089 mem 0x0000000080031f50
core   0: 0x000000008000fe7e (0x00178713) addi    a4, a5, 1
core   0: 3 0x000000008000fe7e (0x00178713) x14 0x000000008001208a
core   0: 0x000000008000fe82 (0xfee43023) sd      a4, -32(s0)
core   0: 3 0x000000008000fe82 (0xfee43023) mem 0x0000000080031f50 0x000000008001208a
core   0: 0x000000008000fe86 (0xfc442703) lw      a4, -60(s0)
core   0: 3 0x000000008000fe86 (0xfc442703) x14 0x0000000000000000 mem 0x0000000080031f34
core   0: 0x000000008000fe8a (0x0ff77713) andi    a4, a4, 255
core   0: 3 0x000000008000fe8a (0x0ff77713) x14 0x0000000000000000
core   0: 0x000000008000fe8e (0x00e78023) sb      a4, 0(a5)
core   0: 3 0x000000008000fe8e (0x00e78023) mem 0x0000000080012089 0x00
core   0: 0x000000008000fe92 (0xfc843703) ld      a4, -56(s0)
core   0: 3 0x000000008000fe92 (0xfc843703) x14 0x0000000080012040 mem 0x0000000080031f38
core   0: 0x000000008000fe96 (0xfb843783) ld      a5, -72(s0)
core   0: 3 0x000000008000fe96 (0xfb843783) x15 0x000000000000009c mem 0x0000000080031f28
core   0: 0x000000008000fe9a (0x000097ba) c.add   a5, a4
core   0: 3 0x000000008000fe9a (0x97ba) x15 0x00000000800120dc
core   0: 0x000000008000fe9c (0xfe043703) ld      a4, -32(s0)
core   0: 3 0x000000008000fe9c (0xfe043703) x14 0x000000008001208a mem 0x0000000080031f50
core   0: 0x000000008000fea0 (0xfcf76de3) bltu    a4, a5, pc - 38
core   0: 3 0x000000008000fea0 (0xfcf76de3)
core   0: 0x000000008000fe7a (0xfe043783) ld      a5, -32(s0)
core   0: 3 0x000000008000fe7a (0xfe043783) x15 0x000000008001208a mem 0x0000000080031f50
core   0: 0x000000008000fe7e (0x00178713) addi    a4, a5, 1
core   0: 3 0x000000008000fe7e (0x00178713) x14 0x000000008001208b
core   0: 0x000000008000fe82 (0xfee43023) sd      a4, -32(s0)
core   0: 3 0x000000008000fe82 (0xfee43023) mem 0x0000000080031f50 0x000000008001208b
core   0: 0x000000008000fe86 (0xfc442703) lw      a4, -60(s0)
core   0: 3 0x000000008000fe86 (0xfc442703) x14 0x0000000000000000 mem 0x0000000080031f34
core   0: 0x000000008000fe8a (0x0ff77713) andi    a4, a4, 255
core   0: 3 0x000000008000fe8a (0x0ff77713) x14 0x0000000000000000
core   0: 0x000000008000fe8e (0x00e78023) sb      a4, 0(a5)
core   0: 3 0x000000008000fe8e (0x00e78023) mem 0x000000008001208a 0x00
core   0: 0x000000008000fe92 (0xfc843703) ld      a4, -56(s0)
core   0: 3 0x000000008000fe92 (0xfc843703) x14 0x0000000080012040 mem 0x0000000080031f38
core   0: 0x000000008000fe96 (0xfb843783) ld      a5, -72(s0)
core   0: 3 0x000000008000fe96 (0xfb843783) x15 0x000000000000009c mem 0x0000000080031f28
core   0: 0x000000008000fe9a (0x000097ba) c.add   a5, a4
core   0: 3 0x000000008000fe9a (0x97ba) x15 0x00000000800120dc
core   0: 0x000000008000fe9c (0xfe043703) ld      a4, -32(s0)
core   0: 3 0x000000008000fe9c (0xfe043703) x14 0x000000008001208b mem 0x0000000080031f50
core   0: 0x000000008000fea0 (0xfcf76de3) bltu    a4, a5, pc - 38
core   0: 3 0x000000008000fea0 (0xfcf76de3)
core   0: 0x000000008000fe7a (0xfe043783) ld      a5, -32(s0)
core   0: 3 0x000000008000fe7a (0xfe043783) x15 0x000000008001208b mem 0x0000000080031f50
core   0: 0x000000008000fe7e (0x00178713) addi    a4, a5, 1
core   0: 3 0x000000008000fe7e (0x00178713) x14 0x000000008001208c
core   0: 0x000000008000fe82 (0xfee43023) sd      a4, -32(s0)
core   0: 3 0x000000008000fe82 (0xfee43023) mem 0x0000000080031f50 0x000000008001208c
core   0: 0x000000008000fe86 (0xfc442703) lw      a4, -60(s0)
core   0: 3 0x000000008000fe86 (0xfc442703) x14 0x0000000000000000 mem 0x0000000080031f34
core   0: 0x000000008000fe8a (0x0ff77713) andi    a4, a4, 255
core   0: 3 0x000000008000fe8a (0x0ff77713) x14 0x0000000000000000
core   0: 0x000000008000fe8e (0x00e78023) sb      a4, 0(a5)
core   0: 3 0x000000008000fe8e (0x00e78023) mem 0x000000008001208b 0x00
core   0: 0x000000008000fe92 (0xfc843703) ld      a4, -56(s0)
core   0: 3 0x000000008000fe92 (0xfc843703) x14 0x0000000080012040 mem 0x0000000080031f38
core   0: 0x000000008000fe96 (0xfb843783) ld      a5, -72(s0)
core   0: 3 0x000000008000fe96 (0xfb843783) x15 0x000000000000009c mem 0x0000000080031f28
core   0: 0x000000008000fe9a (0x000097ba) c.add   a5, a4
core   0: 3 0x000000008000fe9a (0x97ba) x15 0x00000000800120dc
core   0: 0x000000008000fe9c (0xfe043703) ld      a4, -32(s0)
core   0: 3 0x000000008000fe9c (0xfe043703) x14 0x000000008001208c mem 0x0000000080031f50
core   0: 0x000000008000fea0 (0xfcf76de3) bltu    a4, a5, pc - 38
core   0: 3 0x000000008000fea0 (0xfcf76de3)
core   0: 0x000000008000fe7a (0xfe043783) ld      a5, -32(s0)
core   0: 3 0x000000008000fe7a (0xfe043783) x15 0x000000008001208c mem 0x0000000080031f50
core   0: 0x000000008000fe7e (0x00178713) addi    a4, a5, 1
core   0: 3 0x000000008000fe7e (0x00178713) x14 0x000000008001208d
core   0: 0x000000008000fe82 (0xfee43023) sd      a4, -32(s0)
core   0: 3 0x000000008000fe82 (0xfee43023) mem 0x0000000080031f50 0x000000008001208d
core   0: 0x000000008000fe86 (0xfc442703) lw      a4, -60(s0)
core   0: 3 0x000000008000fe86 (0xfc442703) x14 0x0000000000000000 mem 0x0000000080031f34
core   0: 0x000000008000fe8a (0x0ff77713) andi    a4, a4, 255
core   0: 3 0x000000008000fe8a (0x0ff77713) x14 0x0000000000000000
core   0: 0x000000008000fe8e (0x00e78023) sb      a4, 0(a5)
core   0: 3 0x000000008000fe8e (0x00e78023) mem 0x000000008001208c 0x00
core   0: 0x000000008000fe92 (0xfc843703) ld      a4, -56(s0)
core   0: 3 0x000000008000fe92 (0xfc843703) x14 0x0000000080012040 mem 0x0000000080031f38
core   0: 0x000000008000fe96 (0xfb843783) ld      a5, -72(s0)
core   0: 3 0x000000008000fe96 (0xfb843783) x15 0x000000000000009c mem 0x0000000080031f28
core   0: 0x000000008000fe9a (0x000097ba) c.add   a5, a4
core   0: 3 0x000000008000fe9a (0x97ba) x15 0x00000000800120dc
core   0: 0x000000008000fe9c (0xfe043703) ld      a4, -32(s0)
core   0: 3 0x000000008000fe9c (0xfe043703) x14 0x000000008001208d mem 0x0000000080031f50
core   0: 0x000000008000fea0 (0xfcf76de3) bltu    a4, a5, pc - 38
core   0: 3 0x000000008000fea0 (0xfcf76de3)
core   0: 0x000000008000fe7a (0xfe043783) ld      a5, -32(s0)
core   0: 3 0x000000008000fe7a (0xfe043783) x15 0x000000008001208d mem 0x0000000080031f50
core   0: 0x000000008000fe7e (0x00178713) addi    a4, a5, 1
core   0: 3 0x000000008000fe7e (0x00178713) x14 0x000000008001208e
core   0: 0x000000008000fe82 (0xfee43023) sd      a4, -32(s0)
core   0: 3 0x000000008000fe82 (0xfee43023) mem 0x0000000080031f50 0x000000008001208e
core   0: 0x000000008000fe86 (0xfc442703) lw      a4, -60(s0)
core   0: 3 0x000000008000fe86 (0xfc442703) x14 0x0000000000000000 mem 0x0000000080031f34
core   0: 0x000000008000fe8a (0x0ff77713) andi    a4, a4, 255
core   0: 3 0x000000008000fe8a (0x0ff77713) x14 0x0000000000000000
core   0: 0x000000008000fe8e (0x00e78023) sb      a4, 0(a5)
core   0: 3 0x000000008000fe8e (0x00e78023) mem 0x000000008001208d 0x00
core   0: 0x000000008000fe92 (0xfc843703) ld      a4, -56(s0)
core   0: 3 0x000000008000fe92 (0xfc843703) x14 0x0000000080012040 mem 0x0000000080031f38
core   0: 0x000000008000fe96 (0xfb843783) ld      a5, -72(s0)
core   0: 3 0x000000008000fe96 (0xfb843783) x15 0x000000000000009c mem 0x0000000080031f28
core   0: 0x000000008000fe9a (0x000097ba) c.add   a5, a4
core   0: 3 0x000000008000fe9a (0x97ba) x15 0x00000000800120dc
core   0: 0x000000008000fe9c (0xfe043703) ld      a4, -32(s0)
core   0: 3 0x000000008000fe9c (0xfe043703) x14 0x000000008001208e mem 0x0000000080031f50
core   0: 0x000000008000fea0 (0xfcf76de3) bltu    a4, a5, pc - 38
core   0: 3 0x000000008000fea0 (0xfcf76de3)
core   0: 0x000000008000fe7a (0xfe043783) ld      a5, -32(s0)
core   0: 3 0x000000008000fe7a (0xfe043783) x15 0x000000008001208e mem 0x0000000080031f50
core   0: 0x000000008000fe7e (0x00178713) addi    a4, a5, 1
core   0: 3 0x000000008000fe7e (0x00178713) x14 0x000000008001208f
core   0: 0x000000008000fe82 (0xfee43023) sd      a4, -32(s0)
core   0: 3 0x000000008000fe82 (0xfee43023) mem 0x0000000080031f50 0x000000008001208f
core   0: 0x000000008000fe86 (0xfc442703) lw      a4, -60(s0)
core   0: 3 0x000000008000fe86 (0xfc442703) x14 0x0000000000000000 mem 0x0000000080031f34
core   0: 0x000000008000fe8a (0x0ff77713) andi    a4, a4, 255
core   0: 3 0x000000008000fe8a (0x0ff77713) x14 0x0000000000000000
core   0: 0x000000008000fe8e (0x00e78023) sb      a4, 0(a5)
core   0: 3 0x000000008000fe8e (0x00e78023) mem 0x000000008001208e 0x00
core   0: 0x000000008000fe92 (0xfc843703) ld      a4, -56(s0)
core   0: 3 0x000000008000fe92 (0xfc843703) x14 0x0000000080012040 mem 0x0000000080031f38
core   0: 0x000000008000fe96 (0xfb843783) ld      a5, -72(s0)
core   0: 3 0x000000008000fe96 (0xfb843783) x15 0x000000000000009c mem 0x0000000080031f28
core   0: 0x000000008000fe9a (0x000097ba) c.add   a5, a4
core   0: 3 0x000000008000fe9a (0x97ba) x15 0x00000000800120dc
core   0: 0x000000008000fe9c (0xfe043703) ld      a4, -32(s0)
core   0: 3 0x000000008000fe9c (0xfe043703) x14 0x000000008001208f mem 0x0000000080031f50
core   0: 0x000000008000fea0 (0xfcf76de3) bltu    a4, a5, pc - 38
core   0: 3 0x000000008000fea0 (0xfcf76de3)
core   0: 0x000000008000fe7a (0xfe043783) ld      a5, -32(s0)
core   0: 3 0x000000008000fe7a (0xfe043783) x15 0x000000008001208f mem 0x0000000080031f50
core   0: 0x000000008000fe7e (0x00178713) addi    a4, a5, 1
core   0: 3 0x000000008000fe7e (0x00178713) x14 0x0000000080012090
core   0: 0x000000008000fe82 (0xfee43023) sd      a4, -32(s0)
core   0: 3 0x000000008000fe82 (0xfee43023) mem 0x0000000080031f50 0x0000000080012090
core   0: 0x000000008000fe86 (0xfc442703) lw      a4, -60(s0)
core   0: 3 0x000000008000fe86 (0xfc442703) x14 0x0000000000000000 mem 0x0000000080031f34
core   0: 0x000000008000fe8a (0x0ff77713) andi    a4, a4, 255
core   0: 3 0x000000008000fe8a (0x0ff77713) x14 0x0000000000000000
core   0: 0x000000008000fe8e (0x00e78023) sb      a4, 0(a5)
core   0: 3 0x000000008000fe8e (0x00e78023) mem 0x000000008001208f 0x00
core   0: 0x000000008000fe92 (0xfc843703) ld      a4, -56(s0)
core   0: 3 0x000000008000fe92 (0xfc843703) x14 0x0000000080012040 mem 0x0000000080031f38
core   0: 0x000000008000fe96 (0xfb843783) ld      a5, -72(s0)
core   0: 3 0x000000008000fe96 (0xfb843783) x15 0x000000000000009c mem 0x0000000080031f28
core   0: 0x000000008000fe9a (0x000097ba) c.add   a5, a4
core   0: 3 0x000000008000fe9a (0x97ba) x15 0x00000000800120dc
core   0: 0x000000008000fe9c (0xfe043703) ld      a4, -32(s0)
core   0: 3 0x000000008000fe9c (0xfe043703) x14 0x0000000080012090 mem 0x0000000080031f50
core   0: 0x000000008000fea0 (0xfcf76de3) bltu    a4, a5, pc - 38
core   0: 3 0x000000008000fea0 (0xfcf76de3)
core   0: 0x000000008000fe7a (0xfe043783) ld      a5, -32(s0)
core   0: 3 0x000000008000fe7a (0xfe043783) x15 0x0000000080012090 mem 0x0000000080031f50
core   0: 0x000000008000fe7e (0x00178713) addi    a4, a5, 1
core   0: 3 0x000000008000fe7e (0x00178713) x14 0x0000000080012091
core   0: 0x000000008000fe82 (0xfee43023) sd      a4, -32(s0)
core   0: 3 0x000000008000fe82 (0xfee43023) mem 0x0000000080031f50 0x0000000080012091
core   0: 0x000000008000fe86 (0xfc442703) lw      a4, -60(s0)
core   0: 3 0x000000008000fe86 (0xfc442703) x14 0x0000000000000000 mem 0x0000000080031f34
core   0: 0x000000008000fe8a (0x0ff77713) andi    a4, a4, 255
core   0: 3 0x000000008000fe8a (0x0ff77713) x14 0x0000000000000000
core   0: 0x000000008000fe8e (0x00e78023) sb      a4, 0(a5)
core   0: 3 0x000000008000fe8e (0x00e78023) mem 0x0000000080012090 0x00
core   0: 0x000000008000fe92 (0xfc843703) ld      a4, -56(s0)
core   0: 3 0x000000008000fe92 (0xfc843703) x14 0x0000000080012040 mem 0x0000000080031f38
core   0: 0x000000008000fe96 (0xfb843783) ld      a5, -72(s0)
core   0: 3 0x000000008000fe96 (0xfb843783) x15 0x000000000000009c mem 0x0000000080031f28
core   0: 0x000000008000fe9a (0x000097ba) c.add   a5, a4
core   0: 3 0x000000008000fe9a (0x97ba) x15 0x00000000800120dc
core   0: 0x000000008000fe9c (0xfe043703) ld      a4, -32(s0)
core   0: 3 0x000000008000fe9c (0xfe043703) x14 0x0000000080012091 mem 0x0000000080031f50
core   0: 0x000000008000fea0 (0xfcf76de3) bltu    a4, a5, pc - 38
core   0: 3 0x000000008000fea0 (0xfcf76de3)
core   0: 0x000000008000fe7a (0xfe043783) ld      a5, -32(s0)
core   0: 3 0x000000008000fe7a (0xfe043783) x15 0x0000000080012091 mem 0x0000000080031f50
core   0: 0x000000008000fe7e (0x00178713) addi    a4, a5, 1
core   0: 3 0x000000008000fe7e (0x00178713) x14 0x0000000080012092
core   0: 0x000000008000fe82 (0xfee43023) sd      a4, -32(s0)
core   0: 3 0x000000008000fe82 (0xfee43023) mem 0x0000000080031f50 0x0000000080012092
core   0: 0x000000008000fe86 (0xfc442703) lw      a4, -60(s0)
core   0: 3 0x000000008000fe86 (0xfc442703) x14 0x0000000000000000 mem 0x0000000080031f34
core   0: 0x000000008000fe8a (0x0ff77713) andi    a4, a4, 255
core   0: 3 0x000000008000fe8a (0x0ff77713) x14 0x0000000000000000
core   0: 0x000000008000fe8e (0x00e78023) sb      a4, 0(a5)
core   0: 3 0x000000008000fe8e (0x00e78023) mem 0x0000000080012091 0x00
core   0: 0x000000008000fe92 (0xfc843703) ld      a4, -56(s0)
core   0: 3 0x000000008000fe92 (0xfc843703) x14 0x0000000080012040 mem 0x0000000080031f38
core   0: 0x000000008000fe96 (0xfb843783) ld      a5, -72(s0)
core   0: 3 0x000000008000fe96 (0xfb843783) x15 0x000000000000009c mem 0x0000000080031f28
core   0: 0x000000008000fe9a (0x000097ba) c.add   a5, a4
core   0: 3 0x000000008000fe9a (0x97ba) x15 0x00000000800120dc
core   0: 0x000000008000fe9c (0xfe043703) ld      a4, -32(s0)
core   0: 3 0x000000008000fe9c (0xfe043703) x14 0x0000000080012092 mem 0x0000000080031f50
core   0: 0x000000008000fea0 (0xfcf76de3) bltu    a4, a5, pc - 38
core   0: 3 0x000000008000fea0 (0xfcf76de3)
core   0: 0x000000008000fe7a (0xfe043783) ld      a5, -32(s0)
core   0: 3 0x000000008000fe7a (0xfe043783) x15 0x0000000080012092 mem 0x0000000080031f50
core   0: 0x000000008000fe7e (0x00178713) addi    a4, a5, 1
core   0: 3 0x000000008000fe7e (0x00178713) x14 0x0000000080012093
core   0: 0x000000008000fe82 (0xfee43023) sd      a4, -32(s0)
core   0: 3 0x000000008000fe82 (0xfee43023) mem 0x0000000080031f50 0x0000000080012093
core   0: 0x000000008000fe86 (0xfc442703) lw      a4, -60(s0)
core   0: 3 0x000000008000fe86 (0xfc442703) x14 0x0000000000000000 mem 0x0000000080031f34
core   0: 0x000000008000fe8a (0x0ff77713) andi    a4, a4, 255
core   0: 3 0x000000008000fe8a (0x0ff77713) x14 0x0000000000000000
core   0: 0x000000008000fe8e (0x00e78023) sb      a4, 0(a5)
core   0: 3 0x000000008000fe8e (0x00e78023) mem 0x0000000080012092 0x00
core   0: 0x000000008000fe92 (0xfc843703) ld      a4, -56(s0)
core   0: 3 0x000000008000fe92 (0xfc843703) x14 0x0000000080012040 mem 0x0000000080031f38
core   0: 0x000000008000fe96 (0xfb843783) ld      a5, -72(s0)
core   0: 3 0x000000008000fe96 (0xfb843783) x15 0x000000000000009c mem 0x0000000080031f28
core   0: 0x000000008000fe9a (0x000097ba) c.add   a5, a4
core   0: 3 0x000000008000fe9a (0x97ba) x15 0x00000000800120dc
core   0: 0x000000008000fe9c (0xfe043703) ld      a4, -32(s0)
core   0: 3 0x000000008000fe9c (0xfe043703) x14 0x0000000080012093 mem 0x0000000080031f50
core   0: 0x000000008000fea0 (0xfcf76de3) bltu    a4, a5, pc - 38
core   0: 3 0x000000008000fea0 (0xfcf76de3)
core   0: 0x000000008000fe7a (0xfe043783) ld      a5, -32(s0)
core   0: 3 0x000000008000fe7a (0xfe043783) x15 0x0000000080012093 mem 0x0000000080031f50
core   0: 0x000000008000fe7e (0x00178713) addi    a4, a5, 1
core   0: 3 0x000000008000fe7e (0x00178713) x14 0x0000000080012094
core   0: 0x000000008000fe82 (0xfee43023) sd      a4, -32(s0)
core   0: 3 0x000000008000fe82 (0xfee43023) mem 0x0000000080031f50 0x0000000080012094
core   0: 0x000000008000fe86 (0xfc442703) lw      a4, -60(s0)
core   0: 3 0x000000008000fe86 (0xfc442703) x14 0x0000000000000000 mem 0x0000000080031f34
core   0: 0x000000008000fe8a (0x0ff77713) andi    a4, a4, 255
core   0: 3 0x000000008000fe8a (0x0ff77713) x14 0x0000000000000000
core   0: 0x000000008000fe8e (0x00e78023) sb      a4, 0(a5)
core   0: 3 0x000000008000fe8e (0x00e78023) mem 0x0000000080012093 0x00
core   0: 0x000000008000fe92 (0xfc843703) ld      a4, -56(s0)
core   0: 3 0x000000008000fe92 (0xfc843703) x14 0x0000000080012040 mem 0x0000000080031f38
core   0: 0x000000008000fe96 (0xfb843783) ld      a5, -72(s0)
core   0: 3 0x000000008000fe96 (0xfb843783) x15 0x000000000000009c mem 0x0000000080031f28
core   0: 0x000000008000fe9a (0x000097ba) c.add   a5, a4
core   0: 3 0x000000008000fe9a (0x97ba) x15 0x00000000800120dc
core   0: 0x000000008000fe9c (0xfe043703) ld      a4, -32(s0)
core   0: 3 0x000000008000fe9c (0xfe043703) x14 0x0000000080012094 mem 0x0000000080031f50
core   0: 0x000000008000fea0 (0xfcf76de3) bltu    a4, a5, pc - 38
core   0: 3 0x000000008000fea0 (0xfcf76de3)
core   0: 0x000000008000fe7a (0xfe043783) ld      a5, -32(s0)
core   0: 3 0x000000008000fe7a (0xfe043783) x15 0x0000000080012094 mem 0x0000000080031f50
core   0: 0x000000008000fe7e (0x00178713) addi    a4, a5, 1
core   0: 3 0x000000008000fe7e (0x00178713) x14 0x0000000080012095
core   0: 0x000000008000fe82 (0xfee43023) sd      a4, -32(s0)
core   0: 3 0x000000008000fe82 (0xfee43023) mem 0x0000000080031f50 0x0000000080012095
core   0: 0x000000008000fe86 (0xfc442703) lw      a4, -60(s0)
core   0: 3 0x000000008000fe86 (0xfc442703) x14 0x0000000000000000 mem 0x0000000080031f34
core   0: 0x000000008000fe8a (0x0ff77713) andi    a4, a4, 255
core   0: 3 0x000000008000fe8a (0x0ff77713) x14 0x0000000000000000
core   0: 0x000000008000fe8e (0x00e78023) sb      a4, 0(a5)
core   0: 3 0x000000008000fe8e (0x00e78023) mem 0x0000000080012094 0x00
core   0: 0x000000008000fe92 (0xfc843703) ld      a4, -56(s0)
core   0: 3 0x000000008000fe92 (0xfc843703) x14 0x0000000080012040 mem 0x0000000080031f38
core   0: 0x000000008000fe96 (0xfb843783) ld      a5, -72(s0)
core   0: 3 0x000000008000fe96 (0xfb843783) x15 0x000000000000009c mem 0x0000000080031f28
core   0: 0x000000008000fe9a (0x000097ba) c.add   a5, a4
core   0: 3 0x000000008000fe9a (0x97ba) x15 0x00000000800120dc
core   0: 0x000000008000fe9c (0xfe043703) ld      a4, -32(s0)
core   0: 3 0x000000008000fe9c (0xfe043703) x14 0x0000000080012095 mem 0x0000000080031f50
core   0: 0x000000008000fea0 (0xfcf76de3) bltu    a4, a5, pc - 38
core   0: 3 0x000000008000fea0 (0xfcf76de3)
core   0: 0x000000008000fe7a (0xfe043783) ld      a5, -32(s0)
core   0: 3 0x000000008000fe7a (0xfe043783) x15 0x0000000080012095 mem 0x0000000080031f50
core   0: 0x000000008000fe7e (0x00178713) addi    a4, a5, 1
core   0: 3 0x000000008000fe7e (0x00178713) x14 0x0000000080012096
core   0: 0x000000008000fe82 (0xfee43023) sd      a4, -32(s0)
core   0: 3 0x000000008000fe82 (0xfee43023) mem 0x0000000080031f50 0x0000000080012096
core   0: 0x000000008000fe86 (0xfc442703) lw      a4, -60(s0)
core   0: 3 0x000000008000fe86 (0xfc442703) x14 0x0000000000000000 mem 0x0000000080031f34
core   0: 0x000000008000fe8a (0x0ff77713) andi    a4, a4, 255
core   0: 3 0x000000008000fe8a (0x0ff77713) x14 0x0000000000000000
core   0: 0x000000008000fe8e (0x00e78023) sb      a4, 0(a5)
core   0: 3 0x000000008000fe8e (0x00e78023) mem 0x0000000080012095 0x00
core   0: 0x000000008000fe92 (0xfc843703) ld      a4, -56(s0)
core   0: 3 0x000000008000fe92 (0xfc843703) x14 0x0000000080012040 mem 0x0000000080031f38
core   0: 0x000000008000fe96 (0xfb843783) ld      a5, -72(s0)
core   0: 3 0x000000008000fe96 (0xfb843783) x15 0x000000000000009c mem 0x0000000080031f28
core   0: 0x000000008000fe9a (0x000097ba) c.add   a5, a4
core   0: 3 0x000000008000fe9a (0x97ba) x15 0x00000000800120dc
core   0: 0x000000008000fe9c (0xfe043703) ld      a4, -32(s0)
core   0: 3 0x000000008000fe9c (0xfe043703) x14 0x0000000080012096 mem 0x0000000080031f50
core   0: 0x000000008000fea0 (0xfcf76de3) bltu    a4, a5, pc - 38
core   0: 3 0x000000008000fea0 (0xfcf76de3)
core   0: 0x000000008000fe7a (0xfe043783) ld      a5, -32(s0)
core   0: 3 0x000000008000fe7a (0xfe043783) x15 0x0000000080012096 mem 0x0000000080031f50
core   0: 0x000000008000fe7e (0x00178713) addi    a4, a5, 1
core   0: 3 0x000000008000fe7e (0x00178713) x14 0x0000000080012097
core   0: 0x000000008000fe82 (0xfee43023) sd      a4, -32(s0)
core   0: 3 0x000000008000fe82 (0xfee43023) mem 0x0000000080031f50 0x0000000080012097
core   0: 0x000000008000fe86 (0xfc442703) lw      a4, -60(s0)
core   0: 3 0x000000008000fe86 (0xfc442703) x14 0x0000000000000000 mem 0x0000000080031f34
core   0: 0x000000008000fe8a (0x0ff77713) andi    a4, a4, 255
core   0: 3 0x000000008000fe8a (0x0ff77713) x14 0x0000000000000000
core   0: 0x000000008000fe8e (0x00e78023) sb      a4, 0(a5)
core   0: 3 0x000000008000fe8e (0x00e78023) mem 0x0000000080012096 0x00
core   0: 0x000000008000fe92 (0xfc843703) ld      a4, -56(s0)
core   0: 3 0x000000008000fe92 (0xfc843703) x14 0x0000000080012040 mem 0x0000000080031f38
core   0: 0x000000008000fe96 (0xfb843783) ld      a5, -72(s0)
core   0: 3 0x000000008000fe96 (0xfb843783) x15 0x000000000000009c mem 0x0000000080031f28
core   0: 0x000000008000fe9a (0x000097ba) c.add   a5, a4
core   0: 3 0x000000008000fe9a (0x97ba) x15 0x00000000800120dc
core   0: 0x000000008000fe9c (0xfe043703) ld      a4, -32(s0)
core   0: 3 0x000000008000fe9c (0xfe043703) x14 0x0000000080012097 mem 0x0000000080031f50
core   0: 0x000000008000fea0 (0xfcf76de3) bltu    a4, a5, pc - 38
core   0: 3 0x000000008000fea0 (0xfcf76de3)
core   0: 0x000000008000fe7a (0xfe043783) ld      a5, -32(s0)
core   0: 3 0x000000008000fe7a (0xfe043783) x15 0x0000000080012097 mem 0x0000000080031f50
core   0: 0x000000008000fe7e (0x00178713) addi    a4, a5, 1
core   0: 3 0x000000008000fe7e (0x00178713) x14 0x0000000080012098
core   0: 0x000000008000fe82 (0xfee43023) sd      a4, -32(s0)
core   0: 3 0x000000008000fe82 (0xfee43023) mem 0x0000000080031f50 0x0000000080012098
core   0: 0x000000008000fe86 (0xfc442703) lw      a4, -60(s0)
core   0: 3 0x000000008000fe86 (0xfc442703) x14 0x0000000000000000 mem 0x0000000080031f34
core   0: 0x000000008000fe8a (0x0ff77713) andi    a4, a4, 255
core   0: 3 0x000000008000fe8a (0x0ff77713) x14 0x0000000000000000
core   0: 0x000000008000fe8e (0x00e78023) sb      a4, 0(a5)
core   0: 3 0x000000008000fe8e (0x00e78023) mem 0x0000000080012097 0x00
core   0: 0x000000008000fe92 (0xfc843703) ld      a4, -56(s0)
core   0: 3 0x000000008000fe92 (0xfc843703) x14 0x0000000080012040 mem 0x0000000080031f38
core   0: 0x000000008000fe96 (0xfb843783) ld      a5, -72(s0)
core   0: 3 0x000000008000fe96 (0xfb843783) x15 0x000000000000009c mem 0x0000000080031f28
core   0: 0x000000008000fe9a (0x000097ba) c.add   a5, a4
core   0: 3 0x000000008000fe9a (0x97ba) x15 0x00000000800120dc
core   0: 0x000000008000fe9c (0xfe043703) ld      a4, -32(s0)
core   0: 3 0x000000008000fe9c (0xfe043703) x14 0x0000000080012098 mem 0x0000000080031f50
core   0: 0x000000008000fea0 (0xfcf76de3) bltu    a4, a5, pc - 38
core   0: 3 0x000000008000fea0 (0xfcf76de3)
core   0: 0x000000008000fe7a (0xfe043783) ld      a5, -32(s0)
core   0: 3 0x000000008000fe7a (0xfe043783) x15 0x0000000080012098 mem 0x0000000080031f50
core   0: 0x000000008000fe7e (0x00178713) addi    a4, a5, 1
core   0: 3 0x000000008000fe7e (0x00178713) x14 0x0000000080012099
core   0: 0x000000008000fe82 (0xfee43023) sd      a4, -32(s0)
core   0: 3 0x000000008000fe82 (0xfee43023) mem 0x0000000080031f50 0x0000000080012099
core   0: 0x000000008000fe86 (0xfc442703) lw      a4, -60(s0)
core   0: 3 0x000000008000fe86 (0xfc442703) x14 0x0000000000000000 mem 0x0000000080031f34
core   0: 0x000000008000fe8a (0x0ff77713) andi    a4, a4, 255
core   0: 3 0x000000008000fe8a (0x0ff77713) x14 0x0000000000000000
core   0: 0x000000008000fe8e (0x00e78023) sb      a4, 0(a5)
core   0: 3 0x000000008000fe8e (0x00e78023) mem 0x0000000080012098 0x00
core   0: 0x000000008000fe92 (0xfc843703) ld      a4, -56(s0)
core   0: 3 0x000000008000fe92 (0xfc843703) x14 0x0000000080012040 mem 0x0000000080031f38
core   0: 0x000000008000fe96 (0xfb843783) ld      a5, -72(s0)
core   0: 3 0x000000008000fe96 (0xfb843783) x15 0x000000000000009c mem 0x0000000080031f28
core   0: 0x000000008000fe9a (0x000097ba) c.add   a5, a4
core   0: 3 0x000000008000fe9a (0x97ba) x15 0x00000000800120dc
core   0: 0x000000008000fe9c (0xfe043703) ld      a4, -32(s0)
core   0: 3 0x000000008000fe9c (0xfe043703) x14 0x0000000080012099 mem 0x0000000080031f50
core   0: 0x000000008000fea0 (0xfcf76de3) bltu    a4, a5, pc - 38
core   0: 3 0x000000008000fea0 (0xfcf76de3)
core   0: 0x000000008000fe7a (0xfe043783) ld      a5, -32(s0)
core   0: 3 0x000000008000fe7a (0xfe043783) x15 0x0000000080012099 mem 0x0000000080031f50
core   0: 0x000000008000fe7e (0x00178713) addi    a4, a5, 1
core   0: 3 0x000000008000fe7e (0x00178713) x14 0x000000008001209a
core   0: 0x000000008000fe82 (0xfee43023) sd      a4, -32(s0)
core   0: 3 0x000000008000fe82 (0xfee43023) mem 0x0000000080031f50 0x000000008001209a
core   0: 0x000000008000fe86 (0xfc442703) lw      a4, -60(s0)
core   0: 3 0x000000008000fe86 (0xfc442703) x14 0x0000000000000000 mem 0x0000000080031f34
core   0: 0x000000008000fe8a (0x0ff77713) andi    a4, a4, 255
core   0: 3 0x000000008000fe8a (0x0ff77713) x14 0x0000000000000000
core   0: 0x000000008000fe8e (0x00e78023) sb      a4, 0(a5)
core   0: 3 0x000000008000fe8e (0x00e78023) mem 0x0000000080012099 0x00
core   0: 0x000000008000fe92 (0xfc843703) ld      a4, -56(s0)
core   0: 3 0x000000008000fe92 (0xfc843703) x14 0x0000000080012040 mem 0x0000000080031f38
core   0: 0x000000008000fe96 (0xfb843783) ld      a5, -72(s0)
core   0: 3 0x000000008000fe96 (0xfb843783) x15 0x000000000000009c mem 0x0000000080031f28
core   0: 0x000000008000fe9a (0x000097ba) c.add   a5, a4
core   0: 3 0x000000008000fe9a (0x97ba) x15 0x00000000800120dc
core   0: 0x000000008000fe9c (0xfe043703) ld      a4, -32(s0)
core   0: 3 0x000000008000fe9c (0xfe043703) x14 0x000000008001209a mem 0x0000000080031f50
core   0: 0x000000008000fea0 (0xfcf76de3) bltu    a4, a5, pc - 38
core   0: 3 0x000000008000fea0 (0xfcf76de3)
core   0: 0x000000008000fe7a (0xfe043783) ld      a5, -32(s0)
core   0: 3 0x000000008000fe7a (0xfe043783) x15 0x000000008001209a mem 0x0000000080031f50
core   0: 0x000000008000fe7e (0x00178713) addi    a4, a5, 1
core   0: 3 0x000000008000fe7e (0x00178713) x14 0x000000008001209b
core   0: 0x000000008000fe82 (0xfee43023) sd      a4, -32(s0)
core   0: 3 0x000000008000fe82 (0xfee43023) mem 0x0000000080031f50 0x000000008001209b
core   0: 0x000000008000fe86 (0xfc442703) lw      a4, -60(s0)
core   0: 3 0x000000008000fe86 (0xfc442703) x14 0x0000000000000000 mem 0x0000000080031f34
core   0: 0x000000008000fe8a (0x0ff77713) andi    a4, a4, 255
core   0: 3 0x000000008000fe8a (0x0ff77713) x14 0x0000000000000000
core   0: 0x000000008000fe8e (0x00e78023) sb      a4, 0(a5)
core   0: 3 0x000000008000fe8e (0x00e78023) mem 0x000000008001209a 0x00
core   0: 0x000000008000fe92 (0xfc843703) ld      a4, -56(s0)
core   0: 3 0x000000008000fe92 (0xfc843703) x14 0x0000000080012040 mem 0x0000000080031f38
core   0: 0x000000008000fe96 (0xfb843783) ld      a5, -72(s0)
core   0: 3 0x000000008000fe96 (0xfb843783) x15 0x000000000000009c mem 0x0000000080031f28
core   0: 0x000000008000fe9a (0x000097ba) c.add   a5, a4
core   0: 3 0x000000008000fe9a (0x97ba) x15 0x00000000800120dc
core   0: 0x000000008000fe9c (0xfe043703) ld      a4, -32(s0)
core   0: 3 0x000000008000fe9c (0xfe043703) x14 0x000000008001209b mem 0x0000000080031f50
core   0: 0x000000008000fea0 (0xfcf76de3) bltu    a4, a5, pc - 38
core   0: 3 0x000000008000fea0 (0xfcf76de3)
core   0: 0x000000008000fe7a (0xfe043783) ld      a5, -32(s0)
core   0: 3 0x000000008000fe7a (0xfe043783) x15 0x000000008001209b mem 0x0000000080031f50
core   0: 0x000000008000fe7e (0x00178713) addi    a4, a5, 1
core   0: 3 0x000000008000fe7e (0x00178713) x14 0x000000008001209c
core   0: 0x000000008000fe82 (0xfee43023) sd      a4, -32(s0)
core   0: 3 0x000000008000fe82 (0xfee43023) mem 0x0000000080031f50 0x000000008001209c
core   0: 0x000000008000fe86 (0xfc442703) lw      a4, -60(s0)
core   0: 3 0x000000008000fe86 (0xfc442703) x14 0x0000000000000000 mem 0x0000000080031f34
core   0: 0x000000008000fe8a (0x0ff77713) andi    a4, a4, 255
core   0: 3 0x000000008000fe8a (0x0ff77713) x14 0x0000000000000000
core   0: 0x000000008000fe8e (0x00e78023) sb      a4, 0(a5)
core   0: 3 0x000000008000fe8e (0x00e78023) mem 0x000000008001209b 0x00
core   0: 0x000000008000fe92 (0xfc843703) ld      a4, -56(s0)
core   0: 3 0x000000008000fe92 (0xfc843703) x14 0x0000000080012040 mem 0x0000000080031f38
core   0: 0x000000008000fe96 (0xfb843783) ld      a5, -72(s0)
core   0: 3 0x000000008000fe96 (0xfb843783) x15 0x000000000000009c mem 0x0000000080031f28
core   0: 0x000000008000fe9a (0x000097ba) c.add   a5, a4
core   0: 3 0x000000008000fe9a (0x97ba) x15 0x00000000800120dc
core   0: 0x000000008000fe9c (0xfe043703) ld      a4, -32(s0)
core   0: 3 0x000000008000fe9c (0xfe043703) x14 0x000000008001209c mem 0x0000000080031f50
core   0: 0x000000008000fea0 (0xfcf76de3) bltu    a4, a5, pc - 38
core   0: 3 0x000000008000fea0 (0xfcf76de3)
core   0: 0x000000008000fe7a (0xfe043783) ld      a5, -32(s0)
core   0: 3 0x000000008000fe7a (0xfe043783) x15 0x000000008001209c mem 0x0000000080031f50
core   0: 0x000000008000fe7e (0x00178713) addi    a4, a5, 1
core   0: 3 0x000000008000fe7e (0x00178713) x14 0x000000008001209d
core   0: 0x000000008000fe82 (0xfee43023) sd      a4, -32(s0)
core   0: 3 0x000000008000fe82 (0xfee43023) mem 0x0000000080031f50 0x000000008001209d
core   0: 0x000000008000fe86 (0xfc442703) lw      a4, -60(s0)
core   0: 3 0x000000008000fe86 (0xfc442703) x14 0x0000000000000000 mem 0x0000000080031f34
core   0: 0x000000008000fe8a (0x0ff77713) andi    a4, a4, 255
core   0: 3 0x000000008000fe8a (0x0ff77713) x14 0x0000000000000000
core   0: 0x000000008000fe8e (0x00e78023) sb      a4, 0(a5)
core   0: 3 0x000000008000fe8e (0x00e78023) mem 0x000000008001209c 0x00
core   0: 0x000000008000fe92 (0xfc843703) ld      a4, -56(s0)
core   0: 3 0x000000008000fe92 (0xfc843703) x14 0x0000000080012040 mem 0x0000000080031f38
core   0: 0x000000008000fe96 (0xfb843783) ld      a5, -72(s0)
core   0: 3 0x000000008000fe96 (0xfb843783) x15 0x000000000000009c mem 0x0000000080031f28
core   0: 0x000000008000fe9a (0x000097ba) c.add   a5, a4
core   0: 3 0x000000008000fe9a (0x97ba) x15 0x00000000800120dc
core   0: 0x000000008000fe9c (0xfe043703) ld      a4, -32(s0)
core   0: 3 0x000000008000fe9c (0xfe043703) x14 0x000000008001209d mem 0x0000000080031f50
core   0: 0x000000008000fea0 (0xfcf76de3) bltu    a4, a5, pc - 38
core   0: 3 0x000000008000fea0 (0xfcf76de3)
core   0: 0x000000008000fe7a (0xfe043783) ld      a5, -32(s0)
core   0: 3 0x000000008000fe7a (0xfe043783) x15 0x000000008001209d mem 0x0000000080031f50
core   0: 0x000000008000fe7e (0x00178713) addi    a4, a5, 1
core   0: 3 0x000000008000fe7e (0x00178713) x14 0x000000008001209e
core   0: 0x000000008000fe82 (0xfee43023) sd      a4, -32(s0)
core   0: 3 0x000000008000fe82 (0xfee43023) mem 0x0000000080031f50 0x000000008001209e
core   0: 0x000000008000fe86 (0xfc442703) lw      a4, -60(s0)
core   0: 3 0x000000008000fe86 (0xfc442703) x14 0x0000000000000000 mem 0x0000000080031f34
core   0: 0x000000008000fe8a (0x0ff77713) andi    a4, a4, 255
core   0: 3 0x000000008000fe8a (0x0ff77713) x14 0x0000000000000000
core   0: 0x000000008000fe8e (0x00e78023) sb      a4, 0(a5)
core   0: 3 0x000000008000fe8e (0x00e78023) mem 0x000000008001209d 0x00
core   0: 0x000000008000fe92 (0xfc843703) ld      a4, -56(s0)
core   0: 3 0x000000008000fe92 (0xfc843703) x14 0x0000000080012040 mem 0x0000000080031f38
core   0: 0x000000008000fe96 (0xfb843783) ld      a5, -72(s0)
core   0: 3 0x000000008000fe96 (0xfb843783) x15 0x000000000000009c mem 0x0000000080031f28
core   0: 0x000000008000fe9a (0x000097ba) c.add   a5, a4
core   0: 3 0x000000008000fe9a (0x97ba) x15 0x00000000800120dc
core   0: 0x000000008000fe9c (0xfe043703) ld      a4, -32(s0)
core   0: 3 0x000000008000fe9c (0xfe043703) x14 0x000000008001209e mem 0x0000000080031f50
core   0: 0x000000008000fea0 (0xfcf76de3) bltu    a4, a5, pc - 38
core   0: 3 0x000000008000fea0 (0xfcf76de3)
core   0: 0x000000008000fe7a (0xfe043783) ld      a5, -32(s0)
core   0: 3 0x000000008000fe7a (0xfe043783) x15 0x000000008001209e mem 0x0000000080031f50
core   0: 0x000000008000fe7e (0x00178713) addi    a4, a5, 1
core   0: 3 0x000000008000fe7e (0x00178713) x14 0x000000008001209f
core   0: 0x000000008000fe82 (0xfee43023) sd      a4, -32(s0)
core   0: 3 0x000000008000fe82 (0xfee43023) mem 0x0000000080031f50 0x000000008001209f
core   0: 0x000000008000fe86 (0xfc442703) lw      a4, -60(s0)
core   0: 3 0x000000008000fe86 (0xfc442703) x14 0x0000000000000000 mem 0x0000000080031f34
core   0: 0x000000008000fe8a (0x0ff77713) andi    a4, a4, 255
core   0: 3 0x000000008000fe8a (0x0ff77713) x14 0x0000000000000000
core   0: 0x000000008000fe8e (0x00e78023) sb      a4, 0(a5)
core   0: 3 0x000000008000fe8e (0x00e78023) mem 0x000000008001209e 0x00
core   0: 0x000000008000fe92 (0xfc843703) ld      a4, -56(s0)
core   0: 3 0x000000008000fe92 (0xfc843703) x14 0x0000000080012040 mem 0x0000000080031f38
core   0: 0x000000008000fe96 (0xfb843783) ld      a5, -72(s0)
core   0: 3 0x000000008000fe96 (0xfb843783) x15 0x000000000000009c mem 0x0000000080031f28
core   0: 0x000000008000fe9a (0x000097ba) c.add   a5, a4
core   0: 3 0x000000008000fe9a (0x97ba) x15 0x00000000800120dc
core   0: 0x000000008000fe9c (0xfe043703) ld      a4, -32(s0)
core   0: 3 0x000000008000fe9c (0xfe043703) x14 0x000000008001209f mem 0x0000000080031f50
core   0: 0x000000008000fea0 (0xfcf76de3) bltu    a4, a5, pc - 38
core   0: 3 0x000000008000fea0 (0xfcf76de3)
core   0: 0x000000008000fe7a (0xfe043783) ld      a5, -32(s0)
core   0: 3 0x000000008000fe7a (0xfe043783) x15 0x000000008001209f mem 0x0000000080031f50
core   0: 0x000000008000fe7e (0x00178713) addi    a4, a5, 1
core   0: 3 0x000000008000fe7e (0x00178713) x14 0x00000000800120a0
core   0: 0x000000008000fe82 (0xfee43023) sd      a4, -32(s0)
core   0: 3 0x000000008000fe82 (0xfee43023) mem 0x0000000080031f50 0x00000000800120a0
core   0: 0x000000008000fe86 (0xfc442703) lw      a4, -60(s0)
core   0: 3 0x000000008000fe86 (0xfc442703) x14 0x0000000000000000 mem 0x0000000080031f34
core   0: 0x000000008000fe8a (0x0ff77713) andi    a4, a4, 255
core   0: 3 0x000000008000fe8a (0x0ff77713) x14 0x0000000000000000
core   0: 0x000000008000fe8e (0x00e78023) sb      a4, 0(a5)
core   0: 3 0x000000008000fe8e (0x00e78023) mem 0x000000008001209f 0x00
core   0: 0x000000008000fe92 (0xfc843703) ld      a4, -56(s0)
core   0: 3 0x000000008000fe92 (0xfc843703) x14 0x0000000080012040 mem 0x0000000080031f38
core   0: 0x000000008000fe96 (0xfb843783) ld      a5, -72(s0)
core   0: 3 0x000000008000fe96 (0xfb843783) x15 0x000000000000009c mem 0x0000000080031f28
core   0: 0x000000008000fe9a (0x000097ba) c.add   a5, a4
core   0: 3 0x000000008000fe9a (0x97ba) x15 0x00000000800120dc
core   0: 0x000000008000fe9c (0xfe043703) ld      a4, -32(s0)
core   0: 3 0x000000008000fe9c (0xfe043703) x14 0x00000000800120a0 mem 0x0000000080031f50
core   0: 0x000000008000fea0 (0xfcf76de3) bltu    a4, a5, pc - 38
core   0: 3 0x000000008000fea0 (0xfcf76de3)
core   0: 0x000000008000fe7a (0xfe043783) ld      a5, -32(s0)
core   0: 3 0x000000008000fe7a (0xfe043783) x15 0x00000000800120a0 mem 0x0000000080031f50
core   0: 0x000000008000fe7e (0x00178713) addi    a4, a5, 1
core   0: 3 0x000000008000fe7e (0x00178713) x14 0x00000000800120a1
core   0: 0x000000008000fe82 (0xfee43023) sd      a4, -32(s0)
core   0: 3 0x000000008000fe82 (0xfee43023) mem 0x0000000080031f50 0x00000000800120a1
core   0: 0x000000008000fe86 (0xfc442703) lw      a4, -60(s0)
core   0: 3 0x000000008000fe86 (0xfc442703) x14 0x0000000000000000 mem 0x0000000080031f34
core   0: 0x000000008000fe8a (0x0ff77713) andi    a4, a4, 255
core   0: 3 0x000000008000fe8a (0x0ff77713) x14 0x0000000000000000
core   0: 0x000000008000fe8e (0x00e78023) sb      a4, 0(a5)
core   0: 3 0x000000008000fe8e (0x00e78023) mem 0x00000000800120a0 0x00
core   0: 0x000000008000fe92 (0xfc843703) ld      a4, -56(s0)
core   0: 3 0x000000008000fe92 (0xfc843703) x14 0x0000000080012040 mem 0x0000000080031f38
core   0: 0x000000008000fe96 (0xfb843783) ld      a5, -72(s0)
core   0: 3 0x000000008000fe96 (0xfb843783) x15 0x000000000000009c mem 0x0000000080031f28
core   0: 0x000000008000fe9a (0x000097ba) c.add   a5, a4
core   0: 3 0x000000008000fe9a (0x97ba) x15 0x00000000800120dc
core   0: 0x000000008000fe9c (0xfe043703) ld      a4, -32(s0)
core   0: 3 0x000000008000fe9c (0xfe043703) x14 0x00000000800120a1 mem 0x0000000080031f50
core   0: 0x000000008000fea0 (0xfcf76de3) bltu    a4, a5, pc - 38
core   0: 3 0x000000008000fea0 (0xfcf76de3)
core   0: 0x000000008000fe7a (0xfe043783) ld      a5, -32(s0)
core   0: 3 0x000000008000fe7a (0xfe043783) x15 0x00000000800120a1 mem 0x0000000080031f50
core   0: 0x000000008000fe7e (0x00178713) addi    a4, a5, 1
core   0: 3 0x000000008000fe7e (0x00178713) x14 0x00000000800120a2
core   0: 0x000000008000fe82 (0xfee43023) sd      a4, -32(s0)
core   0: 3 0x000000008000fe82 (0xfee43023) mem 0x0000000080031f50 0x00000000800120a2
core   0: 0x000000008000fe86 (0xfc442703) lw      a4, -60(s0)
core   0: 3 0x000000008000fe86 (0xfc442703) x14 0x0000000000000000 mem 0x0000000080031f34
core   0: 0x000000008000fe8a (0x0ff77713) andi    a4, a4, 255
core   0: 3 0x000000008000fe8a (0x0ff77713) x14 0x0000000000000000
core   0: 0x000000008000fe8e (0x00e78023) sb      a4, 0(a5)
core   0: 3 0x000000008000fe8e (0x00e78023) mem 0x00000000800120a1 0x00
core   0: 0x000000008000fe92 (0xfc843703) ld      a4, -56(s0)
core   0: 3 0x000000008000fe92 (0xfc843703) x14 0x0000000080012040 mem 0x0000000080031f38
core   0: 0x000000008000fe96 (0xfb843783) ld      a5, -72(s0)
core   0: 3 0x000000008000fe96 (0xfb843783) x15 0x000000000000009c mem 0x0000000080031f28
core   0: 0x000000008000fe9a (0x000097ba) c.add   a5, a4
core   0: 3 0x000000008000fe9a (0x97ba) x15 0x00000000800120dc
core   0: 0x000000008000fe9c (0xfe043703) ld      a4, -32(s0)
core   0: 3 0x000000008000fe9c (0xfe043703) x14 0x00000000800120a2 mem 0x0000000080031f50
core   0: 0x000000008000fea0 (0xfcf76de3) bltu    a4, a5, pc - 38
core   0: 3 0x000000008000fea0 (0xfcf76de3)
core   0: 0x000000008000fe7a (0xfe043783) ld      a5, -32(s0)
core   0: 3 0x000000008000fe7a (0xfe043783) x15 0x00000000800120a2 mem 0x0000000080031f50
core   0: 0x000000008000fe7e (0x00178713) addi    a4, a5, 1
core   0: 3 0x000000008000fe7e (0x00178713) x14 0x00000000800120a3
core   0: 0x000000008000fe82 (0xfee43023) sd      a4, -32(s0)
core   0: 3 0x000000008000fe82 (0xfee43023) mem 0x0000000080031f50 0x00000000800120a3
core   0: 0x000000008000fe86 (0xfc442703) lw      a4, -60(s0)
core   0: 3 0x000000008000fe86 (0xfc442703) x14 0x0000000000000000 mem 0x0000000080031f34
core   0: 0x000000008000fe8a (0x0ff77713) andi    a4, a4, 255
core   0: 3 0x000000008000fe8a (0x0ff77713) x14 0x0000000000000000
core   0: 0x000000008000fe8e (0x00e78023) sb      a4, 0(a5)
core   0: 3 0x000000008000fe8e (0x00e78023) mem 0x00000000800120a2 0x00
core   0: 0x000000008000fe92 (0xfc843703) ld      a4, -56(s0)
core   0: 3 0x000000008000fe92 (0xfc843703) x14 0x0000000080012040 mem 0x0000000080031f38
core   0: 0x000000008000fe96 (0xfb843783) ld      a5, -72(s0)
core   0: 3 0x000000008000fe96 (0xfb843783) x15 0x000000000000009c mem 0x0000000080031f28
core   0: 0x000000008000fe9a (0x000097ba) c.add   a5, a4
core   0: 3 0x000000008000fe9a (0x97ba) x15 0x00000000800120dc
core   0: 0x000000008000fe9c (0xfe043703) ld      a4, -32(s0)
core   0: 3 0x000000008000fe9c (0xfe043703) x14 0x00000000800120a3 mem 0x0000000080031f50
core   0: 0x000000008000fea0 (0xfcf76de3) bltu    a4, a5, pc - 38
core   0: 3 0x000000008000fea0 (0xfcf76de3)
core   0: 0x000000008000fe7a (0xfe043783) ld      a5, -32(s0)
core   0: 3 0x000000008000fe7a (0xfe043783) x15 0x00000000800120a3 mem 0x0000000080031f50
core   0: 0x000000008000fe7e (0x00178713) addi    a4, a5, 1
core   0: 3 0x000000008000fe7e (0x00178713) x14 0x00000000800120a4
core   0: 0x000000008000fe82 (0xfee43023) sd      a4, -32(s0)
core   0: 3 0x000000008000fe82 (0xfee43023) mem 0x0000000080031f50 0x00000000800120a4
core   0: 0x000000008000fe86 (0xfc442703) lw      a4, -60(s0)
core   0: 3 0x000000008000fe86 (0xfc442703) x14 0x0000000000000000 mem 0x0000000080031f34
core   0: 0x000000008000fe8a (0x0ff77713) andi    a4, a4, 255
core   0: 3 0x000000008000fe8a (0x0ff77713) x14 0x0000000000000000
core   0: 0x000000008000fe8e (0x00e78023) sb      a4, 0(a5)
core   0: 3 0x000000008000fe8e (0x00e78023) mem 0x00000000800120a3 0x00
core   0: 0x000000008000fe92 (0xfc843703) ld      a4, -56(s0)
core   0: 3 0x000000008000fe92 (0xfc843703) x14 0x0000000080012040 mem 0x0000000080031f38
core   0: 0x000000008000fe96 (0xfb843783) ld      a5, -72(s0)
core   0: 3 0x000000008000fe96 (0xfb843783) x15 0x000000000000009c mem 0x0000000080031f28
core   0: 0x000000008000fe9a (0x000097ba) c.add   a5, a4
core   0: 3 0x000000008000fe9a (0x97ba) x15 0x00000000800120dc
core   0: 0x000000008000fe9c (0xfe043703) ld      a4, -32(s0)
core   0: 3 0x000000008000fe9c (0xfe043703) x14 0x00000000800120a4 mem 0x0000000080031f50
core   0: 0x000000008000fea0 (0xfcf76de3) bltu    a4, a5, pc - 38
core   0: 3 0x000000008000fea0 (0xfcf76de3)
core   0: 0x000000008000fe7a (0xfe043783) ld      a5, -32(s0)
core   0: 3 0x000000008000fe7a (0xfe043783) x15 0x00000000800120a4 mem 0x0000000080031f50
core   0: 0x000000008000fe7e (0x00178713) addi    a4, a5, 1
core   0: 3 0x000000008000fe7e (0x00178713) x14 0x00000000800120a5
core   0: 0x000000008000fe82 (0xfee43023) sd      a4, -32(s0)
core   0: 3 0x000000008000fe82 (0xfee43023) mem 0x0000000080031f50 0x00000000800120a5
core   0: 0x000000008000fe86 (0xfc442703) lw      a4, -60(s0)
core   0: 3 0x000000008000fe86 (0xfc442703) x14 0x0000000000000000 mem 0x0000000080031f34
core   0: 0x000000008000fe8a (0x0ff77713) andi    a4, a4, 255
core   0: 3 0x000000008000fe8a (0x0ff77713) x14 0x0000000000000000
core   0: 0x000000008000fe8e (0x00e78023) sb      a4, 0(a5)
core   0: 3 0x000000008000fe8e (0x00e78023) mem 0x00000000800120a4 0x00
core   0: 0x000000008000fe92 (0xfc843703) ld      a4, -56(s0)
core   0: 3 0x000000008000fe92 (0xfc843703) x14 0x0000000080012040 mem 0x0000000080031f38
core   0: 0x000000008000fe96 (0xfb843783) ld      a5, -72(s0)
core   0: 3 0x000000008000fe96 (0xfb843783) x15 0x000000000000009c mem 0x0000000080031f28
core   0: 0x000000008000fe9a (0x000097ba) c.add   a5, a4
core   0: 3 0x000000008000fe9a (0x97ba) x15 0x00000000800120dc
core   0: 0x000000008000fe9c (0xfe043703) ld      a4, -32(s0)
core   0: 3 0x000000008000fe9c (0xfe043703) x14 0x00000000800120a5 mem 0x0000000080031f50
core   0: 0x000000008000fea0 (0xfcf76de3) bltu    a4, a5, pc - 38
core   0: 3 0x000000008000fea0 (0xfcf76de3)
core   0: 0x000000008000fe7a (0xfe043783) ld      a5, -32(s0)
core   0: 3 0x000000008000fe7a (0xfe043783) x15 0x00000000800120a5 mem 0x0000000080031f50
core   0: 0x000000008000fe7e (0x00178713) addi    a4, a5, 1
core   0: 3 0x000000008000fe7e (0x00178713) x14 0x00000000800120a6
core   0: 0x000000008000fe82 (0xfee43023) sd      a4, -32(s0)
core   0: 3 0x000000008000fe82 (0xfee43023) mem 0x0000000080031f50 0x00000000800120a6
core   0: 0x000000008000fe86 (0xfc442703) lw      a4, -60(s0)
core   0: 3 0x000000008000fe86 (0xfc442703) x14 0x0000000000000000 mem 0x0000000080031f34
core   0: 0x000000008000fe8a (0x0ff77713) andi    a4, a4, 255
core   0: 3 0x000000008000fe8a (0x0ff77713) x14 0x0000000000000000
core   0: 0x000000008000fe8e (0x00e78023) sb      a4, 0(a5)
core   0: 3 0x000000008000fe8e (0x00e78023) mem 0x00000000800120a5 0x00
core   0: 0x000000008000fe92 (0xfc843703) ld      a4, -56(s0)
core   0: 3 0x000000008000fe92 (0xfc843703) x14 0x0000000080012040 mem 0x0000000080031f38
core   0: 0x000000008000fe96 (0xfb843783) ld      a5, -72(s0)
core   0: 3 0x000000008000fe96 (0xfb843783) x15 0x000000000000009c mem 0x0000000080031f28
core   0: 0x000000008000fe9a (0x000097ba) c.add   a5, a4
core   0: 3 0x000000008000fe9a (0x97ba) x15 0x00000000800120dc
core   0: 0x000000008000fe9c (0xfe043703) ld      a4, -32(s0)
core   0: 3 0x000000008000fe9c (0xfe043703) x14 0x00000000800120a6 mem 0x0000000080031f50
core   0: 0x000000008000fea0 (0xfcf76de3) bltu    a4, a5, pc - 38
core   0: 3 0x000000008000fea0 (0xfcf76de3)
core   0: 0x000000008000fe7a (0xfe043783) ld      a5, -32(s0)
core   0: 3 0x000000008000fe7a (0xfe043783) x15 0x00000000800120a6 mem 0x0000000080031f50
core   0: 0x000000008000fe7e (0x00178713) addi    a4, a5, 1
core   0: 3 0x000000008000fe7e (0x00178713) x14 0x00000000800120a7
core   0: 0x000000008000fe82 (0xfee43023) sd      a4, -32(s0)
core   0: 3 0x000000008000fe82 (0xfee43023) mem 0x0000000080031f50 0x00000000800120a7
core   0: 0x000000008000fe86 (0xfc442703) lw      a4, -60(s0)
core   0: 3 0x000000008000fe86 (0xfc442703) x14 0x0000000000000000 mem 0x0000000080031f34
core   0: 0x000000008000fe8a (0x0ff77713) andi    a4, a4, 255
core   0: 3 0x000000008000fe8a (0x0ff77713) x14 0x0000000000000000
core   0: 0x000000008000fe8e (0x00e78023) sb      a4, 0(a5)
core   0: 3 0x000000008000fe8e (0x00e78023) mem 0x00000000800120a6 0x00
core   0: 0x000000008000fe92 (0xfc843703) ld      a4, -56(s0)
core   0: 3 0x000000008000fe92 (0xfc843703) x14 0x0000000080012040 mem 0x0000000080031f38
core   0: 0x000000008000fe96 (0xfb843783) ld      a5, -72(s0)
core   0: 3 0x000000008000fe96 (0xfb843783) x15 0x000000000000009c mem 0x0000000080031f28
core   0: 0x000000008000fe9a (0x000097ba) c.add   a5, a4
core   0: 3 0x000000008000fe9a (0x97ba) x15 0x00000000800120dc
core   0: 0x000000008000fe9c (0xfe043703) ld      a4, -32(s0)
core   0: 3 0x000000008000fe9c (0xfe043703) x14 0x00000000800120a7 mem 0x0000000080031f50
core   0: 0x000000008000fea0 (0xfcf76de3) bltu    a4, a5, pc - 38
core   0: 3 0x000000008000fea0 (0xfcf76de3)
core   0: 0x000000008000fe7a (0xfe043783) ld      a5, -32(s0)
core   0: 3 0x000000008000fe7a (0xfe043783) x15 0x00000000800120a7 mem 0x0000000080031f50
core   0: 0x000000008000fe7e (0x00178713) addi    a4, a5, 1
core   0: 3 0x000000008000fe7e (0x00178713) x14 0x00000000800120a8
core   0: 0x000000008000fe82 (0xfee43023) sd      a4, -32(s0)
core   0: 3 0x000000008000fe82 (0xfee43023) mem 0x0000000080031f50 0x00000000800120a8
core   0: 0x000000008000fe86 (0xfc442703) lw      a4, -60(s0)
core   0: 3 0x000000008000fe86 (0xfc442703) x14 0x0000000000000000 mem 0x0000000080031f34
core   0: 0x000000008000fe8a (0x0ff77713) andi    a4, a4, 255
core   0: 3 0x000000008000fe8a (0x0ff77713) x14 0x0000000000000000
core   0: 0x000000008000fe8e (0x00e78023) sb      a4, 0(a5)
core   0: 3 0x000000008000fe8e (0x00e78023) mem 0x00000000800120a7 0x00
core   0: 0x000000008000fe92 (0xfc843703) ld      a4, -56(s0)
core   0: 3 0x000000008000fe92 (0xfc843703) x14 0x0000000080012040 mem 0x0000000080031f38
core   0: 0x000000008000fe96 (0xfb843783) ld      a5, -72(s0)
core   0: 3 0x000000008000fe96 (0xfb843783) x15 0x000000000000009c mem 0x0000000080031f28
core   0: 0x000000008000fe9a (0x000097ba) c.add   a5, a4
core   0: 3 0x000000008000fe9a (0x97ba) x15 0x00000000800120dc
core   0: 0x000000008000fe9c (0xfe043703) ld      a4, -32(s0)
core   0: 3 0x000000008000fe9c (0xfe043703) x14 0x00000000800120a8 mem 0x0000000080031f50
core   0: 0x000000008000fea0 (0xfcf76de3) bltu    a4, a5, pc - 38
core   0: 3 0x000000008000fea0 (0xfcf76de3)
core   0: 0x000000008000fe7a (0xfe043783) ld      a5, -32(s0)
core   0: 3 0x000000008000fe7a (0xfe043783) x15 0x00000000800120a8 mem 0x0000000080031f50
core   0: 0x000000008000fe7e (0x00178713) addi    a4, a5, 1
core   0: 3 0x000000008000fe7e (0x00178713) x14 0x00000000800120a9
core   0: 0x000000008000fe82 (0xfee43023) sd      a4, -32(s0)
core   0: 3 0x000000008000fe82 (0xfee43023) mem 0x0000000080031f50 0x00000000800120a9
core   0: 0x000000008000fe86 (0xfc442703) lw      a4, -60(s0)
core   0: 3 0x000000008000fe86 (0xfc442703) x14 0x0000000000000000 mem 0x0000000080031f34
core   0: 0x000000008000fe8a (0x0ff77713) andi    a4, a4, 255
core   0: 3 0x000000008000fe8a (0x0ff77713) x14 0x0000000000000000
core   0: 0x000000008000fe8e (0x00e78023) sb      a4, 0(a5)
core   0: 3 0x000000008000fe8e (0x00e78023) mem 0x00000000800120a8 0x00
core   0: 0x000000008000fe92 (0xfc843703) ld      a4, -56(s0)
core   0: 3 0x000000008000fe92 (0xfc843703) x14 0x0000000080012040 mem 0x0000000080031f38
core   0: 0x000000008000fe96 (0xfb843783) ld      a5, -72(s0)
core   0: 3 0x000000008000fe96 (0xfb843783) x15 0x000000000000009c mem 0x0000000080031f28
core   0: 0x000000008000fe9a (0x000097ba) c.add   a5, a4
core   0: 3 0x000000008000fe9a (0x97ba) x15 0x00000000800120dc
core   0: 0x000000008000fe9c (0xfe043703) ld      a4, -32(s0)
core   0: 3 0x000000008000fe9c (0xfe043703) x14 0x00000000800120a9 mem 0x0000000080031f50
core   0: 0x000000008000fea0 (0xfcf76de3) bltu    a4, a5, pc - 38
core   0: 3 0x000000008000fea0 (0xfcf76de3)
core   0: 0x000000008000fe7a (0xfe043783) ld      a5, -32(s0)
core   0: 3 0x000000008000fe7a (0xfe043783) x15 0x00000000800120a9 mem 0x0000000080031f50
core   0: 0x000000008000fe7e (0x00178713) addi    a4, a5, 1
core   0: 3 0x000000008000fe7e (0x00178713) x14 0x00000000800120aa
core   0: 0x000000008000fe82 (0xfee43023) sd      a4, -32(s0)
core   0: 3 0x000000008000fe82 (0xfee43023) mem 0x0000000080031f50 0x00000000800120aa
core   0: 0x000000008000fe86 (0xfc442703) lw      a4, -60(s0)
core   0: 3 0x000000008000fe86 (0xfc442703) x14 0x0000000000000000 mem 0x0000000080031f34
core   0: 0x000000008000fe8a (0x0ff77713) andi    a4, a4, 255
core   0: 3 0x000000008000fe8a (0x0ff77713) x14 0x0000000000000000
core   0: 0x000000008000fe8e (0x00e78023) sb      a4, 0(a5)
core   0: 3 0x000000008000fe8e (0x00e78023) mem 0x00000000800120a9 0x00
core   0: 0x000000008000fe92 (0xfc843703) ld      a4, -56(s0)
core   0: 3 0x000000008000fe92 (0xfc843703) x14 0x0000000080012040 mem 0x0000000080031f38
core   0: 0x000000008000fe96 (0xfb843783) ld      a5, -72(s0)
core   0: 3 0x000000008000fe96 (0xfb843783) x15 0x000000000000009c mem 0x0000000080031f28
core   0: 0x000000008000fe9a (0x000097ba) c.add   a5, a4
core   0: 3 0x000000008000fe9a (0x97ba) x15 0x00000000800120dc
core   0: 0x000000008000fe9c (0xfe043703) ld      a4, -32(s0)
core   0: 3 0x000000008000fe9c (0xfe043703) x14 0x00000000800120aa mem 0x0000000080031f50
core   0: 0x000000008000fea0 (0xfcf76de3) bltu    a4, a5, pc - 38
core   0: 3 0x000000008000fea0 (0xfcf76de3)
core   0: 0x000000008000fe7a (0xfe043783) ld      a5, -32(s0)
core   0: 3 0x000000008000fe7a (0xfe043783) x15 0x00000000800120aa mem 0x0000000080031f50
core   0: 0x000000008000fe7e (0x00178713) addi    a4, a5, 1
core   0: 3 0x000000008000fe7e (0x00178713) x14 0x00000000800120ab
core   0: 0x000000008000fe82 (0xfee43023) sd      a4, -32(s0)
core   0: 3 0x000000008000fe82 (0xfee43023) mem 0x0000000080031f50 0x00000000800120ab
core   0: 0x000000008000fe86 (0xfc442703) lw      a4, -60(s0)
core   0: 3 0x000000008000fe86 (0xfc442703) x14 0x0000000000000000 mem 0x0000000080031f34
core   0: 0x000000008000fe8a (0x0ff77713) andi    a4, a4, 255
core   0: 3 0x000000008000fe8a (0x0ff77713) x14 0x0000000000000000
core   0: 0x000000008000fe8e (0x00e78023) sb      a4, 0(a5)
core   0: 3 0x000000008000fe8e (0x00e78023) mem 0x00000000800120aa 0x00
core   0: 0x000000008000fe92 (0xfc843703) ld      a4, -56(s0)
core   0: 3 0x000000008000fe92 (0xfc843703) x14 0x0000000080012040 mem 0x0000000080031f38
core   0: 0x000000008000fe96 (0xfb843783) ld      a5, -72(s0)
core   0: 3 0x000000008000fe96 (0xfb843783) x15 0x000000000000009c mem 0x0000000080031f28
core   0: 0x000000008000fe9a (0x000097ba) c.add   a5, a4
core   0: 3 0x000000008000fe9a (0x97ba) x15 0x00000000800120dc
core   0: 0x000000008000fe9c (0xfe043703) ld      a4, -32(s0)
core   0: 3 0x000000008000fe9c (0xfe043703) x14 0x00000000800120ab mem 0x0000000080031f50
core   0: 0x000000008000fea0 (0xfcf76de3) bltu    a4, a5, pc - 38
core   0: 3 0x000000008000fea0 (0xfcf76de3)
core   0: 0x000000008000fe7a (0xfe043783) ld      a5, -32(s0)
core   0: 3 0x000000008000fe7a (0xfe043783) x15 0x00000000800120ab mem 0x0000000080031f50
core   0: 0x000000008000fe7e (0x00178713) addi    a4, a5, 1
core   0: 3 0x000000008000fe7e (0x00178713) x14 0x00000000800120ac
core   0: 0x000000008000fe82 (0xfee43023) sd      a4, -32(s0)
core   0: 3 0x000000008000fe82 (0xfee43023) mem 0x0000000080031f50 0x00000000800120ac
core   0: 0x000000008000fe86 (0xfc442703) lw      a4, -60(s0)
core   0: 3 0x000000008000fe86 (0xfc442703) x14 0x0000000000000000 mem 0x0000000080031f34
core   0: 0x000000008000fe8a (0x0ff77713) andi    a4, a4, 255
core   0: 3 0x000000008000fe8a (0x0ff77713) x14 0x0000000000000000
core   0: 0x000000008000fe8e (0x00e78023) sb      a4, 0(a5)
core   0: 3 0x000000008000fe8e (0x00e78023) mem 0x00000000800120ab 0x00
core   0: 0x000000008000fe92 (0xfc843703) ld      a4, -56(s0)
core   0: 3 0x000000008000fe92 (0xfc843703) x14 0x0000000080012040 mem 0x0000000080031f38
core   0: 0x000000008000fe96 (0xfb843783) ld      a5, -72(s0)
core   0: 3 0x000000008000fe96 (0xfb843783) x15 0x000000000000009c mem 0x0000000080031f28
core   0: 0x000000008000fe9a (0x000097ba) c.add   a5, a4
core   0: 3 0x000000008000fe9a (0x97ba) x15 0x00000000800120dc
core   0: 0x000000008000fe9c (0xfe043703) ld      a4, -32(s0)
core   0: 3 0x000000008000fe9c (0xfe043703) x14 0x00000000800120ac mem 0x0000000080031f50
core   0: 0x000000008000fea0 (0xfcf76de3) bltu    a4, a5, pc - 38
core   0: 3 0x000000008000fea0 (0xfcf76de3)
core   0: 0x000000008000fe7a (0xfe043783) ld      a5, -32(s0)
core   0: 3 0x000000008000fe7a (0xfe043783) x15 0x00000000800120ac mem 0x0000000080031f50
core   0: 0x000000008000fe7e (0x00178713) addi    a4, a5, 1
core   0: 3 0x000000008000fe7e (0x00178713) x14 0x00000000800120ad
core   0: 0x000000008000fe82 (0xfee43023) sd      a4, -32(s0)
core   0: 3 0x000000008000fe82 (0xfee43023) mem 0x0000000080031f50 0x00000000800120ad
core   0: 0x000000008000fe86 (0xfc442703) lw      a4, -60(s0)
core   0: 3 0x000000008000fe86 (0xfc442703) x14 0x0000000000000000 mem 0x0000000080031f34
core   0: 0x000000008000fe8a (0x0ff77713) andi    a4, a4, 255
core   0: 3 0x000000008000fe8a (0x0ff77713) x14 0x0000000000000000
core   0: 0x000000008000fe8e (0x00e78023) sb      a4, 0(a5)
core   0: 3 0x000000008000fe8e (0x00e78023) mem 0x00000000800120ac 0x00
core   0: 0x000000008000fe92 (0xfc843703) ld      a4, -56(s0)
core   0: 3 0x000000008000fe92 (0xfc843703) x14 0x0000000080012040 mem 0x0000000080031f38
core   0: 0x000000008000fe96 (0xfb843783) ld      a5, -72(s0)
core   0: 3 0x000000008000fe96 (0xfb843783) x15 0x000000000000009c mem 0x0000000080031f28
core   0: 0x000000008000fe9a (0x000097ba) c.add   a5, a4
core   0: 3 0x000000008000fe9a (0x97ba) x15 0x00000000800120dc
core   0: 0x000000008000fe9c (0xfe043703) ld      a4, -32(s0)
core   0: 3 0x000000008000fe9c (0xfe043703) x14 0x00000000800120ad mem 0x0000000080031f50
core   0: 0x000000008000fea0 (0xfcf76de3) bltu    a4, a5, pc - 38
core   0: 3 0x000000008000fea0 (0xfcf76de3)
core   0: 0x000000008000fe7a (0xfe043783) ld      a5, -32(s0)
core   0: 3 0x000000008000fe7a (0xfe043783) x15 0x00000000800120ad mem 0x0000000080031f50
core   0: 0x000000008000fe7e (0x00178713) addi    a4, a5, 1
core   0: 3 0x000000008000fe7e (0x00178713) x14 0x00000000800120ae
core   0: 0x000000008000fe82 (0xfee43023) sd      a4, -32(s0)
core   0: 3 0x000000008000fe82 (0xfee43023) mem 0x0000000080031f50 0x00000000800120ae
core   0: 0x000000008000fe86 (0xfc442703) lw      a4, -60(s0)
core   0: 3 0x000000008000fe86 (0xfc442703) x14 0x0000000000000000 mem 0x0000000080031f34
core   0: 0x000000008000fe8a (0x0ff77713) andi    a4, a4, 255
core   0: 3 0x000000008000fe8a (0x0ff77713) x14 0x0000000000000000
core   0: 0x000000008000fe8e (0x00e78023) sb      a4, 0(a5)
core   0: 3 0x000000008000fe8e (0x00e78023) mem 0x00000000800120ad 0x00
core   0: 0x000000008000fe92 (0xfc843703) ld      a4, -56(s0)
core   0: 3 0x000000008000fe92 (0xfc843703) x14 0x0000000080012040 mem 0x0000000080031f38
core   0: 0x000000008000fe96 (0xfb843783) ld      a5, -72(s0)
core   0: 3 0x000000008000fe96 (0xfb843783) x15 0x000000000000009c mem 0x0000000080031f28
core   0: 0x000000008000fe9a (0x000097ba) c.add   a5, a4
core   0: 3 0x000000008000fe9a (0x97ba) x15 0x00000000800120dc
core   0: 0x000000008000fe9c (0xfe043703) ld      a4, -32(s0)
core   0: 3 0x000000008000fe9c (0xfe043703) x14 0x00000000800120ae mem 0x0000000080031f50
core   0: 0x000000008000fea0 (0xfcf76de3) bltu    a4, a5, pc - 38
core   0: 3 0x000000008000fea0 (0xfcf76de3)
core   0: 0x000000008000fe7a (0xfe043783) ld      a5, -32(s0)
core   0: 3 0x000000008000fe7a (0xfe043783) x15 0x00000000800120ae mem 0x0000000080031f50
core   0: 0x000000008000fe7e (0x00178713) addi    a4, a5, 1
core   0: 3 0x000000008000fe7e (0x00178713) x14 0x00000000800120af
core   0: 0x000000008000fe82 (0xfee43023) sd      a4, -32(s0)
core   0: 3 0x000000008000fe82 (0xfee43023) mem 0x0000000080031f50 0x00000000800120af
core   0: 0x000000008000fe86 (0xfc442703) lw      a4, -60(s0)
core   0: 3 0x000000008000fe86 (0xfc442703) x14 0x0000000000000000 mem 0x0000000080031f34
core   0: 0x000000008000fe8a (0x0ff77713) andi    a4, a4, 255
core   0: 3 0x000000008000fe8a (0x0ff77713) x14 0x0000000000000000
core   0: 0x000000008000fe8e (0x00e78023) sb      a4, 0(a5)
core   0: 3 0x000000008000fe8e (0x00e78023) mem 0x00000000800120ae 0x00
core   0: 0x000000008000fe92 (0xfc843703) ld      a4, -56(s0)
core   0: 3 0x000000008000fe92 (0xfc843703) x14 0x0000000080012040 mem 0x0000000080031f38
core   0: 0x000000008000fe96 (0xfb843783) ld      a5, -72(s0)
core   0: 3 0x000000008000fe96 (0xfb843783) x15 0x000000000000009c mem 0x0000000080031f28
core   0: 0x000000008000fe9a (0x000097ba) c.add   a5, a4
core   0: 3 0x000000008000fe9a (0x97ba) x15 0x00000000800120dc
core   0: 0x000000008000fe9c (0xfe043703) ld      a4, -32(s0)
core   0: 3 0x000000008000fe9c (0xfe043703) x14 0x00000000800120af mem 0x0000000080031f50
core   0: 0x000000008000fea0 (0xfcf76de3) bltu    a4, a5, pc - 38
core   0: 3 0x000000008000fea0 (0xfcf76de3)
core   0: 0x000000008000fe7a (0xfe043783) ld      a5, -32(s0)
core   0: 3 0x000000008000fe7a (0xfe043783) x15 0x00000000800120af mem 0x0000000080031f50
core   0: 0x000000008000fe7e (0x00178713) addi    a4, a5, 1
core   0: 3 0x000000008000fe7e (0x00178713) x14 0x00000000800120b0
core   0: 0x000000008000fe82 (0xfee43023) sd      a4, -32(s0)
core   0: 3 0x000000008000fe82 (0xfee43023) mem 0x0000000080031f50 0x00000000800120b0
core   0: 0x000000008000fe86 (0xfc442703) lw      a4, -60(s0)
core   0: 3 0x000000008000fe86 (0xfc442703) x14 0x0000000000000000 mem 0x0000000080031f34
core   0: 0x000000008000fe8a (0x0ff77713) andi    a4, a4, 255
core   0: 3 0x000000008000fe8a (0x0ff77713) x14 0x0000000000000000
core   0: 0x000000008000fe8e (0x00e78023) sb      a4, 0(a5)
core   0: 3 0x000000008000fe8e (0x00e78023) mem 0x00000000800120af 0x00
core   0: 0x000000008000fe92 (0xfc843703) ld      a4, -56(s0)
core   0: 3 0x000000008000fe92 (0xfc843703) x14 0x0000000080012040 mem 0x0000000080031f38
core   0: 0x000000008000fe96 (0xfb843783) ld      a5, -72(s0)
core   0: 3 0x000000008000fe96 (0xfb843783) x15 0x000000000000009c mem 0x0000000080031f28
core   0: 0x000000008000fe9a (0x000097ba) c.add   a5, a4
core   0: 3 0x000000008000fe9a (0x97ba) x15 0x00000000800120dc
core   0: 0x000000008000fe9c (0xfe043703) ld      a4, -32(s0)
core   0: 3 0x000000008000fe9c (0xfe043703) x14 0x00000000800120b0 mem 0x0000000080031f50
core   0: 0x000000008000fea0 (0xfcf76de3) bltu    a4, a5, pc - 38
core   0: 3 0x000000008000fea0 (0xfcf76de3)
core   0: 0x000000008000fe7a (0xfe043783) ld      a5, -32(s0)
core   0: 3 0x000000008000fe7a (0xfe043783) x15 0x00000000800120b0 mem 0x0000000080031f50
core   0: 0x000000008000fe7e (0x00178713) addi    a4, a5, 1
core   0: 3 0x000000008000fe7e (0x00178713) x14 0x00000000800120b1
core   0: 0x000000008000fe82 (0xfee43023) sd      a4, -32(s0)
core   0: 3 0x000000008000fe82 (0xfee43023) mem 0x0000000080031f50 0x00000000800120b1
core   0: 0x000000008000fe86 (0xfc442703) lw      a4, -60(s0)
core   0: 3 0x000000008000fe86 (0xfc442703) x14 0x0000000000000000 mem 0x0000000080031f34
core   0: 0x000000008000fe8a (0x0ff77713) andi    a4, a4, 255
core   0: 3 0x000000008000fe8a (0x0ff77713) x14 0x0000000000000000
core   0: 0x000000008000fe8e (0x00e78023) sb      a4, 0(a5)
core   0: 3 0x000000008000fe8e (0x00e78023) mem 0x00000000800120b0 0x00
core   0: 0x000000008000fe92 (0xfc843703) ld      a4, -56(s0)
core   0: 3 0x000000008000fe92 (0xfc843703) x14 0x0000000080012040 mem 0x0000000080031f38
core   0: 0x000000008000fe96 (0xfb843783) ld      a5, -72(s0)
core   0: 3 0x000000008000fe96 (0xfb843783) x15 0x000000000000009c mem 0x0000000080031f28
core   0: 0x000000008000fe9a (0x000097ba) c.add   a5, a4
core   0: 3 0x000000008000fe9a (0x97ba) x15 0x00000000800120dc
core   0: 0x000000008000fe9c (0xfe043703) ld      a4, -32(s0)
core   0: 3 0x000000008000fe9c (0xfe043703) x14 0x00000000800120b1 mem 0x0000000080031f50
core   0: 0x000000008000fea0 (0xfcf76de3) bltu    a4, a5, pc - 38
core   0: 3 0x000000008000fea0 (0xfcf76de3)
core   0: 0x000000008000fe7a (0xfe043783) ld      a5, -32(s0)
core   0: 3 0x000000008000fe7a (0xfe043783) x15 0x00000000800120b1 mem 0x0000000080031f50
core   0: 0x000000008000fe7e (0x00178713) addi    a4, a5, 1
core   0: 3 0x000000008000fe7e (0x00178713) x14 0x00000000800120b2
core   0: 0x000000008000fe82 (0xfee43023) sd      a4, -32(s0)
core   0: 3 0x000000008000fe82 (0xfee43023) mem 0x0000000080031f50 0x00000000800120b2
core   0: 0x000000008000fe86 (0xfc442703) lw      a4, -60(s0)
core   0: 3 0x000000008000fe86 (0xfc442703) x14 0x0000000000000000 mem 0x0000000080031f34
core   0: 0x000000008000fe8a (0x0ff77713) andi    a4, a4, 255
core   0: 3 0x000000008000fe8a (0x0ff77713) x14 0x0000000000000000
core   0: 0x000000008000fe8e (0x00e78023) sb      a4, 0(a5)
core   0: 3 0x000000008000fe8e (0x00e78023) mem 0x00000000800120b1 0x00
core   0: 0x000000008000fe92 (0xfc843703) ld      a4, -56(s0)
core   0: 3 0x000000008000fe92 (0xfc843703) x14 0x0000000080012040 mem 0x0000000080031f38
core   0: 0x000000008000fe96 (0xfb843783) ld      a5, -72(s0)
core   0: 3 0x000000008000fe96 (0xfb843783) x15 0x000000000000009c mem 0x0000000080031f28
core   0: 0x000000008000fe9a (0x000097ba) c.add   a5, a4
core   0: 3 0x000000008000fe9a (0x97ba) x15 0x00000000800120dc
core   0: 0x000000008000fe9c (0xfe043703) ld      a4, -32(s0)
core   0: 3 0x000000008000fe9c (0xfe043703) x14 0x00000000800120b2 mem 0x0000000080031f50
core   0: 0x000000008000fea0 (0xfcf76de3) bltu    a4, a5, pc - 38
core   0: 3 0x000000008000fea0 (0xfcf76de3)
core   0: 0x000000008000fe7a (0xfe043783) ld      a5, -32(s0)
core   0: 3 0x000000008000fe7a (0xfe043783) x15 0x00000000800120b2 mem 0x0000000080031f50
core   0: 0x000000008000fe7e (0x00178713) addi    a4, a5, 1
core   0: 3 0x000000008000fe7e (0x00178713) x14 0x00000000800120b3
core   0: 0x000000008000fe82 (0xfee43023) sd      a4, -32(s0)
core   0: 3 0x000000008000fe82 (0xfee43023) mem 0x0000000080031f50 0x00000000800120b3
core   0: 0x000000008000fe86 (0xfc442703) lw      a4, -60(s0)
core   0: 3 0x000000008000fe86 (0xfc442703) x14 0x0000000000000000 mem 0x0000000080031f34
core   0: 0x000000008000fe8a (0x0ff77713) andi    a4, a4, 255
core   0: 3 0x000000008000fe8a (0x0ff77713) x14 0x0000000000000000
core   0: 0x000000008000fe8e (0x00e78023) sb      a4, 0(a5)
core   0: 3 0x000000008000fe8e (0x00e78023) mem 0x00000000800120b2 0x00
core   0: 0x000000008000fe92 (0xfc843703) ld      a4, -56(s0)
core   0: 3 0x000000008000fe92 (0xfc843703) x14 0x0000000080012040 mem 0x0000000080031f38
core   0: 0x000000008000fe96 (0xfb843783) ld      a5, -72(s0)
core   0: 3 0x000000008000fe96 (0xfb843783) x15 0x000000000000009c mem 0x0000000080031f28
core   0: 0x000000008000fe9a (0x000097ba) c.add   a5, a4
core   0: 3 0x000000008000fe9a (0x97ba) x15 0x00000000800120dc
core   0: 0x000000008000fe9c (0xfe043703) ld      a4, -32(s0)
core   0: 3 0x000000008000fe9c (0xfe043703) x14 0x00000000800120b3 mem 0x0000000080031f50
core   0: 0x000000008000fea0 (0xfcf76de3) bltu    a4, a5, pc - 38
core   0: 3 0x000000008000fea0 (0xfcf76de3)
core   0: 0x000000008000fe7a (0xfe043783) ld      a5, -32(s0)
core   0: 3 0x000000008000fe7a (0xfe043783) x15 0x00000000800120b3 mem 0x0000000080031f50
core   0: 0x000000008000fe7e (0x00178713) addi    a4, a5, 1
core   0: 3 0x000000008000fe7e (0x00178713) x14 0x00000000800120b4
core   0: 0x000000008000fe82 (0xfee43023) sd      a4, -32(s0)
core   0: 3 0x000000008000fe82 (0xfee43023) mem 0x0000000080031f50 0x00000000800120b4
core   0: 0x000000008000fe86 (0xfc442703) lw      a4, -60(s0)
core   0: 3 0x000000008000fe86 (0xfc442703) x14 0x0000000000000000 mem 0x0000000080031f34
core   0: 0x000000008000fe8a (0x0ff77713) andi    a4, a4, 255
core   0: 3 0x000000008000fe8a (0x0ff77713) x14 0x0000000000000000
core   0: 0x000000008000fe8e (0x00e78023) sb      a4, 0(a5)
core   0: 3 0x000000008000fe8e (0x00e78023) mem 0x00000000800120b3 0x00
core   0: 0x000000008000fe92 (0xfc843703) ld      a4, -56(s0)
core   0: 3 0x000000008000fe92 (0xfc843703) x14 0x0000000080012040 mem 0x0000000080031f38
core   0: 0x000000008000fe96 (0xfb843783) ld      a5, -72(s0)
core   0: 3 0x000000008000fe96 (0xfb843783) x15 0x000000000000009c mem 0x0000000080031f28
core   0: 0x000000008000fe9a (0x000097ba) c.add   a5, a4
core   0: 3 0x000000008000fe9a (0x97ba) x15 0x00000000800120dc
core   0: 0x000000008000fe9c (0xfe043703) ld      a4, -32(s0)
core   0: 3 0x000000008000fe9c (0xfe043703) x14 0x00000000800120b4 mem 0x0000000080031f50
core   0: 0x000000008000fea0 (0xfcf76de3) bltu    a4, a5, pc - 38
core   0: 3 0x000000008000fea0 (0xfcf76de3)
core   0: 0x000000008000fe7a (0xfe043783) ld      a5, -32(s0)
core   0: 3 0x000000008000fe7a (0xfe043783) x15 0x00000000800120b4 mem 0x0000000080031f50
core   0: 0x000000008000fe7e (0x00178713) addi    a4, a5, 1
core   0: 3 0x000000008000fe7e (0x00178713) x14 0x00000000800120b5
core   0: 0x000000008000fe82 (0xfee43023) sd      a4, -32(s0)
core   0: 3 0x000000008000fe82 (0xfee43023) mem 0x0000000080031f50 0x00000000800120b5
core   0: 0x000000008000fe86 (0xfc442703) lw      a4, -60(s0)
core   0: 3 0x000000008000fe86 (0xfc442703) x14 0x0000000000000000 mem 0x0000000080031f34
core   0: 0x000000008000fe8a (0x0ff77713) andi    a4, a4, 255
core   0: 3 0x000000008000fe8a (0x0ff77713) x14 0x0000000000000000
core   0: 0x000000008000fe8e (0x00e78023) sb      a4, 0(a5)
core   0: 3 0x000000008000fe8e (0x00e78023) mem 0x00000000800120b4 0x00
core   0: 0x000000008000fe92 (0xfc843703) ld      a4, -56(s0)
core   0: 3 0x000000008000fe92 (0xfc843703) x14 0x0000000080012040 mem 0x0000000080031f38
core   0: 0x000000008000fe96 (0xfb843783) ld      a5, -72(s0)
core   0: 3 0x000000008000fe96 (0xfb843783) x15 0x000000000000009c mem 0x0000000080031f28
core   0: 0x000000008000fe9a (0x000097ba) c.add   a5, a4
core   0: 3 0x000000008000fe9a (0x97ba) x15 0x00000000800120dc
core   0: 0x000000008000fe9c (0xfe043703) ld      a4, -32(s0)
core   0: 3 0x000000008000fe9c (0xfe043703) x14 0x00000000800120b5 mem 0x0000000080031f50
core   0: 0x000000008000fea0 (0xfcf76de3) bltu    a4, a5, pc - 38
core   0: 3 0x000000008000fea0 (0xfcf76de3)
core   0: 0x000000008000fe7a (0xfe043783) ld      a5, -32(s0)
core   0: 3 0x000000008000fe7a (0xfe043783) x15 0x00000000800120b5 mem 0x0000000080031f50
core   0: 0x000000008000fe7e (0x00178713) addi    a4, a5, 1
core   0: 3 0x000000008000fe7e (0x00178713) x14 0x00000000800120b6
core   0: 0x000000008000fe82 (0xfee43023) sd      a4, -32(s0)
core   0: 3 0x000000008000fe82 (0xfee43023) mem 0x0000000080031f50 0x00000000800120b6
core   0: 0x000000008000fe86 (0xfc442703) lw      a4, -60(s0)
core   0: 3 0x000000008000fe86 (0xfc442703) x14 0x0000000000000000 mem 0x0000000080031f34
core   0: 0x000000008000fe8a (0x0ff77713) andi    a4, a4, 255
core   0: 3 0x000000008000fe8a (0x0ff77713) x14 0x0000000000000000
core   0: 0x000000008000fe8e (0x00e78023) sb      a4, 0(a5)
core   0: 3 0x000000008000fe8e (0x00e78023) mem 0x00000000800120b5 0x00
core   0: 0x000000008000fe92 (0xfc843703) ld      a4, -56(s0)
core   0: 3 0x000000008000fe92 (0xfc843703) x14 0x0000000080012040 mem 0x0000000080031f38
core   0: 0x000000008000fe96 (0xfb843783) ld      a5, -72(s0)
core   0: 3 0x000000008000fe96 (0xfb843783) x15 0x000000000000009c mem 0x0000000080031f28
core   0: 0x000000008000fe9a (0x000097ba) c.add   a5, a4
core   0: 3 0x000000008000fe9a (0x97ba) x15 0x00000000800120dc
core   0: 0x000000008000fe9c (0xfe043703) ld      a4, -32(s0)
core   0: 3 0x000000008000fe9c (0xfe043703) x14 0x00000000800120b6 mem 0x0000000080031f50
core   0: 0x000000008000fea0 (0xfcf76de3) bltu    a4, a5, pc - 38
core   0: 3 0x000000008000fea0 (0xfcf76de3)
core   0: 0x000000008000fe7a (0xfe043783) ld      a5, -32(s0)
core   0: 3 0x000000008000fe7a (0xfe043783) x15 0x00000000800120b6 mem 0x0000000080031f50
core   0: 0x000000008000fe7e (0x00178713) addi    a4, a5, 1
core   0: 3 0x000000008000fe7e (0x00178713) x14 0x00000000800120b7
core   0: 0x000000008000fe82 (0xfee43023) sd      a4, -32(s0)
core   0: 3 0x000000008000fe82 (0xfee43023) mem 0x0000000080031f50 0x00000000800120b7
core   0: 0x000000008000fe86 (0xfc442703) lw      a4, -60(s0)
core   0: 3 0x000000008000fe86 (0xfc442703) x14 0x0000000000000000 mem 0x0000000080031f34
core   0: 0x000000008000fe8a (0x0ff77713) andi    a4, a4, 255
core   0: 3 0x000000008000fe8a (0x0ff77713) x14 0x0000000000000000
core   0: 0x000000008000fe8e (0x00e78023) sb      a4, 0(a5)
core   0: 3 0x000000008000fe8e (0x00e78023) mem 0x00000000800120b6 0x00
core   0: 0x000000008000fe92 (0xfc843703) ld      a4, -56(s0)
core   0: 3 0x000000008000fe92 (0xfc843703) x14 0x0000000080012040 mem 0x0000000080031f38
core   0: 0x000000008000fe96 (0xfb843783) ld      a5, -72(s0)
core   0: 3 0x000000008000fe96 (0xfb843783) x15 0x000000000000009c mem 0x0000000080031f28
core   0: 0x000000008000fe9a (0x000097ba) c.add   a5, a4
core   0: 3 0x000000008000fe9a (0x97ba) x15 0x00000000800120dc
core   0: 0x000000008000fe9c (0xfe043703) ld      a4, -32(s0)
core   0: 3 0x000000008000fe9c (0xfe043703) x14 0x00000000800120b7 mem 0x0000000080031f50
core   0: 0x000000008000fea0 (0xfcf76de3) bltu    a4, a5, pc - 38
core   0: 3 0x000000008000fea0 (0xfcf76de3)
core   0: 0x000000008000fe7a (0xfe043783) ld      a5, -32(s0)
core   0: 3 0x000000008000fe7a (0xfe043783) x15 0x00000000800120b7 mem 0x0000000080031f50
core   0: 0x000000008000fe7e (0x00178713) addi    a4, a5, 1
core   0: 3 0x000000008000fe7e (0x00178713) x14 0x00000000800120b8
core   0: 0x000000008000fe82 (0xfee43023) sd      a4, -32(s0)
core   0: 3 0x000000008000fe82 (0xfee43023) mem 0x0000000080031f50 0x00000000800120b8
core   0: 0x000000008000fe86 (0xfc442703) lw      a4, -60(s0)
core   0: 3 0x000000008000fe86 (0xfc442703) x14 0x0000000000000000 mem 0x0000000080031f34
core   0: 0x000000008000fe8a (0x0ff77713) andi    a4, a4, 255
core   0: 3 0x000000008000fe8a (0x0ff77713) x14 0x0000000000000000
core   0: 0x000000008000fe8e (0x00e78023) sb      a4, 0(a5)
core   0: 3 0x000000008000fe8e (0x00e78023) mem 0x00000000800120b7 0x00
core   0: 0x000000008000fe92 (0xfc843703) ld      a4, -56(s0)
core   0: 3 0x000000008000fe92 (0xfc843703) x14 0x0000000080012040 mem 0x0000000080031f38
core   0: 0x000000008000fe96 (0xfb843783) ld      a5, -72(s0)
core   0: 3 0x000000008000fe96 (0xfb843783) x15 0x000000000000009c mem 0x0000000080031f28
core   0: 0x000000008000fe9a (0x000097ba) c.add   a5, a4
core   0: 3 0x000000008000fe9a (0x97ba) x15 0x00000000800120dc
core   0: 0x000000008000fe9c (0xfe043703) ld      a4, -32(s0)
core   0: 3 0x000000008000fe9c (0xfe043703) x14 0x00000000800120b8 mem 0x0000000080031f50
core   0: 0x000000008000fea0 (0xfcf76de3) bltu    a4, a5, pc - 38
core   0: 3 0x000000008000fea0 (0xfcf76de3)
core   0: 0x000000008000fe7a (0xfe043783) ld      a5, -32(s0)
core   0: 3 0x000000008000fe7a (0xfe043783) x15 0x00000000800120b8 mem 0x0000000080031f50
core   0: 0x000000008000fe7e (0x00178713) addi    a4, a5, 1
core   0: 3 0x000000008000fe7e (0x00178713) x14 0x00000000800120b9
core   0: 0x000000008000fe82 (0xfee43023) sd      a4, -32(s0)
core   0: 3 0x000000008000fe82 (0xfee43023) mem 0x0000000080031f50 0x00000000800120b9
core   0: 0x000000008000fe86 (0xfc442703) lw      a4, -60(s0)
core   0: 3 0x000000008000fe86 (0xfc442703) x14 0x0000000000000000 mem 0x0000000080031f34
core   0: 0x000000008000fe8a (0x0ff77713) andi    a4, a4, 255
core   0: 3 0x000000008000fe8a (0x0ff77713) x14 0x0000000000000000
core   0: 0x000000008000fe8e (0x00e78023) sb      a4, 0(a5)
core   0: 3 0x000000008000fe8e (0x00e78023) mem 0x00000000800120b8 0x00
core   0: 0x000000008000fe92 (0xfc843703) ld      a4, -56(s0)
core   0: 3 0x000000008000fe92 (0xfc843703) x14 0x0000000080012040 mem 0x0000000080031f38
core   0: 0x000000008000fe96 (0xfb843783) ld      a5, -72(s0)
core   0: 3 0x000000008000fe96 (0xfb843783) x15 0x000000000000009c mem 0x0000000080031f28
core   0: 0x000000008000fe9a (0x000097ba) c.add   a5, a4
core   0: 3 0x000000008000fe9a (0x97ba) x15 0x00000000800120dc
core   0: 0x000000008000fe9c (0xfe043703) ld      a4, -32(s0)
core   0: 3 0x000000008000fe9c (0xfe043703) x14 0x00000000800120b9 mem 0x0000000080031f50
core   0: 0x000000008000fea0 (0xfcf76de3) bltu    a4, a5, pc - 38
core   0: 3 0x000000008000fea0 (0xfcf76de3)
core   0: 0x000000008000fe7a (0xfe043783) ld      a5, -32(s0)
core   0: 3 0x000000008000fe7a (0xfe043783) x15 0x00000000800120b9 mem 0x0000000080031f50
core   0: 0x000000008000fe7e (0x00178713) addi    a4, a5, 1
core   0: 3 0x000000008000fe7e (0x00178713) x14 0x00000000800120ba
core   0: 0x000000008000fe82 (0xfee43023) sd      a4, -32(s0)
core   0: 3 0x000000008000fe82 (0xfee43023) mem 0x0000000080031f50 0x00000000800120ba
core   0: 0x000000008000fe86 (0xfc442703) lw      a4, -60(s0)
core   0: 3 0x000000008000fe86 (0xfc442703) x14 0x0000000000000000 mem 0x0000000080031f34
core   0: 0x000000008000fe8a (0x0ff77713) andi    a4, a4, 255
core   0: 3 0x000000008000fe8a (0x0ff77713) x14 0x0000000000000000
core   0: 0x000000008000fe8e (0x00e78023) sb      a4, 0(a5)
core   0: 3 0x000000008000fe8e (0x00e78023) mem 0x00000000800120b9 0x00
core   0: 0x000000008000fe92 (0xfc843703) ld      a4, -56(s0)
core   0: 3 0x000000008000fe92 (0xfc843703) x14 0x0000000080012040 mem 0x0000000080031f38
core   0: 0x000000008000fe96 (0xfb843783) ld      a5, -72(s0)
core   0: 3 0x000000008000fe96 (0xfb843783) x15 0x000000000000009c mem 0x0000000080031f28
core   0: 0x000000008000fe9a (0x000097ba) c.add   a5, a4
core   0: 3 0x000000008000fe9a (0x97ba) x15 0x00000000800120dc
core   0: 0x000000008000fe9c (0xfe043703) ld      a4, -32(s0)
core   0: 3 0x000000008000fe9c (0xfe043703) x14 0x00000000800120ba mem 0x0000000080031f50
core   0: 0x000000008000fea0 (0xfcf76de3) bltu    a4, a5, pc - 38
core   0: 3 0x000000008000fea0 (0xfcf76de3)
core   0: 0x000000008000fe7a (0xfe043783) ld      a5, -32(s0)
core   0: 3 0x000000008000fe7a (0xfe043783) x15 0x00000000800120ba mem 0x0000000080031f50
core   0: 0x000000008000fe7e (0x00178713) addi    a4, a5, 1
core   0: 3 0x000000008000fe7e (0x00178713) x14 0x00000000800120bb
core   0: 0x000000008000fe82 (0xfee43023) sd      a4, -32(s0)
core   0: 3 0x000000008000fe82 (0xfee43023) mem 0x0000000080031f50 0x00000000800120bb
core   0: 0x000000008000fe86 (0xfc442703) lw      a4, -60(s0)
core   0: 3 0x000000008000fe86 (0xfc442703) x14 0x0000000000000000 mem 0x0000000080031f34
core   0: 0x000000008000fe8a (0x0ff77713) andi    a4, a4, 255
core   0: 3 0x000000008000fe8a (0x0ff77713) x14 0x0000000000000000
core   0: 0x000000008000fe8e (0x00e78023) sb      a4, 0(a5)
core   0: 3 0x000000008000fe8e (0x00e78023) mem 0x00000000800120ba 0x00
core   0: 0x000000008000fe92 (0xfc843703) ld      a4, -56(s0)
core   0: 3 0x000000008000fe92 (0xfc843703) x14 0x0000000080012040 mem 0x0000000080031f38
core   0: 0x000000008000fe96 (0xfb843783) ld      a5, -72(s0)
core   0: 3 0x000000008000fe96 (0xfb843783) x15 0x000000000000009c mem 0x0000000080031f28
core   0: 0x000000008000fe9a (0x000097ba) c.add   a5, a4
core   0: 3 0x000000008000fe9a (0x97ba) x15 0x00000000800120dc
core   0: 0x000000008000fe9c (0xfe043703) ld      a4, -32(s0)
core   0: 3 0x000000008000fe9c (0xfe043703) x14 0x00000000800120bb mem 0x0000000080031f50
core   0: 0x000000008000fea0 (0xfcf76de3) bltu    a4, a5, pc - 38
core   0: 3 0x000000008000fea0 (0xfcf76de3)
core   0: 0x000000008000fe7a (0xfe043783) ld      a5, -32(s0)
core   0: 3 0x000000008000fe7a (0xfe043783) x15 0x00000000800120bb mem 0x0000000080031f50
core   0: 0x000000008000fe7e (0x00178713) addi    a4, a5, 1
core   0: 3 0x000000008000fe7e (0x00178713) x14 0x00000000800120bc
core   0: 0x000000008000fe82 (0xfee43023) sd      a4, -32(s0)
core   0: 3 0x000000008000fe82 (0xfee43023) mem 0x0000000080031f50 0x00000000800120bc
core   0: 0x000000008000fe86 (0xfc442703) lw      a4, -60(s0)
core   0: 3 0x000000008000fe86 (0xfc442703) x14 0x0000000000000000 mem 0x0000000080031f34
core   0: 0x000000008000fe8a (0x0ff77713) andi    a4, a4, 255
core   0: 3 0x000000008000fe8a (0x0ff77713) x14 0x0000000000000000
core   0: 0x000000008000fe8e (0x00e78023) sb      a4, 0(a5)
core   0: 3 0x000000008000fe8e (0x00e78023) mem 0x00000000800120bb 0x00
core   0: 0x000000008000fe92 (0xfc843703) ld      a4, -56(s0)
core   0: 3 0x000000008000fe92 (0xfc843703) x14 0x0000000080012040 mem 0x0000000080031f38
core   0: 0x000000008000fe96 (0xfb843783) ld      a5, -72(s0)
core   0: 3 0x000000008000fe96 (0xfb843783) x15 0x000000000000009c mem 0x0000000080031f28
core   0: 0x000000008000fe9a (0x000097ba) c.add   a5, a4
core   0: 3 0x000000008000fe9a (0x97ba) x15 0x00000000800120dc
core   0: 0x000000008000fe9c (0xfe043703) ld      a4, -32(s0)
core   0: 3 0x000000008000fe9c (0xfe043703) x14 0x00000000800120bc mem 0x0000000080031f50
core   0: 0x000000008000fea0 (0xfcf76de3) bltu    a4, a5, pc - 38
core   0: 3 0x000000008000fea0 (0xfcf76de3)
core   0: 0x000000008000fe7a (0xfe043783) ld      a5, -32(s0)
core   0: 3 0x000000008000fe7a (0xfe043783) x15 0x00000000800120bc mem 0x0000000080031f50
core   0: 0x000000008000fe7e (0x00178713) addi    a4, a5, 1
core   0: 3 0x000000008000fe7e (0x00178713) x14 0x00000000800120bd
core   0: 0x000000008000fe82 (0xfee43023) sd      a4, -32(s0)
core   0: 3 0x000000008000fe82 (0xfee43023) mem 0x0000000080031f50 0x00000000800120bd
core   0: 0x000000008000fe86 (0xfc442703) lw      a4, -60(s0)
core   0: 3 0x000000008000fe86 (0xfc442703) x14 0x0000000000000000 mem 0x0000000080031f34
core   0: 0x000000008000fe8a (0x0ff77713) andi    a4, a4, 255
core   0: 3 0x000000008000fe8a (0x0ff77713) x14 0x0000000000000000
core   0: 0x000000008000fe8e (0x00e78023) sb      a4, 0(a5)
core   0: 3 0x000000008000fe8e (0x00e78023) mem 0x00000000800120bc 0x00
core   0: 0x000000008000fe92 (0xfc843703) ld      a4, -56(s0)
core   0: 3 0x000000008000fe92 (0xfc843703) x14 0x0000000080012040 mem 0x0000000080031f38
core   0: 0x000000008000fe96 (0xfb843783) ld      a5, -72(s0)
core   0: 3 0x000000008000fe96 (0xfb843783) x15 0x000000000000009c mem 0x0000000080031f28
core   0: 0x000000008000fe9a (0x000097ba) c.add   a5, a4
core   0: 3 0x000000008000fe9a (0x97ba) x15 0x00000000800120dc
core   0: 0x000000008000fe9c (0xfe043703) ld      a4, -32(s0)
core   0: 3 0x000000008000fe9c (0xfe043703) x14 0x00000000800120bd mem 0x0000000080031f50
core   0: 0x000000008000fea0 (0xfcf76de3) bltu    a4, a5, pc - 38
core   0: 3 0x000000008000fea0 (0xfcf76de3)
core   0: 0x000000008000fe7a (0xfe043783) ld      a5, -32(s0)
core   0: 3 0x000000008000fe7a (0xfe043783) x15 0x00000000800120bd mem 0x0000000080031f50
core   0: 0x000000008000fe7e (0x00178713) addi    a4, a5, 1
core   0: 3 0x000000008000fe7e (0x00178713) x14 0x00000000800120be
core   0: 0x000000008000fe82 (0xfee43023) sd      a4, -32(s0)
core   0: 3 0x000000008000fe82 (0xfee43023) mem 0x0000000080031f50 0x00000000800120be
core   0: 0x000000008000fe86 (0xfc442703) lw      a4, -60(s0)
core   0: 3 0x000000008000fe86 (0xfc442703) x14 0x0000000000000000 mem 0x0000000080031f34
core   0: 0x000000008000fe8a (0x0ff77713) andi    a4, a4, 255
core   0: 3 0x000000008000fe8a (0x0ff77713) x14 0x0000000000000000
core   0: 0x000000008000fe8e (0x00e78023) sb      a4, 0(a5)
core   0: 3 0x000000008000fe8e (0x00e78023) mem 0x00000000800120bd 0x00
core   0: 0x000000008000fe92 (0xfc843703) ld      a4, -56(s0)
core   0: 3 0x000000008000fe92 (0xfc843703) x14 0x0000000080012040 mem 0x0000000080031f38
core   0: 0x000000008000fe96 (0xfb843783) ld      a5, -72(s0)
core   0: 3 0x000000008000fe96 (0xfb843783) x15 0x000000000000009c mem 0x0000000080031f28
core   0: 0x000000008000fe9a (0x000097ba) c.add   a5, a4
core   0: 3 0x000000008000fe9a (0x97ba) x15 0x00000000800120dc
core   0: 0x000000008000fe9c (0xfe043703) ld      a4, -32(s0)
core   0: 3 0x000000008000fe9c (0xfe043703) x14 0x00000000800120be mem 0x0000000080031f50
core   0: 0x000000008000fea0 (0xfcf76de3) bltu    a4, a5, pc - 38
core   0: 3 0x000000008000fea0 (0xfcf76de3)
core   0: 0x000000008000fe7a (0xfe043783) ld      a5, -32(s0)
core   0: 3 0x000000008000fe7a (0xfe043783) x15 0x00000000800120be mem 0x0000000080031f50
core   0: 0x000000008000fe7e (0x00178713) addi    a4, a5, 1
core   0: 3 0x000000008000fe7e (0x00178713) x14 0x00000000800120bf
core   0: 0x000000008000fe82 (0xfee43023) sd      a4, -32(s0)
core   0: 3 0x000000008000fe82 (0xfee43023) mem 0x0000000080031f50 0x00000000800120bf
core   0: 0x000000008000fe86 (0xfc442703) lw      a4, -60(s0)
core   0: 3 0x000000008000fe86 (0xfc442703) x14 0x0000000000000000 mem 0x0000000080031f34
core   0: 0x000000008000fe8a (0x0ff77713) andi    a4, a4, 255
core   0: 3 0x000000008000fe8a (0x0ff77713) x14 0x0000000000000000
core   0: 0x000000008000fe8e (0x00e78023) sb      a4, 0(a5)
core   0: 3 0x000000008000fe8e (0x00e78023) mem 0x00000000800120be 0x00
core   0: 0x000000008000fe92 (0xfc843703) ld      a4, -56(s0)
core   0: 3 0x000000008000fe92 (0xfc843703) x14 0x0000000080012040 mem 0x0000000080031f38
core   0: 0x000000008000fe96 (0xfb843783) ld      a5, -72(s0)
core   0: 3 0x000000008000fe96 (0xfb843783) x15 0x000000000000009c mem 0x0000000080031f28
core   0: 0x000000008000fe9a (0x000097ba) c.add   a5, a4
core   0: 3 0x000000008000fe9a (0x97ba) x15 0x00000000800120dc
core   0: 0x000000008000fe9c (0xfe043703) ld      a4, -32(s0)
core   0: 3 0x000000008000fe9c (0xfe043703) x14 0x00000000800120bf mem 0x0000000080031f50
core   0: 0x000000008000fea0 (0xfcf76de3) bltu    a4, a5, pc - 38
core   0: 3 0x000000008000fea0 (0xfcf76de3)
core   0: 0x000000008000fe7a (0xfe043783) ld      a5, -32(s0)
core   0: 3 0x000000008000fe7a (0xfe043783) x15 0x00000000800120bf mem 0x0000000080031f50
core   0: 0x000000008000fe7e (0x00178713) addi    a4, a5, 1
core   0: 3 0x000000008000fe7e (0x00178713) x14 0x00000000800120c0
core   0: 0x000000008000fe82 (0xfee43023) sd      a4, -32(s0)
core   0: 3 0x000000008000fe82 (0xfee43023) mem 0x0000000080031f50 0x00000000800120c0
core   0: 0x000000008000fe86 (0xfc442703) lw      a4, -60(s0)
core   0: 3 0x000000008000fe86 (0xfc442703) x14 0x0000000000000000 mem 0x0000000080031f34
core   0: 0x000000008000fe8a (0x0ff77713) andi    a4, a4, 255
core   0: 3 0x000000008000fe8a (0x0ff77713) x14 0x0000000000000000
core   0: 0x000000008000fe8e (0x00e78023) sb      a4, 0(a5)
core   0: 3 0x000000008000fe8e (0x00e78023) mem 0x00000000800120bf 0x00
core   0: 0x000000008000fe92 (0xfc843703) ld      a4, -56(s0)
core   0: 3 0x000000008000fe92 (0xfc843703) x14 0x0000000080012040 mem 0x0000000080031f38
core   0: 0x000000008000fe96 (0xfb843783) ld      a5, -72(s0)
core   0: 3 0x000000008000fe96 (0xfb843783) x15 0x000000000000009c mem 0x0000000080031f28
core   0: 0x000000008000fe9a (0x000097ba) c.add   a5, a4
core   0: 3 0x000000008000fe9a (0x97ba) x15 0x00000000800120dc
core   0: 0x000000008000fe9c (0xfe043703) ld      a4, -32(s0)
core   0: 3 0x000000008000fe9c (0xfe043703) x14 0x00000000800120c0 mem 0x0000000080031f50
core   0: 0x000000008000fea0 (0xfcf76de3) bltu    a4, a5, pc - 38
core   0: 3 0x000000008000fea0 (0xfcf76de3)
core   0: 0x000000008000fe7a (0xfe043783) ld      a5, -32(s0)
core   0: 3 0x000000008000fe7a (0xfe043783) x15 0x00000000800120c0 mem 0x0000000080031f50
core   0: 0x000000008000fe7e (0x00178713) addi    a4, a5, 1
core   0: 3 0x000000008000fe7e (0x00178713) x14 0x00000000800120c1
core   0: 0x000000008000fe82 (0xfee43023) sd      a4, -32(s0)
core   0: 3 0x000000008000fe82 (0xfee43023) mem 0x0000000080031f50 0x00000000800120c1
core   0: 0x000000008000fe86 (0xfc442703) lw      a4, -60(s0)
core   0: 3 0x000000008000fe86 (0xfc442703) x14 0x0000000000000000 mem 0x0000000080031f34
core   0: 0x000000008000fe8a (0x0ff77713) andi    a4, a4, 255
core   0: 3 0x000000008000fe8a (0x0ff77713) x14 0x0000000000000000
core   0: 0x000000008000fe8e (0x00e78023) sb      a4, 0(a5)
core   0: 3 0x000000008000fe8e (0x00e78023) mem 0x00000000800120c0 0x00
core   0: 0x000000008000fe92 (0xfc843703) ld      a4, -56(s0)
core   0: 3 0x000000008000fe92 (0xfc843703) x14 0x0000000080012040 mem 0x0000000080031f38
core   0: 0x000000008000fe96 (0xfb843783) ld      a5, -72(s0)
core   0: 3 0x000000008000fe96 (0xfb843783) x15 0x000000000000009c mem 0x0000000080031f28
core   0: 0x000000008000fe9a (0x000097ba) c.add   a5, a4
core   0: 3 0x000000008000fe9a (0x97ba) x15 0x00000000800120dc
core   0: 0x000000008000fe9c (0xfe043703) ld      a4, -32(s0)
core   0: 3 0x000000008000fe9c (0xfe043703) x14 0x00000000800120c1 mem 0x0000000080031f50
core   0: 0x000000008000fea0 (0xfcf76de3) bltu    a4, a5, pc - 38
core   0: 3 0x000000008000fea0 (0xfcf76de3)
core   0: 0x000000008000fe7a (0xfe043783) ld      a5, -32(s0)
core   0: 3 0x000000008000fe7a (0xfe043783) x15 0x00000000800120c1 mem 0x0000000080031f50
core   0: 0x000000008000fe7e (0x00178713) addi    a4, a5, 1
core   0: 3 0x000000008000fe7e (0x00178713) x14 0x00000000800120c2
core   0: 0x000000008000fe82 (0xfee43023) sd      a4, -32(s0)
core   0: 3 0x000000008000fe82 (0xfee43023) mem 0x0000000080031f50 0x00000000800120c2
core   0: 0x000000008000fe86 (0xfc442703) lw      a4, -60(s0)
core   0: 3 0x000000008000fe86 (0xfc442703) x14 0x0000000000000000 mem 0x0000000080031f34
core   0: 0x000000008000fe8a (0x0ff77713) andi    a4, a4, 255
core   0: 3 0x000000008000fe8a (0x0ff77713) x14 0x0000000000000000
core   0: 0x000000008000fe8e (0x00e78023) sb      a4, 0(a5)
core   0: 3 0x000000008000fe8e (0x00e78023) mem 0x00000000800120c1 0x00
core   0: 0x000000008000fe92 (0xfc843703) ld      a4, -56(s0)
core   0: 3 0x000000008000fe92 (0xfc843703) x14 0x0000000080012040 mem 0x0000000080031f38
core   0: 0x000000008000fe96 (0xfb843783) ld      a5, -72(s0)
core   0: 3 0x000000008000fe96 (0xfb843783) x15 0x000000000000009c mem 0x0000000080031f28
core   0: 0x000000008000fe9a (0x000097ba) c.add   a5, a4
core   0: 3 0x000000008000fe9a (0x97ba) x15 0x00000000800120dc
core   0: 0x000000008000fe9c (0xfe043703) ld      a4, -32(s0)
core   0: 3 0x000000008000fe9c (0xfe043703) x14 0x00000000800120c2 mem 0x0000000080031f50
core   0: 0x000000008000fea0 (0xfcf76de3) bltu    a4, a5, pc - 38
core   0: 3 0x000000008000fea0 (0xfcf76de3)
core   0: 0x000000008000fe7a (0xfe043783) ld      a5, -32(s0)
core   0: 3 0x000000008000fe7a (0xfe043783) x15 0x00000000800120c2 mem 0x0000000080031f50
core   0: 0x000000008000fe7e (0x00178713) addi    a4, a5, 1
core   0: 3 0x000000008000fe7e (0x00178713) x14 0x00000000800120c3
core   0: 0x000000008000fe82 (0xfee43023) sd      a4, -32(s0)
core   0: 3 0x000000008000fe82 (0xfee43023) mem 0x0000000080031f50 0x00000000800120c3
core   0: 0x000000008000fe86 (0xfc442703) lw      a4, -60(s0)
core   0: 3 0x000000008000fe86 (0xfc442703) x14 0x0000000000000000 mem 0x0000000080031f34
core   0: 0x000000008000fe8a (0x0ff77713) andi    a4, a4, 255
core   0: 3 0x000000008000fe8a (0x0ff77713) x14 0x0000000000000000
core   0: 0x000000008000fe8e (0x00e78023) sb      a4, 0(a5)
core   0: 3 0x000000008000fe8e (0x00e78023) mem 0x00000000800120c2 0x00
core   0: 0x000000008000fe92 (0xfc843703) ld      a4, -56(s0)
core   0: 3 0x000000008000fe92 (0xfc843703) x14 0x0000000080012040 mem 0x0000000080031f38
core   0: 0x000000008000fe96 (0xfb843783) ld      a5, -72(s0)
core   0: 3 0x000000008000fe96 (0xfb843783) x15 0x000000000000009c mem 0x0000000080031f28
core   0: 0x000000008000fe9a (0x000097ba) c.add   a5, a4
core   0: 3 0x000000008000fe9a (0x97ba) x15 0x00000000800120dc
core   0: 0x000000008000fe9c (0xfe043703) ld      a4, -32(s0)
core   0: 3 0x000000008000fe9c (0xfe043703) x14 0x00000000800120c3 mem 0x0000000080031f50
core   0: 0x000000008000fea0 (0xfcf76de3) bltu    a4, a5, pc - 38
core   0: 3 0x000000008000fea0 (0xfcf76de3)
core   0: 0x000000008000fe7a (0xfe043783) ld      a5, -32(s0)
core   0: 3 0x000000008000fe7a (0xfe043783) x15 0x00000000800120c3 mem 0x0000000080031f50
core   0: 0x000000008000fe7e (0x00178713) addi    a4, a5, 1
core   0: 3 0x000000008000fe7e (0x00178713) x14 0x00000000800120c4
core   0: 0x000000008000fe82 (0xfee43023) sd      a4, -32(s0)
core   0: 3 0x000000008000fe82 (0xfee43023) mem 0x0000000080031f50 0x00000000800120c4
core   0: 0x000000008000fe86 (0xfc442703) lw      a4, -60(s0)
core   0: 3 0x000000008000fe86 (0xfc442703) x14 0x0000000000000000 mem 0x0000000080031f34
core   0: 0x000000008000fe8a (0x0ff77713) andi    a4, a4, 255
core   0: 3 0x000000008000fe8a (0x0ff77713) x14 0x0000000000000000
core   0: 0x000000008000fe8e (0x00e78023) sb      a4, 0(a5)
core   0: 3 0x000000008000fe8e (0x00e78023) mem 0x00000000800120c3 0x00
core   0: 0x000000008000fe92 (0xfc843703) ld      a4, -56(s0)
core   0: 3 0x000000008000fe92 (0xfc843703) x14 0x0000000080012040 mem 0x0000000080031f38
core   0: 0x000000008000fe96 (0xfb843783) ld      a5, -72(s0)
core   0: 3 0x000000008000fe96 (0xfb843783) x15 0x000000000000009c mem 0x0000000080031f28
core   0: 0x000000008000fe9a (0x000097ba) c.add   a5, a4
core   0: 3 0x000000008000fe9a (0x97ba) x15 0x00000000800120dc
core   0: 0x000000008000fe9c (0xfe043703) ld      a4, -32(s0)
core   0: 3 0x000000008000fe9c (0xfe043703) x14 0x00000000800120c4 mem 0x0000000080031f50
core   0: 0x000000008000fea0 (0xfcf76de3) bltu    a4, a5, pc - 38
core   0: 3 0x000000008000fea0 (0xfcf76de3)
core   0: 0x000000008000fe7a (0xfe043783) ld      a5, -32(s0)
core   0: 3 0x000000008000fe7a (0xfe043783) x15 0x00000000800120c4 mem 0x0000000080031f50
core   0: 0x000000008000fe7e (0x00178713) addi    a4, a5, 1
core   0: 3 0x000000008000fe7e (0x00178713) x14 0x00000000800120c5
core   0: 0x000000008000fe82 (0xfee43023) sd      a4, -32(s0)
core   0: 3 0x000000008000fe82 (0xfee43023) mem 0x0000000080031f50 0x00000000800120c5
core   0: 0x000000008000fe86 (0xfc442703) lw      a4, -60(s0)
core   0: 3 0x000000008000fe86 (0xfc442703) x14 0x0000000000000000 mem 0x0000000080031f34
core   0: 0x000000008000fe8a (0x0ff77713) andi    a4, a4, 255
core   0: 3 0x000000008000fe8a (0x0ff77713) x14 0x0000000000000000
core   0: 0x000000008000fe8e (0x00e78023) sb      a4, 0(a5)
core   0: 3 0x000000008000fe8e (0x00e78023) mem 0x00000000800120c4 0x00
core   0: 0x000000008000fe92 (0xfc843703) ld      a4, -56(s0)
core   0: 3 0x000000008000fe92 (0xfc843703) x14 0x0000000080012040 mem 0x0000000080031f38
core   0: 0x000000008000fe96 (0xfb843783) ld      a5, -72(s0)
core   0: 3 0x000000008000fe96 (0xfb843783) x15 0x000000000000009c mem 0x0000000080031f28
core   0: 0x000000008000fe9a (0x000097ba) c.add   a5, a4
core   0: 3 0x000000008000fe9a (0x97ba) x15 0x00000000800120dc
core   0: 0x000000008000fe9c (0xfe043703) ld      a4, -32(s0)
core   0: 3 0x000000008000fe9c (0xfe043703) x14 0x00000000800120c5 mem 0x0000000080031f50
core   0: 0x000000008000fea0 (0xfcf76de3) bltu    a4, a5, pc - 38
core   0: 3 0x000000008000fea0 (0xfcf76de3)
core   0: 0x000000008000fe7a (0xfe043783) ld      a5, -32(s0)
core   0: 3 0x000000008000fe7a (0xfe043783) x15 0x00000000800120c5 mem 0x0000000080031f50
core   0: 0x000000008000fe7e (0x00178713) addi    a4, a5, 1
core   0: 3 0x000000008000fe7e (0x00178713) x14 0x00000000800120c6
core   0: 0x000000008000fe82 (0xfee43023) sd      a4, -32(s0)
core   0: 3 0x000000008000fe82 (0xfee43023) mem 0x0000000080031f50 0x00000000800120c6
core   0: 0x000000008000fe86 (0xfc442703) lw      a4, -60(s0)
core   0: 3 0x000000008000fe86 (0xfc442703) x14 0x0000000000000000 mem 0x0000000080031f34
core   0: 0x000000008000fe8a (0x0ff77713) andi    a4, a4, 255
core   0: 3 0x000000008000fe8a (0x0ff77713) x14 0x0000000000000000
core   0: 0x000000008000fe8e (0x00e78023) sb      a4, 0(a5)
core   0: 3 0x000000008000fe8e (0x00e78023) mem 0x00000000800120c5 0x00
core   0: 0x000000008000fe92 (0xfc843703) ld      a4, -56(s0)
core   0: 3 0x000000008000fe92 (0xfc843703) x14 0x0000000080012040 mem 0x0000000080031f38
core   0: 0x000000008000fe96 (0xfb843783) ld      a5, -72(s0)
core   0: 3 0x000000008000fe96 (0xfb843783) x15 0x000000000000009c mem 0x0000000080031f28
core   0: 0x000000008000fe9a (0x000097ba) c.add   a5, a4
core   0: 3 0x000000008000fe9a (0x97ba) x15 0x00000000800120dc
core   0: 0x000000008000fe9c (0xfe043703) ld      a4, -32(s0)
core   0: 3 0x000000008000fe9c (0xfe043703) x14 0x00000000800120c6 mem 0x0000000080031f50
core   0: 0x000000008000fea0 (0xfcf76de3) bltu    a4, a5, pc - 38
core   0: 3 0x000000008000fea0 (0xfcf76de3)
core   0: 0x000000008000fe7a (0xfe043783) ld      a5, -32(s0)
core   0: 3 0x000000008000fe7a (0xfe043783) x15 0x00000000800120c6 mem 0x0000000080031f50
core   0: 0x000000008000fe7e (0x00178713) addi    a4, a5, 1
core   0: 3 0x000000008000fe7e (0x00178713) x14 0x00000000800120c7
core   0: 0x000000008000fe82 (0xfee43023) sd      a4, -32(s0)
core   0: 3 0x000000008000fe82 (0xfee43023) mem 0x0000000080031f50 0x00000000800120c7
core   0: 0x000000008000fe86 (0xfc442703) lw      a4, -60(s0)
core   0: 3 0x000000008000fe86 (0xfc442703) x14 0x0000000000000000 mem 0x0000000080031f34
core   0: 0x000000008000fe8a (0x0ff77713) andi    a4, a4, 255
core   0: 3 0x000000008000fe8a (0x0ff77713) x14 0x0000000000000000
core   0: 0x000000008000fe8e (0x00e78023) sb      a4, 0(a5)
core   0: 3 0x000000008000fe8e (0x00e78023) mem 0x00000000800120c6 0x00
core   0: 0x000000008000fe92 (0xfc843703) ld      a4, -56(s0)
core   0: 3 0x000000008000fe92 (0xfc843703) x14 0x0000000080012040 mem 0x0000000080031f38
core   0: 0x000000008000fe96 (0xfb843783) ld      a5, -72(s0)
core   0: 3 0x000000008000fe96 (0xfb843783) x15 0x000000000000009c mem 0x0000000080031f28
core   0: 0x000000008000fe9a (0x000097ba) c.add   a5, a4
core   0: 3 0x000000008000fe9a (0x97ba) x15 0x00000000800120dc
core   0: 0x000000008000fe9c (0xfe043703) ld      a4, -32(s0)
core   0: 3 0x000000008000fe9c (0xfe043703) x14 0x00000000800120c7 mem 0x0000000080031f50
core   0: 0x000000008000fea0 (0xfcf76de3) bltu    a4, a5, pc - 38
core   0: 3 0x000000008000fea0 (0xfcf76de3)
core   0: 0x000000008000fe7a (0xfe043783) ld      a5, -32(s0)
core   0: 3 0x000000008000fe7a (0xfe043783) x15 0x00000000800120c7 mem 0x0000000080031f50
core   0: 0x000000008000fe7e (0x00178713) addi    a4, a5, 1
core   0: 3 0x000000008000fe7e (0x00178713) x14 0x00000000800120c8
core   0: 0x000000008000fe82 (0xfee43023) sd      a4, -32(s0)
core   0: 3 0x000000008000fe82 (0xfee43023) mem 0x0000000080031f50 0x00000000800120c8
core   0: 0x000000008000fe86 (0xfc442703) lw      a4, -60(s0)
core   0: 3 0x000000008000fe86 (0xfc442703) x14 0x0000000000000000 mem 0x0000000080031f34
core   0: 0x000000008000fe8a (0x0ff77713) andi    a4, a4, 255
core   0: 3 0x000000008000fe8a (0x0ff77713) x14 0x0000000000000000
core   0: 0x000000008000fe8e (0x00e78023) sb      a4, 0(a5)
core   0: 3 0x000000008000fe8e (0x00e78023) mem 0x00000000800120c7 0x00
core   0: 0x000000008000fe92 (0xfc843703) ld      a4, -56(s0)
core   0: 3 0x000000008000fe92 (0xfc843703) x14 0x0000000080012040 mem 0x0000000080031f38
core   0: 0x000000008000fe96 (0xfb843783) ld      a5, -72(s0)
core   0: 3 0x000000008000fe96 (0xfb843783) x15 0x000000000000009c mem 0x0000000080031f28
core   0: 0x000000008000fe9a (0x000097ba) c.add   a5, a4
core   0: 3 0x000000008000fe9a (0x97ba) x15 0x00000000800120dc
core   0: 0x000000008000fe9c (0xfe043703) ld      a4, -32(s0)
core   0: 3 0x000000008000fe9c (0xfe043703) x14 0x00000000800120c8 mem 0x0000000080031f50
core   0: 0x000000008000fea0 (0xfcf76de3) bltu    a4, a5, pc - 38
core   0: 3 0x000000008000fea0 (0xfcf76de3)
core   0: 0x000000008000fe7a (0xfe043783) ld      a5, -32(s0)
core   0: 3 0x000000008000fe7a (0xfe043783) x15 0x00000000800120c8 mem 0x0000000080031f50
core   0: 0x000000008000fe7e (0x00178713) addi    a4, a5, 1
core   0: 3 0x000000008000fe7e (0x00178713) x14 0x00000000800120c9
core   0: 0x000000008000fe82 (0xfee43023) sd      a4, -32(s0)
core   0: 3 0x000000008000fe82 (0xfee43023) mem 0x0000000080031f50 0x00000000800120c9
core   0: 0x000000008000fe86 (0xfc442703) lw      a4, -60(s0)
core   0: 3 0x000000008000fe86 (0xfc442703) x14 0x0000000000000000 mem 0x0000000080031f34
core   0: 0x000000008000fe8a (0x0ff77713) andi    a4, a4, 255
core   0: 3 0x000000008000fe8a (0x0ff77713) x14 0x0000000000000000
core   0: 0x000000008000fe8e (0x00e78023) sb      a4, 0(a5)
core   0: 3 0x000000008000fe8e (0x00e78023) mem 0x00000000800120c8 0x00
core   0: 0x000000008000fe92 (0xfc843703) ld      a4, -56(s0)
core   0: 3 0x000000008000fe92 (0xfc843703) x14 0x0000000080012040 mem 0x0000000080031f38
core   0: 0x000000008000fe96 (0xfb843783) ld      a5, -72(s0)
core   0: 3 0x000000008000fe96 (0xfb843783) x15 0x000000000000009c mem 0x0000000080031f28
core   0: 0x000000008000fe9a (0x000097ba) c.add   a5, a4
core   0: 3 0x000000008000fe9a (0x97ba) x15 0x00000000800120dc
core   0: 0x000000008000fe9c (0xfe043703) ld      a4, -32(s0)
core   0: 3 0x000000008000fe9c (0xfe043703) x14 0x00000000800120c9 mem 0x0000000080031f50
core   0: 0x000000008000fea0 (0xfcf76de3) bltu    a4, a5, pc - 38
core   0: 3 0x000000008000fea0 (0xfcf76de3)
core   0: 0x000000008000fe7a (0xfe043783) ld      a5, -32(s0)
core   0: 3 0x000000008000fe7a (0xfe043783) x15 0x00000000800120c9 mem 0x0000000080031f50
core   0: 0x000000008000fe7e (0x00178713) addi    a4, a5, 1
core   0: 3 0x000000008000fe7e (0x00178713) x14 0x00000000800120ca
core   0: 0x000000008000fe82 (0xfee43023) sd      a4, -32(s0)
core   0: 3 0x000000008000fe82 (0xfee43023) mem 0x0000000080031f50 0x00000000800120ca
core   0: 0x000000008000fe86 (0xfc442703) lw      a4, -60(s0)
core   0: 3 0x000000008000fe86 (0xfc442703) x14 0x0000000000000000 mem 0x0000000080031f34
core   0: 0x000000008000fe8a (0x0ff77713) andi    a4, a4, 255
core   0: 3 0x000000008000fe8a (0x0ff77713) x14 0x0000000000000000
core   0: 0x000000008000fe8e (0x00e78023) sb      a4, 0(a5)
core   0: 3 0x000000008000fe8e (0x00e78023) mem 0x00000000800120c9 0x00
core   0: 0x000000008000fe92 (0xfc843703) ld      a4, -56(s0)
core   0: 3 0x000000008000fe92 (0xfc843703) x14 0x0000000080012040 mem 0x0000000080031f38
core   0: 0x000000008000fe96 (0xfb843783) ld      a5, -72(s0)
core   0: 3 0x000000008000fe96 (0xfb843783) x15 0x000000000000009c mem 0x0000000080031f28
core   0: 0x000000008000fe9a (0x000097ba) c.add   a5, a4
core   0: 3 0x000000008000fe9a (0x97ba) x15 0x00000000800120dc
core   0: 0x000000008000fe9c (0xfe043703) ld      a4, -32(s0)
core   0: 3 0x000000008000fe9c (0xfe043703) x14 0x00000000800120ca mem 0x0000000080031f50
core   0: 0x000000008000fea0 (0xfcf76de3) bltu    a4, a5, pc - 38
core   0: 3 0x000000008000fea0 (0xfcf76de3)
core   0: 0x000000008000fe7a (0xfe043783) ld      a5, -32(s0)
core   0: 3 0x000000008000fe7a (0xfe043783) x15 0x00000000800120ca mem 0x0000000080031f50
core   0: 0x000000008000fe7e (0x00178713) addi    a4, a5, 1
core   0: 3 0x000000008000fe7e (0x00178713) x14 0x00000000800120cb
core   0: 0x000000008000fe82 (0xfee43023) sd      a4, -32(s0)
core   0: 3 0x000000008000fe82 (0xfee43023) mem 0x0000000080031f50 0x00000000800120cb
core   0: 0x000000008000fe86 (0xfc442703) lw      a4, -60(s0)
core   0: 3 0x000000008000fe86 (0xfc442703) x14 0x0000000000000000 mem 0x0000000080031f34
core   0: 0x000000008000fe8a (0x0ff77713) andi    a4, a4, 255
core   0: 3 0x000000008000fe8a (0x0ff77713) x14 0x0000000000000000
core   0: 0x000000008000fe8e (0x00e78023) sb      a4, 0(a5)
core   0: 3 0x000000008000fe8e (0x00e78023) mem 0x00000000800120ca 0x00
core   0: 0x000000008000fe92 (0xfc843703) ld      a4, -56(s0)
core   0: 3 0x000000008000fe92 (0xfc843703) x14 0x0000000080012040 mem 0x0000000080031f38
core   0: 0x000000008000fe96 (0xfb843783) ld      a5, -72(s0)
core   0: 3 0x000000008000fe96 (0xfb843783) x15 0x000000000000009c mem 0x0000000080031f28
core   0: 0x000000008000fe9a (0x000097ba) c.add   a5, a4
core   0: 3 0x000000008000fe9a (0x97ba) x15 0x00000000800120dc
core   0: 0x000000008000fe9c (0xfe043703) ld      a4, -32(s0)
core   0: 3 0x000000008000fe9c (0xfe043703) x14 0x00000000800120cb mem 0x0000000080031f50
core   0: 0x000000008000fea0 (0xfcf76de3) bltu    a4, a5, pc - 38
core   0: 3 0x000000008000fea0 (0xfcf76de3)
core   0: 0x000000008000fe7a (0xfe043783) ld      a5, -32(s0)
core   0: 3 0x000000008000fe7a (0xfe043783) x15 0x00000000800120cb mem 0x0000000080031f50
core   0: 0x000000008000fe7e (0x00178713) addi    a4, a5, 1
core   0: 3 0x000000008000fe7e (0x00178713) x14 0x00000000800120cc
core   0: 0x000000008000fe82 (0xfee43023) sd      a4, -32(s0)
core   0: 3 0x000000008000fe82 (0xfee43023) mem 0x0000000080031f50 0x00000000800120cc
core   0: 0x000000008000fe86 (0xfc442703) lw      a4, -60(s0)
core   0: 3 0x000000008000fe86 (0xfc442703) x14 0x0000000000000000 mem 0x0000000080031f34
core   0: 0x000000008000fe8a (0x0ff77713) andi    a4, a4, 255
core   0: 3 0x000000008000fe8a (0x0ff77713) x14 0x0000000000000000
core   0: 0x000000008000fe8e (0x00e78023) sb      a4, 0(a5)
core   0: 3 0x000000008000fe8e (0x00e78023) mem 0x00000000800120cb 0x00
core   0: 0x000000008000fe92 (0xfc843703) ld      a4, -56(s0)
core   0: 3 0x000000008000fe92 (0xfc843703) x14 0x0000000080012040 mem 0x0000000080031f38
core   0: 0x000000008000fe96 (0xfb843783) ld      a5, -72(s0)
core   0: 3 0x000000008000fe96 (0xfb843783) x15 0x000000000000009c mem 0x0000000080031f28
core   0: 0x000000008000fe9a (0x000097ba) c.add   a5, a4
core   0: 3 0x000000008000fe9a (0x97ba) x15 0x00000000800120dc
core   0: 0x000000008000fe9c (0xfe043703) ld      a4, -32(s0)
core   0: 3 0x000000008000fe9c (0xfe043703) x14 0x00000000800120cc mem 0x0000000080031f50
core   0: 0x000000008000fea0 (0xfcf76de3) bltu    a4, a5, pc - 38
core   0: 3 0x000000008000fea0 (0xfcf76de3)
core   0: 0x000000008000fe7a (0xfe043783) ld      a5, -32(s0)
core   0: 3 0x000000008000fe7a (0xfe043783) x15 0x00000000800120cc mem 0x0000000080031f50
core   0: 0x000000008000fe7e (0x00178713) addi    a4, a5, 1
core   0: 3 0x000000008000fe7e (0x00178713) x14 0x00000000800120cd
core   0: 0x000000008000fe82 (0xfee43023) sd      a4, -32(s0)
core   0: 3 0x000000008000fe82 (0xfee43023) mem 0x0000000080031f50 0x00000000800120cd
core   0: 0x000000008000fe86 (0xfc442703) lw      a4, -60(s0)
core   0: 3 0x000000008000fe86 (0xfc442703) x14 0x0000000000000000 mem 0x0000000080031f34
core   0: 0x000000008000fe8a (0x0ff77713) andi    a4, a4, 255
core   0: 3 0x000000008000fe8a (0x0ff77713) x14 0x0000000000000000
core   0: 0x000000008000fe8e (0x00e78023) sb      a4, 0(a5)
core   0: 3 0x000000008000fe8e (0x00e78023) mem 0x00000000800120cc 0x00
core   0: 0x000000008000fe92 (0xfc843703) ld      a4, -56(s0)
core   0: 3 0x000000008000fe92 (0xfc843703) x14 0x0000000080012040 mem 0x0000000080031f38
core   0: 0x000000008000fe96 (0xfb843783) ld      a5, -72(s0)
core   0: 3 0x000000008000fe96 (0xfb843783) x15 0x000000000000009c mem 0x0000000080031f28
core   0: 0x000000008000fe9a (0x000097ba) c.add   a5, a4
core   0: 3 0x000000008000fe9a (0x97ba) x15 0x00000000800120dc
core   0: 0x000000008000fe9c (0xfe043703) ld      a4, -32(s0)
core   0: 3 0x000000008000fe9c (0xfe043703) x14 0x00000000800120cd mem 0x0000000080031f50
core   0: 0x000000008000fea0 (0xfcf76de3) bltu    a4, a5, pc - 38
core   0: 3 0x000000008000fea0 (0xfcf76de3)
core   0: 0x000000008000fe7a (0xfe043783) ld      a5, -32(s0)
core   0: 3 0x000000008000fe7a (0xfe043783) x15 0x00000000800120cd mem 0x0000000080031f50
core   0: 0x000000008000fe7e (0x00178713) addi    a4, a5, 1
core   0: 3 0x000000008000fe7e (0x00178713) x14 0x00000000800120ce
core   0: 0x000000008000fe82 (0xfee43023) sd      a4, -32(s0)
core   0: 3 0x000000008000fe82 (0xfee43023) mem 0x0000000080031f50 0x00000000800120ce
core   0: 0x000000008000fe86 (0xfc442703) lw      a4, -60(s0)
core   0: 3 0x000000008000fe86 (0xfc442703) x14 0x0000000000000000 mem 0x0000000080031f34
core   0: 0x000000008000fe8a (0x0ff77713) andi    a4, a4, 255
core   0: 3 0x000000008000fe8a (0x0ff77713) x14 0x0000000000000000
core   0: 0x000000008000fe8e (0x00e78023) sb      a4, 0(a5)
core   0: 3 0x000000008000fe8e (0x00e78023) mem 0x00000000800120cd 0x00
core   0: 0x000000008000fe92 (0xfc843703) ld      a4, -56(s0)
core   0: 3 0x000000008000fe92 (0xfc843703) x14 0x0000000080012040 mem 0x0000000080031f38
core   0: 0x000000008000fe96 (0xfb843783) ld      a5, -72(s0)
core   0: 3 0x000000008000fe96 (0xfb843783) x15 0x000000000000009c mem 0x0000000080031f28
core   0: 0x000000008000fe9a (0x000097ba) c.add   a5, a4
core   0: 3 0x000000008000fe9a (0x97ba) x15 0x00000000800120dc
core   0: 0x000000008000fe9c (0xfe043703) ld      a4, -32(s0)
core   0: 3 0x000000008000fe9c (0xfe043703) x14 0x00000000800120ce mem 0x0000000080031f50
core   0: 0x000000008000fea0 (0xfcf76de3) bltu    a4, a5, pc - 38
core   0: 3 0x000000008000fea0 (0xfcf76de3)
core   0: 0x000000008000fe7a (0xfe043783) ld      a5, -32(s0)
core   0: 3 0x000000008000fe7a (0xfe043783) x15 0x00000000800120ce mem 0x0000000080031f50
core   0: 0x000000008000fe7e (0x00178713) addi    a4, a5, 1
core   0: 3 0x000000008000fe7e (0x00178713) x14 0x00000000800120cf
core   0: 0x000000008000fe82 (0xfee43023) sd      a4, -32(s0)
core   0: 3 0x000000008000fe82 (0xfee43023) mem 0x0000000080031f50 0x00000000800120cf
core   0: 0x000000008000fe86 (0xfc442703) lw      a4, -60(s0)
core   0: 3 0x000000008000fe86 (0xfc442703) x14 0x0000000000000000 mem 0x0000000080031f34
core   0: 0x000000008000fe8a (0x0ff77713) andi    a4, a4, 255
core   0: 3 0x000000008000fe8a (0x0ff77713) x14 0x0000000000000000
core   0: 0x000000008000fe8e (0x00e78023) sb      a4, 0(a5)
core   0: 3 0x000000008000fe8e (0x00e78023) mem 0x00000000800120ce 0x00
core   0: 0x000000008000fe92 (0xfc843703) ld      a4, -56(s0)
core   0: 3 0x000000008000fe92 (0xfc843703) x14 0x0000000080012040 mem 0x0000000080031f38
core   0: 0x000000008000fe96 (0xfb843783) ld      a5, -72(s0)
core   0: 3 0x000000008000fe96 (0xfb843783) x15 0x000000000000009c mem 0x0000000080031f28
core   0: 0x000000008000fe9a (0x000097ba) c.add   a5, a4
core   0: 3 0x000000008000fe9a (0x97ba) x15 0x00000000800120dc
core   0: 0x000000008000fe9c (0xfe043703) ld      a4, -32(s0)
core   0: 3 0x000000008000fe9c (0xfe043703) x14 0x00000000800120cf mem 0x0000000080031f50
core   0: 0x000000008000fea0 (0xfcf76de3) bltu    a4, a5, pc - 38
core   0: 3 0x000000008000fea0 (0xfcf76de3)
core   0: 0x000000008000fe7a (0xfe043783) ld      a5, -32(s0)
core   0: 3 0x000000008000fe7a (0xfe043783) x15 0x00000000800120cf mem 0x0000000080031f50
core   0: 0x000000008000fe7e (0x00178713) addi    a4, a5, 1
core   0: 3 0x000000008000fe7e (0x00178713) x14 0x00000000800120d0
core   0: 0x000000008000fe82 (0xfee43023) sd      a4, -32(s0)
core   0: 3 0x000000008000fe82 (0xfee43023) mem 0x0000000080031f50 0x00000000800120d0
core   0: 0x000000008000fe86 (0xfc442703) lw      a4, -60(s0)
core   0: 3 0x000000008000fe86 (0xfc442703) x14 0x0000000000000000 mem 0x0000000080031f34
core   0: 0x000000008000fe8a (0x0ff77713) andi    a4, a4, 255
core   0: 3 0x000000008000fe8a (0x0ff77713) x14 0x0000000000000000
core   0: 0x000000008000fe8e (0x00e78023) sb      a4, 0(a5)
core   0: 3 0x000000008000fe8e (0x00e78023) mem 0x00000000800120cf 0x00
core   0: 0x000000008000fe92 (0xfc843703) ld      a4, -56(s0)
core   0: 3 0x000000008000fe92 (0xfc843703) x14 0x0000000080012040 mem 0x0000000080031f38
core   0: 0x000000008000fe96 (0xfb843783) ld      a5, -72(s0)
core   0: 3 0x000000008000fe96 (0xfb843783) x15 0x000000000000009c mem 0x0000000080031f28
core   0: 0x000000008000fe9a (0x000097ba) c.add   a5, a4
core   0: 3 0x000000008000fe9a (0x97ba) x15 0x00000000800120dc
core   0: 0x000000008000fe9c (0xfe043703) ld      a4, -32(s0)
core   0: 3 0x000000008000fe9c (0xfe043703) x14 0x00000000800120d0 mem 0x0000000080031f50
core   0: 0x000000008000fea0 (0xfcf76de3) bltu    a4, a5, pc - 38
core   0: 3 0x000000008000fea0 (0xfcf76de3)
core   0: 0x000000008000fe7a (0xfe043783) ld      a5, -32(s0)
core   0: 3 0x000000008000fe7a (0xfe043783) x15 0x00000000800120d0 mem 0x0000000080031f50
core   0: 0x000000008000fe7e (0x00178713) addi    a4, a5, 1
core   0: 3 0x000000008000fe7e (0x00178713) x14 0x00000000800120d1
core   0: 0x000000008000fe82 (0xfee43023) sd      a4, -32(s0)
core   0: 3 0x000000008000fe82 (0xfee43023) mem 0x0000000080031f50 0x00000000800120d1
core   0: 0x000000008000fe86 (0xfc442703) lw      a4, -60(s0)
core   0: 3 0x000000008000fe86 (0xfc442703) x14 0x0000000000000000 mem 0x0000000080031f34
core   0: 0x000000008000fe8a (0x0ff77713) andi    a4, a4, 255
core   0: 3 0x000000008000fe8a (0x0ff77713) x14 0x0000000000000000
core   0: 0x000000008000fe8e (0x00e78023) sb      a4, 0(a5)
core   0: 3 0x000000008000fe8e (0x00e78023) mem 0x00000000800120d0 0x00
core   0: 0x000000008000fe92 (0xfc843703) ld      a4, -56(s0)
core   0: 3 0x000000008000fe92 (0xfc843703) x14 0x0000000080012040 mem 0x0000000080031f38
core   0: 0x000000008000fe96 (0xfb843783) ld      a5, -72(s0)
core   0: 3 0x000000008000fe96 (0xfb843783) x15 0x000000000000009c mem 0x0000000080031f28
core   0: 0x000000008000fe9a (0x000097ba) c.add   a5, a4
core   0: 3 0x000000008000fe9a (0x97ba) x15 0x00000000800120dc
core   0: 0x000000008000fe9c (0xfe043703) ld      a4, -32(s0)
core   0: 3 0x000000008000fe9c (0xfe043703) x14 0x00000000800120d1 mem 0x0000000080031f50
core   0: 0x000000008000fea0 (0xfcf76de3) bltu    a4, a5, pc - 38
core   0: 3 0x000000008000fea0 (0xfcf76de3)
core   0: 0x000000008000fe7a (0xfe043783) ld      a5, -32(s0)
core   0: 3 0x000000008000fe7a (0xfe043783) x15 0x00000000800120d1 mem 0x0000000080031f50
core   0: 0x000000008000fe7e (0x00178713) addi    a4, a5, 1
core   0: 3 0x000000008000fe7e (0x00178713) x14 0x00000000800120d2
core   0: 0x000000008000fe82 (0xfee43023) sd      a4, -32(s0)
core   0: 3 0x000000008000fe82 (0xfee43023) mem 0x0000000080031f50 0x00000000800120d2
core   0: 0x000000008000fe86 (0xfc442703) lw      a4, -60(s0)
core   0: 3 0x000000008000fe86 (0xfc442703) x14 0x0000000000000000 mem 0x0000000080031f34
core   0: 0x000000008000fe8a (0x0ff77713) andi    a4, a4, 255
core   0: 3 0x000000008000fe8a (0x0ff77713) x14 0x0000000000000000
core   0: 0x000000008000fe8e (0x00e78023) sb      a4, 0(a5)
core   0: 3 0x000000008000fe8e (0x00e78023) mem 0x00000000800120d1 0x00
core   0: 0x000000008000fe92 (0xfc843703) ld      a4, -56(s0)
core   0: 3 0x000000008000fe92 (0xfc843703) x14 0x0000000080012040 mem 0x0000000080031f38
core   0: 0x000000008000fe96 (0xfb843783) ld      a5, -72(s0)
core   0: 3 0x000000008000fe96 (0xfb843783) x15 0x000000000000009c mem 0x0000000080031f28
core   0: 0x000000008000fe9a (0x000097ba) c.add   a5, a4
core   0: 3 0x000000008000fe9a (0x97ba) x15 0x00000000800120dc
core   0: 0x000000008000fe9c (0xfe043703) ld      a4, -32(s0)
core   0: 3 0x000000008000fe9c (0xfe043703) x14 0x00000000800120d2 mem 0x0000000080031f50
core   0: 0x000000008000fea0 (0xfcf76de3) bltu    a4, a5, pc - 38
core   0: 3 0x000000008000fea0 (0xfcf76de3)
core   0: 0x000000008000fe7a (0xfe043783) ld      a5, -32(s0)
core   0: 3 0x000000008000fe7a (0xfe043783) x15 0x00000000800120d2 mem 0x0000000080031f50
core   0: 0x000000008000fe7e (0x00178713) addi    a4, a5, 1
core   0: 3 0x000000008000fe7e (0x00178713) x14 0x00000000800120d3
core   0: 0x000000008000fe82 (0xfee43023) sd      a4, -32(s0)
core   0: 3 0x000000008000fe82 (0xfee43023) mem 0x0000000080031f50 0x00000000800120d3
core   0: 0x000000008000fe86 (0xfc442703) lw      a4, -60(s0)
core   0: 3 0x000000008000fe86 (0xfc442703) x14 0x0000000000000000 mem 0x0000000080031f34
core   0: 0x000000008000fe8a (0x0ff77713) andi    a4, a4, 255
core   0: 3 0x000000008000fe8a (0x0ff77713) x14 0x0000000000000000
core   0: 0x000000008000fe8e (0x00e78023) sb      a4, 0(a5)
core   0: 3 0x000000008000fe8e (0x00e78023) mem 0x00000000800120d2 0x00
core   0: 0x000000008000fe92 (0xfc843703) ld      a4, -56(s0)
core   0: 3 0x000000008000fe92 (0xfc843703) x14 0x0000000080012040 mem 0x0000000080031f38
core   0: 0x000000008000fe96 (0xfb843783) ld      a5, -72(s0)
core   0: 3 0x000000008000fe96 (0xfb843783) x15 0x000000000000009c mem 0x0000000080031f28
core   0: 0x000000008000fe9a (0x000097ba) c.add   a5, a4
core   0: 3 0x000000008000fe9a (0x97ba) x15 0x00000000800120dc
core   0: 0x000000008000fe9c (0xfe043703) ld      a4, -32(s0)
core   0: 3 0x000000008000fe9c (0xfe043703) x14 0x00000000800120d3 mem 0x0000000080031f50
core   0: 0x000000008000fea0 (0xfcf76de3) bltu    a4, a5, pc - 38
core   0: 3 0x000000008000fea0 (0xfcf76de3)
core   0: 0x000000008000fe7a (0xfe043783) ld      a5, -32(s0)
core   0: 3 0x000000008000fe7a (0xfe043783) x15 0x00000000800120d3 mem 0x0000000080031f50
core   0: 0x000000008000fe7e (0x00178713) addi    a4, a5, 1
core   0: 3 0x000000008000fe7e (0x00178713) x14 0x00000000800120d4
core   0: 0x000000008000fe82 (0xfee43023) sd      a4, -32(s0)
core   0: 3 0x000000008000fe82 (0xfee43023) mem 0x0000000080031f50 0x00000000800120d4
core   0: 0x000000008000fe86 (0xfc442703) lw      a4, -60(s0)
core   0: 3 0x000000008000fe86 (0xfc442703) x14 0x0000000000000000 mem 0x0000000080031f34
core   0: 0x000000008000fe8a (0x0ff77713) andi    a4, a4, 255
core   0: 3 0x000000008000fe8a (0x0ff77713) x14 0x0000000000000000
core   0: 0x000000008000fe8e (0x00e78023) sb      a4, 0(a5)
core   0: 3 0x000000008000fe8e (0x00e78023) mem 0x00000000800120d3 0x00
core   0: 0x000000008000fe92 (0xfc843703) ld      a4, -56(s0)
core   0: 3 0x000000008000fe92 (0xfc843703) x14 0x0000000080012040 mem 0x0000000080031f38
core   0: 0x000000008000fe96 (0xfb843783) ld      a5, -72(s0)
core   0: 3 0x000000008000fe96 (0xfb843783) x15 0x000000000000009c mem 0x0000000080031f28
core   0: 0x000000008000fe9a (0x000097ba) c.add   a5, a4
core   0: 3 0x000000008000fe9a (0x97ba) x15 0x00000000800120dc
core   0: 0x000000008000fe9c (0xfe043703) ld      a4, -32(s0)
core   0: 3 0x000000008000fe9c (0xfe043703) x14 0x00000000800120d4 mem 0x0000000080031f50
core   0: 0x000000008000fea0 (0xfcf76de3) bltu    a4, a5, pc - 38
core   0: 3 0x000000008000fea0 (0xfcf76de3)
core   0: 0x000000008000fe7a (0xfe043783) ld      a5, -32(s0)
core   0: 3 0x000000008000fe7a (0xfe043783) x15 0x00000000800120d4 mem 0x0000000080031f50
core   0: 0x000000008000fe7e (0x00178713) addi    a4, a5, 1
core   0: 3 0x000000008000fe7e (0x00178713) x14 0x00000000800120d5
core   0: 0x000000008000fe82 (0xfee43023) sd      a4, -32(s0)
core   0: 3 0x000000008000fe82 (0xfee43023) mem 0x0000000080031f50 0x00000000800120d5
core   0: 0x000000008000fe86 (0xfc442703) lw      a4, -60(s0)
core   0: 3 0x000000008000fe86 (0xfc442703) x14 0x0000000000000000 mem 0x0000000080031f34
core   0: 0x000000008000fe8a (0x0ff77713) andi    a4, a4, 255
core   0: 3 0x000000008000fe8a (0x0ff77713) x14 0x0000000000000000
core   0: 0x000000008000fe8e (0x00e78023) sb      a4, 0(a5)
core   0: 3 0x000000008000fe8e (0x00e78023) mem 0x00000000800120d4 0x00
core   0: 0x000000008000fe92 (0xfc843703) ld      a4, -56(s0)
core   0: 3 0x000000008000fe92 (0xfc843703) x14 0x0000000080012040 mem 0x0000000080031f38
core   0: 0x000000008000fe96 (0xfb843783) ld      a5, -72(s0)
core   0: 3 0x000000008000fe96 (0xfb843783) x15 0x000000000000009c mem 0x0000000080031f28
core   0: 0x000000008000fe9a (0x000097ba) c.add   a5, a4
core   0: 3 0x000000008000fe9a (0x97ba) x15 0x00000000800120dc
core   0: 0x000000008000fe9c (0xfe043703) ld      a4, -32(s0)
core   0: 3 0x000000008000fe9c (0xfe043703) x14 0x00000000800120d5 mem 0x0000000080031f50
core   0: 0x000000008000fea0 (0xfcf76de3) bltu    a4, a5, pc - 38
core   0: 3 0x000000008000fea0 (0xfcf76de3)
core   0: 0x000000008000fe7a (0xfe043783) ld      a5, -32(s0)
core   0: 3 0x000000008000fe7a (0xfe043783) x15 0x00000000800120d5 mem 0x0000000080031f50
core   0: 0x000000008000fe7e (0x00178713) addi    a4, a5, 1
core   0: 3 0x000000008000fe7e (0x00178713) x14 0x00000000800120d6
core   0: 0x000000008000fe82 (0xfee43023) sd      a4, -32(s0)
core   0: 3 0x000000008000fe82 (0xfee43023) mem 0x0000000080031f50 0x00000000800120d6
core   0: 0x000000008000fe86 (0xfc442703) lw      a4, -60(s0)
core   0: 3 0x000000008000fe86 (0xfc442703) x14 0x0000000000000000 mem 0x0000000080031f34
core   0: 0x000000008000fe8a (0x0ff77713) andi    a4, a4, 255
core   0: 3 0x000000008000fe8a (0x0ff77713) x14 0x0000000000000000
core   0: 0x000000008000fe8e (0x00e78023) sb      a4, 0(a5)
core   0: 3 0x000000008000fe8e (0x00e78023) mem 0x00000000800120d5 0x00
core   0: 0x000000008000fe92 (0xfc843703) ld      a4, -56(s0)
core   0: 3 0x000000008000fe92 (0xfc843703) x14 0x0000000080012040 mem 0x0000000080031f38
core   0: 0x000000008000fe96 (0xfb843783) ld      a5, -72(s0)
core   0: 3 0x000000008000fe96 (0xfb843783) x15 0x000000000000009c mem 0x0000000080031f28
core   0: 0x000000008000fe9a (0x000097ba) c.add   a5, a4
core   0: 3 0x000000008000fe9a (0x97ba) x15 0x00000000800120dc
core   0: 0x000000008000fe9c (0xfe043703) ld      a4, -32(s0)
core   0: 3 0x000000008000fe9c (0xfe043703) x14 0x00000000800120d6 mem 0x0000000080031f50
core   0: 0x000000008000fea0 (0xfcf76de3) bltu    a4, a5, pc - 38
core   0: 3 0x000000008000fea0 (0xfcf76de3)
core   0: 0x000000008000fe7a (0xfe043783) ld      a5, -32(s0)
core   0: 3 0x000000008000fe7a (0xfe043783) x15 0x00000000800120d6 mem 0x0000000080031f50
core   0: 0x000000008000fe7e (0x00178713) addi    a4, a5, 1
core   0: 3 0x000000008000fe7e (0x00178713) x14 0x00000000800120d7
core   0: 0x000000008000fe82 (0xfee43023) sd      a4, -32(s0)
core   0: 3 0x000000008000fe82 (0xfee43023) mem 0x0000000080031f50 0x00000000800120d7
core   0: 0x000000008000fe86 (0xfc442703) lw      a4, -60(s0)
core   0: 3 0x000000008000fe86 (0xfc442703) x14 0x0000000000000000 mem 0x0000000080031f34
core   0: 0x000000008000fe8a (0x0ff77713) andi    a4, a4, 255
core   0: 3 0x000000008000fe8a (0x0ff77713) x14 0x0000000000000000
core   0: 0x000000008000fe8e (0x00e78023) sb      a4, 0(a5)
core   0: 3 0x000000008000fe8e (0x00e78023) mem 0x00000000800120d6 0x00
core   0: 0x000000008000fe92 (0xfc843703) ld      a4, -56(s0)
core   0: 3 0x000000008000fe92 (0xfc843703) x14 0x0000000080012040 mem 0x0000000080031f38
core   0: 0x000000008000fe96 (0xfb843783) ld      a5, -72(s0)
core   0: 3 0x000000008000fe96 (0xfb843783) x15 0x000000000000009c mem 0x0000000080031f28
core   0: 0x000000008000fe9a (0x000097ba) c.add   a5, a4
core   0: 3 0x000000008000fe9a (0x97ba) x15 0x00000000800120dc
core   0: 0x000000008000fe9c (0xfe043703) ld      a4, -32(s0)
core   0: 3 0x000000008000fe9c (0xfe043703) x14 0x00000000800120d7 mem 0x0000000080031f50
core   0: 0x000000008000fea0 (0xfcf76de3) bltu    a4, a5, pc - 38
core   0: 3 0x000000008000fea0 (0xfcf76de3)
core   0: 0x000000008000fe7a (0xfe043783) ld      a5, -32(s0)
core   0: 3 0x000000008000fe7a (0xfe043783) x15 0x00000000800120d7 mem 0x0000000080031f50
core   0: 0x000000008000fe7e (0x00178713) addi    a4, a5, 1
core   0: 3 0x000000008000fe7e (0x00178713) x14 0x00000000800120d8
core   0: 0x000000008000fe82 (0xfee43023) sd      a4, -32(s0)
core   0: 3 0x000000008000fe82 (0xfee43023) mem 0x0000000080031f50 0x00000000800120d8
core   0: 0x000000008000fe86 (0xfc442703) lw      a4, -60(s0)
core   0: 3 0x000000008000fe86 (0xfc442703) x14 0x0000000000000000 mem 0x0000000080031f34
core   0: 0x000000008000fe8a (0x0ff77713) andi    a4, a4, 255
core   0: 3 0x000000008000fe8a (0x0ff77713) x14 0x0000000000000000
core   0: 0x000000008000fe8e (0x00e78023) sb      a4, 0(a5)
core   0: 3 0x000000008000fe8e (0x00e78023) mem 0x00000000800120d7 0x00
core   0: 0x000000008000fe92 (0xfc843703) ld      a4, -56(s0)
core   0: 3 0x000000008000fe92 (0xfc843703) x14 0x0000000080012040 mem 0x0000000080031f38
core   0: 0x000000008000fe96 (0xfb843783) ld      a5, -72(s0)
core   0: 3 0x000000008000fe96 (0xfb843783) x15 0x000000000000009c mem 0x0000000080031f28
core   0: 0x000000008000fe9a (0x000097ba) c.add   a5, a4
core   0: 3 0x000000008000fe9a (0x97ba) x15 0x00000000800120dc
core   0: 0x000000008000fe9c (0xfe043703) ld      a4, -32(s0)
core   0: 3 0x000000008000fe9c (0xfe043703) x14 0x00000000800120d8 mem 0x0000000080031f50
core   0: 0x000000008000fea0 (0xfcf76de3) bltu    a4, a5, pc - 38
core   0: 3 0x000000008000fea0 (0xfcf76de3)
core   0: 0x000000008000fe7a (0xfe043783) ld      a5, -32(s0)
core   0: 3 0x000000008000fe7a (0xfe043783) x15 0x00000000800120d8 mem 0x0000000080031f50
core   0: 0x000000008000fe7e (0x00178713) addi    a4, a5, 1
core   0: 3 0x000000008000fe7e (0x00178713) x14 0x00000000800120d9
core   0: 0x000000008000fe82 (0xfee43023) sd      a4, -32(s0)
core   0: 3 0x000000008000fe82 (0xfee43023) mem 0x0000000080031f50 0x00000000800120d9
core   0: 0x000000008000fe86 (0xfc442703) lw      a4, -60(s0)
core   0: 3 0x000000008000fe86 (0xfc442703) x14 0x0000000000000000 mem 0x0000000080031f34
core   0: 0x000000008000fe8a (0x0ff77713) andi    a4, a4, 255
core   0: 3 0x000000008000fe8a (0x0ff77713) x14 0x0000000000000000
core   0: 0x000000008000fe8e (0x00e78023) sb      a4, 0(a5)
core   0: 3 0x000000008000fe8e (0x00e78023) mem 0x00000000800120d8 0x00
core   0: 0x000000008000fe92 (0xfc843703) ld      a4, -56(s0)
core   0: 3 0x000000008000fe92 (0xfc843703) x14 0x0000000080012040 mem 0x0000000080031f38
core   0: 0x000000008000fe96 (0xfb843783) ld      a5, -72(s0)
core   0: 3 0x000000008000fe96 (0xfb843783) x15 0x000000000000009c mem 0x0000000080031f28
core   0: 0x000000008000fe9a (0x000097ba) c.add   a5, a4
core   0: 3 0x000000008000fe9a (0x97ba) x15 0x00000000800120dc
core   0: 0x000000008000fe9c (0xfe043703) ld      a4, -32(s0)
core   0: 3 0x000000008000fe9c (0xfe043703) x14 0x00000000800120d9 mem 0x0000000080031f50
core   0: 0x000000008000fea0 (0xfcf76de3) bltu    a4, a5, pc - 38
core   0: 3 0x000000008000fea0 (0xfcf76de3)
core   0: 0x000000008000fe7a (0xfe043783) ld      a5, -32(s0)
core   0: 3 0x000000008000fe7a (0xfe043783) x15 0x00000000800120d9 mem 0x0000000080031f50
core   0: 0x000000008000fe7e (0x00178713) addi    a4, a5, 1
core   0: 3 0x000000008000fe7e (0x00178713) x14 0x00000000800120da
core   0: 0x000000008000fe82 (0xfee43023) sd      a4, -32(s0)
core   0: 3 0x000000008000fe82 (0xfee43023) mem 0x0000000080031f50 0x00000000800120da
core   0: 0x000000008000fe86 (0xfc442703) lw      a4, -60(s0)
core   0: 3 0x000000008000fe86 (0xfc442703) x14 0x0000000000000000 mem 0x0000000080031f34
core   0: 0x000000008000fe8a (0x0ff77713) andi    a4, a4, 255
core   0: 3 0x000000008000fe8a (0x0ff77713) x14 0x0000000000000000
core   0: 0x000000008000fe8e (0x00e78023) sb      a4, 0(a5)
core   0: 3 0x000000008000fe8e (0x00e78023) mem 0x00000000800120d9 0x00
core   0: 0x000000008000fe92 (0xfc843703) ld      a4, -56(s0)
core   0: 3 0x000000008000fe92 (0xfc843703) x14 0x0000000080012040 mem 0x0000000080031f38
core   0: 0x000000008000fe96 (0xfb843783) ld      a5, -72(s0)
core   0: 3 0x000000008000fe96 (0xfb843783) x15 0x000000000000009c mem 0x0000000080031f28
core   0: 0x000000008000fe9a (0x000097ba) c.add   a5, a4
core   0: 3 0x000000008000fe9a (0x97ba) x15 0x00000000800120dc
core   0: 0x000000008000fe9c (0xfe043703) ld      a4, -32(s0)
core   0: 3 0x000000008000fe9c (0xfe043703) x14 0x00000000800120da mem 0x0000000080031f50
core   0: 0x000000008000fea0 (0xfcf76de3) bltu    a4, a5, pc - 38
core   0: 3 0x000000008000fea0 (0xfcf76de3)
core   0: 0x000000008000fe7a (0xfe043783) ld      a5, -32(s0)
core   0: 3 0x000000008000fe7a (0xfe043783) x15 0x00000000800120da mem 0x0000000080031f50
core   0: 0x000000008000fe7e (0x00178713) addi    a4, a5, 1
core   0: 3 0x000000008000fe7e (0x00178713) x14 0x00000000800120db
core   0: 0x000000008000fe82 (0xfee43023) sd      a4, -32(s0)
core   0: 3 0x000000008000fe82 (0xfee43023) mem 0x0000000080031f50 0x00000000800120db
core   0: 0x000000008000fe86 (0xfc442703) lw      a4, -60(s0)
core   0: 3 0x000000008000fe86 (0xfc442703) x14 0x0000000000000000 mem 0x0000000080031f34
core   0: 0x000000008000fe8a (0x0ff77713) andi    a4, a4, 255
core   0: 3 0x000000008000fe8a (0x0ff77713) x14 0x0000000000000000
core   0: 0x000000008000fe8e (0x00e78023) sb      a4, 0(a5)
core   0: 3 0x000000008000fe8e (0x00e78023) mem 0x00000000800120da 0x00
core   0: 0x000000008000fe92 (0xfc843703) ld      a4, -56(s0)
core   0: 3 0x000000008000fe92 (0xfc843703) x14 0x0000000080012040 mem 0x0000000080031f38
core   0: 0x000000008000fe96 (0xfb843783) ld      a5, -72(s0)
core   0: 3 0x000000008000fe96 (0xfb843783) x15 0x000000000000009c mem 0x0000000080031f28
core   0: 0x000000008000fe9a (0x000097ba) c.add   a5, a4
core   0: 3 0x000000008000fe9a (0x97ba) x15 0x00000000800120dc
core   0: 0x000000008000fe9c (0xfe043703) ld      a4, -32(s0)
core   0: 3 0x000000008000fe9c (0xfe043703) x14 0x00000000800120db mem 0x0000000080031f50
core   0: 0x000000008000fea0 (0xfcf76de3) bltu    a4, a5, pc - 38
core   0: 3 0x000000008000fea0 (0xfcf76de3)
core   0: 0x000000008000fe7a (0xfe043783) ld      a5, -32(s0)
core   0: 3 0x000000008000fe7a (0xfe043783) x15 0x00000000800120db mem 0x0000000080031f50
core   0: 0x000000008000fe7e (0x00178713) addi    a4, a5, 1
core   0: 3 0x000000008000fe7e (0x00178713) x14 0x00000000800120dc
core   0: 0x000000008000fe82 (0xfee43023) sd      a4, -32(s0)
core   0: 3 0x000000008000fe82 (0xfee43023) mem 0x0000000080031f50 0x00000000800120dc
core   0: 0x000000008000fe86 (0xfc442703) lw      a4, -60(s0)
core   0: 3 0x000000008000fe86 (0xfc442703) x14 0x0000000000000000 mem 0x0000000080031f34
core   0: 0x000000008000fe8a (0x0ff77713) andi    a4, a4, 255
core   0: 3 0x000000008000fe8a (0x0ff77713) x14 0x0000000000000000
core   0: 0x000000008000fe8e (0x00e78023) sb      a4, 0(a5)
core   0: 3 0x000000008000fe8e (0x00e78023) mem 0x00000000800120db 0x00
core   0: 0x000000008000fe92 (0xfc843703) ld      a4, -56(s0)
core   0: 3 0x000000008000fe92 (0xfc843703) x14 0x0000000080012040 mem 0x0000000080031f38
core   0: 0x000000008000fe96 (0xfb843783) ld      a5, -72(s0)
core   0: 3 0x000000008000fe96 (0xfb843783) x15 0x000000000000009c mem 0x0000000080031f28
core   0: 0x000000008000fe9a (0x000097ba) c.add   a5, a4
core   0: 3 0x000000008000fe9a (0x97ba) x15 0x00000000800120dc
core   0: 0x000000008000fe9c (0xfe043703) ld      a4, -32(s0)
core   0: 3 0x000000008000fe9c (0xfe043703) x14 0x00000000800120dc mem 0x0000000080031f50
core   0: 0x000000008000fea0 (0xfcf76de3) bltu    a4, a5, pc - 38
core   0: 3 0x000000008000fea0 (0xfcf76de3)
core   0: 0x000000008000fea4 (0xfc843783) ld      a5, -56(s0)
core   0: 3 0x000000008000fea4 (0xfc843783) x15 0x0000000080012040 mem 0x0000000080031f38
core   0: 0x000000008000fea8 (0x0000853e) c.mv    a0, a5
core   0: 3 0x000000008000fea8 (0x853e) x10 0x0000000080012040
core   0: 0x000000008000feaa (0x00006426) c.ldsp  s0, 72(sp)
core   0: 3 0x000000008000feaa (0x6426) x8  0x0000000080031f90 mem 0x0000000080031f68
core   0: 0x000000008000feac (0x00006161) c.addi16sp sp, 80
core   0: 3 0x000000008000feac (0x6161) x2  0x0000000080031f70
core   0: 0x000000008000feae (0x00008082) ret
core   0: 3 0x000000008000feae (0x8082)
core   0: 0x000000008000f462 (0x00000001) c.nop
core   0: 3 0x000000008000f462 (0x0001)
core   0: 0x000000008000f464 (0x000060e2) c.ldsp  ra, 24(sp)
core   0: 3 0x000000008000f464 (0x60e2) x1  0x000000008000f4a2 mem 0x0000000080031f88
core   0: 0x000000008000f466 (0x00006442) c.ldsp  s0, 16(sp)
core   0: 3 0x000000008000f466 (0x6442) x8  0x0000000080032040 mem 0x0000000080031f80
core   0: 0x000000008000f468 (0x00006105) c.addi16sp sp, 32
core   0: 3 0x000000008000f468 (0x6105) x2  0x0000000080031f90
core   0: 0x000000008000f46a (0x00008082) ret
core   0: 3 0x000000008000f46a (0x8082)
core   0: 0x000000008000f4a2 (0xf5842703) lw      a4, -168(s0)
core   0: 3 0x000000008000f4a2 (0xf5842703) x14 0x0000000000000001 mem 0x0000000080031f98
core   0: 0x000000008000f4a6 (0xf5c42783) lw      a5, -164(s0)
core   0: 3 0x000000008000f4a6 (0xf5c42783) x15 0x0000000000000000 mem 0x0000000080031f9c
core   0: 0x000000008000f4aa (0x000085ba) c.mv    a1, a4
core   0: 3 0x000000008000f4aa (0x85ba) x11 0x0000000000000001
core   0: 0x000000008000f4ac (0x0000853e) c.mv    a0, a5
core   0: 3 0x000000008000f4ac (0x853e) x10 0x0000000000000000
core   0: 0x000000008000f4ae (0xf03ff0ef) jal     pc - 0xfe
core   0: 3 0x000000008000f4ae (0xf03ff0ef) x1  0x000000008000f4b2
core   0: >>>>  thread_entry
core   0: 0x000000008000f3b0 (0x00001101) c.addi  sp, -32
core   0: 3 0x000000008000f3b0 (0x1101) x2  0x0000000080031f70
core   0: 0x000000008000f3b2 (0x0000ec22) c.sdsp  s0, 24(sp)
core   0: 3 0x000000008000f3b2 (0xec22) mem 0x0000000080031f88 0x0000000080032040
core   0: 0x000000008000f3b4 (0x00001000) c.addi4spn s0, sp, 32
core   0: 3 0x000000008000f3b4 (0x1000) x8  0x0000000080031f90
core   0: 0x000000008000f3b6 (0x000087aa) c.mv    a5, a0
core   0: 3 0x000000008000f3b6 (0x87aa) x15 0x0000000000000000
core   0: 0x000000008000f3b8 (0x0000872e) c.mv    a4, a1
core   0: 3 0x000000008000f3b8 (0x872e) x14 0x0000000000000001
core   0: 0x000000008000f3ba (0xfef42623) sw      a5, -20(s0)
core   0: 3 0x000000008000f3ba (0xfef42623) mem 0x0000000080031f7c 0x00000000
core   0: 0x000000008000f3be (0x000087ba) c.mv    a5, a4
core   0: 3 0x000000008000f3be (0x87ba) x15 0x0000000000000001
core   0: 0x000000008000f3c0 (0xfef42423) sw      a5, -24(s0)
core   0: 3 0x000000008000f3c0 (0xfef42423) mem 0x0000000080031f78 0x00000001
core   0: 0x000000008000f3c4 (0x00000001) c.nop
core   0: 3 0x000000008000f3c4 (0x0001)
core   0: 0x000000008000f3c6 (0xfec42783) lw      a5, -20(s0)
core   0: 3 0x000000008000f3c6 (0xfec42783) x15 0x0000000000000000 mem 0x0000000080031f7c
core   0: 0x000000008000f3ca (0x00002781) c.addiw a5, 0
core   0: 3 0x000000008000f3ca (0x2781) x15 0x0000000000000000
core   0: 0x000000008000f3cc (0x0000ffed) c.bnez  a5, pc - 6
core   0: 3 0x000000008000f3cc (0xffed)
core   0: 0x000000008000f3ce (0x00000001) c.nop
core   0: 3 0x000000008000f3ce (0x0001)
core   0: 0x000000008000f3d0 (0x00000001) c.nop
core   0: 3 0x000000008000f3d0 (0x0001)
core   0: 0x000000008000f3d2 (0x00006462) c.ldsp  s0, 24(sp)
core   0: 3 0x000000008000f3d2 (0x6462) x8  0x0000000080032040 mem 0x0000000080031f88
core   0: 0x000000008000f3d4 (0x00006105) c.addi16sp sp, 32
core   0: 3 0x000000008000f3d4 (0x6105) x2  0x0000000080031f90
core   0: 0x000000008000f3d6 (0x00008082) ret
core   0: 3 0x000000008000f3d6 (0x8082)
core   0: 0x000000008000f4b2 (0x00004581) c.li    a1, 0
core   0: 3 0x000000008000f4b2 (0x4581) x11 0x0000000000000000
core   0: 0x000000008000f4b4 (0x00004501) c.li    a0, 0
core   0: 3 0x000000008000f4b4 (0x4501) x10 0x0000000000000000
core   0: 0x000000008000f4b6 (0xb4bf20ef) jal     pc - 0xd4b6
core   0: 3 0x000000008000f4b6 (0xb4bf20ef) x1  0x000000008000f4ba
core   0: >>>>  main
core   0: 0x0000000080002000 (0x00000001) c.nop
core   0: 3 0x0000000080002000 (0x0001)
core   0: >>>>  trap_vec_init
core   0: 0x0000000080002002 (0x00002797) auipc   a5, 0x2
core   0: 3 0x0000000080002002 (0x00002797) x15 0x0000000080004002
core   0: 0x0000000080002006 (0xffe78793) addi    a5, a5, -2
core   0: 3 0x0000000080002006 (0xffe78793) x15 0x0000000080004000
core   0: 0x000000008000200a (0x30579073) csrrw   zero, mtvec, a5
core   0: 3 0x000000008000200a (0x30579073) c773_mtvec 0x0000000080004000
core   0: >>>>  pmp_setup
core   0: 0x000000008000200e (0x00002c17) auipc   s8, 0x2
core   0: 3 0x000000008000200e (0x00002c17) x24 0x000000008000400e
core   0: 0x0000000080002012 (0x022c0c13) addi    s8, s8, 34
core   0: 3 0x0000000080002012 (0x022c0c13) x24 0x0000000080004030
core   0: 0x0000000080002016 (0x00004781) c.li    a5, 0
core   0: 3 0x0000000080002016 (0x4781) x15 0x0000000000000000
core   0: 0x0000000080002018 (0x00009c3e) c.add   s8, a5
core   0: 3 0x0000000080002018 (0x9c3e) x24 0x0000000080004030
core   0: 0x000000008000201a (0x3b0c1073) csrrw   zero, pmpaddr0, s8
core   0: 3 0x000000008000201a (0x3b0c1073) c944_pmpaddr0 0x0000000080004030
core   0: 0x000000008000201e (0x00004c3d) c.li    s8, 15
core   0: 3 0x000000008000201e (0x4c3d) x24 0x000000000000000f
core   0: 0x0000000080002020 (0x3a0c1073) csrrw   zero, pmpcfg0, s8
core   0: 3 0x0000000080002020 (0x3a0c1073) c928_pmpcfg0 0x000000000000000f
core   0: 0x0000000080002024 (0x12000073) sfence.vma zero, zero
core   0: 3 0x0000000080002024 (0x12000073)
core   0: >>>>  mepc_setup
core   0: 0x0000000080002028 (0x00002797) auipc   a5, 0x2
core   0: 3 0x0000000080002028 (0x00002797) x15 0x0000000080004028
core   0: 0x000000008000202c (0x00878793) addi    a5, a5, 8
core   0: 3 0x000000008000202c (0x00878793) x15 0x0000000080004030
core   0: 0x0000000080002030 (0x34179073) csrrw   zero, mepc, a5
core   0: 3 0x0000000080002030 (0x34179073) c833_mepc 0x0000000080004030
core   0: >>>>  custom_csr_setup
core   0: 0x0000000080002034 (0x00100f9b) addiw   t6, zero, 1
core   0: 3 0x0000000080002034 (0x00100f9b) x31 0x0000000000000001
core   0: 0x0000000080002038 (0x00000ffe) c.slli  t6, 31
core   0: 3 0x0000000080002038 (0x0ffe) x31 0x0000000080000000
core   0: 0x000000008000203a (0x00000001) c.nop
core   0: 3 0x000000008000203a (0x0001)
core   0: >>>>  init_s_mode
core   0: 0x000000008000203c (0xfff0079b) addiw   a5, zero, -1
core   0: 3 0x000000008000203c (0xfff0079b) x15 0xffffffffffffffff
core   0: 0x0000000080002040 (0x000017fe) c.slli  a5, 63
core   0: 3 0x0000000080002040 (0x17fe) x15 0x8000000000000000
core   0: 0x0000000080002042 (0x18079073) csrrw   zero, satp, a5
core   0: 3 0x0000000080002042 (0x18079073) c384_satp 0x8000000000000000
core   0: 0x0000000080002046 (0x0000f797) auipc   a5, 0xf
core   0: 3 0x0000000080002046 (0x0000f797) x15 0x0000000080011046
core   0: 0x000000008000204a (0xfba78793) addi    a5, a5, -70
core   0: 3 0x000000008000204a (0xfba78793) x15 0x0000000080011000
core   0: 0x000000008000204e (0x000083b1) c.srli  a5, 12
core   0: 3 0x000000008000204e (0x83b1) x15 0x0000000000080011
core   0: 0x0000000080002050 (0x0010061b) addiw   a2, zero, 1
core   0: 3 0x0000000080002050 (0x0010061b) x12 0x0000000000000001
core   0: 0x0000000080002054 (0x00001632) c.slli  a2, 44
core   0: 3 0x0000000080002054 (0x1632) x12 0x0000100000000000
core   0: 0x0000000080002056 (0x0000167d) c.addi  a2, -1
core   0: 3 0x0000000080002056 (0x167d) x12 0x00000fffffffffff
core   0: 0x0000000080002058 (0x00008ff1) c.and   a5, a2
core   0: 3 0x0000000080002058 (0x8ff1) x15 0x0000000000080011
core   0: 0x000000008000205a (0x1807a073) csrrs   zero, satp, a5
core   0: 3 0x000000008000205a (0x1807a073) c384_satp 0x8000000000080011
core   0: 0x000000008000205e (0x00a005b7) lui     a1, 0xa00
core   0: 3 0x000000008000205e (0x00a005b7) x11 0x0000000000a00000
core   0: 0x0000000080002062 (0x10b5859b) addiw   a1, a1, 267
core   0: 3 0x0000000080002062 (0x10b5859b) x11 0x0000000000a0010b
core   0: 0x0000000080002066 (0x000005b2) c.slli  a1, 12
core   0: 3 0x0000000080002066 (0x05b2) x11 0x0000000a0010b000
core   0: 0x0000000080002068 (0xa0058593) addi    a1, a1, -1536
core   0: 3 0x0000000080002068 (0xa0058593) x11 0x0000000a0010aa00
core   0: 0x000000008000206c (0x30059073) csrrw   zero, mstatus, a1
core   0: 3 0x000000008000206c (0x30059073) c768_mstatus 0x0000000a00102800
core   0: 0x0000000080002070 (0x30459073) csrrw   zero, mie, a1
core   0: 3 0x0000000080002070 (0x30459073) c772_mie 0x0000000000000a00
core   0: 0x0000000080002074 (0x00a005b7) lui     a1, 0xa00
core   0: 3 0x0000000080002074 (0x00a005b7) x11 0x0000000000a00000
core   0: 0x0000000080002078 (0x10b5859b) addiw   a1, a1, 267
core   0: 3 0x0000000080002078 (0x10b5859b) x11 0x0000000000a0010b
core   0: 0x000000008000207c (0x000005b2) c.slli  a1, 12
core   0: 3 0x000000008000207c (0x05b2) x11 0x0000000a0010b000
core   0: 0x000000008000207e (0xa0058593) addi    a1, a1, -1536
core   0: 3 0x000000008000207e (0xa0058593) x11 0x0000000a0010aa00
core   0: 0x0000000080002082 (0x10059073) csrrw   zero, sstatus, a1
core   0: 3 0x0000000080002082 (0x10059073) c768_mstatus 0x0000000a00102800
core   0: 0x0000000080002086 (0x10459073) csrrw   zero, sie, a1
core   0: 3 0x0000000080002086 (0x10459073) c772_mie 0x0000000000000a00
core   0: 0x000000008000208a (0x30200073) mret
core   0: 3 0x000000008000208a (0x30200073) c768_mstatus 0x0000000a00102080
core   0: >>>>  main_g
core   0: 0x0000000080004030 (0x40eb873b) subw    a4, s7, a4
core   0: 1 0x0000000080004030 (0x40eb873b) x14 0xffffffffffffffff
core   0: 0x0000000080004034 (0x4008d59b) sraiw   a1, a7, 0
core   0: 1 0x0000000080004034 (0x4008d59b) x11 0x0000000000000000
core   0: 0x0000000080004038 (0xd21585d3) fcvt.d.wu fa1, a1
core   0: 1 0x0000000080004038 (0xd21585d3) c768_mstatus 0x8000000a00106080 f11 0x0000000000000000
core   0: 0x000000008000403c (0x02f14ab3) div     s5, sp, a5
core   0: 1 0x000000008000403c (0x02f14ab3) x21 0x0000000000001000
core   0: 0x0000000080004040 (0x00017593) andi    a1, sp, 0
core   0: 1 0x0000000080004040 (0x00017593) x11 0x0000000000000000
core   0: 0x0000000080004044 (0x2abc8fd3) fmin.d  ft11, fs9, fa1
core   0: 1 0x0000000080004044 (0x2abc8fd3) f31 0x0000000000000000
core   0: 0x0000000080004048 (0x12b17153) fmul.d  ft2, ft2, fa1
core   0: 1 0x0000000080004048 (0x12b17153) f2  0x7ff8000000000000
core   0: 0x000000008000404c (0xfc565537) lui     a0, 0xfc565
core   0: 1 0x000000008000404c (0xfc565537) x10 0xfffffffffc565000
core   0: 0x0000000080004050 (0xb4f5051b) addiw   a0, a0, -1201
core   0: 1 0x0000000080004050 (0xb4f5051b) x10 0xfffffffffc564b4f
core   0: 0x0000000080004054 (0x00000532) c.slli  a0, 12
core   0: 1 0x0000000080004054 (0x0532) x10 0xffffffc564b4f000
core   0: 0x0000000080004056 (0xfa250513) addi    a0, a0, -94
core   0: 1 0x0000000080004056 (0xfa250513) x10 0xffffffc564b4efa2
core   0: 0x000000008000405a (0x0621b237) lui     tp, 0x621b
core   0: 1 0x000000008000405a (0x0621b237) x4  0x000000000621b000
core   0: 0x000000008000405e (0x6df2021b) addiw   tp, tp, 1759
core   0: 1 0x000000008000405e (0x6df2021b) x4  0x000000000621b6df
core   0: 0x0000000080004062 (0x00000232) c.slli  tp, 12
core   0: 1 0x0000000080004062 (0x0232) x4  0x000000621b6df000
core   0: 0x0000000080004064 (0xd6420213) addi    tp, tp, -668
core   0: 1 0x0000000080004064 (0xd6420213) x4  0x000000621b6ded64
core   0: 0x0000000080004068 (0xd225f553) fcvt.d.l fa0, a1
core   0: 1 0x0000000080004068 (0xd225f553) f10 0x0000000000000000
core   0: 0x000000008000406c (0xf20505d3) fmv.d.x fa1, a0
core   0: 1 0x000000008000406c (0xf20505d3) f11 0xffffffc564b4efa2
core   0: 0x0000000080004070 (0xc0337653) fcvt.lu.s a2, ft6
core   0: 1 0x0000000080004070 (0xc0337653) x12 0x0000000000000000
core   0: 0x0000000080004074 (0x023a9793) slli    a5, s5, 35
core   0: 1 0x0000000080004074 (0x023a9793) x15 0x0000800000000000
core   0: 0x0000000080004078 (0x015e0eb3) add     t4, t3, s5
core   0: 1 0x0000000080004078 (0x015e0eb3) x29 0x0000000000001000
core   0: 0x000000008000407c (0x005b553b) srlw    a0, s6, t0
core   0: 1 0x000000008000407c (0x005b553b) x10 0x0000000000000000
core   0: 0x0000000080004080 (0x0005501b) srliw   zero, a0, 0
core   0: 1 0x0000000080004080 (0x0005501b)
core   0: 0x0000000080004084 (0x4252de13) srai    t3, t0, 37
core   0: 1 0x0000000080004084 (0x4252de13) x28 0x0000000000000000
core   0: 0x0000000080004088 (0x000a1e9b) slliw   t4, s4, 0
core   0: 1 0x0000000080004088 (0x000a1e9b) x29 0x0000000000000000
core   0: 0x000000008000408c (0x52cbfe4f) fnmadd.d ft8, fs7, fa2, fa0
core   0: 1 0x000000008000408c (0x52cbfe4f) f28 0x7ff8000000000000
core   0: 0x0000000080004090 (0x01ce6b33) or      s6, t3, t3
core   0: 1 0x0000000080004090 (0x01ce6b33) x22 0x0000000000000000
core   0: 0x0000000080004094 (0x002b1c73) csrrw   s8, frm, s6
core   0: 1 0x0000000080004094 (0x002b1c73) x24 0x0000000000000000 c2_frm 0x0000000000000000
core   0: 0x0000000080004098 (0x038386b3) mul     a3, t2, s8
core   0: 1 0x0000000080004098 (0x038386b3) x13 0x0000000000000000
core   0: 0x000000008000409c (0x00a85493) srli    s1, a6, 10
core   0: 1 0x000000008000409c (0x00a85493) x9  0x0000000000000000
core   0: 0x00000000800040a0 (0x00202873) csrrs   a6, frm, zero
core   0: 1 0x00000000800040a0 (0x00202873) x16 0x0000000000000000
core   0: 0x00000000800040a4 (0xe20b8ed3) fmv.x.d t4, fs7
core   0: 1 0x00000000800040a4 (0xe20b8ed3) x29 0xffffffff00000000
core   0: 0x00000000800040a8 (0xc03677d3) fcvt.lu.s a5, fa2
core   0: 1 0x00000000800040a8 (0xc03677d3) x15 0x0000000000000000
core   0: 0x00000000800040ac (0x0382613b) remw    sp, tp, s8
core   0: 1 0x00000000800040ac (0x0382613b) x2  0x000000001b6ded64
core   0: 0x00000000800040b0 (0x017b883b) addw    a6, s7, s7
core   0: 1 0x00000000800040b0 (0x017b883b) x16 0x0000000000000000
core   0: 0x00000000800040b4 (0x0166991b) slliw   s2, a3, 22
core   0: 1 0x00000000800040b4 (0x0166991b) x18 0x0000000000000000
core   0: 0x00000000800040b8 (0x02418b3b) mulw    s6, gp, tp
core   0: 1 0x00000000800040b8 (0x02418b3b) x22 0x0000000063a8b7a0
core   0: 0x00000000800040bc (0x03669133) mulh    sp, a3, s6
core   0: 1 0x00000000800040bc (0x03669133) x2  0x0000000000000000
core   0: 0x00000000800040c0 (0x41c45d93) srai    s11, s0, 28
core   0: 1 0x00000000800040c0 (0x41c45d93) x27 0x0000000000000008
core   0: 0x00000000800040c4 (0x00821033) sll     zero, tp, s0
core   0: 1 0x00000000800040c4 (0x00821033)
core   0: 0x00000000800040c8 (0x0ff0000f) fence   iorw,iorw
core   0: 1 0x00000000800040c8 (0x0ff0000f)
core   0: 0x00000000800040cc (0x40bc54b3) sra     s1, s8, a1
core   0: 1 0x00000000800040cc (0x40bc54b3) x9  0x0000000000000000
core   0: 0x00000000800040d0 (0xc0405bf3) csrrwi  s7, hpmcounter4, 0
core   0: exception trap_illegal_instruction, epc 0x00000000800040d0
core   0:           tval 0x00000000c0405bf3
core   0: >>>>  $xrv64i2p1_m2p0_a2p1_f2p2_d2p2_zicsr2p0_zifencei2p0_zmmul1p0_zba1p0_zbb1p0_zbc1p0_zbs1p0
core   0: 0x0000000080004000 (0x0080006f) j       pc + 0x8
core   0: 3 0x0000000080004000 (0x0080006f)
core   0: >>>>  mmode_exception_handler
core   0: 0x0000000080004008 (0x00002c17) auipc   s8, 0x2
core   0: 3 0x0000000080004008 (0x00002c17) x24 0x0000000080006008
core   0: 0x000000008000400c (0x0d8c0c13) addi    s8, s8, 216
core   0: 3 0x000000008000400c (0x0d8c0c13) x24 0x00000000800060e0
core   0: 0x0000000080004010 (0x000c00e7) jalr    s8
core   0: 3 0x0000000080004010 (0x000c00e7) x1  0x0000000080004014
core   0: >>>>  any_handler
core   0: 0x00000000800060e0 (0x341027f3) csrrs   a5, mepc, zero
core   0: 3 0x00000000800060e0 (0x341027f3) x15 0x00000000800040d0
core   0: 0x00000000800060e4 (0x34202773) csrrs   a4, mcause, zero
core   0: 3 0x00000000800060e4 (0x34202773) x14 0x0000000000000002
core   0: 0x00000000800060e8 (0x142026f3) csrrs   a3, scause, zero
core   0: 3 0x00000000800060e8 (0x142026f3) x13 0x0000000000000000
core   0: 0x00000000800060ec (0x30402673) csrrs   a2, mie, zero
core   0: 3 0x00000000800060ec (0x30402673) x12 0x0000000000000a00
core   0: 0x00000000800060f0 (0x344025f3) csrrs   a1, mip, zero
core   0: 3 0x00000000800060f0 (0x344025f3) x11 0x0000000000000080
core   0: 0x00000000800060f4 (0x343025f3) csrrs   a1, mtval, zero
core   0: 3 0x00000000800060f4 (0x343025f3) x11 0x00000000c0405bf3
core   0: 0x00000000800060f8 (0x14302573) csrrs   a0, stval, zero
core   0: 3 0x00000000800060f8 (0x14302573) x10 0x0000000000000000
core   0: 0x00000000800060fc (0xb02024f3) csrrs   s1, minstret, zero
core   0: 3 0x00000000800060fc (0xb02024f3) x9  0x00000000000007f4
core   0: 0x0000000080006100 (0x0000a811) c.j     pc + 20
core   0: 3 0x0000000080006100 (0xa811)
core   0: >>>>  mepc_4
core   0: 0x0000000080006114 (0x00000791) c.addi  a5, 4
core   0: 3 0x0000000080006114 (0x0791) x15 0x00000000800040d4
core   0: 0x0000000080006116 (0x34179073) csrrw   zero, mepc, a5
core   0: 3 0x0000000080006116 (0x34179073) c833_mepc 0x00000000800040d4
core   0: 0x000000008000611a (0x30200073) mret
core   0: 3 0x000000008000611a (0x30200073) c768_mstatus 0x8000000a00106080
core   0: 0x00000000800040d4 (0x00000001) c.nop
core   0: 1 0x00000000800040d4 (0x0001)
core   0: 0x00000000800040d6 (0x03bcb233) mulhu   tp, s9, s11
core   0: 1 0x00000000800040d6 (0x03bcb233) x4  0x0000000000000000
core   0: 0x00000000800040da (0xa3cd0ed3) fle.d   t4, fs10, ft8
core   0: 1 0x00000000800040da (0xa3cd0ed3) c1_fflags 0x0000000000000010 x29 0x0000000000000000
core   0: 0x00000000800040de (0x2a450dd3) fmin.d  fs11, fa0, ft4
core   0: 1 0x00000000800040de (0x2a450dd3) f27 0x0000000000000000
core   0: 0x00000000800040e2 (0x033ed4b3) divu    s1, t4, s3
core   0: 1 0x00000000800040e2 (0x033ed4b3) x9  0xffffffffffffffff
core   0: 0x00000000800040e6 (0x0241ccbb) divw    s9, gp, tp
core   0: 1 0x00000000800040e6 (0x0241ccbb) x25 0xffffffffffffffff
core   0: 0x00000000800040ea (0x00189593) slli    a1, a7, 1
core   0: 1 0x00000000800040ea (0x00189593) x11 0x0000000000000000
core   0: 0x00000000800040ee (0xd2018053) fcvt.d.w ft0, gp
core   0: 1 0x00000000800040ee (0xd2018053) f0  0xc1dfffb5f6000000
core   0: 0x00000000800040f2 (0x031cf5d3) fadd.d  fa1, fs9, fa7
core   0: 1 0x00000000800040f2 (0x031cf5d3) f11 0x7ff8000000000000
core   0: 0x00000000800040f6 (0x03439d93) slli    s11, t2, 52
core   0: 1 0x00000000800040f6 (0x03439d93) x27 0x0000000000000000
core   0: 0x00000000800040fa (0xd225fc53) fcvt.d.l fs8, a1
core   0: 1 0x00000000800040fa (0xd225fc53) f24 0x0000000000000000
core   0: 0x00000000800040fe (0x007682bb) addw    t0, a3, t2
core   0: 1 0x00000000800040fe (0x007682bb) x5  0x0000000000000000
core   0: 0x0000000080004102 (0x34093bf3) csrrc   s7, mscratch, s2
core   0: exception trap_illegal_instruction, epc 0x0000000080004102
core   0:           tval 0x0000000034093bf3
core   0: >>>>  $xrv64i2p1_m2p0_a2p1_f2p2_d2p2_zicsr2p0_zifencei2p0_zmmul1p0_zba1p0_zbb1p0_zbc1p0_zbs1p0
core   0: 0x0000000080004000 (0x0080006f) j       pc + 0x8
core   0: 3 0x0000000080004000 (0x0080006f)
core   0: >>>>  mmode_exception_handler
core   0: 0x0000000080004008 (0x00002c17) auipc   s8, 0x2
core   0: 3 0x0000000080004008 (0x00002c17) x24 0x0000000080006008
core   0: 0x000000008000400c (0x0d8c0c13) addi    s8, s8, 216
core   0: 3 0x000000008000400c (0x0d8c0c13) x24 0x00000000800060e0
core   0: 0x0000000080004010 (0x000c00e7) jalr    s8
core   0: 3 0x0000000080004010 (0x000c00e7) x1  0x0000000080004014
core   0: >>>>  any_handler
core   0: 0x00000000800060e0 (0x341027f3) csrrs   a5, mepc, zero
core   0: 3 0x00000000800060e0 (0x341027f3) x15 0x0000000080004102
core   0: 0x00000000800060e4 (0x34202773) csrrs   a4, mcause, zero
core   0: 3 0x00000000800060e4 (0x34202773) x14 0x0000000000000002
core   0: 0x00000000800060e8 (0x142026f3) csrrs   a3, scause, zero
core   0: 3 0x00000000800060e8 (0x142026f3) x13 0x0000000000000000
core   0: 0x00000000800060ec (0x30402673) csrrs   a2, mie, zero
core   0: 3 0x00000000800060ec (0x30402673) x12 0x0000000000000a00
core   0: 0x00000000800060f0 (0x344025f3) csrrs   a1, mip, zero
core   0: 3 0x00000000800060f0 (0x344025f3) x11 0x0000000000000080
core   0: 0x00000000800060f4 (0x343025f3) csrrs   a1, mtval, zero
core   0: 3 0x00000000800060f4 (0x343025f3) x11 0x0000000034093bf3
core   0: 0x00000000800060f8 (0x14302573) csrrs   a0, stval, zero
core   0: 3 0x00000000800060f8 (0x14302573) x10 0x0000000000000000
core   0: 0x00000000800060fc (0xb02024f3) csrrs   s1, minstret, zero
core   0: 3 0x00000000800060fc (0xb02024f3) x9  0x0000000000000810
core   0: 0x0000000080006100 (0x0000a811) c.j     pc + 20
core   0: 3 0x0000000080006100 (0xa811)
core   0: >>>>  mepc_4
core   0: 0x0000000080006114 (0x00000791) c.addi  a5, 4
core   0: 3 0x0000000080006114 (0x0791) x15 0x0000000080004106
core   0: 0x0000000080006116 (0x34179073) csrrw   zero, mepc, a5
core   0: 3 0x0000000080006116 (0x34179073) c833_mepc 0x0000000080004106
core   0: 0x000000008000611a (0x30200073) mret
core   0: 3 0x000000008000611a (0x30200073) c768_mstatus 0x8000000a00106080
core   0: 0x0000000080004106 (0xc038f8d3) fcvt.lu.s a7, fa7
core   0: 1 0x0000000080004106 (0xc038f8d3) x17 0x0000000000000000
core   0: 0x000000008000410a (0x01261733) sll     a4, a2, s2
core   0: 1 0x000000008000410a (0x01261733) x14 0x0000000000000a00
core   0: 0x000000008000410e (0x008989bb) addw    s3, s3, s0
core   0: 1 0x000000008000410e (0x008989bb) x19 0xffffffff80032040
core   0: 0x0000000080004112 (0xd22973d3) fcvt.d.l ft7, s2
core   0: 1 0x0000000080004112 (0xd22973d3) f7  0x0000000000000000
core   0: 0x0000000080004116 (0x00cbebb3) or      s7, s7, a2
core   0: 1 0x0000000080004116 (0x00cbebb3) x23 0x0000000000000a00
core   0: 0x000000008000411a (0x40a48933) sub     s2, s1, a0
core   0: 1 0x000000008000411a (0x40a48933) x18 0x0000000000000810
core   0: 0x000000008000411e (0x0125163b) sllw    a2, a0, s2
core   0: 1 0x000000008000411e (0x0125163b) x12 0x0000000000000000
core   0: 0x0000000080004122 (0x405789b3) sub     s3, a5, t0
core   0: 1 0x0000000080004122 (0x405789b3) x19 0x0000000080004106
core   0: 0x0000000080004126 (0x41be81b3) sub     gp, t4, s11
core   0: 1 0x0000000080004126 (0x41be81b3) x3  0x0000000000000000
core   0: 0x000000008000412a (0x023c3c33) mulhu   s8, s8, gp
core   0: 1 0x000000008000412a (0x023c3c33) x24 0x0000000000000000
core   0: 0x000000008000412e (0x0082de3b) srlw    t3, t0, s0
core   0: 1 0x000000008000412e (0x0082de3b) x28 0x0000000000000000
core   0: 0x0000000080004132 (0x22980ed3) fsgnj.d ft9, fa6, fs1
core   0: 1 0x0000000080004132 (0x22980ed3) f29 0xffffffff00000000
core   0: 0x0000000080004136 (0x026f7353) fadd.d  ft6, ft10, ft6
core   0: 1 0x0000000080004136 (0x026f7353) f6  0x7ff8000000000000
core   0: 0x000000008000413a (0xc20e7d53) fcvt.w.d s10, ft8
core   0: 1 0x000000008000413a (0xc20e7d53) c1_fflags 0x0000000000000010 x26 0x000000007fffffff
core   0: 0x000000008000413e (0x02a77e33) remu    t3, a4, a0
core   0: 1 0x000000008000413e (0x02a77e33) x28 0x0000000000000a00
core   0: 0x0000000080004142 (0x037412b3) mulh    t0, s0, s7
core   0: 1 0x0000000080004142 (0x037412b3) x5  0x0000000000000000
core   0: 0x0000000080004146 (0x039cd23b) divuw   tp, s9, s9
core   0: 1 0x0000000080004146 (0x039cd23b) x4  0x0000000000000001
core   0: 0x000000008000414a (0x10660793) addi    a5, a2, 262
core   0: 1 0x000000008000414a (0x10660793) x15 0x0000000000000106
core   0: 0x000000008000414e (0x01fe129b) slliw   t0, t3, 31
core   0: 1 0x000000008000414e (0x01fe129b) x5  0x0000000000000000
core   0: 0x0000000080004152 (0x0322d093) srli    ra, t0, 50
core   0: 1 0x0000000080004152 (0x0322d093) x1  0x0000000000000000
core   0: 0x0000000080004156 (0xdfa48017) auipc   zero, 0xdfa48
core   0: 1 0x0000000080004156 (0xdfa48017)
core   0: 0x000000008000415a (0x02b2a2b3) mulhsu  t0, t0, a1
core   0: 1 0x000000008000415a (0x02b2a2b3) x5  0x0000000000000000
core   0: 0x000000008000415e (0x03c0563b) divuw   a2, zero, t3
core   0: 1 0x000000008000415e (0x03c0563b) x12 0x0000000000000000
core   0: 0x0000000080004162 (0x00099d9b) slliw   s11, s3, 0
core   0: 1 0x0000000080004162 (0x00099d9b) x27 0xffffffff80004106
core   0: 0x0000000080004166 (0x41fb5e9b) sraiw   t4, s6, 31
core   0: 1 0x0000000080004166 (0x41fb5e9b) x29 0x0000000000000000
core   0: 0x000000008000416a (0xdc3d0b1b) addiw   s6, s10, -573
core   0: 1 0x000000008000416a (0xdc3d0b1b) x22 0x000000007ffffdc2
core   0: 0x000000008000416e (0xc20c7ed3) fcvt.w.d t4, fs8
core   0: 1 0x000000008000416e (0xc20c7ed3) x29 0x0000000000000000
core   0: 0x0000000080004172 (0xd031ffd3) fcvt.s.lu ft11, gp
core   0: 1 0x0000000080004172 (0xd031ffd3) f31 0xffffffff00000000
core   0: 0x0000000080004176 (0x00cedc3b) srlw    s8, t4, a2
core   0: 1 0x0000000080004176 (0x00cedc3b) x24 0x0000000000000000
core   0: 0x000000008000417a (0x036c0633) mul     a2, s8, s6
core   0: 1 0x000000008000417a (0x036c0633) x12 0x0000000000000000
core   0: 0x000000008000417e (0xe3ec74cb) fnmsub.d fs1, fs8, ft10, ft8
core   0: 1 0x000000008000417e (0xe3ec74cb) f9  0x7ff8000000000000
core   0: 0x0000000080004182 (0x026602b3) mul     t0, a2, t1
core   0: 1 0x0000000080004182 (0x026602b3) x5  0x0000000000000000
core   0: 0x0000000080004186 (0xa387f7c7) fmsub.d fa5, fa5, fs8, fs4
core   0: 1 0x0000000080004186 (0xa387f7c7) f15 0x7ff8000000000000
core   0: 0x000000008000418a (0x002021f3) csrrs   gp, frm, zero
core   0: 1 0x000000008000418a (0x002021f3) x3  0x0000000000000000
core   0: 0x000000008000418e (0xd21188d3) fcvt.d.wu fa7, gp
core   0: 1 0x000000008000418e (0xd21188d3) f17 0x0000000000000000
core   0: 0x0000000080004192 (0x01535ebb) srlw    t4, t1, s5
core   0: 1 0x0000000080004192 (0x01535ebb) x29 0x0000000000000000
core   0: 0x0000000080004196 (0x002b1af3) csrrw   s5, frm, s6
core   0: 1 0x0000000080004196 (0x002b1af3) x21 0x0000000000000000 c2_frm 0x0000000000000002
core   0: 0x000000008000419a (0x00d453b3) srl     t2, s0, a3
core   0: 1 0x000000008000419a (0x00d453b3) x7  0x0000000080032040
core   0: 0x000000008000419e (0x12f7fc53) fmul.d  fs8, fa5, fa5
core   0: 1 0x000000008000419e (0x12f7fc53) f24 0x7ff8000000000000
core   0: 0x00000000800041a2 (0x002a18f3) csrrw   a7, frm, s4
core   0: 1 0x00000000800041a2 (0x002a18f3) x17 0x0000000000000002 c2_frm 0x0000000000000000
core   0: 0x00000000800041a6 (0x038efebb) remuw   t4, t4, s8
core   0: 1 0x00000000800041a6 (0x038efebb) x29 0x0000000000000000
core   0: 0x00000000800041aa (0x01d7d7bb) srlw    a5, a5, t4
core   0: 1 0x00000000800041aa (0x01d7d7bb) x15 0x0000000000000106
core   0: 0x00000000800041ae (0x06801d37) lui     s10, 0x6801
core   0: 1 0x00000000800041ae (0x06801d37) x26 0x0000000006801000
core   0: 0x00000000800041b2 (0x399d0d1b) addiw   s10, s10, 921
core   0: 1 0x00000000800041b2 (0x399d0d1b) x26 0x0000000006801399
core   0: 0x00000000800041b6 (0x00000d32) c.slli  s10, 12
core   0: 1 0x00000000800041b6 (0x0d32) x26 0x0000006801399000
core   0: 0x00000000800041b8 (0xb6ad0d13) addi    s10, s10, -1174
core   0: 1 0x00000000800041b8 (0xb6ad0d13) x26 0x0000006801398b6a
core   0: 0x00000000800041bc (0x2232acd3) fsgnjx.d fs9, ft5, ft3
core   0: 1 0x00000000800041bc (0x2232acd3) f25 0x7fffffff00000000
core   0: 0x00000000800041c0 (0x00f9cbb3) xor     s7, s3, a5
core   0: 1 0x00000000800041c0 (0x00f9cbb3) x23 0x0000000080004000
core   0: 0x00000000800041c4 (0xca5cf8c7) fmsub.d fa7, fs9, ft5, fs9
core   0: 1 0x00000000800041c4 (0xca5cf8c7) f17 0x7ff8000000000000
core   0: 0x00000000800041c8 (0x2ad28bd3) fmin.d  fs7, ft5, fa3
core   0: 1 0x00000000800041c8 (0x2ad28bd3) f23 0x7ff8000000000000
core   0: 0x00000000800041cc (0xbad6fdcb) fnmsub.d fs11, fa3, fa3, fs7
core   0: 1 0x00000000800041cc (0xbad6fdcb) f27 0x7ff8000000000000
core   0: 0x00000000800041d0 (0x0034f4b3) and     s1, s1, gp
core   0: 1 0x00000000800041d0 (0x0034f4b3) x9  0x0000000000000000
core   0: 0x00000000800041d4 (0x0394c233) div     tp, s1, s9
core   0: 1 0x00000000800041d4 (0x0394c233) x4  0x0000000000000000
core   0: 0x00000000800041d8 (0x23bd8153) fsgnj.d ft2, fs11, fs11
core   0: 1 0x00000000800041d8 (0x23bd8153) f2  0x7ff8000000000000
core   0: 0x00000000800041dc (0x0244bb33) mulhu   s6, s1, tp
core   0: 1 0x00000000800041dc (0x0244bb33) x22 0x0000000000000000
core   0: 0x00000000800041e0 (0x0b9ff0d3) fsub.d  ft1, ft11, fs9
core   0: 1 0x00000000800041e0 (0x0b9ff0d3) f1  0x7ff8000000000000
core   0: 0x00000000800041e4 (0x00bb5b9b) srliw   s7, s6, 11
core   0: 1 0x00000000800041e4 (0x00bb5b9b) x23 0x0000000000000000
core   0: 0x00000000800041e8 (0x2354a8d3) fsgnjx.d fa7, fs1, fs5
core   0: 1 0x00000000800041e8 (0x2354a8d3) f17 0xfff8000000000000
core   0: 0x00000000800041ec (0x31a29ef3) csrrw   t4, menvcfgh, t0
core   0: exception trap_illegal_instruction, epc 0x00000000800041ec
core   0:           tval 0x0000000031a29ef3
core   0: >>>>  $xrv64i2p1_m2p0_a2p1_f2p2_d2p2_zicsr2p0_zifencei2p0_zmmul1p0_zba1p0_zbb1p0_zbc1p0_zbs1p0
core   0: 0x0000000080004000 (0x0080006f) j       pc + 0x8
core   0: 3 0x0000000080004000 (0x0080006f)
core   0: >>>>  mmode_exception_handler
core   0: 0x0000000080004008 (0x00002c17) auipc   s8, 0x2
core   0: 3 0x0000000080004008 (0x00002c17) x24 0x0000000080006008
core   0: 0x000000008000400c (0x0d8c0c13) addi    s8, s8, 216
core   0: 3 0x000000008000400c (0x0d8c0c13) x24 0x00000000800060e0
core   0: 0x0000000080004010 (0x000c00e7) jalr    s8
core   0: 3 0x0000000080004010 (0x000c00e7) x1  0x0000000080004014
core   0: >>>>  any_handler
core   0: 0x00000000800060e0 (0x341027f3) csrrs   a5, mepc, zero
core   0: 3 0x00000000800060e0 (0x341027f3) x15 0x00000000800041ec
core   0: 0x00000000800060e4 (0x34202773) csrrs   a4, mcause, zero
core   0: 3 0x00000000800060e4 (0x34202773) x14 0x0000000000000002
core   0: 0x00000000800060e8 (0x142026f3) csrrs   a3, scause, zero
core   0: 3 0x00000000800060e8 (0x142026f3) x13 0x0000000000000000
core   0: 0x00000000800060ec (0x30402673) csrrs   a2, mie, zero
core   0: 3 0x00000000800060ec (0x30402673) x12 0x0000000000000a00
core   0: 0x00000000800060f0 (0x344025f3) csrrs   a1, mip, zero
core   0: 3 0x00000000800060f0 (0x344025f3) x11 0x0000000000000080
core   0: 0x00000000800060f4 (0x343025f3) csrrs   a1, mtval, zero
core   0: 3 0x00000000800060f4 (0x343025f3) x11 0x0000000031a29ef3
core   0: 0x00000000800060f8 (0x14302573) csrrs   a0, stval, zero
core   0: 3 0x00000000800060f8 (0x14302573) x10 0x0000000000000000
core   0: 0x00000000800060fc (0xb02024f3) csrrs   s1, minstret, zero
core   0: 3 0x00000000800060fc (0xb02024f3) x9  0x000000000000085a
core   0: 0x0000000080006100 (0x0000a811) c.j     pc + 20
core   0: 3 0x0000000080006100 (0xa811)
core   0: >>>>  mepc_4
core   0: 0x0000000080006114 (0x00000791) c.addi  a5, 4
core   0: 3 0x0000000080006114 (0x0791) x15 0x00000000800041f0
core   0: 0x0000000080006116 (0x34179073) csrrw   zero, mepc, a5
core   0: 3 0x0000000080006116 (0x34179073) c833_mepc 0x00000000800041f0
core   0: 0x000000008000611a (0x30200073) mret
core   0: 3 0x000000008000611a (0x30200073) c768_mstatus 0x8000000a00106080
core   0: 0x00000000800041f0 (0x0250f63b) remuw   a2, ra, t0
core   0: 1 0x00000000800041f0 (0x0250f63b) x12 0xffffffff80004014
core   0: 0x00000000800041f4 (0xd20b8bd3) fcvt.d.w fs7, s7
core   0: 1 0x00000000800041f4 (0xd20b8bd3) f23 0x0000000000000000
core   0: 0x00000000800041f8 (0x41790233) sub     tp, s2, s7
core   0: 1 0x00000000800041f8 (0x41790233) x4  0x0000000000000810
core   0: 0x00000000800041fc (0xa84ea813) slti    a6, t4, -1404
core   0: 1 0x00000000800041fc (0xa84ea813) x16 0x0000000000000000
core   0: 0x0000000080004200 (0x02c77753) fadd.d  fa4, fa4, fa2
core   0: 1 0x0000000080004200 (0x02c77753) f14 0x7ff8000000000000
core   0: 0x0000000080004204 (0x00000001) c.nop
core   0: 1 0x0000000080004204 (0x0001)
core   0: 0x0000000080004206 (0xd026fe53) fcvt.s.l ft8, a3
core   0: 1 0x0000000080004206 (0xd026fe53) f28 0xffffffff00000000
core   0: 0x000000008000420a (0x00000001) c.nop
core   0: 1 0x000000008000420a (0x0001)
core   0: 0x000000008000420c (0x032858b3) divu    a7, a6, s2
core   0: 1 0x000000008000420c (0x032858b3) x17 0x0000000000000000
core   0: 0x0000000080004210 (0xc2377153) fcvt.lu.d sp, fa4
core   0: 1 0x0000000080004210 (0xc2377153) c1_fflags 0x0000000000000010 x2  0xffffffffffffffff
core   0: 0x0000000080004214 (0x1a687353) fdiv.d  ft6, fa6, ft6
core   0: 1 0x0000000080004214 (0x1a687353) f6  0x7ff8000000000000
core   0: 0x0000000080004218 (0x0209f63b) remuw   a2, s3, zero
core   0: 1 0x0000000080004218 (0x0209f63b) x12 0xffffffff80004106
core   0: 0x000000008000421c (0x32de76cb) fnmsub.d fa3, ft8, fa3, ft6
core   0: 1 0x000000008000421c (0x32de76cb) f13 0x7ff8000000000000
core   0: 0x0000000080004220 (0x01ad0b3b) addw    s6, s10, s10
core   0: 1 0x0000000080004220 (0x01ad0b3b) x22 0x00000000027316d4
core   0: 0x0000000080004224 (0x6f3ea9b7) lui     s3, 0x6f3ea
core   0: 1 0x0000000080004224 (0x6f3ea9b7) x19 0x000000006f3ea000
core   0: 0x0000000080004228 (0xd22b7c53) fcvt.d.l fs8, s6
core   0: 1 0x0000000080004228 (0xd22b7c53) f24 0x418398b6a0000000
core   0: 0x000000008000422c (0x0be87f53) fsub.d  ft10, fa6, ft10
core   0: 1 0x000000008000422c (0x0be87f53) f30 0x7ff8000000000000
core   0: 0x0000000080004230 (0x013b2233) slt     tp, s6, s3
core   0: 1 0x0000000080004230 (0x013b2233) x4  0x0000000000000001
core   0: 0x0000000080004234 (0x02475433) divu    s0, a4, tp
core   0: 1 0x0000000080004234 (0x02475433) x8  0x0000000000000002
core   0: 0x0000000080004238 (0x0ff0000f) fence   iorw,iorw
core   0: 1 0x0000000080004238 (0x0ff0000f)
core   0: 0x000000008000423c (0x400bd39b) sraiw   t2, s7, 0
core   0: 1 0x000000008000423c (0x400bd39b) x7  0x0000000000000000
core   0: 0x0000000080004240 (0x2aaf0dd3) fmin.d  fs11, ft10, fa0
core   0: 1 0x0000000080004240 (0x2aaf0dd3) f27 0x0000000000000000
core   0: 0x0000000080004244 (0x40840e3b) subw    t3, s0, s0
core   0: 1 0x0000000080004244 (0x40840e3b) x28 0x0000000000000000
core   0: 0x0000000080004248 (0xc2187553) fcvt.wu.d a0, fa6
core   0: 1 0x0000000080004248 (0xc2187553) c1_fflags 0x0000000000000010 x10 0xffffffffffffffff
core   0: 0x000000008000424c (0xc238f3d3) fcvt.lu.d t2, fa7
core   0: 1 0x000000008000424c (0xc238f3d3) c1_fflags 0x0000000000000010 x7  0xffffffffffffffff
core   0: 0x0000000080004250 (0x01815c3b) srlw    s8, sp, s8
core   0: 1 0x0000000080004250 (0x01815c3b) x24 0xffffffffffffffff
core   0: 0x0000000080004254 (0x7685e497) auipc   s1, 0x7685e
core   0: 1 0x0000000080004254 (0x7685e497) x9  0x00000000f6862254
core   0: 0x0000000080004258 (0x0002023b) addw    tp, tp, zero
core   0: 1 0x0000000080004258 (0x0002023b) x4  0x0000000000000001
core   0: 0x000000008000425c (0x1440fef3) csrrci  t4, sip, 1
core   0: 1 0x000000008000425c (0x1440fef3) x29 0x0000000000000000 c836_mip 0x0000000000000080
core   0: 0x0000000080004260 (0x4042563b) sraw    a2, tp, tp
core   0: 1 0x0000000080004260 (0x4042563b) x12 0x0000000000000000
core   0: 0x0000000080004264 (0x236b18d3) fsgnjn.d fa7, fs6, fs6
core   0: 1 0x0000000080004264 (0x236b18d3) f17 0x7fffffff00000000
core   0: 0x0000000080004268 (0x000c121b) slliw   tp, s8, 0
core   0: 1 0x0000000080004268 (0x000c121b) x4  0xffffffffffffffff
core   0: 0x000000008000426c (0x4103d39b) sraiw   t2, t2, 16
core   0: 1 0x000000008000426c (0x4103d39b) x7  0xffffffffffffffff
core   0: 0x0000000080004270 (0xe20984d3) fmv.x.d s1, fs3
core   0: 1 0x0000000080004270 (0xe20984d3) x9  0xffffffff00000000
core   0: 0x0000000080004274 (0x22e325d3) fsgnjx.d fa1, ft6, fa4
core   0: 1 0x0000000080004274 (0x22e325d3) f11 0x7ff8000000000000
core   0: 0x0000000080004278 (0xabc9f4c3) fmadd.d fs1, fs3, ft8, fs5
core   0: 1 0x0000000080004278 (0xabc9f4c3) f9  0x7ff8000000000000
core   0: 0x000000008000427c (0x03285933) divu    s2, a6, s2
core   0: 1 0x000000008000427c (0x03285933) x18 0x0000000000000000
core   0: 0x0000000080004280 (0x30369bf3) csrrw   s7, mideleg, a3
core   0: exception trap_illegal_instruction, epc 0x0000000080004280
core   0:           tval 0x0000000030369bf3
core   0: >>>>  $xrv64i2p1_m2p0_a2p1_f2p2_d2p2_zicsr2p0_zifencei2p0_zmmul1p0_zba1p0_zbb1p0_zbc1p0_zbs1p0
core   0: 0x0000000080004000 (0x0080006f) j       pc + 0x8
core   0: 3 0x0000000080004000 (0x0080006f)
core   0: >>>>  mmode_exception_handler
core   0: 0x0000000080004008 (0x00002c17) auipc   s8, 0x2
core   0: 3 0x0000000080004008 (0x00002c17) x24 0x0000000080006008
core   0: 0x000000008000400c (0x0d8c0c13) addi    s8, s8, 216
core   0: 3 0x000000008000400c (0x0d8c0c13) x24 0x00000000800060e0
core   0: 0x0000000080004010 (0x000c00e7) jalr    s8
core   0: 3 0x0000000080004010 (0x000c00e7) x1  0x0000000080004014
core   0: >>>>  any_handler
core   0: 0x00000000800060e0 (0x341027f3) csrrs   a5, mepc, zero
core   0: 3 0x00000000800060e0 (0x341027f3) x15 0x0000000080004280
core   0: 0x00000000800060e4 (0x34202773) csrrs   a4, mcause, zero
core   0: 3 0x00000000800060e4 (0x34202773) x14 0x0000000000000002
core   0: 0x00000000800060e8 (0x142026f3) csrrs   a3, scause, zero
core   0: 3 0x00000000800060e8 (0x142026f3) x13 0x0000000000000000
core   0: 0x00000000800060ec (0x30402673) csrrs   a2, mie, zero
core   0: 3 0x00000000800060ec (0x30402673) x12 0x0000000000000a00
core   0: 0x00000000800060f0 (0x344025f3) csrrs   a1, mip, zero
core   0: 3 0x00000000800060f0 (0x344025f3) x11 0x0000000000000080
core   0: 0x00000000800060f4 (0x343025f3) csrrs   a1, mtval, zero
core   0: 3 0x00000000800060f4 (0x343025f3) x11 0x0000000030369bf3
core   0: 0x00000000800060f8 (0x14302573) csrrs   a0, stval, zero
core   0: 3 0x00000000800060f8 (0x14302573) x10 0x0000000000000000
core   0: 0x00000000800060fc (0xb02024f3) csrrs   s1, minstret, zero
core   0: 3 0x00000000800060fc (0xb02024f3) x9  0x000000000000088f
core   0: 0x0000000080006100 (0x0000a811) c.j     pc + 20
core   0: 3 0x0000000080006100 (0xa811)
core   0: >>>>  mepc_4
core   0: 0x0000000080006114 (0x00000791) c.addi  a5, 4
core   0: 3 0x0000000080006114 (0x0791) x15 0x0000000080004284
core   0: 0x0000000080006116 (0x34179073) csrrw   zero, mepc, a5
core   0: 3 0x0000000080006116 (0x34179073) c833_mepc 0x0000000080004284
core   0: 0x000000008000611a (0x30200073) mret
core   0: 3 0x000000008000611a (0x30200073) c768_mstatus 0x8000000a00106080
core   0: 0x0000000080004284 (0x03babdb3) mulhu   s11, s5, s11
core   0: 1 0x0000000080004284 (0x03babdb3) x27 0x0000000000000000
core   0: 0x0000000080004288 (0x019468b3) or      a7, s0, s9
core   0: 1 0x0000000080004288 (0x019468b3) x17 0xffffffffffffffff
core   0: 0x000000008000428c (0xdbf5f313) andi    t1, a1, -577
core   0: 1 0x000000008000428c (0xdbf5f313) x6  0x00000000303699b3
core   0: 0x0000000080004290 (0x232e2853) fsgnjx.d fa6, ft8, fs2
core   0: 1 0x0000000080004290 (0x232e2853) f16 0x7fffffff00000000
core   0: 0x0000000080004294 (0x03288cbb) mulw    s9, a7, s2
core   0: 1 0x0000000080004294 (0x03288cbb) x25 0x0000000000000000
core   0: 0x0000000080004298 (0xd03dfd53) fcvt.s.lu fs10, s11
core   0: 1 0x0000000080004298 (0xd03dfd53) f26 0xffffffff00000000
core   0: 0x000000008000429c (0xc2287653) fcvt.l.d a2, fa6
core   0: 1 0x000000008000429c (0xc2287653) c1_fflags 0x0000000000000010 x12 0x7fffffffffffffff
core   0: 0x00000000800042a0 (0x00c91293) slli    t0, s2, 12
core   0: 1 0x00000000800042a0 (0x00c91293) x5  0x0000000000000000
core   0: 0x00000000800042a4 (0x0b28fed3) fsub.d  ft9, fa7, fs2
core   0: 1 0x00000000800042a4 (0x0b28fed3) f29 0x7ff8000000000000
core   0: 0x00000000800042a8 (0x023bd493) srli    s1, s7, 35
core   0: 1 0x00000000800042a8 (0x023bd493) x9  0x0000000000000000
core   0: 0x00000000800042ac (0x000ddd93) srli    s11, s11, 0
core   0: 1 0x00000000800042ac (0x000ddd93) x27 0x0000000000000000
core   0: 0x00000000800042b0 (0x001ed613) srli    a2, t4, 1
core   0: 1 0x00000000800042b0 (0x001ed613) x12 0x0000000000000000
core   0: 0x00000000800042b4 (0x4ce58113) addi    sp, a1, 1230
core   0: 1 0x00000000800042b4 (0x4ce58113) x2  0x000000003036a0c1
core   0: 0x00000000800042b8 (0xc22cfad3) fcvt.l.d s5, fs9
core   0: 1 0x00000000800042b8 (0xc22cfad3) c1_fflags 0x0000000000000010 x21 0x7fffffffffffffff
core   0: 0x00000000800042bc (0xc221f153) fcvt.l.d sp, ft3
core   0: 1 0x00000000800042bc (0xc221f153) c1_fflags 0x0000000000000010 x2  0x7fffffffffffffff
core   0: 0x00000000800042c0 (0xd0217553) fcvt.s.l fa0, sp
core   0: 1 0x00000000800042c0 (0xd0217553) c1_fflags 0x0000000000000011 f10 0xffffffff5f000000
core   0: 0x00000000800042c4 (0xc235f853) fcvt.lu.d a6, fa1
core   0: 1 0x00000000800042c4 (0xc235f853) c1_fflags 0x0000000000000011 x16 0xffffffffffffffff
core   0: 0x00000000800042c8 (0xafdee713) ori     a4, t4, -1283
core   0: 1 0x00000000800042c8 (0xafdee713) x14 0xfffffffffffffafd
core   0: 0x00000000800042cc (0x03fddd93) srli    s11, s11, 63
core   0: 1 0x00000000800042cc (0x03fddd93) x27 0x0000000000000000
core   0: 0x00000000800042d0 (0xdb0dc413) xori    s0, s11, -592
core   0: 1 0x00000000800042d0 (0xdb0dc413) x8  0xfffffffffffffdb0
core   0: 0x00000000800042d4 (0xd2377653) fcvt.d.lu fa2, a4
core   0: 1 0x00000000800042d4 (0xd2377653) c1_fflags 0x0000000000000011 f12 0x43efffffffffffff
core   0: 0x00000000800042d8 (0xc02efb53) fcvt.l.s s6, ft9
core   0: 1 0x00000000800042d8 (0xc02efb53) c1_fflags 0x0000000000000011 x22 0x7fffffffffffffff
core   0: 0x00000000800042dc (0xd02bf953) fcvt.s.l fs2, s7
core   0: 1 0x00000000800042dc (0xd02bf953) f18 0xffffffff00000000
core   0: 0x00000000800042e0 (0xc22bf753) fcvt.l.d a4, fs7
core   0: 1 0x00000000800042e0 (0xc22bf753) x14 0x0000000000000000
core   0: 0x00000000800042e4 (0x41b9d53b) sraw    a0, s3, s11
core   0: 1 0x00000000800042e4 (0x41b9d53b) x10 0x000000006f3ea000
core   0: 0x00000000800042e8 (0x6ce4a417) auipc   s0, 0x6ce4a
core   0: 1 0x00000000800042e8 (0x6ce4a417) x8  0x00000000ece4e2e8
core   0: 0x00000000800042ec (0x00aa9ebb) sllw    t4, s5, a0
core   0: 1 0x00000000800042ec (0x00aa9ebb) x29 0xffffffffffffffff
core   0: 0x00000000800042f0 (0x03f09a93) slli    s5, ra, 63
core   0: 1 0x00000000800042f0 (0x03f09a93) x21 0x0000000000000000
core   0: 0x00000000800042f4 (0x01f6591b) srliw   s2, a2, 31
core   0: 1 0x00000000800042f4 (0x01f6591b) x18 0x0000000000000000
core   0: 0x00000000800042f8 (0x00e699bb) sllw    s3, a3, a4
core   0: 1 0x00000000800042f8 (0x00e699bb) x19 0x0000000000000000
core   0: 0x00000000800042fc (0x416a55bb) sraw    a1, s4, s6
core   0: 1 0x00000000800042fc (0x416a55bb) x11 0x0000000000000000
core   0: 0x0000000080004300 (0x0153a3b3) slt     t2, t2, s5
core   0: 1 0x0000000080004300 (0x0153a3b3) x7  0x0000000000000001
core   0: 0x0000000080004304 (0x3c40c017) auipc   zero, 0x3c40c
core   0: 1 0x0000000080004304 (0x3c40c017)
core   0: 0x0000000080004308 (0xd2008e53) fcvt.d.w ft8, ra
core   0: 1 0x0000000080004308 (0xd2008e53) f28 0xc1dfffeffb000000
core   0: 0x000000008000430c (0xd20a80d3) fcvt.d.w ft1, s5
core   0: 1 0x000000008000430c (0xd20a80d3) f1  0x0000000000000000
core   0: 0x0000000080004310 (0x23b502d3) fsgnj.d ft5, fa0, fs11
core   0: 1 0x0000000080004310 (0x23b502d3) f5  0x7fffffff5f000000
core   0: 0x0000000080004314 (0x2bb6fac7) fmsub.d fs5, fa3, fs11, ft5
core   0: 1 0x0000000080004314 (0x2bb6fac7) f21 0x7ff8000000000000
core   0: 0x0000000080004318 (0xd20a83d3) fcvt.d.w ft7, s5
core   0: 1 0x0000000080004318 (0xd20a83d3) f7  0x0000000000000000
core   0: 0x000000008000431c (0x23a8f8c3) fmadd.d fa7, fa7, fs10, ft4
core   0: 1 0x000000008000431c (0x23a8f8c3) f17 0x7ff8000000000000
core   0: 0x0000000080004320 (0x401478d3) fcvt.s.d fa7, fs0
core   0: 1 0x0000000080004320 (0x401478d3) f17 0xffffffff7fc00000
core   0: 0x0000000080004324 (0x00000001) c.nop
core   0: 1 0x0000000080004324 (0x0001)
core   0: 0x0000000080004326 (0x002025f3) csrrs   a1, frm, zero
core   0: 1 0x0000000080004326 (0x002025f3) x11 0x0000000000000000
core   0: 0x000000008000432a (0x8a1d7f43) fmadd.d ft10, fs10, ft1, fa7
core   0: 1 0x000000008000432a (0x8a1d7f43) f30 0x7ff8000000000000
core   0: 0x000000008000432e (0x00000001) c.nop
core   0: 1 0x000000008000432e (0x0001)
core   0: 0x0000000080004330 (0x036a9493) slli    s1, s5, 54
core   0: 1 0x0000000080004330 (0x036a9493) x9  0x0000000000000000
core   0: 0x0000000080004334 (0x03f7d893) srli    a7, a5, 63
core   0: 1 0x0000000080004334 (0x03f7d893) x17 0x0000000000000000
core   0: 0x0000000080004338 (0xd237ffd3) fcvt.d.lu ft11, a5
core   0: 1 0x0000000080004338 (0xd237ffd3) f31 0x41e0000850800000
core   0: 0x000000008000433c (0x0118853b) addw    a0, a7, a7
core   0: 1 0x000000008000433c (0x0118853b) x10 0x0000000000000000
core   0: 0x0000000080004340 (0x02a2eab3) rem     s5, t0, a0
core   0: 1 0x0000000080004340 (0x02a2eab3) x21 0x0000000000000000
core   0: 0x0000000080004344 (0xd02af453) fcvt.s.l fs0, s5
core   0: 1 0x0000000080004344 (0xd02af453) f8  0xffffffff00000000
core   0: 0x0000000080004348 (0x00000706) c.slli  a4, 1
core   0: 1 0x0000000080004348 (0x0706) x14 0x0000000000000000
core   0: 0x000000008000434a (0x8007059b) addiw   a1, a4, -2048
core   0: 1 0x000000008000434a (0x8007059b) x11 0xfffffffffffff800
core   0: 0x000000008000434e (0x02b383bb) mulw    t2, t2, a1
core   0: 1 0x000000008000434e (0x02b383bb) x7  0xfffffffffffff800
core   0: 0x0000000080004352 (0x0385f4bb) remuw   s1, a1, s8
core   0: 1 0x0000000080004352 (0x0385f4bb) x9  0x000000007fff9720
core   0: 0x0000000080004356 (0xc02c7dd3) fcvt.l.s s11, fs8
core   0: 1 0x0000000080004356 (0xc02c7dd3) c1_fflags 0x0000000000000011 x27 0x7fffffffffffffff
core   0: 0x000000008000435a (0x0292023b) mulw    tp, tp, s1
core   0: 1 0x000000008000435a (0x0292023b) x4  0xffffffff800068e0
core   0: 0x000000008000435e (0x34283e73) csrrc   t3, mcause, a6
core   0: exception trap_illegal_instruction, epc 0x000000008000435e
core   0:           tval 0x0000000034283e73
core   0: >>>>  $xrv64i2p1_m2p0_a2p1_f2p2_d2p2_zicsr2p0_zifencei2p0_zmmul1p0_zba1p0_zbb1p0_zbc1p0_zbs1p0
core   0: 0x0000000080004000 (0x0080006f) j       pc + 0x8
core   0: 3 0x0000000080004000 (0x0080006f)
core   0: >>>>  mmode_exception_handler
core   0: 0x0000000080004008 (0x00002c17) auipc   s8, 0x2
core   0: 3 0x0000000080004008 (0x00002c17) x24 0x0000000080006008
core   0: 0x000000008000400c (0x0d8c0c13) addi    s8, s8, 216
core   0: 3 0x000000008000400c (0x0d8c0c13) x24 0x00000000800060e0
core   0: 0x0000000080004010 (0x000c00e7) jalr    s8
core   0: 3 0x0000000080004010 (0x000c00e7) x1  0x0000000080004014
core   0: >>>>  any_handler
core   0: 0x00000000800060e0 (0x341027f3) csrrs   a5, mepc, zero
core   0: 3 0x00000000800060e0 (0x341027f3) x15 0x000000008000435e
core   0: 0x00000000800060e4 (0x34202773) csrrs   a4, mcause, zero
core   0: 3 0x00000000800060e4 (0x34202773) x14 0x0000000000000002
core   0: 0x00000000800060e8 (0x142026f3) csrrs   a3, scause, zero
core   0: 3 0x00000000800060e8 (0x142026f3) x13 0x0000000000000000
core   0: 0x00000000800060ec (0x30402673) csrrs   a2, mie, zero
core   0: 3 0x00000000800060ec (0x30402673) x12 0x0000000000000a00
core   0: 0x00000000800060f0 (0x344025f3) csrrs   a1, mip, zero
core   0: 3 0x00000000800060f0 (0x344025f3) x11 0x0000000000000080
core   0: 0x00000000800060f4 (0x343025f3) csrrs   a1, mtval, zero
core   0: 3 0x00000000800060f4 (0x343025f3) x11 0x0000000034283e73
core   0: 0x00000000800060f8 (0x14302573) csrrs   a0, stval, zero
core   0: 3 0x00000000800060f8 (0x14302573) x10 0x0000000000000000
core   0: 0x00000000800060fc (0xb02024f3) csrrs   s1, minstret, zero
core   0: 3 0x00000000800060fc (0xb02024f3) x9  0x00000000000008d7
core   0: 0x0000000080006100 (0x0000a811) c.j     pc + 20
core   0: 3 0x0000000080006100 (0xa811)
core   0: >>>>  mepc_4
core   0: 0x0000000080006114 (0x00000791) c.addi  a5, 4
core   0: 3 0x0000000080006114 (0x0791) x15 0x0000000080004362
core   0: 0x0000000080006116 (0x34179073) csrrw   zero, mepc, a5
core   0: 3 0x0000000080006116 (0x34179073) c833_mepc 0x0000000080004362
core   0: 0x000000008000611a (0x30200073) mret
core   0: 3 0x000000008000611a (0x30200073) c768_mstatus 0x8000000a00106080
core   0: 0x0000000080004362 (0xf20609d3) fmv.d.x fs3, a2
core   0: 1 0x0000000080004362 (0xf20609d3) f19 0x0000000000000a00
core   0: 0x0000000080004366 (0x4002d033) sra     zero, t0, zero
core   0: 1 0x0000000080004366 (0x4002d033)
core   0: 0x000000008000436a (0x029e1e33) mulh    t3, t3, s1
core   0: 1 0x000000008000436a (0x029e1e33) x28 0x0000000000000000
core   0: 0x000000008000436e (0xa3de80d3) fle.d   ra, ft9, ft9
core   0: 1 0x000000008000436e (0xa3de80d3) c1_fflags 0x0000000000000011 x1  0x0000000000000000
core   0: 0x0000000080004372 (0x1a7f75d3) fdiv.d  fa1, ft10, ft7
core   0: 1 0x0000000080004372 (0x1a7f75d3) f11 0x7ff8000000000000
core   0: 0x0000000080004376 (0xc02efa53) fcvt.l.s s4, ft9
core   0: 1 0x0000000080004376 (0xc02efa53) c1_fflags 0x0000000000000011 x20 0x7fffffffffffffff
core   0: 0x000000008000437a (0xc233f6d3) fcvt.lu.d a3, ft7
core   0: 1 0x000000008000437a (0xc233f6d3) x13 0x0000000000000000
core   0: 0x000000008000437e (0x00011abb) sllw    s5, sp, zero
core   0: 1 0x000000008000437e (0x00011abb) x21 0xffffffffffffffff
core   0: 0x0000000080004382 (0x02b985b3) mul     a1, s3, a1
core   0: 1 0x0000000080004382 (0x02b985b3) x11 0x0000000000000000
core   0: 0x0000000080004386 (0x0109eeb3) or      t4, s3, a6
core   0: 1 0x0000000080004386 (0x0109eeb3) x29 0xffffffffffffffff
core   0: 0x000000008000438a (0x00e5929b) slliw   t0, a1, 14
core   0: 1 0x000000008000438a (0x00e5929b) x5  0x0000000000000000
core   0: 0x000000008000438e (0xd21c8ad3) fcvt.d.wu fs5, s9
core   0: 1 0x000000008000438e (0xd21c8ad3) f21 0x0000000000000000
core   0: 0x0000000080004392 (0x025d72bb) remuw   t0, s10, t0
core   0: 1 0x0000000080004392 (0x025d72bb) x5  0x0000000001398b6a
core   0: 0x0000000080004396 (0x0196561b) srliw   a2, a2, 25
core   0: 1 0x0000000080004396 (0x0196561b) x12 0x0000000000000000
core   0: 0x000000008000439a (0x00c601bb) addw    gp, a2, a2
core   0: 1 0x000000008000439a (0x00c601bb) x3  0x0000000000000000
core   0: 0x000000008000439e (0x0a6af9d3) fsub.d  fs3, fs5, ft6
core   0: 1 0x000000008000439e (0x0a6af9d3) f19 0x7ff8000000000000
core   0: 0x00000000800043a2 (0x12457553) fmul.d  fa0, fa0, ft4
core   0: 1 0x00000000800043a2 (0x12457553) f10 0x7ff8000000000000
core   0: 0x00000000800043a6 (0x23c92953) fsgnjx.d fs2, fs2, ft8
core   0: 1 0x00000000800043a6 (0x23c92953) f18 0x7fffffff00000000
core   0: 0x00000000800043aa (0x2bc918d3) fmax.d  fa7, fs2, ft8
core   0: 1 0x00000000800043aa (0x2bc918d3) f17 0xc1dfffeffb000000
core   0: 0x00000000800043ae (0x8a987343) fmadd.d ft6, fa6, fs1, fa7
core   0: 1 0x00000000800043ae (0x8a987343) f6  0x7ff8000000000000
core   0: 0x00000000800043b2 (0x4150d59b) sraiw   a1, ra, 21
core   0: 1 0x00000000800043b2 (0x4150d59b) x11 0x0000000000000000
core   0: 0x00000000800043b6 (0x5a077353) fsqrt.d ft6, fa4
core   0: 1 0x00000000800043b6 (0x5a077353) f6  0x7ff8000000000000
core   0: 0x00000000800043ba (0x0bb37253) fsub.d  ft4, ft6, fs11
core   0: 1 0x00000000800043ba (0x0bb37253) f4  0x7ff8000000000000
core   0: 0x00000000800043be (0x0142961b) slliw   a2, t0, 20
core   0: 1 0x00000000800043be (0x0142961b) x12 0xffffffffb6a00000
core   0: 0x00000000800043c2 (0xf20982d3) fmv.d.x ft5, s3
core   0: 1 0x00000000800043c2 (0xf20982d3) f5  0x0000000000000000
core   0: 0x00000000800043c6 (0x0123503b) srlw    zero, t1, s2
core   0: 1 0x00000000800043c6 (0x0123503b)
core   0: 0x00000000800043ca (0x000bd193) srli    gp, s7, 0
core   0: 1 0x00000000800043ca (0x000bd193) x3  0x0000000000000000
core   0: 0x00000000800043ce (0x000ad233) srl     tp, s5, zero
core   0: 1 0x00000000800043ce (0x000ad233) x4  0xffffffffffffffff
core   0: 0x00000000800043d2 (0x411354bb) sraw    s1, t1, a7
core   0: 1 0x00000000800043d2 (0x411354bb) x9  0x00000000303699b3
core   0: 0x00000000800043d6 (0x2a0305d3) fmin.d  fa1, ft6, ft0
core   0: 1 0x00000000800043d6 (0x2a0305d3) f11 0xc1dfffb5f6000000
core   0: 0x00000000800043da (0x88043e93) sltiu   t4, s0, -1920
core   0: 1 0x00000000800043da (0x88043e93) x29 0x0000000000000001
core   0: 0x00000000800043de (0x40630bbb) subw    s7, t1, t1
core   0: 1 0x00000000800043de (0x40630bbb) x23 0x0000000000000000
core   0: 0x00000000800043e2 (0x0094e433) or      s0, s1, s1
core   0: 1 0x00000000800043e2 (0x0094e433) x8  0x00000000303699b3
core   0: 0x00000000800043e6 (0x18ce6613) ori     a2, t3, 396
core   0: 1 0x00000000800043e6 (0x18ce6613) x12 0x000000000000018c
core   0: 0x00000000800043ea (0xb0236cf3) csrrsi  s9, minstret, 6
core   0: exception trap_illegal_instruction, epc 0x00000000800043ea
core   0:           tval 0x00000000b0236cf3
core   0: >>>>  $xrv64i2p1_m2p0_a2p1_f2p2_d2p2_zicsr2p0_zifencei2p0_zmmul1p0_zba1p0_zbb1p0_zbc1p0_zbs1p0
core   0: 0x0000000080004000 (0x0080006f) j       pc + 0x8
core   0: 3 0x0000000080004000 (0x0080006f)
core   0: >>>>  mmode_exception_handler
core   0: 0x0000000080004008 (0x00002c17) auipc   s8, 0x2
core   0: 3 0x0000000080004008 (0x00002c17) x24 0x0000000080006008
core   0: 0x000000008000400c (0x0d8c0c13) addi    s8, s8, 216
core   0: 3 0x000000008000400c (0x0d8c0c13) x24 0x00000000800060e0
core   0: 0x0000000080004010 (0x000c00e7) jalr    s8
core   0: 3 0x0000000080004010 (0x000c00e7) x1  0x0000000080004014
core   0: >>>>  any_handler
core   0: 0x00000000800060e0 (0x341027f3) csrrs   a5, mepc, zero
core   0: 3 0x00000000800060e0 (0x341027f3) x15 0x00000000800043ea
core   0: 0x00000000800060e4 (0x34202773) csrrs   a4, mcause, zero
core   0: 3 0x00000000800060e4 (0x34202773) x14 0x0000000000000002
core   0: 0x00000000800060e8 (0x142026f3) csrrs   a3, scause, zero
core   0: 3 0x00000000800060e8 (0x142026f3) x13 0x0000000000000000
core   0: 0x00000000800060ec (0x30402673) csrrs   a2, mie, zero
core   0: 3 0x00000000800060ec (0x30402673) x12 0x0000000000000a00
core   0: 0x00000000800060f0 (0x344025f3) csrrs   a1, mip, zero
core   0: 3 0x00000000800060f0 (0x344025f3) x11 0x0000000000000080
core   0: 0x00000000800060f4 (0x343025f3) csrrs   a1, mtval, zero
core   0: 3 0x00000000800060f4 (0x343025f3) x11 0x00000000b0236cf3
core   0: 0x00000000800060f8 (0x14302573) csrrs   a0, stval, zero
core   0: 3 0x00000000800060f8 (0x14302573) x10 0x0000000000000000
core   0: 0x00000000800060fc (0xb02024f3) csrrs   s1, minstret, zero
core   0: 3 0x00000000800060fc (0xb02024f3) x9  0x0000000000000909
core   0: 0x0000000080006100 (0x0000a811) c.j     pc + 20
core   0: 3 0x0000000080006100 (0xa811)
core   0: >>>>  mepc_4
core   0: 0x0000000080006114 (0x00000791) c.addi  a5, 4
core   0: 3 0x0000000080006114 (0x0791) x15 0x00000000800043ee
core   0: 0x0000000080006116 (0x34179073) csrrw   zero, mepc, a5
core   0: 3 0x0000000080006116 (0x34179073) c833_mepc 0x00000000800043ee
core   0: 0x000000008000611a (0x30200073) mret
core   0: 3 0x000000008000611a (0x30200073) c768_mstatus 0x8000000a00106080
core   0: 0x00000000800043ee (0xd21607d3) fcvt.d.wu fa5, a2
core   0: 1 0x00000000800043ee (0xd21607d3) f15 0x40a4000000000000
core   0: 0x00000000800043f2 (0x5a05f653) fsqrt.d fa2, fa1
core   0: 1 0x00000000800043f2 (0x5a05f653) c1_fflags 0x0000000000000011 f12 0x7ff8000000000000
core   0: 0x00000000800043f6 (0x227783d3) fsgnj.d ft7, fa5, ft7
core   0: 1 0x00000000800043f6 (0x227783d3) f7  0x40a4000000000000
core   0: 0x00000000800043fa (0x4093d4bb) sraw    s1, t2, s1
core   0: 1 0x00000000800043fa (0x4093d4bb) x9  0xfffffffffffffffc
core   0: 0x00000000800043fe (0xe2078253) fmv.x.d tp, fa5
core   0: 1 0x00000000800043fe (0xe2078253) x4  0x40a4000000000000
core   0: 0x0000000080004402 (0x33edcd93) xori    s11, s11, 830
core   0: 1 0x0000000080004402 (0x33edcd93) x27 0x7ffffffffffffcc1
core   0: 0x0000000080004406 (0x2374a453) fsgnjx.d fs0, fs1, fs7
core   0: 1 0x0000000080004406 (0x2374a453) f8  0x7ff8000000000000
core   0: 0x000000008000440a (0x001dd493) srli    s1, s11, 1
core   0: 1 0x000000008000440a (0x001dd493) x9  0x3ffffffffffffe60
core   0: 0x000000008000440e (0xc21bf2d3) fcvt.wu.d t0, fs7
core   0: 1 0x000000008000440e (0xc21bf2d3) x5  0x0000000000000000
core   0: 0x0000000080004412 (0x0338c9b3) div     s3, a7, s3
core   0: 1 0x0000000080004412 (0x0338c9b3) x19 0xffffffffffffffff
core   0: 0x0000000080004416 (0x5a007cd3) fsqrt.d fs9, ft0
core   0: 1 0x0000000080004416 (0x5a007cd3) c1_fflags 0x0000000000000011 f25 0x7ff8000000000000
core   0: 0x000000008000441a (0x0ff0000f) fence   iorw,iorw
core   0: 1 0x000000008000441a (0x0ff0000f)
core   0: 0x000000008000441e (0xc21cf853) fcvt.wu.d a6, fs9
core   0: 1 0x000000008000441e (0xc21cf853) c1_fflags 0x0000000000000011 x16 0xffffffffffffffff
core   0: 0x0000000080004422 (0xd228f253) fcvt.d.l ft4, a7
core   0: 1 0x0000000080004422 (0xd228f253) f4  0x0000000000000000
core   0: 0x0000000080004426 (0xc210fcd3) fcvt.wu.d s9, ft1
core   0: 1 0x0000000080004426 (0xc210fcd3) x25 0x0000000000000000
core   0: 0x000000008000442a (0x00000001) c.nop
core   0: 1 0x000000008000442a (0x0001)
core   0: 0x000000008000442c (0x000cf013) andi    zero, s9, 0
core   0: 1 0x000000008000442c (0x000cf013)
core   0: 0x0000000080004430 (0x03b9673b) remw    a4, s2, s11
core   0: 1 0x0000000080004430 (0x03b9673b) x14 0x0000000000000000
core   0: 0x0000000080004434 (0xc02dfb53) fcvt.l.s s6, fs11
core   0: 1 0x0000000080004434 (0xc02dfb53) c1_fflags 0x0000000000000011 x22 0x7fffffffffffffff
core   0: 0x0000000080004438 (0x0386de33) divu    t3, a3, s8
core   0: 1 0x0000000080004438 (0x0386de33) x28 0x0000000000000000
core   0: 0x000000008000443c (0x004a11bb) sllw    gp, s4, tp
core   0: 1 0x000000008000443c (0x004a11bb) x3  0xffffffffffffffff
core   0: 0x0000000080004440 (0xc2397d53) fcvt.lu.d s10, fs2
core   0: 1 0x0000000080004440 (0xc2397d53) c1_fflags 0x0000000000000011 x26 0xffffffffffffffff
core   0: 0x0000000080004444 (0x000a9893) slli    a7, s5, 0
core   0: 1 0x0000000080004444 (0x000a9893) x17 0xffffffffffffffff
core   0: 0x0000000080004448 (0x00135db7) lui     s11, 0x135
core   0: 1 0x0000000080004448 (0x00135db7) x27 0x0000000000135000
core   0: 0x000000008000444c (0x743d8d9b) addiw   s11, s11, 1859
core   0: 1 0x000000008000444c (0x743d8d9b) x27 0x0000000000135743
core   0: 0x0000000080004450 (0x00000dc2) c.slli  s11, 16
core   0: 1 0x0000000080004450 (0x0dc2) x27 0x0000001357430000
core   0: 0x0000000080004452 (0xfb2d8d93) addi    s11, s11, -78
core   0: 1 0x0000000080004452 (0xfb2d8d93) x27 0x000000135742ffb2
core   0: 0x0000000080004456 (0x2bbc9dd3) fmax.d  fs11, fs9, fs11
core   0: 1 0x0000000080004456 (0x2bbc9dd3) f27 0x0000000000000000
core   0: 0x000000008000445a (0x0b0ff853) fsub.d  fa6, ft11, fa6
core   0: 1 0x000000008000445a (0x0b0ff853) f16 0x7ff8000000000000
core   0: 0x000000008000445e (0x031ec9bb) divw    s3, t4, a7
core   0: 1 0x000000008000445e (0x031ec9bb) x19 0xffffffffffffffff
core   0: 0x0000000080004462 (0x410a8bb3) sub     s7, s5, a6
core   0: 1 0x0000000080004462 (0x410a8bb3) x23 0x0000000000000000
core   0: 0x0000000080004466 (0x43875c13) srai    s8, a4, 56
core   0: 1 0x0000000080004466 (0x43875c13) x24 0x0000000000000000
core   0: 0x000000008000446a (0x032b8c33) mul     s8, s7, s2
core   0: 1 0x000000008000446a (0x032b8c33) x24 0x0000000000000000
core   0: 0x000000008000446e (0x23be8ed3) fsgnj.d ft9, ft9, fs11
core   0: 1 0x000000008000446e (0x23be8ed3) f29 0x7ff8000000000000
core   0: 0x0000000080004472 (0x40a557b3) sra     a5, a0, a0
core   0: 1 0x0000000080004472 (0x40a557b3) x15 0x0000000000000000
core   0: 0x0000000080004476 (0x404258bb) sraw    a7, tp, tp
core   0: 1 0x0000000080004476 (0x404258bb) x17 0x0000000000000000
core   0: 0x000000008000447a (0x01ad1133) sll     sp, s10, s10
core   0: 1 0x000000008000447a (0x01ad1133) x2  0x8000000000000000
core   0: 0x000000008000447e (0x0ff0000f) fence   iorw,iorw
core   0: 1 0x000000008000447e (0x0ff0000f)
core   0: 0x0000000080004482 (0xc20cfa53) fcvt.w.d s4, fs9
core   0: 1 0x0000000080004482 (0xc20cfa53) c1_fflags 0x0000000000000011 x20 0x000000007fffffff
core   0: 0x0000000080004486 (0x02e9f9bb) remuw   s3, s3, a4
core   0: 1 0x0000000080004486 (0x02e9f9bb) x19 0xffffffffffffffff
core   0: 0x000000008000448a (0x00049993) slli    s3, s1, 0
core   0: 1 0x000000008000448a (0x00049993) x19 0x3ffffffffffffe60
core   0: 0x000000008000448e (0xc023f7d3) fcvt.l.s a5, ft7
core   0: 1 0x000000008000448e (0xc023f7d3) c1_fflags 0x0000000000000011 x15 0x7fffffffffffffff
core   0: 0x0000000080004492 (0x40fddb3b) sraw    s6, s11, a5
core   0: 1 0x0000000080004492 (0x40fddb3b) x22 0x0000000000000000
core   0: 0x0000000080004496 (0xcb527a4f) fnmadd.d fs4, ft4, fs5, fs9
core   0: 1 0x0000000080004496 (0xcb527a4f) f20 0x7ff8000000000000
core   0: 0x000000008000449a (0x23010153) fsgnj.d ft2, ft2, fa6
core   0: 1 0x000000008000449a (0x23010153) f2  0x7ff8000000000000
core   0: 0x000000008000449e (0x5a0a7dd3) fsqrt.d fs11, fs4
core   0: 1 0x000000008000449e (0x5a0a7dd3) f27 0x7ff8000000000000
core   0: 0x00000000800044a2 (0x00a78bbb) addw    s7, a5, a0
core   0: 1 0x00000000800044a2 (0x00a78bbb) x23 0xffffffffffffffff
core   0: 0x00000000800044a6 (0x430b5813) srai    a6, s6, 48
core   0: 1 0x00000000800044a6 (0x430b5813) x16 0x0000000000000000
core   0: 0x00000000800044aa (0x41d5debb) sraw    t4, a1, t4
core   0: 1 0x00000000800044aa (0x41d5debb) x29 0xffffffffd811b679
core   0: 0x00000000800044ae (0x0016de9b) srliw   t4, a3, 1
core   0: 1 0x00000000800044ae (0x0016de9b) x29 0x0000000000000000
core   0: 0x00000000800044b2 (0x01ae82b3) add     t0, t4, s10
core   0: 1 0x00000000800044b2 (0x01ae82b3) x5  0xffffffffffffffff
core   0: 0x00000000800044b6 (0x00000001) c.nop
core   0: 1 0x00000000800044b6 (0x0001)
core   0: 0x00000000800044b8 (0x2a5a1a53) fmax.d  fs4, fs4, ft5
core   0: 1 0x00000000800044b8 (0x2a5a1a53) f20 0x0000000000000000
core   0: 0x00000000800044bc (0x00102af3) csrrs   s5, fflags, zero
core   0: 1 0x00000000800044bc (0x00102af3) x21 0x0000000000000011
core   0: 0x00000000800044c0 (0x5a0276d3) fsqrt.d fa3, ft4
core   0: 1 0x00000000800044c0 (0x5a0276d3) f13 0x0000000000000000
core   0: 0x00000000800044c4 (0x41485733) sra     a4, a6, s4
core   0: 1 0x00000000800044c4 (0x41485733) x14 0x0000000000000000
core   0: 0x00000000800044c8 (0x401c5d1b) sraiw   s10, s8, 1
core   0: 1 0x00000000800044c8 (0x401c5d1b) x26 0x0000000000000000
core   0: 0x00000000800044cc (0x00102ef3) csrrs   t4, fflags, zero
core   0: 1 0x00000000800044cc (0x00102ef3) x29 0x0000000000000011
core   0: 0x00000000800044d0 (0x01da4e33) xor     t3, s4, t4
core   0: 1 0x00000000800044d0 (0x01da4e33) x28 0x000000007fffffee
core   0: 0x00000000800044d4 (0xb110e193) ori     gp, ra, -1263
core   0: 1 0x00000000800044d4 (0xb110e193) x3  0xfffffffffffffb15
core   0: 0x00000000800044d8 (0x02d6fcd3) fadd.d  fs9, fa3, fa3
core   0: 1 0x00000000800044d8 (0x02d6fcd3) f25 0x0000000000000000
core   0: 0x00000000800044dc (0xc22ff9d3) fcvt.l.d s3, ft11
core   0: 1 0x00000000800044dc (0xc22ff9d3) x19 0x0000000080004284
core   0: 0x00000000800044e0 (0x00000001) c.nop
core   0: 1 0x00000000800044e0 (0x0001)
core   0: 0x00000000800044e2 (0x4172db33) sra     s6, t0, s7
core   0: 1 0x00000000800044e2 (0x4172db33) x22 0xffffffffffffffff
core   0: 0x00000000800044e6 (0xd03a7253) fcvt.s.lu ft4, s4
core   0: 1 0x00000000800044e6 (0xd03a7253) c1_fflags 0x0000000000000011 f4  0xffffffff4f000000
core   0: 0x00000000800044ea (0x32c77d43) fmadd.d fs10, fa4, fa2, ft6
core   0: 1 0x00000000800044ea (0x32c77d43) f26 0x7ff8000000000000
core   0: 0x00000000800044ee (0x01f4d71b) srliw   a4, s1, 31
core   0: 1 0x00000000800044ee (0x01f4d71b) x14 0x0000000000000001
core   0: 0x00000000800044f2 (0x001027f3) csrrs   a5, fflags, zero
core   0: 1 0x00000000800044f2 (0x001027f3) x15 0x0000000000000011
core   0: 0x00000000800044f6 (0x00f61633) sll     a2, a2, a5
core   0: 1 0x00000000800044f6 (0x00f61633) x12 0x0000000014000000
core   0: 0x00000000800044fa (0x001e18f3) csrrw   a7, fflags, t3
core   0: 1 0x00000000800044fa (0x001e18f3) x17 0x0000000000000011 c1_fflags 0x000000000000000e
core   0: 0x00000000800044fe (0xd2178dd3) fcvt.d.wu fs11, a5
core   0: 1 0x00000000800044fe (0xd2178dd3) f27 0x4031000000000000
core   0: 0x0000000080004502 (0x4068d6b3) sra     a3, a7, t1
core   0: 1 0x0000000080004502 (0x4068d6b3) x13 0x0000000000000000
core   0: 0x0000000080004506 (0x0399f3d3) fadd.d  ft7, fs3, fs9
core   0: 1 0x0000000080004506 (0x0399f3d3) f7  0x7ff8000000000000
core   0: 0x000000008000450a (0xf1305c73) csrrwi  s8, mimpid, 0
core   0: exception trap_illegal_instruction, epc 0x000000008000450a
core   0:           tval 0x00000000f1305c73
core   0: >>>>  $xrv64i2p1_m2p0_a2p1_f2p2_d2p2_zicsr2p0_zifencei2p0_zmmul1p0_zba1p0_zbb1p0_zbc1p0_zbs1p0
core   0: 0x0000000080004000 (0x0080006f) j       pc + 0x8
core   0: 3 0x0000000080004000 (0x0080006f)
core   0: >>>>  mmode_exception_handler
core   0: 0x0000000080004008 (0x00002c17) auipc   s8, 0x2
core   0: 3 0x0000000080004008 (0x00002c17) x24 0x0000000080006008
core   0: 0x000000008000400c (0x0d8c0c13) addi    s8, s8, 216
core   0: 3 0x000000008000400c (0x0d8c0c13) x24 0x00000000800060e0
core   0: 0x0000000080004010 (0x000c00e7) jalr    s8
core   0: 3 0x0000000080004010 (0x000c00e7) x1  0x0000000080004014
core   0: >>>>  any_handler
core   0: 0x00000000800060e0 (0x341027f3) csrrs   a5, mepc, zero
core   0: 3 0x00000000800060e0 (0x341027f3) x15 0x000000008000450a
core   0: 0x00000000800060e4 (0x34202773) csrrs   a4, mcause, zero
core   0: 3 0x00000000800060e4 (0x34202773) x14 0x0000000000000002
core   0: 0x00000000800060e8 (0x142026f3) csrrs   a3, scause, zero
core   0: 3 0x00000000800060e8 (0x142026f3) x13 0x0000000000000000
core   0: 0x00000000800060ec (0x30402673) csrrs   a2, mie, zero
core   0: 3 0x00000000800060ec (0x30402673) x12 0x0000000000000a00
core   0: 0x00000000800060f0 (0x344025f3) csrrs   a1, mip, zero
core   0: 3 0x00000000800060f0 (0x344025f3) x11 0x0000000000000080
core   0: 0x00000000800060f4 (0x343025f3) csrrs   a1, mtval, zero
core   0: 3 0x00000000800060f4 (0x343025f3) x11 0x00000000f1305c73
core   0: 0x00000000800060f8 (0x14302573) csrrs   a0, stval, zero
core   0: 3 0x00000000800060f8 (0x14302573) x10 0x0000000000000000
core   0: 0x00000000800060fc (0xb02024f3) csrrs   s1, minstret, zero
core   0: 3 0x00000000800060fc (0xb02024f3) x9  0x0000000000000962
core   0: 0x0000000080006100 (0x0000a811) c.j     pc + 20
core   0: 3 0x0000000080006100 (0xa811)
core   0: >>>>  mepc_4
core   0: 0x0000000080006114 (0x00000791) c.addi  a5, 4
core   0: 3 0x0000000080006114 (0x0791) x15 0x000000008000450e
core   0: 0x0000000080006116 (0x34179073) csrrw   zero, mepc, a5
core   0: 3 0x0000000080006116 (0x34179073) c833_mepc 0x000000008000450e
core   0: 0x000000008000611a (0x30200073) mret
core   0: 3 0x000000008000611a (0x30200073) c768_mstatus 0x8000000a00106080
core   0: 0x000000008000450e (0x0b2ff1d3) fsub.d  ft3, ft11, fs2
core   0: 1 0x000000008000450e (0x0b2ff1d3) f3  0x7ff8000000000000
core   0: 0x0000000080004512 (0x80b63397) auipc   t2, 0x80b63
core   0: 1 0x0000000080004512 (0x80b63397) x7  0x0000000000b67512
core   0: 0x0000000080004516 (0x00a3883b) addw    a6, t2, a0
core   0: 1 0x0000000080004516 (0x00a3883b) x16 0x0000000000b67512
core   0: 0x000000008000451a (0xf9142637) lui     a2, 0xf9142
core   0: 1 0x000000008000451a (0xf9142637) x12 0xfffffffff9142000
core   0: 0x000000008000451e (0xcb36061b) addiw   a2, a2, -845
core   0: 1 0x000000008000451e (0xcb36061b) x12 0xfffffffff9141cb3
core   0: 0x0000000080004522 (0x00000632) c.slli  a2, 12
core   0: 1 0x0000000080004522 (0x0632) x12 0xffffff9141cb3000
core   0: 0x0000000080004524 (0x9d960613) addi    a2, a2, -1575
core   0: 1 0x0000000080004524 (0x9d960613) x12 0xffffff9141cb29d9
core   0: 0x0000000080004528 (0xbd7a0a1b) addiw   s4, s4, -1065
core   0: 1 0x0000000080004528 (0xbd7a0a1b) x20 0x000000007ffffbd6
core   0: 0x000000008000452c (0x030a64bb) remw    s1, s4, a6
core   0: 1 0x000000008000452c (0x030a64bb) x9  0x00000000006c2040
core   0: 0x0000000080004530 (0x5a0ff553) fsqrt.d fa0, ft11
core   0: 1 0x0000000080004530 (0x5a0ff553) c1_fflags 0x000000000000000f f10 0x40e6a0a44792205f
core   0: 0x0000000080004534 (0x5a01ff53) fsqrt.d ft10, ft3
core   0: 1 0x0000000080004534 (0x5a01ff53) f30 0x7ff8000000000000
core   0: 0x0000000080004538 (0x001b9bf3) csrrw   s7, fflags, s7
core   0: 1 0x0000000080004538 (0x001b9bf3) x23 0x000000000000000f c1_fflags 0x000000000000001f
core   0: 0x000000008000453c (0xd034fed3) fcvt.s.lu ft9, s1
core   0: 1 0x000000008000453c (0xd034fed3) f29 0xffffffff4ad84080
core   0: 0x0000000080004540 (0x40195a93) srai    s5, s2, 1
core   0: 1 0x0000000080004540 (0x40195a93) x21 0x0000000000000000
core   0: 0x0000000080004544 (0x007cf3b3) and     t2, s9, t2
core   0: 1 0x0000000080004544 (0x007cf3b3) x7  0x0000000000000000
core   0: 0x0000000080004548 (0x03fc9113) slli    sp, s9, 63
core   0: 1 0x0000000080004548 (0x03fc9113) x2  0x0000000000000000
core   0: 0x000000008000454c (0xeaabf843) fmadd.d fa6, fs7, fa0, ft9
core   0: 1 0x000000008000454c (0xeaabf843) f16 0x7ff8000000000000
core   0: 0x0000000080004550 (0x41b05dbb) sraw    s11, zero, s11
core   0: 1 0x0000000080004550 (0x41b05dbb) x27 0x0000000000000000
core   0: 0x0000000080004554 (0x030efe53) fadd.d  ft8, ft9, fa6
core   0: 1 0x0000000080004554 (0x030efe53) f28 0x7ff8000000000000
core   0: 0x0000000080004558 (0x01b5a1b3) slt     gp, a1, s11
core   0: 1 0x0000000080004558 (0x01b5a1b3) x3  0x0000000000000000
core   0: 0x000000008000455c (0xf2078ad3) fmv.d.x fs5, a5
core   0: 1 0x000000008000455c (0xf2078ad3) f21 0x000000008000450e
core   0: 0x0000000080004560 (0x40060633) sub     a2, a2, zero
core   0: 1 0x0000000080004560 (0x40060633) x12 0xffffff9141cb29d9
core   0: 0x0000000080004564 (0xc22979d3) fcvt.l.d s3, fs2
core   0: 1 0x0000000080004564 (0xc22979d3) c1_fflags 0x000000000000001f x19 0x7fffffffffffffff
core   0: 0x0000000080004568 (0x0222e2b3) rem     t0, t0, sp
core   0: 1 0x0000000080004568 (0x0222e2b3) x5  0xffffffffffffffff
core   0: 0x000000008000456c (0x02434abb) divw    s5, t1, tp
core   0: 1 0x000000008000456c (0x02434abb) x21 0xffffffffffffffff
core   0: 0x0000000080004570 (0x22b19c53) fsgnjn.d fs8, ft3, fa1
core   0: 1 0x0000000080004570 (0x22b19c53) f24 0x7ff8000000000000
core   0: 0x0000000080004574 (0x400bd11b) sraiw   sp, s7, 0
core   0: 1 0x0000000080004574 (0x400bd11b) x2  0x000000000000000f
core   0: 0x0000000080004578 (0x000a5a1b) srliw   s4, s4, 0
core   0: 1 0x0000000080004578 (0x000a5a1b) x20 0x000000007ffffbd6
core   0: 0x000000008000457c (0x6fcbe313) ori     t1, s7, 1788
core   0: 1 0x000000008000457c (0x6fcbe313) x6  0x00000000000006ff
core   0: 0x0000000080004580 (0xcb5bf147) fmsub.d ft2, fs7, fs5, fs9
core   0: 1 0x0000000080004580 (0xcb5bf147) f2  0x0000000000000000
core   0: 0x0000000080004584 (0x0b46f3d3) fsub.d  ft7, fa3, fs4
core   0: 1 0x0000000080004584 (0x0b46f3d3) f7  0x0000000000000000
core   0: 0x0000000080004588 (0x03f35793) srli    a5, t1, 63
core   0: 1 0x0000000080004588 (0x03f35793) x15 0x0000000000000000
core   0: 0x000000008000458c (0x405b5a9b) sraiw   s5, s6, 5
core   0: 1 0x000000008000458c (0x405b5a9b) x21 0xffffffffffffffff
core   0: 0x0000000080004590 (0x0231e1b3) rem     gp, gp, gp
core   0: 1 0x0000000080004590 (0x0231e1b3) x3  0x0000000000000000
core   0: 0x0000000080004594 (0x0282e733) rem     a4, t0, s0
core   0: 1 0x0000000080004594 (0x0282e733) x14 0xffffffffffffffff
core   0: 0x0000000080004598 (0x00009e99) c.subw  a3, a4
core   0: 1 0x0000000080004598 (0x9e99) x13 0x0000000000000001
core   0: 0x000000008000459a (0x00da12b3) sll     t0, s4, a3
core   0: 1 0x000000008000459a (0x00da12b3) x5  0x00000000fffff7ac
core   0: 0x000000008000459e (0xe20107d3) fmv.x.d a5, ft2
core   0: 1 0x000000008000459e (0xe20107d3) x15 0x0000000000000000
core   0: 0x00000000800045a2 (0xe20a1ed3) fclass.d t4, fs4
core   0: 1 0x00000000800045a2 (0xe20a1ed3) x29 0x0000000000000010
core   0: 0x00000000800045a6 (0xa2d48e53) fle.d   t3, fs1, fa3
core   0: 1 0x00000000800045a6 (0xa2d48e53) c1_fflags 0x000000000000001f x28 0x0000000000000000
core   0: 0x00000000800045aa (0x800efc13) andi    s8, t4, -2048
core   0: 1 0x00000000800045aa (0x800efc13) x24 0x0000000000000000
core   0: 0x00000000800045ae (0xd21e07d3) fcvt.d.wu fa5, t3
core   0: 1 0x00000000800045ae (0xd21e07d3) f15 0x0000000000000000
core   0: 0x00000000800045b2 (0xbb22829b) addiw   t0, t0, -1102
core   0: 1 0x00000000800045b2 (0xbb22829b) x5  0xfffffffffffff35e
core   0: 0x00000000800045b6 (0xc2037e53) fcvt.w.d t3, ft6
core   0: 1 0x00000000800045b6 (0xc2037e53) c1_fflags 0x000000000000001f x28 0x000000007fffffff
core   0: 0x00000000800045ba (0x00001bea) c.slli  s7, 58
core   0: 1 0x00000000800045ba (0x1bea) x23 0x3c00000000000000
core   0: 0x00000000800045bc (0x02ee1d13) slli    s10, t3, 46
core   0: 1 0x00000000800045bc (0x02ee1d13) x26 0xffffc00000000000
core   0: 0x00000000800045c0 (0x23a79853) fsgnjn.d fa6, fa5, fs10
core   0: 1 0x00000000800045c0 (0x23a79853) f16 0x8000000000000000
core   0: 0x00000000800045c4 (0x01aaca33) xor     s4, s5, s10
core   0: 1 0x00000000800045c4 (0x01aaca33) x20 0x00003fffffffffff
core   0: 0x00000000800045c8 (0x23459953) fsgnjn.d fs2, fa1, fs4
core   0: 1 0x00000000800045c8 (0x23459953) f18 0xc1dfffb5f6000000
core   0: 0x00000000800045cc (0x4015f4d3) fcvt.s.d fs1, fa1
core   0: 1 0x00000000800045cc (0x4015f4d3) c1_fflags 0x000000000000001f f9  0xffffffffcefffdb0
core   0: 0x00000000800045d0 (0x5a71f093) andi    ra, gp, 1447
core   0: 1 0x00000000800045d0 (0x5a71f093) x1  0x0000000000000000
core   0: 0x00000000800045d4 (0x800bec93) ori     s9, s7, -2048
core   0: 1 0x00000000800045d4 (0x800bec93) x25 0xfffffffffffff800
core   0: 0x00000000800045d8 (0x603747b7) lui     a5, 0x60374
core   0: 1 0x00000000800045d8 (0x603747b7) x15 0x0000000060374000
core   0: 0x00000000800045dc (0x000c4213) xori    tp, s8, 0
core   0: 1 0x00000000800045dc (0x000c4213) x4  0x0000000000000000
core   0: 0x00000000800045e0 (0x02b9e5b3) rem     a1, s3, a1
core   0: 1 0x00000000800045e0 (0x02b9e5b3) x11 0x00000000bd2fa6f1
core   0: 0x00000000800045e4 (0xc037f653) fcvt.lu.s a2, fa5
core   0: 1 0x00000000800045e4 (0xc037f653) c1_fflags 0x000000000000001f x12 0xffffffffffffffff
core   0: 0x00000000800045e8 (0x400adb1b) sraiw   s6, s5, 0
core   0: 1 0x00000000800045e8 (0x400adb1b) x22 0xffffffffffffffff
core   0: 0x00000000800045ec (0x017d1433) sll     s0, s10, s7
core   0: 1 0x00000000800045ec (0x017d1433) x8  0xffffc00000000000
core   0: 0x00000000800045f0 (0x035c04b3) mul     s1, s8, s5
core   0: 1 0x00000000800045f0 (0x035c04b3) x9  0x0000000000000000
core   0: 0x00000000800045f4 (0x00202273) csrrs   tp, frm, zero
core   0: 1 0x00000000800045f4 (0x00202273) x4  0x0000000000000000
core   0: 0x00000000800045f8 (0x00000001) c.nop
core   0: 1 0x00000000800045f8 (0x0001)
core   0: 0x00000000800045fa (0xc235f04b) fnmsub.d ft0, fa1, ft3, fs8
core   0: 1 0x00000000800045fa (0xc235f04b) f0  0x7ff8000000000000
core   0: 0x00000000800045fe (0x1273f3d3) fmul.d  ft7, ft7, ft7
core   0: 1 0x00000000800045fe (0x1273f3d3) f7  0x0000000000000000
core   0: 0x0000000080004602 (0x037bcdbb) divw    s11, s7, s7
core   0: 1 0x0000000080004602 (0x037bcdbb) x27 0xffffffffffffffff
core   0: 0x0000000080004606 (0x23e89e53) fsgnjn.d ft8, fa7, ft10
core   0: 1 0x0000000080004606 (0x23e89e53) f28 0xc1dfffeffb000000
core   0: 0x000000008000460a (0xd22afa53) fcvt.d.l fs4, s5
core   0: 1 0x000000008000460a (0xd22afa53) f20 0xbff0000000000000
core   0: 0x000000008000460e (0x9093e113) ori     sp, t2, -1783
core   0: 1 0x000000008000460e (0x9093e113) x2  0xfffffffffffff909
core   0: 0x0000000080004612 (0xd028f153) fcvt.s.l ft2, a7
core   0: 1 0x0000000080004612 (0xd028f153) f2  0xffffffff41880000
core   0: 0x0000000080004616 (0x00a2153b) sllw    a0, tp, a0
core   0: 1 0x0000000080004616 (0x00a2153b) x10 0x0000000000000000
core   0: 0x000000008000461a (0xc23df8d3) fcvt.lu.d a7, fs11
core   0: 1 0x000000008000461a (0xc23df8d3) x17 0x0000000000000011
core   0: 0x000000008000461e (0x0000933e) c.add   t1, a5
core   0: 1 0x000000008000461e (0x933e) x6  0x00000000603746ff
core   0: 0x0000000080004620 (0x02e943bb) divw    t2, s2, a4
core   0: 1 0x0000000080004620 (0x02e943bb) x7  0x0000000000000000
core   0: 0x0000000080004624 (0xd0277c53) fcvt.s.l fs8, a4
core   0: 1 0x0000000080004624 (0xd0277c53) f24 0xffffffffbf800000
core   0: 0x0000000080004628 (0x00a55b33) srl     s6, a0, a0
core   0: 1 0x0000000080004628 (0x00a55b33) x22 0x0000000000000000
core   0: 0x000000008000462c (0x01ab02b3) add     t0, s6, s10
core   0: 1 0x000000008000462c (0x01ab02b3) x5  0xffffc00000000000
core   0: 0x0000000080004630 (0x0293bbb3) mulhu   s7, t2, s1
core   0: 1 0x0000000080004630 (0x0293bbb3) x23 0x0000000000000000
core   0: 0x0000000080004634 (0x42038bd3) fcvt.d.s fs7, ft7
core   0: 1 0x0000000080004634 (0x42038bd3) f23 0x7ff8000000000000
core   0: 0x0000000080004638 (0x0065933b) sllw    t1, a1, t1
core   0: 1 0x0000000080004638 (0x0065933b) x6  0xffffffff80000000
core   0: 0x000000008000463c (0x00019613) slli    a2, gp, 0
core   0: 1 0x000000008000463c (0x00019613) x12 0x0000000000000000
core   0: 0x0000000080004640 (0x00c8db3b) srlw    s6, a7, a2
core   0: 1 0x0000000080004640 (0x00c8db3b) x22 0x0000000000000011
core   0: 0x0000000080004644 (0x010cd3bb) srlw    t2, s9, a6
core   0: 1 0x0000000080004644 (0x010cd3bb) x7  0x0000000000003fff
core   0: 0x0000000080004648 (0xc2087c53) fcvt.w.d s8, fa6
core   0: 1 0x0000000080004648 (0xc2087c53) x24 0x0000000000000000
core   0: 0x000000008000464c (0x018385bb) addw    a1, t2, s8
core   0: 1 0x000000008000464c (0x018385bb) x11 0x0000000000003fff
core   0: 0x0000000080004650 (0x02399c33) mulh    s8, s3, gp
core   0: 1 0x0000000080004650 (0x02399c33) x24 0x0000000000000000
core   0: 0x0000000080004654 (0x1b10f453) fdiv.d  fs0, ft1, fa7
core   0: 1 0x0000000080004654 (0x1b10f453) f8  0x8000000000000000
core   0: 0x0000000080004658 (0x42bc5493) srai    s1, s8, 43
core   0: 1 0x0000000080004658 (0x42bc5493) x9  0x0000000000000000
core   0: 0x000000008000465c (0x00372bb3) slt     s7, a4, gp
core   0: 1 0x000000008000465c (0x00372bb3) x23 0x0000000000000001
core   0: 0x0000000080004660 (0x002022f3) csrrs   t0, frm, zero
core   0: 1 0x0000000080004660 (0x002022f3) x5  0x0000000000000000
core   0: 0x0000000080004664 (0x02c66633) rem     a2, a2, a2
core   0: 1 0x0000000080004664 (0x02c66633) x12 0x0000000000000000
core   0: 0x0000000080004668 (0x0001d793) srli    a5, gp, 0
core   0: 1 0x0000000080004668 (0x0001d793) x15 0x0000000000000000
core   0: 0x000000008000466c (0x4011dc93) srai    s9, gp, 1
core   0: 1 0x000000008000466c (0x4011dc93) x25 0x0000000000000000
core   0: 0x0000000080004670 (0x03ad7133) remu    sp, s10, s10
core   0: 1 0x0000000080004670 (0x03ad7133) x2  0x0000000000000000
core   0: 0x0000000080004674 (0x028e73d3) fadd.d  ft7, ft8, fs0
core   0: 1 0x0000000080004674 (0x028e73d3) f7  0xc1dfffeffb000000
core   0: 0x0000000080004678 (0x7ff1e013) ori     zero, gp, 2047
core   0: 1 0x0000000080004678 (0x7ff1e013)
core   0: 0x000000008000467c (0x2b9e9ed3) fmax.d  ft9, ft9, fs9
core   0: 1 0x000000008000467c (0x2b9e9ed3) f29 0x0000000000000000
core   0: 0x0000000080004680 (0xf12660f3) csrrsi  ra, marchid, 12
core   0: exception trap_illegal_instruction, epc 0x0000000080004680
core   0:           tval 0x00000000f12660f3
core   0: >>>>  $xrv64i2p1_m2p0_a2p1_f2p2_d2p2_zicsr2p0_zifencei2p0_zmmul1p0_zba1p0_zbb1p0_zbc1p0_zbs1p0
core   0: 0x0000000080004000 (0x0080006f) j       pc + 0x8
core   0: 3 0x0000000080004000 (0x0080006f)
core   0: >>>>  mmode_exception_handler
core   0: 0x0000000080004008 (0x00002c17) auipc   s8, 0x2
core   0: 3 0x0000000080004008 (0x00002c17) x24 0x0000000080006008
core   0: 0x000000008000400c (0x0d8c0c13) addi    s8, s8, 216
core   0: 3 0x000000008000400c (0x0d8c0c13) x24 0x00000000800060e0
core   0: 0x0000000080004010 (0x000c00e7) jalr    s8
core   0: 3 0x0000000080004010 (0x000c00e7) x1  0x0000000080004014
core   0: >>>>  any_handler
core   0: 0x00000000800060e0 (0x341027f3) csrrs   a5, mepc, zero
core   0: 3 0x00000000800060e0 (0x341027f3) x15 0x0000000080004680
core   0: 0x00000000800060e4 (0x34202773) csrrs   a4, mcause, zero
core   0: 3 0x00000000800060e4 (0x34202773) x14 0x0000000000000002
core   0: 0x00000000800060e8 (0x142026f3) csrrs   a3, scause, zero
core   0: 3 0x00000000800060e8 (0x142026f3) x13 0x0000000000000000
core   0: 0x00000000800060ec (0x30402673) csrrs   a2, mie, zero
core   0: 3 0x00000000800060ec (0x30402673) x12 0x0000000000000a00
core   0: 0x00000000800060f0 (0x344025f3) csrrs   a1, mip, zero
core   0: 3 0x00000000800060f0 (0x344025f3) x11 0x0000000000000080
core   0: 0x00000000800060f4 (0x343025f3) csrrs   a1, mtval, zero
core   0: 3 0x00000000800060f4 (0x343025f3) x11 0x00000000f12660f3
core   0: 0x00000000800060f8 (0x14302573) csrrs   a0, stval, zero
core   0: 3 0x00000000800060f8 (0x14302573) x10 0x0000000000000000
core   0: 0x00000000800060fc (0xb02024f3) csrrs   s1, minstret, zero
core   0: 3 0x00000000800060fc (0xb02024f3) x9  0x00000000000009d1
core   0: 0x0000000080006100 (0x0000a811) c.j     pc + 20
core   0: 3 0x0000000080006100 (0xa811)
core   0: >>>>  mepc_4
core   0: 0x0000000080006114 (0x00000791) c.addi  a5, 4
core   0: 3 0x0000000080006114 (0x0791) x15 0x0000000080004684
core   0: 0x0000000080006116 (0x34179073) csrrw   zero, mepc, a5
core   0: 3 0x0000000080006116 (0x34179073) c833_mepc 0x0000000080004684
core   0: 0x000000008000611a (0x30200073) mret
core   0: 3 0x000000008000611a (0x30200073) c768_mstatus 0x8000000a00106080
core   0: 0x0000000080004684 (0xd2050d53) fcvt.d.w fs10, a0
core   0: 1 0x0000000080004684 (0xd2050d53) f26 0x0000000000000000
core   0: 0x0000000080004688 (0x02b062bb) remw    t0, zero, a1
core   0: 1 0x0000000080004688 (0x02b062bb) x5  0x0000000000000000
core   0: 0x000000008000468c (0xc22770d3) fcvt.l.d ra, fa4
core   0: 1 0x000000008000468c (0xc22770d3) c1_fflags 0x000000000000001f x1  0x7fffffffffffffff
core   0: 0x0000000080004690 (0xc2177453) fcvt.wu.d s0, fa4
core   0: 1 0x0000000080004690 (0xc2177453) c1_fflags 0x000000000000001f x8  0xffffffffffffffff
core   0: 0x0000000080004694 (0xd222fdd3) fcvt.d.l fs11, t0
core   0: 1 0x0000000080004694 (0xd222fdd3) f27 0x0000000000000000
core   0: 0x0000000080004698 (0x35f6c713) xori    a4, a3, 863
core   0: 1 0x0000000080004698 (0x35f6c713) x14 0x000000000000035f
core   0: 0x000000008000469c (0x4010d79b) sraiw   a5, ra, 1
core   0: 1 0x000000008000469c (0x4010d79b) x15 0xffffffffffffffff
core   0: 0x00000000800046a0 (0xc67ad197) auipc   gp, 0xc67ad
core   0: 1 0x00000000800046a0 (0xc67ad197) x3  0x00000000467b16a0
core   0: 0x00000000800046a4 (0x1250fcd3) fmul.d  fs9, ft1, ft5
core   0: 1 0x00000000800046a4 (0x1250fcd3) f25 0x0000000000000000
core   0: 0x00000000800046a8 (0x0101c1b3) xor     gp, gp, a6
core   0: 1 0x00000000800046a8 (0x0101c1b3) x3  0x0000000046cd63b2
core   0: 0x00000000800046ac (0x01d62db3) slt     s11, a2, t4
core   0: 1 0x00000000800046ac (0x01d62db3) x27 0x0000000000000000
core   0: 0x00000000800046b0 (0x000206bb) addw    a3, tp, zero
core   0: 1 0x00000000800046b0 (0x000206bb) x13 0x0000000000000000
core   0: 0x00000000800046b4 (0x03f59c13) slli    s8, a1, 63
core   0: 1 0x00000000800046b4 (0x03f59c13) x24 0x8000000000000000
core   0: 0x00000000800046b8 (0x002890f3) csrrw   ra, frm, a7
core   0: 1 0x00000000800046b8 (0x002890f3) x1  0x0000000000000000 c2_frm 0x0000000000000001
core   0: 0x00000000800046bc (0x02667553) fadd.d  fa0, fa2, ft6
core   0: 1 0x00000000800046bc (0x02667553) f10 0x7ff8000000000000
core   0: 0x00000000800046c0 (0x401c803b) subw    zero, s9, ra
core   0: 1 0x00000000800046c0 (0x401c803b)
core   0: 0x00000000800046c4 (0x01c81cbb) sllw    s9, a6, t3
core   0: 1 0x00000000800046c4 (0x01c81cbb) x25 0x0000000000000000
core   0: 0x00000000800046c8 (0x0156513b) srlw    sp, a2, s5
core   0: 1 0x00000000800046c8 (0x0156513b) x2  0x0000000000000000
core   0: 0x00000000800046cc (0x0000c213) xori    tp, ra, 0
core   0: 1 0x00000000800046cc (0x0000c213) x4  0x0000000000000000
core   0: 0x00000000800046d0 (0x143b36f3) csrrc   a3, stval, s6
core   0: 1 0x00000000800046d0 (0x143b36f3) x13 0x0000000000000000 c323_stval 0x0000000000000000
core   0: 0x00000000800046d4 (0x01f7909b) slliw   ra, a5, 31
core   0: 1 0x00000000800046d4 (0x01f7909b) x1  0xffffffff80000000
core   0: 0x00000000800046d8 (0x2a4607d3) fmin.d  fa5, fa2, ft4
core   0: 1 0x00000000800046d8 (0x2a4607d3) f15 0x7ff8000000000000
core   0: 0x00000000800046dc (0xf20e0bd3) fmv.d.x fs7, t3
core   0: 1 0x00000000800046dc (0xf20e0bd3) f23 0x000000007fffffff
core   0: 0x00000000800046e0 (0x0ff0000f) fence   iorw,iorw
core   0: 1 0x00000000800046e0 (0x0ff0000f)
core   0: 0x00000000800046e4 (0xd220fdd3) fcvt.d.l fs11, ra
core   0: 1 0x00000000800046e4 (0xd220fdd3) f27 0xc1e0000000000000
core   0: 0x00000000800046e8 (0xd234f6d3) fcvt.d.lu fa3, s1
core   0: 1 0x00000000800046e8 (0xd234f6d3) f13 0x40a3a20000000000
core   0: 0x00000000800046ec (0xc03b7ad3) fcvt.lu.s s5, fs6
core   0: 1 0x00000000800046ec (0xc03b7ad3) x21 0x0000000000000000
core   0: 0x00000000800046f0 (0x13bd7dd3) fmul.d  fs11, fs10, fs11
core   0: 1 0x00000000800046f0 (0x13bd7dd3) f27 0x8000000000000000
core   0: 0x00000000800046f4 (0x5a05f4d3) fsqrt.d fs1, fa1
core   0: 1 0x00000000800046f4 (0x5a05f4d3) c1_fflags 0x000000000000001f f9  0x7ff8000000000000
core   0: 0x00000000800046f8 (0x0094db3b) srlw    s6, s1, s1
core   0: 1 0x00000000800046f8 (0x0094db3b) x22 0x0000000000000000
core   0: 0x00000000800046fc (0x002010f3) csrrw   ra, frm, zero
core   0: 1 0x00000000800046fc (0x002010f3) x1  0x0000000000000001 c2_frm 0x0000000000000000
core   0: 0x0000000080004700 (0x2a7b8253) fmin.d  ft4, fs7, ft7
core   0: 1 0x0000000080004700 (0x2a7b8253) f4  0xc1dfffeffb000000
core   0: 0x0000000080004704 (0x00009a52) c.add   s4, s4
core   0: 1 0x0000000080004704 (0x9a52) x20 0x00007ffffffffffe
core   0: 0x0000000080004706 (0xd2207c53) fcvt.d.l fs8, zero
core   0: 1 0x0000000080004706 (0xd2207c53) f24 0x0000000000000000
core   0: 0x000000008000470a (0x00202ef3) csrrs   t4, frm, zero
core   0: 1 0x000000008000470a (0x00202ef3) x29 0x0000000000000000
core   0: 0x000000008000470e (0x7ff0f193) andi    gp, ra, 2047
core   0: 1 0x000000008000470e (0x7ff0f193) x3  0x0000000000000001
core   0: 0x0000000080004712 (0x4392d893) srai    a7, t0, 57
core   0: 1 0x0000000080004712 (0x4392d893) x17 0x0000000000000000
core   0: 0x0000000080004716 (0x00a5d53b) srlw    a0, a1, a0
core   0: 1 0x0000000080004716 (0x00a5d53b) x10 0xfffffffff12660f3
core   0: 0x000000008000471a (0xf6458393) addi    t2, a1, -156
core   0: 1 0x000000008000471a (0xf6458393) x7  0x00000000f1266057
core   0: 0x000000008000471e (0x22cb11d3) fsgnjn.d ft3, fs6, fa2
core   0: 1 0x000000008000471e (0x22cb11d3) f3  0xffffffff00000000
core   0: 0x0000000080004722 (0xc0267c53) fcvt.l.s s8, fa2
core   0: 1 0x0000000080004722 (0xc0267c53) c1_fflags 0x000000000000001f x24 0x7fffffffffffffff
core   0: 0x0000000080004726 (0x02b92933) mulhsu  s2, s2, a1
core   0: 1 0x0000000080004726 (0x02b92933) x18 0x0000000000000000
core   0: 0x000000008000472a (0xd02577d3) fcvt.s.l fa5, a0
core   0: 1 0x000000008000472a (0xd02577d3) c1_fflags 0x000000000000001f f15 0xffffffffcd6d99f1
core   0: 0x000000008000472e (0x012a083b) addw    a6, s4, s2
core   0: 1 0x000000008000472e (0x012a083b) x16 0xfffffffffffffffe
core   0: 0x0000000080004732 (0xe20d8c53) fmv.x.d s8, fs11
core   0: 1 0x0000000080004732 (0xe20d8c53) x24 0x8000000000000000
core   0: 0x0000000080004736 (0x00ab9533) sll     a0, s7, a0
core   0: 1 0x0000000080004736 (0x00ab9533) x10 0x0008000000000000
core   0: 0x000000008000473a (0x420105d3) fcvt.d.s fa1, ft2
core   0: 1 0x000000008000473a (0x420105d3) f11 0x4031000000000000
core   0: 0x000000008000473e (0xd02578d3) fcvt.s.l fa7, a0
core   0: 1 0x000000008000473e (0xd02578d3) f17 0xffffffff59000000
core   0: 0x0000000080004742 (0x2346aa53) fsgnjx.d fs4, fa3, fs4
core   0: 1 0x0000000080004742 (0x2346aa53) f20 0xc0a3a20000000000
core   0: 0x0000000080004746 (0x401b0333) sub     t1, s6, ra
core   0: 1 0x0000000080004746 (0x401b0333) x6  0xffffffffffffffff
core   0: 0x000000008000474a (0xc03af3d3) fcvt.lu.s t2, fs5
core   0: 1 0x000000008000474a (0xc03af3d3) c1_fflags 0x000000000000001f x7  0xffffffffffffffff
core   0: 0x000000008000474e (0x00202873) csrrs   a6, frm, zero
core   0: 1 0x000000008000474e (0x00202873) x16 0x0000000000000000
core   0: 0x0000000080004752 (0x00281473) csrrw   s0, frm, a6
core   0: 1 0x0000000080004752 (0x00281473) x8  0x0000000000000000 c2_frm 0x0000000000000000
core   0: 0x0000000080004756 (0x00897bb3) and     s7, s2, s0
core   0: 1 0x0000000080004756 (0x00897bb3) x23 0x0000000000000000
core   0: 0x000000008000475a (0xab05cc17) auipc   s8, 0xab05c
core   0: 1 0x000000008000475a (0xab05cc17) x24 0x000000002b06075a
core   0: 0x000000008000475e (0xe2f37b43) fmadd.d fs6, ft6, fa5, ft8
core   0: 1 0x000000008000475e (0xe2f37b43) f22 0x7ff8000000000000
core   0: 0x0000000080004762 (0x407c00bb) subw    ra, s8, t2
core   0: 1 0x0000000080004762 (0x407c00bb) x1  0x000000002b06075b
core   0: 0x0000000080004766 (0x0bab7dc7) fmsub.d fs11, fs6, fs10, ft1
core   0: 1 0x0000000080004766 (0x0bab7dc7) f27 0x7ff8000000000000
core   0: 0x000000008000476a (0x01bb9a1b) slliw   s4, s7, 27
core   0: 1 0x000000008000476a (0x01bb9a1b) x20 0x0000000000000000
core   0: 0x000000008000476e (0xc230f7d3) fcvt.lu.d a5, ft1
core   0: 1 0x000000008000476e (0xc230f7d3) x15 0x0000000000000000
core   0: 0x0000000080004772 (0x75486437) lui     s0, 0x75486
core   0: 1 0x0000000080004772 (0x75486437) x8  0x0000000075486000
core   0: 0x0000000080004776 (0x42895013) srai    zero, s2, 40
core   0: 1 0x0000000080004776 (0x42895013)
core   0: 0x000000008000477a (0x23db03d3) fsgnj.d ft7, fs6, ft9
core   0: 1 0x000000008000477a (0x23db03d3) f7  0x7ff8000000000000
core   0: 0x000000008000477e (0x227723d3) fsgnjx.d ft7, fa4, ft7
core   0: 1 0x000000008000477e (0x227723d3) f7  0x7ff8000000000000
core   0: 0x0000000080004782 (0xd21401d3) fcvt.d.wu ft3, s0
core   0: 1 0x0000000080004782 (0xd21401d3) f3  0x41dd521800000000
core   0: 0x0000000080004786 (0x46eb7993) andi    s3, s6, 1134
core   0: 1 0x0000000080004786 (0x46eb7993) x19 0x0000000000000000
core   0: 0x000000008000478a (0xc21873d3) fcvt.wu.d t2, fa6
core   0: 1 0x000000008000478a (0xc21873d3) x7  0x0000000000000000
core   0: 0x000000008000478e (0x02a26233) rem     tp, tp, a0
core   0: 1 0x000000008000478e (0x02a26233) x4  0x0000000000000000
core   0: 0x0000000080004792 (0xf13e2073) csrrs   zero, mimpid, t3
core   0: exception trap_illegal_instruction, epc 0x0000000080004792
core   0:           tval 0x00000000f13e2073
core   0: >>>>  $xrv64i2p1_m2p0_a2p1_f2p2_d2p2_zicsr2p0_zifencei2p0_zmmul1p0_zba1p0_zbb1p0_zbc1p0_zbs1p0
core   0: 0x0000000080004000 (0x0080006f) j       pc + 0x8
core   0: 3 0x0000000080004000 (0x0080006f)
core   0: >>>>  mmode_exception_handler
core   0: 0x0000000080004008 (0x00002c17) auipc   s8, 0x2
core   0: 3 0x0000000080004008 (0x00002c17) x24 0x0000000080006008
core   0: 0x000000008000400c (0x0d8c0c13) addi    s8, s8, 216
core   0: 3 0x000000008000400c (0x0d8c0c13) x24 0x00000000800060e0
core   0: 0x0000000080004010 (0x000c00e7) jalr    s8
core   0: 3 0x0000000080004010 (0x000c00e7) x1  0x0000000080004014
core   0: >>>>  any_handler
core   0: 0x00000000800060e0 (0x341027f3) csrrs   a5, mepc, zero
core   0: 3 0x00000000800060e0 (0x341027f3) x15 0x0000000080004792
core   0: 0x00000000800060e4 (0x34202773) csrrs   a4, mcause, zero
core   0: 3 0x00000000800060e4 (0x34202773) x14 0x0000000000000002
core   0: 0x00000000800060e8 (0x142026f3) csrrs   a3, scause, zero
core   0: 3 0x00000000800060e8 (0x142026f3) x13 0x0000000000000000
core   0: 0x00000000800060ec (0x30402673) csrrs   a2, mie, zero
core   0: 3 0x00000000800060ec (0x30402673) x12 0x0000000000000a00
core   0: 0x00000000800060f0 (0x344025f3) csrrs   a1, mip, zero
core   0: 3 0x00000000800060f0 (0x344025f3) x11 0x0000000000000080
core   0: 0x00000000800060f4 (0x343025f3) csrrs   a1, mtval, zero
core   0: 3 0x00000000800060f4 (0x343025f3) x11 0x00000000f13e2073
core   0: 0x00000000800060f8 (0x14302573) csrrs   a0, stval, zero
core   0: 3 0x00000000800060f8 (0x14302573) x10 0x0000000000000000
core   0: 0x00000000800060fc (0xb02024f3) csrrs   s1, minstret, zero
core   0: 3 0x00000000800060fc (0xb02024f3) x9  0x0000000000000a25
core   0: 0x0000000080006100 (0x0000a811) c.j     pc + 20
core   0: 3 0x0000000080006100 (0xa811)
core   0: >>>>  mepc_4
core   0: 0x0000000080006114 (0x00000791) c.addi  a5, 4
core   0: 3 0x0000000080006114 (0x0791) x15 0x0000000080004796
core   0: 0x0000000080006116 (0x34179073) csrrw   zero, mepc, a5
core   0: 3 0x0000000080006116 (0x34179073) c833_mepc 0x0000000080004796
core   0: 0x000000008000611a (0x30200073) mret
core   0: 3 0x000000008000611a (0x30200073) c768_mstatus 0x8000000a00106080
core   0: 0x0000000080004796 (0x03b97c33) remu    s8, s2, s11
core   0: 1 0x0000000080004796 (0x03b97c33) x24 0x0000000000000000
core   0: 0x000000008000479a (0xd22df053) fcvt.d.l ft0, s11
core   0: 1 0x000000008000479a (0xd22df053) f0  0x0000000000000000
core   0: 0x000000008000479e (0x41d9d993) srai    s3, s3, 29
core   0: 1 0x000000008000479e (0x41d9d993) x19 0x0000000000000000
core   0: 0x00000000800047a2 (0x4010d4b3) sra     s1, ra, ra
core   0: 1 0x00000000800047a2 (0x4010d4b3) x9  0x0000000000000800
core   0: 0x00000000800047a6 (0x02220ab3) mul     s5, tp, sp
core   0: 1 0x00000000800047a6 (0x02220ab3) x21 0x0000000000000000
core   0: 0x00000000800047aa (0x00fb76b3) and     a3, s6, a5
core   0: 1 0x00000000800047aa (0x00fb76b3) x13 0x0000000000000000
core   0: 0x00000000800047ae (0x017a98b3) sll     a7, s5, s7
core   0: 1 0x00000000800047ae (0x017a98b3) x17 0x0000000000000000
core   0: 0x00000000800047b2 (0x037300bb) mulw    ra, t1, s7
core   0: 1 0x00000000800047b2 (0x037300bb) x1  0x0000000000000000
core   0: 0x00000000800047b6 (0x009411b3) sll     gp, s0, s1
core   0: 1 0x00000000800047b6 (0x009411b3) x3  0x0000000075486000
core   0: 0x00000000800047ba (0x0313c43b) divw    s0, t2, a7
core   0: 1 0x00000000800047ba (0x0313c43b) x8  0xffffffffffffffff
core   0: 0x00000000800047be (0xc03ef5d3) fcvt.lu.s a1, ft9
core   0: 1 0x00000000800047be (0xc03ef5d3) c1_fflags 0x000000000000001f x11 0xffffffffffffffff
core   0: 0x00000000800047c2 (0x01a6db9b) srliw   s7, a3, 26
core   0: 1 0x00000000800047c2 (0x01a6db9b) x23 0x0000000000000000
core   0: 0x00000000800047c6 (0x00dcdbb3) srl     s7, s9, a3
core   0: 1 0x00000000800047c6 (0x00dcdbb3) x23 0x0000000000000000
core   0: 0x00000000800047ca (0x0208f7d3) fadd.d  fa5, fa7, ft0
core   0: 1 0x00000000800047ca (0x0208f7d3) f15 0x7ff8000000000000
core   0: 0x00000000800047ce (0x22b58c53) fsgnj.d fs8, fa1, fa1
core   0: 1 0x00000000800047ce (0x22b58c53) f24 0x4031000000000000
core   0: 0x00000000800047d2 (0x7ff3b193) sltiu   gp, t2, 2047
core   0: 1 0x00000000800047d2 (0x7ff3b193) x3  0x0000000000000001
core   0: 0x00000000800047d6 (0x0232e8b3) rem     a7, t0, gp
core   0: 1 0x00000000800047d6 (0x0232e8b3) x17 0x0000000000000000
core   0: 0x00000000800047da (0x03bcccb3) div     s9, s9, s11
core   0: 1 0x00000000800047da (0x03bcccb3) x25 0xffffffffffffffff
core   0: 0x00000000800047de (0xc215fed3) fcvt.wu.d t4, fa1
core   0: 1 0x00000000800047de (0xc215fed3) x29 0x0000000000000011
core   0: 0x00000000800047e2 (0x2a42724f) fnmadd.d ft4, ft4, ft4, ft5
core   0: 1 0x00000000800047e2 (0x2a42724f) c1_fflags 0x000000000000001f f4  0xc3cfffdff6080501
core   0: 0x00000000800047e6 (0x00955c33) srl     s8, a0, s1
core   0: 1 0x00000000800047e6 (0x00955c33) x24 0x0000000000000000
core   0: 0x00000000800047ea (0x0188d3bb) srlw    t2, a7, s8
core   0: 1 0x00000000800047ea (0x0188d3bb) x7  0x0000000000000000
core   0: 0x00000000800047ee (0x1420e873) csrrsi  a6, scause, 1
core   0: 1 0x00000000800047ee (0x1420e873) x16 0x0000000000000000 c322_scause 0x0000000000000001
core   0: 0x00000000800047f2 (0xc22c7753) fcvt.l.d a4, fs8
core   0: 1 0x00000000800047f2 (0xc22c7753) x14 0x0000000000000011
core   0: 0x00000000800047f6 (0x4047d313) srai    t1, a5, 4
core   0: 1 0x00000000800047f6 (0x4047d313) x6  0x0000000008000479
core   0: 0x00000000800047fa (0x000c9e1b) slliw   t3, s9, 0
core   0: 1 0x00000000800047fa (0x000c9e1b) x28 0xffffffffffffffff
core   0: 0x00000000800047fe (0x03453d33) mulhu   s10, a0, s4
core   0: 1 0x00000000800047fe (0x03453d33) x26 0x0000000000000000
core   0: 0x0000000080004802 (0x00000001) c.nop
core   0: 1 0x0000000080004802 (0x0001)
core   0: 0x0000000080004804 (0x03a3f4bb) remuw   s1, t2, s10
core   0: 1 0x0000000080004804 (0x03a3f4bb) x9  0x0000000000000000
core   0: 0x0000000080004808 (0x016b4d33) xor     s10, s6, s6
core   0: 1 0x0000000080004808 (0x016b4d33) x26 0x0000000000000000
core   0: 0x000000008000480c (0x00197b33) and     s6, s2, ra
core   0: 1 0x000000008000480c (0x00197b33) x22 0x0000000000000000
core   0: 0x0000000080004810 (0x00000001) c.nop
core   0: 1 0x0000000080004810 (0x0001)
core   0: 0x0000000080004812 (0x02bae53b) remw    a0, s5, a1
core   0: 1 0x0000000080004812 (0x02bae53b) x10 0x0000000000000000
core   0: 0x0000000080004816 (0x0ab47253) fsub.d  ft4, fs0, fa1
core   0: 1 0x0000000080004816 (0x0ab47253) f4  0xc031000000000000
core   0: 0x000000008000481a (0x238b7c4b) fnmsub.d fs8, fs6, fs8, ft4
core   0: 1 0x000000008000481a (0x238b7c4b) f24 0x7ff8000000000000
core   0: 0x000000008000481e (0x4187de33) sra     t3, a5, s8
core   0: 1 0x000000008000481e (0x4187de33) x28 0x0000000080004796
core   0: 0x0000000080004822 (0x0000942a) c.add   s0, a0
core   0: 1 0x0000000080004822 (0x942a) x8  0xffffffffffffffff
core   0: 0x0000000080004824 (0x0270f0bb) remuw   ra, ra, t2
core   0: 1 0x0000000080004824 (0x0270f0bb) x1  0x0000000000000000
core   0: 0x0000000080004828 (0x02734bb3) div     s7, t1, t2
core   0: 1 0x0000000080004828 (0x02734bb3) x23 0xffffffffffffffff
core   0: 0x000000008000482c (0x23842453) fsgnjx.d fs0, fs0, fs8
core   0: 1 0x000000008000482c (0x23842453) f8  0x8000000000000000
core   0: 0x0000000080004830 (0x41498eb3) sub     t4, s3, s4
core   0: 1 0x0000000080004830 (0x41498eb3) x29 0x0000000000000000
core   0: 0x0000000080004834 (0x03d81d93) slli    s11, a6, 61
core   0: 1 0x0000000080004834 (0x03d81d93) x27 0x0000000000000000
core   0: 0x0000000080004838 (0x228a0a53) fsgnj.d fs4, fs4, fs0
core   0: 1 0x0000000080004838 (0x228a0a53) f20 0xc0a3a20000000000
core   0: 0x000000008000483c (0x439c5c93) srai    s9, s8, 57
core   0: 1 0x000000008000483c (0x439c5c93) x25 0x0000000000000000
core   0: 0x0000000080004840 (0xfffdca93) not     s5, s11
core   0: 1 0x0000000080004840 (0xfffdca93) x21 0xffffffffffffffff
core   0: 0x0000000080004844 (0x005ad293) srli    t0, s5, 5
core   0: 1 0x0000000080004844 (0x005ad293) x5  0x07ffffffffffffff
core   0: 0x0000000080004848 (0x22241bd3) fsgnjn.d fs7, fs0, ft2
core   0: 1 0x0000000080004848 (0x22241bd3) f23 0x0000000000000000
core   0: 0x000000008000484c (0xd2140453) fcvt.d.wu fs0, s0
core   0: 1 0x000000008000484c (0xd2140453) f8  0x41efffffffe00000
core   0: 0x0000000080004850 (0x4103569b) sraiw   a3, t1, 16
core   0: 1 0x0000000080004850 (0x4103569b) x13 0x0000000000000800
core   0: 0x0000000080004854 (0xd2347953) fcvt.d.lu fs2, s0
core   0: 1 0x0000000080004854 (0xd2347953) c1_fflags 0x000000000000001f f18 0x43f0000000000000
core   0: 0x0000000080004858 (0x5a08ffd3) fsqrt.d ft11, fa7
core   0: 1 0x0000000080004858 (0x5a08ffd3) f31 0x7ff8000000000000
core   0: 0x000000008000485c (0x0209b3b3) mulhu   t2, s3, zero
core   0: 1 0x000000008000485c (0x0209b3b3) x7  0x0000000000000000
core   0: 0x0000000080004860 (0x4063d81b) sraiw   a6, t2, 6
core   0: 1 0x0000000080004860 (0x4063d81b) x16 0x0000000000000000
core   0: 0x0000000080004864 (0x2a1e9353) fmax.d  ft6, ft9, ft1
core   0: 1 0x0000000080004864 (0x2a1e9353) f6  0x0000000000000000
core   0: 0x0000000080004868 (0x03b75113) srli    sp, a4, 59
core   0: 1 0x0000000080004868 (0x03b75113) x2  0x0000000000000000
core   0: 0x000000008000486c (0x230ca153) fsgnjx.d ft2, fs9, fa6
core   0: 1 0x000000008000486c (0x230ca153) f2  0x8000000000000000
core   0: 0x0000000080004870 (0xd22cffd3) fcvt.d.l ft11, s9
core   0: 1 0x0000000080004870 (0xd22cffd3) f31 0x0000000000000000
core   0: 0x0000000080004874 (0x0166e733) or      a4, a3, s6
core   0: 1 0x0000000080004874 (0x0166e733) x14 0x0000000000000800
core   0: 0x0000000080004878 (0x80076893) ori     a7, a4, -2048
core   0: 1 0x0000000080004878 (0x80076893) x17 0xfffffffffffff800
core   0: 0x000000008000487c (0x4163553b) sraw    a0, t1, s6
core   0: 1 0x000000008000487c (0x4163553b) x10 0x0000000008000479
core   0: 0x0000000080004880 (0x02f30b3b) mulw    s6, t1, a5
core   0: 1 0x0000000080004880 (0x02f30b3b) x22 0x0000000031402de6
core   0: 0x0000000080004884 (0xd20c08d3) fcvt.d.w fa7, s8
core   0: 1 0x0000000080004884 (0xd20c08d3) f17 0x0000000000000000
core   0: 0x0000000080004888 (0xc208f0d3) fcvt.w.d ra, fa7
core   0: 1 0x0000000080004888 (0xc208f0d3) x1  0x0000000000000000
core   0: 0x000000008000488c (0xc23efd53) fcvt.lu.d s10, ft9
core   0: 1 0x000000008000488c (0xc23efd53) x26 0x0000000000000000
core   0: 0x0000000080004890 (0x0ff0000f) fence   iorw,iorw
core   0: 1 0x0000000080004890 (0x0ff0000f)
core   0: 0x0000000080004894 (0x03a104b3) mul     s1, sp, s10
core   0: 1 0x0000000080004894 (0x03a104b3) x9  0x0000000000000000
core   0: 0x0000000080004898 (0xd036fb53) fcvt.s.lu fs6, a3
core   0: 1 0x0000000080004898 (0xd036fb53) f22 0xffffffff45000000
core   0: 0x000000008000489c (0x02a4e633) rem     a2, s1, a0
core   0: 1 0x000000008000489c (0x02a4e633) x12 0x0000000000000000
core   0: 0x00000000800048a0 (0xf20e0853) fmv.d.x fa6, t3
core   0: 1 0x00000000800048a0 (0xf20e0853) f16 0x0000000080004796
core   0: 0x00000000800048a4 (0x40177253) fcvt.s.d ft4, fa4
core   0: 1 0x00000000800048a4 (0x40177253) f4  0xffffffff7fc00000
core   0: 0x00000000800048a8 (0x00c0dcbb) srlw    s9, ra, a2
core   0: 1 0x00000000800048a8 (0x00c0dcbb) x25 0x0000000000000000
core   0: 0x00000000800048ac (0xc23872d3) fcvt.lu.d t0, fa6
core   0: 1 0x00000000800048ac (0xc23872d3) c1_fflags 0x000000000000001f x5  0x0000000000000000
core   0: 0x00000000800048b0 (0x40d056bb) sraw    a3, zero, a3
core   0: 1 0x00000000800048b0 (0x40d056bb) x13 0x0000000000000000
core   0: 0x00000000800048b4 (0x230d1353) fsgnjn.d ft6, fs10, fa6
core   0: 1 0x00000000800048b4 (0x230d1353) f6  0x8000000000000000
core   0: 0x00000000800048b8 (0x00169673) csrrw   a2, fflags, a3
core   0: 1 0x00000000800048b8 (0x00169673) x12 0x000000000000001f c1_fflags 0x0000000000000000
core   0: 0x00000000800048bc (0xb820e4f3) csrrsi  s1, minstreth, 1
core   0: exception trap_illegal_instruction, epc 0x00000000800048bc
core   0:           tval 0x00000000b820e4f3
core   0: >>>>  $xrv64i2p1_m2p0_a2p1_f2p2_d2p2_zicsr2p0_zifencei2p0_zmmul1p0_zba1p0_zbb1p0_zbc1p0_zbs1p0
core   0: 0x0000000080004000 (0x0080006f) j       pc + 0x8
core   0: 3 0x0000000080004000 (0x0080006f)
core   0: >>>>  mmode_exception_handler
core   0: 0x0000000080004008 (0x00002c17) auipc   s8, 0x2
core   0: 3 0x0000000080004008 (0x00002c17) x24 0x0000000080006008
core   0: 0x000000008000400c (0x0d8c0c13) addi    s8, s8, 216
core   0: 3 0x000000008000400c (0x0d8c0c13) x24 0x00000000800060e0
core   0: 0x0000000080004010 (0x000c00e7) jalr    s8
core   0: 3 0x0000000080004010 (0x000c00e7) x1  0x0000000080004014
core   0: >>>>  any_handler
core   0: 0x00000000800060e0 (0x341027f3) csrrs   a5, mepc, zero
core   0: 3 0x00000000800060e0 (0x341027f3) x15 0x00000000800048bc
core   0: 0x00000000800060e4 (0x34202773) csrrs   a4, mcause, zero
core   0: 3 0x00000000800060e4 (0x34202773) x14 0x0000000000000002
core   0: 0x00000000800060e8 (0x142026f3) csrrs   a3, scause, zero
core   0: 3 0x00000000800060e8 (0x142026f3) x13 0x0000000000000001
core   0: 0x00000000800060ec (0x30402673) csrrs   a2, mie, zero
core   0: 3 0x00000000800060ec (0x30402673) x12 0x0000000000000a00
core   0: 0x00000000800060f0 (0x344025f3) csrrs   a1, mip, zero
core   0: 3 0x00000000800060f0 (0x344025f3) x11 0x0000000000000080
core   0: 0x00000000800060f4 (0x343025f3) csrrs   a1, mtval, zero
core   0: 3 0x00000000800060f4 (0x343025f3) x11 0x00000000b820e4f3
core   0: 0x00000000800060f8 (0x14302573) csrrs   a0, stval, zero
core   0: 3 0x00000000800060f8 (0x14302573) x10 0x0000000000000000
core   0: 0x00000000800060fc (0xb02024f3) csrrs   s1, minstret, zero
core   0: 3 0x00000000800060fc (0xb02024f3) x9  0x0000000000000a80
core   0: 0x0000000080006100 (0x0000a811) c.j     pc + 20
core   0: 3 0x0000000080006100 (0xa811)
core   0: >>>>  mepc_4
core   0: 0x0000000080006114 (0x00000791) c.addi  a5, 4
core   0: 3 0x0000000080006114 (0x0791) x15 0x00000000800048c0
core   0: 0x0000000080006116 (0x34179073) csrrw   zero, mepc, a5
core   0: 3 0x0000000080006116 (0x34179073) c833_mepc 0x00000000800048c0
core   0: 0x000000008000611a (0x30200073) mret
core   0: 3 0x000000008000611a (0x30200073) c768_mstatus 0x8000000a00106080
core   0: 0x00000000800048c0 (0x037b93b3) mulh    t2, s7, s7
core   0: 1 0x00000000800048c0 (0x037b93b3) x7  0x0000000000000000
core   0: 0x00000000800048c4 (0x002021f3) csrrs   gp, frm, zero
core   0: 1 0x00000000800048c4 (0x002021f3) x3  0x0000000000000000
core   0: 0x00000000800048c8 (0x4a62f847) fmsub.d fa6, ft5, ft6, fs1
core   0: 1 0x00000000800048c8 (0x4a62f847) f16 0x7ff8000000000000
core   0: 0x00000000800048cc (0xc02870d3) fcvt.l.s ra, fa6
core   0: 1 0x00000000800048cc (0xc02870d3) c1_fflags 0x0000000000000010 x1  0x7fffffffffffffff
core   0: 0x00000000800048d0 (0x010c0e33) add     t3, s8, a6
core   0: 1 0x00000000800048d0 (0x010c0e33) x28 0x00000000800060e0
core   0: 0x00000000800048d4 (0x00081c1b) slliw   s8, a6, 0
core   0: 1 0x00000000800048d4 (0x00081c1b) x24 0x0000000000000000
core   0: 0x00000000800048d8 (0x01ce2a33) slt     s4, t3, t3
core   0: 1 0x00000000800048d8 (0x01ce2a33) x20 0x0000000000000000
core   0: 0x00000000800048dc (0x002dc6b3) xor     a3, s11, sp
core   0: 1 0x00000000800048dc (0x002dc6b3) x13 0x0000000000000000
core   0: 0x00000000800048e0 (0x019167b3) or      a5, sp, s9
core   0: 1 0x00000000800048e0 (0x019167b3) x15 0x0000000000000000
core   0: 0x00000000800048e4 (0xd23afcd3) fcvt.d.lu fs9, s5
core   0: 1 0x00000000800048e4 (0xd23afcd3) c1_fflags 0x0000000000000011 f25 0x43f0000000000000
core   0: 0x00000000800048e8 (0x2b0872cf) fnmadd.d ft5, fa6, fa6, ft5
core   0: 1 0x00000000800048e8 (0x2b0872cf) f5  0x7ff8000000000000
core   0: 0x00000000800048ec (0x420686d3) fcvt.d.s fa3, fa3
core   0: 1 0x00000000800048ec (0x420686d3) f13 0x7ff8000000000000
core   0: 0x00000000800048f0 (0x0a0cf953) fsub.d  fs2, fs9, ft0
core   0: 1 0x00000000800048f0 (0x0a0cf953) f18 0x43f0000000000000
core   0: 0x00000000800048f4 (0x000b9b93) slli    s7, s7, 0
core   0: 1 0x00000000800048f4 (0x000b9b93) x23 0xffffffffffffffff
core   0: 0x00000000800048f8 (0x01c7d713) srli    a4, a5, 28
core   0: 1 0x00000000800048f8 (0x01c7d713) x14 0x0000000000000000
core   0: 0x00000000800048fc (0x01361813) slli    a6, a2, 19
core   0: 1 0x00000000800048fc (0x01361813) x16 0x0000000050000000
core   0: 0x0000000080004900 (0x00279b73) csrrw   s6, frm, a5
core   0: 1 0x0000000080004900 (0x00279b73) x22 0x0000000000000000 c2_frm 0x0000000000000000
core   0: 0x0000000080004904 (0x03b6fdd3) fadd.d  fs11, fa3, fs11
core   0: 1 0x0000000080004904 (0x03b6fdd3) f27 0x7ff8000000000000
core   0: 0x0000000080004908 (0x420083d3) fcvt.d.s ft7, ft1
core   0: 1 0x0000000080004908 (0x420083d3) f7  0x7ff8000000000000
core   0: 0x000000008000490c (0x031b5613) srli    a2, s6, 49
core   0: 1 0x000000008000490c (0x031b5613) x12 0x0000000000000000
core   0: 0x0000000080004910 (0x02c1f3bb) remuw   t2, gp, a2
core   0: 1 0x0000000080004910 (0x02c1f3bb) x7  0x0000000000000000
core   0: 0x0000000080004914 (0x14387973) csrrci  s2, stval, 16
core   0: 1 0x0000000080004914 (0x14387973) x18 0x0000000000000000 c323_stval 0x0000000000000000
core   0: 0x0000000080004918 (0x02c946bb) divw    a3, s2, a2
core   0: 1 0x0000000080004918 (0x02c946bb) x13 0xffffffffffffffff
core   0: 0x000000008000491c (0x00000001) c.nop
core   0: 1 0x000000008000491c (0x0001)
core   0: 0x000000008000491e (0x237d0d53) fsgnj.d fs10, fs10, fs7
core   0: 1 0x000000008000491e (0x237d0d53) f26 0x0000000000000000
core   0: 0x0000000080004922 (0x12958437) lui     s0, 0x12958
core   0: 1 0x0000000080004922 (0x12958437) x8  0x0000000012958000
core   0: 0x0000000080004926 (0x03fa5713) srli    a4, s4, 63
core   0: 1 0x0000000080004926 (0x03fa5713) x14 0x0000000000000000
core   0: 0x000000008000492a (0xc23e7753) fcvt.lu.d a4, ft8
core   0: 1 0x000000008000492a (0xc23e7753) c1_fflags 0x0000000000000011 x14 0x0000000000000000
core   0: 0x000000008000492e (0xd034fe53) fcvt.s.lu ft8, s1
core   0: 1 0x000000008000492e (0xd034fe53) f28 0xffffffff45280000
core   0: 0x0000000080004932 (0x80000013) li      zero, -2048
core   0: 1 0x0000000080004932 (0x80000013)
core   0: 0x0000000080004936 (0xc02876d3) fcvt.l.s a3, fa6
core   0: 1 0x0000000080004936 (0xc02876d3) c1_fflags 0x0000000000000011 x13 0x7fffffffffffffff
core   0: 0x000000008000493a (0x03acdd3b) divuw   s10, s9, s10
core   0: 1 0x000000008000493a (0x03acdd3b) x26 0xffffffffffffffff
core   0: 0x000000008000493e (0xd23d76d3) fcvt.d.lu fa3, s10
core   0: 1 0x000000008000493e (0xd23d76d3) c1_fflags 0x0000000000000011 f13 0x43f0000000000000
core   0: 0x0000000080004942 (0x0d1786b7) lui     a3, 0xd178
core   0: 1 0x0000000080004942 (0x0d1786b7) x13 0x000000000d178000
core   0: 0x0000000080004946 (0xc236fad3) fcvt.lu.d s5, fa3
core   0: 1 0x0000000080004946 (0xc236fad3) c1_fflags 0x0000000000000011 x21 0xffffffffffffffff
core   0: 0x000000008000494a (0x23079fd3) fsgnjn.d ft11, fa5, fa6
core   0: 1 0x000000008000494a (0x23079fd3) f31 0xfff8000000000000
core   0: 0x000000008000494e (0x40315ebb) sraw    t4, sp, gp
core   0: 1 0x000000008000494e (0x40315ebb) x29 0x0000000000000000
core   0: 0x0000000080004952 (0xfff10193) addi    gp, sp, -1
core   0: 1 0x0000000080004952 (0xfff10193) x3  0xffffffffffffffff
core   0: 0x0000000080004956 (0xc21874d3) fcvt.wu.d s1, fa6
core   0: 1 0x0000000080004956 (0xc21874d3) c1_fflags 0x0000000000000011 x9  0xffffffffffffffff
core   0: 0x000000008000495a (0xf2050653) fmv.d.x fa2, a0
core   0: 1 0x000000008000495a (0xf2050653) f12 0x0000000000000000
core   0: 0x000000008000495e (0x40b45c1b) sraiw   s8, s0, 11
core   0: 1 0x000000008000495e (0x40b45c1b) x24 0x00000000000252b0
core   0: 0x0000000080004962 (0x5a08f153) fsqrt.d ft2, fa7
core   0: 1 0x0000000080004962 (0x5a08f153) f2  0x0000000000000000
core   0: 0x0000000080004966 (0xc2277753) fcvt.l.d a4, fa4
core   0: 1 0x0000000080004966 (0xc2277753) c1_fflags 0x0000000000000011 x14 0x7fffffffffffffff
core   0: 0x000000008000496a (0xd033f0d3) fcvt.s.lu ft1, t2
core   0: 1 0x000000008000496a (0xd033f0d3) f1  0xffffffff00000000
core   0: 0x000000008000496e (0x40bc583b) sraw    a6, s8, a1
core   0: 1 0x000000008000496e (0x40bc583b) x16 0x0000000000000000
core   0: 0x0000000080004972 (0x2bb484d3) fmin.d  fs1, fs1, fs11
core   0: 1 0x0000000080004972 (0x2bb484d3) f9  0x7ff8000000000000
core   0: 0x0000000080004976 (0x01b652bb) srlw    t0, a2, s11
core   0: 1 0x0000000080004976 (0x01b652bb) x5  0x0000000000000000
core   0: 0x000000008000497a (0x023ffbc7) fmsub.d fs7, ft11, ft3, ft0
core   0: 1 0x000000008000497a (0x023ffbc7) f23 0x7ff8000000000000
core   0: 0x000000008000497e (0x0366d1b3) divu    gp, a3, s6
core   0: 1 0x000000008000497e (0x0366d1b3) x3  0xffffffffffffffff
core   0: 0x0000000080004982 (0x03841993) slli    s3, s0, 56
core   0: 1 0x0000000080004982 (0x03841993) x19 0x0000000000000000
core   0: 0x0000000080004986 (0x00045cbb) srlw    s9, s0, zero
core   0: 1 0x0000000080004986 (0x00045cbb) x25 0x0000000012958000
core   0: 0x000000008000498a (0x00f81bbb) sllw    s7, a6, a5
core   0: 1 0x000000008000498a (0x00f81bbb) x23 0x0000000000000000
core   0: 0x000000008000498e (0x031669bb) remw    s3, a2, a7
core   0: 1 0x000000008000498e (0x031669bb) x19 0x0000000000000000
core   0: 0x0000000080004992 (0xa839cd97) auipc   s11, 0xa839c
core   0: 1 0x0000000080004992 (0xa839cd97) x27 0x00000000283a0992
core   0: 0x0000000080004996 (0x01bdd13b) srlw    sp, s11, s11
core   0: 1 0x0000000080004996 (0x01bdd13b) x2  0x0000000000000a0e
core   0: 0x000000008000499a (0x22dfa8d3) fsgnjx.d fa7, ft11, fa3
core   0: 1 0x000000008000499a (0x22dfa8d3) f17 0xfff8000000000000
core   0: 0x000000008000499e (0x01c572b3) and     t0, a0, t3
core   0: 1 0x000000008000499e (0x01c572b3) x5  0x0000000000000000
core   0: 0x00000000800049a2 (0x40a359bb) sraw    s3, t1, a0
core   0: 1 0x00000000800049a2 (0x40a359bb) x19 0x0000000008000479
core   0: 0x00000000800049a6 (0x22a51dd3) fsgnjn.d fs11, fa0, fa0
core   0: 1 0x00000000800049a6 (0x22a51dd3) f27 0xfff8000000000000
core   0: 0x00000000800049aa (0x03c15133) divu    sp, sp, t3
core   0: 1 0x00000000800049aa (0x03c15133) x2  0x0000000000000000
core   0: 0x00000000800049ae (0x227b8b53) fsgnj.d fs6, fs7, ft7
core   0: 1 0x00000000800049ae (0x227b8b53) f22 0x7ff8000000000000
core   0: 0x00000000800049b2 (0x41abdc93) srai    s9, s7, 26
core   0: 1 0x00000000800049b2 (0x41abdc93) x25 0x0000000000000000
core   0: 0x00000000800049b6 (0x039a09bb) mulw    s3, s4, s9
core   0: 1 0x00000000800049b6 (0x039a09bb) x19 0x0000000000000000
core   0: 0x00000000800049ba (0x401474d3) fcvt.s.d fs1, fs0
core   0: 1 0x00000000800049ba (0x401474d3) c1_fflags 0x0000000000000011 f9  0xffffffff4f800000
core   0: 0x00000000800049be (0x2eb78937) lui     s2, 0x2eb78
core   0: 1 0x00000000800049be (0x2eb78937) x18 0x000000002eb78000
core   0: 0x00000000800049c2 (0xc03bfa53) fcvt.lu.s s4, fs7
core   0: 1 0x00000000800049c2 (0xc03bfa53) c1_fflags 0x0000000000000011 x20 0xffffffffffffffff
core   0: 0x00000000800049c6 (0x014511bb) sllw    gp, a0, s4
core   0: 1 0x00000000800049c6 (0x014511bb) x3  0x0000000000000000
core   0: 0x00000000800049ca (0x00000001) c.nop
core   0: 1 0x00000000800049ca (0x0001)
core   0: 0x00000000800049cc (0x4017f3d3) fcvt.s.d ft7, fa5
core   0: 1 0x00000000800049cc (0x4017f3d3) f7  0xffffffff7fc00000
core   0: 0x00000000800049d0 (0x418687bb) subw    a5, a3, s8
core   0: 1 0x00000000800049d0 (0x418687bb) x15 0x000000000d152d50
core   0: 0x00000000800049d4 (0x40197fd3) fcvt.s.d ft11, fs2
core   0: 1 0x00000000800049d4 (0x40197fd3) f31 0xffffffff5f800000
core   0: 0x00000000800049d8 (0x00119313) slli    t1, gp, 1
core   0: 1 0x00000000800049d8 (0x00119313) x6  0x0000000000000000
core   0: 0x00000000800049dc (0x00102af3) csrrs   s5, fflags, zero
core   0: 1 0x00000000800049dc (0x00102af3) x21 0x0000000000000011
core   0: 0x00000000800049e0 (0x00202e73) csrrs   t3, frm, zero
core   0: 1 0x00000000800049e0 (0x00202e73) x28 0x0000000000000000
core   0: 0x00000000800049e4 (0x03f25213) srli    tp, tp, 63
core   0: 1 0x00000000800049e4 (0x03f25213) x4  0x0000000000000000
core   0: 0x00000000800049e8 (0x401c7c53) fcvt.s.d fs8, fs8
core   0: 1 0x00000000800049e8 (0x401c7c53) f24 0xffffffff7fc00000
core   0: 0x00000000800049ec (0x033e3133) mulhu   sp, t3, s3
core   0: 1 0x00000000800049ec (0x033e3133) x2  0x0000000000000000
core   0: 0x00000000800049f0 (0x0b297853) fsub.d  fa6, fs2, fs2
core   0: 1 0x00000000800049f0 (0x0b297853) f16 0x0000000000000000
core   0: 0x00000000800049f4 (0x0ff0000f) fence   iorw,iorw
core   0: 1 0x00000000800049f4 (0x0ff0000f)
core   0: 0x00000000800049f8 (0x0020aa33) slt     s4, ra, sp
core   0: 1 0x00000000800049f8 (0x0020aa33) x20 0x0000000000000000
core   0: 0x00000000800049fc (0x01b6191b) slliw   s2, a2, 27
core   0: 1 0x00000000800049fc (0x01b6191b) x18 0x0000000000000000
core   0: 0x0000000080004a00 (0x0167533b) srlw    t1, a4, s6
core   0: 1 0x0000000080004a00 (0x0167533b) x6  0xffffffffffffffff
core   0: 0x0000000080004a04 (0x9c80ec13) ori     s8, ra, -1592
core   0: 1 0x0000000080004a04 (0x9c80ec13) x24 0xffffffffffffffff
core   0: 0x0000000080004a08 (0x0ff0000f) fence   iorw,iorw
core   0: 1 0x0000000080004a08 (0x0ff0000f)
core   0: 0x0000000080004a0c (0xfff77b13) andi    s6, a4, -1
core   0: 1 0x0000000080004a0c (0xfff77b13) x22 0x7fffffffffffffff
core   0: 0x0000000080004a10 (0x000089a2) c.mv    s3, s0
core   0: 1 0x0000000080004a10 (0x89a2) x19 0x0000000012958000
core   0: 0x0000000080004a12 (0x4e81019b) addiw   gp, sp, 1256
core   0: 1 0x0000000080004a12 (0x4e81019b) x3  0x00000000000004e8
core   0: 0x0000000080004a16 (0x2b028653) fmin.d  fa2, ft5, fa6
core   0: 1 0x0000000080004a16 (0x2b028653) f12 0x0000000000000000
core   0: 0x0000000080004a1a (0x17c31797) auipc   a5, 0x17c31
core   0: 1 0x0000000080004a1a (0x17c31797) x15 0x0000000097c35a1a
core   0: 0x0000000080004a1e (0x13f17953) fmul.d  fs2, ft2, ft11
core   0: 1 0x0000000080004a1e (0x13f17953) f18 0x7ff8000000000000
core   0: 0x0000000080004a22 (0x02a98bbb) mulw    s7, s3, a0
core   0: 1 0x0000000080004a22 (0x02a98bbb) x23 0x0000000000000000
core   0: 0x0000000080004a26 (0x01a77eb3) and     t4, a4, s10
core   0: 1 0x0000000080004a26 (0x01a77eb3) x29 0x7fffffffffffffff
core   0: 0x0000000080004a2a (0x002022f3) csrrs   t0, frm, zero
core   0: 1 0x0000000080004a2a (0x002022f3) x5  0x0000000000000000
core   0: 0x0000000080004a2e (0x01d2fd33) and     s10, t0, t4
core   0: 1 0x0000000080004a2e (0x01d2fd33) x26 0x0000000000000000
core   0: 0x0000000080004a32 (0xc2117bd3) fcvt.wu.d s7, ft2
core   0: 1 0x0000000080004a32 (0xc2117bd3) x23 0x0000000000000000
core   0: 0x0000000080004a36 (0x40dcd03b) sraw    zero, s9, a3
core   0: 1 0x0000000080004a36 (0x40dcd03b)
core   0: 0x0000000080004a3a (0x007053bb) srlw    t2, zero, t2
core   0: 1 0x0000000080004a3a (0x007053bb) x7  0x0000000000000000
core   0: 0x0000000080004a3e (0x5a04ff53) fsqrt.d ft10, fs1
core   0: 1 0x0000000080004a3e (0x5a04ff53) f30 0x7ff8000000000000
core   0: 0x0000000080004a42 (0x0218c0b3) div     ra, a7, ra
core   0: 1 0x0000000080004a42 (0x0218c0b3) x1  0x0000000000000000
core   0: 0x0000000080004a46 (0x01569a9b) slliw   s5, a3, 21
core   0: 1 0x0000000080004a46 (0x01569a9b) x21 0x0000000000000000
core   0: 0x0000000080004a4a (0x4028ddbb) sraw    s11, a7, sp
core   0: 1 0x0000000080004a4a (0x4028ddbb) x27 0xfffffffffffff800
core   0: 0x0000000080004a4e (0x01b5e7b3) or      a5, a1, s11
core   0: 1 0x0000000080004a4e (0x01b5e7b3) x15 0xfffffffffffffcf3
core   0: 0x0000000080004a52 (0xc21cf3d3) fcvt.wu.d t2, fs9
core   0: 1 0x0000000080004a52 (0xc21cf3d3) c1_fflags 0x0000000000000011 x7  0xffffffffffffffff
core   0: 0x0000000080004a56 (0x12b5f3d3) fmul.d  ft7, fa1, fa1
core   0: 1 0x0000000080004a56 (0x12b5f3d3) f7  0x4072100000000000
core   0: 0x0000000080004a5a (0x420a07d3) fcvt.d.s fa5, fs4
core   0: 1 0x0000000080004a5a (0x420a07d3) f15 0x7ff8000000000000
core   0: 0x0000000080004a5e (0x02f707b3) mul     a5, a4, a5
core   0: 1 0x0000000080004a5e (0x02f707b3) x15 0x800000000000030d
core   0: 0x0000000080004a62 (0x0139e1b3) or      gp, s3, s3
core   0: 1 0x0000000080004a62 (0x0139e1b3) x3  0x0000000012958000
core   0: 0x0000000080004a66 (0x01e340b7) lui     ra, 0x1e34
core   0: 1 0x0000000080004a66 (0x01e340b7) x1  0x0000000001e34000
core   0: 0x0000000080004a6a (0x9af0809b) addiw   ra, ra, -1617
core   0: 1 0x0000000080004a6a (0x9af0809b) x1  0x0000000001e339af
core   0: 0x0000000080004a6e (0x000000b6) c.slli  ra, 13
core   0: 1 0x0000000080004a6e (0x00b6) x1  0x0000003c6735e000
core   0: 0x0000000080004a70 (0x7df08093) addi    ra, ra, 2015
core   0: 1 0x0000000080004a70 (0x7df08093) x1  0x0000003c6735e7df
core   0: 0x0000000080004a74 (0x1007b773) csrrc   a4, sstatus, a5
core   0: 1 0x0000000080004a74 (0x1007b773) x14 0x8000000200006000 c768_mstatus 0x8000000a00106080
core   0: 0x0000000080004a78 (0x00196493) ori     s1, s2, 1
core   0: 1 0x0000000080004a78 (0x00196493) x9  0x0000000000000001
core   0: 0x0000000080004a7c (0x026cacb3) mulhsu  s9, s9, t1
core   0: 1 0x0000000080004a7c (0x026cacb3) x25 0x0000000000000000
core   0: 0x0000000080004a80 (0x8a1ef64f) fnmadd.d fa2, ft9, ft1, fa7
core   0: 1 0x0000000080004a80 (0x8a1ef64f) f12 0x7ff8000000000000
core   0: 0x0000000080004a84 (0x40dc8393) addi    t2, s9, 1037
core   0: 1 0x0000000080004a84 (0x40dc8393) x7  0x000000000000040d
core   0: 0x0000000080004a88 (0x3402fcf3) csrrci  s9, mscratch, 5
core   0: exception trap_illegal_instruction, epc 0x0000000080004a88
core   0:           tval 0x000000003402fcf3
core   0: >>>>  $xrv64i2p1_m2p0_a2p1_f2p2_d2p2_zicsr2p0_zifencei2p0_zmmul1p0_zba1p0_zbb1p0_zbc1p0_zbs1p0
core   0: 0x0000000080004000 (0x0080006f) j       pc + 0x8
core   0: 3 0x0000000080004000 (0x0080006f)
core   0: >>>>  mmode_exception_handler
core   0: 0x0000000080004008 (0x00002c17) auipc   s8, 0x2
core   0: 3 0x0000000080004008 (0x00002c17) x24 0x0000000080006008
core   0: 0x000000008000400c (0x0d8c0c13) addi    s8, s8, 216
core   0: 3 0x000000008000400c (0x0d8c0c13) x24 0x00000000800060e0
core   0: 0x0000000080004010 (0x000c00e7) jalr    s8
core   0: 3 0x0000000080004010 (0x000c00e7) x1  0x0000000080004014
core   0: >>>>  any_handler
core   0: 0x00000000800060e0 (0x341027f3) csrrs   a5, mepc, zero
core   0: 3 0x00000000800060e0 (0x341027f3) x15 0x0000000080004a88
core   0: 0x00000000800060e4 (0x34202773) csrrs   a4, mcause, zero
core   0: 3 0x00000000800060e4 (0x34202773) x14 0x0000000000000002
core   0: 0x00000000800060e8 (0x142026f3) csrrs   a3, scause, zero
core   0: 3 0x00000000800060e8 (0x142026f3) x13 0x0000000000000001
core   0: 0x00000000800060ec (0x30402673) csrrs   a2, mie, zero
core   0: 3 0x00000000800060ec (0x30402673) x12 0x0000000000000a00
core   0: 0x00000000800060f0 (0x344025f3) csrrs   a1, mip, zero
core   0: 3 0x00000000800060f0 (0x344025f3) x11 0x0000000000000080
core   0: 0x00000000800060f4 (0x343025f3) csrrs   a1, mtval, zero
core   0: 3 0x00000000800060f4 (0x343025f3) x11 0x000000003402fcf3
core   0: 0x00000000800060f8 (0x14302573) csrrs   a0, stval, zero
core   0: 3 0x00000000800060f8 (0x14302573) x10 0x0000000000000000
core   0: 0x00000000800060fc (0xb02024f3) csrrs   s1, minstret, zero
core   0: 3 0x00000000800060fc (0xb02024f3) x9  0x0000000000000b04
core   0: 0x0000000080006100 (0x0000a811) c.j     pc + 20
core   0: 3 0x0000000080006100 (0xa811)
core   0: >>>>  mepc_4
core   0: 0x0000000080006114 (0x00000791) c.addi  a5, 4
core   0: 3 0x0000000080006114 (0x0791) x15 0x0000000080004a8c
core   0: 0x0000000080006116 (0x34179073) csrrw   zero, mepc, a5
core   0: 3 0x0000000080006116 (0x34179073) c833_mepc 0x0000000080004a8c
core   0: 0x000000008000611a (0x30200073) mret
core   0: 3 0x000000008000611a (0x30200073) c768_mstatus 0x8000000a00106080
core   0: 0x0000000080004a8c (0xd2277a53) fcvt.d.l fs4, a4
core   0: 1 0x0000000080004a8c (0xd2277a53) f20 0x4000000000000000
core   0: 0x0000000080004a90 (0x2b7b8153) fmin.d  ft2, fs7, fs7
core   0: 1 0x0000000080004a90 (0x2b7b8153) f2  0x7ff8000000000000
core   0: 0x0000000080004a94 (0x3a23f3cf) fnmadd.d ft7, ft7, ft2, ft7
core   0: 1 0x0000000080004a94 (0x3a23f3cf) f7  0x7ff8000000000000
core   0: 0x0000000080004a98 (0x9a0b7447) fmsub.d fs0, fs6, ft0, fs3
core   0: 1 0x0000000080004a98 (0x9a0b7447) f8  0x7ff8000000000000
core   0: 0x0000000080004a9c (0xc23c70d3) fcvt.lu.d ra, fs8
core   0: 1 0x0000000080004a9c (0xc23c70d3) c1_fflags 0x0000000000000011 x1  0xffffffffffffffff
core   0: 0x0000000080004aa0 (0xc23172d3) fcvt.lu.d t0, ft2
core   0: 1 0x0000000080004aa0 (0xc23172d3) c1_fflags 0x0000000000000011 x5  0xffffffffffffffff
core   0: 0x0000000080004aa4 (0x1a4279d3) fdiv.d  fs3, ft4, ft4
core   0: 1 0x0000000080004aa4 (0x1a4279d3) f19 0x7ff8000000000000
core   0: 0x0000000080004aa8 (0xf823f637) lui     a2, 0xf823f
core   0: 1 0x0000000080004aa8 (0xf823f637) x12 0xfffffffff823f000
core   0: 0x0000000080004aac (0x6ff6061b) addiw   a2, a2, 1791
core   0: 1 0x0000000080004aac (0x6ff6061b) x12 0xfffffffff823f6ff
core   0: 0x0000000080004ab0 (0x00000632) c.slli  a2, 12
core   0: 1 0x0000000080004ab0 (0x0632) x12 0xffffff823f6ff000
core   0: 0x0000000080004ab2 (0x28660613) addi    a2, a2, 646
core   0: 1 0x0000000080004ab2 (0x28660613) x12 0xffffff823f6ff286
core   0: 0x0000000080004ab6 (0x40318cbb) subw    s9, gp, gp
core   0: 1 0x0000000080004ab6 (0x40318cbb) x25 0x0000000000000000
core   0: 0x0000000080004aba (0x2b4096d3) fmax.d  fa3, ft1, fs4
core   0: 1 0x0000000080004aba (0x2b4096d3) f13 0x4000000000000000
core   0: 0x0000000080004abe (0x00d15b3b) srlw    s6, sp, a3
core   0: 1 0x0000000080004abe (0x00d15b3b) x22 0x0000000000000000
core   0: 0x0000000080004ac2 (0x9db86793) ori     a5, a6, -1573
core   0: 1 0x0000000080004ac2 (0x9db86793) x15 0xfffffffffffff9db
core   0: 0x0000000080004ac6 (0x01b2cab3) xor     s5, t0, s11
core   0: 1 0x0000000080004ac6 (0x01b2cab3) x21 0x00000000000007ff
core   0: 0x0000000080004aca (0x01be69b3) or      s3, t3, s11
core   0: 1 0x0000000080004aca (0x01be69b3) x19 0xfffffffffffff800
core   0: 0x0000000080004ace (0x00499a9b) slliw   s5, s3, 4
core   0: 1 0x0000000080004ace (0x00499a9b) x21 0xffffffffffff8000
core   0: 0x0000000080004ad2 (0x01670033) add     zero, a4, s6
core   0: 1 0x0000000080004ad2 (0x01670033)
core   0: 0x0000000080004ad6 (0xd2168853) fcvt.d.wu fa6, a3
core   0: 1 0x0000000080004ad6 (0xd2168853) f16 0x3ff0000000000000
core   0: 0x0000000080004ada (0xe20e05d3) fmv.x.d a1, ft8
core   0: 1 0x0000000080004ada (0xe20e05d3) x11 0xffffffff45280000
core   0: 0x0000000080004ade (0x03f61193) slli    gp, a2, 63
core   0: 1 0x0000000080004ade (0x03f61193) x3  0x0000000000000000
core   0: 0x0000000080004ae2 (0x1402d173) csrrwi  sp, sscratch, 5
core   0: 1 0x0000000080004ae2 (0x1402d173) x2  0x0000000000000000 c320_sscratch 0x0000000000000005
core   0: 0x0000000080004ae6 (0x00001e06) c.slli  t3, 33
core   0: 1 0x0000000080004ae6 (0x1e06) x28 0x0000000000000000
core   0: 0x0000000080004ae8 (0xd02e79d3) fcvt.s.l fs3, t3
core   0: 1 0x0000000080004ae8 (0xd02e79d3) f19 0xffffffff00000000
core   0: 0x0000000080004aec (0x039d22b7) lui     t0, 0x39d2
core   0: 1 0x0000000080004aec (0x039d22b7) x5  0x00000000039d2000
core   0: 0x0000000080004af0 (0x51d2829b) addiw   t0, t0, 1309
core   0: 1 0x0000000080004af0 (0x51d2829b) x5  0x00000000039d251d
core   0: 0x0000000080004af4 (0x000002b6) c.slli  t0, 13
core   0: 1 0x0000000080004af4 (0x02b6) x5  0x00000073a4a3a000
core   0: 0x0000000080004af6 (0xbf628293) addi    t0, t0, -1034
core   0: 1 0x0000000080004af6 (0xbf628293) x5  0x00000073a4a39bf6
core   0: 0x0000000080004afa (0xd2128553) fcvt.d.wu fa0, t0
core   0: 1 0x0000000080004afa (0xd2128553) f10 0x41e494737ec00000
core   0: 0x0000000080004afe (0x00221873) csrrw   a6, frm, tp
core   0: 1 0x0000000080004afe (0x00221873) x16 0x0000000000000000 c2_frm 0x0000000000000000
core   0: 0x0000000080004b02 (0xc23a7dd3) fcvt.lu.d s11, fs4
core   0: 1 0x0000000080004b02 (0xc23a7dd3) x27 0x0000000000000002
core   0: 0x0000000080004b06 (0xc02d79d3) fcvt.l.s s3, fs10
core   0: 1 0x0000000080004b06 (0xc02d79d3) c1_fflags 0x0000000000000011 x19 0x7fffffffffffffff
core   0: 0x0000000080004b0a (0x00306033) or      zero, zero, gp
core   0: 1 0x0000000080004b0a (0x00306033)
core   0: 0x0000000080004b0e (0xe85291b7) lui     gp, 0xe8529
core   0: 1 0x0000000080004b0e (0xe85291b7) x3  0xffffffffe8529000
core   0: 0x0000000080004b12 (0x0100583b) srlw    a6, zero, a6
core   0: 1 0x0000000080004b12 (0x0100583b) x16 0x0000000000000000
core   0: 0x0000000080004b16 (0x0128171b) slliw   a4, a6, 18
core   0: 1 0x0000000080004b16 (0x0128171b) x14 0x0000000000000000
core   0: 0x0000000080004b1a (0x03936e33) rem     t3, t1, s9
core   0: 1 0x0000000080004b1a (0x03936e33) x28 0xffffffffffffffff
core   0: 0x0000000080004b1e (0x00a0523b) srlw    tp, zero, a0
core   0: 1 0x0000000080004b1e (0x00a0523b) x4  0x0000000000000000
core   0: 0x0000000080004b22 (0x7ff98913) addi    s2, s3, 2047
core   0: 1 0x0000000080004b22 (0x7ff98913) x18 0x80000000000007fe
core   0: 0x0000000080004b26 (0xd21e0753) fcvt.d.wu fa4, t3
core   0: 1 0x0000000080004b26 (0xd21e0753) f14 0x41efffffffe00000
core   0: 0x0000000080004b2a (0x401f7953) fcvt.s.d fs2, ft10
core   0: 1 0x0000000080004b2a (0x401f7953) f18 0xffffffff7fc00000
core   0: 0x0000000080004b2e (0x00031593) slli    a1, t1, 0
core   0: 1 0x0000000080004b2e (0x00031593) x11 0xffffffffffffffff
core   0: 0x0000000080004b32 (0xc2177953) fcvt.wu.d s2, fa4
core   0: 1 0x0000000080004b32 (0xc2177953) x18 0xffffffffffffffff
core   0: 0x0000000080004b36 (0x4019dc13) srai    s8, s3, 1
core   0: 1 0x0000000080004b36 (0x4019dc13) x24 0x3fffffffffffffff
core   0: 0x0000000080004b3a (0x001e0793) addi    a5, t3, 1
core   0: 1 0x0000000080004b3a (0x001e0793) x15 0x0000000000000000
core   0: 0x0000000080004b3e (0x410908bb) subw    a7, s2, a6
core   0: 1 0x0000000080004b3e (0x410908bb) x17 0xffffffffffffffff
core   0: 0x0000000080004b42 (0x0ff0000f) fence   iorw,iorw
core   0: 1 0x0000000080004b42 (0x0ff0000f)
core   0: 0x0000000080004b46 (0x6e8ba917) auipc   s2, 0x6e8ba
core   0: 1 0x0000000080004b46 (0x6e8ba917) x18 0x00000000ee8beb46
core   0: 0x0000000080004b4a (0x00462e33) slt     t3, a2, tp
core   0: 1 0x0000000080004b4a (0x00462e33) x28 0x0000000000000001
core   0: 0x0000000080004b4e (0x03531693) slli    a3, t1, 53
core   0: 1 0x0000000080004b4e (0x03531693) x13 0xffe0000000000000
core   0: 0x0000000080004b52 (0x026e7f53) fadd.d  ft10, ft8, ft6
core   0: 1 0x0000000080004b52 (0x026e7f53) f30 0x7ff8000000000000
core   0: 0x0000000080004b56 (0x016b7733) and     a4, s6, s6
core   0: 1 0x0000000080004b56 (0x016b7733) x14 0x0000000000000000
core   0: 0x0000000080004b5a (0x0309683b) remw    a6, s2, a6
core   0: 1 0x0000000080004b5a (0x0309683b) x16 0xffffffffee8beb46
core   0: 0x0000000080004b5e (0x80086893) ori     a7, a6, -2048
core   0: 1 0x0000000080004b5e (0x80086893) x17 0xfffffffffffffb46
core   0: 0x0000000080004b62 (0x40a5d993) srai    s3, a1, 10
core   0: 1 0x0000000080004b62 (0x40a5d993) x19 0xffffffffffffffff
core   0: 0x0000000080004b66 (0x001313f3) csrrw   t2, fflags, t1
core   0: 1 0x0000000080004b66 (0x001313f3) x7  0x0000000000000011 c1_fflags 0x000000000000001f
core   0: 0x0000000080004b6a (0x57bd2537) lui     a0, 0x57bd2
core   0: 1 0x0000000080004b6a (0x57bd2537) x10 0x0000000057bd2000
core   0: 0x0000000080004b6e (0x0339ab33) mulhsu  s6, s3, s3
core   0: 1 0x0000000080004b6e (0x0339ab33) x22 0xffffffffffffffff
core   0: 0x0000000080004b72 (0x01352bb3) slt     s7, a0, s3
core   0: 1 0x0000000080004b72 (0x01352bb3) x23 0x0000000000000000
core   0: 0x0000000080004b76 (0x010986b3) add     a3, s3, a6
core   0: 1 0x0000000080004b76 (0x010986b3) x13 0xffffffffee8beb45
core   0: 0x0000000080004b7a (0x5a03fa53) fsqrt.d fs4, ft7
core   0: 1 0x0000000080004b7a (0x5a03fa53) f20 0x7ff8000000000000
core   0: 0x0000000080004b7e (0x7ff50b93) addi    s7, a0, 2047
core   0: 1 0x0000000080004b7e (0x7ff50b93) x23 0x0000000057bd27ff
core   0: 0x0000000080004b82 (0xd2168cd3) fcvt.d.wu fs9, a3
core   0: 1 0x0000000080004b82 (0xd2168cd3) f25 0x41edd17d68a00000
core   0: 0x0000000080004b86 (0xbc550713) addi    a4, a0, -1083
core   0: 1 0x0000000080004b86 (0xbc550713) x14 0x0000000057bd1bc5
core   0: 0x0000000080004b8a (0x002715bb) sllw    a1, a4, sp
core   0: 1 0x0000000080004b8a (0x002715bb) x11 0x0000000057bd1bc5
core   0: 0x0000000080004b8e (0x00000001) c.nop
core   0: 1 0x0000000080004b8e (0x0001)
core   0: 0x0000000080004b90 (0x01c40e3b) addw    t3, s0, t3
core   0: 1 0x0000000080004b90 (0x01c40e3b) x28 0x0000000012958001
core   0: 0x0000000080004b94 (0x4063063b) subw    a2, t1, t1
core   0: 1 0x0000000080004b94 (0x4063063b) x12 0x0000000000000000
core   0: 0x0000000080004b98 (0xf002a817) auipc   a6, 0xf002a
core   0: 1 0x0000000080004b98 (0xf002a817) x16 0x000000007002eb98
core   0: 0x0000000080004b9c (0xc22cfed3) fcvt.l.d t4, fs9
core   0: 1 0x0000000080004b9c (0xc22cfed3) x29 0x00000000ee8beb45
core   0: 0x0000000080004ba0 (0x031e97b3) mulh    a5, t4, a7
core   0: 1 0x0000000080004ba0 (0x031e97b3) x15 0xffffffffffffffff
core   0: 0x0000000080004ba4 (0xa3890253) fle.d   tp, fs2, fs8
core   0: 1 0x0000000080004ba4 (0xa3890253) c1_fflags 0x000000000000001f x4  0x0000000000000000
core   0: 0x0000000080004ba8 (0xca74f4c7) fmsub.d fs1, fs1, ft7, fs9
core   0: 1 0x0000000080004ba8 (0xca74f4c7) f9  0x7ff8000000000000
core   0: 0x0000000080004bac (0x2a650353) fmin.d  ft6, fa0, ft6
core   0: 1 0x0000000080004bac (0x2a650353) f6  0x8000000000000000
core   0: 0x0000000080004bb0 (0x0a297ed3) fsub.d  ft9, fs2, ft2
core   0: 1 0x0000000080004bb0 (0x0a297ed3) f29 0x7ff8000000000000
core   0: 0x0000000080004bb4 (0x00000001) c.nop
core   0: 1 0x0000000080004bb4 (0x0001)
core   0: 0x0000000080004bb6 (0x00221df3) csrrw   s11, frm, tp
core   0: 1 0x0000000080004bb6 (0x00221df3) x27 0x0000000000000000 c2_frm 0x0000000000000000
core   0: 0x0000000080004bba (0xc02e7e53) fcvt.l.s t3, ft8
core   0: 1 0x0000000080004bba (0xc02e7e53) x28 0x0000000000000a80
core   0: 0x0000000080004bbe (0x23de96d3) fsgnjn.d fa3, ft9, ft9
core   0: 1 0x0000000080004bbe (0x23de96d3) f13 0xfff8000000000000
core   0: 0x0000000080004bc2 (0xed5e53b7) lui     t2, 0xed5e5
core   0: 1 0x0000000080004bc2 (0xed5e53b7) x7  0xffffffffed5e5000
core   0: 0x0000000080004bc6 (0x40db063b) subw    a2, s6, a3
core   0: 1 0x0000000080004bc6 (0x40db063b) x12 0x00000000117414ba
core   0: 0x0000000080004bca (0xc22970d3) fcvt.l.d ra, fs2
core   0: 1 0x0000000080004bca (0xc22970d3) c1_fflags 0x000000000000001f x1  0x7fffffffffffffff
core   0: 0x0000000080004bce (0x226e9653) fsgnjn.d fa2, ft9, ft6
core   0: 1 0x0000000080004bce (0x226e9653) f12 0x7ff8000000000000
core   0: 0x0000000080004bd2 (0xead36417) auipc   s0, 0xead36
core   0: 1 0x0000000080004bd2 (0xead36417) x8  0x000000006ad3abd2
core   0: 0x0000000080004bd6 (0x01f5d59b) srliw   a1, a1, 31
core   0: 1 0x0000000080004bd6 (0x01f5d59b) x11 0x0000000000000000
core   0: 0x0000000080004bda (0x0376d3bb) divuw   t2, a3, s7
core   0: 1 0x0000000080004bda (0x0376d3bb) x7  0x0000000000000002
core   0: 0x0000000080004bde (0x0ac6f153) fsub.d  ft2, fa3, fa2
core   0: 1 0x0000000080004bde (0x0ac6f153) f2  0x7ff8000000000000
core   0: 0x0000000080004be2 (0x00d285bb) addw    a1, t0, a3
core   0: 1 0x0000000080004be2 (0x00d285bb) x11 0xffffffff932f873b
core   0: 0x0000000080004be6 (0xd023f253) fcvt.s.l ft4, t2
core   0: 1 0x0000000080004be6 (0xd023f253) f4  0xffffffff40000000
core   0: 0x0000000080004bea (0x02004dbb) divw    s11, zero, zero
core   0: 1 0x0000000080004bea (0x02004dbb) x27 0xffffffffffffffff
core   0: 0x0000000080004bee (0x02d4b0b3) mulhu   ra, s1, a3
core   0: 1 0x0000000080004bee (0x02d4b0b3) x1  0x0000000000000b03
core   0: 0x0000000080004bf2 (0x001a9c3b) sllw    s8, s5, ra
core   0: 1 0x0000000080004bf2 (0x001a9c3b) x24 0xfffffffffffc0000
core   0: 0x0000000080004bf6 (0x13b27d53) fmul.d  fs10, ft4, fs11
core   0: 1 0x0000000080004bf6 (0x13b27d53) f26 0x7ff8000000000000
core   0: 0x0000000080004bfa (0x2b7a8853) fmin.d  fa6, fs5, fs7
core   0: 1 0x0000000080004bfa (0x2b7a8853) f16 0x000000008000450e
core   0: 0x0000000080004bfe (0x02c37633) remu    a2, t1, a2
core   0: 1 0x0000000080004bfe (0x02c37633) x12 0x000000000d90dfa3
core   0: 0x0000000080004c02 (0xfffd019b) addiw   gp, s10, -1
core   0: 1 0x0000000080004c02 (0xfffd019b) x3  0xffffffffffffffff
core   0: 0x0000000080004c06 (0xb604d397) auipc   t2, 0xb604d
core   0: 1 0x0000000080004c06 (0xb604d397) x7  0x0000000036051c06
core   0: 0x0000000080004c0a (0x01819e9b) slliw   t4, gp, 24
core   0: 1 0x0000000080004c0a (0x01819e9b) x29 0xffffffffff000000
core   0: 0x0000000080004c0e (0xf20d84d3) fmv.d.x fs1, s11
core   0: 1 0x0000000080004c0e (0xf20d84d3) f9  0xffffffffffffffff
core   0: 0x0000000080004c12 (0x7c7e819b) addiw   gp, t4, 1991
core   0: 1 0x0000000080004c12 (0x7c7e819b) x3  0xffffffffff0007c7
core   0: 0x0000000080004c16 (0xc0133273) csrrc   tp, time, t1
core   0: exception trap_illegal_instruction, epc 0x0000000080004c16
core   0:           tval 0x00000000c0133273
core   0: >>>>  $xrv64i2p1_m2p0_a2p1_f2p2_d2p2_zicsr2p0_zifencei2p0_zmmul1p0_zba1p0_zbb1p0_zbc1p0_zbs1p0
core   0: 0x0000000080004000 (0x0080006f) j       pc + 0x8
core   0: 3 0x0000000080004000 (0x0080006f)
core   0: >>>>  mmode_exception_handler
core   0: 0x0000000080004008 (0x00002c17) auipc   s8, 0x2
core   0: 3 0x0000000080004008 (0x00002c17) x24 0x0000000080006008
core   0: 0x000000008000400c (0x0d8c0c13) addi    s8, s8, 216
core   0: 3 0x000000008000400c (0x0d8c0c13) x24 0x00000000800060e0
core   0: 0x0000000080004010 (0x000c00e7) jalr    s8
core   0: 3 0x0000000080004010 (0x000c00e7) x1  0x0000000080004014
core   0: >>>>  any_handler
core   0: 0x00000000800060e0 (0x341027f3) csrrs   a5, mepc, zero
core   0: 3 0x00000000800060e0 (0x341027f3) x15 0x0000000080004c16
core   0: 0x00000000800060e4 (0x34202773) csrrs   a4, mcause, zero
core   0: 3 0x00000000800060e4 (0x34202773) x14 0x0000000000000002
core   0: 0x00000000800060e8 (0x142026f3) csrrs   a3, scause, zero
core   0: 3 0x00000000800060e8 (0x142026f3) x13 0x0000000000000001
core   0: 0x00000000800060ec (0x30402673) csrrs   a2, mie, zero
core   0: 3 0x00000000800060ec (0x30402673) x12 0x0000000000000a00
core   0: 0x00000000800060f0 (0x344025f3) csrrs   a1, mip, zero
core   0: 3 0x00000000800060f0 (0x344025f3) x11 0x0000000000000080
core   0: 0x00000000800060f4 (0x343025f3) csrrs   a1, mtval, zero
core   0: 3 0x00000000800060f4 (0x343025f3) x11 0x00000000c0133273
core   0: 0x00000000800060f8 (0x14302573) csrrs   a0, stval, zero
core   0: 3 0x00000000800060f8 (0x14302573) x10 0x0000000000000000
core   0: 0x00000000800060fc (0xb02024f3) csrrs   s1, minstret, zero
core   0: 3 0x00000000800060fc (0xb02024f3) x9  0x0000000000000b79
core   0: 0x0000000080006100 (0x0000a811) c.j     pc + 20
core   0: 3 0x0000000080006100 (0xa811)
core   0: >>>>  mepc_4
core   0: 0x0000000080006114 (0x00000791) c.addi  a5, 4
core   0: 3 0x0000000080006114 (0x0791) x15 0x0000000080004c1a
core   0: 0x0000000080006116 (0x34179073) csrrw   zero, mepc, a5
core   0: 3 0x0000000080006116 (0x34179073) c833_mepc 0x0000000080004c1a
core   0: 0x000000008000611a (0x30200073) mret
core   0: 3 0x000000008000611a (0x30200073) c768_mstatus 0x8000000a00106080
core   0: 0x0000000080004c1a (0x023645bb) divw    a1, a2, gp
core   0: 1 0x0000000080004c1a (0x023645bb) x11 0x0000000000000000
core   0: 0x0000000080004c1e (0x1360fc53) fmul.d  fs8, ft1, fs6
core   0: 1 0x0000000080004c1e (0x1360fc53) f24 0x7ff8000000000000
core   0: 0x0000000080004c22 (0xd0247353) fcvt.s.l ft6, s0
core   0: 1 0x0000000080004c22 (0xd0247353) c1_fflags 0x000000000000001f f6  0xffffffff4ed5a758
core   0: 0x0000000080004c26 (0x4015d213) srai    tp, a1, 1
core   0: 1 0x0000000080004c26 (0x4015d213) x4  0x0000000000000000
core   0: 0x0000000080004c2a (0x01ce163b) sllw    a2, t3, t3
core   0: 1 0x0000000080004c2a (0x01ce163b) x12 0x0000000000000a80
core   0: 0x0000000080004c2e (0x1a31f9d3) fdiv.d  fs3, ft3, ft3
core   0: 1 0x0000000080004c2e (0x1a31f9d3) f19 0x3ff0000000000000
core   0: 0x0000000080004c32 (0x7c2ccc37) lui     s8, 0x7c2cc
core   0: 1 0x0000000080004c32 (0x7c2ccc37) x24 0x000000007c2cc000
core   0: 0x0000000080004c36 (0x00061913) slli    s2, a2, 0
core   0: 1 0x0000000080004c36 (0x00061913) x18 0x0000000000000a80
core   0: 0x0000000080004c3a (0x347c4d93) xori    s11, s8, 839
core   0: 1 0x0000000080004c3a (0x347c4d93) x27 0x000000007c2cc347
core   0: 0x0000000080004c3e (0x0019081b) addiw   a6, s2, 1
core   0: 1 0x0000000080004c3e (0x0019081b) x16 0x0000000000000a81
core   0: 0x0000000080004c42 (0xc025f2d3) fcvt.l.s t0, fa1
core   0: 1 0x0000000080004c42 (0xc025f2d3) c1_fflags 0x000000000000001f x5  0x7fffffffffffffff
core   0: 0x0000000080004c46 (0x2b3a86d3) fmin.d  fa3, fs5, fs3
core   0: 1 0x0000000080004c46 (0x2b3a86d3) f13 0x000000008000450e
core   0: 0x0000000080004c4a (0x9be6f5c7) fmsub.d fa1, fa3, ft10, fs3
core   0: 1 0x0000000080004c4a (0x9be6f5c7) f11 0x7ff8000000000000
core   0: 0x0000000080004c4e (0xd03cf453) fcvt.s.lu fs0, s9
core   0: 1 0x0000000080004c4e (0xd03cf453) f8  0xffffffff00000000
core   0: 0x0000000080004c52 (0xc21ef253) fcvt.wu.d tp, ft9
core   0: 1 0x0000000080004c52 (0xc21ef253) c1_fflags 0x000000000000001f x4  0xffffffffffffffff
core   0: 0x0000000080004c56 (0x026a40bb) divw    ra, s4, t1
core   0: 1 0x0000000080004c56 (0x026a40bb) x1  0x0000000000000000
core   0: 0x0000000080004c5a (0x420405d3) fcvt.d.s fa1, fs0
core   0: 1 0x0000000080004c5a (0x420405d3) f11 0x0000000000000000
core   0: 0x0000000080004c5e (0x41200633) sub     a2, zero, s2
core   0: 1 0x0000000080004c5e (0x41200633) x12 0xfffffffffffff580
core   0: 0x0000000080004c62 (0x03391713) slli    a4, s2, 51
core   0: 1 0x0000000080004c62 (0x03391713) x14 0x5400000000000000
core   0: 0x0000000080004c66 (0x006707bb) addw    a5, a4, t1
core   0: 1 0x0000000080004c66 (0x006707bb) x15 0xffffffffffffffff
core   0: 0x0000000080004c6a (0x7ff78c9b) addiw   s9, a5, 2047
core   0: 1 0x0000000080004c6a (0x7ff78c9b) x25 0x00000000000007fe
core   0: 0x0000000080004c6e (0x039cadb3) mulhsu  s11, s9, s9
core   0: 1 0x0000000080004c6e (0x039cadb3) x27 0x0000000000000000
core   0: 0x0000000080004c72 (0x030adeb3) divu    t4, s5, a6
core   0: 1 0x0000000080004c72 (0x030adeb3) x29 0x00185f33e2ad7587
core   0: 0x0000000080004c76 (0x0294c6bb) divw    a3, s1, s1
core   0: 1 0x0000000080004c76 (0x0294c6bb) x13 0x0000000000000001
core   0: 0x0000000080004c7a (0x303c2c73) csrrs   s8, mideleg, s8
core   0: exception trap_illegal_instruction, epc 0x0000000080004c7a
core   0:           tval 0x00000000303c2c73
core   0: >>>>  $xrv64i2p1_m2p0_a2p1_f2p2_d2p2_zicsr2p0_zifencei2p0_zmmul1p0_zba1p0_zbb1p0_zbc1p0_zbs1p0
core   0: 0x0000000080004000 (0x0080006f) j       pc + 0x8
core   0: 3 0x0000000080004000 (0x0080006f)
core   0: >>>>  mmode_exception_handler
core   0: 0x0000000080004008 (0x00002c17) auipc   s8, 0x2
core   0: 3 0x0000000080004008 (0x00002c17) x24 0x0000000080006008
core   0: 0x000000008000400c (0x0d8c0c13) addi    s8, s8, 216
core   0: 3 0x000000008000400c (0x0d8c0c13) x24 0x00000000800060e0
core   0: 0x0000000080004010 (0x000c00e7) jalr    s8
core   0: 3 0x0000000080004010 (0x000c00e7) x1  0x0000000080004014
core   0: >>>>  any_handler
core   0: 0x00000000800060e0 (0x341027f3) csrrs   a5, mepc, zero
core   0: 3 0x00000000800060e0 (0x341027f3) x15 0x0000000080004c7a
core   0: 0x00000000800060e4 (0x34202773) csrrs   a4, mcause, zero
core   0: 3 0x00000000800060e4 (0x34202773) x14 0x0000000000000002
core   0: 0x00000000800060e8 (0x142026f3) csrrs   a3, scause, zero
core   0: 3 0x00000000800060e8 (0x142026f3) x13 0x0000000000000001
core   0: 0x00000000800060ec (0x30402673) csrrs   a2, mie, zero
core   0: 3 0x00000000800060ec (0x30402673) x12 0x0000000000000a00
core   0: 0x00000000800060f0 (0x344025f3) csrrs   a1, mip, zero
core   0: 3 0x00000000800060f0 (0x344025f3) x11 0x0000000000000080
core   0: 0x00000000800060f4 (0x343025f3) csrrs   a1, mtval, zero
core   0: 3 0x00000000800060f4 (0x343025f3) x11 0x00000000303c2c73
core   0: 0x00000000800060f8 (0x14302573) csrrs   a0, stval, zero
core   0: 3 0x00000000800060f8 (0x14302573) x10 0x0000000000000000
core   0: 0x00000000800060fc (0xb02024f3) csrrs   s1, minstret, zero
core   0: 3 0x00000000800060fc (0xb02024f3) x9  0x0000000000000ba1
core   0: 0x0000000080006100 (0x0000a811) c.j     pc + 20
core   0: 3 0x0000000080006100 (0xa811)
core   0: >>>>  mepc_4
core   0: 0x0000000080006114 (0x00000791) c.addi  a5, 4
core   0: 3 0x0000000080006114 (0x0791) x15 0x0000000080004c7e
core   0: 0x0000000080006116 (0x34179073) csrrw   zero, mepc, a5
core   0: 3 0x0000000080006116 (0x34179073) c833_mepc 0x0000000080004c7e
core   0: 0x000000008000611a (0x30200073) mret
core   0: 3 0x000000008000611a (0x30200073) c768_mstatus 0x8000000a00106080
core   0: 0x0000000080004c7e (0x6a25fa4b) fnmsub.d fs4, fa1, ft2, fa3
core   0: 1 0x0000000080004c7e (0x6a25fa4b) f20 0x7ff8000000000000
core   0: 0x0000000080004c82 (0xc333fc47) fmsub.d fs8, ft7, fs3, fs8
core   0: 1 0x0000000080004c82 (0xc333fc47) f24 0x7ff8000000000000
core   0: 0x0000000080004c86 (0x0014111b) slliw   sp, s0, 1
core   0: 1 0x0000000080004c86 (0x0014111b) x2  0xffffffffd5a757a4
core   0: 0x0000000080004c8a (0xfb7c7a43) fmadd.d fs4, fs8, fs7, ft11
core   0: 1 0x0000000080004c8a (0xfb7c7a43) f20 0x7ff8000000000000
core   0: 0x0000000080004c8e (0x02226233) rem     tp, tp, sp
core   0: 1 0x0000000080004c8e (0x02226233) x4  0xffffffffffffffff
core   0: 0x0000000080004c92 (0x405c563b) sraw    a2, s8, t0
core   0: 1 0x0000000080004c92 (0x405c563b) x12 0xffffffffffffffff
core   0: 0x0000000080004c96 (0xd02c75d3) fcvt.s.l fa1, s8
core   0: 1 0x0000000080004c96 (0xd02c75d3) c1_fflags 0x000000000000001f f11 0xffffffff4f000061
core   0: 0x0000000080004c9a (0xd22c72d3) fcvt.d.l ft5, s8
core   0: 1 0x0000000080004c9a (0xd22c72d3) f5  0x41e0000c1c000000
core   0: 0x0000000080004c9e (0x00000001) c.nop
core   0: 1 0x0000000080004c9e (0x0001)
core   0: 0x0000000080004ca0 (0xe96c6a13) ori     s4, s8, -362
core   0: 1 0x0000000080004ca0 (0xe96c6a13) x20 0xfffffffffffffef6
core   0: 0x0000000080004ca4 (0x00c61e93) slli    t4, a2, 12
core   0: 1 0x0000000080004ca4 (0x00c61e93) x29 0xfffffffffffff000
core   0: 0x0000000080004ca8 (0x01d5fe33) and     t3, a1, t4
core   0: 1 0x0000000080004ca8 (0x01d5fe33) x28 0x00000000303c2000
core   0: 0x0000000080004cac (0x001720b7) lui     ra, 0x172
core   0: 1 0x0000000080004cac (0x001720b7) x1  0x0000000000172000
core   0: 0x0000000080004cb0 (0xcd30809b) addiw   ra, ra, -813
core   0: 1 0x0000000080004cb0 (0xcd30809b) x1  0x0000000000171cd3
core   0: 0x0000000080004cb4 (0x000000c6) c.slli  ra, 17
core   0: 1 0x0000000080004cb4 (0x00c6) x1  0x0000002e39a60000
core   0: 0x0000000080004cb6 (0x38308093) addi    ra, ra, 899
core   0: 1 0x0000000080004cb6 (0x38308093) x1  0x0000002e39a60383
core   0: 0x0000000080004cba (0x6dce6013) ori     zero, t3, 1756
core   0: 1 0x0000000080004cba (0x6dce6013)
core   0: 0x0000000080004cbe (0x0345f0d3) fadd.d  ft1, fa1, fs4
core   0: 1 0x0000000080004cbe (0x0345f0d3) f1  0x7ff8000000000000
core   0: 0x0000000080004cc2 (0x0755061b) addiw   a2, a0, 117
core   0: 1 0x0000000080004cc2 (0x0755061b) x12 0x0000000000000075
core   0: 0x0000000080004cc6 (0x00102ef3) csrrs   t4, fflags, zero
core   0: 1 0x0000000080004cc6 (0x00102ef3) x29 0x000000000000001f
core   0: 0x0000000080004cca (0x22199fd3) fsgnjn.d ft11, fs3, ft1
core   0: 1 0x0000000080004cca (0x22199fd3) f31 0xbff0000000000000
core   0: 0x0000000080004cce (0x00000001) c.nop
core   0: 1 0x0000000080004cce (0x0001)
core   0: 0x0000000080004cd0 (0x0a59fecf) fnmadd.d ft9, fs3, ft5, ft1
core   0: 1 0x0000000080004cd0 (0x0a59fecf) f29 0x7ff8000000000000
core   0: 0x0000000080004cd4 (0x13ff7f53) fmul.d  ft10, ft10, ft11
core   0: 1 0x0000000080004cd4 (0x13ff7f53) f30 0x7ff8000000000000
core   0: 0x0000000080004cd8 (0x033ee03b) remw    zero, t4, s3
core   0: 1 0x0000000080004cd8 (0x033ee03b)
core   0: 0x0000000080004cdc (0x0139c133) xor     sp, s3, s3
core   0: 1 0x0000000080004cdc (0x0139c133) x2  0x0000000000000000
core   0: 0x0000000080004ce0 (0x0021c1b3) xor     gp, gp, sp
core   0: 1 0x0000000080004ce0 (0x0021c1b3) x3  0xffffffffff0007c7
core   0: 0x0000000080004ce4 (0x2265ab53) fsgnjx.d fs6, fa1, ft6
core   0: 1 0x0000000080004ce4 (0x2265ab53) f22 0x7fffffff4f000061
core   0: 0x0000000080004ce8 (0x012a9cb7) lui     s9, 0x12a9
core   0: 1 0x0000000080004ce8 (0x012a9cb7) x25 0x00000000012a9000
core   0: 0x0000000080004cec (0xaddc8c9b) addiw   s9, s9, -1315
core   0: 1 0x0000000080004cec (0xaddc8c9b) x25 0x00000000012a8add
core   0: 0x0000000080004cf0 (0x00000cba) c.slli  s9, 14
core   0: 1 0x0000000080004cf0 (0x0cba) x25 0x0000004aa2b74000
core   0: 0x0000000080004cf2 (0x38ac8c93) addi    s9, s9, 906
core   0: 1 0x0000000080004cf2 (0x38ac8c93) x25 0x0000004aa2b7438a
core   0: 0x0000000080004cf6 (0x0393f3bb) remuw   t2, t2, s9
core   0: 1 0x0000000080004cf6 (0x0393f3bb) x7  0x0000000036051c06
core   0: 0x0000000080004cfa (0x8001e293) ori     t0, gp, -2048
core   0: 1 0x0000000080004cfa (0x8001e293) x5  0xffffffffffffffc7
core   0: 0x0000000080004cfe (0x01938933) add     s2, t2, s9
core   0: 1 0x0000000080004cfe (0x01938933) x18 0x0000004ad8bc5f90
core   0: 0x0000000080004d02 (0x00000001) c.nop
core   0: 1 0x0000000080004d02 (0x0001)
core   0: 0x0000000080004d04 (0x01112133) slt     sp, sp, a7
core   0: 1 0x0000000080004d04 (0x01112133) x2  0x0000000000000000
core   0: 0x0000000080004d08 (0x02b1043b) mulw    s0, sp, a1
core   0: 1 0x0000000080004d08 (0x02b1043b) x8  0x0000000000000000
core   0: 0x0000000080004d0c (0x4149da3b) sraw    s4, s3, s4
core   0: 1 0x0000000080004d0c (0x4149da3b) x20 0xffffffffffffffff
core   0: 0x0000000080004d10 (0xd879801b) addiw   zero, s3, -633
core   0: 1 0x0000000080004d10 (0xd879801b)
core   0: 0x0000000080004d14 (0xd0010c13) addi    s8, sp, -768
core   0: 1 0x0000000080004d14 (0xd0010c13) x24 0xfffffffffffffd00
core   0: 0x0000000080004d18 (0x6a2c6293) ori     t0, s8, 1698
core   0: 1 0x0000000080004d18 (0x6a2c6293) x5  0xffffffffffffffa2
core   0: 0x0000000080004d1c (0x0ab5fc53) fsub.d  fs8, fa1, fa1
core   0: 1 0x0000000080004d1c (0x0ab5fc53) f24 0x7ff8000000000000
core   0: 0x0000000080004d20 (0xb932849b) addiw   s1, t0, -1133
core   0: 1 0x0000000080004d20 (0xb932849b) x9  0xfffffffffffffb35
core   0: 0x0000000080004d24 (0x005a01b3) add     gp, s4, t0
core   0: 1 0x0000000080004d24 (0x005a01b3) x3  0xffffffffffffffa1
core   0: 0x0000000080004d28 (0xe20597d3) fclass.d a5, fa1
core   0: 1 0x0000000080004d28 (0xe20597d3) x15 0x0000000000000200
core   0: 0x0000000080004d2c (0xd20d8a53) fcvt.d.w fs4, s11
core   0: 1 0x0000000080004d2c (0xd20d8a53) f20 0x0000000000000000
core   0: 0x0000000080004d30 (0x03b57c3b) remuw   s8, a0, s11
core   0: 1 0x0000000080004d30 (0x03b57c3b) x24 0x0000000000000000
core   0: 0x0000000080004d34 (0x53397547) fmsub.d fa0, fs2, fs3, fa0
core   0: 1 0x0000000080004d34 (0x53397547) f10 0x7ff8000000000000
core   0: 0x0000000080004d38 (0x40187853) fcvt.s.d fa6, fa6
core   0: 1 0x0000000080004d38 (0x40187853) c1_fflags 0x000000000000001f f16 0xffffffff00000000
core   0: 0x0000000080004d3c (0x234827d3) fsgnjx.d fa5, fa6, fs4
core   0: 1 0x0000000080004d3c (0x234827d3) f15 0xffffffff00000000
core   0: 0x0000000080004d40 (0x2344add3) fsgnjx.d fs11, fs1, fs4
core   0: 1 0x0000000080004d40 (0x2344add3) f27 0xffffffffffffffff
core   0: 0x0000000080004d44 (0xd03578d3) fcvt.s.lu fa7, a0
core   0: 1 0x0000000080004d44 (0xd03578d3) f17 0xffffffff00000000
core   0: 0x0000000080004d48 (0x00129ef3) csrrw   t4, fflags, t0
core   0: 1 0x0000000080004d48 (0x00129ef3) x29 0x000000000000001f c1_fflags 0x0000000000000002
core   0: 0x0000000080004d4c (0x5a04fdd3) fsqrt.d fs11, fs1
core   0: 1 0x0000000080004d4c (0x5a04fdd3) f27 0x7ff8000000000000
core   0: 0x0000000080004d50 (0x0013fb13) andi    s6, t2, 1
core   0: 1 0x0000000080004d50 (0x0013fb13) x22 0x0000000000000000
core   0: 0x0000000080004d54 (0x43bb5593) srai    a1, s6, 59
core   0: 1 0x0000000080004d54 (0x43bb5593) x11 0x0000000000000000
core   0: 0x0000000080004d58 (0xbe4f9e17) auipc   t3, 0xbe4f9
core   0: 1 0x0000000080004d58 (0xbe4f9e17) x28 0x000000003e4fdd58
core   0: 0x0000000080004d5c (0xd2068f53) fcvt.d.w ft10, a3
core   0: 1 0x0000000080004d5c (0xd2068f53) f30 0x3ff0000000000000
core   0: 0x0000000080004d60 (0x4dd6f893) andi    a7, a3, 1245
core   0: 1 0x0000000080004d60 (0x4dd6f893) x17 0x0000000000000001
core   0: 0x0000000080004d64 (0x4147d43b) sraw    s0, a5, s4
core   0: 1 0x0000000080004d64 (0x4147d43b) x8  0x0000000000000000
core   0: 0x0000000080004d68 (0x420e87d3) fcvt.d.s fa5, ft9
core   0: 1 0x0000000080004d68 (0x420e87d3) f15 0x7ff8000000000000
core   0: 0x0000000080004d6c (0x02b425b3) mulhsu  a1, s0, a1
core   0: 1 0x0000000080004d6c (0x02b425b3) x11 0x0000000000000000
core   0: 0x0000000080004d70 (0xd23a72d3) fcvt.d.lu ft5, s4
core   0: 1 0x0000000080004d70 (0xd23a72d3) c1_fflags 0x0000000000000003 f5  0x43f0000000000000
core   0: 0x0000000080004d74 (0x40137853) fcvt.s.d fa6, ft6
core   0: 1 0x0000000080004d74 (0x40137853) f16 0xffffffff7fc00000
core   0: 0x0000000080004d78 (0xeb8ff747) fmsub.d fa4, ft11, fs8, ft9
core   0: 1 0x0000000080004d78 (0xeb8ff747) f14 0x7ff8000000000000
core   0: 0x0000000080004d7c (0x01d51db3) sll     s11, a0, t4
core   0: 1 0x0000000080004d7c (0x01d51db3) x27 0x0000000000000000
core   0: 0x0000000080004d80 (0x003af2b3) and     t0, s5, gp
core   0: 1 0x0000000080004d80 (0x003af2b3) x5  0xffffffffffff8000
core   0: 0x0000000080004d84 (0x0142589b) srliw   a7, tp, 20
core   0: 1 0x0000000080004d84 (0x0142589b) x17 0x0000000000000fff
core   0: 0x0000000080004d88 (0x41f4541b) sraiw   s0, s0, 31
core   0: 1 0x0000000080004d88 (0x41f4541b) x8  0x0000000000000000
core   0: 0x0000000080004d8c (0xf20508d3) fmv.d.x fa7, a0
core   0: 1 0x0000000080004d8c (0xf20508d3) f17 0x0000000000000000
core   0: 0x0000000080004d90 (0x000b191b) slliw   s2, s6, 0
core   0: 1 0x0000000080004d90 (0x000b191b) x18 0x0000000000000000
core   0: 0x0000000080004d94 (0x03286e33) rem     t3, a6, s2
core   0: 1 0x0000000080004d94 (0x03286e33) x28 0x0000000000000a81
core   0: 0x0000000080004d98 (0x01921cbb) sllw    s9, tp, s9
core   0: 1 0x0000000080004d98 (0x01921cbb) x25 0xfffffffffffffc00
core   0: 0x0000000080004d9c (0x00102b73) csrrs   s6, fflags, zero
core   0: 1 0x0000000080004d9c (0x00102b73) x22 0x0000000000000003
core   0: 0x0000000080004da0 (0x141268f3) csrrsi  a7, sepc, 4
core   0: 1 0x0000000080004da0 (0x141268f3) x17 0x0000000000000000 c321_sepc 0x0000000000000004
core   0: 0x0000000080004da4 (0x02f1d193) srli    gp, gp, 47
core   0: 1 0x0000000080004da4 (0x02f1d193) x3  0x000000000001ffff
core   0: 0x0000000080004da8 (0x41f1db1b) sraiw   s6, gp, 31
core   0: 1 0x0000000080004da8 (0x41f1db1b) x22 0x0000000000000000
core   0: 0x0000000080004dac (0x0361b2b3) mulhu   t0, gp, s6
core   0: 1 0x0000000080004dac (0x0361b2b3) x5  0x0000000000000000
core   0: 0x0000000080004db0 (0x0050c233) xor     tp, ra, t0
core   0: 1 0x0000000080004db0 (0x0050c233) x4  0x0000002e39a60383
core   0: 0x0000000080004db4 (0x43fe5e13) srai    t3, t3, 63
core   0: 1 0x0000000080004db4 (0x43fe5e13) x28 0x0000000000000000
core   0: 0x0000000080004db8 (0xc0247453) fcvt.l.s s0, fs0
core   0: 1 0x0000000080004db8 (0xc0247453) x8  0x0000000000000000
core   0: 0x0000000080004dbc (0x03c3f3bb) remuw   t2, t2, t3
core   0: 1 0x0000000080004dbc (0x03c3f3bb) x7  0x0000000036051c06
core   0: 0x0000000080004dc0 (0x22498153) fsgnj.d ft2, fs3, ft4
core   0: 1 0x0000000080004dc0 (0x22498153) f2  0xbff0000000000000
core   0: 0x0000000080004dc4 (0x3a27f793) andi    a5, a5, 930
core   0: 1 0x0000000080004dc4 (0x3a27f793) x15 0x0000000000000200
core   0: 0x0000000080004dc8 (0x00031913) slli    s2, t1, 0
core   0: 1 0x0000000080004dc8 (0x00031913) x18 0xffffffffffffffff
core   0: 0x0000000080004dcc (0x00202b73) csrrs   s6, frm, zero
core   0: 1 0x0000000080004dcc (0x00202b73) x22 0x0000000000000000
core   0: 0x0000000080004dd0 (0x80a7f793) andi    a5, a5, -2038
core   0: 1 0x0000000080004dd0 (0x80a7f793) x15 0x0000000000000000
core   0: 0x0000000080004dd4 (0x016292bb) sllw    t0, t0, s6
core   0: 1 0x0000000080004dd4 (0x016292bb) x5  0x0000000000000000
core   0: 0x0000000080004dd8 (0x2a289cd3) fmax.d  fs9, fa7, ft2
core   0: 1 0x0000000080004dd8 (0x2a289cd3) f25 0x0000000000000000
core   0: 0x0000000080004ddc (0x028c48b3) div     a7, s8, s0
core   0: 1 0x0000000080004ddc (0x028c48b3) x17 0xffffffffffffffff
core   0: 0x0000000080004de0 (0x43c78c13) addi    s8, a5, 1084
core   0: 1 0x0000000080004de0 (0x43c78c13) x24 0x000000000000043c
core   0: 0x0000000080004de4 (0x007b22b3) slt     t0, s6, t2
core   0: 1 0x0000000080004de4 (0x007b22b3) x5  0x0000000000000001
core   0: 0x0000000080004de8 (0x40265bb3) sra     s7, a2, sp
core   0: 1 0x0000000080004de8 (0x40265bb3) x23 0x0000000000000075
core   0: 0x0000000080004dec (0xc4944613) xori    a2, s0, -951
core   0: 1 0x0000000080004dec (0xc4944613) x12 0xfffffffffffffc49
core   0: 0x0000000080004df0 (0x10606073) csrrsi  zero, scounteren, 0
core   0: 1 0x0000000080004df0 (0x10606073)
core   0: 0x0000000080004df4 (0x00231373) csrrw   t1, frm, t1
core   0: 1 0x0000000080004df4 (0x00231373) x6  0x0000000000000000 c2_frm 0x0000000000000007
core   0: 0x0000000080004df8 (0x0120101b) slliw   zero, zero, 18
core   0: 1 0x0000000080004df8 (0x0120101b)
core   0: 0x0000000080004dfc (0x01cc64b3) or      s1, s8, t3
core   0: 1 0x0000000080004dfc (0x01cc64b3) x9  0x000000000000043c
core   0: 0x0000000080004e00 (0xc03951f3) csrrwi  gp, hpmcounter3, 18
core   0: exception trap_illegal_instruction, epc 0x0000000080004e00
core   0:           tval 0x00000000c03951f3
core   0: >>>>  $xrv64i2p1_m2p0_a2p1_f2p2_d2p2_zicsr2p0_zifencei2p0_zmmul1p0_zba1p0_zbb1p0_zbc1p0_zbs1p0
core   0: 0x0000000080004000 (0x0080006f) j       pc + 0x8
core   0: 3 0x0000000080004000 (0x0080006f)
core   0: >>>>  mmode_exception_handler
core   0: 0x0000000080004008 (0x00002c17) auipc   s8, 0x2
core   0: 3 0x0000000080004008 (0x00002c17) x24 0x0000000080006008
core   0: 0x000000008000400c (0x0d8c0c13) addi    s8, s8, 216
core   0: 3 0x000000008000400c (0x0d8c0c13) x24 0x00000000800060e0
core   0: 0x0000000080004010 (0x000c00e7) jalr    s8
core   0: 3 0x0000000080004010 (0x000c00e7) x1  0x0000000080004014
core   0: >>>>  any_handler
core   0: 0x00000000800060e0 (0x341027f3) csrrs   a5, mepc, zero
core   0: 3 0x00000000800060e0 (0x341027f3) x15 0x0000000080004e00
core   0: 0x00000000800060e4 (0x34202773) csrrs   a4, mcause, zero
core   0: 3 0x00000000800060e4 (0x34202773) x14 0x0000000000000002
core   0: 0x00000000800060e8 (0x142026f3) csrrs   a3, scause, zero
core   0: 3 0x00000000800060e8 (0x142026f3) x13 0x0000000000000001
core   0: 0x00000000800060ec (0x30402673) csrrs   a2, mie, zero
core   0: 3 0x00000000800060ec (0x30402673) x12 0x0000000000000a00
core   0: 0x00000000800060f0 (0x344025f3) csrrs   a1, mip, zero
core   0: 3 0x00000000800060f0 (0x344025f3) x11 0x0000000000000080
core   0: 0x00000000800060f4 (0x343025f3) csrrs   a1, mtval, zero
core   0: 3 0x00000000800060f4 (0x343025f3) x11 0x00000000c03951f3
core   0: 0x00000000800060f8 (0x14302573) csrrs   a0, stval, zero
core   0: 3 0x00000000800060f8 (0x14302573) x10 0x0000000000000000
core   0: 0x00000000800060fc (0xb02024f3) csrrs   s1, minstret, zero
core   0: 3 0x00000000800060fc (0xb02024f3) x9  0x0000000000000c14
core   0: 0x0000000080006100 (0x0000a811) c.j     pc + 20
core   0: 3 0x0000000080006100 (0xa811)
core   0: >>>>  mepc_4
core   0: 0x0000000080006114 (0x00000791) c.addi  a5, 4
core   0: 3 0x0000000080006114 (0x0791) x15 0x0000000080004e04
core   0: 0x0000000080006116 (0x34179073) csrrw   zero, mepc, a5
core   0: 3 0x0000000080006116 (0x34179073) c833_mepc 0x0000000080004e04
core   0: 0x000000008000611a (0x30200073) mret
core   0: 3 0x000000008000611a (0x30200073) c768_mstatus 0x8000000a00106080
core   0: 0x0000000080004e04 (0x0007c793) xori    a5, a5, 0
core   0: 1 0x0000000080004e04 (0x0007c793) x15 0x0000000080004e04
core   0: 0x0000000080004e08 (0x01afc9b7) lui     s3, 0x1afc
core   0: 1 0x0000000080004e08 (0x01afc9b7) x19 0x0000000001afc000
core   0: 0x0000000080004e0c (0xc399899b) addiw   s3, s3, -967
core   0: 1 0x0000000080004e0c (0xc399899b) x19 0x0000000001afbc39
core   0: 0x0000000080004e10 (0x000009b6) c.slli  s3, 13
core   0: 1 0x0000000080004e10 (0x09b6) x19 0x00000035f7872000
core   0: 0x0000000080004e12 (0xb1d98993) addi    s3, s3, -1251
core   0: 1 0x0000000080004e12 (0xb1d98993) x19 0x00000035f7871b1d
core   0: 0x0000000080004e16 (0xc68be493) ori     s1, s7, -920
core   0: 1 0x0000000080004e16 (0xc68be493) x9  0xfffffffffffffc7d
core   0: 0x0000000080004e1a (0x0374b133) mulhu   sp, s1, s7
core   0: 1 0x0000000080004e1a (0x0374b133) x2  0x0000000000000074
core   0: 0x0000000080004e1e (0xd029f7d3) fcvt.s.l fa5, s3
core   0: exception trap_illegal_instruction, epc 0x0000000080004e1e
core   0:           tval 0x00000000d029f7d3
core   0: >>>>  $xrv64i2p1_m2p0_a2p1_f2p2_d2p2_zicsr2p0_zifencei2p0_zmmul1p0_zba1p0_zbb1p0_zbc1p0_zbs1p0
core   0: 0x0000000080004000 (0x0080006f) j       pc + 0x8
core   0: 3 0x0000000080004000 (0x0080006f)
core   0: >>>>  mmode_exception_handler
core   0: 0x0000000080004008 (0x00002c17) auipc   s8, 0x2
core   0: 3 0x0000000080004008 (0x00002c17) x24 0x0000000080006008
core   0: 0x000000008000400c (0x0d8c0c13) addi    s8, s8, 216
core   0: 3 0x000000008000400c (0x0d8c0c13) x24 0x00000000800060e0
core   0: 0x0000000080004010 (0x000c00e7) jalr    s8
core   0: 3 0x0000000080004010 (0x000c00e7) x1  0x0000000080004014
core   0: >>>>  any_handler
core   0: 0x00000000800060e0 (0x341027f3) csrrs   a5, mepc, zero
core   0: 3 0x00000000800060e0 (0x341027f3) x15 0x0000000080004e1e
core   0: 0x00000000800060e4 (0x34202773) csrrs   a4, mcause, zero
core   0: 3 0x00000000800060e4 (0x34202773) x14 0x0000000000000002
core   0: 0x00000000800060e8 (0x142026f3) csrrs   a3, scause, zero
core   0: 3 0x00000000800060e8 (0x142026f3) x13 0x0000000000000001
core   0: 0x00000000800060ec (0x30402673) csrrs   a2, mie, zero
core   0: 3 0x00000000800060ec (0x30402673) x12 0x0000000000000a00
core   0: 0x00000000800060f0 (0x344025f3) csrrs   a1, mip, zero
core   0: 3 0x00000000800060f0 (0x344025f3) x11 0x0000000000000080
core   0: 0x00000000800060f4 (0x343025f3) csrrs   a1, mtval, zero
core   0: 3 0x00000000800060f4 (0x343025f3) x11 0x00000000d029f7d3
core   0: 0x00000000800060f8 (0x14302573) csrrs   a0, stval, zero
core   0: 3 0x00000000800060f8 (0x14302573) x10 0x0000000000000000
core   0: 0x00000000800060fc (0xb02024f3) csrrs   s1, minstret, zero
core   0: 3 0x00000000800060fc (0xb02024f3) x9  0x0000000000000c2b
core   0: 0x0000000080006100 (0x0000a811) c.j     pc + 20
core   0: 3 0x0000000080006100 (0xa811)
core   0: >>>>  mepc_4
core   0: 0x0000000080006114 (0x00000791) c.addi  a5, 4
core   0: 3 0x0000000080006114 (0x0791) x15 0x0000000080004e22
core   0: 0x0000000080006116 (0x34179073) csrrw   zero, mepc, a5
core   0: 3 0x0000000080006116 (0x34179073) c833_mepc 0x0000000080004e22
core   0: 0x000000008000611a (0x30200073) mret
core   0: 3 0x000000008000611a (0x30200073) c768_mstatus 0x8000000a00106080
core   0: 0x0000000080004e22 (0xc2397bd3) fcvt.lu.d s7, fs2
core   0: exception trap_illegal_instruction, epc 0x0000000080004e22
core   0:           tval 0x00000000c2397bd3
core   0: >>>>  $xrv64i2p1_m2p0_a2p1_f2p2_d2p2_zicsr2p0_zifencei2p0_zmmul1p0_zba1p0_zbb1p0_zbc1p0_zbs1p0
core   0: 0x0000000080004000 (0x0080006f) j       pc + 0x8
core   0: 3 0x0000000080004000 (0x0080006f)
core   0: >>>>  mmode_exception_handler
core   0: 0x0000000080004008 (0x00002c17) auipc   s8, 0x2
core   0: 3 0x0000000080004008 (0x00002c17) x24 0x0000000080006008
core   0: 0x000000008000400c (0x0d8c0c13) addi    s8, s8, 216
core   0: 3 0x000000008000400c (0x0d8c0c13) x24 0x00000000800060e0
core   0: 0x0000000080004010 (0x000c00e7) jalr    s8
core   0: 3 0x0000000080004010 (0x000c00e7) x1  0x0000000080004014
core   0: >>>>  any_handler
core   0: 0x00000000800060e0 (0x341027f3) csrrs   a5, mepc, zero
core   0: 3 0x00000000800060e0 (0x341027f3) x15 0x0000000080004e22
core   0: 0x00000000800060e4 (0x34202773) csrrs   a4, mcause, zero
core   0: 3 0x00000000800060e4 (0x34202773) x14 0x0000000000000002
core   0: 0x00000000800060e8 (0x142026f3) csrrs   a3, scause, zero
core   0: 3 0x00000000800060e8 (0x142026f3) x13 0x0000000000000001
core   0: 0x00000000800060ec (0x30402673) csrrs   a2, mie, zero
core   0: 3 0x00000000800060ec (0x30402673) x12 0x0000000000000a00
core   0: 0x00000000800060f0 (0x344025f3) csrrs   a1, mip, zero
core   0: 3 0x00000000800060f0 (0x344025f3) x11 0x0000000000000080
core   0: 0x00000000800060f4 (0x343025f3) csrrs   a1, mtval, zero
core   0: 3 0x00000000800060f4 (0x343025f3) x11 0x00000000c2397bd3
core   0: 0x00000000800060f8 (0x14302573) csrrs   a0, stval, zero
core   0: 3 0x00000000800060f8 (0x14302573) x10 0x0000000000000000
core   0: 0x00000000800060fc (0xb02024f3) csrrs   s1, minstret, zero
core   0: 3 0x00000000800060fc (0xb02024f3) x9  0x0000000000000c3b
core   0: 0x0000000080006100 (0x0000a811) c.j     pc + 20
core   0: 3 0x0000000080006100 (0xa811)
core   0: >>>>  mepc_4
core   0: 0x0000000080006114 (0x00000791) c.addi  a5, 4
core   0: 3 0x0000000080006114 (0x0791) x15 0x0000000080004e26
core   0: 0x0000000080006116 (0x34179073) csrrw   zero, mepc, a5
core   0: 3 0x0000000080006116 (0x34179073) c833_mepc 0x0000000080004e26
core   0: 0x000000008000611a (0x30200073) mret
core   0: 3 0x000000008000611a (0x30200073) c768_mstatus 0x8000000a00106080
core   0: 0x0000000080004e26 (0xd227fc53) fcvt.d.l fs8, a5
core   0: exception trap_illegal_instruction, epc 0x0000000080004e26
core   0:           tval 0x00000000d227fc53
core   0: >>>>  $xrv64i2p1_m2p0_a2p1_f2p2_d2p2_zicsr2p0_zifencei2p0_zmmul1p0_zba1p0_zbb1p0_zbc1p0_zbs1p0
core   0: 0x0000000080004000 (0x0080006f) j       pc + 0x8
core   0: 3 0x0000000080004000 (0x0080006f)
core   0: >>>>  mmode_exception_handler
core   0: 0x0000000080004008 (0x00002c17) auipc   s8, 0x2
core   0: 3 0x0000000080004008 (0x00002c17) x24 0x0000000080006008
core   0: 0x000000008000400c (0x0d8c0c13) addi    s8, s8, 216
core   0: 3 0x000000008000400c (0x0d8c0c13) x24 0x00000000800060e0
core   0: 0x0000000080004010 (0x000c00e7) jalr    s8
core   0: 3 0x0000000080004010 (0x000c00e7) x1  0x0000000080004014
core   0: >>>>  any_handler
core   0: 0x00000000800060e0 (0x341027f3) csrrs   a5, mepc, zero
core   0: 3 0x00000000800060e0 (0x341027f3) x15 0x0000000080004e26
core   0: 0x00000000800060e4 (0x34202773) csrrs   a4, mcause, zero
core   0: 3 0x00000000800060e4 (0x34202773) x14 0x0000000000000002
core   0: 0x00000000800060e8 (0x142026f3) csrrs   a3, scause, zero
core   0: 3 0x00000000800060e8 (0x142026f3) x13 0x0000000000000001
core   0: 0x00000000800060ec (0x30402673) csrrs   a2, mie, zero
core   0: 3 0x00000000800060ec (0x30402673) x12 0x0000000000000a00
core   0: 0x00000000800060f0 (0x344025f3) csrrs   a1, mip, zero
core   0: 3 0x00000000800060f0 (0x344025f3) x11 0x0000000000000080
core   0: 0x00000000800060f4 (0x343025f3) csrrs   a1, mtval, zero
core   0: 3 0x00000000800060f4 (0x343025f3) x11 0x00000000d227fc53
core   0: 0x00000000800060f8 (0x14302573) csrrs   a0, stval, zero
core   0: 3 0x00000000800060f8 (0x14302573) x10 0x0000000000000000
core   0: 0x00000000800060fc (0xb02024f3) csrrs   s1, minstret, zero
core   0: 3 0x00000000800060fc (0xb02024f3) x9  0x0000000000000c4b
core   0: 0x0000000080006100 (0x0000a811) c.j     pc + 20
core   0: 3 0x0000000080006100 (0xa811)
core   0: >>>>  mepc_4
core   0: 0x0000000080006114 (0x00000791) c.addi  a5, 4
core   0: 3 0x0000000080006114 (0x0791) x15 0x0000000080004e2a
core   0: 0x0000000080006116 (0x34179073) csrrw   zero, mepc, a5
core   0: 3 0x0000000080006116 (0x34179073) c833_mepc 0x0000000080004e2a
core   0: 0x000000008000611a (0x30200073) mret
core   0: 3 0x000000008000611a (0x30200073) c768_mstatus 0x8000000a00106080
core   0: 0x0000000080004e2a (0x1b86f8d3) fdiv.d  fa7, fa3, fs8
core   0: exception trap_illegal_instruction, epc 0x0000000080004e2a
core   0:           tval 0x000000001b86f8d3
core   0: >>>>  $xrv64i2p1_m2p0_a2p1_f2p2_d2p2_zicsr2p0_zifencei2p0_zmmul1p0_zba1p0_zbb1p0_zbc1p0_zbs1p0
core   0: 0x0000000080004000 (0x0080006f) j       pc + 0x8
core   0: 3 0x0000000080004000 (0x0080006f)
core   0: >>>>  mmode_exception_handler
core   0: 0x0000000080004008 (0x00002c17) auipc   s8, 0x2
core   0: 3 0x0000000080004008 (0x00002c17) x24 0x0000000080006008
core   0: 0x000000008000400c (0x0d8c0c13) addi    s8, s8, 216
core   0: 3 0x000000008000400c (0x0d8c0c13) x24 0x00000000800060e0
core   0: 0x0000000080004010 (0x000c00e7) jalr    s8
core   0: 3 0x0000000080004010 (0x000c00e7) x1  0x0000000080004014
core   0: >>>>  any_handler
core   0: 0x00000000800060e0 (0x341027f3) csrrs   a5, mepc, zero
core   0: 3 0x00000000800060e0 (0x341027f3) x15 0x0000000080004e2a
core   0: 0x00000000800060e4 (0x34202773) csrrs   a4, mcause, zero
core   0: 3 0x00000000800060e4 (0x34202773) x14 0x0000000000000002
core   0: 0x00000000800060e8 (0x142026f3) csrrs   a3, scause, zero
core   0: 3 0x00000000800060e8 (0x142026f3) x13 0x0000000000000001
core   0: 0x00000000800060ec (0x30402673) csrrs   a2, mie, zero
core   0: 3 0x00000000800060ec (0x30402673) x12 0x0000000000000a00
core   0: 0x00000000800060f0 (0x344025f3) csrrs   a1, mip, zero
core   0: 3 0x00000000800060f0 (0x344025f3) x11 0x0000000000000080
core   0: 0x00000000800060f4 (0x343025f3) csrrs   a1, mtval, zero
core   0: 3 0x00000000800060f4 (0x343025f3) x11 0x000000001b86f8d3
core   0: 0x00000000800060f8 (0x14302573) csrrs   a0, stval, zero
core   0: 3 0x00000000800060f8 (0x14302573) x10 0x0000000000000000
core   0: 0x00000000800060fc (0xb02024f3) csrrs   s1, minstret, zero
core   0: 3 0x00000000800060fc (0xb02024f3) x9  0x0000000000000c5b
core   0: 0x0000000080006100 (0x0000a811) c.j     pc + 20
core   0: 3 0x0000000080006100 (0xa811)
core   0: >>>>  mepc_4
core   0: 0x0000000080006114 (0x00000791) c.addi  a5, 4
core   0: 3 0x0000000080006114 (0x0791) x15 0x0000000080004e2e
core   0: 0x0000000080006116 (0x34179073) csrrw   zero, mepc, a5
core   0: 3 0x0000000080006116 (0x34179073) c833_mepc 0x0000000080004e2e
core   0: 0x000000008000611a (0x30200073) mret
core   0: 3 0x000000008000611a (0x30200073) c768_mstatus 0x8000000a00106080
core   0: 0x0000000080004e2e (0xc21d7453) fcvt.wu.d s0, fs10
core   0: exception trap_illegal_instruction, epc 0x0000000080004e2e
core   0:           tval 0x00000000c21d7453
core   0: >>>>  $xrv64i2p1_m2p0_a2p1_f2p2_d2p2_zicsr2p0_zifencei2p0_zmmul1p0_zba1p0_zbb1p0_zbc1p0_zbs1p0
core   0: 0x0000000080004000 (0x0080006f) j       pc + 0x8
core   0: 3 0x0000000080004000 (0x0080006f)
core   0: >>>>  mmode_exception_handler
core   0: 0x0000000080004008 (0x00002c17) auipc   s8, 0x2
core   0: 3 0x0000000080004008 (0x00002c17) x24 0x0000000080006008
core   0: 0x000000008000400c (0x0d8c0c13) addi    s8, s8, 216
core   0: 3 0x000000008000400c (0x0d8c0c13) x24 0x00000000800060e0
core   0: 0x0000000080004010 (0x000c00e7) jalr    s8
core   0: 3 0x0000000080004010 (0x000c00e7) x1  0x0000000080004014
core   0: >>>>  any_handler
core   0: 0x00000000800060e0 (0x341027f3) csrrs   a5, mepc, zero
core   0: 3 0x00000000800060e0 (0x341027f3) x15 0x0000000080004e2e
core   0: 0x00000000800060e4 (0x34202773) csrrs   a4, mcause, zero
core   0: 3 0x00000000800060e4 (0x34202773) x14 0x0000000000000002
core   0: 0x00000000800060e8 (0x142026f3) csrrs   a3, scause, zero
core   0: 3 0x00000000800060e8 (0x142026f3) x13 0x0000000000000001
core   0: 0x00000000800060ec (0x30402673) csrrs   a2, mie, zero
core   0: 3 0x00000000800060ec (0x30402673) x12 0x0000000000000a00
core   0: 0x00000000800060f0 (0x344025f3) csrrs   a1, mip, zero
core   0: 3 0x00000000800060f0 (0x344025f3) x11 0x0000000000000080
core   0: 0x00000000800060f4 (0x343025f3) csrrs   a1, mtval, zero
core   0: 3 0x00000000800060f4 (0x343025f3) x11 0x00000000c21d7453
core   0: 0x00000000800060f8 (0x14302573) csrrs   a0, stval, zero
core   0: 3 0x00000000800060f8 (0x14302573) x10 0x0000000000000000
core   0: 0x00000000800060fc (0xb02024f3) csrrs   s1, minstret, zero
core   0: 3 0x00000000800060fc (0xb02024f3) x9  0x0000000000000c6b
core   0: 0x0000000080006100 (0x0000a811) c.j     pc + 20
core   0: 3 0x0000000080006100 (0xa811)
core   0: >>>>  mepc_4
core   0: 0x0000000080006114 (0x00000791) c.addi  a5, 4
core   0: 3 0x0000000080006114 (0x0791) x15 0x0000000080004e32
core   0: 0x0000000080006116 (0x34179073) csrrw   zero, mepc, a5
core   0: 3 0x0000000080006116 (0x34179073) c833_mepc 0x0000000080004e32
core   0: 0x000000008000611a (0x30200073) mret
core   0: 3 0x000000008000611a (0x30200073) c768_mstatus 0x8000000a00106080
core   0: 0x0000000080004e32 (0x00f454bb) srlw    s1, s0, a5
core   0: 1 0x0000000080004e32 (0x00f454bb) x9  0x0000000000000000
core   0: 0x0000000080004e36 (0x00841633) sll     a2, s0, s0
core   0: 1 0x0000000080004e36 (0x00841633) x12 0x0000000000000000
core   0: 0x0000000080004e3a (0x86f4841b) addiw   s0, s1, -1937
core   0: 1 0x0000000080004e3a (0x86f4841b) x8  0xfffffffffffff86f
core   0: 0x0000000080004e3e (0x40c85bbb) sraw    s7, a6, a2
core   0: 1 0x0000000080004e3e (0x40c85bbb) x23 0x0000000000000a81
core   0: 0x0000000080004e42 (0x017e61b3) or      gp, t3, s7
core   0: 1 0x0000000080004e42 (0x017e61b3) x3  0x0000000000000a81
core   0: 0x0000000080004e46 (0x031afbd3) fadd.d  fs7, fs5, fa7
core   0: exception trap_illegal_instruction, epc 0x0000000080004e46
core   0:           tval 0x00000000031afbd3
core   0: >>>>  $xrv64i2p1_m2p0_a2p1_f2p2_d2p2_zicsr2p0_zifencei2p0_zmmul1p0_zba1p0_zbb1p0_zbc1p0_zbs1p0
core   0: 0x0000000080004000 (0x0080006f) j       pc + 0x8
core   0: 3 0x0000000080004000 (0x0080006f)
core   0: >>>>  mmode_exception_handler
core   0: 0x0000000080004008 (0x00002c17) auipc   s8, 0x2
core   0: 3 0x0000000080004008 (0x00002c17) x24 0x0000000080006008
core   0: 0x000000008000400c (0x0d8c0c13) addi    s8, s8, 216
core   0: 3 0x000000008000400c (0x0d8c0c13) x24 0x00000000800060e0
core   0: 0x0000000080004010 (0x000c00e7) jalr    s8
core   0: 3 0x0000000080004010 (0x000c00e7) x1  0x0000000080004014
core   0: >>>>  any_handler
core   0: 0x00000000800060e0 (0x341027f3) csrrs   a5, mepc, zero
core   0: 3 0x00000000800060e0 (0x341027f3) x15 0x0000000080004e46
core   0: 0x00000000800060e4 (0x34202773) csrrs   a4, mcause, zero
core   0: 3 0x00000000800060e4 (0x34202773) x14 0x0000000000000002
core   0: 0x00000000800060e8 (0x142026f3) csrrs   a3, scause, zero
core   0: 3 0x00000000800060e8 (0x142026f3) x13 0x0000000000000001
core   0: 0x00000000800060ec (0x30402673) csrrs   a2, mie, zero
core   0: 3 0x00000000800060ec (0x30402673) x12 0x0000000000000a00
core   0: 0x00000000800060f0 (0x344025f3) csrrs   a1, mip, zero
core   0: 3 0x00000000800060f0 (0x344025f3) x11 0x0000000000000080
core   0: 0x00000000800060f4 (0x343025f3) csrrs   a1, mtval, zero
core   0: 3 0x00000000800060f4 (0x343025f3) x11 0x00000000031afbd3
core   0: 0x00000000800060f8 (0x14302573) csrrs   a0, stval, zero
core   0: 3 0x00000000800060f8 (0x14302573) x10 0x0000000000000000
core   0: 0x00000000800060fc (0xb02024f3) csrrs   s1, minstret, zero
core   0: 3 0x00000000800060fc (0xb02024f3) x9  0x0000000000000c80
core   0: 0x0000000080006100 (0x0000a811) c.j     pc + 20
core   0: 3 0x0000000080006100 (0xa811)
core   0: >>>>  mepc_4
core   0: 0x0000000080006114 (0x00000791) c.addi  a5, 4
core   0: 3 0x0000000080006114 (0x0791) x15 0x0000000080004e4a
core   0: 0x0000000080006116 (0x34179073) csrrw   zero, mepc, a5
core   0: 3 0x0000000080006116 (0x34179073) c833_mepc 0x0000000080004e4a
core   0: 0x000000008000611a (0x30200073) mret
core   0: 3 0x000000008000611a (0x30200073) c768_mstatus 0x8000000a00106080
core   0: 0x0000000080004e4a (0x411bd41b) sraiw   s0, s7, 17
core   0: 1 0x0000000080004e4a (0x411bd41b) x8  0x0000000000000000
core   0: 0x0000000080004e4e (0xd02bfdd3) fcvt.s.l fs11, s7
core   0: exception trap_illegal_instruction, epc 0x0000000080004e4e
core   0:           tval 0x00000000d02bfdd3
core   0: >>>>  $xrv64i2p1_m2p0_a2p1_f2p2_d2p2_zicsr2p0_zifencei2p0_zmmul1p0_zba1p0_zbb1p0_zbc1p0_zbs1p0
core   0: 0x0000000080004000 (0x0080006f) j       pc + 0x8
core   0: 3 0x0000000080004000 (0x0080006f)
core   0: >>>>  mmode_exception_handler
core   0: 0x0000000080004008 (0x00002c17) auipc   s8, 0x2
core   0: 3 0x0000000080004008 (0x00002c17) x24 0x0000000080006008
core   0: 0x000000008000400c (0x0d8c0c13) addi    s8, s8, 216
core   0: 3 0x000000008000400c (0x0d8c0c13) x24 0x00000000800060e0
core   0: 0x0000000080004010 (0x000c00e7) jalr    s8
core   0: 3 0x0000000080004010 (0x000c00e7) x1  0x0000000080004014
core   0: >>>>  any_handler
core   0: 0x00000000800060e0 (0x341027f3) csrrs   a5, mepc, zero
core   0: 3 0x00000000800060e0 (0x341027f3) x15 0x0000000080004e4e
core   0: 0x00000000800060e4 (0x34202773) csrrs   a4, mcause, zero
core   0: 3 0x00000000800060e4 (0x34202773) x14 0x0000000000000002
core   0: 0x00000000800060e8 (0x142026f3) csrrs   a3, scause, zero
core   0: 3 0x00000000800060e8 (0x142026f3) x13 0x0000000000000001
core   0: 0x00000000800060ec (0x30402673) csrrs   a2, mie, zero
core   0: 3 0x00000000800060ec (0x30402673) x12 0x0000000000000a00
core   0: 0x00000000800060f0 (0x344025f3) csrrs   a1, mip, zero
core   0: 3 0x00000000800060f0 (0x344025f3) x11 0x0000000000000080
core   0: 0x00000000800060f4 (0x343025f3) csrrs   a1, mtval, zero
core   0: 3 0x00000000800060f4 (0x343025f3) x11 0x00000000d02bfdd3
core   0: 0x00000000800060f8 (0x14302573) csrrs   a0, stval, zero
core   0: 3 0x00000000800060f8 (0x14302573) x10 0x0000000000000000
core   0: 0x00000000800060fc (0xb02024f3) csrrs   s1, minstret, zero
core   0: 3 0x00000000800060fc (0xb02024f3) x9  0x0000000000000c91
core   0: 0x0000000080006100 (0x0000a811) c.j     pc + 20
core   0: 3 0x0000000080006100 (0xa811)
core   0: >>>>  mepc_4
core   0: 0x0000000080006114 (0x00000791) c.addi  a5, 4
core   0: 3 0x0000000080006114 (0x0791) x15 0x0000000080004e52
core   0: 0x0000000080006116 (0x34179073) csrrw   zero, mepc, a5
core   0: 3 0x0000000080006116 (0x34179073) c833_mepc 0x0000000080004e52
core   0: 0x000000008000611a (0x30200073) mret
core   0: 3 0x000000008000611a (0x30200073) c768_mstatus 0x8000000a00106080
core   0: 0x0000000080004e52 (0x012ddb3b) srlw    s6, s11, s2
core   0: 1 0x0000000080004e52 (0x012ddb3b) x22 0x0000000000000000
core   0: 0x0000000080004e56 (0xd2040e53) fcvt.d.w ft8, s0
core   0: 1 0x0000000080004e56 (0xd2040e53) f28 0x0000000000000000
core   0: 0x0000000080004e5a (0x002e5e1b) srliw   t3, t3, 2
core   0: 1 0x0000000080004e5a (0x002e5e1b) x28 0x0000000000000000
core   0: 0x0000000080004e5e (0x00009dce) c.add   s11, s3
core   0: 1 0x0000000080004e5e (0x9dce) x27 0x00000035f7871b1d
core   0: 0x0000000080004e60 (0xa3b485d3) fle.d   a1, fs1, fs11
core   0: 1 0x0000000080004e60 (0xa3b485d3) c1_fflags 0x0000000000000013 x11 0x0000000000000000
core   0: 0x0000000080004e64 (0x01c60e3b) addw    t3, a2, t3
core   0: 1 0x0000000080004e64 (0x01c60e3b) x28 0x0000000000000a00
core   0: 0x0000000080004e68 (0xd22679d3) fcvt.d.l fs3, a2
core   0: exception trap_illegal_instruction, epc 0x0000000080004e68
core   0:           tval 0x00000000d22679d3
core   0: >>>>  $xrv64i2p1_m2p0_a2p1_f2p2_d2p2_zicsr2p0_zifencei2p0_zmmul1p0_zba1p0_zbb1p0_zbc1p0_zbs1p0
core   0: 0x0000000080004000 (0x0080006f) j       pc + 0x8
core   0: 3 0x0000000080004000 (0x0080006f)
core   0: >>>>  mmode_exception_handler
core   0: 0x0000000080004008 (0x00002c17) auipc   s8, 0x2
core   0: 3 0x0000000080004008 (0x00002c17) x24 0x0000000080006008
core   0: 0x000000008000400c (0x0d8c0c13) addi    s8, s8, 216
core   0: 3 0x000000008000400c (0x0d8c0c13) x24 0x00000000800060e0
core   0: 0x0000000080004010 (0x000c00e7) jalr    s8
core   0: 3 0x0000000080004010 (0x000c00e7) x1  0x0000000080004014
core   0: >>>>  any_handler
core   0: 0x00000000800060e0 (0x341027f3) csrrs   a5, mepc, zero
core   0: 3 0x00000000800060e0 (0x341027f3) x15 0x0000000080004e68
core   0: 0x00000000800060e4 (0x34202773) csrrs   a4, mcause, zero
core   0: 3 0x00000000800060e4 (0x34202773) x14 0x0000000000000002
core   0: 0x00000000800060e8 (0x142026f3) csrrs   a3, scause, zero
core   0: 3 0x00000000800060e8 (0x142026f3) x13 0x0000000000000001
core   0: 0x00000000800060ec (0x30402673) csrrs   a2, mie, zero
core   0: 3 0x00000000800060ec (0x30402673) x12 0x0000000000000a00
core   0: 0x00000000800060f0 (0x344025f3) csrrs   a1, mip, zero
core   0: 3 0x00000000800060f0 (0x344025f3) x11 0x0000000000000080
core   0: 0x00000000800060f4 (0x343025f3) csrrs   a1, mtval, zero
core   0: 3 0x00000000800060f4 (0x343025f3) x11 0x00000000d22679d3
core   0: 0x00000000800060f8 (0x14302573) csrrs   a0, stval, zero
core   0: 3 0x00000000800060f8 (0x14302573) x10 0x0000000000000000
core   0: 0x00000000800060fc (0xb02024f3) csrrs   s1, minstret, zero
core   0: 3 0x00000000800060fc (0xb02024f3) x9  0x0000000000000ca7
core   0: 0x0000000080006100 (0x0000a811) c.j     pc + 20
core   0: 3 0x0000000080006100 (0xa811)
core   0: >>>>  mepc_4
core   0: 0x0000000080006114 (0x00000791) c.addi  a5, 4
core   0: 3 0x0000000080006114 (0x0791) x15 0x0000000080004e6c
core   0: 0x0000000080006116 (0x34179073) csrrw   zero, mepc, a5
core   0: 3 0x0000000080006116 (0x34179073) c833_mepc 0x0000000080004e6c
core   0: 0x000000008000611a (0x30200073) mret
core   0: 3 0x000000008000611a (0x30200073) c768_mstatus 0x8000000a00106080
core   0: 0x0000000080004e6c (0x000bfd93) andi    s11, s7, 0
core   0: 1 0x0000000080004e6c (0x000bfd93) x27 0x0000000000000000
core   0: 0x0000000080004e70 (0x122ef4c3) fmadd.d fs1, ft9, ft2, ft2
core   0: exception trap_illegal_instruction, epc 0x0000000080004e70
core   0:           tval 0x00000000122ef4c3
core   0: >>>>  $xrv64i2p1_m2p0_a2p1_f2p2_d2p2_zicsr2p0_zifencei2p0_zmmul1p0_zba1p0_zbb1p0_zbc1p0_zbs1p0
core   0: 0x0000000080004000 (0x0080006f) j       pc + 0x8
core   0: 3 0x0000000080004000 (0x0080006f)
core   0: >>>>  mmode_exception_handler
core   0: 0x0000000080004008 (0x00002c17) auipc   s8, 0x2
core   0: 3 0x0000000080004008 (0x00002c17) x24 0x0000000080006008
core   0: 0x000000008000400c (0x0d8c0c13) addi    s8, s8, 216
core   0: 3 0x000000008000400c (0x0d8c0c13) x24 0x00000000800060e0
core   0: 0x0000000080004010 (0x000c00e7) jalr    s8
core   0: 3 0x0000000080004010 (0x000c00e7) x1  0x0000000080004014
core   0: >>>>  any_handler
core   0: 0x00000000800060e0 (0x341027f3) csrrs   a5, mepc, zero
core   0: 3 0x00000000800060e0 (0x341027f3) x15 0x0000000080004e70
core   0: 0x00000000800060e4 (0x34202773) csrrs   a4, mcause, zero
core   0: 3 0x00000000800060e4 (0x34202773) x14 0x0000000000000002
core   0: 0x00000000800060e8 (0x142026f3) csrrs   a3, scause, zero
core   0: 3 0x00000000800060e8 (0x142026f3) x13 0x0000000000000001
core   0: 0x00000000800060ec (0x30402673) csrrs   a2, mie, zero
core   0: 3 0x00000000800060ec (0x30402673) x12 0x0000000000000a00
core   0: 0x00000000800060f0 (0x344025f3) csrrs   a1, mip, zero
core   0: 3 0x00000000800060f0 (0x344025f3) x11 0x0000000000000080
core   0: 0x00000000800060f4 (0x343025f3) csrrs   a1, mtval, zero
core   0: 3 0x00000000800060f4 (0x343025f3) x11 0x00000000122ef4c3
core   0: 0x00000000800060f8 (0x14302573) csrrs   a0, stval, zero
core   0: 3 0x00000000800060f8 (0x14302573) x10 0x0000000000000000
core   0: 0x00000000800060fc (0xb02024f3) csrrs   s1, minstret, zero
core   0: 3 0x00000000800060fc (0xb02024f3) x9  0x0000000000000cb8
core   0: 0x0000000080006100 (0x0000a811) c.j     pc + 20
core   0: 3 0x0000000080006100 (0xa811)
core   0: >>>>  mepc_4
core   0: 0x0000000080006114 (0x00000791) c.addi  a5, 4
core   0: 3 0x0000000080006114 (0x0791) x15 0x0000000080004e74
core   0: 0x0000000080006116 (0x34179073) csrrw   zero, mepc, a5
core   0: 3 0x0000000080006116 (0x34179073) c833_mepc 0x0000000080004e74
core   0: 0x000000008000611a (0x30200073) mret
core   0: 3 0x000000008000611a (0x30200073) c768_mstatus 0x8000000a00106080
core   0: 0x0000000080004e74 (0x03a9c1bb) divw    gp, s3, s10
core   0: 1 0x0000000080004e74 (0x03a9c1bb) x3  0xffffffffffffffff
core   0: 0x0000000080004e78 (0x01fe9a13) slli    s4, t4, 31
core   0: 1 0x0000000080004e78 (0x01fe9a13) x20 0x0000000f80000000
core   0: 0x0000000080004e7c (0x02da6ab3) rem     s5, s4, a3
core   0: 1 0x0000000080004e7c (0x02da6ab3) x21 0x0000000000000000
core   0: 0x0000000080004e80 (0x00102c73) csrrs   s8, fflags, zero
core   0: 1 0x0000000080004e80 (0x00102c73) x24 0x0000000000000013
core   0: 0x0000000080004e84 (0x8bc7fdc7) fmsub.d fs11, fa5, ft8, fa7
core   0: exception trap_illegal_instruction, epc 0x0000000080004e84
core   0:           tval 0x000000008bc7fdc7
core   0: >>>>  $xrv64i2p1_m2p0_a2p1_f2p2_d2p2_zicsr2p0_zifencei2p0_zmmul1p0_zba1p0_zbb1p0_zbc1p0_zbs1p0
core   0: 0x0000000080004000 (0x0080006f) j       pc + 0x8
core   0: 3 0x0000000080004000 (0x0080006f)
core   0: >>>>  mmode_exception_handler
core   0: 0x0000000080004008 (0x00002c17) auipc   s8, 0x2
core   0: 3 0x0000000080004008 (0x00002c17) x24 0x0000000080006008
core   0: 0x000000008000400c (0x0d8c0c13) addi    s8, s8, 216
core   0: 3 0x000000008000400c (0x0d8c0c13) x24 0x00000000800060e0
core   0: 0x0000000080004010 (0x000c00e7) jalr    s8
core   0: 3 0x0000000080004010 (0x000c00e7) x1  0x0000000080004014
core   0: >>>>  any_handler
core   0: 0x00000000800060e0 (0x341027f3) csrrs   a5, mepc, zero
core   0: 3 0x00000000800060e0 (0x341027f3) x15 0x0000000080004e84
core   0: 0x00000000800060e4 (0x34202773) csrrs   a4, mcause, zero
core   0: 3 0x00000000800060e4 (0x34202773) x14 0x0000000000000002
core   0: 0x00000000800060e8 (0x142026f3) csrrs   a3, scause, zero
core   0: 3 0x00000000800060e8 (0x142026f3) x13 0x0000000000000001
core   0: 0x00000000800060ec (0x30402673) csrrs   a2, mie, zero
core   0: 3 0x00000000800060ec (0x30402673) x12 0x0000000000000a00
core   0: 0x00000000800060f0 (0x344025f3) csrrs   a1, mip, zero
core   0: 3 0x00000000800060f0 (0x344025f3) x11 0x0000000000000080
core   0: 0x00000000800060f4 (0x343025f3) csrrs   a1, mtval, zero
core   0: 3 0x00000000800060f4 (0x343025f3) x11 0x000000008bc7fdc7
core   0: 0x00000000800060f8 (0x14302573) csrrs   a0, stval, zero
core   0: 3 0x00000000800060f8 (0x14302573) x10 0x0000000000000000
core   0: 0x00000000800060fc (0xb02024f3) csrrs   s1, minstret, zero
core   0: 3 0x00000000800060fc (0xb02024f3) x9  0x0000000000000ccc
core   0: 0x0000000080006100 (0x0000a811) c.j     pc + 20
core   0: 3 0x0000000080006100 (0xa811)
core   0: >>>>  mepc_4
core   0: 0x0000000080006114 (0x00000791) c.addi  a5, 4
core   0: 3 0x0000000080006114 (0x0791) x15 0x0000000080004e88
core   0: 0x0000000080006116 (0x34179073) csrrw   zero, mepc, a5
core   0: 3 0x0000000080006116 (0x34179073) c833_mepc 0x0000000080004e88
core   0: 0x000000008000611a (0x30200073) mret
core   0: 3 0x000000008000611a (0x30200073) c768_mstatus 0x8000000a00106080
core   0: 0x0000000080004e88 (0x000a5293) srli    t0, s4, 0
core   0: 1 0x0000000080004e88 (0x000a5293) x5  0x0000000f80000000
core   0: 0x0000000080004e8c (0xc03afb53) fcvt.lu.s s6, fs5
core   0: exception trap_illegal_instruction, epc 0x0000000080004e8c
core   0:           tval 0x00000000c03afb53
core   0: >>>>  $xrv64i2p1_m2p0_a2p1_f2p2_d2p2_zicsr2p0_zifencei2p0_zmmul1p0_zba1p0_zbb1p0_zbc1p0_zbs1p0
core   0: 0x0000000080004000 (0x0080006f) j       pc + 0x8
core   0: 3 0x0000000080004000 (0x0080006f)
core   0: >>>>  mmode_exception_handler
core   0: 0x0000000080004008 (0x00002c17) auipc   s8, 0x2
core   0: 3 0x0000000080004008 (0x00002c17) x24 0x0000000080006008
core   0: 0x000000008000400c (0x0d8c0c13) addi    s8, s8, 216
core   0: 3 0x000000008000400c (0x0d8c0c13) x24 0x00000000800060e0
core   0: 0x0000000080004010 (0x000c00e7) jalr    s8
core   0: 3 0x0000000080004010 (0x000c00e7) x1  0x0000000080004014
core   0: >>>>  any_handler
core   0: 0x00000000800060e0 (0x341027f3) csrrs   a5, mepc, zero
core   0: 3 0x00000000800060e0 (0x341027f3) x15 0x0000000080004e8c
core   0: 0x00000000800060e4 (0x34202773) csrrs   a4, mcause, zero
core   0: 3 0x00000000800060e4 (0x34202773) x14 0x0000000000000002
core   0: 0x00000000800060e8 (0x142026f3) csrrs   a3, scause, zero
core   0: 3 0x00000000800060e8 (0x142026f3) x13 0x0000000000000001
core   0: 0x00000000800060ec (0x30402673) csrrs   a2, mie, zero
core   0: 3 0x00000000800060ec (0x30402673) x12 0x0000000000000a00
core   0: 0x00000000800060f0 (0x344025f3) csrrs   a1, mip, zero
core   0: 3 0x00000000800060f0 (0x344025f3) x11 0x0000000000000080
core   0: 0x00000000800060f4 (0x343025f3) csrrs   a1, mtval, zero
core   0: 3 0x00000000800060f4 (0x343025f3) x11 0x00000000c03afb53
core   0: 0x00000000800060f8 (0x14302573) csrrs   a0, stval, zero
core   0: 3 0x00000000800060f8 (0x14302573) x10 0x0000000000000000
core   0: 0x00000000800060fc (0xb02024f3) csrrs   s1, minstret, zero
core   0: 3 0x00000000800060fc (0xb02024f3) x9  0x0000000000000cdd
core   0: 0x0000000080006100 (0x0000a811) c.j     pc + 20
core   0: 3 0x0000000080006100 (0xa811)
core   0: >>>>  mepc_4
core   0: 0x0000000080006114 (0x00000791) c.addi  a5, 4
core   0: 3 0x0000000080006114 (0x0791) x15 0x0000000080004e90
core   0: 0x0000000080006116 (0x34179073) csrrw   zero, mepc, a5
core   0: 3 0x0000000080006116 (0x34179073) c833_mepc 0x0000000080004e90
core   0: 0x000000008000611a (0x30200073) mret
core   0: 3 0x000000008000611a (0x30200073) c768_mstatus 0x8000000a00106080
core   0: 0x0000000080004e90 (0x52a07ec7) fmsub.d ft9, ft0, fa0, fa0
core   0: exception trap_illegal_instruction, epc 0x0000000080004e90
core   0:           tval 0x0000000052a07ec7
core   0: >>>>  $xrv64i2p1_m2p0_a2p1_f2p2_d2p2_zicsr2p0_zifencei2p0_zmmul1p0_zba1p0_zbb1p0_zbc1p0_zbs1p0
core   0: 0x0000000080004000 (0x0080006f) j       pc + 0x8
core   0: 3 0x0000000080004000 (0x0080006f)
core   0: >>>>  mmode_exception_handler
core   0: 0x0000000080004008 (0x00002c17) auipc   s8, 0x2
core   0: 3 0x0000000080004008 (0x00002c17) x24 0x0000000080006008
core   0: 0x000000008000400c (0x0d8c0c13) addi    s8, s8, 216
core   0: 3 0x000000008000400c (0x0d8c0c13) x24 0x00000000800060e0
core   0: 0x0000000080004010 (0x000c00e7) jalr    s8
core   0: 3 0x0000000080004010 (0x000c00e7) x1  0x0000000080004014
core   0: >>>>  any_handler
core   0: 0x00000000800060e0 (0x341027f3) csrrs   a5, mepc, zero
core   0: 3 0x00000000800060e0 (0x341027f3) x15 0x0000000080004e90
core   0: 0x00000000800060e4 (0x34202773) csrrs   a4, mcause, zero
core   0: 3 0x00000000800060e4 (0x34202773) x14 0x0000000000000002
core   0: 0x00000000800060e8 (0x142026f3) csrrs   a3, scause, zero
core   0: 3 0x00000000800060e8 (0x142026f3) x13 0x0000000000000001
core   0: 0x00000000800060ec (0x30402673) csrrs   a2, mie, zero
core   0: 3 0x00000000800060ec (0x30402673) x12 0x0000000000000a00
core   0: 0x00000000800060f0 (0x344025f3) csrrs   a1, mip, zero
core   0: 3 0x00000000800060f0 (0x344025f3) x11 0x0000000000000080
core   0: 0x00000000800060f4 (0x343025f3) csrrs   a1, mtval, zero
core   0: 3 0x00000000800060f4 (0x343025f3) x11 0x0000000052a07ec7
core   0: 0x00000000800060f8 (0x14302573) csrrs   a0, stval, zero
core   0: 3 0x00000000800060f8 (0x14302573) x10 0x0000000000000000
core   0: 0x00000000800060fc (0xb02024f3) csrrs   s1, minstret, zero
core   0: 3 0x00000000800060fc (0xb02024f3) x9  0x0000000000000ced
core   0: 0x0000000080006100 (0x0000a811) c.j     pc + 20
core   0: 3 0x0000000080006100 (0xa811)
core   0: >>>>  mepc_4
core   0: 0x0000000080006114 (0x00000791) c.addi  a5, 4
core   0: 3 0x0000000080006114 (0x0791) x15 0x0000000080004e94
core   0: 0x0000000080006116 (0x34179073) csrrw   zero, mepc, a5
core   0: 3 0x0000000080006116 (0x34179073) c833_mepc 0x0000000080004e94
core   0: 0x000000008000611a (0x30200073) mret
core   0: 3 0x000000008000611a (0x30200073) c768_mstatus 0x8000000a00106080
core   0: 0x0000000080004e94 (0x00000001) c.nop
core   0: 1 0x0000000080004e94 (0x0001)
core   0: 0x0000000080004e96 (0xfff9e413) ori     s0, s3, -1
core   0: 1 0x0000000080004e96 (0xfff9e413) x8  0xffffffffffffffff
core   0: 0x0000000080004e9a (0x028a93b3) mulh    t2, s5, s0
core   0: 1 0x0000000080004e9a (0x028a93b3) x7  0x0000000000000000
core   0: 0x0000000080004e9e (0x000a003b) addw    zero, s4, zero
core   0: 1 0x0000000080004e9e (0x000a003b)
core   0: 0x0000000080004ea2 (0x02a00bb3) mul     s7, zero, a0
core   0: 1 0x0000000080004ea2 (0x02a00bb3) x23 0x0000000000000000
core   0: 0x0000000080004ea6 (0x03d694b3) mulh    s1, a3, t4
core   0: 1 0x0000000080004ea6 (0x03d694b3) x9  0x0000000000000000
core   0: 0x0000000080004eaa (0x0069189b) slliw   a7, s2, 6
core   0: 1 0x0000000080004eaa (0x0069189b) x17 0xffffffffffffffc0
core   0: 0x0000000080004eae (0x002393f3) csrrw   t2, frm, t2
core   0: 1 0x0000000080004eae (0x002393f3) x7  0x0000000000000007 c2_frm 0x0000000000000000
core   0: 0x0000000080004eb2 (0x001022f3) csrrs   t0, fflags, zero
core   0: 1 0x0000000080004eb2 (0x001022f3) x5  0x0000000000000013
core   0: 0x0000000080004eb6 (0x00202573) csrrs   a0, frm, zero
core   0: 1 0x0000000080004eb6 (0x00202573) x10 0x0000000000000000
core   0: 0x0000000080004eba (0x00000001) c.nop
core   0: 1 0x0000000080004eba (0x0001)
core   0: 0x0000000080004ebc (0x6c634eb7) lui     t4, 0x6c634
core   0: 1 0x0000000080004ebc (0x6c634eb7) x29 0x000000006c634000
core   0: 0x0000000080004ec0 (0xd035f3d3) fcvt.s.lu ft7, a1
core   0: 1 0x0000000080004ec0 (0xd035f3d3) c1_fflags 0x0000000000000013 f7  0xffffffff4ea540fe
core   0: 0x0000000080004ec4 (0x401378d3) fcvt.s.d fa7, ft6
core   0: 1 0x0000000080004ec4 (0x401378d3) f17 0xffffffff7fc00000
core   0: 0x0000000080004ec8 (0x40d5dc3b) sraw    s8, a1, a3
core   0: 1 0x0000000080004ec8 (0x40d5dc3b) x24 0x0000000029503f63
core   0: 0x0000000080004ecc (0x02d4743b) remuw   s0, s0, a3
core   0: 1 0x0000000080004ecc (0x02d4743b) x8  0x0000000000000000
core   0: 0x0000000080004ed0 (0x00102073) csrrs   zero, fflags, zero
core   0: 1 0x0000000080004ed0 (0x00102073)
core   0: 0x0000000080004ed4 (0x0000d53b) srlw    a0, ra, zero
core   0: 1 0x0000000080004ed4 (0x0000d53b) x10 0xffffffff80004014
core   0: 0x0000000080004ed8 (0xa986fa13) andi    s4, a3, -1384
core   0: 1 0x0000000080004ed8 (0xa986fa13) x20 0x0000000000000000
core   0: 0x0000000080004edc (0x01c048b3) xor     a7, zero, t3
core   0: 1 0x0000000080004edc (0x01c048b3) x17 0x0000000000000a00
core   0: 0x0000000080004ee0 (0x0118edb3) or      s11, a7, a7
core   0: 1 0x0000000080004ee0 (0x0118edb3) x27 0x0000000000000a00
core   0: 0x0000000080004ee4 (0x031940b3) div     ra, s2, a7
core   0: 1 0x0000000080004ee4 (0x031940b3) x1  0x0000000000000000
core   0: 0x0000000080004ee8 (0x0149573b) srlw    a4, s2, s4
core   0: 1 0x0000000080004ee8 (0x0149573b) x14 0xffffffffffffffff
core   0: 0x0000000080004eec (0x0143d7bb) srlw    a5, t2, s4
core   0: 1 0x0000000080004eec (0x0143d7bb) x15 0x0000000000000007
core   0: 0x0000000080004ef0 (0x5263744f) fnmadd.d fs0, ft6, ft6, fa0
core   0: 1 0x0000000080004ef0 (0x5263744f) f8  0x7ff8000000000000
core   0: 0x0000000080004ef4 (0x00000001) c.nop
core   0: 1 0x0000000080004ef4 (0x0001)
core   0: 0x0000000080004ef6 (0x02771393) slli    t2, a4, 39
core   0: 1 0x0000000080004ef6 (0x02771393) x7  0xffffff8000000000
core   0: 0x0000000080004efa (0x414c85b3) sub     a1, s9, s4
core   0: 1 0x0000000080004efa (0x414c85b3) x11 0xfffffffffffffc00
core   0: 0x0000000080004efe (0x4068583b) sraw    a6, a6, t1
core   0: 1 0x0000000080004efe (0x4068583b) x16 0x0000000000000a81
core   0: 0x0000000080004f02 (0x413050b3) sra     ra, zero, s3
core   0: 1 0x0000000080004f02 (0x413050b3) x1  0x0000000000000000
core   0: 0x0000000080004f06 (0x01d1e6b3) or      a3, gp, t4
core   0: 1 0x0000000080004f06 (0x01d1e6b3) x13 0xffffffffffffffff
core   0: 0x0000000080004f0a (0xff3ca5b7) lui     a1, 0xff3ca
core   0: 1 0x0000000080004f0a (0xff3ca5b7) x11 0xffffffffff3ca000
core   0: 0x0000000080004f0e (0x6d95859b) addiw   a1, a1, 1753
core   0: 1 0x0000000080004f0e (0x6d95859b) x11 0xffffffffff3ca6d9
core   0: 0x0000000080004f12 (0x000005b6) c.slli  a1, 13
core   0: 1 0x0000000080004f12 (0x05b6) x11 0xffffffe794db2000
core   0: 0x0000000080004f14 (0x3fe58593) addi    a1, a1, 1022
core   0: 1 0x0000000080004f14 (0x3fe58593) x11 0xffffffe794db23fe
core   0: 0x0000000080004f18 (0x01f9961b) slliw   a2, s3, 31
core   0: 1 0x0000000080004f18 (0x01f9961b) x12 0xffffffff80000000
core   0: 0x0000000080004f1c (0x0000185a) c.slli  a6, 54
core   0: 1 0x0000000080004f1c (0x185a) x16 0xa040000000000000
core   0: 0x0000000080004f1e (0x00000001) c.nop
core   0: 1 0x0000000080004f1e (0x0001)
core   0: 0x0000000080004f20 (0x4024d71b) sraiw   a4, s1, 2
core   0: 1 0x0000000080004f20 (0x4024d71b) x14 0x0000000000000000
core   0: 0x0000000080004f24 (0x01050cb3) add     s9, a0, a6
core   0: 1 0x0000000080004f24 (0x01050cb3) x25 0xa03fffff80004014
core   0: 0x0000000080004f28 (0x0019999b) slliw   s3, s3, 1
core   0: 1 0x0000000080004f28 (0x0019999b) x19 0xffffffffef0e363a
core   0: 0x0000000080004f2c (0x41895abb) sraw    s5, s2, s8
core   0: 1 0x0000000080004f2c (0x41895abb) x21 0xffffffffffffffff
core   0: 0x0000000080004f30 (0x40157353) fcvt.s.d ft6, fa0
core   0: 1 0x0000000080004f30 (0x40157353) f6  0xffffffff7fc00000
core   0: 0x0000000080004f34 (0xc20377d3) fcvt.w.d a5, ft6
core   0: 1 0x0000000080004f34 (0xc20377d3) c1_fflags 0x0000000000000013 x15 0x000000007fffffff
core   0: 0x0000000080004f38 (0x5a04f153) fsqrt.d ft2, fs1
core   0: 1 0x0000000080004f38 (0x5a04f153) f2  0x7ff8000000000000
core   0: 0x0000000080004f3c (0x23420bd3) fsgnj.d fs7, ft4, fs4
core   0: 1 0x0000000080004f3c (0x23420bd3) f23 0x7fffffff40000000
core   0: 0x0000000080004f40 (0x0007961b) slliw   a2, a5, 0
core   0: 1 0x0000000080004f40 (0x0007961b) x12 0x000000007fffffff
core   0: 0x0000000080004f44 (0x23bdadd3) fsgnjx.d fs11, fs11, fs11
core   0: 1 0x0000000080004f44 (0x23bdadd3) f27 0x7ff8000000000000
core   0: 0x0000000080004f48 (0x2a740053) fmin.d  ft0, fs0, ft7
core   0: 1 0x0000000080004f48 (0x2a740053) f0  0x7ff8000000000000
core   0: 0x0000000080004f4c (0x0374c4bb) divw    s1, s1, s7
core   0: 1 0x0000000080004f4c (0x0374c4bb) x9  0xffffffffffffffff
core   0: 0x0000000080004f50 (0xd20c03d3) fcvt.d.w ft7, s8
core   0: 1 0x0000000080004f50 (0xd20c03d3) f7  0x41c4a81fb1800000
core   0: 0x0000000080004f54 (0x4184dd3b) sraw    s10, s1, s8
core   0: 1 0x0000000080004f54 (0x4184dd3b) x26 0xffffffffffffffff
core   0: 0x0000000080004f58 (0x0115893b) addw    s2, a1, a7
core   0: 1 0x0000000080004f58 (0x0115893b) x18 0xffffffff94db2dfe
core   0: 0x0000000080004f5c (0x4002599b) sraiw   s3, tp, 0
core   0: 1 0x0000000080004f5c (0x4002599b) x19 0x0000000039a60383
core   0: 0x0000000080004f60 (0x408457b3) sra     a5, s0, s0
core   0: 1 0x0000000080004f60 (0x408457b3) x15 0x0000000000000000
core   0: 0x0000000080004f64 (0x1be97a53) fdiv.d  fs4, fs2, ft10
core   0: 1 0x0000000080004f64 (0x1be97a53) f20 0x7ff8000000000000
core   0: 0x0000000080004f68 (0x00000001) c.nop
core   0: 1 0x0000000080004f68 (0x0001)
core   0: 0x0000000080004f6a (0xd221f9d3) fcvt.d.l fs3, gp
core   0: 1 0x0000000080004f6a (0xd221f9d3) f19 0xbff0000000000000
core   0: 0x0000000080004f6e (0x13aa7d53) fmul.d  fs10, fs4, fs10
core   0: 1 0x0000000080004f6e (0x13aa7d53) f26 0x7ff8000000000000
core   0: 0x0000000080004f72 (0x2a0888d3) fmin.d  fa7, fa7, ft0
core   0: 1 0x0000000080004f72 (0x2a0888d3) f17 0x7ff8000000000000
core   0: 0x0000000080004f76 (0x417d5a9b) sraiw   s5, s10, 23
core   0: 1 0x0000000080004f76 (0x417d5a9b) x21 0xffffffffffffffff
core   0: 0x0000000080004f7a (0x03708433) mul     s0, ra, s7
core   0: 1 0x0000000080004f7a (0x03708433) x8  0x0000000000000000
core   0: 0x0000000080004f7e (0x5a057553) fsqrt.d fa0, fa0
core   0: 1 0x0000000080004f7e (0x5a057553) f10 0x7ff8000000000000
core   0: 0x0000000080004f82 (0xd22472d3) fcvt.d.l ft5, s0
core   0: 1 0x0000000080004f82 (0xd22472d3) f5  0x0000000000000000
core   0: 0x0000000080004f86 (0x0002d493) srli    s1, t0, 0
core   0: 1 0x0000000080004f86 (0x0002d493) x9  0x0000000000000013
core   0: 0x0000000080004f8a (0x021dc733) div     a4, s11, ra
core   0: 1 0x0000000080004f8a (0x021dc733) x14 0xffffffffffffffff
core   0: 0x0000000080004f8e (0x41b753b3) sra     t2, a4, s11
core   0: 1 0x0000000080004f8e (0x41b753b3) x7  0xffffffffffffffff
core   0: 0x0000000080004f92 (0xf1206873) csrrsi  a6, marchid, 0
core   0: exception trap_illegal_instruction, epc 0x0000000080004f92
core   0:           tval 0x00000000f1206873
core   0: >>>>  $xrv64i2p1_m2p0_a2p1_f2p2_d2p2_zicsr2p0_zifencei2p0_zmmul1p0_zba1p0_zbb1p0_zbc1p0_zbs1p0
core   0: 0x0000000080004000 (0x0080006f) j       pc + 0x8
core   0: 3 0x0000000080004000 (0x0080006f)
core   0: >>>>  mmode_exception_handler
core   0: 0x0000000080004008 (0x00002c17) auipc   s8, 0x2
core   0: 3 0x0000000080004008 (0x00002c17) x24 0x0000000080006008
core   0: 0x000000008000400c (0x0d8c0c13) addi    s8, s8, 216
core   0: 3 0x000000008000400c (0x0d8c0c13) x24 0x00000000800060e0
core   0: 0x0000000080004010 (0x000c00e7) jalr    s8
core   0: 3 0x0000000080004010 (0x000c00e7) x1  0x0000000080004014
core   0: >>>>  any_handler
core   0: 0x00000000800060e0 (0x341027f3) csrrs   a5, mepc, zero
core   0: 3 0x00000000800060e0 (0x341027f3) x15 0x0000000080004f92
core   0: 0x00000000800060e4 (0x34202773) csrrs   a4, mcause, zero
core   0: 3 0x00000000800060e4 (0x34202773) x14 0x0000000000000002
core   0: 0x00000000800060e8 (0x142026f3) csrrs   a3, scause, zero
core   0: 3 0x00000000800060e8 (0x142026f3) x13 0x0000000000000001
core   0: 0x00000000800060ec (0x30402673) csrrs   a2, mie, zero
core   0: 3 0x00000000800060ec (0x30402673) x12 0x0000000000000a00
core   0: 0x00000000800060f0 (0x344025f3) csrrs   a1, mip, zero
core   0: 3 0x00000000800060f0 (0x344025f3) x11 0x0000000000000080
core   0: 0x00000000800060f4 (0x343025f3) csrrs   a1, mtval, zero
core   0: 3 0x00000000800060f4 (0x343025f3) x11 0x00000000f1206873
core   0: 0x00000000800060f8 (0x14302573) csrrs   a0, stval, zero
core   0: 3 0x00000000800060f8 (0x14302573) x10 0x0000000000000000
core   0: 0x00000000800060fc (0xb02024f3) csrrs   s1, minstret, zero
core   0: 3 0x00000000800060fc (0xb02024f3) x9  0x0000000000000d40
core   0: 0x0000000080006100 (0x0000a811) c.j     pc + 20
core   0: 3 0x0000000080006100 (0xa811)
core   0: >>>>  mepc_4
core   0: 0x0000000080006114 (0x00000791) c.addi  a5, 4
core   0: 3 0x0000000080006114 (0x0791) x15 0x0000000080004f96
core   0: 0x0000000080006116 (0x34179073) csrrw   zero, mepc, a5
core   0: 3 0x0000000080006116 (0x34179073) c833_mepc 0x0000000080004f96
core   0: 0x000000008000611a (0x30200073) mret
core   0: 3 0x000000008000611a (0x30200073) c768_mstatus 0x8000000a00106080
core   0: 0x0000000080004f96 (0x00145013) srli    zero, s0, 1
core   0: 1 0x0000000080004f96 (0x00145013)
core   0: 0x0000000080004f9a (0xfff0069b) addiw   a3, zero, -1
core   0: 1 0x0000000080004f9a (0xfff0069b) x13 0xffffffffffffffff
core   0: 0x0000000080004f9e (0x22c328d3) fsgnjx.d fa7, ft6, fa2
core   0: 1 0x0000000080004f9e (0x22c328d3) f17 0xffffffff7fc00000
core   0: 0x0000000080004fa2 (0xd0387e53) fcvt.s.lu ft8, a6
core   0: 1 0x0000000080004fa2 (0xd0387e53) f28 0xffffffff5f204000
core   0: 0x0000000080004fa6 (0xc0183773) csrrc   a4, time, a6
core   0: exception trap_illegal_instruction, epc 0x0000000080004fa6
core   0:           tval 0x00000000c0183773
core   0: >>>>  $xrv64i2p1_m2p0_a2p1_f2p2_d2p2_zicsr2p0_zifencei2p0_zmmul1p0_zba1p0_zbb1p0_zbc1p0_zbs1p0
core   0: 0x0000000080004000 (0x0080006f) j       pc + 0x8
core   0: 3 0x0000000080004000 (0x0080006f)
core   0: >>>>  mmode_exception_handler
core   0: 0x0000000080004008 (0x00002c17) auipc   s8, 0x2
core   0: 3 0x0000000080004008 (0x00002c17) x24 0x0000000080006008
core   0: 0x000000008000400c (0x0d8c0c13) addi    s8, s8, 216
core   0: 3 0x000000008000400c (0x0d8c0c13) x24 0x00000000800060e0
core   0: 0x0000000080004010 (0x000c00e7) jalr    s8
core   0: 3 0x0000000080004010 (0x000c00e7) x1  0x0000000080004014
core   0: >>>>  any_handler
core   0: 0x00000000800060e0 (0x341027f3) csrrs   a5, mepc, zero
core   0: 3 0x00000000800060e0 (0x341027f3) x15 0x0000000080004fa6
core   0: 0x00000000800060e4 (0x34202773) csrrs   a4, mcause, zero
core   0: 3 0x00000000800060e4 (0x34202773) x14 0x0000000000000002
core   0: 0x00000000800060e8 (0x142026f3) csrrs   a3, scause, zero
core   0: 3 0x00000000800060e8 (0x142026f3) x13 0x0000000000000001
core   0: 0x00000000800060ec (0x30402673) csrrs   a2, mie, zero
core   0: 3 0x00000000800060ec (0x30402673) x12 0x0000000000000a00
core   0: 0x00000000800060f0 (0x344025f3) csrrs   a1, mip, zero
core   0: 3 0x00000000800060f0 (0x344025f3) x11 0x0000000000000080
core   0: 0x00000000800060f4 (0x343025f3) csrrs   a1, mtval, zero
core   0: 3 0x00000000800060f4 (0x343025f3) x11 0x00000000c0183773
core   0: 0x00000000800060f8 (0x14302573) csrrs   a0, stval, zero
core   0: 3 0x00000000800060f8 (0x14302573) x10 0x0000000000000000
core   0: 0x00000000800060fc (0xb02024f3) csrrs   s1, minstret, zero
core   0: 3 0x00000000800060fc (0xb02024f3) x9  0x0000000000000d54
core   0: 0x0000000080006100 (0x0000a811) c.j     pc + 20
core   0: 3 0x0000000080006100 (0xa811)
core   0: >>>>  mepc_4
core   0: 0x0000000080006114 (0x00000791) c.addi  a5, 4
core   0: 3 0x0000000080006114 (0x0791) x15 0x0000000080004faa
core   0: 0x0000000080006116 (0x34179073) csrrw   zero, mepc, a5
core   0: 3 0x0000000080006116 (0x34179073) c833_mepc 0x0000000080004faa
core   0: 0x000000008000611a (0x30200073) mret
core   0: 3 0x000000008000611a (0x30200073) c768_mstatus 0x8000000a00106080
core   0: 0x0000000080004faa (0xd0367ed3) fcvt.s.lu ft9, a2
core   0: 1 0x0000000080004faa (0xd0367ed3) f29 0xffffffff45200000
core   0: 0x0000000080004fae (0x001021f3) csrrs   gp, fflags, zero
core   0: 1 0x0000000080004fae (0x001021f3) x3  0x0000000000000013
core   0: 0x0000000080004fb2 (0x2bd600d3) fmin.d  ft1, fa2, ft9
core   0: 1 0x0000000080004fb2 (0x2bd600d3) f1  0x7ff8000000000000
core   0: 0x0000000080004fb6 (0x01f9141b) slliw   s0, s2, 31
core   0: 1 0x0000000080004fb6 (0x01f9141b) x8  0x0000000000000000
core   0: 0x0000000080004fba (0x22e59753) fsgnjn.d fa4, fa1, fa4
core   0: 1 0x0000000080004fba (0x22e59753) f14 0xffffffff4f000061
core   0: 0x0000000080004fbe (0x2aba03d3) fmin.d  ft7, fs4, fa1
core   0: 1 0x0000000080004fbe (0x2aba03d3) f7  0x7ff8000000000000
core   0: 0x0000000080004fc2 (0x02c4563b) divuw   a2, s0, a2
core   0: 1 0x0000000080004fc2 (0x02c4563b) x12 0x0000000000000000
core   0: 0x0000000080004fc6 (0x411d823b) subw    tp, s11, a7
core   0: 1 0x0000000080004fc6 (0x411d823b) x4  0x0000000000000000
core   0: 0x0000000080004fca (0x7ffd8313) addi    t1, s11, 2047
core   0: 1 0x0000000080004fca (0x7ffd8313) x6  0x00000000000011ff
core   0: 0x0000000080004fce (0x2a778353) fmin.d  ft6, fa5, ft7
core   0: 1 0x0000000080004fce (0x2a778353) f6  0x7ff8000000000000
core   0: 0x0000000080004fd2 (0x0011f193) andi    gp, gp, 1
core   0: 1 0x0000000080004fd2 (0x0011f193) x3  0x0000000000000001
core   0: 0x0000000080004fd6 (0x0000147d) c.addi  s0, -1
core   0: 1 0x0000000080004fd6 (0x147d) x8  0xffffffffffffffff
core   0: 0x0000000080004fd8 (0x01c400bb) addw    ra, s0, t3
core   0: 1 0x0000000080004fd8 (0x01c400bb) x1  0x00000000000009ff
core   0: 0x0000000080004fdc (0x800e7193) andi    gp, t3, -2048
core   0: 1 0x0000000080004fdc (0x800e7193) x3  0x0000000000000800
core   0: 0x0000000080004fe0 (0x00301133) sll     sp, zero, gp
core   0: 1 0x0000000080004fe0 (0x00301133) x2  0x0000000000000000
core   0: 0x0000000080004fe4 (0xd2018c53) fcvt.d.w fs8, gp
core   0: 1 0x0000000080004fe4 (0xd2018c53) f24 0x40a0000000000000
core   0: 0x0000000080004fe8 (0x7713a217) auipc   tp, 0x7713a
core   0: 1 0x0000000080004fe8 (0x7713a217) x4  0x00000000f713efe8
core   0: 0x0000000080004fec (0x02326abb) remw    s5, tp, gp
core   0: 1 0x0000000080004fec (0x02326abb) x21 0xffffffffffffffe8
core   0: 0x0000000080004ff0 (0x00954937) lui     s2, 0x954
core   0: 1 0x0000000080004ff0 (0x00954937) x18 0x0000000000954000
core   0: 0x0000000080004ff4 (0xf359091b) addiw   s2, s2, -203
core   0: 1 0x0000000080004ff4 (0xf359091b) x18 0x0000000000953f35
core   0: 0x0000000080004ff8 (0x00000936) c.slli  s2, 13
core   0: 1 0x0000000080004ff8 (0x0936) x18 0x00000012a7e6a000
core   0: 0x0000000080004ffa (0xcca90913) addi    s2, s2, -822
core   0: 1 0x0000000080004ffa (0xcca90913) x18 0x00000012a7e69cca
core   0: 0x0000000080004ffe (0x33b97dcb) fnmsub.d fs11, fs2, fs11, ft6
core   0: 1 0x0000000080004ffe (0x33b97dcb) f27 0x7ff8000000000000
core   0: 0x0000000080005002 (0xe2091753) fclass.d a4, fs2
core   0: 1 0x0000000080005002 (0xe2091753) x14 0x0000000000000200
core   0: 0x0000000080005006 (0x03990933) mul     s2, s2, s9
core   0: 1 0x0000000080005006 (0x03990933) x18 0x1e915d09c536bfc8
core   0: 0x000000008000500a (0xd02cfe53) fcvt.s.l ft8, s9
core   0: 1 0x000000008000500a (0xd02cfe53) c1_fflags 0x0000000000000013 f28 0xffffffffdebf8000
core   0: 0x000000008000500e (0xf2090d53) fmv.d.x fs10, s2
core   0: 1 0x000000008000500e (0xf2090d53) f26 0x1e915d09c536bfc8
core   0: 0x0000000080005012 (0xb021f573) csrrci  a0, minstret, 3
core   0: exception trap_illegal_instruction, epc 0x0000000080005012
core   0:           tval 0x00000000b021f573
core   0: >>>>  $xrv64i2p1_m2p0_a2p1_f2p2_d2p2_zicsr2p0_zifencei2p0_zmmul1p0_zba1p0_zbb1p0_zbc1p0_zbs1p0
core   0: 0x0000000080004000 (0x0080006f) j       pc + 0x8
core   0: 3 0x0000000080004000 (0x0080006f)
core   0: >>>>  mmode_exception_handler
core   0: 0x0000000080004008 (0x00002c17) auipc   s8, 0x2
core   0: 3 0x0000000080004008 (0x00002c17) x24 0x0000000080006008
core   0: 0x000000008000400c (0x0d8c0c13) addi    s8, s8, 216
core   0: 3 0x000000008000400c (0x0d8c0c13) x24 0x00000000800060e0
core   0: 0x0000000080004010 (0x000c00e7) jalr    s8
core   0: 3 0x0000000080004010 (0x000c00e7) x1  0x0000000080004014
core   0: >>>>  any_handler
core   0: 0x00000000800060e0 (0x341027f3) csrrs   a5, mepc, zero
core   0: 3 0x00000000800060e0 (0x341027f3) x15 0x0000000080005012
core   0: 0x00000000800060e4 (0x34202773) csrrs   a4, mcause, zero
core   0: 3 0x00000000800060e4 (0x34202773) x14 0x0000000000000002
core   0: 0x00000000800060e8 (0x142026f3) csrrs   a3, scause, zero
core   0: 3 0x00000000800060e8 (0x142026f3) x13 0x0000000000000001
core   0: 0x00000000800060ec (0x30402673) csrrs   a2, mie, zero
core   0: 3 0x00000000800060ec (0x30402673) x12 0x0000000000000a00
core   0: 0x00000000800060f0 (0x344025f3) csrrs   a1, mip, zero
core   0: 3 0x00000000800060f0 (0x344025f3) x11 0x0000000000000080
core   0: 0x00000000800060f4 (0x343025f3) csrrs   a1, mtval, zero
core   0: 3 0x00000000800060f4 (0x343025f3) x11 0x00000000b021f573
core   0: 0x00000000800060f8 (0x14302573) csrrs   a0, stval, zero
core   0: 3 0x00000000800060f8 (0x14302573) x10 0x0000000000000000
core   0: 0x00000000800060fc (0xb02024f3) csrrs   s1, minstret, zero
core   0: 3 0x00000000800060fc (0xb02024f3) x9  0x0000000000000d7f
core   0: 0x0000000080006100 (0x0000a811) c.j     pc + 20
core   0: 3 0x0000000080006100 (0xa811)
core   0: >>>>  mepc_4
core   0: 0x0000000080006114 (0x00000791) c.addi  a5, 4
core   0: 3 0x0000000080006114 (0x0791) x15 0x0000000080005016
core   0: 0x0000000080006116 (0x34179073) csrrw   zero, mepc, a5
core   0: 3 0x0000000080006116 (0x34179073) c833_mepc 0x0000000080005016
core   0: 0x000000008000611a (0x30200073) mret
core   0: 3 0x000000008000611a (0x30200073) c768_mstatus 0x8000000a00106080
core   0: 0x0000000080005016 (0xdbaa70cb) fnmsub.d ft1, fs4, fs10, fs11
core   0: 1 0x0000000080005016 (0xdbaa70cb) f1  0x7ff8000000000000
core   0: 0x000000008000501a (0x7ffe0e93) addi    t4, t3, 2047
core   0: 1 0x000000008000501a (0x7ffe0e93) x29 0x00000000000011ff
core   0: 0x000000008000501e (0x03ccfed3) fadd.d  ft9, fs9, ft8
core   0: 1 0x000000008000501e (0x03ccfed3) f29 0x7ff8000000000000
core   0: 0x0000000080005022 (0x0ff0000f) fence   iorw,iorw
core   0: 1 0x0000000080005022 (0x0ff0000f)
core   0: 0x0000000080005026 (0xd21d0c53) fcvt.d.wu fs8, s10
core   0: 1 0x0000000080005026 (0xd21d0c53) f24 0x41efffffffe00000
core   0: 0x000000008000502a (0x03045533) divu    a0, s0, a6
core   0: 1 0x000000008000502a (0x03045533) x10 0x0000000000000001
core   0: 0x000000008000502e (0x1b7b0b13) addi    s6, s6, 439
core   0: 1 0x000000008000502e (0x1b7b0b13) x22 0x00000000000001b7
core   0: 0x0000000080005032 (0x40395d33) sra     s10, s2, gp
core   0: 1 0x0000000080005032 (0x40395d33) x26 0x1e915d09c536bfc8
core   0: 0x0000000080005036 (0xa2728853) fle.d   a6, ft5, ft7
core   0: 1 0x0000000080005036 (0xa2728853) c1_fflags 0x0000000000000013 x16 0x0000000000000000
core   0: 0x000000008000503a (0x22f797d3) fsgnjn.d fa5, fa5, fa5
core   0: 1 0x000000008000503a (0x22f797d3) f15 0xfff8000000000000
core   0: 0x000000008000503e (0xc03efad3) fcvt.lu.s s5, ft9
core   0: 1 0x000000008000503e (0xc03efad3) c1_fflags 0x0000000000000013 x21 0xffffffffffffffff
core   0: 0x0000000080005042 (0x405ad7bb) sraw    a5, s5, t0
core   0: 1 0x0000000080005042 (0x405ad7bb) x15 0xffffffffffffffff
core   0: 0x0000000080005046 (0x030ad4bb) divuw   s1, s5, a6
core   0: 1 0x0000000080005046 (0x030ad4bb) x9  0xffffffffffffffff
core   0: 0x000000008000504a (0xe20a0ed3) fmv.x.d t4, fs4
core   0: 1 0x000000008000504a (0xe20a0ed3) x29 0x7ff8000000000000
core   0: 0x000000008000504e (0xc037f6d3) fcvt.lu.s a3, fa5
core   0: 1 0x000000008000504e (0xc037f6d3) c1_fflags 0x0000000000000013 x13 0xffffffffffffffff
core   0: 0x0000000080005052 (0x000e9a93) slli    s5, t4, 0
core   0: 1 0x0000000080005052 (0x000e9a93) x21 0x7ff8000000000000
core   0: 0x0000000080005056 (0x4017f5d3) fcvt.s.d fa1, fa5
core   0: 1 0x0000000080005056 (0x4017f5d3) f11 0xffffffff7fc00000
core   0: 0x000000008000505a (0x02d4d4b3) divu    s1, s1, a3
core   0: 1 0x000000008000505a (0x02d4d4b3) x9  0x0000000000000001
core   0: 0x000000008000505e (0x0ff0000f) fence   iorw,iorw
core   0: 1 0x000000008000505e (0x0ff0000f)
core   0: 0x0000000080005062 (0xa3398353) fle.d   t1, fs3, fs3
core   0: 1 0x0000000080005062 (0xa3398353) x6  0x0000000000000001
core   0: 0x0000000080005066 (0xc207fd53) fcvt.w.d s10, fa5
core   0: 1 0x0000000080005066 (0xc207fd53) c1_fflags 0x0000000000000013 x26 0x000000007fffffff
core   0: 0x000000008000506a (0x9b5afb4f) fnmadd.d fs6, fs5, fs5, fs3
core   0: 1 0x000000008000506a (0x9b5afb4f) c1_fflags 0x0000000000000013 f22 0x3ff0000000000000
core   0: 0x000000008000506e (0x41a30cbb) subw    s9, t1, s10
core   0: 1 0x000000008000506e (0x41a30cbb) x25 0xffffffff80000002
core   0: 0x0000000080005072 (0xb2f5fec7) fmsub.d ft9, fa1, fa5, fs6
core   0: 1 0x0000000080005072 (0xb2f5fec7) f29 0x7ff8000000000000
core   0: 0x0000000080005076 (0x03fc1e13) slli    t3, s8, 63
core   0: 1 0x0000000080005076 (0x03fc1e13) x28 0x0000000000000000
core   0: 0x000000008000507a (0x00d6843b) addw    s0, a3, a3
core   0: 1 0x000000008000507a (0x00d6843b) x8  0xfffffffffffffffe
core   0: 0x000000008000507e (0x034471b3) remu    gp, s0, s4
core   0: 1 0x000000008000507e (0x034471b3) x3  0xfffffffffffffffe
core   0: 0x0000000080005082 (0x03f1d813) srli    a6, gp, 63
core   0: 1 0x0000000080005082 (0x03f1d813) x16 0x0000000000000001
core   0: 0x0000000080005086 (0x02fb7153) fadd.d  ft2, fs6, fa5
core   0: 1 0x0000000080005086 (0x02fb7153) f2  0x7ff8000000000000
core   0: 0x000000008000508a (0x40118bbb) subw    s7, gp, ra
core   0: 1 0x000000008000508a (0x40118bbb) x23 0x000000007fffbfea
core   0: 0x000000008000508e (0xa2b404d3) fle.d   s1, fs0, fa1
core   0: 1 0x000000008000508e (0xa2b404d3) c1_fflags 0x0000000000000013 x9  0x0000000000000000
core   0: 0x0000000080005092 (0x00202473) csrrs   s0, frm, zero
core   0: 1 0x0000000080005092 (0x00202473) x8  0x0000000000000000
core   0: 0x0000000080005096 (0x00000001) c.nop
core   0: 1 0x0000000080005096 (0x0001)
core   0: 0x0000000080005098 (0x001411f3) csrrw   gp, fflags, s0
core   0: 1 0x0000000080005098 (0x001411f3) x3  0x0000000000000013 c1_fflags 0x0000000000000000
core   0: 0x000000008000509c (0x01f8d39b) srliw   t2, a7, 31
core   0: 1 0x000000008000509c (0x01f8d39b) x7  0x0000000000000000
core   0: 0x00000000800050a0 (0x42068ad3) fcvt.d.s fs5, fa3
core   0: 1 0x00000000800050a0 (0x42068ad3) f21 0x7ff8000000000000
core   0: 0x00000000800050a4 (0x01331b9b) slliw   s7, t1, 19
core   0: 1 0x00000000800050a4 (0x01331b9b) x23 0x0000000000080000
core   0: 0x00000000800050a8 (0x1bfd72d3) fdiv.d  ft5, fs10, ft11
core   0: 1 0x00000000800050a8 (0x1bfd72d3) f5  0x9e915d09c536bfc8
core   0: 0x00000000800050ac (0x00202073) csrrs   zero, frm, zero
core   0: 1 0x00000000800050ac (0x00202073)
core   0: 0x00000000800050b0 (0x2b911153) fmax.d  ft2, ft2, fs9
core   0: 1 0x00000000800050b0 (0x2b911153) f2  0x0000000000000000
core   0: 0x00000000800050b4 (0x1bb173c7) fmsub.d ft7, ft2, fs11, ft3
core   0: 1 0x00000000800050b4 (0x1bb173c7) f7  0x7ff8000000000000
core   0: 0x00000000800050b8 (0xd21507d3) fcvt.d.wu fa5, a0
core   0: 1 0x00000000800050b8 (0xd21507d3) f15 0x3ff0000000000000
core   0: 0x00000000800050bc (0x3b43f0c3) fmadd.d ft1, ft7, fs4, ft7
core   0: 1 0x00000000800050bc (0x3b43f0c3) f1  0x7ff8000000000000
core   0: 0x00000000800050c0 (0x00102d73) csrrs   s10, fflags, zero
core   0: 1 0x00000000800050c0 (0x00102d73) x26 0x0000000000000000
core   0: 0x00000000800050c4 (0x032386bb) mulw    a3, t2, s2
core   0: 1 0x00000000800050c4 (0x032386bb) x13 0x0000000000000000
core   0: 0x00000000800050c8 (0x8b1bb437) lui     s0, 0x8b1bb
core   0: 1 0x00000000800050c8 (0x8b1bb437) x8  0xffffffff8b1bb000
core   0: 0x00000000800050cc (0x004efc33) and     s8, t4, tp
core   0: 1 0x00000000800050cc (0x004efc33) x24 0x0000000000000000
core   0: 0x00000000800050d0 (0x4149573b) sraw    a4, s2, s4
core   0: 1 0x00000000800050d0 (0x4149573b) x14 0xffffffffc536bfc8
core   0: 0x00000000800050d4 (0x03769b33) mulh    s6, a3, s7
core   0: 1 0x00000000800050d4 (0x03769b33) x22 0x0000000000000000
core   0: 0x00000000800050d8 (0xf55c8c9b) addiw   s9, s9, -171
core   0: 1 0x00000000800050d8 (0xf55c8c9b) x25 0x000000007fffff57
core   0: 0x00000000800050dc (0x02fb5e33) divu    t3, s6, a5
core   0: 1 0x00000000800050dc (0x02fb5e33) x28 0x0000000000000000
core   0: 0x00000000800050e0 (0x5a0dfa53) fsqrt.d fs4, fs11
core   0: 1 0x00000000800050e0 (0x5a0dfa53) f20 0x7ff8000000000000
core   0: 0x00000000800050e4 (0xc2357953) fcvt.lu.d s2, fa0
core   0: 1 0x00000000800050e4 (0xc2357953) c1_fflags 0x0000000000000010 x18 0xffffffffffffffff
core   0: 0x00000000800050e8 (0x01d688bb) addw    a7, a3, t4
core   0: 1 0x00000000800050e8 (0x01d688bb) x17 0x0000000000000000
core   0: 0x00000000800050ec (0x0ff0000f) fence   iorw,iorw
core   0: 1 0x00000000800050ec (0x0ff0000f)
core   0: 0x00000000800050f0 (0x401479d3) fcvt.s.d fs3, fs0
core   0: 1 0x00000000800050f0 (0x401479d3) f19 0xffffffff7fc00000
core   0: 0x00000000800050f4 (0x43f6d113) srai    sp, a3, 63
core   0: 1 0x00000000800050f4 (0x43f6d113) x2  0x0000000000000000
core   0: 0x00000000800050f8 (0x0b4c754f) fnmadd.d fa0, fs8, fs4, ft1
core   0: 1 0x00000000800050f8 (0x0b4c754f) f10 0x7ff8000000000000
core   0: 0x00000000800050fc (0x41f3551b) sraiw   a0, t1, 31
core   0: 1 0x00000000800050fc (0x41f3551b) x10 0x0000000000000000
core   0: 0x0000000080005100 (0x227e0453) fsgnj.d fs0, ft8, ft7
core   0: 1 0x0000000080005100 (0x227e0453) f8  0x7fffffffdebf8000
core   0: 0x0000000080005104 (0x00156313) ori     t1, a0, 1
core   0: 1 0x0000000080005104 (0x00156313) x6  0x0000000000000001
core   0: 0x0000000080005108 (0x00f2d59b) srliw   a1, t0, 15
core   0: 1 0x0000000080005108 (0x00f2d59b) x11 0x0000000000000000
core   0: 0x000000008000510c (0x00091293) slli    t0, s2, 0
core   0: 1 0x000000008000510c (0x00091293) x5  0xffffffffffffffff
core   0: 0x0000000080005110 (0x0322fa33) remu    s4, t0, s2
core   0: 1 0x0000000080005110 (0x0322fa33) x20 0x0000000000000000
core   0: 0x0000000080005114 (0x420482d3) fcvt.d.s ft5, fs1
core   0: 1 0x0000000080005114 (0x420482d3) f5  0x7ff8000000000000
core   0: 0x0000000080005118 (0x00555cbb) srlw    s9, a0, t0
core   0: 1 0x0000000080005118 (0x00555cbb) x25 0x0000000000000000
core   0: 0x000000008000511c (0x032a57b3) divu    a5, s4, s2
core   0: 1 0x000000008000511c (0x032a57b3) x15 0x0000000000000000
core   0: 0x0000000080005120 (0x00004e01) c.li    t3, 0
core   0: 1 0x0000000080005120 (0x4e01) x28 0x0000000000000000
core   0: 0x0000000080005122 (0xfff7ca93) not     s5, a5
core   0: 1 0x0000000080005122 (0xfff7ca93) x21 0xffffffffffffffff
core   0: 0x0000000080005126 (0x00025213) srli    tp, tp, 0
core   0: 1 0x0000000080005126 (0x00025213) x4  0x00000000f713efe8
core   0: 0x000000008000512a (0x0ff0000f) fence   iorw,iorw
core   0: 1 0x000000008000512a (0x0ff0000f)
core   0: 0x000000008000512e (0xc22efdd3) fcvt.l.d s11, ft9
core   0: 1 0x000000008000512e (0xc22efdd3) c1_fflags 0x0000000000000010 x27 0x7fffffffffffffff
core   0: 0x0000000080005132 (0x03eb7f53) fadd.d  ft10, fs6, ft10
core   0: 1 0x0000000080005132 (0x03eb7f53) f30 0x4000000000000000
core   0: 0x0000000080005136 (0xf5560293) addi    t0, a2, -171
core   0: 1 0x0000000080005136 (0xf5560293) x5  0x0000000000000955
core   0: 0x000000008000513a (0x002ded33) or      s10, s11, sp
core   0: 1 0x000000008000513a (0x002ded33) x26 0x7fffffffffffffff
core   0: 0x000000008000513e (0x033bf7b3) remu    a5, s7, s3
core   0: 1 0x000000008000513e (0x033bf7b3) x15 0x0000000000080000
core   0: 0x0000000080005142 (0xd21d0c53) fcvt.d.wu fs8, s10
core   0: 1 0x0000000080005142 (0xd21d0c53) f24 0x41efffffffe00000
core   0: 0x0000000080005146 (0x413d89b3) sub     s3, s11, s3
core   0: 1 0x0000000080005146 (0x413d89b3) x19 0x7fffffffc659fc7c
core   0: 0x000000008000514a (0x1263f353) fmul.d  ft6, ft7, ft6
core   0: 1 0x000000008000514a (0x1263f353) f6  0x7ff8000000000000
core   0: 0x000000008000514e (0x1b3bfb53) fdiv.d  fs6, fs7, fs3
core   0: 1 0x000000008000514e (0x1b3bfb53) f22 0x7ff8000000000000
core   0: 0x0000000080005152 (0x037cc133) div     sp, s9, s7
core   0: 1 0x0000000080005152 (0x037cc133) x2  0x0000000000000000
core   0: 0x0000000080005156 (0x029b78b7) lui     a7, 0x29b7
core   0: 1 0x0000000080005156 (0x029b78b7) x17 0x00000000029b7000
core   0: 0x000000008000515a (0x2858889b) addiw   a7, a7, 645
core   0: 1 0x000000008000515a (0x2858889b) x17 0x00000000029b7285
core   0: 0x000000008000515e (0x000008b6) c.slli  a7, 13
core   0: 1 0x000000008000515e (0x08b6) x17 0x000000536e50a000
core   0: 0x0000000080005160 (0x40388893) addi    a7, a7, 1027
core   0: 1 0x0000000080005160 (0x40388893) x17 0x000000536e50a403
core   0: 0x0000000080005164 (0xd231f653) fcvt.d.lu fa2, gp
core   0: 1 0x0000000080005164 (0xd231f653) f12 0x4033000000000000
core   0: 0x0000000080005168 (0xe2088ad3) fmv.x.d s5, fa7
core   0: 1 0x0000000080005168 (0xe2088ad3) x21 0xffffffff7fc00000
core   0: 0x000000008000516c (0x80014313) xori    t1, sp, -2048
core   0: 1 0x000000008000516c (0x80014313) x6  0xfffffffffffff800
core   0: 0x0000000080005170 (0x1a3bf1d3) fdiv.d  ft3, fs7, ft3
core   0: 1 0x0000000080005170 (0x1a3bf1d3) f3  0x7ff8000000000000
core   0: 0x0000000080005174 (0x40167253) fcvt.s.d ft4, fa2
core   0: 1 0x0000000080005174 (0x40167253) f4  0xffffffff41980000
core   0: 0x0000000080005178 (0x23f11dd3) fsgnjn.d fs11, ft2, ft11
core   0: 1 0x0000000080005178 (0x23f11dd3) f27 0x0000000000000000
core   0: 0x000000008000517c (0x0001d79b) srliw   a5, gp, 0
core   0: 1 0x000000008000517c (0x0001d79b) x15 0x0000000000000013
core   0: 0x0000000080005180 (0x024c4a33) div     s4, s8, tp
core   0: 1 0x0000000080005180 (0x024c4a33) x20 0x0000000000000000
core   0: 0x0000000080005184 (0x40e2513b) sraw    sp, tp, a4
core   0: 1 0x0000000080005184 (0x40e2513b) x2  0xfffffffffff713ef
core   0: 0x0000000080005188 (0xd233f6d3) fcvt.d.lu fa3, t2
core   0: 1 0x0000000080005188 (0xd233f6d3) f13 0x0000000000000000
core   0: 0x000000008000518c (0x00259db3) sll     s11, a1, sp
core   0: 1 0x000000008000518c (0x00259db3) x27 0x0000000000000000
core   0: 0x0000000080005190 (0x00039e13) slli    t3, t2, 0
core   0: 1 0x0000000080005190 (0x00039e13) x28 0x0000000000000000
core   0: 0x0000000080005194 (0x0000174e) c.slli  a4, 51
core   0: 1 0x0000000080005194 (0x174e) x14 0xfe40000000000000
core   0: 0x0000000080005196 (0x02ee023b) mulw    tp, t3, a4
core   0: 1 0x0000000080005196 (0x02ee023b) x4  0x0000000000000000
core   0: 0x000000008000519a (0x6b4c72cf) fnmadd.d ft5, fs8, fs4, fa3
core   0: 1 0x000000008000519a (0x6b4c72cf) f5  0x7ff8000000000000
core   0: 0x000000008000519e (0x001027f3) csrrs   a5, fflags, zero
core   0: 1 0x000000008000519e (0x001027f3) x15 0x0000000000000010
core   0: 0x00000000800051a2 (0x89d5c513) xori    a0, a1, -1891
core   0: 1 0x00000000800051a2 (0x89d5c513) x10 0xfffffffffffff89d
core   0: 0x00000000800051a6 (0xd1a60a93) addi    s5, a2, -742
core   0: 1 0x00000000800051a6 (0xd1a60a93) x21 0x000000000000071a
core   0: 0x00000000800051aa (0x019717b3) sll     a5, a4, s9
core   0: 1 0x00000000800051aa (0x019717b3) x15 0xfe40000000000000
core   0: 0x00000000800051ae (0x2a1910d3) fmax.d  ft1, fs2, ft1
core   0: 1 0x00000000800051ae (0x2a1910d3) f1  0x7ff8000000000000
core   0: 0x00000000800051b2 (0xc216f653) fcvt.wu.d a2, fa3
core   0: 1 0x00000000800051b2 (0xc216f653) x12 0x0000000000000000
core   0: 0x00000000800051b6 (0x00f5153b) sllw    a0, a0, a5
core   0: 1 0x00000000800051b6 (0x00f5153b) x10 0xfffffffffffff89d
core   0: 0x00000000800051ba (0x2bc086d3) fmin.d  fa3, ft1, ft8
core   0: 1 0x00000000800051ba (0x2bc086d3) f13 0x7ff8000000000000
core   0: 0x00000000800051be (0x000d6893) ori     a7, s10, 0
core   0: 1 0x00000000800051be (0x000d6893) x17 0x7fffffffffffffff
core   0: 0x00000000800051c2 (0x0034c7b3) xor     a5, s1, gp
core   0: 1 0x00000000800051c2 (0x0034c7b3) x15 0x0000000000000013
core   0: 0x00000000800051c6 (0x2a421d53) fmax.d  fs10, ft4, ft4
core   0: 1 0x00000000800051c6 (0x2a421d53) f26 0x7ff8000000000000
core   0: 0x00000000800051ca (0xc2327253) fcvt.lu.d tp, ft4
core   0: 1 0x00000000800051ca (0xc2327253) c1_fflags 0x0000000000000010 x4  0xffffffffffffffff
core   0: 0x00000000800051ce (0x001024f3) csrrs   s1, fflags, zero
core   0: 1 0x00000000800051ce (0x001024f3) x9  0x0000000000000010
core   0: 0x00000000800051d2 (0x4011da9b) sraiw   s5, gp, 1
core   0: 1 0x00000000800051d2 (0x4011da9b) x21 0x0000000000000009
core   0: 0x00000000800051d6 (0xf88a0837) lui     a6, 0xf88a0
core   0: 1 0x00000000800051d6 (0xf88a0837) x16 0xfffffffff88a0000
core   0: 0x00000000800051da (0x4538081b) addiw   a6, a6, 1107
core   0: 1 0x00000000800051da (0x4538081b) x16 0xfffffffff88a0453
core   0: 0x00000000800051de (0x00000832) c.slli  a6, 12
core   0: 1 0x00000000800051de (0x0832) x16 0xffffff88a0453000
core   0: 0x00000000800051e0 (0x4b080813) addi    a6, a6, 1200
core   0: 1 0x00000000800051e0 (0x4b080813) x16 0xffffff88a04534b0
core   0: 0x00000000800051e4 (0x00ad4e33) xor     t3, s10, a0
core   0: 1 0x00000000800051e4 (0x00ad4e33) x28 0x8000000000000762
core   0: 0x00000000800051e8 (0x021d7bb3) remu    s7, s10, ra
core   0: 1 0x00000000800051e8 (0x021d7bb3) x23 0x000000002014031f
core   0: 0x00000000800051ec (0x80077713) andi    a4, a4, -2048
core   0: 1 0x00000000800051ec (0x80077713) x14 0xfe40000000000000
core   0: 0x00000000800051f0 (0x034e4533) div     a0, t3, s4
core   0: 1 0x00000000800051f0 (0x034e4533) x10 0xffffffffffffffff
core   0: 0x00000000800051f4 (0x006207b3) add     a5, tp, t1
core   0: 1 0x00000000800051f4 (0x006207b3) x15 0xfffffffffffff7ff
core   0: 0x00000000800051f8 (0xc21c7453) fcvt.wu.d s0, fs8
core   0: 1 0x00000000800051f8 (0xc21c7453) x8  0xffffffffffffffff
core   0: 0x00000000800051fc (0x402ddc3b) sraw    s8, s11, sp
core   0: 1 0x00000000800051fc (0x402ddc3b) x24 0x0000000000000000
core   0: 0x0000000080005200 (0x024ae13b) remw    sp, s5, tp
core   0: 1 0x0000000080005200 (0x024ae13b) x2  0x0000000000000000
core   0: 0x0000000080005204 (0x0305b933) mulhu   s2, a1, a6
core   0: 1 0x0000000080005204 (0x0305b933) x18 0x0000000000000000
core   0: 0x0000000080005208 (0x02615d93) srli    s11, sp, 38
core   0: 1 0x0000000080005208 (0x02615d93) x27 0x0000000000000000
core   0: 0x000000008000520c (0x01681693) slli    a3, a6, 22
core   0: 1 0x000000008000520c (0x01681693) x13 0xe228114d2c000000
core   0: 0x0000000080005210 (0xb28b7b4b) fnmsub.d fs6, fs6, fs0, fs6
core   0: 1 0x0000000080005210 (0xb28b7b4b) f22 0x7ff8000000000000
core   0: 0x0000000080005214 (0xa2d6fa47) fmsub.d fs4, fa3, fa3, fs4
core   0: 1 0x0000000080005214 (0xa2d6fa47) f20 0x7ff8000000000000
core   0: 0x0000000080005218 (0xf20d8cd3) fmv.d.x fs9, s11
core   0: 1 0x0000000080005218 (0xf20d8cd3) f25 0x0000000000000000
core   0: 0x000000008000521c (0xd20b0b53) fcvt.d.w fs6, s6
core   0: 1 0x000000008000521c (0xd20b0b53) f22 0x0000000000000000
core   0: 0x0000000080005220 (0x02bea333) mulhsu  t1, t4, a1
core   0: 1 0x0000000080005220 (0x02bea333) x6  0x0000000000000000
core   0: 0x0000000080005224 (0x00d78633) add     a2, a5, a3
core   0: 1 0x0000000080005224 (0x00d78633) x12 0xe228114d2bfff7ff
core   0: 0x0000000080005228 (0x033b79d3) fadd.d  fs3, fs6, fs3
core   0: 1 0x0000000080005228 (0x033b79d3) f19 0x7ff8000000000000
core   0: 0x000000008000522c (0x22108053) fsgnj.d ft0, ft1, ft1
core   0: 1 0x000000008000522c (0x22108053) f0  0x7ff8000000000000
core   0: 0x0000000080005230 (0x00cea8b3) slt     a7, t4, a2
core   0: 1 0x0000000080005230 (0x00cea8b3) x17 0x0000000000000000
core   0: 0x0000000080005234 (0x00209d73) csrrw   s10, frm, ra
core   0: 1 0x0000000080005234 (0x00209d73) x26 0x0000000000000000 c2_frm 0x0000000000000004
core   0: 0x0000000080005238 (0xb0d8e113) ori     sp, a7, -1267
core   0: 1 0x0000000080005238 (0xb0d8e113) x2  0xfffffffffffffb0d
core   0: 0x000000008000523c (0x000ed29b) srliw   t0, t4, 0
core   0: 1 0x000000008000523c (0x000ed29b) x5  0x0000000000000000
core   0: 0x0000000080005240 (0x5c81f313) andi    t1, gp, 1480
core   0: 1 0x0000000080005240 (0x5c81f313) x6  0x0000000000000000
core   0: 0x0000000080005244 (0xa8330893) addi    a7, t1, -1405
core   0: 1 0x0000000080005244 (0xa8330893) x17 0xfffffffffffffa83
core   0: 0x0000000080005248 (0x23bda553) fsgnjx.d fa0, fs11, fs11
core   0: 1 0x0000000080005248 (0x23bda553) f10 0x0000000000000000
core   0: 0x000000008000524c (0xd0217153) fcvt.s.l ft2, sp
core   0: 1 0x000000008000524c (0xd0217153) f2  0xffffffffc49e6000
core   0: 0x0000000080005250 (0xc2257853) fcvt.l.d a6, fa0
core   0: 1 0x0000000080005250 (0xc2257853) x16 0x0000000000000000
core   0: 0x0000000080005254 (0xc203fed3) fcvt.w.d t4, ft7
core   0: 1 0x0000000080005254 (0xc203fed3) c1_fflags 0x0000000000000010 x29 0x000000007fffffff
core   0: 0x0000000080005258 (0x0005d013) srli    zero, a1, 0
core   0: 1 0x0000000080005258 (0x0005d013)
core   0: 0x000000008000525c (0xb2fcf7c3) fmadd.d fa5, fs9, fa5, fs6
core   0: 1 0x000000008000525c (0xb2fcf7c3) f15 0x0000000000000000
core   0: 0x0000000080005260 (0x01900b3b) addw    s6, zero, s9
core   0: 1 0x0000000080005260 (0x01900b3b) x22 0x0000000000000000
core   0: 0x0000000080005264 (0x0000579b) srliw   a5, zero, 0
core   0: 1 0x0000000080005264 (0x0000579b) x15 0x0000000000000000
core   0: 0x0000000080005268 (0x00102973) csrrs   s2, fflags, zero
core   0: 1 0x0000000080005268 (0x00102973) x18 0x0000000000000010
core   0: 0x000000008000526c (0x234e1f53) fsgnjn.d ft10, ft8, fs4
core   0: 1 0x000000008000526c (0x234e1f53) f30 0xffffffffdebf8000
core   0: 0x0000000080005270 (0x34205373) csrrwi  t1, mcause, 0
core   0: exception trap_illegal_instruction, epc 0x0000000080005270
core   0:           tval 0x0000000034205373
core   0: >>>>  $xrv64i2p1_m2p0_a2p1_f2p2_d2p2_zicsr2p0_zifencei2p0_zmmul1p0_zba1p0_zbb1p0_zbc1p0_zbs1p0
core   0: 0x0000000080004000 (0x0080006f) j       pc + 0x8
core   0: 3 0x0000000080004000 (0x0080006f)
core   0: >>>>  mmode_exception_handler
core   0: 0x0000000080004008 (0x00002c17) auipc   s8, 0x2
core   0: 3 0x0000000080004008 (0x00002c17) x24 0x0000000080006008
core   0: 0x000000008000400c (0x0d8c0c13) addi    s8, s8, 216
core   0: 3 0x000000008000400c (0x0d8c0c13) x24 0x00000000800060e0
core   0: 0x0000000080004010 (0x000c00e7) jalr    s8
core   0: 3 0x0000000080004010 (0x000c00e7) x1  0x0000000080004014
core   0: >>>>  any_handler
core   0: 0x00000000800060e0 (0x341027f3) csrrs   a5, mepc, zero
core   0: 3 0x00000000800060e0 (0x341027f3) x15 0x0000000080005270
core   0: 0x00000000800060e4 (0x34202773) csrrs   a4, mcause, zero
core   0: 3 0x00000000800060e4 (0x34202773) x14 0x0000000000000002
core   0: 0x00000000800060e8 (0x142026f3) csrrs   a3, scause, zero
core   0: 3 0x00000000800060e8 (0x142026f3) x13 0x0000000000000001
core   0: 0x00000000800060ec (0x30402673) csrrs   a2, mie, zero
core   0: 3 0x00000000800060ec (0x30402673) x12 0x0000000000000a00
core   0: 0x00000000800060f0 (0x344025f3) csrrs   a1, mip, zero
core   0: 3 0x00000000800060f0 (0x344025f3) x11 0x0000000000000080
core   0: 0x00000000800060f4 (0x343025f3) csrrs   a1, mtval, zero
core   0: 3 0x00000000800060f4 (0x343025f3) x11 0x0000000034205373
core   0: 0x00000000800060f8 (0x14302573) csrrs   a0, stval, zero
core   0: 3 0x00000000800060f8 (0x14302573) x10 0x0000000000000000
core   0: 0x00000000800060fc (0xb02024f3) csrrs   s1, minstret, zero
core   0: 3 0x00000000800060fc (0xb02024f3) x9  0x0000000000000e28
core   0: 0x0000000080006100 (0x0000a811) c.j     pc + 20
core   0: 3 0x0000000080006100 (0xa811)
core   0: >>>>  mepc_4
core   0: 0x0000000080006114 (0x00000791) c.addi  a5, 4
core   0: 3 0x0000000080006114 (0x0791) x15 0x0000000080005274
core   0: 0x0000000080006116 (0x34179073) csrrw   zero, mepc, a5
core   0: 3 0x0000000080006116 (0x34179073) c833_mepc 0x0000000080005274
core   0: 0x000000008000611a (0x30200073) mret
core   0: 3 0x000000008000611a (0x30200073) c768_mstatus 0x8000000a00106080
core   0: 0x0000000080005274 (0x025ec033) div     zero, t4, t0
core   0: 1 0x0000000080005274 (0x025ec033)
core   0: 0x0000000080005278 (0x001028f3) csrrs   a7, fflags, zero
core   0: 1 0x0000000080005278 (0x001028f3) x17 0x0000000000000010
core   0: 0x000000008000527c (0xfec9ad37) lui     s10, 0xfec9a
core   0: 1 0x000000008000527c (0xfec9ad37) x26 0xfffffffffec9a000
core   0: 0x0000000080005280 (0x0013531b) srliw   t1, t1, 1
core   0: 1 0x0000000080005280 (0x0013531b) x6  0x0000000000000000
core   0: 0x0000000080005284 (0xd2267653) fcvt.d.l fa2, a2
core   0: 1 0x0000000080005284 (0xd2267653) f12 0x40a4000000000000
core   0: 0x0000000080005288 (0x404087bb) subw    a5, ra, tp
core   0: 1 0x0000000080005288 (0x404087bb) x15 0xffffffff80004015
core   0: 0x000000008000528c (0x22360253) fsgnj.d ft4, fa2, ft3
core   0: 1 0x000000008000528c (0x22360253) f4  0x40a4000000000000
core   0: 0x0000000080005290 (0x02a30dbb) mulw    s11, t1, a0
core   0: 1 0x0000000080005290 (0x02a30dbb) x27 0x0000000000000000
core   0: 0x0000000080005294 (0x00e717bb) sllw    a5, a4, a4
core   0: 1 0x0000000080005294 (0x00e717bb) x15 0x0000000000000008
core   0: 0x0000000080005298 (0x40c789bb) subw    s3, a5, a2
core   0: 1 0x0000000080005298 (0x40c789bb) x19 0xfffffffffffff608
core   0: 0x000000008000529c (0x002b1c3b) sllw    s8, s6, sp
core   0: 1 0x000000008000529c (0x002b1c3b) x24 0x0000000000000000
core   0: 0x00000000800052a0 (0x1b54f2d3) fdiv.d  ft5, fs1, fs5
core   0: 1 0x00000000800052a0 (0x1b54f2d3) f5  0x7ff8000000000000
core   0: 0x00000000800052a4 (0x0392c0bb) divw    ra, t0, s9
core   0: 1 0x00000000800052a4 (0x0392c0bb) x1  0xffffffffffffffff
core   0: 0x00000000800052a8 (0xd20c8e53) fcvt.d.w ft8, s9
core   0: 1 0x00000000800052a8 (0xd20c8e53) f28 0x0000000000000000
core   0: 0x00000000800052ac (0x80028413) addi    s0, t0, -2048
core   0: 1 0x00000000800052ac (0x80028413) x8  0xfffffffffffff800
core   0: 0x00000000800052b0 (0x3409b373) csrrc   t1, mscratch, s3
core   0: exception trap_illegal_instruction, epc 0x00000000800052b0
core   0:           tval 0x000000003409b373
core   0: >>>>  $xrv64i2p1_m2p0_a2p1_f2p2_d2p2_zicsr2p0_zifencei2p0_zmmul1p0_zba1p0_zbb1p0_zbc1p0_zbs1p0
core   0: 0x0000000080004000 (0x0080006f) j       pc + 0x8
core   0: 3 0x0000000080004000 (0x0080006f)
core   0: >>>>  mmode_exception_handler
core   0: 0x0000000080004008 (0x00002c17) auipc   s8, 0x2
core   0: 3 0x0000000080004008 (0x00002c17) x24 0x0000000080006008
core   0: 0x000000008000400c (0x0d8c0c13) addi    s8, s8, 216
core   0: 3 0x000000008000400c (0x0d8c0c13) x24 0x00000000800060e0
core   0: 0x0000000080004010 (0x000c00e7) jalr    s8
core   0: 3 0x0000000080004010 (0x000c00e7) x1  0x0000000080004014
core   0: >>>>  any_handler
core   0: 0x00000000800060e0 (0x341027f3) csrrs   a5, mepc, zero
core   0: 3 0x00000000800060e0 (0x341027f3) x15 0x00000000800052b0
core   0: 0x00000000800060e4 (0x34202773) csrrs   a4, mcause, zero
core   0: 3 0x00000000800060e4 (0x34202773) x14 0x0000000000000002
core   0: 0x00000000800060e8 (0x142026f3) csrrs   a3, scause, zero
core   0: 3 0x00000000800060e8 (0x142026f3) x13 0x0000000000000001
core   0: 0x00000000800060ec (0x30402673) csrrs   a2, mie, zero
core   0: 3 0x00000000800060ec (0x30402673) x12 0x0000000000000a00
core   0: 0x00000000800060f0 (0x344025f3) csrrs   a1, mip, zero
core   0: 3 0x00000000800060f0 (0x344025f3) x11 0x0000000000000080
core   0: 0x00000000800060f4 (0x343025f3) csrrs   a1, mtval, zero
core   0: 3 0x00000000800060f4 (0x343025f3) x11 0x000000003409b373
core   0: 0x00000000800060f8 (0x14302573) csrrs   a0, stval, zero
core   0: 3 0x00000000800060f8 (0x14302573) x10 0x0000000000000000
core   0: 0x00000000800060fc (0xb02024f3) csrrs   s1, minstret, zero
core   0: 3 0x00000000800060fc (0xb02024f3) x9  0x0000000000000e47
core   0: 0x0000000080006100 (0x0000a811) c.j     pc + 20
core   0: 3 0x0000000080006100 (0xa811)
core   0: >>>>  mepc_4
core   0: 0x0000000080006114 (0x00000791) c.addi  a5, 4
core   0: 3 0x0000000080006114 (0x0791) x15 0x00000000800052b4
core   0: 0x0000000080006116 (0x34179073) csrrw   zero, mepc, a5
core   0: 3 0x0000000080006116 (0x34179073) c833_mepc 0x00000000800052b4
core   0: 0x000000008000611a (0x30200073) mret
core   0: 3 0x000000008000611a (0x30200073) c768_mstatus 0x8000000a00106080
core   0: 0x00000000800052b4 (0xc20f7bd3) fcvt.w.d s7, ft10
core   0: 1 0x00000000800052b4 (0xc20f7bd3) c1_fflags 0x0000000000000010 x23 0x000000007fffffff
core   0: 0x00000000800052b8 (0x23438a53) fsgnj.d fs4, ft7, fs4
core   0: 1 0x00000000800052b8 (0x23438a53) f20 0x7ff8000000000000
core   0: 0x00000000800052bc (0x018d833b) addw    t1, s11, s8
core   0: 1 0x00000000800052bc (0x018d833b) x6  0xffffffff800060e0
core   0: 0x00000000800052c0 (0x02b0f8b3) remu    a7, ra, a1
core   0: 1 0x00000000800052c0 (0x02b0f8b3) x17 0x0000000017ecd92e
core   0: 0x00000000800052c4 (0x001894f3) csrrw   s1, fflags, a7
core   0: 1 0x00000000800052c4 (0x001894f3) x9  0x0000000000000010 c1_fflags 0x000000000000000e
core   0: 0x00000000800052c8 (0xd029f1d3) fcvt.s.l ft3, s3
core   0: 1 0x00000000800052c8 (0xd029f1d3) f3  0xffffffffc51f8000
core   0: 0x00000000800052cc (0x0179f5b3) and     a1, s3, s7
core   0: 1 0x00000000800052cc (0x0179f5b3) x11 0x000000007ffff608
core   0: 0x00000000800052d0 (0x0185c133) xor     sp, a1, s8
core   0: 1 0x00000000800052d0 (0x0185c133) x2  0x00000000ffff96e8
core   0: 0x00000000800052d4 (0xc0347753) fcvt.lu.s a4, fs0
core   0: 1 0x00000000800052d4 (0xc0347753) c1_fflags 0x000000000000001e x14 0xffffffffffffffff
core   0: 0x00000000800052d8 (0xd0257753) fcvt.s.l fa4, a0
core   0: 1 0x00000000800052d8 (0xd0257753) f14 0xffffffff00000000
core   0: 0x00000000800052dc (0xc2177c53) fcvt.wu.d s8, fa4
core   0: 1 0x00000000800052dc (0xc2177c53) c1_fflags 0x000000000000001e x24 0xffffffffffffffff
core   0: 0x00000000800052e0 (0x0381ce33) div     t3, gp, s8
core   0: 1 0x00000000800052e0 (0x0381ce33) x28 0xffffffffffffffed
core   0: 0x00000000800052e4 (0x59040d97) auipc   s11, 0x59040
core   0: 1 0x00000000800052e4 (0x59040d97) x27 0x00000000d90452e4
core   0: 0x00000000800052e8 (0x401600b3) sub     ra, a2, ra
core   0: 1 0x00000000800052e8 (0x401600b3) x1  0xffffffff7fffc9ec
core   0: 0x00000000800052ec (0x0151dabb) srlw    s5, gp, s5
core   0: 1 0x00000000800052ec (0x0151dabb) x21 0x0000000000000000
core   0: 0x00000000800052f0 (0x0351b1b3) mulhu   gp, gp, s5
core   0: 1 0x00000000800052f0 (0x0351b1b3) x3  0x0000000000000000
core   0: 0x00000000800052f4 (0x02d07333) remu    t1, zero, a3
core   0: 1 0x00000000800052f4 (0x02d07333) x6  0x0000000000000000
core   0: 0x00000000800052f8 (0x001023f3) csrrs   t2, fflags, zero
core   0: 1 0x00000000800052f8 (0x001023f3) x7  0x000000000000001e
core   0: 0x00000000800052fc (0x0362f833) remu    a6, t0, s6
core   0: 1 0x00000000800052fc (0x0362f833) x16 0x0000000000000000
core   0: 0x0000000080005300 (0xd23b76d3) fcvt.d.lu fa3, s6
core   0: 1 0x0000000080005300 (0xd23b76d3) f13 0x0000000000000000
core   0: 0x0000000080005304 (0x035d8bbb) mulw    s7, s11, s5
core   0: 1 0x0000000080005304 (0x035d8bbb) x23 0x0000000000000000
core   0: 0x0000000080005308 (0xc216f453) fcvt.wu.d s0, fa3
core   0: 1 0x0000000080005308 (0xc216f453) x8  0x0000000000000000
core   0: 0x000000008000530c (0x00045a1b) srliw   s4, s0, 0
core   0: 1 0x000000008000530c (0x00045a1b) x20 0x0000000000000000
core   0: 0x0000000080005310 (0x00000886) c.slli  a7, 1
core   0: 1 0x0000000080005310 (0x0886) x17 0x000000002fd9b25c
core   0: 0x0000000080005312 (0xc02478d3) fcvt.l.s a7, fs0
core   0: 1 0x0000000080005312 (0xc02478d3) c1_fflags 0x000000000000001e x17 0x7fffffffffffffff
core   0: 0x0000000080005316 (0x777f1337) lui     t1, 0x777f1
core   0: 1 0x0000000080005316 (0x777f1337) x6  0x00000000777f1000
core   0: 0x000000008000531a (0x03430e33) mul     t3, t1, s4
core   0: 1 0x000000008000531a (0x03430e33) x28 0x0000000000000000
core   0: 0x000000008000531e (0x02a70bbb) mulw    s7, a4, a0
core   0: 1 0x000000008000531e (0x02a70bbb) x23 0x0000000000000000
core   0: 0x0000000080005322 (0x00eca2b3) slt     t0, s9, a4
core   0: 1 0x0000000080005322 (0x00eca2b3) x5  0x0000000000000000
core   0: 0x0000000080005326 (0x1a82fbd3) fdiv.d  fs7, ft5, fs0
core   0: 1 0x0000000080005326 (0x1a82fbd3) f23 0x7ff8000000000000
core   0: 0x000000008000532a (0x02ccd63b) divuw   a2, s9, a2
core   0: 1 0x000000008000532a (0x02ccd63b) x12 0x0000000000000000
core   0: 0x000000008000532e (0x00079793) slli    a5, a5, 0
core   0: 1 0x000000008000532e (0x00079793) x15 0x00000000800052b4
core   0: 0x0000000080005332 (0x0174951b) slliw   a0, s1, 23
core   0: 1 0x0000000080005332 (0x0174951b) x10 0x0000000008000000
core   0: 0x0000000080005336 (0x40440c33) sub     s8, s0, tp
core   0: 1 0x0000000080005336 (0x40440c33) x24 0x0000000000000001
core   0: 0x000000008000533a (0x0108d193) srli    gp, a7, 16
core   0: 1 0x000000008000533a (0x0108d193) x3  0x00007fffffffffff
core   0: 0x000000008000533e (0x03665413) srli    s0, a2, 54
core   0: 1 0x000000008000533e (0x03665413) x8  0x0000000000000000
core   0: 0x0000000080005342 (0xdbbbfdc3) fmadd.d fs11, fs7, fs11, fs11
core   0: 1 0x0000000080005342 (0xdbbbfdc3) f27 0x7ff8000000000000
core   0: 0x0000000080005346 (0x01d852b3) srl     t0, a6, t4
core   0: 1 0x0000000080005346 (0x01d852b3) x5  0x0000000000000000
core   0: 0x000000008000534a (0x001399f3) csrrw   s3, fflags, t2
core   0: 1 0x000000008000534a (0x001399f3) x19 0x000000000000001e c1_fflags 0x000000000000001e
core   0: 0x000000008000534e (0x238c2c53) fsgnjx.d fs8, fs8, fs8
core   0: 1 0x000000008000534e (0x238c2c53) f24 0x41efffffffe00000
core   0: 0x0000000080005352 (0xc219f353) fcvt.wu.d t1, fs3
core   0: 1 0x0000000080005352 (0xc219f353) c1_fflags 0x000000000000001e x6  0xffffffffffffffff
core   0: 0x0000000080005356 (0xcbfe77cb) fnmsub.d fa5, ft8, ft11, fs9
core   0: 1 0x0000000080005356 (0xcbfe77cb) f15 0x0000000000000000
core   0: 0x000000008000535a (0xd5ce5cb7) lui     s9, 0xd5ce5
core   0: 1 0x000000008000535a (0xd5ce5cb7) x25 0xffffffffd5ce5000
core   0: 0x000000008000535e (0x0245b6b3) mulhu   a3, a1, tp
core   0: 1 0x000000008000535e (0x0245b6b3) x13 0x000000007ffff607
core   0: 0x0000000080005362 (0x65aa0e93) addi    t4, s4, 1626
core   0: 1 0x0000000080005362 (0x65aa0e93) x29 0x000000000000065a
core   0: 0x0000000080005366 (0x00202473) csrrs   s0, frm, zero
core   0: 1 0x0000000080005366 (0x00202473) x8  0x0000000000000004
core   0: 0x000000008000536a (0x40540a33) sub     s4, s0, t0
core   0: 1 0x000000008000536a (0x40540a33) x20 0x0000000000000004
core   0: 0x000000008000536e (0xc23e7553) fcvt.lu.d a0, ft8
core   0: 1 0x000000008000536e (0xc23e7553) x10 0x0000000000000000
core   0: 0x0000000080005372 (0x015a573b) srlw    a4, s4, s5
core   0: 1 0x0000000080005372 (0x015a573b) x14 0x0000000000000004
core   0: 0x0000000080005376 (0x23a896d3) fsgnjn.d fa3, fa7, fs10
core   0: 1 0x0000000080005376 (0x23a896d3) f13 0xffffffff7fc00000
core   0: 0x000000008000537a (0x01b529b3) slt     s3, a0, s11
core   0: 1 0x000000008000537a (0x01b529b3) x19 0x0000000000000001
core   0: 0x000000008000537e (0x02aad313) srli    t1, s5, 42
core   0: 1 0x000000008000537e (0x02aad313) x6  0x0000000000000000
core   0: 0x0000000080005382 (0x0278f3d3) fadd.d  ft7, fa7, ft7
core   0: 1 0x0000000080005382 (0x0278f3d3) f7  0x7ff8000000000000
core   0: 0x0000000080005386 (0xc03a74d3) fcvt.lu.s s1, fs4
core   0: 1 0x0000000080005386 (0xc03a74d3) c1_fflags 0x000000000000001e x9  0xffffffffffffffff
core   0: 0x000000008000538a (0x009037b7) lui     a5, 0x903
core   0: 1 0x000000008000538a (0x009037b7) x15 0x0000000000903000
core   0: 0x000000008000538e (0xb937879b) addiw   a5, a5, -1133
core   0: 1 0x000000008000538e (0xb937879b) x15 0x0000000000902b93
core   0: 0x0000000080005392 (0x000007be) c.slli  a5, 15
core   0: 1 0x0000000080005392 (0x07be) x15 0x0000004815c98000
core   0: 0x0000000080005394 (0x8d378793) addi    a5, a5, -1837
core   0: 1 0x0000000080005394 (0x8d378793) x15 0x0000004815c978d3
core   0: 0x0000000080005398 (0x01879cbb) sllw    s9, a5, s8
core   0: 1 0x0000000080005398 (0x01879cbb) x25 0x000000002b92f1a6
core   0: 0x000000008000539c (0xaef5cb37) lui     s6, 0xaef5c
core   0: 1 0x000000008000539c (0xaef5cb37) x22 0xffffffffaef5c000
core   0: 0x00000000800053a0 (0x02a4f5bb) remuw   a1, s1, a0
core   0: 1 0x00000000800053a0 (0x02a4f5bb) x11 0xffffffffffffffff
core   0: 0x00000000800053a4 (0x410b8bbb) subw    s7, s7, a6
core   0: 1 0x00000000800053a4 (0x410b8bbb) x23 0x0000000000000000
core   0: 0x00000000800053a8 (0x01b6593b) srlw    s2, a2, s11
core   0: 1 0x00000000800053a8 (0x01b6593b) x18 0x0000000000000000
core   0: 0x00000000800053ac (0x401d5d13) srai    s10, s10, 1
core   0: 1 0x00000000800053ac (0x401d5d13) x26 0xffffffffff64d000
core   0: 0x00000000800053b0 (0x001b9573) csrrw   a0, fflags, s7
core   0: 1 0x00000000800053b0 (0x001b9573) x10 0x000000000000001e c1_fflags 0x0000000000000000
core   0: 0x00000000800053b4 (0xc232f453) fcvt.lu.d s0, ft5
core   0: 1 0x00000000800053b4 (0xc232f453) c1_fflags 0x0000000000000010 x8  0xffffffffffffffff
core   0: 0x00000000800053b8 (0x0ec47113) andi    sp, s0, 236
core   0: 1 0x00000000800053b8 (0x0ec47113) x2  0x00000000000000ec
core   0: 0x00000000800053bc (0xd22a72d3) fcvt.d.l ft5, s4
core   0: 1 0x00000000800053bc (0xd22a72d3) f5  0x4010000000000000
core   0: 0x00000000800053c0 (0x00201df3) csrrw   s11, frm, zero
core   0: 1 0x00000000800053c0 (0x00201df3) x27 0x0000000000000004 c2_frm 0x0000000000000000
core   0: 0x00000000800053c4 (0x02b41eb3) mulh    t4, s0, a1
core   0: 1 0x00000000800053c4 (0x02b41eb3) x29 0x0000000000000000
core   0: 0x00000000800053c8 (0xc226f253) fcvt.l.d tp, fa3
core   0: 1 0x00000000800053c8 (0xc226f253) c1_fflags 0x0000000000000010 x4  0x7fffffffffffffff
core   0: 0x00000000800053cc (0x2b909ed3) fmax.d  ft9, ft1, fs9
core   0: 1 0x00000000800053cc (0x2b909ed3) f29 0x0000000000000000
core   0: 0x00000000800053d0 (0x4007d013) srai    zero, a5, 0
core   0: 1 0x00000000800053d0 (0x4007d013)
core   0: 0x00000000800053d4 (0xd229f6d3) fcvt.d.l fa3, s3
core   0: 1 0x00000000800053d4 (0xd229f6d3) f13 0x3ff0000000000000
core   0: 0x00000000800053d8 (0x011474b3) and     s1, s0, a7
core   0: 1 0x00000000800053d8 (0x011474b3) x9  0x7fffffffffffffff
core   0: 0x00000000800053dc (0x01c48e3b) addw    t3, s1, t3
core   0: 1 0x00000000800053dc (0x01c48e3b) x28 0xffffffffffffffff
core   0: 0x00000000800053e0 (0x22980753) fsgnj.d fa4, fa6, fs1
core   0: 1 0x00000000800053e0 (0x22980753) f14 0xffffffff7fc00000
core   0: 0x00000000800053e4 (0xb0253df3) csrrc   s11, minstret, a0
core   0: exception trap_illegal_instruction, epc 0x00000000800053e4
core   0:           tval 0x00000000b0253df3
core   0: >>>>  $xrv64i2p1_m2p0_a2p1_f2p2_d2p2_zicsr2p0_zifencei2p0_zmmul1p0_zba1p0_zbb1p0_zbc1p0_zbs1p0
core   0: 0x0000000080004000 (0x0080006f) j       pc + 0x8
core   0: 3 0x0000000080004000 (0x0080006f)
core   0: >>>>  mmode_exception_handler
core   0: 0x0000000080004008 (0x00002c17) auipc   s8, 0x2
core   0: 3 0x0000000080004008 (0x00002c17) x24 0x0000000080006008
core   0: 0x000000008000400c (0x0d8c0c13) addi    s8, s8, 216
core   0: 3 0x000000008000400c (0x0d8c0c13) x24 0x00000000800060e0
core   0: 0x0000000080004010 (0x000c00e7) jalr    s8
core   0: 3 0x0000000080004010 (0x000c00e7) x1  0x0000000080004014
core   0: >>>>  any_handler
core   0: 0x00000000800060e0 (0x341027f3) csrrs   a5, mepc, zero
core   0: 3 0x00000000800060e0 (0x341027f3) x15 0x00000000800053e4
core   0: 0x00000000800060e4 (0x34202773) csrrs   a4, mcause, zero
core   0: 3 0x00000000800060e4 (0x34202773) x14 0x0000000000000002
core   0: 0x00000000800060e8 (0x142026f3) csrrs   a3, scause, zero
core   0: 3 0x00000000800060e8 (0x142026f3) x13 0x0000000000000001
core   0: 0x00000000800060ec (0x30402673) csrrs   a2, mie, zero
core   0: 3 0x00000000800060ec (0x30402673) x12 0x0000000000000a00
core   0: 0x00000000800060f0 (0x344025f3) csrrs   a1, mip, zero
core   0: 3 0x00000000800060f0 (0x344025f3) x11 0x0000000000000080
core   0: 0x00000000800060f4 (0x343025f3) csrrs   a1, mtval, zero
core   0: 3 0x00000000800060f4 (0x343025f3) x11 0x00000000b0253df3
core   0: 0x00000000800060f8 (0x14302573) csrrs   a0, stval, zero
core   0: 3 0x00000000800060f8 (0x14302573) x10 0x0000000000000000
core   0: 0x00000000800060fc (0xb02024f3) csrrs   s1, minstret, zero
core   0: 3 0x00000000800060fc (0xb02024f3) x9  0x0000000000000ea4
core   0: 0x0000000080006100 (0x0000a811) c.j     pc + 20
core   0: 3 0x0000000080006100 (0xa811)
core   0: >>>>  mepc_4
core   0: 0x0000000080006114 (0x00000791) c.addi  a5, 4
core   0: 3 0x0000000080006114 (0x0791) x15 0x00000000800053e8
core   0: 0x0000000080006116 (0x34179073) csrrw   zero, mepc, a5
core   0: 3 0x0000000080006116 (0x34179073) c833_mepc 0x00000000800053e8
core   0: 0x000000008000611a (0x30200073) mret
core   0: 3 0x000000008000611a (0x30200073) c768_mstatus 0x8000000a00106080
core   0: 0x00000000800053e8 (0xd22e7bd3) fcvt.d.l fs7, t3
core   0: 1 0x00000000800053e8 (0xd22e7bd3) f23 0xbff0000000000000
core   0: 0x00000000800053ec (0x000a9093) slli    ra, s5, 0
core   0: 1 0x00000000800053ec (0x000a9093) x1  0x0000000000000000
core   0: 0x00000000800053f0 (0xe2c77c4b) fnmsub.d fs8, fa4, fa2, ft8
core   0: 1 0x00000000800053f0 (0xe2c77c4b) f24 0x7ff8000000000000
core   0: 0x00000000800053f4 (0x2b7d1d53) fmax.d  fs10, fs10, fs7
core   0: 1 0x00000000800053f4 (0x2b7d1d53) f26 0xbff0000000000000
core   0: 0x00000000800053f8 (0x036aebbb) remw    s7, s5, s6
core   0: 1 0x00000000800053f8 (0x036aebbb) x23 0x0000000000000000
core   0: 0x00000000800053fc (0x238b8ed3) fsgnj.d ft9, fs7, fs8
core   0: 1 0x00000000800053fc (0x238b8ed3) f29 0x3ff0000000000000
core   0: 0x0000000080005400 (0x0216f6bb) remuw   a3, a3, ra
core   0: 1 0x0000000080005400 (0x0216f6bb) x13 0x0000000000000001
core   0: 0x0000000080005404 (0x47b3c613) xori    a2, t2, 1147
core   0: 1 0x0000000080005404 (0x47b3c613) x12 0x0000000000000465
core   0: 0x0000000080005408 (0x933ef043) fmadd.d ft0, ft9, fs3, fs2
core   0: 1 0x0000000080005408 (0x933ef043) f0  0x7ff8000000000000
core   0: 0x000000008000540c (0x0327fe37) lui     t3, 0x327f
core   0: 1 0x000000008000540c (0x0327fe37) x28 0x000000000327f000
core   0: 0x0000000080005410 (0x213e0e1b) addiw   t3, t3, 531
core   0: 1 0x0000000080005410 (0x213e0e1b) x28 0x000000000327f213
core   0: 0x0000000080005414 (0x00000e36) c.slli  t3, 13
core   0: 1 0x0000000080005414 (0x0e36) x28 0x00000064fe426000
core   0: 0x0000000080005416 (0x9c8e0e13) addi    t3, t3, -1592
core   0: 1 0x0000000080005416 (0x9c8e0e13) x28 0x00000064fe4259c8
core   0: 0x000000008000541a (0xefe66c93) ori     s9, a2, -258
core   0: 1 0x000000008000541a (0xefe66c93) x25 0xfffffffffffffeff
core   0: 0x000000008000541e (0xd2267e53) fcvt.d.l ft8, a2
core   0: 1 0x000000008000541e (0xd2267e53) f28 0x4091940000000000
core   0: 0x0000000080005422 (0x1276f2d3) fmul.d  ft5, fa3, ft7
core   0: 1 0x0000000080005422 (0x1276f2d3) f5  0x7ff8000000000000
core   0: 0x0000000080005426 (0x0ff0000f) fence   iorw,iorw
core   0: 1 0x0000000080005426 (0x0ff0000f)
core   0: 0x000000008000542a (0x02287a53) fadd.d  fs4, fa6, ft2
core   0: 1 0x000000008000542a (0x02287a53) f20 0x7ff8000000000000
core   0: 0x000000008000542e (0x12ebfa53) fmul.d  fs4, fs7, fa4
core   0: 1 0x000000008000542e (0x12ebfa53) f20 0x7ff8000000000000
core   0: 0x0000000080005432 (0x41268d33) sub     s10, a3, s2
core   0: 1 0x0000000080005432 (0x41268d33) x26 0x0000000000000001
core   0: 0x0000000080005436 (0x4147d8b3) sra     a7, a5, s4
core   0: 1 0x0000000080005436 (0x4147d8b3) x17 0x000000000800053e
core   0: 0x000000008000543a (0x036a4133) div     sp, s4, s6
core   0: 1 0x000000008000543a (0x036a4133) x2  0x0000000000000000
core   0: 0x000000008000543e (0x9c533c17) auipc   s8, 0x9c533
core   0: 1 0x000000008000543e (0x9c533c17) x24 0x000000001c53843e
core   0: 0x0000000080005442 (0xa3080bd3) fle.d   s7, fa6, fa6
core   0: 1 0x0000000080005442 (0xa3080bd3) c1_fflags 0x0000000000000010 x23 0x0000000000000000
core   0: 0x0000000080005446 (0x0019d993) srli    s3, s3, 1
core   0: 1 0x0000000080005446 (0x0019d993) x19 0x0000000000000000
core   0: 0x000000008000544a (0x4059debb) sraw    t4, s3, t0
core   0: 1 0x000000008000544a (0x4059debb) x29 0x0000000000000000
core   0: 0x000000008000544e (0x401a7e53) fcvt.s.d ft8, fs4
core   0: 1 0x000000008000544e (0x401a7e53) f28 0xffffffff7fc00000
core   0: 0x0000000080005452 (0x1ef20093) addi    ra, tp, 495
core   0: 1 0x0000000080005452 (0x1ef20093) x1  0x80000000000001ee
core   0: 0x0000000080005456 (0x6e7d6313) ori     t1, s10, 1767
core   0: 1 0x0000000080005456 (0x6e7d6313) x6  0x00000000000006e7
core   0: 0x000000008000545a (0x2a4a1253) fmax.d  ft4, fs4, ft4
core   0: 1 0x000000008000545a (0x2a4a1253) f4  0x40a4000000000000
core   0: 0x000000008000545e (0x0068921b) slliw   tp, a7, 6
core   0: 1 0x000000008000545e (0x0068921b) x4  0x0000000000014f80
core   0: 0x0000000080005462 (0x02398033) mul     zero, s3, gp
core   0: 1 0x0000000080005462 (0x02398033)
core   0: 0x0000000080005466 (0x0299b0b3) mulhu   ra, s3, s1
core   0: 1 0x0000000080005466 (0x0299b0b3) x1  0x0000000000000000
core   0: 0x000000008000546a (0x014b2b33) slt     s6, s6, s4
core   0: 1 0x000000008000546a (0x014b2b33) x22 0x0000000000000001
core   0: 0x000000008000546e (0xd03a7353) fcvt.s.lu ft6, s4
core   0: 1 0x000000008000546e (0xd03a7353) f6  0xffffffff40800000
core   0: 0x0000000080005472 (0x2a7206d3) fmin.d  fa3, ft4, ft7
core   0: 1 0x0000000080005472 (0x2a7206d3) f13 0x40a4000000000000
core   0: 0x0000000080005476 (0x02a614b3) mulh    s1, a2, a0
core   0: 1 0x0000000080005476 (0x02a614b3) x9  0x0000000000000000
core   0: 0x000000008000547a (0x025082bb) mulw    t0, ra, t0
core   0: 1 0x000000008000547a (0x025082bb) x5  0x0000000000000000
core   0: 0x000000008000547e (0x002027f3) csrrs   a5, frm, zero
core   0: 1 0x000000008000547e (0x002027f3) x15 0x0000000000000000
core   0: 0x0000000080005482 (0x401ad61b) sraiw   a2, s5, 1
core   0: 1 0x0000000080005482 (0x401ad61b) x12 0x0000000000000000
core   0: 0x0000000080005486 (0x0273d6b3) divu    a3, t2, t2
core   0: 1 0x0000000080005486 (0x0273d6b3) x13 0x0000000000000001
core   0: 0x000000008000548a (0x4018fc53) fcvt.s.d fs8, fa7
core   0: 1 0x000000008000548a (0x4018fc53) f24 0xffffffff7fc00000
core   0: 0x000000008000548e (0x60a38c9b) addiw   s9, t2, 1546
core   0: 1 0x000000008000548e (0x60a38c9b) x25 0x0000000000000628
core   0: 0x0000000080005492 (0xea53fd4b) fnmsub.d fs10, ft7, ft5, ft9
core   0: 1 0x0000000080005492 (0xea53fd4b) f26 0x7ff8000000000000
core   0: 0x0000000080005496 (0x02aed113) srli    sp, t4, 42
core   0: 1 0x0000000080005496 (0x02aed113) x2  0x0000000000000000
core   0: 0x000000008000549a (0x14c74397) auipc   t2, 0x14c74
core   0: 1 0x000000008000549a (0x14c74397) x7  0x0000000094c7949a
core   0: 0x000000008000549e (0x5a0b7b53) fsqrt.d fs6, fs6
core   0: 1 0x000000008000549e (0x5a0b7b53) f22 0x0000000000000000
core   0: 0x00000000800054a2 (0x011d0e33) add     t3, s10, a7
core   0: 1 0x00000000800054a2 (0x011d0e33) x28 0x000000000800053f
core   0: 0x00000000800054a6 (0x0ff0000f) fence   iorw,iorw
core   0: 1 0x00000000800054a6 (0x0ff0000f)
core   0: 0x00000000800054aa (0xd2030e53) fcvt.d.w ft8, t1
core   0: 1 0x00000000800054aa (0xd2030e53) f28 0x409b9c0000000000
core   0: 0x00000000800054ae (0x41c556bb) sraw    a3, a0, t3
core   0: 1 0x00000000800054ae (0x41c556bb) x13 0x0000000000000000
core   0: 0x00000000800054b2 (0xd20885d3) fcvt.d.w fa1, a7
core   0: 1 0x00000000800054b2 (0xd20885d3) f11 0x41a0000a7c000000
core   0: 0x00000000800054b6 (0xc23c71d3) fcvt.lu.d gp, fs8
core   0: 1 0x00000000800054b6 (0xc23c71d3) c1_fflags 0x0000000000000010 x3  0xffffffffffffffff
core   0: 0x00000000800054ba (0xc23c7d53) fcvt.lu.d s10, fs8
core   0: 1 0x00000000800054ba (0xc23c7d53) c1_fflags 0x0000000000000010 x26 0xffffffffffffffff
core   0: 0x00000000800054be (0x00009b92) c.add   s7, tp
core   0: 1 0x00000000800054be (0x9b92) x23 0x0000000000014f80
core   0: 0x00000000800054c0 (0x0217d7b3) divu    a5, a5, ra
core   0: 1 0x00000000800054c0 (0x0217d7b3) x15 0xffffffffffffffff
core   0: 0x00000000800054c4 (0x012c0b33) add     s6, s8, s2
core   0: 1 0x00000000800054c4 (0x012c0b33) x22 0x000000001c53843e
core   0: 0x00000000800054c8 (0x020011b3) mulh    gp, zero, zero
core   0: 1 0x00000000800054c8 (0x020011b3) x3  0x0000000000000000
core   0: 0x00000000800054cc (0xa2b80d53) fle.d   s10, fa6, fa1
core   0: 1 0x00000000800054cc (0xa2b80d53) c1_fflags 0x0000000000000010 x26 0x0000000000000000
core   0: 0x00000000800054d0 (0xf7e610b7) lui     ra, 0xf7e61
core   0: 1 0x00000000800054d0 (0xf7e610b7) x1  0xfffffffff7e61000
core   0: 0x00000000800054d4 (0x02d9c8bb) divw    a7, s3, a3
core   0: 1 0x00000000800054d4 (0x02d9c8bb) x17 0xffffffffffffffff
core   0: 0x00000000800054d8 (0x310399f3) csrrw   s3, mstatush, t2
core   0: exception trap_illegal_instruction, epc 0x00000000800054d8
core   0:           tval 0x00000000310399f3
core   0: >>>>  $xrv64i2p1_m2p0_a2p1_f2p2_d2p2_zicsr2p0_zifencei2p0_zmmul1p0_zba1p0_zbb1p0_zbc1p0_zbs1p0
core   0: 0x0000000080004000 (0x0080006f) j       pc + 0x8
core   0: 3 0x0000000080004000 (0x0080006f)
core   0: >>>>  mmode_exception_handler
core   0: 0x0000000080004008 (0x00002c17) auipc   s8, 0x2
core   0: 3 0x0000000080004008 (0x00002c17) x24 0x0000000080006008
core   0: 0x000000008000400c (0x0d8c0c13) addi    s8, s8, 216
core   0: 3 0x000000008000400c (0x0d8c0c13) x24 0x00000000800060e0
core   0: 0x0000000080004010 (0x000c00e7) jalr    s8
core   0: 3 0x0000000080004010 (0x000c00e7) x1  0x0000000080004014
core   0: >>>>  any_handler
core   0: 0x00000000800060e0 (0x341027f3) csrrs   a5, mepc, zero
core   0: 3 0x00000000800060e0 (0x341027f3) x15 0x00000000800054d8
core   0: 0x00000000800060e4 (0x34202773) csrrs   a4, mcause, zero
core   0: 3 0x00000000800060e4 (0x34202773) x14 0x0000000000000002
core   0: 0x00000000800060e8 (0x142026f3) csrrs   a3, scause, zero
core   0: 3 0x00000000800060e8 (0x142026f3) x13 0x0000000000000001
core   0: 0x00000000800060ec (0x30402673) csrrs   a2, mie, zero
core   0: 3 0x00000000800060ec (0x30402673) x12 0x0000000000000a00
core   0: 0x00000000800060f0 (0x344025f3) csrrs   a1, mip, zero
core   0: 3 0x00000000800060f0 (0x344025f3) x11 0x0000000000000080
core   0: 0x00000000800060f4 (0x343025f3) csrrs   a1, mtval, zero
core   0: 3 0x00000000800060f4 (0x343025f3) x11 0x00000000310399f3
core   0: 0x00000000800060f8 (0x14302573) csrrs   a0, stval, zero
core   0: 3 0x00000000800060f8 (0x14302573) x10 0x0000000000000000
core   0: 0x00000000800060fc (0xb02024f3) csrrs   s1, minstret, zero
core   0: 3 0x00000000800060fc (0xb02024f3) x9  0x0000000000000ef1
core   0: 0x0000000080006100 (0x0000a811) c.j     pc + 20
core   0: 3 0x0000000080006100 (0xa811)
core   0: >>>>  mepc_4
core   0: 0x0000000080006114 (0x00000791) c.addi  a5, 4
core   0: 3 0x0000000080006114 (0x0791) x15 0x00000000800054dc
core   0: 0x0000000080006116 (0x34179073) csrrw   zero, mepc, a5
core   0: 3 0x0000000080006116 (0x34179073) c833_mepc 0x00000000800054dc
core   0: 0x000000008000611a (0x30200073) mret
core   0: 3 0x000000008000611a (0x30200073) c768_mstatus 0x8000000a00106080
core   0: 0x00000000800054dc (0xa3859ad3) flt.d   s5, fa1, fs8
core   0: 1 0x00000000800054dc (0xa3859ad3) c1_fflags 0x0000000000000010 x21 0x0000000000000000
core   0: 0x00000000800054e0 (0x035b0637) lui     a2, 0x35b0
core   0: 1 0x00000000800054e0 (0x035b0637) x12 0x00000000035b0000
core   0: 0x00000000800054e4 (0x80f6061b) addiw   a2, a2, -2033
core   0: 1 0x00000000800054e4 (0x80f6061b) x12 0x00000000035af80f
core   0: 0x00000000800054e8 (0x00000632) c.slli  a2, 12
core   0: 1 0x00000000800054e8 (0x0632) x12 0x00000035af80f000
core   0: 0x00000000800054ea (0x37f60613) addi    a2, a2, 895
core   0: 1 0x00000000800054ea (0x37f60613) x12 0x00000035af80f37f
core   0: 0x00000000800054ee (0x00069d13) slli    s10, a3, 0
core   0: 1 0x00000000800054ee (0x00069d13) x26 0x0000000000000001
core   0: 0x00000000800054f2 (0x019219bb) sllw    s3, tp, s9
core   0: 1 0x00000000800054f2 (0x019219bb) x19 0x00000000014f8000
core   0: 0x00000000800054f6 (0x3b2f7fc3) fmadd.d ft11, ft10, fs2, ft7
core   0: 1 0x00000000800054f6 (0x3b2f7fc3) f31 0x7ff8000000000000
core   0: 0x00000000800054fa (0x4042023b) subw    tp, tp, tp
core   0: 1 0x00000000800054fa (0x4042023b) x4  0x0000000000000000
core   0: 0x00000000800054fe (0x32087873) csrrci  a6, mcountinhibit, 16
core   0: exception trap_illegal_instruction, epc 0x00000000800054fe
core   0:           tval 0x0000000032087873
core   0: >>>>  $xrv64i2p1_m2p0_a2p1_f2p2_d2p2_zicsr2p0_zifencei2p0_zmmul1p0_zba1p0_zbb1p0_zbc1p0_zbs1p0
core   0: 0x0000000080004000 (0x0080006f) j       pc + 0x8
core   0: 3 0x0000000080004000 (0x0080006f)
core   0: >>>>  mmode_exception_handler
core   0: 0x0000000080004008 (0x00002c17) auipc   s8, 0x2
core   0: 3 0x0000000080004008 (0x00002c17) x24 0x0000000080006008
core   0: 0x000000008000400c (0x0d8c0c13) addi    s8, s8, 216
core   0: 3 0x000000008000400c (0x0d8c0c13) x24 0x00000000800060e0
core   0: 0x0000000080004010 (0x000c00e7) jalr    s8
core   0: 3 0x0000000080004010 (0x000c00e7) x1  0x0000000080004014
core   0: >>>>  any_handler
core   0: 0x00000000800060e0 (0x341027f3) csrrs   a5, mepc, zero
core   0: 3 0x00000000800060e0 (0x341027f3) x15 0x00000000800054fe
core   0: 0x00000000800060e4 (0x34202773) csrrs   a4, mcause, zero
core   0: 3 0x00000000800060e4 (0x34202773) x14 0x0000000000000002
core   0: 0x00000000800060e8 (0x142026f3) csrrs   a3, scause, zero
core   0: 3 0x00000000800060e8 (0x142026f3) x13 0x0000000000000001
core   0: 0x00000000800060ec (0x30402673) csrrs   a2, mie, zero
core   0: 3 0x00000000800060ec (0x30402673) x12 0x0000000000000a00
core   0: 0x00000000800060f0 (0x344025f3) csrrs   a1, mip, zero
core   0: 3 0x00000000800060f0 (0x344025f3) x11 0x0000000000000080
core   0: 0x00000000800060f4 (0x343025f3) csrrs   a1, mtval, zero
core   0: 3 0x00000000800060f4 (0x343025f3) x11 0x0000000032087873
core   0: 0x00000000800060f8 (0x14302573) csrrs   a0, stval, zero
core   0: 3 0x00000000800060f8 (0x14302573) x10 0x0000000000000000
core   0: 0x00000000800060fc (0xb02024f3) csrrs   s1, minstret, zero
core   0: 3 0x00000000800060fc (0xb02024f3) x9  0x0000000000000f0a
core   0: 0x0000000080006100 (0x0000a811) c.j     pc + 20
core   0: 3 0x0000000080006100 (0xa811)
core   0: >>>>  mepc_4
core   0: 0x0000000080006114 (0x00000791) c.addi  a5, 4
core   0: 3 0x0000000080006114 (0x0791) x15 0x0000000080005502
core   0: 0x0000000080006116 (0x34179073) csrrw   zero, mepc, a5
core   0: 3 0x0000000080006116 (0x34179073) c833_mepc 0x0000000080005502
core   0: 0x000000008000611a (0x30200073) mret
core   0: 3 0x000000008000611a (0x30200073) c768_mstatus 0x8000000a00106080
core   0: 0x0000000080005502 (0x000ddc1b) srliw   s8, s11, 0
core   0: 1 0x0000000080005502 (0x000ddc1b) x24 0x0000000000000004
core   0: 0x0000000080005506 (0x00000001) c.nop
core   0: 1 0x0000000080005506 (0x0001)
core   0: 0x0000000080005508 (0x00000001) c.nop
core   0: 1 0x0000000080005508 (0x0001)
core   0: 0x000000008000550a (0xf20c0d53) fmv.d.x fs10, s8
core   0: 1 0x000000008000550a (0xf20c0d53) f26 0x0000000000000004
core   0: 0x000000008000550e (0xc215f1d3) fcvt.wu.d gp, fa1
core   0: 1 0x000000008000550e (0xc215f1d3) x3  0x000000000800053e
core   0: 0x0000000080005512 (0x800aea93) ori     s5, s5, -2048
core   0: 1 0x0000000080005512 (0x800aea93) x21 0xfffffffffffff800
core   0: 0x0000000080005516 (0x0380a9b3) mulhsu  s3, ra, s8
core   0: 1 0x0000000080005516 (0x0380a9b3) x19 0x0000000000000000
core   0: 0x000000008000551a (0x23d0aa53) fsgnjx.d fs4, ft1, ft9
core   0: 1 0x000000008000551a (0x23d0aa53) f20 0x7ff8000000000000
core   0: 0x000000008000551e (0x035b743b) remuw   s0, s6, s5
core   0: 1 0x000000008000551e (0x035b743b) x8  0x000000001c53843e
core   0: 0x0000000080005522 (0x225d22d3) fsgnjx.d ft5, fs10, ft5
core   0: 1 0x0000000080005522 (0x225d22d3) f5  0x0000000000000004
core   0: 0x0000000080005526 (0x2baf8fd3) fmin.d  ft11, ft11, fs10
core   0: 1 0x0000000080005526 (0x2baf8fd3) f31 0x0000000000000004
core   0: 0x000000008000552a (0x7f6b4c13) xori    s8, s6, 2038
core   0: 1 0x000000008000552a (0x7f6b4c13) x24 0x000000001c5383c8
core   0: 0x000000008000552e (0x00102df3) csrrs   s11, fflags, zero
core   0: 1 0x000000008000552e (0x00102df3) x27 0x0000000000000010
core   0: 0x0000000080005532 (0x00102df3) csrrs   s11, fflags, zero
core   0: 1 0x0000000080005532 (0x00102df3) x27 0x0000000000000010
core   0: 0x0000000080005536 (0x0108589b) srliw   a7, a6, 16
core   0: 1 0x0000000080005536 (0x0108589b) x17 0x0000000000000000
core   0: 0x000000008000553a (0x234283d3) fsgnj.d ft7, ft5, fs4
core   0: 1 0x000000008000553a (0x234283d3) f7  0x0000000000000004
core   0: 0x000000008000553e (0x002b9013) slli    zero, s7, 2
core   0: 1 0x000000008000553e (0x002b9013)
core   0: 0x0000000080005542 (0x02c57433) remu    s0, a0, a2
core   0: 1 0x0000000080005542 (0x02c57433) x8  0x0000000000000000
core   0: 0x0000000080005546 (0x41a5d6b3) sra     a3, a1, s10
core   0: 1 0x0000000080005546 (0x41a5d6b3) x13 0x0000000019043c39
core   0: 0x000000008000554a (0xc032f553) fcvt.lu.s a0, ft5
core   0: 1 0x000000008000554a (0xc032f553) c1_fflags 0x0000000000000010 x10 0xffffffffffffffff
core   0: 0x000000008000554e (0x00e71733) sll     a4, a4, a4
core   0: 1 0x000000008000554e (0x00e71733) x14 0x0000000000000008
core   0: 0x0000000080005552 (0xfffa0d93) addi    s11, s4, -1
core   0: 1 0x0000000080005552 (0xfffa0d93) x27 0x0000000000000003
core   0: 0x0000000080005556 (0x016a99bb) sllw    s3, s5, s6
core   0: 1 0x0000000080005556 (0x016a99bb) x19 0x0000000000000000
core   0: 0x000000008000555a (0x03f3f953) fadd.d  fs2, ft7, ft11
core   0: 1 0x000000008000555a (0x03f3f953) f18 0x0000000000000008
core   0: 0x000000008000555e (0x00ac2533) slt     a0, s8, a0
core   0: 1 0x000000008000555e (0x00ac2533) x10 0x0000000000000000
core   0: 0x0000000080005562 (0x030ac933) div     s2, s5, a6
core   0: 1 0x0000000080005562 (0x030ac933) x18 0xffffffffffffffff
core   0: 0x0000000080005566 (0x2a8a1453) fmax.d  fs0, fs4, fs0
core   0: 1 0x0000000080005566 (0x2a8a1453) f8  0x7ff8000000000000
core   0: 0x000000008000556a (0x232b06d3) fsgnj.d fa3, fs6, fs2
core   0: 1 0x000000008000556a (0x232b06d3) f13 0x0000000000000000
core   0: 0x000000008000556e (0x41f8539b) sraiw   t2, a6, 31
core   0: 1 0x000000008000556e (0x41f8539b) x7  0x0000000000000000
core   0: 0x0000000080005572 (0x8003ca93) xori    s5, t2, -2048
core   0: 1 0x0000000080005572 (0x8003ca93) x21 0xfffffffffffff800
core   0: 0x0000000080005576 (0x634a75c3) fmadd.d fa1, fs4, fs4, fa2
core   0: 1 0x0000000080005576 (0x634a75c3) f11 0x7ff8000000000000
core   0: 0x000000008000557a (0xf92b7893) andi    a7, s6, -110
core   0: 1 0x000000008000557a (0xf92b7893) x17 0x000000001c538412
core   0: 0x000000008000557e (0x02b07f53) fadd.d  ft10, ft0, fa1
core   0: 1 0x000000008000557e (0x02b07f53) f30 0x7ff8000000000000
core   0: 0x0000000080005582 (0x0a07f4cb) fnmsub.d fs1, fa5, ft0, ft1
core   0: 1 0x0000000080005582 (0x0a07f4cb) f9  0x7ff8000000000000
core   0: 0x0000000080005586 (0x001d90f3) csrrw   ra, fflags, s11
core   0: 1 0x0000000080005586 (0x001d90f3) x1  0x0000000000000010 c1_fflags 0x0000000000000003
core   0: 0x000000008000558a (0x015056bb) srlw    a3, zero, s5
core   0: 1 0x000000008000558a (0x015056bb) x13 0x0000000000000000
core   0: 0x000000008000558e (0x00251773) csrrw   a4, frm, a0
core   0: 1 0x000000008000558e (0x00251773) x14 0x0000000000000000 c2_frm 0x0000000000000000
core   0: 0x0000000080005592 (0x8006c393) xori    t2, a3, -2048
core   0: 1 0x0000000080005592 (0x8006c393) x7  0xfffffffffffff800
core   0: 0x0000000080005596 (0x00c70ab3) add     s5, a4, a2
core   0: 1 0x0000000080005596 (0x00c70ab3) x21 0x0000000000000a00
core   0: 0x000000008000559a (0x935507b7) lui     a5, 0x93550
core   0: 1 0x000000008000559a (0x935507b7) x15 0xffffffff93550000
core   0: 0x000000008000559e (0x03c863bb) remw    t2, a6, t3
core   0: 1 0x000000008000559e (0x03c863bb) x7  0x0000000000000000
core   0: 0x00000000800055a2 (0x40138533) sub     a0, t2, ra
core   0: 1 0x00000000800055a2 (0x40138533) x10 0xfffffffffffffff0
core   0: 0x00000000800055a6 (0x0148a333) slt     t1, a7, s4
core   0: 1 0x00000000800055a6 (0x0148a333) x6  0x0000000000000000
core   0: 0x00000000800055aa (0x00636733) or      a4, t1, t1
core   0: 1 0x00000000800055aa (0x00636733) x14 0x0000000000000000
core   0: 0x00000000800055ae (0xd20a0253) fcvt.d.w ft4, s4
core   0: 1 0x00000000800055ae (0xd20a0253) f4  0x4010000000000000
core   0: 0x00000000800055b2 (0xc217f6d3) fcvt.wu.d a3, fa5
core   0: 1 0x00000000800055b2 (0xc217f6d3) x13 0x0000000000000000
core   0: 0x00000000800055b6 (0x830bf843) fmadd.d fa6, fs7, fa6, fa6
core   0: 1 0x00000000800055b6 (0x830bf843) f16 0x7ff8000000000000
core   0: 0x00000000800055ba (0xc024fa53) fcvt.l.s s4, fs1
core   0: 1 0x00000000800055ba (0xc024fa53) c1_fflags 0x0000000000000013 x20 0x7fffffffffffffff
core   0: 0x00000000800055be (0x016c9abb) sllw    s5, s9, s6
core   0: 1 0x00000000800055be (0x016c9abb) x21 0x0000000000000000
core   0: 0x00000000800055c2 (0x0ff0000f) fence   iorw,iorw
core   0: 1 0x00000000800055c2 (0x0ff0000f)
core   0: 0x00000000800055c6 (0x400add1b) sraiw   s10, s5, 0
core   0: 1 0x00000000800055c6 (0x400add1b) x26 0x0000000000000000
core   0: 0x00000000800055ca (0x00a799bb) sllw    s3, a5, a0
core   0: 1 0x00000000800055ca (0x00a799bb) x19 0x0000000000000000
core   0: 0x00000000800055ce (0x4009db9b) sraiw   s7, s3, 0
core   0: 1 0x00000000800055ce (0x4009db9b) x23 0x0000000000000000
core   0: 0x00000000800055d2 (0x41dbd6bb) sraw    a3, s7, t4
core   0: 1 0x00000000800055d2 (0x41dbd6bb) x13 0x0000000000000000
core   0: 0x00000000800055d6 (0x0006971b) slliw   a4, a3, 0
core   0: 1 0x00000000800055d6 (0x0006971b) x14 0x0000000000000000
core   0: 0x00000000800055da (0x01271413) slli    s0, a4, 18
core   0: 1 0x00000000800055da (0x01271413) x8  0x0000000000000000
core   0: 0x00000000800055de (0x004208bb) addw    a7, tp, tp
core   0: 1 0x00000000800055de (0x004208bb) x17 0x0000000000000000
core   0: 0x00000000800055e2 (0xc2327ad3) fcvt.lu.d s5, ft4
core   0: 1 0x00000000800055e2 (0xc2327ad3) x21 0x0000000000000004
core   0: 0x00000000800055e6 (0x00121bf3) csrrw   s7, fflags, tp
core   0: 1 0x00000000800055e6 (0x00121bf3) x23 0x0000000000000013 c1_fflags 0x0000000000000000
core   0: 0x00000000800055ea (0x401271d3) fcvt.s.d ft3, ft4
core   0: 1 0x00000000800055ea (0x401271d3) f3  0xffffffff40800000
core   0: 0x00000000800055ee (0x01a04833) xor     a6, zero, s10
core   0: 1 0x00000000800055ee (0x01a04833) x16 0x0000000000000000
core   0: 0x00000000800055f2 (0xd20b80d3) fcvt.d.w ft1, s7
core   0: 1 0x00000000800055f2 (0xd20b80d3) f1  0x4033000000000000
core   0: 0x00000000800055f6 (0x032ab233) mulhu   tp, s5, s2
core   0: 1 0x00000000800055f6 (0x032ab233) x4  0x0000000000000003
core   0: 0x00000000800055fa (0x0018561b) srliw   a2, a6, 1
core   0: 1 0x00000000800055fa (0x0018561b) x12 0x0000000000000000
core   0: 0x00000000800055fe (0x5bd69e17) auipc   t3, 0x5bd69
core   0: 1 0x00000000800055fe (0x5bd69e17) x28 0x00000000dbd6e5fe
core   0: 0x0000000080005602 (0xd2100853) fcvt.d.wu fa6, zero
core   0: 1 0x0000000080005602 (0xd2100853) f16 0x0000000000000000
core   0: 0x0000000080005606 (0x42020ad3) fcvt.d.s fs5, ft4
core   0: 1 0x0000000080005606 (0x42020ad3) f21 0x7ff8000000000000
core   0: 0x000000008000560a (0x40fc043b) subw    s0, s8, a5
core   0: 1 0x000000008000560a (0x40fc043b) x8  0xffffffff88fe83c8
core   0: 0x000000008000560e (0x0127073b) addw    a4, a4, s2
core   0: 1 0x000000008000560e (0x0127073b) x14 0xffffffffffffffff
core   0: 0x0000000080005612 (0x001024f3) csrrs   s1, fflags, zero
core   0: 1 0x0000000080005612 (0x001024f3) x9  0x0000000000000000
core   0: 0x0000000080005616 (0x008c90b3) sll     ra, s9, s0
core   0: 1 0x0000000080005616 (0x008c90b3) x1  0x0000000000062800
core   0: 0x000000008000561a (0x5a0bfcd3) fsqrt.d fs9, fs7
core   0: 1 0x000000008000561a (0x5a0bfcd3) c1_fflags 0x0000000000000010 f25 0x7ff8000000000000
core   0: 0x000000008000561e (0x03b42bb3) mulhsu  s7, s0, s11
core   0: 1 0x000000008000561e (0x03b42bb3) x23 0xffffffffffffffff
core   0: 0x0000000080005622 (0x419656b3) sra     a3, a2, s9
core   0: 1 0x0000000080005622 (0x419656b3) x13 0x0000000000000000
core   0: 0x0000000080005626 (0xd23bfe53) fcvt.d.lu ft8, s7
core   0: 1 0x0000000080005626 (0xd23bfe53) c1_fflags 0x0000000000000011 f28 0x43f0000000000000
core   0: 0x000000008000562a (0xc2367753) fcvt.lu.d a4, fa2
core   0: 1 0x000000008000562a (0xc2367753) x14 0x0000000000000a00
core   0: 0x000000008000562e (0x00671e93) slli    t4, a4, 6
core   0: 1 0x000000008000562e (0x00671e93) x29 0x0000000000028000
core   0: 0x0000000080005632 (0xb66d6893) ori     a7, s10, -1178
core   0: 1 0x0000000080005632 (0xb66d6893) x17 0xfffffffffffffb66
core   0: 0x0000000080005636 (0x40197953) fcvt.s.d fs2, fs2
core   0: 1 0x0000000080005636 (0x40197953) c1_fflags 0x0000000000000013 f18 0xffffffff00000000
core   0: 0x000000008000563a (0x5a0e7153) fsqrt.d ft2, ft8
core   0: 1 0x000000008000563a (0x5a0e7153) f2  0x41f0000000000000
core   0: 0x000000008000563e (0x31ad2073) csrrs   zero, menvcfgh, s10
core   0: exception trap_illegal_instruction, epc 0x000000008000563e
core   0:           tval 0x0000000031ad2073
core   0: >>>>  $xrv64i2p1_m2p0_a2p1_f2p2_d2p2_zicsr2p0_zifencei2p0_zmmul1p0_zba1p0_zbb1p0_zbc1p0_zbs1p0
core   0: 0x0000000080004000 (0x0080006f) j       pc + 0x8
core   0: 3 0x0000000080004000 (0x0080006f)
core   0: >>>>  mmode_exception_handler
core   0: 0x0000000080004008 (0x00002c17) auipc   s8, 0x2
core   0: 3 0x0000000080004008 (0x00002c17) x24 0x0000000080006008
core   0: 0x000000008000400c (0x0d8c0c13) addi    s8, s8, 216
core   0: 3 0x000000008000400c (0x0d8c0c13) x24 0x00000000800060e0
core   0: 0x0000000080004010 (0x000c00e7) jalr    s8
core   0: 3 0x0000000080004010 (0x000c00e7) x1  0x0000000080004014
core   0: >>>>  any_handler
core   0: 0x00000000800060e0 (0x341027f3) csrrs   a5, mepc, zero
core   0: 3 0x00000000800060e0 (0x341027f3) x15 0x000000008000563e
core   0: 0x00000000800060e4 (0x34202773) csrrs   a4, mcause, zero
core   0: 3 0x00000000800060e4 (0x34202773) x14 0x0000000000000002
core   0: 0x00000000800060e8 (0x142026f3) csrrs   a3, scause, zero
core   0: 3 0x00000000800060e8 (0x142026f3) x13 0x0000000000000001
core   0: 0x00000000800060ec (0x30402673) csrrs   a2, mie, zero
core   0: 3 0x00000000800060ec (0x30402673) x12 0x0000000000000a00
core   0: 0x00000000800060f0 (0x344025f3) csrrs   a1, mip, zero
core   0: 3 0x00000000800060f0 (0x344025f3) x11 0x0000000000000080
core   0: 0x00000000800060f4 (0x343025f3) csrrs   a1, mtval, zero
core   0: 3 0x00000000800060f4 (0x343025f3) x11 0x0000000031ad2073
core   0: 0x00000000800060f8 (0x14302573) csrrs   a0, stval, zero
core   0: 3 0x00000000800060f8 (0x14302573) x10 0x0000000000000000
core   0: 0x00000000800060fc (0xb02024f3) csrrs   s1, minstret, zero
core   0: 3 0x00000000800060fc (0xb02024f3) x9  0x0000000000000f6a
core   0: 0x0000000080006100 (0x0000a811) c.j     pc + 20
core   0: 3 0x0000000080006100 (0xa811)
core   0: >>>>  mepc_4
core   0: 0x0000000080006114 (0x00000791) c.addi  a5, 4
core   0: 3 0x0000000080006114 (0x0791) x15 0x0000000080005642
core   0: 0x0000000080006116 (0x34179073) csrrw   zero, mepc, a5
core   0: 3 0x0000000080006116 (0x34179073) c833_mepc 0x0000000080005642
core   0: 0x000000008000611a (0x30200073) mret
core   0: 3 0x000000008000611a (0x30200073) c768_mstatus 0x8000000a00106080
core   0: 0x0000000080005642 (0x320fdbf3) csrrwi  s7, mcountinhibit, 31
core   0: exception trap_illegal_instruction, epc 0x0000000080005642
core   0:           tval 0x00000000320fdbf3
core   0: >>>>  $xrv64i2p1_m2p0_a2p1_f2p2_d2p2_zicsr2p0_zifencei2p0_zmmul1p0_zba1p0_zbb1p0_zbc1p0_zbs1p0
core   0: 0x0000000080004000 (0x0080006f) j       pc + 0x8
core   0: 3 0x0000000080004000 (0x0080006f)
core   0: >>>>  mmode_exception_handler
core   0: 0x0000000080004008 (0x00002c17) auipc   s8, 0x2
core   0: 3 0x0000000080004008 (0x00002c17) x24 0x0000000080006008
core   0: 0x000000008000400c (0x0d8c0c13) addi    s8, s8, 216
core   0: 3 0x000000008000400c (0x0d8c0c13) x24 0x00000000800060e0
core   0: 0x0000000080004010 (0x000c00e7) jalr    s8
core   0: 3 0x0000000080004010 (0x000c00e7) x1  0x0000000080004014
core   0: >>>>  any_handler
core   0: 0x00000000800060e0 (0x341027f3) csrrs   a5, mepc, zero
core   0: 3 0x00000000800060e0 (0x341027f3) x15 0x0000000080005642
core   0: 0x00000000800060e4 (0x34202773) csrrs   a4, mcause, zero
core   0: 3 0x00000000800060e4 (0x34202773) x14 0x0000000000000002
core   0: 0x00000000800060e8 (0x142026f3) csrrs   a3, scause, zero
core   0: 3 0x00000000800060e8 (0x142026f3) x13 0x0000000000000001
core   0: 0x00000000800060ec (0x30402673) csrrs   a2, mie, zero
core   0: 3 0x00000000800060ec (0x30402673) x12 0x0000000000000a00
core   0: 0x00000000800060f0 (0x344025f3) csrrs   a1, mip, zero
core   0: 3 0x00000000800060f0 (0x344025f3) x11 0x0000000000000080
core   0: 0x00000000800060f4 (0x343025f3) csrrs   a1, mtval, zero
core   0: 3 0x00000000800060f4 (0x343025f3) x11 0x00000000320fdbf3
core   0: 0x00000000800060f8 (0x14302573) csrrs   a0, stval, zero
core   0: 3 0x00000000800060f8 (0x14302573) x10 0x0000000000000000
core   0: 0x00000000800060fc (0xb02024f3) csrrs   s1, minstret, zero
core   0: 3 0x00000000800060fc (0xb02024f3) x9  0x0000000000000f7a
core   0: 0x0000000080006100 (0x0000a811) c.j     pc + 20
core   0: 3 0x0000000080006100 (0xa811)
core   0: >>>>  mepc_4
core   0: 0x0000000080006114 (0x00000791) c.addi  a5, 4
core   0: 3 0x0000000080006114 (0x0791) x15 0x0000000080005646
core   0: 0x0000000080006116 (0x34179073) csrrw   zero, mepc, a5
core   0: 3 0x0000000080006116 (0x34179073) c833_mepc 0x0000000080005646
core   0: 0x000000008000611a (0x30200073) mret
core   0: 3 0x000000008000611a (0x30200073) c768_mstatus 0x8000000a00106080
core   0: 0x0000000080005646 (0x1bc17453) fdiv.d  fs0, ft2, ft8
core   0: 1 0x0000000080005646 (0x1bc17453) f8  0x3df0000000000000
core   0: 0x000000008000564a (0x00008c21) c.xor   s0, s0
core   0: 1 0x000000008000564a (0x8c21) x8  0x0000000000000000
core   0: 0x000000008000564c (0x0239f2b3) remu    t0, s3, gp
core   0: 1 0x000000008000564c (0x0239f2b3) x5  0x0000000000000000
core   0: 0x0000000080005650 (0x00000b86) c.slli  s7, 1
core   0: 1 0x0000000080005650 (0x0b86) x23 0xfffffffffffffffe
core   0: 0x0000000080005652 (0x3420031b) addiw   t1, zero, 834
core   0: 1 0x0000000080005652 (0x3420031b) x6  0x0000000000000342
core   0: 0x0000000080005656 (0xa2a90a53) fle.d   s4, fs2, fa0
core   0: 1 0x0000000080005656 (0xa2a90a53) c1_fflags 0x0000000000000013 x20 0x0000000000000000
core   0: 0x000000008000565a (0xaab97ac7) fmsub.d fs5, fs2, fa1, fs5
core   0: 1 0x000000008000565a (0xaab97ac7) f21 0x7ff8000000000000
core   0: 0x000000008000565e (0xa3faa953) feq.d   s2, fs5, ft11
core   0: 1 0x000000008000565e (0xa3faa953) x18 0x0000000000000000
core   0: 0x0000000080005662 (0x0ff0000f) fence   iorw,iorw
core   0: 1 0x0000000080005662 (0x0ff0000f)
core   0: 0x0000000080005666 (0x335ffc43) fmadd.d fs8, ft11, fs5, ft6
core   0: 1 0x0000000080005666 (0x335ffc43) f24 0x7ff8000000000000
core   0: 0x000000008000566a (0x00189c73) csrrw   s8, fflags, a7
core   0: 1 0x000000008000566a (0x00189c73) x24 0x0000000000000013 c1_fflags 0x0000000000000006
core   0: 0x000000008000566e (0x00000001) c.nop
core   0: 1 0x000000008000566e (0x0001)
core   0: 0x0000000080005670 (0x409a08b3) sub     a7, s4, s1
core   0: 1 0x0000000080005670 (0x409a08b3) x17 0xfffffffffffff086
core   0: 0x0000000080005674 (0x00000001) c.nop
core   0: 1 0x0000000080005674 (0x0001)
core   0: 0x0000000080005676 (0x0079d3bb) srlw    t2, s3, t2
core   0: 1 0x0000000080005676 (0x0079d3bb) x7  0x0000000000000000
core   0: 0x000000008000567a (0x038c51b3) divu    gp, s8, s8
core   0: 1 0x000000008000567a (0x038c51b3) x3  0x0000000000000001
core   0: 0x000000008000567e (0xd12d96b7) lui     a3, 0xd12d9
core   0: 1 0x000000008000567e (0xd12d96b7) x13 0xffffffffd12d9000
core   0: 0x0000000080005682 (0x0616ee13) ori     t3, a3, 97
core   0: 1 0x0000000080005682 (0x0616ee13) x28 0xffffffffd12d9061
core   0: 0x0000000080005686 (0x2a610653) fmin.d  fa2, ft2, ft6
core   0: 1 0x0000000080005686 (0x2a610653) f12 0x41f0000000000000
core   0: 0x000000008000568a (0x02d64c33) div     s8, a2, a3
core   0: 1 0x000000008000568a (0x02d64c33) x24 0x0000000000000000
core   0: 0x000000008000568e (0x01bd95bb) sllw    a1, s11, s11
core   0: 1 0x000000008000568e (0x01bd95bb) x11 0x0000000000000018
core   0: 0x0000000080005692 (0x0098d4b3) srl     s1, a7, s1
core   0: 1 0x0000000080005692 (0x0098d4b3) x9  0x000000000000003f
core   0: 0x0000000080005696 (0x02c31793) slli    a5, t1, 44
core   0: 1 0x0000000080005696 (0x02c31793) x15 0x0034200000000000
core   0: 0x000000008000569a (0x00019193) slli    gp, gp, 0
core   0: 1 0x000000008000569a (0x00019193) x3  0x0000000000000001
core   0: 0x000000008000569e (0x40a309bb) subw    s3, t1, a0
core   0: 1 0x000000008000569e (0x40a309bb) x19 0x0000000000000342
core   0: 0x00000000800056a2 (0x2d96f413) andi    s0, a3, 729
core   0: 1 0x00000000800056a2 (0x2d96f413) x8  0x0000000000000000
core   0: 0x00000000800056a6 (0x22928d53) fsgnj.d fs10, ft5, fs1
core   0: 1 0x00000000800056a6 (0x22928d53) f26 0x0000000000000004
core   0: 0x00000000800056aa (0x0009f993) andi    s3, s3, 0
core   0: 1 0x00000000800056aa (0x0009f993) x19 0x0000000000000000
core   0: 0x00000000800056ae (0x0ff0000f) fence   iorw,iorw
core   0: 1 0x00000000800056ae (0x0ff0000f)
core   0: 0x00000000800056b2 (0xd0387153) fcvt.s.lu ft2, a6
core   0: 1 0x00000000800056b2 (0xd0387153) f2  0xffffffff00000000
core   0: 0x00000000800056b6 (0x00202773) csrrs   a4, frm, zero
core   0: 1 0x00000000800056b6 (0x00202773) x14 0x0000000000000000
core   0: 0x00000000800056ba (0x00149df3) csrrw   s11, fflags, s1
core   0: 1 0x00000000800056ba (0x00149df3) x27 0x0000000000000006 c1_fflags 0x000000000000001f
core   0: 0x00000000800056be (0x8007039b) addiw   t2, a4, -2048
core   0: 1 0x00000000800056be (0x8007039b) x7  0xfffffffffffff800
core   0: 0x00000000800056c2 (0x420c8853) fcvt.d.s fa6, fs9
core   0: 1 0x00000000800056c2 (0x420c8853) f16 0x7ff8000000000000
core   0: 0x00000000800056c6 (0x00e8133b) sllw    t1, a6, a4
core   0: 1 0x00000000800056c6 (0x00e8133b) x6  0x0000000000000000
core   0: 0x00000000800056ca (0xd02df1d3) fcvt.s.l ft3, s11
core   0: 1 0x00000000800056ca (0xd02df1d3) f3  0xffffffff40c00000
core   0: 0x00000000800056ce (0x03c3ae33) mulhsu  t3, t2, t3
core   0: 1 0x00000000800056ce (0x03c3ae33) x28 0xfffffffffffff800
core   0: 0x00000000800056d2 (0x007449b3) xor     s3, s0, t2
core   0: 1 0x00000000800056d2 (0x007449b3) x19 0xfffffffffffff800
core   0: 0x00000000800056d6 (0x408388bb) subw    a7, t2, s0
core   0: 1 0x00000000800056d6 (0x408388bb) x17 0xfffffffffffff800
core   0: 0x00000000800056da (0xc225f953) fcvt.l.d s2, fa1
core   0: 1 0x00000000800056da (0xc225f953) c1_fflags 0x000000000000001f x18 0x7fffffffffffffff
core   0: 0x00000000800056de (0x0222e7b3) rem     a5, t0, sp
core   0: 1 0x00000000800056de (0x0222e7b3) x15 0x0000000000000000
core   0: 0x00000000800056e2 (0xc038f553) fcvt.lu.s a0, fa7
core   0: 1 0x00000000800056e2 (0xc038f553) c1_fflags 0x000000000000001f x10 0xffffffffffffffff
core   0: 0x00000000800056e6 (0x12f07153) fmul.d  ft2, ft0, fa5
core   0: 1 0x00000000800056e6 (0x12f07153) f2  0x7ff8000000000000
core   0: 0x00000000800056ea (0x03ce1e33) mulh    t3, t3, t3
core   0: 1 0x00000000800056ea (0x03ce1e33) x28 0x0000000000000000
core   0: 0x00000000800056ee (0x40235c1b) sraiw   s8, t1, 2
core   0: 1 0x00000000800056ee (0x40235c1b) x24 0x0000000000000000
core   0: 0x00000000800056f2 (0x0274aab3) mulhsu  s5, s1, t2
core   0: 1 0x00000000800056f2 (0x0274aab3) x21 0x000000000000003e
core   0: 0x00000000800056f6 (0x001c5b13) srli    s6, s8, 1
core   0: 1 0x00000000800056f6 (0x001c5b13) x22 0x0000000000000000
core   0: 0x00000000800056fa (0x01f0181b) slliw   a6, zero, 31
core   0: 1 0x00000000800056fa (0x01f0181b) x16 0x0000000000000000
core   0: 0x00000000800056fe (0x036d75b3) remu    a1, s10, s6
core   0: 1 0x00000000800056fe (0x036d75b3) x11 0x0000000000000000
core   0: 0x0000000080005702 (0x00000001) c.nop
core   0: 1 0x0000000080005702 (0x0001)
core   0: 0x0000000080005704 (0x40b8043b) subw    s0, a6, a1
core   0: 1 0x0000000080005704 (0x40b8043b) x8  0x0000000000000000
core   0: 0x0000000080005708 (0x12f4f4d3) fmul.d  fs1, fs1, fa5
core   0: 1 0x0000000080005708 (0x12f4f4d3) f9  0x7ff8000000000000
core   0: 0x000000008000570c (0x1aa37b97) auipc   s7, 0x1aa37
core   0: 1 0x000000008000570c (0x1aa37b97) x23 0x000000009aa3c70c
core   0: 0x0000000080005710 (0xd03bf0d3) fcvt.s.lu ft1, s7
core   0: 1 0x0000000080005710 (0xd03bf0d3) c1_fflags 0x000000000000001f f1  0xffffffff4f1aa3c7
core   0: 0x0000000080005714 (0x843b851b) addiw   a0, s7, -1981
core   0: 1 0x0000000080005714 (0x843b851b) x10 0xffffffff9aa3bf4f
core   0: 0x0000000080005718 (0x40355d1b) sraiw   s10, a0, 3
core   0: 1 0x0000000080005718 (0x40355d1b) x26 0xfffffffff35477e9
core   0: 0x000000008000571c (0x410504b3) sub     s1, a0, a6
core   0: 1 0x000000008000571c (0x410504b3) x9  0xffffffff9aa3bf4f
core   0: 0x0000000080005720 (0x0293cdbb) divw    s11, t2, s1
core   0: 1 0x0000000080005720 (0x0293cdbb) x27 0x0000000000000000
core   0: 0x0000000080005724 (0x1a90ffcf) fnmadd.d ft11, ft1, fs1, ft3
core   0: 1 0x0000000080005724 (0x1a90ffcf) f31 0x7ff8000000000000
core   0: 0x0000000080005728 (0x00009731) c.srai  a4, 44
core   0: 1 0x0000000080005728 (0x9731) x14 0x0000000000000000
core   0: 0x000000008000572a (0x01765bb3) srl     s7, a2, s7
core   0: 1 0x000000008000572a (0x01765bb3) x23 0x0000000000000000
core   0: 0x000000008000572e (0x00a5563b) srlw    a2, a0, a0
core   0: 1 0x000000008000572e (0x00a5563b) x12 0x0000000000013547
core   0: 0x0000000080005732 (0xc2177353) fcvt.wu.d t1, fa4
core   0: 1 0x0000000080005732 (0xc2177353) c1_fflags 0x000000000000001f x6  0xffffffffffffffff
core   0: 0x0000000080005736 (0x01e7569b) srliw   a3, a4, 30
core   0: 1 0x0000000080005736 (0x01e7569b) x13 0x0000000000000000
core   0: 0x000000008000573a (0x0004559b) srliw   a1, s0, 0
core   0: 1 0x000000008000573a (0x0004559b) x11 0x0000000000000000
core   0: 0x000000008000573e (0x00000001) c.nop
core   0: 1 0x000000008000573e (0x0001)
core   0: 0x0000000080005740 (0x010bdc1b) srliw   s8, s7, 16
core   0: 1 0x0000000080005740 (0x010bdc1b) x24 0x0000000000000000
core   0: 0x0000000080005744 (0x019cdc33) srl     s8, s9, s9
core   0: 1 0x0000000080005744 (0x019cdc33) x24 0x0000000000000000
core   0: 0x0000000080005748 (0x0001d19b) srliw   gp, gp, 0
core   0: 1 0x0000000080005748 (0x0001d19b) x3  0x0000000000000001
core   0: 0x000000008000574c (0x2a220253) fmin.d  ft4, ft4, ft2
core   0: 1 0x000000008000574c (0x2a220253) f4  0x4010000000000000
core   0: 0x0000000080005750 (0x02aef953) fadd.d  fs2, ft9, fa0
core   0: 1 0x0000000080005750 (0x02aef953) f18 0x3ff0000000000000
core   0: 0x0000000080005754 (0x486c6293) ori     t0, s8, 1158
core   0: 1 0x0000000080005754 (0x486c6293) x5  0x0000000000000486
core   0: 0x0000000080005758 (0x005c2933) slt     s2, s8, t0
core   0: 1 0x0000000080005758 (0x005c2933) x18 0x0000000000000001
core   0: 0x000000008000575c (0x000d141b) slliw   s0, s10, 0
core   0: 1 0x000000008000575c (0x000d141b) x8  0xfffffffff35477e9
core   0: 0x0000000080005760 (0xffc0a9b7) lui     s3, 0xffc0a
core   0: 1 0x0000000080005760 (0xffc0a9b7) x19 0xffffffffffc0a000
core   0: 0x0000000080005764 (0xfd79899b) addiw   s3, s3, -41
core   0: 1 0x0000000080005764 (0xfd79899b) x19 0xffffffffffc09fd7
core   0: 0x0000000080005768 (0x000009be) c.slli  s3, 15
core   0: 1 0x0000000080005768 (0x09be) x19 0xffffffe04feb8000
core   0: 0x000000008000576a (0x94598993) addi    s3, s3, -1723
core   0: 1 0x000000008000576a (0x94598993) x19 0xffffffe04feb7945
core   0: 0x000000008000576e (0x009666b3) or      a3, a2, s1
core   0: 1 0x000000008000576e (0x009666b3) x13 0xffffffff9aa3bf4f
core   0: 0x0000000080005772 (0x00168b33) add     s6, a3, ra
core   0: 1 0x0000000080005772 (0x00168b33) x22 0x000000001aa3ff63
core   0: 0x0000000080005776 (0xc23575d3) fcvt.lu.d a1, fa0
core   0: 1 0x0000000080005776 (0xc23575d3) x11 0x0000000000000000
core   0: 0x000000008000577a (0x221895d3) fsgnjn.d fa1, fa7, ft1
core   0: 1 0x000000008000577a (0x221895d3) f11 0x7fffffff7fc00000
core   0: 0x000000008000577e (0x93863137) lui     sp, 0x93863
core   0: 1 0x000000008000577e (0x93863137) x2  0xffffffff93863000
core   0: 0x0000000080005782 (0x1444bbf3) csrrc   s7, sip, s1
core   0: 1 0x0000000080005782 (0x1444bbf3) x23 0x0000000000000000 c836_mip 0x0000000000000080
core   0: 0x0000000080005786 (0x02b12433) mulhsu  s0, sp, a1
core   0: 1 0x0000000080005786 (0x02b12433) x8  0x0000000000000000
core   0: 0x000000008000578a (0xd2058253) fcvt.d.w ft4, a1
core   0: 1 0x000000008000578a (0xd2058253) f4  0x0000000000000000
core   0: 0x000000008000578e (0x016101bb) addw    gp, sp, s6
core   0: 1 0x000000008000578e (0x016101bb) x3  0xffffffffae2a2f63
core   0: 0x0000000080005792 (0x02ebcd33) div     s10, s7, a4
core   0: 1 0x0000000080005792 (0x02ebcd33) x26 0xffffffffffffffff
core   0: 0x0000000080005796 (0xc235fdd3) fcvt.lu.d s11, fa1
core   0: 1 0x0000000080005796 (0xc235fdd3) c1_fflags 0x000000000000001f x27 0xffffffffffffffff
core   0: 0x000000008000579a (0x7ff28493) addi    s1, t0, 2047
core   0: 1 0x000000008000579a (0x7ff28493) x9  0x0000000000000c85
core   0: 0x000000008000579e (0x2b619a53) fmax.d  fs4, ft3, fs6
core   0: 1 0x000000008000579e (0x2b619a53) f20 0x0000000000000000
core   0: 0x00000000800057a2 (0xfff48a93) addi    s5, s1, -1
core   0: 1 0x00000000800057a2 (0xfff48a93) x21 0x0000000000000c84
core   0: 0x00000000800057a6 (0xe20d0153) fmv.x.d sp, fs10
core   0: 1 0x00000000800057a6 (0xe20d0153) x2  0x0000000000000004
core   0: 0x00000000800057aa (0x23d080d3) fsgnj.d ft1, ft1, ft9
core   0: 1 0x00000000800057aa (0x23d080d3) f1  0x7fffffff4f1aa3c7
core   0: 0x00000000800057ae (0xe20a0bd3) fmv.x.d s7, fs4
core   0: 1 0x00000000800057ae (0xe20a0bd3) x23 0x0000000000000000
core   0: 0x00000000800057b2 (0x400d519b) sraiw   gp, s10, 0
core   0: 1 0x00000000800057b2 (0x400d519b) x3  0xffffffffffffffff
core   0: 0x00000000800057b6 (0x43395593) srai    a1, s2, 51
core   0: 1 0x00000000800057b6 (0x43395593) x11 0x0000000000000000
core   0: 0x00000000800057ba (0x4ac00e13) li      t3, 1196
core   0: 1 0x00000000800057ba (0x4ac00e13) x28 0x00000000000004ac
core   0: 0x00000000800057be (0x84e6f093) andi    ra, a3, -1970
core   0: 1 0x00000000800057be (0x84e6f093) x1  0xffffffff9aa3b84e
core   0: 0x00000000800057c2 (0x014595b3) sll     a1, a1, s4
core   0: 1 0x00000000800057c2 (0x014595b3) x11 0x0000000000000000
core   0: 0x00000000800057c6 (0x0ff0000f) fence   iorw,iorw
core   0: 1 0x00000000800057c6 (0x0ff0000f)
core   0: 0x00000000800057ca (0x42040ed3) fcvt.d.s ft9, fs0
core   0: 1 0x00000000800057ca (0x42040ed3) f29 0x7ff8000000000000
core   0: 0x00000000800057ce (0x40745bbb) sraw    s7, s0, t2
core   0: 1 0x00000000800057ce (0x40745bbb) x23 0x0000000000000000
core   0: 0x00000000800057d2 (0xc2347253) fcvt.lu.d tp, fs0
core   0: 1 0x00000000800057d2 (0xc2347253) c1_fflags 0x000000000000001f x4  0x0000000000000000
core   0: 0x00000000800057d6 (0x011897b3) sll     a5, a7, a7
core   0: 1 0x00000000800057d6 (0x011897b3) x15 0xfffffffffffff800
core   0: 0x00000000800057da (0xfff8f993) andi    s3, a7, -1
core   0: 1 0x00000000800057da (0xfff8f993) x19 0xfffffffffffff800
core   0: 0x00000000800057de (0x0134d4b3) srl     s1, s1, s3
core   0: 1 0x00000000800057de (0x0134d4b3) x9  0x0000000000000c85
core   0: 0x00000000800057e2 (0x02e4873b) mulw    a4, s1, a4
core   0: 1 0x00000000800057e2 (0x02e4873b) x14 0x0000000000000000
core   0: 0x00000000800057e6 (0xd03075d3) fcvt.s.lu fa1, zero
core   0: 1 0x00000000800057e6 (0xd03075d3) f11 0xffffffff00000000
core   0: 0x00000000800057ea (0xd2070053) fcvt.d.w ft0, a4
core   0: 1 0x00000000800057ea (0xd2070053) f0  0x0000000000000000
core   0: 0x00000000800057ee (0x0169191b) slliw   s2, s2, 22
core   0: 1 0x00000000800057ee (0x0169191b) x18 0x0000000000400000
core   0: 0x00000000800057f2 (0x00299bf3) csrrw   s7, frm, s3
core   0: 1 0x00000000800057f2 (0x00299bf3) x23 0x0000000000000000 c2_frm 0x0000000000000000
core   0: 0x00000000800057f6 (0x001cd293) srli    t0, s9, 1
core   0: 1 0x00000000800057f6 (0x001cd293) x5  0x0000000000000314
core   0: 0x00000000800057fa (0xd032f7d3) fcvt.s.lu fa5, t0
core   0: 1 0x00000000800057fa (0xd032f7d3) f15 0xffffffff44450000
core   0: 0x00000000800057fe (0x00000001) c.nop
core   0: 1 0x00000000800057fe (0x0001)
core   0: 0x0000000080005800 (0xc231fdd3) fcvt.lu.d s11, ft3
core   0: 1 0x0000000080005800 (0xc231fdd3) c1_fflags 0x000000000000001f x27 0xffffffffffffffff
core   0: 0x0000000080005804 (0x00cda3b3) slt     t2, s11, a2
core   0: 1 0x0000000080005804 (0x00cda3b3) x7  0x0000000000000001
core   0: 0x0000000080005808 (0x4006513b) sraw    sp, a2, zero
core   0: 1 0x0000000080005808 (0x4006513b) x2  0x0000000000013547
core   0: 0x000000008000580c (0x0383c13b) divw    sp, t2, s8
core   0: 1 0x000000008000580c (0x0383c13b) x2  0xffffffffffffffff
core   0: 0x0000000080005810 (0x03ab4233) div     tp, s6, s10
core   0: 1 0x0000000080005810 (0x03ab4233) x4  0xffffffffe55c009d
core   0: 0x0000000080005814 (0x01b907b3) add     a5, s2, s11
core   0: 1 0x0000000080005814 (0x01b907b3) x15 0x00000000003fffff
core   0: 0x0000000080005818 (0x02f0b6b3) mulhu   a3, ra, a5
core   0: 1 0x0000000080005818 (0x02f0b6b3) x13 0x00000000003ffffe
core   0: 0x000000008000581c (0xc02af9d3) fcvt.l.s s3, fs5
core   0: 1 0x000000008000581c (0xc02af9d3) c1_fflags 0x000000000000001f x19 0x7fffffffffffffff
core   0: 0x0000000080005820 (0x7ff26093) ori     ra, tp, 2047
core   0: 1 0x0000000080005820 (0x7ff26093) x1  0xffffffffe55c07ff
core   0: 0x0000000080005824 (0xc23874cf) fnmadd.d fs1, fa6, ft3, fs8
core   0: 1 0x0000000080005824 (0xc23874cf) f9  0x7ff8000000000000
core   0: 0x0000000080005828 (0x5ac24313) xori    t1, tp, 1452
core   0: 1 0x0000000080005828 (0x5ac24313) x6  0xffffffffe55c0531
core   0: 0x000000008000582c (0x004b8133) add     sp, s7, tp
core   0: 1 0x000000008000582c (0x004b8133) x2  0xffffffffe55c009d
core   0: 0x0000000080005830 (0xd227fd53) fcvt.d.l fs10, a5
core   0: 1 0x0000000080005830 (0xd227fd53) f26 0x414fffff80000000
core   0: 0x0000000080005834 (0x23ad2dd3) fsgnjx.d fs11, fs10, fs10
core   0: 1 0x0000000080005834 (0x23ad2dd3) f27 0x414fffff80000000
core   0: 0x0000000080005838 (0x41325533) sra     a0, tp, s3
core   0: 1 0x0000000080005838 (0x41325533) x10 0xffffffffffffffff
core   0: 0x000000008000583c (0x41f1509b) sraiw   ra, sp, 31
core   0: 1 0x000000008000583c (0x41f1509b) x1  0xffffffffffffffff
core   0: 0x0000000080005840 (0x01c61e33) sll     t3, a2, t3
core   0: 1 0x0000000080005840 (0x01c61e33) x28 0x1354700000000000
core   0: 0x0000000080005844 (0xc227f1d3) fcvt.l.d gp, fa5
core   0: 1 0x0000000080005844 (0xc227f1d3) c1_fflags 0x000000000000001f x3  0x7fffffffffffffff
core   0: 0x0000000080005848 (0x030369b3) rem     s3, t1, a6
core   0: 1 0x0000000080005848 (0x030369b3) x19 0xffffffffe55c0531
core   0: 0x000000008000584c (0x00001213) slli    tp, zero, 0
core   0: 1 0x000000008000584c (0x00001213) x4  0x0000000000000000
core   0: 0x0000000080005850 (0xd0237053) fcvt.s.l ft0, t1
core   0: 1 0x0000000080005850 (0xd0237053) c1_fflags 0x000000000000001f f0  0xffffffffcdd51fd6
core   0: 0x0000000080005854 (0x4042dc33) sra     s8, t0, tp
core   0: 1 0x0000000080005854 (0x4042dc33) x24 0x0000000000000314
core   0: 0x0000000080005858 (0x4003573b) sraw    a4, t1, zero
core   0: 1 0x0000000080005858 (0x4003573b) x14 0xffffffffe55c0531
core   0: 0x000000008000585c (0x02e1d1b3) divu    gp, gp, a4
core   0: 1 0x000000008000585c (0x02e1d1b3) x3  0x0000000000000000
core   0: 0x0000000080005860 (0xd023ff53) fcvt.s.l ft10, t2
core   0: 1 0x0000000080005860 (0xd023ff53) f30 0xffffffff3f800000
core   0: 0x0000000080005864 (0x49b93097) auipc   ra, 0x49b93
core   0: 1 0x0000000080005864 (0x49b93097) x1  0x00000000c9b98864
core   0: 0x0000000080005868 (0xffc2cab7) lui     s5, 0xffc2c
core   0: 1 0x0000000080005868 (0xffc2cab7) x21 0xffffffffffc2c000
core   0: 0x000000008000586c (0x4cda8a9b) addiw   s5, s5, 1229
core   0: 1 0x000000008000586c (0x4cda8a9b) x21 0xffffffffffc2c4cd
core   0: 0x0000000080005870 (0x00000ab2) c.slli  s5, 12
core   0: 1 0x0000000080005870 (0x0ab2) x21 0xfffffffc2c4cd000
core   0: 0x0000000080005872 (0x9e1a8a93) addi    s5, s5, -1567
core   0: 1 0x0000000080005872 (0x9e1a8a93) x21 0xfffffffc2c4cc9e1
core   0: 0x0000000080005876 (0x4058053b) subw    a0, a6, t0
core   0: 1 0x0000000080005876 (0x4058053b) x10 0xfffffffffffffcec
core   0: 0x000000008000587a (0x0359b533) mulhu   a0, s3, s5
core   0: 1 0x000000008000587a (0x0359b533) x10 0xfffffffc11a8cf12
core   0: 0x000000008000587e (0x00a2e9b3) or      s3, t0, a0
core   0: 1 0x000000008000587e (0x00a2e9b3) x19 0xfffffffc11a8cf16
core   0: 0x0000000080005882 (0x019e7cb3) and     s9, t3, s9
core   0: 1 0x0000000080005882 (0x019e7cb3) x25 0x0000000000000000
core   0: 0x0000000080005886 (0x009e74b3) and     s1, t3, s1
core   0: 1 0x0000000080005886 (0x009e74b3) x9  0x0000000000000000
core   0: 0x000000008000588a (0x01725d1b) srliw   s10, tp, 23
core   0: 1 0x000000008000588a (0x01725d1b) x26 0x0000000000000000
core   0: 0x000000008000588e (0xc21f78d3) fcvt.wu.d a7, ft10
core   0: 1 0x000000008000588e (0xc21f78d3) c1_fflags 0x000000000000001f x17 0xffffffffffffffff
core   0: 0x0000000080005892 (0x23bda253) fsgnjx.d ft4, fs11, fs11
core   0: 1 0x0000000080005892 (0x23bda253) f4  0x414fffff80000000
core   0: 0x0000000080005896 (0x80088e13) addi    t3, a7, -2048
core   0: 1 0x0000000080005896 (0x80088e13) x28 0xfffffffffffff7ff
core   0: 0x000000008000589a (0x00ee1633) sll     a2, t3, a4
core   0: 1 0x000000008000589a (0x00ee1633) x12 0xeffe000000000000
core   0: 0x000000008000589e (0x41c8d533) sra     a0, a7, t3
core   0: 1 0x000000008000589e (0x41c8d533) x10 0xffffffffffffffff
core   0: 0x00000000800058a2 (0x00c606bb) addw    a3, a2, a2
core   0: 1 0x00000000800058a2 (0x00c606bb) x13 0x0000000000000000
core   0: 0x00000000800058a6 (0x5a04ff53) fsqrt.d ft10, fs1
core   0: 1 0x00000000800058a6 (0x5a04ff53) f30 0x7ff8000000000000
core   0: 0x00000000800058aa (0x7470e8f3) csrrsi  a7, mseccfg, 1
core   0: exception trap_illegal_instruction, epc 0x00000000800058aa
core   0:           tval 0x000000007470e8f3
core   0: >>>>  $xrv64i2p1_m2p0_a2p1_f2p2_d2p2_zicsr2p0_zifencei2p0_zmmul1p0_zba1p0_zbb1p0_zbc1p0_zbs1p0
core   0: 0x0000000080004000 (0x0080006f) j       pc + 0x8
core   0: 3 0x0000000080004000 (0x0080006f)
core   0: >>>>  mmode_exception_handler
core   0: 0x0000000080004008 (0x00002c17) auipc   s8, 0x2
core   0: 3 0x0000000080004008 (0x00002c17) x24 0x0000000080006008
core   0: 0x000000008000400c (0x0d8c0c13) addi    s8, s8, 216
core   0: 3 0x000000008000400c (0x0d8c0c13) x24 0x00000000800060e0
core   0: 0x0000000080004010 (0x000c00e7) jalr    s8
core   0: 3 0x0000000080004010 (0x000c00e7) x1  0x0000000080004014
core   0: >>>>  any_handler
core   0: 0x00000000800060e0 (0x341027f3) csrrs   a5, mepc, zero
core   0: 3 0x00000000800060e0 (0x341027f3) x15 0x00000000800058aa
core   0: 0x00000000800060e4 (0x34202773) csrrs   a4, mcause, zero
core   0: 3 0x00000000800060e4 (0x34202773) x14 0x0000000000000002
core   0: 0x00000000800060e8 (0x142026f3) csrrs   a3, scause, zero
core   0: 3 0x00000000800060e8 (0x142026f3) x13 0x0000000000000001
core   0: 0x00000000800060ec (0x30402673) csrrs   a2, mie, zero
core   0: 3 0x00000000800060ec (0x30402673) x12 0x0000000000000a00
core   0: 0x00000000800060f0 (0x344025f3) csrrs   a1, mip, zero
core   0: 3 0x00000000800060f0 (0x344025f3) x11 0x0000000000000080
core   0: 0x00000000800060f4 (0x343025f3) csrrs   a1, mtval, zero
core   0: 3 0x00000000800060f4 (0x343025f3) x11 0x000000007470e8f3
core   0: 0x00000000800060f8 (0x14302573) csrrs   a0, stval, zero
core   0: 3 0x00000000800060f8 (0x14302573) x10 0x0000000000000000
core   0: 0x00000000800060fc (0xb02024f3) csrrs   s1, minstret, zero
core   0: 3 0x00000000800060fc (0xb02024f3) x9  0x0000000000001028
core   0: 0x0000000080006100 (0x0000a811) c.j     pc + 20
core   0: 3 0x0000000080006100 (0xa811)
core   0: >>>>  mepc_4
core   0: 0x0000000080006114 (0x00000791) c.addi  a5, 4
core   0: 3 0x0000000080006114 (0x0791) x15 0x00000000800058ae
core   0: 0x0000000080006116 (0x34179073) csrrw   zero, mepc, a5
core   0: 3 0x0000000080006116 (0x34179073) c833_mepc 0x00000000800058ae
core   0: 0x000000008000611a (0x30200073) mret
core   0: 3 0x000000008000611a (0x30200073) c768_mstatus 0x8000000a00106080
core   0: 0x00000000800058ae (0xa3b38e53) fle.d   t3, ft7, fs11
core   0: 1 0x00000000800058ae (0xa3b38e53) x28 0x0000000000000001
core   0: 0x00000000800058b2 (0xd21503d3) fcvt.d.wu ft7, a0
core   0: 1 0x00000000800058b2 (0xd21503d3) f7  0x0000000000000000
core   0: 0x00000000800058b6 (0xedd5029b) addiw   t0, a0, -291
core   0: 1 0x00000000800058b6 (0xedd5029b) x5  0xfffffffffffffedd
core   0: 0x00000000800058ba (0xd02e7d53) fcvt.s.l fs10, t3
core   0: 1 0x00000000800058ba (0xd02e7d53) f26 0xffffffff3f800000
core   0: 0x00000000800058be (0x69f56993) ori     s3, a0, 1695
core   0: 1 0x00000000800058be (0x69f56993) x19 0x000000000000069f
core   0: 0x00000000800058c2 (0x03cb843b) mulw    s0, s7, t3
core   0: 1 0x00000000800058c2 (0x03cb843b) x8  0x0000000000000000
core   0: 0x00000000800058c6 (0x00b41c1b) slliw   s8, s0, 11
core   0: 1 0x00000000800058c6 (0x00b41c1b) x24 0x0000000000000000
core   0: 0x00000000800058ca (0xfc69e513) ori     a0, s3, -58
core   0: 1 0x00000000800058ca (0xfc69e513) x10 0xffffffffffffffdf
core   0: 0x00000000800058ce (0xc03f7dd3) fcvt.lu.s s11, ft10
core   0: 1 0x00000000800058ce (0xc03f7dd3) c1_fflags 0x000000000000001f x27 0xffffffffffffffff
core   0: 0x00000000800058d2 (0x5b916893) ori     a7, sp, 1465
core   0: 1 0x00000000800058d2 (0x5b916893) x17 0xffffffffe55c05bd
core   0: 0x00000000800058d6 (0x4058d0b3) sra     ra, a7, t0
core   0: 1 0x00000000800058d6 (0x4058d0b3) x1  0xffffffffffffffff
core   0: 0x00000000800058da (0x401af953) fcvt.s.d fs2, fs5
core   0: 1 0x00000000800058da (0x401af953) f18 0xffffffff7fc00000
core   0: 0x00000000800058de (0xc23d7dd3) fcvt.lu.d s11, fs10
core   0: 1 0x00000000800058de (0xc23d7dd3) c1_fflags 0x000000000000001f x27 0xffffffffffffffff
core   0: 0x00000000800058e2 (0x032d093b) mulw    s2, s10, s2
core   0: 1 0x00000000800058e2 (0x032d093b) x18 0x0000000000000000
core   0: 0x00000000800058e6 (0x01a97b33) and     s6, s2, s10
core   0: 1 0x00000000800058e6 (0x01a97b33) x22 0x0000000000000000
core   0: 0x00000000800058ea (0x4069073b) subw    a4, s2, t1
core   0: 1 0x00000000800058ea (0x4069073b) x14 0x000000001aa3facf
core   0: 0x00000000800058ee (0xd2058bd3) fcvt.d.w fs7, a1
core   0: 1 0x00000000800058ee (0xd2058bd3) f23 0x41dd1c3a3cc00000
core   0: 0x00000000800058f2 (0x01a71e33) sll     t3, a4, s10
core   0: 1 0x00000000800058f2 (0x01a71e33) x28 0x000000001aa3facf
core   0: 0x00000000800058f6 (0x0177529b) srliw   t0, a4, 23
core   0: 1 0x00000000800058f6 (0x0177529b) x5  0x0000000000000035
core   0: 0x00000000800058fa (0x005550b3) srl     ra, a0, t0
core   0: 1 0x00000000800058fa (0x005550b3) x1  0x00000000000007ff
core   0: 0x00000000800058fe (0x02a0c433) div     s0, ra, a0
core   0: 1 0x00000000800058fe (0x02a0c433) x8  0xffffffffffffffc2
core   0: 0x0000000080005902 (0xd030f153) fcvt.s.lu ft2, ra
core   0: 1 0x0000000080005902 (0xd030f153) f2  0xffffffff44ffe000
core   0: 0x0000000080005906 (0x002217f3) csrrw   a5, frm, tp
core   0: 1 0x0000000080005906 (0x002217f3) x15 0x0000000000000000 c2_frm 0x0000000000000000
core   0: 0x000000008000590a (0x01b60c3b) addw    s8, a2, s11
core   0: 1 0x000000008000590a (0x01b60c3b) x24 0x00000000000009ff
core   0: 0x000000008000590e (0x0a47f253) fsub.d  ft4, fa5, ft4
core   0: 1 0x000000008000590e (0x0a47f253) f4  0x7ff8000000000000
core   0: 0x0000000080005912 (0x00851113) slli    sp, a0, 8
core   0: 1 0x0000000080005912 (0x00851113) x2  0xffffffffffffdf00
core   0: 0x0000000080005916 (0x00011913) slli    s2, sp, 0
core   0: 1 0x0000000080005916 (0x00011913) x18 0xffffffffffffdf00
core   0: 0x000000008000591a (0x0281703b) remuw   zero, sp, s0
core   0: 1 0x000000008000591a (0x0281703b)
core   0: 0x000000008000591e (0x0210f5d3) fadd.d  fa1, ft1, ft1
core   0: 1 0x000000008000591e (0x0210f5d3) f11 0x7ff8000000000000
core   0: 0x0000000080005922 (0x410b09b3) sub     s3, s6, a6
core   0: 1 0x0000000080005922 (0x410b09b3) x19 0x0000000000000000
core   0: 0x0000000080005926 (0x0294c5bb) divw    a1, s1, s1
core   0: 1 0x0000000080005926 (0x0294c5bb) x11 0x0000000000000001
core   0: 0x000000008000592a (0x00c05233) srl     tp, zero, a2
core   0: 1 0x000000008000592a (0x00c05233) x4  0x0000000000000000
core   0: 0x000000008000592e (0x23641c53) fsgnjn.d fs8, fs0, fs6
core   0: 1 0x000000008000592e (0x23641c53) f24 0xbdf0000000000000
core   0: 0x0000000080005932 (0x03be763b) remuw   a2, t3, s11
core   0: 1 0x0000000080005932 (0x03be763b) x12 0x000000001aa3facf
core   0: 0x0000000080005936 (0xb3e7f7cf) fnmadd.d fa5, fa5, ft10, fs6
core   0: 1 0x0000000080005936 (0xb3e7f7cf) f15 0x7ff8000000000000
core   0: 0x000000008000593a (0x22751517) auipc   a0, 0x22751
core   0: 1 0x000000008000593a (0x22751517) x10 0x00000000a275693a
core   0: 0x000000008000593e (0xc21b7153) fcvt.wu.d sp, fs6
core   0: 1 0x000000008000593e (0xc21b7153) x2  0x0000000000000000
core   0: 0x0000000080005942 (0x5a00fe53) fsqrt.d ft8, ft1
core   0: 1 0x0000000080005942 (0x5a00fe53) f28 0x7ff8000000000000
core   0: 0x0000000080005946 (0x2384a4d3) fsgnjx.d fs1, fs1, fs8
core   0: 1 0x0000000080005946 (0x2384a4d3) f9  0xfff8000000000000
core   0: 0x000000008000594a (0x5a04fe53) fsqrt.d ft8, fs1
core   0: 1 0x000000008000594a (0x5a04fe53) f28 0x7ff8000000000000
core   0: 0x000000008000594e (0x22509553) fsgnjn.d fa0, ft1, ft5
core   0: 1 0x000000008000594e (0x22509553) f10 0xffffffff4f1aa3c7
core   0: 0x0000000080005952 (0x03806c3b) remw    s8, zero, s8
core   0: 1 0x0000000080005952 (0x03806c3b) x24 0x0000000000000000
core   0: 0x0000000080005956 (0xd029f153) fcvt.s.l ft2, s3
core   0: 1 0x0000000080005956 (0xd029f153) f2  0xffffffff00000000
core   0: 0x000000008000595a (0x001ede93) srli    t4, t4, 1
core   0: 1 0x000000008000595a (0x001ede93) x29 0x0000000000014000
core   0: 0x000000008000595e (0x0350f0d3) fadd.d  ft1, ft1, fs5
core   0: 1 0x000000008000595e (0x0350f0d3) f1  0x7ff8000000000000
core   0: 0x0000000080005962 (0x0357c2bb) divw    t0, a5, s5
core   0: 1 0x0000000080005962 (0x0357c2bb) x5  0x0000000000000000
core   0: 0x0000000080005966 (0x0212b1b3) mulhu   gp, t0, ra
core   0: 1 0x0000000080005966 (0x0212b1b3) x3  0x0000000000000000
core   0: 0x000000008000596a (0xc20df353) fcvt.w.d t1, fs11
core   0: 1 0x000000008000596a (0xc20df353) x6  0x00000000003fffff
core   0: 0x000000008000596e (0x32147d43) fmadd.d fs10, fs0, ft1, ft6
core   0: 1 0x000000008000596e (0x32147d43) f26 0x7ff8000000000000
core   0: 0x0000000080005972 (0x010324b3) slt     s1, t1, a6
core   0: 1 0x0000000080005972 (0x010324b3) x9  0x0000000000000000
core   0: 0x0000000080005976 (0x00000001) c.nop
core   0: 1 0x0000000080005976 (0x0001)
core   0: 0x0000000080005978 (0x41d8553b) sraw    a0, a6, t4
core   0: 1 0x0000000080005978 (0x41d8553b) x10 0x0000000000000000
core   0: 0x000000008000597c (0x4140523b) sraw    tp, zero, s4
core   0: 1 0x000000008000597c (0x4140523b) x4  0x0000000000000000
core   0: 0x0000000080005980 (0x01872e33) slt     t3, a4, s8
core   0: 1 0x0000000080005980 (0x01872e33) x28 0x0000000000000000
core   0: 0x0000000080005984 (0x00039813) slli    a6, t2, 0
core   0: 1 0x0000000080005984 (0x00039813) x16 0x0000000000000001
core   0: 0x0000000080005988 (0x4002d99b) sraiw   s3, t0, 0
core   0: 1 0x0000000080005988 (0x4002d99b) x19 0x0000000000000000
core   0: 0x000000008000598c (0x0036013b) addw    sp, a2, gp
core   0: 1 0x000000008000598c (0x0036013b) x2  0x000000001aa3facf
core   0: 0x0000000080005990 (0x40d40cb3) sub     s9, s0, a3
core   0: 1 0x0000000080005990 (0x40d40cb3) x25 0xffffffffffffffc1
core   0: 0x0000000080005994 (0xe2079ed3) fclass.d t4, fa5
core   0: 1 0x0000000080005994 (0xe2079ed3) x29 0x0000000000000200
core   0: 0x0000000080005998 (0x00006733) or      a4, zero, zero
core   0: 1 0x0000000080005998 (0x00006733) x14 0x0000000000000000
core   0: 0x000000008000599c (0xc037f6d3) fcvt.lu.s a3, fa5
core   0: 1 0x000000008000599c (0xc037f6d3) c1_fflags 0x000000000000001f x13 0xffffffffffffffff
core   0: 0x00000000800059a0 (0x035e4abb) divw    s5, t3, s5
core   0: 1 0x00000000800059a0 (0x035e4abb) x21 0x0000000000000000
core   0: 0x00000000800059a4 (0x000e4913) xori    s2, t3, 0
core   0: 1 0x00000000800059a4 (0x000e4913) x18 0x0000000000000000
core   0: 0x00000000800059a8 (0xa35af5c7) fmsub.d fa1, fs5, fs5, fs4
core   0: 1 0x00000000800059a8 (0xa35af5c7) f11 0x7ff8000000000000
core   0: 0x00000000800059ac (0x00202ef3) csrrs   t4, frm, zero
core   0: 1 0x00000000800059ac (0x00202ef3) x29 0x0000000000000000
core   0: 0x00000000800059b0 (0x884c6a93) ori     s5, s8, -1916
core   0: 1 0x00000000800059b0 (0x884c6a93) x21 0xfffffffffffff884
core   0: 0x00000000800059b4 (0x00102173) csrrs   sp, fflags, zero
core   0: 1 0x00000000800059b4 (0x00102173) x2  0x000000000000001f
core   0: 0x00000000800059b8 (0xd21101d3) fcvt.d.wu ft3, sp
core   0: 1 0x00000000800059b8 (0xd21101d3) f3  0x403f000000000000
core   0: 0x00000000800059bc (0x001dd01b) srliw   zero, s11, 1
core   0: 1 0x00000000800059bc (0x001dd01b)
core   0: 0x00000000800059c0 (0x015c0533) add     a0, s8, s5
core   0: 1 0x00000000800059c0 (0x015c0533) x10 0xfffffffffffff884
core   0: 0x00000000800059c4 (0x2b7c1b53) fmax.d  fs6, fs8, fs7
core   0: 1 0x00000000800059c4 (0x2b7c1b53) f22 0x41dd1c3a3cc00000
core   0: 0x00000000800059c8 (0x0178de33) srl     t3, a7, s7
core   0: 1 0x00000000800059c8 (0x0178de33) x28 0xffffffffe55c05bd
core   0: 0x00000000800059cc (0x06254937) lui     s2, 0x6254
core   0: 1 0x00000000800059cc (0x06254937) x18 0x0000000006254000
core   0: 0x00000000800059d0 (0x3e99091b) addiw   s2, s2, 1001
core   0: 1 0x00000000800059d0 (0x3e99091b) x18 0x00000000062543e9
core   0: 0x00000000800059d4 (0x00000932) c.slli  s2, 12
core   0: 1 0x00000000800059d4 (0x0932) x18 0x00000062543e9000
core   0: 0x00000000800059d6 (0x1de90913) addi    s2, s2, 478
core   0: 1 0x00000000800059d6 (0x1de90913) x18 0x00000062543e91de
core   0: 0x00000000800059da (0x00c65d33) srl     s10, a2, a2
core   0: 1 0x00000000800059da (0x00c65d33) x26 0x0000000000003547
core   0: 0x00000000800059de (0x00bc561b) srliw   a2, s8, 11
core   0: 1 0x00000000800059de (0x00bc561b) x12 0x0000000000000000
core   0: 0x00000000800059e2 (0x0254c33b) divw    t1, s1, t0
core   0: 1 0x00000000800059e2 (0x0254c33b) x6  0xffffffffffffffff
core   0: 0x00000000800059e6 (0x7ff40c1b) addiw   s8, s0, 2047
core   0: 1 0x00000000800059e6 (0x7ff40c1b) x24 0x00000000000007c1
core   0: 0x00000000800059ea (0x400dd013) srai    zero, s11, 0
core   0: 1 0x00000000800059ea (0x400dd013)
core   0: 0x00000000800059ee (0xf20c0353) fmv.d.x ft6, s8
core   0: 1 0x00000000800059ee (0xf20c0353) f6  0x00000000000007c1
core   0: 0x00000000800059f2 (0xd0337ed3) fcvt.s.lu ft9, t1
core   0: 1 0x00000000800059f2 (0xd0337ed3) c1_fflags 0x000000000000001f f29 0xffffffff5f800000
core   0: 0x00000000800059f6 (0x23912cd3) fsgnjx.d fs9, ft2, fs9
core   0: 1 0x00000000800059f6 (0x23912cd3) f25 0xffffffff00000000
core   0: 0x00000000800059fa (0x03527233) remu    tp, tp, s5
core   0: 1 0x00000000800059fa (0x03527233) x4  0x0000000000000000
core   0: 0x00000000800059fe (0xc23cf2d3) fcvt.lu.d t0, fs9
core   0: 1 0x00000000800059fe (0xc23cf2d3) c1_fflags 0x000000000000001f x5  0xffffffffffffffff
core   0: 0x0000000080005a02 (0xa284f4cf) fnmadd.d fs1, fs1, fs0, fs4
core   0: 1 0x0000000080005a02 (0xa284f4cf) f9  0x7ff8000000000000
core   0: 0x0000000080005a06 (0x0101a1b3) slt     gp, gp, a6
core   0: 1 0x0000000080005a06 (0x0101a1b3) x3  0x0000000000000001
core   0: 0x0000000080005a0a (0x00c01733) sll     a4, zero, a2
core   0: 1 0x0000000080005a0a (0x00c01733) x14 0x0000000000000000
core   0: 0x0000000080005a0e (0x401a71d3) fcvt.s.d ft3, fs4
core   0: 1 0x0000000080005a0e (0x401a71d3) f3  0xffffffff00000000
core   0: 0x0000000080005a12 (0x02165d13) srli    s10, a2, 33
core   0: 1 0x0000000080005a12 (0x02165d13) x26 0x0000000000000000
core   0: 0x0000000080005a16 (0x01921033) sll     zero, tp, s9
core   0: 1 0x0000000080005a16 (0x01921033)
core   0: 0x0000000080005a1a (0x89b07793) andi    a5, zero, -1893
core   0: 1 0x0000000080005a1a (0x89b07793) x15 0x0000000000000000
core   0: 0x0000000080005a1e (0xbbd57a4f) fnmadd.d fs4, fa0, ft9, fs7
core   0: 1 0x0000000080005a1e (0xbbd57a4f) f20 0x7ff8000000000000
core   0: 0x0000000080005a22 (0x00c22133) slt     sp, tp, a2
core   0: 1 0x0000000080005a22 (0x00c22133) x2  0x0000000000000000
core   0: 0x0000000080005a26 (0x106b7073) csrrci  zero, scounteren, 22
core   0: 1 0x0000000080005a26 (0x106b7073) c262_scounteren 0x0000000000000000
core   0: 0x0000000080005a2a (0x23fba8d3) fsgnjx.d fa7, fs7, ft11
core   0: 1 0x0000000080005a2a (0x23fba8d3) f17 0x41dd1c3a3cc00000
core   0: 0x0000000080005a2e (0x03119633) mulh    a2, gp, a7
core   0: 1 0x0000000080005a2e (0x03119633) x12 0xffffffffffffffff
core   0: 0x0000000080005a32 (0x034dd8b3) divu    a7, s11, s4
core   0: 1 0x0000000080005a32 (0x034dd8b3) x17 0xffffffffffffffff
core   0: 0x0000000080005a36 (0x00000001) c.nop
core   0: 1 0x0000000080005a36 (0x0001)
core   0: 0x0000000080005a38 (0x02cc18b3) mulh    a7, s8, a2
core   0: 1 0x0000000080005a38 (0x02cc18b3) x17 0xffffffffffffffff
core   0: 0x0000000080005a3c (0x417e0cbb) subw    s9, t3, s7
core   0: 1 0x0000000080005a3c (0x417e0cbb) x25 0xffffffffe55c05bd
core   0: 0x0000000080005a40 (0x43f7d313) srai    t1, a5, 63
core   0: 1 0x0000000080005a40 (0x43f7d313) x6  0x0000000000000000
core   0: 0x0000000080005a44 (0xd2080b53) fcvt.d.w fs6, a6
core   0: 1 0x0000000080005a44 (0xd2080b53) f22 0x3ff0000000000000
core   0: 0x0000000080005a48 (0x0199f9b3) and     s3, s3, s9
core   0: 1 0x0000000080005a48 (0x0199f9b3) x19 0x0000000000000000
core   0: 0x0000000080005a4c (0x00bb08bb) addw    a7, s6, a1
core   0: 1 0x0000000080005a4c (0x00bb08bb) x17 0x0000000000000001
core   0: 0x0000000080005a50 (0x40167ad3) fcvt.s.d fs5, fa2
core   0: 1 0x0000000080005a50 (0x40167ad3) f21 0xffffffff4f800000
core   0: 0x0000000080005a54 (0x0ff0000f) fence   iorw,iorw
core   0: 1 0x0000000080005a54 (0x0ff0000f)
core   0: 0x0000000080005a58 (0x03789633) mulh    a2, a7, s7
core   0: 1 0x0000000080005a58 (0x03789633) x12 0x0000000000000000
core   0: 0x0000000080005a5c (0x027caab3) mulhsu  s5, s9, t2
core   0: 1 0x0000000080005a5c (0x027caab3) x21 0xffffffffffffffff
core   0: 0x0000000080005a60 (0x03ba97b3) mulh    a5, s5, s11
core   0: 1 0x0000000080005a60 (0x03ba97b3) x15 0x0000000000000000
core   0: 0x0000000080005a64 (0xb847c893) xori    a7, a5, -1148
core   0: 1 0x0000000080005a64 (0xb847c893) x17 0xfffffffffffffb84
core   0: 0x0000000080005a68 (0x0119a8b3) slt     a7, s3, a7
core   0: 1 0x0000000080005a68 (0x0119a8b3) x17 0x0000000000000000
core   0: 0x0000000080005a6c (0x0ff0000f) fence   iorw,iorw
core   0: 1 0x0000000080005a6c (0x0ff0000f)
core   0: 0x0000000080005a70 (0x00b08a33) add     s4, ra, a1
core   0: 1 0x0000000080005a70 (0x00b08a33) x20 0x0000000000000800
core   0: 0x0000000080005a74 (0x1a157bd3) fdiv.d  fs7, fa0, ft1
core   0: 1 0x0000000080005a74 (0x1a157bd3) f23 0x7ff8000000000000
core   0: 0x0000000080005a78 (0x01318dbb) addw    s11, gp, s3
core   0: 1 0x0000000080005a78 (0x01318dbb) x27 0x0000000000000001
core   0: 0x0000000080005a7c (0x001022f3) csrrs   t0, fflags, zero
core   0: 1 0x0000000080005a7c (0x001022f3) x5  0x000000000000001f
core   0: 0x0000000080005a80 (0x00102e73) csrrs   t3, fflags, zero
core   0: 1 0x0000000080005a80 (0x00102e73) x28 0x000000000000001f
core   0: 0x0000000080005a84 (0x03ad0533) mul     a0, s10, s10
core   0: 1 0x0000000080005a84 (0x03ad0533) x10 0x0000000000000000
core   0: 0x0000000080005a88 (0x1aa57253) fdiv.d  ft4, fa0, fa0
core   0: 1 0x0000000080005a88 (0x1aa57253) f4  0x7ff8000000000000
core   0: 0x0000000080005a8c (0x02e22eb3) mulhsu  t4, tp, a4
core   0: 1 0x0000000080005a8c (0x02e22eb3) x29 0x0000000000000000
core   0: 0x0000000080005a90 (0x02d24233) div     tp, tp, a3
core   0: 1 0x0000000080005a90 (0x02d24233) x4  0x0000000000000000
core   0: 0x0000000080005a94 (0x0246ccb7) lui     s9, 0x246c
core   0: 1 0x0000000080005a94 (0x0246ccb7) x25 0x000000000246c000
core   0: 0x0000000080005a98 (0xdd3c8c9b) addiw   s9, s9, -557
core   0: 1 0x0000000080005a98 (0xdd3c8c9b) x25 0x000000000246bdd3
core   0: 0x0000000080005a9c (0x00000cb6) c.slli  s9, 13
core   0: 1 0x0000000080005a9c (0x0cb6) x25 0x00000048d7ba6000
core   0: 0x0000000080005a9e (0x39ec8c93) addi    s9, s9, 926
core   0: 1 0x0000000080005a9e (0x39ec8c93) x25 0x00000048d7ba639e
core   0: 0x0000000080005aa2 (0xfb94a9b7) lui     s3, 0xfb94a
core   0: 1 0x0000000080005aa2 (0xfb94a9b7) x19 0xfffffffffb94a000
core   0: 0x0000000080005aa6 (0xb4d9899b) addiw   s3, s3, -1203
core   0: 1 0x0000000080005aa6 (0xb4d9899b) x19 0xfffffffffb949b4d
core   0: 0x0000000080005aaa (0x000009b2) c.slli  s3, 12
core   0: 1 0x0000000080005aaa (0x09b2) x19 0xffffffb949b4d000
core   0: 0x0000000080005aac (0x0eb98993) addi    s3, s3, 235
core   0: 1 0x0000000080005aac (0x0eb98993) x19 0xffffffb949b4d0eb
core   0: 0x0000000080005ab0 (0x420f8e53) fcvt.d.s ft8, ft11
core   0: 1 0x0000000080005ab0 (0x420f8e53) f28 0x7ff8000000000000
core   0: 0x0000000080005ab4 (0x22fe0353) fsgnj.d ft6, ft8, fa5
core   0: 1 0x0000000080005ab4 (0x22fe0353) f6  0x7ff8000000000000
core   0: 0x0000000080005ab8 (0xd21506d3) fcvt.d.wu fa3, a0
core   0: 1 0x0000000080005ab8 (0xd21506d3) f13 0x0000000000000000
core   0: 0x0000000080005abc (0x014577b3) and     a5, a0, s4
core   0: 1 0x0000000080005abc (0x014577b3) x15 0x0000000000000000
core   0: 0x0000000080005ac0 (0xc2127cd3) fcvt.wu.d s9, ft4
core   0: 1 0x0000000080005ac0 (0xc2127cd3) c1_fflags 0x000000000000001f x25 0xffffffffffffffff
core   0: 0x0000000080005ac4 (0xc22374d3) fcvt.l.d s1, ft6
core   0: 1 0x0000000080005ac4 (0xc22374d3) c1_fflags 0x000000000000001f x9  0x7fffffffffffffff
core   0: 0x0000000080005ac8 (0x00000001) c.nop
core   0: 1 0x0000000080005ac8 (0x0001)
core   0: 0x0000000080005aca (0x0ad6fed3) fsub.d  ft9, fa3, fa3
core   0: 1 0x0000000080005aca (0x0ad6fed3) f29 0x0000000000000000
core   0: 0x0000000080005ace (0xd21483d3) fcvt.d.wu ft7, s1
core   0: 1 0x0000000080005ace (0xd21483d3) f7  0x41efffffffe00000
core   0: 0x0000000080005ad2 (0x02c2e2bb) remw    t0, t0, a2
core   0: 1 0x0000000080005ad2 (0x02c2e2bb) x5  0x000000000000001f
core   0: 0x0000000080005ad6 (0xe2457a4f) fnmadd.d fs4, fa0, ft4, ft8
core   0: 1 0x0000000080005ad6 (0xe2457a4f) f20 0x7ff8000000000000
core   0: 0x0000000080005ada (0x001eadb3) slt     s11, t4, ra
core   0: 1 0x0000000080005ada (0x001eadb3) x27 0x0000000000000001
core   0: 0x0000000080005ade (0x0052fb33) and     s6, t0, t0
core   0: 1 0x0000000080005ade (0x0052fb33) x22 0x000000000000001f
core   0: 0x0000000080005ae2 (0x03bb6133) rem     sp, s6, s11
core   0: 1 0x0000000080005ae2 (0x03bb6133) x2  0x0000000000000000
core   0: 0x0000000080005ae6 (0x40bd579b) sraiw   a5, s10, 11
core   0: 1 0x0000000080005ae6 (0x40bd579b) x15 0x0000000000000000
core   0: 0x0000000080005aea (0x03b8fcd3) fadd.d  fs9, fa7, fs11
core   0: 1 0x0000000080005aea (0x03b8fcd3) f25 0x41dd2c3a3c800000
core   0: 0x0000000080005aee (0x0ff0000f) fence   iorw,iorw
core   0: 1 0x0000000080005aee (0x0ff0000f)
core   0: 0x0000000080005af2 (0x001883bb) addw    t2, a7, ra
core   0: 1 0x0000000080005af2 (0x001883bb) x7  0x00000000000007ff
core   0: 0x0000000080005af6 (0x035ed993) srli    s3, t4, 53
core   0: 1 0x0000000080005af6 (0x035ed993) x19 0x0000000000000000
core   0: 0x0000000080005afa (0x33ff7f43) fmadd.d ft10, ft10, ft11, ft6
core   0: 1 0x0000000080005afa (0x33ff7f43) f30 0x7ff8000000000000
core   0: 0x0000000080005afe (0x40db87bb) subw    a5, s7, a3
core   0: 1 0x0000000080005afe (0x40db87bb) x15 0x0000000000000001
core   0: 0x0000000080005b02 (0x005e983b) sllw    a6, t4, t0
core   0: 1 0x0000000080005b02 (0x005e983b) x16 0x0000000000000000
core   0: 0x0000000080005b06 (0xd2180853) fcvt.d.wu fa6, a6
core   0: 1 0x0000000080005b06 (0xd2180853) f16 0x0000000000000000
core   0: 0x0000000080005b0a (0x86e08713) addi    a4, ra, -1938
core   0: 1 0x0000000080005b0a (0x86e08713) x14 0x000000000000006d
core   0: 0x0000000080005b0e (0xa39f8cd3) fle.d   s9, ft11, fs9
core   0: 1 0x0000000080005b0e (0xa39f8cd3) c1_fflags 0x000000000000001f x25 0x0000000000000000
core   0: 0x0000000080005b12 (0xc2287d53) fcvt.l.d s10, fa6
core   0: 1 0x0000000080005b12 (0xc2287d53) x26 0x0000000000000000
core   0: 0x0000000080005b16 (0x005d70b3) and     ra, s10, t0
core   0: 1 0x0000000080005b16 (0x005d70b3) x1  0x0000000000000000
core   0: 0x0000000080005b1a (0x84081697) auipc   a3, 0x84081
core   0: 1 0x0000000080005b1a (0x84081697) x13 0x0000000004086b1a
core   0: 0x0000000080005b1e (0x0ff0000f) fence   iorw,iorw
core   0: 1 0x0000000080005b1e (0x0ff0000f)
core   0: 0x0000000080005b22 (0x001028f3) csrrs   a7, fflags, zero
core   0: 1 0x0000000080005b22 (0x001028f3) x17 0x000000000000001f
core   0: 0x0000000080005b26 (0x0ff0000f) fence   iorw,iorw
core   0: 1 0x0000000080005b26 (0x0ff0000f)
core   0: 0x0000000080005b2a (0x69c9d697) auipc   a3, 0x69c9d
core   0: 1 0x0000000080005b2a (0x69c9d697) x13 0x00000000e9ca2b2a
core   0: 0x0000000080005b2e (0x035a80bb) mulw    ra, s5, s5
core   0: 1 0x0000000080005b2e (0x035a80bb) x1  0x0000000000000001
core   0: 0x0000000080005b32 (0x009a143b) sllw    s0, s4, s1
core   0: 1 0x0000000080005b32 (0x009a143b) x8  0x0000000000000000
core   0: 0x0000000080005b36 (0x000e0c3b) addw    s8, t3, zero
core   0: 1 0x0000000080005b36 (0x000e0c3b) x24 0x000000000000001f
core   0: 0x0000000080005b3a (0x2f2c2713) slti    a4, s8, 754
core   0: 1 0x0000000080005b3a (0x2f2c2713) x14 0x0000000000000001
core   0: 0x0000000080005b3e (0x7aecfc37) lui     s8, 0x7aecf
core   0: 1 0x0000000080005b3e (0x7aecfc37) x24 0x000000007aecf000
core   0: 0x0000000080005b42 (0x013014b3) sll     s1, zero, s3
core   0: 1 0x0000000080005b42 (0x013014b3) x9  0x0000000000000000
core   0: 0x0000000080005b46 (0x035c7ad3) fadd.d  fs5, fs8, fs5
core   0: 1 0x0000000080005b46 (0x035c7ad3) f21 0x7ff8000000000000
core   0: 0x0000000080005b4a (0x00001d9b) slliw   s11, zero, 0
core   0: 1 0x0000000080005b4a (0x00001d9b) x27 0x0000000000000000
core   0: 0x0000000080005b4e (0x0110953b) sllw    a0, ra, a7
core   0: 1 0x0000000080005b4e (0x0110953b) x10 0xffffffff80000000
core   0: 0x0000000080005b52 (0xc21c7353) fcvt.wu.d t1, fs8
core   0: 1 0x0000000080005b52 (0xc21c7353) c1_fflags 0x000000000000001f x6  0x0000000000000000
core   0: 0x0000000080005b56 (0x019d153b) sllw    a0, s10, s9
core   0: 1 0x0000000080005b56 (0x019d153b) x10 0x0000000000000000
core   0: 0x0000000080005b5a (0x00009462) c.add   s0, s8
core   0: 1 0x0000000080005b5a (0x9462) x8  0x000000007aecf000
core   0: 0x0000000080005b5c (0x0b527353) fsub.d  ft6, ft4, fs5
core   0: 1 0x0000000080005b5c (0x0b527353) f6  0x7ff8000000000000
core   0: 0x0000000080005b60 (0x01b529b3) slt     s3, a0, s11
core   0: 1 0x0000000080005b60 (0x01b529b3) x19 0x0000000000000000
core   0: 0x0000000080005b64 (0xc20272d3) fcvt.w.d t0, ft4
core   0: 1 0x0000000080005b64 (0xc20272d3) c1_fflags 0x000000000000001f x5  0x000000007fffffff
core   0: 0x0000000080005b68 (0x000a1a13) slli    s4, s4, 0
core   0: 1 0x0000000080005b68 (0x000a1a13) x20 0x0000000000000800
core   0: 0x0000000080005b6c (0x00000001) c.nop
core   0: 1 0x0000000080005b6c (0x0001)
core   0: 0x0000000080005b6e (0xf137baf3) csrrc   s5, mimpid, a5
core   0: exception trap_illegal_instruction, epc 0x0000000080005b6e
core   0:           tval 0x00000000f137baf3
core   0: >>>>  $xrv64i2p1_m2p0_a2p1_f2p2_d2p2_zicsr2p0_zifencei2p0_zmmul1p0_zba1p0_zbb1p0_zbc1p0_zbs1p0
core   0: 0x0000000080004000 (0x0080006f) j       pc + 0x8
core   0: 3 0x0000000080004000 (0x0080006f)
core   0: >>>>  mmode_exception_handler
core   0: 0x0000000080004008 (0x00002c17) auipc   s8, 0x2
core   0: 3 0x0000000080004008 (0x00002c17) x24 0x0000000080006008
core   0: 0x000000008000400c (0x0d8c0c13) addi    s8, s8, 216
core   0: 3 0x000000008000400c (0x0d8c0c13) x24 0x00000000800060e0
core   0: 0x0000000080004010 (0x000c00e7) jalr    s8
core   0: 3 0x0000000080004010 (0x000c00e7) x1  0x0000000080004014
core   0: >>>>  any_handler
core   0: 0x00000000800060e0 (0x341027f3) csrrs   a5, mepc, zero
core   0: 3 0x00000000800060e0 (0x341027f3) x15 0x0000000080005b6e
core   0: 0x00000000800060e4 (0x34202773) csrrs   a4, mcause, zero
core   0: 3 0x00000000800060e4 (0x34202773) x14 0x0000000000000002
core   0: 0x00000000800060e8 (0x142026f3) csrrs   a3, scause, zero
core   0: 3 0x00000000800060e8 (0x142026f3) x13 0x0000000000000001
core   0: 0x00000000800060ec (0x30402673) csrrs   a2, mie, zero
core   0: 3 0x00000000800060ec (0x30402673) x12 0x0000000000000a00
core   0: 0x00000000800060f0 (0x344025f3) csrrs   a1, mip, zero
core   0: 3 0x00000000800060f0 (0x344025f3) x11 0x0000000000000080
core   0: 0x00000000800060f4 (0x343025f3) csrrs   a1, mtval, zero
core   0: 3 0x00000000800060f4 (0x343025f3) x11 0x00000000f137baf3
core   0: 0x00000000800060f8 (0x14302573) csrrs   a0, stval, zero
core   0: 3 0x00000000800060f8 (0x14302573) x10 0x0000000000000000
core   0: 0x00000000800060fc (0xb02024f3) csrrs   s1, minstret, zero
core   0: 3 0x00000000800060fc (0xb02024f3) x9  0x00000000000010ec
core   0: 0x0000000080006100 (0x0000a811) c.j     pc + 20
core   0: 3 0x0000000080006100 (0xa811)
core   0: >>>>  mepc_4
core   0: 0x0000000080006114 (0x00000791) c.addi  a5, 4
core   0: 3 0x0000000080006114 (0x0791) x15 0x0000000080005b72
core   0: 0x0000000080006116 (0x34179073) csrrw   zero, mepc, a5
core   0: 3 0x0000000080006116 (0x34179073) c833_mepc 0x0000000080005b72
core   0: 0x000000008000611a (0x30200073) mret
core   0: 3 0x000000008000611a (0x30200073) c768_mstatus 0x8000000a00106080
core   0: 0x0000000080005b72 (0x0123d63b) srlw    a2, t2, s2
core   0: 1 0x0000000080005b72 (0x0123d63b) x12 0x0000000000000000
core   0: 0x0000000080005b76 (0xc03c77d3) fcvt.lu.s a5, fs8
core   0: 1 0x0000000080005b76 (0xc03c77d3) c1_fflags 0x000000000000001f x15 0xffffffffffffffff
core   0: 0x0000000080005b7a (0xc22af853) fcvt.l.d a6, fs5
core   0: 1 0x0000000080005b7a (0xc22af853) c1_fflags 0x000000000000001f x16 0x7fffffffffffffff
core   0: 0x0000000080005b7e (0xe20a1bd3) fclass.d s7, fs4
core   0: 1 0x0000000080005b7e (0xe20a1bd3) x23 0x0000000000000200
core   0: 0x0000000080005b82 (0xa3837a47) fmsub.d fs4, ft6, fs8, fs4
core   0: 1 0x0000000080005b82 (0xa3837a47) f20 0x7ff8000000000000
core   0: 0x0000000080005b86 (0x03f6d713) srli    a4, a3, 63
core   0: 1 0x0000000080005b86 (0x03f6d713) x14 0x0000000000000000
core   0: 0x0000000080005b8a (0x0346d83b) divuw   a6, a3, s4
core   0: 1 0x0000000080005b8a (0x0346d83b) x16 0x0000000000000000
core   0: 0x0000000080005b8e (0x4000d993) srai    s3, ra, 0
core   0: 1 0x0000000080005b8e (0x4000d993) x19 0x0000000080004014
core   0: 0x0000000080005b92 (0xc22a77d3) fcvt.l.d a5, fs4
core   0: 1 0x0000000080005b92 (0xc22a77d3) c1_fflags 0x000000000000001f x15 0x7fffffffffffffff
core   0: 0x0000000080005b96 (0x0246593b) divuw   s2, a2, tp
core   0: 1 0x0000000080005b96 (0x0246593b) x18 0xffffffffffffffff
core   0: 0x0000000080005b9a (0x0ff0000f) fence   iorw,iorw
core   0: 1 0x0000000080005b9a (0x0ff0000f)
core   0: 0x0000000080005b9e (0x0120a0b3) slt     ra, ra, s2
core   0: 1 0x0000000080005b9e (0x0120a0b3) x1  0x0000000000000000
core   0: 0x0000000080005ba2 (0x039d1cb3) mulh    s9, s10, s9
core   0: 1 0x0000000080005ba2 (0x039d1cb3) x25 0x0000000000000000
core   0: 0x0000000080005ba6 (0x000c971b) slliw   a4, s9, 0
core   0: 1 0x0000000080005ba6 (0x000c971b) x14 0x0000000000000000
core   0: 0x0000000080005baa (0xc813a573) csrrs   a0, timeh, t2
core   0: exception trap_illegal_instruction, epc 0x0000000080005baa
core   0:           tval 0x00000000c813a573
core   0: >>>>  $xrv64i2p1_m2p0_a2p1_f2p2_d2p2_zicsr2p0_zifencei2p0_zmmul1p0_zba1p0_zbb1p0_zbc1p0_zbs1p0
core   0: 0x0000000080004000 (0x0080006f) j       pc + 0x8
core   0: 3 0x0000000080004000 (0x0080006f)
core   0: >>>>  mmode_exception_handler
core   0: 0x0000000080004008 (0x00002c17) auipc   s8, 0x2
core   0: 3 0x0000000080004008 (0x00002c17) x24 0x0000000080006008
core   0: 0x000000008000400c (0x0d8c0c13) addi    s8, s8, 216
core   0: 3 0x000000008000400c (0x0d8c0c13) x24 0x00000000800060e0
core   0: 0x0000000080004010 (0x000c00e7) jalr    s8
core   0: 3 0x0000000080004010 (0x000c00e7) x1  0x0000000080004014
core   0: >>>>  any_handler
core   0: 0x00000000800060e0 (0x341027f3) csrrs   a5, mepc, zero
core   0: 3 0x00000000800060e0 (0x341027f3) x15 0x0000000080005baa
core   0: 0x00000000800060e4 (0x34202773) csrrs   a4, mcause, zero
core   0: 3 0x00000000800060e4 (0x34202773) x14 0x0000000000000002
core   0: 0x00000000800060e8 (0x142026f3) csrrs   a3, scause, zero
core   0: 3 0x00000000800060e8 (0x142026f3) x13 0x0000000000000001
core   0: 0x00000000800060ec (0x30402673) csrrs   a2, mie, zero
core   0: 3 0x00000000800060ec (0x30402673) x12 0x0000000000000a00
core   0: 0x00000000800060f0 (0x344025f3) csrrs   a1, mip, zero
core   0: 3 0x00000000800060f0 (0x344025f3) x11 0x0000000000000080
core   0: 0x00000000800060f4 (0x343025f3) csrrs   a1, mtval, zero
core   0: 3 0x00000000800060f4 (0x343025f3) x11 0x00000000c813a573
core   0: 0x00000000800060f8 (0x14302573) csrrs   a0, stval, zero
core   0: 3 0x00000000800060f8 (0x14302573) x10 0x0000000000000000
core   0: 0x00000000800060fc (0xb02024f3) csrrs   s1, minstret, zero
core   0: 3 0x00000000800060fc (0xb02024f3) x9  0x000000000000110a
core   0: 0x0000000080006100 (0x0000a811) c.j     pc + 20
core   0: 3 0x0000000080006100 (0xa811)
core   0: >>>>  mepc_4
core   0: 0x0000000080006114 (0x00000791) c.addi  a5, 4
core   0: 3 0x0000000080006114 (0x0791) x15 0x0000000080005bae
core   0: 0x0000000080006116 (0x34179073) csrrw   zero, mepc, a5
core   0: 3 0x0000000080006116 (0x34179073) c833_mepc 0x0000000080005bae
core   0: 0x000000008000611a (0x30200073) mret
core   0: 3 0x000000008000611a (0x30200073) c768_mstatus 0x8000000a00106080
core   0: 0x0000000080005bae (0x037e5233) divu    tp, t3, s7
core   0: 1 0x0000000080005bae (0x037e5233) x4  0x0000000000000000
core   0: 0x0000000080005bb2 (0xc22a7553) fcvt.l.d a0, fs4
core   0: 1 0x0000000080005bb2 (0xc22a7553) c1_fflags 0x000000000000001f x10 0x7fffffffffffffff
core   0: 0x0000000080005bb6 (0x03437653) fadd.d  fa2, ft6, fs4
core   0: 1 0x0000000080005bb6 (0x03437653) f12 0x7ff8000000000000
core   0: 0x0000000080005bba (0xab9a7947) fmsub.d fs2, fs4, fs9, fs5
core   0: 1 0x0000000080005bba (0xab9a7947) f18 0x7ff8000000000000
core   0: 0x0000000080005bbe (0x024dfdb3) remu    s11, s11, tp
core   0: 1 0x0000000080005bbe (0x024dfdb3) x27 0x0000000000000000
core   0: 0x0000000080005bc2 (0x03f1d793) srli    a5, gp, 63
core   0: 1 0x0000000080005bc2 (0x03f1d793) x15 0x0000000000000000
core   0: 0x0000000080005bc6 (0x0169d913) srli    s2, s3, 22
core   0: 1 0x0000000080005bc6 (0x0169d913) x18 0x0000000000000200
core   0: 0x0000000080005bca (0x41da86bb) subw    a3, s5, t4
core   0: 1 0x0000000080005bca (0x41da86bb) x13 0xffffffffffffffff
core   0: 0x0000000080005bce (0x2b2289d3) fmin.d  fs3, ft5, fs2
core   0: 1 0x0000000080005bce (0x2b2289d3) f19 0x0000000000000004
core   0: 0x0000000080005bd2 (0xfe840b37) lui     s6, 0xfe840
core   0: 1 0x0000000080005bd2 (0xfe840b37) x22 0xfffffffffe840000
core   0: 0x0000000080005bd6 (0xd2db0b1b) addiw   s6, s6, -723
core   0: 1 0x0000000080005bd6 (0xd2db0b1b) x22 0xfffffffffe83fd2d
core   0: 0x0000000080005bda (0x00000b32) c.slli  s6, 12
core   0: 1 0x0000000080005bda (0x0b32) x22 0xffffffe83fd2d000
core   0: 0x0000000080005bdc (0x25cb0b13) addi    s6, s6, 604
core   0: 1 0x0000000080005bdc (0x25cb0b13) x22 0xffffffe83fd2d25c
core   0: 0x0000000080005be0 (0x02d690b3) mulh    ra, a3, a3
core   0: 1 0x0000000080005be0 (0x02d690b3) x1  0x0000000000000000
core   0: 0x0000000080005be4 (0x4276d593) srai    a1, a3, 39
core   0: 1 0x0000000080005be4 (0x4276d593) x11 0xffffffffffffffff
core   0: 0x0000000080005be8 (0x0c049c37) lui     s8, 0xc049
core   0: 1 0x0000000080005be8 (0x0c049c37) x24 0x000000000c049000
core   0: 0x0000000080005bec (0x00121c73) csrrw   s8, fflags, tp
core   0: 1 0x0000000080005bec (0x00121c73) x24 0x000000000000001f c1_fflags 0x0000000000000000
core   0: 0x0000000080005bf0 (0x03290933) mul     s2, s2, s2
core   0: 1 0x0000000080005bf0 (0x03290933) x18 0x0000000000040000
core   0: 0x0000000080005bf4 (0x9e078593) addi    a1, a5, -1568
core   0: 1 0x0000000080005bf4 (0x9e078593) x11 0xfffffffffffff9e0
core   0: 0x0000000080005bf8 (0x0002191b) slliw   s2, tp, 0
core   0: 1 0x0000000080005bf8 (0x0002191b) x18 0x0000000000000000
core   0: 0x0000000080005bfc (0x40b906bb) subw    a3, s2, a1
core   0: 1 0x0000000080005bfc (0x40b906bb) x13 0x0000000000000620
core   0: 0x0000000080005c00 (0x02d6d7b3) divu    a5, a3, a3
core   0: 1 0x0000000080005c00 (0x02d6d7b3) x15 0x0000000000000001
core   0: 0x0000000080005c04 (0x5a0ef453) fsqrt.d fs0, ft9
core   0: 1 0x0000000080005c04 (0x5a0ef453) f8  0x0000000000000000
core   0: 0x0000000080005c08 (0x036902bb) mulw    t0, s2, s6
core   0: 1 0x0000000080005c08 (0x036902bb) x5  0x0000000000000000
core   0: 0x0000000080005c0c (0x12ff7a53) fmul.d  fs4, ft10, fa5
core   0: 1 0x0000000080005c0c (0x12ff7a53) f20 0x7ff8000000000000
core   0: 0x0000000080005c10 (0xd022fb53) fcvt.s.l fs6, t0
core   0: 1 0x0000000080005c10 (0xd022fb53) f22 0xffffffff00000000
core   0: 0x0000000080005c14 (0x0000940a) c.add   s0, sp
core   0: 1 0x0000000080005c14 (0x940a) x8  0x000000007aecf000
core   0: 0x0000000080005c16 (0x00c5dd1b) srliw   s10, a1, 12
core   0: 1 0x0000000080005c16 (0x00c5dd1b) x26 0x00000000000fffff
core   0: 0x0000000080005c1a (0x41f4549b) sraiw   s1, s0, 31
core   0: 1 0x0000000080005c1a (0x41f4549b) x9  0x0000000000000000
core   0: 0x0000000080005c1e (0xd61d891b) addiw   s2, s11, -671
core   0: 1 0x0000000080005c1e (0xd61d891b) x18 0xfffffffffffffd61
core   0: 0x0000000080005c22 (0x2bc29ad3) fmax.d  fs5, ft5, ft8
core   0: 1 0x0000000080005c22 (0x2bc29ad3) f21 0x0000000000000004
core   0: 0x0000000080005c26 (0xfd2afb37) lui     s6, 0xfd2af
core   0: 1 0x0000000080005c26 (0xfd2afb37) x22 0xfffffffffd2af000
core   0: 0x0000000080005c2a (0x7ffb0b1b) addiw   s6, s6, 2047
core   0: 1 0x0000000080005c2a (0x7ffb0b1b) x22 0xfffffffffd2af7ff
core   0: 0x0000000080005c2e (0x00000b32) c.slli  s6, 12
core   0: 1 0x0000000080005c2e (0x0b32) x22 0xffffffd2af7ff000
core   0: 0x0000000080005c30 (0x522b0b13) addi    s6, s6, 1314
core   0: 1 0x0000000080005c30 (0x522b0b13) x22 0xffffffd2af7ff522
core   0: 0x0000000080005c34 (0x0093a4b3) slt     s1, t2, s1
core   0: 1 0x0000000080005c34 (0x0093a4b3) x9  0x0000000000000000
core   0: 0x0000000080005c38 (0x40725e3b) sraw    t3, tp, t2
core   0: 1 0x0000000080005c38 (0x40725e3b) x28 0x0000000000000000
core   0: 0x0000000080005c3c (0x001696f3) csrrw   a3, fflags, a3
core   0: 1 0x0000000080005c3c (0x001696f3) x13 0x0000000000000000 c1_fflags 0x0000000000000000
core   0: 0x0000000080005c40 (0x02dd4d3b) divw    s10, s10, a3
core   0: 1 0x0000000080005c40 (0x02dd4d3b) x26 0xffffffffffffffff
core   0: 0x0000000080005c44 (0x2a1f0bd3) fmin.d  fs7, ft10, ft1
core   0: 1 0x0000000080005c44 (0x2a1f0bd3) f23 0x7ff8000000000000
core   0: 0x0000000080005c48 (0xd2168fd3) fcvt.d.wu ft11, a3
core   0: 1 0x0000000080005c48 (0xd2168fd3) f31 0x0000000000000000
core   0: 0x0000000080005c4c (0x00000001) c.nop
core   0: 1 0x0000000080005c4c (0x0001)
core   0: 0x0000000080005c4e (0x02ad7c33) remu    s8, s10, a0
core   0: 1 0x0000000080005c4e (0x02ad7c33) x24 0x0000000000000001
core   0: 0x0000000080005c52 (0xc202fe53) fcvt.w.d t3, ft5
core   0: 1 0x0000000080005c52 (0xc202fe53) c1_fflags 0x0000000000000001 x28 0x0000000000000000
core   0: 0x0000000080005c56 (0x00000001) c.nop
core   0: 1 0x0000000080005c56 (0x0001)
core   0: 0x0000000080005c58 (0x00000001) c.nop
core   0: 1 0x0000000080005c58 (0x0001)
core   0: 0x0000000080005c5a (0xc37876c3) fmadd.d fa3, fa6, fs7, fs8
core   0: 1 0x0000000080005c5a (0xc37876c3) f13 0x7ff8000000000000
core   0: 0x0000000080005c5e (0x4006dc1b) sraiw   s8, a3, 0
core   0: 1 0x0000000080005c5e (0x4006dc1b) x24 0x0000000000000000
core   0: 0x0000000080005c62 (0x02c6c63b) divw    a2, a3, a2
core   0: 1 0x0000000080005c62 (0x02c6c63b) x12 0x0000000000000000
core   0: 0x0000000080005c66 (0xd20e04d3) fcvt.d.w fs1, t3
core   0: 1 0x0000000080005c66 (0xd20e04d3) f9  0x0000000000000000
core   0: 0x0000000080005c6a (0xc235f353) fcvt.lu.d t1, fa1
core   0: 1 0x0000000080005c6a (0xc235f353) c1_fflags 0x0000000000000011 x6  0xffffffffffffffff
core   0: 0x0000000080005c6e (0x02303133) mulhu   sp, zero, gp
core   0: 1 0x0000000080005c6e (0x02303133) x2  0x0000000000000000
core   0: 0x0000000080005c72 (0x00008e45) c.or    a2, s1
core   0: 1 0x0000000080005c72 (0x8e45) x12 0x0000000000000000
core   0: 0x0000000080005c74 (0x0018079b) addiw   a5, a6, 1
core   0: 1 0x0000000080005c74 (0x0018079b) x15 0x0000000000000001
core   0: 0x0000000080005c78 (0x8000001b) addiw   zero, zero, -2048
core   0: 1 0x0000000080005c78 (0x8000001b)
core   0: 0x0000000080005c7c (0x0157dab3) srl     s5, a5, s5
core   0: 1 0x0000000080005c7c (0x0157dab3) x21 0x0000000000000000
core   0: 0x0000000080005c80 (0x4014f8d3) fcvt.s.d fa7, fs1
core   0: 1 0x0000000080005c80 (0x4014f8d3) f17 0xffffffff00000000
core   0: 0x0000000080005c84 (0x033e7ed3) fadd.d  ft9, ft8, fs3
core   0: 1 0x0000000080005c84 (0x033e7ed3) f29 0x7ff8000000000000
core   0: 0x0000000080005c88 (0x1345f0d3) fmul.d  ft1, fa1, fs4
core   0: 1 0x0000000080005c88 (0x1345f0d3) f1  0x7ff8000000000000
core   0: 0x0000000080005c8c (0x00107713) andi    a4, zero, 1
core   0: 1 0x0000000080005c8c (0x00107713) x14 0x0000000000000000
core   0: 0x0000000080005c90 (0x230c19d3) fsgnjn.d fs3, fs8, fa6
core   0: 1 0x0000000080005c90 (0x230c19d3) f19 0xbdf0000000000000
core   0: 0x0000000080005c94 (0xc2187ccb) fnmsub.d fs9, fa6, ft1, fs8
core   0: 1 0x0000000080005c94 (0xc2187ccb) f25 0x7ff8000000000000
core   0: 0x0000000080005c98 (0xc23cfbd3) fcvt.lu.d s7, fs9
core   0: 1 0x0000000080005c98 (0xc23cfbd3) c1_fflags 0x0000000000000011 x23 0xffffffffffffffff
core   0: 0x0000000080005c9c (0x9a948a9b) addiw   s5, s1, -1623
core   0: 1 0x0000000080005c9c (0x9a948a9b) x21 0xfffffffffffff9a9
core   0: 0x0000000080005ca0 (0x024bf7b3) remu    a5, s7, tp
core   0: 1 0x0000000080005ca0 (0x024bf7b3) x15 0xffffffffffffffff
core   0: 0x0000000080005ca4 (0x41f2599b) sraiw   s3, tp, 31
core   0: 1 0x0000000080005ca4 (0x41f2599b) x19 0x0000000000000000
core   0: 0x0000000080005ca8 (0x01f7d41b) srliw   s0, a5, 31
core   0: 1 0x0000000080005ca8 (0x01f7d41b) x8  0x0000000000000001
core   0: 0x0000000080005cac (0xf20e8253) fmv.d.x ft4, t4
core   0: 1 0x0000000080005cac (0xf20e8253) f4  0x0000000000000000
core   0: 0x0000000080005cb0 (0x00000001) c.nop
core   0: 1 0x0000000080005cb0 (0x0001)
core   0: 0x0000000080005cb2 (0x0076179b) slliw   a5, a2, 7
core   0: 1 0x0000000080005cb2 (0x0076179b) x15 0x0000000000000000
core   0: 0x0000000080005cb6 (0x2a4891d3) fmax.d  ft3, fa7, ft4
core   0: 1 0x0000000080005cb6 (0x2a4891d3) f3  0x0000000000000000
core   0: 0x0000000080005cba (0x91f74393) xori    t2, a4, -1761
core   0: 1 0x0000000080005cba (0x91f74393) x7  0xfffffffffffff91f
core   0: 0x0000000080005cbe (0x01c889bb) addw    s3, a7, t3
core   0: 1 0x0000000080005cbe (0x01c889bb) x19 0x000000000000001f
core   0: 0x0000000080005cc2 (0x82a87447) fmsub.d fs0, fa6, fa0, fa6
core   0: 1 0x0000000080005cc2 (0x82a87447) f8  0x7ff8000000000000
core   0: 0x0000000080005cc6 (0x41acdc3b) sraw    s8, s9, s10
core   0: 1 0x0000000080005cc6 (0x41acdc3b) x24 0x0000000000000000
core   0: 0x0000000080005cca (0x547c2e17) auipc   t3, 0x547c2
core   0: 1 0x0000000080005cca (0x547c2e17) x28 0x00000000d47c7cca
core   0: 0x0000000080005cce (0xd21985d3) fcvt.d.wu fa1, s3
core   0: 1 0x0000000080005cce (0xd21985d3) f11 0x403f000000000000
core   0: 0x0000000080005cd2 (0x01cc1733) sll     a4, s8, t3
core   0: 1 0x0000000080005cd2 (0x01cc1733) x14 0x0000000000000000
core   0: 0x0000000080005cd6 (0x0aa5fb53) fsub.d  fs6, fa1, fa0
core   0: 1 0x0000000080005cd6 (0x0aa5fb53) f22 0x7ff8000000000000
core   0: 0x0000000080005cda (0x00000001) c.nop
core   0: 1 0x0000000080005cda (0x0001)
core   0: 0x0000000080005cdc (0x03fdd293) srli    t0, s11, 63
core   0: 1 0x0000000080005cdc (0x03fdd293) x5  0x0000000000000000
core   0: 0x0000000080005ce0 (0x01228b3b) addw    s6, t0, s2
core   0: 1 0x0000000080005ce0 (0x01228b3b) x22 0xfffffffffffffd61
core   0: 0x0000000080005ce4 (0x41828c3b) subw    s8, t0, s8
core   0: 1 0x0000000080005ce4 (0x41828c3b) x24 0x0000000000000000
core   0: 0x0000000080005ce8 (0x006cd33b) srlw    t1, s9, t1
core   0: 1 0x0000000080005ce8 (0x006cd33b) x6  0x0000000000000000
core   0: 0x0000000080005cec (0x031c4e3b) divw    t3, s8, a7
core   0: 1 0x0000000080005cec (0x031c4e3b) x28 0x0000000000000000
core   0: 0x0000000080005cf0 (0xd22e78d3) fcvt.d.l fa7, t3
core   0: 1 0x0000000080005cf0 (0xd22e78d3) f17 0x0000000000000000
core   0: 0x0000000080005cf4 (0xd21d8c53) fcvt.d.wu fs8, s11
core   0: 1 0x0000000080005cf4 (0xd21d8c53) f24 0x0000000000000000
core   0: 0x0000000080005cf8 (0x4069591b) sraiw   s2, s2, 6
core   0: 1 0x0000000080005cf8 (0x4069591b) x18 0xfffffffffffffff5
core   0: 0x0000000080005cfc (0x3b5957b7) lui     a5, 0x3b595
core   0: 1 0x0000000080005cfc (0x3b5957b7) x15 0x000000003b595000
core   0: 0x0000000080005d00 (0x00f92db3) slt     s11, s2, a5
core   0: 1 0x0000000080005d00 (0x00f92db3) x27 0x0000000000000001
core   0: 0x0000000080005d04 (0x40d082bb) subw    t0, ra, a3
core   0: 1 0x0000000080005d04 (0x40d082bb) x5  0x0000000000000000
core   0: 0x0000000080005d08 (0xfffef413) andi    s0, t4, -1
core   0: 1 0x0000000080005d08 (0xfffef413) x8  0x0000000000000000
core   0: 0x0000000080005d0c (0x0ff0000f) fence   iorw,iorw
core   0: 1 0x0000000080005d0c (0x0ff0000f)
core   0: 0x0000000080005d10 (0x013c97b3) sll     a5, s9, s3
core   0: 1 0x0000000080005d10 (0x013c97b3) x15 0x0000000000000000
core   0: 0x0000000080005d14 (0x23ec1fd3) fsgnjn.d ft11, fs8, ft10
core   0: 1 0x0000000080005d14 (0x23ec1fd3) f31 0x8000000000000000
core   0: 0x0000000080005d18 (0x01fe949b) slliw   s1, t4, 31
core   0: 1 0x0000000080005d18 (0x01fe949b) x9  0x0000000000000000
core   0: 0x0000000080005d1c (0x009b8dbb) addw    s11, s7, s1
core   0: 1 0x0000000080005d1c (0x009b8dbb) x27 0xffffffffffffffff
core   0: 0x0000000080005d20 (0x02329993) slli    s3, t0, 35
core   0: 1 0x0000000080005d20 (0x02329993) x19 0x0000000000000000
core   0: 0x0000000080005d24 (0x0bf4fed3) fsub.d  ft9, fs1, ft11
core   0: 1 0x0000000080005d24 (0x0bf4fed3) f29 0x0000000000000000
core   0: 0x0000000080005d28 (0x01509cb3) sll     s9, ra, s5
core   0: 1 0x0000000080005d28 (0x01509cb3) x25 0x0000000000000000
core   0: 0x0000000080005d2c (0x7b565337) lui     t1, 0x7b565
core   0: 1 0x0000000080005d2c (0x7b565337) x6  0x000000007b565000
core   0: 0x0000000080005d30 (0x02a9fd33) remu    s10, s3, a0
core   0: 1 0x0000000080005d30 (0x02a9fd33) x26 0x0000000000000000
core   0: 0x0000000080005d34 (0x01ac94b3) sll     s1, s9, s10
core   0: 1 0x0000000080005d34 (0x01ac94b3) x9  0x0000000000000000
core   0: 0x0000000080005d38 (0x02c97633) remu    a2, s2, a2
core   0: 1 0x0000000080005d38 (0x02c97633) x12 0xfffffffffffffff5
core   0: 0x0000000080005d3c (0x5bf8f0c3) fmadd.d ft1, fa7, ft11, fa1
core   0: 1 0x0000000080005d3c (0x5bf8f0c3) f1  0x403f000000000000
core   0: 0x0000000080005d40 (0x5a0c7d53) fsqrt.d fs10, fs8
core   0: 1 0x0000000080005d40 (0x5a0c7d53) f26 0x0000000000000000
core   0: 0x0000000080005d44 (0x00b61433) sll     s0, a2, a1
core   0: 1 0x0000000080005d44 (0x00b61433) x8  0xfffffff500000000
core   0: 0x0000000080005d48 (0x320627f3) csrrs   a5, mcountinhibit, a2
core   0: exception trap_illegal_instruction, epc 0x0000000080005d48
core   0:           tval 0x00000000320627f3
core   0: >>>>  $xrv64i2p1_m2p0_a2p1_f2p2_d2p2_zicsr2p0_zifencei2p0_zmmul1p0_zba1p0_zbb1p0_zbc1p0_zbs1p0
core   0: 0x0000000080004000 (0x0080006f) j       pc + 0x8
core   0: 3 0x0000000080004000 (0x0080006f)
core   0: >>>>  mmode_exception_handler
core   0: 0x0000000080004008 (0x00002c17) auipc   s8, 0x2
core   0: 3 0x0000000080004008 (0x00002c17) x24 0x0000000080006008
core   0: 0x000000008000400c (0x0d8c0c13) addi    s8, s8, 216
core   0: 3 0x000000008000400c (0x0d8c0c13) x24 0x00000000800060e0
core   0: 0x0000000080004010 (0x000c00e7) jalr    s8
core   0: 3 0x0000000080004010 (0x000c00e7) x1  0x0000000080004014
core   0: >>>>  any_handler
core   0: 0x00000000800060e0 (0x341027f3) csrrs   a5, mepc, zero
core   0: 3 0x00000000800060e0 (0x341027f3) x15 0x0000000080005d48
core   0: 0x00000000800060e4 (0x34202773) csrrs   a4, mcause, zero
core   0: 3 0x00000000800060e4 (0x34202773) x14 0x0000000000000002
core   0: 0x00000000800060e8 (0x142026f3) csrrs   a3, scause, zero
core   0: 3 0x00000000800060e8 (0x142026f3) x13 0x0000000000000001
core   0: 0x00000000800060ec (0x30402673) csrrs   a2, mie, zero
core   0: 3 0x00000000800060ec (0x30402673) x12 0x0000000000000a00
core   0: 0x00000000800060f0 (0x344025f3) csrrs   a1, mip, zero
core   0: 3 0x00000000800060f0 (0x344025f3) x11 0x0000000000000080
core   0: 0x00000000800060f4 (0x343025f3) csrrs   a1, mtval, zero
core   0: 3 0x00000000800060f4 (0x343025f3) x11 0x00000000320627f3
core   0: 0x00000000800060f8 (0x14302573) csrrs   a0, stval, zero
core   0: 3 0x00000000800060f8 (0x14302573) x10 0x0000000000000000
core   0: 0x00000000800060fc (0xb02024f3) csrrs   s1, minstret, zero
core   0: 3 0x00000000800060fc (0xb02024f3) x9  0x0000000000001185
core   0: 0x0000000080006100 (0x0000a811) c.j     pc + 20
core   0: 3 0x0000000080006100 (0xa811)
core   0: >>>>  mepc_4
core   0: 0x0000000080006114 (0x00000791) c.addi  a5, 4
core   0: 3 0x0000000080006114 (0x0791) x15 0x0000000080005d4c
core   0: 0x0000000080006116 (0x34179073) csrrw   zero, mepc, a5
core   0: 3 0x0000000080006116 (0x34179073) c833_mepc 0x0000000080005d4c
core   0: 0x000000008000611a (0x30200073) mret
core   0: 3 0x000000008000611a (0x30200073) c768_mstatus 0x8000000a00106080
core   0: 0x0000000080005d4c (0xc03afa53) fcvt.lu.s s4, fs5
core   0: 1 0x0000000080005d4c (0xc03afa53) c1_fflags 0x0000000000000011 x20 0xffffffffffffffff
core   0: 0x0000000080005d50 (0x0108d11b) srliw   sp, a7, 16
core   0: 1 0x0000000080005d50 (0x0108d11b) x2  0x0000000000000000
core   0: 0x0000000080005d54 (0x2d640e1b) addiw   t3, s0, 726
core   0: 1 0x0000000080005d54 (0x2d640e1b) x28 0x00000000000002d6
core   0: 0x0000000080005d58 (0x021cff53) fadd.d  ft10, fs9, ft1
core   0: 1 0x0000000080005d58 (0x021cff53) f30 0x7ff8000000000000
core   0: 0x0000000080005d5c (0x420f8fd3) fcvt.d.s ft11, ft11
core   0: 1 0x0000000080005d5c (0x420f8fd3) f31 0x7ff8000000000000
core   0: 0x0000000080005d60 (0x02a07c53) fadd.d  fs8, ft0, fa0
core   0: 1 0x0000000080005d60 (0x02a07c53) f24 0x7ff8000000000000
core   0: 0x0000000080005d64 (0x002022f3) csrrs   t0, frm, zero
core   0: 1 0x0000000080005d64 (0x002022f3) x5  0x0000000000000000
core   0: 0x0000000080005d68 (0x0105043b) addw    s0, a0, a6
core   0: 1 0x0000000080005d68 (0x0105043b) x8  0x0000000000000000
core   0: 0x0000000080005d6c (0x03f45d13) srli    s10, s0, 63
core   0: 1 0x0000000080005d6c (0x03f45d13) x26 0x0000000000000000
core   0: 0x0000000080005d70 (0x00129513) slli    a0, t0, 1
core   0: 1 0x0000000080005d70 (0x00129513) x10 0x0000000000000000
core   0: 0x0000000080005d74 (0x031b28b3) mulhsu  a7, s6, a7
core   0: 1 0x0000000080005d74 (0x031b28b3) x17 0xffffffffffffffff
core   0: 0x0000000080005d78 (0x7ff9091b) addiw   s2, s2, 2047
core   0: 1 0x0000000080005d78 (0x7ff9091b) x18 0x00000000000007f4
core   0: 0x0000000080005d7c (0x032ddcbb) divuw   s9, s11, s2
core   0: 1 0x0000000080005d7c (0x032ddcbb) x25 0x0000000000203048
core   0: 0x0000000080005d80 (0xa27fa653) feq.d   a2, ft11, ft7
core   0: 1 0x0000000080005d80 (0xa27fa653) x12 0x0000000000000000
core   0: 0x0000000080005d84 (0xe20c0753) fmv.x.d a4, fs8
core   0: 1 0x0000000080005d84 (0xe20c0753) x14 0x7ff8000000000000
core   0: 0x0000000080005d88 (0x1b62f2d3) fdiv.d  ft5, ft5, fs6
core   0: 1 0x0000000080005d88 (0x1b62f2d3) f5  0x7ff8000000000000
core   0: 0x0000000080005d8c (0x02e075bb) remuw   a1, zero, a4
core   0: 1 0x0000000080005d8c (0x02e075bb) x11 0x0000000000000000
core   0: 0x0000000080005d90 (0xd23ef353) fcvt.d.lu ft6, t4
core   0: 1 0x0000000080005d90 (0xd23ef353) f6  0x0000000000000000
core   0: 0x0000000080005d94 (0x02bce93b) remw    s2, s9, a1
core   0: 1 0x0000000080005d94 (0x02bce93b) x18 0x0000000000203048
core   0: 0x0000000080005d98 (0x014d80bb) addw    ra, s11, s4
core   0: 1 0x0000000080005d98 (0x014d80bb) x1  0xfffffffffffffffe
core   0: 0x0000000080005d9c (0x0e2a4013) xori    zero, s4, 226
core   0: 1 0x0000000080005d9c (0x0e2a4013)
core   0: 0x0000000080005da0 (0xd2028853) fcvt.d.w fa6, t0
core   0: 1 0x0000000080005da0 (0xd2028853) f16 0x0000000000000000
core   0: 0x0000000080005da4 (0x02c0ddb3) divu    s11, ra, a2
core   0: 1 0x0000000080005da4 (0x02c0ddb3) x27 0xffffffffffffffff
core   0: 0x0000000080005da8 (0x419bd63b) sraw    a2, s7, s9
core   0: 1 0x0000000080005da8 (0x419bd63b) x12 0xffffffffffffffff
core   0: 0x0000000080005dac (0x00211233) sll     tp, sp, sp
core   0: 1 0x0000000080005dac (0x00211233) x4  0x0000000000000000
core   0: 0x0000000080005db0 (0x22209753) fsgnjn.d fa4, ft1, ft2
core   0: 1 0x0000000080005db0 (0x22209753) f14 0x403f000000000000
core   0: 0x0000000080005db4 (0x00000001) c.nop
core   0: 1 0x0000000080005db4 (0x0001)
core   0: 0x0000000080005db6 (0xd03b78d3) fcvt.s.lu fa7, s6
core   0: 1 0x0000000080005db6 (0xd03b78d3) c1_fflags 0x0000000000000011 f17 0xffffffff5f800000
core   0: 0x0000000080005dba (0x1b8e7c53) fdiv.d  fs8, ft8, fs8
core   0: 1 0x0000000080005dba (0x1b8e7c53) f24 0x7ff8000000000000
core   0: 0x0000000080005dbe (0x005113b3) sll     t2, sp, t0
core   0: 1 0x0000000080005dbe (0x005113b3) x7  0x0000000000000000
core   0: 0x0000000080005dc2 (0x014286b3) add     a3, t0, s4
core   0: 1 0x0000000080005dc2 (0x014286b3) x13 0xffffffffffffffff
core   0: 0x0000000080005dc6 (0x4098db3b) sraw    s6, a7, s1
core   0: 1 0x0000000080005dc6 (0x4098db3b) x22 0xffffffffffffffff
core   0: 0x0000000080005dca (0x00000001) c.nop
core   0: 1 0x0000000080005dca (0x0001)
core   0: 0x0000000080005dcc (0x000bd01b) srliw   zero, s7, 0
core   0: 1 0x0000000080005dcc (0x000bd01b)
core   0: 0x0000000080005dd0 (0xa2c923d3) feq.d   t2, fs2, fa2
core   0: 1 0x0000000080005dd0 (0xa2c923d3) x7  0x0000000000000000
core   0: 0x0000000080005dd4 (0x401efad3) fcvt.s.d fs5, ft9
core   0: 1 0x0000000080005dd4 (0x401efad3) f21 0xffffffff00000000
core   0: 0x0000000080005dd8 (0x017b1a1b) slliw   s4, s6, 23
core   0: 1 0x0000000080005dd8 (0x017b1a1b) x20 0xffffffffff800000
core   0: 0x0000000080005ddc (0x03607c53) fadd.d  fs8, ft0, fs6
core   0: 1 0x0000000080005ddc (0x03607c53) f24 0x7ff8000000000000
core   0: 0x0000000080005de0 (0x00c79493) slli    s1, a5, 12
core   0: 1 0x0000000080005de0 (0x00c79493) x9  0x0000080005d4c000
core   0: 0x0000000080005de4 (0xd21e8b53) fcvt.d.wu fs6, t4
core   0: 1 0x0000000080005de4 (0xd21e8b53) f22 0x0000000000000000
core   0: 0x0000000080005de8 (0x00039e1b) slliw   t3, t2, 0
core   0: 1 0x0000000080005de8 (0x00039e1b) x28 0x0000000000000000
core   0: 0x0000000080005dec (0x025e593b) divuw   s2, t3, t0
core   0: 1 0x0000000080005dec (0x025e593b) x18 0xffffffffffffffff
core   0: 0x0000000080005df0 (0x0021dd33) srl     s10, gp, sp
core   0: 1 0x0000000080005df0 (0x0021dd33) x26 0x0000000000000001
core   0: 0x0000000080005df4 (0x2a2495d3) fmax.d  fa1, fs1, ft2
core   0: 1 0x0000000080005df4 (0x2a2495d3) f11 0x0000000000000000
core   0: 0x0000000080005df8 (0x00202573) csrrs   a0, frm, zero
core   0: 1 0x0000000080005df8 (0x00202573) x10 0x0000000000000000
core   0: 0x0000000080005dfc (0x22928d53) fsgnj.d fs10, ft5, fs1
core   0: 1 0x0000000080005dfc (0x22928d53) f26 0x7ff8000000000000
core   0: 0x0000000080005e00 (0xc024f5d3) fcvt.l.s a1, fs1
core   0: 1 0x0000000080005e00 (0xc024f5d3) c1_fflags 0x0000000000000011 x11 0x7fffffffffffffff
core   0: 0x0000000080005e04 (0x40205133) sra     sp, zero, sp
core   0: 1 0x0000000080005e04 (0x40205133) x2  0x0000000000000000
core   0: 0x0000000080005e08 (0x00759c9b) slliw   s9, a1, 7
core   0: 1 0x0000000080005e08 (0x00759c9b) x25 0xffffffffffffff80
core   0: 0x0000000080005e0c (0x05b00c37) lui     s8, 0x5b00
core   0: 1 0x0000000080005e0c (0x05b00c37) x24 0x0000000005b00000
core   0: 0x0000000080005e10 (0xfc5c0c1b) addiw   s8, s8, -59
core   0: 1 0x0000000080005e10 (0xfc5c0c1b) x24 0x0000000005afffc5
core   0: 0x0000000080005e14 (0x00000c32) c.slli  s8, 12
core   0: 1 0x0000000080005e14 (0x0c32) x24 0x0000005afffc5000
core   0: 0x0000000080005e16 (0x3fec0c13) addi    s8, s8, 1022
core   0: 1 0x0000000080005e16 (0x3fec0c13) x24 0x0000005afffc53fe
core   0: 0x0000000080005e1a (0x00d98dbb) addw    s11, s3, a3
core   0: 1 0x0000000080005e1a (0x00d98dbb) x27 0xffffffffffffffff
core   0: 0x0000000080005e1e (0x2f0df613) andi    a2, s11, 752
core   0: 1 0x0000000080005e1e (0x2f0df613) x12 0x00000000000002f0
core   0: 0x0000000080005e22 (0x40c6823b) subw    tp, a3, a2
core   0: 1 0x0000000080005e22 (0x40c6823b) x4  0xfffffffffffffd0f
core   0: 0x0000000080005e26 (0x0018541b) srliw   s0, a6, 1
core   0: 1 0x0000000080005e26 (0x0018541b) x8  0x0000000000000000
core   0: 0x0000000080005e2a (0x129b7c53) fmul.d  fs8, fs6, fs1
core   0: 1 0x0000000080005e2a (0x129b7c53) f24 0x0000000000000000
core   0: 0x0000000080005e2e (0x01904cb3) xor     s9, zero, s9
core   0: 1 0x0000000080005e2e (0x01904cb3) x25 0xffffffffffffff80
core   0: 0x0000000080005e32 (0x2b3609d3) fmin.d  fs3, fa2, fs3
core   0: 1 0x0000000080005e32 (0x2b3609d3) f19 0xbdf0000000000000
core   0: 0x0000000080005e36 (0x01c1a8b3) slt     a7, gp, t3
core   0: 1 0x0000000080005e36 (0x01c1a8b3) x17 0x0000000000000000
core   0: 0x0000000080005e3a (0x41c602bb) subw    t0, a2, t3
core   0: 1 0x0000000080005e3a (0x41c602bb) x5  0x00000000000002f0
core   0: 0x0000000080005e3e (0xc23cf3d3) fcvt.lu.d t2, fs9
core   0: 1 0x0000000080005e3e (0xc23cf3d3) c1_fflags 0x0000000000000011 x7  0xffffffffffffffff
core   0: 0x0000000080005e42 (0xd21b8153) fcvt.d.wu ft2, s7
core   0: 1 0x0000000080005e42 (0xd21b8153) f2  0x41efffffffe00000
core   0: 0x0000000080005e46 (0xd2267d53) fcvt.d.l fs10, a2
core   0: 1 0x0000000080005e46 (0xd2267d53) f26 0x4087800000000000
core   0: 0x0000000080005e4a (0x238cafd3) fsgnjx.d ft11, fs9, fs8
core   0: 1 0x0000000080005e4a (0x238cafd3) f31 0x7ff8000000000000
core   0: 0x0000000080005e4e (0x405b8533) sub     a0, s7, t0
core   0: 1 0x0000000080005e4e (0x405b8533) x10 0xfffffffffffffd0f
core   0: 0x0000000080005e52 (0x80b1801b) addiw   zero, gp, -2037
core   0: 1 0x0000000080005e52 (0x80b1801b)
core   0: 0x0000000080005e56 (0x99456b13) ori     s6, a0, -1644
core   0: 1 0x0000000080005e56 (0x99456b13) x22 0xfffffffffffffd9f
core   0: 0x0000000080005e5a (0x23d38953) fsgnj.d fs2, ft7, ft9
core   0: 1 0x0000000080005e5a (0x23d38953) f18 0x41efffffffe00000
core   0: 0x0000000080005e5e (0x41738cb3) sub     s9, t2, s7
core   0: 1 0x0000000080005e5e (0x41738cb3) x25 0x0000000000000000
core   0: 0x0000000080005e62 (0x00e71333) sll     t1, a4, a4
core   0: 1 0x0000000080005e62 (0x00e71333) x6  0x7ff8000000000000
core   0: 0x0000000080005e66 (0xd20882d3) fcvt.d.w ft5, a7
core   0: 1 0x0000000080005e66 (0xd20882d3) f5  0x0000000000000000
core   0: 0x0000000080005e6a (0x001d1d73) csrrw   s10, fflags, s10
core   0: 1 0x0000000080005e6a (0x001d1d73) x26 0x0000000000000011 c1_fflags 0x0000000000000001
core   0: 0x0000000080005e6e (0x010d1ebb) sllw    t4, s10, a6
core   0: 1 0x0000000080005e6e (0x010d1ebb) x29 0x0000000000000011
core   0: 0x0000000080005e72 (0x0010189b) slliw   a7, zero, 1
core   0: 1 0x0000000080005e72 (0x0010189b) x17 0x0000000000000000
core   0: 0x0000000080005e76 (0x02cefa33) remu    s4, t4, a2
core   0: 1 0x0000000080005e76 (0x02cefa33) x20 0x0000000000000011
core   0: 0x0000000080005e7a (0x2b1f0853) fmin.d  fa6, ft10, fa7
core   0: 1 0x0000000080005e7a (0x2b1f0853) f16 0x7ff8000000000000
core   0: 0x0000000080005e7e (0xb4217913) andi    s2, sp, -1214
core   0: 1 0x0000000080005e7e (0xb4217913) x18 0x0000000000000000
core   0: 0x0000000080005e82 (0x02c675d3) fadd.d  fa1, fa2, fa2
core   0: 1 0x0000000080005e82 (0x02c675d3) f11 0x7ff8000000000000
core   0: 0x0000000080005e86 (0x2b058053) fmin.d  ft0, fa1, fa6
core   0: 1 0x0000000080005e86 (0x2b058053) f0  0x7ff8000000000000
core   0: 0x0000000080005e8a (0x01ded913) srli    s2, t4, 29
core   0: 1 0x0000000080005e8a (0x01ded913) x18 0x0000000000000000
core   0: 0x0000000080005e8e (0x001025f3) csrrs   a1, fflags, zero
core   0: 1 0x0000000080005e8e (0x001025f3) x11 0x0000000000000001
core   0: 0x0000000080005e92 (0x000bfe93) andi    t4, s7, 0
core   0: 1 0x0000000080005e92 (0x000bfe93) x29 0x0000000000000000
core   0: 0x0000000080005e96 (0xd235f9d3) fcvt.d.lu fs3, a1
core   0: 1 0x0000000080005e96 (0xd235f9d3) f19 0x3ff0000000000000
core   0: 0x0000000080005e9a (0x029274bb) remuw   s1, tp, s1
core   0: 1 0x0000000080005e9a (0x029274bb) x9  0x000000000543bd0f
core   0: 0x0000000080005e9e (0xc0207dd3) fcvt.l.s s11, ft0
core   0: 1 0x0000000080005e9e (0xc0207dd3) c1_fflags 0x0000000000000011 x27 0x7fffffffffffffff
core   0: 0x0000000080005ea2 (0x018e03b3) add     t2, t3, s8
core   0: 1 0x0000000080005ea2 (0x018e03b3) x7  0x0000005afffc53fe
core   0: 0x0000000080005ea6 (0xd03af553) fcvt.s.lu fa0, s5
core   0: 1 0x0000000080005ea6 (0xd03af553) c1_fflags 0x0000000000000011 f10 0xffffffff5f800000
core   0: 0x0000000080005eaa (0x00202373) csrrs   t1, frm, zero
core   0: 1 0x0000000080005eaa (0x00202373) x6  0x0000000000000000
core   0: 0x0000000080005eae (0x40a98c33) sub     s8, s3, a0
core   0: 1 0x0000000080005eae (0x40a98c33) x24 0x00000000000002f1
core   0: 0x0000000080005eb2 (0x40298cb3) sub     s9, s3, sp
core   0: 1 0x0000000080005eb2 (0x40298cb3) x25 0x0000000000000000
core   0: 0x0000000080005eb6 (0x375ce293) ori     t0, s9, 885
core   0: 1 0x0000000080005eb6 (0x375ce293) x5  0x0000000000000375
core   0: 0x0000000080005eba (0x420886d3) fcvt.d.s fa3, fa7
core   0: 1 0x0000000080005eba (0x420886d3) f13 0x43f0000000000000
core   0: 0x0000000080005ebe (0x0294dbb3) divu    s7, s1, s1
core   0: 1 0x0000000080005ebe (0x0294dbb3) x23 0x0000000000000001
core   0: 0x0000000080005ec2 (0xd226fcd3) fcvt.d.l fs9, a3
core   0: 1 0x0000000080005ec2 (0xd226fcd3) f25 0xbff0000000000000
core   0: 0x0000000080005ec6 (0x01f81393) slli    t2, a6, 31
core   0: 1 0x0000000080005ec6 (0x01f81393) x7  0x0000000000000000
core   0: 0x0000000080005eca (0x408a5533) sra     a0, s4, s0
core   0: 1 0x0000000080005eca (0x408a5533) x10 0x0000000000000011
core   0: 0x0000000080005ece (0x8004f393) andi    t2, s1, -2048
core   0: 1 0x0000000080005ece (0x8004f393) x7  0x000000000543b800
core   0: 0x0000000080005ed2 (0x239c0553) fsgnj.d fa0, fs8, fs9
core   0: 1 0x0000000080005ed2 (0x239c0553) f10 0x8000000000000000
core   0: 0x0000000080005ed6 (0xf2048d53) fmv.d.x fs10, s1
core   0: 1 0x0000000080005ed6 (0xf2048d53) f26 0x000000000543bd0f
core   0: 0x0000000080005eda (0x0002c593) xori    a1, t0, 0
core   0: 1 0x0000000080005eda (0x0002c593) x11 0x0000000000000375
core   0: 0x0000000080005ede (0x1aa276d3) fdiv.d  fa3, ft4, fa0
core   0: 1 0x0000000080005ede (0x1aa276d3) c1_fflags 0x0000000000000011 f13 0x7ff8000000000000
core   0: 0x0000000080005ee2 (0x02a2e333) rem     t1, t0, a0
core   0: 1 0x0000000080005ee2 (0x02a2e333) x6  0x0000000000000001
core   0: 0x0000000080005ee6 (0x00101df3) csrrw   s11, fflags, zero
core   0: 1 0x0000000080005ee6 (0x00101df3) x27 0x0000000000000011 c1_fflags 0x0000000000000000
core   0: 0x0000000080005eea (0x0007d09b) srliw   ra, a5, 0
core   0: 1 0x0000000080005eea (0x0007d09b) x1  0xffffffff80005d4c
core   0: 0x0000000080005eee (0x01909a9b) slliw   s5, ra, 25
core   0: 1 0x0000000080005eee (0x01909a9b) x21 0xffffffff98000000
core   0: 0x0000000080005ef2 (0x038b6c3b) remw    s8, s6, s8
core   0: 1 0x0000000080005ef2 (0x038b6c3b) x24 0xfffffffffffffd9f
core   0: 0x0000000080005ef6 (0x2a448153) fmin.d  ft2, fs1, ft4
core   0: 1 0x0000000080005ef6 (0x2a448153) f2  0x0000000000000000
core   0: 0x0000000080005efa (0x016c07bb) addw    a5, s8, s6
core   0: 1 0x0000000080005efa (0x016c07bb) x15 0xfffffffffffffb3e
core   0: 0x0000000080005efe (0x72fbfb97) auipc   s7, 0x72fbf
core   0: 1 0x0000000080005efe (0x72fbfb97) x23 0x00000000f2fc4efe
core   0: 0x0000000080005f02 (0x411ada9b) sraiw   s5, s5, 17
core   0: 1 0x0000000080005f02 (0x411ada9b) x21 0xffffffffffffcc00
core   0: 0x0000000080005f06 (0x02bab4b3) mulhu   s1, s5, a1
core   0: 1 0x0000000080005f06 (0x02bab4b3) x9  0x0000000000000374
core   0: 0x0000000080005f0a (0x01f65a9b) srliw   s5, a2, 31
core   0: 1 0x0000000080005f0a (0x01f65a9b) x21 0x0000000000000000
core   0: 0x0000000080005f0e (0x0190d09b) srliw   ra, ra, 25
core   0: 1 0x0000000080005f0e (0x0190d09b) x1  0x0000000000000040
core   0: 0x0000000080005f12 (0x929c7a4f) fnmadd.d fs4, fs8, fs1, fs2
core   0: 1 0x0000000080005f12 (0x929c7a4f) f20 0xc1efffffffe00000
core   0: 0x0000000080005f16 (0x2a9c0653) fmin.d  fa2, fs8, fs1
core   0: 1 0x0000000080005f16 (0x2a9c0653) f12 0x0000000000000000
core   0: 0x0000000080005f1a (0x00202173) csrrs   sp, frm, zero
core   0: 1 0x0000000080005f1a (0x00202173) x2  0x0000000000000000
core   0: 0x0000000080005f1e (0x02f888bb) mulw    a7, a7, a5
core   0: 1 0x0000000080005f1e (0x02f888bb) x17 0x0000000000000000
core   0: 0x0000000080005f22 (0x80070b1b) addiw   s6, a4, -2048
core   0: 1 0x0000000080005f22 (0x80070b1b) x22 0xfffffffffffff800
core   0: 0x0000000080005f26 (0xd22cfad3) fcvt.d.l fs5, s9
core   0: 1 0x0000000080005f26 (0xd22cfad3) f21 0x0000000000000000
core   0: 0x0000000080005f2a (0x22490253) fsgnj.d ft4, fs2, ft4
core   0: 1 0x0000000080005f2a (0x22490253) f4  0x41efffffffe00000
core   0: 0x0000000080005f2e (0xff8a3db7) lui     s11, 0xff8a3
core   0: 1 0x0000000080005f2e (0xff8a3db7) x27 0xffffffffff8a3000
core   0: 0x0000000080005f32 (0x5c7d8d9b) addiw   s11, s11, 1479
core   0: 1 0x0000000080005f32 (0x5c7d8d9b) x27 0xffffffffff8a35c7
core   0: 0x0000000080005f36 (0x00000dbe) c.slli  s11, 15
core   0: 1 0x0000000080005f36 (0x0dbe) x27 0xffffffc51ae38000
core   0: 0x0000000080005f38 (0x382d8d93) addi    s11, s11, 898
core   0: 1 0x0000000080005f38 (0x382d8d93) x27 0xffffffc51ae38382
core   0: 0x0000000080005f3c (0x00c08bbb) addw    s7, ra, a2
core   0: 1 0x0000000080005f3c (0x00c08bbb) x23 0x0000000000000330
core   0: 0x0000000080005f40 (0xc03974d3) fcvt.lu.s s1, fs2
core   0: 1 0x0000000080005f40 (0xc03974d3) c1_fflags 0x0000000000000010 x9  0xffffffffffffffff
core   0: 0x0000000080005f44 (0x00f80cbb) addw    s9, a6, a5
core   0: 1 0x0000000080005f44 (0x00f80cbb) x25 0xfffffffffffffb3e
core   0: 0x0000000080005f48 (0x02d8c6b3) div     a3, a7, a3
core   0: 1 0x0000000080005f48 (0x02d8c6b3) x13 0x0000000000000000
core   0: 0x0000000080005f4c (0x02d55cb3) divu    s9, a0, a3
core   0: 1 0x0000000080005f4c (0x02d55cb3) x25 0xffffffffffffffff
core   0: 0x0000000080005f50 (0xd2387053) fcvt.d.lu ft0, a6
core   0: 1 0x0000000080005f50 (0xd2387053) f0  0x0000000000000000
core   0: 0x0000000080005f54 (0x03833333) mulhu   t1, t1, s8
core   0: 1 0x0000000080005f54 (0x03833333) x6  0x0000000000000000
core   0: 0x0000000080005f58 (0xa27482d3) fle.d   t0, fs1, ft7
core   0: 1 0x0000000080005f58 (0xa27482d3) x5  0x0000000000000001
core   0: 0x0000000080005f5c (0x01d2959b) slliw   a1, t0, 29
core   0: 1 0x0000000080005f5c (0x01d2959b) x11 0x0000000020000000
core   0: 0x0000000080005f60 (0xc20971d3) fcvt.w.d gp, fs2
core   0: 1 0x0000000080005f60 (0xc20971d3) c1_fflags 0x0000000000000010 x3  0x000000007fffffff
core   0: 0x0000000080005f64 (0x00065413) srli    s0, a2, 0
core   0: 1 0x0000000080005f64 (0x00065413) x8  0x00000000000002f0
core   0: 0x0000000080005f68 (0x23430953) fsgnj.d fs2, ft6, fs4
core   0: 1 0x0000000080005f68 (0x23430953) f18 0x8000000000000000
core   0: 0x0000000080005f6c (0x1a5372d3) fdiv.d  ft5, ft6, ft5
core   0: 1 0x0000000080005f6c (0x1a5372d3) c1_fflags 0x0000000000000010 f5  0x7ff8000000000000
core   0: 0x0000000080005f70 (0x00000001) c.nop
core   0: 1 0x0000000080005f70 (0x0001)
core   0: 0x0000000080005f72 (0x43465793) srai    a5, a2, 52
core   0: 1 0x0000000080005f72 (0x43465793) x15 0x0000000000000000
core   0: 0x0000000080005f76 (0xec814913) xori    s2, sp, -312
core   0: 1 0x0000000080005f76 (0xec814913) x18 0xfffffffffffffec8
core   0: 0x0000000080005f7a (0x006319b3) sll     s3, t1, t1
core   0: 1 0x0000000080005f7a (0x006319b3) x19 0x0000000000000000
core   0: 0x0000000080005f7e (0x02a9f633) remu    a2, s3, a0
core   0: 1 0x0000000080005f7e (0x02a9f633) x12 0x0000000000000000
core   0: 0x0000000080005f82 (0x13aff2d3) fmul.d  ft5, ft11, fs10
core   0: 1 0x0000000080005f82 (0x13aff2d3) f5  0x7ff8000000000000
core   0: 0x0000000080005f86 (0x22532b53) fsgnjx.d fs6, ft6, ft5
core   0: 1 0x0000000080005f86 (0x22532b53) f22 0x0000000000000000
core   0: 0x0000000080005f8a (0x0319d293) srli    t0, s3, 49
core   0: 1 0x0000000080005f8a (0x0319d293) x5  0x0000000000000000
core   0: 0x0000000080005f8e (0x9207f04f) fnmadd.d ft0, fa5, ft0, fs2
core   0: 1 0x0000000080005f8e (0x9207f04f) f0  0x7ff8000000000000
core   0: 0x0000000080005f92 (0x41a6d6b3) sra     a3, a3, s10
core   0: 1 0x0000000080005f92 (0x41a6d6b3) x13 0x0000000000000000
core   0: 0x0000000080005f96 (0x029c03b3) mul     t2, s8, s1
core   0: 1 0x0000000080005f96 (0x029c03b3) x7  0x0000000000000261
core   0: 0x0000000080005f9a (0x01be533b) srlw    t1, t3, s11
core   0: 1 0x0000000080005f9a (0x01be533b) x6  0x0000000000000000
core   0: 0x0000000080005f9e (0x013319b3) sll     s3, t1, s3
core   0: 1 0x0000000080005f9e (0x013319b3) x19 0x0000000000000000
core   0: 0x0000000080005fa2 (0x0ff0000f) fence   iorw,iorw
core   0: 1 0x0000000080005fa2 (0x0ff0000f)
core   0: 0x0000000080005fa6 (0x4125053b) subw    a0, a0, s2
core   0: 1 0x0000000080005fa6 (0x4125053b) x10 0x0000000000000149
core   0: 0x0000000080005faa (0x2afc0cd3) fmin.d  fs9, fs8, fa5
core   0: 1 0x0000000080005faa (0x2afc0cd3) f25 0x0000000000000000
core   0: 0x0000000080005fae (0xbac50b93) addi    s7, a0, -1108
core   0: 1 0x0000000080005fae (0xbac50b93) x23 0xfffffffffffffcf5
core   0: 0x0000000080005fb2 (0x01c1d193) srli    gp, gp, 28
core   0: 1 0x0000000080005fb2 (0x01c1d193) x3  0x0000000000000007
core   0: 0x0000000080005fb6 (0x417c093b) subw    s2, s8, s7
core   0: 1 0x0000000080005fb6 (0x417c093b) x18 0x00000000000000aa
core   0: 0x0000000080005fba (0x4018fdd3) fcvt.s.d fs11, fa7
core   0: 1 0x0000000080005fba (0x4018fdd3) f27 0xffffffff7fc00000
core   0: 0x0000000080005fbe (0x02096633) rem     a2, s2, zero
core   0: 1 0x0000000080005fbe (0x02096633) x12 0x00000000000000aa
core   0: 0x0000000080005fc2 (0x001bdd1b) srliw   s10, s7, 1
core   0: 1 0x0000000080005fc2 (0x001bdd1b) x26 0x000000007ffffe7a
core   0: 0x0000000080005fc6 (0xa2a60053) fle.d   zero, fa2, fa0
core   0: 1 0x0000000080005fc6 (0xa2a60053)
core   0: 0x0000000080005fca (0x401f7a53) fcvt.s.d fs4, ft10
core   0: 1 0x0000000080005fca (0x401f7a53) f20 0xffffffff7fc00000
core   0: 0x0000000080005fce (0x0000854e) c.mv    a0, s3
core   0: 1 0x0000000080005fce (0x854e) x10 0x0000000000000000
core   0: 0x0000000080005fd0 (0xc03ff8d3) fcvt.lu.s a7, ft11
core   0: 1 0x0000000080005fd0 (0xc03ff8d3) c1_fflags 0x0000000000000010 x17 0xffffffffffffffff
core   0: 0x0000000080005fd4 (0x00e1183b) sllw    a6, sp, a4
core   0: 1 0x0000000080005fd4 (0x00e1183b) x16 0x0000000000000000
core   0: 0x0000000080005fd8 (0x4001d01b) sraiw   zero, gp, 0
core   0: 1 0x0000000080005fd8 (0x4001d01b)
core   0: 0x0000000080005fdc (0x0009969b) slliw   a3, s3, 0
core   0: 1 0x0000000080005fdc (0x0009969b) x13 0x0000000000000000
core   0: 0x0000000080005fe0 (0x0000930e) c.add   t1, gp
core   0: 1 0x0000000080005fe0 (0x930e) x6  0x0000000000000007
core   0: 0x0000000080005fe2 (0x00000001) c.nop
core   0: 1 0x0000000080005fe2 (0x0001)
core   0: 0x0000000080005fe4 (0x4037da3b) sraw    s4, a5, gp
core   0: 1 0x0000000080005fe4 (0x4037da3b) x20 0x0000000000000000
core   0: 0x0000000080005fe8 (0x0ff0000f) fence   iorw,iorw
core   0: 1 0x0000000080005fe8 (0x0ff0000f)
core   0: 0x0000000080005fec (0x0be3fd53) fsub.d  fs10, ft7, ft10
core   0: 1 0x0000000080005fec (0x0be3fd53) f26 0x7ff8000000000000
core   0: 0x0000000080005ff0 (0x00fe1a3b) sllw    s4, t3, a5
core   0: 1 0x0000000080005ff0 (0x00fe1a3b) x20 0x0000000000000000
core   0: 0x0000000080005ff4 (0x00a7033b) addw    t1, a4, a0
core   0: 1 0x0000000080005ff4 (0x00a7033b) x6  0x0000000000000000
core   0: 0x0000000080005ff8 (0x4156581b) sraiw   a6, a2, 21
core   0: 1 0x0000000080005ff8 (0x4156581b) x16 0x0000000000000000
core   0: 0x0000000080005ffc (0xd2098253) fcvt.d.w ft4, s3
core   0: 1 0x0000000080005ffc (0xd2098253) f4  0x0000000000000000
core   0: 0x0000000080006000 (0x03fe9513) slli    a0, t4, 63
core   0: 1 0x0000000080006000 (0x03fe9513) x10 0x0000000000000000
core   0: 0x0000000080006004 (0x00211cf3) csrrw   s9, frm, sp
core   0: 1 0x0000000080006004 (0x00211cf3) x25 0x0000000000000000 c2_frm 0x0000000000000000
core   0: 0x0000000080006008 (0x40125213) srai    tp, tp, 1
core   0: 1 0x0000000080006008 (0x40125213) x4  0xfffffffffffffe87
core   0: 0x000000008000600c (0x92521317) auipc   t1, 0x92521
core   0: 1 0x000000008000600c (0x92521317) x6  0x000000001252700c
core   0: 0x0000000080006010 (0x40ed0933) sub     s2, s10, a4
core   0: 1 0x0000000080006010 (0x40ed0933) x18 0x800800007ffffe7a
core   0: 0x0000000080006014 (0x0043159b) slliw   a1, t1, 4
core   0: 1 0x0000000080006014 (0x0043159b) x11 0x00000000252700c0
core   0: 0x0000000080006018 (0x23e59053) fsgnjn.d ft0, fa1, ft10
core   0: 1 0x0000000080006018 (0x23e59053) f0  0xfff8000000000000
core   0: 0x000000008000601c (0x35ee081b) addiw   a6, t3, 862
core   0: 1 0x000000008000601c (0x35ee081b) x16 0x000000000000035e
core   0: 0x0000000080006020 (0x4aca8b93) addi    s7, s5, 1196
core   0: 1 0x0000000080006020 (0x4aca8b93) x23 0x00000000000004ac
core   0: 0x0000000080006024 (0x4288fa4f) fnmadd.d fs4, fa7, fs0, fs0
core   0: 1 0x0000000080006024 (0x4288fa4f) f20 0x7ff8000000000000
core   0: 0x0000000080006028 (0x9cd896b7) lui     a3, 0x9cd89
core   0: 1 0x0000000080006028 (0x9cd896b7) x13 0xffffffff9cd89000
core   0: 0x000000008000602c (0x40dd833b) subw    t1, s11, a3
core   0: 1 0x000000008000602c (0x40dd833b) x6  0x000000007e0af382
core   0: 0x0000000080006030 (0x4064043b) subw    s0, s0, t1
core   0: 1 0x0000000080006030 (0x4064043b) x8  0xffffffff81f50f6e
core   0: 0x0000000080006034 (0x420a8653) fcvt.d.s fa2, fs5
core   0: 1 0x0000000080006034 (0x420a8653) f12 0x7ff8000000000000
core   0: 0x0000000080006038 (0x0019549b) srliw   s1, s2, 1
core   0: 1 0x0000000080006038 (0x0019549b) x9  0x000000003fffff3d
core   0: 0x000000008000603c (0x0119579b) srliw   a5, s2, 17
core   0: 1 0x000000008000603c (0x0119579b) x15 0x0000000000003fff
core   0: 0x0000000080006040 (0x008420b3) slt     ra, s0, s0
core   0: 1 0x0000000080006040 (0x008420b3) x1  0x0000000000000000
core   0: 0x0000000080006044 (0x5a08fdd3) fsqrt.d fs11, fa7
core   0: 1 0x0000000080006044 (0x5a08fdd3) f27 0x7ff8000000000000
core   0: 0x0000000080006048 (0x40145e1b) sraiw   t3, s0, 1
core   0: 1 0x0000000080006048 (0x40145e1b) x28 0xffffffffc0fa87b7
core   0: 0x000000008000604c (0x0162981b) slliw   a6, t0, 22
core   0: 1 0x000000008000604c (0x0162981b) x16 0x0000000000000000
core   0: 0x0000000080006050 (0x03c7f433) remu    s0, a5, t3
core   0: 1 0x0000000080006050 (0x03c7f433) x8  0x0000000000003fff
core   0: 0x0000000080006054 (0x00d102bb) addw    t0, sp, a3
core   0: 1 0x0000000080006054 (0x00d102bb) x5  0xffffffff9cd89000
core   0: 0x0000000080006058 (0xd2247fd3) fcvt.d.l ft11, s0
core   0: 1 0x0000000080006058 (0xd2247fd3) f31 0x40cfff8000000000
core   0: 0x000000008000605c (0x01bc16bb) sllw    a3, s8, s11
core   0: 1 0x000000008000605c (0x01bc16bb) x13 0xfffffffffffff67c
core   0: 0x0000000080006060 (0x028dc7bb) divw    a5, s11, s0
core   0: 1 0x0000000080006060 (0x028dc7bb) x15 0x0000000000006b8f
core   0: 0x0000000080006064 (0x23fc8353) fsgnj.d ft6, fs9, ft11
core   0: 1 0x0000000080006064 (0x23fc8353) f6  0x0000000000000000
core   0: 0x0000000080006068 (0x00fc03bb) addw    t2, s8, a5
core   0: 1 0x0000000080006068 (0x00fc03bb) x7  0x000000000000692e
core   0: 0x000000008000606c (0xd02b7953) fcvt.s.l fs2, s6
core   0: 1 0x000000008000606c (0xd02b7953) f18 0xffffffffc5000000
core   0: 0x0000000080006070 (0xc023b673) csrrc   a2, instret, t2
core   0: exception trap_illegal_instruction, epc 0x0000000080006070
core   0:           tval 0x00000000c023b673
core   0: >>>>  $xrv64i2p1_m2p0_a2p1_f2p2_d2p2_zicsr2p0_zifencei2p0_zmmul1p0_zba1p0_zbb1p0_zbc1p0_zbs1p0
core   0: 0x0000000080004000 (0x0080006f) j       pc + 0x8
core   0: 3 0x0000000080004000 (0x0080006f)
core   0: >>>>  mmode_exception_handler
core   0: 0x0000000080004008 (0x00002c17) auipc   s8, 0x2
core   0: 3 0x0000000080004008 (0x00002c17) x24 0x0000000080006008
core   0: 0x000000008000400c (0x0d8c0c13) addi    s8, s8, 216
core   0: 3 0x000000008000400c (0x0d8c0c13) x24 0x00000000800060e0
core   0: 0x0000000080004010 (0x000c00e7) jalr    s8
core   0: 3 0x0000000080004010 (0x000c00e7) x1  0x0000000080004014
core   0: >>>>  any_handler
core   0: 0x00000000800060e0 (0x341027f3) csrrs   a5, mepc, zero
core   0: 3 0x00000000800060e0 (0x341027f3) x15 0x0000000080006070
core   0: 0x00000000800060e4 (0x34202773) csrrs   a4, mcause, zero
core   0: 3 0x00000000800060e4 (0x34202773) x14 0x0000000000000002
core   0: 0x00000000800060e8 (0x142026f3) csrrs   a3, scause, zero
core   0: 3 0x00000000800060e8 (0x142026f3) x13 0x0000000000000001
core   0: 0x00000000800060ec (0x30402673) csrrs   a2, mie, zero
core   0: 3 0x00000000800060ec (0x30402673) x12 0x0000000000000a00
core   0: 0x00000000800060f0 (0x344025f3) csrrs   a1, mip, zero
core   0: 3 0x00000000800060f0 (0x344025f3) x11 0x0000000000000080
core   0: 0x00000000800060f4 (0x343025f3) csrrs   a1, mtval, zero
core   0: 3 0x00000000800060f4 (0x343025f3) x11 0x00000000c023b673
core   0: 0x00000000800060f8 (0x14302573) csrrs   a0, stval, zero
core   0: 3 0x00000000800060f8 (0x14302573) x10 0x0000000000000000
core   0: 0x00000000800060fc (0xb02024f3) csrrs   s1, minstret, zero
core   0: 3 0x00000000800060fc (0xb02024f3) x9  0x0000000000001262
core   0: 0x0000000080006100 (0x0000a811) c.j     pc + 20
core   0: 3 0x0000000080006100 (0xa811)
core   0: >>>>  mepc_4
core   0: 0x0000000080006114 (0x00000791) c.addi  a5, 4
core   0: 3 0x0000000080006114 (0x0791) x15 0x0000000080006074
core   0: 0x0000000080006116 (0x34179073) csrrw   zero, mepc, a5
core   0: 3 0x0000000080006116 (0x34179073) c833_mepc 0x0000000080006074
core   0: 0x000000008000611a (0x30200073) mret
core   0: 3 0x000000008000611a (0x30200073) c768_mstatus 0x8000000a00106080
core   0: 0x0000000080006074 (0xb4c50513) addi    a0, a0, -1204
core   0: 1 0x0000000080006074 (0xb4c50513) x10 0xfffffffffffffb4c
core   0: 0x0000000080006078 (0x010e7e33) and     t3, t3, a6
core   0: 1 0x0000000080006078 (0x010e7e33) x28 0x0000000000000000
core   0: 0x000000008000607c (0x03ab78b3) remu    a7, s6, s10
core   0: 1 0x000000008000607c (0x03ab78b3) x17 0x0000000000094090
core   0: 0x0000000080006080 (0x001a2b37) lui     s6, 0x1a2
core   0: 1 0x0000000080006080 (0x001a2b37) x22 0x00000000001a2000
core   0: 0x0000000080006084 (0xc2fb0b1b) addiw   s6, s6, -977
core   0: 1 0x0000000080006084 (0xc2fb0b1b) x22 0x00000000001a1c2f
core   0: 0x0000000080006088 (0x00000b4a) c.slli  s6, 18
core   0: 1 0x0000000080006088 (0x0b4a) x22 0x0000006870bc0000
core   0: 0x000000008000608a (0x233b0b13) addi    s6, s6, 563
core   0: 1 0x000000008000608a (0x233b0b13) x22 0x0000006870bc0233
core   0: 0x000000008000608e (0xd2040053) fcvt.d.w ft0, s0
core   0: 1 0x000000008000608e (0xd2040053) f0  0x40cfff8000000000
core   0: 0x0000000080006092 (0xc20bf1d3) fcvt.w.d gp, fs7
core   0: 1 0x0000000080006092 (0xc20bf1d3) c1_fflags 0x0000000000000010 x3  0x000000007fffffff
core   0: 0x0000000080006096 (0x4065579b) sraiw   a5, a0, 6
core   0: 1 0x0000000080006096 (0x4065579b) x15 0xffffffffffffffed
core   0: 0x000000008000609a (0x001e9a9b) slliw   s5, t4, 1
core   0: 1 0x000000008000609a (0x001e9a9b) x21 0x0000000000000000
core   0: 0x000000008000609e (0x00f103b3) add     t2, sp, a5
core   0: 1 0x000000008000609e (0x00f103b3) x7  0xffffffffffffffed
core   0: 0x00000000800060a2 (0x408854b3) sra     s1, a6, s0
core   0: 1 0x00000000800060a2 (0x408854b3) x9  0x0000000000000000
core   0: 0x00000000800060a6 (0x4145d193) srai    gp, a1, 20
core   0: 1 0x00000000800060a6 (0x4145d193) x3  0x0000000000000c02
core   0: 0x00000000800060aa (0x035669b3) rem     s3, a2, s5
core   0: 1 0x00000000800060aa (0x035669b3) x19 0x0000000000000a00
core   0: 0x00000000800060ae (0x02abf7bb) remuw   a5, s7, a0
core   0: 1 0x00000000800060ae (0x02abf7bb) x15 0x00000000000004ac
core   0: 0x00000000800060b2 (0xc2367d53) fcvt.lu.d s10, fa2
core   0: 1 0x00000000800060b2 (0xc2367d53) c1_fflags 0x0000000000000010 x26 0xffffffffffffffff
core   0: 0x00000000800060b6 (0xc03079d3) fcvt.lu.s s3, ft0
core   0: 1 0x00000000800060b6 (0xc03079d3) c1_fflags 0x0000000000000010 x19 0xffffffffffffffff
core   0: 0x00000000800060ba (0xf9ab8c9b) addiw   s9, s7, -102
core   0: 1 0x00000000800060ba (0xf9ab8c9b) x25 0x0000000000000446
core   0: 0x00000000800060be (0x022cd73b) divuw   a4, s9, sp
core   0: 1 0x00000000800060be (0x022cd73b) x14 0xffffffffffffffff
core   0: 0x00000000800060c2 (0xd20988d3) fcvt.d.w fa7, s3
core   0: 1 0x00000000800060c2 (0xd20988d3) f17 0xbff0000000000000
core   0: 0x00000000800060c6 (0xd2287153) fcvt.d.l ft2, a6
core   0: 1 0x00000000800060c6 (0xd2287153) f2  0x0000000000000000
core   0: 0x00000000800060ca (0x4018f553) fcvt.s.d fa0, fa7
core   0: 1 0x00000000800060ca (0x4018f553) f10 0xffffffffbf800000
core   0: 0x00000000800060ce (0x80060d1b) addiw   s10, a2, -2048
core   0: 1 0x00000000800060ce (0x80060d1b) x26 0x0000000000000200
core   0: 0x00000000800060d2 (0x2a4517d3) fmax.d  fa5, fa0, ft4
core   0: 1 0x00000000800060d2 (0x2a4517d3) f15 0x0000000000000000
core   0: 0x00000000800060d6 (0x02b766bb) remw    a3, a4, a1
core   0: 1 0x00000000800060d6 (0x02b766bb) x13 0xffffffffffffffff
core   0: >>>>  write_tohost
core   0: 0x00000000800060da (0x90afa0ef) jal     pc - 0x5ef6
core   0: 1 0x00000000800060da (0x90afa0ef) x1  0x00000000800060de
core   0: >>>>  _exit
core   0: 0x00000000800001e4 (0x00004505) c.li    a0, 1
core   0: 1 0x00000000800001e4 (0x4505) x10 0x0000000000000001
core   0: 0x00000000800001e6 (0x00001f17) auipc   t5, 0x1
core   0: 1 0x00000000800001e6 (0x00001f17) x30 0x00000000800011e6
core   0: 0x00000000800001ea (0xe0af2d23) sw      a0, -486(t5)
core   0: 1 0x00000000800001ea (0xe0af2d23) mem 0x0000000080001000 0x00000001
cp /home/server/RISCV/cva6/verif/sim/out/seed_436/spike_sim/new_seeds_436_.cv64a6_imafdc_sv39.log.iss /home/server/RISCV/cva6/verif/sim/out/seed_436/spike_sim/new_seeds_436_.cv64a6_imafdc_sv39.log
