Makefile:14: must set CVA6_REPO_DIR to point at the root of CVA6 sources and CVA6_TB_DIR to point here -- doing it for you...
LD_LIBRARY_PATH="$(realpath ../../tools/spike/lib):$LD_LIBRARY_PATH" \
	/home/server/RISCV/cva6/tools/spike/bin/spike --steps=2000000  --log-commits --isa=rv64gc_zba_zbb_zbs_zbc_zicsr_zifencei --priv=msu -l /home/server/RISCV/cva6/verif/sim/out/seed_1219/directed_asm_tests/new_seeds_1219_.o
[SPIKE] Max simulation steps: 2000000
[SPIKE] Proc 0 | ISA: rv64gc_zba_zbb_zbs_zbc_zicsr_zifencei PRIV: msu
[SPIKE] Initializing memories...
core   0: 0x0000000000010000 (0x00100413) li      s0, 1
core   0: 3 0x0000000000010000 (0x00100413) x8  0x0000000000000001
core   0: 0x0000000000010004 (0x01f41413) slli    s0, s0, 31
core   0: 3 0x0000000000010004 (0x01f41413) x8  0x0000000080000000
core   0: 0x0000000000010008 (0xf1402573) csrrs   a0, mhartid, zero
core   0: 3 0x0000000000010008 (0xf1402573) x10 0x0000000000000000
core   0: 0x000000000001000c (0x00000597) auipc   a1, 0x0
core   0: 3 0x000000000001000c (0x00000597) x11 0x000000000001000c
core   0: 0x0000000000010010 (0x07458593) addi    a1, a1, 116
core   0: 3 0x0000000000010010 (0x07458593) x11 0x0000000000010080
core   0: 0x0000000000010014 (0x00040067) jr      s0
core   0: 3 0x0000000000010014 (0x00040067)
core   0: >>>>  _start
core   0: 0x0000000080000000 (0x00004081) c.li    ra, 0
core   0: 3 0x0000000080000000 (0x4081) x1  0x0000000000000000
core   0: 0x0000000080000002 (0x00004101) c.li    sp, 0
core   0: 3 0x0000000080000002 (0x4101) x2  0x0000000000000000
core   0: 0x0000000080000004 (0x00004181) c.li    gp, 0
core   0: 3 0x0000000080000004 (0x4181) x3  0x0000000000000000
core   0: 0x0000000080000006 (0x00004201) c.li    tp, 0
core   0: 3 0x0000000080000006 (0x4201) x4  0x0000000000000000
core   0: 0x0000000080000008 (0x00004281) c.li    t0, 0
core   0: 3 0x0000000080000008 (0x4281) x5  0x0000000000000000
core   0: 0x000000008000000a (0x00004301) c.li    t1, 0
core   0: 3 0x000000008000000a (0x4301) x6  0x0000000000000000
core   0: 0x000000008000000c (0x00004381) c.li    t2, 0
core   0: 3 0x000000008000000c (0x4381) x7  0x0000000000000000
core   0: 0x000000008000000e (0x00004401) c.li    s0, 0
core   0: 3 0x000000008000000e (0x4401) x8  0x0000000000000000
core   0: 0x0000000080000010 (0x00004481) c.li    s1, 0
core   0: 3 0x0000000080000010 (0x4481) x9  0x0000000000000000
core   0: 0x0000000080000012 (0x00004501) c.li    a0, 0
core   0: 3 0x0000000080000012 (0x4501) x10 0x0000000000000000
core   0: 0x0000000080000014 (0x00004581) c.li    a1, 0
core   0: 3 0x0000000080000014 (0x4581) x11 0x0000000000000000
core   0: 0x0000000080000016 (0x00004601) c.li    a2, 0
core   0: 3 0x0000000080000016 (0x4601) x12 0x0000000000000000
core   0: 0x0000000080000018 (0x00004681) c.li    a3, 0
core   0: 3 0x0000000080000018 (0x4681) x13 0x0000000000000000
core   0: 0x000000008000001a (0x00004701) c.li    a4, 0
core   0: 3 0x000000008000001a (0x4701) x14 0x0000000000000000
core   0: 0x000000008000001c (0x00004781) c.li    a5, 0
core   0: 3 0x000000008000001c (0x4781) x15 0x0000000000000000
core   0: 0x000000008000001e (0x00004801) c.li    a6, 0
core   0: 3 0x000000008000001e (0x4801) x16 0x0000000000000000
core   0: 0x0000000080000020 (0x00004881) c.li    a7, 0
core   0: 3 0x0000000080000020 (0x4881) x17 0x0000000000000000
core   0: 0x0000000080000022 (0x00004901) c.li    s2, 0
core   0: 3 0x0000000080000022 (0x4901) x18 0x0000000000000000
core   0: 0x0000000080000024 (0x00004981) c.li    s3, 0
core   0: 3 0x0000000080000024 (0x4981) x19 0x0000000000000000
core   0: 0x0000000080000026 (0x00004a01) c.li    s4, 0
core   0: 3 0x0000000080000026 (0x4a01) x20 0x0000000000000000
core   0: 0x0000000080000028 (0x00004a81) c.li    s5, 0
core   0: 3 0x0000000080000028 (0x4a81) x21 0x0000000000000000
core   0: 0x000000008000002a (0x00004b01) c.li    s6, 0
core   0: 3 0x000000008000002a (0x4b01) x22 0x0000000000000000
core   0: 0x000000008000002c (0x00004b81) c.li    s7, 0
core   0: 3 0x000000008000002c (0x4b81) x23 0x0000000000000000
core   0: 0x000000008000002e (0x00004c01) c.li    s8, 0
core   0: 3 0x000000008000002e (0x4c01) x24 0x0000000000000000
core   0: 0x0000000080000030 (0x00004c81) c.li    s9, 0
core   0: 3 0x0000000080000030 (0x4c81) x25 0x0000000000000000
core   0: 0x0000000080000032 (0x00004d01) c.li    s10, 0
core   0: 3 0x0000000080000032 (0x4d01) x26 0x0000000000000000
core   0: 0x0000000080000034 (0x00004d81) c.li    s11, 0
core   0: 3 0x0000000080000034 (0x4d81) x27 0x0000000000000000
core   0: 0x0000000080000036 (0x00004e01) c.li    t3, 0
core   0: 3 0x0000000080000036 (0x4e01) x28 0x0000000000000000
core   0: 0x0000000080000038 (0x00004e81) c.li    t4, 0
core   0: 3 0x0000000080000038 (0x4e81) x29 0x0000000000000000
core   0: 0x000000008000003a (0x00004f01) c.li    t5, 0
core   0: 3 0x000000008000003a (0x4f01) x30 0x0000000000000000
core   0: 0x000000008000003c (0x00004f81) c.li    t6, 0
core   0: 3 0x000000008000003c (0x4f81) x31 0x0000000000000000
core   0: 0x000000008000003e (0x000062f9) c.lui   t0, 0x1e
core   0: 3 0x000000008000003e (0x62f9) x5  0x000000000001e000
core   0: 0x0000000080000040 (0x3002a073) csrrs   zero, mstatus, t0
core   0: 3 0x0000000080000040 (0x3002a073) c768_mstatus 0x8000000a00006000
core   0: 0x0000000080000044 (0x00004285) c.li    t0, 1
core   0: 3 0x0000000080000044 (0x4285) x5  0x0000000000000001
core   0: 0x0000000080000046 (0x000002fe) c.slli  t0, 31
core   0: 3 0x0000000080000046 (0x02fe) x5  0x0000000080000000
core   0: 0x0000000080000048 (0x0002d863) bge     t0, zero, pc + 16
core   0: 3 0x0000000080000048 (0x0002d863)
core   0: 0x0000000080000058 (0x00000297) auipc   t0, 0x0
core   0: 3 0x0000000080000058 (0x00000297) x5  0x0000000080000058
core   0: 0x000000008000005c (0x09028293) addi    t0, t0, 144
core   0: 3 0x000000008000005c (0x09028293) x5  0x00000000800000e8
core   0: 0x0000000080000060 (0x30529073) csrrw   zero, mtvec, t0
core   0: 3 0x0000000080000060 (0x30529073) c773_mtvec 0x00000000800000e8
core   0: 0x0000000080000064 (0x00301073) csrrw   zero, fcsr, zero
core   0: 3 0x0000000080000064 (0x00301073) c1_fflags 0x0000000000000000 c2_frm 0x0000000000000000
core   0: 0x0000000080000068 (0xf0000053) fmv.w.x ft0, zero
core   0: 3 0x0000000080000068 (0xf0000053) f0  0xffffffff00000000
core   0: 0x000000008000006c (0xf00000d3) fmv.w.x ft1, zero
core   0: 3 0x000000008000006c (0xf00000d3) f1  0xffffffff00000000
core   0: 0x0000000080000070 (0xf0000153) fmv.w.x ft2, zero
core   0: 3 0x0000000080000070 (0xf0000153) f2  0xffffffff00000000
core   0: 0x0000000080000074 (0xf00001d3) fmv.w.x ft3, zero
core   0: 3 0x0000000080000074 (0xf00001d3) f3  0xffffffff00000000
core   0: 0x0000000080000078 (0xf0000253) fmv.w.x ft4, zero
core   0: 3 0x0000000080000078 (0xf0000253) f4  0xffffffff00000000
core   0: 0x000000008000007c (0xf00002d3) fmv.w.x ft5, zero
core   0: 3 0x000000008000007c (0xf00002d3) f5  0xffffffff00000000
core   0: 0x0000000080000080 (0xf0000353) fmv.w.x ft6, zero
core   0: 3 0x0000000080000080 (0xf0000353) f6  0xffffffff00000000
core   0: 0x0000000080000084 (0xf00003d3) fmv.w.x ft7, zero
core   0: 3 0x0000000080000084 (0xf00003d3) f7  0xffffffff00000000
core   0: 0x0000000080000088 (0xf0000453) fmv.w.x fs0, zero
core   0: 3 0x0000000080000088 (0xf0000453) f8  0xffffffff00000000
core   0: 0x000000008000008c (0xf00004d3) fmv.w.x fs1, zero
core   0: 3 0x000000008000008c (0xf00004d3) f9  0xffffffff00000000
core   0: 0x0000000080000090 (0xf0000553) fmv.w.x fa0, zero
core   0: 3 0x0000000080000090 (0xf0000553) f10 0xffffffff00000000
core   0: 0x0000000080000094 (0xf00005d3) fmv.w.x fa1, zero
core   0: 3 0x0000000080000094 (0xf00005d3) f11 0xffffffff00000000
core   0: 0x0000000080000098 (0xf0000653) fmv.w.x fa2, zero
core   0: 3 0x0000000080000098 (0xf0000653) f12 0xffffffff00000000
core   0: 0x000000008000009c (0xf00006d3) fmv.w.x fa3, zero
core   0: 3 0x000000008000009c (0xf00006d3) f13 0xffffffff00000000
core   0: 0x00000000800000a0 (0xf0000753) fmv.w.x fa4, zero
core   0: 3 0x00000000800000a0 (0xf0000753) f14 0xffffffff00000000
core   0: 0x00000000800000a4 (0xf00007d3) fmv.w.x fa5, zero
core   0: 3 0x00000000800000a4 (0xf00007d3) f15 0xffffffff00000000
core   0: 0x00000000800000a8 (0xf0000853) fmv.w.x fa6, zero
core   0: 3 0x00000000800000a8 (0xf0000853) f16 0xffffffff00000000
core   0: 0x00000000800000ac (0xf00008d3) fmv.w.x fa7, zero
core   0: 3 0x00000000800000ac (0xf00008d3) f17 0xffffffff00000000
core   0: 0x00000000800000b0 (0xf0000953) fmv.w.x fs2, zero
core   0: 3 0x00000000800000b0 (0xf0000953) f18 0xffffffff00000000
core   0: 0x00000000800000b4 (0xf00009d3) fmv.w.x fs3, zero
core   0: 3 0x00000000800000b4 (0xf00009d3) f19 0xffffffff00000000
core   0: 0x00000000800000b8 (0xf0000a53) fmv.w.x fs4, zero
core   0: 3 0x00000000800000b8 (0xf0000a53) f20 0xffffffff00000000
core   0: 0x00000000800000bc (0xf0000ad3) fmv.w.x fs5, zero
core   0: 3 0x00000000800000bc (0xf0000ad3) f21 0xffffffff00000000
core   0: 0x00000000800000c0 (0xf0000b53) fmv.w.x fs6, zero
core   0: 3 0x00000000800000c0 (0xf0000b53) f22 0xffffffff00000000
core   0: 0x00000000800000c4 (0xf0000bd3) fmv.w.x fs7, zero
core   0: 3 0x00000000800000c4 (0xf0000bd3) f23 0xffffffff00000000
core   0: 0x00000000800000c8 (0xf0000c53) fmv.w.x fs8, zero
core   0: 3 0x00000000800000c8 (0xf0000c53) f24 0xffffffff00000000
core   0: 0x00000000800000cc (0xf0000cd3) fmv.w.x fs9, zero
core   0: 3 0x00000000800000cc (0xf0000cd3) f25 0xffffffff00000000
core   0: 0x00000000800000d0 (0xf0000d53) fmv.w.x fs10, zero
core   0: 3 0x00000000800000d0 (0xf0000d53) f26 0xffffffff00000000
core   0: 0x00000000800000d4 (0xf0000dd3) fmv.w.x fs11, zero
core   0: 3 0x00000000800000d4 (0xf0000dd3) f27 0xffffffff00000000
core   0: 0x00000000800000d8 (0xf0000e53) fmv.w.x ft8, zero
core   0: 3 0x00000000800000d8 (0xf0000e53) f28 0xffffffff00000000
core   0: 0x00000000800000dc (0xf0000ed3) fmv.w.x ft9, zero
core   0: 3 0x00000000800000dc (0xf0000ed3) f29 0xffffffff00000000
core   0: 0x00000000800000e0 (0xf0000f53) fmv.w.x ft10, zero
core   0: 3 0x00000000800000e0 (0xf0000f53) f30 0xffffffff00000000
core   0: 0x00000000800000e4 (0xf0000fd3) fmv.w.x ft11, zero
core   0: 3 0x00000000800000e4 (0xf0000fd3) f31 0xffffffff00000000
core   0: 0x00000000800000e8 (0x00000297) auipc   t0, 0x0
core   0: 3 0x00000000800000e8 (0x00000297) x5  0x00000000800000e8
core   0: 0x00000000800000ec (0x03c28293) addi    t0, t0, 60
core   0: 3 0x00000000800000ec (0x03c28293) x5  0x0000000080000124
core   0: 0x00000000800000f0 (0x30529073) csrrw   zero, mtvec, t0
core   0: 3 0x00000000800000f0 (0x30529073) c773_mtvec 0x0000000080000124
core   0: 0x00000000800000f4 (0x00012197) auipc   gp, 0x12
core   0: 3 0x00000000800000f4 (0x00012197) x3  0x00000000800120f4
core   0: 0x00000000800000f8 (0x73418193) addi    gp, gp, 1844
core   0: 3 0x00000000800000f8 (0x73418193) x3  0x0000000080012828
core   0: 0x00000000800000fc (0x00012217) auipc   tp, 0x12
core   0: 3 0x00000000800000fc (0x00012217) x4  0x00000000800120fc
core   0: 0x0000000080000100 (0xf8320213) addi    tp, tp, -125
core   0: 3 0x0000000080000100 (0xf8320213) x4  0x000000008001207f
core   0: 0x0000000080000104 (0xfc027213) andi    tp, tp, -64
core   0: 3 0x0000000080000104 (0xfc027213) x4  0x0000000080012040
core   0: 0x0000000080000108 (0xf1402573) csrrs   a0, mhartid, zero
core   0: 3 0x0000000080000108 (0xf1402573) x10 0x0000000000000000
core   0: 0x000000008000010c (0x00004585) c.li    a1, 1
core   0: 3 0x000000008000010c (0x4585) x11 0x0000000000000001
core   0: 0x000000008000010e (0x00b57063) bgeu    a0, a1, pc + 0
core   0: 3 0x000000008000010e (0x00b57063)
core   0: 0x0000000080000112 (0x00150113) addi    sp, a0, 1
core   0: 3 0x0000000080000112 (0x00150113) x2  0x0000000000000001
core   0: 0x0000000080000116 (0x00000146) c.slli  sp, 17
core   0: 3 0x0000000080000116 (0x0146) x2  0x0000000000020000
core   0: 0x0000000080000118 (0x00009112) c.add   sp, tp
core   0: 3 0x0000000080000118 (0x9112) x2  0x0000000080032040
core   0: 0x000000008000011a (0x01151613) slli    a2, a0, 17
core   0: 3 0x000000008000011a (0x01151613) x12 0x0000000000000000
core   0: 0x000000008000011e (0x00009232) c.add   tp, a2
core   0: 3 0x000000008000011e (0x9232) x4  0x0000000080012040
core   0: 0x0000000080000120 (0x3880f06f) j       pc + 0xf388
core   0: 3 0x0000000080000120 (0x3880f06f)
core   0: >>>>  _init
core   0: 0x000000008000f4a8 (0x00007171) c.addi16sp sp, -176
core   0: 3 0x000000008000f4a8 (0x7171) x2  0x0000000080031f90
core   0: 0x000000008000f4aa (0x0000f506) c.sdsp  ra, 168(sp)
core   0: 3 0x000000008000f4aa (0xf506) mem 0x0000000080032038 0x0000000000000000
core   0: 0x000000008000f4ac (0x0000f122) c.sdsp  s0, 160(sp)
core   0: 3 0x000000008000f4ac (0xf122) mem 0x0000000080032030 0x0000000000000000
core   0: 0x000000008000f4ae (0x0000ed26) c.sdsp  s1, 152(sp)
core   0: 3 0x000000008000f4ae (0xed26) mem 0x0000000080032028 0x0000000000000000
core   0: 0x000000008000f4b0 (0x00001900) c.addi4spn s0, sp, 176
core   0: 3 0x000000008000f4b0 (0x1900) x8  0x0000000080032040
core   0: 0x000000008000f4b2 (0x000087aa) c.mv    a5, a0
core   0: 3 0x000000008000f4b2 (0x87aa) x15 0x0000000000000000
core   0: 0x000000008000f4b4 (0x0000872e) c.mv    a4, a1
core   0: 3 0x000000008000f4b4 (0x872e) x14 0x0000000000000001
core   0: 0x000000008000f4b6 (0xf4f42e23) sw      a5, -164(s0)
core   0: 3 0x000000008000f4b6 (0xf4f42e23) mem 0x0000000080031f9c 0x00000000
core   0: 0x000000008000f4ba (0x000087ba) c.mv    a5, a4
core   0: 3 0x000000008000f4ba (0x87ba) x15 0x0000000000000001
core   0: 0x000000008000f4bc (0xf4f42c23) sw      a5, -168(s0)
core   0: 3 0x000000008000f4bc (0xf4f42c23) mem 0x0000000080031f98 0x00000001
core   0: 0x000000008000f4c0 (0xfe040793) addi    a5, s0, -32
core   0: 3 0x000000008000f4c0 (0xfe040793) x15 0x0000000080032020
core   0: 0x000000008000f4c4 (0xf4f43823) sd      a5, -176(s0)
core   0: 3 0x000000008000f4c4 (0xf4f43823) mem 0x0000000080031f90 0x0000000080032020
core   0: 0x000000008000f4c8 (0xf5043783) ld      a5, -176(s0)
core   0: 3 0x000000008000f4c8 (0xf5043783) x15 0x0000000080032020 mem 0x0000000080031f90
core   0: 0x000000008000f4cc (0xf8078793) addi    a5, a5, -128
core   0: 3 0x000000008000f4cc (0xf8078793) x15 0x0000000080031fa0
core   0: 0x000000008000f4d0 (0x03f78793) addi    a5, a5, 63
core   0: 3 0x000000008000f4d0 (0x03f78793) x15 0x0000000080031fdf
core   0: 0x000000008000f4d4 (0x00008399) c.srli  a5, 6
core   0: 3 0x000000008000f4d4 (0x8399) x15 0x0000000002000c7f
core   0: 0x000000008000f4d6 (0x00679493) slli    s1, a5, 6
core   0: 3 0x000000008000f4d6 (0x00679493) x9  0x0000000080031fc0
core   0: 0x000000008000f4da (0xf65ff0ef) jal     pc - 0x9c
core   0: 3 0x000000008000f4da (0xf65ff0ef) x1  0x000000008000f4de
core   0: >>>>  init_tls
core   0: 0x000000008000f43e (0x00001101) c.addi  sp, -32
core   0: 3 0x000000008000f43e (0x1101) x2  0x0000000080031f70
core   0: 0x000000008000f440 (0x0000ec06) c.sdsp  ra, 24(sp)
core   0: 3 0x000000008000f440 (0xec06) mem 0x0000000080031f88 0x000000008000f4de
core   0: 0x000000008000f442 (0x0000e822) c.sdsp  s0, 16(sp)
core   0: 3 0x000000008000f442 (0xe822) mem 0x0000000080031f80 0x0000000080032040
core   0: 0x000000008000f444 (0x00001000) c.addi4spn s0, sp, 32
core   0: 3 0x000000008000f444 (0x1000) x8  0x0000000080031f90
core   0: 0x000000008000f446 (0x00003717) auipc   a4, 0x3
core   0: 3 0x000000008000f446 (0x00003717) x14 0x0000000080012446
core   0: 0x000000008000f44a (0xbe270713) addi    a4, a4, -1054
core   0: 3 0x000000008000f44a (0xbe270713) x14 0x0000000080012028
core   0: 0x000000008000f44e (0x00003797) auipc   a5, 0x3
core   0: 3 0x000000008000f44e (0x00003797) x15 0x000000008001244e
core   0: 0x000000008000f452 (0xbda78793) addi    a5, a5, -1062
core   0: 3 0x000000008000f452 (0xbda78793) x15 0x0000000080012028
core   0: 0x000000008000f456 (0x40f707b3) sub     a5, a4, a5
core   0: 3 0x000000008000f456 (0x40f707b3) x15 0x0000000000000000
core   0: 0x000000008000f45a (0xfef43423) sd      a5, -24(s0)
core   0: 3 0x000000008000f45a (0xfef43423) mem 0x0000000080031f78 0x0000000000000000
core   0: 0x000000008000f45e (0x00008792) c.mv    a5, tp
core   0: 3 0x000000008000f45e (0x8792) x15 0x0000000080012040
core   0: 0x000000008000f460 (0xfe843603) ld      a2, -24(s0)
core   0: 3 0x000000008000f460 (0xfe843603) x12 0x0000000000000000 mem 0x0000000080031f78
core   0: 0x000000008000f464 (0x00003597) auipc   a1, 0x3
core   0: 3 0x000000008000f464 (0x00003597) x11 0x0000000080012464
core   0: 0x000000008000f468 (0xbc458593) addi    a1, a1, -1084
core   0: 3 0x000000008000f468 (0xbc458593) x11 0x0000000080012028
core   0: 0x000000008000f46c (0x0000853e) c.mv    a0, a5
core   0: 3 0x000000008000f46c (0x853e) x10 0x0000000080012040
core   0: 0x000000008000f46e (0x0f9000ef) jal     pc + 0x8f8
core   0: 3 0x000000008000f46e (0x0f9000ef) x1  0x000000008000f472
core   0: >>>>  memcpy
core   0: 0x000000008000fd66 (0x0000715d) c.addi16sp sp, -80
core   0: 3 0x000000008000fd66 (0x715d) x2  0x0000000080031f20
core   0: 0x000000008000fd68 (0x0000e4a2) c.sdsp  s0, 72(sp)
core   0: 3 0x000000008000fd68 (0xe4a2) mem 0x0000000080031f68 0x0000000080031f90
core   0: 0x000000008000fd6a (0x00000880) c.addi4spn s0, sp, 80
core   0: 3 0x000000008000fd6a (0x0880) x8  0x0000000080031f70
core   0: 0x000000008000fd6c (0xfca43423) sd      a0, -56(s0)
core   0: 3 0x000000008000fd6c (0xfca43423) mem 0x0000000080031f38 0x0000000080012040
core   0: 0x000000008000fd70 (0xfcb43023) sd      a1, -64(s0)
core   0: 3 0x000000008000fd70 (0xfcb43023) mem 0x0000000080031f30 0x0000000080012028
core   0: 0x000000008000fd74 (0xfac43c23) sd      a2, -72(s0)
core   0: 3 0x000000008000fd74 (0xfac43c23) mem 0x0000000080031f28 0x0000000000000000
core   0: 0x000000008000fd78 (0xfc843703) ld      a4, -56(s0)
core   0: 3 0x000000008000fd78 (0xfc843703) x14 0x0000000080012040 mem 0x0000000080031f38
core   0: 0x000000008000fd7c (0xfc043783) ld      a5, -64(s0)
core   0: 3 0x000000008000fd7c (0xfc043783) x15 0x0000000080012028 mem 0x0000000080031f30
core   0: 0x000000008000fd80 (0x00008f5d) c.or    a4, a5
core   0: 3 0x000000008000fd80 (0x8f5d) x14 0x0000000080012068
core   0: 0x000000008000fd82 (0xfb843783) ld      a5, -72(s0)
core   0: 3 0x000000008000fd82 (0xfb843783) x15 0x0000000000000000 mem 0x0000000080031f28
core   0: 0x000000008000fd86 (0x00008fd9) c.or    a5, a4
core   0: 3 0x000000008000fd86 (0x8fd9) x15 0x0000000080012068
core   0: 0x000000008000fd88 (0x00008b9d) c.andi  a5, 7
core   0: 3 0x000000008000fd88 (0x8b9d) x15 0x0000000000000000
core   0: 0x000000008000fd8a (0x0000e3b1) c.bnez  a5, pc + 68
core   0: 3 0x000000008000fd8a (0xe3b1)
core   0: 0x000000008000fd8c (0xfc043783) ld      a5, -64(s0)
core   0: 3 0x000000008000fd8c (0xfc043783) x15 0x0000000080012028 mem 0x0000000080031f30
core   0: 0x000000008000fd90 (0xfef43423) sd      a5, -24(s0)
core   0: 3 0x000000008000fd90 (0xfef43423) mem 0x0000000080031f58 0x0000000080012028
core   0: 0x000000008000fd94 (0xfc843783) ld      a5, -56(s0)
core   0: 3 0x000000008000fd94 (0xfc843783) x15 0x0000000080012040 mem 0x0000000080031f38
core   0: 0x000000008000fd98 (0xfef43023) sd      a5, -32(s0)
core   0: 3 0x000000008000fd98 (0xfef43023) mem 0x0000000080031f50 0x0000000080012040
core   0: 0x000000008000fd9c (0x0000a839) c.j     pc + 30
core   0: 3 0x000000008000fd9c (0xa839)
core   0: 0x000000008000fdba (0xfc843703) ld      a4, -56(s0)
core   0: 3 0x000000008000fdba (0xfc843703) x14 0x0000000080012040 mem 0x0000000080031f38
core   0: 0x000000008000fdbe (0xfb843783) ld      a5, -72(s0)
core   0: 3 0x000000008000fdbe (0xfb843783) x15 0x0000000000000000 mem 0x0000000080031f28
core   0: 0x000000008000fdc2 (0x000097ba) c.add   a5, a4
core   0: 3 0x000000008000fdc2 (0x97ba) x15 0x0000000080012040
core   0: 0x000000008000fdc4 (0xfe043703) ld      a4, -32(s0)
core   0: 3 0x000000008000fdc4 (0xfe043703) x14 0x0000000080012040 mem 0x0000000080031f50
core   0: 0x000000008000fdc8 (0xfcf76be3) bltu    a4, a5, pc - 42
core   0: 3 0x000000008000fdc8 (0xfcf76be3)
core   0: 0x000000008000fdcc (0x0000a099) c.j     pc + 70
core   0: 3 0x000000008000fdcc (0xa099)
core   0: 0x000000008000fe12 (0xfc843783) ld      a5, -56(s0)
core   0: 3 0x000000008000fe12 (0xfc843783) x15 0x0000000080012040 mem 0x0000000080031f38
core   0: 0x000000008000fe16 (0x0000853e) c.mv    a0, a5
core   0: 3 0x000000008000fe16 (0x853e) x10 0x0000000080012040
core   0: 0x000000008000fe18 (0x00006426) c.ldsp  s0, 72(sp)
core   0: 3 0x000000008000fe18 (0x6426) x8  0x0000000080031f90 mem 0x0000000080031f68
core   0: 0x000000008000fe1a (0x00006161) c.addi16sp sp, 80
core   0: 3 0x000000008000fe1a (0x6161) x2  0x0000000080031f70
core   0: 0x000000008000fe1c (0x00008082) ret
core   0: 3 0x000000008000fe1c (0x8082)
core   0: 0x000000008000f472 (0x00003717) auipc   a4, 0x3
core   0: 3 0x000000008000f472 (0x00003717) x14 0x0000000080012472
core   0: 0x000000008000f476 (0xc5270713) addi    a4, a4, -942
core   0: 3 0x000000008000f476 (0xc5270713) x14 0x00000000800120c4
core   0: 0x000000008000f47a (0x00003797) auipc   a5, 0x3
core   0: 3 0x000000008000f47a (0x00003797) x15 0x000000008001247a
core   0: 0x000000008000f47e (0xbae78793) addi    a5, a5, -1106
core   0: 3 0x000000008000f47e (0xbae78793) x15 0x0000000080012028
core   0: 0x000000008000f482 (0x40f707b3) sub     a5, a4, a5
core   0: 3 0x000000008000f482 (0x40f707b3) x15 0x000000000000009c
core   0: 0x000000008000f486 (0xfef43023) sd      a5, -32(s0)
core   0: 3 0x000000008000f486 (0xfef43023) mem 0x0000000080031f70 0x000000000000009c
core   0: 0x000000008000f48a (0x00008712) c.mv    a4, tp
core   0: 3 0x000000008000f48a (0x8712) x14 0x0000000080012040
core   0: 0x000000008000f48c (0xfe843783) ld      a5, -24(s0)
core   0: 3 0x000000008000f48c (0xfe843783) x15 0x0000000000000000 mem 0x0000000080031f78
core   0: 0x000000008000f490 (0x000097ba) c.add   a5, a4
core   0: 3 0x000000008000f490 (0x97ba) x15 0x0000000080012040
core   0: 0x000000008000f492 (0xfe043603) ld      a2, -32(s0)
core   0: 3 0x000000008000f492 (0xfe043603) x12 0x000000000000009c mem 0x0000000080031f70
core   0: 0x000000008000f496 (0x00004581) c.li    a1, 0
core   0: 3 0x000000008000f496 (0x4581) x11 0x0000000000000000
core   0: 0x000000008000f498 (0x0000853e) c.mv    a0, a5
core   0: 3 0x000000008000f498 (0x853e) x10 0x0000000080012040
core   0: 0x000000008000f49a (0x185000ef) jal     pc + 0x984
core   0: 3 0x000000008000f49a (0x185000ef) x1  0x000000008000f49e
core   0: >>>>  memset
core   0: 0x000000008000fe1e (0x0000715d) c.addi16sp sp, -80
core   0: 3 0x000000008000fe1e (0x715d) x2  0x0000000080031f20
core   0: 0x000000008000fe20 (0x0000e4a2) c.sdsp  s0, 72(sp)
core   0: 3 0x000000008000fe20 (0xe4a2) mem 0x0000000080031f68 0x0000000080031f90
core   0: 0x000000008000fe22 (0x00000880) c.addi4spn s0, sp, 80
core   0: 3 0x000000008000fe22 (0x0880) x8  0x0000000080031f70
core   0: 0x000000008000fe24 (0xfca43423) sd      a0, -56(s0)
core   0: 3 0x000000008000fe24 (0xfca43423) mem 0x0000000080031f38 0x0000000080012040
core   0: 0x000000008000fe28 (0x000087ae) c.mv    a5, a1
core   0: 3 0x000000008000fe28 (0x87ae) x15 0x0000000000000000
core   0: 0x000000008000fe2a (0xfac43c23) sd      a2, -72(s0)
core   0: 3 0x000000008000fe2a (0xfac43c23) mem 0x0000000080031f28 0x000000000000009c
core   0: 0x000000008000fe2e (0xfcf42223) sw      a5, -60(s0)
core   0: 3 0x000000008000fe2e (0xfcf42223) mem 0x0000000080031f34 0x00000000
core   0: 0x000000008000fe32 (0xfc843703) ld      a4, -56(s0)
core   0: 3 0x000000008000fe32 (0xfc843703) x14 0x0000000080012040 mem 0x0000000080031f38
core   0: 0x000000008000fe36 (0xfb843783) ld      a5, -72(s0)
core   0: 3 0x000000008000fe36 (0xfb843783) x15 0x000000000000009c mem 0x0000000080031f28
core   0: 0x000000008000fe3a (0x00008fd9) c.or    a5, a4
core   0: 3 0x000000008000fe3a (0x8fd9) x15 0x00000000800120dc
core   0: 0x000000008000fe3c (0x00008b9d) c.andi  a5, 7
core   0: 3 0x000000008000fe3c (0x8b9d) x15 0x0000000000000004
core   0: 0x000000008000fe3e (0x0000e7bd) c.bnez  a5, pc + 110
core   0: 3 0x000000008000fe3e (0xe7bd)
core   0: 0x000000008000feac (0xfc843783) ld      a5, -56(s0)
core   0: 3 0x000000008000feac (0xfc843783) x15 0x0000000080012040 mem 0x0000000080031f38
core   0: 0x000000008000feb0 (0xfef43023) sd      a5, -32(s0)
core   0: 3 0x000000008000feb0 (0xfef43023) mem 0x0000000080031f50 0x0000000080012040
core   0: 0x000000008000feb4 (0x0000a829) c.j     pc + 26
core   0: 3 0x000000008000feb4 (0xa829)
core   0: 0x000000008000fece (0xfc843703) ld      a4, -56(s0)
core   0: 3 0x000000008000fece (0xfc843703) x14 0x0000000080012040 mem 0x0000000080031f38
core   0: 0x000000008000fed2 (0xfb843783) ld      a5, -72(s0)
core   0: 3 0x000000008000fed2 (0xfb843783) x15 0x000000000000009c mem 0x0000000080031f28
core   0: 0x000000008000fed6 (0x000097ba) c.add   a5, a4
core   0: 3 0x000000008000fed6 (0x97ba) x15 0x00000000800120dc
core   0: 0x000000008000fed8 (0xfe043703) ld      a4, -32(s0)
core   0: 3 0x000000008000fed8 (0xfe043703) x14 0x0000000080012040 mem 0x0000000080031f50
core   0: 0x000000008000fedc (0xfcf76de3) bltu    a4, a5, pc - 38
core   0: 3 0x000000008000fedc (0xfcf76de3)
core   0: 0x000000008000feb6 (0xfe043783) ld      a5, -32(s0)
core   0: 3 0x000000008000feb6 (0xfe043783) x15 0x0000000080012040 mem 0x0000000080031f50
core   0: 0x000000008000feba (0x00178713) addi    a4, a5, 1
core   0: 3 0x000000008000feba (0x00178713) x14 0x0000000080012041
core   0: 0x000000008000febe (0xfee43023) sd      a4, -32(s0)
core   0: 3 0x000000008000febe (0xfee43023) mem 0x0000000080031f50 0x0000000080012041
core   0: 0x000000008000fec2 (0xfc442703) lw      a4, -60(s0)
core   0: 3 0x000000008000fec2 (0xfc442703) x14 0x0000000000000000 mem 0x0000000080031f34
core   0: 0x000000008000fec6 (0x0ff77713) andi    a4, a4, 255
core   0: 3 0x000000008000fec6 (0x0ff77713) x14 0x0000000000000000
core   0: 0x000000008000feca (0x00e78023) sb      a4, 0(a5)
core   0: 3 0x000000008000feca (0x00e78023) mem 0x0000000080012040 0x00
core   0: 0x000000008000fece (0xfc843703) ld      a4, -56(s0)
core   0: 3 0x000000008000fece (0xfc843703) x14 0x0000000080012040 mem 0x0000000080031f38
core   0: 0x000000008000fed2 (0xfb843783) ld      a5, -72(s0)
core   0: 3 0x000000008000fed2 (0xfb843783) x15 0x000000000000009c mem 0x0000000080031f28
core   0: 0x000000008000fed6 (0x000097ba) c.add   a5, a4
core   0: 3 0x000000008000fed6 (0x97ba) x15 0x00000000800120dc
core   0: 0x000000008000fed8 (0xfe043703) ld      a4, -32(s0)
core   0: 3 0x000000008000fed8 (0xfe043703) x14 0x0000000080012041 mem 0x0000000080031f50
core   0: 0x000000008000fedc (0xfcf76de3) bltu    a4, a5, pc - 38
core   0: 3 0x000000008000fedc (0xfcf76de3)
core   0: 0x000000008000feb6 (0xfe043783) ld      a5, -32(s0)
core   0: 3 0x000000008000feb6 (0xfe043783) x15 0x0000000080012041 mem 0x0000000080031f50
core   0: 0x000000008000feba (0x00178713) addi    a4, a5, 1
core   0: 3 0x000000008000feba (0x00178713) x14 0x0000000080012042
core   0: 0x000000008000febe (0xfee43023) sd      a4, -32(s0)
core   0: 3 0x000000008000febe (0xfee43023) mem 0x0000000080031f50 0x0000000080012042
core   0: 0x000000008000fec2 (0xfc442703) lw      a4, -60(s0)
core   0: 3 0x000000008000fec2 (0xfc442703) x14 0x0000000000000000 mem 0x0000000080031f34
core   0: 0x000000008000fec6 (0x0ff77713) andi    a4, a4, 255
core   0: 3 0x000000008000fec6 (0x0ff77713) x14 0x0000000000000000
core   0: 0x000000008000feca (0x00e78023) sb      a4, 0(a5)
core   0: 3 0x000000008000feca (0x00e78023) mem 0x0000000080012041 0x00
core   0: 0x000000008000fece (0xfc843703) ld      a4, -56(s0)
core   0: 3 0x000000008000fece (0xfc843703) x14 0x0000000080012040 mem 0x0000000080031f38
core   0: 0x000000008000fed2 (0xfb843783) ld      a5, -72(s0)
core   0: 3 0x000000008000fed2 (0xfb843783) x15 0x000000000000009c mem 0x0000000080031f28
core   0: 0x000000008000fed6 (0x000097ba) c.add   a5, a4
core   0: 3 0x000000008000fed6 (0x97ba) x15 0x00000000800120dc
core   0: 0x000000008000fed8 (0xfe043703) ld      a4, -32(s0)
core   0: 3 0x000000008000fed8 (0xfe043703) x14 0x0000000080012042 mem 0x0000000080031f50
core   0: 0x000000008000fedc (0xfcf76de3) bltu    a4, a5, pc - 38
core   0: 3 0x000000008000fedc (0xfcf76de3)
core   0: 0x000000008000feb6 (0xfe043783) ld      a5, -32(s0)
core   0: 3 0x000000008000feb6 (0xfe043783) x15 0x0000000080012042 mem 0x0000000080031f50
core   0: 0x000000008000feba (0x00178713) addi    a4, a5, 1
core   0: 3 0x000000008000feba (0x00178713) x14 0x0000000080012043
core   0: 0x000000008000febe (0xfee43023) sd      a4, -32(s0)
core   0: 3 0x000000008000febe (0xfee43023) mem 0x0000000080031f50 0x0000000080012043
core   0: 0x000000008000fec2 (0xfc442703) lw      a4, -60(s0)
core   0: 3 0x000000008000fec2 (0xfc442703) x14 0x0000000000000000 mem 0x0000000080031f34
core   0: 0x000000008000fec6 (0x0ff77713) andi    a4, a4, 255
core   0: 3 0x000000008000fec6 (0x0ff77713) x14 0x0000000000000000
core   0: 0x000000008000feca (0x00e78023) sb      a4, 0(a5)
core   0: 3 0x000000008000feca (0x00e78023) mem 0x0000000080012042 0x00
core   0: 0x000000008000fece (0xfc843703) ld      a4, -56(s0)
core   0: 3 0x000000008000fece (0xfc843703) x14 0x0000000080012040 mem 0x0000000080031f38
core   0: 0x000000008000fed2 (0xfb843783) ld      a5, -72(s0)
core   0: 3 0x000000008000fed2 (0xfb843783) x15 0x000000000000009c mem 0x0000000080031f28
core   0: 0x000000008000fed6 (0x000097ba) c.add   a5, a4
core   0: 3 0x000000008000fed6 (0x97ba) x15 0x00000000800120dc
core   0: 0x000000008000fed8 (0xfe043703) ld      a4, -32(s0)
core   0: 3 0x000000008000fed8 (0xfe043703) x14 0x0000000080012043 mem 0x0000000080031f50
core   0: 0x000000008000fedc (0xfcf76de3) bltu    a4, a5, pc - 38
core   0: 3 0x000000008000fedc (0xfcf76de3)
core   0: 0x000000008000feb6 (0xfe043783) ld      a5, -32(s0)
core   0: 3 0x000000008000feb6 (0xfe043783) x15 0x0000000080012043 mem 0x0000000080031f50
core   0: 0x000000008000feba (0x00178713) addi    a4, a5, 1
core   0: 3 0x000000008000feba (0x00178713) x14 0x0000000080012044
core   0: 0x000000008000febe (0xfee43023) sd      a4, -32(s0)
core   0: 3 0x000000008000febe (0xfee43023) mem 0x0000000080031f50 0x0000000080012044
core   0: 0x000000008000fec2 (0xfc442703) lw      a4, -60(s0)
core   0: 3 0x000000008000fec2 (0xfc442703) x14 0x0000000000000000 mem 0x0000000080031f34
core   0: 0x000000008000fec6 (0x0ff77713) andi    a4, a4, 255
core   0: 3 0x000000008000fec6 (0x0ff77713) x14 0x0000000000000000
core   0: 0x000000008000feca (0x00e78023) sb      a4, 0(a5)
core   0: 3 0x000000008000feca (0x00e78023) mem 0x0000000080012043 0x00
core   0: 0x000000008000fece (0xfc843703) ld      a4, -56(s0)
core   0: 3 0x000000008000fece (0xfc843703) x14 0x0000000080012040 mem 0x0000000080031f38
core   0: 0x000000008000fed2 (0xfb843783) ld      a5, -72(s0)
core   0: 3 0x000000008000fed2 (0xfb843783) x15 0x000000000000009c mem 0x0000000080031f28
core   0: 0x000000008000fed6 (0x000097ba) c.add   a5, a4
core   0: 3 0x000000008000fed6 (0x97ba) x15 0x00000000800120dc
core   0: 0x000000008000fed8 (0xfe043703) ld      a4, -32(s0)
core   0: 3 0x000000008000fed8 (0xfe043703) x14 0x0000000080012044 mem 0x0000000080031f50
core   0: 0x000000008000fedc (0xfcf76de3) bltu    a4, a5, pc - 38
core   0: 3 0x000000008000fedc (0xfcf76de3)
core   0: 0x000000008000feb6 (0xfe043783) ld      a5, -32(s0)
core   0: 3 0x000000008000feb6 (0xfe043783) x15 0x0000000080012044 mem 0x0000000080031f50
core   0: 0x000000008000feba (0x00178713) addi    a4, a5, 1
core   0: 3 0x000000008000feba (0x00178713) x14 0x0000000080012045
core   0: 0x000000008000febe (0xfee43023) sd      a4, -32(s0)
core   0: 3 0x000000008000febe (0xfee43023) mem 0x0000000080031f50 0x0000000080012045
core   0: 0x000000008000fec2 (0xfc442703) lw      a4, -60(s0)
core   0: 3 0x000000008000fec2 (0xfc442703) x14 0x0000000000000000 mem 0x0000000080031f34
core   0: 0x000000008000fec6 (0x0ff77713) andi    a4, a4, 255
core   0: 3 0x000000008000fec6 (0x0ff77713) x14 0x0000000000000000
core   0: 0x000000008000feca (0x00e78023) sb      a4, 0(a5)
core   0: 3 0x000000008000feca (0x00e78023) mem 0x0000000080012044 0x00
core   0: 0x000000008000fece (0xfc843703) ld      a4, -56(s0)
core   0: 3 0x000000008000fece (0xfc843703) x14 0x0000000080012040 mem 0x0000000080031f38
core   0: 0x000000008000fed2 (0xfb843783) ld      a5, -72(s0)
core   0: 3 0x000000008000fed2 (0xfb843783) x15 0x000000000000009c mem 0x0000000080031f28
core   0: 0x000000008000fed6 (0x000097ba) c.add   a5, a4
core   0: 3 0x000000008000fed6 (0x97ba) x15 0x00000000800120dc
core   0: 0x000000008000fed8 (0xfe043703) ld      a4, -32(s0)
core   0: 3 0x000000008000fed8 (0xfe043703) x14 0x0000000080012045 mem 0x0000000080031f50
core   0: 0x000000008000fedc (0xfcf76de3) bltu    a4, a5, pc - 38
core   0: 3 0x000000008000fedc (0xfcf76de3)
core   0: 0x000000008000feb6 (0xfe043783) ld      a5, -32(s0)
core   0: 3 0x000000008000feb6 (0xfe043783) x15 0x0000000080012045 mem 0x0000000080031f50
core   0: 0x000000008000feba (0x00178713) addi    a4, a5, 1
core   0: 3 0x000000008000feba (0x00178713) x14 0x0000000080012046
core   0: 0x000000008000febe (0xfee43023) sd      a4, -32(s0)
core   0: 3 0x000000008000febe (0xfee43023) mem 0x0000000080031f50 0x0000000080012046
core   0: 0x000000008000fec2 (0xfc442703) lw      a4, -60(s0)
core   0: 3 0x000000008000fec2 (0xfc442703) x14 0x0000000000000000 mem 0x0000000080031f34
core   0: 0x000000008000fec6 (0x0ff77713) andi    a4, a4, 255
core   0: 3 0x000000008000fec6 (0x0ff77713) x14 0x0000000000000000
core   0: 0x000000008000feca (0x00e78023) sb      a4, 0(a5)
core   0: 3 0x000000008000feca (0x00e78023) mem 0x0000000080012045 0x00
core   0: 0x000000008000fece (0xfc843703) ld      a4, -56(s0)
core   0: 3 0x000000008000fece (0xfc843703) x14 0x0000000080012040 mem 0x0000000080031f38
core   0: 0x000000008000fed2 (0xfb843783) ld      a5, -72(s0)
core   0: 3 0x000000008000fed2 (0xfb843783) x15 0x000000000000009c mem 0x0000000080031f28
core   0: 0x000000008000fed6 (0x000097ba) c.add   a5, a4
core   0: 3 0x000000008000fed6 (0x97ba) x15 0x00000000800120dc
core   0: 0x000000008000fed8 (0xfe043703) ld      a4, -32(s0)
core   0: 3 0x000000008000fed8 (0xfe043703) x14 0x0000000080012046 mem 0x0000000080031f50
core   0: 0x000000008000fedc (0xfcf76de3) bltu    a4, a5, pc - 38
core   0: 3 0x000000008000fedc (0xfcf76de3)
core   0: 0x000000008000feb6 (0xfe043783) ld      a5, -32(s0)
core   0: 3 0x000000008000feb6 (0xfe043783) x15 0x0000000080012046 mem 0x0000000080031f50
core   0: 0x000000008000feba (0x00178713) addi    a4, a5, 1
core   0: 3 0x000000008000feba (0x00178713) x14 0x0000000080012047
core   0: 0x000000008000febe (0xfee43023) sd      a4, -32(s0)
core   0: 3 0x000000008000febe (0xfee43023) mem 0x0000000080031f50 0x0000000080012047
core   0: 0x000000008000fec2 (0xfc442703) lw      a4, -60(s0)
core   0: 3 0x000000008000fec2 (0xfc442703) x14 0x0000000000000000 mem 0x0000000080031f34
core   0: 0x000000008000fec6 (0x0ff77713) andi    a4, a4, 255
core   0: 3 0x000000008000fec6 (0x0ff77713) x14 0x0000000000000000
core   0: 0x000000008000feca (0x00e78023) sb      a4, 0(a5)
core   0: 3 0x000000008000feca (0x00e78023) mem 0x0000000080012046 0x00
core   0: 0x000000008000fece (0xfc843703) ld      a4, -56(s0)
core   0: 3 0x000000008000fece (0xfc843703) x14 0x0000000080012040 mem 0x0000000080031f38
core   0: 0x000000008000fed2 (0xfb843783) ld      a5, -72(s0)
core   0: 3 0x000000008000fed2 (0xfb843783) x15 0x000000000000009c mem 0x0000000080031f28
core   0: 0x000000008000fed6 (0x000097ba) c.add   a5, a4
core   0: 3 0x000000008000fed6 (0x97ba) x15 0x00000000800120dc
core   0: 0x000000008000fed8 (0xfe043703) ld      a4, -32(s0)
core   0: 3 0x000000008000fed8 (0xfe043703) x14 0x0000000080012047 mem 0x0000000080031f50
core   0: 0x000000008000fedc (0xfcf76de3) bltu    a4, a5, pc - 38
core   0: 3 0x000000008000fedc (0xfcf76de3)
core   0: 0x000000008000feb6 (0xfe043783) ld      a5, -32(s0)
core   0: 3 0x000000008000feb6 (0xfe043783) x15 0x0000000080012047 mem 0x0000000080031f50
core   0: 0x000000008000feba (0x00178713) addi    a4, a5, 1
core   0: 3 0x000000008000feba (0x00178713) x14 0x0000000080012048
core   0: 0x000000008000febe (0xfee43023) sd      a4, -32(s0)
core   0: 3 0x000000008000febe (0xfee43023) mem 0x0000000080031f50 0x0000000080012048
core   0: 0x000000008000fec2 (0xfc442703) lw      a4, -60(s0)
core   0: 3 0x000000008000fec2 (0xfc442703) x14 0x0000000000000000 mem 0x0000000080031f34
core   0: 0x000000008000fec6 (0x0ff77713) andi    a4, a4, 255
core   0: 3 0x000000008000fec6 (0x0ff77713) x14 0x0000000000000000
core   0: 0x000000008000feca (0x00e78023) sb      a4, 0(a5)
core   0: 3 0x000000008000feca (0x00e78023) mem 0x0000000080012047 0x00
core   0: 0x000000008000fece (0xfc843703) ld      a4, -56(s0)
core   0: 3 0x000000008000fece (0xfc843703) x14 0x0000000080012040 mem 0x0000000080031f38
core   0: 0x000000008000fed2 (0xfb843783) ld      a5, -72(s0)
core   0: 3 0x000000008000fed2 (0xfb843783) x15 0x000000000000009c mem 0x0000000080031f28
core   0: 0x000000008000fed6 (0x000097ba) c.add   a5, a4
core   0: 3 0x000000008000fed6 (0x97ba) x15 0x00000000800120dc
core   0: 0x000000008000fed8 (0xfe043703) ld      a4, -32(s0)
core   0: 3 0x000000008000fed8 (0xfe043703) x14 0x0000000080012048 mem 0x0000000080031f50
core   0: 0x000000008000fedc (0xfcf76de3) bltu    a4, a5, pc - 38
core   0: 3 0x000000008000fedc (0xfcf76de3)
core   0: 0x000000008000feb6 (0xfe043783) ld      a5, -32(s0)
core   0: 3 0x000000008000feb6 (0xfe043783) x15 0x0000000080012048 mem 0x0000000080031f50
core   0: 0x000000008000feba (0x00178713) addi    a4, a5, 1
core   0: 3 0x000000008000feba (0x00178713) x14 0x0000000080012049
core   0: 0x000000008000febe (0xfee43023) sd      a4, -32(s0)
core   0: 3 0x000000008000febe (0xfee43023) mem 0x0000000080031f50 0x0000000080012049
core   0: 0x000000008000fec2 (0xfc442703) lw      a4, -60(s0)
core   0: 3 0x000000008000fec2 (0xfc442703) x14 0x0000000000000000 mem 0x0000000080031f34
core   0: 0x000000008000fec6 (0x0ff77713) andi    a4, a4, 255
core   0: 3 0x000000008000fec6 (0x0ff77713) x14 0x0000000000000000
core   0: 0x000000008000feca (0x00e78023) sb      a4, 0(a5)
core   0: 3 0x000000008000feca (0x00e78023) mem 0x0000000080012048 0x00
core   0: 0x000000008000fece (0xfc843703) ld      a4, -56(s0)
core   0: 3 0x000000008000fece (0xfc843703) x14 0x0000000080012040 mem 0x0000000080031f38
core   0: 0x000000008000fed2 (0xfb843783) ld      a5, -72(s0)
core   0: 3 0x000000008000fed2 (0xfb843783) x15 0x000000000000009c mem 0x0000000080031f28
core   0: 0x000000008000fed6 (0x000097ba) c.add   a5, a4
core   0: 3 0x000000008000fed6 (0x97ba) x15 0x00000000800120dc
core   0: 0x000000008000fed8 (0xfe043703) ld      a4, -32(s0)
core   0: 3 0x000000008000fed8 (0xfe043703) x14 0x0000000080012049 mem 0x0000000080031f50
core   0: 0x000000008000fedc (0xfcf76de3) bltu    a4, a5, pc - 38
core   0: 3 0x000000008000fedc (0xfcf76de3)
core   0: 0x000000008000feb6 (0xfe043783) ld      a5, -32(s0)
core   0: 3 0x000000008000feb6 (0xfe043783) x15 0x0000000080012049 mem 0x0000000080031f50
core   0: 0x000000008000feba (0x00178713) addi    a4, a5, 1
core   0: 3 0x000000008000feba (0x00178713) x14 0x000000008001204a
core   0: 0x000000008000febe (0xfee43023) sd      a4, -32(s0)
core   0: 3 0x000000008000febe (0xfee43023) mem 0x0000000080031f50 0x000000008001204a
core   0: 0x000000008000fec2 (0xfc442703) lw      a4, -60(s0)
core   0: 3 0x000000008000fec2 (0xfc442703) x14 0x0000000000000000 mem 0x0000000080031f34
core   0: 0x000000008000fec6 (0x0ff77713) andi    a4, a4, 255
core   0: 3 0x000000008000fec6 (0x0ff77713) x14 0x0000000000000000
core   0: 0x000000008000feca (0x00e78023) sb      a4, 0(a5)
core   0: 3 0x000000008000feca (0x00e78023) mem 0x0000000080012049 0x00
core   0: 0x000000008000fece (0xfc843703) ld      a4, -56(s0)
core   0: 3 0x000000008000fece (0xfc843703) x14 0x0000000080012040 mem 0x0000000080031f38
core   0: 0x000000008000fed2 (0xfb843783) ld      a5, -72(s0)
core   0: 3 0x000000008000fed2 (0xfb843783) x15 0x000000000000009c mem 0x0000000080031f28
core   0: 0x000000008000fed6 (0x000097ba) c.add   a5, a4
core   0: 3 0x000000008000fed6 (0x97ba) x15 0x00000000800120dc
core   0: 0x000000008000fed8 (0xfe043703) ld      a4, -32(s0)
core   0: 3 0x000000008000fed8 (0xfe043703) x14 0x000000008001204a mem 0x0000000080031f50
core   0: 0x000000008000fedc (0xfcf76de3) bltu    a4, a5, pc - 38
core   0: 3 0x000000008000fedc (0xfcf76de3)
core   0: 0x000000008000feb6 (0xfe043783) ld      a5, -32(s0)
core   0: 3 0x000000008000feb6 (0xfe043783) x15 0x000000008001204a mem 0x0000000080031f50
core   0: 0x000000008000feba (0x00178713) addi    a4, a5, 1
core   0: 3 0x000000008000feba (0x00178713) x14 0x000000008001204b
core   0: 0x000000008000febe (0xfee43023) sd      a4, -32(s0)
core   0: 3 0x000000008000febe (0xfee43023) mem 0x0000000080031f50 0x000000008001204b
core   0: 0x000000008000fec2 (0xfc442703) lw      a4, -60(s0)
core   0: 3 0x000000008000fec2 (0xfc442703) x14 0x0000000000000000 mem 0x0000000080031f34
core   0: 0x000000008000fec6 (0x0ff77713) andi    a4, a4, 255
core   0: 3 0x000000008000fec6 (0x0ff77713) x14 0x0000000000000000
core   0: 0x000000008000feca (0x00e78023) sb      a4, 0(a5)
core   0: 3 0x000000008000feca (0x00e78023) mem 0x000000008001204a 0x00
core   0: 0x000000008000fece (0xfc843703) ld      a4, -56(s0)
core   0: 3 0x000000008000fece (0xfc843703) x14 0x0000000080012040 mem 0x0000000080031f38
core   0: 0x000000008000fed2 (0xfb843783) ld      a5, -72(s0)
core   0: 3 0x000000008000fed2 (0xfb843783) x15 0x000000000000009c mem 0x0000000080031f28
core   0: 0x000000008000fed6 (0x000097ba) c.add   a5, a4
core   0: 3 0x000000008000fed6 (0x97ba) x15 0x00000000800120dc
core   0: 0x000000008000fed8 (0xfe043703) ld      a4, -32(s0)
core   0: 3 0x000000008000fed8 (0xfe043703) x14 0x000000008001204b mem 0x0000000080031f50
core   0: 0x000000008000fedc (0xfcf76de3) bltu    a4, a5, pc - 38
core   0: 3 0x000000008000fedc (0xfcf76de3)
core   0: 0x000000008000feb6 (0xfe043783) ld      a5, -32(s0)
core   0: 3 0x000000008000feb6 (0xfe043783) x15 0x000000008001204b mem 0x0000000080031f50
core   0: 0x000000008000feba (0x00178713) addi    a4, a5, 1
core   0: 3 0x000000008000feba (0x00178713) x14 0x000000008001204c
core   0: 0x000000008000febe (0xfee43023) sd      a4, -32(s0)
core   0: 3 0x000000008000febe (0xfee43023) mem 0x0000000080031f50 0x000000008001204c
core   0: 0x000000008000fec2 (0xfc442703) lw      a4, -60(s0)
core   0: 3 0x000000008000fec2 (0xfc442703) x14 0x0000000000000000 mem 0x0000000080031f34
core   0: 0x000000008000fec6 (0x0ff77713) andi    a4, a4, 255
core   0: 3 0x000000008000fec6 (0x0ff77713) x14 0x0000000000000000
core   0: 0x000000008000feca (0x00e78023) sb      a4, 0(a5)
core   0: 3 0x000000008000feca (0x00e78023) mem 0x000000008001204b 0x00
core   0: 0x000000008000fece (0xfc843703) ld      a4, -56(s0)
core   0: 3 0x000000008000fece (0xfc843703) x14 0x0000000080012040 mem 0x0000000080031f38
core   0: 0x000000008000fed2 (0xfb843783) ld      a5, -72(s0)
core   0: 3 0x000000008000fed2 (0xfb843783) x15 0x000000000000009c mem 0x0000000080031f28
core   0: 0x000000008000fed6 (0x000097ba) c.add   a5, a4
core   0: 3 0x000000008000fed6 (0x97ba) x15 0x00000000800120dc
core   0: 0x000000008000fed8 (0xfe043703) ld      a4, -32(s0)
core   0: 3 0x000000008000fed8 (0xfe043703) x14 0x000000008001204c mem 0x0000000080031f50
core   0: 0x000000008000fedc (0xfcf76de3) bltu    a4, a5, pc - 38
core   0: 3 0x000000008000fedc (0xfcf76de3)
core   0: 0x000000008000feb6 (0xfe043783) ld      a5, -32(s0)
core   0: 3 0x000000008000feb6 (0xfe043783) x15 0x000000008001204c mem 0x0000000080031f50
core   0: 0x000000008000feba (0x00178713) addi    a4, a5, 1
core   0: 3 0x000000008000feba (0x00178713) x14 0x000000008001204d
core   0: 0x000000008000febe (0xfee43023) sd      a4, -32(s0)
core   0: 3 0x000000008000febe (0xfee43023) mem 0x0000000080031f50 0x000000008001204d
core   0: 0x000000008000fec2 (0xfc442703) lw      a4, -60(s0)
core   0: 3 0x000000008000fec2 (0xfc442703) x14 0x0000000000000000 mem 0x0000000080031f34
core   0: 0x000000008000fec6 (0x0ff77713) andi    a4, a4, 255
core   0: 3 0x000000008000fec6 (0x0ff77713) x14 0x0000000000000000
core   0: 0x000000008000feca (0x00e78023) sb      a4, 0(a5)
core   0: 3 0x000000008000feca (0x00e78023) mem 0x000000008001204c 0x00
core   0: 0x000000008000fece (0xfc843703) ld      a4, -56(s0)
core   0: 3 0x000000008000fece (0xfc843703) x14 0x0000000080012040 mem 0x0000000080031f38
core   0: 0x000000008000fed2 (0xfb843783) ld      a5, -72(s0)
core   0: 3 0x000000008000fed2 (0xfb843783) x15 0x000000000000009c mem 0x0000000080031f28
core   0: 0x000000008000fed6 (0x000097ba) c.add   a5, a4
core   0: 3 0x000000008000fed6 (0x97ba) x15 0x00000000800120dc
core   0: 0x000000008000fed8 (0xfe043703) ld      a4, -32(s0)
core   0: 3 0x000000008000fed8 (0xfe043703) x14 0x000000008001204d mem 0x0000000080031f50
core   0: 0x000000008000fedc (0xfcf76de3) bltu    a4, a5, pc - 38
core   0: 3 0x000000008000fedc (0xfcf76de3)
core   0: 0x000000008000feb6 (0xfe043783) ld      a5, -32(s0)
core   0: 3 0x000000008000feb6 (0xfe043783) x15 0x000000008001204d mem 0x0000000080031f50
core   0: 0x000000008000feba (0x00178713) addi    a4, a5, 1
core   0: 3 0x000000008000feba (0x00178713) x14 0x000000008001204e
core   0: 0x000000008000febe (0xfee43023) sd      a4, -32(s0)
core   0: 3 0x000000008000febe (0xfee43023) mem 0x0000000080031f50 0x000000008001204e
core   0: 0x000000008000fec2 (0xfc442703) lw      a4, -60(s0)
core   0: 3 0x000000008000fec2 (0xfc442703) x14 0x0000000000000000 mem 0x0000000080031f34
core   0: 0x000000008000fec6 (0x0ff77713) andi    a4, a4, 255
core   0: 3 0x000000008000fec6 (0x0ff77713) x14 0x0000000000000000
core   0: 0x000000008000feca (0x00e78023) sb      a4, 0(a5)
core   0: 3 0x000000008000feca (0x00e78023) mem 0x000000008001204d 0x00
core   0: 0x000000008000fece (0xfc843703) ld      a4, -56(s0)
core   0: 3 0x000000008000fece (0xfc843703) x14 0x0000000080012040 mem 0x0000000080031f38
core   0: 0x000000008000fed2 (0xfb843783) ld      a5, -72(s0)
core   0: 3 0x000000008000fed2 (0xfb843783) x15 0x000000000000009c mem 0x0000000080031f28
core   0: 0x000000008000fed6 (0x000097ba) c.add   a5, a4
core   0: 3 0x000000008000fed6 (0x97ba) x15 0x00000000800120dc
core   0: 0x000000008000fed8 (0xfe043703) ld      a4, -32(s0)
core   0: 3 0x000000008000fed8 (0xfe043703) x14 0x000000008001204e mem 0x0000000080031f50
core   0: 0x000000008000fedc (0xfcf76de3) bltu    a4, a5, pc - 38
core   0: 3 0x000000008000fedc (0xfcf76de3)
core   0: 0x000000008000feb6 (0xfe043783) ld      a5, -32(s0)
core   0: 3 0x000000008000feb6 (0xfe043783) x15 0x000000008001204e mem 0x0000000080031f50
core   0: 0x000000008000feba (0x00178713) addi    a4, a5, 1
core   0: 3 0x000000008000feba (0x00178713) x14 0x000000008001204f
core   0: 0x000000008000febe (0xfee43023) sd      a4, -32(s0)
core   0: 3 0x000000008000febe (0xfee43023) mem 0x0000000080031f50 0x000000008001204f
core   0: 0x000000008000fec2 (0xfc442703) lw      a4, -60(s0)
core   0: 3 0x000000008000fec2 (0xfc442703) x14 0x0000000000000000 mem 0x0000000080031f34
core   0: 0x000000008000fec6 (0x0ff77713) andi    a4, a4, 255
core   0: 3 0x000000008000fec6 (0x0ff77713) x14 0x0000000000000000
core   0: 0x000000008000feca (0x00e78023) sb      a4, 0(a5)
core   0: 3 0x000000008000feca (0x00e78023) mem 0x000000008001204e 0x00
core   0: 0x000000008000fece (0xfc843703) ld      a4, -56(s0)
core   0: 3 0x000000008000fece (0xfc843703) x14 0x0000000080012040 mem 0x0000000080031f38
core   0: 0x000000008000fed2 (0xfb843783) ld      a5, -72(s0)
core   0: 3 0x000000008000fed2 (0xfb843783) x15 0x000000000000009c mem 0x0000000080031f28
core   0: 0x000000008000fed6 (0x000097ba) c.add   a5, a4
core   0: 3 0x000000008000fed6 (0x97ba) x15 0x00000000800120dc
core   0: 0x000000008000fed8 (0xfe043703) ld      a4, -32(s0)
core   0: 3 0x000000008000fed8 (0xfe043703) x14 0x000000008001204f mem 0x0000000080031f50
core   0: 0x000000008000fedc (0xfcf76de3) bltu    a4, a5, pc - 38
core   0: 3 0x000000008000fedc (0xfcf76de3)
core   0: 0x000000008000feb6 (0xfe043783) ld      a5, -32(s0)
core   0: 3 0x000000008000feb6 (0xfe043783) x15 0x000000008001204f mem 0x0000000080031f50
core   0: 0x000000008000feba (0x00178713) addi    a4, a5, 1
core   0: 3 0x000000008000feba (0x00178713) x14 0x0000000080012050
core   0: 0x000000008000febe (0xfee43023) sd      a4, -32(s0)
core   0: 3 0x000000008000febe (0xfee43023) mem 0x0000000080031f50 0x0000000080012050
core   0: 0x000000008000fec2 (0xfc442703) lw      a4, -60(s0)
core   0: 3 0x000000008000fec2 (0xfc442703) x14 0x0000000000000000 mem 0x0000000080031f34
core   0: 0x000000008000fec6 (0x0ff77713) andi    a4, a4, 255
core   0: 3 0x000000008000fec6 (0x0ff77713) x14 0x0000000000000000
core   0: 0x000000008000feca (0x00e78023) sb      a4, 0(a5)
core   0: 3 0x000000008000feca (0x00e78023) mem 0x000000008001204f 0x00
core   0: 0x000000008000fece (0xfc843703) ld      a4, -56(s0)
core   0: 3 0x000000008000fece (0xfc843703) x14 0x0000000080012040 mem 0x0000000080031f38
core   0: 0x000000008000fed2 (0xfb843783) ld      a5, -72(s0)
core   0: 3 0x000000008000fed2 (0xfb843783) x15 0x000000000000009c mem 0x0000000080031f28
core   0: 0x000000008000fed6 (0x000097ba) c.add   a5, a4
core   0: 3 0x000000008000fed6 (0x97ba) x15 0x00000000800120dc
core   0: 0x000000008000fed8 (0xfe043703) ld      a4, -32(s0)
core   0: 3 0x000000008000fed8 (0xfe043703) x14 0x0000000080012050 mem 0x0000000080031f50
core   0: 0x000000008000fedc (0xfcf76de3) bltu    a4, a5, pc - 38
core   0: 3 0x000000008000fedc (0xfcf76de3)
core   0: 0x000000008000feb6 (0xfe043783) ld      a5, -32(s0)
core   0: 3 0x000000008000feb6 (0xfe043783) x15 0x0000000080012050 mem 0x0000000080031f50
core   0: 0x000000008000feba (0x00178713) addi    a4, a5, 1
core   0: 3 0x000000008000feba (0x00178713) x14 0x0000000080012051
core   0: 0x000000008000febe (0xfee43023) sd      a4, -32(s0)
core   0: 3 0x000000008000febe (0xfee43023) mem 0x0000000080031f50 0x0000000080012051
core   0: 0x000000008000fec2 (0xfc442703) lw      a4, -60(s0)
core   0: 3 0x000000008000fec2 (0xfc442703) x14 0x0000000000000000 mem 0x0000000080031f34
core   0: 0x000000008000fec6 (0x0ff77713) andi    a4, a4, 255
core   0: 3 0x000000008000fec6 (0x0ff77713) x14 0x0000000000000000
core   0: 0x000000008000feca (0x00e78023) sb      a4, 0(a5)
core   0: 3 0x000000008000feca (0x00e78023) mem 0x0000000080012050 0x00
core   0: 0x000000008000fece (0xfc843703) ld      a4, -56(s0)
core   0: 3 0x000000008000fece (0xfc843703) x14 0x0000000080012040 mem 0x0000000080031f38
core   0: 0x000000008000fed2 (0xfb843783) ld      a5, -72(s0)
core   0: 3 0x000000008000fed2 (0xfb843783) x15 0x000000000000009c mem 0x0000000080031f28
core   0: 0x000000008000fed6 (0x000097ba) c.add   a5, a4
core   0: 3 0x000000008000fed6 (0x97ba) x15 0x00000000800120dc
core   0: 0x000000008000fed8 (0xfe043703) ld      a4, -32(s0)
core   0: 3 0x000000008000fed8 (0xfe043703) x14 0x0000000080012051 mem 0x0000000080031f50
core   0: 0x000000008000fedc (0xfcf76de3) bltu    a4, a5, pc - 38
core   0: 3 0x000000008000fedc (0xfcf76de3)
core   0: 0x000000008000feb6 (0xfe043783) ld      a5, -32(s0)
core   0: 3 0x000000008000feb6 (0xfe043783) x15 0x0000000080012051 mem 0x0000000080031f50
core   0: 0x000000008000feba (0x00178713) addi    a4, a5, 1
core   0: 3 0x000000008000feba (0x00178713) x14 0x0000000080012052
core   0: 0x000000008000febe (0xfee43023) sd      a4, -32(s0)
core   0: 3 0x000000008000febe (0xfee43023) mem 0x0000000080031f50 0x0000000080012052
core   0: 0x000000008000fec2 (0xfc442703) lw      a4, -60(s0)
core   0: 3 0x000000008000fec2 (0xfc442703) x14 0x0000000000000000 mem 0x0000000080031f34
core   0: 0x000000008000fec6 (0x0ff77713) andi    a4, a4, 255
core   0: 3 0x000000008000fec6 (0x0ff77713) x14 0x0000000000000000
core   0: 0x000000008000feca (0x00e78023) sb      a4, 0(a5)
core   0: 3 0x000000008000feca (0x00e78023) mem 0x0000000080012051 0x00
core   0: 0x000000008000fece (0xfc843703) ld      a4, -56(s0)
core   0: 3 0x000000008000fece (0xfc843703) x14 0x0000000080012040 mem 0x0000000080031f38
core   0: 0x000000008000fed2 (0xfb843783) ld      a5, -72(s0)
core   0: 3 0x000000008000fed2 (0xfb843783) x15 0x000000000000009c mem 0x0000000080031f28
core   0: 0x000000008000fed6 (0x000097ba) c.add   a5, a4
core   0: 3 0x000000008000fed6 (0x97ba) x15 0x00000000800120dc
core   0: 0x000000008000fed8 (0xfe043703) ld      a4, -32(s0)
core   0: 3 0x000000008000fed8 (0xfe043703) x14 0x0000000080012052 mem 0x0000000080031f50
core   0: 0x000000008000fedc (0xfcf76de3) bltu    a4, a5, pc - 38
core   0: 3 0x000000008000fedc (0xfcf76de3)
core   0: 0x000000008000feb6 (0xfe043783) ld      a5, -32(s0)
core   0: 3 0x000000008000feb6 (0xfe043783) x15 0x0000000080012052 mem 0x0000000080031f50
core   0: 0x000000008000feba (0x00178713) addi    a4, a5, 1
core   0: 3 0x000000008000feba (0x00178713) x14 0x0000000080012053
core   0: 0x000000008000febe (0xfee43023) sd      a4, -32(s0)
core   0: 3 0x000000008000febe (0xfee43023) mem 0x0000000080031f50 0x0000000080012053
core   0: 0x000000008000fec2 (0xfc442703) lw      a4, -60(s0)
core   0: 3 0x000000008000fec2 (0xfc442703) x14 0x0000000000000000 mem 0x0000000080031f34
core   0: 0x000000008000fec6 (0x0ff77713) andi    a4, a4, 255
core   0: 3 0x000000008000fec6 (0x0ff77713) x14 0x0000000000000000
core   0: 0x000000008000feca (0x00e78023) sb      a4, 0(a5)
core   0: 3 0x000000008000feca (0x00e78023) mem 0x0000000080012052 0x00
core   0: 0x000000008000fece (0xfc843703) ld      a4, -56(s0)
core   0: 3 0x000000008000fece (0xfc843703) x14 0x0000000080012040 mem 0x0000000080031f38
core   0: 0x000000008000fed2 (0xfb843783) ld      a5, -72(s0)
core   0: 3 0x000000008000fed2 (0xfb843783) x15 0x000000000000009c mem 0x0000000080031f28
core   0: 0x000000008000fed6 (0x000097ba) c.add   a5, a4
core   0: 3 0x000000008000fed6 (0x97ba) x15 0x00000000800120dc
core   0: 0x000000008000fed8 (0xfe043703) ld      a4, -32(s0)
core   0: 3 0x000000008000fed8 (0xfe043703) x14 0x0000000080012053 mem 0x0000000080031f50
core   0: 0x000000008000fedc (0xfcf76de3) bltu    a4, a5, pc - 38
core   0: 3 0x000000008000fedc (0xfcf76de3)
core   0: 0x000000008000feb6 (0xfe043783) ld      a5, -32(s0)
core   0: 3 0x000000008000feb6 (0xfe043783) x15 0x0000000080012053 mem 0x0000000080031f50
core   0: 0x000000008000feba (0x00178713) addi    a4, a5, 1
core   0: 3 0x000000008000feba (0x00178713) x14 0x0000000080012054
core   0: 0x000000008000febe (0xfee43023) sd      a4, -32(s0)
core   0: 3 0x000000008000febe (0xfee43023) mem 0x0000000080031f50 0x0000000080012054
core   0: 0x000000008000fec2 (0xfc442703) lw      a4, -60(s0)
core   0: 3 0x000000008000fec2 (0xfc442703) x14 0x0000000000000000 mem 0x0000000080031f34
core   0: 0x000000008000fec6 (0x0ff77713) andi    a4, a4, 255
core   0: 3 0x000000008000fec6 (0x0ff77713) x14 0x0000000000000000
core   0: 0x000000008000feca (0x00e78023) sb      a4, 0(a5)
core   0: 3 0x000000008000feca (0x00e78023) mem 0x0000000080012053 0x00
core   0: 0x000000008000fece (0xfc843703) ld      a4, -56(s0)
core   0: 3 0x000000008000fece (0xfc843703) x14 0x0000000080012040 mem 0x0000000080031f38
core   0: 0x000000008000fed2 (0xfb843783) ld      a5, -72(s0)
core   0: 3 0x000000008000fed2 (0xfb843783) x15 0x000000000000009c mem 0x0000000080031f28
core   0: 0x000000008000fed6 (0x000097ba) c.add   a5, a4
core   0: 3 0x000000008000fed6 (0x97ba) x15 0x00000000800120dc
core   0: 0x000000008000fed8 (0xfe043703) ld      a4, -32(s0)
core   0: 3 0x000000008000fed8 (0xfe043703) x14 0x0000000080012054 mem 0x0000000080031f50
core   0: 0x000000008000fedc (0xfcf76de3) bltu    a4, a5, pc - 38
core   0: 3 0x000000008000fedc (0xfcf76de3)
core   0: 0x000000008000feb6 (0xfe043783) ld      a5, -32(s0)
core   0: 3 0x000000008000feb6 (0xfe043783) x15 0x0000000080012054 mem 0x0000000080031f50
core   0: 0x000000008000feba (0x00178713) addi    a4, a5, 1
core   0: 3 0x000000008000feba (0x00178713) x14 0x0000000080012055
core   0: 0x000000008000febe (0xfee43023) sd      a4, -32(s0)
core   0: 3 0x000000008000febe (0xfee43023) mem 0x0000000080031f50 0x0000000080012055
core   0: 0x000000008000fec2 (0xfc442703) lw      a4, -60(s0)
core   0: 3 0x000000008000fec2 (0xfc442703) x14 0x0000000000000000 mem 0x0000000080031f34
core   0: 0x000000008000fec6 (0x0ff77713) andi    a4, a4, 255
core   0: 3 0x000000008000fec6 (0x0ff77713) x14 0x0000000000000000
core   0: 0x000000008000feca (0x00e78023) sb      a4, 0(a5)
core   0: 3 0x000000008000feca (0x00e78023) mem 0x0000000080012054 0x00
core   0: 0x000000008000fece (0xfc843703) ld      a4, -56(s0)
core   0: 3 0x000000008000fece (0xfc843703) x14 0x0000000080012040 mem 0x0000000080031f38
core   0: 0x000000008000fed2 (0xfb843783) ld      a5, -72(s0)
core   0: 3 0x000000008000fed2 (0xfb843783) x15 0x000000000000009c mem 0x0000000080031f28
core   0: 0x000000008000fed6 (0x000097ba) c.add   a5, a4
core   0: 3 0x000000008000fed6 (0x97ba) x15 0x00000000800120dc
core   0: 0x000000008000fed8 (0xfe043703) ld      a4, -32(s0)
core   0: 3 0x000000008000fed8 (0xfe043703) x14 0x0000000080012055 mem 0x0000000080031f50
core   0: 0x000000008000fedc (0xfcf76de3) bltu    a4, a5, pc - 38
core   0: 3 0x000000008000fedc (0xfcf76de3)
core   0: 0x000000008000feb6 (0xfe043783) ld      a5, -32(s0)
core   0: 3 0x000000008000feb6 (0xfe043783) x15 0x0000000080012055 mem 0x0000000080031f50
core   0: 0x000000008000feba (0x00178713) addi    a4, a5, 1
core   0: 3 0x000000008000feba (0x00178713) x14 0x0000000080012056
core   0: 0x000000008000febe (0xfee43023) sd      a4, -32(s0)
core   0: 3 0x000000008000febe (0xfee43023) mem 0x0000000080031f50 0x0000000080012056
core   0: 0x000000008000fec2 (0xfc442703) lw      a4, -60(s0)
core   0: 3 0x000000008000fec2 (0xfc442703) x14 0x0000000000000000 mem 0x0000000080031f34
core   0: 0x000000008000fec6 (0x0ff77713) andi    a4, a4, 255
core   0: 3 0x000000008000fec6 (0x0ff77713) x14 0x0000000000000000
core   0: 0x000000008000feca (0x00e78023) sb      a4, 0(a5)
core   0: 3 0x000000008000feca (0x00e78023) mem 0x0000000080012055 0x00
core   0: 0x000000008000fece (0xfc843703) ld      a4, -56(s0)
core   0: 3 0x000000008000fece (0xfc843703) x14 0x0000000080012040 mem 0x0000000080031f38
core   0: 0x000000008000fed2 (0xfb843783) ld      a5, -72(s0)
core   0: 3 0x000000008000fed2 (0xfb843783) x15 0x000000000000009c mem 0x0000000080031f28
core   0: 0x000000008000fed6 (0x000097ba) c.add   a5, a4
core   0: 3 0x000000008000fed6 (0x97ba) x15 0x00000000800120dc
core   0: 0x000000008000fed8 (0xfe043703) ld      a4, -32(s0)
core   0: 3 0x000000008000fed8 (0xfe043703) x14 0x0000000080012056 mem 0x0000000080031f50
core   0: 0x000000008000fedc (0xfcf76de3) bltu    a4, a5, pc - 38
core   0: 3 0x000000008000fedc (0xfcf76de3)
core   0: 0x000000008000feb6 (0xfe043783) ld      a5, -32(s0)
core   0: 3 0x000000008000feb6 (0xfe043783) x15 0x0000000080012056 mem 0x0000000080031f50
core   0: 0x000000008000feba (0x00178713) addi    a4, a5, 1
core   0: 3 0x000000008000feba (0x00178713) x14 0x0000000080012057
core   0: 0x000000008000febe (0xfee43023) sd      a4, -32(s0)
core   0: 3 0x000000008000febe (0xfee43023) mem 0x0000000080031f50 0x0000000080012057
core   0: 0x000000008000fec2 (0xfc442703) lw      a4, -60(s0)
core   0: 3 0x000000008000fec2 (0xfc442703) x14 0x0000000000000000 mem 0x0000000080031f34
core   0: 0x000000008000fec6 (0x0ff77713) andi    a4, a4, 255
core   0: 3 0x000000008000fec6 (0x0ff77713) x14 0x0000000000000000
core   0: 0x000000008000feca (0x00e78023) sb      a4, 0(a5)
core   0: 3 0x000000008000feca (0x00e78023) mem 0x0000000080012056 0x00
core   0: 0x000000008000fece (0xfc843703) ld      a4, -56(s0)
core   0: 3 0x000000008000fece (0xfc843703) x14 0x0000000080012040 mem 0x0000000080031f38
core   0: 0x000000008000fed2 (0xfb843783) ld      a5, -72(s0)
core   0: 3 0x000000008000fed2 (0xfb843783) x15 0x000000000000009c mem 0x0000000080031f28
core   0: 0x000000008000fed6 (0x000097ba) c.add   a5, a4
core   0: 3 0x000000008000fed6 (0x97ba) x15 0x00000000800120dc
core   0: 0x000000008000fed8 (0xfe043703) ld      a4, -32(s0)
core   0: 3 0x000000008000fed8 (0xfe043703) x14 0x0000000080012057 mem 0x0000000080031f50
core   0: 0x000000008000fedc (0xfcf76de3) bltu    a4, a5, pc - 38
core   0: 3 0x000000008000fedc (0xfcf76de3)
core   0: 0x000000008000feb6 (0xfe043783) ld      a5, -32(s0)
core   0: 3 0x000000008000feb6 (0xfe043783) x15 0x0000000080012057 mem 0x0000000080031f50
core   0: 0x000000008000feba (0x00178713) addi    a4, a5, 1
core   0: 3 0x000000008000feba (0x00178713) x14 0x0000000080012058
core   0: 0x000000008000febe (0xfee43023) sd      a4, -32(s0)
core   0: 3 0x000000008000febe (0xfee43023) mem 0x0000000080031f50 0x0000000080012058
core   0: 0x000000008000fec2 (0xfc442703) lw      a4, -60(s0)
core   0: 3 0x000000008000fec2 (0xfc442703) x14 0x0000000000000000 mem 0x0000000080031f34
core   0: 0x000000008000fec6 (0x0ff77713) andi    a4, a4, 255
core   0: 3 0x000000008000fec6 (0x0ff77713) x14 0x0000000000000000
core   0: 0x000000008000feca (0x00e78023) sb      a4, 0(a5)
core   0: 3 0x000000008000feca (0x00e78023) mem 0x0000000080012057 0x00
core   0: 0x000000008000fece (0xfc843703) ld      a4, -56(s0)
core   0: 3 0x000000008000fece (0xfc843703) x14 0x0000000080012040 mem 0x0000000080031f38
core   0: 0x000000008000fed2 (0xfb843783) ld      a5, -72(s0)
core   0: 3 0x000000008000fed2 (0xfb843783) x15 0x000000000000009c mem 0x0000000080031f28
core   0: 0x000000008000fed6 (0x000097ba) c.add   a5, a4
core   0: 3 0x000000008000fed6 (0x97ba) x15 0x00000000800120dc
core   0: 0x000000008000fed8 (0xfe043703) ld      a4, -32(s0)
core   0: 3 0x000000008000fed8 (0xfe043703) x14 0x0000000080012058 mem 0x0000000080031f50
core   0: 0x000000008000fedc (0xfcf76de3) bltu    a4, a5, pc - 38
core   0: 3 0x000000008000fedc (0xfcf76de3)
core   0: 0x000000008000feb6 (0xfe043783) ld      a5, -32(s0)
core   0: 3 0x000000008000feb6 (0xfe043783) x15 0x0000000080012058 mem 0x0000000080031f50
core   0: 0x000000008000feba (0x00178713) addi    a4, a5, 1
core   0: 3 0x000000008000feba (0x00178713) x14 0x0000000080012059
core   0: 0x000000008000febe (0xfee43023) sd      a4, -32(s0)
core   0: 3 0x000000008000febe (0xfee43023) mem 0x0000000080031f50 0x0000000080012059
core   0: 0x000000008000fec2 (0xfc442703) lw      a4, -60(s0)
core   0: 3 0x000000008000fec2 (0xfc442703) x14 0x0000000000000000 mem 0x0000000080031f34
core   0: 0x000000008000fec6 (0x0ff77713) andi    a4, a4, 255
core   0: 3 0x000000008000fec6 (0x0ff77713) x14 0x0000000000000000
core   0: 0x000000008000feca (0x00e78023) sb      a4, 0(a5)
core   0: 3 0x000000008000feca (0x00e78023) mem 0x0000000080012058 0x00
core   0: 0x000000008000fece (0xfc843703) ld      a4, -56(s0)
core   0: 3 0x000000008000fece (0xfc843703) x14 0x0000000080012040 mem 0x0000000080031f38
core   0: 0x000000008000fed2 (0xfb843783) ld      a5, -72(s0)
core   0: 3 0x000000008000fed2 (0xfb843783) x15 0x000000000000009c mem 0x0000000080031f28
core   0: 0x000000008000fed6 (0x000097ba) c.add   a5, a4
core   0: 3 0x000000008000fed6 (0x97ba) x15 0x00000000800120dc
core   0: 0x000000008000fed8 (0xfe043703) ld      a4, -32(s0)
core   0: 3 0x000000008000fed8 (0xfe043703) x14 0x0000000080012059 mem 0x0000000080031f50
core   0: 0x000000008000fedc (0xfcf76de3) bltu    a4, a5, pc - 38
core   0: 3 0x000000008000fedc (0xfcf76de3)
core   0: 0x000000008000feb6 (0xfe043783) ld      a5, -32(s0)
core   0: 3 0x000000008000feb6 (0xfe043783) x15 0x0000000080012059 mem 0x0000000080031f50
core   0: 0x000000008000feba (0x00178713) addi    a4, a5, 1
core   0: 3 0x000000008000feba (0x00178713) x14 0x000000008001205a
core   0: 0x000000008000febe (0xfee43023) sd      a4, -32(s0)
core   0: 3 0x000000008000febe (0xfee43023) mem 0x0000000080031f50 0x000000008001205a
core   0: 0x000000008000fec2 (0xfc442703) lw      a4, -60(s0)
core   0: 3 0x000000008000fec2 (0xfc442703) x14 0x0000000000000000 mem 0x0000000080031f34
core   0: 0x000000008000fec6 (0x0ff77713) andi    a4, a4, 255
core   0: 3 0x000000008000fec6 (0x0ff77713) x14 0x0000000000000000
core   0: 0x000000008000feca (0x00e78023) sb      a4, 0(a5)
core   0: 3 0x000000008000feca (0x00e78023) mem 0x0000000080012059 0x00
core   0: 0x000000008000fece (0xfc843703) ld      a4, -56(s0)
core   0: 3 0x000000008000fece (0xfc843703) x14 0x0000000080012040 mem 0x0000000080031f38
core   0: 0x000000008000fed2 (0xfb843783) ld      a5, -72(s0)
core   0: 3 0x000000008000fed2 (0xfb843783) x15 0x000000000000009c mem 0x0000000080031f28
core   0: 0x000000008000fed6 (0x000097ba) c.add   a5, a4
core   0: 3 0x000000008000fed6 (0x97ba) x15 0x00000000800120dc
core   0: 0x000000008000fed8 (0xfe043703) ld      a4, -32(s0)
core   0: 3 0x000000008000fed8 (0xfe043703) x14 0x000000008001205a mem 0x0000000080031f50
core   0: 0x000000008000fedc (0xfcf76de3) bltu    a4, a5, pc - 38
core   0: 3 0x000000008000fedc (0xfcf76de3)
core   0: 0x000000008000feb6 (0xfe043783) ld      a5, -32(s0)
core   0: 3 0x000000008000feb6 (0xfe043783) x15 0x000000008001205a mem 0x0000000080031f50
core   0: 0x000000008000feba (0x00178713) addi    a4, a5, 1
core   0: 3 0x000000008000feba (0x00178713) x14 0x000000008001205b
core   0: 0x000000008000febe (0xfee43023) sd      a4, -32(s0)
core   0: 3 0x000000008000febe (0xfee43023) mem 0x0000000080031f50 0x000000008001205b
core   0: 0x000000008000fec2 (0xfc442703) lw      a4, -60(s0)
core   0: 3 0x000000008000fec2 (0xfc442703) x14 0x0000000000000000 mem 0x0000000080031f34
core   0: 0x000000008000fec6 (0x0ff77713) andi    a4, a4, 255
core   0: 3 0x000000008000fec6 (0x0ff77713) x14 0x0000000000000000
core   0: 0x000000008000feca (0x00e78023) sb      a4, 0(a5)
core   0: 3 0x000000008000feca (0x00e78023) mem 0x000000008001205a 0x00
core   0: 0x000000008000fece (0xfc843703) ld      a4, -56(s0)
core   0: 3 0x000000008000fece (0xfc843703) x14 0x0000000080012040 mem 0x0000000080031f38
core   0: 0x000000008000fed2 (0xfb843783) ld      a5, -72(s0)
core   0: 3 0x000000008000fed2 (0xfb843783) x15 0x000000000000009c mem 0x0000000080031f28
core   0: 0x000000008000fed6 (0x000097ba) c.add   a5, a4
core   0: 3 0x000000008000fed6 (0x97ba) x15 0x00000000800120dc
core   0: 0x000000008000fed8 (0xfe043703) ld      a4, -32(s0)
core   0: 3 0x000000008000fed8 (0xfe043703) x14 0x000000008001205b mem 0x0000000080031f50
core   0: 0x000000008000fedc (0xfcf76de3) bltu    a4, a5, pc - 38
core   0: 3 0x000000008000fedc (0xfcf76de3)
core   0: 0x000000008000feb6 (0xfe043783) ld      a5, -32(s0)
core   0: 3 0x000000008000feb6 (0xfe043783) x15 0x000000008001205b mem 0x0000000080031f50
core   0: 0x000000008000feba (0x00178713) addi    a4, a5, 1
core   0: 3 0x000000008000feba (0x00178713) x14 0x000000008001205c
core   0: 0x000000008000febe (0xfee43023) sd      a4, -32(s0)
core   0: 3 0x000000008000febe (0xfee43023) mem 0x0000000080031f50 0x000000008001205c
core   0: 0x000000008000fec2 (0xfc442703) lw      a4, -60(s0)
core   0: 3 0x000000008000fec2 (0xfc442703) x14 0x0000000000000000 mem 0x0000000080031f34
core   0: 0x000000008000fec6 (0x0ff77713) andi    a4, a4, 255
core   0: 3 0x000000008000fec6 (0x0ff77713) x14 0x0000000000000000
core   0: 0x000000008000feca (0x00e78023) sb      a4, 0(a5)
core   0: 3 0x000000008000feca (0x00e78023) mem 0x000000008001205b 0x00
core   0: 0x000000008000fece (0xfc843703) ld      a4, -56(s0)
core   0: 3 0x000000008000fece (0xfc843703) x14 0x0000000080012040 mem 0x0000000080031f38
core   0: 0x000000008000fed2 (0xfb843783) ld      a5, -72(s0)
core   0: 3 0x000000008000fed2 (0xfb843783) x15 0x000000000000009c mem 0x0000000080031f28
core   0: 0x000000008000fed6 (0x000097ba) c.add   a5, a4
core   0: 3 0x000000008000fed6 (0x97ba) x15 0x00000000800120dc
core   0: 0x000000008000fed8 (0xfe043703) ld      a4, -32(s0)
core   0: 3 0x000000008000fed8 (0xfe043703) x14 0x000000008001205c mem 0x0000000080031f50
core   0: 0x000000008000fedc (0xfcf76de3) bltu    a4, a5, pc - 38
core   0: 3 0x000000008000fedc (0xfcf76de3)
core   0: 0x000000008000feb6 (0xfe043783) ld      a5, -32(s0)
core   0: 3 0x000000008000feb6 (0xfe043783) x15 0x000000008001205c mem 0x0000000080031f50
core   0: 0x000000008000feba (0x00178713) addi    a4, a5, 1
core   0: 3 0x000000008000feba (0x00178713) x14 0x000000008001205d
core   0: 0x000000008000febe (0xfee43023) sd      a4, -32(s0)
core   0: 3 0x000000008000febe (0xfee43023) mem 0x0000000080031f50 0x000000008001205d
core   0: 0x000000008000fec2 (0xfc442703) lw      a4, -60(s0)
core   0: 3 0x000000008000fec2 (0xfc442703) x14 0x0000000000000000 mem 0x0000000080031f34
core   0: 0x000000008000fec6 (0x0ff77713) andi    a4, a4, 255
core   0: 3 0x000000008000fec6 (0x0ff77713) x14 0x0000000000000000
core   0: 0x000000008000feca (0x00e78023) sb      a4, 0(a5)
core   0: 3 0x000000008000feca (0x00e78023) mem 0x000000008001205c 0x00
core   0: 0x000000008000fece (0xfc843703) ld      a4, -56(s0)
core   0: 3 0x000000008000fece (0xfc843703) x14 0x0000000080012040 mem 0x0000000080031f38
core   0: 0x000000008000fed2 (0xfb843783) ld      a5, -72(s0)
core   0: 3 0x000000008000fed2 (0xfb843783) x15 0x000000000000009c mem 0x0000000080031f28
core   0: 0x000000008000fed6 (0x000097ba) c.add   a5, a4
core   0: 3 0x000000008000fed6 (0x97ba) x15 0x00000000800120dc
core   0: 0x000000008000fed8 (0xfe043703) ld      a4, -32(s0)
core   0: 3 0x000000008000fed8 (0xfe043703) x14 0x000000008001205d mem 0x0000000080031f50
core   0: 0x000000008000fedc (0xfcf76de3) bltu    a4, a5, pc - 38
core   0: 3 0x000000008000fedc (0xfcf76de3)
core   0: 0x000000008000feb6 (0xfe043783) ld      a5, -32(s0)
core   0: 3 0x000000008000feb6 (0xfe043783) x15 0x000000008001205d mem 0x0000000080031f50
core   0: 0x000000008000feba (0x00178713) addi    a4, a5, 1
core   0: 3 0x000000008000feba (0x00178713) x14 0x000000008001205e
core   0: 0x000000008000febe (0xfee43023) sd      a4, -32(s0)
core   0: 3 0x000000008000febe (0xfee43023) mem 0x0000000080031f50 0x000000008001205e
core   0: 0x000000008000fec2 (0xfc442703) lw      a4, -60(s0)
core   0: 3 0x000000008000fec2 (0xfc442703) x14 0x0000000000000000 mem 0x0000000080031f34
core   0: 0x000000008000fec6 (0x0ff77713) andi    a4, a4, 255
core   0: 3 0x000000008000fec6 (0x0ff77713) x14 0x0000000000000000
core   0: 0x000000008000feca (0x00e78023) sb      a4, 0(a5)
core   0: 3 0x000000008000feca (0x00e78023) mem 0x000000008001205d 0x00
core   0: 0x000000008000fece (0xfc843703) ld      a4, -56(s0)
core   0: 3 0x000000008000fece (0xfc843703) x14 0x0000000080012040 mem 0x0000000080031f38
core   0: 0x000000008000fed2 (0xfb843783) ld      a5, -72(s0)
core   0: 3 0x000000008000fed2 (0xfb843783) x15 0x000000000000009c mem 0x0000000080031f28
core   0: 0x000000008000fed6 (0x000097ba) c.add   a5, a4
core   0: 3 0x000000008000fed6 (0x97ba) x15 0x00000000800120dc
core   0: 0x000000008000fed8 (0xfe043703) ld      a4, -32(s0)
core   0: 3 0x000000008000fed8 (0xfe043703) x14 0x000000008001205e mem 0x0000000080031f50
core   0: 0x000000008000fedc (0xfcf76de3) bltu    a4, a5, pc - 38
core   0: 3 0x000000008000fedc (0xfcf76de3)
core   0: 0x000000008000feb6 (0xfe043783) ld      a5, -32(s0)
core   0: 3 0x000000008000feb6 (0xfe043783) x15 0x000000008001205e mem 0x0000000080031f50
core   0: 0x000000008000feba (0x00178713) addi    a4, a5, 1
core   0: 3 0x000000008000feba (0x00178713) x14 0x000000008001205f
core   0: 0x000000008000febe (0xfee43023) sd      a4, -32(s0)
core   0: 3 0x000000008000febe (0xfee43023) mem 0x0000000080031f50 0x000000008001205f
core   0: 0x000000008000fec2 (0xfc442703) lw      a4, -60(s0)
core   0: 3 0x000000008000fec2 (0xfc442703) x14 0x0000000000000000 mem 0x0000000080031f34
core   0: 0x000000008000fec6 (0x0ff77713) andi    a4, a4, 255
core   0: 3 0x000000008000fec6 (0x0ff77713) x14 0x0000000000000000
core   0: 0x000000008000feca (0x00e78023) sb      a4, 0(a5)
core   0: 3 0x000000008000feca (0x00e78023) mem 0x000000008001205e 0x00
core   0: 0x000000008000fece (0xfc843703) ld      a4, -56(s0)
core   0: 3 0x000000008000fece (0xfc843703) x14 0x0000000080012040 mem 0x0000000080031f38
core   0: 0x000000008000fed2 (0xfb843783) ld      a5, -72(s0)
core   0: 3 0x000000008000fed2 (0xfb843783) x15 0x000000000000009c mem 0x0000000080031f28
core   0: 0x000000008000fed6 (0x000097ba) c.add   a5, a4
core   0: 3 0x000000008000fed6 (0x97ba) x15 0x00000000800120dc
core   0: 0x000000008000fed8 (0xfe043703) ld      a4, -32(s0)
core   0: 3 0x000000008000fed8 (0xfe043703) x14 0x000000008001205f mem 0x0000000080031f50
core   0: 0x000000008000fedc (0xfcf76de3) bltu    a4, a5, pc - 38
core   0: 3 0x000000008000fedc (0xfcf76de3)
core   0: 0x000000008000feb6 (0xfe043783) ld      a5, -32(s0)
core   0: 3 0x000000008000feb6 (0xfe043783) x15 0x000000008001205f mem 0x0000000080031f50
core   0: 0x000000008000feba (0x00178713) addi    a4, a5, 1
core   0: 3 0x000000008000feba (0x00178713) x14 0x0000000080012060
core   0: 0x000000008000febe (0xfee43023) sd      a4, -32(s0)
core   0: 3 0x000000008000febe (0xfee43023) mem 0x0000000080031f50 0x0000000080012060
core   0: 0x000000008000fec2 (0xfc442703) lw      a4, -60(s0)
core   0: 3 0x000000008000fec2 (0xfc442703) x14 0x0000000000000000 mem 0x0000000080031f34
core   0: 0x000000008000fec6 (0x0ff77713) andi    a4, a4, 255
core   0: 3 0x000000008000fec6 (0x0ff77713) x14 0x0000000000000000
core   0: 0x000000008000feca (0x00e78023) sb      a4, 0(a5)
core   0: 3 0x000000008000feca (0x00e78023) mem 0x000000008001205f 0x00
core   0: 0x000000008000fece (0xfc843703) ld      a4, -56(s0)
core   0: 3 0x000000008000fece (0xfc843703) x14 0x0000000080012040 mem 0x0000000080031f38
core   0: 0x000000008000fed2 (0xfb843783) ld      a5, -72(s0)
core   0: 3 0x000000008000fed2 (0xfb843783) x15 0x000000000000009c mem 0x0000000080031f28
core   0: 0x000000008000fed6 (0x000097ba) c.add   a5, a4
core   0: 3 0x000000008000fed6 (0x97ba) x15 0x00000000800120dc
core   0: 0x000000008000fed8 (0xfe043703) ld      a4, -32(s0)
core   0: 3 0x000000008000fed8 (0xfe043703) x14 0x0000000080012060 mem 0x0000000080031f50
core   0: 0x000000008000fedc (0xfcf76de3) bltu    a4, a5, pc - 38
core   0: 3 0x000000008000fedc (0xfcf76de3)
core   0: 0x000000008000feb6 (0xfe043783) ld      a5, -32(s0)
core   0: 3 0x000000008000feb6 (0xfe043783) x15 0x0000000080012060 mem 0x0000000080031f50
core   0: 0x000000008000feba (0x00178713) addi    a4, a5, 1
core   0: 3 0x000000008000feba (0x00178713) x14 0x0000000080012061
core   0: 0x000000008000febe (0xfee43023) sd      a4, -32(s0)
core   0: 3 0x000000008000febe (0xfee43023) mem 0x0000000080031f50 0x0000000080012061
core   0: 0x000000008000fec2 (0xfc442703) lw      a4, -60(s0)
core   0: 3 0x000000008000fec2 (0xfc442703) x14 0x0000000000000000 mem 0x0000000080031f34
core   0: 0x000000008000fec6 (0x0ff77713) andi    a4, a4, 255
core   0: 3 0x000000008000fec6 (0x0ff77713) x14 0x0000000000000000
core   0: 0x000000008000feca (0x00e78023) sb      a4, 0(a5)
core   0: 3 0x000000008000feca (0x00e78023) mem 0x0000000080012060 0x00
core   0: 0x000000008000fece (0xfc843703) ld      a4, -56(s0)
core   0: 3 0x000000008000fece (0xfc843703) x14 0x0000000080012040 mem 0x0000000080031f38
core   0: 0x000000008000fed2 (0xfb843783) ld      a5, -72(s0)
core   0: 3 0x000000008000fed2 (0xfb843783) x15 0x000000000000009c mem 0x0000000080031f28
core   0: 0x000000008000fed6 (0x000097ba) c.add   a5, a4
core   0: 3 0x000000008000fed6 (0x97ba) x15 0x00000000800120dc
core   0: 0x000000008000fed8 (0xfe043703) ld      a4, -32(s0)
core   0: 3 0x000000008000fed8 (0xfe043703) x14 0x0000000080012061 mem 0x0000000080031f50
core   0: 0x000000008000fedc (0xfcf76de3) bltu    a4, a5, pc - 38
core   0: 3 0x000000008000fedc (0xfcf76de3)
core   0: 0x000000008000feb6 (0xfe043783) ld      a5, -32(s0)
core   0: 3 0x000000008000feb6 (0xfe043783) x15 0x0000000080012061 mem 0x0000000080031f50
core   0: 0x000000008000feba (0x00178713) addi    a4, a5, 1
core   0: 3 0x000000008000feba (0x00178713) x14 0x0000000080012062
core   0: 0x000000008000febe (0xfee43023) sd      a4, -32(s0)
core   0: 3 0x000000008000febe (0xfee43023) mem 0x0000000080031f50 0x0000000080012062
core   0: 0x000000008000fec2 (0xfc442703) lw      a4, -60(s0)
core   0: 3 0x000000008000fec2 (0xfc442703) x14 0x0000000000000000 mem 0x0000000080031f34
core   0: 0x000000008000fec6 (0x0ff77713) andi    a4, a4, 255
core   0: 3 0x000000008000fec6 (0x0ff77713) x14 0x0000000000000000
core   0: 0x000000008000feca (0x00e78023) sb      a4, 0(a5)
core   0: 3 0x000000008000feca (0x00e78023) mem 0x0000000080012061 0x00
core   0: 0x000000008000fece (0xfc843703) ld      a4, -56(s0)
core   0: 3 0x000000008000fece (0xfc843703) x14 0x0000000080012040 mem 0x0000000080031f38
core   0: 0x000000008000fed2 (0xfb843783) ld      a5, -72(s0)
core   0: 3 0x000000008000fed2 (0xfb843783) x15 0x000000000000009c mem 0x0000000080031f28
core   0: 0x000000008000fed6 (0x000097ba) c.add   a5, a4
core   0: 3 0x000000008000fed6 (0x97ba) x15 0x00000000800120dc
core   0: 0x000000008000fed8 (0xfe043703) ld      a4, -32(s0)
core   0: 3 0x000000008000fed8 (0xfe043703) x14 0x0000000080012062 mem 0x0000000080031f50
core   0: 0x000000008000fedc (0xfcf76de3) bltu    a4, a5, pc - 38
core   0: 3 0x000000008000fedc (0xfcf76de3)
core   0: 0x000000008000feb6 (0xfe043783) ld      a5, -32(s0)
core   0: 3 0x000000008000feb6 (0xfe043783) x15 0x0000000080012062 mem 0x0000000080031f50
core   0: 0x000000008000feba (0x00178713) addi    a4, a5, 1
core   0: 3 0x000000008000feba (0x00178713) x14 0x0000000080012063
core   0: 0x000000008000febe (0xfee43023) sd      a4, -32(s0)
core   0: 3 0x000000008000febe (0xfee43023) mem 0x0000000080031f50 0x0000000080012063
core   0: 0x000000008000fec2 (0xfc442703) lw      a4, -60(s0)
core   0: 3 0x000000008000fec2 (0xfc442703) x14 0x0000000000000000 mem 0x0000000080031f34
core   0: 0x000000008000fec6 (0x0ff77713) andi    a4, a4, 255
core   0: 3 0x000000008000fec6 (0x0ff77713) x14 0x0000000000000000
core   0: 0x000000008000feca (0x00e78023) sb      a4, 0(a5)
core   0: 3 0x000000008000feca (0x00e78023) mem 0x0000000080012062 0x00
core   0: 0x000000008000fece (0xfc843703) ld      a4, -56(s0)
core   0: 3 0x000000008000fece (0xfc843703) x14 0x0000000080012040 mem 0x0000000080031f38
core   0: 0x000000008000fed2 (0xfb843783) ld      a5, -72(s0)
core   0: 3 0x000000008000fed2 (0xfb843783) x15 0x000000000000009c mem 0x0000000080031f28
core   0: 0x000000008000fed6 (0x000097ba) c.add   a5, a4
core   0: 3 0x000000008000fed6 (0x97ba) x15 0x00000000800120dc
core   0: 0x000000008000fed8 (0xfe043703) ld      a4, -32(s0)
core   0: 3 0x000000008000fed8 (0xfe043703) x14 0x0000000080012063 mem 0x0000000080031f50
core   0: 0x000000008000fedc (0xfcf76de3) bltu    a4, a5, pc - 38
core   0: 3 0x000000008000fedc (0xfcf76de3)
core   0: 0x000000008000feb6 (0xfe043783) ld      a5, -32(s0)
core   0: 3 0x000000008000feb6 (0xfe043783) x15 0x0000000080012063 mem 0x0000000080031f50
core   0: 0x000000008000feba (0x00178713) addi    a4, a5, 1
core   0: 3 0x000000008000feba (0x00178713) x14 0x0000000080012064
core   0: 0x000000008000febe (0xfee43023) sd      a4, -32(s0)
core   0: 3 0x000000008000febe (0xfee43023) mem 0x0000000080031f50 0x0000000080012064
core   0: 0x000000008000fec2 (0xfc442703) lw      a4, -60(s0)
core   0: 3 0x000000008000fec2 (0xfc442703) x14 0x0000000000000000 mem 0x0000000080031f34
core   0: 0x000000008000fec6 (0x0ff77713) andi    a4, a4, 255
core   0: 3 0x000000008000fec6 (0x0ff77713) x14 0x0000000000000000
core   0: 0x000000008000feca (0x00e78023) sb      a4, 0(a5)
core   0: 3 0x000000008000feca (0x00e78023) mem 0x0000000080012063 0x00
core   0: 0x000000008000fece (0xfc843703) ld      a4, -56(s0)
core   0: 3 0x000000008000fece (0xfc843703) x14 0x0000000080012040 mem 0x0000000080031f38
core   0: 0x000000008000fed2 (0xfb843783) ld      a5, -72(s0)
core   0: 3 0x000000008000fed2 (0xfb843783) x15 0x000000000000009c mem 0x0000000080031f28
core   0: 0x000000008000fed6 (0x000097ba) c.add   a5, a4
core   0: 3 0x000000008000fed6 (0x97ba) x15 0x00000000800120dc
core   0: 0x000000008000fed8 (0xfe043703) ld      a4, -32(s0)
core   0: 3 0x000000008000fed8 (0xfe043703) x14 0x0000000080012064 mem 0x0000000080031f50
core   0: 0x000000008000fedc (0xfcf76de3) bltu    a4, a5, pc - 38
core   0: 3 0x000000008000fedc (0xfcf76de3)
core   0: 0x000000008000feb6 (0xfe043783) ld      a5, -32(s0)
core   0: 3 0x000000008000feb6 (0xfe043783) x15 0x0000000080012064 mem 0x0000000080031f50
core   0: 0x000000008000feba (0x00178713) addi    a4, a5, 1
core   0: 3 0x000000008000feba (0x00178713) x14 0x0000000080012065
core   0: 0x000000008000febe (0xfee43023) sd      a4, -32(s0)
core   0: 3 0x000000008000febe (0xfee43023) mem 0x0000000080031f50 0x0000000080012065
core   0: 0x000000008000fec2 (0xfc442703) lw      a4, -60(s0)
core   0: 3 0x000000008000fec2 (0xfc442703) x14 0x0000000000000000 mem 0x0000000080031f34
core   0: 0x000000008000fec6 (0x0ff77713) andi    a4, a4, 255
core   0: 3 0x000000008000fec6 (0x0ff77713) x14 0x0000000000000000
core   0: 0x000000008000feca (0x00e78023) sb      a4, 0(a5)
core   0: 3 0x000000008000feca (0x00e78023) mem 0x0000000080012064 0x00
core   0: 0x000000008000fece (0xfc843703) ld      a4, -56(s0)
core   0: 3 0x000000008000fece (0xfc843703) x14 0x0000000080012040 mem 0x0000000080031f38
core   0: 0x000000008000fed2 (0xfb843783) ld      a5, -72(s0)
core   0: 3 0x000000008000fed2 (0xfb843783) x15 0x000000000000009c mem 0x0000000080031f28
core   0: 0x000000008000fed6 (0x000097ba) c.add   a5, a4
core   0: 3 0x000000008000fed6 (0x97ba) x15 0x00000000800120dc
core   0: 0x000000008000fed8 (0xfe043703) ld      a4, -32(s0)
core   0: 3 0x000000008000fed8 (0xfe043703) x14 0x0000000080012065 mem 0x0000000080031f50
core   0: 0x000000008000fedc (0xfcf76de3) bltu    a4, a5, pc - 38
core   0: 3 0x000000008000fedc (0xfcf76de3)
core   0: 0x000000008000feb6 (0xfe043783) ld      a5, -32(s0)
core   0: 3 0x000000008000feb6 (0xfe043783) x15 0x0000000080012065 mem 0x0000000080031f50
core   0: 0x000000008000feba (0x00178713) addi    a4, a5, 1
core   0: 3 0x000000008000feba (0x00178713) x14 0x0000000080012066
core   0: 0x000000008000febe (0xfee43023) sd      a4, -32(s0)
core   0: 3 0x000000008000febe (0xfee43023) mem 0x0000000080031f50 0x0000000080012066
core   0: 0x000000008000fec2 (0xfc442703) lw      a4, -60(s0)
core   0: 3 0x000000008000fec2 (0xfc442703) x14 0x0000000000000000 mem 0x0000000080031f34
core   0: 0x000000008000fec6 (0x0ff77713) andi    a4, a4, 255
core   0: 3 0x000000008000fec6 (0x0ff77713) x14 0x0000000000000000
core   0: 0x000000008000feca (0x00e78023) sb      a4, 0(a5)
core   0: 3 0x000000008000feca (0x00e78023) mem 0x0000000080012065 0x00
core   0: 0x000000008000fece (0xfc843703) ld      a4, -56(s0)
core   0: 3 0x000000008000fece (0xfc843703) x14 0x0000000080012040 mem 0x0000000080031f38
core   0: 0x000000008000fed2 (0xfb843783) ld      a5, -72(s0)
core   0: 3 0x000000008000fed2 (0xfb843783) x15 0x000000000000009c mem 0x0000000080031f28
core   0: 0x000000008000fed6 (0x000097ba) c.add   a5, a4
core   0: 3 0x000000008000fed6 (0x97ba) x15 0x00000000800120dc
core   0: 0x000000008000fed8 (0xfe043703) ld      a4, -32(s0)
core   0: 3 0x000000008000fed8 (0xfe043703) x14 0x0000000080012066 mem 0x0000000080031f50
core   0: 0x000000008000fedc (0xfcf76de3) bltu    a4, a5, pc - 38
core   0: 3 0x000000008000fedc (0xfcf76de3)
core   0: 0x000000008000feb6 (0xfe043783) ld      a5, -32(s0)
core   0: 3 0x000000008000feb6 (0xfe043783) x15 0x0000000080012066 mem 0x0000000080031f50
core   0: 0x000000008000feba (0x00178713) addi    a4, a5, 1
core   0: 3 0x000000008000feba (0x00178713) x14 0x0000000080012067
core   0: 0x000000008000febe (0xfee43023) sd      a4, -32(s0)
core   0: 3 0x000000008000febe (0xfee43023) mem 0x0000000080031f50 0x0000000080012067
core   0: 0x000000008000fec2 (0xfc442703) lw      a4, -60(s0)
core   0: 3 0x000000008000fec2 (0xfc442703) x14 0x0000000000000000 mem 0x0000000080031f34
core   0: 0x000000008000fec6 (0x0ff77713) andi    a4, a4, 255
core   0: 3 0x000000008000fec6 (0x0ff77713) x14 0x0000000000000000
core   0: 0x000000008000feca (0x00e78023) sb      a4, 0(a5)
core   0: 3 0x000000008000feca (0x00e78023) mem 0x0000000080012066 0x00
core   0: 0x000000008000fece (0xfc843703) ld      a4, -56(s0)
core   0: 3 0x000000008000fece (0xfc843703) x14 0x0000000080012040 mem 0x0000000080031f38
core   0: 0x000000008000fed2 (0xfb843783) ld      a5, -72(s0)
core   0: 3 0x000000008000fed2 (0xfb843783) x15 0x000000000000009c mem 0x0000000080031f28
core   0: 0x000000008000fed6 (0x000097ba) c.add   a5, a4
core   0: 3 0x000000008000fed6 (0x97ba) x15 0x00000000800120dc
core   0: 0x000000008000fed8 (0xfe043703) ld      a4, -32(s0)
core   0: 3 0x000000008000fed8 (0xfe043703) x14 0x0000000080012067 mem 0x0000000080031f50
core   0: 0x000000008000fedc (0xfcf76de3) bltu    a4, a5, pc - 38
core   0: 3 0x000000008000fedc (0xfcf76de3)
core   0: 0x000000008000feb6 (0xfe043783) ld      a5, -32(s0)
core   0: 3 0x000000008000feb6 (0xfe043783) x15 0x0000000080012067 mem 0x0000000080031f50
core   0: 0x000000008000feba (0x00178713) addi    a4, a5, 1
core   0: 3 0x000000008000feba (0x00178713) x14 0x0000000080012068
core   0: 0x000000008000febe (0xfee43023) sd      a4, -32(s0)
core   0: 3 0x000000008000febe (0xfee43023) mem 0x0000000080031f50 0x0000000080012068
core   0: 0x000000008000fec2 (0xfc442703) lw      a4, -60(s0)
core   0: 3 0x000000008000fec2 (0xfc442703) x14 0x0000000000000000 mem 0x0000000080031f34
core   0: 0x000000008000fec6 (0x0ff77713) andi    a4, a4, 255
core   0: 3 0x000000008000fec6 (0x0ff77713) x14 0x0000000000000000
core   0: 0x000000008000feca (0x00e78023) sb      a4, 0(a5)
core   0: 3 0x000000008000feca (0x00e78023) mem 0x0000000080012067 0x00
core   0: 0x000000008000fece (0xfc843703) ld      a4, -56(s0)
core   0: 3 0x000000008000fece (0xfc843703) x14 0x0000000080012040 mem 0x0000000080031f38
core   0: 0x000000008000fed2 (0xfb843783) ld      a5, -72(s0)
core   0: 3 0x000000008000fed2 (0xfb843783) x15 0x000000000000009c mem 0x0000000080031f28
core   0: 0x000000008000fed6 (0x000097ba) c.add   a5, a4
core   0: 3 0x000000008000fed6 (0x97ba) x15 0x00000000800120dc
core   0: 0x000000008000fed8 (0xfe043703) ld      a4, -32(s0)
core   0: 3 0x000000008000fed8 (0xfe043703) x14 0x0000000080012068 mem 0x0000000080031f50
core   0: 0x000000008000fedc (0xfcf76de3) bltu    a4, a5, pc - 38
core   0: 3 0x000000008000fedc (0xfcf76de3)
core   0: 0x000000008000feb6 (0xfe043783) ld      a5, -32(s0)
core   0: 3 0x000000008000feb6 (0xfe043783) x15 0x0000000080012068 mem 0x0000000080031f50
core   0: 0x000000008000feba (0x00178713) addi    a4, a5, 1
core   0: 3 0x000000008000feba (0x00178713) x14 0x0000000080012069
core   0: 0x000000008000febe (0xfee43023) sd      a4, -32(s0)
core   0: 3 0x000000008000febe (0xfee43023) mem 0x0000000080031f50 0x0000000080012069
core   0: 0x000000008000fec2 (0xfc442703) lw      a4, -60(s0)
core   0: 3 0x000000008000fec2 (0xfc442703) x14 0x0000000000000000 mem 0x0000000080031f34
core   0: 0x000000008000fec6 (0x0ff77713) andi    a4, a4, 255
core   0: 3 0x000000008000fec6 (0x0ff77713) x14 0x0000000000000000
core   0: 0x000000008000feca (0x00e78023) sb      a4, 0(a5)
core   0: 3 0x000000008000feca (0x00e78023) mem 0x0000000080012068 0x00
core   0: 0x000000008000fece (0xfc843703) ld      a4, -56(s0)
core   0: 3 0x000000008000fece (0xfc843703) x14 0x0000000080012040 mem 0x0000000080031f38
core   0: 0x000000008000fed2 (0xfb843783) ld      a5, -72(s0)
core   0: 3 0x000000008000fed2 (0xfb843783) x15 0x000000000000009c mem 0x0000000080031f28
core   0: 0x000000008000fed6 (0x000097ba) c.add   a5, a4
core   0: 3 0x000000008000fed6 (0x97ba) x15 0x00000000800120dc
core   0: 0x000000008000fed8 (0xfe043703) ld      a4, -32(s0)
core   0: 3 0x000000008000fed8 (0xfe043703) x14 0x0000000080012069 mem 0x0000000080031f50
core   0: 0x000000008000fedc (0xfcf76de3) bltu    a4, a5, pc - 38
core   0: 3 0x000000008000fedc (0xfcf76de3)
core   0: 0x000000008000feb6 (0xfe043783) ld      a5, -32(s0)
core   0: 3 0x000000008000feb6 (0xfe043783) x15 0x0000000080012069 mem 0x0000000080031f50
core   0: 0x000000008000feba (0x00178713) addi    a4, a5, 1
core   0: 3 0x000000008000feba (0x00178713) x14 0x000000008001206a
core   0: 0x000000008000febe (0xfee43023) sd      a4, -32(s0)
core   0: 3 0x000000008000febe (0xfee43023) mem 0x0000000080031f50 0x000000008001206a
core   0: 0x000000008000fec2 (0xfc442703) lw      a4, -60(s0)
core   0: 3 0x000000008000fec2 (0xfc442703) x14 0x0000000000000000 mem 0x0000000080031f34
core   0: 0x000000008000fec6 (0x0ff77713) andi    a4, a4, 255
core   0: 3 0x000000008000fec6 (0x0ff77713) x14 0x0000000000000000
core   0: 0x000000008000feca (0x00e78023) sb      a4, 0(a5)
core   0: 3 0x000000008000feca (0x00e78023) mem 0x0000000080012069 0x00
core   0: 0x000000008000fece (0xfc843703) ld      a4, -56(s0)
core   0: 3 0x000000008000fece (0xfc843703) x14 0x0000000080012040 mem 0x0000000080031f38
core   0: 0x000000008000fed2 (0xfb843783) ld      a5, -72(s0)
core   0: 3 0x000000008000fed2 (0xfb843783) x15 0x000000000000009c mem 0x0000000080031f28
core   0: 0x000000008000fed6 (0x000097ba) c.add   a5, a4
core   0: 3 0x000000008000fed6 (0x97ba) x15 0x00000000800120dc
core   0: 0x000000008000fed8 (0xfe043703) ld      a4, -32(s0)
core   0: 3 0x000000008000fed8 (0xfe043703) x14 0x000000008001206a mem 0x0000000080031f50
core   0: 0x000000008000fedc (0xfcf76de3) bltu    a4, a5, pc - 38
core   0: 3 0x000000008000fedc (0xfcf76de3)
core   0: 0x000000008000feb6 (0xfe043783) ld      a5, -32(s0)
core   0: 3 0x000000008000feb6 (0xfe043783) x15 0x000000008001206a mem 0x0000000080031f50
core   0: 0x000000008000feba (0x00178713) addi    a4, a5, 1
core   0: 3 0x000000008000feba (0x00178713) x14 0x000000008001206b
core   0: 0x000000008000febe (0xfee43023) sd      a4, -32(s0)
core   0: 3 0x000000008000febe (0xfee43023) mem 0x0000000080031f50 0x000000008001206b
core   0: 0x000000008000fec2 (0xfc442703) lw      a4, -60(s0)
core   0: 3 0x000000008000fec2 (0xfc442703) x14 0x0000000000000000 mem 0x0000000080031f34
core   0: 0x000000008000fec6 (0x0ff77713) andi    a4, a4, 255
core   0: 3 0x000000008000fec6 (0x0ff77713) x14 0x0000000000000000
core   0: 0x000000008000feca (0x00e78023) sb      a4, 0(a5)
core   0: 3 0x000000008000feca (0x00e78023) mem 0x000000008001206a 0x00
core   0: 0x000000008000fece (0xfc843703) ld      a4, -56(s0)
core   0: 3 0x000000008000fece (0xfc843703) x14 0x0000000080012040 mem 0x0000000080031f38
core   0: 0x000000008000fed2 (0xfb843783) ld      a5, -72(s0)
core   0: 3 0x000000008000fed2 (0xfb843783) x15 0x000000000000009c mem 0x0000000080031f28
core   0: 0x000000008000fed6 (0x000097ba) c.add   a5, a4
core   0: 3 0x000000008000fed6 (0x97ba) x15 0x00000000800120dc
core   0: 0x000000008000fed8 (0xfe043703) ld      a4, -32(s0)
core   0: 3 0x000000008000fed8 (0xfe043703) x14 0x000000008001206b mem 0x0000000080031f50
core   0: 0x000000008000fedc (0xfcf76de3) bltu    a4, a5, pc - 38
core   0: 3 0x000000008000fedc (0xfcf76de3)
core   0: 0x000000008000feb6 (0xfe043783) ld      a5, -32(s0)
core   0: 3 0x000000008000feb6 (0xfe043783) x15 0x000000008001206b mem 0x0000000080031f50
core   0: 0x000000008000feba (0x00178713) addi    a4, a5, 1
core   0: 3 0x000000008000feba (0x00178713) x14 0x000000008001206c
core   0: 0x000000008000febe (0xfee43023) sd      a4, -32(s0)
core   0: 3 0x000000008000febe (0xfee43023) mem 0x0000000080031f50 0x000000008001206c
core   0: 0x000000008000fec2 (0xfc442703) lw      a4, -60(s0)
core   0: 3 0x000000008000fec2 (0xfc442703) x14 0x0000000000000000 mem 0x0000000080031f34
core   0: 0x000000008000fec6 (0x0ff77713) andi    a4, a4, 255
core   0: 3 0x000000008000fec6 (0x0ff77713) x14 0x0000000000000000
core   0: 0x000000008000feca (0x00e78023) sb      a4, 0(a5)
core   0: 3 0x000000008000feca (0x00e78023) mem 0x000000008001206b 0x00
core   0: 0x000000008000fece (0xfc843703) ld      a4, -56(s0)
core   0: 3 0x000000008000fece (0xfc843703) x14 0x0000000080012040 mem 0x0000000080031f38
core   0: 0x000000008000fed2 (0xfb843783) ld      a5, -72(s0)
core   0: 3 0x000000008000fed2 (0xfb843783) x15 0x000000000000009c mem 0x0000000080031f28
core   0: 0x000000008000fed6 (0x000097ba) c.add   a5, a4
core   0: 3 0x000000008000fed6 (0x97ba) x15 0x00000000800120dc
core   0: 0x000000008000fed8 (0xfe043703) ld      a4, -32(s0)
core   0: 3 0x000000008000fed8 (0xfe043703) x14 0x000000008001206c mem 0x0000000080031f50
core   0: 0x000000008000fedc (0xfcf76de3) bltu    a4, a5, pc - 38
core   0: 3 0x000000008000fedc (0xfcf76de3)
core   0: 0x000000008000feb6 (0xfe043783) ld      a5, -32(s0)
core   0: 3 0x000000008000feb6 (0xfe043783) x15 0x000000008001206c mem 0x0000000080031f50
core   0: 0x000000008000feba (0x00178713) addi    a4, a5, 1
core   0: 3 0x000000008000feba (0x00178713) x14 0x000000008001206d
core   0: 0x000000008000febe (0xfee43023) sd      a4, -32(s0)
core   0: 3 0x000000008000febe (0xfee43023) mem 0x0000000080031f50 0x000000008001206d
core   0: 0x000000008000fec2 (0xfc442703) lw      a4, -60(s0)
core   0: 3 0x000000008000fec2 (0xfc442703) x14 0x0000000000000000 mem 0x0000000080031f34
core   0: 0x000000008000fec6 (0x0ff77713) andi    a4, a4, 255
core   0: 3 0x000000008000fec6 (0x0ff77713) x14 0x0000000000000000
core   0: 0x000000008000feca (0x00e78023) sb      a4, 0(a5)
core   0: 3 0x000000008000feca (0x00e78023) mem 0x000000008001206c 0x00
core   0: 0x000000008000fece (0xfc843703) ld      a4, -56(s0)
core   0: 3 0x000000008000fece (0xfc843703) x14 0x0000000080012040 mem 0x0000000080031f38
core   0: 0x000000008000fed2 (0xfb843783) ld      a5, -72(s0)
core   0: 3 0x000000008000fed2 (0xfb843783) x15 0x000000000000009c mem 0x0000000080031f28
core   0: 0x000000008000fed6 (0x000097ba) c.add   a5, a4
core   0: 3 0x000000008000fed6 (0x97ba) x15 0x00000000800120dc
core   0: 0x000000008000fed8 (0xfe043703) ld      a4, -32(s0)
core   0: 3 0x000000008000fed8 (0xfe043703) x14 0x000000008001206d mem 0x0000000080031f50
core   0: 0x000000008000fedc (0xfcf76de3) bltu    a4, a5, pc - 38
core   0: 3 0x000000008000fedc (0xfcf76de3)
core   0: 0x000000008000feb6 (0xfe043783) ld      a5, -32(s0)
core   0: 3 0x000000008000feb6 (0xfe043783) x15 0x000000008001206d mem 0x0000000080031f50
core   0: 0x000000008000feba (0x00178713) addi    a4, a5, 1
core   0: 3 0x000000008000feba (0x00178713) x14 0x000000008001206e
core   0: 0x000000008000febe (0xfee43023) sd      a4, -32(s0)
core   0: 3 0x000000008000febe (0xfee43023) mem 0x0000000080031f50 0x000000008001206e
core   0: 0x000000008000fec2 (0xfc442703) lw      a4, -60(s0)
core   0: 3 0x000000008000fec2 (0xfc442703) x14 0x0000000000000000 mem 0x0000000080031f34
core   0: 0x000000008000fec6 (0x0ff77713) andi    a4, a4, 255
core   0: 3 0x000000008000fec6 (0x0ff77713) x14 0x0000000000000000
core   0: 0x000000008000feca (0x00e78023) sb      a4, 0(a5)
core   0: 3 0x000000008000feca (0x00e78023) mem 0x000000008001206d 0x00
core   0: 0x000000008000fece (0xfc843703) ld      a4, -56(s0)
core   0: 3 0x000000008000fece (0xfc843703) x14 0x0000000080012040 mem 0x0000000080031f38
core   0: 0x000000008000fed2 (0xfb843783) ld      a5, -72(s0)
core   0: 3 0x000000008000fed2 (0xfb843783) x15 0x000000000000009c mem 0x0000000080031f28
core   0: 0x000000008000fed6 (0x000097ba) c.add   a5, a4
core   0: 3 0x000000008000fed6 (0x97ba) x15 0x00000000800120dc
core   0: 0x000000008000fed8 (0xfe043703) ld      a4, -32(s0)
core   0: 3 0x000000008000fed8 (0xfe043703) x14 0x000000008001206e mem 0x0000000080031f50
core   0: 0x000000008000fedc (0xfcf76de3) bltu    a4, a5, pc - 38
core   0: 3 0x000000008000fedc (0xfcf76de3)
core   0: 0x000000008000feb6 (0xfe043783) ld      a5, -32(s0)
core   0: 3 0x000000008000feb6 (0xfe043783) x15 0x000000008001206e mem 0x0000000080031f50
core   0: 0x000000008000feba (0x00178713) addi    a4, a5, 1
core   0: 3 0x000000008000feba (0x00178713) x14 0x000000008001206f
core   0: 0x000000008000febe (0xfee43023) sd      a4, -32(s0)
core   0: 3 0x000000008000febe (0xfee43023) mem 0x0000000080031f50 0x000000008001206f
core   0: 0x000000008000fec2 (0xfc442703) lw      a4, -60(s0)
core   0: 3 0x000000008000fec2 (0xfc442703) x14 0x0000000000000000 mem 0x0000000080031f34
core   0: 0x000000008000fec6 (0x0ff77713) andi    a4, a4, 255
core   0: 3 0x000000008000fec6 (0x0ff77713) x14 0x0000000000000000
core   0: 0x000000008000feca (0x00e78023) sb      a4, 0(a5)
core   0: 3 0x000000008000feca (0x00e78023) mem 0x000000008001206e 0x00
core   0: 0x000000008000fece (0xfc843703) ld      a4, -56(s0)
core   0: 3 0x000000008000fece (0xfc843703) x14 0x0000000080012040 mem 0x0000000080031f38
core   0: 0x000000008000fed2 (0xfb843783) ld      a5, -72(s0)
core   0: 3 0x000000008000fed2 (0xfb843783) x15 0x000000000000009c mem 0x0000000080031f28
core   0: 0x000000008000fed6 (0x000097ba) c.add   a5, a4
core   0: 3 0x000000008000fed6 (0x97ba) x15 0x00000000800120dc
core   0: 0x000000008000fed8 (0xfe043703) ld      a4, -32(s0)
core   0: 3 0x000000008000fed8 (0xfe043703) x14 0x000000008001206f mem 0x0000000080031f50
core   0: 0x000000008000fedc (0xfcf76de3) bltu    a4, a5, pc - 38
core   0: 3 0x000000008000fedc (0xfcf76de3)
core   0: 0x000000008000feb6 (0xfe043783) ld      a5, -32(s0)
core   0: 3 0x000000008000feb6 (0xfe043783) x15 0x000000008001206f mem 0x0000000080031f50
core   0: 0x000000008000feba (0x00178713) addi    a4, a5, 1
core   0: 3 0x000000008000feba (0x00178713) x14 0x0000000080012070
core   0: 0x000000008000febe (0xfee43023) sd      a4, -32(s0)
core   0: 3 0x000000008000febe (0xfee43023) mem 0x0000000080031f50 0x0000000080012070
core   0: 0x000000008000fec2 (0xfc442703) lw      a4, -60(s0)
core   0: 3 0x000000008000fec2 (0xfc442703) x14 0x0000000000000000 mem 0x0000000080031f34
core   0: 0x000000008000fec6 (0x0ff77713) andi    a4, a4, 255
core   0: 3 0x000000008000fec6 (0x0ff77713) x14 0x0000000000000000
core   0: 0x000000008000feca (0x00e78023) sb      a4, 0(a5)
core   0: 3 0x000000008000feca (0x00e78023) mem 0x000000008001206f 0x00
core   0: 0x000000008000fece (0xfc843703) ld      a4, -56(s0)
core   0: 3 0x000000008000fece (0xfc843703) x14 0x0000000080012040 mem 0x0000000080031f38
core   0: 0x000000008000fed2 (0xfb843783) ld      a5, -72(s0)
core   0: 3 0x000000008000fed2 (0xfb843783) x15 0x000000000000009c mem 0x0000000080031f28
core   0: 0x000000008000fed6 (0x000097ba) c.add   a5, a4
core   0: 3 0x000000008000fed6 (0x97ba) x15 0x00000000800120dc
core   0: 0x000000008000fed8 (0xfe043703) ld      a4, -32(s0)
core   0: 3 0x000000008000fed8 (0xfe043703) x14 0x0000000080012070 mem 0x0000000080031f50
core   0: 0x000000008000fedc (0xfcf76de3) bltu    a4, a5, pc - 38
core   0: 3 0x000000008000fedc (0xfcf76de3)
core   0: 0x000000008000feb6 (0xfe043783) ld      a5, -32(s0)
core   0: 3 0x000000008000feb6 (0xfe043783) x15 0x0000000080012070 mem 0x0000000080031f50
core   0: 0x000000008000feba (0x00178713) addi    a4, a5, 1
core   0: 3 0x000000008000feba (0x00178713) x14 0x0000000080012071
core   0: 0x000000008000febe (0xfee43023) sd      a4, -32(s0)
core   0: 3 0x000000008000febe (0xfee43023) mem 0x0000000080031f50 0x0000000080012071
core   0: 0x000000008000fec2 (0xfc442703) lw      a4, -60(s0)
core   0: 3 0x000000008000fec2 (0xfc442703) x14 0x0000000000000000 mem 0x0000000080031f34
core   0: 0x000000008000fec6 (0x0ff77713) andi    a4, a4, 255
core   0: 3 0x000000008000fec6 (0x0ff77713) x14 0x0000000000000000
core   0: 0x000000008000feca (0x00e78023) sb      a4, 0(a5)
core   0: 3 0x000000008000feca (0x00e78023) mem 0x0000000080012070 0x00
core   0: 0x000000008000fece (0xfc843703) ld      a4, -56(s0)
core   0: 3 0x000000008000fece (0xfc843703) x14 0x0000000080012040 mem 0x0000000080031f38
core   0: 0x000000008000fed2 (0xfb843783) ld      a5, -72(s0)
core   0: 3 0x000000008000fed2 (0xfb843783) x15 0x000000000000009c mem 0x0000000080031f28
core   0: 0x000000008000fed6 (0x000097ba) c.add   a5, a4
core   0: 3 0x000000008000fed6 (0x97ba) x15 0x00000000800120dc
core   0: 0x000000008000fed8 (0xfe043703) ld      a4, -32(s0)
core   0: 3 0x000000008000fed8 (0xfe043703) x14 0x0000000080012071 mem 0x0000000080031f50
core   0: 0x000000008000fedc (0xfcf76de3) bltu    a4, a5, pc - 38
core   0: 3 0x000000008000fedc (0xfcf76de3)
core   0: 0x000000008000feb6 (0xfe043783) ld      a5, -32(s0)
core   0: 3 0x000000008000feb6 (0xfe043783) x15 0x0000000080012071 mem 0x0000000080031f50
core   0: 0x000000008000feba (0x00178713) addi    a4, a5, 1
core   0: 3 0x000000008000feba (0x00178713) x14 0x0000000080012072
core   0: 0x000000008000febe (0xfee43023) sd      a4, -32(s0)
core   0: 3 0x000000008000febe (0xfee43023) mem 0x0000000080031f50 0x0000000080012072
core   0: 0x000000008000fec2 (0xfc442703) lw      a4, -60(s0)
core   0: 3 0x000000008000fec2 (0xfc442703) x14 0x0000000000000000 mem 0x0000000080031f34
core   0: 0x000000008000fec6 (0x0ff77713) andi    a4, a4, 255
core   0: 3 0x000000008000fec6 (0x0ff77713) x14 0x0000000000000000
core   0: 0x000000008000feca (0x00e78023) sb      a4, 0(a5)
core   0: 3 0x000000008000feca (0x00e78023) mem 0x0000000080012071 0x00
core   0: 0x000000008000fece (0xfc843703) ld      a4, -56(s0)
core   0: 3 0x000000008000fece (0xfc843703) x14 0x0000000080012040 mem 0x0000000080031f38
core   0: 0x000000008000fed2 (0xfb843783) ld      a5, -72(s0)
core   0: 3 0x000000008000fed2 (0xfb843783) x15 0x000000000000009c mem 0x0000000080031f28
core   0: 0x000000008000fed6 (0x000097ba) c.add   a5, a4
core   0: 3 0x000000008000fed6 (0x97ba) x15 0x00000000800120dc
core   0: 0x000000008000fed8 (0xfe043703) ld      a4, -32(s0)
core   0: 3 0x000000008000fed8 (0xfe043703) x14 0x0000000080012072 mem 0x0000000080031f50
core   0: 0x000000008000fedc (0xfcf76de3) bltu    a4, a5, pc - 38
core   0: 3 0x000000008000fedc (0xfcf76de3)
core   0: 0x000000008000feb6 (0xfe043783) ld      a5, -32(s0)
core   0: 3 0x000000008000feb6 (0xfe043783) x15 0x0000000080012072 mem 0x0000000080031f50
core   0: 0x000000008000feba (0x00178713) addi    a4, a5, 1
core   0: 3 0x000000008000feba (0x00178713) x14 0x0000000080012073
core   0: 0x000000008000febe (0xfee43023) sd      a4, -32(s0)
core   0: 3 0x000000008000febe (0xfee43023) mem 0x0000000080031f50 0x0000000080012073
core   0: 0x000000008000fec2 (0xfc442703) lw      a4, -60(s0)
core   0: 3 0x000000008000fec2 (0xfc442703) x14 0x0000000000000000 mem 0x0000000080031f34
core   0: 0x000000008000fec6 (0x0ff77713) andi    a4, a4, 255
core   0: 3 0x000000008000fec6 (0x0ff77713) x14 0x0000000000000000
core   0: 0x000000008000feca (0x00e78023) sb      a4, 0(a5)
core   0: 3 0x000000008000feca (0x00e78023) mem 0x0000000080012072 0x00
core   0: 0x000000008000fece (0xfc843703) ld      a4, -56(s0)
core   0: 3 0x000000008000fece (0xfc843703) x14 0x0000000080012040 mem 0x0000000080031f38
core   0: 0x000000008000fed2 (0xfb843783) ld      a5, -72(s0)
core   0: 3 0x000000008000fed2 (0xfb843783) x15 0x000000000000009c mem 0x0000000080031f28
core   0: 0x000000008000fed6 (0x000097ba) c.add   a5, a4
core   0: 3 0x000000008000fed6 (0x97ba) x15 0x00000000800120dc
core   0: 0x000000008000fed8 (0xfe043703) ld      a4, -32(s0)
core   0: 3 0x000000008000fed8 (0xfe043703) x14 0x0000000080012073 mem 0x0000000080031f50
core   0: 0x000000008000fedc (0xfcf76de3) bltu    a4, a5, pc - 38
core   0: 3 0x000000008000fedc (0xfcf76de3)
core   0: 0x000000008000feb6 (0xfe043783) ld      a5, -32(s0)
core   0: 3 0x000000008000feb6 (0xfe043783) x15 0x0000000080012073 mem 0x0000000080031f50
core   0: 0x000000008000feba (0x00178713) addi    a4, a5, 1
core   0: 3 0x000000008000feba (0x00178713) x14 0x0000000080012074
core   0: 0x000000008000febe (0xfee43023) sd      a4, -32(s0)
core   0: 3 0x000000008000febe (0xfee43023) mem 0x0000000080031f50 0x0000000080012074
core   0: 0x000000008000fec2 (0xfc442703) lw      a4, -60(s0)
core   0: 3 0x000000008000fec2 (0xfc442703) x14 0x0000000000000000 mem 0x0000000080031f34
core   0: 0x000000008000fec6 (0x0ff77713) andi    a4, a4, 255
core   0: 3 0x000000008000fec6 (0x0ff77713) x14 0x0000000000000000
core   0: 0x000000008000feca (0x00e78023) sb      a4, 0(a5)
core   0: 3 0x000000008000feca (0x00e78023) mem 0x0000000080012073 0x00
core   0: 0x000000008000fece (0xfc843703) ld      a4, -56(s0)
core   0: 3 0x000000008000fece (0xfc843703) x14 0x0000000080012040 mem 0x0000000080031f38
core   0: 0x000000008000fed2 (0xfb843783) ld      a5, -72(s0)
core   0: 3 0x000000008000fed2 (0xfb843783) x15 0x000000000000009c mem 0x0000000080031f28
core   0: 0x000000008000fed6 (0x000097ba) c.add   a5, a4
core   0: 3 0x000000008000fed6 (0x97ba) x15 0x00000000800120dc
core   0: 0x000000008000fed8 (0xfe043703) ld      a4, -32(s0)
core   0: 3 0x000000008000fed8 (0xfe043703) x14 0x0000000080012074 mem 0x0000000080031f50
core   0: 0x000000008000fedc (0xfcf76de3) bltu    a4, a5, pc - 38
core   0: 3 0x000000008000fedc (0xfcf76de3)
core   0: 0x000000008000feb6 (0xfe043783) ld      a5, -32(s0)
core   0: 3 0x000000008000feb6 (0xfe043783) x15 0x0000000080012074 mem 0x0000000080031f50
core   0: 0x000000008000feba (0x00178713) addi    a4, a5, 1
core   0: 3 0x000000008000feba (0x00178713) x14 0x0000000080012075
core   0: 0x000000008000febe (0xfee43023) sd      a4, -32(s0)
core   0: 3 0x000000008000febe (0xfee43023) mem 0x0000000080031f50 0x0000000080012075
core   0: 0x000000008000fec2 (0xfc442703) lw      a4, -60(s0)
core   0: 3 0x000000008000fec2 (0xfc442703) x14 0x0000000000000000 mem 0x0000000080031f34
core   0: 0x000000008000fec6 (0x0ff77713) andi    a4, a4, 255
core   0: 3 0x000000008000fec6 (0x0ff77713) x14 0x0000000000000000
core   0: 0x000000008000feca (0x00e78023) sb      a4, 0(a5)
core   0: 3 0x000000008000feca (0x00e78023) mem 0x0000000080012074 0x00
core   0: 0x000000008000fece (0xfc843703) ld      a4, -56(s0)
core   0: 3 0x000000008000fece (0xfc843703) x14 0x0000000080012040 mem 0x0000000080031f38
core   0: 0x000000008000fed2 (0xfb843783) ld      a5, -72(s0)
core   0: 3 0x000000008000fed2 (0xfb843783) x15 0x000000000000009c mem 0x0000000080031f28
core   0: 0x000000008000fed6 (0x000097ba) c.add   a5, a4
core   0: 3 0x000000008000fed6 (0x97ba) x15 0x00000000800120dc
core   0: 0x000000008000fed8 (0xfe043703) ld      a4, -32(s0)
core   0: 3 0x000000008000fed8 (0xfe043703) x14 0x0000000080012075 mem 0x0000000080031f50
core   0: 0x000000008000fedc (0xfcf76de3) bltu    a4, a5, pc - 38
core   0: 3 0x000000008000fedc (0xfcf76de3)
core   0: 0x000000008000feb6 (0xfe043783) ld      a5, -32(s0)
core   0: 3 0x000000008000feb6 (0xfe043783) x15 0x0000000080012075 mem 0x0000000080031f50
core   0: 0x000000008000feba (0x00178713) addi    a4, a5, 1
core   0: 3 0x000000008000feba (0x00178713) x14 0x0000000080012076
core   0: 0x000000008000febe (0xfee43023) sd      a4, -32(s0)
core   0: 3 0x000000008000febe (0xfee43023) mem 0x0000000080031f50 0x0000000080012076
core   0: 0x000000008000fec2 (0xfc442703) lw      a4, -60(s0)
core   0: 3 0x000000008000fec2 (0xfc442703) x14 0x0000000000000000 mem 0x0000000080031f34
core   0: 0x000000008000fec6 (0x0ff77713) andi    a4, a4, 255
core   0: 3 0x000000008000fec6 (0x0ff77713) x14 0x0000000000000000
core   0: 0x000000008000feca (0x00e78023) sb      a4, 0(a5)
core   0: 3 0x000000008000feca (0x00e78023) mem 0x0000000080012075 0x00
core   0: 0x000000008000fece (0xfc843703) ld      a4, -56(s0)
core   0: 3 0x000000008000fece (0xfc843703) x14 0x0000000080012040 mem 0x0000000080031f38
core   0: 0x000000008000fed2 (0xfb843783) ld      a5, -72(s0)
core   0: 3 0x000000008000fed2 (0xfb843783) x15 0x000000000000009c mem 0x0000000080031f28
core   0: 0x000000008000fed6 (0x000097ba) c.add   a5, a4
core   0: 3 0x000000008000fed6 (0x97ba) x15 0x00000000800120dc
core   0: 0x000000008000fed8 (0xfe043703) ld      a4, -32(s0)
core   0: 3 0x000000008000fed8 (0xfe043703) x14 0x0000000080012076 mem 0x0000000080031f50
core   0: 0x000000008000fedc (0xfcf76de3) bltu    a4, a5, pc - 38
core   0: 3 0x000000008000fedc (0xfcf76de3)
core   0: 0x000000008000feb6 (0xfe043783) ld      a5, -32(s0)
core   0: 3 0x000000008000feb6 (0xfe043783) x15 0x0000000080012076 mem 0x0000000080031f50
core   0: 0x000000008000feba (0x00178713) addi    a4, a5, 1
core   0: 3 0x000000008000feba (0x00178713) x14 0x0000000080012077
core   0: 0x000000008000febe (0xfee43023) sd      a4, -32(s0)
core   0: 3 0x000000008000febe (0xfee43023) mem 0x0000000080031f50 0x0000000080012077
core   0: 0x000000008000fec2 (0xfc442703) lw      a4, -60(s0)
core   0: 3 0x000000008000fec2 (0xfc442703) x14 0x0000000000000000 mem 0x0000000080031f34
core   0: 0x000000008000fec6 (0x0ff77713) andi    a4, a4, 255
core   0: 3 0x000000008000fec6 (0x0ff77713) x14 0x0000000000000000
core   0: 0x000000008000feca (0x00e78023) sb      a4, 0(a5)
core   0: 3 0x000000008000feca (0x00e78023) mem 0x0000000080012076 0x00
core   0: 0x000000008000fece (0xfc843703) ld      a4, -56(s0)
core   0: 3 0x000000008000fece (0xfc843703) x14 0x0000000080012040 mem 0x0000000080031f38
core   0: 0x000000008000fed2 (0xfb843783) ld      a5, -72(s0)
core   0: 3 0x000000008000fed2 (0xfb843783) x15 0x000000000000009c mem 0x0000000080031f28
core   0: 0x000000008000fed6 (0x000097ba) c.add   a5, a4
core   0: 3 0x000000008000fed6 (0x97ba) x15 0x00000000800120dc
core   0: 0x000000008000fed8 (0xfe043703) ld      a4, -32(s0)
core   0: 3 0x000000008000fed8 (0xfe043703) x14 0x0000000080012077 mem 0x0000000080031f50
core   0: 0x000000008000fedc (0xfcf76de3) bltu    a4, a5, pc - 38
core   0: 3 0x000000008000fedc (0xfcf76de3)
core   0: 0x000000008000feb6 (0xfe043783) ld      a5, -32(s0)
core   0: 3 0x000000008000feb6 (0xfe043783) x15 0x0000000080012077 mem 0x0000000080031f50
core   0: 0x000000008000feba (0x00178713) addi    a4, a5, 1
core   0: 3 0x000000008000feba (0x00178713) x14 0x0000000080012078
core   0: 0x000000008000febe (0xfee43023) sd      a4, -32(s0)
core   0: 3 0x000000008000febe (0xfee43023) mem 0x0000000080031f50 0x0000000080012078
core   0: 0x000000008000fec2 (0xfc442703) lw      a4, -60(s0)
core   0: 3 0x000000008000fec2 (0xfc442703) x14 0x0000000000000000 mem 0x0000000080031f34
core   0: 0x000000008000fec6 (0x0ff77713) andi    a4, a4, 255
core   0: 3 0x000000008000fec6 (0x0ff77713) x14 0x0000000000000000
core   0: 0x000000008000feca (0x00e78023) sb      a4, 0(a5)
core   0: 3 0x000000008000feca (0x00e78023) mem 0x0000000080012077 0x00
core   0: 0x000000008000fece (0xfc843703) ld      a4, -56(s0)
core   0: 3 0x000000008000fece (0xfc843703) x14 0x0000000080012040 mem 0x0000000080031f38
core   0: 0x000000008000fed2 (0xfb843783) ld      a5, -72(s0)
core   0: 3 0x000000008000fed2 (0xfb843783) x15 0x000000000000009c mem 0x0000000080031f28
core   0: 0x000000008000fed6 (0x000097ba) c.add   a5, a4
core   0: 3 0x000000008000fed6 (0x97ba) x15 0x00000000800120dc
core   0: 0x000000008000fed8 (0xfe043703) ld      a4, -32(s0)
core   0: 3 0x000000008000fed8 (0xfe043703) x14 0x0000000080012078 mem 0x0000000080031f50
core   0: 0x000000008000fedc (0xfcf76de3) bltu    a4, a5, pc - 38
core   0: 3 0x000000008000fedc (0xfcf76de3)
core   0: 0x000000008000feb6 (0xfe043783) ld      a5, -32(s0)
core   0: 3 0x000000008000feb6 (0xfe043783) x15 0x0000000080012078 mem 0x0000000080031f50
core   0: 0x000000008000feba (0x00178713) addi    a4, a5, 1
core   0: 3 0x000000008000feba (0x00178713) x14 0x0000000080012079
core   0: 0x000000008000febe (0xfee43023) sd      a4, -32(s0)
core   0: 3 0x000000008000febe (0xfee43023) mem 0x0000000080031f50 0x0000000080012079
core   0: 0x000000008000fec2 (0xfc442703) lw      a4, -60(s0)
core   0: 3 0x000000008000fec2 (0xfc442703) x14 0x0000000000000000 mem 0x0000000080031f34
core   0: 0x000000008000fec6 (0x0ff77713) andi    a4, a4, 255
core   0: 3 0x000000008000fec6 (0x0ff77713) x14 0x0000000000000000
core   0: 0x000000008000feca (0x00e78023) sb      a4, 0(a5)
core   0: 3 0x000000008000feca (0x00e78023) mem 0x0000000080012078 0x00
core   0: 0x000000008000fece (0xfc843703) ld      a4, -56(s0)
core   0: 3 0x000000008000fece (0xfc843703) x14 0x0000000080012040 mem 0x0000000080031f38
core   0: 0x000000008000fed2 (0xfb843783) ld      a5, -72(s0)
core   0: 3 0x000000008000fed2 (0xfb843783) x15 0x000000000000009c mem 0x0000000080031f28
core   0: 0x000000008000fed6 (0x000097ba) c.add   a5, a4
core   0: 3 0x000000008000fed6 (0x97ba) x15 0x00000000800120dc
core   0: 0x000000008000fed8 (0xfe043703) ld      a4, -32(s0)
core   0: 3 0x000000008000fed8 (0xfe043703) x14 0x0000000080012079 mem 0x0000000080031f50
core   0: 0x000000008000fedc (0xfcf76de3) bltu    a4, a5, pc - 38
core   0: 3 0x000000008000fedc (0xfcf76de3)
core   0: 0x000000008000feb6 (0xfe043783) ld      a5, -32(s0)
core   0: 3 0x000000008000feb6 (0xfe043783) x15 0x0000000080012079 mem 0x0000000080031f50
core   0: 0x000000008000feba (0x00178713) addi    a4, a5, 1
core   0: 3 0x000000008000feba (0x00178713) x14 0x000000008001207a
core   0: 0x000000008000febe (0xfee43023) sd      a4, -32(s0)
core   0: 3 0x000000008000febe (0xfee43023) mem 0x0000000080031f50 0x000000008001207a
core   0: 0x000000008000fec2 (0xfc442703) lw      a4, -60(s0)
core   0: 3 0x000000008000fec2 (0xfc442703) x14 0x0000000000000000 mem 0x0000000080031f34
core   0: 0x000000008000fec6 (0x0ff77713) andi    a4, a4, 255
core   0: 3 0x000000008000fec6 (0x0ff77713) x14 0x0000000000000000
core   0: 0x000000008000feca (0x00e78023) sb      a4, 0(a5)
core   0: 3 0x000000008000feca (0x00e78023) mem 0x0000000080012079 0x00
core   0: 0x000000008000fece (0xfc843703) ld      a4, -56(s0)
core   0: 3 0x000000008000fece (0xfc843703) x14 0x0000000080012040 mem 0x0000000080031f38
core   0: 0x000000008000fed2 (0xfb843783) ld      a5, -72(s0)
core   0: 3 0x000000008000fed2 (0xfb843783) x15 0x000000000000009c mem 0x0000000080031f28
core   0: 0x000000008000fed6 (0x000097ba) c.add   a5, a4
core   0: 3 0x000000008000fed6 (0x97ba) x15 0x00000000800120dc
core   0: 0x000000008000fed8 (0xfe043703) ld      a4, -32(s0)
core   0: 3 0x000000008000fed8 (0xfe043703) x14 0x000000008001207a mem 0x0000000080031f50
core   0: 0x000000008000fedc (0xfcf76de3) bltu    a4, a5, pc - 38
core   0: 3 0x000000008000fedc (0xfcf76de3)
core   0: 0x000000008000feb6 (0xfe043783) ld      a5, -32(s0)
core   0: 3 0x000000008000feb6 (0xfe043783) x15 0x000000008001207a mem 0x0000000080031f50
core   0: 0x000000008000feba (0x00178713) addi    a4, a5, 1
core   0: 3 0x000000008000feba (0x00178713) x14 0x000000008001207b
core   0: 0x000000008000febe (0xfee43023) sd      a4, -32(s0)
core   0: 3 0x000000008000febe (0xfee43023) mem 0x0000000080031f50 0x000000008001207b
core   0: 0x000000008000fec2 (0xfc442703) lw      a4, -60(s0)
core   0: 3 0x000000008000fec2 (0xfc442703) x14 0x0000000000000000 mem 0x0000000080031f34
core   0: 0x000000008000fec6 (0x0ff77713) andi    a4, a4, 255
core   0: 3 0x000000008000fec6 (0x0ff77713) x14 0x0000000000000000
core   0: 0x000000008000feca (0x00e78023) sb      a4, 0(a5)
core   0: 3 0x000000008000feca (0x00e78023) mem 0x000000008001207a 0x00
core   0: 0x000000008000fece (0xfc843703) ld      a4, -56(s0)
core   0: 3 0x000000008000fece (0xfc843703) x14 0x0000000080012040 mem 0x0000000080031f38
core   0: 0x000000008000fed2 (0xfb843783) ld      a5, -72(s0)
core   0: 3 0x000000008000fed2 (0xfb843783) x15 0x000000000000009c mem 0x0000000080031f28
core   0: 0x000000008000fed6 (0x000097ba) c.add   a5, a4
core   0: 3 0x000000008000fed6 (0x97ba) x15 0x00000000800120dc
core   0: 0x000000008000fed8 (0xfe043703) ld      a4, -32(s0)
core   0: 3 0x000000008000fed8 (0xfe043703) x14 0x000000008001207b mem 0x0000000080031f50
core   0: 0x000000008000fedc (0xfcf76de3) bltu    a4, a5, pc - 38
core   0: 3 0x000000008000fedc (0xfcf76de3)
core   0: 0x000000008000feb6 (0xfe043783) ld      a5, -32(s0)
core   0: 3 0x000000008000feb6 (0xfe043783) x15 0x000000008001207b mem 0x0000000080031f50
core   0: 0x000000008000feba (0x00178713) addi    a4, a5, 1
core   0: 3 0x000000008000feba (0x00178713) x14 0x000000008001207c
core   0: 0x000000008000febe (0xfee43023) sd      a4, -32(s0)
core   0: 3 0x000000008000febe (0xfee43023) mem 0x0000000080031f50 0x000000008001207c
core   0: 0x000000008000fec2 (0xfc442703) lw      a4, -60(s0)
core   0: 3 0x000000008000fec2 (0xfc442703) x14 0x0000000000000000 mem 0x0000000080031f34
core   0: 0x000000008000fec6 (0x0ff77713) andi    a4, a4, 255
core   0: 3 0x000000008000fec6 (0x0ff77713) x14 0x0000000000000000
core   0: 0x000000008000feca (0x00e78023) sb      a4, 0(a5)
core   0: 3 0x000000008000feca (0x00e78023) mem 0x000000008001207b 0x00
core   0: 0x000000008000fece (0xfc843703) ld      a4, -56(s0)
core   0: 3 0x000000008000fece (0xfc843703) x14 0x0000000080012040 mem 0x0000000080031f38
core   0: 0x000000008000fed2 (0xfb843783) ld      a5, -72(s0)
core   0: 3 0x000000008000fed2 (0xfb843783) x15 0x000000000000009c mem 0x0000000080031f28
core   0: 0x000000008000fed6 (0x000097ba) c.add   a5, a4
core   0: 3 0x000000008000fed6 (0x97ba) x15 0x00000000800120dc
core   0: 0x000000008000fed8 (0xfe043703) ld      a4, -32(s0)
core   0: 3 0x000000008000fed8 (0xfe043703) x14 0x000000008001207c mem 0x0000000080031f50
core   0: 0x000000008000fedc (0xfcf76de3) bltu    a4, a5, pc - 38
core   0: 3 0x000000008000fedc (0xfcf76de3)
core   0: 0x000000008000feb6 (0xfe043783) ld      a5, -32(s0)
core   0: 3 0x000000008000feb6 (0xfe043783) x15 0x000000008001207c mem 0x0000000080031f50
core   0: 0x000000008000feba (0x00178713) addi    a4, a5, 1
core   0: 3 0x000000008000feba (0x00178713) x14 0x000000008001207d
core   0: 0x000000008000febe (0xfee43023) sd      a4, -32(s0)
core   0: 3 0x000000008000febe (0xfee43023) mem 0x0000000080031f50 0x000000008001207d
core   0: 0x000000008000fec2 (0xfc442703) lw      a4, -60(s0)
core   0: 3 0x000000008000fec2 (0xfc442703) x14 0x0000000000000000 mem 0x0000000080031f34
core   0: 0x000000008000fec6 (0x0ff77713) andi    a4, a4, 255
core   0: 3 0x000000008000fec6 (0x0ff77713) x14 0x0000000000000000
core   0: 0x000000008000feca (0x00e78023) sb      a4, 0(a5)
core   0: 3 0x000000008000feca (0x00e78023) mem 0x000000008001207c 0x00
core   0: 0x000000008000fece (0xfc843703) ld      a4, -56(s0)
core   0: 3 0x000000008000fece (0xfc843703) x14 0x0000000080012040 mem 0x0000000080031f38
core   0: 0x000000008000fed2 (0xfb843783) ld      a5, -72(s0)
core   0: 3 0x000000008000fed2 (0xfb843783) x15 0x000000000000009c mem 0x0000000080031f28
core   0: 0x000000008000fed6 (0x000097ba) c.add   a5, a4
core   0: 3 0x000000008000fed6 (0x97ba) x15 0x00000000800120dc
core   0: 0x000000008000fed8 (0xfe043703) ld      a4, -32(s0)
core   0: 3 0x000000008000fed8 (0xfe043703) x14 0x000000008001207d mem 0x0000000080031f50
core   0: 0x000000008000fedc (0xfcf76de3) bltu    a4, a5, pc - 38
core   0: 3 0x000000008000fedc (0xfcf76de3)
core   0: 0x000000008000feb6 (0xfe043783) ld      a5, -32(s0)
core   0: 3 0x000000008000feb6 (0xfe043783) x15 0x000000008001207d mem 0x0000000080031f50
core   0: 0x000000008000feba (0x00178713) addi    a4, a5, 1
core   0: 3 0x000000008000feba (0x00178713) x14 0x000000008001207e
core   0: 0x000000008000febe (0xfee43023) sd      a4, -32(s0)
core   0: 3 0x000000008000febe (0xfee43023) mem 0x0000000080031f50 0x000000008001207e
core   0: 0x000000008000fec2 (0xfc442703) lw      a4, -60(s0)
core   0: 3 0x000000008000fec2 (0xfc442703) x14 0x0000000000000000 mem 0x0000000080031f34
core   0: 0x000000008000fec6 (0x0ff77713) andi    a4, a4, 255
core   0: 3 0x000000008000fec6 (0x0ff77713) x14 0x0000000000000000
core   0: 0x000000008000feca (0x00e78023) sb      a4, 0(a5)
core   0: 3 0x000000008000feca (0x00e78023) mem 0x000000008001207d 0x00
core   0: 0x000000008000fece (0xfc843703) ld      a4, -56(s0)
core   0: 3 0x000000008000fece (0xfc843703) x14 0x0000000080012040 mem 0x0000000080031f38
core   0: 0x000000008000fed2 (0xfb843783) ld      a5, -72(s0)
core   0: 3 0x000000008000fed2 (0xfb843783) x15 0x000000000000009c mem 0x0000000080031f28
core   0: 0x000000008000fed6 (0x000097ba) c.add   a5, a4
core   0: 3 0x000000008000fed6 (0x97ba) x15 0x00000000800120dc
core   0: 0x000000008000fed8 (0xfe043703) ld      a4, -32(s0)
core   0: 3 0x000000008000fed8 (0xfe043703) x14 0x000000008001207e mem 0x0000000080031f50
core   0: 0x000000008000fedc (0xfcf76de3) bltu    a4, a5, pc - 38
core   0: 3 0x000000008000fedc (0xfcf76de3)
core   0: 0x000000008000feb6 (0xfe043783) ld      a5, -32(s0)
core   0: 3 0x000000008000feb6 (0xfe043783) x15 0x000000008001207e mem 0x0000000080031f50
core   0: 0x000000008000feba (0x00178713) addi    a4, a5, 1
core   0: 3 0x000000008000feba (0x00178713) x14 0x000000008001207f
core   0: 0x000000008000febe (0xfee43023) sd      a4, -32(s0)
core   0: 3 0x000000008000febe (0xfee43023) mem 0x0000000080031f50 0x000000008001207f
core   0: 0x000000008000fec2 (0xfc442703) lw      a4, -60(s0)
core   0: 3 0x000000008000fec2 (0xfc442703) x14 0x0000000000000000 mem 0x0000000080031f34
core   0: 0x000000008000fec6 (0x0ff77713) andi    a4, a4, 255
core   0: 3 0x000000008000fec6 (0x0ff77713) x14 0x0000000000000000
core   0: 0x000000008000feca (0x00e78023) sb      a4, 0(a5)
core   0: 3 0x000000008000feca (0x00e78023) mem 0x000000008001207e 0x00
core   0: 0x000000008000fece (0xfc843703) ld      a4, -56(s0)
core   0: 3 0x000000008000fece (0xfc843703) x14 0x0000000080012040 mem 0x0000000080031f38
core   0: 0x000000008000fed2 (0xfb843783) ld      a5, -72(s0)
core   0: 3 0x000000008000fed2 (0xfb843783) x15 0x000000000000009c mem 0x0000000080031f28
core   0: 0x000000008000fed6 (0x000097ba) c.add   a5, a4
core   0: 3 0x000000008000fed6 (0x97ba) x15 0x00000000800120dc
core   0: 0x000000008000fed8 (0xfe043703) ld      a4, -32(s0)
core   0: 3 0x000000008000fed8 (0xfe043703) x14 0x000000008001207f mem 0x0000000080031f50
core   0: 0x000000008000fedc (0xfcf76de3) bltu    a4, a5, pc - 38
core   0: 3 0x000000008000fedc (0xfcf76de3)
core   0: 0x000000008000feb6 (0xfe043783) ld      a5, -32(s0)
core   0: 3 0x000000008000feb6 (0xfe043783) x15 0x000000008001207f mem 0x0000000080031f50
core   0: 0x000000008000feba (0x00178713) addi    a4, a5, 1
core   0: 3 0x000000008000feba (0x00178713) x14 0x0000000080012080
core   0: 0x000000008000febe (0xfee43023) sd      a4, -32(s0)
core   0: 3 0x000000008000febe (0xfee43023) mem 0x0000000080031f50 0x0000000080012080
core   0: 0x000000008000fec2 (0xfc442703) lw      a4, -60(s0)
core   0: 3 0x000000008000fec2 (0xfc442703) x14 0x0000000000000000 mem 0x0000000080031f34
core   0: 0x000000008000fec6 (0x0ff77713) andi    a4, a4, 255
core   0: 3 0x000000008000fec6 (0x0ff77713) x14 0x0000000000000000
core   0: 0x000000008000feca (0x00e78023) sb      a4, 0(a5)
core   0: 3 0x000000008000feca (0x00e78023) mem 0x000000008001207f 0x00
core   0: 0x000000008000fece (0xfc843703) ld      a4, -56(s0)
core   0: 3 0x000000008000fece (0xfc843703) x14 0x0000000080012040 mem 0x0000000080031f38
core   0: 0x000000008000fed2 (0xfb843783) ld      a5, -72(s0)
core   0: 3 0x000000008000fed2 (0xfb843783) x15 0x000000000000009c mem 0x0000000080031f28
core   0: 0x000000008000fed6 (0x000097ba) c.add   a5, a4
core   0: 3 0x000000008000fed6 (0x97ba) x15 0x00000000800120dc
core   0: 0x000000008000fed8 (0xfe043703) ld      a4, -32(s0)
core   0: 3 0x000000008000fed8 (0xfe043703) x14 0x0000000080012080 mem 0x0000000080031f50
core   0: 0x000000008000fedc (0xfcf76de3) bltu    a4, a5, pc - 38
core   0: 3 0x000000008000fedc (0xfcf76de3)
core   0: 0x000000008000feb6 (0xfe043783) ld      a5, -32(s0)
core   0: 3 0x000000008000feb6 (0xfe043783) x15 0x0000000080012080 mem 0x0000000080031f50
core   0: 0x000000008000feba (0x00178713) addi    a4, a5, 1
core   0: 3 0x000000008000feba (0x00178713) x14 0x0000000080012081
core   0: 0x000000008000febe (0xfee43023) sd      a4, -32(s0)
core   0: 3 0x000000008000febe (0xfee43023) mem 0x0000000080031f50 0x0000000080012081
core   0: 0x000000008000fec2 (0xfc442703) lw      a4, -60(s0)
core   0: 3 0x000000008000fec2 (0xfc442703) x14 0x0000000000000000 mem 0x0000000080031f34
core   0: 0x000000008000fec6 (0x0ff77713) andi    a4, a4, 255
core   0: 3 0x000000008000fec6 (0x0ff77713) x14 0x0000000000000000
core   0: 0x000000008000feca (0x00e78023) sb      a4, 0(a5)
core   0: 3 0x000000008000feca (0x00e78023) mem 0x0000000080012080 0x00
core   0: 0x000000008000fece (0xfc843703) ld      a4, -56(s0)
core   0: 3 0x000000008000fece (0xfc843703) x14 0x0000000080012040 mem 0x0000000080031f38
core   0: 0x000000008000fed2 (0xfb843783) ld      a5, -72(s0)
core   0: 3 0x000000008000fed2 (0xfb843783) x15 0x000000000000009c mem 0x0000000080031f28
core   0: 0x000000008000fed6 (0x000097ba) c.add   a5, a4
core   0: 3 0x000000008000fed6 (0x97ba) x15 0x00000000800120dc
core   0: 0x000000008000fed8 (0xfe043703) ld      a4, -32(s0)
core   0: 3 0x000000008000fed8 (0xfe043703) x14 0x0000000080012081 mem 0x0000000080031f50
core   0: 0x000000008000fedc (0xfcf76de3) bltu    a4, a5, pc - 38
core   0: 3 0x000000008000fedc (0xfcf76de3)
core   0: 0x000000008000feb6 (0xfe043783) ld      a5, -32(s0)
core   0: 3 0x000000008000feb6 (0xfe043783) x15 0x0000000080012081 mem 0x0000000080031f50
core   0: 0x000000008000feba (0x00178713) addi    a4, a5, 1
core   0: 3 0x000000008000feba (0x00178713) x14 0x0000000080012082
core   0: 0x000000008000febe (0xfee43023) sd      a4, -32(s0)
core   0: 3 0x000000008000febe (0xfee43023) mem 0x0000000080031f50 0x0000000080012082
core   0: 0x000000008000fec2 (0xfc442703) lw      a4, -60(s0)
core   0: 3 0x000000008000fec2 (0xfc442703) x14 0x0000000000000000 mem 0x0000000080031f34
core   0: 0x000000008000fec6 (0x0ff77713) andi    a4, a4, 255
core   0: 3 0x000000008000fec6 (0x0ff77713) x14 0x0000000000000000
core   0: 0x000000008000feca (0x00e78023) sb      a4, 0(a5)
core   0: 3 0x000000008000feca (0x00e78023) mem 0x0000000080012081 0x00
core   0: 0x000000008000fece (0xfc843703) ld      a4, -56(s0)
core   0: 3 0x000000008000fece (0xfc843703) x14 0x0000000080012040 mem 0x0000000080031f38
core   0: 0x000000008000fed2 (0xfb843783) ld      a5, -72(s0)
core   0: 3 0x000000008000fed2 (0xfb843783) x15 0x000000000000009c mem 0x0000000080031f28
core   0: 0x000000008000fed6 (0x000097ba) c.add   a5, a4
core   0: 3 0x000000008000fed6 (0x97ba) x15 0x00000000800120dc
core   0: 0x000000008000fed8 (0xfe043703) ld      a4, -32(s0)
core   0: 3 0x000000008000fed8 (0xfe043703) x14 0x0000000080012082 mem 0x0000000080031f50
core   0: 0x000000008000fedc (0xfcf76de3) bltu    a4, a5, pc - 38
core   0: 3 0x000000008000fedc (0xfcf76de3)
core   0: 0x000000008000feb6 (0xfe043783) ld      a5, -32(s0)
core   0: 3 0x000000008000feb6 (0xfe043783) x15 0x0000000080012082 mem 0x0000000080031f50
core   0: 0x000000008000feba (0x00178713) addi    a4, a5, 1
core   0: 3 0x000000008000feba (0x00178713) x14 0x0000000080012083
core   0: 0x000000008000febe (0xfee43023) sd      a4, -32(s0)
core   0: 3 0x000000008000febe (0xfee43023) mem 0x0000000080031f50 0x0000000080012083
core   0: 0x000000008000fec2 (0xfc442703) lw      a4, -60(s0)
core   0: 3 0x000000008000fec2 (0xfc442703) x14 0x0000000000000000 mem 0x0000000080031f34
core   0: 0x000000008000fec6 (0x0ff77713) andi    a4, a4, 255
core   0: 3 0x000000008000fec6 (0x0ff77713) x14 0x0000000000000000
core   0: 0x000000008000feca (0x00e78023) sb      a4, 0(a5)
core   0: 3 0x000000008000feca (0x00e78023) mem 0x0000000080012082 0x00
core   0: 0x000000008000fece (0xfc843703) ld      a4, -56(s0)
core   0: 3 0x000000008000fece (0xfc843703) x14 0x0000000080012040 mem 0x0000000080031f38
core   0: 0x000000008000fed2 (0xfb843783) ld      a5, -72(s0)
core   0: 3 0x000000008000fed2 (0xfb843783) x15 0x000000000000009c mem 0x0000000080031f28
core   0: 0x000000008000fed6 (0x000097ba) c.add   a5, a4
core   0: 3 0x000000008000fed6 (0x97ba) x15 0x00000000800120dc
core   0: 0x000000008000fed8 (0xfe043703) ld      a4, -32(s0)
core   0: 3 0x000000008000fed8 (0xfe043703) x14 0x0000000080012083 mem 0x0000000080031f50
core   0: 0x000000008000fedc (0xfcf76de3) bltu    a4, a5, pc - 38
core   0: 3 0x000000008000fedc (0xfcf76de3)
core   0: 0x000000008000feb6 (0xfe043783) ld      a5, -32(s0)
core   0: 3 0x000000008000feb6 (0xfe043783) x15 0x0000000080012083 mem 0x0000000080031f50
core   0: 0x000000008000feba (0x00178713) addi    a4, a5, 1
core   0: 3 0x000000008000feba (0x00178713) x14 0x0000000080012084
core   0: 0x000000008000febe (0xfee43023) sd      a4, -32(s0)
core   0: 3 0x000000008000febe (0xfee43023) mem 0x0000000080031f50 0x0000000080012084
core   0: 0x000000008000fec2 (0xfc442703) lw      a4, -60(s0)
core   0: 3 0x000000008000fec2 (0xfc442703) x14 0x0000000000000000 mem 0x0000000080031f34
core   0: 0x000000008000fec6 (0x0ff77713) andi    a4, a4, 255
core   0: 3 0x000000008000fec6 (0x0ff77713) x14 0x0000000000000000
core   0: 0x000000008000feca (0x00e78023) sb      a4, 0(a5)
core   0: 3 0x000000008000feca (0x00e78023) mem 0x0000000080012083 0x00
core   0: 0x000000008000fece (0xfc843703) ld      a4, -56(s0)
core   0: 3 0x000000008000fece (0xfc843703) x14 0x0000000080012040 mem 0x0000000080031f38
core   0: 0x000000008000fed2 (0xfb843783) ld      a5, -72(s0)
core   0: 3 0x000000008000fed2 (0xfb843783) x15 0x000000000000009c mem 0x0000000080031f28
core   0: 0x000000008000fed6 (0x000097ba) c.add   a5, a4
core   0: 3 0x000000008000fed6 (0x97ba) x15 0x00000000800120dc
core   0: 0x000000008000fed8 (0xfe043703) ld      a4, -32(s0)
core   0: 3 0x000000008000fed8 (0xfe043703) x14 0x0000000080012084 mem 0x0000000080031f50
core   0: 0x000000008000fedc (0xfcf76de3) bltu    a4, a5, pc - 38
core   0: 3 0x000000008000fedc (0xfcf76de3)
core   0: 0x000000008000feb6 (0xfe043783) ld      a5, -32(s0)
core   0: 3 0x000000008000feb6 (0xfe043783) x15 0x0000000080012084 mem 0x0000000080031f50
core   0: 0x000000008000feba (0x00178713) addi    a4, a5, 1
core   0: 3 0x000000008000feba (0x00178713) x14 0x0000000080012085
core   0: 0x000000008000febe (0xfee43023) sd      a4, -32(s0)
core   0: 3 0x000000008000febe (0xfee43023) mem 0x0000000080031f50 0x0000000080012085
core   0: 0x000000008000fec2 (0xfc442703) lw      a4, -60(s0)
core   0: 3 0x000000008000fec2 (0xfc442703) x14 0x0000000000000000 mem 0x0000000080031f34
core   0: 0x000000008000fec6 (0x0ff77713) andi    a4, a4, 255
core   0: 3 0x000000008000fec6 (0x0ff77713) x14 0x0000000000000000
core   0: 0x000000008000feca (0x00e78023) sb      a4, 0(a5)
core   0: 3 0x000000008000feca (0x00e78023) mem 0x0000000080012084 0x00
core   0: 0x000000008000fece (0xfc843703) ld      a4, -56(s0)
core   0: 3 0x000000008000fece (0xfc843703) x14 0x0000000080012040 mem 0x0000000080031f38
core   0: 0x000000008000fed2 (0xfb843783) ld      a5, -72(s0)
core   0: 3 0x000000008000fed2 (0xfb843783) x15 0x000000000000009c mem 0x0000000080031f28
core   0: 0x000000008000fed6 (0x000097ba) c.add   a5, a4
core   0: 3 0x000000008000fed6 (0x97ba) x15 0x00000000800120dc
core   0: 0x000000008000fed8 (0xfe043703) ld      a4, -32(s0)
core   0: 3 0x000000008000fed8 (0xfe043703) x14 0x0000000080012085 mem 0x0000000080031f50
core   0: 0x000000008000fedc (0xfcf76de3) bltu    a4, a5, pc - 38
core   0: 3 0x000000008000fedc (0xfcf76de3)
core   0: 0x000000008000feb6 (0xfe043783) ld      a5, -32(s0)
core   0: 3 0x000000008000feb6 (0xfe043783) x15 0x0000000080012085 mem 0x0000000080031f50
core   0: 0x000000008000feba (0x00178713) addi    a4, a5, 1
core   0: 3 0x000000008000feba (0x00178713) x14 0x0000000080012086
core   0: 0x000000008000febe (0xfee43023) sd      a4, -32(s0)
core   0: 3 0x000000008000febe (0xfee43023) mem 0x0000000080031f50 0x0000000080012086
core   0: 0x000000008000fec2 (0xfc442703) lw      a4, -60(s0)
core   0: 3 0x000000008000fec2 (0xfc442703) x14 0x0000000000000000 mem 0x0000000080031f34
core   0: 0x000000008000fec6 (0x0ff77713) andi    a4, a4, 255
core   0: 3 0x000000008000fec6 (0x0ff77713) x14 0x0000000000000000
core   0: 0x000000008000feca (0x00e78023) sb      a4, 0(a5)
core   0: 3 0x000000008000feca (0x00e78023) mem 0x0000000080012085 0x00
core   0: 0x000000008000fece (0xfc843703) ld      a4, -56(s0)
core   0: 3 0x000000008000fece (0xfc843703) x14 0x0000000080012040 mem 0x0000000080031f38
core   0: 0x000000008000fed2 (0xfb843783) ld      a5, -72(s0)
core   0: 3 0x000000008000fed2 (0xfb843783) x15 0x000000000000009c mem 0x0000000080031f28
core   0: 0x000000008000fed6 (0x000097ba) c.add   a5, a4
core   0: 3 0x000000008000fed6 (0x97ba) x15 0x00000000800120dc
core   0: 0x000000008000fed8 (0xfe043703) ld      a4, -32(s0)
core   0: 3 0x000000008000fed8 (0xfe043703) x14 0x0000000080012086 mem 0x0000000080031f50
core   0: 0x000000008000fedc (0xfcf76de3) bltu    a4, a5, pc - 38
core   0: 3 0x000000008000fedc (0xfcf76de3)
core   0: 0x000000008000feb6 (0xfe043783) ld      a5, -32(s0)
core   0: 3 0x000000008000feb6 (0xfe043783) x15 0x0000000080012086 mem 0x0000000080031f50
core   0: 0x000000008000feba (0x00178713) addi    a4, a5, 1
core   0: 3 0x000000008000feba (0x00178713) x14 0x0000000080012087
core   0: 0x000000008000febe (0xfee43023) sd      a4, -32(s0)
core   0: 3 0x000000008000febe (0xfee43023) mem 0x0000000080031f50 0x0000000080012087
core   0: 0x000000008000fec2 (0xfc442703) lw      a4, -60(s0)
core   0: 3 0x000000008000fec2 (0xfc442703) x14 0x0000000000000000 mem 0x0000000080031f34
core   0: 0x000000008000fec6 (0x0ff77713) andi    a4, a4, 255
core   0: 3 0x000000008000fec6 (0x0ff77713) x14 0x0000000000000000
core   0: 0x000000008000feca (0x00e78023) sb      a4, 0(a5)
core   0: 3 0x000000008000feca (0x00e78023) mem 0x0000000080012086 0x00
core   0: 0x000000008000fece (0xfc843703) ld      a4, -56(s0)
core   0: 3 0x000000008000fece (0xfc843703) x14 0x0000000080012040 mem 0x0000000080031f38
core   0: 0x000000008000fed2 (0xfb843783) ld      a5, -72(s0)
core   0: 3 0x000000008000fed2 (0xfb843783) x15 0x000000000000009c mem 0x0000000080031f28
core   0: 0x000000008000fed6 (0x000097ba) c.add   a5, a4
core   0: 3 0x000000008000fed6 (0x97ba) x15 0x00000000800120dc
core   0: 0x000000008000fed8 (0xfe043703) ld      a4, -32(s0)
core   0: 3 0x000000008000fed8 (0xfe043703) x14 0x0000000080012087 mem 0x0000000080031f50
core   0: 0x000000008000fedc (0xfcf76de3) bltu    a4, a5, pc - 38
core   0: 3 0x000000008000fedc (0xfcf76de3)
core   0: 0x000000008000feb6 (0xfe043783) ld      a5, -32(s0)
core   0: 3 0x000000008000feb6 (0xfe043783) x15 0x0000000080012087 mem 0x0000000080031f50
core   0: 0x000000008000feba (0x00178713) addi    a4, a5, 1
core   0: 3 0x000000008000feba (0x00178713) x14 0x0000000080012088
core   0: 0x000000008000febe (0xfee43023) sd      a4, -32(s0)
core   0: 3 0x000000008000febe (0xfee43023) mem 0x0000000080031f50 0x0000000080012088
core   0: 0x000000008000fec2 (0xfc442703) lw      a4, -60(s0)
core   0: 3 0x000000008000fec2 (0xfc442703) x14 0x0000000000000000 mem 0x0000000080031f34
core   0: 0x000000008000fec6 (0x0ff77713) andi    a4, a4, 255
core   0: 3 0x000000008000fec6 (0x0ff77713) x14 0x0000000000000000
core   0: 0x000000008000feca (0x00e78023) sb      a4, 0(a5)
core   0: 3 0x000000008000feca (0x00e78023) mem 0x0000000080012087 0x00
core   0: 0x000000008000fece (0xfc843703) ld      a4, -56(s0)
core   0: 3 0x000000008000fece (0xfc843703) x14 0x0000000080012040 mem 0x0000000080031f38
core   0: 0x000000008000fed2 (0xfb843783) ld      a5, -72(s0)
core   0: 3 0x000000008000fed2 (0xfb843783) x15 0x000000000000009c mem 0x0000000080031f28
core   0: 0x000000008000fed6 (0x000097ba) c.add   a5, a4
core   0: 3 0x000000008000fed6 (0x97ba) x15 0x00000000800120dc
core   0: 0x000000008000fed8 (0xfe043703) ld      a4, -32(s0)
core   0: 3 0x000000008000fed8 (0xfe043703) x14 0x0000000080012088 mem 0x0000000080031f50
core   0: 0x000000008000fedc (0xfcf76de3) bltu    a4, a5, pc - 38
core   0: 3 0x000000008000fedc (0xfcf76de3)
core   0: 0x000000008000feb6 (0xfe043783) ld      a5, -32(s0)
core   0: 3 0x000000008000feb6 (0xfe043783) x15 0x0000000080012088 mem 0x0000000080031f50
core   0: 0x000000008000feba (0x00178713) addi    a4, a5, 1
core   0: 3 0x000000008000feba (0x00178713) x14 0x0000000080012089
core   0: 0x000000008000febe (0xfee43023) sd      a4, -32(s0)
core   0: 3 0x000000008000febe (0xfee43023) mem 0x0000000080031f50 0x0000000080012089
core   0: 0x000000008000fec2 (0xfc442703) lw      a4, -60(s0)
core   0: 3 0x000000008000fec2 (0xfc442703) x14 0x0000000000000000 mem 0x0000000080031f34
core   0: 0x000000008000fec6 (0x0ff77713) andi    a4, a4, 255
core   0: 3 0x000000008000fec6 (0x0ff77713) x14 0x0000000000000000
core   0: 0x000000008000feca (0x00e78023) sb      a4, 0(a5)
core   0: 3 0x000000008000feca (0x00e78023) mem 0x0000000080012088 0x00
core   0: 0x000000008000fece (0xfc843703) ld      a4, -56(s0)
core   0: 3 0x000000008000fece (0xfc843703) x14 0x0000000080012040 mem 0x0000000080031f38
core   0: 0x000000008000fed2 (0xfb843783) ld      a5, -72(s0)
core   0: 3 0x000000008000fed2 (0xfb843783) x15 0x000000000000009c mem 0x0000000080031f28
core   0: 0x000000008000fed6 (0x000097ba) c.add   a5, a4
core   0: 3 0x000000008000fed6 (0x97ba) x15 0x00000000800120dc
core   0: 0x000000008000fed8 (0xfe043703) ld      a4, -32(s0)
core   0: 3 0x000000008000fed8 (0xfe043703) x14 0x0000000080012089 mem 0x0000000080031f50
core   0: 0x000000008000fedc (0xfcf76de3) bltu    a4, a5, pc - 38
core   0: 3 0x000000008000fedc (0xfcf76de3)
core   0: 0x000000008000feb6 (0xfe043783) ld      a5, -32(s0)
core   0: 3 0x000000008000feb6 (0xfe043783) x15 0x0000000080012089 mem 0x0000000080031f50
core   0: 0x000000008000feba (0x00178713) addi    a4, a5, 1
core   0: 3 0x000000008000feba (0x00178713) x14 0x000000008001208a
core   0: 0x000000008000febe (0xfee43023) sd      a4, -32(s0)
core   0: 3 0x000000008000febe (0xfee43023) mem 0x0000000080031f50 0x000000008001208a
core   0: 0x000000008000fec2 (0xfc442703) lw      a4, -60(s0)
core   0: 3 0x000000008000fec2 (0xfc442703) x14 0x0000000000000000 mem 0x0000000080031f34
core   0: 0x000000008000fec6 (0x0ff77713) andi    a4, a4, 255
core   0: 3 0x000000008000fec6 (0x0ff77713) x14 0x0000000000000000
core   0: 0x000000008000feca (0x00e78023) sb      a4, 0(a5)
core   0: 3 0x000000008000feca (0x00e78023) mem 0x0000000080012089 0x00
core   0: 0x000000008000fece (0xfc843703) ld      a4, -56(s0)
core   0: 3 0x000000008000fece (0xfc843703) x14 0x0000000080012040 mem 0x0000000080031f38
core   0: 0x000000008000fed2 (0xfb843783) ld      a5, -72(s0)
core   0: 3 0x000000008000fed2 (0xfb843783) x15 0x000000000000009c mem 0x0000000080031f28
core   0: 0x000000008000fed6 (0x000097ba) c.add   a5, a4
core   0: 3 0x000000008000fed6 (0x97ba) x15 0x00000000800120dc
core   0: 0x000000008000fed8 (0xfe043703) ld      a4, -32(s0)
core   0: 3 0x000000008000fed8 (0xfe043703) x14 0x000000008001208a mem 0x0000000080031f50
core   0: 0x000000008000fedc (0xfcf76de3) bltu    a4, a5, pc - 38
core   0: 3 0x000000008000fedc (0xfcf76de3)
core   0: 0x000000008000feb6 (0xfe043783) ld      a5, -32(s0)
core   0: 3 0x000000008000feb6 (0xfe043783) x15 0x000000008001208a mem 0x0000000080031f50
core   0: 0x000000008000feba (0x00178713) addi    a4, a5, 1
core   0: 3 0x000000008000feba (0x00178713) x14 0x000000008001208b
core   0: 0x000000008000febe (0xfee43023) sd      a4, -32(s0)
core   0: 3 0x000000008000febe (0xfee43023) mem 0x0000000080031f50 0x000000008001208b
core   0: 0x000000008000fec2 (0xfc442703) lw      a4, -60(s0)
core   0: 3 0x000000008000fec2 (0xfc442703) x14 0x0000000000000000 mem 0x0000000080031f34
core   0: 0x000000008000fec6 (0x0ff77713) andi    a4, a4, 255
core   0: 3 0x000000008000fec6 (0x0ff77713) x14 0x0000000000000000
core   0: 0x000000008000feca (0x00e78023) sb      a4, 0(a5)
core   0: 3 0x000000008000feca (0x00e78023) mem 0x000000008001208a 0x00
core   0: 0x000000008000fece (0xfc843703) ld      a4, -56(s0)
core   0: 3 0x000000008000fece (0xfc843703) x14 0x0000000080012040 mem 0x0000000080031f38
core   0: 0x000000008000fed2 (0xfb843783) ld      a5, -72(s0)
core   0: 3 0x000000008000fed2 (0xfb843783) x15 0x000000000000009c mem 0x0000000080031f28
core   0: 0x000000008000fed6 (0x000097ba) c.add   a5, a4
core   0: 3 0x000000008000fed6 (0x97ba) x15 0x00000000800120dc
core   0: 0x000000008000fed8 (0xfe043703) ld      a4, -32(s0)
core   0: 3 0x000000008000fed8 (0xfe043703) x14 0x000000008001208b mem 0x0000000080031f50
core   0: 0x000000008000fedc (0xfcf76de3) bltu    a4, a5, pc - 38
core   0: 3 0x000000008000fedc (0xfcf76de3)
core   0: 0x000000008000feb6 (0xfe043783) ld      a5, -32(s0)
core   0: 3 0x000000008000feb6 (0xfe043783) x15 0x000000008001208b mem 0x0000000080031f50
core   0: 0x000000008000feba (0x00178713) addi    a4, a5, 1
core   0: 3 0x000000008000feba (0x00178713) x14 0x000000008001208c
core   0: 0x000000008000febe (0xfee43023) sd      a4, -32(s0)
core   0: 3 0x000000008000febe (0xfee43023) mem 0x0000000080031f50 0x000000008001208c
core   0: 0x000000008000fec2 (0xfc442703) lw      a4, -60(s0)
core   0: 3 0x000000008000fec2 (0xfc442703) x14 0x0000000000000000 mem 0x0000000080031f34
core   0: 0x000000008000fec6 (0x0ff77713) andi    a4, a4, 255
core   0: 3 0x000000008000fec6 (0x0ff77713) x14 0x0000000000000000
core   0: 0x000000008000feca (0x00e78023) sb      a4, 0(a5)
core   0: 3 0x000000008000feca (0x00e78023) mem 0x000000008001208b 0x00
core   0: 0x000000008000fece (0xfc843703) ld      a4, -56(s0)
core   0: 3 0x000000008000fece (0xfc843703) x14 0x0000000080012040 mem 0x0000000080031f38
core   0: 0x000000008000fed2 (0xfb843783) ld      a5, -72(s0)
core   0: 3 0x000000008000fed2 (0xfb843783) x15 0x000000000000009c mem 0x0000000080031f28
core   0: 0x000000008000fed6 (0x000097ba) c.add   a5, a4
core   0: 3 0x000000008000fed6 (0x97ba) x15 0x00000000800120dc
core   0: 0x000000008000fed8 (0xfe043703) ld      a4, -32(s0)
core   0: 3 0x000000008000fed8 (0xfe043703) x14 0x000000008001208c mem 0x0000000080031f50
core   0: 0x000000008000fedc (0xfcf76de3) bltu    a4, a5, pc - 38
core   0: 3 0x000000008000fedc (0xfcf76de3)
core   0: 0x000000008000feb6 (0xfe043783) ld      a5, -32(s0)
core   0: 3 0x000000008000feb6 (0xfe043783) x15 0x000000008001208c mem 0x0000000080031f50
core   0: 0x000000008000feba (0x00178713) addi    a4, a5, 1
core   0: 3 0x000000008000feba (0x00178713) x14 0x000000008001208d
core   0: 0x000000008000febe (0xfee43023) sd      a4, -32(s0)
core   0: 3 0x000000008000febe (0xfee43023) mem 0x0000000080031f50 0x000000008001208d
core   0: 0x000000008000fec2 (0xfc442703) lw      a4, -60(s0)
core   0: 3 0x000000008000fec2 (0xfc442703) x14 0x0000000000000000 mem 0x0000000080031f34
core   0: 0x000000008000fec6 (0x0ff77713) andi    a4, a4, 255
core   0: 3 0x000000008000fec6 (0x0ff77713) x14 0x0000000000000000
core   0: 0x000000008000feca (0x00e78023) sb      a4, 0(a5)
core   0: 3 0x000000008000feca (0x00e78023) mem 0x000000008001208c 0x00
core   0: 0x000000008000fece (0xfc843703) ld      a4, -56(s0)
core   0: 3 0x000000008000fece (0xfc843703) x14 0x0000000080012040 mem 0x0000000080031f38
core   0: 0x000000008000fed2 (0xfb843783) ld      a5, -72(s0)
core   0: 3 0x000000008000fed2 (0xfb843783) x15 0x000000000000009c mem 0x0000000080031f28
core   0: 0x000000008000fed6 (0x000097ba) c.add   a5, a4
core   0: 3 0x000000008000fed6 (0x97ba) x15 0x00000000800120dc
core   0: 0x000000008000fed8 (0xfe043703) ld      a4, -32(s0)
core   0: 3 0x000000008000fed8 (0xfe043703) x14 0x000000008001208d mem 0x0000000080031f50
core   0: 0x000000008000fedc (0xfcf76de3) bltu    a4, a5, pc - 38
core   0: 3 0x000000008000fedc (0xfcf76de3)
core   0: 0x000000008000feb6 (0xfe043783) ld      a5, -32(s0)
core   0: 3 0x000000008000feb6 (0xfe043783) x15 0x000000008001208d mem 0x0000000080031f50
core   0: 0x000000008000feba (0x00178713) addi    a4, a5, 1
core   0: 3 0x000000008000feba (0x00178713) x14 0x000000008001208e
core   0: 0x000000008000febe (0xfee43023) sd      a4, -32(s0)
core   0: 3 0x000000008000febe (0xfee43023) mem 0x0000000080031f50 0x000000008001208e
core   0: 0x000000008000fec2 (0xfc442703) lw      a4, -60(s0)
core   0: 3 0x000000008000fec2 (0xfc442703) x14 0x0000000000000000 mem 0x0000000080031f34
core   0: 0x000000008000fec6 (0x0ff77713) andi    a4, a4, 255
core   0: 3 0x000000008000fec6 (0x0ff77713) x14 0x0000000000000000
core   0: 0x000000008000feca (0x00e78023) sb      a4, 0(a5)
core   0: 3 0x000000008000feca (0x00e78023) mem 0x000000008001208d 0x00
core   0: 0x000000008000fece (0xfc843703) ld      a4, -56(s0)
core   0: 3 0x000000008000fece (0xfc843703) x14 0x0000000080012040 mem 0x0000000080031f38
core   0: 0x000000008000fed2 (0xfb843783) ld      a5, -72(s0)
core   0: 3 0x000000008000fed2 (0xfb843783) x15 0x000000000000009c mem 0x0000000080031f28
core   0: 0x000000008000fed6 (0x000097ba) c.add   a5, a4
core   0: 3 0x000000008000fed6 (0x97ba) x15 0x00000000800120dc
core   0: 0x000000008000fed8 (0xfe043703) ld      a4, -32(s0)
core   0: 3 0x000000008000fed8 (0xfe043703) x14 0x000000008001208e mem 0x0000000080031f50
core   0: 0x000000008000fedc (0xfcf76de3) bltu    a4, a5, pc - 38
core   0: 3 0x000000008000fedc (0xfcf76de3)
core   0: 0x000000008000feb6 (0xfe043783) ld      a5, -32(s0)
core   0: 3 0x000000008000feb6 (0xfe043783) x15 0x000000008001208e mem 0x0000000080031f50
core   0: 0x000000008000feba (0x00178713) addi    a4, a5, 1
core   0: 3 0x000000008000feba (0x00178713) x14 0x000000008001208f
core   0: 0x000000008000febe (0xfee43023) sd      a4, -32(s0)
core   0: 3 0x000000008000febe (0xfee43023) mem 0x0000000080031f50 0x000000008001208f
core   0: 0x000000008000fec2 (0xfc442703) lw      a4, -60(s0)
core   0: 3 0x000000008000fec2 (0xfc442703) x14 0x0000000000000000 mem 0x0000000080031f34
core   0: 0x000000008000fec6 (0x0ff77713) andi    a4, a4, 255
core   0: 3 0x000000008000fec6 (0x0ff77713) x14 0x0000000000000000
core   0: 0x000000008000feca (0x00e78023) sb      a4, 0(a5)
core   0: 3 0x000000008000feca (0x00e78023) mem 0x000000008001208e 0x00
core   0: 0x000000008000fece (0xfc843703) ld      a4, -56(s0)
core   0: 3 0x000000008000fece (0xfc843703) x14 0x0000000080012040 mem 0x0000000080031f38
core   0: 0x000000008000fed2 (0xfb843783) ld      a5, -72(s0)
core   0: 3 0x000000008000fed2 (0xfb843783) x15 0x000000000000009c mem 0x0000000080031f28
core   0: 0x000000008000fed6 (0x000097ba) c.add   a5, a4
core   0: 3 0x000000008000fed6 (0x97ba) x15 0x00000000800120dc
core   0: 0x000000008000fed8 (0xfe043703) ld      a4, -32(s0)
core   0: 3 0x000000008000fed8 (0xfe043703) x14 0x000000008001208f mem 0x0000000080031f50
core   0: 0x000000008000fedc (0xfcf76de3) bltu    a4, a5, pc - 38
core   0: 3 0x000000008000fedc (0xfcf76de3)
core   0: 0x000000008000feb6 (0xfe043783) ld      a5, -32(s0)
core   0: 3 0x000000008000feb6 (0xfe043783) x15 0x000000008001208f mem 0x0000000080031f50
core   0: 0x000000008000feba (0x00178713) addi    a4, a5, 1
core   0: 3 0x000000008000feba (0x00178713) x14 0x0000000080012090
core   0: 0x000000008000febe (0xfee43023) sd      a4, -32(s0)
core   0: 3 0x000000008000febe (0xfee43023) mem 0x0000000080031f50 0x0000000080012090
core   0: 0x000000008000fec2 (0xfc442703) lw      a4, -60(s0)
core   0: 3 0x000000008000fec2 (0xfc442703) x14 0x0000000000000000 mem 0x0000000080031f34
core   0: 0x000000008000fec6 (0x0ff77713) andi    a4, a4, 255
core   0: 3 0x000000008000fec6 (0x0ff77713) x14 0x0000000000000000
core   0: 0x000000008000feca (0x00e78023) sb      a4, 0(a5)
core   0: 3 0x000000008000feca (0x00e78023) mem 0x000000008001208f 0x00
core   0: 0x000000008000fece (0xfc843703) ld      a4, -56(s0)
core   0: 3 0x000000008000fece (0xfc843703) x14 0x0000000080012040 mem 0x0000000080031f38
core   0: 0x000000008000fed2 (0xfb843783) ld      a5, -72(s0)
core   0: 3 0x000000008000fed2 (0xfb843783) x15 0x000000000000009c mem 0x0000000080031f28
core   0: 0x000000008000fed6 (0x000097ba) c.add   a5, a4
core   0: 3 0x000000008000fed6 (0x97ba) x15 0x00000000800120dc
core   0: 0x000000008000fed8 (0xfe043703) ld      a4, -32(s0)
core   0: 3 0x000000008000fed8 (0xfe043703) x14 0x0000000080012090 mem 0x0000000080031f50
core   0: 0x000000008000fedc (0xfcf76de3) bltu    a4, a5, pc - 38
core   0: 3 0x000000008000fedc (0xfcf76de3)
core   0: 0x000000008000feb6 (0xfe043783) ld      a5, -32(s0)
core   0: 3 0x000000008000feb6 (0xfe043783) x15 0x0000000080012090 mem 0x0000000080031f50
core   0: 0x000000008000feba (0x00178713) addi    a4, a5, 1
core   0: 3 0x000000008000feba (0x00178713) x14 0x0000000080012091
core   0: 0x000000008000febe (0xfee43023) sd      a4, -32(s0)
core   0: 3 0x000000008000febe (0xfee43023) mem 0x0000000080031f50 0x0000000080012091
core   0: 0x000000008000fec2 (0xfc442703) lw      a4, -60(s0)
core   0: 3 0x000000008000fec2 (0xfc442703) x14 0x0000000000000000 mem 0x0000000080031f34
core   0: 0x000000008000fec6 (0x0ff77713) andi    a4, a4, 255
core   0: 3 0x000000008000fec6 (0x0ff77713) x14 0x0000000000000000
core   0: 0x000000008000feca (0x00e78023) sb      a4, 0(a5)
core   0: 3 0x000000008000feca (0x00e78023) mem 0x0000000080012090 0x00
core   0: 0x000000008000fece (0xfc843703) ld      a4, -56(s0)
core   0: 3 0x000000008000fece (0xfc843703) x14 0x0000000080012040 mem 0x0000000080031f38
core   0: 0x000000008000fed2 (0xfb843783) ld      a5, -72(s0)
core   0: 3 0x000000008000fed2 (0xfb843783) x15 0x000000000000009c mem 0x0000000080031f28
core   0: 0x000000008000fed6 (0x000097ba) c.add   a5, a4
core   0: 3 0x000000008000fed6 (0x97ba) x15 0x00000000800120dc
core   0: 0x000000008000fed8 (0xfe043703) ld      a4, -32(s0)
core   0: 3 0x000000008000fed8 (0xfe043703) x14 0x0000000080012091 mem 0x0000000080031f50
core   0: 0x000000008000fedc (0xfcf76de3) bltu    a4, a5, pc - 38
core   0: 3 0x000000008000fedc (0xfcf76de3)
core   0: 0x000000008000feb6 (0xfe043783) ld      a5, -32(s0)
core   0: 3 0x000000008000feb6 (0xfe043783) x15 0x0000000080012091 mem 0x0000000080031f50
core   0: 0x000000008000feba (0x00178713) addi    a4, a5, 1
core   0: 3 0x000000008000feba (0x00178713) x14 0x0000000080012092
core   0: 0x000000008000febe (0xfee43023) sd      a4, -32(s0)
core   0: 3 0x000000008000febe (0xfee43023) mem 0x0000000080031f50 0x0000000080012092
core   0: 0x000000008000fec2 (0xfc442703) lw      a4, -60(s0)
core   0: 3 0x000000008000fec2 (0xfc442703) x14 0x0000000000000000 mem 0x0000000080031f34
core   0: 0x000000008000fec6 (0x0ff77713) andi    a4, a4, 255
core   0: 3 0x000000008000fec6 (0x0ff77713) x14 0x0000000000000000
core   0: 0x000000008000feca (0x00e78023) sb      a4, 0(a5)
core   0: 3 0x000000008000feca (0x00e78023) mem 0x0000000080012091 0x00
core   0: 0x000000008000fece (0xfc843703) ld      a4, -56(s0)
core   0: 3 0x000000008000fece (0xfc843703) x14 0x0000000080012040 mem 0x0000000080031f38
core   0: 0x000000008000fed2 (0xfb843783) ld      a5, -72(s0)
core   0: 3 0x000000008000fed2 (0xfb843783) x15 0x000000000000009c mem 0x0000000080031f28
core   0: 0x000000008000fed6 (0x000097ba) c.add   a5, a4
core   0: 3 0x000000008000fed6 (0x97ba) x15 0x00000000800120dc
core   0: 0x000000008000fed8 (0xfe043703) ld      a4, -32(s0)
core   0: 3 0x000000008000fed8 (0xfe043703) x14 0x0000000080012092 mem 0x0000000080031f50
core   0: 0x000000008000fedc (0xfcf76de3) bltu    a4, a5, pc - 38
core   0: 3 0x000000008000fedc (0xfcf76de3)
core   0: 0x000000008000feb6 (0xfe043783) ld      a5, -32(s0)
core   0: 3 0x000000008000feb6 (0xfe043783) x15 0x0000000080012092 mem 0x0000000080031f50
core   0: 0x000000008000feba (0x00178713) addi    a4, a5, 1
core   0: 3 0x000000008000feba (0x00178713) x14 0x0000000080012093
core   0: 0x000000008000febe (0xfee43023) sd      a4, -32(s0)
core   0: 3 0x000000008000febe (0xfee43023) mem 0x0000000080031f50 0x0000000080012093
core   0: 0x000000008000fec2 (0xfc442703) lw      a4, -60(s0)
core   0: 3 0x000000008000fec2 (0xfc442703) x14 0x0000000000000000 mem 0x0000000080031f34
core   0: 0x000000008000fec6 (0x0ff77713) andi    a4, a4, 255
core   0: 3 0x000000008000fec6 (0x0ff77713) x14 0x0000000000000000
core   0: 0x000000008000feca (0x00e78023) sb      a4, 0(a5)
core   0: 3 0x000000008000feca (0x00e78023) mem 0x0000000080012092 0x00
core   0: 0x000000008000fece (0xfc843703) ld      a4, -56(s0)
core   0: 3 0x000000008000fece (0xfc843703) x14 0x0000000080012040 mem 0x0000000080031f38
core   0: 0x000000008000fed2 (0xfb843783) ld      a5, -72(s0)
core   0: 3 0x000000008000fed2 (0xfb843783) x15 0x000000000000009c mem 0x0000000080031f28
core   0: 0x000000008000fed6 (0x000097ba) c.add   a5, a4
core   0: 3 0x000000008000fed6 (0x97ba) x15 0x00000000800120dc
core   0: 0x000000008000fed8 (0xfe043703) ld      a4, -32(s0)
core   0: 3 0x000000008000fed8 (0xfe043703) x14 0x0000000080012093 mem 0x0000000080031f50
core   0: 0x000000008000fedc (0xfcf76de3) bltu    a4, a5, pc - 38
core   0: 3 0x000000008000fedc (0xfcf76de3)
core   0: 0x000000008000feb6 (0xfe043783) ld      a5, -32(s0)
core   0: 3 0x000000008000feb6 (0xfe043783) x15 0x0000000080012093 mem 0x0000000080031f50
core   0: 0x000000008000feba (0x00178713) addi    a4, a5, 1
core   0: 3 0x000000008000feba (0x00178713) x14 0x0000000080012094
core   0: 0x000000008000febe (0xfee43023) sd      a4, -32(s0)
core   0: 3 0x000000008000febe (0xfee43023) mem 0x0000000080031f50 0x0000000080012094
core   0: 0x000000008000fec2 (0xfc442703) lw      a4, -60(s0)
core   0: 3 0x000000008000fec2 (0xfc442703) x14 0x0000000000000000 mem 0x0000000080031f34
core   0: 0x000000008000fec6 (0x0ff77713) andi    a4, a4, 255
core   0: 3 0x000000008000fec6 (0x0ff77713) x14 0x0000000000000000
core   0: 0x000000008000feca (0x00e78023) sb      a4, 0(a5)
core   0: 3 0x000000008000feca (0x00e78023) mem 0x0000000080012093 0x00
core   0: 0x000000008000fece (0xfc843703) ld      a4, -56(s0)
core   0: 3 0x000000008000fece (0xfc843703) x14 0x0000000080012040 mem 0x0000000080031f38
core   0: 0x000000008000fed2 (0xfb843783) ld      a5, -72(s0)
core   0: 3 0x000000008000fed2 (0xfb843783) x15 0x000000000000009c mem 0x0000000080031f28
core   0: 0x000000008000fed6 (0x000097ba) c.add   a5, a4
core   0: 3 0x000000008000fed6 (0x97ba) x15 0x00000000800120dc
core   0: 0x000000008000fed8 (0xfe043703) ld      a4, -32(s0)
core   0: 3 0x000000008000fed8 (0xfe043703) x14 0x0000000080012094 mem 0x0000000080031f50
core   0: 0x000000008000fedc (0xfcf76de3) bltu    a4, a5, pc - 38
core   0: 3 0x000000008000fedc (0xfcf76de3)
core   0: 0x000000008000feb6 (0xfe043783) ld      a5, -32(s0)
core   0: 3 0x000000008000feb6 (0xfe043783) x15 0x0000000080012094 mem 0x0000000080031f50
core   0: 0x000000008000feba (0x00178713) addi    a4, a5, 1
core   0: 3 0x000000008000feba (0x00178713) x14 0x0000000080012095
core   0: 0x000000008000febe (0xfee43023) sd      a4, -32(s0)
core   0: 3 0x000000008000febe (0xfee43023) mem 0x0000000080031f50 0x0000000080012095
core   0: 0x000000008000fec2 (0xfc442703) lw      a4, -60(s0)
core   0: 3 0x000000008000fec2 (0xfc442703) x14 0x0000000000000000 mem 0x0000000080031f34
core   0: 0x000000008000fec6 (0x0ff77713) andi    a4, a4, 255
core   0: 3 0x000000008000fec6 (0x0ff77713) x14 0x0000000000000000
core   0: 0x000000008000feca (0x00e78023) sb      a4, 0(a5)
core   0: 3 0x000000008000feca (0x00e78023) mem 0x0000000080012094 0x00
core   0: 0x000000008000fece (0xfc843703) ld      a4, -56(s0)
core   0: 3 0x000000008000fece (0xfc843703) x14 0x0000000080012040 mem 0x0000000080031f38
core   0: 0x000000008000fed2 (0xfb843783) ld      a5, -72(s0)
core   0: 3 0x000000008000fed2 (0xfb843783) x15 0x000000000000009c mem 0x0000000080031f28
core   0: 0x000000008000fed6 (0x000097ba) c.add   a5, a4
core   0: 3 0x000000008000fed6 (0x97ba) x15 0x00000000800120dc
core   0: 0x000000008000fed8 (0xfe043703) ld      a4, -32(s0)
core   0: 3 0x000000008000fed8 (0xfe043703) x14 0x0000000080012095 mem 0x0000000080031f50
core   0: 0x000000008000fedc (0xfcf76de3) bltu    a4, a5, pc - 38
core   0: 3 0x000000008000fedc (0xfcf76de3)
core   0: 0x000000008000feb6 (0xfe043783) ld      a5, -32(s0)
core   0: 3 0x000000008000feb6 (0xfe043783) x15 0x0000000080012095 mem 0x0000000080031f50
core   0: 0x000000008000feba (0x00178713) addi    a4, a5, 1
core   0: 3 0x000000008000feba (0x00178713) x14 0x0000000080012096
core   0: 0x000000008000febe (0xfee43023) sd      a4, -32(s0)
core   0: 3 0x000000008000febe (0xfee43023) mem 0x0000000080031f50 0x0000000080012096
core   0: 0x000000008000fec2 (0xfc442703) lw      a4, -60(s0)
core   0: 3 0x000000008000fec2 (0xfc442703) x14 0x0000000000000000 mem 0x0000000080031f34
core   0: 0x000000008000fec6 (0x0ff77713) andi    a4, a4, 255
core   0: 3 0x000000008000fec6 (0x0ff77713) x14 0x0000000000000000
core   0: 0x000000008000feca (0x00e78023) sb      a4, 0(a5)
core   0: 3 0x000000008000feca (0x00e78023) mem 0x0000000080012095 0x00
core   0: 0x000000008000fece (0xfc843703) ld      a4, -56(s0)
core   0: 3 0x000000008000fece (0xfc843703) x14 0x0000000080012040 mem 0x0000000080031f38
core   0: 0x000000008000fed2 (0xfb843783) ld      a5, -72(s0)
core   0: 3 0x000000008000fed2 (0xfb843783) x15 0x000000000000009c mem 0x0000000080031f28
core   0: 0x000000008000fed6 (0x000097ba) c.add   a5, a4
core   0: 3 0x000000008000fed6 (0x97ba) x15 0x00000000800120dc
core   0: 0x000000008000fed8 (0xfe043703) ld      a4, -32(s0)
core   0: 3 0x000000008000fed8 (0xfe043703) x14 0x0000000080012096 mem 0x0000000080031f50
core   0: 0x000000008000fedc (0xfcf76de3) bltu    a4, a5, pc - 38
core   0: 3 0x000000008000fedc (0xfcf76de3)
core   0: 0x000000008000feb6 (0xfe043783) ld      a5, -32(s0)
core   0: 3 0x000000008000feb6 (0xfe043783) x15 0x0000000080012096 mem 0x0000000080031f50
core   0: 0x000000008000feba (0x00178713) addi    a4, a5, 1
core   0: 3 0x000000008000feba (0x00178713) x14 0x0000000080012097
core   0: 0x000000008000febe (0xfee43023) sd      a4, -32(s0)
core   0: 3 0x000000008000febe (0xfee43023) mem 0x0000000080031f50 0x0000000080012097
core   0: 0x000000008000fec2 (0xfc442703) lw      a4, -60(s0)
core   0: 3 0x000000008000fec2 (0xfc442703) x14 0x0000000000000000 mem 0x0000000080031f34
core   0: 0x000000008000fec6 (0x0ff77713) andi    a4, a4, 255
core   0: 3 0x000000008000fec6 (0x0ff77713) x14 0x0000000000000000
core   0: 0x000000008000feca (0x00e78023) sb      a4, 0(a5)
core   0: 3 0x000000008000feca (0x00e78023) mem 0x0000000080012096 0x00
core   0: 0x000000008000fece (0xfc843703) ld      a4, -56(s0)
core   0: 3 0x000000008000fece (0xfc843703) x14 0x0000000080012040 mem 0x0000000080031f38
core   0: 0x000000008000fed2 (0xfb843783) ld      a5, -72(s0)
core   0: 3 0x000000008000fed2 (0xfb843783) x15 0x000000000000009c mem 0x0000000080031f28
core   0: 0x000000008000fed6 (0x000097ba) c.add   a5, a4
core   0: 3 0x000000008000fed6 (0x97ba) x15 0x00000000800120dc
core   0: 0x000000008000fed8 (0xfe043703) ld      a4, -32(s0)
core   0: 3 0x000000008000fed8 (0xfe043703) x14 0x0000000080012097 mem 0x0000000080031f50
core   0: 0x000000008000fedc (0xfcf76de3) bltu    a4, a5, pc - 38
core   0: 3 0x000000008000fedc (0xfcf76de3)
core   0: 0x000000008000feb6 (0xfe043783) ld      a5, -32(s0)
core   0: 3 0x000000008000feb6 (0xfe043783) x15 0x0000000080012097 mem 0x0000000080031f50
core   0: 0x000000008000feba (0x00178713) addi    a4, a5, 1
core   0: 3 0x000000008000feba (0x00178713) x14 0x0000000080012098
core   0: 0x000000008000febe (0xfee43023) sd      a4, -32(s0)
core   0: 3 0x000000008000febe (0xfee43023) mem 0x0000000080031f50 0x0000000080012098
core   0: 0x000000008000fec2 (0xfc442703) lw      a4, -60(s0)
core   0: 3 0x000000008000fec2 (0xfc442703) x14 0x0000000000000000 mem 0x0000000080031f34
core   0: 0x000000008000fec6 (0x0ff77713) andi    a4, a4, 255
core   0: 3 0x000000008000fec6 (0x0ff77713) x14 0x0000000000000000
core   0: 0x000000008000feca (0x00e78023) sb      a4, 0(a5)
core   0: 3 0x000000008000feca (0x00e78023) mem 0x0000000080012097 0x00
core   0: 0x000000008000fece (0xfc843703) ld      a4, -56(s0)
core   0: 3 0x000000008000fece (0xfc843703) x14 0x0000000080012040 mem 0x0000000080031f38
core   0: 0x000000008000fed2 (0xfb843783) ld      a5, -72(s0)
core   0: 3 0x000000008000fed2 (0xfb843783) x15 0x000000000000009c mem 0x0000000080031f28
core   0: 0x000000008000fed6 (0x000097ba) c.add   a5, a4
core   0: 3 0x000000008000fed6 (0x97ba) x15 0x00000000800120dc
core   0: 0x000000008000fed8 (0xfe043703) ld      a4, -32(s0)
core   0: 3 0x000000008000fed8 (0xfe043703) x14 0x0000000080012098 mem 0x0000000080031f50
core   0: 0x000000008000fedc (0xfcf76de3) bltu    a4, a5, pc - 38
core   0: 3 0x000000008000fedc (0xfcf76de3)
core   0: 0x000000008000feb6 (0xfe043783) ld      a5, -32(s0)
core   0: 3 0x000000008000feb6 (0xfe043783) x15 0x0000000080012098 mem 0x0000000080031f50
core   0: 0x000000008000feba (0x00178713) addi    a4, a5, 1
core   0: 3 0x000000008000feba (0x00178713) x14 0x0000000080012099
core   0: 0x000000008000febe (0xfee43023) sd      a4, -32(s0)
core   0: 3 0x000000008000febe (0xfee43023) mem 0x0000000080031f50 0x0000000080012099
core   0: 0x000000008000fec2 (0xfc442703) lw      a4, -60(s0)
core   0: 3 0x000000008000fec2 (0xfc442703) x14 0x0000000000000000 mem 0x0000000080031f34
core   0: 0x000000008000fec6 (0x0ff77713) andi    a4, a4, 255
core   0: 3 0x000000008000fec6 (0x0ff77713) x14 0x0000000000000000
core   0: 0x000000008000feca (0x00e78023) sb      a4, 0(a5)
core   0: 3 0x000000008000feca (0x00e78023) mem 0x0000000080012098 0x00
core   0: 0x000000008000fece (0xfc843703) ld      a4, -56(s0)
core   0: 3 0x000000008000fece (0xfc843703) x14 0x0000000080012040 mem 0x0000000080031f38
core   0: 0x000000008000fed2 (0xfb843783) ld      a5, -72(s0)
core   0: 3 0x000000008000fed2 (0xfb843783) x15 0x000000000000009c mem 0x0000000080031f28
core   0: 0x000000008000fed6 (0x000097ba) c.add   a5, a4
core   0: 3 0x000000008000fed6 (0x97ba) x15 0x00000000800120dc
core   0: 0x000000008000fed8 (0xfe043703) ld      a4, -32(s0)
core   0: 3 0x000000008000fed8 (0xfe043703) x14 0x0000000080012099 mem 0x0000000080031f50
core   0: 0x000000008000fedc (0xfcf76de3) bltu    a4, a5, pc - 38
core   0: 3 0x000000008000fedc (0xfcf76de3)
core   0: 0x000000008000feb6 (0xfe043783) ld      a5, -32(s0)
core   0: 3 0x000000008000feb6 (0xfe043783) x15 0x0000000080012099 mem 0x0000000080031f50
core   0: 0x000000008000feba (0x00178713) addi    a4, a5, 1
core   0: 3 0x000000008000feba (0x00178713) x14 0x000000008001209a
core   0: 0x000000008000febe (0xfee43023) sd      a4, -32(s0)
core   0: 3 0x000000008000febe (0xfee43023) mem 0x0000000080031f50 0x000000008001209a
core   0: 0x000000008000fec2 (0xfc442703) lw      a4, -60(s0)
core   0: 3 0x000000008000fec2 (0xfc442703) x14 0x0000000000000000 mem 0x0000000080031f34
core   0: 0x000000008000fec6 (0x0ff77713) andi    a4, a4, 255
core   0: 3 0x000000008000fec6 (0x0ff77713) x14 0x0000000000000000
core   0: 0x000000008000feca (0x00e78023) sb      a4, 0(a5)
core   0: 3 0x000000008000feca (0x00e78023) mem 0x0000000080012099 0x00
core   0: 0x000000008000fece (0xfc843703) ld      a4, -56(s0)
core   0: 3 0x000000008000fece (0xfc843703) x14 0x0000000080012040 mem 0x0000000080031f38
core   0: 0x000000008000fed2 (0xfb843783) ld      a5, -72(s0)
core   0: 3 0x000000008000fed2 (0xfb843783) x15 0x000000000000009c mem 0x0000000080031f28
core   0: 0x000000008000fed6 (0x000097ba) c.add   a5, a4
core   0: 3 0x000000008000fed6 (0x97ba) x15 0x00000000800120dc
core   0: 0x000000008000fed8 (0xfe043703) ld      a4, -32(s0)
core   0: 3 0x000000008000fed8 (0xfe043703) x14 0x000000008001209a mem 0x0000000080031f50
core   0: 0x000000008000fedc (0xfcf76de3) bltu    a4, a5, pc - 38
core   0: 3 0x000000008000fedc (0xfcf76de3)
core   0: 0x000000008000feb6 (0xfe043783) ld      a5, -32(s0)
core   0: 3 0x000000008000feb6 (0xfe043783) x15 0x000000008001209a mem 0x0000000080031f50
core   0: 0x000000008000feba (0x00178713) addi    a4, a5, 1
core   0: 3 0x000000008000feba (0x00178713) x14 0x000000008001209b
core   0: 0x000000008000febe (0xfee43023) sd      a4, -32(s0)
core   0: 3 0x000000008000febe (0xfee43023) mem 0x0000000080031f50 0x000000008001209b
core   0: 0x000000008000fec2 (0xfc442703) lw      a4, -60(s0)
core   0: 3 0x000000008000fec2 (0xfc442703) x14 0x0000000000000000 mem 0x0000000080031f34
core   0: 0x000000008000fec6 (0x0ff77713) andi    a4, a4, 255
core   0: 3 0x000000008000fec6 (0x0ff77713) x14 0x0000000000000000
core   0: 0x000000008000feca (0x00e78023) sb      a4, 0(a5)
core   0: 3 0x000000008000feca (0x00e78023) mem 0x000000008001209a 0x00
core   0: 0x000000008000fece (0xfc843703) ld      a4, -56(s0)
core   0: 3 0x000000008000fece (0xfc843703) x14 0x0000000080012040 mem 0x0000000080031f38
core   0: 0x000000008000fed2 (0xfb843783) ld      a5, -72(s0)
core   0: 3 0x000000008000fed2 (0xfb843783) x15 0x000000000000009c mem 0x0000000080031f28
core   0: 0x000000008000fed6 (0x000097ba) c.add   a5, a4
core   0: 3 0x000000008000fed6 (0x97ba) x15 0x00000000800120dc
core   0: 0x000000008000fed8 (0xfe043703) ld      a4, -32(s0)
core   0: 3 0x000000008000fed8 (0xfe043703) x14 0x000000008001209b mem 0x0000000080031f50
core   0: 0x000000008000fedc (0xfcf76de3) bltu    a4, a5, pc - 38
core   0: 3 0x000000008000fedc (0xfcf76de3)
core   0: 0x000000008000feb6 (0xfe043783) ld      a5, -32(s0)
core   0: 3 0x000000008000feb6 (0xfe043783) x15 0x000000008001209b mem 0x0000000080031f50
core   0: 0x000000008000feba (0x00178713) addi    a4, a5, 1
core   0: 3 0x000000008000feba (0x00178713) x14 0x000000008001209c
core   0: 0x000000008000febe (0xfee43023) sd      a4, -32(s0)
core   0: 3 0x000000008000febe (0xfee43023) mem 0x0000000080031f50 0x000000008001209c
core   0: 0x000000008000fec2 (0xfc442703) lw      a4, -60(s0)
core   0: 3 0x000000008000fec2 (0xfc442703) x14 0x0000000000000000 mem 0x0000000080031f34
core   0: 0x000000008000fec6 (0x0ff77713) andi    a4, a4, 255
core   0: 3 0x000000008000fec6 (0x0ff77713) x14 0x0000000000000000
core   0: 0x000000008000feca (0x00e78023) sb      a4, 0(a5)
core   0: 3 0x000000008000feca (0x00e78023) mem 0x000000008001209b 0x00
core   0: 0x000000008000fece (0xfc843703) ld      a4, -56(s0)
core   0: 3 0x000000008000fece (0xfc843703) x14 0x0000000080012040 mem 0x0000000080031f38
core   0: 0x000000008000fed2 (0xfb843783) ld      a5, -72(s0)
core   0: 3 0x000000008000fed2 (0xfb843783) x15 0x000000000000009c mem 0x0000000080031f28
core   0: 0x000000008000fed6 (0x000097ba) c.add   a5, a4
core   0: 3 0x000000008000fed6 (0x97ba) x15 0x00000000800120dc
core   0: 0x000000008000fed8 (0xfe043703) ld      a4, -32(s0)
core   0: 3 0x000000008000fed8 (0xfe043703) x14 0x000000008001209c mem 0x0000000080031f50
core   0: 0x000000008000fedc (0xfcf76de3) bltu    a4, a5, pc - 38
core   0: 3 0x000000008000fedc (0xfcf76de3)
core   0: 0x000000008000feb6 (0xfe043783) ld      a5, -32(s0)
core   0: 3 0x000000008000feb6 (0xfe043783) x15 0x000000008001209c mem 0x0000000080031f50
core   0: 0x000000008000feba (0x00178713) addi    a4, a5, 1
core   0: 3 0x000000008000feba (0x00178713) x14 0x000000008001209d
core   0: 0x000000008000febe (0xfee43023) sd      a4, -32(s0)
core   0: 3 0x000000008000febe (0xfee43023) mem 0x0000000080031f50 0x000000008001209d
core   0: 0x000000008000fec2 (0xfc442703) lw      a4, -60(s0)
core   0: 3 0x000000008000fec2 (0xfc442703) x14 0x0000000000000000 mem 0x0000000080031f34
core   0: 0x000000008000fec6 (0x0ff77713) andi    a4, a4, 255
core   0: 3 0x000000008000fec6 (0x0ff77713) x14 0x0000000000000000
core   0: 0x000000008000feca (0x00e78023) sb      a4, 0(a5)
core   0: 3 0x000000008000feca (0x00e78023) mem 0x000000008001209c 0x00
core   0: 0x000000008000fece (0xfc843703) ld      a4, -56(s0)
core   0: 3 0x000000008000fece (0xfc843703) x14 0x0000000080012040 mem 0x0000000080031f38
core   0: 0x000000008000fed2 (0xfb843783) ld      a5, -72(s0)
core   0: 3 0x000000008000fed2 (0xfb843783) x15 0x000000000000009c mem 0x0000000080031f28
core   0: 0x000000008000fed6 (0x000097ba) c.add   a5, a4
core   0: 3 0x000000008000fed6 (0x97ba) x15 0x00000000800120dc
core   0: 0x000000008000fed8 (0xfe043703) ld      a4, -32(s0)
core   0: 3 0x000000008000fed8 (0xfe043703) x14 0x000000008001209d mem 0x0000000080031f50
core   0: 0x000000008000fedc (0xfcf76de3) bltu    a4, a5, pc - 38
core   0: 3 0x000000008000fedc (0xfcf76de3)
core   0: 0x000000008000feb6 (0xfe043783) ld      a5, -32(s0)
core   0: 3 0x000000008000feb6 (0xfe043783) x15 0x000000008001209d mem 0x0000000080031f50
core   0: 0x000000008000feba (0x00178713) addi    a4, a5, 1
core   0: 3 0x000000008000feba (0x00178713) x14 0x000000008001209e
core   0: 0x000000008000febe (0xfee43023) sd      a4, -32(s0)
core   0: 3 0x000000008000febe (0xfee43023) mem 0x0000000080031f50 0x000000008001209e
core   0: 0x000000008000fec2 (0xfc442703) lw      a4, -60(s0)
core   0: 3 0x000000008000fec2 (0xfc442703) x14 0x0000000000000000 mem 0x0000000080031f34
core   0: 0x000000008000fec6 (0x0ff77713) andi    a4, a4, 255
core   0: 3 0x000000008000fec6 (0x0ff77713) x14 0x0000000000000000
core   0: 0x000000008000feca (0x00e78023) sb      a4, 0(a5)
core   0: 3 0x000000008000feca (0x00e78023) mem 0x000000008001209d 0x00
core   0: 0x000000008000fece (0xfc843703) ld      a4, -56(s0)
core   0: 3 0x000000008000fece (0xfc843703) x14 0x0000000080012040 mem 0x0000000080031f38
core   0: 0x000000008000fed2 (0xfb843783) ld      a5, -72(s0)
core   0: 3 0x000000008000fed2 (0xfb843783) x15 0x000000000000009c mem 0x0000000080031f28
core   0: 0x000000008000fed6 (0x000097ba) c.add   a5, a4
core   0: 3 0x000000008000fed6 (0x97ba) x15 0x00000000800120dc
core   0: 0x000000008000fed8 (0xfe043703) ld      a4, -32(s0)
core   0: 3 0x000000008000fed8 (0xfe043703) x14 0x000000008001209e mem 0x0000000080031f50
core   0: 0x000000008000fedc (0xfcf76de3) bltu    a4, a5, pc - 38
core   0: 3 0x000000008000fedc (0xfcf76de3)
core   0: 0x000000008000feb6 (0xfe043783) ld      a5, -32(s0)
core   0: 3 0x000000008000feb6 (0xfe043783) x15 0x000000008001209e mem 0x0000000080031f50
core   0: 0x000000008000feba (0x00178713) addi    a4, a5, 1
core   0: 3 0x000000008000feba (0x00178713) x14 0x000000008001209f
core   0: 0x000000008000febe (0xfee43023) sd      a4, -32(s0)
core   0: 3 0x000000008000febe (0xfee43023) mem 0x0000000080031f50 0x000000008001209f
core   0: 0x000000008000fec2 (0xfc442703) lw      a4, -60(s0)
core   0: 3 0x000000008000fec2 (0xfc442703) x14 0x0000000000000000 mem 0x0000000080031f34
core   0: 0x000000008000fec6 (0x0ff77713) andi    a4, a4, 255
core   0: 3 0x000000008000fec6 (0x0ff77713) x14 0x0000000000000000
core   0: 0x000000008000feca (0x00e78023) sb      a4, 0(a5)
core   0: 3 0x000000008000feca (0x00e78023) mem 0x000000008001209e 0x00
core   0: 0x000000008000fece (0xfc843703) ld      a4, -56(s0)
core   0: 3 0x000000008000fece (0xfc843703) x14 0x0000000080012040 mem 0x0000000080031f38
core   0: 0x000000008000fed2 (0xfb843783) ld      a5, -72(s0)
core   0: 3 0x000000008000fed2 (0xfb843783) x15 0x000000000000009c mem 0x0000000080031f28
core   0: 0x000000008000fed6 (0x000097ba) c.add   a5, a4
core   0: 3 0x000000008000fed6 (0x97ba) x15 0x00000000800120dc
core   0: 0x000000008000fed8 (0xfe043703) ld      a4, -32(s0)
core   0: 3 0x000000008000fed8 (0xfe043703) x14 0x000000008001209f mem 0x0000000080031f50
core   0: 0x000000008000fedc (0xfcf76de3) bltu    a4, a5, pc - 38
core   0: 3 0x000000008000fedc (0xfcf76de3)
core   0: 0x000000008000feb6 (0xfe043783) ld      a5, -32(s0)
core   0: 3 0x000000008000feb6 (0xfe043783) x15 0x000000008001209f mem 0x0000000080031f50
core   0: 0x000000008000feba (0x00178713) addi    a4, a5, 1
core   0: 3 0x000000008000feba (0x00178713) x14 0x00000000800120a0
core   0: 0x000000008000febe (0xfee43023) sd      a4, -32(s0)
core   0: 3 0x000000008000febe (0xfee43023) mem 0x0000000080031f50 0x00000000800120a0
core   0: 0x000000008000fec2 (0xfc442703) lw      a4, -60(s0)
core   0: 3 0x000000008000fec2 (0xfc442703) x14 0x0000000000000000 mem 0x0000000080031f34
core   0: 0x000000008000fec6 (0x0ff77713) andi    a4, a4, 255
core   0: 3 0x000000008000fec6 (0x0ff77713) x14 0x0000000000000000
core   0: 0x000000008000feca (0x00e78023) sb      a4, 0(a5)
core   0: 3 0x000000008000feca (0x00e78023) mem 0x000000008001209f 0x00
core   0: 0x000000008000fece (0xfc843703) ld      a4, -56(s0)
core   0: 3 0x000000008000fece (0xfc843703) x14 0x0000000080012040 mem 0x0000000080031f38
core   0: 0x000000008000fed2 (0xfb843783) ld      a5, -72(s0)
core   0: 3 0x000000008000fed2 (0xfb843783) x15 0x000000000000009c mem 0x0000000080031f28
core   0: 0x000000008000fed6 (0x000097ba) c.add   a5, a4
core   0: 3 0x000000008000fed6 (0x97ba) x15 0x00000000800120dc
core   0: 0x000000008000fed8 (0xfe043703) ld      a4, -32(s0)
core   0: 3 0x000000008000fed8 (0xfe043703) x14 0x00000000800120a0 mem 0x0000000080031f50
core   0: 0x000000008000fedc (0xfcf76de3) bltu    a4, a5, pc - 38
core   0: 3 0x000000008000fedc (0xfcf76de3)
core   0: 0x000000008000feb6 (0xfe043783) ld      a5, -32(s0)
core   0: 3 0x000000008000feb6 (0xfe043783) x15 0x00000000800120a0 mem 0x0000000080031f50
core   0: 0x000000008000feba (0x00178713) addi    a4, a5, 1
core   0: 3 0x000000008000feba (0x00178713) x14 0x00000000800120a1
core   0: 0x000000008000febe (0xfee43023) sd      a4, -32(s0)
core   0: 3 0x000000008000febe (0xfee43023) mem 0x0000000080031f50 0x00000000800120a1
core   0: 0x000000008000fec2 (0xfc442703) lw      a4, -60(s0)
core   0: 3 0x000000008000fec2 (0xfc442703) x14 0x0000000000000000 mem 0x0000000080031f34
core   0: 0x000000008000fec6 (0x0ff77713) andi    a4, a4, 255
core   0: 3 0x000000008000fec6 (0x0ff77713) x14 0x0000000000000000
core   0: 0x000000008000feca (0x00e78023) sb      a4, 0(a5)
core   0: 3 0x000000008000feca (0x00e78023) mem 0x00000000800120a0 0x00
core   0: 0x000000008000fece (0xfc843703) ld      a4, -56(s0)
core   0: 3 0x000000008000fece (0xfc843703) x14 0x0000000080012040 mem 0x0000000080031f38
core   0: 0x000000008000fed2 (0xfb843783) ld      a5, -72(s0)
core   0: 3 0x000000008000fed2 (0xfb843783) x15 0x000000000000009c mem 0x0000000080031f28
core   0: 0x000000008000fed6 (0x000097ba) c.add   a5, a4
core   0: 3 0x000000008000fed6 (0x97ba) x15 0x00000000800120dc
core   0: 0x000000008000fed8 (0xfe043703) ld      a4, -32(s0)
core   0: 3 0x000000008000fed8 (0xfe043703) x14 0x00000000800120a1 mem 0x0000000080031f50
core   0: 0x000000008000fedc (0xfcf76de3) bltu    a4, a5, pc - 38
core   0: 3 0x000000008000fedc (0xfcf76de3)
core   0: 0x000000008000feb6 (0xfe043783) ld      a5, -32(s0)
core   0: 3 0x000000008000feb6 (0xfe043783) x15 0x00000000800120a1 mem 0x0000000080031f50
core   0: 0x000000008000feba (0x00178713) addi    a4, a5, 1
core   0: 3 0x000000008000feba (0x00178713) x14 0x00000000800120a2
core   0: 0x000000008000febe (0xfee43023) sd      a4, -32(s0)
core   0: 3 0x000000008000febe (0xfee43023) mem 0x0000000080031f50 0x00000000800120a2
core   0: 0x000000008000fec2 (0xfc442703) lw      a4, -60(s0)
core   0: 3 0x000000008000fec2 (0xfc442703) x14 0x0000000000000000 mem 0x0000000080031f34
core   0: 0x000000008000fec6 (0x0ff77713) andi    a4, a4, 255
core   0: 3 0x000000008000fec6 (0x0ff77713) x14 0x0000000000000000
core   0: 0x000000008000feca (0x00e78023) sb      a4, 0(a5)
core   0: 3 0x000000008000feca (0x00e78023) mem 0x00000000800120a1 0x00
core   0: 0x000000008000fece (0xfc843703) ld      a4, -56(s0)
core   0: 3 0x000000008000fece (0xfc843703) x14 0x0000000080012040 mem 0x0000000080031f38
core   0: 0x000000008000fed2 (0xfb843783) ld      a5, -72(s0)
core   0: 3 0x000000008000fed2 (0xfb843783) x15 0x000000000000009c mem 0x0000000080031f28
core   0: 0x000000008000fed6 (0x000097ba) c.add   a5, a4
core   0: 3 0x000000008000fed6 (0x97ba) x15 0x00000000800120dc
core   0: 0x000000008000fed8 (0xfe043703) ld      a4, -32(s0)
core   0: 3 0x000000008000fed8 (0xfe043703) x14 0x00000000800120a2 mem 0x0000000080031f50
core   0: 0x000000008000fedc (0xfcf76de3) bltu    a4, a5, pc - 38
core   0: 3 0x000000008000fedc (0xfcf76de3)
core   0: 0x000000008000feb6 (0xfe043783) ld      a5, -32(s0)
core   0: 3 0x000000008000feb6 (0xfe043783) x15 0x00000000800120a2 mem 0x0000000080031f50
core   0: 0x000000008000feba (0x00178713) addi    a4, a5, 1
core   0: 3 0x000000008000feba (0x00178713) x14 0x00000000800120a3
core   0: 0x000000008000febe (0xfee43023) sd      a4, -32(s0)
core   0: 3 0x000000008000febe (0xfee43023) mem 0x0000000080031f50 0x00000000800120a3
core   0: 0x000000008000fec2 (0xfc442703) lw      a4, -60(s0)
core   0: 3 0x000000008000fec2 (0xfc442703) x14 0x0000000000000000 mem 0x0000000080031f34
core   0: 0x000000008000fec6 (0x0ff77713) andi    a4, a4, 255
core   0: 3 0x000000008000fec6 (0x0ff77713) x14 0x0000000000000000
core   0: 0x000000008000feca (0x00e78023) sb      a4, 0(a5)
core   0: 3 0x000000008000feca (0x00e78023) mem 0x00000000800120a2 0x00
core   0: 0x000000008000fece (0xfc843703) ld      a4, -56(s0)
core   0: 3 0x000000008000fece (0xfc843703) x14 0x0000000080012040 mem 0x0000000080031f38
core   0: 0x000000008000fed2 (0xfb843783) ld      a5, -72(s0)
core   0: 3 0x000000008000fed2 (0xfb843783) x15 0x000000000000009c mem 0x0000000080031f28
core   0: 0x000000008000fed6 (0x000097ba) c.add   a5, a4
core   0: 3 0x000000008000fed6 (0x97ba) x15 0x00000000800120dc
core   0: 0x000000008000fed8 (0xfe043703) ld      a4, -32(s0)
core   0: 3 0x000000008000fed8 (0xfe043703) x14 0x00000000800120a3 mem 0x0000000080031f50
core   0: 0x000000008000fedc (0xfcf76de3) bltu    a4, a5, pc - 38
core   0: 3 0x000000008000fedc (0xfcf76de3)
core   0: 0x000000008000feb6 (0xfe043783) ld      a5, -32(s0)
core   0: 3 0x000000008000feb6 (0xfe043783) x15 0x00000000800120a3 mem 0x0000000080031f50
core   0: 0x000000008000feba (0x00178713) addi    a4, a5, 1
core   0: 3 0x000000008000feba (0x00178713) x14 0x00000000800120a4
core   0: 0x000000008000febe (0xfee43023) sd      a4, -32(s0)
core   0: 3 0x000000008000febe (0xfee43023) mem 0x0000000080031f50 0x00000000800120a4
core   0: 0x000000008000fec2 (0xfc442703) lw      a4, -60(s0)
core   0: 3 0x000000008000fec2 (0xfc442703) x14 0x0000000000000000 mem 0x0000000080031f34
core   0: 0x000000008000fec6 (0x0ff77713) andi    a4, a4, 255
core   0: 3 0x000000008000fec6 (0x0ff77713) x14 0x0000000000000000
core   0: 0x000000008000feca (0x00e78023) sb      a4, 0(a5)
core   0: 3 0x000000008000feca (0x00e78023) mem 0x00000000800120a3 0x00
core   0: 0x000000008000fece (0xfc843703) ld      a4, -56(s0)
core   0: 3 0x000000008000fece (0xfc843703) x14 0x0000000080012040 mem 0x0000000080031f38
core   0: 0x000000008000fed2 (0xfb843783) ld      a5, -72(s0)
core   0: 3 0x000000008000fed2 (0xfb843783) x15 0x000000000000009c mem 0x0000000080031f28
core   0: 0x000000008000fed6 (0x000097ba) c.add   a5, a4
core   0: 3 0x000000008000fed6 (0x97ba) x15 0x00000000800120dc
core   0: 0x000000008000fed8 (0xfe043703) ld      a4, -32(s0)
core   0: 3 0x000000008000fed8 (0xfe043703) x14 0x00000000800120a4 mem 0x0000000080031f50
core   0: 0x000000008000fedc (0xfcf76de3) bltu    a4, a5, pc - 38
core   0: 3 0x000000008000fedc (0xfcf76de3)
core   0: 0x000000008000feb6 (0xfe043783) ld      a5, -32(s0)
core   0: 3 0x000000008000feb6 (0xfe043783) x15 0x00000000800120a4 mem 0x0000000080031f50
core   0: 0x000000008000feba (0x00178713) addi    a4, a5, 1
core   0: 3 0x000000008000feba (0x00178713) x14 0x00000000800120a5
core   0: 0x000000008000febe (0xfee43023) sd      a4, -32(s0)
core   0: 3 0x000000008000febe (0xfee43023) mem 0x0000000080031f50 0x00000000800120a5
core   0: 0x000000008000fec2 (0xfc442703) lw      a4, -60(s0)
core   0: 3 0x000000008000fec2 (0xfc442703) x14 0x0000000000000000 mem 0x0000000080031f34
core   0: 0x000000008000fec6 (0x0ff77713) andi    a4, a4, 255
core   0: 3 0x000000008000fec6 (0x0ff77713) x14 0x0000000000000000
core   0: 0x000000008000feca (0x00e78023) sb      a4, 0(a5)
core   0: 3 0x000000008000feca (0x00e78023) mem 0x00000000800120a4 0x00
core   0: 0x000000008000fece (0xfc843703) ld      a4, -56(s0)
core   0: 3 0x000000008000fece (0xfc843703) x14 0x0000000080012040 mem 0x0000000080031f38
core   0: 0x000000008000fed2 (0xfb843783) ld      a5, -72(s0)
core   0: 3 0x000000008000fed2 (0xfb843783) x15 0x000000000000009c mem 0x0000000080031f28
core   0: 0x000000008000fed6 (0x000097ba) c.add   a5, a4
core   0: 3 0x000000008000fed6 (0x97ba) x15 0x00000000800120dc
core   0: 0x000000008000fed8 (0xfe043703) ld      a4, -32(s0)
core   0: 3 0x000000008000fed8 (0xfe043703) x14 0x00000000800120a5 mem 0x0000000080031f50
core   0: 0x000000008000fedc (0xfcf76de3) bltu    a4, a5, pc - 38
core   0: 3 0x000000008000fedc (0xfcf76de3)
core   0: 0x000000008000feb6 (0xfe043783) ld      a5, -32(s0)
core   0: 3 0x000000008000feb6 (0xfe043783) x15 0x00000000800120a5 mem 0x0000000080031f50
core   0: 0x000000008000feba (0x00178713) addi    a4, a5, 1
core   0: 3 0x000000008000feba (0x00178713) x14 0x00000000800120a6
core   0: 0x000000008000febe (0xfee43023) sd      a4, -32(s0)
core   0: 3 0x000000008000febe (0xfee43023) mem 0x0000000080031f50 0x00000000800120a6
core   0: 0x000000008000fec2 (0xfc442703) lw      a4, -60(s0)
core   0: 3 0x000000008000fec2 (0xfc442703) x14 0x0000000000000000 mem 0x0000000080031f34
core   0: 0x000000008000fec6 (0x0ff77713) andi    a4, a4, 255
core   0: 3 0x000000008000fec6 (0x0ff77713) x14 0x0000000000000000
core   0: 0x000000008000feca (0x00e78023) sb      a4, 0(a5)
core   0: 3 0x000000008000feca (0x00e78023) mem 0x00000000800120a5 0x00
core   0: 0x000000008000fece (0xfc843703) ld      a4, -56(s0)
core   0: 3 0x000000008000fece (0xfc843703) x14 0x0000000080012040 mem 0x0000000080031f38
core   0: 0x000000008000fed2 (0xfb843783) ld      a5, -72(s0)
core   0: 3 0x000000008000fed2 (0xfb843783) x15 0x000000000000009c mem 0x0000000080031f28
core   0: 0x000000008000fed6 (0x000097ba) c.add   a5, a4
core   0: 3 0x000000008000fed6 (0x97ba) x15 0x00000000800120dc
core   0: 0x000000008000fed8 (0xfe043703) ld      a4, -32(s0)
core   0: 3 0x000000008000fed8 (0xfe043703) x14 0x00000000800120a6 mem 0x0000000080031f50
core   0: 0x000000008000fedc (0xfcf76de3) bltu    a4, a5, pc - 38
core   0: 3 0x000000008000fedc (0xfcf76de3)
core   0: 0x000000008000feb6 (0xfe043783) ld      a5, -32(s0)
core   0: 3 0x000000008000feb6 (0xfe043783) x15 0x00000000800120a6 mem 0x0000000080031f50
core   0: 0x000000008000feba (0x00178713) addi    a4, a5, 1
core   0: 3 0x000000008000feba (0x00178713) x14 0x00000000800120a7
core   0: 0x000000008000febe (0xfee43023) sd      a4, -32(s0)
core   0: 3 0x000000008000febe (0xfee43023) mem 0x0000000080031f50 0x00000000800120a7
core   0: 0x000000008000fec2 (0xfc442703) lw      a4, -60(s0)
core   0: 3 0x000000008000fec2 (0xfc442703) x14 0x0000000000000000 mem 0x0000000080031f34
core   0: 0x000000008000fec6 (0x0ff77713) andi    a4, a4, 255
core   0: 3 0x000000008000fec6 (0x0ff77713) x14 0x0000000000000000
core   0: 0x000000008000feca (0x00e78023) sb      a4, 0(a5)
core   0: 3 0x000000008000feca (0x00e78023) mem 0x00000000800120a6 0x00
core   0: 0x000000008000fece (0xfc843703) ld      a4, -56(s0)
core   0: 3 0x000000008000fece (0xfc843703) x14 0x0000000080012040 mem 0x0000000080031f38
core   0: 0x000000008000fed2 (0xfb843783) ld      a5, -72(s0)
core   0: 3 0x000000008000fed2 (0xfb843783) x15 0x000000000000009c mem 0x0000000080031f28
core   0: 0x000000008000fed6 (0x000097ba) c.add   a5, a4
core   0: 3 0x000000008000fed6 (0x97ba) x15 0x00000000800120dc
core   0: 0x000000008000fed8 (0xfe043703) ld      a4, -32(s0)
core   0: 3 0x000000008000fed8 (0xfe043703) x14 0x00000000800120a7 mem 0x0000000080031f50
core   0: 0x000000008000fedc (0xfcf76de3) bltu    a4, a5, pc - 38
core   0: 3 0x000000008000fedc (0xfcf76de3)
core   0: 0x000000008000feb6 (0xfe043783) ld      a5, -32(s0)
core   0: 3 0x000000008000feb6 (0xfe043783) x15 0x00000000800120a7 mem 0x0000000080031f50
core   0: 0x000000008000feba (0x00178713) addi    a4, a5, 1
core   0: 3 0x000000008000feba (0x00178713) x14 0x00000000800120a8
core   0: 0x000000008000febe (0xfee43023) sd      a4, -32(s0)
core   0: 3 0x000000008000febe (0xfee43023) mem 0x0000000080031f50 0x00000000800120a8
core   0: 0x000000008000fec2 (0xfc442703) lw      a4, -60(s0)
core   0: 3 0x000000008000fec2 (0xfc442703) x14 0x0000000000000000 mem 0x0000000080031f34
core   0: 0x000000008000fec6 (0x0ff77713) andi    a4, a4, 255
core   0: 3 0x000000008000fec6 (0x0ff77713) x14 0x0000000000000000
core   0: 0x000000008000feca (0x00e78023) sb      a4, 0(a5)
core   0: 3 0x000000008000feca (0x00e78023) mem 0x00000000800120a7 0x00
core   0: 0x000000008000fece (0xfc843703) ld      a4, -56(s0)
core   0: 3 0x000000008000fece (0xfc843703) x14 0x0000000080012040 mem 0x0000000080031f38
core   0: 0x000000008000fed2 (0xfb843783) ld      a5, -72(s0)
core   0: 3 0x000000008000fed2 (0xfb843783) x15 0x000000000000009c mem 0x0000000080031f28
core   0: 0x000000008000fed6 (0x000097ba) c.add   a5, a4
core   0: 3 0x000000008000fed6 (0x97ba) x15 0x00000000800120dc
core   0: 0x000000008000fed8 (0xfe043703) ld      a4, -32(s0)
core   0: 3 0x000000008000fed8 (0xfe043703) x14 0x00000000800120a8 mem 0x0000000080031f50
core   0: 0x000000008000fedc (0xfcf76de3) bltu    a4, a5, pc - 38
core   0: 3 0x000000008000fedc (0xfcf76de3)
core   0: 0x000000008000feb6 (0xfe043783) ld      a5, -32(s0)
core   0: 3 0x000000008000feb6 (0xfe043783) x15 0x00000000800120a8 mem 0x0000000080031f50
core   0: 0x000000008000feba (0x00178713) addi    a4, a5, 1
core   0: 3 0x000000008000feba (0x00178713) x14 0x00000000800120a9
core   0: 0x000000008000febe (0xfee43023) sd      a4, -32(s0)
core   0: 3 0x000000008000febe (0xfee43023) mem 0x0000000080031f50 0x00000000800120a9
core   0: 0x000000008000fec2 (0xfc442703) lw      a4, -60(s0)
core   0: 3 0x000000008000fec2 (0xfc442703) x14 0x0000000000000000 mem 0x0000000080031f34
core   0: 0x000000008000fec6 (0x0ff77713) andi    a4, a4, 255
core   0: 3 0x000000008000fec6 (0x0ff77713) x14 0x0000000000000000
core   0: 0x000000008000feca (0x00e78023) sb      a4, 0(a5)
core   0: 3 0x000000008000feca (0x00e78023) mem 0x00000000800120a8 0x00
core   0: 0x000000008000fece (0xfc843703) ld      a4, -56(s0)
core   0: 3 0x000000008000fece (0xfc843703) x14 0x0000000080012040 mem 0x0000000080031f38
core   0: 0x000000008000fed2 (0xfb843783) ld      a5, -72(s0)
core   0: 3 0x000000008000fed2 (0xfb843783) x15 0x000000000000009c mem 0x0000000080031f28
core   0: 0x000000008000fed6 (0x000097ba) c.add   a5, a4
core   0: 3 0x000000008000fed6 (0x97ba) x15 0x00000000800120dc
core   0: 0x000000008000fed8 (0xfe043703) ld      a4, -32(s0)
core   0: 3 0x000000008000fed8 (0xfe043703) x14 0x00000000800120a9 mem 0x0000000080031f50
core   0: 0x000000008000fedc (0xfcf76de3) bltu    a4, a5, pc - 38
core   0: 3 0x000000008000fedc (0xfcf76de3)
core   0: 0x000000008000feb6 (0xfe043783) ld      a5, -32(s0)
core   0: 3 0x000000008000feb6 (0xfe043783) x15 0x00000000800120a9 mem 0x0000000080031f50
core   0: 0x000000008000feba (0x00178713) addi    a4, a5, 1
core   0: 3 0x000000008000feba (0x00178713) x14 0x00000000800120aa
core   0: 0x000000008000febe (0xfee43023) sd      a4, -32(s0)
core   0: 3 0x000000008000febe (0xfee43023) mem 0x0000000080031f50 0x00000000800120aa
core   0: 0x000000008000fec2 (0xfc442703) lw      a4, -60(s0)
core   0: 3 0x000000008000fec2 (0xfc442703) x14 0x0000000000000000 mem 0x0000000080031f34
core   0: 0x000000008000fec6 (0x0ff77713) andi    a4, a4, 255
core   0: 3 0x000000008000fec6 (0x0ff77713) x14 0x0000000000000000
core   0: 0x000000008000feca (0x00e78023) sb      a4, 0(a5)
core   0: 3 0x000000008000feca (0x00e78023) mem 0x00000000800120a9 0x00
core   0: 0x000000008000fece (0xfc843703) ld      a4, -56(s0)
core   0: 3 0x000000008000fece (0xfc843703) x14 0x0000000080012040 mem 0x0000000080031f38
core   0: 0x000000008000fed2 (0xfb843783) ld      a5, -72(s0)
core   0: 3 0x000000008000fed2 (0xfb843783) x15 0x000000000000009c mem 0x0000000080031f28
core   0: 0x000000008000fed6 (0x000097ba) c.add   a5, a4
core   0: 3 0x000000008000fed6 (0x97ba) x15 0x00000000800120dc
core   0: 0x000000008000fed8 (0xfe043703) ld      a4, -32(s0)
core   0: 3 0x000000008000fed8 (0xfe043703) x14 0x00000000800120aa mem 0x0000000080031f50
core   0: 0x000000008000fedc (0xfcf76de3) bltu    a4, a5, pc - 38
core   0: 3 0x000000008000fedc (0xfcf76de3)
core   0: 0x000000008000feb6 (0xfe043783) ld      a5, -32(s0)
core   0: 3 0x000000008000feb6 (0xfe043783) x15 0x00000000800120aa mem 0x0000000080031f50
core   0: 0x000000008000feba (0x00178713) addi    a4, a5, 1
core   0: 3 0x000000008000feba (0x00178713) x14 0x00000000800120ab
core   0: 0x000000008000febe (0xfee43023) sd      a4, -32(s0)
core   0: 3 0x000000008000febe (0xfee43023) mem 0x0000000080031f50 0x00000000800120ab
core   0: 0x000000008000fec2 (0xfc442703) lw      a4, -60(s0)
core   0: 3 0x000000008000fec2 (0xfc442703) x14 0x0000000000000000 mem 0x0000000080031f34
core   0: 0x000000008000fec6 (0x0ff77713) andi    a4, a4, 255
core   0: 3 0x000000008000fec6 (0x0ff77713) x14 0x0000000000000000
core   0: 0x000000008000feca (0x00e78023) sb      a4, 0(a5)
core   0: 3 0x000000008000feca (0x00e78023) mem 0x00000000800120aa 0x00
core   0: 0x000000008000fece (0xfc843703) ld      a4, -56(s0)
core   0: 3 0x000000008000fece (0xfc843703) x14 0x0000000080012040 mem 0x0000000080031f38
core   0: 0x000000008000fed2 (0xfb843783) ld      a5, -72(s0)
core   0: 3 0x000000008000fed2 (0xfb843783) x15 0x000000000000009c mem 0x0000000080031f28
core   0: 0x000000008000fed6 (0x000097ba) c.add   a5, a4
core   0: 3 0x000000008000fed6 (0x97ba) x15 0x00000000800120dc
core   0: 0x000000008000fed8 (0xfe043703) ld      a4, -32(s0)
core   0: 3 0x000000008000fed8 (0xfe043703) x14 0x00000000800120ab mem 0x0000000080031f50
core   0: 0x000000008000fedc (0xfcf76de3) bltu    a4, a5, pc - 38
core   0: 3 0x000000008000fedc (0xfcf76de3)
core   0: 0x000000008000feb6 (0xfe043783) ld      a5, -32(s0)
core   0: 3 0x000000008000feb6 (0xfe043783) x15 0x00000000800120ab mem 0x0000000080031f50
core   0: 0x000000008000feba (0x00178713) addi    a4, a5, 1
core   0: 3 0x000000008000feba (0x00178713) x14 0x00000000800120ac
core   0: 0x000000008000febe (0xfee43023) sd      a4, -32(s0)
core   0: 3 0x000000008000febe (0xfee43023) mem 0x0000000080031f50 0x00000000800120ac
core   0: 0x000000008000fec2 (0xfc442703) lw      a4, -60(s0)
core   0: 3 0x000000008000fec2 (0xfc442703) x14 0x0000000000000000 mem 0x0000000080031f34
core   0: 0x000000008000fec6 (0x0ff77713) andi    a4, a4, 255
core   0: 3 0x000000008000fec6 (0x0ff77713) x14 0x0000000000000000
core   0: 0x000000008000feca (0x00e78023) sb      a4, 0(a5)
core   0: 3 0x000000008000feca (0x00e78023) mem 0x00000000800120ab 0x00
core   0: 0x000000008000fece (0xfc843703) ld      a4, -56(s0)
core   0: 3 0x000000008000fece (0xfc843703) x14 0x0000000080012040 mem 0x0000000080031f38
core   0: 0x000000008000fed2 (0xfb843783) ld      a5, -72(s0)
core   0: 3 0x000000008000fed2 (0xfb843783) x15 0x000000000000009c mem 0x0000000080031f28
core   0: 0x000000008000fed6 (0x000097ba) c.add   a5, a4
core   0: 3 0x000000008000fed6 (0x97ba) x15 0x00000000800120dc
core   0: 0x000000008000fed8 (0xfe043703) ld      a4, -32(s0)
core   0: 3 0x000000008000fed8 (0xfe043703) x14 0x00000000800120ac mem 0x0000000080031f50
core   0: 0x000000008000fedc (0xfcf76de3) bltu    a4, a5, pc - 38
core   0: 3 0x000000008000fedc (0xfcf76de3)
core   0: 0x000000008000feb6 (0xfe043783) ld      a5, -32(s0)
core   0: 3 0x000000008000feb6 (0xfe043783) x15 0x00000000800120ac mem 0x0000000080031f50
core   0: 0x000000008000feba (0x00178713) addi    a4, a5, 1
core   0: 3 0x000000008000feba (0x00178713) x14 0x00000000800120ad
core   0: 0x000000008000febe (0xfee43023) sd      a4, -32(s0)
core   0: 3 0x000000008000febe (0xfee43023) mem 0x0000000080031f50 0x00000000800120ad
core   0: 0x000000008000fec2 (0xfc442703) lw      a4, -60(s0)
core   0: 3 0x000000008000fec2 (0xfc442703) x14 0x0000000000000000 mem 0x0000000080031f34
core   0: 0x000000008000fec6 (0x0ff77713) andi    a4, a4, 255
core   0: 3 0x000000008000fec6 (0x0ff77713) x14 0x0000000000000000
core   0: 0x000000008000feca (0x00e78023) sb      a4, 0(a5)
core   0: 3 0x000000008000feca (0x00e78023) mem 0x00000000800120ac 0x00
core   0: 0x000000008000fece (0xfc843703) ld      a4, -56(s0)
core   0: 3 0x000000008000fece (0xfc843703) x14 0x0000000080012040 mem 0x0000000080031f38
core   0: 0x000000008000fed2 (0xfb843783) ld      a5, -72(s0)
core   0: 3 0x000000008000fed2 (0xfb843783) x15 0x000000000000009c mem 0x0000000080031f28
core   0: 0x000000008000fed6 (0x000097ba) c.add   a5, a4
core   0: 3 0x000000008000fed6 (0x97ba) x15 0x00000000800120dc
core   0: 0x000000008000fed8 (0xfe043703) ld      a4, -32(s0)
core   0: 3 0x000000008000fed8 (0xfe043703) x14 0x00000000800120ad mem 0x0000000080031f50
core   0: 0x000000008000fedc (0xfcf76de3) bltu    a4, a5, pc - 38
core   0: 3 0x000000008000fedc (0xfcf76de3)
core   0: 0x000000008000feb6 (0xfe043783) ld      a5, -32(s0)
core   0: 3 0x000000008000feb6 (0xfe043783) x15 0x00000000800120ad mem 0x0000000080031f50
core   0: 0x000000008000feba (0x00178713) addi    a4, a5, 1
core   0: 3 0x000000008000feba (0x00178713) x14 0x00000000800120ae
core   0: 0x000000008000febe (0xfee43023) sd      a4, -32(s0)
core   0: 3 0x000000008000febe (0xfee43023) mem 0x0000000080031f50 0x00000000800120ae
core   0: 0x000000008000fec2 (0xfc442703) lw      a4, -60(s0)
core   0: 3 0x000000008000fec2 (0xfc442703) x14 0x0000000000000000 mem 0x0000000080031f34
core   0: 0x000000008000fec6 (0x0ff77713) andi    a4, a4, 255
core   0: 3 0x000000008000fec6 (0x0ff77713) x14 0x0000000000000000
core   0: 0x000000008000feca (0x00e78023) sb      a4, 0(a5)
core   0: 3 0x000000008000feca (0x00e78023) mem 0x00000000800120ad 0x00
core   0: 0x000000008000fece (0xfc843703) ld      a4, -56(s0)
core   0: 3 0x000000008000fece (0xfc843703) x14 0x0000000080012040 mem 0x0000000080031f38
core   0: 0x000000008000fed2 (0xfb843783) ld      a5, -72(s0)
core   0: 3 0x000000008000fed2 (0xfb843783) x15 0x000000000000009c mem 0x0000000080031f28
core   0: 0x000000008000fed6 (0x000097ba) c.add   a5, a4
core   0: 3 0x000000008000fed6 (0x97ba) x15 0x00000000800120dc
core   0: 0x000000008000fed8 (0xfe043703) ld      a4, -32(s0)
core   0: 3 0x000000008000fed8 (0xfe043703) x14 0x00000000800120ae mem 0x0000000080031f50
core   0: 0x000000008000fedc (0xfcf76de3) bltu    a4, a5, pc - 38
core   0: 3 0x000000008000fedc (0xfcf76de3)
core   0: 0x000000008000feb6 (0xfe043783) ld      a5, -32(s0)
core   0: 3 0x000000008000feb6 (0xfe043783) x15 0x00000000800120ae mem 0x0000000080031f50
core   0: 0x000000008000feba (0x00178713) addi    a4, a5, 1
core   0: 3 0x000000008000feba (0x00178713) x14 0x00000000800120af
core   0: 0x000000008000febe (0xfee43023) sd      a4, -32(s0)
core   0: 3 0x000000008000febe (0xfee43023) mem 0x0000000080031f50 0x00000000800120af
core   0: 0x000000008000fec2 (0xfc442703) lw      a4, -60(s0)
core   0: 3 0x000000008000fec2 (0xfc442703) x14 0x0000000000000000 mem 0x0000000080031f34
core   0: 0x000000008000fec6 (0x0ff77713) andi    a4, a4, 255
core   0: 3 0x000000008000fec6 (0x0ff77713) x14 0x0000000000000000
core   0: 0x000000008000feca (0x00e78023) sb      a4, 0(a5)
core   0: 3 0x000000008000feca (0x00e78023) mem 0x00000000800120ae 0x00
core   0: 0x000000008000fece (0xfc843703) ld      a4, -56(s0)
core   0: 3 0x000000008000fece (0xfc843703) x14 0x0000000080012040 mem 0x0000000080031f38
core   0: 0x000000008000fed2 (0xfb843783) ld      a5, -72(s0)
core   0: 3 0x000000008000fed2 (0xfb843783) x15 0x000000000000009c mem 0x0000000080031f28
core   0: 0x000000008000fed6 (0x000097ba) c.add   a5, a4
core   0: 3 0x000000008000fed6 (0x97ba) x15 0x00000000800120dc
core   0: 0x000000008000fed8 (0xfe043703) ld      a4, -32(s0)
core   0: 3 0x000000008000fed8 (0xfe043703) x14 0x00000000800120af mem 0x0000000080031f50
core   0: 0x000000008000fedc (0xfcf76de3) bltu    a4, a5, pc - 38
core   0: 3 0x000000008000fedc (0xfcf76de3)
core   0: 0x000000008000feb6 (0xfe043783) ld      a5, -32(s0)
core   0: 3 0x000000008000feb6 (0xfe043783) x15 0x00000000800120af mem 0x0000000080031f50
core   0: 0x000000008000feba (0x00178713) addi    a4, a5, 1
core   0: 3 0x000000008000feba (0x00178713) x14 0x00000000800120b0
core   0: 0x000000008000febe (0xfee43023) sd      a4, -32(s0)
core   0: 3 0x000000008000febe (0xfee43023) mem 0x0000000080031f50 0x00000000800120b0
core   0: 0x000000008000fec2 (0xfc442703) lw      a4, -60(s0)
core   0: 3 0x000000008000fec2 (0xfc442703) x14 0x0000000000000000 mem 0x0000000080031f34
core   0: 0x000000008000fec6 (0x0ff77713) andi    a4, a4, 255
core   0: 3 0x000000008000fec6 (0x0ff77713) x14 0x0000000000000000
core   0: 0x000000008000feca (0x00e78023) sb      a4, 0(a5)
core   0: 3 0x000000008000feca (0x00e78023) mem 0x00000000800120af 0x00
core   0: 0x000000008000fece (0xfc843703) ld      a4, -56(s0)
core   0: 3 0x000000008000fece (0xfc843703) x14 0x0000000080012040 mem 0x0000000080031f38
core   0: 0x000000008000fed2 (0xfb843783) ld      a5, -72(s0)
core   0: 3 0x000000008000fed2 (0xfb843783) x15 0x000000000000009c mem 0x0000000080031f28
core   0: 0x000000008000fed6 (0x000097ba) c.add   a5, a4
core   0: 3 0x000000008000fed6 (0x97ba) x15 0x00000000800120dc
core   0: 0x000000008000fed8 (0xfe043703) ld      a4, -32(s0)
core   0: 3 0x000000008000fed8 (0xfe043703) x14 0x00000000800120b0 mem 0x0000000080031f50
core   0: 0x000000008000fedc (0xfcf76de3) bltu    a4, a5, pc - 38
core   0: 3 0x000000008000fedc (0xfcf76de3)
core   0: 0x000000008000feb6 (0xfe043783) ld      a5, -32(s0)
core   0: 3 0x000000008000feb6 (0xfe043783) x15 0x00000000800120b0 mem 0x0000000080031f50
core   0: 0x000000008000feba (0x00178713) addi    a4, a5, 1
core   0: 3 0x000000008000feba (0x00178713) x14 0x00000000800120b1
core   0: 0x000000008000febe (0xfee43023) sd      a4, -32(s0)
core   0: 3 0x000000008000febe (0xfee43023) mem 0x0000000080031f50 0x00000000800120b1
core   0: 0x000000008000fec2 (0xfc442703) lw      a4, -60(s0)
core   0: 3 0x000000008000fec2 (0xfc442703) x14 0x0000000000000000 mem 0x0000000080031f34
core   0: 0x000000008000fec6 (0x0ff77713) andi    a4, a4, 255
core   0: 3 0x000000008000fec6 (0x0ff77713) x14 0x0000000000000000
core   0: 0x000000008000feca (0x00e78023) sb      a4, 0(a5)
core   0: 3 0x000000008000feca (0x00e78023) mem 0x00000000800120b0 0x00
core   0: 0x000000008000fece (0xfc843703) ld      a4, -56(s0)
core   0: 3 0x000000008000fece (0xfc843703) x14 0x0000000080012040 mem 0x0000000080031f38
core   0: 0x000000008000fed2 (0xfb843783) ld      a5, -72(s0)
core   0: 3 0x000000008000fed2 (0xfb843783) x15 0x000000000000009c mem 0x0000000080031f28
core   0: 0x000000008000fed6 (0x000097ba) c.add   a5, a4
core   0: 3 0x000000008000fed6 (0x97ba) x15 0x00000000800120dc
core   0: 0x000000008000fed8 (0xfe043703) ld      a4, -32(s0)
core   0: 3 0x000000008000fed8 (0xfe043703) x14 0x00000000800120b1 mem 0x0000000080031f50
core   0: 0x000000008000fedc (0xfcf76de3) bltu    a4, a5, pc - 38
core   0: 3 0x000000008000fedc (0xfcf76de3)
core   0: 0x000000008000feb6 (0xfe043783) ld      a5, -32(s0)
core   0: 3 0x000000008000feb6 (0xfe043783) x15 0x00000000800120b1 mem 0x0000000080031f50
core   0: 0x000000008000feba (0x00178713) addi    a4, a5, 1
core   0: 3 0x000000008000feba (0x00178713) x14 0x00000000800120b2
core   0: 0x000000008000febe (0xfee43023) sd      a4, -32(s0)
core   0: 3 0x000000008000febe (0xfee43023) mem 0x0000000080031f50 0x00000000800120b2
core   0: 0x000000008000fec2 (0xfc442703) lw      a4, -60(s0)
core   0: 3 0x000000008000fec2 (0xfc442703) x14 0x0000000000000000 mem 0x0000000080031f34
core   0: 0x000000008000fec6 (0x0ff77713) andi    a4, a4, 255
core   0: 3 0x000000008000fec6 (0x0ff77713) x14 0x0000000000000000
core   0: 0x000000008000feca (0x00e78023) sb      a4, 0(a5)
core   0: 3 0x000000008000feca (0x00e78023) mem 0x00000000800120b1 0x00
core   0: 0x000000008000fece (0xfc843703) ld      a4, -56(s0)
core   0: 3 0x000000008000fece (0xfc843703) x14 0x0000000080012040 mem 0x0000000080031f38
core   0: 0x000000008000fed2 (0xfb843783) ld      a5, -72(s0)
core   0: 3 0x000000008000fed2 (0xfb843783) x15 0x000000000000009c mem 0x0000000080031f28
core   0: 0x000000008000fed6 (0x000097ba) c.add   a5, a4
core   0: 3 0x000000008000fed6 (0x97ba) x15 0x00000000800120dc
core   0: 0x000000008000fed8 (0xfe043703) ld      a4, -32(s0)
core   0: 3 0x000000008000fed8 (0xfe043703) x14 0x00000000800120b2 mem 0x0000000080031f50
core   0: 0x000000008000fedc (0xfcf76de3) bltu    a4, a5, pc - 38
core   0: 3 0x000000008000fedc (0xfcf76de3)
core   0: 0x000000008000feb6 (0xfe043783) ld      a5, -32(s0)
core   0: 3 0x000000008000feb6 (0xfe043783) x15 0x00000000800120b2 mem 0x0000000080031f50
core   0: 0x000000008000feba (0x00178713) addi    a4, a5, 1
core   0: 3 0x000000008000feba (0x00178713) x14 0x00000000800120b3
core   0: 0x000000008000febe (0xfee43023) sd      a4, -32(s0)
core   0: 3 0x000000008000febe (0xfee43023) mem 0x0000000080031f50 0x00000000800120b3
core   0: 0x000000008000fec2 (0xfc442703) lw      a4, -60(s0)
core   0: 3 0x000000008000fec2 (0xfc442703) x14 0x0000000000000000 mem 0x0000000080031f34
core   0: 0x000000008000fec6 (0x0ff77713) andi    a4, a4, 255
core   0: 3 0x000000008000fec6 (0x0ff77713) x14 0x0000000000000000
core   0: 0x000000008000feca (0x00e78023) sb      a4, 0(a5)
core   0: 3 0x000000008000feca (0x00e78023) mem 0x00000000800120b2 0x00
core   0: 0x000000008000fece (0xfc843703) ld      a4, -56(s0)
core   0: 3 0x000000008000fece (0xfc843703) x14 0x0000000080012040 mem 0x0000000080031f38
core   0: 0x000000008000fed2 (0xfb843783) ld      a5, -72(s0)
core   0: 3 0x000000008000fed2 (0xfb843783) x15 0x000000000000009c mem 0x0000000080031f28
core   0: 0x000000008000fed6 (0x000097ba) c.add   a5, a4
core   0: 3 0x000000008000fed6 (0x97ba) x15 0x00000000800120dc
core   0: 0x000000008000fed8 (0xfe043703) ld      a4, -32(s0)
core   0: 3 0x000000008000fed8 (0xfe043703) x14 0x00000000800120b3 mem 0x0000000080031f50
core   0: 0x000000008000fedc (0xfcf76de3) bltu    a4, a5, pc - 38
core   0: 3 0x000000008000fedc (0xfcf76de3)
core   0: 0x000000008000feb6 (0xfe043783) ld      a5, -32(s0)
core   0: 3 0x000000008000feb6 (0xfe043783) x15 0x00000000800120b3 mem 0x0000000080031f50
core   0: 0x000000008000feba (0x00178713) addi    a4, a5, 1
core   0: 3 0x000000008000feba (0x00178713) x14 0x00000000800120b4
core   0: 0x000000008000febe (0xfee43023) sd      a4, -32(s0)
core   0: 3 0x000000008000febe (0xfee43023) mem 0x0000000080031f50 0x00000000800120b4
core   0: 0x000000008000fec2 (0xfc442703) lw      a4, -60(s0)
core   0: 3 0x000000008000fec2 (0xfc442703) x14 0x0000000000000000 mem 0x0000000080031f34
core   0: 0x000000008000fec6 (0x0ff77713) andi    a4, a4, 255
core   0: 3 0x000000008000fec6 (0x0ff77713) x14 0x0000000000000000
core   0: 0x000000008000feca (0x00e78023) sb      a4, 0(a5)
core   0: 3 0x000000008000feca (0x00e78023) mem 0x00000000800120b3 0x00
core   0: 0x000000008000fece (0xfc843703) ld      a4, -56(s0)
core   0: 3 0x000000008000fece (0xfc843703) x14 0x0000000080012040 mem 0x0000000080031f38
core   0: 0x000000008000fed2 (0xfb843783) ld      a5, -72(s0)
core   0: 3 0x000000008000fed2 (0xfb843783) x15 0x000000000000009c mem 0x0000000080031f28
core   0: 0x000000008000fed6 (0x000097ba) c.add   a5, a4
core   0: 3 0x000000008000fed6 (0x97ba) x15 0x00000000800120dc
core   0: 0x000000008000fed8 (0xfe043703) ld      a4, -32(s0)
core   0: 3 0x000000008000fed8 (0xfe043703) x14 0x00000000800120b4 mem 0x0000000080031f50
core   0: 0x000000008000fedc (0xfcf76de3) bltu    a4, a5, pc - 38
core   0: 3 0x000000008000fedc (0xfcf76de3)
core   0: 0x000000008000feb6 (0xfe043783) ld      a5, -32(s0)
core   0: 3 0x000000008000feb6 (0xfe043783) x15 0x00000000800120b4 mem 0x0000000080031f50
core   0: 0x000000008000feba (0x00178713) addi    a4, a5, 1
core   0: 3 0x000000008000feba (0x00178713) x14 0x00000000800120b5
core   0: 0x000000008000febe (0xfee43023) sd      a4, -32(s0)
core   0: 3 0x000000008000febe (0xfee43023) mem 0x0000000080031f50 0x00000000800120b5
core   0: 0x000000008000fec2 (0xfc442703) lw      a4, -60(s0)
core   0: 3 0x000000008000fec2 (0xfc442703) x14 0x0000000000000000 mem 0x0000000080031f34
core   0: 0x000000008000fec6 (0x0ff77713) andi    a4, a4, 255
core   0: 3 0x000000008000fec6 (0x0ff77713) x14 0x0000000000000000
core   0: 0x000000008000feca (0x00e78023) sb      a4, 0(a5)
core   0: 3 0x000000008000feca (0x00e78023) mem 0x00000000800120b4 0x00
core   0: 0x000000008000fece (0xfc843703) ld      a4, -56(s0)
core   0: 3 0x000000008000fece (0xfc843703) x14 0x0000000080012040 mem 0x0000000080031f38
core   0: 0x000000008000fed2 (0xfb843783) ld      a5, -72(s0)
core   0: 3 0x000000008000fed2 (0xfb843783) x15 0x000000000000009c mem 0x0000000080031f28
core   0: 0x000000008000fed6 (0x000097ba) c.add   a5, a4
core   0: 3 0x000000008000fed6 (0x97ba) x15 0x00000000800120dc
core   0: 0x000000008000fed8 (0xfe043703) ld      a4, -32(s0)
core   0: 3 0x000000008000fed8 (0xfe043703) x14 0x00000000800120b5 mem 0x0000000080031f50
core   0: 0x000000008000fedc (0xfcf76de3) bltu    a4, a5, pc - 38
core   0: 3 0x000000008000fedc (0xfcf76de3)
core   0: 0x000000008000feb6 (0xfe043783) ld      a5, -32(s0)
core   0: 3 0x000000008000feb6 (0xfe043783) x15 0x00000000800120b5 mem 0x0000000080031f50
core   0: 0x000000008000feba (0x00178713) addi    a4, a5, 1
core   0: 3 0x000000008000feba (0x00178713) x14 0x00000000800120b6
core   0: 0x000000008000febe (0xfee43023) sd      a4, -32(s0)
core   0: 3 0x000000008000febe (0xfee43023) mem 0x0000000080031f50 0x00000000800120b6
core   0: 0x000000008000fec2 (0xfc442703) lw      a4, -60(s0)
core   0: 3 0x000000008000fec2 (0xfc442703) x14 0x0000000000000000 mem 0x0000000080031f34
core   0: 0x000000008000fec6 (0x0ff77713) andi    a4, a4, 255
core   0: 3 0x000000008000fec6 (0x0ff77713) x14 0x0000000000000000
core   0: 0x000000008000feca (0x00e78023) sb      a4, 0(a5)
core   0: 3 0x000000008000feca (0x00e78023) mem 0x00000000800120b5 0x00
core   0: 0x000000008000fece (0xfc843703) ld      a4, -56(s0)
core   0: 3 0x000000008000fece (0xfc843703) x14 0x0000000080012040 mem 0x0000000080031f38
core   0: 0x000000008000fed2 (0xfb843783) ld      a5, -72(s0)
core   0: 3 0x000000008000fed2 (0xfb843783) x15 0x000000000000009c mem 0x0000000080031f28
core   0: 0x000000008000fed6 (0x000097ba) c.add   a5, a4
core   0: 3 0x000000008000fed6 (0x97ba) x15 0x00000000800120dc
core   0: 0x000000008000fed8 (0xfe043703) ld      a4, -32(s0)
core   0: 3 0x000000008000fed8 (0xfe043703) x14 0x00000000800120b6 mem 0x0000000080031f50
core   0: 0x000000008000fedc (0xfcf76de3) bltu    a4, a5, pc - 38
core   0: 3 0x000000008000fedc (0xfcf76de3)
core   0: 0x000000008000feb6 (0xfe043783) ld      a5, -32(s0)
core   0: 3 0x000000008000feb6 (0xfe043783) x15 0x00000000800120b6 mem 0x0000000080031f50
core   0: 0x000000008000feba (0x00178713) addi    a4, a5, 1
core   0: 3 0x000000008000feba (0x00178713) x14 0x00000000800120b7
core   0: 0x000000008000febe (0xfee43023) sd      a4, -32(s0)
core   0: 3 0x000000008000febe (0xfee43023) mem 0x0000000080031f50 0x00000000800120b7
core   0: 0x000000008000fec2 (0xfc442703) lw      a4, -60(s0)
core   0: 3 0x000000008000fec2 (0xfc442703) x14 0x0000000000000000 mem 0x0000000080031f34
core   0: 0x000000008000fec6 (0x0ff77713) andi    a4, a4, 255
core   0: 3 0x000000008000fec6 (0x0ff77713) x14 0x0000000000000000
core   0: 0x000000008000feca (0x00e78023) sb      a4, 0(a5)
core   0: 3 0x000000008000feca (0x00e78023) mem 0x00000000800120b6 0x00
core   0: 0x000000008000fece (0xfc843703) ld      a4, -56(s0)
core   0: 3 0x000000008000fece (0xfc843703) x14 0x0000000080012040 mem 0x0000000080031f38
core   0: 0x000000008000fed2 (0xfb843783) ld      a5, -72(s0)
core   0: 3 0x000000008000fed2 (0xfb843783) x15 0x000000000000009c mem 0x0000000080031f28
core   0: 0x000000008000fed6 (0x000097ba) c.add   a5, a4
core   0: 3 0x000000008000fed6 (0x97ba) x15 0x00000000800120dc
core   0: 0x000000008000fed8 (0xfe043703) ld      a4, -32(s0)
core   0: 3 0x000000008000fed8 (0xfe043703) x14 0x00000000800120b7 mem 0x0000000080031f50
core   0: 0x000000008000fedc (0xfcf76de3) bltu    a4, a5, pc - 38
core   0: 3 0x000000008000fedc (0xfcf76de3)
core   0: 0x000000008000feb6 (0xfe043783) ld      a5, -32(s0)
core   0: 3 0x000000008000feb6 (0xfe043783) x15 0x00000000800120b7 mem 0x0000000080031f50
core   0: 0x000000008000feba (0x00178713) addi    a4, a5, 1
core   0: 3 0x000000008000feba (0x00178713) x14 0x00000000800120b8
core   0: 0x000000008000febe (0xfee43023) sd      a4, -32(s0)
core   0: 3 0x000000008000febe (0xfee43023) mem 0x0000000080031f50 0x00000000800120b8
core   0: 0x000000008000fec2 (0xfc442703) lw      a4, -60(s0)
core   0: 3 0x000000008000fec2 (0xfc442703) x14 0x0000000000000000 mem 0x0000000080031f34
core   0: 0x000000008000fec6 (0x0ff77713) andi    a4, a4, 255
core   0: 3 0x000000008000fec6 (0x0ff77713) x14 0x0000000000000000
core   0: 0x000000008000feca (0x00e78023) sb      a4, 0(a5)
core   0: 3 0x000000008000feca (0x00e78023) mem 0x00000000800120b7 0x00
core   0: 0x000000008000fece (0xfc843703) ld      a4, -56(s0)
core   0: 3 0x000000008000fece (0xfc843703) x14 0x0000000080012040 mem 0x0000000080031f38
core   0: 0x000000008000fed2 (0xfb843783) ld      a5, -72(s0)
core   0: 3 0x000000008000fed2 (0xfb843783) x15 0x000000000000009c mem 0x0000000080031f28
core   0: 0x000000008000fed6 (0x000097ba) c.add   a5, a4
core   0: 3 0x000000008000fed6 (0x97ba) x15 0x00000000800120dc
core   0: 0x000000008000fed8 (0xfe043703) ld      a4, -32(s0)
core   0: 3 0x000000008000fed8 (0xfe043703) x14 0x00000000800120b8 mem 0x0000000080031f50
core   0: 0x000000008000fedc (0xfcf76de3) bltu    a4, a5, pc - 38
core   0: 3 0x000000008000fedc (0xfcf76de3)
core   0: 0x000000008000feb6 (0xfe043783) ld      a5, -32(s0)
core   0: 3 0x000000008000feb6 (0xfe043783) x15 0x00000000800120b8 mem 0x0000000080031f50
core   0: 0x000000008000feba (0x00178713) addi    a4, a5, 1
core   0: 3 0x000000008000feba (0x00178713) x14 0x00000000800120b9
core   0: 0x000000008000febe (0xfee43023) sd      a4, -32(s0)
core   0: 3 0x000000008000febe (0xfee43023) mem 0x0000000080031f50 0x00000000800120b9
core   0: 0x000000008000fec2 (0xfc442703) lw      a4, -60(s0)
core   0: 3 0x000000008000fec2 (0xfc442703) x14 0x0000000000000000 mem 0x0000000080031f34
core   0: 0x000000008000fec6 (0x0ff77713) andi    a4, a4, 255
core   0: 3 0x000000008000fec6 (0x0ff77713) x14 0x0000000000000000
core   0: 0x000000008000feca (0x00e78023) sb      a4, 0(a5)
core   0: 3 0x000000008000feca (0x00e78023) mem 0x00000000800120b8 0x00
core   0: 0x000000008000fece (0xfc843703) ld      a4, -56(s0)
core   0: 3 0x000000008000fece (0xfc843703) x14 0x0000000080012040 mem 0x0000000080031f38
core   0: 0x000000008000fed2 (0xfb843783) ld      a5, -72(s0)
core   0: 3 0x000000008000fed2 (0xfb843783) x15 0x000000000000009c mem 0x0000000080031f28
core   0: 0x000000008000fed6 (0x000097ba) c.add   a5, a4
core   0: 3 0x000000008000fed6 (0x97ba) x15 0x00000000800120dc
core   0: 0x000000008000fed8 (0xfe043703) ld      a4, -32(s0)
core   0: 3 0x000000008000fed8 (0xfe043703) x14 0x00000000800120b9 mem 0x0000000080031f50
core   0: 0x000000008000fedc (0xfcf76de3) bltu    a4, a5, pc - 38
core   0: 3 0x000000008000fedc (0xfcf76de3)
core   0: 0x000000008000feb6 (0xfe043783) ld      a5, -32(s0)
core   0: 3 0x000000008000feb6 (0xfe043783) x15 0x00000000800120b9 mem 0x0000000080031f50
core   0: 0x000000008000feba (0x00178713) addi    a4, a5, 1
core   0: 3 0x000000008000feba (0x00178713) x14 0x00000000800120ba
core   0: 0x000000008000febe (0xfee43023) sd      a4, -32(s0)
core   0: 3 0x000000008000febe (0xfee43023) mem 0x0000000080031f50 0x00000000800120ba
core   0: 0x000000008000fec2 (0xfc442703) lw      a4, -60(s0)
core   0: 3 0x000000008000fec2 (0xfc442703) x14 0x0000000000000000 mem 0x0000000080031f34
core   0: 0x000000008000fec6 (0x0ff77713) andi    a4, a4, 255
core   0: 3 0x000000008000fec6 (0x0ff77713) x14 0x0000000000000000
core   0: 0x000000008000feca (0x00e78023) sb      a4, 0(a5)
core   0: 3 0x000000008000feca (0x00e78023) mem 0x00000000800120b9 0x00
core   0: 0x000000008000fece (0xfc843703) ld      a4, -56(s0)
core   0: 3 0x000000008000fece (0xfc843703) x14 0x0000000080012040 mem 0x0000000080031f38
core   0: 0x000000008000fed2 (0xfb843783) ld      a5, -72(s0)
core   0: 3 0x000000008000fed2 (0xfb843783) x15 0x000000000000009c mem 0x0000000080031f28
core   0: 0x000000008000fed6 (0x000097ba) c.add   a5, a4
core   0: 3 0x000000008000fed6 (0x97ba) x15 0x00000000800120dc
core   0: 0x000000008000fed8 (0xfe043703) ld      a4, -32(s0)
core   0: 3 0x000000008000fed8 (0xfe043703) x14 0x00000000800120ba mem 0x0000000080031f50
core   0: 0x000000008000fedc (0xfcf76de3) bltu    a4, a5, pc - 38
core   0: 3 0x000000008000fedc (0xfcf76de3)
core   0: 0x000000008000feb6 (0xfe043783) ld      a5, -32(s0)
core   0: 3 0x000000008000feb6 (0xfe043783) x15 0x00000000800120ba mem 0x0000000080031f50
core   0: 0x000000008000feba (0x00178713) addi    a4, a5, 1
core   0: 3 0x000000008000feba (0x00178713) x14 0x00000000800120bb
core   0: 0x000000008000febe (0xfee43023) sd      a4, -32(s0)
core   0: 3 0x000000008000febe (0xfee43023) mem 0x0000000080031f50 0x00000000800120bb
core   0: 0x000000008000fec2 (0xfc442703) lw      a4, -60(s0)
core   0: 3 0x000000008000fec2 (0xfc442703) x14 0x0000000000000000 mem 0x0000000080031f34
core   0: 0x000000008000fec6 (0x0ff77713) andi    a4, a4, 255
core   0: 3 0x000000008000fec6 (0x0ff77713) x14 0x0000000000000000
core   0: 0x000000008000feca (0x00e78023) sb      a4, 0(a5)
core   0: 3 0x000000008000feca (0x00e78023) mem 0x00000000800120ba 0x00
core   0: 0x000000008000fece (0xfc843703) ld      a4, -56(s0)
core   0: 3 0x000000008000fece (0xfc843703) x14 0x0000000080012040 mem 0x0000000080031f38
core   0: 0x000000008000fed2 (0xfb843783) ld      a5, -72(s0)
core   0: 3 0x000000008000fed2 (0xfb843783) x15 0x000000000000009c mem 0x0000000080031f28
core   0: 0x000000008000fed6 (0x000097ba) c.add   a5, a4
core   0: 3 0x000000008000fed6 (0x97ba) x15 0x00000000800120dc
core   0: 0x000000008000fed8 (0xfe043703) ld      a4, -32(s0)
core   0: 3 0x000000008000fed8 (0xfe043703) x14 0x00000000800120bb mem 0x0000000080031f50
core   0: 0x000000008000fedc (0xfcf76de3) bltu    a4, a5, pc - 38
core   0: 3 0x000000008000fedc (0xfcf76de3)
core   0: 0x000000008000feb6 (0xfe043783) ld      a5, -32(s0)
core   0: 3 0x000000008000feb6 (0xfe043783) x15 0x00000000800120bb mem 0x0000000080031f50
core   0: 0x000000008000feba (0x00178713) addi    a4, a5, 1
core   0: 3 0x000000008000feba (0x00178713) x14 0x00000000800120bc
core   0: 0x000000008000febe (0xfee43023) sd      a4, -32(s0)
core   0: 3 0x000000008000febe (0xfee43023) mem 0x0000000080031f50 0x00000000800120bc
core   0: 0x000000008000fec2 (0xfc442703) lw      a4, -60(s0)
core   0: 3 0x000000008000fec2 (0xfc442703) x14 0x0000000000000000 mem 0x0000000080031f34
core   0: 0x000000008000fec6 (0x0ff77713) andi    a4, a4, 255
core   0: 3 0x000000008000fec6 (0x0ff77713) x14 0x0000000000000000
core   0: 0x000000008000feca (0x00e78023) sb      a4, 0(a5)
core   0: 3 0x000000008000feca (0x00e78023) mem 0x00000000800120bb 0x00
core   0: 0x000000008000fece (0xfc843703) ld      a4, -56(s0)
core   0: 3 0x000000008000fece (0xfc843703) x14 0x0000000080012040 mem 0x0000000080031f38
core   0: 0x000000008000fed2 (0xfb843783) ld      a5, -72(s0)
core   0: 3 0x000000008000fed2 (0xfb843783) x15 0x000000000000009c mem 0x0000000080031f28
core   0: 0x000000008000fed6 (0x000097ba) c.add   a5, a4
core   0: 3 0x000000008000fed6 (0x97ba) x15 0x00000000800120dc
core   0: 0x000000008000fed8 (0xfe043703) ld      a4, -32(s0)
core   0: 3 0x000000008000fed8 (0xfe043703) x14 0x00000000800120bc mem 0x0000000080031f50
core   0: 0x000000008000fedc (0xfcf76de3) bltu    a4, a5, pc - 38
core   0: 3 0x000000008000fedc (0xfcf76de3)
core   0: 0x000000008000feb6 (0xfe043783) ld      a5, -32(s0)
core   0: 3 0x000000008000feb6 (0xfe043783) x15 0x00000000800120bc mem 0x0000000080031f50
core   0: 0x000000008000feba (0x00178713) addi    a4, a5, 1
core   0: 3 0x000000008000feba (0x00178713) x14 0x00000000800120bd
core   0: 0x000000008000febe (0xfee43023) sd      a4, -32(s0)
core   0: 3 0x000000008000febe (0xfee43023) mem 0x0000000080031f50 0x00000000800120bd
core   0: 0x000000008000fec2 (0xfc442703) lw      a4, -60(s0)
core   0: 3 0x000000008000fec2 (0xfc442703) x14 0x0000000000000000 mem 0x0000000080031f34
core   0: 0x000000008000fec6 (0x0ff77713) andi    a4, a4, 255
core   0: 3 0x000000008000fec6 (0x0ff77713) x14 0x0000000000000000
core   0: 0x000000008000feca (0x00e78023) sb      a4, 0(a5)
core   0: 3 0x000000008000feca (0x00e78023) mem 0x00000000800120bc 0x00
core   0: 0x000000008000fece (0xfc843703) ld      a4, -56(s0)
core   0: 3 0x000000008000fece (0xfc843703) x14 0x0000000080012040 mem 0x0000000080031f38
core   0: 0x000000008000fed2 (0xfb843783) ld      a5, -72(s0)
core   0: 3 0x000000008000fed2 (0xfb843783) x15 0x000000000000009c mem 0x0000000080031f28
core   0: 0x000000008000fed6 (0x000097ba) c.add   a5, a4
core   0: 3 0x000000008000fed6 (0x97ba) x15 0x00000000800120dc
core   0: 0x000000008000fed8 (0xfe043703) ld      a4, -32(s0)
core   0: 3 0x000000008000fed8 (0xfe043703) x14 0x00000000800120bd mem 0x0000000080031f50
core   0: 0x000000008000fedc (0xfcf76de3) bltu    a4, a5, pc - 38
core   0: 3 0x000000008000fedc (0xfcf76de3)
core   0: 0x000000008000feb6 (0xfe043783) ld      a5, -32(s0)
core   0: 3 0x000000008000feb6 (0xfe043783) x15 0x00000000800120bd mem 0x0000000080031f50
core   0: 0x000000008000feba (0x00178713) addi    a4, a5, 1
core   0: 3 0x000000008000feba (0x00178713) x14 0x00000000800120be
core   0: 0x000000008000febe (0xfee43023) sd      a4, -32(s0)
core   0: 3 0x000000008000febe (0xfee43023) mem 0x0000000080031f50 0x00000000800120be
core   0: 0x000000008000fec2 (0xfc442703) lw      a4, -60(s0)
core   0: 3 0x000000008000fec2 (0xfc442703) x14 0x0000000000000000 mem 0x0000000080031f34
core   0: 0x000000008000fec6 (0x0ff77713) andi    a4, a4, 255
core   0: 3 0x000000008000fec6 (0x0ff77713) x14 0x0000000000000000
core   0: 0x000000008000feca (0x00e78023) sb      a4, 0(a5)
core   0: 3 0x000000008000feca (0x00e78023) mem 0x00000000800120bd 0x00
core   0: 0x000000008000fece (0xfc843703) ld      a4, -56(s0)
core   0: 3 0x000000008000fece (0xfc843703) x14 0x0000000080012040 mem 0x0000000080031f38
core   0: 0x000000008000fed2 (0xfb843783) ld      a5, -72(s0)
core   0: 3 0x000000008000fed2 (0xfb843783) x15 0x000000000000009c mem 0x0000000080031f28
core   0: 0x000000008000fed6 (0x000097ba) c.add   a5, a4
core   0: 3 0x000000008000fed6 (0x97ba) x15 0x00000000800120dc
core   0: 0x000000008000fed8 (0xfe043703) ld      a4, -32(s0)
core   0: 3 0x000000008000fed8 (0xfe043703) x14 0x00000000800120be mem 0x0000000080031f50
core   0: 0x000000008000fedc (0xfcf76de3) bltu    a4, a5, pc - 38
core   0: 3 0x000000008000fedc (0xfcf76de3)
core   0: 0x000000008000feb6 (0xfe043783) ld      a5, -32(s0)
core   0: 3 0x000000008000feb6 (0xfe043783) x15 0x00000000800120be mem 0x0000000080031f50
core   0: 0x000000008000feba (0x00178713) addi    a4, a5, 1
core   0: 3 0x000000008000feba (0x00178713) x14 0x00000000800120bf
core   0: 0x000000008000febe (0xfee43023) sd      a4, -32(s0)
core   0: 3 0x000000008000febe (0xfee43023) mem 0x0000000080031f50 0x00000000800120bf
core   0: 0x000000008000fec2 (0xfc442703) lw      a4, -60(s0)
core   0: 3 0x000000008000fec2 (0xfc442703) x14 0x0000000000000000 mem 0x0000000080031f34
core   0: 0x000000008000fec6 (0x0ff77713) andi    a4, a4, 255
core   0: 3 0x000000008000fec6 (0x0ff77713) x14 0x0000000000000000
core   0: 0x000000008000feca (0x00e78023) sb      a4, 0(a5)
core   0: 3 0x000000008000feca (0x00e78023) mem 0x00000000800120be 0x00
core   0: 0x000000008000fece (0xfc843703) ld      a4, -56(s0)
core   0: 3 0x000000008000fece (0xfc843703) x14 0x0000000080012040 mem 0x0000000080031f38
core   0: 0x000000008000fed2 (0xfb843783) ld      a5, -72(s0)
core   0: 3 0x000000008000fed2 (0xfb843783) x15 0x000000000000009c mem 0x0000000080031f28
core   0: 0x000000008000fed6 (0x000097ba) c.add   a5, a4
core   0: 3 0x000000008000fed6 (0x97ba) x15 0x00000000800120dc
core   0: 0x000000008000fed8 (0xfe043703) ld      a4, -32(s0)
core   0: 3 0x000000008000fed8 (0xfe043703) x14 0x00000000800120bf mem 0x0000000080031f50
core   0: 0x000000008000fedc (0xfcf76de3) bltu    a4, a5, pc - 38
core   0: 3 0x000000008000fedc (0xfcf76de3)
core   0: 0x000000008000feb6 (0xfe043783) ld      a5, -32(s0)
core   0: 3 0x000000008000feb6 (0xfe043783) x15 0x00000000800120bf mem 0x0000000080031f50
core   0: 0x000000008000feba (0x00178713) addi    a4, a5, 1
core   0: 3 0x000000008000feba (0x00178713) x14 0x00000000800120c0
core   0: 0x000000008000febe (0xfee43023) sd      a4, -32(s0)
core   0: 3 0x000000008000febe (0xfee43023) mem 0x0000000080031f50 0x00000000800120c0
core   0: 0x000000008000fec2 (0xfc442703) lw      a4, -60(s0)
core   0: 3 0x000000008000fec2 (0xfc442703) x14 0x0000000000000000 mem 0x0000000080031f34
core   0: 0x000000008000fec6 (0x0ff77713) andi    a4, a4, 255
core   0: 3 0x000000008000fec6 (0x0ff77713) x14 0x0000000000000000
core   0: 0x000000008000feca (0x00e78023) sb      a4, 0(a5)
core   0: 3 0x000000008000feca (0x00e78023) mem 0x00000000800120bf 0x00
core   0: 0x000000008000fece (0xfc843703) ld      a4, -56(s0)
core   0: 3 0x000000008000fece (0xfc843703) x14 0x0000000080012040 mem 0x0000000080031f38
core   0: 0x000000008000fed2 (0xfb843783) ld      a5, -72(s0)
core   0: 3 0x000000008000fed2 (0xfb843783) x15 0x000000000000009c mem 0x0000000080031f28
core   0: 0x000000008000fed6 (0x000097ba) c.add   a5, a4
core   0: 3 0x000000008000fed6 (0x97ba) x15 0x00000000800120dc
core   0: 0x000000008000fed8 (0xfe043703) ld      a4, -32(s0)
core   0: 3 0x000000008000fed8 (0xfe043703) x14 0x00000000800120c0 mem 0x0000000080031f50
core   0: 0x000000008000fedc (0xfcf76de3) bltu    a4, a5, pc - 38
core   0: 3 0x000000008000fedc (0xfcf76de3)
core   0: 0x000000008000feb6 (0xfe043783) ld      a5, -32(s0)
core   0: 3 0x000000008000feb6 (0xfe043783) x15 0x00000000800120c0 mem 0x0000000080031f50
core   0: 0x000000008000feba (0x00178713) addi    a4, a5, 1
core   0: 3 0x000000008000feba (0x00178713) x14 0x00000000800120c1
core   0: 0x000000008000febe (0xfee43023) sd      a4, -32(s0)
core   0: 3 0x000000008000febe (0xfee43023) mem 0x0000000080031f50 0x00000000800120c1
core   0: 0x000000008000fec2 (0xfc442703) lw      a4, -60(s0)
core   0: 3 0x000000008000fec2 (0xfc442703) x14 0x0000000000000000 mem 0x0000000080031f34
core   0: 0x000000008000fec6 (0x0ff77713) andi    a4, a4, 255
core   0: 3 0x000000008000fec6 (0x0ff77713) x14 0x0000000000000000
core   0: 0x000000008000feca (0x00e78023) sb      a4, 0(a5)
core   0: 3 0x000000008000feca (0x00e78023) mem 0x00000000800120c0 0x00
core   0: 0x000000008000fece (0xfc843703) ld      a4, -56(s0)
core   0: 3 0x000000008000fece (0xfc843703) x14 0x0000000080012040 mem 0x0000000080031f38
core   0: 0x000000008000fed2 (0xfb843783) ld      a5, -72(s0)
core   0: 3 0x000000008000fed2 (0xfb843783) x15 0x000000000000009c mem 0x0000000080031f28
core   0: 0x000000008000fed6 (0x000097ba) c.add   a5, a4
core   0: 3 0x000000008000fed6 (0x97ba) x15 0x00000000800120dc
core   0: 0x000000008000fed8 (0xfe043703) ld      a4, -32(s0)
core   0: 3 0x000000008000fed8 (0xfe043703) x14 0x00000000800120c1 mem 0x0000000080031f50
core   0: 0x000000008000fedc (0xfcf76de3) bltu    a4, a5, pc - 38
core   0: 3 0x000000008000fedc (0xfcf76de3)
core   0: 0x000000008000feb6 (0xfe043783) ld      a5, -32(s0)
core   0: 3 0x000000008000feb6 (0xfe043783) x15 0x00000000800120c1 mem 0x0000000080031f50
core   0: 0x000000008000feba (0x00178713) addi    a4, a5, 1
core   0: 3 0x000000008000feba (0x00178713) x14 0x00000000800120c2
core   0: 0x000000008000febe (0xfee43023) sd      a4, -32(s0)
core   0: 3 0x000000008000febe (0xfee43023) mem 0x0000000080031f50 0x00000000800120c2
core   0: 0x000000008000fec2 (0xfc442703) lw      a4, -60(s0)
core   0: 3 0x000000008000fec2 (0xfc442703) x14 0x0000000000000000 mem 0x0000000080031f34
core   0: 0x000000008000fec6 (0x0ff77713) andi    a4, a4, 255
core   0: 3 0x000000008000fec6 (0x0ff77713) x14 0x0000000000000000
core   0: 0x000000008000feca (0x00e78023) sb      a4, 0(a5)
core   0: 3 0x000000008000feca (0x00e78023) mem 0x00000000800120c1 0x00
core   0: 0x000000008000fece (0xfc843703) ld      a4, -56(s0)
core   0: 3 0x000000008000fece (0xfc843703) x14 0x0000000080012040 mem 0x0000000080031f38
core   0: 0x000000008000fed2 (0xfb843783) ld      a5, -72(s0)
core   0: 3 0x000000008000fed2 (0xfb843783) x15 0x000000000000009c mem 0x0000000080031f28
core   0: 0x000000008000fed6 (0x000097ba) c.add   a5, a4
core   0: 3 0x000000008000fed6 (0x97ba) x15 0x00000000800120dc
core   0: 0x000000008000fed8 (0xfe043703) ld      a4, -32(s0)
core   0: 3 0x000000008000fed8 (0xfe043703) x14 0x00000000800120c2 mem 0x0000000080031f50
core   0: 0x000000008000fedc (0xfcf76de3) bltu    a4, a5, pc - 38
core   0: 3 0x000000008000fedc (0xfcf76de3)
core   0: 0x000000008000feb6 (0xfe043783) ld      a5, -32(s0)
core   0: 3 0x000000008000feb6 (0xfe043783) x15 0x00000000800120c2 mem 0x0000000080031f50
core   0: 0x000000008000feba (0x00178713) addi    a4, a5, 1
core   0: 3 0x000000008000feba (0x00178713) x14 0x00000000800120c3
core   0: 0x000000008000febe (0xfee43023) sd      a4, -32(s0)
core   0: 3 0x000000008000febe (0xfee43023) mem 0x0000000080031f50 0x00000000800120c3
core   0: 0x000000008000fec2 (0xfc442703) lw      a4, -60(s0)
core   0: 3 0x000000008000fec2 (0xfc442703) x14 0x0000000000000000 mem 0x0000000080031f34
core   0: 0x000000008000fec6 (0x0ff77713) andi    a4, a4, 255
core   0: 3 0x000000008000fec6 (0x0ff77713) x14 0x0000000000000000
core   0: 0x000000008000feca (0x00e78023) sb      a4, 0(a5)
core   0: 3 0x000000008000feca (0x00e78023) mem 0x00000000800120c2 0x00
core   0: 0x000000008000fece (0xfc843703) ld      a4, -56(s0)
core   0: 3 0x000000008000fece (0xfc843703) x14 0x0000000080012040 mem 0x0000000080031f38
core   0: 0x000000008000fed2 (0xfb843783) ld      a5, -72(s0)
core   0: 3 0x000000008000fed2 (0xfb843783) x15 0x000000000000009c mem 0x0000000080031f28
core   0: 0x000000008000fed6 (0x000097ba) c.add   a5, a4
core   0: 3 0x000000008000fed6 (0x97ba) x15 0x00000000800120dc
core   0: 0x000000008000fed8 (0xfe043703) ld      a4, -32(s0)
core   0: 3 0x000000008000fed8 (0xfe043703) x14 0x00000000800120c3 mem 0x0000000080031f50
core   0: 0x000000008000fedc (0xfcf76de3) bltu    a4, a5, pc - 38
core   0: 3 0x000000008000fedc (0xfcf76de3)
core   0: 0x000000008000feb6 (0xfe043783) ld      a5, -32(s0)
core   0: 3 0x000000008000feb6 (0xfe043783) x15 0x00000000800120c3 mem 0x0000000080031f50
core   0: 0x000000008000feba (0x00178713) addi    a4, a5, 1
core   0: 3 0x000000008000feba (0x00178713) x14 0x00000000800120c4
core   0: 0x000000008000febe (0xfee43023) sd      a4, -32(s0)
core   0: 3 0x000000008000febe (0xfee43023) mem 0x0000000080031f50 0x00000000800120c4
core   0: 0x000000008000fec2 (0xfc442703) lw      a4, -60(s0)
core   0: 3 0x000000008000fec2 (0xfc442703) x14 0x0000000000000000 mem 0x0000000080031f34
core   0: 0x000000008000fec6 (0x0ff77713) andi    a4, a4, 255
core   0: 3 0x000000008000fec6 (0x0ff77713) x14 0x0000000000000000
core   0: 0x000000008000feca (0x00e78023) sb      a4, 0(a5)
core   0: 3 0x000000008000feca (0x00e78023) mem 0x00000000800120c3 0x00
core   0: 0x000000008000fece (0xfc843703) ld      a4, -56(s0)
core   0: 3 0x000000008000fece (0xfc843703) x14 0x0000000080012040 mem 0x0000000080031f38
core   0: 0x000000008000fed2 (0xfb843783) ld      a5, -72(s0)
core   0: 3 0x000000008000fed2 (0xfb843783) x15 0x000000000000009c mem 0x0000000080031f28
core   0: 0x000000008000fed6 (0x000097ba) c.add   a5, a4
core   0: 3 0x000000008000fed6 (0x97ba) x15 0x00000000800120dc
core   0: 0x000000008000fed8 (0xfe043703) ld      a4, -32(s0)
core   0: 3 0x000000008000fed8 (0xfe043703) x14 0x00000000800120c4 mem 0x0000000080031f50
core   0: 0x000000008000fedc (0xfcf76de3) bltu    a4, a5, pc - 38
core   0: 3 0x000000008000fedc (0xfcf76de3)
core   0: 0x000000008000feb6 (0xfe043783) ld      a5, -32(s0)
core   0: 3 0x000000008000feb6 (0xfe043783) x15 0x00000000800120c4 mem 0x0000000080031f50
core   0: 0x000000008000feba (0x00178713) addi    a4, a5, 1
core   0: 3 0x000000008000feba (0x00178713) x14 0x00000000800120c5
core   0: 0x000000008000febe (0xfee43023) sd      a4, -32(s0)
core   0: 3 0x000000008000febe (0xfee43023) mem 0x0000000080031f50 0x00000000800120c5
core   0: 0x000000008000fec2 (0xfc442703) lw      a4, -60(s0)
core   0: 3 0x000000008000fec2 (0xfc442703) x14 0x0000000000000000 mem 0x0000000080031f34
core   0: 0x000000008000fec6 (0x0ff77713) andi    a4, a4, 255
core   0: 3 0x000000008000fec6 (0x0ff77713) x14 0x0000000000000000
core   0: 0x000000008000feca (0x00e78023) sb      a4, 0(a5)
core   0: 3 0x000000008000feca (0x00e78023) mem 0x00000000800120c4 0x00
core   0: 0x000000008000fece (0xfc843703) ld      a4, -56(s0)
core   0: 3 0x000000008000fece (0xfc843703) x14 0x0000000080012040 mem 0x0000000080031f38
core   0: 0x000000008000fed2 (0xfb843783) ld      a5, -72(s0)
core   0: 3 0x000000008000fed2 (0xfb843783) x15 0x000000000000009c mem 0x0000000080031f28
core   0: 0x000000008000fed6 (0x000097ba) c.add   a5, a4
core   0: 3 0x000000008000fed6 (0x97ba) x15 0x00000000800120dc
core   0: 0x000000008000fed8 (0xfe043703) ld      a4, -32(s0)
core   0: 3 0x000000008000fed8 (0xfe043703) x14 0x00000000800120c5 mem 0x0000000080031f50
core   0: 0x000000008000fedc (0xfcf76de3) bltu    a4, a5, pc - 38
core   0: 3 0x000000008000fedc (0xfcf76de3)
core   0: 0x000000008000feb6 (0xfe043783) ld      a5, -32(s0)
core   0: 3 0x000000008000feb6 (0xfe043783) x15 0x00000000800120c5 mem 0x0000000080031f50
core   0: 0x000000008000feba (0x00178713) addi    a4, a5, 1
core   0: 3 0x000000008000feba (0x00178713) x14 0x00000000800120c6
core   0: 0x000000008000febe (0xfee43023) sd      a4, -32(s0)
core   0: 3 0x000000008000febe (0xfee43023) mem 0x0000000080031f50 0x00000000800120c6
core   0: 0x000000008000fec2 (0xfc442703) lw      a4, -60(s0)
core   0: 3 0x000000008000fec2 (0xfc442703) x14 0x0000000000000000 mem 0x0000000080031f34
core   0: 0x000000008000fec6 (0x0ff77713) andi    a4, a4, 255
core   0: 3 0x000000008000fec6 (0x0ff77713) x14 0x0000000000000000
core   0: 0x000000008000feca (0x00e78023) sb      a4, 0(a5)
core   0: 3 0x000000008000feca (0x00e78023) mem 0x00000000800120c5 0x00
core   0: 0x000000008000fece (0xfc843703) ld      a4, -56(s0)
core   0: 3 0x000000008000fece (0xfc843703) x14 0x0000000080012040 mem 0x0000000080031f38
core   0: 0x000000008000fed2 (0xfb843783) ld      a5, -72(s0)
core   0: 3 0x000000008000fed2 (0xfb843783) x15 0x000000000000009c mem 0x0000000080031f28
core   0: 0x000000008000fed6 (0x000097ba) c.add   a5, a4
core   0: 3 0x000000008000fed6 (0x97ba) x15 0x00000000800120dc
core   0: 0x000000008000fed8 (0xfe043703) ld      a4, -32(s0)
core   0: 3 0x000000008000fed8 (0xfe043703) x14 0x00000000800120c6 mem 0x0000000080031f50
core   0: 0x000000008000fedc (0xfcf76de3) bltu    a4, a5, pc - 38
core   0: 3 0x000000008000fedc (0xfcf76de3)
core   0: 0x000000008000feb6 (0xfe043783) ld      a5, -32(s0)
core   0: 3 0x000000008000feb6 (0xfe043783) x15 0x00000000800120c6 mem 0x0000000080031f50
core   0: 0x000000008000feba (0x00178713) addi    a4, a5, 1
core   0: 3 0x000000008000feba (0x00178713) x14 0x00000000800120c7
core   0: 0x000000008000febe (0xfee43023) sd      a4, -32(s0)
core   0: 3 0x000000008000febe (0xfee43023) mem 0x0000000080031f50 0x00000000800120c7
core   0: 0x000000008000fec2 (0xfc442703) lw      a4, -60(s0)
core   0: 3 0x000000008000fec2 (0xfc442703) x14 0x0000000000000000 mem 0x0000000080031f34
core   0: 0x000000008000fec6 (0x0ff77713) andi    a4, a4, 255
core   0: 3 0x000000008000fec6 (0x0ff77713) x14 0x0000000000000000
core   0: 0x000000008000feca (0x00e78023) sb      a4, 0(a5)
core   0: 3 0x000000008000feca (0x00e78023) mem 0x00000000800120c6 0x00
core   0: 0x000000008000fece (0xfc843703) ld      a4, -56(s0)
core   0: 3 0x000000008000fece (0xfc843703) x14 0x0000000080012040 mem 0x0000000080031f38
core   0: 0x000000008000fed2 (0xfb843783) ld      a5, -72(s0)
core   0: 3 0x000000008000fed2 (0xfb843783) x15 0x000000000000009c mem 0x0000000080031f28
core   0: 0x000000008000fed6 (0x000097ba) c.add   a5, a4
core   0: 3 0x000000008000fed6 (0x97ba) x15 0x00000000800120dc
core   0: 0x000000008000fed8 (0xfe043703) ld      a4, -32(s0)
core   0: 3 0x000000008000fed8 (0xfe043703) x14 0x00000000800120c7 mem 0x0000000080031f50
core   0: 0x000000008000fedc (0xfcf76de3) bltu    a4, a5, pc - 38
core   0: 3 0x000000008000fedc (0xfcf76de3)
core   0: 0x000000008000feb6 (0xfe043783) ld      a5, -32(s0)
core   0: 3 0x000000008000feb6 (0xfe043783) x15 0x00000000800120c7 mem 0x0000000080031f50
core   0: 0x000000008000feba (0x00178713) addi    a4, a5, 1
core   0: 3 0x000000008000feba (0x00178713) x14 0x00000000800120c8
core   0: 0x000000008000febe (0xfee43023) sd      a4, -32(s0)
core   0: 3 0x000000008000febe (0xfee43023) mem 0x0000000080031f50 0x00000000800120c8
core   0: 0x000000008000fec2 (0xfc442703) lw      a4, -60(s0)
core   0: 3 0x000000008000fec2 (0xfc442703) x14 0x0000000000000000 mem 0x0000000080031f34
core   0: 0x000000008000fec6 (0x0ff77713) andi    a4, a4, 255
core   0: 3 0x000000008000fec6 (0x0ff77713) x14 0x0000000000000000
core   0: 0x000000008000feca (0x00e78023) sb      a4, 0(a5)
core   0: 3 0x000000008000feca (0x00e78023) mem 0x00000000800120c7 0x00
core   0: 0x000000008000fece (0xfc843703) ld      a4, -56(s0)
core   0: 3 0x000000008000fece (0xfc843703) x14 0x0000000080012040 mem 0x0000000080031f38
core   0: 0x000000008000fed2 (0xfb843783) ld      a5, -72(s0)
core   0: 3 0x000000008000fed2 (0xfb843783) x15 0x000000000000009c mem 0x0000000080031f28
core   0: 0x000000008000fed6 (0x000097ba) c.add   a5, a4
core   0: 3 0x000000008000fed6 (0x97ba) x15 0x00000000800120dc
core   0: 0x000000008000fed8 (0xfe043703) ld      a4, -32(s0)
core   0: 3 0x000000008000fed8 (0xfe043703) x14 0x00000000800120c8 mem 0x0000000080031f50
core   0: 0x000000008000fedc (0xfcf76de3) bltu    a4, a5, pc - 38
core   0: 3 0x000000008000fedc (0xfcf76de3)
core   0: 0x000000008000feb6 (0xfe043783) ld      a5, -32(s0)
core   0: 3 0x000000008000feb6 (0xfe043783) x15 0x00000000800120c8 mem 0x0000000080031f50
core   0: 0x000000008000feba (0x00178713) addi    a4, a5, 1
core   0: 3 0x000000008000feba (0x00178713) x14 0x00000000800120c9
core   0: 0x000000008000febe (0xfee43023) sd      a4, -32(s0)
core   0: 3 0x000000008000febe (0xfee43023) mem 0x0000000080031f50 0x00000000800120c9
core   0: 0x000000008000fec2 (0xfc442703) lw      a4, -60(s0)
core   0: 3 0x000000008000fec2 (0xfc442703) x14 0x0000000000000000 mem 0x0000000080031f34
core   0: 0x000000008000fec6 (0x0ff77713) andi    a4, a4, 255
core   0: 3 0x000000008000fec6 (0x0ff77713) x14 0x0000000000000000
core   0: 0x000000008000feca (0x00e78023) sb      a4, 0(a5)
core   0: 3 0x000000008000feca (0x00e78023) mem 0x00000000800120c8 0x00
core   0: 0x000000008000fece (0xfc843703) ld      a4, -56(s0)
core   0: 3 0x000000008000fece (0xfc843703) x14 0x0000000080012040 mem 0x0000000080031f38
core   0: 0x000000008000fed2 (0xfb843783) ld      a5, -72(s0)
core   0: 3 0x000000008000fed2 (0xfb843783) x15 0x000000000000009c mem 0x0000000080031f28
core   0: 0x000000008000fed6 (0x000097ba) c.add   a5, a4
core   0: 3 0x000000008000fed6 (0x97ba) x15 0x00000000800120dc
core   0: 0x000000008000fed8 (0xfe043703) ld      a4, -32(s0)
core   0: 3 0x000000008000fed8 (0xfe043703) x14 0x00000000800120c9 mem 0x0000000080031f50
core   0: 0x000000008000fedc (0xfcf76de3) bltu    a4, a5, pc - 38
core   0: 3 0x000000008000fedc (0xfcf76de3)
core   0: 0x000000008000feb6 (0xfe043783) ld      a5, -32(s0)
core   0: 3 0x000000008000feb6 (0xfe043783) x15 0x00000000800120c9 mem 0x0000000080031f50
core   0: 0x000000008000feba (0x00178713) addi    a4, a5, 1
core   0: 3 0x000000008000feba (0x00178713) x14 0x00000000800120ca
core   0: 0x000000008000febe (0xfee43023) sd      a4, -32(s0)
core   0: 3 0x000000008000febe (0xfee43023) mem 0x0000000080031f50 0x00000000800120ca
core   0: 0x000000008000fec2 (0xfc442703) lw      a4, -60(s0)
core   0: 3 0x000000008000fec2 (0xfc442703) x14 0x0000000000000000 mem 0x0000000080031f34
core   0: 0x000000008000fec6 (0x0ff77713) andi    a4, a4, 255
core   0: 3 0x000000008000fec6 (0x0ff77713) x14 0x0000000000000000
core   0: 0x000000008000feca (0x00e78023) sb      a4, 0(a5)
core   0: 3 0x000000008000feca (0x00e78023) mem 0x00000000800120c9 0x00
core   0: 0x000000008000fece (0xfc843703) ld      a4, -56(s0)
core   0: 3 0x000000008000fece (0xfc843703) x14 0x0000000080012040 mem 0x0000000080031f38
core   0: 0x000000008000fed2 (0xfb843783) ld      a5, -72(s0)
core   0: 3 0x000000008000fed2 (0xfb843783) x15 0x000000000000009c mem 0x0000000080031f28
core   0: 0x000000008000fed6 (0x000097ba) c.add   a5, a4
core   0: 3 0x000000008000fed6 (0x97ba) x15 0x00000000800120dc
core   0: 0x000000008000fed8 (0xfe043703) ld      a4, -32(s0)
core   0: 3 0x000000008000fed8 (0xfe043703) x14 0x00000000800120ca mem 0x0000000080031f50
core   0: 0x000000008000fedc (0xfcf76de3) bltu    a4, a5, pc - 38
core   0: 3 0x000000008000fedc (0xfcf76de3)
core   0: 0x000000008000feb6 (0xfe043783) ld      a5, -32(s0)
core   0: 3 0x000000008000feb6 (0xfe043783) x15 0x00000000800120ca mem 0x0000000080031f50
core   0: 0x000000008000feba (0x00178713) addi    a4, a5, 1
core   0: 3 0x000000008000feba (0x00178713) x14 0x00000000800120cb
core   0: 0x000000008000febe (0xfee43023) sd      a4, -32(s0)
core   0: 3 0x000000008000febe (0xfee43023) mem 0x0000000080031f50 0x00000000800120cb
core   0: 0x000000008000fec2 (0xfc442703) lw      a4, -60(s0)
core   0: 3 0x000000008000fec2 (0xfc442703) x14 0x0000000000000000 mem 0x0000000080031f34
core   0: 0x000000008000fec6 (0x0ff77713) andi    a4, a4, 255
core   0: 3 0x000000008000fec6 (0x0ff77713) x14 0x0000000000000000
core   0: 0x000000008000feca (0x00e78023) sb      a4, 0(a5)
core   0: 3 0x000000008000feca (0x00e78023) mem 0x00000000800120ca 0x00
core   0: 0x000000008000fece (0xfc843703) ld      a4, -56(s0)
core   0: 3 0x000000008000fece (0xfc843703) x14 0x0000000080012040 mem 0x0000000080031f38
core   0: 0x000000008000fed2 (0xfb843783) ld      a5, -72(s0)
core   0: 3 0x000000008000fed2 (0xfb843783) x15 0x000000000000009c mem 0x0000000080031f28
core   0: 0x000000008000fed6 (0x000097ba) c.add   a5, a4
core   0: 3 0x000000008000fed6 (0x97ba) x15 0x00000000800120dc
core   0: 0x000000008000fed8 (0xfe043703) ld      a4, -32(s0)
core   0: 3 0x000000008000fed8 (0xfe043703) x14 0x00000000800120cb mem 0x0000000080031f50
core   0: 0x000000008000fedc (0xfcf76de3) bltu    a4, a5, pc - 38
core   0: 3 0x000000008000fedc (0xfcf76de3)
core   0: 0x000000008000feb6 (0xfe043783) ld      a5, -32(s0)
core   0: 3 0x000000008000feb6 (0xfe043783) x15 0x00000000800120cb mem 0x0000000080031f50
core   0: 0x000000008000feba (0x00178713) addi    a4, a5, 1
core   0: 3 0x000000008000feba (0x00178713) x14 0x00000000800120cc
core   0: 0x000000008000febe (0xfee43023) sd      a4, -32(s0)
core   0: 3 0x000000008000febe (0xfee43023) mem 0x0000000080031f50 0x00000000800120cc
core   0: 0x000000008000fec2 (0xfc442703) lw      a4, -60(s0)
core   0: 3 0x000000008000fec2 (0xfc442703) x14 0x0000000000000000 mem 0x0000000080031f34
core   0: 0x000000008000fec6 (0x0ff77713) andi    a4, a4, 255
core   0: 3 0x000000008000fec6 (0x0ff77713) x14 0x0000000000000000
core   0: 0x000000008000feca (0x00e78023) sb      a4, 0(a5)
core   0: 3 0x000000008000feca (0x00e78023) mem 0x00000000800120cb 0x00
core   0: 0x000000008000fece (0xfc843703) ld      a4, -56(s0)
core   0: 3 0x000000008000fece (0xfc843703) x14 0x0000000080012040 mem 0x0000000080031f38
core   0: 0x000000008000fed2 (0xfb843783) ld      a5, -72(s0)
core   0: 3 0x000000008000fed2 (0xfb843783) x15 0x000000000000009c mem 0x0000000080031f28
core   0: 0x000000008000fed6 (0x000097ba) c.add   a5, a4
core   0: 3 0x000000008000fed6 (0x97ba) x15 0x00000000800120dc
core   0: 0x000000008000fed8 (0xfe043703) ld      a4, -32(s0)
core   0: 3 0x000000008000fed8 (0xfe043703) x14 0x00000000800120cc mem 0x0000000080031f50
core   0: 0x000000008000fedc (0xfcf76de3) bltu    a4, a5, pc - 38
core   0: 3 0x000000008000fedc (0xfcf76de3)
core   0: 0x000000008000feb6 (0xfe043783) ld      a5, -32(s0)
core   0: 3 0x000000008000feb6 (0xfe043783) x15 0x00000000800120cc mem 0x0000000080031f50
core   0: 0x000000008000feba (0x00178713) addi    a4, a5, 1
core   0: 3 0x000000008000feba (0x00178713) x14 0x00000000800120cd
core   0: 0x000000008000febe (0xfee43023) sd      a4, -32(s0)
core   0: 3 0x000000008000febe (0xfee43023) mem 0x0000000080031f50 0x00000000800120cd
core   0: 0x000000008000fec2 (0xfc442703) lw      a4, -60(s0)
core   0: 3 0x000000008000fec2 (0xfc442703) x14 0x0000000000000000 mem 0x0000000080031f34
core   0: 0x000000008000fec6 (0x0ff77713) andi    a4, a4, 255
core   0: 3 0x000000008000fec6 (0x0ff77713) x14 0x0000000000000000
core   0: 0x000000008000feca (0x00e78023) sb      a4, 0(a5)
core   0: 3 0x000000008000feca (0x00e78023) mem 0x00000000800120cc 0x00
core   0: 0x000000008000fece (0xfc843703) ld      a4, -56(s0)
core   0: 3 0x000000008000fece (0xfc843703) x14 0x0000000080012040 mem 0x0000000080031f38
core   0: 0x000000008000fed2 (0xfb843783) ld      a5, -72(s0)
core   0: 3 0x000000008000fed2 (0xfb843783) x15 0x000000000000009c mem 0x0000000080031f28
core   0: 0x000000008000fed6 (0x000097ba) c.add   a5, a4
core   0: 3 0x000000008000fed6 (0x97ba) x15 0x00000000800120dc
core   0: 0x000000008000fed8 (0xfe043703) ld      a4, -32(s0)
core   0: 3 0x000000008000fed8 (0xfe043703) x14 0x00000000800120cd mem 0x0000000080031f50
core   0: 0x000000008000fedc (0xfcf76de3) bltu    a4, a5, pc - 38
core   0: 3 0x000000008000fedc (0xfcf76de3)
core   0: 0x000000008000feb6 (0xfe043783) ld      a5, -32(s0)
core   0: 3 0x000000008000feb6 (0xfe043783) x15 0x00000000800120cd mem 0x0000000080031f50
core   0: 0x000000008000feba (0x00178713) addi    a4, a5, 1
core   0: 3 0x000000008000feba (0x00178713) x14 0x00000000800120ce
core   0: 0x000000008000febe (0xfee43023) sd      a4, -32(s0)
core   0: 3 0x000000008000febe (0xfee43023) mem 0x0000000080031f50 0x00000000800120ce
core   0: 0x000000008000fec2 (0xfc442703) lw      a4, -60(s0)
core   0: 3 0x000000008000fec2 (0xfc442703) x14 0x0000000000000000 mem 0x0000000080031f34
core   0: 0x000000008000fec6 (0x0ff77713) andi    a4, a4, 255
core   0: 3 0x000000008000fec6 (0x0ff77713) x14 0x0000000000000000
core   0: 0x000000008000feca (0x00e78023) sb      a4, 0(a5)
core   0: 3 0x000000008000feca (0x00e78023) mem 0x00000000800120cd 0x00
core   0: 0x000000008000fece (0xfc843703) ld      a4, -56(s0)
core   0: 3 0x000000008000fece (0xfc843703) x14 0x0000000080012040 mem 0x0000000080031f38
core   0: 0x000000008000fed2 (0xfb843783) ld      a5, -72(s0)
core   0: 3 0x000000008000fed2 (0xfb843783) x15 0x000000000000009c mem 0x0000000080031f28
core   0: 0x000000008000fed6 (0x000097ba) c.add   a5, a4
core   0: 3 0x000000008000fed6 (0x97ba) x15 0x00000000800120dc
core   0: 0x000000008000fed8 (0xfe043703) ld      a4, -32(s0)
core   0: 3 0x000000008000fed8 (0xfe043703) x14 0x00000000800120ce mem 0x0000000080031f50
core   0: 0x000000008000fedc (0xfcf76de3) bltu    a4, a5, pc - 38
core   0: 3 0x000000008000fedc (0xfcf76de3)
core   0: 0x000000008000feb6 (0xfe043783) ld      a5, -32(s0)
core   0: 3 0x000000008000feb6 (0xfe043783) x15 0x00000000800120ce mem 0x0000000080031f50
core   0: 0x000000008000feba (0x00178713) addi    a4, a5, 1
core   0: 3 0x000000008000feba (0x00178713) x14 0x00000000800120cf
core   0: 0x000000008000febe (0xfee43023) sd      a4, -32(s0)
core   0: 3 0x000000008000febe (0xfee43023) mem 0x0000000080031f50 0x00000000800120cf
core   0: 0x000000008000fec2 (0xfc442703) lw      a4, -60(s0)
core   0: 3 0x000000008000fec2 (0xfc442703) x14 0x0000000000000000 mem 0x0000000080031f34
core   0: 0x000000008000fec6 (0x0ff77713) andi    a4, a4, 255
core   0: 3 0x000000008000fec6 (0x0ff77713) x14 0x0000000000000000
core   0: 0x000000008000feca (0x00e78023) sb      a4, 0(a5)
core   0: 3 0x000000008000feca (0x00e78023) mem 0x00000000800120ce 0x00
core   0: 0x000000008000fece (0xfc843703) ld      a4, -56(s0)
core   0: 3 0x000000008000fece (0xfc843703) x14 0x0000000080012040 mem 0x0000000080031f38
core   0: 0x000000008000fed2 (0xfb843783) ld      a5, -72(s0)
core   0: 3 0x000000008000fed2 (0xfb843783) x15 0x000000000000009c mem 0x0000000080031f28
core   0: 0x000000008000fed6 (0x000097ba) c.add   a5, a4
core   0: 3 0x000000008000fed6 (0x97ba) x15 0x00000000800120dc
core   0: 0x000000008000fed8 (0xfe043703) ld      a4, -32(s0)
core   0: 3 0x000000008000fed8 (0xfe043703) x14 0x00000000800120cf mem 0x0000000080031f50
core   0: 0x000000008000fedc (0xfcf76de3) bltu    a4, a5, pc - 38
core   0: 3 0x000000008000fedc (0xfcf76de3)
core   0: 0x000000008000feb6 (0xfe043783) ld      a5, -32(s0)
core   0: 3 0x000000008000feb6 (0xfe043783) x15 0x00000000800120cf mem 0x0000000080031f50
core   0: 0x000000008000feba (0x00178713) addi    a4, a5, 1
core   0: 3 0x000000008000feba (0x00178713) x14 0x00000000800120d0
core   0: 0x000000008000febe (0xfee43023) sd      a4, -32(s0)
core   0: 3 0x000000008000febe (0xfee43023) mem 0x0000000080031f50 0x00000000800120d0
core   0: 0x000000008000fec2 (0xfc442703) lw      a4, -60(s0)
core   0: 3 0x000000008000fec2 (0xfc442703) x14 0x0000000000000000 mem 0x0000000080031f34
core   0: 0x000000008000fec6 (0x0ff77713) andi    a4, a4, 255
core   0: 3 0x000000008000fec6 (0x0ff77713) x14 0x0000000000000000
core   0: 0x000000008000feca (0x00e78023) sb      a4, 0(a5)
core   0: 3 0x000000008000feca (0x00e78023) mem 0x00000000800120cf 0x00
core   0: 0x000000008000fece (0xfc843703) ld      a4, -56(s0)
core   0: 3 0x000000008000fece (0xfc843703) x14 0x0000000080012040 mem 0x0000000080031f38
core   0: 0x000000008000fed2 (0xfb843783) ld      a5, -72(s0)
core   0: 3 0x000000008000fed2 (0xfb843783) x15 0x000000000000009c mem 0x0000000080031f28
core   0: 0x000000008000fed6 (0x000097ba) c.add   a5, a4
core   0: 3 0x000000008000fed6 (0x97ba) x15 0x00000000800120dc
core   0: 0x000000008000fed8 (0xfe043703) ld      a4, -32(s0)
core   0: 3 0x000000008000fed8 (0xfe043703) x14 0x00000000800120d0 mem 0x0000000080031f50
core   0: 0x000000008000fedc (0xfcf76de3) bltu    a4, a5, pc - 38
core   0: 3 0x000000008000fedc (0xfcf76de3)
core   0: 0x000000008000feb6 (0xfe043783) ld      a5, -32(s0)
core   0: 3 0x000000008000feb6 (0xfe043783) x15 0x00000000800120d0 mem 0x0000000080031f50
core   0: 0x000000008000feba (0x00178713) addi    a4, a5, 1
core   0: 3 0x000000008000feba (0x00178713) x14 0x00000000800120d1
core   0: 0x000000008000febe (0xfee43023) sd      a4, -32(s0)
core   0: 3 0x000000008000febe (0xfee43023) mem 0x0000000080031f50 0x00000000800120d1
core   0: 0x000000008000fec2 (0xfc442703) lw      a4, -60(s0)
core   0: 3 0x000000008000fec2 (0xfc442703) x14 0x0000000000000000 mem 0x0000000080031f34
core   0: 0x000000008000fec6 (0x0ff77713) andi    a4, a4, 255
core   0: 3 0x000000008000fec6 (0x0ff77713) x14 0x0000000000000000
core   0: 0x000000008000feca (0x00e78023) sb      a4, 0(a5)
core   0: 3 0x000000008000feca (0x00e78023) mem 0x00000000800120d0 0x00
core   0: 0x000000008000fece (0xfc843703) ld      a4, -56(s0)
core   0: 3 0x000000008000fece (0xfc843703) x14 0x0000000080012040 mem 0x0000000080031f38
core   0: 0x000000008000fed2 (0xfb843783) ld      a5, -72(s0)
core   0: 3 0x000000008000fed2 (0xfb843783) x15 0x000000000000009c mem 0x0000000080031f28
core   0: 0x000000008000fed6 (0x000097ba) c.add   a5, a4
core   0: 3 0x000000008000fed6 (0x97ba) x15 0x00000000800120dc
core   0: 0x000000008000fed8 (0xfe043703) ld      a4, -32(s0)
core   0: 3 0x000000008000fed8 (0xfe043703) x14 0x00000000800120d1 mem 0x0000000080031f50
core   0: 0x000000008000fedc (0xfcf76de3) bltu    a4, a5, pc - 38
core   0: 3 0x000000008000fedc (0xfcf76de3)
core   0: 0x000000008000feb6 (0xfe043783) ld      a5, -32(s0)
core   0: 3 0x000000008000feb6 (0xfe043783) x15 0x00000000800120d1 mem 0x0000000080031f50
core   0: 0x000000008000feba (0x00178713) addi    a4, a5, 1
core   0: 3 0x000000008000feba (0x00178713) x14 0x00000000800120d2
core   0: 0x000000008000febe (0xfee43023) sd      a4, -32(s0)
core   0: 3 0x000000008000febe (0xfee43023) mem 0x0000000080031f50 0x00000000800120d2
core   0: 0x000000008000fec2 (0xfc442703) lw      a4, -60(s0)
core   0: 3 0x000000008000fec2 (0xfc442703) x14 0x0000000000000000 mem 0x0000000080031f34
core   0: 0x000000008000fec6 (0x0ff77713) andi    a4, a4, 255
core   0: 3 0x000000008000fec6 (0x0ff77713) x14 0x0000000000000000
core   0: 0x000000008000feca (0x00e78023) sb      a4, 0(a5)
core   0: 3 0x000000008000feca (0x00e78023) mem 0x00000000800120d1 0x00
core   0: 0x000000008000fece (0xfc843703) ld      a4, -56(s0)
core   0: 3 0x000000008000fece (0xfc843703) x14 0x0000000080012040 mem 0x0000000080031f38
core   0: 0x000000008000fed2 (0xfb843783) ld      a5, -72(s0)
core   0: 3 0x000000008000fed2 (0xfb843783) x15 0x000000000000009c mem 0x0000000080031f28
core   0: 0x000000008000fed6 (0x000097ba) c.add   a5, a4
core   0: 3 0x000000008000fed6 (0x97ba) x15 0x00000000800120dc
core   0: 0x000000008000fed8 (0xfe043703) ld      a4, -32(s0)
core   0: 3 0x000000008000fed8 (0xfe043703) x14 0x00000000800120d2 mem 0x0000000080031f50
core   0: 0x000000008000fedc (0xfcf76de3) bltu    a4, a5, pc - 38
core   0: 3 0x000000008000fedc (0xfcf76de3)
core   0: 0x000000008000feb6 (0xfe043783) ld      a5, -32(s0)
core   0: 3 0x000000008000feb6 (0xfe043783) x15 0x00000000800120d2 mem 0x0000000080031f50
core   0: 0x000000008000feba (0x00178713) addi    a4, a5, 1
core   0: 3 0x000000008000feba (0x00178713) x14 0x00000000800120d3
core   0: 0x000000008000febe (0xfee43023) sd      a4, -32(s0)
core   0: 3 0x000000008000febe (0xfee43023) mem 0x0000000080031f50 0x00000000800120d3
core   0: 0x000000008000fec2 (0xfc442703) lw      a4, -60(s0)
core   0: 3 0x000000008000fec2 (0xfc442703) x14 0x0000000000000000 mem 0x0000000080031f34
core   0: 0x000000008000fec6 (0x0ff77713) andi    a4, a4, 255
core   0: 3 0x000000008000fec6 (0x0ff77713) x14 0x0000000000000000
core   0: 0x000000008000feca (0x00e78023) sb      a4, 0(a5)
core   0: 3 0x000000008000feca (0x00e78023) mem 0x00000000800120d2 0x00
core   0: 0x000000008000fece (0xfc843703) ld      a4, -56(s0)
core   0: 3 0x000000008000fece (0xfc843703) x14 0x0000000080012040 mem 0x0000000080031f38
core   0: 0x000000008000fed2 (0xfb843783) ld      a5, -72(s0)
core   0: 3 0x000000008000fed2 (0xfb843783) x15 0x000000000000009c mem 0x0000000080031f28
core   0: 0x000000008000fed6 (0x000097ba) c.add   a5, a4
core   0: 3 0x000000008000fed6 (0x97ba) x15 0x00000000800120dc
core   0: 0x000000008000fed8 (0xfe043703) ld      a4, -32(s0)
core   0: 3 0x000000008000fed8 (0xfe043703) x14 0x00000000800120d3 mem 0x0000000080031f50
core   0: 0x000000008000fedc (0xfcf76de3) bltu    a4, a5, pc - 38
core   0: 3 0x000000008000fedc (0xfcf76de3)
core   0: 0x000000008000feb6 (0xfe043783) ld      a5, -32(s0)
core   0: 3 0x000000008000feb6 (0xfe043783) x15 0x00000000800120d3 mem 0x0000000080031f50
core   0: 0x000000008000feba (0x00178713) addi    a4, a5, 1
core   0: 3 0x000000008000feba (0x00178713) x14 0x00000000800120d4
core   0: 0x000000008000febe (0xfee43023) sd      a4, -32(s0)
core   0: 3 0x000000008000febe (0xfee43023) mem 0x0000000080031f50 0x00000000800120d4
core   0: 0x000000008000fec2 (0xfc442703) lw      a4, -60(s0)
core   0: 3 0x000000008000fec2 (0xfc442703) x14 0x0000000000000000 mem 0x0000000080031f34
core   0: 0x000000008000fec6 (0x0ff77713) andi    a4, a4, 255
core   0: 3 0x000000008000fec6 (0x0ff77713) x14 0x0000000000000000
core   0: 0x000000008000feca (0x00e78023) sb      a4, 0(a5)
core   0: 3 0x000000008000feca (0x00e78023) mem 0x00000000800120d3 0x00
core   0: 0x000000008000fece (0xfc843703) ld      a4, -56(s0)
core   0: 3 0x000000008000fece (0xfc843703) x14 0x0000000080012040 mem 0x0000000080031f38
core   0: 0x000000008000fed2 (0xfb843783) ld      a5, -72(s0)
core   0: 3 0x000000008000fed2 (0xfb843783) x15 0x000000000000009c mem 0x0000000080031f28
core   0: 0x000000008000fed6 (0x000097ba) c.add   a5, a4
core   0: 3 0x000000008000fed6 (0x97ba) x15 0x00000000800120dc
core   0: 0x000000008000fed8 (0xfe043703) ld      a4, -32(s0)
core   0: 3 0x000000008000fed8 (0xfe043703) x14 0x00000000800120d4 mem 0x0000000080031f50
core   0: 0x000000008000fedc (0xfcf76de3) bltu    a4, a5, pc - 38
core   0: 3 0x000000008000fedc (0xfcf76de3)
core   0: 0x000000008000feb6 (0xfe043783) ld      a5, -32(s0)
core   0: 3 0x000000008000feb6 (0xfe043783) x15 0x00000000800120d4 mem 0x0000000080031f50
core   0: 0x000000008000feba (0x00178713) addi    a4, a5, 1
core   0: 3 0x000000008000feba (0x00178713) x14 0x00000000800120d5
core   0: 0x000000008000febe (0xfee43023) sd      a4, -32(s0)
core   0: 3 0x000000008000febe (0xfee43023) mem 0x0000000080031f50 0x00000000800120d5
core   0: 0x000000008000fec2 (0xfc442703) lw      a4, -60(s0)
core   0: 3 0x000000008000fec2 (0xfc442703) x14 0x0000000000000000 mem 0x0000000080031f34
core   0: 0x000000008000fec6 (0x0ff77713) andi    a4, a4, 255
core   0: 3 0x000000008000fec6 (0x0ff77713) x14 0x0000000000000000
core   0: 0x000000008000feca (0x00e78023) sb      a4, 0(a5)
core   0: 3 0x000000008000feca (0x00e78023) mem 0x00000000800120d4 0x00
core   0: 0x000000008000fece (0xfc843703) ld      a4, -56(s0)
core   0: 3 0x000000008000fece (0xfc843703) x14 0x0000000080012040 mem 0x0000000080031f38
core   0: 0x000000008000fed2 (0xfb843783) ld      a5, -72(s0)
core   0: 3 0x000000008000fed2 (0xfb843783) x15 0x000000000000009c mem 0x0000000080031f28
core   0: 0x000000008000fed6 (0x000097ba) c.add   a5, a4
core   0: 3 0x000000008000fed6 (0x97ba) x15 0x00000000800120dc
core   0: 0x000000008000fed8 (0xfe043703) ld      a4, -32(s0)
core   0: 3 0x000000008000fed8 (0xfe043703) x14 0x00000000800120d5 mem 0x0000000080031f50
core   0: 0x000000008000fedc (0xfcf76de3) bltu    a4, a5, pc - 38
core   0: 3 0x000000008000fedc (0xfcf76de3)
core   0: 0x000000008000feb6 (0xfe043783) ld      a5, -32(s0)
core   0: 3 0x000000008000feb6 (0xfe043783) x15 0x00000000800120d5 mem 0x0000000080031f50
core   0: 0x000000008000feba (0x00178713) addi    a4, a5, 1
core   0: 3 0x000000008000feba (0x00178713) x14 0x00000000800120d6
core   0: 0x000000008000febe (0xfee43023) sd      a4, -32(s0)
core   0: 3 0x000000008000febe (0xfee43023) mem 0x0000000080031f50 0x00000000800120d6
core   0: 0x000000008000fec2 (0xfc442703) lw      a4, -60(s0)
core   0: 3 0x000000008000fec2 (0xfc442703) x14 0x0000000000000000 mem 0x0000000080031f34
core   0: 0x000000008000fec6 (0x0ff77713) andi    a4, a4, 255
core   0: 3 0x000000008000fec6 (0x0ff77713) x14 0x0000000000000000
core   0: 0x000000008000feca (0x00e78023) sb      a4, 0(a5)
core   0: 3 0x000000008000feca (0x00e78023) mem 0x00000000800120d5 0x00
core   0: 0x000000008000fece (0xfc843703) ld      a4, -56(s0)
core   0: 3 0x000000008000fece (0xfc843703) x14 0x0000000080012040 mem 0x0000000080031f38
core   0: 0x000000008000fed2 (0xfb843783) ld      a5, -72(s0)
core   0: 3 0x000000008000fed2 (0xfb843783) x15 0x000000000000009c mem 0x0000000080031f28
core   0: 0x000000008000fed6 (0x000097ba) c.add   a5, a4
core   0: 3 0x000000008000fed6 (0x97ba) x15 0x00000000800120dc
core   0: 0x000000008000fed8 (0xfe043703) ld      a4, -32(s0)
core   0: 3 0x000000008000fed8 (0xfe043703) x14 0x00000000800120d6 mem 0x0000000080031f50
core   0: 0x000000008000fedc (0xfcf76de3) bltu    a4, a5, pc - 38
core   0: 3 0x000000008000fedc (0xfcf76de3)
core   0: 0x000000008000feb6 (0xfe043783) ld      a5, -32(s0)
core   0: 3 0x000000008000feb6 (0xfe043783) x15 0x00000000800120d6 mem 0x0000000080031f50
core   0: 0x000000008000feba (0x00178713) addi    a4, a5, 1
core   0: 3 0x000000008000feba (0x00178713) x14 0x00000000800120d7
core   0: 0x000000008000febe (0xfee43023) sd      a4, -32(s0)
core   0: 3 0x000000008000febe (0xfee43023) mem 0x0000000080031f50 0x00000000800120d7
core   0: 0x000000008000fec2 (0xfc442703) lw      a4, -60(s0)
core   0: 3 0x000000008000fec2 (0xfc442703) x14 0x0000000000000000 mem 0x0000000080031f34
core   0: 0x000000008000fec6 (0x0ff77713) andi    a4, a4, 255
core   0: 3 0x000000008000fec6 (0x0ff77713) x14 0x0000000000000000
core   0: 0x000000008000feca (0x00e78023) sb      a4, 0(a5)
core   0: 3 0x000000008000feca (0x00e78023) mem 0x00000000800120d6 0x00
core   0: 0x000000008000fece (0xfc843703) ld      a4, -56(s0)
core   0: 3 0x000000008000fece (0xfc843703) x14 0x0000000080012040 mem 0x0000000080031f38
core   0: 0x000000008000fed2 (0xfb843783) ld      a5, -72(s0)
core   0: 3 0x000000008000fed2 (0xfb843783) x15 0x000000000000009c mem 0x0000000080031f28
core   0: 0x000000008000fed6 (0x000097ba) c.add   a5, a4
core   0: 3 0x000000008000fed6 (0x97ba) x15 0x00000000800120dc
core   0: 0x000000008000fed8 (0xfe043703) ld      a4, -32(s0)
core   0: 3 0x000000008000fed8 (0xfe043703) x14 0x00000000800120d7 mem 0x0000000080031f50
core   0: 0x000000008000fedc (0xfcf76de3) bltu    a4, a5, pc - 38
core   0: 3 0x000000008000fedc (0xfcf76de3)
core   0: 0x000000008000feb6 (0xfe043783) ld      a5, -32(s0)
core   0: 3 0x000000008000feb6 (0xfe043783) x15 0x00000000800120d7 mem 0x0000000080031f50
core   0: 0x000000008000feba (0x00178713) addi    a4, a5, 1
core   0: 3 0x000000008000feba (0x00178713) x14 0x00000000800120d8
core   0: 0x000000008000febe (0xfee43023) sd      a4, -32(s0)
core   0: 3 0x000000008000febe (0xfee43023) mem 0x0000000080031f50 0x00000000800120d8
core   0: 0x000000008000fec2 (0xfc442703) lw      a4, -60(s0)
core   0: 3 0x000000008000fec2 (0xfc442703) x14 0x0000000000000000 mem 0x0000000080031f34
core   0: 0x000000008000fec6 (0x0ff77713) andi    a4, a4, 255
core   0: 3 0x000000008000fec6 (0x0ff77713) x14 0x0000000000000000
core   0: 0x000000008000feca (0x00e78023) sb      a4, 0(a5)
core   0: 3 0x000000008000feca (0x00e78023) mem 0x00000000800120d7 0x00
core   0: 0x000000008000fece (0xfc843703) ld      a4, -56(s0)
core   0: 3 0x000000008000fece (0xfc843703) x14 0x0000000080012040 mem 0x0000000080031f38
core   0: 0x000000008000fed2 (0xfb843783) ld      a5, -72(s0)
core   0: 3 0x000000008000fed2 (0xfb843783) x15 0x000000000000009c mem 0x0000000080031f28
core   0: 0x000000008000fed6 (0x000097ba) c.add   a5, a4
core   0: 3 0x000000008000fed6 (0x97ba) x15 0x00000000800120dc
core   0: 0x000000008000fed8 (0xfe043703) ld      a4, -32(s0)
core   0: 3 0x000000008000fed8 (0xfe043703) x14 0x00000000800120d8 mem 0x0000000080031f50
core   0: 0x000000008000fedc (0xfcf76de3) bltu    a4, a5, pc - 38
core   0: 3 0x000000008000fedc (0xfcf76de3)
core   0: 0x000000008000feb6 (0xfe043783) ld      a5, -32(s0)
core   0: 3 0x000000008000feb6 (0xfe043783) x15 0x00000000800120d8 mem 0x0000000080031f50
core   0: 0x000000008000feba (0x00178713) addi    a4, a5, 1
core   0: 3 0x000000008000feba (0x00178713) x14 0x00000000800120d9
core   0: 0x000000008000febe (0xfee43023) sd      a4, -32(s0)
core   0: 3 0x000000008000febe (0xfee43023) mem 0x0000000080031f50 0x00000000800120d9
core   0: 0x000000008000fec2 (0xfc442703) lw      a4, -60(s0)
core   0: 3 0x000000008000fec2 (0xfc442703) x14 0x0000000000000000 mem 0x0000000080031f34
core   0: 0x000000008000fec6 (0x0ff77713) andi    a4, a4, 255
core   0: 3 0x000000008000fec6 (0x0ff77713) x14 0x0000000000000000
core   0: 0x000000008000feca (0x00e78023) sb      a4, 0(a5)
core   0: 3 0x000000008000feca (0x00e78023) mem 0x00000000800120d8 0x00
core   0: 0x000000008000fece (0xfc843703) ld      a4, -56(s0)
core   0: 3 0x000000008000fece (0xfc843703) x14 0x0000000080012040 mem 0x0000000080031f38
core   0: 0x000000008000fed2 (0xfb843783) ld      a5, -72(s0)
core   0: 3 0x000000008000fed2 (0xfb843783) x15 0x000000000000009c mem 0x0000000080031f28
core   0: 0x000000008000fed6 (0x000097ba) c.add   a5, a4
core   0: 3 0x000000008000fed6 (0x97ba) x15 0x00000000800120dc
core   0: 0x000000008000fed8 (0xfe043703) ld      a4, -32(s0)
core   0: 3 0x000000008000fed8 (0xfe043703) x14 0x00000000800120d9 mem 0x0000000080031f50
core   0: 0x000000008000fedc (0xfcf76de3) bltu    a4, a5, pc - 38
core   0: 3 0x000000008000fedc (0xfcf76de3)
core   0: 0x000000008000feb6 (0xfe043783) ld      a5, -32(s0)
core   0: 3 0x000000008000feb6 (0xfe043783) x15 0x00000000800120d9 mem 0x0000000080031f50
core   0: 0x000000008000feba (0x00178713) addi    a4, a5, 1
core   0: 3 0x000000008000feba (0x00178713) x14 0x00000000800120da
core   0: 0x000000008000febe (0xfee43023) sd      a4, -32(s0)
core   0: 3 0x000000008000febe (0xfee43023) mem 0x0000000080031f50 0x00000000800120da
core   0: 0x000000008000fec2 (0xfc442703) lw      a4, -60(s0)
core   0: 3 0x000000008000fec2 (0xfc442703) x14 0x0000000000000000 mem 0x0000000080031f34
core   0: 0x000000008000fec6 (0x0ff77713) andi    a4, a4, 255
core   0: 3 0x000000008000fec6 (0x0ff77713) x14 0x0000000000000000
core   0: 0x000000008000feca (0x00e78023) sb      a4, 0(a5)
core   0: 3 0x000000008000feca (0x00e78023) mem 0x00000000800120d9 0x00
core   0: 0x000000008000fece (0xfc843703) ld      a4, -56(s0)
core   0: 3 0x000000008000fece (0xfc843703) x14 0x0000000080012040 mem 0x0000000080031f38
core   0: 0x000000008000fed2 (0xfb843783) ld      a5, -72(s0)
core   0: 3 0x000000008000fed2 (0xfb843783) x15 0x000000000000009c mem 0x0000000080031f28
core   0: 0x000000008000fed6 (0x000097ba) c.add   a5, a4
core   0: 3 0x000000008000fed6 (0x97ba) x15 0x00000000800120dc
core   0: 0x000000008000fed8 (0xfe043703) ld      a4, -32(s0)
core   0: 3 0x000000008000fed8 (0xfe043703) x14 0x00000000800120da mem 0x0000000080031f50
core   0: 0x000000008000fedc (0xfcf76de3) bltu    a4, a5, pc - 38
core   0: 3 0x000000008000fedc (0xfcf76de3)
core   0: 0x000000008000feb6 (0xfe043783) ld      a5, -32(s0)
core   0: 3 0x000000008000feb6 (0xfe043783) x15 0x00000000800120da mem 0x0000000080031f50
core   0: 0x000000008000feba (0x00178713) addi    a4, a5, 1
core   0: 3 0x000000008000feba (0x00178713) x14 0x00000000800120db
core   0: 0x000000008000febe (0xfee43023) sd      a4, -32(s0)
core   0: 3 0x000000008000febe (0xfee43023) mem 0x0000000080031f50 0x00000000800120db
core   0: 0x000000008000fec2 (0xfc442703) lw      a4, -60(s0)
core   0: 3 0x000000008000fec2 (0xfc442703) x14 0x0000000000000000 mem 0x0000000080031f34
core   0: 0x000000008000fec6 (0x0ff77713) andi    a4, a4, 255
core   0: 3 0x000000008000fec6 (0x0ff77713) x14 0x0000000000000000
core   0: 0x000000008000feca (0x00e78023) sb      a4, 0(a5)
core   0: 3 0x000000008000feca (0x00e78023) mem 0x00000000800120da 0x00
core   0: 0x000000008000fece (0xfc843703) ld      a4, -56(s0)
core   0: 3 0x000000008000fece (0xfc843703) x14 0x0000000080012040 mem 0x0000000080031f38
core   0: 0x000000008000fed2 (0xfb843783) ld      a5, -72(s0)
core   0: 3 0x000000008000fed2 (0xfb843783) x15 0x000000000000009c mem 0x0000000080031f28
core   0: 0x000000008000fed6 (0x000097ba) c.add   a5, a4
core   0: 3 0x000000008000fed6 (0x97ba) x15 0x00000000800120dc
core   0: 0x000000008000fed8 (0xfe043703) ld      a4, -32(s0)
core   0: 3 0x000000008000fed8 (0xfe043703) x14 0x00000000800120db mem 0x0000000080031f50
core   0: 0x000000008000fedc (0xfcf76de3) bltu    a4, a5, pc - 38
core   0: 3 0x000000008000fedc (0xfcf76de3)
core   0: 0x000000008000feb6 (0xfe043783) ld      a5, -32(s0)
core   0: 3 0x000000008000feb6 (0xfe043783) x15 0x00000000800120db mem 0x0000000080031f50
core   0: 0x000000008000feba (0x00178713) addi    a4, a5, 1
core   0: 3 0x000000008000feba (0x00178713) x14 0x00000000800120dc
core   0: 0x000000008000febe (0xfee43023) sd      a4, -32(s0)
core   0: 3 0x000000008000febe (0xfee43023) mem 0x0000000080031f50 0x00000000800120dc
core   0: 0x000000008000fec2 (0xfc442703) lw      a4, -60(s0)
core   0: 3 0x000000008000fec2 (0xfc442703) x14 0x0000000000000000 mem 0x0000000080031f34
core   0: 0x000000008000fec6 (0x0ff77713) andi    a4, a4, 255
core   0: 3 0x000000008000fec6 (0x0ff77713) x14 0x0000000000000000
core   0: 0x000000008000feca (0x00e78023) sb      a4, 0(a5)
core   0: 3 0x000000008000feca (0x00e78023) mem 0x00000000800120db 0x00
core   0: 0x000000008000fece (0xfc843703) ld      a4, -56(s0)
core   0: 3 0x000000008000fece (0xfc843703) x14 0x0000000080012040 mem 0x0000000080031f38
core   0: 0x000000008000fed2 (0xfb843783) ld      a5, -72(s0)
core   0: 3 0x000000008000fed2 (0xfb843783) x15 0x000000000000009c mem 0x0000000080031f28
core   0: 0x000000008000fed6 (0x000097ba) c.add   a5, a4
core   0: 3 0x000000008000fed6 (0x97ba) x15 0x00000000800120dc
core   0: 0x000000008000fed8 (0xfe043703) ld      a4, -32(s0)
core   0: 3 0x000000008000fed8 (0xfe043703) x14 0x00000000800120dc mem 0x0000000080031f50
core   0: 0x000000008000fedc (0xfcf76de3) bltu    a4, a5, pc - 38
core   0: 3 0x000000008000fedc (0xfcf76de3)
core   0: 0x000000008000fee0 (0xfc843783) ld      a5, -56(s0)
core   0: 3 0x000000008000fee0 (0xfc843783) x15 0x0000000080012040 mem 0x0000000080031f38
core   0: 0x000000008000fee4 (0x0000853e) c.mv    a0, a5
core   0: 3 0x000000008000fee4 (0x853e) x10 0x0000000080012040
core   0: 0x000000008000fee6 (0x00006426) c.ldsp  s0, 72(sp)
core   0: 3 0x000000008000fee6 (0x6426) x8  0x0000000080031f90 mem 0x0000000080031f68
core   0: 0x000000008000fee8 (0x00006161) c.addi16sp sp, 80
core   0: 3 0x000000008000fee8 (0x6161) x2  0x0000000080031f70
core   0: 0x000000008000feea (0x00008082) ret
core   0: 3 0x000000008000feea (0x8082)
core   0: 0x000000008000f49e (0x00000001) c.nop
core   0: 3 0x000000008000f49e (0x0001)
core   0: 0x000000008000f4a0 (0x000060e2) c.ldsp  ra, 24(sp)
core   0: 3 0x000000008000f4a0 (0x60e2) x1  0x000000008000f4de mem 0x0000000080031f88
core   0: 0x000000008000f4a2 (0x00006442) c.ldsp  s0, 16(sp)
core   0: 3 0x000000008000f4a2 (0x6442) x8  0x0000000080032040 mem 0x0000000080031f80
core   0: 0x000000008000f4a4 (0x00006105) c.addi16sp sp, 32
core   0: 3 0x000000008000f4a4 (0x6105) x2  0x0000000080031f90
core   0: 0x000000008000f4a6 (0x00008082) ret
core   0: 3 0x000000008000f4a6 (0x8082)
core   0: 0x000000008000f4de (0xf5842703) lw      a4, -168(s0)
core   0: 3 0x000000008000f4de (0xf5842703) x14 0x0000000000000001 mem 0x0000000080031f98
core   0: 0x000000008000f4e2 (0xf5c42783) lw      a5, -164(s0)
core   0: 3 0x000000008000f4e2 (0xf5c42783) x15 0x0000000000000000 mem 0x0000000080031f9c
core   0: 0x000000008000f4e6 (0x000085ba) c.mv    a1, a4
core   0: 3 0x000000008000f4e6 (0x85ba) x11 0x0000000000000001
core   0: 0x000000008000f4e8 (0x0000853e) c.mv    a0, a5
core   0: 3 0x000000008000f4e8 (0x853e) x10 0x0000000000000000
core   0: 0x000000008000f4ea (0xf03ff0ef) jal     pc - 0xfe
core   0: 3 0x000000008000f4ea (0xf03ff0ef) x1  0x000000008000f4ee
core   0: >>>>  thread_entry
core   0: 0x000000008000f3ec (0x00001101) c.addi  sp, -32
core   0: 3 0x000000008000f3ec (0x1101) x2  0x0000000080031f70
core   0: 0x000000008000f3ee (0x0000ec22) c.sdsp  s0, 24(sp)
core   0: 3 0x000000008000f3ee (0xec22) mem 0x0000000080031f88 0x0000000080032040
core   0: 0x000000008000f3f0 (0x00001000) c.addi4spn s0, sp, 32
core   0: 3 0x000000008000f3f0 (0x1000) x8  0x0000000080031f90
core   0: 0x000000008000f3f2 (0x000087aa) c.mv    a5, a0
core   0: 3 0x000000008000f3f2 (0x87aa) x15 0x0000000000000000
core   0: 0x000000008000f3f4 (0x0000872e) c.mv    a4, a1
core   0: 3 0x000000008000f3f4 (0x872e) x14 0x0000000000000001
core   0: 0x000000008000f3f6 (0xfef42623) sw      a5, -20(s0)
core   0: 3 0x000000008000f3f6 (0xfef42623) mem 0x0000000080031f7c 0x00000000
core   0: 0x000000008000f3fa (0x000087ba) c.mv    a5, a4
core   0: 3 0x000000008000f3fa (0x87ba) x15 0x0000000000000001
core   0: 0x000000008000f3fc (0xfef42423) sw      a5, -24(s0)
core   0: 3 0x000000008000f3fc (0xfef42423) mem 0x0000000080031f78 0x00000001
core   0: 0x000000008000f400 (0x00000001) c.nop
core   0: 3 0x000000008000f400 (0x0001)
core   0: 0x000000008000f402 (0xfec42783) lw      a5, -20(s0)
core   0: 3 0x000000008000f402 (0xfec42783) x15 0x0000000000000000 mem 0x0000000080031f7c
core   0: 0x000000008000f406 (0x00002781) c.addiw a5, 0
core   0: 3 0x000000008000f406 (0x2781) x15 0x0000000000000000
core   0: 0x000000008000f408 (0x0000ffed) c.bnez  a5, pc - 6
core   0: 3 0x000000008000f408 (0xffed)
core   0: 0x000000008000f40a (0x00000001) c.nop
core   0: 3 0x000000008000f40a (0x0001)
core   0: 0x000000008000f40c (0x00000001) c.nop
core   0: 3 0x000000008000f40c (0x0001)
core   0: 0x000000008000f40e (0x00006462) c.ldsp  s0, 24(sp)
core   0: 3 0x000000008000f40e (0x6462) x8  0x0000000080032040 mem 0x0000000080031f88
core   0: 0x000000008000f410 (0x00006105) c.addi16sp sp, 32
core   0: 3 0x000000008000f410 (0x6105) x2  0x0000000080031f90
core   0: 0x000000008000f412 (0x00008082) ret
core   0: 3 0x000000008000f412 (0x8082)
core   0: 0x000000008000f4ee (0x00004581) c.li    a1, 0
core   0: 3 0x000000008000f4ee (0x4581) x11 0x0000000000000000
core   0: 0x000000008000f4f0 (0x00004501) c.li    a0, 0
core   0: 3 0x000000008000f4f0 (0x4501) x10 0x0000000000000000
core   0: 0x000000008000f4f2 (0xb0ff20ef) jal     pc - 0xd4f2
core   0: 3 0x000000008000f4f2 (0xb0ff20ef) x1  0x000000008000f4f6
core   0: >>>>  main
core   0: 0x0000000080002000 (0x00000001) c.nop
core   0: 3 0x0000000080002000 (0x0001)
core   0: >>>>  trap_vec_init
core   0: 0x0000000080002002 (0x00002797) auipc   a5, 0x2
core   0: 3 0x0000000080002002 (0x00002797) x15 0x0000000080004002
core   0: 0x0000000080002006 (0xffe78793) addi    a5, a5, -2
core   0: 3 0x0000000080002006 (0xffe78793) x15 0x0000000080004000
core   0: 0x000000008000200a (0x30579073) csrrw   zero, mtvec, a5
core   0: 3 0x000000008000200a (0x30579073) c773_mtvec 0x0000000080004000
core   0: >>>>  pmp_setup
core   0: 0x000000008000200e (0x00002c17) auipc   s8, 0x2
core   0: 3 0x000000008000200e (0x00002c17) x24 0x000000008000400e
core   0: 0x0000000080002012 (0x022c0c13) addi    s8, s8, 34
core   0: 3 0x0000000080002012 (0x022c0c13) x24 0x0000000080004030
core   0: 0x0000000080002016 (0x00004781) c.li    a5, 0
core   0: 3 0x0000000080002016 (0x4781) x15 0x0000000000000000
core   0: 0x0000000080002018 (0x00009c3e) c.add   s8, a5
core   0: 3 0x0000000080002018 (0x9c3e) x24 0x0000000080004030
core   0: 0x000000008000201a (0x3b0c1073) csrrw   zero, pmpaddr0, s8
core   0: 3 0x000000008000201a (0x3b0c1073) c944_pmpaddr0 0x0000000080004030
core   0: 0x000000008000201e (0x00004c3d) c.li    s8, 15
core   0: 3 0x000000008000201e (0x4c3d) x24 0x000000000000000f
core   0: 0x0000000080002020 (0x3a0c1073) csrrw   zero, pmpcfg0, s8
core   0: 3 0x0000000080002020 (0x3a0c1073) c928_pmpcfg0 0x000000000000000f
core   0: 0x0000000080002024 (0x12000073) sfence.vma zero, zero
core   0: 3 0x0000000080002024 (0x12000073)
core   0: >>>>  mepc_setup
core   0: 0x0000000080002028 (0x00002797) auipc   a5, 0x2
core   0: 3 0x0000000080002028 (0x00002797) x15 0x0000000080004028
core   0: 0x000000008000202c (0x00878793) addi    a5, a5, 8
core   0: 3 0x000000008000202c (0x00878793) x15 0x0000000080004030
core   0: 0x0000000080002030 (0x34179073) csrrw   zero, mepc, a5
core   0: 3 0x0000000080002030 (0x34179073) c833_mepc 0x0000000080004030
core   0: >>>>  custom_csr_setup
core   0: 0x0000000080002034 (0x00100f9b) addiw   t6, zero, 1
core   0: 3 0x0000000080002034 (0x00100f9b) x31 0x0000000000000001
core   0: 0x0000000080002038 (0x00000ffe) c.slli  t6, 31
core   0: 3 0x0000000080002038 (0x0ffe) x31 0x0000000080000000
core   0: 0x000000008000203a (0x00000001) c.nop
core   0: 3 0x000000008000203a (0x0001)
core   0: >>>>  init_s_mode
core   0: 0x000000008000203c (0xfff0079b) addiw   a5, zero, -1
core   0: 3 0x000000008000203c (0xfff0079b) x15 0xffffffffffffffff
core   0: 0x0000000080002040 (0x000017fe) c.slli  a5, 63
core   0: 3 0x0000000080002040 (0x17fe) x15 0x8000000000000000
core   0: 0x0000000080002042 (0x18079073) csrrw   zero, satp, a5
core   0: 3 0x0000000080002042 (0x18079073) c384_satp 0x8000000000000000
core   0: 0x0000000080002046 (0x0000f797) auipc   a5, 0xf
core   0: 3 0x0000000080002046 (0x0000f797) x15 0x0000000080011046
core   0: 0x000000008000204a (0xfba78793) addi    a5, a5, -70
core   0: 3 0x000000008000204a (0xfba78793) x15 0x0000000080011000
core   0: 0x000000008000204e (0x000083b1) c.srli  a5, 12
core   0: 3 0x000000008000204e (0x83b1) x15 0x0000000000080011
core   0: 0x0000000080002050 (0x0010061b) addiw   a2, zero, 1
core   0: 3 0x0000000080002050 (0x0010061b) x12 0x0000000000000001
core   0: 0x0000000080002054 (0x00001632) c.slli  a2, 44
core   0: 3 0x0000000080002054 (0x1632) x12 0x0000100000000000
core   0: 0x0000000080002056 (0x0000167d) c.addi  a2, -1
core   0: 3 0x0000000080002056 (0x167d) x12 0x00000fffffffffff
core   0: 0x0000000080002058 (0x00008ff1) c.and   a5, a2
core   0: 3 0x0000000080002058 (0x8ff1) x15 0x0000000000080011
core   0: 0x000000008000205a (0x1807a073) csrrs   zero, satp, a5
core   0: 3 0x000000008000205a (0x1807a073) c384_satp 0x8000000000080011
core   0: 0x000000008000205e (0x00a005b7) lui     a1, 0xa00
core   0: 3 0x000000008000205e (0x00a005b7) x11 0x0000000000a00000
core   0: 0x0000000080002062 (0x10b5859b) addiw   a1, a1, 267
core   0: 3 0x0000000080002062 (0x10b5859b) x11 0x0000000000a0010b
core   0: 0x0000000080002066 (0x000005b2) c.slli  a1, 12
core   0: 3 0x0000000080002066 (0x05b2) x11 0x0000000a0010b000
core   0: 0x0000000080002068 (0xa0058593) addi    a1, a1, -1536
core   0: 3 0x0000000080002068 (0xa0058593) x11 0x0000000a0010aa00
core   0: 0x000000008000206c (0x30059073) csrrw   zero, mstatus, a1
core   0: 3 0x000000008000206c (0x30059073) c768_mstatus 0x0000000a00102800
core   0: 0x0000000080002070 (0x30459073) csrrw   zero, mie, a1
core   0: 3 0x0000000080002070 (0x30459073) c772_mie 0x0000000000000a00
core   0: 0x0000000080002074 (0x00a005b7) lui     a1, 0xa00
core   0: 3 0x0000000080002074 (0x00a005b7) x11 0x0000000000a00000
core   0: 0x0000000080002078 (0x10b5859b) addiw   a1, a1, 267
core   0: 3 0x0000000080002078 (0x10b5859b) x11 0x0000000000a0010b
core   0: 0x000000008000207c (0x000005b2) c.slli  a1, 12
core   0: 3 0x000000008000207c (0x05b2) x11 0x0000000a0010b000
core   0: 0x000000008000207e (0xa0058593) addi    a1, a1, -1536
core   0: 3 0x000000008000207e (0xa0058593) x11 0x0000000a0010aa00
core   0: 0x0000000080002082 (0x10059073) csrrw   zero, sstatus, a1
core   0: 3 0x0000000080002082 (0x10059073) c768_mstatus 0x0000000a00102800
core   0: 0x0000000080002086 (0x10459073) csrrw   zero, sie, a1
core   0: 3 0x0000000080002086 (0x10459073) c772_mie 0x0000000000000a00
core   0: 0x000000008000208a (0x30200073) mret
core   0: 3 0x000000008000208a (0x30200073) c768_mstatus 0x0000000a00102080
core   0: >>>>  main_g
core   0: 0x0000000080004030 (0x00009dba) c.add   s11, a4
core   0: 1 0x0000000080004030 (0x9dba) x27 0x0000000000000001
core   0: 0x0000000080004032 (0x0102d313) srli    t1, t0, 16
core   0: 1 0x0000000080004032 (0x0102d313) x6  0x0000000000008000
core   0: 0x0000000080004036 (0x0ff0000f) fence   iorw,iorw
core   0: 1 0x0000000080004036 (0x0ff0000f)
core   0: 0x000000008000403a (0x13bf7f53) fmul.d  ft10, ft10, fs11
core   0: 1 0x000000008000403a (0x13bf7f53) c768_mstatus 0x8000000a00106080 f30 0x7ff8000000000000
core   0: 0x000000008000403e (0x8a76bc17) auipc   s8, 0x8a76b
core   0: 1 0x000000008000403e (0x8a76bc17) x24 0x000000000a76f03e
core   0: 0x0000000080004042 (0x001a9af3) csrrw   s5, fflags, s5
core   0: 1 0x0000000080004042 (0x001a9af3) x21 0x0000000000000000 c1_fflags 0x0000000000000000
core   0: 0x0000000080004046 (0xd23cfe53) fcvt.d.lu ft8, s9
core   0: 1 0x0000000080004046 (0xd23cfe53) f28 0x0000000000000000
core   0: 0x000000008000404a (0x00fce2b3) or      t0, s9, a5
core   0: 1 0x000000008000404a (0x00fce2b3) x5  0x0000000000080011
core   0: 0x000000008000404e (0x0257e333) rem     t1, a5, t0
core   0: 1 0x000000008000404e (0x0257e333) x6  0x0000000000000000
core   0: 0x0000000080004052 (0x0ff0000f) fence   iorw,iorw
core   0: 1 0x0000000080004052 (0x0ff0000f)
core   0: 0x0000000080004056 (0xf7606693) ori     a3, zero, -138
core   0: 1 0x0000000080004056 (0xf7606693) x13 0xffffffffffffff76
core   0: 0x000000008000405a (0xf20e0253) fmv.d.x ft4, t3
core   0: 1 0x000000008000405a (0xf20e0253) f4  0x0000000000000000
core   0: 0x000000008000405e (0x411e88bb) subw    a7, t4, a7
core   0: 1 0x000000008000405e (0x411e88bb) x17 0x0000000000000000
core   0: 0x0000000080004062 (0x03dbfc3b) remuw   s8, s7, t4
core   0: 1 0x0000000080004062 (0x03dbfc3b) x24 0x0000000000000000
core   0: 0x0000000080004066 (0x00b26233) or      tp, tp, a1
core   0: 1 0x0000000080004066 (0x00b26233) x4  0x0000000a8011aa40
core   0: 0x000000008000406a (0x00ce9c33) sll     s8, t4, a2
core   0: 1 0x000000008000406a (0x00ce9c33) x24 0x0000000000000000
core   0: 0x000000008000406e (0x00202a73) csrrs   s4, frm, zero
core   0: 1 0x000000008000406e (0x00202a73) x20 0x0000000000000000
core   0: 0x0000000080004072 (0xc0327653) fcvt.lu.s a2, ft4
core   0: 1 0x0000000080004072 (0xc0327653) c1_fflags 0x0000000000000010 x12 0xffffffffffffffff
core   0: 0x0000000080004076 (0x00202173) csrrs   sp, frm, zero
core   0: 1 0x0000000080004076 (0x00202173) x2  0x0000000000000000
core   0: 0x000000008000407a (0x01267bb3) and     s7, a2, s2
core   0: 1 0x000000008000407a (0x01267bb3) x23 0x0000000000000000
core   0: 0x000000008000407e (0xd20b8b53) fcvt.d.w fs6, s7
core   0: 1 0x000000008000407e (0xd20b8b53) f22 0x0000000000000000
core   0: 0x0000000080004082 (0x00000001) c.nop
core   0: 1 0x0000000080004082 (0x0001)
core   0: 0x0000000080004084 (0x01557ab3) and     s5, a0, s5
core   0: 1 0x0000000080004084 (0x01557ab3) x21 0x0000000000000000
core   0: 0x0000000080004088 (0xc21e7ed3) fcvt.wu.d t4, ft8
core   0: 1 0x0000000080004088 (0xc21e7ed3) x29 0x0000000000000000
core   0: 0x000000008000408c (0x010d8dbb) addw    s11, s11, a6
core   0: 1 0x000000008000408c (0x010d8dbb) x27 0x0000000000000001
core   0: 0x0000000080004090 (0xe4726013) ori     zero, tp, -441
core   0: 1 0x0000000080004090 (0xe4726013)
core   0: 0x0000000080004094 (0xd2120a53) fcvt.d.wu fs4, tp
core   0: 1 0x0000000080004094 (0xd2120a53) f20 0x41e0023548000000
core   0: 0x0000000080004098 (0x02cde533) rem     a0, s11, a2
core   0: 1 0x0000000080004098 (0x02cde533) x10 0x0000000000000000
core   0: 0x000000008000409c (0x2b6c0053) fmin.d  ft0, fs8, fs6
core   0: 1 0x000000008000409c (0x2b6c0053) f0  0x0000000000000000
core   0: 0x00000000800040a0 (0x53d07ec7) fmsub.d ft9, ft0, ft9, fa0
core   0: 1 0x00000000800040a0 (0x53d07ec7) f29 0x7ff8000000000000
core   0: 0x00000000800040a4 (0xc20570d3) fcvt.w.d ra, fa0
core   0: 1 0x00000000800040a4 (0xc20570d3) c1_fflags 0x0000000000000010 x1  0x000000007fffffff
core   0: 0x00000000800040a8 (0x0018de9b) srliw   t4, a7, 1
core   0: 1 0x00000000800040a8 (0x0018de9b) x29 0x0000000000000000
core   0: 0x00000000800040ac (0x234a14d3) fsgnjn.d fs1, fs4, fs4
core   0: 1 0x00000000800040ac (0x234a14d3) f9  0xc1e0023548000000
core   0: 0x00000000800040b0 (0x035c9cb3) mulh    s9, s9, s5
core   0: 1 0x00000000800040b0 (0x035c9cb3) x25 0x0000000000000000
core   0: 0x00000000800040b4 (0x4015d21b) sraiw   tp, a1, 1
core   0: 1 0x00000000800040b4 (0x4015d21b) x4  0x0000000000085500
core   0: 0x00000000800040b8 (0x03f15113) srli    sp, sp, 63
core   0: 1 0x00000000800040b8 (0x03f15113) x2  0x0000000000000000
core   0: 0x00000000800040bc (0xfff9879b) addiw   a5, s3, -1
core   0: 1 0x00000000800040bc (0xfff9879b) x15 0xffffffffffffffff
core   0: 0x00000000800040c0 (0x4a917b4b) fnmsub.d fs6, ft2, fs1, fs1
core   0: 1 0x00000000800040c0 (0x4a917b4b) f22 0x7ff8000000000000
core   0: 0x00000000800040c4 (0xd2178d53) fcvt.d.wu fs10, a5
core   0: 1 0x00000000800040c4 (0xd2178d53) f26 0x41efffffffe00000
core   0: 0x00000000800040c8 (0x0096923b) sllw    tp, a3, s1
core   0: 1 0x00000000800040c8 (0x0096923b) x4  0xffffffffffffff76
core   0: 0x00000000800040cc (0x66c84513) xori    a0, a6, 1644
core   0: 1 0x00000000800040cc (0x66c84513) x10 0x000000000000066c
core   0: 0x00000000800040d0 (0x0287a933) mulhsu  s2, a5, s0
core   0: 1 0x00000000800040d0 (0x0287a933) x18 0xffffffffffffffff
core   0: 0x00000000800040d4 (0x02eb9733) mulh    a4, s7, a4
core   0: 1 0x00000000800040d4 (0x02eb9733) x14 0x0000000000000000
core   0: 0x00000000800040d8 (0x0ff0000f) fence   iorw,iorw
core   0: 1 0x00000000800040d8 (0x0ff0000f)
core   0: 0x00000000800040dc (0x222e1cd3) fsgnjn.d fs9, ft8, ft2
core   0: 1 0x00000000800040dc (0x222e1cd3) f25 0x0000000000000000
core   0: 0x00000000800040e0 (0x00ec583b) srlw    a6, s8, a4
core   0: 1 0x00000000800040e0 (0x00ec583b) x16 0x0000000000000000
core   0: 0x00000000800040e4 (0x022ee7b3) rem     a5, t4, sp
core   0: 1 0x00000000800040e4 (0x022ee7b3) x15 0x0000000000000000
core   0: 0x00000000800040e8 (0xe20c9a53) fclass.d s4, fs9
core   0: 1 0x00000000800040e8 (0xe20c9a53) x20 0x0000000000000010
core   0: 0x00000000800040ec (0x01a1d5bb) srlw    a1, gp, s10
core   0: 1 0x00000000800040ec (0x01a1d5bb) x11 0xffffffff80012828
core   0: 0x00000000800040f0 (0x02e7dc3b) divuw   s8, a5, a4
core   0: 1 0x00000000800040f0 (0x02e7dc3b) x24 0xffffffffffffffff
core   0: 0x00000000800040f4 (0x5a017653) fsqrt.d fa2, ft2
core   0: 1 0x00000000800040f4 (0x5a017653) f12 0x7ff8000000000000
core   0: 0x00000000800040f8 (0x0b2f7753) fsub.d  fa4, ft10, fs2
core   0: 1 0x00000000800040f8 (0x0b2f7753) f14 0x7ff8000000000000
core   0: 0x00000000800040fc (0x019c9c3b) sllw    s8, s9, s9
core   0: 1 0x00000000800040fc (0x019c9c3b) x24 0x0000000000000000
core   0: 0x0000000080004100 (0x013c6b33) or      s6, s8, s3
core   0: 1 0x0000000080004100 (0x013c6b33) x22 0x0000000000000000
core   0: 0x0000000080004104 (0xd2098653) fcvt.d.w fa2, s3
core   0: 1 0x0000000080004104 (0xd2098653) f12 0x0000000000000000
core   0: 0x0000000080004108 (0x0241e23b) remw    tp, gp, tp
core   0: 1 0x0000000080004108 (0x0241e23b) x4  0xffffffffffffffd4
core   0: 0x000000008000410c (0xd20984d3) fcvt.d.w fs1, s3
core   0: 1 0x000000008000410c (0xd20984d3) f9  0x0000000000000000
core   0: 0x0000000080004110 (0x0354883b) mulw    a6, s1, s5
core   0: 1 0x0000000080004110 (0x0354883b) x16 0x0000000000000000
core   0: 0x0000000080004114 (0x00b9191b) slliw   s2, s2, 11
core   0: 1 0x0000000080004114 (0x00b9191b) x18 0xfffffffffffff800
core   0: 0x0000000080004118 (0x4131d0bb) sraw    ra, gp, s3
core   0: 1 0x0000000080004118 (0x4131d0bb) x1  0xffffffff80012828
core   0: 0x000000008000411c (0x496eea93) ori     s5, t4, 1174
core   0: 1 0x000000008000411c (0x496eea93) x21 0x0000000000000496
core   0: 0x0000000080004120 (0xd1b48e93) addi    t4, s1, -741
core   0: 1 0x0000000080004120 (0xd1b48e93) x29 0x0000000080031cdb
core   0: 0x0000000080004124 (0xc201f553) fcvt.w.d a0, ft3
core   0: 1 0x0000000080004124 (0xc201f553) c1_fflags 0x0000000000000010 x10 0x000000007fffffff
core   0: 0x0000000080004128 (0xc204f053) fcvt.w.d zero, fs1
core   0: 1 0x0000000080004128 (0xc204f053)
core   0: 0x000000008000412c (0x5a097853) fsqrt.d fa6, fs2
core   0: 1 0x000000008000412c (0x5a097853) f16 0x7ff8000000000000
core   0: 0x0000000080004130 (0x0004151b) slliw   a0, s0, 0
core   0: 1 0x0000000080004130 (0x0004151b) x10 0xffffffff80032040
core   0: 0x0000000080004134 (0x00202c73) csrrs   s8, frm, zero
core   0: 1 0x0000000080004134 (0x00202c73) x24 0x0000000000000000
core   0: 0x0000000080004138 (0x002893f3) csrrw   t2, frm, a7
core   0: 1 0x0000000080004138 (0x002893f3) x7  0x0000000000000000 c2_frm 0x0000000000000000
core   0: 0x000000008000413c (0x40788a3b) subw    s4, a7, t2
core   0: 1 0x000000008000413c (0x40788a3b) x20 0x0000000000000000
core   0: 0x0000000080004140 (0x027e2233) mulhsu  tp, t3, t2
core   0: 1 0x0000000080004140 (0x027e2233) x4  0x0000000000000000
core   0: 0x0000000080004144 (0x0b358913) addi    s2, a1, 179
core   0: 1 0x0000000080004144 (0x0b358913) x18 0xffffffff800128db
core   0: 0x0000000080004148 (0x40a08133) sub     sp, ra, a0
core   0: 1 0x0000000080004148 (0x40a08133) x2  0xfffffffffffe07e8
core   0: 0x000000008000414c (0x0ff0000f) fence   iorw,iorw
core   0: 1 0x000000008000414c (0x0ff0000f)
core   0: 0x0000000080004150 (0xc226f453) fcvt.l.d s0, fa3
core   0: 1 0x0000000080004150 (0xc226f453) c1_fflags 0x0000000000000010 x8  0x7fffffffffffffff
core   0: 0x0000000080004154 (0x40e25733) sra     a4, tp, a4
core   0: 1 0x0000000080004154 (0x40e25733) x14 0x0000000000000000
core   0: 0x0000000080004158 (0x001027f3) csrrs   a5, fflags, zero
core   0: 1 0x0000000080004158 (0x001027f3) x15 0x0000000000000010
core   0: 0x000000008000415c (0x02fb433b) divw    t1, s6, a5
core   0: 1 0x000000008000415c (0x02fb433b) x6  0x0000000000000000
core   0: 0x0000000080004160 (0xabe3089b) addiw   a7, t1, -1346
core   0: 1 0x0000000080004160 (0xabe3089b) x17 0xfffffffffffffabe
core   0: 0x0000000080004164 (0xbddb4213) xori    tp, s6, -1059
core   0: 1 0x0000000080004164 (0xbddb4213) x4  0xfffffffffffffbdd
core   0: 0x0000000080004168 (0x226a1bd3) fsgnjn.d fs7, fs4, ft6
core   0: 1 0x0000000080004168 (0x226a1bd3) f23 0x41e0023548000000
core   0: 0x000000008000416c (0x1b437ed3) fdiv.d  ft9, ft6, fs4
core   0: 1 0x000000008000416c (0x1b437ed3) f29 0x7ff8000000000000
core   0: 0x0000000080004170 (0xc02871d3) fcvt.l.s gp, fa6
core   0: 1 0x0000000080004170 (0xc02871d3) c1_fflags 0x0000000000000010 x3  0x7fffffffffffffff
core   0: 0x0000000080004174 (0x0b7e7e53) fsub.d  ft8, ft8, fs7
core   0: 1 0x0000000080004174 (0x0b7e7e53) f28 0xc1e0023548000000
core   0: 0x0000000080004178 (0x026949b3) div     s3, s2, t1
core   0: 1 0x0000000080004178 (0x026949b3) x19 0xffffffffffffffff
core   0: 0x000000008000417c (0x02576c3b) remw    s8, a4, t0
core   0: 1 0x000000008000417c (0x02576c3b) x24 0x0000000000000000
core   0: 0x0000000080004180 (0x0182a6b3) slt     a3, t0, s8
core   0: 1 0x0000000080004180 (0x0182a6b3) x13 0x0000000000000000
core   0: 0x0000000080004184 (0x001090bb) sllw    ra, ra, ra
core   0: 1 0x0000000080004184 (0x001090bb) x1  0x0000000001282800
core   0: 0x0000000080004188 (0xd22d7cd3) fcvt.d.l fs9, s10
core   0: 1 0x0000000080004188 (0xd22d7cd3) f25 0x0000000000000000
core   0: 0x000000008000418c (0xd2008ad3) fcvt.d.w fs5, ra
core   0: 1 0x000000008000418c (0xd2008ad3) f21 0x4172828000000000
core   0: 0x0000000080004190 (0x1a0afb53) fdiv.d  fs6, fs5, ft0
core   0: 1 0x0000000080004190 (0x1a0afb53) c1_fflags 0x0000000000000018 f22 0x7ff0000000000000
core   0: 0x0000000080004194 (0x001c5213) srli    tp, s8, 1
core   0: 1 0x0000000080004194 (0x001c5213) x4  0x0000000000000000
core   0: 0x0000000080004198 (0x830bfdcb) fnmsub.d fs11, fs7, fa6, fa6
core   0: 1 0x0000000080004198 (0x830bfdcb) f27 0x7ff8000000000000
core   0: 0x000000008000419c (0xc03b7953) fcvt.lu.s s2, fs6
core   0: 1 0x000000008000419c (0xc03b7953) c1_fflags 0x0000000000000018 x18 0xffffffffffffffff
core   0: 0x00000000800041a0 (0x2b0806d3) fmin.d  fa3, fa6, fa6
core   0: 1 0x00000000800041a0 (0x2b0806d3) f13 0x7ff8000000000000
core   0: 0x00000000800041a4 (0x02e76cbb) remw    s9, a4, a4
core   0: 1 0x00000000800041a4 (0x02e76cbb) x25 0x0000000000000000
core   0: 0x00000000800041a8 (0x0279db33) divu    s6, s3, t2
core   0: 1 0x00000000800041a8 (0x0279db33) x22 0xffffffffffffffff
core   0: 0x00000000800041ac (0x6b5b7447) fmsub.d fs0, fs6, fs5, fa3
core   0: 1 0x00000000800041ac (0x6b5b7447) f8  0x7ff8000000000000
core   0: 0x00000000800041b0 (0x002b9573) csrrw   a0, frm, s7
core   0: 1 0x00000000800041b0 (0x002b9573) x10 0x0000000000000000 c2_frm 0x0000000000000000
core   0: 0x00000000800041b4 (0x008b7eb3) and     t4, s6, s0
core   0: 1 0x00000000800041b4 (0x008b7eb3) x29 0x7fffffffffffffff
core   0: 0x00000000800041b8 (0x00161e9b) slliw   t4, a2, 1
core   0: 1 0x00000000800041b8 (0x00161e9b) x29 0xfffffffffffffffe
core   0: 0x00000000800041bc (0x5edac493) xori    s1, s5, 1517
core   0: 1 0x00000000800041bc (0x5edac493) x9  0x000000000000017b
core   0: 0x00000000800041c0 (0x306090f3) csrrw   ra, mcounteren, ra
core   0: exception trap_illegal_instruction, epc 0x00000000800041c0
core   0:           tval 0x00000000306090f3
core   0: >>>>  $xrv64i2p1_m2p0_a2p1_f2p2_d2p2_zicsr2p0_zifencei2p0_zmmul1p0_zba1p0_zbb1p0_zbc1p0_zbs1p0
core   0: 0x0000000080004000 (0x0080006f) j       pc + 0x8
core   0: 3 0x0000000080004000 (0x0080006f)
core   0: >>>>  mmode_exception_handler
core   0: 0x0000000080004008 (0x00002c17) auipc   s8, 0x2
core   0: 3 0x0000000080004008 (0x00002c17) x24 0x0000000080006008
core   0: 0x000000008000400c (0x09cc0c13) addi    s8, s8, 156
core   0: 3 0x000000008000400c (0x09cc0c13) x24 0x00000000800060a4
core   0: 0x0000000080004010 (0x000c00e7) jalr    s8
core   0: 3 0x0000000080004010 (0x000c00e7) x1  0x0000000080004014
core   0: >>>>  any_handler
core   0: 0x00000000800060a4 (0x341027f3) csrrs   a5, mepc, zero
core   0: 3 0x00000000800060a4 (0x341027f3) x15 0x00000000800041c0
core   0: 0x00000000800060a8 (0x34202773) csrrs   a4, mcause, zero
core   0: 3 0x00000000800060a8 (0x34202773) x14 0x0000000000000002
core   0: 0x00000000800060ac (0x142026f3) csrrs   a3, scause, zero
core   0: 3 0x00000000800060ac (0x142026f3) x13 0x0000000000000000
core   0: 0x00000000800060b0 (0x30402673) csrrs   a2, mie, zero
core   0: 3 0x00000000800060b0 (0x30402673) x12 0x0000000000000a00
core   0: 0x00000000800060b4 (0x344025f3) csrrs   a1, mip, zero
core   0: 3 0x00000000800060b4 (0x344025f3) x11 0x0000000000000080
core   0: 0x00000000800060b8 (0x343025f3) csrrs   a1, mtval, zero
core   0: 3 0x00000000800060b8 (0x343025f3) x11 0x00000000306090f3
core   0: 0x00000000800060bc (0x14302573) csrrs   a0, stval, zero
core   0: 3 0x00000000800060bc (0x14302573) x10 0x0000000000000000
core   0: 0x00000000800060c0 (0xb02024f3) csrrs   s1, minstret, zero
core   0: 3 0x00000000800060c0 (0xb02024f3) x9  0x0000000000000830
core   0: 0x00000000800060c4 (0x0000a811) c.j     pc + 20
core   0: 3 0x00000000800060c4 (0xa811)
core   0: >>>>  mepc_4
core   0: 0x00000000800060d8 (0x00000791) c.addi  a5, 4
core   0: 3 0x00000000800060d8 (0x0791) x15 0x00000000800041c4
core   0: 0x00000000800060da (0x34179073) csrrw   zero, mepc, a5
core   0: 3 0x00000000800060da (0x34179073) c833_mepc 0x00000000800041c4
core   0: 0x00000000800060de (0x30200073) mret
core   0: 3 0x00000000800060de (0x30200073) c768_mstatus 0x8000000a00106080
core   0: 0x00000000800041c4 (0x23b6a353) fsgnjx.d ft6, fa3, fs11
core   0: 1 0x00000000800041c4 (0x23b6a353) f6  0x7ff8000000000000
core   0: 0x00000000800041c8 (0x405759bb) sraw    s3, a4, t0
core   0: 1 0x00000000800041c8 (0x405759bb) x19 0x0000000000000000
core   0: 0x00000000800041cc (0x0019dd9b) srliw   s11, s3, 1
core   0: 1 0x00000000800041cc (0x0019dd9b) x27 0x0000000000000000
core   0: 0x00000000800041d0 (0x02b140b3) div     ra, sp, a1
core   0: 1 0x00000000800041d0 (0x02b140b3) x1  0x0000000000000000
core   0: 0x00000000800041d4 (0x4da54493) xori    s1, a0, 1242
core   0: 1 0x00000000800041d4 (0x4da54493) x9  0x00000000000004da
core   0: 0x00000000800041d8 (0x40dc04bb) subw    s1, s8, a3
core   0: 1 0x00000000800041d8 (0x40dc04bb) x9  0xffffffff800060a4
core   0: 0x00000000800041dc (0xba44fbcf) fnmadd.d fs7, fs1, ft4, fs7
core   0: 1 0x00000000800041dc (0xba44fbcf) f23 0xc1e0023548000000
core   0: 0x00000000800041e0 (0x037c633b) remw    t1, s8, s7
core   0: 1 0x00000000800041e0 (0x037c633b) x6  0xffffffff800060a4
core   0: 0x00000000800041e4 (0xd21bf6cf) fnmadd.d fa3, fs7, ft1, fs10
core   0: 1 0x00000000800041e4 (0xd21bf6cf) f13 0x7ff8000000000000
core   0: 0x00000000800041e8 (0x0060e233) or      tp, ra, t1
core   0: 1 0x00000000800041e8 (0x0060e233) x4  0xffffffff800060a4
core   0: 0x00000000800041ec (0xc216f0d3) fcvt.wu.d ra, fa3
core   0: 1 0x00000000800041ec (0xc216f0d3) c1_fflags 0x0000000000000018 x1  0xffffffffffffffff
core   0: 0x00000000800041f0 (0x00299ef3) csrrw   t4, frm, s3
core   0: 1 0x00000000800041f0 (0x00299ef3) x29 0x0000000000000000 c2_frm 0x0000000000000000
core   0: 0x00000000800041f4 (0x401e5b1b) sraiw   s6, t3, 1
core   0: 1 0x00000000800041f4 (0x401e5b1b) x22 0x0000000000000000
core   0: 0x00000000800041f8 (0x02e6a733) mulhsu  a4, a3, a4
core   0: 1 0x00000000800041f8 (0x02e6a733) x14 0x0000000000000000
core   0: 0x00000000800041fc (0xd03774d3) fcvt.s.lu fs1, a4
core   0: 1 0x00000000800041fc (0xd03774d3) f9  0xffffffff00000000
core   0: 0x0000000080004200 (0x011201bb) addw    gp, tp, a7
core   0: 1 0x0000000080004200 (0x011201bb) x3  0xffffffff80005b62
core   0: 0x0000000080004204 (0x01730ebb) addw    t4, t1, s7
core   0: 1 0x0000000080004204 (0x01730ebb) x29 0xffffffff800060a4
core   0: 0x0000000080004208 (0x03294033) div     zero, s2, s2
core   0: 1 0x0000000080004208 (0x03294033)
core   0: 0x000000008000420c (0x00035793) srli    a5, t1, 0
core   0: 1 0x000000008000420c (0x00035793) x15 0xffffffff800060a4
core   0: 0x0000000080004210 (0xb821d773) csrrwi  a4, minstreth, 3
core   0: exception trap_illegal_instruction, epc 0x0000000080004210
core   0:           tval 0x00000000b821d773
core   0: >>>>  $xrv64i2p1_m2p0_a2p1_f2p2_d2p2_zicsr2p0_zifencei2p0_zmmul1p0_zba1p0_zbb1p0_zbc1p0_zbs1p0
core   0: 0x0000000080004000 (0x0080006f) j       pc + 0x8
core   0: 3 0x0000000080004000 (0x0080006f)
core   0: >>>>  mmode_exception_handler
core   0: 0x0000000080004008 (0x00002c17) auipc   s8, 0x2
core   0: 3 0x0000000080004008 (0x00002c17) x24 0x0000000080006008
core   0: 0x000000008000400c (0x09cc0c13) addi    s8, s8, 156
core   0: 3 0x000000008000400c (0x09cc0c13) x24 0x00000000800060a4
core   0: 0x0000000080004010 (0x000c00e7) jalr    s8
core   0: 3 0x0000000080004010 (0x000c00e7) x1  0x0000000080004014
core   0: >>>>  any_handler
core   0: 0x00000000800060a4 (0x341027f3) csrrs   a5, mepc, zero
core   0: 3 0x00000000800060a4 (0x341027f3) x15 0x0000000080004210
core   0: 0x00000000800060a8 (0x34202773) csrrs   a4, mcause, zero
core   0: 3 0x00000000800060a8 (0x34202773) x14 0x0000000000000002
core   0: 0x00000000800060ac (0x142026f3) csrrs   a3, scause, zero
core   0: 3 0x00000000800060ac (0x142026f3) x13 0x0000000000000000
core   0: 0x00000000800060b0 (0x30402673) csrrs   a2, mie, zero
core   0: 3 0x00000000800060b0 (0x30402673) x12 0x0000000000000a00
core   0: 0x00000000800060b4 (0x344025f3) csrrs   a1, mip, zero
core   0: 3 0x00000000800060b4 (0x344025f3) x11 0x0000000000000080
core   0: 0x00000000800060b8 (0x343025f3) csrrs   a1, mtval, zero
core   0: 3 0x00000000800060b8 (0x343025f3) x11 0x00000000b821d773
core   0: 0x00000000800060bc (0x14302573) csrrs   a0, stval, zero
core   0: 3 0x00000000800060bc (0x14302573) x10 0x0000000000000000
core   0: 0x00000000800060c0 (0xb02024f3) csrrs   s1, minstret, zero
core   0: 3 0x00000000800060c0 (0xb02024f3) x9  0x0000000000000853
core   0: 0x00000000800060c4 (0x0000a811) c.j     pc + 20
core   0: 3 0x00000000800060c4 (0xa811)
core   0: >>>>  mepc_4
core   0: 0x00000000800060d8 (0x00000791) c.addi  a5, 4
core   0: 3 0x00000000800060d8 (0x0791) x15 0x0000000080004214
core   0: 0x00000000800060da (0x34179073) csrrw   zero, mepc, a5
core   0: 3 0x00000000800060da (0x34179073) c833_mepc 0x0000000080004214
core   0: 0x00000000800060de (0x30200073) mret
core   0: 3 0x00000000800060de (0x30200073) c768_mstatus 0x8000000a00106080
core   0: 0x0000000080004214 (0x000ddd9b) srliw   s11, s11, 0
core   0: 1 0x0000000080004214 (0x000ddd9b) x27 0x0000000000000000
core   0: 0x0000000080004218 (0x038d9393) slli    t2, s11, 56
core   0: 1 0x0000000080004218 (0x038d9393) x7  0x0000000000000000
core   0: 0x000000008000421c (0x02042b33) mulhsu  s6, s0, zero
core   0: 1 0x000000008000421c (0x02042b33) x22 0x0000000000000000
core   0: 0x0000000080004220 (0xf12b70f3) csrrci  ra, marchid, 22
core   0: exception trap_illegal_instruction, epc 0x0000000080004220
core   0:           tval 0x00000000f12b70f3
core   0: >>>>  $xrv64i2p1_m2p0_a2p1_f2p2_d2p2_zicsr2p0_zifencei2p0_zmmul1p0_zba1p0_zbb1p0_zbc1p0_zbs1p0
core   0: 0x0000000080004000 (0x0080006f) j       pc + 0x8
core   0: 3 0x0000000080004000 (0x0080006f)
core   0: >>>>  mmode_exception_handler
core   0: 0x0000000080004008 (0x00002c17) auipc   s8, 0x2
core   0: 3 0x0000000080004008 (0x00002c17) x24 0x0000000080006008
core   0: 0x000000008000400c (0x09cc0c13) addi    s8, s8, 156
core   0: 3 0x000000008000400c (0x09cc0c13) x24 0x00000000800060a4
core   0: 0x0000000080004010 (0x000c00e7) jalr    s8
core   0: 3 0x0000000080004010 (0x000c00e7) x1  0x0000000080004014
core   0: >>>>  any_handler
core   0: 0x00000000800060a4 (0x341027f3) csrrs   a5, mepc, zero
core   0: 3 0x00000000800060a4 (0x341027f3) x15 0x0000000080004220
core   0: 0x00000000800060a8 (0x34202773) csrrs   a4, mcause, zero
core   0: 3 0x00000000800060a8 (0x34202773) x14 0x0000000000000002
core   0: 0x00000000800060ac (0x142026f3) csrrs   a3, scause, zero
core   0: 3 0x00000000800060ac (0x142026f3) x13 0x0000000000000000
core   0: 0x00000000800060b0 (0x30402673) csrrs   a2, mie, zero
core   0: 3 0x00000000800060b0 (0x30402673) x12 0x0000000000000a00
core   0: 0x00000000800060b4 (0x344025f3) csrrs   a1, mip, zero
core   0: 3 0x00000000800060b4 (0x344025f3) x11 0x0000000000000080
core   0: 0x00000000800060b8 (0x343025f3) csrrs   a1, mtval, zero
core   0: 3 0x00000000800060b8 (0x343025f3) x11 0x00000000f12b70f3
core   0: 0x00000000800060bc (0x14302573) csrrs   a0, stval, zero
core   0: 3 0x00000000800060bc (0x14302573) x10 0x0000000000000000
core   0: 0x00000000800060c0 (0xb02024f3) csrrs   s1, minstret, zero
core   0: 3 0x00000000800060c0 (0xb02024f3) x9  0x0000000000000866
core   0: 0x00000000800060c4 (0x0000a811) c.j     pc + 20
core   0: 3 0x00000000800060c4 (0xa811)
core   0: >>>>  mepc_4
core   0: 0x00000000800060d8 (0x00000791) c.addi  a5, 4
core   0: 3 0x00000000800060d8 (0x0791) x15 0x0000000080004224
core   0: 0x00000000800060da (0x34179073) csrrw   zero, mepc, a5
core   0: 3 0x00000000800060da (0x34179073) c833_mepc 0x0000000080004224
core   0: 0x00000000800060de (0x30200073) mret
core   0: 3 0x00000000800060de (0x30200073) c768_mstatus 0x8000000a00106080
core   0: 0x0000000080004224 (0x4aa37ecb) fnmsub.d ft9, ft6, fa0, fs1
core   0: 1 0x0000000080004224 (0x4aa37ecb) f29 0x7ff8000000000000
core   0: 0x0000000080004228 (0x001a19f3) csrrw   s3, fflags, s4
core   0: 1 0x0000000080004228 (0x001a19f3) x19 0x0000000000000018 c1_fflags 0x0000000000000000
core   0: 0x000000008000422c (0x4d816e97) auipc   t4, 0x4d816
core   0: 1 0x000000008000422c (0x4d816e97) x29 0x00000000cd81a22c
core   0: 0x0000000080004230 (0x0139c433) xor     s0, s3, s3
core   0: 1 0x0000000080004230 (0x0139c433) x8  0x0000000000000000
core   0: 0x0000000080004234 (0x033d6eb3) rem     t4, s10, s3
core   0: 1 0x0000000080004234 (0x033d6eb3) x29 0x0000000000000000
core   0: 0x0000000080004238 (0x0302b833) mulhu   a6, t0, a6
core   0: 1 0x0000000080004238 (0x0302b833) x16 0x0000000000000000
core   0: 0x000000008000423c (0x4106d093) srai    ra, a3, 16
core   0: 1 0x000000008000423c (0x4106d093) x1  0x0000000000000000
core   0: 0x0000000080004240 (0xc03678d3) fcvt.lu.s a7, fa2
core   0: 1 0x0000000080004240 (0xc03678d3) c1_fflags 0x0000000000000010 x17 0xffffffffffffffff
core   0: 0x0000000080004244 (0x004891bb) sllw    gp, a7, tp
core   0: 1 0x0000000080004244 (0x004891bb) x3  0xfffffffffffffff0
core   0: 0x0000000080004248 (0xc2037e53) fcvt.w.d t3, ft6
core   0: 1 0x0000000080004248 (0xc2037e53) c1_fflags 0x0000000000000010 x28 0x000000007fffffff
core   0: 0x000000008000424c (0x48910913) addi    s2, sp, 1161
core   0: 1 0x000000008000424c (0x48910913) x18 0xfffffffffffe0c71
core   0: 0x0000000080004250 (0xeeacf337) lui     t1, 0xeeacf
core   0: 1 0x0000000080004250 (0xeeacf337) x6  0xffffffffeeacf000
core   0: 0x0000000080004254 (0x1aa577d3) fdiv.d  fa5, fa0, fa0
core   0: 1 0x0000000080004254 (0x1aa577d3) f15 0x7ff8000000000000
core   0: 0x0000000080004258 (0xa2478c53) fle.d   s8, fa5, ft4
core   0: 1 0x0000000080004258 (0xa2478c53) c1_fflags 0x0000000000000010 x24 0x0000000000000000
core   0: 0x000000008000425c (0x00181cf3) csrrw   s9, fflags, a6
core   0: 1 0x000000008000425c (0x00181cf3) x25 0x0000000000000010 c1_fflags 0x0000000000000000
core   0: 0x0000000080004260 (0x40167053) fcvt.s.d ft0, fa2
core   0: 1 0x0000000080004260 (0x40167053) f0  0xffffffff00000000
core   0: 0x0000000080004264 (0x33aef547) fmsub.d fa0, ft9, fs10, ft6
core   0: 1 0x0000000080004264 (0x33aef547) f10 0x7ff8000000000000
core   0: 0x0000000080004268 (0x00178593) addi    a1, a5, 1
core   0: 1 0x0000000080004268 (0x00178593) x11 0x0000000080004225
core   0: 0x000000008000426c (0xc23378d3) fcvt.lu.d a7, ft6
core   0: 1 0x000000008000426c (0xc23378d3) c1_fflags 0x0000000000000010 x17 0xffffffffffffffff
core   0: 0x0000000080004270 (0xa75ccc93) xori    s9, s9, -1419
core   0: 1 0x0000000080004270 (0xa75ccc93) x25 0xfffffffffffffa65
core   0: 0x0000000080004274 (0x011883b3) add     t2, a7, a7
core   0: 1 0x0000000080004274 (0x011883b3) x7  0xfffffffffffffffe
core   0: 0x0000000080004278 (0x03c01e33) mulh    t3, zero, t3
core   0: 1 0x0000000080004278 (0x03c01e33) x28 0x0000000000000000
core   0: 0x000000008000427c (0x2a1d0d53) fmin.d  fs10, fs10, ft1
core   0: 1 0x000000008000427c (0x2a1d0d53) f26 0x41efffffffe00000
core   0: 0x0000000080004280 (0xd2018253) fcvt.d.w ft4, gp
core   0: 1 0x0000000080004280 (0xd2018253) f4  0xc030000000000000
core   0: 0x0000000080004284 (0x400c06bb) subw    a3, s8, zero
core   0: 1 0x0000000080004284 (0x400c06bb) x13 0x0000000000000000
core   0: 0x0000000080004288 (0xc0307953) fcvt.lu.s s2, ft0
core   0: 1 0x0000000080004288 (0xc0307953) x18 0x0000000000000000
core   0: 0x000000008000428c (0x012d8ebb) addw    t4, s11, s2
core   0: 1 0x000000008000428c (0x012d8ebb) x29 0x0000000000000000
core   0: 0x0000000080004290 (0x010ca233) slt     tp, s9, a6
core   0: 1 0x0000000080004290 (0x010ca233) x4  0x0000000000000001
core   0: 0x0000000080004294 (0xf29bfbc7) fmsub.d fs7, fs7, fs1, ft10
core   0: 1 0x0000000080004294 (0xf29bfbc7) f23 0x7ff8000000000000
core   0: 0x0000000080004298 (0x0b2a7a53) fsub.d  fs4, fs4, fs2
core   0: 1 0x0000000080004298 (0x0b2a7a53) f20 0x7ff8000000000000
core   0: 0x000000008000429c (0xd20187d3) fcvt.d.w fa5, gp
core   0: 1 0x000000008000429c (0xd20187d3) f15 0xc030000000000000
core   0: 0x00000000800042a0 (0x00b67bb3) and     s7, a2, a1
core   0: 1 0x00000000800042a0 (0x00b67bb3) x23 0x0000000000000200
core   0: 0x00000000800042a4 (0xfffe0313) addi    t1, t3, -1
core   0: 1 0x00000000800042a4 (0xfffe0313) x6  0xffffffffffffffff
core   0: 0x00000000800042a8 (0x131e78d3) fmul.d  fa7, ft8, fa7
core   0: 1 0x00000000800042a8 (0x131e78d3) f17 0x7ff8000000000000
core   0: 0x00000000800042ac (0x008e191b) slliw   s2, t3, 8
core   0: 1 0x00000000800042ac (0x008e191b) x18 0x0000000000000000
core   0: 0x00000000800042b0 (0x012582b3) add     t0, a1, s2
core   0: 1 0x00000000800042b0 (0x012582b3) x5  0x0000000080004225
core   0: 0x00000000800042b4 (0x006ce833) or      a6, s9, t1
core   0: 1 0x00000000800042b4 (0x006ce833) x16 0xffffffffffffffff
core   0: 0x00000000800042b8 (0xca8b2537) lui     a0, 0xca8b2
core   0: 1 0x00000000800042b8 (0xca8b2537) x10 0xffffffffca8b2000
core   0: 0x00000000800042bc (0x0173acb3) slt     s9, t2, s7
core   0: 1 0x00000000800042bc (0x0173acb3) x25 0x0000000000000001
core   0: 0x00000000800042c0 (0x0068f8b3) and     a7, a7, t1
core   0: 1 0x00000000800042c0 (0x0068f8b3) x17 0xffffffffffffffff
core   0: 0x00000000800042c4 (0xc237f9d3) fcvt.lu.d s3, fa5
core   0: 1 0x00000000800042c4 (0xc237f9d3) c1_fflags 0x0000000000000010 x19 0x0000000000000000
core   0: 0x00000000800042c8 (0x230e8ad3) fsgnj.d fs5, ft9, fa6
core   0: 1 0x00000000800042c8 (0x230e8ad3) f21 0x7ff8000000000000
core   0: 0x00000000800042cc (0x40025213) srai    tp, tp, 0
core   0: 1 0x00000000800042cc (0x40025213) x4  0x0000000000000001
core   0: 0x00000000800042d0 (0x1a3af653) fdiv.d  fa2, fs5, ft3
core   0: 1 0x00000000800042d0 (0x1a3af653) f12 0x7ff8000000000000
core   0: 0x00000000800042d4 (0x0030fe33) and     t3, ra, gp
core   0: 1 0x00000000800042d4 (0x0030fe33) x28 0x0000000000000000
core   0: 0x00000000800042d8 (0x011272b3) and     t0, tp, a7
core   0: 1 0x00000000800042d8 (0x011272b3) x5  0x0000000000000001
core   0: 0x00000000800042dc (0xc23afdd3) fcvt.lu.d s11, fs5
core   0: 1 0x00000000800042dc (0xc23afdd3) c1_fflags 0x0000000000000010 x27 0xffffffffffffffff
core   0: 0x00000000800042e0 (0x02cdc63b) divw    a2, s11, a2
core   0: 1 0x00000000800042e0 (0x02cdc63b) x12 0x0000000000000000
core   0: 0x00000000800042e4 (0x43f47fcb) fnmsub.d ft11, fs0, ft11, fs0
core   0: 1 0x00000000800042e4 (0x43f47fcb) f31 0x7ff8000000000000
core   0: 0x00000000800042e8 (0xd20404d3) fcvt.d.w fs1, s0
core   0: 1 0x00000000800042e8 (0xd20404d3) f9  0x0000000000000000
core   0: 0x00000000800042ec (0x41ddd79b) sraiw   a5, s11, 29
core   0: 1 0x00000000800042ec (0x41ddd79b) x15 0xffffffffffffffff
core   0: 0x00000000800042f0 (0x2e17c693) xori    a3, a5, 737
core   0: 1 0x00000000800042f0 (0x2e17c693) x13 0xfffffffffffffd1e
core   0: 0x00000000800042f4 (0x00041dbb) sllw    s11, s0, zero
core   0: 1 0x00000000800042f4 (0x00041dbb) x27 0x0000000000000000
core   0: 0x00000000800042f8 (0x2b691953) fmax.d  fs2, fs2, fs6
core   0: 1 0x00000000800042f8 (0x2b691953) f18 0x7ff0000000000000
core   0: 0x00000000800042fc (0x9d568313) addi    t1, a3, -1579
core   0: 1 0x00000000800042fc (0x9d568313) x6  0xfffffffffffff6f3
core   0: 0x0000000080004300 (0x420708d3) fcvt.d.s fa7, fa4
core   0: 1 0x0000000080004300 (0x420708d3) f17 0x7ff8000000000000
core   0: 0x0000000080004304 (0x5a04f653) fsqrt.d fa2, fs1
core   0: 1 0x0000000080004304 (0x5a04f653) f12 0x0000000000000000
core   0: 0x0000000080004308 (0x023cf43b) remuw   s0, s9, gp
core   0: 1 0x0000000080004308 (0x023cf43b) x8  0x0000000000000001
core   0: 0x000000008000430c (0x014303bb) addw    t2, t1, s4
core   0: 1 0x000000008000430c (0x014303bb) x7  0xfffffffffffff6f3
core   0: 0x0000000080004310 (0x01c69913) slli    s2, a3, 28
core   0: 1 0x0000000080004310 (0x01c69913) x18 0xffffffd1e0000000
core   0: 0x0000000080004314 (0x021970bb) remuw   ra, s2, ra
core   0: 1 0x0000000080004314 (0x021970bb) x1  0xffffffffe0000000
core   0: 0x0000000080004318 (0x017294bb) sllw    s1, t0, s7
core   0: 1 0x0000000080004318 (0x017294bb) x9  0x0000000000000001
core   0: 0x000000008000431c (0xd2397f53) fcvt.d.lu ft10, s2
core   0: 1 0x000000008000431c (0xd2397f53) f30 0x43effffffa3c0000
core   0: 0x0000000080004320 (0x00202a73) csrrs   s4, frm, zero
core   0: 1 0x0000000080004320 (0x00202a73) x20 0x0000000000000000
core   0: 0x0000000080004324 (0x03fa1093) slli    ra, s4, 63
core   0: 1 0x0000000080004324 (0x03fa1093) x1  0x0000000000000000
core   0: 0x0000000080004328 (0x420103d3) fcvt.d.s ft7, ft2
core   0: 1 0x0000000080004328 (0x420103d3) f7  0x0000000000000000
core   0: 0x000000008000432c (0x01a28c3b) addw    s8, t0, s10
core   0: 1 0x000000008000432c (0x01a28c3b) x24 0x0000000000000001
core   0: 0x0000000080004330 (0x420e0153) fcvt.d.s ft2, ft8
core   0: 1 0x0000000080004330 (0x420e0153) f2  0x7ff8000000000000
core   0: 0x0000000080004334 (0x012909b3) add     s3, s2, s2
core   0: 1 0x0000000080004334 (0x012909b3) x19 0xffffffa3c0000000
core   0: 0x0000000080004338 (0x00000001) c.nop
core   0: 1 0x0000000080004338 (0x0001)
core   0: 0x000000008000433a (0xd2040753) fcvt.d.w fa4, s0
core   0: 1 0x000000008000433a (0xd2040753) f14 0x3ff0000000000000
core   0: 0x000000008000433e (0x2ae69853) fmax.d  fa6, fa3, fa4
core   0: 1 0x000000008000433e (0x2ae69853) f16 0x3ff0000000000000
core   0: 0x0000000080004342 (0x001292f3) csrrw   t0, fflags, t0
core   0: 1 0x0000000080004342 (0x001292f3) x5  0x0000000000000010 c1_fflags 0x0000000000000001
core   0: 0x0000000080004346 (0x039b753b) remuw   a0, s6, s9
core   0: 1 0x0000000080004346 (0x039b753b) x10 0x0000000000000000
core   0: 0x000000008000434a (0xc20877d3) fcvt.w.d a5, fa6
core   0: 1 0x000000008000434a (0xc20877d3) x15 0x0000000000000001
core   0: 0x000000008000434e (0x00ac58bb) srlw    a7, s8, a0
core   0: 1 0x000000008000434e (0x00ac58bb) x17 0x0000000000000001
core   0: 0x0000000080004352 (0xc20ef453) fcvt.w.d s0, ft9
core   0: 1 0x0000000080004352 (0xc20ef453) c1_fflags 0x0000000000000011 x8  0x000000007fffffff
core   0: 0x0000000080004356 (0x00d403bb) addw    t2, s0, a3
core   0: 1 0x0000000080004356 (0x00d403bb) x7  0x000000007ffffd1d
core   0: 0x000000008000435a (0x025448b3) div     a7, s0, t0
core   0: 1 0x000000008000435a (0x025448b3) x17 0x0000000007ffffff
core   0: 0x000000008000435e (0x0252dbbb) divuw   s7, t0, t0
core   0: 1 0x000000008000435e (0x0252dbbb) x23 0x0000000000000001
core   0: 0x0000000080004362 (0x0231d6b3) divu    a3, gp, gp
core   0: 1 0x0000000080004362 (0x0231d6b3) x13 0x0000000000000001
core   0: 0x0000000080004366 (0x41aa0db3) sub     s11, s4, s10
core   0: 1 0x0000000080004366 (0x41aa0db3) x27 0x0000000000000000
core   0: 0x000000008000436a (0x01b74b33) xor     s6, a4, s11
core   0: 1 0x000000008000436a (0x01b74b33) x22 0x0000000000000002
core   0: 0x000000008000436e (0x0b1b7853) fsub.d  fa6, fs6, fa7
core   0: 1 0x000000008000436e (0x0b1b7853) f16 0x7ff8000000000000
core   0: 0x0000000080004372 (0xc21877d3) fcvt.wu.d a5, fa6
core   0: 1 0x0000000080004372 (0xc21877d3) c1_fflags 0x0000000000000011 x15 0xffffffffffffffff
core   0: 0x0000000080004376 (0xd0297fd3) fcvt.s.l ft11, s2
core   0: 1 0x0000000080004376 (0xd0297fd3) f31 0xffffffffd2388000
core   0: 0x000000008000437a (0x02f55533) divu    a0, a0, a5
core   0: 1 0x000000008000437a (0x02f55533) x10 0x0000000000000000
core   0: 0x000000008000437e (0x001d1c73) csrrw   s8, fflags, s10
core   0: 1 0x000000008000437e (0x001d1c73) x24 0x0000000000000011 c1_fflags 0x0000000000000000
core   0: 0x0000000080004382 (0x52dc5417) auipc   s0, 0x52dc5
core   0: 1 0x0000000080004382 (0x52dc5417) x8  0x00000000d2dc9382
core   0: 0x0000000080004386 (0x401df3d3) fcvt.s.d ft7, fs11
core   0: 1 0x0000000080004386 (0x401df3d3) f7  0xffffffff7fc00000
core   0: 0x000000008000438a (0x2a2394d3) fmax.d  fs1, ft7, ft2
core   0: 1 0x000000008000438a (0x2a2394d3) f9  0x7ff8000000000000
core   0: 0x000000008000438e (0x01a15a3b) srlw    s4, sp, s10
core   0: 1 0x000000008000438e (0x01a15a3b) x20 0xfffffffffffe07e8
core   0: 0x0000000080004392 (0xd23af0d3) fcvt.d.lu ft1, s5
core   0: 1 0x0000000080004392 (0xd23af0d3) f1  0x4092580000000000
core   0: 0x0000000080004396 (0x03ad5cb3) divu    s9, s10, s10
core   0: 1 0x0000000080004396 (0x03ad5cb3) x25 0xffffffffffffffff
core   0: 0x000000008000439a (0xd03471d3) fcvt.s.lu ft3, s0
core   0: 1 0x000000008000439a (0xd03471d3) c1_fflags 0x0000000000000001 f3  0xffffffff4f52dc94
core   0: 0x000000008000439e (0x4153893b) subw    s2, t2, s5
core   0: 1 0x000000008000439e (0x4153893b) x18 0x000000007ffff887
core   0: 0x00000000800043a2 (0x409d5e9b) sraiw   t4, s10, 9
core   0: 1 0x00000000800043a2 (0x409d5e9b) x29 0x0000000000000000
core   0: 0x00000000800043a6 (0x23a6a6d3) fsgnjx.d fa3, fa3, fs10
core   0: 1 0x00000000800043a6 (0x23a6a6d3) f13 0x7ff8000000000000
core   0: 0x00000000800043aa (0x02712b33) mulhsu  s6, sp, t2
core   0: 1 0x00000000800043aa (0x02712b33) x22 0xffffffffffffffff
core   0: 0x00000000800043ae (0x01d3fc33) and     s8, t2, t4
core   0: 1 0x00000000800043ae (0x01d3fc33) x24 0x0000000000000000
core   0: 0x00000000800043b2 (0x001020f3) csrrs   ra, fflags, zero
core   0: 1 0x00000000800043b2 (0x001020f3) x1  0x0000000000000001
core   0: 0x00000000800043b6 (0x00fc0233) add     tp, s8, a5
core   0: 1 0x00000000800043b6 (0x00fc0233) x4  0xffffffffffffffff
core   0: 0x00000000800043ba (0x0122591b) srliw   s2, tp, 18
core   0: 1 0x00000000800043ba (0x0122591b) x18 0x0000000000003fff
core   0: 0x00000000800043be (0x038833b3) mulhu   t2, a6, s8
core   0: 1 0x00000000800043be (0x038833b3) x7  0x0000000000000000
core   0: 0x00000000800043c2 (0x0281d43b) divuw   s0, gp, s0
core   0: 1 0x00000000800043c2 (0x0281d43b) x8  0x0000000000000001
core   0: 0x00000000800043c6 (0x406d8dbb) subw    s11, s11, t1
core   0: 1 0x00000000800043c6 (0x406d8dbb) x27 0x000000000000090d
core   0: 0x00000000800043ca (0x4187d7bb) sraw    a5, a5, s8
core   0: 1 0x00000000800043ca (0x4187d7bb) x15 0xffffffffffffffff
core   0: 0x00000000800043ce (0x00000001) c.nop
core   0: 1 0x00000000800043ce (0x0001)
core   0: 0x00000000800043d0 (0xb23072cf) fnmadd.d ft5, ft0, ft3, fs6
core   0: 1 0x00000000800043d0 (0xb23072cf) f5  0x7ff8000000000000
core   0: 0x00000000800043d4 (0x407880b3) sub     ra, a7, t2
core   0: 1 0x00000000800043d4 (0x407880b3) x1  0x0000000007ffffff
core   0: 0x00000000800043d8 (0x5f2de217) auipc   tp, 0x5f2de
core   0: 1 0x00000000800043d8 (0x5f2de217) x4  0x00000000df2e23d8
core   0: 0x00000000800043dc (0xd21007d3) fcvt.d.wu fa5, zero
core   0: 1 0x00000000800043dc (0xd21007d3) f15 0x0000000000000000
core   0: 0x00000000800043e0 (0x41b457b3) sra     a5, s0, s11
core   0: 1 0x00000000800043e0 (0x41b457b3) x15 0x0000000000000000
core   0: 0x00000000800043e4 (0x5b438e93) addi    t4, t2, 1460
core   0: 1 0x00000000800043e4 (0x5b438e93) x29 0x00000000000005b4
core   0: 0x00000000800043e8 (0x402ed59b) sraiw   a1, t4, 2
core   0: 1 0x00000000800043e8 (0x402ed59b) x11 0x000000000000016d
core   0: 0x00000000800043ec (0x0375abb3) mulhsu  s7, a1, s7
core   0: 1 0x00000000800043ec (0x0375abb3) x23 0x0000000000000000
core   0: 0x00000000800043f0 (0x030cb833) mulhu   a6, s9, a6
core   0: 1 0x00000000800043f0 (0x030cb833) x16 0xfffffffffffffffe
core   0: 0x00000000800043f4 (0xc02bbe17) auipc   t3, 0xc02bb
core   0: 1 0x00000000800043f4 (0xc02bbe17) x28 0x00000000402bf3f4
core   0: 0x00000000800043f8 (0x4018d593) srai    a1, a7, 1
core   0: 1 0x00000000800043f8 (0x4018d593) x11 0x0000000003ffffff
core   0: 0x00000000800043fc (0x401adb1b) sraiw   s6, s5, 1
core   0: 1 0x00000000800043fc (0x401adb1b) x22 0x000000000000024b
core   0: 0x0000000080004400 (0xd027fdd3) fcvt.s.l fs11, a5
core   0: 1 0x0000000080004400 (0xd027fdd3) f27 0xffffffff00000000
core   0: 0x0000000080004404 (0x05118eb7) lui     t4, 0x5118
core   0: 1 0x0000000080004404 (0x05118eb7) x29 0x0000000005118000
core   0: 0x0000000080004408 (0xf97e8e9b) addiw   t4, t4, -105
core   0: 1 0x0000000080004408 (0xf97e8e9b) x29 0x0000000005117f97
core   0: 0x000000008000440c (0x00000eb2) c.slli  t4, 12
core   0: 1 0x000000008000440c (0x0eb2) x29 0x0000005117f97000
core   0: 0x000000008000440e (0xb47e8e93) addi    t4, t4, -1209
core   0: 1 0x000000008000440e (0xb47e8e93) x29 0x0000005117f96b47
core   0: 0x0000000080004412 (0x220d1d53) fsgnjn.d fs10, fs10, ft0
core   0: 1 0x0000000080004412 (0x220d1d53) f26 0x41efffffffe00000
core   0: 0x0000000080004416 (0xfd44b437) lui     s0, 0xfd44b
core   0: 1 0x0000000080004416 (0xfd44b437) x8  0xfffffffffd44b000
core   0: 0x000000008000441a (0xf954041b) addiw   s0, s0, -107
core   0: 1 0x000000008000441a (0xf954041b) x8  0xfffffffffd44af95
core   0: 0x000000008000441e (0x00000432) c.slli  s0, 12
core   0: 1 0x000000008000441e (0x0432) x8  0xffffffd44af95000
core   0: 0x0000000080004420 (0xe3940413) addi    s0, s0, -455
core   0: 1 0x0000000080004420 (0xe3940413) x8  0xffffffd44af94e39
core   0: 0x0000000080004424 (0x002414f3) csrrw   s1, frm, s0
core   0: 1 0x0000000080004424 (0x002414f3) x9  0x0000000000000000 c2_frm 0x0000000000000001
core   0: 0x0000000080004428 (0xd2010153) fcvt.d.w ft2, sp
core   0: 1 0x0000000080004428 (0xd2010153) f2  0xc0ff818000000000
core   0: 0x000000008000442c (0x021d5e93) srli    t4, s10, 33
core   0: 1 0x000000008000442c (0x021d5e93) x29 0x0000000000000000
core   0: 0x0000000080004430 (0x01ba58b3) srl     a7, s4, s11
core   0: 1 0x0000000080004430 (0x01ba58b3) x17 0x0007fffffffffff0
core   0: 0x0000000080004434 (0x000c9c9b) slliw   s9, s9, 0
core   0: 1 0x0000000080004434 (0x000c9c9b) x25 0xffffffffffffffff
core   0: 0x0000000080004438 (0x0bc5f553) fsub.d  fa0, fa1, ft8
core   0: 1 0x0000000080004438 (0x0bc5f553) f10 0x7ff8000000000000
core   0: 0x000000008000443c (0x00056db3) or      s11, a0, zero
core   0: 1 0x000000008000443c (0x00056db3) x27 0x0000000000000000
core   0: 0x0000000080004440 (0xd3e0c693) xori    a3, ra, -706
core   0: 1 0x0000000080004440 (0xd3e0c693) x13 0xfffffffff80002c1
core   0: 0x0000000080004444 (0x401d75d3) fcvt.s.d fa1, fs10
core   0: 1 0x0000000080004444 (0x401d75d3) c1_fflags 0x0000000000000001 f11 0xffffffff4f7fffff
core   0: 0x0000000080004448 (0x00102173) csrrs   sp, fflags, zero
core   0: 1 0x0000000080004448 (0x00102173) x2  0x0000000000000001
core   0: 0x000000008000444c (0x02f4e7b3) rem     a5, s1, a5
core   0: 1 0x000000008000444c (0x02f4e7b3) x15 0x0000000000000000
core   0: 0x0000000080004450 (0x00000001) c.nop
core   0: 1 0x0000000080004450 (0x0001)
core   0: 0x0000000080004452 (0x025ebeb3) mulhu   t4, t4, t0
core   0: 1 0x0000000080004452 (0x025ebeb3) x29 0x0000000000000000
core   0: 0x0000000080004456 (0xcb15f6cf) fnmadd.d fa3, fa1, fa7, fs9
core   0: 1 0x0000000080004456 (0xcb15f6cf) f13 0x7ff8000000000000
core   0: 0x000000008000445a (0x68b13cb7) lui     s9, 0x68b13
core   0: 1 0x000000008000445a (0x68b13cb7) x25 0x0000000068b13000
core   0: 0x000000008000445e (0x0003941b) slliw   s0, t2, 0
core   0: 1 0x000000008000445e (0x0003941b) x8  0x0000000000000000
core   0: 0x0000000080004462 (0x01905c13) srli    s8, zero, 25
core   0: 1 0x0000000080004462 (0x01905c13) x24 0x0000000000000000
core   0: 0x0000000080004466 (0x7ffbf113) andi    sp, s7, 2047
core   0: 1 0x0000000080004466 (0x7ffbf113) x2  0x0000000000000000
core   0: 0x000000008000446a (0x5355704b) fnmsub.d ft0, fa0, fs5, fa0
core   0: 1 0x000000008000446a (0x5355704b) f0  0x7ff8000000000000
core   0: 0x000000008000446e (0x017168b3) or      a7, sp, s7
core   0: 1 0x000000008000446e (0x017168b3) x17 0x0000000000000000
core   0: 0x0000000080004472 (0x01150ebb) addw    t4, a0, a7
core   0: 1 0x0000000080004472 (0x01150ebb) x29 0x0000000000000000
core   0: 0x0000000080004476 (0x004a5e33) srl     t3, s4, tp
core   0: 1 0x0000000080004476 (0x004a5e33) x28 0x000000ffffffffff
core   0: 0x000000008000447a (0x01de79b3) and     s3, t3, t4
core   0: 1 0x000000008000447a (0x01de79b3) x19 0x0000000000000000
core   0: 0x000000008000447e (0x406989b3) sub     s3, s3, t1
core   0: 1 0x000000008000447e (0x406989b3) x19 0x000000000000090d
core   0: 0x0000000080004482 (0x00ce51b3) srl     gp, t3, a2
core   0: 1 0x0000000080004482 (0x00ce51b3) x3  0x000000ffffffffff
core   0: 0x0000000080004486 (0x0336b2b3) mulhu   t0, a3, s3
core   0: 1 0x0000000080004486 (0x0336b2b3) x5  0x000000000000090c
core   0: 0x000000008000448a (0xd026f0d3) fcvt.s.l ft1, a3
core   0: 1 0x000000008000448a (0xd026f0d3) c1_fflags 0x0000000000000001 f1  0xffffffffccffffa7
core   0: 0x000000008000448e (0x00b9a5b3) slt     a1, s3, a1
core   0: 1 0x000000008000448e (0x00b9a5b3) x11 0x0000000000000001
core   0: 0x0000000080004492 (0x010dd39b) srliw   t2, s11, 16
core   0: 1 0x0000000080004492 (0x010dd39b) x7  0x0000000000000000
core   0: 0x0000000080004496 (0xc238f053) fcvt.lu.d zero, fa7
core   0: 1 0x0000000080004496 (0xc238f053) c1_fflags 0x0000000000000011
core   0: 0x000000008000449a (0x5b7e75cf) fnmadd.d fa1, ft8, fs7, fa1
core   0: 1 0x000000008000449a (0x5b7e75cf) f11 0x7ff8000000000000
core   0: 0x000000008000449e (0x00304633) xor     a2, zero, gp
core   0: 1 0x000000008000449e (0x00304633) x12 0x000000ffffffffff
core   0: 0x00000000800044a2 (0x40c00dbb) subw    s11, zero, a2
core   0: 1 0x00000000800044a2 (0x40c00dbb) x27 0x0000000000000001
core   0: 0x00000000800044a6 (0x00171773) csrrw   a4, fflags, a4
core   0: 1 0x00000000800044a6 (0x00171773) x14 0x0000000000000011 c1_fflags 0x0000000000000002
core   0: 0x00000000800044aa (0x0254d2bb) divuw   t0, s1, t0
core   0: 1 0x00000000800044aa (0x0254d2bb) x5  0x0000000000000000
core   0: 0x00000000800044ae (0x36846413) ori     s0, s0, 872
core   0: 1 0x00000000800044ae (0x36846413) x8  0x0000000000000368
core   0: 0x00000000800044b2 (0x02527d33) remu    s10, tp, t0
core   0: 1 0x00000000800044b2 (0x02527d33) x26 0x00000000df2e23d8
core   0: 0x00000000800044b6 (0x0258e8b3) rem     a7, a7, t0
core   0: 1 0x00000000800044b6 (0x0258e8b3) x17 0x0000000000000000
core   0: 0x00000000800044ba (0x03a8c4bb) divw    s1, a7, s10
core   0: 1 0x00000000800044ba (0x03a8c4bb) x9  0x0000000000000000
core   0: 0x00000000800044be (0xfb4e76cf) fnmadd.d fa3, ft8, fs4, ft11
core   0: 1 0x00000000800044be (0xfb4e76cf) f13 0x7ff8000000000000
core   0: 0x00000000800044c2 (0x0017571b) srliw   a4, a4, 1
core   0: 1 0x00000000800044c2 (0x0017571b) x14 0x0000000000000008
core   0: 0x00000000800044c6 (0x01a899bb) sllw    s3, a7, s10
core   0: 1 0x00000000800044c6 (0x01a899bb) x19 0x0000000000000000
core   0: 0x00000000800044ca (0x0ff0000f) fence   iorw,iorw
core   0: 1 0x00000000800044ca (0x0ff0000f)
core   0: 0x00000000800044ce (0x029ec4bb) divw    s1, t4, s1
core   0: 1 0x00000000800044ce (0x029ec4bb) x9  0xffffffffffffffff
core   0: 0x00000000800044d2 (0x025d43bb) divw    t2, s10, t0
core   0: 1 0x00000000800044d2 (0x025d43bb) x7  0xffffffffffffffff
core   0: 0x00000000800044d6 (0xd20d08d3) fcvt.d.w fa7, s10
core   0: 1 0x00000000800044d6 (0xd20d08d3) f17 0xc1c068ee14000000
core   0: 0x00000000800044da (0x408e0bbb) subw    s7, t3, s0
core   0: 1 0x00000000800044da (0x408e0bbb) x23 0xfffffffffffffc97
core   0: 0x00000000800044de (0x8ad8fac7) fmsub.d fs5, fa7, fa3, fa7
core   0: 1 0x00000000800044de (0x8ad8fac7) f21 0x7ff8000000000000
core   0: 0x00000000800044e2 (0x413e09bb) subw    s3, t3, s3
core   0: 1 0x00000000800044e2 (0x413e09bb) x19 0xffffffffffffffff
core   0: 0x00000000800044e6 (0x40068bbb) subw    s7, a3, zero
core   0: 1 0x00000000800044e6 (0x40068bbb) x23 0xfffffffff80002c1
core   0: 0x00000000800044ea (0x2aa68553) fmin.d  fa0, fa3, fa0
core   0: 1 0x00000000800044ea (0x2aa68553) f10 0x7ff8000000000000
core   0: 0x00000000800044ee (0xa2e88a53) fle.d   s4, fa7, fa4
core   0: 1 0x00000000800044ee (0xa2e88a53) x20 0x0000000000000001
core   0: 0x00000000800044f2 (0xc81b32f3) csrrc   t0, timeh, s6
core   0: exception trap_illegal_instruction, epc 0x00000000800044f2
core   0:           tval 0x00000000c81b32f3
core   0: >>>>  $xrv64i2p1_m2p0_a2p1_f2p2_d2p2_zicsr2p0_zifencei2p0_zmmul1p0_zba1p0_zbb1p0_zbc1p0_zbs1p0
core   0: 0x0000000080004000 (0x0080006f) j       pc + 0x8
core   0: 3 0x0000000080004000 (0x0080006f)
core   0: >>>>  mmode_exception_handler
core   0: 0x0000000080004008 (0x00002c17) auipc   s8, 0x2
core   0: 3 0x0000000080004008 (0x00002c17) x24 0x0000000080006008
core   0: 0x000000008000400c (0x09cc0c13) addi    s8, s8, 156
core   0: 3 0x000000008000400c (0x09cc0c13) x24 0x00000000800060a4
core   0: 0x0000000080004010 (0x000c00e7) jalr    s8
core   0: 3 0x0000000080004010 (0x000c00e7) x1  0x0000000080004014
core   0: >>>>  any_handler
core   0: 0x00000000800060a4 (0x341027f3) csrrs   a5, mepc, zero
core   0: 3 0x00000000800060a4 (0x341027f3) x15 0x00000000800044f2
core   0: 0x00000000800060a8 (0x34202773) csrrs   a4, mcause, zero
core   0: 3 0x00000000800060a8 (0x34202773) x14 0x0000000000000002
core   0: 0x00000000800060ac (0x142026f3) csrrs   a3, scause, zero
core   0: 3 0x00000000800060ac (0x142026f3) x13 0x0000000000000000
core   0: 0x00000000800060b0 (0x30402673) csrrs   a2, mie, zero
core   0: 3 0x00000000800060b0 (0x30402673) x12 0x0000000000000a00
core   0: 0x00000000800060b4 (0x344025f3) csrrs   a1, mip, zero
core   0: 3 0x00000000800060b4 (0x344025f3) x11 0x0000000000000080
core   0: 0x00000000800060b8 (0x343025f3) csrrs   a1, mtval, zero
core   0: 3 0x00000000800060b8 (0x343025f3) x11 0x00000000c81b32f3
core   0: 0x00000000800060bc (0x14302573) csrrs   a0, stval, zero
core   0: 3 0x00000000800060bc (0x14302573) x10 0x0000000000000000
core   0: 0x00000000800060c0 (0xb02024f3) csrrs   s1, minstret, zero
core   0: 3 0x00000000800060c0 (0xb02024f3) x9  0x000000000000092c
core   0: 0x00000000800060c4 (0x0000a811) c.j     pc + 20
core   0: 3 0x00000000800060c4 (0xa811)
core   0: >>>>  mepc_4
core   0: 0x00000000800060d8 (0x00000791) c.addi  a5, 4
core   0: 3 0x00000000800060d8 (0x0791) x15 0x00000000800044f6
core   0: 0x00000000800060da (0x34179073) csrrw   zero, mepc, a5
core   0: 3 0x00000000800060da (0x34179073) c833_mepc 0x00000000800044f6
core   0: 0x00000000800060de (0x30200073) mret
core   0: 3 0x00000000800060de (0x30200073) c768_mstatus 0x8000000a00106080
core   0: 0x00000000800044f6 (0x4172d7b3) sra     a5, t0, s7
core   0: 1 0x00000000800044f6 (0x4172d7b3) x15 0x0000000000000000
core   0: 0x00000000800044fa (0x03fa1013) slli    zero, s4, 63
core   0: 1 0x00000000800044fa (0x03fa1013)
core   0: 0x00000000800044fe (0x40fe8ebb) subw    t4, t4, a5
core   0: 1 0x00000000800044fe (0x40fe8ebb) x29 0x0000000000000000
core   0: 0x0000000080004502 (0x02c05c93) srli    s9, zero, 44
core   0: 1 0x0000000080004502 (0x02c05c93) x25 0x0000000000000000
core   0: 0x0000000080004506 (0x800c829b) addiw   t0, s9, -2048
core   0: 1 0x0000000080004506 (0x800c829b) x5  0xfffffffffffff800
core   0: 0x000000008000450a (0xa2d48b53) fle.d   s6, fs1, fa3
core   0: 1 0x000000008000450a (0xa2d48b53) c1_fflags 0x0000000000000012 x22 0x0000000000000000
core   0: 0x000000008000450e (0x230522d3) fsgnjx.d ft5, fa0, fa6
core   0: 1 0x000000008000450e (0x230522d3) f5  0x7ff8000000000000
core   0: 0x0000000080004512 (0x034e8bbb) mulw    s7, t4, s4
core   0: 1 0x0000000080004512 (0x034e8bbb) x23 0x0000000000000000
core   0: 0x0000000080004516 (0x0258a533) mulhsu  a0, a7, t0
core   0: 1 0x0000000080004516 (0x0258a533) x10 0x0000000000000000
core   0: 0x000000008000451a (0x0300083b) mulw    a6, zero, a6
core   0: 1 0x000000008000451a (0x0300083b) x16 0x0000000000000000
core   0: 0x000000008000451e (0x00008dc2) c.mv    s11, a6
core   0: 1 0x000000008000451e (0x8dc2) x27 0x0000000000000000
core   0: 0x0000000080004520 (0x82652597) auipc   a1, 0x82652
core   0: 1 0x0000000080004520 (0x82652597) x11 0x0000000002656520
core   0: 0x0000000080004524 (0x00008105) c.srli  a0, 1
core   0: 1 0x0000000080004524 (0x8105) x10 0x0000000000000000
core   0: 0x0000000080004526 (0x20b94d97) auipc   s11, 0x20b94
core   0: 1 0x0000000080004526 (0x20b94d97) x27 0x00000000a0b98526
core   0: 0x000000008000452a (0x00160d1b) addiw   s10, a2, 1
core   0: 1 0x000000008000452a (0x00160d1b) x26 0x0000000000000a01
core   0: 0x000000008000452e (0x01ad8a3b) addw    s4, s11, s10
core   0: 1 0x000000008000452e (0x01ad8a3b) x20 0xffffffffa0b98f27
core   0: 0x0000000080004532 (0x00124793) xori    a5, tp, 1
core   0: 1 0x0000000080004532 (0x00124793) x15 0x00000000df2e23d9
core   0: 0x0000000080004536 (0x86127b93) andi    s7, tp, -1951
core   0: 1 0x0000000080004536 (0x86127b93) x23 0x00000000df2e2040
core   0: 0x000000008000453a (0x00271473) csrrw   s0, frm, a4
core   0: 1 0x000000008000453a (0x00271473) x8  0x0000000000000001 c2_frm 0x0000000000000002
core   0: 0x000000008000453e (0xc205f753) fcvt.w.d a4, fa1
core   0: 1 0x000000008000453e (0xc205f753) c1_fflags 0x0000000000000012 x14 0x000000007fffffff
core   0: 0x0000000080004542 (0x01491113) slli    sp, s2, 20
core   0: 1 0x0000000080004542 (0x01491113) x2  0x00000003fff00000
core   0: 0x0000000080004546 (0x00b97e33) and     t3, s2, a1
core   0: 1 0x0000000080004546 (0x00b97e33) x28 0x0000000000002520
core   0: 0x000000008000454a (0xd2eb72c7) fmsub.d ft5, fs6, fa4, fs10
core   0: 1 0x000000008000454a (0xd2eb72c7) f5  0x7ff0000000000000
core   0: 0x000000008000454e (0x00345433) srl     s0, s0, gp
core   0: 1 0x000000008000454e (0x00345433) x8  0x0000000000000000
core   0: 0x0000000080004552 (0xb3e2fb4f) fnmadd.d fs6, ft5, ft10, fs6
core   0: 1 0x0000000080004552 (0xb3e2fb4f) f22 0xfff0000000000000
core   0: 0x0000000080004556 (0xd20a07d3) fcvt.d.w fa5, s4
core   0: 1 0x0000000080004556 (0xd20a07d3) f15 0xc1d7d19c36400000
core   0: 0x000000008000455a (0x0089043b) addw    s0, s2, s0
core   0: 1 0x000000008000455a (0x0089043b) x8  0x0000000000003fff
core   0: 0x000000008000455e (0x00159773) csrrw   a4, fflags, a1
core   0: 1 0x000000008000455e (0x00159773) x14 0x0000000000000012 c1_fflags 0x0000000000000000
core   0: 0x0000000080004562 (0x008eebb3) or      s7, t4, s0
core   0: 1 0x0000000080004562 (0x008eebb3) x23 0x0000000000003fff
core   0: 0x0000000080004566 (0xb4ce8b1b) addiw   s6, t4, -1204
core   0: 1 0x0000000080004566 (0xb4ce8b1b) x22 0xfffffffffffffb4c
core   0: 0x000000008000456a (0x03805413) srli    s0, zero, 56
core   0: 1 0x000000008000456a (0x03805413) x8  0x0000000000000000
core   0: 0x000000008000456e (0x07b8081b) addiw   a6, a6, 123
core   0: 1 0x000000008000456e (0x07b8081b) x16 0x000000000000007b
core   0: 0x0000000080004572 (0x420d8853) fcvt.d.s fa6, fs11
core   0: 1 0x0000000080004572 (0x420d8853) f16 0x0000000000000000
core   0: 0x0000000080004576 (0xc04925f3) csrrs   a1, hpmcounter4, s2
core   0: exception trap_illegal_instruction, epc 0x0000000080004576
core   0:           tval 0x00000000c04925f3
core   0: >>>>  $xrv64i2p1_m2p0_a2p1_f2p2_d2p2_zicsr2p0_zifencei2p0_zmmul1p0_zba1p0_zbb1p0_zbc1p0_zbs1p0
core   0: 0x0000000080004000 (0x0080006f) j       pc + 0x8
core   0: 3 0x0000000080004000 (0x0080006f)
core   0: >>>>  mmode_exception_handler
core   0: 0x0000000080004008 (0x00002c17) auipc   s8, 0x2
core   0: 3 0x0000000080004008 (0x00002c17) x24 0x0000000080006008
core   0: 0x000000008000400c (0x09cc0c13) addi    s8, s8, 156
core   0: 3 0x000000008000400c (0x09cc0c13) x24 0x00000000800060a4
core   0: 0x0000000080004010 (0x000c00e7) jalr    s8
core   0: 3 0x0000000080004010 (0x000c00e7) x1  0x0000000080004014
core   0: >>>>  any_handler
core   0: 0x00000000800060a4 (0x341027f3) csrrs   a5, mepc, zero
core   0: 3 0x00000000800060a4 (0x341027f3) x15 0x0000000080004576
core   0: 0x00000000800060a8 (0x34202773) csrrs   a4, mcause, zero
core   0: 3 0x00000000800060a8 (0x34202773) x14 0x0000000000000002
core   0: 0x00000000800060ac (0x142026f3) csrrs   a3, scause, zero
core   0: 3 0x00000000800060ac (0x142026f3) x13 0x0000000000000000
core   0: 0x00000000800060b0 (0x30402673) csrrs   a2, mie, zero
core   0: 3 0x00000000800060b0 (0x30402673) x12 0x0000000000000a00
core   0: 0x00000000800060b4 (0x344025f3) csrrs   a1, mip, zero
core   0: 3 0x00000000800060b4 (0x344025f3) x11 0x0000000000000080
core   0: 0x00000000800060b8 (0x343025f3) csrrs   a1, mtval, zero
core   0: 3 0x00000000800060b8 (0x343025f3) x11 0x00000000c04925f3
core   0: 0x00000000800060bc (0x14302573) csrrs   a0, stval, zero
core   0: 3 0x00000000800060bc (0x14302573) x10 0x0000000000000000
core   0: 0x00000000800060c0 (0xb02024f3) csrrs   s1, minstret, zero
core   0: 3 0x00000000800060c0 (0xb02024f3) x9  0x000000000000095d
core   0: 0x00000000800060c4 (0x0000a811) c.j     pc + 20
core   0: 3 0x00000000800060c4 (0xa811)
core   0: >>>>  mepc_4
core   0: 0x00000000800060d8 (0x00000791) c.addi  a5, 4
core   0: 3 0x00000000800060d8 (0x0791) x15 0x000000008000457a
core   0: 0x00000000800060da (0x34179073) csrrw   zero, mepc, a5
core   0: 3 0x00000000800060da (0x34179073) c833_mepc 0x000000008000457a
core   0: 0x00000000800060de (0x30200073) mret
core   0: 3 0x00000000800060de (0x30200073) c768_mstatus 0x8000000a00106080
core   0: 0x000000008000457a (0x037649b3) div     s3, a2, s7
core   0: 1 0x000000008000457a (0x037649b3) x19 0x0000000000000000
core   0: 0x000000008000457e (0x00d69c33) sll     s8, a3, a3
core   0: 1 0x000000008000457e (0x00d69c33) x24 0x0000000000000000
core   0: 0x0000000080004582 (0x0393fad3) fadd.d  fs5, ft7, fs9
core   0: 1 0x0000000080004582 (0x0393fad3) f21 0x7ff8000000000000
core   0: 0x0000000080004586 (0xa3ba87d3) fle.d   a5, fs5, fs11
core   0: 1 0x0000000080004586 (0xa3ba87d3) c1_fflags 0x0000000000000010 x15 0x0000000000000000
core   0: 0x000000008000458a (0xa3bb00d3) fle.d   ra, fs6, fs11
core   0: 1 0x000000008000458a (0xa3bb00d3) c1_fflags 0x0000000000000010 x1  0x0000000000000000
core   0: 0x000000008000458e (0x00181ef3) csrrw   t4, fflags, a6
core   0: 1 0x000000008000458e (0x00181ef3) x29 0x0000000000000010 c1_fflags 0x000000000000001b
core   0: 0x0000000080004592 (0x143fe473) csrrsi  s0, stval, 31
core   0: 1 0x0000000080004592 (0x143fe473) x8  0x0000000000000000 c323_stval 0x000000000000001f
core   0: 0x0000000080004596 (0x23ec86d3) fsgnj.d fa3, fs9, ft10
core   0: 1 0x0000000080004596 (0x23ec86d3) f13 0x0000000000000000
core   0: 0x000000008000459a (0x00039893) slli    a7, t2, 0
core   0: 1 0x000000008000459a (0x00039893) x17 0xffffffffffffffff
core   0: 0x000000008000459e (0x0ff0000f) fence   iorw,iorw
core   0: 1 0x000000008000459e (0x0ff0000f)
core   0: 0x00000000800045a2 (0xd027ff53) fcvt.s.l ft10, a5
core   0: 1 0x00000000800045a2 (0xd027ff53) f30 0xffffffff00000000
core   0: 0x00000000800045a6 (0x030e7133) remu    sp, t3, a6
core   0: 1 0x00000000800045a6 (0x030e7133) x2  0x0000000000000021
core   0: 0x00000000800045aa (0x017edd33) srl     s10, t4, s7
core   0: 1 0x00000000800045aa (0x017edd33) x26 0x0000000000000000
core   0: 0x00000000800045ae (0x00009f19) c.subw  a4, a4
core   0: 1 0x00000000800045ae (0x9f19) x14 0x0000000000000000
core   0: 0x00000000800045b0 (0x22d51553) fsgnjn.d fa0, fa0, fa3
core   0: 1 0x00000000800045b0 (0x22d51553) f10 0xfff8000000000000
core   0: 0x00000000800045b4 (0x02947db3) remu    s11, s0, s1
core   0: 1 0x00000000800045b4 (0x02947db3) x27 0x0000000000000000
core   0: 0x00000000800045b8 (0x000b131b) slliw   t1, s6, 0
core   0: 1 0x00000000800045b8 (0x000b131b) x6  0xfffffffffffffb4c
core   0: 0x00000000800045bc (0x0379cb33) div     s6, s3, s7
core   0: 1 0x00000000800045bc (0x0379cb33) x22 0x0000000000000000
core   0: 0x00000000800045c0 (0xd03b77d3) fcvt.s.lu fa5, s6
core   0: 1 0x00000000800045c0 (0xd03b77d3) f15 0xffffffff00000000
core   0: 0x00000000800045c4 (0x40157353) fcvt.s.d ft6, fa0
core   0: 1 0x00000000800045c4 (0x40157353) f6  0xffffffff7fc00000
core   0: 0x00000000800045c8 (0x22691853) fsgnjn.d fa6, fs2, ft6
core   0: 1 0x00000000800045c8 (0x22691853) f16 0x7ff0000000000000
core   0: 0x00000000800045cc (0x1bb0f1c7) fmsub.d ft3, ft1, fs11, ft3
core   0: 1 0x00000000800045cc (0x1bb0f1c7) f3  0x7ff8000000000000
core   0: 0x00000000800045d0 (0xcbddfecf) fnmadd.d ft9, fs11, ft9, fs9
core   0: 1 0x00000000800045d0 (0xcbddfecf) f29 0x7ff8000000000000
core   0: 0x00000000800045d4 (0x418a5493) srai    s1, s4, 24
core   0: 1 0x00000000800045d4 (0x418a5493) x9  0xffffffffffffffa0
core   0: 0x00000000800045d8 (0x230724d3) fsgnjx.d fs1, fa4, fa6
core   0: 1 0x00000000800045d8 (0x230724d3) f9  0x3ff0000000000000
core   0: 0x00000000800045dc (0x000270b3) and     ra, tp, zero
core   0: 1 0x00000000800045dc (0x000270b3) x1  0x0000000000000000
core   0: 0x00000000800045e0 (0xd21b87d3) fcvt.d.wu fa5, s7
core   0: 1 0x00000000800045e0 (0xd21b87d3) f15 0x40cfff8000000000
core   0: 0x00000000800045e4 (0x0001de13) srli    t3, gp, 0
core   0: 1 0x00000000800045e4 (0x0001de13) x28 0x000000ffffffffff
core   0: 0x00000000800045e8 (0x40de54bb) sraw    s1, t3, a3
core   0: 1 0x00000000800045e8 (0x40de54bb) x9  0xffffffffffffffff
core   0: 0x00000000800045ec (0x8b0e7ec7) fmsub.d ft9, ft8, fa6, fa7
core   0: 1 0x00000000800045ec (0x8b0e7ec7) f29 0xfff0000000000000
core   0: 0x00000000800045f0 (0x22f612d3) fsgnjn.d ft5, fa2, fa5
core   0: 1 0x00000000800045f0 (0x22f612d3) f5  0x8000000000000000
core   0: 0x00000000800045f4 (0xd2138453) fcvt.d.wu fs0, t2
core   0: 1 0x00000000800045f4 (0xd2138453) f8  0x41efffffffe00000
core   0: 0x00000000800045f8 (0xc03ef1d3) fcvt.lu.s gp, ft9
core   0: 1 0x00000000800045f8 (0xc03ef1d3) c1_fflags 0x000000000000001b x3  0xffffffffffffffff
core   0: 0x00000000800045fc (0x90a70513) addi    a0, a4, -1782
core   0: 1 0x00000000800045fc (0x90a70513) x10 0xfffffffffffff90a
core   0: 0x0000000080004600 (0x004701bb) addw    gp, a4, tp
core   0: 1 0x0000000080004600 (0x004701bb) x3  0xffffffffdf2e23d8
core   0: 0x0000000080004604 (0x013adc9b) srliw   s9, s5, 19
core   0: 1 0x0000000080004604 (0x013adc9b) x25 0x0000000000000000
core   0: 0x0000000080004608 (0xc035faf3) csrrci  s5, hpmcounter3, 11
core   0: exception trap_illegal_instruction, epc 0x0000000080004608
core   0:           tval 0x00000000c035faf3
core   0: >>>>  $xrv64i2p1_m2p0_a2p1_f2p2_d2p2_zicsr2p0_zifencei2p0_zmmul1p0_zba1p0_zbb1p0_zbc1p0_zbs1p0
core   0: 0x0000000080004000 (0x0080006f) j       pc + 0x8
core   0: 3 0x0000000080004000 (0x0080006f)
core   0: >>>>  mmode_exception_handler
core   0: 0x0000000080004008 (0x00002c17) auipc   s8, 0x2
core   0: 3 0x0000000080004008 (0x00002c17) x24 0x0000000080006008
core   0: 0x000000008000400c (0x09cc0c13) addi    s8, s8, 156
core   0: 3 0x000000008000400c (0x09cc0c13) x24 0x00000000800060a4
core   0: 0x0000000080004010 (0x000c00e7) jalr    s8
core   0: 3 0x0000000080004010 (0x000c00e7) x1  0x0000000080004014
core   0: >>>>  any_handler
core   0: 0x00000000800060a4 (0x341027f3) csrrs   a5, mepc, zero
core   0: 3 0x00000000800060a4 (0x341027f3) x15 0x0000000080004608
core   0: 0x00000000800060a8 (0x34202773) csrrs   a4, mcause, zero
core   0: 3 0x00000000800060a8 (0x34202773) x14 0x0000000000000002
core   0: 0x00000000800060ac (0x142026f3) csrrs   a3, scause, zero
core   0: 3 0x00000000800060ac (0x142026f3) x13 0x0000000000000000
core   0: 0x00000000800060b0 (0x30402673) csrrs   a2, mie, zero
core   0: 3 0x00000000800060b0 (0x30402673) x12 0x0000000000000a00
core   0: 0x00000000800060b4 (0x344025f3) csrrs   a1, mip, zero
core   0: 3 0x00000000800060b4 (0x344025f3) x11 0x0000000000000080
core   0: 0x00000000800060b8 (0x343025f3) csrrs   a1, mtval, zero
core   0: 3 0x00000000800060b8 (0x343025f3) x11 0x00000000c035faf3
core   0: 0x00000000800060bc (0x14302573) csrrs   a0, stval, zero
core   0: 3 0x00000000800060bc (0x14302573) x10 0x000000000000001f
core   0: 0x00000000800060c0 (0xb02024f3) csrrs   s1, minstret, zero
core   0: 3 0x00000000800060c0 (0xb02024f3) x9  0x0000000000000991
core   0: 0x00000000800060c4 (0x0000a811) c.j     pc + 20
core   0: 3 0x00000000800060c4 (0xa811)
core   0: >>>>  mepc_4
core   0: 0x00000000800060d8 (0x00000791) c.addi  a5, 4
core   0: 3 0x00000000800060d8 (0x0791) x15 0x000000008000460c
core   0: 0x00000000800060da (0x34179073) csrrw   zero, mepc, a5
core   0: 3 0x00000000800060da (0x34179073) c833_mepc 0x000000008000460c
core   0: 0x00000000800060de (0x30200073) mret
core   0: 3 0x00000000800060de (0x30200073) c768_mstatus 0x8000000a00106080
core   0: 0x000000008000460c (0x00aad71b) srliw   a4, s5, 10
core   0: 1 0x000000008000460c (0x00aad71b) x14 0x0000000000000001
core   0: 0x0000000080004610 (0x00477033) and     zero, a4, tp
core   0: 1 0x0000000080004610 (0x00477033)
core   0: 0x0000000080004614 (0xc0367553) fcvt.lu.s a0, fa2
core   0: 1 0x0000000080004614 (0xc0367553) c1_fflags 0x000000000000001b x10 0xffffffffffffffff
core   0: 0x0000000080004618 (0x1b1bf653) fdiv.d  fa2, fs7, fa7
core   0: 1 0x0000000080004618 (0x1b1bf653) f12 0x7ff8000000000000
core   0: 0x000000008000461c (0x0009d99b) srliw   s3, s3, 0
core   0: 1 0x000000008000461c (0x0009d99b) x19 0x0000000000000000
core   0: 0x0000000080004620 (0xd029fbd3) fcvt.s.l fs7, s3
core   0: 1 0x0000000080004620 (0xd029fbd3) f23 0xffffffff00000000
core   0: 0x0000000080004624 (0xc03bf8d3) fcvt.lu.s a7, fs7
core   0: 1 0x0000000080004624 (0xc03bf8d3) x17 0x0000000000000000
core   0: 0x0000000080004628 (0x01ec1e9b) slliw   t4, s8, 30
core   0: 1 0x0000000080004628 (0x01ec1e9b) x29 0x0000000000000000
core   0: 0x000000008000462c (0x403b07bb) subw    a5, s6, gp
core   0: 1 0x000000008000462c (0x403b07bb) x15 0x0000000020d1dc28
core   0: 0x0000000080004630 (0xd237f5d3) fcvt.d.lu fa1, a5
core   0: 1 0x0000000080004630 (0xd237f5d3) f11 0x41c068ee14000000
core   0: 0x0000000080004634 (0xa0e3eb13) ori     s6, t2, -1522
core   0: 1 0x0000000080004634 (0xa0e3eb13) x22 0xffffffffffffffff
core   0: 0x0000000080004638 (0xe20b8c53) fmv.x.d s8, fs7
core   0: 1 0x0000000080004638 (0xe20b8c53) x24 0xffffffff00000000
core   0: 0x000000008000463c (0x6d6c0d1b) addiw   s10, s8, 1750
core   0: 1 0x000000008000463c (0x6d6c0d1b) x26 0x00000000000006d6
core   0: 0x0000000080004640 (0x7477d073) csrrwi  zero, mseccfg, 15
core   0: exception trap_illegal_instruction, epc 0x0000000080004640
core   0:           tval 0x000000007477d073
core   0: >>>>  $xrv64i2p1_m2p0_a2p1_f2p2_d2p2_zicsr2p0_zifencei2p0_zmmul1p0_zba1p0_zbb1p0_zbc1p0_zbs1p0
core   0: 0x0000000080004000 (0x0080006f) j       pc + 0x8
core   0: 3 0x0000000080004000 (0x0080006f)
core   0: >>>>  mmode_exception_handler
core   0: 0x0000000080004008 (0x00002c17) auipc   s8, 0x2
core   0: 3 0x0000000080004008 (0x00002c17) x24 0x0000000080006008
core   0: 0x000000008000400c (0x09cc0c13) addi    s8, s8, 156
core   0: 3 0x000000008000400c (0x09cc0c13) x24 0x00000000800060a4
core   0: 0x0000000080004010 (0x000c00e7) jalr    s8
core   0: 3 0x0000000080004010 (0x000c00e7) x1  0x0000000080004014
core   0: >>>>  any_handler
core   0: 0x00000000800060a4 (0x341027f3) csrrs   a5, mepc, zero
core   0: 3 0x00000000800060a4 (0x341027f3) x15 0x0000000080004640
core   0: 0x00000000800060a8 (0x34202773) csrrs   a4, mcause, zero
core   0: 3 0x00000000800060a8 (0x34202773) x14 0x0000000000000002
core   0: 0x00000000800060ac (0x142026f3) csrrs   a3, scause, zero
core   0: 3 0x00000000800060ac (0x142026f3) x13 0x0000000000000000
core   0: 0x00000000800060b0 (0x30402673) csrrs   a2, mie, zero
core   0: 3 0x00000000800060b0 (0x30402673) x12 0x0000000000000a00
core   0: 0x00000000800060b4 (0x344025f3) csrrs   a1, mip, zero
core   0: 3 0x00000000800060b4 (0x344025f3) x11 0x0000000000000080
core   0: 0x00000000800060b8 (0x343025f3) csrrs   a1, mtval, zero
core   0: 3 0x00000000800060b8 (0x343025f3) x11 0x000000007477d073
core   0: 0x00000000800060bc (0x14302573) csrrs   a0, stval, zero
core   0: 3 0x00000000800060bc (0x14302573) x10 0x000000000000001f
core   0: 0x00000000800060c0 (0xb02024f3) csrrs   s1, minstret, zero
core   0: 3 0x00000000800060c0 (0xb02024f3) x9  0x00000000000009ae
core   0: 0x00000000800060c4 (0x0000a811) c.j     pc + 20
core   0: 3 0x00000000800060c4 (0xa811)
core   0: >>>>  mepc_4
core   0: 0x00000000800060d8 (0x00000791) c.addi  a5, 4
core   0: 3 0x00000000800060d8 (0x0791) x15 0x0000000080004644
core   0: 0x00000000800060da (0x34179073) csrrw   zero, mepc, a5
core   0: 3 0x00000000800060da (0x34179073) c833_mepc 0x0000000080004644
core   0: 0x00000000800060de (0x30200073) mret
core   0: 3 0x00000000800060de (0x30200073) c768_mstatus 0x8000000a00106080
core   0: 0x0000000080004644 (0xe2080a53) fmv.x.d s4, fa6
core   0: 1 0x0000000080004644 (0xe2080a53) x20 0x7ff0000000000000
core   0: 0x0000000080004648 (0x00061ab3) sll     s5, a2, zero
core   0: 1 0x0000000080004648 (0x00061ab3) x21 0x0000000000000a00
core   0: 0x000000008000464c (0x22b2a2d3) fsgnjx.d ft5, ft5, fa1
core   0: 1 0x000000008000464c (0x22b2a2d3) f5  0x8000000000000000
core   0: 0x0000000080004650 (0x008a023b) addw    tp, s4, s0
core   0: 1 0x0000000080004650 (0x008a023b) x4  0x0000000000000000
core   0: 0x0000000080004654 (0xd23c70d3) fcvt.d.lu ft1, s8
core   0: 1 0x0000000080004654 (0xd23c70d3) f1  0x41e0000c14800000
core   0: 0x0000000080004658 (0x00202af3) csrrs   s5, frm, zero
core   0: 1 0x0000000080004658 (0x00202af3) x21 0x0000000000000002
core   0: 0x000000008000465c (0x00000001) c.nop
core   0: 1 0x000000008000465c (0x0001)
core   0: 0x000000008000465e (0x00202c73) csrrs   s8, frm, zero
core   0: 1 0x000000008000465e (0x00202c73) x24 0x0000000000000002
core   0: 0x0000000080004662 (0x005a501b) srliw   zero, s4, 5
core   0: 1 0x0000000080004662 (0x005a501b)
core   0: 0x0000000080004666 (0xd0247253) fcvt.s.l ft4, s0
core   0: 1 0x0000000080004666 (0xd0247253) f4  0xffffffff00000000
core   0: 0x000000008000466a (0x017c72b3) and     t0, s8, s7
core   0: 1 0x000000008000466a (0x017c72b3) x5  0x0000000000000002
core   0: 0x000000008000466e (0x3251c893) xori    a7, gp, 805
core   0: 1 0x000000008000466e (0x3251c893) x17 0xffffffffdf2e20fd
core   0: 0x0000000080004672 (0x23040753) fsgnj.d fa4, fs0, fa6
core   0: 1 0x0000000080004672 (0x23040753) f14 0x41efffffffe00000
core   0: 0x0000000080004676 (0x02e71833) mulh    a6, a4, a4
core   0: 1 0x0000000080004676 (0x02e71833) x16 0x0000000000000000
core   0: 0x000000008000467a (0x01cc23b3) slt     t2, s8, t3
core   0: 1 0x000000008000467a (0x01cc23b3) x7  0x0000000000000001
core   0: 0x000000008000467e (0x001022f3) csrrs   t0, fflags, zero
core   0: 1 0x000000008000467e (0x001022f3) x5  0x000000000000001b
core   0: 0x0000000080004682 (0x8a937a43) fmadd.d fs4, ft6, fs1, fa7
core   0: 1 0x0000000080004682 (0x8a937a43) f20 0x7ff8000000000000
core   0: 0x0000000080004686 (0x2384afd3) fsgnjx.d ft11, fs1, fs8
core   0: 1 0x0000000080004686 (0x2384afd3) f31 0xbff0000000000000
core   0: 0x000000008000468a (0x00000001) c.nop
core   0: 1 0x000000008000468a (0x0001)
core   0: 0x000000008000468c (0xc20c7753) fcvt.w.d a4, fs8
core   0: 1 0x000000008000468c (0xc20c7753) c1_fflags 0x000000000000001b x14 0x000000007fffffff
core   0: 0x0000000080004690 (0x016c0a3b) addw    s4, s8, s6
core   0: 1 0x0000000080004690 (0x016c0a3b) x20 0x0000000000000001
core   0: 0x0000000080004694 (0x00f7561b) srliw   a2, a4, 15
core   0: 1 0x0000000080004694 (0x00f7561b) x12 0x000000000000ffff
core   0: 0x0000000080004698 (0xd8217997) auipc   s3, 0xd8217
core   0: 1 0x0000000080004698 (0xd8217997) x19 0x000000005821b698
core   0: 0x000000008000469c (0xc224f253) fcvt.l.d tp, fs1
core   0: 1 0x000000008000469c (0xc224f253) x4  0x0000000000000001
core   0: 0x00000000800046a0 (0x417cdcbb) sraw    s9, s9, s7
core   0: 1 0x00000000800046a0 (0x417cdcbb) x25 0x0000000000000000
core   0: 0x00000000800046a4 (0x0017d093) srli    ra, a5, 1
core   0: 1 0x00000000800046a4 (0x0017d093) x1  0x0000000040002322
core   0: 0x00000000800046a8 (0x00051a1b) slliw   s4, a0, 0
core   0: 1 0x00000000800046a8 (0x00051a1b) x20 0x000000000000001f
core   0: 0x00000000800046ac (0x014b46b3) xor     a3, s6, s4
core   0: 1 0x00000000800046ac (0x014b46b3) x13 0xffffffffffffffe0
core   0: 0x00000000800046b0 (0x02e6d8b3) divu    a7, a3, a4
core   0: 1 0x00000000800046b0 (0x02e6d8b3) x17 0x0000000200000003
core   0: 0x00000000800046b4 (0x01bd003b) addw    zero, s10, s11
core   0: 1 0x00000000800046b4 (0x01bd003b)
core   0: 0x00000000800046b8 (0x0007d313) srli    t1, a5, 0
core   0: 1 0x00000000800046b8 (0x0007d313) x6  0x0000000080004644
core   0: 0x00000000800046bc (0x0000154a) c.slli  a0, 50
core   0: 1 0x00000000800046bc (0x154a) x10 0x007c000000000000
core   0: 0x00000000800046be (0x5a047e53) fsqrt.d ft8, fs0
core   0: 1 0x00000000800046be (0x5a047e53) c1_fflags 0x000000000000001b f28 0x40efffffffefffff
core   0: 0x00000000800046c2 (0x02a23cb3) mulhu   s9, tp, a0
core   0: 1 0x00000000800046c2 (0x02a23cb3) x25 0x0000000000000000
core   0: 0x00000000800046c6 (0x000bcc13) xori    s8, s7, 0
core   0: 1 0x00000000800046c6 (0x000bcc13) x24 0x0000000000003fff
core   0: 0x00000000800046ca (0x0285c7bb) divw    a5, a1, s0
core   0: 1 0x00000000800046ca (0x0285c7bb) x15 0xffffffffffffffff
core   0: 0x00000000800046ce (0x4009549b) sraiw   s1, s2, 0
core   0: 1 0x00000000800046ce (0x4009549b) x9  0x0000000000003fff
core   0: 0x00000000800046d2 (0x0ff0000f) fence   iorw,iorw
core   0: 1 0x00000000800046d2 (0x0ff0000f)
core   0: 0x00000000800046d6 (0x00135e1b) srliw   t3, t1, 1
core   0: 1 0x00000000800046d6 (0x00135e1b) x28 0x0000000040002322
core   0: 0x00000000800046da (0x0068f1b7) lui     gp, 0x68f
core   0: 1 0x00000000800046da (0x0068f1b7) x3  0x000000000068f000
core   0: 0x00000000800046de (0xa4b1819b) addiw   gp, gp, -1461
core   0: 1 0x00000000800046de (0xa4b1819b) x3  0x000000000068ea4b
core   0: 0x00000000800046e2 (0x000001c2) c.slli  gp, 16
core   0: 1 0x00000000800046e2 (0x01c2) x3  0x00000068ea4b0000
core   0: 0x00000000800046e4 (0x28918193) addi    gp, gp, 649
core   0: 1 0x00000000800046e4 (0x28918193) x3  0x00000068ea4b0289
core   0: 0x00000000800046e8 (0xa3c00153) fle.d   sp, ft0, ft8
core   0: 1 0x00000000800046e8 (0xa3c00153) c1_fflags 0x000000000000001b x2  0x0000000000000000
core   0: 0x00000000800046ec (0x00102673) csrrs   a2, fflags, zero
core   0: 1 0x00000000800046ec (0x00102673) x12 0x000000000000001b
core   0: 0x00000000800046f0 (0x02168dbb) mulw    s11, a3, ra
core   0: 1 0x00000000800046f0 (0x02168dbb) x27 0xfffffffffffb9bc0
core   0: 0x00000000800046f4 (0xfff54c93) not     s9, a0
core   0: 1 0x00000000800046f4 (0xfff54c93) x25 0xff83ffffffffffff
core   0: 0x00000000800046f8 (0xeca18213) addi    tp, gp, -310
core   0: 1 0x00000000800046f8 (0xeca18213) x4  0x00000068ea4b0153
core   0: 0x00000000800046fc (0x00a6aab3) slt     s5, a3, a0
core   0: 1 0x00000000800046fc (0x00a6aab3) x21 0x0000000000000001
core   0: 0x0000000080004700 (0x400dd393) srai    t2, s11, 0
core   0: 1 0x0000000080004700 (0x400dd393) x7  0xfffffffffffb9bc0
core   0: 0x0000000080004704 (0x026c6d3b) remw    s10, s8, t1
core   0: 1 0x0000000080004704 (0x026c6d3b) x26 0x0000000000003fff
core   0: 0x0000000080004708 (0xc00a33f3) csrrc   t2, cycle, s4
core   0: exception trap_illegal_instruction, epc 0x0000000080004708
core   0:           tval 0x00000000c00a33f3
core   0: >>>>  $xrv64i2p1_m2p0_a2p1_f2p2_d2p2_zicsr2p0_zifencei2p0_zmmul1p0_zba1p0_zbb1p0_zbc1p0_zbs1p0
core   0: 0x0000000080004000 (0x0080006f) j       pc + 0x8
core   0: 3 0x0000000080004000 (0x0080006f)
core   0: >>>>  mmode_exception_handler
core   0: 0x0000000080004008 (0x00002c17) auipc   s8, 0x2
core   0: 3 0x0000000080004008 (0x00002c17) x24 0x0000000080006008
core   0: 0x000000008000400c (0x09cc0c13) addi    s8, s8, 156
core   0: 3 0x000000008000400c (0x09cc0c13) x24 0x00000000800060a4
core   0: 0x0000000080004010 (0x000c00e7) jalr    s8
core   0: 3 0x0000000080004010 (0x000c00e7) x1  0x0000000080004014
core   0: >>>>  any_handler
core   0: 0x00000000800060a4 (0x341027f3) csrrs   a5, mepc, zero
core   0: 3 0x00000000800060a4 (0x341027f3) x15 0x0000000080004708
core   0: 0x00000000800060a8 (0x34202773) csrrs   a4, mcause, zero
core   0: 3 0x00000000800060a8 (0x34202773) x14 0x0000000000000002
core   0: 0x00000000800060ac (0x142026f3) csrrs   a3, scause, zero
core   0: 3 0x00000000800060ac (0x142026f3) x13 0x0000000000000000
core   0: 0x00000000800060b0 (0x30402673) csrrs   a2, mie, zero
core   0: 3 0x00000000800060b0 (0x30402673) x12 0x0000000000000a00
core   0: 0x00000000800060b4 (0x344025f3) csrrs   a1, mip, zero
core   0: 3 0x00000000800060b4 (0x344025f3) x11 0x0000000000000080
core   0: 0x00000000800060b8 (0x343025f3) csrrs   a1, mtval, zero
core   0: 3 0x00000000800060b8 (0x343025f3) x11 0x00000000c00a33f3
core   0: 0x00000000800060bc (0x14302573) csrrs   a0, stval, zero
core   0: 3 0x00000000800060bc (0x14302573) x10 0x000000000000001f
core   0: 0x00000000800060c0 (0xb02024f3) csrrs   s1, minstret, zero
core   0: 3 0x00000000800060c0 (0xb02024f3) x9  0x00000000000009f1
core   0: 0x00000000800060c4 (0x0000a811) c.j     pc + 20
core   0: 3 0x00000000800060c4 (0xa811)
core   0: >>>>  mepc_4
core   0: 0x00000000800060d8 (0x00000791) c.addi  a5, 4
core   0: 3 0x00000000800060d8 (0x0791) x15 0x000000008000470c
core   0: 0x00000000800060da (0x34179073) csrrw   zero, mepc, a5
core   0: 3 0x00000000800060da (0x34179073) c833_mepc 0x000000008000470c
core   0: 0x00000000800060de (0x30200073) mret
core   0: 3 0x00000000800060de (0x30200073) c768_mstatus 0x8000000a00106080
core   0: 0x000000008000470c (0x0271f833) remu    a6, gp, t2
core   0: 1 0x000000008000470c (0x0271f833) x16 0x00000068ea4b0289
core   0: 0x0000000080004710 (0x22baa453) fsgnjx.d fs0, fs5, fa1
core   0: 1 0x0000000080004710 (0x22baa453) f8  0x7ff8000000000000
core   0: 0x0000000080004714 (0x929474cf) fnmadd.d fs1, fs0, fs1, fs2
core   0: 1 0x0000000080004714 (0x929474cf) f9  0x7ff8000000000000
core   0: 0x0000000080004718 (0x229c8cd3) fsgnj.d fs9, fs9, fs1
core   0: 1 0x0000000080004718 (0x229c8cd3) f25 0x0000000000000000
core   0: 0x000000008000471c (0x00102b73) csrrs   s6, fflags, zero
core   0: 1 0x000000008000471c (0x00102b73) x22 0x000000000000001b
core   0: 0x0000000080004720 (0xc02cf0d3) fcvt.l.s ra, fs9
core   0: 1 0x0000000080004720 (0xc02cf0d3) c1_fflags 0x000000000000001b x1  0x7fffffffffffffff
core   0: 0x0000000080004724 (0x0ff0000f) fence   iorw,iorw
core   0: 1 0x0000000080004724 (0x0ff0000f)
core   0: 0x0000000080004728 (0xc2037253) fcvt.w.d tp, ft6
core   0: 1 0x0000000080004728 (0xc2037253) c1_fflags 0x000000000000001b x4  0x000000007fffffff
core   0: 0x000000008000472c (0x001099f3) csrrw   s3, fflags, ra
core   0: 1 0x000000008000472c (0x001099f3) x19 0x000000000000001b c1_fflags 0x000000000000001f
core   0: 0x0000000080004730 (0x0ff0000f) fence   iorw,iorw
core   0: 1 0x0000000080004730 (0x0ff0000f)
core   0: 0x0000000080004734 (0x002024f3) csrrs   s1, frm, zero
core   0: 1 0x0000000080004734 (0x002024f3) x9  0x0000000000000002
core   0: 0x0000000080004738 (0x002027f3) csrrs   a5, frm, zero
core   0: 1 0x0000000080004738 (0x002027f3) x15 0x0000000000000002
core   0: 0x000000008000473c (0x001021f3) csrrs   gp, fflags, zero
core   0: 1 0x000000008000473c (0x001021f3) x3  0x000000000000001f
core   0: 0x0000000080004740 (0xd221fa53) fcvt.d.l fs4, gp
core   0: 1 0x0000000080004740 (0xd221fa53) f20 0x403f000000000000
core   0: 0x0000000080004744 (0x4201d693) srai    a3, gp, 32
core   0: 1 0x0000000080004744 (0x4201d693) x13 0x0000000000000000
core   0: 0x0000000080004748 (0x03d6e4b3) rem     s1, a3, t4
core   0: 1 0x0000000080004748 (0x03d6e4b3) x9  0x0000000000000000
core   0: 0x000000008000474c (0x1a1a79d3) fdiv.d  fs3, fs4, ft1
core   0: 1 0x000000008000474c (0x1a1a79d3) c1_fflags 0x000000000000001f f19 0x3e4effe89859abb9
core   0: 0x0000000080004750 (0xd0297253) fcvt.s.l ft4, s2
core   0: 1 0x0000000080004750 (0xd0297253) f4  0xffffffff467ffc00
core   0: 0x0000000080004754 (0x0154043b) addw    s0, s0, s5
core   0: 1 0x0000000080004754 (0x0154043b) x8  0x0000000000000001
core   0: 0x0000000080004758 (0x0089a033) slt     zero, s3, s0
core   0: 1 0x0000000080004758 (0x0089a033)
core   0: 0x000000008000475c (0x000e6cb3) or      s9, t3, zero
core   0: 1 0x000000008000475c (0x000e6cb3) x25 0x0000000040002322
core   0: 0x0000000080004760 (0xd03efad3) fcvt.s.lu fs5, t4
core   0: 1 0x0000000080004760 (0xd03efad3) f21 0xffffffff00000000
core   0: 0x0000000080004764 (0xa34af84b) fnmsub.d fa6, fs5, fs4, fs4
core   0: 1 0x0000000080004764 (0xa34af84b) f16 0x7ff8000000000000
core   0: 0x0000000080004768 (0x00000001) c.nop
core   0: 1 0x0000000080004768 (0x0001)
core   0: 0x000000008000476a (0x416b0b33) sub     s6, s6, s6
core   0: 1 0x000000008000476a (0x416b0b33) x22 0x0000000000000000
core   0: 0x000000008000476e (0x03b64633) div     a2, a2, s11
core   0: 1 0x000000008000476e (0x03b64633) x12 0x0000000000000000
core   0: 0x0000000080004772 (0xf137d973) csrrwi  s2, mimpid, 15
core   0: exception trap_illegal_instruction, epc 0x0000000080004772
core   0:           tval 0x00000000f137d973
core   0: >>>>  $xrv64i2p1_m2p0_a2p1_f2p2_d2p2_zicsr2p0_zifencei2p0_zmmul1p0_zba1p0_zbb1p0_zbc1p0_zbs1p0
core   0: 0x0000000080004000 (0x0080006f) j       pc + 0x8
core   0: 3 0x0000000080004000 (0x0080006f)
core   0: >>>>  mmode_exception_handler
core   0: 0x0000000080004008 (0x00002c17) auipc   s8, 0x2
core   0: 3 0x0000000080004008 (0x00002c17) x24 0x0000000080006008
core   0: 0x000000008000400c (0x09cc0c13) addi    s8, s8, 156
core   0: 3 0x000000008000400c (0x09cc0c13) x24 0x00000000800060a4
core   0: 0x0000000080004010 (0x000c00e7) jalr    s8
core   0: 3 0x0000000080004010 (0x000c00e7) x1  0x0000000080004014
core   0: >>>>  any_handler
core   0: 0x00000000800060a4 (0x341027f3) csrrs   a5, mepc, zero
core   0: 3 0x00000000800060a4 (0x341027f3) x15 0x0000000080004772
core   0: 0x00000000800060a8 (0x34202773) csrrs   a4, mcause, zero
core   0: 3 0x00000000800060a8 (0x34202773) x14 0x0000000000000002
core   0: 0x00000000800060ac (0x142026f3) csrrs   a3, scause, zero
core   0: 3 0x00000000800060ac (0x142026f3) x13 0x0000000000000000
core   0: 0x00000000800060b0 (0x30402673) csrrs   a2, mie, zero
core   0: 3 0x00000000800060b0 (0x30402673) x12 0x0000000000000a00
core   0: 0x00000000800060b4 (0x344025f3) csrrs   a1, mip, zero
core   0: 3 0x00000000800060b4 (0x344025f3) x11 0x0000000000000080
core   0: 0x00000000800060b8 (0x343025f3) csrrs   a1, mtval, zero
core   0: 3 0x00000000800060b8 (0x343025f3) x11 0x00000000f137d973
core   0: 0x00000000800060bc (0x14302573) csrrs   a0, stval, zero
core   0: 3 0x00000000800060bc (0x14302573) x10 0x000000000000001f
core   0: 0x00000000800060c0 (0xb02024f3) csrrs   s1, minstret, zero
core   0: 3 0x00000000800060c0 (0xb02024f3) x9  0x0000000000000a1b
core   0: 0x00000000800060c4 (0x0000a811) c.j     pc + 20
core   0: 3 0x00000000800060c4 (0xa811)
core   0: >>>>  mepc_4
core   0: 0x00000000800060d8 (0x00000791) c.addi  a5, 4
core   0: 3 0x00000000800060d8 (0x0791) x15 0x0000000080004776
core   0: 0x00000000800060da (0x34179073) csrrw   zero, mepc, a5
core   0: 3 0x00000000800060da (0x34179073) c833_mepc 0x0000000080004776
core   0: 0x00000000800060de (0x30200073) mret
core   0: 3 0x00000000800060de (0x30200073) c768_mstatus 0x8000000a00106080
core   0: 0x0000000080004776 (0x01dd5d3b) srlw    s10, s10, t4
core   0: 1 0x0000000080004776 (0x01dd5d3b) x26 0x0000000000003fff
core   0: 0x000000008000477a (0x0ff0000f) fence   iorw,iorw
core   0: 1 0x000000008000477a (0x0ff0000f)
core   0: 0x000000008000477e (0xd229fd53) fcvt.d.l fs10, s3
core   0: 1 0x000000008000477e (0xd229fd53) f26 0x403b000000000000
core   0: 0x0000000080004782 (0xd0257153) fcvt.s.l ft2, a0
core   0: 1 0x0000000080004782 (0xd0257153) f2  0xffffffff41f80000
core   0: 0x0000000080004786 (0x0258e8b3) rem     a7, a7, t0
core   0: 1 0x0000000080004786 (0x0258e8b3) x17 0x0000000000000014
core   0: 0x000000008000478a (0x41f97217) auipc   tp, 0x41f97
core   0: 1 0x000000008000478a (0x41f97217) x4  0x00000000c1f9b78a
core   0: 0x000000008000478e (0x4022093b) subw    s2, tp, sp
core   0: 1 0x000000008000478e (0x4022093b) x18 0xffffffffc1f9b78a
core   0: 0x0000000080004792 (0xa8024c13) xori    s8, tp, -1408
core   0: 1 0x0000000080004792 (0xa8024c13) x24 0xffffffff3e064d0a
core   0: 0x0000000080004796 (0x34406df3) csrrsi  s11, mip, 0
core   0: exception trap_illegal_instruction, epc 0x0000000080004796
core   0:           tval 0x0000000034406df3
core   0: >>>>  $xrv64i2p1_m2p0_a2p1_f2p2_d2p2_zicsr2p0_zifencei2p0_zmmul1p0_zba1p0_zbb1p0_zbc1p0_zbs1p0
core   0: 0x0000000080004000 (0x0080006f) j       pc + 0x8
core   0: 3 0x0000000080004000 (0x0080006f)
core   0: >>>>  mmode_exception_handler
core   0: 0x0000000080004008 (0x00002c17) auipc   s8, 0x2
core   0: 3 0x0000000080004008 (0x00002c17) x24 0x0000000080006008
core   0: 0x000000008000400c (0x09cc0c13) addi    s8, s8, 156
core   0: 3 0x000000008000400c (0x09cc0c13) x24 0x00000000800060a4
core   0: 0x0000000080004010 (0x000c00e7) jalr    s8
core   0: 3 0x0000000080004010 (0x000c00e7) x1  0x0000000080004014
core   0: >>>>  any_handler
core   0: 0x00000000800060a4 (0x341027f3) csrrs   a5, mepc, zero
core   0: 3 0x00000000800060a4 (0x341027f3) x15 0x0000000080004796
core   0: 0x00000000800060a8 (0x34202773) csrrs   a4, mcause, zero
core   0: 3 0x00000000800060a8 (0x34202773) x14 0x0000000000000002
core   0: 0x00000000800060ac (0x142026f3) csrrs   a3, scause, zero
core   0: 3 0x00000000800060ac (0x142026f3) x13 0x0000000000000000
core   0: 0x00000000800060b0 (0x30402673) csrrs   a2, mie, zero
core   0: 3 0x00000000800060b0 (0x30402673) x12 0x0000000000000a00
core   0: 0x00000000800060b4 (0x344025f3) csrrs   a1, mip, zero
core   0: 3 0x00000000800060b4 (0x344025f3) x11 0x0000000000000080
core   0: 0x00000000800060b8 (0x343025f3) csrrs   a1, mtval, zero
core   0: 3 0x00000000800060b8 (0x343025f3) x11 0x0000000034406df3
core   0: 0x00000000800060bc (0x14302573) csrrs   a0, stval, zero
core   0: 3 0x00000000800060bc (0x14302573) x10 0x000000000000001f
core   0: 0x00000000800060c0 (0xb02024f3) csrrs   s1, minstret, zero
core   0: 3 0x00000000800060c0 (0xb02024f3) x9  0x0000000000000a33
core   0: 0x00000000800060c4 (0x0000a811) c.j     pc + 20
core   0: 3 0x00000000800060c4 (0xa811)
core   0: >>>>  mepc_4
core   0: 0x00000000800060d8 (0x00000791) c.addi  a5, 4
core   0: 3 0x00000000800060d8 (0x0791) x15 0x000000008000479a
core   0: 0x00000000800060da (0x34179073) csrrw   zero, mepc, a5
core   0: 3 0x00000000800060da (0x34179073) c833_mepc 0x000000008000479a
core   0: 0x00000000800060de (0x30200073) mret
core   0: 3 0x00000000800060de (0x30200073) c768_mstatus 0x8000000a00106080
core   0: 0x000000008000479a (0x4031d4bb) sraw    s1, gp, gp
core   0: 1 0x000000008000479a (0x4031d4bb) x9  0x0000000000000000
core   0: 0x000000008000479e (0x00009842) c.add   a6, a6
core   0: 1 0x000000008000479e (0x9842) x16 0x000000d1d4960512
core   0: 0x00000000800047a0 (0xc5740413) addi    s0, s0, -937
core   0: 1 0x00000000800047a0 (0xc5740413) x8  0xfffffffffffffc58
core   0: 0x00000000800047a4 (0x0ff0000f) fence   iorw,iorw
core   0: 1 0x00000000800047a4 (0x0ff0000f)
core   0: 0x00000000800047a8 (0x00747133) and     sp, s0, t2
core   0: 1 0x00000000800047a8 (0x00747133) x2  0xfffffffffffb9840
core   0: 0x00000000800047ac (0x000e031b) sext.w  t1, t3
core   0: 1 0x00000000800047ac (0x000e031b) x6  0x0000000040002322
core   0: 0x00000000800047b0 (0xe9240e93) addi    t4, s0, -366
core   0: 1 0x00000000800047b0 (0xe9240e93) x29 0xfffffffffffffaea
core   0: 0x00000000800047b4 (0x22c60653) fsgnj.d fa2, fa2, fa2
core   0: 1 0x00000000800047b4 (0x22c60653) f12 0x7ff8000000000000
core   0: 0x00000000800047b8 (0x02cc8633) mul     a2, s9, a2
core   0: 1 0x00000000800047b8 (0x02cc8633) x12 0x00000280015f5400
core   0: 0x00000000800047bc (0x00f989bb) addw    s3, s3, a5
core   0: 1 0x00000000800047bc (0x00f989bb) x19 0xffffffff800047b5
core   0: 0x00000000800047c0 (0x37148213) addi    tp, s1, 881
core   0: 1 0x00000000800047c0 (0x37148213) x4  0x0000000000000371
core   0: 0x00000000800047c4 (0x676f35b7) lui     a1, 0x676f3
core   0: 1 0x00000000800047c4 (0x676f35b7) x11 0x00000000676f3000
core   0: 0x00000000800047c8 (0xd2040053) fcvt.d.w ft0, s0
core   0: 1 0x00000000800047c8 (0xd2040053) f0  0xc08d400000000000
core   0: 0x00000000800047cc (0x0ff0000f) fence   iorw,iorw
core   0: 1 0x00000000800047cc (0x0ff0000f)
core   0: 0x00000000800047d0 (0x00c4a633) slt     a2, s1, a2
core   0: 1 0x00000000800047d0 (0x00c4a633) x12 0x0000000000000001
core   0: 0x00000000800047d4 (0xc0207d53) fcvt.l.s s10, ft0
core   0: 1 0x00000000800047d4 (0xc0207d53) c1_fflags 0x000000000000001f x26 0x7fffffffffffffff
core   0: 0x00000000800047d8 (0x00008bee) c.mv    s7, s11
core   0: 1 0x00000000800047d8 (0x8bee) x23 0xfffffffffffb9bc0
core   0: 0x00000000800047da (0x2bb80e53) fmin.d  ft8, fa6, fs11
core   0: 1 0x00000000800047da (0x2bb80e53) f28 0x7ff8000000000000
core   0: 0x00000000800047de (0xd0267fd3) fcvt.s.l ft11, a2
core   0: 1 0x00000000800047de (0xd0267fd3) f31 0xffffffff3f800000
core   0: 0x00000000800047e2 (0xe30b8413) addi    s0, s7, -464
core   0: 1 0x00000000800047e2 (0xe30b8413) x8  0xfffffffffffb99f0
core   0: 0x00000000800047e6 (0x03633597) auipc   a1, 0x3633
core   0: 1 0x00000000800047e6 (0x03633597) x11 0x00000000836377e6
core   0: 0x00000000800047ea (0xd329f5c3) fmadd.d fa1, fs3, fs2, fs10
core   0: 1 0x00000000800047ea (0xd329f5c3) f11 0x7ff0000000000000
core   0: 0x00000000800047ee (0x02c77033) remu    zero, a4, a2
core   0: 1 0x00000000800047ee (0x02c77033)
core   0: 0x00000000800047f2 (0x40f00db3) sub     s11, zero, a5
core   0: 1 0x00000000800047f2 (0x40f00db3) x27 0xffffffff7fffb866
core   0: 0x00000000800047f6 (0x00009e31) c.addw  a2, a2
core   0: 1 0x00000000800047f6 (0x9e31) x12 0x0000000000000002
core   0: 0x00000000800047f8 (0xfff34993) not     s3, t1
core   0: 1 0x00000000800047f8 (0xfff34993) x19 0xffffffffbfffdcdd
core   0: 0x00000000800047fc (0xd21d8fd3) fcvt.d.wu ft11, s11
core   0: 1 0x00000000800047fc (0xd21d8fd3) f31 0x41dfffee19800000
core   0: 0x0000000080004800 (0x03fdde93) srli    t4, s11, 63
core   0: 1 0x0000000080004800 (0x03fdde93) x29 0x0000000000000001
core   0: 0x0000000080004804 (0x000b1b9b) slliw   s7, s6, 0
core   0: 1 0x0000000080004804 (0x000b1b9b) x23 0x0000000000000000
core   0: 0x0000000080004808 (0x00008df9) c.and   a1, a4
core   0: 1 0x0000000080004808 (0x8df9) x11 0x0000000000000002
core   0: 0x000000008000480a (0x001597f3) csrrw   a5, fflags, a1
core   0: 1 0x000000008000480a (0x001597f3) x15 0x000000000000001f c1_fflags 0x0000000000000002
core   0: 0x000000008000480e (0x00477933) and     s2, a4, tp
core   0: 1 0x000000008000480e (0x00477933) x18 0x0000000000000000
core   0: 0x0000000080004812 (0x00c6dd1b) srliw   s10, a3, 12
core   0: 1 0x0000000080004812 (0x00c6dd1b) x26 0x0000000000000000
core   0: 0x0000000080004816 (0xc23974d3) fcvt.lu.d s1, fs2
core   0: 1 0x0000000080004816 (0xc23974d3) c1_fflags 0x0000000000000012 x9  0xffffffffffffffff
core   0: 0x000000008000481a (0xc039f7d3) fcvt.lu.s a5, fs3
core   0: 1 0x000000008000481a (0xc039f7d3) c1_fflags 0x0000000000000012 x15 0xffffffffffffffff
core   0: 0x000000008000481e (0x03f01a93) slli    s5, zero, 63
core   0: 1 0x000000008000481e (0x03f01a93) x21 0x0000000000000000
core   0: 0x0000000080004822 (0x2b9888d3) fmin.d  fa7, fa7, fs9
core   0: 1 0x0000000080004822 (0x2b9888d3) f17 0xc1c068ee14000000
core   0: 0x0000000080004826 (0x40280a33) sub     s4, a6, sp
core   0: 1 0x0000000080004826 (0x40280a33) x20 0x000000d1d49a6cd2
core   0: 0x000000008000482a (0x80088993) addi    s3, a7, -2048
core   0: 1 0x000000008000482a (0x80088993) x19 0xfffffffffffff814
core   0: 0x000000008000482e (0x8009fc93) andi    s9, s3, -2048
core   0: 1 0x000000008000482e (0x8009fc93) x25 0xfffffffffffff800
core   0: 0x0000000080004832 (0x019cc533) xor     a0, s9, s9
core   0: 1 0x0000000080004832 (0x019cc533) x10 0x0000000000000000
core   0: 0x0000000080004836 (0xc20cf253) fcvt.w.d tp, fs9
core   0: 1 0x0000000080004836 (0xc20cf253) x4  0x0000000000000000
core   0: 0x000000008000483a (0x00525c3b) srlw    s8, tp, t0
core   0: 1 0x000000008000483a (0x00525c3b) x24 0x0000000000000000
core   0: 0x000000008000483e (0x02231a13) slli    s4, t1, 34
core   0: 1 0x000000008000483e (0x02231a13) x20 0x00008c8800000000
core   0: 0x0000000080004842 (0xc21ffe53) fcvt.wu.d t3, ft11
core   0: 1 0x0000000080004842 (0xc21ffe53) x28 0x000000007fffb866
core   0: 0x0000000080004846 (0x2ad89bd3) fmax.d  fs7, fa7, fa3
core   0: 1 0x0000000080004846 (0x2ad89bd3) f23 0x0000000000000000
core   0: 0x000000008000484a (0xd022f453) fcvt.s.l fs0, t0
core   0: 1 0x000000008000484a (0xd022f453) f8  0xffffffff41d80000
core   0: 0x000000008000484e (0x5a047f53) fsqrt.d ft10, fs0
core   0: 1 0x000000008000484e (0x5a047f53) f30 0x7ff8000000000000
core   0: 0x0000000080004852 (0xc8787213) andi    tp, a6, -889
core   0: 1 0x0000000080004852 (0xc8787213) x4  0x000000d1d4960402
core   0: 0x0000000080004856 (0x002026f3) csrrs   a3, frm, zero
core   0: 1 0x0000000080004856 (0x002026f3) x13 0x0000000000000002
core   0: 0x000000008000485a (0xd227f253) fcvt.d.l ft4, a5
core   0: 1 0x000000008000485a (0xd227f253) f4  0xbff0000000000000
core   0: 0x000000008000485e (0x2b8c71cb) fnmsub.d ft3, fs8, fs8, ft5
core   0: 1 0x000000008000485e (0x2b8c71cb) f3  0x7ff8000000000000
core   0: 0x0000000080004862 (0x02e2023b) mulw    tp, tp, a4
core   0: 1 0x0000000080004862 (0x02e2023b) x4  0xffffffffa92c0804
core   0: 0x0000000080004866 (0x02d6eb3b) remw    s6, a3, a3
core   0: 1 0x0000000080004866 (0x02d6eb3b) x22 0x0000000000000000
core   0: 0x000000008000486a (0x410a0933) sub     s2, s4, a6
core   0: 1 0x000000008000486a (0x410a0933) x18 0x00008bb62b69faee
core   0: 0x000000008000486e (0x0317663b) remw    a2, a4, a7
core   0: 1 0x000000008000486e (0x0317663b) x12 0x0000000000000002
core   0: 0x0000000080004872 (0x4129503b) sraw    zero, s2, s2
core   0: 1 0x0000000080004872 (0x4129503b)
core   0: 0x0000000080004876 (0x3e15e613) ori     a2, a1, 993
core   0: 1 0x0000000080004876 (0x3e15e613) x12 0x00000000000003e3
core   0: 0x000000008000487a (0x01bb193b) sllw    s2, s6, s11
core   0: 1 0x000000008000487a (0x01bb193b) x18 0x0000000000000000
core   0: 0x000000008000487e (0xa2200253) fle.d   tp, ft0, ft2
core   0: 1 0x000000008000487e (0xa2200253) c1_fflags 0x0000000000000012 x4  0x0000000000000000
core   0: 0x0000000080004882 (0x000ed49b) srliw   s1, t4, 0
core   0: 1 0x0000000080004882 (0x000ed49b) x9  0x0000000000000001
core   0: 0x0000000080004886 (0x029772bb) remuw   t0, a4, s1
core   0: 1 0x0000000080004886 (0x029772bb) x5  0x0000000000000000
core   0: 0x000000008000488a (0x2a7296d3) fmax.d  fa3, ft5, ft7
core   0: 1 0x000000008000488a (0x2a7296d3) f13 0x8000000000000000
core   0: 0x000000008000488e (0x0173eab3) or      s5, t2, s7
core   0: 1 0x000000008000488e (0x0173eab3) x21 0xfffffffffffb9bc0
core   0: 0x0000000080004892 (0x5d219637) lui     a2, 0x5d219
core   0: 1 0x0000000080004892 (0x5d219637) x12 0x000000005d219000
core   0: 0x0000000080004896 (0x00381833) sll     a6, a6, gp
core   0: 1 0x0000000080004896 (0x00381833) x16 0xea4b028900000000
core   0: 0x000000008000489a (0x0ff0000f) fence   iorw,iorw
core   0: 1 0x000000008000489a (0x0ff0000f)
core   0: 0x000000008000489e (0x0007db1b) srliw   s6, a5, 0
core   0: 1 0x000000008000489e (0x0007db1b) x22 0xffffffffffffffff
core   0: 0x00000000800048a2 (0xd239f9d3) fcvt.d.lu fs3, s3
core   0: 1 0x00000000800048a2 (0xd239f9d3) c1_fflags 0x0000000000000013 f19 0x43efffffffffffff
core   0: 0x00000000800048a6 (0x23632fd3) fsgnjx.d ft11, ft6, fs6
core   0: 1 0x00000000800048a6 (0x23632fd3) f31 0x7fffffff7fc00000
core   0: 0x00000000800048aa (0x00f1e1b3) or      gp, gp, a5
core   0: 1 0x00000000800048aa (0x00f1e1b3) x3  0xffffffffffffffff
core   0: 0x00000000800048ae (0x00000001) c.nop
core   0: 1 0x00000000800048ae (0x0001)
core   0: 0x00000000800048b0 (0x41685e3b) sraw    t3, a6, s6
core   0: 1 0x00000000800048b0 (0x41685e3b) x28 0x0000000000000000
core   0: 0x00000000800048b4 (0xc0dc6897) auipc   a7, 0xc0dc6
core   0: 1 0x00000000800048b4 (0xc0dc6897) x17 0x0000000040dca8b4
core   0: 0x00000000800048b8 (0xd21b0ad3) fcvt.d.wu fs5, s6
core   0: 1 0x00000000800048b8 (0xd21b0ad3) f21 0x41efffffffe00000
core   0: 0x00000000800048bc (0x018e1b9b) slliw   s7, t3, 24
core   0: 1 0x00000000800048bc (0x018e1b9b) x23 0x0000000000000000
core   0: 0x00000000800048c0 (0x03ae8d33) mul     s10, t4, s10
core   0: 1 0x00000000800048c0 (0x03ae8d33) x26 0x0000000000000000
core   0: 0x00000000800048c4 (0x0add78d3) fsub.d  fa7, fs10, fa3
core   0: 1 0x00000000800048c4 (0x0add78d3) f17 0x403b000000000000
core   0: 0x00000000800048c8 (0x10ae1073) csrrw   zero, senvcfg, t3
core   0: 1 0x00000000800048c8 (0x10ae1073) c266_senvcfg 0x0000000000000000
core   0: 0x00000000800048cc (0x02b0f4d3) fadd.d  fs1, ft1, fa1
core   0: 1 0x00000000800048cc (0x02b0f4d3) f9  0x7ff0000000000000
core   0: 0x00000000800048d0 (0x01b8cdb3) xor     s11, a7, s11
core   0: 1 0x00000000800048d0 (0x01b8cdb3) x27 0xffffffff3f2310d2
core   0: 0x00000000800048d4 (0xc035f7d3) fcvt.lu.s a5, fa1
core   0: 1 0x00000000800048d4 (0xc035f7d3) c1_fflags 0x0000000000000013 x15 0xffffffffffffffff
core   0: 0x00000000800048d8 (0x4101d1bb) sraw    gp, gp, a6
core   0: 1 0x00000000800048d8 (0x4101d1bb) x3  0xffffffffffffffff
core   0: 0x00000000800048dc (0x00000001) c.nop
core   0: 1 0x00000000800048dc (0x0001)
core   0: 0x00000000800048de (0x7ff60693) addi    a3, a2, 2047
core   0: 1 0x00000000800048de (0x7ff60693) x13 0x000000005d2197ff
core   0: 0x00000000800048e2 (0x01275b9b) srliw   s7, a4, 18
core   0: 1 0x00000000800048e2 (0x01275b9b) x23 0x0000000000000000
core   0: 0x00000000800048e6 (0x144ba773) csrrs   a4, sip, s7
core   0: 1 0x00000000800048e6 (0x144ba773) x14 0x0000000000000000 c836_mip 0x0000000000000080
core   0: 0x00000000800048ea (0xd022f253) fcvt.s.l ft4, t0
core   0: 1 0x00000000800048ea (0xd022f253) f4  0xffffffff00000000
core   0: 0x00000000800048ee (0x0094dc93) srli    s9, s1, 9
core   0: 1 0x00000000800048ee (0x0094dc93) x25 0x0000000000000000
core   0: 0x00000000800048f2 (0x01aa00bb) addw    ra, s4, s10
core   0: 1 0x00000000800048f2 (0x01aa00bb) x1  0x0000000000000000
core   0: 0x00000000800048f6 (0x226ba453) fsgnjx.d fs0, fs7, ft6
core   0: 1 0x00000000800048f6 (0x226ba453) f8  0x8000000000000000
core   0: 0x00000000800048fa (0x236e1b53) fsgnjn.d fs6, ft8, fs6
core   0: 1 0x00000000800048fa (0x236e1b53) f22 0x7ff8000000000000
core   0: 0x00000000800048fe (0xc23c77d3) fcvt.lu.d a5, fs8
core   0: 1 0x00000000800048fe (0xc23c77d3) c1_fflags 0x0000000000000013 x15 0xffffffffffffffff
core   0: 0x0000000080004902 (0x41f7d81b) sraiw   a6, a5, 31
core   0: 1 0x0000000080004902 (0x41f7d81b) x16 0xffffffffffffffff
core   0: 0x0000000080004906 (0x01a810bb) sllw    ra, a6, s10
core   0: 1 0x0000000080004906 (0x01a810bb) x1  0xffffffffffffffff
core   0: 0x000000008000490a (0x5207ee93) ori     t4, a5, 1312
core   0: 1 0x000000008000490a (0x5207ee93) x29 0xffffffffffffffff
core   0: 0x000000008000490e (0x420f0753) fcvt.d.s fa4, ft10
core   0: 1 0x000000008000490e (0x420f0753) f14 0x7ff8000000000000
core   0: 0x0000000080004912 (0xa2ef8cd3) fle.d   s9, ft11, fa4
core   0: 1 0x0000000080004912 (0xa2ef8cd3) c1_fflags 0x0000000000000013 x25 0x0000000000000000
core   0: 0x0000000080004916 (0x001191f3) csrrw   gp, fflags, gp
core   0: 1 0x0000000080004916 (0x001191f3) x3  0x0000000000000013 c1_fflags 0x000000000000001f
core   0: 0x000000008000491a (0x41265bbb) sraw    s7, a2, s2
core   0: 1 0x000000008000491a (0x41265bbb) x23 0x000000005d219000
core   0: 0x000000008000491e (0x7ff60393) addi    t2, a2, 2047
core   0: 1 0x000000008000491e (0x7ff60393) x7  0x000000005d2197ff
core   0: 0x0000000080004922 (0x003665b3) or      a1, a2, gp
core   0: 1 0x0000000080004922 (0x003665b3) x11 0x000000005d219013
core   0: 0x0000000080004926 (0x7ff88d13) addi    s10, a7, 2047
core   0: 1 0x0000000080004926 (0x7ff88d13) x26 0x0000000040dcb0b3
core   0: 0x000000008000492a (0x403301b3) sub     gp, t1, gp
core   0: 1 0x000000008000492a (0x403301b3) x3  0x000000004000230f
core   0: 0x000000008000492e (0x000dde13) srli    t3, s11, 0
core   0: 1 0x000000008000492e (0x000dde13) x28 0xffffffff3f2310d2
core   0: 0x0000000080004932 (0x08c57d93) andi    s11, a0, 140
core   0: 1 0x0000000080004932 (0x08c57d93) x27 0x0000000000000000
core   0: 0x0000000080004936 (0x02faf0b3) remu    ra, s5, a5
core   0: 1 0x0000000080004936 (0x02faf0b3) x1  0xfffffffffffb9bc0
core   0: 0x000000008000493a (0x036bce33) div     t3, s7, s6
core   0: 1 0x000000008000493a (0x036bce33) x28 0xffffffffa2de7000
core   0: 0x000000008000493e (0x4017571b) sraiw   a4, a4, 1
core   0: 1 0x000000008000493e (0x4017571b) x14 0x0000000000000000
core   0: 0x0000000080004942 (0x4086813b) subw    sp, a3, s0
core   0: 1 0x0000000080004942 (0x4086813b) x2  0x000000005d25fe0f
core   0: 0x0000000080004946 (0x0247cbb3) div     s7, a5, tp
core   0: 1 0x0000000080004946 (0x0247cbb3) x23 0xffffffffffffffff
core   0: 0x000000008000494a (0x037d8dbb) mulw    s11, s11, s7
core   0: 1 0x000000008000494a (0x037d8dbb) x27 0x0000000000000000
core   0: 0x000000008000494e (0x015a09bb) addw    s3, s4, s5
core   0: 1 0x000000008000494e (0x015a09bb) x19 0xfffffffffffb9bc0
core   0: 0x0000000080004952 (0xd227f653) fcvt.d.l fa2, a5
core   0: 1 0x0000000080004952 (0xd227f653) f12 0xbff0000000000000
core   0: 0x0000000080004956 (0x40f6d73b) sraw    a4, a3, a5
core   0: 1 0x0000000080004956 (0x40f6d73b) x14 0x0000000000000000
core   0: 0x000000008000495a (0x420a0fd3) fcvt.d.s ft11, fs4
core   0: 1 0x000000008000495a (0x420a0fd3) f31 0x7ff8000000000000
core   0: 0x000000008000495e (0xd20708d3) fcvt.d.w fa7, a4
core   0: 1 0x000000008000495e (0xd20708d3) f17 0x0000000000000000
core   0: 0x0000000080004962 (0x00c4e6b3) or      a3, s1, a2
core   0: 1 0x0000000080004962 (0x00c4e6b3) x13 0x000000005d219001
core   0: 0x0000000080004966 (0x0123893b) addw    s2, t2, s2
core   0: 1 0x0000000080004966 (0x0123893b) x18 0x000000005d2197ff
core   0: 0x000000008000496a (0x14159af3) csrrw   s5, sepc, a1
core   0: 1 0x000000008000496a (0x14159af3) x21 0x0000000000000000 c321_sepc 0x000000005d219012
core   0: 0x000000008000496e (0x032969bb) remw    s3, s2, s2
core   0: 1 0x000000008000496e (0x032969bb) x19 0x0000000000000000
core   0: 0x0000000080004972 (0xfff08213) addi    tp, ra, -1
core   0: 1 0x0000000080004972 (0xfff08213) x4  0xfffffffffffb9bbf
core   0: 0x0000000080004976 (0xab247ac3) fmadd.d fs5, fs0, fs2, fs5
core   0: 1 0x0000000080004976 (0xab247ac3) c1_fflags 0x000000000000001f f21 0x7ff8000000000000
core   0: 0x000000008000497a (0x00239a73) csrrw   s4, frm, t2
core   0: 1 0x000000008000497a (0x00239a73) x20 0x0000000000000002 c2_frm 0x0000000000000007
core   0: 0x000000008000497e (0x014a1abb) sllw    s5, s4, s4
core   0: 1 0x000000008000497e (0x014a1abb) x21 0x0000000000000008
core   0: 0x0000000080004982 (0x032ad433) divu    s0, s5, s2
core   0: 1 0x0000000080004982 (0x032ad433) x8  0x0000000000000000
core   0: 0x0000000080004986 (0x00f7ecb3) or      s9, a5, a5
core   0: 1 0x0000000080004986 (0x00f7ecb3) x25 0xffffffffffffffff
core   0: 0x000000008000498a (0x001cd91b) srliw   s2, s9, 1
core   0: 1 0x000000008000498a (0x001cd91b) x18 0x000000007fffffff
core   0: 0x000000008000498e (0xd028fb53) fcvt.s.l fs6, a7
core   0: exception trap_illegal_instruction, epc 0x000000008000498e
core   0:           tval 0x00000000d028fb53
core   0: >>>>  $xrv64i2p1_m2p0_a2p1_f2p2_d2p2_zicsr2p0_zifencei2p0_zmmul1p0_zba1p0_zbb1p0_zbc1p0_zbs1p0
core   0: 0x0000000080004000 (0x0080006f) j       pc + 0x8
core   0: 3 0x0000000080004000 (0x0080006f)
core   0: >>>>  mmode_exception_handler
core   0: 0x0000000080004008 (0x00002c17) auipc   s8, 0x2
core   0: 3 0x0000000080004008 (0x00002c17) x24 0x0000000080006008
core   0: 0x000000008000400c (0x09cc0c13) addi    s8, s8, 156
core   0: 3 0x000000008000400c (0x09cc0c13) x24 0x00000000800060a4
core   0: 0x0000000080004010 (0x000c00e7) jalr    s8
core   0: 3 0x0000000080004010 (0x000c00e7) x1  0x0000000080004014
core   0: >>>>  any_handler
core   0: 0x00000000800060a4 (0x341027f3) csrrs   a5, mepc, zero
core   0: 3 0x00000000800060a4 (0x341027f3) x15 0x000000008000498e
core   0: 0x00000000800060a8 (0x34202773) csrrs   a4, mcause, zero
core   0: 3 0x00000000800060a8 (0x34202773) x14 0x0000000000000002
core   0: 0x00000000800060ac (0x142026f3) csrrs   a3, scause, zero
core   0: 3 0x00000000800060ac (0x142026f3) x13 0x0000000000000000
core   0: 0x00000000800060b0 (0x30402673) csrrs   a2, mie, zero
core   0: 3 0x00000000800060b0 (0x30402673) x12 0x0000000000000a00
core   0: 0x00000000800060b4 (0x344025f3) csrrs   a1, mip, zero
core   0: 3 0x00000000800060b4 (0x344025f3) x11 0x0000000000000080
core   0: 0x00000000800060b8 (0x343025f3) csrrs   a1, mtval, zero
core   0: 3 0x00000000800060b8 (0x343025f3) x11 0x00000000d028fb53
core   0: 0x00000000800060bc (0x14302573) csrrs   a0, stval, zero
core   0: 3 0x00000000800060bc (0x14302573) x10 0x000000000000001f
core   0: 0x00000000800060c0 (0xb02024f3) csrrs   s1, minstret, zero
core   0: 3 0x00000000800060c0 (0xb02024f3) x9  0x0000000000000ac3
core   0: 0x00000000800060c4 (0x0000a811) c.j     pc + 20
core   0: 3 0x00000000800060c4 (0xa811)
core   0: >>>>  mepc_4
core   0: 0x00000000800060d8 (0x00000791) c.addi  a5, 4
core   0: 3 0x00000000800060d8 (0x0791) x15 0x0000000080004992
core   0: 0x00000000800060da (0x34179073) csrrw   zero, mepc, a5
core   0: 3 0x00000000800060da (0x34179073) c833_mepc 0x0000000080004992
core   0: 0x00000000800060de (0x30200073) mret
core   0: 3 0x00000000800060de (0x30200073) c768_mstatus 0x8000000a00106080
core   0: 0x0000000080004992 (0x01d450b3) srl     ra, s0, t4
core   0: 1 0x0000000080004992 (0x01d450b3) x1  0x0000000000000000
core   0: 0x0000000080004996 (0x124b7dd3) fmul.d  fs11, fs6, ft4
core   0: exception trap_illegal_instruction, epc 0x0000000080004996
core   0:           tval 0x00000000124b7dd3
core   0: >>>>  $xrv64i2p1_m2p0_a2p1_f2p2_d2p2_zicsr2p0_zifencei2p0_zmmul1p0_zba1p0_zbb1p0_zbc1p0_zbs1p0
core   0: 0x0000000080004000 (0x0080006f) j       pc + 0x8
core   0: 3 0x0000000080004000 (0x0080006f)
core   0: >>>>  mmode_exception_handler
core   0: 0x0000000080004008 (0x00002c17) auipc   s8, 0x2
core   0: 3 0x0000000080004008 (0x00002c17) x24 0x0000000080006008
core   0: 0x000000008000400c (0x09cc0c13) addi    s8, s8, 156
core   0: 3 0x000000008000400c (0x09cc0c13) x24 0x00000000800060a4
core   0: 0x0000000080004010 (0x000c00e7) jalr    s8
core   0: 3 0x0000000080004010 (0x000c00e7) x1  0x0000000080004014
core   0: >>>>  any_handler
core   0: 0x00000000800060a4 (0x341027f3) csrrs   a5, mepc, zero
core   0: 3 0x00000000800060a4 (0x341027f3) x15 0x0000000080004996
core   0: 0x00000000800060a8 (0x34202773) csrrs   a4, mcause, zero
core   0: 3 0x00000000800060a8 (0x34202773) x14 0x0000000000000002
core   0: 0x00000000800060ac (0x142026f3) csrrs   a3, scause, zero
core   0: 3 0x00000000800060ac (0x142026f3) x13 0x0000000000000000
core   0: 0x00000000800060b0 (0x30402673) csrrs   a2, mie, zero
core   0: 3 0x00000000800060b0 (0x30402673) x12 0x0000000000000a00
core   0: 0x00000000800060b4 (0x344025f3) csrrs   a1, mip, zero
core   0: 3 0x00000000800060b4 (0x344025f3) x11 0x0000000000000080
core   0: 0x00000000800060b8 (0x343025f3) csrrs   a1, mtval, zero
core   0: 3 0x00000000800060b8 (0x343025f3) x11 0x00000000124b7dd3
core   0: 0x00000000800060bc (0x14302573) csrrs   a0, stval, zero
core   0: 3 0x00000000800060bc (0x14302573) x10 0x000000000000001f
core   0: 0x00000000800060c0 (0xb02024f3) csrrs   s1, minstret, zero
core   0: 3 0x00000000800060c0 (0xb02024f3) x9  0x0000000000000ad4
core   0: 0x00000000800060c4 (0x0000a811) c.j     pc + 20
core   0: 3 0x00000000800060c4 (0xa811)
core   0: >>>>  mepc_4
core   0: 0x00000000800060d8 (0x00000791) c.addi  a5, 4
core   0: 3 0x00000000800060d8 (0x0791) x15 0x000000008000499a
core   0: 0x00000000800060da (0x34179073) csrrw   zero, mepc, a5
core   0: 3 0x00000000800060da (0x34179073) c833_mepc 0x000000008000499a
core   0: 0x00000000800060de (0x30200073) mret
core   0: 3 0x00000000800060de (0x30200073) c768_mstatus 0x8000000a00106080
core   0: 0x000000008000499a (0x07760493) addi    s1, a2, 119
core   0: 1 0x000000008000499a (0x07760493) x9  0x0000000000000a77
core   0: 0x000000008000499e (0x00075013) srli    zero, a4, 0
core   0: 1 0x000000008000499e (0x00075013)
core   0: 0x00000000800049a2 (0x018c9993) slli    s3, s9, 24
core   0: 1 0x00000000800049a2 (0x018c9993) x19 0xffffffffff000000
core   0: 0x00000000800049a6 (0x0299e1bb) remw    gp, s3, s1
core   0: 1 0x00000000800049a6 (0x0299e1bb) x3  0xfffffffffffffada
core   0: 0x00000000800049aa (0xd2198553) fcvt.d.wu fa0, s3
core   0: 1 0x00000000800049aa (0xd2198553) f10 0x41efe00000000000
core   0: 0x00000000800049ae (0x420084d3) fcvt.d.s fs1, ft1
core   0: 1 0x00000000800049ae (0x420084d3) f9  0x7ff8000000000000
core   0: 0x00000000800049b2 (0xa2ab0ed3) fle.d   t4, fs6, fa0
core   0: 1 0x00000000800049b2 (0xa2ab0ed3) c1_fflags 0x000000000000001f x29 0x0000000000000000
core   0: 0x00000000800049b6 (0x00c78b33) add     s6, a5, a2
core   0: 1 0x00000000800049b6 (0x00c78b33) x22 0x000000008000539a
core   0: 0x00000000800049ba (0x416654bb) sraw    s1, a2, s6
core   0: 1 0x00000000800049ba (0x416654bb) x9  0x0000000000000000
core   0: 0x00000000800049be (0xd21b01d3) fcvt.d.wu ft3, s6
core   0: 1 0x00000000800049be (0xd21b01d3) f3  0x41e0000a73400000
core   0: 0x00000000800049c2 (0x011ed29b) srliw   t0, t4, 17
core   0: 1 0x00000000800049c2 (0x011ed29b) x5  0x0000000000000000
core   0: 0x00000000800049c6 (0x0007a233) slt     tp, a5, zero
core   0: 1 0x00000000800049c6 (0x0007a233) x4  0x0000000000000000
core   0: 0x00000000800049ca (0x01f0ea93) ori     s5, ra, 31
core   0: 1 0x00000000800049ca (0x01f0ea93) x21 0x000000008000401f
core   0: 0x00000000800049ce (0x0198f2b3) and     t0, a7, s9
core   0: 1 0x00000000800049ce (0x0198f2b3) x5  0x0000000040dca8b4
core   0: 0x00000000800049d2 (0x0252d833) divu    a6, t0, t0
core   0: 1 0x00000000800049d2 (0x0252d833) x16 0x0000000000000001
core   0: 0x00000000800049d6 (0x003591bb) sllw    gp, a1, gp
core   0: 1 0x00000000800049d6 (0x003591bb) x3  0x000000004c000000
core   0: 0x00000000800049da (0x2ac11dd3) fmax.d  fs11, ft2, fa2
core   0: 1 0x00000000800049da (0x2ac11dd3) f27 0xbff0000000000000
core   0: 0x00000000800049de (0x03a2443b) divw    s0, tp, s10
core   0: 1 0x00000000800049de (0x03a2443b) x8  0x0000000000000000
core   0: 0x00000000800049e2 (0x00c380bb) addw    ra, t2, a2
core   0: 1 0x00000000800049e2 (0x00c380bb) x1  0x000000005d21a1ff
core   0: 0x00000000800049e6 (0x0173dbbb) srlw    s7, t2, s7
core   0: 1 0x00000000800049e6 (0x0173dbbb) x23 0x0000000000000000
core   0: 0x00000000800049ea (0x025fffd3) fadd.d  ft11, ft11, ft5
core   0: exception trap_illegal_instruction, epc 0x00000000800049ea
core   0:           tval 0x00000000025fffd3
core   0: >>>>  $xrv64i2p1_m2p0_a2p1_f2p2_d2p2_zicsr2p0_zifencei2p0_zmmul1p0_zba1p0_zbb1p0_zbc1p0_zbs1p0
core   0: 0x0000000080004000 (0x0080006f) j       pc + 0x8
core   0: 3 0x0000000080004000 (0x0080006f)
core   0: >>>>  mmode_exception_handler
core   0: 0x0000000080004008 (0x00002c17) auipc   s8, 0x2
core   0: 3 0x0000000080004008 (0x00002c17) x24 0x0000000080006008
core   0: 0x000000008000400c (0x09cc0c13) addi    s8, s8, 156
core   0: 3 0x000000008000400c (0x09cc0c13) x24 0x00000000800060a4
core   0: 0x0000000080004010 (0x000c00e7) jalr    s8
core   0: 3 0x0000000080004010 (0x000c00e7) x1  0x0000000080004014
core   0: >>>>  any_handler
core   0: 0x00000000800060a4 (0x341027f3) csrrs   a5, mepc, zero
core   0: 3 0x00000000800060a4 (0x341027f3) x15 0x00000000800049ea
core   0: 0x00000000800060a8 (0x34202773) csrrs   a4, mcause, zero
core   0: 3 0x00000000800060a8 (0x34202773) x14 0x0000000000000002
core   0: 0x00000000800060ac (0x142026f3) csrrs   a3, scause, zero
core   0: 3 0x00000000800060ac (0x142026f3) x13 0x0000000000000000
core   0: 0x00000000800060b0 (0x30402673) csrrs   a2, mie, zero
core   0: 3 0x00000000800060b0 (0x30402673) x12 0x0000000000000a00
core   0: 0x00000000800060b4 (0x344025f3) csrrs   a1, mip, zero
core   0: 3 0x00000000800060b4 (0x344025f3) x11 0x0000000000000080
core   0: 0x00000000800060b8 (0x343025f3) csrrs   a1, mtval, zero
core   0: 3 0x00000000800060b8 (0x343025f3) x11 0x00000000025fffd3
core   0: 0x00000000800060bc (0x14302573) csrrs   a0, stval, zero
core   0: 3 0x00000000800060bc (0x14302573) x10 0x000000000000001f
core   0: 0x00000000800060c0 (0xb02024f3) csrrs   s1, minstret, zero
core   0: 3 0x00000000800060c0 (0xb02024f3) x9  0x0000000000000af8
core   0: 0x00000000800060c4 (0x0000a811) c.j     pc + 20
core   0: 3 0x00000000800060c4 (0xa811)
core   0: >>>>  mepc_4
core   0: 0x00000000800060d8 (0x00000791) c.addi  a5, 4
core   0: 3 0x00000000800060d8 (0x0791) x15 0x00000000800049ee
core   0: 0x00000000800060da (0x34179073) csrrw   zero, mepc, a5
core   0: 3 0x00000000800060da (0x34179073) c833_mepc 0x00000000800049ee
core   0: 0x00000000800060de (0x30200073) mret
core   0: 3 0x00000000800060de (0x30200073) c768_mstatus 0x8000000a00106080
core   0: 0x00000000800049ee (0x0210eabb) remw    s5, ra, ra
core   0: 1 0x00000000800049ee (0x0210eabb) x21 0x0000000000000000
core   0: 0x00000000800049f2 (0x00008705) c.srai  a4, 1
core   0: 1 0x00000000800049f2 (0x8705) x14 0x0000000000000001
core   0: 0x00000000800049f4 (0x002a1273) csrrw   tp, frm, s4
core   0: 1 0x00000000800049f4 (0x002a1273) x4  0x0000000000000007 c2_frm 0x0000000000000002
core   0: 0x00000000800049f8 (0x0ad37353) fsub.d  ft6, ft6, fa3
core   0: 1 0x00000000800049f8 (0x0ad37353) f6  0x7ff8000000000000
core   0: 0x00000000800049fc (0x004a0333) add     t1, s4, tp
core   0: 1 0x00000000800049fc (0x004a0333) x6  0x0000000000000009
core   0: 0x0000000080004a00 (0x23a89d53) fsgnjn.d fs10, fa7, fs10
core   0: 1 0x0000000080004a00 (0x23a89d53) f26 0x8000000000000000
core   0: 0x0000000080004a04 (0x0175553b) srlw    a0, a0, s7
core   0: 1 0x0000000080004a04 (0x0175553b) x10 0x000000000000001f
core   0: 0x0000000080004a08 (0x015a9abb) sllw    s5, s5, s5
core   0: 1 0x0000000080004a08 (0x015a9abb) x21 0x0000000000000000
core   0: 0x0000000080004a0c (0x035abcb3) mulhu   s9, s5, s5
core   0: 1 0x0000000080004a0c (0x035abcb3) x25 0x0000000000000000
core   0: 0x0000000080004a10 (0x0354ed3b) remw    s10, s1, s5
core   0: 1 0x0000000080004a10 (0x0354ed3b) x26 0x0000000000000af8
core   0: 0x0000000080004a14 (0xa3ad7dcb) fnmsub.d fs11, fs10, fs10, fs4
core   0: 1 0x0000000080004a14 (0xa3ad7dcb) f27 0x403f000000000000
core   0: 0x0000000080004a18 (0xb8d8e137) lui     sp, 0xb8d8e
core   0: 1 0x0000000080004a18 (0xb8d8e137) x2  0xffffffffb8d8e000
core   0: 0x0000000080004a1c (0x403c85b3) sub     a1, s9, gp
core   0: 1 0x0000000080004a1c (0x403c85b3) x11 0xffffffffb4000000
core   0: 0x0000000080004a20 (0x8005e013) prefetch.i -2048(a1)
core   0: 1 0x0000000080004a20 (0x8005e013)
core   0: 0x0000000080004a24 (0x00071b9b) slliw   s7, a4, 0
core   0: 1 0x0000000080004a24 (0x00071b9b) x23 0x0000000000000001
core   0: 0x0000000080004a28 (0x020beab3) rem     s5, s7, zero
core   0: 1 0x0000000080004a28 (0x020beab3) x21 0x0000000000000001
core   0: 0x0000000080004a2c (0x41dc5213) srai    tp, s8, 29
core   0: 1 0x0000000080004a2c (0x41dc5213) x4  0x0000000000000004
core   0: 0x0000000080004a30 (0x018595bb) sllw    a1, a1, s8
core   0: 1 0x0000000080004a30 (0x018595bb) x11 0x0000000040000000
core   0: 0x0000000080004a34 (0x0083133b) sllw    t1, t1, s0
core   0: 1 0x0000000080004a34 (0x0083133b) x6  0x0000000000000009
core   0: 0x0000000080004a38 (0x01cda133) slt     sp, s11, t3
core   0: 1 0x0000000080004a38 (0x01cda133) x2  0x0000000000000000
core   0: 0x0000000080004a3c (0x419cdcbb) sraw    s9, s9, s9
core   0: 1 0x0000000080004a3c (0x419cdcbb) x25 0x0000000000000000
core   0: 0x0000000080004a40 (0x401cfed3) fcvt.s.d ft9, fs9
core   0: 1 0x0000000080004a40 (0x401cfed3) f29 0xffffffff00000000
core   0: 0x0000000080004a44 (0x01960133) add     sp, a2, s9
core   0: 1 0x0000000080004a44 (0x01960133) x2  0x0000000000000a00
core   0: 0x0000000080004a48 (0x00000001) c.nop
core   0: 1 0x0000000080004a48 (0x0001)
core   0: 0x0000000080004a4a (0xd22673d3) fcvt.d.l ft7, a2
core   0: 1 0x0000000080004a4a (0xd22673d3) f7  0x40a4000000000000
core   0: 0x0000000080004a4e (0x2ac48353) fmin.d  ft6, fs1, fa2
core   0: 1 0x0000000080004a4e (0x2ac48353) f6  0xbff0000000000000
core   0: 0x0000000080004a52 (0xbb1bfbcb) fnmsub.d fs7, fs7, fa7, fs7
core   0: 1 0x0000000080004a52 (0xbb1bfbcb) f23 0x8000000000000000
core   0: 0x0000000080004a56 (0x6927b0b7) lui     ra, 0x6927b
core   0: 1 0x0000000080004a56 (0x6927b0b7) x1  0x000000006927b000
core   0: 0x0000000080004a5a (0x00ee8e33) add     t3, t4, a4
core   0: 1 0x0000000080004a5a (0x00ee8e33) x28 0x0000000000000001
core   0: 0x0000000080004a5e (0x00000001) c.nop
core   0: 1 0x0000000080004a5e (0x0001)
core   0: 0x0000000080004a60 (0x41ae543b) sraw    s0, t3, s10
core   0: 1 0x0000000080004a60 (0x41ae543b) x8  0x0000000000000000
core   0: 0x0000000080004a64 (0xc02694f3) csrrw   s1, instret, a3
core   0: exception trap_illegal_instruction, epc 0x0000000080004a64
core   0:           tval 0x00000000c02694f3
core   0: >>>>  $xrv64i2p1_m2p0_a2p1_f2p2_d2p2_zicsr2p0_zifencei2p0_zmmul1p0_zba1p0_zbb1p0_zbc1p0_zbs1p0
core   0: 0x0000000080004000 (0x0080006f) j       pc + 0x8
core   0: 3 0x0000000080004000 (0x0080006f)
core   0: >>>>  mmode_exception_handler
core   0: 0x0000000080004008 (0x00002c17) auipc   s8, 0x2
core   0: 3 0x0000000080004008 (0x00002c17) x24 0x0000000080006008
core   0: 0x000000008000400c (0x09cc0c13) addi    s8, s8, 156
core   0: 3 0x000000008000400c (0x09cc0c13) x24 0x00000000800060a4
core   0: 0x0000000080004010 (0x000c00e7) jalr    s8
core   0: 3 0x0000000080004010 (0x000c00e7) x1  0x0000000080004014
core   0: >>>>  any_handler
core   0: 0x00000000800060a4 (0x341027f3) csrrs   a5, mepc, zero
core   0: 3 0x00000000800060a4 (0x341027f3) x15 0x0000000080004a64
core   0: 0x00000000800060a8 (0x34202773) csrrs   a4, mcause, zero
core   0: 3 0x00000000800060a8 (0x34202773) x14 0x0000000000000002
core   0: 0x00000000800060ac (0x142026f3) csrrs   a3, scause, zero
core   0: 3 0x00000000800060ac (0x142026f3) x13 0x0000000000000000
core   0: 0x00000000800060b0 (0x30402673) csrrs   a2, mie, zero
core   0: 3 0x00000000800060b0 (0x30402673) x12 0x0000000000000a00
core   0: 0x00000000800060b4 (0x344025f3) csrrs   a1, mip, zero
core   0: 3 0x00000000800060b4 (0x344025f3) x11 0x0000000000000080
core   0: 0x00000000800060b8 (0x343025f3) csrrs   a1, mtval, zero
core   0: 3 0x00000000800060b8 (0x343025f3) x11 0x00000000c02694f3
core   0: 0x00000000800060bc (0x14302573) csrrs   a0, stval, zero
core   0: 3 0x00000000800060bc (0x14302573) x10 0x000000000000001f
core   0: 0x00000000800060c0 (0xb02024f3) csrrs   s1, minstret, zero
core   0: 3 0x00000000800060c0 (0xb02024f3) x9  0x0000000000000b27
core   0: 0x00000000800060c4 (0x0000a811) c.j     pc + 20
core   0: 3 0x00000000800060c4 (0xa811)
core   0: >>>>  mepc_4
core   0: 0x00000000800060d8 (0x00000791) c.addi  a5, 4
core   0: 3 0x00000000800060d8 (0x0791) x15 0x0000000080004a68
core   0: 0x00000000800060da (0x34179073) csrrw   zero, mepc, a5
core   0: 3 0x00000000800060da (0x34179073) c833_mepc 0x0000000080004a68
core   0: 0x00000000800060de (0x30200073) mret
core   0: 3 0x00000000800060de (0x30200073) c768_mstatus 0x8000000a00106080
core   0: 0x0000000080004a68 (0xc2167653) fcvt.wu.d a2, fa2
core   0: 1 0x0000000080004a68 (0xc2167653) c1_fflags 0x000000000000001f x12 0x0000000000000000
core   0: 0x0000000080004a6c (0x00102973) csrrs   s2, fflags, zero
core   0: 1 0x0000000080004a6c (0x00102973) x18 0x000000000000001f
core   0: 0x0000000080004a70 (0x1333f9d3) fmul.d  fs3, ft7, fs3
core   0: 1 0x0000000080004a70 (0x1333f9d3) c1_fflags 0x000000000000001f f19 0x44a3ffffffffffff
core   0: 0x0000000080004a74 (0x001e0dbb) addw    s11, t3, ra
core   0: 1 0x0000000080004a74 (0x001e0dbb) x27 0xffffffff80004015
core   0: 0x0000000080004a78 (0x40195b1b) sraiw   s6, s2, 1
core   0: 1 0x0000000080004a78 (0x40195b1b) x22 0x000000000000000f
core   0: 0x0000000080004a7c (0x00231733) sll     a4, t1, sp
core   0: 1 0x0000000080004a7c (0x00231733) x14 0x0000000000000009
core   0: 0x0000000080004a80 (0xd23a74d3) fcvt.d.lu fs1, s4
core   0: 1 0x0000000080004a80 (0xd23a74d3) f9  0x4000000000000000
core   0: 0x0000000080004a84 (0x407bdb9b) sraiw   s7, s7, 7
core   0: 1 0x0000000080004a84 (0x407bdb9b) x23 0x0000000000000000
core   0: 0x0000000080004a88 (0x0353f03b) remuw   zero, t2, s5
core   0: 1 0x0000000080004a88 (0x0353f03b)
core   0: 0x0000000080004a8c (0x41c75b9b) sraiw   s7, a4, 28
core   0: 1 0x0000000080004a8c (0x41c75b9b) x23 0x0000000000000000
core   0: 0x0000000080004a90 (0x41605e93) srai    t4, zero, 22
core   0: 1 0x0000000080004a90 (0x41605e93) x29 0x0000000000000000
core   0: 0x0000000080004a94 (0x00000001) c.nop
core   0: 1 0x0000000080004a94 (0x0001)
core   0: 0x0000000080004a96 (0x400adebb) sraw    t4, s5, zero
core   0: 1 0x0000000080004a96 (0x400adebb) x29 0x0000000000000001
core   0: 0x0000000080004a9a (0x420686d3) fcvt.d.s fa3, fa3
core   0: 1 0x0000000080004a9a (0x420686d3) f13 0x7ff8000000000000
core   0: 0x0000000080004a9e (0xd03ef453) fcvt.s.lu fs0, t4
core   0: 1 0x0000000080004a9e (0xd03ef453) f8  0xffffffff3f800000
core   0: 0x0000000080004aa2 (0x005b1533) sll     a0, s6, t0
core   0: 1 0x0000000080004aa2 (0x005b1533) x10 0x00f0000000000000
core   0: 0x0000000080004aa6 (0x033e45b3) div     a1, t3, s3
core   0: 1 0x0000000080004aa6 (0x033e45b3) x11 0x0000000000000000
core   0: 0x0000000080004aaa (0x00ae00bb) addw    ra, t3, a0
core   0: 1 0x0000000080004aaa (0x00ae00bb) x1  0x0000000000000001
core   0: 0x0000000080004aae (0x0ff0000f) fence   iorw,iorw
core   0: 1 0x0000000080004aae (0x0ff0000f)
core   0: 0x0000000080004ab2 (0x40d6dd3b) sraw    s10, a3, a3
core   0: 1 0x0000000080004ab2 (0x40d6dd3b) x26 0x0000000000000000
core   0: 0x0000000080004ab6 (0x10505df3) csrrwi  s11, stvec, 0
core   0: 1 0x0000000080004ab6 (0x10505df3) x27 0x0000000000000000 c261_stvec 0x0000000000000000
core   0: 0x0000000080004aba (0x01a7983b) sllw    a6, a5, s10
core   0: 1 0x0000000080004aba (0x01a7983b) x16 0xffffffff80004a68
core   0: 0x0000000080004abe (0x02d47653) fadd.d  fa2, fs0, fa3
core   0: 1 0x0000000080004abe (0x02d47653) f12 0x7ff8000000000000
core   0: 0x0000000080004ac2 (0x40107553) fcvt.s.d fa0, ft0
core   0: 1 0x0000000080004ac2 (0x40107553) f10 0xffffffffc46a0000
core   0: 0x0000000080004ac6 (0x02fbeb33) rem     s6, s7, a5
core   0: 1 0x0000000080004ac6 (0x02fbeb33) x22 0x0000000000000000
core   0: 0x0000000080004aca (0x8007ea93) ori     s5, a5, -2048
core   0: 1 0x0000000080004aca (0x8007ea93) x21 0xfffffffffffffa68
core   0: 0x0000000080004ace (0x0b864693) xori    a3, a2, 184
core   0: 1 0x0000000080004ace (0x0b864693) x13 0x00000000000000b8
core   0: 0x0000000080004ad2 (0x03abed33) rem     s10, s7, s10
core   0: 1 0x0000000080004ad2 (0x03abed33) x26 0x0000000000000000
core   0: 0x0000000080004ad6 (0x001022f3) csrrs   t0, fflags, zero
core   0: 1 0x0000000080004ad6 (0x001022f3) x5  0x000000000000001f
core   0: 0x0000000080004ada (0x03b1413b) divw    sp, sp, s11
core   0: 1 0x0000000080004ada (0x03b1413b) x2  0xffffffffffffffff
core   0: 0x0000000080004ade (0x0bbf7d4b) fnmsub.d fs10, ft10, fs11, ft1
core   0: 1 0x0000000080004ade (0x0bbf7d4b) f26 0x7ff8000000000000
core   0: 0x0000000080004ae2 (0x7ff16613) ori     a2, sp, 2047
core   0: 1 0x0000000080004ae2 (0x7ff16613) x12 0xffffffffffffffff
core   0: 0x0000000080004ae6 (0x21e1c893) xori    a7, gp, 542
core   0: 1 0x0000000080004ae6 (0x21e1c893) x17 0x000000004c00021e
core   0: 0x0000000080004aea (0x5a0b78d3) fsqrt.d fa7, fs6
core   0: 1 0x0000000080004aea (0x5a0b78d3) f17 0x7ff8000000000000
core   0: 0x0000000080004aee (0x2a1490d3) fmax.d  ft1, fs1, ft1
core   0: 1 0x0000000080004aee (0x2a1490d3) f1  0x41e0000c14800000
core   0: 0x0000000080004af2 (0x00148013) addi    zero, s1, 1
core   0: 1 0x0000000080004af2 (0x00148013)
core   0: 0x0000000080004af6 (0x74a140b7) lui     ra, 0x74a14
core   0: 1 0x0000000080004af6 (0x74a140b7) x1  0x0000000074a14000
core   0: 0x0000000080004afa (0x01655833) srl     a6, a0, s6
core   0: 1 0x0000000080004afa (0x01655833) x16 0x00f0000000000000
core   0: 0x0000000080004afe (0xfff66d93) ori     s11, a2, -1
core   0: 1 0x0000000080004afe (0xfff66d93) x27 0xffffffffffffffff
core   0: 0x0000000080004b02 (0x007a97bb) sllw    a5, s5, t2
core   0: 1 0x0000000080004b02 (0x007a97bb) x15 0x0000000000000000
core   0: 0x0000000080004b06 (0x23b09a53) fsgnjn.d fs4, ft1, fs11
core   0: 1 0x0000000080004b06 (0x23b09a53) f20 0xc1e0000c14800000
core   0: 0x0000000080004b0a (0x4027d133) sra     sp, a5, sp
core   0: 1 0x0000000080004b0a (0x4027d133) x2  0x0000000000000000
core   0: 0x0000000080004b0e (0x41ddd51b) sraiw   a0, s11, 29
core   0: 1 0x0000000080004b0e (0x41ddd51b) x10 0xffffffffffffffff
core   0: 0x0000000080004b12 (0x01da2533) slt     a0, s4, t4
core   0: 1 0x0000000080004b12 (0x01da2533) x10 0x0000000000000000
core   0: 0x0000000080004b16 (0x01c51c1b) slliw   s8, a0, 28
core   0: 1 0x0000000080004b16 (0x01c51c1b) x24 0x0000000000000000
core   0: 0x0000000080004b1a (0x41e3531b) sraiw   t1, t1, 30
core   0: 1 0x0000000080004b1a (0x41e3531b) x6  0x0000000000000000
core   0: 0x0000000080004b1e (0x01b712bb) sllw    t0, a4, s11
core   0: 1 0x0000000080004b1e (0x01b712bb) x5  0xffffffff80000000
core   0: 0x0000000080004b22 (0x00000001) c.nop
core   0: 1 0x0000000080004b22 (0x0001)
core   0: 0x0000000080004b24 (0x401d7b53) fcvt.s.d fs6, fs10
core   0: 1 0x0000000080004b24 (0x401d7b53) f22 0xffffffff7fc00000
core   0: 0x0000000080004b28 (0x40558b3b) subw    s6, a1, t0
core   0: 1 0x0000000080004b28 (0x40558b3b) x22 0xffffffff80000000
core   0: 0x0000000080004b2c (0x019b7cb3) and     s9, s6, s9
core   0: 1 0x0000000080004b2c (0x019b7cb3) x25 0x0000000000000000
core   0: 0x0000000080004b30 (0x17eb0b9b) addiw   s7, s6, 382
core   0: 1 0x0000000080004b30 (0x17eb0b9b) x23 0xffffffff8000017e
core   0: 0x0000000080004b34 (0x12e7f8d3) fmul.d  fa7, fa5, fa4
core   0: 1 0x0000000080004b34 (0x12e7f8d3) f17 0x7ff8000000000000
core   0: 0x0000000080004b38 (0xd233f153) fcvt.d.lu ft2, t2
core   0: 1 0x0000000080004b38 (0xd233f153) f2  0x41d74865ffc00000
core   0: 0x0000000080004b3c (0x223598d3) fsgnjn.d fa7, fa1, ft3
core   0: 1 0x0000000080004b3c (0x223598d3) f17 0xfff0000000000000
core   0: 0x0000000080004b40 (0x0373dd3b) divuw   s10, t2, s7
core   0: 1 0x0000000080004b40 (0x0373dd3b) x26 0x0000000000000000
core   0: 0x0000000080004b44 (0xa23d2ad3) feq.d   s5, fs10, ft3
core   0: 1 0x0000000080004b44 (0xa23d2ad3) x21 0x0000000000000000
core   0: 0x0000000080004b48 (0x00000001) c.nop
core   0: 1 0x0000000080004b48 (0x0001)
core   0: 0x0000000080004b4a (0x0353e4b3) rem     s1, t2, s5
core   0: 1 0x0000000080004b4a (0x0353e4b3) x9  0x000000005d2197ff
core   0: 0x0000000080004b4e (0x02bc7d3b) remuw   s10, s8, a1
core   0: 1 0x0000000080004b4e (0x02bc7d3b) x26 0x0000000000000000
core   0: 0x0000000080004b52 (0x025971bb) remuw   gp, s2, t0
core   0: 1 0x0000000080004b52 (0x025971bb) x3  0x000000000000001f
core   0: 0x0000000080004b56 (0xd2bc7dc7) fmsub.d fs11, fs8, fa1, fs10
core   0: 1 0x0000000080004b56 (0xd2bc7dc7) f27 0x7ff8000000000000
core   0: 0x0000000080004b5a (0x00e41133) sll     sp, s0, a4
core   0: 1 0x0000000080004b5a (0x00e41133) x2  0x0000000000000000
core   0: 0x0000000080004b5e (0xe7637513) andi    a0, t1, -394
core   0: 1 0x0000000080004b5e (0xe7637513) x10 0x0000000000000000
core   0: 0x0000000080004b62 (0x0082d793) srli    a5, t0, 8
core   0: 1 0x0000000080004b62 (0x0082d793) x15 0x00ffffffff800000
core   0: 0x0000000080004b66 (0x2bbd8953) fmin.d  fs2, fs11, fs11
core   0: 1 0x0000000080004b66 (0x2bbd8953) f18 0x7ff8000000000000
core   0: 0x0000000080004b6a (0x40a7dabb) sraw    s5, a5, a0
core   0: 1 0x0000000080004b6a (0x40a7dabb) x21 0xffffffffff800000
core   0: 0x0000000080004b6e (0x00008c5d) c.or    s0, a5
core   0: 1 0x0000000080004b6e (0x8c5d) x8  0x00ffffffff800000
core   0: 0x0000000080004b70 (0x0378e0b3) rem     ra, a7, s7
core   0: 1 0x0000000080004b70 (0x0378e0b3) x1  0x000000004c00021e
core   0: 0x0000000080004b74 (0x1ab57a53) fdiv.d  fs4, fa0, fa1
core   0: 1 0x0000000080004b74 (0x1ab57a53) f20 0x7ff8000000000000
core   0: 0x0000000080004b78 (0xb291fb43) fmadd.d fs6, ft3, fs1, fs6
core   0: 1 0x0000000080004b78 (0xb291fb43) f22 0x7ff8000000000000
core   0: 0x0000000080004b7c (0x019382b3) add     t0, t2, s9
core   0: 1 0x0000000080004b7c (0x019382b3) x5  0x000000005d2197ff
core   0: 0x0000000080004b80 (0x236e1d53) fsgnjn.d fs10, ft8, fs6
core   0: 1 0x0000000080004b80 (0x236e1d53) f26 0xfff8000000000000
core   0: 0x0000000080004b84 (0x6ca14513) xori    a0, sp, 1738
core   0: 1 0x0000000080004b84 (0x6ca14513) x10 0x00000000000006ca
core   0: 0x0000000080004b88 (0x401c549b) sraiw   s1, s8, 1
core   0: 1 0x0000000080004b88 (0x401c549b) x9  0x0000000000000000
core   0: 0x0000000080004b8c (0x23220253) fsgnj.d ft4, ft4, fs2
core   0: 1 0x0000000080004b8c (0x23220253) f4  0x7fffffff00000000
core   0: 0x0000000080004b90 (0x00299273) csrrw   tp, frm, s3
core   0: 1 0x0000000080004b90 (0x00299273) x4  0x0000000000000002 c2_frm 0x0000000000000000
core   0: 0x0000000080004b94 (0xd225fc53) fcvt.d.l fs8, a1
core   0: 1 0x0000000080004b94 (0xd225fc53) f24 0x0000000000000000
core   0: 0x0000000080004b98 (0xc0203173) csrrc   sp, instret, zero
core   0: exception trap_illegal_instruction, epc 0x0000000080004b98
core   0:           tval 0x00000000c0203173
core   0: >>>>  $xrv64i2p1_m2p0_a2p1_f2p2_d2p2_zicsr2p0_zifencei2p0_zmmul1p0_zba1p0_zbb1p0_zbc1p0_zbs1p0
core   0: 0x0000000080004000 (0x0080006f) j       pc + 0x8
core   0: 3 0x0000000080004000 (0x0080006f)
core   0: >>>>  mmode_exception_handler
core   0: 0x0000000080004008 (0x00002c17) auipc   s8, 0x2
core   0: 3 0x0000000080004008 (0x00002c17) x24 0x0000000080006008
core   0: 0x000000008000400c (0x09cc0c13) addi    s8, s8, 156
core   0: 3 0x000000008000400c (0x09cc0c13) x24 0x00000000800060a4
core   0: 0x0000000080004010 (0x000c00e7) jalr    s8
core   0: 3 0x0000000080004010 (0x000c00e7) x1  0x0000000080004014
core   0: >>>>  any_handler
core   0: 0x00000000800060a4 (0x341027f3) csrrs   a5, mepc, zero
core   0: 3 0x00000000800060a4 (0x341027f3) x15 0x0000000080004b98
core   0: 0x00000000800060a8 (0x34202773) csrrs   a4, mcause, zero
core   0: 3 0x00000000800060a8 (0x34202773) x14 0x0000000000000002
core   0: 0x00000000800060ac (0x142026f3) csrrs   a3, scause, zero
core   0: 3 0x00000000800060ac (0x142026f3) x13 0x0000000000000000
core   0: 0x00000000800060b0 (0x30402673) csrrs   a2, mie, zero
core   0: 3 0x00000000800060b0 (0x30402673) x12 0x0000000000000a00
core   0: 0x00000000800060b4 (0x344025f3) csrrs   a1, mip, zero
core   0: 3 0x00000000800060b4 (0x344025f3) x11 0x0000000000000080
core   0: 0x00000000800060b8 (0x343025f3) csrrs   a1, mtval, zero
core   0: 3 0x00000000800060b8 (0x343025f3) x11 0x00000000c0203173
core   0: 0x00000000800060bc (0x14302573) csrrs   a0, stval, zero
core   0: 3 0x00000000800060bc (0x14302573) x10 0x000000000000001f
core   0: 0x00000000800060c0 (0xb02024f3) csrrs   s1, minstret, zero
core   0: 3 0x00000000800060c0 (0xb02024f3) x9  0x0000000000000b85
core   0: 0x00000000800060c4 (0x0000a811) c.j     pc + 20
core   0: 3 0x00000000800060c4 (0xa811)
core   0: >>>>  mepc_4
core   0: 0x00000000800060d8 (0x00000791) c.addi  a5, 4
core   0: 3 0x00000000800060d8 (0x0791) x15 0x0000000080004b9c
core   0: 0x00000000800060da (0x34179073) csrrw   zero, mepc, a5
core   0: 3 0x00000000800060da (0x34179073) c833_mepc 0x0000000080004b9c
core   0: 0x00000000800060de (0x30200073) mret
core   0: 3 0x00000000800060de (0x30200073) c768_mstatus 0x8000000a00106080
core   0: 0x0000000080004b9c (0x2a2b1cd3) fmax.d  fs9, fs6, ft2
core   0: 1 0x0000000080004b9c (0x2a2b1cd3) f25 0x41d74865ffc00000
core   0: 0x0000000080004ba0 (0x022171bb) remuw   gp, sp, sp
core   0: 1 0x0000000080004ba0 (0x022171bb) x3  0x0000000000000000
core   0: 0x0000000080004ba4 (0x40b653b3) sra     t2, a2, a1
core   0: 1 0x0000000080004ba4 (0x40b653b3) x7  0x0000000000000000
core   0: 0x0000000080004ba8 (0xc21177d3) fcvt.wu.d a5, ft2
core   0: 1 0x0000000080004ba8 (0xc21177d3) x15 0x000000005d2197ff
core   0: 0x0000000080004bac (0xf20905d3) fmv.d.x fa1, s2
core   0: 1 0x0000000080004bac (0xf20905d3) f11 0x000000000000001f
core   0: 0x0000000080004bb0 (0x0000d913) srli    s2, ra, 0
core   0: 1 0x0000000080004bb0 (0x0000d913) x18 0x0000000080004014
core   0: 0x0000000080004bb4 (0xe2f7fe43) fmadd.d ft8, fa5, fa5, ft8
core   0: 1 0x0000000080004bb4 (0xe2f7fe43) f28 0x7ff8000000000000
core   0: 0x0000000080004bb8 (0x00001866) c.slli  a6, 57
core   0: 1 0x0000000080004bb8 (0x1866) x16 0x0000000000000000
core   0: 0x0000000080004bba (0x010af933) and     s2, s5, a6
core   0: 1 0x0000000080004bba (0x010af933) x18 0x0000000000000000
core   0: 0x0000000080004bbe (0x01cb1e33) sll     t3, s6, t3
core   0: 1 0x0000000080004bbe (0x01cb1e33) x28 0xffffffff00000000
core   0: 0x0000000080004bc2 (0x00a1d193) srli    gp, gp, 10
core   0: 1 0x0000000080004bc2 (0x00a1d193) x3  0x0000000000000000
core   0: 0x0000000080004bc6 (0x001028f3) csrrs   a7, fflags, zero
core   0: 1 0x0000000080004bc6 (0x001028f3) x17 0x000000000000001f
core   0: 0x0000000080004bca (0xf2050253) fmv.d.x ft4, a0
core   0: 1 0x0000000080004bca (0xf2050253) f4  0x000000000000001f
core   0: 0x0000000080004bce (0x141fe173) csrrsi  sp, sepc, 31
core   0: 1 0x0000000080004bce (0x141fe173) x2  0x000000005d219012 c321_sepc 0x000000005d21901e
core   0: 0x0000000080004bd2 (0xc23ff3d3) fcvt.lu.d t2, ft11
core   0: 1 0x0000000080004bd2 (0xc23ff3d3) c1_fflags 0x000000000000001f x7  0xffffffffffffffff
core   0: 0x0000000080004bd6 (0x000d931b) slliw   t1, s11, 0
core   0: 1 0x0000000080004bd6 (0x000d931b) x6  0xffffffffffffffff
core   0: 0x0000000080004bda (0x41bc5133) sra     sp, s8, s11
core   0: 1 0x0000000080004bda (0x41bc5133) x2  0x0000000000000000
core   0: 0x0000000080004bde (0x00161293) slli    t0, a2, 1
core   0: 1 0x0000000080004bde (0x00161293) x5  0x0000000000001400
core   0: 0x0000000080004be2 (0x02c67133) remu    sp, a2, a2
core   0: 1 0x0000000080004be2 (0x02c67133) x2  0x0000000000000000
core   0: 0x0000000080004be6 (0x02b315b3) mulh    a1, t1, a1
core   0: 1 0x0000000080004be6 (0x02b315b3) x11 0xffffffffffffffff
core   0: 0x0000000080004bea (0x00000001) c.nop
core   0: 1 0x0000000080004bea (0x0001)
core   0: 0x0000000080004bec (0x02516c3b) remw    s8, sp, t0
core   0: 1 0x0000000080004bec (0x02516c3b) x24 0x0000000000000000
core   0: 0x0000000080004bf0 (0xd032f0d3) fcvt.s.lu ft1, t0
core   0: 1 0x0000000080004bf0 (0xd032f0d3) f1  0xffffffff45a00000
core   0: 0x0000000080004bf4 (0x4014d19b) sraiw   gp, s1, 1
core   0: 1 0x0000000080004bf4 (0x4014d19b) x3  0x00000000000005c2
core   0: 0x0000000080004bf8 (0x407c56b3) sra     a3, s8, t2
core   0: 1 0x0000000080004bf8 (0x407c56b3) x13 0x0000000000000000
core   0: 0x0000000080004bfc (0x40d308bb) subw    a7, t1, a3
core   0: 1 0x0000000080004bfc (0x40d308bb) x17 0xffffffffffffffff
core   0: 0x0000000080004c00 (0x000c5d93) srli    s11, s8, 0
core   0: 1 0x0000000080004c00 (0x000c5d93) x27 0x0000000000000000
core   0: 0x0000000080004c04 (0x2b8b9bd3) fmax.d  fs7, fs7, fs8
core   0: 1 0x0000000080004c04 (0x2b8b9bd3) f23 0x0000000000000000
core   0: 0x0000000080004c08 (0x00b5c8b3) xor     a7, a1, a1
core   0: 1 0x0000000080004c08 (0x00b5c8b3) x17 0x0000000000000000
core   0: 0x0000000080004c0c (0x0111a1b3) slt     gp, gp, a7
core   0: 1 0x0000000080004c0c (0x0111a1b3) x3  0x0000000000000000
core   0: 0x0000000080004c10 (0x01f1d71b) srliw   a4, gp, 31
core   0: 1 0x0000000080004c10 (0x01f1d71b) x14 0x0000000000000000
core   0: 0x0000000080004c14 (0x01114ab7) lui     s5, 0x1114
core   0: 1 0x0000000080004c14 (0x01114ab7) x21 0x0000000001114000
core   0: 0x0000000080004c18 (0x83fa8a9b) addiw   s5, s5, -1985
core   0: 1 0x0000000080004c18 (0x83fa8a9b) x21 0x000000000111383f
core   0: 0x0000000080004c1c (0x00000aba) c.slli  s5, 14
core   0: 1 0x0000000080004c1c (0x0aba) x21 0x000000444e0fc000
core   0: 0x0000000080004c1e (0xba9a8a93) addi    s5, s5, -1111
core   0: 1 0x0000000080004c1e (0xba9a8a93) x21 0x000000444e0fbba9
core   0: 0x0000000080004c22 (0x03a34abb) divw    s5, t1, s10
core   0: 1 0x0000000080004c22 (0x03a34abb) x21 0xffffffffffffffff
core   0: 0x0000000080004c26 (0x00000001) c.nop
core   0: 1 0x0000000080004c26 (0x0001)
core   0: 0x0000000080004c28 (0x83487d4f) fnmadd.d fs10, fa6, fs4, fa6
core   0: 1 0x0000000080004c28 (0x83487d4f) f26 0x7ff8000000000000
core   0: 0x0000000080004c2c (0x035a8733) mul     a4, s5, s5
core   0: 1 0x0000000080004c2c (0x035a8733) x14 0x0000000000000001
core   0: 0x0000000080004c30 (0x02c4a633) mulhsu  a2, s1, a2
core   0: 1 0x0000000080004c30 (0x02c4a633) x12 0x0000000000000000
core   0: 0x0000000080004c34 (0xc03b37f3) csrrc   a5, hpmcounter3, s6
core   0: exception trap_illegal_instruction, epc 0x0000000080004c34
core   0:           tval 0x00000000c03b37f3
core   0: >>>>  $xrv64i2p1_m2p0_a2p1_f2p2_d2p2_zicsr2p0_zifencei2p0_zmmul1p0_zba1p0_zbb1p0_zbc1p0_zbs1p0
core   0: 0x0000000080004000 (0x0080006f) j       pc + 0x8
core   0: 3 0x0000000080004000 (0x0080006f)
core   0: >>>>  mmode_exception_handler
core   0: 0x0000000080004008 (0x00002c17) auipc   s8, 0x2
core   0: 3 0x0000000080004008 (0x00002c17) x24 0x0000000080006008
core   0: 0x000000008000400c (0x09cc0c13) addi    s8, s8, 156
core   0: 3 0x000000008000400c (0x09cc0c13) x24 0x00000000800060a4
core   0: 0x0000000080004010 (0x000c00e7) jalr    s8
core   0: 3 0x0000000080004010 (0x000c00e7) x1  0x0000000080004014
core   0: >>>>  any_handler
core   0: 0x00000000800060a4 (0x341027f3) csrrs   a5, mepc, zero
core   0: 3 0x00000000800060a4 (0x341027f3) x15 0x0000000080004c34
core   0: 0x00000000800060a8 (0x34202773) csrrs   a4, mcause, zero
core   0: 3 0x00000000800060a8 (0x34202773) x14 0x0000000000000002
core   0: 0x00000000800060ac (0x142026f3) csrrs   a3, scause, zero
core   0: 3 0x00000000800060ac (0x142026f3) x13 0x0000000000000000
core   0: 0x00000000800060b0 (0x30402673) csrrs   a2, mie, zero
core   0: 3 0x00000000800060b0 (0x30402673) x12 0x0000000000000a00
core   0: 0x00000000800060b4 (0x344025f3) csrrs   a1, mip, zero
core   0: 3 0x00000000800060b4 (0x344025f3) x11 0x0000000000000080
core   0: 0x00000000800060b8 (0x343025f3) csrrs   a1, mtval, zero
core   0: 3 0x00000000800060b8 (0x343025f3) x11 0x00000000c03b37f3
core   0: 0x00000000800060bc (0x14302573) csrrs   a0, stval, zero
core   0: 3 0x00000000800060bc (0x14302573) x10 0x000000000000001f
core   0: 0x00000000800060c0 (0xb02024f3) csrrs   s1, minstret, zero
core   0: 3 0x00000000800060c0 (0xb02024f3) x9  0x0000000000000bbd
core   0: 0x00000000800060c4 (0x0000a811) c.j     pc + 20
core   0: 3 0x00000000800060c4 (0xa811)
core   0: >>>>  mepc_4
core   0: 0x00000000800060d8 (0x00000791) c.addi  a5, 4
core   0: 3 0x00000000800060d8 (0x0791) x15 0x0000000080004c38
core   0: 0x00000000800060da (0x34179073) csrrw   zero, mepc, a5
core   0: 3 0x00000000800060da (0x34179073) c833_mepc 0x0000000080004c38
core   0: 0x00000000800060de (0x30200073) mret
core   0: 3 0x00000000800060de (0x30200073) c768_mstatus 0x8000000a00106080
core   0: 0x0000000080004c38 (0x238090d3) fsgnjn.d ft1, ft1, fs8
core   0: 1 0x0000000080004c38 (0x238090d3) f1  0xffffffff45a00000
core   0: 0x0000000080004c3c (0x001119f3) csrrw   s3, fflags, sp
core   0: 1 0x0000000080004c3c (0x001119f3) x19 0x000000000000001f c1_fflags 0x0000000000000000
core   0: 0x0000000080004c40 (0x0220cbbb) divw    s7, ra, sp
core   0: 1 0x0000000080004c40 (0x0220cbbb) x23 0xffffffffffffffff
core   0: 0x0000000080004c44 (0x0119ccb3) xor     s9, s3, a7
core   0: 1 0x0000000080004c44 (0x0119ccb3) x25 0x000000000000001f
core   0: 0x0000000080004c48 (0x4390dd13) srai    s10, ra, 57
core   0: 1 0x0000000080004c48 (0x4390dd13) x26 0x0000000000000000
core   0: 0x0000000080004c4c (0xfe129437) lui     s0, 0xfe129
core   0: 1 0x0000000080004c4c (0xfe129437) x8  0xfffffffffe129000
core   0: 0x0000000080004c50 (0x1d34041b) addiw   s0, s0, 467
core   0: 1 0x0000000080004c50 (0x1d34041b) x8  0xfffffffffe1291d3
core   0: 0x0000000080004c54 (0x00000432) c.slli  s0, 12
core   0: 1 0x0000000080004c54 (0x0432) x8  0xffffffe1291d3000
core   0: 0x0000000080004c56 (0x18440413) addi    s0, s0, 388
core   0: 1 0x0000000080004c56 (0x18440413) x8  0xffffffe1291d3184
core   0: 0x0000000080004c5a (0x02adecb3) rem     s9, s11, a0
core   0: 1 0x0000000080004c5a (0x02adecb3) x25 0x0000000000000000
core   0: 0x0000000080004c5e (0x00000001) c.nop
core   0: 1 0x0000000080004c5e (0x0001)
core   0: 0x0000000080004c60 (0x015b12bb) sllw    t0, s6, s5
core   0: 1 0x0000000080004c60 (0x015b12bb) x5  0x0000000000000000
core   0: 0x0000000080004c64 (0x2aa2fac3) fmadd.d fs5, ft5, fa0, ft5
core   0: 1 0x0000000080004c64 (0x2aa2fac3) f21 0x7ff8000000000000
core   0: 0x0000000080004c68 (0x00da5a3b) srlw    s4, s4, a3
core   0: 1 0x0000000080004c68 (0x00da5a3b) x20 0x0000000000000002
core   0: 0x0000000080004c6c (0x0086ab33) slt     s6, a3, s0
core   0: 1 0x0000000080004c6c (0x0086ab33) x22 0x0000000000000000
core   0: 0x0000000080004c70 (0x2615f593) andi    a1, a1, 609
core   0: 1 0x0000000080004c70 (0x2615f593) x11 0x0000000000000261
core   0: 0x0000000080004c74 (0x42070953) fcvt.d.s fs2, fa4
core   0: 1 0x0000000080004c74 (0x42070953) f18 0x7ff8000000000000
core   0: 0x0000000080004c78 (0x018cf9b3) and     s3, s9, s8
core   0: 1 0x0000000080004c78 (0x018cf9b3) x19 0x0000000000000000
core   0: 0x0000000080004c7c (0xf20e09d3) fmv.d.x fs3, t3
core   0: 1 0x0000000080004c7c (0xf20e09d3) f19 0xffffffff00000000
core   0: 0x0000000080004c80 (0x0118e8b3) or      a7, a7, a7
core   0: 1 0x0000000080004c80 (0x0118e8b3) x17 0x0000000000000000
core   0: 0x0000000080004c84 (0xc03cf3d3) fcvt.lu.s t2, fs9
core   0: 1 0x0000000080004c84 (0xc03cf3d3) c1_fflags 0x0000000000000010 x7  0xffffffffffffffff
core   0: 0x0000000080004c88 (0x2b290c53) fmin.d  fs8, fs2, fs2
core   0: 1 0x0000000080004c88 (0x2b290c53) f24 0x7ff8000000000000
core   0: 0x0000000080004c8c (0x0011111b) slliw   sp, sp, 1
core   0: 1 0x0000000080004c8c (0x0011111b) x2  0x0000000000000000
core   0: 0x0000000080004c90 (0x0287743b) remuw   s0, a4, s0
core   0: 1 0x0000000080004c90 (0x0287743b) x8  0x0000000000000002
core   0: 0x0000000080004c94 (0xadc69597) auipc   a1, 0xadc69
core   0: 1 0x0000000080004c94 (0xadc69597) x11 0x000000002dc6dc94
core   0: 0x0000000080004c98 (0x03e99b93) slli    s7, s3, 62
core   0: 1 0x0000000080004c98 (0x03e99b93) x23 0x0000000000000000
core   0: 0x0000000080004c9c (0x00000001) c.nop
core   0: 1 0x0000000080004c9c (0x0001)
core   0: 0x0000000080004c9e (0xc2267453) fcvt.l.d s0, fa2
core   0: 1 0x0000000080004c9e (0xc2267453) c1_fflags 0x0000000000000010 x8  0x7fffffffffffffff
core   0: 0x0000000080004ca2 (0xc036f3d3) fcvt.lu.s t2, fa3
core   0: 1 0x0000000080004ca2 (0xc036f3d3) c1_fflags 0x0000000000000010 x7  0xffffffffffffffff
core   0: 0x0000000080004ca6 (0x007ad73b) srlw    a4, s5, t2
core   0: 1 0x0000000080004ca6 (0x007ad73b) x14 0x0000000000000001
core   0: 0x0000000080004caa (0xe3c3fe4f) fnmadd.d ft8, ft7, ft8, ft8
core   0: 1 0x0000000080004caa (0xe3c3fe4f) f28 0x7ff8000000000000
core   0: 0x0000000080004cae (0x00000001) c.nop
core   0: 1 0x0000000080004cae (0x0001)
core   0: 0x0000000080004cb0 (0x2ae484d3) fmin.d  fs1, fs1, fa4
core   0: 1 0x0000000080004cb0 (0x2ae484d3) f9  0x4000000000000000
core   0: 0x0000000080004cb4 (0xae3cc493) xori    s1, s9, -1309
core   0: 1 0x0000000080004cb4 (0xae3cc493) x9  0xfffffffffffffae3
core   0: 0x0000000080004cb8 (0xa29d81d3) fle.d   gp, fs11, fs1
core   0: 1 0x0000000080004cb8 (0xa29d81d3) c1_fflags 0x0000000000000010 x3  0x0000000000000000
core   0: 0x0000000080004cbc (0x00d59913) slli    s2, a1, 13
core   0: 1 0x0000000080004cbc (0x00d59913) x18 0x000005b8db928000
core   0: 0x0000000080004cc0 (0xd20002d3) fcvt.d.w ft5, zero
core   0: 1 0x0000000080004cc0 (0xd20002d3) f5  0x0000000000000000
core   0: 0x0000000080004cc4 (0x412c03b3) sub     t2, s8, s2
core   0: 1 0x0000000080004cc4 (0x412c03b3) x7  0xfffffa47a46de0a4
core   0: 0x0000000080004cc8 (0x23541453) fsgnjn.d fs0, fs0, fs5
core   0: 1 0x0000000080004cc8 (0x23541453) f8  0xffffffff3f800000
core   0: 0x0000000080004ccc (0x0272ec3b) remw    s8, t0, t2
core   0: 1 0x0000000080004ccc (0x0272ec3b) x24 0x0000000000000000
core   0: 0x0000000080004cd0 (0xc20477d3) fcvt.w.d a5, fs0
core   0: 1 0x0000000080004cd0 (0xc20477d3) c1_fflags 0x0000000000000010 x15 0x000000007fffffff
core   0: 0x0000000080004cd4 (0x4163873b) subw    a4, t2, s6
core   0: 1 0x0000000080004cd4 (0x4163873b) x14 0xffffffffa46de0a4
core   0: 0x0000000080004cd8 (0x10584437) lui     s0, 0x10584
core   0: 1 0x0000000080004cd8 (0x10584437) x8  0x0000000010584000
core   0: 0x0000000080004cdc (0xc2167253) fcvt.wu.d tp, fa2
core   0: 1 0x0000000080004cdc (0xc2167253) c1_fflags 0x0000000000000010 x4  0xffffffffffffffff
core   0: 0x0000000080004ce0 (0x02f776d3) fadd.d  fa3, fa4, fa5
core   0: 1 0x0000000080004ce0 (0x02f776d3) f13 0x7ff8000000000000
core   0: 0x0000000080004ce4 (0x03ce5e3b) divuw   t3, t3, t3
core   0: 1 0x0000000080004ce4 (0x03ce5e3b) x28 0xffffffffffffffff
core   0: 0x0000000080004ce8 (0x00000001) c.nop
core   0: 1 0x0000000080004ce8 (0x0001)
core   0: 0x0000000080004cea (0x413683bb) subw    t2, a3, s3
core   0: 1 0x0000000080004cea (0x413683bb) x7  0x0000000000000000
core   0: 0x0000000080004cee (0xd2068d53) fcvt.d.w fs10, a3
core   0: 1 0x0000000080004cee (0xd2068d53) f26 0x0000000000000000
core   0: 0x0000000080004cf2 (0xa3a70753) fle.d   a4, fa4, fs10
core   0: 1 0x0000000080004cf2 (0xa3a70753) c1_fflags 0x0000000000000010 x14 0x0000000000000000
core   0: 0x0000000080004cf6 (0x01439a9b) slliw   s5, t2, 20
core   0: 1 0x0000000080004cf6 (0x01439a9b) x21 0x0000000000000000
core   0: 0x0000000080004cfa (0x0252ab33) mulhsu  s6, t0, t0
core   0: 1 0x0000000080004cfa (0x0252ab33) x22 0x0000000000000000
core   0: 0x0000000080004cfe (0x012d1193) slli    gp, s10, 18
core   0: 1 0x0000000080004cfe (0x012d1193) x3  0x0000000000000000
core   0: 0x0000000080004d02 (0x00019c9b) slliw   s9, gp, 0
core   0: 1 0x0000000080004d02 (0x00019c9b) x25 0x0000000000000000
core   0: 0x0000000080004d06 (0x00ac9233) sll     tp, s9, a0
core   0: 1 0x0000000080004d06 (0x00ac9233) x4  0x0000000000000000
core   0: 0x0000000080004d0a (0x0313553b) divuw   a0, t1, a7
core   0: 1 0x0000000080004d0a (0x0313553b) x10 0xffffffffffffffff
core   0: 0x0000000080004d0e (0x3b83f04f) fnmadd.d ft0, ft7, fs8, ft7
core   0: 1 0x0000000080004d0e (0x3b83f04f) f0  0x7ff8000000000000
core   0: 0x0000000080004d12 (0x0030d437) lui     s0, 0x30d
core   0: 1 0x0000000080004d12 (0x0030d437) x8  0x000000000030d000
core   0: 0x0000000080004d16 (0xc874041b) addiw   s0, s0, -889
core   0: 1 0x0000000080004d16 (0xc874041b) x8  0x000000000030cc87
core   0: 0x0000000080004d1a (0x00000442) c.slli  s0, 16
core   0: 1 0x0000000080004d1a (0x0442) x8  0x00000030cc870000
core   0: 0x0000000080004d1c (0x75b40413) addi    s0, s0, 1883
core   0: 1 0x0000000080004d1c (0x75b40413) x8  0x00000030cc87075b
core   0: 0x0000000080004d20 (0x1420f7f3) csrrci  a5, scause, 1
core   0: 1 0x0000000080004d20 (0x1420f7f3) x15 0x0000000000000000 c322_scause 0x0000000000000000
core   0: 0x0000000080004d24 (0x01040db3) add     s11, s0, a6
core   0: 1 0x0000000080004d24 (0x01040db3) x27 0x00000030cc87075b
core   0: 0x0000000080004d28 (0x001b9bf3) csrrw   s7, fflags, s7
core   0: 1 0x0000000080004d28 (0x001b9bf3) x23 0x0000000000000010 c1_fflags 0x0000000000000000
core   0: 0x0000000080004d2c (0x0004d49b) srliw   s1, s1, 0
core   0: 1 0x0000000080004d2c (0x0004d49b) x9  0xfffffffffffffae3
core   0: 0x0000000080004d30 (0x400d0933) sub     s2, s10, zero
core   0: 1 0x0000000080004d30 (0x400d0933) x18 0x0000000000000000
core   0: 0x0000000080004d34 (0x52aff44b) fnmsub.d fs0, ft11, fa0, fa0
core   0: 1 0x0000000080004d34 (0x52aff44b) f8  0x7ff8000000000000
core   0: 0x0000000080004d38 (0xa3a90bd3) fle.d   s7, fs2, fs10
core   0: 1 0x0000000080004d38 (0xa3a90bd3) c1_fflags 0x0000000000000010 x23 0x0000000000000000
core   0: 0x0000000080004d3c (0xd21b8453) fcvt.d.wu fs0, s7
core   0: 1 0x0000000080004d3c (0xd21b8453) f8  0x0000000000000000
core   0: 0x0000000080004d40 (0xc23073d3) fcvt.lu.d t2, ft0
core   0: 1 0x0000000080004d40 (0xc23073d3) c1_fflags 0x0000000000000010 x7  0xffffffffffffffff
core   0: 0x0000000080004d44 (0xd2ce714f) fnmadd.d ft2, ft8, fa2, fs10
core   0: 1 0x0000000080004d44 (0xd2ce714f) f2  0x7ff8000000000000
core   0: 0x0000000080004d48 (0xc23afbd3) fcvt.lu.d s7, fs5
core   0: 1 0x0000000080004d48 (0xc23afbd3) c1_fflags 0x0000000000000010 x23 0xffffffffffffffff
core   0: 0x0000000080004d4c (0x0000976e) c.add   a4, s11
core   0: 1 0x0000000080004d4c (0x976e) x14 0x00000030cc87075b
core   0: 0x0000000080004d4e (0xc21afed3) fcvt.wu.d t4, fs5
core   0: 1 0x0000000080004d4e (0xc21afed3) c1_fflags 0x0000000000000010 x29 0xffffffffffffffff
core   0: 0x0000000080004d52 (0x407383bb) subw    t2, t2, t2
core   0: 1 0x0000000080004d52 (0x407383bb) x7  0x0000000000000000
core   0: 0x0000000080004d56 (0xc0237353) fcvt.l.s t1, ft6
core   0: 1 0x0000000080004d56 (0xc0237353) c1_fflags 0x0000000000000010 x6  0x7fffffffffffffff
core   0: 0x0000000080004d5a (0xf2070253) fmv.d.x ft4, a4
core   0: 1 0x0000000080004d5a (0xf2070253) f4  0x00000030cc87075b
core   0: 0x0000000080004d5e (0x40115a93) srai    s5, sp, 1
core   0: 1 0x0000000080004d5e (0x40115a93) x21 0x0000000000000000
core   0: 0x0000000080004d62 (0x92a27a47) fmsub.d fs4, ft4, fa0, fs2
core   0: 1 0x0000000080004d62 (0x92a27a47) f20 0x7ff8000000000000
core   0: 0x0000000080004d66 (0x014ba9b3) slt     s3, s7, s4
core   0: 1 0x0000000080004d66 (0x014ba9b3) x19 0x0000000000000001
core   0: 0x0000000080004d6a (0x22022fd3) fsgnjx.d ft11, ft4, ft0
core   0: 1 0x0000000080004d6a (0x22022fd3) f31 0x00000030cc87075b
core   0: 0x0000000080004d6e (0x018cceb3) xor     t4, s9, s8
core   0: 1 0x0000000080004d6e (0x018cceb3) x29 0x0000000000000000
core   0: 0x0000000080004d72 (0x00ed6ab3) or      s5, s10, a4
core   0: 1 0x0000000080004d72 (0x00ed6ab3) x21 0x00000030cc87075b
core   0: 0x0000000080004d76 (0x5a047f53) fsqrt.d ft10, fs0
core   0: 1 0x0000000080004d76 (0x5a047f53) f30 0x0000000000000000
core   0: 0x0000000080004d7a (0x52ae0a1b) addiw   s4, t3, 1322
core   0: 1 0x0000000080004d7a (0x52ae0a1b) x20 0x0000000000000529
core   0: 0x0000000080004d7e (0x40b3dc9b) sraiw   s9, t2, 11
core   0: 1 0x0000000080004d7e (0x40b3dc9b) x25 0x0000000000000000
core   0: 0x0000000080004d82 (0x00eadc1b) srliw   s8, s5, 14
core   0: 1 0x0000000080004d82 (0x00eadc1b) x24 0x000000000003321c
core   0: 0x0000000080004d86 (0x000d5a1b) srliw   s4, s10, 0
core   0: 1 0x0000000080004d86 (0x000d5a1b) x20 0x0000000000000000
core   0: 0x0000000080004d8a (0x0013c593) xori    a1, t2, 1
core   0: 1 0x0000000080004d8a (0x0013c593) x11 0x0000000000000001
core   0: 0x0000000080004d8e (0xc038f353) fcvt.lu.s t1, fa7
core   0: 1 0x0000000080004d8e (0xc038f353) c1_fflags 0x0000000000000010 x6  0xffffffffffffffff
core   0: 0x0000000080004d92 (0x002023f3) csrrs   t2, frm, zero
core   0: 1 0x0000000080004d92 (0x002023f3) x7  0x0000000000000000
core   0: 0x0000000080004d96 (0x40ca5a33) sra     s4, s4, a2
core   0: 1 0x0000000080004d96 (0x40ca5a33) x20 0x0000000000000000
core   0: 0x0000000080004d9a (0xd23b74d3) fcvt.d.lu fs1, s6
core   0: 1 0x0000000080004d9a (0xd23b74d3) f9  0x0000000000000000
core   0: 0x0000000080004d9e (0xe20f0453) fmv.x.d s0, ft10
core   0: 1 0x0000000080004d9e (0xe20f0453) x8  0x0000000000000000
core   0: 0x0000000080004da2 (0x00259573) csrrw   a0, frm, a1
core   0: 1 0x0000000080004da2 (0x00259573) x10 0x0000000000000000 c2_frm 0x0000000000000001
core   0: 0x0000000080004da6 (0xd0207453) fcvt.s.l fs0, zero
core   0: 1 0x0000000080004da6 (0xd0207453) f8  0xffffffff00000000
core   0: 0x0000000080004daa (0x00000001) c.nop
core   0: 1 0x0000000080004daa (0x0001)
core   0: 0x0000000080004dac (0x02244433) div     s0, s0, sp
core   0: 1 0x0000000080004dac (0x02244433) x8  0xffffffffffffffff
core   0: 0x0000000080004db0 (0x85d40213) addi    tp, s0, -1955
core   0: 1 0x0000000080004db0 (0x85d40213) x4  0xfffffffffffff85c
core   0: 0x0000000080004db4 (0x00f41ebb) sllw    t4, s0, a5
core   0: 1 0x0000000080004db4 (0x00f41ebb) x29 0xffffffffffffffff
core   0: 0x0000000080004db8 (0xe20c87d3) fmv.x.d a5, fs9
core   0: 1 0x0000000080004db8 (0xe20c87d3) x15 0x41d74865ffc00000
core   0: 0x0000000080004dbc (0xca80704f) fnmadd.d ft0, ft0, fs0, fs9
core   0: 1 0x0000000080004dbc (0xca80704f) f0  0x7ff8000000000000
core   0: 0x0000000080004dc0 (0xc203f6d3) fcvt.w.d a3, ft7
core   0: 1 0x0000000080004dc0 (0xc203f6d3) x13 0x0000000000000a00
core   0: 0x0000000080004dc4 (0x4016d193) srai    gp, a3, 1
core   0: 1 0x0000000080004dc4 (0x4016d193) x3  0x0000000000000500
core   0: 0x0000000080004dc8 (0x40e98dbb) subw    s11, s3, a4
core   0: 1 0x0000000080004dc8 (0x40e98dbb) x27 0x000000003378f8a6
core   0: 0x0000000080004dcc (0x4238f1c3) fmadd.d ft3, fa7, ft3, fs0
core   0: 1 0x0000000080004dcc (0x4238f1c3) f3  0x7ff8000000000000
core   0: 0x0000000080004dd0 (0x41a6d63b) sraw    a2, a3, s10
core   0: 1 0x0000000080004dd0 (0x41a6d63b) x12 0x0000000000000a00
core   0: 0x0000000080004dd4 (0xc22475d3) fcvt.l.d a1, fs0
core   0: 1 0x0000000080004dd4 (0xc22475d3) c1_fflags 0x0000000000000010 x11 0x7fffffffffffffff
core   0: 0x0000000080004dd8 (0x0100ecb3) or      s9, ra, a6
core   0: 1 0x0000000080004dd8 (0x0100ecb3) x25 0x0000000080004014
core   0: 0x0000000080004ddc (0x039108b3) mul     a7, sp, s9
core   0: 1 0x0000000080004ddc (0x039108b3) x17 0x0000000000000000
core   0: 0x0000000080004de0 (0x2b4a1a53) fmax.d  fs4, fs4, fs4
core   0: 1 0x0000000080004de0 (0x2b4a1a53) f20 0x7ff8000000000000
core   0: 0x0000000080004de4 (0x025ef0b3) remu    ra, t4, t0
core   0: 1 0x0000000080004de4 (0x025ef0b3) x1  0xffffffffffffffff
core   0: 0x0000000080004de8 (0x40157b53) fcvt.s.d fs6, fa0
core   0: 1 0x0000000080004de8 (0x40157b53) f22 0xffffffff7fc00000
core   0: 0x0000000080004dec (0x40aa58b3) sra     a7, s4, a0
core   0: 1 0x0000000080004dec (0x40aa58b3) x17 0x0000000000000000
core   0: 0x0000000080004df0 (0x0000965a) c.add   a2, s6
core   0: 1 0x0000000080004df0 (0x965a) x12 0x0000000000000a00
core   0: 0x0000000080004df2 (0x226a7a13) andi    s4, s4, 550
core   0: 1 0x0000000080004df2 (0x226a7a13) x20 0x0000000000000000
core   0: 0x0000000080004df6 (0x420b0fd3) fcvt.d.s ft11, fs6
core   0: 1 0x0000000080004df6 (0x420b0fd3) f31 0x7ff8000000000000
core   0: 0x0000000080004dfa (0x0014949b) slliw   s1, s1, 1
core   0: 1 0x0000000080004dfa (0x0014949b) x9  0xfffffffffffff5c6
core   0: 0x0000000080004dfe (0x03d4f53b) remuw   a0, s1, t4
core   0: 1 0x0000000080004dfe (0x03d4f53b) x10 0xfffffffffffff5c6
core   0: 0x0000000080004e02 (0x01be9c1b) slliw   s8, t4, 27
core   0: 1 0x0000000080004e02 (0x01be9c1b) x24 0xfffffffff8000000
core   0: 0x0000000080004e06 (0xe20a0dd3) fmv.x.d s11, fs4
core   0: 1 0x0000000080004e06 (0xe20a0dd3) x27 0x7ff8000000000000
core   0: 0x0000000080004e0a (0x5a01f9d3) fsqrt.d fs3, ft3
core   0: 1 0x0000000080004e0a (0x5a01f9d3) f19 0x7ff8000000000000
core   0: 0x0000000080004e0e (0x00066633) or      a2, a2, zero
core   0: 1 0x0000000080004e0e (0x00066633) x12 0x0000000000000a00
core   0: 0x0000000080004e12 (0x00202873) csrrs   a6, frm, zero
core   0: 1 0x0000000080004e12 (0x00202873) x16 0x0000000000000001
core   0: 0x0000000080004e16 (0x0100dc3b) srlw    s8, ra, a6
core   0: 1 0x0000000080004e16 (0x0100dc3b) x24 0x000000007fffffff
core   0: 0x0000000080004e1a (0x00147893) andi    a7, s0, 1
core   0: 1 0x0000000080004e1a (0x00147893) x17 0x0000000000000001
core   0: 0x0000000080004e1e (0xfb1d714b) fnmsub.d ft2, fs10, fa7, ft11
core   0: 1 0x0000000080004e1e (0xfb1d714b) c1_fflags 0x0000000000000010 f2  0x7ff8000000000000
core   0: 0x0000000080004e22 (0xe29172cb) fnmsub.d ft5, ft2, fs1, ft8
core   0: 1 0x0000000080004e22 (0xe29172cb) f5  0x7ff8000000000000
core   0: 0x0000000080004e26 (0xfc9a8437) lui     s0, 0xfc9a8
core   0: 1 0x0000000080004e26 (0xfc9a8437) x8  0xfffffffffc9a8000
core   0: 0x0000000080004e2a (0xad14041b) addiw   s0, s0, -1327
core   0: 1 0x0000000080004e2a (0xad14041b) x8  0xfffffffffc9a7ad1
core   0: 0x0000000080004e2e (0x00000432) c.slli  s0, 12
core   0: 1 0x0000000080004e2e (0x0432) x8  0xffffffc9a7ad1000
core   0: 0x0000000080004e30 (0xc4840413) addi    s0, s0, -952
core   0: 1 0x0000000080004e30 (0xc4840413) x8  0xffffffc9a7ad0c48
core   0: 0x0000000080004e34 (0xd21407d3) fcvt.d.wu fa5, s0
core   0: 1 0x0000000080004e34 (0xd21407d3) f15 0x41e4f5a189000000
core   0: 0x0000000080004e38 (0x010816bb) sllw    a3, a6, a6
core   0: 1 0x0000000080004e38 (0x010816bb) x13 0x0000000000000002
core   0: 0x0000000080004e3c (0x021940bb) divw    ra, s2, ra
core   0: 1 0x0000000080004e3c (0x021940bb) x1  0x0000000000000000
core   0: 0x0000000080004e40 (0x1413b973) csrrc   s2, sepc, t2
core   0: 1 0x0000000080004e40 (0x1413b973) x18 0x000000005d21901e c321_sepc 0x000000005d21901e
core   0: 0x0000000080004e44 (0x0193de1b) srliw   t3, t2, 25
core   0: 1 0x0000000080004e44 (0x0193de1b) x28 0x0000000000000000
core   0: 0x0000000080004e48 (0x4007d69b) sraiw   a3, a5, 0
core   0: 1 0x0000000080004e48 (0x4007d69b) x13 0xffffffffffc00000
core   0: 0x0000000080004e4c (0x023e623b) remw    tp, t3, gp
core   0: 1 0x0000000080004e4c (0x023e623b) x4  0x0000000000000000
core   0: 0x0000000080004e50 (0x7dc8c113) xori    sp, a7, 2012
core   0: 1 0x0000000080004e50 (0x7dc8c113) x2  0x00000000000007dd
core   0: 0x0000000080004e54 (0x0377cbbb) divw    s7, a5, s7
core   0: 1 0x0000000080004e54 (0x0377cbbb) x23 0x0000000000400000
core   0: 0x0000000080004e58 (0xd020fbd3) fcvt.s.l fs7, ra
core   0: 1 0x0000000080004e58 (0xd020fbd3) f23 0xffffffff00000000
core   0: 0x0000000080004e5c (0xa2228753) fle.d   a4, ft5, ft2
core   0: 1 0x0000000080004e5c (0xa2228753) c1_fflags 0x0000000000000010 x14 0x0000000000000000
core   0: 0x0000000080004e60 (0x0229fd53) fadd.d  fs10, fs3, ft2
core   0: 1 0x0000000080004e60 (0x0229fd53) f26 0x7ff8000000000000
core   0: 0x0000000080004e64 (0xc237f753) fcvt.lu.d a4, fa5
core   0: 1 0x0000000080004e64 (0xc237f753) x14 0x00000000a7ad0c48
core   0: 0x0000000080004e68 (0x03ac5c33) divu    s8, s8, s10
core   0: 1 0x0000000080004e68 (0x03ac5c33) x24 0xffffffffffffffff
core   0: 0x0000000080004e6c (0x0009f933) and     s2, s3, zero
core   0: 1 0x0000000080004e6c (0x0009f933) x18 0x0000000000000000
core   0: 0x0000000080004e70 (0x40045413) srai    s0, s0, 0
core   0: 1 0x0000000080004e70 (0x40045413) x8  0xffffffc9a7ad0c48
core   0: 0x0000000080004e74 (0x01781b3b) sllw    s6, a6, s7
core   0: 1 0x0000000080004e74 (0x01781b3b) x22 0x0000000000000001
core   0: 0x0000000080004e78 (0x40a8533b) sraw    t1, a6, a0
core   0: 1 0x0000000080004e78 (0x40a8533b) x6  0x0000000000000000
core   0: 0x0000000080004e7c (0x00e3159b) slliw   a1, t1, 14
core   0: 1 0x0000000080004e7c (0x00e3159b) x11 0x0000000000000000
core   0: 0x0000000080004e80 (0x01b19db3) sll     s11, gp, s11
core   0: 1 0x0000000080004e80 (0x01b19db3) x27 0x0000000000000500
core   0: 0x0000000080004e84 (0x000dd613) srli    a2, s11, 0
core   0: 1 0x0000000080004e84 (0x000dd613) x12 0x0000000000000500
core   0: 0x0000000080004e88 (0x89f1f913) andi    s2, gp, -1889
core   0: 1 0x0000000080004e88 (0x89f1f913) x18 0x0000000000000000
core   0: 0x0000000080004e8c (0x20895137) lui     sp, 0x20895
core   0: 1 0x0000000080004e8c (0x20895137) x2  0x0000000020895000
core   0: 0x0000000080004e90 (0x02e84e3b) divw    t3, a6, a4
core   0: 1 0x0000000080004e90 (0x02e84e3b) x28 0x0000000000000000
core   0: 0x0000000080004e94 (0xd23d79d3) fcvt.d.lu fs3, s10
core   0: 1 0x0000000080004e94 (0xd23d79d3) f19 0x0000000000000000
core   0: 0x0000000080004e98 (0x03a6b6b3) mulhu   a3, a3, s10
core   0: 1 0x0000000080004e98 (0x03a6b6b3) x13 0x0000000000000000
core   0: 0x0000000080004e9c (0x016445b3) xor     a1, s0, s6
core   0: 1 0x0000000080004e9c (0x016445b3) x11 0xffffffc9a7ad0c49
core   0: 0x0000000080004ea0 (0x00738a3b) addw    s4, t2, t2
core   0: 1 0x0000000080004ea0 (0x00738a3b) x20 0x0000000000000000
core   0: 0x0000000080004ea4 (0x0ff0000f) fence   iorw,iorw
core   0: 1 0x0000000080004ea4 (0x0ff0000f)
core   0: 0x0000000080004ea8 (0x0268f413) andi    s0, a7, 38
core   0: 1 0x0000000080004ea8 (0x0268f413) x8  0x0000000000000000
core   0: 0x0000000080004eac (0x7ff5f593) andi    a1, a1, 2047
core   0: 1 0x0000000080004eac (0x7ff5f593) x11 0x0000000000000449
core   0: 0x0000000080004eb0 (0x13827c53) fmul.d  fs8, ft4, fs8
core   0: 1 0x0000000080004eb0 (0x13827c53) f24 0x7ff8000000000000
core   0: 0x0000000080004eb4 (0x233f81d3) fsgnj.d ft3, ft11, fs3
core   0: 1 0x0000000080004eb4 (0x233f81d3) f3  0x7ff8000000000000
core   0: 0x0000000080004eb8 (0x00045413) srli    s0, s0, 0
core   0: 1 0x0000000080004eb8 (0x00045413) x8  0x0000000000000000
core   0: 0x0000000080004ebc (0x03247533) remu    a0, s0, s2
core   0: 1 0x0000000080004ebc (0x03247533) x10 0x0000000000000000
core   0: 0x0000000080004ec0 (0xc029f1d3) fcvt.l.s gp, fs3
core   0: 1 0x0000000080004ec0 (0xc029f1d3) c1_fflags 0x0000000000000010 x3  0x7fffffffffffffff
core   0: 0x0000000080004ec4 (0x2bc20cd3) fmin.d  fs9, ft4, ft8
core   0: 1 0x0000000080004ec4 (0x2bc20cd3) f25 0x00000030cc87075b
core   0: 0x0000000080004ec8 (0xe398784b) fnmsub.d fa6, fa6, fs9, ft8
core   0: 1 0x0000000080004ec8 (0xe398784b) f16 0x7ff8000000000000
core   0: 0x0000000080004ecc (0x7ffd4313) xori    t1, s10, 2047
core   0: 1 0x0000000080004ecc (0x7ffd4313) x6  0x00000000000007ff
core   0: 0x0000000080004ed0 (0xf2018bd3) fmv.d.x fs7, gp
core   0: 1 0x0000000080004ed0 (0xf2018bd3) f23 0x7fffffffffffffff
core   0: 0x0000000080004ed4 (0x03a29133) mulh    sp, t0, s10
core   0: 1 0x0000000080004ed4 (0x03a29133) x2  0x0000000000000000
core   0: 0x0000000080004ed8 (0x00109af3) csrrw   s5, fflags, ra
core   0: 1 0x0000000080004ed8 (0x00109af3) x21 0x0000000000000010 c1_fflags 0x0000000000000000
core   0: 0x0000000080004edc (0x027534b3) mulhu   s1, a0, t2
core   0: 1 0x0000000080004edc (0x027534b3) x9  0x0000000000000000
core   0: 0x0000000080004ee0 (0x01c3531b) srliw   t1, t1, 28
core   0: 1 0x0000000080004ee0 (0x01c3531b) x6  0x0000000000000000
core   0: 0x0000000080004ee4 (0x43cd5613) srai    a2, s10, 60
core   0: 1 0x0000000080004ee4 (0x43cd5613) x12 0x0000000000000000
core   0: 0x0000000080004ee8 (0x0ff0000f) fence   iorw,iorw
core   0: 1 0x0000000080004ee8 (0x0ff0000f)
core   0: 0x0000000080004eec (0x2462f537) lui     a0, 0x2462f
core   0: 1 0x0000000080004eec (0x2462f537) x10 0x000000002462f000
core   0: 0x0000000080004ef0 (0x016a5b3b) srlw    s6, s4, s6
core   0: 1 0x0000000080004ef0 (0x016a5b3b) x22 0x0000000000000000
core   0: 0x0000000080004ef4 (0xbac27143) fmadd.d ft2, ft4, fa2, fs7
core   0: 1 0x0000000080004ef4 (0xbac27143) f2  0x7ff8000000000000
core   0: 0x0000000080004ef8 (0x2a451553) fmax.d  fa0, fa0, ft4
core   0: 1 0x0000000080004ef8 (0x2a451553) f10 0x00000030cc87075b
core   0: 0x0000000080004efc (0x7ffb099b) addiw   s3, s6, 2047
core   0: 1 0x0000000080004efc (0x7ffb099b) x19 0x00000000000007ff
core   0: 0x0000000080004f00 (0x408b571b) sraiw   a4, s6, 8
core   0: 1 0x0000000080004f00 (0x408b571b) x14 0x0000000000000000
core   0: 0x0000000080004f04 (0x54a68637) lui     a2, 0x54a68
core   0: 1 0x0000000080004f04 (0x54a68637) x12 0x0000000054a68000
core   0: 0x0000000080004f08 (0xc21bfdd3) fcvt.wu.d s11, fs7
core   0: 1 0x0000000080004f08 (0xc21bfdd3) c1_fflags 0x0000000000000010 x27 0xffffffffffffffff
core   0: 0x0000000080004f0c (0x038c2c33) mulhsu  s8, s8, s8
core   0: 1 0x0000000080004f0c (0x038c2c33) x24 0xffffffffffffffff
core   0: 0x0000000080004f10 (0x4017f7d3) fcvt.s.d fa5, fa5
core   0: 1 0x0000000080004f10 (0x4017f7d3) c1_fflags 0x0000000000000011 f15 0xffffffff4f27ad0c
core   0: 0x0000000080004f14 (0x02566e3b) remw    t3, a2, t0
core   0: 1 0x0000000080004f14 (0x02566e3b) x28 0x0000000054a68000
core   0: 0x0000000080004f18 (0x406106bb) subw    a3, sp, t1
core   0: 1 0x0000000080004f18 (0x406106bb) x13 0x0000000000000000
core   0: 0x0000000080004f1c (0x030202b3) mul     t0, tp, a6
core   0: 1 0x0000000080004f1c (0x030202b3) x5  0x0000000000000000
core   0: 0x0000000080004f20 (0x00b220b3) slt     ra, tp, a1
core   0: 1 0x0000000080004f20 (0x00b220b3) x1  0x0000000000000001
core   0: 0x0000000080004f24 (0x0aacfcd3) fsub.d  fs9, fs9, fa0
core   0: 1 0x0000000080004f24 (0x0aacfcd3) f25 0x0000000000000000
core   0: 0x0000000080004f28 (0xd2108ed3) fcvt.d.wu ft9, ra
core   0: 1 0x0000000080004f28 (0xd2108ed3) f29 0x3ff0000000000000
core   0: 0x0000000080004f2c (0x03d97853) fadd.d  fa6, fs2, ft9
core   0: 1 0x0000000080004f2c (0x03d97853) f16 0x7ff8000000000000
core   0: 0x0000000080004f30 (0xd0327d53) fcvt.s.lu fs10, tp
core   0: 1 0x0000000080004f30 (0xd0327d53) f26 0xffffffff00000000
core   0: 0x0000000080004f34 (0xc0579873) csrrw   a6, hpmcounter5, a5
core   0: exception trap_illegal_instruction, epc 0x0000000080004f34
core   0:           tval 0x00000000c0579873
core   0: >>>>  $xrv64i2p1_m2p0_a2p1_f2p2_d2p2_zicsr2p0_zifencei2p0_zmmul1p0_zba1p0_zbb1p0_zbc1p0_zbs1p0
core   0: 0x0000000080004000 (0x0080006f) j       pc + 0x8
core   0: 3 0x0000000080004000 (0x0080006f)
core   0: >>>>  mmode_exception_handler
core   0: 0x0000000080004008 (0x00002c17) auipc   s8, 0x2
core   0: 3 0x0000000080004008 (0x00002c17) x24 0x0000000080006008
core   0: 0x000000008000400c (0x09cc0c13) addi    s8, s8, 156
core   0: 3 0x000000008000400c (0x09cc0c13) x24 0x00000000800060a4
core   0: 0x0000000080004010 (0x000c00e7) jalr    s8
core   0: 3 0x0000000080004010 (0x000c00e7) x1  0x0000000080004014
core   0: >>>>  any_handler
core   0: 0x00000000800060a4 (0x341027f3) csrrs   a5, mepc, zero
core   0: 3 0x00000000800060a4 (0x341027f3) x15 0x0000000080004f34
core   0: 0x00000000800060a8 (0x34202773) csrrs   a4, mcause, zero
core   0: 3 0x00000000800060a8 (0x34202773) x14 0x0000000000000002
core   0: 0x00000000800060ac (0x142026f3) csrrs   a3, scause, zero
core   0: 3 0x00000000800060ac (0x142026f3) x13 0x0000000000000000
core   0: 0x00000000800060b0 (0x30402673) csrrs   a2, mie, zero
core   0: 3 0x00000000800060b0 (0x30402673) x12 0x0000000000000a00
core   0: 0x00000000800060b4 (0x344025f3) csrrs   a1, mip, zero
core   0: 3 0x00000000800060b4 (0x344025f3) x11 0x0000000000000080
core   0: 0x00000000800060b8 (0x343025f3) csrrs   a1, mtval, zero
core   0: 3 0x00000000800060b8 (0x343025f3) x11 0x00000000c0579873
core   0: 0x00000000800060bc (0x14302573) csrrs   a0, stval, zero
core   0: 3 0x00000000800060bc (0x14302573) x10 0x000000000000001f
core   0: 0x00000000800060c0 (0xb02024f3) csrrs   s1, minstret, zero
core   0: 3 0x00000000800060c0 (0xb02024f3) x9  0x0000000000000c91
core   0: 0x00000000800060c4 (0x0000a811) c.j     pc + 20
core   0: 3 0x00000000800060c4 (0xa811)
core   0: >>>>  mepc_4
core   0: 0x00000000800060d8 (0x00000791) c.addi  a5, 4
core   0: 3 0x00000000800060d8 (0x0791) x15 0x0000000080004f38
core   0: 0x00000000800060da (0x34179073) csrrw   zero, mepc, a5
core   0: 3 0x00000000800060da (0x34179073) c833_mepc 0x0000000080004f38
core   0: 0x00000000800060de (0x30200073) mret
core   0: 3 0x00000000800060de (0x30200073) c768_mstatus 0x8000000a00106080
core   0: 0x0000000080004f38 (0x0029da1b) srliw   s4, s3, 2
core   0: 1 0x0000000080004f38 (0x0029da1b) x20 0x00000000000001ff
core   0: 0x0000000080004f3c (0x02dd73d3) fadd.d  ft7, fs10, fa3
core   0: 1 0x0000000080004f3c (0x02dd73d3) f7  0x7ff8000000000000
core   0: 0x0000000080004f40 (0x0282d5bb) divuw   a1, t0, s0
core   0: 1 0x0000000080004f40 (0x0282d5bb) x11 0xffffffffffffffff
core   0: 0x0000000080004f44 (0x28dd6093) ori     ra, s10, 653
core   0: 1 0x0000000080004f44 (0x28dd6093) x1  0x000000000000028d
core   0: 0x0000000080004f48 (0x017ed333) srl     t1, t4, s7
core   0: 1 0x0000000080004f48 (0x017ed333) x6  0xffffffffffffffff
core   0: 0x0000000080004f4c (0x00675b3b) srlw    s6, a4, t1
core   0: 1 0x0000000080004f4c (0x00675b3b) x22 0x0000000000000000
core   0: 0x0000000080004f50 (0x00e950bb) srlw    ra, s2, a4
core   0: 1 0x0000000080004f50 (0x00e950bb) x1  0x0000000000000000
core   0: 0x0000000080004f54 (0x6720ec93) ori     s9, ra, 1650
core   0: 1 0x0000000080004f54 (0x6720ec93) x25 0x0000000000000672
core   0: 0x0000000080004f58 (0x0329da3b) divuw   s4, s3, s2
core   0: 1 0x0000000080004f58 (0x0329da3b) x20 0xffffffffffffffff
core   0: 0x0000000080004f5c (0x747624f3) csrrs   s1, mseccfg, a2
core   0: exception trap_illegal_instruction, epc 0x0000000080004f5c
core   0:           tval 0x00000000747624f3
core   0: >>>>  $xrv64i2p1_m2p0_a2p1_f2p2_d2p2_zicsr2p0_zifencei2p0_zmmul1p0_zba1p0_zbb1p0_zbc1p0_zbs1p0
core   0: 0x0000000080004000 (0x0080006f) j       pc + 0x8
core   0: 3 0x0000000080004000 (0x0080006f)
core   0: >>>>  mmode_exception_handler
core   0: 0x0000000080004008 (0x00002c17) auipc   s8, 0x2
core   0: 3 0x0000000080004008 (0x00002c17) x24 0x0000000080006008
core   0: 0x000000008000400c (0x09cc0c13) addi    s8, s8, 156
core   0: 3 0x000000008000400c (0x09cc0c13) x24 0x00000000800060a4
core   0: 0x0000000080004010 (0x000c00e7) jalr    s8
core   0: 3 0x0000000080004010 (0x000c00e7) x1  0x0000000080004014
core   0: >>>>  any_handler
core   0: 0x00000000800060a4 (0x341027f3) csrrs   a5, mepc, zero
core   0: 3 0x00000000800060a4 (0x341027f3) x15 0x0000000080004f5c
core   0: 0x00000000800060a8 (0x34202773) csrrs   a4, mcause, zero
core   0: 3 0x00000000800060a8 (0x34202773) x14 0x0000000000000002
core   0: 0x00000000800060ac (0x142026f3) csrrs   a3, scause, zero
core   0: 3 0x00000000800060ac (0x142026f3) x13 0x0000000000000000
core   0: 0x00000000800060b0 (0x30402673) csrrs   a2, mie, zero
core   0: 3 0x00000000800060b0 (0x30402673) x12 0x0000000000000a00
core   0: 0x00000000800060b4 (0x344025f3) csrrs   a1, mip, zero
core   0: 3 0x00000000800060b4 (0x344025f3) x11 0x0000000000000080
core   0: 0x00000000800060b8 (0x343025f3) csrrs   a1, mtval, zero
core   0: 3 0x00000000800060b8 (0x343025f3) x11 0x00000000747624f3
core   0: 0x00000000800060bc (0x14302573) csrrs   a0, stval, zero
core   0: 3 0x00000000800060bc (0x14302573) x10 0x000000000000001f
core   0: 0x00000000800060c0 (0xb02024f3) csrrs   s1, minstret, zero
core   0: 3 0x00000000800060c0 (0xb02024f3) x9  0x0000000000000caa
core   0: 0x00000000800060c4 (0x0000a811) c.j     pc + 20
core   0: 3 0x00000000800060c4 (0xa811)
core   0: >>>>  mepc_4
core   0: 0x00000000800060d8 (0x00000791) c.addi  a5, 4
core   0: 3 0x00000000800060d8 (0x0791) x15 0x0000000080004f60
core   0: 0x00000000800060da (0x34179073) csrrw   zero, mepc, a5
core   0: 3 0x00000000800060da (0x34179073) c833_mepc 0x0000000080004f60
core   0: 0x00000000800060de (0x30200073) mret
core   0: 3 0x00000000800060de (0x30200073) c768_mstatus 0x8000000a00106080
core   0: 0x0000000080004f60 (0xc206fdd3) fcvt.w.d s11, fa3
core   0: 1 0x0000000080004f60 (0xc206fdd3) c1_fflags 0x0000000000000011 x27 0x000000007fffffff
core   0: 0x0000000080004f64 (0x3400e373) csrrsi  t1, mscratch, 1
core   0: exception trap_illegal_instruction, epc 0x0000000080004f64
core   0:           tval 0x000000003400e373
core   0: >>>>  $xrv64i2p1_m2p0_a2p1_f2p2_d2p2_zicsr2p0_zifencei2p0_zmmul1p0_zba1p0_zbb1p0_zbc1p0_zbs1p0
core   0: 0x0000000080004000 (0x0080006f) j       pc + 0x8
core   0: 3 0x0000000080004000 (0x0080006f)
core   0: >>>>  mmode_exception_handler
core   0: 0x0000000080004008 (0x00002c17) auipc   s8, 0x2
core   0: 3 0x0000000080004008 (0x00002c17) x24 0x0000000080006008
core   0: 0x000000008000400c (0x09cc0c13) addi    s8, s8, 156
core   0: 3 0x000000008000400c (0x09cc0c13) x24 0x00000000800060a4
core   0: 0x0000000080004010 (0x000c00e7) jalr    s8
core   0: 3 0x0000000080004010 (0x000c00e7) x1  0x0000000080004014
core   0: >>>>  any_handler
core   0: 0x00000000800060a4 (0x341027f3) csrrs   a5, mepc, zero
core   0: 3 0x00000000800060a4 (0x341027f3) x15 0x0000000080004f64
core   0: 0x00000000800060a8 (0x34202773) csrrs   a4, mcause, zero
core   0: 3 0x00000000800060a8 (0x34202773) x14 0x0000000000000002
core   0: 0x00000000800060ac (0x142026f3) csrrs   a3, scause, zero
core   0: 3 0x00000000800060ac (0x142026f3) x13 0x0000000000000000
core   0: 0x00000000800060b0 (0x30402673) csrrs   a2, mie, zero
core   0: 3 0x00000000800060b0 (0x30402673) x12 0x0000000000000a00
core   0: 0x00000000800060b4 (0x344025f3) csrrs   a1, mip, zero
core   0: 3 0x00000000800060b4 (0x344025f3) x11 0x0000000000000080
core   0: 0x00000000800060b8 (0x343025f3) csrrs   a1, mtval, zero
core   0: 3 0x00000000800060b8 (0x343025f3) x11 0x000000003400e373
core   0: 0x00000000800060bc (0x14302573) csrrs   a0, stval, zero
core   0: 3 0x00000000800060bc (0x14302573) x10 0x000000000000001f
core   0: 0x00000000800060c0 (0xb02024f3) csrrs   s1, minstret, zero
core   0: 3 0x00000000800060c0 (0xb02024f3) x9  0x0000000000000cbb
core   0: 0x00000000800060c4 (0x0000a811) c.j     pc + 20
core   0: 3 0x00000000800060c4 (0xa811)
core   0: >>>>  mepc_4
core   0: 0x00000000800060d8 (0x00000791) c.addi  a5, 4
core   0: 3 0x00000000800060d8 (0x0791) x15 0x0000000080004f68
core   0: 0x00000000800060da (0x34179073) csrrw   zero, mepc, a5
core   0: 3 0x00000000800060da (0x34179073) c833_mepc 0x0000000080004f68
core   0: 0x00000000800060de (0x30200073) mret
core   0: 3 0x00000000800060de (0x30200073) c768_mstatus 0x8000000a00106080
core   0: 0x0000000080004f68 (0x404e5c3b) sraw    s8, t3, tp
core   0: 1 0x0000000080004f68 (0x404e5c3b) x24 0x0000000054a68000
core   0: 0x0000000080004f6c (0x43f25013) srai    zero, tp, 63
core   0: 1 0x0000000080004f6c (0x43f25013)
core   0: 0x0000000080004f70 (0x22bd15d3) fsgnjn.d fa1, fs10, fa1
core   0: 1 0x0000000080004f70 (0x22bd15d3) f11 0xffffffff00000000
core   0: 0x0000000080004f74 (0xe2090353) fmv.x.d t1, fs2
core   0: 1 0x0000000080004f74 (0xe2090353) x6  0x7ff8000000000000
core   0: 0x0000000080004f78 (0x5a53f14f) fnmadd.d ft2, ft7, ft5, fa1
core   0: 1 0x0000000080004f78 (0x5a53f14f) f2  0x7ff8000000000000
core   0: 0x0000000080004f7c (0xd20302d3) fcvt.d.w ft5, t1
core   0: 1 0x0000000080004f7c (0xd20302d3) f5  0x0000000000000000
core   0: 0x0000000080004f80 (0x00008dd5) c.or    a1, a3
core   0: 1 0x0000000080004f80 (0x8dd5) x11 0x000000003400e373
core   0: 0x0000000080004f82 (0x026ddcbb) divuw   s9, s11, t1
core   0: 1 0x0000000080004f82 (0x026ddcbb) x25 0xffffffffffffffff
core   0: 0x0000000080004f86 (0x100838f3) csrrc   a7, sstatus, a6
core   0: 1 0x0000000080004f86 (0x100838f3) x17 0x8000000200006000 c768_mstatus 0x8000000a00106080
core   0: 0x0000000080004f8a (0x2a9682d3) fmin.d  ft5, fa3, fs1
core   0: 1 0x0000000080004f8a (0x2a9682d3) f5  0x0000000000000000
core   0: 0x0000000080004f8e (0x02d8d033) divu    zero, a7, a3
core   0: 1 0x0000000080004f8e (0x02d8d033)
core   0: 0x0000000080004f92 (0x001292f3) csrrw   t0, fflags, t0
core   0: 1 0x0000000080004f92 (0x001292f3) x5  0x0000000000000011 c1_fflags 0x0000000000000000
core   0: 0x0000000080004f96 (0x407b0d3b) subw    s10, s6, t2
core   0: 1 0x0000000080004f96 (0x407b0d3b) x26 0x0000000000000000
core   0: 0x0000000080004f9a (0x0ff0000f) fence   iorw,iorw
core   0: 1 0x0000000080004f9a (0x0ff0000f)
core   0: 0x0000000080004f9e (0x03f85a93) srli    s5, a6, 63
core   0: 1 0x0000000080004f9e (0x03f85a93) x21 0x0000000000000000
core   0: 0x0000000080004fa2 (0x40f282bb) subw    t0, t0, a5
core   0: 1 0x0000000080004fa2 (0x40f282bb) x5  0x000000007fffb0a9
core   0: 0x0000000080004fa6 (0x8352e413) ori     s0, t0, -1995
core   0: 1 0x0000000080004fa6 (0x8352e413) x8  0xfffffffffffff8bd
core   0: 0x0000000080004faa (0x00777d37) lui     s10, 0x777
core   0: 1 0x0000000080004faa (0x00777d37) x26 0x0000000000777000
core   0: 0x0000000080004fae (0xa23d0d1b) addiw   s10, s10, -1501
core   0: 1 0x0000000080004fae (0xa23d0d1b) x26 0x0000000000776a23
core   0: 0x0000000080004fb2 (0x00000d36) c.slli  s10, 13
core   0: 1 0x0000000080004fb2 (0x0d36) x26 0x0000000eed446000
core   0: 0x0000000080004fb4 (0x765d0d13) addi    s10, s10, 1893
core   0: 1 0x0000000080004fb4 (0x765d0d13) x26 0x0000000eed446765
core   0: 0x0000000080004fb8 (0x22750653) fsgnj.d fa2, fa0, ft7
core   0: 1 0x0000000080004fb8 (0x22750653) f12 0x00000030cc87075b
core   0: 0x0000000080004fbc (0xd0347dd3) fcvt.s.lu fs11, s0
core   0: 1 0x0000000080004fbc (0xd0347dd3) c1_fflags 0x0000000000000001 f27 0xffffffff5f7fffff
core   0: 0x0000000080004fc0 (0x235c8f53) fsgnj.d ft10, fs9, fs5
core   0: 1 0x0000000080004fc0 (0x235c8f53) f30 0x0000000000000000
core   0: 0x0000000080004fc4 (0x409d84b3) sub     s1, s11, s1
core   0: 1 0x0000000080004fc4 (0x409d84b3) x9  0x000000007ffff344
core   0: 0x0000000080004fc8 (0x004d4b33) xor     s6, s10, tp
core   0: 1 0x0000000080004fc8 (0x004d4b33) x22 0x0000000eed446765
core   0: 0x0000000080004fcc (0x00129073) csrrw   zero, fflags, t0
core   0: 1 0x0000000080004fcc (0x00129073) c1_fflags 0x0000000000000009
core   0: 0x0000000080004fd0 (0x235e2953) fsgnjx.d fs2, ft8, fs5
core   0: 1 0x0000000080004fd0 (0x235e2953) f18 0x7ff8000000000000
core   0: 0x0000000080004fd4 (0x00b15dbb) srlw    s11, sp, a1
core   0: 1 0x0000000080004fd4 (0x00b15dbb) x27 0x0000000000000000
core   0: 0x0000000080004fd8 (0x035a4433) div     s0, s4, s5
core   0: 1 0x0000000080004fd8 (0x035a4433) x8  0xffffffffffffffff
core   0: 0x0000000080004fdc (0xbb908d93) addi    s11, ra, -1095
core   0: 1 0x0000000080004fdc (0xbb908d93) x27 0x0000000080003bcd
core   0: 0x0000000080004fe0 (0xcba6f54b) fnmsub.d fa0, fa3, fs10, fs9
core   0: 1 0x0000000080004fe0 (0xcba6f54b) f10 0x7ff8000000000000
core   0: 0x0000000080004fe4 (0x12a0fa53) fmul.d  fs4, ft1, fa0
core   0: 1 0x0000000080004fe4 (0x12a0fa53) f20 0x7ff8000000000000
core   0: 0x0000000080004fe8 (0x00171573) csrrw   a0, fflags, a4
core   0: 1 0x0000000080004fe8 (0x00171573) x10 0x0000000000000009 c1_fflags 0x0000000000000002
core   0: 0x0000000080004fec (0x024c1033) mulh    zero, s8, tp
core   0: 1 0x0000000080004fec (0x024c1033)
core   0: 0x0000000080004ff0 (0xd21709d3) fcvt.d.wu fs3, a4
core   0: 1 0x0000000080004ff0 (0xd21709d3) f19 0x4000000000000000
core   0: 0x0000000080004ff4 (0x001a7193) andi    gp, s4, 1
core   0: 1 0x0000000080004ff4 (0x001a7193) x3  0x0000000000000001
core   0: 0x0000000080004ff8 (0xa34f04d3) fle.d   s1, ft10, fs4
core   0: 1 0x0000000080004ff8 (0xa34f04d3) c1_fflags 0x0000000000000012 x9  0x0000000000000000
core   0: 0x0000000080004ffc (0x00017cb3) and     s9, sp, zero
core   0: 1 0x0000000080004ffc (0x00017cb3) x25 0x0000000000000000
core   0: 0x0000000080005000 (0x00e063b3) or      t2, zero, a4
core   0: 1 0x0000000080005000 (0x00e063b3) x7  0x0000000000000002
core   0: 0x0000000080005004 (0x01bcd43b) srlw    s0, s9, s11
core   0: 1 0x0000000080005004 (0x01bcd43b) x8  0x0000000000000000
core   0: 0x0000000080005008 (0x03444733) div     a4, s0, s4
core   0: 1 0x0000000080005008 (0x03444733) x14 0x0000000000000000
core   0: 0x000000008000500c (0x002a91f3) csrrw   gp, frm, s5
core   0: 1 0x000000008000500c (0x002a91f3) x3  0x0000000000000001 c2_frm 0x0000000000000000
core   0: 0x0000000080005010 (0x0107083b) addw    a6, a4, a6
core   0: 1 0x0000000080005010 (0x0107083b) x16 0x0000000000000001
core   0: 0x0000000080005014 (0x002b18f3) csrrw   a7, frm, s6
core   0: 1 0x0000000080005014 (0x002b18f3) x17 0x0000000000000000 c2_frm 0x0000000000000005
core   0: 0x0000000080005018 (0xd2e17d47) fmsub.d fs10, ft2, fa4, fs10
core   0: exception trap_illegal_instruction, epc 0x0000000080005018
core   0:           tval 0x00000000d2e17d47
core   0: >>>>  $xrv64i2p1_m2p0_a2p1_f2p2_d2p2_zicsr2p0_zifencei2p0_zmmul1p0_zba1p0_zbb1p0_zbc1p0_zbs1p0
core   0: 0x0000000080004000 (0x0080006f) j       pc + 0x8
core   0: 3 0x0000000080004000 (0x0080006f)
core   0: >>>>  mmode_exception_handler
core   0: 0x0000000080004008 (0x00002c17) auipc   s8, 0x2
core   0: 3 0x0000000080004008 (0x00002c17) x24 0x0000000080006008
core   0: 0x000000008000400c (0x09cc0c13) addi    s8, s8, 156
core   0: 3 0x000000008000400c (0x09cc0c13) x24 0x00000000800060a4
core   0: 0x0000000080004010 (0x000c00e7) jalr    s8
core   0: 3 0x0000000080004010 (0x000c00e7) x1  0x0000000080004014
core   0: >>>>  any_handler
core   0: 0x00000000800060a4 (0x341027f3) csrrs   a5, mepc, zero
core   0: 3 0x00000000800060a4 (0x341027f3) x15 0x0000000080005018
core   0: 0x00000000800060a8 (0x34202773) csrrs   a4, mcause, zero
core   0: 3 0x00000000800060a8 (0x34202773) x14 0x0000000000000002
core   0: 0x00000000800060ac (0x142026f3) csrrs   a3, scause, zero
core   0: 3 0x00000000800060ac (0x142026f3) x13 0x0000000000000000
core   0: 0x00000000800060b0 (0x30402673) csrrs   a2, mie, zero
core   0: 3 0x00000000800060b0 (0x30402673) x12 0x0000000000000a00
core   0: 0x00000000800060b4 (0x344025f3) csrrs   a1, mip, zero
core   0: 3 0x00000000800060b4 (0x344025f3) x11 0x0000000000000080
core   0: 0x00000000800060b8 (0x343025f3) csrrs   a1, mtval, zero
core   0: 3 0x00000000800060b8 (0x343025f3) x11 0x00000000d2e17d47
core   0: 0x00000000800060bc (0x14302573) csrrs   a0, stval, zero
core   0: 3 0x00000000800060bc (0x14302573) x10 0x000000000000001f
core   0: 0x00000000800060c0 (0xb02024f3) csrrs   s1, minstret, zero
core   0: 3 0x00000000800060c0 (0xb02024f3) x9  0x0000000000000cf8
core   0: 0x00000000800060c4 (0x0000a811) c.j     pc + 20
core   0: 3 0x00000000800060c4 (0xa811)
core   0: >>>>  mepc_4
core   0: 0x00000000800060d8 (0x00000791) c.addi  a5, 4
core   0: 3 0x00000000800060d8 (0x0791) x15 0x000000008000501c
core   0: 0x00000000800060da (0x34179073) csrrw   zero, mepc, a5
core   0: 3 0x00000000800060da (0x34179073) c833_mepc 0x000000008000501c
core   0: 0x00000000800060de (0x30200073) mret
core   0: 3 0x00000000800060de (0x30200073) c768_mstatus 0x8000000a00106080
core   0: 0x000000008000501c (0x00231d73) csrrw   s10, frm, t1
core   0: 1 0x000000008000501c (0x00231d73) x26 0x0000000000000005 c2_frm 0x0000000000000000
core   0: 0x0000000080005020 (0x00202473) csrrs   s0, frm, zero
core   0: 1 0x0000000080005020 (0x00202473) x8  0x0000000000000000
core   0: 0x0000000080005024 (0x2bad1153) fmax.d  ft2, fs10, fs10
core   0: 1 0x0000000080005024 (0x2bad1153) f2  0x7ff8000000000000
core   0: 0x0000000080005028 (0x4040d633) sra     a2, ra, tp
core   0: 1 0x0000000080005028 (0x4040d633) x12 0x0000000080004014
core   0: 0x000000008000502c (0x41b75bb3) sra     s7, a4, s11
core   0: 1 0x000000008000502c (0x41b75bb3) x23 0x0000000000000000
core   0: 0x0000000080005030 (0x0ff0000f) fence   iorw,iorw
core   0: 1 0x0000000080005030 (0x0ff0000f)
core   0: 0x0000000080005034 (0x00102873) csrrs   a6, fflags, zero
core   0: 1 0x0000000080005034 (0x00102873) x16 0x0000000000000012
core   0: 0x0000000080005038 (0x037da8b3) mulhsu  a7, s11, s7
core   0: 1 0x0000000080005038 (0x037da8b3) x17 0x0000000000000000
core   0: 0x000000008000503c (0x40a6de1b) sraiw   t3, a3, 10
core   0: 1 0x000000008000503c (0x40a6de1b) x28 0x0000000000000000
core   0: 0x0000000080005040 (0x00000001) c.nop
core   0: 1 0x0000000080005040 (0x0001)
core   0: 0x0000000080005042 (0x014b1a33) sll     s4, s6, s4
core   0: 1 0x0000000080005042 (0x014b1a33) x20 0x8000000000000000
core   0: 0x0000000080005046 (0x00102b73) csrrs   s6, fflags, zero
core   0: 1 0x0000000080005046 (0x00102b73) x22 0x0000000000000012
core   0: 0x000000008000504a (0xd22b7bd3) fcvt.d.l fs7, s6
core   0: 1 0x000000008000504a (0xd22b7bd3) f23 0x4032000000000000
core   0: 0x000000008000504e (0xc2377dd3) fcvt.lu.d s11, fa4
core   0: 1 0x000000008000504e (0xc2377dd3) c1_fflags 0x0000000000000012 x27 0xffffffffffffffff
core   0: 0x0000000080005052 (0xc229f8d3) fcvt.l.d a7, fs3
core   0: 1 0x0000000080005052 (0xc229f8d3) x17 0x0000000000000002
core   0: 0x0000000080005056 (0x0068f133) and     sp, a7, t1
core   0: 1 0x0000000080005056 (0x0068f133) x2  0x0000000000000000
core   0: 0x000000008000505a (0x02a94533) div     a0, s2, a0
core   0: 1 0x000000008000505a (0x02a94533) x10 0x0000000000000000
core   0: 0x000000008000505e (0x0ff0000f) fence   iorw,iorw
core   0: 1 0x000000008000505e (0x0ff0000f)
core   0: 0x0000000080005062 (0x41215133) sra     sp, sp, s2
core   0: 1 0x0000000080005062 (0x41215133) x2  0x0000000000000000
core   0: 0x0000000080005066 (0x04790b1b) addiw   s6, s2, 71
core   0: 1 0x0000000080005066 (0x04790b1b) x22 0x0000000000000047
core   0: 0x000000008000506a (0x0012d21b) srliw   tp, t0, 1
core   0: 1 0x000000008000506a (0x0012d21b) x4  0x000000003fffd854
core   0: 0x000000008000506e (0x039b693b) remw    s2, s6, s9
core   0: 1 0x000000008000506e (0x039b693b) x18 0x0000000000000047
core   0: 0x0000000080005072 (0xff49eab7) lui     s5, 0xff49e
core   0: 1 0x0000000080005072 (0xff49eab7) x21 0xffffffffff49e000
core   0: 0x0000000080005076 (0x5a5a8a9b) addiw   s5, s5, 1445
core   0: 1 0x0000000080005076 (0x5a5a8a9b) x21 0xffffffffff49e5a5
core   0: 0x000000008000507a (0x00000aba) c.slli  s5, 14
core   0: 1 0x000000008000507a (0x0aba) x21 0xffffffd279694000
core   0: 0x000000008000507c (0x8b2a8a93) addi    s5, s5, -1870
core   0: 1 0x000000008000507c (0x8b2a8a93) x21 0xffffffd2796938b2
core   0: 0x0000000080005080 (0x021ae0bb) remw    ra, s5, ra
core   0: 1 0x0000000080005080 (0x021ae0bb) x1  0x00000000796938b2
core   0: 0x0000000080005084 (0xa37d0253) fle.d   tp, fs10, fs7
core   0: 1 0x0000000080005084 (0xa37d0253) c1_fflags 0x0000000000000012 x4  0x0000000000000000
core   0: 0x0000000080005088 (0x037e8ebb) mulw    t4, t4, s7
core   0: 1 0x0000000080005088 (0x037e8ebb) x29 0x0000000000000000
core   0: 0x000000008000508c (0x02ad3933) mulhu   s2, s10, a0
core   0: 1 0x000000008000508c (0x02ad3933) x18 0x0000000000000000
core   0: 0x0000000080005090 (0x00000001) c.nop
core   0: 1 0x0000000080005090 (0x0001)
core   0: 0x0000000080005092 (0x005409b3) add     s3, s0, t0
core   0: 1 0x0000000080005092 (0x005409b3) x19 0x000000007fffb0a9
core   0: 0x0000000080005096 (0xc219f753) fcvt.wu.d a4, fs3
core   0: 1 0x0000000080005096 (0xc219f753) x14 0x0000000000000002
core   0: 0x000000008000509a (0x00202573) csrrs   a0, frm, zero
core   0: 1 0x000000008000509a (0x00202573) x10 0x0000000000000000
core   0: 0x000000008000509e (0xd2ad76c3) fmadd.d fa3, fs10, fa0, fs10
core   0: 1 0x000000008000509e (0xd2ad76c3) f13 0x7ff8000000000000
core   0: 0x00000000800050a2 (0x013a909b) slliw   ra, s5, 19
core   0: 1 0x00000000800050a2 (0x013a909b) x1  0xffffffffc5900000
core   0: 0x00000000800050a6 (0xd230f9d3) fcvt.d.lu fs3, ra
core   0: 1 0x00000000800050a6 (0xd230f9d3) f19 0x43effffffff8b200
core   0: 0x00000000800050aa (0x0372fabb) remuw   s5, t0, s7
core   0: 1 0x00000000800050aa (0x0372fabb) x21 0x000000007fffb0a9
core   0: 0x00000000800050ae (0x0273f3bb) remuw   t2, t2, t2
core   0: 1 0x00000000800050ae (0x0273f3bb) x7  0x0000000000000000
core   0: 0x00000000800050b2 (0x14417ef3) csrrci  t4, sip, 2
core   0: 1 0x00000000800050b2 (0x14417ef3) x29 0x0000000000000000 c836_mip 0x0000000000000080
core   0: 0x00000000800050b6 (0xc20372d3) fcvt.w.d t0, ft6
core   0: 1 0x00000000800050b6 (0xc20372d3) x5  0xffffffffffffffff
core   0: 0x00000000800050ba (0x0318f4bb) remuw   s1, a7, a7
core   0: 1 0x00000000800050ba (0x0318f4bb) x9  0x0000000000000000
core   0: 0x00000000800050be (0xe2078ad3) fmv.x.d s5, fa5
core   0: 1 0x00000000800050be (0xe2078ad3) x21 0xffffffff4f27ad0c
core   0: 0x00000000800050c2 (0xb8206bf3) csrrsi  s7, minstreth, 0
core   0: exception trap_illegal_instruction, epc 0x00000000800050c2
core   0:           tval 0x00000000b8206bf3
core   0: >>>>  $xrv64i2p1_m2p0_a2p1_f2p2_d2p2_zicsr2p0_zifencei2p0_zmmul1p0_zba1p0_zbb1p0_zbc1p0_zbs1p0
core   0: 0x0000000080004000 (0x0080006f) j       pc + 0x8
core   0: 3 0x0000000080004000 (0x0080006f)
core   0: >>>>  mmode_exception_handler
core   0: 0x0000000080004008 (0x00002c17) auipc   s8, 0x2
core   0: 3 0x0000000080004008 (0x00002c17) x24 0x0000000080006008
core   0: 0x000000008000400c (0x09cc0c13) addi    s8, s8, 156
core   0: 3 0x000000008000400c (0x09cc0c13) x24 0x00000000800060a4
core   0: 0x0000000080004010 (0x000c00e7) jalr    s8
core   0: 3 0x0000000080004010 (0x000c00e7) x1  0x0000000080004014
core   0: >>>>  any_handler
core   0: 0x00000000800060a4 (0x341027f3) csrrs   a5, mepc, zero
core   0: 3 0x00000000800060a4 (0x341027f3) x15 0x00000000800050c2
core   0: 0x00000000800060a8 (0x34202773) csrrs   a4, mcause, zero
core   0: 3 0x00000000800060a8 (0x34202773) x14 0x0000000000000002
core   0: 0x00000000800060ac (0x142026f3) csrrs   a3, scause, zero
core   0: 3 0x00000000800060ac (0x142026f3) x13 0x0000000000000000
core   0: 0x00000000800060b0 (0x30402673) csrrs   a2, mie, zero
core   0: 3 0x00000000800060b0 (0x30402673) x12 0x0000000000000a00
core   0: 0x00000000800060b4 (0x344025f3) csrrs   a1, mip, zero
core   0: 3 0x00000000800060b4 (0x344025f3) x11 0x0000000000000080
core   0: 0x00000000800060b8 (0x343025f3) csrrs   a1, mtval, zero
core   0: 3 0x00000000800060b8 (0x343025f3) x11 0x00000000b8206bf3
core   0: 0x00000000800060bc (0x14302573) csrrs   a0, stval, zero
core   0: 3 0x00000000800060bc (0x14302573) x10 0x000000000000001f
core   0: 0x00000000800060c0 (0xb02024f3) csrrs   s1, minstret, zero
core   0: 3 0x00000000800060c0 (0xb02024f3) x9  0x0000000000000d33
core   0: 0x00000000800060c4 (0x0000a811) c.j     pc + 20
core   0: 3 0x00000000800060c4 (0xa811)
core   0: >>>>  mepc_4
core   0: 0x00000000800060d8 (0x00000791) c.addi  a5, 4
core   0: 3 0x00000000800060d8 (0x0791) x15 0x00000000800050c6
core   0: 0x00000000800060da (0x34179073) csrrw   zero, mepc, a5
core   0: 3 0x00000000800060da (0x34179073) c833_mepc 0x00000000800050c6
core   0: 0x00000000800060de (0x30200073) mret
core   0: 3 0x00000000800060de (0x30200073) c768_mstatus 0x8000000a00106080
core   0: 0x00000000800050c6 (0xd02bfed3) fcvt.s.l ft9, s7
core   0: 1 0x00000000800050c6 (0xd02bfed3) f29 0xffffffff00000000
core   0: 0x00000000800050ca (0x02acc133) div     sp, s9, a0
core   0: 1 0x00000000800050ca (0x02acc133) x2  0x0000000000000000
core   0: 0x00000000800050ce (0x4139539b) sraiw   t2, s2, 19
core   0: 1 0x00000000800050ce (0x4139539b) x7  0x0000000000000000
core   0: 0x00000000800050d2 (0x01f4571b) srliw   a4, s0, 31
core   0: 1 0x00000000800050d2 (0x01f4571b) x14 0x0000000000000000
core   0: 0x00000000800050d6 (0x2d73fa13) andi    s4, t2, 727
core   0: 1 0x00000000800050d6 (0x2d73fa13) x20 0x0000000000000000
core   0: 0x00000000800050da (0x02081d13) slli    s10, a6, 32
core   0: 1 0x00000000800050da (0x02081d13) x26 0x0000001200000000
core   0: 0x00000000800050de (0x00e4d6bb) srlw    a3, s1, a4
core   0: 1 0x00000000800050de (0x00e4d6bb) x13 0x0000000000000d33
core   0: 0x00000000800050e2 (0x024b8cb3) mul     s9, s7, tp
core   0: 1 0x00000000800050e2 (0x024b8cb3) x25 0x0000000000000000
core   0: 0x00000000800050e6 (0xa22f86d3) fle.d   a3, ft11, ft2
core   0: 1 0x00000000800050e6 (0xa22f86d3) c1_fflags 0x0000000000000012 x13 0x0000000000000000
core   0: 0x00000000800050ea (0x41838c3b) subw    s8, t2, s8
core   0: 1 0x00000000800050ea (0x41838c3b) x24 0x000000007fff9f5c
core   0: 0x00000000800050ee (0x2a5798d3) fmax.d  fa7, fa5, ft5
core   0: 1 0x00000000800050ee (0x2a5798d3) f17 0x0000000000000000
core   0: 0x00000000800050f2 (0x007cc8b3) xor     a7, s9, t2
core   0: 1 0x00000000800050f2 (0x007cc8b3) x17 0x0000000000000000
core   0: 0x00000000800050f6 (0xc03c70d3) fcvt.lu.s ra, fs8
core   0: 1 0x00000000800050f6 (0xc03c70d3) c1_fflags 0x0000000000000012 x1  0xffffffffffffffff
core   0: 0x00000000800050fa (0x2be090d3) fmax.d  ft1, ft1, ft10
core   0: 1 0x00000000800050fa (0x2be090d3) f1  0x0000000000000000
core   0: 0x00000000800050fe (0x041ef137) lui     sp, 0x41ef
core   0: 1 0x00000000800050fe (0x041ef137) x2  0x00000000041ef000
core   0: 0x0000000080005102 (0x41788bb3) sub     s7, a7, s7
core   0: 1 0x0000000080005102 (0x41788bb3) x23 0x0000000000000000
core   0: 0x0000000080005106 (0x40e8d813) srai    a6, a7, 14
core   0: 1 0x0000000080005106 (0x40e8d813) x16 0x0000000000000000
core   0: 0x000000008000510a (0x01882a33) slt     s4, a6, s8
core   0: 1 0x000000008000510a (0x01882a33) x20 0x0000000000000001
core   0: 0x000000008000510e (0xf11ca873) csrrs   a6, mvendorid, s9
core   0: exception trap_illegal_instruction, epc 0x000000008000510e
core   0:           tval 0x00000000f11ca873
core   0: >>>>  $xrv64i2p1_m2p0_a2p1_f2p2_d2p2_zicsr2p0_zifencei2p0_zmmul1p0_zba1p0_zbb1p0_zbc1p0_zbs1p0
core   0: 0x0000000080004000 (0x0080006f) j       pc + 0x8
core   0: 3 0x0000000080004000 (0x0080006f)
core   0: >>>>  mmode_exception_handler
core   0: 0x0000000080004008 (0x00002c17) auipc   s8, 0x2
core   0: 3 0x0000000080004008 (0x00002c17) x24 0x0000000080006008
core   0: 0x000000008000400c (0x09cc0c13) addi    s8, s8, 156
core   0: 3 0x000000008000400c (0x09cc0c13) x24 0x00000000800060a4
core   0: 0x0000000080004010 (0x000c00e7) jalr    s8
core   0: 3 0x0000000080004010 (0x000c00e7) x1  0x0000000080004014
core   0: >>>>  any_handler
core   0: 0x00000000800060a4 (0x341027f3) csrrs   a5, mepc, zero
core   0: 3 0x00000000800060a4 (0x341027f3) x15 0x000000008000510e
core   0: 0x00000000800060a8 (0x34202773) csrrs   a4, mcause, zero
core   0: 3 0x00000000800060a8 (0x34202773) x14 0x0000000000000002
core   0: 0x00000000800060ac (0x142026f3) csrrs   a3, scause, zero
core   0: 3 0x00000000800060ac (0x142026f3) x13 0x0000000000000000
core   0: 0x00000000800060b0 (0x30402673) csrrs   a2, mie, zero
core   0: 3 0x00000000800060b0 (0x30402673) x12 0x0000000000000a00
core   0: 0x00000000800060b4 (0x344025f3) csrrs   a1, mip, zero
core   0: 3 0x00000000800060b4 (0x344025f3) x11 0x0000000000000080
core   0: 0x00000000800060b8 (0x343025f3) csrrs   a1, mtval, zero
core   0: 3 0x00000000800060b8 (0x343025f3) x11 0x00000000f11ca873
core   0: 0x00000000800060bc (0x14302573) csrrs   a0, stval, zero
core   0: 3 0x00000000800060bc (0x14302573) x10 0x000000000000001f
core   0: 0x00000000800060c0 (0xb02024f3) csrrs   s1, minstret, zero
core   0: 3 0x00000000800060c0 (0xb02024f3) x9  0x0000000000000d55
core   0: 0x00000000800060c4 (0x0000a811) c.j     pc + 20
core   0: 3 0x00000000800060c4 (0xa811)
core   0: >>>>  mepc_4
core   0: 0x00000000800060d8 (0x00000791) c.addi  a5, 4
core   0: 3 0x00000000800060d8 (0x0791) x15 0x0000000080005112
core   0: 0x00000000800060da (0x34179073) csrrw   zero, mepc, a5
core   0: 3 0x00000000800060da (0x34179073) c833_mepc 0x0000000080005112
core   0: 0x00000000800060de (0x30200073) mret
core   0: 3 0x00000000800060de (0x30200073) c768_mstatus 0x8000000a00106080
core   0: 0x0000000080005112 (0x5a087ad3) fsqrt.d fs5, fa6
core   0: 1 0x0000000080005112 (0x5a087ad3) f21 0x7ff8000000000000
core   0: 0x0000000080005116 (0x327d0313) addi    t1, s10, 807
core   0: 1 0x0000000080005116 (0x327d0313) x6  0x0000001200000327
core   0: 0x000000008000511a (0xf2048a53) fmv.d.x fs4, s1
core   0: 1 0x000000008000511a (0xf2048a53) f20 0x0000000000000d55
core   0: 0x000000008000511e (0x039cb637) lui     a2, 0x39cb
core   0: 1 0x000000008000511e (0x039cb637) x12 0x00000000039cb000
core   0: 0x0000000080005122 (0x60f6061b) addiw   a2, a2, 1551
core   0: 1 0x0000000080005122 (0x60f6061b) x12 0x00000000039cb60f
core   0: 0x0000000080005126 (0x00000632) c.slli  a2, 12
core   0: 1 0x0000000080005126 (0x0632) x12 0x00000039cb60f000
core   0: 0x0000000080005128 (0xad260613) addi    a2, a2, -1326
core   0: 1 0x0000000080005128 (0xad260613) x12 0x00000039cb60ead2
core   0: 0x000000008000512c (0xaa18774b) fnmsub.d fa4, fa6, ft1, fs5
core   0: 1 0x000000008000512c (0xaa18774b) f14 0x7ff8000000000000
core   0: 0x0000000080005130 (0x016cc5b3) xor     a1, s9, s6
core   0: 1 0x0000000080005130 (0x016cc5b3) x11 0x0000000000000047
core   0: 0x0000000080005134 (0x43f0d713) srai    a4, ra, 63
core   0: 1 0x0000000080005134 (0x43f0d713) x14 0x0000000000000000
core   0: 0x0000000080005138 (0xc20afcd3) fcvt.w.d s9, fs5
core   0: 1 0x0000000080005138 (0xc20afcd3) c1_fflags 0x0000000000000012 x25 0x000000007fffffff
core   0: 0x000000008000513c (0x727b871b) addiw   a4, s7, 1831
core   0: 1 0x000000008000513c (0x727b871b) x14 0x0000000000000727
core   0: 0x0000000080005140 (0xd02774d3) fcvt.s.l fs1, a4
core   0: 1 0x0000000080005140 (0xd02774d3) f9  0xffffffff44e4e000
core   0: 0x0000000080005144 (0x4018fdd3) fcvt.s.d fs11, fa7
core   0: 1 0x0000000080005144 (0x4018fdd3) f27 0xffffffff00000000
core   0: 0x0000000080005148 (0xc2177a53) fcvt.wu.d s4, fa4
core   0: 1 0x0000000080005148 (0xc2177a53) c1_fflags 0x0000000000000012 x20 0xffffffffffffffff
core   0: 0x000000008000514c (0x805d7293) andi    t0, s10, -2043
core   0: 1 0x000000008000514c (0x805d7293) x5  0x0000001200000000
core   0: 0x0000000080005150 (0x23b683d3) fsgnj.d ft7, fa3, fs11
core   0: 1 0x0000000080005150 (0x23b683d3) f7  0xfff8000000000000
core   0: 0x0000000080005154 (0x00171ef3) csrrw   t4, fflags, a4
core   0: 1 0x0000000080005154 (0x00171ef3) x29 0x0000000000000012 c1_fflags 0x0000000000000007
core   0: 0x0000000080005158 (0x02f848bb) divw    a7, a6, a5
core   0: 1 0x0000000080005158 (0x02f848bb) x17 0x0000000000000000
core   0: 0x000000008000515c (0x01087733) and     a4, a6, a6
core   0: 1 0x000000008000515c (0x01087733) x14 0x0000000000000000
core   0: 0x0000000080005160 (0x02e42433) mulhsu  s0, s0, a4
core   0: 1 0x0000000080005160 (0x02e42433) x8  0x0000000000000000
core   0: 0x0000000080005164 (0xd2347f53) fcvt.d.lu ft10, s0
core   0: 1 0x0000000080005164 (0xd2347f53) f30 0x0000000000000000
core   0: 0x0000000080005168 (0x00239d73) csrrw   s10, frm, t2
core   0: 1 0x0000000080005168 (0x00239d73) x26 0x0000000000000000 c2_frm 0x0000000000000000
core   0: 0x000000008000516c (0x0087eeb3) or      t4, a5, s0
core   0: 1 0x000000008000516c (0x0087eeb3) x29 0x0000000080005112
core   0: 0x0000000080005170 (0xc21f75d3) fcvt.wu.d a1, ft10
core   0: 1 0x0000000080005170 (0xc21f75d3) x11 0x0000000000000000
core   0: 0x0000000080005174 (0x40bcd5bb) sraw    a1, s9, a1
core   0: 1 0x0000000080005174 (0x40bcd5bb) x11 0x000000007fffffff
core   0: 0x0000000080005178 (0x00e36333) or      t1, t1, a4
core   0: 1 0x0000000080005178 (0x00e36333) x6  0x0000001200000327
core   0: 0x000000008000517c (0x03f69413) slli    s0, a3, 63
core   0: 1 0x000000008000517c (0x03f69413) x8  0x0000000000000000
core   0: 0x0000000080005180 (0xe20f8ed3) fmv.x.d t4, ft11
core   0: 1 0x0000000080005180 (0xe20f8ed3) x29 0x7ff8000000000000
core   0: 0x0000000080005184 (0x00135d9b) srliw   s11, t1, 1
core   0: 1 0x0000000080005184 (0x00135d9b) x27 0x0000000000000193
core   0: 0x0000000080005188 (0x7ff14413) xori    s0, sp, 2047
core   0: 1 0x0000000080005188 (0x7ff14413) x8  0x00000000041ef7ff
core   0: 0x000000008000518c (0x026408b3) mul     a7, s0, t1
core   0: 1 0x000000008000518c (0x026408b3) x17 0x4a2d6ffafd9fc4d9
core   0: 0x0000000080005190 (0x5a077753) fsqrt.d fa4, fa4
core   0: 1 0x0000000080005190 (0x5a077753) f14 0x7ff8000000000000
core   0: 0x0000000080005194 (0xc23a7753) fcvt.lu.d a4, fs4
core   0: 1 0x0000000080005194 (0xc23a7753) c1_fflags 0x0000000000000007 x14 0x0000000000000000
core   0: 0x0000000080005198 (0x227b9bd3) fsgnjn.d fs7, fs7, ft7
core   0: 1 0x0000000080005198 (0x227b9bd3) f23 0x4032000000000000
core   0: 0x000000008000519c (0x6b7f7f47) fmsub.d ft10, ft10, fs7, fa3
core   0: 1 0x000000008000519c (0x6b7f7f47) f30 0x7ff8000000000000
core   0: 0x00000000800051a0 (0x30948013) addi    zero, s1, 777
core   0: 1 0x00000000800051a0 (0x30948013)
core   0: 0x00000000800051a4 (0x000d193b) sllw    s2, s10, zero
core   0: 1 0x00000000800051a4 (0x000d193b) x18 0x0000000000000000
core   0: 0x00000000800051a8 (0x36b3cc13) xori    s8, t2, 875
core   0: 1 0x00000000800051a8 (0x36b3cc13) x24 0x000000000000036b
core   0: 0x00000000800051ac (0x0ff0000f) fence   iorw,iorw
core   0: 1 0x00000000800051ac (0x0ff0000f)
core   0: 0x00000000800051b0 (0x01bde4b3) or      s1, s11, s11
core   0: 1 0x00000000800051b0 (0x01bde4b3) x9  0x0000000000000193
core   0: 0x00000000800051b4 (0xa2fd0a53) fle.d   s4, fs10, fa5
core   0: 1 0x00000000800051b4 (0xa2fd0a53) c1_fflags 0x0000000000000017 x20 0x0000000000000000
core   0: 0x00000000800051b8 (0x0302783b) remuw   a6, tp, a6
core   0: 1 0x00000000800051b8 (0x0302783b) x16 0x0000000000000000
core   0: 0x00000000800051bc (0xd2048553) fcvt.d.w fa0, s1
core   0: 1 0x00000000800051bc (0xd2048553) f10 0x4079300000000000
core   0: 0x00000000800051c0 (0x40f8063b) subw    a2, a6, a5
core   0: 1 0x00000000800051c0 (0x40f8063b) x12 0x000000007fffaeee
core   0: 0x00000000800051c4 (0xd03876d3) fcvt.s.lu fa3, a6
core   0: 1 0x00000000800051c4 (0xd03876d3) f13 0xffffffff00000000
core   0: 0x00000000800051c8 (0x00c25eb3) srl     t4, tp, a2
core   0: 1 0x00000000800051c8 (0x00c25eb3) x29 0x0000000000000000
core   0: 0x00000000800051cc (0x1a4d7d53) fdiv.d  fs10, fs10, ft4
core   0: 1 0x00000000800051cc (0x1a4d7d53) f26 0x7ff8000000000000
core   0: 0x00000000800051d0 (0x7f683097) auipc   ra, 0x7f683
core   0: 1 0x00000000800051d0 (0x7f683097) x1  0x00000000ff6881d0
core   0: 0x00000000800051d4 (0x42000553) fcvt.d.s fa0, ft0
core   0: 1 0x00000000800051d4 (0x42000553) f10 0x7ff8000000000000
core   0: 0x00000000800051d8 (0xf3e8ff47) fmsub.d ft10, fa7, ft10, ft10
core   0: 1 0x00000000800051d8 (0xf3e8ff47) f30 0x7ff8000000000000
core   0: 0x00000000800051dc (0x019ca1b3) slt     gp, s9, s9
core   0: 1 0x00000000800051dc (0x019ca1b3) x3  0x0000000000000000
core   0: 0x00000000800051e0 (0x0011dd93) srli    s11, gp, 1
core   0: 1 0x00000000800051e0 (0x0011dd93) x27 0x0000000000000000
core   0: 0x00000000800051e4 (0x00e1d0bb) srlw    ra, gp, a4
core   0: 1 0x00000000800051e4 (0x00e1d0bb) x1  0x0000000000000000
core   0: 0x00000000800051e8 (0x0ff0000f) fence   iorw,iorw
core   0: 1 0x00000000800051e8 (0x0ff0000f)
core   0: 0x00000000800051ec (0xd2178153) fcvt.d.wu ft2, a5
core   0: 1 0x00000000800051ec (0xd2178153) f2  0x41e0000a22400000
core   0: 0x00000000800051f0 (0xf140bcf3) csrrc   s9, mhartid, ra
core   0: exception trap_illegal_instruction, epc 0x00000000800051f0
core   0:           tval 0x00000000f140bcf3
core   0: >>>>  $xrv64i2p1_m2p0_a2p1_f2p2_d2p2_zicsr2p0_zifencei2p0_zmmul1p0_zba1p0_zbb1p0_zbc1p0_zbs1p0
core   0: 0x0000000080004000 (0x0080006f) j       pc + 0x8
core   0: 3 0x0000000080004000 (0x0080006f)
core   0: >>>>  mmode_exception_handler
core   0: 0x0000000080004008 (0x00002c17) auipc   s8, 0x2
core   0: 3 0x0000000080004008 (0x00002c17) x24 0x0000000080006008
core   0: 0x000000008000400c (0x09cc0c13) addi    s8, s8, 156
core   0: 3 0x000000008000400c (0x09cc0c13) x24 0x00000000800060a4
core   0: 0x0000000080004010 (0x000c00e7) jalr    s8
core   0: 3 0x0000000080004010 (0x000c00e7) x1  0x0000000080004014
core   0: >>>>  any_handler
core   0: 0x00000000800060a4 (0x341027f3) csrrs   a5, mepc, zero
core   0: 3 0x00000000800060a4 (0x341027f3) x15 0x00000000800051f0
core   0: 0x00000000800060a8 (0x34202773) csrrs   a4, mcause, zero
core   0: 3 0x00000000800060a8 (0x34202773) x14 0x0000000000000002
core   0: 0x00000000800060ac (0x142026f3) csrrs   a3, scause, zero
core   0: 3 0x00000000800060ac (0x142026f3) x13 0x0000000000000000
core   0: 0x00000000800060b0 (0x30402673) csrrs   a2, mie, zero
core   0: 3 0x00000000800060b0 (0x30402673) x12 0x0000000000000a00
core   0: 0x00000000800060b4 (0x344025f3) csrrs   a1, mip, zero
core   0: 3 0x00000000800060b4 (0x344025f3) x11 0x0000000000000080
core   0: 0x00000000800060b8 (0x343025f3) csrrs   a1, mtval, zero
core   0: 3 0x00000000800060b8 (0x343025f3) x11 0x00000000f140bcf3
core   0: 0x00000000800060bc (0x14302573) csrrs   a0, stval, zero
core   0: 3 0x00000000800060bc (0x14302573) x10 0x000000000000001f
core   0: 0x00000000800060c0 (0xb02024f3) csrrs   s1, minstret, zero
core   0: 3 0x00000000800060c0 (0xb02024f3) x9  0x0000000000000d9d
core   0: 0x00000000800060c4 (0x0000a811) c.j     pc + 20
core   0: 3 0x00000000800060c4 (0xa811)
core   0: >>>>  mepc_4
core   0: 0x00000000800060d8 (0x00000791) c.addi  a5, 4
core   0: 3 0x00000000800060d8 (0x0791) x15 0x00000000800051f4
core   0: 0x00000000800060da (0x34179073) csrrw   zero, mepc, a5
core   0: 3 0x00000000800060da (0x34179073) c833_mepc 0x00000000800051f4
core   0: 0x00000000800060de (0x30200073) mret
core   0: 3 0x00000000800060de (0x30200073) c768_mstatus 0x8000000a00106080
core   0: 0x00000000800051f4 (0x011e16b3) sll     a3, t3, a7
core   0: 1 0x00000000800051f4 (0x011e16b3) x13 0x0000000000000000
core   0: 0x00000000800051f8 (0x002e1673) csrrw   a2, frm, t3
core   0: 1 0x00000000800051f8 (0x002e1673) x12 0x0000000000000000 c2_frm 0x0000000000000000
core   0: 0x00000000800051fc (0x017d2033) slt     zero, s10, s7
core   0: 1 0x00000000800051fc (0x017d2033)
core   0: 0x0000000080005200 (0x0ae17cd3) fsub.d  fs9, ft2, fa4
core   0: 1 0x0000000080005200 (0x0ae17cd3) f25 0x7ff8000000000000
core   0: 0x0000000080005204 (0x0372e2b3) rem     t0, t0, s7
core   0: 1 0x0000000080005204 (0x0372e2b3) x5  0x0000001200000000
core   0: 0x0000000080005208 (0x232c88d3) fsgnj.d fa7, fs9, fs2
core   0: 1 0x0000000080005208 (0x232c88d3) f17 0x7ff8000000000000
core   0: 0x000000008000520c (0x079d0893) addi    a7, s10, 121
core   0: 1 0x000000008000520c (0x079d0893) x17 0x0000000000000079
core   0: 0x0000000080005210 (0x0ff0000f) fence   iorw,iorw
core   0: 1 0x0000000080005210 (0x0ff0000f)
core   0: 0x0000000080005214 (0xaf816a13) ori     s4, sp, -1288
core   0: 1 0x0000000080005214 (0xaf816a13) x20 0xfffffffffffffaf8
core   0: 0x0000000080005218 (0x23ac26d3) fsgnjx.d fa3, fs8, fs10
core   0: 1 0x0000000080005218 (0x23ac26d3) f13 0x7ff8000000000000
core   0: 0x000000008000521c (0x420f0dd3) fcvt.d.s fs11, ft10
core   0: 1 0x000000008000521c (0x420f0dd3) f27 0x7ff8000000000000
core   0: 0x0000000080005220 (0xd025f053) fcvt.s.l ft0, a1
core   0: 1 0x0000000080005220 (0xd025f053) c1_fflags 0x0000000000000017 f0  0xffffffff4f7140bd
core   0: 0x0000000080005224 (0xf20b01d3) fmv.d.x ft3, s6
core   0: 1 0x0000000080005224 (0xf20b01d3) f3  0x0000000000000047
core   0: 0x0000000080005228 (0x8003e393) ori     t2, t2, -2048
core   0: 1 0x0000000080005228 (0x8003e393) x7  0xfffffffffffff800
core   0: 0x000000008000522c (0x4114d4b3) sra     s1, s1, a7
core   0: 1 0x000000008000522c (0x4114d4b3) x9  0x0000000000000000
core   0: 0x0000000080005230 (0x40f583bb) subw    t2, a1, a5
core   0: 1 0x0000000080005230 (0x40f583bb) x7  0x0000000071406aff
core   0: 0x0000000080005234 (0x0065a833) slt     a6, a1, t1
core   0: 1 0x0000000080005234 (0x0065a833) x16 0x0000000000000001
core   0: 0x0000000080005238 (0x00281773) csrrw   a4, frm, a6
core   0: 1 0x0000000080005238 (0x00281773) x14 0x0000000000000000 c2_frm 0x0000000000000001
core   0: 0x000000008000523c (0x01bd95b3) sll     a1, s11, s11
core   0: 1 0x000000008000523c (0x01bd95b3) x11 0x0000000000000000
core   0: 0x0000000080005240 (0x0cc66613) ori     a2, a2, 204
core   0: 1 0x0000000080005240 (0x0cc66613) x12 0x00000000000000cc
core   0: 0x0000000080005244 (0x0240d233) divu    tp, ra, tp
core   0: 1 0x0000000080005244 (0x0240d233) x4  0xffffffffffffffff
core   0: 0x0000000080005248 (0x01126933) or      s2, tp, a7
core   0: 1 0x0000000080005248 (0x01126933) x18 0xffffffffffffffff
core   0: 0x000000008000524c (0x00121c13) slli    s8, tp, 1
core   0: 1 0x000000008000524c (0x00121c13) x24 0xfffffffffffffffe
core   0: 0x0000000080005250 (0x1b7fffd3) fdiv.d  ft11, ft11, fs7
core   0: 1 0x0000000080005250 (0x1b7fffd3) f31 0x7ff8000000000000
core   0: 0x0000000080005254 (0x004bde33) srl     t3, s7, tp
core   0: 1 0x0000000080005254 (0x004bde33) x28 0x0000000000000000
core   0: 0x0000000080005258 (0x2294a8d3) fsgnjx.d fa7, fs1, fs1
core   0: 1 0x0000000080005258 (0x2294a8d3) f17 0x7fffffff44e4e000
core   0: 0x000000008000525c (0x024960bb) remw    ra, s2, tp
core   0: 1 0x000000008000525c (0x024960bb) x1  0x0000000000000000
core   0: 0x0000000080005260 (0x0051c1b3) xor     gp, gp, t0
core   0: 1 0x0000000080005260 (0x0051c1b3) x3  0x0000001200000000
core   0: 0x0000000080005264 (0x0ff0000f) fence   iorw,iorw
core   0: 1 0x0000000080005264 (0x0ff0000f)
core   0: 0x0000000080005268 (0x00219af3) csrrw   s5, frm, gp
core   0: 1 0x0000000080005268 (0x00219af3) x21 0x0000000000000001 c2_frm 0x0000000000000000
core   0: 0x000000008000526c (0x01507233) and     tp, zero, s5
core   0: 1 0x000000008000526c (0x01507233) x4  0x0000000000000000
core   0: 0x0000000080005270 (0xa2bb05d3) fle.d   a1, fs6, fa1
core   0: 1 0x0000000080005270 (0xa2bb05d3) c1_fflags 0x0000000000000017 x11 0x0000000000000000
core   0: 0x0000000080005274 (0x001be433) or      s0, s7, ra
core   0: 1 0x0000000080005274 (0x001be433) x8  0x0000000000000000
core   0: 0x0000000080005278 (0x037d1533) mulh    a0, s10, s7
core   0: 1 0x0000000080005278 (0x037d1533) x10 0x0000000000000000
core   0: 0x000000008000527c (0x00451d9b) slliw   s11, a0, 4
core   0: 1 0x000000008000527c (0x00451d9b) x27 0x0000000000000000
core   0: 0x0000000080005280 (0xc9d97913) andi    s2, s2, -867
core   0: 1 0x0000000080005280 (0xc9d97913) x18 0xfffffffffffffc9d
core   0: 0x0000000080005284 (0x4184dc33) sra     s8, s1, s8
core   0: 1 0x0000000080005284 (0x4184dc33) x24 0x0000000000000000
core   0: 0x0000000080005288 (0x03acfd33) remu    s10, s9, s10
core   0: 1 0x0000000080005288 (0x03acfd33) x26 0x000000007fffffff
core   0: 0x000000008000528c (0x001310f3) csrrw   ra, fflags, t1
core   0: 1 0x000000008000528c (0x001310f3) x1  0x0000000000000017 c1_fflags 0x0000000000000007
core   0: 0x0000000080005290 (0xffef3837) lui     a6, 0xffef3
core   0: 1 0x0000000080005290 (0xffef3837) x16 0xffffffffffef3000
core   0: 0x0000000080005294 (0xe0f8081b) addiw   a6, a6, -497
core   0: 1 0x0000000080005294 (0xe0f8081b) x16 0xffffffffffef2e0f
core   0: 0x0000000080005298 (0x0000083a) c.slli  a6, 14
core   0: 1 0x0000000080005298 (0x083a) x16 0xfffffffbcb83c000
core   0: 0x000000008000529a (0xb3880813) addi    a6, a6, -1224
core   0: 1 0x000000008000529a (0xb3880813) x16 0xfffffffbcb83bb38
core   0: 0x000000008000529e (0x03a09db3) mulh    s11, ra, s10
core   0: 1 0x000000008000529e (0x03a09db3) x27 0x0000000000000000
core   0: 0x00000000800052a2 (0x0109d2bb) srlw    t0, s3, a6
core   0: 1 0x00000000800052a2 (0x0109d2bb) x5  0x000000000000007f
core   0: 0x00000000800052a6 (0x0021193b) sllw    s2, sp, sp
core   0: 1 0x00000000800052a6 (0x0021193b) x18 0x00000000041ef000
core   0: 0x00000000800052aa (0xc032f753) fcvt.lu.s a4, ft5
core   0: 1 0x00000000800052aa (0xc032f753) c1_fflags 0x0000000000000017 x14 0xffffffffffffffff
core   0: 0x00000000800052ae (0x411cddb3) sra     s11, s9, a7
core   0: 1 0x00000000800052ae (0x411cddb3) x27 0x0000000000000000
core   0: 0x00000000800052b2 (0x0354c3b3) div     t2, s1, s5
core   0: 1 0x00000000800052b2 (0x0354c3b3) x7  0x0000000000000000
core   0: 0x00000000800052b6 (0xd20a8253) fcvt.d.w ft4, s5
core   0: 1 0x00000000800052b6 (0xd20a8253) f4  0x3ff0000000000000
core   0: 0x00000000800052ba (0x01ca9893) slli    a7, s5, 28
core   0: 1 0x00000000800052ba (0x01ca9893) x17 0x0000000010000000
core   0: 0x00000000800052be (0x47198713) addi    a4, s3, 1137
core   0: 1 0x00000000800052be (0x47198713) x14 0x000000007fffb51a
core   0: 0x00000000800052c2 (0x14446d73) csrrsi  s10, sip, 8
core   0: 1 0x00000000800052c2 (0x14446d73) x26 0x0000000000000000 c836_mip 0x0000000000000080
core   0: 0x00000000800052c6 (0xe2b9fe43) fmadd.d ft8, fs3, fa1, ft8
core   0: 1 0x00000000800052c6 (0xe2b9fe43) f28 0x7ff8000000000000
core   0: 0x00000000800052ca (0x00000001) c.nop
core   0: 1 0x00000000800052ca (0x0001)
core   0: 0x00000000800052cc (0xc2087953) fcvt.w.d s2, fa6
core   0: 1 0x00000000800052cc (0xc2087953) c1_fflags 0x0000000000000017 x18 0x000000007fffffff
core   0: 0x00000000800052d0 (0xe37d7d47) fmsub.d fs10, fs10, fs7, ft8
core   0: 1 0x00000000800052d0 (0xe37d7d47) f26 0x7ff8000000000000
core   0: 0x00000000800052d4 (0x01464db3) xor     s11, a2, s4
core   0: 1 0x00000000800052d4 (0x01464db3) x27 0xfffffffffffffa34
core   0: 0x00000000800052d8 (0xc224fbd3) fcvt.l.d s7, fs1
core   0: 1 0x00000000800052d8 (0xc224fbd3) c1_fflags 0x0000000000000017 x23 0x7fffffffffffffff
core   0: 0x00000000800052dc (0x43fb5093) srai    ra, s6, 63
core   0: 1 0x00000000800052dc (0x43fb5093) x1  0x0000000000000000
core   0: 0x00000000800052e0 (0x031b78bb) remuw   a7, s6, a7
core   0: 1 0x00000000800052e0 (0x031b78bb) x17 0x0000000000000047
core   0: 0x00000000800052e4 (0x6f5dfeb7) lui     t4, 0x6f5df
core   0: 1 0x00000000800052e4 (0x6f5dfeb7) x29 0x000000006f5df000
core   0: 0x00000000800052e8 (0x4151dd93) srai    s11, gp, 21
core   0: 1 0x00000000800052e8 (0x4151dd93) x27 0x0000000000009000
core   0: 0x00000000800052ec (0xffa70cb7) lui     s9, 0xffa70
core   0: 1 0x00000000800052ec (0xffa70cb7) x25 0xffffffffffa70000
core   0: 0x00000000800052f0 (0x851c8c9b) addiw   s9, s9, -1967
core   0: 1 0x00000000800052f0 (0x851c8c9b) x25 0xffffffffffa6f851
core   0: 0x00000000800052f4 (0x00000cbe) c.slli  s9, 15
core   0: 1 0x00000000800052f4 (0x0cbe) x25 0xffffffd37c288000
core   0: 0x00000000800052f6 (0x0fdc8c93) addi    s9, s9, 253
core   0: 1 0x00000000800052f6 (0x0fdc8c93) x25 0xffffffd37c2880fd
core   0: 0x00000000800052fa (0x400ed21b) sraiw   tp, t4, 0
core   0: 1 0x00000000800052fa (0x400ed21b) x4  0x000000006f5df000
core   0: 0x00000000800052fe (0x001cf793) andi    a5, s9, 1
core   0: 1 0x00000000800052fe (0x001cf793) x15 0x0000000000000001
core   0: 0x0000000080005302 (0x02d5f5b3) remu    a1, a1, a3
core   0: 1 0x0000000080005302 (0x02d5f5b3) x11 0x0000000000000000
core   0: 0x0000000080005306 (0x03040433) mul     s0, s0, a6
core   0: 1 0x0000000080005306 (0x03040433) x8  0x0000000000000000
core   0: 0x000000008000530a (0x00051713) slli    a4, a0, 0
core   0: 1 0x000000008000530a (0x00051713) x14 0x0000000000000000
core   0: 0x000000008000530e (0x00e1d31b) srliw   t1, gp, 14
core   0: 1 0x000000008000530e (0x00e1d31b) x6  0x0000000000000000
core   0: 0x0000000080005312 (0x024378bb) remuw   a7, t1, tp
core   0: 1 0x0000000080005312 (0x024378bb) x17 0x0000000000000000
core   0: 0x0000000080005316 (0xf20a08d3) fmv.d.x fa7, s4
core   0: 1 0x0000000080005316 (0xf20a08d3) f17 0xfffffffffffffaf8
core   0: 0x000000008000531a (0x0ff0000f) fence   iorw,iorw
core   0: 1 0x000000008000531a (0x0ff0000f)
core   0: 0x000000008000531e (0xa2fd0dd3) fle.d   s11, fs10, fa5
core   0: 1 0x000000008000531e (0xa2fd0dd3) c1_fflags 0x0000000000000017 x27 0x0000000000000000
core   0: 0x0000000080005322 (0x02be2a33) mulhsu  s4, t3, a1
core   0: 1 0x0000000080005322 (0x02be2a33) x20 0x0000000000000000
core   0: 0x0000000080005326 (0x1210fc53) fmul.d  fs8, ft1, ft1
core   0: 1 0x0000000080005326 (0x1210fc53) f24 0x0000000000000000
core   0: 0x000000008000532a (0x1a16fed3) fdiv.d  ft9, fa3, ft1
core   0: 1 0x000000008000532a (0x1a16fed3) f29 0x7ff8000000000000
core   0: 0x000000008000532e (0x0318cb33) div     s6, a7, a7
core   0: 1 0x000000008000532e (0x0318cb33) x22 0xffffffffffffffff
core   0: 0x0000000080005332 (0x036ae133) rem     sp, s5, s6
core   0: 1 0x0000000080005332 (0x036ae133) x2  0x0000000000000000
core   0: 0x0000000080005336 (0x00009236) c.add   tp, a3
core   0: 1 0x0000000080005336 (0x9236) x4  0x000000006f5df000
core   0: 0x0000000080005338 (0x02391193) slli    gp, s2, 35
core   0: 1 0x0000000080005338 (0x02391193) x3  0xfffffff800000000
core   0: 0x000000008000533c (0xf130def3) csrrwi  t4, mimpid, 1
core   0: exception trap_illegal_instruction, epc 0x000000008000533c
core   0:           tval 0x00000000f130def3
core   0: >>>>  $xrv64i2p1_m2p0_a2p1_f2p2_d2p2_zicsr2p0_zifencei2p0_zmmul1p0_zba1p0_zbb1p0_zbc1p0_zbs1p0
core   0: 0x0000000080004000 (0x0080006f) j       pc + 0x8
core   0: 3 0x0000000080004000 (0x0080006f)
core   0: >>>>  mmode_exception_handler
core   0: 0x0000000080004008 (0x00002c17) auipc   s8, 0x2
core   0: 3 0x0000000080004008 (0x00002c17) x24 0x0000000080006008
core   0: 0x000000008000400c (0x09cc0c13) addi    s8, s8, 156
core   0: 3 0x000000008000400c (0x09cc0c13) x24 0x00000000800060a4
core   0: 0x0000000080004010 (0x000c00e7) jalr    s8
core   0: 3 0x0000000080004010 (0x000c00e7) x1  0x0000000080004014
core   0: >>>>  any_handler
core   0: 0x00000000800060a4 (0x341027f3) csrrs   a5, mepc, zero
core   0: 3 0x00000000800060a4 (0x341027f3) x15 0x000000008000533c
core   0: 0x00000000800060a8 (0x34202773) csrrs   a4, mcause, zero
core   0: 3 0x00000000800060a8 (0x34202773) x14 0x0000000000000002
core   0: 0x00000000800060ac (0x142026f3) csrrs   a3, scause, zero
core   0: 3 0x00000000800060ac (0x142026f3) x13 0x0000000000000000
core   0: 0x00000000800060b0 (0x30402673) csrrs   a2, mie, zero
core   0: 3 0x00000000800060b0 (0x30402673) x12 0x0000000000000a00
core   0: 0x00000000800060b4 (0x344025f3) csrrs   a1, mip, zero
core   0: 3 0x00000000800060b4 (0x344025f3) x11 0x0000000000000080
core   0: 0x00000000800060b8 (0x343025f3) csrrs   a1, mtval, zero
core   0: 3 0x00000000800060b8 (0x343025f3) x11 0x00000000f130def3
core   0: 0x00000000800060bc (0x14302573) csrrs   a0, stval, zero
core   0: 3 0x00000000800060bc (0x14302573) x10 0x000000000000001f
core   0: 0x00000000800060c0 (0xb02024f3) csrrs   s1, minstret, zero
core   0: 3 0x00000000800060c0 (0xb02024f3) x9  0x0000000000000e01
core   0: 0x00000000800060c4 (0x0000a811) c.j     pc + 20
core   0: 3 0x00000000800060c4 (0xa811)
core   0: >>>>  mepc_4
core   0: 0x00000000800060d8 (0x00000791) c.addi  a5, 4
core   0: 3 0x00000000800060d8 (0x0791) x15 0x0000000080005340
core   0: 0x00000000800060da (0x34179073) csrrw   zero, mepc, a5
core   0: 3 0x00000000800060da (0x34179073) c833_mepc 0x0000000080005340
core   0: 0x00000000800060de (0x30200073) mret
core   0: 3 0x00000000800060de (0x30200073) c768_mstatus 0x8000000a00106080
core   0: 0x0000000080005340 (0x2a060253) fmin.d  ft4, fa2, ft0
core   0: 1 0x0000000080005340 (0x2a060253) f4  0x00000030cc87075b
core   0: 0x0000000080005344 (0x023833b3) mulhu   t2, a6, gp
core   0: 1 0x0000000080005344 (0x023833b3) x7  0xfffffff3cb83bb59
core   0: 0x0000000080005348 (0x00179313) slli    t1, a5, 1
core   0: 1 0x0000000080005348 (0x00179313) x6  0x000000010000a680
core   0: 0x000000008000534c (0x00000001) c.nop
core   0: 1 0x000000008000534c (0x0001)
core   0: 0x000000008000534e (0x007d73b3) and     t2, s10, t2
core   0: 1 0x000000008000534e (0x007d73b3) x7  0x0000000000000000
core   0: 0x0000000080005352 (0x03d4e933) rem     s2, s1, t4
core   0: 1 0x0000000080005352 (0x03d4e933) x18 0x0000000000000e01
core   0: 0x0000000080005356 (0x8001c893) xori    a7, gp, -2048
core   0: 1 0x0000000080005356 (0x8001c893) x17 0x00000007fffff800
core   0: 0x000000008000535a (0x00c4dd93) srli    s11, s1, 12
core   0: 1 0x000000008000535a (0x00c4dd93) x27 0x0000000000000000
core   0: 0x000000008000535e (0x0382583b) divuw   a6, tp, s8
core   0: 1 0x000000008000535e (0x0382583b) x16 0x0000000000000000
core   0: 0x0000000080005362 (0x03925213) srli    tp, tp, 57
core   0: 1 0x0000000080005362 (0x03925213) x4  0x0000000000000000
core   0: 0x0000000080005366 (0x039cd833) divu    a6, s9, s9
core   0: 1 0x0000000080005366 (0x039cd833) x16 0x0000000000000001
core   0: 0x000000008000536a (0x0adc75d3) fsub.d  fa1, fs8, fa3
core   0: 1 0x000000008000536a (0x0adc75d3) f11 0x7ff8000000000000
core   0: 0x000000008000536e (0x4128d8bb) sraw    a7, a7, s2
core   0: 1 0x000000008000536e (0x4128d8bb) x17 0xfffffffffffffc00
core   0: 0x0000000080005372 (0x41995793) srai    a5, s2, 25
core   0: 1 0x0000000080005372 (0x41995793) x15 0x0000000000000000
core   0: 0x0000000080005376 (0x00000001) c.nop
core   0: 1 0x0000000080005376 (0x0001)
core   0: 0x0000000080005378 (0x400cda9b) sraiw   s5, s9, 0
core   0: 1 0x0000000080005378 (0x400cda9b) x21 0x000000007c2880fd
core   0: 0x000000008000537c (0x01378bb3) add     s7, a5, s3
core   0: 1 0x000000008000537c (0x01378bb3) x23 0x000000007fffb0a9
core   0: 0x0000000080005380 (0x0134aa33) slt     s4, s1, s3
core   0: 1 0x0000000080005380 (0x0134aa33) x20 0x0000000000000001
core   0: 0x0000000080005384 (0xba117bc3) fmadd.d fs7, ft2, ft1, fs7
core   0: 1 0x0000000080005384 (0xba117bc3) f23 0x4032000000000000
core   0: 0x0000000080005388 (0x0048c233) xor     tp, a7, tp
core   0: 1 0x0000000080005388 (0x0048c233) x4  0xfffffffffffffc00
core   0: 0x000000008000538c (0x10a07073) csrrci  zero, senvcfg, 0
core   0: 1 0x000000008000538c (0x10a07073)
core   0: 0x0000000080005390 (0xc22277d3) fcvt.l.d a5, ft4
core   0: 1 0x0000000080005390 (0xc22277d3) c1_fflags 0x0000000000000017 x15 0x0000000000000000
core   0: 0x0000000080005394 (0xf8480b37) lui     s6, 0xf8480
core   0: 1 0x0000000080005394 (0xf8480b37) x22 0xfffffffff8480000
core   0: 0x0000000080005398 (0x929b0b1b) addiw   s6, s6, -1751
core   0: 1 0x0000000080005398 (0x929b0b1b) x22 0xfffffffff847f929
core   0: 0x000000008000539c (0x00000b32) c.slli  s6, 12
core   0: 1 0x000000008000539c (0x0b32) x22 0xffffff847f929000
core   0: 0x000000008000539e (0xecbb0b13) addi    s6, s6, -309
core   0: 1 0x000000008000539e (0xecbb0b13) x22 0xffffff847f928ecb
core   0: 0x00000000800053a2 (0x0367fe33) remu    t3, a5, s6
core   0: 1 0x00000000800053a2 (0x0367fe33) x28 0x0000000000000000
core   0: 0x00000000800053a6 (0xf2030553) fmv.d.x fa0, t1
core   0: 1 0x00000000800053a6 (0xf2030553) f10 0x000000010000a680
core   0: 0x00000000800053aa (0x4010d5bb) sraw    a1, ra, ra
core   0: 1 0x00000000800053aa (0x4010d5bb) x11 0xfffffffffffff800
core   0: 0x00000000800053ae (0x2b550ad3) fmin.d  fs5, fa0, fs5
core   0: 1 0x00000000800053ae (0x2b550ad3) f21 0x000000010000a680
core   0: 0x00000000800053b2 (0x03c658bb) divuw   a7, a2, t3
core   0: 1 0x00000000800053b2 (0x03c658bb) x17 0xffffffffffffffff
core   0: 0x00000000800053b6 (0x015bcbb3) xor     s7, s7, s5
core   0: 1 0x00000000800053b6 (0x015bcbb3) x23 0x0000000003d73054
core   0: 0x00000000800053ba (0x400d599b) sraiw   s3, s10, 0
core   0: 1 0x00000000800053ba (0x400d599b) x19 0x0000000000000000
core   0: 0x00000000800053be (0x02635c33) divu    s8, t1, t1
core   0: 1 0x00000000800053be (0x02635c33) x24 0x0000000000000001
core   0: 0x00000000800053c2 (0xa29504d3) fle.d   s1, fa0, fs1
core   0: 1 0x00000000800053c2 (0xa29504d3) c1_fflags 0x0000000000000017 x9  0x0000000000000000
core   0: 0x00000000800053c6 (0x01c31e33) sll     t3, t1, t3
core   0: 1 0x00000000800053c6 (0x01c31e33) x28 0x000000010000a680
core   0: 0x00000000800053ca (0x031e10b3) mulh    ra, t3, a7
core   0: 1 0x00000000800053ca (0x031e10b3) x1  0xffffffffffffffff
core   0: 0x00000000800053ce (0x0080d5bb) srlw    a1, ra, s0
core   0: 1 0x00000000800053ce (0x0080d5bb) x11 0xffffffffffffffff
core   0: 0x00000000800053d2 (0x035b1b33) mulh    s6, s6, s5
core   0: 1 0x00000000800053d2 (0x035b1b33) x22 0xffffffffffffffc4
core   0: 0x00000000800053d6 (0xd23cf2d3) fcvt.d.lu ft5, s9
core   0: 1 0x00000000800053d6 (0xd23cf2d3) c1_fflags 0x0000000000000017 f5  0x43effffffa6f8510
core   0: 0x00000000800053da (0x41fe5c1b) sraiw   s8, t3, 31
core   0: 1 0x00000000800053da (0x41fe5c1b) x24 0x0000000000000000
core   0: 0x00000000800053de (0x5a0c7e53) fsqrt.d ft8, fs8
core   0: 1 0x00000000800053de (0x5a0c7e53) f28 0x0000000000000000
core   0: 0x00000000800053e2 (0xa25c04d3) fle.d   s1, fs8, ft5
core   0: 1 0x00000000800053e2 (0xa25c04d3) x9  0x0000000000000001
core   0: 0x00000000800053e6 (0x01bb57b3) srl     a5, s6, s11
core   0: 1 0x00000000800053e6 (0x01bb57b3) x15 0xffffffffffffffc4
core   0: 0x00000000800053ea (0x22968c53) fsgnj.d fs8, fa3, fs1
core   0: 1 0x00000000800053ea (0x22968c53) f24 0xfff8000000000000
core   0: 0x00000000800053ee (0xd2010ed3) fcvt.d.w ft9, sp
core   0: 1 0x00000000800053ee (0xd2010ed3) f29 0x0000000000000000
core   0: 0x00000000800053f2 (0x401d0c3b) subw    s8, s10, ra
core   0: 1 0x00000000800053f2 (0x401d0c3b) x24 0x0000000000000001
core   0: 0x00000000800053f6 (0x22aea6d3) fsgnjx.d fa3, ft9, fa0
core   0: 1 0x00000000800053f6 (0x22aea6d3) f13 0x0000000000000000
core   0: 0x00000000800053fa (0x000b9cb7) lui     s9, 0xb9
core   0: 1 0x00000000800053fa (0x000b9cb7) x25 0x00000000000b9000
core   0: 0x00000000800053fe (0x9dbc8c9b) addiw   s9, s9, -1573
core   0: 1 0x00000000800053fe (0x9dbc8c9b) x25 0x00000000000b89db
core   0: 0x0000000080005402 (0x00000cb2) c.slli  s9, 12
core   0: 1 0x0000000080005402 (0x0cb2) x25 0x00000000b89db000
core   0: 0x0000000080005404 (0xecac8c93) addi    s9, s9, -310
core   0: 1 0x0000000080005404 (0xecac8c93) x25 0x00000000b89daeca
core   0: 0x0000000080005408 (0x00009372) c.add   t1, t3
core   0: 1 0x0000000080005408 (0x9372) x6  0x0000000200014d00
core   0: 0x000000008000540a (0x01bd9dbb) sllw    s11, s11, s11
core   0: 1 0x000000008000540a (0x01bd9dbb) x27 0x0000000000000000
core   0: 0x000000008000540e (0x024966b3) rem     a3, s2, tp
core   0: 1 0x000000008000540e (0x024966b3) x13 0x0000000000000201
core   0: 0x0000000080005412 (0x2b1581d3) fmin.d  ft3, fa1, fa7
core   0: 1 0x0000000080005412 (0x2b1581d3) f3  0x7ff8000000000000
core   0: 0x0000000080005416 (0x6aad7d4b) fnmsub.d fs10, fs10, fa0, fa3
core   0: 1 0x0000000080005416 (0x6aad7d4b) f26 0x7ff8000000000000
core   0: 0x000000008000541a (0x13217153) fmul.d  ft2, ft2, fs2
core   0: 1 0x000000008000541a (0x13217153) f2  0x7ff8000000000000
core   0: 0x000000008000541e (0x01bb159b) slliw   a1, s6, 27
core   0: 1 0x000000008000541e (0x01bb159b) x11 0x0000000020000000
core   0: 0x0000000080005422 (0x02a16533) rem     a0, sp, a0
core   0: 1 0x0000000080005422 (0x02a16533) x10 0x0000000000000000
core   0: 0x0000000080005426 (0xc221f4d3) fcvt.l.d s1, ft3
core   0: 1 0x0000000080005426 (0xc221f4d3) c1_fflags 0x0000000000000017 x9  0x7fffffffffffffff
core   0: 0x000000008000542a (0xd236fc53) fcvt.d.lu fs8, a3
core   0: 1 0x000000008000542a (0xd236fc53) f24 0x4080080000000000
core   0: 0x000000008000542e (0x00000001) c.nop
core   0: 1 0x000000008000542e (0x0001)
core   0: 0x0000000080005430 (0x01d3d3bb) srlw    t2, t2, t4
core   0: 1 0x0000000080005430 (0x01d3d3bb) x7  0x0000000000000000
core   0: 0x0000000080005434 (0xe2010253) fmv.x.d tp, ft2
core   0: 1 0x0000000080005434 (0xe2010253) x4  0x7ff8000000000000
core   0: 0x0000000080005438 (0x9231f3cf) fnmadd.d ft7, ft3, ft3, fs2
core   0: 1 0x0000000080005438 (0x9231f3cf) f7  0x7ff8000000000000
core   0: 0x000000008000543c (0x03680a33) mul     s4, a6, s6
core   0: 1 0x000000008000543c (0x03680a33) x20 0xffffffffffffffc4
core   0: 0x0000000080005440 (0x40e70d3b) subw    s10, a4, a4
core   0: 1 0x0000000080005440 (0x40e70d3b) x26 0x0000000000000000
core   0: 0x0000000080005444 (0xe2018e53) fmv.x.d t3, ft3
core   0: 1 0x0000000080005444 (0xe2018e53) x28 0x7ff8000000000000
core   0: 0x0000000080005448 (0xd22e7ad3) fcvt.d.l fs5, t3
core   0: 1 0x0000000080005448 (0xd22e7ad3) f21 0x43dffe0000000000
core   0: 0x000000008000544c (0xd20085d3) fcvt.d.w fa1, ra
core   0: 1 0x000000008000544c (0xd20085d3) f11 0xbff0000000000000
core   0: 0x0000000080005450 (0x01a0d9b3) srl     s3, ra, s10
core   0: 1 0x0000000080005450 (0x01a0d9b3) x19 0xffffffffffffffff
core   0: 0x0000000080005454 (0x03ce2e33) mulhsu  t3, t3, t3
core   0: 1 0x0000000080005454 (0x03ce2e33) x28 0x3ff8004000000000
core   0: 0x0000000080005458 (0x03a96933) rem     s2, s2, s10
core   0: 1 0x0000000080005458 (0x03a96933) x18 0x0000000000000e01
core   0: 0x000000008000545c (0xeb724e93) xori    t4, tp, -329
core   0: 1 0x000000008000545c (0xeb724e93) x29 0x8007fffffffffeb7
core   0: 0x0000000080005460 (0x00000001) c.nop
core   0: 1 0x0000000080005460 (0x0001)
core   0: 0x0000000080005462 (0x234a1d53) fsgnjn.d fs10, fs4, fs4
core   0: 1 0x0000000080005462 (0x234a1d53) f26 0x8000000000000d55
core   0: 0x0000000080005466 (0x01191093) slli    ra, s2, 17
core   0: 1 0x0000000080005466 (0x01191093) x1  0x000000001c020000
core   0: 0x000000008000546a (0x008e8bb3) add     s7, t4, s0
core   0: 1 0x000000008000546a (0x008e8bb3) x23 0x8007fffffffffeb7
core   0: 0x000000008000546e (0x98008613) addi    a2, ra, -1664
core   0: 1 0x000000008000546e (0x98008613) x12 0x000000001c01f980
core   0: 0x0000000080005472 (0x02d3f833) remu    a6, t2, a3
core   0: 1 0x0000000080005472 (0x02d3f833) x16 0x0000000000000000
core   0: 0x0000000080005476 (0x016c2e33) slt     t3, s8, s6
core   0: 1 0x0000000080005476 (0x016c2e33) x28 0x0000000000000000
core   0: 0x000000008000547a (0xb27273cb) fnmsub.d ft7, ft4, ft7, fs6
core   0: 1 0x000000008000547a (0xb27273cb) f7  0x7ff8000000000000
core   0: 0x000000008000547e (0xe20801d3) fmv.x.d gp, fa6
core   0: 1 0x000000008000547e (0xe20801d3) x3  0x7ff8000000000000
core   0: 0x0000000080005482 (0x00202df3) csrrs   s11, frm, zero
core   0: 1 0x0000000080005482 (0x00202df3) x27 0x0000000000000000
core   0: 0x0000000080005486 (0x40320833) sub     a6, tp, gp
core   0: 1 0x0000000080005486 (0x40320833) x16 0x0000000000000000
core   0: 0x000000008000548a (0x02e9c9b3) div     s3, s3, a4
core   0: 1 0x000000008000548a (0x02e9c9b3) x19 0x0000000000000000
core   0: 0x000000008000548e (0x00089513) slli    a0, a7, 0
core   0: 1 0x000000008000548e (0x00089513) x10 0xffffffffffffffff
core   0: 0x0000000080005492 (0x0065d71b) srliw   a4, a1, 6
core   0: 1 0x0000000080005492 (0x0065d71b) x14 0x0000000000800000
core   0: 0x0000000080005496 (0x00175a93) srli    s5, a4, 1
core   0: 1 0x0000000080005496 (0x00175a93) x21 0x0000000000400000
core   0: 0x000000008000549a (0x2365a8d3) fsgnjx.d fa7, fa1, fs6
core   0: 1 0x000000008000549a (0x2365a8d3) f17 0x3ff0000000000000
core   0: 0x000000008000549e (0x03a97d33) remu    s10, s2, s10
core   0: 1 0x000000008000549e (0x03a97d33) x26 0x0000000000000e01
core   0: 0x00000000800054a2 (0x001c1e9b) slliw   t4, s8, 1
core   0: 1 0x00000000800054a2 (0x001c1e9b) x29 0x0000000000000002
core   0: 0x00000000800054a6 (0x00066893) ori     a7, a2, 0
core   0: 1 0x00000000800054a6 (0x00066893) x17 0x000000001c01f980
core   0: 0x00000000800054aa (0x411bd213) srai    tp, s7, 17
core   0: 1 0x00000000800054aa (0x411bd213) x4  0xffffc003ffffffff
core   0: 0x00000000800054ae (0x03dedd33) divu    s10, t4, t4
core   0: 1 0x00000000800054ae (0x03dedd33) x26 0x0000000000000001
core   0: 0x00000000800054b2 (0x03738e3b) mulw    t3, t2, s7
core   0: 1 0x00000000800054b2 (0x03738e3b) x28 0x0000000000000000
core   0: 0x00000000800054b6 (0x0ff0000f) fence   iorw,iorw
core   0: 1 0x00000000800054b6 (0x0ff0000f)
core   0: 0x00000000800054ba (0x03b50dbb) mulw    s11, a0, s11
core   0: 1 0x00000000800054ba (0x03b50dbb) x27 0x0000000000000000
core   0: 0x00000000800054be (0xd23dfdd3) fcvt.d.lu fs11, s11
core   0: 1 0x00000000800054be (0xd23dfdd3) f27 0x0000000000000000
core   0: 0x00000000800054c2 (0xc70a4013) xori    zero, s4, -912
core   0: 1 0x00000000800054c2 (0xc70a4013)
core   0: 0x00000000800054c6 (0x00da77b3) and     a5, s4, a3
core   0: 1 0x00000000800054c6 (0x00da77b3) x15 0x0000000000000200
core   0: 0x00000000800054ca (0x00001193) slli    gp, zero, 0
core   0: 1 0x00000000800054ca (0x00001193) x3  0x0000000000000000
core   0: 0x00000000800054ce (0x02f2cb33) div     s6, t0, a5
core   0: 1 0x00000000800054ce (0x02f2cb33) x22 0x0000000000000000
core   0: 0x00000000800054d2 (0x001028f3) csrrs   a7, fflags, zero
core   0: 1 0x00000000800054d2 (0x001028f3) x17 0x0000000000000017
core   0: 0x00000000800054d6 (0xc034f9d3) fcvt.lu.s s3, fs1
core   0: 1 0x00000000800054d6 (0xc034f9d3) x19 0x0000000000000727
core   0: 0x00000000800054da (0x03155ab3) divu    s5, a0, a7
core   0: 1 0x00000000800054da (0x03155ab3) x21 0x0b21642c8590b216
core   0: 0x00000000800054de (0x00d5d333) srl     t1, a1, a3
core   0: 1 0x00000000800054de (0x00d5d333) x6  0x0000000010000000
core   0: 0x00000000800054e2 (0x0ff0000f) fence   iorw,iorw
core   0: 1 0x00000000800054e2 (0x0ff0000f)
core   0: 0x00000000800054e6 (0xc23b75d3) fcvt.lu.d a1, fs6
core   0: 1 0x00000000800054e6 (0xc23b75d3) c1_fflags 0x0000000000000017 x11 0xffffffffffffffff
core   0: 0x00000000800054ea (0x6bbe1637) lui     a2, 0x6bbe1
core   0: 1 0x00000000800054ea (0x6bbe1637) x12 0x000000006bbe1000
core   0: 0x00000000800054ee (0x2bb00053) fmin.d  ft0, ft0, fs11
core   0: 1 0x00000000800054ee (0x2bb00053) f0  0x0000000000000000
core   0: 0x00000000800054f2 (0x403c8abb) subw    s5, s9, gp
core   0: 1 0x00000000800054f2 (0x403c8abb) x21 0xffffffffb89daeca
core   0: 0x00000000800054f6 (0x032978bb) remuw   a7, s2, s2
core   0: 1 0x00000000800054f6 (0x032978bb) x17 0x0000000000000000
core   0: 0x00000000800054fa (0x027e1793) slli    a5, t3, 39
core   0: 1 0x00000000800054fa (0x027e1793) x15 0x0000000000000000
core   0: 0x00000000800054fe (0x40d5d01b) sraiw   zero, a1, 13
core   0: 1 0x00000000800054fe (0x40d5d01b)
core   0: 0x0000000080005502 (0xc238fcd3) fcvt.lu.d s9, fa7
core   0: 1 0x0000000080005502 (0xc238fcd3) x25 0x0000000000000001
core   0: 0x0000000080005506 (0x02ed413b) divw    sp, s10, a4
core   0: 1 0x0000000080005506 (0x02ed413b) x2  0x0000000000000000
core   0: 0x000000008000550a (0x104125f3) csrrs   a1, sie, sp
core   0: 1 0x000000008000550a (0x104125f3) x11 0x0000000000000000 c772_mie 0x0000000000000a00
core   0: 0x000000008000550e (0x00202df3) csrrs   s11, frm, zero
core   0: 1 0x000000008000550e (0x00202df3) x27 0x0000000000000000
core   0: 0x0000000080005512 (0x1288f8c7) fmsub.d fa7, fa7, fs0, ft2
core   0: 1 0x0000000080005512 (0x1288f8c7) f17 0x7ff8000000000000
core   0: 0x0000000080005516 (0x0ad770c3) fmadd.d ft1, fa4, fa3, ft1
core   0: 1 0x0000000080005516 (0x0ad770c3) f1  0x7ff8000000000000
core   0: 0x000000008000551a (0xd03bff53) fcvt.s.lu ft10, s7
core   0: 1 0x000000008000551a (0xd03bff53) c1_fflags 0x0000000000000017 f30 0xffffffff5f000800
core   0: 0x000000008000551e (0x0280f93b) remuw   s2, ra, s0
core   0: 1 0x000000008000551e (0x0280f93b) x18 0x000000001c020000
core   0: 0x0000000080005522 (0xc233f5d3) fcvt.lu.d a1, ft7
core   0: 1 0x0000000080005522 (0xc233f5d3) c1_fflags 0x0000000000000017 x11 0xffffffffffffffff
core   0: 0x0000000080005526 (0xca637ccb) fnmsub.d fs9, ft6, ft6, fs9
core   0: 1 0x0000000080005526 (0xca637ccb) f25 0x7ff8000000000000
core   0: 0x000000008000552a (0x12197e53) fmul.d  ft8, fs2, ft1
core   0: 1 0x000000008000552a (0x12197e53) f28 0x7ff8000000000000
core   0: 0x000000008000552e (0x039c683b) remw    a6, s8, s9
core   0: 1 0x000000008000552e (0x039c683b) x16 0x0000000000000000
core   0: 0x0000000080005532 (0x03f15c93) srli    s9, sp, 63
core   0: 1 0x0000000080005532 (0x03f15c93) x25 0x0000000000000000
core   0: 0x0000000080005536 (0x01fc921b) slliw   tp, s9, 31
core   0: 1 0x0000000080005536 (0x01fc921b) x4  0x0000000000000000
core   0: 0x000000008000553a (0x001e9473) csrrw   s0, fflags, t4
core   0: 1 0x000000008000553a (0x001e9473) x8  0x0000000000000017 c1_fflags 0x0000000000000002
core   0: 0x000000008000553e (0x98971537) lui     a0, 0x98971
core   0: 1 0x000000008000553e (0x98971537) x10 0xffffffff98971000
core   0: 0x0000000080005542 (0x00eaddb3) srl     s11, s5, a4
core   0: 1 0x0000000080005542 (0x00eaddb3) x27 0xffffffffb89daeca
core   0: 0x0000000080005546 (0xc035fe53) fcvt.lu.s t3, fa1
core   0: 1 0x0000000080005546 (0xc035fe53) c1_fflags 0x0000000000000012 x28 0xffffffffffffffff
core   0: 0x000000008000554a (0x10685073) csrrwi  zero, scounteren, 16
core   0: 1 0x000000008000554a (0x10685073) c262_scounteren 0x0000000000000000
core   0: 0x000000008000554e (0x41de8ebb) subw    t4, t4, t4
core   0: 1 0x000000008000554e (0x41de8ebb) x29 0x0000000000000000
core   0: 0x0000000080005552 (0x42000cd3) fcvt.d.s fs9, ft0
core   0: 1 0x0000000080005552 (0x42000cd3) f25 0x7ff8000000000000
core   0: 0x0000000080005556 (0xc02cf4d3) fcvt.l.s s1, fs9
core   0: 1 0x0000000080005556 (0xc02cf4d3) c1_fflags 0x0000000000000012 x9  0x7fffffffffffffff
core   0: 0x000000008000555a (0x03377a33) remu    s4, a4, s3
core   0: 1 0x000000008000555a (0x03377a33) x20 0x000000000000031d
core   0: 0x000000008000555e (0x8a968b37) lui     s6, 0x8a968
core   0: 1 0x000000008000555e (0x8a968b37) x22 0xffffffff8a968000
core   0: 0x0000000080005562 (0xd20b0ad3) fcvt.d.w fs5, s6
core   0: 1 0x0000000080005562 (0xd20b0ad3) f21 0xc1dd5a6000000000
core   0: 0x0000000080005566 (0x0007cc13) xori    s8, a5, 0
core   0: 1 0x0000000080005566 (0x0007cc13) x24 0x0000000000000000
core   0: 0x000000008000556a (0xf3e1f1c3) fmadd.d ft3, ft3, ft10, ft10
core   0: 1 0x000000008000556a (0xf3e1f1c3) f3  0x7ff8000000000000
core   0: 0x000000008000556e (0x40197053) fcvt.s.d ft0, fs2
core   0: 1 0x000000008000556e (0x40197053) f0  0xffffffff7fc00000
core   0: 0x0000000080005572 (0x4010d313) srai    t1, ra, 1
core   0: 1 0x0000000080005572 (0x4010d313) x6  0x000000000e010000
core   0: 0x0000000080005576 (0xf716e017) auipc   zero, 0xf716e
core   0: 1 0x0000000080005576 (0xf716e017)
core   0: 0x000000008000557a (0x127f734b) fnmsub.d ft6, ft10, ft7, ft2
core   0: 1 0x000000008000557a (0x127f734b) f6  0x7ff8000000000000
core   0: 0x000000008000557e (0x420886d3) fcvt.d.s fa3, fa7
core   0: 1 0x000000008000557e (0x420886d3) f13 0x7ff8000000000000
core   0: 0x0000000080005582 (0x00be62b3) or      t0, t3, a1
core   0: 1 0x0000000080005582 (0x00be62b3) x5  0xffffffffffffffff
core   0: 0x0000000080005586 (0x222d04d3) fsgnj.d fs1, fs10, ft2
core   0: 1 0x0000000080005586 (0x222d04d3) f9  0x0000000000000d55
core   0: 0x000000008000558a (0x014a593b) srlw    s2, s4, s4
core   0: 1 0x000000008000558a (0x014a593b) x18 0x0000000000000000
core   0: 0x000000008000558e (0x2a659a53) fmax.d  fs4, fa1, ft6
core   0: 1 0x000000008000558e (0x2a659a53) f20 0xbff0000000000000
core   0: 0x0000000080005592 (0x412c563b) sraw    a2, s8, s2
core   0: 1 0x0000000080005592 (0x412c563b) x12 0x0000000000000000
core   0: 0x0000000080005596 (0x1211f453) fmul.d  fs0, ft3, ft1
core   0: 1 0x0000000080005596 (0x1211f453) f8  0x7ff8000000000000
core   0: 0x000000008000559a (0x00a2dd3b) srlw    s10, t0, a0
core   0: 1 0x000000008000559a (0x00a2dd3b) x26 0xffffffffffffffff
core   0: 0x000000008000559e (0x00fb7b33) and     s6, s6, a5
core   0: 1 0x000000008000559e (0x00fb7b33) x22 0x0000000000000000
core   0: 0x00000000800055a2 (0xc02df253) fcvt.l.s tp, fs11
core   0: 1 0x00000000800055a2 (0xc02df253) c1_fflags 0x0000000000000012 x4  0x7fffffffffffffff
core   0: 0x00000000800055a6 (0xa34dab53) feq.d   s6, fs11, fs4
core   0: 1 0x00000000800055a6 (0xa34dab53) x22 0x0000000000000000
core   0: 0x00000000800055aa (0x007513b3) sll     t2, a0, t2
core   0: 1 0x00000000800055aa (0x007513b3) x7  0xffffffff98971000
core   0: 0x00000000800055ae (0x1a8374cb) fnmsub.d fs1, ft6, fs0, ft3
core   0: 1 0x00000000800055ae (0x1a8374cb) f9  0x7ff8000000000000
core   0: 0x00000000800055b2 (0x003057bb) srlw    a5, zero, gp
core   0: 1 0x00000000800055b2 (0x003057bb) x15 0x0000000000000000
core   0: 0x00000000800055b6 (0x3994e593) ori     a1, s1, 921
core   0: 1 0x00000000800055b6 (0x3994e593) x11 0x7fffffffffffffff
core   0: 0x00000000800055ba (0x01c1acb3) slt     s9, gp, t3
core   0: 1 0x00000000800055ba (0x01c1acb3) x25 0x0000000000000000
core   0: 0x00000000800055be (0xc80657f3) csrrwi  a5, cycleh, 12
core   0: exception trap_illegal_instruction, epc 0x00000000800055be
core   0:           tval 0x00000000c80657f3
core   0: >>>>  $xrv64i2p1_m2p0_a2p1_f2p2_d2p2_zicsr2p0_zifencei2p0_zmmul1p0_zba1p0_zbb1p0_zbc1p0_zbs1p0
core   0: 0x0000000080004000 (0x0080006f) j       pc + 0x8
core   0: 3 0x0000000080004000 (0x0080006f)
core   0: >>>>  mmode_exception_handler
core   0: 0x0000000080004008 (0x00002c17) auipc   s8, 0x2
core   0: 3 0x0000000080004008 (0x00002c17) x24 0x0000000080006008
core   0: 0x000000008000400c (0x09cc0c13) addi    s8, s8, 156
core   0: 3 0x000000008000400c (0x09cc0c13) x24 0x00000000800060a4
core   0: 0x0000000080004010 (0x000c00e7) jalr    s8
core   0: 3 0x0000000080004010 (0x000c00e7) x1  0x0000000080004014
core   0: >>>>  any_handler
core   0: 0x00000000800060a4 (0x341027f3) csrrs   a5, mepc, zero
core   0: 3 0x00000000800060a4 (0x341027f3) x15 0x00000000800055be
core   0: 0x00000000800060a8 (0x34202773) csrrs   a4, mcause, zero
core   0: 3 0x00000000800060a8 (0x34202773) x14 0x0000000000000002
core   0: 0x00000000800060ac (0x142026f3) csrrs   a3, scause, zero
core   0: 3 0x00000000800060ac (0x142026f3) x13 0x0000000000000000
core   0: 0x00000000800060b0 (0x30402673) csrrs   a2, mie, zero
core   0: 3 0x00000000800060b0 (0x30402673) x12 0x0000000000000a00
core   0: 0x00000000800060b4 (0x344025f3) csrrs   a1, mip, zero
core   0: 3 0x00000000800060b4 (0x344025f3) x11 0x0000000000000080
core   0: 0x00000000800060b8 (0x343025f3) csrrs   a1, mtval, zero
core   0: 3 0x00000000800060b8 (0x343025f3) x11 0x00000000c80657f3
core   0: 0x00000000800060bc (0x14302573) csrrs   a0, stval, zero
core   0: 3 0x00000000800060bc (0x14302573) x10 0x000000000000001f
core   0: 0x00000000800060c0 (0xb02024f3) csrrs   s1, minstret, zero
core   0: 3 0x00000000800060c0 (0xb02024f3) x9  0x0000000000000eb4
core   0: 0x00000000800060c4 (0x0000a811) c.j     pc + 20
core   0: 3 0x00000000800060c4 (0xa811)
core   0: >>>>  mepc_4
core   0: 0x00000000800060d8 (0x00000791) c.addi  a5, 4
core   0: 3 0x00000000800060d8 (0x0791) x15 0x00000000800055c2
core   0: 0x00000000800060da (0x34179073) csrrw   zero, mepc, a5
core   0: 3 0x00000000800060da (0x34179073) c833_mepc 0x00000000800055c2
core   0: 0x00000000800060de (0x30200073) mret
core   0: 3 0x00000000800060de (0x30200073) c768_mstatus 0x8000000a00106080
core   0: 0x00000000800055c2 (0x00f26693) ori     a3, tp, 15
core   0: 1 0x00000000800055c2 (0x00f26693) x13 0x7fffffffffffffff
core   0: 0x00000000800055c6 (0xd02d7753) fcvt.s.l fa4, s10
core   0: 1 0x00000000800055c6 (0xd02d7753) f14 0xffffffffbf800000
core   0: 0x00000000800055ca (0xde8f2717) auipc   a4, 0xde8f2
core   0: 1 0x00000000800055ca (0xde8f2717) x14 0x000000005e8f75ca
core   0: 0x00000000800055ce (0x00f5c933) xor     s2, a1, a5
core   0: 1 0x00000000800055ce (0x00f5c933) x18 0x0000000048060231
core   0: 0x00000000800055d2 (0x00051193) slli    gp, a0, 0
core   0: 1 0x00000000800055d2 (0x00051193) x3  0x000000000000001f
core   0: 0x00000000800055d6 (0x40e10dbb) subw    s11, sp, a4
core   0: 1 0x00000000800055d6 (0x40e10dbb) x27 0xffffffffa1708a36
core   0: 0x00000000800055da (0xd0337253) fcvt.s.lu ft4, t1
core   0: 1 0x00000000800055da (0xd0337253) f4  0xffffffff4d601000
core   0: 0x00000000800055de (0xc208f453) fcvt.w.d s0, fa7
core   0: 1 0x00000000800055de (0xc208f453) c1_fflags 0x0000000000000012 x8  0x000000007fffffff
core   0: 0x00000000800055e2 (0x000997bb) sllw    a5, s3, zero
core   0: 1 0x00000000800055e2 (0x000997bb) x15 0x0000000000000727
core   0: 0x00000000800055e6 (0x02784cbb) divw    s9, a6, t2
core   0: 1 0x00000000800055e6 (0x02784cbb) x25 0x0000000000000000
core   0: 0x00000000800055ea (0x027cf733) remu    a4, s9, t2
core   0: 1 0x00000000800055ea (0x027cf733) x14 0x0000000000000000
core   0: 0x00000000800055ee (0x00c6553b) srlw    a0, a2, a2
core   0: 1 0x00000000800055ee (0x00c6553b) x10 0x0000000000000a00
core   0: 0x00000000800055f2 (0x021a7cbb) remuw   s9, s4, ra
core   0: 1 0x00000000800055f2 (0x021a7cbb) x25 0x000000000000031d
core   0: 0x00000000800055f6 (0x06a832b7) lui     t0, 0x6a83
core   0: 1 0x00000000800055f6 (0x06a832b7) x5  0x0000000006a83000
core   0: 0x00000000800055fa (0x7972829b) addiw   t0, t0, 1943
core   0: 1 0x00000000800055fa (0x7972829b) x5  0x0000000006a83797
core   0: 0x00000000800055fe (0x000002b2) c.slli  t0, 12
core   0: 1 0x00000000800055fe (0x02b2) x5  0x0000006a83797000
core   0: 0x0000000080005600 (0x0de28293) addi    t0, t0, 222
core   0: 1 0x0000000080005600 (0x0de28293) x5  0x0000006a837970de
core   0: 0x0000000080005604 (0xa2210e53) fle.d   t3, ft2, ft2
core   0: 1 0x0000000080005604 (0xa2210e53) c1_fflags 0x0000000000000012 x28 0x0000000000000000
core   0: 0x0000000080005608 (0x028e8db3) mul     s11, t4, s0
core   0: 1 0x0000000080005608 (0x028e8db3) x27 0x0000000000000000
core   0: 0x000000008000560c (0x19ec3137) lui     sp, 0x19ec3
core   0: 1 0x000000008000560c (0x19ec3137) x2  0x0000000019ec3000
core   0: 0x0000000080005610 (0xff9460b7) lui     ra, 0xff946
core   0: 1 0x0000000080005610 (0xff9460b7) x1  0xffffffffff946000
core   0: 0x0000000080005614 (0xe7d0809b) addiw   ra, ra, -387
core   0: 1 0x0000000080005614 (0xe7d0809b) x1  0xffffffffff945e7d
core   0: 0x0000000080005618 (0x000000b2) c.slli  ra, 12
core   0: 1 0x0000000080005618 (0x00b2) x1  0xfffffff945e7d000
core   0: 0x000000008000561a (0xb1608093) addi    ra, ra, -1258
core   0: 1 0x000000008000561a (0xb1608093) x1  0xfffffff945e7cb16
core   0: 0x000000008000561e (0x1a4cf2d3) fdiv.d  ft5, fs9, ft4
core   0: 1 0x000000008000561e (0x1a4cf2d3) f5  0x7ff8000000000000
core   0: 0x0000000080005622 (0x420f0853) fcvt.d.s fa6, ft10
core   0: 1 0x0000000080005622 (0x420f0853) f16 0x43e0010000000000
core   0: 0x0000000080005626 (0x014a063b) addw    a2, s4, s4
core   0: 1 0x0000000080005626 (0x014a063b) x12 0x000000000000063a
core   0: 0x000000008000562a (0x8345e213) ori     tp, a1, -1996
core   0: 1 0x000000008000562a (0x8345e213) x4  0xfffffffffffffff7
core   0: 0x000000008000562e (0x0183dc3b) srlw    s8, t2, s8
core   0: 1 0x000000008000562e (0x0183dc3b) x24 0x0000000009897100
core   0: 0x0000000080005632 (0x01ad8bbb) addw    s7, s11, s10
core   0: 1 0x0000000080005632 (0x01ad8bbb) x23 0xffffffffffffffff
core   0: 0x0000000080005636 (0xc03f7253) fcvt.lu.s tp, ft10
core   0: 1 0x0000000080005636 (0xc03f7253) x4  0x8008000000000000
core   0: 0x000000008000563a (0x1bfe7353) fdiv.d  ft6, ft8, ft11
core   0: 1 0x000000008000563a (0x1bfe7353) f6  0x7ff8000000000000
core   0: 0x000000008000563e (0x03801033) mulh    zero, zero, s8
core   0: 1 0x000000008000563e (0x03801033)
core   0: 0x0000000080005642 (0x00e36733) or      a4, t1, a4
core   0: 1 0x0000000080005642 (0x00e36733) x14 0x000000000e010000
core   0: 0x0000000080005646 (0x00e7513b) srlw    sp, a4, a4
core   0: 1 0x0000000080005646 (0x00e7513b) x2  0x000000000e010000
core   0: 0x000000008000564a (0xe2030653) fmv.x.d a2, ft6
core   0: 1 0x000000008000564a (0xe2030653) x12 0x7ff8000000000000
core   0: 0x000000008000564e (0x0046133b) sllw    t1, a2, tp
core   0: 1 0x000000008000564e (0x0046133b) x6  0x0000000000000000
core   0: 0x0000000080005652 (0x0203043b) mulw    s0, t1, zero
core   0: 1 0x0000000080005652 (0x0203043b) x8  0x0000000000000000
core   0: 0x0000000080005656 (0x0309cd33) div     s10, s3, a6
core   0: 1 0x0000000080005656 (0x0309cd33) x26 0xffffffffffffffff
core   0: 0x000000008000565a (0x408d02b3) sub     t0, s10, s0
core   0: 1 0x000000008000565a (0x408d02b3) x5  0xffffffffffffffff
core   0: 0x000000008000565e (0x00000001) c.nop
core   0: 1 0x000000008000565e (0x0001)
core   0: 0x0000000080005660 (0xd2247cd3) fcvt.d.l fs9, s0
core   0: 1 0x0000000080005660 (0xd2247cd3) f25 0x0000000000000000
core   0: 0x0000000080005664 (0x7ff2f193) andi    gp, t0, 2047
core   0: 1 0x0000000080005664 (0x7ff2f193) x3  0x00000000000007ff
core   0: 0x0000000080005668 (0x023c2c33) mulhsu  s8, s8, gp
core   0: 1 0x0000000080005668 (0x023c2c33) x24 0x0000000000000000
core   0: 0x000000008000566c (0xc02a79d3) fcvt.l.s s3, fs4
core   0: 1 0x000000008000566c (0xc02a79d3) c1_fflags 0x0000000000000012 x19 0x7fffffffffffffff
core   0: 0x0000000080005670 (0x02060abb) mulw    s5, a2, zero
core   0: 1 0x0000000080005670 (0x02060abb) x21 0x0000000000000000
core   0: 0x0000000080005674 (0x00d304b3) add     s1, t1, a3
core   0: 1 0x0000000080005674 (0x00d304b3) x9  0x7fffffffffffffff
core   0: 0x0000000080005678 (0x41ccde33) sra     t3, s9, t3
core   0: 1 0x0000000080005678 (0x41ccde33) x28 0x000000000000031d
core   0: 0x000000008000567c (0x000cd833) srl     a6, s9, zero
core   0: 1 0x000000008000567c (0x000cd833) x16 0x000000000000031d
core   0: 0x0000000080005680 (0x455ea6b7) lui     a3, 0x455ea
core   0: 1 0x0000000080005680 (0x455ea6b7) x13 0x00000000455ea000
core   0: 0x0000000080005684 (0x5a08f8d3) fsqrt.d fa7, fa7
core   0: 1 0x0000000080005684 (0x5a08f8d3) f17 0x7ff8000000000000
core   0: 0x0000000080005688 (0x5a06f6d3) fsqrt.d fa3, fa3
core   0: 1 0x0000000080005688 (0x5a06f6d3) f13 0x7ff8000000000000
core   0: 0x000000008000568c (0x001cdc93) srli    s9, s9, 1
core   0: 1 0x000000008000568c (0x001cdc93) x25 0x000000000000018e
core   0: 0x0000000080005690 (0x0091903b) sllw    zero, gp, s1
core   0: 1 0x0000000080005690 (0x0091903b)
core   0: 0x0000000080005694 (0x0000163b) sllw    a2, zero, zero
core   0: 1 0x0000000080005694 (0x0000163b) x12 0x0000000000000000
core   0: 0x0000000080005698 (0x01a505b3) add     a1, a0, s10
core   0: 1 0x0000000080005698 (0x01a505b3) x11 0x00000000000009ff
core   0: 0x000000008000569c (0x03f9d313) srli    t1, s3, 63
core   0: 1 0x000000008000569c (0x03f9d313) x6  0x0000000000000000
core   0: 0x00000000800056a0 (0x0219493b) divw    s2, s2, ra
core   0: 1 0x00000000800056a0 (0x0219493b) x18 0x0000000000000001
core   0: 0x00000000800056a4 (0x0000d693) srli    a3, ra, 0
core   0: 1 0x00000000800056a4 (0x0000d693) x13 0xfffffff945e7cb16
core   0: 0x00000000800056a8 (0x233986d3) fsgnj.d fa3, fs3, fs3
core   0: 1 0x00000000800056a8 (0x233986d3) f13 0x43effffffff8b200
core   0: 0x00000000800056ac (0x01e3e137) lui     sp, 0x1e3e
core   0: 1 0x00000000800056ac (0x01e3e137) x2  0x0000000001e3e000
core   0: 0x00000000800056b0 (0x0176989b) slliw   a7, a3, 23
core   0: 1 0x00000000800056b0 (0x0176989b) x17 0xffffffff8b000000
core   0: 0x00000000800056b4 (0x41f9d09b) sraiw   ra, s3, 31
core   0: 1 0x00000000800056b4 (0x41f9d09b) x1  0xffffffffffffffff
core   0: 0x00000000800056b8 (0x42098853) fcvt.d.s fa6, fs3
core   0: 1 0x00000000800056b8 (0x42098853) f16 0x7ff8000000000000
core   0: 0x00000000800056bc (0x009359bb) srlw    s3, t1, s1
core   0: 1 0x00000000800056bc (0x009359bb) x19 0x0000000000000000
core   0: 0x00000000800056c0 (0x026a7333) remu    t1, s4, t1
core   0: 1 0x00000000800056c0 (0x026a7333) x6  0x000000000000031d
core   0: 0x00000000800056c4 (0x00000001) c.nop
core   0: 1 0x00000000800056c4 (0x0001)
core   0: 0x00000000800056c6 (0x0044beb7) lui     t4, 0x44b
core   0: 1 0x00000000800056c6 (0x0044beb7) x29 0x000000000044b000
core   0: 0x00000000800056ca (0xb9de8e9b) addiw   t4, t4, -1123
core   0: 1 0x00000000800056ca (0xb9de8e9b) x29 0x000000000044ab9d
core   0: 0x00000000800056ce (0x00000eb6) c.slli  t4, 13
core   0: 1 0x00000000800056ce (0x0eb6) x29 0x000000089573a000
core   0: 0x00000000800056d0 (0xa3ae8e93) addi    t4, t4, -1478
core   0: 1 0x00000000800056d0 (0xa3ae8e93) x29 0x0000000895739a3a
core   0: 0x00000000800056d4 (0xa3a87ecb) fnmsub.d ft9, fa6, fs10, fs4
core   0: 1 0x00000000800056d4 (0xa3a87ecb) f29 0x7ff8000000000000
core   0: 0x00000000800056d8 (0xc03174d3) fcvt.lu.s s1, ft2
core   0: 1 0x00000000800056d8 (0xc03174d3) c1_fflags 0x0000000000000012 x9  0xffffffffffffffff
core   0: 0x00000000800056dc (0xd23d72d3) fcvt.d.lu ft5, s10
core   0: 1 0x00000000800056dc (0xd23d72d3) c1_fflags 0x0000000000000013 f5  0x43f0000000000000
core   0: 0x00000000800056e0 (0x039cfcbb) remuw   s9, s9, s9
core   0: 1 0x00000000800056e0 (0x039cfcbb) x25 0x0000000000000000
core   0: 0x00000000800056e4 (0xc028f653) fcvt.l.s a2, fa7
core   0: 1 0x00000000800056e4 (0xc028f653) c1_fflags 0x0000000000000013 x12 0x7fffffffffffffff
core   0: 0x00000000800056e8 (0x00202773) csrrs   a4, frm, zero
core   0: 1 0x00000000800056e8 (0x00202773) x14 0x0000000000000000
core   0: 0x00000000800056ec (0x80024213) xori    tp, tp, -2048
core   0: 1 0x00000000800056ec (0x80024213) x4  0x7ff7fffffffff800
core   0: 0x00000000800056f0 (0x00b3ae33) slt     t3, t2, a1
core   0: 1 0x00000000800056f0 (0x00b3ae33) x28 0x0000000000000001
core   0: 0x00000000800056f4 (0x403a87b3) sub     a5, s5, gp
core   0: 1 0x00000000800056f4 (0x403a87b3) x15 0xfffffffffffff801
core   0: 0x00000000800056f8 (0x31386813) ori     a6, a6, 787
core   0: 1 0x00000000800056f8 (0x31386813) x16 0x000000000000031f
core   0: 0x00000000800056fc (0x4010f253) fcvt.s.d ft4, ft1
core   0: 1 0x00000000800056fc (0x4010f253) f4  0xffffffff7fc00000
core   0: 0x0000000080005700 (0x2b5a9853) fmax.d  fa6, fs5, fs5
core   0: 1 0x0000000080005700 (0x2b5a9853) f16 0xc1dd5a6000000000
core   0: 0x0000000080005704 (0x8003099b) addiw   s3, t1, -2048
core   0: 1 0x0000000080005704 (0x8003099b) x19 0xfffffffffffffb1d
core   0: 0x0000000080005708 (0xfeed3637) lui     a2, 0xfeed3
core   0: 1 0x0000000080005708 (0xfeed3637) x12 0xfffffffffeed3000
core   0: 0x000000008000570c (0x36d5bb93) sltiu   s7, a1, 877
core   0: 1 0x000000008000570c (0x36d5bb93) x23 0x0000000000000000
core   0: 0x0000000080005710 (0xcfa40293) addi    t0, s0, -774
core   0: 1 0x0000000080005710 (0xcfa40293) x5  0xfffffffffffffcfa
core   0: 0x0000000080005714 (0x40b08b3b) subw    s6, ra, a1
core   0: 1 0x0000000080005714 (0x40b08b3b) x22 0xfffffffffffff600
core   0: 0x0000000080005718 (0x026b4333) div     t1, s6, t1
core   0: 1 0x0000000080005718 (0x026b4333) x6  0xfffffffffffffffd
core   0: 0x000000008000571c (0x4232da93) srai    s5, t0, 35
core   0: 1 0x000000008000571c (0x4232da93) x21 0xffffffffffffffff
core   0: 0x0000000080005720 (0x01531333) sll     t1, t1, s5
core   0: 1 0x0000000080005720 (0x01531333) x6  0x8000000000000000
core   0: 0x0000000080005724 (0x415351b3) sra     gp, t1, s5
core   0: 1 0x0000000080005724 (0x415351b3) x3  0xffffffffffffffff
core   0: 0x0000000080005728 (0x0ff0000f) fence   iorw,iorw
core   0: 1 0x0000000080005728 (0x0ff0000f)
core   0: 0x000000008000572c (0x02bffed3) fadd.d  ft9, ft11, fa1
core   0: 1 0x000000008000572c (0x02bffed3) f29 0x7ff8000000000000
core   0: 0x0000000080005730 (0x037a1d13) slli    s10, s4, 55
core   0: 1 0x0000000080005730 (0x037a1d13) x26 0x8e80000000000000
core   0: 0x0000000080005734 (0x001a1a1b) slliw   s4, s4, 1
core   0: 1 0x0000000080005734 (0x001a1a1b) x20 0x000000000000063a
core   0: 0x0000000080005738 (0x40008abb) subw    s5, ra, zero
core   0: 1 0x0000000080005738 (0x40008abb) x21 0xffffffffffffffff
core   0: 0x000000008000573c (0xea4df347) fmsub.d ft6, fs11, ft4, ft9
core   0: 1 0x000000008000573c (0xea4df347) f6  0x7ff8000000000000
core   0: 0x0000000080005740 (0xfaaa0b9b) addiw   s7, s4, -86
core   0: 1 0x0000000080005740 (0xfaaa0b9b) x23 0x00000000000005e4
core   0: 0x0000000080005744 (0x3b2b9597) auipc   a1, 0x3b2b9
core   0: 1 0x0000000080005744 (0x3b2b9597) x11 0x00000000bb2be744
core   0: 0x0000000080005748 (0xebf7ffc7) fmsub.d ft11, fa5, ft11, ft9
core   0: 1 0x0000000080005748 (0xebf7ffc7) f31 0x7ff8000000000000
core   0: 0x000000008000574c (0x406dd71b) sraiw   a4, s11, 6
core   0: 1 0x000000008000574c (0x406dd71b) x14 0x0000000000000000
core   0: 0x0000000080005750 (0x02b1413b) divw    sp, sp, a1
core   0: 1 0x0000000080005750 (0x02b1413b) x2  0x0000000000000000
core   0: 0x0000000080005754 (0x00130393) addi    t2, t1, 1
core   0: 1 0x0000000080005754 (0x00130393) x7  0x8000000000000001
core   0: 0x0000000080005758 (0x00e756bb) srlw    a3, a4, a4
core   0: 1 0x0000000080005758 (0x00e756bb) x13 0x0000000000000000
core   0: 0x000000008000575c (0xd02ef853) fcvt.s.l fa6, t4
core   0: 1 0x000000008000575c (0xd02ef853) c1_fflags 0x0000000000000013 f16 0xffffffff5109573a
core   0: 0x0000000080005760 (0x02bdadb3) mulhsu  s11, s11, a1
core   0: 1 0x0000000080005760 (0x02bdadb3) x27 0x0000000000000000
core   0: 0x0000000080005764 (0x23e8a953) fsgnjx.d fs2, fa7, ft10
core   0: 1 0x0000000080005764 (0x23e8a953) f18 0xfff8000000000000
core   0: 0x0000000080005768 (0x3393734b) fnmsub.d ft6, ft6, fs9, ft6
core   0: 1 0x0000000080005768 (0x3393734b) f6  0x7ff8000000000000
core   0: 0x000000008000576c (0x02f2783b) remuw   a6, tp, a5
core   0: 1 0x000000008000576c (0x02f2783b) x16 0xfffffffffffff800
core   0: 0x0000000080005770 (0x401455b3) sra     a1, s0, ra
core   0: 1 0x0000000080005770 (0x401455b3) x11 0x0000000000000000
core   0: 0x0000000080005774 (0x00000001) c.nop
core   0: 1 0x0000000080005774 (0x0001)
core   0: 0x0000000080005776 (0x2bb60653) fmin.d  fa2, fa2, fs11
core   0: 1 0x0000000080005776 (0x2bb60653) f12 0x0000000000000000
core   0: 0x000000008000577a (0x02e73733) mulhu   a4, a4, a4
core   0: 1 0x000000008000577a (0x02e73733) x14 0x0000000000000000
core   0: 0x000000008000577e (0xfff26013) ori     zero, tp, -1
core   0: 1 0x000000008000577e (0xfff26013)
core   0: 0x0000000080005782 (0x410306b3) sub     a3, t1, a6
core   0: 1 0x0000000080005782 (0x410306b3) x13 0x8000000000000800
core   0: 0x0000000080005786 (0x03a425b3) mulhsu  a1, s0, s10
core   0: 1 0x0000000080005786 (0x03a425b3) x11 0x0000000000000000
core   0: 0x000000008000578a (0x01b1999b) slliw   s3, gp, 27
core   0: 1 0x000000008000578a (0x01b1999b) x19 0xfffffffff8000000
core   0: 0x000000008000578e (0xfff0851b) addiw   a0, ra, -1
core   0: 1 0x000000008000578e (0xfff0851b) x10 0xfffffffffffffffe
core   0: 0x0000000080005792 (0x4086d6bb) sraw    a3, a3, s0
core   0: 1 0x0000000080005792 (0x4086d6bb) x13 0x0000000000000800
core   0: 0x0000000080005796 (0x01a39bbb) sllw    s7, t2, s10
core   0: 1 0x0000000080005796 (0x01a39bbb) x23 0x0000000000000001
core   0: 0x000000008000579a (0xc20df7d3) fcvt.w.d a5, fs11
core   0: 1 0x000000008000579a (0xc20df7d3) x15 0x0000000000000000
core   0: 0x000000008000579e (0x00c2e533) or      a0, t0, a2
core   0: 1 0x000000008000579e (0x00c2e533) x10 0xfffffffffffffcfa
core   0: 0x00000000800057a2 (0x42060253) fcvt.d.s ft4, fa2
core   0: 1 0x00000000800057a2 (0x42060253) f4  0x7ff8000000000000
core   0: 0x00000000800057a6 (0x4010d093) srai    ra, ra, 1
core   0: 1 0x00000000800057a6 (0x4010d093) x1  0xffffffffffffffff
core   0: 0x00000000800057aa (0x0353033b) mulw    t1, t1, s5
core   0: 1 0x00000000800057aa (0x0353033b) x6  0x0000000000000000
core   0: 0x00000000800057ae (0x00000001) c.nop
core   0: 1 0x00000000800057ae (0x0001)
core   0: 0x00000000800057b0 (0x001496b3) sll     a3, s1, ra
core   0: 1 0x00000000800057b0 (0x001496b3) x13 0x8000000000000000
core   0: 0x00000000800057b4 (0x22691953) fsgnjn.d fs2, fs2, ft6
core   0: 1 0x00000000800057b4 (0x22691953) f18 0xfff8000000000000
core   0: 0x00000000800057b8 (0x002025f3) csrrs   a1, frm, zero
core   0: 1 0x00000000800057b8 (0x002025f3) x11 0x0000000000000000
core   0: 0x00000000800057bc (0x01768eb3) add     t4, a3, s7
core   0: 1 0x00000000800057bc (0x01768eb3) x29 0x8000000000000001
core   0: 0x00000000800057c0 (0xf1507b73) csrrci  s6, mconfigptr, 0
core   0: exception trap_illegal_instruction, epc 0x00000000800057c0
core   0:           tval 0x00000000f1507b73
core   0: >>>>  $xrv64i2p1_m2p0_a2p1_f2p2_d2p2_zicsr2p0_zifencei2p0_zmmul1p0_zba1p0_zbb1p0_zbc1p0_zbs1p0
core   0: 0x0000000080004000 (0x0080006f) j       pc + 0x8
core   0: 3 0x0000000080004000 (0x0080006f)
core   0: >>>>  mmode_exception_handler
core   0: 0x0000000080004008 (0x00002c17) auipc   s8, 0x2
core   0: 3 0x0000000080004008 (0x00002c17) x24 0x0000000080006008
core   0: 0x000000008000400c (0x09cc0c13) addi    s8, s8, 156
core   0: 3 0x000000008000400c (0x09cc0c13) x24 0x00000000800060a4
core   0: 0x0000000080004010 (0x000c00e7) jalr    s8
core   0: 3 0x0000000080004010 (0x000c00e7) x1  0x0000000080004014
core   0: >>>>  any_handler
core   0: 0x00000000800060a4 (0x341027f3) csrrs   a5, mepc, zero
core   0: 3 0x00000000800060a4 (0x341027f3) x15 0x00000000800057c0
core   0: 0x00000000800060a8 (0x34202773) csrrs   a4, mcause, zero
core   0: 3 0x00000000800060a8 (0x34202773) x14 0x0000000000000002
core   0: 0x00000000800060ac (0x142026f3) csrrs   a3, scause, zero
core   0: 3 0x00000000800060ac (0x142026f3) x13 0x0000000000000000
core   0: 0x00000000800060b0 (0x30402673) csrrs   a2, mie, zero
core   0: 3 0x00000000800060b0 (0x30402673) x12 0x0000000000000a00
core   0: 0x00000000800060b4 (0x344025f3) csrrs   a1, mip, zero
core   0: 3 0x00000000800060b4 (0x344025f3) x11 0x0000000000000080
core   0: 0x00000000800060b8 (0x343025f3) csrrs   a1, mtval, zero
core   0: 3 0x00000000800060b8 (0x343025f3) x11 0x00000000f1507b73
core   0: 0x00000000800060bc (0x14302573) csrrs   a0, stval, zero
core   0: 3 0x00000000800060bc (0x14302573) x10 0x000000000000001f
core   0: 0x00000000800060c0 (0xb02024f3) csrrs   s1, minstret, zero
core   0: 3 0x00000000800060c0 (0xb02024f3) x9  0x0000000000000f47
core   0: 0x00000000800060c4 (0x0000a811) c.j     pc + 20
core   0: 3 0x00000000800060c4 (0xa811)
core   0: >>>>  mepc_4
core   0: 0x00000000800060d8 (0x00000791) c.addi  a5, 4
core   0: 3 0x00000000800060d8 (0x0791) x15 0x00000000800057c4
core   0: 0x00000000800060da (0x34179073) csrrw   zero, mepc, a5
core   0: 3 0x00000000800060da (0x34179073) c833_mepc 0x00000000800057c4
core   0: 0x00000000800060de (0x30200073) mret
core   0: 3 0x00000000800060de (0x30200073) c768_mstatus 0x8000000a00106080
core   0: 0x00000000800057c4 (0x40a0d833) sra     a6, ra, a0
core   0: 1 0x00000000800057c4 (0x40a0d833) x16 0x0000000000000001
core   0: 0x00000000800057c8 (0x23502053) fsgnjx.d ft0, ft0, fs5
core   0: 1 0x00000000800057c8 (0x23502053) f0  0x7fffffff7fc00000
core   0: 0x00000000800057cc (0x002026f3) csrrs   a3, frm, zero
core   0: 1 0x00000000800057cc (0x002026f3) x13 0x0000000000000000
core   0: 0x00000000800057d0 (0x230f05d3) fsgnj.d fa1, ft10, fa6
core   0: 1 0x00000000800057d0 (0x230f05d3) f11 0xffffffff5f000800
core   0: 0x00000000800057d4 (0x40005e3b) sraw    t3, zero, zero
core   0: 1 0x00000000800057d4 (0x40005e3b) x28 0x0000000000000000
core   0: 0x00000000800057d8 (0x00109af3) csrrw   s5, fflags, ra
core   0: 1 0x00000000800057d8 (0x00109af3) x21 0x0000000000000013 c1_fflags 0x0000000000000014
core   0: 0x00000000800057dc (0x00000001) c.nop
core   0: 1 0x00000000800057dc (0x0001)
core   0: 0x00000000800057de (0x002011f3) csrrw   gp, frm, zero
core   0: 1 0x00000000800057de (0x002011f3) x3  0x0000000000000000 c2_frm 0x0000000000000000
core   0: 0x00000000800057e2 (0xc0423873) csrrc   a6, hpmcounter4, tp
core   0: exception trap_illegal_instruction, epc 0x00000000800057e2
core   0:           tval 0x00000000c0423873
core   0: >>>>  $xrv64i2p1_m2p0_a2p1_f2p2_d2p2_zicsr2p0_zifencei2p0_zmmul1p0_zba1p0_zbb1p0_zbc1p0_zbs1p0
core   0: 0x0000000080004000 (0x0080006f) j       pc + 0x8
core   0: 3 0x0000000080004000 (0x0080006f)
core   0: >>>>  mmode_exception_handler
core   0: 0x0000000080004008 (0x00002c17) auipc   s8, 0x2
core   0: 3 0x0000000080004008 (0x00002c17) x24 0x0000000080006008
core   0: 0x000000008000400c (0x09cc0c13) addi    s8, s8, 156
core   0: 3 0x000000008000400c (0x09cc0c13) x24 0x00000000800060a4
core   0: 0x0000000080004010 (0x000c00e7) jalr    s8
core   0: 3 0x0000000080004010 (0x000c00e7) x1  0x0000000080004014
core   0: >>>>  any_handler
core   0: 0x00000000800060a4 (0x341027f3) csrrs   a5, mepc, zero
core   0: 3 0x00000000800060a4 (0x341027f3) x15 0x00000000800057e2
core   0: 0x00000000800060a8 (0x34202773) csrrs   a4, mcause, zero
core   0: 3 0x00000000800060a8 (0x34202773) x14 0x0000000000000002
core   0: 0x00000000800060ac (0x142026f3) csrrs   a3, scause, zero
core   0: 3 0x00000000800060ac (0x142026f3) x13 0x0000000000000000
core   0: 0x00000000800060b0 (0x30402673) csrrs   a2, mie, zero
core   0: 3 0x00000000800060b0 (0x30402673) x12 0x0000000000000a00
core   0: 0x00000000800060b4 (0x344025f3) csrrs   a1, mip, zero
core   0: 3 0x00000000800060b4 (0x344025f3) x11 0x0000000000000080
core   0: 0x00000000800060b8 (0x343025f3) csrrs   a1, mtval, zero
core   0: 3 0x00000000800060b8 (0x343025f3) x11 0x00000000c0423873
core   0: 0x00000000800060bc (0x14302573) csrrs   a0, stval, zero
core   0: 3 0x00000000800060bc (0x14302573) x10 0x000000000000001f
core   0: 0x00000000800060c0 (0xb02024f3) csrrs   s1, minstret, zero
core   0: 3 0x00000000800060c0 (0xb02024f3) x9  0x0000000000000f5f
core   0: 0x00000000800060c4 (0x0000a811) c.j     pc + 20
core   0: 3 0x00000000800060c4 (0xa811)
core   0: >>>>  mepc_4
core   0: 0x00000000800060d8 (0x00000791) c.addi  a5, 4
core   0: 3 0x00000000800060d8 (0x0791) x15 0x00000000800057e6
core   0: 0x00000000800060da (0x34179073) csrrw   zero, mepc, a5
core   0: 3 0x00000000800060da (0x34179073) c833_mepc 0x00000000800057e6
core   0: 0x00000000800060de (0x30200073) mret
core   0: 3 0x00000000800060de (0x30200073) c768_mstatus 0x8000000a00106080
core   0: 0x00000000800057e6 (0x00000001) c.nop
core   0: 1 0x00000000800057e6 (0x0001)
core   0: 0x00000000800057e8 (0x022a643b) remw    s0, s4, sp
core   0: 1 0x00000000800057e8 (0x022a643b) x8  0x000000000000063a
core   0: 0x00000000800057ec (0x00102b73) csrrs   s6, fflags, zero
core   0: 1 0x00000000800057ec (0x00102b73) x22 0x0000000000000014
core   0: 0x00000000800057f0 (0xc8047df3) csrrci  s11, cycleh, 8
core   0: exception trap_illegal_instruction, epc 0x00000000800057f0
core   0:           tval 0x00000000c8047df3
core   0: >>>>  $xrv64i2p1_m2p0_a2p1_f2p2_d2p2_zicsr2p0_zifencei2p0_zmmul1p0_zba1p0_zbb1p0_zbc1p0_zbs1p0
core   0: 0x0000000080004000 (0x0080006f) j       pc + 0x8
core   0: 3 0x0000000080004000 (0x0080006f)
core   0: >>>>  mmode_exception_handler
core   0: 0x0000000080004008 (0x00002c17) auipc   s8, 0x2
core   0: 3 0x0000000080004008 (0x00002c17) x24 0x0000000080006008
core   0: 0x000000008000400c (0x09cc0c13) addi    s8, s8, 156
core   0: 3 0x000000008000400c (0x09cc0c13) x24 0x00000000800060a4
core   0: 0x0000000080004010 (0x000c00e7) jalr    s8
core   0: 3 0x0000000080004010 (0x000c00e7) x1  0x0000000080004014
core   0: >>>>  any_handler
core   0: 0x00000000800060a4 (0x341027f3) csrrs   a5, mepc, zero
core   0: 3 0x00000000800060a4 (0x341027f3) x15 0x00000000800057f0
core   0: 0x00000000800060a8 (0x34202773) csrrs   a4, mcause, zero
core   0: 3 0x00000000800060a8 (0x34202773) x14 0x0000000000000002
core   0: 0x00000000800060ac (0x142026f3) csrrs   a3, scause, zero
core   0: 3 0x00000000800060ac (0x142026f3) x13 0x0000000000000000
core   0: 0x00000000800060b0 (0x30402673) csrrs   a2, mie, zero
core   0: 3 0x00000000800060b0 (0x30402673) x12 0x0000000000000a00
core   0: 0x00000000800060b4 (0x344025f3) csrrs   a1, mip, zero
core   0: 3 0x00000000800060b4 (0x344025f3) x11 0x0000000000000080
core   0: 0x00000000800060b8 (0x343025f3) csrrs   a1, mtval, zero
core   0: 3 0x00000000800060b8 (0x343025f3) x11 0x00000000c8047df3
core   0: 0x00000000800060bc (0x14302573) csrrs   a0, stval, zero
core   0: 3 0x00000000800060bc (0x14302573) x10 0x000000000000001f
core   0: 0x00000000800060c0 (0xb02024f3) csrrs   s1, minstret, zero
core   0: 3 0x00000000800060c0 (0xb02024f3) x9  0x0000000000000f72
core   0: 0x00000000800060c4 (0x0000a811) c.j     pc + 20
core   0: 3 0x00000000800060c4 (0xa811)
core   0: >>>>  mepc_4
core   0: 0x00000000800060d8 (0x00000791) c.addi  a5, 4
core   0: 3 0x00000000800060d8 (0x0791) x15 0x00000000800057f4
core   0: 0x00000000800060da (0x34179073) csrrw   zero, mepc, a5
core   0: 3 0x00000000800060da (0x34179073) c833_mepc 0x00000000800057f4
core   0: 0x00000000800060de (0x30200073) mret
core   0: 3 0x00000000800060de (0x30200073) c768_mstatus 0x8000000a00106080
core   0: 0x00000000800057f4 (0x002898f3) csrrw   a7, frm, a7
core   0: 1 0x00000000800057f4 (0x002898f3) x17 0x0000000000000000 c2_frm 0x0000000000000000
core   0: 0x00000000800057f8 (0x01518c33) add     s8, gp, s5
core   0: 1 0x00000000800057f8 (0x01518c33) x24 0x0000000000000013
core   0: 0x00000000800057fc (0xe2067bc7) fmsub.d fs7, fa2, ft0, ft8
core   0: 1 0x00000000800057fc (0xe2067bc7) f23 0x7ff8000000000000
core   0: 0x0000000080005800 (0x42070e53) fcvt.d.s ft8, fa4
core   0: 1 0x0000000080005800 (0x42070e53) f28 0xbff0000000000000
core   0: 0x0000000080005804 (0xd23873d3) fcvt.d.lu ft7, a6
core   0: 1 0x0000000080005804 (0xd23873d3) f7  0x3ff0000000000000
core   0: 0x0000000080005808 (0x0092543b) srlw    s0, tp, s1
core   0: 1 0x0000000080005808 (0x0092543b) x8  0x0000000000003fff
core   0: 0x000000008000580c (0xf20e00d3) fmv.d.x ft1, t3
core   0: 1 0x000000008000580c (0xf20e00d3) f1  0x0000000000000000
core   0: 0x0000000080005810 (0x00202073) csrrs   zero, frm, zero
core   0: 1 0x0000000080005810 (0x00202073)
core   0: 0x0000000080005814 (0x02d4dbb3) divu    s7, s1, a3
core   0: 1 0x0000000080005814 (0x02d4dbb3) x23 0xffffffffffffffff
core   0: 0x0000000080005818 (0x0197199b) slliw   s3, a4, 25
core   0: 1 0x0000000080005818 (0x0197199b) x19 0x0000000004000000
core   0: 0x000000008000581c (0x0ff0000f) fence   iorw,iorw
core   0: 1 0x000000008000581c (0x0ff0000f)
core   0: 0x0000000080005820 (0x013c92b3) sll     t0, s9, s3
core   0: 1 0x0000000080005820 (0x013c92b3) x5  0x0000000000000000
core   0: 0x0000000080005824 (0xc2147153) fcvt.wu.d sp, fs0
core   0: 1 0x0000000080005824 (0xc2147153) c1_fflags 0x0000000000000014 x2  0xffffffffffffffff
core   0: 0x0000000080005828 (0x00029c9b) slliw   s9, t0, 0
core   0: 1 0x0000000080005828 (0x00029c9b) x25 0x0000000000000000
core   0: 0x000000008000582c (0x031d5313) srli    t1, s10, 49
core   0: 1 0x000000008000582c (0x031d5313) x6  0x0000000000004740
core   0: 0x0000000080005830 (0x23d3aed3) fsgnjx.d ft9, ft7, ft9
core   0: 1 0x0000000080005830 (0x23d3aed3) f29 0x3ff0000000000000
core   0: 0x0000000080005834 (0xc20870d3) fcvt.w.d ra, fa6
core   0: 1 0x0000000080005834 (0xc20870d3) c1_fflags 0x0000000000000014 x1  0x000000007fffffff
core   0: 0x0000000080005838 (0x0121519b) srliw   gp, sp, 18
core   0: 1 0x0000000080005838 (0x0121519b) x3  0x0000000000003fff
core   0: 0x000000008000583c (0x00d2d2b3) srl     t0, t0, a3
core   0: 1 0x000000008000583c (0x00d2d2b3) x5  0x0000000000000000
core   0: 0x0000000080005840 (0x039b1db3) mulh    s11, s6, s9
core   0: 1 0x0000000080005840 (0x039b1db3) x27 0x0000000000000000
core   0: 0x0000000080005844 (0x9b57fc13) andi    s8, a5, -1611
core   0: 1 0x0000000080005844 (0x9b57fc13) x24 0x00000000800051b4
core   0: 0x0000000080005848 (0x12416113) ori     sp, sp, 292
core   0: 1 0x0000000080005848 (0x12416113) x2  0xffffffffffffffff
core   0: 0x000000008000584c (0x2adf1853) fmax.d  fa6, ft10, fa3
core   0: 1 0x000000008000584c (0x2adf1853) f16 0x43effffffff8b200
core   0: 0x0000000080005850 (0x2a281153) fmax.d  ft2, fa6, ft2
core   0: 1 0x0000000080005850 (0x2a281153) f2  0x43effffffff8b200
core   0: 0x0000000080005854 (0xd2217a53) fcvt.d.l fs4, sp
core   0: 1 0x0000000080005854 (0xd2217a53) f20 0xbff0000000000000
core   0: 0x0000000080005858 (0x02d84833) div     a6, a6, a3
core   0: 1 0x0000000080005858 (0x02d84833) x16 0xffffffffffffffff
core   0: 0x000000008000585c (0xd23870d3) fcvt.d.lu ft1, a6
core   0: 1 0x000000008000585c (0xd23870d3) c1_fflags 0x0000000000000015 f1  0x43f0000000000000
core   0: 0x0000000080005860 (0x0011039b) addiw   t2, sp, 1
core   0: 1 0x0000000080005860 (0x0011039b) x7  0x0000000000000000
core   0: 0x0000000080005864 (0x22b12053) fsgnjx.d ft0, ft2, fa1
core   0: 1 0x0000000080005864 (0x22b12053) f0  0xc3effffffff8b200
core   0: 0x0000000080005868 (0x7ff34313) xori    t1, t1, 2047
core   0: 1 0x0000000080005868 (0x7ff34313) x6  0x00000000000040bf
core   0: 0x000000008000586c (0x026d2db3) mulhsu  s11, s10, t1
core   0: 1 0x000000008000586c (0x026d2db3) x27 0xffffffffffffe34b
core   0: 0x0000000080005870 (0x00034793) xori    a5, t1, 0
core   0: 1 0x0000000080005870 (0x00034793) x15 0x00000000000040bf
core   0: 0x0000000080005874 (0x00946c33) or      s8, s0, s1
core   0: 1 0x0000000080005874 (0x00946c33) x24 0x0000000000003fff
core   0: 0x0000000080005878 (0x00008ec9) c.or    a3, a0
core   0: 1 0x0000000080005878 (0x8ec9) x13 0x000000000000001f
core   0: 0x000000008000587a (0xfb768913) addi    s2, a3, -73
core   0: 1 0x000000008000587a (0xfb768913) x18 0xffffffffffffffd6
core   0: 0x000000008000587e (0x03239b33) mulh    s6, t2, s2
core   0: 1 0x000000008000587e (0x03239b33) x22 0x0000000000000000
core   0: 0x0000000080005882 (0x40848033) sub     zero, s1, s0
core   0: 1 0x0000000080005882 (0x40848033)
core   0: 0x0000000080005886 (0x02878333) mul     t1, a5, s0
core   0: 1 0x0000000080005886 (0x02878333) x6  0x00000000102f7f41
core   0: 0x000000008000588a (0x00b36c33) or      s8, t1, a1
core   0: 1 0x000000008000588a (0x00b36c33) x24 0x00000000d82f7ff3
core   0: 0x000000008000588e (0xfff1fb13) andi    s6, gp, -1
core   0: 1 0x000000008000588e (0xfff1fb13) x22 0x0000000000003fff
core   0: 0x0000000080005892 (0x000c171b) slliw   a4, s8, 0
core   0: 1 0x0000000080005892 (0x000c171b) x14 0xffffffffd82f7ff3
core   0: 0x0000000080005896 (0x40075813) srai    a6, a4, 0
core   0: 1 0x0000000080005896 (0x40075813) x16 0xffffffffd82f7ff3
core   0: 0x000000008000589a (0x001ada9b) srliw   s5, s5, 1
core   0: 1 0x000000008000589a (0x001ada9b) x21 0x0000000000000009
core   0: 0x000000008000589e (0x5a0dfdd3) fsqrt.d fs11, fs11
core   0: 1 0x000000008000589e (0x5a0dfdd3) f27 0x0000000000000000
core   0: 0x00000000800058a2 (0x0156fb33) and     s6, a3, s5
core   0: 1 0x00000000800058a2 (0x0156fb33) x22 0x0000000000000009
core   0: 0x00000000800058a6 (0x01e69c13) slli    s8, a3, 30
core   0: 1 0x00000000800058a6 (0x01e69c13) x24 0x00000007c0000000
core   0: 0x00000000800058aa (0x42707a4b) fnmsub.d fs4, ft0, ft7, fs0
core   0: 1 0x00000000800058aa (0x42707a4b) f20 0x7ff8000000000000
core   0: 0x00000000800058ae (0x0ff0000f) fence   iorw,iorw
core   0: 1 0x00000000800058ae (0x0ff0000f)
core   0: 0x00000000800058b2 (0x026a1db3) mulh    s11, s4, t1
core   0: 1 0x00000000800058b2 (0x026a1db3) x27 0x0000000000000000
core   0: 0x00000000800058b6 (0x006d83b3) add     t2, s11, t1
core   0: 1 0x00000000800058b6 (0x006d83b3) x7  0x00000000102f7f41
core   0: 0x00000000800058ba (0x0bdf7753) fsub.d  fa4, ft10, ft9
core   0: 1 0x00000000800058ba (0x0bdf7753) f14 0x7ff8000000000000
core   0: 0x00000000800058be (0xd2030453) fcvt.d.w fs0, t1
core   0: 1 0x00000000800058be (0xd2030453) f8  0x41b02f7f41000000
core   0: 0x00000000800058c2 (0xd2387653) fcvt.d.lu fa2, a6
core   0: 1 0x00000000800058c2 (0xd2387653) c1_fflags 0x0000000000000015 f12 0x43effffffffb05f0
core   0: 0x00000000800058c6 (0x540a0a1b) addiw   s4, s4, 1344
core   0: 1 0x00000000800058c6 (0x540a0a1b) x20 0x0000000000000b7a
core   0: 0x00000000800058ca (0xc0105e73) csrrwi  t3, time, 0
core   0: exception trap_illegal_instruction, epc 0x00000000800058ca
core   0:           tval 0x00000000c0105e73
core   0: >>>>  $xrv64i2p1_m2p0_a2p1_f2p2_d2p2_zicsr2p0_zifencei2p0_zmmul1p0_zba1p0_zbb1p0_zbc1p0_zbs1p0
core   0: 0x0000000080004000 (0x0080006f) j       pc + 0x8
core   0: 3 0x0000000080004000 (0x0080006f)
core   0: >>>>  mmode_exception_handler
core   0: 0x0000000080004008 (0x00002c17) auipc   s8, 0x2
core   0: 3 0x0000000080004008 (0x00002c17) x24 0x0000000080006008
core   0: 0x000000008000400c (0x09cc0c13) addi    s8, s8, 156
core   0: 3 0x000000008000400c (0x09cc0c13) x24 0x00000000800060a4
core   0: 0x0000000080004010 (0x000c00e7) jalr    s8
core   0: 3 0x0000000080004010 (0x000c00e7) x1  0x0000000080004014
core   0: >>>>  any_handler
core   0: 0x00000000800060a4 (0x341027f3) csrrs   a5, mepc, zero
core   0: 3 0x00000000800060a4 (0x341027f3) x15 0x00000000800058ca
core   0: 0x00000000800060a8 (0x34202773) csrrs   a4, mcause, zero
core   0: 3 0x00000000800060a8 (0x34202773) x14 0x0000000000000002
core   0: 0x00000000800060ac (0x142026f3) csrrs   a3, scause, zero
core   0: 3 0x00000000800060ac (0x142026f3) x13 0x0000000000000000
core   0: 0x00000000800060b0 (0x30402673) csrrs   a2, mie, zero
core   0: 3 0x00000000800060b0 (0x30402673) x12 0x0000000000000a00
core   0: 0x00000000800060b4 (0x344025f3) csrrs   a1, mip, zero
core   0: 3 0x00000000800060b4 (0x344025f3) x11 0x0000000000000080
core   0: 0x00000000800060b8 (0x343025f3) csrrs   a1, mtval, zero
core   0: 3 0x00000000800060b8 (0x343025f3) x11 0x00000000c0105e73
core   0: 0x00000000800060bc (0x14302573) csrrs   a0, stval, zero
core   0: 3 0x00000000800060bc (0x14302573) x10 0x000000000000001f
core   0: 0x00000000800060c0 (0xb02024f3) csrrs   s1, minstret, zero
core   0: 3 0x00000000800060c0 (0xb02024f3) x9  0x0000000000000fb8
core   0: 0x00000000800060c4 (0x0000a811) c.j     pc + 20
core   0: 3 0x00000000800060c4 (0xa811)
core   0: >>>>  mepc_4
core   0: 0x00000000800060d8 (0x00000791) c.addi  a5, 4
core   0: 3 0x00000000800060d8 (0x0791) x15 0x00000000800058ce
core   0: 0x00000000800060da (0x34179073) csrrw   zero, mepc, a5
core   0: 3 0x00000000800060da (0x34179073) c833_mepc 0x00000000800058ce
core   0: 0x00000000800060de (0x30200073) mret
core   0: 3 0x00000000800060de (0x30200073) c768_mstatus 0x8000000a00106080
core   0: 0x00000000800058ce (0x0ac5f553) fsub.d  fa0, fa1, fa2
core   0: 1 0x00000000800058ce (0x0ac5f553) f10 0x7ff8000000000000
core   0: 0x00000000800058d2 (0x23f512d3) fsgnjn.d ft5, fa0, ft11
core   0: 1 0x00000000800058d2 (0x23f512d3) f5  0xfff8000000000000
core   0: 0x00000000800058d6 (0x00da24b3) slt     s1, s4, a3
core   0: 1 0x00000000800058d6 (0x00da24b3) x9  0x0000000000000000
core   0: 0x00000000800058da (0x03080bb3) mul     s7, a6, a6
core   0: 1 0x00000000800058da (0x03080bb3) x23 0x063130d44b2d00a9
core   0: 0x00000000800058de (0xc22677d3) fcvt.l.d a5, fa2
core   0: 1 0x00000000800058de (0xc22677d3) c1_fflags 0x0000000000000015 x15 0x7fffffffffffffff
core   0: 0x00000000800058e2 (0x2bfa1a53) fmax.d  fs4, fs4, ft11
core   0: 1 0x00000000800058e2 (0x2bfa1a53) f20 0x7ff8000000000000
core   0: 0x00000000800058e6 (0x01a31233) sll     tp, t1, s10
core   0: 1 0x00000000800058e6 (0x01a31233) x4  0x00000000102f7f41
core   0: 0x00000000800058ea (0x22a22453) fsgnjx.d fs0, ft4, fa0
core   0: 1 0x00000000800058ea (0x22a22453) f8  0x7ff8000000000000
core   0: 0x00000000800058ee (0x03c292b3) mulh    t0, t0, t3
core   0: 1 0x00000000800058ee (0x03c292b3) x5  0x0000000000000000
core   0: 0x00000000800058f2 (0x000c5c1b) srliw   s8, s8, 0
core   0: 1 0x00000000800058f2 (0x000c5c1b) x24 0xffffffff800060a4
core   0: 0x00000000800058f6 (0x01811133) sll     sp, sp, s8
core   0: 1 0x00000000800058f6 (0x01811133) x2  0xfffffff000000000
core   0: 0x00000000800058fa (0xa2be0e53) fle.d   t3, ft8, fa1
core   0: 1 0x00000000800058fa (0xa2be0e53) c1_fflags 0x0000000000000015 x28 0x0000000000000000
core   0: 0x00000000800058fe (0x41625493) srai    s1, tp, 22
core   0: 1 0x00000000800058fe (0x41625493) x9  0x0000000000000040
core   0: 0x0000000080005902 (0x0a8d7d53) fsub.d  fs10, fs10, fs0
core   0: 1 0x0000000080005902 (0x0a8d7d53) f26 0x7ff8000000000000
core   0: 0x0000000080005906 (0x00738bbb) addw    s7, t2, t2
core   0: 1 0x0000000080005906 (0x00738bbb) x23 0x00000000205efe82
core   0: 0x000000008000590a (0x0013c213) xori    tp, t2, 1
core   0: 1 0x000000008000590a (0x0013c213) x4  0x00000000102f7f40
core   0: 0x000000008000590e (0xd30e7513) andi    a0, t3, -720
core   0: 1 0x000000008000590e (0xd30e7513) x10 0x0000000000000000
core   0: 0x0000000080005912 (0x02a4be33) mulhu   t3, s1, a0
core   0: 1 0x0000000080005912 (0x02a4be33) x28 0x0000000000000000
core   0: 0x0000000080005916 (0x021109bb) mulw    s3, sp, ra
core   0: 1 0x0000000080005916 (0x021109bb) x19 0x0000000000000000
core   0: 0x000000008000591a (0x8c40c793) xori    a5, ra, -1852
core   0: 1 0x000000008000591a (0x8c40c793) x15 0xffffffff7fffb8d0
core   0: 0x000000008000591e (0xd21983d3) fcvt.d.wu ft7, s3
core   0: 1 0x000000008000591e (0xd21983d3) f7  0x0000000000000000
core   0: 0x0000000080005922 (0x006984bb) addw    s1, s3, t1
core   0: 1 0x0000000080005922 (0x006984bb) x9  0x00000000102f7f41
core   0: 0x0000000080005926 (0x03248533) mul     a0, s1, s2
core   0: 1 0x0000000080005926 (0x03248533) x10 0xfffffffd58351f56
core   0: 0x000000008000592a (0xf9278d9b) addiw   s11, a5, -110
core   0: 1 0x000000008000592a (0xf9278d9b) x27 0x000000007fffb862
core   0: 0x000000008000592e (0x40ab8033) sub     zero, s7, a0
core   0: 1 0x000000008000592e (0x40ab8033)
core   0: 0x0000000080005932 (0x00d95eb3) srl     t4, s2, a3
core   0: 1 0x0000000080005932 (0x00d95eb3) x29 0xffffffffffffffd6
core   0: 0x0000000080005936 (0x01d6561b) srliw   a2, a2, 29
core   0: 1 0x0000000080005936 (0x01d6561b) x12 0x0000000000000000
core   0: 0x000000008000593a (0x037bc23b) divw    tp, s7, s7
core   0: 1 0x000000008000593a (0x037bc23b) x4  0x0000000000000001
core   0: 0x000000008000593e (0x2379724f) fnmadd.d ft4, fs2, fs7, ft4
core   0: 1 0x000000008000593e (0x2379724f) f4  0x7ff8000000000000
core   0: 0x0000000080005942 (0x0b487a53) fsub.d  fs4, fa6, fs4
core   0: 1 0x0000000080005942 (0x0b487a53) f20 0x7ff8000000000000
core   0: 0x0000000080005946 (0x800afb93) andi    s7, s5, -2048
core   0: 1 0x0000000080005946 (0x800afb93) x23 0x0000000000000000
core   0: 0x000000008000594a (0x004bd83b) srlw    a6, s7, tp
core   0: 1 0x000000008000594a (0x004bd83b) x16 0x0000000000000000
core   0: 0x000000008000594e (0x0017599b) srliw   s3, a4, 1
core   0: 1 0x000000008000594e (0x0017599b) x19 0x0000000000000001
core   0: 0x0000000080005952 (0x02ec843b) mulw    s0, s9, a4
core   0: 1 0x0000000080005952 (0x02ec843b) x8  0x0000000000000000
core   0: 0x0000000080005956 (0x41fa5a9b) sraiw   s5, s4, 31
core   0: 1 0x0000000080005956 (0x41fa5a9b) x21 0x0000000000000000
core   0: 0x000000008000595a (0x00d6813b) addw    sp, a3, a3
core   0: 1 0x000000008000595a (0x00d6813b) x2  0x0000000000000000
core   0: 0x000000008000595e (0xa39f78c3) fmadd.d fa7, ft10, fs9, fs4
core   0: 1 0x000000008000595e (0xa39f78c3) f17 0x7ff8000000000000
core   0: 0x0000000080005962 (0x12ccf653) fmul.d  fa2, fs9, fa2
core   0: 1 0x0000000080005962 (0x12ccf653) f12 0x0000000000000000
core   0: 0x0000000080005966 (0x2b8d0d53) fmin.d  fs10, fs10, fs8
core   0: 1 0x0000000080005966 (0x2b8d0d53) f26 0x4080080000000000
core   0: 0x000000008000596a (0x002c1b73) csrrw   s6, frm, s8
core   0: 1 0x000000008000596a (0x002c1b73) x22 0x0000000000000000 c2_frm 0x0000000000000004
core   0: 0x000000008000596e (0xa39c8ed3) fle.d   t4, fs9, fs9
core   0: 1 0x000000008000596e (0xa39c8ed3) x29 0x0000000000000001
core   0: 0x0000000080005972 (0x7ffef513) andi    a0, t4, 2047
core   0: 1 0x0000000080005972 (0x7ffef513) x10 0x0000000000000001
core   0: 0x0000000080005976 (0xc20077d3) fcvt.w.d a5, ft0
core   0: 1 0x0000000080005976 (0xc20077d3) c1_fflags 0x0000000000000015 x15 0xffffffff80000000
core   0: 0x000000008000597a (0x0219b233) mulhu   tp, s3, ra
core   0: 1 0x000000008000597a (0x0219b233) x4  0x0000000000000000
core   0: 0x000000008000597e (0xfe03e0b7) lui     ra, 0xfe03e
core   0: 1 0x000000008000597e (0xfe03e0b7) x1  0xfffffffffe03e000
core   0: 0x0000000080005982 (0xd0d0809b) addiw   ra, ra, -755
core   0: 1 0x0000000080005982 (0xd0d0809b) x1  0xfffffffffe03dd0d
core   0: 0x0000000080005986 (0x000000ba) c.slli  ra, 14
core   0: 1 0x0000000080005986 (0x00ba) x1  0xffffff80f7434000
core   0: 0x0000000080005988 (0xebf08093) addi    ra, ra, -321
core   0: 1 0x0000000080005988 (0xebf08093) x1  0xffffff80f7433ebf
core   0: 0x000000008000598c (0x7ffe869b) addiw   a3, t4, 2047
core   0: 1 0x000000008000598c (0x7ffe869b) x13 0x0000000000000800
core   0: 0x0000000080005990 (0x00d37333) and     t1, t1, a3
core   0: 1 0x0000000080005990 (0x00d37333) x6  0x0000000000000800
core   0: 0x0000000080005994 (0x00035513) srli    a0, t1, 0
core   0: 1 0x0000000080005994 (0x00035513) x10 0x0000000000000800
core   0: 0x0000000080005998 (0x09b8889b) addiw   a7, a7, 155
core   0: 1 0x0000000080005998 (0x09b8889b) x17 0x000000000000009b
core   0: 0x000000008000599c (0xd22aff53) fcvt.d.l ft10, s5
core   0: 1 0x000000008000599c (0xd22aff53) f30 0x0000000000000000
core   0: 0x00000000800059a0 (0xc2107353) fcvt.wu.d t1, ft0
core   0: 1 0x00000000800059a0 (0xc2107353) c1_fflags 0x0000000000000015 x6  0x0000000000000000
core   0: 0x00000000800059a4 (0x002393f3) csrrw   t2, frm, t2
core   0: 1 0x00000000800059a4 (0x002393f3) x7  0x0000000000000004 c2_frm 0x0000000000000001
core   0: 0x00000000800059a8 (0x03e6f6d3) fadd.d  fa3, fa3, ft10
core   0: 1 0x00000000800059a8 (0x03e6f6d3) f13 0x43effffffff8b200
core   0: 0x00000000800059ac (0x413352b3) sra     t0, t1, s3
core   0: 1 0x00000000800059ac (0x413352b3) x5  0x0000000000000000
core   0: 0x00000000800059b0 (0x43b95713) srai    a4, s2, 59
core   0: 1 0x00000000800059b0 (0x43b95713) x14 0xffffffffffffffff
core   0: 0x00000000800059b4 (0x02d04133) div     sp, zero, a3
core   0: 1 0x00000000800059b4 (0x02d04133) x2  0x0000000000000000
core   0: 0x00000000800059b8 (0xc28af243) fmadd.d ft4, fs5, fs0, fs8
core   0: 1 0x00000000800059b8 (0xc28af243) f4  0x7ff8000000000000
core   0: 0x00000000800059bc (0x007eacb3) slt     s9, t4, t2
core   0: 1 0x00000000800059bc (0x007eacb3) x25 0x0000000000000001
core   0: 0x00000000800059c0 (0x417ed33b) sraw    t1, t4, s7
core   0: 1 0x00000000800059c0 (0x417ed33b) x6  0x0000000000000001
core   0: 0x00000000800059c4 (0x94876497) auipc   s1, 0x94876
core   0: 1 0x00000000800059c4 (0x94876497) x9  0x000000001487b9c4
core   0: 0x00000000800059c8 (0xc2a2fe43) fmadd.d ft8, ft5, fa0, fs8
core   0: 1 0x00000000800059c8 (0xc2a2fe43) f28 0x7ff8000000000000
core   0: 0x00000000800059cc (0x00237ab7) lui     s5, 0x237
core   0: 1 0x00000000800059cc (0x00237ab7) x21 0x0000000000237000
core   0: 0x00000000800059d0 (0x953a8a9b) addiw   s5, s5, -1709
core   0: 1 0x00000000800059d0 (0x953a8a9b) x21 0x0000000000236953
core   0: 0x00000000800059d4 (0x00000aba) c.slli  s5, 14
core   0: 1 0x00000000800059d4 (0x0aba) x21 0x00000008da54c000
core   0: 0x00000000800059d6 (0x44fa8a93) addi    s5, s5, 1103
core   0: 1 0x00000000800059d6 (0x44fa8a93) x21 0x00000008da54c44f
core   0: 0x00000000800059da (0x0265533b) divuw   t1, a0, t1
core   0: 1 0x00000000800059da (0x0265533b) x6  0x0000000000000800
core   0: 0x00000000800059de (0x23c517d3) fsgnjn.d fa5, fa0, ft8
core   0: 1 0x00000000800059de (0x23c517d3) f15 0xfff8000000000000
core   0: 0x00000000800059e2 (0x01fada9b) srliw   s5, s5, 31
core   0: 1 0x00000000800059e2 (0x01fada9b) x21 0x0000000000000001
core   0: 0x00000000800059e6 (0xc2227053) fcvt.l.d zero, ft4
core   0: 1 0x00000000800059e6 (0xc2227053) c1_fflags 0x0000000000000015
core   0: 0x00000000800059ea (0x02c1513b) divuw   sp, sp, a2
core   0: 1 0x00000000800059ea (0x02c1513b) x2  0xffffffffffffffff
core   0: 0x00000000800059ee (0x1b0b7f53) fdiv.d  ft10, fs6, fa6
core   0: 1 0x00000000800059ee (0x1b0b7f53) f30 0x7ff8000000000000
core   0: 0x00000000800059f2 (0x000097be) c.add   a5, a5
core   0: 1 0x00000000800059f2 (0x97be) x15 0xffffffff00000000
core   0: 0x00000000800059f4 (0x22378b53) fsgnj.d fs6, fa5, ft3
core   0: 1 0x00000000800059f4 (0x22378b53) f22 0x7ff8000000000000
core   0: 0x00000000800059f8 (0xc0357cd3) fcvt.lu.s s9, fa0
core   0: 1 0x00000000800059f8 (0xc0357cd3) c1_fflags 0x0000000000000015 x25 0xffffffffffffffff
core   0: 0x00000000800059fc (0x0168ddbb) srlw    s11, a7, s6
core   0: 1 0x00000000800059fc (0x0168ddbb) x27 0x000000000000009b
core   0: 0x0000000080005a00 (0xc232f553) fcvt.lu.d a0, ft5
core   0: 1 0x0000000080005a00 (0xc232f553) c1_fflags 0x0000000000000015 x10 0xffffffffffffffff
core   0: 0x0000000080005a04 (0x225f1a53) fsgnjn.d fs4, ft10, ft5
core   0: 1 0x0000000080005a04 (0x225f1a53) f20 0x7ff8000000000000
core   0: 0x0000000080005a08 (0xd02cf753) fcvt.s.l fa4, s9
core   0: 1 0x0000000080005a08 (0xd02cf753) f14 0xffffffffbf800000
core   0: 0x0000000080005a0c (0x001290bb) sllw    ra, t0, ra
core   0: 1 0x0000000080005a0c (0x001290bb) x1  0x0000000000000000
core   0: 0x0000000080005a10 (0x0ff0000f) fence   iorw,iorw
core   0: 1 0x0000000080005a10 (0x0ff0000f)
core   0: 0x0000000080005a14 (0x038470bb) remuw   ra, s0, s8
core   0: 1 0x0000000080005a14 (0x038470bb) x1  0x0000000000000000
core   0: 0x0000000080005a18 (0xd2247053) fcvt.d.l ft0, s0
core   0: 1 0x0000000080005a18 (0xd2247053) f0  0x0000000000000000
core   0: 0x0000000080005a1c (0x40108433) sub     s0, ra, ra
core   0: 1 0x0000000080005a1c (0x40108433) x8  0x0000000000000000
core   0: 0x0000000080005a20 (0x0008d81b) srliw   a6, a7, 0
core   0: 1 0x0000000080005a20 (0x0008d81b) x16 0x000000000000009b
core   0: 0x0000000080005a24 (0x0240c03b) divw    zero, ra, tp
core   0: 1 0x0000000080005a24 (0x0240c03b)
core   0: 0x0000000080005a28 (0x7b8cfbcb) fnmsub.d fs7, fs9, fs8, fa5
core   0: 1 0x0000000080005a28 (0x7b8cfbcb) f23 0x7ff8000000000000
core   0: 0x0000000080005a2c (0xf2050753) fmv.d.x fa4, a0
core   0: 1 0x0000000080005a2c (0xf2050753) f14 0xffffffffffffffff
core   0: 0x0000000080005a30 (0x40615d3b) sraw    s10, sp, t1
core   0: 1 0x0000000080005a30 (0x40615d3b) x26 0xffffffffffffffff
core   0: 0x0000000080005a34 (0x001d10bb) sllw    ra, s10, ra
core   0: 1 0x0000000080005a34 (0x001d10bb) x1  0xffffffffffffffff
core   0: 0x0000000080005a38 (0x01006e33) or      t3, zero, a6
core   0: 1 0x0000000080005a38 (0x01006e33) x28 0x000000000000009b
core   0: 0x0000000080005a3c (0x00000001) c.nop
core   0: 1 0x0000000080005a3c (0x0001)
core   0: 0x0000000080005a3e (0x03caa633) mulhsu  a2, s5, t3
core   0: 1 0x0000000080005a3e (0x03caa633) x12 0x0000000000000000
core   0: 0x0000000080005a42 (0x01360733) add     a4, a2, s3
core   0: 1 0x0000000080005a42 (0x01360733) x14 0x0000000000000001
core   0: 0x0000000080005a46 (0x00189693) slli    a3, a7, 1
core   0: 1 0x0000000080005a46 (0x00189693) x13 0x0000000000000136
core   0: 0x0000000080005a4a (0x0316793b) remuw   s2, a2, a7
core   0: 1 0x0000000080005a4a (0x0316793b) x18 0x0000000000000000
core   0: 0x0000000080005a4e (0x420a8ad3) fcvt.d.s fs5, fs5
core   0: 1 0x0000000080005a4e (0x420a8ad3) f21 0x7ff8000000000000
core   0: 0x0000000080005a52 (0x231aa153) fsgnjx.d ft2, fs5, fa7
core   0: 1 0x0000000080005a52 (0x231aa153) f2  0x7ff8000000000000
core   0: 0x0000000080005a56 (0x00179e93) slli    t4, a5, 1
core   0: 1 0x0000000080005a56 (0x00179e93) x29 0xfffffffe00000000
core   0: 0x0000000080005a5a (0x13bef5d3) fmul.d  fa1, ft9, fs11
core   0: 1 0x0000000080005a5a (0x13bef5d3) f11 0x0000000000000000
core   0: 0x0000000080005a5e (0xc2237653) fcvt.l.d a2, ft6
core   0: 1 0x0000000080005a5e (0xc2237653) c1_fflags 0x0000000000000015 x12 0x7fffffffffffffff
core   0: 0x0000000080005a62 (0x030e9737) lui     a4, 0x30e9
core   0: 1 0x0000000080005a62 (0x030e9737) x14 0x00000000030e9000
core   0: 0x0000000080005a66 (0xad57071b) addiw   a4, a4, -1323
core   0: 1 0x0000000080005a66 (0xad57071b) x14 0x00000000030e8ad5
core   0: 0x0000000080005a6a (0x00000732) c.slli  a4, 12
core   0: 1 0x0000000080005a6a (0x0732) x14 0x00000030e8ad5000
core   0: 0x0000000080005a6c (0xba470713) addi    a4, a4, -1116
core   0: 1 0x0000000080005a6c (0xba470713) x14 0x00000030e8ad4ba4
core   0: 0x0000000080005a70 (0xae278193) addi    gp, a5, -1310
core   0: 1 0x0000000080005a70 (0xae278193) x3  0xfffffffefffffae2
core   0: 0x0000000080005a74 (0x2ad416d3) fmax.d  fa3, fs0, fa3
core   0: 1 0x0000000080005a74 (0x2ad416d3) f13 0x43effffffff8b200
core   0: 0x0000000080005a78 (0x40187853) fcvt.s.d fa6, fa6
core   0: 1 0x0000000080005a78 (0x40187853) c1_fflags 0x0000000000000015 f16 0xffffffff5f7fffff
core   0: 0x0000000080005a7c (0x03accd33) div     s10, s9, s10
core   0: 1 0x0000000080005a7c (0x03accd33) x26 0x0000000000000001
core   0: 0x0000000080005a80 (0x411d563b) sraw    a2, s10, a7
core   0: 1 0x0000000080005a80 (0x411d563b) x12 0x0000000000000000
core   0: 0x0000000080005a84 (0x1be67f53) fdiv.d  ft10, fa2, ft10
core   0: 1 0x0000000080005a84 (0x1be67f53) f30 0x7ff8000000000000
core   0: 0x0000000080005a88 (0x97bd2897) auipc   a7, 0x97bd2
core   0: 1 0x0000000080005a88 (0x97bd2897) x17 0x0000000017bd7a88
core   0: 0x0000000080005a8c (0x002c9ef3) csrrw   t4, frm, s9
core   0: 1 0x0000000080005a8c (0x002c9ef3) x29 0x0000000000000001 c2_frm 0x0000000000000007
core   0: 0x0000000080005a90 (0x23e79f53) fsgnjn.d ft10, fa5, ft10
core   0: 1 0x0000000080005a90 (0x23e79f53) f30 0xfff8000000000000
core   0: 0x0000000080005a94 (0x00a50a3b) addw    s4, a0, a0
core   0: 1 0x0000000080005a94 (0x00a50a3b) x20 0xfffffffffffffffe
core   0: 0x0000000080005a98 (0xd2148b53) fcvt.d.wu fs6, s1
core   0: 1 0x0000000080005a98 (0xd2148b53) f22 0x41b487b9c4000000
core   0: 0x0000000080005a9c (0x2276ee93) ori     t4, a3, 551
core   0: 1 0x0000000080005a9c (0x2276ee93) x29 0x0000000000000337
core   0: 0x0000000080005aa0 (0x0275c7bb) divw    a5, a1, t2
core   0: 1 0x0000000080005aa0 (0x0275c7bb) x15 0xfffffffff004179d
core   0: 0x0000000080005aa4 (0x2297acd3) fsgnjx.d fs9, fa5, fs1
core   0: 1 0x0000000080005aa4 (0x2297acd3) f25 0xfff8000000000000
core   0: 0x0000000080005aa8 (0xd2168d53) fcvt.d.wu fs10, a3
core   0: 1 0x0000000080005aa8 (0xd2168d53) f26 0x4073600000000000
core   0: 0x0000000080005aac (0xd22c7bd3) fcvt.d.l fs7, s8
core   0: exception trap_illegal_instruction, epc 0x0000000080005aac
core   0:           tval 0x00000000d22c7bd3
core   0: >>>>  $xrv64i2p1_m2p0_a2p1_f2p2_d2p2_zicsr2p0_zifencei2p0_zmmul1p0_zba1p0_zbb1p0_zbc1p0_zbs1p0
core   0: 0x0000000080004000 (0x0080006f) j       pc + 0x8
core   0: 3 0x0000000080004000 (0x0080006f)
core   0: >>>>  mmode_exception_handler
core   0: 0x0000000080004008 (0x00002c17) auipc   s8, 0x2
core   0: 3 0x0000000080004008 (0x00002c17) x24 0x0000000080006008
core   0: 0x000000008000400c (0x09cc0c13) addi    s8, s8, 156
core   0: 3 0x000000008000400c (0x09cc0c13) x24 0x00000000800060a4
core   0: 0x0000000080004010 (0x000c00e7) jalr    s8
core   0: 3 0x0000000080004010 (0x000c00e7) x1  0x0000000080004014
core   0: >>>>  any_handler
core   0: 0x00000000800060a4 (0x341027f3) csrrs   a5, mepc, zero
core   0: 3 0x00000000800060a4 (0x341027f3) x15 0x0000000080005aac
core   0: 0x00000000800060a8 (0x34202773) csrrs   a4, mcause, zero
core   0: 3 0x00000000800060a8 (0x34202773) x14 0x0000000000000002
core   0: 0x00000000800060ac (0x142026f3) csrrs   a3, scause, zero
core   0: 3 0x00000000800060ac (0x142026f3) x13 0x0000000000000000
core   0: 0x00000000800060b0 (0x30402673) csrrs   a2, mie, zero
core   0: 3 0x00000000800060b0 (0x30402673) x12 0x0000000000000a00
core   0: 0x00000000800060b4 (0x344025f3) csrrs   a1, mip, zero
core   0: 3 0x00000000800060b4 (0x344025f3) x11 0x0000000000000080
core   0: 0x00000000800060b8 (0x343025f3) csrrs   a1, mtval, zero
core   0: 3 0x00000000800060b8 (0x343025f3) x11 0x00000000d22c7bd3
core   0: 0x00000000800060bc (0x14302573) csrrs   a0, stval, zero
core   0: 3 0x00000000800060bc (0x14302573) x10 0x000000000000001f
core   0: 0x00000000800060c0 (0xb02024f3) csrrs   s1, minstret, zero
core   0: 3 0x00000000800060c0 (0xb02024f3) x9  0x0000000000001042
core   0: 0x00000000800060c4 (0x0000a811) c.j     pc + 20
core   0: 3 0x00000000800060c4 (0xa811)
core   0: >>>>  mepc_4
core   0: 0x00000000800060d8 (0x00000791) c.addi  a5, 4
core   0: 3 0x00000000800060d8 (0x0791) x15 0x0000000080005ab0
core   0: 0x00000000800060da (0x34179073) csrrw   zero, mepc, a5
core   0: 3 0x00000000800060da (0x34179073) c833_mepc 0x0000000080005ab0
core   0: 0x00000000800060de (0x30200073) mret
core   0: 3 0x00000000800060de (0x30200073) c768_mstatus 0x8000000a00106080
core   0: 0x0000000080005ab0 (0xc203f2d3) fcvt.w.d t0, ft7
core   0: exception trap_illegal_instruction, epc 0x0000000080005ab0
core   0:           tval 0x00000000c203f2d3
core   0: >>>>  $xrv64i2p1_m2p0_a2p1_f2p2_d2p2_zicsr2p0_zifencei2p0_zmmul1p0_zba1p0_zbb1p0_zbc1p0_zbs1p0
core   0: 0x0000000080004000 (0x0080006f) j       pc + 0x8
core   0: 3 0x0000000080004000 (0x0080006f)
core   0: >>>>  mmode_exception_handler
core   0: 0x0000000080004008 (0x00002c17) auipc   s8, 0x2
core   0: 3 0x0000000080004008 (0x00002c17) x24 0x0000000080006008
core   0: 0x000000008000400c (0x09cc0c13) addi    s8, s8, 156
core   0: 3 0x000000008000400c (0x09cc0c13) x24 0x00000000800060a4
core   0: 0x0000000080004010 (0x000c00e7) jalr    s8
core   0: 3 0x0000000080004010 (0x000c00e7) x1  0x0000000080004014
core   0: >>>>  any_handler
core   0: 0x00000000800060a4 (0x341027f3) csrrs   a5, mepc, zero
core   0: 3 0x00000000800060a4 (0x341027f3) x15 0x0000000080005ab0
core   0: 0x00000000800060a8 (0x34202773) csrrs   a4, mcause, zero
core   0: 3 0x00000000800060a8 (0x34202773) x14 0x0000000000000002
core   0: 0x00000000800060ac (0x142026f3) csrrs   a3, scause, zero
core   0: 3 0x00000000800060ac (0x142026f3) x13 0x0000000000000000
core   0: 0x00000000800060b0 (0x30402673) csrrs   a2, mie, zero
core   0: 3 0x00000000800060b0 (0x30402673) x12 0x0000000000000a00
core   0: 0x00000000800060b4 (0x344025f3) csrrs   a1, mip, zero
core   0: 3 0x00000000800060b4 (0x344025f3) x11 0x0000000000000080
core   0: 0x00000000800060b8 (0x343025f3) csrrs   a1, mtval, zero
core   0: 3 0x00000000800060b8 (0x343025f3) x11 0x00000000c203f2d3
core   0: 0x00000000800060bc (0x14302573) csrrs   a0, stval, zero
core   0: 3 0x00000000800060bc (0x14302573) x10 0x000000000000001f
core   0: 0x00000000800060c0 (0xb02024f3) csrrs   s1, minstret, zero
core   0: 3 0x00000000800060c0 (0xb02024f3) x9  0x0000000000001052
core   0: 0x00000000800060c4 (0x0000a811) c.j     pc + 20
core   0: 3 0x00000000800060c4 (0xa811)
core   0: >>>>  mepc_4
core   0: 0x00000000800060d8 (0x00000791) c.addi  a5, 4
core   0: 3 0x00000000800060d8 (0x0791) x15 0x0000000080005ab4
core   0: 0x00000000800060da (0x34179073) csrrw   zero, mepc, a5
core   0: 3 0x00000000800060da (0x34179073) c833_mepc 0x0000000080005ab4
core   0: 0x00000000800060de (0x30200073) mret
core   0: 3 0x00000000800060de (0x30200073) c768_mstatus 0x8000000a00106080
core   0: 0x0000000080005ab4 (0x5a0d7753) fsqrt.d fa4, fs10
core   0: exception trap_illegal_instruction, epc 0x0000000080005ab4
core   0:           tval 0x000000005a0d7753
core   0: >>>>  $xrv64i2p1_m2p0_a2p1_f2p2_d2p2_zicsr2p0_zifencei2p0_zmmul1p0_zba1p0_zbb1p0_zbc1p0_zbs1p0
core   0: 0x0000000080004000 (0x0080006f) j       pc + 0x8
core   0: 3 0x0000000080004000 (0x0080006f)
core   0: >>>>  mmode_exception_handler
core   0: 0x0000000080004008 (0x00002c17) auipc   s8, 0x2
core   0: 3 0x0000000080004008 (0x00002c17) x24 0x0000000080006008
core   0: 0x000000008000400c (0x09cc0c13) addi    s8, s8, 156
core   0: 3 0x000000008000400c (0x09cc0c13) x24 0x00000000800060a4
core   0: 0x0000000080004010 (0x000c00e7) jalr    s8
core   0: 3 0x0000000080004010 (0x000c00e7) x1  0x0000000080004014
core   0: >>>>  any_handler
core   0: 0x00000000800060a4 (0x341027f3) csrrs   a5, mepc, zero
core   0: 3 0x00000000800060a4 (0x341027f3) x15 0x0000000080005ab4
core   0: 0x00000000800060a8 (0x34202773) csrrs   a4, mcause, zero
core   0: 3 0x00000000800060a8 (0x34202773) x14 0x0000000000000002
core   0: 0x00000000800060ac (0x142026f3) csrrs   a3, scause, zero
core   0: 3 0x00000000800060ac (0x142026f3) x13 0x0000000000000000
core   0: 0x00000000800060b0 (0x30402673) csrrs   a2, mie, zero
core   0: 3 0x00000000800060b0 (0x30402673) x12 0x0000000000000a00
core   0: 0x00000000800060b4 (0x344025f3) csrrs   a1, mip, zero
core   0: 3 0x00000000800060b4 (0x344025f3) x11 0x0000000000000080
core   0: 0x00000000800060b8 (0x343025f3) csrrs   a1, mtval, zero
core   0: 3 0x00000000800060b8 (0x343025f3) x11 0x000000005a0d7753
core   0: 0x00000000800060bc (0x14302573) csrrs   a0, stval, zero
core   0: 3 0x00000000800060bc (0x14302573) x10 0x000000000000001f
core   0: 0x00000000800060c0 (0xb02024f3) csrrs   s1, minstret, zero
core   0: 3 0x00000000800060c0 (0xb02024f3) x9  0x0000000000001062
core   0: 0x00000000800060c4 (0x0000a811) c.j     pc + 20
core   0: 3 0x00000000800060c4 (0xa811)
core   0: >>>>  mepc_4
core   0: 0x00000000800060d8 (0x00000791) c.addi  a5, 4
core   0: 3 0x00000000800060d8 (0x0791) x15 0x0000000080005ab8
core   0: 0x00000000800060da (0x34179073) csrrw   zero, mepc, a5
core   0: 3 0x00000000800060da (0x34179073) c833_mepc 0x0000000080005ab8
core   0: 0x00000000800060de (0x30200073) mret
core   0: 3 0x00000000800060de (0x30200073) c768_mstatus 0x8000000a00106080
core   0: 0x0000000080005ab8 (0x00291b1b) slliw   s6, s2, 2
core   0: 1 0x0000000080005ab8 (0x00291b1b) x22 0x0000000000000000
core   0: 0x0000000080005abc (0x400c539b) sraiw   t2, s8, 0
core   0: 1 0x0000000080005abc (0x400c539b) x7  0xffffffff800060a4
core   0: 0x0000000080005ac0 (0xd221f3d3) fcvt.d.l ft7, gp
core   0: exception trap_illegal_instruction, epc 0x0000000080005ac0
core   0:           tval 0x00000000d221f3d3
core   0: >>>>  $xrv64i2p1_m2p0_a2p1_f2p2_d2p2_zicsr2p0_zifencei2p0_zmmul1p0_zba1p0_zbb1p0_zbc1p0_zbs1p0
core   0: 0x0000000080004000 (0x0080006f) j       pc + 0x8
core   0: 3 0x0000000080004000 (0x0080006f)
core   0: >>>>  mmode_exception_handler
core   0: 0x0000000080004008 (0x00002c17) auipc   s8, 0x2
core   0: 3 0x0000000080004008 (0x00002c17) x24 0x0000000080006008
core   0: 0x000000008000400c (0x09cc0c13) addi    s8, s8, 156
core   0: 3 0x000000008000400c (0x09cc0c13) x24 0x00000000800060a4
core   0: 0x0000000080004010 (0x000c00e7) jalr    s8
core   0: 3 0x0000000080004010 (0x000c00e7) x1  0x0000000080004014
core   0: >>>>  any_handler
core   0: 0x00000000800060a4 (0x341027f3) csrrs   a5, mepc, zero
core   0: 3 0x00000000800060a4 (0x341027f3) x15 0x0000000080005ac0
core   0: 0x00000000800060a8 (0x34202773) csrrs   a4, mcause, zero
core   0: 3 0x00000000800060a8 (0x34202773) x14 0x0000000000000002
core   0: 0x00000000800060ac (0x142026f3) csrrs   a3, scause, zero
core   0: 3 0x00000000800060ac (0x142026f3) x13 0x0000000000000000
core   0: 0x00000000800060b0 (0x30402673) csrrs   a2, mie, zero
core   0: 3 0x00000000800060b0 (0x30402673) x12 0x0000000000000a00
core   0: 0x00000000800060b4 (0x344025f3) csrrs   a1, mip, zero
core   0: 3 0x00000000800060b4 (0x344025f3) x11 0x0000000000000080
core   0: 0x00000000800060b8 (0x343025f3) csrrs   a1, mtval, zero
core   0: 3 0x00000000800060b8 (0x343025f3) x11 0x00000000d221f3d3
core   0: 0x00000000800060bc (0x14302573) csrrs   a0, stval, zero
core   0: 3 0x00000000800060bc (0x14302573) x10 0x000000000000001f
core   0: 0x00000000800060c0 (0xb02024f3) csrrs   s1, minstret, zero
core   0: 3 0x00000000800060c0 (0xb02024f3) x9  0x0000000000001074
core   0: 0x00000000800060c4 (0x0000a811) c.j     pc + 20
core   0: 3 0x00000000800060c4 (0xa811)
core   0: >>>>  mepc_4
core   0: 0x00000000800060d8 (0x00000791) c.addi  a5, 4
core   0: 3 0x00000000800060d8 (0x0791) x15 0x0000000080005ac4
core   0: 0x00000000800060da (0x34179073) csrrw   zero, mepc, a5
core   0: 3 0x00000000800060da (0x34179073) c833_mepc 0x0000000080005ac4
core   0: 0x00000000800060de (0x30200073) mret
core   0: 3 0x00000000800060de (0x30200073) c768_mstatus 0x8000000a00106080
core   0: 0x0000000080005ac4 (0x0271fa3b) remuw   s4, gp, t2
core   0: 1 0x0000000080005ac4 (0x0271fa3b) x20 0x000000007fff9a3e
core   0: 0x0000000080005ac8 (0x026ee333) rem     t1, t4, t1
core   0: 1 0x0000000080005ac8 (0x026ee333) x6  0x0000000000000337
core   0: 0x0000000080005acc (0x0250593b) divuw   s2, zero, t0
core   0: 1 0x0000000080005acc (0x0250593b) x18 0xffffffffffffffff
core   0: 0x0000000080005ad0 (0x113c4c13) xori    s8, s8, 275
core   0: 1 0x0000000080005ad0 (0x113c4c13) x24 0x00000000800061b7
core   0: 0x0000000080005ad4 (0x8af90d93) addi    s11, s2, -1873
core   0: 1 0x0000000080005ad4 (0x8af90d93) x27 0xfffffffffffff8ae
core   0: 0x0000000080005ad8 (0x41bc5d3b) sraw    s10, s8, s11
core   0: 1 0x0000000080005ad8 (0x41bc5d3b) x26 0xfffffffffffe0001
core   0: 0x0000000080005adc (0x4013f253) fcvt.s.d ft4, ft7
core   0: exception trap_illegal_instruction, epc 0x0000000080005adc
core   0:           tval 0x000000004013f253
core   0: >>>>  $xrv64i2p1_m2p0_a2p1_f2p2_d2p2_zicsr2p0_zifencei2p0_zmmul1p0_zba1p0_zbb1p0_zbc1p0_zbs1p0
core   0: 0x0000000080004000 (0x0080006f) j       pc + 0x8
core   0: 3 0x0000000080004000 (0x0080006f)
core   0: >>>>  mmode_exception_handler
core   0: 0x0000000080004008 (0x00002c17) auipc   s8, 0x2
core   0: 3 0x0000000080004008 (0x00002c17) x24 0x0000000080006008
core   0: 0x000000008000400c (0x09cc0c13) addi    s8, s8, 156
core   0: 3 0x000000008000400c (0x09cc0c13) x24 0x00000000800060a4
core   0: 0x0000000080004010 (0x000c00e7) jalr    s8
core   0: 3 0x0000000080004010 (0x000c00e7) x1  0x0000000080004014
core   0: >>>>  any_handler
core   0: 0x00000000800060a4 (0x341027f3) csrrs   a5, mepc, zero
core   0: 3 0x00000000800060a4 (0x341027f3) x15 0x0000000080005adc
core   0: 0x00000000800060a8 (0x34202773) csrrs   a4, mcause, zero
core   0: 3 0x00000000800060a8 (0x34202773) x14 0x0000000000000002
core   0: 0x00000000800060ac (0x142026f3) csrrs   a3, scause, zero
core   0: 3 0x00000000800060ac (0x142026f3) x13 0x0000000000000000
core   0: 0x00000000800060b0 (0x30402673) csrrs   a2, mie, zero
core   0: 3 0x00000000800060b0 (0x30402673) x12 0x0000000000000a00
core   0: 0x00000000800060b4 (0x344025f3) csrrs   a1, mip, zero
core   0: 3 0x00000000800060b4 (0x344025f3) x11 0x0000000000000080
core   0: 0x00000000800060b8 (0x343025f3) csrrs   a1, mtval, zero
core   0: 3 0x00000000800060b8 (0x343025f3) x11 0x000000004013f253
core   0: 0x00000000800060bc (0x14302573) csrrs   a0, stval, zero
core   0: 3 0x00000000800060bc (0x14302573) x10 0x000000000000001f
core   0: 0x00000000800060c0 (0xb02024f3) csrrs   s1, minstret, zero
core   0: 3 0x00000000800060c0 (0xb02024f3) x9  0x000000000000108a
core   0: 0x00000000800060c4 (0x0000a811) c.j     pc + 20
core   0: 3 0x00000000800060c4 (0xa811)
core   0: >>>>  mepc_4
core   0: 0x00000000800060d8 (0x00000791) c.addi  a5, 4
core   0: 3 0x00000000800060d8 (0x0791) x15 0x0000000080005ae0
core   0: 0x00000000800060da (0x34179073) csrrw   zero, mepc, a5
core   0: 3 0x00000000800060da (0x34179073) c833_mepc 0x0000000080005ae0
core   0: 0x00000000800060de (0x30200073) mret
core   0: 3 0x00000000800060de (0x30200073) c768_mstatus 0x8000000a00106080
core   0: 0x0000000080005ae0 (0x3d436b93) ori     s7, t1, 980
core   0: 1 0x0000000080005ae0 (0x3d436b93) x23 0x00000000000003f7
core   0: 0x0000000080005ae4 (0x40fb8dbb) subw    s11, s7, a5
core   0: 1 0x0000000080005ae4 (0x40fb8dbb) x27 0x000000007fffa917
core   0: 0x0000000080005ae8 (0x224222d3) fsgnjx.d ft5, ft4, ft4
core   0: 1 0x0000000080005ae8 (0x224222d3) f5  0x7ff8000000000000
core   0: 0x0000000080005aec (0x02c3b3b3) mulhu   t2, t2, a2
core   0: 1 0x0000000080005aec (0x02c3b3b3) x7  0x00000000000009ff
core   0: 0x0000000080005af0 (0x6d70ee37) lui     t3, 0x6d70e
core   0: 1 0x0000000080005af0 (0x6d70ee37) x28 0x000000006d70e000
core   0: 0x0000000080005af4 (0x016a181b) slliw   a6, s4, 22
core   0: 1 0x0000000080005af4 (0x016a181b) x16 0xffffffff8f800000
core   0: 0x0000000080005af8 (0xc222f4d3) fcvt.l.d s1, ft5
core   0: exception trap_illegal_instruction, epc 0x0000000080005af8
core   0:           tval 0x00000000c222f4d3
core   0: >>>>  $xrv64i2p1_m2p0_a2p1_f2p2_d2p2_zicsr2p0_zifencei2p0_zmmul1p0_zba1p0_zbb1p0_zbc1p0_zbs1p0
core   0: 0x0000000080004000 (0x0080006f) j       pc + 0x8
core   0: 3 0x0000000080004000 (0x0080006f)
core   0: >>>>  mmode_exception_handler
core   0: 0x0000000080004008 (0x00002c17) auipc   s8, 0x2
core   0: 3 0x0000000080004008 (0x00002c17) x24 0x0000000080006008
core   0: 0x000000008000400c (0x09cc0c13) addi    s8, s8, 156
core   0: 3 0x000000008000400c (0x09cc0c13) x24 0x00000000800060a4
core   0: 0x0000000080004010 (0x000c00e7) jalr    s8
core   0: 3 0x0000000080004010 (0x000c00e7) x1  0x0000000080004014
core   0: >>>>  any_handler
core   0: 0x00000000800060a4 (0x341027f3) csrrs   a5, mepc, zero
core   0: 3 0x00000000800060a4 (0x341027f3) x15 0x0000000080005af8
core   0: 0x00000000800060a8 (0x34202773) csrrs   a4, mcause, zero
core   0: 3 0x00000000800060a8 (0x34202773) x14 0x0000000000000002
core   0: 0x00000000800060ac (0x142026f3) csrrs   a3, scause, zero
core   0: 3 0x00000000800060ac (0x142026f3) x13 0x0000000000000000
core   0: 0x00000000800060b0 (0x30402673) csrrs   a2, mie, zero
core   0: 3 0x00000000800060b0 (0x30402673) x12 0x0000000000000a00
core   0: 0x00000000800060b4 (0x344025f3) csrrs   a1, mip, zero
core   0: 3 0x00000000800060b4 (0x344025f3) x11 0x0000000000000080
core   0: 0x00000000800060b8 (0x343025f3) csrrs   a1, mtval, zero
core   0: 3 0x00000000800060b8 (0x343025f3) x11 0x00000000c222f4d3
core   0: 0x00000000800060bc (0x14302573) csrrs   a0, stval, zero
core   0: 3 0x00000000800060bc (0x14302573) x10 0x000000000000001f
core   0: 0x00000000800060c0 (0xb02024f3) csrrs   s1, minstret, zero
core   0: 3 0x00000000800060c0 (0xb02024f3) x9  0x00000000000010a0
core   0: 0x00000000800060c4 (0x0000a811) c.j     pc + 20
core   0: 3 0x00000000800060c4 (0xa811)
core   0: >>>>  mepc_4
core   0: 0x00000000800060d8 (0x00000791) c.addi  a5, 4
core   0: 3 0x00000000800060d8 (0x0791) x15 0x0000000080005afc
core   0: 0x00000000800060da (0x34179073) csrrw   zero, mepc, a5
core   0: 3 0x00000000800060da (0x34179073) c833_mepc 0x0000000080005afc
core   0: 0x00000000800060de (0x30200073) mret
core   0: 3 0x00000000800060de (0x30200073) c768_mstatus 0x8000000a00106080
core   0: 0x0000000080005afc (0x03749233) mulh    tp, s1, s7
core   0: 1 0x0000000080005afc (0x03749233) x4  0x0000000000000000
core   0: 0x0000000080005b00 (0x973cf817) auipc   a6, 0x973cf
core   0: 1 0x0000000080005b00 (0x973cf817) x16 0x00000000173d4b00
core   0: 0x0000000080005b04 (0xd020f453) fcvt.s.l fs0, ra
core   0: exception trap_illegal_instruction, epc 0x0000000080005b04
core   0:           tval 0x00000000d020f453
core   0: >>>>  $xrv64i2p1_m2p0_a2p1_f2p2_d2p2_zicsr2p0_zifencei2p0_zmmul1p0_zba1p0_zbb1p0_zbc1p0_zbs1p0
core   0: 0x0000000080004000 (0x0080006f) j       pc + 0x8
core   0: 3 0x0000000080004000 (0x0080006f)
core   0: >>>>  mmode_exception_handler
core   0: 0x0000000080004008 (0x00002c17) auipc   s8, 0x2
core   0: 3 0x0000000080004008 (0x00002c17) x24 0x0000000080006008
core   0: 0x000000008000400c (0x09cc0c13) addi    s8, s8, 156
core   0: 3 0x000000008000400c (0x09cc0c13) x24 0x00000000800060a4
core   0: 0x0000000080004010 (0x000c00e7) jalr    s8
core   0: 3 0x0000000080004010 (0x000c00e7) x1  0x0000000080004014
core   0: >>>>  any_handler
core   0: 0x00000000800060a4 (0x341027f3) csrrs   a5, mepc, zero
core   0: 3 0x00000000800060a4 (0x341027f3) x15 0x0000000080005b04
core   0: 0x00000000800060a8 (0x34202773) csrrs   a4, mcause, zero
core   0: 3 0x00000000800060a8 (0x34202773) x14 0x0000000000000002
core   0: 0x00000000800060ac (0x142026f3) csrrs   a3, scause, zero
core   0: 3 0x00000000800060ac (0x142026f3) x13 0x0000000000000000
core   0: 0x00000000800060b0 (0x30402673) csrrs   a2, mie, zero
core   0: 3 0x00000000800060b0 (0x30402673) x12 0x0000000000000a00
core   0: 0x00000000800060b4 (0x344025f3) csrrs   a1, mip, zero
core   0: 3 0x00000000800060b4 (0x344025f3) x11 0x0000000000000080
core   0: 0x00000000800060b8 (0x343025f3) csrrs   a1, mtval, zero
core   0: 3 0x00000000800060b8 (0x343025f3) x11 0x00000000d020f453
core   0: 0x00000000800060bc (0x14302573) csrrs   a0, stval, zero
core   0: 3 0x00000000800060bc (0x14302573) x10 0x000000000000001f
core   0: 0x00000000800060c0 (0xb02024f3) csrrs   s1, minstret, zero
core   0: 3 0x00000000800060c0 (0xb02024f3) x9  0x00000000000010b2
core   0: 0x00000000800060c4 (0x0000a811) c.j     pc + 20
core   0: 3 0x00000000800060c4 (0xa811)
core   0: >>>>  mepc_4
core   0: 0x00000000800060d8 (0x00000791) c.addi  a5, 4
core   0: 3 0x00000000800060d8 (0x0791) x15 0x0000000080005b08
core   0: 0x00000000800060da (0x34179073) csrrw   zero, mepc, a5
core   0: 3 0x00000000800060da (0x34179073) c833_mepc 0x0000000080005b08
core   0: 0x00000000800060de (0x30200073) mret
core   0: 3 0x00000000800060de (0x30200073) c768_mstatus 0x8000000a00106080
core   0: 0x0000000080005b08 (0x2bb41f53) fmax.d  ft10, fs0, fs11
core   0: 1 0x0000000080005b08 (0x2bb41f53) f30 0x0000000000000000
core   0: 0x0000000080005b0c (0x00021e9b) slliw   t4, tp, 0
core   0: 1 0x0000000080005b0c (0x00021e9b) x29 0x0000000000000000
core   0: 0x0000000080005b10 (0x401f7553) fcvt.s.d fa0, ft10
core   0: exception trap_illegal_instruction, epc 0x0000000080005b10
core   0:           tval 0x00000000401f7553
core   0: >>>>  $xrv64i2p1_m2p0_a2p1_f2p2_d2p2_zicsr2p0_zifencei2p0_zmmul1p0_zba1p0_zbb1p0_zbc1p0_zbs1p0
core   0: 0x0000000080004000 (0x0080006f) j       pc + 0x8
core   0: 3 0x0000000080004000 (0x0080006f)
core   0: >>>>  mmode_exception_handler
core   0: 0x0000000080004008 (0x00002c17) auipc   s8, 0x2
core   0: 3 0x0000000080004008 (0x00002c17) x24 0x0000000080006008
core   0: 0x000000008000400c (0x09cc0c13) addi    s8, s8, 156
core   0: 3 0x000000008000400c (0x09cc0c13) x24 0x00000000800060a4
core   0: 0x0000000080004010 (0x000c00e7) jalr    s8
core   0: 3 0x0000000080004010 (0x000c00e7) x1  0x0000000080004014
core   0: >>>>  any_handler
core   0: 0x00000000800060a4 (0x341027f3) csrrs   a5, mepc, zero
core   0: 3 0x00000000800060a4 (0x341027f3) x15 0x0000000080005b10
core   0: 0x00000000800060a8 (0x34202773) csrrs   a4, mcause, zero
core   0: 3 0x00000000800060a8 (0x34202773) x14 0x0000000000000002
core   0: 0x00000000800060ac (0x142026f3) csrrs   a3, scause, zero
core   0: 3 0x00000000800060ac (0x142026f3) x13 0x0000000000000000
core   0: 0x00000000800060b0 (0x30402673) csrrs   a2, mie, zero
core   0: 3 0x00000000800060b0 (0x30402673) x12 0x0000000000000a00
core   0: 0x00000000800060b4 (0x344025f3) csrrs   a1, mip, zero
core   0: 3 0x00000000800060b4 (0x344025f3) x11 0x0000000000000080
core   0: 0x00000000800060b8 (0x343025f3) csrrs   a1, mtval, zero
core   0: 3 0x00000000800060b8 (0x343025f3) x11 0x00000000401f7553
core   0: 0x00000000800060bc (0x14302573) csrrs   a0, stval, zero
core   0: 3 0x00000000800060bc (0x14302573) x10 0x000000000000001f
core   0: 0x00000000800060c0 (0xb02024f3) csrrs   s1, minstret, zero
core   0: 3 0x00000000800060c0 (0xb02024f3) x9  0x00000000000010c4
core   0: 0x00000000800060c4 (0x0000a811) c.j     pc + 20
core   0: 3 0x00000000800060c4 (0xa811)
core   0: >>>>  mepc_4
core   0: 0x00000000800060d8 (0x00000791) c.addi  a5, 4
core   0: 3 0x00000000800060d8 (0x0791) x15 0x0000000080005b14
core   0: 0x00000000800060da (0x34179073) csrrw   zero, mepc, a5
core   0: 3 0x00000000800060da (0x34179073) c833_mepc 0x0000000080005b14
core   0: 0x00000000800060de (0x30200073) mret
core   0: 3 0x00000000800060de (0x30200073) c768_mstatus 0x8000000a00106080
core   0: 0x0000000080005b14 (0x529b7b47) fmsub.d fs6, fs6, fs1, fa0
core   0: exception trap_illegal_instruction, epc 0x0000000080005b14
core   0:           tval 0x00000000529b7b47
core   0: >>>>  $xrv64i2p1_m2p0_a2p1_f2p2_d2p2_zicsr2p0_zifencei2p0_zmmul1p0_zba1p0_zbb1p0_zbc1p0_zbs1p0
core   0: 0x0000000080004000 (0x0080006f) j       pc + 0x8
core   0: 3 0x0000000080004000 (0x0080006f)
core   0: >>>>  mmode_exception_handler
core   0: 0x0000000080004008 (0x00002c17) auipc   s8, 0x2
core   0: 3 0x0000000080004008 (0x00002c17) x24 0x0000000080006008
core   0: 0x000000008000400c (0x09cc0c13) addi    s8, s8, 156
core   0: 3 0x000000008000400c (0x09cc0c13) x24 0x00000000800060a4
core   0: 0x0000000080004010 (0x000c00e7) jalr    s8
core   0: 3 0x0000000080004010 (0x000c00e7) x1  0x0000000080004014
core   0: >>>>  any_handler
core   0: 0x00000000800060a4 (0x341027f3) csrrs   a5, mepc, zero
core   0: 3 0x00000000800060a4 (0x341027f3) x15 0x0000000080005b14
core   0: 0x00000000800060a8 (0x34202773) csrrs   a4, mcause, zero
core   0: 3 0x00000000800060a8 (0x34202773) x14 0x0000000000000002
core   0: 0x00000000800060ac (0x142026f3) csrrs   a3, scause, zero
core   0: 3 0x00000000800060ac (0x142026f3) x13 0x0000000000000000
core   0: 0x00000000800060b0 (0x30402673) csrrs   a2, mie, zero
core   0: 3 0x00000000800060b0 (0x30402673) x12 0x0000000000000a00
core   0: 0x00000000800060b4 (0x344025f3) csrrs   a1, mip, zero
core   0: 3 0x00000000800060b4 (0x344025f3) x11 0x0000000000000080
core   0: 0x00000000800060b8 (0x343025f3) csrrs   a1, mtval, zero
core   0: 3 0x00000000800060b8 (0x343025f3) x11 0x00000000529b7b47
core   0: 0x00000000800060bc (0x14302573) csrrs   a0, stval, zero
core   0: 3 0x00000000800060bc (0x14302573) x10 0x000000000000001f
core   0: 0x00000000800060c0 (0xb02024f3) csrrs   s1, minstret, zero
core   0: 3 0x00000000800060c0 (0xb02024f3) x9  0x00000000000010d4
core   0: 0x00000000800060c4 (0x0000a811) c.j     pc + 20
core   0: 3 0x00000000800060c4 (0xa811)
core   0: >>>>  mepc_4
core   0: 0x00000000800060d8 (0x00000791) c.addi  a5, 4
core   0: 3 0x00000000800060d8 (0x0791) x15 0x0000000080005b18
core   0: 0x00000000800060da (0x34179073) csrrw   zero, mepc, a5
core   0: 3 0x00000000800060da (0x34179073) c833_mepc 0x0000000080005b18
core   0: 0x00000000800060de (0x30200073) mret
core   0: 3 0x00000000800060de (0x30200073) c768_mstatus 0x8000000a00106080
core   0: 0x0000000080005b18 (0x4129893b) subw    s2, s3, s2
core   0: 1 0x0000000080005b18 (0x4129893b) x18 0x0000000000000002
core   0: 0x0000000080005b1c (0x03146433) rem     s0, s0, a7
core   0: 1 0x0000000080005b1c (0x03146433) x8  0x0000000000000000
core   0: 0x0000000080005b20 (0x5a0ffbd3) fsqrt.d fs7, ft11
core   0: exception trap_illegal_instruction, epc 0x0000000080005b20
core   0:           tval 0x000000005a0ffbd3
core   0: >>>>  $xrv64i2p1_m2p0_a2p1_f2p2_d2p2_zicsr2p0_zifencei2p0_zmmul1p0_zba1p0_zbb1p0_zbc1p0_zbs1p0
core   0: 0x0000000080004000 (0x0080006f) j       pc + 0x8
core   0: 3 0x0000000080004000 (0x0080006f)
core   0: >>>>  mmode_exception_handler
core   0: 0x0000000080004008 (0x00002c17) auipc   s8, 0x2
core   0: 3 0x0000000080004008 (0x00002c17) x24 0x0000000080006008
core   0: 0x000000008000400c (0x09cc0c13) addi    s8, s8, 156
core   0: 3 0x000000008000400c (0x09cc0c13) x24 0x00000000800060a4
core   0: 0x0000000080004010 (0x000c00e7) jalr    s8
core   0: 3 0x0000000080004010 (0x000c00e7) x1  0x0000000080004014
core   0: >>>>  any_handler
core   0: 0x00000000800060a4 (0x341027f3) csrrs   a5, mepc, zero
core   0: 3 0x00000000800060a4 (0x341027f3) x15 0x0000000080005b20
core   0: 0x00000000800060a8 (0x34202773) csrrs   a4, mcause, zero
core   0: 3 0x00000000800060a8 (0x34202773) x14 0x0000000000000002
core   0: 0x00000000800060ac (0x142026f3) csrrs   a3, scause, zero
core   0: 3 0x00000000800060ac (0x142026f3) x13 0x0000000000000000
core   0: 0x00000000800060b0 (0x30402673) csrrs   a2, mie, zero
core   0: 3 0x00000000800060b0 (0x30402673) x12 0x0000000000000a00
core   0: 0x00000000800060b4 (0x344025f3) csrrs   a1, mip, zero
core   0: 3 0x00000000800060b4 (0x344025f3) x11 0x0000000000000080
core   0: 0x00000000800060b8 (0x343025f3) csrrs   a1, mtval, zero
core   0: 3 0x00000000800060b8 (0x343025f3) x11 0x000000005a0ffbd3
core   0: 0x00000000800060bc (0x14302573) csrrs   a0, stval, zero
core   0: 3 0x00000000800060bc (0x14302573) x10 0x000000000000001f
core   0: 0x00000000800060c0 (0xb02024f3) csrrs   s1, minstret, zero
core   0: 3 0x00000000800060c0 (0xb02024f3) x9  0x00000000000010e6
core   0: 0x00000000800060c4 (0x0000a811) c.j     pc + 20
core   0: 3 0x00000000800060c4 (0xa811)
core   0: >>>>  mepc_4
core   0: 0x00000000800060d8 (0x00000791) c.addi  a5, 4
core   0: 3 0x00000000800060d8 (0x0791) x15 0x0000000080005b24
core   0: 0x00000000800060da (0x34179073) csrrw   zero, mepc, a5
core   0: 3 0x00000000800060da (0x34179073) c833_mepc 0x0000000080005b24
core   0: 0x00000000800060de (0x30200073) mret
core   0: 3 0x00000000800060de (0x30200073) c768_mstatus 0x8000000a00106080
core   0: 0x0000000080005b24 (0x01941cb3) sll     s9, s0, s9
core   0: 1 0x0000000080005b24 (0x01941cb3) x25 0x0000000000000000
core   0: 0x0000000080005b28 (0x00000001) c.nop
core   0: 1 0x0000000080005b28 (0x0001)
core   0: 0x0000000080005b2a (0x3ad5f5cb) fnmsub.d fa1, fa1, fa3, ft7
core   0: exception trap_illegal_instruction, epc 0x0000000080005b2a
core   0:           tval 0x000000003ad5f5cb
core   0: >>>>  $xrv64i2p1_m2p0_a2p1_f2p2_d2p2_zicsr2p0_zifencei2p0_zmmul1p0_zba1p0_zbb1p0_zbc1p0_zbs1p0
core   0: 0x0000000080004000 (0x0080006f) j       pc + 0x8
core   0: 3 0x0000000080004000 (0x0080006f)
core   0: >>>>  mmode_exception_handler
core   0: 0x0000000080004008 (0x00002c17) auipc   s8, 0x2
core   0: 3 0x0000000080004008 (0x00002c17) x24 0x0000000080006008
core   0: 0x000000008000400c (0x09cc0c13) addi    s8, s8, 156
core   0: 3 0x000000008000400c (0x09cc0c13) x24 0x00000000800060a4
core   0: 0x0000000080004010 (0x000c00e7) jalr    s8
core   0: 3 0x0000000080004010 (0x000c00e7) x1  0x0000000080004014
core   0: >>>>  any_handler
core   0: 0x00000000800060a4 (0x341027f3) csrrs   a5, mepc, zero
core   0: 3 0x00000000800060a4 (0x341027f3) x15 0x0000000080005b2a
core   0: 0x00000000800060a8 (0x34202773) csrrs   a4, mcause, zero
core   0: 3 0x00000000800060a8 (0x34202773) x14 0x0000000000000002
core   0: 0x00000000800060ac (0x142026f3) csrrs   a3, scause, zero
core   0: 3 0x00000000800060ac (0x142026f3) x13 0x0000000000000000
core   0: 0x00000000800060b0 (0x30402673) csrrs   a2, mie, zero
core   0: 3 0x00000000800060b0 (0x30402673) x12 0x0000000000000a00
core   0: 0x00000000800060b4 (0x344025f3) csrrs   a1, mip, zero
core   0: 3 0x00000000800060b4 (0x344025f3) x11 0x0000000000000080
core   0: 0x00000000800060b8 (0x343025f3) csrrs   a1, mtval, zero
core   0: 3 0x00000000800060b8 (0x343025f3) x11 0x000000003ad5f5cb
core   0: 0x00000000800060bc (0x14302573) csrrs   a0, stval, zero
core   0: 3 0x00000000800060bc (0x14302573) x10 0x000000000000001f
core   0: 0x00000000800060c0 (0xb02024f3) csrrs   s1, minstret, zero
core   0: 3 0x00000000800060c0 (0xb02024f3) x9  0x00000000000010f8
core   0: 0x00000000800060c4 (0x0000a811) c.j     pc + 20
core   0: 3 0x00000000800060c4 (0xa811)
core   0: >>>>  mepc_4
core   0: 0x00000000800060d8 (0x00000791) c.addi  a5, 4
core   0: 3 0x00000000800060d8 (0x0791) x15 0x0000000080005b2e
core   0: 0x00000000800060da (0x34179073) csrrw   zero, mepc, a5
core   0: 3 0x00000000800060da (0x34179073) c833_mepc 0x0000000080005b2e
core   0: 0x00000000800060de (0x30200073) mret
core   0: 3 0x00000000800060de (0x30200073) c768_mstatus 0x8000000a00106080
core   0: 0x0000000080005b2e (0x401e72d3) fcvt.s.d ft5, ft8
core   0: exception trap_illegal_instruction, epc 0x0000000080005b2e
core   0:           tval 0x00000000401e72d3
core   0: >>>>  $xrv64i2p1_m2p0_a2p1_f2p2_d2p2_zicsr2p0_zifencei2p0_zmmul1p0_zba1p0_zbb1p0_zbc1p0_zbs1p0
core   0: 0x0000000080004000 (0x0080006f) j       pc + 0x8
core   0: 3 0x0000000080004000 (0x0080006f)
core   0: >>>>  mmode_exception_handler
core   0: 0x0000000080004008 (0x00002c17) auipc   s8, 0x2
core   0: 3 0x0000000080004008 (0x00002c17) x24 0x0000000080006008
core   0: 0x000000008000400c (0x09cc0c13) addi    s8, s8, 156
core   0: 3 0x000000008000400c (0x09cc0c13) x24 0x00000000800060a4
core   0: 0x0000000080004010 (0x000c00e7) jalr    s8
core   0: 3 0x0000000080004010 (0x000c00e7) x1  0x0000000080004014
core   0: >>>>  any_handler
core   0: 0x00000000800060a4 (0x341027f3) csrrs   a5, mepc, zero
core   0: 3 0x00000000800060a4 (0x341027f3) x15 0x0000000080005b2e
core   0: 0x00000000800060a8 (0x34202773) csrrs   a4, mcause, zero
core   0: 3 0x00000000800060a8 (0x34202773) x14 0x0000000000000002
core   0: 0x00000000800060ac (0x142026f3) csrrs   a3, scause, zero
core   0: 3 0x00000000800060ac (0x142026f3) x13 0x0000000000000000
core   0: 0x00000000800060b0 (0x30402673) csrrs   a2, mie, zero
core   0: 3 0x00000000800060b0 (0x30402673) x12 0x0000000000000a00
core   0: 0x00000000800060b4 (0x344025f3) csrrs   a1, mip, zero
core   0: 3 0x00000000800060b4 (0x344025f3) x11 0x0000000000000080
core   0: 0x00000000800060b8 (0x343025f3) csrrs   a1, mtval, zero
core   0: 3 0x00000000800060b8 (0x343025f3) x11 0x00000000401e72d3
core   0: 0x00000000800060bc (0x14302573) csrrs   a0, stval, zero
core   0: 3 0x00000000800060bc (0x14302573) x10 0x000000000000001f
core   0: 0x00000000800060c0 (0xb02024f3) csrrs   s1, minstret, zero
core   0: 3 0x00000000800060c0 (0xb02024f3) x9  0x0000000000001108
core   0: 0x00000000800060c4 (0x0000a811) c.j     pc + 20
core   0: 3 0x00000000800060c4 (0xa811)
core   0: >>>>  mepc_4
core   0: 0x00000000800060d8 (0x00000791) c.addi  a5, 4
core   0: 3 0x00000000800060d8 (0x0791) x15 0x0000000080005b32
core   0: 0x00000000800060da (0x34179073) csrrw   zero, mepc, a5
core   0: 3 0x00000000800060da (0x34179073) c833_mepc 0x0000000080005b32
core   0: 0x00000000800060de (0x30200073) mret
core   0: 3 0x00000000800060de (0x30200073) c768_mstatus 0x8000000a00106080
core   0: 0x0000000080005b32 (0x0333f3b3) remu    t2, t2, s3
core   0: 1 0x0000000080005b32 (0x0333f3b3) x7  0x0000000000000000
core   0: 0x0000000080005b36 (0xd22efb53) fcvt.d.l fs6, t4
core   0: exception trap_illegal_instruction, epc 0x0000000080005b36
core   0:           tval 0x00000000d22efb53
core   0: >>>>  $xrv64i2p1_m2p0_a2p1_f2p2_d2p2_zicsr2p0_zifencei2p0_zmmul1p0_zba1p0_zbb1p0_zbc1p0_zbs1p0
core   0: 0x0000000080004000 (0x0080006f) j       pc + 0x8
core   0: 3 0x0000000080004000 (0x0080006f)
core   0: >>>>  mmode_exception_handler
core   0: 0x0000000080004008 (0x00002c17) auipc   s8, 0x2
core   0: 3 0x0000000080004008 (0x00002c17) x24 0x0000000080006008
core   0: 0x000000008000400c (0x09cc0c13) addi    s8, s8, 156
core   0: 3 0x000000008000400c (0x09cc0c13) x24 0x00000000800060a4
core   0: 0x0000000080004010 (0x000c00e7) jalr    s8
core   0: 3 0x0000000080004010 (0x000c00e7) x1  0x0000000080004014
core   0: >>>>  any_handler
core   0: 0x00000000800060a4 (0x341027f3) csrrs   a5, mepc, zero
core   0: 3 0x00000000800060a4 (0x341027f3) x15 0x0000000080005b36
core   0: 0x00000000800060a8 (0x34202773) csrrs   a4, mcause, zero
core   0: 3 0x00000000800060a8 (0x34202773) x14 0x0000000000000002
core   0: 0x00000000800060ac (0x142026f3) csrrs   a3, scause, zero
core   0: 3 0x00000000800060ac (0x142026f3) x13 0x0000000000000000
core   0: 0x00000000800060b0 (0x30402673) csrrs   a2, mie, zero
core   0: 3 0x00000000800060b0 (0x30402673) x12 0x0000000000000a00
core   0: 0x00000000800060b4 (0x344025f3) csrrs   a1, mip, zero
core   0: 3 0x00000000800060b4 (0x344025f3) x11 0x0000000000000080
core   0: 0x00000000800060b8 (0x343025f3) csrrs   a1, mtval, zero
core   0: 3 0x00000000800060b8 (0x343025f3) x11 0x00000000d22efb53
core   0: 0x00000000800060bc (0x14302573) csrrs   a0, stval, zero
core   0: 3 0x00000000800060bc (0x14302573) x10 0x000000000000001f
core   0: 0x00000000800060c0 (0xb02024f3) csrrs   s1, minstret, zero
core   0: 3 0x00000000800060c0 (0xb02024f3) x9  0x0000000000001119
core   0: 0x00000000800060c4 (0x0000a811) c.j     pc + 20
core   0: 3 0x00000000800060c4 (0xa811)
core   0: >>>>  mepc_4
core   0: 0x00000000800060d8 (0x00000791) c.addi  a5, 4
core   0: 3 0x00000000800060d8 (0x0791) x15 0x0000000080005b3a
core   0: 0x00000000800060da (0x34179073) csrrw   zero, mepc, a5
core   0: 3 0x00000000800060da (0x34179073) c833_mepc 0x0000000080005b3a
core   0: 0x00000000800060de (0x30200073) mret
core   0: 3 0x00000000800060de (0x30200073) c768_mstatus 0x8000000a00106080
core   0: 0x0000000080005b3a (0x002d1273) csrrw   tp, frm, s10
core   0: 1 0x0000000080005b3a (0x002d1273) x4  0x0000000000000007 c2_frm 0x0000000000000001
core   0: 0x0000000080005b3e (0x002d19f3) csrrw   s3, frm, s10
core   0: 1 0x0000000080005b3e (0x002d19f3) x19 0x0000000000000001 c2_frm 0x0000000000000001
core   0: 0x0000000080005b42 (0x00202cf3) csrrs   s9, frm, zero
core   0: 1 0x0000000080005b42 (0x00202cf3) x25 0x0000000000000001
core   0: 0x0000000080005b46 (0xf2050fd3) fmv.d.x ft11, a0
core   0: 1 0x0000000080005b46 (0xf2050fd3) f31 0x000000000000001f
core   0: 0x0000000080005b4a (0xf11ffe73) csrrci  t3, mvendorid, 31
core   0: exception trap_illegal_instruction, epc 0x0000000080005b4a
core   0:           tval 0x00000000f11ffe73
core   0: >>>>  $xrv64i2p1_m2p0_a2p1_f2p2_d2p2_zicsr2p0_zifencei2p0_zmmul1p0_zba1p0_zbb1p0_zbc1p0_zbs1p0
core   0: 0x0000000080004000 (0x0080006f) j       pc + 0x8
core   0: 3 0x0000000080004000 (0x0080006f)
core   0: >>>>  mmode_exception_handler
core   0: 0x0000000080004008 (0x00002c17) auipc   s8, 0x2
core   0: 3 0x0000000080004008 (0x00002c17) x24 0x0000000080006008
core   0: 0x000000008000400c (0x09cc0c13) addi    s8, s8, 156
core   0: 3 0x000000008000400c (0x09cc0c13) x24 0x00000000800060a4
core   0: 0x0000000080004010 (0x000c00e7) jalr    s8
core   0: 3 0x0000000080004010 (0x000c00e7) x1  0x0000000080004014
core   0: >>>>  any_handler
core   0: 0x00000000800060a4 (0x341027f3) csrrs   a5, mepc, zero
core   0: 3 0x00000000800060a4 (0x341027f3) x15 0x0000000080005b4a
core   0: 0x00000000800060a8 (0x34202773) csrrs   a4, mcause, zero
core   0: 3 0x00000000800060a8 (0x34202773) x14 0x0000000000000002
core   0: 0x00000000800060ac (0x142026f3) csrrs   a3, scause, zero
core   0: 3 0x00000000800060ac (0x142026f3) x13 0x0000000000000000
core   0: 0x00000000800060b0 (0x30402673) csrrs   a2, mie, zero
core   0: 3 0x00000000800060b0 (0x30402673) x12 0x0000000000000a00
core   0: 0x00000000800060b4 (0x344025f3) csrrs   a1, mip, zero
core   0: 3 0x00000000800060b4 (0x344025f3) x11 0x0000000000000080
core   0: 0x00000000800060b8 (0x343025f3) csrrs   a1, mtval, zero
core   0: 3 0x00000000800060b8 (0x343025f3) x11 0x00000000f11ffe73
core   0: 0x00000000800060bc (0x14302573) csrrs   a0, stval, zero
core   0: 3 0x00000000800060bc (0x14302573) x10 0x000000000000001f
core   0: 0x00000000800060c0 (0xb02024f3) csrrs   s1, minstret, zero
core   0: 3 0x00000000800060c0 (0xb02024f3) x9  0x000000000000112d
core   0: 0x00000000800060c4 (0x0000a811) c.j     pc + 20
core   0: 3 0x00000000800060c4 (0xa811)
core   0: >>>>  mepc_4
core   0: 0x00000000800060d8 (0x00000791) c.addi  a5, 4
core   0: 3 0x00000000800060d8 (0x0791) x15 0x0000000080005b4e
core   0: 0x00000000800060da (0x34179073) csrrw   zero, mepc, a5
core   0: 3 0x00000000800060da (0x34179073) c833_mepc 0x0000000080005b4e
core   0: 0x00000000800060de (0x30200073) mret
core   0: 3 0x00000000800060de (0x30200073) c768_mstatus 0x8000000a00106080
core   0: 0x0000000080005b4e (0x00141973) csrrw   s2, fflags, s0
core   0: 1 0x0000000080005b4e (0x00141973) x18 0x0000000000000015 c1_fflags 0x0000000000000000
core   0: 0x0000000080005b52 (0x03c9a5b3) mulhsu  a1, s3, t3
core   0: 1 0x0000000080005b52 (0x03c9a5b3) x11 0x0000000000000000
core   0: 0x0000000080005b56 (0x2300089b) addiw   a7, zero, 560
core   0: 1 0x0000000080005b56 (0x2300089b) x17 0x0000000000000230
core   0: 0x0000000080005b5a (0x02057abb) remuw   s5, a0, zero
core   0: 1 0x0000000080005b5a (0x02057abb) x21 0x000000000000001f
core   0: 0x0000000080005b5e (0xfb96871b) addiw   a4, a3, -71
core   0: 1 0x0000000080005b5e (0xfb96871b) x14 0xffffffffffffffb9
core   0: 0x0000000080005b62 (0x00149113) slli    sp, s1, 1
core   0: 1 0x0000000080005b62 (0x00149113) x2  0x000000000000225a
core   0: 0x0000000080005b66 (0x414b5a3b) sraw    s4, s6, s4
core   0: 1 0x0000000080005b66 (0x414b5a3b) x20 0x0000000000000000
core   0: 0x0000000080005b6a (0x725af2cb) fnmsub.d ft5, fs5, ft5, fa4
core   0: 1 0x0000000080005b6a (0x725af2cb) f5  0x7ff8000000000000
core   0: 0x0000000080005b6e (0x004c0c3b) addw    s8, s8, tp
core   0: 1 0x0000000080005b6e (0x004c0c3b) x24 0xffffffff800060ab
core   0: 0x0000000080005b72 (0x4194d313) srai    t1, s1, 25
core   0: 1 0x0000000080005b72 (0x4194d313) x6  0x0000000000000000
core   0: 0x0000000080005b76 (0x004b8bbb) addw    s7, s7, tp
core   0: 1 0x0000000080005b76 (0x004b8bbb) x23 0x00000000000003fe
core   0: 0x0000000080005b7a (0x3c13839b) addiw   t2, t2, 961
core   0: 1 0x0000000080005b7a (0x3c13839b) x7  0x00000000000003c1
core   0: 0x0000000080005b7e (0x225f8153) fsgnj.d ft2, ft11, ft5
core   0: 1 0x0000000080005b7e (0x225f8153) f2  0x000000000000001f
core   0: 0x0000000080005b82 (0x0177f633) and     a2, a5, s7
core   0: 1 0x0000000080005b82 (0x0177f633) x12 0x000000000000034e
core   0: 0x0000000080005b86 (0x00679e1b) slliw   t3, a5, 6
core   0: 1 0x0000000080005b86 (0x00679e1b) x28 0x000000000016d380
core   0: 0x0000000080005b8a (0x80060313) addi    t1, a2, -2048
core   0: 1 0x0000000080005b8a (0x80060313) x6  0xfffffffffffffb4e
core   0: 0x0000000080005b8e (0x01de07b3) add     a5, t3, t4
core   0: 1 0x0000000080005b8e (0x01de07b3) x15 0x000000000016d380
core   0: 0x0000000080005b92 (0xd22cf553) fcvt.d.l fa0, s9
core   0: 1 0x0000000080005b92 (0xd22cf553) f10 0x3ff0000000000000
core   0: 0x0000000080005b96 (0x03abfd53) fadd.d  fs10, fs7, fs10
core   0: 1 0x0000000080005b96 (0x03abfd53) f26 0x7ff8000000000000
core   0: 0x0000000080005b9a (0x02f9a9b3) mulhsu  s3, s3, a5
core   0: 1 0x0000000080005b9a (0x02f9a9b3) x19 0x0000000000000000
core   0: 0x0000000080005b9e (0x1007a373) csrrs   t1, sstatus, a5
core   0: 1 0x0000000080005b9e (0x1007a373) x6  0x8000000200006000 c768_mstatus 0x8000000a00146180
core   0: 0x0000000080005ba2 (0x0002acb3) slt     s9, t0, zero
core   0: 1 0x0000000080005ba2 (0x0002acb3) x25 0x0000000000000000
core   0: 0x0000000080005ba6 (0x0196563b) srlw    a2, a2, s9
core   0: 1 0x0000000080005ba6 (0x0196563b) x12 0x000000000000034e
core   0: 0x0000000080005baa (0x02c9513b) divuw   sp, s2, a2
core   0: 1 0x0000000080005baa (0x02c9513b) x2  0x0000000000000000
core   0: 0x0000000080005bae (0x420d0a53) fcvt.d.s fs4, fs10
core   0: 1 0x0000000080005bae (0x420d0a53) f20 0x7ff8000000000000
core   0: 0x0000000080005bb2 (0x022e7ebb) remuw   t4, t3, sp
core   0: 1 0x0000000080005bb2 (0x022e7ebb) x29 0x000000000016d380
core   0: 0x0000000080005bb6 (0x00102cf3) csrrs   s9, fflags, zero
core   0: 1 0x0000000080005bb6 (0x00102cf3) x25 0x0000000000000000
core   0: 0x0000000080005bba (0x0394d3b3) divu    t2, s1, s9
core   0: 1 0x0000000080005bba (0x0394d3b3) x7  0xffffffffffffffff
core   0: 0x0000000080005bbe (0xf134d873) csrrwi  a6, mimpid, 9
core   0: exception trap_illegal_instruction, epc 0x0000000080005bbe
core   0:           tval 0x00000000f134d873
core   0: >>>>  $xrv64i2p1_m2p0_a2p1_f2p2_d2p2_zicsr2p0_zifencei2p0_zmmul1p0_zba1p0_zbb1p0_zbc1p0_zbs1p0
core   0: 0x0000000080004000 (0x0080006f) j       pc + 0x8
core   0: 3 0x0000000080004000 (0x0080006f)
core   0: >>>>  mmode_exception_handler
core   0: 0x0000000080004008 (0x00002c17) auipc   s8, 0x2
core   0: 3 0x0000000080004008 (0x00002c17) x24 0x0000000080006008
core   0: 0x000000008000400c (0x09cc0c13) addi    s8, s8, 156
core   0: 3 0x000000008000400c (0x09cc0c13) x24 0x00000000800060a4
core   0: 0x0000000080004010 (0x000c00e7) jalr    s8
core   0: 3 0x0000000080004010 (0x000c00e7) x1  0x0000000080004014
core   0: >>>>  any_handler
core   0: 0x00000000800060a4 (0x341027f3) csrrs   a5, mepc, zero
core   0: 3 0x00000000800060a4 (0x341027f3) x15 0x0000000080005bbe
core   0: 0x00000000800060a8 (0x34202773) csrrs   a4, mcause, zero
core   0: 3 0x00000000800060a8 (0x34202773) x14 0x0000000000000002
core   0: 0x00000000800060ac (0x142026f3) csrrs   a3, scause, zero
core   0: 3 0x00000000800060ac (0x142026f3) x13 0x0000000000000000
core   0: 0x00000000800060b0 (0x30402673) csrrs   a2, mie, zero
core   0: 3 0x00000000800060b0 (0x30402673) x12 0x0000000000000a00
core   0: 0x00000000800060b4 (0x344025f3) csrrs   a1, mip, zero
core   0: 3 0x00000000800060b4 (0x344025f3) x11 0x0000000000000080
core   0: 0x00000000800060b8 (0x343025f3) csrrs   a1, mtval, zero
core   0: 3 0x00000000800060b8 (0x343025f3) x11 0x00000000f134d873
core   0: 0x00000000800060bc (0x14302573) csrrs   a0, stval, zero
core   0: 3 0x00000000800060bc (0x14302573) x10 0x000000000000001f
core   0: 0x00000000800060c0 (0xb02024f3) csrrs   s1, minstret, zero
core   0: 3 0x00000000800060c0 (0xb02024f3) x9  0x0000000000001159
core   0: 0x00000000800060c4 (0x0000a811) c.j     pc + 20
core   0: 3 0x00000000800060c4 (0xa811)
core   0: >>>>  mepc_4
core   0: 0x00000000800060d8 (0x00000791) c.addi  a5, 4
core   0: 3 0x00000000800060d8 (0x0791) x15 0x0000000080005bc2
core   0: 0x00000000800060da (0x34179073) csrrw   zero, mepc, a5
core   0: 3 0x00000000800060da (0x34179073) c833_mepc 0x0000000080005bc2
core   0: 0x00000000800060de (0x30200073) mret
core   0: 3 0x00000000800060de (0x30200073) c768_mstatus 0x8000000a00146180
core   0: 0x0000000080005bc2 (0xc235f9d3) fcvt.lu.d s3, fa1
core   0: 1 0x0000000080005bc2 (0xc235f9d3) x19 0x0000000000000000
core   0: 0x0000000080005bc6 (0xd21a8053) fcvt.d.wu ft0, s5
core   0: 1 0x0000000080005bc6 (0xd21a8053) f0  0x403f000000000000
core   0: 0x0000000080005bca (0x41c6d3b3) sra     t2, a3, t3
core   0: 1 0x0000000080005bca (0x41c6d3b3) x7  0x0000000000000000
core   0: 0x0000000080005bce (0x00000001) c.nop
core   0: 1 0x0000000080005bce (0x0001)
core   0: 0x0000000080005bd0 (0x407e59bb) sraw    s3, t3, t2
core   0: 1 0x0000000080005bd0 (0x407e59bb) x19 0x000000000016d380
core   0: 0x0000000080005bd4 (0xf20382d3) fmv.d.x ft5, t2
core   0: 1 0x0000000080005bd4 (0xf20382d3) f5  0x0000000000000000
core   0: 0x0000000080005bd8 (0x00139873) csrrw   a6, fflags, t2
core   0: 1 0x0000000080005bd8 (0x00139873) x16 0x0000000000000000 c1_fflags 0x0000000000000000
core   0: 0x0000000080005bdc (0x010bdb93) srli    s7, s7, 16
core   0: 1 0x0000000080005bdc (0x010bdb93) x23 0x0000000000000000
core   0: 0x0000000080005be0 (0xd20780d3) fcvt.d.w ft1, a5
core   0: 1 0x0000000080005be0 (0xd20780d3) f1  0xc1dfffe90f800000
core   0: 0x0000000080005be4 (0x4004d013) srai    zero, s1, 0
core   0: 1 0x0000000080005be4 (0x4004d013)
core   0: 0x0000000080005be8 (0x4112543b) sraw    s0, tp, a7
core   0: 1 0x0000000080005be8 (0x4112543b) x8  0x0000000000000000
core   0: 0x0000000080005bec (0xc200f3d3) fcvt.w.d t2, ft1
core   0: 1 0x0000000080005bec (0xc200f3d3) x7  0xffffffff80005bc2
core   0: 0x0000000080005bf0 (0xc0452bf3) csrrs   s7, hpmcounter4, a0
core   0: exception trap_illegal_instruction, epc 0x0000000080005bf0
core   0:           tval 0x00000000c0452bf3
core   0: >>>>  $xrv64i2p1_m2p0_a2p1_f2p2_d2p2_zicsr2p0_zifencei2p0_zmmul1p0_zba1p0_zbb1p0_zbc1p0_zbs1p0
core   0: 0x0000000080004000 (0x0080006f) j       pc + 0x8
core   0: 3 0x0000000080004000 (0x0080006f)
core   0: >>>>  mmode_exception_handler
core   0: 0x0000000080004008 (0x00002c17) auipc   s8, 0x2
core   0: 3 0x0000000080004008 (0x00002c17) x24 0x0000000080006008
core   0: 0x000000008000400c (0x09cc0c13) addi    s8, s8, 156
core   0: 3 0x000000008000400c (0x09cc0c13) x24 0x00000000800060a4
core   0: 0x0000000080004010 (0x000c00e7) jalr    s8
core   0: 3 0x0000000080004010 (0x000c00e7) x1  0x0000000080004014
core   0: >>>>  any_handler
core   0: 0x00000000800060a4 (0x341027f3) csrrs   a5, mepc, zero
core   0: 3 0x00000000800060a4 (0x341027f3) x15 0x0000000080005bf0
core   0: 0x00000000800060a8 (0x34202773) csrrs   a4, mcause, zero
core   0: 3 0x00000000800060a8 (0x34202773) x14 0x0000000000000002
core   0: 0x00000000800060ac (0x142026f3) csrrs   a3, scause, zero
core   0: 3 0x00000000800060ac (0x142026f3) x13 0x0000000000000000
core   0: 0x00000000800060b0 (0x30402673) csrrs   a2, mie, zero
core   0: 3 0x00000000800060b0 (0x30402673) x12 0x0000000000000a00
core   0: 0x00000000800060b4 (0x344025f3) csrrs   a1, mip, zero
core   0: 3 0x00000000800060b4 (0x344025f3) x11 0x0000000000000080
core   0: 0x00000000800060b8 (0x343025f3) csrrs   a1, mtval, zero
core   0: 3 0x00000000800060b8 (0x343025f3) x11 0x00000000c0452bf3
core   0: 0x00000000800060bc (0x14302573) csrrs   a0, stval, zero
core   0: 3 0x00000000800060bc (0x14302573) x10 0x000000000000001f
core   0: 0x00000000800060c0 (0xb02024f3) csrrs   s1, minstret, zero
core   0: 3 0x00000000800060c0 (0xb02024f3) x9  0x0000000000001175
core   0: 0x00000000800060c4 (0x0000a811) c.j     pc + 20
core   0: 3 0x00000000800060c4 (0xa811)
core   0: >>>>  mepc_4
core   0: 0x00000000800060d8 (0x00000791) c.addi  a5, 4
core   0: 3 0x00000000800060d8 (0x0791) x15 0x0000000080005bf4
core   0: 0x00000000800060da (0x34179073) csrrw   zero, mepc, a5
core   0: 3 0x00000000800060da (0x34179073) c833_mepc 0x0000000080005bf4
core   0: 0x00000000800060de (0x30200073) mret
core   0: 3 0x00000000800060de (0x30200073) c768_mstatus 0x8000000a00146180
core   0: 0x0000000080005bf4 (0xc22cf1d3) fcvt.l.d gp, fs9
core   0: 1 0x0000000080005bf4 (0xc22cf1d3) c1_fflags 0x0000000000000010 x3  0x7fffffffffffffff
core   0: 0x0000000080005bf8 (0x4056d29b) sraiw   t0, a3, 5
core   0: 1 0x0000000080005bf8 (0x4056d29b) x5  0x0000000000000000
core   0: 0x0000000080005bfc (0x121cfacf) fnmadd.d fs5, fs9, ft1, ft2
core   0: 1 0x0000000080005bfc (0x121cfacf) f21 0x7ff8000000000000
core   0: 0x0000000080005c00 (0xc222f953) fcvt.l.d s2, ft5
core   0: 1 0x0000000080005c00 (0xc222f953) x18 0x0000000000000000
core   0: 0x0000000080005c04 (0x3b56f3c3) fmadd.d ft7, fa3, fs5, ft7
core   0: 1 0x0000000080005c04 (0x3b56f3c3) f7  0x7ff8000000000000
core   0: 0x0000000080005c08 (0x6bb47143) fmadd.d ft2, fs0, fs11, fa3
core   0: 1 0x0000000080005c08 (0x6bb47143) f2  0x7ff8000000000000
core   0: 0x0000000080005c0c (0x007c01b3) add     gp, s8, t2
core   0: 1 0x0000000080005c0c (0x007c01b3) x3  0x000000000000bc66
core   0: 0x0000000080005c10 (0x4005db13) srai    s6, a1, 0
core   0: 1 0x0000000080005c10 (0x4005db13) x22 0x00000000c0452bf3
core   0: 0x0000000080005c14 (0xc2147853) fcvt.wu.d a6, fs0
core   0: 1 0x0000000080005c14 (0xc2147853) c1_fflags 0x0000000000000010 x16 0xffffffffffffffff
core   0: 0x0000000080005c18 (0x023e6a33) rem     s4, t3, gp
core   0: 1 0x0000000080005c18 (0x023e6a33) x20 0x0000000000000326
core   0: 0x0000000080005c1c (0x016b9bbb) sllw    s7, s7, s6
core   0: 1 0x0000000080005c1c (0x016b9bbb) x23 0x0000000000000000
core   0: 0x0000000080005c20 (0x00114e93) xori    t4, sp, 1
core   0: 1 0x0000000080005c20 (0x00114e93) x29 0x0000000000000001
core   0: 0x0000000080005c24 (0xfced3537) lui     a0, 0xfced3
core   0: 1 0x0000000080005c24 (0xfced3537) x10 0xfffffffffced3000
core   0: 0x0000000080005c28 (0x7275051b) addiw   a0, a0, 1831
core   0: 1 0x0000000080005c28 (0x7275051b) x10 0xfffffffffced3727
core   0: 0x0000000080005c2c (0x00000532) c.slli  a0, 12
core   0: 1 0x0000000080005c2c (0x0532) x10 0xffffffced3727000
core   0: 0x0000000080005c2e (0x2e150513) addi    a0, a0, 737
core   0: 1 0x0000000080005c2e (0x2e150513) x10 0xffffffced37272e1
core   0: 0x0000000080005c32 (0x40305ab3) sra     s5, zero, gp
core   0: 1 0x0000000080005c32 (0x40305ab3) x21 0x0000000000000000
core   0: 0x0000000080005c36 (0x019ad69b) srliw   a3, s5, 25
core   0: 1 0x0000000080005c36 (0x019ad69b) x13 0x0000000000000000
core   0: 0x0000000080005c3a (0x002519f3) csrrw   s3, frm, a0
core   0: 1 0x0000000080005c3a (0x002519f3) x19 0x0000000000000001 c2_frm 0x0000000000000001
core   0: 0x0000000080005c3e (0xd0357ed3) fcvt.s.lu ft9, a0
core   0: 1 0x0000000080005c3e (0xd0357ed3) c1_fflags 0x0000000000000011 f29 0xffffffff5f7fffff
core   0: 0x0000000080005c42 (0x00ed58bb) srlw    a7, s10, a4
core   0: 1 0x0000000080005c42 (0x00ed58bb) x17 0x000000003fff8000
core   0: 0x0000000080005c46 (0xc030f553) fcvt.lu.s a0, ft1
core   0: 1 0x0000000080005c46 (0xc030f553) c1_fflags 0x0000000000000011 x10 0xffffffffffffffff
core   0: 0x0000000080005c4a (0xa21c8cd3) fle.d   s9, fs9, ft1
core   0: 1 0x0000000080005c4a (0xa21c8cd3) c1_fflags 0x0000000000000011 x25 0x0000000000000000
core   0: 0x0000000080005c4e (0x003541b3) xor     gp, a0, gp
core   0: 1 0x0000000080005c4e (0x003541b3) x3  0xffffffffffff4399
core   0: 0x0000000080005c52 (0x22d20253) fsgnj.d ft4, ft4, fa3
core   0: 1 0x0000000080005c52 (0x22d20253) f4  0x7ff8000000000000
core   0: 0x0000000080005c56 (0x0372a533) mulhsu  a0, t0, s7
core   0: 1 0x0000000080005c56 (0x0372a533) x10 0x0000000000000000
core   0: 0x0000000080005c5a (0xd2367f53) fcvt.d.lu ft10, a2
core   0: 1 0x0000000080005c5a (0xd2367f53) f30 0x40a4000000000000
core   0: 0x0000000080005c5e (0x0205023b) mulw    tp, a0, zero
core   0: 1 0x0000000080005c5e (0x0205023b) x4  0x0000000000000000
core   0: 0x0000000080005c62 (0x012293bb) sllw    t2, t0, s2
core   0: 1 0x0000000080005c62 (0x012293bb) x7  0x0000000000000000
core   0: 0x0000000080005c66 (0x41238333) sub     t1, t2, s2
core   0: 1 0x0000000080005c66 (0x41238333) x6  0x0000000000000000
core   0: 0x0000000080005c6a (0x8003c293) xori    t0, t2, -2048
core   0: 1 0x0000000080005c6a (0x8003c293) x5  0xfffffffffffff800
core   0: 0x0000000080005c6e (0xbbc2e8b7) lui     a7, 0xbbc2e
core   0: 1 0x0000000080005c6e (0xbbc2e8b7) x17 0xffffffffbbc2e000
core   0: 0x0000000080005c72 (0x025817b3) mulh    a5, a6, t0
core   0: 1 0x0000000080005c72 (0x025817b3) x15 0x0000000000000000
core   0: 0x0000000080005c76 (0x000bde93) srli    t4, s7, 0
core   0: 1 0x0000000080005c76 (0x000bde93) x29 0x0000000000000000
core   0: 0x0000000080005c7a (0x034e9c33) mulh    s8, t4, s4
core   0: 1 0x0000000080005c7a (0x034e9c33) x24 0x0000000000000000
core   0: 0x0000000080005c7e (0x00102573) csrrs   a0, fflags, zero
core   0: 1 0x0000000080005c7e (0x00102573) x10 0x0000000000000011
core   0: 0x0000000080005c82 (0x293beb93) ori     s7, s7, 659
core   0: 1 0x0000000080005c82 (0x293beb93) x23 0x0000000000000293
core   0: 0x0000000080005c86 (0x9bec7c47) fmsub.d fs8, fs8, ft10, fs3
core   0: 1 0x0000000080005c86 (0x9bec7c47) c1_fflags 0x0000000000000011 f24 0xc3effffffff8af7e
core   0: 0x0000000080005c8a (0x00c2923b) sllw    tp, t0, a2
core   0: 1 0x0000000080005c8a (0x00c2923b) x4  0xfffffffffffff800
core   0: 0x0000000080005c8e (0x003494bb) sllw    s1, s1, gp
core   0: 1 0x0000000080005c8e (0x003494bb) x9  0xffffffffea000000
core   0: 0x0000000080005c92 (0x02a95a93) srli    s5, s2, 42
core   0: 1 0x0000000080005c92 (0x02a95a93) x21 0x0000000000000000
core   0: 0x0000000080005c96 (0x00025e1b) srliw   t3, tp, 0
core   0: 1 0x0000000080005c96 (0x00025e1b) x28 0xfffffffffffff800
core   0: 0x0000000080005c9a (0x037d4d3b) divw    s10, s10, s7
core   0: 1 0x0000000080005c9a (0x037d4d3b) x26 0xffffffffffffff3a
core   0: 0x0000000080005c9e (0x0000828d) c.srli  a3, 3
core   0: 1 0x0000000080005c9e (0x828d) x13 0x0000000000000000
core   0: 0x0000000080005ca0 (0x023efe33) remu    t3, t4, gp
core   0: 1 0x0000000080005ca0 (0x023efe33) x28 0x0000000000000000
core   0: 0x0000000080005ca4 (0x3440e5f3) csrrsi  a1, mip, 1
core   0: exception trap_illegal_instruction, epc 0x0000000080005ca4
core   0:           tval 0x000000003440e5f3
core   0: >>>>  $xrv64i2p1_m2p0_a2p1_f2p2_d2p2_zicsr2p0_zifencei2p0_zmmul1p0_zba1p0_zbb1p0_zbc1p0_zbs1p0
core   0: 0x0000000080004000 (0x0080006f) j       pc + 0x8
core   0: 3 0x0000000080004000 (0x0080006f)
core   0: >>>>  mmode_exception_handler
core   0: 0x0000000080004008 (0x00002c17) auipc   s8, 0x2
core   0: 3 0x0000000080004008 (0x00002c17) x24 0x0000000080006008
core   0: 0x000000008000400c (0x09cc0c13) addi    s8, s8, 156
core   0: 3 0x000000008000400c (0x09cc0c13) x24 0x00000000800060a4
core   0: 0x0000000080004010 (0x000c00e7) jalr    s8
core   0: 3 0x0000000080004010 (0x000c00e7) x1  0x0000000080004014
core   0: >>>>  any_handler
core   0: 0x00000000800060a4 (0x341027f3) csrrs   a5, mepc, zero
core   0: 3 0x00000000800060a4 (0x341027f3) x15 0x0000000080005ca4
core   0: 0x00000000800060a8 (0x34202773) csrrs   a4, mcause, zero
core   0: 3 0x00000000800060a8 (0x34202773) x14 0x0000000000000002
core   0: 0x00000000800060ac (0x142026f3) csrrs   a3, scause, zero
core   0: 3 0x00000000800060ac (0x142026f3) x13 0x0000000000000000
core   0: 0x00000000800060b0 (0x30402673) csrrs   a2, mie, zero
core   0: 3 0x00000000800060b0 (0x30402673) x12 0x0000000000000a00
core   0: 0x00000000800060b4 (0x344025f3) csrrs   a1, mip, zero
core   0: 3 0x00000000800060b4 (0x344025f3) x11 0x0000000000000080
core   0: 0x00000000800060b8 (0x343025f3) csrrs   a1, mtval, zero
core   0: 3 0x00000000800060b8 (0x343025f3) x11 0x000000003440e5f3
core   0: 0x00000000800060bc (0x14302573) csrrs   a0, stval, zero
core   0: 3 0x00000000800060bc (0x14302573) x10 0x000000000000001f
core   0: 0x00000000800060c0 (0xb02024f3) csrrs   s1, minstret, zero
core   0: 3 0x00000000800060c0 (0xb02024f3) x9  0x00000000000011b2
core   0: 0x00000000800060c4 (0x0000a811) c.j     pc + 20
core   0: 3 0x00000000800060c4 (0xa811)
core   0: >>>>  mepc_4
core   0: 0x00000000800060d8 (0x00000791) c.addi  a5, 4
core   0: 3 0x00000000800060d8 (0x0791) x15 0x0000000080005ca8
core   0: 0x00000000800060da (0x34179073) csrrw   zero, mepc, a5
core   0: 3 0x00000000800060da (0x34179073) c833_mepc 0x0000000080005ca8
core   0: 0x00000000800060de (0x30200073) mret
core   0: 3 0x00000000800060de (0x30200073) c768_mstatus 0x8000000a00146180
core   0: 0x0000000080005ca8 (0x03793a33) mulhu   s4, s2, s7
core   0: 1 0x0000000080005ca8 (0x03793a33) x20 0x0000000000000000
core   0: 0x0000000080005cac (0xc223f853) fcvt.l.d a6, ft7
core   0: 1 0x0000000080005cac (0xc223f853) c1_fflags 0x0000000000000011 x16 0x7fffffffffffffff
core   0: 0x0000000080005cb0 (0x0098549b) srliw   s1, a6, 9
core   0: 1 0x0000000080005cb0 (0x0098549b) x9  0x00000000007fffff
core   0: 0x0000000080005cb4 (0x0310603b) remw    zero, zero, a7
core   0: 1 0x0000000080005cb4 (0x0310603b)
core   0: 0x0000000080005cb8 (0x03a1ed3b) remw    s10, gp, s10
core   0: 1 0x0000000080005cb8 (0x03a1ed3b) x26 0xffffffffffffff8b
core   0: 0x0000000080005cbc (0x40840033) sub     zero, s0, s0
core   0: 1 0x0000000080005cbc (0x40840033)
core   0: 0x0000000080005cc0 (0x0120911b) slliw   sp, ra, 18
core   0: 1 0x0000000080005cc0 (0x0120911b) x2  0x0000000000500000
core   0: 0x0000000080005cc4 (0x01228533) add     a0, t0, s2
core   0: 1 0x0000000080005cc4 (0x01228533) x10 0xfffffffffffff800
core   0: 0x0000000080005cc8 (0x23cb2e53) fsgnjx.d ft8, fs6, ft8
core   0: 1 0x0000000080005cc8 (0x23cb2e53) f28 0x41b487b9c4000000
core   0: 0x0000000080005ccc (0x4016f9d3) fcvt.s.d fs3, fa3
core   0: 1 0x0000000080005ccc (0x4016f9d3) c1_fflags 0x0000000000000011 f19 0xffffffff5f7fffff
core   0: 0x0000000080005cd0 (0x00b51b1b) slliw   s6, a0, 11
core   0: 1 0x0000000080005cd0 (0x00b51b1b) x22 0xffffffffffc00000
core   0: 0x0000000080005cd4 (0xd02570d3) fcvt.s.l ft1, a0
core   0: 1 0x0000000080005cd4 (0xd02570d3) f1  0xffffffffc5000000
core   0: 0x0000000080005cd8 (0x01a3dd3b) srlw    s10, t2, s10
core   0: 1 0x0000000080005cd8 (0x01a3dd3b) x26 0x0000000000000000
core   0: 0x0000000080005cdc (0x001d5b9b) srliw   s7, s10, 1
core   0: 1 0x0000000080005cdc (0x001d5b9b) x23 0x0000000000000000
core   0: 0x0000000080005ce0 (0xfca3099b) addiw   s3, t1, -54
core   0: 1 0x0000000080005ce0 (0xfca3099b) x19 0xffffffffffffffca
core   0: 0x0000000080005ce4 (0x000ede93) srli    t4, t4, 0
core   0: 1 0x0000000080005ce4 (0x000ede93) x29 0x0000000000000000
core   0: 0x0000000080005ce8 (0x4091533b) sraw    t1, sp, s1
core   0: 1 0x0000000080005ce8 (0x4091533b) x6  0x0000000000000000
core   0: 0x0000000080005cec (0x414080b3) sub     ra, ra, s4
core   0: 1 0x0000000080005cec (0x414080b3) x1  0x0000000080004014
core   0: 0x0000000080005cf0 (0x13a7f153) fmul.d  ft2, fa5, fs10
core   0: 1 0x0000000080005cf0 (0x13a7f153) f2  0x7ff8000000000000
core   0: 0x0000000080005cf4 (0x0ff0000f) fence   iorw,iorw
core   0: 1 0x0000000080005cf4 (0x0ff0000f)
core   0: 0x0000000080005cf8 (0xa22188d3) fle.d   a7, ft3, ft2
core   0: 1 0x0000000080005cf8 (0xa22188d3) c1_fflags 0x0000000000000011 x17 0x0000000000000000
core   0: 0x0000000080005cfc (0x002ea133) slt     sp, t4, sp
core   0: 1 0x0000000080005cfc (0x002ea133) x2  0x0000000000000001
core   0: 0x0000000080005d00 (0x02f75ebb) divuw   t4, a4, a5
core   0: 1 0x0000000080005d00 (0x02f75ebb) x29 0x0000000000000000
core   0: 0x0000000080005d04 (0x00886d33) or      s10, a6, s0
core   0: 1 0x0000000080005d04 (0x00886d33) x26 0x7fffffffffffffff
core   0: 0x0000000080005d08 (0xc028f9d3) fcvt.l.s s3, fa7
core   0: 1 0x0000000080005d08 (0xc028f9d3) c1_fflags 0x0000000000000011 x19 0x7fffffffffffffff
core   0: 0x0000000080005d0c (0x40f9dc1b) sraiw   s8, s3, 15
core   0: 1 0x0000000080005d0c (0x40f9dc1b) x24 0xffffffffffffffff
core   0: 0x0000000080005d10 (0x06fdc893) xori    a7, s11, 111
core   0: 1 0x0000000080005d10 (0x06fdc893) x17 0x000000007fffa978
core   0: 0x0000000080005d14 (0xc81acb13) xori    s6, s5, -895
core   0: 1 0x0000000080005d14 (0xc81acb13) x22 0xfffffffffffffc81
core   0: 0x0000000080005d18 (0x0ae17c4f) fnmadd.d fs8, ft2, fa4, ft1
core   0: 1 0x0000000080005d18 (0x0ae17c4f) f24 0x7ff8000000000000
core   0: 0x0000000080005d1c (0x40185c1b) sraiw   s8, a6, 1
core   0: 1 0x0000000080005d1c (0x40185c1b) x24 0xffffffffffffffff
core   0: 0x0000000080005d20 (0x03366e33) rem     t3, a2, s3
core   0: 1 0x0000000080005d20 (0x03366e33) x28 0x0000000000000a00
core   0: 0x0000000080005d24 (0x0139d9bb) srlw    s3, s3, s3
core   0: 1 0x0000000080005d24 (0x0139d9bb) x19 0x0000000000000001
core   0: 0x0000000080005d28 (0xf20e8bd3) fmv.d.x fs7, t4
core   0: 1 0x0000000080005d28 (0xf20e8bd3) f23 0x0000000000000000
core   0: 0x0000000080005d2c (0x0070119b) slliw   gp, zero, 7
core   0: 1 0x0000000080005d2c (0x0070119b) x3  0x0000000000000000
core   0: 0x0000000080005d30 (0x006c70b3) and     ra, s8, t1
core   0: 1 0x0000000080005d30 (0x006c70b3) x1  0x0000000000000000
core   0: 0x0000000080005d34 (0x00102173) csrrs   sp, fflags, zero
core   0: 1 0x0000000080005d34 (0x00102173) x2  0x0000000000000011
core   0: 0x0000000080005d38 (0x0023533b) srlw    t1, t1, sp
core   0: 1 0x0000000080005d38 (0x0023533b) x6  0x0000000000000000
core   0: 0x0000000080005d3c (0xb8bdae93) slti    t4, s11, -1141
core   0: 1 0x0000000080005d3c (0xb8bdae93) x29 0x0000000000000000
core   0: 0x0000000080005d40 (0x002ef533) and     a0, t4, sp
core   0: 1 0x0000000080005d40 (0x002ef533) x10 0x0000000000000000
core   0: 0x0000000080005d44 (0xb1342237) lui     tp, 0xb1342
core   0: 1 0x0000000080005d44 (0xb1342237) x4  0xffffffffb1342000
core   0: 0x0000000080005d48 (0x00628b33) add     s6, t0, t1
core   0: 1 0x0000000080005d48 (0x00628b33) x22 0xfffffffffffff800
core   0: 0x0000000080005d4c (0x00000001) c.nop
core   0: 1 0x0000000080005d4c (0x0001)
core   0: 0x0000000080005d4e (0x02b24233) div     tp, tp, a1
core   0: 1 0x0000000080005d4e (0x02b24233) x4  0xffffffffffffffff
core   0: 0x0000000080005d52 (0x007c69b3) or      s3, s8, t2
core   0: 1 0x0000000080005d52 (0x007c69b3) x19 0xffffffffffffffff
core   0: 0x0000000080005d56 (0x03a5b0b3) mulhu   ra, a1, s10
core   0: 1 0x0000000080005d56 (0x03a5b0b3) x1  0x000000001a2072f9
core   0: 0x0000000080005d5a (0x0aebf553) fsub.d  fa0, fs7, fa4
core   0: 1 0x0000000080005d5a (0x0aebf553) f10 0x7ff8000000000000
core   0: 0x0000000080005d5e (0x0f00fa13) andi    s4, ra, 240
core   0: 1 0x0000000080005d5e (0x0f00fa13) x20 0x00000000000000f0
core   0: 0x0000000080005d62 (0x2af37ec7) fmsub.d ft9, ft6, fa5, ft5
core   0: 1 0x0000000080005d62 (0x2af37ec7) f29 0x7ff8000000000000
core   0: 0x0000000080005d66 (0x5e638d9b) addiw   s11, t2, 1510
core   0: 1 0x0000000080005d66 (0x5e638d9b) x27 0x00000000000005e6
core   0: 0x0000000080005d6a (0x1a3f7f53) fdiv.d  ft10, ft10, ft3
core   0: 1 0x0000000080005d6a (0x1a3f7f53) f30 0x7ff8000000000000
core   0: 0x0000000080005d6e (0xc21678d3) fcvt.wu.d a7, fa2
core   0: 1 0x0000000080005d6e (0xc21678d3) x17 0x0000000000000000
core   0: 0x0000000080005d72 (0x027c8733) mul     a4, s9, t2
core   0: 1 0x0000000080005d72 (0x027c8733) x14 0x0000000000000000
core   0: 0x0000000080005d76 (0x4007543b) sraw    s0, a4, zero
core   0: 1 0x0000000080005d76 (0x4007543b) x8  0x0000000000000000
core   0: 0x0000000080005d7a (0xd2070653) fcvt.d.w fa2, a4
core   0: 1 0x0000000080005d7a (0xd2070653) f12 0x0000000000000000
core   0: 0x0000000080005d7e (0x2ac61853) fmax.d  fa6, fa2, fa2
core   0: 1 0x0000000080005d7e (0x2ac61853) f16 0x0000000000000000
core   0: 0x0000000080005d82 (0x01705bbb) srlw    s7, zero, s7
core   0: 1 0x0000000080005d82 (0x01705bbb) x23 0x0000000000000000
core   0: 0x0000000080005d86 (0x028b813b) mulw    sp, s7, s0
core   0: 1 0x0000000080005d86 (0x028b813b) x2  0x0000000000000000
core   0: 0x0000000080005d8a (0x00019193) slli    gp, gp, 0
core   0: 1 0x0000000080005d8a (0x00019193) x3  0x0000000000000000
core   0: 0x0000000080005d8e (0x0361cb33) div     s6, gp, s6
core   0: 1 0x0000000080005d8e (0x0361cb33) x22 0x0000000000000000
core   0: 0x0000000080005d92 (0xc02f5673) csrrwi  a2, instret, 30
core   0: exception trap_illegal_instruction, epc 0x0000000080005d92
core   0:           tval 0x00000000c02f5673
core   0: >>>>  $xrv64i2p1_m2p0_a2p1_f2p2_d2p2_zicsr2p0_zifencei2p0_zmmul1p0_zba1p0_zbb1p0_zbc1p0_zbs1p0
core   0: 0x0000000080004000 (0x0080006f) j       pc + 0x8
core   0: 3 0x0000000080004000 (0x0080006f)
core   0: >>>>  mmode_exception_handler
core   0: 0x0000000080004008 (0x00002c17) auipc   s8, 0x2
core   0: 3 0x0000000080004008 (0x00002c17) x24 0x0000000080006008
core   0: 0x000000008000400c (0x09cc0c13) addi    s8, s8, 156
core   0: 3 0x000000008000400c (0x09cc0c13) x24 0x00000000800060a4
core   0: 0x0000000080004010 (0x000c00e7) jalr    s8
core   0: 3 0x0000000080004010 (0x000c00e7) x1  0x0000000080004014
core   0: >>>>  any_handler
core   0: 0x00000000800060a4 (0x341027f3) csrrs   a5, mepc, zero
core   0: 3 0x00000000800060a4 (0x341027f3) x15 0x0000000080005d92
core   0: 0x00000000800060a8 (0x34202773) csrrs   a4, mcause, zero
core   0: 3 0x00000000800060a8 (0x34202773) x14 0x0000000000000002
core   0: 0x00000000800060ac (0x142026f3) csrrs   a3, scause, zero
core   0: 3 0x00000000800060ac (0x142026f3) x13 0x0000000000000000
core   0: 0x00000000800060b0 (0x30402673) csrrs   a2, mie, zero
core   0: 3 0x00000000800060b0 (0x30402673) x12 0x0000000000000a00
core   0: 0x00000000800060b4 (0x344025f3) csrrs   a1, mip, zero
core   0: 3 0x00000000800060b4 (0x344025f3) x11 0x0000000000000080
core   0: 0x00000000800060b8 (0x343025f3) csrrs   a1, mtval, zero
core   0: 3 0x00000000800060b8 (0x343025f3) x11 0x00000000c02f5673
core   0: 0x00000000800060bc (0x14302573) csrrs   a0, stval, zero
core   0: 3 0x00000000800060bc (0x14302573) x10 0x000000000000001f
core   0: 0x00000000800060c0 (0xb02024f3) csrrs   s1, minstret, zero
core   0: 3 0x00000000800060c0 (0xb02024f3) x9  0x00000000000011fd
core   0: 0x00000000800060c4 (0x0000a811) c.j     pc + 20
core   0: 3 0x00000000800060c4 (0xa811)
core   0: >>>>  mepc_4
core   0: 0x00000000800060d8 (0x00000791) c.addi  a5, 4
core   0: 3 0x00000000800060d8 (0x0791) x15 0x0000000080005d96
core   0: 0x00000000800060da (0x34179073) csrrw   zero, mepc, a5
core   0: 3 0x00000000800060da (0x34179073) c833_mepc 0x0000000080005d96
core   0: 0x00000000800060de (0x30200073) mret
core   0: 3 0x00000000800060de (0x30200073) c768_mstatus 0x8000000a00146180
core   0: 0x0000000080005d96 (0x03cd2cb3) mulhsu  s9, s10, t3
core   0: 1 0x0000000080005d96 (0x03cd2cb3) x25 0x00000000000004ff
core   0: 0x0000000080005d9a (0x3550f093) andi    ra, ra, 853
core   0: 1 0x0000000080005d9a (0x3550f093) x1  0x0000000000000014
core   0: 0x0000000080005d9e (0x41a08c3b) subw    s8, ra, s10
core   0: 1 0x0000000080005d9e (0x41a08c3b) x24 0x0000000000000015
core   0: 0x0000000080005da2 (0x031c1993) slli    s3, s8, 49
core   0: 1 0x0000000080005da2 (0x031c1993) x19 0x002a000000000000
core   0: 0x0000000080005da6 (0x5a06f2d3) fsqrt.d ft5, fa3
core   0: 1 0x0000000080005da6 (0x5a06f2d3) c1_fflags 0x0000000000000011 f5  0x41effffffffc58ff
core   0: 0x0000000080005daa (0x01ebdd9b) srliw   s11, s7, 30
core   0: 1 0x0000000080005daa (0x01ebdd9b) x27 0x0000000000000000
core   0: 0x0000000080005dae (0x028c54b3) divu    s1, s8, s0
core   0: 1 0x0000000080005dae (0x028c54b3) x9  0xffffffffffffffff
core   0: 0x0000000080005db2 (0x00049c93) slli    s9, s1, 0
core   0: 1 0x0000000080005db2 (0x00049c93) x25 0xffffffffffffffff
core   0: 0x0000000080005db6 (0x036a1e13) slli    t3, s4, 54
core   0: 1 0x0000000080005db6 (0x036a1e13) x28 0x3c00000000000000
core   0: 0x0000000080005dba (0x0106183b) sllw    a6, a2, a6
core   0: 1 0x0000000080005dba (0x0106183b) x16 0x0000000000000000
core   0: 0x0000000080005dbe (0x030959b3) divu    s3, s2, a6
core   0: 1 0x0000000080005dbe (0x030959b3) x19 0xffffffffffffffff
core   0: 0x0000000080005dc2 (0x03ee70d3) fadd.d  ft1, ft8, ft10
core   0: 1 0x0000000080005dc2 (0x03ee70d3) f1  0x7ff8000000000000
core   0: 0x0000000080005dc6 (0x03437cb3) remu    s9, t1, s4
core   0: 1 0x0000000080005dc6 (0x03437cb3) x25 0x0000000000000000
core   0: 0x0000000080005dca (0xc21e7ad3) fcvt.wu.d s5, ft8
core   0: 1 0x0000000080005dca (0xc21e7ad3) x21 0x000000001487b9c4
core   0: 0x0000000080005dce (0x02757553) fadd.d  fa0, fa0, ft7
core   0: 1 0x0000000080005dce (0x02757553) f10 0x7ff8000000000000
core   0: 0x0000000080005dd2 (0x0469d1b7) lui     gp, 0x469d
core   0: 1 0x0000000080005dd2 (0x0469d1b7) x3  0x000000000469d000
core   0: 0x0000000080005dd6 (0x4b31819b) addiw   gp, gp, 1203
core   0: 1 0x0000000080005dd6 (0x4b31819b) x3  0x000000000469d4b3
core   0: 0x0000000080005dda (0x000001b2) c.slli  gp, 12
core   0: 1 0x0000000080005dda (0x01b2) x3  0x000000469d4b3000
core   0: 0x0000000080005ddc (0xee218193) addi    gp, gp, -286
core   0: 1 0x0000000080005ddc (0xee218193) x3  0x000000469d4b2ee2
core   0: 0x0000000080005de0 (0x00f7873b) addw    a4, a5, a5
core   0: 1 0x0000000080005de0 (0x00f7873b) x14 0x000000000000bb2c
core   0: 0x0000000080005de4 (0xecface97) auipc   t4, 0xecfac
core   0: 1 0x0000000080005de4 (0xecface97) x29 0x000000006cfb1de4
core   0: 0x0000000080005de8 (0x8b9e811b) addiw   sp, t4, -1863
core   0: 1 0x0000000080005de8 (0x8b9e811b) x2  0x000000006cfb169d
core   0: 0x0000000080005dec (0x01d66eb3) or      t4, a2, t4
core   0: 1 0x0000000080005dec (0x01d66eb3) x29 0x000000006cfb1fe4
core   0: 0x0000000080005df0 (0xa2738253) fle.d   tp, ft7, ft7
core   0: 1 0x0000000080005df0 (0xa2738253) c1_fflags 0x0000000000000011 x4  0x0000000000000000
core   0: 0x0000000080005df4 (0x1b2ef753) fdiv.d  fa4, ft9, fs2
core   0: 1 0x0000000080005df4 (0x1b2ef753) f14 0x7ff8000000000000
core   0: 0x0000000080005df8 (0xe2070553) fmv.x.d a0, fa4
core   0: 1 0x0000000080005df8 (0xe2070553) x10 0x7ff8000000000000
core   0: 0x0000000080005dfc (0x401274d3) fcvt.s.d fs1, ft4
core   0: 1 0x0000000080005dfc (0x401274d3) f9  0xffffffff7fc00000
core   0: 0x0000000080005e00 (0x0198ecb3) or      s9, a7, s9
core   0: 1 0x0000000080005e00 (0x0198ecb3) x25 0x0000000000000000
core   0: 0x0000000080005e04 (0x07bbb697) auipc   a3, 0x7bbb
core   0: 1 0x0000000080005e04 (0x07bbb697) x13 0x0000000087bc0e04
core   0: 0x0000000080005e08 (0x401afbd3) fcvt.s.d fs7, fs5
core   0: 1 0x0000000080005e08 (0x401afbd3) f23 0xffffffff7fc00000
core   0: 0x0000000080005e0c (0x1a288313) addi    t1, a7, 418
core   0: 1 0x0000000080005e0c (0x1a288313) x6  0x00000000000001a2
core   0: 0x0000000080005e10 (0x4063d933) sra     s2, t2, t1
core   0: 1 0x0000000080005e10 (0x4063d933) x18 0x0000000000000000
core   0: 0x0000000080005e14 (0x40fb8933) sub     s2, s7, a5
core   0: 1 0x0000000080005e14 (0x40fb8933) x18 0xffffffff7fffa26a
core   0: 0x0000000080005e18 (0x00d86eb3) or      t4, a6, a3
core   0: 1 0x0000000080005e18 (0x00d86eb3) x29 0x0000000087bc0e04
core   0: 0x0000000080005e1c (0xc0327b53) fcvt.lu.s s6, ft4
core   0: 1 0x0000000080005e1c (0xc0327b53) c1_fflags 0x0000000000000011 x22 0xffffffffffffffff
core   0: 0x0000000080005e20 (0x138bf653) fmul.d  fa2, fs7, fs8
core   0: 1 0x0000000080005e20 (0x138bf653) f12 0x7ff8000000000000
core   0: 0x0000000080005e24 (0x026b1533) mulh    a0, s6, t1
core   0: 1 0x0000000080005e24 (0x026b1533) x10 0xffffffffffffffff
core   0: 0x0000000080005e28 (0x00ccc633) xor     a2, s9, a2
core   0: 1 0x0000000080005e28 (0x00ccc633) x12 0x0000000000000a00
core   0: 0x0000000080005e2c (0xd03c7253) fcvt.s.lu ft4, s8
core   0: 1 0x0000000080005e2c (0xd03c7253) f4  0xffffffff41a80000
core   0: 0x0000000080005e30 (0x00a8c5b3) xor     a1, a7, a0
core   0: 1 0x0000000080005e30 (0x00a8c5b3) x11 0xffffffffffffffff
core   0: 0x0000000080005e34 (0x409a5cbb) sraw    s9, s4, s1
core   0: 1 0x0000000080005e34 (0x409a5cbb) x25 0x0000000000000000
core   0: 0x0000000080005e38 (0x804c8293) addi    t0, s9, -2044
core   0: 1 0x0000000080005e38 (0x804c8293) x5  0xfffffffffffff804
core   0: 0x0000000080005e3c (0x0245abb3) mulhsu  s7, a1, tp
core   0: 1 0x0000000080005e3c (0x0245abb3) x23 0x0000000000000000
core   0: 0x0000000080005e40 (0x0ff0000f) fence   iorw,iorw
core   0: 1 0x0000000080005e40 (0x0ff0000f)
core   0: 0x0000000080005e44 (0x00bba533) slt     a0, s7, a1
core   0: 1 0x0000000080005e44 (0x00bba533) x10 0x0000000000000000
core   0: 0x0000000080005e48 (0xb3e57cc3) fmadd.d fs9, fa0, ft10, fs6
core   0: 1 0x0000000080005e48 (0xb3e57cc3) f25 0x7ff8000000000000
core   0: 0x0000000080005e4c (0x03137353) fadd.d  ft6, ft6, fa7
core   0: 1 0x0000000080005e4c (0x03137353) f6  0x7ff8000000000000
core   0: 0x0000000080005e50 (0x4ad479b7) lui     s3, 0x4ad47
core   0: 1 0x0000000080005e50 (0x4ad479b7) x19 0x000000004ad47000
core   0: 0x0000000080005e54 (0x1bb2fdd3) fdiv.d  fs11, ft5, fs11
core   0: 1 0x0000000080005e54 (0x1bb2fdd3) c1_fflags 0x0000000000000019 f27 0x7ff0000000000000
core   0: 0x0000000080005e58 (0x00ae9eb3) sll     t4, t4, a0
core   0: 1 0x0000000080005e58 (0x00ae9eb3) x29 0x0000000087bc0e04
core   0: 0x0000000080005e5c (0x63377a43) fmadd.d fs4, fa4, fs3, fa2
core   0: 1 0x0000000080005e5c (0x63377a43) f20 0x7ff8000000000000
core   0: 0x0000000080005e60 (0x41cd0e3b) subw    t3, s10, t3
core   0: 1 0x0000000080005e60 (0x41cd0e3b) x28 0xffffffffffffffff
core   0: 0x0000000080005e64 (0x03d102bb) mulw    t0, sp, t4
core   0: 1 0x0000000080005e64 (0x03d102bb) x5  0xffffffffd574f074
core   0: 0x0000000080005e68 (0x0ff0000f) fence   iorw,iorw
core   0: 1 0x0000000080005e68 (0x0ff0000f)
core   0: 0x0000000080005e6c (0x401d75d3) fcvt.s.d fa1, fs10
core   0: 1 0x0000000080005e6c (0x401d75d3) f11 0xffffffff7fc00000
core   0: 0x0000000080005e70 (0x51fdcd93) xori    s11, s11, 1311
core   0: 1 0x0000000080005e70 (0x51fdcd93) x27 0x000000000000051f
core   0: 0x0000000080005e74 (0x0000960d) c.srai  a2, 35
core   0: 1 0x0000000080005e74 (0x960d) x12 0x0000000000000000
core   0: 0x0000000080005e76 (0x002026f3) csrrs   a3, frm, zero
core   0: 1 0x0000000080005e76 (0x002026f3) x13 0x0000000000000001
core   0: 0x0000000080005e7a (0x014cfa33) and     s4, s9, s4
core   0: 1 0x0000000080005e7a (0x014cfa33) x20 0x0000000000000000
core   0: 0x0000000080005e7e (0x0ff0000f) fence   iorw,iorw
core   0: 1 0x0000000080005e7e (0x0ff0000f)
core   0: 0x0000000080005e82 (0x001614f3) csrrw   s1, fflags, a2
core   0: 1 0x0000000080005e82 (0x001614f3) x9  0x0000000000000019 c1_fflags 0x0000000000000000
core   0: 0x0000000080005e86 (0xc208f2d3) fcvt.w.d t0, fa7
core   0: 1 0x0000000080005e86 (0xc208f2d3) c1_fflags 0x0000000000000010 x5  0x000000007fffffff
core   0: 0x0000000080005e8a (0x62aa7547) fmsub.d fa0, fs4, fa0, fa2
core   0: 1 0x0000000080005e8a (0x62aa7547) f10 0x7ff8000000000000
core   0: 0x0000000080005e8e (0xe7cd9ab7) lui     s5, 0xe7cd9
core   0: 1 0x0000000080005e8e (0xe7cd9ab7) x21 0xffffffffe7cd9000
core   0: 0x0000000080005e92 (0x032dabb3) mulhsu  s7, s11, s2
core   0: 1 0x0000000080005e92 (0x032dabb3) x23 0x000000000000051e
core   0: 0x0000000080005e96 (0x400dd21b) sraiw   tp, s11, 0
core   0: 1 0x0000000080005e96 (0x400dd21b) x4  0x000000000000051f
core   0: 0x0000000080005e9a (0xd028fd53) fcvt.s.l fs10, a7
core   0: 1 0x0000000080005e9a (0xd028fd53) f26 0xffffffff00000000
core   0: 0x0000000080005e9e (0x012ad93b) srlw    s2, s5, s2
core   0: 1 0x0000000080005e9e (0x012ad93b) x18 0x000000000039f364
core   0: 0x0000000080005ea2 (0xd20a8853) fcvt.d.w fa6, s5
core   0: 1 0x0000000080005ea2 (0xd20a8853) f16 0xc1b8327000000000
core   0: 0x0000000080005ea6 (0xc2067c53) fcvt.w.d s8, fa2
core   0: 1 0x0000000080005ea6 (0xc2067c53) c1_fflags 0x0000000000000010 x24 0x000000007fffffff
core   0: 0x0000000080005eaa (0xf3f1f1c3) fmadd.d ft3, ft3, ft11, ft10
core   0: 1 0x0000000080005eaa (0xf3f1f1c3) f3  0x7ff8000000000000
core   0: 0x0000000080005eae (0x038c05bb) mulw    a1, s8, s8
core   0: 1 0x0000000080005eae (0x038c05bb) x11 0x0000000000000001
core   0: 0x0000000080005eb2 (0x01281a3b) sllw    s4, a6, s2
core   0: 1 0x0000000080005eb2 (0x01281a3b) x20 0x0000000000000000
core   0: 0x0000000080005eb6 (0x014ce533) or      a0, s9, s4
core   0: 1 0x0000000080005eb6 (0x014ce533) x10 0x0000000000000000
core   0: 0x0000000080005eba (0x414554bb) sraw    s1, a0, s4
core   0: 1 0x0000000080005eba (0x414554bb) x9  0x0000000000000000
core   0: 0x0000000080005ebe (0xfbcd4093) xori    ra, s10, -68
core   0: 1 0x0000000080005ebe (0xfbcd4093) x1  0x8000000000000043
core   0: 0x0000000080005ec2 (0x029c8cb3) mul     s9, s9, s1
core   0: 1 0x0000000080005ec2 (0x029c8cb3) x25 0x0000000000000000
core   0: 0x0000000080005ec6 (0x0280c433) div     s0, ra, s0
core   0: 1 0x0000000080005ec6 (0x0280c433) x8  0xffffffffffffffff
core   0: 0x0000000080005eca (0x030b783b) remuw   a6, s6, a6
core   0: 1 0x0000000080005eca (0x030b783b) x16 0xffffffffffffffff
core   0: 0x0000000080005ece (0x01edd69b) srliw   a3, s11, 30
core   0: 1 0x0000000080005ece (0x01edd69b) x13 0x0000000000000000
core   0: 0x0000000080005ed2 (0x03de6e33) rem     t3, t3, t4
core   0: 1 0x0000000080005ed2 (0x03de6e33) x28 0xffffffffffffffff
core   0: 0x0000000080005ed6 (0xf20e0e53) fmv.d.x ft8, t3
core   0: 1 0x0000000080005ed6 (0xf20e0e53) f28 0xffffffffffffffff
core   0: 0x0000000080005eda (0x01fe509b) srliw   ra, t3, 31
core   0: 1 0x0000000080005eda (0x01fe509b) x1  0x0000000000000001
core   0: 0x0000000080005ede (0x00630133) add     sp, t1, t1
core   0: 1 0x0000000080005ede (0x00630133) x2  0x0000000000000344
core   0: 0x0000000080005ee2 (0x024c55b3) divu    a1, s8, tp
core   0: 1 0x0000000080005ee2 (0x024c55b3) x11 0x000000000018fea2
core   0: 0x0000000080005ee6 (0xc2157553) fcvt.wu.d a0, fa0
core   0: 1 0x0000000080005ee6 (0xc2157553) c1_fflags 0x0000000000000010 x10 0xffffffffffffffff
core   0: 0x0000000080005eea (0xd233fdd3) fcvt.d.lu fs11, t2
core   0: 1 0x0000000080005eea (0xd233fdd3) f27 0x0000000000000000
core   0: 0x0000000080005eee (0x00acc8b3) xor     a7, s9, a0
core   0: 1 0x0000000080005eee (0x00acc8b3) x17 0xffffffffffffffff
core   0: 0x0000000080005ef2 (0x41fed49b) sraiw   s1, t4, 31
core   0: 1 0x0000000080005ef2 (0x41fed49b) x9  0xffffffffffffffff
core   0: 0x0000000080005ef6 (0xd20785d3) fcvt.d.w fa1, a5
core   0: 1 0x0000000080005ef6 (0xd20785d3) f11 0xc1dfffe89a800000
core   0: 0x0000000080005efa (0x40cedb1b) sraiw   s6, t4, 12
core   0: 1 0x0000000080005efa (0x40cedb1b) x22 0xfffffffffff87bc0
core   0: 0x0000000080005efe (0xc21dfbd3) fcvt.wu.d s7, fs11
core   0: 1 0x0000000080005efe (0xc21dfbd3) x23 0x0000000000000000
core   0: 0x0000000080005f02 (0x0261f1d3) fadd.d  ft3, ft3, ft6
core   0: 1 0x0000000080005f02 (0x0261f1d3) f3  0x7ff8000000000000
core   0: 0x0000000080005f06 (0x5abfffcf) fnmadd.d ft11, ft11, fa1, fa1
core   0: 1 0x0000000080005f06 (0x5abfffcf) c1_fflags 0x0000000000000011 f31 0x41dfffe89a800000
core   0: 0x0000000080005f0a (0xe30873c3) fmadd.d ft7, fa6, fa6, ft8
core   0: 1 0x0000000080005f0a (0xe30873c3) f7  0x7ff8000000000000
core   0: 0x0000000080005f0e (0x00b5d0bb) srlw    ra, a1, a1
core   0: 1 0x0000000080005f0e (0x00b5d0bb) x1  0x0000000000063fa8
core   0: 0x0000000080005f12 (0xff856237) lui     tp, 0xff856
core   0: 1 0x0000000080005f12 (0xff856237) x4  0xffffffffff856000
core   0: 0x0000000080005f16 (0xbc32021b) addiw   tp, tp, -1085
core   0: 1 0x0000000080005f16 (0xbc32021b) x4  0xffffffffff855bc3
core   0: 0x0000000080005f1a (0x0000023e) c.slli  tp, 15
core   0: 1 0x0000000080005f1a (0x023e) x4  0xffffffc2ade18000
core   0: 0x0000000080005f1c (0x2b520213) addi    tp, tp, 693
core   0: 1 0x0000000080005f1c (0x2b520213) x4  0xffffffc2ade182b5
core   0: 0x0000000080005f20 (0x13ce7acf) fnmadd.d fs5, ft8, ft8, ft2
core   0: 1 0x0000000080005f20 (0x13ce7acf) f21 0x7ff8000000000000
core   0: 0x0000000080005f24 (0x01159e1b) slliw   t3, a1, 17
core   0: 1 0x0000000080005f24 (0x01159e1b) x28 0xfffffffffd440000
core   0: 0x0000000080005f28 (0x7ffe6713) ori     a4, t3, 2047
core   0: 1 0x0000000080005f28 (0x7ffe6713) x14 0xfffffffffd4407ff
core   0: 0x0000000080005f2c (0x01691933) sll     s2, s2, s6
core   0: 1 0x0000000080005f2c (0x01691933) x18 0x000000000039f364
core   0: 0x0000000080005f30 (0x001b92f3) csrrw   t0, fflags, s7
core   0: 1 0x0000000080005f30 (0x001b92f3) x5  0x0000000000000011 c1_fflags 0x0000000000000000
core   0: 0x0000000080005f34 (0x08328d13) addi    s10, t0, 131
core   0: 1 0x0000000080005f34 (0x08328d13) x26 0x0000000000000094
core   0: 0x0000000080005f38 (0x01d0e933) or      s2, ra, t4
core   0: 1 0x0000000080005f38 (0x01d0e933) x18 0x0000000087be3fac
core   0: 0x0000000080005f3c (0x3030e373) csrrsi  t1, mideleg, 1
core   0: exception trap_illegal_instruction, epc 0x0000000080005f3c
core   0:           tval 0x000000003030e373
core   0: >>>>  $xrv64i2p1_m2p0_a2p1_f2p2_d2p2_zicsr2p0_zifencei2p0_zmmul1p0_zba1p0_zbb1p0_zbc1p0_zbs1p0
core   0: 0x0000000080004000 (0x0080006f) j       pc + 0x8
core   0: 3 0x0000000080004000 (0x0080006f)
core   0: >>>>  mmode_exception_handler
core   0: 0x0000000080004008 (0x00002c17) auipc   s8, 0x2
core   0: 3 0x0000000080004008 (0x00002c17) x24 0x0000000080006008
core   0: 0x000000008000400c (0x09cc0c13) addi    s8, s8, 156
core   0: 3 0x000000008000400c (0x09cc0c13) x24 0x00000000800060a4
core   0: 0x0000000080004010 (0x000c00e7) jalr    s8
core   0: 3 0x0000000080004010 (0x000c00e7) x1  0x0000000080004014
core   0: >>>>  any_handler
core   0: 0x00000000800060a4 (0x341027f3) csrrs   a5, mepc, zero
core   0: 3 0x00000000800060a4 (0x341027f3) x15 0x0000000080005f3c
core   0: 0x00000000800060a8 (0x34202773) csrrs   a4, mcause, zero
core   0: 3 0x00000000800060a8 (0x34202773) x14 0x0000000000000002
core   0: 0x00000000800060ac (0x142026f3) csrrs   a3, scause, zero
core   0: 3 0x00000000800060ac (0x142026f3) x13 0x0000000000000000
core   0: 0x00000000800060b0 (0x30402673) csrrs   a2, mie, zero
core   0: 3 0x00000000800060b0 (0x30402673) x12 0x0000000000000a00
core   0: 0x00000000800060b4 (0x344025f3) csrrs   a1, mip, zero
core   0: 3 0x00000000800060b4 (0x344025f3) x11 0x0000000000000080
core   0: 0x00000000800060b8 (0x343025f3) csrrs   a1, mtval, zero
core   0: 3 0x00000000800060b8 (0x343025f3) x11 0x000000003030e373
core   0: 0x00000000800060bc (0x14302573) csrrs   a0, stval, zero
core   0: 3 0x00000000800060bc (0x14302573) x10 0x000000000000001f
core   0: 0x00000000800060c0 (0xb02024f3) csrrs   s1, minstret, zero
core   0: 3 0x00000000800060c0 (0xb02024f3) x9  0x0000000000001278
core   0: 0x00000000800060c4 (0x0000a811) c.j     pc + 20
core   0: 3 0x00000000800060c4 (0xa811)
core   0: >>>>  mepc_4
core   0: 0x00000000800060d8 (0x00000791) c.addi  a5, 4
core   0: 3 0x00000000800060d8 (0x0791) x15 0x0000000080005f40
core   0: 0x00000000800060da (0x34179073) csrrw   zero, mepc, a5
core   0: 3 0x00000000800060da (0x34179073) c833_mepc 0x0000000080005f40
core   0: 0x00000000800060de (0x30200073) mret
core   0: 3 0x00000000800060de (0x30200073) c768_mstatus 0x8000000a00146180
core   0: 0x0000000080005f40 (0x017ee3b3) or      t2, t4, s7
core   0: 1 0x0000000080005f40 (0x017ee3b3) x7  0x0000000087bc0e04
core   0: 0x0000000080005f44 (0x5a3b75c7) fmsub.d fa1, fs6, ft3, fa1
core   0: 1 0x0000000080005f44 (0x5a3b75c7) f11 0x7ff8000000000000
core   0: 0x0000000080005f48 (0x1b507acb) fnmsub.d fs5, ft0, fs5, ft3
core   0: 1 0x0000000080005f48 (0x1b507acb) f21 0x7ff8000000000000
core   0: 0x0000000080005f4c (0x2a2f9153) fmax.d  ft2, ft11, ft2
core   0: 1 0x0000000080005f4c (0x2a2f9153) f2  0x41dfffe89a800000
core   0: 0x0000000080005f50 (0x02c9f9b3) remu    s3, s3, a2
core   0: 1 0x0000000080005f50 (0x02c9f9b3) x19 0x0000000000000800
core   0: 0x0000000080005f54 (0x413984b3) sub     s1, s3, s3
core   0: 1 0x0000000080005f54 (0x413984b3) x9  0x0000000000000000
core   0: 0x0000000080005f58 (0x000e4e13) xori    t3, t3, 0
core   0: 1 0x0000000080005f58 (0x000e4e13) x28 0xfffffffffd440000
core   0: 0x0000000080005f5c (0x72a1754f) fnmadd.d fa0, ft2, fa0, fa4
core   0: 1 0x0000000080005f5c (0x72a1754f) f10 0x7ff8000000000000
core   0: 0x0000000080005f60 (0xfbe279c7) fmsub.d fs3, ft4, ft10, ft11
core   0: 1 0x0000000080005f60 (0xfbe279c7) f19 0x7ff8000000000000
core   0: 0x0000000080005f64 (0x016d9a3b) sllw    s4, s11, s6
core   0: 1 0x0000000080005f64 (0x016d9a3b) x20 0x000000000000051f
core   0: 0x0000000080005f68 (0x014a1333) sll     t1, s4, s4
core   0: 1 0x0000000080005f68 (0x014a1333) x6  0x0000028f80000000
core   0: 0x0000000080005f6c (0x901aae17) auipc   t3, 0x901aa
core   0: 1 0x0000000080005f6c (0x901aae17) x28 0x00000000101aff6c
core   0: 0x0000000080005f70 (0x4012dc93) srai    s9, t0, 1
core   0: 1 0x0000000080005f70 (0x4012dc93) x25 0x0000000000000008
core   0: 0x0000000080005f74 (0x026cc3bb) divw    t2, s9, t1
core   0: 1 0x0000000080005f74 (0x026cc3bb) x7  0x0000000000000000
core   0: 0x0000000080005f78 (0x00c90037) lui     zero, 0xc90
core   0: 1 0x0000000080005f78 (0x00c90037)
core   0: 0x0000000080005f7c (0x8310001b) addiw   zero, zero, -1999
core   0: 1 0x0000000080005f7c (0x8310001b)
core   0: 0x0000000080005f80 (0x00e01013) slli    zero, zero, 14
core   0: 1 0x0000000080005f80 (0x00e01013)
core   0: 0x0000000080005f84 (0x81000013) li      zero, -2032
core   0: 1 0x0000000080005f84 (0x81000013)
core   0: 0x0000000080005f88 (0x02215c13) srli    s8, sp, 34
core   0: 1 0x0000000080005f88 (0x02215c13) x24 0x0000000000000000
core   0: 0x0000000080005f8c (0xd2110f53) fcvt.d.wu ft10, sp
core   0: 1 0x0000000080005f8c (0xd2110f53) f30 0x408a200000000000
core   0: 0x0000000080005f90 (0x41b1531b) sraiw   t1, sp, 27
core   0: 1 0x0000000080005f90 (0x41b1531b) x6  0x0000000000000000
core   0: 0x0000000080005f94 (0xc219f053) fcvt.wu.d zero, fs3
core   0: 1 0x0000000080005f94 (0xc219f053) c1_fflags 0x0000000000000010
core   0: 0x0000000080005f98 (0x02fd3933) mulhu   s2, s10, a5
core   0: 1 0x0000000080005f98 (0x02fd3933) x18 0x0000000000000000
core   0: 0x0000000080005f9c (0xd2130c53) fcvt.d.wu fs8, t1
core   0: 1 0x0000000080005f9c (0xd2130c53) f24 0x0000000000000000
core   0: 0x0000000080005fa0 (0x00502633) slt     a2, zero, t0
core   0: 1 0x0000000080005fa0 (0x00502633) x12 0x0000000000000001
core   0: 0x0000000080005fa4 (0x41248bb3) sub     s7, s1, s2
core   0: 1 0x0000000080005fa4 (0x41248bb3) x23 0x0000000000000000
core   0: 0x0000000080005fa8 (0x03104b37) lui     s6, 0x3104
core   0: 1 0x0000000080005fa8 (0x03104b37) x22 0x0000000003104000
core   0: 0x0000000080005fac (0x7e9b0b1b) addiw   s6, s6, 2025
core   0: 1 0x0000000080005fac (0x7e9b0b1b) x22 0x00000000031047e9
core   0: 0x0000000080005fb0 (0x00000b36) c.slli  s6, 13
core   0: 1 0x0000000080005fb0 (0x0b36) x22 0x0000006208fd2000
core   0: 0x0000000080005fb2 (0xf93b0b13) addi    s6, s6, -109
core   0: 1 0x0000000080005fb2 (0xf93b0b13) x22 0x0000006208fd1f93
core   0: 0x0000000080005fb6 (0xd225fdd3) fcvt.d.l fs11, a1
core   0: 1 0x0000000080005fb6 (0xd225fdd3) f27 0x41c81871b9800000
core   0: 0x0000000080005fba (0x03790bb3) mul     s7, s2, s7
core   0: 1 0x0000000080005fba (0x03790bb3) x23 0x0000000000000000
core   0: 0x0000000080005fbe (0x2358a8d3) fsgnjx.d fa7, fa7, fs5
core   0: 1 0x0000000080005fbe (0x2358a8d3) f17 0x7ff8000000000000
core   0: 0x0000000080005fc2 (0xf13bb4f3) csrrc   s1, mimpid, s7
core   0: exception trap_illegal_instruction, epc 0x0000000080005fc2
core   0:           tval 0x00000000f13bb4f3
core   0: >>>>  $xrv64i2p1_m2p0_a2p1_f2p2_d2p2_zicsr2p0_zifencei2p0_zmmul1p0_zba1p0_zbb1p0_zbc1p0_zbs1p0
core   0: 0x0000000080004000 (0x0080006f) j       pc + 0x8
core   0: 3 0x0000000080004000 (0x0080006f)
core   0: >>>>  mmode_exception_handler
core   0: 0x0000000080004008 (0x00002c17) auipc   s8, 0x2
core   0: 3 0x0000000080004008 (0x00002c17) x24 0x0000000080006008
core   0: 0x000000008000400c (0x09cc0c13) addi    s8, s8, 156
core   0: 3 0x000000008000400c (0x09cc0c13) x24 0x00000000800060a4
core   0: 0x0000000080004010 (0x000c00e7) jalr    s8
core   0: 3 0x0000000080004010 (0x000c00e7) x1  0x0000000080004014
core   0: >>>>  any_handler
core   0: 0x00000000800060a4 (0x341027f3) csrrs   a5, mepc, zero
core   0: 3 0x00000000800060a4 (0x341027f3) x15 0x0000000080005fc2
core   0: 0x00000000800060a8 (0x34202773) csrrs   a4, mcause, zero
core   0: 3 0x00000000800060a8 (0x34202773) x14 0x0000000000000002
core   0: 0x00000000800060ac (0x142026f3) csrrs   a3, scause, zero
core   0: 3 0x00000000800060ac (0x142026f3) x13 0x0000000000000000
core   0: 0x00000000800060b0 (0x30402673) csrrs   a2, mie, zero
core   0: 3 0x00000000800060b0 (0x30402673) x12 0x0000000000000a00
core   0: 0x00000000800060b4 (0x344025f3) csrrs   a1, mip, zero
core   0: 3 0x00000000800060b4 (0x344025f3) x11 0x0000000000000080
core   0: 0x00000000800060b8 (0x343025f3) csrrs   a1, mtval, zero
core   0: 3 0x00000000800060b8 (0x343025f3) x11 0x00000000f13bb4f3
core   0: 0x00000000800060bc (0x14302573) csrrs   a0, stval, zero
core   0: 3 0x00000000800060bc (0x14302573) x10 0x000000000000001f
core   0: 0x00000000800060c0 (0xb02024f3) csrrs   s1, minstret, zero
core   0: 3 0x00000000800060c0 (0xb02024f3) x9  0x00000000000012a9
core   0: 0x00000000800060c4 (0x0000a811) c.j     pc + 20
core   0: 3 0x00000000800060c4 (0xa811)
core   0: >>>>  mepc_4
core   0: 0x00000000800060d8 (0x00000791) c.addi  a5, 4
core   0: 3 0x00000000800060d8 (0x0791) x15 0x0000000080005fc6
core   0: 0x00000000800060da (0x34179073) csrrw   zero, mepc, a5
core   0: 3 0x00000000800060da (0x34179073) c833_mepc 0x0000000080005fc6
core   0: 0x00000000800060de (0x30200073) mret
core   0: 3 0x00000000800060de (0x30200073) c768_mstatus 0x8000000a00146180
core   0: 0x0000000080005fc6 (0x00189ef3) csrrw   t4, fflags, a7
core   0: 1 0x0000000080005fc6 (0x00189ef3) x29 0x0000000000000010 c1_fflags 0x000000000000001f
core   0: 0x0000000080005fca (0x00102cf3) csrrs   s9, fflags, zero
core   0: 1 0x0000000080005fca (0x00102cf3) x25 0x000000000000001f
core   0: 0x0000000080005fce (0x00062893) slti    a7, a2, 0
core   0: 1 0x0000000080005fce (0x00062893) x17 0x0000000000000000
core   0: 0x0000000080005fd2 (0x65567c17) auipc   s8, 0x65567
core   0: 1 0x0000000080005fd2 (0x65567c17) x24 0x00000000e556cfd2
core   0: 0x0000000080005fd6 (0x0389ed33) rem     s10, s3, s8
core   0: 1 0x0000000080005fd6 (0x0389ed33) x26 0x0000000000000800
core   0: 0x0000000080005fda (0x038c12b3) mulh    t0, s8, s8
core   0: 1 0x0000000080005fda (0x038c12b3) x5  0x0000000000000000
core   0: 0x0000000080005fde (0xc238fe53) fcvt.lu.d t3, fa7
core   0: 1 0x0000000080005fde (0xc238fe53) c1_fflags 0x000000000000001f x28 0xffffffffffffffff
core   0: 0x0000000080005fe2 (0x237f8853) fsgnj.d fa6, ft11, fs7
core   0: 1 0x0000000080005fe2 (0x237f8853) f16 0xc1dfffe89a800000
core   0: 0x0000000080005fe6 (0x001d7c33) and     s8, s10, ra
core   0: 1 0x0000000080005fe6 (0x001d7c33) x24 0x0000000000000000
core   0: 0x0000000080005fea (0x5a047f53) fsqrt.d ft10, fs0
core   0: 1 0x0000000080005fea (0x5a047f53) f30 0x7ff8000000000000
core   0: 0x0000000080005fee (0x02015113) srli    sp, sp, 32
core   0: 1 0x0000000080005fee (0x02015113) x2  0x0000000000000000
core   0: 0x0000000080005ff2 (0x02e3b533) mulhu   a0, t2, a4
core   0: 1 0x0000000080005ff2 (0x02e3b533) x10 0x0000000000000000
core   0: 0x0000000080005ff6 (0xd21105d3) fcvt.d.wu fa1, sp
core   0: 1 0x0000000080005ff6 (0xd21105d3) f11 0x0000000000000000
core   0: 0x0000000080005ffa (0x02454233) div     tp, a0, tp
core   0: 1 0x0000000080005ffa (0x02454233) x4  0x0000000000000000
core   0: 0x0000000080005ffe (0x001a9073) csrrw   zero, fflags, s5
core   0: 1 0x0000000080005ffe (0x001a9073) c1_fflags 0x0000000000000000
core   0: 0x0000000080006002 (0x00b91cbb) sllw    s9, s2, a1
core   0: 1 0x0000000080006002 (0x00b91cbb) x25 0x0000000000000000
core   0: 0x0000000080006006 (0x00e5921b) slliw   tp, a1, 14
core   0: 1 0x0000000080006006 (0x00e5921b) x4  0xffffffffed3cc000
core   0: 0x000000008000600a (0x00202173) csrrs   sp, frm, zero
core   0: 1 0x000000008000600a (0x00202173) x2  0x0000000000000001
core   0: 0x000000008000600e (0x029d8db3) mul     s11, s11, s1
core   0: 1 0x000000008000600e (0x029d8db3) x27 0x00000000005f8f77
core   0: 0x0000000080006012 (0x005a5c9b) srliw   s9, s4, 5
core   0: 1 0x0000000080006012 (0x005a5c9b) x25 0x0000000000000028
core   0: 0x0000000080006016 (0x221a9253) fsgnjn.d ft4, fs5, ft1
core   0: 1 0x0000000080006016 (0x221a9253) f4  0xfff8000000000000
core   0: 0x000000008000601a (0x0319c5bb) divw    a1, s3, a7
core   0: 1 0x000000008000601a (0x0319c5bb) x11 0xffffffffffffffff
core   0: 0x000000008000601e (0xd23cf053) fcvt.d.lu ft0, s9
core   0: 1 0x000000008000601e (0xd23cf053) f0  0x4044000000000000
core   0: 0x0000000080006022 (0x41dcde3b) sraw    t3, s9, t4
core   0: 1 0x0000000080006022 (0x41dcde3b) x28 0x0000000000000000
core   0: 0x0000000080006026 (0x00d5873b) addw    a4, a1, a3
core   0: 1 0x0000000080006026 (0x00d5873b) x14 0xffffffffffffffff
core   0: 0x000000008000602a (0xc0297953) fcvt.l.s s2, fs2
core   0: 1 0x000000008000602a (0xc0297953) c1_fflags 0x0000000000000010 x18 0x7fffffffffffffff
core   0: 0x000000008000602e (0x00fbdd1b) srliw   s10, s7, 15
core   0: 1 0x000000008000602e (0x00fbdd1b) x26 0x0000000000000000
core   0: 0x0000000080006032 (0x22009ed3) fsgnjn.d ft9, ft1, ft0
core   0: 1 0x0000000080006032 (0x22009ed3) f29 0xfff8000000000000
core   0: 0x0000000080006036 (0x83f44b13) xori    s6, s0, -1985
core   0: 1 0x0000000080006036 (0x83f44b13) x22 0x00000000000007c0
core   0: 0x000000008000603a (0xf20104d3) fmv.d.x fs1, sp
core   0: 1 0x000000008000603a (0xf20104d3) f9  0x0000000000000001
core   0: 0x000000008000603e (0x012714bb) sllw    s1, a4, s2
core   0: 1 0x000000008000603e (0x012714bb) x9  0xffffffff80000000
core   0: 0x0000000080006042 (0x02c4d933) divu    s2, s1, a2
core   0: 1 0x0000000080006042 (0x02c4d933) x18 0x00199999998ccccc
core   0: 0x0000000080006046 (0x4141513b) sraw    sp, sp, s4
core   0: 1 0x0000000080006046 (0x4141513b) x2  0x0000000000000000
core   0: 0x000000008000604a (0x00c71e9b) slliw   t4, a4, 12
core   0: 1 0x000000008000604a (0x00c71e9b) x29 0xfffffffffffff000
core   0: 0x000000008000604e (0x0162559b) srliw   a1, tp, 22
core   0: 1 0x000000008000604e (0x0162559b) x11 0x00000000000003b4
core   0: 0x0000000080006052 (0x029c5dbb) divuw   s11, s8, s1
core   0: 1 0x0000000080006052 (0x029c5dbb) x27 0x0000000000000000
core   0: 0x0000000080006056 (0x40845433) sra     s0, s0, s0
core   0: 1 0x0000000080006056 (0x40845433) x8  0xffffffffffffffff
core   0: 0x000000008000605a (0x40e8d7b3) sra     a5, a7, a4
core   0: 1 0x000000008000605a (0x40e8d7b3) x15 0x0000000000000000
core   0: 0x000000008000605e (0xf2070353) fmv.d.x ft6, a4
core   0: 1 0x000000008000605e (0xf2070353) f6  0xffffffffffffffff
core   0: 0x0000000080006062 (0x038c53bb) divuw   t2, s8, s8
core   0: 1 0x0000000080006062 (0x038c53bb) x7  0xffffffffffffffff
core   0: 0x0000000080006066 (0x02837f53) fadd.d  ft10, ft6, fs0
core   0: 1 0x0000000080006066 (0x02837f53) f30 0x7ff8000000000000
core   0: 0x000000008000606a (0xde3bc013) xori    zero, s7, -541
core   0: 1 0x000000008000606a (0xde3bc013)
core   0: 0x000000008000606e (0x025862bb) remw    t0, a6, t0
core   0: 1 0x000000008000606e (0x025862bb) x5  0xffffffffffffffff
core   0: 0x0000000080006072 (0xc21e7053) fcvt.wu.d zero, ft8
core   0: 1 0x0000000080006072 (0xc21e7053) c1_fflags 0x0000000000000010
core   0: 0x0000000080006076 (0x02487833) remu    a6, a6, tp
core   0: 1 0x0000000080006076 (0x02487833) x16 0x0000000012c33fff
core   0: 0x000000008000607a (0x0028f1b3) and     gp, a7, sp
core   0: 1 0x000000008000607a (0x0028f1b3) x3  0x0000000000000000
core   0: 0x000000008000607e (0x00015e93) srli    t4, sp, 0
core   0: 1 0x000000008000607e (0x00015e93) x29 0x0000000000000000
core   0: 0x0000000080006082 (0x003eabb3) slt     s7, t4, gp
core   0: 1 0x0000000080006082 (0x003eabb3) x23 0x0000000000000000
core   0: 0x0000000080006086 (0x343eab73) csrrs   s6, mtval, t4
core   0: exception trap_illegal_instruction, epc 0x0000000080006086
core   0:           tval 0x00000000343eab73
core   0: >>>>  $xrv64i2p1_m2p0_a2p1_f2p2_d2p2_zicsr2p0_zifencei2p0_zmmul1p0_zba1p0_zbb1p0_zbc1p0_zbs1p0
core   0: 0x0000000080004000 (0x0080006f) j       pc + 0x8
core   0: 3 0x0000000080004000 (0x0080006f)
core   0: >>>>  mmode_exception_handler
core   0: 0x0000000080004008 (0x00002c17) auipc   s8, 0x2
core   0: 3 0x0000000080004008 (0x00002c17) x24 0x0000000080006008
core   0: 0x000000008000400c (0x09cc0c13) addi    s8, s8, 156
core   0: 3 0x000000008000400c (0x09cc0c13) x24 0x00000000800060a4
core   0: 0x0000000080004010 (0x000c00e7) jalr    s8
core   0: 3 0x0000000080004010 (0x000c00e7) x1  0x0000000080004014
core   0: >>>>  any_handler
core   0: 0x00000000800060a4 (0x341027f3) csrrs   a5, mepc, zero
core   0: 3 0x00000000800060a4 (0x341027f3) x15 0x0000000080006086
core   0: 0x00000000800060a8 (0x34202773) csrrs   a4, mcause, zero
core   0: 3 0x00000000800060a8 (0x34202773) x14 0x0000000000000002
core   0: 0x00000000800060ac (0x142026f3) csrrs   a3, scause, zero
core   0: 3 0x00000000800060ac (0x142026f3) x13 0x0000000000000000
core   0: 0x00000000800060b0 (0x30402673) csrrs   a2, mie, zero
core   0: 3 0x00000000800060b0 (0x30402673) x12 0x0000000000000a00
core   0: 0x00000000800060b4 (0x344025f3) csrrs   a1, mip, zero
core   0: 3 0x00000000800060b4 (0x344025f3) x11 0x0000000000000080
core   0: 0x00000000800060b8 (0x343025f3) csrrs   a1, mtval, zero
core   0: 3 0x00000000800060b8 (0x343025f3) x11 0x00000000343eab73
core   0: 0x00000000800060bc (0x14302573) csrrs   a0, stval, zero
core   0: 3 0x00000000800060bc (0x14302573) x10 0x000000000000001f
core   0: 0x00000000800060c0 (0xb02024f3) csrrs   s1, minstret, zero
core   0: 3 0x00000000800060c0 (0xb02024f3) x9  0x00000000000012e9
core   0: 0x00000000800060c4 (0x0000a811) c.j     pc + 20
core   0: 3 0x00000000800060c4 (0xa811)
core   0: >>>>  mepc_4
core   0: 0x00000000800060d8 (0x00000791) c.addi  a5, 4
core   0: 3 0x00000000800060d8 (0x0791) x15 0x000000008000608a
core   0: 0x00000000800060da (0x34179073) csrrw   zero, mepc, a5
core   0: 3 0x00000000800060da (0x34179073) c833_mepc 0x000000008000608a
core   0: 0x00000000800060de (0x30200073) mret
core   0: 3 0x00000000800060de (0x30200073) c768_mstatus 0x8000000a00146180
core   0: 0x000000008000608a (0x023071d3) fadd.d  ft3, ft0, ft3
core   0: 1 0x000000008000608a (0x023071d3) f3  0x7ff8000000000000
core   0: 0x000000008000608e (0x420987d3) fcvt.d.s fa5, fs3
core   0: 1 0x000000008000608e (0x420987d3) f15 0x7ff8000000000000
core   0: 0x0000000080006092 (0xd222f0d3) fcvt.d.l ft1, t0
core   0: 1 0x0000000080006092 (0xd222f0d3) f1  0xbff0000000000000
core   0: 0x0000000080006096 (0x031a7ed3) fadd.d  ft9, fs4, fa7
core   0: 1 0x0000000080006096 (0x031a7ed3) f29 0x7ff8000000000000
core   0: 0x000000008000609a (0x00b2dbb3) srl     s7, t0, a1
core   0: 1 0x000000008000609a (0x00b2dbb3) x23 0x0000000000001fff
core   0: >>>>  write_tohost
core   0: 0x000000008000609e (0x946fa0ef) jal     pc - 0x5eba
core   0: 1 0x000000008000609e (0x946fa0ef) x1  0x00000000800060a2
core   0: >>>>  _exit
core   0: 0x00000000800001e4 (0x00004505) c.li    a0, 1
core   0: 1 0x00000000800001e4 (0x4505) x10 0x0000000000000001
core   0: 0x00000000800001e6 (0x00001f17) auipc   t5, 0x1
core   0: 1 0x00000000800001e6 (0x00001f17) x30 0x00000000800011e6
core   0: 0x00000000800001ea (0xe0af2d23) sw      a0, -486(t5)
core   0: 1 0x00000000800001ea (0xe0af2d23) mem 0x0000000080001000 0x00000001
cp /home/server/RISCV/cva6/verif/sim/out/seed_1219/spike_sim/new_seeds_1219_.cv64a6_imafdc_sv39.log.iss /home/server/RISCV/cva6/verif/sim/out/seed_1219/spike_sim/new_seeds_1219_.cv64a6_imafdc_sv39.log
