Makefile:14: must set CVA6_REPO_DIR to point at the root of CVA6 sources and CVA6_TB_DIR to point here -- doing it for you...
LD_LIBRARY_PATH="$(realpath ../../tools/spike/lib):$LD_LIBRARY_PATH" \
	/home/server/RISCV/cva6/tools/spike/bin/spike --steps=2000000  --log-commits --isa=rv64gc_zba_zbb_zbs_zbc_zicsr_zifencei --priv=msu -l /home/server/RISCV/cva6/verif/sim/out/seed_961/directed_asm_tests/new_seeds_961_.o
[SPIKE] Max simulation steps: 2000000
[SPIKE] Proc 0 | ISA: rv64gc_zba_zbb_zbs_zbc_zicsr_zifencei PRIV: msu
[SPIKE] Initializing memories...
core   0: 0x0000000000010000 (0x00100413) li      s0, 1
core   0: 3 0x0000000000010000 (0x00100413) x8  0x0000000000000001
core   0: 0x0000000000010004 (0x01f41413) slli    s0, s0, 31
core   0: 3 0x0000000000010004 (0x01f41413) x8  0x0000000080000000
core   0: 0x0000000000010008 (0xf1402573) csrrs   a0, mhartid, zero
core   0: 3 0x0000000000010008 (0xf1402573) x10 0x0000000000000000
core   0: 0x000000000001000c (0x00000597) auipc   a1, 0x0
core   0: 3 0x000000000001000c (0x00000597) x11 0x000000000001000c
core   0: 0x0000000000010010 (0x07458593) addi    a1, a1, 116
core   0: 3 0x0000000000010010 (0x07458593) x11 0x0000000000010080
core   0: 0x0000000000010014 (0x00040067) jr      s0
core   0: 3 0x0000000000010014 (0x00040067)
core   0: >>>>  _start
core   0: 0x0000000080000000 (0x00004081) c.li    ra, 0
core   0: 3 0x0000000080000000 (0x4081) x1  0x0000000000000000
core   0: 0x0000000080000002 (0x00004101) c.li    sp, 0
core   0: 3 0x0000000080000002 (0x4101) x2  0x0000000000000000
core   0: 0x0000000080000004 (0x00004181) c.li    gp, 0
core   0: 3 0x0000000080000004 (0x4181) x3  0x0000000000000000
core   0: 0x0000000080000006 (0x00004201) c.li    tp, 0
core   0: 3 0x0000000080000006 (0x4201) x4  0x0000000000000000
core   0: 0x0000000080000008 (0x00004281) c.li    t0, 0
core   0: 3 0x0000000080000008 (0x4281) x5  0x0000000000000000
core   0: 0x000000008000000a (0x00004301) c.li    t1, 0
core   0: 3 0x000000008000000a (0x4301) x6  0x0000000000000000
core   0: 0x000000008000000c (0x00004381) c.li    t2, 0
core   0: 3 0x000000008000000c (0x4381) x7  0x0000000000000000
core   0: 0x000000008000000e (0x00004401) c.li    s0, 0
core   0: 3 0x000000008000000e (0x4401) x8  0x0000000000000000
core   0: 0x0000000080000010 (0x00004481) c.li    s1, 0
core   0: 3 0x0000000080000010 (0x4481) x9  0x0000000000000000
core   0: 0x0000000080000012 (0x00004501) c.li    a0, 0
core   0: 3 0x0000000080000012 (0x4501) x10 0x0000000000000000
core   0: 0x0000000080000014 (0x00004581) c.li    a1, 0
core   0: 3 0x0000000080000014 (0x4581) x11 0x0000000000000000
core   0: 0x0000000080000016 (0x00004601) c.li    a2, 0
core   0: 3 0x0000000080000016 (0x4601) x12 0x0000000000000000
core   0: 0x0000000080000018 (0x00004681) c.li    a3, 0
core   0: 3 0x0000000080000018 (0x4681) x13 0x0000000000000000
core   0: 0x000000008000001a (0x00004701) c.li    a4, 0
core   0: 3 0x000000008000001a (0x4701) x14 0x0000000000000000
core   0: 0x000000008000001c (0x00004781) c.li    a5, 0
core   0: 3 0x000000008000001c (0x4781) x15 0x0000000000000000
core   0: 0x000000008000001e (0x00004801) c.li    a6, 0
core   0: 3 0x000000008000001e (0x4801) x16 0x0000000000000000
core   0: 0x0000000080000020 (0x00004881) c.li    a7, 0
core   0: 3 0x0000000080000020 (0x4881) x17 0x0000000000000000
core   0: 0x0000000080000022 (0x00004901) c.li    s2, 0
core   0: 3 0x0000000080000022 (0x4901) x18 0x0000000000000000
core   0: 0x0000000080000024 (0x00004981) c.li    s3, 0
core   0: 3 0x0000000080000024 (0x4981) x19 0x0000000000000000
core   0: 0x0000000080000026 (0x00004a01) c.li    s4, 0
core   0: 3 0x0000000080000026 (0x4a01) x20 0x0000000000000000
core   0: 0x0000000080000028 (0x00004a81) c.li    s5, 0
core   0: 3 0x0000000080000028 (0x4a81) x21 0x0000000000000000
core   0: 0x000000008000002a (0x00004b01) c.li    s6, 0
core   0: 3 0x000000008000002a (0x4b01) x22 0x0000000000000000
core   0: 0x000000008000002c (0x00004b81) c.li    s7, 0
core   0: 3 0x000000008000002c (0x4b81) x23 0x0000000000000000
core   0: 0x000000008000002e (0x00004c01) c.li    s8, 0
core   0: 3 0x000000008000002e (0x4c01) x24 0x0000000000000000
core   0: 0x0000000080000030 (0x00004c81) c.li    s9, 0
core   0: 3 0x0000000080000030 (0x4c81) x25 0x0000000000000000
core   0: 0x0000000080000032 (0x00004d01) c.li    s10, 0
core   0: 3 0x0000000080000032 (0x4d01) x26 0x0000000000000000
core   0: 0x0000000080000034 (0x00004d81) c.li    s11, 0
core   0: 3 0x0000000080000034 (0x4d81) x27 0x0000000000000000
core   0: 0x0000000080000036 (0x00004e01) c.li    t3, 0
core   0: 3 0x0000000080000036 (0x4e01) x28 0x0000000000000000
core   0: 0x0000000080000038 (0x00004e81) c.li    t4, 0
core   0: 3 0x0000000080000038 (0x4e81) x29 0x0000000000000000
core   0: 0x000000008000003a (0x00004f01) c.li    t5, 0
core   0: 3 0x000000008000003a (0x4f01) x30 0x0000000000000000
core   0: 0x000000008000003c (0x00004f81) c.li    t6, 0
core   0: 3 0x000000008000003c (0x4f81) x31 0x0000000000000000
core   0: 0x000000008000003e (0x000062f9) c.lui   t0, 0x1e
core   0: 3 0x000000008000003e (0x62f9) x5  0x000000000001e000
core   0: 0x0000000080000040 (0x3002a073) csrrs   zero, mstatus, t0
core   0: 3 0x0000000080000040 (0x3002a073) c768_mstatus 0x8000000a00006000
core   0: 0x0000000080000044 (0x00004285) c.li    t0, 1
core   0: 3 0x0000000080000044 (0x4285) x5  0x0000000000000001
core   0: 0x0000000080000046 (0x000002fe) c.slli  t0, 31
core   0: 3 0x0000000080000046 (0x02fe) x5  0x0000000080000000
core   0: 0x0000000080000048 (0x0002d863) bge     t0, zero, pc + 16
core   0: 3 0x0000000080000048 (0x0002d863)
core   0: 0x0000000080000058 (0x00000297) auipc   t0, 0x0
core   0: 3 0x0000000080000058 (0x00000297) x5  0x0000000080000058
core   0: 0x000000008000005c (0x09028293) addi    t0, t0, 144
core   0: 3 0x000000008000005c (0x09028293) x5  0x00000000800000e8
core   0: 0x0000000080000060 (0x30529073) csrrw   zero, mtvec, t0
core   0: 3 0x0000000080000060 (0x30529073) c773_mtvec 0x00000000800000e8
core   0: 0x0000000080000064 (0x00301073) csrrw   zero, fcsr, zero
core   0: 3 0x0000000080000064 (0x00301073) c1_fflags 0x0000000000000000 c2_frm 0x0000000000000000
core   0: 0x0000000080000068 (0xf0000053) fmv.w.x ft0, zero
core   0: 3 0x0000000080000068 (0xf0000053) f0  0xffffffff00000000
core   0: 0x000000008000006c (0xf00000d3) fmv.w.x ft1, zero
core   0: 3 0x000000008000006c (0xf00000d3) f1  0xffffffff00000000
core   0: 0x0000000080000070 (0xf0000153) fmv.w.x ft2, zero
core   0: 3 0x0000000080000070 (0xf0000153) f2  0xffffffff00000000
core   0: 0x0000000080000074 (0xf00001d3) fmv.w.x ft3, zero
core   0: 3 0x0000000080000074 (0xf00001d3) f3  0xffffffff00000000
core   0: 0x0000000080000078 (0xf0000253) fmv.w.x ft4, zero
core   0: 3 0x0000000080000078 (0xf0000253) f4  0xffffffff00000000
core   0: 0x000000008000007c (0xf00002d3) fmv.w.x ft5, zero
core   0: 3 0x000000008000007c (0xf00002d3) f5  0xffffffff00000000
core   0: 0x0000000080000080 (0xf0000353) fmv.w.x ft6, zero
core   0: 3 0x0000000080000080 (0xf0000353) f6  0xffffffff00000000
core   0: 0x0000000080000084 (0xf00003d3) fmv.w.x ft7, zero
core   0: 3 0x0000000080000084 (0xf00003d3) f7  0xffffffff00000000
core   0: 0x0000000080000088 (0xf0000453) fmv.w.x fs0, zero
core   0: 3 0x0000000080000088 (0xf0000453) f8  0xffffffff00000000
core   0: 0x000000008000008c (0xf00004d3) fmv.w.x fs1, zero
core   0: 3 0x000000008000008c (0xf00004d3) f9  0xffffffff00000000
core   0: 0x0000000080000090 (0xf0000553) fmv.w.x fa0, zero
core   0: 3 0x0000000080000090 (0xf0000553) f10 0xffffffff00000000
core   0: 0x0000000080000094 (0xf00005d3) fmv.w.x fa1, zero
core   0: 3 0x0000000080000094 (0xf00005d3) f11 0xffffffff00000000
core   0: 0x0000000080000098 (0xf0000653) fmv.w.x fa2, zero
core   0: 3 0x0000000080000098 (0xf0000653) f12 0xffffffff00000000
core   0: 0x000000008000009c (0xf00006d3) fmv.w.x fa3, zero
core   0: 3 0x000000008000009c (0xf00006d3) f13 0xffffffff00000000
core   0: 0x00000000800000a0 (0xf0000753) fmv.w.x fa4, zero
core   0: 3 0x00000000800000a0 (0xf0000753) f14 0xffffffff00000000
core   0: 0x00000000800000a4 (0xf00007d3) fmv.w.x fa5, zero
core   0: 3 0x00000000800000a4 (0xf00007d3) f15 0xffffffff00000000
core   0: 0x00000000800000a8 (0xf0000853) fmv.w.x fa6, zero
core   0: 3 0x00000000800000a8 (0xf0000853) f16 0xffffffff00000000
core   0: 0x00000000800000ac (0xf00008d3) fmv.w.x fa7, zero
core   0: 3 0x00000000800000ac (0xf00008d3) f17 0xffffffff00000000
core   0: 0x00000000800000b0 (0xf0000953) fmv.w.x fs2, zero
core   0: 3 0x00000000800000b0 (0xf0000953) f18 0xffffffff00000000
core   0: 0x00000000800000b4 (0xf00009d3) fmv.w.x fs3, zero
core   0: 3 0x00000000800000b4 (0xf00009d3) f19 0xffffffff00000000
core   0: 0x00000000800000b8 (0xf0000a53) fmv.w.x fs4, zero
core   0: 3 0x00000000800000b8 (0xf0000a53) f20 0xffffffff00000000
core   0: 0x00000000800000bc (0xf0000ad3) fmv.w.x fs5, zero
core   0: 3 0x00000000800000bc (0xf0000ad3) f21 0xffffffff00000000
core   0: 0x00000000800000c0 (0xf0000b53) fmv.w.x fs6, zero
core   0: 3 0x00000000800000c0 (0xf0000b53) f22 0xffffffff00000000
core   0: 0x00000000800000c4 (0xf0000bd3) fmv.w.x fs7, zero
core   0: 3 0x00000000800000c4 (0xf0000bd3) f23 0xffffffff00000000
core   0: 0x00000000800000c8 (0xf0000c53) fmv.w.x fs8, zero
core   0: 3 0x00000000800000c8 (0xf0000c53) f24 0xffffffff00000000
core   0: 0x00000000800000cc (0xf0000cd3) fmv.w.x fs9, zero
core   0: 3 0x00000000800000cc (0xf0000cd3) f25 0xffffffff00000000
core   0: 0x00000000800000d0 (0xf0000d53) fmv.w.x fs10, zero
core   0: 3 0x00000000800000d0 (0xf0000d53) f26 0xffffffff00000000
core   0: 0x00000000800000d4 (0xf0000dd3) fmv.w.x fs11, zero
core   0: 3 0x00000000800000d4 (0xf0000dd3) f27 0xffffffff00000000
core   0: 0x00000000800000d8 (0xf0000e53) fmv.w.x ft8, zero
core   0: 3 0x00000000800000d8 (0xf0000e53) f28 0xffffffff00000000
core   0: 0x00000000800000dc (0xf0000ed3) fmv.w.x ft9, zero
core   0: 3 0x00000000800000dc (0xf0000ed3) f29 0xffffffff00000000
core   0: 0x00000000800000e0 (0xf0000f53) fmv.w.x ft10, zero
core   0: 3 0x00000000800000e0 (0xf0000f53) f30 0xffffffff00000000
core   0: 0x00000000800000e4 (0xf0000fd3) fmv.w.x ft11, zero
core   0: 3 0x00000000800000e4 (0xf0000fd3) f31 0xffffffff00000000
core   0: 0x00000000800000e8 (0x00000297) auipc   t0, 0x0
core   0: 3 0x00000000800000e8 (0x00000297) x5  0x00000000800000e8
core   0: 0x00000000800000ec (0x03c28293) addi    t0, t0, 60
core   0: 3 0x00000000800000ec (0x03c28293) x5  0x0000000080000124
core   0: 0x00000000800000f0 (0x30529073) csrrw   zero, mtvec, t0
core   0: 3 0x00000000800000f0 (0x30529073) c773_mtvec 0x0000000080000124
core   0: 0x00000000800000f4 (0x00011197) auipc   gp, 0x11
core   0: 3 0x00000000800000f4 (0x00011197) x3  0x00000000800110f4
core   0: 0x00000000800000f8 (0x73418193) addi    gp, gp, 1844
core   0: 3 0x00000000800000f8 (0x73418193) x3  0x0000000080011828
core   0: 0x00000000800000fc (0x00011217) auipc   tp, 0x11
core   0: 3 0x00000000800000fc (0x00011217) x4  0x00000000800110fc
core   0: 0x0000000080000100 (0xf8320213) addi    tp, tp, -125
core   0: 3 0x0000000080000100 (0xf8320213) x4  0x000000008001107f
core   0: 0x0000000080000104 (0xfc027213) andi    tp, tp, -64
core   0: 3 0x0000000080000104 (0xfc027213) x4  0x0000000080011040
core   0: 0x0000000080000108 (0xf1402573) csrrs   a0, mhartid, zero
core   0: 3 0x0000000080000108 (0xf1402573) x10 0x0000000000000000
core   0: 0x000000008000010c (0x00004585) c.li    a1, 1
core   0: 3 0x000000008000010c (0x4585) x11 0x0000000000000001
core   0: 0x000000008000010e (0x00b57063) bgeu    a0, a1, pc + 0
core   0: 3 0x000000008000010e (0x00b57063)
core   0: 0x0000000080000112 (0x00150113) addi    sp, a0, 1
core   0: 3 0x0000000080000112 (0x00150113) x2  0x0000000000000001
core   0: 0x0000000080000116 (0x00000146) c.slli  sp, 17
core   0: 3 0x0000000080000116 (0x0146) x2  0x0000000000020000
core   0: 0x0000000080000118 (0x00009112) c.add   sp, tp
core   0: 3 0x0000000080000118 (0x9112) x2  0x0000000080031040
core   0: 0x000000008000011a (0x01151613) slli    a2, a0, 17
core   0: 3 0x000000008000011a (0x01151613) x12 0x0000000000000000
core   0: 0x000000008000011e (0x00009232) c.add   tp, a2
core   0: 3 0x000000008000011e (0x9232) x4  0x0000000080011040
core   0: 0x0000000080000120 (0x4820e06f) j       pc + 0xe482
core   0: 3 0x0000000080000120 (0x4820e06f)
core   0: >>>>  _init
core   0: 0x000000008000e5a2 (0x00007171) c.addi16sp sp, -176
core   0: 3 0x000000008000e5a2 (0x7171) x2  0x0000000080030f90
core   0: 0x000000008000e5a4 (0x0000f506) c.sdsp  ra, 168(sp)
core   0: 3 0x000000008000e5a4 (0xf506) mem 0x0000000080031038 0x0000000000000000
core   0: 0x000000008000e5a6 (0x0000f122) c.sdsp  s0, 160(sp)
core   0: 3 0x000000008000e5a6 (0xf122) mem 0x0000000080031030 0x0000000000000000
core   0: 0x000000008000e5a8 (0x0000ed26) c.sdsp  s1, 152(sp)
core   0: 3 0x000000008000e5a8 (0xed26) mem 0x0000000080031028 0x0000000000000000
core   0: 0x000000008000e5aa (0x00001900) c.addi4spn s0, sp, 176
core   0: 3 0x000000008000e5aa (0x1900) x8  0x0000000080031040
core   0: 0x000000008000e5ac (0x000087aa) c.mv    a5, a0
core   0: 3 0x000000008000e5ac (0x87aa) x15 0x0000000000000000
core   0: 0x000000008000e5ae (0x0000872e) c.mv    a4, a1
core   0: 3 0x000000008000e5ae (0x872e) x14 0x0000000000000001
core   0: 0x000000008000e5b0 (0xf4f42e23) sw      a5, -164(s0)
core   0: 3 0x000000008000e5b0 (0xf4f42e23) mem 0x0000000080030f9c 0x00000000
core   0: 0x000000008000e5b4 (0x000087ba) c.mv    a5, a4
core   0: 3 0x000000008000e5b4 (0x87ba) x15 0x0000000000000001
core   0: 0x000000008000e5b6 (0xf4f42c23) sw      a5, -168(s0)
core   0: 3 0x000000008000e5b6 (0xf4f42c23) mem 0x0000000080030f98 0x00000001
core   0: 0x000000008000e5ba (0xfe040793) addi    a5, s0, -32
core   0: 3 0x000000008000e5ba (0xfe040793) x15 0x0000000080031020
core   0: 0x000000008000e5be (0xf4f43823) sd      a5, -176(s0)
core   0: 3 0x000000008000e5be (0xf4f43823) mem 0x0000000080030f90 0x0000000080031020
core   0: 0x000000008000e5c2 (0xf5043783) ld      a5, -176(s0)
core   0: 3 0x000000008000e5c2 (0xf5043783) x15 0x0000000080031020 mem 0x0000000080030f90
core   0: 0x000000008000e5c6 (0xf8078793) addi    a5, a5, -128
core   0: 3 0x000000008000e5c6 (0xf8078793) x15 0x0000000080030fa0
core   0: 0x000000008000e5ca (0x03f78793) addi    a5, a5, 63
core   0: 3 0x000000008000e5ca (0x03f78793) x15 0x0000000080030fdf
core   0: 0x000000008000e5ce (0x00008399) c.srli  a5, 6
core   0: 3 0x000000008000e5ce (0x8399) x15 0x0000000002000c3f
core   0: 0x000000008000e5d0 (0x00679493) slli    s1, a5, 6
core   0: 3 0x000000008000e5d0 (0x00679493) x9  0x0000000080030fc0
core   0: 0x000000008000e5d4 (0xf65ff0ef) jal     pc - 0x9c
core   0: 3 0x000000008000e5d4 (0xf65ff0ef) x1  0x000000008000e5d8
core   0: >>>>  init_tls
core   0: 0x000000008000e538 (0x00001101) c.addi  sp, -32
core   0: 3 0x000000008000e538 (0x1101) x2  0x0000000080030f70
core   0: 0x000000008000e53a (0x0000ec06) c.sdsp  ra, 24(sp)
core   0: 3 0x000000008000e53a (0xec06) mem 0x0000000080030f88 0x000000008000e5d8
core   0: 0x000000008000e53c (0x0000e822) c.sdsp  s0, 16(sp)
core   0: 3 0x000000008000e53c (0xe822) mem 0x0000000080030f80 0x0000000080031040
core   0: 0x000000008000e53e (0x00001000) c.addi4spn s0, sp, 32
core   0: 3 0x000000008000e53e (0x1000) x8  0x0000000080030f90
core   0: 0x000000008000e540 (0x00003717) auipc   a4, 0x3
core   0: 3 0x000000008000e540 (0x00003717) x14 0x0000000080011540
core   0: 0x000000008000e544 (0xae870713) addi    a4, a4, -1304
core   0: 3 0x000000008000e544 (0xae870713) x14 0x0000000080011028
core   0: 0x000000008000e548 (0x00003797) auipc   a5, 0x3
core   0: 3 0x000000008000e548 (0x00003797) x15 0x0000000080011548
core   0: 0x000000008000e54c (0xae078793) addi    a5, a5, -1312
core   0: 3 0x000000008000e54c (0xae078793) x15 0x0000000080011028
core   0: 0x000000008000e550 (0x40f707b3) sub     a5, a4, a5
core   0: 3 0x000000008000e550 (0x40f707b3) x15 0x0000000000000000
core   0: 0x000000008000e554 (0xfef43423) sd      a5, -24(s0)
core   0: 3 0x000000008000e554 (0xfef43423) mem 0x0000000080030f78 0x0000000000000000
core   0: 0x000000008000e558 (0x00008792) c.mv    a5, tp
core   0: 3 0x000000008000e558 (0x8792) x15 0x0000000080011040
core   0: 0x000000008000e55a (0xfe843603) ld      a2, -24(s0)
core   0: 3 0x000000008000e55a (0xfe843603) x12 0x0000000000000000 mem 0x0000000080030f78
core   0: 0x000000008000e55e (0x00003597) auipc   a1, 0x3
core   0: 3 0x000000008000e55e (0x00003597) x11 0x000000008001155e
core   0: 0x000000008000e562 (0xaca58593) addi    a1, a1, -1334
core   0: 3 0x000000008000e562 (0xaca58593) x11 0x0000000080011028
core   0: 0x000000008000e566 (0x0000853e) c.mv    a0, a5
core   0: 3 0x000000008000e566 (0x853e) x10 0x0000000080011040
core   0: 0x000000008000e568 (0x0f9000ef) jal     pc + 0x8f8
core   0: 3 0x000000008000e568 (0x0f9000ef) x1  0x000000008000e56c
core   0: >>>>  memcpy
core   0: 0x000000008000ee60 (0x0000715d) c.addi16sp sp, -80
core   0: 3 0x000000008000ee60 (0x715d) x2  0x0000000080030f20
core   0: 0x000000008000ee62 (0x0000e4a2) c.sdsp  s0, 72(sp)
core   0: 3 0x000000008000ee62 (0xe4a2) mem 0x0000000080030f68 0x0000000080030f90
core   0: 0x000000008000ee64 (0x00000880) c.addi4spn s0, sp, 80
core   0: 3 0x000000008000ee64 (0x0880) x8  0x0000000080030f70
core   0: 0x000000008000ee66 (0xfca43423) sd      a0, -56(s0)
core   0: 3 0x000000008000ee66 (0xfca43423) mem 0x0000000080030f38 0x0000000080011040
core   0: 0x000000008000ee6a (0xfcb43023) sd      a1, -64(s0)
core   0: 3 0x000000008000ee6a (0xfcb43023) mem 0x0000000080030f30 0x0000000080011028
core   0: 0x000000008000ee6e (0xfac43c23) sd      a2, -72(s0)
core   0: 3 0x000000008000ee6e (0xfac43c23) mem 0x0000000080030f28 0x0000000000000000
core   0: 0x000000008000ee72 (0xfc843703) ld      a4, -56(s0)
core   0: 3 0x000000008000ee72 (0xfc843703) x14 0x0000000080011040 mem 0x0000000080030f38
core   0: 0x000000008000ee76 (0xfc043783) ld      a5, -64(s0)
core   0: 3 0x000000008000ee76 (0xfc043783) x15 0x0000000080011028 mem 0x0000000080030f30
core   0: 0x000000008000ee7a (0x00008f5d) c.or    a4, a5
core   0: 3 0x000000008000ee7a (0x8f5d) x14 0x0000000080011068
core   0: 0x000000008000ee7c (0xfb843783) ld      a5, -72(s0)
core   0: 3 0x000000008000ee7c (0xfb843783) x15 0x0000000000000000 mem 0x0000000080030f28
core   0: 0x000000008000ee80 (0x00008fd9) c.or    a5, a4
core   0: 3 0x000000008000ee80 (0x8fd9) x15 0x0000000080011068
core   0: 0x000000008000ee82 (0x00008b9d) c.andi  a5, 7
core   0: 3 0x000000008000ee82 (0x8b9d) x15 0x0000000000000000
core   0: 0x000000008000ee84 (0x0000e3b1) c.bnez  a5, pc + 68
core   0: 3 0x000000008000ee84 (0xe3b1)
core   0: 0x000000008000ee86 (0xfc043783) ld      a5, -64(s0)
core   0: 3 0x000000008000ee86 (0xfc043783) x15 0x0000000080011028 mem 0x0000000080030f30
core   0: 0x000000008000ee8a (0xfef43423) sd      a5, -24(s0)
core   0: 3 0x000000008000ee8a (0xfef43423) mem 0x0000000080030f58 0x0000000080011028
core   0: 0x000000008000ee8e (0xfc843783) ld      a5, -56(s0)
core   0: 3 0x000000008000ee8e (0xfc843783) x15 0x0000000080011040 mem 0x0000000080030f38
core   0: 0x000000008000ee92 (0xfef43023) sd      a5, -32(s0)
core   0: 3 0x000000008000ee92 (0xfef43023) mem 0x0000000080030f50 0x0000000080011040
core   0: 0x000000008000ee96 (0x0000a839) c.j     pc + 30
core   0: 3 0x000000008000ee96 (0xa839)
core   0: 0x000000008000eeb4 (0xfc843703) ld      a4, -56(s0)
core   0: 3 0x000000008000eeb4 (0xfc843703) x14 0x0000000080011040 mem 0x0000000080030f38
core   0: 0x000000008000eeb8 (0xfb843783) ld      a5, -72(s0)
core   0: 3 0x000000008000eeb8 (0xfb843783) x15 0x0000000000000000 mem 0x0000000080030f28
core   0: 0x000000008000eebc (0x000097ba) c.add   a5, a4
core   0: 3 0x000000008000eebc (0x97ba) x15 0x0000000080011040
core   0: 0x000000008000eebe (0xfe043703) ld      a4, -32(s0)
core   0: 3 0x000000008000eebe (0xfe043703) x14 0x0000000080011040 mem 0x0000000080030f50
core   0: 0x000000008000eec2 (0xfcf76be3) bltu    a4, a5, pc - 42
core   0: 3 0x000000008000eec2 (0xfcf76be3)
core   0: 0x000000008000eec6 (0x0000a099) c.j     pc + 70
core   0: 3 0x000000008000eec6 (0xa099)
core   0: 0x000000008000ef0c (0xfc843783) ld      a5, -56(s0)
core   0: 3 0x000000008000ef0c (0xfc843783) x15 0x0000000080011040 mem 0x0000000080030f38
core   0: 0x000000008000ef10 (0x0000853e) c.mv    a0, a5
core   0: 3 0x000000008000ef10 (0x853e) x10 0x0000000080011040
core   0: 0x000000008000ef12 (0x00006426) c.ldsp  s0, 72(sp)
core   0: 3 0x000000008000ef12 (0x6426) x8  0x0000000080030f90 mem 0x0000000080030f68
core   0: 0x000000008000ef14 (0x00006161) c.addi16sp sp, 80
core   0: 3 0x000000008000ef14 (0x6161) x2  0x0000000080030f70
core   0: 0x000000008000ef16 (0x00008082) ret
core   0: 3 0x000000008000ef16 (0x8082)
core   0: 0x000000008000e56c (0x00003717) auipc   a4, 0x3
core   0: 3 0x000000008000e56c (0x00003717) x14 0x000000008001156c
core   0: 0x000000008000e570 (0xb5870713) addi    a4, a4, -1192
core   0: 3 0x000000008000e570 (0xb5870713) x14 0x00000000800110c4
core   0: 0x000000008000e574 (0x00003797) auipc   a5, 0x3
core   0: 3 0x000000008000e574 (0x00003797) x15 0x0000000080011574
core   0: 0x000000008000e578 (0xab478793) addi    a5, a5, -1356
core   0: 3 0x000000008000e578 (0xab478793) x15 0x0000000080011028
core   0: 0x000000008000e57c (0x40f707b3) sub     a5, a4, a5
core   0: 3 0x000000008000e57c (0x40f707b3) x15 0x000000000000009c
core   0: 0x000000008000e580 (0xfef43023) sd      a5, -32(s0)
core   0: 3 0x000000008000e580 (0xfef43023) mem 0x0000000080030f70 0x000000000000009c
core   0: 0x000000008000e584 (0x00008712) c.mv    a4, tp
core   0: 3 0x000000008000e584 (0x8712) x14 0x0000000080011040
core   0: 0x000000008000e586 (0xfe843783) ld      a5, -24(s0)
core   0: 3 0x000000008000e586 (0xfe843783) x15 0x0000000000000000 mem 0x0000000080030f78
core   0: 0x000000008000e58a (0x000097ba) c.add   a5, a4
core   0: 3 0x000000008000e58a (0x97ba) x15 0x0000000080011040
core   0: 0x000000008000e58c (0xfe043603) ld      a2, -32(s0)
core   0: 3 0x000000008000e58c (0xfe043603) x12 0x000000000000009c mem 0x0000000080030f70
core   0: 0x000000008000e590 (0x00004581) c.li    a1, 0
core   0: 3 0x000000008000e590 (0x4581) x11 0x0000000000000000
core   0: 0x000000008000e592 (0x0000853e) c.mv    a0, a5
core   0: 3 0x000000008000e592 (0x853e) x10 0x0000000080011040
core   0: 0x000000008000e594 (0x185000ef) jal     pc + 0x984
core   0: 3 0x000000008000e594 (0x185000ef) x1  0x000000008000e598
core   0: >>>>  memset
core   0: 0x000000008000ef18 (0x0000715d) c.addi16sp sp, -80
core   0: 3 0x000000008000ef18 (0x715d) x2  0x0000000080030f20
core   0: 0x000000008000ef1a (0x0000e4a2) c.sdsp  s0, 72(sp)
core   0: 3 0x000000008000ef1a (0xe4a2) mem 0x0000000080030f68 0x0000000080030f90
core   0: 0x000000008000ef1c (0x00000880) c.addi4spn s0, sp, 80
core   0: 3 0x000000008000ef1c (0x0880) x8  0x0000000080030f70
core   0: 0x000000008000ef1e (0xfca43423) sd      a0, -56(s0)
core   0: 3 0x000000008000ef1e (0xfca43423) mem 0x0000000080030f38 0x0000000080011040
core   0: 0x000000008000ef22 (0x000087ae) c.mv    a5, a1
core   0: 3 0x000000008000ef22 (0x87ae) x15 0x0000000000000000
core   0: 0x000000008000ef24 (0xfac43c23) sd      a2, -72(s0)
core   0: 3 0x000000008000ef24 (0xfac43c23) mem 0x0000000080030f28 0x000000000000009c
core   0: 0x000000008000ef28 (0xfcf42223) sw      a5, -60(s0)
core   0: 3 0x000000008000ef28 (0xfcf42223) mem 0x0000000080030f34 0x00000000
core   0: 0x000000008000ef2c (0xfc843703) ld      a4, -56(s0)
core   0: 3 0x000000008000ef2c (0xfc843703) x14 0x0000000080011040 mem 0x0000000080030f38
core   0: 0x000000008000ef30 (0xfb843783) ld      a5, -72(s0)
core   0: 3 0x000000008000ef30 (0xfb843783) x15 0x000000000000009c mem 0x0000000080030f28
core   0: 0x000000008000ef34 (0x00008fd9) c.or    a5, a4
core   0: 3 0x000000008000ef34 (0x8fd9) x15 0x00000000800110dc
core   0: 0x000000008000ef36 (0x00008b9d) c.andi  a5, 7
core   0: 3 0x000000008000ef36 (0x8b9d) x15 0x0000000000000004
core   0: 0x000000008000ef38 (0x0000e7bd) c.bnez  a5, pc + 110
core   0: 3 0x000000008000ef38 (0xe7bd)
core   0: 0x000000008000efa6 (0xfc843783) ld      a5, -56(s0)
core   0: 3 0x000000008000efa6 (0xfc843783) x15 0x0000000080011040 mem 0x0000000080030f38
core   0: 0x000000008000efaa (0xfef43023) sd      a5, -32(s0)
core   0: 3 0x000000008000efaa (0xfef43023) mem 0x0000000080030f50 0x0000000080011040
core   0: 0x000000008000efae (0x0000a829) c.j     pc + 26
core   0: 3 0x000000008000efae (0xa829)
core   0: 0x000000008000efc8 (0xfc843703) ld      a4, -56(s0)
core   0: 3 0x000000008000efc8 (0xfc843703) x14 0x0000000080011040 mem 0x0000000080030f38
core   0: 0x000000008000efcc (0xfb843783) ld      a5, -72(s0)
core   0: 3 0x000000008000efcc (0xfb843783) x15 0x000000000000009c mem 0x0000000080030f28
core   0: 0x000000008000efd0 (0x000097ba) c.add   a5, a4
core   0: 3 0x000000008000efd0 (0x97ba) x15 0x00000000800110dc
core   0: 0x000000008000efd2 (0xfe043703) ld      a4, -32(s0)
core   0: 3 0x000000008000efd2 (0xfe043703) x14 0x0000000080011040 mem 0x0000000080030f50
core   0: 0x000000008000efd6 (0xfcf76de3) bltu    a4, a5, pc - 38
core   0: 3 0x000000008000efd6 (0xfcf76de3)
core   0: 0x000000008000efb0 (0xfe043783) ld      a5, -32(s0)
core   0: 3 0x000000008000efb0 (0xfe043783) x15 0x0000000080011040 mem 0x0000000080030f50
core   0: 0x000000008000efb4 (0x00178713) addi    a4, a5, 1
core   0: 3 0x000000008000efb4 (0x00178713) x14 0x0000000080011041
core   0: 0x000000008000efb8 (0xfee43023) sd      a4, -32(s0)
core   0: 3 0x000000008000efb8 (0xfee43023) mem 0x0000000080030f50 0x0000000080011041
core   0: 0x000000008000efbc (0xfc442703) lw      a4, -60(s0)
core   0: 3 0x000000008000efbc (0xfc442703) x14 0x0000000000000000 mem 0x0000000080030f34
core   0: 0x000000008000efc0 (0x0ff77713) andi    a4, a4, 255
core   0: 3 0x000000008000efc0 (0x0ff77713) x14 0x0000000000000000
core   0: 0x000000008000efc4 (0x00e78023) sb      a4, 0(a5)
core   0: 3 0x000000008000efc4 (0x00e78023) mem 0x0000000080011040 0x00
core   0: 0x000000008000efc8 (0xfc843703) ld      a4, -56(s0)
core   0: 3 0x000000008000efc8 (0xfc843703) x14 0x0000000080011040 mem 0x0000000080030f38
core   0: 0x000000008000efcc (0xfb843783) ld      a5, -72(s0)
core   0: 3 0x000000008000efcc (0xfb843783) x15 0x000000000000009c mem 0x0000000080030f28
core   0: 0x000000008000efd0 (0x000097ba) c.add   a5, a4
core   0: 3 0x000000008000efd0 (0x97ba) x15 0x00000000800110dc
core   0: 0x000000008000efd2 (0xfe043703) ld      a4, -32(s0)
core   0: 3 0x000000008000efd2 (0xfe043703) x14 0x0000000080011041 mem 0x0000000080030f50
core   0: 0x000000008000efd6 (0xfcf76de3) bltu    a4, a5, pc - 38
core   0: 3 0x000000008000efd6 (0xfcf76de3)
core   0: 0x000000008000efb0 (0xfe043783) ld      a5, -32(s0)
core   0: 3 0x000000008000efb0 (0xfe043783) x15 0x0000000080011041 mem 0x0000000080030f50
core   0: 0x000000008000efb4 (0x00178713) addi    a4, a5, 1
core   0: 3 0x000000008000efb4 (0x00178713) x14 0x0000000080011042
core   0: 0x000000008000efb8 (0xfee43023) sd      a4, -32(s0)
core   0: 3 0x000000008000efb8 (0xfee43023) mem 0x0000000080030f50 0x0000000080011042
core   0: 0x000000008000efbc (0xfc442703) lw      a4, -60(s0)
core   0: 3 0x000000008000efbc (0xfc442703) x14 0x0000000000000000 mem 0x0000000080030f34
core   0: 0x000000008000efc0 (0x0ff77713) andi    a4, a4, 255
core   0: 3 0x000000008000efc0 (0x0ff77713) x14 0x0000000000000000
core   0: 0x000000008000efc4 (0x00e78023) sb      a4, 0(a5)
core   0: 3 0x000000008000efc4 (0x00e78023) mem 0x0000000080011041 0x00
core   0: 0x000000008000efc8 (0xfc843703) ld      a4, -56(s0)
core   0: 3 0x000000008000efc8 (0xfc843703) x14 0x0000000080011040 mem 0x0000000080030f38
core   0: 0x000000008000efcc (0xfb843783) ld      a5, -72(s0)
core   0: 3 0x000000008000efcc (0xfb843783) x15 0x000000000000009c mem 0x0000000080030f28
core   0: 0x000000008000efd0 (0x000097ba) c.add   a5, a4
core   0: 3 0x000000008000efd0 (0x97ba) x15 0x00000000800110dc
core   0: 0x000000008000efd2 (0xfe043703) ld      a4, -32(s0)
core   0: 3 0x000000008000efd2 (0xfe043703) x14 0x0000000080011042 mem 0x0000000080030f50
core   0: 0x000000008000efd6 (0xfcf76de3) bltu    a4, a5, pc - 38
core   0: 3 0x000000008000efd6 (0xfcf76de3)
core   0: 0x000000008000efb0 (0xfe043783) ld      a5, -32(s0)
core   0: 3 0x000000008000efb0 (0xfe043783) x15 0x0000000080011042 mem 0x0000000080030f50
core   0: 0x000000008000efb4 (0x00178713) addi    a4, a5, 1
core   0: 3 0x000000008000efb4 (0x00178713) x14 0x0000000080011043
core   0: 0x000000008000efb8 (0xfee43023) sd      a4, -32(s0)
core   0: 3 0x000000008000efb8 (0xfee43023) mem 0x0000000080030f50 0x0000000080011043
core   0: 0x000000008000efbc (0xfc442703) lw      a4, -60(s0)
core   0: 3 0x000000008000efbc (0xfc442703) x14 0x0000000000000000 mem 0x0000000080030f34
core   0: 0x000000008000efc0 (0x0ff77713) andi    a4, a4, 255
core   0: 3 0x000000008000efc0 (0x0ff77713) x14 0x0000000000000000
core   0: 0x000000008000efc4 (0x00e78023) sb      a4, 0(a5)
core   0: 3 0x000000008000efc4 (0x00e78023) mem 0x0000000080011042 0x00
core   0: 0x000000008000efc8 (0xfc843703) ld      a4, -56(s0)
core   0: 3 0x000000008000efc8 (0xfc843703) x14 0x0000000080011040 mem 0x0000000080030f38
core   0: 0x000000008000efcc (0xfb843783) ld      a5, -72(s0)
core   0: 3 0x000000008000efcc (0xfb843783) x15 0x000000000000009c mem 0x0000000080030f28
core   0: 0x000000008000efd0 (0x000097ba) c.add   a5, a4
core   0: 3 0x000000008000efd0 (0x97ba) x15 0x00000000800110dc
core   0: 0x000000008000efd2 (0xfe043703) ld      a4, -32(s0)
core   0: 3 0x000000008000efd2 (0xfe043703) x14 0x0000000080011043 mem 0x0000000080030f50
core   0: 0x000000008000efd6 (0xfcf76de3) bltu    a4, a5, pc - 38
core   0: 3 0x000000008000efd6 (0xfcf76de3)
core   0: 0x000000008000efb0 (0xfe043783) ld      a5, -32(s0)
core   0: 3 0x000000008000efb0 (0xfe043783) x15 0x0000000080011043 mem 0x0000000080030f50
core   0: 0x000000008000efb4 (0x00178713) addi    a4, a5, 1
core   0: 3 0x000000008000efb4 (0x00178713) x14 0x0000000080011044
core   0: 0x000000008000efb8 (0xfee43023) sd      a4, -32(s0)
core   0: 3 0x000000008000efb8 (0xfee43023) mem 0x0000000080030f50 0x0000000080011044
core   0: 0x000000008000efbc (0xfc442703) lw      a4, -60(s0)
core   0: 3 0x000000008000efbc (0xfc442703) x14 0x0000000000000000 mem 0x0000000080030f34
core   0: 0x000000008000efc0 (0x0ff77713) andi    a4, a4, 255
core   0: 3 0x000000008000efc0 (0x0ff77713) x14 0x0000000000000000
core   0: 0x000000008000efc4 (0x00e78023) sb      a4, 0(a5)
core   0: 3 0x000000008000efc4 (0x00e78023) mem 0x0000000080011043 0x00
core   0: 0x000000008000efc8 (0xfc843703) ld      a4, -56(s0)
core   0: 3 0x000000008000efc8 (0xfc843703) x14 0x0000000080011040 mem 0x0000000080030f38
core   0: 0x000000008000efcc (0xfb843783) ld      a5, -72(s0)
core   0: 3 0x000000008000efcc (0xfb843783) x15 0x000000000000009c mem 0x0000000080030f28
core   0: 0x000000008000efd0 (0x000097ba) c.add   a5, a4
core   0: 3 0x000000008000efd0 (0x97ba) x15 0x00000000800110dc
core   0: 0x000000008000efd2 (0xfe043703) ld      a4, -32(s0)
core   0: 3 0x000000008000efd2 (0xfe043703) x14 0x0000000080011044 mem 0x0000000080030f50
core   0: 0x000000008000efd6 (0xfcf76de3) bltu    a4, a5, pc - 38
core   0: 3 0x000000008000efd6 (0xfcf76de3)
core   0: 0x000000008000efb0 (0xfe043783) ld      a5, -32(s0)
core   0: 3 0x000000008000efb0 (0xfe043783) x15 0x0000000080011044 mem 0x0000000080030f50
core   0: 0x000000008000efb4 (0x00178713) addi    a4, a5, 1
core   0: 3 0x000000008000efb4 (0x00178713) x14 0x0000000080011045
core   0: 0x000000008000efb8 (0xfee43023) sd      a4, -32(s0)
core   0: 3 0x000000008000efb8 (0xfee43023) mem 0x0000000080030f50 0x0000000080011045
core   0: 0x000000008000efbc (0xfc442703) lw      a4, -60(s0)
core   0: 3 0x000000008000efbc (0xfc442703) x14 0x0000000000000000 mem 0x0000000080030f34
core   0: 0x000000008000efc0 (0x0ff77713) andi    a4, a4, 255
core   0: 3 0x000000008000efc0 (0x0ff77713) x14 0x0000000000000000
core   0: 0x000000008000efc4 (0x00e78023) sb      a4, 0(a5)
core   0: 3 0x000000008000efc4 (0x00e78023) mem 0x0000000080011044 0x00
core   0: 0x000000008000efc8 (0xfc843703) ld      a4, -56(s0)
core   0: 3 0x000000008000efc8 (0xfc843703) x14 0x0000000080011040 mem 0x0000000080030f38
core   0: 0x000000008000efcc (0xfb843783) ld      a5, -72(s0)
core   0: 3 0x000000008000efcc (0xfb843783) x15 0x000000000000009c mem 0x0000000080030f28
core   0: 0x000000008000efd0 (0x000097ba) c.add   a5, a4
core   0: 3 0x000000008000efd0 (0x97ba) x15 0x00000000800110dc
core   0: 0x000000008000efd2 (0xfe043703) ld      a4, -32(s0)
core   0: 3 0x000000008000efd2 (0xfe043703) x14 0x0000000080011045 mem 0x0000000080030f50
core   0: 0x000000008000efd6 (0xfcf76de3) bltu    a4, a5, pc - 38
core   0: 3 0x000000008000efd6 (0xfcf76de3)
core   0: 0x000000008000efb0 (0xfe043783) ld      a5, -32(s0)
core   0: 3 0x000000008000efb0 (0xfe043783) x15 0x0000000080011045 mem 0x0000000080030f50
core   0: 0x000000008000efb4 (0x00178713) addi    a4, a5, 1
core   0: 3 0x000000008000efb4 (0x00178713) x14 0x0000000080011046
core   0: 0x000000008000efb8 (0xfee43023) sd      a4, -32(s0)
core   0: 3 0x000000008000efb8 (0xfee43023) mem 0x0000000080030f50 0x0000000080011046
core   0: 0x000000008000efbc (0xfc442703) lw      a4, -60(s0)
core   0: 3 0x000000008000efbc (0xfc442703) x14 0x0000000000000000 mem 0x0000000080030f34
core   0: 0x000000008000efc0 (0x0ff77713) andi    a4, a4, 255
core   0: 3 0x000000008000efc0 (0x0ff77713) x14 0x0000000000000000
core   0: 0x000000008000efc4 (0x00e78023) sb      a4, 0(a5)
core   0: 3 0x000000008000efc4 (0x00e78023) mem 0x0000000080011045 0x00
core   0: 0x000000008000efc8 (0xfc843703) ld      a4, -56(s0)
core   0: 3 0x000000008000efc8 (0xfc843703) x14 0x0000000080011040 mem 0x0000000080030f38
core   0: 0x000000008000efcc (0xfb843783) ld      a5, -72(s0)
core   0: 3 0x000000008000efcc (0xfb843783) x15 0x000000000000009c mem 0x0000000080030f28
core   0: 0x000000008000efd0 (0x000097ba) c.add   a5, a4
core   0: 3 0x000000008000efd0 (0x97ba) x15 0x00000000800110dc
core   0: 0x000000008000efd2 (0xfe043703) ld      a4, -32(s0)
core   0: 3 0x000000008000efd2 (0xfe043703) x14 0x0000000080011046 mem 0x0000000080030f50
core   0: 0x000000008000efd6 (0xfcf76de3) bltu    a4, a5, pc - 38
core   0: 3 0x000000008000efd6 (0xfcf76de3)
core   0: 0x000000008000efb0 (0xfe043783) ld      a5, -32(s0)
core   0: 3 0x000000008000efb0 (0xfe043783) x15 0x0000000080011046 mem 0x0000000080030f50
core   0: 0x000000008000efb4 (0x00178713) addi    a4, a5, 1
core   0: 3 0x000000008000efb4 (0x00178713) x14 0x0000000080011047
core   0: 0x000000008000efb8 (0xfee43023) sd      a4, -32(s0)
core   0: 3 0x000000008000efb8 (0xfee43023) mem 0x0000000080030f50 0x0000000080011047
core   0: 0x000000008000efbc (0xfc442703) lw      a4, -60(s0)
core   0: 3 0x000000008000efbc (0xfc442703) x14 0x0000000000000000 mem 0x0000000080030f34
core   0: 0x000000008000efc0 (0x0ff77713) andi    a4, a4, 255
core   0: 3 0x000000008000efc0 (0x0ff77713) x14 0x0000000000000000
core   0: 0x000000008000efc4 (0x00e78023) sb      a4, 0(a5)
core   0: 3 0x000000008000efc4 (0x00e78023) mem 0x0000000080011046 0x00
core   0: 0x000000008000efc8 (0xfc843703) ld      a4, -56(s0)
core   0: 3 0x000000008000efc8 (0xfc843703) x14 0x0000000080011040 mem 0x0000000080030f38
core   0: 0x000000008000efcc (0xfb843783) ld      a5, -72(s0)
core   0: 3 0x000000008000efcc (0xfb843783) x15 0x000000000000009c mem 0x0000000080030f28
core   0: 0x000000008000efd0 (0x000097ba) c.add   a5, a4
core   0: 3 0x000000008000efd0 (0x97ba) x15 0x00000000800110dc
core   0: 0x000000008000efd2 (0xfe043703) ld      a4, -32(s0)
core   0: 3 0x000000008000efd2 (0xfe043703) x14 0x0000000080011047 mem 0x0000000080030f50
core   0: 0x000000008000efd6 (0xfcf76de3) bltu    a4, a5, pc - 38
core   0: 3 0x000000008000efd6 (0xfcf76de3)
core   0: 0x000000008000efb0 (0xfe043783) ld      a5, -32(s0)
core   0: 3 0x000000008000efb0 (0xfe043783) x15 0x0000000080011047 mem 0x0000000080030f50
core   0: 0x000000008000efb4 (0x00178713) addi    a4, a5, 1
core   0: 3 0x000000008000efb4 (0x00178713) x14 0x0000000080011048
core   0: 0x000000008000efb8 (0xfee43023) sd      a4, -32(s0)
core   0: 3 0x000000008000efb8 (0xfee43023) mem 0x0000000080030f50 0x0000000080011048
core   0: 0x000000008000efbc (0xfc442703) lw      a4, -60(s0)
core   0: 3 0x000000008000efbc (0xfc442703) x14 0x0000000000000000 mem 0x0000000080030f34
core   0: 0x000000008000efc0 (0x0ff77713) andi    a4, a4, 255
core   0: 3 0x000000008000efc0 (0x0ff77713) x14 0x0000000000000000
core   0: 0x000000008000efc4 (0x00e78023) sb      a4, 0(a5)
core   0: 3 0x000000008000efc4 (0x00e78023) mem 0x0000000080011047 0x00
core   0: 0x000000008000efc8 (0xfc843703) ld      a4, -56(s0)
core   0: 3 0x000000008000efc8 (0xfc843703) x14 0x0000000080011040 mem 0x0000000080030f38
core   0: 0x000000008000efcc (0xfb843783) ld      a5, -72(s0)
core   0: 3 0x000000008000efcc (0xfb843783) x15 0x000000000000009c mem 0x0000000080030f28
core   0: 0x000000008000efd0 (0x000097ba) c.add   a5, a4
core   0: 3 0x000000008000efd0 (0x97ba) x15 0x00000000800110dc
core   0: 0x000000008000efd2 (0xfe043703) ld      a4, -32(s0)
core   0: 3 0x000000008000efd2 (0xfe043703) x14 0x0000000080011048 mem 0x0000000080030f50
core   0: 0x000000008000efd6 (0xfcf76de3) bltu    a4, a5, pc - 38
core   0: 3 0x000000008000efd6 (0xfcf76de3)
core   0: 0x000000008000efb0 (0xfe043783) ld      a5, -32(s0)
core   0: 3 0x000000008000efb0 (0xfe043783) x15 0x0000000080011048 mem 0x0000000080030f50
core   0: 0x000000008000efb4 (0x00178713) addi    a4, a5, 1
core   0: 3 0x000000008000efb4 (0x00178713) x14 0x0000000080011049
core   0: 0x000000008000efb8 (0xfee43023) sd      a4, -32(s0)
core   0: 3 0x000000008000efb8 (0xfee43023) mem 0x0000000080030f50 0x0000000080011049
core   0: 0x000000008000efbc (0xfc442703) lw      a4, -60(s0)
core   0: 3 0x000000008000efbc (0xfc442703) x14 0x0000000000000000 mem 0x0000000080030f34
core   0: 0x000000008000efc0 (0x0ff77713) andi    a4, a4, 255
core   0: 3 0x000000008000efc0 (0x0ff77713) x14 0x0000000000000000
core   0: 0x000000008000efc4 (0x00e78023) sb      a4, 0(a5)
core   0: 3 0x000000008000efc4 (0x00e78023) mem 0x0000000080011048 0x00
core   0: 0x000000008000efc8 (0xfc843703) ld      a4, -56(s0)
core   0: 3 0x000000008000efc8 (0xfc843703) x14 0x0000000080011040 mem 0x0000000080030f38
core   0: 0x000000008000efcc (0xfb843783) ld      a5, -72(s0)
core   0: 3 0x000000008000efcc (0xfb843783) x15 0x000000000000009c mem 0x0000000080030f28
core   0: 0x000000008000efd0 (0x000097ba) c.add   a5, a4
core   0: 3 0x000000008000efd0 (0x97ba) x15 0x00000000800110dc
core   0: 0x000000008000efd2 (0xfe043703) ld      a4, -32(s0)
core   0: 3 0x000000008000efd2 (0xfe043703) x14 0x0000000080011049 mem 0x0000000080030f50
core   0: 0x000000008000efd6 (0xfcf76de3) bltu    a4, a5, pc - 38
core   0: 3 0x000000008000efd6 (0xfcf76de3)
core   0: 0x000000008000efb0 (0xfe043783) ld      a5, -32(s0)
core   0: 3 0x000000008000efb0 (0xfe043783) x15 0x0000000080011049 mem 0x0000000080030f50
core   0: 0x000000008000efb4 (0x00178713) addi    a4, a5, 1
core   0: 3 0x000000008000efb4 (0x00178713) x14 0x000000008001104a
core   0: 0x000000008000efb8 (0xfee43023) sd      a4, -32(s0)
core   0: 3 0x000000008000efb8 (0xfee43023) mem 0x0000000080030f50 0x000000008001104a
core   0: 0x000000008000efbc (0xfc442703) lw      a4, -60(s0)
core   0: 3 0x000000008000efbc (0xfc442703) x14 0x0000000000000000 mem 0x0000000080030f34
core   0: 0x000000008000efc0 (0x0ff77713) andi    a4, a4, 255
core   0: 3 0x000000008000efc0 (0x0ff77713) x14 0x0000000000000000
core   0: 0x000000008000efc4 (0x00e78023) sb      a4, 0(a5)
core   0: 3 0x000000008000efc4 (0x00e78023) mem 0x0000000080011049 0x00
core   0: 0x000000008000efc8 (0xfc843703) ld      a4, -56(s0)
core   0: 3 0x000000008000efc8 (0xfc843703) x14 0x0000000080011040 mem 0x0000000080030f38
core   0: 0x000000008000efcc (0xfb843783) ld      a5, -72(s0)
core   0: 3 0x000000008000efcc (0xfb843783) x15 0x000000000000009c mem 0x0000000080030f28
core   0: 0x000000008000efd0 (0x000097ba) c.add   a5, a4
core   0: 3 0x000000008000efd0 (0x97ba) x15 0x00000000800110dc
core   0: 0x000000008000efd2 (0xfe043703) ld      a4, -32(s0)
core   0: 3 0x000000008000efd2 (0xfe043703) x14 0x000000008001104a mem 0x0000000080030f50
core   0: 0x000000008000efd6 (0xfcf76de3) bltu    a4, a5, pc - 38
core   0: 3 0x000000008000efd6 (0xfcf76de3)
core   0: 0x000000008000efb0 (0xfe043783) ld      a5, -32(s0)
core   0: 3 0x000000008000efb0 (0xfe043783) x15 0x000000008001104a mem 0x0000000080030f50
core   0: 0x000000008000efb4 (0x00178713) addi    a4, a5, 1
core   0: 3 0x000000008000efb4 (0x00178713) x14 0x000000008001104b
core   0: 0x000000008000efb8 (0xfee43023) sd      a4, -32(s0)
core   0: 3 0x000000008000efb8 (0xfee43023) mem 0x0000000080030f50 0x000000008001104b
core   0: 0x000000008000efbc (0xfc442703) lw      a4, -60(s0)
core   0: 3 0x000000008000efbc (0xfc442703) x14 0x0000000000000000 mem 0x0000000080030f34
core   0: 0x000000008000efc0 (0x0ff77713) andi    a4, a4, 255
core   0: 3 0x000000008000efc0 (0x0ff77713) x14 0x0000000000000000
core   0: 0x000000008000efc4 (0x00e78023) sb      a4, 0(a5)
core   0: 3 0x000000008000efc4 (0x00e78023) mem 0x000000008001104a 0x00
core   0: 0x000000008000efc8 (0xfc843703) ld      a4, -56(s0)
core   0: 3 0x000000008000efc8 (0xfc843703) x14 0x0000000080011040 mem 0x0000000080030f38
core   0: 0x000000008000efcc (0xfb843783) ld      a5, -72(s0)
core   0: 3 0x000000008000efcc (0xfb843783) x15 0x000000000000009c mem 0x0000000080030f28
core   0: 0x000000008000efd0 (0x000097ba) c.add   a5, a4
core   0: 3 0x000000008000efd0 (0x97ba) x15 0x00000000800110dc
core   0: 0x000000008000efd2 (0xfe043703) ld      a4, -32(s0)
core   0: 3 0x000000008000efd2 (0xfe043703) x14 0x000000008001104b mem 0x0000000080030f50
core   0: 0x000000008000efd6 (0xfcf76de3) bltu    a4, a5, pc - 38
core   0: 3 0x000000008000efd6 (0xfcf76de3)
core   0: 0x000000008000efb0 (0xfe043783) ld      a5, -32(s0)
core   0: 3 0x000000008000efb0 (0xfe043783) x15 0x000000008001104b mem 0x0000000080030f50
core   0: 0x000000008000efb4 (0x00178713) addi    a4, a5, 1
core   0: 3 0x000000008000efb4 (0x00178713) x14 0x000000008001104c
core   0: 0x000000008000efb8 (0xfee43023) sd      a4, -32(s0)
core   0: 3 0x000000008000efb8 (0xfee43023) mem 0x0000000080030f50 0x000000008001104c
core   0: 0x000000008000efbc (0xfc442703) lw      a4, -60(s0)
core   0: 3 0x000000008000efbc (0xfc442703) x14 0x0000000000000000 mem 0x0000000080030f34
core   0: 0x000000008000efc0 (0x0ff77713) andi    a4, a4, 255
core   0: 3 0x000000008000efc0 (0x0ff77713) x14 0x0000000000000000
core   0: 0x000000008000efc4 (0x00e78023) sb      a4, 0(a5)
core   0: 3 0x000000008000efc4 (0x00e78023) mem 0x000000008001104b 0x00
core   0: 0x000000008000efc8 (0xfc843703) ld      a4, -56(s0)
core   0: 3 0x000000008000efc8 (0xfc843703) x14 0x0000000080011040 mem 0x0000000080030f38
core   0: 0x000000008000efcc (0xfb843783) ld      a5, -72(s0)
core   0: 3 0x000000008000efcc (0xfb843783) x15 0x000000000000009c mem 0x0000000080030f28
core   0: 0x000000008000efd0 (0x000097ba) c.add   a5, a4
core   0: 3 0x000000008000efd0 (0x97ba) x15 0x00000000800110dc
core   0: 0x000000008000efd2 (0xfe043703) ld      a4, -32(s0)
core   0: 3 0x000000008000efd2 (0xfe043703) x14 0x000000008001104c mem 0x0000000080030f50
core   0: 0x000000008000efd6 (0xfcf76de3) bltu    a4, a5, pc - 38
core   0: 3 0x000000008000efd6 (0xfcf76de3)
core   0: 0x000000008000efb0 (0xfe043783) ld      a5, -32(s0)
core   0: 3 0x000000008000efb0 (0xfe043783) x15 0x000000008001104c mem 0x0000000080030f50
core   0: 0x000000008000efb4 (0x00178713) addi    a4, a5, 1
core   0: 3 0x000000008000efb4 (0x00178713) x14 0x000000008001104d
core   0: 0x000000008000efb8 (0xfee43023) sd      a4, -32(s0)
core   0: 3 0x000000008000efb8 (0xfee43023) mem 0x0000000080030f50 0x000000008001104d
core   0: 0x000000008000efbc (0xfc442703) lw      a4, -60(s0)
core   0: 3 0x000000008000efbc (0xfc442703) x14 0x0000000000000000 mem 0x0000000080030f34
core   0: 0x000000008000efc0 (0x0ff77713) andi    a4, a4, 255
core   0: 3 0x000000008000efc0 (0x0ff77713) x14 0x0000000000000000
core   0: 0x000000008000efc4 (0x00e78023) sb      a4, 0(a5)
core   0: 3 0x000000008000efc4 (0x00e78023) mem 0x000000008001104c 0x00
core   0: 0x000000008000efc8 (0xfc843703) ld      a4, -56(s0)
core   0: 3 0x000000008000efc8 (0xfc843703) x14 0x0000000080011040 mem 0x0000000080030f38
core   0: 0x000000008000efcc (0xfb843783) ld      a5, -72(s0)
core   0: 3 0x000000008000efcc (0xfb843783) x15 0x000000000000009c mem 0x0000000080030f28
core   0: 0x000000008000efd0 (0x000097ba) c.add   a5, a4
core   0: 3 0x000000008000efd0 (0x97ba) x15 0x00000000800110dc
core   0: 0x000000008000efd2 (0xfe043703) ld      a4, -32(s0)
core   0: 3 0x000000008000efd2 (0xfe043703) x14 0x000000008001104d mem 0x0000000080030f50
core   0: 0x000000008000efd6 (0xfcf76de3) bltu    a4, a5, pc - 38
core   0: 3 0x000000008000efd6 (0xfcf76de3)
core   0: 0x000000008000efb0 (0xfe043783) ld      a5, -32(s0)
core   0: 3 0x000000008000efb0 (0xfe043783) x15 0x000000008001104d mem 0x0000000080030f50
core   0: 0x000000008000efb4 (0x00178713) addi    a4, a5, 1
core   0: 3 0x000000008000efb4 (0x00178713) x14 0x000000008001104e
core   0: 0x000000008000efb8 (0xfee43023) sd      a4, -32(s0)
core   0: 3 0x000000008000efb8 (0xfee43023) mem 0x0000000080030f50 0x000000008001104e
core   0: 0x000000008000efbc (0xfc442703) lw      a4, -60(s0)
core   0: 3 0x000000008000efbc (0xfc442703) x14 0x0000000000000000 mem 0x0000000080030f34
core   0: 0x000000008000efc0 (0x0ff77713) andi    a4, a4, 255
core   0: 3 0x000000008000efc0 (0x0ff77713) x14 0x0000000000000000
core   0: 0x000000008000efc4 (0x00e78023) sb      a4, 0(a5)
core   0: 3 0x000000008000efc4 (0x00e78023) mem 0x000000008001104d 0x00
core   0: 0x000000008000efc8 (0xfc843703) ld      a4, -56(s0)
core   0: 3 0x000000008000efc8 (0xfc843703) x14 0x0000000080011040 mem 0x0000000080030f38
core   0: 0x000000008000efcc (0xfb843783) ld      a5, -72(s0)
core   0: 3 0x000000008000efcc (0xfb843783) x15 0x000000000000009c mem 0x0000000080030f28
core   0: 0x000000008000efd0 (0x000097ba) c.add   a5, a4
core   0: 3 0x000000008000efd0 (0x97ba) x15 0x00000000800110dc
core   0: 0x000000008000efd2 (0xfe043703) ld      a4, -32(s0)
core   0: 3 0x000000008000efd2 (0xfe043703) x14 0x000000008001104e mem 0x0000000080030f50
core   0: 0x000000008000efd6 (0xfcf76de3) bltu    a4, a5, pc - 38
core   0: 3 0x000000008000efd6 (0xfcf76de3)
core   0: 0x000000008000efb0 (0xfe043783) ld      a5, -32(s0)
core   0: 3 0x000000008000efb0 (0xfe043783) x15 0x000000008001104e mem 0x0000000080030f50
core   0: 0x000000008000efb4 (0x00178713) addi    a4, a5, 1
core   0: 3 0x000000008000efb4 (0x00178713) x14 0x000000008001104f
core   0: 0x000000008000efb8 (0xfee43023) sd      a4, -32(s0)
core   0: 3 0x000000008000efb8 (0xfee43023) mem 0x0000000080030f50 0x000000008001104f
core   0: 0x000000008000efbc (0xfc442703) lw      a4, -60(s0)
core   0: 3 0x000000008000efbc (0xfc442703) x14 0x0000000000000000 mem 0x0000000080030f34
core   0: 0x000000008000efc0 (0x0ff77713) andi    a4, a4, 255
core   0: 3 0x000000008000efc0 (0x0ff77713) x14 0x0000000000000000
core   0: 0x000000008000efc4 (0x00e78023) sb      a4, 0(a5)
core   0: 3 0x000000008000efc4 (0x00e78023) mem 0x000000008001104e 0x00
core   0: 0x000000008000efc8 (0xfc843703) ld      a4, -56(s0)
core   0: 3 0x000000008000efc8 (0xfc843703) x14 0x0000000080011040 mem 0x0000000080030f38
core   0: 0x000000008000efcc (0xfb843783) ld      a5, -72(s0)
core   0: 3 0x000000008000efcc (0xfb843783) x15 0x000000000000009c mem 0x0000000080030f28
core   0: 0x000000008000efd0 (0x000097ba) c.add   a5, a4
core   0: 3 0x000000008000efd0 (0x97ba) x15 0x00000000800110dc
core   0: 0x000000008000efd2 (0xfe043703) ld      a4, -32(s0)
core   0: 3 0x000000008000efd2 (0xfe043703) x14 0x000000008001104f mem 0x0000000080030f50
core   0: 0x000000008000efd6 (0xfcf76de3) bltu    a4, a5, pc - 38
core   0: 3 0x000000008000efd6 (0xfcf76de3)
core   0: 0x000000008000efb0 (0xfe043783) ld      a5, -32(s0)
core   0: 3 0x000000008000efb0 (0xfe043783) x15 0x000000008001104f mem 0x0000000080030f50
core   0: 0x000000008000efb4 (0x00178713) addi    a4, a5, 1
core   0: 3 0x000000008000efb4 (0x00178713) x14 0x0000000080011050
core   0: 0x000000008000efb8 (0xfee43023) sd      a4, -32(s0)
core   0: 3 0x000000008000efb8 (0xfee43023) mem 0x0000000080030f50 0x0000000080011050
core   0: 0x000000008000efbc (0xfc442703) lw      a4, -60(s0)
core   0: 3 0x000000008000efbc (0xfc442703) x14 0x0000000000000000 mem 0x0000000080030f34
core   0: 0x000000008000efc0 (0x0ff77713) andi    a4, a4, 255
core   0: 3 0x000000008000efc0 (0x0ff77713) x14 0x0000000000000000
core   0: 0x000000008000efc4 (0x00e78023) sb      a4, 0(a5)
core   0: 3 0x000000008000efc4 (0x00e78023) mem 0x000000008001104f 0x00
core   0: 0x000000008000efc8 (0xfc843703) ld      a4, -56(s0)
core   0: 3 0x000000008000efc8 (0xfc843703) x14 0x0000000080011040 mem 0x0000000080030f38
core   0: 0x000000008000efcc (0xfb843783) ld      a5, -72(s0)
core   0: 3 0x000000008000efcc (0xfb843783) x15 0x000000000000009c mem 0x0000000080030f28
core   0: 0x000000008000efd0 (0x000097ba) c.add   a5, a4
core   0: 3 0x000000008000efd0 (0x97ba) x15 0x00000000800110dc
core   0: 0x000000008000efd2 (0xfe043703) ld      a4, -32(s0)
core   0: 3 0x000000008000efd2 (0xfe043703) x14 0x0000000080011050 mem 0x0000000080030f50
core   0: 0x000000008000efd6 (0xfcf76de3) bltu    a4, a5, pc - 38
core   0: 3 0x000000008000efd6 (0xfcf76de3)
core   0: 0x000000008000efb0 (0xfe043783) ld      a5, -32(s0)
core   0: 3 0x000000008000efb0 (0xfe043783) x15 0x0000000080011050 mem 0x0000000080030f50
core   0: 0x000000008000efb4 (0x00178713) addi    a4, a5, 1
core   0: 3 0x000000008000efb4 (0x00178713) x14 0x0000000080011051
core   0: 0x000000008000efb8 (0xfee43023) sd      a4, -32(s0)
core   0: 3 0x000000008000efb8 (0xfee43023) mem 0x0000000080030f50 0x0000000080011051
core   0: 0x000000008000efbc (0xfc442703) lw      a4, -60(s0)
core   0: 3 0x000000008000efbc (0xfc442703) x14 0x0000000000000000 mem 0x0000000080030f34
core   0: 0x000000008000efc0 (0x0ff77713) andi    a4, a4, 255
core   0: 3 0x000000008000efc0 (0x0ff77713) x14 0x0000000000000000
core   0: 0x000000008000efc4 (0x00e78023) sb      a4, 0(a5)
core   0: 3 0x000000008000efc4 (0x00e78023) mem 0x0000000080011050 0x00
core   0: 0x000000008000efc8 (0xfc843703) ld      a4, -56(s0)
core   0: 3 0x000000008000efc8 (0xfc843703) x14 0x0000000080011040 mem 0x0000000080030f38
core   0: 0x000000008000efcc (0xfb843783) ld      a5, -72(s0)
core   0: 3 0x000000008000efcc (0xfb843783) x15 0x000000000000009c mem 0x0000000080030f28
core   0: 0x000000008000efd0 (0x000097ba) c.add   a5, a4
core   0: 3 0x000000008000efd0 (0x97ba) x15 0x00000000800110dc
core   0: 0x000000008000efd2 (0xfe043703) ld      a4, -32(s0)
core   0: 3 0x000000008000efd2 (0xfe043703) x14 0x0000000080011051 mem 0x0000000080030f50
core   0: 0x000000008000efd6 (0xfcf76de3) bltu    a4, a5, pc - 38
core   0: 3 0x000000008000efd6 (0xfcf76de3)
core   0: 0x000000008000efb0 (0xfe043783) ld      a5, -32(s0)
core   0: 3 0x000000008000efb0 (0xfe043783) x15 0x0000000080011051 mem 0x0000000080030f50
core   0: 0x000000008000efb4 (0x00178713) addi    a4, a5, 1
core   0: 3 0x000000008000efb4 (0x00178713) x14 0x0000000080011052
core   0: 0x000000008000efb8 (0xfee43023) sd      a4, -32(s0)
core   0: 3 0x000000008000efb8 (0xfee43023) mem 0x0000000080030f50 0x0000000080011052
core   0: 0x000000008000efbc (0xfc442703) lw      a4, -60(s0)
core   0: 3 0x000000008000efbc (0xfc442703) x14 0x0000000000000000 mem 0x0000000080030f34
core   0: 0x000000008000efc0 (0x0ff77713) andi    a4, a4, 255
core   0: 3 0x000000008000efc0 (0x0ff77713) x14 0x0000000000000000
core   0: 0x000000008000efc4 (0x00e78023) sb      a4, 0(a5)
core   0: 3 0x000000008000efc4 (0x00e78023) mem 0x0000000080011051 0x00
core   0: 0x000000008000efc8 (0xfc843703) ld      a4, -56(s0)
core   0: 3 0x000000008000efc8 (0xfc843703) x14 0x0000000080011040 mem 0x0000000080030f38
core   0: 0x000000008000efcc (0xfb843783) ld      a5, -72(s0)
core   0: 3 0x000000008000efcc (0xfb843783) x15 0x000000000000009c mem 0x0000000080030f28
core   0: 0x000000008000efd0 (0x000097ba) c.add   a5, a4
core   0: 3 0x000000008000efd0 (0x97ba) x15 0x00000000800110dc
core   0: 0x000000008000efd2 (0xfe043703) ld      a4, -32(s0)
core   0: 3 0x000000008000efd2 (0xfe043703) x14 0x0000000080011052 mem 0x0000000080030f50
core   0: 0x000000008000efd6 (0xfcf76de3) bltu    a4, a5, pc - 38
core   0: 3 0x000000008000efd6 (0xfcf76de3)
core   0: 0x000000008000efb0 (0xfe043783) ld      a5, -32(s0)
core   0: 3 0x000000008000efb0 (0xfe043783) x15 0x0000000080011052 mem 0x0000000080030f50
core   0: 0x000000008000efb4 (0x00178713) addi    a4, a5, 1
core   0: 3 0x000000008000efb4 (0x00178713) x14 0x0000000080011053
core   0: 0x000000008000efb8 (0xfee43023) sd      a4, -32(s0)
core   0: 3 0x000000008000efb8 (0xfee43023) mem 0x0000000080030f50 0x0000000080011053
core   0: 0x000000008000efbc (0xfc442703) lw      a4, -60(s0)
core   0: 3 0x000000008000efbc (0xfc442703) x14 0x0000000000000000 mem 0x0000000080030f34
core   0: 0x000000008000efc0 (0x0ff77713) andi    a4, a4, 255
core   0: 3 0x000000008000efc0 (0x0ff77713) x14 0x0000000000000000
core   0: 0x000000008000efc4 (0x00e78023) sb      a4, 0(a5)
core   0: 3 0x000000008000efc4 (0x00e78023) mem 0x0000000080011052 0x00
core   0: 0x000000008000efc8 (0xfc843703) ld      a4, -56(s0)
core   0: 3 0x000000008000efc8 (0xfc843703) x14 0x0000000080011040 mem 0x0000000080030f38
core   0: 0x000000008000efcc (0xfb843783) ld      a5, -72(s0)
core   0: 3 0x000000008000efcc (0xfb843783) x15 0x000000000000009c mem 0x0000000080030f28
core   0: 0x000000008000efd0 (0x000097ba) c.add   a5, a4
core   0: 3 0x000000008000efd0 (0x97ba) x15 0x00000000800110dc
core   0: 0x000000008000efd2 (0xfe043703) ld      a4, -32(s0)
core   0: 3 0x000000008000efd2 (0xfe043703) x14 0x0000000080011053 mem 0x0000000080030f50
core   0: 0x000000008000efd6 (0xfcf76de3) bltu    a4, a5, pc - 38
core   0: 3 0x000000008000efd6 (0xfcf76de3)
core   0: 0x000000008000efb0 (0xfe043783) ld      a5, -32(s0)
core   0: 3 0x000000008000efb0 (0xfe043783) x15 0x0000000080011053 mem 0x0000000080030f50
core   0: 0x000000008000efb4 (0x00178713) addi    a4, a5, 1
core   0: 3 0x000000008000efb4 (0x00178713) x14 0x0000000080011054
core   0: 0x000000008000efb8 (0xfee43023) sd      a4, -32(s0)
core   0: 3 0x000000008000efb8 (0xfee43023) mem 0x0000000080030f50 0x0000000080011054
core   0: 0x000000008000efbc (0xfc442703) lw      a4, -60(s0)
core   0: 3 0x000000008000efbc (0xfc442703) x14 0x0000000000000000 mem 0x0000000080030f34
core   0: 0x000000008000efc0 (0x0ff77713) andi    a4, a4, 255
core   0: 3 0x000000008000efc0 (0x0ff77713) x14 0x0000000000000000
core   0: 0x000000008000efc4 (0x00e78023) sb      a4, 0(a5)
core   0: 3 0x000000008000efc4 (0x00e78023) mem 0x0000000080011053 0x00
core   0: 0x000000008000efc8 (0xfc843703) ld      a4, -56(s0)
core   0: 3 0x000000008000efc8 (0xfc843703) x14 0x0000000080011040 mem 0x0000000080030f38
core   0: 0x000000008000efcc (0xfb843783) ld      a5, -72(s0)
core   0: 3 0x000000008000efcc (0xfb843783) x15 0x000000000000009c mem 0x0000000080030f28
core   0: 0x000000008000efd0 (0x000097ba) c.add   a5, a4
core   0: 3 0x000000008000efd0 (0x97ba) x15 0x00000000800110dc
core   0: 0x000000008000efd2 (0xfe043703) ld      a4, -32(s0)
core   0: 3 0x000000008000efd2 (0xfe043703) x14 0x0000000080011054 mem 0x0000000080030f50
core   0: 0x000000008000efd6 (0xfcf76de3) bltu    a4, a5, pc - 38
core   0: 3 0x000000008000efd6 (0xfcf76de3)
core   0: 0x000000008000efb0 (0xfe043783) ld      a5, -32(s0)
core   0: 3 0x000000008000efb0 (0xfe043783) x15 0x0000000080011054 mem 0x0000000080030f50
core   0: 0x000000008000efb4 (0x00178713) addi    a4, a5, 1
core   0: 3 0x000000008000efb4 (0x00178713) x14 0x0000000080011055
core   0: 0x000000008000efb8 (0xfee43023) sd      a4, -32(s0)
core   0: 3 0x000000008000efb8 (0xfee43023) mem 0x0000000080030f50 0x0000000080011055
core   0: 0x000000008000efbc (0xfc442703) lw      a4, -60(s0)
core   0: 3 0x000000008000efbc (0xfc442703) x14 0x0000000000000000 mem 0x0000000080030f34
core   0: 0x000000008000efc0 (0x0ff77713) andi    a4, a4, 255
core   0: 3 0x000000008000efc0 (0x0ff77713) x14 0x0000000000000000
core   0: 0x000000008000efc4 (0x00e78023) sb      a4, 0(a5)
core   0: 3 0x000000008000efc4 (0x00e78023) mem 0x0000000080011054 0x00
core   0: 0x000000008000efc8 (0xfc843703) ld      a4, -56(s0)
core   0: 3 0x000000008000efc8 (0xfc843703) x14 0x0000000080011040 mem 0x0000000080030f38
core   0: 0x000000008000efcc (0xfb843783) ld      a5, -72(s0)
core   0: 3 0x000000008000efcc (0xfb843783) x15 0x000000000000009c mem 0x0000000080030f28
core   0: 0x000000008000efd0 (0x000097ba) c.add   a5, a4
core   0: 3 0x000000008000efd0 (0x97ba) x15 0x00000000800110dc
core   0: 0x000000008000efd2 (0xfe043703) ld      a4, -32(s0)
core   0: 3 0x000000008000efd2 (0xfe043703) x14 0x0000000080011055 mem 0x0000000080030f50
core   0: 0x000000008000efd6 (0xfcf76de3) bltu    a4, a5, pc - 38
core   0: 3 0x000000008000efd6 (0xfcf76de3)
core   0: 0x000000008000efb0 (0xfe043783) ld      a5, -32(s0)
core   0: 3 0x000000008000efb0 (0xfe043783) x15 0x0000000080011055 mem 0x0000000080030f50
core   0: 0x000000008000efb4 (0x00178713) addi    a4, a5, 1
core   0: 3 0x000000008000efb4 (0x00178713) x14 0x0000000080011056
core   0: 0x000000008000efb8 (0xfee43023) sd      a4, -32(s0)
core   0: 3 0x000000008000efb8 (0xfee43023) mem 0x0000000080030f50 0x0000000080011056
core   0: 0x000000008000efbc (0xfc442703) lw      a4, -60(s0)
core   0: 3 0x000000008000efbc (0xfc442703) x14 0x0000000000000000 mem 0x0000000080030f34
core   0: 0x000000008000efc0 (0x0ff77713) andi    a4, a4, 255
core   0: 3 0x000000008000efc0 (0x0ff77713) x14 0x0000000000000000
core   0: 0x000000008000efc4 (0x00e78023) sb      a4, 0(a5)
core   0: 3 0x000000008000efc4 (0x00e78023) mem 0x0000000080011055 0x00
core   0: 0x000000008000efc8 (0xfc843703) ld      a4, -56(s0)
core   0: 3 0x000000008000efc8 (0xfc843703) x14 0x0000000080011040 mem 0x0000000080030f38
core   0: 0x000000008000efcc (0xfb843783) ld      a5, -72(s0)
core   0: 3 0x000000008000efcc (0xfb843783) x15 0x000000000000009c mem 0x0000000080030f28
core   0: 0x000000008000efd0 (0x000097ba) c.add   a5, a4
core   0: 3 0x000000008000efd0 (0x97ba) x15 0x00000000800110dc
core   0: 0x000000008000efd2 (0xfe043703) ld      a4, -32(s0)
core   0: 3 0x000000008000efd2 (0xfe043703) x14 0x0000000080011056 mem 0x0000000080030f50
core   0: 0x000000008000efd6 (0xfcf76de3) bltu    a4, a5, pc - 38
core   0: 3 0x000000008000efd6 (0xfcf76de3)
core   0: 0x000000008000efb0 (0xfe043783) ld      a5, -32(s0)
core   0: 3 0x000000008000efb0 (0xfe043783) x15 0x0000000080011056 mem 0x0000000080030f50
core   0: 0x000000008000efb4 (0x00178713) addi    a4, a5, 1
core   0: 3 0x000000008000efb4 (0x00178713) x14 0x0000000080011057
core   0: 0x000000008000efb8 (0xfee43023) sd      a4, -32(s0)
core   0: 3 0x000000008000efb8 (0xfee43023) mem 0x0000000080030f50 0x0000000080011057
core   0: 0x000000008000efbc (0xfc442703) lw      a4, -60(s0)
core   0: 3 0x000000008000efbc (0xfc442703) x14 0x0000000000000000 mem 0x0000000080030f34
core   0: 0x000000008000efc0 (0x0ff77713) andi    a4, a4, 255
core   0: 3 0x000000008000efc0 (0x0ff77713) x14 0x0000000000000000
core   0: 0x000000008000efc4 (0x00e78023) sb      a4, 0(a5)
core   0: 3 0x000000008000efc4 (0x00e78023) mem 0x0000000080011056 0x00
core   0: 0x000000008000efc8 (0xfc843703) ld      a4, -56(s0)
core   0: 3 0x000000008000efc8 (0xfc843703) x14 0x0000000080011040 mem 0x0000000080030f38
core   0: 0x000000008000efcc (0xfb843783) ld      a5, -72(s0)
core   0: 3 0x000000008000efcc (0xfb843783) x15 0x000000000000009c mem 0x0000000080030f28
core   0: 0x000000008000efd0 (0x000097ba) c.add   a5, a4
core   0: 3 0x000000008000efd0 (0x97ba) x15 0x00000000800110dc
core   0: 0x000000008000efd2 (0xfe043703) ld      a4, -32(s0)
core   0: 3 0x000000008000efd2 (0xfe043703) x14 0x0000000080011057 mem 0x0000000080030f50
core   0: 0x000000008000efd6 (0xfcf76de3) bltu    a4, a5, pc - 38
core   0: 3 0x000000008000efd6 (0xfcf76de3)
core   0: 0x000000008000efb0 (0xfe043783) ld      a5, -32(s0)
core   0: 3 0x000000008000efb0 (0xfe043783) x15 0x0000000080011057 mem 0x0000000080030f50
core   0: 0x000000008000efb4 (0x00178713) addi    a4, a5, 1
core   0: 3 0x000000008000efb4 (0x00178713) x14 0x0000000080011058
core   0: 0x000000008000efb8 (0xfee43023) sd      a4, -32(s0)
core   0: 3 0x000000008000efb8 (0xfee43023) mem 0x0000000080030f50 0x0000000080011058
core   0: 0x000000008000efbc (0xfc442703) lw      a4, -60(s0)
core   0: 3 0x000000008000efbc (0xfc442703) x14 0x0000000000000000 mem 0x0000000080030f34
core   0: 0x000000008000efc0 (0x0ff77713) andi    a4, a4, 255
core   0: 3 0x000000008000efc0 (0x0ff77713) x14 0x0000000000000000
core   0: 0x000000008000efc4 (0x00e78023) sb      a4, 0(a5)
core   0: 3 0x000000008000efc4 (0x00e78023) mem 0x0000000080011057 0x00
core   0: 0x000000008000efc8 (0xfc843703) ld      a4, -56(s0)
core   0: 3 0x000000008000efc8 (0xfc843703) x14 0x0000000080011040 mem 0x0000000080030f38
core   0: 0x000000008000efcc (0xfb843783) ld      a5, -72(s0)
core   0: 3 0x000000008000efcc (0xfb843783) x15 0x000000000000009c mem 0x0000000080030f28
core   0: 0x000000008000efd0 (0x000097ba) c.add   a5, a4
core   0: 3 0x000000008000efd0 (0x97ba) x15 0x00000000800110dc
core   0: 0x000000008000efd2 (0xfe043703) ld      a4, -32(s0)
core   0: 3 0x000000008000efd2 (0xfe043703) x14 0x0000000080011058 mem 0x0000000080030f50
core   0: 0x000000008000efd6 (0xfcf76de3) bltu    a4, a5, pc - 38
core   0: 3 0x000000008000efd6 (0xfcf76de3)
core   0: 0x000000008000efb0 (0xfe043783) ld      a5, -32(s0)
core   0: 3 0x000000008000efb0 (0xfe043783) x15 0x0000000080011058 mem 0x0000000080030f50
core   0: 0x000000008000efb4 (0x00178713) addi    a4, a5, 1
core   0: 3 0x000000008000efb4 (0x00178713) x14 0x0000000080011059
core   0: 0x000000008000efb8 (0xfee43023) sd      a4, -32(s0)
core   0: 3 0x000000008000efb8 (0xfee43023) mem 0x0000000080030f50 0x0000000080011059
core   0: 0x000000008000efbc (0xfc442703) lw      a4, -60(s0)
core   0: 3 0x000000008000efbc (0xfc442703) x14 0x0000000000000000 mem 0x0000000080030f34
core   0: 0x000000008000efc0 (0x0ff77713) andi    a4, a4, 255
core   0: 3 0x000000008000efc0 (0x0ff77713) x14 0x0000000000000000
core   0: 0x000000008000efc4 (0x00e78023) sb      a4, 0(a5)
core   0: 3 0x000000008000efc4 (0x00e78023) mem 0x0000000080011058 0x00
core   0: 0x000000008000efc8 (0xfc843703) ld      a4, -56(s0)
core   0: 3 0x000000008000efc8 (0xfc843703) x14 0x0000000080011040 mem 0x0000000080030f38
core   0: 0x000000008000efcc (0xfb843783) ld      a5, -72(s0)
core   0: 3 0x000000008000efcc (0xfb843783) x15 0x000000000000009c mem 0x0000000080030f28
core   0: 0x000000008000efd0 (0x000097ba) c.add   a5, a4
core   0: 3 0x000000008000efd0 (0x97ba) x15 0x00000000800110dc
core   0: 0x000000008000efd2 (0xfe043703) ld      a4, -32(s0)
core   0: 3 0x000000008000efd2 (0xfe043703) x14 0x0000000080011059 mem 0x0000000080030f50
core   0: 0x000000008000efd6 (0xfcf76de3) bltu    a4, a5, pc - 38
core   0: 3 0x000000008000efd6 (0xfcf76de3)
core   0: 0x000000008000efb0 (0xfe043783) ld      a5, -32(s0)
core   0: 3 0x000000008000efb0 (0xfe043783) x15 0x0000000080011059 mem 0x0000000080030f50
core   0: 0x000000008000efb4 (0x00178713) addi    a4, a5, 1
core   0: 3 0x000000008000efb4 (0x00178713) x14 0x000000008001105a
core   0: 0x000000008000efb8 (0xfee43023) sd      a4, -32(s0)
core   0: 3 0x000000008000efb8 (0xfee43023) mem 0x0000000080030f50 0x000000008001105a
core   0: 0x000000008000efbc (0xfc442703) lw      a4, -60(s0)
core   0: 3 0x000000008000efbc (0xfc442703) x14 0x0000000000000000 mem 0x0000000080030f34
core   0: 0x000000008000efc0 (0x0ff77713) andi    a4, a4, 255
core   0: 3 0x000000008000efc0 (0x0ff77713) x14 0x0000000000000000
core   0: 0x000000008000efc4 (0x00e78023) sb      a4, 0(a5)
core   0: 3 0x000000008000efc4 (0x00e78023) mem 0x0000000080011059 0x00
core   0: 0x000000008000efc8 (0xfc843703) ld      a4, -56(s0)
core   0: 3 0x000000008000efc8 (0xfc843703) x14 0x0000000080011040 mem 0x0000000080030f38
core   0: 0x000000008000efcc (0xfb843783) ld      a5, -72(s0)
core   0: 3 0x000000008000efcc (0xfb843783) x15 0x000000000000009c mem 0x0000000080030f28
core   0: 0x000000008000efd0 (0x000097ba) c.add   a5, a4
core   0: 3 0x000000008000efd0 (0x97ba) x15 0x00000000800110dc
core   0: 0x000000008000efd2 (0xfe043703) ld      a4, -32(s0)
core   0: 3 0x000000008000efd2 (0xfe043703) x14 0x000000008001105a mem 0x0000000080030f50
core   0: 0x000000008000efd6 (0xfcf76de3) bltu    a4, a5, pc - 38
core   0: 3 0x000000008000efd6 (0xfcf76de3)
core   0: 0x000000008000efb0 (0xfe043783) ld      a5, -32(s0)
core   0: 3 0x000000008000efb0 (0xfe043783) x15 0x000000008001105a mem 0x0000000080030f50
core   0: 0x000000008000efb4 (0x00178713) addi    a4, a5, 1
core   0: 3 0x000000008000efb4 (0x00178713) x14 0x000000008001105b
core   0: 0x000000008000efb8 (0xfee43023) sd      a4, -32(s0)
core   0: 3 0x000000008000efb8 (0xfee43023) mem 0x0000000080030f50 0x000000008001105b
core   0: 0x000000008000efbc (0xfc442703) lw      a4, -60(s0)
core   0: 3 0x000000008000efbc (0xfc442703) x14 0x0000000000000000 mem 0x0000000080030f34
core   0: 0x000000008000efc0 (0x0ff77713) andi    a4, a4, 255
core   0: 3 0x000000008000efc0 (0x0ff77713) x14 0x0000000000000000
core   0: 0x000000008000efc4 (0x00e78023) sb      a4, 0(a5)
core   0: 3 0x000000008000efc4 (0x00e78023) mem 0x000000008001105a 0x00
core   0: 0x000000008000efc8 (0xfc843703) ld      a4, -56(s0)
core   0: 3 0x000000008000efc8 (0xfc843703) x14 0x0000000080011040 mem 0x0000000080030f38
core   0: 0x000000008000efcc (0xfb843783) ld      a5, -72(s0)
core   0: 3 0x000000008000efcc (0xfb843783) x15 0x000000000000009c mem 0x0000000080030f28
core   0: 0x000000008000efd0 (0x000097ba) c.add   a5, a4
core   0: 3 0x000000008000efd0 (0x97ba) x15 0x00000000800110dc
core   0: 0x000000008000efd2 (0xfe043703) ld      a4, -32(s0)
core   0: 3 0x000000008000efd2 (0xfe043703) x14 0x000000008001105b mem 0x0000000080030f50
core   0: 0x000000008000efd6 (0xfcf76de3) bltu    a4, a5, pc - 38
core   0: 3 0x000000008000efd6 (0xfcf76de3)
core   0: 0x000000008000efb0 (0xfe043783) ld      a5, -32(s0)
core   0: 3 0x000000008000efb0 (0xfe043783) x15 0x000000008001105b mem 0x0000000080030f50
core   0: 0x000000008000efb4 (0x00178713) addi    a4, a5, 1
core   0: 3 0x000000008000efb4 (0x00178713) x14 0x000000008001105c
core   0: 0x000000008000efb8 (0xfee43023) sd      a4, -32(s0)
core   0: 3 0x000000008000efb8 (0xfee43023) mem 0x0000000080030f50 0x000000008001105c
core   0: 0x000000008000efbc (0xfc442703) lw      a4, -60(s0)
core   0: 3 0x000000008000efbc (0xfc442703) x14 0x0000000000000000 mem 0x0000000080030f34
core   0: 0x000000008000efc0 (0x0ff77713) andi    a4, a4, 255
core   0: 3 0x000000008000efc0 (0x0ff77713) x14 0x0000000000000000
core   0: 0x000000008000efc4 (0x00e78023) sb      a4, 0(a5)
core   0: 3 0x000000008000efc4 (0x00e78023) mem 0x000000008001105b 0x00
core   0: 0x000000008000efc8 (0xfc843703) ld      a4, -56(s0)
core   0: 3 0x000000008000efc8 (0xfc843703) x14 0x0000000080011040 mem 0x0000000080030f38
core   0: 0x000000008000efcc (0xfb843783) ld      a5, -72(s0)
core   0: 3 0x000000008000efcc (0xfb843783) x15 0x000000000000009c mem 0x0000000080030f28
core   0: 0x000000008000efd0 (0x000097ba) c.add   a5, a4
core   0: 3 0x000000008000efd0 (0x97ba) x15 0x00000000800110dc
core   0: 0x000000008000efd2 (0xfe043703) ld      a4, -32(s0)
core   0: 3 0x000000008000efd2 (0xfe043703) x14 0x000000008001105c mem 0x0000000080030f50
core   0: 0x000000008000efd6 (0xfcf76de3) bltu    a4, a5, pc - 38
core   0: 3 0x000000008000efd6 (0xfcf76de3)
core   0: 0x000000008000efb0 (0xfe043783) ld      a5, -32(s0)
core   0: 3 0x000000008000efb0 (0xfe043783) x15 0x000000008001105c mem 0x0000000080030f50
core   0: 0x000000008000efb4 (0x00178713) addi    a4, a5, 1
core   0: 3 0x000000008000efb4 (0x00178713) x14 0x000000008001105d
core   0: 0x000000008000efb8 (0xfee43023) sd      a4, -32(s0)
core   0: 3 0x000000008000efb8 (0xfee43023) mem 0x0000000080030f50 0x000000008001105d
core   0: 0x000000008000efbc (0xfc442703) lw      a4, -60(s0)
core   0: 3 0x000000008000efbc (0xfc442703) x14 0x0000000000000000 mem 0x0000000080030f34
core   0: 0x000000008000efc0 (0x0ff77713) andi    a4, a4, 255
core   0: 3 0x000000008000efc0 (0x0ff77713) x14 0x0000000000000000
core   0: 0x000000008000efc4 (0x00e78023) sb      a4, 0(a5)
core   0: 3 0x000000008000efc4 (0x00e78023) mem 0x000000008001105c 0x00
core   0: 0x000000008000efc8 (0xfc843703) ld      a4, -56(s0)
core   0: 3 0x000000008000efc8 (0xfc843703) x14 0x0000000080011040 mem 0x0000000080030f38
core   0: 0x000000008000efcc (0xfb843783) ld      a5, -72(s0)
core   0: 3 0x000000008000efcc (0xfb843783) x15 0x000000000000009c mem 0x0000000080030f28
core   0: 0x000000008000efd0 (0x000097ba) c.add   a5, a4
core   0: 3 0x000000008000efd0 (0x97ba) x15 0x00000000800110dc
core   0: 0x000000008000efd2 (0xfe043703) ld      a4, -32(s0)
core   0: 3 0x000000008000efd2 (0xfe043703) x14 0x000000008001105d mem 0x0000000080030f50
core   0: 0x000000008000efd6 (0xfcf76de3) bltu    a4, a5, pc - 38
core   0: 3 0x000000008000efd6 (0xfcf76de3)
core   0: 0x000000008000efb0 (0xfe043783) ld      a5, -32(s0)
core   0: 3 0x000000008000efb0 (0xfe043783) x15 0x000000008001105d mem 0x0000000080030f50
core   0: 0x000000008000efb4 (0x00178713) addi    a4, a5, 1
core   0: 3 0x000000008000efb4 (0x00178713) x14 0x000000008001105e
core   0: 0x000000008000efb8 (0xfee43023) sd      a4, -32(s0)
core   0: 3 0x000000008000efb8 (0xfee43023) mem 0x0000000080030f50 0x000000008001105e
core   0: 0x000000008000efbc (0xfc442703) lw      a4, -60(s0)
core   0: 3 0x000000008000efbc (0xfc442703) x14 0x0000000000000000 mem 0x0000000080030f34
core   0: 0x000000008000efc0 (0x0ff77713) andi    a4, a4, 255
core   0: 3 0x000000008000efc0 (0x0ff77713) x14 0x0000000000000000
core   0: 0x000000008000efc4 (0x00e78023) sb      a4, 0(a5)
core   0: 3 0x000000008000efc4 (0x00e78023) mem 0x000000008001105d 0x00
core   0: 0x000000008000efc8 (0xfc843703) ld      a4, -56(s0)
core   0: 3 0x000000008000efc8 (0xfc843703) x14 0x0000000080011040 mem 0x0000000080030f38
core   0: 0x000000008000efcc (0xfb843783) ld      a5, -72(s0)
core   0: 3 0x000000008000efcc (0xfb843783) x15 0x000000000000009c mem 0x0000000080030f28
core   0: 0x000000008000efd0 (0x000097ba) c.add   a5, a4
core   0: 3 0x000000008000efd0 (0x97ba) x15 0x00000000800110dc
core   0: 0x000000008000efd2 (0xfe043703) ld      a4, -32(s0)
core   0: 3 0x000000008000efd2 (0xfe043703) x14 0x000000008001105e mem 0x0000000080030f50
core   0: 0x000000008000efd6 (0xfcf76de3) bltu    a4, a5, pc - 38
core   0: 3 0x000000008000efd6 (0xfcf76de3)
core   0: 0x000000008000efb0 (0xfe043783) ld      a5, -32(s0)
core   0: 3 0x000000008000efb0 (0xfe043783) x15 0x000000008001105e mem 0x0000000080030f50
core   0: 0x000000008000efb4 (0x00178713) addi    a4, a5, 1
core   0: 3 0x000000008000efb4 (0x00178713) x14 0x000000008001105f
core   0: 0x000000008000efb8 (0xfee43023) sd      a4, -32(s0)
core   0: 3 0x000000008000efb8 (0xfee43023) mem 0x0000000080030f50 0x000000008001105f
core   0: 0x000000008000efbc (0xfc442703) lw      a4, -60(s0)
core   0: 3 0x000000008000efbc (0xfc442703) x14 0x0000000000000000 mem 0x0000000080030f34
core   0: 0x000000008000efc0 (0x0ff77713) andi    a4, a4, 255
core   0: 3 0x000000008000efc0 (0x0ff77713) x14 0x0000000000000000
core   0: 0x000000008000efc4 (0x00e78023) sb      a4, 0(a5)
core   0: 3 0x000000008000efc4 (0x00e78023) mem 0x000000008001105e 0x00
core   0: 0x000000008000efc8 (0xfc843703) ld      a4, -56(s0)
core   0: 3 0x000000008000efc8 (0xfc843703) x14 0x0000000080011040 mem 0x0000000080030f38
core   0: 0x000000008000efcc (0xfb843783) ld      a5, -72(s0)
core   0: 3 0x000000008000efcc (0xfb843783) x15 0x000000000000009c mem 0x0000000080030f28
core   0: 0x000000008000efd0 (0x000097ba) c.add   a5, a4
core   0: 3 0x000000008000efd0 (0x97ba) x15 0x00000000800110dc
core   0: 0x000000008000efd2 (0xfe043703) ld      a4, -32(s0)
core   0: 3 0x000000008000efd2 (0xfe043703) x14 0x000000008001105f mem 0x0000000080030f50
core   0: 0x000000008000efd6 (0xfcf76de3) bltu    a4, a5, pc - 38
core   0: 3 0x000000008000efd6 (0xfcf76de3)
core   0: 0x000000008000efb0 (0xfe043783) ld      a5, -32(s0)
core   0: 3 0x000000008000efb0 (0xfe043783) x15 0x000000008001105f mem 0x0000000080030f50
core   0: 0x000000008000efb4 (0x00178713) addi    a4, a5, 1
core   0: 3 0x000000008000efb4 (0x00178713) x14 0x0000000080011060
core   0: 0x000000008000efb8 (0xfee43023) sd      a4, -32(s0)
core   0: 3 0x000000008000efb8 (0xfee43023) mem 0x0000000080030f50 0x0000000080011060
core   0: 0x000000008000efbc (0xfc442703) lw      a4, -60(s0)
core   0: 3 0x000000008000efbc (0xfc442703) x14 0x0000000000000000 mem 0x0000000080030f34
core   0: 0x000000008000efc0 (0x0ff77713) andi    a4, a4, 255
core   0: 3 0x000000008000efc0 (0x0ff77713) x14 0x0000000000000000
core   0: 0x000000008000efc4 (0x00e78023) sb      a4, 0(a5)
core   0: 3 0x000000008000efc4 (0x00e78023) mem 0x000000008001105f 0x00
core   0: 0x000000008000efc8 (0xfc843703) ld      a4, -56(s0)
core   0: 3 0x000000008000efc8 (0xfc843703) x14 0x0000000080011040 mem 0x0000000080030f38
core   0: 0x000000008000efcc (0xfb843783) ld      a5, -72(s0)
core   0: 3 0x000000008000efcc (0xfb843783) x15 0x000000000000009c mem 0x0000000080030f28
core   0: 0x000000008000efd0 (0x000097ba) c.add   a5, a4
core   0: 3 0x000000008000efd0 (0x97ba) x15 0x00000000800110dc
core   0: 0x000000008000efd2 (0xfe043703) ld      a4, -32(s0)
core   0: 3 0x000000008000efd2 (0xfe043703) x14 0x0000000080011060 mem 0x0000000080030f50
core   0: 0x000000008000efd6 (0xfcf76de3) bltu    a4, a5, pc - 38
core   0: 3 0x000000008000efd6 (0xfcf76de3)
core   0: 0x000000008000efb0 (0xfe043783) ld      a5, -32(s0)
core   0: 3 0x000000008000efb0 (0xfe043783) x15 0x0000000080011060 mem 0x0000000080030f50
core   0: 0x000000008000efb4 (0x00178713) addi    a4, a5, 1
core   0: 3 0x000000008000efb4 (0x00178713) x14 0x0000000080011061
core   0: 0x000000008000efb8 (0xfee43023) sd      a4, -32(s0)
core   0: 3 0x000000008000efb8 (0xfee43023) mem 0x0000000080030f50 0x0000000080011061
core   0: 0x000000008000efbc (0xfc442703) lw      a4, -60(s0)
core   0: 3 0x000000008000efbc (0xfc442703) x14 0x0000000000000000 mem 0x0000000080030f34
core   0: 0x000000008000efc0 (0x0ff77713) andi    a4, a4, 255
core   0: 3 0x000000008000efc0 (0x0ff77713) x14 0x0000000000000000
core   0: 0x000000008000efc4 (0x00e78023) sb      a4, 0(a5)
core   0: 3 0x000000008000efc4 (0x00e78023) mem 0x0000000080011060 0x00
core   0: 0x000000008000efc8 (0xfc843703) ld      a4, -56(s0)
core   0: 3 0x000000008000efc8 (0xfc843703) x14 0x0000000080011040 mem 0x0000000080030f38
core   0: 0x000000008000efcc (0xfb843783) ld      a5, -72(s0)
core   0: 3 0x000000008000efcc (0xfb843783) x15 0x000000000000009c mem 0x0000000080030f28
core   0: 0x000000008000efd0 (0x000097ba) c.add   a5, a4
core   0: 3 0x000000008000efd0 (0x97ba) x15 0x00000000800110dc
core   0: 0x000000008000efd2 (0xfe043703) ld      a4, -32(s0)
core   0: 3 0x000000008000efd2 (0xfe043703) x14 0x0000000080011061 mem 0x0000000080030f50
core   0: 0x000000008000efd6 (0xfcf76de3) bltu    a4, a5, pc - 38
core   0: 3 0x000000008000efd6 (0xfcf76de3)
core   0: 0x000000008000efb0 (0xfe043783) ld      a5, -32(s0)
core   0: 3 0x000000008000efb0 (0xfe043783) x15 0x0000000080011061 mem 0x0000000080030f50
core   0: 0x000000008000efb4 (0x00178713) addi    a4, a5, 1
core   0: 3 0x000000008000efb4 (0x00178713) x14 0x0000000080011062
core   0: 0x000000008000efb8 (0xfee43023) sd      a4, -32(s0)
core   0: 3 0x000000008000efb8 (0xfee43023) mem 0x0000000080030f50 0x0000000080011062
core   0: 0x000000008000efbc (0xfc442703) lw      a4, -60(s0)
core   0: 3 0x000000008000efbc (0xfc442703) x14 0x0000000000000000 mem 0x0000000080030f34
core   0: 0x000000008000efc0 (0x0ff77713) andi    a4, a4, 255
core   0: 3 0x000000008000efc0 (0x0ff77713) x14 0x0000000000000000
core   0: 0x000000008000efc4 (0x00e78023) sb      a4, 0(a5)
core   0: 3 0x000000008000efc4 (0x00e78023) mem 0x0000000080011061 0x00
core   0: 0x000000008000efc8 (0xfc843703) ld      a4, -56(s0)
core   0: 3 0x000000008000efc8 (0xfc843703) x14 0x0000000080011040 mem 0x0000000080030f38
core   0: 0x000000008000efcc (0xfb843783) ld      a5, -72(s0)
core   0: 3 0x000000008000efcc (0xfb843783) x15 0x000000000000009c mem 0x0000000080030f28
core   0: 0x000000008000efd0 (0x000097ba) c.add   a5, a4
core   0: 3 0x000000008000efd0 (0x97ba) x15 0x00000000800110dc
core   0: 0x000000008000efd2 (0xfe043703) ld      a4, -32(s0)
core   0: 3 0x000000008000efd2 (0xfe043703) x14 0x0000000080011062 mem 0x0000000080030f50
core   0: 0x000000008000efd6 (0xfcf76de3) bltu    a4, a5, pc - 38
core   0: 3 0x000000008000efd6 (0xfcf76de3)
core   0: 0x000000008000efb0 (0xfe043783) ld      a5, -32(s0)
core   0: 3 0x000000008000efb0 (0xfe043783) x15 0x0000000080011062 mem 0x0000000080030f50
core   0: 0x000000008000efb4 (0x00178713) addi    a4, a5, 1
core   0: 3 0x000000008000efb4 (0x00178713) x14 0x0000000080011063
core   0: 0x000000008000efb8 (0xfee43023) sd      a4, -32(s0)
core   0: 3 0x000000008000efb8 (0xfee43023) mem 0x0000000080030f50 0x0000000080011063
core   0: 0x000000008000efbc (0xfc442703) lw      a4, -60(s0)
core   0: 3 0x000000008000efbc (0xfc442703) x14 0x0000000000000000 mem 0x0000000080030f34
core   0: 0x000000008000efc0 (0x0ff77713) andi    a4, a4, 255
core   0: 3 0x000000008000efc0 (0x0ff77713) x14 0x0000000000000000
core   0: 0x000000008000efc4 (0x00e78023) sb      a4, 0(a5)
core   0: 3 0x000000008000efc4 (0x00e78023) mem 0x0000000080011062 0x00
core   0: 0x000000008000efc8 (0xfc843703) ld      a4, -56(s0)
core   0: 3 0x000000008000efc8 (0xfc843703) x14 0x0000000080011040 mem 0x0000000080030f38
core   0: 0x000000008000efcc (0xfb843783) ld      a5, -72(s0)
core   0: 3 0x000000008000efcc (0xfb843783) x15 0x000000000000009c mem 0x0000000080030f28
core   0: 0x000000008000efd0 (0x000097ba) c.add   a5, a4
core   0: 3 0x000000008000efd0 (0x97ba) x15 0x00000000800110dc
core   0: 0x000000008000efd2 (0xfe043703) ld      a4, -32(s0)
core   0: 3 0x000000008000efd2 (0xfe043703) x14 0x0000000080011063 mem 0x0000000080030f50
core   0: 0x000000008000efd6 (0xfcf76de3) bltu    a4, a5, pc - 38
core   0: 3 0x000000008000efd6 (0xfcf76de3)
core   0: 0x000000008000efb0 (0xfe043783) ld      a5, -32(s0)
core   0: 3 0x000000008000efb0 (0xfe043783) x15 0x0000000080011063 mem 0x0000000080030f50
core   0: 0x000000008000efb4 (0x00178713) addi    a4, a5, 1
core   0: 3 0x000000008000efb4 (0x00178713) x14 0x0000000080011064
core   0: 0x000000008000efb8 (0xfee43023) sd      a4, -32(s0)
core   0: 3 0x000000008000efb8 (0xfee43023) mem 0x0000000080030f50 0x0000000080011064
core   0: 0x000000008000efbc (0xfc442703) lw      a4, -60(s0)
core   0: 3 0x000000008000efbc (0xfc442703) x14 0x0000000000000000 mem 0x0000000080030f34
core   0: 0x000000008000efc0 (0x0ff77713) andi    a4, a4, 255
core   0: 3 0x000000008000efc0 (0x0ff77713) x14 0x0000000000000000
core   0: 0x000000008000efc4 (0x00e78023) sb      a4, 0(a5)
core   0: 3 0x000000008000efc4 (0x00e78023) mem 0x0000000080011063 0x00
core   0: 0x000000008000efc8 (0xfc843703) ld      a4, -56(s0)
core   0: 3 0x000000008000efc8 (0xfc843703) x14 0x0000000080011040 mem 0x0000000080030f38
core   0: 0x000000008000efcc (0xfb843783) ld      a5, -72(s0)
core   0: 3 0x000000008000efcc (0xfb843783) x15 0x000000000000009c mem 0x0000000080030f28
core   0: 0x000000008000efd0 (0x000097ba) c.add   a5, a4
core   0: 3 0x000000008000efd0 (0x97ba) x15 0x00000000800110dc
core   0: 0x000000008000efd2 (0xfe043703) ld      a4, -32(s0)
core   0: 3 0x000000008000efd2 (0xfe043703) x14 0x0000000080011064 mem 0x0000000080030f50
core   0: 0x000000008000efd6 (0xfcf76de3) bltu    a4, a5, pc - 38
core   0: 3 0x000000008000efd6 (0xfcf76de3)
core   0: 0x000000008000efb0 (0xfe043783) ld      a5, -32(s0)
core   0: 3 0x000000008000efb0 (0xfe043783) x15 0x0000000080011064 mem 0x0000000080030f50
core   0: 0x000000008000efb4 (0x00178713) addi    a4, a5, 1
core   0: 3 0x000000008000efb4 (0x00178713) x14 0x0000000080011065
core   0: 0x000000008000efb8 (0xfee43023) sd      a4, -32(s0)
core   0: 3 0x000000008000efb8 (0xfee43023) mem 0x0000000080030f50 0x0000000080011065
core   0: 0x000000008000efbc (0xfc442703) lw      a4, -60(s0)
core   0: 3 0x000000008000efbc (0xfc442703) x14 0x0000000000000000 mem 0x0000000080030f34
core   0: 0x000000008000efc0 (0x0ff77713) andi    a4, a4, 255
core   0: 3 0x000000008000efc0 (0x0ff77713) x14 0x0000000000000000
core   0: 0x000000008000efc4 (0x00e78023) sb      a4, 0(a5)
core   0: 3 0x000000008000efc4 (0x00e78023) mem 0x0000000080011064 0x00
core   0: 0x000000008000efc8 (0xfc843703) ld      a4, -56(s0)
core   0: 3 0x000000008000efc8 (0xfc843703) x14 0x0000000080011040 mem 0x0000000080030f38
core   0: 0x000000008000efcc (0xfb843783) ld      a5, -72(s0)
core   0: 3 0x000000008000efcc (0xfb843783) x15 0x000000000000009c mem 0x0000000080030f28
core   0: 0x000000008000efd0 (0x000097ba) c.add   a5, a4
core   0: 3 0x000000008000efd0 (0x97ba) x15 0x00000000800110dc
core   0: 0x000000008000efd2 (0xfe043703) ld      a4, -32(s0)
core   0: 3 0x000000008000efd2 (0xfe043703) x14 0x0000000080011065 mem 0x0000000080030f50
core   0: 0x000000008000efd6 (0xfcf76de3) bltu    a4, a5, pc - 38
core   0: 3 0x000000008000efd6 (0xfcf76de3)
core   0: 0x000000008000efb0 (0xfe043783) ld      a5, -32(s0)
core   0: 3 0x000000008000efb0 (0xfe043783) x15 0x0000000080011065 mem 0x0000000080030f50
core   0: 0x000000008000efb4 (0x00178713) addi    a4, a5, 1
core   0: 3 0x000000008000efb4 (0x00178713) x14 0x0000000080011066
core   0: 0x000000008000efb8 (0xfee43023) sd      a4, -32(s0)
core   0: 3 0x000000008000efb8 (0xfee43023) mem 0x0000000080030f50 0x0000000080011066
core   0: 0x000000008000efbc (0xfc442703) lw      a4, -60(s0)
core   0: 3 0x000000008000efbc (0xfc442703) x14 0x0000000000000000 mem 0x0000000080030f34
core   0: 0x000000008000efc0 (0x0ff77713) andi    a4, a4, 255
core   0: 3 0x000000008000efc0 (0x0ff77713) x14 0x0000000000000000
core   0: 0x000000008000efc4 (0x00e78023) sb      a4, 0(a5)
core   0: 3 0x000000008000efc4 (0x00e78023) mem 0x0000000080011065 0x00
core   0: 0x000000008000efc8 (0xfc843703) ld      a4, -56(s0)
core   0: 3 0x000000008000efc8 (0xfc843703) x14 0x0000000080011040 mem 0x0000000080030f38
core   0: 0x000000008000efcc (0xfb843783) ld      a5, -72(s0)
core   0: 3 0x000000008000efcc (0xfb843783) x15 0x000000000000009c mem 0x0000000080030f28
core   0: 0x000000008000efd0 (0x000097ba) c.add   a5, a4
core   0: 3 0x000000008000efd0 (0x97ba) x15 0x00000000800110dc
core   0: 0x000000008000efd2 (0xfe043703) ld      a4, -32(s0)
core   0: 3 0x000000008000efd2 (0xfe043703) x14 0x0000000080011066 mem 0x0000000080030f50
core   0: 0x000000008000efd6 (0xfcf76de3) bltu    a4, a5, pc - 38
core   0: 3 0x000000008000efd6 (0xfcf76de3)
core   0: 0x000000008000efb0 (0xfe043783) ld      a5, -32(s0)
core   0: 3 0x000000008000efb0 (0xfe043783) x15 0x0000000080011066 mem 0x0000000080030f50
core   0: 0x000000008000efb4 (0x00178713) addi    a4, a5, 1
core   0: 3 0x000000008000efb4 (0x00178713) x14 0x0000000080011067
core   0: 0x000000008000efb8 (0xfee43023) sd      a4, -32(s0)
core   0: 3 0x000000008000efb8 (0xfee43023) mem 0x0000000080030f50 0x0000000080011067
core   0: 0x000000008000efbc (0xfc442703) lw      a4, -60(s0)
core   0: 3 0x000000008000efbc (0xfc442703) x14 0x0000000000000000 mem 0x0000000080030f34
core   0: 0x000000008000efc0 (0x0ff77713) andi    a4, a4, 255
core   0: 3 0x000000008000efc0 (0x0ff77713) x14 0x0000000000000000
core   0: 0x000000008000efc4 (0x00e78023) sb      a4, 0(a5)
core   0: 3 0x000000008000efc4 (0x00e78023) mem 0x0000000080011066 0x00
core   0: 0x000000008000efc8 (0xfc843703) ld      a4, -56(s0)
core   0: 3 0x000000008000efc8 (0xfc843703) x14 0x0000000080011040 mem 0x0000000080030f38
core   0: 0x000000008000efcc (0xfb843783) ld      a5, -72(s0)
core   0: 3 0x000000008000efcc (0xfb843783) x15 0x000000000000009c mem 0x0000000080030f28
core   0: 0x000000008000efd0 (0x000097ba) c.add   a5, a4
core   0: 3 0x000000008000efd0 (0x97ba) x15 0x00000000800110dc
core   0: 0x000000008000efd2 (0xfe043703) ld      a4, -32(s0)
core   0: 3 0x000000008000efd2 (0xfe043703) x14 0x0000000080011067 mem 0x0000000080030f50
core   0: 0x000000008000efd6 (0xfcf76de3) bltu    a4, a5, pc - 38
core   0: 3 0x000000008000efd6 (0xfcf76de3)
core   0: 0x000000008000efb0 (0xfe043783) ld      a5, -32(s0)
core   0: 3 0x000000008000efb0 (0xfe043783) x15 0x0000000080011067 mem 0x0000000080030f50
core   0: 0x000000008000efb4 (0x00178713) addi    a4, a5, 1
core   0: 3 0x000000008000efb4 (0x00178713) x14 0x0000000080011068
core   0: 0x000000008000efb8 (0xfee43023) sd      a4, -32(s0)
core   0: 3 0x000000008000efb8 (0xfee43023) mem 0x0000000080030f50 0x0000000080011068
core   0: 0x000000008000efbc (0xfc442703) lw      a4, -60(s0)
core   0: 3 0x000000008000efbc (0xfc442703) x14 0x0000000000000000 mem 0x0000000080030f34
core   0: 0x000000008000efc0 (0x0ff77713) andi    a4, a4, 255
core   0: 3 0x000000008000efc0 (0x0ff77713) x14 0x0000000000000000
core   0: 0x000000008000efc4 (0x00e78023) sb      a4, 0(a5)
core   0: 3 0x000000008000efc4 (0x00e78023) mem 0x0000000080011067 0x00
core   0: 0x000000008000efc8 (0xfc843703) ld      a4, -56(s0)
core   0: 3 0x000000008000efc8 (0xfc843703) x14 0x0000000080011040 mem 0x0000000080030f38
core   0: 0x000000008000efcc (0xfb843783) ld      a5, -72(s0)
core   0: 3 0x000000008000efcc (0xfb843783) x15 0x000000000000009c mem 0x0000000080030f28
core   0: 0x000000008000efd0 (0x000097ba) c.add   a5, a4
core   0: 3 0x000000008000efd0 (0x97ba) x15 0x00000000800110dc
core   0: 0x000000008000efd2 (0xfe043703) ld      a4, -32(s0)
core   0: 3 0x000000008000efd2 (0xfe043703) x14 0x0000000080011068 mem 0x0000000080030f50
core   0: 0x000000008000efd6 (0xfcf76de3) bltu    a4, a5, pc - 38
core   0: 3 0x000000008000efd6 (0xfcf76de3)
core   0: 0x000000008000efb0 (0xfe043783) ld      a5, -32(s0)
core   0: 3 0x000000008000efb0 (0xfe043783) x15 0x0000000080011068 mem 0x0000000080030f50
core   0: 0x000000008000efb4 (0x00178713) addi    a4, a5, 1
core   0: 3 0x000000008000efb4 (0x00178713) x14 0x0000000080011069
core   0: 0x000000008000efb8 (0xfee43023) sd      a4, -32(s0)
core   0: 3 0x000000008000efb8 (0xfee43023) mem 0x0000000080030f50 0x0000000080011069
core   0: 0x000000008000efbc (0xfc442703) lw      a4, -60(s0)
core   0: 3 0x000000008000efbc (0xfc442703) x14 0x0000000000000000 mem 0x0000000080030f34
core   0: 0x000000008000efc0 (0x0ff77713) andi    a4, a4, 255
core   0: 3 0x000000008000efc0 (0x0ff77713) x14 0x0000000000000000
core   0: 0x000000008000efc4 (0x00e78023) sb      a4, 0(a5)
core   0: 3 0x000000008000efc4 (0x00e78023) mem 0x0000000080011068 0x00
core   0: 0x000000008000efc8 (0xfc843703) ld      a4, -56(s0)
core   0: 3 0x000000008000efc8 (0xfc843703) x14 0x0000000080011040 mem 0x0000000080030f38
core   0: 0x000000008000efcc (0xfb843783) ld      a5, -72(s0)
core   0: 3 0x000000008000efcc (0xfb843783) x15 0x000000000000009c mem 0x0000000080030f28
core   0: 0x000000008000efd0 (0x000097ba) c.add   a5, a4
core   0: 3 0x000000008000efd0 (0x97ba) x15 0x00000000800110dc
core   0: 0x000000008000efd2 (0xfe043703) ld      a4, -32(s0)
core   0: 3 0x000000008000efd2 (0xfe043703) x14 0x0000000080011069 mem 0x0000000080030f50
core   0: 0x000000008000efd6 (0xfcf76de3) bltu    a4, a5, pc - 38
core   0: 3 0x000000008000efd6 (0xfcf76de3)
core   0: 0x000000008000efb0 (0xfe043783) ld      a5, -32(s0)
core   0: 3 0x000000008000efb0 (0xfe043783) x15 0x0000000080011069 mem 0x0000000080030f50
core   0: 0x000000008000efb4 (0x00178713) addi    a4, a5, 1
core   0: 3 0x000000008000efb4 (0x00178713) x14 0x000000008001106a
core   0: 0x000000008000efb8 (0xfee43023) sd      a4, -32(s0)
core   0: 3 0x000000008000efb8 (0xfee43023) mem 0x0000000080030f50 0x000000008001106a
core   0: 0x000000008000efbc (0xfc442703) lw      a4, -60(s0)
core   0: 3 0x000000008000efbc (0xfc442703) x14 0x0000000000000000 mem 0x0000000080030f34
core   0: 0x000000008000efc0 (0x0ff77713) andi    a4, a4, 255
core   0: 3 0x000000008000efc0 (0x0ff77713) x14 0x0000000000000000
core   0: 0x000000008000efc4 (0x00e78023) sb      a4, 0(a5)
core   0: 3 0x000000008000efc4 (0x00e78023) mem 0x0000000080011069 0x00
core   0: 0x000000008000efc8 (0xfc843703) ld      a4, -56(s0)
core   0: 3 0x000000008000efc8 (0xfc843703) x14 0x0000000080011040 mem 0x0000000080030f38
core   0: 0x000000008000efcc (0xfb843783) ld      a5, -72(s0)
core   0: 3 0x000000008000efcc (0xfb843783) x15 0x000000000000009c mem 0x0000000080030f28
core   0: 0x000000008000efd0 (0x000097ba) c.add   a5, a4
core   0: 3 0x000000008000efd0 (0x97ba) x15 0x00000000800110dc
core   0: 0x000000008000efd2 (0xfe043703) ld      a4, -32(s0)
core   0: 3 0x000000008000efd2 (0xfe043703) x14 0x000000008001106a mem 0x0000000080030f50
core   0: 0x000000008000efd6 (0xfcf76de3) bltu    a4, a5, pc - 38
core   0: 3 0x000000008000efd6 (0xfcf76de3)
core   0: 0x000000008000efb0 (0xfe043783) ld      a5, -32(s0)
core   0: 3 0x000000008000efb0 (0xfe043783) x15 0x000000008001106a mem 0x0000000080030f50
core   0: 0x000000008000efb4 (0x00178713) addi    a4, a5, 1
core   0: 3 0x000000008000efb4 (0x00178713) x14 0x000000008001106b
core   0: 0x000000008000efb8 (0xfee43023) sd      a4, -32(s0)
core   0: 3 0x000000008000efb8 (0xfee43023) mem 0x0000000080030f50 0x000000008001106b
core   0: 0x000000008000efbc (0xfc442703) lw      a4, -60(s0)
core   0: 3 0x000000008000efbc (0xfc442703) x14 0x0000000000000000 mem 0x0000000080030f34
core   0: 0x000000008000efc0 (0x0ff77713) andi    a4, a4, 255
core   0: 3 0x000000008000efc0 (0x0ff77713) x14 0x0000000000000000
core   0: 0x000000008000efc4 (0x00e78023) sb      a4, 0(a5)
core   0: 3 0x000000008000efc4 (0x00e78023) mem 0x000000008001106a 0x00
core   0: 0x000000008000efc8 (0xfc843703) ld      a4, -56(s0)
core   0: 3 0x000000008000efc8 (0xfc843703) x14 0x0000000080011040 mem 0x0000000080030f38
core   0: 0x000000008000efcc (0xfb843783) ld      a5, -72(s0)
core   0: 3 0x000000008000efcc (0xfb843783) x15 0x000000000000009c mem 0x0000000080030f28
core   0: 0x000000008000efd0 (0x000097ba) c.add   a5, a4
core   0: 3 0x000000008000efd0 (0x97ba) x15 0x00000000800110dc
core   0: 0x000000008000efd2 (0xfe043703) ld      a4, -32(s0)
core   0: 3 0x000000008000efd2 (0xfe043703) x14 0x000000008001106b mem 0x0000000080030f50
core   0: 0x000000008000efd6 (0xfcf76de3) bltu    a4, a5, pc - 38
core   0: 3 0x000000008000efd6 (0xfcf76de3)
core   0: 0x000000008000efb0 (0xfe043783) ld      a5, -32(s0)
core   0: 3 0x000000008000efb0 (0xfe043783) x15 0x000000008001106b mem 0x0000000080030f50
core   0: 0x000000008000efb4 (0x00178713) addi    a4, a5, 1
core   0: 3 0x000000008000efb4 (0x00178713) x14 0x000000008001106c
core   0: 0x000000008000efb8 (0xfee43023) sd      a4, -32(s0)
core   0: 3 0x000000008000efb8 (0xfee43023) mem 0x0000000080030f50 0x000000008001106c
core   0: 0x000000008000efbc (0xfc442703) lw      a4, -60(s0)
core   0: 3 0x000000008000efbc (0xfc442703) x14 0x0000000000000000 mem 0x0000000080030f34
core   0: 0x000000008000efc0 (0x0ff77713) andi    a4, a4, 255
core   0: 3 0x000000008000efc0 (0x0ff77713) x14 0x0000000000000000
core   0: 0x000000008000efc4 (0x00e78023) sb      a4, 0(a5)
core   0: 3 0x000000008000efc4 (0x00e78023) mem 0x000000008001106b 0x00
core   0: 0x000000008000efc8 (0xfc843703) ld      a4, -56(s0)
core   0: 3 0x000000008000efc8 (0xfc843703) x14 0x0000000080011040 mem 0x0000000080030f38
core   0: 0x000000008000efcc (0xfb843783) ld      a5, -72(s0)
core   0: 3 0x000000008000efcc (0xfb843783) x15 0x000000000000009c mem 0x0000000080030f28
core   0: 0x000000008000efd0 (0x000097ba) c.add   a5, a4
core   0: 3 0x000000008000efd0 (0x97ba) x15 0x00000000800110dc
core   0: 0x000000008000efd2 (0xfe043703) ld      a4, -32(s0)
core   0: 3 0x000000008000efd2 (0xfe043703) x14 0x000000008001106c mem 0x0000000080030f50
core   0: 0x000000008000efd6 (0xfcf76de3) bltu    a4, a5, pc - 38
core   0: 3 0x000000008000efd6 (0xfcf76de3)
core   0: 0x000000008000efb0 (0xfe043783) ld      a5, -32(s0)
core   0: 3 0x000000008000efb0 (0xfe043783) x15 0x000000008001106c mem 0x0000000080030f50
core   0: 0x000000008000efb4 (0x00178713) addi    a4, a5, 1
core   0: 3 0x000000008000efb4 (0x00178713) x14 0x000000008001106d
core   0: 0x000000008000efb8 (0xfee43023) sd      a4, -32(s0)
core   0: 3 0x000000008000efb8 (0xfee43023) mem 0x0000000080030f50 0x000000008001106d
core   0: 0x000000008000efbc (0xfc442703) lw      a4, -60(s0)
core   0: 3 0x000000008000efbc (0xfc442703) x14 0x0000000000000000 mem 0x0000000080030f34
core   0: 0x000000008000efc0 (0x0ff77713) andi    a4, a4, 255
core   0: 3 0x000000008000efc0 (0x0ff77713) x14 0x0000000000000000
core   0: 0x000000008000efc4 (0x00e78023) sb      a4, 0(a5)
core   0: 3 0x000000008000efc4 (0x00e78023) mem 0x000000008001106c 0x00
core   0: 0x000000008000efc8 (0xfc843703) ld      a4, -56(s0)
core   0: 3 0x000000008000efc8 (0xfc843703) x14 0x0000000080011040 mem 0x0000000080030f38
core   0: 0x000000008000efcc (0xfb843783) ld      a5, -72(s0)
core   0: 3 0x000000008000efcc (0xfb843783) x15 0x000000000000009c mem 0x0000000080030f28
core   0: 0x000000008000efd0 (0x000097ba) c.add   a5, a4
core   0: 3 0x000000008000efd0 (0x97ba) x15 0x00000000800110dc
core   0: 0x000000008000efd2 (0xfe043703) ld      a4, -32(s0)
core   0: 3 0x000000008000efd2 (0xfe043703) x14 0x000000008001106d mem 0x0000000080030f50
core   0: 0x000000008000efd6 (0xfcf76de3) bltu    a4, a5, pc - 38
core   0: 3 0x000000008000efd6 (0xfcf76de3)
core   0: 0x000000008000efb0 (0xfe043783) ld      a5, -32(s0)
core   0: 3 0x000000008000efb0 (0xfe043783) x15 0x000000008001106d mem 0x0000000080030f50
core   0: 0x000000008000efb4 (0x00178713) addi    a4, a5, 1
core   0: 3 0x000000008000efb4 (0x00178713) x14 0x000000008001106e
core   0: 0x000000008000efb8 (0xfee43023) sd      a4, -32(s0)
core   0: 3 0x000000008000efb8 (0xfee43023) mem 0x0000000080030f50 0x000000008001106e
core   0: 0x000000008000efbc (0xfc442703) lw      a4, -60(s0)
core   0: 3 0x000000008000efbc (0xfc442703) x14 0x0000000000000000 mem 0x0000000080030f34
core   0: 0x000000008000efc0 (0x0ff77713) andi    a4, a4, 255
core   0: 3 0x000000008000efc0 (0x0ff77713) x14 0x0000000000000000
core   0: 0x000000008000efc4 (0x00e78023) sb      a4, 0(a5)
core   0: 3 0x000000008000efc4 (0x00e78023) mem 0x000000008001106d 0x00
core   0: 0x000000008000efc8 (0xfc843703) ld      a4, -56(s0)
core   0: 3 0x000000008000efc8 (0xfc843703) x14 0x0000000080011040 mem 0x0000000080030f38
core   0: 0x000000008000efcc (0xfb843783) ld      a5, -72(s0)
core   0: 3 0x000000008000efcc (0xfb843783) x15 0x000000000000009c mem 0x0000000080030f28
core   0: 0x000000008000efd0 (0x000097ba) c.add   a5, a4
core   0: 3 0x000000008000efd0 (0x97ba) x15 0x00000000800110dc
core   0: 0x000000008000efd2 (0xfe043703) ld      a4, -32(s0)
core   0: 3 0x000000008000efd2 (0xfe043703) x14 0x000000008001106e mem 0x0000000080030f50
core   0: 0x000000008000efd6 (0xfcf76de3) bltu    a4, a5, pc - 38
core   0: 3 0x000000008000efd6 (0xfcf76de3)
core   0: 0x000000008000efb0 (0xfe043783) ld      a5, -32(s0)
core   0: 3 0x000000008000efb0 (0xfe043783) x15 0x000000008001106e mem 0x0000000080030f50
core   0: 0x000000008000efb4 (0x00178713) addi    a4, a5, 1
core   0: 3 0x000000008000efb4 (0x00178713) x14 0x000000008001106f
core   0: 0x000000008000efb8 (0xfee43023) sd      a4, -32(s0)
core   0: 3 0x000000008000efb8 (0xfee43023) mem 0x0000000080030f50 0x000000008001106f
core   0: 0x000000008000efbc (0xfc442703) lw      a4, -60(s0)
core   0: 3 0x000000008000efbc (0xfc442703) x14 0x0000000000000000 mem 0x0000000080030f34
core   0: 0x000000008000efc0 (0x0ff77713) andi    a4, a4, 255
core   0: 3 0x000000008000efc0 (0x0ff77713) x14 0x0000000000000000
core   0: 0x000000008000efc4 (0x00e78023) sb      a4, 0(a5)
core   0: 3 0x000000008000efc4 (0x00e78023) mem 0x000000008001106e 0x00
core   0: 0x000000008000efc8 (0xfc843703) ld      a4, -56(s0)
core   0: 3 0x000000008000efc8 (0xfc843703) x14 0x0000000080011040 mem 0x0000000080030f38
core   0: 0x000000008000efcc (0xfb843783) ld      a5, -72(s0)
core   0: 3 0x000000008000efcc (0xfb843783) x15 0x000000000000009c mem 0x0000000080030f28
core   0: 0x000000008000efd0 (0x000097ba) c.add   a5, a4
core   0: 3 0x000000008000efd0 (0x97ba) x15 0x00000000800110dc
core   0: 0x000000008000efd2 (0xfe043703) ld      a4, -32(s0)
core   0: 3 0x000000008000efd2 (0xfe043703) x14 0x000000008001106f mem 0x0000000080030f50
core   0: 0x000000008000efd6 (0xfcf76de3) bltu    a4, a5, pc - 38
core   0: 3 0x000000008000efd6 (0xfcf76de3)
core   0: 0x000000008000efb0 (0xfe043783) ld      a5, -32(s0)
core   0: 3 0x000000008000efb0 (0xfe043783) x15 0x000000008001106f mem 0x0000000080030f50
core   0: 0x000000008000efb4 (0x00178713) addi    a4, a5, 1
core   0: 3 0x000000008000efb4 (0x00178713) x14 0x0000000080011070
core   0: 0x000000008000efb8 (0xfee43023) sd      a4, -32(s0)
core   0: 3 0x000000008000efb8 (0xfee43023) mem 0x0000000080030f50 0x0000000080011070
core   0: 0x000000008000efbc (0xfc442703) lw      a4, -60(s0)
core   0: 3 0x000000008000efbc (0xfc442703) x14 0x0000000000000000 mem 0x0000000080030f34
core   0: 0x000000008000efc0 (0x0ff77713) andi    a4, a4, 255
core   0: 3 0x000000008000efc0 (0x0ff77713) x14 0x0000000000000000
core   0: 0x000000008000efc4 (0x00e78023) sb      a4, 0(a5)
core   0: 3 0x000000008000efc4 (0x00e78023) mem 0x000000008001106f 0x00
core   0: 0x000000008000efc8 (0xfc843703) ld      a4, -56(s0)
core   0: 3 0x000000008000efc8 (0xfc843703) x14 0x0000000080011040 mem 0x0000000080030f38
core   0: 0x000000008000efcc (0xfb843783) ld      a5, -72(s0)
core   0: 3 0x000000008000efcc (0xfb843783) x15 0x000000000000009c mem 0x0000000080030f28
core   0: 0x000000008000efd0 (0x000097ba) c.add   a5, a4
core   0: 3 0x000000008000efd0 (0x97ba) x15 0x00000000800110dc
core   0: 0x000000008000efd2 (0xfe043703) ld      a4, -32(s0)
core   0: 3 0x000000008000efd2 (0xfe043703) x14 0x0000000080011070 mem 0x0000000080030f50
core   0: 0x000000008000efd6 (0xfcf76de3) bltu    a4, a5, pc - 38
core   0: 3 0x000000008000efd6 (0xfcf76de3)
core   0: 0x000000008000efb0 (0xfe043783) ld      a5, -32(s0)
core   0: 3 0x000000008000efb0 (0xfe043783) x15 0x0000000080011070 mem 0x0000000080030f50
core   0: 0x000000008000efb4 (0x00178713) addi    a4, a5, 1
core   0: 3 0x000000008000efb4 (0x00178713) x14 0x0000000080011071
core   0: 0x000000008000efb8 (0xfee43023) sd      a4, -32(s0)
core   0: 3 0x000000008000efb8 (0xfee43023) mem 0x0000000080030f50 0x0000000080011071
core   0: 0x000000008000efbc (0xfc442703) lw      a4, -60(s0)
core   0: 3 0x000000008000efbc (0xfc442703) x14 0x0000000000000000 mem 0x0000000080030f34
core   0: 0x000000008000efc0 (0x0ff77713) andi    a4, a4, 255
core   0: 3 0x000000008000efc0 (0x0ff77713) x14 0x0000000000000000
core   0: 0x000000008000efc4 (0x00e78023) sb      a4, 0(a5)
core   0: 3 0x000000008000efc4 (0x00e78023) mem 0x0000000080011070 0x00
core   0: 0x000000008000efc8 (0xfc843703) ld      a4, -56(s0)
core   0: 3 0x000000008000efc8 (0xfc843703) x14 0x0000000080011040 mem 0x0000000080030f38
core   0: 0x000000008000efcc (0xfb843783) ld      a5, -72(s0)
core   0: 3 0x000000008000efcc (0xfb843783) x15 0x000000000000009c mem 0x0000000080030f28
core   0: 0x000000008000efd0 (0x000097ba) c.add   a5, a4
core   0: 3 0x000000008000efd0 (0x97ba) x15 0x00000000800110dc
core   0: 0x000000008000efd2 (0xfe043703) ld      a4, -32(s0)
core   0: 3 0x000000008000efd2 (0xfe043703) x14 0x0000000080011071 mem 0x0000000080030f50
core   0: 0x000000008000efd6 (0xfcf76de3) bltu    a4, a5, pc - 38
core   0: 3 0x000000008000efd6 (0xfcf76de3)
core   0: 0x000000008000efb0 (0xfe043783) ld      a5, -32(s0)
core   0: 3 0x000000008000efb0 (0xfe043783) x15 0x0000000080011071 mem 0x0000000080030f50
core   0: 0x000000008000efb4 (0x00178713) addi    a4, a5, 1
core   0: 3 0x000000008000efb4 (0x00178713) x14 0x0000000080011072
core   0: 0x000000008000efb8 (0xfee43023) sd      a4, -32(s0)
core   0: 3 0x000000008000efb8 (0xfee43023) mem 0x0000000080030f50 0x0000000080011072
core   0: 0x000000008000efbc (0xfc442703) lw      a4, -60(s0)
core   0: 3 0x000000008000efbc (0xfc442703) x14 0x0000000000000000 mem 0x0000000080030f34
core   0: 0x000000008000efc0 (0x0ff77713) andi    a4, a4, 255
core   0: 3 0x000000008000efc0 (0x0ff77713) x14 0x0000000000000000
core   0: 0x000000008000efc4 (0x00e78023) sb      a4, 0(a5)
core   0: 3 0x000000008000efc4 (0x00e78023) mem 0x0000000080011071 0x00
core   0: 0x000000008000efc8 (0xfc843703) ld      a4, -56(s0)
core   0: 3 0x000000008000efc8 (0xfc843703) x14 0x0000000080011040 mem 0x0000000080030f38
core   0: 0x000000008000efcc (0xfb843783) ld      a5, -72(s0)
core   0: 3 0x000000008000efcc (0xfb843783) x15 0x000000000000009c mem 0x0000000080030f28
core   0: 0x000000008000efd0 (0x000097ba) c.add   a5, a4
core   0: 3 0x000000008000efd0 (0x97ba) x15 0x00000000800110dc
core   0: 0x000000008000efd2 (0xfe043703) ld      a4, -32(s0)
core   0: 3 0x000000008000efd2 (0xfe043703) x14 0x0000000080011072 mem 0x0000000080030f50
core   0: 0x000000008000efd6 (0xfcf76de3) bltu    a4, a5, pc - 38
core   0: 3 0x000000008000efd6 (0xfcf76de3)
core   0: 0x000000008000efb0 (0xfe043783) ld      a5, -32(s0)
core   0: 3 0x000000008000efb0 (0xfe043783) x15 0x0000000080011072 mem 0x0000000080030f50
core   0: 0x000000008000efb4 (0x00178713) addi    a4, a5, 1
core   0: 3 0x000000008000efb4 (0x00178713) x14 0x0000000080011073
core   0: 0x000000008000efb8 (0xfee43023) sd      a4, -32(s0)
core   0: 3 0x000000008000efb8 (0xfee43023) mem 0x0000000080030f50 0x0000000080011073
core   0: 0x000000008000efbc (0xfc442703) lw      a4, -60(s0)
core   0: 3 0x000000008000efbc (0xfc442703) x14 0x0000000000000000 mem 0x0000000080030f34
core   0: 0x000000008000efc0 (0x0ff77713) andi    a4, a4, 255
core   0: 3 0x000000008000efc0 (0x0ff77713) x14 0x0000000000000000
core   0: 0x000000008000efc4 (0x00e78023) sb      a4, 0(a5)
core   0: 3 0x000000008000efc4 (0x00e78023) mem 0x0000000080011072 0x00
core   0: 0x000000008000efc8 (0xfc843703) ld      a4, -56(s0)
core   0: 3 0x000000008000efc8 (0xfc843703) x14 0x0000000080011040 mem 0x0000000080030f38
core   0: 0x000000008000efcc (0xfb843783) ld      a5, -72(s0)
core   0: 3 0x000000008000efcc (0xfb843783) x15 0x000000000000009c mem 0x0000000080030f28
core   0: 0x000000008000efd0 (0x000097ba) c.add   a5, a4
core   0: 3 0x000000008000efd0 (0x97ba) x15 0x00000000800110dc
core   0: 0x000000008000efd2 (0xfe043703) ld      a4, -32(s0)
core   0: 3 0x000000008000efd2 (0xfe043703) x14 0x0000000080011073 mem 0x0000000080030f50
core   0: 0x000000008000efd6 (0xfcf76de3) bltu    a4, a5, pc - 38
core   0: 3 0x000000008000efd6 (0xfcf76de3)
core   0: 0x000000008000efb0 (0xfe043783) ld      a5, -32(s0)
core   0: 3 0x000000008000efb0 (0xfe043783) x15 0x0000000080011073 mem 0x0000000080030f50
core   0: 0x000000008000efb4 (0x00178713) addi    a4, a5, 1
core   0: 3 0x000000008000efb4 (0x00178713) x14 0x0000000080011074
core   0: 0x000000008000efb8 (0xfee43023) sd      a4, -32(s0)
core   0: 3 0x000000008000efb8 (0xfee43023) mem 0x0000000080030f50 0x0000000080011074
core   0: 0x000000008000efbc (0xfc442703) lw      a4, -60(s0)
core   0: 3 0x000000008000efbc (0xfc442703) x14 0x0000000000000000 mem 0x0000000080030f34
core   0: 0x000000008000efc0 (0x0ff77713) andi    a4, a4, 255
core   0: 3 0x000000008000efc0 (0x0ff77713) x14 0x0000000000000000
core   0: 0x000000008000efc4 (0x00e78023) sb      a4, 0(a5)
core   0: 3 0x000000008000efc4 (0x00e78023) mem 0x0000000080011073 0x00
core   0: 0x000000008000efc8 (0xfc843703) ld      a4, -56(s0)
core   0: 3 0x000000008000efc8 (0xfc843703) x14 0x0000000080011040 mem 0x0000000080030f38
core   0: 0x000000008000efcc (0xfb843783) ld      a5, -72(s0)
core   0: 3 0x000000008000efcc (0xfb843783) x15 0x000000000000009c mem 0x0000000080030f28
core   0: 0x000000008000efd0 (0x000097ba) c.add   a5, a4
core   0: 3 0x000000008000efd0 (0x97ba) x15 0x00000000800110dc
core   0: 0x000000008000efd2 (0xfe043703) ld      a4, -32(s0)
core   0: 3 0x000000008000efd2 (0xfe043703) x14 0x0000000080011074 mem 0x0000000080030f50
core   0: 0x000000008000efd6 (0xfcf76de3) bltu    a4, a5, pc - 38
core   0: 3 0x000000008000efd6 (0xfcf76de3)
core   0: 0x000000008000efb0 (0xfe043783) ld      a5, -32(s0)
core   0: 3 0x000000008000efb0 (0xfe043783) x15 0x0000000080011074 mem 0x0000000080030f50
core   0: 0x000000008000efb4 (0x00178713) addi    a4, a5, 1
core   0: 3 0x000000008000efb4 (0x00178713) x14 0x0000000080011075
core   0: 0x000000008000efb8 (0xfee43023) sd      a4, -32(s0)
core   0: 3 0x000000008000efb8 (0xfee43023) mem 0x0000000080030f50 0x0000000080011075
core   0: 0x000000008000efbc (0xfc442703) lw      a4, -60(s0)
core   0: 3 0x000000008000efbc (0xfc442703) x14 0x0000000000000000 mem 0x0000000080030f34
core   0: 0x000000008000efc0 (0x0ff77713) andi    a4, a4, 255
core   0: 3 0x000000008000efc0 (0x0ff77713) x14 0x0000000000000000
core   0: 0x000000008000efc4 (0x00e78023) sb      a4, 0(a5)
core   0: 3 0x000000008000efc4 (0x00e78023) mem 0x0000000080011074 0x00
core   0: 0x000000008000efc8 (0xfc843703) ld      a4, -56(s0)
core   0: 3 0x000000008000efc8 (0xfc843703) x14 0x0000000080011040 mem 0x0000000080030f38
core   0: 0x000000008000efcc (0xfb843783) ld      a5, -72(s0)
core   0: 3 0x000000008000efcc (0xfb843783) x15 0x000000000000009c mem 0x0000000080030f28
core   0: 0x000000008000efd0 (0x000097ba) c.add   a5, a4
core   0: 3 0x000000008000efd0 (0x97ba) x15 0x00000000800110dc
core   0: 0x000000008000efd2 (0xfe043703) ld      a4, -32(s0)
core   0: 3 0x000000008000efd2 (0xfe043703) x14 0x0000000080011075 mem 0x0000000080030f50
core   0: 0x000000008000efd6 (0xfcf76de3) bltu    a4, a5, pc - 38
core   0: 3 0x000000008000efd6 (0xfcf76de3)
core   0: 0x000000008000efb0 (0xfe043783) ld      a5, -32(s0)
core   0: 3 0x000000008000efb0 (0xfe043783) x15 0x0000000080011075 mem 0x0000000080030f50
core   0: 0x000000008000efb4 (0x00178713) addi    a4, a5, 1
core   0: 3 0x000000008000efb4 (0x00178713) x14 0x0000000080011076
core   0: 0x000000008000efb8 (0xfee43023) sd      a4, -32(s0)
core   0: 3 0x000000008000efb8 (0xfee43023) mem 0x0000000080030f50 0x0000000080011076
core   0: 0x000000008000efbc (0xfc442703) lw      a4, -60(s0)
core   0: 3 0x000000008000efbc (0xfc442703) x14 0x0000000000000000 mem 0x0000000080030f34
core   0: 0x000000008000efc0 (0x0ff77713) andi    a4, a4, 255
core   0: 3 0x000000008000efc0 (0x0ff77713) x14 0x0000000000000000
core   0: 0x000000008000efc4 (0x00e78023) sb      a4, 0(a5)
core   0: 3 0x000000008000efc4 (0x00e78023) mem 0x0000000080011075 0x00
core   0: 0x000000008000efc8 (0xfc843703) ld      a4, -56(s0)
core   0: 3 0x000000008000efc8 (0xfc843703) x14 0x0000000080011040 mem 0x0000000080030f38
core   0: 0x000000008000efcc (0xfb843783) ld      a5, -72(s0)
core   0: 3 0x000000008000efcc (0xfb843783) x15 0x000000000000009c mem 0x0000000080030f28
core   0: 0x000000008000efd0 (0x000097ba) c.add   a5, a4
core   0: 3 0x000000008000efd0 (0x97ba) x15 0x00000000800110dc
core   0: 0x000000008000efd2 (0xfe043703) ld      a4, -32(s0)
core   0: 3 0x000000008000efd2 (0xfe043703) x14 0x0000000080011076 mem 0x0000000080030f50
core   0: 0x000000008000efd6 (0xfcf76de3) bltu    a4, a5, pc - 38
core   0: 3 0x000000008000efd6 (0xfcf76de3)
core   0: 0x000000008000efb0 (0xfe043783) ld      a5, -32(s0)
core   0: 3 0x000000008000efb0 (0xfe043783) x15 0x0000000080011076 mem 0x0000000080030f50
core   0: 0x000000008000efb4 (0x00178713) addi    a4, a5, 1
core   0: 3 0x000000008000efb4 (0x00178713) x14 0x0000000080011077
core   0: 0x000000008000efb8 (0xfee43023) sd      a4, -32(s0)
core   0: 3 0x000000008000efb8 (0xfee43023) mem 0x0000000080030f50 0x0000000080011077
core   0: 0x000000008000efbc (0xfc442703) lw      a4, -60(s0)
core   0: 3 0x000000008000efbc (0xfc442703) x14 0x0000000000000000 mem 0x0000000080030f34
core   0: 0x000000008000efc0 (0x0ff77713) andi    a4, a4, 255
core   0: 3 0x000000008000efc0 (0x0ff77713) x14 0x0000000000000000
core   0: 0x000000008000efc4 (0x00e78023) sb      a4, 0(a5)
core   0: 3 0x000000008000efc4 (0x00e78023) mem 0x0000000080011076 0x00
core   0: 0x000000008000efc8 (0xfc843703) ld      a4, -56(s0)
core   0: 3 0x000000008000efc8 (0xfc843703) x14 0x0000000080011040 mem 0x0000000080030f38
core   0: 0x000000008000efcc (0xfb843783) ld      a5, -72(s0)
core   0: 3 0x000000008000efcc (0xfb843783) x15 0x000000000000009c mem 0x0000000080030f28
core   0: 0x000000008000efd0 (0x000097ba) c.add   a5, a4
core   0: 3 0x000000008000efd0 (0x97ba) x15 0x00000000800110dc
core   0: 0x000000008000efd2 (0xfe043703) ld      a4, -32(s0)
core   0: 3 0x000000008000efd2 (0xfe043703) x14 0x0000000080011077 mem 0x0000000080030f50
core   0: 0x000000008000efd6 (0xfcf76de3) bltu    a4, a5, pc - 38
core   0: 3 0x000000008000efd6 (0xfcf76de3)
core   0: 0x000000008000efb0 (0xfe043783) ld      a5, -32(s0)
core   0: 3 0x000000008000efb0 (0xfe043783) x15 0x0000000080011077 mem 0x0000000080030f50
core   0: 0x000000008000efb4 (0x00178713) addi    a4, a5, 1
core   0: 3 0x000000008000efb4 (0x00178713) x14 0x0000000080011078
core   0: 0x000000008000efb8 (0xfee43023) sd      a4, -32(s0)
core   0: 3 0x000000008000efb8 (0xfee43023) mem 0x0000000080030f50 0x0000000080011078
core   0: 0x000000008000efbc (0xfc442703) lw      a4, -60(s0)
core   0: 3 0x000000008000efbc (0xfc442703) x14 0x0000000000000000 mem 0x0000000080030f34
core   0: 0x000000008000efc0 (0x0ff77713) andi    a4, a4, 255
core   0: 3 0x000000008000efc0 (0x0ff77713) x14 0x0000000000000000
core   0: 0x000000008000efc4 (0x00e78023) sb      a4, 0(a5)
core   0: 3 0x000000008000efc4 (0x00e78023) mem 0x0000000080011077 0x00
core   0: 0x000000008000efc8 (0xfc843703) ld      a4, -56(s0)
core   0: 3 0x000000008000efc8 (0xfc843703) x14 0x0000000080011040 mem 0x0000000080030f38
core   0: 0x000000008000efcc (0xfb843783) ld      a5, -72(s0)
core   0: 3 0x000000008000efcc (0xfb843783) x15 0x000000000000009c mem 0x0000000080030f28
core   0: 0x000000008000efd0 (0x000097ba) c.add   a5, a4
core   0: 3 0x000000008000efd0 (0x97ba) x15 0x00000000800110dc
core   0: 0x000000008000efd2 (0xfe043703) ld      a4, -32(s0)
core   0: 3 0x000000008000efd2 (0xfe043703) x14 0x0000000080011078 mem 0x0000000080030f50
core   0: 0x000000008000efd6 (0xfcf76de3) bltu    a4, a5, pc - 38
core   0: 3 0x000000008000efd6 (0xfcf76de3)
core   0: 0x000000008000efb0 (0xfe043783) ld      a5, -32(s0)
core   0: 3 0x000000008000efb0 (0xfe043783) x15 0x0000000080011078 mem 0x0000000080030f50
core   0: 0x000000008000efb4 (0x00178713) addi    a4, a5, 1
core   0: 3 0x000000008000efb4 (0x00178713) x14 0x0000000080011079
core   0: 0x000000008000efb8 (0xfee43023) sd      a4, -32(s0)
core   0: 3 0x000000008000efb8 (0xfee43023) mem 0x0000000080030f50 0x0000000080011079
core   0: 0x000000008000efbc (0xfc442703) lw      a4, -60(s0)
core   0: 3 0x000000008000efbc (0xfc442703) x14 0x0000000000000000 mem 0x0000000080030f34
core   0: 0x000000008000efc0 (0x0ff77713) andi    a4, a4, 255
core   0: 3 0x000000008000efc0 (0x0ff77713) x14 0x0000000000000000
core   0: 0x000000008000efc4 (0x00e78023) sb      a4, 0(a5)
core   0: 3 0x000000008000efc4 (0x00e78023) mem 0x0000000080011078 0x00
core   0: 0x000000008000efc8 (0xfc843703) ld      a4, -56(s0)
core   0: 3 0x000000008000efc8 (0xfc843703) x14 0x0000000080011040 mem 0x0000000080030f38
core   0: 0x000000008000efcc (0xfb843783) ld      a5, -72(s0)
core   0: 3 0x000000008000efcc (0xfb843783) x15 0x000000000000009c mem 0x0000000080030f28
core   0: 0x000000008000efd0 (0x000097ba) c.add   a5, a4
core   0: 3 0x000000008000efd0 (0x97ba) x15 0x00000000800110dc
core   0: 0x000000008000efd2 (0xfe043703) ld      a4, -32(s0)
core   0: 3 0x000000008000efd2 (0xfe043703) x14 0x0000000080011079 mem 0x0000000080030f50
core   0: 0x000000008000efd6 (0xfcf76de3) bltu    a4, a5, pc - 38
core   0: 3 0x000000008000efd6 (0xfcf76de3)
core   0: 0x000000008000efb0 (0xfe043783) ld      a5, -32(s0)
core   0: 3 0x000000008000efb0 (0xfe043783) x15 0x0000000080011079 mem 0x0000000080030f50
core   0: 0x000000008000efb4 (0x00178713) addi    a4, a5, 1
core   0: 3 0x000000008000efb4 (0x00178713) x14 0x000000008001107a
core   0: 0x000000008000efb8 (0xfee43023) sd      a4, -32(s0)
core   0: 3 0x000000008000efb8 (0xfee43023) mem 0x0000000080030f50 0x000000008001107a
core   0: 0x000000008000efbc (0xfc442703) lw      a4, -60(s0)
core   0: 3 0x000000008000efbc (0xfc442703) x14 0x0000000000000000 mem 0x0000000080030f34
core   0: 0x000000008000efc0 (0x0ff77713) andi    a4, a4, 255
core   0: 3 0x000000008000efc0 (0x0ff77713) x14 0x0000000000000000
core   0: 0x000000008000efc4 (0x00e78023) sb      a4, 0(a5)
core   0: 3 0x000000008000efc4 (0x00e78023) mem 0x0000000080011079 0x00
core   0: 0x000000008000efc8 (0xfc843703) ld      a4, -56(s0)
core   0: 3 0x000000008000efc8 (0xfc843703) x14 0x0000000080011040 mem 0x0000000080030f38
core   0: 0x000000008000efcc (0xfb843783) ld      a5, -72(s0)
core   0: 3 0x000000008000efcc (0xfb843783) x15 0x000000000000009c mem 0x0000000080030f28
core   0: 0x000000008000efd0 (0x000097ba) c.add   a5, a4
core   0: 3 0x000000008000efd0 (0x97ba) x15 0x00000000800110dc
core   0: 0x000000008000efd2 (0xfe043703) ld      a4, -32(s0)
core   0: 3 0x000000008000efd2 (0xfe043703) x14 0x000000008001107a mem 0x0000000080030f50
core   0: 0x000000008000efd6 (0xfcf76de3) bltu    a4, a5, pc - 38
core   0: 3 0x000000008000efd6 (0xfcf76de3)
core   0: 0x000000008000efb0 (0xfe043783) ld      a5, -32(s0)
core   0: 3 0x000000008000efb0 (0xfe043783) x15 0x000000008001107a mem 0x0000000080030f50
core   0: 0x000000008000efb4 (0x00178713) addi    a4, a5, 1
core   0: 3 0x000000008000efb4 (0x00178713) x14 0x000000008001107b
core   0: 0x000000008000efb8 (0xfee43023) sd      a4, -32(s0)
core   0: 3 0x000000008000efb8 (0xfee43023) mem 0x0000000080030f50 0x000000008001107b
core   0: 0x000000008000efbc (0xfc442703) lw      a4, -60(s0)
core   0: 3 0x000000008000efbc (0xfc442703) x14 0x0000000000000000 mem 0x0000000080030f34
core   0: 0x000000008000efc0 (0x0ff77713) andi    a4, a4, 255
core   0: 3 0x000000008000efc0 (0x0ff77713) x14 0x0000000000000000
core   0: 0x000000008000efc4 (0x00e78023) sb      a4, 0(a5)
core   0: 3 0x000000008000efc4 (0x00e78023) mem 0x000000008001107a 0x00
core   0: 0x000000008000efc8 (0xfc843703) ld      a4, -56(s0)
core   0: 3 0x000000008000efc8 (0xfc843703) x14 0x0000000080011040 mem 0x0000000080030f38
core   0: 0x000000008000efcc (0xfb843783) ld      a5, -72(s0)
core   0: 3 0x000000008000efcc (0xfb843783) x15 0x000000000000009c mem 0x0000000080030f28
core   0: 0x000000008000efd0 (0x000097ba) c.add   a5, a4
core   0: 3 0x000000008000efd0 (0x97ba) x15 0x00000000800110dc
core   0: 0x000000008000efd2 (0xfe043703) ld      a4, -32(s0)
core   0: 3 0x000000008000efd2 (0xfe043703) x14 0x000000008001107b mem 0x0000000080030f50
core   0: 0x000000008000efd6 (0xfcf76de3) bltu    a4, a5, pc - 38
core   0: 3 0x000000008000efd6 (0xfcf76de3)
core   0: 0x000000008000efb0 (0xfe043783) ld      a5, -32(s0)
core   0: 3 0x000000008000efb0 (0xfe043783) x15 0x000000008001107b mem 0x0000000080030f50
core   0: 0x000000008000efb4 (0x00178713) addi    a4, a5, 1
core   0: 3 0x000000008000efb4 (0x00178713) x14 0x000000008001107c
core   0: 0x000000008000efb8 (0xfee43023) sd      a4, -32(s0)
core   0: 3 0x000000008000efb8 (0xfee43023) mem 0x0000000080030f50 0x000000008001107c
core   0: 0x000000008000efbc (0xfc442703) lw      a4, -60(s0)
core   0: 3 0x000000008000efbc (0xfc442703) x14 0x0000000000000000 mem 0x0000000080030f34
core   0: 0x000000008000efc0 (0x0ff77713) andi    a4, a4, 255
core   0: 3 0x000000008000efc0 (0x0ff77713) x14 0x0000000000000000
core   0: 0x000000008000efc4 (0x00e78023) sb      a4, 0(a5)
core   0: 3 0x000000008000efc4 (0x00e78023) mem 0x000000008001107b 0x00
core   0: 0x000000008000efc8 (0xfc843703) ld      a4, -56(s0)
core   0: 3 0x000000008000efc8 (0xfc843703) x14 0x0000000080011040 mem 0x0000000080030f38
core   0: 0x000000008000efcc (0xfb843783) ld      a5, -72(s0)
core   0: 3 0x000000008000efcc (0xfb843783) x15 0x000000000000009c mem 0x0000000080030f28
core   0: 0x000000008000efd0 (0x000097ba) c.add   a5, a4
core   0: 3 0x000000008000efd0 (0x97ba) x15 0x00000000800110dc
core   0: 0x000000008000efd2 (0xfe043703) ld      a4, -32(s0)
core   0: 3 0x000000008000efd2 (0xfe043703) x14 0x000000008001107c mem 0x0000000080030f50
core   0: 0x000000008000efd6 (0xfcf76de3) bltu    a4, a5, pc - 38
core   0: 3 0x000000008000efd6 (0xfcf76de3)
core   0: 0x000000008000efb0 (0xfe043783) ld      a5, -32(s0)
core   0: 3 0x000000008000efb0 (0xfe043783) x15 0x000000008001107c mem 0x0000000080030f50
core   0: 0x000000008000efb4 (0x00178713) addi    a4, a5, 1
core   0: 3 0x000000008000efb4 (0x00178713) x14 0x000000008001107d
core   0: 0x000000008000efb8 (0xfee43023) sd      a4, -32(s0)
core   0: 3 0x000000008000efb8 (0xfee43023) mem 0x0000000080030f50 0x000000008001107d
core   0: 0x000000008000efbc (0xfc442703) lw      a4, -60(s0)
core   0: 3 0x000000008000efbc (0xfc442703) x14 0x0000000000000000 mem 0x0000000080030f34
core   0: 0x000000008000efc0 (0x0ff77713) andi    a4, a4, 255
core   0: 3 0x000000008000efc0 (0x0ff77713) x14 0x0000000000000000
core   0: 0x000000008000efc4 (0x00e78023) sb      a4, 0(a5)
core   0: 3 0x000000008000efc4 (0x00e78023) mem 0x000000008001107c 0x00
core   0: 0x000000008000efc8 (0xfc843703) ld      a4, -56(s0)
core   0: 3 0x000000008000efc8 (0xfc843703) x14 0x0000000080011040 mem 0x0000000080030f38
core   0: 0x000000008000efcc (0xfb843783) ld      a5, -72(s0)
core   0: 3 0x000000008000efcc (0xfb843783) x15 0x000000000000009c mem 0x0000000080030f28
core   0: 0x000000008000efd0 (0x000097ba) c.add   a5, a4
core   0: 3 0x000000008000efd0 (0x97ba) x15 0x00000000800110dc
core   0: 0x000000008000efd2 (0xfe043703) ld      a4, -32(s0)
core   0: 3 0x000000008000efd2 (0xfe043703) x14 0x000000008001107d mem 0x0000000080030f50
core   0: 0x000000008000efd6 (0xfcf76de3) bltu    a4, a5, pc - 38
core   0: 3 0x000000008000efd6 (0xfcf76de3)
core   0: 0x000000008000efb0 (0xfe043783) ld      a5, -32(s0)
core   0: 3 0x000000008000efb0 (0xfe043783) x15 0x000000008001107d mem 0x0000000080030f50
core   0: 0x000000008000efb4 (0x00178713) addi    a4, a5, 1
core   0: 3 0x000000008000efb4 (0x00178713) x14 0x000000008001107e
core   0: 0x000000008000efb8 (0xfee43023) sd      a4, -32(s0)
core   0: 3 0x000000008000efb8 (0xfee43023) mem 0x0000000080030f50 0x000000008001107e
core   0: 0x000000008000efbc (0xfc442703) lw      a4, -60(s0)
core   0: 3 0x000000008000efbc (0xfc442703) x14 0x0000000000000000 mem 0x0000000080030f34
core   0: 0x000000008000efc0 (0x0ff77713) andi    a4, a4, 255
core   0: 3 0x000000008000efc0 (0x0ff77713) x14 0x0000000000000000
core   0: 0x000000008000efc4 (0x00e78023) sb      a4, 0(a5)
core   0: 3 0x000000008000efc4 (0x00e78023) mem 0x000000008001107d 0x00
core   0: 0x000000008000efc8 (0xfc843703) ld      a4, -56(s0)
core   0: 3 0x000000008000efc8 (0xfc843703) x14 0x0000000080011040 mem 0x0000000080030f38
core   0: 0x000000008000efcc (0xfb843783) ld      a5, -72(s0)
core   0: 3 0x000000008000efcc (0xfb843783) x15 0x000000000000009c mem 0x0000000080030f28
core   0: 0x000000008000efd0 (0x000097ba) c.add   a5, a4
core   0: 3 0x000000008000efd0 (0x97ba) x15 0x00000000800110dc
core   0: 0x000000008000efd2 (0xfe043703) ld      a4, -32(s0)
core   0: 3 0x000000008000efd2 (0xfe043703) x14 0x000000008001107e mem 0x0000000080030f50
core   0: 0x000000008000efd6 (0xfcf76de3) bltu    a4, a5, pc - 38
core   0: 3 0x000000008000efd6 (0xfcf76de3)
core   0: 0x000000008000efb0 (0xfe043783) ld      a5, -32(s0)
core   0: 3 0x000000008000efb0 (0xfe043783) x15 0x000000008001107e mem 0x0000000080030f50
core   0: 0x000000008000efb4 (0x00178713) addi    a4, a5, 1
core   0: 3 0x000000008000efb4 (0x00178713) x14 0x000000008001107f
core   0: 0x000000008000efb8 (0xfee43023) sd      a4, -32(s0)
core   0: 3 0x000000008000efb8 (0xfee43023) mem 0x0000000080030f50 0x000000008001107f
core   0: 0x000000008000efbc (0xfc442703) lw      a4, -60(s0)
core   0: 3 0x000000008000efbc (0xfc442703) x14 0x0000000000000000 mem 0x0000000080030f34
core   0: 0x000000008000efc0 (0x0ff77713) andi    a4, a4, 255
core   0: 3 0x000000008000efc0 (0x0ff77713) x14 0x0000000000000000
core   0: 0x000000008000efc4 (0x00e78023) sb      a4, 0(a5)
core   0: 3 0x000000008000efc4 (0x00e78023) mem 0x000000008001107e 0x00
core   0: 0x000000008000efc8 (0xfc843703) ld      a4, -56(s0)
core   0: 3 0x000000008000efc8 (0xfc843703) x14 0x0000000080011040 mem 0x0000000080030f38
core   0: 0x000000008000efcc (0xfb843783) ld      a5, -72(s0)
core   0: 3 0x000000008000efcc (0xfb843783) x15 0x000000000000009c mem 0x0000000080030f28
core   0: 0x000000008000efd0 (0x000097ba) c.add   a5, a4
core   0: 3 0x000000008000efd0 (0x97ba) x15 0x00000000800110dc
core   0: 0x000000008000efd2 (0xfe043703) ld      a4, -32(s0)
core   0: 3 0x000000008000efd2 (0xfe043703) x14 0x000000008001107f mem 0x0000000080030f50
core   0: 0x000000008000efd6 (0xfcf76de3) bltu    a4, a5, pc - 38
core   0: 3 0x000000008000efd6 (0xfcf76de3)
core   0: 0x000000008000efb0 (0xfe043783) ld      a5, -32(s0)
core   0: 3 0x000000008000efb0 (0xfe043783) x15 0x000000008001107f mem 0x0000000080030f50
core   0: 0x000000008000efb4 (0x00178713) addi    a4, a5, 1
core   0: 3 0x000000008000efb4 (0x00178713) x14 0x0000000080011080
core   0: 0x000000008000efb8 (0xfee43023) sd      a4, -32(s0)
core   0: 3 0x000000008000efb8 (0xfee43023) mem 0x0000000080030f50 0x0000000080011080
core   0: 0x000000008000efbc (0xfc442703) lw      a4, -60(s0)
core   0: 3 0x000000008000efbc (0xfc442703) x14 0x0000000000000000 mem 0x0000000080030f34
core   0: 0x000000008000efc0 (0x0ff77713) andi    a4, a4, 255
core   0: 3 0x000000008000efc0 (0x0ff77713) x14 0x0000000000000000
core   0: 0x000000008000efc4 (0x00e78023) sb      a4, 0(a5)
core   0: 3 0x000000008000efc4 (0x00e78023) mem 0x000000008001107f 0x00
core   0: 0x000000008000efc8 (0xfc843703) ld      a4, -56(s0)
core   0: 3 0x000000008000efc8 (0xfc843703) x14 0x0000000080011040 mem 0x0000000080030f38
core   0: 0x000000008000efcc (0xfb843783) ld      a5, -72(s0)
core   0: 3 0x000000008000efcc (0xfb843783) x15 0x000000000000009c mem 0x0000000080030f28
core   0: 0x000000008000efd0 (0x000097ba) c.add   a5, a4
core   0: 3 0x000000008000efd0 (0x97ba) x15 0x00000000800110dc
core   0: 0x000000008000efd2 (0xfe043703) ld      a4, -32(s0)
core   0: 3 0x000000008000efd2 (0xfe043703) x14 0x0000000080011080 mem 0x0000000080030f50
core   0: 0x000000008000efd6 (0xfcf76de3) bltu    a4, a5, pc - 38
core   0: 3 0x000000008000efd6 (0xfcf76de3)
core   0: 0x000000008000efb0 (0xfe043783) ld      a5, -32(s0)
core   0: 3 0x000000008000efb0 (0xfe043783) x15 0x0000000080011080 mem 0x0000000080030f50
core   0: 0x000000008000efb4 (0x00178713) addi    a4, a5, 1
core   0: 3 0x000000008000efb4 (0x00178713) x14 0x0000000080011081
core   0: 0x000000008000efb8 (0xfee43023) sd      a4, -32(s0)
core   0: 3 0x000000008000efb8 (0xfee43023) mem 0x0000000080030f50 0x0000000080011081
core   0: 0x000000008000efbc (0xfc442703) lw      a4, -60(s0)
core   0: 3 0x000000008000efbc (0xfc442703) x14 0x0000000000000000 mem 0x0000000080030f34
core   0: 0x000000008000efc0 (0x0ff77713) andi    a4, a4, 255
core   0: 3 0x000000008000efc0 (0x0ff77713) x14 0x0000000000000000
core   0: 0x000000008000efc4 (0x00e78023) sb      a4, 0(a5)
core   0: 3 0x000000008000efc4 (0x00e78023) mem 0x0000000080011080 0x00
core   0: 0x000000008000efc8 (0xfc843703) ld      a4, -56(s0)
core   0: 3 0x000000008000efc8 (0xfc843703) x14 0x0000000080011040 mem 0x0000000080030f38
core   0: 0x000000008000efcc (0xfb843783) ld      a5, -72(s0)
core   0: 3 0x000000008000efcc (0xfb843783) x15 0x000000000000009c mem 0x0000000080030f28
core   0: 0x000000008000efd0 (0x000097ba) c.add   a5, a4
core   0: 3 0x000000008000efd0 (0x97ba) x15 0x00000000800110dc
core   0: 0x000000008000efd2 (0xfe043703) ld      a4, -32(s0)
core   0: 3 0x000000008000efd2 (0xfe043703) x14 0x0000000080011081 mem 0x0000000080030f50
core   0: 0x000000008000efd6 (0xfcf76de3) bltu    a4, a5, pc - 38
core   0: 3 0x000000008000efd6 (0xfcf76de3)
core   0: 0x000000008000efb0 (0xfe043783) ld      a5, -32(s0)
core   0: 3 0x000000008000efb0 (0xfe043783) x15 0x0000000080011081 mem 0x0000000080030f50
core   0: 0x000000008000efb4 (0x00178713) addi    a4, a5, 1
core   0: 3 0x000000008000efb4 (0x00178713) x14 0x0000000080011082
core   0: 0x000000008000efb8 (0xfee43023) sd      a4, -32(s0)
core   0: 3 0x000000008000efb8 (0xfee43023) mem 0x0000000080030f50 0x0000000080011082
core   0: 0x000000008000efbc (0xfc442703) lw      a4, -60(s0)
core   0: 3 0x000000008000efbc (0xfc442703) x14 0x0000000000000000 mem 0x0000000080030f34
core   0: 0x000000008000efc0 (0x0ff77713) andi    a4, a4, 255
core   0: 3 0x000000008000efc0 (0x0ff77713) x14 0x0000000000000000
core   0: 0x000000008000efc4 (0x00e78023) sb      a4, 0(a5)
core   0: 3 0x000000008000efc4 (0x00e78023) mem 0x0000000080011081 0x00
core   0: 0x000000008000efc8 (0xfc843703) ld      a4, -56(s0)
core   0: 3 0x000000008000efc8 (0xfc843703) x14 0x0000000080011040 mem 0x0000000080030f38
core   0: 0x000000008000efcc (0xfb843783) ld      a5, -72(s0)
core   0: 3 0x000000008000efcc (0xfb843783) x15 0x000000000000009c mem 0x0000000080030f28
core   0: 0x000000008000efd0 (0x000097ba) c.add   a5, a4
core   0: 3 0x000000008000efd0 (0x97ba) x15 0x00000000800110dc
core   0: 0x000000008000efd2 (0xfe043703) ld      a4, -32(s0)
core   0: 3 0x000000008000efd2 (0xfe043703) x14 0x0000000080011082 mem 0x0000000080030f50
core   0: 0x000000008000efd6 (0xfcf76de3) bltu    a4, a5, pc - 38
core   0: 3 0x000000008000efd6 (0xfcf76de3)
core   0: 0x000000008000efb0 (0xfe043783) ld      a5, -32(s0)
core   0: 3 0x000000008000efb0 (0xfe043783) x15 0x0000000080011082 mem 0x0000000080030f50
core   0: 0x000000008000efb4 (0x00178713) addi    a4, a5, 1
core   0: 3 0x000000008000efb4 (0x00178713) x14 0x0000000080011083
core   0: 0x000000008000efb8 (0xfee43023) sd      a4, -32(s0)
core   0: 3 0x000000008000efb8 (0xfee43023) mem 0x0000000080030f50 0x0000000080011083
core   0: 0x000000008000efbc (0xfc442703) lw      a4, -60(s0)
core   0: 3 0x000000008000efbc (0xfc442703) x14 0x0000000000000000 mem 0x0000000080030f34
core   0: 0x000000008000efc0 (0x0ff77713) andi    a4, a4, 255
core   0: 3 0x000000008000efc0 (0x0ff77713) x14 0x0000000000000000
core   0: 0x000000008000efc4 (0x00e78023) sb      a4, 0(a5)
core   0: 3 0x000000008000efc4 (0x00e78023) mem 0x0000000080011082 0x00
core   0: 0x000000008000efc8 (0xfc843703) ld      a4, -56(s0)
core   0: 3 0x000000008000efc8 (0xfc843703) x14 0x0000000080011040 mem 0x0000000080030f38
core   0: 0x000000008000efcc (0xfb843783) ld      a5, -72(s0)
core   0: 3 0x000000008000efcc (0xfb843783) x15 0x000000000000009c mem 0x0000000080030f28
core   0: 0x000000008000efd0 (0x000097ba) c.add   a5, a4
core   0: 3 0x000000008000efd0 (0x97ba) x15 0x00000000800110dc
core   0: 0x000000008000efd2 (0xfe043703) ld      a4, -32(s0)
core   0: 3 0x000000008000efd2 (0xfe043703) x14 0x0000000080011083 mem 0x0000000080030f50
core   0: 0x000000008000efd6 (0xfcf76de3) bltu    a4, a5, pc - 38
core   0: 3 0x000000008000efd6 (0xfcf76de3)
core   0: 0x000000008000efb0 (0xfe043783) ld      a5, -32(s0)
core   0: 3 0x000000008000efb0 (0xfe043783) x15 0x0000000080011083 mem 0x0000000080030f50
core   0: 0x000000008000efb4 (0x00178713) addi    a4, a5, 1
core   0: 3 0x000000008000efb4 (0x00178713) x14 0x0000000080011084
core   0: 0x000000008000efb8 (0xfee43023) sd      a4, -32(s0)
core   0: 3 0x000000008000efb8 (0xfee43023) mem 0x0000000080030f50 0x0000000080011084
core   0: 0x000000008000efbc (0xfc442703) lw      a4, -60(s0)
core   0: 3 0x000000008000efbc (0xfc442703) x14 0x0000000000000000 mem 0x0000000080030f34
core   0: 0x000000008000efc0 (0x0ff77713) andi    a4, a4, 255
core   0: 3 0x000000008000efc0 (0x0ff77713) x14 0x0000000000000000
core   0: 0x000000008000efc4 (0x00e78023) sb      a4, 0(a5)
core   0: 3 0x000000008000efc4 (0x00e78023) mem 0x0000000080011083 0x00
core   0: 0x000000008000efc8 (0xfc843703) ld      a4, -56(s0)
core   0: 3 0x000000008000efc8 (0xfc843703) x14 0x0000000080011040 mem 0x0000000080030f38
core   0: 0x000000008000efcc (0xfb843783) ld      a5, -72(s0)
core   0: 3 0x000000008000efcc (0xfb843783) x15 0x000000000000009c mem 0x0000000080030f28
core   0: 0x000000008000efd0 (0x000097ba) c.add   a5, a4
core   0: 3 0x000000008000efd0 (0x97ba) x15 0x00000000800110dc
core   0: 0x000000008000efd2 (0xfe043703) ld      a4, -32(s0)
core   0: 3 0x000000008000efd2 (0xfe043703) x14 0x0000000080011084 mem 0x0000000080030f50
core   0: 0x000000008000efd6 (0xfcf76de3) bltu    a4, a5, pc - 38
core   0: 3 0x000000008000efd6 (0xfcf76de3)
core   0: 0x000000008000efb0 (0xfe043783) ld      a5, -32(s0)
core   0: 3 0x000000008000efb0 (0xfe043783) x15 0x0000000080011084 mem 0x0000000080030f50
core   0: 0x000000008000efb4 (0x00178713) addi    a4, a5, 1
core   0: 3 0x000000008000efb4 (0x00178713) x14 0x0000000080011085
core   0: 0x000000008000efb8 (0xfee43023) sd      a4, -32(s0)
core   0: 3 0x000000008000efb8 (0xfee43023) mem 0x0000000080030f50 0x0000000080011085
core   0: 0x000000008000efbc (0xfc442703) lw      a4, -60(s0)
core   0: 3 0x000000008000efbc (0xfc442703) x14 0x0000000000000000 mem 0x0000000080030f34
core   0: 0x000000008000efc0 (0x0ff77713) andi    a4, a4, 255
core   0: 3 0x000000008000efc0 (0x0ff77713) x14 0x0000000000000000
core   0: 0x000000008000efc4 (0x00e78023) sb      a4, 0(a5)
core   0: 3 0x000000008000efc4 (0x00e78023) mem 0x0000000080011084 0x00
core   0: 0x000000008000efc8 (0xfc843703) ld      a4, -56(s0)
core   0: 3 0x000000008000efc8 (0xfc843703) x14 0x0000000080011040 mem 0x0000000080030f38
core   0: 0x000000008000efcc (0xfb843783) ld      a5, -72(s0)
core   0: 3 0x000000008000efcc (0xfb843783) x15 0x000000000000009c mem 0x0000000080030f28
core   0: 0x000000008000efd0 (0x000097ba) c.add   a5, a4
core   0: 3 0x000000008000efd0 (0x97ba) x15 0x00000000800110dc
core   0: 0x000000008000efd2 (0xfe043703) ld      a4, -32(s0)
core   0: 3 0x000000008000efd2 (0xfe043703) x14 0x0000000080011085 mem 0x0000000080030f50
core   0: 0x000000008000efd6 (0xfcf76de3) bltu    a4, a5, pc - 38
core   0: 3 0x000000008000efd6 (0xfcf76de3)
core   0: 0x000000008000efb0 (0xfe043783) ld      a5, -32(s0)
core   0: 3 0x000000008000efb0 (0xfe043783) x15 0x0000000080011085 mem 0x0000000080030f50
core   0: 0x000000008000efb4 (0x00178713) addi    a4, a5, 1
core   0: 3 0x000000008000efb4 (0x00178713) x14 0x0000000080011086
core   0: 0x000000008000efb8 (0xfee43023) sd      a4, -32(s0)
core   0: 3 0x000000008000efb8 (0xfee43023) mem 0x0000000080030f50 0x0000000080011086
core   0: 0x000000008000efbc (0xfc442703) lw      a4, -60(s0)
core   0: 3 0x000000008000efbc (0xfc442703) x14 0x0000000000000000 mem 0x0000000080030f34
core   0: 0x000000008000efc0 (0x0ff77713) andi    a4, a4, 255
core   0: 3 0x000000008000efc0 (0x0ff77713) x14 0x0000000000000000
core   0: 0x000000008000efc4 (0x00e78023) sb      a4, 0(a5)
core   0: 3 0x000000008000efc4 (0x00e78023) mem 0x0000000080011085 0x00
core   0: 0x000000008000efc8 (0xfc843703) ld      a4, -56(s0)
core   0: 3 0x000000008000efc8 (0xfc843703) x14 0x0000000080011040 mem 0x0000000080030f38
core   0: 0x000000008000efcc (0xfb843783) ld      a5, -72(s0)
core   0: 3 0x000000008000efcc (0xfb843783) x15 0x000000000000009c mem 0x0000000080030f28
core   0: 0x000000008000efd0 (0x000097ba) c.add   a5, a4
core   0: 3 0x000000008000efd0 (0x97ba) x15 0x00000000800110dc
core   0: 0x000000008000efd2 (0xfe043703) ld      a4, -32(s0)
core   0: 3 0x000000008000efd2 (0xfe043703) x14 0x0000000080011086 mem 0x0000000080030f50
core   0: 0x000000008000efd6 (0xfcf76de3) bltu    a4, a5, pc - 38
core   0: 3 0x000000008000efd6 (0xfcf76de3)
core   0: 0x000000008000efb0 (0xfe043783) ld      a5, -32(s0)
core   0: 3 0x000000008000efb0 (0xfe043783) x15 0x0000000080011086 mem 0x0000000080030f50
core   0: 0x000000008000efb4 (0x00178713) addi    a4, a5, 1
core   0: 3 0x000000008000efb4 (0x00178713) x14 0x0000000080011087
core   0: 0x000000008000efb8 (0xfee43023) sd      a4, -32(s0)
core   0: 3 0x000000008000efb8 (0xfee43023) mem 0x0000000080030f50 0x0000000080011087
core   0: 0x000000008000efbc (0xfc442703) lw      a4, -60(s0)
core   0: 3 0x000000008000efbc (0xfc442703) x14 0x0000000000000000 mem 0x0000000080030f34
core   0: 0x000000008000efc0 (0x0ff77713) andi    a4, a4, 255
core   0: 3 0x000000008000efc0 (0x0ff77713) x14 0x0000000000000000
core   0: 0x000000008000efc4 (0x00e78023) sb      a4, 0(a5)
core   0: 3 0x000000008000efc4 (0x00e78023) mem 0x0000000080011086 0x00
core   0: 0x000000008000efc8 (0xfc843703) ld      a4, -56(s0)
core   0: 3 0x000000008000efc8 (0xfc843703) x14 0x0000000080011040 mem 0x0000000080030f38
core   0: 0x000000008000efcc (0xfb843783) ld      a5, -72(s0)
core   0: 3 0x000000008000efcc (0xfb843783) x15 0x000000000000009c mem 0x0000000080030f28
core   0: 0x000000008000efd0 (0x000097ba) c.add   a5, a4
core   0: 3 0x000000008000efd0 (0x97ba) x15 0x00000000800110dc
core   0: 0x000000008000efd2 (0xfe043703) ld      a4, -32(s0)
core   0: 3 0x000000008000efd2 (0xfe043703) x14 0x0000000080011087 mem 0x0000000080030f50
core   0: 0x000000008000efd6 (0xfcf76de3) bltu    a4, a5, pc - 38
core   0: 3 0x000000008000efd6 (0xfcf76de3)
core   0: 0x000000008000efb0 (0xfe043783) ld      a5, -32(s0)
core   0: 3 0x000000008000efb0 (0xfe043783) x15 0x0000000080011087 mem 0x0000000080030f50
core   0: 0x000000008000efb4 (0x00178713) addi    a4, a5, 1
core   0: 3 0x000000008000efb4 (0x00178713) x14 0x0000000080011088
core   0: 0x000000008000efb8 (0xfee43023) sd      a4, -32(s0)
core   0: 3 0x000000008000efb8 (0xfee43023) mem 0x0000000080030f50 0x0000000080011088
core   0: 0x000000008000efbc (0xfc442703) lw      a4, -60(s0)
core   0: 3 0x000000008000efbc (0xfc442703) x14 0x0000000000000000 mem 0x0000000080030f34
core   0: 0x000000008000efc0 (0x0ff77713) andi    a4, a4, 255
core   0: 3 0x000000008000efc0 (0x0ff77713) x14 0x0000000000000000
core   0: 0x000000008000efc4 (0x00e78023) sb      a4, 0(a5)
core   0: 3 0x000000008000efc4 (0x00e78023) mem 0x0000000080011087 0x00
core   0: 0x000000008000efc8 (0xfc843703) ld      a4, -56(s0)
core   0: 3 0x000000008000efc8 (0xfc843703) x14 0x0000000080011040 mem 0x0000000080030f38
core   0: 0x000000008000efcc (0xfb843783) ld      a5, -72(s0)
core   0: 3 0x000000008000efcc (0xfb843783) x15 0x000000000000009c mem 0x0000000080030f28
core   0: 0x000000008000efd0 (0x000097ba) c.add   a5, a4
core   0: 3 0x000000008000efd0 (0x97ba) x15 0x00000000800110dc
core   0: 0x000000008000efd2 (0xfe043703) ld      a4, -32(s0)
core   0: 3 0x000000008000efd2 (0xfe043703) x14 0x0000000080011088 mem 0x0000000080030f50
core   0: 0x000000008000efd6 (0xfcf76de3) bltu    a4, a5, pc - 38
core   0: 3 0x000000008000efd6 (0xfcf76de3)
core   0: 0x000000008000efb0 (0xfe043783) ld      a5, -32(s0)
core   0: 3 0x000000008000efb0 (0xfe043783) x15 0x0000000080011088 mem 0x0000000080030f50
core   0: 0x000000008000efb4 (0x00178713) addi    a4, a5, 1
core   0: 3 0x000000008000efb4 (0x00178713) x14 0x0000000080011089
core   0: 0x000000008000efb8 (0xfee43023) sd      a4, -32(s0)
core   0: 3 0x000000008000efb8 (0xfee43023) mem 0x0000000080030f50 0x0000000080011089
core   0: 0x000000008000efbc (0xfc442703) lw      a4, -60(s0)
core   0: 3 0x000000008000efbc (0xfc442703) x14 0x0000000000000000 mem 0x0000000080030f34
core   0: 0x000000008000efc0 (0x0ff77713) andi    a4, a4, 255
core   0: 3 0x000000008000efc0 (0x0ff77713) x14 0x0000000000000000
core   0: 0x000000008000efc4 (0x00e78023) sb      a4, 0(a5)
core   0: 3 0x000000008000efc4 (0x00e78023) mem 0x0000000080011088 0x00
core   0: 0x000000008000efc8 (0xfc843703) ld      a4, -56(s0)
core   0: 3 0x000000008000efc8 (0xfc843703) x14 0x0000000080011040 mem 0x0000000080030f38
core   0: 0x000000008000efcc (0xfb843783) ld      a5, -72(s0)
core   0: 3 0x000000008000efcc (0xfb843783) x15 0x000000000000009c mem 0x0000000080030f28
core   0: 0x000000008000efd0 (0x000097ba) c.add   a5, a4
core   0: 3 0x000000008000efd0 (0x97ba) x15 0x00000000800110dc
core   0: 0x000000008000efd2 (0xfe043703) ld      a4, -32(s0)
core   0: 3 0x000000008000efd2 (0xfe043703) x14 0x0000000080011089 mem 0x0000000080030f50
core   0: 0x000000008000efd6 (0xfcf76de3) bltu    a4, a5, pc - 38
core   0: 3 0x000000008000efd6 (0xfcf76de3)
core   0: 0x000000008000efb0 (0xfe043783) ld      a5, -32(s0)
core   0: 3 0x000000008000efb0 (0xfe043783) x15 0x0000000080011089 mem 0x0000000080030f50
core   0: 0x000000008000efb4 (0x00178713) addi    a4, a5, 1
core   0: 3 0x000000008000efb4 (0x00178713) x14 0x000000008001108a
core   0: 0x000000008000efb8 (0xfee43023) sd      a4, -32(s0)
core   0: 3 0x000000008000efb8 (0xfee43023) mem 0x0000000080030f50 0x000000008001108a
core   0: 0x000000008000efbc (0xfc442703) lw      a4, -60(s0)
core   0: 3 0x000000008000efbc (0xfc442703) x14 0x0000000000000000 mem 0x0000000080030f34
core   0: 0x000000008000efc0 (0x0ff77713) andi    a4, a4, 255
core   0: 3 0x000000008000efc0 (0x0ff77713) x14 0x0000000000000000
core   0: 0x000000008000efc4 (0x00e78023) sb      a4, 0(a5)
core   0: 3 0x000000008000efc4 (0x00e78023) mem 0x0000000080011089 0x00
core   0: 0x000000008000efc8 (0xfc843703) ld      a4, -56(s0)
core   0: 3 0x000000008000efc8 (0xfc843703) x14 0x0000000080011040 mem 0x0000000080030f38
core   0: 0x000000008000efcc (0xfb843783) ld      a5, -72(s0)
core   0: 3 0x000000008000efcc (0xfb843783) x15 0x000000000000009c mem 0x0000000080030f28
core   0: 0x000000008000efd0 (0x000097ba) c.add   a5, a4
core   0: 3 0x000000008000efd0 (0x97ba) x15 0x00000000800110dc
core   0: 0x000000008000efd2 (0xfe043703) ld      a4, -32(s0)
core   0: 3 0x000000008000efd2 (0xfe043703) x14 0x000000008001108a mem 0x0000000080030f50
core   0: 0x000000008000efd6 (0xfcf76de3) bltu    a4, a5, pc - 38
core   0: 3 0x000000008000efd6 (0xfcf76de3)
core   0: 0x000000008000efb0 (0xfe043783) ld      a5, -32(s0)
core   0: 3 0x000000008000efb0 (0xfe043783) x15 0x000000008001108a mem 0x0000000080030f50
core   0: 0x000000008000efb4 (0x00178713) addi    a4, a5, 1
core   0: 3 0x000000008000efb4 (0x00178713) x14 0x000000008001108b
core   0: 0x000000008000efb8 (0xfee43023) sd      a4, -32(s0)
core   0: 3 0x000000008000efb8 (0xfee43023) mem 0x0000000080030f50 0x000000008001108b
core   0: 0x000000008000efbc (0xfc442703) lw      a4, -60(s0)
core   0: 3 0x000000008000efbc (0xfc442703) x14 0x0000000000000000 mem 0x0000000080030f34
core   0: 0x000000008000efc0 (0x0ff77713) andi    a4, a4, 255
core   0: 3 0x000000008000efc0 (0x0ff77713) x14 0x0000000000000000
core   0: 0x000000008000efc4 (0x00e78023) sb      a4, 0(a5)
core   0: 3 0x000000008000efc4 (0x00e78023) mem 0x000000008001108a 0x00
core   0: 0x000000008000efc8 (0xfc843703) ld      a4, -56(s0)
core   0: 3 0x000000008000efc8 (0xfc843703) x14 0x0000000080011040 mem 0x0000000080030f38
core   0: 0x000000008000efcc (0xfb843783) ld      a5, -72(s0)
core   0: 3 0x000000008000efcc (0xfb843783) x15 0x000000000000009c mem 0x0000000080030f28
core   0: 0x000000008000efd0 (0x000097ba) c.add   a5, a4
core   0: 3 0x000000008000efd0 (0x97ba) x15 0x00000000800110dc
core   0: 0x000000008000efd2 (0xfe043703) ld      a4, -32(s0)
core   0: 3 0x000000008000efd2 (0xfe043703) x14 0x000000008001108b mem 0x0000000080030f50
core   0: 0x000000008000efd6 (0xfcf76de3) bltu    a4, a5, pc - 38
core   0: 3 0x000000008000efd6 (0xfcf76de3)
core   0: 0x000000008000efb0 (0xfe043783) ld      a5, -32(s0)
core   0: 3 0x000000008000efb0 (0xfe043783) x15 0x000000008001108b mem 0x0000000080030f50
core   0: 0x000000008000efb4 (0x00178713) addi    a4, a5, 1
core   0: 3 0x000000008000efb4 (0x00178713) x14 0x000000008001108c
core   0: 0x000000008000efb8 (0xfee43023) sd      a4, -32(s0)
core   0: 3 0x000000008000efb8 (0xfee43023) mem 0x0000000080030f50 0x000000008001108c
core   0: 0x000000008000efbc (0xfc442703) lw      a4, -60(s0)
core   0: 3 0x000000008000efbc (0xfc442703) x14 0x0000000000000000 mem 0x0000000080030f34
core   0: 0x000000008000efc0 (0x0ff77713) andi    a4, a4, 255
core   0: 3 0x000000008000efc0 (0x0ff77713) x14 0x0000000000000000
core   0: 0x000000008000efc4 (0x00e78023) sb      a4, 0(a5)
core   0: 3 0x000000008000efc4 (0x00e78023) mem 0x000000008001108b 0x00
core   0: 0x000000008000efc8 (0xfc843703) ld      a4, -56(s0)
core   0: 3 0x000000008000efc8 (0xfc843703) x14 0x0000000080011040 mem 0x0000000080030f38
core   0: 0x000000008000efcc (0xfb843783) ld      a5, -72(s0)
core   0: 3 0x000000008000efcc (0xfb843783) x15 0x000000000000009c mem 0x0000000080030f28
core   0: 0x000000008000efd0 (0x000097ba) c.add   a5, a4
core   0: 3 0x000000008000efd0 (0x97ba) x15 0x00000000800110dc
core   0: 0x000000008000efd2 (0xfe043703) ld      a4, -32(s0)
core   0: 3 0x000000008000efd2 (0xfe043703) x14 0x000000008001108c mem 0x0000000080030f50
core   0: 0x000000008000efd6 (0xfcf76de3) bltu    a4, a5, pc - 38
core   0: 3 0x000000008000efd6 (0xfcf76de3)
core   0: 0x000000008000efb0 (0xfe043783) ld      a5, -32(s0)
core   0: 3 0x000000008000efb0 (0xfe043783) x15 0x000000008001108c mem 0x0000000080030f50
core   0: 0x000000008000efb4 (0x00178713) addi    a4, a5, 1
core   0: 3 0x000000008000efb4 (0x00178713) x14 0x000000008001108d
core   0: 0x000000008000efb8 (0xfee43023) sd      a4, -32(s0)
core   0: 3 0x000000008000efb8 (0xfee43023) mem 0x0000000080030f50 0x000000008001108d
core   0: 0x000000008000efbc (0xfc442703) lw      a4, -60(s0)
core   0: 3 0x000000008000efbc (0xfc442703) x14 0x0000000000000000 mem 0x0000000080030f34
core   0: 0x000000008000efc0 (0x0ff77713) andi    a4, a4, 255
core   0: 3 0x000000008000efc0 (0x0ff77713) x14 0x0000000000000000
core   0: 0x000000008000efc4 (0x00e78023) sb      a4, 0(a5)
core   0: 3 0x000000008000efc4 (0x00e78023) mem 0x000000008001108c 0x00
core   0: 0x000000008000efc8 (0xfc843703) ld      a4, -56(s0)
core   0: 3 0x000000008000efc8 (0xfc843703) x14 0x0000000080011040 mem 0x0000000080030f38
core   0: 0x000000008000efcc (0xfb843783) ld      a5, -72(s0)
core   0: 3 0x000000008000efcc (0xfb843783) x15 0x000000000000009c mem 0x0000000080030f28
core   0: 0x000000008000efd0 (0x000097ba) c.add   a5, a4
core   0: 3 0x000000008000efd0 (0x97ba) x15 0x00000000800110dc
core   0: 0x000000008000efd2 (0xfe043703) ld      a4, -32(s0)
core   0: 3 0x000000008000efd2 (0xfe043703) x14 0x000000008001108d mem 0x0000000080030f50
core   0: 0x000000008000efd6 (0xfcf76de3) bltu    a4, a5, pc - 38
core   0: 3 0x000000008000efd6 (0xfcf76de3)
core   0: 0x000000008000efb0 (0xfe043783) ld      a5, -32(s0)
core   0: 3 0x000000008000efb0 (0xfe043783) x15 0x000000008001108d mem 0x0000000080030f50
core   0: 0x000000008000efb4 (0x00178713) addi    a4, a5, 1
core   0: 3 0x000000008000efb4 (0x00178713) x14 0x000000008001108e
core   0: 0x000000008000efb8 (0xfee43023) sd      a4, -32(s0)
core   0: 3 0x000000008000efb8 (0xfee43023) mem 0x0000000080030f50 0x000000008001108e
core   0: 0x000000008000efbc (0xfc442703) lw      a4, -60(s0)
core   0: 3 0x000000008000efbc (0xfc442703) x14 0x0000000000000000 mem 0x0000000080030f34
core   0: 0x000000008000efc0 (0x0ff77713) andi    a4, a4, 255
core   0: 3 0x000000008000efc0 (0x0ff77713) x14 0x0000000000000000
core   0: 0x000000008000efc4 (0x00e78023) sb      a4, 0(a5)
core   0: 3 0x000000008000efc4 (0x00e78023) mem 0x000000008001108d 0x00
core   0: 0x000000008000efc8 (0xfc843703) ld      a4, -56(s0)
core   0: 3 0x000000008000efc8 (0xfc843703) x14 0x0000000080011040 mem 0x0000000080030f38
core   0: 0x000000008000efcc (0xfb843783) ld      a5, -72(s0)
core   0: 3 0x000000008000efcc (0xfb843783) x15 0x000000000000009c mem 0x0000000080030f28
core   0: 0x000000008000efd0 (0x000097ba) c.add   a5, a4
core   0: 3 0x000000008000efd0 (0x97ba) x15 0x00000000800110dc
core   0: 0x000000008000efd2 (0xfe043703) ld      a4, -32(s0)
core   0: 3 0x000000008000efd2 (0xfe043703) x14 0x000000008001108e mem 0x0000000080030f50
core   0: 0x000000008000efd6 (0xfcf76de3) bltu    a4, a5, pc - 38
core   0: 3 0x000000008000efd6 (0xfcf76de3)
core   0: 0x000000008000efb0 (0xfe043783) ld      a5, -32(s0)
core   0: 3 0x000000008000efb0 (0xfe043783) x15 0x000000008001108e mem 0x0000000080030f50
core   0: 0x000000008000efb4 (0x00178713) addi    a4, a5, 1
core   0: 3 0x000000008000efb4 (0x00178713) x14 0x000000008001108f
core   0: 0x000000008000efb8 (0xfee43023) sd      a4, -32(s0)
core   0: 3 0x000000008000efb8 (0xfee43023) mem 0x0000000080030f50 0x000000008001108f
core   0: 0x000000008000efbc (0xfc442703) lw      a4, -60(s0)
core   0: 3 0x000000008000efbc (0xfc442703) x14 0x0000000000000000 mem 0x0000000080030f34
core   0: 0x000000008000efc0 (0x0ff77713) andi    a4, a4, 255
core   0: 3 0x000000008000efc0 (0x0ff77713) x14 0x0000000000000000
core   0: 0x000000008000efc4 (0x00e78023) sb      a4, 0(a5)
core   0: 3 0x000000008000efc4 (0x00e78023) mem 0x000000008001108e 0x00
core   0: 0x000000008000efc8 (0xfc843703) ld      a4, -56(s0)
core   0: 3 0x000000008000efc8 (0xfc843703) x14 0x0000000080011040 mem 0x0000000080030f38
core   0: 0x000000008000efcc (0xfb843783) ld      a5, -72(s0)
core   0: 3 0x000000008000efcc (0xfb843783) x15 0x000000000000009c mem 0x0000000080030f28
core   0: 0x000000008000efd0 (0x000097ba) c.add   a5, a4
core   0: 3 0x000000008000efd0 (0x97ba) x15 0x00000000800110dc
core   0: 0x000000008000efd2 (0xfe043703) ld      a4, -32(s0)
core   0: 3 0x000000008000efd2 (0xfe043703) x14 0x000000008001108f mem 0x0000000080030f50
core   0: 0x000000008000efd6 (0xfcf76de3) bltu    a4, a5, pc - 38
core   0: 3 0x000000008000efd6 (0xfcf76de3)
core   0: 0x000000008000efb0 (0xfe043783) ld      a5, -32(s0)
core   0: 3 0x000000008000efb0 (0xfe043783) x15 0x000000008001108f mem 0x0000000080030f50
core   0: 0x000000008000efb4 (0x00178713) addi    a4, a5, 1
core   0: 3 0x000000008000efb4 (0x00178713) x14 0x0000000080011090
core   0: 0x000000008000efb8 (0xfee43023) sd      a4, -32(s0)
core   0: 3 0x000000008000efb8 (0xfee43023) mem 0x0000000080030f50 0x0000000080011090
core   0: 0x000000008000efbc (0xfc442703) lw      a4, -60(s0)
core   0: 3 0x000000008000efbc (0xfc442703) x14 0x0000000000000000 mem 0x0000000080030f34
core   0: 0x000000008000efc0 (0x0ff77713) andi    a4, a4, 255
core   0: 3 0x000000008000efc0 (0x0ff77713) x14 0x0000000000000000
core   0: 0x000000008000efc4 (0x00e78023) sb      a4, 0(a5)
core   0: 3 0x000000008000efc4 (0x00e78023) mem 0x000000008001108f 0x00
core   0: 0x000000008000efc8 (0xfc843703) ld      a4, -56(s0)
core   0: 3 0x000000008000efc8 (0xfc843703) x14 0x0000000080011040 mem 0x0000000080030f38
core   0: 0x000000008000efcc (0xfb843783) ld      a5, -72(s0)
core   0: 3 0x000000008000efcc (0xfb843783) x15 0x000000000000009c mem 0x0000000080030f28
core   0: 0x000000008000efd0 (0x000097ba) c.add   a5, a4
core   0: 3 0x000000008000efd0 (0x97ba) x15 0x00000000800110dc
core   0: 0x000000008000efd2 (0xfe043703) ld      a4, -32(s0)
core   0: 3 0x000000008000efd2 (0xfe043703) x14 0x0000000080011090 mem 0x0000000080030f50
core   0: 0x000000008000efd6 (0xfcf76de3) bltu    a4, a5, pc - 38
core   0: 3 0x000000008000efd6 (0xfcf76de3)
core   0: 0x000000008000efb0 (0xfe043783) ld      a5, -32(s0)
core   0: 3 0x000000008000efb0 (0xfe043783) x15 0x0000000080011090 mem 0x0000000080030f50
core   0: 0x000000008000efb4 (0x00178713) addi    a4, a5, 1
core   0: 3 0x000000008000efb4 (0x00178713) x14 0x0000000080011091
core   0: 0x000000008000efb8 (0xfee43023) sd      a4, -32(s0)
core   0: 3 0x000000008000efb8 (0xfee43023) mem 0x0000000080030f50 0x0000000080011091
core   0: 0x000000008000efbc (0xfc442703) lw      a4, -60(s0)
core   0: 3 0x000000008000efbc (0xfc442703) x14 0x0000000000000000 mem 0x0000000080030f34
core   0: 0x000000008000efc0 (0x0ff77713) andi    a4, a4, 255
core   0: 3 0x000000008000efc0 (0x0ff77713) x14 0x0000000000000000
core   0: 0x000000008000efc4 (0x00e78023) sb      a4, 0(a5)
core   0: 3 0x000000008000efc4 (0x00e78023) mem 0x0000000080011090 0x00
core   0: 0x000000008000efc8 (0xfc843703) ld      a4, -56(s0)
core   0: 3 0x000000008000efc8 (0xfc843703) x14 0x0000000080011040 mem 0x0000000080030f38
core   0: 0x000000008000efcc (0xfb843783) ld      a5, -72(s0)
core   0: 3 0x000000008000efcc (0xfb843783) x15 0x000000000000009c mem 0x0000000080030f28
core   0: 0x000000008000efd0 (0x000097ba) c.add   a5, a4
core   0: 3 0x000000008000efd0 (0x97ba) x15 0x00000000800110dc
core   0: 0x000000008000efd2 (0xfe043703) ld      a4, -32(s0)
core   0: 3 0x000000008000efd2 (0xfe043703) x14 0x0000000080011091 mem 0x0000000080030f50
core   0: 0x000000008000efd6 (0xfcf76de3) bltu    a4, a5, pc - 38
core   0: 3 0x000000008000efd6 (0xfcf76de3)
core   0: 0x000000008000efb0 (0xfe043783) ld      a5, -32(s0)
core   0: 3 0x000000008000efb0 (0xfe043783) x15 0x0000000080011091 mem 0x0000000080030f50
core   0: 0x000000008000efb4 (0x00178713) addi    a4, a5, 1
core   0: 3 0x000000008000efb4 (0x00178713) x14 0x0000000080011092
core   0: 0x000000008000efb8 (0xfee43023) sd      a4, -32(s0)
core   0: 3 0x000000008000efb8 (0xfee43023) mem 0x0000000080030f50 0x0000000080011092
core   0: 0x000000008000efbc (0xfc442703) lw      a4, -60(s0)
core   0: 3 0x000000008000efbc (0xfc442703) x14 0x0000000000000000 mem 0x0000000080030f34
core   0: 0x000000008000efc0 (0x0ff77713) andi    a4, a4, 255
core   0: 3 0x000000008000efc0 (0x0ff77713) x14 0x0000000000000000
core   0: 0x000000008000efc4 (0x00e78023) sb      a4, 0(a5)
core   0: 3 0x000000008000efc4 (0x00e78023) mem 0x0000000080011091 0x00
core   0: 0x000000008000efc8 (0xfc843703) ld      a4, -56(s0)
core   0: 3 0x000000008000efc8 (0xfc843703) x14 0x0000000080011040 mem 0x0000000080030f38
core   0: 0x000000008000efcc (0xfb843783) ld      a5, -72(s0)
core   0: 3 0x000000008000efcc (0xfb843783) x15 0x000000000000009c mem 0x0000000080030f28
core   0: 0x000000008000efd0 (0x000097ba) c.add   a5, a4
core   0: 3 0x000000008000efd0 (0x97ba) x15 0x00000000800110dc
core   0: 0x000000008000efd2 (0xfe043703) ld      a4, -32(s0)
core   0: 3 0x000000008000efd2 (0xfe043703) x14 0x0000000080011092 mem 0x0000000080030f50
core   0: 0x000000008000efd6 (0xfcf76de3) bltu    a4, a5, pc - 38
core   0: 3 0x000000008000efd6 (0xfcf76de3)
core   0: 0x000000008000efb0 (0xfe043783) ld      a5, -32(s0)
core   0: 3 0x000000008000efb0 (0xfe043783) x15 0x0000000080011092 mem 0x0000000080030f50
core   0: 0x000000008000efb4 (0x00178713) addi    a4, a5, 1
core   0: 3 0x000000008000efb4 (0x00178713) x14 0x0000000080011093
core   0: 0x000000008000efb8 (0xfee43023) sd      a4, -32(s0)
core   0: 3 0x000000008000efb8 (0xfee43023) mem 0x0000000080030f50 0x0000000080011093
core   0: 0x000000008000efbc (0xfc442703) lw      a4, -60(s0)
core   0: 3 0x000000008000efbc (0xfc442703) x14 0x0000000000000000 mem 0x0000000080030f34
core   0: 0x000000008000efc0 (0x0ff77713) andi    a4, a4, 255
core   0: 3 0x000000008000efc0 (0x0ff77713) x14 0x0000000000000000
core   0: 0x000000008000efc4 (0x00e78023) sb      a4, 0(a5)
core   0: 3 0x000000008000efc4 (0x00e78023) mem 0x0000000080011092 0x00
core   0: 0x000000008000efc8 (0xfc843703) ld      a4, -56(s0)
core   0: 3 0x000000008000efc8 (0xfc843703) x14 0x0000000080011040 mem 0x0000000080030f38
core   0: 0x000000008000efcc (0xfb843783) ld      a5, -72(s0)
core   0: 3 0x000000008000efcc (0xfb843783) x15 0x000000000000009c mem 0x0000000080030f28
core   0: 0x000000008000efd0 (0x000097ba) c.add   a5, a4
core   0: 3 0x000000008000efd0 (0x97ba) x15 0x00000000800110dc
core   0: 0x000000008000efd2 (0xfe043703) ld      a4, -32(s0)
core   0: 3 0x000000008000efd2 (0xfe043703) x14 0x0000000080011093 mem 0x0000000080030f50
core   0: 0x000000008000efd6 (0xfcf76de3) bltu    a4, a5, pc - 38
core   0: 3 0x000000008000efd6 (0xfcf76de3)
core   0: 0x000000008000efb0 (0xfe043783) ld      a5, -32(s0)
core   0: 3 0x000000008000efb0 (0xfe043783) x15 0x0000000080011093 mem 0x0000000080030f50
core   0: 0x000000008000efb4 (0x00178713) addi    a4, a5, 1
core   0: 3 0x000000008000efb4 (0x00178713) x14 0x0000000080011094
core   0: 0x000000008000efb8 (0xfee43023) sd      a4, -32(s0)
core   0: 3 0x000000008000efb8 (0xfee43023) mem 0x0000000080030f50 0x0000000080011094
core   0: 0x000000008000efbc (0xfc442703) lw      a4, -60(s0)
core   0: 3 0x000000008000efbc (0xfc442703) x14 0x0000000000000000 mem 0x0000000080030f34
core   0: 0x000000008000efc0 (0x0ff77713) andi    a4, a4, 255
core   0: 3 0x000000008000efc0 (0x0ff77713) x14 0x0000000000000000
core   0: 0x000000008000efc4 (0x00e78023) sb      a4, 0(a5)
core   0: 3 0x000000008000efc4 (0x00e78023) mem 0x0000000080011093 0x00
core   0: 0x000000008000efc8 (0xfc843703) ld      a4, -56(s0)
core   0: 3 0x000000008000efc8 (0xfc843703) x14 0x0000000080011040 mem 0x0000000080030f38
core   0: 0x000000008000efcc (0xfb843783) ld      a5, -72(s0)
core   0: 3 0x000000008000efcc (0xfb843783) x15 0x000000000000009c mem 0x0000000080030f28
core   0: 0x000000008000efd0 (0x000097ba) c.add   a5, a4
core   0: 3 0x000000008000efd0 (0x97ba) x15 0x00000000800110dc
core   0: 0x000000008000efd2 (0xfe043703) ld      a4, -32(s0)
core   0: 3 0x000000008000efd2 (0xfe043703) x14 0x0000000080011094 mem 0x0000000080030f50
core   0: 0x000000008000efd6 (0xfcf76de3) bltu    a4, a5, pc - 38
core   0: 3 0x000000008000efd6 (0xfcf76de3)
core   0: 0x000000008000efb0 (0xfe043783) ld      a5, -32(s0)
core   0: 3 0x000000008000efb0 (0xfe043783) x15 0x0000000080011094 mem 0x0000000080030f50
core   0: 0x000000008000efb4 (0x00178713) addi    a4, a5, 1
core   0: 3 0x000000008000efb4 (0x00178713) x14 0x0000000080011095
core   0: 0x000000008000efb8 (0xfee43023) sd      a4, -32(s0)
core   0: 3 0x000000008000efb8 (0xfee43023) mem 0x0000000080030f50 0x0000000080011095
core   0: 0x000000008000efbc (0xfc442703) lw      a4, -60(s0)
core   0: 3 0x000000008000efbc (0xfc442703) x14 0x0000000000000000 mem 0x0000000080030f34
core   0: 0x000000008000efc0 (0x0ff77713) andi    a4, a4, 255
core   0: 3 0x000000008000efc0 (0x0ff77713) x14 0x0000000000000000
core   0: 0x000000008000efc4 (0x00e78023) sb      a4, 0(a5)
core   0: 3 0x000000008000efc4 (0x00e78023) mem 0x0000000080011094 0x00
core   0: 0x000000008000efc8 (0xfc843703) ld      a4, -56(s0)
core   0: 3 0x000000008000efc8 (0xfc843703) x14 0x0000000080011040 mem 0x0000000080030f38
core   0: 0x000000008000efcc (0xfb843783) ld      a5, -72(s0)
core   0: 3 0x000000008000efcc (0xfb843783) x15 0x000000000000009c mem 0x0000000080030f28
core   0: 0x000000008000efd0 (0x000097ba) c.add   a5, a4
core   0: 3 0x000000008000efd0 (0x97ba) x15 0x00000000800110dc
core   0: 0x000000008000efd2 (0xfe043703) ld      a4, -32(s0)
core   0: 3 0x000000008000efd2 (0xfe043703) x14 0x0000000080011095 mem 0x0000000080030f50
core   0: 0x000000008000efd6 (0xfcf76de3) bltu    a4, a5, pc - 38
core   0: 3 0x000000008000efd6 (0xfcf76de3)
core   0: 0x000000008000efb0 (0xfe043783) ld      a5, -32(s0)
core   0: 3 0x000000008000efb0 (0xfe043783) x15 0x0000000080011095 mem 0x0000000080030f50
core   0: 0x000000008000efb4 (0x00178713) addi    a4, a5, 1
core   0: 3 0x000000008000efb4 (0x00178713) x14 0x0000000080011096
core   0: 0x000000008000efb8 (0xfee43023) sd      a4, -32(s0)
core   0: 3 0x000000008000efb8 (0xfee43023) mem 0x0000000080030f50 0x0000000080011096
core   0: 0x000000008000efbc (0xfc442703) lw      a4, -60(s0)
core   0: 3 0x000000008000efbc (0xfc442703) x14 0x0000000000000000 mem 0x0000000080030f34
core   0: 0x000000008000efc0 (0x0ff77713) andi    a4, a4, 255
core   0: 3 0x000000008000efc0 (0x0ff77713) x14 0x0000000000000000
core   0: 0x000000008000efc4 (0x00e78023) sb      a4, 0(a5)
core   0: 3 0x000000008000efc4 (0x00e78023) mem 0x0000000080011095 0x00
core   0: 0x000000008000efc8 (0xfc843703) ld      a4, -56(s0)
core   0: 3 0x000000008000efc8 (0xfc843703) x14 0x0000000080011040 mem 0x0000000080030f38
core   0: 0x000000008000efcc (0xfb843783) ld      a5, -72(s0)
core   0: 3 0x000000008000efcc (0xfb843783) x15 0x000000000000009c mem 0x0000000080030f28
core   0: 0x000000008000efd0 (0x000097ba) c.add   a5, a4
core   0: 3 0x000000008000efd0 (0x97ba) x15 0x00000000800110dc
core   0: 0x000000008000efd2 (0xfe043703) ld      a4, -32(s0)
core   0: 3 0x000000008000efd2 (0xfe043703) x14 0x0000000080011096 mem 0x0000000080030f50
core   0: 0x000000008000efd6 (0xfcf76de3) bltu    a4, a5, pc - 38
core   0: 3 0x000000008000efd6 (0xfcf76de3)
core   0: 0x000000008000efb0 (0xfe043783) ld      a5, -32(s0)
core   0: 3 0x000000008000efb0 (0xfe043783) x15 0x0000000080011096 mem 0x0000000080030f50
core   0: 0x000000008000efb4 (0x00178713) addi    a4, a5, 1
core   0: 3 0x000000008000efb4 (0x00178713) x14 0x0000000080011097
core   0: 0x000000008000efb8 (0xfee43023) sd      a4, -32(s0)
core   0: 3 0x000000008000efb8 (0xfee43023) mem 0x0000000080030f50 0x0000000080011097
core   0: 0x000000008000efbc (0xfc442703) lw      a4, -60(s0)
core   0: 3 0x000000008000efbc (0xfc442703) x14 0x0000000000000000 mem 0x0000000080030f34
core   0: 0x000000008000efc0 (0x0ff77713) andi    a4, a4, 255
core   0: 3 0x000000008000efc0 (0x0ff77713) x14 0x0000000000000000
core   0: 0x000000008000efc4 (0x00e78023) sb      a4, 0(a5)
core   0: 3 0x000000008000efc4 (0x00e78023) mem 0x0000000080011096 0x00
core   0: 0x000000008000efc8 (0xfc843703) ld      a4, -56(s0)
core   0: 3 0x000000008000efc8 (0xfc843703) x14 0x0000000080011040 mem 0x0000000080030f38
core   0: 0x000000008000efcc (0xfb843783) ld      a5, -72(s0)
core   0: 3 0x000000008000efcc (0xfb843783) x15 0x000000000000009c mem 0x0000000080030f28
core   0: 0x000000008000efd0 (0x000097ba) c.add   a5, a4
core   0: 3 0x000000008000efd0 (0x97ba) x15 0x00000000800110dc
core   0: 0x000000008000efd2 (0xfe043703) ld      a4, -32(s0)
core   0: 3 0x000000008000efd2 (0xfe043703) x14 0x0000000080011097 mem 0x0000000080030f50
core   0: 0x000000008000efd6 (0xfcf76de3) bltu    a4, a5, pc - 38
core   0: 3 0x000000008000efd6 (0xfcf76de3)
core   0: 0x000000008000efb0 (0xfe043783) ld      a5, -32(s0)
core   0: 3 0x000000008000efb0 (0xfe043783) x15 0x0000000080011097 mem 0x0000000080030f50
core   0: 0x000000008000efb4 (0x00178713) addi    a4, a5, 1
core   0: 3 0x000000008000efb4 (0x00178713) x14 0x0000000080011098
core   0: 0x000000008000efb8 (0xfee43023) sd      a4, -32(s0)
core   0: 3 0x000000008000efb8 (0xfee43023) mem 0x0000000080030f50 0x0000000080011098
core   0: 0x000000008000efbc (0xfc442703) lw      a4, -60(s0)
core   0: 3 0x000000008000efbc (0xfc442703) x14 0x0000000000000000 mem 0x0000000080030f34
core   0: 0x000000008000efc0 (0x0ff77713) andi    a4, a4, 255
core   0: 3 0x000000008000efc0 (0x0ff77713) x14 0x0000000000000000
core   0: 0x000000008000efc4 (0x00e78023) sb      a4, 0(a5)
core   0: 3 0x000000008000efc4 (0x00e78023) mem 0x0000000080011097 0x00
core   0: 0x000000008000efc8 (0xfc843703) ld      a4, -56(s0)
core   0: 3 0x000000008000efc8 (0xfc843703) x14 0x0000000080011040 mem 0x0000000080030f38
core   0: 0x000000008000efcc (0xfb843783) ld      a5, -72(s0)
core   0: 3 0x000000008000efcc (0xfb843783) x15 0x000000000000009c mem 0x0000000080030f28
core   0: 0x000000008000efd0 (0x000097ba) c.add   a5, a4
core   0: 3 0x000000008000efd0 (0x97ba) x15 0x00000000800110dc
core   0: 0x000000008000efd2 (0xfe043703) ld      a4, -32(s0)
core   0: 3 0x000000008000efd2 (0xfe043703) x14 0x0000000080011098 mem 0x0000000080030f50
core   0: 0x000000008000efd6 (0xfcf76de3) bltu    a4, a5, pc - 38
core   0: 3 0x000000008000efd6 (0xfcf76de3)
core   0: 0x000000008000efb0 (0xfe043783) ld      a5, -32(s0)
core   0: 3 0x000000008000efb0 (0xfe043783) x15 0x0000000080011098 mem 0x0000000080030f50
core   0: 0x000000008000efb4 (0x00178713) addi    a4, a5, 1
core   0: 3 0x000000008000efb4 (0x00178713) x14 0x0000000080011099
core   0: 0x000000008000efb8 (0xfee43023) sd      a4, -32(s0)
core   0: 3 0x000000008000efb8 (0xfee43023) mem 0x0000000080030f50 0x0000000080011099
core   0: 0x000000008000efbc (0xfc442703) lw      a4, -60(s0)
core   0: 3 0x000000008000efbc (0xfc442703) x14 0x0000000000000000 mem 0x0000000080030f34
core   0: 0x000000008000efc0 (0x0ff77713) andi    a4, a4, 255
core   0: 3 0x000000008000efc0 (0x0ff77713) x14 0x0000000000000000
core   0: 0x000000008000efc4 (0x00e78023) sb      a4, 0(a5)
core   0: 3 0x000000008000efc4 (0x00e78023) mem 0x0000000080011098 0x00
core   0: 0x000000008000efc8 (0xfc843703) ld      a4, -56(s0)
core   0: 3 0x000000008000efc8 (0xfc843703) x14 0x0000000080011040 mem 0x0000000080030f38
core   0: 0x000000008000efcc (0xfb843783) ld      a5, -72(s0)
core   0: 3 0x000000008000efcc (0xfb843783) x15 0x000000000000009c mem 0x0000000080030f28
core   0: 0x000000008000efd0 (0x000097ba) c.add   a5, a4
core   0: 3 0x000000008000efd0 (0x97ba) x15 0x00000000800110dc
core   0: 0x000000008000efd2 (0xfe043703) ld      a4, -32(s0)
core   0: 3 0x000000008000efd2 (0xfe043703) x14 0x0000000080011099 mem 0x0000000080030f50
core   0: 0x000000008000efd6 (0xfcf76de3) bltu    a4, a5, pc - 38
core   0: 3 0x000000008000efd6 (0xfcf76de3)
core   0: 0x000000008000efb0 (0xfe043783) ld      a5, -32(s0)
core   0: 3 0x000000008000efb0 (0xfe043783) x15 0x0000000080011099 mem 0x0000000080030f50
core   0: 0x000000008000efb4 (0x00178713) addi    a4, a5, 1
core   0: 3 0x000000008000efb4 (0x00178713) x14 0x000000008001109a
core   0: 0x000000008000efb8 (0xfee43023) sd      a4, -32(s0)
core   0: 3 0x000000008000efb8 (0xfee43023) mem 0x0000000080030f50 0x000000008001109a
core   0: 0x000000008000efbc (0xfc442703) lw      a4, -60(s0)
core   0: 3 0x000000008000efbc (0xfc442703) x14 0x0000000000000000 mem 0x0000000080030f34
core   0: 0x000000008000efc0 (0x0ff77713) andi    a4, a4, 255
core   0: 3 0x000000008000efc0 (0x0ff77713) x14 0x0000000000000000
core   0: 0x000000008000efc4 (0x00e78023) sb      a4, 0(a5)
core   0: 3 0x000000008000efc4 (0x00e78023) mem 0x0000000080011099 0x00
core   0: 0x000000008000efc8 (0xfc843703) ld      a4, -56(s0)
core   0: 3 0x000000008000efc8 (0xfc843703) x14 0x0000000080011040 mem 0x0000000080030f38
core   0: 0x000000008000efcc (0xfb843783) ld      a5, -72(s0)
core   0: 3 0x000000008000efcc (0xfb843783) x15 0x000000000000009c mem 0x0000000080030f28
core   0: 0x000000008000efd0 (0x000097ba) c.add   a5, a4
core   0: 3 0x000000008000efd0 (0x97ba) x15 0x00000000800110dc
core   0: 0x000000008000efd2 (0xfe043703) ld      a4, -32(s0)
core   0: 3 0x000000008000efd2 (0xfe043703) x14 0x000000008001109a mem 0x0000000080030f50
core   0: 0x000000008000efd6 (0xfcf76de3) bltu    a4, a5, pc - 38
core   0: 3 0x000000008000efd6 (0xfcf76de3)
core   0: 0x000000008000efb0 (0xfe043783) ld      a5, -32(s0)
core   0: 3 0x000000008000efb0 (0xfe043783) x15 0x000000008001109a mem 0x0000000080030f50
core   0: 0x000000008000efb4 (0x00178713) addi    a4, a5, 1
core   0: 3 0x000000008000efb4 (0x00178713) x14 0x000000008001109b
core   0: 0x000000008000efb8 (0xfee43023) sd      a4, -32(s0)
core   0: 3 0x000000008000efb8 (0xfee43023) mem 0x0000000080030f50 0x000000008001109b
core   0: 0x000000008000efbc (0xfc442703) lw      a4, -60(s0)
core   0: 3 0x000000008000efbc (0xfc442703) x14 0x0000000000000000 mem 0x0000000080030f34
core   0: 0x000000008000efc0 (0x0ff77713) andi    a4, a4, 255
core   0: 3 0x000000008000efc0 (0x0ff77713) x14 0x0000000000000000
core   0: 0x000000008000efc4 (0x00e78023) sb      a4, 0(a5)
core   0: 3 0x000000008000efc4 (0x00e78023) mem 0x000000008001109a 0x00
core   0: 0x000000008000efc8 (0xfc843703) ld      a4, -56(s0)
core   0: 3 0x000000008000efc8 (0xfc843703) x14 0x0000000080011040 mem 0x0000000080030f38
core   0: 0x000000008000efcc (0xfb843783) ld      a5, -72(s0)
core   0: 3 0x000000008000efcc (0xfb843783) x15 0x000000000000009c mem 0x0000000080030f28
core   0: 0x000000008000efd0 (0x000097ba) c.add   a5, a4
core   0: 3 0x000000008000efd0 (0x97ba) x15 0x00000000800110dc
core   0: 0x000000008000efd2 (0xfe043703) ld      a4, -32(s0)
core   0: 3 0x000000008000efd2 (0xfe043703) x14 0x000000008001109b mem 0x0000000080030f50
core   0: 0x000000008000efd6 (0xfcf76de3) bltu    a4, a5, pc - 38
core   0: 3 0x000000008000efd6 (0xfcf76de3)
core   0: 0x000000008000efb0 (0xfe043783) ld      a5, -32(s0)
core   0: 3 0x000000008000efb0 (0xfe043783) x15 0x000000008001109b mem 0x0000000080030f50
core   0: 0x000000008000efb4 (0x00178713) addi    a4, a5, 1
core   0: 3 0x000000008000efb4 (0x00178713) x14 0x000000008001109c
core   0: 0x000000008000efb8 (0xfee43023) sd      a4, -32(s0)
core   0: 3 0x000000008000efb8 (0xfee43023) mem 0x0000000080030f50 0x000000008001109c
core   0: 0x000000008000efbc (0xfc442703) lw      a4, -60(s0)
core   0: 3 0x000000008000efbc (0xfc442703) x14 0x0000000000000000 mem 0x0000000080030f34
core   0: 0x000000008000efc0 (0x0ff77713) andi    a4, a4, 255
core   0: 3 0x000000008000efc0 (0x0ff77713) x14 0x0000000000000000
core   0: 0x000000008000efc4 (0x00e78023) sb      a4, 0(a5)
core   0: 3 0x000000008000efc4 (0x00e78023) mem 0x000000008001109b 0x00
core   0: 0x000000008000efc8 (0xfc843703) ld      a4, -56(s0)
core   0: 3 0x000000008000efc8 (0xfc843703) x14 0x0000000080011040 mem 0x0000000080030f38
core   0: 0x000000008000efcc (0xfb843783) ld      a5, -72(s0)
core   0: 3 0x000000008000efcc (0xfb843783) x15 0x000000000000009c mem 0x0000000080030f28
core   0: 0x000000008000efd0 (0x000097ba) c.add   a5, a4
core   0: 3 0x000000008000efd0 (0x97ba) x15 0x00000000800110dc
core   0: 0x000000008000efd2 (0xfe043703) ld      a4, -32(s0)
core   0: 3 0x000000008000efd2 (0xfe043703) x14 0x000000008001109c mem 0x0000000080030f50
core   0: 0x000000008000efd6 (0xfcf76de3) bltu    a4, a5, pc - 38
core   0: 3 0x000000008000efd6 (0xfcf76de3)
core   0: 0x000000008000efb0 (0xfe043783) ld      a5, -32(s0)
core   0: 3 0x000000008000efb0 (0xfe043783) x15 0x000000008001109c mem 0x0000000080030f50
core   0: 0x000000008000efb4 (0x00178713) addi    a4, a5, 1
core   0: 3 0x000000008000efb4 (0x00178713) x14 0x000000008001109d
core   0: 0x000000008000efb8 (0xfee43023) sd      a4, -32(s0)
core   0: 3 0x000000008000efb8 (0xfee43023) mem 0x0000000080030f50 0x000000008001109d
core   0: 0x000000008000efbc (0xfc442703) lw      a4, -60(s0)
core   0: 3 0x000000008000efbc (0xfc442703) x14 0x0000000000000000 mem 0x0000000080030f34
core   0: 0x000000008000efc0 (0x0ff77713) andi    a4, a4, 255
core   0: 3 0x000000008000efc0 (0x0ff77713) x14 0x0000000000000000
core   0: 0x000000008000efc4 (0x00e78023) sb      a4, 0(a5)
core   0: 3 0x000000008000efc4 (0x00e78023) mem 0x000000008001109c 0x00
core   0: 0x000000008000efc8 (0xfc843703) ld      a4, -56(s0)
core   0: 3 0x000000008000efc8 (0xfc843703) x14 0x0000000080011040 mem 0x0000000080030f38
core   0: 0x000000008000efcc (0xfb843783) ld      a5, -72(s0)
core   0: 3 0x000000008000efcc (0xfb843783) x15 0x000000000000009c mem 0x0000000080030f28
core   0: 0x000000008000efd0 (0x000097ba) c.add   a5, a4
core   0: 3 0x000000008000efd0 (0x97ba) x15 0x00000000800110dc
core   0: 0x000000008000efd2 (0xfe043703) ld      a4, -32(s0)
core   0: 3 0x000000008000efd2 (0xfe043703) x14 0x000000008001109d mem 0x0000000080030f50
core   0: 0x000000008000efd6 (0xfcf76de3) bltu    a4, a5, pc - 38
core   0: 3 0x000000008000efd6 (0xfcf76de3)
core   0: 0x000000008000efb0 (0xfe043783) ld      a5, -32(s0)
core   0: 3 0x000000008000efb0 (0xfe043783) x15 0x000000008001109d mem 0x0000000080030f50
core   0: 0x000000008000efb4 (0x00178713) addi    a4, a5, 1
core   0: 3 0x000000008000efb4 (0x00178713) x14 0x000000008001109e
core   0: 0x000000008000efb8 (0xfee43023) sd      a4, -32(s0)
core   0: 3 0x000000008000efb8 (0xfee43023) mem 0x0000000080030f50 0x000000008001109e
core   0: 0x000000008000efbc (0xfc442703) lw      a4, -60(s0)
core   0: 3 0x000000008000efbc (0xfc442703) x14 0x0000000000000000 mem 0x0000000080030f34
core   0: 0x000000008000efc0 (0x0ff77713) andi    a4, a4, 255
core   0: 3 0x000000008000efc0 (0x0ff77713) x14 0x0000000000000000
core   0: 0x000000008000efc4 (0x00e78023) sb      a4, 0(a5)
core   0: 3 0x000000008000efc4 (0x00e78023) mem 0x000000008001109d 0x00
core   0: 0x000000008000efc8 (0xfc843703) ld      a4, -56(s0)
core   0: 3 0x000000008000efc8 (0xfc843703) x14 0x0000000080011040 mem 0x0000000080030f38
core   0: 0x000000008000efcc (0xfb843783) ld      a5, -72(s0)
core   0: 3 0x000000008000efcc (0xfb843783) x15 0x000000000000009c mem 0x0000000080030f28
core   0: 0x000000008000efd0 (0x000097ba) c.add   a5, a4
core   0: 3 0x000000008000efd0 (0x97ba) x15 0x00000000800110dc
core   0: 0x000000008000efd2 (0xfe043703) ld      a4, -32(s0)
core   0: 3 0x000000008000efd2 (0xfe043703) x14 0x000000008001109e mem 0x0000000080030f50
core   0: 0x000000008000efd6 (0xfcf76de3) bltu    a4, a5, pc - 38
core   0: 3 0x000000008000efd6 (0xfcf76de3)
core   0: 0x000000008000efb0 (0xfe043783) ld      a5, -32(s0)
core   0: 3 0x000000008000efb0 (0xfe043783) x15 0x000000008001109e mem 0x0000000080030f50
core   0: 0x000000008000efb4 (0x00178713) addi    a4, a5, 1
core   0: 3 0x000000008000efb4 (0x00178713) x14 0x000000008001109f
core   0: 0x000000008000efb8 (0xfee43023) sd      a4, -32(s0)
core   0: 3 0x000000008000efb8 (0xfee43023) mem 0x0000000080030f50 0x000000008001109f
core   0: 0x000000008000efbc (0xfc442703) lw      a4, -60(s0)
core   0: 3 0x000000008000efbc (0xfc442703) x14 0x0000000000000000 mem 0x0000000080030f34
core   0: 0x000000008000efc0 (0x0ff77713) andi    a4, a4, 255
core   0: 3 0x000000008000efc0 (0x0ff77713) x14 0x0000000000000000
core   0: 0x000000008000efc4 (0x00e78023) sb      a4, 0(a5)
core   0: 3 0x000000008000efc4 (0x00e78023) mem 0x000000008001109e 0x00
core   0: 0x000000008000efc8 (0xfc843703) ld      a4, -56(s0)
core   0: 3 0x000000008000efc8 (0xfc843703) x14 0x0000000080011040 mem 0x0000000080030f38
core   0: 0x000000008000efcc (0xfb843783) ld      a5, -72(s0)
core   0: 3 0x000000008000efcc (0xfb843783) x15 0x000000000000009c mem 0x0000000080030f28
core   0: 0x000000008000efd0 (0x000097ba) c.add   a5, a4
core   0: 3 0x000000008000efd0 (0x97ba) x15 0x00000000800110dc
core   0: 0x000000008000efd2 (0xfe043703) ld      a4, -32(s0)
core   0: 3 0x000000008000efd2 (0xfe043703) x14 0x000000008001109f mem 0x0000000080030f50
core   0: 0x000000008000efd6 (0xfcf76de3) bltu    a4, a5, pc - 38
core   0: 3 0x000000008000efd6 (0xfcf76de3)
core   0: 0x000000008000efb0 (0xfe043783) ld      a5, -32(s0)
core   0: 3 0x000000008000efb0 (0xfe043783) x15 0x000000008001109f mem 0x0000000080030f50
core   0: 0x000000008000efb4 (0x00178713) addi    a4, a5, 1
core   0: 3 0x000000008000efb4 (0x00178713) x14 0x00000000800110a0
core   0: 0x000000008000efb8 (0xfee43023) sd      a4, -32(s0)
core   0: 3 0x000000008000efb8 (0xfee43023) mem 0x0000000080030f50 0x00000000800110a0
core   0: 0x000000008000efbc (0xfc442703) lw      a4, -60(s0)
core   0: 3 0x000000008000efbc (0xfc442703) x14 0x0000000000000000 mem 0x0000000080030f34
core   0: 0x000000008000efc0 (0x0ff77713) andi    a4, a4, 255
core   0: 3 0x000000008000efc0 (0x0ff77713) x14 0x0000000000000000
core   0: 0x000000008000efc4 (0x00e78023) sb      a4, 0(a5)
core   0: 3 0x000000008000efc4 (0x00e78023) mem 0x000000008001109f 0x00
core   0: 0x000000008000efc8 (0xfc843703) ld      a4, -56(s0)
core   0: 3 0x000000008000efc8 (0xfc843703) x14 0x0000000080011040 mem 0x0000000080030f38
core   0: 0x000000008000efcc (0xfb843783) ld      a5, -72(s0)
core   0: 3 0x000000008000efcc (0xfb843783) x15 0x000000000000009c mem 0x0000000080030f28
core   0: 0x000000008000efd0 (0x000097ba) c.add   a5, a4
core   0: 3 0x000000008000efd0 (0x97ba) x15 0x00000000800110dc
core   0: 0x000000008000efd2 (0xfe043703) ld      a4, -32(s0)
core   0: 3 0x000000008000efd2 (0xfe043703) x14 0x00000000800110a0 mem 0x0000000080030f50
core   0: 0x000000008000efd6 (0xfcf76de3) bltu    a4, a5, pc - 38
core   0: 3 0x000000008000efd6 (0xfcf76de3)
core   0: 0x000000008000efb0 (0xfe043783) ld      a5, -32(s0)
core   0: 3 0x000000008000efb0 (0xfe043783) x15 0x00000000800110a0 mem 0x0000000080030f50
core   0: 0x000000008000efb4 (0x00178713) addi    a4, a5, 1
core   0: 3 0x000000008000efb4 (0x00178713) x14 0x00000000800110a1
core   0: 0x000000008000efb8 (0xfee43023) sd      a4, -32(s0)
core   0: 3 0x000000008000efb8 (0xfee43023) mem 0x0000000080030f50 0x00000000800110a1
core   0: 0x000000008000efbc (0xfc442703) lw      a4, -60(s0)
core   0: 3 0x000000008000efbc (0xfc442703) x14 0x0000000000000000 mem 0x0000000080030f34
core   0: 0x000000008000efc0 (0x0ff77713) andi    a4, a4, 255
core   0: 3 0x000000008000efc0 (0x0ff77713) x14 0x0000000000000000
core   0: 0x000000008000efc4 (0x00e78023) sb      a4, 0(a5)
core   0: 3 0x000000008000efc4 (0x00e78023) mem 0x00000000800110a0 0x00
core   0: 0x000000008000efc8 (0xfc843703) ld      a4, -56(s0)
core   0: 3 0x000000008000efc8 (0xfc843703) x14 0x0000000080011040 mem 0x0000000080030f38
core   0: 0x000000008000efcc (0xfb843783) ld      a5, -72(s0)
core   0: 3 0x000000008000efcc (0xfb843783) x15 0x000000000000009c mem 0x0000000080030f28
core   0: 0x000000008000efd0 (0x000097ba) c.add   a5, a4
core   0: 3 0x000000008000efd0 (0x97ba) x15 0x00000000800110dc
core   0: 0x000000008000efd2 (0xfe043703) ld      a4, -32(s0)
core   0: 3 0x000000008000efd2 (0xfe043703) x14 0x00000000800110a1 mem 0x0000000080030f50
core   0: 0x000000008000efd6 (0xfcf76de3) bltu    a4, a5, pc - 38
core   0: 3 0x000000008000efd6 (0xfcf76de3)
core   0: 0x000000008000efb0 (0xfe043783) ld      a5, -32(s0)
core   0: 3 0x000000008000efb0 (0xfe043783) x15 0x00000000800110a1 mem 0x0000000080030f50
core   0: 0x000000008000efb4 (0x00178713) addi    a4, a5, 1
core   0: 3 0x000000008000efb4 (0x00178713) x14 0x00000000800110a2
core   0: 0x000000008000efb8 (0xfee43023) sd      a4, -32(s0)
core   0: 3 0x000000008000efb8 (0xfee43023) mem 0x0000000080030f50 0x00000000800110a2
core   0: 0x000000008000efbc (0xfc442703) lw      a4, -60(s0)
core   0: 3 0x000000008000efbc (0xfc442703) x14 0x0000000000000000 mem 0x0000000080030f34
core   0: 0x000000008000efc0 (0x0ff77713) andi    a4, a4, 255
core   0: 3 0x000000008000efc0 (0x0ff77713) x14 0x0000000000000000
core   0: 0x000000008000efc4 (0x00e78023) sb      a4, 0(a5)
core   0: 3 0x000000008000efc4 (0x00e78023) mem 0x00000000800110a1 0x00
core   0: 0x000000008000efc8 (0xfc843703) ld      a4, -56(s0)
core   0: 3 0x000000008000efc8 (0xfc843703) x14 0x0000000080011040 mem 0x0000000080030f38
core   0: 0x000000008000efcc (0xfb843783) ld      a5, -72(s0)
core   0: 3 0x000000008000efcc (0xfb843783) x15 0x000000000000009c mem 0x0000000080030f28
core   0: 0x000000008000efd0 (0x000097ba) c.add   a5, a4
core   0: 3 0x000000008000efd0 (0x97ba) x15 0x00000000800110dc
core   0: 0x000000008000efd2 (0xfe043703) ld      a4, -32(s0)
core   0: 3 0x000000008000efd2 (0xfe043703) x14 0x00000000800110a2 mem 0x0000000080030f50
core   0: 0x000000008000efd6 (0xfcf76de3) bltu    a4, a5, pc - 38
core   0: 3 0x000000008000efd6 (0xfcf76de3)
core   0: 0x000000008000efb0 (0xfe043783) ld      a5, -32(s0)
core   0: 3 0x000000008000efb0 (0xfe043783) x15 0x00000000800110a2 mem 0x0000000080030f50
core   0: 0x000000008000efb4 (0x00178713) addi    a4, a5, 1
core   0: 3 0x000000008000efb4 (0x00178713) x14 0x00000000800110a3
core   0: 0x000000008000efb8 (0xfee43023) sd      a4, -32(s0)
core   0: 3 0x000000008000efb8 (0xfee43023) mem 0x0000000080030f50 0x00000000800110a3
core   0: 0x000000008000efbc (0xfc442703) lw      a4, -60(s0)
core   0: 3 0x000000008000efbc (0xfc442703) x14 0x0000000000000000 mem 0x0000000080030f34
core   0: 0x000000008000efc0 (0x0ff77713) andi    a4, a4, 255
core   0: 3 0x000000008000efc0 (0x0ff77713) x14 0x0000000000000000
core   0: 0x000000008000efc4 (0x00e78023) sb      a4, 0(a5)
core   0: 3 0x000000008000efc4 (0x00e78023) mem 0x00000000800110a2 0x00
core   0: 0x000000008000efc8 (0xfc843703) ld      a4, -56(s0)
core   0: 3 0x000000008000efc8 (0xfc843703) x14 0x0000000080011040 mem 0x0000000080030f38
core   0: 0x000000008000efcc (0xfb843783) ld      a5, -72(s0)
core   0: 3 0x000000008000efcc (0xfb843783) x15 0x000000000000009c mem 0x0000000080030f28
core   0: 0x000000008000efd0 (0x000097ba) c.add   a5, a4
core   0: 3 0x000000008000efd0 (0x97ba) x15 0x00000000800110dc
core   0: 0x000000008000efd2 (0xfe043703) ld      a4, -32(s0)
core   0: 3 0x000000008000efd2 (0xfe043703) x14 0x00000000800110a3 mem 0x0000000080030f50
core   0: 0x000000008000efd6 (0xfcf76de3) bltu    a4, a5, pc - 38
core   0: 3 0x000000008000efd6 (0xfcf76de3)
core   0: 0x000000008000efb0 (0xfe043783) ld      a5, -32(s0)
core   0: 3 0x000000008000efb0 (0xfe043783) x15 0x00000000800110a3 mem 0x0000000080030f50
core   0: 0x000000008000efb4 (0x00178713) addi    a4, a5, 1
core   0: 3 0x000000008000efb4 (0x00178713) x14 0x00000000800110a4
core   0: 0x000000008000efb8 (0xfee43023) sd      a4, -32(s0)
core   0: 3 0x000000008000efb8 (0xfee43023) mem 0x0000000080030f50 0x00000000800110a4
core   0: 0x000000008000efbc (0xfc442703) lw      a4, -60(s0)
core   0: 3 0x000000008000efbc (0xfc442703) x14 0x0000000000000000 mem 0x0000000080030f34
core   0: 0x000000008000efc0 (0x0ff77713) andi    a4, a4, 255
core   0: 3 0x000000008000efc0 (0x0ff77713) x14 0x0000000000000000
core   0: 0x000000008000efc4 (0x00e78023) sb      a4, 0(a5)
core   0: 3 0x000000008000efc4 (0x00e78023) mem 0x00000000800110a3 0x00
core   0: 0x000000008000efc8 (0xfc843703) ld      a4, -56(s0)
core   0: 3 0x000000008000efc8 (0xfc843703) x14 0x0000000080011040 mem 0x0000000080030f38
core   0: 0x000000008000efcc (0xfb843783) ld      a5, -72(s0)
core   0: 3 0x000000008000efcc (0xfb843783) x15 0x000000000000009c mem 0x0000000080030f28
core   0: 0x000000008000efd0 (0x000097ba) c.add   a5, a4
core   0: 3 0x000000008000efd0 (0x97ba) x15 0x00000000800110dc
core   0: 0x000000008000efd2 (0xfe043703) ld      a4, -32(s0)
core   0: 3 0x000000008000efd2 (0xfe043703) x14 0x00000000800110a4 mem 0x0000000080030f50
core   0: 0x000000008000efd6 (0xfcf76de3) bltu    a4, a5, pc - 38
core   0: 3 0x000000008000efd6 (0xfcf76de3)
core   0: 0x000000008000efb0 (0xfe043783) ld      a5, -32(s0)
core   0: 3 0x000000008000efb0 (0xfe043783) x15 0x00000000800110a4 mem 0x0000000080030f50
core   0: 0x000000008000efb4 (0x00178713) addi    a4, a5, 1
core   0: 3 0x000000008000efb4 (0x00178713) x14 0x00000000800110a5
core   0: 0x000000008000efb8 (0xfee43023) sd      a4, -32(s0)
core   0: 3 0x000000008000efb8 (0xfee43023) mem 0x0000000080030f50 0x00000000800110a5
core   0: 0x000000008000efbc (0xfc442703) lw      a4, -60(s0)
core   0: 3 0x000000008000efbc (0xfc442703) x14 0x0000000000000000 mem 0x0000000080030f34
core   0: 0x000000008000efc0 (0x0ff77713) andi    a4, a4, 255
core   0: 3 0x000000008000efc0 (0x0ff77713) x14 0x0000000000000000
core   0: 0x000000008000efc4 (0x00e78023) sb      a4, 0(a5)
core   0: 3 0x000000008000efc4 (0x00e78023) mem 0x00000000800110a4 0x00
core   0: 0x000000008000efc8 (0xfc843703) ld      a4, -56(s0)
core   0: 3 0x000000008000efc8 (0xfc843703) x14 0x0000000080011040 mem 0x0000000080030f38
core   0: 0x000000008000efcc (0xfb843783) ld      a5, -72(s0)
core   0: 3 0x000000008000efcc (0xfb843783) x15 0x000000000000009c mem 0x0000000080030f28
core   0: 0x000000008000efd0 (0x000097ba) c.add   a5, a4
core   0: 3 0x000000008000efd0 (0x97ba) x15 0x00000000800110dc
core   0: 0x000000008000efd2 (0xfe043703) ld      a4, -32(s0)
core   0: 3 0x000000008000efd2 (0xfe043703) x14 0x00000000800110a5 mem 0x0000000080030f50
core   0: 0x000000008000efd6 (0xfcf76de3) bltu    a4, a5, pc - 38
core   0: 3 0x000000008000efd6 (0xfcf76de3)
core   0: 0x000000008000efb0 (0xfe043783) ld      a5, -32(s0)
core   0: 3 0x000000008000efb0 (0xfe043783) x15 0x00000000800110a5 mem 0x0000000080030f50
core   0: 0x000000008000efb4 (0x00178713) addi    a4, a5, 1
core   0: 3 0x000000008000efb4 (0x00178713) x14 0x00000000800110a6
core   0: 0x000000008000efb8 (0xfee43023) sd      a4, -32(s0)
core   0: 3 0x000000008000efb8 (0xfee43023) mem 0x0000000080030f50 0x00000000800110a6
core   0: 0x000000008000efbc (0xfc442703) lw      a4, -60(s0)
core   0: 3 0x000000008000efbc (0xfc442703) x14 0x0000000000000000 mem 0x0000000080030f34
core   0: 0x000000008000efc0 (0x0ff77713) andi    a4, a4, 255
core   0: 3 0x000000008000efc0 (0x0ff77713) x14 0x0000000000000000
core   0: 0x000000008000efc4 (0x00e78023) sb      a4, 0(a5)
core   0: 3 0x000000008000efc4 (0x00e78023) mem 0x00000000800110a5 0x00
core   0: 0x000000008000efc8 (0xfc843703) ld      a4, -56(s0)
core   0: 3 0x000000008000efc8 (0xfc843703) x14 0x0000000080011040 mem 0x0000000080030f38
core   0: 0x000000008000efcc (0xfb843783) ld      a5, -72(s0)
core   0: 3 0x000000008000efcc (0xfb843783) x15 0x000000000000009c mem 0x0000000080030f28
core   0: 0x000000008000efd0 (0x000097ba) c.add   a5, a4
core   0: 3 0x000000008000efd0 (0x97ba) x15 0x00000000800110dc
core   0: 0x000000008000efd2 (0xfe043703) ld      a4, -32(s0)
core   0: 3 0x000000008000efd2 (0xfe043703) x14 0x00000000800110a6 mem 0x0000000080030f50
core   0: 0x000000008000efd6 (0xfcf76de3) bltu    a4, a5, pc - 38
core   0: 3 0x000000008000efd6 (0xfcf76de3)
core   0: 0x000000008000efb0 (0xfe043783) ld      a5, -32(s0)
core   0: 3 0x000000008000efb0 (0xfe043783) x15 0x00000000800110a6 mem 0x0000000080030f50
core   0: 0x000000008000efb4 (0x00178713) addi    a4, a5, 1
core   0: 3 0x000000008000efb4 (0x00178713) x14 0x00000000800110a7
core   0: 0x000000008000efb8 (0xfee43023) sd      a4, -32(s0)
core   0: 3 0x000000008000efb8 (0xfee43023) mem 0x0000000080030f50 0x00000000800110a7
core   0: 0x000000008000efbc (0xfc442703) lw      a4, -60(s0)
core   0: 3 0x000000008000efbc (0xfc442703) x14 0x0000000000000000 mem 0x0000000080030f34
core   0: 0x000000008000efc0 (0x0ff77713) andi    a4, a4, 255
core   0: 3 0x000000008000efc0 (0x0ff77713) x14 0x0000000000000000
core   0: 0x000000008000efc4 (0x00e78023) sb      a4, 0(a5)
core   0: 3 0x000000008000efc4 (0x00e78023) mem 0x00000000800110a6 0x00
core   0: 0x000000008000efc8 (0xfc843703) ld      a4, -56(s0)
core   0: 3 0x000000008000efc8 (0xfc843703) x14 0x0000000080011040 mem 0x0000000080030f38
core   0: 0x000000008000efcc (0xfb843783) ld      a5, -72(s0)
core   0: 3 0x000000008000efcc (0xfb843783) x15 0x000000000000009c mem 0x0000000080030f28
core   0: 0x000000008000efd0 (0x000097ba) c.add   a5, a4
core   0: 3 0x000000008000efd0 (0x97ba) x15 0x00000000800110dc
core   0: 0x000000008000efd2 (0xfe043703) ld      a4, -32(s0)
core   0: 3 0x000000008000efd2 (0xfe043703) x14 0x00000000800110a7 mem 0x0000000080030f50
core   0: 0x000000008000efd6 (0xfcf76de3) bltu    a4, a5, pc - 38
core   0: 3 0x000000008000efd6 (0xfcf76de3)
core   0: 0x000000008000efb0 (0xfe043783) ld      a5, -32(s0)
core   0: 3 0x000000008000efb0 (0xfe043783) x15 0x00000000800110a7 mem 0x0000000080030f50
core   0: 0x000000008000efb4 (0x00178713) addi    a4, a5, 1
core   0: 3 0x000000008000efb4 (0x00178713) x14 0x00000000800110a8
core   0: 0x000000008000efb8 (0xfee43023) sd      a4, -32(s0)
core   0: 3 0x000000008000efb8 (0xfee43023) mem 0x0000000080030f50 0x00000000800110a8
core   0: 0x000000008000efbc (0xfc442703) lw      a4, -60(s0)
core   0: 3 0x000000008000efbc (0xfc442703) x14 0x0000000000000000 mem 0x0000000080030f34
core   0: 0x000000008000efc0 (0x0ff77713) andi    a4, a4, 255
core   0: 3 0x000000008000efc0 (0x0ff77713) x14 0x0000000000000000
core   0: 0x000000008000efc4 (0x00e78023) sb      a4, 0(a5)
core   0: 3 0x000000008000efc4 (0x00e78023) mem 0x00000000800110a7 0x00
core   0: 0x000000008000efc8 (0xfc843703) ld      a4, -56(s0)
core   0: 3 0x000000008000efc8 (0xfc843703) x14 0x0000000080011040 mem 0x0000000080030f38
core   0: 0x000000008000efcc (0xfb843783) ld      a5, -72(s0)
core   0: 3 0x000000008000efcc (0xfb843783) x15 0x000000000000009c mem 0x0000000080030f28
core   0: 0x000000008000efd0 (0x000097ba) c.add   a5, a4
core   0: 3 0x000000008000efd0 (0x97ba) x15 0x00000000800110dc
core   0: 0x000000008000efd2 (0xfe043703) ld      a4, -32(s0)
core   0: 3 0x000000008000efd2 (0xfe043703) x14 0x00000000800110a8 mem 0x0000000080030f50
core   0: 0x000000008000efd6 (0xfcf76de3) bltu    a4, a5, pc - 38
core   0: 3 0x000000008000efd6 (0xfcf76de3)
core   0: 0x000000008000efb0 (0xfe043783) ld      a5, -32(s0)
core   0: 3 0x000000008000efb0 (0xfe043783) x15 0x00000000800110a8 mem 0x0000000080030f50
core   0: 0x000000008000efb4 (0x00178713) addi    a4, a5, 1
core   0: 3 0x000000008000efb4 (0x00178713) x14 0x00000000800110a9
core   0: 0x000000008000efb8 (0xfee43023) sd      a4, -32(s0)
core   0: 3 0x000000008000efb8 (0xfee43023) mem 0x0000000080030f50 0x00000000800110a9
core   0: 0x000000008000efbc (0xfc442703) lw      a4, -60(s0)
core   0: 3 0x000000008000efbc (0xfc442703) x14 0x0000000000000000 mem 0x0000000080030f34
core   0: 0x000000008000efc0 (0x0ff77713) andi    a4, a4, 255
core   0: 3 0x000000008000efc0 (0x0ff77713) x14 0x0000000000000000
core   0: 0x000000008000efc4 (0x00e78023) sb      a4, 0(a5)
core   0: 3 0x000000008000efc4 (0x00e78023) mem 0x00000000800110a8 0x00
core   0: 0x000000008000efc8 (0xfc843703) ld      a4, -56(s0)
core   0: 3 0x000000008000efc8 (0xfc843703) x14 0x0000000080011040 mem 0x0000000080030f38
core   0: 0x000000008000efcc (0xfb843783) ld      a5, -72(s0)
core   0: 3 0x000000008000efcc (0xfb843783) x15 0x000000000000009c mem 0x0000000080030f28
core   0: 0x000000008000efd0 (0x000097ba) c.add   a5, a4
core   0: 3 0x000000008000efd0 (0x97ba) x15 0x00000000800110dc
core   0: 0x000000008000efd2 (0xfe043703) ld      a4, -32(s0)
core   0: 3 0x000000008000efd2 (0xfe043703) x14 0x00000000800110a9 mem 0x0000000080030f50
core   0: 0x000000008000efd6 (0xfcf76de3) bltu    a4, a5, pc - 38
core   0: 3 0x000000008000efd6 (0xfcf76de3)
core   0: 0x000000008000efb0 (0xfe043783) ld      a5, -32(s0)
core   0: 3 0x000000008000efb0 (0xfe043783) x15 0x00000000800110a9 mem 0x0000000080030f50
core   0: 0x000000008000efb4 (0x00178713) addi    a4, a5, 1
core   0: 3 0x000000008000efb4 (0x00178713) x14 0x00000000800110aa
core   0: 0x000000008000efb8 (0xfee43023) sd      a4, -32(s0)
core   0: 3 0x000000008000efb8 (0xfee43023) mem 0x0000000080030f50 0x00000000800110aa
core   0: 0x000000008000efbc (0xfc442703) lw      a4, -60(s0)
core   0: 3 0x000000008000efbc (0xfc442703) x14 0x0000000000000000 mem 0x0000000080030f34
core   0: 0x000000008000efc0 (0x0ff77713) andi    a4, a4, 255
core   0: 3 0x000000008000efc0 (0x0ff77713) x14 0x0000000000000000
core   0: 0x000000008000efc4 (0x00e78023) sb      a4, 0(a5)
core   0: 3 0x000000008000efc4 (0x00e78023) mem 0x00000000800110a9 0x00
core   0: 0x000000008000efc8 (0xfc843703) ld      a4, -56(s0)
core   0: 3 0x000000008000efc8 (0xfc843703) x14 0x0000000080011040 mem 0x0000000080030f38
core   0: 0x000000008000efcc (0xfb843783) ld      a5, -72(s0)
core   0: 3 0x000000008000efcc (0xfb843783) x15 0x000000000000009c mem 0x0000000080030f28
core   0: 0x000000008000efd0 (0x000097ba) c.add   a5, a4
core   0: 3 0x000000008000efd0 (0x97ba) x15 0x00000000800110dc
core   0: 0x000000008000efd2 (0xfe043703) ld      a4, -32(s0)
core   0: 3 0x000000008000efd2 (0xfe043703) x14 0x00000000800110aa mem 0x0000000080030f50
core   0: 0x000000008000efd6 (0xfcf76de3) bltu    a4, a5, pc - 38
core   0: 3 0x000000008000efd6 (0xfcf76de3)
core   0: 0x000000008000efb0 (0xfe043783) ld      a5, -32(s0)
core   0: 3 0x000000008000efb0 (0xfe043783) x15 0x00000000800110aa mem 0x0000000080030f50
core   0: 0x000000008000efb4 (0x00178713) addi    a4, a5, 1
core   0: 3 0x000000008000efb4 (0x00178713) x14 0x00000000800110ab
core   0: 0x000000008000efb8 (0xfee43023) sd      a4, -32(s0)
core   0: 3 0x000000008000efb8 (0xfee43023) mem 0x0000000080030f50 0x00000000800110ab
core   0: 0x000000008000efbc (0xfc442703) lw      a4, -60(s0)
core   0: 3 0x000000008000efbc (0xfc442703) x14 0x0000000000000000 mem 0x0000000080030f34
core   0: 0x000000008000efc0 (0x0ff77713) andi    a4, a4, 255
core   0: 3 0x000000008000efc0 (0x0ff77713) x14 0x0000000000000000
core   0: 0x000000008000efc4 (0x00e78023) sb      a4, 0(a5)
core   0: 3 0x000000008000efc4 (0x00e78023) mem 0x00000000800110aa 0x00
core   0: 0x000000008000efc8 (0xfc843703) ld      a4, -56(s0)
core   0: 3 0x000000008000efc8 (0xfc843703) x14 0x0000000080011040 mem 0x0000000080030f38
core   0: 0x000000008000efcc (0xfb843783) ld      a5, -72(s0)
core   0: 3 0x000000008000efcc (0xfb843783) x15 0x000000000000009c mem 0x0000000080030f28
core   0: 0x000000008000efd0 (0x000097ba) c.add   a5, a4
core   0: 3 0x000000008000efd0 (0x97ba) x15 0x00000000800110dc
core   0: 0x000000008000efd2 (0xfe043703) ld      a4, -32(s0)
core   0: 3 0x000000008000efd2 (0xfe043703) x14 0x00000000800110ab mem 0x0000000080030f50
core   0: 0x000000008000efd6 (0xfcf76de3) bltu    a4, a5, pc - 38
core   0: 3 0x000000008000efd6 (0xfcf76de3)
core   0: 0x000000008000efb0 (0xfe043783) ld      a5, -32(s0)
core   0: 3 0x000000008000efb0 (0xfe043783) x15 0x00000000800110ab mem 0x0000000080030f50
core   0: 0x000000008000efb4 (0x00178713) addi    a4, a5, 1
core   0: 3 0x000000008000efb4 (0x00178713) x14 0x00000000800110ac
core   0: 0x000000008000efb8 (0xfee43023) sd      a4, -32(s0)
core   0: 3 0x000000008000efb8 (0xfee43023) mem 0x0000000080030f50 0x00000000800110ac
core   0: 0x000000008000efbc (0xfc442703) lw      a4, -60(s0)
core   0: 3 0x000000008000efbc (0xfc442703) x14 0x0000000000000000 mem 0x0000000080030f34
core   0: 0x000000008000efc0 (0x0ff77713) andi    a4, a4, 255
core   0: 3 0x000000008000efc0 (0x0ff77713) x14 0x0000000000000000
core   0: 0x000000008000efc4 (0x00e78023) sb      a4, 0(a5)
core   0: 3 0x000000008000efc4 (0x00e78023) mem 0x00000000800110ab 0x00
core   0: 0x000000008000efc8 (0xfc843703) ld      a4, -56(s0)
core   0: 3 0x000000008000efc8 (0xfc843703) x14 0x0000000080011040 mem 0x0000000080030f38
core   0: 0x000000008000efcc (0xfb843783) ld      a5, -72(s0)
core   0: 3 0x000000008000efcc (0xfb843783) x15 0x000000000000009c mem 0x0000000080030f28
core   0: 0x000000008000efd0 (0x000097ba) c.add   a5, a4
core   0: 3 0x000000008000efd0 (0x97ba) x15 0x00000000800110dc
core   0: 0x000000008000efd2 (0xfe043703) ld      a4, -32(s0)
core   0: 3 0x000000008000efd2 (0xfe043703) x14 0x00000000800110ac mem 0x0000000080030f50
core   0: 0x000000008000efd6 (0xfcf76de3) bltu    a4, a5, pc - 38
core   0: 3 0x000000008000efd6 (0xfcf76de3)
core   0: 0x000000008000efb0 (0xfe043783) ld      a5, -32(s0)
core   0: 3 0x000000008000efb0 (0xfe043783) x15 0x00000000800110ac mem 0x0000000080030f50
core   0: 0x000000008000efb4 (0x00178713) addi    a4, a5, 1
core   0: 3 0x000000008000efb4 (0x00178713) x14 0x00000000800110ad
core   0: 0x000000008000efb8 (0xfee43023) sd      a4, -32(s0)
core   0: 3 0x000000008000efb8 (0xfee43023) mem 0x0000000080030f50 0x00000000800110ad
core   0: 0x000000008000efbc (0xfc442703) lw      a4, -60(s0)
core   0: 3 0x000000008000efbc (0xfc442703) x14 0x0000000000000000 mem 0x0000000080030f34
core   0: 0x000000008000efc0 (0x0ff77713) andi    a4, a4, 255
core   0: 3 0x000000008000efc0 (0x0ff77713) x14 0x0000000000000000
core   0: 0x000000008000efc4 (0x00e78023) sb      a4, 0(a5)
core   0: 3 0x000000008000efc4 (0x00e78023) mem 0x00000000800110ac 0x00
core   0: 0x000000008000efc8 (0xfc843703) ld      a4, -56(s0)
core   0: 3 0x000000008000efc8 (0xfc843703) x14 0x0000000080011040 mem 0x0000000080030f38
core   0: 0x000000008000efcc (0xfb843783) ld      a5, -72(s0)
core   0: 3 0x000000008000efcc (0xfb843783) x15 0x000000000000009c mem 0x0000000080030f28
core   0: 0x000000008000efd0 (0x000097ba) c.add   a5, a4
core   0: 3 0x000000008000efd0 (0x97ba) x15 0x00000000800110dc
core   0: 0x000000008000efd2 (0xfe043703) ld      a4, -32(s0)
core   0: 3 0x000000008000efd2 (0xfe043703) x14 0x00000000800110ad mem 0x0000000080030f50
core   0: 0x000000008000efd6 (0xfcf76de3) bltu    a4, a5, pc - 38
core   0: 3 0x000000008000efd6 (0xfcf76de3)
core   0: 0x000000008000efb0 (0xfe043783) ld      a5, -32(s0)
core   0: 3 0x000000008000efb0 (0xfe043783) x15 0x00000000800110ad mem 0x0000000080030f50
core   0: 0x000000008000efb4 (0x00178713) addi    a4, a5, 1
core   0: 3 0x000000008000efb4 (0x00178713) x14 0x00000000800110ae
core   0: 0x000000008000efb8 (0xfee43023) sd      a4, -32(s0)
core   0: 3 0x000000008000efb8 (0xfee43023) mem 0x0000000080030f50 0x00000000800110ae
core   0: 0x000000008000efbc (0xfc442703) lw      a4, -60(s0)
core   0: 3 0x000000008000efbc (0xfc442703) x14 0x0000000000000000 mem 0x0000000080030f34
core   0: 0x000000008000efc0 (0x0ff77713) andi    a4, a4, 255
core   0: 3 0x000000008000efc0 (0x0ff77713) x14 0x0000000000000000
core   0: 0x000000008000efc4 (0x00e78023) sb      a4, 0(a5)
core   0: 3 0x000000008000efc4 (0x00e78023) mem 0x00000000800110ad 0x00
core   0: 0x000000008000efc8 (0xfc843703) ld      a4, -56(s0)
core   0: 3 0x000000008000efc8 (0xfc843703) x14 0x0000000080011040 mem 0x0000000080030f38
core   0: 0x000000008000efcc (0xfb843783) ld      a5, -72(s0)
core   0: 3 0x000000008000efcc (0xfb843783) x15 0x000000000000009c mem 0x0000000080030f28
core   0: 0x000000008000efd0 (0x000097ba) c.add   a5, a4
core   0: 3 0x000000008000efd0 (0x97ba) x15 0x00000000800110dc
core   0: 0x000000008000efd2 (0xfe043703) ld      a4, -32(s0)
core   0: 3 0x000000008000efd2 (0xfe043703) x14 0x00000000800110ae mem 0x0000000080030f50
core   0: 0x000000008000efd6 (0xfcf76de3) bltu    a4, a5, pc - 38
core   0: 3 0x000000008000efd6 (0xfcf76de3)
core   0: 0x000000008000efb0 (0xfe043783) ld      a5, -32(s0)
core   0: 3 0x000000008000efb0 (0xfe043783) x15 0x00000000800110ae mem 0x0000000080030f50
core   0: 0x000000008000efb4 (0x00178713) addi    a4, a5, 1
core   0: 3 0x000000008000efb4 (0x00178713) x14 0x00000000800110af
core   0: 0x000000008000efb8 (0xfee43023) sd      a4, -32(s0)
core   0: 3 0x000000008000efb8 (0xfee43023) mem 0x0000000080030f50 0x00000000800110af
core   0: 0x000000008000efbc (0xfc442703) lw      a4, -60(s0)
core   0: 3 0x000000008000efbc (0xfc442703) x14 0x0000000000000000 mem 0x0000000080030f34
core   0: 0x000000008000efc0 (0x0ff77713) andi    a4, a4, 255
core   0: 3 0x000000008000efc0 (0x0ff77713) x14 0x0000000000000000
core   0: 0x000000008000efc4 (0x00e78023) sb      a4, 0(a5)
core   0: 3 0x000000008000efc4 (0x00e78023) mem 0x00000000800110ae 0x00
core   0: 0x000000008000efc8 (0xfc843703) ld      a4, -56(s0)
core   0: 3 0x000000008000efc8 (0xfc843703) x14 0x0000000080011040 mem 0x0000000080030f38
core   0: 0x000000008000efcc (0xfb843783) ld      a5, -72(s0)
core   0: 3 0x000000008000efcc (0xfb843783) x15 0x000000000000009c mem 0x0000000080030f28
core   0: 0x000000008000efd0 (0x000097ba) c.add   a5, a4
core   0: 3 0x000000008000efd0 (0x97ba) x15 0x00000000800110dc
core   0: 0x000000008000efd2 (0xfe043703) ld      a4, -32(s0)
core   0: 3 0x000000008000efd2 (0xfe043703) x14 0x00000000800110af mem 0x0000000080030f50
core   0: 0x000000008000efd6 (0xfcf76de3) bltu    a4, a5, pc - 38
core   0: 3 0x000000008000efd6 (0xfcf76de3)
core   0: 0x000000008000efb0 (0xfe043783) ld      a5, -32(s0)
core   0: 3 0x000000008000efb0 (0xfe043783) x15 0x00000000800110af mem 0x0000000080030f50
core   0: 0x000000008000efb4 (0x00178713) addi    a4, a5, 1
core   0: 3 0x000000008000efb4 (0x00178713) x14 0x00000000800110b0
core   0: 0x000000008000efb8 (0xfee43023) sd      a4, -32(s0)
core   0: 3 0x000000008000efb8 (0xfee43023) mem 0x0000000080030f50 0x00000000800110b0
core   0: 0x000000008000efbc (0xfc442703) lw      a4, -60(s0)
core   0: 3 0x000000008000efbc (0xfc442703) x14 0x0000000000000000 mem 0x0000000080030f34
core   0: 0x000000008000efc0 (0x0ff77713) andi    a4, a4, 255
core   0: 3 0x000000008000efc0 (0x0ff77713) x14 0x0000000000000000
core   0: 0x000000008000efc4 (0x00e78023) sb      a4, 0(a5)
core   0: 3 0x000000008000efc4 (0x00e78023) mem 0x00000000800110af 0x00
core   0: 0x000000008000efc8 (0xfc843703) ld      a4, -56(s0)
core   0: 3 0x000000008000efc8 (0xfc843703) x14 0x0000000080011040 mem 0x0000000080030f38
core   0: 0x000000008000efcc (0xfb843783) ld      a5, -72(s0)
core   0: 3 0x000000008000efcc (0xfb843783) x15 0x000000000000009c mem 0x0000000080030f28
core   0: 0x000000008000efd0 (0x000097ba) c.add   a5, a4
core   0: 3 0x000000008000efd0 (0x97ba) x15 0x00000000800110dc
core   0: 0x000000008000efd2 (0xfe043703) ld      a4, -32(s0)
core   0: 3 0x000000008000efd2 (0xfe043703) x14 0x00000000800110b0 mem 0x0000000080030f50
core   0: 0x000000008000efd6 (0xfcf76de3) bltu    a4, a5, pc - 38
core   0: 3 0x000000008000efd6 (0xfcf76de3)
core   0: 0x000000008000efb0 (0xfe043783) ld      a5, -32(s0)
core   0: 3 0x000000008000efb0 (0xfe043783) x15 0x00000000800110b0 mem 0x0000000080030f50
core   0: 0x000000008000efb4 (0x00178713) addi    a4, a5, 1
core   0: 3 0x000000008000efb4 (0x00178713) x14 0x00000000800110b1
core   0: 0x000000008000efb8 (0xfee43023) sd      a4, -32(s0)
core   0: 3 0x000000008000efb8 (0xfee43023) mem 0x0000000080030f50 0x00000000800110b1
core   0: 0x000000008000efbc (0xfc442703) lw      a4, -60(s0)
core   0: 3 0x000000008000efbc (0xfc442703) x14 0x0000000000000000 mem 0x0000000080030f34
core   0: 0x000000008000efc0 (0x0ff77713) andi    a4, a4, 255
core   0: 3 0x000000008000efc0 (0x0ff77713) x14 0x0000000000000000
core   0: 0x000000008000efc4 (0x00e78023) sb      a4, 0(a5)
core   0: 3 0x000000008000efc4 (0x00e78023) mem 0x00000000800110b0 0x00
core   0: 0x000000008000efc8 (0xfc843703) ld      a4, -56(s0)
core   0: 3 0x000000008000efc8 (0xfc843703) x14 0x0000000080011040 mem 0x0000000080030f38
core   0: 0x000000008000efcc (0xfb843783) ld      a5, -72(s0)
core   0: 3 0x000000008000efcc (0xfb843783) x15 0x000000000000009c mem 0x0000000080030f28
core   0: 0x000000008000efd0 (0x000097ba) c.add   a5, a4
core   0: 3 0x000000008000efd0 (0x97ba) x15 0x00000000800110dc
core   0: 0x000000008000efd2 (0xfe043703) ld      a4, -32(s0)
core   0: 3 0x000000008000efd2 (0xfe043703) x14 0x00000000800110b1 mem 0x0000000080030f50
core   0: 0x000000008000efd6 (0xfcf76de3) bltu    a4, a5, pc - 38
core   0: 3 0x000000008000efd6 (0xfcf76de3)
core   0: 0x000000008000efb0 (0xfe043783) ld      a5, -32(s0)
core   0: 3 0x000000008000efb0 (0xfe043783) x15 0x00000000800110b1 mem 0x0000000080030f50
core   0: 0x000000008000efb4 (0x00178713) addi    a4, a5, 1
core   0: 3 0x000000008000efb4 (0x00178713) x14 0x00000000800110b2
core   0: 0x000000008000efb8 (0xfee43023) sd      a4, -32(s0)
core   0: 3 0x000000008000efb8 (0xfee43023) mem 0x0000000080030f50 0x00000000800110b2
core   0: 0x000000008000efbc (0xfc442703) lw      a4, -60(s0)
core   0: 3 0x000000008000efbc (0xfc442703) x14 0x0000000000000000 mem 0x0000000080030f34
core   0: 0x000000008000efc0 (0x0ff77713) andi    a4, a4, 255
core   0: 3 0x000000008000efc0 (0x0ff77713) x14 0x0000000000000000
core   0: 0x000000008000efc4 (0x00e78023) sb      a4, 0(a5)
core   0: 3 0x000000008000efc4 (0x00e78023) mem 0x00000000800110b1 0x00
core   0: 0x000000008000efc8 (0xfc843703) ld      a4, -56(s0)
core   0: 3 0x000000008000efc8 (0xfc843703) x14 0x0000000080011040 mem 0x0000000080030f38
core   0: 0x000000008000efcc (0xfb843783) ld      a5, -72(s0)
core   0: 3 0x000000008000efcc (0xfb843783) x15 0x000000000000009c mem 0x0000000080030f28
core   0: 0x000000008000efd0 (0x000097ba) c.add   a5, a4
core   0: 3 0x000000008000efd0 (0x97ba) x15 0x00000000800110dc
core   0: 0x000000008000efd2 (0xfe043703) ld      a4, -32(s0)
core   0: 3 0x000000008000efd2 (0xfe043703) x14 0x00000000800110b2 mem 0x0000000080030f50
core   0: 0x000000008000efd6 (0xfcf76de3) bltu    a4, a5, pc - 38
core   0: 3 0x000000008000efd6 (0xfcf76de3)
core   0: 0x000000008000efb0 (0xfe043783) ld      a5, -32(s0)
core   0: 3 0x000000008000efb0 (0xfe043783) x15 0x00000000800110b2 mem 0x0000000080030f50
core   0: 0x000000008000efb4 (0x00178713) addi    a4, a5, 1
core   0: 3 0x000000008000efb4 (0x00178713) x14 0x00000000800110b3
core   0: 0x000000008000efb8 (0xfee43023) sd      a4, -32(s0)
core   0: 3 0x000000008000efb8 (0xfee43023) mem 0x0000000080030f50 0x00000000800110b3
core   0: 0x000000008000efbc (0xfc442703) lw      a4, -60(s0)
core   0: 3 0x000000008000efbc (0xfc442703) x14 0x0000000000000000 mem 0x0000000080030f34
core   0: 0x000000008000efc0 (0x0ff77713) andi    a4, a4, 255
core   0: 3 0x000000008000efc0 (0x0ff77713) x14 0x0000000000000000
core   0: 0x000000008000efc4 (0x00e78023) sb      a4, 0(a5)
core   0: 3 0x000000008000efc4 (0x00e78023) mem 0x00000000800110b2 0x00
core   0: 0x000000008000efc8 (0xfc843703) ld      a4, -56(s0)
core   0: 3 0x000000008000efc8 (0xfc843703) x14 0x0000000080011040 mem 0x0000000080030f38
core   0: 0x000000008000efcc (0xfb843783) ld      a5, -72(s0)
core   0: 3 0x000000008000efcc (0xfb843783) x15 0x000000000000009c mem 0x0000000080030f28
core   0: 0x000000008000efd0 (0x000097ba) c.add   a5, a4
core   0: 3 0x000000008000efd0 (0x97ba) x15 0x00000000800110dc
core   0: 0x000000008000efd2 (0xfe043703) ld      a4, -32(s0)
core   0: 3 0x000000008000efd2 (0xfe043703) x14 0x00000000800110b3 mem 0x0000000080030f50
core   0: 0x000000008000efd6 (0xfcf76de3) bltu    a4, a5, pc - 38
core   0: 3 0x000000008000efd6 (0xfcf76de3)
core   0: 0x000000008000efb0 (0xfe043783) ld      a5, -32(s0)
core   0: 3 0x000000008000efb0 (0xfe043783) x15 0x00000000800110b3 mem 0x0000000080030f50
core   0: 0x000000008000efb4 (0x00178713) addi    a4, a5, 1
core   0: 3 0x000000008000efb4 (0x00178713) x14 0x00000000800110b4
core   0: 0x000000008000efb8 (0xfee43023) sd      a4, -32(s0)
core   0: 3 0x000000008000efb8 (0xfee43023) mem 0x0000000080030f50 0x00000000800110b4
core   0: 0x000000008000efbc (0xfc442703) lw      a4, -60(s0)
core   0: 3 0x000000008000efbc (0xfc442703) x14 0x0000000000000000 mem 0x0000000080030f34
core   0: 0x000000008000efc0 (0x0ff77713) andi    a4, a4, 255
core   0: 3 0x000000008000efc0 (0x0ff77713) x14 0x0000000000000000
core   0: 0x000000008000efc4 (0x00e78023) sb      a4, 0(a5)
core   0: 3 0x000000008000efc4 (0x00e78023) mem 0x00000000800110b3 0x00
core   0: 0x000000008000efc8 (0xfc843703) ld      a4, -56(s0)
core   0: 3 0x000000008000efc8 (0xfc843703) x14 0x0000000080011040 mem 0x0000000080030f38
core   0: 0x000000008000efcc (0xfb843783) ld      a5, -72(s0)
core   0: 3 0x000000008000efcc (0xfb843783) x15 0x000000000000009c mem 0x0000000080030f28
core   0: 0x000000008000efd0 (0x000097ba) c.add   a5, a4
core   0: 3 0x000000008000efd0 (0x97ba) x15 0x00000000800110dc
core   0: 0x000000008000efd2 (0xfe043703) ld      a4, -32(s0)
core   0: 3 0x000000008000efd2 (0xfe043703) x14 0x00000000800110b4 mem 0x0000000080030f50
core   0: 0x000000008000efd6 (0xfcf76de3) bltu    a4, a5, pc - 38
core   0: 3 0x000000008000efd6 (0xfcf76de3)
core   0: 0x000000008000efb0 (0xfe043783) ld      a5, -32(s0)
core   0: 3 0x000000008000efb0 (0xfe043783) x15 0x00000000800110b4 mem 0x0000000080030f50
core   0: 0x000000008000efb4 (0x00178713) addi    a4, a5, 1
core   0: 3 0x000000008000efb4 (0x00178713) x14 0x00000000800110b5
core   0: 0x000000008000efb8 (0xfee43023) sd      a4, -32(s0)
core   0: 3 0x000000008000efb8 (0xfee43023) mem 0x0000000080030f50 0x00000000800110b5
core   0: 0x000000008000efbc (0xfc442703) lw      a4, -60(s0)
core   0: 3 0x000000008000efbc (0xfc442703) x14 0x0000000000000000 mem 0x0000000080030f34
core   0: 0x000000008000efc0 (0x0ff77713) andi    a4, a4, 255
core   0: 3 0x000000008000efc0 (0x0ff77713) x14 0x0000000000000000
core   0: 0x000000008000efc4 (0x00e78023) sb      a4, 0(a5)
core   0: 3 0x000000008000efc4 (0x00e78023) mem 0x00000000800110b4 0x00
core   0: 0x000000008000efc8 (0xfc843703) ld      a4, -56(s0)
core   0: 3 0x000000008000efc8 (0xfc843703) x14 0x0000000080011040 mem 0x0000000080030f38
core   0: 0x000000008000efcc (0xfb843783) ld      a5, -72(s0)
core   0: 3 0x000000008000efcc (0xfb843783) x15 0x000000000000009c mem 0x0000000080030f28
core   0: 0x000000008000efd0 (0x000097ba) c.add   a5, a4
core   0: 3 0x000000008000efd0 (0x97ba) x15 0x00000000800110dc
core   0: 0x000000008000efd2 (0xfe043703) ld      a4, -32(s0)
core   0: 3 0x000000008000efd2 (0xfe043703) x14 0x00000000800110b5 mem 0x0000000080030f50
core   0: 0x000000008000efd6 (0xfcf76de3) bltu    a4, a5, pc - 38
core   0: 3 0x000000008000efd6 (0xfcf76de3)
core   0: 0x000000008000efb0 (0xfe043783) ld      a5, -32(s0)
core   0: 3 0x000000008000efb0 (0xfe043783) x15 0x00000000800110b5 mem 0x0000000080030f50
core   0: 0x000000008000efb4 (0x00178713) addi    a4, a5, 1
core   0: 3 0x000000008000efb4 (0x00178713) x14 0x00000000800110b6
core   0: 0x000000008000efb8 (0xfee43023) sd      a4, -32(s0)
core   0: 3 0x000000008000efb8 (0xfee43023) mem 0x0000000080030f50 0x00000000800110b6
core   0: 0x000000008000efbc (0xfc442703) lw      a4, -60(s0)
core   0: 3 0x000000008000efbc (0xfc442703) x14 0x0000000000000000 mem 0x0000000080030f34
core   0: 0x000000008000efc0 (0x0ff77713) andi    a4, a4, 255
core   0: 3 0x000000008000efc0 (0x0ff77713) x14 0x0000000000000000
core   0: 0x000000008000efc4 (0x00e78023) sb      a4, 0(a5)
core   0: 3 0x000000008000efc4 (0x00e78023) mem 0x00000000800110b5 0x00
core   0: 0x000000008000efc8 (0xfc843703) ld      a4, -56(s0)
core   0: 3 0x000000008000efc8 (0xfc843703) x14 0x0000000080011040 mem 0x0000000080030f38
core   0: 0x000000008000efcc (0xfb843783) ld      a5, -72(s0)
core   0: 3 0x000000008000efcc (0xfb843783) x15 0x000000000000009c mem 0x0000000080030f28
core   0: 0x000000008000efd0 (0x000097ba) c.add   a5, a4
core   0: 3 0x000000008000efd0 (0x97ba) x15 0x00000000800110dc
core   0: 0x000000008000efd2 (0xfe043703) ld      a4, -32(s0)
core   0: 3 0x000000008000efd2 (0xfe043703) x14 0x00000000800110b6 mem 0x0000000080030f50
core   0: 0x000000008000efd6 (0xfcf76de3) bltu    a4, a5, pc - 38
core   0: 3 0x000000008000efd6 (0xfcf76de3)
core   0: 0x000000008000efb0 (0xfe043783) ld      a5, -32(s0)
core   0: 3 0x000000008000efb0 (0xfe043783) x15 0x00000000800110b6 mem 0x0000000080030f50
core   0: 0x000000008000efb4 (0x00178713) addi    a4, a5, 1
core   0: 3 0x000000008000efb4 (0x00178713) x14 0x00000000800110b7
core   0: 0x000000008000efb8 (0xfee43023) sd      a4, -32(s0)
core   0: 3 0x000000008000efb8 (0xfee43023) mem 0x0000000080030f50 0x00000000800110b7
core   0: 0x000000008000efbc (0xfc442703) lw      a4, -60(s0)
core   0: 3 0x000000008000efbc (0xfc442703) x14 0x0000000000000000 mem 0x0000000080030f34
core   0: 0x000000008000efc0 (0x0ff77713) andi    a4, a4, 255
core   0: 3 0x000000008000efc0 (0x0ff77713) x14 0x0000000000000000
core   0: 0x000000008000efc4 (0x00e78023) sb      a4, 0(a5)
core   0: 3 0x000000008000efc4 (0x00e78023) mem 0x00000000800110b6 0x00
core   0: 0x000000008000efc8 (0xfc843703) ld      a4, -56(s0)
core   0: 3 0x000000008000efc8 (0xfc843703) x14 0x0000000080011040 mem 0x0000000080030f38
core   0: 0x000000008000efcc (0xfb843783) ld      a5, -72(s0)
core   0: 3 0x000000008000efcc (0xfb843783) x15 0x000000000000009c mem 0x0000000080030f28
core   0: 0x000000008000efd0 (0x000097ba) c.add   a5, a4
core   0: 3 0x000000008000efd0 (0x97ba) x15 0x00000000800110dc
core   0: 0x000000008000efd2 (0xfe043703) ld      a4, -32(s0)
core   0: 3 0x000000008000efd2 (0xfe043703) x14 0x00000000800110b7 mem 0x0000000080030f50
core   0: 0x000000008000efd6 (0xfcf76de3) bltu    a4, a5, pc - 38
core   0: 3 0x000000008000efd6 (0xfcf76de3)
core   0: 0x000000008000efb0 (0xfe043783) ld      a5, -32(s0)
core   0: 3 0x000000008000efb0 (0xfe043783) x15 0x00000000800110b7 mem 0x0000000080030f50
core   0: 0x000000008000efb4 (0x00178713) addi    a4, a5, 1
core   0: 3 0x000000008000efb4 (0x00178713) x14 0x00000000800110b8
core   0: 0x000000008000efb8 (0xfee43023) sd      a4, -32(s0)
core   0: 3 0x000000008000efb8 (0xfee43023) mem 0x0000000080030f50 0x00000000800110b8
core   0: 0x000000008000efbc (0xfc442703) lw      a4, -60(s0)
core   0: 3 0x000000008000efbc (0xfc442703) x14 0x0000000000000000 mem 0x0000000080030f34
core   0: 0x000000008000efc0 (0x0ff77713) andi    a4, a4, 255
core   0: 3 0x000000008000efc0 (0x0ff77713) x14 0x0000000000000000
core   0: 0x000000008000efc4 (0x00e78023) sb      a4, 0(a5)
core   0: 3 0x000000008000efc4 (0x00e78023) mem 0x00000000800110b7 0x00
core   0: 0x000000008000efc8 (0xfc843703) ld      a4, -56(s0)
core   0: 3 0x000000008000efc8 (0xfc843703) x14 0x0000000080011040 mem 0x0000000080030f38
core   0: 0x000000008000efcc (0xfb843783) ld      a5, -72(s0)
core   0: 3 0x000000008000efcc (0xfb843783) x15 0x000000000000009c mem 0x0000000080030f28
core   0: 0x000000008000efd0 (0x000097ba) c.add   a5, a4
core   0: 3 0x000000008000efd0 (0x97ba) x15 0x00000000800110dc
core   0: 0x000000008000efd2 (0xfe043703) ld      a4, -32(s0)
core   0: 3 0x000000008000efd2 (0xfe043703) x14 0x00000000800110b8 mem 0x0000000080030f50
core   0: 0x000000008000efd6 (0xfcf76de3) bltu    a4, a5, pc - 38
core   0: 3 0x000000008000efd6 (0xfcf76de3)
core   0: 0x000000008000efb0 (0xfe043783) ld      a5, -32(s0)
core   0: 3 0x000000008000efb0 (0xfe043783) x15 0x00000000800110b8 mem 0x0000000080030f50
core   0: 0x000000008000efb4 (0x00178713) addi    a4, a5, 1
core   0: 3 0x000000008000efb4 (0x00178713) x14 0x00000000800110b9
core   0: 0x000000008000efb8 (0xfee43023) sd      a4, -32(s0)
core   0: 3 0x000000008000efb8 (0xfee43023) mem 0x0000000080030f50 0x00000000800110b9
core   0: 0x000000008000efbc (0xfc442703) lw      a4, -60(s0)
core   0: 3 0x000000008000efbc (0xfc442703) x14 0x0000000000000000 mem 0x0000000080030f34
core   0: 0x000000008000efc0 (0x0ff77713) andi    a4, a4, 255
core   0: 3 0x000000008000efc0 (0x0ff77713) x14 0x0000000000000000
core   0: 0x000000008000efc4 (0x00e78023) sb      a4, 0(a5)
core   0: 3 0x000000008000efc4 (0x00e78023) mem 0x00000000800110b8 0x00
core   0: 0x000000008000efc8 (0xfc843703) ld      a4, -56(s0)
core   0: 3 0x000000008000efc8 (0xfc843703) x14 0x0000000080011040 mem 0x0000000080030f38
core   0: 0x000000008000efcc (0xfb843783) ld      a5, -72(s0)
core   0: 3 0x000000008000efcc (0xfb843783) x15 0x000000000000009c mem 0x0000000080030f28
core   0: 0x000000008000efd0 (0x000097ba) c.add   a5, a4
core   0: 3 0x000000008000efd0 (0x97ba) x15 0x00000000800110dc
core   0: 0x000000008000efd2 (0xfe043703) ld      a4, -32(s0)
core   0: 3 0x000000008000efd2 (0xfe043703) x14 0x00000000800110b9 mem 0x0000000080030f50
core   0: 0x000000008000efd6 (0xfcf76de3) bltu    a4, a5, pc - 38
core   0: 3 0x000000008000efd6 (0xfcf76de3)
core   0: 0x000000008000efb0 (0xfe043783) ld      a5, -32(s0)
core   0: 3 0x000000008000efb0 (0xfe043783) x15 0x00000000800110b9 mem 0x0000000080030f50
core   0: 0x000000008000efb4 (0x00178713) addi    a4, a5, 1
core   0: 3 0x000000008000efb4 (0x00178713) x14 0x00000000800110ba
core   0: 0x000000008000efb8 (0xfee43023) sd      a4, -32(s0)
core   0: 3 0x000000008000efb8 (0xfee43023) mem 0x0000000080030f50 0x00000000800110ba
core   0: 0x000000008000efbc (0xfc442703) lw      a4, -60(s0)
core   0: 3 0x000000008000efbc (0xfc442703) x14 0x0000000000000000 mem 0x0000000080030f34
core   0: 0x000000008000efc0 (0x0ff77713) andi    a4, a4, 255
core   0: 3 0x000000008000efc0 (0x0ff77713) x14 0x0000000000000000
core   0: 0x000000008000efc4 (0x00e78023) sb      a4, 0(a5)
core   0: 3 0x000000008000efc4 (0x00e78023) mem 0x00000000800110b9 0x00
core   0: 0x000000008000efc8 (0xfc843703) ld      a4, -56(s0)
core   0: 3 0x000000008000efc8 (0xfc843703) x14 0x0000000080011040 mem 0x0000000080030f38
core   0: 0x000000008000efcc (0xfb843783) ld      a5, -72(s0)
core   0: 3 0x000000008000efcc (0xfb843783) x15 0x000000000000009c mem 0x0000000080030f28
core   0: 0x000000008000efd0 (0x000097ba) c.add   a5, a4
core   0: 3 0x000000008000efd0 (0x97ba) x15 0x00000000800110dc
core   0: 0x000000008000efd2 (0xfe043703) ld      a4, -32(s0)
core   0: 3 0x000000008000efd2 (0xfe043703) x14 0x00000000800110ba mem 0x0000000080030f50
core   0: 0x000000008000efd6 (0xfcf76de3) bltu    a4, a5, pc - 38
core   0: 3 0x000000008000efd6 (0xfcf76de3)
core   0: 0x000000008000efb0 (0xfe043783) ld      a5, -32(s0)
core   0: 3 0x000000008000efb0 (0xfe043783) x15 0x00000000800110ba mem 0x0000000080030f50
core   0: 0x000000008000efb4 (0x00178713) addi    a4, a5, 1
core   0: 3 0x000000008000efb4 (0x00178713) x14 0x00000000800110bb
core   0: 0x000000008000efb8 (0xfee43023) sd      a4, -32(s0)
core   0: 3 0x000000008000efb8 (0xfee43023) mem 0x0000000080030f50 0x00000000800110bb
core   0: 0x000000008000efbc (0xfc442703) lw      a4, -60(s0)
core   0: 3 0x000000008000efbc (0xfc442703) x14 0x0000000000000000 mem 0x0000000080030f34
core   0: 0x000000008000efc0 (0x0ff77713) andi    a4, a4, 255
core   0: 3 0x000000008000efc0 (0x0ff77713) x14 0x0000000000000000
core   0: 0x000000008000efc4 (0x00e78023) sb      a4, 0(a5)
core   0: 3 0x000000008000efc4 (0x00e78023) mem 0x00000000800110ba 0x00
core   0: 0x000000008000efc8 (0xfc843703) ld      a4, -56(s0)
core   0: 3 0x000000008000efc8 (0xfc843703) x14 0x0000000080011040 mem 0x0000000080030f38
core   0: 0x000000008000efcc (0xfb843783) ld      a5, -72(s0)
core   0: 3 0x000000008000efcc (0xfb843783) x15 0x000000000000009c mem 0x0000000080030f28
core   0: 0x000000008000efd0 (0x000097ba) c.add   a5, a4
core   0: 3 0x000000008000efd0 (0x97ba) x15 0x00000000800110dc
core   0: 0x000000008000efd2 (0xfe043703) ld      a4, -32(s0)
core   0: 3 0x000000008000efd2 (0xfe043703) x14 0x00000000800110bb mem 0x0000000080030f50
core   0: 0x000000008000efd6 (0xfcf76de3) bltu    a4, a5, pc - 38
core   0: 3 0x000000008000efd6 (0xfcf76de3)
core   0: 0x000000008000efb0 (0xfe043783) ld      a5, -32(s0)
core   0: 3 0x000000008000efb0 (0xfe043783) x15 0x00000000800110bb mem 0x0000000080030f50
core   0: 0x000000008000efb4 (0x00178713) addi    a4, a5, 1
core   0: 3 0x000000008000efb4 (0x00178713) x14 0x00000000800110bc
core   0: 0x000000008000efb8 (0xfee43023) sd      a4, -32(s0)
core   0: 3 0x000000008000efb8 (0xfee43023) mem 0x0000000080030f50 0x00000000800110bc
core   0: 0x000000008000efbc (0xfc442703) lw      a4, -60(s0)
core   0: 3 0x000000008000efbc (0xfc442703) x14 0x0000000000000000 mem 0x0000000080030f34
core   0: 0x000000008000efc0 (0x0ff77713) andi    a4, a4, 255
core   0: 3 0x000000008000efc0 (0x0ff77713) x14 0x0000000000000000
core   0: 0x000000008000efc4 (0x00e78023) sb      a4, 0(a5)
core   0: 3 0x000000008000efc4 (0x00e78023) mem 0x00000000800110bb 0x00
core   0: 0x000000008000efc8 (0xfc843703) ld      a4, -56(s0)
core   0: 3 0x000000008000efc8 (0xfc843703) x14 0x0000000080011040 mem 0x0000000080030f38
core   0: 0x000000008000efcc (0xfb843783) ld      a5, -72(s0)
core   0: 3 0x000000008000efcc (0xfb843783) x15 0x000000000000009c mem 0x0000000080030f28
core   0: 0x000000008000efd0 (0x000097ba) c.add   a5, a4
core   0: 3 0x000000008000efd0 (0x97ba) x15 0x00000000800110dc
core   0: 0x000000008000efd2 (0xfe043703) ld      a4, -32(s0)
core   0: 3 0x000000008000efd2 (0xfe043703) x14 0x00000000800110bc mem 0x0000000080030f50
core   0: 0x000000008000efd6 (0xfcf76de3) bltu    a4, a5, pc - 38
core   0: 3 0x000000008000efd6 (0xfcf76de3)
core   0: 0x000000008000efb0 (0xfe043783) ld      a5, -32(s0)
core   0: 3 0x000000008000efb0 (0xfe043783) x15 0x00000000800110bc mem 0x0000000080030f50
core   0: 0x000000008000efb4 (0x00178713) addi    a4, a5, 1
core   0: 3 0x000000008000efb4 (0x00178713) x14 0x00000000800110bd
core   0: 0x000000008000efb8 (0xfee43023) sd      a4, -32(s0)
core   0: 3 0x000000008000efb8 (0xfee43023) mem 0x0000000080030f50 0x00000000800110bd
core   0: 0x000000008000efbc (0xfc442703) lw      a4, -60(s0)
core   0: 3 0x000000008000efbc (0xfc442703) x14 0x0000000000000000 mem 0x0000000080030f34
core   0: 0x000000008000efc0 (0x0ff77713) andi    a4, a4, 255
core   0: 3 0x000000008000efc0 (0x0ff77713) x14 0x0000000000000000
core   0: 0x000000008000efc4 (0x00e78023) sb      a4, 0(a5)
core   0: 3 0x000000008000efc4 (0x00e78023) mem 0x00000000800110bc 0x00
core   0: 0x000000008000efc8 (0xfc843703) ld      a4, -56(s0)
core   0: 3 0x000000008000efc8 (0xfc843703) x14 0x0000000080011040 mem 0x0000000080030f38
core   0: 0x000000008000efcc (0xfb843783) ld      a5, -72(s0)
core   0: 3 0x000000008000efcc (0xfb843783) x15 0x000000000000009c mem 0x0000000080030f28
core   0: 0x000000008000efd0 (0x000097ba) c.add   a5, a4
core   0: 3 0x000000008000efd0 (0x97ba) x15 0x00000000800110dc
core   0: 0x000000008000efd2 (0xfe043703) ld      a4, -32(s0)
core   0: 3 0x000000008000efd2 (0xfe043703) x14 0x00000000800110bd mem 0x0000000080030f50
core   0: 0x000000008000efd6 (0xfcf76de3) bltu    a4, a5, pc - 38
core   0: 3 0x000000008000efd6 (0xfcf76de3)
core   0: 0x000000008000efb0 (0xfe043783) ld      a5, -32(s0)
core   0: 3 0x000000008000efb0 (0xfe043783) x15 0x00000000800110bd mem 0x0000000080030f50
core   0: 0x000000008000efb4 (0x00178713) addi    a4, a5, 1
core   0: 3 0x000000008000efb4 (0x00178713) x14 0x00000000800110be
core   0: 0x000000008000efb8 (0xfee43023) sd      a4, -32(s0)
core   0: 3 0x000000008000efb8 (0xfee43023) mem 0x0000000080030f50 0x00000000800110be
core   0: 0x000000008000efbc (0xfc442703) lw      a4, -60(s0)
core   0: 3 0x000000008000efbc (0xfc442703) x14 0x0000000000000000 mem 0x0000000080030f34
core   0: 0x000000008000efc0 (0x0ff77713) andi    a4, a4, 255
core   0: 3 0x000000008000efc0 (0x0ff77713) x14 0x0000000000000000
core   0: 0x000000008000efc4 (0x00e78023) sb      a4, 0(a5)
core   0: 3 0x000000008000efc4 (0x00e78023) mem 0x00000000800110bd 0x00
core   0: 0x000000008000efc8 (0xfc843703) ld      a4, -56(s0)
core   0: 3 0x000000008000efc8 (0xfc843703) x14 0x0000000080011040 mem 0x0000000080030f38
core   0: 0x000000008000efcc (0xfb843783) ld      a5, -72(s0)
core   0: 3 0x000000008000efcc (0xfb843783) x15 0x000000000000009c mem 0x0000000080030f28
core   0: 0x000000008000efd0 (0x000097ba) c.add   a5, a4
core   0: 3 0x000000008000efd0 (0x97ba) x15 0x00000000800110dc
core   0: 0x000000008000efd2 (0xfe043703) ld      a4, -32(s0)
core   0: 3 0x000000008000efd2 (0xfe043703) x14 0x00000000800110be mem 0x0000000080030f50
core   0: 0x000000008000efd6 (0xfcf76de3) bltu    a4, a5, pc - 38
core   0: 3 0x000000008000efd6 (0xfcf76de3)
core   0: 0x000000008000efb0 (0xfe043783) ld      a5, -32(s0)
core   0: 3 0x000000008000efb0 (0xfe043783) x15 0x00000000800110be mem 0x0000000080030f50
core   0: 0x000000008000efb4 (0x00178713) addi    a4, a5, 1
core   0: 3 0x000000008000efb4 (0x00178713) x14 0x00000000800110bf
core   0: 0x000000008000efb8 (0xfee43023) sd      a4, -32(s0)
core   0: 3 0x000000008000efb8 (0xfee43023) mem 0x0000000080030f50 0x00000000800110bf
core   0: 0x000000008000efbc (0xfc442703) lw      a4, -60(s0)
core   0: 3 0x000000008000efbc (0xfc442703) x14 0x0000000000000000 mem 0x0000000080030f34
core   0: 0x000000008000efc0 (0x0ff77713) andi    a4, a4, 255
core   0: 3 0x000000008000efc0 (0x0ff77713) x14 0x0000000000000000
core   0: 0x000000008000efc4 (0x00e78023) sb      a4, 0(a5)
core   0: 3 0x000000008000efc4 (0x00e78023) mem 0x00000000800110be 0x00
core   0: 0x000000008000efc8 (0xfc843703) ld      a4, -56(s0)
core   0: 3 0x000000008000efc8 (0xfc843703) x14 0x0000000080011040 mem 0x0000000080030f38
core   0: 0x000000008000efcc (0xfb843783) ld      a5, -72(s0)
core   0: 3 0x000000008000efcc (0xfb843783) x15 0x000000000000009c mem 0x0000000080030f28
core   0: 0x000000008000efd0 (0x000097ba) c.add   a5, a4
core   0: 3 0x000000008000efd0 (0x97ba) x15 0x00000000800110dc
core   0: 0x000000008000efd2 (0xfe043703) ld      a4, -32(s0)
core   0: 3 0x000000008000efd2 (0xfe043703) x14 0x00000000800110bf mem 0x0000000080030f50
core   0: 0x000000008000efd6 (0xfcf76de3) bltu    a4, a5, pc - 38
core   0: 3 0x000000008000efd6 (0xfcf76de3)
core   0: 0x000000008000efb0 (0xfe043783) ld      a5, -32(s0)
core   0: 3 0x000000008000efb0 (0xfe043783) x15 0x00000000800110bf mem 0x0000000080030f50
core   0: 0x000000008000efb4 (0x00178713) addi    a4, a5, 1
core   0: 3 0x000000008000efb4 (0x00178713) x14 0x00000000800110c0
core   0: 0x000000008000efb8 (0xfee43023) sd      a4, -32(s0)
core   0: 3 0x000000008000efb8 (0xfee43023) mem 0x0000000080030f50 0x00000000800110c0
core   0: 0x000000008000efbc (0xfc442703) lw      a4, -60(s0)
core   0: 3 0x000000008000efbc (0xfc442703) x14 0x0000000000000000 mem 0x0000000080030f34
core   0: 0x000000008000efc0 (0x0ff77713) andi    a4, a4, 255
core   0: 3 0x000000008000efc0 (0x0ff77713) x14 0x0000000000000000
core   0: 0x000000008000efc4 (0x00e78023) sb      a4, 0(a5)
core   0: 3 0x000000008000efc4 (0x00e78023) mem 0x00000000800110bf 0x00
core   0: 0x000000008000efc8 (0xfc843703) ld      a4, -56(s0)
core   0: 3 0x000000008000efc8 (0xfc843703) x14 0x0000000080011040 mem 0x0000000080030f38
core   0: 0x000000008000efcc (0xfb843783) ld      a5, -72(s0)
core   0: 3 0x000000008000efcc (0xfb843783) x15 0x000000000000009c mem 0x0000000080030f28
core   0: 0x000000008000efd0 (0x000097ba) c.add   a5, a4
core   0: 3 0x000000008000efd0 (0x97ba) x15 0x00000000800110dc
core   0: 0x000000008000efd2 (0xfe043703) ld      a4, -32(s0)
core   0: 3 0x000000008000efd2 (0xfe043703) x14 0x00000000800110c0 mem 0x0000000080030f50
core   0: 0x000000008000efd6 (0xfcf76de3) bltu    a4, a5, pc - 38
core   0: 3 0x000000008000efd6 (0xfcf76de3)
core   0: 0x000000008000efb0 (0xfe043783) ld      a5, -32(s0)
core   0: 3 0x000000008000efb0 (0xfe043783) x15 0x00000000800110c0 mem 0x0000000080030f50
core   0: 0x000000008000efb4 (0x00178713) addi    a4, a5, 1
core   0: 3 0x000000008000efb4 (0x00178713) x14 0x00000000800110c1
core   0: 0x000000008000efb8 (0xfee43023) sd      a4, -32(s0)
core   0: 3 0x000000008000efb8 (0xfee43023) mem 0x0000000080030f50 0x00000000800110c1
core   0: 0x000000008000efbc (0xfc442703) lw      a4, -60(s0)
core   0: 3 0x000000008000efbc (0xfc442703) x14 0x0000000000000000 mem 0x0000000080030f34
core   0: 0x000000008000efc0 (0x0ff77713) andi    a4, a4, 255
core   0: 3 0x000000008000efc0 (0x0ff77713) x14 0x0000000000000000
core   0: 0x000000008000efc4 (0x00e78023) sb      a4, 0(a5)
core   0: 3 0x000000008000efc4 (0x00e78023) mem 0x00000000800110c0 0x00
core   0: 0x000000008000efc8 (0xfc843703) ld      a4, -56(s0)
core   0: 3 0x000000008000efc8 (0xfc843703) x14 0x0000000080011040 mem 0x0000000080030f38
core   0: 0x000000008000efcc (0xfb843783) ld      a5, -72(s0)
core   0: 3 0x000000008000efcc (0xfb843783) x15 0x000000000000009c mem 0x0000000080030f28
core   0: 0x000000008000efd0 (0x000097ba) c.add   a5, a4
core   0: 3 0x000000008000efd0 (0x97ba) x15 0x00000000800110dc
core   0: 0x000000008000efd2 (0xfe043703) ld      a4, -32(s0)
core   0: 3 0x000000008000efd2 (0xfe043703) x14 0x00000000800110c1 mem 0x0000000080030f50
core   0: 0x000000008000efd6 (0xfcf76de3) bltu    a4, a5, pc - 38
core   0: 3 0x000000008000efd6 (0xfcf76de3)
core   0: 0x000000008000efb0 (0xfe043783) ld      a5, -32(s0)
core   0: 3 0x000000008000efb0 (0xfe043783) x15 0x00000000800110c1 mem 0x0000000080030f50
core   0: 0x000000008000efb4 (0x00178713) addi    a4, a5, 1
core   0: 3 0x000000008000efb4 (0x00178713) x14 0x00000000800110c2
core   0: 0x000000008000efb8 (0xfee43023) sd      a4, -32(s0)
core   0: 3 0x000000008000efb8 (0xfee43023) mem 0x0000000080030f50 0x00000000800110c2
core   0: 0x000000008000efbc (0xfc442703) lw      a4, -60(s0)
core   0: 3 0x000000008000efbc (0xfc442703) x14 0x0000000000000000 mem 0x0000000080030f34
core   0: 0x000000008000efc0 (0x0ff77713) andi    a4, a4, 255
core   0: 3 0x000000008000efc0 (0x0ff77713) x14 0x0000000000000000
core   0: 0x000000008000efc4 (0x00e78023) sb      a4, 0(a5)
core   0: 3 0x000000008000efc4 (0x00e78023) mem 0x00000000800110c1 0x00
core   0: 0x000000008000efc8 (0xfc843703) ld      a4, -56(s0)
core   0: 3 0x000000008000efc8 (0xfc843703) x14 0x0000000080011040 mem 0x0000000080030f38
core   0: 0x000000008000efcc (0xfb843783) ld      a5, -72(s0)
core   0: 3 0x000000008000efcc (0xfb843783) x15 0x000000000000009c mem 0x0000000080030f28
core   0: 0x000000008000efd0 (0x000097ba) c.add   a5, a4
core   0: 3 0x000000008000efd0 (0x97ba) x15 0x00000000800110dc
core   0: 0x000000008000efd2 (0xfe043703) ld      a4, -32(s0)
core   0: 3 0x000000008000efd2 (0xfe043703) x14 0x00000000800110c2 mem 0x0000000080030f50
core   0: 0x000000008000efd6 (0xfcf76de3) bltu    a4, a5, pc - 38
core   0: 3 0x000000008000efd6 (0xfcf76de3)
core   0: 0x000000008000efb0 (0xfe043783) ld      a5, -32(s0)
core   0: 3 0x000000008000efb0 (0xfe043783) x15 0x00000000800110c2 mem 0x0000000080030f50
core   0: 0x000000008000efb4 (0x00178713) addi    a4, a5, 1
core   0: 3 0x000000008000efb4 (0x00178713) x14 0x00000000800110c3
core   0: 0x000000008000efb8 (0xfee43023) sd      a4, -32(s0)
core   0: 3 0x000000008000efb8 (0xfee43023) mem 0x0000000080030f50 0x00000000800110c3
core   0: 0x000000008000efbc (0xfc442703) lw      a4, -60(s0)
core   0: 3 0x000000008000efbc (0xfc442703) x14 0x0000000000000000 mem 0x0000000080030f34
core   0: 0x000000008000efc0 (0x0ff77713) andi    a4, a4, 255
core   0: 3 0x000000008000efc0 (0x0ff77713) x14 0x0000000000000000
core   0: 0x000000008000efc4 (0x00e78023) sb      a4, 0(a5)
core   0: 3 0x000000008000efc4 (0x00e78023) mem 0x00000000800110c2 0x00
core   0: 0x000000008000efc8 (0xfc843703) ld      a4, -56(s0)
core   0: 3 0x000000008000efc8 (0xfc843703) x14 0x0000000080011040 mem 0x0000000080030f38
core   0: 0x000000008000efcc (0xfb843783) ld      a5, -72(s0)
core   0: 3 0x000000008000efcc (0xfb843783) x15 0x000000000000009c mem 0x0000000080030f28
core   0: 0x000000008000efd0 (0x000097ba) c.add   a5, a4
core   0: 3 0x000000008000efd0 (0x97ba) x15 0x00000000800110dc
core   0: 0x000000008000efd2 (0xfe043703) ld      a4, -32(s0)
core   0: 3 0x000000008000efd2 (0xfe043703) x14 0x00000000800110c3 mem 0x0000000080030f50
core   0: 0x000000008000efd6 (0xfcf76de3) bltu    a4, a5, pc - 38
core   0: 3 0x000000008000efd6 (0xfcf76de3)
core   0: 0x000000008000efb0 (0xfe043783) ld      a5, -32(s0)
core   0: 3 0x000000008000efb0 (0xfe043783) x15 0x00000000800110c3 mem 0x0000000080030f50
core   0: 0x000000008000efb4 (0x00178713) addi    a4, a5, 1
core   0: 3 0x000000008000efb4 (0x00178713) x14 0x00000000800110c4
core   0: 0x000000008000efb8 (0xfee43023) sd      a4, -32(s0)
core   0: 3 0x000000008000efb8 (0xfee43023) mem 0x0000000080030f50 0x00000000800110c4
core   0: 0x000000008000efbc (0xfc442703) lw      a4, -60(s0)
core   0: 3 0x000000008000efbc (0xfc442703) x14 0x0000000000000000 mem 0x0000000080030f34
core   0: 0x000000008000efc0 (0x0ff77713) andi    a4, a4, 255
core   0: 3 0x000000008000efc0 (0x0ff77713) x14 0x0000000000000000
core   0: 0x000000008000efc4 (0x00e78023) sb      a4, 0(a5)
core   0: 3 0x000000008000efc4 (0x00e78023) mem 0x00000000800110c3 0x00
core   0: 0x000000008000efc8 (0xfc843703) ld      a4, -56(s0)
core   0: 3 0x000000008000efc8 (0xfc843703) x14 0x0000000080011040 mem 0x0000000080030f38
core   0: 0x000000008000efcc (0xfb843783) ld      a5, -72(s0)
core   0: 3 0x000000008000efcc (0xfb843783) x15 0x000000000000009c mem 0x0000000080030f28
core   0: 0x000000008000efd0 (0x000097ba) c.add   a5, a4
core   0: 3 0x000000008000efd0 (0x97ba) x15 0x00000000800110dc
core   0: 0x000000008000efd2 (0xfe043703) ld      a4, -32(s0)
core   0: 3 0x000000008000efd2 (0xfe043703) x14 0x00000000800110c4 mem 0x0000000080030f50
core   0: 0x000000008000efd6 (0xfcf76de3) bltu    a4, a5, pc - 38
core   0: 3 0x000000008000efd6 (0xfcf76de3)
core   0: 0x000000008000efb0 (0xfe043783) ld      a5, -32(s0)
core   0: 3 0x000000008000efb0 (0xfe043783) x15 0x00000000800110c4 mem 0x0000000080030f50
core   0: 0x000000008000efb4 (0x00178713) addi    a4, a5, 1
core   0: 3 0x000000008000efb4 (0x00178713) x14 0x00000000800110c5
core   0: 0x000000008000efb8 (0xfee43023) sd      a4, -32(s0)
core   0: 3 0x000000008000efb8 (0xfee43023) mem 0x0000000080030f50 0x00000000800110c5
core   0: 0x000000008000efbc (0xfc442703) lw      a4, -60(s0)
core   0: 3 0x000000008000efbc (0xfc442703) x14 0x0000000000000000 mem 0x0000000080030f34
core   0: 0x000000008000efc0 (0x0ff77713) andi    a4, a4, 255
core   0: 3 0x000000008000efc0 (0x0ff77713) x14 0x0000000000000000
core   0: 0x000000008000efc4 (0x00e78023) sb      a4, 0(a5)
core   0: 3 0x000000008000efc4 (0x00e78023) mem 0x00000000800110c4 0x00
core   0: 0x000000008000efc8 (0xfc843703) ld      a4, -56(s0)
core   0: 3 0x000000008000efc8 (0xfc843703) x14 0x0000000080011040 mem 0x0000000080030f38
core   0: 0x000000008000efcc (0xfb843783) ld      a5, -72(s0)
core   0: 3 0x000000008000efcc (0xfb843783) x15 0x000000000000009c mem 0x0000000080030f28
core   0: 0x000000008000efd0 (0x000097ba) c.add   a5, a4
core   0: 3 0x000000008000efd0 (0x97ba) x15 0x00000000800110dc
core   0: 0x000000008000efd2 (0xfe043703) ld      a4, -32(s0)
core   0: 3 0x000000008000efd2 (0xfe043703) x14 0x00000000800110c5 mem 0x0000000080030f50
core   0: 0x000000008000efd6 (0xfcf76de3) bltu    a4, a5, pc - 38
core   0: 3 0x000000008000efd6 (0xfcf76de3)
core   0: 0x000000008000efb0 (0xfe043783) ld      a5, -32(s0)
core   0: 3 0x000000008000efb0 (0xfe043783) x15 0x00000000800110c5 mem 0x0000000080030f50
core   0: 0x000000008000efb4 (0x00178713) addi    a4, a5, 1
core   0: 3 0x000000008000efb4 (0x00178713) x14 0x00000000800110c6
core   0: 0x000000008000efb8 (0xfee43023) sd      a4, -32(s0)
core   0: 3 0x000000008000efb8 (0xfee43023) mem 0x0000000080030f50 0x00000000800110c6
core   0: 0x000000008000efbc (0xfc442703) lw      a4, -60(s0)
core   0: 3 0x000000008000efbc (0xfc442703) x14 0x0000000000000000 mem 0x0000000080030f34
core   0: 0x000000008000efc0 (0x0ff77713) andi    a4, a4, 255
core   0: 3 0x000000008000efc0 (0x0ff77713) x14 0x0000000000000000
core   0: 0x000000008000efc4 (0x00e78023) sb      a4, 0(a5)
core   0: 3 0x000000008000efc4 (0x00e78023) mem 0x00000000800110c5 0x00
core   0: 0x000000008000efc8 (0xfc843703) ld      a4, -56(s0)
core   0: 3 0x000000008000efc8 (0xfc843703) x14 0x0000000080011040 mem 0x0000000080030f38
core   0: 0x000000008000efcc (0xfb843783) ld      a5, -72(s0)
core   0: 3 0x000000008000efcc (0xfb843783) x15 0x000000000000009c mem 0x0000000080030f28
core   0: 0x000000008000efd0 (0x000097ba) c.add   a5, a4
core   0: 3 0x000000008000efd0 (0x97ba) x15 0x00000000800110dc
core   0: 0x000000008000efd2 (0xfe043703) ld      a4, -32(s0)
core   0: 3 0x000000008000efd2 (0xfe043703) x14 0x00000000800110c6 mem 0x0000000080030f50
core   0: 0x000000008000efd6 (0xfcf76de3) bltu    a4, a5, pc - 38
core   0: 3 0x000000008000efd6 (0xfcf76de3)
core   0: 0x000000008000efb0 (0xfe043783) ld      a5, -32(s0)
core   0: 3 0x000000008000efb0 (0xfe043783) x15 0x00000000800110c6 mem 0x0000000080030f50
core   0: 0x000000008000efb4 (0x00178713) addi    a4, a5, 1
core   0: 3 0x000000008000efb4 (0x00178713) x14 0x00000000800110c7
core   0: 0x000000008000efb8 (0xfee43023) sd      a4, -32(s0)
core   0: 3 0x000000008000efb8 (0xfee43023) mem 0x0000000080030f50 0x00000000800110c7
core   0: 0x000000008000efbc (0xfc442703) lw      a4, -60(s0)
core   0: 3 0x000000008000efbc (0xfc442703) x14 0x0000000000000000 mem 0x0000000080030f34
core   0: 0x000000008000efc0 (0x0ff77713) andi    a4, a4, 255
core   0: 3 0x000000008000efc0 (0x0ff77713) x14 0x0000000000000000
core   0: 0x000000008000efc4 (0x00e78023) sb      a4, 0(a5)
core   0: 3 0x000000008000efc4 (0x00e78023) mem 0x00000000800110c6 0x00
core   0: 0x000000008000efc8 (0xfc843703) ld      a4, -56(s0)
core   0: 3 0x000000008000efc8 (0xfc843703) x14 0x0000000080011040 mem 0x0000000080030f38
core   0: 0x000000008000efcc (0xfb843783) ld      a5, -72(s0)
core   0: 3 0x000000008000efcc (0xfb843783) x15 0x000000000000009c mem 0x0000000080030f28
core   0: 0x000000008000efd0 (0x000097ba) c.add   a5, a4
core   0: 3 0x000000008000efd0 (0x97ba) x15 0x00000000800110dc
core   0: 0x000000008000efd2 (0xfe043703) ld      a4, -32(s0)
core   0: 3 0x000000008000efd2 (0xfe043703) x14 0x00000000800110c7 mem 0x0000000080030f50
core   0: 0x000000008000efd6 (0xfcf76de3) bltu    a4, a5, pc - 38
core   0: 3 0x000000008000efd6 (0xfcf76de3)
core   0: 0x000000008000efb0 (0xfe043783) ld      a5, -32(s0)
core   0: 3 0x000000008000efb0 (0xfe043783) x15 0x00000000800110c7 mem 0x0000000080030f50
core   0: 0x000000008000efb4 (0x00178713) addi    a4, a5, 1
core   0: 3 0x000000008000efb4 (0x00178713) x14 0x00000000800110c8
core   0: 0x000000008000efb8 (0xfee43023) sd      a4, -32(s0)
core   0: 3 0x000000008000efb8 (0xfee43023) mem 0x0000000080030f50 0x00000000800110c8
core   0: 0x000000008000efbc (0xfc442703) lw      a4, -60(s0)
core   0: 3 0x000000008000efbc (0xfc442703) x14 0x0000000000000000 mem 0x0000000080030f34
core   0: 0x000000008000efc0 (0x0ff77713) andi    a4, a4, 255
core   0: 3 0x000000008000efc0 (0x0ff77713) x14 0x0000000000000000
core   0: 0x000000008000efc4 (0x00e78023) sb      a4, 0(a5)
core   0: 3 0x000000008000efc4 (0x00e78023) mem 0x00000000800110c7 0x00
core   0: 0x000000008000efc8 (0xfc843703) ld      a4, -56(s0)
core   0: 3 0x000000008000efc8 (0xfc843703) x14 0x0000000080011040 mem 0x0000000080030f38
core   0: 0x000000008000efcc (0xfb843783) ld      a5, -72(s0)
core   0: 3 0x000000008000efcc (0xfb843783) x15 0x000000000000009c mem 0x0000000080030f28
core   0: 0x000000008000efd0 (0x000097ba) c.add   a5, a4
core   0: 3 0x000000008000efd0 (0x97ba) x15 0x00000000800110dc
core   0: 0x000000008000efd2 (0xfe043703) ld      a4, -32(s0)
core   0: 3 0x000000008000efd2 (0xfe043703) x14 0x00000000800110c8 mem 0x0000000080030f50
core   0: 0x000000008000efd6 (0xfcf76de3) bltu    a4, a5, pc - 38
core   0: 3 0x000000008000efd6 (0xfcf76de3)
core   0: 0x000000008000efb0 (0xfe043783) ld      a5, -32(s0)
core   0: 3 0x000000008000efb0 (0xfe043783) x15 0x00000000800110c8 mem 0x0000000080030f50
core   0: 0x000000008000efb4 (0x00178713) addi    a4, a5, 1
core   0: 3 0x000000008000efb4 (0x00178713) x14 0x00000000800110c9
core   0: 0x000000008000efb8 (0xfee43023) sd      a4, -32(s0)
core   0: 3 0x000000008000efb8 (0xfee43023) mem 0x0000000080030f50 0x00000000800110c9
core   0: 0x000000008000efbc (0xfc442703) lw      a4, -60(s0)
core   0: 3 0x000000008000efbc (0xfc442703) x14 0x0000000000000000 mem 0x0000000080030f34
core   0: 0x000000008000efc0 (0x0ff77713) andi    a4, a4, 255
core   0: 3 0x000000008000efc0 (0x0ff77713) x14 0x0000000000000000
core   0: 0x000000008000efc4 (0x00e78023) sb      a4, 0(a5)
core   0: 3 0x000000008000efc4 (0x00e78023) mem 0x00000000800110c8 0x00
core   0: 0x000000008000efc8 (0xfc843703) ld      a4, -56(s0)
core   0: 3 0x000000008000efc8 (0xfc843703) x14 0x0000000080011040 mem 0x0000000080030f38
core   0: 0x000000008000efcc (0xfb843783) ld      a5, -72(s0)
core   0: 3 0x000000008000efcc (0xfb843783) x15 0x000000000000009c mem 0x0000000080030f28
core   0: 0x000000008000efd0 (0x000097ba) c.add   a5, a4
core   0: 3 0x000000008000efd0 (0x97ba) x15 0x00000000800110dc
core   0: 0x000000008000efd2 (0xfe043703) ld      a4, -32(s0)
core   0: 3 0x000000008000efd2 (0xfe043703) x14 0x00000000800110c9 mem 0x0000000080030f50
core   0: 0x000000008000efd6 (0xfcf76de3) bltu    a4, a5, pc - 38
core   0: 3 0x000000008000efd6 (0xfcf76de3)
core   0: 0x000000008000efb0 (0xfe043783) ld      a5, -32(s0)
core   0: 3 0x000000008000efb0 (0xfe043783) x15 0x00000000800110c9 mem 0x0000000080030f50
core   0: 0x000000008000efb4 (0x00178713) addi    a4, a5, 1
core   0: 3 0x000000008000efb4 (0x00178713) x14 0x00000000800110ca
core   0: 0x000000008000efb8 (0xfee43023) sd      a4, -32(s0)
core   0: 3 0x000000008000efb8 (0xfee43023) mem 0x0000000080030f50 0x00000000800110ca
core   0: 0x000000008000efbc (0xfc442703) lw      a4, -60(s0)
core   0: 3 0x000000008000efbc (0xfc442703) x14 0x0000000000000000 mem 0x0000000080030f34
core   0: 0x000000008000efc0 (0x0ff77713) andi    a4, a4, 255
core   0: 3 0x000000008000efc0 (0x0ff77713) x14 0x0000000000000000
core   0: 0x000000008000efc4 (0x00e78023) sb      a4, 0(a5)
core   0: 3 0x000000008000efc4 (0x00e78023) mem 0x00000000800110c9 0x00
core   0: 0x000000008000efc8 (0xfc843703) ld      a4, -56(s0)
core   0: 3 0x000000008000efc8 (0xfc843703) x14 0x0000000080011040 mem 0x0000000080030f38
core   0: 0x000000008000efcc (0xfb843783) ld      a5, -72(s0)
core   0: 3 0x000000008000efcc (0xfb843783) x15 0x000000000000009c mem 0x0000000080030f28
core   0: 0x000000008000efd0 (0x000097ba) c.add   a5, a4
core   0: 3 0x000000008000efd0 (0x97ba) x15 0x00000000800110dc
core   0: 0x000000008000efd2 (0xfe043703) ld      a4, -32(s0)
core   0: 3 0x000000008000efd2 (0xfe043703) x14 0x00000000800110ca mem 0x0000000080030f50
core   0: 0x000000008000efd6 (0xfcf76de3) bltu    a4, a5, pc - 38
core   0: 3 0x000000008000efd6 (0xfcf76de3)
core   0: 0x000000008000efb0 (0xfe043783) ld      a5, -32(s0)
core   0: 3 0x000000008000efb0 (0xfe043783) x15 0x00000000800110ca mem 0x0000000080030f50
core   0: 0x000000008000efb4 (0x00178713) addi    a4, a5, 1
core   0: 3 0x000000008000efb4 (0x00178713) x14 0x00000000800110cb
core   0: 0x000000008000efb8 (0xfee43023) sd      a4, -32(s0)
core   0: 3 0x000000008000efb8 (0xfee43023) mem 0x0000000080030f50 0x00000000800110cb
core   0: 0x000000008000efbc (0xfc442703) lw      a4, -60(s0)
core   0: 3 0x000000008000efbc (0xfc442703) x14 0x0000000000000000 mem 0x0000000080030f34
core   0: 0x000000008000efc0 (0x0ff77713) andi    a4, a4, 255
core   0: 3 0x000000008000efc0 (0x0ff77713) x14 0x0000000000000000
core   0: 0x000000008000efc4 (0x00e78023) sb      a4, 0(a5)
core   0: 3 0x000000008000efc4 (0x00e78023) mem 0x00000000800110ca 0x00
core   0: 0x000000008000efc8 (0xfc843703) ld      a4, -56(s0)
core   0: 3 0x000000008000efc8 (0xfc843703) x14 0x0000000080011040 mem 0x0000000080030f38
core   0: 0x000000008000efcc (0xfb843783) ld      a5, -72(s0)
core   0: 3 0x000000008000efcc (0xfb843783) x15 0x000000000000009c mem 0x0000000080030f28
core   0: 0x000000008000efd0 (0x000097ba) c.add   a5, a4
core   0: 3 0x000000008000efd0 (0x97ba) x15 0x00000000800110dc
core   0: 0x000000008000efd2 (0xfe043703) ld      a4, -32(s0)
core   0: 3 0x000000008000efd2 (0xfe043703) x14 0x00000000800110cb mem 0x0000000080030f50
core   0: 0x000000008000efd6 (0xfcf76de3) bltu    a4, a5, pc - 38
core   0: 3 0x000000008000efd6 (0xfcf76de3)
core   0: 0x000000008000efb0 (0xfe043783) ld      a5, -32(s0)
core   0: 3 0x000000008000efb0 (0xfe043783) x15 0x00000000800110cb mem 0x0000000080030f50
core   0: 0x000000008000efb4 (0x00178713) addi    a4, a5, 1
core   0: 3 0x000000008000efb4 (0x00178713) x14 0x00000000800110cc
core   0: 0x000000008000efb8 (0xfee43023) sd      a4, -32(s0)
core   0: 3 0x000000008000efb8 (0xfee43023) mem 0x0000000080030f50 0x00000000800110cc
core   0: 0x000000008000efbc (0xfc442703) lw      a4, -60(s0)
core   0: 3 0x000000008000efbc (0xfc442703) x14 0x0000000000000000 mem 0x0000000080030f34
core   0: 0x000000008000efc0 (0x0ff77713) andi    a4, a4, 255
core   0: 3 0x000000008000efc0 (0x0ff77713) x14 0x0000000000000000
core   0: 0x000000008000efc4 (0x00e78023) sb      a4, 0(a5)
core   0: 3 0x000000008000efc4 (0x00e78023) mem 0x00000000800110cb 0x00
core   0: 0x000000008000efc8 (0xfc843703) ld      a4, -56(s0)
core   0: 3 0x000000008000efc8 (0xfc843703) x14 0x0000000080011040 mem 0x0000000080030f38
core   0: 0x000000008000efcc (0xfb843783) ld      a5, -72(s0)
core   0: 3 0x000000008000efcc (0xfb843783) x15 0x000000000000009c mem 0x0000000080030f28
core   0: 0x000000008000efd0 (0x000097ba) c.add   a5, a4
core   0: 3 0x000000008000efd0 (0x97ba) x15 0x00000000800110dc
core   0: 0x000000008000efd2 (0xfe043703) ld      a4, -32(s0)
core   0: 3 0x000000008000efd2 (0xfe043703) x14 0x00000000800110cc mem 0x0000000080030f50
core   0: 0x000000008000efd6 (0xfcf76de3) bltu    a4, a5, pc - 38
core   0: 3 0x000000008000efd6 (0xfcf76de3)
core   0: 0x000000008000efb0 (0xfe043783) ld      a5, -32(s0)
core   0: 3 0x000000008000efb0 (0xfe043783) x15 0x00000000800110cc mem 0x0000000080030f50
core   0: 0x000000008000efb4 (0x00178713) addi    a4, a5, 1
core   0: 3 0x000000008000efb4 (0x00178713) x14 0x00000000800110cd
core   0: 0x000000008000efb8 (0xfee43023) sd      a4, -32(s0)
core   0: 3 0x000000008000efb8 (0xfee43023) mem 0x0000000080030f50 0x00000000800110cd
core   0: 0x000000008000efbc (0xfc442703) lw      a4, -60(s0)
core   0: 3 0x000000008000efbc (0xfc442703) x14 0x0000000000000000 mem 0x0000000080030f34
core   0: 0x000000008000efc0 (0x0ff77713) andi    a4, a4, 255
core   0: 3 0x000000008000efc0 (0x0ff77713) x14 0x0000000000000000
core   0: 0x000000008000efc4 (0x00e78023) sb      a4, 0(a5)
core   0: 3 0x000000008000efc4 (0x00e78023) mem 0x00000000800110cc 0x00
core   0: 0x000000008000efc8 (0xfc843703) ld      a4, -56(s0)
core   0: 3 0x000000008000efc8 (0xfc843703) x14 0x0000000080011040 mem 0x0000000080030f38
core   0: 0x000000008000efcc (0xfb843783) ld      a5, -72(s0)
core   0: 3 0x000000008000efcc (0xfb843783) x15 0x000000000000009c mem 0x0000000080030f28
core   0: 0x000000008000efd0 (0x000097ba) c.add   a5, a4
core   0: 3 0x000000008000efd0 (0x97ba) x15 0x00000000800110dc
core   0: 0x000000008000efd2 (0xfe043703) ld      a4, -32(s0)
core   0: 3 0x000000008000efd2 (0xfe043703) x14 0x00000000800110cd mem 0x0000000080030f50
core   0: 0x000000008000efd6 (0xfcf76de3) bltu    a4, a5, pc - 38
core   0: 3 0x000000008000efd6 (0xfcf76de3)
core   0: 0x000000008000efb0 (0xfe043783) ld      a5, -32(s0)
core   0: 3 0x000000008000efb0 (0xfe043783) x15 0x00000000800110cd mem 0x0000000080030f50
core   0: 0x000000008000efb4 (0x00178713) addi    a4, a5, 1
core   0: 3 0x000000008000efb4 (0x00178713) x14 0x00000000800110ce
core   0: 0x000000008000efb8 (0xfee43023) sd      a4, -32(s0)
core   0: 3 0x000000008000efb8 (0xfee43023) mem 0x0000000080030f50 0x00000000800110ce
core   0: 0x000000008000efbc (0xfc442703) lw      a4, -60(s0)
core   0: 3 0x000000008000efbc (0xfc442703) x14 0x0000000000000000 mem 0x0000000080030f34
core   0: 0x000000008000efc0 (0x0ff77713) andi    a4, a4, 255
core   0: 3 0x000000008000efc0 (0x0ff77713) x14 0x0000000000000000
core   0: 0x000000008000efc4 (0x00e78023) sb      a4, 0(a5)
core   0: 3 0x000000008000efc4 (0x00e78023) mem 0x00000000800110cd 0x00
core   0: 0x000000008000efc8 (0xfc843703) ld      a4, -56(s0)
core   0: 3 0x000000008000efc8 (0xfc843703) x14 0x0000000080011040 mem 0x0000000080030f38
core   0: 0x000000008000efcc (0xfb843783) ld      a5, -72(s0)
core   0: 3 0x000000008000efcc (0xfb843783) x15 0x000000000000009c mem 0x0000000080030f28
core   0: 0x000000008000efd0 (0x000097ba) c.add   a5, a4
core   0: 3 0x000000008000efd0 (0x97ba) x15 0x00000000800110dc
core   0: 0x000000008000efd2 (0xfe043703) ld      a4, -32(s0)
core   0: 3 0x000000008000efd2 (0xfe043703) x14 0x00000000800110ce mem 0x0000000080030f50
core   0: 0x000000008000efd6 (0xfcf76de3) bltu    a4, a5, pc - 38
core   0: 3 0x000000008000efd6 (0xfcf76de3)
core   0: 0x000000008000efb0 (0xfe043783) ld      a5, -32(s0)
core   0: 3 0x000000008000efb0 (0xfe043783) x15 0x00000000800110ce mem 0x0000000080030f50
core   0: 0x000000008000efb4 (0x00178713) addi    a4, a5, 1
core   0: 3 0x000000008000efb4 (0x00178713) x14 0x00000000800110cf
core   0: 0x000000008000efb8 (0xfee43023) sd      a4, -32(s0)
core   0: 3 0x000000008000efb8 (0xfee43023) mem 0x0000000080030f50 0x00000000800110cf
core   0: 0x000000008000efbc (0xfc442703) lw      a4, -60(s0)
core   0: 3 0x000000008000efbc (0xfc442703) x14 0x0000000000000000 mem 0x0000000080030f34
core   0: 0x000000008000efc0 (0x0ff77713) andi    a4, a4, 255
core   0: 3 0x000000008000efc0 (0x0ff77713) x14 0x0000000000000000
core   0: 0x000000008000efc4 (0x00e78023) sb      a4, 0(a5)
core   0: 3 0x000000008000efc4 (0x00e78023) mem 0x00000000800110ce 0x00
core   0: 0x000000008000efc8 (0xfc843703) ld      a4, -56(s0)
core   0: 3 0x000000008000efc8 (0xfc843703) x14 0x0000000080011040 mem 0x0000000080030f38
core   0: 0x000000008000efcc (0xfb843783) ld      a5, -72(s0)
core   0: 3 0x000000008000efcc (0xfb843783) x15 0x000000000000009c mem 0x0000000080030f28
core   0: 0x000000008000efd0 (0x000097ba) c.add   a5, a4
core   0: 3 0x000000008000efd0 (0x97ba) x15 0x00000000800110dc
core   0: 0x000000008000efd2 (0xfe043703) ld      a4, -32(s0)
core   0: 3 0x000000008000efd2 (0xfe043703) x14 0x00000000800110cf mem 0x0000000080030f50
core   0: 0x000000008000efd6 (0xfcf76de3) bltu    a4, a5, pc - 38
core   0: 3 0x000000008000efd6 (0xfcf76de3)
core   0: 0x000000008000efb0 (0xfe043783) ld      a5, -32(s0)
core   0: 3 0x000000008000efb0 (0xfe043783) x15 0x00000000800110cf mem 0x0000000080030f50
core   0: 0x000000008000efb4 (0x00178713) addi    a4, a5, 1
core   0: 3 0x000000008000efb4 (0x00178713) x14 0x00000000800110d0
core   0: 0x000000008000efb8 (0xfee43023) sd      a4, -32(s0)
core   0: 3 0x000000008000efb8 (0xfee43023) mem 0x0000000080030f50 0x00000000800110d0
core   0: 0x000000008000efbc (0xfc442703) lw      a4, -60(s0)
core   0: 3 0x000000008000efbc (0xfc442703) x14 0x0000000000000000 mem 0x0000000080030f34
core   0: 0x000000008000efc0 (0x0ff77713) andi    a4, a4, 255
core   0: 3 0x000000008000efc0 (0x0ff77713) x14 0x0000000000000000
core   0: 0x000000008000efc4 (0x00e78023) sb      a4, 0(a5)
core   0: 3 0x000000008000efc4 (0x00e78023) mem 0x00000000800110cf 0x00
core   0: 0x000000008000efc8 (0xfc843703) ld      a4, -56(s0)
core   0: 3 0x000000008000efc8 (0xfc843703) x14 0x0000000080011040 mem 0x0000000080030f38
core   0: 0x000000008000efcc (0xfb843783) ld      a5, -72(s0)
core   0: 3 0x000000008000efcc (0xfb843783) x15 0x000000000000009c mem 0x0000000080030f28
core   0: 0x000000008000efd0 (0x000097ba) c.add   a5, a4
core   0: 3 0x000000008000efd0 (0x97ba) x15 0x00000000800110dc
core   0: 0x000000008000efd2 (0xfe043703) ld      a4, -32(s0)
core   0: 3 0x000000008000efd2 (0xfe043703) x14 0x00000000800110d0 mem 0x0000000080030f50
core   0: 0x000000008000efd6 (0xfcf76de3) bltu    a4, a5, pc - 38
core   0: 3 0x000000008000efd6 (0xfcf76de3)
core   0: 0x000000008000efb0 (0xfe043783) ld      a5, -32(s0)
core   0: 3 0x000000008000efb0 (0xfe043783) x15 0x00000000800110d0 mem 0x0000000080030f50
core   0: 0x000000008000efb4 (0x00178713) addi    a4, a5, 1
core   0: 3 0x000000008000efb4 (0x00178713) x14 0x00000000800110d1
core   0: 0x000000008000efb8 (0xfee43023) sd      a4, -32(s0)
core   0: 3 0x000000008000efb8 (0xfee43023) mem 0x0000000080030f50 0x00000000800110d1
core   0: 0x000000008000efbc (0xfc442703) lw      a4, -60(s0)
core   0: 3 0x000000008000efbc (0xfc442703) x14 0x0000000000000000 mem 0x0000000080030f34
core   0: 0x000000008000efc0 (0x0ff77713) andi    a4, a4, 255
core   0: 3 0x000000008000efc0 (0x0ff77713) x14 0x0000000000000000
core   0: 0x000000008000efc4 (0x00e78023) sb      a4, 0(a5)
core   0: 3 0x000000008000efc4 (0x00e78023) mem 0x00000000800110d0 0x00
core   0: 0x000000008000efc8 (0xfc843703) ld      a4, -56(s0)
core   0: 3 0x000000008000efc8 (0xfc843703) x14 0x0000000080011040 mem 0x0000000080030f38
core   0: 0x000000008000efcc (0xfb843783) ld      a5, -72(s0)
core   0: 3 0x000000008000efcc (0xfb843783) x15 0x000000000000009c mem 0x0000000080030f28
core   0: 0x000000008000efd0 (0x000097ba) c.add   a5, a4
core   0: 3 0x000000008000efd0 (0x97ba) x15 0x00000000800110dc
core   0: 0x000000008000efd2 (0xfe043703) ld      a4, -32(s0)
core   0: 3 0x000000008000efd2 (0xfe043703) x14 0x00000000800110d1 mem 0x0000000080030f50
core   0: 0x000000008000efd6 (0xfcf76de3) bltu    a4, a5, pc - 38
core   0: 3 0x000000008000efd6 (0xfcf76de3)
core   0: 0x000000008000efb0 (0xfe043783) ld      a5, -32(s0)
core   0: 3 0x000000008000efb0 (0xfe043783) x15 0x00000000800110d1 mem 0x0000000080030f50
core   0: 0x000000008000efb4 (0x00178713) addi    a4, a5, 1
core   0: 3 0x000000008000efb4 (0x00178713) x14 0x00000000800110d2
core   0: 0x000000008000efb8 (0xfee43023) sd      a4, -32(s0)
core   0: 3 0x000000008000efb8 (0xfee43023) mem 0x0000000080030f50 0x00000000800110d2
core   0: 0x000000008000efbc (0xfc442703) lw      a4, -60(s0)
core   0: 3 0x000000008000efbc (0xfc442703) x14 0x0000000000000000 mem 0x0000000080030f34
core   0: 0x000000008000efc0 (0x0ff77713) andi    a4, a4, 255
core   0: 3 0x000000008000efc0 (0x0ff77713) x14 0x0000000000000000
core   0: 0x000000008000efc4 (0x00e78023) sb      a4, 0(a5)
core   0: 3 0x000000008000efc4 (0x00e78023) mem 0x00000000800110d1 0x00
core   0: 0x000000008000efc8 (0xfc843703) ld      a4, -56(s0)
core   0: 3 0x000000008000efc8 (0xfc843703) x14 0x0000000080011040 mem 0x0000000080030f38
core   0: 0x000000008000efcc (0xfb843783) ld      a5, -72(s0)
core   0: 3 0x000000008000efcc (0xfb843783) x15 0x000000000000009c mem 0x0000000080030f28
core   0: 0x000000008000efd0 (0x000097ba) c.add   a5, a4
core   0: 3 0x000000008000efd0 (0x97ba) x15 0x00000000800110dc
core   0: 0x000000008000efd2 (0xfe043703) ld      a4, -32(s0)
core   0: 3 0x000000008000efd2 (0xfe043703) x14 0x00000000800110d2 mem 0x0000000080030f50
core   0: 0x000000008000efd6 (0xfcf76de3) bltu    a4, a5, pc - 38
core   0: 3 0x000000008000efd6 (0xfcf76de3)
core   0: 0x000000008000efb0 (0xfe043783) ld      a5, -32(s0)
core   0: 3 0x000000008000efb0 (0xfe043783) x15 0x00000000800110d2 mem 0x0000000080030f50
core   0: 0x000000008000efb4 (0x00178713) addi    a4, a5, 1
core   0: 3 0x000000008000efb4 (0x00178713) x14 0x00000000800110d3
core   0: 0x000000008000efb8 (0xfee43023) sd      a4, -32(s0)
core   0: 3 0x000000008000efb8 (0xfee43023) mem 0x0000000080030f50 0x00000000800110d3
core   0: 0x000000008000efbc (0xfc442703) lw      a4, -60(s0)
core   0: 3 0x000000008000efbc (0xfc442703) x14 0x0000000000000000 mem 0x0000000080030f34
core   0: 0x000000008000efc0 (0x0ff77713) andi    a4, a4, 255
core   0: 3 0x000000008000efc0 (0x0ff77713) x14 0x0000000000000000
core   0: 0x000000008000efc4 (0x00e78023) sb      a4, 0(a5)
core   0: 3 0x000000008000efc4 (0x00e78023) mem 0x00000000800110d2 0x00
core   0: 0x000000008000efc8 (0xfc843703) ld      a4, -56(s0)
core   0: 3 0x000000008000efc8 (0xfc843703) x14 0x0000000080011040 mem 0x0000000080030f38
core   0: 0x000000008000efcc (0xfb843783) ld      a5, -72(s0)
core   0: 3 0x000000008000efcc (0xfb843783) x15 0x000000000000009c mem 0x0000000080030f28
core   0: 0x000000008000efd0 (0x000097ba) c.add   a5, a4
core   0: 3 0x000000008000efd0 (0x97ba) x15 0x00000000800110dc
core   0: 0x000000008000efd2 (0xfe043703) ld      a4, -32(s0)
core   0: 3 0x000000008000efd2 (0xfe043703) x14 0x00000000800110d3 mem 0x0000000080030f50
core   0: 0x000000008000efd6 (0xfcf76de3) bltu    a4, a5, pc - 38
core   0: 3 0x000000008000efd6 (0xfcf76de3)
core   0: 0x000000008000efb0 (0xfe043783) ld      a5, -32(s0)
core   0: 3 0x000000008000efb0 (0xfe043783) x15 0x00000000800110d3 mem 0x0000000080030f50
core   0: 0x000000008000efb4 (0x00178713) addi    a4, a5, 1
core   0: 3 0x000000008000efb4 (0x00178713) x14 0x00000000800110d4
core   0: 0x000000008000efb8 (0xfee43023) sd      a4, -32(s0)
core   0: 3 0x000000008000efb8 (0xfee43023) mem 0x0000000080030f50 0x00000000800110d4
core   0: 0x000000008000efbc (0xfc442703) lw      a4, -60(s0)
core   0: 3 0x000000008000efbc (0xfc442703) x14 0x0000000000000000 mem 0x0000000080030f34
core   0: 0x000000008000efc0 (0x0ff77713) andi    a4, a4, 255
core   0: 3 0x000000008000efc0 (0x0ff77713) x14 0x0000000000000000
core   0: 0x000000008000efc4 (0x00e78023) sb      a4, 0(a5)
core   0: 3 0x000000008000efc4 (0x00e78023) mem 0x00000000800110d3 0x00
core   0: 0x000000008000efc8 (0xfc843703) ld      a4, -56(s0)
core   0: 3 0x000000008000efc8 (0xfc843703) x14 0x0000000080011040 mem 0x0000000080030f38
core   0: 0x000000008000efcc (0xfb843783) ld      a5, -72(s0)
core   0: 3 0x000000008000efcc (0xfb843783) x15 0x000000000000009c mem 0x0000000080030f28
core   0: 0x000000008000efd0 (0x000097ba) c.add   a5, a4
core   0: 3 0x000000008000efd0 (0x97ba) x15 0x00000000800110dc
core   0: 0x000000008000efd2 (0xfe043703) ld      a4, -32(s0)
core   0: 3 0x000000008000efd2 (0xfe043703) x14 0x00000000800110d4 mem 0x0000000080030f50
core   0: 0x000000008000efd6 (0xfcf76de3) bltu    a4, a5, pc - 38
core   0: 3 0x000000008000efd6 (0xfcf76de3)
core   0: 0x000000008000efb0 (0xfe043783) ld      a5, -32(s0)
core   0: 3 0x000000008000efb0 (0xfe043783) x15 0x00000000800110d4 mem 0x0000000080030f50
core   0: 0x000000008000efb4 (0x00178713) addi    a4, a5, 1
core   0: 3 0x000000008000efb4 (0x00178713) x14 0x00000000800110d5
core   0: 0x000000008000efb8 (0xfee43023) sd      a4, -32(s0)
core   0: 3 0x000000008000efb8 (0xfee43023) mem 0x0000000080030f50 0x00000000800110d5
core   0: 0x000000008000efbc (0xfc442703) lw      a4, -60(s0)
core   0: 3 0x000000008000efbc (0xfc442703) x14 0x0000000000000000 mem 0x0000000080030f34
core   0: 0x000000008000efc0 (0x0ff77713) andi    a4, a4, 255
core   0: 3 0x000000008000efc0 (0x0ff77713) x14 0x0000000000000000
core   0: 0x000000008000efc4 (0x00e78023) sb      a4, 0(a5)
core   0: 3 0x000000008000efc4 (0x00e78023) mem 0x00000000800110d4 0x00
core   0: 0x000000008000efc8 (0xfc843703) ld      a4, -56(s0)
core   0: 3 0x000000008000efc8 (0xfc843703) x14 0x0000000080011040 mem 0x0000000080030f38
core   0: 0x000000008000efcc (0xfb843783) ld      a5, -72(s0)
core   0: 3 0x000000008000efcc (0xfb843783) x15 0x000000000000009c mem 0x0000000080030f28
core   0: 0x000000008000efd0 (0x000097ba) c.add   a5, a4
core   0: 3 0x000000008000efd0 (0x97ba) x15 0x00000000800110dc
core   0: 0x000000008000efd2 (0xfe043703) ld      a4, -32(s0)
core   0: 3 0x000000008000efd2 (0xfe043703) x14 0x00000000800110d5 mem 0x0000000080030f50
core   0: 0x000000008000efd6 (0xfcf76de3) bltu    a4, a5, pc - 38
core   0: 3 0x000000008000efd6 (0xfcf76de3)
core   0: 0x000000008000efb0 (0xfe043783) ld      a5, -32(s0)
core   0: 3 0x000000008000efb0 (0xfe043783) x15 0x00000000800110d5 mem 0x0000000080030f50
core   0: 0x000000008000efb4 (0x00178713) addi    a4, a5, 1
core   0: 3 0x000000008000efb4 (0x00178713) x14 0x00000000800110d6
core   0: 0x000000008000efb8 (0xfee43023) sd      a4, -32(s0)
core   0: 3 0x000000008000efb8 (0xfee43023) mem 0x0000000080030f50 0x00000000800110d6
core   0: 0x000000008000efbc (0xfc442703) lw      a4, -60(s0)
core   0: 3 0x000000008000efbc (0xfc442703) x14 0x0000000000000000 mem 0x0000000080030f34
core   0: 0x000000008000efc0 (0x0ff77713) andi    a4, a4, 255
core   0: 3 0x000000008000efc0 (0x0ff77713) x14 0x0000000000000000
core   0: 0x000000008000efc4 (0x00e78023) sb      a4, 0(a5)
core   0: 3 0x000000008000efc4 (0x00e78023) mem 0x00000000800110d5 0x00
core   0: 0x000000008000efc8 (0xfc843703) ld      a4, -56(s0)
core   0: 3 0x000000008000efc8 (0xfc843703) x14 0x0000000080011040 mem 0x0000000080030f38
core   0: 0x000000008000efcc (0xfb843783) ld      a5, -72(s0)
core   0: 3 0x000000008000efcc (0xfb843783) x15 0x000000000000009c mem 0x0000000080030f28
core   0: 0x000000008000efd0 (0x000097ba) c.add   a5, a4
core   0: 3 0x000000008000efd0 (0x97ba) x15 0x00000000800110dc
core   0: 0x000000008000efd2 (0xfe043703) ld      a4, -32(s0)
core   0: 3 0x000000008000efd2 (0xfe043703) x14 0x00000000800110d6 mem 0x0000000080030f50
core   0: 0x000000008000efd6 (0xfcf76de3) bltu    a4, a5, pc - 38
core   0: 3 0x000000008000efd6 (0xfcf76de3)
core   0: 0x000000008000efb0 (0xfe043783) ld      a5, -32(s0)
core   0: 3 0x000000008000efb0 (0xfe043783) x15 0x00000000800110d6 mem 0x0000000080030f50
core   0: 0x000000008000efb4 (0x00178713) addi    a4, a5, 1
core   0: 3 0x000000008000efb4 (0x00178713) x14 0x00000000800110d7
core   0: 0x000000008000efb8 (0xfee43023) sd      a4, -32(s0)
core   0: 3 0x000000008000efb8 (0xfee43023) mem 0x0000000080030f50 0x00000000800110d7
core   0: 0x000000008000efbc (0xfc442703) lw      a4, -60(s0)
core   0: 3 0x000000008000efbc (0xfc442703) x14 0x0000000000000000 mem 0x0000000080030f34
core   0: 0x000000008000efc0 (0x0ff77713) andi    a4, a4, 255
core   0: 3 0x000000008000efc0 (0x0ff77713) x14 0x0000000000000000
core   0: 0x000000008000efc4 (0x00e78023) sb      a4, 0(a5)
core   0: 3 0x000000008000efc4 (0x00e78023) mem 0x00000000800110d6 0x00
core   0: 0x000000008000efc8 (0xfc843703) ld      a4, -56(s0)
core   0: 3 0x000000008000efc8 (0xfc843703) x14 0x0000000080011040 mem 0x0000000080030f38
core   0: 0x000000008000efcc (0xfb843783) ld      a5, -72(s0)
core   0: 3 0x000000008000efcc (0xfb843783) x15 0x000000000000009c mem 0x0000000080030f28
core   0: 0x000000008000efd0 (0x000097ba) c.add   a5, a4
core   0: 3 0x000000008000efd0 (0x97ba) x15 0x00000000800110dc
core   0: 0x000000008000efd2 (0xfe043703) ld      a4, -32(s0)
core   0: 3 0x000000008000efd2 (0xfe043703) x14 0x00000000800110d7 mem 0x0000000080030f50
core   0: 0x000000008000efd6 (0xfcf76de3) bltu    a4, a5, pc - 38
core   0: 3 0x000000008000efd6 (0xfcf76de3)
core   0: 0x000000008000efb0 (0xfe043783) ld      a5, -32(s0)
core   0: 3 0x000000008000efb0 (0xfe043783) x15 0x00000000800110d7 mem 0x0000000080030f50
core   0: 0x000000008000efb4 (0x00178713) addi    a4, a5, 1
core   0: 3 0x000000008000efb4 (0x00178713) x14 0x00000000800110d8
core   0: 0x000000008000efb8 (0xfee43023) sd      a4, -32(s0)
core   0: 3 0x000000008000efb8 (0xfee43023) mem 0x0000000080030f50 0x00000000800110d8
core   0: 0x000000008000efbc (0xfc442703) lw      a4, -60(s0)
core   0: 3 0x000000008000efbc (0xfc442703) x14 0x0000000000000000 mem 0x0000000080030f34
core   0: 0x000000008000efc0 (0x0ff77713) andi    a4, a4, 255
core   0: 3 0x000000008000efc0 (0x0ff77713) x14 0x0000000000000000
core   0: 0x000000008000efc4 (0x00e78023) sb      a4, 0(a5)
core   0: 3 0x000000008000efc4 (0x00e78023) mem 0x00000000800110d7 0x00
core   0: 0x000000008000efc8 (0xfc843703) ld      a4, -56(s0)
core   0: 3 0x000000008000efc8 (0xfc843703) x14 0x0000000080011040 mem 0x0000000080030f38
core   0: 0x000000008000efcc (0xfb843783) ld      a5, -72(s0)
core   0: 3 0x000000008000efcc (0xfb843783) x15 0x000000000000009c mem 0x0000000080030f28
core   0: 0x000000008000efd0 (0x000097ba) c.add   a5, a4
core   0: 3 0x000000008000efd0 (0x97ba) x15 0x00000000800110dc
core   0: 0x000000008000efd2 (0xfe043703) ld      a4, -32(s0)
core   0: 3 0x000000008000efd2 (0xfe043703) x14 0x00000000800110d8 mem 0x0000000080030f50
core   0: 0x000000008000efd6 (0xfcf76de3) bltu    a4, a5, pc - 38
core   0: 3 0x000000008000efd6 (0xfcf76de3)
core   0: 0x000000008000efb0 (0xfe043783) ld      a5, -32(s0)
core   0: 3 0x000000008000efb0 (0xfe043783) x15 0x00000000800110d8 mem 0x0000000080030f50
core   0: 0x000000008000efb4 (0x00178713) addi    a4, a5, 1
core   0: 3 0x000000008000efb4 (0x00178713) x14 0x00000000800110d9
core   0: 0x000000008000efb8 (0xfee43023) sd      a4, -32(s0)
core   0: 3 0x000000008000efb8 (0xfee43023) mem 0x0000000080030f50 0x00000000800110d9
core   0: 0x000000008000efbc (0xfc442703) lw      a4, -60(s0)
core   0: 3 0x000000008000efbc (0xfc442703) x14 0x0000000000000000 mem 0x0000000080030f34
core   0: 0x000000008000efc0 (0x0ff77713) andi    a4, a4, 255
core   0: 3 0x000000008000efc0 (0x0ff77713) x14 0x0000000000000000
core   0: 0x000000008000efc4 (0x00e78023) sb      a4, 0(a5)
core   0: 3 0x000000008000efc4 (0x00e78023) mem 0x00000000800110d8 0x00
core   0: 0x000000008000efc8 (0xfc843703) ld      a4, -56(s0)
core   0: 3 0x000000008000efc8 (0xfc843703) x14 0x0000000080011040 mem 0x0000000080030f38
core   0: 0x000000008000efcc (0xfb843783) ld      a5, -72(s0)
core   0: 3 0x000000008000efcc (0xfb843783) x15 0x000000000000009c mem 0x0000000080030f28
core   0: 0x000000008000efd0 (0x000097ba) c.add   a5, a4
core   0: 3 0x000000008000efd0 (0x97ba) x15 0x00000000800110dc
core   0: 0x000000008000efd2 (0xfe043703) ld      a4, -32(s0)
core   0: 3 0x000000008000efd2 (0xfe043703) x14 0x00000000800110d9 mem 0x0000000080030f50
core   0: 0x000000008000efd6 (0xfcf76de3) bltu    a4, a5, pc - 38
core   0: 3 0x000000008000efd6 (0xfcf76de3)
core   0: 0x000000008000efb0 (0xfe043783) ld      a5, -32(s0)
core   0: 3 0x000000008000efb0 (0xfe043783) x15 0x00000000800110d9 mem 0x0000000080030f50
core   0: 0x000000008000efb4 (0x00178713) addi    a4, a5, 1
core   0: 3 0x000000008000efb4 (0x00178713) x14 0x00000000800110da
core   0: 0x000000008000efb8 (0xfee43023) sd      a4, -32(s0)
core   0: 3 0x000000008000efb8 (0xfee43023) mem 0x0000000080030f50 0x00000000800110da
core   0: 0x000000008000efbc (0xfc442703) lw      a4, -60(s0)
core   0: 3 0x000000008000efbc (0xfc442703) x14 0x0000000000000000 mem 0x0000000080030f34
core   0: 0x000000008000efc0 (0x0ff77713) andi    a4, a4, 255
core   0: 3 0x000000008000efc0 (0x0ff77713) x14 0x0000000000000000
core   0: 0x000000008000efc4 (0x00e78023) sb      a4, 0(a5)
core   0: 3 0x000000008000efc4 (0x00e78023) mem 0x00000000800110d9 0x00
core   0: 0x000000008000efc8 (0xfc843703) ld      a4, -56(s0)
core   0: 3 0x000000008000efc8 (0xfc843703) x14 0x0000000080011040 mem 0x0000000080030f38
core   0: 0x000000008000efcc (0xfb843783) ld      a5, -72(s0)
core   0: 3 0x000000008000efcc (0xfb843783) x15 0x000000000000009c mem 0x0000000080030f28
core   0: 0x000000008000efd0 (0x000097ba) c.add   a5, a4
core   0: 3 0x000000008000efd0 (0x97ba) x15 0x00000000800110dc
core   0: 0x000000008000efd2 (0xfe043703) ld      a4, -32(s0)
core   0: 3 0x000000008000efd2 (0xfe043703) x14 0x00000000800110da mem 0x0000000080030f50
core   0: 0x000000008000efd6 (0xfcf76de3) bltu    a4, a5, pc - 38
core   0: 3 0x000000008000efd6 (0xfcf76de3)
core   0: 0x000000008000efb0 (0xfe043783) ld      a5, -32(s0)
core   0: 3 0x000000008000efb0 (0xfe043783) x15 0x00000000800110da mem 0x0000000080030f50
core   0: 0x000000008000efb4 (0x00178713) addi    a4, a5, 1
core   0: 3 0x000000008000efb4 (0x00178713) x14 0x00000000800110db
core   0: 0x000000008000efb8 (0xfee43023) sd      a4, -32(s0)
core   0: 3 0x000000008000efb8 (0xfee43023) mem 0x0000000080030f50 0x00000000800110db
core   0: 0x000000008000efbc (0xfc442703) lw      a4, -60(s0)
core   0: 3 0x000000008000efbc (0xfc442703) x14 0x0000000000000000 mem 0x0000000080030f34
core   0: 0x000000008000efc0 (0x0ff77713) andi    a4, a4, 255
core   0: 3 0x000000008000efc0 (0x0ff77713) x14 0x0000000000000000
core   0: 0x000000008000efc4 (0x00e78023) sb      a4, 0(a5)
core   0: 3 0x000000008000efc4 (0x00e78023) mem 0x00000000800110da 0x00
core   0: 0x000000008000efc8 (0xfc843703) ld      a4, -56(s0)
core   0: 3 0x000000008000efc8 (0xfc843703) x14 0x0000000080011040 mem 0x0000000080030f38
core   0: 0x000000008000efcc (0xfb843783) ld      a5, -72(s0)
core   0: 3 0x000000008000efcc (0xfb843783) x15 0x000000000000009c mem 0x0000000080030f28
core   0: 0x000000008000efd0 (0x000097ba) c.add   a5, a4
core   0: 3 0x000000008000efd0 (0x97ba) x15 0x00000000800110dc
core   0: 0x000000008000efd2 (0xfe043703) ld      a4, -32(s0)
core   0: 3 0x000000008000efd2 (0xfe043703) x14 0x00000000800110db mem 0x0000000080030f50
core   0: 0x000000008000efd6 (0xfcf76de3) bltu    a4, a5, pc - 38
core   0: 3 0x000000008000efd6 (0xfcf76de3)
core   0: 0x000000008000efb0 (0xfe043783) ld      a5, -32(s0)
core   0: 3 0x000000008000efb0 (0xfe043783) x15 0x00000000800110db mem 0x0000000080030f50
core   0: 0x000000008000efb4 (0x00178713) addi    a4, a5, 1
core   0: 3 0x000000008000efb4 (0x00178713) x14 0x00000000800110dc
core   0: 0x000000008000efb8 (0xfee43023) sd      a4, -32(s0)
core   0: 3 0x000000008000efb8 (0xfee43023) mem 0x0000000080030f50 0x00000000800110dc
core   0: 0x000000008000efbc (0xfc442703) lw      a4, -60(s0)
core   0: 3 0x000000008000efbc (0xfc442703) x14 0x0000000000000000 mem 0x0000000080030f34
core   0: 0x000000008000efc0 (0x0ff77713) andi    a4, a4, 255
core   0: 3 0x000000008000efc0 (0x0ff77713) x14 0x0000000000000000
core   0: 0x000000008000efc4 (0x00e78023) sb      a4, 0(a5)
core   0: 3 0x000000008000efc4 (0x00e78023) mem 0x00000000800110db 0x00
core   0: 0x000000008000efc8 (0xfc843703) ld      a4, -56(s0)
core   0: 3 0x000000008000efc8 (0xfc843703) x14 0x0000000080011040 mem 0x0000000080030f38
core   0: 0x000000008000efcc (0xfb843783) ld      a5, -72(s0)
core   0: 3 0x000000008000efcc (0xfb843783) x15 0x000000000000009c mem 0x0000000080030f28
core   0: 0x000000008000efd0 (0x000097ba) c.add   a5, a4
core   0: 3 0x000000008000efd0 (0x97ba) x15 0x00000000800110dc
core   0: 0x000000008000efd2 (0xfe043703) ld      a4, -32(s0)
core   0: 3 0x000000008000efd2 (0xfe043703) x14 0x00000000800110dc mem 0x0000000080030f50
core   0: 0x000000008000efd6 (0xfcf76de3) bltu    a4, a5, pc - 38
core   0: 3 0x000000008000efd6 (0xfcf76de3)
core   0: 0x000000008000efda (0xfc843783) ld      a5, -56(s0)
core   0: 3 0x000000008000efda (0xfc843783) x15 0x0000000080011040 mem 0x0000000080030f38
core   0: 0x000000008000efde (0x0000853e) c.mv    a0, a5
core   0: 3 0x000000008000efde (0x853e) x10 0x0000000080011040
core   0: 0x000000008000efe0 (0x00006426) c.ldsp  s0, 72(sp)
core   0: 3 0x000000008000efe0 (0x6426) x8  0x0000000080030f90 mem 0x0000000080030f68
core   0: 0x000000008000efe2 (0x00006161) c.addi16sp sp, 80
core   0: 3 0x000000008000efe2 (0x6161) x2  0x0000000080030f70
core   0: 0x000000008000efe4 (0x00008082) ret
core   0: 3 0x000000008000efe4 (0x8082)
core   0: 0x000000008000e598 (0x00000001) c.nop
core   0: 3 0x000000008000e598 (0x0001)
core   0: 0x000000008000e59a (0x000060e2) c.ldsp  ra, 24(sp)
core   0: 3 0x000000008000e59a (0x60e2) x1  0x000000008000e5d8 mem 0x0000000080030f88
core   0: 0x000000008000e59c (0x00006442) c.ldsp  s0, 16(sp)
core   0: 3 0x000000008000e59c (0x6442) x8  0x0000000080031040 mem 0x0000000080030f80
core   0: 0x000000008000e59e (0x00006105) c.addi16sp sp, 32
core   0: 3 0x000000008000e59e (0x6105) x2  0x0000000080030f90
core   0: 0x000000008000e5a0 (0x00008082) ret
core   0: 3 0x000000008000e5a0 (0x8082)
core   0: 0x000000008000e5d8 (0xf5842703) lw      a4, -168(s0)
core   0: 3 0x000000008000e5d8 (0xf5842703) x14 0x0000000000000001 mem 0x0000000080030f98
core   0: 0x000000008000e5dc (0xf5c42783) lw      a5, -164(s0)
core   0: 3 0x000000008000e5dc (0xf5c42783) x15 0x0000000000000000 mem 0x0000000080030f9c
core   0: 0x000000008000e5e0 (0x000085ba) c.mv    a1, a4
core   0: 3 0x000000008000e5e0 (0x85ba) x11 0x0000000000000001
core   0: 0x000000008000e5e2 (0x0000853e) c.mv    a0, a5
core   0: 3 0x000000008000e5e2 (0x853e) x10 0x0000000000000000
core   0: 0x000000008000e5e4 (0xf03ff0ef) jal     pc - 0xfe
core   0: 3 0x000000008000e5e4 (0xf03ff0ef) x1  0x000000008000e5e8
core   0: >>>>  thread_entry
core   0: 0x000000008000e4e6 (0x00001101) c.addi  sp, -32
core   0: 3 0x000000008000e4e6 (0x1101) x2  0x0000000080030f70
core   0: 0x000000008000e4e8 (0x0000ec22) c.sdsp  s0, 24(sp)
core   0: 3 0x000000008000e4e8 (0xec22) mem 0x0000000080030f88 0x0000000080031040
core   0: 0x000000008000e4ea (0x00001000) c.addi4spn s0, sp, 32
core   0: 3 0x000000008000e4ea (0x1000) x8  0x0000000080030f90
core   0: 0x000000008000e4ec (0x000087aa) c.mv    a5, a0
core   0: 3 0x000000008000e4ec (0x87aa) x15 0x0000000000000000
core   0: 0x000000008000e4ee (0x0000872e) c.mv    a4, a1
core   0: 3 0x000000008000e4ee (0x872e) x14 0x0000000000000001
core   0: 0x000000008000e4f0 (0xfef42623) sw      a5, -20(s0)
core   0: 3 0x000000008000e4f0 (0xfef42623) mem 0x0000000080030f7c 0x00000000
core   0: 0x000000008000e4f4 (0x000087ba) c.mv    a5, a4
core   0: 3 0x000000008000e4f4 (0x87ba) x15 0x0000000000000001
core   0: 0x000000008000e4f6 (0xfef42423) sw      a5, -24(s0)
core   0: 3 0x000000008000e4f6 (0xfef42423) mem 0x0000000080030f78 0x00000001
core   0: 0x000000008000e4fa (0x00000001) c.nop
core   0: 3 0x000000008000e4fa (0x0001)
core   0: 0x000000008000e4fc (0xfec42783) lw      a5, -20(s0)
core   0: 3 0x000000008000e4fc (0xfec42783) x15 0x0000000000000000 mem 0x0000000080030f7c
core   0: 0x000000008000e500 (0x00002781) c.addiw a5, 0
core   0: 3 0x000000008000e500 (0x2781) x15 0x0000000000000000
core   0: 0x000000008000e502 (0x0000ffed) c.bnez  a5, pc - 6
core   0: 3 0x000000008000e502 (0xffed)
core   0: 0x000000008000e504 (0x00000001) c.nop
core   0: 3 0x000000008000e504 (0x0001)
core   0: 0x000000008000e506 (0x00000001) c.nop
core   0: 3 0x000000008000e506 (0x0001)
core   0: 0x000000008000e508 (0x00006462) c.ldsp  s0, 24(sp)
core   0: 3 0x000000008000e508 (0x6462) x8  0x0000000080031040 mem 0x0000000080030f88
core   0: 0x000000008000e50a (0x00006105) c.addi16sp sp, 32
core   0: 3 0x000000008000e50a (0x6105) x2  0x0000000080030f90
core   0: 0x000000008000e50c (0x00008082) ret
core   0: 3 0x000000008000e50c (0x8082)
core   0: 0x000000008000e5e8 (0x00004581) c.li    a1, 0
core   0: 3 0x000000008000e5e8 (0x4581) x11 0x0000000000000000
core   0: 0x000000008000e5ea (0x00004501) c.li    a0, 0
core   0: 3 0x000000008000e5ea (0x4501) x10 0x0000000000000000
core   0: 0x000000008000e5ec (0xa15f30ef) jal     pc - 0xc5ec
core   0: 3 0x000000008000e5ec (0xa15f30ef) x1  0x000000008000e5f0
core   0: >>>>  main
core   0: 0x0000000080002000 (0x00000001) c.nop
core   0: 3 0x0000000080002000 (0x0001)
core   0: >>>>  trap_vec_init
core   0: 0x0000000080002002 (0x00002797) auipc   a5, 0x2
core   0: 3 0x0000000080002002 (0x00002797) x15 0x0000000080004002
core   0: 0x0000000080002006 (0xffe78793) addi    a5, a5, -2
core   0: 3 0x0000000080002006 (0xffe78793) x15 0x0000000080004000
core   0: 0x000000008000200a (0x30579073) csrrw   zero, mtvec, a5
core   0: 3 0x000000008000200a (0x30579073) c773_mtvec 0x0000000080004000
core   0: >>>>  pmp_setup
core   0: 0x000000008000200e (0x00002c17) auipc   s8, 0x2
core   0: 3 0x000000008000200e (0x00002c17) x24 0x000000008000400e
core   0: 0x0000000080002012 (0x022c0c13) addi    s8, s8, 34
core   0: 3 0x0000000080002012 (0x022c0c13) x24 0x0000000080004030
core   0: 0x0000000080002016 (0x00004781) c.li    a5, 0
core   0: 3 0x0000000080002016 (0x4781) x15 0x0000000000000000
core   0: 0x0000000080002018 (0x00009c3e) c.add   s8, a5
core   0: 3 0x0000000080002018 (0x9c3e) x24 0x0000000080004030
core   0: 0x000000008000201a (0x3b0c1073) csrrw   zero, pmpaddr0, s8
core   0: 3 0x000000008000201a (0x3b0c1073) c944_pmpaddr0 0x0000000080004030
core   0: 0x000000008000201e (0x00004c3d) c.li    s8, 15
core   0: 3 0x000000008000201e (0x4c3d) x24 0x000000000000000f
core   0: 0x0000000080002020 (0x3a0c1073) csrrw   zero, pmpcfg0, s8
core   0: 3 0x0000000080002020 (0x3a0c1073) c928_pmpcfg0 0x000000000000000f
core   0: 0x0000000080002024 (0x12000073) sfence.vma zero, zero
core   0: 3 0x0000000080002024 (0x12000073)
core   0: >>>>  mepc_setup
core   0: 0x0000000080002028 (0x00002797) auipc   a5, 0x2
core   0: 3 0x0000000080002028 (0x00002797) x15 0x0000000080004028
core   0: 0x000000008000202c (0x00878793) addi    a5, a5, 8
core   0: 3 0x000000008000202c (0x00878793) x15 0x0000000080004030
core   0: 0x0000000080002030 (0x34179073) csrrw   zero, mepc, a5
core   0: 3 0x0000000080002030 (0x34179073) c833_mepc 0x0000000080004030
core   0: >>>>  custom_csr_setup
core   0: 0x0000000080002034 (0x00100f9b) addiw   t6, zero, 1
core   0: 3 0x0000000080002034 (0x00100f9b) x31 0x0000000000000001
core   0: 0x0000000080002038 (0x00000ffe) c.slli  t6, 31
core   0: 3 0x0000000080002038 (0x0ffe) x31 0x0000000080000000
core   0: 0x000000008000203a (0x00000001) c.nop
core   0: 3 0x000000008000203a (0x0001)
core   0: >>>>  init_s_mode
core   0: 0x000000008000203c (0xfff0079b) addiw   a5, zero, -1
core   0: 3 0x000000008000203c (0xfff0079b) x15 0xffffffffffffffff
core   0: 0x0000000080002040 (0x000017fe) c.slli  a5, 63
core   0: 3 0x0000000080002040 (0x17fe) x15 0x8000000000000000
core   0: 0x0000000080002042 (0x18079073) csrrw   zero, satp, a5
core   0: 3 0x0000000080002042 (0x18079073) c384_satp 0x8000000000000000
core   0: 0x0000000080002046 (0x0000e797) auipc   a5, 0xe
core   0: 3 0x0000000080002046 (0x0000e797) x15 0x0000000080010046
core   0: 0x000000008000204a (0xfba78793) addi    a5, a5, -70
core   0: 3 0x000000008000204a (0xfba78793) x15 0x0000000080010000
core   0: 0x000000008000204e (0x000083b1) c.srli  a5, 12
core   0: 3 0x000000008000204e (0x83b1) x15 0x0000000000080010
core   0: 0x0000000080002050 (0x0010061b) addiw   a2, zero, 1
core   0: 3 0x0000000080002050 (0x0010061b) x12 0x0000000000000001
core   0: 0x0000000080002054 (0x00001632) c.slli  a2, 44
core   0: 3 0x0000000080002054 (0x1632) x12 0x0000100000000000
core   0: 0x0000000080002056 (0x0000167d) c.addi  a2, -1
core   0: 3 0x0000000080002056 (0x167d) x12 0x00000fffffffffff
core   0: 0x0000000080002058 (0x00008ff1) c.and   a5, a2
core   0: 3 0x0000000080002058 (0x8ff1) x15 0x0000000000080010
core   0: 0x000000008000205a (0x1807a073) csrrs   zero, satp, a5
core   0: 3 0x000000008000205a (0x1807a073) c384_satp 0x8000000000080010
core   0: 0x000000008000205e (0x00a005b7) lui     a1, 0xa00
core   0: 3 0x000000008000205e (0x00a005b7) x11 0x0000000000a00000
core   0: 0x0000000080002062 (0x10b5859b) addiw   a1, a1, 267
core   0: 3 0x0000000080002062 (0x10b5859b) x11 0x0000000000a0010b
core   0: 0x0000000080002066 (0x000005b2) c.slli  a1, 12
core   0: 3 0x0000000080002066 (0x05b2) x11 0x0000000a0010b000
core   0: 0x0000000080002068 (0xa0058593) addi    a1, a1, -1536
core   0: 3 0x0000000080002068 (0xa0058593) x11 0x0000000a0010aa00
core   0: 0x000000008000206c (0x30059073) csrrw   zero, mstatus, a1
core   0: 3 0x000000008000206c (0x30059073) c768_mstatus 0x0000000a00102800
core   0: 0x0000000080002070 (0x30459073) csrrw   zero, mie, a1
core   0: 3 0x0000000080002070 (0x30459073) c772_mie 0x0000000000000a00
core   0: 0x0000000080002074 (0x00a005b7) lui     a1, 0xa00
core   0: 3 0x0000000080002074 (0x00a005b7) x11 0x0000000000a00000
core   0: 0x0000000080002078 (0x10b5859b) addiw   a1, a1, 267
core   0: 3 0x0000000080002078 (0x10b5859b) x11 0x0000000000a0010b
core   0: 0x000000008000207c (0x000005b2) c.slli  a1, 12
core   0: 3 0x000000008000207c (0x05b2) x11 0x0000000a0010b000
core   0: 0x000000008000207e (0xa0058593) addi    a1, a1, -1536
core   0: 3 0x000000008000207e (0xa0058593) x11 0x0000000a0010aa00
core   0: 0x0000000080002082 (0x10059073) csrrw   zero, sstatus, a1
core   0: 3 0x0000000080002082 (0x10059073) c768_mstatus 0x0000000a00102800
core   0: 0x0000000080002086 (0x10459073) csrrw   zero, sie, a1
core   0: 3 0x0000000080002086 (0x10459073) c772_mie 0x0000000000000a00
core   0: 0x000000008000208a (0x30200073) mret
core   0: 3 0x000000008000208a (0x30200073) c768_mstatus 0x0000000a00102080
core   0: >>>>  main_g
core   0: 0x0000000080004030 (0x223e03d3) fsgnj.d ft7, ft8, ft3
core   0: 1 0x0000000080004030 (0x223e03d3) c768_mstatus 0x8000000a00106080 f7  0xffffffff00000000
core   0: 0x0000000080004034 (0x0198963b) sllw    a2, a7, s9
core   0: 1 0x0000000080004034 (0x0198963b) x12 0x0000000000000000
core   0: 0x0000000080004038 (0x0008d693) srli    a3, a7, 0
core   0: 1 0x0000000080004038 (0x0008d693) x13 0x0000000000000000
core   0: 0x000000008000403c (0x014a153b) sllw    a0, s4, s4
core   0: 1 0x000000008000403c (0x014a153b) x10 0x0000000000000000
core   0: 0x0000000080004040 (0x0195141b) slliw   s0, a0, 25
core   0: 1 0x0000000080004040 (0x0195141b) x8  0x0000000000000000
core   0: 0x0000000080004044 (0x017dcbb3) xor     s7, s11, s7
core   0: 1 0x0000000080004044 (0x017dcbb3) x23 0x0000000000000000
core   0: 0x0000000080004048 (0x3be3fa47) fmsub.d fs4, ft7, ft10, ft7
core   0: 1 0x0000000080004048 (0x3be3fa47) f20 0x7ff8000000000000
core   0: 0x000000008000404c (0x008e55bb) srlw    a1, t3, s0
core   0: 1 0x000000008000404c (0x008e55bb) x11 0x0000000000000000
core   0: 0x0000000080004050 (0xd21e8753) fcvt.d.wu fa4, t4
core   0: 1 0x0000000080004050 (0xd21e8753) f14 0x0000000000000000
core   0: 0x0000000080004054 (0x418080bb) subw    ra, ra, s8
core   0: 1 0x0000000080004054 (0x418080bb) x1  0xffffffff8000e5e1
core   0: 0x0000000080004058 (0xc21379d3) fcvt.wu.d s3, ft6
core   0: 1 0x0000000080004058 (0xc21379d3) c1_fflags 0x0000000000000010 x19 0xffffffffffffffff
core   0: 0x000000008000405c (0x027b73bb) remuw   t2, s6, t2
core   0: 1 0x000000008000405c (0x027b73bb) x7  0x0000000000000000
core   0: 0x0000000080004060 (0x01876d33) or      s10, a4, s8
core   0: 1 0x0000000080004060 (0x01876d33) x26 0x000000000000000f
core   0: 0x0000000080004064 (0x034a6db3) rem     s11, s4, s4
core   0: 1 0x0000000080004064 (0x034a6db3) x27 0x0000000000000000
core   0: 0x0000000080004068 (0x030a59bb) divuw   s3, s4, a6
core   0: 1 0x0000000080004068 (0x030a59bb) x19 0xffffffffffffffff
core   0: 0x000000008000406c (0x0ff0000f) fence   iorw,iorw
core   0: 1 0x000000008000406c (0x0ff0000f)
core   0: 0x0000000080004070 (0x41bc04bb) subw    s1, s8, s11
core   0: 1 0x0000000080004070 (0x41bc04bb) x9  0x000000000000000f
core   0: 0x0000000080004074 (0x3e34041b) addiw   s0, s0, 995
core   0: 1 0x0000000080004074 (0x3e34041b) x8  0x00000000000003e3
core   0: 0x0000000080004078 (0x04c35b37) lui     s6, 0x4c35
core   0: 1 0x0000000080004078 (0x04c35b37) x22 0x0000000004c35000
core   0: 0x000000008000407c (0x533b0b1b) addiw   s6, s6, 1331
core   0: 1 0x000000008000407c (0x533b0b1b) x22 0x0000000004c35533
core   0: 0x0000000080004080 (0x00000b32) c.slli  s6, 12
core   0: 1 0x0000000080004080 (0x0b32) x22 0x0000004c35533000
core   0: 0x0000000080004082 (0x474b0b13) addi    s6, s6, 1140
core   0: 1 0x0000000080004082 (0x474b0b13) x22 0x0000004c35533474
core   0: 0x0000000080004086 (0x4074579b) sraiw   a5, s0, 7
core   0: 1 0x0000000080004086 (0x4074579b) x15 0x0000000000000007
core   0: 0x000000008000408a (0x226c9953) fsgnjn.d fs2, fs9, ft6
core   0: 1 0x000000008000408a (0x226c9953) f18 0x7fffffff00000000
core   0: 0x000000008000408e (0x036183bb) mulw    t2, gp, s6
core   0: 1 0x000000008000408e (0x036183bb) x7  0x00000000565f1220
core   0: 0x0000000080004092 (0x028e8e3b) mulw    t3, t4, s0
core   0: 1 0x0000000080004092 (0x028e8e3b) x28 0x0000000000000000
core   0: 0x0000000080004096 (0x8009859b) addiw   a1, s3, -2048
core   0: 1 0x0000000080004096 (0x8009859b) x11 0xfffffffffffff7ff
core   0: 0x000000008000409a (0x032c5893) srli    a7, s8, 50
core   0: 1 0x000000008000409a (0x032c5893) x17 0x0000000000000000
core   0: 0x000000008000409e (0x0315b133) mulhu   sp, a1, a7
core   0: 1 0x000000008000409e (0x0315b133) x2  0x0000000000000000
core   0: 0x00000000800040a2 (0x00c65bbb) srlw    s7, a2, a2
core   0: 1 0x00000000800040a2 (0x00c65bbb) x23 0x0000000000000000
core   0: 0x00000000800040a6 (0x31a29cf3) csrrw   s9, menvcfgh, t0
core   0: exception trap_illegal_instruction, epc 0x00000000800040a6
core   0:           tval 0x0000000031a29cf3
core   0: >>>>  $xrv64i2p1_m2p0_a2p1_f2p2_d2p2_zicsr2p0_zifencei2p0_zmmul1p0_zba1p0_zbb1p0_zbc1p0_zbs1p0
core   0: 0x0000000080004000 (0x0080006f) j       pc + 0x8
core   0: 3 0x0000000080004000 (0x0080006f)
core   0: >>>>  mmode_exception_handler
core   0: 0x0000000080004008 (0x00002c17) auipc   s8, 0x2
core   0: 3 0x0000000080004008 (0x00002c17) x24 0x0000000080006008
core   0: 0x000000008000400c (0xfa2c0c13) addi    s8, s8, -94
core   0: 3 0x000000008000400c (0xfa2c0c13) x24 0x0000000080005faa
core   0: 0x0000000080004010 (0x000c00e7) jalr    s8
core   0: 3 0x0000000080004010 (0x000c00e7) x1  0x0000000080004014
core   0: >>>>  any_handler
core   0: 0x0000000080005faa (0x341027f3) csrrs   a5, mepc, zero
core   0: 3 0x0000000080005faa (0x341027f3) x15 0x00000000800040a6
core   0: 0x0000000080005fae (0x34202773) csrrs   a4, mcause, zero
core   0: 3 0x0000000080005fae (0x34202773) x14 0x0000000000000002
core   0: 0x0000000080005fb2 (0x142026f3) csrrs   a3, scause, zero
core   0: 3 0x0000000080005fb2 (0x142026f3) x13 0x0000000000000000
core   0: 0x0000000080005fb6 (0x30402673) csrrs   a2, mie, zero
core   0: 3 0x0000000080005fb6 (0x30402673) x12 0x0000000000000a00
core   0: 0x0000000080005fba (0x344025f3) csrrs   a1, mip, zero
core   0: 3 0x0000000080005fba (0x344025f3) x11 0x0000000000000080
core   0: 0x0000000080005fbe (0x343025f3) csrrs   a1, mtval, zero
core   0: 3 0x0000000080005fbe (0x343025f3) x11 0x0000000031a29cf3
core   0: 0x0000000080005fc2 (0x14302573) csrrs   a0, stval, zero
core   0: 3 0x0000000080005fc2 (0x14302573) x10 0x0000000000000000
core   0: 0x0000000080005fc6 (0xb02024f3) csrrs   s1, minstret, zero
core   0: 3 0x0000000080005fc6 (0xb02024f3) x9  0x00000000000007e9
core   0: 0x0000000080005fca (0x0000a811) c.j     pc + 20
core   0: 3 0x0000000080005fca (0xa811)
core   0: >>>>  mepc_4
core   0: 0x0000000080005fde (0x00000791) c.addi  a5, 4
core   0: 3 0x0000000080005fde (0x0791) x15 0x00000000800040aa
core   0: 0x0000000080005fe0 (0x34179073) csrrw   zero, mepc, a5
core   0: 3 0x0000000080005fe0 (0x34179073) c833_mepc 0x00000000800040aa
core   0: 0x0000000080005fe4 (0x30200073) mret
core   0: 3 0x0000000080005fe4 (0x30200073) c768_mstatus 0x8000000a00106080
core   0: 0x00000000800040aa (0x43f75413) srai    s0, a4, 63
core   0: 1 0x00000000800040aa (0x43f75413) x8  0x0000000000000000
core   0: 0x00000000800040ae (0x92ef754b) fnmsub.d fa0, ft10, fa4, fs2
core   0: 1 0x00000000800040ae (0x92ef754b) f10 0x7ff8000000000000
core   0: 0x00000000800040b2 (0x0246823b) mulw    tp, a3, tp
core   0: 1 0x00000000800040b2 (0x0246823b) x4  0x0000000000000000
core   0: 0x00000000800040b6 (0x2b786813) ori     a6, a6, 695
core   0: 1 0x00000000800040b6 (0x2b786813) x16 0x00000000000002b7
core   0: 0x00000000800040ba (0xd2008fd3) fcvt.d.w ft11, ra
core   0: 1 0x00000000800040ba (0xd2008fd3) f31 0xc1dfffeffb000000
core   0: 0x00000000800040be (0x01bddcbb) srlw    s9, s11, s11
core   0: 1 0x00000000800040be (0x01bddcbb) x25 0x0000000000000000
core   0: 0x00000000800040c2 (0x03cdd53b) divuw   a0, s11, t3
core   0: 1 0x00000000800040c2 (0x03cdd53b) x10 0xffffffffffffffff
core   0: 0x00000000800040c6 (0x0156cab3) xor     s5, a3, s5
core   0: 1 0x00000000800040c6 (0x0156cab3) x21 0x0000000000000000
core   0: 0x00000000800040ca (0xb4c57c13) andi    s8, a0, -1204
core   0: 1 0x00000000800040ca (0xb4c57c13) x24 0xfffffffffffffb4c
core   0: 0x00000000800040ce (0x00000001) c.nop
core   0: 1 0x00000000800040ce (0x0001)
core   0: 0x00000000800040d0 (0x0ff0000f) fence   iorw,iorw
core   0: 1 0x00000000800040d0 (0x0ff0000f)
core   0: 0x00000000800040d4 (0x401bde9b) sraiw   t4, s7, 1
core   0: 1 0x00000000800040d4 (0x401bde9b) x29 0x0000000000000000
core   0: 0x00000000800040d8 (0xc23774d3) fcvt.lu.d s1, fa4
core   0: 1 0x00000000800040d8 (0xc23774d3) x9  0x0000000000000000
core   0: 0x00000000800040dc (0x00035513) srli    a0, t1, 0
core   0: 1 0x00000000800040dc (0x00035513) x10 0x0000000000000000
core   0: 0x00000000800040e0 (0x00102df3) csrrs   s11, fflags, zero
core   0: 1 0x00000000800040e0 (0x00102df3) x27 0x0000000000000010
core   0: 0x00000000800040e4 (0x01b686bb) addw    a3, a3, s11
core   0: 1 0x00000000800040e4 (0x01b686bb) x13 0x0000000000000010
core   0: 0x00000000800040e8 (0xc21c7353) fcvt.wu.d t1, fs8
core   0: 1 0x00000000800040e8 (0xc21c7353) c1_fflags 0x0000000000000010 x6  0xffffffffffffffff
core   0: 0x00000000800040ec (0x412bd5b3) sra     a1, s7, s2
core   0: 1 0x00000000800040ec (0x412bd5b3) x11 0x0000000000000000
core   0: 0x00000000800040f0 (0x23752653) fsgnjx.d fa2, fa0, fs7
core   0: 1 0x00000000800040f0 (0x23752653) f12 0xfff8000000000000
core   0: 0x00000000800040f4 (0x0ff0000f) fence   iorw,iorw
core   0: 1 0x00000000800040f4 (0x0ff0000f)
core   0: 0x00000000800040f8 (0x03087abb) remuw   s5, a6, a6
core   0: 1 0x00000000800040f8 (0x03087abb) x21 0x0000000000000000
core   0: 0x00000000800040fc (0xc043fd73) csrrci  s10, hpmcounter4, 7
core   0: exception trap_illegal_instruction, epc 0x00000000800040fc
core   0:           tval 0x00000000c043fd73
core   0: >>>>  $xrv64i2p1_m2p0_a2p1_f2p2_d2p2_zicsr2p0_zifencei2p0_zmmul1p0_zba1p0_zbb1p0_zbc1p0_zbs1p0
core   0: 0x0000000080004000 (0x0080006f) j       pc + 0x8
core   0: 3 0x0000000080004000 (0x0080006f)
core   0: >>>>  mmode_exception_handler
core   0: 0x0000000080004008 (0x00002c17) auipc   s8, 0x2
core   0: 3 0x0000000080004008 (0x00002c17) x24 0x0000000080006008
core   0: 0x000000008000400c (0xfa2c0c13) addi    s8, s8, -94
core   0: 3 0x000000008000400c (0xfa2c0c13) x24 0x0000000080005faa
core   0: 0x0000000080004010 (0x000c00e7) jalr    s8
core   0: 3 0x0000000080004010 (0x000c00e7) x1  0x0000000080004014
core   0: >>>>  any_handler
core   0: 0x0000000080005faa (0x341027f3) csrrs   a5, mepc, zero
core   0: 3 0x0000000080005faa (0x341027f3) x15 0x00000000800040fc
core   0: 0x0000000080005fae (0x34202773) csrrs   a4, mcause, zero
core   0: 3 0x0000000080005fae (0x34202773) x14 0x0000000000000002
core   0: 0x0000000080005fb2 (0x142026f3) csrrs   a3, scause, zero
core   0: 3 0x0000000080005fb2 (0x142026f3) x13 0x0000000000000000
core   0: 0x0000000080005fb6 (0x30402673) csrrs   a2, mie, zero
core   0: 3 0x0000000080005fb6 (0x30402673) x12 0x0000000000000a00
core   0: 0x0000000080005fba (0x344025f3) csrrs   a1, mip, zero
core   0: 3 0x0000000080005fba (0x344025f3) x11 0x0000000000000080
core   0: 0x0000000080005fbe (0x343025f3) csrrs   a1, mtval, zero
core   0: 3 0x0000000080005fbe (0x343025f3) x11 0x00000000c043fd73
core   0: 0x0000000080005fc2 (0x14302573) csrrs   a0, stval, zero
core   0: 3 0x0000000080005fc2 (0x14302573) x10 0x0000000000000000
core   0: 0x0000000080005fc6 (0xb02024f3) csrrs   s1, minstret, zero
core   0: 3 0x0000000080005fc6 (0xb02024f3) x9  0x000000000000080e
core   0: 0x0000000080005fca (0x0000a811) c.j     pc + 20
core   0: 3 0x0000000080005fca (0xa811)
core   0: >>>>  mepc_4
core   0: 0x0000000080005fde (0x00000791) c.addi  a5, 4
core   0: 3 0x0000000080005fde (0x0791) x15 0x0000000080004100
core   0: 0x0000000080005fe0 (0x34179073) csrrw   zero, mepc, a5
core   0: 3 0x0000000080005fe0 (0x34179073) c833_mepc 0x0000000080004100
core   0: 0x0000000080005fe4 (0x30200073) mret
core   0: 3 0x0000000080005fe4 (0x30200073) c768_mstatus 0x8000000a00106080
core   0: 0x0000000080004100 (0x0040d79b) srliw   a5, ra, 4
core   0: 1 0x0000000080004100 (0x0040d79b) x15 0x0000000008000401
core   0: 0x0000000080004104 (0xd02e70d3) fcvt.s.l ft1, t3
core   0: 1 0x0000000080004104 (0xd02e70d3) f1  0xffffffff00000000
core   0: 0x0000000080004108 (0xc220f653) fcvt.l.d a2, ft1
core   0: 1 0x0000000080004108 (0xc220f653) c1_fflags 0x0000000000000010 x12 0x7fffffffffffffff
core   0: 0x000000008000410c (0x0061c1b3) xor     gp, gp, t1
core   0: 1 0x000000008000410c (0x0061c1b3) x3  0xffffffff7ffee7d7
core   0: 0x0000000080004110 (0x2b8a8ad3) fmin.d  fs5, fs5, fs8
core   0: 1 0x0000000080004110 (0x2b8a8ad3) f21 0x7ff8000000000000
core   0: 0x0000000080004114 (0x48608a9b) addiw   s5, ra, 1158
core   0: 1 0x0000000080004114 (0x48608a9b) x21 0xffffffff8000449a
core   0: 0x0000000080004118 (0x0018f813) andi    a6, a7, 1
core   0: 1 0x0000000080004118 (0x0018f813) x16 0x0000000000000000
core   0: 0x000000008000411c (0x4120debb) sraw    t4, ra, s2
core   0: 1 0x000000008000411c (0x4120debb) x29 0xffffffff80004014
core   0: 0x0000000080004120 (0xba8bfbc3) fmadd.d fs7, fs7, fs0, fs7
core   0: 1 0x0000000080004120 (0xba8bfbc3) f23 0x7ff8000000000000
core   0: 0x0000000080004124 (0x03fa1c93) slli    s9, s4, 63
core   0: 1 0x0000000080004124 (0x03fa1c93) x25 0x0000000000000000
core   0: 0x0000000080004128 (0x007b5a9b) srliw   s5, s6, 7
core   0: 1 0x0000000080004128 (0x007b5a9b) x21 0x00000000006aa668
core   0: 0x000000008000412c (0x03bdf2d3) fadd.d  ft5, fs11, fs11
core   0: 1 0x000000008000412c (0x03bdf2d3) f5  0x7ff8000000000000
core   0: 0x0000000080004130 (0x0a1e2517) auipc   a0, 0xa1e2
core   0: 1 0x0000000080004130 (0x0a1e2517) x10 0x000000008a1e6130
core   0: 0x0000000080004134 (0xac008c1b) addiw   s8, ra, -1344
core   0: 1 0x0000000080004134 (0xac008c1b) x24 0xffffffff80003ad4
core   0: 0x0000000080004138 (0x03255913) srli    s2, a0, 50
core   0: 1 0x0000000080004138 (0x03255913) x18 0x0000000000000000
core   0: 0x000000008000413c (0x038c4a3b) divw    s4, s8, s8
core   0: 1 0x000000008000413c (0x038c4a3b) x20 0x0000000000000001
core   0: 0x0000000080004140 (0x00855db3) srl     s11, a0, s0
core   0: 1 0x0000000080004140 (0x00855db3) x27 0x000000008a1e6130
core   0: 0x0000000080004144 (0x41bc06bb) subw    a3, s8, s11
core   0: 1 0x0000000080004144 (0x41bc06bb) x13 0xfffffffff5e1d9a4
core   0: 0x0000000080004148 (0x00b1d5bb) srlw    a1, gp, a1
core   0: 1 0x0000000080004148 (0x00b1d5bb) x11 0x0000000000000fff
core   0: 0x000000008000414c (0x0a757553) fsub.d  fa0, fa0, ft7
core   0: 1 0x000000008000414c (0x0a757553) f10 0x7ff8000000000000
core   0: 0x0000000080004150 (0x32ae7813) andi    a6, t3, 810
core   0: 1 0x0000000080004150 (0x32ae7813) x16 0x0000000000000000
core   0: 0x0000000080004154 (0x0392a733) mulhsu  a4, t0, s9
core   0: 1 0x0000000080004154 (0x0392a733) x14 0x0000000000000000
core   0: 0x0000000080004158 (0x00e285b3) add     a1, t0, a4
core   0: 1 0x0000000080004158 (0x00e285b3) x11 0x0000000080000124
core   0: 0x000000008000415c (0x03985e13) srli    t3, a6, 57
core   0: 1 0x000000008000415c (0x03985e13) x28 0x0000000000000000
core   0: 0x0000000080004160 (0x00e81ab3) sll     s5, a6, a4
core   0: 1 0x0000000080004160 (0x00e81ab3) x21 0x0000000000000000
core   0: 0x0000000080004164 (0x03bb1d13) slli    s10, s6, 59
core   0: 1 0x0000000080004164 (0x03bb1d13) x26 0xa000000000000000
core   0: 0x0000000080004168 (0x008485bb) addw    a1, s1, s0
core   0: 1 0x0000000080004168 (0x008485bb) x11 0x000000000000080e
core   0: 0x000000008000416c (0x000091ae) c.add   gp, a1
core   0: 1 0x000000008000416c (0x91ae) x3  0xffffffff7ffeefe5
core   0: 0x000000008000416e (0x0aadf253) fsub.d  ft4, fs11, fa0
core   0: 1 0x000000008000416e (0x0aadf253) f4  0x7ff8000000000000
core   0: 0x0000000080004172 (0x1a557b53) fdiv.d  fs6, fa0, ft5
core   0: 1 0x0000000080004172 (0x1a557b53) f22 0x7ff8000000000000
core   0: 0x0000000080004176 (0x80094e13) xori    t3, s2, -2048
core   0: 1 0x0000000080004176 (0x80094e13) x28 0xfffffffffffff800
core   0: 0x000000008000417a (0x00000001) c.nop
core   0: 1 0x000000008000417a (0x0001)
core   0: 0x000000008000417c (0x4121d213) srai    tp, gp, 18
core   0: 1 0x000000008000417c (0x4121d213) x4  0xffffffffffffdfff
core   0: 0x0000000080004180 (0x0003c193) xori    gp, t2, 0
core   0: 1 0x0000000080004180 (0x0003c193) x3  0x00000000565f1220
core   0: 0x0000000080004184 (0x0294ccbb) divw    s9, s1, s1
core   0: 1 0x0000000080004184 (0x0294ccbb) x25 0x0000000000000001
core   0: 0x0000000080004188 (0x001ec833) xor     a6, t4, ra
core   0: 1 0x0000000080004188 (0x001ec833) x16 0xffffffff00000000
core   0: 0x000000008000418c (0xd2080ed3) fcvt.d.w ft9, a6
core   0: 1 0x000000008000418c (0xd2080ed3) f29 0x0000000000000000
core   0: 0x0000000080004190 (0x2bdd9f53) fmax.d  ft10, fs11, ft9
core   0: 1 0x0000000080004190 (0x2bdd9f53) f30 0x0000000000000000
core   0: 0x0000000080004194 (0x2b4696d3) fmax.d  fa3, fa3, fs4
core   0: 1 0x0000000080004194 (0x2b4696d3) f13 0x7ff8000000000000
core   0: 0x0000000080004198 (0x127bf2d3) fmul.d  ft5, fs7, ft7
core   0: 1 0x0000000080004198 (0x127bf2d3) f5  0x7ff8000000000000
core   0: 0x000000008000419c (0x23478cd3) fsgnj.d fs9, fa5, fs4
core   0: 1 0x000000008000419c (0x23478cd3) f25 0x7fffffff00000000
core   0: 0x00000000800041a0 (0xc02a7cd3) fcvt.l.s s9, fs4
core   0: 1 0x00000000800041a0 (0xc02a7cd3) c1_fflags 0x0000000000000010 x25 0x7fffffffffffffff
core   0: 0x00000000800041a4 (0x5a06f4d3) fsqrt.d fs1, fa3
core   0: 1 0x00000000800041a4 (0x5a06f4d3) f9  0x7ff8000000000000
core   0: 0x00000000800041a8 (0x019a17bb) sllw    a5, s4, s9
core   0: 1 0x00000000800041a8 (0x019a17bb) x15 0xffffffff80000000
core   0: 0x00000000800041ac (0x22fa9ad3) fsgnjn.d fs5, fs5, fa5
core   0: 1 0x00000000800041ac (0x22fa9ad3) f21 0x7ff8000000000000
core   0: 0x00000000800041b0 (0x420489d3) fcvt.d.s fs3, fs1
core   0: 1 0x00000000800041b0 (0x420489d3) f19 0x7ff8000000000000
core   0: 0x00000000800041b4 (0xc211f853) fcvt.wu.d a6, ft3
core   0: 1 0x00000000800041b4 (0xc211f853) c1_fflags 0x0000000000000010 x16 0xffffffffffffffff
core   0: 0x00000000800041b8 (0x01c8093b) addw    s2, a6, t3
core   0: 1 0x00000000800041b8 (0x01c8093b) x18 0xfffffffffffff7ff
core   0: 0x00000000800041bc (0x2a428d53) fmin.d  fs10, ft5, ft4
core   0: 1 0x00000000800041bc (0x2a428d53) f26 0x7ff8000000000000
core   0: 0x00000000800041c0 (0x143e3bf3) csrrc   s7, stval, t3
core   0: 1 0x00000000800041c0 (0x143e3bf3) x23 0x0000000000000000 c323_stval 0x0000000000000000
core   0: 0x00000000800041c4 (0x01bb931b) slliw   t1, s7, 27
core   0: 1 0x00000000800041c4 (0x01bb931b) x6  0x0000000000000000
core   0: 0x00000000800041c8 (0x3a269597) auipc   a1, 0x3a269
core   0: 1 0x00000000800041c8 (0x3a269597) x11 0x00000000ba26d1c8
core   0: 0x00000000800041cc (0x027ee3b3) rem     t2, t4, t2
core   0: 1 0x00000000800041cc (0x027ee3b3) x7  0xffffffffd65f5234
core   0: 0x00000000800041d0 (0x020cb633) mulhu   a2, s9, zero
core   0: 1 0x00000000800041d0 (0x020cb633) x12 0x0000000000000000
core   0: 0x00000000800041d4 (0xc21d7153) fcvt.wu.d sp, fs10
core   0: 1 0x00000000800041d4 (0xc21d7153) c1_fflags 0x0000000000000010 x2  0xffffffffffffffff
core   0: 0x00000000800041d8 (0x40b4d4bb) sraw    s1, s1, a1
core   0: 1 0x00000000800041d8 (0x40b4d4bb) x9  0x0000000000000008
core   0: 0x00000000800041dc (0xc2227953) fcvt.l.d s2, ft4
core   0: 1 0x00000000800041dc (0xc2227953) c1_fflags 0x0000000000000010 x18 0x7fffffffffffffff
core   0: 0x00000000800041e0 (0x0043a3b3) slt     t2, t2, tp
core   0: 1 0x00000000800041e0 (0x0043a3b3) x7  0x0000000000000001
core   0: 0x00000000800041e4 (0xd03ef053) fcvt.s.lu ft0, t4
core   0: 1 0x00000000800041e4 (0xd03ef053) c1_fflags 0x0000000000000011 f0  0xffffffff5f800000
core   0: 0x00000000800041e8 (0x00665ebb) srlw    t4, a2, t1
core   0: 1 0x00000000800041e8 (0x00665ebb) x29 0x0000000000000000
core   0: 0x00000000800041ec (0x0378f9b3) remu    s3, a7, s7
core   0: 1 0x00000000800041ec (0x0378f9b3) x19 0x0000000000000000
core   0: 0x00000000800041f0 (0x3420d0f3) csrrwi  ra, mcause, 1
core   0: exception trap_illegal_instruction, epc 0x00000000800041f0
core   0:           tval 0x000000003420d0f3
core   0: >>>>  $xrv64i2p1_m2p0_a2p1_f2p2_d2p2_zicsr2p0_zifencei2p0_zmmul1p0_zba1p0_zbb1p0_zbc1p0_zbs1p0
core   0: 0x0000000080004000 (0x0080006f) j       pc + 0x8
core   0: 3 0x0000000080004000 (0x0080006f)
core   0: >>>>  mmode_exception_handler
core   0: 0x0000000080004008 (0x00002c17) auipc   s8, 0x2
core   0: 3 0x0000000080004008 (0x00002c17) x24 0x0000000080006008
core   0: 0x000000008000400c (0xfa2c0c13) addi    s8, s8, -94
core   0: 3 0x000000008000400c (0xfa2c0c13) x24 0x0000000080005faa
core   0: 0x0000000080004010 (0x000c00e7) jalr    s8
core   0: 3 0x0000000080004010 (0x000c00e7) x1  0x0000000080004014
core   0: >>>>  any_handler
core   0: 0x0000000080005faa (0x341027f3) csrrs   a5, mepc, zero
core   0: 3 0x0000000080005faa (0x341027f3) x15 0x00000000800041f0
core   0: 0x0000000080005fae (0x34202773) csrrs   a4, mcause, zero
core   0: 3 0x0000000080005fae (0x34202773) x14 0x0000000000000002
core   0: 0x0000000080005fb2 (0x142026f3) csrrs   a3, scause, zero
core   0: 3 0x0000000080005fb2 (0x142026f3) x13 0x0000000000000000
core   0: 0x0000000080005fb6 (0x30402673) csrrs   a2, mie, zero
core   0: 3 0x0000000080005fb6 (0x30402673) x12 0x0000000000000a00
core   0: 0x0000000080005fba (0x344025f3) csrrs   a1, mip, zero
core   0: 3 0x0000000080005fba (0x344025f3) x11 0x0000000000000080
core   0: 0x0000000080005fbe (0x343025f3) csrrs   a1, mtval, zero
core   0: 3 0x0000000080005fbe (0x343025f3) x11 0x000000003420d0f3
core   0: 0x0000000080005fc2 (0x14302573) csrrs   a0, stval, zero
core   0: 3 0x0000000080005fc2 (0x14302573) x10 0x0000000000000000
core   0: 0x0000000080005fc6 (0xb02024f3) csrrs   s1, minstret, zero
core   0: 3 0x0000000080005fc6 (0xb02024f3) x9  0x000000000000085b
core   0: 0x0000000080005fca (0x0000a811) c.j     pc + 20
core   0: 3 0x0000000080005fca (0xa811)
core   0: >>>>  mepc_4
core   0: 0x0000000080005fde (0x00000791) c.addi  a5, 4
core   0: 3 0x0000000080005fde (0x0791) x15 0x00000000800041f4
core   0: 0x0000000080005fe0 (0x34179073) csrrw   zero, mepc, a5
core   0: 3 0x0000000080005fe0 (0x34179073) c833_mepc 0x00000000800041f4
core   0: 0x0000000080005fe4 (0x30200073) mret
core   0: 3 0x0000000080005fe4 (0x30200073) c768_mstatus 0x8000000a00106080
core   0: 0x00000000800041f4 (0x001117f3) csrrw   a5, fflags, sp
core   0: 1 0x00000000800041f4 (0x001117f3) x15 0x0000000000000011 c1_fflags 0x000000000000001f
core   0: 0x00000000800041f8 (0x03687ab3) remu    s5, a6, s6
core   0: 1 0x00000000800041f8 (0x03687ab3) x21 0x0000003e33dd376f
core   0: 0x00000000800041fc (0x033cf9c3) fmadd.d fs3, fs9, fs3, ft0
core   0: 1 0x00000000800041fc (0x033cf9c3) f19 0x7ff8000000000000
core   0: 0x0000000080004200 (0x0336fd3b) remuw   s10, a3, s3
core   0: 1 0x0000000080004200 (0x0336fd3b) x26 0x0000000000000000
core   0: 0x0000000080004204 (0x01aaeeb3) or      t4, s5, s10
core   0: 1 0x0000000080004204 (0x01aaeeb3) x29 0x0000003e33dd376f
core   0: 0x0000000080004208 (0x86056317) auipc   t1, 0x86056
core   0: 1 0x0000000080004208 (0x86056317) x6  0x000000000605a208
core   0: 0x000000008000420c (0x01d9999b) slliw   s3, s3, 29
core   0: 1 0x000000008000420c (0x01d9999b) x19 0x0000000000000000
core   0: 0x0000000080004210 (0xc2047353) fcvt.w.d t1, fs0
core   0: 1 0x0000000080004210 (0xc2047353) c1_fflags 0x000000000000001f x6  0x000000007fffffff
core   0: 0x0000000080004214 (0x40ce5d9b) sraiw   s11, t3, 12
core   0: 1 0x0000000080004214 (0x40ce5d9b) x27 0xffffffffffffffff
core   0: 0x0000000080004218 (0x400cd21b) sraiw   tp, s9, 0
core   0: 1 0x0000000080004218 (0x400cd21b) x4  0xffffffffffffffff
core   0: 0x000000008000421c (0x001a919b) slliw   gp, s5, 1
core   0: 1 0x000000008000421c (0x001a919b) x3  0x0000000067ba6ede
core   0: 0x0000000080004220 (0x00009aee) c.add   s5, s11
core   0: 1 0x0000000080004220 (0x9aee) x21 0x0000003e33dd376e
core   0: 0x0000000080004222 (0xf20e07d3) fmv.d.x fa5, t3
core   0: 1 0x0000000080004222 (0xf20e07d3) f15 0xfffffffffffff800
core   0: 0x0000000080004226 (0xa2b40ad3) fle.d   s5, fs0, fa1
core   0: 1 0x0000000080004226 (0xa2b40ad3) c1_fflags 0x000000000000001f x21 0x0000000000000000
core   0: 0x000000008000422a (0xd20a8dd3) fcvt.d.w fs11, s5
core   0: 1 0x000000008000422a (0xd20a8dd3) f27 0x0000000000000000
core   0: 0x000000008000422e (0x41fcdc9b) sraiw   s9, s9, 31
core   0: 1 0x000000008000422e (0x41fcdc9b) x25 0xffffffffffffffff
core   0: 0x0000000080004232 (0xd2030cd3) fcvt.d.w fs9, t1
core   0: 1 0x0000000080004232 (0xd2030cd3) f25 0x41dfffffffc00000
core   0: 0x0000000080004236 (0x5a08fa53) fsqrt.d fs4, fa7
core   0: 1 0x0000000080004236 (0x5a08fa53) f20 0x7ff8000000000000
core   0: 0x000000008000423a (0x106fe073) csrrsi  zero, scounteren, 31
core   0: 1 0x000000008000423a (0x106fe073) c262_scounteren 0x0000000000000000
core   0: 0x000000008000423e (0x72f1d917) auipc   s2, 0x72f1d
core   0: 1 0x000000008000423e (0x72f1d917) x18 0x00000000f2f2123e
core   0: 0x0000000080004242 (0xc024a273) csrrs   tp, instret, s1
core   0: exception trap_illegal_instruction, epc 0x0000000080004242
core   0:           tval 0x00000000c024a273
core   0: >>>>  $xrv64i2p1_m2p0_a2p1_f2p2_d2p2_zicsr2p0_zifencei2p0_zmmul1p0_zba1p0_zbb1p0_zbc1p0_zbs1p0
core   0: 0x0000000080004000 (0x0080006f) j       pc + 0x8
core   0: 3 0x0000000080004000 (0x0080006f)
core   0: >>>>  mmode_exception_handler
core   0: 0x0000000080004008 (0x00002c17) auipc   s8, 0x2
core   0: 3 0x0000000080004008 (0x00002c17) x24 0x0000000080006008
core   0: 0x000000008000400c (0xfa2c0c13) addi    s8, s8, -94
core   0: 3 0x000000008000400c (0xfa2c0c13) x24 0x0000000080005faa
core   0: 0x0000000080004010 (0x000c00e7) jalr    s8
core   0: 3 0x0000000080004010 (0x000c00e7) x1  0x0000000080004014
core   0: >>>>  any_handler
core   0: 0x0000000080005faa (0x341027f3) csrrs   a5, mepc, zero
core   0: 3 0x0000000080005faa (0x341027f3) x15 0x0000000080004242
core   0: 0x0000000080005fae (0x34202773) csrrs   a4, mcause, zero
core   0: 3 0x0000000080005fae (0x34202773) x14 0x0000000000000002
core   0: 0x0000000080005fb2 (0x142026f3) csrrs   a3, scause, zero
core   0: 3 0x0000000080005fb2 (0x142026f3) x13 0x0000000000000000
core   0: 0x0000000080005fb6 (0x30402673) csrrs   a2, mie, zero
core   0: 3 0x0000000080005fb6 (0x30402673) x12 0x0000000000000a00
core   0: 0x0000000080005fba (0x344025f3) csrrs   a1, mip, zero
core   0: 3 0x0000000080005fba (0x344025f3) x11 0x0000000000000080
core   0: 0x0000000080005fbe (0x343025f3) csrrs   a1, mtval, zero
core   0: 3 0x0000000080005fbe (0x343025f3) x11 0x00000000c024a273
core   0: 0x0000000080005fc2 (0x14302573) csrrs   a0, stval, zero
core   0: 3 0x0000000080005fc2 (0x14302573) x10 0x0000000000000000
core   0: 0x0000000080005fc6 (0xb02024f3) csrrs   s1, minstret, zero
core   0: 3 0x0000000080005fc6 (0xb02024f3) x9  0x000000000000087f
core   0: 0x0000000080005fca (0x0000a811) c.j     pc + 20
core   0: 3 0x0000000080005fca (0xa811)
core   0: >>>>  mepc_4
core   0: 0x0000000080005fde (0x00000791) c.addi  a5, 4
core   0: 3 0x0000000080005fde (0x0791) x15 0x0000000080004246
core   0: 0x0000000080005fe0 (0x34179073) csrrw   zero, mepc, a5
core   0: 3 0x0000000080005fe0 (0x34179073) c833_mepc 0x0000000080004246
core   0: 0x0000000080005fe4 (0x30200073) mret
core   0: 3 0x0000000080005fe4 (0x30200073) c768_mstatus 0x8000000a00106080
core   0: 0x0000000080004246 (0xe35fff4b) fnmsub.d ft10, ft11, fs5, ft8
core   0: 1 0x0000000080004246 (0xe35fff4b) f30 0x7ff8000000000000
core   0: 0x000000008000424a (0x417e53b3) sra     t2, t3, s7
core   0: 1 0x000000008000424a (0x417e53b3) x7  0xfffffffffffff800
core   0: 0x000000008000424e (0x3436fa73) csrrci  s4, mtval, 13
core   0: exception trap_illegal_instruction, epc 0x000000008000424e
core   0:           tval 0x000000003436fa73
core   0: >>>>  $xrv64i2p1_m2p0_a2p1_f2p2_d2p2_zicsr2p0_zifencei2p0_zmmul1p0_zba1p0_zbb1p0_zbc1p0_zbs1p0
core   0: 0x0000000080004000 (0x0080006f) j       pc + 0x8
core   0: 3 0x0000000080004000 (0x0080006f)
core   0: >>>>  mmode_exception_handler
core   0: 0x0000000080004008 (0x00002c17) auipc   s8, 0x2
core   0: 3 0x0000000080004008 (0x00002c17) x24 0x0000000080006008
core   0: 0x000000008000400c (0xfa2c0c13) addi    s8, s8, -94
core   0: 3 0x000000008000400c (0xfa2c0c13) x24 0x0000000080005faa
core   0: 0x0000000080004010 (0x000c00e7) jalr    s8
core   0: 3 0x0000000080004010 (0x000c00e7) x1  0x0000000080004014
core   0: >>>>  any_handler
core   0: 0x0000000080005faa (0x341027f3) csrrs   a5, mepc, zero
core   0: 3 0x0000000080005faa (0x341027f3) x15 0x000000008000424e
core   0: 0x0000000080005fae (0x34202773) csrrs   a4, mcause, zero
core   0: 3 0x0000000080005fae (0x34202773) x14 0x0000000000000002
core   0: 0x0000000080005fb2 (0x142026f3) csrrs   a3, scause, zero
core   0: 3 0x0000000080005fb2 (0x142026f3) x13 0x0000000000000000
core   0: 0x0000000080005fb6 (0x30402673) csrrs   a2, mie, zero
core   0: 3 0x0000000080005fb6 (0x30402673) x12 0x0000000000000a00
core   0: 0x0000000080005fba (0x344025f3) csrrs   a1, mip, zero
core   0: 3 0x0000000080005fba (0x344025f3) x11 0x0000000000000080
core   0: 0x0000000080005fbe (0x343025f3) csrrs   a1, mtval, zero
core   0: 3 0x0000000080005fbe (0x343025f3) x11 0x000000003436fa73
core   0: 0x0000000080005fc2 (0x14302573) csrrs   a0, stval, zero
core   0: 3 0x0000000080005fc2 (0x14302573) x10 0x0000000000000000
core   0: 0x0000000080005fc6 (0xb02024f3) csrrs   s1, minstret, zero
core   0: 3 0x0000000080005fc6 (0xb02024f3) x9  0x0000000000000891
core   0: 0x0000000080005fca (0x0000a811) c.j     pc + 20
core   0: 3 0x0000000080005fca (0xa811)
core   0: >>>>  mepc_4
core   0: 0x0000000080005fde (0x00000791) c.addi  a5, 4
core   0: 3 0x0000000080005fde (0x0791) x15 0x0000000080004252
core   0: 0x0000000080005fe0 (0x34179073) csrrw   zero, mepc, a5
core   0: 3 0x0000000080005fe0 (0x34179073) c833_mepc 0x0000000080004252
core   0: 0x0000000080005fe4 (0x30200073) mret
core   0: 3 0x0000000080005fe4 (0x30200073) c768_mstatus 0x8000000a00106080
core   0: 0x0000000080004252 (0x035c5b13) srli    s6, s8, 53
core   0: 1 0x0000000080004252 (0x035c5b13) x22 0x0000000000000000
core   0: 0x0000000080004256 (0x224f0ed3) fsgnj.d ft9, ft10, ft4
core   0: 1 0x0000000080004256 (0x224f0ed3) f29 0x7ff8000000000000
core   0: 0x000000008000425a (0x22b5a653) fsgnjx.d fa2, fa1, fa1
core   0: 1 0x000000008000425a (0x22b5a653) f12 0x7fffffff00000000
core   0: 0x000000008000425e (0xd20a85d3) fcvt.d.w fa1, s5
core   0: 1 0x000000008000425e (0xd20a85d3) f11 0x0000000000000000
core   0: 0x0000000080004262 (0xc21574d3) fcvt.wu.d s1, fa0
core   0: 1 0x0000000080004262 (0xc21574d3) c1_fflags 0x000000000000001f x9  0xffffffffffffffff
core   0: 0x0000000080004266 (0x02622233) mulhsu  tp, tp, t1
core   0: 1 0x0000000080004266 (0x02622233) x4  0xffffffffffffffff
core   0: 0x000000008000426a (0x00d4e9b3) or      s3, s1, a3
core   0: 1 0x000000008000426a (0x00d4e9b3) x19 0xffffffffffffffff
core   0: 0x000000008000426e (0x02a0d533) divu    a0, ra, a0
core   0: 1 0x000000008000426e (0x02a0d533) x10 0xffffffffffffffff
core   0: 0x0000000080004272 (0x0aa27653) fsub.d  fa2, ft4, fa0
core   0: 1 0x0000000080004272 (0x0aa27653) f12 0x7ff8000000000000
core   0: 0x0000000080004276 (0x0b8c7e53) fsub.d  ft8, fs8, fs8
core   0: 1 0x0000000080004276 (0x0b8c7e53) f28 0x7ff8000000000000
core   0: 0x000000008000427a (0xfcbcacb7) lui     s9, 0xfcbca
core   0: 1 0x000000008000427a (0xfcbcacb7) x25 0xfffffffffcbca000
core   0: 0x000000008000427e (0x2afc8c9b) addiw   s9, s9, 687
core   0: 1 0x000000008000427e (0x2afc8c9b) x25 0xfffffffffcbca2af
core   0: 0x0000000080004282 (0x00000cb2) c.slli  s9, 12
core   0: 1 0x0000000080004282 (0x0cb2) x25 0xffffffcbca2af000
core   0: 0x0000000080004284 (0x381c8c93) addi    s9, s9, 897
core   0: 1 0x0000000080004284 (0x381c8c93) x25 0xffffffcbca2af381
core   0: 0x0000000080004288 (0x523af1c3) fmadd.d ft3, fs5, ft3, fa0
core   0: 1 0x0000000080004288 (0x523af1c3) f3  0x7ff8000000000000
core   0: 0x000000008000428c (0x00009f39) c.addw  a4, a4
core   0: 1 0x000000008000428c (0x9f39) x14 0x0000000000000004
core   0: 0x000000008000428e (0x22a02053) fsgnjx.d ft0, ft0, fa0
core   0: 1 0x000000008000428e (0x22a02053) f0  0xffffffff5f800000
core   0: 0x0000000080004292 (0x41128e33) sub     t3, t0, a7
core   0: 1 0x0000000080004292 (0x41128e33) x28 0x0000000080000124
core   0: 0x0000000080004296 (0x00169173) csrrw   sp, fflags, a3
core   0: 1 0x0000000080004296 (0x00169173) x2  0x000000000000001f c1_fflags 0x0000000000000000
core   0: 0x000000008000429a (0x01709813) slli    a6, ra, 23
core   0: 1 0x000000008000429a (0x01709813) x16 0x004000200a000000
core   0: 0x000000008000429e (0x8005f593) andi    a1, a1, -2048
core   0: 1 0x000000008000429e (0x8005f593) x11 0x000000003436f800
core   0: 0x00000000800042a2 (0x00202c73) csrrs   s8, frm, zero
core   0: 1 0x00000000800042a2 (0x00202c73) x24 0x0000000000000000
core   0: 0x00000000800042a6 (0x02207153) fadd.d  ft2, ft0, ft2
core   0: 1 0x00000000800042a6 (0x02207153) f2  0x7ff8000000000000
core   0: 0x00000000800042aa (0x35ccc337) lui     t1, 0x35ccc
core   0: 1 0x00000000800042aa (0x35ccc337) x6  0x0000000035ccc000
core   0: 0x00000000800042ae (0x00359833) sll     a6, a1, gp
core   0: 1 0x00000000800042ae (0x00359833) x16 0x0d0dbe0000000000
core   0: 0x00000000800042b2 (0x413982bb) subw    t0, s3, s3
core   0: 1 0x00000000800042b2 (0x413982bb) x5  0x0000000000000000
core   0: 0x00000000800042b6 (0x0001111b) slliw   sp, sp, 0
core   0: 1 0x00000000800042b6 (0x0001111b) x2  0x000000000000001f
core   0: 0x00000000800042ba (0x40137853) fcvt.s.d fa6, ft6
core   0: 1 0x00000000800042ba (0x40137853) f16 0xffffffff7fc00000
core   0: 0x00000000800042be (0x00231b73) csrrw   s6, frm, t1
core   0: 1 0x00000000800042be (0x00231b73) x22 0x0000000000000000 c2_frm 0x0000000000000000
core   0: 0x00000000800042c2 (0x0a14fcd3) fsub.d  fs9, fs1, ft1
core   0: 1 0x00000000800042c2 (0x0a14fcd3) f25 0x7ff8000000000000
core   0: 0x00000000800042c6 (0x02fad893) srli    a7, s5, 47
core   0: 1 0x00000000800042c6 (0x02fad893) x17 0x0000000000000000
core   0: 0x00000000800042ca (0x00de85b3) add     a1, t4, a3
core   0: 1 0x00000000800042ca (0x00de85b3) x11 0x0000003e33dd376f
core   0: 0x00000000800042ce (0xe99aa797) auipc   a5, 0xe99aa
core   0: 1 0x00000000800042ce (0xe99aa797) x15 0x00000000699ae2ce
core   0: 0x00000000800042d2 (0x019cd6bb) srlw    a3, s9, s9
core   0: 1 0x00000000800042d2 (0x019cd6bb) x13 0x00000000651579c0
core   0: 0x00000000800042d6 (0xd21788d3) fcvt.d.wu fa7, a5
core   0: 1 0x00000000800042d6 (0xd21788d3) f17 0x41da66b8b3800000
core   0: 0x00000000800042da (0xfffc8093) addi    ra, s9, -1
core   0: 1 0x00000000800042da (0xfffc8093) x1  0xffffffcbca2af380
core   0: 0x00000000800042de (0xd23af2d3) fcvt.d.lu ft5, s5
core   0: 1 0x00000000800042de (0xd23af2d3) f5  0x0000000000000000
core   0: 0x00000000800042e2 (0xcbc37f4f) fnmadd.d ft10, ft6, ft8, fs9
core   0: 1 0x00000000800042e2 (0xcbc37f4f) f30 0x7ff8000000000000
core   0: 0x00000000800042e6 (0x2af78ed3) fmin.d  ft9, fa5, fa5
core   0: 1 0x00000000800042e6 (0x2af78ed3) f29 0x7ff8000000000000
core   0: 0x00000000800042ea (0x00119af3) csrrw   s5, fflags, gp
core   0: 1 0x00000000800042ea (0x00119af3) x21 0x0000000000000000 c1_fflags 0x000000000000001e
core   0: 0x00000000800042ee (0x003c8ab3) add     s5, s9, gp
core   0: 1 0x00000000800042ee (0x003c8ab3) x21 0xffffffcc31e5625f
core   0: 0x00000000800042f2 (0x023ffcd3) fadd.d  fs9, ft11, ft3
core   0: 1 0x00000000800042f2 (0x023ffcd3) f25 0x7ff8000000000000
core   0: 0x00000000800042f6 (0x0048d23b) srlw    tp, a7, tp
core   0: 1 0x00000000800042f6 (0x0048d23b) x4  0x0000000000000000
core   0: 0x00000000800042fa (0x0139da33) srl     s4, s3, s3
core   0: 1 0x00000000800042fa (0x0139da33) x20 0x0000000000000001
core   0: 0x00000000800042fe (0x401ffb53) fcvt.s.d fs6, ft11
core   0: 1 0x00000000800042fe (0x401ffb53) c1_fflags 0x000000000000001f f22 0xffffffffceffff80
core   0: 0x0000000080004302 (0xc23e7653) fcvt.lu.d a2, ft8
core   0: 1 0x0000000080004302 (0xc23e7653) c1_fflags 0x000000000000001f x12 0xffffffffffffffff
core   0: 0x0000000080004306 (0x417404bb) subw    s1, s0, s7
core   0: 1 0x0000000080004306 (0x417404bb) x9  0x0000000000000000
core   0: 0x000000008000430a (0xff4c6637) lui     a2, 0xff4c6
core   0: 1 0x000000008000430a (0xff4c6637) x12 0xffffffffff4c6000
core   0: 0x000000008000430e (0x6516061b) addiw   a2, a2, 1617
core   0: 1 0x000000008000430e (0x6516061b) x12 0xffffffffff4c6651
core   0: 0x0000000080004312 (0x0000063a) c.slli  a2, 14
core   0: 1 0x0000000080004312 (0x063a) x12 0xffffffd319944000
core   0: 0x0000000080004314 (0xf2860613) addi    a2, a2, -216
core   0: 1 0x0000000080004314 (0xf2860613) x12 0xffffffd319943f28
core   0: 0x0000000080004318 (0x002e903b) sllw    zero, t4, sp
core   0: 1 0x0000000080004318 (0x002e903b)
core   0: 0x000000008000431c (0x23c82053) fsgnjx.d ft0, fa6, ft8
core   0: 1 0x000000008000431c (0x23c82053) f0  0xffffffff7fc00000
core   0: 0x0000000080004320 (0x401575d3) fcvt.s.d fa1, fa0
core   0: 1 0x0000000080004320 (0x401575d3) f11 0xffffffff7fc00000
core   0: 0x0000000080004324 (0x80023d93) sltiu   s11, tp, -2048
core   0: 1 0x0000000080004324 (0x80023d93) x27 0x0000000000000001
core   0: 0x0000000080004328 (0x401b7fd3) fcvt.s.d ft11, fs6
core   0: 1 0x0000000080004328 (0x401b7fd3) f31 0xffffffff7fc00000
core   0: 0x000000008000432c (0x22818a53) fsgnj.d fs4, ft3, fs0
core   0: 1 0x000000008000432c (0x22818a53) f20 0xfff8000000000000
core   0: 0x0000000080004330 (0xd2287f53) fcvt.d.l ft10, a6
core   0: 1 0x0000000080004330 (0xd2287f53) f30 0x43aa1b7c00000000
core   0: 0x0000000080004334 (0x004ddcb3) srl     s9, s11, tp
core   0: 1 0x0000000080004334 (0x004ddcb3) x25 0x0000000000000001
core   0: 0x0000000080004338 (0x0006009b) sext.w  ra, a2
core   0: 1 0x0000000080004338 (0x0006009b) x1  0x0000000019943f28
core   0: 0x000000008000433c (0x00000001) c.nop
core   0: 1 0x000000008000433c (0x0001)
core   0: 0x000000008000433e (0x00009d35) c.addw  a0, a3
core   0: 1 0x000000008000433e (0x9d35) x10 0x00000000651579bf
core   0: 0x0000000080004340 (0xd20c85d3) fcvt.d.w fa1, s9
core   0: 1 0x0000000080004340 (0xd20c85d3) f11 0x3ff0000000000000
core   0: 0x0000000080004344 (0x01fe7537) lui     a0, 0x1fe7
core   0: 1 0x0000000080004344 (0x01fe7537) x10 0x0000000001fe7000
core   0: 0x0000000080004348 (0x32d5051b) addiw   a0, a0, 813
core   0: 1 0x0000000080004348 (0x32d5051b) x10 0x0000000001fe732d
core   0: 0x000000008000434c (0x0000053a) c.slli  a0, 14
core   0: 1 0x000000008000434c (0x053a) x10 0x0000007f9ccb4000
core   0: 0x000000008000434e (0xa5f50513) addi    a0, a0, -1441
core   0: 1 0x000000008000434e (0xa5f50513) x10 0x0000007f9ccb3a5f
core   0: 0x0000000080004352 (0x047ad4b7) lui     s1, 0x47ad
core   0: 1 0x0000000080004352 (0x047ad4b7) x9  0x00000000047ad000
core   0: 0x0000000080004356 (0x1214849b) addiw   s1, s1, 289
core   0: 1 0x0000000080004356 (0x1214849b) x9  0x00000000047ad121
core   0: 0x000000008000435a (0x000004b2) c.slli  s1, 12
core   0: 1 0x000000008000435a (0x04b2) x9  0x00000047ad121000
core   0: 0x000000008000435c (0x0ed48493) addi    s1, s1, 237
core   0: 1 0x000000008000435c (0x0ed48493) x9  0x00000047ad1210ed
core   0: 0x0000000080004360 (0x00770333) add     t1, a4, t2
core   0: 1 0x0000000080004360 (0x00770333) x6  0xfffffffffffff804
core   0: 0x0000000080004364 (0x800c7c13) andi    s8, s8, -2048
core   0: 1 0x0000000080004364 (0x800c7c13) x24 0x0000000000000000
core   0: 0x0000000080004368 (0x41ad0d3b) subw    s10, s10, s10
core   0: 1 0x0000000080004368 (0x41ad0d3b) x26 0x0000000000000000
core   0: 0x000000008000436c (0x0100103b) sllw    zero, zero, a6
core   0: 1 0x000000008000436c (0x0100103b)
core   0: 0x0000000080004370 (0xd23dfed3) fcvt.d.lu ft9, s11
core   0: 1 0x0000000080004370 (0xd23dfed3) f29 0x3ff0000000000000
core   0: 0x0000000080004374 (0x2ca44737) lui     a4, 0x2ca44
core   0: 1 0x0000000080004374 (0x2ca44737) x14 0x000000002ca44000
core   0: 0x0000000080004378 (0x001617f3) csrrw   a5, fflags, a2
core   0: 1 0x0000000080004378 (0x001617f3) x15 0x000000000000001f c1_fflags 0x0000000000000008
core   0: 0x000000008000437c (0xd69a9d17) auipc   s10, 0xd69a9
core   0: 1 0x000000008000437c (0xd69a9d17) x26 0x00000000569ad37c
core   0: 0x0000000080004380 (0xc0217c53) fcvt.l.s s8, ft2
core   0: 1 0x0000000080004380 (0xc0217c53) c1_fflags 0x0000000000000018 x24 0x7fffffffffffffff
core   0: 0x0000000080004384 (0x00000001) c.nop
core   0: 1 0x0000000080004384 (0x0001)
core   0: 0x0000000080004386 (0x41b357b3) sra     a5, t1, s11
core   0: 1 0x0000000080004386 (0x41b357b3) x15 0xfffffffffffffc02
core   0: 0x000000008000438a (0x0b93ff53) fsub.d  ft10, ft7, fs9
core   0: 1 0x000000008000438a (0x0b93ff53) f30 0x7ff8000000000000
core   0: 0x000000008000438e (0x409ad63b) sraw    a2, s5, s1
core   0: 1 0x000000008000438e (0x409ad63b) x12 0x0000000000018f2b
core   0: 0x0000000080004392 (0x13b57353) fmul.d  ft6, fa0, fs11
core   0: 1 0x0000000080004392 (0x13b57353) f6  0x7ff8000000000000
core   0: 0x0000000080004396 (0x02f1c33b) divw    t1, gp, a5
core   0: 1 0x0000000080004396 (0x02f1c33b) x6  0xffffffffffe60467
core   0: 0x000000008000439a (0x80036b13) ori     s6, t1, -2048
core   0: 1 0x000000008000439a (0x80036b13) x22 0xfffffffffffffc67
core   0: 0x000000008000439e (0x030eeeb3) rem     t4, t4, a6
core   0: 1 0x000000008000439e (0x030eeeb3) x29 0x0000003e33dd376f
core   0: 0x00000000800043a2 (0x03eddb93) srli    s7, s11, 62
core   0: 1 0x00000000800043a2 (0x03eddb93) x23 0x0000000000000000
core   0: 0x00000000800043a6 (0x1afd77c7) fmsub.d fa5, fs10, fa5, ft3
core   0: 1 0x00000000800043a6 (0x1afd77c7) f15 0x7ff8000000000000
core   0: 0x00000000800043aa (0x4005803b) subw    zero, a1, zero
core   0: 1 0x00000000800043aa (0x4005803b)
core   0: 0x00000000800043ae (0xfc833837) lui     a6, 0xfc833
core   0: 1 0x00000000800043ae (0xfc833837) x16 0xfffffffffc833000
core   0: 0x00000000800043b2 (0x2198081b) addiw   a6, a6, 537
core   0: 1 0x00000000800043b2 (0x2198081b) x16 0xfffffffffc833219
core   0: 0x00000000800043b6 (0x00000836) c.slli  a6, 13
core   0: 1 0x00000000800043b6 (0x0836) x16 0xffffff9066432000
core   0: 0x00000000800043b8 (0x60180813) addi    a6, a6, 1537
core   0: 1 0x00000000800043b8 (0x60180813) x16 0xffffff9066432601
core   0: 0x00000000800043bc (0x0ff0000f) fence   iorw,iorw
core   0: 1 0x00000000800043bc (0x0ff0000f)
core   0: 0x00000000800043c0 (0x79bac937) lui     s2, 0x79bac
core   0: 1 0x00000000800043c0 (0x79bac937) x18 0x0000000079bac000
core   0: 0x00000000800043c4 (0x0094fab3) and     s5, s1, s1
core   0: 1 0x00000000800043c4 (0x0094fab3) x21 0x00000047ad1210ed
core   0: 0x00000000800043c8 (0x52f3754b) fnmsub.d fa0, ft6, fa5, fa0
core   0: 1 0x00000000800043c8 (0x52f3754b) f10 0x7ff8000000000000
core   0: 0x00000000800043cc (0x2bdc86d3) fmin.d  fa3, fs9, ft9
core   0: 1 0x00000000800043cc (0x2bdc86d3) f13 0x3ff0000000000000
core   0: 0x00000000800043d0 (0x410e5db3) sra     s11, t3, a6
core   0: 1 0x00000000800043d0 (0x410e5db3) x27 0x0000000040000092
core   0: 0x00000000800043d4 (0x00ae9393) slli    t2, t4, 10
core   0: 1 0x00000000800043d4 (0x00ae9393) x7  0x0000f8cf74ddbc00
core   0: 0x00000000800043d8 (0x0383d7b3) divu    a5, t2, s8
core   0: 1 0x00000000800043d8 (0x0383d7b3) x15 0x0000000000000000
core   0: 0x00000000800043dc (0x2ad68553) fmin.d  fa0, fa3, fa3
core   0: 1 0x00000000800043dc (0x2ad68553) f10 0x3ff0000000000000
core   0: 0x00000000800043e0 (0x42fac113) xori    sp, s5, 1071
core   0: 1 0x00000000800043e0 (0x42fac113) x2  0x00000047ad1214c2
core   0: 0x00000000800043e4 (0x00102373) csrrs   t1, fflags, zero
core   0: 1 0x00000000800043e4 (0x00102373) x6  0x0000000000000018
core   0: 0x00000000800043e8 (0x00000001) c.nop
core   0: 1 0x00000000800043e8 (0x0001)
core   0: 0x00000000800043ea (0x03890033) mul     zero, s2, s8
core   0: 1 0x00000000800043ea (0x03890033)
core   0: 0x00000000800043ee (0x03bdcc3b) divw    s8, s11, s11
core   0: 1 0x00000000800043ee (0x03bdcc3b) x24 0x0000000000000001
core   0: 0x00000000800043f2 (0x0001511b) srliw   sp, sp, 0
core   0: 1 0x00000000800043f2 (0x0001511b) x2  0xffffffffad1214c2
core   0: 0x00000000800043f6 (0xf11a1273) csrrw   tp, mvendorid, s4
core   0: exception trap_illegal_instruction, epc 0x00000000800043f6
core   0:           tval 0x00000000f11a1273
core   0: >>>>  $xrv64i2p1_m2p0_a2p1_f2p2_d2p2_zicsr2p0_zifencei2p0_zmmul1p0_zba1p0_zbb1p0_zbc1p0_zbs1p0
core   0: 0x0000000080004000 (0x0080006f) j       pc + 0x8
core   0: 3 0x0000000080004000 (0x0080006f)
core   0: >>>>  mmode_exception_handler
core   0: 0x0000000080004008 (0x00002c17) auipc   s8, 0x2
core   0: 3 0x0000000080004008 (0x00002c17) x24 0x0000000080006008
core   0: 0x000000008000400c (0xfa2c0c13) addi    s8, s8, -94
core   0: 3 0x000000008000400c (0xfa2c0c13) x24 0x0000000080005faa
core   0: 0x0000000080004010 (0x000c00e7) jalr    s8
core   0: 3 0x0000000080004010 (0x000c00e7) x1  0x0000000080004014
core   0: >>>>  any_handler
core   0: 0x0000000080005faa (0x341027f3) csrrs   a5, mepc, zero
core   0: 3 0x0000000080005faa (0x341027f3) x15 0x00000000800043f6
core   0: 0x0000000080005fae (0x34202773) csrrs   a4, mcause, zero
core   0: 3 0x0000000080005fae (0x34202773) x14 0x0000000000000002
core   0: 0x0000000080005fb2 (0x142026f3) csrrs   a3, scause, zero
core   0: 3 0x0000000080005fb2 (0x142026f3) x13 0x0000000000000000
core   0: 0x0000000080005fb6 (0x30402673) csrrs   a2, mie, zero
core   0: 3 0x0000000080005fb6 (0x30402673) x12 0x0000000000000a00
core   0: 0x0000000080005fba (0x344025f3) csrrs   a1, mip, zero
core   0: 3 0x0000000080005fba (0x344025f3) x11 0x0000000000000080
core   0: 0x0000000080005fbe (0x343025f3) csrrs   a1, mtval, zero
core   0: 3 0x0000000080005fbe (0x343025f3) x11 0x00000000f11a1273
core   0: 0x0000000080005fc2 (0x14302573) csrrs   a0, stval, zero
core   0: 3 0x0000000080005fc2 (0x14302573) x10 0x0000000000000000
core   0: 0x0000000080005fc6 (0xb02024f3) csrrs   s1, minstret, zero
core   0: 3 0x0000000080005fc6 (0xb02024f3) x9  0x000000000000090f
core   0: 0x0000000080005fca (0x0000a811) c.j     pc + 20
core   0: 3 0x0000000080005fca (0xa811)
core   0: >>>>  mepc_4
core   0: 0x0000000080005fde (0x00000791) c.addi  a5, 4
core   0: 3 0x0000000080005fde (0x0791) x15 0x00000000800043fa
core   0: 0x0000000080005fe0 (0x34179073) csrrw   zero, mepc, a5
core   0: 3 0x0000000080005fe0 (0x34179073) c833_mepc 0x00000000800043fa
core   0: 0x0000000080005fe4 (0x30200073) mret
core   0: 3 0x0000000080005fe4 (0x30200073) c768_mstatus 0x8000000a00106080
core   0: 0x00000000800043fa (0x02480cbb) mulw    s9, a6, tp
core   0: 1 0x00000000800043fa (0x02480cbb) x25 0x0000000000000000
core   0: 0x00000000800043fe (0xd0387653) fcvt.s.lu fa2, a6
core   0: 1 0x00000000800043fe (0xd0387653) c1_fflags 0x0000000000000019 f12 0xffffffff5f800000
core   0: 0x0000000080004402 (0xfff2069b) addiw   a3, tp, -1
core   0: 1 0x0000000080004402 (0xfff2069b) x13 0xffffffffffffffff
core   0: 0x0000000080004406 (0xd20e03d3) fcvt.d.w ft7, t3
core   0: 1 0x0000000080004406 (0xd20e03d3) f7  0xc1dfffffb7000000
core   0: 0x000000008000440a (0x127cf44b) fnmsub.d fs0, fs9, ft7, ft2
core   0: 1 0x000000008000440a (0x127cf44b) f8  0x7ff8000000000000
core   0: 0x000000008000440e (0xe320f943) fmadd.d fs2, ft1, fs2, ft8
core   0: 1 0x000000008000440e (0xe320f943) f18 0x7ff8000000000000
core   0: 0x0000000080004412 (0x00000001) c.nop
core   0: 1 0x0000000080004412 (0x0001)
core   0: 0x0000000080004414 (0x007c909b) slliw   ra, s9, 7
core   0: 1 0x0000000080004414 (0x007c909b) x1  0x0000000000000000
core   0: 0x0000000080004418 (0x224405d3) fsgnj.d fa1, fs0, ft4
core   0: 1 0x0000000080004418 (0x224405d3) f11 0x7ff8000000000000
core   0: 0x000000008000441c (0xf20687d3) fmv.d.x fa5, a3
core   0: 1 0x000000008000441c (0xf20687d3) f15 0xffffffffffffffff
core   0: 0x0000000080004420 (0x00c0941b) slliw   s0, ra, 12
core   0: 1 0x0000000080004420 (0x00c0941b) x8  0x0000000000000000
core   0: 0x0000000080004424 (0x2aaf0553) fmin.d  fa0, ft10, fa0
core   0: 1 0x0000000080004424 (0x2aaf0553) f10 0x3ff0000000000000
core   0: 0x0000000080004428 (0xc20b7ed3) fcvt.w.d t4, fs6
core   0: 1 0x0000000080004428 (0xc20b7ed3) c1_fflags 0x0000000000000019 x29 0x000000007fffffff
core   0: 0x000000008000442c (0x00e2909b) slliw   ra, t0, 14
core   0: 1 0x000000008000442c (0x00e2909b) x1  0x0000000000000000
core   0: 0x0000000080004430 (0x4222d713) srai    a4, t0, 34
core   0: 1 0x0000000080004430 (0x4222d713) x14 0x0000000000000000
core   0: 0x0000000080004434 (0x02005933) divu    s2, zero, zero
core   0: 1 0x0000000080004434 (0x02005933) x18 0xffffffffffffffff
core   0: 0x0000000080004438 (0x0028d13b) srlw    sp, a7, sp
core   0: 1 0x0000000080004438 (0x0028d13b) x2  0x0000000000000000
core   0: 0x000000008000443c (0xc020f653) fcvt.l.s a2, ft1
core   0: 1 0x000000008000443c (0xc020f653) x12 0x0000000000000000
core   0: 0x0000000080004440 (0x000d169b) slliw   a3, s10, 0
core   0: 1 0x0000000080004440 (0x000d169b) x13 0x00000000569ad37c
core   0: 0x0000000080004444 (0x2391a553) fsgnjx.d fa0, ft3, fs9
core   0: 1 0x0000000080004444 (0x2391a553) f10 0x7ff8000000000000
core   0: 0x0000000080004448 (0x72adc913) xori    s2, s11, 1834
core   0: 1 0x0000000080004448 (0x72adc913) x18 0x00000000400007b8
core   0: 0x000000008000444c (0x00d8593b) srlw    s2, a6, a3
core   0: 1 0x000000008000444c (0x00d8593b) x18 0x0000000000000006
core   0: 0x0000000080004450 (0x00475b1b) srliw   s6, a4, 4
core   0: 1 0x0000000080004450 (0x00475b1b) x22 0x0000000000000000
core   0: 0x0000000080004454 (0x2a771753) fmax.d  fa4, fa4, ft7
core   0: 1 0x0000000080004454 (0x2a771753) f14 0x0000000000000000
core   0: 0x0000000080004458 (0xc211f053) fcvt.wu.d zero, ft3
core   0: 1 0x0000000080004458 (0xc211f053) c1_fflags 0x0000000000000019
core   0: 0x000000008000445c (0xc2377cd3) fcvt.lu.d s9, fa4
core   0: 1 0x000000008000445c (0xc2377cd3) x25 0x0000000000000000
core   0: 0x0000000080004460 (0x1afafcd3) fdiv.d  fs9, fs5, fa5
core   0: 1 0x0000000080004460 (0x1afafcd3) f25 0x7ff8000000000000
core   0: 0x0000000080004464 (0x0b9179d3) fsub.d  fs3, ft2, fs9
core   0: 1 0x0000000080004464 (0x0b9179d3) f19 0x7ff8000000000000
core   0: 0x0000000080004468 (0x001e0193) addi    gp, t3, 1
core   0: 1 0x0000000080004468 (0x001e0193) x3  0x0000000080000125
core   0: 0x000000008000446c (0x403688b3) sub     a7, a3, gp
core   0: 1 0x000000008000446c (0x403688b3) x17 0xffffffffd69ad257
core   0: 0x0000000080004470 (0xc229f753) fcvt.l.d a4, fs3
core   0: 1 0x0000000080004470 (0xc229f753) c1_fflags 0x0000000000000019 x14 0x7fffffffffffffff
core   0: 0x0000000080004474 (0x0223c3bb) divw    t2, t2, sp
core   0: 1 0x0000000080004474 (0x0223c3bb) x7  0xffffffffffffffff
core   0: 0x0000000080004478 (0xd21d81d3) fcvt.d.wu ft3, s11
core   0: 1 0x0000000080004478 (0xd21d81d3) f3  0x41d0000024800000
core   0: 0x000000008000447c (0x41d78ebb) subw    t4, a5, t4
core   0: 1 0x000000008000447c (0x41d78ebb) x29 0x00000000000043fb
core   0: 0x0000000080004480 (0x23809ad3) fsgnjn.d fs5, ft1, fs8
core   0: 1 0x0000000080004480 (0x23809ad3) f21 0x7fffffff00000000
core   0: 0x0000000080004484 (0x016299b3) sll     s3, t0, s6
core   0: 1 0x0000000080004484 (0x016299b3) x19 0x0000000000000000
core   0: 0x0000000080004488 (0x23a69e53) fsgnjn.d ft8, fa3, fs10
core   0: 1 0x0000000080004488 (0x23a69e53) f28 0xbff0000000000000
core   0: 0x000000008000448c (0xc200f253) fcvt.w.d tp, ft1
core   0: 1 0x000000008000448c (0xc200f253) c1_fflags 0x0000000000000019 x4  0x000000007fffffff
core   0: 0x0000000080004490 (0x00b5d013) srli    zero, a1, 11
core   0: 1 0x0000000080004490 (0x00b5d013)
core   0: 0x0000000080004494 (0x22e92953) fsgnjx.d fs2, fs2, fa4
core   0: 1 0x0000000080004494 (0x22e92953) f18 0x7ff8000000000000
core   0: 0x0000000080004498 (0xd2020e53) fcvt.d.w ft8, tp
core   0: 1 0x0000000080004498 (0xd2020e53) f28 0x41dfffffffc00000
core   0: 0x000000008000449c (0x4173571b) sraiw   a4, t1, 23
core   0: 1 0x000000008000449c (0x4173571b) x14 0x0000000000000000
core   0: 0x00000000800044a0 (0x001a6a13) ori     s4, s4, 1
core   0: 1 0x00000000800044a0 (0x001a6a13) x20 0x0000000000000001
core   0: 0x00000000800044a4 (0x105fec73) csrrsi  s8, stvec, 31
core   0: 1 0x00000000800044a4 (0x105fec73) x24 0x0000000000000000 c261_stvec 0x000000000000001d
core   0: 0x00000000800044a8 (0xc22e7753) fcvt.l.d a4, ft8
core   0: 1 0x00000000800044a8 (0xc22e7753) x14 0x000000007fffffff
core   0: 0x00000000800044ac (0x00eaf9b3) and     s3, s5, a4
core   0: 1 0x00000000800044ac (0x00eaf9b3) x19 0x000000002d1210ed
core   0: 0x00000000800044b0 (0x036ac1bb) divw    gp, s5, s6
core   0: 1 0x00000000800044b0 (0x036ac1bb) x3  0xffffffffffffffff
core   0: 0x00000000800044b4 (0x2bb712d3) fmax.d  ft5, fa4, fs11
core   0: 1 0x00000000800044b4 (0x2bb712d3) f5  0x0000000000000000
core   0: 0x00000000800044b8 (0xc9f38c37) lui     s8, 0xc9f38
core   0: 1 0x00000000800044b8 (0xc9f38c37) x24 0xffffffffc9f38000
core   0: 0x00000000800044bc (0x0131c3b3) xor     t2, gp, s3
core   0: 1 0x00000000800044bc (0x0131c3b3) x7  0xffffffffd2edef12
core   0: 0x00000000800044c0 (0x0008a033) slt     zero, a7, zero
core   0: 1 0x00000000800044c0 (0x0008a033)
core   0: 0x00000000800044c4 (0xd223f353) fcvt.d.l ft6, t2
core   0: 1 0x00000000800044c4 (0xd223f353) f6  0xc1c6890877000000
core   0: 0x00000000800044c8 (0xabde7ac7) fmsub.d fs5, ft8, ft9, fs5
core   0: 1 0x00000000800044c8 (0xabde7ac7) f21 0x7ff8000000000000
core   0: 0x00000000800044cc (0xc21479d3) fcvt.wu.d s3, fs0
core   0: 1 0x00000000800044cc (0xc21479d3) c1_fflags 0x0000000000000019 x19 0xffffffffffffffff
core   0: 0x00000000800044d0 (0x401afd53) fcvt.s.d fs10, fs5
core   0: 1 0x00000000800044d0 (0x401afd53) f26 0xffffffff7fc00000
core   0: 0x00000000800044d4 (0x5a01f4d3) fsqrt.d fs1, ft3
core   0: 1 0x00000000800044d4 (0x5a01f4d3) c1_fflags 0x0000000000000019 f9  0x40e00000123ffff6
core   0: 0x00000000800044d8 (0x4108ddbb) sraw    s11, a7, a6
core   0: 1 0x00000000800044d8 (0x4108ddbb) x27 0xffffffffeb4d692b
core   0: 0x00000000800044dc (0x01f9d413) srli    s0, s3, 31
core   0: 1 0x00000000800044dc (0x01f9d413) x8  0x00000001ffffffff
core   0: 0x00000000800044e0 (0x231498d3) fsgnjn.d fa7, fs1, fa7
core   0: 1 0x00000000800044e0 (0x231498d3) f17 0xc0e00000123ffff6
core   0: 0x00000000800044e4 (0x40ee0e33) sub     t3, t3, a4
core   0: 1 0x00000000800044e4 (0x40ee0e33) x28 0x0000000000000125
core   0: 0x00000000800044e8 (0x010e553b) srlw    a0, t3, a6
core   0: 1 0x00000000800044e8 (0x010e553b) x10 0x0000000000000092
core   0: 0x00000000800044ec (0x9668cbb7) lui     s7, 0x9668c
core   0: 1 0x00000000800044ec (0x9668cbb7) x23 0xffffffff9668c000
core   0: 0x00000000800044f0 (0x01fe1613) slli    a2, t3, 31
core   0: 1 0x00000000800044f0 (0x01fe1613) x12 0x0000009280000000
core   0: 0x00000000800044f4 (0x2a9490d3) fmax.d  ft1, fs1, fs1
core   0: 1 0x00000000800044f4 (0x2a9490d3) f1  0x40e00000123ffff6
core   0: 0x00000000800044f8 (0x01b00abb) addw    s5, zero, s11
core   0: 1 0x00000000800044f8 (0x01b00abb) x21 0xffffffffeb4d692b
core   0: 0x00000000800044fc (0xd22af953) fcvt.d.l fs2, s5
core   0: 1 0x00000000800044fc (0xd22af953) f18 0xc1b4b296d5000000
core   0: 0x0000000080004500 (0x9323facf) fnmadd.d fs5, ft7, fs2, fs2
core   0: 1 0x0000000080004500 (0x9323facf) c1_fflags 0x0000000000000019 f21 0xc3a4b296a59f32bc
core   0: 0x0000000080004504 (0x9aac7c43) fmadd.d fs8, fs8, fa0, fs3
core   0: 1 0x0000000080004504 (0x9aac7c43) f24 0x7ff8000000000000
core   0: 0x0000000080004508 (0x02849433) mulh    s0, s1, s0
core   0: 1 0x0000000080004508 (0x02849433) x8  0x0000000000000000
core   0: 0x000000008000450c (0x0225da3b) divuw   s4, a1, sp
core   0: 1 0x000000008000450c (0x0225da3b) x20 0xffffffffffffffff
core   0: 0x0000000080004510 (0xa3ac0653) fle.d   a2, fs8, fs10
core   0: 1 0x0000000080004510 (0xa3ac0653) c1_fflags 0x0000000000000019 x12 0x0000000000000000
core   0: 0x0000000080004514 (0x31f71137) lui     sp, 0x31f71
core   0: 1 0x0000000080004514 (0x31f71137) x2  0x0000000031f71000
core   0: 0x0000000080004518 (0xc02372d3) fcvt.l.s t0, ft6
core   0: 1 0x0000000080004518 (0xc02372d3) c1_fflags 0x0000000000000019 x5  0x7fffffffffffffff
core   0: 0x000000008000451c (0x0050a437) lui     s0, 0x50a
core   0: 1 0x000000008000451c (0x0050a437) x8  0x000000000050a000
core   0: 0x0000000080004520 (0x88b4041b) addiw   s0, s0, -1909
core   0: 1 0x0000000080004520 (0x88b4041b) x8  0x000000000050988b
core   0: 0x0000000080004524 (0x00000436) c.slli  s0, 13
core   0: 1 0x0000000080004524 (0x0436) x8  0x0000000a13116000
core   0: 0x0000000080004526 (0x85040413) addi    s0, s0, -1968
core   0: 1 0x0000000080004526 (0x85040413) x8  0x0000000a13115850
core   0: 0x000000008000452a (0x003759b3) srl     s3, a4, gp
core   0: 1 0x000000008000452a (0x003759b3) x19 0x0000000000000000
core   0: 0x000000008000452e (0xc21978d3) fcvt.wu.d a7, fs2
core   0: 1 0x000000008000452e (0xc21978d3) c1_fflags 0x0000000000000019 x17 0x0000000000000000
core   0: 0x0000000080004532 (0xe20501d3) fmv.x.d gp, fa0
core   0: 1 0x0000000080004532 (0xe20501d3) x3  0x7ff8000000000000
core   0: 0x0000000080004536 (0xd02efe53) fcvt.s.l ft8, t4
core   0: 1 0x0000000080004536 (0xd02efe53) f28 0xffffffff4687f600
core   0: 0x000000008000453a (0x43675a93) srai    s5, a4, 54
core   0: 1 0x000000008000453a (0x43675a93) x21 0x0000000000000000
core   0: 0x000000008000453e (0x02dd7353) fadd.d  ft6, fs10, fa3
core   0: 1 0x000000008000453e (0x02dd7353) f6  0x7ff8000000000000
core   0: 0x0000000080004542 (0x69da819b) addiw   gp, s5, 1693
core   0: 1 0x0000000080004542 (0x69da819b) x3  0x000000000000069d
core   0: 0x0000000080004546 (0x4013fbd3) fcvt.s.d fs7, ft7
core   0: 1 0x0000000080004546 (0x4013fbd3) c1_fflags 0x0000000000000019 f23 0xffffffffcefffffe
core   0: 0x000000008000454a (0x0011da93) srli    s5, gp, 1
core   0: 1 0x000000008000454a (0x0011da93) x21 0x000000000000034e
core   0: 0x000000008000454e (0xd3ccf443) fmadd.d fs0, fs9, ft8, fs10
core   0: 1 0x000000008000454e (0xd3ccf443) f8  0x7ff8000000000000
core   0: 0x0000000080004552 (0x800a8813) addi    a6, s5, -2048
core   0: 1 0x0000000080004552 (0x800a8813) x16 0xfffffffffffffb4e
core   0: 0x0000000080004556 (0x413e8b3b) subw    s6, t4, s3
core   0: 1 0x0000000080004556 (0x413e8b3b) x22 0x00000000000043fb
core   0: 0x000000008000455a (0x42defec7) fmsub.d ft9, ft9, fa3, fs0
core   0: 1 0x000000008000455a (0x42defec7) f29 0x7ff8000000000000
core   0: 0x000000008000455e (0x0275493b) divw    s2, a0, t2
core   0: 1 0x000000008000455e (0x0275493b) x18 0x0000000000000000
core   0: 0x0000000080004562 (0x031abab3) mulhu   s5, s5, a7
core   0: 1 0x0000000080004562 (0x031abab3) x21 0x0000000000000000
core   0: 0x0000000080004566 (0x030d51b3) divu    gp, s10, a6
core   0: 1 0x0000000080004566 (0x030d51b3) x3  0x0000000000000000
core   0: 0x000000008000456a (0xb26b7b43) fmadd.d fs6, fs6, ft6, fs6
core   0: 1 0x000000008000456a (0xb26b7b43) f22 0x7ff8000000000000
core   0: 0x000000008000456e (0x00102673) csrrs   a2, fflags, zero
core   0: 1 0x000000008000456e (0x00102673) x12 0x0000000000000019
core   0: 0x0000000080004572 (0x132b7a53) fmul.d  fs4, fs6, fs2
core   0: 1 0x0000000080004572 (0x132b7a53) f20 0x7ff8000000000000
core   0: 0x0000000080004576 (0x03f0d513) srli    a0, ra, 63
core   0: 1 0x0000000080004576 (0x03f0d513) x10 0x0000000000000000
core   0: 0x000000008000457a (0x0133de93) srli    t4, t2, 19
core   0: 1 0x000000008000457a (0x0133de93) x29 0x00001ffffffffa5d
core   0: 0x000000008000457e (0x004a8abb) addw    s5, s5, tp
core   0: 1 0x000000008000457e (0x004a8abb) x21 0x000000007fffffff
core   0: 0x0000000080004582 (0xd2020153) fcvt.d.w ft2, tp
core   0: 1 0x0000000080004582 (0xd2020153) f2  0x41dfffffffc00000
core   0: 0x0000000080004586 (0x00241473) csrrw   s0, frm, s0
core   0: 1 0x0000000080004586 (0x00241473) x8  0x0000000000000000 c2_frm 0x0000000000000000
core   0: 0x000000008000458a (0x00102973) csrrs   s2, fflags, zero
core   0: 1 0x000000008000458a (0x00102973) x18 0x0000000000000019
core   0: 0x000000008000458e (0x41f9539b) sraiw   t2, s2, 31
core   0: 1 0x000000008000458e (0x41f9539b) x7  0x0000000000000000
core   0: 0x0000000080004592 (0xc02a76d3) fcvt.l.s a3, fs4
core   0: 1 0x0000000080004592 (0xc02a76d3) c1_fflags 0x0000000000000019 x13 0x7fffffffffffffff
core   0: 0x0000000080004596 (0x000d9513) slli    a0, s11, 0
core   0: 1 0x0000000080004596 (0x000d9513) x10 0xffffffffeb4d692b
core   0: 0x000000008000459a (0x036e1233) mulh    tp, t3, s6
core   0: 1 0x000000008000459a (0x036e1233) x4  0x0000000000000000
core   0: 0x000000008000459e (0x03d97b53) fadd.d  fs6, fs2, ft9
core   0: 1 0x000000008000459e (0x03d97b53) f22 0x7ff8000000000000
core   0: 0x00000000800045a2 (0x418c07b3) sub     a5, s8, s8
core   0: 1 0x00000000800045a2 (0x418c07b3) x15 0x0000000000000000
core   0: 0x00000000800045a6 (0x03a95933) divu    s2, s2, s10
core   0: 1 0x00000000800045a6 (0x03a95933) x18 0x0000000000000000
core   0: 0x00000000800045aa (0xff7165b7) lui     a1, 0xff716
core   0: 1 0x00000000800045aa (0xff7165b7) x11 0xffffffffff716000
core   0: 0x00000000800045ae (0x20d5859b) addiw   a1, a1, 525
core   0: 1 0x00000000800045ae (0x20d5859b) x11 0xffffffffff71620d
core   0: 0x00000000800045b2 (0x000005b2) c.slli  a1, 12
core   0: 1 0x00000000800045b2 (0x05b2) x11 0xfffffff71620d000
core   0: 0x00000000800045b4 (0x42758593) addi    a1, a1, 1063
core   0: 1 0x00000000800045b4 (0x42758593) x11 0xfffffff71620d427
core   0: 0x00000000800045b8 (0x020078b3) remu    a7, zero, zero
core   0: 1 0x00000000800045b8 (0x020078b3) x17 0x0000000000000000
core   0: 0x00000000800045bc (0x8008839b) addiw   t2, a7, -2048
core   0: 1 0x00000000800045bc (0x8008839b) x7  0xfffffffffffff800
core   0: 0x00000000800045c0 (0x00000001) c.nop
core   0: 1 0x00000000800045c0 (0x0001)
core   0: 0x00000000800045c2 (0x01b8d313) srli    t1, a7, 27
core   0: 1 0x00000000800045c2 (0x01b8d313) x6  0x0000000000000000
core   0: 0x00000000800045c6 (0x026b13b3) mulh    t2, s6, t1
core   0: 1 0x00000000800045c6 (0x026b13b3) x7  0x0000000000000000
core   0: 0x00000000800045ca (0x10aff073) csrrci  zero, senvcfg, 31
core   0: 1 0x00000000800045ca (0x10aff073) c266_senvcfg 0x0000000000000000
core   0: 0x00000000800045ce (0x000080f2) c.mv    ra, t3
core   0: 1 0x00000000800045ce (0x80f2) x1  0x0000000000000125
core   0: 0x00000000800045d0 (0xe2008553) fmv.x.d a0, ft1
core   0: 1 0x00000000800045d0 (0xe2008553) x10 0x40e00000123ffff6
core   0: 0x00000000800045d4 (0x0ff0000f) fence   iorw,iorw
core   0: 1 0x00000000800045d4 (0x0ff0000f)
core   0: 0x00000000800045d8 (0x2a608e53) fmin.d  ft8, ft1, ft6
core   0: 1 0x00000000800045d8 (0x2a608e53) f28 0x40e00000123ffff6
core   0: 0x00000000800045dc (0xe3c0facf) fnmadd.d fs5, ft1, ft8, ft8
core   0: 1 0x00000000800045dc (0xe3c0facf) c1_fflags 0x0000000000000019 f21 0xc1d0002024802481
core   0: 0x00000000800045e0 (0xcfadcd93) xori    s11, s11, -774
core   0: 1 0x00000000800045e0 (0xcfadcd93) x27 0x0000000014b295d1
core   0: 0x00000000800045e4 (0x0d200597) auipc   a1, 0xd200
core   0: 1 0x00000000800045e4 (0x0d200597) x11 0x000000008d2045e4
core   0: 0x00000000800045e8 (0x00959abb) sllw    s5, a1, s1
core   0: 1 0x00000000800045e8 (0x00959abb) x21 0x0000000022f20000
core   0: 0x00000000800045ec (0xc0005873) csrrwi  a6, cycle, 0
core   0: exception trap_illegal_instruction, epc 0x00000000800045ec
core   0:           tval 0x00000000c0005873
core   0: >>>>  $xrv64i2p1_m2p0_a2p1_f2p2_d2p2_zicsr2p0_zifencei2p0_zmmul1p0_zba1p0_zbb1p0_zbc1p0_zbs1p0
core   0: 0x0000000080004000 (0x0080006f) j       pc + 0x8
core   0: 3 0x0000000080004000 (0x0080006f)
core   0: >>>>  mmode_exception_handler
core   0: 0x0000000080004008 (0x00002c17) auipc   s8, 0x2
core   0: 3 0x0000000080004008 (0x00002c17) x24 0x0000000080006008
core   0: 0x000000008000400c (0xfa2c0c13) addi    s8, s8, -94
core   0: 3 0x000000008000400c (0xfa2c0c13) x24 0x0000000080005faa
core   0: 0x0000000080004010 (0x000c00e7) jalr    s8
core   0: 3 0x0000000080004010 (0x000c00e7) x1  0x0000000080004014
core   0: >>>>  any_handler
core   0: 0x0000000080005faa (0x341027f3) csrrs   a5, mepc, zero
core   0: 3 0x0000000080005faa (0x341027f3) x15 0x00000000800045ec
core   0: 0x0000000080005fae (0x34202773) csrrs   a4, mcause, zero
core   0: 3 0x0000000080005fae (0x34202773) x14 0x0000000000000002
core   0: 0x0000000080005fb2 (0x142026f3) csrrs   a3, scause, zero
core   0: 3 0x0000000080005fb2 (0x142026f3) x13 0x0000000000000000
core   0: 0x0000000080005fb6 (0x30402673) csrrs   a2, mie, zero
core   0: 3 0x0000000080005fb6 (0x30402673) x12 0x0000000000000a00
core   0: 0x0000000080005fba (0x344025f3) csrrs   a1, mip, zero
core   0: 3 0x0000000080005fba (0x344025f3) x11 0x0000000000000080
core   0: 0x0000000080005fbe (0x343025f3) csrrs   a1, mtval, zero
core   0: 3 0x0000000080005fbe (0x343025f3) x11 0x00000000c0005873
core   0: 0x0000000080005fc2 (0x14302573) csrrs   a0, stval, zero
core   0: 3 0x0000000080005fc2 (0x14302573) x10 0x0000000000000000
core   0: 0x0000000080005fc6 (0xb02024f3) csrrs   s1, minstret, zero
core   0: 3 0x0000000080005fc6 (0xb02024f3) x9  0x000000000000099e
core   0: 0x0000000080005fca (0x0000a811) c.j     pc + 20
core   0: 3 0x0000000080005fca (0xa811)
core   0: >>>>  mepc_4
core   0: 0x0000000080005fde (0x00000791) c.addi  a5, 4
core   0: 3 0x0000000080005fde (0x0791) x15 0x00000000800045f0
core   0: 0x0000000080005fe0 (0x34179073) csrrw   zero, mepc, a5
core   0: 3 0x0000000080005fe0 (0x34179073) c833_mepc 0x00000000800045f0
core   0: 0x0000000080005fe4 (0x30200073) mret
core   0: 3 0x0000000080005fe4 (0x30200073) c768_mstatus 0x8000000a00106080
core   0: 0x00000000800045f0 (0xc220f4d3) fcvt.l.d s1, ft1
core   0: 1 0x00000000800045f0 (0xc220f4d3) c1_fflags 0x0000000000000019 x9  0x0000000000008000
core   0: 0x00000000800045f4 (0x4101d533) sra     a0, gp, a6
core   0: 1 0x00000000800045f4 (0x4101d533) x10 0x0000000000000000
core   0: 0x00000000800045f8 (0xc9dd7e13) andi    t3, s10, -867
core   0: 1 0x00000000800045f8 (0xc9dd7e13) x28 0x00000000569ad01c
core   0: 0x00000000800045fc (0xf121bcf3) csrrc   s9, marchid, gp
core   0: exception trap_illegal_instruction, epc 0x00000000800045fc
core   0:           tval 0x00000000f121bcf3
core   0: >>>>  $xrv64i2p1_m2p0_a2p1_f2p2_d2p2_zicsr2p0_zifencei2p0_zmmul1p0_zba1p0_zbb1p0_zbc1p0_zbs1p0
core   0: 0x0000000080004000 (0x0080006f) j       pc + 0x8
core   0: 3 0x0000000080004000 (0x0080006f)
core   0: >>>>  mmode_exception_handler
core   0: 0x0000000080004008 (0x00002c17) auipc   s8, 0x2
core   0: 3 0x0000000080004008 (0x00002c17) x24 0x0000000080006008
core   0: 0x000000008000400c (0xfa2c0c13) addi    s8, s8, -94
core   0: 3 0x000000008000400c (0xfa2c0c13) x24 0x0000000080005faa
core   0: 0x0000000080004010 (0x000c00e7) jalr    s8
core   0: 3 0x0000000080004010 (0x000c00e7) x1  0x0000000080004014
core   0: >>>>  any_handler
core   0: 0x0000000080005faa (0x341027f3) csrrs   a5, mepc, zero
core   0: 3 0x0000000080005faa (0x341027f3) x15 0x00000000800045fc
core   0: 0x0000000080005fae (0x34202773) csrrs   a4, mcause, zero
core   0: 3 0x0000000080005fae (0x34202773) x14 0x0000000000000002
core   0: 0x0000000080005fb2 (0x142026f3) csrrs   a3, scause, zero
core   0: 3 0x0000000080005fb2 (0x142026f3) x13 0x0000000000000000
core   0: 0x0000000080005fb6 (0x30402673) csrrs   a2, mie, zero
core   0: 3 0x0000000080005fb6 (0x30402673) x12 0x0000000000000a00
core   0: 0x0000000080005fba (0x344025f3) csrrs   a1, mip, zero
core   0: 3 0x0000000080005fba (0x344025f3) x11 0x0000000000000080
core   0: 0x0000000080005fbe (0x343025f3) csrrs   a1, mtval, zero
core   0: 3 0x0000000080005fbe (0x343025f3) x11 0x00000000f121bcf3
core   0: 0x0000000080005fc2 (0x14302573) csrrs   a0, stval, zero
core   0: 3 0x0000000080005fc2 (0x14302573) x10 0x0000000000000000
core   0: 0x0000000080005fc6 (0xb02024f3) csrrs   s1, minstret, zero
core   0: 3 0x0000000080005fc6 (0xb02024f3) x9  0x00000000000009b1
core   0: 0x0000000080005fca (0x0000a811) c.j     pc + 20
core   0: 3 0x0000000080005fca (0xa811)
core   0: >>>>  mepc_4
core   0: 0x0000000080005fde (0x00000791) c.addi  a5, 4
core   0: 3 0x0000000080005fde (0x0791) x15 0x0000000080004600
core   0: 0x0000000080005fe0 (0x34179073) csrrw   zero, mepc, a5
core   0: 3 0x0000000080005fe0 (0x34179073) c833_mepc 0x0000000080004600
core   0: 0x0000000080005fe4 (0x30200073) mret
core   0: 3 0x0000000080005fe4 (0x30200073) c768_mstatus 0x8000000a00106080
core   0: 0x0000000080004600 (0x3feeac97) auipc   s9, 0x3feea
core   0: 1 0x0000000080004600 (0x3feeac97) x25 0x00000000bfeee600
core   0: 0x0000000080004604 (0x00000001) c.nop
core   0: 1 0x0000000080004604 (0x0001)
core   0: 0x0000000080004606 (0x1b1ec293) xori    t0, t4, 433
core   0: 1 0x0000000080004606 (0x1b1ec293) x5  0x00001ffffffffbec
core   0: 0x000000008000460a (0x029cf833) remu    a6, s9, s1
core   0: 1 0x000000008000460a (0x029cf833) x16 0x000000000000095f
core   0: 0x000000008000460e (0x43f2d113) srai    sp, t0, 63
core   0: 1 0x000000008000460e (0x43f2d113) x2  0x0000000000000000
core   0: 0x0000000080004612 (0x140db973) csrrc   s2, sscratch, s11
core   0: 1 0x0000000080004612 (0x140db973) x18 0x0000000000000000 c320_sscratch 0x0000000000000000
core   0: 0x0000000080004616 (0x18f6c693) xori    a3, a3, 399
core   0: 1 0x0000000080004616 (0x18f6c693) x13 0x000000000000018f
core   0: 0x000000008000461a (0x2ba60653) fmin.d  fa2, fa2, fs10
core   0: 1 0x000000008000461a (0x2ba60653) f12 0x7ff8000000000000
core   0: 0x000000008000461e (0xa2a489d3) fle.d   s3, fs1, fa0
core   0: 1 0x000000008000461e (0xa2a489d3) c1_fflags 0x0000000000000019 x19 0x0000000000000000
core   0: 0x0000000080004622 (0x02b98233) mul     tp, s3, a1
core   0: 1 0x0000000080004622 (0x02b98233) x4  0x0000000000000000
core   0: 0x0000000080004626 (0x2a3a8c53) fmin.d  fs8, fs5, ft3
core   0: 1 0x0000000080004626 (0x2a3a8c53) f24 0xc1d0002024802481
core   0: 0x000000008000462a (0x1a29c993) xori    s3, s3, 418
core   0: 1 0x000000008000462a (0x1a29c993) x19 0x00000000000001a2
core   0: 0x000000008000462e (0x00201073) csrrw   zero, frm, zero
core   0: 1 0x000000008000462e (0x00201073) c2_frm 0x0000000000000000
core   0: 0x0000000080004632 (0x00000001) c.nop
core   0: 1 0x0000000080004632 (0x0001)
core   0: 0x0000000080004634 (0x000011c6) c.slli  gp, 49
core   0: 1 0x0000000080004634 (0x11c6) x3  0x0000000000000000
core   0: 0x0000000080004636 (0xbc1ffc97) auipc   s9, 0xbc1ff
core   0: 1 0x0000000080004636 (0xbc1ffc97) x25 0x000000003c203636
core   0: 0x000000008000463a (0x03f1d393) srli    t2, gp, 63
core   0: 1 0x000000008000463a (0x03f1d393) x7  0x0000000000000000
core   0: 0x000000008000463e (0xc02678d3) fcvt.l.s a7, fa2
core   0: 1 0x000000008000463e (0xc02678d3) c1_fflags 0x0000000000000019 x17 0x7fffffffffffffff
core   0: 0x0000000080004642 (0x6ac98a93) addi    s5, s3, 1708
core   0: 1 0x0000000080004642 (0x6ac98a93) x21 0x000000000000084e
core   0: 0x0000000080004646 (0x40c08633) sub     a2, ra, a2
core   0: 1 0x0000000080004646 (0x40c08633) x12 0x0000000080003614
core   0: 0x000000008000464a (0x2ad78753) fmin.d  fa4, fa5, fa3
core   0: 1 0x000000008000464a (0x2ad78753) f14 0x3ff0000000000000
core   0: 0x000000008000464e (0x74d66b13) ori     s6, a2, 1869
core   0: 1 0x000000008000464e (0x74d66b13) x22 0x000000008000375d
core   0: 0x0000000080004652 (0x420c03d3) fcvt.d.s ft7, fs8
core   0: 1 0x0000000080004652 (0x420c03d3) f7  0x7ff8000000000000
core   0: 0x0000000080004656 (0x31a49073) csrrw   zero, menvcfgh, s1
core   0: exception trap_illegal_instruction, epc 0x0000000080004656
core   0:           tval 0x0000000031a49073
core   0: >>>>  $xrv64i2p1_m2p0_a2p1_f2p2_d2p2_zicsr2p0_zifencei2p0_zmmul1p0_zba1p0_zbb1p0_zbc1p0_zbs1p0
core   0: 0x0000000080004000 (0x0080006f) j       pc + 0x8
core   0: 3 0x0000000080004000 (0x0080006f)
core   0: >>>>  mmode_exception_handler
core   0: 0x0000000080004008 (0x00002c17) auipc   s8, 0x2
core   0: 3 0x0000000080004008 (0x00002c17) x24 0x0000000080006008
core   0: 0x000000008000400c (0xfa2c0c13) addi    s8, s8, -94
core   0: 3 0x000000008000400c (0xfa2c0c13) x24 0x0000000080005faa
core   0: 0x0000000080004010 (0x000c00e7) jalr    s8
core   0: 3 0x0000000080004010 (0x000c00e7) x1  0x0000000080004014
core   0: >>>>  any_handler
core   0: 0x0000000080005faa (0x341027f3) csrrs   a5, mepc, zero
core   0: 3 0x0000000080005faa (0x341027f3) x15 0x0000000080004656
core   0: 0x0000000080005fae (0x34202773) csrrs   a4, mcause, zero
core   0: 3 0x0000000080005fae (0x34202773) x14 0x0000000000000002
core   0: 0x0000000080005fb2 (0x142026f3) csrrs   a3, scause, zero
core   0: 3 0x0000000080005fb2 (0x142026f3) x13 0x0000000000000000
core   0: 0x0000000080005fb6 (0x30402673) csrrs   a2, mie, zero
core   0: 3 0x0000000080005fb6 (0x30402673) x12 0x0000000000000a00
core   0: 0x0000000080005fba (0x344025f3) csrrs   a1, mip, zero
core   0: 3 0x0000000080005fba (0x344025f3) x11 0x0000000000000080
core   0: 0x0000000080005fbe (0x343025f3) csrrs   a1, mtval, zero
core   0: 3 0x0000000080005fbe (0x343025f3) x11 0x0000000031a49073
core   0: 0x0000000080005fc2 (0x14302573) csrrs   a0, stval, zero
core   0: 3 0x0000000080005fc2 (0x14302573) x10 0x0000000000000000
core   0: 0x0000000080005fc6 (0xb02024f3) csrrs   s1, minstret, zero
core   0: 3 0x0000000080005fc6 (0xb02024f3) x9  0x00000000000009d8
core   0: 0x0000000080005fca (0x0000a811) c.j     pc + 20
core   0: 3 0x0000000080005fca (0xa811)
core   0: >>>>  mepc_4
core   0: 0x0000000080005fde (0x00000791) c.addi  a5, 4
core   0: 3 0x0000000080005fde (0x0791) x15 0x000000008000465a
core   0: 0x0000000080005fe0 (0x34179073) csrrw   zero, mepc, a5
core   0: 3 0x0000000080005fe0 (0x34179073) c833_mepc 0x000000008000465a
core   0: 0x0000000080005fe4 (0x30200073) mret
core   0: 3 0x0000000080005fe4 (0x30200073) c768_mstatus 0x8000000a00106080
core   0: 0x000000008000465a (0x034e5e33) divu    t3, t3, s4
core   0: 1 0x000000008000465a (0x034e5e33) x28 0x0000000000000000
core   0: 0x000000008000465e (0x432e5413) srai    s0, t3, 50
core   0: 1 0x000000008000465e (0x432e5413) x8  0x0000000000000000
core   0: 0x0000000080004662 (0x003e9c1b) slliw   s8, t4, 3
core   0: 1 0x0000000080004662 (0x003e9c1b) x24 0xffffffffffffd2e8
core   0: 0x0000000080004666 (0xc02c78d3) fcvt.l.s a7, fs8
core   0: 1 0x0000000080004666 (0xc02c78d3) c1_fflags 0x0000000000000019 x17 0x7fffffffffffffff
core   0: 0x000000008000466a (0x41b1d193) srai    gp, gp, 27
core   0: 1 0x000000008000466a (0x41b1d193) x3  0x0000000000000000
core   0: 0x000000008000466e (0x22f19753) fsgnjn.d fa4, ft3, fa5
core   0: 1 0x000000008000466e (0x22f19753) f14 0x41d0000024800000
core   0: 0x0000000080004672 (0x23272653) fsgnjx.d fa2, fa4, fs2
core   0: 1 0x0000000080004672 (0x23272653) f12 0xc1d0000024800000
core   0: 0x0000000080004676 (0x014a2a33) slt     s4, s4, s4
core   0: 1 0x0000000080004676 (0x014a2a33) x20 0x0000000000000000
core   0: 0x000000008000467a (0x0184d49b) srliw   s1, s1, 24
core   0: 1 0x000000008000467a (0x0184d49b) x9  0x0000000000000000
core   0: 0x000000008000467e (0xd21286d3) fcvt.d.wu fa3, t0
core   0: 1 0x000000008000467e (0xd21286d3) f13 0x41efffff7d800000
core   0: 0x0000000080004682 (0x408d5db3) sra     s11, s10, s0
core   0: 1 0x0000000080004682 (0x408d5db3) x27 0x00000000569ad37c
core   0: 0x0000000080004686 (0x41ca033b) subw    t1, s4, t3
core   0: 1 0x0000000080004686 (0x41ca033b) x6  0x0000000000000000
core   0: 0x000000008000468a (0x00129ef3) csrrw   t4, fflags, t0
core   0: 1 0x000000008000468a (0x00129ef3) x29 0x0000000000000019 c1_fflags 0x000000000000000c
core   0: 0x000000008000468e (0x00000001) c.nop
core   0: 1 0x000000008000468e (0x0001)
core   0: 0x0000000080004690 (0xf1331173) csrrw   sp, mimpid, t1
core   0: exception trap_illegal_instruction, epc 0x0000000080004690
core   0:           tval 0x00000000f1331173
core   0: >>>>  $xrv64i2p1_m2p0_a2p1_f2p2_d2p2_zicsr2p0_zifencei2p0_zmmul1p0_zba1p0_zbb1p0_zbc1p0_zbs1p0
core   0: 0x0000000080004000 (0x0080006f) j       pc + 0x8
core   0: 3 0x0000000080004000 (0x0080006f)
core   0: >>>>  mmode_exception_handler
core   0: 0x0000000080004008 (0x00002c17) auipc   s8, 0x2
core   0: 3 0x0000000080004008 (0x00002c17) x24 0x0000000080006008
core   0: 0x000000008000400c (0xfa2c0c13) addi    s8, s8, -94
core   0: 3 0x000000008000400c (0xfa2c0c13) x24 0x0000000080005faa
core   0: 0x0000000080004010 (0x000c00e7) jalr    s8
core   0: 3 0x0000000080004010 (0x000c00e7) x1  0x0000000080004014
core   0: >>>>  any_handler
core   0: 0x0000000080005faa (0x341027f3) csrrs   a5, mepc, zero
core   0: 3 0x0000000080005faa (0x341027f3) x15 0x0000000080004690
core   0: 0x0000000080005fae (0x34202773) csrrs   a4, mcause, zero
core   0: 3 0x0000000080005fae (0x34202773) x14 0x0000000000000002
core   0: 0x0000000080005fb2 (0x142026f3) csrrs   a3, scause, zero
core   0: 3 0x0000000080005fb2 (0x142026f3) x13 0x0000000000000000
core   0: 0x0000000080005fb6 (0x30402673) csrrs   a2, mie, zero
core   0: 3 0x0000000080005fb6 (0x30402673) x12 0x0000000000000a00
core   0: 0x0000000080005fba (0x344025f3) csrrs   a1, mip, zero
core   0: 3 0x0000000080005fba (0x344025f3) x11 0x0000000000000080
core   0: 0x0000000080005fbe (0x343025f3) csrrs   a1, mtval, zero
core   0: 3 0x0000000080005fbe (0x343025f3) x11 0x00000000f1331173
core   0: 0x0000000080005fc2 (0x14302573) csrrs   a0, stval, zero
core   0: 3 0x0000000080005fc2 (0x14302573) x10 0x0000000000000000
core   0: 0x0000000080005fc6 (0xb02024f3) csrrs   s1, minstret, zero
core   0: 3 0x0000000080005fc6 (0xb02024f3) x9  0x00000000000009f6
core   0: 0x0000000080005fca (0x0000a811) c.j     pc + 20
core   0: 3 0x0000000080005fca (0xa811)
core   0: >>>>  mepc_4
core   0: 0x0000000080005fde (0x00000791) c.addi  a5, 4
core   0: 3 0x0000000080005fde (0x0791) x15 0x0000000080004694
core   0: 0x0000000080005fe0 (0x34179073) csrrw   zero, mepc, a5
core   0: 3 0x0000000080005fe0 (0x34179073) c833_mepc 0x0000000080004694
core   0: 0x0000000080005fe4 (0x30200073) mret
core   0: 3 0x0000000080005fe4 (0x30200073) c768_mstatus 0x8000000a00106080
core   0: 0x0000000080004694 (0x00909a93) slli    s5, ra, 9
core   0: 1 0x0000000080004694 (0x00909a93) x21 0x0000010000802800
core   0: 0x0000000080004698 (0x418c551b) sraiw   a0, s8, 24
core   0: 1 0x0000000080004698 (0x418c551b) x10 0xffffffffffffff80
core   0: 0x000000008000469c (0x000085e6) c.mv    a1, s9
core   0: 1 0x000000008000469c (0x85e6) x11 0x000000003c203636
core   0: 0x000000008000469e (0x006b96bb) sllw    a3, s7, t1
core   0: 1 0x000000008000469e (0x006b96bb) x13 0xffffffff9668c000
core   0: 0x00000000800046a2 (0xd236f1d3) fcvt.d.lu ft3, a3
core   0: 1 0x00000000800046a2 (0xd236f1d3) f3  0x43effffffff2cd18
core   0: 0x00000000800046a6 (0xd032f453) fcvt.s.lu fs0, t0
core   0: 1 0x00000000800046a6 (0xd032f453) c1_fflags 0x000000000000000d f8  0xffffffff56000000
core   0: 0x00000000800046aa (0x7ffc051b) addiw   a0, s8, 2047
core   0: 1 0x00000000800046aa (0x7ffc051b) x10 0xffffffff800067a9
core   0: 0x00000000800046ae (0xc23ff2d3) fcvt.lu.d t0, ft11
core   0: 1 0x00000000800046ae (0xc23ff2d3) c1_fflags 0x000000000000001d x5  0xffffffffffffffff
core   0: 0x00000000800046b2 (0x01c49bbb) sllw    s7, s1, t3
core   0: 1 0x00000000800046b2 (0x01c49bbb) x23 0x00000000000009f6
core   0: 0x00000000800046b6 (0xc02b7753) fcvt.l.s a4, fs6
core   0: 1 0x00000000800046b6 (0xc02b7753) c1_fflags 0x000000000000001d x14 0x7fffffffffffffff
core   0: 0x00000000800046ba (0x00339a1b) slliw   s4, t2, 3
core   0: 1 0x00000000800046ba (0x00339a1b) x20 0x0000000000000000
core   0: 0x00000000800046be (0x0a1170cb) fnmsub.d ft1, ft2, ft1, ft1
core   0: 1 0x00000000800046be (0x0a1170cb) c1_fflags 0x000000000000001d f1  0xc2d0000011fffff6
core   0: 0x00000000800046c2 (0x00102173) csrrs   sp, fflags, zero
core   0: 1 0x00000000800046c2 (0x00102173) x2  0x000000000000001d
core   0: 0x00000000800046c6 (0x0327a633) mulhsu  a2, a5, s2
core   0: 1 0x00000000800046c6 (0x0327a633) x12 0x0000000000000000
core   0: 0x00000000800046ca (0xc20b7353) fcvt.w.d t1, fs6
core   0: 1 0x00000000800046ca (0xc20b7353) c1_fflags 0x000000000000001d x6  0x000000007fffffff
core   0: 0x00000000800046ce (0xf2058253) fmv.d.x ft4, a1
core   0: 1 0x00000000800046ce (0xf2058253) f4  0x000000003c203636
core   0: 0x00000000800046d2 (0x031c51bb) divuw   gp, s8, a7
core   0: 1 0x00000000800046d2 (0x031c51bb) x3  0x0000000000000000
core   0: 0x00000000800046d6 (0x2a121c53) fmax.d  fs8, ft4, ft1
core   0: 1 0x00000000800046d6 (0x2a121c53) f24 0x000000003c203636
core   0: 0x00000000800046da (0xc228fad3) fcvt.l.d s5, fa7
core   0: 1 0x00000000800046da (0xc228fad3) c1_fflags 0x000000000000001d x21 0xffffffffffff8000
core   0: 0x00000000800046de (0x439bdb93) srai    s7, s7, 57
core   0: 1 0x00000000800046de (0x439bdb93) x23 0x0000000000000000
core   0: 0x00000000800046e2 (0x5a05fcd3) fsqrt.d fs9, fa1
core   0: 1 0x00000000800046e2 (0x5a05fcd3) f25 0x7ff8000000000000
core   0: 0x00000000800046e6 (0x9bfd7ec7) fmsub.d ft9, fs10, ft11, fs3
core   0: 1 0x00000000800046e6 (0x9bfd7ec7) f29 0x7ff8000000000000
core   0: 0x00000000800046ea (0x02f00c33) mul     s8, zero, a5
core   0: 1 0x00000000800046ea (0x02f00c33) x24 0x0000000000000000
core   0: 0x00000000800046ee (0x7ff26213) ori     tp, tp, 2047
core   0: 1 0x00000000800046ee (0x7ff26213) x4  0x00000000000007ff
core   0: 0x00000000800046f2 (0xc22372d3) fcvt.l.d t0, ft6
core   0: 1 0x00000000800046f2 (0xc22372d3) c1_fflags 0x000000000000001d x5  0x7fffffffffffffff
core   0: 0x00000000800046f6 (0x40400c33) sub     s8, zero, tp
core   0: 1 0x00000000800046f6 (0x40400c33) x24 0xfffffffffffff801
core   0: 0x00000000800046fa (0x001c6413) ori     s0, s8, 1
core   0: 1 0x00000000800046fa (0x001c6413) x8  0xfffffffffffff801
core   0: 0x00000000800046fe (0x036e44b3) div     s1, t3, s6
core   0: 1 0x00000000800046fe (0x036e44b3) x9  0x0000000000000000
core   0: 0x0000000080004702 (0x01945c33) srl     s8, s0, s9
core   0: 1 0x0000000080004702 (0x01945c33) x24 0x00000000000003ff
core   0: 0x0000000080004706 (0x5a09fb53) fsqrt.d fs6, fs3
core   0: 1 0x0000000080004706 (0x5a09fb53) f22 0x7ff8000000000000
core   0: 0x000000008000470a (0xa1548793) addi    a5, s1, -1515
core   0: 1 0x000000008000470a (0xa1548793) x15 0xfffffffffffffa15
core   0: 0x000000008000470e (0x017a1b3b) sllw    s6, s4, s7
core   0: 1 0x000000008000470e (0x017a1b3b) x22 0x0000000000000000
core   0: 0x0000000080004712 (0xd239f953) fcvt.d.lu fs2, s3
core   0: 1 0x0000000080004712 (0xd239f953) f18 0x407a200000000000
core   0: 0x0000000080004716 (0x0162ceb3) xor     t4, t0, s6
core   0: 1 0x0000000080004716 (0x0162ceb3) x29 0x7fffffffffffffff
core   0: 0x000000008000471a (0x0031f1b3) and     gp, gp, gp
core   0: 1 0x000000008000471a (0x0031f1b3) x3  0x0000000000000000
core   0: 0x000000008000471e (0x011de033) or      zero, s11, a7
core   0: 1 0x000000008000471e (0x011de033)
core   0: 0x0000000080004722 (0x00202873) csrrs   a6, frm, zero
core   0: 1 0x0000000080004722 (0x00202873) x16 0x0000000000000000
core   0: 0x0000000080004726 (0x011ea617) auipc   a2, 0x11ea
core   0: 1 0x0000000080004726 (0x011ea617) x12 0x00000000811ee726
core   0: 0x000000008000472a (0x0ff0000f) fence   iorw,iorw
core   0: 1 0x000000008000472a (0x0ff0000f)
core   0: 0x000000008000472e (0x1967fb13) andi    s6, a5, 406
core   0: 1 0x000000008000472e (0x1967fb13) x22 0x0000000000000014
core   0: 0x0000000080004732 (0x0080d093) srli    ra, ra, 8
core   0: 1 0x0000000080004732 (0x0080d093) x1  0x0000000000800040
core   0: 0x0000000080004736 (0x41d3529b) sraiw   t0, t1, 29
core   0: 1 0x0000000080004736 (0x41d3529b) x5  0x0000000000000003
core   0: 0x000000008000473a (0x0180a4b3) slt     s1, ra, s8
core   0: 1 0x000000008000473a (0x0180a4b3) x9  0x0000000000000000
core   0: 0x000000008000473e (0x02535a3b) divuw   s4, t1, t0
core   0: 1 0x000000008000473e (0x02535a3b) x20 0x000000002aaaaaaa
core   0: 0x0000000080004742 (0x1316f9d3) fmul.d  fs3, fa3, fa7
core   0: 1 0x0000000080004742 (0x1316f9d3) c1_fflags 0x000000000000001d f19 0xc2dfffffa1ffff57
core   0: 0x0000000080004746 (0x0005501b) srliw   zero, a0, 0
core   0: 1 0x0000000080004746 (0x0005501b)
core   0: 0x000000008000474a (0xd22af653) fcvt.d.l fa2, s5
core   0: 1 0x000000008000474a (0xd22af653) f12 0xc0e0000000000000
core   0: 0x000000008000474e (0x02d6c6bb) divw    a3, a3, a3
core   0: 1 0x000000008000474e (0x02d6c6bb) x13 0x0000000000000001
core   0: 0x0000000080004752 (0x8acaf84f) fnmadd.d fa6, fs5, fa2, fa7
core   0: 1 0x0000000080004752 (0x8acaf84f) c1_fflags 0x000000000000001d f16 0xc2c0002024402481
core   0: 0x0000000080004756 (0x00a6d41b) srliw   s0, a3, 10
core   0: 1 0x0000000080004756 (0x00a6d41b) x8  0x0000000000000000
core   0: 0x000000008000475a (0xd9eac993) xori    s3, s5, -610
core   0: 1 0x000000008000475a (0xd9eac993) x19 0x0000000000007d9e
core   0: 0x000000008000475e (0x48b46793) ori     a5, s0, 1163
core   0: 1 0x000000008000475e (0x48b46793) x15 0x000000000000048b
core   0: 0x0000000080004762 (0x1445b2f3) csrrc   t0, sip, a1
core   0: 1 0x0000000080004762 (0x1445b2f3) x5  0x0000000000000000 c836_mip 0x0000000000000080
core   0: 0x0000000080004766 (0x2a398ad3) fmin.d  fs5, fs3, ft3
core   0: 1 0x0000000080004766 (0x2a398ad3) f21 0xc2dfffffa1ffff57
core   0: 0x000000008000476a (0xc201fd53) fcvt.w.d s10, ft3
core   0: 1 0x000000008000476a (0xc201fd53) c1_fflags 0x000000000000001d x26 0x000000007fffffff
core   0: 0x000000008000476e (0xf132e473) csrrsi  s0, mimpid, 5
core   0: exception trap_illegal_instruction, epc 0x000000008000476e
core   0:           tval 0x00000000f132e473
core   0: >>>>  $xrv64i2p1_m2p0_a2p1_f2p2_d2p2_zicsr2p0_zifencei2p0_zmmul1p0_zba1p0_zbb1p0_zbc1p0_zbs1p0
core   0: 0x0000000080004000 (0x0080006f) j       pc + 0x8
core   0: 3 0x0000000080004000 (0x0080006f)
core   0: >>>>  mmode_exception_handler
core   0: 0x0000000080004008 (0x00002c17) auipc   s8, 0x2
core   0: 3 0x0000000080004008 (0x00002c17) x24 0x0000000080006008
core   0: 0x000000008000400c (0xfa2c0c13) addi    s8, s8, -94
core   0: 3 0x000000008000400c (0xfa2c0c13) x24 0x0000000080005faa
core   0: 0x0000000080004010 (0x000c00e7) jalr    s8
core   0: 3 0x0000000080004010 (0x000c00e7) x1  0x0000000080004014
core   0: >>>>  any_handler
core   0: 0x0000000080005faa (0x341027f3) csrrs   a5, mepc, zero
core   0: 3 0x0000000080005faa (0x341027f3) x15 0x000000008000476e
core   0: 0x0000000080005fae (0x34202773) csrrs   a4, mcause, zero
core   0: 3 0x0000000080005fae (0x34202773) x14 0x0000000000000002
core   0: 0x0000000080005fb2 (0x142026f3) csrrs   a3, scause, zero
core   0: 3 0x0000000080005fb2 (0x142026f3) x13 0x0000000000000000
core   0: 0x0000000080005fb6 (0x30402673) csrrs   a2, mie, zero
core   0: 3 0x0000000080005fb6 (0x30402673) x12 0x0000000000000a00
core   0: 0x0000000080005fba (0x344025f3) csrrs   a1, mip, zero
core   0: 3 0x0000000080005fba (0x344025f3) x11 0x0000000000000080
core   0: 0x0000000080005fbe (0x343025f3) csrrs   a1, mtval, zero
core   0: 3 0x0000000080005fbe (0x343025f3) x11 0x00000000f132e473
core   0: 0x0000000080005fc2 (0x14302573) csrrs   a0, stval, zero
core   0: 3 0x0000000080005fc2 (0x14302573) x10 0x0000000000000000
core   0: 0x0000000080005fc6 (0xb02024f3) csrrs   s1, minstret, zero
core   0: 3 0x0000000080005fc6 (0xb02024f3) x9  0x0000000000000a3d
core   0: 0x0000000080005fca (0x0000a811) c.j     pc + 20
core   0: 3 0x0000000080005fca (0xa811)
core   0: >>>>  mepc_4
core   0: 0x0000000080005fde (0x00000791) c.addi  a5, 4
core   0: 3 0x0000000080005fde (0x0791) x15 0x0000000080004772
core   0: 0x0000000080005fe0 (0x34179073) csrrw   zero, mepc, a5
core   0: 3 0x0000000080005fe0 (0x34179073) c833_mepc 0x0000000080004772
core   0: 0x0000000080005fe4 (0x30200073) mret
core   0: 3 0x0000000080005fe4 (0x30200073) c768_mstatus 0x8000000a00106080
core   0: 0x0000000080004772 (0x42030353) fcvt.d.s ft6, ft6
core   0: 1 0x0000000080004772 (0x42030353) f6  0x7ff8000000000000
core   0: 0x0000000080004776 (0x12317ccb) fnmsub.d fs9, ft2, ft3, ft2
core   0: 1 0x0000000080004776 (0x12317ccb) c1_fflags 0x000000000000001d f25 0xc5dfffffffb2cd18
core   0: 0x000000008000477a (0x001a92f3) csrrw   t0, fflags, s5
core   0: 1 0x000000008000477a (0x001a92f3) x5  0x000000000000001d c1_fflags 0x0000000000000000
core   0: 0x000000008000477e (0x01950b3b) addw    s6, a0, s9
core   0: 1 0x000000008000477e (0x01950b3b) x22 0x000000003c203636
core   0: 0x0000000080004782 (0x409756bb) sraw    a3, a4, s1
core   0: 1 0x0000000080004782 (0x409756bb) x13 0x0000000000000000
core   0: 0x0000000080004786 (0x23530b53) fsgnj.d fs6, ft6, fs5
core   0: 1 0x0000000080004786 (0x23530b53) f22 0xfff8000000000000
core   0: 0x000000008000478a (0x0180813b) addw    sp, ra, s8
core   0: 1 0x000000008000478a (0x0180813b) x2  0x0000000000009fbe
core   0: 0x000000008000478e (0xc03b7dd3) fcvt.lu.s s11, fs6
core   0: 1 0x000000008000478e (0xc03b7dd3) c1_fflags 0x0000000000000010 x27 0xffffffffffffffff
core   0: 0x0000000080004792 (0x00e21237) lui     tp, 0xe21
core   0: 1 0x0000000080004792 (0x00e21237) x4  0x0000000000e21000
core   0: 0x0000000080004796 (0x7dd2021b) addiw   tp, tp, 2013
core   0: 1 0x0000000080004796 (0x7dd2021b) x4  0x0000000000e217dd
core   0: 0x000000008000479a (0x0000023a) c.slli  tp, 14
core   0: 1 0x000000008000479a (0x023a) x4  0x0000003885f74000
core   0: 0x000000008000479c (0x25520213) addi    tp, tp, 597
core   0: 1 0x000000008000479c (0x25520213) x4  0x0000003885f74255
core   0: 0x00000000800047a0 (0x0065d39b) srliw   t2, a1, 6
core   0: 1 0x00000000800047a0 (0x0065d39b) x7  0x0000000003c4cb91
core   0: 0x00000000800047a4 (0xc0317c53) fcvt.lu.s s8, ft2
core   0: 1 0x00000000800047a4 (0xc0317c53) c1_fflags 0x0000000000000010 x24 0xffffffffffffffff
core   0: 0x00000000800047a8 (0x239b28d3) fsgnjx.d fa7, fs6, fs9
core   0: 1 0x00000000800047a8 (0x239b28d3) f17 0x7ff8000000000000
core   0: 0x00000000800047ac (0xd21c0dd3) fcvt.d.wu fs11, s8
core   0: 1 0x00000000800047ac (0xd21c0dd3) f27 0x41efffffffe00000
core   0: 0x00000000800047b0 (0xdea4c413) xori    s0, s1, -534
core   0: 1 0x00000000800047b0 (0xdea4c413) x8  0xfffffffffffff7d7
core   0: 0x00000000800047b4 (0x00db1d33) sll     s10, s6, a3
core   0: 1 0x00000000800047b4 (0x00db1d33) x26 0x000000003c203636
core   0: 0x00000000800047b8 (0x00ed0cbb) addw    s9, s10, a4
core   0: 1 0x00000000800047b8 (0x00ed0cbb) x25 0x000000003c203638
core   0: 0x00000000800047bc (0x7ff1e913) ori     s2, gp, 2047
core   0: 1 0x00000000800047bc (0x7ff1e913) x18 0x00000000000007ff
core   0: 0x00000000800047c0 (0x05f37a37) lui     s4, 0x5f37
core   0: 1 0x00000000800047c0 (0x05f37a37) x20 0x0000000005f37000
core   0: 0x00000000800047c4 (0x90da0a1b) addiw   s4, s4, -1779
core   0: 1 0x00000000800047c4 (0x90da0a1b) x20 0x0000000005f3690d
core   0: 0x00000000800047c8 (0x00000a32) c.slli  s4, 12
core   0: 1 0x00000000800047c8 (0x0a32) x20 0x0000005f3690d000
core   0: 0x00000000800047ca (0xdcfa0a13) addi    s4, s4, -561
core   0: 1 0x00000000800047ca (0xdcfa0a13) x20 0x0000005f3690cdcf
core   0: 0x00000000800047ce (0xe2068e53) fmv.x.d t3, fa3
core   0: 1 0x00000000800047ce (0xe2068e53) x28 0x41efffff7d800000
core   0: 0x00000000800047d2 (0x024e5e3b) divuw   t3, t3, tp
core   0: 1 0x00000000800047d2 (0x024e5e3b) x28 0x0000000000000000
core   0: 0x00000000800047d6 (0x2a669953) fmax.d  fs2, fa3, ft6
core   0: 1 0x00000000800047d6 (0x2a669953) f18 0x41efffff7d800000
core   0: 0x00000000800047da (0xcb78f243) fmadd.d ft4, fa7, fs7, fs9
core   0: 1 0x00000000800047da (0xcb78f243) f4  0x7ff8000000000000
core   0: 0x00000000800047de (0x00000001) c.nop
core   0: 1 0x00000000800047de (0x0001)
core   0: 0x00000000800047e0 (0x22200053) fsgnj.d ft0, ft0, ft2
core   0: 1 0x00000000800047e0 (0x22200053) f0  0x7fffffff7fc00000
core   0: 0x00000000800047e4 (0x00102a73) csrrs   s4, fflags, zero
core   0: 1 0x00000000800047e4 (0x00102a73) x20 0x0000000000000010
core   0: 0x00000000800047e8 (0x0161523b) srlw    tp, sp, s6
core   0: 1 0x00000000800047e8 (0x0161523b) x4  0x0000000000000000
core   0: 0x00000000800047ec (0xdc6e7993) andi    s3, t3, -570
core   0: 1 0x00000000800047ec (0xdc6e7993) x19 0x0000000000000000
core   0: 0x00000000800047f0 (0x0008941b) slliw   s0, a7, 0
core   0: 1 0x00000000800047f0 (0x0008941b) x8  0xffffffffffffffff
core   0: 0x00000000800047f4 (0x7c036737) lui     a4, 0x7c036
core   0: 1 0x00000000800047f4 (0x7c036737) x14 0x000000007c036000
core   0: 0x00000000800047f8 (0x017c9bb3) sll     s7, s9, s7
core   0: 1 0x00000000800047f8 (0x017c9bb3) x23 0x000000003c203638
core   0: 0x00000000800047fc (0x0008d013) srli    zero, a7, 0
core   0: 1 0x00000000800047fc (0x0008d013)
core   0: 0x0000000080004800 (0x00a72533) slt     a0, a4, a0
core   0: 1 0x0000000080004800 (0x00a72533) x10 0x0000000000000000
core   0: 0x0000000080004804 (0xe2010753) fmv.x.d a4, ft2
core   0: 1 0x0000000080004804 (0xe2010753) x14 0x41dfffffffc00000
core   0: 0x0000000080004808 (0x00000001) c.nop
core   0: 1 0x0000000080004808 (0x0001)
core   0: 0x000000008000480a (0x7ff5081b) addiw   a6, a0, 2047
core   0: 1 0x000000008000480a (0x7ff5081b) x16 0x00000000000007ff
core   0: 0x000000008000480e (0x000ddabb) srlw    s5, s11, zero
core   0: 1 0x000000008000480e (0x000ddabb) x21 0xffffffffffffffff
core   0: 0x0000000080004812 (0xc03cfcd3) fcvt.lu.s s9, fs9
core   0: 1 0x0000000080004812 (0xc03cfcd3) c1_fflags 0x0000000000000010 x25 0xffffffffffffffff
core   0: 0x0000000080004816 (0x03bcfdcb) fnmsub.d fs11, fs9, fs11, ft0
core   0: 1 0x0000000080004816 (0x03bcfdcb) f27 0x7ff8000000000000
core   0: 0x000000008000481a (0x03c8d4b3) divu    s1, a7, t3
core   0: 1 0x000000008000481a (0x03c8d4b3) x9  0xffffffffffffffff
core   0: 0x000000008000481e (0x0110ca33) xor     s4, ra, a7
core   0: 1 0x000000008000481e (0x0110ca33) x20 0x7fffffff7fffbfeb
core   0: 0x0000000080004822 (0x03f09413) slli    s0, ra, 63
core   0: 1 0x0000000080004822 (0x03f09413) x8  0x0000000000000000
core   0: 0x0000000080004826 (0x1237f1d3) fmul.d  ft3, fa5, ft3
core   0: 1 0x0000000080004826 (0x1237f1d3) f3  0x7ff8000000000000
core   0: 0x000000008000482a (0x417d823b) subw    tp, s11, s7
core   0: 1 0x000000008000482a (0x417d823b) x4  0xffffffffc3dfc9c7
core   0: 0x000000008000482e (0x00421a3b) sllw    s4, tp, tp
core   0: 1 0x000000008000482e (0x00421a3b) x20 0xffffffffefe4e380
core   0: 0x0000000080004832 (0x5a05f5cf) fnmadd.d fa1, fa1, ft0, fa1
core   0: 1 0x0000000080004832 (0x5a05f5cf) f11 0x7ff8000000000000
core   0: 0x0000000080004836 (0x0002149b) slliw   s1, tp, 0
core   0: 1 0x0000000080004836 (0x0002149b) x9  0xffffffffc3dfc9c7
core   0: 0x000000008000483a (0x000d099b) sext.w  s3, s10
core   0: 1 0x000000008000483a (0x000d099b) x19 0x000000003c203636
core   0: 0x000000008000483e (0xc233fc53) fcvt.lu.d s8, ft7
core   0: 1 0x000000008000483e (0xc233fc53) c1_fflags 0x0000000000000010 x24 0xffffffffffffffff
core   0: 0x0000000080004842 (0xe20802d3) fmv.x.d t0, fa6
core   0: 1 0x0000000080004842 (0xe20802d3) x5  0xc2c0002024402481
core   0: 0x0000000080004846 (0xdbb1f64f) fnmadd.d fa2, ft3, fs11, fs11
core   0: 1 0x0000000080004846 (0xdbb1f64f) f12 0x7ff8000000000000
core   0: 0x000000008000484a (0x03f9da93) srli    s5, s3, 63
core   0: 1 0x000000008000484a (0x03f9da93) x21 0x0000000000000000
core   0: 0x000000008000484e (0x02b58a3b) mulw    s4, a1, a1
core   0: 1 0x000000008000484e (0x02b58a3b) x20 0xffffffff8ec90ba9
core   0: 0x0000000080004852 (0x6a2b714b) fnmsub.d ft2, fs6, ft2, fa3
core   0: 1 0x0000000080004852 (0x6a2b714b) f2  0x7ff8000000000000
core   0: 0x0000000080004856 (0x2a808fd3) fmin.d  ft11, ft1, fs0
core   0: 1 0x0000000080004856 (0x2a808fd3) f31 0xc2d0000011fffff6
core   0: 0x000000008000485a (0x008a2533) slt     a0, s4, s0
core   0: 1 0x000000008000485a (0x008a2533) x10 0x0000000000000001
core   0: 0x000000008000485e (0x5a027553) fsqrt.d fa0, ft4
core   0: 1 0x000000008000485e (0x5a027553) f10 0x7ff8000000000000
core   0: 0x0000000080004862 (0x03452e33) mulhsu  t3, a0, s4
core   0: 1 0x0000000080004862 (0x03452e33) x28 0x0000000000000000
core   0: 0x0000000080004866 (0x0ff0000f) fence   iorw,iorw
core   0: 1 0x0000000080004866 (0x0ff0000f)
core   0: 0x000000008000486a (0xd2108d53) fcvt.d.wu fs10, ra
core   0: 1 0x000000008000486a (0xd2108d53) f26 0x41e0000802800000
core   0: 0x000000008000486e (0x41dd8dbb) subw    s11, s11, t4
core   0: 1 0x000000008000486e (0x41dd8dbb) x27 0x0000000000000000
core   0: 0x0000000080004872 (0x80030d13) addi    s10, t1, -2048
core   0: 1 0x0000000080004872 (0x80030d13) x26 0x000000007ffff7ff
core   0: 0x0000000080004876 (0xc22ffed3) fcvt.l.d t4, ft11
core   0: 1 0x0000000080004876 (0xc22ffed3) c1_fflags 0x0000000000000011 x29 0xffffbfffffb80000
core   0: 0x000000008000487a (0x22ba9ad3) fsgnjn.d fs5, fs5, fa1
core   0: 1 0x000000008000487a (0x22ba9ad3) f21 0xc2dfffffa1ffff57
core   0: 0x000000008000487e (0x000d44b3) xor     s1, s10, zero
core   0: 1 0x000000008000487e (0x000d44b3) x9  0x000000007ffff7ff
core   0: 0x0000000080004882 (0x00261373) csrrw   t1, frm, a2
core   0: 1 0x0000000080004882 (0x00261373) x6  0x0000000000000000 c2_frm 0x0000000000000000
core   0: 0x0000000080004886 (0x51db4693) xori    a3, s6, 1309
core   0: 1 0x0000000080004886 (0x51db4693) x13 0x000000003c20332b
core   0: 0x000000008000488a (0x0197513b) srlw    sp, a4, s9
core   0: 1 0x000000008000488a (0x0197513b) x2  0x0000000000000001
core   0: 0x000000008000488e (0x02d11033) mulh    zero, sp, a3
core   0: 1 0x000000008000488e (0x02d11033)
core   0: 0x0000000080004892 (0x41d05ebb) sraw    t4, zero, t4
core   0: 1 0x0000000080004892 (0x41d05ebb) x29 0x0000000000000000
core   0: 0x0000000080004896 (0xe20585d3) fmv.x.d a1, fa1
core   0: 1 0x0000000080004896 (0xe20585d3) x11 0x7ff8000000000000
core   0: 0x000000008000489a (0x1ba571cb) fnmsub.d ft3, fa0, fs10, ft3
core   0: 1 0x000000008000489a (0x1ba571cb) f3  0x7ff8000000000000
core   0: 0x000000008000489e (0x016ef233) and     tp, t4, s6
core   0: 1 0x000000008000489e (0x016ef233) x4  0x0000000000000000
core   0: 0x00000000800048a2 (0x01cb1e3b) sllw    t3, s6, t3
core   0: 1 0x00000000800048a2 (0x01cb1e3b) x28 0x000000003c203636
core   0: 0x00000000800048a6 (0xd024f553) fcvt.s.l fa0, s1
core   0: 1 0x00000000800048a6 (0xd024f553) c1_fflags 0x0000000000000011 f10 0xffffffff4efffff0
core   0: 0x00000000800048aa (0xd2148ed3) fcvt.d.wu ft9, s1
core   0: 1 0x00000000800048aa (0xd2148ed3) f29 0x41dffffdffc00000
core   0: 0x00000000800048ae (0x00f4943b) sllw    s0, s1, a5
core   0: 1 0x00000000800048ae (0x00f4943b) x8  0xffffffffdffc0000
core   0: 0x00000000800048b2 (0x03945cbb) divuw   s9, s0, s9
core   0: 1 0x00000000800048b2 (0x03945cbb) x25 0x0000000000000000
core   0: 0x00000000800048b6 (0x00191993) slli    s3, s2, 1
core   0: 1 0x00000000800048b6 (0x00191993) x19 0x0000000000000ffe
core   0: 0x00000000800048ba (0x4013873b) subw    a4, t2, ra
core   0: 1 0x00000000800048ba (0x4013873b) x14 0xffffffff83c48b7d
core   0: 0x00000000800048be (0x021482bb) mulw    t0, s1, ra
core   0: 1 0x00000000800048be (0x021482bb) x5  0x000000007dff1fec
core   0: 0x00000000800048c2 (0x005778b3) and     a7, a4, t0
core   0: 1 0x00000000800048c2 (0x005778b3) x17 0x0000000001c40b6c
core   0: 0x00000000800048c6 (0x02e1d4b3) divu    s1, gp, a4
core   0: 1 0x00000000800048c6 (0x02e1d4b3) x9  0x0000000000000000
core   0: 0x00000000800048ca (0x00589cbb) sllw    s9, a7, t0
core   0: 1 0x00000000800048ca (0x00589cbb) x25 0x0000000040b6c000
core   0: 0x00000000800048ce (0x5a0c7c53) fsqrt.d fs8, fs8
core   0: 1 0x00000000800048ce (0x5a0c7c53) c1_fflags 0x0000000000000011 f24 0x1f4f042ebd71bd2e
core   0: 0x00000000800048d2 (0x00529033) sll     zero, t0, t0
core   0: 1 0x00000000800048d2 (0x00529033)
core   0: 0x00000000800048d6 (0x13a5fcd3) fmul.d  fs9, fa1, fs10
core   0: 1 0x00000000800048d6 (0x13a5fcd3) f25 0x7ff8000000000000
core   0: 0x00000000800048da (0x00755c1b) srliw   s8, a0, 7
core   0: 1 0x00000000800048da (0x00755c1b) x24 0x0000000000000000
core   0: 0x00000000800048de (0x5a0471d3) fsqrt.d ft3, fs0
core   0: 1 0x00000000800048de (0x5a0471d3) f3  0x7ff8000000000000
core   0: 0x00000000800048e2 (0x23111d53) fsgnjn.d fs10, ft2, fa7
core   0: 1 0x00000000800048e2 (0x23111d53) f26 0xfff8000000000000
core   0: 0x00000000800048e6 (0xd02ef353) fcvt.s.l ft6, t4
core   0: 1 0x00000000800048e6 (0xd02ef353) f6  0xffffffff00000000
core   0: 0x00000000800048ea (0x7ff56693) ori     a3, a0, 2047
core   0: 1 0x00000000800048ea (0x7ff56693) x13 0x00000000000007ff
core   0: 0x00000000800048ee (0x141c7e13) andi    t3, s8, 321
core   0: 1 0x00000000800048ee (0x141c7e13) x28 0x0000000000000000
core   0: 0x00000000800048f2 (0xc0217953) fcvt.l.s s2, ft2
core   0: 1 0x00000000800048f2 (0xc0217953) c1_fflags 0x0000000000000011 x18 0x7fffffffffffffff
core   0: 0x00000000800048f6 (0x0088d8bb) srlw    a7, a7, s0
core   0: 1 0x00000000800048f6 (0x0088d8bb) x17 0x0000000001c40b6c
core   0: 0x00000000800048fa (0x000095ba) c.add   a1, a4
core   0: 1 0x00000000800048fa (0x95ba) x11 0x7ff7ffff83c48b7d
core   0: 0x00000000800048fc (0x12f6f7d3) fmul.d  fa5, fa3, fa5
core   0: 1 0x00000000800048fc (0x12f6f7d3) f15 0x7ff8000000000000
core   0: 0x0000000080004900 (0x0045ea33) or      s4, a1, tp
core   0: 1 0x0000000080004900 (0x0045ea33) x20 0x7ff7ffff83c48b7d
core   0: 0x0000000080004904 (0xc20dfc53) fcvt.w.d s8, fs11
core   0: 1 0x0000000080004904 (0xc20dfc53) c1_fflags 0x0000000000000011 x24 0x000000007fffffff
core   0: 0x0000000080004908 (0x5a0e7353) fsqrt.d ft6, ft8
core   0: 1 0x0000000080004908 (0x5a0e7353) c1_fflags 0x0000000000000011 f6  0x4066a09e7366d618
core   0: 0x000000008000490c (0xa3108b53) fle.d   s6, ft1, fa7
core   0: 1 0x000000008000490c (0xa3108b53) c1_fflags 0x0000000000000011 x22 0x0000000000000000
core   0: 0x0000000080004910 (0xc028f653) fcvt.l.s a2, fa7
core   0: 1 0x0000000080004910 (0xc028f653) c1_fflags 0x0000000000000011 x12 0x7fffffffffffffff
core   0: 0x0000000080004914 (0x401cfd53) fcvt.s.d fs10, fs9
core   0: 1 0x0000000080004914 (0x401cfd53) f26 0xffffffff7fc00000
core   0: 0x0000000080004918 (0x12d5fbd3) fmul.d  fs7, fa1, fa3
core   0: 1 0x0000000080004918 (0x12d5fbd3) f23 0x7ff8000000000000
core   0: 0x000000008000491c (0x02a968b3) rem     a7, s2, a0
core   0: 1 0x000000008000491c (0x02a968b3) x17 0x0000000000000000
core   0: 0x0000000080004920 (0x2aab8153) fmin.d  ft2, fs7, fa0
core   0: 1 0x0000000080004920 (0x2aab8153) f2  0x7ff8000000000000
core   0: 0x0000000080004924 (0xe20b8553) fmv.x.d a0, fs7
core   0: 1 0x0000000080004924 (0xe20b8553) x10 0x7ff8000000000000
core   0: 0x0000000080004928 (0xd23bfa53) fcvt.d.lu fs4, s7
core   0: 1 0x0000000080004928 (0xd23bfa53) f20 0x41ce101b1c000000
core   0: 0x000000008000492c (0xfbd3bbb7) lui     s7, 0xfbd3b
core   0: 1 0x000000008000492c (0xfbd3bbb7) x23 0xfffffffffbd3b000
core   0: 0x0000000080004930 (0xd27b8b9b) addiw   s7, s7, -729
core   0: 1 0x0000000080004930 (0xd27b8b9b) x23 0xfffffffffbd3ad27
core   0: 0x0000000080004934 (0x00000bb2) c.slli  s7, 12
core   0: 1 0x0000000080004934 (0x0bb2) x23 0xffffffbd3ad27000
core   0: 0x0000000080004936 (0xcfbb8b93) addi    s7, s7, -773
core   0: 1 0x0000000080004936 (0xcfbb8b93) x23 0xffffffbd3ad26cfb
core   0: 0x000000008000493a (0x024675d3) fadd.d  fa1, fa2, ft4
core   0: 1 0x000000008000493a (0x024675d3) f11 0x7ff8000000000000
core   0: 0x000000008000493e (0x03b402b3) mul     t0, s0, s11
core   0: 1 0x000000008000493e (0x03b402b3) x5  0x0000000000000000
core   0: 0x0000000080004942 (0x88b57793) andi    a5, a0, -1909
core   0: 1 0x0000000080004942 (0x88b57793) x15 0x7ff8000000000000
core   0: 0x0000000080004946 (0x00008ec9) c.or    a3, a0
core   0: 1 0x0000000080004946 (0x8ec9) x13 0x7ff80000000007ff
core   0: 0x0000000080004948 (0x41198bb3) sub     s7, s3, a7
core   0: 1 0x0000000080004948 (0x41198bb3) x23 0x0000000000000ffe
core   0: 0x000000008000494c (0x0084d293) srli    t0, s1, 8
core   0: 1 0x000000008000494c (0x0084d293) x5  0x0000000000000000
core   0: 0x0000000080004950 (0x0212763b) remuw   a2, tp, ra
core   0: 1 0x0000000080004950 (0x0212763b) x12 0x0000000000000000
core   0: 0x0000000080004954 (0xc024fcd3) fcvt.l.s s9, fs1
core   0: 1 0x0000000080004954 (0xc024fcd3) c1_fflags 0x0000000000000011 x25 0x7fffffffffffffff
core   0: 0x0000000080004958 (0xb2bf70cb) fnmsub.d ft1, ft10, fa1, fs6
core   0: 1 0x0000000080004958 (0xb2bf70cb) f1  0x7ff8000000000000
core   0: 0x000000008000495c (0x00c69b3b) sllw    s6, a3, a2
core   0: 1 0x000000008000495c (0x00c69b3b) x22 0x00000000000007ff
core   0: 0x0000000080004960 (0x14392973) csrrs   s2, stval, s2
core   0: 1 0x0000000080004960 (0x14392973) x18 0x0000000000000000 c323_stval 0x7fffffffffffffff
core   0: 0x0000000080004964 (0xf20c8cd3) fmv.d.x fs9, s9
core   0: 1 0x0000000080004964 (0xf20c8cd3) f25 0x7fffffffffffffff
core   0: 0x0000000080004968 (0x00185433) srl     s0, a6, ra
core   0: 1 0x0000000080004968 (0x00185433) x8  0x0000000000000000
core   0: 0x000000008000496c (0xd23af2d3) fcvt.d.lu ft5, s5
core   0: 1 0x000000008000496c (0xd23af2d3) f5  0x0000000000000000
core   0: 0x0000000080004970 (0x10006d73) csrrsi  s10, sstatus, 0
core   0: 1 0x0000000080004970 (0x10006d73) x26 0x8000000200006000
core   0: 0x0000000080004974 (0x03bd7d33) remu    s10, s10, s11
core   0: 1 0x0000000080004974 (0x03bd7d33) x26 0x8000000200006000
core   0: 0x0000000080004978 (0x0004921b) slliw   tp, s1, 0
core   0: 1 0x0000000080004978 (0x0004921b) x4  0x0000000000000000
core   0: 0x000000008000497c (0x03aefcbb) remuw   s9, t4, s10
core   0: 1 0x000000008000497c (0x03aefcbb) x25 0x0000000000000000
core   0: 0x0000000080004980 (0x019b1b3b) sllw    s6, s6, s9
core   0: 1 0x0000000080004980 (0x019b1b3b) x22 0x00000000000007ff
core   0: 0x0000000080004984 (0x00635c3b) srlw    s8, t1, t1
core   0: 1 0x0000000080004984 (0x00635c3b) x24 0x0000000000000000
core   0: 0x0000000080004988 (0x7363fb4b) fnmsub.d fs6, ft7, fs6, fa4
core   0: 1 0x0000000080004988 (0x7363fb4b) f22 0x7ff8000000000000
core   0: 0x000000008000498c (0xc0397ad3) fcvt.lu.s s5, fs2
core   0: 1 0x000000008000498c (0xc0397ad3) c1_fflags 0x0000000000000011 x21 0xffffffffffffffff
core   0: 0x0000000080004990 (0xf20a84d3) fmv.d.x fs1, s5
core   0: 1 0x0000000080004990 (0xf20a84d3) f9  0xffffffffffffffff
core   0: 0x0000000080004994 (0x0ff0000f) fence   iorw,iorw
core   0: 1 0x0000000080004994 (0x0ff0000f)
core   0: 0x0000000080004998 (0x104c9173) csrrw   sp, sie, s9
core   0: 1 0x0000000080004998 (0x104c9173) x2  0x0000000000000000 c772_mie 0x0000000000000a00
core   0: 0x000000008000499c (0xcb97f047) fmsub.d ft0, fa5, fs9, fs9
core   0: 1 0x000000008000499c (0xcb97f047) f0  0x7ff8000000000000
core   0: 0x00000000800049a0 (0x000cd893) srli    a7, s9, 0
core   0: 1 0x00000000800049a0 (0x000cd893) x17 0x0000000000000000
core   0: 0x00000000800049a4 (0x42835b13) srai    s6, t1, 40
core   0: 1 0x00000000800049a4 (0x42835b13) x22 0x0000000000000000
core   0: 0x00000000800049a8 (0x0103531b) srliw   t1, t1, 16
core   0: 1 0x00000000800049a8 (0x0103531b) x6  0x0000000000000000
core   0: 0x00000000800049ac (0xfc686437) lui     s0, 0xfc686
core   0: 1 0x00000000800049ac (0xfc686437) x8  0xfffffffffc686000
core   0: 0x00000000800049b0 (0x9c94041b) addiw   s0, s0, -1591
core   0: 1 0x00000000800049b0 (0x9c94041b) x8  0xfffffffffc6859c9
core   0: 0x00000000800049b4 (0x00000432) c.slli  s0, 12
core   0: 1 0x00000000800049b4 (0x0432) x8  0xffffffc6859c9000
core   0: 0x00000000800049b6 (0xf6d40413) addi    s0, s0, -147
core   0: 1 0x00000000800049b6 (0xf6d40413) x8  0xffffffc6859c8f6d
core   0: 0x00000000800049ba (0x01399b33) sll     s6, s3, s3
core   0: 1 0x00000000800049ba (0x01399b33) x22 0x8000000000000000
core   0: 0x00000000800049be (0x226f9453) fsgnjn.d fs0, ft11, ft6
core   0: 1 0x00000000800049be (0x226f9453) f8  0xc2d0000011fffff6
core   0: 0x00000000800049c2 (0x01b441b3) xor     gp, s0, s11
core   0: 1 0x00000000800049c2 (0x01b441b3) x3  0xffffffc6859c8f6d
core   0: 0x00000000800049c6 (0x534ff54b) fnmsub.d fa0, ft11, fs4, fa0
core   0: 1 0x00000000800049c6 (0x534ff54b) f10 0x7ff8000000000000
core   0: 0x00000000800049ca (0x008192bb) sllw    t0, gp, s0
core   0: 1 0x00000000800049ca (0x008192bb) x5  0xffffffff91eda000
core   0: 0x00000000800049ce (0x02a29c13) slli    s8, t0, 42
core   0: 1 0x00000000800049ce (0x02a29c13) x24 0xb680000000000000
core   0: 0x00000000800049d2 (0x001e15f3) csrrw   a1, fflags, t3
core   0: 1 0x00000000800049d2 (0x001e15f3) x11 0x0000000000000011 c1_fflags 0x0000000000000000
core   0: 0x00000000800049d6 (0x000c1b1b) slliw   s6, s8, 0
core   0: 1 0x00000000800049d6 (0x000c1b1b) x22 0x0000000000000000
core   0: 0x00000000800049da (0x00912533) slt     a0, sp, s1
core   0: 1 0x00000000800049da (0x00912533) x10 0x0000000000000000
core   0: 0x00000000800049de (0x01880933) add     s2, a6, s8
core   0: 1 0x00000000800049de (0x01880933) x18 0xb6800000000007ff
core   0: 0x00000000800049e2 (0x01a99e9b) slliw   t4, s3, 26
core   0: 1 0x00000000800049e2 (0x01a99e9b) x29 0xfffffffff8000000
core   0: 0x00000000800049e6 (0x55ee871b) addiw   a4, t4, 1374
core   0: 1 0x00000000800049e6 (0x55ee871b) x14 0xfffffffff800055e
core   0: 0x00000000800049ea (0x034b093b) mulw    s2, s6, s4
core   0: 1 0x00000000800049ea (0x034b093b) x18 0x0000000000000000
core   0: 0x00000000800049ee (0x01f95b9b) srliw   s7, s2, 31
core   0: 1 0x00000000800049ee (0x01f95b9b) x23 0x0000000000000000
core   0: 0x00000000800049f2 (0xd21888d3) fcvt.d.wu fa7, a7
core   0: 1 0x00000000800049f2 (0xd21888d3) f17 0x0000000000000000
core   0: 0x00000000800049f6 (0x40210bb3) sub     s7, sp, sp
core   0: 1 0x00000000800049f6 (0x40210bb3) x23 0x0000000000000000
core   0: 0x00000000800049fa (0x337d6013) ori     zero, s10, 823
core   0: 1 0x00000000800049fa (0x337d6013)
core   0: 0x00000000800049fe (0x034adb3b) divuw   s6, s5, s4
core   0: 1 0x00000000800049fe (0x034adb3b) x22 0x0000000000000001
core   0: 0x0000000080004a02 (0x6290f0cb) fnmsub.d ft1, ft1, fs1, fa2
core   0: 1 0x0000000080004a02 (0x6290f0cb) f1  0x7ff8000000000000
core   0: 0x0000000080004a06 (0x414d84b3) sub     s1, s11, s4
core   0: 1 0x0000000080004a06 (0x414d84b3) x9  0x800800007c3b7483
core   0: 0x0000000080004a0a (0xf2aa754b) fnmsub.d fa0, fs4, fa0, ft10
core   0: 1 0x0000000080004a0a (0xf2aa754b) f10 0x7ff8000000000000
core   0: 0x0000000080004a0e (0x402a533b) sraw    t1, s4, sp
core   0: 1 0x0000000080004a0e (0x402a533b) x6  0xffffffff83c48b7d
core   0: 0x0000000080004a12 (0x0ff0000f) fence   iorw,iorw
core   0: 1 0x0000000080004a12 (0x0ff0000f)
core   0: 0x0000000080004a16 (0x02c8c8b3) div     a7, a7, a2
core   0: 1 0x0000000080004a16 (0x02c8c8b3) x17 0xffffffffffffffff
core   0: 0x0000000080004a1a (0x011721b3) slt     gp, a4, a7
core   0: 1 0x0000000080004a1a (0x011721b3) x3  0x0000000000000001
core   0: 0x0000000080004a1e (0x01765bbb) srlw    s7, a2, s7
core   0: 1 0x0000000080004a1e (0x01765bbb) x23 0x0000000000000000
core   0: 0x0000000080004a22 (0x03419393) slli    t2, gp, 52
core   0: 1 0x0000000080004a22 (0x03419393) x7  0x0010000000000000
core   0: 0x0000000080004a26 (0x411bd49b) sraiw   s1, s7, 17
core   0: 1 0x0000000080004a26 (0x411bd49b) x9  0x0000000000000000
core   0: 0x0000000080004a2a (0x00d106bb) addw    a3, sp, a3
core   0: 1 0x0000000080004a2a (0x00d106bb) x13 0x00000000000007ff
core   0: 0x0000000080004a2e (0x02d2f8b3) remu    a7, t0, a3
core   0: 1 0x0000000080004a2e (0x02d2f8b3) x17 0x00000000000005fb
core   0: 0x0000000080004a32 (0xbb76f64f) fnmadd.d fa2, fa3, fs7, fs7
core   0: 1 0x0000000080004a32 (0xbb76f64f) f12 0x7ff8000000000000
core   0: 0x0000000080004a36 (0x42068953) fcvt.d.s fs2, fa3
core   0: 1 0x0000000080004a36 (0x42068953) f18 0x7ff8000000000000
core   0: 0x0000000080004a3a (0x0390703b) remuw   zero, zero, s9
core   0: 1 0x0000000080004a3a (0x0390703b)
core   0: 0x0000000080004a3e (0x03fd1193) slli    gp, s10, 63
core   0: 1 0x0000000080004a3e (0x03fd1193) x3  0x0000000000000000
core   0: 0x0000000080004a42 (0x4117d133) sra     sp, a5, a7
core   0: 1 0x0000000080004a42 (0x4117d133) x2  0x000000000000000f
core   0: 0x0000000080004a46 (0x2a7b93d3) fmax.d  ft7, fs7, ft7
core   0: 1 0x0000000080004a46 (0x2a7b93d3) f7  0x7ff8000000000000
core   0: 0x0000000080004a4a (0x03fe1c93) slli    s9, t3, 63
core   0: 1 0x0000000080004a4a (0x03fe1c93) x25 0x0000000000000000
core   0: 0x0000000080004a4e (0xfff6c693) not     a3, a3
core   0: 1 0x0000000080004a4e (0xfff6c693) x13 0xfffffffffffff800
core   0: 0x0000000080004a52 (0xc03371d3) fcvt.lu.s gp, ft6
core   0: 1 0x0000000080004a52 (0xc03371d3) c1_fflags 0x0000000000000010 x3  0xffffffffffffffff
core   0: 0x0000000080004a56 (0xd03672d3) fcvt.s.lu ft5, a2
core   0: 1 0x0000000080004a56 (0xd03672d3) f5  0xffffffff00000000
core   0: 0x0000000080004a5a (0x002e1473) csrrw   s0, frm, t3
core   0: 1 0x0000000080004a5a (0x002e1473) x8  0x0000000000000000 c2_frm 0x0000000000000000
core   0: 0x0000000080004a5e (0x401477d3) fcvt.s.d fa5, fs0
core   0: 1 0x0000000080004a5e (0x401477d3) c1_fflags 0x0000000000000011 f15 0xffffffffd6800001
core   0: 0x0000000080004a62 (0x71ba8313) addi    t1, s5, 1819
core   0: 1 0x0000000080004a62 (0x71ba8313) x6  0x000000000000071a
core   0: 0x0000000080004a66 (0x026639b3) mulhu   s3, a2, t1
core   0: 1 0x0000000080004a66 (0x026639b3) x19 0x0000000000000000
core   0: 0x0000000080004a6a (0x0361d1bb) divuw   gp, gp, s6
core   0: 1 0x0000000080004a6a (0x0361d1bb) x3  0xffffffffffffffff
core   0: 0x0000000080004a6e (0x023c5e33) divu    t3, s8, gp
core   0: 1 0x0000000080004a6e (0x023c5e33) x28 0x0000000000000000
core   0: 0x0000000080004a72 (0x1ac97553) fdiv.d  fa0, fs2, fa2
core   0: 1 0x0000000080004a72 (0x1ac97553) f10 0x7ff8000000000000
core   0: 0x0000000080004a76 (0x036bb7b3) mulhu   a5, s7, s6
core   0: 1 0x0000000080004a76 (0x036bb7b3) x15 0x0000000000000000
core   0: 0x0000000080004a7a (0x0ff0000f) fence   iorw,iorw
core   0: 1 0x0000000080004a7a (0x0ff0000f)
core   0: 0x0000000080004a7e (0x228d28d3) fsgnjx.d fa7, fs10, fs0
core   0: 1 0x0000000080004a7e (0x228d28d3) f17 0x7fffffff7fc00000
core   0: 0x0000000080004a82 (0x401afb53) fcvt.s.d fs6, fs5
core   0: 1 0x0000000080004a82 (0x401afb53) c1_fflags 0x0000000000000011 f22 0xffffffffd6fffffd
core   0: 0x0000000080004a86 (0xdaa6ce93) xori    t4, a3, -598
core   0: 1 0x0000000080004a86 (0xdaa6ce93) x29 0x00000000000005aa
core   0: 0x0000000080004a8a (0x0d73f893) andi    a7, t2, 215
core   0: 1 0x0000000080004a8a (0x0d73f893) x17 0x0000000000000000
core   0: 0x0000000080004a8e (0x82689b37) lui     s6, 0x82689
core   0: 1 0x0000000080004a8e (0x82689b37) x22 0xffffffff82689000
core   0: 0x0000000080004a92 (0x5a0cf053) fsqrt.d ft0, fs9
core   0: 1 0x0000000080004a92 (0x5a0cf053) f0  0x7ff8000000000000
core   0: 0x0000000080004a96 (0x02435e13) srli    t3, t1, 36
core   0: 1 0x0000000080004a96 (0x02435e13) x28 0x0000000000000000
core   0: 0x0000000080004a9a (0xa3988d53) fle.d   s10, fa7, fs9
core   0: 1 0x0000000080004a9a (0xa3988d53) c1_fflags 0x0000000000000011 x26 0x0000000000000000
core   0: 0x0000000080004a9e (0xc038f453) fcvt.lu.s s0, fa7
core   0: 1 0x0000000080004a9e (0xc038f453) c1_fflags 0x0000000000000011 x8  0xffffffffffffffff
core   0: 0x0000000080004aa2 (0x00388bbb) addw    s7, a7, gp
core   0: 1 0x0000000080004aa2 (0x00388bbb) x23 0xffffffffffffffff
core   0: 0x0000000080004aa6 (0x032e7a33) remu    s4, t3, s2
core   0: 1 0x0000000080004aa6 (0x032e7a33) x20 0x0000000000000000
core   0: 0x0000000080004aaa (0xebbf7ecb) fnmsub.d ft9, ft10, fs11, ft9
core   0: 1 0x0000000080004aaa (0xebbf7ecb) f29 0x7ff8000000000000
core   0: 0x0000000080004aae (0x3aba7613) andi    a2, s4, 939
core   0: 1 0x0000000080004aae (0x3aba7613) x12 0x0000000000000000
core   0: 0x0000000080004ab2 (0x02189c37) lui     s8, 0x2189
core   0: 1 0x0000000080004ab2 (0x02189c37) x24 0x0000000002189000
core   0: 0x0000000080004ab6 (0xa8fc0c1b) addiw   s8, s8, -1393
core   0: 1 0x0000000080004ab6 (0xa8fc0c1b) x24 0x0000000002188a8f
core   0: 0x0000000080004aba (0x00000c32) c.slli  s8, 12
core   0: 1 0x0000000080004aba (0x0c32) x24 0x0000002188a8f000
core   0: 0x0000000080004abc (0x86ac0c13) addi    s8, s8, -1942
core   0: 1 0x0000000080004abc (0x86ac0c13) x24 0x0000002188a8e86a
core   0: 0x0000000080004ac0 (0x026e2cb3) mulhsu  s9, t3, t1
core   0: 1 0x0000000080004ac0 (0x026e2cb3) x25 0x0000000000000000
core   0: 0x0000000080004ac4 (0x03cec433) div     s0, t4, t3
core   0: 1 0x0000000080004ac4 (0x03cec433) x8  0xffffffffffffffff
core   0: 0x0000000080004ac8 (0x41fe5d1b) sraiw   s10, t3, 31
core   0: 1 0x0000000080004ac8 (0x41fe5d1b) x26 0x0000000000000000
core   0: 0x0000000080004acc (0x5a01ffd3) fsqrt.d ft11, ft3
core   0: 1 0x0000000080004acc (0x5a01ffd3) f31 0x7ff8000000000000
core   0: 0x0000000080004ad0 (0x001e1973) csrrw   s2, fflags, t3
core   0: 1 0x0000000080004ad0 (0x001e1973) x18 0x0000000000000011 c1_fflags 0x0000000000000000
core   0: 0x0000000080004ad4 (0xd03076d3) fcvt.s.lu fa3, zero
core   0: 1 0x0000000080004ad4 (0xd03076d3) f13 0xffffffff00000000
core   0: 0x0000000080004ad8 (0xf1381873) csrrw   a6, mimpid, a6
core   0: exception trap_illegal_instruction, epc 0x0000000080004ad8
core   0:           tval 0x00000000f1381873
core   0: >>>>  $xrv64i2p1_m2p0_a2p1_f2p2_d2p2_zicsr2p0_zifencei2p0_zmmul1p0_zba1p0_zbb1p0_zbc1p0_zbs1p0
core   0: 0x0000000080004000 (0x0080006f) j       pc + 0x8
core   0: 3 0x0000000080004000 (0x0080006f)
core   0: >>>>  mmode_exception_handler
core   0: 0x0000000080004008 (0x00002c17) auipc   s8, 0x2
core   0: 3 0x0000000080004008 (0x00002c17) x24 0x0000000080006008
core   0: 0x000000008000400c (0xfa2c0c13) addi    s8, s8, -94
core   0: 3 0x000000008000400c (0xfa2c0c13) x24 0x0000000080005faa
core   0: 0x0000000080004010 (0x000c00e7) jalr    s8
core   0: 3 0x0000000080004010 (0x000c00e7) x1  0x0000000080004014
core   0: >>>>  any_handler
core   0: 0x0000000080005faa (0x341027f3) csrrs   a5, mepc, zero
core   0: 3 0x0000000080005faa (0x341027f3) x15 0x0000000080004ad8
core   0: 0x0000000080005fae (0x34202773) csrrs   a4, mcause, zero
core   0: 3 0x0000000080005fae (0x34202773) x14 0x0000000000000002
core   0: 0x0000000080005fb2 (0x142026f3) csrrs   a3, scause, zero
core   0: 3 0x0000000080005fb2 (0x142026f3) x13 0x0000000000000000
core   0: 0x0000000080005fb6 (0x30402673) csrrs   a2, mie, zero
core   0: 3 0x0000000080005fb6 (0x30402673) x12 0x0000000000000a00
core   0: 0x0000000080005fba (0x344025f3) csrrs   a1, mip, zero
core   0: 3 0x0000000080005fba (0x344025f3) x11 0x0000000000000080
core   0: 0x0000000080005fbe (0x343025f3) csrrs   a1, mtval, zero
core   0: 3 0x0000000080005fbe (0x343025f3) x11 0x00000000f1381873
core   0: 0x0000000080005fc2 (0x14302573) csrrs   a0, stval, zero
core   0: 3 0x0000000080005fc2 (0x14302573) x10 0x7fffffffffffffff
core   0: 0x0000000080005fc6 (0xb02024f3) csrrs   s1, minstret, zero
core   0: 3 0x0000000080005fc6 (0xb02024f3) x9  0x0000000000000b2b
core   0: 0x0000000080005fca (0x0000a811) c.j     pc + 20
core   0: 3 0x0000000080005fca (0xa811)
core   0: >>>>  mepc_4
core   0: 0x0000000080005fde (0x00000791) c.addi  a5, 4
core   0: 3 0x0000000080005fde (0x0791) x15 0x0000000080004adc
core   0: 0x0000000080005fe0 (0x34179073) csrrw   zero, mepc, a5
core   0: 3 0x0000000080005fe0 (0x34179073) c833_mepc 0x0000000080004adc
core   0: 0x0000000080005fe4 (0x30200073) mret
core   0: 3 0x0000000080005fe4 (0x30200073) c768_mstatus 0x8000000a00106080
core   0: 0x0000000080004adc (0x342832f3) csrrc   t0, mcause, a6
core   0: exception trap_illegal_instruction, epc 0x0000000080004adc
core   0:           tval 0x00000000342832f3
core   0: >>>>  $xrv64i2p1_m2p0_a2p1_f2p2_d2p2_zicsr2p0_zifencei2p0_zmmul1p0_zba1p0_zbb1p0_zbc1p0_zbs1p0
core   0: 0x0000000080004000 (0x0080006f) j       pc + 0x8
core   0: 3 0x0000000080004000 (0x0080006f)
core   0: >>>>  mmode_exception_handler
core   0: 0x0000000080004008 (0x00002c17) auipc   s8, 0x2
core   0: 3 0x0000000080004008 (0x00002c17) x24 0x0000000080006008
core   0: 0x000000008000400c (0xfa2c0c13) addi    s8, s8, -94
core   0: 3 0x000000008000400c (0xfa2c0c13) x24 0x0000000080005faa
core   0: 0x0000000080004010 (0x000c00e7) jalr    s8
core   0: 3 0x0000000080004010 (0x000c00e7) x1  0x0000000080004014
core   0: >>>>  any_handler
core   0: 0x0000000080005faa (0x341027f3) csrrs   a5, mepc, zero
core   0: 3 0x0000000080005faa (0x341027f3) x15 0x0000000080004adc
core   0: 0x0000000080005fae (0x34202773) csrrs   a4, mcause, zero
core   0: 3 0x0000000080005fae (0x34202773) x14 0x0000000000000002
core   0: 0x0000000080005fb2 (0x142026f3) csrrs   a3, scause, zero
core   0: 3 0x0000000080005fb2 (0x142026f3) x13 0x0000000000000000
core   0: 0x0000000080005fb6 (0x30402673) csrrs   a2, mie, zero
core   0: 3 0x0000000080005fb6 (0x30402673) x12 0x0000000000000a00
core   0: 0x0000000080005fba (0x344025f3) csrrs   a1, mip, zero
core   0: 3 0x0000000080005fba (0x344025f3) x11 0x0000000000000080
core   0: 0x0000000080005fbe (0x343025f3) csrrs   a1, mtval, zero
core   0: 3 0x0000000080005fbe (0x343025f3) x11 0x00000000342832f3
core   0: 0x0000000080005fc2 (0x14302573) csrrs   a0, stval, zero
core   0: 3 0x0000000080005fc2 (0x14302573) x10 0x7fffffffffffffff
core   0: 0x0000000080005fc6 (0xb02024f3) csrrs   s1, minstret, zero
core   0: 3 0x0000000080005fc6 (0xb02024f3) x9  0x0000000000000b3b
core   0: 0x0000000080005fca (0x0000a811) c.j     pc + 20
core   0: 3 0x0000000080005fca (0xa811)
core   0: >>>>  mepc_4
core   0: 0x0000000080005fde (0x00000791) c.addi  a5, 4
core   0: 3 0x0000000080005fde (0x0791) x15 0x0000000080004ae0
core   0: 0x0000000080005fe0 (0x34179073) csrrw   zero, mepc, a5
core   0: 3 0x0000000080005fe0 (0x34179073) c833_mepc 0x0000000080004ae0
core   0: 0x0000000080005fe4 (0x30200073) mret
core   0: 3 0x0000000080005fe4 (0x30200073) c768_mstatus 0x8000000a00106080
core   0: 0x0000000080004ae0 (0x41a051bb) sraw    gp, zero, s10
core   0: 1 0x0000000080004ae0 (0x41a051bb) x3  0x0000000000000000
core   0: 0x0000000080004ae4 (0x00005cbb) srlw    s9, zero, zero
core   0: 1 0x0000000080004ae4 (0x00005cbb) x25 0x0000000000000000
core   0: 0x0000000080004ae8 (0xf20903d3) fmv.d.x ft7, s2
core   0: 1 0x0000000080004ae8 (0xf20903d3) f7  0x0000000000000011
core   0: 0x0000000080004aec (0x00102e73) csrrs   t3, fflags, zero
core   0: 1 0x0000000080004aec (0x00102e73) x28 0x0000000000000000
core   0: 0x0000000080004af0 (0x1a1ff7d3) fdiv.d  fa5, ft11, ft1
core   0: 1 0x0000000080004af0 (0x1a1ff7d3) f15 0x7ff8000000000000
core   0: 0x0000000080004af4 (0xc02bf2d3) fcvt.l.s t0, fs7
core   0: 1 0x0000000080004af4 (0xc02bf2d3) c1_fflags 0x0000000000000010 x5  0x7fffffffffffffff
core   0: 0x0000000080004af8 (0x221001d3) fsgnj.d ft3, ft0, ft1
core   0: 1 0x0000000080004af8 (0x221001d3) f3  0x7ff8000000000000
core   0: 0x0000000080004afc (0x02a522b3) mulhsu  t0, a0, a0
core   0: 1 0x0000000080004afc (0x02a522b3) x5  0x3fffffffffffffff
core   0: 0x0000000080004b00 (0xc201fdd3) fcvt.w.d s11, ft3
core   0: 1 0x0000000080004b00 (0xc201fdd3) c1_fflags 0x0000000000000010 x27 0x000000007fffffff
core   0: 0x0000000080004b04 (0x420585d3) fcvt.d.s fa1, fa1
core   0: 1 0x0000000080004b04 (0x420585d3) f11 0x7ff8000000000000
core   0: 0x0000000080004b08 (0x2b258b53) fmin.d  fs6, fa1, fs2
core   0: 1 0x0000000080004b08 (0x2b258b53) f22 0x7ff8000000000000
core   0: 0x0000000080004b0c (0x20e0f5b7) lui     a1, 0x20e0f
core   0: 1 0x0000000080004b0c (0x20e0f5b7) x11 0x0000000020e0f000
core   0: 0x0000000080004b10 (0x020440b3) div     ra, s0, zero
core   0: 1 0x0000000080004b10 (0x020440b3) x1  0xffffffffffffffff
core   0: 0x0000000080004b14 (0x029c72d3) fadd.d  ft5, fs8, fs1
core   0: 1 0x0000000080004b14 (0x029c72d3) f5  0x7ff8000000000000
core   0: 0x0000000080004b18 (0xd225f3d3) fcvt.d.l ft7, a1
core   0: 1 0x0000000080004b18 (0xd225f3d3) f7  0x41c0707800000000
core   0: 0x0000000080004b1c (0x00008455) c.srai  s0, 21
core   0: 1 0x0000000080004b1c (0x8455) x8  0xffffffffffffffff
core   0: 0x0000000080004b1e (0x003061b3) or      gp, zero, gp
core   0: 1 0x0000000080004b1e (0x003061b3) x3  0x0000000000000000
core   0: 0x0000000080004b22 (0xd2140453) fcvt.d.wu fs0, s0
core   0: 1 0x0000000080004b22 (0xd2140453) f8  0x41efffffffe00000
core   0: 0x0000000080004b26 (0x00e459b3) srl     s3, s0, a4
core   0: 1 0x0000000080004b26 (0x00e459b3) x19 0x3fffffffffffffff
core   0: 0x0000000080004b2a (0x00f745b7) lui     a1, 0xf74
core   0: 1 0x0000000080004b2a (0x00f745b7) x11 0x0000000000f74000
core   0: 0x0000000080004b2e (0x4af5859b) addiw   a1, a1, 1199
core   0: 1 0x0000000080004b2e (0x4af5859b) x11 0x0000000000f744af
core   0: 0x0000000080004b32 (0x000005b2) c.slli  a1, 12
core   0: 1 0x0000000080004b32 (0x05b2) x11 0x0000000f744af000
core   0: 0x0000000080004b34 (0xdb558593) addi    a1, a1, -587
core   0: 1 0x0000000080004b34 (0xdb558593) x11 0x0000000f744aedb5
core   0: 0x0000000080004b38 (0x23778d53) fsgnj.d fs10, fa5, fs7
core   0: 1 0x0000000080004b38 (0x23778d53) f26 0x7ff8000000000000
core   0: 0x0000000080004b3c (0xd20d76cb) fnmsub.d fa3, fs10, ft0, fs10
core   0: 1 0x0000000080004b3c (0xd20d76cb) f13 0x7ff8000000000000
core   0: 0x0000000080004b40 (0x0368db3b) divuw   s6, a7, s6
core   0: 1 0x0000000080004b40 (0x0368db3b) x22 0x0000000000000000
core   0: 0x0000000080004b44 (0x015519b3) sll     s3, a0, s5
core   0: 1 0x0000000080004b44 (0x015519b3) x19 0x8000000000000000
core   0: 0x0000000080004b48 (0x0b887f53) fsub.d  ft10, fa6, fs8
core   0: 1 0x0000000080004b48 (0x0b887f53) c1_fflags 0x0000000000000011 f30 0xc2c0002024402481
core   0: 0x0000000080004b4c (0xd3b4f943) fmadd.d fs2, fs1, fs11, fs10
core   0: 1 0x0000000080004b4c (0xd3b4f943) f18 0x7ff8000000000000
core   0: 0x0000000080004b50 (0x001b9973) csrrw   s2, fflags, s7
core   0: 1 0x0000000080004b50 (0x001b9973) x18 0x0000000000000011 c1_fflags 0x000000000000001f
core   0: 0x0000000080004b54 (0x02b5c3bb) divw    t2, a1, a1
core   0: 1 0x0000000080004b54 (0x02b5c3bb) x7  0x0000000000000001
core   0: 0x0000000080004b58 (0xf20c00d3) fmv.d.x ft1, s8
core   0: 1 0x0000000080004b58 (0xf20c00d3) f1  0x0000000080005faa
core   0: 0x0000000080004b5c (0x00000001) c.nop
core   0: 1 0x0000000080004b5c (0x0001)
core   0: 0x0000000080004b5e (0x4006d413) srai    s0, a3, 0
core   0: 1 0x0000000080004b5e (0x4006d413) x8  0x0000000000000000
core   0: 0x0000000080004b62 (0xf2068053) fmv.d.x ft0, a3
core   0: 1 0x0000000080004b62 (0xf2068053) f0  0x0000000000000000
core   0: 0x0000000080004b66 (0x00680a33) add     s4, a6, t1
core   0: 1 0x0000000080004b66 (0x00680a33) x20 0x0000000000000f19
core   0: 0x0000000080004b6a (0x0167c2b3) xor     t0, a5, s6
core   0: 1 0x0000000080004b6a (0x0167c2b3) x5  0x0000000080004ae0
core   0: 0x0000000080004b6e (0x40b45113) srai    sp, s0, 11
core   0: 1 0x0000000080004b6e (0x40b45113) x2  0x0000000000000000
core   0: 0x0000000080004b72 (0x00202cf3) csrrs   s9, frm, zero
core   0: 1 0x0000000080004b72 (0x00202cf3) x25 0x0000000000000000
core   0: 0x0000000080004b76 (0x1a117ed3) fdiv.d  ft9, ft2, ft1
core   0: 1 0x0000000080004b76 (0x1a117ed3) f29 0x7ff8000000000000
core   0: 0x0000000080004b7a (0x00000001) c.nop
core   0: 1 0x0000000080004b7a (0x0001)
core   0: 0x0000000080004b7c (0x00a87e33) and     t3, a6, a0
core   0: 1 0x0000000080004b7c (0x00a87e33) x28 0x00000000000007ff
core   0: 0x0000000080004b80 (0xd03cf0d3) fcvt.s.lu ft1, s9
core   0: 1 0x0000000080004b80 (0xd03cf0d3) f1  0xffffffff00000000
core   0: 0x0000000080004b84 (0x138e7953) fmul.d  fs2, ft8, fs8
core   0: 1 0x0000000080004b84 (0x138e7953) c1_fflags 0x000000000000001f f18 0x203f042ee0d2826b
core   0: 0x0000000080004b88 (0xc218fb53) fcvt.wu.d s6, fa7
core   0: 1 0x0000000080004b88 (0xc218fb53) c1_fflags 0x000000000000001f x22 0xffffffffffffffff
core   0: 0x0000000080004b8c (0x0ff0000f) fence   iorw,iorw
core   0: 1 0x0000000080004b8c (0x0ff0000f)
core   0: 0x0000000080004b90 (0x236d1053) fsgnjn.d ft0, fs10, fs6
core   0: 1 0x0000000080004b90 (0x236d1053) f0  0xfff8000000000000
core   0: 0x0000000080004b94 (0x42070753) fcvt.d.s fa4, fa4
core   0: 1 0x0000000080004b94 (0x42070753) f14 0x7ff8000000000000
core   0: 0x0000000080004b98 (0x00f7f2b3) and     t0, a5, a5
core   0: 1 0x0000000080004b98 (0x00f7f2b3) x5  0x0000000080004ae0
core   0: 0x0000000080004b9c (0x03caeab3) rem     s5, s5, t3
core   0: 1 0x0000000080004b9c (0x03caeab3) x21 0xffffffffffffffff
core   0: 0x0000000080004ba0 (0x02f3a2b3) mulhsu  t0, t2, a5
core   0: 1 0x0000000080004ba0 (0x02f3a2b3) x5  0x0000000000000000
core   0: 0x0000000080004ba4 (0x004e1bb3) sll     s7, t3, tp
core   0: 1 0x0000000080004ba4 (0x004e1bb3) x23 0x00000000000007ff
core   0: 0x0000000080004ba8 (0x00189b73) csrrw   s6, fflags, a7
core   0: 1 0x0000000080004ba8 (0x00189b73) x22 0x000000000000001f c1_fflags 0x0000000000000000
core   0: 0x0000000080004bac (0x233713d3) fsgnjn.d ft7, fa4, fs3
core   0: 1 0x0000000080004bac (0x233713d3) f7  0x7ff8000000000000
core   0: 0x0000000080004bb0 (0x41730bbb) subw    s7, t1, s7
core   0: 1 0x0000000080004bb0 (0x41730bbb) x23 0xffffffffffffff1b
core   0: 0x0000000080004bb4 (0x416307b3) sub     a5, t1, s6
core   0: 1 0x0000000080004bb4 (0x416307b3) x15 0x00000000000006fb
core   0: 0x0000000080004bb8 (0x03756233) rem     tp, a0, s7
core   0: 1 0x0000000080004bb8 (0x03756233) x4  0x0000000000000015
core   0: 0x0000000080004bbc (0x2a0e8953) fmin.d  fs2, ft9, ft0
core   0: 1 0x0000000080004bbc (0x2a0e8953) f18 0x7ff8000000000000
core   0: 0x0000000080004bc0 (0x000094fd) c.srai  s1, 63
core   0: 1 0x0000000080004bc0 (0x94fd) x9  0x0000000000000000
core   0: 0x0000000080004bc2 (0x00019b1b) slliw   s6, gp, 0
core   0: 1 0x0000000080004bc2 (0x00019b1b) x22 0x0000000000000000
core   0: 0x0000000080004bc6 (0xd21c8d53) fcvt.d.wu fs10, s9
core   0: 1 0x0000000080004bc6 (0xd21c8d53) f26 0x0000000000000000
core   0: 0x0000000080004bca (0x400dd61b) sraiw   a2, s11, 0
core   0: 1 0x0000000080004bca (0x400dd61b) x12 0x000000007fffffff
core   0: 0x0000000080004bce (0xc208f753) fcvt.w.d a4, fa7
core   0: 1 0x0000000080004bce (0xc208f753) c1_fflags 0x0000000000000010 x14 0x000000007fffffff
core   0: 0x0000000080004bd2 (0x4076863b) subw    a2, a3, t2
core   0: 1 0x0000000080004bd2 (0x4076863b) x12 0xffffffffffffffff
core   0: 0x0000000080004bd6 (0x00454033) xor     zero, a0, tp
core   0: 1 0x0000000080004bd6 (0x00454033)
core   0: 0x0000000080004bda (0x00c65e33) srl     t3, a2, a2
core   0: 1 0x0000000080004bda (0x00c65e33) x28 0x0000000000000001
core   0: 0x0000000080004bde (0xd2160453) fcvt.d.wu fs0, a2
core   0: 1 0x0000000080004bde (0xd2160453) f8  0x41efffffffe00000
core   0: 0x0000000080004be2 (0x02b47abb) remuw   s5, s0, a1
core   0: 1 0x0000000080004be2 (0x02b47abb) x21 0x0000000000000000
core   0: 0x0000000080004be6 (0x4046563b) sraw    a2, a2, tp
core   0: 1 0x0000000080004be6 (0x4046563b) x12 0xffffffffffffffff
core   0: 0x0000000080004bea (0x00aed0b3) srl     ra, t4, a0
core   0: 1 0x0000000080004bea (0x00aed0b3) x1  0x0000000000000000
core   0: 0x0000000080004bee (0x41875ebb) sraw    t4, a4, s8
core   0: 1 0x0000000080004bee (0x41875ebb) x29 0x00000000001fffff
core   0: 0x0000000080004bf2 (0x001ef013) andi    zero, t4, 1
core   0: 1 0x0000000080004bf2 (0x001ef013)
core   0: 0x0000000080004bf6 (0x0bc97953) fsub.d  fs2, fs2, ft8
core   0: 1 0x0000000080004bf6 (0x0bc97953) f18 0x7ff8000000000000
core   0: 0x0000000080004bfa (0x40420c3b) subw    s8, tp, tp
core   0: 1 0x0000000080004bfa (0x40420c3b) x24 0x0000000000000000
core   0: 0x0000000080004bfe (0x403d08b3) sub     a7, s10, gp
core   0: 1 0x0000000080004bfe (0x403d08b3) x17 0x0000000000000000
core   0: 0x0000000080004c02 (0x0172533b) srlw    t1, tp, s7
core   0: 1 0x0000000080004c02 (0x0172533b) x6  0x0000000000000000
core   0: 0x0000000080004c06 (0x00635ebb) srlw    t4, t1, t1
core   0: 1 0x0000000080004c06 (0x00635ebb) x29 0x0000000000000000
core   0: 0x0000000080004c0a (0x01c58133) add     sp, a1, t3
core   0: 1 0x0000000080004c0a (0x01c58133) x2  0x0000000f744aedb6
core   0: 0x0000000080004c0e (0xc0397a53) fcvt.lu.s s4, fs2
core   0: 1 0x0000000080004c0e (0xc0397a53) c1_fflags 0x0000000000000010 x20 0xffffffffffffffff
core   0: 0x0000000080004c12 (0xc23e70d3) fcvt.lu.d ra, ft8
core   0: 1 0x0000000080004c12 (0xc23e70d3) c1_fflags 0x0000000000000011 x1  0x0000000000008000
core   0: 0x0000000080004c16 (0x404e083b) subw    a6, t3, tp
core   0: 1 0x0000000080004c16 (0x404e083b) x16 0xffffffffffffffec
core   0: 0x0000000080004c1a (0x1b18fd53) fdiv.d  fs10, fa7, fa7
core   0: 1 0x0000000080004c1a (0x1b18fd53) f26 0x7ff8000000000000
core   0: 0x0000000080004c1e (0x0031de13) srli    t3, gp, 3
core   0: 1 0x0000000080004c1e (0x0031de13) x28 0x0000000000000000
core   0: 0x0000000080004c22 (0x40328533) sub     a0, t0, gp
core   0: 1 0x0000000080004c22 (0x40328533) x10 0x0000000000000000
core   0: 0x0000000080004c26 (0xc805a473) csrrs   s0, cycleh, a1
core   0: exception trap_illegal_instruction, epc 0x0000000080004c26
core   0:           tval 0x00000000c805a473
core   0: >>>>  $xrv64i2p1_m2p0_a2p1_f2p2_d2p2_zicsr2p0_zifencei2p0_zmmul1p0_zba1p0_zbb1p0_zbc1p0_zbs1p0
core   0: 0x0000000080004000 (0x0080006f) j       pc + 0x8
core   0: 3 0x0000000080004000 (0x0080006f)
core   0: >>>>  mmode_exception_handler
core   0: 0x0000000080004008 (0x00002c17) auipc   s8, 0x2
core   0: 3 0x0000000080004008 (0x00002c17) x24 0x0000000080006008
core   0: 0x000000008000400c (0xfa2c0c13) addi    s8, s8, -94
core   0: 3 0x000000008000400c (0xfa2c0c13) x24 0x0000000080005faa
core   0: 0x0000000080004010 (0x000c00e7) jalr    s8
core   0: 3 0x0000000080004010 (0x000c00e7) x1  0x0000000080004014
core   0: >>>>  any_handler
core   0: 0x0000000080005faa (0x341027f3) csrrs   a5, mepc, zero
core   0: 3 0x0000000080005faa (0x341027f3) x15 0x0000000080004c26
core   0: 0x0000000080005fae (0x34202773) csrrs   a4, mcause, zero
core   0: 3 0x0000000080005fae (0x34202773) x14 0x0000000000000002
core   0: 0x0000000080005fb2 (0x142026f3) csrrs   a3, scause, zero
core   0: 3 0x0000000080005fb2 (0x142026f3) x13 0x0000000000000000
core   0: 0x0000000080005fb6 (0x30402673) csrrs   a2, mie, zero
core   0: 3 0x0000000080005fb6 (0x30402673) x12 0x0000000000000a00
core   0: 0x0000000080005fba (0x344025f3) csrrs   a1, mip, zero
core   0: 3 0x0000000080005fba (0x344025f3) x11 0x0000000000000080
core   0: 0x0000000080005fbe (0x343025f3) csrrs   a1, mtval, zero
core   0: 3 0x0000000080005fbe (0x343025f3) x11 0x00000000c805a473
core   0: 0x0000000080005fc2 (0x14302573) csrrs   a0, stval, zero
core   0: 3 0x0000000080005fc2 (0x14302573) x10 0x7fffffffffffffff
core   0: 0x0000000080005fc6 (0xb02024f3) csrrs   s1, minstret, zero
core   0: 3 0x0000000080005fc6 (0xb02024f3) x9  0x0000000000000b9f
core   0: 0x0000000080005fca (0x0000a811) c.j     pc + 20
core   0: 3 0x0000000080005fca (0xa811)
core   0: >>>>  mepc_4
core   0: 0x0000000080005fde (0x00000791) c.addi  a5, 4
core   0: 3 0x0000000080005fde (0x0791) x15 0x0000000080004c2a
core   0: 0x0000000080005fe0 (0x34179073) csrrw   zero, mepc, a5
core   0: 3 0x0000000080005fe0 (0x34179073) c833_mepc 0x0000000080004c2a
core   0: 0x0000000080005fe4 (0x30200073) mret
core   0: 3 0x0000000080005fe4 (0x30200073) c768_mstatus 0x8000000a00106080
core   0: 0x0000000080004c2a (0xd03e72d3) fcvt.s.lu ft5, t3
core   0: 1 0x0000000080004c2a (0xd03e72d3) f5  0xffffffff00000000
core   0: 0x0000000080004c2e (0x003451b3) srl     gp, s0, gp
core   0: 1 0x0000000080004c2e (0x003451b3) x3  0x0000000000000000
core   0: 0x0000000080004c32 (0x02c7863b) mulw    a2, a5, a2
core   0: 1 0x0000000080004c32 (0x02c7863b) x12 0x0000000002f9a400
core   0: 0x0000000080004c36 (0x00102b73) csrrs   s6, fflags, zero
core   0: 1 0x0000000080004c36 (0x00102b73) x22 0x0000000000000011
core   0: 0x0000000080004c3a (0x03674c33) div     s8, a4, s6
core   0: 1 0x0000000080004c3a (0x03674c33) x24 0x0000000000000000
core   0: 0x0000000080004c3e (0x000bc4b3) xor     s1, s7, zero
core   0: 1 0x0000000080004c3e (0x000bc4b3) x9  0xffffffffffffff1b
core   0: 0x0000000080004c42 (0x04349ab7) lui     s5, 0x4349
core   0: 1 0x0000000080004c42 (0x04349ab7) x21 0x0000000004349000
core   0: 0x0000000080004c46 (0xe59a8a9b) addiw   s5, s5, -423
core   0: 1 0x0000000080004c46 (0xe59a8a9b) x21 0x0000000004348e59
core   0: 0x0000000080004c4a (0x00000ab2) c.slli  s5, 12
core   0: 1 0x0000000080004c4a (0x0ab2) x21 0x0000004348e59000
core   0: 0x0000000080004c4c (0xfdaa8a93) addi    s5, s5, -38
core   0: 1 0x0000000080004c4c (0xfdaa8a93) x21 0x0000004348e58fda
core   0: 0x0000000080004c50 (0x000096c2) c.add   a3, a6
core   0: 1 0x0000000080004c50 (0x96c2) x13 0xffffffffffffffec
core   0: 0x0000000080004c52 (0x406edeb3) sra     t4, t4, t1
core   0: 1 0x0000000080004c52 (0x406edeb3) x29 0x0000000000000000
core   0: 0x0000000080004c56 (0x4009de93) srai    t4, s3, 0
core   0: 1 0x0000000080004c56 (0x4009de93) x29 0x8000000000000000
core   0: 0x0000000080004c5a (0xc2057653) fcvt.w.d a2, fa0
core   0: 1 0x0000000080004c5a (0xc2057653) c1_fflags 0x0000000000000011 x12 0x000000007fffffff
core   0: 0x0000000080004c5e (0x011908bb) addw    a7, s2, a7
core   0: 1 0x0000000080004c5e (0x011908bb) x17 0x0000000000000011
core   0: 0x0000000080004c62 (0xb962cd37) lui     s10, 0xb962c
core   0: 1 0x0000000080004c62 (0xb962cd37) x26 0xffffffffb962c000
core   0: 0x0000000080004c66 (0xa3a50753) fle.d   a4, fa0, fs10
core   0: 1 0x0000000080004c66 (0xa3a50753) c1_fflags 0x0000000000000011 x14 0x0000000000000000
core   0: 0x0000000080004c6a (0x018084b3) add     s1, ra, s8
core   0: 1 0x0000000080004c6a (0x018084b3) x9  0x0000000080004014
core   0: 0x0000000080004c6e (0xd28a8513) addi    a0, s5, -728
core   0: 1 0x0000000080004c6e (0xd28a8513) x10 0x0000004348e58d02
core   0: 0x0000000080004c72 (0x409a823b) subw    tp, s5, s1
core   0: 1 0x0000000080004c72 (0x409a823b) x4  0xffffffffc8e54fc6
core   0: 0x0000000080004c76 (0x00572233) slt     tp, a4, t0
core   0: 1 0x0000000080004c76 (0x00572233) x4  0x0000000000000000
core   0: 0x0000000080004c7a (0x01322e33) slt     t3, tp, s3
core   0: 1 0x0000000080004c7a (0x01322e33) x28 0x0000000000000000
core   0: 0x0000000080004c7e (0x00ad553b) srlw    a0, s10, a0
core   0: 1 0x0000000080004c7e (0x00ad553b) x10 0x000000002e58b000
core   0: 0x0000000080004c82 (0x00000001) c.nop
core   0: 1 0x0000000080004c82 (0x0001)
core   0: 0x0000000080004c84 (0x40d586bb) subw    a3, a1, a3
core   0: 1 0x0000000080004c84 (0x40d586bb) x13 0xffffffffc805a487
core   0: 0x0000000080004c88 (0x039b9a93) slli    s5, s7, 57
core   0: 1 0x0000000080004c88 (0x039b9a93) x21 0x3600000000000000
core   0: 0x0000000080004c8c (0x00000001) c.nop
core   0: 1 0x0000000080004c8c (0x0001)
core   0: 0x0000000080004c8e (0x2ae59bd3) fmax.d  fs7, fa1, fa4
core   0: 1 0x0000000080004c8e (0x2ae59bd3) f23 0x7ff8000000000000
core   0: 0x0000000080004c92 (0x0be67c43) fmadd.d fs8, fa2, ft10, ft1
core   0: 1 0x0000000080004c92 (0x0be67c43) f24 0x7ff8000000000000
core   0: 0x0000000080004c96 (0x002399f3) csrrw   s3, frm, t2
core   0: 1 0x0000000080004c96 (0x002399f3) x19 0x0000000000000000 c2_frm 0x0000000000000001
core   0: 0x0000000080004c9a (0x43f5d093) srai    ra, a1, 63
core   0: 1 0x0000000080004c9a (0x43f5d093) x1  0x0000000000000000
core   0: 0x0000000080004c9e (0xd02378d3) fcvt.s.l fa7, t1
core   0: 1 0x0000000080004c9e (0xd02378d3) f17 0xffffffff00000000
core   0: 0x0000000080004ca2 (0x001029f3) csrrs   s3, fflags, zero
core   0: 1 0x0000000080004ca2 (0x001029f3) x19 0x0000000000000011
core   0: 0x0000000080004ca6 (0xda867417) auipc   s0, 0xda867
core   0: 1 0x0000000080004ca6 (0xda867417) x8  0x000000005a86bca6
core   0: 0x0000000080004caa (0xe20c05d3) fmv.x.d a1, fs8
core   0: 1 0x0000000080004caa (0xe20c05d3) x11 0x7ff8000000000000
core   0: 0x0000000080004cae (0x001bf093) andi    ra, s7, 1
core   0: 1 0x0000000080004cae (0x001bf093) x1  0x0000000000000001
core   0: 0x0000000080004cb2 (0x00bc93b3) sll     t2, s9, a1
core   0: 1 0x0000000080004cb2 (0x00bc93b3) x7  0x0000000000000000
core   0: 0x0000000080004cb6 (0x42765e13) srai    t3, a2, 39
core   0: 1 0x0000000080004cb6 (0x42765e13) x28 0x0000000000000000
core   0: 0x0000000080004cba (0x2338acd3) fsgnjx.d fs9, fa7, fs3
core   0: 1 0x0000000080004cba (0x2338acd3) f25 0x7fffffff00000000
core   0: 0x0000000080004cbe (0x011edcb3) srl     s9, t4, a7
core   0: 1 0x0000000080004cbe (0x011edcb3) x25 0x0000400000000000
core   0: 0x0000000080004cc2 (0x8644091b) addiw   s2, s0, -1948
core   0: 1 0x0000000080004cc2 (0x8644091b) x18 0x000000005a86b50a
core   0: 0x0000000080004cc6 (0xc218f153) fcvt.wu.d sp, fa7
core   0: 1 0x0000000080004cc6 (0xc218f153) c1_fflags 0x0000000000000011 x2  0xffffffffffffffff
core   0: 0x0000000080004cca (0x23a1a9d3) fsgnjx.d fs3, ft3, fs10
core   0: 1 0x0000000080004cca (0x23a1a9d3) f19 0x7ff8000000000000
core   0: 0x0000000080004cce (0x40e75abb) sraw    s5, a4, a4
core   0: 1 0x0000000080004cce (0x40e75abb) x21 0x0000000000000000
core   0: 0x0000000080004cd2 (0xd2277ed3) fcvt.d.l ft9, a4
core   0: 1 0x0000000080004cd2 (0xd2277ed3) f29 0x0000000000000000
core   0: 0x0000000080004cd6 (0x01bb151b) slliw   a0, s6, 27
core   0: 1 0x0000000080004cd6 (0x01bb151b) x10 0xffffffff88000000
core   0: 0x0000000080004cda (0x00000001) c.nop
core   0: 1 0x0000000080004cda (0x0001)
core   0: 0x0000000080004cdc (0x02a6c033) div     zero, a3, a0
core   0: 1 0x0000000080004cdc (0x02a6c033)
core   0: 0x0000000080004ce0 (0xbfee42b7) lui     t0, 0xbfee4
core   0: 1 0x0000000080004ce0 (0xbfee42b7) x5  0xffffffffbfee4000
core   0: 0x0000000080004ce4 (0x001022f3) csrrs   t0, fflags, zero
core   0: 1 0x0000000080004ce4 (0x001022f3) x5  0x0000000000000011
core   0: 0x0000000080004ce8 (0x00039493) slli    s1, t2, 0
core   0: 1 0x0000000080004ce8 (0x00039493) x9  0x0000000000000000
core   0: 0x0000000080004cec (0x003491bb) sllw    gp, s1, gp
core   0: 1 0x0000000080004cec (0x003491bb) x3  0x0000000000000000
core   0: 0x0000000080004cf0 (0x298ecb93) xori    s7, t4, 664
core   0: 1 0x0000000080004cf0 (0x298ecb93) x23 0x8000000000000298
core   0: 0x0000000080004cf4 (0x0281c93b) divw    s2, gp, s0
core   0: 1 0x0000000080004cf4 (0x0281c93b) x18 0x0000000000000000
core   0: 0x0000000080004cf8 (0x01f1111b) slliw   sp, sp, 31
core   0: 1 0x0000000080004cf8 (0x01f1111b) x2  0xffffffff80000000
core   0: 0x0000000080004cfc (0x017b8333) add     t1, s7, s7
core   0: 1 0x0000000080004cfc (0x017b8333) x6  0x0000000000000530
core   0: 0x0000000080004d00 (0x004add3b) srlw    s10, s5, tp
core   0: 1 0x0000000080004d00 (0x004add3b) x26 0x0000000000000000
core   0: 0x0000000080004d04 (0xfffa891b) addiw   s2, s5, -1
core   0: 1 0x0000000080004d04 (0xfffa891b) x18 0xffffffffffffffff
core   0: 0x0000000080004d08 (0x02eac13b) divw    sp, s5, a4
core   0: 1 0x0000000080004d08 (0x02eac13b) x2  0xffffffffffffffff
core   0: 0x0000000080004d0c (0xd237fd53) fcvt.d.lu fs10, a5
core   0: 1 0x0000000080004d0c (0xd237fd53) f26 0x41e0000985400000
core   0: 0x0000000080004d10 (0xd225f353) fcvt.d.l ft6, a1
core   0: 1 0x0000000080004d10 (0xd225f353) f6  0x43dffe0000000000
core   0: 0x0000000080004d14 (0xd02c71d3) fcvt.s.l ft3, s8
core   0: 1 0x0000000080004d14 (0xd02c71d3) f3  0xffffffff00000000
core   0: 0x0000000080004d18 (0xc201f7d3) fcvt.w.d a5, ft3
core   0: 1 0x0000000080004d18 (0xc201f7d3) c1_fflags 0x0000000000000011 x15 0x000000007fffffff
core   0: 0x0000000080004d1c (0x415c81bb) subw    gp, s9, s5
core   0: 1 0x0000000080004d1c (0x415c81bb) x3  0x0000000000000000
core   0: 0x0000000080004d20 (0x032d6bb3) rem     s7, s10, s2
core   0: 1 0x0000000080004d20 (0x032d6bb3) x23 0x0000000000000000
core   0: 0x0000000080004d24 (0x013bc233) xor     tp, s7, s3
core   0: 1 0x0000000080004d24 (0x013bc233) x4  0x0000000000000011
core   0: 0x0000000080004d28 (0x032200bb) mulw    ra, tp, s2
core   0: 1 0x0000000080004d28 (0x032200bb) x1  0xffffffffffffffef
core   0: 0x0000000080004d2c (0x23ad2053) fsgnjx.d ft0, fs10, fs10
core   0: 1 0x0000000080004d2c (0x23ad2053) f0  0x41e0000985400000
core   0: 0x0000000080004d30 (0x03597eb3) remu    t4, s2, s5
core   0: 1 0x0000000080004d30 (0x03597eb3) x29 0xffffffffffffffff
core   0: 0x0000000080004d34 (0x001e93f3) csrrw   t2, fflags, t4
core   0: 1 0x0000000080004d34 (0x001e93f3) x7  0x0000000000000011 c1_fflags 0x000000000000001f
core   0: 0x0000000080004d38 (0x00749e3b) sllw    t3, s1, t2
core   0: 1 0x0000000080004d38 (0x00749e3b) x28 0x0000000000000000
core   0: 0x0000000080004d3c (0x41c9da3b) sraw    s4, s3, t3
core   0: 1 0x0000000080004d3c (0x41c9da3b) x20 0x0000000000000011
core   0: 0x0000000080004d40 (0x10062073) csrrs   zero, sstatus, a2
core   0: 1 0x0000000080004d40 (0x10062073) c768_mstatus 0x8000000a001c61a2
core   0: 0x0000000080004d44 (0x591cab17) auipc   s6, 0x591ca
core   0: 1 0x0000000080004d44 (0x591cab17) x22 0x00000000d91ced44
core   0: 0x0000000080004d48 (0xb9092017) auipc   zero, 0xb9092
core   0: 1 0x0000000080004d48 (0xb9092017)
core   0: 0x0000000080004d4c (0x023051b3) divu    gp, zero, gp
core   0: 1 0x0000000080004d4c (0x023051b3) x3  0xffffffffffffffff
core   0: 0x0000000080004d50 (0x0396c433) div     s0, a3, s9
core   0: 1 0x0000000080004d50 (0x0396c433) x8  0x0000000000000000
core   0: 0x0000000080004d54 (0x0218b633) mulhu   a2, a7, ra
core   0: 1 0x0000000080004d54 (0x0218b633) x12 0x0000000000000010
core   0: 0x0000000080004d58 (0x03fc9a13) slli    s4, s9, 63
core   0: 1 0x0000000080004d58 (0x03fc9a13) x20 0x0000000000000000
core   0: 0x0000000080004d5c (0x8b3cff47) fmsub.d ft10, fs9, fs3, fa7
core   0: 1 0x0000000080004d5c (0x8b3cff47) f30 0x7ff8000000000000
core   0: 0x0000000080004d60 (0x42000a53) fcvt.d.s fs4, ft0
core   0: 1 0x0000000080004d60 (0x42000a53) f20 0x7ff8000000000000
core   0: 0x0000000080004d64 (0x01cd6733) or      a4, s10, t3
core   0: 1 0x0000000080004d64 (0x01cd6733) x14 0x0000000000000000
core   0: 0x0000000080004d68 (0xf38bf613) andi    a2, s7, -200
core   0: 1 0x0000000080004d68 (0xf38bf613) x12 0x0000000000000000
core   0: 0x0000000080004d6c (0x0114833b) addw    t1, s1, a7
core   0: 1 0x0000000080004d6c (0x0114833b) x6  0x0000000000000011
core   0: 0x0000000080004d70 (0x0063053b) addw    a0, t1, t1
core   0: 1 0x0000000080004d70 (0x0063053b) x10 0x0000000000000022
core   0: 0x0000000080004d74 (0xc221f8d3) fcvt.l.d a7, ft3
core   0: 1 0x0000000080004d74 (0xc221f8d3) c1_fflags 0x000000000000001f x17 0x7fffffffffffffff
core   0: 0x0000000080004d78 (0xf137d473) csrrwi  s0, mimpid, 15
core   0: exception trap_illegal_instruction, epc 0x0000000080004d78
core   0:           tval 0x00000000f137d473
core   0: >>>>  $xrv64i2p1_m2p0_a2p1_f2p2_d2p2_zicsr2p0_zifencei2p0_zmmul1p0_zba1p0_zbb1p0_zbc1p0_zbs1p0
core   0: 0x0000000080004000 (0x0080006f) j       pc + 0x8
core   0: 3 0x0000000080004000 (0x0080006f)
core   0: >>>>  mmode_exception_handler
core   0: 0x0000000080004008 (0x00002c17) auipc   s8, 0x2
core   0: 3 0x0000000080004008 (0x00002c17) x24 0x0000000080006008
core   0: 0x000000008000400c (0xfa2c0c13) addi    s8, s8, -94
core   0: 3 0x000000008000400c (0xfa2c0c13) x24 0x0000000080005faa
core   0: 0x0000000080004010 (0x000c00e7) jalr    s8
core   0: 3 0x0000000080004010 (0x000c00e7) x1  0x0000000080004014
core   0: >>>>  any_handler
core   0: 0x0000000080005faa (0x341027f3) csrrs   a5, mepc, zero
core   0: 3 0x0000000080005faa (0x341027f3) x15 0x0000000080004d78
core   0: 0x0000000080005fae (0x34202773) csrrs   a4, mcause, zero
core   0: 3 0x0000000080005fae (0x34202773) x14 0x0000000000000002
core   0: 0x0000000080005fb2 (0x142026f3) csrrs   a3, scause, zero
core   0: 3 0x0000000080005fb2 (0x142026f3) x13 0x0000000000000000
core   0: 0x0000000080005fb6 (0x30402673) csrrs   a2, mie, zero
core   0: 3 0x0000000080005fb6 (0x30402673) x12 0x0000000000000a00
core   0: 0x0000000080005fba (0x344025f3) csrrs   a1, mip, zero
core   0: 3 0x0000000080005fba (0x344025f3) x11 0x0000000000000080
core   0: 0x0000000080005fbe (0x343025f3) csrrs   a1, mtval, zero
core   0: 3 0x0000000080005fbe (0x343025f3) x11 0x00000000f137d473
core   0: 0x0000000080005fc2 (0x14302573) csrrs   a0, stval, zero
core   0: 3 0x0000000080005fc2 (0x14302573) x10 0x7fffffffffffffff
core   0: 0x0000000080005fc6 (0xb02024f3) csrrs   s1, minstret, zero
core   0: 3 0x0000000080005fc6 (0xb02024f3) x9  0x0000000000000c05
core   0: 0x0000000080005fca (0x0000a811) c.j     pc + 20
core   0: 3 0x0000000080005fca (0xa811)
core   0: >>>>  mepc_4
core   0: 0x0000000080005fde (0x00000791) c.addi  a5, 4
core   0: 3 0x0000000080005fde (0x0791) x15 0x0000000080004d7c
core   0: 0x0000000080005fe0 (0x34179073) csrrw   zero, mepc, a5
core   0: 3 0x0000000080005fe0 (0x34179073) c833_mepc 0x0000000080004d7c
core   0: 0x0000000080005fe4 (0x30200073) mret
core   0: 3 0x0000000080005fe4 (0x30200073) c768_mstatus 0x8000000a001c61a2
core   0: 0x0000000080004d7c (0xe0357893) andi    a7, a0, -509
core   0: 1 0x0000000080004d7c (0xe0357893) x17 0x7ffffffffffffe03
core   0: 0x0000000080004d80 (0xf14cae73) csrrs   t3, mhartid, s9
core   0: exception trap_illegal_instruction, epc 0x0000000080004d80
core   0:           tval 0x00000000f14cae73
core   0: >>>>  $xrv64i2p1_m2p0_a2p1_f2p2_d2p2_zicsr2p0_zifencei2p0_zmmul1p0_zba1p0_zbb1p0_zbc1p0_zbs1p0
core   0: 0x0000000080004000 (0x0080006f) j       pc + 0x8
core   0: 3 0x0000000080004000 (0x0080006f)
core   0: >>>>  mmode_exception_handler
core   0: 0x0000000080004008 (0x00002c17) auipc   s8, 0x2
core   0: 3 0x0000000080004008 (0x00002c17) x24 0x0000000080006008
core   0: 0x000000008000400c (0xfa2c0c13) addi    s8, s8, -94
core   0: 3 0x000000008000400c (0xfa2c0c13) x24 0x0000000080005faa
core   0: 0x0000000080004010 (0x000c00e7) jalr    s8
core   0: 3 0x0000000080004010 (0x000c00e7) x1  0x0000000080004014
core   0: >>>>  any_handler
core   0: 0x0000000080005faa (0x341027f3) csrrs   a5, mepc, zero
core   0: 3 0x0000000080005faa (0x341027f3) x15 0x0000000080004d80
core   0: 0x0000000080005fae (0x34202773) csrrs   a4, mcause, zero
core   0: 3 0x0000000080005fae (0x34202773) x14 0x0000000000000002
core   0: 0x0000000080005fb2 (0x142026f3) csrrs   a3, scause, zero
core   0: 3 0x0000000080005fb2 (0x142026f3) x13 0x0000000000000000
core   0: 0x0000000080005fb6 (0x30402673) csrrs   a2, mie, zero
core   0: 3 0x0000000080005fb6 (0x30402673) x12 0x0000000000000a00
core   0: 0x0000000080005fba (0x344025f3) csrrs   a1, mip, zero
core   0: 3 0x0000000080005fba (0x344025f3) x11 0x0000000000000080
core   0: 0x0000000080005fbe (0x343025f3) csrrs   a1, mtval, zero
core   0: 3 0x0000000080005fbe (0x343025f3) x11 0x00000000f14cae73
core   0: 0x0000000080005fc2 (0x14302573) csrrs   a0, stval, zero
core   0: 3 0x0000000080005fc2 (0x14302573) x10 0x7fffffffffffffff
core   0: 0x0000000080005fc6 (0xb02024f3) csrrs   s1, minstret, zero
core   0: 3 0x0000000080005fc6 (0xb02024f3) x9  0x0000000000000c16
core   0: 0x0000000080005fca (0x0000a811) c.j     pc + 20
core   0: 3 0x0000000080005fca (0xa811)
core   0: >>>>  mepc_4
core   0: 0x0000000080005fde (0x00000791) c.addi  a5, 4
core   0: 3 0x0000000080005fde (0x0791) x15 0x0000000080004d84
core   0: 0x0000000080005fe0 (0x34179073) csrrw   zero, mepc, a5
core   0: 3 0x0000000080005fe0 (0x34179073) c833_mepc 0x0000000080004d84
core   0: 0x0000000080005fe4 (0x30200073) mret
core   0: 3 0x0000000080005fe4 (0x30200073) c768_mstatus 0x8000000a001c61a2
core   0: 0x0000000080004d84 (0x00251273) csrrw   tp, frm, a0
core   0: 1 0x0000000080004d84 (0x00251273) x4  0x0000000000000001 c2_frm 0x0000000000000007
core   0: 0x0000000080004d88 (0xa86c97b7) lui     a5, 0xa86c9
core   0: 1 0x0000000080004d88 (0xa86c97b7) x15 0xffffffffa86c9000
core   0: 0x0000000080004d8c (0x1ab479d3) fdiv.d  fs3, fs0, fa1
core   0: exception trap_illegal_instruction, epc 0x0000000080004d8c
core   0:           tval 0x000000001ab479d3
core   0: >>>>  $xrv64i2p1_m2p0_a2p1_f2p2_d2p2_zicsr2p0_zifencei2p0_zmmul1p0_zba1p0_zbb1p0_zbc1p0_zbs1p0
core   0: 0x0000000080004000 (0x0080006f) j       pc + 0x8
core   0: 3 0x0000000080004000 (0x0080006f)
core   0: >>>>  mmode_exception_handler
core   0: 0x0000000080004008 (0x00002c17) auipc   s8, 0x2
core   0: 3 0x0000000080004008 (0x00002c17) x24 0x0000000080006008
core   0: 0x000000008000400c (0xfa2c0c13) addi    s8, s8, -94
core   0: 3 0x000000008000400c (0xfa2c0c13) x24 0x0000000080005faa
core   0: 0x0000000080004010 (0x000c00e7) jalr    s8
core   0: 3 0x0000000080004010 (0x000c00e7) x1  0x0000000080004014
core   0: >>>>  any_handler
core   0: 0x0000000080005faa (0x341027f3) csrrs   a5, mepc, zero
core   0: 3 0x0000000080005faa (0x341027f3) x15 0x0000000080004d8c
core   0: 0x0000000080005fae (0x34202773) csrrs   a4, mcause, zero
core   0: 3 0x0000000080005fae (0x34202773) x14 0x0000000000000002
core   0: 0x0000000080005fb2 (0x142026f3) csrrs   a3, scause, zero
core   0: 3 0x0000000080005fb2 (0x142026f3) x13 0x0000000000000000
core   0: 0x0000000080005fb6 (0x30402673) csrrs   a2, mie, zero
core   0: 3 0x0000000080005fb6 (0x30402673) x12 0x0000000000000a00
core   0: 0x0000000080005fba (0x344025f3) csrrs   a1, mip, zero
core   0: 3 0x0000000080005fba (0x344025f3) x11 0x0000000000000080
core   0: 0x0000000080005fbe (0x343025f3) csrrs   a1, mtval, zero
core   0: 3 0x0000000080005fbe (0x343025f3) x11 0x000000001ab479d3
core   0: 0x0000000080005fc2 (0x14302573) csrrs   a0, stval, zero
core   0: 3 0x0000000080005fc2 (0x14302573) x10 0x7fffffffffffffff
core   0: 0x0000000080005fc6 (0xb02024f3) csrrs   s1, minstret, zero
core   0: 3 0x0000000080005fc6 (0xb02024f3) x9  0x0000000000000c28
core   0: 0x0000000080005fca (0x0000a811) c.j     pc + 20
core   0: 3 0x0000000080005fca (0xa811)
core   0: >>>>  mepc_4
core   0: 0x0000000080005fde (0x00000791) c.addi  a5, 4
core   0: 3 0x0000000080005fde (0x0791) x15 0x0000000080004d90
core   0: 0x0000000080005fe0 (0x34179073) csrrw   zero, mepc, a5
core   0: 3 0x0000000080005fe0 (0x34179073) c833_mepc 0x0000000080004d90
core   0: 0x0000000080005fe4 (0x30200073) mret
core   0: 3 0x0000000080005fe4 (0x30200073) c768_mstatus 0x8000000a001c61a2
core   0: 0x0000000080004d90 (0x00008605) c.srai  a2, 1
core   0: 1 0x0000000080004d90 (0x8605) x12 0x0000000000000500
core   0: 0x0000000080004d92 (0x8d92cd13) xori    s10, t0, -1831
core   0: 1 0x0000000080004d92 (0x8d92cd13) x26 0xfffffffffffff8c8
core   0: 0x0000000080004d96 (0x00ce9bbb) sllw    s7, t4, a2
core   0: 1 0x0000000080004d96 (0x00ce9bbb) x23 0xffffffffffffffff
core   0: 0x0000000080004d9a (0x4d45f593) andi    a1, a1, 1236
core   0: 1 0x0000000080004d9a (0x4d45f593) x11 0x00000000000000d0
core   0: 0x0000000080004d9e (0xd224f153) fcvt.d.l ft2, s1
core   0: exception trap_illegal_instruction, epc 0x0000000080004d9e
core   0:           tval 0x00000000d224f153
core   0: >>>>  $xrv64i2p1_m2p0_a2p1_f2p2_d2p2_zicsr2p0_zifencei2p0_zmmul1p0_zba1p0_zbb1p0_zbc1p0_zbs1p0
core   0: 0x0000000080004000 (0x0080006f) j       pc + 0x8
core   0: 3 0x0000000080004000 (0x0080006f)
core   0: >>>>  mmode_exception_handler
core   0: 0x0000000080004008 (0x00002c17) auipc   s8, 0x2
core   0: 3 0x0000000080004008 (0x00002c17) x24 0x0000000080006008
core   0: 0x000000008000400c (0xfa2c0c13) addi    s8, s8, -94
core   0: 3 0x000000008000400c (0xfa2c0c13) x24 0x0000000080005faa
core   0: 0x0000000080004010 (0x000c00e7) jalr    s8
core   0: 3 0x0000000080004010 (0x000c00e7) x1  0x0000000080004014
core   0: >>>>  any_handler
core   0: 0x0000000080005faa (0x341027f3) csrrs   a5, mepc, zero
core   0: 3 0x0000000080005faa (0x341027f3) x15 0x0000000080004d9e
core   0: 0x0000000080005fae (0x34202773) csrrs   a4, mcause, zero
core   0: 3 0x0000000080005fae (0x34202773) x14 0x0000000000000002
core   0: 0x0000000080005fb2 (0x142026f3) csrrs   a3, scause, zero
core   0: 3 0x0000000080005fb2 (0x142026f3) x13 0x0000000000000000
core   0: 0x0000000080005fb6 (0x30402673) csrrs   a2, mie, zero
core   0: 3 0x0000000080005fb6 (0x30402673) x12 0x0000000000000a00
core   0: 0x0000000080005fba (0x344025f3) csrrs   a1, mip, zero
core   0: 3 0x0000000080005fba (0x344025f3) x11 0x0000000000000080
core   0: 0x0000000080005fbe (0x343025f3) csrrs   a1, mtval, zero
core   0: 3 0x0000000080005fbe (0x343025f3) x11 0x00000000d224f153
core   0: 0x0000000080005fc2 (0x14302573) csrrs   a0, stval, zero
core   0: 3 0x0000000080005fc2 (0x14302573) x10 0x7fffffffffffffff
core   0: 0x0000000080005fc6 (0xb02024f3) csrrs   s1, minstret, zero
core   0: 3 0x0000000080005fc6 (0xb02024f3) x9  0x0000000000000c3c
core   0: 0x0000000080005fca (0x0000a811) c.j     pc + 20
core   0: 3 0x0000000080005fca (0xa811)
core   0: >>>>  mepc_4
core   0: 0x0000000080005fde (0x00000791) c.addi  a5, 4
core   0: 3 0x0000000080005fde (0x0791) x15 0x0000000080004da2
core   0: 0x0000000080005fe0 (0x34179073) csrrw   zero, mepc, a5
core   0: 3 0x0000000080005fe0 (0x34179073) c833_mepc 0x0000000080004da2
core   0: 0x0000000080005fe4 (0x30200073) mret
core   0: 3 0x0000000080005fe4 (0x30200073) c768_mstatus 0x8000000a001c61a2
core   0: 0x0000000080004da2 (0x02d65213) srli    tp, a2, 45
core   0: 1 0x0000000080004da2 (0x02d65213) x4  0x0000000000000000
core   0: 0x0000000080004da6 (0xc03dfdd3) fcvt.lu.s s11, fs11
core   0: exception trap_illegal_instruction, epc 0x0000000080004da6
core   0:           tval 0x00000000c03dfdd3
core   0: >>>>  $xrv64i2p1_m2p0_a2p1_f2p2_d2p2_zicsr2p0_zifencei2p0_zmmul1p0_zba1p0_zbb1p0_zbc1p0_zbs1p0
core   0: 0x0000000080004000 (0x0080006f) j       pc + 0x8
core   0: 3 0x0000000080004000 (0x0080006f)
core   0: >>>>  mmode_exception_handler
core   0: 0x0000000080004008 (0x00002c17) auipc   s8, 0x2
core   0: 3 0x0000000080004008 (0x00002c17) x24 0x0000000080006008
core   0: 0x000000008000400c (0xfa2c0c13) addi    s8, s8, -94
core   0: 3 0x000000008000400c (0xfa2c0c13) x24 0x0000000080005faa
core   0: 0x0000000080004010 (0x000c00e7) jalr    s8
core   0: 3 0x0000000080004010 (0x000c00e7) x1  0x0000000080004014
core   0: >>>>  any_handler
core   0: 0x0000000080005faa (0x341027f3) csrrs   a5, mepc, zero
core   0: 3 0x0000000080005faa (0x341027f3) x15 0x0000000080004da6
core   0: 0x0000000080005fae (0x34202773) csrrs   a4, mcause, zero
core   0: 3 0x0000000080005fae (0x34202773) x14 0x0000000000000002
core   0: 0x0000000080005fb2 (0x142026f3) csrrs   a3, scause, zero
core   0: 3 0x0000000080005fb2 (0x142026f3) x13 0x0000000000000000
core   0: 0x0000000080005fb6 (0x30402673) csrrs   a2, mie, zero
core   0: 3 0x0000000080005fb6 (0x30402673) x12 0x0000000000000a00
core   0: 0x0000000080005fba (0x344025f3) csrrs   a1, mip, zero
core   0: 3 0x0000000080005fba (0x344025f3) x11 0x0000000000000080
core   0: 0x0000000080005fbe (0x343025f3) csrrs   a1, mtval, zero
core   0: 3 0x0000000080005fbe (0x343025f3) x11 0x00000000c03dfdd3
core   0: 0x0000000080005fc2 (0x14302573) csrrs   a0, stval, zero
core   0: 3 0x0000000080005fc2 (0x14302573) x10 0x7fffffffffffffff
core   0: 0x0000000080005fc6 (0xb02024f3) csrrs   s1, minstret, zero
core   0: 3 0x0000000080005fc6 (0xb02024f3) x9  0x0000000000000c4d
core   0: 0x0000000080005fca (0x0000a811) c.j     pc + 20
core   0: 3 0x0000000080005fca (0xa811)
core   0: >>>>  mepc_4
core   0: 0x0000000080005fde (0x00000791) c.addi  a5, 4
core   0: 3 0x0000000080005fde (0x0791) x15 0x0000000080004daa
core   0: 0x0000000080005fe0 (0x34179073) csrrw   zero, mepc, a5
core   0: 3 0x0000000080005fe0 (0x34179073) c833_mepc 0x0000000080004daa
core   0: 0x0000000080005fe4 (0x30200073) mret
core   0: 3 0x0000000080005fe4 (0x30200073) c768_mstatus 0x8000000a001c61a2
core   0: 0x0000000080004daa (0xd2020fd3) fcvt.d.w ft11, tp
core   0: 1 0x0000000080004daa (0xd2020fd3) f31 0x0000000000000000
core   0: 0x0000000080004dae (0x43c7dd13) srai    s10, a5, 60
core   0: 1 0x0000000080004dae (0x43c7dd13) x26 0x0000000000000000
core   0: 0x0000000080004db2 (0x0009159b) slliw   a1, s2, 0
core   0: 1 0x0000000080004db2 (0x0009159b) x11 0xffffffffffffffff
core   0: 0x0000000080004db6 (0x0274643b) remw    s0, s0, t2
core   0: 1 0x0000000080004db6 (0x0274643b) x8  0x0000000000000000
core   0: 0x0000000080004dba (0x00202df3) csrrs   s11, frm, zero
core   0: 1 0x0000000080004dba (0x00202df3) x27 0x0000000000000007
core   0: 0x0000000080004dbe (0x3aeff24b) fnmsub.d ft4, ft11, fa4, ft7
core   0: exception trap_illegal_instruction, epc 0x0000000080004dbe
core   0:           tval 0x000000003aeff24b
core   0: >>>>  $xrv64i2p1_m2p0_a2p1_f2p2_d2p2_zicsr2p0_zifencei2p0_zmmul1p0_zba1p0_zbb1p0_zbc1p0_zbs1p0
core   0: 0x0000000080004000 (0x0080006f) j       pc + 0x8
core   0: 3 0x0000000080004000 (0x0080006f)
core   0: >>>>  mmode_exception_handler
core   0: 0x0000000080004008 (0x00002c17) auipc   s8, 0x2
core   0: 3 0x0000000080004008 (0x00002c17) x24 0x0000000080006008
core   0: 0x000000008000400c (0xfa2c0c13) addi    s8, s8, -94
core   0: 3 0x000000008000400c (0xfa2c0c13) x24 0x0000000080005faa
core   0: 0x0000000080004010 (0x000c00e7) jalr    s8
core   0: 3 0x0000000080004010 (0x000c00e7) x1  0x0000000080004014
core   0: >>>>  any_handler
core   0: 0x0000000080005faa (0x341027f3) csrrs   a5, mepc, zero
core   0: 3 0x0000000080005faa (0x341027f3) x15 0x0000000080004dbe
core   0: 0x0000000080005fae (0x34202773) csrrs   a4, mcause, zero
core   0: 3 0x0000000080005fae (0x34202773) x14 0x0000000000000002
core   0: 0x0000000080005fb2 (0x142026f3) csrrs   a3, scause, zero
core   0: 3 0x0000000080005fb2 (0x142026f3) x13 0x0000000000000000
core   0: 0x0000000080005fb6 (0x30402673) csrrs   a2, mie, zero
core   0: 3 0x0000000080005fb6 (0x30402673) x12 0x0000000000000a00
core   0: 0x0000000080005fba (0x344025f3) csrrs   a1, mip, zero
core   0: 3 0x0000000080005fba (0x344025f3) x11 0x0000000000000080
core   0: 0x0000000080005fbe (0x343025f3) csrrs   a1, mtval, zero
core   0: 3 0x0000000080005fbe (0x343025f3) x11 0x000000003aeff24b
core   0: 0x0000000080005fc2 (0x14302573) csrrs   a0, stval, zero
core   0: 3 0x0000000080005fc2 (0x14302573) x10 0x7fffffffffffffff
core   0: 0x0000000080005fc6 (0xb02024f3) csrrs   s1, minstret, zero
core   0: 3 0x0000000080005fc6 (0xb02024f3) x9  0x0000000000000c62
core   0: 0x0000000080005fca (0x0000a811) c.j     pc + 20
core   0: 3 0x0000000080005fca (0xa811)
core   0: >>>>  mepc_4
core   0: 0x0000000080005fde (0x00000791) c.addi  a5, 4
core   0: 3 0x0000000080005fde (0x0791) x15 0x0000000080004dc2
core   0: 0x0000000080005fe0 (0x34179073) csrrw   zero, mepc, a5
core   0: 3 0x0000000080005fe0 (0x34179073) c833_mepc 0x0000000080004dc2
core   0: 0x0000000080005fe4 (0x30200073) mret
core   0: 3 0x0000000080005fe4 (0x30200073) c768_mstatus 0x8000000a001c61a2
core   0: 0x0000000080004dc2 (0x0285b9b3) mulhu   s3, a1, s0
core   0: 1 0x0000000080004dc2 (0x0285b9b3) x19 0x0000000000000000
core   0: 0x0000000080004dc6 (0x4174d4bb) sraw    s1, s1, s7
core   0: 1 0x0000000080004dc6 (0x4174d4bb) x9  0x0000000000000000
core   0: 0x0000000080004dca (0x417bda1b) sraiw   s4, s7, 23
core   0: 1 0x0000000080004dca (0x417bda1b) x20 0xffffffffffffffff
core   0: 0x0000000080004dce (0x1b887ad3) fdiv.d  fs5, fa6, fs8
core   0: exception trap_illegal_instruction, epc 0x0000000080004dce
core   0:           tval 0x000000001b887ad3
core   0: >>>>  $xrv64i2p1_m2p0_a2p1_f2p2_d2p2_zicsr2p0_zifencei2p0_zmmul1p0_zba1p0_zbb1p0_zbc1p0_zbs1p0
core   0: 0x0000000080004000 (0x0080006f) j       pc + 0x8
core   0: 3 0x0000000080004000 (0x0080006f)
core   0: >>>>  mmode_exception_handler
core   0: 0x0000000080004008 (0x00002c17) auipc   s8, 0x2
core   0: 3 0x0000000080004008 (0x00002c17) x24 0x0000000080006008
core   0: 0x000000008000400c (0xfa2c0c13) addi    s8, s8, -94
core   0: 3 0x000000008000400c (0xfa2c0c13) x24 0x0000000080005faa
core   0: 0x0000000080004010 (0x000c00e7) jalr    s8
core   0: 3 0x0000000080004010 (0x000c00e7) x1  0x0000000080004014
core   0: >>>>  any_handler
core   0: 0x0000000080005faa (0x341027f3) csrrs   a5, mepc, zero
core   0: 3 0x0000000080005faa (0x341027f3) x15 0x0000000080004dce
core   0: 0x0000000080005fae (0x34202773) csrrs   a4, mcause, zero
core   0: 3 0x0000000080005fae (0x34202773) x14 0x0000000000000002
core   0: 0x0000000080005fb2 (0x142026f3) csrrs   a3, scause, zero
core   0: 3 0x0000000080005fb2 (0x142026f3) x13 0x0000000000000000
core   0: 0x0000000080005fb6 (0x30402673) csrrs   a2, mie, zero
core   0: 3 0x0000000080005fb6 (0x30402673) x12 0x0000000000000a00
core   0: 0x0000000080005fba (0x344025f3) csrrs   a1, mip, zero
core   0: 3 0x0000000080005fba (0x344025f3) x11 0x0000000000000080
core   0: 0x0000000080005fbe (0x343025f3) csrrs   a1, mtval, zero
core   0: 3 0x0000000080005fbe (0x343025f3) x11 0x000000001b887ad3
core   0: 0x0000000080005fc2 (0x14302573) csrrs   a0, stval, zero
core   0: 3 0x0000000080005fc2 (0x14302573) x10 0x7fffffffffffffff
core   0: 0x0000000080005fc6 (0xb02024f3) csrrs   s1, minstret, zero
core   0: 3 0x0000000080005fc6 (0xb02024f3) x9  0x0000000000000c75
core   0: 0x0000000080005fca (0x0000a811) c.j     pc + 20
core   0: 3 0x0000000080005fca (0xa811)
core   0: >>>>  mepc_4
core   0: 0x0000000080005fde (0x00000791) c.addi  a5, 4
core   0: 3 0x0000000080005fde (0x0791) x15 0x0000000080004dd2
core   0: 0x0000000080005fe0 (0x34179073) csrrw   zero, mepc, a5
core   0: 3 0x0000000080005fe0 (0x34179073) c833_mepc 0x0000000080004dd2
core   0: 0x0000000080005fe4 (0x30200073) mret
core   0: 3 0x0000000080005fe4 (0x30200073) c768_mstatus 0x8000000a001c61a2
core   0: 0x0000000080004dd2 (0x41fb561b) sraiw   a2, s6, 31
core   0: 1 0x0000000080004dd2 (0x41fb561b) x12 0xffffffffffffffff
core   0: 0x0000000080004dd6 (0x401bdb1b) sraiw   s6, s7, 1
core   0: 1 0x0000000080004dd6 (0x401bdb1b) x22 0xffffffffffffffff
core   0: 0x0000000080004dda (0x0ff0000f) fence   iorw,iorw
core   0: 1 0x0000000080004dda (0x0ff0000f)
core   0: 0x0000000080004dde (0x02c7c6bb) divw    a3, a5, a2
core   0: 1 0x0000000080004dde (0x02c7c6bb) x13 0x000000007fffb22e
core   0: 0x0000000080004de2 (0x03f25713) srli    a4, tp, 63
core   0: 1 0x0000000080004de2 (0x03f25713) x14 0x0000000000000000
core   0: 0x0000000080004de6 (0xb02ed7f3) csrrwi  a5, minstret, 29
core   0: exception trap_illegal_instruction, epc 0x0000000080004de6
core   0:           tval 0x00000000b02ed7f3
core   0: >>>>  $xrv64i2p1_m2p0_a2p1_f2p2_d2p2_zicsr2p0_zifencei2p0_zmmul1p0_zba1p0_zbb1p0_zbc1p0_zbs1p0
core   0: 0x0000000080004000 (0x0080006f) j       pc + 0x8
core   0: 3 0x0000000080004000 (0x0080006f)
core   0: >>>>  mmode_exception_handler
core   0: 0x0000000080004008 (0x00002c17) auipc   s8, 0x2
core   0: 3 0x0000000080004008 (0x00002c17) x24 0x0000000080006008
core   0: 0x000000008000400c (0xfa2c0c13) addi    s8, s8, -94
core   0: 3 0x000000008000400c (0xfa2c0c13) x24 0x0000000080005faa
core   0: 0x0000000080004010 (0x000c00e7) jalr    s8
core   0: 3 0x0000000080004010 (0x000c00e7) x1  0x0000000080004014
core   0: >>>>  any_handler
core   0: 0x0000000080005faa (0x341027f3) csrrs   a5, mepc, zero
core   0: 3 0x0000000080005faa (0x341027f3) x15 0x0000000080004de6
core   0: 0x0000000080005fae (0x34202773) csrrs   a4, mcause, zero
core   0: 3 0x0000000080005fae (0x34202773) x14 0x0000000000000002
core   0: 0x0000000080005fb2 (0x142026f3) csrrs   a3, scause, zero
core   0: 3 0x0000000080005fb2 (0x142026f3) x13 0x0000000000000000
core   0: 0x0000000080005fb6 (0x30402673) csrrs   a2, mie, zero
core   0: 3 0x0000000080005fb6 (0x30402673) x12 0x0000000000000a00
core   0: 0x0000000080005fba (0x344025f3) csrrs   a1, mip, zero
core   0: 3 0x0000000080005fba (0x344025f3) x11 0x0000000000000080
core   0: 0x0000000080005fbe (0x343025f3) csrrs   a1, mtval, zero
core   0: 3 0x0000000080005fbe (0x343025f3) x11 0x00000000b02ed7f3
core   0: 0x0000000080005fc2 (0x14302573) csrrs   a0, stval, zero
core   0: 3 0x0000000080005fc2 (0x14302573) x10 0x7fffffffffffffff
core   0: 0x0000000080005fc6 (0xb02024f3) csrrs   s1, minstret, zero
core   0: 3 0x0000000080005fc6 (0xb02024f3) x9  0x0000000000000c8a
core   0: 0x0000000080005fca (0x0000a811) c.j     pc + 20
core   0: 3 0x0000000080005fca (0xa811)
core   0: >>>>  mepc_4
core   0: 0x0000000080005fde (0x00000791) c.addi  a5, 4
core   0: 3 0x0000000080005fde (0x0791) x15 0x0000000080004dea
core   0: 0x0000000080005fe0 (0x34179073) csrrw   zero, mepc, a5
core   0: 3 0x0000000080005fe0 (0x34179073) c833_mepc 0x0000000080004dea
core   0: 0x0000000080005fe4 (0x30200073) mret
core   0: 3 0x0000000080005fe4 (0x30200073) c768_mstatus 0x8000000a001c61a2
core   0: 0x0000000080004dea (0x413b8833) sub     a6, s7, s3
core   0: 1 0x0000000080004dea (0x413b8833) x16 0xffffffffffffffff
core   0: 0x0000000080004dee (0x03fe9693) slli    a3, t4, 63
core   0: 1 0x0000000080004dee (0x03fe9693) x13 0x8000000000000000
core   0: 0x0000000080004df2 (0x80060d1b) addiw   s10, a2, -2048
core   0: 1 0x0000000080004df2 (0x80060d1b) x26 0x0000000000000200
core   0: 0x0000000080004df6 (0x00468633) add     a2, a3, tp
core   0: 1 0x0000000080004df6 (0x00468633) x12 0x8000000000000000
core   0: 0x0000000080004dfa (0x02c2c033) div     zero, t0, a2
core   0: 1 0x0000000080004dfa (0x02c2c033)
core   0: 0x0000000080004dfe (0xfb86fdcf) fnmadd.d fs11, fa3, fs8, ft11
core   0: exception trap_illegal_instruction, epc 0x0000000080004dfe
core   0:           tval 0x00000000fb86fdcf
core   0: >>>>  $xrv64i2p1_m2p0_a2p1_f2p2_d2p2_zicsr2p0_zifencei2p0_zmmul1p0_zba1p0_zbb1p0_zbc1p0_zbs1p0
core   0: 0x0000000080004000 (0x0080006f) j       pc + 0x8
core   0: 3 0x0000000080004000 (0x0080006f)
core   0: >>>>  mmode_exception_handler
core   0: 0x0000000080004008 (0x00002c17) auipc   s8, 0x2
core   0: 3 0x0000000080004008 (0x00002c17) x24 0x0000000080006008
core   0: 0x000000008000400c (0xfa2c0c13) addi    s8, s8, -94
core   0: 3 0x000000008000400c (0xfa2c0c13) x24 0x0000000080005faa
core   0: 0x0000000080004010 (0x000c00e7) jalr    s8
core   0: 3 0x0000000080004010 (0x000c00e7) x1  0x0000000080004014
core   0: >>>>  any_handler
core   0: 0x0000000080005faa (0x341027f3) csrrs   a5, mepc, zero
core   0: 3 0x0000000080005faa (0x341027f3) x15 0x0000000080004dfe
core   0: 0x0000000080005fae (0x34202773) csrrs   a4, mcause, zero
core   0: 3 0x0000000080005fae (0x34202773) x14 0x0000000000000002
core   0: 0x0000000080005fb2 (0x142026f3) csrrs   a3, scause, zero
core   0: 3 0x0000000080005fb2 (0x142026f3) x13 0x0000000000000000
core   0: 0x0000000080005fb6 (0x30402673) csrrs   a2, mie, zero
core   0: 3 0x0000000080005fb6 (0x30402673) x12 0x0000000000000a00
core   0: 0x0000000080005fba (0x344025f3) csrrs   a1, mip, zero
core   0: 3 0x0000000080005fba (0x344025f3) x11 0x0000000000000080
core   0: 0x0000000080005fbe (0x343025f3) csrrs   a1, mtval, zero
core   0: 3 0x0000000080005fbe (0x343025f3) x11 0x00000000fb86fdcf
core   0: 0x0000000080005fc2 (0x14302573) csrrs   a0, stval, zero
core   0: 3 0x0000000080005fc2 (0x14302573) x10 0x7fffffffffffffff
core   0: 0x0000000080005fc6 (0xb02024f3) csrrs   s1, minstret, zero
core   0: 3 0x0000000080005fc6 (0xb02024f3) x9  0x0000000000000c9f
core   0: 0x0000000080005fca (0x0000a811) c.j     pc + 20
core   0: 3 0x0000000080005fca (0xa811)
core   0: >>>>  mepc_4
core   0: 0x0000000080005fde (0x00000791) c.addi  a5, 4
core   0: 3 0x0000000080005fde (0x0791) x15 0x0000000080004e02
core   0: 0x0000000080005fe0 (0x34179073) csrrw   zero, mepc, a5
core   0: 3 0x0000000080005fe0 (0x34179073) c833_mepc 0x0000000080004e02
core   0: 0x0000000080005fe4 (0x30200073) mret
core   0: 3 0x0000000080005fe4 (0x30200073) c768_mstatus 0x8000000a001c61a2
core   0: 0x0000000080004e02 (0xe7388d37) lui     s10, 0xe7388
core   0: 1 0x0000000080004e02 (0xe7388d37) x26 0xffffffffe7388000
core   0: 0x0000000080004e06 (0x00000001) c.nop
core   0: 1 0x0000000080004e06 (0x0001)
core   0: 0x0000000080004e08 (0xf8318e93) addi    t4, gp, -125
core   0: 1 0x0000000080004e08 (0xf8318e93) x29 0xffffffffffffff82
core   0: 0x0000000080004e0c (0x003195bb) sllw    a1, gp, gp
core   0: 1 0x0000000080004e0c (0x003195bb) x11 0xffffffff80000000
core   0: 0x0000000080004e10 (0xda227113) andi    sp, tp, -606
core   0: 1 0x0000000080004e10 (0xda227113) x2  0x0000000000000000
core   0: 0x0000000080004e14 (0x011a1633) sll     a2, s4, a7
core   0: 1 0x0000000080004e14 (0x011a1633) x12 0xfffffffffffffff8
core   0: 0x0000000080004e18 (0x0226d3b3) divu    t2, a3, sp
core   0: 1 0x0000000080004e18 (0x0226d3b3) x7  0xffffffffffffffff
core   0: 0x0000000080004e1c (0x1a3df1d3) fdiv.d  ft3, fs11, ft3
core   0: exception trap_illegal_instruction, epc 0x0000000080004e1c
core   0:           tval 0x000000001a3df1d3
core   0: >>>>  $xrv64i2p1_m2p0_a2p1_f2p2_d2p2_zicsr2p0_zifencei2p0_zmmul1p0_zba1p0_zbb1p0_zbc1p0_zbs1p0
core   0: 0x0000000080004000 (0x0080006f) j       pc + 0x8
core   0: 3 0x0000000080004000 (0x0080006f)
core   0: >>>>  mmode_exception_handler
core   0: 0x0000000080004008 (0x00002c17) auipc   s8, 0x2
core   0: 3 0x0000000080004008 (0x00002c17) x24 0x0000000080006008
core   0: 0x000000008000400c (0xfa2c0c13) addi    s8, s8, -94
core   0: 3 0x000000008000400c (0xfa2c0c13) x24 0x0000000080005faa
core   0: 0x0000000080004010 (0x000c00e7) jalr    s8
core   0: 3 0x0000000080004010 (0x000c00e7) x1  0x0000000080004014
core   0: >>>>  any_handler
core   0: 0x0000000080005faa (0x341027f3) csrrs   a5, mepc, zero
core   0: 3 0x0000000080005faa (0x341027f3) x15 0x0000000080004e1c
core   0: 0x0000000080005fae (0x34202773) csrrs   a4, mcause, zero
core   0: 3 0x0000000080005fae (0x34202773) x14 0x0000000000000002
core   0: 0x0000000080005fb2 (0x142026f3) csrrs   a3, scause, zero
core   0: 3 0x0000000080005fb2 (0x142026f3) x13 0x0000000000000000
core   0: 0x0000000080005fb6 (0x30402673) csrrs   a2, mie, zero
core   0: 3 0x0000000080005fb6 (0x30402673) x12 0x0000000000000a00
core   0: 0x0000000080005fba (0x344025f3) csrrs   a1, mip, zero
core   0: 3 0x0000000080005fba (0x344025f3) x11 0x0000000000000080
core   0: 0x0000000080005fbe (0x343025f3) csrrs   a1, mtval, zero
core   0: 3 0x0000000080005fbe (0x343025f3) x11 0x000000001a3df1d3
core   0: 0x0000000080005fc2 (0x14302573) csrrs   a0, stval, zero
core   0: 3 0x0000000080005fc2 (0x14302573) x10 0x7fffffffffffffff
core   0: 0x0000000080005fc6 (0xb02024f3) csrrs   s1, minstret, zero
core   0: 3 0x0000000080005fc6 (0xb02024f3) x9  0x0000000000000cb6
core   0: 0x0000000080005fca (0x0000a811) c.j     pc + 20
core   0: 3 0x0000000080005fca (0xa811)
core   0: >>>>  mepc_4
core   0: 0x0000000080005fde (0x00000791) c.addi  a5, 4
core   0: 3 0x0000000080005fde (0x0791) x15 0x0000000080004e20
core   0: 0x0000000080005fe0 (0x34179073) csrrw   zero, mepc, a5
core   0: 3 0x0000000080005fe0 (0x34179073) c833_mepc 0x0000000080004e20
core   0: 0x0000000080005fe4 (0x30200073) mret
core   0: 3 0x0000000080005fe4 (0x30200073) c768_mstatus 0x8000000a001c61a2
core   0: 0x0000000080004e20 (0x00155c9b) srliw   s9, a0, 1
core   0: 1 0x0000000080004e20 (0x00155c9b) x25 0x000000007fffffff
core   0: 0x0000000080004e24 (0x0265733b) remuw   t1, a0, t1
core   0: 1 0x0000000080004e24 (0x0265733b) x6  0x0000000000000000
core   0: 0x0000000080004e28 (0x41705033) sra     zero, zero, s7
core   0: 1 0x0000000080004e28 (0x41705033)
core   0: 0x0000000080004e2c (0x00446133) or      sp, s0, tp
core   0: 1 0x0000000080004e2c (0x00446133) x2  0x0000000000000000
core   0: 0x0000000080004e30 (0x41dbdbbb) sraw    s7, s7, t4
core   0: 1 0x0000000080004e30 (0x41dbdbbb) x23 0xffffffffffffffff
core   0: 0x0000000080004e34 (0x0210e0b3) rem     ra, ra, ra
core   0: 1 0x0000000080004e34 (0x0210e0b3) x1  0x0000000000000000
core   0: 0x0000000080004e38 (0x0002801b) sext.w  zero, t0
core   0: 1 0x0000000080004e38 (0x0002801b)
core   0: 0x0000000080004e3c (0xd230f0d3) fcvt.d.lu ft1, ra
core   0: exception trap_illegal_instruction, epc 0x0000000080004e3c
core   0:           tval 0x00000000d230f0d3
core   0: >>>>  $xrv64i2p1_m2p0_a2p1_f2p2_d2p2_zicsr2p0_zifencei2p0_zmmul1p0_zba1p0_zbb1p0_zbc1p0_zbs1p0
core   0: 0x0000000080004000 (0x0080006f) j       pc + 0x8
core   0: 3 0x0000000080004000 (0x0080006f)
core   0: >>>>  mmode_exception_handler
core   0: 0x0000000080004008 (0x00002c17) auipc   s8, 0x2
core   0: 3 0x0000000080004008 (0x00002c17) x24 0x0000000080006008
core   0: 0x000000008000400c (0xfa2c0c13) addi    s8, s8, -94
core   0: 3 0x000000008000400c (0xfa2c0c13) x24 0x0000000080005faa
core   0: 0x0000000080004010 (0x000c00e7) jalr    s8
core   0: 3 0x0000000080004010 (0x000c00e7) x1  0x0000000080004014
core   0: >>>>  any_handler
core   0: 0x0000000080005faa (0x341027f3) csrrs   a5, mepc, zero
core   0: 3 0x0000000080005faa (0x341027f3) x15 0x0000000080004e3c
core   0: 0x0000000080005fae (0x34202773) csrrs   a4, mcause, zero
core   0: 3 0x0000000080005fae (0x34202773) x14 0x0000000000000002
core   0: 0x0000000080005fb2 (0x142026f3) csrrs   a3, scause, zero
core   0: 3 0x0000000080005fb2 (0x142026f3) x13 0x0000000000000000
core   0: 0x0000000080005fb6 (0x30402673) csrrs   a2, mie, zero
core   0: 3 0x0000000080005fb6 (0x30402673) x12 0x0000000000000a00
core   0: 0x0000000080005fba (0x344025f3) csrrs   a1, mip, zero
core   0: 3 0x0000000080005fba (0x344025f3) x11 0x0000000000000080
core   0: 0x0000000080005fbe (0x343025f3) csrrs   a1, mtval, zero
core   0: 3 0x0000000080005fbe (0x343025f3) x11 0x00000000d230f0d3
core   0: 0x0000000080005fc2 (0x14302573) csrrs   a0, stval, zero
core   0: 3 0x0000000080005fc2 (0x14302573) x10 0x7fffffffffffffff
core   0: 0x0000000080005fc6 (0xb02024f3) csrrs   s1, minstret, zero
core   0: 3 0x0000000080005fc6 (0xb02024f3) x9  0x0000000000000ccd
core   0: 0x0000000080005fca (0x0000a811) c.j     pc + 20
core   0: 3 0x0000000080005fca (0xa811)
core   0: >>>>  mepc_4
core   0: 0x0000000080005fde (0x00000791) c.addi  a5, 4
core   0: 3 0x0000000080005fde (0x0791) x15 0x0000000080004e40
core   0: 0x0000000080005fe0 (0x34179073) csrrw   zero, mepc, a5
core   0: 3 0x0000000080005fe0 (0x34179073) c833_mepc 0x0000000080004e40
core   0: 0x0000000080005fe4 (0x30200073) mret
core   0: 3 0x0000000080005fe4 (0x30200073) c768_mstatus 0x8000000a001c61a2
core   0: 0x0000000080004e40 (0x00102273) csrrs   tp, fflags, zero
core   0: 1 0x0000000080004e40 (0x00102273) x4  0x000000000000001f
core   0: 0x0000000080004e44 (0x407e5133) sra     sp, t3, t2
core   0: 1 0x0000000080004e44 (0x407e5133) x2  0x0000000000000000
core   0: 0x0000000080004e48 (0x9d3e7193) andi    gp, t3, -1581
core   0: 1 0x0000000080004e48 (0x9d3e7193) x3  0x0000000000000000
core   0: 0x0000000080004e4c (0x4139d4bb) sraw    s1, s3, s3
core   0: 1 0x0000000080004e4c (0x4139d4bb) x9  0x0000000000000000
core   0: 0x0000000080004e50 (0x2bf88053) fmin.d  ft0, fa7, ft11
core   0: 1 0x0000000080004e50 (0x2bf88053) f0  0x0000000000000000
core   0: 0x0000000080004e54 (0xc030fb53) fcvt.lu.s s6, ft1
core   0: exception trap_illegal_instruction, epc 0x0000000080004e54
core   0:           tval 0x00000000c030fb53
core   0: >>>>  $xrv64i2p1_m2p0_a2p1_f2p2_d2p2_zicsr2p0_zifencei2p0_zmmul1p0_zba1p0_zbb1p0_zbc1p0_zbs1p0
core   0: 0x0000000080004000 (0x0080006f) j       pc + 0x8
core   0: 3 0x0000000080004000 (0x0080006f)
core   0: >>>>  mmode_exception_handler
core   0: 0x0000000080004008 (0x00002c17) auipc   s8, 0x2
core   0: 3 0x0000000080004008 (0x00002c17) x24 0x0000000080006008
core   0: 0x000000008000400c (0xfa2c0c13) addi    s8, s8, -94
core   0: 3 0x000000008000400c (0xfa2c0c13) x24 0x0000000080005faa
core   0: 0x0000000080004010 (0x000c00e7) jalr    s8
core   0: 3 0x0000000080004010 (0x000c00e7) x1  0x0000000080004014
core   0: >>>>  any_handler
core   0: 0x0000000080005faa (0x341027f3) csrrs   a5, mepc, zero
core   0: 3 0x0000000080005faa (0x341027f3) x15 0x0000000080004e54
core   0: 0x0000000080005fae (0x34202773) csrrs   a4, mcause, zero
core   0: 3 0x0000000080005fae (0x34202773) x14 0x0000000000000002
core   0: 0x0000000080005fb2 (0x142026f3) csrrs   a3, scause, zero
core   0: 3 0x0000000080005fb2 (0x142026f3) x13 0x0000000000000000
core   0: 0x0000000080005fb6 (0x30402673) csrrs   a2, mie, zero
core   0: 3 0x0000000080005fb6 (0x30402673) x12 0x0000000000000a00
core   0: 0x0000000080005fba (0x344025f3) csrrs   a1, mip, zero
core   0: 3 0x0000000080005fba (0x344025f3) x11 0x0000000000000080
core   0: 0x0000000080005fbe (0x343025f3) csrrs   a1, mtval, zero
core   0: 3 0x0000000080005fbe (0x343025f3) x11 0x00000000c030fb53
core   0: 0x0000000080005fc2 (0x14302573) csrrs   a0, stval, zero
core   0: 3 0x0000000080005fc2 (0x14302573) x10 0x7fffffffffffffff
core   0: 0x0000000080005fc6 (0xb02024f3) csrrs   s1, minstret, zero
core   0: 3 0x0000000080005fc6 (0xb02024f3) x9  0x0000000000000ce2
core   0: 0x0000000080005fca (0x0000a811) c.j     pc + 20
core   0: 3 0x0000000080005fca (0xa811)
core   0: >>>>  mepc_4
core   0: 0x0000000080005fde (0x00000791) c.addi  a5, 4
core   0: 3 0x0000000080005fde (0x0791) x15 0x0000000080004e58
core   0: 0x0000000080005fe0 (0x34179073) csrrw   zero, mepc, a5
core   0: 3 0x0000000080005fe0 (0x34179073) c833_mepc 0x0000000080004e58
core   0: 0x0000000080005fe4 (0x30200073) mret
core   0: 3 0x0000000080005fe4 (0x30200073) c768_mstatus 0x8000000a001c61a2
core   0: 0x0000000080004e58 (0x00bd173b) sllw    a4, s10, a1
core   0: 1 0x0000000080004e58 (0x00bd173b) x14 0x0000000000000000
core   0: 0x0000000080004e5c (0x03b46433) rem     s0, s0, s11
core   0: 1 0x0000000080004e5c (0x03b46433) x8  0x0000000000000000
core   0: 0x0000000080004e60 (0x02fb80b3) mul     ra, s7, a5
core   0: 1 0x0000000080004e60 (0x02fb80b3) x1  0xffffffff7fffb1a8
core   0: 0x0000000080004e64 (0x015ba7b3) slt     a5, s7, s5
core   0: 1 0x0000000080004e64 (0x015ba7b3) x15 0x0000000000000001
core   0: 0x0000000080004e68 (0xe1ecac97) auipc   s9, 0xe1eca
core   0: 1 0x0000000080004e68 (0xe1ecac97) x25 0x0000000061ecee68
core   0: 0x0000000080004e6c (0x01d55ab3) srl     s5, a0, t4
core   0: 1 0x0000000080004e6c (0x01d55ab3) x21 0x1fffffffffffffff
core   0: 0x0000000080004e70 (0x03d8d393) srli    t2, a7, 61
core   0: 1 0x0000000080004e70 (0x03d8d393) x7  0x0000000000000003
core   0: 0x0000000080004e74 (0xd227fc53) fcvt.d.l fs8, a5
core   0: exception trap_illegal_instruction, epc 0x0000000080004e74
core   0:           tval 0x00000000d227fc53
core   0: >>>>  $xrv64i2p1_m2p0_a2p1_f2p2_d2p2_zicsr2p0_zifencei2p0_zmmul1p0_zba1p0_zbb1p0_zbc1p0_zbs1p0
core   0: 0x0000000080004000 (0x0080006f) j       pc + 0x8
core   0: 3 0x0000000080004000 (0x0080006f)
core   0: >>>>  mmode_exception_handler
core   0: 0x0000000080004008 (0x00002c17) auipc   s8, 0x2
core   0: 3 0x0000000080004008 (0x00002c17) x24 0x0000000080006008
core   0: 0x000000008000400c (0xfa2c0c13) addi    s8, s8, -94
core   0: 3 0x000000008000400c (0xfa2c0c13) x24 0x0000000080005faa
core   0: 0x0000000080004010 (0x000c00e7) jalr    s8
core   0: 3 0x0000000080004010 (0x000c00e7) x1  0x0000000080004014
core   0: >>>>  any_handler
core   0: 0x0000000080005faa (0x341027f3) csrrs   a5, mepc, zero
core   0: 3 0x0000000080005faa (0x341027f3) x15 0x0000000080004e74
core   0: 0x0000000080005fae (0x34202773) csrrs   a4, mcause, zero
core   0: 3 0x0000000080005fae (0x34202773) x14 0x0000000000000002
core   0: 0x0000000080005fb2 (0x142026f3) csrrs   a3, scause, zero
core   0: 3 0x0000000080005fb2 (0x142026f3) x13 0x0000000000000000
core   0: 0x0000000080005fb6 (0x30402673) csrrs   a2, mie, zero
core   0: 3 0x0000000080005fb6 (0x30402673) x12 0x0000000000000a00
core   0: 0x0000000080005fba (0x344025f3) csrrs   a1, mip, zero
core   0: 3 0x0000000080005fba (0x344025f3) x11 0x0000000000000080
core   0: 0x0000000080005fbe (0x343025f3) csrrs   a1, mtval, zero
core   0: 3 0x0000000080005fbe (0x343025f3) x11 0x00000000d227fc53
core   0: 0x0000000080005fc2 (0x14302573) csrrs   a0, stval, zero
core   0: 3 0x0000000080005fc2 (0x14302573) x10 0x7fffffffffffffff
core   0: 0x0000000080005fc6 (0xb02024f3) csrrs   s1, minstret, zero
core   0: 3 0x0000000080005fc6 (0xb02024f3) x9  0x0000000000000cf9
core   0: 0x0000000080005fca (0x0000a811) c.j     pc + 20
core   0: 3 0x0000000080005fca (0xa811)
core   0: >>>>  mepc_4
core   0: 0x0000000080005fde (0x00000791) c.addi  a5, 4
core   0: 3 0x0000000080005fde (0x0791) x15 0x0000000080004e78
core   0: 0x0000000080005fe0 (0x34179073) csrrw   zero, mepc, a5
core   0: 3 0x0000000080005fe0 (0x34179073) c833_mepc 0x0000000080004e78
core   0: 0x0000000080005fe4 (0x30200073) mret
core   0: 3 0x0000000080005fe4 (0x30200073) c768_mstatus 0x8000000a001c61a2
core   0: 0x0000000080004e78 (0xf783c793) xori    a5, t2, -136
core   0: 1 0x0000000080004e78 (0xf783c793) x15 0xffffffffffffff7b
core   0: 0x0000000080004e7c (0xc20af153) fcvt.w.d sp, fs5
core   0: exception trap_illegal_instruction, epc 0x0000000080004e7c
core   0:           tval 0x00000000c20af153
core   0: >>>>  $xrv64i2p1_m2p0_a2p1_f2p2_d2p2_zicsr2p0_zifencei2p0_zmmul1p0_zba1p0_zbb1p0_zbc1p0_zbs1p0
core   0: 0x0000000080004000 (0x0080006f) j       pc + 0x8
core   0: 3 0x0000000080004000 (0x0080006f)
core   0: >>>>  mmode_exception_handler
core   0: 0x0000000080004008 (0x00002c17) auipc   s8, 0x2
core   0: 3 0x0000000080004008 (0x00002c17) x24 0x0000000080006008
core   0: 0x000000008000400c (0xfa2c0c13) addi    s8, s8, -94
core   0: 3 0x000000008000400c (0xfa2c0c13) x24 0x0000000080005faa
core   0: 0x0000000080004010 (0x000c00e7) jalr    s8
core   0: 3 0x0000000080004010 (0x000c00e7) x1  0x0000000080004014
core   0: >>>>  any_handler
core   0: 0x0000000080005faa (0x341027f3) csrrs   a5, mepc, zero
core   0: 3 0x0000000080005faa (0x341027f3) x15 0x0000000080004e7c
core   0: 0x0000000080005fae (0x34202773) csrrs   a4, mcause, zero
core   0: 3 0x0000000080005fae (0x34202773) x14 0x0000000000000002
core   0: 0x0000000080005fb2 (0x142026f3) csrrs   a3, scause, zero
core   0: 3 0x0000000080005fb2 (0x142026f3) x13 0x0000000000000000
core   0: 0x0000000080005fb6 (0x30402673) csrrs   a2, mie, zero
core   0: 3 0x0000000080005fb6 (0x30402673) x12 0x0000000000000a00
core   0: 0x0000000080005fba (0x344025f3) csrrs   a1, mip, zero
core   0: 3 0x0000000080005fba (0x344025f3) x11 0x0000000000000080
core   0: 0x0000000080005fbe (0x343025f3) csrrs   a1, mtval, zero
core   0: 3 0x0000000080005fbe (0x343025f3) x11 0x00000000c20af153
core   0: 0x0000000080005fc2 (0x14302573) csrrs   a0, stval, zero
core   0: 3 0x0000000080005fc2 (0x14302573) x10 0x7fffffffffffffff
core   0: 0x0000000080005fc6 (0xb02024f3) csrrs   s1, minstret, zero
core   0: 3 0x0000000080005fc6 (0xb02024f3) x9  0x0000000000000d0a
core   0: 0x0000000080005fca (0x0000a811) c.j     pc + 20
core   0: 3 0x0000000080005fca (0xa811)
core   0: >>>>  mepc_4
core   0: 0x0000000080005fde (0x00000791) c.addi  a5, 4
core   0: 3 0x0000000080005fde (0x0791) x15 0x0000000080004e80
core   0: 0x0000000080005fe0 (0x34179073) csrrw   zero, mepc, a5
core   0: 3 0x0000000080005fe0 (0x34179073) c833_mepc 0x0000000080004e80
core   0: 0x0000000080005fe4 (0x30200073) mret
core   0: 3 0x0000000080005fe4 (0x30200073) c768_mstatus 0x8000000a001c61a2
core   0: 0x0000000080004e80 (0x02a1a8b3) mulhsu  a7, gp, a0
core   0: 1 0x0000000080004e80 (0x02a1a8b3) x17 0x0000000000000000
core   0: 0x0000000080004e84 (0xd238fbd3) fcvt.d.lu fs7, a7
core   0: exception trap_illegal_instruction, epc 0x0000000080004e84
core   0:           tval 0x00000000d238fbd3
core   0: >>>>  $xrv64i2p1_m2p0_a2p1_f2p2_d2p2_zicsr2p0_zifencei2p0_zmmul1p0_zba1p0_zbb1p0_zbc1p0_zbs1p0
core   0: 0x0000000080004000 (0x0080006f) j       pc + 0x8
core   0: 3 0x0000000080004000 (0x0080006f)
core   0: >>>>  mmode_exception_handler
core   0: 0x0000000080004008 (0x00002c17) auipc   s8, 0x2
core   0: 3 0x0000000080004008 (0x00002c17) x24 0x0000000080006008
core   0: 0x000000008000400c (0xfa2c0c13) addi    s8, s8, -94
core   0: 3 0x000000008000400c (0xfa2c0c13) x24 0x0000000080005faa
core   0: 0x0000000080004010 (0x000c00e7) jalr    s8
core   0: 3 0x0000000080004010 (0x000c00e7) x1  0x0000000080004014
core   0: >>>>  any_handler
core   0: 0x0000000080005faa (0x341027f3) csrrs   a5, mepc, zero
core   0: 3 0x0000000080005faa (0x341027f3) x15 0x0000000080004e84
core   0: 0x0000000080005fae (0x34202773) csrrs   a4, mcause, zero
core   0: 3 0x0000000080005fae (0x34202773) x14 0x0000000000000002
core   0: 0x0000000080005fb2 (0x142026f3) csrrs   a3, scause, zero
core   0: 3 0x0000000080005fb2 (0x142026f3) x13 0x0000000000000000
core   0: 0x0000000080005fb6 (0x30402673) csrrs   a2, mie, zero
core   0: 3 0x0000000080005fb6 (0x30402673) x12 0x0000000000000a00
core   0: 0x0000000080005fba (0x344025f3) csrrs   a1, mip, zero
core   0: 3 0x0000000080005fba (0x344025f3) x11 0x0000000000000080
core   0: 0x0000000080005fbe (0x343025f3) csrrs   a1, mtval, zero
core   0: 3 0x0000000080005fbe (0x343025f3) x11 0x00000000d238fbd3
core   0: 0x0000000080005fc2 (0x14302573) csrrs   a0, stval, zero
core   0: 3 0x0000000080005fc2 (0x14302573) x10 0x7fffffffffffffff
core   0: 0x0000000080005fc6 (0xb02024f3) csrrs   s1, minstret, zero
core   0: 3 0x0000000080005fc6 (0xb02024f3) x9  0x0000000000000d1b
core   0: 0x0000000080005fca (0x0000a811) c.j     pc + 20
core   0: 3 0x0000000080005fca (0xa811)
core   0: >>>>  mepc_4
core   0: 0x0000000080005fde (0x00000791) c.addi  a5, 4
core   0: 3 0x0000000080005fde (0x0791) x15 0x0000000080004e88
core   0: 0x0000000080005fe0 (0x34179073) csrrw   zero, mepc, a5
core   0: 3 0x0000000080005fe0 (0x34179073) c833_mepc 0x0000000080004e88
core   0: 0x0000000080005fe4 (0x30200073) mret
core   0: 3 0x0000000080005fe4 (0x30200073) c768_mstatus 0x8000000a001c61a2
core   0: 0x0000000080004e88 (0x00202b73) csrrs   s6, frm, zero
core   0: 1 0x0000000080004e88 (0x00202b73) x22 0x0000000000000007
core   0: 0x0000000080004e8c (0x0383fad3) fadd.d  fs5, ft7, fs8
core   0: exception trap_illegal_instruction, epc 0x0000000080004e8c
core   0:           tval 0x000000000383fad3
core   0: >>>>  $xrv64i2p1_m2p0_a2p1_f2p2_d2p2_zicsr2p0_zifencei2p0_zmmul1p0_zba1p0_zbb1p0_zbc1p0_zbs1p0
core   0: 0x0000000080004000 (0x0080006f) j       pc + 0x8
core   0: 3 0x0000000080004000 (0x0080006f)
core   0: >>>>  mmode_exception_handler
core   0: 0x0000000080004008 (0x00002c17) auipc   s8, 0x2
core   0: 3 0x0000000080004008 (0x00002c17) x24 0x0000000080006008
core   0: 0x000000008000400c (0xfa2c0c13) addi    s8, s8, -94
core   0: 3 0x000000008000400c (0xfa2c0c13) x24 0x0000000080005faa
core   0: 0x0000000080004010 (0x000c00e7) jalr    s8
core   0: 3 0x0000000080004010 (0x000c00e7) x1  0x0000000080004014
core   0: >>>>  any_handler
core   0: 0x0000000080005faa (0x341027f3) csrrs   a5, mepc, zero
core   0: 3 0x0000000080005faa (0x341027f3) x15 0x0000000080004e8c
core   0: 0x0000000080005fae (0x34202773) csrrs   a4, mcause, zero
core   0: 3 0x0000000080005fae (0x34202773) x14 0x0000000000000002
core   0: 0x0000000080005fb2 (0x142026f3) csrrs   a3, scause, zero
core   0: 3 0x0000000080005fb2 (0x142026f3) x13 0x0000000000000000
core   0: 0x0000000080005fb6 (0x30402673) csrrs   a2, mie, zero
core   0: 3 0x0000000080005fb6 (0x30402673) x12 0x0000000000000a00
core   0: 0x0000000080005fba (0x344025f3) csrrs   a1, mip, zero
core   0: 3 0x0000000080005fba (0x344025f3) x11 0x0000000000000080
core   0: 0x0000000080005fbe (0x343025f3) csrrs   a1, mtval, zero
core   0: 3 0x0000000080005fbe (0x343025f3) x11 0x000000000383fad3
core   0: 0x0000000080005fc2 (0x14302573) csrrs   a0, stval, zero
core   0: 3 0x0000000080005fc2 (0x14302573) x10 0x7fffffffffffffff
core   0: 0x0000000080005fc6 (0xb02024f3) csrrs   s1, minstret, zero
core   0: 3 0x0000000080005fc6 (0xb02024f3) x9  0x0000000000000d2c
core   0: 0x0000000080005fca (0x0000a811) c.j     pc + 20
core   0: 3 0x0000000080005fca (0xa811)
core   0: >>>>  mepc_4
core   0: 0x0000000080005fde (0x00000791) c.addi  a5, 4
core   0: 3 0x0000000080005fde (0x0791) x15 0x0000000080004e90
core   0: 0x0000000080005fe0 (0x34179073) csrrw   zero, mepc, a5
core   0: 3 0x0000000080005fe0 (0x34179073) c833_mepc 0x0000000080004e90
core   0: 0x0000000080005fe4 (0x30200073) mret
core   0: 3 0x0000000080005fe4 (0x30200073) c768_mstatus 0x8000000a001c61a2
core   0: 0x0000000080004e90 (0xeacaf647) fmsub.d fa2, fs5, fa2, ft9
core   0: exception trap_illegal_instruction, epc 0x0000000080004e90
core   0:           tval 0x00000000eacaf647
core   0: >>>>  $xrv64i2p1_m2p0_a2p1_f2p2_d2p2_zicsr2p0_zifencei2p0_zmmul1p0_zba1p0_zbb1p0_zbc1p0_zbs1p0
core   0: 0x0000000080004000 (0x0080006f) j       pc + 0x8
core   0: 3 0x0000000080004000 (0x0080006f)
core   0: >>>>  mmode_exception_handler
core   0: 0x0000000080004008 (0x00002c17) auipc   s8, 0x2
core   0: 3 0x0000000080004008 (0x00002c17) x24 0x0000000080006008
core   0: 0x000000008000400c (0xfa2c0c13) addi    s8, s8, -94
core   0: 3 0x000000008000400c (0xfa2c0c13) x24 0x0000000080005faa
core   0: 0x0000000080004010 (0x000c00e7) jalr    s8
core   0: 3 0x0000000080004010 (0x000c00e7) x1  0x0000000080004014
core   0: >>>>  any_handler
core   0: 0x0000000080005faa (0x341027f3) csrrs   a5, mepc, zero
core   0: 3 0x0000000080005faa (0x341027f3) x15 0x0000000080004e90
core   0: 0x0000000080005fae (0x34202773) csrrs   a4, mcause, zero
core   0: 3 0x0000000080005fae (0x34202773) x14 0x0000000000000002
core   0: 0x0000000080005fb2 (0x142026f3) csrrs   a3, scause, zero
core   0: 3 0x0000000080005fb2 (0x142026f3) x13 0x0000000000000000
core   0: 0x0000000080005fb6 (0x30402673) csrrs   a2, mie, zero
core   0: 3 0x0000000080005fb6 (0x30402673) x12 0x0000000000000a00
core   0: 0x0000000080005fba (0x344025f3) csrrs   a1, mip, zero
core   0: 3 0x0000000080005fba (0x344025f3) x11 0x0000000000000080
core   0: 0x0000000080005fbe (0x343025f3) csrrs   a1, mtval, zero
core   0: 3 0x0000000080005fbe (0x343025f3) x11 0x00000000eacaf647
core   0: 0x0000000080005fc2 (0x14302573) csrrs   a0, stval, zero
core   0: 3 0x0000000080005fc2 (0x14302573) x10 0x7fffffffffffffff
core   0: 0x0000000080005fc6 (0xb02024f3) csrrs   s1, minstret, zero
core   0: 3 0x0000000080005fc6 (0xb02024f3) x9  0x0000000000000d3c
core   0: 0x0000000080005fca (0x0000a811) c.j     pc + 20
core   0: 3 0x0000000080005fca (0xa811)
core   0: >>>>  mepc_4
core   0: 0x0000000080005fde (0x00000791) c.addi  a5, 4
core   0: 3 0x0000000080005fde (0x0791) x15 0x0000000080004e94
core   0: 0x0000000080005fe0 (0x34179073) csrrw   zero, mepc, a5
core   0: 3 0x0000000080005fe0 (0x34179073) c833_mepc 0x0000000080004e94
core   0: 0x0000000080005fe4 (0x30200073) mret
core   0: 3 0x0000000080005fe4 (0x30200073) c768_mstatus 0x8000000a001c61a2
core   0: 0x0000000080004e94 (0x00d19993) slli    s3, gp, 13
core   0: 1 0x0000000080004e94 (0x00d19993) x19 0x0000000000000000
core   0: 0x0000000080004e98 (0x0205853b) mulw    a0, a1, zero
core   0: 1 0x0000000080004e98 (0x0205853b) x10 0x0000000000000000
core   0: 0x0000000080004e9c (0x40d5d1b3) sra     gp, a1, a3
core   0: 1 0x0000000080004e9c (0x40d5d1b3) x3  0x00000000eacaf647
core   0: 0x0000000080004ea0 (0xd23bf753) fcvt.d.lu fa4, s7
core   0: exception trap_illegal_instruction, epc 0x0000000080004ea0
core   0:           tval 0x00000000d23bf753
core   0: >>>>  $xrv64i2p1_m2p0_a2p1_f2p2_d2p2_zicsr2p0_zifencei2p0_zmmul1p0_zba1p0_zbb1p0_zbc1p0_zbs1p0
core   0: 0x0000000080004000 (0x0080006f) j       pc + 0x8
core   0: 3 0x0000000080004000 (0x0080006f)
core   0: >>>>  mmode_exception_handler
core   0: 0x0000000080004008 (0x00002c17) auipc   s8, 0x2
core   0: 3 0x0000000080004008 (0x00002c17) x24 0x0000000080006008
core   0: 0x000000008000400c (0xfa2c0c13) addi    s8, s8, -94
core   0: 3 0x000000008000400c (0xfa2c0c13) x24 0x0000000080005faa
core   0: 0x0000000080004010 (0x000c00e7) jalr    s8
core   0: 3 0x0000000080004010 (0x000c00e7) x1  0x0000000080004014
core   0: >>>>  any_handler
core   0: 0x0000000080005faa (0x341027f3) csrrs   a5, mepc, zero
core   0: 3 0x0000000080005faa (0x341027f3) x15 0x0000000080004ea0
core   0: 0x0000000080005fae (0x34202773) csrrs   a4, mcause, zero
core   0: 3 0x0000000080005fae (0x34202773) x14 0x0000000000000002
core   0: 0x0000000080005fb2 (0x142026f3) csrrs   a3, scause, zero
core   0: 3 0x0000000080005fb2 (0x142026f3) x13 0x0000000000000000
core   0: 0x0000000080005fb6 (0x30402673) csrrs   a2, mie, zero
core   0: 3 0x0000000080005fb6 (0x30402673) x12 0x0000000000000a00
core   0: 0x0000000080005fba (0x344025f3) csrrs   a1, mip, zero
core   0: 3 0x0000000080005fba (0x344025f3) x11 0x0000000000000080
core   0: 0x0000000080005fbe (0x343025f3) csrrs   a1, mtval, zero
core   0: 3 0x0000000080005fbe (0x343025f3) x11 0x00000000d23bf753
core   0: 0x0000000080005fc2 (0x14302573) csrrs   a0, stval, zero
core   0: 3 0x0000000080005fc2 (0x14302573) x10 0x7fffffffffffffff
core   0: 0x0000000080005fc6 (0xb02024f3) csrrs   s1, minstret, zero
core   0: 3 0x0000000080005fc6 (0xb02024f3) x9  0x0000000000000d4f
core   0: 0x0000000080005fca (0x0000a811) c.j     pc + 20
core   0: 3 0x0000000080005fca (0xa811)
core   0: >>>>  mepc_4
core   0: 0x0000000080005fde (0x00000791) c.addi  a5, 4
core   0: 3 0x0000000080005fde (0x0791) x15 0x0000000080004ea4
core   0: 0x0000000080005fe0 (0x34179073) csrrw   zero, mepc, a5
core   0: 3 0x0000000080005fe0 (0x34179073) c833_mepc 0x0000000080004ea4
core   0: 0x0000000080005fe4 (0x30200073) mret
core   0: 3 0x0000000080005fe4 (0x30200073) c768_mstatus 0x8000000a001c61a2
core   0: 0x0000000080004ea4 (0x02b1b1b3) mulhu   gp, gp, a1
core   0: 1 0x0000000080004ea4 (0x02b1b1b3) x3  0x0000000000000000
core   0: 0x0000000080004ea8 (0x0107da9b) srliw   s5, a5, 16
core   0: 1 0x0000000080004ea8 (0x0107da9b) x21 0x0000000000008000
core   0: 0x0000000080004eac (0x00169573) csrrw   a0, fflags, a3
core   0: 1 0x0000000080004eac (0x00169573) x10 0x000000000000001f c1_fflags 0x0000000000000000
core   0: 0x0000000080004eb0 (0x0bd27653) fsub.d  fa2, ft4, ft9
core   0: exception trap_illegal_instruction, epc 0x0000000080004eb0
core   0:           tval 0x000000000bd27653
core   0: >>>>  $xrv64i2p1_m2p0_a2p1_f2p2_d2p2_zicsr2p0_zifencei2p0_zmmul1p0_zba1p0_zbb1p0_zbc1p0_zbs1p0
core   0: 0x0000000080004000 (0x0080006f) j       pc + 0x8
core   0: 3 0x0000000080004000 (0x0080006f)
core   0: >>>>  mmode_exception_handler
core   0: 0x0000000080004008 (0x00002c17) auipc   s8, 0x2
core   0: 3 0x0000000080004008 (0x00002c17) x24 0x0000000080006008
core   0: 0x000000008000400c (0xfa2c0c13) addi    s8, s8, -94
core   0: 3 0x000000008000400c (0xfa2c0c13) x24 0x0000000080005faa
core   0: 0x0000000080004010 (0x000c00e7) jalr    s8
core   0: 3 0x0000000080004010 (0x000c00e7) x1  0x0000000080004014
core   0: >>>>  any_handler
core   0: 0x0000000080005faa (0x341027f3) csrrs   a5, mepc, zero
core   0: 3 0x0000000080005faa (0x341027f3) x15 0x0000000080004eb0
core   0: 0x0000000080005fae (0x34202773) csrrs   a4, mcause, zero
core   0: 3 0x0000000080005fae (0x34202773) x14 0x0000000000000002
core   0: 0x0000000080005fb2 (0x142026f3) csrrs   a3, scause, zero
core   0: 3 0x0000000080005fb2 (0x142026f3) x13 0x0000000000000000
core   0: 0x0000000080005fb6 (0x30402673) csrrs   a2, mie, zero
core   0: 3 0x0000000080005fb6 (0x30402673) x12 0x0000000000000a00
core   0: 0x0000000080005fba (0x344025f3) csrrs   a1, mip, zero
core   0: 3 0x0000000080005fba (0x344025f3) x11 0x0000000000000080
core   0: 0x0000000080005fbe (0x343025f3) csrrs   a1, mtval, zero
core   0: 3 0x0000000080005fbe (0x343025f3) x11 0x000000000bd27653
core   0: 0x0000000080005fc2 (0x14302573) csrrs   a0, stval, zero
core   0: 3 0x0000000080005fc2 (0x14302573) x10 0x7fffffffffffffff
core   0: 0x0000000080005fc6 (0xb02024f3) csrrs   s1, minstret, zero
core   0: 3 0x0000000080005fc6 (0xb02024f3) x9  0x0000000000000d62
core   0: 0x0000000080005fca (0x0000a811) c.j     pc + 20
core   0: 3 0x0000000080005fca (0xa811)
core   0: >>>>  mepc_4
core   0: 0x0000000080005fde (0x00000791) c.addi  a5, 4
core   0: 3 0x0000000080005fde (0x0791) x15 0x0000000080004eb4
core   0: 0x0000000080005fe0 (0x34179073) csrrw   zero, mepc, a5
core   0: 3 0x0000000080005fe0 (0x34179073) c833_mepc 0x0000000080004eb4
core   0: 0x0000000080005fe4 (0x30200073) mret
core   0: 3 0x0000000080005fe4 (0x30200073) c768_mstatus 0x8000000a001c61a2
core   0: 0x0000000080004eb4 (0x00299073) csrrw   zero, frm, s3
core   0: 1 0x0000000080004eb4 (0x00299073) c2_frm 0x0000000000000000
core   0: 0x0000000080004eb8 (0x61c1e393) ori     t2, gp, 1564
core   0: 1 0x0000000080004eb8 (0x61c1e393) x7  0x000000000000061c
core   0: 0x0000000080004ebc (0x6ac6774f) fnmadd.d fa4, fa2, fa2, fa3
core   0: 1 0x0000000080004ebc (0x6ac6774f) f14 0x7ff8000000000000
core   0: 0x0000000080004ec0 (0x00202673) csrrs   a2, frm, zero
core   0: 1 0x0000000080004ec0 (0x00202673) x12 0x0000000000000000
core   0: 0x0000000080004ec4 (0x01c37e33) and     t3, t1, t3
core   0: 1 0x0000000080004ec4 (0x01c37e33) x28 0x0000000000000000
core   0: 0x0000000080004ec8 (0x005e1133) sll     sp, t3, t0
core   0: 1 0x0000000080004ec8 (0x005e1133) x2  0x0000000000000000
core   0: 0x0000000080004ecc (0xd20607d3) fcvt.d.w fa5, a2
core   0: 1 0x0000000080004ecc (0xd20607d3) f15 0x0000000000000000
core   0: 0x0000000080004ed0 (0x01ab7d33) and     s10, s6, s10
core   0: 1 0x0000000080004ed0 (0x01ab7d33) x26 0x0000000000000000
core   0: 0x0000000080004ed4 (0x23452a53) fsgnjx.d fs4, fa0, fs4
core   0: 1 0x0000000080004ed4 (0x23452a53) f20 0x7ff8000000000000
core   0: 0x0000000080004ed8 (0xc227f5d3) fcvt.l.d a1, fa5
core   0: 1 0x0000000080004ed8 (0xc227f5d3) x11 0x0000000000000000
core   0: 0x0000000080004edc (0xc22bf453) fcvt.l.d s0, fs7
core   0: 1 0x0000000080004edc (0xc22bf453) c1_fflags 0x0000000000000010 x8  0x7fffffffffffffff
core   0: 0x0000000080004ee0 (0x22e494d3) fsgnjn.d fs1, fs1, fa4
core   0: 1 0x0000000080004ee0 (0x22e494d3) f9  0xffffffffffffffff
core   0: 0x0000000080004ee4 (0x41b80db3) sub     s11, a6, s11
core   0: 1 0x0000000080004ee4 (0x41b80db3) x27 0xfffffffffffffff8
core   0: 0x0000000080004ee8 (0x02f7da13) srli    s4, a5, 47
core   0: 1 0x0000000080004ee8 (0x02f7da13) x20 0x0000000000000000
core   0: 0x0000000080004eec (0x00b91cb3) sll     s9, s2, a1
core   0: 1 0x0000000080004eec (0x00b91cb3) x25 0xffffffffffffffff
core   0: 0x0000000080004ef0 (0x80097b13) andi    s6, s2, -2048
core   0: 1 0x0000000080004ef0 (0x80097b13) x22 0xfffffffffffff800
core   0: 0x0000000080004ef4 (0xd20a06d3) fcvt.d.w fa3, s4
core   0: 1 0x0000000080004ef4 (0xd20a06d3) f13 0x0000000000000000
core   0: 0x0000000080004ef8 (0x011382b3) add     t0, t2, a7
core   0: 1 0x0000000080004ef8 (0x011382b3) x5  0x000000000000061c
core   0: 0x0000000080004efc (0x00025a9b) srliw   s5, tp, 0
core   0: 1 0x0000000080004efc (0x00025a9b) x21 0x000000000000001f
core   0: 0x0000000080004f00 (0x5a01f7d3) fsqrt.d fa5, ft3
core   0: 1 0x0000000080004f00 (0x5a01f7d3) f15 0x7ff8000000000000
core   0: 0x0000000080004f04 (0x00c2d29b) srliw   t0, t0, 12
core   0: 1 0x0000000080004f04 (0x00c2d29b) x5  0x0000000000000000
core   0: 0x0000000080004f08 (0x03ce72d3) fadd.d  ft5, ft8, ft8
core   0: 1 0x0000000080004f08 (0x03ce72d3) f5  0x40f00000123ffff6
core   0: 0x0000000080004f0c (0x22662653) fsgnjx.d fa2, fa2, ft6
core   0: 1 0x0000000080004f0c (0x22662653) f12 0x7ff8000000000000
core   0: 0x0000000080004f10 (0x0ff0000f) fence   iorw,iorw
core   0: 1 0x0000000080004f10 (0x0ff0000f)
core   0: 0x0000000080004f14 (0x017bd633) srl     a2, s7, s7
core   0: 1 0x0000000080004f14 (0x017bd633) x12 0x0000000000000001
core   0: 0x0000000080004f18 (0xc2267a53) fcvt.l.d s4, fa2
core   0: 1 0x0000000080004f18 (0xc2267a53) c1_fflags 0x0000000000000010 x20 0x7fffffffffffffff
core   0: 0x0000000080004f1c (0x32ce744b) fnmsub.d fs0, ft8, fa2, ft6
core   0: 1 0x0000000080004f1c (0x32ce744b) f8  0x7ff8000000000000
core   0: 0x0000000080004f20 (0xd2058c53) fcvt.d.w fs8, a1
core   0: 1 0x0000000080004f20 (0xd2058c53) f24 0x0000000000000000
core   0: 0x0000000080004f24 (0x0019519b) srliw   gp, s2, 1
core   0: 1 0x0000000080004f24 (0x0019519b) x3  0x000000007fffffff
core   0: 0x0000000080004f28 (0x00e31c33) sll     s8, t1, a4
core   0: 1 0x0000000080004f28 (0x00e31c33) x24 0x0000000000000000
core   0: 0x0000000080004f2c (0x407ddd9b) sraiw   s11, s11, 7
core   0: 1 0x0000000080004f2c (0x407ddd9b) x27 0xffffffffffffffff
core   0: 0x0000000080004f30 (0x03a3683b) remw    a6, t1, s10
core   0: 1 0x0000000080004f30 (0x03a3683b) x16 0x0000000000000000
core   0: 0x0000000080004f34 (0x1410fa73) csrrci  s4, sepc, 1
core   0: 1 0x0000000080004f34 (0x1410fa73) x20 0x0000000000000000 c321_sepc 0x0000000000000000
core   0: 0x0000000080004f38 (0x414c59b3) sra     s3, s8, s4
core   0: 1 0x0000000080004f38 (0x414c59b3) x19 0x0000000000000000
core   0: 0x0000000080004f3c (0x000e1e13) slli    t3, t3, 0
core   0: 1 0x0000000080004f3c (0x000e1e13) x28 0x0000000000000000
core   0: 0x0000000080004f40 (0x234d9853) fsgnjn.d fa6, fs11, fs4
core   0: 1 0x0000000080004f40 (0x234d9853) f16 0xfff8000000000000
core   0: 0x0000000080004f44 (0x00000001) c.nop
core   0: 1 0x0000000080004f44 (0x0001)
core   0: 0x0000000080004f46 (0x001114f3) csrrw   s1, fflags, sp
core   0: 1 0x0000000080004f46 (0x001114f3) x9  0x0000000000000010 c1_fflags 0x0000000000000000
core   0: 0x0000000080004f4a (0x03cefbb3) remu    s7, t4, t3
core   0: 1 0x0000000080004f4a (0x03cefbb3) x23 0xffffffffffffff82
core   0: 0x0000000080004f4e (0x00a472b3) and     t0, s0, a0
core   0: 1 0x0000000080004f4e (0x00a472b3) x5  0x7fffffffffffffff
core   0: 0x0000000080004f52 (0x40c25b33) sra     s6, tp, a2
core   0: 1 0x0000000080004f52 (0x40c25b33) x22 0x000000000000000f
core   0: 0x0000000080004f56 (0x00f32cb3) slt     s9, t1, a5
core   0: 1 0x0000000080004f56 (0x00f32cb3) x25 0x0000000000000001
core   0: 0x0000000080004f5a (0x016182bb) addw    t0, gp, s6
core   0: 1 0x0000000080004f5a (0x016182bb) x5  0xffffffff8000000e
core   0: 0x0000000080004f5e (0x00152093) slti    ra, a0, 1
core   0: 1 0x0000000080004f5e (0x00152093) x1  0x0000000000000000
core   0: 0x0000000080004f62 (0xd20281d3) fcvt.d.w ft3, t0
core   0: 1 0x0000000080004f62 (0xd20281d3) f3  0xc1dffffffc800000
core   0: 0x0000000080004f66 (0xc2277ed3) fcvt.l.d t4, fa4
core   0: 1 0x0000000080004f66 (0xc2277ed3) c1_fflags 0x0000000000000010 x29 0x7fffffffffffffff
core   0: 0x0000000080004f6a (0x0080843b) addw    s0, ra, s0
core   0: 1 0x0000000080004f6a (0x0080843b) x8  0xffffffffffffffff
core   0: 0x0000000080004f6e (0x00000001) c.nop
core   0: 1 0x0000000080004f6e (0x0001)
core   0: 0x0000000080004f70 (0x2ae19ed3) fmax.d  ft9, ft3, fa4
core   0: 1 0x0000000080004f70 (0x2ae19ed3) f29 0xc1dffffffc800000
core   0: 0x0000000080004f74 (0x409487bb) subw    a5, s1, s1
core   0: 1 0x0000000080004f74 (0x409487bb) x15 0x0000000000000000
core   0: 0x0000000080004f78 (0xc039f7d3) fcvt.lu.s a5, fs3
core   0: 1 0x0000000080004f78 (0xc039f7d3) c1_fflags 0x0000000000000010 x15 0xffffffffffffffff
core   0: 0x0000000080004f7c (0x02f5fa3b) remuw   s4, a1, a5
core   0: 1 0x0000000080004f7c (0x02f5fa3b) x20 0x0000000000000000
core   0: 0x0000000080004f80 (0x00005033) srl     zero, zero, zero
core   0: 1 0x0000000080004f80 (0x00005033)
core   0: 0x0000000080004f84 (0x01935e93) srli    t4, t1, 25
core   0: 1 0x0000000080004f84 (0x01935e93) x29 0x0000000000000000
core   0: 0x0000000080004f88 (0x40d9dd13) srai    s10, s3, 13
core   0: 1 0x0000000080004f88 (0x40d9dd13) x26 0x0000000000000000
core   0: 0x0000000080004f8c (0xc039fed3) fcvt.lu.s t4, fs3
core   0: 1 0x0000000080004f8c (0xc039fed3) c1_fflags 0x0000000000000010 x29 0xffffffffffffffff
core   0: 0x0000000080004f90 (0x7ffa8093) addi    ra, s5, 2047
core   0: 1 0x0000000080004f90 (0x7ffa8093) x1  0x000000000000081e
core   0: 0x0000000080004f94 (0x013a9413) slli    s0, s5, 19
core   0: 1 0x0000000080004f94 (0x013a9413) x8  0x0000000000f80000
core   0: 0x0000000080004f98 (0x27660e1b) addiw   t3, a2, 630
core   0: 1 0x0000000080004f98 (0x27660e1b) x28 0x0000000000000277
core   0: 0x0000000080004f9c (0xd030f153) fcvt.s.lu ft2, ra
core   0: 1 0x0000000080004f9c (0xd030f153) f2  0xffffffff4501e000
core   0: 0x0000000080004fa0 (0x02741793) slli    a5, s0, 39
core   0: 1 0x0000000080004fa0 (0x02741793) x15 0x7c00000000000000
core   0: 0x0000000080004fa4 (0x42fe5093) srai    ra, t3, 47
core   0: 1 0x0000000080004fa4 (0x42fe5093) x1  0x0000000000000000
core   0: 0x0000000080004fa8 (0x4139d63b) sraw    a2, s3, s3
core   0: 1 0x0000000080004fa8 (0x4139d63b) x12 0x0000000000000000
core   0: 0x0000000080004fac (0x4107d79b) sraiw   a5, a5, 16
core   0: 1 0x0000000080004fac (0x4107d79b) x15 0x0000000000000000
core   0: 0x0000000080004fb0 (0xc2227a53) fcvt.l.d s4, ft4
core   0: 1 0x0000000080004fb0 (0xc2227a53) c1_fflags 0x0000000000000010 x20 0x7fffffffffffffff
core   0: 0x0000000080004fb4 (0x015520b3) slt     ra, a0, s5
core   0: 1 0x0000000080004fb4 (0x015520b3) x1  0x0000000000000000
core   0: 0x0000000080004fb8 (0xe2257547) fmsub.d fa0, fa0, ft2, ft8
core   0: 1 0x0000000080004fb8 (0xe2257547) f10 0x7ff8000000000000
core   0: 0x0000000080004fbc (0xc21cf5d3) fcvt.wu.d a1, fs9
core   0: 1 0x0000000080004fbc (0xc21cf5d3) c1_fflags 0x0000000000000010 x11 0xffffffffffffffff
core   0: 0x0000000080004fc0 (0x4de68893) addi    a7, a3, 1246
core   0: 1 0x0000000080004fc0 (0x4de68893) x17 0x00000000000004de
core   0: 0x0000000080004fc4 (0x01c4d9bb) srlw    s3, s1, t3
core   0: 1 0x0000000080004fc4 (0x01c4d9bb) x19 0x0000000000000000
core   0: 0x0000000080004fc8 (0xd025fa53) fcvt.s.l fs4, a1
core   0: 1 0x0000000080004fc8 (0xd025fa53) f20 0xffffffffbf800000
core   0: 0x0000000080004fcc (0xe20e8cd3) fmv.x.d s9, ft9
core   0: 1 0x0000000080004fcc (0xe20e8cd3) x25 0xc1dffffffc800000
core   0: 0x0000000080004fd0 (0xd03cf453) fcvt.s.lu fs0, s9
core   0: 1 0x0000000080004fd0 (0xd03cf453) c1_fflags 0x0000000000000011 f8  0xffffffff5f41e000
core   0: 0x0000000080004fd4 (0x9e669db7) lui     s11, 0x9e669
core   0: 1 0x0000000080004fd4 (0x9e669db7) x27 0xffffffff9e669000
core   0: 0x0000000080004fd8 (0x23fc2ed3) fsgnjx.d ft9, fs8, ft11
core   0: 1 0x0000000080004fd8 (0x23fc2ed3) f29 0x0000000000000000
core   0: 0x0000000080004fdc (0x03706d3b) remw    s10, zero, s7
core   0: 1 0x0000000080004fdc (0x03706d3b) x26 0x0000000000000000
core   0: 0x0000000080004fe0 (0x01e49593) slli    a1, s1, 30
core   0: 1 0x0000000080004fe0 (0x01e49593) x11 0x0000000400000000
core   0: 0x0000000080004fe4 (0x00000001) c.nop
core   0: 1 0x0000000080004fe4 (0x0001)
core   0: 0x0000000080004fe6 (0x03666633) rem     a2, a2, s6
core   0: 1 0x0000000080004fe6 (0x03666633) x12 0x0000000000000000
core   0: 0x0000000080004fea (0xb9725837) lui     a6, 0xb9725
core   0: 1 0x0000000080004fea (0xb9725837) x16 0xffffffffb9725000
core   0: 0x0000000080004fee (0x009ad833) srl     a6, s5, s1
core   0: 1 0x0000000080004fee (0x009ad833) x16 0x0000000000000000
core   0: 0x0000000080004ff2 (0x01735c3b) srlw    s8, t1, s7
core   0: 1 0x0000000080004ff2 (0x01735c3b) x24 0x0000000000000000
core   0: 0x0000000080004ff6 (0x420a8853) fcvt.d.s fa6, fs5
core   0: 1 0x0000000080004ff6 (0x420a8853) f16 0x7ff8000000000000
core   0: 0x0000000080004ffa (0x001e16f3) csrrw   a3, fflags, t3
core   0: 1 0x0000000080004ffa (0x001e16f3) x13 0x0000000000000011 c1_fflags 0x0000000000000017
core   0: 0x0000000080004ffe (0xc2287ed3) fcvt.l.d t4, fa6
core   0: 1 0x0000000080004ffe (0xc2287ed3) c1_fflags 0x0000000000000017 x29 0x7fffffffffffffff
core   0: 0x0000000080005002 (0xd2020153) fcvt.d.w ft2, tp
core   0: 1 0x0000000080005002 (0xd2020153) f2  0x403f000000000000
core   0: 0x0000000080005006 (0x01e15193) srli    gp, sp, 30
core   0: 1 0x0000000080005006 (0x01e15193) x3  0x0000000000000000
core   0: 0x000000008000500a (0xd4706117) auipc   sp, 0xd4706
core   0: 1 0x000000008000500a (0xd4706117) x2  0x000000005470b00a
core   0: 0x000000008000500e (0x002695f3) csrrw   a1, frm, a3
core   0: 1 0x000000008000500e (0x002695f3) x11 0x0000000000000000 c2_frm 0x0000000000000001
core   0: 0x0000000080005012 (0x0048f133) and     sp, a7, tp
core   0: 1 0x0000000080005012 (0x0048f133) x2  0x000000000000001e
core   0: 0x0000000080005016 (0x0194949b) slliw   s1, s1, 25
core   0: 1 0x0000000080005016 (0x0194949b) x9  0x0000000020000000
core   0: 0x000000008000501a (0x400c5c1b) sraiw   s8, s8, 0
core   0: 1 0x000000008000501a (0x400c5c1b) x24 0x0000000000000000
core   0: 0x000000008000501e (0xf20d0dd3) fmv.d.x fs11, s10
core   0: 1 0x000000008000501e (0xf20d0dd3) f27 0x0000000000000000
core   0: 0x0000000080005022 (0x004461b3) or      gp, s0, tp
core   0: 1 0x0000000080005022 (0x004461b3) x3  0x0000000000f8001f
core   0: 0x0000000080005026 (0x018c5b93) srli    s7, s8, 24
core   0: 1 0x0000000080005026 (0x018c5b93) x23 0x0000000000000000
core   0: 0x000000008000502a (0xd039f353) fcvt.s.lu ft6, s3
core   0: 1 0x000000008000502a (0xd039f353) f6  0xffffffff00000000
core   0: 0x000000008000502e (0x003c863b) addw    a2, s9, gp
core   0: 1 0x000000008000502e (0x003c863b) x12 0xfffffffffd78001f
core   0: 0x0000000080005032 (0x0052c533) xor     a0, t0, t0
core   0: 1 0x0000000080005032 (0x0052c533) x10 0x0000000000000000
core   0: 0x0000000080005036 (0x00a1d1bb) srlw    gp, gp, a0
core   0: 1 0x0000000080005036 (0x00a1d1bb) x3  0x0000000000f8001f
core   0: 0x000000008000503a (0x41d55b9b) sraiw   s7, a0, 29
core   0: 1 0x000000008000503a (0x41d55b9b) x23 0x0000000000000000
core   0: 0x000000008000503e (0x12e0f753) fmul.d  fa4, ft1, fa4
core   0: 1 0x000000008000503e (0x12e0f753) f14 0x7ff8000000000000
core   0: 0x0000000080005042 (0x00102ef3) csrrs   t4, fflags, zero
core   0: 1 0x0000000080005042 (0x00102ef3) x29 0x0000000000000017
core   0: 0x0000000080005046 (0x563a0093) addi    ra, s4, 1379
core   0: 1 0x0000000080005046 (0x563a0093) x1  0x8000000000000562
core   0: 0x000000008000504a (0x9d4b6297) auipc   t0, 0x9d4b6
core   0: 1 0x000000008000504a (0x9d4b6297) x5  0x000000001d4bb04a
core   0: 0x000000008000504e (0xbb60ff43) fmadd.d ft10, ft1, fs6, fs7
core   0: 1 0x000000008000504e (0xbb60ff43) f30 0x7ff8000000000000
core   0: 0x0000000080005052 (0xd21e8ed3) fcvt.d.wu ft9, t4
core   0: 1 0x0000000080005052 (0xd21e8ed3) f29 0x4037000000000000
core   0: 0x0000000080005056 (0x01b301b3) add     gp, t1, s11
core   0: 1 0x0000000080005056 (0x01b301b3) x3  0xffffffff9e669000
core   0: 0x000000008000505a (0x4175593b) sraw    s2, a0, s7
core   0: 1 0x000000008000505a (0x4175593b) x18 0x0000000000000000
core   0: 0x000000008000505e (0x017909bb) addw    s3, s2, s7
core   0: 1 0x000000008000505e (0x017909bb) x19 0x0000000000000000
core   0: 0x0000000080005062 (0x00000001) c.nop
core   0: 1 0x0000000080005062 (0x0001)
core   0: 0x0000000080005064 (0x40095b1b) sraiw   s6, s2, 0
core   0: 1 0x0000000080005064 (0x40095b1b) x22 0x0000000000000000
core   0: 0x0000000080005068 (0x417b88b3) sub     a7, s7, s7
core   0: 1 0x0000000080005068 (0x417b88b3) x17 0x0000000000000000
core   0: 0x000000008000506c (0x0018d713) srli    a4, a7, 1
core   0: 1 0x000000008000506c (0x0018d713) x14 0x0000000000000000
core   0: 0x0000000080005070 (0x4186dcbb) sraw    s9, a3, s8
core   0: 1 0x0000000080005070 (0x4186dcbb) x25 0x0000000000000011
core   0: 0x0000000080005074 (0x00041d13) slli    s10, s0, 0
core   0: 1 0x0000000080005074 (0x00041d13) x26 0x0000000000f80000
core   0: 0x0000000080005078 (0x01ad49b3) xor     s3, s10, s10
core   0: 1 0x0000000080005078 (0x01ad49b3) x19 0x0000000000000000
core   0: 0x000000008000507c (0xc810d6f3) csrrwi  a3, timeh, 1
core   0: exception trap_illegal_instruction, epc 0x000000008000507c
core   0:           tval 0x00000000c810d6f3
core   0: >>>>  $xrv64i2p1_m2p0_a2p1_f2p2_d2p2_zicsr2p0_zifencei2p0_zmmul1p0_zba1p0_zbb1p0_zbc1p0_zbs1p0
core   0: 0x0000000080004000 (0x0080006f) j       pc + 0x8
core   0: 3 0x0000000080004000 (0x0080006f)
core   0: >>>>  mmode_exception_handler
core   0: 0x0000000080004008 (0x00002c17) auipc   s8, 0x2
core   0: 3 0x0000000080004008 (0x00002c17) x24 0x0000000080006008
core   0: 0x000000008000400c (0xfa2c0c13) addi    s8, s8, -94
core   0: 3 0x000000008000400c (0xfa2c0c13) x24 0x0000000080005faa
core   0: 0x0000000080004010 (0x000c00e7) jalr    s8
core   0: 3 0x0000000080004010 (0x000c00e7) x1  0x0000000080004014
core   0: >>>>  any_handler
core   0: 0x0000000080005faa (0x341027f3) csrrs   a5, mepc, zero
core   0: 3 0x0000000080005faa (0x341027f3) x15 0x000000008000507c
core   0: 0x0000000080005fae (0x34202773) csrrs   a4, mcause, zero
core   0: 3 0x0000000080005fae (0x34202773) x14 0x0000000000000002
core   0: 0x0000000080005fb2 (0x142026f3) csrrs   a3, scause, zero
core   0: 3 0x0000000080005fb2 (0x142026f3) x13 0x0000000000000000
core   0: 0x0000000080005fb6 (0x30402673) csrrs   a2, mie, zero
core   0: 3 0x0000000080005fb6 (0x30402673) x12 0x0000000000000a00
core   0: 0x0000000080005fba (0x344025f3) csrrs   a1, mip, zero
core   0: 3 0x0000000080005fba (0x344025f3) x11 0x0000000000000080
core   0: 0x0000000080005fbe (0x343025f3) csrrs   a1, mtval, zero
core   0: 3 0x0000000080005fbe (0x343025f3) x11 0x00000000c810d6f3
core   0: 0x0000000080005fc2 (0x14302573) csrrs   a0, stval, zero
core   0: 3 0x0000000080005fc2 (0x14302573) x10 0x7fffffffffffffff
core   0: 0x0000000080005fc6 (0xb02024f3) csrrs   s1, minstret, zero
core   0: 3 0x0000000080005fc6 (0xb02024f3) x9  0x0000000000000de6
core   0: 0x0000000080005fca (0x0000a811) c.j     pc + 20
core   0: 3 0x0000000080005fca (0xa811)
core   0: >>>>  mepc_4
core   0: 0x0000000080005fde (0x00000791) c.addi  a5, 4
core   0: 3 0x0000000080005fde (0x0791) x15 0x0000000080005080
core   0: 0x0000000080005fe0 (0x34179073) csrrw   zero, mepc, a5
core   0: 3 0x0000000080005fe0 (0x34179073) c833_mepc 0x0000000080005080
core   0: 0x0000000080005fe4 (0x30200073) mret
core   0: 3 0x0000000080005fe4 (0x30200073) c768_mstatus 0x8000000a001c61a2
core   0: 0x0000000080005080 (0xd20987d3) fcvt.d.w fa5, s3
core   0: 1 0x0000000080005080 (0xd20987d3) f15 0x0000000000000000
core   0: 0x0000000080005084 (0x002023f3) csrrs   t2, frm, zero
core   0: 1 0x0000000080005084 (0x002023f3) x7  0x0000000000000001
core   0: 0x0000000080005088 (0x0ff0000f) fence   iorw,iorw
core   0: 1 0x0000000080005088 (0x0ff0000f)
core   0: 0x000000008000508c (0x00768bb3) add     s7, a3, t2
core   0: 1 0x000000008000508c (0x00768bb3) x23 0x0000000000000001
core   0: 0x0000000080005090 (0x01201933) sll     s2, zero, s2
core   0: 1 0x0000000080005090 (0x01201933) x18 0x0000000000000000
core   0: 0x0000000080005094 (0x10a07073) csrrci  zero, senvcfg, 0
core   0: 1 0x0000000080005094 (0x10a07073)
core   0: 0x0000000080005098 (0xa301f447) fmsub.d fs0, ft3, fa6, fs4
core   0: 1 0x0000000080005098 (0xa301f447) f8  0x7ff8000000000000
core   0: 0x000000008000509c (0xc027f3d3) fcvt.l.s t2, fa5
core   0: 1 0x000000008000509c (0xc027f3d3) c1_fflags 0x0000000000000017 x7  0x7fffffffffffffff
core   0: 0x00000000800050a0 (0x00102473) csrrs   s0, fflags, zero
core   0: 1 0x00000000800050a0 (0x00102473) x8  0x0000000000000017
core   0: 0x00000000800050a4 (0x00cc17bb) sllw    a5, s8, a2
core   0: 1 0x00000000800050a4 (0x00cc17bb) x15 0xffffffff80005faa
core   0: 0x00000000800050a8 (0x310061f3) csrrsi  gp, mstatush, 0
core   0: exception trap_illegal_instruction, epc 0x00000000800050a8
core   0:           tval 0x00000000310061f3
core   0: >>>>  $xrv64i2p1_m2p0_a2p1_f2p2_d2p2_zicsr2p0_zifencei2p0_zmmul1p0_zba1p0_zbb1p0_zbc1p0_zbs1p0
core   0: 0x0000000080004000 (0x0080006f) j       pc + 0x8
core   0: 3 0x0000000080004000 (0x0080006f)
core   0: >>>>  mmode_exception_handler
core   0: 0x0000000080004008 (0x00002c17) auipc   s8, 0x2
core   0: 3 0x0000000080004008 (0x00002c17) x24 0x0000000080006008
core   0: 0x000000008000400c (0xfa2c0c13) addi    s8, s8, -94
core   0: 3 0x000000008000400c (0xfa2c0c13) x24 0x0000000080005faa
core   0: 0x0000000080004010 (0x000c00e7) jalr    s8
core   0: 3 0x0000000080004010 (0x000c00e7) x1  0x0000000080004014
core   0: >>>>  any_handler
core   0: 0x0000000080005faa (0x341027f3) csrrs   a5, mepc, zero
core   0: 3 0x0000000080005faa (0x341027f3) x15 0x00000000800050a8
core   0: 0x0000000080005fae (0x34202773) csrrs   a4, mcause, zero
core   0: 3 0x0000000080005fae (0x34202773) x14 0x0000000000000002
core   0: 0x0000000080005fb2 (0x142026f3) csrrs   a3, scause, zero
core   0: 3 0x0000000080005fb2 (0x142026f3) x13 0x0000000000000000
core   0: 0x0000000080005fb6 (0x30402673) csrrs   a2, mie, zero
core   0: 3 0x0000000080005fb6 (0x30402673) x12 0x0000000000000a00
core   0: 0x0000000080005fba (0x344025f3) csrrs   a1, mip, zero
core   0: 3 0x0000000080005fba (0x344025f3) x11 0x0000000000000080
core   0: 0x0000000080005fbe (0x343025f3) csrrs   a1, mtval, zero
core   0: 3 0x0000000080005fbe (0x343025f3) x11 0x00000000310061f3
core   0: 0x0000000080005fc2 (0x14302573) csrrs   a0, stval, zero
core   0: 3 0x0000000080005fc2 (0x14302573) x10 0x7fffffffffffffff
core   0: 0x0000000080005fc6 (0xb02024f3) csrrs   s1, minstret, zero
core   0: 3 0x0000000080005fc6 (0xb02024f3) x9  0x0000000000000e00
core   0: 0x0000000080005fca (0x0000a811) c.j     pc + 20
core   0: 3 0x0000000080005fca (0xa811)
core   0: >>>>  mepc_4
core   0: 0x0000000080005fde (0x00000791) c.addi  a5, 4
core   0: 3 0x0000000080005fde (0x0791) x15 0x00000000800050ac
core   0: 0x0000000080005fe0 (0x34179073) csrrw   zero, mepc, a5
core   0: 3 0x0000000080005fe0 (0x34179073) c833_mepc 0x00000000800050ac
core   0: 0x0000000080005fe4 (0x30200073) mret
core   0: 3 0x0000000080005fe4 (0x30200073) c768_mstatus 0x8000000a001c61a2
core   0: 0x00000000800050ac (0x0069191b) slliw   s2, s2, 6
core   0: 1 0x00000000800050ac (0x0069191b) x18 0x0000000000000000
core   0: 0x00000000800050b0 (0x800dfd93) andi    s11, s11, -2048
core   0: 1 0x00000000800050b0 (0x800dfd93) x27 0xffffffff9e669000
core   0: 0x00000000800050b4 (0xf7e97993) andi    s3, s2, -130
core   0: 1 0x00000000800050b4 (0xf7e97993) x19 0x0000000000000000
core   0: 0x00000000800050b8 (0x0053d83b) srlw    a6, t2, t0
core   0: 1 0x00000000800050b8 (0x0053d83b) x16 0x00000000003fffff
core   0: 0x00000000800050bc (0x024c5c13) srli    s8, s8, 36
core   0: 1 0x00000000800050bc (0x024c5c13) x24 0x0000000000000000
core   0: 0x00000000800050c0 (0x306221f3) csrrs   gp, mcounteren, tp
core   0: exception trap_illegal_instruction, epc 0x00000000800050c0
core   0:           tval 0x00000000306221f3
core   0: >>>>  $xrv64i2p1_m2p0_a2p1_f2p2_d2p2_zicsr2p0_zifencei2p0_zmmul1p0_zba1p0_zbb1p0_zbc1p0_zbs1p0
core   0: 0x0000000080004000 (0x0080006f) j       pc + 0x8
core   0: 3 0x0000000080004000 (0x0080006f)
core   0: >>>>  mmode_exception_handler
core   0: 0x0000000080004008 (0x00002c17) auipc   s8, 0x2
core   0: 3 0x0000000080004008 (0x00002c17) x24 0x0000000080006008
core   0: 0x000000008000400c (0xfa2c0c13) addi    s8, s8, -94
core   0: 3 0x000000008000400c (0xfa2c0c13) x24 0x0000000080005faa
core   0: 0x0000000080004010 (0x000c00e7) jalr    s8
core   0: 3 0x0000000080004010 (0x000c00e7) x1  0x0000000080004014
core   0: >>>>  any_handler
core   0: 0x0000000080005faa (0x341027f3) csrrs   a5, mepc, zero
core   0: 3 0x0000000080005faa (0x341027f3) x15 0x00000000800050c0
core   0: 0x0000000080005fae (0x34202773) csrrs   a4, mcause, zero
core   0: 3 0x0000000080005fae (0x34202773) x14 0x0000000000000002
core   0: 0x0000000080005fb2 (0x142026f3) csrrs   a3, scause, zero
core   0: 3 0x0000000080005fb2 (0x142026f3) x13 0x0000000000000000
core   0: 0x0000000080005fb6 (0x30402673) csrrs   a2, mie, zero
core   0: 3 0x0000000080005fb6 (0x30402673) x12 0x0000000000000a00
core   0: 0x0000000080005fba (0x344025f3) csrrs   a1, mip, zero
core   0: 3 0x0000000080005fba (0x344025f3) x11 0x0000000000000080
core   0: 0x0000000080005fbe (0x343025f3) csrrs   a1, mtval, zero
core   0: 3 0x0000000080005fbe (0x343025f3) x11 0x00000000306221f3
core   0: 0x0000000080005fc2 (0x14302573) csrrs   a0, stval, zero
core   0: 3 0x0000000080005fc2 (0x14302573) x10 0x7fffffffffffffff
core   0: 0x0000000080005fc6 (0xb02024f3) csrrs   s1, minstret, zero
core   0: 3 0x0000000080005fc6 (0xb02024f3) x9  0x0000000000000e15
core   0: 0x0000000080005fca (0x0000a811) c.j     pc + 20
core   0: 3 0x0000000080005fca (0xa811)
core   0: >>>>  mepc_4
core   0: 0x0000000080005fde (0x00000791) c.addi  a5, 4
core   0: 3 0x0000000080005fde (0x0791) x15 0x00000000800050c4
core   0: 0x0000000080005fe0 (0x34179073) csrrw   zero, mepc, a5
core   0: 3 0x0000000080005fe0 (0x34179073) c833_mepc 0x00000000800050c4
core   0: 0x0000000080005fe4 (0x30200073) mret
core   0: 3 0x0000000080005fe4 (0x30200073) c768_mstatus 0x8000000a001c61a2
core   0: 0x00000000800050c4 (0x419900bb) subw    ra, s2, s9
core   0: 1 0x00000000800050c4 (0x419900bb) x1  0xffffffffffffffef
core   0: 0x00000000800050c8 (0x41f8dc1b) sraiw   s8, a7, 31
core   0: 1 0x00000000800050c8 (0x41f8dc1b) x24 0x0000000000000000
core   0: 0x00000000800050cc (0x0268ec33) rem     s8, a7, t1
core   0: 1 0x00000000800050cc (0x0268ec33) x24 0x0000000000000000
core   0: 0x00000000800050d0 (0x0339b6b3) mulhu   a3, s3, s3
core   0: 1 0x00000000800050d0 (0x0339b6b3) x13 0x0000000000000000
core   0: 0x00000000800050d4 (0xd030fb53) fcvt.s.lu fs6, ra
core   0: 1 0x00000000800050d4 (0xd030fb53) c1_fflags 0x0000000000000017 f22 0xffffffff5f7fffff
core   0: 0x00000000800050d8 (0x410a5a33) sra     s4, s4, a6
core   0: 1 0x00000000800050d8 (0x410a5a33) x20 0x0000000000000000
core   0: 0x00000000800050dc (0x40ba5b1b) sraiw   s6, s4, 11
core   0: 1 0x00000000800050dc (0x40ba5b1b) x22 0x0000000000000000
core   0: 0x00000000800050e0 (0x2b7a9253) fmax.d  ft4, fs5, fs7
core   0: 1 0x00000000800050e0 (0x2b7a9253) f4  0xc2dfffffa1ffff57
core   0: 0x00000000800050e4 (0xbbd574cb) fnmsub.d fs1, fa0, ft9, fs7
core   0: 1 0x00000000800050e4 (0xbbd574cb) f9  0x7ff8000000000000
core   0: 0x00000000800050e8 (0xd2180e53) fcvt.d.wu ft8, a6
core   0: 1 0x00000000800050e8 (0xd2180e53) f28 0x414fffff80000000
core   0: 0x00000000800050ec (0x0ff0000f) fence   iorw,iorw
core   0: 1 0x00000000800050ec (0x0ff0000f)
core   0: 0x00000000800050f0 (0x0376acb3) mulhsu  s9, a3, s7
core   0: 1 0x00000000800050f0 (0x0376acb3) x25 0x0000000000000000
core   0: 0x00000000800050f4 (0xd22bf453) fcvt.d.l fs0, s7
core   0: 1 0x00000000800050f4 (0xd22bf453) f8  0x3ff0000000000000
core   0: 0x00000000800050f8 (0xfb6cfccf) fnmadd.d fs9, fs9, fs6, ft11
core   0: 1 0x00000000800050f8 (0xfb6cfccf) f25 0x7ff8000000000000
core   0: 0x00000000800050fc (0x01037633) and     a2, t1, a6
core   0: 1 0x00000000800050fc (0x01037633) x12 0x0000000000000000
core   0: 0x0000000080005100 (0x004a1a33) sll     s4, s4, tp
core   0: 1 0x0000000080005100 (0x004a1a33) x20 0x0000000000000000
core   0: 0x0000000080005104 (0x00c61ab3) sll     s5, a2, a2
core   0: 1 0x0000000080005104 (0x00c61ab3) x21 0x0000000000000000
core   0: 0x0000000080005108 (0x038eba33) mulhu   s4, t4, s8
core   0: 1 0x0000000080005108 (0x038eba33) x20 0x0000000000000000
core   0: 0x000000008000510c (0x014640b3) xor     ra, a2, s4
core   0: 1 0x000000008000510c (0x014640b3) x1  0x0000000000000000
core   0: 0x0000000080005110 (0x41ab58bb) sraw    a7, s6, s10
core   0: 1 0x0000000080005110 (0x41ab58bb) x17 0x0000000000000000
core   0: 0x0000000080005114 (0x4013f653) fcvt.s.d fa2, ft7
core   0: 1 0x0000000080005114 (0x4013f653) f12 0xffffffff7fc00000
core   0: 0x0000000080005118 (0x012243b3) xor     t2, tp, s2
core   0: 1 0x0000000080005118 (0x012243b3) x7  0x000000000000001f
core   0: 0x000000008000511c (0x011dabb3) slt     s7, s11, a7
core   0: 1 0x000000008000511c (0x011dabb3) x23 0x0000000000000001
core   0: 0x0000000080005120 (0x00c196bb) sllw    a3, gp, a2
core   0: 1 0x0000000080005120 (0x00c196bb) x13 0xffffffff9e669000
core   0: 0x0000000080005124 (0xd2088ad3) fcvt.d.w fs5, a7
core   0: 1 0x0000000080005124 (0xd2088ad3) f21 0x0000000000000000
core   0: 0x0000000080005128 (0x226bf94f) fnmadd.d fs2, fs7, ft6, ft4
core   0: 1 0x0000000080005128 (0x226bf94f) f18 0x7ff8000000000000
core   0: 0x000000008000512c (0xe20904d3) fmv.x.d s1, fs2
core   0: 1 0x000000008000512c (0xe20904d3) x9  0x7ff8000000000000
core   0: 0x0000000080005130 (0x2a0b1b53) fmax.d  fs6, fs6, ft0
core   0: 1 0x0000000080005130 (0x2a0b1b53) f22 0x0000000000000000
core   0: 0x0000000080005134 (0x01b5153b) sllw    a0, a0, s11
core   0: 1 0x0000000080005134 (0x01b5153b) x10 0xffffffffffffffff
core   0: 0x0000000080005138 (0xd20d8253) fcvt.d.w ft4, s11
core   0: 1 0x0000000080005138 (0xd20d8253) f4  0xc1d8665c00000000
core   0: 0x000000008000513c (0x224c88d3) fsgnj.d fa7, fs9, ft4
core   0: 1 0x000000008000513c (0x224c88d3) f17 0xfff8000000000000
core   0: 0x0000000080005140 (0x0091eeb3) or      t4, gp, s1
core   0: 1 0x0000000080005140 (0x0091eeb3) x29 0xffffffff9e669000
core   0: 0x0000000080005144 (0x0ff0000f) fence   iorw,iorw
core   0: 1 0x0000000080005144 (0x0ff0000f)
core   0: 0x0000000080005148 (0x037702b3) mul     t0, a4, s7
core   0: 1 0x0000000080005148 (0x037702b3) x5  0x0000000000000002
core   0: 0x000000008000514c (0xc03a71d3) fcvt.lu.s gp, fs4
core   0: 1 0x000000008000514c (0xc03a71d3) c1_fflags 0x0000000000000017 x3  0x0000000000000000
core   0: 0x0000000080005150 (0x43fcdc93) srai    s9, s9, 63
core   0: 1 0x0000000080005150 (0x43fcdc93) x25 0x0000000000000000
core   0: 0x0000000080005154 (0x01029c3b) sllw    s8, t0, a6
core   0: 1 0x0000000080005154 (0x01029c3b) x24 0x0000000000000000
core   0: 0x0000000080005158 (0x001027f3) csrrs   a5, fflags, zero
core   0: 1 0x0000000080005158 (0x001027f3) x15 0x0000000000000017
core   0: 0x000000008000515c (0xd025fe53) fcvt.s.l ft8, a1
core   0: 1 0x000000008000515c (0xd025fe53) c1_fflags 0x0000000000000017 f28 0xffffffff4e418887
core   0: 0x0000000080005160 (0xc03c7c53) fcvt.lu.s s8, fs8
core   0: 1 0x0000000080005160 (0xc03c7c53) c1_fflags 0x0000000000000017 x24 0xffffffffffffffff
core   0: 0x0000000080005164 (0x0026d1bb) srlw    gp, a3, sp
core   0: 1 0x0000000080005164 (0x0026d1bb) x3  0x0000000000000002
core   0: 0x0000000080005168 (0x00c6ccb3) xor     s9, a3, a2
core   0: 1 0x0000000080005168 (0x00c6ccb3) x25 0xffffffff9e669000
core   0: 0x000000008000516c (0xa38186d3) fle.d   a3, ft3, fs8
core   0: 1 0x000000008000516c (0xa38186d3) x13 0x0000000000000001
core   0: 0x0000000080005170 (0x00cc6633) or      a2, s8, a2
core   0: 1 0x0000000080005170 (0x00cc6633) x12 0xffffffffffffffff
core   0: 0x0000000080005174 (0x4041583b) sraw    a6, sp, tp
core   0: 1 0x0000000080005174 (0x4041583b) x16 0x0000000000000000
core   0: 0x0000000080005178 (0x750b0b13) addi    s6, s6, 1872
core   0: 1 0x0000000080005178 (0x750b0b13) x22 0x0000000000000750
core   0: 0x000000008000517c (0x00c640b3) xor     ra, a2, a2
core   0: 1 0x000000008000517c (0x00c640b3) x1  0x0000000000000000
core   0: 0x0000000080005180 (0xd2dd76c7) fmsub.d fa3, fs10, fa3, fs10
core   0: 1 0x0000000080005180 (0xd2dd76c7) f13 0xc1e0000985400000
core   0: 0x0000000080005184 (0x2ba79fd3) fmax.d  ft11, fa5, fs10
core   0: 1 0x0000000080005184 (0x2ba79fd3) f31 0x41e0000985400000
core   0: 0x0000000080005188 (0xc81954f3) csrrwi  s1, timeh, 18
core   0: exception trap_illegal_instruction, epc 0x0000000080005188
core   0:           tval 0x00000000c81954f3
core   0: >>>>  $xrv64i2p1_m2p0_a2p1_f2p2_d2p2_zicsr2p0_zifencei2p0_zmmul1p0_zba1p0_zbb1p0_zbc1p0_zbs1p0
core   0: 0x0000000080004000 (0x0080006f) j       pc + 0x8
core   0: 3 0x0000000080004000 (0x0080006f)
core   0: >>>>  mmode_exception_handler
core   0: 0x0000000080004008 (0x00002c17) auipc   s8, 0x2
core   0: 3 0x0000000080004008 (0x00002c17) x24 0x0000000080006008
core   0: 0x000000008000400c (0xfa2c0c13) addi    s8, s8, -94
core   0: 3 0x000000008000400c (0xfa2c0c13) x24 0x0000000080005faa
core   0: 0x0000000080004010 (0x000c00e7) jalr    s8
core   0: 3 0x0000000080004010 (0x000c00e7) x1  0x0000000080004014
core   0: >>>>  any_handler
core   0: 0x0000000080005faa (0x341027f3) csrrs   a5, mepc, zero
core   0: 3 0x0000000080005faa (0x341027f3) x15 0x0000000080005188
core   0: 0x0000000080005fae (0x34202773) csrrs   a4, mcause, zero
core   0: 3 0x0000000080005fae (0x34202773) x14 0x0000000000000002
core   0: 0x0000000080005fb2 (0x142026f3) csrrs   a3, scause, zero
core   0: 3 0x0000000080005fb2 (0x142026f3) x13 0x0000000000000000
core   0: 0x0000000080005fb6 (0x30402673) csrrs   a2, mie, zero
core   0: 3 0x0000000080005fb6 (0x30402673) x12 0x0000000000000a00
core   0: 0x0000000080005fba (0x344025f3) csrrs   a1, mip, zero
core   0: 3 0x0000000080005fba (0x344025f3) x11 0x0000000000000080
core   0: 0x0000000080005fbe (0x343025f3) csrrs   a1, mtval, zero
core   0: 3 0x0000000080005fbe (0x343025f3) x11 0x00000000c81954f3
core   0: 0x0000000080005fc2 (0x14302573) csrrs   a0, stval, zero
core   0: 3 0x0000000080005fc2 (0x14302573) x10 0x7fffffffffffffff
core   0: 0x0000000080005fc6 (0xb02024f3) csrrs   s1, minstret, zero
core   0: 3 0x0000000080005fc6 (0xb02024f3) x9  0x0000000000000e56
core   0: 0x0000000080005fca (0x0000a811) c.j     pc + 20
core   0: 3 0x0000000080005fca (0xa811)
core   0: >>>>  mepc_4
core   0: 0x0000000080005fde (0x00000791) c.addi  a5, 4
core   0: 3 0x0000000080005fde (0x0791) x15 0x000000008000518c
core   0: 0x0000000080005fe0 (0x34179073) csrrw   zero, mepc, a5
core   0: 3 0x0000000080005fe0 (0x34179073) c833_mepc 0x000000008000518c
core   0: 0x0000000080005fe4 (0x30200073) mret
core   0: 3 0x0000000080005fe4 (0x30200073) c768_mstatus 0x8000000a001c61a2
core   0: 0x000000008000518c (0x800bc993) xori    s3, s7, -2048
core   0: 1 0x000000008000518c (0x800bc993) x19 0xfffffffffffff801
core   0: 0x0000000080005190 (0x001656bb) srlw    a3, a2, ra
core   0: 1 0x0000000080005190 (0x001656bb) x13 0x0000000000000000
core   0: 0x0000000080005194 (0x5c26e313) ori     t1, a3, 1474
core   0: 1 0x0000000080005194 (0x5c26e313) x6  0x00000000000005c2
core   0: 0x0000000080005198 (0x014a18bb) sllw    a7, s4, s4
core   0: 1 0x0000000080005198 (0x014a18bb) x17 0x0000000000000000
core   0: 0x000000008000519c (0x026a09bb) mulw    s3, s4, t1
core   0: 1 0x000000008000519c (0x026a09bb) x19 0x0000000000000000
core   0: 0x00000000800051a0 (0x00051dbb) sllw    s11, a0, zero
core   0: 1 0x00000000800051a0 (0x00051dbb) x27 0xffffffffffffffff
core   0: 0x00000000800051a4 (0x0ff0000f) fence   iorw,iorw
core   0: 1 0x00000000800051a4 (0x0ff0000f)
core   0: 0x00000000800051a8 (0x05c89537) lui     a0, 0x5c89
core   0: 1 0x00000000800051a8 (0x05c89537) x10 0x0000000005c89000
core   0: 0x00000000800051ac (0xced5051b) addiw   a0, a0, -787
core   0: 1 0x00000000800051ac (0xced5051b) x10 0x0000000005c88ced
core   0: 0x00000000800051b0 (0x00000532) c.slli  a0, 12
core   0: 1 0x00000000800051b0 (0x0532) x10 0x0000005c88ced000
core   0: 0x00000000800051b2 (0xc7f50513) addi    a0, a0, -897
core   0: 1 0x00000000800051b2 (0xc7f50513) x10 0x0000005c88cecc7f
core   0: 0x00000000800051b6 (0x4018fe53) fcvt.s.d ft8, fa7
core   0: 1 0x00000000800051b6 (0x4018fe53) f28 0xffffffff7fc00000
core   0: 0x00000000800051ba (0x000092d2) c.add   t0, s4
core   0: 1 0x00000000800051ba (0x92d2) x5  0x0000000000000002
core   0: 0x00000000800051bc (0xd23873d3) fcvt.d.lu ft7, a6
core   0: 1 0x00000000800051bc (0xd23873d3) f7  0x0000000000000000
core   0: 0x00000000800051c0 (0x336d1797) auipc   a5, 0x336d1
core   0: 1 0x00000000800051c0 (0x336d1797) x15 0x00000000b36d61c0
core   0: 0x00000000800051c4 (0x003d60b7) lui     ra, 0x3d6
core   0: 1 0x00000000800051c4 (0x003d60b7) x1  0x00000000003d6000
core   0: 0x00000000800051c8 (0x3770809b) addiw   ra, ra, 887
core   0: 1 0x00000000800051c8 (0x3770809b) x1  0x00000000003d6377
core   0: 0x00000000800051cc (0x000000c2) c.slli  ra, 16
core   0: 1 0x00000000800051cc (0x00c2) x1  0x0000003d63770000
core   0: 0x00000000800051ce (0x11108093) addi    ra, ra, 273
core   0: 1 0x00000000800051ce (0x11108093) x1  0x0000003d63770111
core   0: 0x00000000800051d2 (0xc213f1d3) fcvt.wu.d gp, ft7
core   0: 1 0x00000000800051d2 (0xc213f1d3) x3  0x0000000000000000
core   0: 0x00000000800051d6 (0x414b0a3b) subw    s4, s6, s4
core   0: 1 0x00000000800051d6 (0x414b0a3b) x20 0x0000000000000750
core   0: 0x00000000800051da (0x23c11e53) fsgnjn.d ft8, ft2, ft8
core   0: 1 0x00000000800051da (0x23c11e53) f28 0x403f000000000000
core   0: 0x00000000800051de (0xd20788d3) fcvt.d.w fa7, a5
core   0: 1 0x00000000800051de (0xd20788d3) f17 0xc1d324a790000000
core   0: 0x00000000800051e2 (0x026c7c53) fadd.d  fs8, fs8, ft6
core   0: 1 0x00000000800051e2 (0x026c7c53) f24 0x7ff8000000000000
core   0: 0x00000000800051e6 (0xd227fdd3) fcvt.d.l fs11, a5
core   0: 1 0x00000000800051e6 (0xd227fdd3) f27 0x41e66dac38000000
core   0: 0x00000000800051ea (0x00000642) c.slli  a2, 16
core   0: 1 0x00000000800051ea (0x0642) x12 0x000000000a000000
core   0: 0x00000000800051ec (0x4123d49b) sraiw   s1, t2, 18
core   0: 1 0x00000000800051ec (0x4123d49b) x9  0x0000000000000000
core   0: 0x00000000800051f0 (0xd23b7e53) fcvt.d.lu ft8, s6
core   0: 1 0x00000000800051f0 (0xd23b7e53) f28 0x409d400000000000
core   0: 0x00000000800051f4 (0x03026cbb) remw    s9, tp, a6
core   0: 1 0x00000000800051f4 (0x03026cbb) x25 0x000000000000001f
core   0: 0x00000000800051f8 (0xc22df853) fcvt.l.d a6, fs11
core   0: 1 0x00000000800051f8 (0xc22df853) x16 0x00000000b36d61c0
core   0: 0x00000000800051fc (0xdb77fbcf) fnmadd.d fs7, fa5, fs7, fs11
core   0: 1 0x00000000800051fc (0xdb77fbcf) f23 0x7ff8000000000000
core   0: 0x0000000080005200 (0xd20500d3) fcvt.d.w ft1, a0
core   0: 1 0x0000000080005200 (0xd20500d3) f1  0xc1ddcc4ce0400000
core   0: 0x0000000080005204 (0x001b9bf3) csrrw   s7, fflags, s7
core   0: 1 0x0000000080005204 (0x001b9bf3) x23 0x0000000000000017 c1_fflags 0x0000000000000001
core   0: 0x0000000080005208 (0x017054bb) srlw    s1, zero, s7
core   0: 1 0x0000000080005208 (0x017054bb) x9  0x0000000000000000
core   0: 0x000000008000520c (0xafd5c297) auipc   t0, 0xafd5c
core   0: 1 0x000000008000520c (0xafd5c297) x5  0x000000002fd6120c
core   0: 0x0000000080005210 (0x00000001) c.nop
core   0: 1 0x0000000080005210 (0x0001)
core   0: 0x0000000080005212 (0x22e47093) andi    ra, s0, 558
core   0: 1 0x0000000080005212 (0x22e47093) x1  0x0000000000000006
core   0: 0x0000000080005216 (0x0170e7b3) or      a5, ra, s7
core   0: 1 0x0000000080005216 (0x0170e7b3) x15 0x0000000000000017
core   0: 0x000000008000521a (0x02fc28b3) mulhsu  a7, s8, a5
core   0: 1 0x000000008000521a (0x02fc28b3) x17 0x0000000000000000
core   0: 0x000000008000521e (0x00000001) c.nop
core   0: 1 0x000000008000521e (0x0001)
core   0: 0x0000000080005220 (0x401bdb1b) sraiw   s6, s7, 1
core   0: 1 0x0000000080005220 (0x401bdb1b) x22 0x000000000000000b
core   0: 0x0000000080005224 (0xa3188dd3) fle.d   s11, fa7, fa7
core   0: 1 0x0000000080005224 (0xa3188dd3) x27 0x0000000000000001
core   0: 0x0000000080005228 (0x002a00b3) add     ra, s4, sp
core   0: 1 0x0000000080005228 (0x002a00b3) x1  0x000000000000076e
core   0: 0x000000008000522c (0x0318f5b3) remu    a1, a7, a7
core   0: 1 0x000000008000522c (0x0318f5b3) x11 0x0000000000000000
core   0: 0x0000000080005230 (0x0ff0000f) fence   iorw,iorw
core   0: 1 0x0000000080005230 (0x0ff0000f)
core   0: 0x0000000080005234 (0x5a0cfcd3) fsqrt.d fs9, fs9
core   0: 1 0x0000000080005234 (0x5a0cfcd3) f25 0x7ff8000000000000
core   0: 0x0000000080005238 (0xc20cf753) fcvt.w.d a4, fs9
core   0: 1 0x0000000080005238 (0xc20cf753) c1_fflags 0x0000000000000011 x14 0x000000007fffffff
core   0: 0x000000008000523c (0x0377d013) srli    zero, a5, 55
core   0: 1 0x000000008000523c (0x0377d013)
core   0: 0x0000000080005240 (0x019a74b3) and     s1, s4, s9
core   0: 1 0x0000000080005240 (0x019a74b3) x9  0x0000000000000010
core   0: 0x0000000080005244 (0x00202273) csrrs   tp, frm, zero
core   0: 1 0x0000000080005244 (0x00202273) x4  0x0000000000000001
core   0: 0x0000000080005248 (0x1ae97953) fdiv.d  fs2, fs2, fa4
core   0: 1 0x0000000080005248 (0x1ae97953) f18 0x7ff8000000000000
core   0: 0x000000008000524c (0x00c67933) and     s2, a2, a2
core   0: 1 0x000000008000524c (0x00c67933) x18 0x000000000a000000
core   0: 0x0000000080005250 (0x5517e313) ori     t1, a5, 1361
core   0: 1 0x0000000080005250 (0x5517e313) x6  0x0000000000000557
core   0: 0x0000000080005254 (0x40d58d33) sub     s10, a1, a3
core   0: 1 0x0000000080005254 (0x40d58d33) x26 0x0000000000000000
core   0: 0x0000000080005258 (0x030811b3) mulh    gp, a6, a6
core   0: 1 0x0000000080005258 (0x030811b3) x3  0x0000000000000000
core   0: 0x000000008000525c (0xc21778d3) fcvt.wu.d a7, fa4
core   0: 1 0x000000008000525c (0xc21778d3) c1_fflags 0x0000000000000011 x17 0xffffffffffffffff
core   0: 0x0000000080005260 (0x00102df3) csrrs   s11, fflags, zero
core   0: 1 0x0000000080005260 (0x00102df3) x27 0x0000000000000011
core   0: 0x0000000080005264 (0x002021f3) csrrs   gp, frm, zero
core   0: 1 0x0000000080005264 (0x002021f3) x3  0x0000000000000001
core   0: 0x0000000080005268 (0x5a037bd3) fsqrt.d fs7, ft6
core   0: 1 0x0000000080005268 (0x5a037bd3) f23 0x7ff8000000000000
core   0: 0x000000008000526c (0xd031f753) fcvt.s.lu fa4, gp
core   0: 1 0x000000008000526c (0xd031f753) f14 0xffffffff3f800000
core   0: 0x0000000080005270 (0x1b2bf053) fdiv.d  ft0, fs7, fs2
core   0: 1 0x0000000080005270 (0x1b2bf053) f0  0x7ff8000000000000
core   0: 0x0000000080005274 (0x01320633) add     a2, tp, s3
core   0: 1 0x0000000080005274 (0x01320633) x12 0x0000000000000001
core   0: 0x0000000080005278 (0xd02274d3) fcvt.s.l fs1, tp
core   0: 1 0x0000000080005278 (0xd02274d3) f9  0xffffffff3f800000
core   0: 0x000000008000527c (0x00000001) c.nop
core   0: 1 0x000000008000527c (0x0001)
core   0: 0x000000008000527e (0x0315fd53) fadd.d  fs10, fa1, fa7
core   0: 1 0x000000008000527e (0x0315fd53) f26 0x7ff8000000000000
core   0: 0x0000000080005282 (0xe2dd7e43) fmadd.d ft8, fs10, fa3, ft8
core   0: 1 0x0000000080005282 (0xe2dd7e43) f28 0x7ff8000000000000
core   0: 0x0000000080005286 (0x028472bb) remuw   t0, s0, s0
core   0: 1 0x0000000080005286 (0x028472bb) x5  0x0000000000000000
core   0: 0x000000008000528a (0x02fc7bb3) remu    s7, s8, a5
core   0: 1 0x000000008000528a (0x02fc7bb3) x23 0x0000000000000001
core   0: 0x000000008000528e (0xe2be744b) fnmsub.d fs0, ft8, fa1, ft8
core   0: 1 0x000000008000528e (0xe2be744b) f8  0x7ff8000000000000
core   0: 0x0000000080005292 (0x00000001) c.nop
core   0: 1 0x0000000080005292 (0x0001)
core   0: 0x0000000080005294 (0x017282bb) addw    t0, t0, s7
core   0: 1 0x0000000080005294 (0x017282bb) x5  0x0000000000000001
core   0: 0x0000000080005298 (0x3fa040b7) lui     ra, 0x3fa04
core   0: 1 0x0000000080005298 (0x3fa040b7) x1  0x000000003fa04000
core   0: 0x000000008000529c (0x0012013b) addw    sp, tp, ra
core   0: 1 0x000000008000529c (0x0012013b) x2  0x000000003fa04001
core   0: 0x00000000800052a0 (0x0063023b) addw    tp, t1, t1
core   0: 1 0x00000000800052a0 (0x0063023b) x4  0x0000000000000aae
core   0: 0x00000000800052a4 (0xc63b5b17) auipc   s6, 0xc63b5
core   0: 1 0x00000000800052a4 (0xc63b5b17) x22 0x00000000463ba2a4
core   0: 0x00000000800052a8 (0x039eaeb7) lui     t4, 0x39ea
core   0: 1 0x00000000800052a8 (0x039eaeb7) x29 0x00000000039ea000
core   0: 0x00000000800052ac (0x367e8e9b) addiw   t4, t4, 871
core   0: 1 0x00000000800052ac (0x367e8e9b) x29 0x00000000039ea367
core   0: 0x00000000800052b0 (0x00000eb6) c.slli  t4, 13
core   0: 1 0x00000000800052b0 (0x0eb6) x29 0x00000073d46ce000
core   0: 0x00000000800052b2 (0xde0e8e93) addi    t4, t4, -544
core   0: 1 0x00000000800052b2 (0xde0e8e93) x29 0x00000073d46cdde0
core   0: 0x00000000800052b6 (0x415c529b) sraiw   t0, s8, 21
core   0: 1 0x00000000800052b6 (0x415c529b) x5  0xfffffffffffffc00
core   0: 0x00000000800052ba (0x238e0853) fsgnj.d fa6, ft8, fs8
core   0: 1 0x00000000800052ba (0x238e0853) f16 0x7ff8000000000000
core   0: 0x00000000800052be (0x00149cf3) csrrw   s9, fflags, s1
core   0: 1 0x00000000800052be (0x00149cf3) x25 0x0000000000000011 c1_fflags 0x0000000000000010
core   0: 0x00000000800052c2 (0xff341537) lui     a0, 0xff341
core   0: 1 0x00000000800052c2 (0xff341537) x10 0xffffffffff341000
core   0: 0x00000000800052c6 (0x90b5051b) addiw   a0, a0, -1781
core   0: 1 0x00000000800052c6 (0x90b5051b) x10 0xffffffffff34090b
core   0: 0x00000000800052ca (0x00000532) c.slli  a0, 12
core   0: 1 0x00000000800052ca (0x0532) x10 0xfffffff34090b000
core   0: 0x00000000800052cc (0x6db50513) addi    a0, a0, 1755
core   0: 1 0x00000000800052cc (0x6db50513) x10 0xfffffff34090b6db
core   0: 0x00000000800052d0 (0x03db8bb3) mul     s7, s7, t4
core   0: 1 0x00000000800052d0 (0x03db8bb3) x23 0x00000073d46cdde0
core   0: 0x00000000800052d4 (0x001497f3) csrrw   a5, fflags, s1
core   0: 1 0x00000000800052d4 (0x001497f3) x15 0x0000000000000010 c1_fflags 0x0000000000000010
core   0: 0x00000000800052d8 (0x409bd613) srai    a2, s7, 9
core   0: 1 0x00000000800052d8 (0x409bd613) x12 0x0000000039ea366e
core   0: 0x00000000800052dc (0xcbeb7513) andi    a0, s6, -834
core   0: 1 0x00000000800052dc (0xcbeb7513) x10 0x00000000463ba0a4
core   0: 0x00000000800052e0 (0x2a639fd3) fmax.d  ft11, ft7, ft6
core   0: 1 0x00000000800052e0 (0x2a639fd3) f31 0x0000000000000000
core   0: 0x00000000800052e4 (0x40675533) sra     a0, a4, t1
core   0: 1 0x00000000800052e4 (0x40675533) x10 0x00000000000000ff
core   0: 0x00000000800052e8 (0x93d7fd47) fmsub.d fs10, fa5, ft9, fs2
core   0: 1 0x00000000800052e8 (0x93d7fd47) f26 0x7ff8000000000000
core   0: 0x00000000800052ec (0x00a520b3) slt     ra, a0, a0
core   0: 1 0x00000000800052ec (0x00a520b3) x1  0x0000000000000000
core   0: 0x00000000800052f0 (0x131df0d3) fmul.d  ft1, fs11, fa7
core   0: 1 0x00000000800052f0 (0x131df0d3) f1  0xc3cad59e288e9678
core   0: 0x00000000800052f4 (0xc206f253) fcvt.w.d tp, fa3
core   0: 1 0x00000000800052f4 (0xc206f253) c1_fflags 0x0000000000000010 x4  0xffffffff80000000
core   0: 0x00000000800052f8 (0x0250c6b3) div     a3, ra, t0
core   0: 1 0x00000000800052f8 (0x0250c6b3) x13 0x0000000000000000
core   0: 0x00000000800052fc (0xf20a87d3) fmv.d.x fa5, s5
core   0: 1 0x00000000800052fc (0xf20a87d3) f15 0x0000000000000000
core   0: 0x0000000080005300 (0x02811a33) mulh    s4, sp, s0
core   0: 1 0x0000000080005300 (0x02811a33) x20 0x0000000000000000
core   0: 0x0000000080005304 (0x4a457243) fmadd.d ft4, fa0, ft4, fs1
core   0: 1 0x0000000080005304 (0x4a457243) f4  0x7ff8000000000000
core   0: 0x0000000080005308 (0x41a9523b) sraw    tp, s2, s10
core   0: 1 0x0000000080005308 (0x41a9523b) x4  0x000000000a000000
core   0: 0x000000008000530c (0x800afa93) andi    s5, s5, -2048
core   0: 1 0x000000008000530c (0x800afa93) x21 0x0000000000000000
core   0: 0x0000000080005310 (0x0230833b) mulw    t1, ra, gp
core   0: 1 0x0000000080005310 (0x0230833b) x6  0x0000000000000000
core   0: 0x0000000080005314 (0x025b4cbb) divw    s9, s6, t0
core   0: 1 0x0000000080005314 (0x025b4cbb) x25 0xffffffffffee7118
core   0: 0x0000000080005318 (0x02ec5c13) srli    s8, s8, 46
core   0: 1 0x0000000080005318 (0x02ec5c13) x24 0x0000000000000000
core   0: 0x000000008000531c (0x038a9613) slli    a2, s5, 56
core   0: 1 0x000000008000531c (0x038a9613) x12 0x0000000000000000
core   0: 0x0000000080005320 (0x40825b33) sra     s6, tp, s0
core   0: 1 0x0000000080005320 (0x40825b33) x22 0x0000000000000014
core   0: 0x0000000080005324 (0x018c1e33) sll     t3, s8, s8
core   0: 1 0x0000000080005324 (0x018c1e33) x28 0x0000000000000000
core   0: 0x0000000080005328 (0xf98b5937) lui     s2, 0xf98b5
core   0: 1 0x0000000080005328 (0xf98b5937) x18 0xfffffffff98b5000
core   0: 0x000000008000532c (0xc220fbd3) fcvt.l.d s7, ft1
core   0: 1 0x000000008000532c (0xc220fbd3) x23 0xca54c3aee2d31000
core   0: 0x0000000080005330 (0x00079d1b) slliw   s10, a5, 0
core   0: 1 0x0000000080005330 (0x00079d1b) x26 0x0000000000000010
core   0: 0x0000000080005334 (0x00a772b3) and     t0, a4, a0
core   0: 1 0x0000000080005334 (0x00a772b3) x5  0x00000000000000ff
core   0: 0x0000000080005338 (0x026cd333) divu    t1, s9, t1
core   0: 1 0x0000000080005338 (0x026cd333) x6  0xffffffffffffffff
core   0: 0x000000008000533c (0x00669993) slli    s3, a3, 6
core   0: 1 0x000000008000533c (0x00669993) x19 0x0000000000000000
core   0: 0x0000000080005340 (0x9be8f937) lui     s2, 0x9be8f
core   0: 1 0x0000000080005340 (0x9be8f937) x18 0xffffffff9be8f000
core   0: 0x0000000080005344 (0x002d1df3) csrrw   s11, frm, s10
core   0: 1 0x0000000080005344 (0x002d1df3) x27 0x0000000000000001 c2_frm 0x0000000000000000
core   0: 0x0000000080005348 (0xd21d8653) fcvt.d.wu fa2, s11
core   0: 1 0x0000000080005348 (0xd21d8653) f12 0x3ff0000000000000
core   0: 0x000000008000534c (0x010a983b) sllw    a6, s5, a6
core   0: 1 0x000000008000534c (0x010a983b) x16 0x0000000000000000
core   0: 0x0000000080005350 (0x00102773) csrrs   a4, fflags, zero
core   0: 1 0x0000000080005350 (0x00102773) x14 0x0000000000000010
core   0: 0x0000000080005354 (0x007d901b) slliw   zero, s11, 7
core   0: 1 0x0000000080005354 (0x007d901b)
core   0: 0x0000000080005358 (0x2abd19d3) fmax.d  fs3, fs10, fa1
core   0: 1 0x0000000080005358 (0x2abd19d3) f19 0x7ff8000000000000
core   0: 0x000000008000535c (0x02909413) slli    s0, ra, 41
core   0: 1 0x000000008000535c (0x02909413) x8  0x0000000000000000
core   0: 0x0000000080005360 (0xe2058353) fmv.x.d t1, fa1
core   0: 1 0x0000000080005360 (0xe2058353) x6  0x7ff8000000000000
core   0: 0x0000000080005364 (0x1aa576cb) fnmsub.d fa3, fa0, fa0, ft3
core   0: 1 0x0000000080005364 (0x1aa576cb) f13 0x7ff8000000000000
core   0: 0x0000000080005368 (0xd2030d53) fcvt.d.w fs10, t1
core   0: 1 0x0000000080005368 (0xd2030d53) f26 0x0000000000000000
core   0: 0x000000008000536c (0x121e7553) fmul.d  fa0, ft8, ft1
core   0: 1 0x000000008000536c (0x121e7553) f10 0x7ff8000000000000
core   0: 0x0000000080005370 (0x00000d86) c.slli  s11, 1
core   0: 1 0x0000000080005370 (0x0d86) x27 0x0000000000000002
core   0: 0x0000000080005372 (0x001df0b3) and     ra, s11, ra
core   0: 1 0x0000000080005372 (0x001df0b3) x1  0x0000000000000000
core   0: 0x0000000080005376 (0x404708bb) subw    a7, a4, tp
core   0: 1 0x0000000080005376 (0x404708bb) x17 0xfffffffff6000010
core   0: 0x000000008000537a (0x000277b3) and     a5, tp, zero
core   0: 1 0x000000008000537a (0x000277b3) x15 0x0000000000000000
core   0: 0x000000008000537e (0x0037d1bb) srlw    gp, a5, gp
core   0: 1 0x000000008000537e (0x0037d1bb) x3  0x0000000000000000
core   0: 0x0000000080005382 (0x032e9513) slli    a0, t4, 50
core   0: 1 0x0000000080005382 (0x032e9513) x10 0x7780000000000000
core   0: 0x0000000080005386 (0x0258d893) srli    a7, a7, 37
core   0: 1 0x0000000080005386 (0x0258d893) x17 0x0000000007ffffff
core   0: 0x000000008000538a (0x02a64b3b) divw    s6, a2, a0
core   0: 1 0x000000008000538a (0x02a64b3b) x22 0xffffffffffffffff
core   0: 0x000000008000538e (0x00e20e33) add     t3, tp, a4
core   0: 1 0x000000008000538e (0x00e20e33) x28 0x000000000a000010
core   0: 0x0000000080005392 (0x4013f3d3) fcvt.s.d ft7, ft7
core   0: 1 0x0000000080005392 (0x4013f3d3) f7  0xffffffff00000000
core   0: 0x0000000080005396 (0x0014161b) slliw   a2, s0, 1
core   0: 1 0x0000000080005396 (0x0014161b) x12 0x0000000000000000
core   0: 0x000000008000539a (0x014a05b3) add     a1, s4, s4
core   0: 1 0x000000008000539a (0x014a05b3) x11 0x0000000000000000
core   0: 0x000000008000539e (0x6a457547) fmsub.d fa0, fa0, ft4, fa3
core   0: 1 0x000000008000539e (0x6a457547) f10 0x7ff8000000000000
core   0: 0x00000000800053a2 (0x2a2f9153) fmax.d  ft2, ft11, ft2
core   0: 1 0x00000000800053a2 (0x2a2f9153) f2  0x403f000000000000
core   0: 0x00000000800053a6 (0x00202d73) csrrs   s10, frm, zero
core   0: 1 0x00000000800053a6 (0x00202d73) x26 0x0000000000000000
core   0: 0x00000000800053aa (0xc02170d3) fcvt.l.s ra, ft2
core   0: 1 0x00000000800053aa (0xc02170d3) c1_fflags 0x0000000000000010 x1  0x7fffffffffffffff
core   0: 0x00000000800053ae (0x230e85d3) fsgnj.d fa1, ft9, fa6
core   0: 1 0x00000000800053ae (0x230e85d3) f11 0x4037000000000000
core   0: 0x00000000800053b2 (0xe2098653) fmv.x.d a2, fs3
core   0: 1 0x00000000800053b2 (0xe2098653) x12 0x7ff8000000000000
core   0: 0x00000000800053b6 (0xe20a8ed3) fmv.x.d t4, fs5
core   0: 1 0x00000000800053b6 (0xe20a8ed3) x29 0x0000000000000000
core   0: 0x00000000800053ba (0x5eb74737) lui     a4, 0x5eb74
core   0: 1 0x00000000800053ba (0x5eb74737) x14 0x000000005eb74000
core   0: 0x00000000800053be (0x03bd0933) mul     s2, s10, s11
core   0: 1 0x00000000800053be (0x03bd0933) x18 0x0000000000000000
core   0: 0x00000000800053c2 (0x408d5613) srai    a2, s10, 8
core   0: 1 0x00000000800053c2 (0x408d5613) x12 0x0000000000000000
core   0: 0x00000000800053c6 (0x03d78ebb) mulw    t4, a5, t4
core   0: 1 0x00000000800053c6 (0x03d78ebb) x29 0x0000000000000000
core   0: 0x00000000800053ca (0xc22afb53) fcvt.l.d s6, fs5
core   0: 1 0x00000000800053ca (0xc22afb53) x22 0x0000000000000000
core   0: 0x00000000800053ce (0x001a9e13) slli    t3, s5, 1
core   0: 1 0x00000000800053ce (0x001a9e13) x28 0x0000000000000000
core   0: 0x00000000800053d2 (0x001b2c33) slt     s8, s6, ra
core   0: 1 0x00000000800053d2 (0x001b2c33) x24 0x0000000000000001
core   0: 0x00000000800053d6 (0x005ba6b3) slt     a3, s7, t0
core   0: 1 0x00000000800053d6 (0x005ba6b3) x13 0x0000000000000001
core   0: 0x00000000800053da (0x034bda33) divu    s4, s7, s4
core   0: 1 0x00000000800053da (0x034bda33) x20 0xffffffffffffffff
core   0: 0x00000000800053de (0x0376abb3) mulhsu  s7, a3, s7
core   0: 1 0x00000000800053de (0x0376abb3) x23 0x0000000000000000
core   0: 0x00000000800053e2 (0x60b9899b) addiw   s3, s3, 1547
core   0: 1 0x00000000800053e2 (0x60b9899b) x19 0x000000000000060b
core   0: 0x00000000800053e6 (0x0024c3b3) xor     t2, s1, sp
core   0: 1 0x00000000800053e6 (0x0024c3b3) x7  0x000000003fa04011
core   0: 0x00000000800053ea (0xeb3bfcc3) fmadd.d fs9, fs7, fs3, ft9
core   0: 1 0x00000000800053ea (0xeb3bfcc3) f25 0x7ff8000000000000
core   0: 0x00000000800053ee (0x412e0a3b) subw    s4, t3, s2
core   0: 1 0x00000000800053ee (0x412e0a3b) x20 0x0000000000000000
core   0: 0x00000000800053f2 (0x0eee7797) auipc   a5, 0xeee7
core   0: 1 0x00000000800053f2 (0x0eee7797) x15 0x000000008eeec3f2
core   0: 0x00000000800053f6 (0x40f28ab3) sub     s5, t0, a5
core   0: 1 0x00000000800053f6 (0x40f28ab3) x21 0xffffffff71113d0d
core   0: 0x00000000800053fa (0x0322dcbb) divuw   s9, t0, s2
core   0: 1 0x00000000800053fa (0x0322dcbb) x25 0xffffffffffffffff
core   0: 0x00000000800053fe (0x00159673) csrrw   a2, fflags, a1
core   0: 1 0x00000000800053fe (0x00159673) x12 0x0000000000000010 c1_fflags 0x0000000000000000
core   0: 0x0000000080005402 (0x02e90733) mul     a4, s2, a4
core   0: 1 0x0000000080005402 (0x02e90733) x14 0x0000000000000000
core   0: 0x0000000080005406 (0xa2298153) fle.d   sp, fs3, ft2
core   0: 1 0x0000000080005406 (0xa2298153) c1_fflags 0x0000000000000010 x2  0x0000000000000000
core   0: 0x000000008000540a (0x027774bb) remuw   s1, a4, t2
core   0: 1 0x000000008000540a (0x027774bb) x9  0x0000000000000000
core   0: 0x000000008000540e (0x121ff3d3) fmul.d  ft7, ft11, ft1
core   0: 1 0x000000008000540e (0x121ff3d3) f7  0x8000000000000000
core   0: 0x0000000080005412 (0x7d284197) auipc   gp, 0x7d284
core   0: 1 0x0000000080005412 (0x7d284197) x3  0x00000000fd289412
core   0: 0x0000000080005416 (0xe20c06d3) fmv.x.d a3, fs8
core   0: 1 0x0000000080005416 (0xe20c06d3) x13 0x7ff8000000000000
core   0: 0x000000008000541a (0x0016e513) ori     a0, a3, 1
core   0: 1 0x000000008000541a (0x0016e513) x10 0x7ff8000000000001
core   0: 0x000000008000541e (0xc226f753) fcvt.l.d a4, fa3
core   0: 1 0x000000008000541e (0xc226f753) c1_fflags 0x0000000000000010 x14 0x7fffffffffffffff
core   0: 0x0000000080005422 (0x4120d8b3) sra     a7, ra, s2
core   0: 1 0x0000000080005422 (0x4120d8b3) x17 0x7fffffffffffffff
core   0: 0x0000000080005426 (0x12787853) fmul.d  fa6, fa6, ft7
core   0: 1 0x0000000080005426 (0x12787853) f16 0x7ff8000000000000
core   0: 0x000000008000542a (0x034242bb) divw    t0, tp, s4
core   0: 1 0x000000008000542a (0x034242bb) x5  0xffffffffffffffff
core   0: 0x000000008000542e (0xfffc7413) andi    s0, s8, -1
core   0: 1 0x000000008000542e (0xfffc7413) x8  0x0000000000000001
core   0: 0x0000000080005432 (0x038a81bb) mulw    gp, s5, s8
core   0: 1 0x0000000080005432 (0x038a81bb) x3  0x0000000071113d0d
core   0: 0x0000000080005436 (0x2b0f12d3) fmax.d  ft5, ft10, fa6
core   0: 1 0x0000000080005436 (0x2b0f12d3) f5  0x7ff8000000000000
core   0: 0x000000008000543a (0x436b5b13) srai    s6, s6, 54
core   0: 1 0x000000008000543a (0x436b5b13) x22 0x0000000000000000
core   0: 0x000000008000543e (0xc223f453) fcvt.l.d s0, ft7
core   0: 1 0x000000008000543e (0xc223f453) x8  0x0000000000000000
core   0: 0x0000000080005442 (0x000dd31b) srliw   t1, s11, 0
core   0: 1 0x0000000080005442 (0x000dd31b) x6  0x0000000000000002
core   0: 0x0000000080005446 (0xc2277a53) fcvt.l.d s4, fa4
core   0: 1 0x0000000080005446 (0xc2277a53) c1_fflags 0x0000000000000010 x20 0x7fffffffffffffff
core   0: 0x000000008000544a (0x00722133) slt     sp, tp, t2
core   0: 1 0x000000008000544a (0x00722133) x2  0x0000000000000001
core   0: 0x000000008000544e (0x02a4e53b) remw    a0, s1, a0
core   0: 1 0x000000008000544e (0x02a4e53b) x10 0x0000000000000000
core   0: 0x0000000080005452 (0xd2138a53) fcvt.d.wu fs4, t2
core   0: 1 0x0000000080005452 (0xd2138a53) f20 0x41cfd02008800000
core   0: 0x0000000080005456 (0x002021f3) csrrs   gp, frm, zero
core   0: 1 0x0000000080005456 (0x002021f3) x3  0x0000000000000000
core   0: 0x000000008000545a (0x83ba7d4b) fnmsub.d fs10, fs4, fs11, fa6
core   0: 1 0x000000008000545a (0x83ba7d4b) f26 0x7ff8000000000000
core   0: 0x000000008000545e (0x0ff0000f) fence   iorw,iorw
core   0: 1 0x000000008000545e (0x0ff0000f)
core   0: 0x0000000080005462 (0x43f5d413) srai    s0, a1, 63
core   0: 1 0x0000000080005462 (0x43f5d413) x8  0x0000000000000000
core   0: 0x0000000080005466 (0x02a04db3) div     s11, zero, a0
core   0: 1 0x0000000080005466 (0x02a04db3) x27 0xffffffffffffffff
core   0: 0x000000008000546a (0x4f038193) addi    gp, t2, 1264
core   0: 1 0x000000008000546a (0x4f038193) x3  0x000000003fa04501
core   0: 0x000000008000546e (0x0ff0000f) fence   iorw,iorw
core   0: 1 0x000000008000546e (0x0ff0000f)
core   0: 0x0000000080005472 (0xff998537) lui     a0, 0xff998
core   0: 1 0x0000000080005472 (0xff998537) x10 0xffffffffff998000
core   0: 0x0000000080005476 (0xcff5051b) addiw   a0, a0, -769
core   0: 1 0x0000000080005476 (0xcff5051b) x10 0xffffffffff997cff
core   0: 0x000000008000547a (0x0000053a) c.slli  a0, 14
core   0: 1 0x000000008000547a (0x053a) x10 0xffffffe65f3fc000
core   0: 0x000000008000547c (0x31650513) addi    a0, a0, 790
core   0: 1 0x000000008000547c (0x31650513) x10 0xffffffe65f3fc316
core   0: 0x0000000080005480 (0x0ff0000f) fence   iorw,iorw
core   0: 1 0x0000000080005480 (0x0ff0000f)
core   0: 0x0000000080005484 (0x400edc9b) sraiw   s9, t4, 0
core   0: 1 0x0000000080005484 (0x400edc9b) x25 0x0000000000000000
core   0: 0x0000000080005488 (0xab42754b) fnmsub.d fa0, ft4, fs4, fs5
core   0: 1 0x0000000080005488 (0xab42754b) f10 0x7ff8000000000000
core   0: 0x000000008000548c (0xd36f7147) fmsub.d ft2, ft10, fs6, fs10
core   0: 1 0x000000008000548c (0xd36f7147) f2  0x7ff8000000000000
core   0: 0x0000000080005490 (0x0004ee93) ori     t4, s1, 0
core   0: 1 0x0000000080005490 (0x0004ee93) x29 0x0000000000000000
core   0: 0x0000000080005494 (0x03906db3) rem     s11, zero, s9
core   0: 1 0x0000000080005494 (0x03906db3) x27 0x0000000000000000
core   0: 0x0000000080005498 (0x0b5efed3) fsub.d  ft9, ft9, fs5
core   0: 1 0x0000000080005498 (0x0b5efed3) f29 0x4037000000000000
core   0: 0x000000008000549c (0xb344fd13) andi    s10, s1, -1228
core   0: 1 0x000000008000549c (0xb344fd13) x26 0x0000000000000000
core   0: 0x00000000800054a0 (0x007bfdb3) and     s11, s7, t2
core   0: 1 0x00000000800054a0 (0x007bfdb3) x27 0x0000000000000000
core   0: 0x00000000800054a4 (0x23511ad3) fsgnjn.d fs5, ft2, fs5
core   0: 1 0x00000000800054a4 (0x23511ad3) f21 0xfff8000000000000
core   0: 0x00000000800054a8 (0x6cd72b17) auipc   s6, 0x6cd72
core   0: 1 0x00000000800054a8 (0x6cd72b17) x22 0x00000000ecd774a8
core   0: 0x00000000800054ac (0x7ffa081b) addiw   a6, s4, 2047
core   0: 1 0x00000000800054ac (0x7ffa081b) x16 0x00000000000007fe
core   0: 0x00000000800054b0 (0x2a528953) fmin.d  fs2, ft5, ft5
core   0: 1 0x00000000800054b0 (0x2a528953) f18 0x7ff8000000000000
core   0: 0x00000000800054b4 (0xd23dfcd3) fcvt.d.lu fs9, s11
core   0: 1 0x00000000800054b4 (0xd23dfcd3) f25 0x0000000000000000
core   0: 0x00000000800054b8 (0x5323fa43) fmadd.d fs4, ft7, fs2, fa0
core   0: 1 0x00000000800054b8 (0x5323fa43) f20 0x7ff8000000000000
core   0: 0x00000000800054bc (0xd2287dd3) fcvt.d.l fs11, a6
core   0: 1 0x00000000800054bc (0xd2287dd3) f27 0x409ff80000000000
core   0: 0x00000000800054c0 (0xf13054f3) csrrwi  s1, mimpid, 0
core   0: exception trap_illegal_instruction, epc 0x00000000800054c0
core   0:           tval 0x00000000f13054f3
core   0: >>>>  $xrv64i2p1_m2p0_a2p1_f2p2_d2p2_zicsr2p0_zifencei2p0_zmmul1p0_zba1p0_zbb1p0_zbc1p0_zbs1p0
core   0: 0x0000000080004000 (0x0080006f) j       pc + 0x8
core   0: 3 0x0000000080004000 (0x0080006f)
core   0: >>>>  mmode_exception_handler
core   0: 0x0000000080004008 (0x00002c17) auipc   s8, 0x2
core   0: 3 0x0000000080004008 (0x00002c17) x24 0x0000000080006008
core   0: 0x000000008000400c (0xfa2c0c13) addi    s8, s8, -94
core   0: 3 0x000000008000400c (0xfa2c0c13) x24 0x0000000080005faa
core   0: 0x0000000080004010 (0x000c00e7) jalr    s8
core   0: 3 0x0000000080004010 (0x000c00e7) x1  0x0000000080004014
core   0: >>>>  any_handler
core   0: 0x0000000080005faa (0x341027f3) csrrs   a5, mepc, zero
core   0: 3 0x0000000080005faa (0x341027f3) x15 0x00000000800054c0
core   0: 0x0000000080005fae (0x34202773) csrrs   a4, mcause, zero
core   0: 3 0x0000000080005fae (0x34202773) x14 0x0000000000000002
core   0: 0x0000000080005fb2 (0x142026f3) csrrs   a3, scause, zero
core   0: 3 0x0000000080005fb2 (0x142026f3) x13 0x0000000000000000
core   0: 0x0000000080005fb6 (0x30402673) csrrs   a2, mie, zero
core   0: 3 0x0000000080005fb6 (0x30402673) x12 0x0000000000000a00
core   0: 0x0000000080005fba (0x344025f3) csrrs   a1, mip, zero
core   0: 3 0x0000000080005fba (0x344025f3) x11 0x0000000000000080
core   0: 0x0000000080005fbe (0x343025f3) csrrs   a1, mtval, zero
core   0: 3 0x0000000080005fbe (0x343025f3) x11 0x00000000f13054f3
core   0: 0x0000000080005fc2 (0x14302573) csrrs   a0, stval, zero
core   0: 3 0x0000000080005fc2 (0x14302573) x10 0x7fffffffffffffff
core   0: 0x0000000080005fc6 (0xb02024f3) csrrs   s1, minstret, zero
core   0: 3 0x0000000080005fc6 (0xb02024f3) x9  0x0000000000000f39
core   0: 0x0000000080005fca (0x0000a811) c.j     pc + 20
core   0: 3 0x0000000080005fca (0xa811)
core   0: >>>>  mepc_4
core   0: 0x0000000080005fde (0x00000791) c.addi  a5, 4
core   0: 3 0x0000000080005fde (0x0791) x15 0x00000000800054c4
core   0: 0x0000000080005fe0 (0x34179073) csrrw   zero, mepc, a5
core   0: 3 0x0000000080005fe0 (0x34179073) c833_mepc 0x00000000800054c4
core   0: 0x0000000080005fe4 (0x30200073) mret
core   0: 3 0x0000000080005fe4 (0x30200073) c768_mstatus 0x8000000a001c61a2
core   0: 0x00000000800054c4 (0x029deeb3) rem     t4, s11, s1
core   0: 1 0x00000000800054c4 (0x029deeb3) x29 0x0000000000000000
core   0: 0x00000000800054c8 (0x02f7813b) mulw    sp, a5, a5
core   0: 1 0x00000000800054c8 (0x02f7813b) x2  0x000000001c113610
core   0: 0x00000000800054cc (0x6ce94593) xori    a1, s2, 1742
core   0: 1 0x00000000800054cc (0x6ce94593) x11 0x00000000000006ce
core   0: 0x00000000800054d0 (0x0005d293) srli    t0, a1, 0
core   0: 1 0x00000000800054d0 (0x0005d293) x5  0x00000000000006ce
core   0: 0x00000000800054d4 (0x0c5b871b) addiw   a4, s7, 197
core   0: 1 0x00000000800054d4 (0x0c5b871b) x14 0x00000000000000c5
core   0: 0x00000000800054d8 (0x03218333) mul     t1, gp, s2
core   0: 1 0x00000000800054d8 (0x03218333) x6  0x0000000000000000
core   0: 0x00000000800054dc (0xc2387353) fcvt.lu.d t1, fa6
core   0: 1 0x00000000800054dc (0xc2387353) c1_fflags 0x0000000000000010 x6  0xffffffffffffffff
core   0: 0x00000000800054e0 (0x3652f517) auipc   a0, 0x3652f
core   0: 1 0x00000000800054e0 (0x3652f517) x10 0x00000000b65344e0
core   0: 0x00000000800054e4 (0xd20986d3) fcvt.d.w fa3, s3
core   0: 1 0x00000000800054e4 (0xd20986d3) f13 0x40982c0000000000
core   0: 0x00000000800054e8 (0x015927b3) slt     a5, s2, s5
core   0: 1 0x00000000800054e8 (0x015927b3) x15 0x0000000000000000
core   0: 0x00000000800054ec (0x0003d39b) srliw   t2, t2, 0
core   0: 1 0x00000000800054ec (0x0003d39b) x7  0x000000003fa04011
core   0: 0x00000000800054f0 (0x0190dcb3) srl     s9, ra, s9
core   0: 1 0x00000000800054f0 (0x0190dcb3) x25 0x0000000080004014
core   0: 0x00000000800054f4 (0x4153549b) sraiw   s1, t1, 21
core   0: 1 0x00000000800054f4 (0x4153549b) x9  0xffffffffffffffff
core   0: 0x00000000800054f8 (0x82da79cb) fnmsub.d fs3, fs4, fa3, fa6
core   0: 1 0x00000000800054f8 (0x82da79cb) f19 0x7ff8000000000000
core   0: 0x00000000800054fc (0xc2017453) fcvt.w.d s0, ft2
core   0: 1 0x00000000800054fc (0xc2017453) c1_fflags 0x0000000000000010 x8  0x000000007fffffff
core   0: 0x0000000080005500 (0xc239fbd3) fcvt.lu.d s7, fs3
core   0: 1 0x0000000080005500 (0xc239fbd3) c1_fflags 0x0000000000000010 x23 0xffffffffffffffff
core   0: 0x0000000080005504 (0x00b9113b) sllw    sp, s2, a1
core   0: 1 0x0000000080005504 (0x00b9113b) x2  0x0000000000000000
core   0: 0x0000000080005508 (0xc1a34e93) xori    t4, t1, -998
core   0: 1 0x0000000080005508 (0xc1a34e93) x29 0x00000000000003e5
core   0: 0x000000008000550c (0x017bd63b) srlw    a2, s7, s7
core   0: 1 0x000000008000550c (0x017bd63b) x12 0x0000000000000001
core   0: 0x0000000080005510 (0x40d151b3) sra     gp, sp, a3
core   0: 1 0x0000000080005510 (0x40d151b3) x3  0x0000000000000000
core   0: 0x0000000080005514 (0x0031c033) xor     zero, gp, gp
core   0: 1 0x0000000080005514 (0x0031c033)
core   0: 0x0000000080005518 (0xf1102cf3) csrrs   s9, mvendorid, zero
core   0: exception trap_illegal_instruction, epc 0x0000000080005518
core   0:           tval 0x00000000f1102cf3
core   0: >>>>  $xrv64i2p1_m2p0_a2p1_f2p2_d2p2_zicsr2p0_zifencei2p0_zmmul1p0_zba1p0_zbb1p0_zbc1p0_zbs1p0
core   0: 0x0000000080004000 (0x0080006f) j       pc + 0x8
core   0: 3 0x0000000080004000 (0x0080006f)
core   0: >>>>  mmode_exception_handler
core   0: 0x0000000080004008 (0x00002c17) auipc   s8, 0x2
core   0: 3 0x0000000080004008 (0x00002c17) x24 0x0000000080006008
core   0: 0x000000008000400c (0xfa2c0c13) addi    s8, s8, -94
core   0: 3 0x000000008000400c (0xfa2c0c13) x24 0x0000000080005faa
core   0: 0x0000000080004010 (0x000c00e7) jalr    s8
core   0: 3 0x0000000080004010 (0x000c00e7) x1  0x0000000080004014
core   0: >>>>  any_handler
core   0: 0x0000000080005faa (0x341027f3) csrrs   a5, mepc, zero
core   0: 3 0x0000000080005faa (0x341027f3) x15 0x0000000080005518
core   0: 0x0000000080005fae (0x34202773) csrrs   a4, mcause, zero
core   0: 3 0x0000000080005fae (0x34202773) x14 0x0000000000000002
core   0: 0x0000000080005fb2 (0x142026f3) csrrs   a3, scause, zero
core   0: 3 0x0000000080005fb2 (0x142026f3) x13 0x0000000000000000
core   0: 0x0000000080005fb6 (0x30402673) csrrs   a2, mie, zero
core   0: 3 0x0000000080005fb6 (0x30402673) x12 0x0000000000000a00
core   0: 0x0000000080005fba (0x344025f3) csrrs   a1, mip, zero
core   0: 3 0x0000000080005fba (0x344025f3) x11 0x0000000000000080
core   0: 0x0000000080005fbe (0x343025f3) csrrs   a1, mtval, zero
core   0: 3 0x0000000080005fbe (0x343025f3) x11 0x00000000f1102cf3
core   0: 0x0000000080005fc2 (0x14302573) csrrs   a0, stval, zero
core   0: 3 0x0000000080005fc2 (0x14302573) x10 0x7fffffffffffffff
core   0: 0x0000000080005fc6 (0xb02024f3) csrrs   s1, minstret, zero
core   0: 3 0x0000000080005fc6 (0xb02024f3) x9  0x0000000000000f5e
core   0: 0x0000000080005fca (0x0000a811) c.j     pc + 20
core   0: 3 0x0000000080005fca (0xa811)
core   0: >>>>  mepc_4
core   0: 0x0000000080005fde (0x00000791) c.addi  a5, 4
core   0: 3 0x0000000080005fde (0x0791) x15 0x000000008000551c
core   0: 0x0000000080005fe0 (0x34179073) csrrw   zero, mepc, a5
core   0: 3 0x0000000080005fe0 (0x34179073) c833_mepc 0x000000008000551c
core   0: 0x0000000080005fe4 (0x30200073) mret
core   0: 3 0x0000000080005fe4 (0x30200073) c768_mstatus 0x8000000a001c61a2
core   0: 0x000000008000551c (0x001594f3) csrrw   s1, fflags, a1
core   0: 1 0x000000008000551c (0x001594f3) x9  0x0000000000000010 c1_fflags 0x0000000000000013
core   0: 0x0000000080005520 (0x00000001) c.nop
core   0: 1 0x0000000080005520 (0x0001)
core   0: 0x0000000080005522 (0x1333f053) fmul.d  ft0, ft7, fs3
core   0: 1 0x0000000080005522 (0x1333f053) f0  0x7ff8000000000000
core   0: 0x0000000080005526 (0xc209f2d3) fcvt.w.d t0, fs3
core   0: 1 0x0000000080005526 (0xc209f2d3) c1_fflags 0x0000000000000013 x5  0x000000007fffffff
core   0: 0x000000008000552a (0xa22986d3) fle.d   a3, fs3, ft2
core   0: 1 0x000000008000552a (0xa22986d3) c1_fflags 0x0000000000000013 x13 0x0000000000000000
core   0: 0x000000008000552e (0xd024fed3) fcvt.s.l ft9, s1
core   0: 1 0x000000008000552e (0xd024fed3) f29 0xffffffff41800000
core   0: 0x0000000080005532 (0x4265d793) srai    a5, a1, 38
core   0: 1 0x0000000080005532 (0x4265d793) x15 0x0000000000000000
core   0: 0x0000000080005536 (0xc21af0d3) fcvt.wu.d ra, fs5
core   0: 1 0x0000000080005536 (0xc21af0d3) c1_fflags 0x0000000000000013 x1  0xffffffffffffffff
core   0: 0x000000008000553a (0xb368f8cb) fnmsub.d fa7, fa7, fs6, fs6
core   0: 1 0x000000008000553a (0xb368f8cb) f17 0x0000000000000000
core   0: 0x000000008000553e (0x0a22f853) fsub.d  fa6, ft5, ft2
core   0: 1 0x000000008000553e (0x0a22f853) f16 0x7ff8000000000000
core   0: 0x0000000080005542 (0x41bb5b1b) sraiw   s6, s6, 27
core   0: 1 0x0000000080005542 (0x41bb5b1b) x22 0xfffffffffffffffd
core   0: 0x0000000080005546 (0x027e66b3) rem     a3, t3, t2
core   0: 1 0x0000000080005546 (0x027e66b3) x13 0x0000000000000000
core   0: 0x000000008000554a (0x0233d8bb) divuw   a7, t2, gp
core   0: 1 0x000000008000554a (0x0233d8bb) x17 0xffffffffffffffff
core   0: 0x000000008000554e (0x01c8903b) sllw    zero, a7, t3
core   0: 1 0x000000008000554e (0x01c8903b)
core   0: 0x0000000080005552 (0x833c79cf) fnmadd.d fs3, fs8, fs3, fa6
core   0: 1 0x0000000080005552 (0x833c79cf) f19 0x7ff8000000000000
core   0: 0x0000000080005556 (0x4006561b) sraiw   a2, a2, 0
core   0: 1 0x0000000080005556 (0x4006561b) x12 0x0000000000000a00
core   0: 0x000000008000555a (0xa11a9797) auipc   a5, 0xa11a9
core   0: 1 0x000000008000555a (0xa11a9797) x15 0x00000000211ae55a
core   0: 0x000000008000555e (0x01b69b9b) slliw   s7, a3, 27
core   0: 1 0x000000008000555e (0x01b69b9b) x23 0x0000000000000000
core   0: 0x0000000080005562 (0x417952bb) sraw    t0, s2, s7
core   0: 1 0x0000000080005562 (0x417952bb) x5  0x0000000000000000
core   0: 0x0000000080005566 (0x0ff0000f) fence   iorw,iorw
core   0: 1 0x0000000080005566 (0x0ff0000f)
core   0: 0x000000008000556a (0xd20902d3) fcvt.d.w ft5, s2
core   0: 1 0x000000008000556a (0xd20902d3) f5  0x0000000000000000
core   0: 0x000000008000556e (0x01f2db1b) srliw   s6, t0, 31
core   0: 1 0x000000008000556e (0x01f2db1b) x22 0x0000000000000000
core   0: 0x0000000080005572 (0x026bf333) remu    t1, s7, t1
core   0: 1 0x0000000080005572 (0x026bf333) x6  0x0000000000000000
core   0: 0x0000000080005576 (0xead2fec7) fmsub.d ft9, ft5, fa3, ft9
core   0: 1 0x0000000080005576 (0xead2fec7) f29 0x7ff8000000000000
core   0: 0x000000008000557a (0x022db4b3) mulhu   s1, s11, sp
core   0: 1 0x000000008000557a (0x022db4b3) x9  0x0000000000000000
core   0: 0x000000008000557e (0x4034dd3b) sraw    s10, s1, gp
core   0: 1 0x000000008000557e (0x4034dd3b) x26 0x0000000000000000
core   0: 0x0000000080005582 (0x43a4db13) srai    s6, s1, 58
core   0: 1 0x0000000080005582 (0x43a4db13) x22 0x0000000000000000
core   0: 0x0000000080005586 (0xff568eb7) lui     t4, 0xff568
core   0: 1 0x0000000080005586 (0xff568eb7) x29 0xffffffffff568000
core   0: 0x000000008000558a (0xc75e8e9b) addiw   t4, t4, -907
core   0: 1 0x000000008000558a (0xc75e8e9b) x29 0xffffffffff567c75
core   0: 0x000000008000558e (0x00000eba) c.slli  t4, 14
core   0: 1 0x000000008000558e (0x0eba) x29 0xffffffd59f1d4000
core   0: 0x0000000080005590 (0x025e8e93) addi    t4, t4, 37
core   0: 1 0x0000000080005590 (0x025e8e93) x29 0xffffffd59f1d4025
core   0: 0x0000000080005594 (0x011e911b) slliw   sp, t4, 17
core   0: 1 0x0000000080005594 (0x011e911b) x2  0xffffffff804a0000
core   0: 0x0000000080005598 (0x00009b9b) slliw   s7, ra, 0
core   0: 1 0x0000000080005598 (0x00009b9b) x23 0xffffffffffffffff
core   0: 0x000000008000559c (0x00cc53bb) srlw    t2, s8, a2
core   0: 1 0x000000008000559c (0x00cc53bb) x7  0xffffffff80005faa
core   0: 0x00000000800055a0 (0x2ac69653) fmax.d  fa2, fa3, fa2
core   0: 1 0x00000000800055a0 (0x2ac69653) f12 0x40982c0000000000
core   0: 0x00000000800055a4 (0x40e3db33) sra     s6, t2, a4
core   0: 1 0x00000000800055a4 (0x40e3db33) x22 0xffffffffe00017ea
core   0: 0x00000000800055a8 (0x00000001) c.nop
core   0: 1 0x00000000800055a8 (0x0001)
core   0: 0x00000000800055aa (0x0028c133) xor     sp, a7, sp
core   0: 1 0x00000000800055aa (0x0028c133) x2  0x000000007fb5ffff
core   0: 0x00000000800055ae (0xf608b397) auipc   t2, 0xf608b
core   0: 1 0x00000000800055ae (0xf608b397) x7  0x00000000760905ae
core   0: 0x00000000800055b2 (0x01039a3b) sllw    s4, t2, a6
core   0: 1 0x00000000800055b2 (0x01039a3b) x20 0xffffffff80000000
core   0: 0x00000000800055b6 (0x40147453) fcvt.s.d fs0, fs0
core   0: 1 0x00000000800055b6 (0x40147453) f8  0xffffffff7fc00000
core   0: 0x00000000800055ba (0x0ab0f5cf) fnmadd.d fa1, ft1, fa1, ft1
core   0: 1 0x00000000800055ba (0x0ab0f5cf) f11 0x441420369e6af0da
core   0: 0x00000000800055be (0x5b8bbe37) lui     t3, 0x5b8bb
core   0: 1 0x00000000800055be (0x5b8bbe37) x28 0x000000005b8bb000
core   0: 0x00000000800055c2 (0x01c99733) sll     a4, s3, t3
core   0: 1 0x00000000800055c2 (0x01c99733) x14 0x000000000000060b
core   0: 0x00000000800055c6 (0x41ad0bb3) sub     s7, s10, s10
core   0: 1 0x00000000800055c6 (0x41ad0bb3) x23 0x0000000000000000
core   0: 0x00000000800055ca (0xc2187ed3) fcvt.wu.d t4, fa6
core   0: 1 0x00000000800055ca (0xc2187ed3) c1_fflags 0x0000000000000013 x29 0xffffffffffffffff
core   0: 0x00000000800055ce (0xf048a037) lui     zero, 0xf048a
core   0: 1 0x00000000800055ce (0xf048a037)
core   0: 0x00000000800055d2 (0x001025f3) csrrs   a1, fflags, zero
core   0: 1 0x00000000800055d2 (0x001025f3) x11 0x0000000000000013
core   0: 0x00000000800055d6 (0xd021f8d3) fcvt.s.l fa7, gp
core   0: 1 0x00000000800055d6 (0xd021f8d3) f17 0xffffffff00000000
core   0: 0x00000000800055da (0xa2b58c53) fle.d   s8, fa1, fa1
core   0: 1 0x00000000800055da (0xa2b58c53) x24 0x0000000000000001
core   0: 0x00000000800055de (0x2bdd1d53) fmax.d  fs10, fs10, ft9
core   0: 1 0x00000000800055de (0x2bdd1d53) f26 0x7ff8000000000000
core   0: 0x00000000800055e2 (0x42070153) fcvt.d.s ft2, fa4
core   0: 1 0x00000000800055e2 (0x42070153) f2  0x3ff0000000000000
core   0: 0x00000000800055e6 (0x006118bb) sllw    a7, sp, t1
core   0: 1 0x00000000800055e6 (0x006118bb) x17 0x000000007fb5ffff
core   0: 0x00000000800055ea (0x2a1903d3) fmin.d  ft7, fs2, ft1
core   0: 1 0x00000000800055ea (0x2a1903d3) f7  0xc3cad59e288e9678
core   0: 0x00000000800055ee (0x0ff0000f) fence   iorw,iorw
core   0: 1 0x00000000800055ee (0x0ff0000f)
core   0: 0x00000000800055f2 (0x00000001) c.nop
core   0: 1 0x00000000800055f2 (0x0001)
core   0: 0x00000000800055f4 (0x7ff10913) addi    s2, sp, 2047
core   0: 1 0x00000000800055f4 (0x7ff10913) x18 0x000000007fb607fe
core   0: 0x00000000800055f8 (0x5a037d53) fsqrt.d fs10, ft6
core   0: 1 0x00000000800055f8 (0x5a037d53) f26 0x7ff8000000000000
core   0: 0x00000000800055fc (0x00dcc3b3) xor     t2, s9, a3
core   0: 1 0x00000000800055fc (0x00dcc3b3) x7  0x0000000080004014
core   0: 0x0000000080005600 (0xc0163cf3) csrrc   s9, time, a2
core   0: exception trap_illegal_instruction, epc 0x0000000080005600
core   0:           tval 0x00000000c0163cf3
core   0: >>>>  $xrv64i2p1_m2p0_a2p1_f2p2_d2p2_zicsr2p0_zifencei2p0_zmmul1p0_zba1p0_zbb1p0_zbc1p0_zbs1p0
core   0: 0x0000000080004000 (0x0080006f) j       pc + 0x8
core   0: 3 0x0000000080004000 (0x0080006f)
core   0: >>>>  mmode_exception_handler
core   0: 0x0000000080004008 (0x00002c17) auipc   s8, 0x2
core   0: 3 0x0000000080004008 (0x00002c17) x24 0x0000000080006008
core   0: 0x000000008000400c (0xfa2c0c13) addi    s8, s8, -94
core   0: 3 0x000000008000400c (0xfa2c0c13) x24 0x0000000080005faa
core   0: 0x0000000080004010 (0x000c00e7) jalr    s8
core   0: 3 0x0000000080004010 (0x000c00e7) x1  0x0000000080004014
core   0: >>>>  any_handler
core   0: 0x0000000080005faa (0x341027f3) csrrs   a5, mepc, zero
core   0: 3 0x0000000080005faa (0x341027f3) x15 0x0000000080005600
core   0: 0x0000000080005fae (0x34202773) csrrs   a4, mcause, zero
core   0: 3 0x0000000080005fae (0x34202773) x14 0x0000000000000002
core   0: 0x0000000080005fb2 (0x142026f3) csrrs   a3, scause, zero
core   0: 3 0x0000000080005fb2 (0x142026f3) x13 0x0000000000000000
core   0: 0x0000000080005fb6 (0x30402673) csrrs   a2, mie, zero
core   0: 3 0x0000000080005fb6 (0x30402673) x12 0x0000000000000a00
core   0: 0x0000000080005fba (0x344025f3) csrrs   a1, mip, zero
core   0: 3 0x0000000080005fba (0x344025f3) x11 0x0000000000000080
core   0: 0x0000000080005fbe (0x343025f3) csrrs   a1, mtval, zero
core   0: 3 0x0000000080005fbe (0x343025f3) x11 0x00000000c0163cf3
core   0: 0x0000000080005fc2 (0x14302573) csrrs   a0, stval, zero
core   0: 3 0x0000000080005fc2 (0x14302573) x10 0x7fffffffffffffff
core   0: 0x0000000080005fc6 (0xb02024f3) csrrs   s1, minstret, zero
core   0: 3 0x0000000080005fc6 (0xb02024f3) x9  0x0000000000000fa9
core   0: 0x0000000080005fca (0x0000a811) c.j     pc + 20
core   0: 3 0x0000000080005fca (0xa811)
core   0: >>>>  mepc_4
core   0: 0x0000000080005fde (0x00000791) c.addi  a5, 4
core   0: 3 0x0000000080005fde (0x0791) x15 0x0000000080005604
core   0: 0x0000000080005fe0 (0x34179073) csrrw   zero, mepc, a5
core   0: 3 0x0000000080005fe0 (0x34179073) c833_mepc 0x0000000080005604
core   0: 0x0000000080005fe4 (0x30200073) mret
core   0: 3 0x0000000080005fe4 (0x30200073) c768_mstatus 0x8000000a001c61a2
core   0: 0x0000000080005604 (0x004ca8b3) slt     a7, s9, tp
core   0: 1 0x0000000080005604 (0x004ca8b3) x17 0x0000000000000000
core   0: 0x0000000080005608 (0x23dc2fd3) fsgnjx.d ft11, fs8, ft9
core   0: 1 0x0000000080005608 (0x23dc2fd3) f31 0x7ff8000000000000
core   0: 0x000000008000560c (0x5af28a9b) addiw   s5, t0, 1455
core   0: 1 0x000000008000560c (0x5af28a9b) x21 0x00000000000005af
core   0: 0x0000000080005610 (0x2bf90953) fmin.d  fs2, fs2, ft11
core   0: 1 0x0000000080005610 (0x2bf90953) f18 0x7ff8000000000000
core   0: 0x0000000080005614 (0x237f8153) fsgnj.d ft2, ft11, fs7
core   0: 1 0x0000000080005614 (0x237f8153) f2  0x7ff8000000000000
core   0: 0x0000000080005618 (0x80074713) xori    a4, a4, -2048
core   0: 1 0x0000000080005618 (0x80074713) x14 0xfffffffffffff802
core   0: 0x000000008000561c (0xa2a50053) fle.d   zero, fa0, fa0
core   0: 1 0x000000008000561c (0xa2a50053) c1_fflags 0x0000000000000013
core   0: 0x0000000080005620 (0x01952e33) slt     t3, a0, s9
core   0: 1 0x0000000080005620 (0x01952e33) x28 0x0000000000000000
core   0: 0x0000000080005624 (0x00102a73) csrrs   s4, fflags, zero
core   0: 1 0x0000000080005624 (0x00102a73) x20 0x0000000000000013
core   0: 0x0000000080005628 (0x419407b3) sub     a5, s0, s9
core   0: 1 0x0000000080005628 (0x419407b3) x15 0xffffffffffffbfeb
core   0: 0x000000008000562c (0x00745213) srli    tp, s0, 7
core   0: 1 0x000000008000562c (0x00745213) x4  0x0000000000ffffff
core   0: 0x0000000080005630 (0xc22570d3) fcvt.l.d ra, fa0
core   0: 1 0x0000000080005630 (0xc22570d3) c1_fflags 0x0000000000000013 x1  0x7fffffffffffffff
core   0: 0x0000000080005634 (0x00005913) srli    s2, zero, 0
core   0: 1 0x0000000080005634 (0x00005913) x18 0x0000000000000000
core   0: 0x0000000080005638 (0x42126b97) auipc   s7, 0x42126
core   0: 1 0x0000000080005638 (0x42126b97) x23 0x00000000c212b638
core   0: 0x000000008000563c (0xc21177d3) fcvt.wu.d a5, ft2
core   0: 1 0x000000008000563c (0xc21177d3) c1_fflags 0x0000000000000013 x15 0xffffffffffffffff
core   0: 0x0000000080005640 (0x4049893b) subw    s2, s3, tp
core   0: 1 0x0000000080005640 (0x4049893b) x18 0xffffffffff00060c
core   0: 0x0000000080005644 (0xfff17493) andi    s1, sp, -1
core   0: 1 0x0000000080005644 (0xfff17493) x9  0x000000007fb5ffff
core   0: 0x0000000080005648 (0x02b485b3) mul     a1, s1, a1
core   0: 1 0x0000000080005648 (0x02b485b3) x11 0x5fd3980b21abc30d
core   0: 0x000000008000564c (0x116bee93) ori     t4, s7, 278
core   0: 1 0x000000008000564c (0x116bee93) x29 0x00000000c212b73e
core   0: 0x0000000080005650 (0x03221c33) mulh    s8, tp, s2
core   0: 1 0x0000000080005650 (0x03221c33) x24 0xffffffffffffffff
core   0: 0x0000000080005654 (0x411ed8bb) sraw    a7, t4, a7
core   0: 1 0x0000000080005654 (0x411ed8bb) x17 0xffffffffc212b73e
core   0: 0x0000000080005658 (0x41d8563b) sraw    a2, a6, t4
core   0: 1 0x0000000080005658 (0x41d8563b) x12 0x0000000000000000
core   0: 0x000000008000565c (0x418484bb) subw    s1, s1, s8
core   0: 1 0x000000008000565c (0x418484bb) x9  0x000000007fb60000
core   0: 0x0000000080005660 (0xc2397c53) fcvt.lu.d s8, fs2
core   0: 1 0x0000000080005660 (0xc2397c53) c1_fflags 0x0000000000000013 x24 0xffffffffffffffff
core   0: 0x0000000080005664 (0x0001833b) addw    t1, gp, zero
core   0: 1 0x0000000080005664 (0x0001833b) x6  0x0000000000000000
core   0: 0x0000000080005668 (0xc22bf1d3) fcvt.l.d gp, fs7
core   0: 1 0x0000000080005668 (0xc22bf1d3) c1_fflags 0x0000000000000013 x3  0x7fffffffffffffff
core   0: 0x000000008000566c (0x13757d53) fmul.d  fs10, fa0, fs7
core   0: 1 0x000000008000566c (0x13757d53) f26 0x7ff8000000000000
core   0: 0x0000000080005670 (0xc5b34a93) xori    s5, t1, -933
core   0: 1 0x0000000080005670 (0xc5b34a93) x21 0xfffffffffffffc5b
core   0: 0x0000000080005674 (0x02f7deb3) divu    t4, a5, a5
core   0: 1 0x0000000080005674 (0x02f7deb3) x29 0x0000000000000001
core   0: 0x0000000080005678 (0x03d67b3b) remuw   s6, a2, t4
core   0: 1 0x0000000080005678 (0x03d67b3b) x22 0x0000000000000000
core   0: 0x000000008000567c (0x00e494b3) sll     s1, s1, a4
core   0: 1 0x000000008000567c (0x00e494b3) x9  0x00000001fed80000
core   0: 0x0000000080005680 (0x0298d8bb) divuw   a7, a7, s1
core   0: 1 0x0000000080005680 (0x0298d8bb) x17 0x0000000000000000
core   0: 0x0000000080005684 (0x981aea93) ori     s5, s5, -1663
core   0: 1 0x0000000080005684 (0x981aea93) x21 0xfffffffffffffddb
core   0: 0x0000000080005688 (0x401150b3) sra     ra, sp, ra
core   0: 1 0x0000000080005688 (0x401150b3) x1  0x0000000000000000
core   0: 0x000000008000568c (0x0135d5bb) srlw    a1, a1, s3
core   0: 1 0x000000008000568c (0x0135d5bb) x11 0x0000000000043578
core   0: 0x0000000080005690 (0x00102073) csrrs   zero, fflags, zero
core   0: 1 0x0000000080005690 (0x00102073)
core   0: 0x0000000080005694 (0x00000001) c.nop
core   0: 1 0x0000000080005694 (0x0001)
core   0: 0x0000000080005696 (0xc03924f3) csrrs   s1, hpmcounter3, s2
core   0: exception trap_illegal_instruction, epc 0x0000000080005696
core   0:           tval 0x00000000c03924f3
core   0: >>>>  $xrv64i2p1_m2p0_a2p1_f2p2_d2p2_zicsr2p0_zifencei2p0_zmmul1p0_zba1p0_zbb1p0_zbc1p0_zbs1p0
core   0: 0x0000000080004000 (0x0080006f) j       pc + 0x8
core   0: 3 0x0000000080004000 (0x0080006f)
core   0: >>>>  mmode_exception_handler
core   0: 0x0000000080004008 (0x00002c17) auipc   s8, 0x2
core   0: 3 0x0000000080004008 (0x00002c17) x24 0x0000000080006008
core   0: 0x000000008000400c (0xfa2c0c13) addi    s8, s8, -94
core   0: 3 0x000000008000400c (0xfa2c0c13) x24 0x0000000080005faa
core   0: 0x0000000080004010 (0x000c00e7) jalr    s8
core   0: 3 0x0000000080004010 (0x000c00e7) x1  0x0000000080004014
core   0: >>>>  any_handler
core   0: 0x0000000080005faa (0x341027f3) csrrs   a5, mepc, zero
core   0: 3 0x0000000080005faa (0x341027f3) x15 0x0000000080005696
core   0: 0x0000000080005fae (0x34202773) csrrs   a4, mcause, zero
core   0: 3 0x0000000080005fae (0x34202773) x14 0x0000000000000002
core   0: 0x0000000080005fb2 (0x142026f3) csrrs   a3, scause, zero
core   0: 3 0x0000000080005fb2 (0x142026f3) x13 0x0000000000000000
core   0: 0x0000000080005fb6 (0x30402673) csrrs   a2, mie, zero
core   0: 3 0x0000000080005fb6 (0x30402673) x12 0x0000000000000a00
core   0: 0x0000000080005fba (0x344025f3) csrrs   a1, mip, zero
core   0: 3 0x0000000080005fba (0x344025f3) x11 0x0000000000000080
core   0: 0x0000000080005fbe (0x343025f3) csrrs   a1, mtval, zero
core   0: 3 0x0000000080005fbe (0x343025f3) x11 0x00000000c03924f3
core   0: 0x0000000080005fc2 (0x14302573) csrrs   a0, stval, zero
core   0: 3 0x0000000080005fc2 (0x14302573) x10 0x7fffffffffffffff
core   0: 0x0000000080005fc6 (0xb02024f3) csrrs   s1, minstret, zero
core   0: 3 0x0000000080005fc6 (0xb02024f3) x9  0x0000000000000fde
core   0: 0x0000000080005fca (0x0000a811) c.j     pc + 20
core   0: 3 0x0000000080005fca (0xa811)
core   0: >>>>  mepc_4
core   0: 0x0000000080005fde (0x00000791) c.addi  a5, 4
core   0: 3 0x0000000080005fde (0x0791) x15 0x000000008000569a
core   0: 0x0000000080005fe0 (0x34179073) csrrw   zero, mepc, a5
core   0: 3 0x0000000080005fe0 (0x34179073) c833_mepc 0x000000008000569a
core   0: 0x0000000080005fe4 (0x30200073) mret
core   0: 3 0x0000000080005fe4 (0x30200073) c768_mstatus 0x8000000a001c61a2
core   0: 0x000000008000569a (0xe20b0653) fmv.x.d a2, fs6
core   0: 1 0x000000008000569a (0xe20b0653) x12 0x0000000000000000
core   0: 0x000000008000569e (0x021110b3) mulh    ra, sp, ra
core   0: 1 0x000000008000569e (0x021110b3) x1  0x0000000000000000
core   0: 0x00000000800056a2 (0x40e75d3b) sraw    s10, a4, a4
core   0: 1 0x00000000800056a2 (0x40e75d3b) x26 0x0000000000000000
core   0: 0x00000000800056a6 (0x4114541b) sraiw   s0, s0, 17
core   0: 1 0x00000000800056a6 (0x4114541b) x8  0x0000000000003fff
core   0: 0x00000000800056aa (0xe20d04d3) fmv.x.d s1, fs10
core   0: 1 0x00000000800056aa (0xe20d04d3) x9  0x7ff8000000000000
core   0: 0x00000000800056ae (0x03a45db3) divu    s11, s0, s10
core   0: 1 0x00000000800056ae (0x03a45db3) x27 0xffffffffffffffff
core   0: 0x00000000800056b2 (0x00099713) slli    a4, s3, 0
core   0: 1 0x00000000800056b2 (0x00099713) x14 0x000000000000060b
core   0: 0x00000000800056b6 (0xa3a20853) fle.d   a6, ft4, fs10
core   0: 1 0x00000000800056b6 (0xa3a20853) c1_fflags 0x0000000000000013 x16 0x0000000000000000
core   0: 0x00000000800056ba (0x005816bb) sllw    a3, a6, t0
core   0: 1 0x00000000800056ba (0x005816bb) x13 0x0000000000000000
core   0: 0x00000000800056be (0xc0141273) csrrw   tp, time, s0
core   0: exception trap_illegal_instruction, epc 0x00000000800056be
core   0:           tval 0x00000000c0141273
core   0: >>>>  $xrv64i2p1_m2p0_a2p1_f2p2_d2p2_zicsr2p0_zifencei2p0_zmmul1p0_zba1p0_zbb1p0_zbc1p0_zbs1p0
core   0: 0x0000000080004000 (0x0080006f) j       pc + 0x8
core   0: 3 0x0000000080004000 (0x0080006f)
core   0: >>>>  mmode_exception_handler
core   0: 0x0000000080004008 (0x00002c17) auipc   s8, 0x2
core   0: 3 0x0000000080004008 (0x00002c17) x24 0x0000000080006008
core   0: 0x000000008000400c (0xfa2c0c13) addi    s8, s8, -94
core   0: 3 0x000000008000400c (0xfa2c0c13) x24 0x0000000080005faa
core   0: 0x0000000080004010 (0x000c00e7) jalr    s8
core   0: 3 0x0000000080004010 (0x000c00e7) x1  0x0000000080004014
core   0: >>>>  any_handler
core   0: 0x0000000080005faa (0x341027f3) csrrs   a5, mepc, zero
core   0: 3 0x0000000080005faa (0x341027f3) x15 0x00000000800056be
core   0: 0x0000000080005fae (0x34202773) csrrs   a4, mcause, zero
core   0: 3 0x0000000080005fae (0x34202773) x14 0x0000000000000002
core   0: 0x0000000080005fb2 (0x142026f3) csrrs   a3, scause, zero
core   0: 3 0x0000000080005fb2 (0x142026f3) x13 0x0000000000000000
core   0: 0x0000000080005fb6 (0x30402673) csrrs   a2, mie, zero
core   0: 3 0x0000000080005fb6 (0x30402673) x12 0x0000000000000a00
core   0: 0x0000000080005fba (0x344025f3) csrrs   a1, mip, zero
core   0: 3 0x0000000080005fba (0x344025f3) x11 0x0000000000000080
core   0: 0x0000000080005fbe (0x343025f3) csrrs   a1, mtval, zero
core   0: 3 0x0000000080005fbe (0x343025f3) x11 0x00000000c0141273
core   0: 0x0000000080005fc2 (0x14302573) csrrs   a0, stval, zero
core   0: 3 0x0000000080005fc2 (0x14302573) x10 0x7fffffffffffffff
core   0: 0x0000000080005fc6 (0xb02024f3) csrrs   s1, minstret, zero
core   0: 3 0x0000000080005fc6 (0xb02024f3) x9  0x0000000000000ff7
core   0: 0x0000000080005fca (0x0000a811) c.j     pc + 20
core   0: 3 0x0000000080005fca (0xa811)
core   0: >>>>  mepc_4
core   0: 0x0000000080005fde (0x00000791) c.addi  a5, 4
core   0: 3 0x0000000080005fde (0x0791) x15 0x00000000800056c2
core   0: 0x0000000080005fe0 (0x34179073) csrrw   zero, mepc, a5
core   0: 3 0x0000000080005fe0 (0x34179073) c833_mepc 0x00000000800056c2
core   0: 0x0000000080005fe4 (0x30200073) mret
core   0: 3 0x0000000080005fe4 (0x30200073) c768_mstatus 0x8000000a001c61a2
core   0: 0x00000000800056c2 (0xc03278d3) fcvt.lu.s a7, ft4
core   0: 1 0x00000000800056c2 (0xc03278d3) c1_fflags 0x0000000000000013 x17 0xffffffffffffffff
core   0: 0x00000000800056c6 (0xc03d7253) fcvt.lu.s tp, fs10
core   0: 1 0x00000000800056c6 (0xc03d7253) c1_fflags 0x0000000000000013 x4  0xffffffffffffffff
core   0: 0x00000000800056ca (0x03f4d393) srli    t2, s1, 63
core   0: 1 0x00000000800056ca (0x03f4d393) x7  0x0000000000000000
core   0: 0x00000000800056ce (0x1440e0f3) csrrsi  ra, sip, 1
core   0: 1 0x00000000800056ce (0x1440e0f3) x1  0x0000000000000000 c836_mip 0x0000000000000080
core   0: 0x00000000800056d2 (0xf20c8353) fmv.d.x ft6, s9
core   0: 1 0x00000000800056d2 (0xf20c8353) f6  0x0000000080004014
core   0: 0x00000000800056d6 (0x41000333) sub     t1, zero, a6
core   0: 1 0x00000000800056d6 (0x41000333) x6  0x0000000000000000
core   0: 0x00000000800056da (0x1bbe7c13) andi    s8, t3, 443
core   0: 1 0x00000000800056da (0x1bbe7c13) x24 0x0000000000000000
core   0: 0x00000000800056de (0x23e12553) fsgnjx.d fa0, ft2, ft10
core   0: 1 0x00000000800056de (0x23e12553) f10 0x7ff8000000000000
core   0: 0x00000000800056e2 (0x001a7a93) andi    s5, s4, 1
core   0: 1 0x00000000800056e2 (0x001a7a93) x21 0x0000000000000001
core   0: 0x00000000800056e6 (0x415e09b3) sub     s3, t3, s5
core   0: 1 0x00000000800056e6 (0x415e09b3) x19 0xffffffffffffffff
core   0: 0x00000000800056ea (0x00202273) csrrs   tp, frm, zero
core   0: 1 0x00000000800056ea (0x00202273) x4  0x0000000000000000
core   0: 0x00000000800056ee (0x031d5c93) srli    s9, s10, 49
core   0: 1 0x00000000800056ee (0x031d5c93) x25 0x0000000000000000
core   0: 0x00000000800056f2 (0x00856e33) or      t3, a0, s0
core   0: 1 0x00000000800056f2 (0x00856e33) x28 0x7fffffffffffffff
core   0: 0x00000000800056f6 (0x0020a133) slt     sp, ra, sp
core   0: 1 0x00000000800056f6 (0x0020a133) x2  0x0000000000000001
core   0: 0x00000000800056fa (0x28f8c093) xori    ra, a7, 655
core   0: 1 0x00000000800056fa (0x28f8c093) x1  0xfffffffffffffd70
core   0: 0x00000000800056fe (0x000095b6) c.add   a1, a3
core   0: 1 0x00000000800056fe (0x95b6) x11 0x00000000c0141273
core   0: 0x0000000080005700 (0x034bf7d3) fadd.d  fa5, fs7, fs4
core   0: 1 0x0000000080005700 (0x034bf7d3) f15 0x7ff8000000000000
core   0: 0x0000000080005704 (0x00161d13) slli    s10, a2, 1
core   0: 1 0x0000000080005704 (0x00161d13) x26 0x0000000000001400
core   0: 0x0000000080005708 (0x0011e413) ori     s0, gp, 1
core   0: 1 0x0000000080005708 (0x0011e413) x8  0x7fffffffffffffff
core   0: 0x000000008000570c (0x001c9e73) csrrw   t3, fflags, s9
core   0: 1 0x000000008000570c (0x001c9e73) x28 0x0000000000000013 c1_fflags 0x0000000000000000
core   0: 0x0000000080005710 (0x412e5cb3) sra     s9, t3, s2
core   0: 1 0x0000000080005710 (0x412e5cb3) x25 0x0000000000000000
core   0: 0x0000000080005714 (0x7c1a0a1b) addiw   s4, s4, 1985
core   0: 1 0x0000000080005714 (0x7c1a0a1b) x20 0x00000000000007d4
core   0: 0x0000000080005718 (0xc03ffed3) fcvt.lu.s t4, ft11
core   0: 1 0x0000000080005718 (0xc03ffed3) c1_fflags 0x0000000000000010 x29 0xffffffffffffffff
core   0: 0x000000008000571c (0x01094e33) xor     t3, s2, a6
core   0: 1 0x000000008000571c (0x01094e33) x28 0xffffffffff00060c
core   0: 0x0000000080005720 (0x2b7898d3) fmax.d  fa7, fa7, fs7
core   0: 1 0x0000000080005720 (0x2b7898d3) f17 0x7ff8000000000000
core   0: 0x0000000080005724 (0xab41819b) addiw   gp, gp, -1356
core   0: 1 0x0000000080005724 (0xab41819b) x3  0xfffffffffffffab3
core   0: 0x0000000080005728 (0x1436d373) csrrwi  t1, stval, 13
core   0: 1 0x0000000080005728 (0x1436d373) x6  0x7fffffffffffffff c323_stval 0x000000000000000d
core   0: 0x000000008000572c (0x0001511b) srliw   sp, sp, 0
core   0: 1 0x000000008000572c (0x0001511b) x2  0x0000000000000001
core   0: 0x0000000080005730 (0xc03c7953) fcvt.lu.s s2, fs8
core   0: 1 0x0000000080005730 (0xc03c7953) c1_fflags 0x0000000000000010 x18 0xffffffffffffffff
core   0: 0x0000000080005734 (0x01755bbb) srlw    s7, a0, s7
core   0: 1 0x0000000080005734 (0x01755bbb) x23 0x00000000000000ff
core   0: 0x0000000080005738 (0x01ce1c3b) sllw    s8, t3, t3
core   0: 1 0x0000000080005738 (0x01ce1c3b) x24 0x000000000060c000
core   0: 0x000000008000573c (0x1041f8f3) csrrci  a7, sie, 3
core   0: 1 0x000000008000573c (0x1041f8f3) x17 0x0000000000000000 c772_mie 0x0000000000000a00
core   0: 0x0000000080005740 (0x003b9a13) slli    s4, s7, 3
core   0: 1 0x0000000080005740 (0x003b9a13) x20 0x00000000000007f8
core   0: 0x0000000080005744 (0x40fbd133) sra     sp, s7, a5
core   0: 1 0x0000000080005744 (0x40fbd133) x2  0x000000000000003f
core   0: 0x0000000080005748 (0x3f697913) andi    s2, s2, 1014
core   0: 1 0x0000000080005748 (0x3f697913) x18 0x00000000000003f6
core   0: 0x000000008000574c (0x0058d89b) srliw   a7, a7, 5
core   0: 1 0x000000008000574c (0x0058d89b) x17 0x0000000000000000
core   0: 0x0000000080005750 (0xd2168d53) fcvt.d.wu fs10, a3
core   0: 1 0x0000000080005750 (0xd2168d53) f26 0x0000000000000000
core   0: 0x0000000080005754 (0x00ac963b) sllw    a2, s9, a0
core   0: 1 0x0000000080005754 (0x00ac963b) x12 0x0000000000000000
core   0: 0x0000000080005758 (0x0163d913) srli    s2, t2, 22
core   0: 1 0x0000000080005758 (0x0163d913) x18 0x0000000000000000
core   0: 0x000000008000575c (0x5a0f7cd3) fsqrt.d fs9, ft10
core   0: 1 0x000000008000575c (0x5a0f7cd3) f25 0x7ff8000000000000
core   0: 0x0000000080005760 (0x40d5db93) srai    s7, a1, 13
core   0: 1 0x0000000080005760 (0x40d5db93) x23 0x00000000000600a0
core   0: 0x0000000080005764 (0x001b5a33) srl     s4, s6, ra
core   0: 1 0x0000000080005764 (0x001b5a33) x20 0x0000000000000000
core   0: 0x0000000080005768 (0x31a099f3) csrrw   s3, menvcfgh, ra
core   0: exception trap_illegal_instruction, epc 0x0000000080005768
core   0:           tval 0x0000000031a099f3
core   0: >>>>  $xrv64i2p1_m2p0_a2p1_f2p2_d2p2_zicsr2p0_zifencei2p0_zmmul1p0_zba1p0_zbb1p0_zbc1p0_zbs1p0
core   0: 0x0000000080004000 (0x0080006f) j       pc + 0x8
core   0: 3 0x0000000080004000 (0x0080006f)
core   0: >>>>  mmode_exception_handler
core   0: 0x0000000080004008 (0x00002c17) auipc   s8, 0x2
core   0: 3 0x0000000080004008 (0x00002c17) x24 0x0000000080006008
core   0: 0x000000008000400c (0xfa2c0c13) addi    s8, s8, -94
core   0: 3 0x000000008000400c (0xfa2c0c13) x24 0x0000000080005faa
core   0: 0x0000000080004010 (0x000c00e7) jalr    s8
core   0: 3 0x0000000080004010 (0x000c00e7) x1  0x0000000080004014
core   0: >>>>  any_handler
core   0: 0x0000000080005faa (0x341027f3) csrrs   a5, mepc, zero
core   0: 3 0x0000000080005faa (0x341027f3) x15 0x0000000080005768
core   0: 0x0000000080005fae (0x34202773) csrrs   a4, mcause, zero
core   0: 3 0x0000000080005fae (0x34202773) x14 0x0000000000000002
core   0: 0x0000000080005fb2 (0x142026f3) csrrs   a3, scause, zero
core   0: 3 0x0000000080005fb2 (0x142026f3) x13 0x0000000000000000
core   0: 0x0000000080005fb6 (0x30402673) csrrs   a2, mie, zero
core   0: 3 0x0000000080005fb6 (0x30402673) x12 0x0000000000000a00
core   0: 0x0000000080005fba (0x344025f3) csrrs   a1, mip, zero
core   0: 3 0x0000000080005fba (0x344025f3) x11 0x0000000000000080
core   0: 0x0000000080005fbe (0x343025f3) csrrs   a1, mtval, zero
core   0: 3 0x0000000080005fbe (0x343025f3) x11 0x0000000031a099f3
core   0: 0x0000000080005fc2 (0x14302573) csrrs   a0, stval, zero
core   0: 3 0x0000000080005fc2 (0x14302573) x10 0x000000000000000d
core   0: 0x0000000080005fc6 (0xb02024f3) csrrs   s1, minstret, zero
core   0: 3 0x0000000080005fc6 (0xb02024f3) x9  0x0000000000001031
core   0: 0x0000000080005fca (0x0000a811) c.j     pc + 20
core   0: 3 0x0000000080005fca (0xa811)
core   0: >>>>  mepc_4
core   0: 0x0000000080005fde (0x00000791) c.addi  a5, 4
core   0: 3 0x0000000080005fde (0x0791) x15 0x000000008000576c
core   0: 0x0000000080005fe0 (0x34179073) csrrw   zero, mepc, a5
core   0: 3 0x0000000080005fe0 (0x34179073) c833_mepc 0x000000008000576c
core   0: 0x0000000080005fe4 (0x30200073) mret
core   0: 3 0x0000000080005fe4 (0x30200073) c768_mstatus 0x8000000a001c61a2
core   0: 0x000000008000576c (0xc03f76d3) fcvt.lu.s a3, ft10
core   0: 1 0x000000008000576c (0xc03f76d3) c1_fflags 0x0000000000000010 x13 0xffffffffffffffff
core   0: 0x0000000080005770 (0xa08cfbb7) lui     s7, 0xa08cf
core   0: 1 0x0000000080005770 (0xa08cfbb7) x23 0xffffffffa08cf000
core   0: 0x0000000080005774 (0x40f205b3) sub     a1, tp, a5
core   0: 1 0x0000000080005774 (0x40f205b3) x11 0xffffffff7fffa894
core   0: 0x0000000080005778 (0xff8aea93) ori     s5, s5, -8
core   0: 1 0x0000000080005778 (0xff8aea93) x21 0xfffffffffffffff9
core   0: 0x000000008000577c (0x01be533b) srlw    t1, t3, s11
core   0: 1 0x000000008000577c (0x01be533b) x6  0x0000000000000001
core   0: 0x0000000080005780 (0x02ee34b3) mulhu   s1, t3, a4
core   0: 1 0x0000000080005780 (0x02ee34b3) x9  0x0000000000000001
core   0: 0x0000000080005784 (0x007d05bb) addw    a1, s10, t2
core   0: 1 0x0000000080005784 (0x007d05bb) x11 0x0000000000001400
core   0: 0x0000000080005788 (0xd2088f53) fcvt.d.w ft10, a7
core   0: 1 0x0000000080005788 (0xd2088f53) f30 0x0000000000000000
core   0: 0x000000008000578c (0x73e47d47) fmsub.d fs10, fs0, ft10, fa4
core   0: 1 0x000000008000578c (0x73e47d47) f26 0x7ff8000000000000
core   0: 0x0000000080005790 (0x00c36633) or      a2, t1, a2
core   0: 1 0x0000000080005790 (0x00c36633) x12 0x0000000000000a01
core   0: 0x0000000080005794 (0x00065d13) srli    s10, a2, 0
core   0: 1 0x0000000080005794 (0x00065d13) x26 0x0000000000000a01
core   0: 0x0000000080005798 (0x800c8413) addi    s0, s9, -2048
core   0: 1 0x0000000080005798 (0x800c8413) x8  0xfffffffffffff800
core   0: 0x000000008000579c (0x00102573) csrrs   a0, fflags, zero
core   0: 1 0x000000008000579c (0x00102573) x10 0x0000000000000010
core   0: 0x00000000800057a0 (0x0257b4b3) mulhu   s1, a5, t0
core   0: 1 0x00000000800057a0 (0x0257b4b3) x9  0x0000000000000000
core   0: 0x00000000800057a4 (0x41535333) sra     t1, t1, s5
core   0: 1 0x00000000800057a4 (0x41535333) x6  0x0000000000000000
core   0: 0x00000000800057a8 (0x01b0f3b3) and     t2, ra, s11
core   0: 1 0x00000000800057a8 (0x01b0f3b3) x7  0x0000000080004014
core   0: 0x00000000800057ac (0x0267d9b3) divu    s3, a5, t1
core   0: 1 0x00000000800057ac (0x0267d9b3) x19 0xffffffffffffffff
core   0: 0x00000000800057b0 (0x1bed7753) fdiv.d  fa4, fs10, ft10
core   0: 1 0x00000000800057b0 (0x1bed7753) f14 0x7ff8000000000000
core   0: 0x00000000800057b4 (0x401d7a53) fcvt.s.d fs4, fs10
core   0: 1 0x00000000800057b4 (0x401d7a53) f20 0xffffffff7fc00000
core   0: 0x00000000800057b8 (0xd20489d3) fcvt.d.w fs3, s1
core   0: 1 0x00000000800057b8 (0xd20489d3) f19 0x0000000000000000
core   0: 0x00000000800057bc (0x01399d9b) slliw   s11, s3, 19
core   0: 1 0x00000000800057bc (0x01399d9b) x27 0xfffffffffff80000
core   0: 0x00000000800057c0 (0x00adab33) slt     s6, s11, a0
core   0: 1 0x00000000800057c0 (0x00adab33) x22 0x0000000000000001
core   0: 0x00000000800057c4 (0x1216f113) andi    sp, a3, 289
core   0: 1 0x00000000800057c4 (0x1216f113) x2  0x0000000000000121
core   0: 0x00000000800057c8 (0x40255933) sra     s2, a0, sp
core   0: 1 0x00000000800057c8 (0x40255933) x18 0x0000000000000000
core   0: 0x00000000800057cc (0x0356f6bb) remuw   a3, a3, s5
core   0: 1 0x00000000800057cc (0x0356f6bb) x13 0x0000000000000006
core   0: 0x00000000800057d0 (0xc23d7cd3) fcvt.lu.d s9, fs10
core   0: 1 0x00000000800057d0 (0xc23d7cd3) c1_fflags 0x0000000000000010 x25 0xffffffffffffffff
core   0: 0x00000000800057d4 (0x417d8d3b) subw    s10, s11, s7
core   0: 1 0x00000000800057d4 (0x417d8d3b) x26 0x000000005f6b1000
core   0: 0x00000000800057d8 (0xd036fa53) fcvt.s.lu fs4, a3
core   0: 1 0x00000000800057d8 (0xd036fa53) f20 0xffffffff40c00000
core   0: 0x00000000800057dc (0x8e1ceb13) ori     s6, s9, -1823
core   0: 1 0x00000000800057dc (0x8e1ceb13) x22 0xffffffffffffffff
core   0: 0x00000000800057e0 (0x03cd0b33) mul     s6, s10, t3
core   0: 1 0x00000000800057e0 (0x03cd0b33) x22 0xffa09730fb64c000
core   0: 0x00000000800057e4 (0x014b109b) slliw   ra, s6, 20
core   0: 1 0x00000000800057e4 (0x014b109b) x1  0x0000000000000000
core   0: 0x00000000800057e8 (0x4045873b) subw    a4, a1, tp
core   0: 1 0x00000000800057e8 (0x4045873b) x14 0x0000000000001400
core   0: 0x00000000800057ec (0xf98dfc13) andi    s8, s11, -104
core   0: 1 0x00000000800057ec (0xf98dfc13) x24 0xfffffffffff80000
core   0: 0x00000000800057f0 (0xd0387ad3) fcvt.s.lu fs5, a6
core   0: 1 0x00000000800057f0 (0xd0387ad3) f21 0xffffffff00000000
core   0: 0x00000000800057f4 (0x00000001) c.nop
core   0: 1 0x00000000800057f4 (0x0001)
core   0: 0x00000000800057f6 (0x2ae41753) fmax.d  fa4, fs0, fa4
core   0: 1 0x00000000800057f6 (0x2ae41753) f14 0x7ff8000000000000
core   0: 0x00000000800057fa (0x03bdb333) mulhu   t1, s11, s11
core   0: 1 0x00000000800057fa (0x03bdb333) x6  0xfffffffffff00000
core   0: 0x00000000800057fe (0xa3188ed3) fle.d   t4, fa7, fa7
core   0: 1 0x00000000800057fe (0xa3188ed3) c1_fflags 0x0000000000000010 x29 0x0000000000000000
core   0: 0x0000000080005802 (0x034350b3) divu    ra, t1, s4
core   0: 1 0x0000000080005802 (0x034350b3) x1  0xffffffffffffffff
core   0: 0x0000000080005806 (0x01b668b3) or      a7, a2, s11
core   0: 1 0x0000000080005806 (0x01b668b3) x17 0xfffffffffff80a01
core   0: 0x000000008000580a (0x7a1b77c7) fmsub.d fa5, fs6, ft1, fa5
core   0: 1 0x000000008000580a (0x7a1b77c7) f15 0x7ff8000000000000
core   0: 0x000000008000580e (0x800df793) andi    a5, s11, -2048
core   0: 1 0x000000008000580e (0x800df793) x15 0xfffffffffff80000
core   0: 0x0000000080005812 (0x00000001) c.nop
core   0: 1 0x0000000080005812 (0x0001)
core   0: 0x0000000080005814 (0xf15cb373) csrrc   t1, mconfigptr, s9
core   0: exception trap_illegal_instruction, epc 0x0000000080005814
core   0:           tval 0x00000000f15cb373
core   0: >>>>  $xrv64i2p1_m2p0_a2p1_f2p2_d2p2_zicsr2p0_zifencei2p0_zmmul1p0_zba1p0_zbb1p0_zbc1p0_zbs1p0
core   0: 0x0000000080004000 (0x0080006f) j       pc + 0x8
core   0: 3 0x0000000080004000 (0x0080006f)
core   0: >>>>  mmode_exception_handler
core   0: 0x0000000080004008 (0x00002c17) auipc   s8, 0x2
core   0: 3 0x0000000080004008 (0x00002c17) x24 0x0000000080006008
core   0: 0x000000008000400c (0xfa2c0c13) addi    s8, s8, -94
core   0: 3 0x000000008000400c (0xfa2c0c13) x24 0x0000000080005faa
core   0: 0x0000000080004010 (0x000c00e7) jalr    s8
core   0: 3 0x0000000080004010 (0x000c00e7) x1  0x0000000080004014
core   0: >>>>  any_handler
core   0: 0x0000000080005faa (0x341027f3) csrrs   a5, mepc, zero
core   0: 3 0x0000000080005faa (0x341027f3) x15 0x0000000080005814
core   0: 0x0000000080005fae (0x34202773) csrrs   a4, mcause, zero
core   0: 3 0x0000000080005fae (0x34202773) x14 0x0000000000000002
core   0: 0x0000000080005fb2 (0x142026f3) csrrs   a3, scause, zero
core   0: 3 0x0000000080005fb2 (0x142026f3) x13 0x0000000000000000
core   0: 0x0000000080005fb6 (0x30402673) csrrs   a2, mie, zero
core   0: 3 0x0000000080005fb6 (0x30402673) x12 0x0000000000000a00
core   0: 0x0000000080005fba (0x344025f3) csrrs   a1, mip, zero
core   0: 3 0x0000000080005fba (0x344025f3) x11 0x0000000000000080
core   0: 0x0000000080005fbe (0x343025f3) csrrs   a1, mtval, zero
core   0: 3 0x0000000080005fbe (0x343025f3) x11 0x00000000f15cb373
core   0: 0x0000000080005fc2 (0x14302573) csrrs   a0, stval, zero
core   0: 3 0x0000000080005fc2 (0x14302573) x10 0x000000000000000d
core   0: 0x0000000080005fc6 (0xb02024f3) csrrs   s1, minstret, zero
core   0: 3 0x0000000080005fc6 (0xb02024f3) x9  0x000000000000106c
core   0: 0x0000000080005fca (0x0000a811) c.j     pc + 20
core   0: 3 0x0000000080005fca (0xa811)
core   0: >>>>  mepc_4
core   0: 0x0000000080005fde (0x00000791) c.addi  a5, 4
core   0: 3 0x0000000080005fde (0x0791) x15 0x0000000080005818
core   0: 0x0000000080005fe0 (0x34179073) csrrw   zero, mepc, a5
core   0: 3 0x0000000080005fe0 (0x34179073) c833_mepc 0x0000000080005818
core   0: 0x0000000080005fe4 (0x30200073) mret
core   0: 3 0x0000000080005fe4 (0x30200073) c768_mstatus 0x8000000a001c61a2
core   0: 0x0000000080005818 (0x2240f3cb) fnmsub.d ft7, ft1, ft4, ft4
core   0: 1 0x0000000080005818 (0x2240f3cb) f7  0x7ff8000000000000
core   0: 0x000000008000581c (0xa6137e93) andi    t4, t1, -1439
core   0: 1 0x000000008000581c (0xa6137e93) x29 0xfffffffffff00000
core   0: 0x0000000080005820 (0xd024f653) fcvt.s.l fa2, s1
core   0: 1 0x0000000080005820 (0xd024f653) f12 0xffffffff45836000
core   0: 0x0000000080005824 (0x017b0eb3) add     t4, s6, s7
core   0: 1 0x0000000080005824 (0x017b0eb3) x29 0xffa097309bf1b000
core   0: 0x0000000080005828 (0x1aa57853) fdiv.d  fa6, fa0, fa0
core   0: 1 0x0000000080005828 (0x1aa57853) f16 0x7ff8000000000000
core   0: 0x000000008000582c (0x7ff4e593) ori     a1, s1, 2047
core   0: 1 0x000000008000582c (0x7ff4e593) x11 0x00000000000017ff
core   0: 0x0000000080005830 (0x2a0a8253) fmin.d  ft4, fs5, ft0
core   0: 1 0x0000000080005830 (0x2a0a8253) f4  0x7ff8000000000000
core   0: 0x0000000080005834 (0xfc273037) lui     zero, 0xfc273
core   0: 1 0x0000000080005834 (0xfc273037)
core   0: 0x0000000080005838 (0xfdf0001b) addiw   zero, zero, -33
core   0: 1 0x0000000080005838 (0xfdf0001b)
core   0: 0x000000008000583c (0x00c01013) slli    zero, zero, 12
core   0: 1 0x000000008000583c (0x00c01013)
core   0: 0x0000000080005840 (0xb7400013) li      zero, -1164
core   0: 1 0x0000000080005840 (0xb7400013)
core   0: 0x0000000080005844 (0x000008ea) c.slli  a7, 26
core   0: 1 0x0000000080005844 (0x08ea) x17 0xffffe02804000000
core   0: 0x0000000080005846 (0x0137aeb3) slt     t4, a5, s3
core   0: 1 0x0000000080005846 (0x0137aeb3) x29 0x0000000000000000
core   0: 0x000000008000584a (0xff1af537) lui     a0, 0xff1af
core   0: 1 0x000000008000584a (0xff1af537) x10 0xffffffffff1af000
core   0: 0x000000008000584e (0x2ff5051b) addiw   a0, a0, 767
core   0: 1 0x000000008000584e (0x2ff5051b) x10 0xffffffffff1af2ff
core   0: 0x0000000080005852 (0x00000532) c.slli  a0, 12
core   0: 1 0x0000000080005852 (0x0532) x10 0xfffffff1af2ff000
core   0: 0x0000000080005854 (0x0fb50513) addi    a0, a0, 251
core   0: 1 0x0000000080005854 (0x0fb50513) x10 0xfffffff1af2ff0fb
core   0: 0x0000000080005858 (0x1b18f8d3) fdiv.d  fa7, fa7, fa7
core   0: 1 0x0000000080005858 (0x1b18f8d3) f17 0x7ff8000000000000
core   0: 0x000000008000585c (0xc02e7bd3) fcvt.l.s s7, ft8
core   0: 1 0x000000008000585c (0xc02e7bd3) c1_fflags 0x0000000000000010 x23 0x7fffffffffffffff
core   0: 0x0000000080005860 (0x40a383bb) subw    t2, t2, a0
core   0: 1 0x0000000080005860 (0x40a383bb) x7  0xffffffffd0d04f19
core   0: 0x0000000080005864 (0x016dfb33) and     s6, s11, s6
core   0: 1 0x0000000080005864 (0x016dfb33) x22 0xffa09730fb600000
core   0: 0x0000000080005868 (0x00000001) c.nop
core   0: 1 0x0000000080005868 (0x0001)
core   0: 0x000000008000586a (0x03be06bb) mulw    a3, t3, s11
core   0: 1 0x000000008000586a (0x03be06bb) x13 0xffffffffcfa00000
core   0: 0x000000008000586e (0x035ea7b3) mulhsu  a5, t4, s5
core   0: 1 0x000000008000586e (0x035ea7b3) x15 0x0000000000000000
core   0: 0x0000000080005872 (0x40dd511b) sraiw   sp, s10, 13
core   0: 1 0x0000000080005872 (0x40dd511b) x2  0x000000000002fb58
core   0: 0x0000000080005876 (0x00271af3) csrrw   s5, frm, a4
core   0: 1 0x0000000080005876 (0x00271af3) x21 0x0000000000000000 c2_frm 0x0000000000000002
core   0: 0x000000008000587a (0x00102673) csrrs   a2, fflags, zero
core   0: 1 0x000000008000587a (0x00102673) x12 0x0000000000000010
core   0: 0x000000008000587e (0x03429ab3) mulh    s5, t0, s4
core   0: 1 0x000000008000587e (0x03429ab3) x21 0x0000000000000000
core   0: 0x0000000080005882 (0x5a06fcd3) fsqrt.d fs9, fa3
core   0: 1 0x0000000080005882 (0x5a06fcd3) c1_fflags 0x0000000000000011 f25 0x4043aa7c62233603
core   0: 0x0000000080005886 (0x01cc1d33) sll     s10, s8, t3
core   0: 1 0x0000000080005886 (0x01cc1d33) x26 0x0000080005faa000
core   0: 0x000000008000588a (0xc0387753) fcvt.lu.s a4, fa6
core   0: 1 0x000000008000588a (0xc0387753) c1_fflags 0x0000000000000011 x14 0xffffffffffffffff
core   0: 0x000000008000588e (0xfff30193) addi    gp, t1, -1
core   0: 1 0x000000008000588e (0xfff30193) x3  0xffffffffffefffff
core   0: 0x0000000080005892 (0x8a4cf9cf) fnmadd.d fs3, fs9, ft4, fa7
core   0: 1 0x0000000080005892 (0x8a4cf9cf) f19 0x7ff8000000000000
core   0: 0x0000000080005896 (0x03337653) fadd.d  fa2, ft6, fs3
core   0: 1 0x0000000080005896 (0x03337653) f12 0x7ff8000000000000
core   0: 0x000000008000589a (0x4158d89b) sraiw   a7, a7, 21
core   0: 1 0x000000008000589a (0x4158d89b) x17 0x0000000000000020
core   0: 0x000000008000589e (0xc0237ed3) fcvt.l.s t4, ft6
core   0: 1 0x000000008000589e (0xc0237ed3) c1_fflags 0x0000000000000011 x29 0x7fffffffffffffff
core   0: 0x00000000800058a2 (0xd230fe53) fcvt.d.lu ft8, ra
core   0: 1 0x00000000800058a2 (0xd230fe53) f28 0x41e0000802800000
core   0: 0x00000000800058a6 (0x4015521b) sraiw   tp, a0, 1
core   0: 1 0x00000000800058a6 (0x4015521b) x4  0xffffffffd797f87d
core   0: 0x00000000800058aa (0x01086833) or      a6, a6, a6
core   0: 1 0x00000000800058aa (0x01086833) x16 0x0000000000000000
core   0: 0x00000000800058ae (0x1ba17153) fdiv.d  ft2, ft2, fs10
core   0: 1 0x00000000800058ae (0x1ba17153) f2  0x7ff8000000000000
core   0: 0x00000000800058b2 (0x0ad07453) fsub.d  fs0, ft0, fa3
core   0: 1 0x00000000800058b2 (0x0ad07453) f8  0x7ff8000000000000
core   0: 0x00000000800058b6 (0x01ce1e3b) sllw    t3, t3, t3
core   0: 1 0x00000000800058b6 (0x01ce1e3b) x28 0x000000000060c000
core   0: 0x00000000800058ba (0x0ff0000f) fence   iorw,iorw
core   0: 1 0x00000000800058ba (0x0ff0000f)
core   0: 0x00000000800058be (0x40be0a33) sub     s4, t3, a1
core   0: 1 0x00000000800058be (0x40be0a33) x20 0x000000000060a801
core   0: 0x00000000800058c2 (0x00637333) and     t1, t1, t1
core   0: 1 0x00000000800058c2 (0x00637333) x6  0xfffffffffff00000
core   0: 0x00000000800058c6 (0x01484ab3) xor     s5, a6, s4
core   0: 1 0x00000000800058c6 (0x01484ab3) x21 0x000000000060a801
core   0: 0x00000000800058ca (0x406a02b3) sub     t0, s4, t1
core   0: 1 0x00000000800058ca (0x406a02b3) x5  0x000000000070a801
core   0: 0x00000000800058ce (0x2b7c9bd3) fmax.d  fs7, fs9, fs7
core   0: 1 0x00000000800058ce (0x2b7c9bd3) f23 0x4043aa7c62233603
core   0: 0x00000000800058d2 (0x03bdc233) div     tp, s11, s11
core   0: 1 0x00000000800058d2 (0x03bdc233) x4  0x0000000000000001
core   0: 0x00000000800058d6 (0xfffbfb93) andi    s7, s7, -1
core   0: 1 0x00000000800058d6 (0xfffbfb93) x23 0x7fffffffffffffff
core   0: 0x00000000800058da (0xc02df453) fcvt.l.s s0, fs11
core   0: 1 0x00000000800058da (0xc02df453) c1_fflags 0x0000000000000011 x8  0x7fffffffffffffff
core   0: 0x00000000800058de (0x40147853) fcvt.s.d fa6, fs0
core   0: 1 0x00000000800058de (0x40147853) f16 0xffffffff7fc00000
core   0: 0x00000000800058e2 (0x00364d33) xor     s10, a2, gp
core   0: 1 0x00000000800058e2 (0x00364d33) x26 0xffffffffffefffef
core   0: 0x00000000800058e6 (0xa36e0dd3) fle.d   s11, ft8, fs6
core   0: 1 0x00000000800058e6 (0xa36e0dd3) x27 0x0000000000000000
core   0: 0x00000000800058ea (0x014e58bb) srlw    a7, t3, s4
core   0: 1 0x00000000800058ea (0x014e58bb) x17 0x0000000000306000
core   0: 0x00000000800058ee (0x8aba7847) fmsub.d fa6, fs4, fa1, fa7
core   0: 1 0x00000000800058ee (0x8aba7847) f16 0x7ff8000000000000
core   0: 0x00000000800058f2 (0xc02ef353) fcvt.l.s t1, ft9
core   0: 1 0x00000000800058f2 (0xc02ef353) c1_fflags 0x0000000000000011 x6  0x7fffffffffffffff
core   0: 0x00000000800058f6 (0x01f5d01b) srliw   zero, a1, 31
core   0: 1 0x00000000800058f6 (0x01f5d01b)
core   0: 0x00000000800058fa (0xe2090453) fmv.x.d s0, fs2
core   0: 1 0x00000000800058fa (0xe2090453) x8  0x7ff8000000000000
core   0: 0x00000000800058fe (0xc0005473) csrrwi  s0, cycle, 0
core   0: exception trap_illegal_instruction, epc 0x00000000800058fe
core   0:           tval 0x00000000c0005473
core   0: >>>>  $xrv64i2p1_m2p0_a2p1_f2p2_d2p2_zicsr2p0_zifencei2p0_zmmul1p0_zba1p0_zbb1p0_zbc1p0_zbs1p0
core   0: 0x0000000080004000 (0x0080006f) j       pc + 0x8
core   0: 3 0x0000000080004000 (0x0080006f)
core   0: >>>>  mmode_exception_handler
core   0: 0x0000000080004008 (0x00002c17) auipc   s8, 0x2
core   0: 3 0x0000000080004008 (0x00002c17) x24 0x0000000080006008
core   0: 0x000000008000400c (0xfa2c0c13) addi    s8, s8, -94
core   0: 3 0x000000008000400c (0xfa2c0c13) x24 0x0000000080005faa
core   0: 0x0000000080004010 (0x000c00e7) jalr    s8
core   0: 3 0x0000000080004010 (0x000c00e7) x1  0x0000000080004014
core   0: >>>>  any_handler
core   0: 0x0000000080005faa (0x341027f3) csrrs   a5, mepc, zero
core   0: 3 0x0000000080005faa (0x341027f3) x15 0x00000000800058fe
core   0: 0x0000000080005fae (0x34202773) csrrs   a4, mcause, zero
core   0: 3 0x0000000080005fae (0x34202773) x14 0x0000000000000002
core   0: 0x0000000080005fb2 (0x142026f3) csrrs   a3, scause, zero
core   0: 3 0x0000000080005fb2 (0x142026f3) x13 0x0000000000000000
core   0: 0x0000000080005fb6 (0x30402673) csrrs   a2, mie, zero
core   0: 3 0x0000000080005fb6 (0x30402673) x12 0x0000000000000a00
core   0: 0x0000000080005fba (0x344025f3) csrrs   a1, mip, zero
core   0: 3 0x0000000080005fba (0x344025f3) x11 0x0000000000000080
core   0: 0x0000000080005fbe (0x343025f3) csrrs   a1, mtval, zero
core   0: 3 0x0000000080005fbe (0x343025f3) x11 0x00000000c0005473
core   0: 0x0000000080005fc2 (0x14302573) csrrs   a0, stval, zero
core   0: 3 0x0000000080005fc2 (0x14302573) x10 0x000000000000000d
core   0: 0x0000000080005fc6 (0xb02024f3) csrrs   s1, minstret, zero
core   0: 3 0x0000000080005fc6 (0xb02024f3) x9  0x00000000000010b7
core   0: 0x0000000080005fca (0x0000a811) c.j     pc + 20
core   0: 3 0x0000000080005fca (0xa811)
core   0: >>>>  mepc_4
core   0: 0x0000000080005fde (0x00000791) c.addi  a5, 4
core   0: 3 0x0000000080005fde (0x0791) x15 0x0000000080005902
core   0: 0x0000000080005fe0 (0x34179073) csrrw   zero, mepc, a5
core   0: 3 0x0000000080005fe0 (0x34179073) c833_mepc 0x0000000080005902
core   0: 0x0000000080005fe4 (0x30200073) mret
core   0: 3 0x0000000080005fe4 (0x30200073) c768_mstatus 0x8000000a001c61a2
core   0: 0x0000000080005902 (0xc2197a53) fcvt.wu.d s4, fs2
core   0: 1 0x0000000080005902 (0xc2197a53) c1_fflags 0x0000000000000011 x20 0xffffffffffffffff
core   0: 0x0000000080005906 (0xc23877d3) fcvt.lu.d a5, fa6
core   0: 1 0x0000000080005906 (0xc23877d3) c1_fflags 0x0000000000000011 x15 0xffffffffffffffff
core   0: 0x000000008000590a (0x006d9333) sll     t1, s11, t1
core   0: 1 0x000000008000590a (0x006d9333) x6  0x0000000000000000
core   0: 0x000000008000590e (0x02fddeb3) divu    t4, s11, a5
core   0: 1 0x000000008000590e (0x02fddeb3) x29 0x0000000000000000
core   0: 0x0000000080005912 (0x007462b3) or      t0, s0, t2
core   0: 1 0x0000000080005912 (0x007462b3) x5  0xffffffffd0d04f19
core   0: 0x0000000080005916 (0x0190153b) sllw    a0, zero, s9
core   0: 1 0x0000000080005916 (0x0190153b) x10 0x0000000000000000
core   0: 0x000000008000591a (0x4098873b) subw    a4, a7, s1
core   0: 1 0x000000008000591a (0x4098873b) x14 0x0000000000304f49
core   0: 0x000000008000591e (0x3ec24513) xori    a0, tp, 1004
core   0: 1 0x000000008000591e (0x3ec24513) x10 0x00000000000003ed
core   0: 0x0000000080005922 (0x41d5053b) subw    a0, a0, t4
core   0: 1 0x0000000080005922 (0x41d5053b) x10 0x00000000000003ed
core   0: 0x0000000080005926 (0x4018da1b) sraiw   s4, a7, 1
core   0: 1 0x0000000080005926 (0x4018da1b) x20 0x0000000000183000
core   0: 0x000000008000592a (0xda02f047) fmsub.d ft0, ft5, ft0, fs11
core   0: 1 0x000000008000592a (0xda02f047) f0  0x7ff8000000000000
core   0: 0x000000008000592e (0x014585bb) addw    a1, a1, s4
core   0: 1 0x000000008000592e (0x014585bb) x11 0xffffffffc0188473
core   0: 0x0000000080005932 (0x02f7f5c7) fmsub.d fa1, fa5, fa5, ft0
core   0: 1 0x0000000080005932 (0x02f7f5c7) f11 0x7ff8000000000000
core   0: 0x0000000080005936 (0x5a0e78c3) fmadd.d fa7, ft8, ft0, fa1
core   0: 1 0x0000000080005936 (0x5a0e78c3) f17 0x7ff8000000000000
core   0: 0x000000008000593a (0xc238f8d3) fcvt.lu.d a7, fa7
core   0: 1 0x000000008000593a (0xc238f8d3) c1_fflags 0x0000000000000011 x17 0xffffffffffffffff
core   0: 0x000000008000593e (0x416456b3) sra     a3, s0, s6
core   0: 1 0x000000008000593e (0x416456b3) x13 0x7ff8000000000000
core   0: 0x0000000080005942 (0xc803bc73) csrrc   s8, cycleh, t2
core   0: exception trap_illegal_instruction, epc 0x0000000080005942
core   0:           tval 0x00000000c803bc73
core   0: >>>>  $xrv64i2p1_m2p0_a2p1_f2p2_d2p2_zicsr2p0_zifencei2p0_zmmul1p0_zba1p0_zbb1p0_zbc1p0_zbs1p0
core   0: 0x0000000080004000 (0x0080006f) j       pc + 0x8
core   0: 3 0x0000000080004000 (0x0080006f)
core   0: >>>>  mmode_exception_handler
core   0: 0x0000000080004008 (0x00002c17) auipc   s8, 0x2
core   0: 3 0x0000000080004008 (0x00002c17) x24 0x0000000080006008
core   0: 0x000000008000400c (0xfa2c0c13) addi    s8, s8, -94
core   0: 3 0x000000008000400c (0xfa2c0c13) x24 0x0000000080005faa
core   0: 0x0000000080004010 (0x000c00e7) jalr    s8
core   0: 3 0x0000000080004010 (0x000c00e7) x1  0x0000000080004014
core   0: >>>>  any_handler
core   0: 0x0000000080005faa (0x341027f3) csrrs   a5, mepc, zero
core   0: 3 0x0000000080005faa (0x341027f3) x15 0x0000000080005942
core   0: 0x0000000080005fae (0x34202773) csrrs   a4, mcause, zero
core   0: 3 0x0000000080005fae (0x34202773) x14 0x0000000000000002
core   0: 0x0000000080005fb2 (0x142026f3) csrrs   a3, scause, zero
core   0: 3 0x0000000080005fb2 (0x142026f3) x13 0x0000000000000000
core   0: 0x0000000080005fb6 (0x30402673) csrrs   a2, mie, zero
core   0: 3 0x0000000080005fb6 (0x30402673) x12 0x0000000000000a00
core   0: 0x0000000080005fba (0x344025f3) csrrs   a1, mip, zero
core   0: 3 0x0000000080005fba (0x344025f3) x11 0x0000000000000080
core   0: 0x0000000080005fbe (0x343025f3) csrrs   a1, mtval, zero
core   0: 3 0x0000000080005fbe (0x343025f3) x11 0x00000000c803bc73
core   0: 0x0000000080005fc2 (0x14302573) csrrs   a0, stval, zero
core   0: 3 0x0000000080005fc2 (0x14302573) x10 0x000000000000000d
core   0: 0x0000000080005fc6 (0xb02024f3) csrrs   s1, minstret, zero
core   0: 3 0x0000000080005fc6 (0xb02024f3) x9  0x00000000000010d7
core   0: 0x0000000080005fca (0x0000a811) c.j     pc + 20
core   0: 3 0x0000000080005fca (0xa811)
core   0: >>>>  mepc_4
core   0: 0x0000000080005fde (0x00000791) c.addi  a5, 4
core   0: 3 0x0000000080005fde (0x0791) x15 0x0000000080005946
core   0: 0x0000000080005fe0 (0x34179073) csrrw   zero, mepc, a5
core   0: 3 0x0000000080005fe0 (0x34179073) c833_mepc 0x0000000080005946
core   0: 0x0000000080005fe4 (0x30200073) mret
core   0: 3 0x0000000080005fe4 (0x30200073) c768_mstatus 0x8000000a001c61a2
core   0: 0x0000000080005946 (0x00d69ab3) sll     s5, a3, a3
core   0: 1 0x0000000080005946 (0x00d69ab3) x21 0x0000000000000000
core   0: 0x000000008000594a (0x006bf533) and     a0, s7, t1
core   0: 1 0x000000008000594a (0x006bf533) x10 0x0000000000000000
core   0: 0x000000008000594e (0x2b589a53) fmax.d  fs4, fa7, fs5
core   0: 1 0x000000008000594e (0x2b589a53) f20 0x7ff8000000000000
core   0: 0x0000000080005952 (0xd21909d3) fcvt.d.wu fs3, s2
core   0: 1 0x0000000080005952 (0xd21909d3) f19 0x0000000000000000
core   0: 0x0000000080005956 (0x0012139b) slliw   t2, tp, 1
core   0: 1 0x0000000080005956 (0x0012139b) x7  0x0000000000000002
core   0: 0x000000008000595a (0xc8ad7293) andi    t0, s10, -886
core   0: 1 0x000000008000595a (0xc8ad7293) x5  0xffffffffffeffc8a
core   0: 0x000000008000595e (0x0190993b) sllw    s2, ra, s9
core   0: 1 0x000000008000595e (0x0190993b) x18 0x0000000000000000
core   0: 0x0000000080005962 (0x026aed33) rem     s10, s5, t1
core   0: 1 0x0000000080005962 (0x026aed33) x26 0x0000000000000000
core   0: 0x0000000080005966 (0x43bcd893) srai    a7, s9, 59
core   0: 1 0x0000000080005966 (0x43bcd893) x17 0xffffffffffffffff
core   0: 0x000000008000596a (0x41f7571b) sraiw   a4, a4, 31
core   0: 1 0x000000008000596a (0x41f7571b) x14 0x0000000000000000
core   0: 0x000000008000596e (0xeb138713) addi    a4, t2, -335
core   0: 1 0x000000008000596e (0xeb138713) x14 0xfffffffffffffeb3
core   0: 0x0000000080005972 (0xbe920113) addi    sp, tp, -1047
core   0: 1 0x0000000080005972 (0xbe920113) x2  0xfffffffffffffbea
core   0: 0x0000000080005976 (0x00b5ad33) slt     s10, a1, a1
core   0: 1 0x0000000080005976 (0x00b5ad33) x26 0x0000000000000000
core   0: 0x000000008000597a (0x23479853) fsgnjn.d fa6, fa5, fs4
core   0: 1 0x000000008000597a (0x23479853) f16 0xfff8000000000000
core   0: 0x000000008000597e (0x43f15113) srai    sp, sp, 63
core   0: 1 0x000000008000597e (0x43f15113) x2  0xffffffffffffffff
core   0: 0x0000000080005982 (0xc239f6d3) fcvt.lu.d a3, fs3
core   0: 1 0x0000000080005982 (0xc239f6d3) x13 0x0000000000000000
core   0: 0x0000000080005986 (0x41435e33) sra     t3, t1, s4
core   0: 1 0x0000000080005986 (0x41435e33) x28 0x0000000000000000
core   0: 0x000000008000598a (0x02ca5633) divu    a2, s4, a2
core   0: 1 0x000000008000598a (0x02ca5633) x12 0x000000000000026b
core   0: 0x000000008000598e (0x3b15f813) andi    a6, a1, 945
core   0: 1 0x000000008000598e (0x3b15f813) x16 0x0000000000000031
core   0: 0x0000000080005992 (0x02e05ebb) divuw   t4, zero, a4
core   0: 1 0x0000000080005992 (0x02e05ebb) x29 0x0000000000000000
core   0: 0x0000000080005996 (0xf2040353) fmv.d.x ft6, s0
core   0: 1 0x0000000080005996 (0xf2040353) f6  0x7ff8000000000000
core   0: 0x000000008000599a (0x4146d6bb) sraw    a3, a3, s4
core   0: 1 0x000000008000599a (0x4146d6bb) x13 0x0000000000000000
core   0: 0x000000008000599e (0xe5b79b17) auipc   s6, 0xe5b79
core   0: 1 0x000000008000599e (0xe5b79b17) x22 0x0000000065b7e99e
core   0: 0x00000000800059a2 (0xd0377bd3) fcvt.s.lu fs7, a4
core   0: 1 0x00000000800059a2 (0xd0377bd3) c1_fflags 0x0000000000000011 f23 0xffffffff5f7fffff
core   0: 0x00000000800059a6 (0x5a0876d3) fsqrt.d fa3, fa6
core   0: 1 0x00000000800059a6 (0x5a0876d3) f13 0x7ff8000000000000
core   0: 0x00000000800059aa (0x0ff0000f) fence   iorw,iorw
core   0: 1 0x00000000800059aa (0x0ff0000f)
core   0: 0x00000000800059ae (0x00176413) ori     s0, a4, 1
core   0: 1 0x00000000800059ae (0x00176413) x8  0xfffffffffffffeb3
core   0: 0x00000000800059b2 (0x03a2c4b3) div     s1, t0, s10
core   0: 1 0x00000000800059b2 (0x03a2c4b3) x9  0xffffffffffffffff
core   0: 0x00000000800059b6 (0x00b7863b) addw    a2, a5, a1
core   0: 1 0x00000000800059b6 (0x00b7863b) x12 0x00000000480415b9
core   0: 0x00000000800059ba (0x00000001) c.nop
core   0: 1 0x00000000800059ba (0x0001)
core   0: 0x00000000800059bc (0x01fb979b) slliw   a5, s7, 31
core   0: 1 0x00000000800059bc (0x01fb979b) x15 0xffffffff80000000
core   0: 0x00000000800059c0 (0x00002285) c.addiw t0, 1
core   0: 1 0x00000000800059c0 (0x2285) x5  0xffffffffffeffc8b
core   0: 0x00000000800059c2 (0x4057d233) sra     tp, a5, t0
core   0: 1 0x00000000800059c2 (0x4057d233) x4  0xfffffffffff00000
core   0: 0x00000000800059c6 (0x1312f3d3) fmul.d  ft7, ft5, fa7
core   0: 1 0x00000000800059c6 (0x1312f3d3) f7  0x7ff8000000000000
core   0: 0x00000000800059ca (0x01aa96b3) sll     a3, s5, s10
core   0: 1 0x00000000800059ca (0x01aa96b3) x13 0x0000000000000000
core   0: 0x00000000800059ce (0xa3e67843) fmadd.d fa6, fa2, ft10, fs4
core   0: 1 0x00000000800059ce (0xa3e67843) f16 0x7ff8000000000000
core   0: 0x00000000800059d2 (0x0236c6b3) div     a3, a3, gp
core   0: 1 0x00000000800059d2 (0x0236c6b3) x13 0x0000000000000000
core   0: 0x00000000800059d6 (0xe2080853) fmv.x.d a6, fa6
core   0: 1 0x00000000800059d6 (0xe2080853) x16 0x7ff8000000000000
core   0: 0x00000000800059da (0x4006db1b) sraiw   s6, a3, 0
core   0: 1 0x00000000800059da (0x4006db1b) x22 0x0000000000000000
core   0: 0x00000000800059de (0x032df353) fadd.d  ft6, fs11, fs2
core   0: 1 0x00000000800059de (0x032df353) f6  0x7ff8000000000000
core   0: 0x00000000800059e2 (0xd21d8d53) fcvt.d.wu fs10, s11
core   0: 1 0x00000000800059e2 (0xd21d8d53) f26 0x0000000000000000
core   0: 0x00000000800059e6 (0x001b1773) csrrw   a4, fflags, s6
core   0: 1 0x00000000800059e6 (0x001b1773) x14 0x0000000000000011 c1_fflags 0x0000000000000000
core   0: 0x00000000800059ea (0x41c46613) ori     a2, s0, 1052
core   0: 1 0x00000000800059ea (0x41c46613) x12 0xfffffffffffffebf
core   0: 0x00000000800059ee (0xc0091573) csrrw   a0, cycle, s2
core   0: exception trap_illegal_instruction, epc 0x00000000800059ee
core   0:           tval 0x00000000c0091573
core   0: >>>>  $xrv64i2p1_m2p0_a2p1_f2p2_d2p2_zicsr2p0_zifencei2p0_zmmul1p0_zba1p0_zbb1p0_zbc1p0_zbs1p0
core   0: 0x0000000080004000 (0x0080006f) j       pc + 0x8
core   0: 3 0x0000000080004000 (0x0080006f)
core   0: >>>>  mmode_exception_handler
core   0: 0x0000000080004008 (0x00002c17) auipc   s8, 0x2
core   0: 3 0x0000000080004008 (0x00002c17) x24 0x0000000080006008
core   0: 0x000000008000400c (0xfa2c0c13) addi    s8, s8, -94
core   0: 3 0x000000008000400c (0xfa2c0c13) x24 0x0000000080005faa
core   0: 0x0000000080004010 (0x000c00e7) jalr    s8
core   0: 3 0x0000000080004010 (0x000c00e7) x1  0x0000000080004014
core   0: >>>>  any_handler
core   0: 0x0000000080005faa (0x341027f3) csrrs   a5, mepc, zero
core   0: 3 0x0000000080005faa (0x341027f3) x15 0x00000000800059ee
core   0: 0x0000000080005fae (0x34202773) csrrs   a4, mcause, zero
core   0: 3 0x0000000080005fae (0x34202773) x14 0x0000000000000002
core   0: 0x0000000080005fb2 (0x142026f3) csrrs   a3, scause, zero
core   0: 3 0x0000000080005fb2 (0x142026f3) x13 0x0000000000000000
core   0: 0x0000000080005fb6 (0x30402673) csrrs   a2, mie, zero
core   0: 3 0x0000000080005fb6 (0x30402673) x12 0x0000000000000a00
core   0: 0x0000000080005fba (0x344025f3) csrrs   a1, mip, zero
core   0: 3 0x0000000080005fba (0x344025f3) x11 0x0000000000000080
core   0: 0x0000000080005fbe (0x343025f3) csrrs   a1, mtval, zero
core   0: 3 0x0000000080005fbe (0x343025f3) x11 0x00000000c0091573
core   0: 0x0000000080005fc2 (0x14302573) csrrs   a0, stval, zero
core   0: 3 0x0000000080005fc2 (0x14302573) x10 0x000000000000000d
core   0: 0x0000000080005fc6 (0xb02024f3) csrrs   s1, minstret, zero
core   0: 3 0x0000000080005fc6 (0xb02024f3) x9  0x0000000000001112
core   0: 0x0000000080005fca (0x0000a811) c.j     pc + 20
core   0: 3 0x0000000080005fca (0xa811)
core   0: >>>>  mepc_4
core   0: 0x0000000080005fde (0x00000791) c.addi  a5, 4
core   0: 3 0x0000000080005fde (0x0791) x15 0x00000000800059f2
core   0: 0x0000000080005fe0 (0x34179073) csrrw   zero, mepc, a5
core   0: 3 0x0000000080005fe0 (0x34179073) c833_mepc 0x00000000800059f2
core   0: 0x0000000080005fe4 (0x30200073) mret
core   0: 3 0x0000000080005fe4 (0x30200073) c768_mstatus 0x8000000a001c61a2
core   0: 0x00000000800059f2 (0x02a956b3) divu    a3, s2, a0
core   0: 1 0x00000000800059f2 (0x02a956b3) x13 0x0000000000000000
core   0: 0x00000000800059f6 (0x4014d49b) sraiw   s1, s1, 1
core   0: 1 0x00000000800059f6 (0x4014d49b) x9  0x0000000000000889
core   0: 0x00000000800059fa (0x41b45433) sra     s0, s0, s11
core   0: 1 0x00000000800059fa (0x41b45433) x8  0xfffffffffffffeb3
core   0: 0x00000000800059fe (0x1c8aca93) xori    s5, s5, 456
core   0: 1 0x00000000800059fe (0x1c8aca93) x21 0x00000000000001c8
core   0: 0x0000000080005a02 (0x0326593b) divuw   s2, a2, s2
core   0: 1 0x0000000080005a02 (0x0326593b) x18 0xffffffffffffffff
core   0: 0x0000000080005a06 (0x038a3ab3) mulhu   s5, s4, s8
core   0: 1 0x0000000080005a06 (0x038a3ab3) x21 0x0000000000000000
core   0: 0x0000000080005a0a (0x420e0e53) fcvt.d.s ft8, ft8
core   0: 1 0x0000000080005a0a (0x420e0e53) f28 0x7ff8000000000000
core   0: 0x0000000080005a0e (0x0054e7b3) or      a5, s1, t0
core   0: 1 0x0000000080005a0e (0x0054e7b3) x15 0xffffffffffeffc8b
core   0: 0x0000000080005a12 (0xf20289d3) fmv.d.x fs3, t0
core   0: 1 0x0000000080005a12 (0xf20289d3) f19 0xffffffffffeffc8b
core   0: 0x0000000080005a16 (0x0087d09b) srliw   ra, a5, 8
core   0: 1 0x0000000080005a16 (0x0087d09b) x1  0x0000000000ffeffc
core   0: 0x0000000080005a1a (0x9c1b76b7) lui     a3, 0x9c1b7
core   0: 1 0x0000000080005a1a (0x9c1b76b7) x13 0xffffffff9c1b7000
core   0: 0x0000000080005a1e (0x0115a8b3) slt     a7, a1, a7
core   0: 1 0x0000000080005a1e (0x0115a8b3) x17 0x0000000000000000
core   0: 0x0000000080005a22 (0x03899c33) mulh    s8, s3, s8
core   0: 1 0x0000000080005a22 (0x03899c33) x24 0xffffffffffffffff
core   0: 0x0000000080005a26 (0x00089b13) slli    s6, a7, 0
core   0: 1 0x0000000080005a26 (0x00089b13) x22 0x0000000000000000
core   0: 0x0000000080005a2a (0x0315e4bb) remw    s1, a1, a7
core   0: 1 0x0000000080005a2a (0x0315e4bb) x9  0xffffffffc0091573
core   0: 0x0000000080005a2e (0x02b4a4b3) mulhsu  s1, s1, a1
core   0: 1 0x0000000080005a2e (0x02b4a4b3) x9  0xffffffffffffffff
core   0: 0x0000000080005a32 (0x5cf48e13) addi    t3, s1, 1487
core   0: 1 0x0000000080005a32 (0x5cf48e13) x28 0x00000000000005ce
core   0: 0x0000000080005a36 (0x00cadd33) srl     s10, s5, a2
core   0: 1 0x0000000080005a36 (0x00cadd33) x26 0x0000000000000000
core   0: 0x0000000080005a3a (0x6e2ae113) ori     sp, s5, 1762
core   0: 1 0x0000000080005a3a (0x6e2ae113) x2  0x00000000000006e2
core   0: 0x0000000080005a3e (0x420c05d3) fcvt.d.s fa1, fs8
core   0: 1 0x0000000080005a3e (0x420c05d3) f11 0x7ff8000000000000
core   0: 0x0000000080005a42 (0xd23072d3) fcvt.d.lu ft5, zero
core   0: 1 0x0000000080005a42 (0xd23072d3) f5  0x0000000000000000
core   0: 0x0000000080005a46 (0x41f0569b) sraiw   a3, zero, 31
core   0: 1 0x0000000080005a46 (0x41f0569b) x13 0x0000000000000000
core   0: 0x0000000080005a4a (0x020ed63b) divuw   a2, t4, zero
core   0: 1 0x0000000080005a4a (0x020ed63b) x12 0xffffffffffffffff
core   0: 0x0000000080005a4e (0x039a0a3b) mulw    s4, s4, s9
core   0: 1 0x0000000080005a4e (0x039a0a3b) x20 0xffffffffffe7d000
core   0: 0x0000000080005a52 (0x0031adb3) slt     s11, gp, gp
core   0: 1 0x0000000080005a52 (0x0031adb3) x27 0x0000000000000000
core   0: 0x0000000080005a56 (0x4015f8d3) fcvt.s.d fa7, fa1
core   0: 1 0x0000000080005a56 (0x4015f8d3) f17 0xffffffff7fc00000
core   0: 0x0000000080005a5a (0xc032f753) fcvt.lu.s a4, ft5
core   0: 1 0x0000000080005a5a (0xc032f753) c1_fflags 0x0000000000000010 x14 0xffffffffffffffff
core   0: 0x0000000080005a5e (0x015a93b3) sll     t2, s5, s5
core   0: 1 0x0000000080005a5e (0x015a93b3) x7  0x0000000000000000
core   0: 0x0000000080005a62 (0x0067999b) slliw   s3, a5, 6
core   0: 1 0x0000000080005a62 (0x0067999b) x19 0xfffffffffbff22c0
core   0: 0x0000000080005a66 (0x03960ebb) mulw    t4, a2, s9
core   0: 1 0x0000000080005a66 (0x03960ebb) x29 0x0000000000000001
core   0: 0x0000000080005a6a (0xd4556c13) ori     s8, a0, -699
core   0: 1 0x0000000080005a6a (0xd4556c13) x24 0xfffffffffffffd4d
core   0: 0x0000000080005a6e (0x129e7e93) andi    t4, t3, 297
core   0: 1 0x0000000080005a6e (0x129e7e93) x29 0x0000000000000108
core   0: 0x0000000080005a72 (0x229501d3) fsgnj.d ft3, fa0, fs1
core   0: 1 0x0000000080005a72 (0x229501d3) f3  0xfff8000000000000
core   0: 0x0000000080005a76 (0x45fa8e9b) addiw   t4, s5, 1119
core   0: 1 0x0000000080005a76 (0x45fa8e9b) x29 0x000000000000045f
core   0: 0x0000000080005a7a (0x0111a533) slt     a0, gp, a7
core   0: 1 0x0000000080005a7a (0x0111a533) x10 0x0000000000000001
core   0: 0x0000000080005a7e (0x029c35b3) mulhu   a1, s8, s1
core   0: 1 0x0000000080005a7e (0x029c35b3) x11 0xfffffffffffffd4c
core   0: 0x0000000080005a82 (0x00156893) ori     a7, a0, 1
core   0: 1 0x0000000080005a82 (0x00156893) x17 0x0000000000000001
core   0: 0x0000000080005a86 (0x0ded069b) addiw   a3, s10, 222
core   0: 1 0x0000000080005a86 (0x0ded069b) x13 0x00000000000000de
core   0: 0x0000000080005a8a (0x01de9033) sll     zero, t4, t4
core   0: 1 0x0000000080005a8a (0x01de9033)
core   0: 0x0000000080005a8e (0x62567a4b) fnmsub.d fs4, fa2, ft5, fa2
core   0: 1 0x0000000080005a8e (0x62567a4b) f20 0x7ff8000000000000
core   0: 0x0000000080005a92 (0x03b2733b) remuw   t1, tp, s11
core   0: 1 0x0000000080005a92 (0x03b2733b) x6  0xfffffffffff00000
core   0: 0x0000000080005a96 (0x016218bb) sllw    a7, tp, s6
core   0: 1 0x0000000080005a96 (0x016218bb) x17 0xfffffffffff00000
core   0: 0x0000000080005a9a (0x037bf433) remu    s0, s7, s7
core   0: 1 0x0000000080005a9a (0x037bf433) x8  0x0000000000000000
core   0: 0x0000000080005a9e (0x00000001) c.nop
core   0: 1 0x0000000080005a9e (0x0001)
core   0: 0x0000000080005aa0 (0x0350d5bb) divuw   a1, ra, s5
core   0: 1 0x0000000080005aa0 (0x0350d5bb) x11 0xffffffffffffffff
core   0: 0x0000000080005aa4 (0xc037f953) fcvt.lu.s s2, fa5
core   0: 1 0x0000000080005aa4 (0xc037f953) c1_fflags 0x0000000000000010 x18 0xffffffffffffffff
core   0: 0x0000000080005aa8 (0x2b5c0653) fmin.d  fa2, fs8, fs5
core   0: 1 0x0000000080005aa8 (0x2b5c0653) f12 0x7ff8000000000000
core   0: 0x0000000080005aac (0x2a5601d3) fmin.d  ft3, fa2, ft5
core   0: 1 0x0000000080005aac (0x2a5601d3) f3  0x0000000000000000
core   0: 0x0000000080005ab0 (0x03a1023b) mulw    tp, sp, s10
core   0: 1 0x0000000080005ab0 (0x03a1023b) x4  0x0000000000000000
core   0: 0x0000000080005ab4 (0x5a0773d3) fsqrt.d ft7, fa4
core   0: 1 0x0000000080005ab4 (0x5a0773d3) f7  0x7ff8000000000000
core   0: 0x0000000080005ab8 (0x00e8f3b3) and     t2, a7, a4
core   0: 1 0x0000000080005ab8 (0x00e8f3b3) x7  0xfffffffffff00000
core   0: 0x0000000080005abc (0x027c24b7) lui     s1, 0x27c2
core   0: 1 0x0000000080005abc (0x027c24b7) x9  0x00000000027c2000
core   0: 0x0000000080005ac0 (0x1ef4849b) addiw   s1, s1, 495
core   0: 1 0x0000000080005ac0 (0x1ef4849b) x9  0x00000000027c21ef
core   0: 0x0000000080005ac4 (0x000004b6) c.slli  s1, 13
core   0: 1 0x0000000080005ac4 (0x04b6) x9  0x0000004f843de000
core   0: 0x0000000080005ac6 (0x1aa48493) addi    s1, s1, 426
core   0: 1 0x0000000080005ac6 (0x1aa48493) x9  0x0000004f843de1aa
core   0: 0x0000000080005aca (0x00249273) csrrw   tp, frm, s1
core   0: 1 0x0000000080005aca (0x00249273) x4  0x0000000000000002 c2_frm 0x0000000000000002
core   0: 0x0000000080005ace (0xd03b75d3) fcvt.s.lu fa1, s6
core   0: 1 0x0000000080005ace (0xd03b75d3) f11 0xffffffff00000000
core   0: 0x0000000080005ad2 (0xc02471d3) fcvt.l.s gp, fs0
core   0: 1 0x0000000080005ad2 (0xc02471d3) c1_fflags 0x0000000000000010 x3  0x7fffffffffffffff
core   0: 0x0000000080005ad6 (0xd2050b53) fcvt.d.w fs6, a0
core   0: 1 0x0000000080005ad6 (0xd2050b53) f22 0x3ff0000000000000
core   0: 0x0000000080005ada (0x00157733) and     a4, a0, ra
core   0: 1 0x0000000080005ada (0x00157733) x14 0x0000000000000000
core   0: 0x0000000080005ade (0xd2008f53) fcvt.d.w ft10, ra
core   0: 1 0x0000000080005ade (0xd2008f53) f30 0x416ffdff80000000
core   0: 0x0000000080005ae2 (0xbfa919b7) lui     s3, 0xbfa91
core   0: 1 0x0000000080005ae2 (0xbfa919b7) x19 0xffffffffbfa91000
core   0: 0x0000000080005ae6 (0x00aa6833) or      a6, s4, a0
core   0: 1 0x0000000080005ae6 (0x00aa6833) x16 0xffffffffffe7d001
core   0: 0x0000000080005aea (0x01309ab3) sll     s5, ra, s3
core   0: 1 0x0000000080005aea (0x01309ab3) x21 0x0000000000ffeffc
core   0: 0x0000000080005aee (0x02539733) mulh    a4, t2, t0
core   0: 1 0x0000000080005aee (0x02539733) x14 0x0000000000000000
core   0: 0x0000000080005af2 (0x0170fab7) lui     s5, 0x170f
core   0: 1 0x0000000080005af2 (0x0170fab7) x21 0x000000000170f000
core   0: 0x0000000080005af6 (0xa0ba8a9b) addiw   s5, s5, -1525
core   0: 1 0x0000000080005af6 (0xa0ba8a9b) x21 0x000000000170ea0b
core   0: 0x0000000080005afa (0x00000aba) c.slli  s5, 14
core   0: 1 0x0000000080005afa (0x0aba) x21 0x0000005c3a82c000
core   0: 0x0000000080005afc (0x2bca8a93) addi    s5, s5, 700
core   0: 1 0x0000000080005afc (0x2bca8a93) x21 0x0000005c3a82c2bc
core   0: 0x0000000080005b00 (0x2bd71ed3) fmax.d  ft9, fa4, ft9
core   0: 1 0x0000000080005b00 (0x2bd71ed3) f29 0x7ff8000000000000
core   0: 0x0000000080005b04 (0x020b6bb3) rem     s7, s6, zero
core   0: 1 0x0000000080005b04 (0x020b6bb3) x23 0x0000000000000000
core   0: 0x0000000080005b08 (0x5670ca13) xori    s4, ra, 1383
core   0: 1 0x0000000080005b08 (0x5670ca13) x20 0x0000000000ffea9b
core   0: 0x0000000080005b0c (0x03702233) mulhsu  tp, zero, s7
core   0: 1 0x0000000080005b0c (0x03702233) x4  0x0000000000000000
core   0: 0x0000000080005b10 (0x008573b3) and     t2, a0, s0
core   0: 1 0x0000000080005b10 (0x008573b3) x7  0x0000000000000000
core   0: 0x0000000080005b14 (0x00102873) csrrs   a6, fflags, zero
core   0: 1 0x0000000080005b14 (0x00102873) x16 0x0000000000000010
core   0: 0x0000000080005b18 (0x019292bb) sllw    t0, t0, s9
core   0: 1 0x0000000080005b18 (0x019292bb) x5  0xffffffff80000000
core   0: 0x0000000080005b1c (0xfe2d16b7) lui     a3, 0xfe2d1
core   0: 1 0x0000000080005b1c (0xfe2d16b7) x13 0xfffffffffe2d1000
core   0: 0x0000000080005b20 (0xf8828d93) addi    s11, t0, -120
core   0: 1 0x0000000080005b20 (0xf8828d93) x27 0xffffffff7fffff88
core   0: 0x0000000080005b24 (0xc02579d3) fcvt.l.s s3, fa0
core   0: 1 0x0000000080005b24 (0xc02579d3) c1_fflags 0x0000000000000010 x19 0x7fffffffffffffff
core   0: 0x0000000080005b28 (0x13c0f253) fmul.d  ft4, ft1, ft8
core   0: 1 0x0000000080005b28 (0x13c0f253) f4  0x7ff8000000000000
core   0: 0x0000000080005b2c (0xfff37193) andi    gp, t1, -1
core   0: 1 0x0000000080005b2c (0xfff37193) x3  0xfffffffffff00000
core   0: 0x0000000080005b30 (0x009e24b3) slt     s1, t3, s1
core   0: 1 0x0000000080005b30 (0x009e24b3) x9  0x0000000000000001
core   0: 0x0000000080005b34 (0x03d48533) mul     a0, s1, t4
core   0: 1 0x0000000080005b34 (0x03d48533) x10 0x000000000000045f
core   0: 0x0000000080005b38 (0x00949dbb) sllw    s11, s1, s1
core   0: 1 0x0000000080005b38 (0x00949dbb) x27 0x0000000000000002
core   0: 0x0000000080005b3c (0x0256eebb) remw    t4, a3, t0
core   0: 1 0x0000000080005b3c (0x0256eebb) x29 0xfffffffffe2d1000
core   0: 0x0000000080005b40 (0x00d6843b) addw    s0, a3, a3
core   0: 1 0x0000000080005b40 (0x00d6843b) x8  0xfffffffffc5a2000
core   0: 0x0000000080005b44 (0x0ff0000f) fence   iorw,iorw
core   0: 1 0x0000000080005b44 (0x0ff0000f)
core   0: 0x0000000080005b48 (0x012a2733) slt     a4, s4, s2
core   0: 1 0x0000000080005b48 (0x012a2733) x14 0x0000000000000000
core   0: 0x0000000080005b4c (0x0320f933) remu    s2, ra, s2
core   0: 1 0x0000000080005b4c (0x0320f933) x18 0x0000000000ffeffc
core   0: 0x0000000080005b50 (0x016a94bb) sllw    s1, s5, s6
core   0: 1 0x0000000080005b50 (0x016a94bb) x9  0x000000003a82c2bc
core   0: 0x0000000080005b54 (0x030ef5d3) fadd.d  fa1, ft9, fa6
core   0: 1 0x0000000080005b54 (0x030ef5d3) f11 0x7ff8000000000000
core   0: 0x0000000080005b58 (0x228484d3) fsgnj.d fs1, fs1, fs0
core   0: 1 0x0000000080005b58 (0x228484d3) f9  0x7fffffff3f800000
core   0: 0x0000000080005b5c (0xc0247453) fcvt.l.s s0, fs0
core   0: 1 0x0000000080005b5c (0xc0247453) c1_fflags 0x0000000000000010 x8  0x7fffffffffffffff
core   0: 0x0000000080005b60 (0xbc2e7113) andi    sp, t3, -1086
core   0: 1 0x0000000080005b60 (0xbc2e7113) x2  0x00000000000001c2
core   0: 0x0000000080005b64 (0x00000001) c.nop
core   0: 1 0x0000000080005b64 (0x0001)
core   0: 0x0000000080005b66 (0xd03a7e53) fcvt.s.lu ft8, s4
core   0: 1 0x0000000080005b66 (0xd03a7e53) f28 0xffffffff4b7fea9b
core   0: 0x0000000080005b6a (0x402adabb) sraw    s5, s5, sp
core   0: 1 0x0000000080005b6a (0x402adabb) x21 0x000000000ea0b0af
core   0: 0x0000000080005b6e (0x030840bb) divw    ra, a6, a6
core   0: 1 0x0000000080005b6e (0x030840bb) x1  0x0000000000000001
core   0: 0x0000000080005b72 (0x41890c3b) subw    s8, s2, s8
core   0: 1 0x0000000080005b72 (0x41890c3b) x24 0x0000000000fff2af
core   0: 0x0000000080005b76 (0x01f85a9b) srliw   s5, a6, 31
core   0: 1 0x0000000080005b76 (0x01f85a9b) x21 0x0000000000000000
core   0: 0x0000000080005b7a (0x7ff47713) andi    a4, s0, 2047
core   0: 1 0x0000000080005b7a (0x7ff47713) x14 0x00000000000007ff
core   0: 0x0000000080005b7e (0xd2090ad3) fcvt.d.w fs5, s2
core   0: 1 0x0000000080005b7e (0xd2090ad3) f21 0x416ffdff80000000
core   0: 0x0000000080005b82 (0x3238e1f3) csrrsi  gp, mhpmevent3, 17
core   0: exception trap_illegal_instruction, epc 0x0000000080005b82
core   0:           tval 0x000000003238e1f3
core   0: >>>>  $xrv64i2p1_m2p0_a2p1_f2p2_d2p2_zicsr2p0_zifencei2p0_zmmul1p0_zba1p0_zbb1p0_zbc1p0_zbs1p0
core   0: 0x0000000080004000 (0x0080006f) j       pc + 0x8
core   0: 3 0x0000000080004000 (0x0080006f)
core   0: >>>>  mmode_exception_handler
core   0: 0x0000000080004008 (0x00002c17) auipc   s8, 0x2
core   0: 3 0x0000000080004008 (0x00002c17) x24 0x0000000080006008
core   0: 0x000000008000400c (0xfa2c0c13) addi    s8, s8, -94
core   0: 3 0x000000008000400c (0xfa2c0c13) x24 0x0000000080005faa
core   0: 0x0000000080004010 (0x000c00e7) jalr    s8
core   0: 3 0x0000000080004010 (0x000c00e7) x1  0x0000000080004014
core   0: >>>>  any_handler
core   0: 0x0000000080005faa (0x341027f3) csrrs   a5, mepc, zero
core   0: 3 0x0000000080005faa (0x341027f3) x15 0x0000000080005b82
core   0: 0x0000000080005fae (0x34202773) csrrs   a4, mcause, zero
core   0: 3 0x0000000080005fae (0x34202773) x14 0x0000000000000002
core   0: 0x0000000080005fb2 (0x142026f3) csrrs   a3, scause, zero
core   0: 3 0x0000000080005fb2 (0x142026f3) x13 0x0000000000000000
core   0: 0x0000000080005fb6 (0x30402673) csrrs   a2, mie, zero
core   0: 3 0x0000000080005fb6 (0x30402673) x12 0x0000000000000a00
core   0: 0x0000000080005fba (0x344025f3) csrrs   a1, mip, zero
core   0: 3 0x0000000080005fba (0x344025f3) x11 0x0000000000000080
core   0: 0x0000000080005fbe (0x343025f3) csrrs   a1, mtval, zero
core   0: 3 0x0000000080005fbe (0x343025f3) x11 0x000000003238e1f3
core   0: 0x0000000080005fc2 (0x14302573) csrrs   a0, stval, zero
core   0: 3 0x0000000080005fc2 (0x14302573) x10 0x000000000000000d
core   0: 0x0000000080005fc6 (0xb02024f3) csrrs   s1, minstret, zero
core   0: 3 0x0000000080005fc6 (0xb02024f3) x9  0x0000000000001188
core   0: 0x0000000080005fca (0x0000a811) c.j     pc + 20
core   0: 3 0x0000000080005fca (0xa811)
core   0: >>>>  mepc_4
core   0: 0x0000000080005fde (0x00000791) c.addi  a5, 4
core   0: 3 0x0000000080005fde (0x0791) x15 0x0000000080005b86
core   0: 0x0000000080005fe0 (0x34179073) csrrw   zero, mepc, a5
core   0: 3 0x0000000080005fe0 (0x34179073) c833_mepc 0x0000000080005b86
core   0: 0x0000000080005fe4 (0x30200073) mret
core   0: 3 0x0000000080005fe4 (0x30200073) c768_mstatus 0x8000000a001c61a2
core   0: 0x0000000080005b86 (0x2bbd9153) fmax.d  ft2, fs11, fs11
core   0: 1 0x0000000080005b86 (0x2bbd9153) f2  0x409ff80000000000
core   0: 0x0000000080005b8a (0x53e1cc13) xori    s8, gp, 1342
core   0: 1 0x0000000080005b8a (0x53e1cc13) x24 0xfffffffffff0053e
core   0: 0x0000000080005b8e (0x22eb1753) fsgnjn.d fa4, fs6, fa4
core   0: 1 0x0000000080005b8e (0x22eb1753) f14 0xbff0000000000000
core   0: 0x0000000080005b92 (0x02ee8ebb) mulw    t4, t4, a4
core   0: 1 0x0000000080005b92 (0x02ee8ebb) x29 0xfffffffffc5a2000
core   0: 0x0000000080005b96 (0x8a6cfe4f) fnmadd.d ft8, fs9, ft6, fa7
core   0: 1 0x0000000080005b96 (0x8a6cfe4f) f28 0x7ff8000000000000
core   0: 0x0000000080005b9a (0x001ed993) srli    s3, t4, 1
core   0: 1 0x0000000080005b9a (0x001ed993) x19 0x7ffffffffe2d1000
core   0: 0x0000000080005b9e (0x0332563b) divuw   a2, tp, s3
core   0: 1 0x0000000080005b9e (0x0332563b) x12 0x0000000000000000
core   0: 0x0000000080005ba2 (0x2b3988d3) fmin.d  fa7, fs3, fs3
core   0: 1 0x0000000080005ba2 (0x2b3988d3) f17 0x7ff8000000000000
core   0: 0x0000000080005ba6 (0x06f96913) ori     s2, s2, 111
core   0: 1 0x0000000080005ba6 (0x06f96913) x18 0x0000000000ffefff
core   0: 0x0000000080005baa (0x22de1453) fsgnjn.d fs0, ft8, fa3
core   0: 1 0x0000000080005baa (0x22de1453) f8  0xfff8000000000000
core   0: 0x0000000080005bae (0x5a057ed3) fsqrt.d ft9, fa0
core   0: 1 0x0000000080005bae (0x5a057ed3) f29 0x7ff8000000000000
core   0: 0x0000000080005bb2 (0xd2140a53) fcvt.d.wu fs4, s0
core   0: 1 0x0000000080005bb2 (0xd2140a53) f20 0x41efffffffe00000
core   0: 0x0000000080005bb6 (0x41595b93) srai    s7, s2, 21
core   0: 1 0x0000000080005bb6 (0x41595b93) x23 0x0000000000000007
core   0: 0x0000000080005bba (0x2e792ab7) lui     s5, 0x2e792
core   0: 1 0x0000000080005bba (0x2e792ab7) x21 0x000000002e792000
core   0: 0x0000000080005bbe (0xd02efb53) fcvt.s.l fs6, t4
core   0: 1 0x0000000080005bbe (0xd02efb53) f22 0xffffffffcc697800
core   0: 0x0000000080005bc2 (0x003481b7) lui     gp, 0x348
core   0: 1 0x0000000080005bc2 (0x003481b7) x3  0x0000000000348000
core   0: 0x0000000080005bc6 (0x4151819b) addiw   gp, gp, 1045
core   0: 1 0x0000000080005bc6 (0x4151819b) x3  0x0000000000348415
core   0: 0x0000000080005bca (0x000001b6) c.slli  gp, 13
core   0: 1 0x0000000080005bca (0x01b6) x3  0x000000069082a000
core   0: 0x0000000080005bcc (0xb1a18193) addi    gp, gp, -1254
core   0: 1 0x0000000080005bcc (0xb1a18193) x3  0x0000000690829b1a
core   0: 0x0000000080005bd0 (0xc20a7c53) fcvt.w.d s8, fs4
core   0: 1 0x0000000080005bd0 (0xc20a7c53) c1_fflags 0x0000000000000010 x24 0x000000007fffffff
core   0: 0x0000000080005bd4 (0xc2147b53) fcvt.wu.d s6, fs0
core   0: 1 0x0000000080005bd4 (0xc2147b53) c1_fflags 0x0000000000000010 x22 0xffffffffffffffff
core   0: 0x0000000080005bd8 (0x0388c83b) divw    a6, a7, s8
core   0: 1 0x0000000080005bd8 (0x0388c83b) x16 0x0000000000000000
core   0: 0x0000000080005bdc (0xdaf0ca13) xori    s4, ra, -593
core   0: 1 0x0000000080005bdc (0xdaf0ca13) x20 0xffffffff7fffbdbb
core   0: 0x0000000080005be0 (0xa2147143) fmadd.d ft2, fs0, ft1, fs4
core   0: 1 0x0000000080005be0 (0xa2147143) f2  0x7ff8000000000000
core   0: 0x0000000080005be4 (0x0387a233) mulhsu  tp, a5, s8
core   0: 1 0x0000000080005be4 (0x0387a233) x4  0x0000000000000000
core   0: 0x0000000080005be8 (0x01d5549b) srliw   s1, a0, 29
core   0: 1 0x0000000080005be8 (0x01d5549b) x9  0x0000000000000000
core   0: 0x0000000080005bec (0xd2148d53) fcvt.d.wu fs10, s1
core   0: 1 0x0000000080005bec (0xd2148d53) f26 0x0000000000000000
core   0: 0x0000000080005bf0 (0x0194a333) slt     t1, s1, s9
core   0: 1 0x0000000080005bf0 (0x0194a333) x6  0x0000000000000000
core   0: 0x0000000080005bf4 (0x03f75193) srli    gp, a4, 63
core   0: 1 0x0000000080005bf4 (0x03f75193) x3  0x0000000000000000
core   0: 0x0000000080005bf8 (0xf2050553) fmv.d.x fa0, a0
core   0: 1 0x0000000080005bf8 (0xf2050553) f10 0x000000000000000d
core   0: 0x0000000080005bfc (0x00009fa5) c.addw  a5, s1
core   0: 1 0x0000000080005bfc (0x9fa5) x15 0xffffffff80005b86
core   0: 0x0000000080005bfe (0x402583b3) sub     t2, a1, sp
core   0: 1 0x0000000080005bfe (0x402583b3) x7  0x000000003238e031
core   0: 0x0000000080005c02 (0x40d1d1b3) sra     gp, gp, a3
core   0: 1 0x0000000080005c02 (0x40d1d1b3) x3  0x0000000000000000
core   0: 0x0000000080005c06 (0x3237b3f3) csrrc   t2, mhpmevent3, a5
core   0: exception trap_illegal_instruction, epc 0x0000000080005c06
core   0:           tval 0x000000003237b3f3
core   0: >>>>  $xrv64i2p1_m2p0_a2p1_f2p2_d2p2_zicsr2p0_zifencei2p0_zmmul1p0_zba1p0_zbb1p0_zbc1p0_zbs1p0
core   0: 0x0000000080004000 (0x0080006f) j       pc + 0x8
core   0: 3 0x0000000080004000 (0x0080006f)
core   0: >>>>  mmode_exception_handler
core   0: 0x0000000080004008 (0x00002c17) auipc   s8, 0x2
core   0: 3 0x0000000080004008 (0x00002c17) x24 0x0000000080006008
core   0: 0x000000008000400c (0xfa2c0c13) addi    s8, s8, -94
core   0: 3 0x000000008000400c (0xfa2c0c13) x24 0x0000000080005faa
core   0: 0x0000000080004010 (0x000c00e7) jalr    s8
core   0: 3 0x0000000080004010 (0x000c00e7) x1  0x0000000080004014
core   0: >>>>  any_handler
core   0: 0x0000000080005faa (0x341027f3) csrrs   a5, mepc, zero
core   0: 3 0x0000000080005faa (0x341027f3) x15 0x0000000080005c06
core   0: 0x0000000080005fae (0x34202773) csrrs   a4, mcause, zero
core   0: 3 0x0000000080005fae (0x34202773) x14 0x0000000000000002
core   0: 0x0000000080005fb2 (0x142026f3) csrrs   a3, scause, zero
core   0: 3 0x0000000080005fb2 (0x142026f3) x13 0x0000000000000000
core   0: 0x0000000080005fb6 (0x30402673) csrrs   a2, mie, zero
core   0: 3 0x0000000080005fb6 (0x30402673) x12 0x0000000000000a00
core   0: 0x0000000080005fba (0x344025f3) csrrs   a1, mip, zero
core   0: 3 0x0000000080005fba (0x344025f3) x11 0x0000000000000080
core   0: 0x0000000080005fbe (0x343025f3) csrrs   a1, mtval, zero
core   0: 3 0x0000000080005fbe (0x343025f3) x11 0x000000003237b3f3
core   0: 0x0000000080005fc2 (0x14302573) csrrs   a0, stval, zero
core   0: 3 0x0000000080005fc2 (0x14302573) x10 0x000000000000000d
core   0: 0x0000000080005fc6 (0xb02024f3) csrrs   s1, minstret, zero
core   0: 3 0x0000000080005fc6 (0xb02024f3) x9  0x00000000000011b9
core   0: 0x0000000080005fca (0x0000a811) c.j     pc + 20
core   0: 3 0x0000000080005fca (0xa811)
core   0: >>>>  mepc_4
core   0: 0x0000000080005fde (0x00000791) c.addi  a5, 4
core   0: 3 0x0000000080005fde (0x0791) x15 0x0000000080005c0a
core   0: 0x0000000080005fe0 (0x34179073) csrrw   zero, mepc, a5
core   0: 3 0x0000000080005fe0 (0x34179073) c833_mepc 0x0000000080005c0a
core   0: 0x0000000080005fe4 (0x30200073) mret
core   0: 3 0x0000000080005fe4 (0x30200073) c768_mstatus 0x8000000a001c61a2
core   0: 0x0000000080005c0a (0xc207fb53) fcvt.w.d s6, fa5
core   0: 1 0x0000000080005c0a (0xc207fb53) c1_fflags 0x0000000000000010 x22 0x000000007fffffff
core   0: 0x0000000080005c0e (0x13ec75d3) fmul.d  fa1, fs8, ft10
core   0: 1 0x0000000080005c0e (0x13ec75d3) f11 0x7ff8000000000000
core   0: 0x0000000080005c12 (0x42090453) fcvt.d.s fs0, fs2
core   0: 1 0x0000000080005c12 (0x42090453) f8  0x7ff8000000000000
core   0: 0x0000000080005c16 (0x00009236) c.add   tp, a3
core   0: 1 0x0000000080005c16 (0x9236) x4  0x0000000000000000
core   0: 0x0000000080005c18 (0x42018253) fcvt.d.s ft4, ft3
core   0: 1 0x0000000080005c18 (0x42018253) f4  0x7ff8000000000000
core   0: 0x0000000080005c1c (0x01172e33) slt     t3, a4, a7
core   0: 1 0x0000000080005c1c (0x01172e33) x28 0x0000000000000000
core   0: 0x0000000080005c20 (0x015d9c93) slli    s9, s11, 21
core   0: 1 0x0000000080005c20 (0x015d9c93) x25 0x0000000000400000
core   0: 0x0000000080005c24 (0x01084db3) xor     s11, a6, a6
core   0: 1 0x0000000080005c24 (0x01084db3) x27 0x0000000000000000
core   0: 0x0000000080005c28 (0x0328e8b3) rem     a7, a7, s2
core   0: 1 0x0000000080005c28 (0x0328e8b3) x17 0xfffffffffff00000
core   0: 0x0000000080005c2c (0xe16dc493) xori    s1, s11, -490
core   0: 1 0x0000000080005c2c (0xe16dc493) x9  0xfffffffffffffe16
core   0: 0x0000000080005c30 (0xf3fd1d17) auipc   s10, 0xf3fd1
core   0: 1 0x0000000080005c30 (0xf3fd1d17) x26 0x0000000073fd6c30
core   0: 0x0000000080005c34 (0x035568bb) remw    a7, a0, s5
core   0: 1 0x0000000080005c34 (0x035568bb) x17 0x000000000000000d
core   0: 0x0000000080005c38 (0x4011f153) fcvt.s.d ft2, ft3
core   0: 1 0x0000000080005c38 (0x4011f153) f2  0xffffffff00000000
core   0: 0x0000000080005c3c (0x007a89bb) addw    s3, s5, t2
core   0: 1 0x0000000080005c3c (0x007a89bb) x19 0x0000000060b20031
core   0: 0x0000000080005c40 (0x013081bb) addw    gp, ra, s3
core   0: 1 0x0000000080005c40 (0x013081bb) x3  0xffffffffe0b24045
core   0: 0x0000000080005c44 (0x105cb373) csrrc   t1, stvec, s9
core   0: 1 0x0000000080005c44 (0x105cb373) x6  0x000000000000001d c261_stvec 0x000000000000001d
core   0: 0x0000000080005c48 (0x003326b3) slt     a3, t1, gp
core   0: 1 0x0000000080005c48 (0x003326b3) x13 0x0000000000000000
core   0: 0x0000000080005c4c (0x0158183b) sllw    a6, a6, s5
core   0: 1 0x0000000080005c4c (0x0158183b) x16 0x0000000000000000
core   0: 0x0000000080005c50 (0x0a2275d3) fsub.d  fa1, ft4, ft2
core   0: 1 0x0000000080005c50 (0x0a2275d3) f11 0x7ff8000000000000
core   0: 0x0000000080005c54 (0x035d7db3) remu    s11, s10, s5
core   0: 1 0x0000000080005c54 (0x035d7db3) x27 0x00000000170b2c30
core   0: 0x0000000080005c58 (0xf3b5c893) xori    a7, a1, -197
core   0: 1 0x0000000080005c58 (0xf3b5c893) x17 0xffffffffcdc84cc8
core   0: 0x0000000080005c5c (0x02f49cb3) mulh    s9, s1, a5
core   0: 1 0x0000000080005c5c (0x02f49cb3) x25 0xffffffffffffffff
core   0: 0x0000000080005c60 (0x14292973) csrrs   s2, scause, s2
core   0: 1 0x0000000080005c60 (0x14292973) x18 0x0000000000000000 c322_scause 0x0000000000ffefff
core   0: 0x0000000080005c64 (0x412c81b3) sub     gp, s9, s2
core   0: 1 0x0000000080005c64 (0x412c81b3) x3  0xffffffffffffffff
core   0: 0x0000000080005c68 (0x00915cbb) srlw    s9, sp, s1
core   0: 1 0x0000000080005c68 (0x00915cbb) x25 0x0000000000000000
core   0: 0x0000000080005c6c (0x009a8abb) addw    s5, s5, s1
core   0: 1 0x0000000080005c6c (0x009a8abb) x21 0x000000002e791e16
core   0: 0x0000000080005c70 (0x015cce33) xor     t3, s9, s5
core   0: 1 0x0000000080005c70 (0x015cce33) x28 0x000000002e791e16
core   0: 0x0000000080005c74 (0x022e2233) mulhsu  tp, t3, sp
core   0: 1 0x0000000080005c74 (0x022e2233) x4  0x0000000000000000
core   0: 0x0000000080005c78 (0x2a639ed3) fmax.d  ft9, ft7, ft6
core   0: 1 0x0000000080005c78 (0x2a639ed3) f29 0x7ff8000000000000
core   0: 0x0000000080005c7c (0x41dddc3b) sraw    s8, s11, t4
core   0: 1 0x0000000080005c7c (0x41dddc3b) x24 0x00000000170b2c30
core   0: 0x0000000080005c80 (0x0008129b) slliw   t0, a6, 0
core   0: 1 0x0000000080005c80 (0x0008129b) x5  0x0000000000000000
core   0: 0x0000000080005c84 (0x001293f3) csrrw   t2, fflags, t0
core   0: 1 0x0000000080005c84 (0x001293f3) x7  0x0000000000000010 c1_fflags 0x0000000000000000
core   0: 0x0000000080005c88 (0x019ad4bb) srlw    s1, s5, s9
core   0: 1 0x0000000080005c88 (0x019ad4bb) x9  0x000000002e791e16
core   0: 0x0000000080005c8c (0x02d4feb3) remu    t4, s1, a3
core   0: 1 0x0000000080005c8c (0x02d4feb3) x29 0x000000002e791e16
core   0: 0x0000000080005c90 (0x000017b3) sll     a5, zero, zero
core   0: 1 0x0000000080005c90 (0x000017b3) x15 0x0000000000000000
core   0: 0x0000000080005c94 (0x4071d9bb) sraw    s3, gp, t2
core   0: 1 0x0000000080005c94 (0x4071d9bb) x19 0xffffffffffffffff
core   0: 0x0000000080005c98 (0xd20981d3) fcvt.d.w ft3, s3
core   0: 1 0x0000000080005c98 (0xd20981d3) f3  0xbff0000000000000
core   0: 0x0000000080005c9c (0xc2387cd3) fcvt.lu.d s9, fa6
core   0: 1 0x0000000080005c9c (0xc2387cd3) c1_fflags 0x0000000000000010 x25 0xffffffffffffffff
core   0: 0x0000000080005ca0 (0xd227fe53) fcvt.d.l ft8, a5
core   0: 1 0x0000000080005ca0 (0xd227fe53) f28 0x0000000000000000
core   0: 0x0000000080005ca4 (0x00b5d3bb) srlw    t2, a1, a1
core   0: 1 0x0000000080005ca4 (0x00b5d3bb) x7  0x0000000000000646
core   0: 0x0000000080005ca8 (0x03b5cabb) divw    s5, a1, s11
core   0: 1 0x0000000080005ca8 (0x03b5cabb) x21 0x0000000000000002
core   0: 0x0000000080005cac (0xd033fcd3) fcvt.s.lu fs9, t2
core   0: 1 0x0000000080005cac (0xd033fcd3) f25 0xffffffff44c8c000
core   0: 0x0000000080005cb0 (0x005a999b) slliw   s3, s5, 5
core   0: 1 0x0000000080005cb0 (0x005a999b) x19 0x0000000000000040
core   0: 0x0000000080005cb4 (0x4014863b) subw    a2, s1, ra
core   0: 1 0x0000000080005cb4 (0x4014863b) x12 0xffffffffae78de02
core   0: 0x0000000080005cb8 (0x40bb5b1b) sraiw   s6, s6, 11
core   0: 1 0x0000000080005cb8 (0x40bb5b1b) x22 0x00000000000fffff
core   0: 0x0000000080005cbc (0x0172cbb3) xor     s7, t0, s7
core   0: 1 0x0000000080005cbc (0x0172cbb3) x23 0x0000000000000007
core   0: 0x0000000080005cc0 (0x0010101b) slliw   zero, zero, 1
core   0: 1 0x0000000080005cc0 (0x0010101b)
core   0: 0x0000000080005cc4 (0x25f4a0b7) lui     ra, 0x25f4a
core   0: 1 0x0000000080005cc4 (0x25f4a0b7) x1  0x0000000025f4a000
core   0: 0x0000000080005cc8 (0x0354f153) fadd.d  ft2, fs1, fs5
core   0: 1 0x0000000080005cc8 (0x0354f153) f2  0x7ff8000000000000
core   0: 0x0000000080005ccc (0x03d66ebb) remw    t4, a2, t4
core   0: 1 0x0000000080005ccc (0x03d66ebb) x29 0xffffffffdcf1fc18
core   0: 0x0000000080005cd0 (0xc0317353) fcvt.lu.s t1, ft2
core   0: 1 0x0000000080005cd0 (0xc0317353) c1_fflags 0x0000000000000010 x6  0xffffffffffffffff
core   0: 0x0000000080005cd4 (0x00d087bb) addw    a5, ra, a3
core   0: 1 0x0000000080005cd4 (0x00d087bb) x15 0x0000000025f4a000
core   0: 0x0000000080005cd8 (0xfff3ed13) ori     s10, t2, -1
core   0: 1 0x0000000080005cd8 (0xfff3ed13) x26 0xffffffffffffffff
core   0: 0x0000000080005cdc (0x00bc1c1b) slliw   s8, s8, 11
core   0: 1 0x0000000080005cdc (0x00bc1c1b) x24 0x0000000059618000
core   0: 0x0000000080005ce0 (0x013c16bb) sllw    a3, s8, s3
core   0: 1 0x0000000080005ce0 (0x013c16bb) x13 0x0000000059618000
core   0: 0x0000000080005ce4 (0xf20c05d3) fmv.d.x fa1, s8
core   0: 1 0x0000000080005ce4 (0xf20c05d3) f11 0x0000000059618000
core   0: 0x0000000080005ce8 (0x03a5653b) remw    a0, a0, s10
core   0: 1 0x0000000080005ce8 (0x03a5653b) x10 0x0000000000000000
core   0: 0x0000000080005cec (0xd21988d3) fcvt.d.wu fa7, s3
core   0: 1 0x0000000080005cec (0xd21988d3) f17 0x4050000000000000
core   0: 0x0000000080005cf0 (0x105312f3) csrrw   t0, stvec, t1
core   0: 1 0x0000000080005cf0 (0x105312f3) x5  0x000000000000001d c261_stvec 0xfffffffffffffffd
core   0: 0x0000000080005cf4 (0x0015551b) srliw   a0, a0, 1
core   0: 1 0x0000000080005cf4 (0x0015551b) x10 0x0000000000000000
core   0: 0x0000000080005cf8 (0xc236f053) fcvt.lu.d zero, fa3
core   0: 1 0x0000000080005cf8 (0xc236f053) c1_fflags 0x0000000000000010
core   0: 0x0000000080005cfc (0x025a32b3) mulhu   t0, s4, t0
core   0: 1 0x0000000080005cfc (0x025a32b3) x5  0x000000000000001c
core   0: 0x0000000080005d00 (0x020554b3) divu    s1, a0, zero
core   0: 1 0x0000000080005d00 (0x020554b3) x9  0xffffffffffffffff
core   0: 0x0000000080005d04 (0xe547a797) auipc   a5, 0xe547a
core   0: 1 0x0000000080005d04 (0xe547a797) x15 0x000000006547fd04
core   0: 0x0000000080005d08 (0x5dbef093) andi    ra, t4, 1499
core   0: 1 0x0000000080005d08 (0x5dbef093) x1  0x0000000000000418
core   0: 0x0000000080005d0c (0x43f0d113) srai    sp, ra, 63
core   0: 1 0x0000000080005d0c (0x43f0d113) x2  0x0000000000000000
core   0: 0x0000000080005d10 (0x02129633) mulh    a2, t0, ra
core   0: 1 0x0000000080005d10 (0x02129633) x12 0x0000000000000000
core   0: 0x0000000080005d14 (0x00d6a6b3) slt     a3, a3, a3
core   0: 1 0x0000000080005d14 (0x00d6a6b3) x13 0x0000000000000000
core   0: 0x0000000080005d18 (0xfb578437) lui     s0, 0xfb578
core   0: 1 0x0000000080005d18 (0xfb578437) x8  0xfffffffffb578000
core   0: 0x0000000080005d1c (0x33b4041b) addiw   s0, s0, 827
core   0: 1 0x0000000080005d1c (0x33b4041b) x8  0xfffffffffb57833b
core   0: 0x0000000080005d20 (0x00000432) c.slli  s0, 12
core   0: 1 0x0000000080005d20 (0x0432) x8  0xffffffb57833b000
core   0: 0x0000000080005d22 (0x93140413) addi    s0, s0, -1743
core   0: 1 0x0000000080005d22 (0x93140413) x8  0xffffffb57833a931
core   0: 0x0000000080005d26 (0x0011d893) srli    a7, gp, 1
core   0: 1 0x0000000080005d26 (0x0011d893) x17 0x7fffffffffffffff
core   0: 0x0000000080005d2a (0xc236f253) fcvt.lu.d tp, fa3
core   0: 1 0x0000000080005d2a (0xc236f253) c1_fflags 0x0000000000000010 x4  0xffffffffffffffff
core   0: 0x0000000080005d2e (0x1abefed3) fdiv.d  ft9, ft9, fa1
core   0: 1 0x0000000080005d2e (0x1abefed3) f29 0x7ff8000000000000
core   0: 0x0000000080005d32 (0x4168559b) sraiw   a1, a6, 22
core   0: 1 0x0000000080005d32 (0x4168559b) x11 0x0000000000000000
core   0: 0x0000000080005d36 (0xf87bba37) lui     s4, 0xf87bb
core   0: 1 0x0000000080005d36 (0xf87bba37) x20 0xfffffffff87bb000
core   0: 0x0000000080005d3a (0x335a0a1b) addiw   s4, s4, 821
core   0: 1 0x0000000080005d3a (0x335a0a1b) x20 0xfffffffff87bb335
core   0: 0x0000000080005d3e (0x00000a32) c.slli  s4, 12
core   0: 1 0x0000000080005d3e (0x0a32) x20 0xffffff87bb335000
core   0: 0x0000000080005d40 (0xc92a0a13) addi    s4, s4, -878
core   0: 1 0x0000000080005d40 (0xc92a0a13) x20 0xffffff87bb334c92
core   0: 0x0000000080005d44 (0x03d8fc53) fadd.d  fs8, fa7, ft9
core   0: 1 0x0000000080005d44 (0x03d8fc53) f24 0x7ff8000000000000
core   0: 0x0000000080005d48 (0xf2008653) fmv.d.x fa2, ra
core   0: 1 0x0000000080005d48 (0xf2008653) f12 0x0000000000000418
core   0: 0x0000000080005d4c (0xc02d7453) fcvt.l.s s0, fs10
core   0: 1 0x0000000080005d4c (0xc02d7453) c1_fflags 0x0000000000000010 x8  0x7fffffffffffffff
core   0: 0x0000000080005d50 (0x0000337d) c.addiw t1, -1
core   0: 1 0x0000000080005d50 (0x337d) x6  0xfffffffffffffffe
core   0: 0x0000000080005d52 (0xf8849037) lui     zero, 0xf8849
core   0: 1 0x0000000080005d52 (0xf8849037)
core   0: 0x0000000080005d56 (0x67b0001b) addiw   zero, zero, 1659
core   0: 1 0x0000000080005d56 (0x67b0001b)
core   0: 0x0000000080005d5a (0x00c01013) slli    zero, zero, 12
core   0: 1 0x0000000080005d5a (0x00c01013)
core   0: 0x0000000080005d5e (0x70400013) li      zero, 1796
core   0: 1 0x0000000080005d5e (0x70400013)
core   0: 0x0000000080005d62 (0x00001532) c.slli  a0, 44
core   0: 1 0x0000000080005d62 (0x1532) x10 0x0000000000000000
core   0: 0x0000000080005d64 (0x01231ebb) sllw    t4, t1, s2
core   0: 1 0x0000000080005d64 (0x01231ebb) x29 0xfffffffffffffffe
core   0: 0x0000000080005d68 (0x00504033) xor     zero, zero, t0
core   0: 1 0x0000000080005d68 (0x00504033)
core   0: 0x0000000080005d6c (0xc22675d3) fcvt.l.d a1, fa2
core   0: 1 0x0000000080005d6c (0xc22675d3) c1_fflags 0x0000000000000011 x11 0x0000000000000000
core   0: 0x0000000080005d70 (0x420c0ed3) fcvt.d.s ft9, fs8
core   0: 1 0x0000000080005d70 (0x420c0ed3) f29 0x7ff8000000000000
core   0: 0x0000000080005d74 (0x420d0353) fcvt.d.s ft6, fs10
core   0: 1 0x0000000080005d74 (0x420d0353) f6  0x7ff8000000000000
core   0: 0x0000000080005d78 (0xcad2f9cb) fnmsub.d fs3, ft5, fa3, fs9
core   0: 1 0x0000000080005d78 (0xcad2f9cb) f19 0x7ff8000000000000
core   0: 0x0000000080005d7c (0x013e043b) addw    s0, t3, s3
core   0: 1 0x0000000080005d7c (0x013e043b) x8  0x000000002e791e56
core   0: 0x0000000080005d80 (0x00aea533) slt     a0, t4, a0
core   0: 1 0x0000000080005d80 (0x00aea533) x10 0x0000000000000001
core   0: 0x0000000080005d84 (0x03d6653b) remw    a0, a2, t4
core   0: 1 0x0000000080005d84 (0x03d6653b) x10 0x0000000000000000
core   0: 0x0000000080005d88 (0x0018d393) srli    t2, a7, 1
core   0: 1 0x0000000080005d88 (0x0018d393) x7  0x3fffffffffffffff
core   0: 0x0000000080005d8c (0x4017ffd3) fcvt.s.d ft11, fa5
core   0: 1 0x0000000080005d8c (0x4017ffd3) f31 0xffffffff7fc00000
core   0: 0x0000000080005d90 (0x02ceabb3) mulhsu  s7, t4, a2
core   0: 1 0x0000000080005d90 (0x02ceabb3) x23 0x0000000000000000
core   0: 0x0000000080005d94 (0x030751b3) divu    gp, a4, a6
core   0: 1 0x0000000080005d94 (0x030751b3) x3  0xffffffffffffffff
core   0: 0x0000000080005d98 (0x0ff0000f) fence   iorw,iorw
core   0: 1 0x0000000080005d98 (0x0ff0000f)
core   0: 0x0000000080005d9c (0x00009b06) c.add   s6, ra
core   0: 1 0x0000000080005d9c (0x9b06) x22 0x0000000000100417
core   0: 0x0000000080005d9e (0x00128613) addi    a2, t0, 1
core   0: 1 0x0000000080005d9e (0x00128613) x12 0x000000000000001d
core   0: 0x0000000080005da2 (0x0252d2bb) divuw   t0, t0, t0
core   0: 1 0x0000000080005da2 (0x0252d2bb) x5  0x0000000000000001
core   0: 0x0000000080005da6 (0x012b9a9b) slliw   s5, s7, 18
core   0: 1 0x0000000080005da6 (0x012b9a9b) x21 0x0000000000000000
core   0: 0x0000000080005daa (0x0179d9b3) srl     s3, s3, s7
core   0: 1 0x0000000080005daa (0x0179d9b3) x19 0x0000000000000040
core   0: 0x0000000080005dae (0xc039f0d3) fcvt.lu.s ra, fs3
core   0: 1 0x0000000080005dae (0xc039f0d3) c1_fflags 0x0000000000000011 x1  0xffffffffffffffff
core   0: 0x0000000080005db2 (0x4014f4d3) fcvt.s.d fs1, fs1
core   0: 1 0x0000000080005db2 (0x4014f4d3) f9  0xffffffff7fc00000
core   0: 0x0000000080005db6 (0x13b4fdd3) fmul.d  fs11, fs1, fs11
core   0: 1 0x0000000080005db6 (0x13b4fdd3) f27 0x7ff8000000000000
core   0: 0x0000000080005dba (0x00000001) c.nop
core   0: 1 0x0000000080005dba (0x0001)
core   0: 0x0000000080005dbc (0x03477a3b) remuw   s4, a4, s4
core   0: 1 0x0000000080005dbc (0x03477a3b) x20 0x0000000000000002
core   0: 0x0000000080005dc0 (0xc234f0d3) fcvt.lu.d ra, fs1
core   0: 1 0x0000000080005dc0 (0xc234f0d3) c1_fflags 0x0000000000000011 x1  0xffffffffffffffff
core   0: 0x0000000080005dc4 (0x4011d01b) sraiw   zero, gp, 1
core   0: 1 0x0000000080005dc4 (0x4011d01b)
core   0: 0x0000000080005dc8 (0xff2f9c37) lui     s8, 0xff2f9
core   0: 1 0x0000000080005dc8 (0xff2f9c37) x24 0xffffffffff2f9000
core   0: 0x0000000080005dcc (0x18dc0c1b) addiw   s8, s8, 397
core   0: 1 0x0000000080005dcc (0x18dc0c1b) x24 0xffffffffff2f918d
core   0: 0x0000000080005dd0 (0x00000c32) c.slli  s8, 12
core   0: 1 0x0000000080005dd0 (0x0c32) x24 0xfffffff2f918d000
core   0: 0x0000000080005dd2 (0xc70c0c13) addi    s8, s8, -912
core   0: 1 0x0000000080005dd2 (0xc70c0c13) x24 0xfffffff2f918cc70
core   0: 0x0000000080005dd6 (0xd231f153) fcvt.d.lu ft2, gp
core   0: 1 0x0000000080005dd6 (0xd231f153) c1_fflags 0x0000000000000011 f2  0x43efffffffffffff
core   0: 0x0000000080005dda (0x4175551b) sraiw   a0, a0, 23
core   0: 1 0x0000000080005dda (0x4175551b) x10 0x0000000000000000
core   0: 0x0000000080005dde (0x03fa1393) slli    t2, s4, 63
core   0: 1 0x0000000080005dde (0x03fa1393) x7  0x0000000000000000
core   0: 0x0000000080005de2 (0xe20d8c53) fmv.x.d s8, fs11
core   0: 1 0x0000000080005de2 (0xe20d8c53) x24 0x7ff8000000000000
core   0: 0x0000000080005de6 (0xc0277953) fcvt.l.s s2, fa4
core   0: 1 0x0000000080005de6 (0xc0277953) c1_fflags 0x0000000000000011 x18 0x7fffffffffffffff
core   0: 0x0000000080005dea (0x03a61eb3) mulh    t4, a2, s10
core   0: 1 0x0000000080005dea (0x03a61eb3) x29 0xffffffffffffffff
core   0: 0x0000000080005dee (0x03fede13) srli    t3, t4, 63
core   0: 1 0x0000000080005dee (0x03fede13) x28 0x0000000000000001
core   0: 0x0000000080005df2 (0x002020f3) csrrs   ra, frm, zero
core   0: 1 0x0000000080005df2 (0x002020f3) x1  0x0000000000000002
core   0: 0x0000000080005df6 (0x420e8053) fcvt.d.s ft0, ft9
core   0: 1 0x0000000080005df6 (0x420e8053) f0  0x7ff8000000000000
core   0: 0x0000000080005dfa (0x0210e733) rem     a4, ra, ra
core   0: 1 0x0000000080005dfa (0x0210e733) x14 0x0000000000000000
core   0: 0x0000000080005dfe (0xf1105173) csrrwi  sp, mvendorid, 0
core   0: exception trap_illegal_instruction, epc 0x0000000080005dfe
core   0:           tval 0x00000000f1105173
core   0: >>>>  $xrv64i2p1_m2p0_a2p1_f2p2_d2p2_zicsr2p0_zifencei2p0_zmmul1p0_zba1p0_zbb1p0_zbc1p0_zbs1p0
core   0: 0x0000000080004000 (0x0080006f) j       pc + 0x8
core   0: 3 0x0000000080004000 (0x0080006f)
core   0: >>>>  mmode_exception_handler
core   0: 0x0000000080004008 (0x00002c17) auipc   s8, 0x2
core   0: 3 0x0000000080004008 (0x00002c17) x24 0x0000000080006008
core   0: 0x000000008000400c (0xfa2c0c13) addi    s8, s8, -94
core   0: 3 0x000000008000400c (0xfa2c0c13) x24 0x0000000080005faa
core   0: 0x0000000080004010 (0x000c00e7) jalr    s8
core   0: 3 0x0000000080004010 (0x000c00e7) x1  0x0000000080004014
core   0: >>>>  any_handler
core   0: 0x0000000080005faa (0x341027f3) csrrs   a5, mepc, zero
core   0: 3 0x0000000080005faa (0x341027f3) x15 0x0000000080005dfe
core   0: 0x0000000080005fae (0x34202773) csrrs   a4, mcause, zero
core   0: 3 0x0000000080005fae (0x34202773) x14 0x0000000000000002
core   0: 0x0000000080005fb2 (0x142026f3) csrrs   a3, scause, zero
core   0: 3 0x0000000080005fb2 (0x142026f3) x13 0x0000000000ffefff
core   0: 0x0000000080005fb6 (0x30402673) csrrs   a2, mie, zero
core   0: 3 0x0000000080005fb6 (0x30402673) x12 0x0000000000000a00
core   0: 0x0000000080005fba (0x344025f3) csrrs   a1, mip, zero
core   0: 3 0x0000000080005fba (0x344025f3) x11 0x0000000000000080
core   0: 0x0000000080005fbe (0x343025f3) csrrs   a1, mtval, zero
core   0: 3 0x0000000080005fbe (0x343025f3) x11 0x00000000f1105173
core   0: 0x0000000080005fc2 (0x14302573) csrrs   a0, stval, zero
core   0: 3 0x0000000080005fc2 (0x14302573) x10 0x000000000000000d
core   0: 0x0000000080005fc6 (0xb02024f3) csrrs   s1, minstret, zero
core   0: 3 0x0000000080005fc6 (0xb02024f3) x9  0x000000000000124a
core   0: 0x0000000080005fca (0x0000a811) c.j     pc + 20
core   0: 3 0x0000000080005fca (0xa811)
core   0: >>>>  mepc_4
core   0: 0x0000000080005fde (0x00000791) c.addi  a5, 4
core   0: 3 0x0000000080005fde (0x0791) x15 0x0000000080005e02
core   0: 0x0000000080005fe0 (0x34179073) csrrw   zero, mepc, a5
core   0: 3 0x0000000080005fe0 (0x34179073) c833_mepc 0x0000000080005e02
core   0: 0x0000000080005fe4 (0x30200073) mret
core   0: 3 0x0000000080005fe4 (0x30200073) c768_mstatus 0x8000000a001c61a2
core   0: 0x0000000080005e02 (0xd20705d3) fcvt.d.w fa1, a4
core   0: 1 0x0000000080005e02 (0xd20705d3) f11 0x4000000000000000
core   0: 0x0000000080005e06 (0x231a9753) fsgnjn.d fa4, fs5, fa7
core   0: 1 0x0000000080005e06 (0x231a9753) f14 0xc16ffdff80000000
core   0: 0x0000000080005e0a (0xd2178a53) fcvt.d.wu fs4, a5
core   0: 1 0x0000000080005e0a (0xd2178a53) f20 0x41e0000bc0400000
core   0: 0x0000000080005e0e (0x00545a9b) srliw   s5, s0, 5
core   0: 1 0x0000000080005e0e (0x00545a9b) x21 0x000000000173c8f2
core   0: 0x0000000080005e12 (0x025453bb) divuw   t2, s0, t0
core   0: 1 0x0000000080005e12 (0x025453bb) x7  0x000000002e791e56
core   0: 0x0000000080005e16 (0x108ace13) xori    t3, s5, 264
core   0: 1 0x0000000080005e16 (0x108ace13) x28 0x000000000173c9fa
core   0: 0x0000000080005e1a (0x2bcd0e53) fmin.d  ft8, fs10, ft8
core   0: 1 0x0000000080005e1a (0x2bcd0e53) f28 0x0000000000000000
core   0: 0x0000000080005e1e (0xff7c1cb7) lui     s9, 0xff7c1
core   0: 1 0x0000000080005e1e (0xff7c1cb7) x25 0xffffffffff7c1000
core   0: 0x0000000080005e22 (0x7cdc8c9b) addiw   s9, s9, 1997
core   0: 1 0x0000000080005e22 (0x7cdc8c9b) x25 0xffffffffff7c17cd
core   0: 0x0000000080005e26 (0x00000cbe) c.slli  s9, 15
core   0: 1 0x0000000080005e26 (0x0cbe) x25 0xffffffbe0be68000
core   0: 0x0000000080005e28 (0x7a7c8c93) addi    s9, s9, 1959
core   0: 1 0x0000000080005e28 (0x7a7c8c93) x25 0xffffffbe0be687a7
core   0: 0x0000000080005e2c (0x0009d91b) srliw   s2, s3, 0
core   0: 1 0x0000000080005e2c (0x0009d91b) x18 0x0000000000000040
core   0: 0x0000000080005e30 (0xfff204b7) lui     s1, 0xfff20
core   0: 1 0x0000000080005e30 (0xfff204b7) x9  0xfffffffffff20000
core   0: 0x0000000080005e34 (0x7154849b) addiw   s1, s1, 1813
core   0: 1 0x0000000080005e34 (0x7154849b) x9  0xfffffffffff20715
core   0: 0x0000000080005e38 (0x000004b2) c.slli  s1, 12
core   0: 1 0x0000000080005e38 (0x04b2) x9  0xffffffff20715000
core   0: 0x0000000080005e3a (0x84148493) addi    s1, s1, -1983
core   0: 1 0x0000000080005e3a (0x84148493) x9  0xffffffff20714841
core   0: 0x0000000080005e3e (0x00a15333) srl     t1, sp, a0
core   0: 1 0x0000000080005e3e (0x00a15333) x6  0x0000000000000000
core   0: 0x0000000080005e42 (0x01d81a3b) sllw    s4, a6, t4
core   0: 1 0x0000000080005e42 (0x01d81a3b) x20 0x0000000000000000
core   0: 0x0000000080005e46 (0x32307773) csrrci  a4, mhpmevent3, 0
core   0: exception trap_illegal_instruction, epc 0x0000000080005e46
core   0:           tval 0x0000000032307773
core   0: >>>>  $xrv64i2p1_m2p0_a2p1_f2p2_d2p2_zicsr2p0_zifencei2p0_zmmul1p0_zba1p0_zbb1p0_zbc1p0_zbs1p0
core   0: 0x0000000080004000 (0x0080006f) j       pc + 0x8
core   0: 3 0x0000000080004000 (0x0080006f)
core   0: >>>>  mmode_exception_handler
core   0: 0x0000000080004008 (0x00002c17) auipc   s8, 0x2
core   0: 3 0x0000000080004008 (0x00002c17) x24 0x0000000080006008
core   0: 0x000000008000400c (0xfa2c0c13) addi    s8, s8, -94
core   0: 3 0x000000008000400c (0xfa2c0c13) x24 0x0000000080005faa
core   0: 0x0000000080004010 (0x000c00e7) jalr    s8
core   0: 3 0x0000000080004010 (0x000c00e7) x1  0x0000000080004014
core   0: >>>>  any_handler
core   0: 0x0000000080005faa (0x341027f3) csrrs   a5, mepc, zero
core   0: 3 0x0000000080005faa (0x341027f3) x15 0x0000000080005e46
core   0: 0x0000000080005fae (0x34202773) csrrs   a4, mcause, zero
core   0: 3 0x0000000080005fae (0x34202773) x14 0x0000000000000002
core   0: 0x0000000080005fb2 (0x142026f3) csrrs   a3, scause, zero
core   0: 3 0x0000000080005fb2 (0x142026f3) x13 0x0000000000ffefff
core   0: 0x0000000080005fb6 (0x30402673) csrrs   a2, mie, zero
core   0: 3 0x0000000080005fb6 (0x30402673) x12 0x0000000000000a00
core   0: 0x0000000080005fba (0x344025f3) csrrs   a1, mip, zero
core   0: 3 0x0000000080005fba (0x344025f3) x11 0x0000000000000080
core   0: 0x0000000080005fbe (0x343025f3) csrrs   a1, mtval, zero
core   0: 3 0x0000000080005fbe (0x343025f3) x11 0x0000000032307773
core   0: 0x0000000080005fc2 (0x14302573) csrrs   a0, stval, zero
core   0: 3 0x0000000080005fc2 (0x14302573) x10 0x000000000000000d
core   0: 0x0000000080005fc6 (0xb02024f3) csrrs   s1, minstret, zero
core   0: 3 0x0000000080005fc6 (0xb02024f3) x9  0x000000000000126c
core   0: 0x0000000080005fca (0x0000a811) c.j     pc + 20
core   0: 3 0x0000000080005fca (0xa811)
core   0: >>>>  mepc_4
core   0: 0x0000000080005fde (0x00000791) c.addi  a5, 4
core   0: 3 0x0000000080005fde (0x0791) x15 0x0000000080005e4a
core   0: 0x0000000080005fe0 (0x34179073) csrrw   zero, mepc, a5
core   0: 3 0x0000000080005fe0 (0x34179073) c833_mepc 0x0000000080005e4a
core   0: 0x0000000080005fe4 (0x30200073) mret
core   0: 3 0x0000000080005fe4 (0x30200073) c768_mstatus 0x8000000a001c61a2
core   0: 0x0000000080005e4a (0x00000001) c.nop
core   0: 1 0x0000000080005e4a (0x0001)
core   0: 0x0000000080005e4c (0x40e40333) sub     t1, s0, a4
core   0: 1 0x0000000080005e4c (0x40e40333) x6  0x000000002e791e54
core   0: 0x0000000080005e50 (0x230802d3) fsgnj.d ft5, fa6, fa6
core   0: 1 0x0000000080005e50 (0x230802d3) f5  0x7ff8000000000000
core   0: 0x0000000080005e54 (0x01f35893) srli    a7, t1, 31
core   0: 1 0x0000000080005e54 (0x01f35893) x17 0x0000000000000000
core   0: 0x0000000080005e58 (0x22540a53) fsgnj.d fs4, fs0, ft5
core   0: 1 0x0000000080005e58 (0x22540a53) f20 0x7ff8000000000000
core   0: 0x0000000080005e5c (0xc222f3d3) fcvt.l.d t2, ft5
core   0: 1 0x0000000080005e5c (0xc222f3d3) c1_fflags 0x0000000000000011 x7  0x7fffffffffffffff
core   0: 0x0000000080005e60 (0x0007131b) slliw   t1, a4, 0
core   0: 1 0x0000000080005e60 (0x0007131b) x6  0x0000000000000002
core   0: 0x0000000080005e64 (0x40035a1b) sraiw   s4, t1, 0
core   0: 1 0x0000000080005e64 (0x40035a1b) x20 0x0000000000000002
core   0: 0x0000000080005e68 (0x401dd41b) sraiw   s0, s11, 1
core   0: 1 0x0000000080005e68 (0x401dd41b) x8  0x000000000b859618
core   0: 0x0000000080005e6c (0x00000001) c.nop
core   0: 1 0x0000000080005e6c (0x0001)
core   0: 0x0000000080005e6e (0xfd3cc337) lui     t1, 0xfd3cc
core   0: 1 0x0000000080005e6e (0xfd3cc337) x6  0xfffffffffd3cc000
core   0: 0x0000000080005e72 (0xc613031b) addiw   t1, t1, -927
core   0: 1 0x0000000080005e72 (0xc613031b) x6  0xfffffffffd3cbc61
core   0: 0x0000000080005e76 (0x00000336) c.slli  t1, 13
core   0: 1 0x0000000080005e76 (0x0336) x6  0xffffffa7978c2000
core   0: 0x0000000080005e78 (0xe5a30313) addi    t1, t1, -422
core   0: 1 0x0000000080005e78 (0xe5a30313) x6  0xffffffa7978c1e5a
core   0: 0x0000000080005e7c (0x400b5b33) sra     s6, s6, zero
core   0: 1 0x0000000080005e7c (0x400b5b33) x22 0x0000000000100417
core   0: 0x0000000080005e80 (0xf57b049b) addiw   s1, s6, -169
core   0: 1 0x0000000080005e80 (0xf57b049b) x9  0x000000000010036e
core   0: 0x0000000080005e84 (0xd039f053) fcvt.s.lu ft0, s3
core   0: 1 0x0000000080005e84 (0xd039f053) f0  0xffffffff42800000
core   0: 0x0000000080005e88 (0xa355fb43) fmadd.d fs6, fa1, fs5, fs4
core   0: 1 0x0000000080005e88 (0xa355fb43) f22 0x7ff8000000000000
core   0: 0x0000000080005e8c (0x82e2fecf) fnmadd.d ft9, ft5, fa4, fa6
core   0: 1 0x0000000080005e8c (0x82e2fecf) f29 0x7ff8000000000000
core   0: 0x0000000080005e90 (0x41615633) sra     a2, sp, s6
core   0: 1 0x0000000080005e90 (0x41615633) x12 0x0000000000000000
core   0: 0x0000000080005e94 (0xc21bf7d3) fcvt.wu.d a5, fs7
core   0: 1 0x0000000080005e94 (0xc21bf7d3) c1_fflags 0x0000000000000011 x15 0xffffffffffffffff
core   0: 0x0000000080005e98 (0x0144adb3) slt     s11, s1, s4
core   0: 1 0x0000000080005e98 (0x0144adb3) x27 0x0000000000000000
core   0: 0x0000000080005e9c (0x03bdb2b3) mulhu   t0, s11, s11
core   0: 1 0x0000000080005e9c (0x03bdb2b3) x5  0x0000000000000000
core   0: 0x0000000080005ea0 (0x005a12b3) sll     t0, s4, t0
core   0: 1 0x0000000080005ea0 (0x005a12b3) x5  0x0000000000000002
core   0: 0x0000000080005ea4 (0x23dbac53) fsgnjx.d fs8, fs7, ft9
core   0: 1 0x0000000080005ea4 (0x23dbac53) f24 0xffffffff5f7fffff
core   0: 0x0000000080005ea8 (0x00004033) xor     zero, zero, zero
core   0: 1 0x0000000080005ea8 (0x00004033)
core   0: 0x0000000080005eac (0x420b0b53) fcvt.d.s fs6, fs6
core   0: 1 0x0000000080005eac (0x420b0b53) f22 0x7ff8000000000000
core   0: 0x0000000080005eb0 (0x3a15754f) fnmadd.d fa0, fa0, ft1, ft7
core   0: 1 0x0000000080005eb0 (0x3a15754f) f10 0x7ff8000000000000
core   0: 0x0000000080005eb4 (0x2b890ed3) fmin.d  ft9, fs2, fs8
core   0: 1 0x0000000080005eb4 (0x2b890ed3) f29 0x7ff8000000000000
core   0: 0x0000000080005eb8 (0xc0297a53) fcvt.l.s s4, fs2
core   0: 1 0x0000000080005eb8 (0xc0297a53) c1_fflags 0x0000000000000011 x20 0x7fffffffffffffff
core   0: 0x0000000080005ebc (0xd03670d3) fcvt.s.lu ft1, a2
core   0: 1 0x0000000080005ebc (0xd03670d3) f1  0xffffffff00000000
core   0: 0x0000000080005ec0 (0x415ed89b) sraiw   a7, t4, 21
core   0: 1 0x0000000080005ec0 (0x415ed89b) x17 0xffffffffffffffff
core   0: 0x0000000080005ec4 (0x01611793) slli    a5, sp, 22
core   0: 1 0x0000000080005ec4 (0x01611793) x15 0x0000000000000000
core   0: 0x0000000080005ec8 (0x0ff0000f) fence   iorw,iorw
core   0: 1 0x0000000080005ec8 (0x0ff0000f)
core   0: 0x0000000080005ecc (0x0112d9bb) srlw    s3, t0, a7
core   0: 1 0x0000000080005ecc (0x0112d9bb) x19 0x0000000000000000
core   0: 0x0000000080005ed0 (0x00f78833) add     a6, a5, a5
core   0: 1 0x0000000080005ed0 (0x00f78833) x16 0x0000000000000000
core   0: 0x0000000080005ed4 (0x0316f0bb) remuw   ra, a3, a7
core   0: 1 0x0000000080005ed4 (0x0316f0bb) x1  0x0000000000ffefff
core   0: 0x0000000080005ed8 (0xd038fed3) fcvt.s.lu ft9, a7
core   0: 1 0x0000000080005ed8 (0xd038fed3) c1_fflags 0x0000000000000011 f29 0xffffffff5f7fffff
core   0: 0x0000000080005edc (0xc202f053) fcvt.w.d zero, ft5
core   0: 1 0x0000000080005edc (0xc202f053) c1_fflags 0x0000000000000011
core   0: 0x0000000080005ee0 (0x42028353) fcvt.d.s ft6, ft5
core   0: 1 0x0000000080005ee0 (0x42028353) f6  0x7ff8000000000000
core   0: 0x0000000080005ee4 (0x02845113) srli    sp, s0, 40
core   0: 1 0x0000000080005ee4 (0x02845113) x2  0x0000000000000000
core   0: 0x0000000080005ee8 (0x02a556b3) divu    a3, a0, a0
core   0: 1 0x0000000080005ee8 (0x02a556b3) x13 0x0000000000000001
core   0: 0x0000000080005eec (0x4057d2b3) sra     t0, a5, t0
core   0: 1 0x0000000080005eec (0x4057d2b3) x5  0x0000000000000000
core   0: 0x0000000080005ef0 (0x01b1c1b3) xor     gp, gp, s11
core   0: 1 0x0000000080005ef0 (0x01b1c1b3) x3  0xffffffffffffffff
core   0: 0x0000000080005ef4 (0x0029d69b) srliw   a3, s3, 2
core   0: 1 0x0000000080005ef4 (0x0029d69b) x13 0x0000000000000000
core   0: 0x0000000080005ef8 (0x23baa3d3) fsgnjx.d ft7, fs5, fs11
core   0: 1 0x0000000080005ef8 (0x23baa3d3) f7  0x416ffdff80000000
core   0: 0x0000000080005efc (0x033669bb) remw    s3, a2, s3
core   0: 1 0x0000000080005efc (0x033669bb) x19 0x0000000000000000
core   0: 0x0000000080005f00 (0xbb85b537) lui     a0, 0xbb85b
core   0: 1 0x0000000080005f00 (0xbb85b537) x10 0xffffffffbb85b000
core   0: 0x0000000080005f04 (0x128471d3) fmul.d  ft3, fs0, fs0
core   0: 1 0x0000000080005f04 (0x128471d3) f3  0x7ff8000000000000
core   0: 0x0000000080005f08 (0x02859d13) slli    s10, a1, 40
core   0: 1 0x0000000080005f08 (0x02859d13) x26 0x3077730000000000
core   0: 0x0000000080005f0c (0xd2357253) fcvt.d.lu ft4, a0
core   0: 1 0x0000000080005f0c (0xd2357253) f4  0x43effffffff770b6
core   0: 0x0000000080005f10 (0x420f8d53) fcvt.d.s fs10, ft11
core   0: 1 0x0000000080005f10 (0x420f8d53) f26 0x7ff8000000000000
core   0: 0x0000000080005f14 (0x80008c93) addi    s9, ra, -2048
core   0: 1 0x0000000080005f14 (0x80008c93) x25 0x0000000000ffe7ff
core   0: 0x0000000080005f18 (0x932a79c3) fmadd.d fs3, fs4, fs2, fs2
core   0: 1 0x0000000080005f18 (0x932a79c3) f19 0x7ff8000000000000
core   0: 0x0000000080005f1c (0xc6fd071b) addiw   a4, s10, -913
core   0: 1 0x0000000080005f1c (0xc6fd071b) x14 0xfffffffffffffc6f
core   0: 0x0000000080005f20 (0xc028f953) fcvt.l.s s2, fa7
core   0: 1 0x0000000080005f20 (0xc028f953) c1_fflags 0x0000000000000011 x18 0x7fffffffffffffff
core   0: 0x0000000080005f24 (0x0ff0000f) fence   iorw,iorw
core   0: 1 0x0000000080005f24 (0x0ff0000f)
core   0: 0x0000000080005f28 (0x4001541b) sraiw   s0, sp, 0
core   0: 1 0x0000000080005f28 (0x4001541b) x8  0x0000000000000000
core   0: 0x0000000080005f2c (0x015efa33) and     s4, t4, s5
core   0: 1 0x0000000080005f2c (0x015efa33) x20 0x000000000173c8f2
core   0: 0x0000000080005f30 (0x5a097053) fsqrt.d ft0, fs2
core   0: 1 0x0000000080005f30 (0x5a097053) f0  0x7ff8000000000000
core   0: 0x0000000080005f34 (0x0007f013) andi    zero, a5, 0
core   0: 1 0x0000000080005f34 (0x0007f013)
core   0: 0x0000000080005f38 (0x013309bb) addw    s3, t1, s3
core   0: 1 0x0000000080005f38 (0x013309bb) x19 0xffffffff978c1e5a
core   0: 0x0000000080005f3c (0x00000ed6) c.slli  t4, 21
core   0: 1 0x0000000080005f3c (0x0ed6) x29 0xffffffffffe00000
core   0: 0x0000000080005f3e (0x22f28f53) fsgnj.d ft10, ft5, fa5
core   0: 1 0x0000000080005f3e (0x22f28f53) f30 0x7ff8000000000000
core   0: 0x0000000080005f42 (0xc2187c53) fcvt.wu.d s8, fa6
core   0: 1 0x0000000080005f42 (0xc2187c53) c1_fflags 0x0000000000000011 x24 0xffffffffffffffff
core   0: 0x0000000080005f46 (0xd22c7953) fcvt.d.l fs2, s8
core   0: 1 0x0000000080005f46 (0xd22c7953) f18 0xbff0000000000000
core   0: 0x0000000080005f4a (0x0121fdb3) and     s11, gp, s2
core   0: 1 0x0000000080005f4a (0x0121fdb3) x27 0x7fffffffffffffff
core   0: 0x0000000080005f4e (0x58f23d97) auipc   s11, 0x58f23
core   0: 1 0x0000000080005f4e (0x58f23d97) x27 0x00000000d8f28f4e
core   0: 0x0000000080005f52 (0x00008ad6) c.mv    s5, s5
core   0: 1 0x0000000080005f52 (0x8ad6) x21 0x000000000173c8f2
core   0: 0x0000000080005f54 (0x137efcc3) fmadd.d fs9, ft9, fs7, ft2
core   0: 1 0x0000000080005f54 (0x137efcc3) f25 0x7ff8000000000000
core   0: 0x0000000080005f58 (0xfff8861b) addiw   a2, a7, -1
core   0: 1 0x0000000080005f58 (0xfff8861b) x12 0xfffffffffffffffe
core   0: 0x0000000080005f5c (0xd03070d3) fcvt.s.lu ft1, zero
core   0: 1 0x0000000080005f5c (0xd03070d3) f1  0xffffffff00000000
core   0: 0x0000000080005f60 (0x40157ad3) fcvt.s.d fs5, fa0
core   0: 1 0x0000000080005f60 (0x40157ad3) f21 0xffffffff7fc00000
core   0: 0x0000000080005f64 (0x02c5e5bb) remw    a1, a1, a2
core   0: 1 0x0000000080005f64 (0x02c5e5bb) x11 0x0000000000000001
core   0: 0x0000000080005f68 (0x027498b3) mulh    a7, s1, t2
core   0: 1 0x0000000080005f68 (0x027498b3) x17 0x00000000000801b6
core   0: 0x0000000080005f6c (0xd02d7c53) fcvt.s.l fs8, s10
core   0: 1 0x0000000080005f6c (0xd02d7c53) f24 0xffffffff5e41ddcc
core   0: 0x0000000080005f70 (0x41fd5e1b) sraiw   t3, s10, 31
core   0: 1 0x0000000080005f70 (0x41fd5e1b) x28 0x0000000000000000
core   0: 0x0000000080005f74 (0x40fe093b) subw    s2, t3, a5
core   0: 1 0x0000000080005f74 (0x40fe093b) x18 0x0000000000000000
core   0: 0x0000000080005f78 (0x3af01717) auipc   a4, 0x3af01
core   0: 1 0x0000000080005f78 (0x3af01717) x14 0x00000000baf06f78
core   0: 0x0000000080005f7c (0x8008f693) andi    a3, a7, -2048
core   0: 1 0x0000000080005f7c (0x8008f693) x13 0x0000000000080000
core   0: 0x0000000080005f80 (0x0105983b) sllw    a6, a1, a6
core   0: 1 0x0000000080005f80 (0x0105983b) x16 0x0000000000000001
core   0: 0x0000000080005f84 (0x23829a53) fsgnjn.d fs4, ft5, fs8
core   0: 1 0x0000000080005f84 (0x23829a53) f20 0x7ff8000000000000
core   0: 0x0000000080005f88 (0x00008e95) c.sub   a3, a3
core   0: 1 0x0000000080005f88 (0x8e95) x13 0x0000000000000000
core   0: 0x0000000080005f8a (0x0274c3bb) divw    t2, s1, t2
core   0: 1 0x0000000080005f8a (0x0274c3bb) x7  0xffffffffffeffc92
core   0: 0x0000000080005f8e (0x0214b7b3) mulhu   a5, s1, ra
core   0: 1 0x0000000080005f8e (0x0214b7b3) x15 0x0000000000000000
core   0: 0x0000000080005f92 (0x0073003b) addw    zero, t1, t2
core   0: 1 0x0000000080005f92 (0x0073003b)
core   0: 0x0000000080005f96 (0x0ae8fc53) fsub.d  fs8, fa7, fa4
core   0: 1 0x0000000080005f96 (0x0ae8fc53) f24 0x416ffe0780000000
core   0: 0x0000000080005f9a (0x40177f53) fcvt.s.d ft10, fa4
core   0: 1 0x0000000080005f9a (0x40177f53) f30 0xffffffffcb7feffc
core   0: 0x0000000080005f9e (0x40555d3b) sraw    s10, a0, t0
core   0: 1 0x0000000080005f9e (0x40555d3b) x26 0xffffffffbb85b000
core   0: 0x0000000080005fa2 (0x00000001) c.nop
core   0: 1 0x0000000080005fa2 (0x0001)
core   0: >>>>  write_tohost
core   0: 0x0000000080005fa4 (0xa40fa0ef) jal     pc - 0x5dc0
core   0: 1 0x0000000080005fa4 (0xa40fa0ef) x1  0x0000000080005fa8
core   0: >>>>  _exit
core   0: 0x00000000800001e4 (0x00004505) c.li    a0, 1
core   0: 1 0x00000000800001e4 (0x4505) x10 0x0000000000000001
core   0: 0x00000000800001e6 (0x00001f17) auipc   t5, 0x1
core   0: 1 0x00000000800001e6 (0x00001f17) x30 0x00000000800011e6
core   0: 0x00000000800001ea (0xe0af2d23) sw      a0, -486(t5)
core   0: 1 0x00000000800001ea (0xe0af2d23) mem 0x0000000080001000 0x00000001
cp /home/server/RISCV/cva6/verif/sim/out/seed_961/spike_sim/new_seeds_961_.cv64a6_imafdc_sv39.log.iss /home/server/RISCV/cva6/verif/sim/out/seed_961/spike_sim/new_seeds_961_.cv64a6_imafdc_sv39.log
