Makefile:14: must set CVA6_REPO_DIR to point at the root of CVA6 sources and CVA6_TB_DIR to point here -- doing it for you...
LD_LIBRARY_PATH="$(realpath ../../tools/spike/lib):$LD_LIBRARY_PATH" \
	/home/server/RISCV/cva6/tools/spike/bin/spike --steps=2000000  --log-commits --isa=rv64gc_zba_zbb_zbs_zbc_zicsr_zifencei --priv=msu -l /home/server/RISCV/cva6/verif/sim/out/seed_530/directed_asm_tests/new_seeds_530_.o
[SPIKE] Max simulation steps: 2000000
[SPIKE] Proc 0 | ISA: rv64gc_zba_zbb_zbs_zbc_zicsr_zifencei PRIV: msu
[SPIKE] Initializing memories...
core   0: 0x0000000000010000 (0x00100413) li      s0, 1
core   0: 3 0x0000000000010000 (0x00100413) x8  0x0000000000000001
core   0: 0x0000000000010004 (0x01f41413) slli    s0, s0, 31
core   0: 3 0x0000000000010004 (0x01f41413) x8  0x0000000080000000
core   0: 0x0000000000010008 (0xf1402573) csrrs   a0, mhartid, zero
core   0: 3 0x0000000000010008 (0xf1402573) x10 0x0000000000000000
core   0: 0x000000000001000c (0x00000597) auipc   a1, 0x0
core   0: 3 0x000000000001000c (0x00000597) x11 0x000000000001000c
core   0: 0x0000000000010010 (0x07458593) addi    a1, a1, 116
core   0: 3 0x0000000000010010 (0x07458593) x11 0x0000000000010080
core   0: 0x0000000000010014 (0x00040067) jr      s0
core   0: 3 0x0000000000010014 (0x00040067)
core   0: >>>>  _start
core   0: 0x0000000080000000 (0x00004081) c.li    ra, 0
core   0: 3 0x0000000080000000 (0x4081) x1  0x0000000000000000
core   0: 0x0000000080000002 (0x00004101) c.li    sp, 0
core   0: 3 0x0000000080000002 (0x4101) x2  0x0000000000000000
core   0: 0x0000000080000004 (0x00004181) c.li    gp, 0
core   0: 3 0x0000000080000004 (0x4181) x3  0x0000000000000000
core   0: 0x0000000080000006 (0x00004201) c.li    tp, 0
core   0: 3 0x0000000080000006 (0x4201) x4  0x0000000000000000
core   0: 0x0000000080000008 (0x00004281) c.li    t0, 0
core   0: 3 0x0000000080000008 (0x4281) x5  0x0000000000000000
core   0: 0x000000008000000a (0x00004301) c.li    t1, 0
core   0: 3 0x000000008000000a (0x4301) x6  0x0000000000000000
core   0: 0x000000008000000c (0x00004381) c.li    t2, 0
core   0: 3 0x000000008000000c (0x4381) x7  0x0000000000000000
core   0: 0x000000008000000e (0x00004401) c.li    s0, 0
core   0: 3 0x000000008000000e (0x4401) x8  0x0000000000000000
core   0: 0x0000000080000010 (0x00004481) c.li    s1, 0
core   0: 3 0x0000000080000010 (0x4481) x9  0x0000000000000000
core   0: 0x0000000080000012 (0x00004501) c.li    a0, 0
core   0: 3 0x0000000080000012 (0x4501) x10 0x0000000000000000
core   0: 0x0000000080000014 (0x00004581) c.li    a1, 0
core   0: 3 0x0000000080000014 (0x4581) x11 0x0000000000000000
core   0: 0x0000000080000016 (0x00004601) c.li    a2, 0
core   0: 3 0x0000000080000016 (0x4601) x12 0x0000000000000000
core   0: 0x0000000080000018 (0x00004681) c.li    a3, 0
core   0: 3 0x0000000080000018 (0x4681) x13 0x0000000000000000
core   0: 0x000000008000001a (0x00004701) c.li    a4, 0
core   0: 3 0x000000008000001a (0x4701) x14 0x0000000000000000
core   0: 0x000000008000001c (0x00004781) c.li    a5, 0
core   0: 3 0x000000008000001c (0x4781) x15 0x0000000000000000
core   0: 0x000000008000001e (0x00004801) c.li    a6, 0
core   0: 3 0x000000008000001e (0x4801) x16 0x0000000000000000
core   0: 0x0000000080000020 (0x00004881) c.li    a7, 0
core   0: 3 0x0000000080000020 (0x4881) x17 0x0000000000000000
core   0: 0x0000000080000022 (0x00004901) c.li    s2, 0
core   0: 3 0x0000000080000022 (0x4901) x18 0x0000000000000000
core   0: 0x0000000080000024 (0x00004981) c.li    s3, 0
core   0: 3 0x0000000080000024 (0x4981) x19 0x0000000000000000
core   0: 0x0000000080000026 (0x00004a01) c.li    s4, 0
core   0: 3 0x0000000080000026 (0x4a01) x20 0x0000000000000000
core   0: 0x0000000080000028 (0x00004a81) c.li    s5, 0
core   0: 3 0x0000000080000028 (0x4a81) x21 0x0000000000000000
core   0: 0x000000008000002a (0x00004b01) c.li    s6, 0
core   0: 3 0x000000008000002a (0x4b01) x22 0x0000000000000000
core   0: 0x000000008000002c (0x00004b81) c.li    s7, 0
core   0: 3 0x000000008000002c (0x4b81) x23 0x0000000000000000
core   0: 0x000000008000002e (0x00004c01) c.li    s8, 0
core   0: 3 0x000000008000002e (0x4c01) x24 0x0000000000000000
core   0: 0x0000000080000030 (0x00004c81) c.li    s9, 0
core   0: 3 0x0000000080000030 (0x4c81) x25 0x0000000000000000
core   0: 0x0000000080000032 (0x00004d01) c.li    s10, 0
core   0: 3 0x0000000080000032 (0x4d01) x26 0x0000000000000000
core   0: 0x0000000080000034 (0x00004d81) c.li    s11, 0
core   0: 3 0x0000000080000034 (0x4d81) x27 0x0000000000000000
core   0: 0x0000000080000036 (0x00004e01) c.li    t3, 0
core   0: 3 0x0000000080000036 (0x4e01) x28 0x0000000000000000
core   0: 0x0000000080000038 (0x00004e81) c.li    t4, 0
core   0: 3 0x0000000080000038 (0x4e81) x29 0x0000000000000000
core   0: 0x000000008000003a (0x00004f01) c.li    t5, 0
core   0: 3 0x000000008000003a (0x4f01) x30 0x0000000000000000
core   0: 0x000000008000003c (0x00004f81) c.li    t6, 0
core   0: 3 0x000000008000003c (0x4f81) x31 0x0000000000000000
core   0: 0x000000008000003e (0x000062f9) c.lui   t0, 0x1e
core   0: 3 0x000000008000003e (0x62f9) x5  0x000000000001e000
core   0: 0x0000000080000040 (0x3002a073) csrrs   zero, mstatus, t0
core   0: 3 0x0000000080000040 (0x3002a073) c768_mstatus 0x8000000a00006000
core   0: 0x0000000080000044 (0x00004285) c.li    t0, 1
core   0: 3 0x0000000080000044 (0x4285) x5  0x0000000000000001
core   0: 0x0000000080000046 (0x000002fe) c.slli  t0, 31
core   0: 3 0x0000000080000046 (0x02fe) x5  0x0000000080000000
core   0: 0x0000000080000048 (0x0002d863) bge     t0, zero, pc + 16
core   0: 3 0x0000000080000048 (0x0002d863)
core   0: 0x0000000080000058 (0x00000297) auipc   t0, 0x0
core   0: 3 0x0000000080000058 (0x00000297) x5  0x0000000080000058
core   0: 0x000000008000005c (0x09028293) addi    t0, t0, 144
core   0: 3 0x000000008000005c (0x09028293) x5  0x00000000800000e8
core   0: 0x0000000080000060 (0x30529073) csrrw   zero, mtvec, t0
core   0: 3 0x0000000080000060 (0x30529073) c773_mtvec 0x00000000800000e8
core   0: 0x0000000080000064 (0x00301073) csrrw   zero, fcsr, zero
core   0: 3 0x0000000080000064 (0x00301073) c1_fflags 0x0000000000000000 c2_frm 0x0000000000000000
core   0: 0x0000000080000068 (0xf0000053) fmv.w.x ft0, zero
core   0: 3 0x0000000080000068 (0xf0000053) f0  0xffffffff00000000
core   0: 0x000000008000006c (0xf00000d3) fmv.w.x ft1, zero
core   0: 3 0x000000008000006c (0xf00000d3) f1  0xffffffff00000000
core   0: 0x0000000080000070 (0xf0000153) fmv.w.x ft2, zero
core   0: 3 0x0000000080000070 (0xf0000153) f2  0xffffffff00000000
core   0: 0x0000000080000074 (0xf00001d3) fmv.w.x ft3, zero
core   0: 3 0x0000000080000074 (0xf00001d3) f3  0xffffffff00000000
core   0: 0x0000000080000078 (0xf0000253) fmv.w.x ft4, zero
core   0: 3 0x0000000080000078 (0xf0000253) f4  0xffffffff00000000
core   0: 0x000000008000007c (0xf00002d3) fmv.w.x ft5, zero
core   0: 3 0x000000008000007c (0xf00002d3) f5  0xffffffff00000000
core   0: 0x0000000080000080 (0xf0000353) fmv.w.x ft6, zero
core   0: 3 0x0000000080000080 (0xf0000353) f6  0xffffffff00000000
core   0: 0x0000000080000084 (0xf00003d3) fmv.w.x ft7, zero
core   0: 3 0x0000000080000084 (0xf00003d3) f7  0xffffffff00000000
core   0: 0x0000000080000088 (0xf0000453) fmv.w.x fs0, zero
core   0: 3 0x0000000080000088 (0xf0000453) f8  0xffffffff00000000
core   0: 0x000000008000008c (0xf00004d3) fmv.w.x fs1, zero
core   0: 3 0x000000008000008c (0xf00004d3) f9  0xffffffff00000000
core   0: 0x0000000080000090 (0xf0000553) fmv.w.x fa0, zero
core   0: 3 0x0000000080000090 (0xf0000553) f10 0xffffffff00000000
core   0: 0x0000000080000094 (0xf00005d3) fmv.w.x fa1, zero
core   0: 3 0x0000000080000094 (0xf00005d3) f11 0xffffffff00000000
core   0: 0x0000000080000098 (0xf0000653) fmv.w.x fa2, zero
core   0: 3 0x0000000080000098 (0xf0000653) f12 0xffffffff00000000
core   0: 0x000000008000009c (0xf00006d3) fmv.w.x fa3, zero
core   0: 3 0x000000008000009c (0xf00006d3) f13 0xffffffff00000000
core   0: 0x00000000800000a0 (0xf0000753) fmv.w.x fa4, zero
core   0: 3 0x00000000800000a0 (0xf0000753) f14 0xffffffff00000000
core   0: 0x00000000800000a4 (0xf00007d3) fmv.w.x fa5, zero
core   0: 3 0x00000000800000a4 (0xf00007d3) f15 0xffffffff00000000
core   0: 0x00000000800000a8 (0xf0000853) fmv.w.x fa6, zero
core   0: 3 0x00000000800000a8 (0xf0000853) f16 0xffffffff00000000
core   0: 0x00000000800000ac (0xf00008d3) fmv.w.x fa7, zero
core   0: 3 0x00000000800000ac (0xf00008d3) f17 0xffffffff00000000
core   0: 0x00000000800000b0 (0xf0000953) fmv.w.x fs2, zero
core   0: 3 0x00000000800000b0 (0xf0000953) f18 0xffffffff00000000
core   0: 0x00000000800000b4 (0xf00009d3) fmv.w.x fs3, zero
core   0: 3 0x00000000800000b4 (0xf00009d3) f19 0xffffffff00000000
core   0: 0x00000000800000b8 (0xf0000a53) fmv.w.x fs4, zero
core   0: 3 0x00000000800000b8 (0xf0000a53) f20 0xffffffff00000000
core   0: 0x00000000800000bc (0xf0000ad3) fmv.w.x fs5, zero
core   0: 3 0x00000000800000bc (0xf0000ad3) f21 0xffffffff00000000
core   0: 0x00000000800000c0 (0xf0000b53) fmv.w.x fs6, zero
core   0: 3 0x00000000800000c0 (0xf0000b53) f22 0xffffffff00000000
core   0: 0x00000000800000c4 (0xf0000bd3) fmv.w.x fs7, zero
core   0: 3 0x00000000800000c4 (0xf0000bd3) f23 0xffffffff00000000
core   0: 0x00000000800000c8 (0xf0000c53) fmv.w.x fs8, zero
core   0: 3 0x00000000800000c8 (0xf0000c53) f24 0xffffffff00000000
core   0: 0x00000000800000cc (0xf0000cd3) fmv.w.x fs9, zero
core   0: 3 0x00000000800000cc (0xf0000cd3) f25 0xffffffff00000000
core   0: 0x00000000800000d0 (0xf0000d53) fmv.w.x fs10, zero
core   0: 3 0x00000000800000d0 (0xf0000d53) f26 0xffffffff00000000
core   0: 0x00000000800000d4 (0xf0000dd3) fmv.w.x fs11, zero
core   0: 3 0x00000000800000d4 (0xf0000dd3) f27 0xffffffff00000000
core   0: 0x00000000800000d8 (0xf0000e53) fmv.w.x ft8, zero
core   0: 3 0x00000000800000d8 (0xf0000e53) f28 0xffffffff00000000
core   0: 0x00000000800000dc (0xf0000ed3) fmv.w.x ft9, zero
core   0: 3 0x00000000800000dc (0xf0000ed3) f29 0xffffffff00000000
core   0: 0x00000000800000e0 (0xf0000f53) fmv.w.x ft10, zero
core   0: 3 0x00000000800000e0 (0xf0000f53) f30 0xffffffff00000000
core   0: 0x00000000800000e4 (0xf0000fd3) fmv.w.x ft11, zero
core   0: 3 0x00000000800000e4 (0xf0000fd3) f31 0xffffffff00000000
core   0: 0x00000000800000e8 (0x00000297) auipc   t0, 0x0
core   0: 3 0x00000000800000e8 (0x00000297) x5  0x00000000800000e8
core   0: 0x00000000800000ec (0x03c28293) addi    t0, t0, 60
core   0: 3 0x00000000800000ec (0x03c28293) x5  0x0000000080000124
core   0: 0x00000000800000f0 (0x30529073) csrrw   zero, mtvec, t0
core   0: 3 0x00000000800000f0 (0x30529073) c773_mtvec 0x0000000080000124
core   0: 0x00000000800000f4 (0x00012197) auipc   gp, 0x12
core   0: 3 0x00000000800000f4 (0x00012197) x3  0x00000000800120f4
core   0: 0x00000000800000f8 (0x73418193) addi    gp, gp, 1844
core   0: 3 0x00000000800000f8 (0x73418193) x3  0x0000000080012828
core   0: 0x00000000800000fc (0x00012217) auipc   tp, 0x12
core   0: 3 0x00000000800000fc (0x00012217) x4  0x00000000800120fc
core   0: 0x0000000080000100 (0xf8320213) addi    tp, tp, -125
core   0: 3 0x0000000080000100 (0xf8320213) x4  0x000000008001207f
core   0: 0x0000000080000104 (0xfc027213) andi    tp, tp, -64
core   0: 3 0x0000000080000104 (0xfc027213) x4  0x0000000080012040
core   0: 0x0000000080000108 (0xf1402573) csrrs   a0, mhartid, zero
core   0: 3 0x0000000080000108 (0xf1402573) x10 0x0000000000000000
core   0: 0x000000008000010c (0x00004585) c.li    a1, 1
core   0: 3 0x000000008000010c (0x4585) x11 0x0000000000000001
core   0: 0x000000008000010e (0x00b57063) bgeu    a0, a1, pc + 0
core   0: 3 0x000000008000010e (0x00b57063)
core   0: 0x0000000080000112 (0x00150113) addi    sp, a0, 1
core   0: 3 0x0000000080000112 (0x00150113) x2  0x0000000000000001
core   0: 0x0000000080000116 (0x00000146) c.slli  sp, 17
core   0: 3 0x0000000080000116 (0x0146) x2  0x0000000000020000
core   0: 0x0000000080000118 (0x00009112) c.add   sp, tp
core   0: 3 0x0000000080000118 (0x9112) x2  0x0000000080032040
core   0: 0x000000008000011a (0x01151613) slli    a2, a0, 17
core   0: 3 0x000000008000011a (0x01151613) x12 0x0000000000000000
core   0: 0x000000008000011e (0x00009232) c.add   tp, a2
core   0: 3 0x000000008000011e (0x9232) x4  0x0000000080012040
core   0: 0x0000000080000120 (0x3f00f06f) j       pc + 0xf3f0
core   0: 3 0x0000000080000120 (0x3f00f06f)
core   0: >>>>  _init
core   0: 0x000000008000f510 (0x00007171) c.addi16sp sp, -176
core   0: 3 0x000000008000f510 (0x7171) x2  0x0000000080031f90
core   0: 0x000000008000f512 (0x0000f506) c.sdsp  ra, 168(sp)
core   0: 3 0x000000008000f512 (0xf506) mem 0x0000000080032038 0x0000000000000000
core   0: 0x000000008000f514 (0x0000f122) c.sdsp  s0, 160(sp)
core   0: 3 0x000000008000f514 (0xf122) mem 0x0000000080032030 0x0000000000000000
core   0: 0x000000008000f516 (0x0000ed26) c.sdsp  s1, 152(sp)
core   0: 3 0x000000008000f516 (0xed26) mem 0x0000000080032028 0x0000000000000000
core   0: 0x000000008000f518 (0x00001900) c.addi4spn s0, sp, 176
core   0: 3 0x000000008000f518 (0x1900) x8  0x0000000080032040
core   0: 0x000000008000f51a (0x000087aa) c.mv    a5, a0
core   0: 3 0x000000008000f51a (0x87aa) x15 0x0000000000000000
core   0: 0x000000008000f51c (0x0000872e) c.mv    a4, a1
core   0: 3 0x000000008000f51c (0x872e) x14 0x0000000000000001
core   0: 0x000000008000f51e (0xf4f42e23) sw      a5, -164(s0)
core   0: 3 0x000000008000f51e (0xf4f42e23) mem 0x0000000080031f9c 0x00000000
core   0: 0x000000008000f522 (0x000087ba) c.mv    a5, a4
core   0: 3 0x000000008000f522 (0x87ba) x15 0x0000000000000001
core   0: 0x000000008000f524 (0xf4f42c23) sw      a5, -168(s0)
core   0: 3 0x000000008000f524 (0xf4f42c23) mem 0x0000000080031f98 0x00000001
core   0: 0x000000008000f528 (0xfe040793) addi    a5, s0, -32
core   0: 3 0x000000008000f528 (0xfe040793) x15 0x0000000080032020
core   0: 0x000000008000f52c (0xf4f43823) sd      a5, -176(s0)
core   0: 3 0x000000008000f52c (0xf4f43823) mem 0x0000000080031f90 0x0000000080032020
core   0: 0x000000008000f530 (0xf5043783) ld      a5, -176(s0)
core   0: 3 0x000000008000f530 (0xf5043783) x15 0x0000000080032020 mem 0x0000000080031f90
core   0: 0x000000008000f534 (0xf8078793) addi    a5, a5, -128
core   0: 3 0x000000008000f534 (0xf8078793) x15 0x0000000080031fa0
core   0: 0x000000008000f538 (0x03f78793) addi    a5, a5, 63
core   0: 3 0x000000008000f538 (0x03f78793) x15 0x0000000080031fdf
core   0: 0x000000008000f53c (0x00008399) c.srli  a5, 6
core   0: 3 0x000000008000f53c (0x8399) x15 0x0000000002000c7f
core   0: 0x000000008000f53e (0x00679493) slli    s1, a5, 6
core   0: 3 0x000000008000f53e (0x00679493) x9  0x0000000080031fc0
core   0: 0x000000008000f542 (0xf65ff0ef) jal     pc - 0x9c
core   0: 3 0x000000008000f542 (0xf65ff0ef) x1  0x000000008000f546
core   0: >>>>  init_tls
core   0: 0x000000008000f4a6 (0x00001101) c.addi  sp, -32
core   0: 3 0x000000008000f4a6 (0x1101) x2  0x0000000080031f70
core   0: 0x000000008000f4a8 (0x0000ec06) c.sdsp  ra, 24(sp)
core   0: 3 0x000000008000f4a8 (0xec06) mem 0x0000000080031f88 0x000000008000f546
core   0: 0x000000008000f4aa (0x0000e822) c.sdsp  s0, 16(sp)
core   0: 3 0x000000008000f4aa (0xe822) mem 0x0000000080031f80 0x0000000080032040
core   0: 0x000000008000f4ac (0x00001000) c.addi4spn s0, sp, 32
core   0: 3 0x000000008000f4ac (0x1000) x8  0x0000000080031f90
core   0: 0x000000008000f4ae (0x00003717) auipc   a4, 0x3
core   0: 3 0x000000008000f4ae (0x00003717) x14 0x00000000800124ae
core   0: 0x000000008000f4b2 (0xb7a70713) addi    a4, a4, -1158
core   0: 3 0x000000008000f4b2 (0xb7a70713) x14 0x0000000080012028
core   0: 0x000000008000f4b6 (0x00003797) auipc   a5, 0x3
core   0: 3 0x000000008000f4b6 (0x00003797) x15 0x00000000800124b6
core   0: 0x000000008000f4ba (0xb7278793) addi    a5, a5, -1166
core   0: 3 0x000000008000f4ba (0xb7278793) x15 0x0000000080012028
core   0: 0x000000008000f4be (0x40f707b3) sub     a5, a4, a5
core   0: 3 0x000000008000f4be (0x40f707b3) x15 0x0000000000000000
core   0: 0x000000008000f4c2 (0xfef43423) sd      a5, -24(s0)
core   0: 3 0x000000008000f4c2 (0xfef43423) mem 0x0000000080031f78 0x0000000000000000
core   0: 0x000000008000f4c6 (0x00008792) c.mv    a5, tp
core   0: 3 0x000000008000f4c6 (0x8792) x15 0x0000000080012040
core   0: 0x000000008000f4c8 (0xfe843603) ld      a2, -24(s0)
core   0: 3 0x000000008000f4c8 (0xfe843603) x12 0x0000000000000000 mem 0x0000000080031f78
core   0: 0x000000008000f4cc (0x00003597) auipc   a1, 0x3
core   0: 3 0x000000008000f4cc (0x00003597) x11 0x00000000800124cc
core   0: 0x000000008000f4d0 (0xb5c58593) addi    a1, a1, -1188
core   0: 3 0x000000008000f4d0 (0xb5c58593) x11 0x0000000080012028
core   0: 0x000000008000f4d4 (0x0000853e) c.mv    a0, a5
core   0: 3 0x000000008000f4d4 (0x853e) x10 0x0000000080012040
core   0: 0x000000008000f4d6 (0x0f9000ef) jal     pc + 0x8f8
core   0: 3 0x000000008000f4d6 (0x0f9000ef) x1  0x000000008000f4da
core   0: >>>>  memcpy
core   0: 0x000000008000fdce (0x0000715d) c.addi16sp sp, -80
core   0: 3 0x000000008000fdce (0x715d) x2  0x0000000080031f20
core   0: 0x000000008000fdd0 (0x0000e4a2) c.sdsp  s0, 72(sp)
core   0: 3 0x000000008000fdd0 (0xe4a2) mem 0x0000000080031f68 0x0000000080031f90
core   0: 0x000000008000fdd2 (0x00000880) c.addi4spn s0, sp, 80
core   0: 3 0x000000008000fdd2 (0x0880) x8  0x0000000080031f70
core   0: 0x000000008000fdd4 (0xfca43423) sd      a0, -56(s0)
core   0: 3 0x000000008000fdd4 (0xfca43423) mem 0x0000000080031f38 0x0000000080012040
core   0: 0x000000008000fdd8 (0xfcb43023) sd      a1, -64(s0)
core   0: 3 0x000000008000fdd8 (0xfcb43023) mem 0x0000000080031f30 0x0000000080012028
core   0: 0x000000008000fddc (0xfac43c23) sd      a2, -72(s0)
core   0: 3 0x000000008000fddc (0xfac43c23) mem 0x0000000080031f28 0x0000000000000000
core   0: 0x000000008000fde0 (0xfc843703) ld      a4, -56(s0)
core   0: 3 0x000000008000fde0 (0xfc843703) x14 0x0000000080012040 mem 0x0000000080031f38
core   0: 0x000000008000fde4 (0xfc043783) ld      a5, -64(s0)
core   0: 3 0x000000008000fde4 (0xfc043783) x15 0x0000000080012028 mem 0x0000000080031f30
core   0: 0x000000008000fde8 (0x00008f5d) c.or    a4, a5
core   0: 3 0x000000008000fde8 (0x8f5d) x14 0x0000000080012068
core   0: 0x000000008000fdea (0xfb843783) ld      a5, -72(s0)
core   0: 3 0x000000008000fdea (0xfb843783) x15 0x0000000000000000 mem 0x0000000080031f28
core   0: 0x000000008000fdee (0x00008fd9) c.or    a5, a4
core   0: 3 0x000000008000fdee (0x8fd9) x15 0x0000000080012068
core   0: 0x000000008000fdf0 (0x00008b9d) c.andi  a5, 7
core   0: 3 0x000000008000fdf0 (0x8b9d) x15 0x0000000000000000
core   0: 0x000000008000fdf2 (0x0000e3b1) c.bnez  a5, pc + 68
core   0: 3 0x000000008000fdf2 (0xe3b1)
core   0: 0x000000008000fdf4 (0xfc043783) ld      a5, -64(s0)
core   0: 3 0x000000008000fdf4 (0xfc043783) x15 0x0000000080012028 mem 0x0000000080031f30
core   0: 0x000000008000fdf8 (0xfef43423) sd      a5, -24(s0)
core   0: 3 0x000000008000fdf8 (0xfef43423) mem 0x0000000080031f58 0x0000000080012028
core   0: 0x000000008000fdfc (0xfc843783) ld      a5, -56(s0)
core   0: 3 0x000000008000fdfc (0xfc843783) x15 0x0000000080012040 mem 0x0000000080031f38
core   0: 0x000000008000fe00 (0xfef43023) sd      a5, -32(s0)
core   0: 3 0x000000008000fe00 (0xfef43023) mem 0x0000000080031f50 0x0000000080012040
core   0: 0x000000008000fe04 (0x0000a839) c.j     pc + 30
core   0: 3 0x000000008000fe04 (0xa839)
core   0: 0x000000008000fe22 (0xfc843703) ld      a4, -56(s0)
core   0: 3 0x000000008000fe22 (0xfc843703) x14 0x0000000080012040 mem 0x0000000080031f38
core   0: 0x000000008000fe26 (0xfb843783) ld      a5, -72(s0)
core   0: 3 0x000000008000fe26 (0xfb843783) x15 0x0000000000000000 mem 0x0000000080031f28
core   0: 0x000000008000fe2a (0x000097ba) c.add   a5, a4
core   0: 3 0x000000008000fe2a (0x97ba) x15 0x0000000080012040
core   0: 0x000000008000fe2c (0xfe043703) ld      a4, -32(s0)
core   0: 3 0x000000008000fe2c (0xfe043703) x14 0x0000000080012040 mem 0x0000000080031f50
core   0: 0x000000008000fe30 (0xfcf76be3) bltu    a4, a5, pc - 42
core   0: 3 0x000000008000fe30 (0xfcf76be3)
core   0: 0x000000008000fe34 (0x0000a099) c.j     pc + 70
core   0: 3 0x000000008000fe34 (0xa099)
core   0: 0x000000008000fe7a (0xfc843783) ld      a5, -56(s0)
core   0: 3 0x000000008000fe7a (0xfc843783) x15 0x0000000080012040 mem 0x0000000080031f38
core   0: 0x000000008000fe7e (0x0000853e) c.mv    a0, a5
core   0: 3 0x000000008000fe7e (0x853e) x10 0x0000000080012040
core   0: 0x000000008000fe80 (0x00006426) c.ldsp  s0, 72(sp)
core   0: 3 0x000000008000fe80 (0x6426) x8  0x0000000080031f90 mem 0x0000000080031f68
core   0: 0x000000008000fe82 (0x00006161) c.addi16sp sp, 80
core   0: 3 0x000000008000fe82 (0x6161) x2  0x0000000080031f70
core   0: 0x000000008000fe84 (0x00008082) ret
core   0: 3 0x000000008000fe84 (0x8082)
core   0: 0x000000008000f4da (0x00003717) auipc   a4, 0x3
core   0: 3 0x000000008000f4da (0x00003717) x14 0x00000000800124da
core   0: 0x000000008000f4de (0xbea70713) addi    a4, a4, -1046
core   0: 3 0x000000008000f4de (0xbea70713) x14 0x00000000800120c4
core   0: 0x000000008000f4e2 (0x00003797) auipc   a5, 0x3
core   0: 3 0x000000008000f4e2 (0x00003797) x15 0x00000000800124e2
core   0: 0x000000008000f4e6 (0xb4678793) addi    a5, a5, -1210
core   0: 3 0x000000008000f4e6 (0xb4678793) x15 0x0000000080012028
core   0: 0x000000008000f4ea (0x40f707b3) sub     a5, a4, a5
core   0: 3 0x000000008000f4ea (0x40f707b3) x15 0x000000000000009c
core   0: 0x000000008000f4ee (0xfef43023) sd      a5, -32(s0)
core   0: 3 0x000000008000f4ee (0xfef43023) mem 0x0000000080031f70 0x000000000000009c
core   0: 0x000000008000f4f2 (0x00008712) c.mv    a4, tp
core   0: 3 0x000000008000f4f2 (0x8712) x14 0x0000000080012040
core   0: 0x000000008000f4f4 (0xfe843783) ld      a5, -24(s0)
core   0: 3 0x000000008000f4f4 (0xfe843783) x15 0x0000000000000000 mem 0x0000000080031f78
core   0: 0x000000008000f4f8 (0x000097ba) c.add   a5, a4
core   0: 3 0x000000008000f4f8 (0x97ba) x15 0x0000000080012040
core   0: 0x000000008000f4fa (0xfe043603) ld      a2, -32(s0)
core   0: 3 0x000000008000f4fa (0xfe043603) x12 0x000000000000009c mem 0x0000000080031f70
core   0: 0x000000008000f4fe (0x00004581) c.li    a1, 0
core   0: 3 0x000000008000f4fe (0x4581) x11 0x0000000000000000
core   0: 0x000000008000f500 (0x0000853e) c.mv    a0, a5
core   0: 3 0x000000008000f500 (0x853e) x10 0x0000000080012040
core   0: 0x000000008000f502 (0x185000ef) jal     pc + 0x984
core   0: 3 0x000000008000f502 (0x185000ef) x1  0x000000008000f506
core   0: >>>>  memset
core   0: 0x000000008000fe86 (0x0000715d) c.addi16sp sp, -80
core   0: 3 0x000000008000fe86 (0x715d) x2  0x0000000080031f20
core   0: 0x000000008000fe88 (0x0000e4a2) c.sdsp  s0, 72(sp)
core   0: 3 0x000000008000fe88 (0xe4a2) mem 0x0000000080031f68 0x0000000080031f90
core   0: 0x000000008000fe8a (0x00000880) c.addi4spn s0, sp, 80
core   0: 3 0x000000008000fe8a (0x0880) x8  0x0000000080031f70
core   0: 0x000000008000fe8c (0xfca43423) sd      a0, -56(s0)
core   0: 3 0x000000008000fe8c (0xfca43423) mem 0x0000000080031f38 0x0000000080012040
core   0: 0x000000008000fe90 (0x000087ae) c.mv    a5, a1
core   0: 3 0x000000008000fe90 (0x87ae) x15 0x0000000000000000
core   0: 0x000000008000fe92 (0xfac43c23) sd      a2, -72(s0)
core   0: 3 0x000000008000fe92 (0xfac43c23) mem 0x0000000080031f28 0x000000000000009c
core   0: 0x000000008000fe96 (0xfcf42223) sw      a5, -60(s0)
core   0: 3 0x000000008000fe96 (0xfcf42223) mem 0x0000000080031f34 0x00000000
core   0: 0x000000008000fe9a (0xfc843703) ld      a4, -56(s0)
core   0: 3 0x000000008000fe9a (0xfc843703) x14 0x0000000080012040 mem 0x0000000080031f38
core   0: 0x000000008000fe9e (0xfb843783) ld      a5, -72(s0)
core   0: 3 0x000000008000fe9e (0xfb843783) x15 0x000000000000009c mem 0x0000000080031f28
core   0: 0x000000008000fea2 (0x00008fd9) c.or    a5, a4
core   0: 3 0x000000008000fea2 (0x8fd9) x15 0x00000000800120dc
core   0: 0x000000008000fea4 (0x00008b9d) c.andi  a5, 7
core   0: 3 0x000000008000fea4 (0x8b9d) x15 0x0000000000000004
core   0: 0x000000008000fea6 (0x0000e7bd) c.bnez  a5, pc + 110
core   0: 3 0x000000008000fea6 (0xe7bd)
core   0: 0x000000008000ff14 (0xfc843783) ld      a5, -56(s0)
core   0: 3 0x000000008000ff14 (0xfc843783) x15 0x0000000080012040 mem 0x0000000080031f38
core   0: 0x000000008000ff18 (0xfef43023) sd      a5, -32(s0)
core   0: 3 0x000000008000ff18 (0xfef43023) mem 0x0000000080031f50 0x0000000080012040
core   0: 0x000000008000ff1c (0x0000a829) c.j     pc + 26
core   0: 3 0x000000008000ff1c (0xa829)
core   0: 0x000000008000ff36 (0xfc843703) ld      a4, -56(s0)
core   0: 3 0x000000008000ff36 (0xfc843703) x14 0x0000000080012040 mem 0x0000000080031f38
core   0: 0x000000008000ff3a (0xfb843783) ld      a5, -72(s0)
core   0: 3 0x000000008000ff3a (0xfb843783) x15 0x000000000000009c mem 0x0000000080031f28
core   0: 0x000000008000ff3e (0x000097ba) c.add   a5, a4
core   0: 3 0x000000008000ff3e (0x97ba) x15 0x00000000800120dc
core   0: 0x000000008000ff40 (0xfe043703) ld      a4, -32(s0)
core   0: 3 0x000000008000ff40 (0xfe043703) x14 0x0000000080012040 mem 0x0000000080031f50
core   0: 0x000000008000ff44 (0xfcf76de3) bltu    a4, a5, pc - 38
core   0: 3 0x000000008000ff44 (0xfcf76de3)
core   0: 0x000000008000ff1e (0xfe043783) ld      a5, -32(s0)
core   0: 3 0x000000008000ff1e (0xfe043783) x15 0x0000000080012040 mem 0x0000000080031f50
core   0: 0x000000008000ff22 (0x00178713) addi    a4, a5, 1
core   0: 3 0x000000008000ff22 (0x00178713) x14 0x0000000080012041
core   0: 0x000000008000ff26 (0xfee43023) sd      a4, -32(s0)
core   0: 3 0x000000008000ff26 (0xfee43023) mem 0x0000000080031f50 0x0000000080012041
core   0: 0x000000008000ff2a (0xfc442703) lw      a4, -60(s0)
core   0: 3 0x000000008000ff2a (0xfc442703) x14 0x0000000000000000 mem 0x0000000080031f34
core   0: 0x000000008000ff2e (0x0ff77713) andi    a4, a4, 255
core   0: 3 0x000000008000ff2e (0x0ff77713) x14 0x0000000000000000
core   0: 0x000000008000ff32 (0x00e78023) sb      a4, 0(a5)
core   0: 3 0x000000008000ff32 (0x00e78023) mem 0x0000000080012040 0x00
core   0: 0x000000008000ff36 (0xfc843703) ld      a4, -56(s0)
core   0: 3 0x000000008000ff36 (0xfc843703) x14 0x0000000080012040 mem 0x0000000080031f38
core   0: 0x000000008000ff3a (0xfb843783) ld      a5, -72(s0)
core   0: 3 0x000000008000ff3a (0xfb843783) x15 0x000000000000009c mem 0x0000000080031f28
core   0: 0x000000008000ff3e (0x000097ba) c.add   a5, a4
core   0: 3 0x000000008000ff3e (0x97ba) x15 0x00000000800120dc
core   0: 0x000000008000ff40 (0xfe043703) ld      a4, -32(s0)
core   0: 3 0x000000008000ff40 (0xfe043703) x14 0x0000000080012041 mem 0x0000000080031f50
core   0: 0x000000008000ff44 (0xfcf76de3) bltu    a4, a5, pc - 38
core   0: 3 0x000000008000ff44 (0xfcf76de3)
core   0: 0x000000008000ff1e (0xfe043783) ld      a5, -32(s0)
core   0: 3 0x000000008000ff1e (0xfe043783) x15 0x0000000080012041 mem 0x0000000080031f50
core   0: 0x000000008000ff22 (0x00178713) addi    a4, a5, 1
core   0: 3 0x000000008000ff22 (0x00178713) x14 0x0000000080012042
core   0: 0x000000008000ff26 (0xfee43023) sd      a4, -32(s0)
core   0: 3 0x000000008000ff26 (0xfee43023) mem 0x0000000080031f50 0x0000000080012042
core   0: 0x000000008000ff2a (0xfc442703) lw      a4, -60(s0)
core   0: 3 0x000000008000ff2a (0xfc442703) x14 0x0000000000000000 mem 0x0000000080031f34
core   0: 0x000000008000ff2e (0x0ff77713) andi    a4, a4, 255
core   0: 3 0x000000008000ff2e (0x0ff77713) x14 0x0000000000000000
core   0: 0x000000008000ff32 (0x00e78023) sb      a4, 0(a5)
core   0: 3 0x000000008000ff32 (0x00e78023) mem 0x0000000080012041 0x00
core   0: 0x000000008000ff36 (0xfc843703) ld      a4, -56(s0)
core   0: 3 0x000000008000ff36 (0xfc843703) x14 0x0000000080012040 mem 0x0000000080031f38
core   0: 0x000000008000ff3a (0xfb843783) ld      a5, -72(s0)
core   0: 3 0x000000008000ff3a (0xfb843783) x15 0x000000000000009c mem 0x0000000080031f28
core   0: 0x000000008000ff3e (0x000097ba) c.add   a5, a4
core   0: 3 0x000000008000ff3e (0x97ba) x15 0x00000000800120dc
core   0: 0x000000008000ff40 (0xfe043703) ld      a4, -32(s0)
core   0: 3 0x000000008000ff40 (0xfe043703) x14 0x0000000080012042 mem 0x0000000080031f50
core   0: 0x000000008000ff44 (0xfcf76de3) bltu    a4, a5, pc - 38
core   0: 3 0x000000008000ff44 (0xfcf76de3)
core   0: 0x000000008000ff1e (0xfe043783) ld      a5, -32(s0)
core   0: 3 0x000000008000ff1e (0xfe043783) x15 0x0000000080012042 mem 0x0000000080031f50
core   0: 0x000000008000ff22 (0x00178713) addi    a4, a5, 1
core   0: 3 0x000000008000ff22 (0x00178713) x14 0x0000000080012043
core   0: 0x000000008000ff26 (0xfee43023) sd      a4, -32(s0)
core   0: 3 0x000000008000ff26 (0xfee43023) mem 0x0000000080031f50 0x0000000080012043
core   0: 0x000000008000ff2a (0xfc442703) lw      a4, -60(s0)
core   0: 3 0x000000008000ff2a (0xfc442703) x14 0x0000000000000000 mem 0x0000000080031f34
core   0: 0x000000008000ff2e (0x0ff77713) andi    a4, a4, 255
core   0: 3 0x000000008000ff2e (0x0ff77713) x14 0x0000000000000000
core   0: 0x000000008000ff32 (0x00e78023) sb      a4, 0(a5)
core   0: 3 0x000000008000ff32 (0x00e78023) mem 0x0000000080012042 0x00
core   0: 0x000000008000ff36 (0xfc843703) ld      a4, -56(s0)
core   0: 3 0x000000008000ff36 (0xfc843703) x14 0x0000000080012040 mem 0x0000000080031f38
core   0: 0x000000008000ff3a (0xfb843783) ld      a5, -72(s0)
core   0: 3 0x000000008000ff3a (0xfb843783) x15 0x000000000000009c mem 0x0000000080031f28
core   0: 0x000000008000ff3e (0x000097ba) c.add   a5, a4
core   0: 3 0x000000008000ff3e (0x97ba) x15 0x00000000800120dc
core   0: 0x000000008000ff40 (0xfe043703) ld      a4, -32(s0)
core   0: 3 0x000000008000ff40 (0xfe043703) x14 0x0000000080012043 mem 0x0000000080031f50
core   0: 0x000000008000ff44 (0xfcf76de3) bltu    a4, a5, pc - 38
core   0: 3 0x000000008000ff44 (0xfcf76de3)
core   0: 0x000000008000ff1e (0xfe043783) ld      a5, -32(s0)
core   0: 3 0x000000008000ff1e (0xfe043783) x15 0x0000000080012043 mem 0x0000000080031f50
core   0: 0x000000008000ff22 (0x00178713) addi    a4, a5, 1
core   0: 3 0x000000008000ff22 (0x00178713) x14 0x0000000080012044
core   0: 0x000000008000ff26 (0xfee43023) sd      a4, -32(s0)
core   0: 3 0x000000008000ff26 (0xfee43023) mem 0x0000000080031f50 0x0000000080012044
core   0: 0x000000008000ff2a (0xfc442703) lw      a4, -60(s0)
core   0: 3 0x000000008000ff2a (0xfc442703) x14 0x0000000000000000 mem 0x0000000080031f34
core   0: 0x000000008000ff2e (0x0ff77713) andi    a4, a4, 255
core   0: 3 0x000000008000ff2e (0x0ff77713) x14 0x0000000000000000
core   0: 0x000000008000ff32 (0x00e78023) sb      a4, 0(a5)
core   0: 3 0x000000008000ff32 (0x00e78023) mem 0x0000000080012043 0x00
core   0: 0x000000008000ff36 (0xfc843703) ld      a4, -56(s0)
core   0: 3 0x000000008000ff36 (0xfc843703) x14 0x0000000080012040 mem 0x0000000080031f38
core   0: 0x000000008000ff3a (0xfb843783) ld      a5, -72(s0)
core   0: 3 0x000000008000ff3a (0xfb843783) x15 0x000000000000009c mem 0x0000000080031f28
core   0: 0x000000008000ff3e (0x000097ba) c.add   a5, a4
core   0: 3 0x000000008000ff3e (0x97ba) x15 0x00000000800120dc
core   0: 0x000000008000ff40 (0xfe043703) ld      a4, -32(s0)
core   0: 3 0x000000008000ff40 (0xfe043703) x14 0x0000000080012044 mem 0x0000000080031f50
core   0: 0x000000008000ff44 (0xfcf76de3) bltu    a4, a5, pc - 38
core   0: 3 0x000000008000ff44 (0xfcf76de3)
core   0: 0x000000008000ff1e (0xfe043783) ld      a5, -32(s0)
core   0: 3 0x000000008000ff1e (0xfe043783) x15 0x0000000080012044 mem 0x0000000080031f50
core   0: 0x000000008000ff22 (0x00178713) addi    a4, a5, 1
core   0: 3 0x000000008000ff22 (0x00178713) x14 0x0000000080012045
core   0: 0x000000008000ff26 (0xfee43023) sd      a4, -32(s0)
core   0: 3 0x000000008000ff26 (0xfee43023) mem 0x0000000080031f50 0x0000000080012045
core   0: 0x000000008000ff2a (0xfc442703) lw      a4, -60(s0)
core   0: 3 0x000000008000ff2a (0xfc442703) x14 0x0000000000000000 mem 0x0000000080031f34
core   0: 0x000000008000ff2e (0x0ff77713) andi    a4, a4, 255
core   0: 3 0x000000008000ff2e (0x0ff77713) x14 0x0000000000000000
core   0: 0x000000008000ff32 (0x00e78023) sb      a4, 0(a5)
core   0: 3 0x000000008000ff32 (0x00e78023) mem 0x0000000080012044 0x00
core   0: 0x000000008000ff36 (0xfc843703) ld      a4, -56(s0)
core   0: 3 0x000000008000ff36 (0xfc843703) x14 0x0000000080012040 mem 0x0000000080031f38
core   0: 0x000000008000ff3a (0xfb843783) ld      a5, -72(s0)
core   0: 3 0x000000008000ff3a (0xfb843783) x15 0x000000000000009c mem 0x0000000080031f28
core   0: 0x000000008000ff3e (0x000097ba) c.add   a5, a4
core   0: 3 0x000000008000ff3e (0x97ba) x15 0x00000000800120dc
core   0: 0x000000008000ff40 (0xfe043703) ld      a4, -32(s0)
core   0: 3 0x000000008000ff40 (0xfe043703) x14 0x0000000080012045 mem 0x0000000080031f50
core   0: 0x000000008000ff44 (0xfcf76de3) bltu    a4, a5, pc - 38
core   0: 3 0x000000008000ff44 (0xfcf76de3)
core   0: 0x000000008000ff1e (0xfe043783) ld      a5, -32(s0)
core   0: 3 0x000000008000ff1e (0xfe043783) x15 0x0000000080012045 mem 0x0000000080031f50
core   0: 0x000000008000ff22 (0x00178713) addi    a4, a5, 1
core   0: 3 0x000000008000ff22 (0x00178713) x14 0x0000000080012046
core   0: 0x000000008000ff26 (0xfee43023) sd      a4, -32(s0)
core   0: 3 0x000000008000ff26 (0xfee43023) mem 0x0000000080031f50 0x0000000080012046
core   0: 0x000000008000ff2a (0xfc442703) lw      a4, -60(s0)
core   0: 3 0x000000008000ff2a (0xfc442703) x14 0x0000000000000000 mem 0x0000000080031f34
core   0: 0x000000008000ff2e (0x0ff77713) andi    a4, a4, 255
core   0: 3 0x000000008000ff2e (0x0ff77713) x14 0x0000000000000000
core   0: 0x000000008000ff32 (0x00e78023) sb      a4, 0(a5)
core   0: 3 0x000000008000ff32 (0x00e78023) mem 0x0000000080012045 0x00
core   0: 0x000000008000ff36 (0xfc843703) ld      a4, -56(s0)
core   0: 3 0x000000008000ff36 (0xfc843703) x14 0x0000000080012040 mem 0x0000000080031f38
core   0: 0x000000008000ff3a (0xfb843783) ld      a5, -72(s0)
core   0: 3 0x000000008000ff3a (0xfb843783) x15 0x000000000000009c mem 0x0000000080031f28
core   0: 0x000000008000ff3e (0x000097ba) c.add   a5, a4
core   0: 3 0x000000008000ff3e (0x97ba) x15 0x00000000800120dc
core   0: 0x000000008000ff40 (0xfe043703) ld      a4, -32(s0)
core   0: 3 0x000000008000ff40 (0xfe043703) x14 0x0000000080012046 mem 0x0000000080031f50
core   0: 0x000000008000ff44 (0xfcf76de3) bltu    a4, a5, pc - 38
core   0: 3 0x000000008000ff44 (0xfcf76de3)
core   0: 0x000000008000ff1e (0xfe043783) ld      a5, -32(s0)
core   0: 3 0x000000008000ff1e (0xfe043783) x15 0x0000000080012046 mem 0x0000000080031f50
core   0: 0x000000008000ff22 (0x00178713) addi    a4, a5, 1
core   0: 3 0x000000008000ff22 (0x00178713) x14 0x0000000080012047
core   0: 0x000000008000ff26 (0xfee43023) sd      a4, -32(s0)
core   0: 3 0x000000008000ff26 (0xfee43023) mem 0x0000000080031f50 0x0000000080012047
core   0: 0x000000008000ff2a (0xfc442703) lw      a4, -60(s0)
core   0: 3 0x000000008000ff2a (0xfc442703) x14 0x0000000000000000 mem 0x0000000080031f34
core   0: 0x000000008000ff2e (0x0ff77713) andi    a4, a4, 255
core   0: 3 0x000000008000ff2e (0x0ff77713) x14 0x0000000000000000
core   0: 0x000000008000ff32 (0x00e78023) sb      a4, 0(a5)
core   0: 3 0x000000008000ff32 (0x00e78023) mem 0x0000000080012046 0x00
core   0: 0x000000008000ff36 (0xfc843703) ld      a4, -56(s0)
core   0: 3 0x000000008000ff36 (0xfc843703) x14 0x0000000080012040 mem 0x0000000080031f38
core   0: 0x000000008000ff3a (0xfb843783) ld      a5, -72(s0)
core   0: 3 0x000000008000ff3a (0xfb843783) x15 0x000000000000009c mem 0x0000000080031f28
core   0: 0x000000008000ff3e (0x000097ba) c.add   a5, a4
core   0: 3 0x000000008000ff3e (0x97ba) x15 0x00000000800120dc
core   0: 0x000000008000ff40 (0xfe043703) ld      a4, -32(s0)
core   0: 3 0x000000008000ff40 (0xfe043703) x14 0x0000000080012047 mem 0x0000000080031f50
core   0: 0x000000008000ff44 (0xfcf76de3) bltu    a4, a5, pc - 38
core   0: 3 0x000000008000ff44 (0xfcf76de3)
core   0: 0x000000008000ff1e (0xfe043783) ld      a5, -32(s0)
core   0: 3 0x000000008000ff1e (0xfe043783) x15 0x0000000080012047 mem 0x0000000080031f50
core   0: 0x000000008000ff22 (0x00178713) addi    a4, a5, 1
core   0: 3 0x000000008000ff22 (0x00178713) x14 0x0000000080012048
core   0: 0x000000008000ff26 (0xfee43023) sd      a4, -32(s0)
core   0: 3 0x000000008000ff26 (0xfee43023) mem 0x0000000080031f50 0x0000000080012048
core   0: 0x000000008000ff2a (0xfc442703) lw      a4, -60(s0)
core   0: 3 0x000000008000ff2a (0xfc442703) x14 0x0000000000000000 mem 0x0000000080031f34
core   0: 0x000000008000ff2e (0x0ff77713) andi    a4, a4, 255
core   0: 3 0x000000008000ff2e (0x0ff77713) x14 0x0000000000000000
core   0: 0x000000008000ff32 (0x00e78023) sb      a4, 0(a5)
core   0: 3 0x000000008000ff32 (0x00e78023) mem 0x0000000080012047 0x00
core   0: 0x000000008000ff36 (0xfc843703) ld      a4, -56(s0)
core   0: 3 0x000000008000ff36 (0xfc843703) x14 0x0000000080012040 mem 0x0000000080031f38
core   0: 0x000000008000ff3a (0xfb843783) ld      a5, -72(s0)
core   0: 3 0x000000008000ff3a (0xfb843783) x15 0x000000000000009c mem 0x0000000080031f28
core   0: 0x000000008000ff3e (0x000097ba) c.add   a5, a4
core   0: 3 0x000000008000ff3e (0x97ba) x15 0x00000000800120dc
core   0: 0x000000008000ff40 (0xfe043703) ld      a4, -32(s0)
core   0: 3 0x000000008000ff40 (0xfe043703) x14 0x0000000080012048 mem 0x0000000080031f50
core   0: 0x000000008000ff44 (0xfcf76de3) bltu    a4, a5, pc - 38
core   0: 3 0x000000008000ff44 (0xfcf76de3)
core   0: 0x000000008000ff1e (0xfe043783) ld      a5, -32(s0)
core   0: 3 0x000000008000ff1e (0xfe043783) x15 0x0000000080012048 mem 0x0000000080031f50
core   0: 0x000000008000ff22 (0x00178713) addi    a4, a5, 1
core   0: 3 0x000000008000ff22 (0x00178713) x14 0x0000000080012049
core   0: 0x000000008000ff26 (0xfee43023) sd      a4, -32(s0)
core   0: 3 0x000000008000ff26 (0xfee43023) mem 0x0000000080031f50 0x0000000080012049
core   0: 0x000000008000ff2a (0xfc442703) lw      a4, -60(s0)
core   0: 3 0x000000008000ff2a (0xfc442703) x14 0x0000000000000000 mem 0x0000000080031f34
core   0: 0x000000008000ff2e (0x0ff77713) andi    a4, a4, 255
core   0: 3 0x000000008000ff2e (0x0ff77713) x14 0x0000000000000000
core   0: 0x000000008000ff32 (0x00e78023) sb      a4, 0(a5)
core   0: 3 0x000000008000ff32 (0x00e78023) mem 0x0000000080012048 0x00
core   0: 0x000000008000ff36 (0xfc843703) ld      a4, -56(s0)
core   0: 3 0x000000008000ff36 (0xfc843703) x14 0x0000000080012040 mem 0x0000000080031f38
core   0: 0x000000008000ff3a (0xfb843783) ld      a5, -72(s0)
core   0: 3 0x000000008000ff3a (0xfb843783) x15 0x000000000000009c mem 0x0000000080031f28
core   0: 0x000000008000ff3e (0x000097ba) c.add   a5, a4
core   0: 3 0x000000008000ff3e (0x97ba) x15 0x00000000800120dc
core   0: 0x000000008000ff40 (0xfe043703) ld      a4, -32(s0)
core   0: 3 0x000000008000ff40 (0xfe043703) x14 0x0000000080012049 mem 0x0000000080031f50
core   0: 0x000000008000ff44 (0xfcf76de3) bltu    a4, a5, pc - 38
core   0: 3 0x000000008000ff44 (0xfcf76de3)
core   0: 0x000000008000ff1e (0xfe043783) ld      a5, -32(s0)
core   0: 3 0x000000008000ff1e (0xfe043783) x15 0x0000000080012049 mem 0x0000000080031f50
core   0: 0x000000008000ff22 (0x00178713) addi    a4, a5, 1
core   0: 3 0x000000008000ff22 (0x00178713) x14 0x000000008001204a
core   0: 0x000000008000ff26 (0xfee43023) sd      a4, -32(s0)
core   0: 3 0x000000008000ff26 (0xfee43023) mem 0x0000000080031f50 0x000000008001204a
core   0: 0x000000008000ff2a (0xfc442703) lw      a4, -60(s0)
core   0: 3 0x000000008000ff2a (0xfc442703) x14 0x0000000000000000 mem 0x0000000080031f34
core   0: 0x000000008000ff2e (0x0ff77713) andi    a4, a4, 255
core   0: 3 0x000000008000ff2e (0x0ff77713) x14 0x0000000000000000
core   0: 0x000000008000ff32 (0x00e78023) sb      a4, 0(a5)
core   0: 3 0x000000008000ff32 (0x00e78023) mem 0x0000000080012049 0x00
core   0: 0x000000008000ff36 (0xfc843703) ld      a4, -56(s0)
core   0: 3 0x000000008000ff36 (0xfc843703) x14 0x0000000080012040 mem 0x0000000080031f38
core   0: 0x000000008000ff3a (0xfb843783) ld      a5, -72(s0)
core   0: 3 0x000000008000ff3a (0xfb843783) x15 0x000000000000009c mem 0x0000000080031f28
core   0: 0x000000008000ff3e (0x000097ba) c.add   a5, a4
core   0: 3 0x000000008000ff3e (0x97ba) x15 0x00000000800120dc
core   0: 0x000000008000ff40 (0xfe043703) ld      a4, -32(s0)
core   0: 3 0x000000008000ff40 (0xfe043703) x14 0x000000008001204a mem 0x0000000080031f50
core   0: 0x000000008000ff44 (0xfcf76de3) bltu    a4, a5, pc - 38
core   0: 3 0x000000008000ff44 (0xfcf76de3)
core   0: 0x000000008000ff1e (0xfe043783) ld      a5, -32(s0)
core   0: 3 0x000000008000ff1e (0xfe043783) x15 0x000000008001204a mem 0x0000000080031f50
core   0: 0x000000008000ff22 (0x00178713) addi    a4, a5, 1
core   0: 3 0x000000008000ff22 (0x00178713) x14 0x000000008001204b
core   0: 0x000000008000ff26 (0xfee43023) sd      a4, -32(s0)
core   0: 3 0x000000008000ff26 (0xfee43023) mem 0x0000000080031f50 0x000000008001204b
core   0: 0x000000008000ff2a (0xfc442703) lw      a4, -60(s0)
core   0: 3 0x000000008000ff2a (0xfc442703) x14 0x0000000000000000 mem 0x0000000080031f34
core   0: 0x000000008000ff2e (0x0ff77713) andi    a4, a4, 255
core   0: 3 0x000000008000ff2e (0x0ff77713) x14 0x0000000000000000
core   0: 0x000000008000ff32 (0x00e78023) sb      a4, 0(a5)
core   0: 3 0x000000008000ff32 (0x00e78023) mem 0x000000008001204a 0x00
core   0: 0x000000008000ff36 (0xfc843703) ld      a4, -56(s0)
core   0: 3 0x000000008000ff36 (0xfc843703) x14 0x0000000080012040 mem 0x0000000080031f38
core   0: 0x000000008000ff3a (0xfb843783) ld      a5, -72(s0)
core   0: 3 0x000000008000ff3a (0xfb843783) x15 0x000000000000009c mem 0x0000000080031f28
core   0: 0x000000008000ff3e (0x000097ba) c.add   a5, a4
core   0: 3 0x000000008000ff3e (0x97ba) x15 0x00000000800120dc
core   0: 0x000000008000ff40 (0xfe043703) ld      a4, -32(s0)
core   0: 3 0x000000008000ff40 (0xfe043703) x14 0x000000008001204b mem 0x0000000080031f50
core   0: 0x000000008000ff44 (0xfcf76de3) bltu    a4, a5, pc - 38
core   0: 3 0x000000008000ff44 (0xfcf76de3)
core   0: 0x000000008000ff1e (0xfe043783) ld      a5, -32(s0)
core   0: 3 0x000000008000ff1e (0xfe043783) x15 0x000000008001204b mem 0x0000000080031f50
core   0: 0x000000008000ff22 (0x00178713) addi    a4, a5, 1
core   0: 3 0x000000008000ff22 (0x00178713) x14 0x000000008001204c
core   0: 0x000000008000ff26 (0xfee43023) sd      a4, -32(s0)
core   0: 3 0x000000008000ff26 (0xfee43023) mem 0x0000000080031f50 0x000000008001204c
core   0: 0x000000008000ff2a (0xfc442703) lw      a4, -60(s0)
core   0: 3 0x000000008000ff2a (0xfc442703) x14 0x0000000000000000 mem 0x0000000080031f34
core   0: 0x000000008000ff2e (0x0ff77713) andi    a4, a4, 255
core   0: 3 0x000000008000ff2e (0x0ff77713) x14 0x0000000000000000
core   0: 0x000000008000ff32 (0x00e78023) sb      a4, 0(a5)
core   0: 3 0x000000008000ff32 (0x00e78023) mem 0x000000008001204b 0x00
core   0: 0x000000008000ff36 (0xfc843703) ld      a4, -56(s0)
core   0: 3 0x000000008000ff36 (0xfc843703) x14 0x0000000080012040 mem 0x0000000080031f38
core   0: 0x000000008000ff3a (0xfb843783) ld      a5, -72(s0)
core   0: 3 0x000000008000ff3a (0xfb843783) x15 0x000000000000009c mem 0x0000000080031f28
core   0: 0x000000008000ff3e (0x000097ba) c.add   a5, a4
core   0: 3 0x000000008000ff3e (0x97ba) x15 0x00000000800120dc
core   0: 0x000000008000ff40 (0xfe043703) ld      a4, -32(s0)
core   0: 3 0x000000008000ff40 (0xfe043703) x14 0x000000008001204c mem 0x0000000080031f50
core   0: 0x000000008000ff44 (0xfcf76de3) bltu    a4, a5, pc - 38
core   0: 3 0x000000008000ff44 (0xfcf76de3)
core   0: 0x000000008000ff1e (0xfe043783) ld      a5, -32(s0)
core   0: 3 0x000000008000ff1e (0xfe043783) x15 0x000000008001204c mem 0x0000000080031f50
core   0: 0x000000008000ff22 (0x00178713) addi    a4, a5, 1
core   0: 3 0x000000008000ff22 (0x00178713) x14 0x000000008001204d
core   0: 0x000000008000ff26 (0xfee43023) sd      a4, -32(s0)
core   0: 3 0x000000008000ff26 (0xfee43023) mem 0x0000000080031f50 0x000000008001204d
core   0: 0x000000008000ff2a (0xfc442703) lw      a4, -60(s0)
core   0: 3 0x000000008000ff2a (0xfc442703) x14 0x0000000000000000 mem 0x0000000080031f34
core   0: 0x000000008000ff2e (0x0ff77713) andi    a4, a4, 255
core   0: 3 0x000000008000ff2e (0x0ff77713) x14 0x0000000000000000
core   0: 0x000000008000ff32 (0x00e78023) sb      a4, 0(a5)
core   0: 3 0x000000008000ff32 (0x00e78023) mem 0x000000008001204c 0x00
core   0: 0x000000008000ff36 (0xfc843703) ld      a4, -56(s0)
core   0: 3 0x000000008000ff36 (0xfc843703) x14 0x0000000080012040 mem 0x0000000080031f38
core   0: 0x000000008000ff3a (0xfb843783) ld      a5, -72(s0)
core   0: 3 0x000000008000ff3a (0xfb843783) x15 0x000000000000009c mem 0x0000000080031f28
core   0: 0x000000008000ff3e (0x000097ba) c.add   a5, a4
core   0: 3 0x000000008000ff3e (0x97ba) x15 0x00000000800120dc
core   0: 0x000000008000ff40 (0xfe043703) ld      a4, -32(s0)
core   0: 3 0x000000008000ff40 (0xfe043703) x14 0x000000008001204d mem 0x0000000080031f50
core   0: 0x000000008000ff44 (0xfcf76de3) bltu    a4, a5, pc - 38
core   0: 3 0x000000008000ff44 (0xfcf76de3)
core   0: 0x000000008000ff1e (0xfe043783) ld      a5, -32(s0)
core   0: 3 0x000000008000ff1e (0xfe043783) x15 0x000000008001204d mem 0x0000000080031f50
core   0: 0x000000008000ff22 (0x00178713) addi    a4, a5, 1
core   0: 3 0x000000008000ff22 (0x00178713) x14 0x000000008001204e
core   0: 0x000000008000ff26 (0xfee43023) sd      a4, -32(s0)
core   0: 3 0x000000008000ff26 (0xfee43023) mem 0x0000000080031f50 0x000000008001204e
core   0: 0x000000008000ff2a (0xfc442703) lw      a4, -60(s0)
core   0: 3 0x000000008000ff2a (0xfc442703) x14 0x0000000000000000 mem 0x0000000080031f34
core   0: 0x000000008000ff2e (0x0ff77713) andi    a4, a4, 255
core   0: 3 0x000000008000ff2e (0x0ff77713) x14 0x0000000000000000
core   0: 0x000000008000ff32 (0x00e78023) sb      a4, 0(a5)
core   0: 3 0x000000008000ff32 (0x00e78023) mem 0x000000008001204d 0x00
core   0: 0x000000008000ff36 (0xfc843703) ld      a4, -56(s0)
core   0: 3 0x000000008000ff36 (0xfc843703) x14 0x0000000080012040 mem 0x0000000080031f38
core   0: 0x000000008000ff3a (0xfb843783) ld      a5, -72(s0)
core   0: 3 0x000000008000ff3a (0xfb843783) x15 0x000000000000009c mem 0x0000000080031f28
core   0: 0x000000008000ff3e (0x000097ba) c.add   a5, a4
core   0: 3 0x000000008000ff3e (0x97ba) x15 0x00000000800120dc
core   0: 0x000000008000ff40 (0xfe043703) ld      a4, -32(s0)
core   0: 3 0x000000008000ff40 (0xfe043703) x14 0x000000008001204e mem 0x0000000080031f50
core   0: 0x000000008000ff44 (0xfcf76de3) bltu    a4, a5, pc - 38
core   0: 3 0x000000008000ff44 (0xfcf76de3)
core   0: 0x000000008000ff1e (0xfe043783) ld      a5, -32(s0)
core   0: 3 0x000000008000ff1e (0xfe043783) x15 0x000000008001204e mem 0x0000000080031f50
core   0: 0x000000008000ff22 (0x00178713) addi    a4, a5, 1
core   0: 3 0x000000008000ff22 (0x00178713) x14 0x000000008001204f
core   0: 0x000000008000ff26 (0xfee43023) sd      a4, -32(s0)
core   0: 3 0x000000008000ff26 (0xfee43023) mem 0x0000000080031f50 0x000000008001204f
core   0: 0x000000008000ff2a (0xfc442703) lw      a4, -60(s0)
core   0: 3 0x000000008000ff2a (0xfc442703) x14 0x0000000000000000 mem 0x0000000080031f34
core   0: 0x000000008000ff2e (0x0ff77713) andi    a4, a4, 255
core   0: 3 0x000000008000ff2e (0x0ff77713) x14 0x0000000000000000
core   0: 0x000000008000ff32 (0x00e78023) sb      a4, 0(a5)
core   0: 3 0x000000008000ff32 (0x00e78023) mem 0x000000008001204e 0x00
core   0: 0x000000008000ff36 (0xfc843703) ld      a4, -56(s0)
core   0: 3 0x000000008000ff36 (0xfc843703) x14 0x0000000080012040 mem 0x0000000080031f38
core   0: 0x000000008000ff3a (0xfb843783) ld      a5, -72(s0)
core   0: 3 0x000000008000ff3a (0xfb843783) x15 0x000000000000009c mem 0x0000000080031f28
core   0: 0x000000008000ff3e (0x000097ba) c.add   a5, a4
core   0: 3 0x000000008000ff3e (0x97ba) x15 0x00000000800120dc
core   0: 0x000000008000ff40 (0xfe043703) ld      a4, -32(s0)
core   0: 3 0x000000008000ff40 (0xfe043703) x14 0x000000008001204f mem 0x0000000080031f50
core   0: 0x000000008000ff44 (0xfcf76de3) bltu    a4, a5, pc - 38
core   0: 3 0x000000008000ff44 (0xfcf76de3)
core   0: 0x000000008000ff1e (0xfe043783) ld      a5, -32(s0)
core   0: 3 0x000000008000ff1e (0xfe043783) x15 0x000000008001204f mem 0x0000000080031f50
core   0: 0x000000008000ff22 (0x00178713) addi    a4, a5, 1
core   0: 3 0x000000008000ff22 (0x00178713) x14 0x0000000080012050
core   0: 0x000000008000ff26 (0xfee43023) sd      a4, -32(s0)
core   0: 3 0x000000008000ff26 (0xfee43023) mem 0x0000000080031f50 0x0000000080012050
core   0: 0x000000008000ff2a (0xfc442703) lw      a4, -60(s0)
core   0: 3 0x000000008000ff2a (0xfc442703) x14 0x0000000000000000 mem 0x0000000080031f34
core   0: 0x000000008000ff2e (0x0ff77713) andi    a4, a4, 255
core   0: 3 0x000000008000ff2e (0x0ff77713) x14 0x0000000000000000
core   0: 0x000000008000ff32 (0x00e78023) sb      a4, 0(a5)
core   0: 3 0x000000008000ff32 (0x00e78023) mem 0x000000008001204f 0x00
core   0: 0x000000008000ff36 (0xfc843703) ld      a4, -56(s0)
core   0: 3 0x000000008000ff36 (0xfc843703) x14 0x0000000080012040 mem 0x0000000080031f38
core   0: 0x000000008000ff3a (0xfb843783) ld      a5, -72(s0)
core   0: 3 0x000000008000ff3a (0xfb843783) x15 0x000000000000009c mem 0x0000000080031f28
core   0: 0x000000008000ff3e (0x000097ba) c.add   a5, a4
core   0: 3 0x000000008000ff3e (0x97ba) x15 0x00000000800120dc
core   0: 0x000000008000ff40 (0xfe043703) ld      a4, -32(s0)
core   0: 3 0x000000008000ff40 (0xfe043703) x14 0x0000000080012050 mem 0x0000000080031f50
core   0: 0x000000008000ff44 (0xfcf76de3) bltu    a4, a5, pc - 38
core   0: 3 0x000000008000ff44 (0xfcf76de3)
core   0: 0x000000008000ff1e (0xfe043783) ld      a5, -32(s0)
core   0: 3 0x000000008000ff1e (0xfe043783) x15 0x0000000080012050 mem 0x0000000080031f50
core   0: 0x000000008000ff22 (0x00178713) addi    a4, a5, 1
core   0: 3 0x000000008000ff22 (0x00178713) x14 0x0000000080012051
core   0: 0x000000008000ff26 (0xfee43023) sd      a4, -32(s0)
core   0: 3 0x000000008000ff26 (0xfee43023) mem 0x0000000080031f50 0x0000000080012051
core   0: 0x000000008000ff2a (0xfc442703) lw      a4, -60(s0)
core   0: 3 0x000000008000ff2a (0xfc442703) x14 0x0000000000000000 mem 0x0000000080031f34
core   0: 0x000000008000ff2e (0x0ff77713) andi    a4, a4, 255
core   0: 3 0x000000008000ff2e (0x0ff77713) x14 0x0000000000000000
core   0: 0x000000008000ff32 (0x00e78023) sb      a4, 0(a5)
core   0: 3 0x000000008000ff32 (0x00e78023) mem 0x0000000080012050 0x00
core   0: 0x000000008000ff36 (0xfc843703) ld      a4, -56(s0)
core   0: 3 0x000000008000ff36 (0xfc843703) x14 0x0000000080012040 mem 0x0000000080031f38
core   0: 0x000000008000ff3a (0xfb843783) ld      a5, -72(s0)
core   0: 3 0x000000008000ff3a (0xfb843783) x15 0x000000000000009c mem 0x0000000080031f28
core   0: 0x000000008000ff3e (0x000097ba) c.add   a5, a4
core   0: 3 0x000000008000ff3e (0x97ba) x15 0x00000000800120dc
core   0: 0x000000008000ff40 (0xfe043703) ld      a4, -32(s0)
core   0: 3 0x000000008000ff40 (0xfe043703) x14 0x0000000080012051 mem 0x0000000080031f50
core   0: 0x000000008000ff44 (0xfcf76de3) bltu    a4, a5, pc - 38
core   0: 3 0x000000008000ff44 (0xfcf76de3)
core   0: 0x000000008000ff1e (0xfe043783) ld      a5, -32(s0)
core   0: 3 0x000000008000ff1e (0xfe043783) x15 0x0000000080012051 mem 0x0000000080031f50
core   0: 0x000000008000ff22 (0x00178713) addi    a4, a5, 1
core   0: 3 0x000000008000ff22 (0x00178713) x14 0x0000000080012052
core   0: 0x000000008000ff26 (0xfee43023) sd      a4, -32(s0)
core   0: 3 0x000000008000ff26 (0xfee43023) mem 0x0000000080031f50 0x0000000080012052
core   0: 0x000000008000ff2a (0xfc442703) lw      a4, -60(s0)
core   0: 3 0x000000008000ff2a (0xfc442703) x14 0x0000000000000000 mem 0x0000000080031f34
core   0: 0x000000008000ff2e (0x0ff77713) andi    a4, a4, 255
core   0: 3 0x000000008000ff2e (0x0ff77713) x14 0x0000000000000000
core   0: 0x000000008000ff32 (0x00e78023) sb      a4, 0(a5)
core   0: 3 0x000000008000ff32 (0x00e78023) mem 0x0000000080012051 0x00
core   0: 0x000000008000ff36 (0xfc843703) ld      a4, -56(s0)
core   0: 3 0x000000008000ff36 (0xfc843703) x14 0x0000000080012040 mem 0x0000000080031f38
core   0: 0x000000008000ff3a (0xfb843783) ld      a5, -72(s0)
core   0: 3 0x000000008000ff3a (0xfb843783) x15 0x000000000000009c mem 0x0000000080031f28
core   0: 0x000000008000ff3e (0x000097ba) c.add   a5, a4
core   0: 3 0x000000008000ff3e (0x97ba) x15 0x00000000800120dc
core   0: 0x000000008000ff40 (0xfe043703) ld      a4, -32(s0)
core   0: 3 0x000000008000ff40 (0xfe043703) x14 0x0000000080012052 mem 0x0000000080031f50
core   0: 0x000000008000ff44 (0xfcf76de3) bltu    a4, a5, pc - 38
core   0: 3 0x000000008000ff44 (0xfcf76de3)
core   0: 0x000000008000ff1e (0xfe043783) ld      a5, -32(s0)
core   0: 3 0x000000008000ff1e (0xfe043783) x15 0x0000000080012052 mem 0x0000000080031f50
core   0: 0x000000008000ff22 (0x00178713) addi    a4, a5, 1
core   0: 3 0x000000008000ff22 (0x00178713) x14 0x0000000080012053
core   0: 0x000000008000ff26 (0xfee43023) sd      a4, -32(s0)
core   0: 3 0x000000008000ff26 (0xfee43023) mem 0x0000000080031f50 0x0000000080012053
core   0: 0x000000008000ff2a (0xfc442703) lw      a4, -60(s0)
core   0: 3 0x000000008000ff2a (0xfc442703) x14 0x0000000000000000 mem 0x0000000080031f34
core   0: 0x000000008000ff2e (0x0ff77713) andi    a4, a4, 255
core   0: 3 0x000000008000ff2e (0x0ff77713) x14 0x0000000000000000
core   0: 0x000000008000ff32 (0x00e78023) sb      a4, 0(a5)
core   0: 3 0x000000008000ff32 (0x00e78023) mem 0x0000000080012052 0x00
core   0: 0x000000008000ff36 (0xfc843703) ld      a4, -56(s0)
core   0: 3 0x000000008000ff36 (0xfc843703) x14 0x0000000080012040 mem 0x0000000080031f38
core   0: 0x000000008000ff3a (0xfb843783) ld      a5, -72(s0)
core   0: 3 0x000000008000ff3a (0xfb843783) x15 0x000000000000009c mem 0x0000000080031f28
core   0: 0x000000008000ff3e (0x000097ba) c.add   a5, a4
core   0: 3 0x000000008000ff3e (0x97ba) x15 0x00000000800120dc
core   0: 0x000000008000ff40 (0xfe043703) ld      a4, -32(s0)
core   0: 3 0x000000008000ff40 (0xfe043703) x14 0x0000000080012053 mem 0x0000000080031f50
core   0: 0x000000008000ff44 (0xfcf76de3) bltu    a4, a5, pc - 38
core   0: 3 0x000000008000ff44 (0xfcf76de3)
core   0: 0x000000008000ff1e (0xfe043783) ld      a5, -32(s0)
core   0: 3 0x000000008000ff1e (0xfe043783) x15 0x0000000080012053 mem 0x0000000080031f50
core   0: 0x000000008000ff22 (0x00178713) addi    a4, a5, 1
core   0: 3 0x000000008000ff22 (0x00178713) x14 0x0000000080012054
core   0: 0x000000008000ff26 (0xfee43023) sd      a4, -32(s0)
core   0: 3 0x000000008000ff26 (0xfee43023) mem 0x0000000080031f50 0x0000000080012054
core   0: 0x000000008000ff2a (0xfc442703) lw      a4, -60(s0)
core   0: 3 0x000000008000ff2a (0xfc442703) x14 0x0000000000000000 mem 0x0000000080031f34
core   0: 0x000000008000ff2e (0x0ff77713) andi    a4, a4, 255
core   0: 3 0x000000008000ff2e (0x0ff77713) x14 0x0000000000000000
core   0: 0x000000008000ff32 (0x00e78023) sb      a4, 0(a5)
core   0: 3 0x000000008000ff32 (0x00e78023) mem 0x0000000080012053 0x00
core   0: 0x000000008000ff36 (0xfc843703) ld      a4, -56(s0)
core   0: 3 0x000000008000ff36 (0xfc843703) x14 0x0000000080012040 mem 0x0000000080031f38
core   0: 0x000000008000ff3a (0xfb843783) ld      a5, -72(s0)
core   0: 3 0x000000008000ff3a (0xfb843783) x15 0x000000000000009c mem 0x0000000080031f28
core   0: 0x000000008000ff3e (0x000097ba) c.add   a5, a4
core   0: 3 0x000000008000ff3e (0x97ba) x15 0x00000000800120dc
core   0: 0x000000008000ff40 (0xfe043703) ld      a4, -32(s0)
core   0: 3 0x000000008000ff40 (0xfe043703) x14 0x0000000080012054 mem 0x0000000080031f50
core   0: 0x000000008000ff44 (0xfcf76de3) bltu    a4, a5, pc - 38
core   0: 3 0x000000008000ff44 (0xfcf76de3)
core   0: 0x000000008000ff1e (0xfe043783) ld      a5, -32(s0)
core   0: 3 0x000000008000ff1e (0xfe043783) x15 0x0000000080012054 mem 0x0000000080031f50
core   0: 0x000000008000ff22 (0x00178713) addi    a4, a5, 1
core   0: 3 0x000000008000ff22 (0x00178713) x14 0x0000000080012055
core   0: 0x000000008000ff26 (0xfee43023) sd      a4, -32(s0)
core   0: 3 0x000000008000ff26 (0xfee43023) mem 0x0000000080031f50 0x0000000080012055
core   0: 0x000000008000ff2a (0xfc442703) lw      a4, -60(s0)
core   0: 3 0x000000008000ff2a (0xfc442703) x14 0x0000000000000000 mem 0x0000000080031f34
core   0: 0x000000008000ff2e (0x0ff77713) andi    a4, a4, 255
core   0: 3 0x000000008000ff2e (0x0ff77713) x14 0x0000000000000000
core   0: 0x000000008000ff32 (0x00e78023) sb      a4, 0(a5)
core   0: 3 0x000000008000ff32 (0x00e78023) mem 0x0000000080012054 0x00
core   0: 0x000000008000ff36 (0xfc843703) ld      a4, -56(s0)
core   0: 3 0x000000008000ff36 (0xfc843703) x14 0x0000000080012040 mem 0x0000000080031f38
core   0: 0x000000008000ff3a (0xfb843783) ld      a5, -72(s0)
core   0: 3 0x000000008000ff3a (0xfb843783) x15 0x000000000000009c mem 0x0000000080031f28
core   0: 0x000000008000ff3e (0x000097ba) c.add   a5, a4
core   0: 3 0x000000008000ff3e (0x97ba) x15 0x00000000800120dc
core   0: 0x000000008000ff40 (0xfe043703) ld      a4, -32(s0)
core   0: 3 0x000000008000ff40 (0xfe043703) x14 0x0000000080012055 mem 0x0000000080031f50
core   0: 0x000000008000ff44 (0xfcf76de3) bltu    a4, a5, pc - 38
core   0: 3 0x000000008000ff44 (0xfcf76de3)
core   0: 0x000000008000ff1e (0xfe043783) ld      a5, -32(s0)
core   0: 3 0x000000008000ff1e (0xfe043783) x15 0x0000000080012055 mem 0x0000000080031f50
core   0: 0x000000008000ff22 (0x00178713) addi    a4, a5, 1
core   0: 3 0x000000008000ff22 (0x00178713) x14 0x0000000080012056
core   0: 0x000000008000ff26 (0xfee43023) sd      a4, -32(s0)
core   0: 3 0x000000008000ff26 (0xfee43023) mem 0x0000000080031f50 0x0000000080012056
core   0: 0x000000008000ff2a (0xfc442703) lw      a4, -60(s0)
core   0: 3 0x000000008000ff2a (0xfc442703) x14 0x0000000000000000 mem 0x0000000080031f34
core   0: 0x000000008000ff2e (0x0ff77713) andi    a4, a4, 255
core   0: 3 0x000000008000ff2e (0x0ff77713) x14 0x0000000000000000
core   0: 0x000000008000ff32 (0x00e78023) sb      a4, 0(a5)
core   0: 3 0x000000008000ff32 (0x00e78023) mem 0x0000000080012055 0x00
core   0: 0x000000008000ff36 (0xfc843703) ld      a4, -56(s0)
core   0: 3 0x000000008000ff36 (0xfc843703) x14 0x0000000080012040 mem 0x0000000080031f38
core   0: 0x000000008000ff3a (0xfb843783) ld      a5, -72(s0)
core   0: 3 0x000000008000ff3a (0xfb843783) x15 0x000000000000009c mem 0x0000000080031f28
core   0: 0x000000008000ff3e (0x000097ba) c.add   a5, a4
core   0: 3 0x000000008000ff3e (0x97ba) x15 0x00000000800120dc
core   0: 0x000000008000ff40 (0xfe043703) ld      a4, -32(s0)
core   0: 3 0x000000008000ff40 (0xfe043703) x14 0x0000000080012056 mem 0x0000000080031f50
core   0: 0x000000008000ff44 (0xfcf76de3) bltu    a4, a5, pc - 38
core   0: 3 0x000000008000ff44 (0xfcf76de3)
core   0: 0x000000008000ff1e (0xfe043783) ld      a5, -32(s0)
core   0: 3 0x000000008000ff1e (0xfe043783) x15 0x0000000080012056 mem 0x0000000080031f50
core   0: 0x000000008000ff22 (0x00178713) addi    a4, a5, 1
core   0: 3 0x000000008000ff22 (0x00178713) x14 0x0000000080012057
core   0: 0x000000008000ff26 (0xfee43023) sd      a4, -32(s0)
core   0: 3 0x000000008000ff26 (0xfee43023) mem 0x0000000080031f50 0x0000000080012057
core   0: 0x000000008000ff2a (0xfc442703) lw      a4, -60(s0)
core   0: 3 0x000000008000ff2a (0xfc442703) x14 0x0000000000000000 mem 0x0000000080031f34
core   0: 0x000000008000ff2e (0x0ff77713) andi    a4, a4, 255
core   0: 3 0x000000008000ff2e (0x0ff77713) x14 0x0000000000000000
core   0: 0x000000008000ff32 (0x00e78023) sb      a4, 0(a5)
core   0: 3 0x000000008000ff32 (0x00e78023) mem 0x0000000080012056 0x00
core   0: 0x000000008000ff36 (0xfc843703) ld      a4, -56(s0)
core   0: 3 0x000000008000ff36 (0xfc843703) x14 0x0000000080012040 mem 0x0000000080031f38
core   0: 0x000000008000ff3a (0xfb843783) ld      a5, -72(s0)
core   0: 3 0x000000008000ff3a (0xfb843783) x15 0x000000000000009c mem 0x0000000080031f28
core   0: 0x000000008000ff3e (0x000097ba) c.add   a5, a4
core   0: 3 0x000000008000ff3e (0x97ba) x15 0x00000000800120dc
core   0: 0x000000008000ff40 (0xfe043703) ld      a4, -32(s0)
core   0: 3 0x000000008000ff40 (0xfe043703) x14 0x0000000080012057 mem 0x0000000080031f50
core   0: 0x000000008000ff44 (0xfcf76de3) bltu    a4, a5, pc - 38
core   0: 3 0x000000008000ff44 (0xfcf76de3)
core   0: 0x000000008000ff1e (0xfe043783) ld      a5, -32(s0)
core   0: 3 0x000000008000ff1e (0xfe043783) x15 0x0000000080012057 mem 0x0000000080031f50
core   0: 0x000000008000ff22 (0x00178713) addi    a4, a5, 1
core   0: 3 0x000000008000ff22 (0x00178713) x14 0x0000000080012058
core   0: 0x000000008000ff26 (0xfee43023) sd      a4, -32(s0)
core   0: 3 0x000000008000ff26 (0xfee43023) mem 0x0000000080031f50 0x0000000080012058
core   0: 0x000000008000ff2a (0xfc442703) lw      a4, -60(s0)
core   0: 3 0x000000008000ff2a (0xfc442703) x14 0x0000000000000000 mem 0x0000000080031f34
core   0: 0x000000008000ff2e (0x0ff77713) andi    a4, a4, 255
core   0: 3 0x000000008000ff2e (0x0ff77713) x14 0x0000000000000000
core   0: 0x000000008000ff32 (0x00e78023) sb      a4, 0(a5)
core   0: 3 0x000000008000ff32 (0x00e78023) mem 0x0000000080012057 0x00
core   0: 0x000000008000ff36 (0xfc843703) ld      a4, -56(s0)
core   0: 3 0x000000008000ff36 (0xfc843703) x14 0x0000000080012040 mem 0x0000000080031f38
core   0: 0x000000008000ff3a (0xfb843783) ld      a5, -72(s0)
core   0: 3 0x000000008000ff3a (0xfb843783) x15 0x000000000000009c mem 0x0000000080031f28
core   0: 0x000000008000ff3e (0x000097ba) c.add   a5, a4
core   0: 3 0x000000008000ff3e (0x97ba) x15 0x00000000800120dc
core   0: 0x000000008000ff40 (0xfe043703) ld      a4, -32(s0)
core   0: 3 0x000000008000ff40 (0xfe043703) x14 0x0000000080012058 mem 0x0000000080031f50
core   0: 0x000000008000ff44 (0xfcf76de3) bltu    a4, a5, pc - 38
core   0: 3 0x000000008000ff44 (0xfcf76de3)
core   0: 0x000000008000ff1e (0xfe043783) ld      a5, -32(s0)
core   0: 3 0x000000008000ff1e (0xfe043783) x15 0x0000000080012058 mem 0x0000000080031f50
core   0: 0x000000008000ff22 (0x00178713) addi    a4, a5, 1
core   0: 3 0x000000008000ff22 (0x00178713) x14 0x0000000080012059
core   0: 0x000000008000ff26 (0xfee43023) sd      a4, -32(s0)
core   0: 3 0x000000008000ff26 (0xfee43023) mem 0x0000000080031f50 0x0000000080012059
core   0: 0x000000008000ff2a (0xfc442703) lw      a4, -60(s0)
core   0: 3 0x000000008000ff2a (0xfc442703) x14 0x0000000000000000 mem 0x0000000080031f34
core   0: 0x000000008000ff2e (0x0ff77713) andi    a4, a4, 255
core   0: 3 0x000000008000ff2e (0x0ff77713) x14 0x0000000000000000
core   0: 0x000000008000ff32 (0x00e78023) sb      a4, 0(a5)
core   0: 3 0x000000008000ff32 (0x00e78023) mem 0x0000000080012058 0x00
core   0: 0x000000008000ff36 (0xfc843703) ld      a4, -56(s0)
core   0: 3 0x000000008000ff36 (0xfc843703) x14 0x0000000080012040 mem 0x0000000080031f38
core   0: 0x000000008000ff3a (0xfb843783) ld      a5, -72(s0)
core   0: 3 0x000000008000ff3a (0xfb843783) x15 0x000000000000009c mem 0x0000000080031f28
core   0: 0x000000008000ff3e (0x000097ba) c.add   a5, a4
core   0: 3 0x000000008000ff3e (0x97ba) x15 0x00000000800120dc
core   0: 0x000000008000ff40 (0xfe043703) ld      a4, -32(s0)
core   0: 3 0x000000008000ff40 (0xfe043703) x14 0x0000000080012059 mem 0x0000000080031f50
core   0: 0x000000008000ff44 (0xfcf76de3) bltu    a4, a5, pc - 38
core   0: 3 0x000000008000ff44 (0xfcf76de3)
core   0: 0x000000008000ff1e (0xfe043783) ld      a5, -32(s0)
core   0: 3 0x000000008000ff1e (0xfe043783) x15 0x0000000080012059 mem 0x0000000080031f50
core   0: 0x000000008000ff22 (0x00178713) addi    a4, a5, 1
core   0: 3 0x000000008000ff22 (0x00178713) x14 0x000000008001205a
core   0: 0x000000008000ff26 (0xfee43023) sd      a4, -32(s0)
core   0: 3 0x000000008000ff26 (0xfee43023) mem 0x0000000080031f50 0x000000008001205a
core   0: 0x000000008000ff2a (0xfc442703) lw      a4, -60(s0)
core   0: 3 0x000000008000ff2a (0xfc442703) x14 0x0000000000000000 mem 0x0000000080031f34
core   0: 0x000000008000ff2e (0x0ff77713) andi    a4, a4, 255
core   0: 3 0x000000008000ff2e (0x0ff77713) x14 0x0000000000000000
core   0: 0x000000008000ff32 (0x00e78023) sb      a4, 0(a5)
core   0: 3 0x000000008000ff32 (0x00e78023) mem 0x0000000080012059 0x00
core   0: 0x000000008000ff36 (0xfc843703) ld      a4, -56(s0)
core   0: 3 0x000000008000ff36 (0xfc843703) x14 0x0000000080012040 mem 0x0000000080031f38
core   0: 0x000000008000ff3a (0xfb843783) ld      a5, -72(s0)
core   0: 3 0x000000008000ff3a (0xfb843783) x15 0x000000000000009c mem 0x0000000080031f28
core   0: 0x000000008000ff3e (0x000097ba) c.add   a5, a4
core   0: 3 0x000000008000ff3e (0x97ba) x15 0x00000000800120dc
core   0: 0x000000008000ff40 (0xfe043703) ld      a4, -32(s0)
core   0: 3 0x000000008000ff40 (0xfe043703) x14 0x000000008001205a mem 0x0000000080031f50
core   0: 0x000000008000ff44 (0xfcf76de3) bltu    a4, a5, pc - 38
core   0: 3 0x000000008000ff44 (0xfcf76de3)
core   0: 0x000000008000ff1e (0xfe043783) ld      a5, -32(s0)
core   0: 3 0x000000008000ff1e (0xfe043783) x15 0x000000008001205a mem 0x0000000080031f50
core   0: 0x000000008000ff22 (0x00178713) addi    a4, a5, 1
core   0: 3 0x000000008000ff22 (0x00178713) x14 0x000000008001205b
core   0: 0x000000008000ff26 (0xfee43023) sd      a4, -32(s0)
core   0: 3 0x000000008000ff26 (0xfee43023) mem 0x0000000080031f50 0x000000008001205b
core   0: 0x000000008000ff2a (0xfc442703) lw      a4, -60(s0)
core   0: 3 0x000000008000ff2a (0xfc442703) x14 0x0000000000000000 mem 0x0000000080031f34
core   0: 0x000000008000ff2e (0x0ff77713) andi    a4, a4, 255
core   0: 3 0x000000008000ff2e (0x0ff77713) x14 0x0000000000000000
core   0: 0x000000008000ff32 (0x00e78023) sb      a4, 0(a5)
core   0: 3 0x000000008000ff32 (0x00e78023) mem 0x000000008001205a 0x00
core   0: 0x000000008000ff36 (0xfc843703) ld      a4, -56(s0)
core   0: 3 0x000000008000ff36 (0xfc843703) x14 0x0000000080012040 mem 0x0000000080031f38
core   0: 0x000000008000ff3a (0xfb843783) ld      a5, -72(s0)
core   0: 3 0x000000008000ff3a (0xfb843783) x15 0x000000000000009c mem 0x0000000080031f28
core   0: 0x000000008000ff3e (0x000097ba) c.add   a5, a4
core   0: 3 0x000000008000ff3e (0x97ba) x15 0x00000000800120dc
core   0: 0x000000008000ff40 (0xfe043703) ld      a4, -32(s0)
core   0: 3 0x000000008000ff40 (0xfe043703) x14 0x000000008001205b mem 0x0000000080031f50
core   0: 0x000000008000ff44 (0xfcf76de3) bltu    a4, a5, pc - 38
core   0: 3 0x000000008000ff44 (0xfcf76de3)
core   0: 0x000000008000ff1e (0xfe043783) ld      a5, -32(s0)
core   0: 3 0x000000008000ff1e (0xfe043783) x15 0x000000008001205b mem 0x0000000080031f50
core   0: 0x000000008000ff22 (0x00178713) addi    a4, a5, 1
core   0: 3 0x000000008000ff22 (0x00178713) x14 0x000000008001205c
core   0: 0x000000008000ff26 (0xfee43023) sd      a4, -32(s0)
core   0: 3 0x000000008000ff26 (0xfee43023) mem 0x0000000080031f50 0x000000008001205c
core   0: 0x000000008000ff2a (0xfc442703) lw      a4, -60(s0)
core   0: 3 0x000000008000ff2a (0xfc442703) x14 0x0000000000000000 mem 0x0000000080031f34
core   0: 0x000000008000ff2e (0x0ff77713) andi    a4, a4, 255
core   0: 3 0x000000008000ff2e (0x0ff77713) x14 0x0000000000000000
core   0: 0x000000008000ff32 (0x00e78023) sb      a4, 0(a5)
core   0: 3 0x000000008000ff32 (0x00e78023) mem 0x000000008001205b 0x00
core   0: 0x000000008000ff36 (0xfc843703) ld      a4, -56(s0)
core   0: 3 0x000000008000ff36 (0xfc843703) x14 0x0000000080012040 mem 0x0000000080031f38
core   0: 0x000000008000ff3a (0xfb843783) ld      a5, -72(s0)
core   0: 3 0x000000008000ff3a (0xfb843783) x15 0x000000000000009c mem 0x0000000080031f28
core   0: 0x000000008000ff3e (0x000097ba) c.add   a5, a4
core   0: 3 0x000000008000ff3e (0x97ba) x15 0x00000000800120dc
core   0: 0x000000008000ff40 (0xfe043703) ld      a4, -32(s0)
core   0: 3 0x000000008000ff40 (0xfe043703) x14 0x000000008001205c mem 0x0000000080031f50
core   0: 0x000000008000ff44 (0xfcf76de3) bltu    a4, a5, pc - 38
core   0: 3 0x000000008000ff44 (0xfcf76de3)
core   0: 0x000000008000ff1e (0xfe043783) ld      a5, -32(s0)
core   0: 3 0x000000008000ff1e (0xfe043783) x15 0x000000008001205c mem 0x0000000080031f50
core   0: 0x000000008000ff22 (0x00178713) addi    a4, a5, 1
core   0: 3 0x000000008000ff22 (0x00178713) x14 0x000000008001205d
core   0: 0x000000008000ff26 (0xfee43023) sd      a4, -32(s0)
core   0: 3 0x000000008000ff26 (0xfee43023) mem 0x0000000080031f50 0x000000008001205d
core   0: 0x000000008000ff2a (0xfc442703) lw      a4, -60(s0)
core   0: 3 0x000000008000ff2a (0xfc442703) x14 0x0000000000000000 mem 0x0000000080031f34
core   0: 0x000000008000ff2e (0x0ff77713) andi    a4, a4, 255
core   0: 3 0x000000008000ff2e (0x0ff77713) x14 0x0000000000000000
core   0: 0x000000008000ff32 (0x00e78023) sb      a4, 0(a5)
core   0: 3 0x000000008000ff32 (0x00e78023) mem 0x000000008001205c 0x00
core   0: 0x000000008000ff36 (0xfc843703) ld      a4, -56(s0)
core   0: 3 0x000000008000ff36 (0xfc843703) x14 0x0000000080012040 mem 0x0000000080031f38
core   0: 0x000000008000ff3a (0xfb843783) ld      a5, -72(s0)
core   0: 3 0x000000008000ff3a (0xfb843783) x15 0x000000000000009c mem 0x0000000080031f28
core   0: 0x000000008000ff3e (0x000097ba) c.add   a5, a4
core   0: 3 0x000000008000ff3e (0x97ba) x15 0x00000000800120dc
core   0: 0x000000008000ff40 (0xfe043703) ld      a4, -32(s0)
core   0: 3 0x000000008000ff40 (0xfe043703) x14 0x000000008001205d mem 0x0000000080031f50
core   0: 0x000000008000ff44 (0xfcf76de3) bltu    a4, a5, pc - 38
core   0: 3 0x000000008000ff44 (0xfcf76de3)
core   0: 0x000000008000ff1e (0xfe043783) ld      a5, -32(s0)
core   0: 3 0x000000008000ff1e (0xfe043783) x15 0x000000008001205d mem 0x0000000080031f50
core   0: 0x000000008000ff22 (0x00178713) addi    a4, a5, 1
core   0: 3 0x000000008000ff22 (0x00178713) x14 0x000000008001205e
core   0: 0x000000008000ff26 (0xfee43023) sd      a4, -32(s0)
core   0: 3 0x000000008000ff26 (0xfee43023) mem 0x0000000080031f50 0x000000008001205e
core   0: 0x000000008000ff2a (0xfc442703) lw      a4, -60(s0)
core   0: 3 0x000000008000ff2a (0xfc442703) x14 0x0000000000000000 mem 0x0000000080031f34
core   0: 0x000000008000ff2e (0x0ff77713) andi    a4, a4, 255
core   0: 3 0x000000008000ff2e (0x0ff77713) x14 0x0000000000000000
core   0: 0x000000008000ff32 (0x00e78023) sb      a4, 0(a5)
core   0: 3 0x000000008000ff32 (0x00e78023) mem 0x000000008001205d 0x00
core   0: 0x000000008000ff36 (0xfc843703) ld      a4, -56(s0)
core   0: 3 0x000000008000ff36 (0xfc843703) x14 0x0000000080012040 mem 0x0000000080031f38
core   0: 0x000000008000ff3a (0xfb843783) ld      a5, -72(s0)
core   0: 3 0x000000008000ff3a (0xfb843783) x15 0x000000000000009c mem 0x0000000080031f28
core   0: 0x000000008000ff3e (0x000097ba) c.add   a5, a4
core   0: 3 0x000000008000ff3e (0x97ba) x15 0x00000000800120dc
core   0: 0x000000008000ff40 (0xfe043703) ld      a4, -32(s0)
core   0: 3 0x000000008000ff40 (0xfe043703) x14 0x000000008001205e mem 0x0000000080031f50
core   0: 0x000000008000ff44 (0xfcf76de3) bltu    a4, a5, pc - 38
core   0: 3 0x000000008000ff44 (0xfcf76de3)
core   0: 0x000000008000ff1e (0xfe043783) ld      a5, -32(s0)
core   0: 3 0x000000008000ff1e (0xfe043783) x15 0x000000008001205e mem 0x0000000080031f50
core   0: 0x000000008000ff22 (0x00178713) addi    a4, a5, 1
core   0: 3 0x000000008000ff22 (0x00178713) x14 0x000000008001205f
core   0: 0x000000008000ff26 (0xfee43023) sd      a4, -32(s0)
core   0: 3 0x000000008000ff26 (0xfee43023) mem 0x0000000080031f50 0x000000008001205f
core   0: 0x000000008000ff2a (0xfc442703) lw      a4, -60(s0)
core   0: 3 0x000000008000ff2a (0xfc442703) x14 0x0000000000000000 mem 0x0000000080031f34
core   0: 0x000000008000ff2e (0x0ff77713) andi    a4, a4, 255
core   0: 3 0x000000008000ff2e (0x0ff77713) x14 0x0000000000000000
core   0: 0x000000008000ff32 (0x00e78023) sb      a4, 0(a5)
core   0: 3 0x000000008000ff32 (0x00e78023) mem 0x000000008001205e 0x00
core   0: 0x000000008000ff36 (0xfc843703) ld      a4, -56(s0)
core   0: 3 0x000000008000ff36 (0xfc843703) x14 0x0000000080012040 mem 0x0000000080031f38
core   0: 0x000000008000ff3a (0xfb843783) ld      a5, -72(s0)
core   0: 3 0x000000008000ff3a (0xfb843783) x15 0x000000000000009c mem 0x0000000080031f28
core   0: 0x000000008000ff3e (0x000097ba) c.add   a5, a4
core   0: 3 0x000000008000ff3e (0x97ba) x15 0x00000000800120dc
core   0: 0x000000008000ff40 (0xfe043703) ld      a4, -32(s0)
core   0: 3 0x000000008000ff40 (0xfe043703) x14 0x000000008001205f mem 0x0000000080031f50
core   0: 0x000000008000ff44 (0xfcf76de3) bltu    a4, a5, pc - 38
core   0: 3 0x000000008000ff44 (0xfcf76de3)
core   0: 0x000000008000ff1e (0xfe043783) ld      a5, -32(s0)
core   0: 3 0x000000008000ff1e (0xfe043783) x15 0x000000008001205f mem 0x0000000080031f50
core   0: 0x000000008000ff22 (0x00178713) addi    a4, a5, 1
core   0: 3 0x000000008000ff22 (0x00178713) x14 0x0000000080012060
core   0: 0x000000008000ff26 (0xfee43023) sd      a4, -32(s0)
core   0: 3 0x000000008000ff26 (0xfee43023) mem 0x0000000080031f50 0x0000000080012060
core   0: 0x000000008000ff2a (0xfc442703) lw      a4, -60(s0)
core   0: 3 0x000000008000ff2a (0xfc442703) x14 0x0000000000000000 mem 0x0000000080031f34
core   0: 0x000000008000ff2e (0x0ff77713) andi    a4, a4, 255
core   0: 3 0x000000008000ff2e (0x0ff77713) x14 0x0000000000000000
core   0: 0x000000008000ff32 (0x00e78023) sb      a4, 0(a5)
core   0: 3 0x000000008000ff32 (0x00e78023) mem 0x000000008001205f 0x00
core   0: 0x000000008000ff36 (0xfc843703) ld      a4, -56(s0)
core   0: 3 0x000000008000ff36 (0xfc843703) x14 0x0000000080012040 mem 0x0000000080031f38
core   0: 0x000000008000ff3a (0xfb843783) ld      a5, -72(s0)
core   0: 3 0x000000008000ff3a (0xfb843783) x15 0x000000000000009c mem 0x0000000080031f28
core   0: 0x000000008000ff3e (0x000097ba) c.add   a5, a4
core   0: 3 0x000000008000ff3e (0x97ba) x15 0x00000000800120dc
core   0: 0x000000008000ff40 (0xfe043703) ld      a4, -32(s0)
core   0: 3 0x000000008000ff40 (0xfe043703) x14 0x0000000080012060 mem 0x0000000080031f50
core   0: 0x000000008000ff44 (0xfcf76de3) bltu    a4, a5, pc - 38
core   0: 3 0x000000008000ff44 (0xfcf76de3)
core   0: 0x000000008000ff1e (0xfe043783) ld      a5, -32(s0)
core   0: 3 0x000000008000ff1e (0xfe043783) x15 0x0000000080012060 mem 0x0000000080031f50
core   0: 0x000000008000ff22 (0x00178713) addi    a4, a5, 1
core   0: 3 0x000000008000ff22 (0x00178713) x14 0x0000000080012061
core   0: 0x000000008000ff26 (0xfee43023) sd      a4, -32(s0)
core   0: 3 0x000000008000ff26 (0xfee43023) mem 0x0000000080031f50 0x0000000080012061
core   0: 0x000000008000ff2a (0xfc442703) lw      a4, -60(s0)
core   0: 3 0x000000008000ff2a (0xfc442703) x14 0x0000000000000000 mem 0x0000000080031f34
core   0: 0x000000008000ff2e (0x0ff77713) andi    a4, a4, 255
core   0: 3 0x000000008000ff2e (0x0ff77713) x14 0x0000000000000000
core   0: 0x000000008000ff32 (0x00e78023) sb      a4, 0(a5)
core   0: 3 0x000000008000ff32 (0x00e78023) mem 0x0000000080012060 0x00
core   0: 0x000000008000ff36 (0xfc843703) ld      a4, -56(s0)
core   0: 3 0x000000008000ff36 (0xfc843703) x14 0x0000000080012040 mem 0x0000000080031f38
core   0: 0x000000008000ff3a (0xfb843783) ld      a5, -72(s0)
core   0: 3 0x000000008000ff3a (0xfb843783) x15 0x000000000000009c mem 0x0000000080031f28
core   0: 0x000000008000ff3e (0x000097ba) c.add   a5, a4
core   0: 3 0x000000008000ff3e (0x97ba) x15 0x00000000800120dc
core   0: 0x000000008000ff40 (0xfe043703) ld      a4, -32(s0)
core   0: 3 0x000000008000ff40 (0xfe043703) x14 0x0000000080012061 mem 0x0000000080031f50
core   0: 0x000000008000ff44 (0xfcf76de3) bltu    a4, a5, pc - 38
core   0: 3 0x000000008000ff44 (0xfcf76de3)
core   0: 0x000000008000ff1e (0xfe043783) ld      a5, -32(s0)
core   0: 3 0x000000008000ff1e (0xfe043783) x15 0x0000000080012061 mem 0x0000000080031f50
core   0: 0x000000008000ff22 (0x00178713) addi    a4, a5, 1
core   0: 3 0x000000008000ff22 (0x00178713) x14 0x0000000080012062
core   0: 0x000000008000ff26 (0xfee43023) sd      a4, -32(s0)
core   0: 3 0x000000008000ff26 (0xfee43023) mem 0x0000000080031f50 0x0000000080012062
core   0: 0x000000008000ff2a (0xfc442703) lw      a4, -60(s0)
core   0: 3 0x000000008000ff2a (0xfc442703) x14 0x0000000000000000 mem 0x0000000080031f34
core   0: 0x000000008000ff2e (0x0ff77713) andi    a4, a4, 255
core   0: 3 0x000000008000ff2e (0x0ff77713) x14 0x0000000000000000
core   0: 0x000000008000ff32 (0x00e78023) sb      a4, 0(a5)
core   0: 3 0x000000008000ff32 (0x00e78023) mem 0x0000000080012061 0x00
core   0: 0x000000008000ff36 (0xfc843703) ld      a4, -56(s0)
core   0: 3 0x000000008000ff36 (0xfc843703) x14 0x0000000080012040 mem 0x0000000080031f38
core   0: 0x000000008000ff3a (0xfb843783) ld      a5, -72(s0)
core   0: 3 0x000000008000ff3a (0xfb843783) x15 0x000000000000009c mem 0x0000000080031f28
core   0: 0x000000008000ff3e (0x000097ba) c.add   a5, a4
core   0: 3 0x000000008000ff3e (0x97ba) x15 0x00000000800120dc
core   0: 0x000000008000ff40 (0xfe043703) ld      a4, -32(s0)
core   0: 3 0x000000008000ff40 (0xfe043703) x14 0x0000000080012062 mem 0x0000000080031f50
core   0: 0x000000008000ff44 (0xfcf76de3) bltu    a4, a5, pc - 38
core   0: 3 0x000000008000ff44 (0xfcf76de3)
core   0: 0x000000008000ff1e (0xfe043783) ld      a5, -32(s0)
core   0: 3 0x000000008000ff1e (0xfe043783) x15 0x0000000080012062 mem 0x0000000080031f50
core   0: 0x000000008000ff22 (0x00178713) addi    a4, a5, 1
core   0: 3 0x000000008000ff22 (0x00178713) x14 0x0000000080012063
core   0: 0x000000008000ff26 (0xfee43023) sd      a4, -32(s0)
core   0: 3 0x000000008000ff26 (0xfee43023) mem 0x0000000080031f50 0x0000000080012063
core   0: 0x000000008000ff2a (0xfc442703) lw      a4, -60(s0)
core   0: 3 0x000000008000ff2a (0xfc442703) x14 0x0000000000000000 mem 0x0000000080031f34
core   0: 0x000000008000ff2e (0x0ff77713) andi    a4, a4, 255
core   0: 3 0x000000008000ff2e (0x0ff77713) x14 0x0000000000000000
core   0: 0x000000008000ff32 (0x00e78023) sb      a4, 0(a5)
core   0: 3 0x000000008000ff32 (0x00e78023) mem 0x0000000080012062 0x00
core   0: 0x000000008000ff36 (0xfc843703) ld      a4, -56(s0)
core   0: 3 0x000000008000ff36 (0xfc843703) x14 0x0000000080012040 mem 0x0000000080031f38
core   0: 0x000000008000ff3a (0xfb843783) ld      a5, -72(s0)
core   0: 3 0x000000008000ff3a (0xfb843783) x15 0x000000000000009c mem 0x0000000080031f28
core   0: 0x000000008000ff3e (0x000097ba) c.add   a5, a4
core   0: 3 0x000000008000ff3e (0x97ba) x15 0x00000000800120dc
core   0: 0x000000008000ff40 (0xfe043703) ld      a4, -32(s0)
core   0: 3 0x000000008000ff40 (0xfe043703) x14 0x0000000080012063 mem 0x0000000080031f50
core   0: 0x000000008000ff44 (0xfcf76de3) bltu    a4, a5, pc - 38
core   0: 3 0x000000008000ff44 (0xfcf76de3)
core   0: 0x000000008000ff1e (0xfe043783) ld      a5, -32(s0)
core   0: 3 0x000000008000ff1e (0xfe043783) x15 0x0000000080012063 mem 0x0000000080031f50
core   0: 0x000000008000ff22 (0x00178713) addi    a4, a5, 1
core   0: 3 0x000000008000ff22 (0x00178713) x14 0x0000000080012064
core   0: 0x000000008000ff26 (0xfee43023) sd      a4, -32(s0)
core   0: 3 0x000000008000ff26 (0xfee43023) mem 0x0000000080031f50 0x0000000080012064
core   0: 0x000000008000ff2a (0xfc442703) lw      a4, -60(s0)
core   0: 3 0x000000008000ff2a (0xfc442703) x14 0x0000000000000000 mem 0x0000000080031f34
core   0: 0x000000008000ff2e (0x0ff77713) andi    a4, a4, 255
core   0: 3 0x000000008000ff2e (0x0ff77713) x14 0x0000000000000000
core   0: 0x000000008000ff32 (0x00e78023) sb      a4, 0(a5)
core   0: 3 0x000000008000ff32 (0x00e78023) mem 0x0000000080012063 0x00
core   0: 0x000000008000ff36 (0xfc843703) ld      a4, -56(s0)
core   0: 3 0x000000008000ff36 (0xfc843703) x14 0x0000000080012040 mem 0x0000000080031f38
core   0: 0x000000008000ff3a (0xfb843783) ld      a5, -72(s0)
core   0: 3 0x000000008000ff3a (0xfb843783) x15 0x000000000000009c mem 0x0000000080031f28
core   0: 0x000000008000ff3e (0x000097ba) c.add   a5, a4
core   0: 3 0x000000008000ff3e (0x97ba) x15 0x00000000800120dc
core   0: 0x000000008000ff40 (0xfe043703) ld      a4, -32(s0)
core   0: 3 0x000000008000ff40 (0xfe043703) x14 0x0000000080012064 mem 0x0000000080031f50
core   0: 0x000000008000ff44 (0xfcf76de3) bltu    a4, a5, pc - 38
core   0: 3 0x000000008000ff44 (0xfcf76de3)
core   0: 0x000000008000ff1e (0xfe043783) ld      a5, -32(s0)
core   0: 3 0x000000008000ff1e (0xfe043783) x15 0x0000000080012064 mem 0x0000000080031f50
core   0: 0x000000008000ff22 (0x00178713) addi    a4, a5, 1
core   0: 3 0x000000008000ff22 (0x00178713) x14 0x0000000080012065
core   0: 0x000000008000ff26 (0xfee43023) sd      a4, -32(s0)
core   0: 3 0x000000008000ff26 (0xfee43023) mem 0x0000000080031f50 0x0000000080012065
core   0: 0x000000008000ff2a (0xfc442703) lw      a4, -60(s0)
core   0: 3 0x000000008000ff2a (0xfc442703) x14 0x0000000000000000 mem 0x0000000080031f34
core   0: 0x000000008000ff2e (0x0ff77713) andi    a4, a4, 255
core   0: 3 0x000000008000ff2e (0x0ff77713) x14 0x0000000000000000
core   0: 0x000000008000ff32 (0x00e78023) sb      a4, 0(a5)
core   0: 3 0x000000008000ff32 (0x00e78023) mem 0x0000000080012064 0x00
core   0: 0x000000008000ff36 (0xfc843703) ld      a4, -56(s0)
core   0: 3 0x000000008000ff36 (0xfc843703) x14 0x0000000080012040 mem 0x0000000080031f38
core   0: 0x000000008000ff3a (0xfb843783) ld      a5, -72(s0)
core   0: 3 0x000000008000ff3a (0xfb843783) x15 0x000000000000009c mem 0x0000000080031f28
core   0: 0x000000008000ff3e (0x000097ba) c.add   a5, a4
core   0: 3 0x000000008000ff3e (0x97ba) x15 0x00000000800120dc
core   0: 0x000000008000ff40 (0xfe043703) ld      a4, -32(s0)
core   0: 3 0x000000008000ff40 (0xfe043703) x14 0x0000000080012065 mem 0x0000000080031f50
core   0: 0x000000008000ff44 (0xfcf76de3) bltu    a4, a5, pc - 38
core   0: 3 0x000000008000ff44 (0xfcf76de3)
core   0: 0x000000008000ff1e (0xfe043783) ld      a5, -32(s0)
core   0: 3 0x000000008000ff1e (0xfe043783) x15 0x0000000080012065 mem 0x0000000080031f50
core   0: 0x000000008000ff22 (0x00178713) addi    a4, a5, 1
core   0: 3 0x000000008000ff22 (0x00178713) x14 0x0000000080012066
core   0: 0x000000008000ff26 (0xfee43023) sd      a4, -32(s0)
core   0: 3 0x000000008000ff26 (0xfee43023) mem 0x0000000080031f50 0x0000000080012066
core   0: 0x000000008000ff2a (0xfc442703) lw      a4, -60(s0)
core   0: 3 0x000000008000ff2a (0xfc442703) x14 0x0000000000000000 mem 0x0000000080031f34
core   0: 0x000000008000ff2e (0x0ff77713) andi    a4, a4, 255
core   0: 3 0x000000008000ff2e (0x0ff77713) x14 0x0000000000000000
core   0: 0x000000008000ff32 (0x00e78023) sb      a4, 0(a5)
core   0: 3 0x000000008000ff32 (0x00e78023) mem 0x0000000080012065 0x00
core   0: 0x000000008000ff36 (0xfc843703) ld      a4, -56(s0)
core   0: 3 0x000000008000ff36 (0xfc843703) x14 0x0000000080012040 mem 0x0000000080031f38
core   0: 0x000000008000ff3a (0xfb843783) ld      a5, -72(s0)
core   0: 3 0x000000008000ff3a (0xfb843783) x15 0x000000000000009c mem 0x0000000080031f28
core   0: 0x000000008000ff3e (0x000097ba) c.add   a5, a4
core   0: 3 0x000000008000ff3e (0x97ba) x15 0x00000000800120dc
core   0: 0x000000008000ff40 (0xfe043703) ld      a4, -32(s0)
core   0: 3 0x000000008000ff40 (0xfe043703) x14 0x0000000080012066 mem 0x0000000080031f50
core   0: 0x000000008000ff44 (0xfcf76de3) bltu    a4, a5, pc - 38
core   0: 3 0x000000008000ff44 (0xfcf76de3)
core   0: 0x000000008000ff1e (0xfe043783) ld      a5, -32(s0)
core   0: 3 0x000000008000ff1e (0xfe043783) x15 0x0000000080012066 mem 0x0000000080031f50
core   0: 0x000000008000ff22 (0x00178713) addi    a4, a5, 1
core   0: 3 0x000000008000ff22 (0x00178713) x14 0x0000000080012067
core   0: 0x000000008000ff26 (0xfee43023) sd      a4, -32(s0)
core   0: 3 0x000000008000ff26 (0xfee43023) mem 0x0000000080031f50 0x0000000080012067
core   0: 0x000000008000ff2a (0xfc442703) lw      a4, -60(s0)
core   0: 3 0x000000008000ff2a (0xfc442703) x14 0x0000000000000000 mem 0x0000000080031f34
core   0: 0x000000008000ff2e (0x0ff77713) andi    a4, a4, 255
core   0: 3 0x000000008000ff2e (0x0ff77713) x14 0x0000000000000000
core   0: 0x000000008000ff32 (0x00e78023) sb      a4, 0(a5)
core   0: 3 0x000000008000ff32 (0x00e78023) mem 0x0000000080012066 0x00
core   0: 0x000000008000ff36 (0xfc843703) ld      a4, -56(s0)
core   0: 3 0x000000008000ff36 (0xfc843703) x14 0x0000000080012040 mem 0x0000000080031f38
core   0: 0x000000008000ff3a (0xfb843783) ld      a5, -72(s0)
core   0: 3 0x000000008000ff3a (0xfb843783) x15 0x000000000000009c mem 0x0000000080031f28
core   0: 0x000000008000ff3e (0x000097ba) c.add   a5, a4
core   0: 3 0x000000008000ff3e (0x97ba) x15 0x00000000800120dc
core   0: 0x000000008000ff40 (0xfe043703) ld      a4, -32(s0)
core   0: 3 0x000000008000ff40 (0xfe043703) x14 0x0000000080012067 mem 0x0000000080031f50
core   0: 0x000000008000ff44 (0xfcf76de3) bltu    a4, a5, pc - 38
core   0: 3 0x000000008000ff44 (0xfcf76de3)
core   0: 0x000000008000ff1e (0xfe043783) ld      a5, -32(s0)
core   0: 3 0x000000008000ff1e (0xfe043783) x15 0x0000000080012067 mem 0x0000000080031f50
core   0: 0x000000008000ff22 (0x00178713) addi    a4, a5, 1
core   0: 3 0x000000008000ff22 (0x00178713) x14 0x0000000080012068
core   0: 0x000000008000ff26 (0xfee43023) sd      a4, -32(s0)
core   0: 3 0x000000008000ff26 (0xfee43023) mem 0x0000000080031f50 0x0000000080012068
core   0: 0x000000008000ff2a (0xfc442703) lw      a4, -60(s0)
core   0: 3 0x000000008000ff2a (0xfc442703) x14 0x0000000000000000 mem 0x0000000080031f34
core   0: 0x000000008000ff2e (0x0ff77713) andi    a4, a4, 255
core   0: 3 0x000000008000ff2e (0x0ff77713) x14 0x0000000000000000
core   0: 0x000000008000ff32 (0x00e78023) sb      a4, 0(a5)
core   0: 3 0x000000008000ff32 (0x00e78023) mem 0x0000000080012067 0x00
core   0: 0x000000008000ff36 (0xfc843703) ld      a4, -56(s0)
core   0: 3 0x000000008000ff36 (0xfc843703) x14 0x0000000080012040 mem 0x0000000080031f38
core   0: 0x000000008000ff3a (0xfb843783) ld      a5, -72(s0)
core   0: 3 0x000000008000ff3a (0xfb843783) x15 0x000000000000009c mem 0x0000000080031f28
core   0: 0x000000008000ff3e (0x000097ba) c.add   a5, a4
core   0: 3 0x000000008000ff3e (0x97ba) x15 0x00000000800120dc
core   0: 0x000000008000ff40 (0xfe043703) ld      a4, -32(s0)
core   0: 3 0x000000008000ff40 (0xfe043703) x14 0x0000000080012068 mem 0x0000000080031f50
core   0: 0x000000008000ff44 (0xfcf76de3) bltu    a4, a5, pc - 38
core   0: 3 0x000000008000ff44 (0xfcf76de3)
core   0: 0x000000008000ff1e (0xfe043783) ld      a5, -32(s0)
core   0: 3 0x000000008000ff1e (0xfe043783) x15 0x0000000080012068 mem 0x0000000080031f50
core   0: 0x000000008000ff22 (0x00178713) addi    a4, a5, 1
core   0: 3 0x000000008000ff22 (0x00178713) x14 0x0000000080012069
core   0: 0x000000008000ff26 (0xfee43023) sd      a4, -32(s0)
core   0: 3 0x000000008000ff26 (0xfee43023) mem 0x0000000080031f50 0x0000000080012069
core   0: 0x000000008000ff2a (0xfc442703) lw      a4, -60(s0)
core   0: 3 0x000000008000ff2a (0xfc442703) x14 0x0000000000000000 mem 0x0000000080031f34
core   0: 0x000000008000ff2e (0x0ff77713) andi    a4, a4, 255
core   0: 3 0x000000008000ff2e (0x0ff77713) x14 0x0000000000000000
core   0: 0x000000008000ff32 (0x00e78023) sb      a4, 0(a5)
core   0: 3 0x000000008000ff32 (0x00e78023) mem 0x0000000080012068 0x00
core   0: 0x000000008000ff36 (0xfc843703) ld      a4, -56(s0)
core   0: 3 0x000000008000ff36 (0xfc843703) x14 0x0000000080012040 mem 0x0000000080031f38
core   0: 0x000000008000ff3a (0xfb843783) ld      a5, -72(s0)
core   0: 3 0x000000008000ff3a (0xfb843783) x15 0x000000000000009c mem 0x0000000080031f28
core   0: 0x000000008000ff3e (0x000097ba) c.add   a5, a4
core   0: 3 0x000000008000ff3e (0x97ba) x15 0x00000000800120dc
core   0: 0x000000008000ff40 (0xfe043703) ld      a4, -32(s0)
core   0: 3 0x000000008000ff40 (0xfe043703) x14 0x0000000080012069 mem 0x0000000080031f50
core   0: 0x000000008000ff44 (0xfcf76de3) bltu    a4, a5, pc - 38
core   0: 3 0x000000008000ff44 (0xfcf76de3)
core   0: 0x000000008000ff1e (0xfe043783) ld      a5, -32(s0)
core   0: 3 0x000000008000ff1e (0xfe043783) x15 0x0000000080012069 mem 0x0000000080031f50
core   0: 0x000000008000ff22 (0x00178713) addi    a4, a5, 1
core   0: 3 0x000000008000ff22 (0x00178713) x14 0x000000008001206a
core   0: 0x000000008000ff26 (0xfee43023) sd      a4, -32(s0)
core   0: 3 0x000000008000ff26 (0xfee43023) mem 0x0000000080031f50 0x000000008001206a
core   0: 0x000000008000ff2a (0xfc442703) lw      a4, -60(s0)
core   0: 3 0x000000008000ff2a (0xfc442703) x14 0x0000000000000000 mem 0x0000000080031f34
core   0: 0x000000008000ff2e (0x0ff77713) andi    a4, a4, 255
core   0: 3 0x000000008000ff2e (0x0ff77713) x14 0x0000000000000000
core   0: 0x000000008000ff32 (0x00e78023) sb      a4, 0(a5)
core   0: 3 0x000000008000ff32 (0x00e78023) mem 0x0000000080012069 0x00
core   0: 0x000000008000ff36 (0xfc843703) ld      a4, -56(s0)
core   0: 3 0x000000008000ff36 (0xfc843703) x14 0x0000000080012040 mem 0x0000000080031f38
core   0: 0x000000008000ff3a (0xfb843783) ld      a5, -72(s0)
core   0: 3 0x000000008000ff3a (0xfb843783) x15 0x000000000000009c mem 0x0000000080031f28
core   0: 0x000000008000ff3e (0x000097ba) c.add   a5, a4
core   0: 3 0x000000008000ff3e (0x97ba) x15 0x00000000800120dc
core   0: 0x000000008000ff40 (0xfe043703) ld      a4, -32(s0)
core   0: 3 0x000000008000ff40 (0xfe043703) x14 0x000000008001206a mem 0x0000000080031f50
core   0: 0x000000008000ff44 (0xfcf76de3) bltu    a4, a5, pc - 38
core   0: 3 0x000000008000ff44 (0xfcf76de3)
core   0: 0x000000008000ff1e (0xfe043783) ld      a5, -32(s0)
core   0: 3 0x000000008000ff1e (0xfe043783) x15 0x000000008001206a mem 0x0000000080031f50
core   0: 0x000000008000ff22 (0x00178713) addi    a4, a5, 1
core   0: 3 0x000000008000ff22 (0x00178713) x14 0x000000008001206b
core   0: 0x000000008000ff26 (0xfee43023) sd      a4, -32(s0)
core   0: 3 0x000000008000ff26 (0xfee43023) mem 0x0000000080031f50 0x000000008001206b
core   0: 0x000000008000ff2a (0xfc442703) lw      a4, -60(s0)
core   0: 3 0x000000008000ff2a (0xfc442703) x14 0x0000000000000000 mem 0x0000000080031f34
core   0: 0x000000008000ff2e (0x0ff77713) andi    a4, a4, 255
core   0: 3 0x000000008000ff2e (0x0ff77713) x14 0x0000000000000000
core   0: 0x000000008000ff32 (0x00e78023) sb      a4, 0(a5)
core   0: 3 0x000000008000ff32 (0x00e78023) mem 0x000000008001206a 0x00
core   0: 0x000000008000ff36 (0xfc843703) ld      a4, -56(s0)
core   0: 3 0x000000008000ff36 (0xfc843703) x14 0x0000000080012040 mem 0x0000000080031f38
core   0: 0x000000008000ff3a (0xfb843783) ld      a5, -72(s0)
core   0: 3 0x000000008000ff3a (0xfb843783) x15 0x000000000000009c mem 0x0000000080031f28
core   0: 0x000000008000ff3e (0x000097ba) c.add   a5, a4
core   0: 3 0x000000008000ff3e (0x97ba) x15 0x00000000800120dc
core   0: 0x000000008000ff40 (0xfe043703) ld      a4, -32(s0)
core   0: 3 0x000000008000ff40 (0xfe043703) x14 0x000000008001206b mem 0x0000000080031f50
core   0: 0x000000008000ff44 (0xfcf76de3) bltu    a4, a5, pc - 38
core   0: 3 0x000000008000ff44 (0xfcf76de3)
core   0: 0x000000008000ff1e (0xfe043783) ld      a5, -32(s0)
core   0: 3 0x000000008000ff1e (0xfe043783) x15 0x000000008001206b mem 0x0000000080031f50
core   0: 0x000000008000ff22 (0x00178713) addi    a4, a5, 1
core   0: 3 0x000000008000ff22 (0x00178713) x14 0x000000008001206c
core   0: 0x000000008000ff26 (0xfee43023) sd      a4, -32(s0)
core   0: 3 0x000000008000ff26 (0xfee43023) mem 0x0000000080031f50 0x000000008001206c
core   0: 0x000000008000ff2a (0xfc442703) lw      a4, -60(s0)
core   0: 3 0x000000008000ff2a (0xfc442703) x14 0x0000000000000000 mem 0x0000000080031f34
core   0: 0x000000008000ff2e (0x0ff77713) andi    a4, a4, 255
core   0: 3 0x000000008000ff2e (0x0ff77713) x14 0x0000000000000000
core   0: 0x000000008000ff32 (0x00e78023) sb      a4, 0(a5)
core   0: 3 0x000000008000ff32 (0x00e78023) mem 0x000000008001206b 0x00
core   0: 0x000000008000ff36 (0xfc843703) ld      a4, -56(s0)
core   0: 3 0x000000008000ff36 (0xfc843703) x14 0x0000000080012040 mem 0x0000000080031f38
core   0: 0x000000008000ff3a (0xfb843783) ld      a5, -72(s0)
core   0: 3 0x000000008000ff3a (0xfb843783) x15 0x000000000000009c mem 0x0000000080031f28
core   0: 0x000000008000ff3e (0x000097ba) c.add   a5, a4
core   0: 3 0x000000008000ff3e (0x97ba) x15 0x00000000800120dc
core   0: 0x000000008000ff40 (0xfe043703) ld      a4, -32(s0)
core   0: 3 0x000000008000ff40 (0xfe043703) x14 0x000000008001206c mem 0x0000000080031f50
core   0: 0x000000008000ff44 (0xfcf76de3) bltu    a4, a5, pc - 38
core   0: 3 0x000000008000ff44 (0xfcf76de3)
core   0: 0x000000008000ff1e (0xfe043783) ld      a5, -32(s0)
core   0: 3 0x000000008000ff1e (0xfe043783) x15 0x000000008001206c mem 0x0000000080031f50
core   0: 0x000000008000ff22 (0x00178713) addi    a4, a5, 1
core   0: 3 0x000000008000ff22 (0x00178713) x14 0x000000008001206d
core   0: 0x000000008000ff26 (0xfee43023) sd      a4, -32(s0)
core   0: 3 0x000000008000ff26 (0xfee43023) mem 0x0000000080031f50 0x000000008001206d
core   0: 0x000000008000ff2a (0xfc442703) lw      a4, -60(s0)
core   0: 3 0x000000008000ff2a (0xfc442703) x14 0x0000000000000000 mem 0x0000000080031f34
core   0: 0x000000008000ff2e (0x0ff77713) andi    a4, a4, 255
core   0: 3 0x000000008000ff2e (0x0ff77713) x14 0x0000000000000000
core   0: 0x000000008000ff32 (0x00e78023) sb      a4, 0(a5)
core   0: 3 0x000000008000ff32 (0x00e78023) mem 0x000000008001206c 0x00
core   0: 0x000000008000ff36 (0xfc843703) ld      a4, -56(s0)
core   0: 3 0x000000008000ff36 (0xfc843703) x14 0x0000000080012040 mem 0x0000000080031f38
core   0: 0x000000008000ff3a (0xfb843783) ld      a5, -72(s0)
core   0: 3 0x000000008000ff3a (0xfb843783) x15 0x000000000000009c mem 0x0000000080031f28
core   0: 0x000000008000ff3e (0x000097ba) c.add   a5, a4
core   0: 3 0x000000008000ff3e (0x97ba) x15 0x00000000800120dc
core   0: 0x000000008000ff40 (0xfe043703) ld      a4, -32(s0)
core   0: 3 0x000000008000ff40 (0xfe043703) x14 0x000000008001206d mem 0x0000000080031f50
core   0: 0x000000008000ff44 (0xfcf76de3) bltu    a4, a5, pc - 38
core   0: 3 0x000000008000ff44 (0xfcf76de3)
core   0: 0x000000008000ff1e (0xfe043783) ld      a5, -32(s0)
core   0: 3 0x000000008000ff1e (0xfe043783) x15 0x000000008001206d mem 0x0000000080031f50
core   0: 0x000000008000ff22 (0x00178713) addi    a4, a5, 1
core   0: 3 0x000000008000ff22 (0x00178713) x14 0x000000008001206e
core   0: 0x000000008000ff26 (0xfee43023) sd      a4, -32(s0)
core   0: 3 0x000000008000ff26 (0xfee43023) mem 0x0000000080031f50 0x000000008001206e
core   0: 0x000000008000ff2a (0xfc442703) lw      a4, -60(s0)
core   0: 3 0x000000008000ff2a (0xfc442703) x14 0x0000000000000000 mem 0x0000000080031f34
core   0: 0x000000008000ff2e (0x0ff77713) andi    a4, a4, 255
core   0: 3 0x000000008000ff2e (0x0ff77713) x14 0x0000000000000000
core   0: 0x000000008000ff32 (0x00e78023) sb      a4, 0(a5)
core   0: 3 0x000000008000ff32 (0x00e78023) mem 0x000000008001206d 0x00
core   0: 0x000000008000ff36 (0xfc843703) ld      a4, -56(s0)
core   0: 3 0x000000008000ff36 (0xfc843703) x14 0x0000000080012040 mem 0x0000000080031f38
core   0: 0x000000008000ff3a (0xfb843783) ld      a5, -72(s0)
core   0: 3 0x000000008000ff3a (0xfb843783) x15 0x000000000000009c mem 0x0000000080031f28
core   0: 0x000000008000ff3e (0x000097ba) c.add   a5, a4
core   0: 3 0x000000008000ff3e (0x97ba) x15 0x00000000800120dc
core   0: 0x000000008000ff40 (0xfe043703) ld      a4, -32(s0)
core   0: 3 0x000000008000ff40 (0xfe043703) x14 0x000000008001206e mem 0x0000000080031f50
core   0: 0x000000008000ff44 (0xfcf76de3) bltu    a4, a5, pc - 38
core   0: 3 0x000000008000ff44 (0xfcf76de3)
core   0: 0x000000008000ff1e (0xfe043783) ld      a5, -32(s0)
core   0: 3 0x000000008000ff1e (0xfe043783) x15 0x000000008001206e mem 0x0000000080031f50
core   0: 0x000000008000ff22 (0x00178713) addi    a4, a5, 1
core   0: 3 0x000000008000ff22 (0x00178713) x14 0x000000008001206f
core   0: 0x000000008000ff26 (0xfee43023) sd      a4, -32(s0)
core   0: 3 0x000000008000ff26 (0xfee43023) mem 0x0000000080031f50 0x000000008001206f
core   0: 0x000000008000ff2a (0xfc442703) lw      a4, -60(s0)
core   0: 3 0x000000008000ff2a (0xfc442703) x14 0x0000000000000000 mem 0x0000000080031f34
core   0: 0x000000008000ff2e (0x0ff77713) andi    a4, a4, 255
core   0: 3 0x000000008000ff2e (0x0ff77713) x14 0x0000000000000000
core   0: 0x000000008000ff32 (0x00e78023) sb      a4, 0(a5)
core   0: 3 0x000000008000ff32 (0x00e78023) mem 0x000000008001206e 0x00
core   0: 0x000000008000ff36 (0xfc843703) ld      a4, -56(s0)
core   0: 3 0x000000008000ff36 (0xfc843703) x14 0x0000000080012040 mem 0x0000000080031f38
core   0: 0x000000008000ff3a (0xfb843783) ld      a5, -72(s0)
core   0: 3 0x000000008000ff3a (0xfb843783) x15 0x000000000000009c mem 0x0000000080031f28
core   0: 0x000000008000ff3e (0x000097ba) c.add   a5, a4
core   0: 3 0x000000008000ff3e (0x97ba) x15 0x00000000800120dc
core   0: 0x000000008000ff40 (0xfe043703) ld      a4, -32(s0)
core   0: 3 0x000000008000ff40 (0xfe043703) x14 0x000000008001206f mem 0x0000000080031f50
core   0: 0x000000008000ff44 (0xfcf76de3) bltu    a4, a5, pc - 38
core   0: 3 0x000000008000ff44 (0xfcf76de3)
core   0: 0x000000008000ff1e (0xfe043783) ld      a5, -32(s0)
core   0: 3 0x000000008000ff1e (0xfe043783) x15 0x000000008001206f mem 0x0000000080031f50
core   0: 0x000000008000ff22 (0x00178713) addi    a4, a5, 1
core   0: 3 0x000000008000ff22 (0x00178713) x14 0x0000000080012070
core   0: 0x000000008000ff26 (0xfee43023) sd      a4, -32(s0)
core   0: 3 0x000000008000ff26 (0xfee43023) mem 0x0000000080031f50 0x0000000080012070
core   0: 0x000000008000ff2a (0xfc442703) lw      a4, -60(s0)
core   0: 3 0x000000008000ff2a (0xfc442703) x14 0x0000000000000000 mem 0x0000000080031f34
core   0: 0x000000008000ff2e (0x0ff77713) andi    a4, a4, 255
core   0: 3 0x000000008000ff2e (0x0ff77713) x14 0x0000000000000000
core   0: 0x000000008000ff32 (0x00e78023) sb      a4, 0(a5)
core   0: 3 0x000000008000ff32 (0x00e78023) mem 0x000000008001206f 0x00
core   0: 0x000000008000ff36 (0xfc843703) ld      a4, -56(s0)
core   0: 3 0x000000008000ff36 (0xfc843703) x14 0x0000000080012040 mem 0x0000000080031f38
core   0: 0x000000008000ff3a (0xfb843783) ld      a5, -72(s0)
core   0: 3 0x000000008000ff3a (0xfb843783) x15 0x000000000000009c mem 0x0000000080031f28
core   0: 0x000000008000ff3e (0x000097ba) c.add   a5, a4
core   0: 3 0x000000008000ff3e (0x97ba) x15 0x00000000800120dc
core   0: 0x000000008000ff40 (0xfe043703) ld      a4, -32(s0)
core   0: 3 0x000000008000ff40 (0xfe043703) x14 0x0000000080012070 mem 0x0000000080031f50
core   0: 0x000000008000ff44 (0xfcf76de3) bltu    a4, a5, pc - 38
core   0: 3 0x000000008000ff44 (0xfcf76de3)
core   0: 0x000000008000ff1e (0xfe043783) ld      a5, -32(s0)
core   0: 3 0x000000008000ff1e (0xfe043783) x15 0x0000000080012070 mem 0x0000000080031f50
core   0: 0x000000008000ff22 (0x00178713) addi    a4, a5, 1
core   0: 3 0x000000008000ff22 (0x00178713) x14 0x0000000080012071
core   0: 0x000000008000ff26 (0xfee43023) sd      a4, -32(s0)
core   0: 3 0x000000008000ff26 (0xfee43023) mem 0x0000000080031f50 0x0000000080012071
core   0: 0x000000008000ff2a (0xfc442703) lw      a4, -60(s0)
core   0: 3 0x000000008000ff2a (0xfc442703) x14 0x0000000000000000 mem 0x0000000080031f34
core   0: 0x000000008000ff2e (0x0ff77713) andi    a4, a4, 255
core   0: 3 0x000000008000ff2e (0x0ff77713) x14 0x0000000000000000
core   0: 0x000000008000ff32 (0x00e78023) sb      a4, 0(a5)
core   0: 3 0x000000008000ff32 (0x00e78023) mem 0x0000000080012070 0x00
core   0: 0x000000008000ff36 (0xfc843703) ld      a4, -56(s0)
core   0: 3 0x000000008000ff36 (0xfc843703) x14 0x0000000080012040 mem 0x0000000080031f38
core   0: 0x000000008000ff3a (0xfb843783) ld      a5, -72(s0)
core   0: 3 0x000000008000ff3a (0xfb843783) x15 0x000000000000009c mem 0x0000000080031f28
core   0: 0x000000008000ff3e (0x000097ba) c.add   a5, a4
core   0: 3 0x000000008000ff3e (0x97ba) x15 0x00000000800120dc
core   0: 0x000000008000ff40 (0xfe043703) ld      a4, -32(s0)
core   0: 3 0x000000008000ff40 (0xfe043703) x14 0x0000000080012071 mem 0x0000000080031f50
core   0: 0x000000008000ff44 (0xfcf76de3) bltu    a4, a5, pc - 38
core   0: 3 0x000000008000ff44 (0xfcf76de3)
core   0: 0x000000008000ff1e (0xfe043783) ld      a5, -32(s0)
core   0: 3 0x000000008000ff1e (0xfe043783) x15 0x0000000080012071 mem 0x0000000080031f50
core   0: 0x000000008000ff22 (0x00178713) addi    a4, a5, 1
core   0: 3 0x000000008000ff22 (0x00178713) x14 0x0000000080012072
core   0: 0x000000008000ff26 (0xfee43023) sd      a4, -32(s0)
core   0: 3 0x000000008000ff26 (0xfee43023) mem 0x0000000080031f50 0x0000000080012072
core   0: 0x000000008000ff2a (0xfc442703) lw      a4, -60(s0)
core   0: 3 0x000000008000ff2a (0xfc442703) x14 0x0000000000000000 mem 0x0000000080031f34
core   0: 0x000000008000ff2e (0x0ff77713) andi    a4, a4, 255
core   0: 3 0x000000008000ff2e (0x0ff77713) x14 0x0000000000000000
core   0: 0x000000008000ff32 (0x00e78023) sb      a4, 0(a5)
core   0: 3 0x000000008000ff32 (0x00e78023) mem 0x0000000080012071 0x00
core   0: 0x000000008000ff36 (0xfc843703) ld      a4, -56(s0)
core   0: 3 0x000000008000ff36 (0xfc843703) x14 0x0000000080012040 mem 0x0000000080031f38
core   0: 0x000000008000ff3a (0xfb843783) ld      a5, -72(s0)
core   0: 3 0x000000008000ff3a (0xfb843783) x15 0x000000000000009c mem 0x0000000080031f28
core   0: 0x000000008000ff3e (0x000097ba) c.add   a5, a4
core   0: 3 0x000000008000ff3e (0x97ba) x15 0x00000000800120dc
core   0: 0x000000008000ff40 (0xfe043703) ld      a4, -32(s0)
core   0: 3 0x000000008000ff40 (0xfe043703) x14 0x0000000080012072 mem 0x0000000080031f50
core   0: 0x000000008000ff44 (0xfcf76de3) bltu    a4, a5, pc - 38
core   0: 3 0x000000008000ff44 (0xfcf76de3)
core   0: 0x000000008000ff1e (0xfe043783) ld      a5, -32(s0)
core   0: 3 0x000000008000ff1e (0xfe043783) x15 0x0000000080012072 mem 0x0000000080031f50
core   0: 0x000000008000ff22 (0x00178713) addi    a4, a5, 1
core   0: 3 0x000000008000ff22 (0x00178713) x14 0x0000000080012073
core   0: 0x000000008000ff26 (0xfee43023) sd      a4, -32(s0)
core   0: 3 0x000000008000ff26 (0xfee43023) mem 0x0000000080031f50 0x0000000080012073
core   0: 0x000000008000ff2a (0xfc442703) lw      a4, -60(s0)
core   0: 3 0x000000008000ff2a (0xfc442703) x14 0x0000000000000000 mem 0x0000000080031f34
core   0: 0x000000008000ff2e (0x0ff77713) andi    a4, a4, 255
core   0: 3 0x000000008000ff2e (0x0ff77713) x14 0x0000000000000000
core   0: 0x000000008000ff32 (0x00e78023) sb      a4, 0(a5)
core   0: 3 0x000000008000ff32 (0x00e78023) mem 0x0000000080012072 0x00
core   0: 0x000000008000ff36 (0xfc843703) ld      a4, -56(s0)
core   0: 3 0x000000008000ff36 (0xfc843703) x14 0x0000000080012040 mem 0x0000000080031f38
core   0: 0x000000008000ff3a (0xfb843783) ld      a5, -72(s0)
core   0: 3 0x000000008000ff3a (0xfb843783) x15 0x000000000000009c mem 0x0000000080031f28
core   0: 0x000000008000ff3e (0x000097ba) c.add   a5, a4
core   0: 3 0x000000008000ff3e (0x97ba) x15 0x00000000800120dc
core   0: 0x000000008000ff40 (0xfe043703) ld      a4, -32(s0)
core   0: 3 0x000000008000ff40 (0xfe043703) x14 0x0000000080012073 mem 0x0000000080031f50
core   0: 0x000000008000ff44 (0xfcf76de3) bltu    a4, a5, pc - 38
core   0: 3 0x000000008000ff44 (0xfcf76de3)
core   0: 0x000000008000ff1e (0xfe043783) ld      a5, -32(s0)
core   0: 3 0x000000008000ff1e (0xfe043783) x15 0x0000000080012073 mem 0x0000000080031f50
core   0: 0x000000008000ff22 (0x00178713) addi    a4, a5, 1
core   0: 3 0x000000008000ff22 (0x00178713) x14 0x0000000080012074
core   0: 0x000000008000ff26 (0xfee43023) sd      a4, -32(s0)
core   0: 3 0x000000008000ff26 (0xfee43023) mem 0x0000000080031f50 0x0000000080012074
core   0: 0x000000008000ff2a (0xfc442703) lw      a4, -60(s0)
core   0: 3 0x000000008000ff2a (0xfc442703) x14 0x0000000000000000 mem 0x0000000080031f34
core   0: 0x000000008000ff2e (0x0ff77713) andi    a4, a4, 255
core   0: 3 0x000000008000ff2e (0x0ff77713) x14 0x0000000000000000
core   0: 0x000000008000ff32 (0x00e78023) sb      a4, 0(a5)
core   0: 3 0x000000008000ff32 (0x00e78023) mem 0x0000000080012073 0x00
core   0: 0x000000008000ff36 (0xfc843703) ld      a4, -56(s0)
core   0: 3 0x000000008000ff36 (0xfc843703) x14 0x0000000080012040 mem 0x0000000080031f38
core   0: 0x000000008000ff3a (0xfb843783) ld      a5, -72(s0)
core   0: 3 0x000000008000ff3a (0xfb843783) x15 0x000000000000009c mem 0x0000000080031f28
core   0: 0x000000008000ff3e (0x000097ba) c.add   a5, a4
core   0: 3 0x000000008000ff3e (0x97ba) x15 0x00000000800120dc
core   0: 0x000000008000ff40 (0xfe043703) ld      a4, -32(s0)
core   0: 3 0x000000008000ff40 (0xfe043703) x14 0x0000000080012074 mem 0x0000000080031f50
core   0: 0x000000008000ff44 (0xfcf76de3) bltu    a4, a5, pc - 38
core   0: 3 0x000000008000ff44 (0xfcf76de3)
core   0: 0x000000008000ff1e (0xfe043783) ld      a5, -32(s0)
core   0: 3 0x000000008000ff1e (0xfe043783) x15 0x0000000080012074 mem 0x0000000080031f50
core   0: 0x000000008000ff22 (0x00178713) addi    a4, a5, 1
core   0: 3 0x000000008000ff22 (0x00178713) x14 0x0000000080012075
core   0: 0x000000008000ff26 (0xfee43023) sd      a4, -32(s0)
core   0: 3 0x000000008000ff26 (0xfee43023) mem 0x0000000080031f50 0x0000000080012075
core   0: 0x000000008000ff2a (0xfc442703) lw      a4, -60(s0)
core   0: 3 0x000000008000ff2a (0xfc442703) x14 0x0000000000000000 mem 0x0000000080031f34
core   0: 0x000000008000ff2e (0x0ff77713) andi    a4, a4, 255
core   0: 3 0x000000008000ff2e (0x0ff77713) x14 0x0000000000000000
core   0: 0x000000008000ff32 (0x00e78023) sb      a4, 0(a5)
core   0: 3 0x000000008000ff32 (0x00e78023) mem 0x0000000080012074 0x00
core   0: 0x000000008000ff36 (0xfc843703) ld      a4, -56(s0)
core   0: 3 0x000000008000ff36 (0xfc843703) x14 0x0000000080012040 mem 0x0000000080031f38
core   0: 0x000000008000ff3a (0xfb843783) ld      a5, -72(s0)
core   0: 3 0x000000008000ff3a (0xfb843783) x15 0x000000000000009c mem 0x0000000080031f28
core   0: 0x000000008000ff3e (0x000097ba) c.add   a5, a4
core   0: 3 0x000000008000ff3e (0x97ba) x15 0x00000000800120dc
core   0: 0x000000008000ff40 (0xfe043703) ld      a4, -32(s0)
core   0: 3 0x000000008000ff40 (0xfe043703) x14 0x0000000080012075 mem 0x0000000080031f50
core   0: 0x000000008000ff44 (0xfcf76de3) bltu    a4, a5, pc - 38
core   0: 3 0x000000008000ff44 (0xfcf76de3)
core   0: 0x000000008000ff1e (0xfe043783) ld      a5, -32(s0)
core   0: 3 0x000000008000ff1e (0xfe043783) x15 0x0000000080012075 mem 0x0000000080031f50
core   0: 0x000000008000ff22 (0x00178713) addi    a4, a5, 1
core   0: 3 0x000000008000ff22 (0x00178713) x14 0x0000000080012076
core   0: 0x000000008000ff26 (0xfee43023) sd      a4, -32(s0)
core   0: 3 0x000000008000ff26 (0xfee43023) mem 0x0000000080031f50 0x0000000080012076
core   0: 0x000000008000ff2a (0xfc442703) lw      a4, -60(s0)
core   0: 3 0x000000008000ff2a (0xfc442703) x14 0x0000000000000000 mem 0x0000000080031f34
core   0: 0x000000008000ff2e (0x0ff77713) andi    a4, a4, 255
core   0: 3 0x000000008000ff2e (0x0ff77713) x14 0x0000000000000000
core   0: 0x000000008000ff32 (0x00e78023) sb      a4, 0(a5)
core   0: 3 0x000000008000ff32 (0x00e78023) mem 0x0000000080012075 0x00
core   0: 0x000000008000ff36 (0xfc843703) ld      a4, -56(s0)
core   0: 3 0x000000008000ff36 (0xfc843703) x14 0x0000000080012040 mem 0x0000000080031f38
core   0: 0x000000008000ff3a (0xfb843783) ld      a5, -72(s0)
core   0: 3 0x000000008000ff3a (0xfb843783) x15 0x000000000000009c mem 0x0000000080031f28
core   0: 0x000000008000ff3e (0x000097ba) c.add   a5, a4
core   0: 3 0x000000008000ff3e (0x97ba) x15 0x00000000800120dc
core   0: 0x000000008000ff40 (0xfe043703) ld      a4, -32(s0)
core   0: 3 0x000000008000ff40 (0xfe043703) x14 0x0000000080012076 mem 0x0000000080031f50
core   0: 0x000000008000ff44 (0xfcf76de3) bltu    a4, a5, pc - 38
core   0: 3 0x000000008000ff44 (0xfcf76de3)
core   0: 0x000000008000ff1e (0xfe043783) ld      a5, -32(s0)
core   0: 3 0x000000008000ff1e (0xfe043783) x15 0x0000000080012076 mem 0x0000000080031f50
core   0: 0x000000008000ff22 (0x00178713) addi    a4, a5, 1
core   0: 3 0x000000008000ff22 (0x00178713) x14 0x0000000080012077
core   0: 0x000000008000ff26 (0xfee43023) sd      a4, -32(s0)
core   0: 3 0x000000008000ff26 (0xfee43023) mem 0x0000000080031f50 0x0000000080012077
core   0: 0x000000008000ff2a (0xfc442703) lw      a4, -60(s0)
core   0: 3 0x000000008000ff2a (0xfc442703) x14 0x0000000000000000 mem 0x0000000080031f34
core   0: 0x000000008000ff2e (0x0ff77713) andi    a4, a4, 255
core   0: 3 0x000000008000ff2e (0x0ff77713) x14 0x0000000000000000
core   0: 0x000000008000ff32 (0x00e78023) sb      a4, 0(a5)
core   0: 3 0x000000008000ff32 (0x00e78023) mem 0x0000000080012076 0x00
core   0: 0x000000008000ff36 (0xfc843703) ld      a4, -56(s0)
core   0: 3 0x000000008000ff36 (0xfc843703) x14 0x0000000080012040 mem 0x0000000080031f38
core   0: 0x000000008000ff3a (0xfb843783) ld      a5, -72(s0)
core   0: 3 0x000000008000ff3a (0xfb843783) x15 0x000000000000009c mem 0x0000000080031f28
core   0: 0x000000008000ff3e (0x000097ba) c.add   a5, a4
core   0: 3 0x000000008000ff3e (0x97ba) x15 0x00000000800120dc
core   0: 0x000000008000ff40 (0xfe043703) ld      a4, -32(s0)
core   0: 3 0x000000008000ff40 (0xfe043703) x14 0x0000000080012077 mem 0x0000000080031f50
core   0: 0x000000008000ff44 (0xfcf76de3) bltu    a4, a5, pc - 38
core   0: 3 0x000000008000ff44 (0xfcf76de3)
core   0: 0x000000008000ff1e (0xfe043783) ld      a5, -32(s0)
core   0: 3 0x000000008000ff1e (0xfe043783) x15 0x0000000080012077 mem 0x0000000080031f50
core   0: 0x000000008000ff22 (0x00178713) addi    a4, a5, 1
core   0: 3 0x000000008000ff22 (0x00178713) x14 0x0000000080012078
core   0: 0x000000008000ff26 (0xfee43023) sd      a4, -32(s0)
core   0: 3 0x000000008000ff26 (0xfee43023) mem 0x0000000080031f50 0x0000000080012078
core   0: 0x000000008000ff2a (0xfc442703) lw      a4, -60(s0)
core   0: 3 0x000000008000ff2a (0xfc442703) x14 0x0000000000000000 mem 0x0000000080031f34
core   0: 0x000000008000ff2e (0x0ff77713) andi    a4, a4, 255
core   0: 3 0x000000008000ff2e (0x0ff77713) x14 0x0000000000000000
core   0: 0x000000008000ff32 (0x00e78023) sb      a4, 0(a5)
core   0: 3 0x000000008000ff32 (0x00e78023) mem 0x0000000080012077 0x00
core   0: 0x000000008000ff36 (0xfc843703) ld      a4, -56(s0)
core   0: 3 0x000000008000ff36 (0xfc843703) x14 0x0000000080012040 mem 0x0000000080031f38
core   0: 0x000000008000ff3a (0xfb843783) ld      a5, -72(s0)
core   0: 3 0x000000008000ff3a (0xfb843783) x15 0x000000000000009c mem 0x0000000080031f28
core   0: 0x000000008000ff3e (0x000097ba) c.add   a5, a4
core   0: 3 0x000000008000ff3e (0x97ba) x15 0x00000000800120dc
core   0: 0x000000008000ff40 (0xfe043703) ld      a4, -32(s0)
core   0: 3 0x000000008000ff40 (0xfe043703) x14 0x0000000080012078 mem 0x0000000080031f50
core   0: 0x000000008000ff44 (0xfcf76de3) bltu    a4, a5, pc - 38
core   0: 3 0x000000008000ff44 (0xfcf76de3)
core   0: 0x000000008000ff1e (0xfe043783) ld      a5, -32(s0)
core   0: 3 0x000000008000ff1e (0xfe043783) x15 0x0000000080012078 mem 0x0000000080031f50
core   0: 0x000000008000ff22 (0x00178713) addi    a4, a5, 1
core   0: 3 0x000000008000ff22 (0x00178713) x14 0x0000000080012079
core   0: 0x000000008000ff26 (0xfee43023) sd      a4, -32(s0)
core   0: 3 0x000000008000ff26 (0xfee43023) mem 0x0000000080031f50 0x0000000080012079
core   0: 0x000000008000ff2a (0xfc442703) lw      a4, -60(s0)
core   0: 3 0x000000008000ff2a (0xfc442703) x14 0x0000000000000000 mem 0x0000000080031f34
core   0: 0x000000008000ff2e (0x0ff77713) andi    a4, a4, 255
core   0: 3 0x000000008000ff2e (0x0ff77713) x14 0x0000000000000000
core   0: 0x000000008000ff32 (0x00e78023) sb      a4, 0(a5)
core   0: 3 0x000000008000ff32 (0x00e78023) mem 0x0000000080012078 0x00
core   0: 0x000000008000ff36 (0xfc843703) ld      a4, -56(s0)
core   0: 3 0x000000008000ff36 (0xfc843703) x14 0x0000000080012040 mem 0x0000000080031f38
core   0: 0x000000008000ff3a (0xfb843783) ld      a5, -72(s0)
core   0: 3 0x000000008000ff3a (0xfb843783) x15 0x000000000000009c mem 0x0000000080031f28
core   0: 0x000000008000ff3e (0x000097ba) c.add   a5, a4
core   0: 3 0x000000008000ff3e (0x97ba) x15 0x00000000800120dc
core   0: 0x000000008000ff40 (0xfe043703) ld      a4, -32(s0)
core   0: 3 0x000000008000ff40 (0xfe043703) x14 0x0000000080012079 mem 0x0000000080031f50
core   0: 0x000000008000ff44 (0xfcf76de3) bltu    a4, a5, pc - 38
core   0: 3 0x000000008000ff44 (0xfcf76de3)
core   0: 0x000000008000ff1e (0xfe043783) ld      a5, -32(s0)
core   0: 3 0x000000008000ff1e (0xfe043783) x15 0x0000000080012079 mem 0x0000000080031f50
core   0: 0x000000008000ff22 (0x00178713) addi    a4, a5, 1
core   0: 3 0x000000008000ff22 (0x00178713) x14 0x000000008001207a
core   0: 0x000000008000ff26 (0xfee43023) sd      a4, -32(s0)
core   0: 3 0x000000008000ff26 (0xfee43023) mem 0x0000000080031f50 0x000000008001207a
core   0: 0x000000008000ff2a (0xfc442703) lw      a4, -60(s0)
core   0: 3 0x000000008000ff2a (0xfc442703) x14 0x0000000000000000 mem 0x0000000080031f34
core   0: 0x000000008000ff2e (0x0ff77713) andi    a4, a4, 255
core   0: 3 0x000000008000ff2e (0x0ff77713) x14 0x0000000000000000
core   0: 0x000000008000ff32 (0x00e78023) sb      a4, 0(a5)
core   0: 3 0x000000008000ff32 (0x00e78023) mem 0x0000000080012079 0x00
core   0: 0x000000008000ff36 (0xfc843703) ld      a4, -56(s0)
core   0: 3 0x000000008000ff36 (0xfc843703) x14 0x0000000080012040 mem 0x0000000080031f38
core   0: 0x000000008000ff3a (0xfb843783) ld      a5, -72(s0)
core   0: 3 0x000000008000ff3a (0xfb843783) x15 0x000000000000009c mem 0x0000000080031f28
core   0: 0x000000008000ff3e (0x000097ba) c.add   a5, a4
core   0: 3 0x000000008000ff3e (0x97ba) x15 0x00000000800120dc
core   0: 0x000000008000ff40 (0xfe043703) ld      a4, -32(s0)
core   0: 3 0x000000008000ff40 (0xfe043703) x14 0x000000008001207a mem 0x0000000080031f50
core   0: 0x000000008000ff44 (0xfcf76de3) bltu    a4, a5, pc - 38
core   0: 3 0x000000008000ff44 (0xfcf76de3)
core   0: 0x000000008000ff1e (0xfe043783) ld      a5, -32(s0)
core   0: 3 0x000000008000ff1e (0xfe043783) x15 0x000000008001207a mem 0x0000000080031f50
core   0: 0x000000008000ff22 (0x00178713) addi    a4, a5, 1
core   0: 3 0x000000008000ff22 (0x00178713) x14 0x000000008001207b
core   0: 0x000000008000ff26 (0xfee43023) sd      a4, -32(s0)
core   0: 3 0x000000008000ff26 (0xfee43023) mem 0x0000000080031f50 0x000000008001207b
core   0: 0x000000008000ff2a (0xfc442703) lw      a4, -60(s0)
core   0: 3 0x000000008000ff2a (0xfc442703) x14 0x0000000000000000 mem 0x0000000080031f34
core   0: 0x000000008000ff2e (0x0ff77713) andi    a4, a4, 255
core   0: 3 0x000000008000ff2e (0x0ff77713) x14 0x0000000000000000
core   0: 0x000000008000ff32 (0x00e78023) sb      a4, 0(a5)
core   0: 3 0x000000008000ff32 (0x00e78023) mem 0x000000008001207a 0x00
core   0: 0x000000008000ff36 (0xfc843703) ld      a4, -56(s0)
core   0: 3 0x000000008000ff36 (0xfc843703) x14 0x0000000080012040 mem 0x0000000080031f38
core   0: 0x000000008000ff3a (0xfb843783) ld      a5, -72(s0)
core   0: 3 0x000000008000ff3a (0xfb843783) x15 0x000000000000009c mem 0x0000000080031f28
core   0: 0x000000008000ff3e (0x000097ba) c.add   a5, a4
core   0: 3 0x000000008000ff3e (0x97ba) x15 0x00000000800120dc
core   0: 0x000000008000ff40 (0xfe043703) ld      a4, -32(s0)
core   0: 3 0x000000008000ff40 (0xfe043703) x14 0x000000008001207b mem 0x0000000080031f50
core   0: 0x000000008000ff44 (0xfcf76de3) bltu    a4, a5, pc - 38
core   0: 3 0x000000008000ff44 (0xfcf76de3)
core   0: 0x000000008000ff1e (0xfe043783) ld      a5, -32(s0)
core   0: 3 0x000000008000ff1e (0xfe043783) x15 0x000000008001207b mem 0x0000000080031f50
core   0: 0x000000008000ff22 (0x00178713) addi    a4, a5, 1
core   0: 3 0x000000008000ff22 (0x00178713) x14 0x000000008001207c
core   0: 0x000000008000ff26 (0xfee43023) sd      a4, -32(s0)
core   0: 3 0x000000008000ff26 (0xfee43023) mem 0x0000000080031f50 0x000000008001207c
core   0: 0x000000008000ff2a (0xfc442703) lw      a4, -60(s0)
core   0: 3 0x000000008000ff2a (0xfc442703) x14 0x0000000000000000 mem 0x0000000080031f34
core   0: 0x000000008000ff2e (0x0ff77713) andi    a4, a4, 255
core   0: 3 0x000000008000ff2e (0x0ff77713) x14 0x0000000000000000
core   0: 0x000000008000ff32 (0x00e78023) sb      a4, 0(a5)
core   0: 3 0x000000008000ff32 (0x00e78023) mem 0x000000008001207b 0x00
core   0: 0x000000008000ff36 (0xfc843703) ld      a4, -56(s0)
core   0: 3 0x000000008000ff36 (0xfc843703) x14 0x0000000080012040 mem 0x0000000080031f38
core   0: 0x000000008000ff3a (0xfb843783) ld      a5, -72(s0)
core   0: 3 0x000000008000ff3a (0xfb843783) x15 0x000000000000009c mem 0x0000000080031f28
core   0: 0x000000008000ff3e (0x000097ba) c.add   a5, a4
core   0: 3 0x000000008000ff3e (0x97ba) x15 0x00000000800120dc
core   0: 0x000000008000ff40 (0xfe043703) ld      a4, -32(s0)
core   0: 3 0x000000008000ff40 (0xfe043703) x14 0x000000008001207c mem 0x0000000080031f50
core   0: 0x000000008000ff44 (0xfcf76de3) bltu    a4, a5, pc - 38
core   0: 3 0x000000008000ff44 (0xfcf76de3)
core   0: 0x000000008000ff1e (0xfe043783) ld      a5, -32(s0)
core   0: 3 0x000000008000ff1e (0xfe043783) x15 0x000000008001207c mem 0x0000000080031f50
core   0: 0x000000008000ff22 (0x00178713) addi    a4, a5, 1
core   0: 3 0x000000008000ff22 (0x00178713) x14 0x000000008001207d
core   0: 0x000000008000ff26 (0xfee43023) sd      a4, -32(s0)
core   0: 3 0x000000008000ff26 (0xfee43023) mem 0x0000000080031f50 0x000000008001207d
core   0: 0x000000008000ff2a (0xfc442703) lw      a4, -60(s0)
core   0: 3 0x000000008000ff2a (0xfc442703) x14 0x0000000000000000 mem 0x0000000080031f34
core   0: 0x000000008000ff2e (0x0ff77713) andi    a4, a4, 255
core   0: 3 0x000000008000ff2e (0x0ff77713) x14 0x0000000000000000
core   0: 0x000000008000ff32 (0x00e78023) sb      a4, 0(a5)
core   0: 3 0x000000008000ff32 (0x00e78023) mem 0x000000008001207c 0x00
core   0: 0x000000008000ff36 (0xfc843703) ld      a4, -56(s0)
core   0: 3 0x000000008000ff36 (0xfc843703) x14 0x0000000080012040 mem 0x0000000080031f38
core   0: 0x000000008000ff3a (0xfb843783) ld      a5, -72(s0)
core   0: 3 0x000000008000ff3a (0xfb843783) x15 0x000000000000009c mem 0x0000000080031f28
core   0: 0x000000008000ff3e (0x000097ba) c.add   a5, a4
core   0: 3 0x000000008000ff3e (0x97ba) x15 0x00000000800120dc
core   0: 0x000000008000ff40 (0xfe043703) ld      a4, -32(s0)
core   0: 3 0x000000008000ff40 (0xfe043703) x14 0x000000008001207d mem 0x0000000080031f50
core   0: 0x000000008000ff44 (0xfcf76de3) bltu    a4, a5, pc - 38
core   0: 3 0x000000008000ff44 (0xfcf76de3)
core   0: 0x000000008000ff1e (0xfe043783) ld      a5, -32(s0)
core   0: 3 0x000000008000ff1e (0xfe043783) x15 0x000000008001207d mem 0x0000000080031f50
core   0: 0x000000008000ff22 (0x00178713) addi    a4, a5, 1
core   0: 3 0x000000008000ff22 (0x00178713) x14 0x000000008001207e
core   0: 0x000000008000ff26 (0xfee43023) sd      a4, -32(s0)
core   0: 3 0x000000008000ff26 (0xfee43023) mem 0x0000000080031f50 0x000000008001207e
core   0: 0x000000008000ff2a (0xfc442703) lw      a4, -60(s0)
core   0: 3 0x000000008000ff2a (0xfc442703) x14 0x0000000000000000 mem 0x0000000080031f34
core   0: 0x000000008000ff2e (0x0ff77713) andi    a4, a4, 255
core   0: 3 0x000000008000ff2e (0x0ff77713) x14 0x0000000000000000
core   0: 0x000000008000ff32 (0x00e78023) sb      a4, 0(a5)
core   0: 3 0x000000008000ff32 (0x00e78023) mem 0x000000008001207d 0x00
core   0: 0x000000008000ff36 (0xfc843703) ld      a4, -56(s0)
core   0: 3 0x000000008000ff36 (0xfc843703) x14 0x0000000080012040 mem 0x0000000080031f38
core   0: 0x000000008000ff3a (0xfb843783) ld      a5, -72(s0)
core   0: 3 0x000000008000ff3a (0xfb843783) x15 0x000000000000009c mem 0x0000000080031f28
core   0: 0x000000008000ff3e (0x000097ba) c.add   a5, a4
core   0: 3 0x000000008000ff3e (0x97ba) x15 0x00000000800120dc
core   0: 0x000000008000ff40 (0xfe043703) ld      a4, -32(s0)
core   0: 3 0x000000008000ff40 (0xfe043703) x14 0x000000008001207e mem 0x0000000080031f50
core   0: 0x000000008000ff44 (0xfcf76de3) bltu    a4, a5, pc - 38
core   0: 3 0x000000008000ff44 (0xfcf76de3)
core   0: 0x000000008000ff1e (0xfe043783) ld      a5, -32(s0)
core   0: 3 0x000000008000ff1e (0xfe043783) x15 0x000000008001207e mem 0x0000000080031f50
core   0: 0x000000008000ff22 (0x00178713) addi    a4, a5, 1
core   0: 3 0x000000008000ff22 (0x00178713) x14 0x000000008001207f
core   0: 0x000000008000ff26 (0xfee43023) sd      a4, -32(s0)
core   0: 3 0x000000008000ff26 (0xfee43023) mem 0x0000000080031f50 0x000000008001207f
core   0: 0x000000008000ff2a (0xfc442703) lw      a4, -60(s0)
core   0: 3 0x000000008000ff2a (0xfc442703) x14 0x0000000000000000 mem 0x0000000080031f34
core   0: 0x000000008000ff2e (0x0ff77713) andi    a4, a4, 255
core   0: 3 0x000000008000ff2e (0x0ff77713) x14 0x0000000000000000
core   0: 0x000000008000ff32 (0x00e78023) sb      a4, 0(a5)
core   0: 3 0x000000008000ff32 (0x00e78023) mem 0x000000008001207e 0x00
core   0: 0x000000008000ff36 (0xfc843703) ld      a4, -56(s0)
core   0: 3 0x000000008000ff36 (0xfc843703) x14 0x0000000080012040 mem 0x0000000080031f38
core   0: 0x000000008000ff3a (0xfb843783) ld      a5, -72(s0)
core   0: 3 0x000000008000ff3a (0xfb843783) x15 0x000000000000009c mem 0x0000000080031f28
core   0: 0x000000008000ff3e (0x000097ba) c.add   a5, a4
core   0: 3 0x000000008000ff3e (0x97ba) x15 0x00000000800120dc
core   0: 0x000000008000ff40 (0xfe043703) ld      a4, -32(s0)
core   0: 3 0x000000008000ff40 (0xfe043703) x14 0x000000008001207f mem 0x0000000080031f50
core   0: 0x000000008000ff44 (0xfcf76de3) bltu    a4, a5, pc - 38
core   0: 3 0x000000008000ff44 (0xfcf76de3)
core   0: 0x000000008000ff1e (0xfe043783) ld      a5, -32(s0)
core   0: 3 0x000000008000ff1e (0xfe043783) x15 0x000000008001207f mem 0x0000000080031f50
core   0: 0x000000008000ff22 (0x00178713) addi    a4, a5, 1
core   0: 3 0x000000008000ff22 (0x00178713) x14 0x0000000080012080
core   0: 0x000000008000ff26 (0xfee43023) sd      a4, -32(s0)
core   0: 3 0x000000008000ff26 (0xfee43023) mem 0x0000000080031f50 0x0000000080012080
core   0: 0x000000008000ff2a (0xfc442703) lw      a4, -60(s0)
core   0: 3 0x000000008000ff2a (0xfc442703) x14 0x0000000000000000 mem 0x0000000080031f34
core   0: 0x000000008000ff2e (0x0ff77713) andi    a4, a4, 255
core   0: 3 0x000000008000ff2e (0x0ff77713) x14 0x0000000000000000
core   0: 0x000000008000ff32 (0x00e78023) sb      a4, 0(a5)
core   0: 3 0x000000008000ff32 (0x00e78023) mem 0x000000008001207f 0x00
core   0: 0x000000008000ff36 (0xfc843703) ld      a4, -56(s0)
core   0: 3 0x000000008000ff36 (0xfc843703) x14 0x0000000080012040 mem 0x0000000080031f38
core   0: 0x000000008000ff3a (0xfb843783) ld      a5, -72(s0)
core   0: 3 0x000000008000ff3a (0xfb843783) x15 0x000000000000009c mem 0x0000000080031f28
core   0: 0x000000008000ff3e (0x000097ba) c.add   a5, a4
core   0: 3 0x000000008000ff3e (0x97ba) x15 0x00000000800120dc
core   0: 0x000000008000ff40 (0xfe043703) ld      a4, -32(s0)
core   0: 3 0x000000008000ff40 (0xfe043703) x14 0x0000000080012080 mem 0x0000000080031f50
core   0: 0x000000008000ff44 (0xfcf76de3) bltu    a4, a5, pc - 38
core   0: 3 0x000000008000ff44 (0xfcf76de3)
core   0: 0x000000008000ff1e (0xfe043783) ld      a5, -32(s0)
core   0: 3 0x000000008000ff1e (0xfe043783) x15 0x0000000080012080 mem 0x0000000080031f50
core   0: 0x000000008000ff22 (0x00178713) addi    a4, a5, 1
core   0: 3 0x000000008000ff22 (0x00178713) x14 0x0000000080012081
core   0: 0x000000008000ff26 (0xfee43023) sd      a4, -32(s0)
core   0: 3 0x000000008000ff26 (0xfee43023) mem 0x0000000080031f50 0x0000000080012081
core   0: 0x000000008000ff2a (0xfc442703) lw      a4, -60(s0)
core   0: 3 0x000000008000ff2a (0xfc442703) x14 0x0000000000000000 mem 0x0000000080031f34
core   0: 0x000000008000ff2e (0x0ff77713) andi    a4, a4, 255
core   0: 3 0x000000008000ff2e (0x0ff77713) x14 0x0000000000000000
core   0: 0x000000008000ff32 (0x00e78023) sb      a4, 0(a5)
core   0: 3 0x000000008000ff32 (0x00e78023) mem 0x0000000080012080 0x00
core   0: 0x000000008000ff36 (0xfc843703) ld      a4, -56(s0)
core   0: 3 0x000000008000ff36 (0xfc843703) x14 0x0000000080012040 mem 0x0000000080031f38
core   0: 0x000000008000ff3a (0xfb843783) ld      a5, -72(s0)
core   0: 3 0x000000008000ff3a (0xfb843783) x15 0x000000000000009c mem 0x0000000080031f28
core   0: 0x000000008000ff3e (0x000097ba) c.add   a5, a4
core   0: 3 0x000000008000ff3e (0x97ba) x15 0x00000000800120dc
core   0: 0x000000008000ff40 (0xfe043703) ld      a4, -32(s0)
core   0: 3 0x000000008000ff40 (0xfe043703) x14 0x0000000080012081 mem 0x0000000080031f50
core   0: 0x000000008000ff44 (0xfcf76de3) bltu    a4, a5, pc - 38
core   0: 3 0x000000008000ff44 (0xfcf76de3)
core   0: 0x000000008000ff1e (0xfe043783) ld      a5, -32(s0)
core   0: 3 0x000000008000ff1e (0xfe043783) x15 0x0000000080012081 mem 0x0000000080031f50
core   0: 0x000000008000ff22 (0x00178713) addi    a4, a5, 1
core   0: 3 0x000000008000ff22 (0x00178713) x14 0x0000000080012082
core   0: 0x000000008000ff26 (0xfee43023) sd      a4, -32(s0)
core   0: 3 0x000000008000ff26 (0xfee43023) mem 0x0000000080031f50 0x0000000080012082
core   0: 0x000000008000ff2a (0xfc442703) lw      a4, -60(s0)
core   0: 3 0x000000008000ff2a (0xfc442703) x14 0x0000000000000000 mem 0x0000000080031f34
core   0: 0x000000008000ff2e (0x0ff77713) andi    a4, a4, 255
core   0: 3 0x000000008000ff2e (0x0ff77713) x14 0x0000000000000000
core   0: 0x000000008000ff32 (0x00e78023) sb      a4, 0(a5)
core   0: 3 0x000000008000ff32 (0x00e78023) mem 0x0000000080012081 0x00
core   0: 0x000000008000ff36 (0xfc843703) ld      a4, -56(s0)
core   0: 3 0x000000008000ff36 (0xfc843703) x14 0x0000000080012040 mem 0x0000000080031f38
core   0: 0x000000008000ff3a (0xfb843783) ld      a5, -72(s0)
core   0: 3 0x000000008000ff3a (0xfb843783) x15 0x000000000000009c mem 0x0000000080031f28
core   0: 0x000000008000ff3e (0x000097ba) c.add   a5, a4
core   0: 3 0x000000008000ff3e (0x97ba) x15 0x00000000800120dc
core   0: 0x000000008000ff40 (0xfe043703) ld      a4, -32(s0)
core   0: 3 0x000000008000ff40 (0xfe043703) x14 0x0000000080012082 mem 0x0000000080031f50
core   0: 0x000000008000ff44 (0xfcf76de3) bltu    a4, a5, pc - 38
core   0: 3 0x000000008000ff44 (0xfcf76de3)
core   0: 0x000000008000ff1e (0xfe043783) ld      a5, -32(s0)
core   0: 3 0x000000008000ff1e (0xfe043783) x15 0x0000000080012082 mem 0x0000000080031f50
core   0: 0x000000008000ff22 (0x00178713) addi    a4, a5, 1
core   0: 3 0x000000008000ff22 (0x00178713) x14 0x0000000080012083
core   0: 0x000000008000ff26 (0xfee43023) sd      a4, -32(s0)
core   0: 3 0x000000008000ff26 (0xfee43023) mem 0x0000000080031f50 0x0000000080012083
core   0: 0x000000008000ff2a (0xfc442703) lw      a4, -60(s0)
core   0: 3 0x000000008000ff2a (0xfc442703) x14 0x0000000000000000 mem 0x0000000080031f34
core   0: 0x000000008000ff2e (0x0ff77713) andi    a4, a4, 255
core   0: 3 0x000000008000ff2e (0x0ff77713) x14 0x0000000000000000
core   0: 0x000000008000ff32 (0x00e78023) sb      a4, 0(a5)
core   0: 3 0x000000008000ff32 (0x00e78023) mem 0x0000000080012082 0x00
core   0: 0x000000008000ff36 (0xfc843703) ld      a4, -56(s0)
core   0: 3 0x000000008000ff36 (0xfc843703) x14 0x0000000080012040 mem 0x0000000080031f38
core   0: 0x000000008000ff3a (0xfb843783) ld      a5, -72(s0)
core   0: 3 0x000000008000ff3a (0xfb843783) x15 0x000000000000009c mem 0x0000000080031f28
core   0: 0x000000008000ff3e (0x000097ba) c.add   a5, a4
core   0: 3 0x000000008000ff3e (0x97ba) x15 0x00000000800120dc
core   0: 0x000000008000ff40 (0xfe043703) ld      a4, -32(s0)
core   0: 3 0x000000008000ff40 (0xfe043703) x14 0x0000000080012083 mem 0x0000000080031f50
core   0: 0x000000008000ff44 (0xfcf76de3) bltu    a4, a5, pc - 38
core   0: 3 0x000000008000ff44 (0xfcf76de3)
core   0: 0x000000008000ff1e (0xfe043783) ld      a5, -32(s0)
core   0: 3 0x000000008000ff1e (0xfe043783) x15 0x0000000080012083 mem 0x0000000080031f50
core   0: 0x000000008000ff22 (0x00178713) addi    a4, a5, 1
core   0: 3 0x000000008000ff22 (0x00178713) x14 0x0000000080012084
core   0: 0x000000008000ff26 (0xfee43023) sd      a4, -32(s0)
core   0: 3 0x000000008000ff26 (0xfee43023) mem 0x0000000080031f50 0x0000000080012084
core   0: 0x000000008000ff2a (0xfc442703) lw      a4, -60(s0)
core   0: 3 0x000000008000ff2a (0xfc442703) x14 0x0000000000000000 mem 0x0000000080031f34
core   0: 0x000000008000ff2e (0x0ff77713) andi    a4, a4, 255
core   0: 3 0x000000008000ff2e (0x0ff77713) x14 0x0000000000000000
core   0: 0x000000008000ff32 (0x00e78023) sb      a4, 0(a5)
core   0: 3 0x000000008000ff32 (0x00e78023) mem 0x0000000080012083 0x00
core   0: 0x000000008000ff36 (0xfc843703) ld      a4, -56(s0)
core   0: 3 0x000000008000ff36 (0xfc843703) x14 0x0000000080012040 mem 0x0000000080031f38
core   0: 0x000000008000ff3a (0xfb843783) ld      a5, -72(s0)
core   0: 3 0x000000008000ff3a (0xfb843783) x15 0x000000000000009c mem 0x0000000080031f28
core   0: 0x000000008000ff3e (0x000097ba) c.add   a5, a4
core   0: 3 0x000000008000ff3e (0x97ba) x15 0x00000000800120dc
core   0: 0x000000008000ff40 (0xfe043703) ld      a4, -32(s0)
core   0: 3 0x000000008000ff40 (0xfe043703) x14 0x0000000080012084 mem 0x0000000080031f50
core   0: 0x000000008000ff44 (0xfcf76de3) bltu    a4, a5, pc - 38
core   0: 3 0x000000008000ff44 (0xfcf76de3)
core   0: 0x000000008000ff1e (0xfe043783) ld      a5, -32(s0)
core   0: 3 0x000000008000ff1e (0xfe043783) x15 0x0000000080012084 mem 0x0000000080031f50
core   0: 0x000000008000ff22 (0x00178713) addi    a4, a5, 1
core   0: 3 0x000000008000ff22 (0x00178713) x14 0x0000000080012085
core   0: 0x000000008000ff26 (0xfee43023) sd      a4, -32(s0)
core   0: 3 0x000000008000ff26 (0xfee43023) mem 0x0000000080031f50 0x0000000080012085
core   0: 0x000000008000ff2a (0xfc442703) lw      a4, -60(s0)
core   0: 3 0x000000008000ff2a (0xfc442703) x14 0x0000000000000000 mem 0x0000000080031f34
core   0: 0x000000008000ff2e (0x0ff77713) andi    a4, a4, 255
core   0: 3 0x000000008000ff2e (0x0ff77713) x14 0x0000000000000000
core   0: 0x000000008000ff32 (0x00e78023) sb      a4, 0(a5)
core   0: 3 0x000000008000ff32 (0x00e78023) mem 0x0000000080012084 0x00
core   0: 0x000000008000ff36 (0xfc843703) ld      a4, -56(s0)
core   0: 3 0x000000008000ff36 (0xfc843703) x14 0x0000000080012040 mem 0x0000000080031f38
core   0: 0x000000008000ff3a (0xfb843783) ld      a5, -72(s0)
core   0: 3 0x000000008000ff3a (0xfb843783) x15 0x000000000000009c mem 0x0000000080031f28
core   0: 0x000000008000ff3e (0x000097ba) c.add   a5, a4
core   0: 3 0x000000008000ff3e (0x97ba) x15 0x00000000800120dc
core   0: 0x000000008000ff40 (0xfe043703) ld      a4, -32(s0)
core   0: 3 0x000000008000ff40 (0xfe043703) x14 0x0000000080012085 mem 0x0000000080031f50
core   0: 0x000000008000ff44 (0xfcf76de3) bltu    a4, a5, pc - 38
core   0: 3 0x000000008000ff44 (0xfcf76de3)
core   0: 0x000000008000ff1e (0xfe043783) ld      a5, -32(s0)
core   0: 3 0x000000008000ff1e (0xfe043783) x15 0x0000000080012085 mem 0x0000000080031f50
core   0: 0x000000008000ff22 (0x00178713) addi    a4, a5, 1
core   0: 3 0x000000008000ff22 (0x00178713) x14 0x0000000080012086
core   0: 0x000000008000ff26 (0xfee43023) sd      a4, -32(s0)
core   0: 3 0x000000008000ff26 (0xfee43023) mem 0x0000000080031f50 0x0000000080012086
core   0: 0x000000008000ff2a (0xfc442703) lw      a4, -60(s0)
core   0: 3 0x000000008000ff2a (0xfc442703) x14 0x0000000000000000 mem 0x0000000080031f34
core   0: 0x000000008000ff2e (0x0ff77713) andi    a4, a4, 255
core   0: 3 0x000000008000ff2e (0x0ff77713) x14 0x0000000000000000
core   0: 0x000000008000ff32 (0x00e78023) sb      a4, 0(a5)
core   0: 3 0x000000008000ff32 (0x00e78023) mem 0x0000000080012085 0x00
core   0: 0x000000008000ff36 (0xfc843703) ld      a4, -56(s0)
core   0: 3 0x000000008000ff36 (0xfc843703) x14 0x0000000080012040 mem 0x0000000080031f38
core   0: 0x000000008000ff3a (0xfb843783) ld      a5, -72(s0)
core   0: 3 0x000000008000ff3a (0xfb843783) x15 0x000000000000009c mem 0x0000000080031f28
core   0: 0x000000008000ff3e (0x000097ba) c.add   a5, a4
core   0: 3 0x000000008000ff3e (0x97ba) x15 0x00000000800120dc
core   0: 0x000000008000ff40 (0xfe043703) ld      a4, -32(s0)
core   0: 3 0x000000008000ff40 (0xfe043703) x14 0x0000000080012086 mem 0x0000000080031f50
core   0: 0x000000008000ff44 (0xfcf76de3) bltu    a4, a5, pc - 38
core   0: 3 0x000000008000ff44 (0xfcf76de3)
core   0: 0x000000008000ff1e (0xfe043783) ld      a5, -32(s0)
core   0: 3 0x000000008000ff1e (0xfe043783) x15 0x0000000080012086 mem 0x0000000080031f50
core   0: 0x000000008000ff22 (0x00178713) addi    a4, a5, 1
core   0: 3 0x000000008000ff22 (0x00178713) x14 0x0000000080012087
core   0: 0x000000008000ff26 (0xfee43023) sd      a4, -32(s0)
core   0: 3 0x000000008000ff26 (0xfee43023) mem 0x0000000080031f50 0x0000000080012087
core   0: 0x000000008000ff2a (0xfc442703) lw      a4, -60(s0)
core   0: 3 0x000000008000ff2a (0xfc442703) x14 0x0000000000000000 mem 0x0000000080031f34
core   0: 0x000000008000ff2e (0x0ff77713) andi    a4, a4, 255
core   0: 3 0x000000008000ff2e (0x0ff77713) x14 0x0000000000000000
core   0: 0x000000008000ff32 (0x00e78023) sb      a4, 0(a5)
core   0: 3 0x000000008000ff32 (0x00e78023) mem 0x0000000080012086 0x00
core   0: 0x000000008000ff36 (0xfc843703) ld      a4, -56(s0)
core   0: 3 0x000000008000ff36 (0xfc843703) x14 0x0000000080012040 mem 0x0000000080031f38
core   0: 0x000000008000ff3a (0xfb843783) ld      a5, -72(s0)
core   0: 3 0x000000008000ff3a (0xfb843783) x15 0x000000000000009c mem 0x0000000080031f28
core   0: 0x000000008000ff3e (0x000097ba) c.add   a5, a4
core   0: 3 0x000000008000ff3e (0x97ba) x15 0x00000000800120dc
core   0: 0x000000008000ff40 (0xfe043703) ld      a4, -32(s0)
core   0: 3 0x000000008000ff40 (0xfe043703) x14 0x0000000080012087 mem 0x0000000080031f50
core   0: 0x000000008000ff44 (0xfcf76de3) bltu    a4, a5, pc - 38
core   0: 3 0x000000008000ff44 (0xfcf76de3)
core   0: 0x000000008000ff1e (0xfe043783) ld      a5, -32(s0)
core   0: 3 0x000000008000ff1e (0xfe043783) x15 0x0000000080012087 mem 0x0000000080031f50
core   0: 0x000000008000ff22 (0x00178713) addi    a4, a5, 1
core   0: 3 0x000000008000ff22 (0x00178713) x14 0x0000000080012088
core   0: 0x000000008000ff26 (0xfee43023) sd      a4, -32(s0)
core   0: 3 0x000000008000ff26 (0xfee43023) mem 0x0000000080031f50 0x0000000080012088
core   0: 0x000000008000ff2a (0xfc442703) lw      a4, -60(s0)
core   0: 3 0x000000008000ff2a (0xfc442703) x14 0x0000000000000000 mem 0x0000000080031f34
core   0: 0x000000008000ff2e (0x0ff77713) andi    a4, a4, 255
core   0: 3 0x000000008000ff2e (0x0ff77713) x14 0x0000000000000000
core   0: 0x000000008000ff32 (0x00e78023) sb      a4, 0(a5)
core   0: 3 0x000000008000ff32 (0x00e78023) mem 0x0000000080012087 0x00
core   0: 0x000000008000ff36 (0xfc843703) ld      a4, -56(s0)
core   0: 3 0x000000008000ff36 (0xfc843703) x14 0x0000000080012040 mem 0x0000000080031f38
core   0: 0x000000008000ff3a (0xfb843783) ld      a5, -72(s0)
core   0: 3 0x000000008000ff3a (0xfb843783) x15 0x000000000000009c mem 0x0000000080031f28
core   0: 0x000000008000ff3e (0x000097ba) c.add   a5, a4
core   0: 3 0x000000008000ff3e (0x97ba) x15 0x00000000800120dc
core   0: 0x000000008000ff40 (0xfe043703) ld      a4, -32(s0)
core   0: 3 0x000000008000ff40 (0xfe043703) x14 0x0000000080012088 mem 0x0000000080031f50
core   0: 0x000000008000ff44 (0xfcf76de3) bltu    a4, a5, pc - 38
core   0: 3 0x000000008000ff44 (0xfcf76de3)
core   0: 0x000000008000ff1e (0xfe043783) ld      a5, -32(s0)
core   0: 3 0x000000008000ff1e (0xfe043783) x15 0x0000000080012088 mem 0x0000000080031f50
core   0: 0x000000008000ff22 (0x00178713) addi    a4, a5, 1
core   0: 3 0x000000008000ff22 (0x00178713) x14 0x0000000080012089
core   0: 0x000000008000ff26 (0xfee43023) sd      a4, -32(s0)
core   0: 3 0x000000008000ff26 (0xfee43023) mem 0x0000000080031f50 0x0000000080012089
core   0: 0x000000008000ff2a (0xfc442703) lw      a4, -60(s0)
core   0: 3 0x000000008000ff2a (0xfc442703) x14 0x0000000000000000 mem 0x0000000080031f34
core   0: 0x000000008000ff2e (0x0ff77713) andi    a4, a4, 255
core   0: 3 0x000000008000ff2e (0x0ff77713) x14 0x0000000000000000
core   0: 0x000000008000ff32 (0x00e78023) sb      a4, 0(a5)
core   0: 3 0x000000008000ff32 (0x00e78023) mem 0x0000000080012088 0x00
core   0: 0x000000008000ff36 (0xfc843703) ld      a4, -56(s0)
core   0: 3 0x000000008000ff36 (0xfc843703) x14 0x0000000080012040 mem 0x0000000080031f38
core   0: 0x000000008000ff3a (0xfb843783) ld      a5, -72(s0)
core   0: 3 0x000000008000ff3a (0xfb843783) x15 0x000000000000009c mem 0x0000000080031f28
core   0: 0x000000008000ff3e (0x000097ba) c.add   a5, a4
core   0: 3 0x000000008000ff3e (0x97ba) x15 0x00000000800120dc
core   0: 0x000000008000ff40 (0xfe043703) ld      a4, -32(s0)
core   0: 3 0x000000008000ff40 (0xfe043703) x14 0x0000000080012089 mem 0x0000000080031f50
core   0: 0x000000008000ff44 (0xfcf76de3) bltu    a4, a5, pc - 38
core   0: 3 0x000000008000ff44 (0xfcf76de3)
core   0: 0x000000008000ff1e (0xfe043783) ld      a5, -32(s0)
core   0: 3 0x000000008000ff1e (0xfe043783) x15 0x0000000080012089 mem 0x0000000080031f50
core   0: 0x000000008000ff22 (0x00178713) addi    a4, a5, 1
core   0: 3 0x000000008000ff22 (0x00178713) x14 0x000000008001208a
core   0: 0x000000008000ff26 (0xfee43023) sd      a4, -32(s0)
core   0: 3 0x000000008000ff26 (0xfee43023) mem 0x0000000080031f50 0x000000008001208a
core   0: 0x000000008000ff2a (0xfc442703) lw      a4, -60(s0)
core   0: 3 0x000000008000ff2a (0xfc442703) x14 0x0000000000000000 mem 0x0000000080031f34
core   0: 0x000000008000ff2e (0x0ff77713) andi    a4, a4, 255
core   0: 3 0x000000008000ff2e (0x0ff77713) x14 0x0000000000000000
core   0: 0x000000008000ff32 (0x00e78023) sb      a4, 0(a5)
core   0: 3 0x000000008000ff32 (0x00e78023) mem 0x0000000080012089 0x00
core   0: 0x000000008000ff36 (0xfc843703) ld      a4, -56(s0)
core   0: 3 0x000000008000ff36 (0xfc843703) x14 0x0000000080012040 mem 0x0000000080031f38
core   0: 0x000000008000ff3a (0xfb843783) ld      a5, -72(s0)
core   0: 3 0x000000008000ff3a (0xfb843783) x15 0x000000000000009c mem 0x0000000080031f28
core   0: 0x000000008000ff3e (0x000097ba) c.add   a5, a4
core   0: 3 0x000000008000ff3e (0x97ba) x15 0x00000000800120dc
core   0: 0x000000008000ff40 (0xfe043703) ld      a4, -32(s0)
core   0: 3 0x000000008000ff40 (0xfe043703) x14 0x000000008001208a mem 0x0000000080031f50
core   0: 0x000000008000ff44 (0xfcf76de3) bltu    a4, a5, pc - 38
core   0: 3 0x000000008000ff44 (0xfcf76de3)
core   0: 0x000000008000ff1e (0xfe043783) ld      a5, -32(s0)
core   0: 3 0x000000008000ff1e (0xfe043783) x15 0x000000008001208a mem 0x0000000080031f50
core   0: 0x000000008000ff22 (0x00178713) addi    a4, a5, 1
core   0: 3 0x000000008000ff22 (0x00178713) x14 0x000000008001208b
core   0: 0x000000008000ff26 (0xfee43023) sd      a4, -32(s0)
core   0: 3 0x000000008000ff26 (0xfee43023) mem 0x0000000080031f50 0x000000008001208b
core   0: 0x000000008000ff2a (0xfc442703) lw      a4, -60(s0)
core   0: 3 0x000000008000ff2a (0xfc442703) x14 0x0000000000000000 mem 0x0000000080031f34
core   0: 0x000000008000ff2e (0x0ff77713) andi    a4, a4, 255
core   0: 3 0x000000008000ff2e (0x0ff77713) x14 0x0000000000000000
core   0: 0x000000008000ff32 (0x00e78023) sb      a4, 0(a5)
core   0: 3 0x000000008000ff32 (0x00e78023) mem 0x000000008001208a 0x00
core   0: 0x000000008000ff36 (0xfc843703) ld      a4, -56(s0)
core   0: 3 0x000000008000ff36 (0xfc843703) x14 0x0000000080012040 mem 0x0000000080031f38
core   0: 0x000000008000ff3a (0xfb843783) ld      a5, -72(s0)
core   0: 3 0x000000008000ff3a (0xfb843783) x15 0x000000000000009c mem 0x0000000080031f28
core   0: 0x000000008000ff3e (0x000097ba) c.add   a5, a4
core   0: 3 0x000000008000ff3e (0x97ba) x15 0x00000000800120dc
core   0: 0x000000008000ff40 (0xfe043703) ld      a4, -32(s0)
core   0: 3 0x000000008000ff40 (0xfe043703) x14 0x000000008001208b mem 0x0000000080031f50
core   0: 0x000000008000ff44 (0xfcf76de3) bltu    a4, a5, pc - 38
core   0: 3 0x000000008000ff44 (0xfcf76de3)
core   0: 0x000000008000ff1e (0xfe043783) ld      a5, -32(s0)
core   0: 3 0x000000008000ff1e (0xfe043783) x15 0x000000008001208b mem 0x0000000080031f50
core   0: 0x000000008000ff22 (0x00178713) addi    a4, a5, 1
core   0: 3 0x000000008000ff22 (0x00178713) x14 0x000000008001208c
core   0: 0x000000008000ff26 (0xfee43023) sd      a4, -32(s0)
core   0: 3 0x000000008000ff26 (0xfee43023) mem 0x0000000080031f50 0x000000008001208c
core   0: 0x000000008000ff2a (0xfc442703) lw      a4, -60(s0)
core   0: 3 0x000000008000ff2a (0xfc442703) x14 0x0000000000000000 mem 0x0000000080031f34
core   0: 0x000000008000ff2e (0x0ff77713) andi    a4, a4, 255
core   0: 3 0x000000008000ff2e (0x0ff77713) x14 0x0000000000000000
core   0: 0x000000008000ff32 (0x00e78023) sb      a4, 0(a5)
core   0: 3 0x000000008000ff32 (0x00e78023) mem 0x000000008001208b 0x00
core   0: 0x000000008000ff36 (0xfc843703) ld      a4, -56(s0)
core   0: 3 0x000000008000ff36 (0xfc843703) x14 0x0000000080012040 mem 0x0000000080031f38
core   0: 0x000000008000ff3a (0xfb843783) ld      a5, -72(s0)
core   0: 3 0x000000008000ff3a (0xfb843783) x15 0x000000000000009c mem 0x0000000080031f28
core   0: 0x000000008000ff3e (0x000097ba) c.add   a5, a4
core   0: 3 0x000000008000ff3e (0x97ba) x15 0x00000000800120dc
core   0: 0x000000008000ff40 (0xfe043703) ld      a4, -32(s0)
core   0: 3 0x000000008000ff40 (0xfe043703) x14 0x000000008001208c mem 0x0000000080031f50
core   0: 0x000000008000ff44 (0xfcf76de3) bltu    a4, a5, pc - 38
core   0: 3 0x000000008000ff44 (0xfcf76de3)
core   0: 0x000000008000ff1e (0xfe043783) ld      a5, -32(s0)
core   0: 3 0x000000008000ff1e (0xfe043783) x15 0x000000008001208c mem 0x0000000080031f50
core   0: 0x000000008000ff22 (0x00178713) addi    a4, a5, 1
core   0: 3 0x000000008000ff22 (0x00178713) x14 0x000000008001208d
core   0: 0x000000008000ff26 (0xfee43023) sd      a4, -32(s0)
core   0: 3 0x000000008000ff26 (0xfee43023) mem 0x0000000080031f50 0x000000008001208d
core   0: 0x000000008000ff2a (0xfc442703) lw      a4, -60(s0)
core   0: 3 0x000000008000ff2a (0xfc442703) x14 0x0000000000000000 mem 0x0000000080031f34
core   0: 0x000000008000ff2e (0x0ff77713) andi    a4, a4, 255
core   0: 3 0x000000008000ff2e (0x0ff77713) x14 0x0000000000000000
core   0: 0x000000008000ff32 (0x00e78023) sb      a4, 0(a5)
core   0: 3 0x000000008000ff32 (0x00e78023) mem 0x000000008001208c 0x00
core   0: 0x000000008000ff36 (0xfc843703) ld      a4, -56(s0)
core   0: 3 0x000000008000ff36 (0xfc843703) x14 0x0000000080012040 mem 0x0000000080031f38
core   0: 0x000000008000ff3a (0xfb843783) ld      a5, -72(s0)
core   0: 3 0x000000008000ff3a (0xfb843783) x15 0x000000000000009c mem 0x0000000080031f28
core   0: 0x000000008000ff3e (0x000097ba) c.add   a5, a4
core   0: 3 0x000000008000ff3e (0x97ba) x15 0x00000000800120dc
core   0: 0x000000008000ff40 (0xfe043703) ld      a4, -32(s0)
core   0: 3 0x000000008000ff40 (0xfe043703) x14 0x000000008001208d mem 0x0000000080031f50
core   0: 0x000000008000ff44 (0xfcf76de3) bltu    a4, a5, pc - 38
core   0: 3 0x000000008000ff44 (0xfcf76de3)
core   0: 0x000000008000ff1e (0xfe043783) ld      a5, -32(s0)
core   0: 3 0x000000008000ff1e (0xfe043783) x15 0x000000008001208d mem 0x0000000080031f50
core   0: 0x000000008000ff22 (0x00178713) addi    a4, a5, 1
core   0: 3 0x000000008000ff22 (0x00178713) x14 0x000000008001208e
core   0: 0x000000008000ff26 (0xfee43023) sd      a4, -32(s0)
core   0: 3 0x000000008000ff26 (0xfee43023) mem 0x0000000080031f50 0x000000008001208e
core   0: 0x000000008000ff2a (0xfc442703) lw      a4, -60(s0)
core   0: 3 0x000000008000ff2a (0xfc442703) x14 0x0000000000000000 mem 0x0000000080031f34
core   0: 0x000000008000ff2e (0x0ff77713) andi    a4, a4, 255
core   0: 3 0x000000008000ff2e (0x0ff77713) x14 0x0000000000000000
core   0: 0x000000008000ff32 (0x00e78023) sb      a4, 0(a5)
core   0: 3 0x000000008000ff32 (0x00e78023) mem 0x000000008001208d 0x00
core   0: 0x000000008000ff36 (0xfc843703) ld      a4, -56(s0)
core   0: 3 0x000000008000ff36 (0xfc843703) x14 0x0000000080012040 mem 0x0000000080031f38
core   0: 0x000000008000ff3a (0xfb843783) ld      a5, -72(s0)
core   0: 3 0x000000008000ff3a (0xfb843783) x15 0x000000000000009c mem 0x0000000080031f28
core   0: 0x000000008000ff3e (0x000097ba) c.add   a5, a4
core   0: 3 0x000000008000ff3e (0x97ba) x15 0x00000000800120dc
core   0: 0x000000008000ff40 (0xfe043703) ld      a4, -32(s0)
core   0: 3 0x000000008000ff40 (0xfe043703) x14 0x000000008001208e mem 0x0000000080031f50
core   0: 0x000000008000ff44 (0xfcf76de3) bltu    a4, a5, pc - 38
core   0: 3 0x000000008000ff44 (0xfcf76de3)
core   0: 0x000000008000ff1e (0xfe043783) ld      a5, -32(s0)
core   0: 3 0x000000008000ff1e (0xfe043783) x15 0x000000008001208e mem 0x0000000080031f50
core   0: 0x000000008000ff22 (0x00178713) addi    a4, a5, 1
core   0: 3 0x000000008000ff22 (0x00178713) x14 0x000000008001208f
core   0: 0x000000008000ff26 (0xfee43023) sd      a4, -32(s0)
core   0: 3 0x000000008000ff26 (0xfee43023) mem 0x0000000080031f50 0x000000008001208f
core   0: 0x000000008000ff2a (0xfc442703) lw      a4, -60(s0)
core   0: 3 0x000000008000ff2a (0xfc442703) x14 0x0000000000000000 mem 0x0000000080031f34
core   0: 0x000000008000ff2e (0x0ff77713) andi    a4, a4, 255
core   0: 3 0x000000008000ff2e (0x0ff77713) x14 0x0000000000000000
core   0: 0x000000008000ff32 (0x00e78023) sb      a4, 0(a5)
core   0: 3 0x000000008000ff32 (0x00e78023) mem 0x000000008001208e 0x00
core   0: 0x000000008000ff36 (0xfc843703) ld      a4, -56(s0)
core   0: 3 0x000000008000ff36 (0xfc843703) x14 0x0000000080012040 mem 0x0000000080031f38
core   0: 0x000000008000ff3a (0xfb843783) ld      a5, -72(s0)
core   0: 3 0x000000008000ff3a (0xfb843783) x15 0x000000000000009c mem 0x0000000080031f28
core   0: 0x000000008000ff3e (0x000097ba) c.add   a5, a4
core   0: 3 0x000000008000ff3e (0x97ba) x15 0x00000000800120dc
core   0: 0x000000008000ff40 (0xfe043703) ld      a4, -32(s0)
core   0: 3 0x000000008000ff40 (0xfe043703) x14 0x000000008001208f mem 0x0000000080031f50
core   0: 0x000000008000ff44 (0xfcf76de3) bltu    a4, a5, pc - 38
core   0: 3 0x000000008000ff44 (0xfcf76de3)
core   0: 0x000000008000ff1e (0xfe043783) ld      a5, -32(s0)
core   0: 3 0x000000008000ff1e (0xfe043783) x15 0x000000008001208f mem 0x0000000080031f50
core   0: 0x000000008000ff22 (0x00178713) addi    a4, a5, 1
core   0: 3 0x000000008000ff22 (0x00178713) x14 0x0000000080012090
core   0: 0x000000008000ff26 (0xfee43023) sd      a4, -32(s0)
core   0: 3 0x000000008000ff26 (0xfee43023) mem 0x0000000080031f50 0x0000000080012090
core   0: 0x000000008000ff2a (0xfc442703) lw      a4, -60(s0)
core   0: 3 0x000000008000ff2a (0xfc442703) x14 0x0000000000000000 mem 0x0000000080031f34
core   0: 0x000000008000ff2e (0x0ff77713) andi    a4, a4, 255
core   0: 3 0x000000008000ff2e (0x0ff77713) x14 0x0000000000000000
core   0: 0x000000008000ff32 (0x00e78023) sb      a4, 0(a5)
core   0: 3 0x000000008000ff32 (0x00e78023) mem 0x000000008001208f 0x00
core   0: 0x000000008000ff36 (0xfc843703) ld      a4, -56(s0)
core   0: 3 0x000000008000ff36 (0xfc843703) x14 0x0000000080012040 mem 0x0000000080031f38
core   0: 0x000000008000ff3a (0xfb843783) ld      a5, -72(s0)
core   0: 3 0x000000008000ff3a (0xfb843783) x15 0x000000000000009c mem 0x0000000080031f28
core   0: 0x000000008000ff3e (0x000097ba) c.add   a5, a4
core   0: 3 0x000000008000ff3e (0x97ba) x15 0x00000000800120dc
core   0: 0x000000008000ff40 (0xfe043703) ld      a4, -32(s0)
core   0: 3 0x000000008000ff40 (0xfe043703) x14 0x0000000080012090 mem 0x0000000080031f50
core   0: 0x000000008000ff44 (0xfcf76de3) bltu    a4, a5, pc - 38
core   0: 3 0x000000008000ff44 (0xfcf76de3)
core   0: 0x000000008000ff1e (0xfe043783) ld      a5, -32(s0)
core   0: 3 0x000000008000ff1e (0xfe043783) x15 0x0000000080012090 mem 0x0000000080031f50
core   0: 0x000000008000ff22 (0x00178713) addi    a4, a5, 1
core   0: 3 0x000000008000ff22 (0x00178713) x14 0x0000000080012091
core   0: 0x000000008000ff26 (0xfee43023) sd      a4, -32(s0)
core   0: 3 0x000000008000ff26 (0xfee43023) mem 0x0000000080031f50 0x0000000080012091
core   0: 0x000000008000ff2a (0xfc442703) lw      a4, -60(s0)
core   0: 3 0x000000008000ff2a (0xfc442703) x14 0x0000000000000000 mem 0x0000000080031f34
core   0: 0x000000008000ff2e (0x0ff77713) andi    a4, a4, 255
core   0: 3 0x000000008000ff2e (0x0ff77713) x14 0x0000000000000000
core   0: 0x000000008000ff32 (0x00e78023) sb      a4, 0(a5)
core   0: 3 0x000000008000ff32 (0x00e78023) mem 0x0000000080012090 0x00
core   0: 0x000000008000ff36 (0xfc843703) ld      a4, -56(s0)
core   0: 3 0x000000008000ff36 (0xfc843703) x14 0x0000000080012040 mem 0x0000000080031f38
core   0: 0x000000008000ff3a (0xfb843783) ld      a5, -72(s0)
core   0: 3 0x000000008000ff3a (0xfb843783) x15 0x000000000000009c mem 0x0000000080031f28
core   0: 0x000000008000ff3e (0x000097ba) c.add   a5, a4
core   0: 3 0x000000008000ff3e (0x97ba) x15 0x00000000800120dc
core   0: 0x000000008000ff40 (0xfe043703) ld      a4, -32(s0)
core   0: 3 0x000000008000ff40 (0xfe043703) x14 0x0000000080012091 mem 0x0000000080031f50
core   0: 0x000000008000ff44 (0xfcf76de3) bltu    a4, a5, pc - 38
core   0: 3 0x000000008000ff44 (0xfcf76de3)
core   0: 0x000000008000ff1e (0xfe043783) ld      a5, -32(s0)
core   0: 3 0x000000008000ff1e (0xfe043783) x15 0x0000000080012091 mem 0x0000000080031f50
core   0: 0x000000008000ff22 (0x00178713) addi    a4, a5, 1
core   0: 3 0x000000008000ff22 (0x00178713) x14 0x0000000080012092
core   0: 0x000000008000ff26 (0xfee43023) sd      a4, -32(s0)
core   0: 3 0x000000008000ff26 (0xfee43023) mem 0x0000000080031f50 0x0000000080012092
core   0: 0x000000008000ff2a (0xfc442703) lw      a4, -60(s0)
core   0: 3 0x000000008000ff2a (0xfc442703) x14 0x0000000000000000 mem 0x0000000080031f34
core   0: 0x000000008000ff2e (0x0ff77713) andi    a4, a4, 255
core   0: 3 0x000000008000ff2e (0x0ff77713) x14 0x0000000000000000
core   0: 0x000000008000ff32 (0x00e78023) sb      a4, 0(a5)
core   0: 3 0x000000008000ff32 (0x00e78023) mem 0x0000000080012091 0x00
core   0: 0x000000008000ff36 (0xfc843703) ld      a4, -56(s0)
core   0: 3 0x000000008000ff36 (0xfc843703) x14 0x0000000080012040 mem 0x0000000080031f38
core   0: 0x000000008000ff3a (0xfb843783) ld      a5, -72(s0)
core   0: 3 0x000000008000ff3a (0xfb843783) x15 0x000000000000009c mem 0x0000000080031f28
core   0: 0x000000008000ff3e (0x000097ba) c.add   a5, a4
core   0: 3 0x000000008000ff3e (0x97ba) x15 0x00000000800120dc
core   0: 0x000000008000ff40 (0xfe043703) ld      a4, -32(s0)
core   0: 3 0x000000008000ff40 (0xfe043703) x14 0x0000000080012092 mem 0x0000000080031f50
core   0: 0x000000008000ff44 (0xfcf76de3) bltu    a4, a5, pc - 38
core   0: 3 0x000000008000ff44 (0xfcf76de3)
core   0: 0x000000008000ff1e (0xfe043783) ld      a5, -32(s0)
core   0: 3 0x000000008000ff1e (0xfe043783) x15 0x0000000080012092 mem 0x0000000080031f50
core   0: 0x000000008000ff22 (0x00178713) addi    a4, a5, 1
core   0: 3 0x000000008000ff22 (0x00178713) x14 0x0000000080012093
core   0: 0x000000008000ff26 (0xfee43023) sd      a4, -32(s0)
core   0: 3 0x000000008000ff26 (0xfee43023) mem 0x0000000080031f50 0x0000000080012093
core   0: 0x000000008000ff2a (0xfc442703) lw      a4, -60(s0)
core   0: 3 0x000000008000ff2a (0xfc442703) x14 0x0000000000000000 mem 0x0000000080031f34
core   0: 0x000000008000ff2e (0x0ff77713) andi    a4, a4, 255
core   0: 3 0x000000008000ff2e (0x0ff77713) x14 0x0000000000000000
core   0: 0x000000008000ff32 (0x00e78023) sb      a4, 0(a5)
core   0: 3 0x000000008000ff32 (0x00e78023) mem 0x0000000080012092 0x00
core   0: 0x000000008000ff36 (0xfc843703) ld      a4, -56(s0)
core   0: 3 0x000000008000ff36 (0xfc843703) x14 0x0000000080012040 mem 0x0000000080031f38
core   0: 0x000000008000ff3a (0xfb843783) ld      a5, -72(s0)
core   0: 3 0x000000008000ff3a (0xfb843783) x15 0x000000000000009c mem 0x0000000080031f28
core   0: 0x000000008000ff3e (0x000097ba) c.add   a5, a4
core   0: 3 0x000000008000ff3e (0x97ba) x15 0x00000000800120dc
core   0: 0x000000008000ff40 (0xfe043703) ld      a4, -32(s0)
core   0: 3 0x000000008000ff40 (0xfe043703) x14 0x0000000080012093 mem 0x0000000080031f50
core   0: 0x000000008000ff44 (0xfcf76de3) bltu    a4, a5, pc - 38
core   0: 3 0x000000008000ff44 (0xfcf76de3)
core   0: 0x000000008000ff1e (0xfe043783) ld      a5, -32(s0)
core   0: 3 0x000000008000ff1e (0xfe043783) x15 0x0000000080012093 mem 0x0000000080031f50
core   0: 0x000000008000ff22 (0x00178713) addi    a4, a5, 1
core   0: 3 0x000000008000ff22 (0x00178713) x14 0x0000000080012094
core   0: 0x000000008000ff26 (0xfee43023) sd      a4, -32(s0)
core   0: 3 0x000000008000ff26 (0xfee43023) mem 0x0000000080031f50 0x0000000080012094
core   0: 0x000000008000ff2a (0xfc442703) lw      a4, -60(s0)
core   0: 3 0x000000008000ff2a (0xfc442703) x14 0x0000000000000000 mem 0x0000000080031f34
core   0: 0x000000008000ff2e (0x0ff77713) andi    a4, a4, 255
core   0: 3 0x000000008000ff2e (0x0ff77713) x14 0x0000000000000000
core   0: 0x000000008000ff32 (0x00e78023) sb      a4, 0(a5)
core   0: 3 0x000000008000ff32 (0x00e78023) mem 0x0000000080012093 0x00
core   0: 0x000000008000ff36 (0xfc843703) ld      a4, -56(s0)
core   0: 3 0x000000008000ff36 (0xfc843703) x14 0x0000000080012040 mem 0x0000000080031f38
core   0: 0x000000008000ff3a (0xfb843783) ld      a5, -72(s0)
core   0: 3 0x000000008000ff3a (0xfb843783) x15 0x000000000000009c mem 0x0000000080031f28
core   0: 0x000000008000ff3e (0x000097ba) c.add   a5, a4
core   0: 3 0x000000008000ff3e (0x97ba) x15 0x00000000800120dc
core   0: 0x000000008000ff40 (0xfe043703) ld      a4, -32(s0)
core   0: 3 0x000000008000ff40 (0xfe043703) x14 0x0000000080012094 mem 0x0000000080031f50
core   0: 0x000000008000ff44 (0xfcf76de3) bltu    a4, a5, pc - 38
core   0: 3 0x000000008000ff44 (0xfcf76de3)
core   0: 0x000000008000ff1e (0xfe043783) ld      a5, -32(s0)
core   0: 3 0x000000008000ff1e (0xfe043783) x15 0x0000000080012094 mem 0x0000000080031f50
core   0: 0x000000008000ff22 (0x00178713) addi    a4, a5, 1
core   0: 3 0x000000008000ff22 (0x00178713) x14 0x0000000080012095
core   0: 0x000000008000ff26 (0xfee43023) sd      a4, -32(s0)
core   0: 3 0x000000008000ff26 (0xfee43023) mem 0x0000000080031f50 0x0000000080012095
core   0: 0x000000008000ff2a (0xfc442703) lw      a4, -60(s0)
core   0: 3 0x000000008000ff2a (0xfc442703) x14 0x0000000000000000 mem 0x0000000080031f34
core   0: 0x000000008000ff2e (0x0ff77713) andi    a4, a4, 255
core   0: 3 0x000000008000ff2e (0x0ff77713) x14 0x0000000000000000
core   0: 0x000000008000ff32 (0x00e78023) sb      a4, 0(a5)
core   0: 3 0x000000008000ff32 (0x00e78023) mem 0x0000000080012094 0x00
core   0: 0x000000008000ff36 (0xfc843703) ld      a4, -56(s0)
core   0: 3 0x000000008000ff36 (0xfc843703) x14 0x0000000080012040 mem 0x0000000080031f38
core   0: 0x000000008000ff3a (0xfb843783) ld      a5, -72(s0)
core   0: 3 0x000000008000ff3a (0xfb843783) x15 0x000000000000009c mem 0x0000000080031f28
core   0: 0x000000008000ff3e (0x000097ba) c.add   a5, a4
core   0: 3 0x000000008000ff3e (0x97ba) x15 0x00000000800120dc
core   0: 0x000000008000ff40 (0xfe043703) ld      a4, -32(s0)
core   0: 3 0x000000008000ff40 (0xfe043703) x14 0x0000000080012095 mem 0x0000000080031f50
core   0: 0x000000008000ff44 (0xfcf76de3) bltu    a4, a5, pc - 38
core   0: 3 0x000000008000ff44 (0xfcf76de3)
core   0: 0x000000008000ff1e (0xfe043783) ld      a5, -32(s0)
core   0: 3 0x000000008000ff1e (0xfe043783) x15 0x0000000080012095 mem 0x0000000080031f50
core   0: 0x000000008000ff22 (0x00178713) addi    a4, a5, 1
core   0: 3 0x000000008000ff22 (0x00178713) x14 0x0000000080012096
core   0: 0x000000008000ff26 (0xfee43023) sd      a4, -32(s0)
core   0: 3 0x000000008000ff26 (0xfee43023) mem 0x0000000080031f50 0x0000000080012096
core   0: 0x000000008000ff2a (0xfc442703) lw      a4, -60(s0)
core   0: 3 0x000000008000ff2a (0xfc442703) x14 0x0000000000000000 mem 0x0000000080031f34
core   0: 0x000000008000ff2e (0x0ff77713) andi    a4, a4, 255
core   0: 3 0x000000008000ff2e (0x0ff77713) x14 0x0000000000000000
core   0: 0x000000008000ff32 (0x00e78023) sb      a4, 0(a5)
core   0: 3 0x000000008000ff32 (0x00e78023) mem 0x0000000080012095 0x00
core   0: 0x000000008000ff36 (0xfc843703) ld      a4, -56(s0)
core   0: 3 0x000000008000ff36 (0xfc843703) x14 0x0000000080012040 mem 0x0000000080031f38
core   0: 0x000000008000ff3a (0xfb843783) ld      a5, -72(s0)
core   0: 3 0x000000008000ff3a (0xfb843783) x15 0x000000000000009c mem 0x0000000080031f28
core   0: 0x000000008000ff3e (0x000097ba) c.add   a5, a4
core   0: 3 0x000000008000ff3e (0x97ba) x15 0x00000000800120dc
core   0: 0x000000008000ff40 (0xfe043703) ld      a4, -32(s0)
core   0: 3 0x000000008000ff40 (0xfe043703) x14 0x0000000080012096 mem 0x0000000080031f50
core   0: 0x000000008000ff44 (0xfcf76de3) bltu    a4, a5, pc - 38
core   0: 3 0x000000008000ff44 (0xfcf76de3)
core   0: 0x000000008000ff1e (0xfe043783) ld      a5, -32(s0)
core   0: 3 0x000000008000ff1e (0xfe043783) x15 0x0000000080012096 mem 0x0000000080031f50
core   0: 0x000000008000ff22 (0x00178713) addi    a4, a5, 1
core   0: 3 0x000000008000ff22 (0x00178713) x14 0x0000000080012097
core   0: 0x000000008000ff26 (0xfee43023) sd      a4, -32(s0)
core   0: 3 0x000000008000ff26 (0xfee43023) mem 0x0000000080031f50 0x0000000080012097
core   0: 0x000000008000ff2a (0xfc442703) lw      a4, -60(s0)
core   0: 3 0x000000008000ff2a (0xfc442703) x14 0x0000000000000000 mem 0x0000000080031f34
core   0: 0x000000008000ff2e (0x0ff77713) andi    a4, a4, 255
core   0: 3 0x000000008000ff2e (0x0ff77713) x14 0x0000000000000000
core   0: 0x000000008000ff32 (0x00e78023) sb      a4, 0(a5)
core   0: 3 0x000000008000ff32 (0x00e78023) mem 0x0000000080012096 0x00
core   0: 0x000000008000ff36 (0xfc843703) ld      a4, -56(s0)
core   0: 3 0x000000008000ff36 (0xfc843703) x14 0x0000000080012040 mem 0x0000000080031f38
core   0: 0x000000008000ff3a (0xfb843783) ld      a5, -72(s0)
core   0: 3 0x000000008000ff3a (0xfb843783) x15 0x000000000000009c mem 0x0000000080031f28
core   0: 0x000000008000ff3e (0x000097ba) c.add   a5, a4
core   0: 3 0x000000008000ff3e (0x97ba) x15 0x00000000800120dc
core   0: 0x000000008000ff40 (0xfe043703) ld      a4, -32(s0)
core   0: 3 0x000000008000ff40 (0xfe043703) x14 0x0000000080012097 mem 0x0000000080031f50
core   0: 0x000000008000ff44 (0xfcf76de3) bltu    a4, a5, pc - 38
core   0: 3 0x000000008000ff44 (0xfcf76de3)
core   0: 0x000000008000ff1e (0xfe043783) ld      a5, -32(s0)
core   0: 3 0x000000008000ff1e (0xfe043783) x15 0x0000000080012097 mem 0x0000000080031f50
core   0: 0x000000008000ff22 (0x00178713) addi    a4, a5, 1
core   0: 3 0x000000008000ff22 (0x00178713) x14 0x0000000080012098
core   0: 0x000000008000ff26 (0xfee43023) sd      a4, -32(s0)
core   0: 3 0x000000008000ff26 (0xfee43023) mem 0x0000000080031f50 0x0000000080012098
core   0: 0x000000008000ff2a (0xfc442703) lw      a4, -60(s0)
core   0: 3 0x000000008000ff2a (0xfc442703) x14 0x0000000000000000 mem 0x0000000080031f34
core   0: 0x000000008000ff2e (0x0ff77713) andi    a4, a4, 255
core   0: 3 0x000000008000ff2e (0x0ff77713) x14 0x0000000000000000
core   0: 0x000000008000ff32 (0x00e78023) sb      a4, 0(a5)
core   0: 3 0x000000008000ff32 (0x00e78023) mem 0x0000000080012097 0x00
core   0: 0x000000008000ff36 (0xfc843703) ld      a4, -56(s0)
core   0: 3 0x000000008000ff36 (0xfc843703) x14 0x0000000080012040 mem 0x0000000080031f38
core   0: 0x000000008000ff3a (0xfb843783) ld      a5, -72(s0)
core   0: 3 0x000000008000ff3a (0xfb843783) x15 0x000000000000009c mem 0x0000000080031f28
core   0: 0x000000008000ff3e (0x000097ba) c.add   a5, a4
core   0: 3 0x000000008000ff3e (0x97ba) x15 0x00000000800120dc
core   0: 0x000000008000ff40 (0xfe043703) ld      a4, -32(s0)
core   0: 3 0x000000008000ff40 (0xfe043703) x14 0x0000000080012098 mem 0x0000000080031f50
core   0: 0x000000008000ff44 (0xfcf76de3) bltu    a4, a5, pc - 38
core   0: 3 0x000000008000ff44 (0xfcf76de3)
core   0: 0x000000008000ff1e (0xfe043783) ld      a5, -32(s0)
core   0: 3 0x000000008000ff1e (0xfe043783) x15 0x0000000080012098 mem 0x0000000080031f50
core   0: 0x000000008000ff22 (0x00178713) addi    a4, a5, 1
core   0: 3 0x000000008000ff22 (0x00178713) x14 0x0000000080012099
core   0: 0x000000008000ff26 (0xfee43023) sd      a4, -32(s0)
core   0: 3 0x000000008000ff26 (0xfee43023) mem 0x0000000080031f50 0x0000000080012099
core   0: 0x000000008000ff2a (0xfc442703) lw      a4, -60(s0)
core   0: 3 0x000000008000ff2a (0xfc442703) x14 0x0000000000000000 mem 0x0000000080031f34
core   0: 0x000000008000ff2e (0x0ff77713) andi    a4, a4, 255
core   0: 3 0x000000008000ff2e (0x0ff77713) x14 0x0000000000000000
core   0: 0x000000008000ff32 (0x00e78023) sb      a4, 0(a5)
core   0: 3 0x000000008000ff32 (0x00e78023) mem 0x0000000080012098 0x00
core   0: 0x000000008000ff36 (0xfc843703) ld      a4, -56(s0)
core   0: 3 0x000000008000ff36 (0xfc843703) x14 0x0000000080012040 mem 0x0000000080031f38
core   0: 0x000000008000ff3a (0xfb843783) ld      a5, -72(s0)
core   0: 3 0x000000008000ff3a (0xfb843783) x15 0x000000000000009c mem 0x0000000080031f28
core   0: 0x000000008000ff3e (0x000097ba) c.add   a5, a4
core   0: 3 0x000000008000ff3e (0x97ba) x15 0x00000000800120dc
core   0: 0x000000008000ff40 (0xfe043703) ld      a4, -32(s0)
core   0: 3 0x000000008000ff40 (0xfe043703) x14 0x0000000080012099 mem 0x0000000080031f50
core   0: 0x000000008000ff44 (0xfcf76de3) bltu    a4, a5, pc - 38
core   0: 3 0x000000008000ff44 (0xfcf76de3)
core   0: 0x000000008000ff1e (0xfe043783) ld      a5, -32(s0)
core   0: 3 0x000000008000ff1e (0xfe043783) x15 0x0000000080012099 mem 0x0000000080031f50
core   0: 0x000000008000ff22 (0x00178713) addi    a4, a5, 1
core   0: 3 0x000000008000ff22 (0x00178713) x14 0x000000008001209a
core   0: 0x000000008000ff26 (0xfee43023) sd      a4, -32(s0)
core   0: 3 0x000000008000ff26 (0xfee43023) mem 0x0000000080031f50 0x000000008001209a
core   0: 0x000000008000ff2a (0xfc442703) lw      a4, -60(s0)
core   0: 3 0x000000008000ff2a (0xfc442703) x14 0x0000000000000000 mem 0x0000000080031f34
core   0: 0x000000008000ff2e (0x0ff77713) andi    a4, a4, 255
core   0: 3 0x000000008000ff2e (0x0ff77713) x14 0x0000000000000000
core   0: 0x000000008000ff32 (0x00e78023) sb      a4, 0(a5)
core   0: 3 0x000000008000ff32 (0x00e78023) mem 0x0000000080012099 0x00
core   0: 0x000000008000ff36 (0xfc843703) ld      a4, -56(s0)
core   0: 3 0x000000008000ff36 (0xfc843703) x14 0x0000000080012040 mem 0x0000000080031f38
core   0: 0x000000008000ff3a (0xfb843783) ld      a5, -72(s0)
core   0: 3 0x000000008000ff3a (0xfb843783) x15 0x000000000000009c mem 0x0000000080031f28
core   0: 0x000000008000ff3e (0x000097ba) c.add   a5, a4
core   0: 3 0x000000008000ff3e (0x97ba) x15 0x00000000800120dc
core   0: 0x000000008000ff40 (0xfe043703) ld      a4, -32(s0)
core   0: 3 0x000000008000ff40 (0xfe043703) x14 0x000000008001209a mem 0x0000000080031f50
core   0: 0x000000008000ff44 (0xfcf76de3) bltu    a4, a5, pc - 38
core   0: 3 0x000000008000ff44 (0xfcf76de3)
core   0: 0x000000008000ff1e (0xfe043783) ld      a5, -32(s0)
core   0: 3 0x000000008000ff1e (0xfe043783) x15 0x000000008001209a mem 0x0000000080031f50
core   0: 0x000000008000ff22 (0x00178713) addi    a4, a5, 1
core   0: 3 0x000000008000ff22 (0x00178713) x14 0x000000008001209b
core   0: 0x000000008000ff26 (0xfee43023) sd      a4, -32(s0)
core   0: 3 0x000000008000ff26 (0xfee43023) mem 0x0000000080031f50 0x000000008001209b
core   0: 0x000000008000ff2a (0xfc442703) lw      a4, -60(s0)
core   0: 3 0x000000008000ff2a (0xfc442703) x14 0x0000000000000000 mem 0x0000000080031f34
core   0: 0x000000008000ff2e (0x0ff77713) andi    a4, a4, 255
core   0: 3 0x000000008000ff2e (0x0ff77713) x14 0x0000000000000000
core   0: 0x000000008000ff32 (0x00e78023) sb      a4, 0(a5)
core   0: 3 0x000000008000ff32 (0x00e78023) mem 0x000000008001209a 0x00
core   0: 0x000000008000ff36 (0xfc843703) ld      a4, -56(s0)
core   0: 3 0x000000008000ff36 (0xfc843703) x14 0x0000000080012040 mem 0x0000000080031f38
core   0: 0x000000008000ff3a (0xfb843783) ld      a5, -72(s0)
core   0: 3 0x000000008000ff3a (0xfb843783) x15 0x000000000000009c mem 0x0000000080031f28
core   0: 0x000000008000ff3e (0x000097ba) c.add   a5, a4
core   0: 3 0x000000008000ff3e (0x97ba) x15 0x00000000800120dc
core   0: 0x000000008000ff40 (0xfe043703) ld      a4, -32(s0)
core   0: 3 0x000000008000ff40 (0xfe043703) x14 0x000000008001209b mem 0x0000000080031f50
core   0: 0x000000008000ff44 (0xfcf76de3) bltu    a4, a5, pc - 38
core   0: 3 0x000000008000ff44 (0xfcf76de3)
core   0: 0x000000008000ff1e (0xfe043783) ld      a5, -32(s0)
core   0: 3 0x000000008000ff1e (0xfe043783) x15 0x000000008001209b mem 0x0000000080031f50
core   0: 0x000000008000ff22 (0x00178713) addi    a4, a5, 1
core   0: 3 0x000000008000ff22 (0x00178713) x14 0x000000008001209c
core   0: 0x000000008000ff26 (0xfee43023) sd      a4, -32(s0)
core   0: 3 0x000000008000ff26 (0xfee43023) mem 0x0000000080031f50 0x000000008001209c
core   0: 0x000000008000ff2a (0xfc442703) lw      a4, -60(s0)
core   0: 3 0x000000008000ff2a (0xfc442703) x14 0x0000000000000000 mem 0x0000000080031f34
core   0: 0x000000008000ff2e (0x0ff77713) andi    a4, a4, 255
core   0: 3 0x000000008000ff2e (0x0ff77713) x14 0x0000000000000000
core   0: 0x000000008000ff32 (0x00e78023) sb      a4, 0(a5)
core   0: 3 0x000000008000ff32 (0x00e78023) mem 0x000000008001209b 0x00
core   0: 0x000000008000ff36 (0xfc843703) ld      a4, -56(s0)
core   0: 3 0x000000008000ff36 (0xfc843703) x14 0x0000000080012040 mem 0x0000000080031f38
core   0: 0x000000008000ff3a (0xfb843783) ld      a5, -72(s0)
core   0: 3 0x000000008000ff3a (0xfb843783) x15 0x000000000000009c mem 0x0000000080031f28
core   0: 0x000000008000ff3e (0x000097ba) c.add   a5, a4
core   0: 3 0x000000008000ff3e (0x97ba) x15 0x00000000800120dc
core   0: 0x000000008000ff40 (0xfe043703) ld      a4, -32(s0)
core   0: 3 0x000000008000ff40 (0xfe043703) x14 0x000000008001209c mem 0x0000000080031f50
core   0: 0x000000008000ff44 (0xfcf76de3) bltu    a4, a5, pc - 38
core   0: 3 0x000000008000ff44 (0xfcf76de3)
core   0: 0x000000008000ff1e (0xfe043783) ld      a5, -32(s0)
core   0: 3 0x000000008000ff1e (0xfe043783) x15 0x000000008001209c mem 0x0000000080031f50
core   0: 0x000000008000ff22 (0x00178713) addi    a4, a5, 1
core   0: 3 0x000000008000ff22 (0x00178713) x14 0x000000008001209d
core   0: 0x000000008000ff26 (0xfee43023) sd      a4, -32(s0)
core   0: 3 0x000000008000ff26 (0xfee43023) mem 0x0000000080031f50 0x000000008001209d
core   0: 0x000000008000ff2a (0xfc442703) lw      a4, -60(s0)
core   0: 3 0x000000008000ff2a (0xfc442703) x14 0x0000000000000000 mem 0x0000000080031f34
core   0: 0x000000008000ff2e (0x0ff77713) andi    a4, a4, 255
core   0: 3 0x000000008000ff2e (0x0ff77713) x14 0x0000000000000000
core   0: 0x000000008000ff32 (0x00e78023) sb      a4, 0(a5)
core   0: 3 0x000000008000ff32 (0x00e78023) mem 0x000000008001209c 0x00
core   0: 0x000000008000ff36 (0xfc843703) ld      a4, -56(s0)
core   0: 3 0x000000008000ff36 (0xfc843703) x14 0x0000000080012040 mem 0x0000000080031f38
core   0: 0x000000008000ff3a (0xfb843783) ld      a5, -72(s0)
core   0: 3 0x000000008000ff3a (0xfb843783) x15 0x000000000000009c mem 0x0000000080031f28
core   0: 0x000000008000ff3e (0x000097ba) c.add   a5, a4
core   0: 3 0x000000008000ff3e (0x97ba) x15 0x00000000800120dc
core   0: 0x000000008000ff40 (0xfe043703) ld      a4, -32(s0)
core   0: 3 0x000000008000ff40 (0xfe043703) x14 0x000000008001209d mem 0x0000000080031f50
core   0: 0x000000008000ff44 (0xfcf76de3) bltu    a4, a5, pc - 38
core   0: 3 0x000000008000ff44 (0xfcf76de3)
core   0: 0x000000008000ff1e (0xfe043783) ld      a5, -32(s0)
core   0: 3 0x000000008000ff1e (0xfe043783) x15 0x000000008001209d mem 0x0000000080031f50
core   0: 0x000000008000ff22 (0x00178713) addi    a4, a5, 1
core   0: 3 0x000000008000ff22 (0x00178713) x14 0x000000008001209e
core   0: 0x000000008000ff26 (0xfee43023) sd      a4, -32(s0)
core   0: 3 0x000000008000ff26 (0xfee43023) mem 0x0000000080031f50 0x000000008001209e
core   0: 0x000000008000ff2a (0xfc442703) lw      a4, -60(s0)
core   0: 3 0x000000008000ff2a (0xfc442703) x14 0x0000000000000000 mem 0x0000000080031f34
core   0: 0x000000008000ff2e (0x0ff77713) andi    a4, a4, 255
core   0: 3 0x000000008000ff2e (0x0ff77713) x14 0x0000000000000000
core   0: 0x000000008000ff32 (0x00e78023) sb      a4, 0(a5)
core   0: 3 0x000000008000ff32 (0x00e78023) mem 0x000000008001209d 0x00
core   0: 0x000000008000ff36 (0xfc843703) ld      a4, -56(s0)
core   0: 3 0x000000008000ff36 (0xfc843703) x14 0x0000000080012040 mem 0x0000000080031f38
core   0: 0x000000008000ff3a (0xfb843783) ld      a5, -72(s0)
core   0: 3 0x000000008000ff3a (0xfb843783) x15 0x000000000000009c mem 0x0000000080031f28
core   0: 0x000000008000ff3e (0x000097ba) c.add   a5, a4
core   0: 3 0x000000008000ff3e (0x97ba) x15 0x00000000800120dc
core   0: 0x000000008000ff40 (0xfe043703) ld      a4, -32(s0)
core   0: 3 0x000000008000ff40 (0xfe043703) x14 0x000000008001209e mem 0x0000000080031f50
core   0: 0x000000008000ff44 (0xfcf76de3) bltu    a4, a5, pc - 38
core   0: 3 0x000000008000ff44 (0xfcf76de3)
core   0: 0x000000008000ff1e (0xfe043783) ld      a5, -32(s0)
core   0: 3 0x000000008000ff1e (0xfe043783) x15 0x000000008001209e mem 0x0000000080031f50
core   0: 0x000000008000ff22 (0x00178713) addi    a4, a5, 1
core   0: 3 0x000000008000ff22 (0x00178713) x14 0x000000008001209f
core   0: 0x000000008000ff26 (0xfee43023) sd      a4, -32(s0)
core   0: 3 0x000000008000ff26 (0xfee43023) mem 0x0000000080031f50 0x000000008001209f
core   0: 0x000000008000ff2a (0xfc442703) lw      a4, -60(s0)
core   0: 3 0x000000008000ff2a (0xfc442703) x14 0x0000000000000000 mem 0x0000000080031f34
core   0: 0x000000008000ff2e (0x0ff77713) andi    a4, a4, 255
core   0: 3 0x000000008000ff2e (0x0ff77713) x14 0x0000000000000000
core   0: 0x000000008000ff32 (0x00e78023) sb      a4, 0(a5)
core   0: 3 0x000000008000ff32 (0x00e78023) mem 0x000000008001209e 0x00
core   0: 0x000000008000ff36 (0xfc843703) ld      a4, -56(s0)
core   0: 3 0x000000008000ff36 (0xfc843703) x14 0x0000000080012040 mem 0x0000000080031f38
core   0: 0x000000008000ff3a (0xfb843783) ld      a5, -72(s0)
core   0: 3 0x000000008000ff3a (0xfb843783) x15 0x000000000000009c mem 0x0000000080031f28
core   0: 0x000000008000ff3e (0x000097ba) c.add   a5, a4
core   0: 3 0x000000008000ff3e (0x97ba) x15 0x00000000800120dc
core   0: 0x000000008000ff40 (0xfe043703) ld      a4, -32(s0)
core   0: 3 0x000000008000ff40 (0xfe043703) x14 0x000000008001209f mem 0x0000000080031f50
core   0: 0x000000008000ff44 (0xfcf76de3) bltu    a4, a5, pc - 38
core   0: 3 0x000000008000ff44 (0xfcf76de3)
core   0: 0x000000008000ff1e (0xfe043783) ld      a5, -32(s0)
core   0: 3 0x000000008000ff1e (0xfe043783) x15 0x000000008001209f mem 0x0000000080031f50
core   0: 0x000000008000ff22 (0x00178713) addi    a4, a5, 1
core   0: 3 0x000000008000ff22 (0x00178713) x14 0x00000000800120a0
core   0: 0x000000008000ff26 (0xfee43023) sd      a4, -32(s0)
core   0: 3 0x000000008000ff26 (0xfee43023) mem 0x0000000080031f50 0x00000000800120a0
core   0: 0x000000008000ff2a (0xfc442703) lw      a4, -60(s0)
core   0: 3 0x000000008000ff2a (0xfc442703) x14 0x0000000000000000 mem 0x0000000080031f34
core   0: 0x000000008000ff2e (0x0ff77713) andi    a4, a4, 255
core   0: 3 0x000000008000ff2e (0x0ff77713) x14 0x0000000000000000
core   0: 0x000000008000ff32 (0x00e78023) sb      a4, 0(a5)
core   0: 3 0x000000008000ff32 (0x00e78023) mem 0x000000008001209f 0x00
core   0: 0x000000008000ff36 (0xfc843703) ld      a4, -56(s0)
core   0: 3 0x000000008000ff36 (0xfc843703) x14 0x0000000080012040 mem 0x0000000080031f38
core   0: 0x000000008000ff3a (0xfb843783) ld      a5, -72(s0)
core   0: 3 0x000000008000ff3a (0xfb843783) x15 0x000000000000009c mem 0x0000000080031f28
core   0: 0x000000008000ff3e (0x000097ba) c.add   a5, a4
core   0: 3 0x000000008000ff3e (0x97ba) x15 0x00000000800120dc
core   0: 0x000000008000ff40 (0xfe043703) ld      a4, -32(s0)
core   0: 3 0x000000008000ff40 (0xfe043703) x14 0x00000000800120a0 mem 0x0000000080031f50
core   0: 0x000000008000ff44 (0xfcf76de3) bltu    a4, a5, pc - 38
core   0: 3 0x000000008000ff44 (0xfcf76de3)
core   0: 0x000000008000ff1e (0xfe043783) ld      a5, -32(s0)
core   0: 3 0x000000008000ff1e (0xfe043783) x15 0x00000000800120a0 mem 0x0000000080031f50
core   0: 0x000000008000ff22 (0x00178713) addi    a4, a5, 1
core   0: 3 0x000000008000ff22 (0x00178713) x14 0x00000000800120a1
core   0: 0x000000008000ff26 (0xfee43023) sd      a4, -32(s0)
core   0: 3 0x000000008000ff26 (0xfee43023) mem 0x0000000080031f50 0x00000000800120a1
core   0: 0x000000008000ff2a (0xfc442703) lw      a4, -60(s0)
core   0: 3 0x000000008000ff2a (0xfc442703) x14 0x0000000000000000 mem 0x0000000080031f34
core   0: 0x000000008000ff2e (0x0ff77713) andi    a4, a4, 255
core   0: 3 0x000000008000ff2e (0x0ff77713) x14 0x0000000000000000
core   0: 0x000000008000ff32 (0x00e78023) sb      a4, 0(a5)
core   0: 3 0x000000008000ff32 (0x00e78023) mem 0x00000000800120a0 0x00
core   0: 0x000000008000ff36 (0xfc843703) ld      a4, -56(s0)
core   0: 3 0x000000008000ff36 (0xfc843703) x14 0x0000000080012040 mem 0x0000000080031f38
core   0: 0x000000008000ff3a (0xfb843783) ld      a5, -72(s0)
core   0: 3 0x000000008000ff3a (0xfb843783) x15 0x000000000000009c mem 0x0000000080031f28
core   0: 0x000000008000ff3e (0x000097ba) c.add   a5, a4
core   0: 3 0x000000008000ff3e (0x97ba) x15 0x00000000800120dc
core   0: 0x000000008000ff40 (0xfe043703) ld      a4, -32(s0)
core   0: 3 0x000000008000ff40 (0xfe043703) x14 0x00000000800120a1 mem 0x0000000080031f50
core   0: 0x000000008000ff44 (0xfcf76de3) bltu    a4, a5, pc - 38
core   0: 3 0x000000008000ff44 (0xfcf76de3)
core   0: 0x000000008000ff1e (0xfe043783) ld      a5, -32(s0)
core   0: 3 0x000000008000ff1e (0xfe043783) x15 0x00000000800120a1 mem 0x0000000080031f50
core   0: 0x000000008000ff22 (0x00178713) addi    a4, a5, 1
core   0: 3 0x000000008000ff22 (0x00178713) x14 0x00000000800120a2
core   0: 0x000000008000ff26 (0xfee43023) sd      a4, -32(s0)
core   0: 3 0x000000008000ff26 (0xfee43023) mem 0x0000000080031f50 0x00000000800120a2
core   0: 0x000000008000ff2a (0xfc442703) lw      a4, -60(s0)
core   0: 3 0x000000008000ff2a (0xfc442703) x14 0x0000000000000000 mem 0x0000000080031f34
core   0: 0x000000008000ff2e (0x0ff77713) andi    a4, a4, 255
core   0: 3 0x000000008000ff2e (0x0ff77713) x14 0x0000000000000000
core   0: 0x000000008000ff32 (0x00e78023) sb      a4, 0(a5)
core   0: 3 0x000000008000ff32 (0x00e78023) mem 0x00000000800120a1 0x00
core   0: 0x000000008000ff36 (0xfc843703) ld      a4, -56(s0)
core   0: 3 0x000000008000ff36 (0xfc843703) x14 0x0000000080012040 mem 0x0000000080031f38
core   0: 0x000000008000ff3a (0xfb843783) ld      a5, -72(s0)
core   0: 3 0x000000008000ff3a (0xfb843783) x15 0x000000000000009c mem 0x0000000080031f28
core   0: 0x000000008000ff3e (0x000097ba) c.add   a5, a4
core   0: 3 0x000000008000ff3e (0x97ba) x15 0x00000000800120dc
core   0: 0x000000008000ff40 (0xfe043703) ld      a4, -32(s0)
core   0: 3 0x000000008000ff40 (0xfe043703) x14 0x00000000800120a2 mem 0x0000000080031f50
core   0: 0x000000008000ff44 (0xfcf76de3) bltu    a4, a5, pc - 38
core   0: 3 0x000000008000ff44 (0xfcf76de3)
core   0: 0x000000008000ff1e (0xfe043783) ld      a5, -32(s0)
core   0: 3 0x000000008000ff1e (0xfe043783) x15 0x00000000800120a2 mem 0x0000000080031f50
core   0: 0x000000008000ff22 (0x00178713) addi    a4, a5, 1
core   0: 3 0x000000008000ff22 (0x00178713) x14 0x00000000800120a3
core   0: 0x000000008000ff26 (0xfee43023) sd      a4, -32(s0)
core   0: 3 0x000000008000ff26 (0xfee43023) mem 0x0000000080031f50 0x00000000800120a3
core   0: 0x000000008000ff2a (0xfc442703) lw      a4, -60(s0)
core   0: 3 0x000000008000ff2a (0xfc442703) x14 0x0000000000000000 mem 0x0000000080031f34
core   0: 0x000000008000ff2e (0x0ff77713) andi    a4, a4, 255
core   0: 3 0x000000008000ff2e (0x0ff77713) x14 0x0000000000000000
core   0: 0x000000008000ff32 (0x00e78023) sb      a4, 0(a5)
core   0: 3 0x000000008000ff32 (0x00e78023) mem 0x00000000800120a2 0x00
core   0: 0x000000008000ff36 (0xfc843703) ld      a4, -56(s0)
core   0: 3 0x000000008000ff36 (0xfc843703) x14 0x0000000080012040 mem 0x0000000080031f38
core   0: 0x000000008000ff3a (0xfb843783) ld      a5, -72(s0)
core   0: 3 0x000000008000ff3a (0xfb843783) x15 0x000000000000009c mem 0x0000000080031f28
core   0: 0x000000008000ff3e (0x000097ba) c.add   a5, a4
core   0: 3 0x000000008000ff3e (0x97ba) x15 0x00000000800120dc
core   0: 0x000000008000ff40 (0xfe043703) ld      a4, -32(s0)
core   0: 3 0x000000008000ff40 (0xfe043703) x14 0x00000000800120a3 mem 0x0000000080031f50
core   0: 0x000000008000ff44 (0xfcf76de3) bltu    a4, a5, pc - 38
core   0: 3 0x000000008000ff44 (0xfcf76de3)
core   0: 0x000000008000ff1e (0xfe043783) ld      a5, -32(s0)
core   0: 3 0x000000008000ff1e (0xfe043783) x15 0x00000000800120a3 mem 0x0000000080031f50
core   0: 0x000000008000ff22 (0x00178713) addi    a4, a5, 1
core   0: 3 0x000000008000ff22 (0x00178713) x14 0x00000000800120a4
core   0: 0x000000008000ff26 (0xfee43023) sd      a4, -32(s0)
core   0: 3 0x000000008000ff26 (0xfee43023) mem 0x0000000080031f50 0x00000000800120a4
core   0: 0x000000008000ff2a (0xfc442703) lw      a4, -60(s0)
core   0: 3 0x000000008000ff2a (0xfc442703) x14 0x0000000000000000 mem 0x0000000080031f34
core   0: 0x000000008000ff2e (0x0ff77713) andi    a4, a4, 255
core   0: 3 0x000000008000ff2e (0x0ff77713) x14 0x0000000000000000
core   0: 0x000000008000ff32 (0x00e78023) sb      a4, 0(a5)
core   0: 3 0x000000008000ff32 (0x00e78023) mem 0x00000000800120a3 0x00
core   0: 0x000000008000ff36 (0xfc843703) ld      a4, -56(s0)
core   0: 3 0x000000008000ff36 (0xfc843703) x14 0x0000000080012040 mem 0x0000000080031f38
core   0: 0x000000008000ff3a (0xfb843783) ld      a5, -72(s0)
core   0: 3 0x000000008000ff3a (0xfb843783) x15 0x000000000000009c mem 0x0000000080031f28
core   0: 0x000000008000ff3e (0x000097ba) c.add   a5, a4
core   0: 3 0x000000008000ff3e (0x97ba) x15 0x00000000800120dc
core   0: 0x000000008000ff40 (0xfe043703) ld      a4, -32(s0)
core   0: 3 0x000000008000ff40 (0xfe043703) x14 0x00000000800120a4 mem 0x0000000080031f50
core   0: 0x000000008000ff44 (0xfcf76de3) bltu    a4, a5, pc - 38
core   0: 3 0x000000008000ff44 (0xfcf76de3)
core   0: 0x000000008000ff1e (0xfe043783) ld      a5, -32(s0)
core   0: 3 0x000000008000ff1e (0xfe043783) x15 0x00000000800120a4 mem 0x0000000080031f50
core   0: 0x000000008000ff22 (0x00178713) addi    a4, a5, 1
core   0: 3 0x000000008000ff22 (0x00178713) x14 0x00000000800120a5
core   0: 0x000000008000ff26 (0xfee43023) sd      a4, -32(s0)
core   0: 3 0x000000008000ff26 (0xfee43023) mem 0x0000000080031f50 0x00000000800120a5
core   0: 0x000000008000ff2a (0xfc442703) lw      a4, -60(s0)
core   0: 3 0x000000008000ff2a (0xfc442703) x14 0x0000000000000000 mem 0x0000000080031f34
core   0: 0x000000008000ff2e (0x0ff77713) andi    a4, a4, 255
core   0: 3 0x000000008000ff2e (0x0ff77713) x14 0x0000000000000000
core   0: 0x000000008000ff32 (0x00e78023) sb      a4, 0(a5)
core   0: 3 0x000000008000ff32 (0x00e78023) mem 0x00000000800120a4 0x00
core   0: 0x000000008000ff36 (0xfc843703) ld      a4, -56(s0)
core   0: 3 0x000000008000ff36 (0xfc843703) x14 0x0000000080012040 mem 0x0000000080031f38
core   0: 0x000000008000ff3a (0xfb843783) ld      a5, -72(s0)
core   0: 3 0x000000008000ff3a (0xfb843783) x15 0x000000000000009c mem 0x0000000080031f28
core   0: 0x000000008000ff3e (0x000097ba) c.add   a5, a4
core   0: 3 0x000000008000ff3e (0x97ba) x15 0x00000000800120dc
core   0: 0x000000008000ff40 (0xfe043703) ld      a4, -32(s0)
core   0: 3 0x000000008000ff40 (0xfe043703) x14 0x00000000800120a5 mem 0x0000000080031f50
core   0: 0x000000008000ff44 (0xfcf76de3) bltu    a4, a5, pc - 38
core   0: 3 0x000000008000ff44 (0xfcf76de3)
core   0: 0x000000008000ff1e (0xfe043783) ld      a5, -32(s0)
core   0: 3 0x000000008000ff1e (0xfe043783) x15 0x00000000800120a5 mem 0x0000000080031f50
core   0: 0x000000008000ff22 (0x00178713) addi    a4, a5, 1
core   0: 3 0x000000008000ff22 (0x00178713) x14 0x00000000800120a6
core   0: 0x000000008000ff26 (0xfee43023) sd      a4, -32(s0)
core   0: 3 0x000000008000ff26 (0xfee43023) mem 0x0000000080031f50 0x00000000800120a6
core   0: 0x000000008000ff2a (0xfc442703) lw      a4, -60(s0)
core   0: 3 0x000000008000ff2a (0xfc442703) x14 0x0000000000000000 mem 0x0000000080031f34
core   0: 0x000000008000ff2e (0x0ff77713) andi    a4, a4, 255
core   0: 3 0x000000008000ff2e (0x0ff77713) x14 0x0000000000000000
core   0: 0x000000008000ff32 (0x00e78023) sb      a4, 0(a5)
core   0: 3 0x000000008000ff32 (0x00e78023) mem 0x00000000800120a5 0x00
core   0: 0x000000008000ff36 (0xfc843703) ld      a4, -56(s0)
core   0: 3 0x000000008000ff36 (0xfc843703) x14 0x0000000080012040 mem 0x0000000080031f38
core   0: 0x000000008000ff3a (0xfb843783) ld      a5, -72(s0)
core   0: 3 0x000000008000ff3a (0xfb843783) x15 0x000000000000009c mem 0x0000000080031f28
core   0: 0x000000008000ff3e (0x000097ba) c.add   a5, a4
core   0: 3 0x000000008000ff3e (0x97ba) x15 0x00000000800120dc
core   0: 0x000000008000ff40 (0xfe043703) ld      a4, -32(s0)
core   0: 3 0x000000008000ff40 (0xfe043703) x14 0x00000000800120a6 mem 0x0000000080031f50
core   0: 0x000000008000ff44 (0xfcf76de3) bltu    a4, a5, pc - 38
core   0: 3 0x000000008000ff44 (0xfcf76de3)
core   0: 0x000000008000ff1e (0xfe043783) ld      a5, -32(s0)
core   0: 3 0x000000008000ff1e (0xfe043783) x15 0x00000000800120a6 mem 0x0000000080031f50
core   0: 0x000000008000ff22 (0x00178713) addi    a4, a5, 1
core   0: 3 0x000000008000ff22 (0x00178713) x14 0x00000000800120a7
core   0: 0x000000008000ff26 (0xfee43023) sd      a4, -32(s0)
core   0: 3 0x000000008000ff26 (0xfee43023) mem 0x0000000080031f50 0x00000000800120a7
core   0: 0x000000008000ff2a (0xfc442703) lw      a4, -60(s0)
core   0: 3 0x000000008000ff2a (0xfc442703) x14 0x0000000000000000 mem 0x0000000080031f34
core   0: 0x000000008000ff2e (0x0ff77713) andi    a4, a4, 255
core   0: 3 0x000000008000ff2e (0x0ff77713) x14 0x0000000000000000
core   0: 0x000000008000ff32 (0x00e78023) sb      a4, 0(a5)
core   0: 3 0x000000008000ff32 (0x00e78023) mem 0x00000000800120a6 0x00
core   0: 0x000000008000ff36 (0xfc843703) ld      a4, -56(s0)
core   0: 3 0x000000008000ff36 (0xfc843703) x14 0x0000000080012040 mem 0x0000000080031f38
core   0: 0x000000008000ff3a (0xfb843783) ld      a5, -72(s0)
core   0: 3 0x000000008000ff3a (0xfb843783) x15 0x000000000000009c mem 0x0000000080031f28
core   0: 0x000000008000ff3e (0x000097ba) c.add   a5, a4
core   0: 3 0x000000008000ff3e (0x97ba) x15 0x00000000800120dc
core   0: 0x000000008000ff40 (0xfe043703) ld      a4, -32(s0)
core   0: 3 0x000000008000ff40 (0xfe043703) x14 0x00000000800120a7 mem 0x0000000080031f50
core   0: 0x000000008000ff44 (0xfcf76de3) bltu    a4, a5, pc - 38
core   0: 3 0x000000008000ff44 (0xfcf76de3)
core   0: 0x000000008000ff1e (0xfe043783) ld      a5, -32(s0)
core   0: 3 0x000000008000ff1e (0xfe043783) x15 0x00000000800120a7 mem 0x0000000080031f50
core   0: 0x000000008000ff22 (0x00178713) addi    a4, a5, 1
core   0: 3 0x000000008000ff22 (0x00178713) x14 0x00000000800120a8
core   0: 0x000000008000ff26 (0xfee43023) sd      a4, -32(s0)
core   0: 3 0x000000008000ff26 (0xfee43023) mem 0x0000000080031f50 0x00000000800120a8
core   0: 0x000000008000ff2a (0xfc442703) lw      a4, -60(s0)
core   0: 3 0x000000008000ff2a (0xfc442703) x14 0x0000000000000000 mem 0x0000000080031f34
core   0: 0x000000008000ff2e (0x0ff77713) andi    a4, a4, 255
core   0: 3 0x000000008000ff2e (0x0ff77713) x14 0x0000000000000000
core   0: 0x000000008000ff32 (0x00e78023) sb      a4, 0(a5)
core   0: 3 0x000000008000ff32 (0x00e78023) mem 0x00000000800120a7 0x00
core   0: 0x000000008000ff36 (0xfc843703) ld      a4, -56(s0)
core   0: 3 0x000000008000ff36 (0xfc843703) x14 0x0000000080012040 mem 0x0000000080031f38
core   0: 0x000000008000ff3a (0xfb843783) ld      a5, -72(s0)
core   0: 3 0x000000008000ff3a (0xfb843783) x15 0x000000000000009c mem 0x0000000080031f28
core   0: 0x000000008000ff3e (0x000097ba) c.add   a5, a4
core   0: 3 0x000000008000ff3e (0x97ba) x15 0x00000000800120dc
core   0: 0x000000008000ff40 (0xfe043703) ld      a4, -32(s0)
core   0: 3 0x000000008000ff40 (0xfe043703) x14 0x00000000800120a8 mem 0x0000000080031f50
core   0: 0x000000008000ff44 (0xfcf76de3) bltu    a4, a5, pc - 38
core   0: 3 0x000000008000ff44 (0xfcf76de3)
core   0: 0x000000008000ff1e (0xfe043783) ld      a5, -32(s0)
core   0: 3 0x000000008000ff1e (0xfe043783) x15 0x00000000800120a8 mem 0x0000000080031f50
core   0: 0x000000008000ff22 (0x00178713) addi    a4, a5, 1
core   0: 3 0x000000008000ff22 (0x00178713) x14 0x00000000800120a9
core   0: 0x000000008000ff26 (0xfee43023) sd      a4, -32(s0)
core   0: 3 0x000000008000ff26 (0xfee43023) mem 0x0000000080031f50 0x00000000800120a9
core   0: 0x000000008000ff2a (0xfc442703) lw      a4, -60(s0)
core   0: 3 0x000000008000ff2a (0xfc442703) x14 0x0000000000000000 mem 0x0000000080031f34
core   0: 0x000000008000ff2e (0x0ff77713) andi    a4, a4, 255
core   0: 3 0x000000008000ff2e (0x0ff77713) x14 0x0000000000000000
core   0: 0x000000008000ff32 (0x00e78023) sb      a4, 0(a5)
core   0: 3 0x000000008000ff32 (0x00e78023) mem 0x00000000800120a8 0x00
core   0: 0x000000008000ff36 (0xfc843703) ld      a4, -56(s0)
core   0: 3 0x000000008000ff36 (0xfc843703) x14 0x0000000080012040 mem 0x0000000080031f38
core   0: 0x000000008000ff3a (0xfb843783) ld      a5, -72(s0)
core   0: 3 0x000000008000ff3a (0xfb843783) x15 0x000000000000009c mem 0x0000000080031f28
core   0: 0x000000008000ff3e (0x000097ba) c.add   a5, a4
core   0: 3 0x000000008000ff3e (0x97ba) x15 0x00000000800120dc
core   0: 0x000000008000ff40 (0xfe043703) ld      a4, -32(s0)
core   0: 3 0x000000008000ff40 (0xfe043703) x14 0x00000000800120a9 mem 0x0000000080031f50
core   0: 0x000000008000ff44 (0xfcf76de3) bltu    a4, a5, pc - 38
core   0: 3 0x000000008000ff44 (0xfcf76de3)
core   0: 0x000000008000ff1e (0xfe043783) ld      a5, -32(s0)
core   0: 3 0x000000008000ff1e (0xfe043783) x15 0x00000000800120a9 mem 0x0000000080031f50
core   0: 0x000000008000ff22 (0x00178713) addi    a4, a5, 1
core   0: 3 0x000000008000ff22 (0x00178713) x14 0x00000000800120aa
core   0: 0x000000008000ff26 (0xfee43023) sd      a4, -32(s0)
core   0: 3 0x000000008000ff26 (0xfee43023) mem 0x0000000080031f50 0x00000000800120aa
core   0: 0x000000008000ff2a (0xfc442703) lw      a4, -60(s0)
core   0: 3 0x000000008000ff2a (0xfc442703) x14 0x0000000000000000 mem 0x0000000080031f34
core   0: 0x000000008000ff2e (0x0ff77713) andi    a4, a4, 255
core   0: 3 0x000000008000ff2e (0x0ff77713) x14 0x0000000000000000
core   0: 0x000000008000ff32 (0x00e78023) sb      a4, 0(a5)
core   0: 3 0x000000008000ff32 (0x00e78023) mem 0x00000000800120a9 0x00
core   0: 0x000000008000ff36 (0xfc843703) ld      a4, -56(s0)
core   0: 3 0x000000008000ff36 (0xfc843703) x14 0x0000000080012040 mem 0x0000000080031f38
core   0: 0x000000008000ff3a (0xfb843783) ld      a5, -72(s0)
core   0: 3 0x000000008000ff3a (0xfb843783) x15 0x000000000000009c mem 0x0000000080031f28
core   0: 0x000000008000ff3e (0x000097ba) c.add   a5, a4
core   0: 3 0x000000008000ff3e (0x97ba) x15 0x00000000800120dc
core   0: 0x000000008000ff40 (0xfe043703) ld      a4, -32(s0)
core   0: 3 0x000000008000ff40 (0xfe043703) x14 0x00000000800120aa mem 0x0000000080031f50
core   0: 0x000000008000ff44 (0xfcf76de3) bltu    a4, a5, pc - 38
core   0: 3 0x000000008000ff44 (0xfcf76de3)
core   0: 0x000000008000ff1e (0xfe043783) ld      a5, -32(s0)
core   0: 3 0x000000008000ff1e (0xfe043783) x15 0x00000000800120aa mem 0x0000000080031f50
core   0: 0x000000008000ff22 (0x00178713) addi    a4, a5, 1
core   0: 3 0x000000008000ff22 (0x00178713) x14 0x00000000800120ab
core   0: 0x000000008000ff26 (0xfee43023) sd      a4, -32(s0)
core   0: 3 0x000000008000ff26 (0xfee43023) mem 0x0000000080031f50 0x00000000800120ab
core   0: 0x000000008000ff2a (0xfc442703) lw      a4, -60(s0)
core   0: 3 0x000000008000ff2a (0xfc442703) x14 0x0000000000000000 mem 0x0000000080031f34
core   0: 0x000000008000ff2e (0x0ff77713) andi    a4, a4, 255
core   0: 3 0x000000008000ff2e (0x0ff77713) x14 0x0000000000000000
core   0: 0x000000008000ff32 (0x00e78023) sb      a4, 0(a5)
core   0: 3 0x000000008000ff32 (0x00e78023) mem 0x00000000800120aa 0x00
core   0: 0x000000008000ff36 (0xfc843703) ld      a4, -56(s0)
core   0: 3 0x000000008000ff36 (0xfc843703) x14 0x0000000080012040 mem 0x0000000080031f38
core   0: 0x000000008000ff3a (0xfb843783) ld      a5, -72(s0)
core   0: 3 0x000000008000ff3a (0xfb843783) x15 0x000000000000009c mem 0x0000000080031f28
core   0: 0x000000008000ff3e (0x000097ba) c.add   a5, a4
core   0: 3 0x000000008000ff3e (0x97ba) x15 0x00000000800120dc
core   0: 0x000000008000ff40 (0xfe043703) ld      a4, -32(s0)
core   0: 3 0x000000008000ff40 (0xfe043703) x14 0x00000000800120ab mem 0x0000000080031f50
core   0: 0x000000008000ff44 (0xfcf76de3) bltu    a4, a5, pc - 38
core   0: 3 0x000000008000ff44 (0xfcf76de3)
core   0: 0x000000008000ff1e (0xfe043783) ld      a5, -32(s0)
core   0: 3 0x000000008000ff1e (0xfe043783) x15 0x00000000800120ab mem 0x0000000080031f50
core   0: 0x000000008000ff22 (0x00178713) addi    a4, a5, 1
core   0: 3 0x000000008000ff22 (0x00178713) x14 0x00000000800120ac
core   0: 0x000000008000ff26 (0xfee43023) sd      a4, -32(s0)
core   0: 3 0x000000008000ff26 (0xfee43023) mem 0x0000000080031f50 0x00000000800120ac
core   0: 0x000000008000ff2a (0xfc442703) lw      a4, -60(s0)
core   0: 3 0x000000008000ff2a (0xfc442703) x14 0x0000000000000000 mem 0x0000000080031f34
core   0: 0x000000008000ff2e (0x0ff77713) andi    a4, a4, 255
core   0: 3 0x000000008000ff2e (0x0ff77713) x14 0x0000000000000000
core   0: 0x000000008000ff32 (0x00e78023) sb      a4, 0(a5)
core   0: 3 0x000000008000ff32 (0x00e78023) mem 0x00000000800120ab 0x00
core   0: 0x000000008000ff36 (0xfc843703) ld      a4, -56(s0)
core   0: 3 0x000000008000ff36 (0xfc843703) x14 0x0000000080012040 mem 0x0000000080031f38
core   0: 0x000000008000ff3a (0xfb843783) ld      a5, -72(s0)
core   0: 3 0x000000008000ff3a (0xfb843783) x15 0x000000000000009c mem 0x0000000080031f28
core   0: 0x000000008000ff3e (0x000097ba) c.add   a5, a4
core   0: 3 0x000000008000ff3e (0x97ba) x15 0x00000000800120dc
core   0: 0x000000008000ff40 (0xfe043703) ld      a4, -32(s0)
core   0: 3 0x000000008000ff40 (0xfe043703) x14 0x00000000800120ac mem 0x0000000080031f50
core   0: 0x000000008000ff44 (0xfcf76de3) bltu    a4, a5, pc - 38
core   0: 3 0x000000008000ff44 (0xfcf76de3)
core   0: 0x000000008000ff1e (0xfe043783) ld      a5, -32(s0)
core   0: 3 0x000000008000ff1e (0xfe043783) x15 0x00000000800120ac mem 0x0000000080031f50
core   0: 0x000000008000ff22 (0x00178713) addi    a4, a5, 1
core   0: 3 0x000000008000ff22 (0x00178713) x14 0x00000000800120ad
core   0: 0x000000008000ff26 (0xfee43023) sd      a4, -32(s0)
core   0: 3 0x000000008000ff26 (0xfee43023) mem 0x0000000080031f50 0x00000000800120ad
core   0: 0x000000008000ff2a (0xfc442703) lw      a4, -60(s0)
core   0: 3 0x000000008000ff2a (0xfc442703) x14 0x0000000000000000 mem 0x0000000080031f34
core   0: 0x000000008000ff2e (0x0ff77713) andi    a4, a4, 255
core   0: 3 0x000000008000ff2e (0x0ff77713) x14 0x0000000000000000
core   0: 0x000000008000ff32 (0x00e78023) sb      a4, 0(a5)
core   0: 3 0x000000008000ff32 (0x00e78023) mem 0x00000000800120ac 0x00
core   0: 0x000000008000ff36 (0xfc843703) ld      a4, -56(s0)
core   0: 3 0x000000008000ff36 (0xfc843703) x14 0x0000000080012040 mem 0x0000000080031f38
core   0: 0x000000008000ff3a (0xfb843783) ld      a5, -72(s0)
core   0: 3 0x000000008000ff3a (0xfb843783) x15 0x000000000000009c mem 0x0000000080031f28
core   0: 0x000000008000ff3e (0x000097ba) c.add   a5, a4
core   0: 3 0x000000008000ff3e (0x97ba) x15 0x00000000800120dc
core   0: 0x000000008000ff40 (0xfe043703) ld      a4, -32(s0)
core   0: 3 0x000000008000ff40 (0xfe043703) x14 0x00000000800120ad mem 0x0000000080031f50
core   0: 0x000000008000ff44 (0xfcf76de3) bltu    a4, a5, pc - 38
core   0: 3 0x000000008000ff44 (0xfcf76de3)
core   0: 0x000000008000ff1e (0xfe043783) ld      a5, -32(s0)
core   0: 3 0x000000008000ff1e (0xfe043783) x15 0x00000000800120ad mem 0x0000000080031f50
core   0: 0x000000008000ff22 (0x00178713) addi    a4, a5, 1
core   0: 3 0x000000008000ff22 (0x00178713) x14 0x00000000800120ae
core   0: 0x000000008000ff26 (0xfee43023) sd      a4, -32(s0)
core   0: 3 0x000000008000ff26 (0xfee43023) mem 0x0000000080031f50 0x00000000800120ae
core   0: 0x000000008000ff2a (0xfc442703) lw      a4, -60(s0)
core   0: 3 0x000000008000ff2a (0xfc442703) x14 0x0000000000000000 mem 0x0000000080031f34
core   0: 0x000000008000ff2e (0x0ff77713) andi    a4, a4, 255
core   0: 3 0x000000008000ff2e (0x0ff77713) x14 0x0000000000000000
core   0: 0x000000008000ff32 (0x00e78023) sb      a4, 0(a5)
core   0: 3 0x000000008000ff32 (0x00e78023) mem 0x00000000800120ad 0x00
core   0: 0x000000008000ff36 (0xfc843703) ld      a4, -56(s0)
core   0: 3 0x000000008000ff36 (0xfc843703) x14 0x0000000080012040 mem 0x0000000080031f38
core   0: 0x000000008000ff3a (0xfb843783) ld      a5, -72(s0)
core   0: 3 0x000000008000ff3a (0xfb843783) x15 0x000000000000009c mem 0x0000000080031f28
core   0: 0x000000008000ff3e (0x000097ba) c.add   a5, a4
core   0: 3 0x000000008000ff3e (0x97ba) x15 0x00000000800120dc
core   0: 0x000000008000ff40 (0xfe043703) ld      a4, -32(s0)
core   0: 3 0x000000008000ff40 (0xfe043703) x14 0x00000000800120ae mem 0x0000000080031f50
core   0: 0x000000008000ff44 (0xfcf76de3) bltu    a4, a5, pc - 38
core   0: 3 0x000000008000ff44 (0xfcf76de3)
core   0: 0x000000008000ff1e (0xfe043783) ld      a5, -32(s0)
core   0: 3 0x000000008000ff1e (0xfe043783) x15 0x00000000800120ae mem 0x0000000080031f50
core   0: 0x000000008000ff22 (0x00178713) addi    a4, a5, 1
core   0: 3 0x000000008000ff22 (0x00178713) x14 0x00000000800120af
core   0: 0x000000008000ff26 (0xfee43023) sd      a4, -32(s0)
core   0: 3 0x000000008000ff26 (0xfee43023) mem 0x0000000080031f50 0x00000000800120af
core   0: 0x000000008000ff2a (0xfc442703) lw      a4, -60(s0)
core   0: 3 0x000000008000ff2a (0xfc442703) x14 0x0000000000000000 mem 0x0000000080031f34
core   0: 0x000000008000ff2e (0x0ff77713) andi    a4, a4, 255
core   0: 3 0x000000008000ff2e (0x0ff77713) x14 0x0000000000000000
core   0: 0x000000008000ff32 (0x00e78023) sb      a4, 0(a5)
core   0: 3 0x000000008000ff32 (0x00e78023) mem 0x00000000800120ae 0x00
core   0: 0x000000008000ff36 (0xfc843703) ld      a4, -56(s0)
core   0: 3 0x000000008000ff36 (0xfc843703) x14 0x0000000080012040 mem 0x0000000080031f38
core   0: 0x000000008000ff3a (0xfb843783) ld      a5, -72(s0)
core   0: 3 0x000000008000ff3a (0xfb843783) x15 0x000000000000009c mem 0x0000000080031f28
core   0: 0x000000008000ff3e (0x000097ba) c.add   a5, a4
core   0: 3 0x000000008000ff3e (0x97ba) x15 0x00000000800120dc
core   0: 0x000000008000ff40 (0xfe043703) ld      a4, -32(s0)
core   0: 3 0x000000008000ff40 (0xfe043703) x14 0x00000000800120af mem 0x0000000080031f50
core   0: 0x000000008000ff44 (0xfcf76de3) bltu    a4, a5, pc - 38
core   0: 3 0x000000008000ff44 (0xfcf76de3)
core   0: 0x000000008000ff1e (0xfe043783) ld      a5, -32(s0)
core   0: 3 0x000000008000ff1e (0xfe043783) x15 0x00000000800120af mem 0x0000000080031f50
core   0: 0x000000008000ff22 (0x00178713) addi    a4, a5, 1
core   0: 3 0x000000008000ff22 (0x00178713) x14 0x00000000800120b0
core   0: 0x000000008000ff26 (0xfee43023) sd      a4, -32(s0)
core   0: 3 0x000000008000ff26 (0xfee43023) mem 0x0000000080031f50 0x00000000800120b0
core   0: 0x000000008000ff2a (0xfc442703) lw      a4, -60(s0)
core   0: 3 0x000000008000ff2a (0xfc442703) x14 0x0000000000000000 mem 0x0000000080031f34
core   0: 0x000000008000ff2e (0x0ff77713) andi    a4, a4, 255
core   0: 3 0x000000008000ff2e (0x0ff77713) x14 0x0000000000000000
core   0: 0x000000008000ff32 (0x00e78023) sb      a4, 0(a5)
core   0: 3 0x000000008000ff32 (0x00e78023) mem 0x00000000800120af 0x00
core   0: 0x000000008000ff36 (0xfc843703) ld      a4, -56(s0)
core   0: 3 0x000000008000ff36 (0xfc843703) x14 0x0000000080012040 mem 0x0000000080031f38
core   0: 0x000000008000ff3a (0xfb843783) ld      a5, -72(s0)
core   0: 3 0x000000008000ff3a (0xfb843783) x15 0x000000000000009c mem 0x0000000080031f28
core   0: 0x000000008000ff3e (0x000097ba) c.add   a5, a4
core   0: 3 0x000000008000ff3e (0x97ba) x15 0x00000000800120dc
core   0: 0x000000008000ff40 (0xfe043703) ld      a4, -32(s0)
core   0: 3 0x000000008000ff40 (0xfe043703) x14 0x00000000800120b0 mem 0x0000000080031f50
core   0: 0x000000008000ff44 (0xfcf76de3) bltu    a4, a5, pc - 38
core   0: 3 0x000000008000ff44 (0xfcf76de3)
core   0: 0x000000008000ff1e (0xfe043783) ld      a5, -32(s0)
core   0: 3 0x000000008000ff1e (0xfe043783) x15 0x00000000800120b0 mem 0x0000000080031f50
core   0: 0x000000008000ff22 (0x00178713) addi    a4, a5, 1
core   0: 3 0x000000008000ff22 (0x00178713) x14 0x00000000800120b1
core   0: 0x000000008000ff26 (0xfee43023) sd      a4, -32(s0)
core   0: 3 0x000000008000ff26 (0xfee43023) mem 0x0000000080031f50 0x00000000800120b1
core   0: 0x000000008000ff2a (0xfc442703) lw      a4, -60(s0)
core   0: 3 0x000000008000ff2a (0xfc442703) x14 0x0000000000000000 mem 0x0000000080031f34
core   0: 0x000000008000ff2e (0x0ff77713) andi    a4, a4, 255
core   0: 3 0x000000008000ff2e (0x0ff77713) x14 0x0000000000000000
core   0: 0x000000008000ff32 (0x00e78023) sb      a4, 0(a5)
core   0: 3 0x000000008000ff32 (0x00e78023) mem 0x00000000800120b0 0x00
core   0: 0x000000008000ff36 (0xfc843703) ld      a4, -56(s0)
core   0: 3 0x000000008000ff36 (0xfc843703) x14 0x0000000080012040 mem 0x0000000080031f38
core   0: 0x000000008000ff3a (0xfb843783) ld      a5, -72(s0)
core   0: 3 0x000000008000ff3a (0xfb843783) x15 0x000000000000009c mem 0x0000000080031f28
core   0: 0x000000008000ff3e (0x000097ba) c.add   a5, a4
core   0: 3 0x000000008000ff3e (0x97ba) x15 0x00000000800120dc
core   0: 0x000000008000ff40 (0xfe043703) ld      a4, -32(s0)
core   0: 3 0x000000008000ff40 (0xfe043703) x14 0x00000000800120b1 mem 0x0000000080031f50
core   0: 0x000000008000ff44 (0xfcf76de3) bltu    a4, a5, pc - 38
core   0: 3 0x000000008000ff44 (0xfcf76de3)
core   0: 0x000000008000ff1e (0xfe043783) ld      a5, -32(s0)
core   0: 3 0x000000008000ff1e (0xfe043783) x15 0x00000000800120b1 mem 0x0000000080031f50
core   0: 0x000000008000ff22 (0x00178713) addi    a4, a5, 1
core   0: 3 0x000000008000ff22 (0x00178713) x14 0x00000000800120b2
core   0: 0x000000008000ff26 (0xfee43023) sd      a4, -32(s0)
core   0: 3 0x000000008000ff26 (0xfee43023) mem 0x0000000080031f50 0x00000000800120b2
core   0: 0x000000008000ff2a (0xfc442703) lw      a4, -60(s0)
core   0: 3 0x000000008000ff2a (0xfc442703) x14 0x0000000000000000 mem 0x0000000080031f34
core   0: 0x000000008000ff2e (0x0ff77713) andi    a4, a4, 255
core   0: 3 0x000000008000ff2e (0x0ff77713) x14 0x0000000000000000
core   0: 0x000000008000ff32 (0x00e78023) sb      a4, 0(a5)
core   0: 3 0x000000008000ff32 (0x00e78023) mem 0x00000000800120b1 0x00
core   0: 0x000000008000ff36 (0xfc843703) ld      a4, -56(s0)
core   0: 3 0x000000008000ff36 (0xfc843703) x14 0x0000000080012040 mem 0x0000000080031f38
core   0: 0x000000008000ff3a (0xfb843783) ld      a5, -72(s0)
core   0: 3 0x000000008000ff3a (0xfb843783) x15 0x000000000000009c mem 0x0000000080031f28
core   0: 0x000000008000ff3e (0x000097ba) c.add   a5, a4
core   0: 3 0x000000008000ff3e (0x97ba) x15 0x00000000800120dc
core   0: 0x000000008000ff40 (0xfe043703) ld      a4, -32(s0)
core   0: 3 0x000000008000ff40 (0xfe043703) x14 0x00000000800120b2 mem 0x0000000080031f50
core   0: 0x000000008000ff44 (0xfcf76de3) bltu    a4, a5, pc - 38
core   0: 3 0x000000008000ff44 (0xfcf76de3)
core   0: 0x000000008000ff1e (0xfe043783) ld      a5, -32(s0)
core   0: 3 0x000000008000ff1e (0xfe043783) x15 0x00000000800120b2 mem 0x0000000080031f50
core   0: 0x000000008000ff22 (0x00178713) addi    a4, a5, 1
core   0: 3 0x000000008000ff22 (0x00178713) x14 0x00000000800120b3
core   0: 0x000000008000ff26 (0xfee43023) sd      a4, -32(s0)
core   0: 3 0x000000008000ff26 (0xfee43023) mem 0x0000000080031f50 0x00000000800120b3
core   0: 0x000000008000ff2a (0xfc442703) lw      a4, -60(s0)
core   0: 3 0x000000008000ff2a (0xfc442703) x14 0x0000000000000000 mem 0x0000000080031f34
core   0: 0x000000008000ff2e (0x0ff77713) andi    a4, a4, 255
core   0: 3 0x000000008000ff2e (0x0ff77713) x14 0x0000000000000000
core   0: 0x000000008000ff32 (0x00e78023) sb      a4, 0(a5)
core   0: 3 0x000000008000ff32 (0x00e78023) mem 0x00000000800120b2 0x00
core   0: 0x000000008000ff36 (0xfc843703) ld      a4, -56(s0)
core   0: 3 0x000000008000ff36 (0xfc843703) x14 0x0000000080012040 mem 0x0000000080031f38
core   0: 0x000000008000ff3a (0xfb843783) ld      a5, -72(s0)
core   0: 3 0x000000008000ff3a (0xfb843783) x15 0x000000000000009c mem 0x0000000080031f28
core   0: 0x000000008000ff3e (0x000097ba) c.add   a5, a4
core   0: 3 0x000000008000ff3e (0x97ba) x15 0x00000000800120dc
core   0: 0x000000008000ff40 (0xfe043703) ld      a4, -32(s0)
core   0: 3 0x000000008000ff40 (0xfe043703) x14 0x00000000800120b3 mem 0x0000000080031f50
core   0: 0x000000008000ff44 (0xfcf76de3) bltu    a4, a5, pc - 38
core   0: 3 0x000000008000ff44 (0xfcf76de3)
core   0: 0x000000008000ff1e (0xfe043783) ld      a5, -32(s0)
core   0: 3 0x000000008000ff1e (0xfe043783) x15 0x00000000800120b3 mem 0x0000000080031f50
core   0: 0x000000008000ff22 (0x00178713) addi    a4, a5, 1
core   0: 3 0x000000008000ff22 (0x00178713) x14 0x00000000800120b4
core   0: 0x000000008000ff26 (0xfee43023) sd      a4, -32(s0)
core   0: 3 0x000000008000ff26 (0xfee43023) mem 0x0000000080031f50 0x00000000800120b4
core   0: 0x000000008000ff2a (0xfc442703) lw      a4, -60(s0)
core   0: 3 0x000000008000ff2a (0xfc442703) x14 0x0000000000000000 mem 0x0000000080031f34
core   0: 0x000000008000ff2e (0x0ff77713) andi    a4, a4, 255
core   0: 3 0x000000008000ff2e (0x0ff77713) x14 0x0000000000000000
core   0: 0x000000008000ff32 (0x00e78023) sb      a4, 0(a5)
core   0: 3 0x000000008000ff32 (0x00e78023) mem 0x00000000800120b3 0x00
core   0: 0x000000008000ff36 (0xfc843703) ld      a4, -56(s0)
core   0: 3 0x000000008000ff36 (0xfc843703) x14 0x0000000080012040 mem 0x0000000080031f38
core   0: 0x000000008000ff3a (0xfb843783) ld      a5, -72(s0)
core   0: 3 0x000000008000ff3a (0xfb843783) x15 0x000000000000009c mem 0x0000000080031f28
core   0: 0x000000008000ff3e (0x000097ba) c.add   a5, a4
core   0: 3 0x000000008000ff3e (0x97ba) x15 0x00000000800120dc
core   0: 0x000000008000ff40 (0xfe043703) ld      a4, -32(s0)
core   0: 3 0x000000008000ff40 (0xfe043703) x14 0x00000000800120b4 mem 0x0000000080031f50
core   0: 0x000000008000ff44 (0xfcf76de3) bltu    a4, a5, pc - 38
core   0: 3 0x000000008000ff44 (0xfcf76de3)
core   0: 0x000000008000ff1e (0xfe043783) ld      a5, -32(s0)
core   0: 3 0x000000008000ff1e (0xfe043783) x15 0x00000000800120b4 mem 0x0000000080031f50
core   0: 0x000000008000ff22 (0x00178713) addi    a4, a5, 1
core   0: 3 0x000000008000ff22 (0x00178713) x14 0x00000000800120b5
core   0: 0x000000008000ff26 (0xfee43023) sd      a4, -32(s0)
core   0: 3 0x000000008000ff26 (0xfee43023) mem 0x0000000080031f50 0x00000000800120b5
core   0: 0x000000008000ff2a (0xfc442703) lw      a4, -60(s0)
core   0: 3 0x000000008000ff2a (0xfc442703) x14 0x0000000000000000 mem 0x0000000080031f34
core   0: 0x000000008000ff2e (0x0ff77713) andi    a4, a4, 255
core   0: 3 0x000000008000ff2e (0x0ff77713) x14 0x0000000000000000
core   0: 0x000000008000ff32 (0x00e78023) sb      a4, 0(a5)
core   0: 3 0x000000008000ff32 (0x00e78023) mem 0x00000000800120b4 0x00
core   0: 0x000000008000ff36 (0xfc843703) ld      a4, -56(s0)
core   0: 3 0x000000008000ff36 (0xfc843703) x14 0x0000000080012040 mem 0x0000000080031f38
core   0: 0x000000008000ff3a (0xfb843783) ld      a5, -72(s0)
core   0: 3 0x000000008000ff3a (0xfb843783) x15 0x000000000000009c mem 0x0000000080031f28
core   0: 0x000000008000ff3e (0x000097ba) c.add   a5, a4
core   0: 3 0x000000008000ff3e (0x97ba) x15 0x00000000800120dc
core   0: 0x000000008000ff40 (0xfe043703) ld      a4, -32(s0)
core   0: 3 0x000000008000ff40 (0xfe043703) x14 0x00000000800120b5 mem 0x0000000080031f50
core   0: 0x000000008000ff44 (0xfcf76de3) bltu    a4, a5, pc - 38
core   0: 3 0x000000008000ff44 (0xfcf76de3)
core   0: 0x000000008000ff1e (0xfe043783) ld      a5, -32(s0)
core   0: 3 0x000000008000ff1e (0xfe043783) x15 0x00000000800120b5 mem 0x0000000080031f50
core   0: 0x000000008000ff22 (0x00178713) addi    a4, a5, 1
core   0: 3 0x000000008000ff22 (0x00178713) x14 0x00000000800120b6
core   0: 0x000000008000ff26 (0xfee43023) sd      a4, -32(s0)
core   0: 3 0x000000008000ff26 (0xfee43023) mem 0x0000000080031f50 0x00000000800120b6
core   0: 0x000000008000ff2a (0xfc442703) lw      a4, -60(s0)
core   0: 3 0x000000008000ff2a (0xfc442703) x14 0x0000000000000000 mem 0x0000000080031f34
core   0: 0x000000008000ff2e (0x0ff77713) andi    a4, a4, 255
core   0: 3 0x000000008000ff2e (0x0ff77713) x14 0x0000000000000000
core   0: 0x000000008000ff32 (0x00e78023) sb      a4, 0(a5)
core   0: 3 0x000000008000ff32 (0x00e78023) mem 0x00000000800120b5 0x00
core   0: 0x000000008000ff36 (0xfc843703) ld      a4, -56(s0)
core   0: 3 0x000000008000ff36 (0xfc843703) x14 0x0000000080012040 mem 0x0000000080031f38
core   0: 0x000000008000ff3a (0xfb843783) ld      a5, -72(s0)
core   0: 3 0x000000008000ff3a (0xfb843783) x15 0x000000000000009c mem 0x0000000080031f28
core   0: 0x000000008000ff3e (0x000097ba) c.add   a5, a4
core   0: 3 0x000000008000ff3e (0x97ba) x15 0x00000000800120dc
core   0: 0x000000008000ff40 (0xfe043703) ld      a4, -32(s0)
core   0: 3 0x000000008000ff40 (0xfe043703) x14 0x00000000800120b6 mem 0x0000000080031f50
core   0: 0x000000008000ff44 (0xfcf76de3) bltu    a4, a5, pc - 38
core   0: 3 0x000000008000ff44 (0xfcf76de3)
core   0: 0x000000008000ff1e (0xfe043783) ld      a5, -32(s0)
core   0: 3 0x000000008000ff1e (0xfe043783) x15 0x00000000800120b6 mem 0x0000000080031f50
core   0: 0x000000008000ff22 (0x00178713) addi    a4, a5, 1
core   0: 3 0x000000008000ff22 (0x00178713) x14 0x00000000800120b7
core   0: 0x000000008000ff26 (0xfee43023) sd      a4, -32(s0)
core   0: 3 0x000000008000ff26 (0xfee43023) mem 0x0000000080031f50 0x00000000800120b7
core   0: 0x000000008000ff2a (0xfc442703) lw      a4, -60(s0)
core   0: 3 0x000000008000ff2a (0xfc442703) x14 0x0000000000000000 mem 0x0000000080031f34
core   0: 0x000000008000ff2e (0x0ff77713) andi    a4, a4, 255
core   0: 3 0x000000008000ff2e (0x0ff77713) x14 0x0000000000000000
core   0: 0x000000008000ff32 (0x00e78023) sb      a4, 0(a5)
core   0: 3 0x000000008000ff32 (0x00e78023) mem 0x00000000800120b6 0x00
core   0: 0x000000008000ff36 (0xfc843703) ld      a4, -56(s0)
core   0: 3 0x000000008000ff36 (0xfc843703) x14 0x0000000080012040 mem 0x0000000080031f38
core   0: 0x000000008000ff3a (0xfb843783) ld      a5, -72(s0)
core   0: 3 0x000000008000ff3a (0xfb843783) x15 0x000000000000009c mem 0x0000000080031f28
core   0: 0x000000008000ff3e (0x000097ba) c.add   a5, a4
core   0: 3 0x000000008000ff3e (0x97ba) x15 0x00000000800120dc
core   0: 0x000000008000ff40 (0xfe043703) ld      a4, -32(s0)
core   0: 3 0x000000008000ff40 (0xfe043703) x14 0x00000000800120b7 mem 0x0000000080031f50
core   0: 0x000000008000ff44 (0xfcf76de3) bltu    a4, a5, pc - 38
core   0: 3 0x000000008000ff44 (0xfcf76de3)
core   0: 0x000000008000ff1e (0xfe043783) ld      a5, -32(s0)
core   0: 3 0x000000008000ff1e (0xfe043783) x15 0x00000000800120b7 mem 0x0000000080031f50
core   0: 0x000000008000ff22 (0x00178713) addi    a4, a5, 1
core   0: 3 0x000000008000ff22 (0x00178713) x14 0x00000000800120b8
core   0: 0x000000008000ff26 (0xfee43023) sd      a4, -32(s0)
core   0: 3 0x000000008000ff26 (0xfee43023) mem 0x0000000080031f50 0x00000000800120b8
core   0: 0x000000008000ff2a (0xfc442703) lw      a4, -60(s0)
core   0: 3 0x000000008000ff2a (0xfc442703) x14 0x0000000000000000 mem 0x0000000080031f34
core   0: 0x000000008000ff2e (0x0ff77713) andi    a4, a4, 255
core   0: 3 0x000000008000ff2e (0x0ff77713) x14 0x0000000000000000
core   0: 0x000000008000ff32 (0x00e78023) sb      a4, 0(a5)
core   0: 3 0x000000008000ff32 (0x00e78023) mem 0x00000000800120b7 0x00
core   0: 0x000000008000ff36 (0xfc843703) ld      a4, -56(s0)
core   0: 3 0x000000008000ff36 (0xfc843703) x14 0x0000000080012040 mem 0x0000000080031f38
core   0: 0x000000008000ff3a (0xfb843783) ld      a5, -72(s0)
core   0: 3 0x000000008000ff3a (0xfb843783) x15 0x000000000000009c mem 0x0000000080031f28
core   0: 0x000000008000ff3e (0x000097ba) c.add   a5, a4
core   0: 3 0x000000008000ff3e (0x97ba) x15 0x00000000800120dc
core   0: 0x000000008000ff40 (0xfe043703) ld      a4, -32(s0)
core   0: 3 0x000000008000ff40 (0xfe043703) x14 0x00000000800120b8 mem 0x0000000080031f50
core   0: 0x000000008000ff44 (0xfcf76de3) bltu    a4, a5, pc - 38
core   0: 3 0x000000008000ff44 (0xfcf76de3)
core   0: 0x000000008000ff1e (0xfe043783) ld      a5, -32(s0)
core   0: 3 0x000000008000ff1e (0xfe043783) x15 0x00000000800120b8 mem 0x0000000080031f50
core   0: 0x000000008000ff22 (0x00178713) addi    a4, a5, 1
core   0: 3 0x000000008000ff22 (0x00178713) x14 0x00000000800120b9
core   0: 0x000000008000ff26 (0xfee43023) sd      a4, -32(s0)
core   0: 3 0x000000008000ff26 (0xfee43023) mem 0x0000000080031f50 0x00000000800120b9
core   0: 0x000000008000ff2a (0xfc442703) lw      a4, -60(s0)
core   0: 3 0x000000008000ff2a (0xfc442703) x14 0x0000000000000000 mem 0x0000000080031f34
core   0: 0x000000008000ff2e (0x0ff77713) andi    a4, a4, 255
core   0: 3 0x000000008000ff2e (0x0ff77713) x14 0x0000000000000000
core   0: 0x000000008000ff32 (0x00e78023) sb      a4, 0(a5)
core   0: 3 0x000000008000ff32 (0x00e78023) mem 0x00000000800120b8 0x00
core   0: 0x000000008000ff36 (0xfc843703) ld      a4, -56(s0)
core   0: 3 0x000000008000ff36 (0xfc843703) x14 0x0000000080012040 mem 0x0000000080031f38
core   0: 0x000000008000ff3a (0xfb843783) ld      a5, -72(s0)
core   0: 3 0x000000008000ff3a (0xfb843783) x15 0x000000000000009c mem 0x0000000080031f28
core   0: 0x000000008000ff3e (0x000097ba) c.add   a5, a4
core   0: 3 0x000000008000ff3e (0x97ba) x15 0x00000000800120dc
core   0: 0x000000008000ff40 (0xfe043703) ld      a4, -32(s0)
core   0: 3 0x000000008000ff40 (0xfe043703) x14 0x00000000800120b9 mem 0x0000000080031f50
core   0: 0x000000008000ff44 (0xfcf76de3) bltu    a4, a5, pc - 38
core   0: 3 0x000000008000ff44 (0xfcf76de3)
core   0: 0x000000008000ff1e (0xfe043783) ld      a5, -32(s0)
core   0: 3 0x000000008000ff1e (0xfe043783) x15 0x00000000800120b9 mem 0x0000000080031f50
core   0: 0x000000008000ff22 (0x00178713) addi    a4, a5, 1
core   0: 3 0x000000008000ff22 (0x00178713) x14 0x00000000800120ba
core   0: 0x000000008000ff26 (0xfee43023) sd      a4, -32(s0)
core   0: 3 0x000000008000ff26 (0xfee43023) mem 0x0000000080031f50 0x00000000800120ba
core   0: 0x000000008000ff2a (0xfc442703) lw      a4, -60(s0)
core   0: 3 0x000000008000ff2a (0xfc442703) x14 0x0000000000000000 mem 0x0000000080031f34
core   0: 0x000000008000ff2e (0x0ff77713) andi    a4, a4, 255
core   0: 3 0x000000008000ff2e (0x0ff77713) x14 0x0000000000000000
core   0: 0x000000008000ff32 (0x00e78023) sb      a4, 0(a5)
core   0: 3 0x000000008000ff32 (0x00e78023) mem 0x00000000800120b9 0x00
core   0: 0x000000008000ff36 (0xfc843703) ld      a4, -56(s0)
core   0: 3 0x000000008000ff36 (0xfc843703) x14 0x0000000080012040 mem 0x0000000080031f38
core   0: 0x000000008000ff3a (0xfb843783) ld      a5, -72(s0)
core   0: 3 0x000000008000ff3a (0xfb843783) x15 0x000000000000009c mem 0x0000000080031f28
core   0: 0x000000008000ff3e (0x000097ba) c.add   a5, a4
core   0: 3 0x000000008000ff3e (0x97ba) x15 0x00000000800120dc
core   0: 0x000000008000ff40 (0xfe043703) ld      a4, -32(s0)
core   0: 3 0x000000008000ff40 (0xfe043703) x14 0x00000000800120ba mem 0x0000000080031f50
core   0: 0x000000008000ff44 (0xfcf76de3) bltu    a4, a5, pc - 38
core   0: 3 0x000000008000ff44 (0xfcf76de3)
core   0: 0x000000008000ff1e (0xfe043783) ld      a5, -32(s0)
core   0: 3 0x000000008000ff1e (0xfe043783) x15 0x00000000800120ba mem 0x0000000080031f50
core   0: 0x000000008000ff22 (0x00178713) addi    a4, a5, 1
core   0: 3 0x000000008000ff22 (0x00178713) x14 0x00000000800120bb
core   0: 0x000000008000ff26 (0xfee43023) sd      a4, -32(s0)
core   0: 3 0x000000008000ff26 (0xfee43023) mem 0x0000000080031f50 0x00000000800120bb
core   0: 0x000000008000ff2a (0xfc442703) lw      a4, -60(s0)
core   0: 3 0x000000008000ff2a (0xfc442703) x14 0x0000000000000000 mem 0x0000000080031f34
core   0: 0x000000008000ff2e (0x0ff77713) andi    a4, a4, 255
core   0: 3 0x000000008000ff2e (0x0ff77713) x14 0x0000000000000000
core   0: 0x000000008000ff32 (0x00e78023) sb      a4, 0(a5)
core   0: 3 0x000000008000ff32 (0x00e78023) mem 0x00000000800120ba 0x00
core   0: 0x000000008000ff36 (0xfc843703) ld      a4, -56(s0)
core   0: 3 0x000000008000ff36 (0xfc843703) x14 0x0000000080012040 mem 0x0000000080031f38
core   0: 0x000000008000ff3a (0xfb843783) ld      a5, -72(s0)
core   0: 3 0x000000008000ff3a (0xfb843783) x15 0x000000000000009c mem 0x0000000080031f28
core   0: 0x000000008000ff3e (0x000097ba) c.add   a5, a4
core   0: 3 0x000000008000ff3e (0x97ba) x15 0x00000000800120dc
core   0: 0x000000008000ff40 (0xfe043703) ld      a4, -32(s0)
core   0: 3 0x000000008000ff40 (0xfe043703) x14 0x00000000800120bb mem 0x0000000080031f50
core   0: 0x000000008000ff44 (0xfcf76de3) bltu    a4, a5, pc - 38
core   0: 3 0x000000008000ff44 (0xfcf76de3)
core   0: 0x000000008000ff1e (0xfe043783) ld      a5, -32(s0)
core   0: 3 0x000000008000ff1e (0xfe043783) x15 0x00000000800120bb mem 0x0000000080031f50
core   0: 0x000000008000ff22 (0x00178713) addi    a4, a5, 1
core   0: 3 0x000000008000ff22 (0x00178713) x14 0x00000000800120bc
core   0: 0x000000008000ff26 (0xfee43023) sd      a4, -32(s0)
core   0: 3 0x000000008000ff26 (0xfee43023) mem 0x0000000080031f50 0x00000000800120bc
core   0: 0x000000008000ff2a (0xfc442703) lw      a4, -60(s0)
core   0: 3 0x000000008000ff2a (0xfc442703) x14 0x0000000000000000 mem 0x0000000080031f34
core   0: 0x000000008000ff2e (0x0ff77713) andi    a4, a4, 255
core   0: 3 0x000000008000ff2e (0x0ff77713) x14 0x0000000000000000
core   0: 0x000000008000ff32 (0x00e78023) sb      a4, 0(a5)
core   0: 3 0x000000008000ff32 (0x00e78023) mem 0x00000000800120bb 0x00
core   0: 0x000000008000ff36 (0xfc843703) ld      a4, -56(s0)
core   0: 3 0x000000008000ff36 (0xfc843703) x14 0x0000000080012040 mem 0x0000000080031f38
core   0: 0x000000008000ff3a (0xfb843783) ld      a5, -72(s0)
core   0: 3 0x000000008000ff3a (0xfb843783) x15 0x000000000000009c mem 0x0000000080031f28
core   0: 0x000000008000ff3e (0x000097ba) c.add   a5, a4
core   0: 3 0x000000008000ff3e (0x97ba) x15 0x00000000800120dc
core   0: 0x000000008000ff40 (0xfe043703) ld      a4, -32(s0)
core   0: 3 0x000000008000ff40 (0xfe043703) x14 0x00000000800120bc mem 0x0000000080031f50
core   0: 0x000000008000ff44 (0xfcf76de3) bltu    a4, a5, pc - 38
core   0: 3 0x000000008000ff44 (0xfcf76de3)
core   0: 0x000000008000ff1e (0xfe043783) ld      a5, -32(s0)
core   0: 3 0x000000008000ff1e (0xfe043783) x15 0x00000000800120bc mem 0x0000000080031f50
core   0: 0x000000008000ff22 (0x00178713) addi    a4, a5, 1
core   0: 3 0x000000008000ff22 (0x00178713) x14 0x00000000800120bd
core   0: 0x000000008000ff26 (0xfee43023) sd      a4, -32(s0)
core   0: 3 0x000000008000ff26 (0xfee43023) mem 0x0000000080031f50 0x00000000800120bd
core   0: 0x000000008000ff2a (0xfc442703) lw      a4, -60(s0)
core   0: 3 0x000000008000ff2a (0xfc442703) x14 0x0000000000000000 mem 0x0000000080031f34
core   0: 0x000000008000ff2e (0x0ff77713) andi    a4, a4, 255
core   0: 3 0x000000008000ff2e (0x0ff77713) x14 0x0000000000000000
core   0: 0x000000008000ff32 (0x00e78023) sb      a4, 0(a5)
core   0: 3 0x000000008000ff32 (0x00e78023) mem 0x00000000800120bc 0x00
core   0: 0x000000008000ff36 (0xfc843703) ld      a4, -56(s0)
core   0: 3 0x000000008000ff36 (0xfc843703) x14 0x0000000080012040 mem 0x0000000080031f38
core   0: 0x000000008000ff3a (0xfb843783) ld      a5, -72(s0)
core   0: 3 0x000000008000ff3a (0xfb843783) x15 0x000000000000009c mem 0x0000000080031f28
core   0: 0x000000008000ff3e (0x000097ba) c.add   a5, a4
core   0: 3 0x000000008000ff3e (0x97ba) x15 0x00000000800120dc
core   0: 0x000000008000ff40 (0xfe043703) ld      a4, -32(s0)
core   0: 3 0x000000008000ff40 (0xfe043703) x14 0x00000000800120bd mem 0x0000000080031f50
core   0: 0x000000008000ff44 (0xfcf76de3) bltu    a4, a5, pc - 38
core   0: 3 0x000000008000ff44 (0xfcf76de3)
core   0: 0x000000008000ff1e (0xfe043783) ld      a5, -32(s0)
core   0: 3 0x000000008000ff1e (0xfe043783) x15 0x00000000800120bd mem 0x0000000080031f50
core   0: 0x000000008000ff22 (0x00178713) addi    a4, a5, 1
core   0: 3 0x000000008000ff22 (0x00178713) x14 0x00000000800120be
core   0: 0x000000008000ff26 (0xfee43023) sd      a4, -32(s0)
core   0: 3 0x000000008000ff26 (0xfee43023) mem 0x0000000080031f50 0x00000000800120be
core   0: 0x000000008000ff2a (0xfc442703) lw      a4, -60(s0)
core   0: 3 0x000000008000ff2a (0xfc442703) x14 0x0000000000000000 mem 0x0000000080031f34
core   0: 0x000000008000ff2e (0x0ff77713) andi    a4, a4, 255
core   0: 3 0x000000008000ff2e (0x0ff77713) x14 0x0000000000000000
core   0: 0x000000008000ff32 (0x00e78023) sb      a4, 0(a5)
core   0: 3 0x000000008000ff32 (0x00e78023) mem 0x00000000800120bd 0x00
core   0: 0x000000008000ff36 (0xfc843703) ld      a4, -56(s0)
core   0: 3 0x000000008000ff36 (0xfc843703) x14 0x0000000080012040 mem 0x0000000080031f38
core   0: 0x000000008000ff3a (0xfb843783) ld      a5, -72(s0)
core   0: 3 0x000000008000ff3a (0xfb843783) x15 0x000000000000009c mem 0x0000000080031f28
core   0: 0x000000008000ff3e (0x000097ba) c.add   a5, a4
core   0: 3 0x000000008000ff3e (0x97ba) x15 0x00000000800120dc
core   0: 0x000000008000ff40 (0xfe043703) ld      a4, -32(s0)
core   0: 3 0x000000008000ff40 (0xfe043703) x14 0x00000000800120be mem 0x0000000080031f50
core   0: 0x000000008000ff44 (0xfcf76de3) bltu    a4, a5, pc - 38
core   0: 3 0x000000008000ff44 (0xfcf76de3)
core   0: 0x000000008000ff1e (0xfe043783) ld      a5, -32(s0)
core   0: 3 0x000000008000ff1e (0xfe043783) x15 0x00000000800120be mem 0x0000000080031f50
core   0: 0x000000008000ff22 (0x00178713) addi    a4, a5, 1
core   0: 3 0x000000008000ff22 (0x00178713) x14 0x00000000800120bf
core   0: 0x000000008000ff26 (0xfee43023) sd      a4, -32(s0)
core   0: 3 0x000000008000ff26 (0xfee43023) mem 0x0000000080031f50 0x00000000800120bf
core   0: 0x000000008000ff2a (0xfc442703) lw      a4, -60(s0)
core   0: 3 0x000000008000ff2a (0xfc442703) x14 0x0000000000000000 mem 0x0000000080031f34
core   0: 0x000000008000ff2e (0x0ff77713) andi    a4, a4, 255
core   0: 3 0x000000008000ff2e (0x0ff77713) x14 0x0000000000000000
core   0: 0x000000008000ff32 (0x00e78023) sb      a4, 0(a5)
core   0: 3 0x000000008000ff32 (0x00e78023) mem 0x00000000800120be 0x00
core   0: 0x000000008000ff36 (0xfc843703) ld      a4, -56(s0)
core   0: 3 0x000000008000ff36 (0xfc843703) x14 0x0000000080012040 mem 0x0000000080031f38
core   0: 0x000000008000ff3a (0xfb843783) ld      a5, -72(s0)
core   0: 3 0x000000008000ff3a (0xfb843783) x15 0x000000000000009c mem 0x0000000080031f28
core   0: 0x000000008000ff3e (0x000097ba) c.add   a5, a4
core   0: 3 0x000000008000ff3e (0x97ba) x15 0x00000000800120dc
core   0: 0x000000008000ff40 (0xfe043703) ld      a4, -32(s0)
core   0: 3 0x000000008000ff40 (0xfe043703) x14 0x00000000800120bf mem 0x0000000080031f50
core   0: 0x000000008000ff44 (0xfcf76de3) bltu    a4, a5, pc - 38
core   0: 3 0x000000008000ff44 (0xfcf76de3)
core   0: 0x000000008000ff1e (0xfe043783) ld      a5, -32(s0)
core   0: 3 0x000000008000ff1e (0xfe043783) x15 0x00000000800120bf mem 0x0000000080031f50
core   0: 0x000000008000ff22 (0x00178713) addi    a4, a5, 1
core   0: 3 0x000000008000ff22 (0x00178713) x14 0x00000000800120c0
core   0: 0x000000008000ff26 (0xfee43023) sd      a4, -32(s0)
core   0: 3 0x000000008000ff26 (0xfee43023) mem 0x0000000080031f50 0x00000000800120c0
core   0: 0x000000008000ff2a (0xfc442703) lw      a4, -60(s0)
core   0: 3 0x000000008000ff2a (0xfc442703) x14 0x0000000000000000 mem 0x0000000080031f34
core   0: 0x000000008000ff2e (0x0ff77713) andi    a4, a4, 255
core   0: 3 0x000000008000ff2e (0x0ff77713) x14 0x0000000000000000
core   0: 0x000000008000ff32 (0x00e78023) sb      a4, 0(a5)
core   0: 3 0x000000008000ff32 (0x00e78023) mem 0x00000000800120bf 0x00
core   0: 0x000000008000ff36 (0xfc843703) ld      a4, -56(s0)
core   0: 3 0x000000008000ff36 (0xfc843703) x14 0x0000000080012040 mem 0x0000000080031f38
core   0: 0x000000008000ff3a (0xfb843783) ld      a5, -72(s0)
core   0: 3 0x000000008000ff3a (0xfb843783) x15 0x000000000000009c mem 0x0000000080031f28
core   0: 0x000000008000ff3e (0x000097ba) c.add   a5, a4
core   0: 3 0x000000008000ff3e (0x97ba) x15 0x00000000800120dc
core   0: 0x000000008000ff40 (0xfe043703) ld      a4, -32(s0)
core   0: 3 0x000000008000ff40 (0xfe043703) x14 0x00000000800120c0 mem 0x0000000080031f50
core   0: 0x000000008000ff44 (0xfcf76de3) bltu    a4, a5, pc - 38
core   0: 3 0x000000008000ff44 (0xfcf76de3)
core   0: 0x000000008000ff1e (0xfe043783) ld      a5, -32(s0)
core   0: 3 0x000000008000ff1e (0xfe043783) x15 0x00000000800120c0 mem 0x0000000080031f50
core   0: 0x000000008000ff22 (0x00178713) addi    a4, a5, 1
core   0: 3 0x000000008000ff22 (0x00178713) x14 0x00000000800120c1
core   0: 0x000000008000ff26 (0xfee43023) sd      a4, -32(s0)
core   0: 3 0x000000008000ff26 (0xfee43023) mem 0x0000000080031f50 0x00000000800120c1
core   0: 0x000000008000ff2a (0xfc442703) lw      a4, -60(s0)
core   0: 3 0x000000008000ff2a (0xfc442703) x14 0x0000000000000000 mem 0x0000000080031f34
core   0: 0x000000008000ff2e (0x0ff77713) andi    a4, a4, 255
core   0: 3 0x000000008000ff2e (0x0ff77713) x14 0x0000000000000000
core   0: 0x000000008000ff32 (0x00e78023) sb      a4, 0(a5)
core   0: 3 0x000000008000ff32 (0x00e78023) mem 0x00000000800120c0 0x00
core   0: 0x000000008000ff36 (0xfc843703) ld      a4, -56(s0)
core   0: 3 0x000000008000ff36 (0xfc843703) x14 0x0000000080012040 mem 0x0000000080031f38
core   0: 0x000000008000ff3a (0xfb843783) ld      a5, -72(s0)
core   0: 3 0x000000008000ff3a (0xfb843783) x15 0x000000000000009c mem 0x0000000080031f28
core   0: 0x000000008000ff3e (0x000097ba) c.add   a5, a4
core   0: 3 0x000000008000ff3e (0x97ba) x15 0x00000000800120dc
core   0: 0x000000008000ff40 (0xfe043703) ld      a4, -32(s0)
core   0: 3 0x000000008000ff40 (0xfe043703) x14 0x00000000800120c1 mem 0x0000000080031f50
core   0: 0x000000008000ff44 (0xfcf76de3) bltu    a4, a5, pc - 38
core   0: 3 0x000000008000ff44 (0xfcf76de3)
core   0: 0x000000008000ff1e (0xfe043783) ld      a5, -32(s0)
core   0: 3 0x000000008000ff1e (0xfe043783) x15 0x00000000800120c1 mem 0x0000000080031f50
core   0: 0x000000008000ff22 (0x00178713) addi    a4, a5, 1
core   0: 3 0x000000008000ff22 (0x00178713) x14 0x00000000800120c2
core   0: 0x000000008000ff26 (0xfee43023) sd      a4, -32(s0)
core   0: 3 0x000000008000ff26 (0xfee43023) mem 0x0000000080031f50 0x00000000800120c2
core   0: 0x000000008000ff2a (0xfc442703) lw      a4, -60(s0)
core   0: 3 0x000000008000ff2a (0xfc442703) x14 0x0000000000000000 mem 0x0000000080031f34
core   0: 0x000000008000ff2e (0x0ff77713) andi    a4, a4, 255
core   0: 3 0x000000008000ff2e (0x0ff77713) x14 0x0000000000000000
core   0: 0x000000008000ff32 (0x00e78023) sb      a4, 0(a5)
core   0: 3 0x000000008000ff32 (0x00e78023) mem 0x00000000800120c1 0x00
core   0: 0x000000008000ff36 (0xfc843703) ld      a4, -56(s0)
core   0: 3 0x000000008000ff36 (0xfc843703) x14 0x0000000080012040 mem 0x0000000080031f38
core   0: 0x000000008000ff3a (0xfb843783) ld      a5, -72(s0)
core   0: 3 0x000000008000ff3a (0xfb843783) x15 0x000000000000009c mem 0x0000000080031f28
core   0: 0x000000008000ff3e (0x000097ba) c.add   a5, a4
core   0: 3 0x000000008000ff3e (0x97ba) x15 0x00000000800120dc
core   0: 0x000000008000ff40 (0xfe043703) ld      a4, -32(s0)
core   0: 3 0x000000008000ff40 (0xfe043703) x14 0x00000000800120c2 mem 0x0000000080031f50
core   0: 0x000000008000ff44 (0xfcf76de3) bltu    a4, a5, pc - 38
core   0: 3 0x000000008000ff44 (0xfcf76de3)
core   0: 0x000000008000ff1e (0xfe043783) ld      a5, -32(s0)
core   0: 3 0x000000008000ff1e (0xfe043783) x15 0x00000000800120c2 mem 0x0000000080031f50
core   0: 0x000000008000ff22 (0x00178713) addi    a4, a5, 1
core   0: 3 0x000000008000ff22 (0x00178713) x14 0x00000000800120c3
core   0: 0x000000008000ff26 (0xfee43023) sd      a4, -32(s0)
core   0: 3 0x000000008000ff26 (0xfee43023) mem 0x0000000080031f50 0x00000000800120c3
core   0: 0x000000008000ff2a (0xfc442703) lw      a4, -60(s0)
core   0: 3 0x000000008000ff2a (0xfc442703) x14 0x0000000000000000 mem 0x0000000080031f34
core   0: 0x000000008000ff2e (0x0ff77713) andi    a4, a4, 255
core   0: 3 0x000000008000ff2e (0x0ff77713) x14 0x0000000000000000
core   0: 0x000000008000ff32 (0x00e78023) sb      a4, 0(a5)
core   0: 3 0x000000008000ff32 (0x00e78023) mem 0x00000000800120c2 0x00
core   0: 0x000000008000ff36 (0xfc843703) ld      a4, -56(s0)
core   0: 3 0x000000008000ff36 (0xfc843703) x14 0x0000000080012040 mem 0x0000000080031f38
core   0: 0x000000008000ff3a (0xfb843783) ld      a5, -72(s0)
core   0: 3 0x000000008000ff3a (0xfb843783) x15 0x000000000000009c mem 0x0000000080031f28
core   0: 0x000000008000ff3e (0x000097ba) c.add   a5, a4
core   0: 3 0x000000008000ff3e (0x97ba) x15 0x00000000800120dc
core   0: 0x000000008000ff40 (0xfe043703) ld      a4, -32(s0)
core   0: 3 0x000000008000ff40 (0xfe043703) x14 0x00000000800120c3 mem 0x0000000080031f50
core   0: 0x000000008000ff44 (0xfcf76de3) bltu    a4, a5, pc - 38
core   0: 3 0x000000008000ff44 (0xfcf76de3)
core   0: 0x000000008000ff1e (0xfe043783) ld      a5, -32(s0)
core   0: 3 0x000000008000ff1e (0xfe043783) x15 0x00000000800120c3 mem 0x0000000080031f50
core   0: 0x000000008000ff22 (0x00178713) addi    a4, a5, 1
core   0: 3 0x000000008000ff22 (0x00178713) x14 0x00000000800120c4
core   0: 0x000000008000ff26 (0xfee43023) sd      a4, -32(s0)
core   0: 3 0x000000008000ff26 (0xfee43023) mem 0x0000000080031f50 0x00000000800120c4
core   0: 0x000000008000ff2a (0xfc442703) lw      a4, -60(s0)
core   0: 3 0x000000008000ff2a (0xfc442703) x14 0x0000000000000000 mem 0x0000000080031f34
core   0: 0x000000008000ff2e (0x0ff77713) andi    a4, a4, 255
core   0: 3 0x000000008000ff2e (0x0ff77713) x14 0x0000000000000000
core   0: 0x000000008000ff32 (0x00e78023) sb      a4, 0(a5)
core   0: 3 0x000000008000ff32 (0x00e78023) mem 0x00000000800120c3 0x00
core   0: 0x000000008000ff36 (0xfc843703) ld      a4, -56(s0)
core   0: 3 0x000000008000ff36 (0xfc843703) x14 0x0000000080012040 mem 0x0000000080031f38
core   0: 0x000000008000ff3a (0xfb843783) ld      a5, -72(s0)
core   0: 3 0x000000008000ff3a (0xfb843783) x15 0x000000000000009c mem 0x0000000080031f28
core   0: 0x000000008000ff3e (0x000097ba) c.add   a5, a4
core   0: 3 0x000000008000ff3e (0x97ba) x15 0x00000000800120dc
core   0: 0x000000008000ff40 (0xfe043703) ld      a4, -32(s0)
core   0: 3 0x000000008000ff40 (0xfe043703) x14 0x00000000800120c4 mem 0x0000000080031f50
core   0: 0x000000008000ff44 (0xfcf76de3) bltu    a4, a5, pc - 38
core   0: 3 0x000000008000ff44 (0xfcf76de3)
core   0: 0x000000008000ff1e (0xfe043783) ld      a5, -32(s0)
core   0: 3 0x000000008000ff1e (0xfe043783) x15 0x00000000800120c4 mem 0x0000000080031f50
core   0: 0x000000008000ff22 (0x00178713) addi    a4, a5, 1
core   0: 3 0x000000008000ff22 (0x00178713) x14 0x00000000800120c5
core   0: 0x000000008000ff26 (0xfee43023) sd      a4, -32(s0)
core   0: 3 0x000000008000ff26 (0xfee43023) mem 0x0000000080031f50 0x00000000800120c5
core   0: 0x000000008000ff2a (0xfc442703) lw      a4, -60(s0)
core   0: 3 0x000000008000ff2a (0xfc442703) x14 0x0000000000000000 mem 0x0000000080031f34
core   0: 0x000000008000ff2e (0x0ff77713) andi    a4, a4, 255
core   0: 3 0x000000008000ff2e (0x0ff77713) x14 0x0000000000000000
core   0: 0x000000008000ff32 (0x00e78023) sb      a4, 0(a5)
core   0: 3 0x000000008000ff32 (0x00e78023) mem 0x00000000800120c4 0x00
core   0: 0x000000008000ff36 (0xfc843703) ld      a4, -56(s0)
core   0: 3 0x000000008000ff36 (0xfc843703) x14 0x0000000080012040 mem 0x0000000080031f38
core   0: 0x000000008000ff3a (0xfb843783) ld      a5, -72(s0)
core   0: 3 0x000000008000ff3a (0xfb843783) x15 0x000000000000009c mem 0x0000000080031f28
core   0: 0x000000008000ff3e (0x000097ba) c.add   a5, a4
core   0: 3 0x000000008000ff3e (0x97ba) x15 0x00000000800120dc
core   0: 0x000000008000ff40 (0xfe043703) ld      a4, -32(s0)
core   0: 3 0x000000008000ff40 (0xfe043703) x14 0x00000000800120c5 mem 0x0000000080031f50
core   0: 0x000000008000ff44 (0xfcf76de3) bltu    a4, a5, pc - 38
core   0: 3 0x000000008000ff44 (0xfcf76de3)
core   0: 0x000000008000ff1e (0xfe043783) ld      a5, -32(s0)
core   0: 3 0x000000008000ff1e (0xfe043783) x15 0x00000000800120c5 mem 0x0000000080031f50
core   0: 0x000000008000ff22 (0x00178713) addi    a4, a5, 1
core   0: 3 0x000000008000ff22 (0x00178713) x14 0x00000000800120c6
core   0: 0x000000008000ff26 (0xfee43023) sd      a4, -32(s0)
core   0: 3 0x000000008000ff26 (0xfee43023) mem 0x0000000080031f50 0x00000000800120c6
core   0: 0x000000008000ff2a (0xfc442703) lw      a4, -60(s0)
core   0: 3 0x000000008000ff2a (0xfc442703) x14 0x0000000000000000 mem 0x0000000080031f34
core   0: 0x000000008000ff2e (0x0ff77713) andi    a4, a4, 255
core   0: 3 0x000000008000ff2e (0x0ff77713) x14 0x0000000000000000
core   0: 0x000000008000ff32 (0x00e78023) sb      a4, 0(a5)
core   0: 3 0x000000008000ff32 (0x00e78023) mem 0x00000000800120c5 0x00
core   0: 0x000000008000ff36 (0xfc843703) ld      a4, -56(s0)
core   0: 3 0x000000008000ff36 (0xfc843703) x14 0x0000000080012040 mem 0x0000000080031f38
core   0: 0x000000008000ff3a (0xfb843783) ld      a5, -72(s0)
core   0: 3 0x000000008000ff3a (0xfb843783) x15 0x000000000000009c mem 0x0000000080031f28
core   0: 0x000000008000ff3e (0x000097ba) c.add   a5, a4
core   0: 3 0x000000008000ff3e (0x97ba) x15 0x00000000800120dc
core   0: 0x000000008000ff40 (0xfe043703) ld      a4, -32(s0)
core   0: 3 0x000000008000ff40 (0xfe043703) x14 0x00000000800120c6 mem 0x0000000080031f50
core   0: 0x000000008000ff44 (0xfcf76de3) bltu    a4, a5, pc - 38
core   0: 3 0x000000008000ff44 (0xfcf76de3)
core   0: 0x000000008000ff1e (0xfe043783) ld      a5, -32(s0)
core   0: 3 0x000000008000ff1e (0xfe043783) x15 0x00000000800120c6 mem 0x0000000080031f50
core   0: 0x000000008000ff22 (0x00178713) addi    a4, a5, 1
core   0: 3 0x000000008000ff22 (0x00178713) x14 0x00000000800120c7
core   0: 0x000000008000ff26 (0xfee43023) sd      a4, -32(s0)
core   0: 3 0x000000008000ff26 (0xfee43023) mem 0x0000000080031f50 0x00000000800120c7
core   0: 0x000000008000ff2a (0xfc442703) lw      a4, -60(s0)
core   0: 3 0x000000008000ff2a (0xfc442703) x14 0x0000000000000000 mem 0x0000000080031f34
core   0: 0x000000008000ff2e (0x0ff77713) andi    a4, a4, 255
core   0: 3 0x000000008000ff2e (0x0ff77713) x14 0x0000000000000000
core   0: 0x000000008000ff32 (0x00e78023) sb      a4, 0(a5)
core   0: 3 0x000000008000ff32 (0x00e78023) mem 0x00000000800120c6 0x00
core   0: 0x000000008000ff36 (0xfc843703) ld      a4, -56(s0)
core   0: 3 0x000000008000ff36 (0xfc843703) x14 0x0000000080012040 mem 0x0000000080031f38
core   0: 0x000000008000ff3a (0xfb843783) ld      a5, -72(s0)
core   0: 3 0x000000008000ff3a (0xfb843783) x15 0x000000000000009c mem 0x0000000080031f28
core   0: 0x000000008000ff3e (0x000097ba) c.add   a5, a4
core   0: 3 0x000000008000ff3e (0x97ba) x15 0x00000000800120dc
core   0: 0x000000008000ff40 (0xfe043703) ld      a4, -32(s0)
core   0: 3 0x000000008000ff40 (0xfe043703) x14 0x00000000800120c7 mem 0x0000000080031f50
core   0: 0x000000008000ff44 (0xfcf76de3) bltu    a4, a5, pc - 38
core   0: 3 0x000000008000ff44 (0xfcf76de3)
core   0: 0x000000008000ff1e (0xfe043783) ld      a5, -32(s0)
core   0: 3 0x000000008000ff1e (0xfe043783) x15 0x00000000800120c7 mem 0x0000000080031f50
core   0: 0x000000008000ff22 (0x00178713) addi    a4, a5, 1
core   0: 3 0x000000008000ff22 (0x00178713) x14 0x00000000800120c8
core   0: 0x000000008000ff26 (0xfee43023) sd      a4, -32(s0)
core   0: 3 0x000000008000ff26 (0xfee43023) mem 0x0000000080031f50 0x00000000800120c8
core   0: 0x000000008000ff2a (0xfc442703) lw      a4, -60(s0)
core   0: 3 0x000000008000ff2a (0xfc442703) x14 0x0000000000000000 mem 0x0000000080031f34
core   0: 0x000000008000ff2e (0x0ff77713) andi    a4, a4, 255
core   0: 3 0x000000008000ff2e (0x0ff77713) x14 0x0000000000000000
core   0: 0x000000008000ff32 (0x00e78023) sb      a4, 0(a5)
core   0: 3 0x000000008000ff32 (0x00e78023) mem 0x00000000800120c7 0x00
core   0: 0x000000008000ff36 (0xfc843703) ld      a4, -56(s0)
core   0: 3 0x000000008000ff36 (0xfc843703) x14 0x0000000080012040 mem 0x0000000080031f38
core   0: 0x000000008000ff3a (0xfb843783) ld      a5, -72(s0)
core   0: 3 0x000000008000ff3a (0xfb843783) x15 0x000000000000009c mem 0x0000000080031f28
core   0: 0x000000008000ff3e (0x000097ba) c.add   a5, a4
core   0: 3 0x000000008000ff3e (0x97ba) x15 0x00000000800120dc
core   0: 0x000000008000ff40 (0xfe043703) ld      a4, -32(s0)
core   0: 3 0x000000008000ff40 (0xfe043703) x14 0x00000000800120c8 mem 0x0000000080031f50
core   0: 0x000000008000ff44 (0xfcf76de3) bltu    a4, a5, pc - 38
core   0: 3 0x000000008000ff44 (0xfcf76de3)
core   0: 0x000000008000ff1e (0xfe043783) ld      a5, -32(s0)
core   0: 3 0x000000008000ff1e (0xfe043783) x15 0x00000000800120c8 mem 0x0000000080031f50
core   0: 0x000000008000ff22 (0x00178713) addi    a4, a5, 1
core   0: 3 0x000000008000ff22 (0x00178713) x14 0x00000000800120c9
core   0: 0x000000008000ff26 (0xfee43023) sd      a4, -32(s0)
core   0: 3 0x000000008000ff26 (0xfee43023) mem 0x0000000080031f50 0x00000000800120c9
core   0: 0x000000008000ff2a (0xfc442703) lw      a4, -60(s0)
core   0: 3 0x000000008000ff2a (0xfc442703) x14 0x0000000000000000 mem 0x0000000080031f34
core   0: 0x000000008000ff2e (0x0ff77713) andi    a4, a4, 255
core   0: 3 0x000000008000ff2e (0x0ff77713) x14 0x0000000000000000
core   0: 0x000000008000ff32 (0x00e78023) sb      a4, 0(a5)
core   0: 3 0x000000008000ff32 (0x00e78023) mem 0x00000000800120c8 0x00
core   0: 0x000000008000ff36 (0xfc843703) ld      a4, -56(s0)
core   0: 3 0x000000008000ff36 (0xfc843703) x14 0x0000000080012040 mem 0x0000000080031f38
core   0: 0x000000008000ff3a (0xfb843783) ld      a5, -72(s0)
core   0: 3 0x000000008000ff3a (0xfb843783) x15 0x000000000000009c mem 0x0000000080031f28
core   0: 0x000000008000ff3e (0x000097ba) c.add   a5, a4
core   0: 3 0x000000008000ff3e (0x97ba) x15 0x00000000800120dc
core   0: 0x000000008000ff40 (0xfe043703) ld      a4, -32(s0)
core   0: 3 0x000000008000ff40 (0xfe043703) x14 0x00000000800120c9 mem 0x0000000080031f50
core   0: 0x000000008000ff44 (0xfcf76de3) bltu    a4, a5, pc - 38
core   0: 3 0x000000008000ff44 (0xfcf76de3)
core   0: 0x000000008000ff1e (0xfe043783) ld      a5, -32(s0)
core   0: 3 0x000000008000ff1e (0xfe043783) x15 0x00000000800120c9 mem 0x0000000080031f50
core   0: 0x000000008000ff22 (0x00178713) addi    a4, a5, 1
core   0: 3 0x000000008000ff22 (0x00178713) x14 0x00000000800120ca
core   0: 0x000000008000ff26 (0xfee43023) sd      a4, -32(s0)
core   0: 3 0x000000008000ff26 (0xfee43023) mem 0x0000000080031f50 0x00000000800120ca
core   0: 0x000000008000ff2a (0xfc442703) lw      a4, -60(s0)
core   0: 3 0x000000008000ff2a (0xfc442703) x14 0x0000000000000000 mem 0x0000000080031f34
core   0: 0x000000008000ff2e (0x0ff77713) andi    a4, a4, 255
core   0: 3 0x000000008000ff2e (0x0ff77713) x14 0x0000000000000000
core   0: 0x000000008000ff32 (0x00e78023) sb      a4, 0(a5)
core   0: 3 0x000000008000ff32 (0x00e78023) mem 0x00000000800120c9 0x00
core   0: 0x000000008000ff36 (0xfc843703) ld      a4, -56(s0)
core   0: 3 0x000000008000ff36 (0xfc843703) x14 0x0000000080012040 mem 0x0000000080031f38
core   0: 0x000000008000ff3a (0xfb843783) ld      a5, -72(s0)
core   0: 3 0x000000008000ff3a (0xfb843783) x15 0x000000000000009c mem 0x0000000080031f28
core   0: 0x000000008000ff3e (0x000097ba) c.add   a5, a4
core   0: 3 0x000000008000ff3e (0x97ba) x15 0x00000000800120dc
core   0: 0x000000008000ff40 (0xfe043703) ld      a4, -32(s0)
core   0: 3 0x000000008000ff40 (0xfe043703) x14 0x00000000800120ca mem 0x0000000080031f50
core   0: 0x000000008000ff44 (0xfcf76de3) bltu    a4, a5, pc - 38
core   0: 3 0x000000008000ff44 (0xfcf76de3)
core   0: 0x000000008000ff1e (0xfe043783) ld      a5, -32(s0)
core   0: 3 0x000000008000ff1e (0xfe043783) x15 0x00000000800120ca mem 0x0000000080031f50
core   0: 0x000000008000ff22 (0x00178713) addi    a4, a5, 1
core   0: 3 0x000000008000ff22 (0x00178713) x14 0x00000000800120cb
core   0: 0x000000008000ff26 (0xfee43023) sd      a4, -32(s0)
core   0: 3 0x000000008000ff26 (0xfee43023) mem 0x0000000080031f50 0x00000000800120cb
core   0: 0x000000008000ff2a (0xfc442703) lw      a4, -60(s0)
core   0: 3 0x000000008000ff2a (0xfc442703) x14 0x0000000000000000 mem 0x0000000080031f34
core   0: 0x000000008000ff2e (0x0ff77713) andi    a4, a4, 255
core   0: 3 0x000000008000ff2e (0x0ff77713) x14 0x0000000000000000
core   0: 0x000000008000ff32 (0x00e78023) sb      a4, 0(a5)
core   0: 3 0x000000008000ff32 (0x00e78023) mem 0x00000000800120ca 0x00
core   0: 0x000000008000ff36 (0xfc843703) ld      a4, -56(s0)
core   0: 3 0x000000008000ff36 (0xfc843703) x14 0x0000000080012040 mem 0x0000000080031f38
core   0: 0x000000008000ff3a (0xfb843783) ld      a5, -72(s0)
core   0: 3 0x000000008000ff3a (0xfb843783) x15 0x000000000000009c mem 0x0000000080031f28
core   0: 0x000000008000ff3e (0x000097ba) c.add   a5, a4
core   0: 3 0x000000008000ff3e (0x97ba) x15 0x00000000800120dc
core   0: 0x000000008000ff40 (0xfe043703) ld      a4, -32(s0)
core   0: 3 0x000000008000ff40 (0xfe043703) x14 0x00000000800120cb mem 0x0000000080031f50
core   0: 0x000000008000ff44 (0xfcf76de3) bltu    a4, a5, pc - 38
core   0: 3 0x000000008000ff44 (0xfcf76de3)
core   0: 0x000000008000ff1e (0xfe043783) ld      a5, -32(s0)
core   0: 3 0x000000008000ff1e (0xfe043783) x15 0x00000000800120cb mem 0x0000000080031f50
core   0: 0x000000008000ff22 (0x00178713) addi    a4, a5, 1
core   0: 3 0x000000008000ff22 (0x00178713) x14 0x00000000800120cc
core   0: 0x000000008000ff26 (0xfee43023) sd      a4, -32(s0)
core   0: 3 0x000000008000ff26 (0xfee43023) mem 0x0000000080031f50 0x00000000800120cc
core   0: 0x000000008000ff2a (0xfc442703) lw      a4, -60(s0)
core   0: 3 0x000000008000ff2a (0xfc442703) x14 0x0000000000000000 mem 0x0000000080031f34
core   0: 0x000000008000ff2e (0x0ff77713) andi    a4, a4, 255
core   0: 3 0x000000008000ff2e (0x0ff77713) x14 0x0000000000000000
core   0: 0x000000008000ff32 (0x00e78023) sb      a4, 0(a5)
core   0: 3 0x000000008000ff32 (0x00e78023) mem 0x00000000800120cb 0x00
core   0: 0x000000008000ff36 (0xfc843703) ld      a4, -56(s0)
core   0: 3 0x000000008000ff36 (0xfc843703) x14 0x0000000080012040 mem 0x0000000080031f38
core   0: 0x000000008000ff3a (0xfb843783) ld      a5, -72(s0)
core   0: 3 0x000000008000ff3a (0xfb843783) x15 0x000000000000009c mem 0x0000000080031f28
core   0: 0x000000008000ff3e (0x000097ba) c.add   a5, a4
core   0: 3 0x000000008000ff3e (0x97ba) x15 0x00000000800120dc
core   0: 0x000000008000ff40 (0xfe043703) ld      a4, -32(s0)
core   0: 3 0x000000008000ff40 (0xfe043703) x14 0x00000000800120cc mem 0x0000000080031f50
core   0: 0x000000008000ff44 (0xfcf76de3) bltu    a4, a5, pc - 38
core   0: 3 0x000000008000ff44 (0xfcf76de3)
core   0: 0x000000008000ff1e (0xfe043783) ld      a5, -32(s0)
core   0: 3 0x000000008000ff1e (0xfe043783) x15 0x00000000800120cc mem 0x0000000080031f50
core   0: 0x000000008000ff22 (0x00178713) addi    a4, a5, 1
core   0: 3 0x000000008000ff22 (0x00178713) x14 0x00000000800120cd
core   0: 0x000000008000ff26 (0xfee43023) sd      a4, -32(s0)
core   0: 3 0x000000008000ff26 (0xfee43023) mem 0x0000000080031f50 0x00000000800120cd
core   0: 0x000000008000ff2a (0xfc442703) lw      a4, -60(s0)
core   0: 3 0x000000008000ff2a (0xfc442703) x14 0x0000000000000000 mem 0x0000000080031f34
core   0: 0x000000008000ff2e (0x0ff77713) andi    a4, a4, 255
core   0: 3 0x000000008000ff2e (0x0ff77713) x14 0x0000000000000000
core   0: 0x000000008000ff32 (0x00e78023) sb      a4, 0(a5)
core   0: 3 0x000000008000ff32 (0x00e78023) mem 0x00000000800120cc 0x00
core   0: 0x000000008000ff36 (0xfc843703) ld      a4, -56(s0)
core   0: 3 0x000000008000ff36 (0xfc843703) x14 0x0000000080012040 mem 0x0000000080031f38
core   0: 0x000000008000ff3a (0xfb843783) ld      a5, -72(s0)
core   0: 3 0x000000008000ff3a (0xfb843783) x15 0x000000000000009c mem 0x0000000080031f28
core   0: 0x000000008000ff3e (0x000097ba) c.add   a5, a4
core   0: 3 0x000000008000ff3e (0x97ba) x15 0x00000000800120dc
core   0: 0x000000008000ff40 (0xfe043703) ld      a4, -32(s0)
core   0: 3 0x000000008000ff40 (0xfe043703) x14 0x00000000800120cd mem 0x0000000080031f50
core   0: 0x000000008000ff44 (0xfcf76de3) bltu    a4, a5, pc - 38
core   0: 3 0x000000008000ff44 (0xfcf76de3)
core   0: 0x000000008000ff1e (0xfe043783) ld      a5, -32(s0)
core   0: 3 0x000000008000ff1e (0xfe043783) x15 0x00000000800120cd mem 0x0000000080031f50
core   0: 0x000000008000ff22 (0x00178713) addi    a4, a5, 1
core   0: 3 0x000000008000ff22 (0x00178713) x14 0x00000000800120ce
core   0: 0x000000008000ff26 (0xfee43023) sd      a4, -32(s0)
core   0: 3 0x000000008000ff26 (0xfee43023) mem 0x0000000080031f50 0x00000000800120ce
core   0: 0x000000008000ff2a (0xfc442703) lw      a4, -60(s0)
core   0: 3 0x000000008000ff2a (0xfc442703) x14 0x0000000000000000 mem 0x0000000080031f34
core   0: 0x000000008000ff2e (0x0ff77713) andi    a4, a4, 255
core   0: 3 0x000000008000ff2e (0x0ff77713) x14 0x0000000000000000
core   0: 0x000000008000ff32 (0x00e78023) sb      a4, 0(a5)
core   0: 3 0x000000008000ff32 (0x00e78023) mem 0x00000000800120cd 0x00
core   0: 0x000000008000ff36 (0xfc843703) ld      a4, -56(s0)
core   0: 3 0x000000008000ff36 (0xfc843703) x14 0x0000000080012040 mem 0x0000000080031f38
core   0: 0x000000008000ff3a (0xfb843783) ld      a5, -72(s0)
core   0: 3 0x000000008000ff3a (0xfb843783) x15 0x000000000000009c mem 0x0000000080031f28
core   0: 0x000000008000ff3e (0x000097ba) c.add   a5, a4
core   0: 3 0x000000008000ff3e (0x97ba) x15 0x00000000800120dc
core   0: 0x000000008000ff40 (0xfe043703) ld      a4, -32(s0)
core   0: 3 0x000000008000ff40 (0xfe043703) x14 0x00000000800120ce mem 0x0000000080031f50
core   0: 0x000000008000ff44 (0xfcf76de3) bltu    a4, a5, pc - 38
core   0: 3 0x000000008000ff44 (0xfcf76de3)
core   0: 0x000000008000ff1e (0xfe043783) ld      a5, -32(s0)
core   0: 3 0x000000008000ff1e (0xfe043783) x15 0x00000000800120ce mem 0x0000000080031f50
core   0: 0x000000008000ff22 (0x00178713) addi    a4, a5, 1
core   0: 3 0x000000008000ff22 (0x00178713) x14 0x00000000800120cf
core   0: 0x000000008000ff26 (0xfee43023) sd      a4, -32(s0)
core   0: 3 0x000000008000ff26 (0xfee43023) mem 0x0000000080031f50 0x00000000800120cf
core   0: 0x000000008000ff2a (0xfc442703) lw      a4, -60(s0)
core   0: 3 0x000000008000ff2a (0xfc442703) x14 0x0000000000000000 mem 0x0000000080031f34
core   0: 0x000000008000ff2e (0x0ff77713) andi    a4, a4, 255
core   0: 3 0x000000008000ff2e (0x0ff77713) x14 0x0000000000000000
core   0: 0x000000008000ff32 (0x00e78023) sb      a4, 0(a5)
core   0: 3 0x000000008000ff32 (0x00e78023) mem 0x00000000800120ce 0x00
core   0: 0x000000008000ff36 (0xfc843703) ld      a4, -56(s0)
core   0: 3 0x000000008000ff36 (0xfc843703) x14 0x0000000080012040 mem 0x0000000080031f38
core   0: 0x000000008000ff3a (0xfb843783) ld      a5, -72(s0)
core   0: 3 0x000000008000ff3a (0xfb843783) x15 0x000000000000009c mem 0x0000000080031f28
core   0: 0x000000008000ff3e (0x000097ba) c.add   a5, a4
core   0: 3 0x000000008000ff3e (0x97ba) x15 0x00000000800120dc
core   0: 0x000000008000ff40 (0xfe043703) ld      a4, -32(s0)
core   0: 3 0x000000008000ff40 (0xfe043703) x14 0x00000000800120cf mem 0x0000000080031f50
core   0: 0x000000008000ff44 (0xfcf76de3) bltu    a4, a5, pc - 38
core   0: 3 0x000000008000ff44 (0xfcf76de3)
core   0: 0x000000008000ff1e (0xfe043783) ld      a5, -32(s0)
core   0: 3 0x000000008000ff1e (0xfe043783) x15 0x00000000800120cf mem 0x0000000080031f50
core   0: 0x000000008000ff22 (0x00178713) addi    a4, a5, 1
core   0: 3 0x000000008000ff22 (0x00178713) x14 0x00000000800120d0
core   0: 0x000000008000ff26 (0xfee43023) sd      a4, -32(s0)
core   0: 3 0x000000008000ff26 (0xfee43023) mem 0x0000000080031f50 0x00000000800120d0
core   0: 0x000000008000ff2a (0xfc442703) lw      a4, -60(s0)
core   0: 3 0x000000008000ff2a (0xfc442703) x14 0x0000000000000000 mem 0x0000000080031f34
core   0: 0x000000008000ff2e (0x0ff77713) andi    a4, a4, 255
core   0: 3 0x000000008000ff2e (0x0ff77713) x14 0x0000000000000000
core   0: 0x000000008000ff32 (0x00e78023) sb      a4, 0(a5)
core   0: 3 0x000000008000ff32 (0x00e78023) mem 0x00000000800120cf 0x00
core   0: 0x000000008000ff36 (0xfc843703) ld      a4, -56(s0)
core   0: 3 0x000000008000ff36 (0xfc843703) x14 0x0000000080012040 mem 0x0000000080031f38
core   0: 0x000000008000ff3a (0xfb843783) ld      a5, -72(s0)
core   0: 3 0x000000008000ff3a (0xfb843783) x15 0x000000000000009c mem 0x0000000080031f28
core   0: 0x000000008000ff3e (0x000097ba) c.add   a5, a4
core   0: 3 0x000000008000ff3e (0x97ba) x15 0x00000000800120dc
core   0: 0x000000008000ff40 (0xfe043703) ld      a4, -32(s0)
core   0: 3 0x000000008000ff40 (0xfe043703) x14 0x00000000800120d0 mem 0x0000000080031f50
core   0: 0x000000008000ff44 (0xfcf76de3) bltu    a4, a5, pc - 38
core   0: 3 0x000000008000ff44 (0xfcf76de3)
core   0: 0x000000008000ff1e (0xfe043783) ld      a5, -32(s0)
core   0: 3 0x000000008000ff1e (0xfe043783) x15 0x00000000800120d0 mem 0x0000000080031f50
core   0: 0x000000008000ff22 (0x00178713) addi    a4, a5, 1
core   0: 3 0x000000008000ff22 (0x00178713) x14 0x00000000800120d1
core   0: 0x000000008000ff26 (0xfee43023) sd      a4, -32(s0)
core   0: 3 0x000000008000ff26 (0xfee43023) mem 0x0000000080031f50 0x00000000800120d1
core   0: 0x000000008000ff2a (0xfc442703) lw      a4, -60(s0)
core   0: 3 0x000000008000ff2a (0xfc442703) x14 0x0000000000000000 mem 0x0000000080031f34
core   0: 0x000000008000ff2e (0x0ff77713) andi    a4, a4, 255
core   0: 3 0x000000008000ff2e (0x0ff77713) x14 0x0000000000000000
core   0: 0x000000008000ff32 (0x00e78023) sb      a4, 0(a5)
core   0: 3 0x000000008000ff32 (0x00e78023) mem 0x00000000800120d0 0x00
core   0: 0x000000008000ff36 (0xfc843703) ld      a4, -56(s0)
core   0: 3 0x000000008000ff36 (0xfc843703) x14 0x0000000080012040 mem 0x0000000080031f38
core   0: 0x000000008000ff3a (0xfb843783) ld      a5, -72(s0)
core   0: 3 0x000000008000ff3a (0xfb843783) x15 0x000000000000009c mem 0x0000000080031f28
core   0: 0x000000008000ff3e (0x000097ba) c.add   a5, a4
core   0: 3 0x000000008000ff3e (0x97ba) x15 0x00000000800120dc
core   0: 0x000000008000ff40 (0xfe043703) ld      a4, -32(s0)
core   0: 3 0x000000008000ff40 (0xfe043703) x14 0x00000000800120d1 mem 0x0000000080031f50
core   0: 0x000000008000ff44 (0xfcf76de3) bltu    a4, a5, pc - 38
core   0: 3 0x000000008000ff44 (0xfcf76de3)
core   0: 0x000000008000ff1e (0xfe043783) ld      a5, -32(s0)
core   0: 3 0x000000008000ff1e (0xfe043783) x15 0x00000000800120d1 mem 0x0000000080031f50
core   0: 0x000000008000ff22 (0x00178713) addi    a4, a5, 1
core   0: 3 0x000000008000ff22 (0x00178713) x14 0x00000000800120d2
core   0: 0x000000008000ff26 (0xfee43023) sd      a4, -32(s0)
core   0: 3 0x000000008000ff26 (0xfee43023) mem 0x0000000080031f50 0x00000000800120d2
core   0: 0x000000008000ff2a (0xfc442703) lw      a4, -60(s0)
core   0: 3 0x000000008000ff2a (0xfc442703) x14 0x0000000000000000 mem 0x0000000080031f34
core   0: 0x000000008000ff2e (0x0ff77713) andi    a4, a4, 255
core   0: 3 0x000000008000ff2e (0x0ff77713) x14 0x0000000000000000
core   0: 0x000000008000ff32 (0x00e78023) sb      a4, 0(a5)
core   0: 3 0x000000008000ff32 (0x00e78023) mem 0x00000000800120d1 0x00
core   0: 0x000000008000ff36 (0xfc843703) ld      a4, -56(s0)
core   0: 3 0x000000008000ff36 (0xfc843703) x14 0x0000000080012040 mem 0x0000000080031f38
core   0: 0x000000008000ff3a (0xfb843783) ld      a5, -72(s0)
core   0: 3 0x000000008000ff3a (0xfb843783) x15 0x000000000000009c mem 0x0000000080031f28
core   0: 0x000000008000ff3e (0x000097ba) c.add   a5, a4
core   0: 3 0x000000008000ff3e (0x97ba) x15 0x00000000800120dc
core   0: 0x000000008000ff40 (0xfe043703) ld      a4, -32(s0)
core   0: 3 0x000000008000ff40 (0xfe043703) x14 0x00000000800120d2 mem 0x0000000080031f50
core   0: 0x000000008000ff44 (0xfcf76de3) bltu    a4, a5, pc - 38
core   0: 3 0x000000008000ff44 (0xfcf76de3)
core   0: 0x000000008000ff1e (0xfe043783) ld      a5, -32(s0)
core   0: 3 0x000000008000ff1e (0xfe043783) x15 0x00000000800120d2 mem 0x0000000080031f50
core   0: 0x000000008000ff22 (0x00178713) addi    a4, a5, 1
core   0: 3 0x000000008000ff22 (0x00178713) x14 0x00000000800120d3
core   0: 0x000000008000ff26 (0xfee43023) sd      a4, -32(s0)
core   0: 3 0x000000008000ff26 (0xfee43023) mem 0x0000000080031f50 0x00000000800120d3
core   0: 0x000000008000ff2a (0xfc442703) lw      a4, -60(s0)
core   0: 3 0x000000008000ff2a (0xfc442703) x14 0x0000000000000000 mem 0x0000000080031f34
core   0: 0x000000008000ff2e (0x0ff77713) andi    a4, a4, 255
core   0: 3 0x000000008000ff2e (0x0ff77713) x14 0x0000000000000000
core   0: 0x000000008000ff32 (0x00e78023) sb      a4, 0(a5)
core   0: 3 0x000000008000ff32 (0x00e78023) mem 0x00000000800120d2 0x00
core   0: 0x000000008000ff36 (0xfc843703) ld      a4, -56(s0)
core   0: 3 0x000000008000ff36 (0xfc843703) x14 0x0000000080012040 mem 0x0000000080031f38
core   0: 0x000000008000ff3a (0xfb843783) ld      a5, -72(s0)
core   0: 3 0x000000008000ff3a (0xfb843783) x15 0x000000000000009c mem 0x0000000080031f28
core   0: 0x000000008000ff3e (0x000097ba) c.add   a5, a4
core   0: 3 0x000000008000ff3e (0x97ba) x15 0x00000000800120dc
core   0: 0x000000008000ff40 (0xfe043703) ld      a4, -32(s0)
core   0: 3 0x000000008000ff40 (0xfe043703) x14 0x00000000800120d3 mem 0x0000000080031f50
core   0: 0x000000008000ff44 (0xfcf76de3) bltu    a4, a5, pc - 38
core   0: 3 0x000000008000ff44 (0xfcf76de3)
core   0: 0x000000008000ff1e (0xfe043783) ld      a5, -32(s0)
core   0: 3 0x000000008000ff1e (0xfe043783) x15 0x00000000800120d3 mem 0x0000000080031f50
core   0: 0x000000008000ff22 (0x00178713) addi    a4, a5, 1
core   0: 3 0x000000008000ff22 (0x00178713) x14 0x00000000800120d4
core   0: 0x000000008000ff26 (0xfee43023) sd      a4, -32(s0)
core   0: 3 0x000000008000ff26 (0xfee43023) mem 0x0000000080031f50 0x00000000800120d4
core   0: 0x000000008000ff2a (0xfc442703) lw      a4, -60(s0)
core   0: 3 0x000000008000ff2a (0xfc442703) x14 0x0000000000000000 mem 0x0000000080031f34
core   0: 0x000000008000ff2e (0x0ff77713) andi    a4, a4, 255
core   0: 3 0x000000008000ff2e (0x0ff77713) x14 0x0000000000000000
core   0: 0x000000008000ff32 (0x00e78023) sb      a4, 0(a5)
core   0: 3 0x000000008000ff32 (0x00e78023) mem 0x00000000800120d3 0x00
core   0: 0x000000008000ff36 (0xfc843703) ld      a4, -56(s0)
core   0: 3 0x000000008000ff36 (0xfc843703) x14 0x0000000080012040 mem 0x0000000080031f38
core   0: 0x000000008000ff3a (0xfb843783) ld      a5, -72(s0)
core   0: 3 0x000000008000ff3a (0xfb843783) x15 0x000000000000009c mem 0x0000000080031f28
core   0: 0x000000008000ff3e (0x000097ba) c.add   a5, a4
core   0: 3 0x000000008000ff3e (0x97ba) x15 0x00000000800120dc
core   0: 0x000000008000ff40 (0xfe043703) ld      a4, -32(s0)
core   0: 3 0x000000008000ff40 (0xfe043703) x14 0x00000000800120d4 mem 0x0000000080031f50
core   0: 0x000000008000ff44 (0xfcf76de3) bltu    a4, a5, pc - 38
core   0: 3 0x000000008000ff44 (0xfcf76de3)
core   0: 0x000000008000ff1e (0xfe043783) ld      a5, -32(s0)
core   0: 3 0x000000008000ff1e (0xfe043783) x15 0x00000000800120d4 mem 0x0000000080031f50
core   0: 0x000000008000ff22 (0x00178713) addi    a4, a5, 1
core   0: 3 0x000000008000ff22 (0x00178713) x14 0x00000000800120d5
core   0: 0x000000008000ff26 (0xfee43023) sd      a4, -32(s0)
core   0: 3 0x000000008000ff26 (0xfee43023) mem 0x0000000080031f50 0x00000000800120d5
core   0: 0x000000008000ff2a (0xfc442703) lw      a4, -60(s0)
core   0: 3 0x000000008000ff2a (0xfc442703) x14 0x0000000000000000 mem 0x0000000080031f34
core   0: 0x000000008000ff2e (0x0ff77713) andi    a4, a4, 255
core   0: 3 0x000000008000ff2e (0x0ff77713) x14 0x0000000000000000
core   0: 0x000000008000ff32 (0x00e78023) sb      a4, 0(a5)
core   0: 3 0x000000008000ff32 (0x00e78023) mem 0x00000000800120d4 0x00
core   0: 0x000000008000ff36 (0xfc843703) ld      a4, -56(s0)
core   0: 3 0x000000008000ff36 (0xfc843703) x14 0x0000000080012040 mem 0x0000000080031f38
core   0: 0x000000008000ff3a (0xfb843783) ld      a5, -72(s0)
core   0: 3 0x000000008000ff3a (0xfb843783) x15 0x000000000000009c mem 0x0000000080031f28
core   0: 0x000000008000ff3e (0x000097ba) c.add   a5, a4
core   0: 3 0x000000008000ff3e (0x97ba) x15 0x00000000800120dc
core   0: 0x000000008000ff40 (0xfe043703) ld      a4, -32(s0)
core   0: 3 0x000000008000ff40 (0xfe043703) x14 0x00000000800120d5 mem 0x0000000080031f50
core   0: 0x000000008000ff44 (0xfcf76de3) bltu    a4, a5, pc - 38
core   0: 3 0x000000008000ff44 (0xfcf76de3)
core   0: 0x000000008000ff1e (0xfe043783) ld      a5, -32(s0)
core   0: 3 0x000000008000ff1e (0xfe043783) x15 0x00000000800120d5 mem 0x0000000080031f50
core   0: 0x000000008000ff22 (0x00178713) addi    a4, a5, 1
core   0: 3 0x000000008000ff22 (0x00178713) x14 0x00000000800120d6
core   0: 0x000000008000ff26 (0xfee43023) sd      a4, -32(s0)
core   0: 3 0x000000008000ff26 (0xfee43023) mem 0x0000000080031f50 0x00000000800120d6
core   0: 0x000000008000ff2a (0xfc442703) lw      a4, -60(s0)
core   0: 3 0x000000008000ff2a (0xfc442703) x14 0x0000000000000000 mem 0x0000000080031f34
core   0: 0x000000008000ff2e (0x0ff77713) andi    a4, a4, 255
core   0: 3 0x000000008000ff2e (0x0ff77713) x14 0x0000000000000000
core   0: 0x000000008000ff32 (0x00e78023) sb      a4, 0(a5)
core   0: 3 0x000000008000ff32 (0x00e78023) mem 0x00000000800120d5 0x00
core   0: 0x000000008000ff36 (0xfc843703) ld      a4, -56(s0)
core   0: 3 0x000000008000ff36 (0xfc843703) x14 0x0000000080012040 mem 0x0000000080031f38
core   0: 0x000000008000ff3a (0xfb843783) ld      a5, -72(s0)
core   0: 3 0x000000008000ff3a (0xfb843783) x15 0x000000000000009c mem 0x0000000080031f28
core   0: 0x000000008000ff3e (0x000097ba) c.add   a5, a4
core   0: 3 0x000000008000ff3e (0x97ba) x15 0x00000000800120dc
core   0: 0x000000008000ff40 (0xfe043703) ld      a4, -32(s0)
core   0: 3 0x000000008000ff40 (0xfe043703) x14 0x00000000800120d6 mem 0x0000000080031f50
core   0: 0x000000008000ff44 (0xfcf76de3) bltu    a4, a5, pc - 38
core   0: 3 0x000000008000ff44 (0xfcf76de3)
core   0: 0x000000008000ff1e (0xfe043783) ld      a5, -32(s0)
core   0: 3 0x000000008000ff1e (0xfe043783) x15 0x00000000800120d6 mem 0x0000000080031f50
core   0: 0x000000008000ff22 (0x00178713) addi    a4, a5, 1
core   0: 3 0x000000008000ff22 (0x00178713) x14 0x00000000800120d7
core   0: 0x000000008000ff26 (0xfee43023) sd      a4, -32(s0)
core   0: 3 0x000000008000ff26 (0xfee43023) mem 0x0000000080031f50 0x00000000800120d7
core   0: 0x000000008000ff2a (0xfc442703) lw      a4, -60(s0)
core   0: 3 0x000000008000ff2a (0xfc442703) x14 0x0000000000000000 mem 0x0000000080031f34
core   0: 0x000000008000ff2e (0x0ff77713) andi    a4, a4, 255
core   0: 3 0x000000008000ff2e (0x0ff77713) x14 0x0000000000000000
core   0: 0x000000008000ff32 (0x00e78023) sb      a4, 0(a5)
core   0: 3 0x000000008000ff32 (0x00e78023) mem 0x00000000800120d6 0x00
core   0: 0x000000008000ff36 (0xfc843703) ld      a4, -56(s0)
core   0: 3 0x000000008000ff36 (0xfc843703) x14 0x0000000080012040 mem 0x0000000080031f38
core   0: 0x000000008000ff3a (0xfb843783) ld      a5, -72(s0)
core   0: 3 0x000000008000ff3a (0xfb843783) x15 0x000000000000009c mem 0x0000000080031f28
core   0: 0x000000008000ff3e (0x000097ba) c.add   a5, a4
core   0: 3 0x000000008000ff3e (0x97ba) x15 0x00000000800120dc
core   0: 0x000000008000ff40 (0xfe043703) ld      a4, -32(s0)
core   0: 3 0x000000008000ff40 (0xfe043703) x14 0x00000000800120d7 mem 0x0000000080031f50
core   0: 0x000000008000ff44 (0xfcf76de3) bltu    a4, a5, pc - 38
core   0: 3 0x000000008000ff44 (0xfcf76de3)
core   0: 0x000000008000ff1e (0xfe043783) ld      a5, -32(s0)
core   0: 3 0x000000008000ff1e (0xfe043783) x15 0x00000000800120d7 mem 0x0000000080031f50
core   0: 0x000000008000ff22 (0x00178713) addi    a4, a5, 1
core   0: 3 0x000000008000ff22 (0x00178713) x14 0x00000000800120d8
core   0: 0x000000008000ff26 (0xfee43023) sd      a4, -32(s0)
core   0: 3 0x000000008000ff26 (0xfee43023) mem 0x0000000080031f50 0x00000000800120d8
core   0: 0x000000008000ff2a (0xfc442703) lw      a4, -60(s0)
core   0: 3 0x000000008000ff2a (0xfc442703) x14 0x0000000000000000 mem 0x0000000080031f34
core   0: 0x000000008000ff2e (0x0ff77713) andi    a4, a4, 255
core   0: 3 0x000000008000ff2e (0x0ff77713) x14 0x0000000000000000
core   0: 0x000000008000ff32 (0x00e78023) sb      a4, 0(a5)
core   0: 3 0x000000008000ff32 (0x00e78023) mem 0x00000000800120d7 0x00
core   0: 0x000000008000ff36 (0xfc843703) ld      a4, -56(s0)
core   0: 3 0x000000008000ff36 (0xfc843703) x14 0x0000000080012040 mem 0x0000000080031f38
core   0: 0x000000008000ff3a (0xfb843783) ld      a5, -72(s0)
core   0: 3 0x000000008000ff3a (0xfb843783) x15 0x000000000000009c mem 0x0000000080031f28
core   0: 0x000000008000ff3e (0x000097ba) c.add   a5, a4
core   0: 3 0x000000008000ff3e (0x97ba) x15 0x00000000800120dc
core   0: 0x000000008000ff40 (0xfe043703) ld      a4, -32(s0)
core   0: 3 0x000000008000ff40 (0xfe043703) x14 0x00000000800120d8 mem 0x0000000080031f50
core   0: 0x000000008000ff44 (0xfcf76de3) bltu    a4, a5, pc - 38
core   0: 3 0x000000008000ff44 (0xfcf76de3)
core   0: 0x000000008000ff1e (0xfe043783) ld      a5, -32(s0)
core   0: 3 0x000000008000ff1e (0xfe043783) x15 0x00000000800120d8 mem 0x0000000080031f50
core   0: 0x000000008000ff22 (0x00178713) addi    a4, a5, 1
core   0: 3 0x000000008000ff22 (0x00178713) x14 0x00000000800120d9
core   0: 0x000000008000ff26 (0xfee43023) sd      a4, -32(s0)
core   0: 3 0x000000008000ff26 (0xfee43023) mem 0x0000000080031f50 0x00000000800120d9
core   0: 0x000000008000ff2a (0xfc442703) lw      a4, -60(s0)
core   0: 3 0x000000008000ff2a (0xfc442703) x14 0x0000000000000000 mem 0x0000000080031f34
core   0: 0x000000008000ff2e (0x0ff77713) andi    a4, a4, 255
core   0: 3 0x000000008000ff2e (0x0ff77713) x14 0x0000000000000000
core   0: 0x000000008000ff32 (0x00e78023) sb      a4, 0(a5)
core   0: 3 0x000000008000ff32 (0x00e78023) mem 0x00000000800120d8 0x00
core   0: 0x000000008000ff36 (0xfc843703) ld      a4, -56(s0)
core   0: 3 0x000000008000ff36 (0xfc843703) x14 0x0000000080012040 mem 0x0000000080031f38
core   0: 0x000000008000ff3a (0xfb843783) ld      a5, -72(s0)
core   0: 3 0x000000008000ff3a (0xfb843783) x15 0x000000000000009c mem 0x0000000080031f28
core   0: 0x000000008000ff3e (0x000097ba) c.add   a5, a4
core   0: 3 0x000000008000ff3e (0x97ba) x15 0x00000000800120dc
core   0: 0x000000008000ff40 (0xfe043703) ld      a4, -32(s0)
core   0: 3 0x000000008000ff40 (0xfe043703) x14 0x00000000800120d9 mem 0x0000000080031f50
core   0: 0x000000008000ff44 (0xfcf76de3) bltu    a4, a5, pc - 38
core   0: 3 0x000000008000ff44 (0xfcf76de3)
core   0: 0x000000008000ff1e (0xfe043783) ld      a5, -32(s0)
core   0: 3 0x000000008000ff1e (0xfe043783) x15 0x00000000800120d9 mem 0x0000000080031f50
core   0: 0x000000008000ff22 (0x00178713) addi    a4, a5, 1
core   0: 3 0x000000008000ff22 (0x00178713) x14 0x00000000800120da
core   0: 0x000000008000ff26 (0xfee43023) sd      a4, -32(s0)
core   0: 3 0x000000008000ff26 (0xfee43023) mem 0x0000000080031f50 0x00000000800120da
core   0: 0x000000008000ff2a (0xfc442703) lw      a4, -60(s0)
core   0: 3 0x000000008000ff2a (0xfc442703) x14 0x0000000000000000 mem 0x0000000080031f34
core   0: 0x000000008000ff2e (0x0ff77713) andi    a4, a4, 255
core   0: 3 0x000000008000ff2e (0x0ff77713) x14 0x0000000000000000
core   0: 0x000000008000ff32 (0x00e78023) sb      a4, 0(a5)
core   0: 3 0x000000008000ff32 (0x00e78023) mem 0x00000000800120d9 0x00
core   0: 0x000000008000ff36 (0xfc843703) ld      a4, -56(s0)
core   0: 3 0x000000008000ff36 (0xfc843703) x14 0x0000000080012040 mem 0x0000000080031f38
core   0: 0x000000008000ff3a (0xfb843783) ld      a5, -72(s0)
core   0: 3 0x000000008000ff3a (0xfb843783) x15 0x000000000000009c mem 0x0000000080031f28
core   0: 0x000000008000ff3e (0x000097ba) c.add   a5, a4
core   0: 3 0x000000008000ff3e (0x97ba) x15 0x00000000800120dc
core   0: 0x000000008000ff40 (0xfe043703) ld      a4, -32(s0)
core   0: 3 0x000000008000ff40 (0xfe043703) x14 0x00000000800120da mem 0x0000000080031f50
core   0: 0x000000008000ff44 (0xfcf76de3) bltu    a4, a5, pc - 38
core   0: 3 0x000000008000ff44 (0xfcf76de3)
core   0: 0x000000008000ff1e (0xfe043783) ld      a5, -32(s0)
core   0: 3 0x000000008000ff1e (0xfe043783) x15 0x00000000800120da mem 0x0000000080031f50
core   0: 0x000000008000ff22 (0x00178713) addi    a4, a5, 1
core   0: 3 0x000000008000ff22 (0x00178713) x14 0x00000000800120db
core   0: 0x000000008000ff26 (0xfee43023) sd      a4, -32(s0)
core   0: 3 0x000000008000ff26 (0xfee43023) mem 0x0000000080031f50 0x00000000800120db
core   0: 0x000000008000ff2a (0xfc442703) lw      a4, -60(s0)
core   0: 3 0x000000008000ff2a (0xfc442703) x14 0x0000000000000000 mem 0x0000000080031f34
core   0: 0x000000008000ff2e (0x0ff77713) andi    a4, a4, 255
core   0: 3 0x000000008000ff2e (0x0ff77713) x14 0x0000000000000000
core   0: 0x000000008000ff32 (0x00e78023) sb      a4, 0(a5)
core   0: 3 0x000000008000ff32 (0x00e78023) mem 0x00000000800120da 0x00
core   0: 0x000000008000ff36 (0xfc843703) ld      a4, -56(s0)
core   0: 3 0x000000008000ff36 (0xfc843703) x14 0x0000000080012040 mem 0x0000000080031f38
core   0: 0x000000008000ff3a (0xfb843783) ld      a5, -72(s0)
core   0: 3 0x000000008000ff3a (0xfb843783) x15 0x000000000000009c mem 0x0000000080031f28
core   0: 0x000000008000ff3e (0x000097ba) c.add   a5, a4
core   0: 3 0x000000008000ff3e (0x97ba) x15 0x00000000800120dc
core   0: 0x000000008000ff40 (0xfe043703) ld      a4, -32(s0)
core   0: 3 0x000000008000ff40 (0xfe043703) x14 0x00000000800120db mem 0x0000000080031f50
core   0: 0x000000008000ff44 (0xfcf76de3) bltu    a4, a5, pc - 38
core   0: 3 0x000000008000ff44 (0xfcf76de3)
core   0: 0x000000008000ff1e (0xfe043783) ld      a5, -32(s0)
core   0: 3 0x000000008000ff1e (0xfe043783) x15 0x00000000800120db mem 0x0000000080031f50
core   0: 0x000000008000ff22 (0x00178713) addi    a4, a5, 1
core   0: 3 0x000000008000ff22 (0x00178713) x14 0x00000000800120dc
core   0: 0x000000008000ff26 (0xfee43023) sd      a4, -32(s0)
core   0: 3 0x000000008000ff26 (0xfee43023) mem 0x0000000080031f50 0x00000000800120dc
core   0: 0x000000008000ff2a (0xfc442703) lw      a4, -60(s0)
core   0: 3 0x000000008000ff2a (0xfc442703) x14 0x0000000000000000 mem 0x0000000080031f34
core   0: 0x000000008000ff2e (0x0ff77713) andi    a4, a4, 255
core   0: 3 0x000000008000ff2e (0x0ff77713) x14 0x0000000000000000
core   0: 0x000000008000ff32 (0x00e78023) sb      a4, 0(a5)
core   0: 3 0x000000008000ff32 (0x00e78023) mem 0x00000000800120db 0x00
core   0: 0x000000008000ff36 (0xfc843703) ld      a4, -56(s0)
core   0: 3 0x000000008000ff36 (0xfc843703) x14 0x0000000080012040 mem 0x0000000080031f38
core   0: 0x000000008000ff3a (0xfb843783) ld      a5, -72(s0)
core   0: 3 0x000000008000ff3a (0xfb843783) x15 0x000000000000009c mem 0x0000000080031f28
core   0: 0x000000008000ff3e (0x000097ba) c.add   a5, a4
core   0: 3 0x000000008000ff3e (0x97ba) x15 0x00000000800120dc
core   0: 0x000000008000ff40 (0xfe043703) ld      a4, -32(s0)
core   0: 3 0x000000008000ff40 (0xfe043703) x14 0x00000000800120dc mem 0x0000000080031f50
core   0: 0x000000008000ff44 (0xfcf76de3) bltu    a4, a5, pc - 38
core   0: 3 0x000000008000ff44 (0xfcf76de3)
core   0: 0x000000008000ff48 (0xfc843783) ld      a5, -56(s0)
core   0: 3 0x000000008000ff48 (0xfc843783) x15 0x0000000080012040 mem 0x0000000080031f38
core   0: 0x000000008000ff4c (0x0000853e) c.mv    a0, a5
core   0: 3 0x000000008000ff4c (0x853e) x10 0x0000000080012040
core   0: 0x000000008000ff4e (0x00006426) c.ldsp  s0, 72(sp)
core   0: 3 0x000000008000ff4e (0x6426) x8  0x0000000080031f90 mem 0x0000000080031f68
core   0: 0x000000008000ff50 (0x00006161) c.addi16sp sp, 80
core   0: 3 0x000000008000ff50 (0x6161) x2  0x0000000080031f70
core   0: 0x000000008000ff52 (0x00008082) ret
core   0: 3 0x000000008000ff52 (0x8082)
core   0: 0x000000008000f506 (0x00000001) c.nop
core   0: 3 0x000000008000f506 (0x0001)
core   0: 0x000000008000f508 (0x000060e2) c.ldsp  ra, 24(sp)
core   0: 3 0x000000008000f508 (0x60e2) x1  0x000000008000f546 mem 0x0000000080031f88
core   0: 0x000000008000f50a (0x00006442) c.ldsp  s0, 16(sp)
core   0: 3 0x000000008000f50a (0x6442) x8  0x0000000080032040 mem 0x0000000080031f80
core   0: 0x000000008000f50c (0x00006105) c.addi16sp sp, 32
core   0: 3 0x000000008000f50c (0x6105) x2  0x0000000080031f90
core   0: 0x000000008000f50e (0x00008082) ret
core   0: 3 0x000000008000f50e (0x8082)
core   0: 0x000000008000f546 (0xf5842703) lw      a4, -168(s0)
core   0: 3 0x000000008000f546 (0xf5842703) x14 0x0000000000000001 mem 0x0000000080031f98
core   0: 0x000000008000f54a (0xf5c42783) lw      a5, -164(s0)
core   0: 3 0x000000008000f54a (0xf5c42783) x15 0x0000000000000000 mem 0x0000000080031f9c
core   0: 0x000000008000f54e (0x000085ba) c.mv    a1, a4
core   0: 3 0x000000008000f54e (0x85ba) x11 0x0000000000000001
core   0: 0x000000008000f550 (0x0000853e) c.mv    a0, a5
core   0: 3 0x000000008000f550 (0x853e) x10 0x0000000000000000
core   0: 0x000000008000f552 (0xf03ff0ef) jal     pc - 0xfe
core   0: 3 0x000000008000f552 (0xf03ff0ef) x1  0x000000008000f556
core   0: >>>>  thread_entry
core   0: 0x000000008000f454 (0x00001101) c.addi  sp, -32
core   0: 3 0x000000008000f454 (0x1101) x2  0x0000000080031f70
core   0: 0x000000008000f456 (0x0000ec22) c.sdsp  s0, 24(sp)
core   0: 3 0x000000008000f456 (0xec22) mem 0x0000000080031f88 0x0000000080032040
core   0: 0x000000008000f458 (0x00001000) c.addi4spn s0, sp, 32
core   0: 3 0x000000008000f458 (0x1000) x8  0x0000000080031f90
core   0: 0x000000008000f45a (0x000087aa) c.mv    a5, a0
core   0: 3 0x000000008000f45a (0x87aa) x15 0x0000000000000000
core   0: 0x000000008000f45c (0x0000872e) c.mv    a4, a1
core   0: 3 0x000000008000f45c (0x872e) x14 0x0000000000000001
core   0: 0x000000008000f45e (0xfef42623) sw      a5, -20(s0)
core   0: 3 0x000000008000f45e (0xfef42623) mem 0x0000000080031f7c 0x00000000
core   0: 0x000000008000f462 (0x000087ba) c.mv    a5, a4
core   0: 3 0x000000008000f462 (0x87ba) x15 0x0000000000000001
core   0: 0x000000008000f464 (0xfef42423) sw      a5, -24(s0)
core   0: 3 0x000000008000f464 (0xfef42423) mem 0x0000000080031f78 0x00000001
core   0: 0x000000008000f468 (0x00000001) c.nop
core   0: 3 0x000000008000f468 (0x0001)
core   0: 0x000000008000f46a (0xfec42783) lw      a5, -20(s0)
core   0: 3 0x000000008000f46a (0xfec42783) x15 0x0000000000000000 mem 0x0000000080031f7c
core   0: 0x000000008000f46e (0x00002781) c.addiw a5, 0
core   0: 3 0x000000008000f46e (0x2781) x15 0x0000000000000000
core   0: 0x000000008000f470 (0x0000ffed) c.bnez  a5, pc - 6
core   0: 3 0x000000008000f470 (0xffed)
core   0: 0x000000008000f472 (0x00000001) c.nop
core   0: 3 0x000000008000f472 (0x0001)
core   0: 0x000000008000f474 (0x00000001) c.nop
core   0: 3 0x000000008000f474 (0x0001)
core   0: 0x000000008000f476 (0x00006462) c.ldsp  s0, 24(sp)
core   0: 3 0x000000008000f476 (0x6462) x8  0x0000000080032040 mem 0x0000000080031f88
core   0: 0x000000008000f478 (0x00006105) c.addi16sp sp, 32
core   0: 3 0x000000008000f478 (0x6105) x2  0x0000000080031f90
core   0: 0x000000008000f47a (0x00008082) ret
core   0: 3 0x000000008000f47a (0x8082)
core   0: 0x000000008000f556 (0x00004581) c.li    a1, 0
core   0: 3 0x000000008000f556 (0x4581) x11 0x0000000000000000
core   0: 0x000000008000f558 (0x00004501) c.li    a0, 0
core   0: 3 0x000000008000f558 (0x4501) x10 0x0000000000000000
core   0: 0x000000008000f55a (0xaa7f20ef) jal     pc - 0xd55a
core   0: 3 0x000000008000f55a (0xaa7f20ef) x1  0x000000008000f55e
core   0: >>>>  main
core   0: 0x0000000080002000 (0x00000001) c.nop
core   0: 3 0x0000000080002000 (0x0001)
core   0: >>>>  trap_vec_init
core   0: 0x0000000080002002 (0x00002797) auipc   a5, 0x2
core   0: 3 0x0000000080002002 (0x00002797) x15 0x0000000080004002
core   0: 0x0000000080002006 (0xffe78793) addi    a5, a5, -2
core   0: 3 0x0000000080002006 (0xffe78793) x15 0x0000000080004000
core   0: 0x000000008000200a (0x30579073) csrrw   zero, mtvec, a5
core   0: 3 0x000000008000200a (0x30579073) c773_mtvec 0x0000000080004000
core   0: >>>>  pmp_setup
core   0: 0x000000008000200e (0x00002c17) auipc   s8, 0x2
core   0: 3 0x000000008000200e (0x00002c17) x24 0x000000008000400e
core   0: 0x0000000080002012 (0x022c0c13) addi    s8, s8, 34
core   0: 3 0x0000000080002012 (0x022c0c13) x24 0x0000000080004030
core   0: 0x0000000080002016 (0x00004781) c.li    a5, 0
core   0: 3 0x0000000080002016 (0x4781) x15 0x0000000000000000
core   0: 0x0000000080002018 (0x00009c3e) c.add   s8, a5
core   0: 3 0x0000000080002018 (0x9c3e) x24 0x0000000080004030
core   0: 0x000000008000201a (0x3b0c1073) csrrw   zero, pmpaddr0, s8
core   0: 3 0x000000008000201a (0x3b0c1073) c944_pmpaddr0 0x0000000080004030
core   0: 0x000000008000201e (0x00004c3d) c.li    s8, 15
core   0: 3 0x000000008000201e (0x4c3d) x24 0x000000000000000f
core   0: 0x0000000080002020 (0x3a0c1073) csrrw   zero, pmpcfg0, s8
core   0: 3 0x0000000080002020 (0x3a0c1073) c928_pmpcfg0 0x000000000000000f
core   0: 0x0000000080002024 (0x12000073) sfence.vma zero, zero
core   0: 3 0x0000000080002024 (0x12000073)
core   0: >>>>  mepc_setup
core   0: 0x0000000080002028 (0x00002797) auipc   a5, 0x2
core   0: 3 0x0000000080002028 (0x00002797) x15 0x0000000080004028
core   0: 0x000000008000202c (0x00878793) addi    a5, a5, 8
core   0: 3 0x000000008000202c (0x00878793) x15 0x0000000080004030
core   0: 0x0000000080002030 (0x34179073) csrrw   zero, mepc, a5
core   0: 3 0x0000000080002030 (0x34179073) c833_mepc 0x0000000080004030
core   0: >>>>  custom_csr_setup
core   0: 0x0000000080002034 (0x00100f9b) addiw   t6, zero, 1
core   0: 3 0x0000000080002034 (0x00100f9b) x31 0x0000000000000001
core   0: 0x0000000080002038 (0x00000ffe) c.slli  t6, 31
core   0: 3 0x0000000080002038 (0x0ffe) x31 0x0000000080000000
core   0: 0x000000008000203a (0x00000001) c.nop
core   0: 3 0x000000008000203a (0x0001)
core   0: >>>>  init_s_mode
core   0: 0x000000008000203c (0xfff0079b) addiw   a5, zero, -1
core   0: 3 0x000000008000203c (0xfff0079b) x15 0xffffffffffffffff
core   0: 0x0000000080002040 (0x000017fe) c.slli  a5, 63
core   0: 3 0x0000000080002040 (0x17fe) x15 0x8000000000000000
core   0: 0x0000000080002042 (0x18079073) csrrw   zero, satp, a5
core   0: 3 0x0000000080002042 (0x18079073) c384_satp 0x8000000000000000
core   0: 0x0000000080002046 (0x0000f797) auipc   a5, 0xf
core   0: 3 0x0000000080002046 (0x0000f797) x15 0x0000000080011046
core   0: 0x000000008000204a (0xfba78793) addi    a5, a5, -70
core   0: 3 0x000000008000204a (0xfba78793) x15 0x0000000080011000
core   0: 0x000000008000204e (0x000083b1) c.srli  a5, 12
core   0: 3 0x000000008000204e (0x83b1) x15 0x0000000000080011
core   0: 0x0000000080002050 (0x0010061b) addiw   a2, zero, 1
core   0: 3 0x0000000080002050 (0x0010061b) x12 0x0000000000000001
core   0: 0x0000000080002054 (0x00001632) c.slli  a2, 44
core   0: 3 0x0000000080002054 (0x1632) x12 0x0000100000000000
core   0: 0x0000000080002056 (0x0000167d) c.addi  a2, -1
core   0: 3 0x0000000080002056 (0x167d) x12 0x00000fffffffffff
core   0: 0x0000000080002058 (0x00008ff1) c.and   a5, a2
core   0: 3 0x0000000080002058 (0x8ff1) x15 0x0000000000080011
core   0: 0x000000008000205a (0x1807a073) csrrs   zero, satp, a5
core   0: 3 0x000000008000205a (0x1807a073) c384_satp 0x8000000000080011
core   0: 0x000000008000205e (0x00a005b7) lui     a1, 0xa00
core   0: 3 0x000000008000205e (0x00a005b7) x11 0x0000000000a00000
core   0: 0x0000000080002062 (0x10b5859b) addiw   a1, a1, 267
core   0: 3 0x0000000080002062 (0x10b5859b) x11 0x0000000000a0010b
core   0: 0x0000000080002066 (0x000005b2) c.slli  a1, 12
core   0: 3 0x0000000080002066 (0x05b2) x11 0x0000000a0010b000
core   0: 0x0000000080002068 (0xa0058593) addi    a1, a1, -1536
core   0: 3 0x0000000080002068 (0xa0058593) x11 0x0000000a0010aa00
core   0: 0x000000008000206c (0x30059073) csrrw   zero, mstatus, a1
core   0: 3 0x000000008000206c (0x30059073) c768_mstatus 0x0000000a00102800
core   0: 0x0000000080002070 (0x30459073) csrrw   zero, mie, a1
core   0: 3 0x0000000080002070 (0x30459073) c772_mie 0x0000000000000a00
core   0: 0x0000000080002074 (0x00a005b7) lui     a1, 0xa00
core   0: 3 0x0000000080002074 (0x00a005b7) x11 0x0000000000a00000
core   0: 0x0000000080002078 (0x10b5859b) addiw   a1, a1, 267
core   0: 3 0x0000000080002078 (0x10b5859b) x11 0x0000000000a0010b
core   0: 0x000000008000207c (0x000005b2) c.slli  a1, 12
core   0: 3 0x000000008000207c (0x05b2) x11 0x0000000a0010b000
core   0: 0x000000008000207e (0xa0058593) addi    a1, a1, -1536
core   0: 3 0x000000008000207e (0xa0058593) x11 0x0000000a0010aa00
core   0: 0x0000000080002082 (0x10059073) csrrw   zero, sstatus, a1
core   0: 3 0x0000000080002082 (0x10059073) c768_mstatus 0x0000000a00102800
core   0: 0x0000000080002086 (0x10459073) csrrw   zero, sie, a1
core   0: 3 0x0000000080002086 (0x10459073) c772_mie 0x0000000000000a00
core   0: 0x000000008000208a (0x30200073) mret
core   0: 3 0x000000008000208a (0x30200073) c768_mstatus 0x0000000a00102080
core   0: >>>>  main_g
core   0: 0x0000000080004030 (0x007b8cbb) addw    s9, s7, t2
core   0: 1 0x0000000080004030 (0x007b8cbb) x25 0x0000000000000000
core   0: 0x0000000080004034 (0x03bbe13b) remw    sp, s7, s11
core   0: 1 0x0000000080004034 (0x03bbe13b) x2  0x0000000000000000
core   0: 0x0000000080004038 (0xc224fd53) fcvt.l.d s10, fs1
core   0: 1 0x0000000080004038 (0xc224fd53) c1_fflags 0x0000000000000010 c768_mstatus 0x8000000a00106080 x26 0x7fffffffffffffff
core   0: 0x000000008000403c (0x5a09f9d3) fsqrt.d fs3, fs3
core   0: 1 0x000000008000403c (0x5a09f9d3) f19 0x7ff8000000000000
core   0: 0x0000000080004040 (0x00f8e833) or      a6, a7, a5
core   0: 1 0x0000000080004040 (0x00f8e833) x16 0x0000000000080011
core   0: 0x0000000080004044 (0xd2198fd3) fcvt.d.wu ft11, s3
core   0: 1 0x0000000080004044 (0xd2198fd3) f31 0x0000000000000000
core   0: 0x0000000080004048 (0x0276d13b) divuw   sp, a3, t2
core   0: 1 0x0000000080004048 (0x0276d13b) x2  0xffffffffffffffff
core   0: 0x000000008000404c (0x2a890d53) fmin.d  fs10, fs2, fs0
core   0: 1 0x000000008000404c (0x2a890d53) f26 0x7ff8000000000000
core   0: 0x0000000080004050 (0x42040353) fcvt.d.s ft6, fs0
core   0: 1 0x0000000080004050 (0x42040353) f6  0x0000000000000000
core   0: 0x0000000080004054 (0x000b9293) slli    t0, s7, 0
core   0: 1 0x0000000080004054 (0x000b9293) x5  0x0000000000000000
core   0: 0x0000000080004058 (0x017908b3) add     a7, s2, s7
core   0: 1 0x0000000080004058 (0x017908b3) x17 0x0000000000000000
core   0: 0x000000008000405c (0x01dbdebb) srlw    t4, s7, t4
core   0: 1 0x000000008000405c (0x01dbdebb) x29 0x0000000000000000
core   0: 0x0000000080004060 (0x0112d5bb) srlw    a1, t0, a7
core   0: 1 0x0000000080004060 (0x0112d5bb) x11 0x0000000000000000
core   0: 0x0000000080004064 (0x59dc8e93) addi    t4, s9, 1437
core   0: 1 0x0000000080004064 (0x59dc8e93) x29 0x000000000000059d
core   0: 0x0000000080004068 (0x01d3d13b) srlw    sp, t2, t4
core   0: 1 0x0000000080004068 (0x01d3d13b) x2  0x0000000000000000
core   0: 0x000000008000406c (0x3e1b0d13) addi    s10, s6, 993
core   0: 1 0x000000008000406c (0x3e1b0d13) x26 0x00000000000003e1
core   0: 0x0000000080004070 (0x00ba1bb3) sll     s7, s4, a1
core   0: 1 0x0000000080004070 (0x00ba1bb3) x23 0x0000000000000000
core   0: 0x0000000080004074 (0xc23c73d3) fcvt.lu.d t2, fs8
core   0: 1 0x0000000080004074 (0xc23c73d3) c1_fflags 0x0000000000000010 x7  0xffffffffffffffff
core   0: 0x0000000080004078 (0x001d933b) sllw    t1, s11, ra
core   0: 1 0x0000000080004078 (0x001d933b) x6  0x0000000000000000
core   0: 0x000000008000407c (0x0103a6b3) slt     a3, t2, a6
core   0: 1 0x000000008000407c (0x0103a6b3) x13 0x0000000000000001
core   0: 0x0000000080004080 (0x034a6a33) rem     s4, s4, s4
core   0: 1 0x0000000080004080 (0x034a6a33) x20 0x0000000000000000
core   0: 0x0000000080004084 (0x41a6d493) srai    s1, a3, 26
core   0: 1 0x0000000080004084 (0x41a6d493) x9  0x0000000000000000
core   0: 0x0000000080004088 (0x001020f3) csrrs   ra, fflags, zero
core   0: 1 0x0000000080004088 (0x001020f3) x1  0x0000000000000010
core   0: 0x000000008000408c (0x00124133) xor     sp, tp, ra
core   0: 1 0x000000008000408c (0x00124133) x2  0x0000000080012050
core   0: 0x0000000080004090 (0x001c519b) srliw   gp, s8, 1
core   0: 1 0x0000000080004090 (0x001c519b) x3  0x0000000000000007
core   0: 0x0000000080004094 (0x0008131b) slliw   t1, a6, 0
core   0: 1 0x0000000080004094 (0x0008131b) x6  0x0000000000080011
core   0: 0x0000000080004098 (0x400c551b) sraiw   a0, s8, 0
core   0: 1 0x0000000080004098 (0x400c551b) x10 0x000000000000000f
core   0: 0x000000008000409c (0x038ddd93) srli    s11, s11, 56
core   0: 1 0x000000008000409c (0x038ddd93) x27 0x0000000000000000
core   0: 0x00000000800040a0 (0xc027fcd3) fcvt.l.s s9, fa5
core   0: 1 0x00000000800040a0 (0xc027fcd3) x25 0x0000000000000000
core   0: 0x00000000800040a4 (0xa28185d3) fle.d   a1, ft3, fs0
core   0: 1 0x00000000800040a4 (0xa28185d3) c1_fflags 0x0000000000000010 x11 0x0000000000000000
core   0: 0x00000000800040a8 (0x0314c9b3) div     s3, s1, a7
core   0: 1 0x00000000800040a8 (0x0314c9b3) x19 0xffffffffffffffff
core   0: 0x00000000800040ac (0x5a0af1d3) fsqrt.d ft3, fs5
core   0: 1 0x00000000800040ac (0x5a0af1d3) f3  0x7ff8000000000000
core   0: 0x00000000800040b0 (0x3b4afa4f) fnmadd.d fs4, fs5, fs4, ft7
core   0: 1 0x00000000800040b0 (0x3b4afa4f) f20 0x7ff8000000000000
core   0: 0x00000000800040b4 (0x03f61693) slli    a3, a2, 63
core   0: 1 0x00000000800040b4 (0x03f61693) x13 0x8000000000000000
core   0: 0x00000000800040b8 (0x02e756b3) divu    a3, a4, a4
core   0: 1 0x00000000800040b8 (0x02e756b3) x13 0x0000000000000001
core   0: 0x00000000800040bc (0xa1e05b17) auipc   s6, 0xa1e05
core   0: 1 0x00000000800040bc (0xa1e05b17) x22 0x0000000021e090bc
core   0: 0x00000000800040c0 (0x5a0c76d3) fsqrt.d fa3, fs8
core   0: 1 0x00000000800040c0 (0x5a0c76d3) f13 0x7ff8000000000000
core   0: 0x00000000800040c4 (0x025e0e33) mul     t3, t3, t0
core   0: 1 0x00000000800040c4 (0x025e0e33) x28 0x0000000000000000
core   0: 0x00000000800040c8 (0x074b4237) lui     tp, 0x74b4
core   0: 1 0x00000000800040c8 (0x074b4237) x4  0x00000000074b4000
core   0: 0x00000000800040cc (0x81b2021b) addiw   tp, tp, -2021
core   0: 1 0x00000000800040cc (0x81b2021b) x4  0x00000000074b381b
core   0: 0x00000000800040d0 (0x00000232) c.slli  tp, 12
core   0: 1 0x00000000800040d0 (0x0232) x4  0x00000074b381b000
core   0: 0x00000000800040d2 (0x9e820213) addi    tp, tp, -1560
core   0: 1 0x00000000800040d2 (0x9e820213) x4  0x00000074b381a9e8
core   0: 0x00000000800040d6 (0x4001d5b3) sra     a1, gp, zero
core   0: 1 0x00000000800040d6 (0x4001d5b3) x11 0x0000000000000007
core   0: 0x00000000800040da (0xc236f9d3) fcvt.lu.d s3, fa3
core   0: 1 0x00000000800040da (0xc236f9d3) c1_fflags 0x0000000000000010 x19 0xffffffffffffffff
core   0: 0x00000000800040de (0x00e95cbb) srlw    s9, s2, a4
core   0: 1 0x00000000800040de (0x00e95cbb) x25 0x0000000000000000
core   0: 0x00000000800040e2 (0xc23cf353) fcvt.lu.d t1, fs9
core   0: 1 0x00000000800040e2 (0xc23cf353) c1_fflags 0x0000000000000010 x6  0xffffffffffffffff
core   0: 0x00000000800040e6 (0x00201073) csrrw   zero, frm, zero
core   0: 1 0x00000000800040e6 (0x00201073) c2_frm 0x0000000000000000
core   0: 0x00000000800040ea (0x01f2591b) srliw   s2, tp, 31
core   0: 1 0x00000000800040ea (0x01f2591b) x18 0x0000000000000001
core   0: 0x00000000800040ee (0x238695d3) fsgnjn.d fa1, fa3, fs8
core   0: 1 0x00000000800040ee (0x238695d3) f11 0x7ff8000000000000
core   0: 0x00000000800040f2 (0x008a9c9b) slliw   s9, s5, 8
core   0: 1 0x00000000800040f2 (0x008a9c9b) x25 0x0000000000000000
core   0: 0x00000000800040f6 (0xc235f253) fcvt.lu.d tp, fa1
core   0: 1 0x00000000800040f6 (0xc235f253) c1_fflags 0x0000000000000010 x4  0xffffffffffffffff
core   0: 0x00000000800040fa (0x0a1ef3d3) fsub.d  ft7, ft9, ft1
core   0: 1 0x00000000800040fa (0x0a1ef3d3) f7  0x7ff8000000000000
core   0: 0x00000000800040fe (0x00000001) c.nop
core   0: 1 0x00000000800040fe (0x0001)
core   0: 0x0000000080004100 (0x41025833) sra     a6, tp, a6
core   0: 1 0x0000000080004100 (0x41025833) x16 0xffffffffffffffff
core   0: 0x0000000080004104 (0x02a82033) mulhsu  zero, a6, a0
core   0: 1 0x0000000080004104 (0x02a82033)
core   0: 0x0000000080004108 (0x01772b33) slt     s6, a4, s7
core   0: 1 0x0000000080004108 (0x01772b33) x22 0x0000000000000000
core   0: 0x000000008000410c (0xd36afa17) auipc   s4, 0xd36af
core   0: 1 0x000000008000410c (0xd36afa17) x20 0x00000000536b310c
core   0: 0x0000000080004110 (0xc0307bd3) fcvt.lu.s s7, ft0
core   0: 1 0x0000000080004110 (0xc0307bd3) x23 0x0000000000000000
core   0: 0x0000000080004114 (0x0009929b) slliw   t0, s3, 0
core   0: 1 0x0000000080004114 (0x0009929b) x5  0xffffffffffffffff
core   0: 0x0000000080004118 (0x03ce0e33) mul     t3, t3, t3
core   0: 1 0x0000000080004118 (0x03ce0e33) x28 0x0000000000000000
core   0: 0x000000008000411c (0x02dbbdb3) mulhu   s11, s7, a3
core   0: 1 0x000000008000411c (0x02dbbdb3) x27 0x0000000000000000
core   0: 0x0000000080004120 (0x4015fd53) fcvt.s.d fs10, fa1
core   0: 1 0x0000000080004120 (0x4015fd53) f26 0xffffffff7fc00000
core   0: 0x0000000080004124 (0x0273d1b3) divu    gp, t2, t2
core   0: 1 0x0000000080004124 (0x0273d1b3) x3  0x0000000000000001
core   0: 0x0000000080004128 (0x105214f3) csrrw   s1, stvec, tp
core   0: 1 0x0000000080004128 (0x105214f3) x9  0x0000000000000000 c261_stvec 0xfffffffffffffffd
core   0: 0x000000008000412c (0xc03df453) fcvt.lu.s s0, fs11
core   0: 1 0x000000008000412c (0xc03df453) x8  0x0000000000000000
core   0: 0x0000000080004130 (0x5a7c7a4f) fnmadd.d fs4, fs8, ft7, fa1
core   0: 1 0x0000000080004130 (0x5a7c7a4f) f20 0x7ff8000000000000
core   0: 0x0000000080004134 (0xb02cbaf3) csrrc   s5, minstret, s9
core   0: exception trap_illegal_instruction, epc 0x0000000080004134
core   0:           tval 0x00000000b02cbaf3
core   0: >>>>  $xrv64i2p1_m2p0_a2p1_f2p2_d2p2_zicsr2p0_zifencei2p0_zmmul1p0_zba1p0_zbb1p0_zbc1p0_zbs1p0
core   0: 0x0000000080004000 (0x0080006f) j       pc + 0x8
core   0: 3 0x0000000080004000 (0x0080006f)
core   0: >>>>  mmode_exception_handler
core   0: 0x0000000080004008 (0x00002c17) auipc   s8, 0x2
core   0: 3 0x0000000080004008 (0x00002c17) x24 0x0000000080006008
core   0: 0x000000008000400c (0x034c0c13) addi    s8, s8, 52
core   0: 3 0x000000008000400c (0x034c0c13) x24 0x000000008000603c
core   0: 0x0000000080004010 (0x000c00e7) jalr    s8
core   0: 3 0x0000000080004010 (0x000c00e7) x1  0x0000000080004014
core   0: >>>>  any_handler
core   0: 0x000000008000603c (0x341027f3) csrrs   a5, mepc, zero
core   0: 3 0x000000008000603c (0x341027f3) x15 0x0000000080004134
core   0: 0x0000000080006040 (0x34202773) csrrs   a4, mcause, zero
core   0: 3 0x0000000080006040 (0x34202773) x14 0x0000000000000002
core   0: 0x0000000080006044 (0x142026f3) csrrs   a3, scause, zero
core   0: 3 0x0000000080006044 (0x142026f3) x13 0x0000000000000000
core   0: 0x0000000080006048 (0x30402673) csrrs   a2, mie, zero
core   0: 3 0x0000000080006048 (0x30402673) x12 0x0000000000000a00
core   0: 0x000000008000604c (0x344025f3) csrrs   a1, mip, zero
core   0: 3 0x000000008000604c (0x344025f3) x11 0x0000000000000080
core   0: 0x0000000080006050 (0x343025f3) csrrs   a1, mtval, zero
core   0: 3 0x0000000080006050 (0x343025f3) x11 0x00000000b02cbaf3
core   0: 0x0000000080006054 (0x14302573) csrrs   a0, stval, zero
core   0: 3 0x0000000080006054 (0x14302573) x10 0x0000000000000000
core   0: 0x0000000080006058 (0xb02024f3) csrrs   s1, minstret, zero
core   0: 3 0x0000000080006058 (0xb02024f3) x9  0x000000000000080d
core   0: 0x000000008000605c (0x0000a811) c.j     pc + 20
core   0: 3 0x000000008000605c (0xa811)
core   0: >>>>  mepc_4
core   0: 0x0000000080006070 (0x00000791) c.addi  a5, 4
core   0: 3 0x0000000080006070 (0x0791) x15 0x0000000080004138
core   0: 0x0000000080006072 (0x34179073) csrrw   zero, mepc, a5
core   0: 3 0x0000000080006072 (0x34179073) c833_mepc 0x0000000080004138
core   0: 0x0000000080006076 (0x30200073) mret
core   0: 3 0x0000000080006076 (0x30200073) c768_mstatus 0x8000000a00106080
core   0: 0x0000000080004138 (0x001d9ab3) sll     s5, s11, ra
core   0: 1 0x0000000080004138 (0x001d9ab3) x21 0x0000000000000000
core   0: 0x000000008000413c (0x00000001) c.nop
core   0: 1 0x000000008000413c (0x0001)
core   0: 0x000000008000413e (0x20c0b493) sltiu   s1, ra, 524
core   0: 1 0x000000008000413e (0x20c0b493) x9  0x0000000000000000
core   0: 0x0000000080004142 (0xc22d79d3) fcvt.l.d s3, fs10
core   0: 1 0x0000000080004142 (0xc22d79d3) c1_fflags 0x0000000000000010 x19 0x7fffffffffffffff
core   0: 0x0000000080004146 (0x001d9b13) slli    s6, s11, 1
core   0: 1 0x0000000080004146 (0x001d9b13) x22 0x0000000000000000
core   0: 0x000000008000414a (0x03018d33) mul     s10, gp, a6
core   0: 1 0x000000008000414a (0x03018d33) x26 0xffffffffffffffff
core   0: 0x000000008000414e (0xc03efc53) fcvt.lu.s s8, ft9
core   0: 1 0x000000008000414e (0xc03efc53) x24 0x0000000000000000
core   0: 0x0000000080004152 (0x22c292d3) fsgnjn.d ft5, ft5, fa2
core   0: 1 0x0000000080004152 (0x22c292d3) f5  0x7fffffff00000000
core   0: 0x0000000080004156 (0x02b155bb) divuw   a1, sp, a1
core   0: 1 0x0000000080004156 (0x02b155bb) x11 0x0000000000000000
core   0: 0x000000008000415a (0xc032fe53) fcvt.lu.s t3, ft5
core   0: 1 0x000000008000415a (0xc032fe53) c1_fflags 0x0000000000000010 x28 0xffffffffffffffff
core   0: 0x000000008000415e (0x4df32537) lui     a0, 0x4df32
core   0: 1 0x000000008000415e (0x4df32537) x10 0x000000004df32000
core   0: 0x0000000080004162 (0x00a1073b) addw    a4, sp, a0
core   0: 1 0x0000000080004162 (0x00a1073b) x14 0xffffffffcdf44050
core   0: 0x0000000080004166 (0x00dadabb) srlw    s5, s5, a3
core   0: 1 0x0000000080004166 (0x00dadabb) x21 0x0000000000000000
core   0: 0x000000008000416a (0xa3cc4e37) lui     t3, 0xa3cc4
core   0: 1 0x000000008000416a (0xa3cc4e37) x28 0xffffffffa3cc4000
core   0: 0x000000008000416e (0xd1db071b) addiw   a4, s6, -739
core   0: 1 0x000000008000416e (0xd1db071b) x14 0xfffffffffffffd1d
core   0: 0x0000000080004172 (0x00471693) slli    a3, a4, 4
core   0: 1 0x0000000080004172 (0x00471693) x13 0xffffffffffffd1d0
core   0: 0x0000000080004176 (0xd0207ed3) fcvt.s.l ft9, zero
core   0: 1 0x0000000080004176 (0xd0207ed3) f29 0xffffffff00000000
core   0: 0x000000008000417a (0xc3adf947) fmsub.d fs2, fs11, fs10, fs8
core   0: 1 0x000000008000417a (0xc3adf947) f18 0x7ff8000000000000
core   0: 0x000000008000417e (0x138bf34b) fnmsub.d ft6, fs7, fs8, ft2
core   0: 1 0x000000008000417e (0x138bf34b) f6  0x7ff8000000000000
core   0: 0x0000000080004182 (0xf2068653) fmv.d.x fa2, a3
core   0: 1 0x0000000080004182 (0xf2068653) f12 0xffffffffffffd1d0
core   0: 0x0000000080004186 (0x01a2519b) srliw   gp, tp, 26
core   0: 1 0x0000000080004186 (0x01a2519b) x3  0x000000000000003f
core   0: 0x000000008000418a (0x80508e13) addi    t3, ra, -2043
core   0: 1 0x000000008000418a (0x80508e13) x28 0x0000000080003819
core   0: 0x000000008000418e (0x41de0533) sub     a0, t3, t4
core   0: 1 0x000000008000418e (0x41de0533) x10 0x000000008000327c
core   0: 0x0000000080004192 (0xc23675d3) fcvt.lu.d a1, fa2
core   0: 1 0x0000000080004192 (0xc23675d3) c1_fflags 0x0000000000000010 x11 0xffffffffffffffff
core   0: 0x0000000080004196 (0x139bf753) fmul.d  fa4, fs7, fs9
core   0: 1 0x0000000080004196 (0x139bf753) f14 0x7ff8000000000000
core   0: 0x000000008000419a (0x40b85233) sra     tp, a6, a1
core   0: 1 0x000000008000419a (0x40b85233) x4  0xffffffffffffffff
core   0: 0x000000008000419e (0x02b5e3bb) remw    t2, a1, a1
core   0: 1 0x000000008000419e (0x02b5e3bb) x7  0x0000000000000000
core   0: 0x00000000800041a2 (0x035abe33) mulhu   t3, s5, s5
core   0: 1 0x00000000800041a2 (0x035abe33) x28 0x0000000000000000
core   0: 0x00000000800041a6 (0x5a0171d3) fsqrt.d ft3, ft2
core   0: 1 0x00000000800041a6 (0x5a0171d3) f3  0x7ff8000000000000
core   0: 0x00000000800041aa (0x23ec0dd3) fsgnj.d fs11, fs8, ft10
core   0: 1 0x00000000800041aa (0x23ec0dd3) f27 0xffffffff00000000
core   0: 0x00000000800041ae (0x22b00053) fsgnj.d ft0, ft0, fa1
core   0: 1 0x00000000800041ae (0x22b00053) f0  0x7fffffff00000000
core   0: 0x00000000800041b2 (0x26e4f793) andi    a5, s1, 622
core   0: 1 0x00000000800041b2 (0x26e4f793) x15 0x0000000000000000
core   0: 0x00000000800041b6 (0x0127d3b3) srl     t2, a5, s2
core   0: 1 0x00000000800041b6 (0x0127d3b3) x7  0x0000000000000000
core   0: 0x00000000800041ba (0xd22cfad3) fcvt.d.l fs5, s9
core   0: 1 0x00000000800041ba (0xd22cfad3) f21 0x0000000000000000
core   0: 0x00000000800041be (0x2bb206d3) fmin.d  fa3, ft4, fs11
core   0: 1 0x00000000800041be (0x2bb206d3) f13 0x7ff8000000000000
core   0: 0x00000000800041c2 (0x03953533) mulhu   a0, a0, s9
core   0: 1 0x00000000800041c2 (0x03953533) x10 0x0000000000000000
core   0: 0x00000000800041c6 (0x03f81293) slli    t0, a6, 63
core   0: 1 0x00000000800041c6 (0x03f81293) x5  0x8000000000000000
core   0: 0x00000000800041ca (0x405a0233) sub     tp, s4, t0
core   0: 1 0x00000000800041ca (0x405a0233) x4  0x80000000536b310c
core   0: 0x00000000800041ce (0x031349b3) div     s3, t1, a7
core   0: 1 0x00000000800041ce (0x031349b3) x19 0xffffffffffffffff
core   0: 0x00000000800041d2 (0x401674d3) fcvt.s.d fs1, fa2
core   0: 1 0x00000000800041d2 (0x401674d3) f9  0xffffffff7fc00000
core   0: 0x00000000800041d6 (0xd22c77d3) fcvt.d.l fa5, s8
core   0: 1 0x00000000800041d6 (0xd22c77d3) f15 0x0000000000000000
core   0: 0x00000000800041da (0xd22a76d3) fcvt.d.l fa3, s4
core   0: 1 0x00000000800041da (0xd22a76d3) f13 0x41d4dacc43000000
core   0: 0x00000000800041de (0x038c5e33) divu    t3, s8, s8
core   0: 1 0x00000000800041de (0x038c5e33) x28 0xffffffffffffffff
core   0: 0x00000000800041e2 (0x7ad1f1c3) fmadd.d ft3, ft3, fa3, fa5
core   0: 1 0x00000000800041e2 (0x7ad1f1c3) f3  0x7ff8000000000000
core   0: 0x00000000800041e6 (0x00000001) c.nop
core   0: 1 0x00000000800041e6 (0x0001)
core   0: 0x00000000800041e8 (0x1bf17fcf) fnmadd.d ft11, ft2, ft11, ft3
core   0: 1 0x00000000800041e8 (0x1bf17fcf) f31 0x7ff8000000000000
core   0: 0x00000000800041ec (0x005c45b3) xor     a1, s8, t0
core   0: 1 0x00000000800041ec (0x005c45b3) x11 0x8000000000000000
core   0: 0x00000000800041f0 (0x420c0653) fcvt.d.s fa2, fs8
core   0: 1 0x00000000800041f0 (0x420c0653) f12 0x0000000000000000
core   0: 0x00000000800041f4 (0x001897f3) csrrw   a5, fflags, a7
core   0: 1 0x00000000800041f4 (0x001897f3) x15 0x0000000000000010 c1_fflags 0x0000000000000000
core   0: 0x00000000800041f8 (0x2bfc95d3) fmax.d  fa1, fs9, ft11
core   0: 1 0x00000000800041f8 (0x2bfc95d3) f11 0x7ff8000000000000
core   0: 0x00000000800041fc (0xd232fe53) fcvt.d.lu ft8, t0
core   0: 1 0x00000000800041fc (0xd232fe53) f28 0x43e0000000000000
core   0: 0x0000000080004200 (0x004220b3) slt     ra, tp, tp
core   0: 1 0x0000000080004200 (0x004220b3) x1  0x0000000000000000
core   0: 0x0000000080004204 (0x0241a6b3) mulhsu  a3, gp, tp
core   0: 1 0x0000000080004204 (0x0241a6b3) x13 0x000000000000001f
core   0: 0x0000000080004208 (0x00e1feb3) and     t4, gp, a4
core   0: 1 0x0000000080004208 (0x00e1feb3) x29 0x000000000000001d
core   0: 0x000000008000420c (0x01e81c9b) slliw   s9, a6, 30
core   0: 1 0x000000008000420c (0x01e81c9b) x25 0xffffffffc0000000
core   0: 0x0000000080004210 (0x0a94f8d3) fsub.d  fa7, fs1, fs1
core   0: 1 0x0000000080004210 (0x0a94f8d3) f17 0x7ff8000000000000
core   0: 0x0000000080004214 (0xd02e7a53) fcvt.s.l fs4, t3
core   0: 1 0x0000000080004214 (0xd02e7a53) f20 0xffffffffbf800000
core   0: 0x0000000080004218 (0x02f817b3) mulh    a5, a6, a5
core   0: 1 0x0000000080004218 (0x02f817b3) x15 0xffffffffffffffff
core   0: 0x000000008000421c (0x021c83bb) mulw    t2, s9, ra
core   0: 1 0x000000008000421c (0x021c83bb) x7  0x0000000000000000
core   0: 0x0000000080004220 (0xc23e7253) fcvt.lu.d tp, ft8
core   0: 1 0x0000000080004220 (0xc23e7253) x4  0x8000000000000000
core   0: 0x0000000080004224 (0x40e5073b) subw    a4, a0, a4
core   0: 1 0x0000000080004224 (0x40e5073b) x14 0x00000000000002e3
core   0: 0x0000000080004228 (0x01ce1e33) sll     t3, t3, t3
core   0: 1 0x0000000080004228 (0x01ce1e33) x28 0x8000000000000000
core   0: 0x000000008000422c (0x406d8cbb) subw    s9, s11, t1
core   0: 1 0x000000008000422c (0x406d8cbb) x25 0x0000000000000001
core   0: 0x0000000080004230 (0x03c74733) div     a4, a4, t3
core   0: 1 0x0000000080004230 (0x03c74733) x14 0x0000000000000000
core   0: 0x0000000080004234 (0xa2ca0353) fle.d   t1, fs4, fa2
core   0: 1 0x0000000080004234 (0xa2ca0353) c1_fflags 0x0000000000000010 x6  0x0000000000000000
core   0: 0x0000000080004238 (0xd21383d3) fcvt.d.wu ft7, t2
core   0: 1 0x0000000080004238 (0xd21383d3) f7  0x0000000000000000
core   0: 0x000000008000423c (0x00000001) c.nop
core   0: 1 0x000000008000423c (0x0001)
core   0: 0x000000008000423e (0x00000001) c.nop
core   0: 1 0x000000008000423e (0x0001)
core   0: 0x0000000080004240 (0x00019c93) slli    s9, gp, 0
core   0: 1 0x0000000080004240 (0x00019c93) x25 0x000000000000003f
core   0: 0x0000000080004244 (0xd2050953) fcvt.d.w fs2, a0
core   0: 1 0x0000000080004244 (0xd2050953) f18 0x0000000000000000
core   0: 0x0000000080004248 (0x3230fef3) csrrci  t4, mhpmevent3, 1
core   0: exception trap_illegal_instruction, epc 0x0000000080004248
core   0:           tval 0x000000003230fef3
core   0: >>>>  $xrv64i2p1_m2p0_a2p1_f2p2_d2p2_zicsr2p0_zifencei2p0_zmmul1p0_zba1p0_zbb1p0_zbc1p0_zbs1p0
core   0: 0x0000000080004000 (0x0080006f) j       pc + 0x8
core   0: 3 0x0000000080004000 (0x0080006f)
core   0: >>>>  mmode_exception_handler
core   0: 0x0000000080004008 (0x00002c17) auipc   s8, 0x2
core   0: 3 0x0000000080004008 (0x00002c17) x24 0x0000000080006008
core   0: 0x000000008000400c (0x034c0c13) addi    s8, s8, 52
core   0: 3 0x000000008000400c (0x034c0c13) x24 0x000000008000603c
core   0: 0x0000000080004010 (0x000c00e7) jalr    s8
core   0: 3 0x0000000080004010 (0x000c00e7) x1  0x0000000080004014
core   0: >>>>  any_handler
core   0: 0x000000008000603c (0x341027f3) csrrs   a5, mepc, zero
core   0: 3 0x000000008000603c (0x341027f3) x15 0x0000000080004248
core   0: 0x0000000080006040 (0x34202773) csrrs   a4, mcause, zero
core   0: 3 0x0000000080006040 (0x34202773) x14 0x0000000000000002
core   0: 0x0000000080006044 (0x142026f3) csrrs   a3, scause, zero
core   0: 3 0x0000000080006044 (0x142026f3) x13 0x0000000000000000
core   0: 0x0000000080006048 (0x30402673) csrrs   a2, mie, zero
core   0: 3 0x0000000080006048 (0x30402673) x12 0x0000000000000a00
core   0: 0x000000008000604c (0x344025f3) csrrs   a1, mip, zero
core   0: 3 0x000000008000604c (0x344025f3) x11 0x0000000000000080
core   0: 0x0000000080006050 (0x343025f3) csrrs   a1, mtval, zero
core   0: 3 0x0000000080006050 (0x343025f3) x11 0x000000003230fef3
core   0: 0x0000000080006054 (0x14302573) csrrs   a0, stval, zero
core   0: 3 0x0000000080006054 (0x14302573) x10 0x0000000000000000
core   0: 0x0000000080006058 (0xb02024f3) csrrs   s1, minstret, zero
core   0: 3 0x0000000080006058 (0xb02024f3) x9  0x0000000000000863
core   0: 0x000000008000605c (0x0000a811) c.j     pc + 20
core   0: 3 0x000000008000605c (0xa811)
core   0: >>>>  mepc_4
core   0: 0x0000000080006070 (0x00000791) c.addi  a5, 4
core   0: 3 0x0000000080006070 (0x0791) x15 0x000000008000424c
core   0: 0x0000000080006072 (0x34179073) csrrw   zero, mepc, a5
core   0: 3 0x0000000080006072 (0x34179073) c833_mepc 0x000000008000424c
core   0: 0x0000000080006076 (0x30200073) mret
core   0: 3 0x0000000080006076 (0x30200073) c768_mstatus 0x8000000a00106080
core   0: 0x000000008000424c (0x03ad61b3) rem     gp, s10, s10
core   0: 1 0x000000008000424c (0x03ad61b3) x3  0x0000000000000000
core   0: 0x0000000080004250 (0xc21376d3) fcvt.wu.d a3, ft6
core   0: 1 0x0000000080004250 (0xc21376d3) c1_fflags 0x0000000000000010 x13 0xffffffffffffffff
core   0: 0x0000000080004254 (0x22f697d3) fsgnjn.d fa5, fa3, fa5
core   0: 1 0x0000000080004254 (0x22f697d3) f15 0xc1d4dacc43000000
core   0: 0x0000000080004258 (0x000bc133) xor     sp, s7, zero
core   0: 1 0x0000000080004258 (0x000bc133) x2  0x0000000000000000
core   0: 0x000000008000425c (0xa27a6217) auipc   tp, 0xa27a6
core   0: 1 0x000000008000425c (0xa27a6217) x4  0x00000000227aa25c
core   0: 0x0000000080004260 (0x02e75e93) srli    t4, a4, 46
core   0: 1 0x0000000080004260 (0x02e75e93) x29 0x0000000000000000
core   0: 0x0000000080004264 (0x000092aa) c.add   t0, a0
core   0: 1 0x0000000080004264 (0x92aa) x5  0x8000000000000000
core   0: 0x0000000080004266 (0x019ca033) slt     zero, s9, s9
core   0: 1 0x0000000080004266 (0x019ca033)
core   0: 0x000000008000426a (0x01ccdd3b) srlw    s10, s9, t3
core   0: 1 0x000000008000426a (0x01ccdd3b) x26 0x000000000000003f
core   0: 0x000000008000426e (0x2b4e8d53) fmin.d  fs10, ft9, fs4
core   0: 1 0x000000008000426e (0x2b4e8d53) f26 0x7ff8000000000000
core   0: 0x0000000080004272 (0x4067de33) sra     t3, a5, t1
core   0: 1 0x0000000080004272 (0x4067de33) x28 0x000000008000424c
core   0: 0x0000000080004276 (0x001755bb) srlw    a1, a4, ra
core   0: 1 0x0000000080004276 (0x001755bb) x11 0x0000000000000000
core   0: 0x000000008000427a (0x3029d597) auipc   a1, 0x3029d
core   0: 1 0x000000008000427a (0x3029d597) x11 0x00000000b02a127a
core   0: 0x000000008000427e (0xf1107473) csrrci  s0, mvendorid, 0
core   0: exception trap_illegal_instruction, epc 0x000000008000427e
core   0:           tval 0x00000000f1107473
core   0: >>>>  $xrv64i2p1_m2p0_a2p1_f2p2_d2p2_zicsr2p0_zifencei2p0_zmmul1p0_zba1p0_zbb1p0_zbc1p0_zbs1p0
core   0: 0x0000000080004000 (0x0080006f) j       pc + 0x8
core   0: 3 0x0000000080004000 (0x0080006f)
core   0: >>>>  mmode_exception_handler
core   0: 0x0000000080004008 (0x00002c17) auipc   s8, 0x2
core   0: 3 0x0000000080004008 (0x00002c17) x24 0x0000000080006008
core   0: 0x000000008000400c (0x034c0c13) addi    s8, s8, 52
core   0: 3 0x000000008000400c (0x034c0c13) x24 0x000000008000603c
core   0: 0x0000000080004010 (0x000c00e7) jalr    s8
core   0: 3 0x0000000080004010 (0x000c00e7) x1  0x0000000080004014
core   0: >>>>  any_handler
core   0: 0x000000008000603c (0x341027f3) csrrs   a5, mepc, zero
core   0: 3 0x000000008000603c (0x341027f3) x15 0x000000008000427e
core   0: 0x0000000080006040 (0x34202773) csrrs   a4, mcause, zero
core   0: 3 0x0000000080006040 (0x34202773) x14 0x0000000000000002
core   0: 0x0000000080006044 (0x142026f3) csrrs   a3, scause, zero
core   0: 3 0x0000000080006044 (0x142026f3) x13 0x0000000000000000
core   0: 0x0000000080006048 (0x30402673) csrrs   a2, mie, zero
core   0: 3 0x0000000080006048 (0x30402673) x12 0x0000000000000a00
core   0: 0x000000008000604c (0x344025f3) csrrs   a1, mip, zero
core   0: 3 0x000000008000604c (0x344025f3) x11 0x0000000000000080
core   0: 0x0000000080006050 (0x343025f3) csrrs   a1, mtval, zero
core   0: 3 0x0000000080006050 (0x343025f3) x11 0x00000000f1107473
core   0: 0x0000000080006054 (0x14302573) csrrs   a0, stval, zero
core   0: 3 0x0000000080006054 (0x14302573) x10 0x0000000000000000
core   0: 0x0000000080006058 (0xb02024f3) csrrs   s1, minstret, zero
core   0: 3 0x0000000080006058 (0xb02024f3) x9  0x0000000000000880
core   0: 0x000000008000605c (0x0000a811) c.j     pc + 20
core   0: 3 0x000000008000605c (0xa811)
core   0: >>>>  mepc_4
core   0: 0x0000000080006070 (0x00000791) c.addi  a5, 4
core   0: 3 0x0000000080006070 (0x0791) x15 0x0000000080004282
core   0: 0x0000000080006072 (0x34179073) csrrw   zero, mepc, a5
core   0: 3 0x0000000080006072 (0x34179073) c833_mepc 0x0000000080004282
core   0: 0x0000000080006076 (0x30200073) mret
core   0: 3 0x0000000080006076 (0x30200073) c768_mstatus 0x8000000a00106080
core   0: 0x0000000080004282 (0x43f4dd13) srai    s10, s1, 63
core   0: 1 0x0000000080004282 (0x43f4dd13) x26 0x0000000000000000
core   0: 0x0000000080004286 (0x00000186) c.slli  gp, 1
core   0: 1 0x0000000080004286 (0x0186) x3  0x0000000000000000
core   0: 0x0000000080004288 (0x01706233) or      tp, zero, s7
core   0: 1 0x0000000080004288 (0x01706233) x4  0x0000000000000000
core   0: 0x000000008000428c (0xd021f653) fcvt.s.l fa2, gp
core   0: 1 0x000000008000428c (0xd021f653) f12 0xffffffff00000000
core   0: 0x0000000080004290 (0x069076b7) lui     a3, 0x6907
core   0: 1 0x0000000080004290 (0x069076b7) x13 0x0000000006907000
core   0: 0x0000000080004294 (0x5036869b) addiw   a3, a3, 1283
core   0: 1 0x0000000080004294 (0x5036869b) x13 0x0000000006907503
core   0: 0x0000000080004298 (0x000006b2) c.slli  a3, 12
core   0: 1 0x0000000080004298 (0x06b2) x13 0x0000006907503000
core   0: 0x000000008000429a (0x11b68693) addi    a3, a3, 283
core   0: 1 0x000000008000429a (0x11b68693) x13 0x000000690750311b
core   0: 0x000000008000429e (0xc20c7a53) fcvt.w.d s4, fs8
core   0: 1 0x000000008000429e (0xc20c7a53) c1_fflags 0x0000000000000010 x20 0x000000007fffffff
core   0: 0x00000000800042a2 (0x037ce0bb) remw    ra, s9, s7
core   0: 1 0x00000000800042a2 (0x037ce0bb) x1  0x000000000000003f
core   0: 0x00000000800042a6 (0x0016911b) slliw   sp, a3, 1
core   0: 1 0x00000000800042a6 (0x0016911b) x2  0x000000000ea06236
core   0: 0x00000000800042aa (0x00001413) slli    s0, zero, 0
core   0: 1 0x00000000800042aa (0x00001413) x8  0x0000000000000000
core   0: 0x00000000800042ae (0x01612ab3) slt     s5, sp, s6
core   0: 1 0x00000000800042ae (0x01612ab3) x21 0x0000000000000000
core   0: 0x00000000800042b2 (0xba8d7e47) fmsub.d ft8, fs10, fs0, fs7
core   0: 1 0x00000000800042b2 (0xba8d7e47) f28 0x7ff8000000000000
core   0: 0x00000000800042b6 (0x0200debb) divuw   t4, ra, zero
core   0: 1 0x00000000800042b6 (0x0200debb) x29 0xffffffffffffffff
core   0: 0x00000000800042ba (0x0281fab3) remu    s5, gp, s0
core   0: 1 0x00000000800042ba (0x0281fab3) x21 0x0000000000000000
core   0: 0x00000000800042be (0x4004501b) sraiw   zero, s0, 0
core   0: 1 0x00000000800042be (0x4004501b)
core   0: 0x00000000800042c2 (0x000b581b) srliw   a6, s6, 0
core   0: 1 0x00000000800042c2 (0x000b581b) x16 0x0000000000000000
core   0: 0x00000000800042c6 (0xc20bf453) fcvt.w.d s0, fs7
core   0: 1 0x00000000800042c6 (0xc20bf453) c1_fflags 0x0000000000000010 x8  0x000000007fffffff
core   0: 0x00000000800042ca (0x401a7853) fcvt.s.d fa6, fs4
core   0: 1 0x00000000800042ca (0x401a7853) f16 0xffffffff7fc00000
core   0: 0x00000000800042ce (0xd029f553) fcvt.s.l fa0, s3
core   0: 1 0x00000000800042ce (0xd029f553) f10 0xffffffffbf800000
core   0: 0x00000000800042d2 (0x7c8e62b7) lui     t0, 0x7c8e6
core   0: 1 0x00000000800042d2 (0x7c8e62b7) x5  0x000000007c8e6000
core   0: 0x00000000800042d6 (0x03838db3) mul     s11, t2, s8
core   0: 1 0x00000000800042d6 (0x03838db3) x27 0x0000000000000000
core   0: 0x00000000800042da (0x418ddcb3) sra     s9, s11, s8
core   0: 1 0x00000000800042da (0x418ddcb3) x25 0x0000000000000000
core   0: 0x00000000800042de (0xd0207153) fcvt.s.l ft2, zero
core   0: 1 0x00000000800042de (0xd0207153) f2  0xffffffff00000000
core   0: 0x00000000800042e2 (0x02637d53) fadd.d  fs10, ft6, ft6
core   0: 1 0x00000000800042e2 (0x02637d53) f26 0x7ff8000000000000
core   0: 0x00000000800042e6 (0x2b18f143) fmadd.d ft2, fa7, fa7, ft5
core   0: 1 0x00000000800042e6 (0x2b18f143) f2  0x7ff8000000000000
core   0: 0x00000000800042ea (0xce12039b) addiw   t2, tp, -799
core   0: 1 0x00000000800042ea (0xce12039b) x7  0xfffffffffffffce1
core   0: 0x00000000800042ee (0x009a96bb) sllw    a3, s5, s1
core   0: 1 0x00000000800042ee (0x009a96bb) x13 0x0000000000000000
core   0: 0x00000000800042f2 (0xc02179d3) fcvt.l.s s3, ft2
core   0: 1 0x00000000800042f2 (0xc02179d3) c1_fflags 0x0000000000000010 x19 0x7fffffffffffffff
core   0: 0x00000000800042f6 (0x00daacb3) slt     s9, s5, a3
core   0: 1 0x00000000800042f6 (0x00daacb3) x25 0x0000000000000000
core   0: 0x00000000800042fa (0x4269d713) srai    a4, s3, 38
core   0: 1 0x00000000800042fa (0x4269d713) x14 0x0000000001ffffff
core   0: 0x00000000800042fe (0x00a20ab3) add     s5, tp, a0
core   0: 1 0x00000000800042fe (0x00a20ab3) x21 0x0000000000000000
core   0: 0x0000000080004302 (0x032e2cb7) lui     s9, 0x32e2
core   0: 1 0x0000000080004302 (0x032e2cb7) x25 0x00000000032e2000
core   0: 0x0000000080004306 (0xf9fc8c9b) addiw   s9, s9, -97
core   0: 1 0x0000000080004306 (0xf9fc8c9b) x25 0x00000000032e1f9f
core   0: 0x000000008000430a (0x00000cb2) c.slli  s9, 12
core   0: 1 0x000000008000430a (0x0cb2) x25 0x00000032e1f9f000
core   0: 0x000000008000430c (0x228c8c93) addi    s9, s9, 552
core   0: 1 0x000000008000430c (0x228c8c93) x25 0x00000032e1f9f228
core   0: 0x0000000080004310 (0x0396ed33) rem     s10, a3, s9
core   0: 1 0x0000000080004310 (0x0396ed33) x26 0x0000000000000000
core   0: 0x0000000080004314 (0x23b888d3) fsgnj.d fa7, fa7, fs11
core   0: 1 0x0000000080004314 (0x23b888d3) f17 0xfff8000000000000
core   0: 0x0000000080004318 (0x22630453) fsgnj.d fs0, ft6, ft6
core   0: 1 0x0000000080004318 (0x22630453) f8  0x7ff8000000000000
core   0: 0x000000008000431c (0xe2030ed3) fmv.x.d t4, ft6
core   0: 1 0x000000008000431c (0xe2030ed3) x29 0x7ff8000000000000
core   0: 0x0000000080004320 (0x03caa1b3) mulhsu  gp, s5, t3
core   0: 1 0x0000000080004320 (0x03caa1b3) x3  0x0000000000000000
core   0: 0x0000000080004324 (0x0001db93) srli    s7, gp, 0
core   0: 1 0x0000000080004324 (0x0001db93) x23 0x0000000000000000
core   0: 0x0000000080004328 (0x01707eb3) and     t4, zero, s7
core   0: 1 0x0000000080004328 (0x01707eb3) x29 0x0000000000000000
core   0: 0x000000008000432c (0x0a94fa43) fmadd.d fs4, fs1, fs1, ft1
core   0: 1 0x000000008000432c (0x0a94fa43) f20 0x7ff8000000000000
core   0: 0x0000000080004330 (0x69d54c93) xori    s9, a0, 1693
core   0: 1 0x0000000080004330 (0x69d54c93) x25 0x000000000000069d
core   0: 0x0000000080004334 (0x72cf7647) fmsub.d fa2, ft10, fa2, fa4
core   0: 1 0x0000000080004334 (0x72cf7647) f12 0x7ff8000000000000
core   0: 0x0000000080004338 (0xd2058a53) fcvt.d.w fs4, a1
core   0: 1 0x0000000080004338 (0xd2058a53) f20 0xc1addf171a000000
core   0: 0x000000008000433c (0x0043dcb3) srl     s9, t2, tp
core   0: 1 0x000000008000433c (0x0043dcb3) x25 0xfffffffffffffce1
core   0: 0x0000000080004340 (0x01dcec33) or      s8, s9, t4
core   0: 1 0x0000000080004340 (0x01dcec33) x24 0xfffffffffffffce1
core   0: 0x0000000080004344 (0x0003d013) srli    zero, t2, 0
core   0: 1 0x0000000080004344 (0x0003d013)
core   0: 0x0000000080004348 (0x02005b33) divu    s6, zero, zero
core   0: 1 0x0000000080004348 (0x02005b33) x22 0xffffffffffffffff
core   0: 0x000000008000434c (0x5a047953) fsqrt.d fs2, fs0
core   0: 1 0x000000008000434c (0x5a047953) f18 0x7ff8000000000000
core   0: 0x0000000080004350 (0xc0347a53) fcvt.lu.s s4, fs0
core   0: 1 0x0000000080004350 (0xc0347a53) c1_fflags 0x0000000000000010 x20 0xffffffffffffffff
core   0: 0x0000000080004354 (0x005eceb3) xor     t4, t4, t0
core   0: 1 0x0000000080004354 (0x005eceb3) x29 0x000000007c8e6000
core   0: 0x0000000080004358 (0x01bad7b3) srl     a5, s5, s11
core   0: 1 0x0000000080004358 (0x01bad7b3) x15 0x0000000000000000
core   0: 0x000000008000435c (0xc0397553) fcvt.lu.s a0, fs2
core   0: 1 0x000000008000435c (0xc0397553) c1_fflags 0x0000000000000010 x10 0xffffffffffffffff
core   0: 0x0000000080004360 (0x4618dd17) auipc   s10, 0x4618d
core   0: 1 0x0000000080004360 (0x4618dd17) x26 0x00000000c6191360
core   0: 0x0000000080004364 (0xc02cfed3) fcvt.l.s t4, fs9
core   0: 1 0x0000000080004364 (0xc02cfed3) x29 0x0000000000000000
core   0: 0x0000000080004368 (0x40fd02b3) sub     t0, s10, a5
core   0: 1 0x0000000080004368 (0x40fd02b3) x5  0x00000000c6191360
core   0: 0x000000008000436c (0xb8223373) csrrc   t1, minstreth, tp
core   0: exception trap_illegal_instruction, epc 0x000000008000436c
core   0:           tval 0x00000000b8223373
core   0: >>>>  $xrv64i2p1_m2p0_a2p1_f2p2_d2p2_zicsr2p0_zifencei2p0_zmmul1p0_zba1p0_zbb1p0_zbc1p0_zbs1p0
core   0: 0x0000000080004000 (0x0080006f) j       pc + 0x8
core   0: 3 0x0000000080004000 (0x0080006f)
core   0: >>>>  mmode_exception_handler
core   0: 0x0000000080004008 (0x00002c17) auipc   s8, 0x2
core   0: 3 0x0000000080004008 (0x00002c17) x24 0x0000000080006008
core   0: 0x000000008000400c (0x034c0c13) addi    s8, s8, 52
core   0: 3 0x000000008000400c (0x034c0c13) x24 0x000000008000603c
core   0: 0x0000000080004010 (0x000c00e7) jalr    s8
core   0: 3 0x0000000080004010 (0x000c00e7) x1  0x0000000080004014
core   0: >>>>  any_handler
core   0: 0x000000008000603c (0x341027f3) csrrs   a5, mepc, zero
core   0: 3 0x000000008000603c (0x341027f3) x15 0x000000008000436c
core   0: 0x0000000080006040 (0x34202773) csrrs   a4, mcause, zero
core   0: 3 0x0000000080006040 (0x34202773) x14 0x0000000000000002
core   0: 0x0000000080006044 (0x142026f3) csrrs   a3, scause, zero
core   0: 3 0x0000000080006044 (0x142026f3) x13 0x0000000000000000
core   0: 0x0000000080006048 (0x30402673) csrrs   a2, mie, zero
core   0: 3 0x0000000080006048 (0x30402673) x12 0x0000000000000a00
core   0: 0x000000008000604c (0x344025f3) csrrs   a1, mip, zero
core   0: 3 0x000000008000604c (0x344025f3) x11 0x0000000000000080
core   0: 0x0000000080006050 (0x343025f3) csrrs   a1, mtval, zero
core   0: 3 0x0000000080006050 (0x343025f3) x11 0x00000000b8223373
core   0: 0x0000000080006054 (0x14302573) csrrs   a0, stval, zero
core   0: 3 0x0000000080006054 (0x14302573) x10 0x0000000000000000
core   0: 0x0000000080006058 (0xb02024f3) csrrs   s1, minstret, zero
core   0: 3 0x0000000080006058 (0xb02024f3) x9  0x00000000000008cc
core   0: 0x000000008000605c (0x0000a811) c.j     pc + 20
core   0: 3 0x000000008000605c (0xa811)
core   0: >>>>  mepc_4
core   0: 0x0000000080006070 (0x00000791) c.addi  a5, 4
core   0: 3 0x0000000080006070 (0x0791) x15 0x0000000080004370
core   0: 0x0000000080006072 (0x34179073) csrrw   zero, mepc, a5
core   0: 3 0x0000000080006072 (0x34179073) c833_mepc 0x0000000080004370
core   0: 0x0000000080006076 (0x30200073) mret
core   0: 3 0x0000000080006076 (0x30200073) c768_mstatus 0x8000000a00106080
core   0: 0x0000000080004370 (0x402e5e33) sra     t3, t3, sp
core   0: 1 0x0000000080004370 (0x402e5e33) x28 0x0000000000000000
core   0: 0x0000000080004374 (0x40d25913) srai    s2, tp, 13
core   0: 1 0x0000000080004374 (0x40d25913) x18 0x0000000000000000
core   0: 0x0000000080004378 (0x22ce1cd3) fsgnjn.d fs9, ft8, fa2
core   0: 1 0x0000000080004378 (0x22ce1cd3) f25 0xfff8000000000000
core   0: 0x000000008000437c (0x000bea13) ori     s4, s7, 0
core   0: 1 0x000000008000437c (0x000bea13) x20 0x0000000000000000
core   0: 0x0000000080004380 (0x03641cb3) mulh    s9, s0, s6
core   0: 1 0x0000000080004380 (0x03641cb3) x25 0xffffffffffffffff
core   0: 0x0000000080004384 (0x01481dbb) sllw    s11, a6, s4
core   0: 1 0x0000000080004384 (0x01481dbb) x27 0x0000000000000000
core   0: 0x0000000080004388 (0x1a60f353) fdiv.d  ft6, ft1, ft6
core   0: 1 0x0000000080004388 (0x1a60f353) f6  0x7ff8000000000000
core   0: 0x000000008000438c (0x0000907d) c.srli  s0, 63
core   0: 1 0x000000008000438c (0x907d) x8  0x0000000000000000
core   0: 0x000000008000438e (0x005a4c33) xor     s8, s4, t0
core   0: 1 0x000000008000438e (0x005a4c33) x24 0x00000000c6191360
core   0: 0x0000000080004392 (0xbfdc7a93) andi    s5, s8, -1027
core   0: 1 0x0000000080004392 (0xbfdc7a93) x21 0x00000000c6191360
core   0: 0x0000000080004396 (0x4181d033) sra     zero, gp, s8
core   0: 1 0x0000000080004396 (0x4181d033)
core   0: 0x000000008000439a (0x23762c53) fsgnjx.d fs8, fa2, fs7
core   0: 1 0x000000008000439a (0x23762c53) f24 0xfff8000000000000
core   0: 0x000000008000439e (0xc2047153) fcvt.w.d sp, fs0
core   0: 1 0x000000008000439e (0xc2047153) c1_fflags 0x0000000000000010 x2  0x000000007fffffff
core   0: 0x00000000800043a2 (0x0077093b) addw    s2, a4, t2
core   0: 1 0x00000000800043a2 (0x0077093b) x18 0xfffffffffffffce3
core   0: 0x00000000800043a6 (0x80090a9b) addiw   s5, s2, -2048
core   0: 1 0x00000000800043a6 (0x80090a9b) x21 0xfffffffffffff4e3
core   0: 0x00000000800043aa (0x02a90c13) addi    s8, s2, 42
core   0: 1 0x00000000800043aa (0x02a90c13) x24 0xfffffffffffffd0d
core   0: 0x00000000800043ae (0x40135c93) srai    s9, t1, 1
core   0: 1 0x00000000800043ae (0x40135c93) x25 0x0000000000000000
core   0: 0x00000000800043b2 (0x80050913) addi    s2, a0, -2048
core   0: 1 0x00000000800043b2 (0x80050913) x18 0xfffffffffffff800
core   0: 0x00000000800043b6 (0x00202073) csrrs   zero, frm, zero
core   0: 1 0x00000000800043b6 (0x00202073)
core   0: 0x00000000800043ba (0x0257eebb) remw    t4, a5, t0
core   0: 1 0x00000000800043ba (0x0257eebb) x29 0xfffffffff3ce1cb0
core   0: 0x00000000800043be (0xccd71c17) auipc   s8, 0xccd71
core   0: 1 0x00000000800043be (0xccd71c17) x24 0x000000004cd753be
core   0: 0x00000000800043c2 (0x01134333) xor     t1, t1, a7
core   0: 1 0x00000000800043c2 (0x01134333) x6  0x0000000000000000
core   0: 0x00000000800043c6 (0x00c79133) sll     sp, a5, a2
core   0: 1 0x00000000800043c6 (0x00c79133) x2  0x0000000080004370
core   0: 0x00000000800043ca (0x02cb403b) divw    zero, s6, a2
core   0: 1 0x00000000800043ca (0x02cb403b)
core   0: 0x00000000800043ce (0xc21c7e53) fcvt.wu.d t3, fs8
core   0: 1 0x00000000800043ce (0xc21c7e53) c1_fflags 0x0000000000000010 x28 0xffffffffffffffff
core   0: 0x00000000800043d2 (0x03326233) rem     tp, tp, s3
core   0: 1 0x00000000800043d2 (0x03326233) x4  0x0000000000000000
core   0: 0x00000000800043d6 (0xf13cabf3) csrrs   s7, mimpid, s9
core   0: exception trap_illegal_instruction, epc 0x00000000800043d6
core   0:           tval 0x00000000f13cabf3
core   0: >>>>  $xrv64i2p1_m2p0_a2p1_f2p2_d2p2_zicsr2p0_zifencei2p0_zmmul1p0_zba1p0_zbb1p0_zbc1p0_zbs1p0
core   0: 0x0000000080004000 (0x0080006f) j       pc + 0x8
core   0: 3 0x0000000080004000 (0x0080006f)
core   0: >>>>  mmode_exception_handler
core   0: 0x0000000080004008 (0x00002c17) auipc   s8, 0x2
core   0: 3 0x0000000080004008 (0x00002c17) x24 0x0000000080006008
core   0: 0x000000008000400c (0x034c0c13) addi    s8, s8, 52
core   0: 3 0x000000008000400c (0x034c0c13) x24 0x000000008000603c
core   0: 0x0000000080004010 (0x000c00e7) jalr    s8
core   0: 3 0x0000000080004010 (0x000c00e7) x1  0x0000000080004014
core   0: >>>>  any_handler
core   0: 0x000000008000603c (0x341027f3) csrrs   a5, mepc, zero
core   0: 3 0x000000008000603c (0x341027f3) x15 0x00000000800043d6
core   0: 0x0000000080006040 (0x34202773) csrrs   a4, mcause, zero
core   0: 3 0x0000000080006040 (0x34202773) x14 0x0000000000000002
core   0: 0x0000000080006044 (0x142026f3) csrrs   a3, scause, zero
core   0: 3 0x0000000080006044 (0x142026f3) x13 0x0000000000000000
core   0: 0x0000000080006048 (0x30402673) csrrs   a2, mie, zero
core   0: 3 0x0000000080006048 (0x30402673) x12 0x0000000000000a00
core   0: 0x000000008000604c (0x344025f3) csrrs   a1, mip, zero
core   0: 3 0x000000008000604c (0x344025f3) x11 0x0000000000000080
core   0: 0x0000000080006050 (0x343025f3) csrrs   a1, mtval, zero
core   0: 3 0x0000000080006050 (0x343025f3) x11 0x00000000f13cabf3
core   0: 0x0000000080006054 (0x14302573) csrrs   a0, stval, zero
core   0: 3 0x0000000080006054 (0x14302573) x10 0x0000000000000000
core   0: 0x0000000080006058 (0xb02024f3) csrrs   s1, minstret, zero
core   0: 3 0x0000000080006058 (0xb02024f3) x9  0x00000000000008f6
core   0: 0x000000008000605c (0x0000a811) c.j     pc + 20
core   0: 3 0x000000008000605c (0xa811)
core   0: >>>>  mepc_4
core   0: 0x0000000080006070 (0x00000791) c.addi  a5, 4
core   0: 3 0x0000000080006070 (0x0791) x15 0x00000000800043da
core   0: 0x0000000080006072 (0x34179073) csrrw   zero, mepc, a5
core   0: 3 0x0000000080006072 (0x34179073) c833_mepc 0x00000000800043da
core   0: 0x0000000080006076 (0x30200073) mret
core   0: 3 0x0000000080006076 (0x30200073) c768_mstatus 0x8000000a00106080
core   0: 0x00000000800043da (0xe2971697) auipc   a3, 0xe2971
core   0: 1 0x00000000800043da (0xe2971697) x13 0x00000000629753da
core   0: 0x00000000800043de (0x00000952) c.slli  s2, 20
core   0: 1 0x00000000800043de (0x0952) x18 0xffffffff80000000
core   0: 0x00000000800043e0 (0x87f6861b) addiw   a2, a3, -1921
core   0: 1 0x00000000800043e0 (0x87f6861b) x12 0x0000000062974c59
core   0: 0x00000000800043e4 (0xd2168a53) fcvt.d.wu fs4, a3
core   0: 1 0x00000000800043e4 (0xd2168a53) f20 0x41d8a5d4f6800000
core   0: 0x00000000800043e8 (0xc3b5714b) fnmsub.d ft2, fa0, fs11, fs8
core   0: 1 0x00000000800043e8 (0xc3b5714b) f2  0x7ff8000000000000
core   0: 0x00000000800043ec (0x0196d23b) srlw    tp, a3, s9
core   0: 1 0x00000000800043ec (0x0196d23b) x4  0x00000000629753da
core   0: 0x00000000800043f0 (0x0ff0000f) fence   iorw,iorw
core   0: 1 0x00000000800043f0 (0x0ff0000f)
core   0: 0x00000000800043f4 (0x03b39193) slli    gp, t2, 59
core   0: 1 0x00000000800043f4 (0x03b39193) x3  0x0800000000000000
core   0: 0x00000000800043f8 (0x0210843b) mulw    s0, ra, ra
core   0: 1 0x00000000800043f8 (0x0210843b) x8  0x00000000100a0190
core   0: 0x00000000800043fc (0x41b7d79b) sraiw   a5, a5, 27
core   0: 1 0x00000000800043fc (0x41b7d79b) x15 0xfffffffffffffff0
core   0: 0x0000000080004400 (0x71630693) addi    a3, t1, 1814
core   0: 1 0x0000000080004400 (0x71630693) x13 0x0000000000000716
core   0: 0x0000000080004404 (0xa2050d53) fle.d   s10, fa0, ft0
core   0: 1 0x0000000080004404 (0xa2050d53) c1_fflags 0x0000000000000010 x26 0x0000000000000000
core   0: 0x0000000080004408 (0x020187bb) mulw    a5, gp, zero
core   0: 1 0x0000000080004408 (0x020187bb) x15 0x0000000000000000
core   0: 0x000000008000440c (0x0a9afad3) fsub.d  fs5, fs5, fs1
core   0: 1 0x000000008000440c (0x0a9afad3) f21 0x7ff8000000000000
core   0: 0x0000000080004410 (0x43f6dd13) srai    s10, a3, 63
core   0: 1 0x0000000080004410 (0x43f6dd13) x26 0x0000000000000000
core   0: 0x0000000080004414 (0x0284f433) remu    s0, s1, s0
core   0: 1 0x0000000080004414 (0x0284f433) x8  0x00000000000008f6
core   0: 0x0000000080004418 (0x4013f3d3) fcvt.s.d ft7, ft7
core   0: 1 0x0000000080004418 (0x4013f3d3) f7  0xffffffff00000000
core   0: 0x000000008000441c (0x003595b3) sll     a1, a1, gp
core   0: 1 0x000000008000441c (0x003595b3) x11 0x00000000f13cabf3
core   0: 0x0000000080004420 (0x7ac47d93) andi    s11, s0, 1964
core   0: 1 0x0000000080004420 (0x7ac47d93) x27 0x00000000000000a4
core   0: 0x0000000080004424 (0x42e17443) fmadd.d fs0, ft2, fa4, fs0
core   0: 1 0x0000000080004424 (0x42e17443) f8  0x7ff8000000000000
core   0: 0x0000000080004428 (0x2bbd9dd3) fmax.d  fs11, fs11, fs11
core   0: 1 0x0000000080004428 (0x2bbd9dd3) f27 0x7ff8000000000000
core   0: 0x000000008000442c (0x0002509b) srliw   ra, tp, 0
core   0: 1 0x000000008000442c (0x0002509b) x1  0x00000000629753da
core   0: 0x0000000080004430 (0x98590e9b) addiw   t4, s2, -1659
core   0: 1 0x0000000080004430 (0x98590e9b) x29 0x000000007ffff985
core   0: 0x0000000080004434 (0x0275a3b3) mulhsu  t2, a1, t2
core   0: 1 0x0000000080004434 (0x0275a3b3) x7  0x00000000f13cabf2
core   0: 0x0000000080004438 (0x002394f3) csrrw   s1, frm, t2
core   0: 1 0x0000000080004438 (0x002394f3) x9  0x0000000000000000 c2_frm 0x0000000000000002
core   0: 0x000000008000443c (0x03c97e33) remu    t3, s2, t3
core   0: 1 0x000000008000443c (0x03c97e33) x28 0xffffffff80000000
core   0: 0x0000000080004440 (0x4156dab3) sra     s5, a3, s5
core   0: 1 0x0000000080004440 (0x4156dab3) x21 0x0000000000000000
core   0: 0x0000000080004444 (0xc23e7d53) fcvt.lu.d s10, ft8
core   0: 1 0x0000000080004444 (0xc23e7d53) c1_fflags 0x0000000000000010 x26 0xffffffffffffffff
core   0: 0x0000000080004448 (0x4006003b) subw    zero, a2, zero
core   0: 1 0x0000000080004448 (0x4006003b)
core   0: 0x000000008000444c (0x401273d3) fcvt.s.d ft7, ft4
core   0: 1 0x000000008000444c (0x401273d3) f7  0xffffffff7fc00000
core   0: 0x0000000080004450 (0xd0267ed3) fcvt.s.l ft9, a2
core   0: 1 0x0000000080004450 (0xd0267ed3) c1_fflags 0x0000000000000011 f29 0xffffffff4ec52e98
core   0: 0x0000000080004454 (0xd03d7ad3) fcvt.s.lu fs5, s10
core   0: 1 0x0000000080004454 (0xd03d7ad3) c1_fflags 0x0000000000000011 f21 0xffffffff5f7fffff
core   0: 0x0000000080004458 (0x002e1b33) sll     s6, t3, sp
core   0: 1 0x0000000080004458 (0x002e1b33) x22 0x0000000000000000
core   0: 0x000000008000445c (0x0bea774b) fnmsub.d fa4, fs4, ft10, ft1
core   0: 1 0x000000008000445c (0x0bea774b) f14 0x7ff8000000000000
core   0: 0x0000000080004460 (0xc22f71d3) fcvt.l.d gp, ft10
core   0: 1 0x0000000080004460 (0xc22f71d3) c1_fflags 0x0000000000000011 x3  0x7fffffffffffffff
core   0: 0x0000000080004464 (0xd02270d3) fcvt.s.l ft1, tp
core   0: 1 0x0000000080004464 (0xd02270d3) c1_fflags 0x0000000000000011 f1  0xffffffff4ec52ea7
core   0: 0x0000000080004468 (0x001c12f3) csrrw   t0, fflags, s8
core   0: 1 0x0000000080004468 (0x001c12f3) x5  0x0000000000000011 c1_fflags 0x000000000000001c
core   0: 0x000000008000446c (0x22e2a7d3) fsgnjx.d fa5, ft5, fa4
core   0: 1 0x000000008000446c (0x22e2a7d3) f15 0x7fffffff00000000
core   0: 0x0000000080004470 (0x40845e3b) sraw    t3, s0, s0
core   0: 1 0x0000000080004470 (0x40845e3b) x28 0x0000000000000000
core   0: 0x0000000080004474 (0x002d18f3) csrrw   a7, frm, s10
core   0: 1 0x0000000080004474 (0x002d18f3) x17 0x0000000000000002 c2_frm 0x0000000000000007
core   0: 0x0000000080004478 (0xf20e08d3) fmv.d.x fa7, t3
core   0: 1 0x0000000080004478 (0xf20e08d3) f17 0x0000000000000000
core   0: 0x000000008000447c (0x228fa8d3) fsgnjx.d fa7, ft11, fs0
core   0: 1 0x000000008000447c (0x228fa8d3) f17 0x7ff8000000000000
core   0: 0x0000000080004480 (0x01c634b7) lui     s1, 0x1c63
core   0: 1 0x0000000080004480 (0x01c634b7) x9  0x0000000001c63000
core   0: 0x0000000080004484 (0x4354849b) addiw   s1, s1, 1077
core   0: 1 0x0000000080004484 (0x4354849b) x9  0x0000000001c63435
core   0: 0x0000000080004488 (0x000004b2) c.slli  s1, 12
core   0: 1 0x0000000080004488 (0x04b2) x9  0x0000001c63435000
core   0: 0x000000008000448a (0x1f848493) addi    s1, s1, 504
core   0: 1 0x000000008000448a (0x1f848493) x9  0x0000001c634351f8
core   0: 0x000000008000448e (0x01649b13) slli    s6, s1, 22
core   0: 1 0x000000008000448e (0x01649b13) x22 0x0718d0d47e000000
core   0: 0x0000000080004492 (0xf8607c93) andi    s9, zero, -122
core   0: 1 0x0000000080004492 (0xf8607c93) x25 0x0000000000000000
core   0: 0x0000000080004496 (0x023cd913) srli    s2, s9, 35
core   0: 1 0x0000000080004496 (0x023cd913) x18 0x0000000000000000
core   0: 0x000000008000449a (0xe2090bd3) fmv.x.d s7, fs2
core   0: 1 0x000000008000449a (0xe2090bd3) x23 0x7ff8000000000000
core   0: 0x000000008000449e (0xfaadfeb7) lui     t4, 0xfaadf
core   0: 1 0x000000008000449e (0xfaadfeb7) x29 0xfffffffffaadf000
core   0: 0x00000000800044a2 (0x2fde8e9b) addiw   t4, t4, 765
core   0: 1 0x00000000800044a2 (0x2fde8e9b) x29 0xfffffffffaadf2fd
core   0: 0x00000000800044a6 (0x00000eb2) c.slli  t4, 12
core   0: 1 0x00000000800044a6 (0x0eb2) x29 0xffffffaadf2fd000
core   0: 0x00000000800044a8 (0xbe8e8e93) addi    t4, t4, -1048
core   0: 1 0x00000000800044a8 (0xbe8e8e93) x29 0xffffffaadf2fcbe8
core   0: 0x00000000800044ac (0x00289073) csrrw   zero, frm, a7
core   0: 1 0x00000000800044ac (0x00289073) c2_frm 0x0000000000000002
core   0: 0x00000000800044b0 (0x02004733) div     a4, zero, zero
core   0: 1 0x00000000800044b0 (0x02004733) x14 0xffffffffffffffff
core   0: 0x00000000800044b4 (0x02b45633) divu    a2, s0, a1
core   0: 1 0x00000000800044b4 (0x02b45633) x12 0x0000000000000000
core   0: 0x00000000800044b8 (0xab9ff14f) fnmadd.d ft2, ft11, fs9, fs5
core   0: 1 0x00000000800044b8 (0xab9ff14f) f2  0x7ff8000000000000
core   0: 0x00000000800044bc (0x0228f653) fadd.d  fa2, fa7, ft2
core   0: 1 0x00000000800044bc (0x0228f653) f12 0x7ff8000000000000
core   0: 0x00000000800044c0 (0xc2167953) fcvt.wu.d s2, fa2
core   0: 1 0x00000000800044c0 (0xc2167953) c1_fflags 0x000000000000001c x18 0xffffffffffffffff
core   0: 0x00000000800044c4 (0x412a53b3) sra     t2, s4, s2
core   0: 1 0x00000000800044c4 (0x412a53b3) x7  0x0000000000000000
core   0: 0x00000000800044c8 (0x0083a2b3) slt     t0, t2, s0
core   0: 1 0x00000000800044c8 (0x0083a2b3) x5  0x0000000000000001
core   0: 0x00000000800044cc (0x025adc33) divu    s8, s5, t0
core   0: 1 0x00000000800044cc (0x025adc33) x24 0x0000000000000000
core   0: 0x00000000800044d0 (0x00000001) c.nop
core   0: 1 0x00000000800044d0 (0x0001)
core   0: 0x00000000800044d2 (0x40f5d433) sra     s0, a1, a5
core   0: 1 0x00000000800044d2 (0x40f5d433) x8  0x00000000f13cabf3
core   0: 0x00000000800044d6 (0x0007083b) addw    a6, a4, zero
core   0: 1 0x00000000800044d6 (0x0007083b) x16 0xffffffffffffffff
core   0: 0x00000000800044da (0xd2287d53) fcvt.d.l fs10, a6
core   0: 1 0x00000000800044da (0xd2287d53) f26 0xbff0000000000000
core   0: 0x00000000800044de (0xfe2b69b7) lui     s3, 0xfe2b6
core   0: 1 0x00000000800044de (0xfe2b69b7) x19 0xfffffffffe2b6000
core   0: 0x00000000800044e2 (0x4679899b) addiw   s3, s3, 1127
core   0: 1 0x00000000800044e2 (0x4679899b) x19 0xfffffffffe2b6467
core   0: 0x00000000800044e6 (0x000009b2) c.slli  s3, 12
core   0: 1 0x00000000800044e6 (0x09b2) x19 0xffffffe2b6467000
core   0: 0x00000000800044e8 (0xd3398993) addi    s3, s3, -717
core   0: 1 0x00000000800044e8 (0xd3398993) x19 0xffffffe2b6466d33
core   0: 0x00000000800044ec (0x2d94f793) andi    a5, s1, 729
core   0: 1 0x00000000800044ec (0x2d94f793) x15 0x00000000000000d8
core   0: 0x00000000800044f0 (0x1a367553) fdiv.d  fa0, fa2, ft3
core   0: 1 0x00000000800044f0 (0x1a367553) f10 0x7ff8000000000000
core   0: 0x00000000800044f4 (0x0111c733) xor     a4, gp, a7
core   0: 1 0x00000000800044f4 (0x0111c733) x14 0x7ffffffffffffffd
core   0: 0x00000000800044f8 (0x02eda0b3) mulhsu  ra, s11, a4
core   0: 1 0x00000000800044f8 (0x02eda0b3) x1  0x0000000000000051
core   0: 0x00000000800044fc (0x00000001) c.nop
core   0: 1 0x00000000800044fc (0x0001)
core   0: 0x00000000800044fe (0x002acab3) xor     s5, s5, sp
core   0: 1 0x00000000800044fe (0x002acab3) x21 0x0000000080004370
core   0: 0x0000000080004502 (0x025aca33) div     s4, s5, t0
core   0: 1 0x0000000080004502 (0x025aca33) x20 0x0000000080004370
core   0: 0x0000000080004506 (0x420f8953) fcvt.d.s fs2, ft11
core   0: 1 0x0000000080004506 (0x420f8953) f18 0x7ff8000000000000
core   0: 0x000000008000450a (0x00759c1b) slliw   s8, a1, 7
core   0: 1 0x000000008000450a (0x00759c1b) x24 0xffffffff9e55f980
core   0: 0x000000008000450e (0x00000001) c.nop
core   0: 1 0x000000008000450e (0x0001)
core   0: 0x0000000080004510 (0x01fdde1b) srliw   t3, s11, 31
core   0: 1 0x0000000080004510 (0x01fdde1b) x28 0x0000000000000000
core   0: 0x0000000080004514 (0x1ffa0313) addi    t1, s4, 511
core   0: 1 0x0000000080004514 (0x1ffa0313) x6  0x000000008000456f
core   0: 0x0000000080004518 (0x00000001) c.nop
core   0: 1 0x0000000080004518 (0x0001)
core   0: 0x000000008000451a (0xc0387253) fcvt.lu.s tp, fa6
core   0: 1 0x000000008000451a (0xc0387253) c1_fflags 0x000000000000001c x4  0xffffffffffffffff
core   0: 0x000000008000451e (0x40435333) sra     t1, t1, tp
core   0: 1 0x000000008000451e (0x40435333) x6  0x0000000000000000
core   0: 0x0000000080004522 (0x800b8d9b) addiw   s11, s7, -2048
core   0: 1 0x0000000080004522 (0x800b8d9b) x27 0xfffffffffffff800
core   0: 0x0000000080004526 (0xd4dbf793) andi    a5, s7, -691
core   0: 1 0x0000000080004526 (0xd4dbf793) x15 0x7ff8000000000000
core   0: 0x000000008000452a (0xe20e02d3) fmv.x.d t0, ft8
core   0: 1 0x000000008000452a (0xe20e02d3) x5  0x7ff8000000000000
core   0: 0x000000008000452e (0x03bd8133) mul     sp, s11, s11
core   0: 1 0x000000008000452e (0x03bd8133) x2  0x0000000000400000
core   0: 0x0000000080004532 (0x412a08bb) subw    a7, s4, s2
core   0: 1 0x0000000080004532 (0x412a08bb) x17 0xffffffff80004371
core   0: 0x0000000080004536 (0x002021f3) csrrs   gp, frm, zero
core   0: 1 0x0000000080004536 (0x002021f3) x3  0x0000000000000002
core   0: 0x000000008000453a (0x23a02a53) fsgnjx.d fs4, ft0, fs10
core   0: 1 0x000000008000453a (0x23a02a53) f20 0xffffffff00000000
core   0: 0x000000008000453e (0x01f1d81b) srliw   a6, gp, 31
core   0: 1 0x000000008000453e (0x01f1d81b) x16 0x0000000000000000
core   0: 0x0000000080004542 (0xe9d27213) andi    tp, tp, -355
core   0: 1 0x0000000080004542 (0xe9d27213) x4  0xfffffffffffffe9d
core   0: 0x0000000080004546 (0xd25a72c7) fmsub.d ft5, fs4, ft5, fs10
core   0: 1 0x0000000080004546 (0xd25a72c7) f5  0x7ff8000000000000
core   0: 0x000000008000454a (0x01d017bb) sllw    a5, zero, t4
core   0: 1 0x000000008000454a (0x01d017bb) x15 0x0000000000000000
core   0: 0x000000008000454e (0x40c5d19b) sraiw   gp, a1, 12
core   0: 1 0x000000008000454e (0x40c5d19b) x3  0xffffffffffff13ca
core   0: 0x0000000080004552 (0x00feeeb3) or      t4, t4, a5
core   0: 1 0x0000000080004552 (0x00feeeb3) x29 0xffffffaadf2fcbe8
core   0: 0x0000000080004556 (0x4007dd93) srai    s11, a5, 0
core   0: 1 0x0000000080004556 (0x4007dd93) x27 0x0000000000000000
core   0: 0x000000008000455a (0x01bda533) slt     a0, s11, s11
core   0: 1 0x000000008000455a (0x01bda533) x10 0x0000000000000000
core   0: 0x000000008000455e (0x02a8b8b3) mulhu   a7, a7, a0
core   0: 1 0x000000008000455e (0x02a8b8b3) x17 0x0000000000000000
core   0: 0x0000000080004562 (0xc21d79d3) fcvt.wu.d s3, fs10
core   0: 1 0x0000000080004562 (0xc21d79d3) c1_fflags 0x000000000000001c x19 0x0000000000000000
core   0: 0x0000000080004566 (0x02a9e9b3) rem     s3, s3, a0
core   0: 1 0x0000000080004566 (0x02a9e9b3) x19 0x0000000000000000
core   0: 0x000000008000456a (0x40628cbb) subw    s9, t0, t1
core   0: 1 0x000000008000456a (0x40628cbb) x25 0x0000000000000000
core   0: 0x000000008000456e (0x0ff0000f) fence   iorw,iorw
core   0: 1 0x000000008000456e (0x0ff0000f)
core   0: 0x0000000080004572 (0x0003891b) sext.w  s2, t2
core   0: 1 0x0000000080004572 (0x0003891b) x18 0x0000000000000000
core   0: 0x0000000080004576 (0x55231797) auipc   a5, 0x55231
core   0: 1 0x0000000080004576 (0x55231797) x15 0x00000000d5235576
core   0: 0x000000008000457a (0x43eed613) srai    a2, t4, 62
core   0: 1 0x000000008000457a (0x43eed613) x12 0xffffffffffffffff
core   0: 0x000000008000457e (0x1b6d7b53) fdiv.d  fs6, fs10, fs6
core   0: 1 0x000000008000457e (0x1b6d7b53) f22 0x7ff8000000000000
core   0: 0x0000000080004582 (0x41c386b3) sub     a3, t2, t3
core   0: 1 0x0000000080004582 (0x41c386b3) x13 0x0000000000000000
core   0: 0x0000000080004586 (0x01121233) sll     tp, tp, a7
core   0: 1 0x0000000080004586 (0x01121233) x4  0xfffffffffffffe9d
core   0: 0x000000008000458a (0x00e595b3) sll     a1, a1, a4
core   0: 1 0x000000008000458a (0x00e595b3) x11 0x6000000000000000
core   0: 0x000000008000458e (0x0045e433) or      s0, a1, tp
core   0: 1 0x000000008000458e (0x0045e433) x8  0xfffffffffffffe9d
core   0: 0x0000000080004592 (0xd221f9d3) fcvt.d.l fs3, gp
core   0: 1 0x0000000080004592 (0xd221f9d3) f19 0xc0ed86c000000000
core   0: 0x0000000080004596 (0x01461ab3) sll     s5, a2, s4
core   0: 1 0x0000000080004596 (0x01461ab3) x21 0xffff000000000000
core   0: 0x000000008000459a (0x414a02b3) sub     t0, s4, s4
core   0: 1 0x000000008000459a (0x414a02b3) x5  0x0000000000000000
core   0: 0x000000008000459e (0xd2138cd3) fcvt.d.wu fs9, t2
core   0: 1 0x000000008000459e (0xd2138cd3) f25 0x0000000000000000
core   0: 0x00000000800045a2 (0x03213933) mulhu   s2, sp, s2
core   0: 1 0x00000000800045a2 (0x03213933) x18 0x0000000000000000
core   0: 0x00000000800045a6 (0x00009d52) c.add   s10, s4
core   0: 1 0x00000000800045a6 (0x9d52) x26 0x000000008000436f
core   0: 0x00000000800045a8 (0x40215c3b) sraw    s8, sp, sp
core   0: 1 0x00000000800045a8 (0x40215c3b) x24 0x0000000000400000
core   0: 0x00000000800045ac (0x0ff0000f) fence   iorw,iorw
core   0: 1 0x00000000800045ac (0x0ff0000f)
core   0: 0x00000000800045b0 (0x2af58653) fmin.d  fa2, fa1, fa5
core   0: 1 0x00000000800045b0 (0x2af58653) f12 0x7ff8000000000000
core   0: 0x00000000800045b4 (0xbddd8a17) auipc   s4, 0xbddd8
core   0: 1 0x00000000800045b4 (0xbddd8a17) x20 0x000000003dddc5b4
core   0: 0x00000000800045b8 (0x0067cb33) xor     s6, a5, t1
core   0: 1 0x00000000800045b8 (0x0067cb33) x22 0x00000000d5235576
core   0: 0x00000000800045bc (0x40197dd3) fcvt.s.d fs11, fs2
core   0: 1 0x00000000800045bc (0x40197dd3) f27 0xffffffff7fc00000
core   0: 0x00000000800045c0 (0x017b08b3) add     a7, s6, s7
core   0: 1 0x00000000800045c0 (0x017b08b3) x17 0x7ff80000d5235576
core   0: 0x00000000800045c4 (0x000b571b) srliw   a4, s6, 0
core   0: 1 0x00000000800045c4 (0x000b571b) x14 0xffffffffd5235576
core   0: 0x00000000800045c8 (0x00102973) csrrs   s2, fflags, zero
core   0: 1 0x00000000800045c8 (0x00102973) x18 0x000000000000001c
core   0: 0x00000000800045cc (0x1295fa53) fmul.d  fs4, fa1, fs1
core   0: 1 0x00000000800045cc (0x1295fa53) f20 0x7ff8000000000000
core   0: 0x00000000800045d0 (0x0ff0000f) fence   iorw,iorw
core   0: 1 0x00000000800045d0 (0x0ff0000f)
core   0: 0x00000000800045d4 (0x64b2fc93) andi    s9, t0, 1611
core   0: 1 0x00000000800045d4 (0x64b2fc93) x25 0x0000000000000000
core   0: 0x00000000800045d8 (0x01ad0e33) add     t3, s10, s10
core   0: 1 0x00000000800045d8 (0x01ad0e33) x28 0x00000001000086de
core   0: 0x00000000800045dc (0x02c02e33) mulhsu  t3, zero, a2
core   0: 1 0x00000000800045dc (0x02c02e33) x28 0x0000000000000000
core   0: 0x00000000800045e0 (0x4179003b) subw    zero, s2, s7
core   0: 1 0x00000000800045e0 (0x4179003b)
core   0: 0x00000000800045e4 (0x00f696bb) sllw    a3, a3, a5
core   0: 1 0x00000000800045e4 (0x00f696bb) x13 0x0000000000000000
core   0: 0x00000000800045e8 (0xd037fc53) fcvt.s.lu fs8, a5
core   0: 1 0x00000000800045e8 (0xd037fc53) c1_fflags 0x000000000000001d f24 0xffffffff4f552355
core   0: 0x00000000800045ec (0x10561073) csrrw   zero, stvec, a2
core   0: 1 0x00000000800045ec (0x10561073) c261_stvec 0xfffffffffffffffd
core   0: 0x00000000800045f0 (0x800a6a13) ori     s4, s4, -2048
core   0: 1 0x00000000800045f0 (0x800a6a13) x20 0xfffffffffffffdb4
core   0: 0x00000000800045f4 (0x035a5b33) divu    s6, s4, s5
core   0: 1 0x00000000800045f4 (0x035a5b33) x22 0x0000000000000001
core   0: 0x00000000800045f8 (0x400ad33b) sraw    t1, s5, zero
core   0: 1 0x00000000800045f8 (0x400ad33b) x6  0x0000000000000000
core   0: 0x00000000800045fc (0xd073009b) addiw   ra, t1, -761
core   0: 1 0x00000000800045fc (0xd073009b) x1  0xfffffffffffffd07
core   0: 0x0000000080004600 (0x0013521b) srliw   tp, t1, 1
core   0: 1 0x0000000080004600 (0x0013521b) x4  0x0000000000000000
core   0: 0x0000000080004604 (0x229c1e53) fsgnjn.d ft8, fs8, fs1
core   0: 1 0x0000000080004604 (0x229c1e53) f28 0x7fffffff4f552355
core   0: 0x0000000080004608 (0x41c6dabb) sraw    s5, a3, t3
core   0: 1 0x0000000080004608 (0x41c6dabb) x21 0x0000000000000000
core   0: 0x000000008000460c (0x4011573b) sraw    a4, sp, ra
core   0: 1 0x000000008000460c (0x4011573b) x14 0x0000000000008000
core   0: 0x0000000080004610 (0x00d456bb) srlw    a3, s0, a3
core   0: 1 0x0000000080004610 (0x00d456bb) x13 0xfffffffffffffe9d
core   0: 0x0000000080004614 (0x42947443) fmadd.d fs0, fs0, fs1, fs0
core   0: 1 0x0000000080004614 (0x42947443) f8  0x7ff8000000000000
core   0: 0x0000000080004618 (0xca0871cb) fnmsub.d ft3, fa6, ft0, fs9
core   0: 1 0x0000000080004618 (0xca0871cb) f3  0x7ff8000000000000
core   0: 0x000000008000461c (0x00fcd23b) srlw    tp, s9, a5
core   0: 1 0x000000008000461c (0x00fcd23b) x4  0x0000000000000000
core   0: 0x0000000080004620 (0x019c57bb) srlw    a5, s8, s9
core   0: 1 0x0000000080004620 (0x019c57bb) x15 0x0000000000400000
core   0: 0x0000000080004624 (0x00000001) c.nop
core   0: 1 0x0000000080004624 (0x0001)
core   0: 0x0000000080004626 (0x1b7bf8d3) fdiv.d  fa7, fs7, fs7
core   0: 1 0x0000000080004626 (0x1b7bf8d3) f17 0x7ff8000000000000
core   0: 0x000000008000462a (0x624dba37) lui     s4, 0x624db
core   0: 1 0x000000008000462a (0x624dba37) x20 0x00000000624db000
core   0: 0x000000008000462e (0x2efa7093) andi    ra, s4, 751
core   0: 1 0x000000008000462e (0x2efa7093) x1  0x0000000000000000
core   0: 0x0000000080004632 (0x7bc3ed93) ori     s11, t2, 1980
core   0: 1 0x0000000080004632 (0x7bc3ed93) x27 0x00000000000007bc
core   0: 0x0000000080004636 (0x4150d83b) sraw    a6, ra, s5
core   0: 1 0x0000000080004636 (0x4150d83b) x16 0x0000000000000000
core   0: 0x000000008000463a (0x0bf873d3) fsub.d  ft7, fa6, ft11
core   0: 1 0x000000008000463a (0x0bf873d3) f7  0x7ff8000000000000
core   0: 0x000000008000463e (0x02081733) mulh    a4, a6, zero
core   0: 1 0x000000008000463e (0x02081733) x14 0x0000000000000000
core   0: 0x0000000080004642 (0x01a576b3) and     a3, a0, s10
core   0: 1 0x0000000080004642 (0x01a576b3) x13 0x0000000000000000
core   0: 0x0000000080004646 (0x00fdca33) xor     s4, s11, a5
core   0: 1 0x0000000080004646 (0x00fdca33) x20 0x00000000004007bc
core   0: 0x000000008000464a (0x002022f3) csrrs   t0, frm, zero
core   0: 1 0x000000008000464a (0x002022f3) x5  0x0000000000000002
core   0: 0x000000008000464e (0x02b7673b) remw    a4, a4, a1
core   0: 1 0x000000008000464e (0x02b7673b) x14 0x0000000000000000
core   0: 0x0000000080004652 (0xc038fa53) fcvt.lu.s s4, fa7
core   0: 1 0x0000000080004652 (0xc038fa53) c1_fflags 0x000000000000001d x20 0xffffffffffffffff
core   0: 0x0000000080004656 (0x00095893) srli    a7, s2, 0
core   0: 1 0x0000000080004656 (0x00095893) x17 0x000000000000001c
core   0: 0x000000008000465a (0xc20172d3) fcvt.w.d t0, ft2
core   0: 1 0x000000008000465a (0xc20172d3) c1_fflags 0x000000000000001d x5  0x000000007fffffff
core   0: 0x000000008000465e (0x1b127bd3) fdiv.d  fs7, ft4, fa7
core   0: 1 0x000000008000465e (0x1b127bd3) f23 0x7ff8000000000000
core   0: 0x0000000080004662 (0xf20e0253) fmv.d.x ft4, t3
core   0: 1 0x0000000080004662 (0xf20e0253) f4  0x0000000000000000
core   0: 0x0000000080004666 (0x00202bf3) csrrs   s7, frm, zero
core   0: 1 0x0000000080004666 (0x00202bf3) x23 0x0000000000000002
core   0: 0x000000008000466a (0x0178d8bb) srlw    a7, a7, s7
core   0: 1 0x000000008000466a (0x0178d8bb) x17 0x0000000000000007
core   0: 0x000000008000466e (0x00000001) c.nop
core   0: 1 0x000000008000466e (0x0001)
core   0: 0x0000000080004670 (0x0ff0000f) fence   iorw,iorw
core   0: 1 0x0000000080004670 (0x0ff0000f)
core   0: 0x0000000080004674 (0xd23bf753) fcvt.d.lu fa4, s7
core   0: 1 0x0000000080004674 (0xd23bf753) f14 0x4000000000000000
core   0: 0x0000000080004678 (0x0ff0000f) fence   iorw,iorw
core   0: 1 0x0000000080004678 (0x0ff0000f)
core   0: 0x000000008000467c (0x00102073) csrrs   zero, fflags, zero
core   0: 1 0x000000008000467c (0x00102073)
core   0: 0x0000000080004680 (0x497dc213) xori    tp, s11, 1175
core   0: 1 0x0000000080004680 (0x497dc213) x4  0x000000000000032b
core   0: 0x0000000080004684 (0x01d4f933) and     s2, s1, t4
core   0: 1 0x0000000080004684 (0x01d4f933) x18 0x00000008430341e8
core   0: 0x0000000080004688 (0x400d5d3b) sraw    s10, s10, zero
core   0: 1 0x0000000080004688 (0x400d5d3b) x26 0xffffffff8000436f
core   0: 0x000000008000468c (0xd0297053) fcvt.s.l ft0, s2
core   0: 1 0x000000008000468c (0xd0297053) c1_fflags 0x000000000000001d f0  0xffffffff51043034
core   0: 0x0000000080004690 (0xd22df6d3) fcvt.d.l fa3, s11
core   0: 1 0x0000000080004690 (0xd22df6d3) f13 0x409ef00000000000
core   0: 0x0000000080004694 (0x12847f53) fmul.d  ft10, fs0, fs0
core   0: 1 0x0000000080004694 (0x12847f53) f30 0x7ff8000000000000
core   0: 0x0000000080004698 (0x80048493) addi    s1, s1, -2048
core   0: 1 0x0000000080004698 (0x80048493) x9  0x0000001c634349f8
core   0: 0x000000008000469c (0x412500bb) subw    ra, a0, s2
core   0: 1 0x000000008000469c (0x412500bb) x1  0xffffffffbcfcbe18
core   0: 0x00000000800046a0 (0xc03678d3) fcvt.lu.s a7, fa2
core   0: 1 0x00000000800046a0 (0xc03678d3) c1_fflags 0x000000000000001d x17 0xffffffffffffffff
core   0: 0x00000000800046a4 (0xabaff74b) fnmsub.d fa4, ft11, fs10, fs5
core   0: 1 0x00000000800046a4 (0xabaff74b) f14 0x7ff8000000000000
core   0: 0x00000000800046a8 (0x00c2511b) srliw   sp, tp, 12
core   0: 1 0x00000000800046a8 (0x00c2511b) x2  0x0000000000000000
core   0: 0x00000000800046ac (0x22702353) fsgnjx.d ft6, ft0, ft7
core   0: 1 0x00000000800046ac (0x22702353) f6  0xffffffff51043034
core   0: 0x00000000800046b0 (0x01c0c0b3) xor     ra, ra, t3
core   0: 1 0x00000000800046b0 (0x01c0c0b3) x1  0xffffffffbcfcbe18
core   0: 0x00000000800046b4 (0x23080ed3) fsgnj.d ft9, fa6, fa6
core   0: 1 0x00000000800046b4 (0x23080ed3) f29 0xffffffff7fc00000
core   0: 0x00000000800046b8 (0x001d16bb) sllw    a3, s10, ra
core   0: 1 0x00000000800046b8 (0x001d16bb) x13 0x000000006f000000
core   0: 0x00000000800046bc (0x0ff0000f) fence   iorw,iorw
core   0: 1 0x00000000800046bc (0x0ff0000f)
core   0: 0x00000000800046c0 (0xd21d0ad3) fcvt.d.wu fs5, s10
core   0: 1 0x00000000800046c0 (0xd21d0ad3) f21 0x41e000086de00000
core   0: 0x00000000800046c4 (0x020c01b3) mul     gp, s8, zero
core   0: 1 0x00000000800046c4 (0x020c01b3) x3  0x0000000000000000
core   0: 0x00000000800046c8 (0x80080413) addi    s0, a6, -2048
core   0: 1 0x00000000800046c8 (0x80080413) x8  0xfffffffffffff800
core   0: 0x00000000800046cc (0x00002d05) c.addiw s10, 1
core   0: 1 0x00000000800046cc (0x2d05) x26 0xffffffff80004370
core   0: 0x00000000800046ce (0x0bc57853) fsub.d  fa6, fa0, ft8
core   0: 1 0x00000000800046ce (0x0bc57853) f16 0x7ff8000000000000
core   0: 0x00000000800046d2 (0x408353bb) sraw    t2, t1, s0
core   0: 1 0x00000000800046d2 (0x408353bb) x7  0x0000000000000000
core   0: 0x00000000800046d6 (0x128e79d3) fmul.d  fs3, ft8, fs0
core   0: 1 0x00000000800046d6 (0x128e79d3) f19 0x7ff8000000000000
core   0: 0x00000000800046da (0x41b1d29b) sraiw   t0, gp, 27
core   0: 1 0x00000000800046da (0x41b1d29b) x5  0x0000000000000000
core   0: 0x00000000800046de (0x027d6cb3) rem     s9, s10, t2
core   0: 1 0x00000000800046de (0x027d6cb3) x25 0xffffffff80004370
core   0: 0x00000000800046e2 (0x401e7cd3) fcvt.s.d fs9, ft8
core   0: 1 0x00000000800046e2 (0x401e7cd3) f25 0xffffffff7fc00000
core   0: 0x00000000800046e6 (0x006cddbb) srlw    s11, s9, t1
core   0: 1 0x00000000800046e6 (0x006cddbb) x27 0xffffffff80004370
core   0: 0x00000000800046ea (0x5a09f7cb) fnmsub.d fa5, fs3, ft0, fa1
core   0: 1 0x00000000800046ea (0x5a09f7cb) f15 0x7ff8000000000000
core   0: 0x00000000800046ee (0x52f47ac3) fmadd.d fs5, fs0, fa5, fa0
core   0: 1 0x00000000800046ee (0x52f47ac3) f21 0x7ff8000000000000
core   0: 0x00000000800046f2 (0x01289eb3) sll     t4, a7, s2
core   0: 1 0x00000000800046f2 (0x01289eb3) x29 0xffffff0000000000
core   0: 0x00000000800046f6 (0x03bfffd3) fadd.d  ft11, ft11, fs11
core   0: 1 0x00000000800046f6 (0x03bfffd3) f31 0x7ff8000000000000
core   0: 0x00000000800046fa (0x5a0cf453) fsqrt.d fs0, fs9
core   0: 1 0x00000000800046fa (0x5a0cf453) f8  0x7ff8000000000000
core   0: 0x00000000800046fe (0x0098119b) slliw   gp, a6, 9
core   0: 1 0x00000000800046fe (0x0098119b) x3  0x0000000000000000
core   0: 0x0000000080004702 (0x42088f53) fcvt.d.s ft10, fa7
core   0: 1 0x0000000080004702 (0x42088f53) f30 0x7ff8000000000000
core   0: 0x0000000080004706 (0x00fc123b) sllw    tp, s8, a5
core   0: 1 0x0000000080004706 (0x00fc123b) x4  0x0000000000400000
core   0: 0x000000008000470a (0x004215bb) sllw    a1, tp, tp
core   0: 1 0x000000008000470a (0x004215bb) x11 0x0000000000400000
core   0: 0x000000008000470e (0x41595b13) srai    s6, s2, 21
core   0: 1 0x000000008000470e (0x41595b13) x22 0x0000000000004218
core   0: 0x0000000080004712 (0x0a38f9d3) fsub.d  fs3, fa7, ft3
core   0: 1 0x0000000080004712 (0x0a38f9d3) f19 0x7ff8000000000000
core   0: 0x0000000080004716 (0x0bb9a737) lui     a4, 0xbb9a
core   0: 1 0x0000000080004716 (0x0bb9a737) x14 0x000000000bb9a000
core   0: 0x000000008000471a (0x4006d69b) sraiw   a3, a3, 0
core   0: 1 0x000000008000471a (0x4006d69b) x13 0x000000006f000000
core   0: 0x000000008000471e (0x0282bb33) mulhu   s6, t0, s0
core   0: 1 0x000000008000471e (0x0282bb33) x22 0x0000000000000000
core   0: 0x0000000080004722 (0x00000dd6) c.slli  s11, 21
core   0: 1 0x0000000080004722 (0x0dd6) x27 0xfff000086e000000
core   0: 0x0000000080004724 (0xc03df753) fcvt.lu.s a4, fs11
core   0: 1 0x0000000080004724 (0xc03df753) c1_fflags 0x000000000000001d x14 0xffffffffffffffff
core   0: 0x0000000080004728 (0xd03770d3) fcvt.s.lu ft1, a4
core   0: 1 0x0000000080004728 (0xd03770d3) c1_fflags 0x000000000000001d f1  0xffffffff5f7fffff
core   0: 0x000000008000472c (0x8b367fc3) fmadd.d ft11, fa2, fs3, fa7
core   0: 1 0x000000008000472c (0x8b367fc3) f31 0x7ff8000000000000
core   0: 0x0000000080004730 (0x036d95b3) mulh    a1, s11, s6
core   0: 1 0x0000000080004730 (0x036d95b3) x11 0x0000000000000000
core   0: 0x0000000080004734 (0x033ef933) remu    s2, t4, s3
core   0: 1 0x0000000080004734 (0x033ef933) x18 0xffffff0000000000
core   0: 0x0000000080004738 (0xc02bfbd3) fcvt.l.s s7, fs7
core   0: 1 0x0000000080004738 (0xc02bfbd3) c1_fflags 0x000000000000001d x23 0x7fffffffffffffff
core   0: 0x000000008000473c (0xfde09e37) lui     t3, 0xfde09
core   0: 1 0x000000008000473c (0xfde09e37) x28 0xfffffffffde09000
core   0: 0x0000000080004740 (0x287e0e1b) addiw   t3, t3, 647
core   0: 1 0x0000000080004740 (0x287e0e1b) x28 0xfffffffffde09287
core   0: 0x0000000080004744 (0x00000e36) c.slli  t3, 13
core   0: 1 0x0000000080004744 (0x0e36) x28 0xffffffbc1250e000
core   0: 0x0000000080004746 (0xeeee0e13) addi    t3, t3, -274
core   0: 1 0x0000000080004746 (0xeeee0e13) x28 0xffffffbc1250deee
core   0: 0x000000008000474a (0x01685cbb) srlw    s9, a6, s6
core   0: 1 0x000000008000474a (0x01685cbb) x25 0x0000000000000000
core   0: 0x000000008000474e (0x001a1a73) csrrw   s4, fflags, s4
core   0: 1 0x000000008000474e (0x001a1a73) x20 0x000000000000001d c1_fflags 0x000000000000001f
core   0: 0x0000000080004752 (0x2b2e0cd3) fmin.d  fs9, ft8, fs2
core   0: 1 0x0000000080004752 (0x2b2e0cd3) f25 0x7ff8000000000000
core   0: 0x0000000080004756 (0x02faf133) remu    sp, s5, a5
core   0: 1 0x0000000080004756 (0x02faf133) x2  0x0000000000000000
core   0: 0x000000008000475a (0x3da7b013) sltiu   zero, a5, 986
core   0: 1 0x000000008000475a (0x3da7b013)
core   0: 0x000000008000475e (0x14455d37) lui     s10, 0x14455
core   0: 1 0x000000008000475e (0x14455d37) x26 0x0000000014455000
core   0: 0x0000000080004762 (0x00b6929b) slliw   t0, a3, 11
core   0: 1 0x0000000080004762 (0x00b6929b) x5  0x0000000000000000
core   0: 0x0000000080004766 (0xc21a7353) fcvt.wu.d t1, fs4
core   0: 1 0x0000000080004766 (0xc21a7353) c1_fflags 0x000000000000001f x6  0xffffffffffffffff
core   0: 0x000000008000476a (0x7ff34813) xori    a6, t1, 2047
core   0: 1 0x000000008000476a (0x7ff34813) x16 0xfffffffffffff800
core   0: 0x000000008000476e (0xe20a0a53) fmv.x.d s4, fs4
core   0: 1 0x000000008000476e (0xe20a0a53) x20 0x7ff8000000000000
core   0: 0x0000000080004772 (0xc22cf553) fcvt.l.d a0, fs9
core   0: 1 0x0000000080004772 (0xc22cf553) c1_fflags 0x000000000000001f x10 0x7fffffffffffffff
core   0: 0x0000000080004776 (0x0009d193) srli    gp, s3, 0
core   0: 1 0x0000000080004776 (0x0009d193) x3  0x0000000000000000
core   0: 0x000000008000477a (0xa3fc82d3) fle.d   t0, fs9, ft11
core   0: 1 0x000000008000477a (0xa3fc82d3) c1_fflags 0x000000000000001f x5  0x0000000000000000
core   0: 0x000000008000477e (0x01ab2d33) slt     s10, s6, s10
core   0: 1 0x000000008000477e (0x01ab2d33) x26 0x0000000000000001
core   0: 0x0000000080004782 (0xa39c80d3) fle.d   ra, fs9, fs9
core   0: 1 0x0000000080004782 (0xa39c80d3) c1_fflags 0x000000000000001f x1  0x0000000000000000
core   0: 0x0000000080004786 (0xd2130e53) fcvt.d.wu ft8, t1
core   0: 1 0x0000000080004786 (0xd2130e53) f28 0x41efffffffe00000
core   0: 0x000000008000478a (0xd22df3d3) fcvt.d.l ft7, s11
core   0: 1 0x000000008000478a (0xd22df3d3) f7  0xc32fffef24000000
core   0: 0x000000008000478e (0x0110c9b3) xor     s3, ra, a7
core   0: 1 0x000000008000478e (0x0110c9b3) x19 0xffffffffffffffff
core   0: 0x0000000080004792 (0x4157debb) sraw    t4, a5, s5
core   0: 1 0x0000000080004792 (0x4157debb) x29 0x0000000000400000
core   0: 0x0000000080004796 (0x414a5833) sra     a6, s4, s4
core   0: 1 0x0000000080004796 (0x414a5833) x16 0x7ff8000000000000
core   0: 0x000000008000479a (0x00000001) c.nop
core   0: 1 0x000000008000479a (0x0001)
core   0: 0x000000008000479c (0x40cad5b3) sra     a1, s5, a2
core   0: 1 0x000000008000479c (0x40cad5b3) x11 0x0000000000000000
core   0: 0x00000000800047a0 (0x0018581b) srliw   a6, a6, 1
core   0: 1 0x00000000800047a0 (0x0018581b) x16 0x0000000000000000
core   0: 0x00000000800047a4 (0x230a05d3) fsgnj.d fa1, fs4, fa6
core   0: 1 0x00000000800047a4 (0x230a05d3) f11 0x7ff8000000000000
core   0: 0x00000000800047a8 (0x015a9733) sll     a4, s5, s5
core   0: 1 0x00000000800047a8 (0x015a9733) x14 0x0000000000000000
core   0: 0x00000000800047ac (0x002029f3) csrrs   s3, frm, zero
core   0: 1 0x00000000800047ac (0x002029f3) x19 0x0000000000000002
core   0: 0x00000000800047b0 (0x00f757bb) srlw    a5, a4, a5
core   0: 1 0x00000000800047b0 (0x00f757bb) x15 0x0000000000000000
core   0: 0x00000000800047b4 (0x00202773) csrrs   a4, frm, zero
core   0: 1 0x00000000800047b4 (0x00202773) x14 0x0000000000000002
core   0: 0x00000000800047b8 (0x014cf4b3) and     s1, s9, s4
core   0: 1 0x00000000800047b8 (0x014cf4b3) x9  0x0000000000000000
core   0: 0x00000000800047bc (0x016481bb) addw    gp, s1, s6
core   0: 1 0x00000000800047bc (0x016481bb) x3  0x0000000000000000
core   0: 0x00000000800047c0 (0x032e1b33) mulh    s6, t3, s2
core   0: 1 0x00000000800047c0 (0x032e1b33) x22 0x00000000000043ed
core   0: 0x00000000800047c4 (0x0195173b) sllw    a4, a0, s9
core   0: 1 0x00000000800047c4 (0x0195173b) x14 0xffffffffffffffff
core   0: 0x00000000800047c8 (0x00171d93) slli    s11, a4, 1
core   0: 1 0x00000000800047c8 (0x00171d93) x27 0xfffffffffffffffe
core   0: 0x00000000800047cc (0x43f45593) srai    a1, s0, 63
core   0: 1 0x00000000800047cc (0x43f45593) x11 0xffffffffffffffff
core   0: 0x00000000800047d0 (0x123a7ad3) fmul.d  fs5, fs4, ft3
core   0: 1 0x00000000800047d0 (0x123a7ad3) f21 0x7ff8000000000000
core   0: 0x00000000800047d4 (0x74b26c93) ori     s9, tp, 1867
core   0: 1 0x00000000800047d4 (0x74b26c93) x25 0x000000000040074b
core   0: 0x00000000800047d8 (0x43f8da13) srai    s4, a7, 63
core   0: 1 0x00000000800047d8 (0x43f8da13) x20 0xffffffffffffffff
core   0: 0x00000000800047dc (0x41908433) sub     s0, ra, s9
core   0: 1 0x00000000800047dc (0x41908433) x8  0xffffffffffbff8b5
core   0: 0x00000000800047e0 (0x401b7cd3) fcvt.s.d fs9, fs6
core   0: 1 0x00000000800047e0 (0x401b7cd3) f25 0xffffffff7fc00000
core   0: 0x00000000800047e4 (0x00000001) c.nop
core   0: 1 0x00000000800047e4 (0x0001)
core   0: 0x00000000800047e6 (0x03d06eb3) rem     t4, zero, t4
core   0: 1 0x00000000800047e6 (0x03d06eb3) x29 0x0000000000000000
core   0: 0x00000000800047ea (0xe20e8953) fmv.x.d s2, ft9
core   0: 1 0x00000000800047ea (0xe20e8953) x18 0xffffffff7fc00000
core   0: 0x00000000800047ee (0x02da0a3b) mulw    s4, s4, a3
core   0: 1 0x00000000800047ee (0x02da0a3b) x20 0xffffffff91000000
core   0: 0x00000000800047f2 (0x43f25913) srai    s2, tp, 63
core   0: 1 0x00000000800047f2 (0x43f25913) x18 0x0000000000000000
core   0: 0x00000000800047f6 (0x024ef133) remu    sp, t4, tp
core   0: 1 0x00000000800047f6 (0x024ef133) x2  0x0000000000000000
core   0: 0x00000000800047fa (0x00000001) c.nop
core   0: 1 0x00000000800047fa (0x0001)
core   0: 0x00000000800047fc (0xa3d40cd3) fle.d   s9, fs0, ft9
core   0: 1 0x00000000800047fc (0xa3d40cd3) c1_fflags 0x000000000000001f x25 0x0000000000000000
core   0: 0x0000000080004800 (0xd2307e53) fcvt.d.lu ft8, zero
core   0: 1 0x0000000080004800 (0xd2307e53) f28 0x0000000000000000
core   0: 0x0000000080004804 (0xc23e77d3) fcvt.lu.d a5, ft8
core   0: 1 0x0000000080004804 (0xc23e77d3) x15 0x0000000000000000
core   0: 0x0000000080004808 (0x0033da9b) srliw   s5, t2, 3
core   0: 1 0x0000000080004808 (0x0033da9b) x21 0x0000000000000000
core   0: 0x000000008000480c (0xf2018ad3) fmv.d.x fs5, gp
core   0: 1 0x000000008000480c (0xf2018ad3) f21 0x0000000000000000
core   0: 0x0000000080004810 (0xeb5e70cf) fnmadd.d ft1, ft8, fs5, ft9
core   0: 1 0x0000000080004810 (0xeb5e70cf) f1  0x7ff8000000000000
core   0: 0x0000000080004814 (0xe20a0cd3) fmv.x.d s9, fs4
core   0: 1 0x0000000080004814 (0xe20a0cd3) x25 0x7ff8000000000000
core   0: 0x0000000080004818 (0xc231fd53) fcvt.lu.d s10, ft3
core   0: 1 0x0000000080004818 (0xc231fd53) c1_fflags 0x000000000000001f x26 0xffffffffffffffff
core   0: 0x000000008000481c (0x00b30cb3) add     s9, t1, a1
core   0: 1 0x000000008000481c (0x00b30cb3) x25 0xfffffffffffffffe
core   0: 0x0000000080004820 (0x03009233) mulh    tp, ra, a6
core   0: 1 0x0000000080004820 (0x03009233) x4  0x0000000000000000
core   0: 0x0000000080004824 (0x835578c7) fmsub.d fa7, fa0, fs5, fa6
core   0: 1 0x0000000080004824 (0x835578c7) f17 0x7ff8000000000000
core   0: 0x0000000080004828 (0x03f25793) srli    a5, tp, 63
core   0: 1 0x0000000080004828 (0x03f25793) x15 0x0000000000000000
core   0: 0x000000008000482c (0xd2040cd3) fcvt.d.w fs9, s0
core   0: 1 0x000000008000482c (0xd2040cd3) f25 0xc15001d2c0000000
core   0: 0x0000000080004830 (0x0b08f7d3) fsub.d  fa5, fa7, fa6
core   0: 1 0x0000000080004830 (0x0b08f7d3) f15 0x7ff8000000000000
core   0: 0x0000000080004834 (0x408e53bb) sraw    t2, t3, s0
core   0: 1 0x0000000080004834 (0x408e53bb) x7  0x0000000000000092
core   0: 0x0000000080004838 (0xd23473d3) fcvt.d.lu ft7, s0
core   0: 1 0x0000000080004838 (0xd23473d3) c1_fflags 0x000000000000001f f7  0x43effffffffff7ff
core   0: 0x000000008000483c (0xb19c87b7) lui     a5, 0xb19c8
core   0: 1 0x000000008000483c (0xb19c87b7) x15 0xffffffffb19c8000
core   0: 0x0000000080004840 (0x01c242b3) xor     t0, tp, t3
core   0: 1 0x0000000080004840 (0x01c242b3) x5  0xffffffbc1250deee
core   0: 0x0000000080004844 (0x000b5e9b) srliw   t4, s6, 0
core   0: 1 0x0000000080004844 (0x000b5e9b) x29 0x00000000000043ed
core   0: 0x0000000080004848 (0x9517ee13) ori     t3, a5, -1711
core   0: 1 0x0000000080004848 (0x9517ee13) x28 0xfffffffffffff951
core   0: 0x000000008000484c (0x6279f9cf) fnmadd.d fs3, fs3, ft7, fa2
core   0: 1 0x000000008000484c (0x6279f9cf) f19 0x7ff8000000000000
core   0: 0x0000000080004850 (0x01d8123b) sllw    tp, a6, t4
core   0: 1 0x0000000080004850 (0x01d8123b) x4  0x0000000000000000
core   0: 0x0000000080004854 (0x001c999b) slliw   s3, s9, 1
core   0: 1 0x0000000080004854 (0x001c999b) x19 0xfffffffffffffffc
core   0: 0x0000000080004858 (0x4122559b) sraiw   a1, tp, 18
core   0: 1 0x0000000080004858 (0x4122559b) x11 0x0000000000000000
core   0: 0x000000008000485c (0xe1544a93) xori    s5, s0, -491
core   0: 1 0x000000008000485c (0xe1544a93) x21 0x00000000004006a0
core   0: 0x0000000080004860 (0x020cf033) remu    zero, s9, zero
core   0: 1 0x0000000080004860 (0x020cf033)
core   0: 0x0000000080004864 (0x004061b7) lui     gp, 0x406
core   0: 1 0x0000000080004864 (0x004061b7) x3  0x0000000000406000
core   0: 0x0000000080004868 (0x0591819b) addiw   gp, gp, 89
core   0: 1 0x0000000080004868 (0x0591819b) x3  0x0000000000406059
core   0: 0x000000008000486c (0x000001be) c.slli  gp, 15
core   0: 1 0x000000008000486c (0x01be) x3  0x00000020302c8000
core   0: 0x000000008000486e (0x13a18193) addi    gp, gp, 314
core   0: 1 0x000000008000486e (0x13a18193) x3  0x00000020302c813a
core   0: 0x0000000080004872 (0x401df853) fcvt.s.d fa6, fs11
core   0: 1 0x0000000080004872 (0x401df853) f16 0xffffffff7fc00000
core   0: 0x0000000080004876 (0x1ae3fbd3) fdiv.d  fs7, ft7, fa4
core   0: 1 0x0000000080004876 (0x1ae3fbd3) f23 0x7ff8000000000000
core   0: 0x000000008000487a (0xa03a6b13) ori     s6, s4, -1533
core   0: 1 0x000000008000487a (0xa03a6b13) x22 0xfffffffffffffa03
core   0: 0x000000008000487e (0x00db2133) slt     sp, s6, a3
core   0: 1 0x000000008000487e (0x00db2133) x2  0x0000000000000001
core   0: 0x0000000080004882 (0x233ba6d3) fsgnjx.d fa3, fs7, fs3
core   0: 1 0x0000000080004882 (0x233ba6d3) f13 0x7ff8000000000000
core   0: 0x0000000080004886 (0x0aa9f953) fsub.d  fs2, fs3, fa0
core   0: 1 0x0000000080004886 (0x0aa9f953) f18 0x7ff8000000000000
core   0: 0x000000008000488a (0xc02a7a53) fcvt.l.s s4, fs4
core   0: 1 0x000000008000488a (0xc02a7a53) c1_fflags 0x000000000000001f x20 0x7fffffffffffffff
core   0: 0x000000008000488e (0x4176d43b) sraw    s0, a3, s7
core   0: 1 0x000000008000488e (0x4176d43b) x8  0x0000000000000000
core   0: 0x0000000080004892 (0xd023fdd3) fcvt.s.l fs11, t2
core   0: 1 0x0000000080004892 (0xd023fdd3) f27 0xffffffff43120000
core   0: 0x0000000080004896 (0x310610f3) csrrw   ra, mstatush, a2
core   0: exception trap_illegal_instruction, epc 0x0000000080004896
core   0:           tval 0x00000000310610f3
core   0: >>>>  $xrv64i2p1_m2p0_a2p1_f2p2_d2p2_zicsr2p0_zifencei2p0_zmmul1p0_zba1p0_zbb1p0_zbc1p0_zbs1p0
core   0: 0x0000000080004000 (0x0080006f) j       pc + 0x8
core   0: 3 0x0000000080004000 (0x0080006f)
core   0: >>>>  mmode_exception_handler
core   0: 0x0000000080004008 (0x00002c17) auipc   s8, 0x2
core   0: 3 0x0000000080004008 (0x00002c17) x24 0x0000000080006008
core   0: 0x000000008000400c (0x034c0c13) addi    s8, s8, 52
core   0: 3 0x000000008000400c (0x034c0c13) x24 0x000000008000603c
core   0: 0x0000000080004010 (0x000c00e7) jalr    s8
core   0: 3 0x0000000080004010 (0x000c00e7) x1  0x0000000080004014
core   0: >>>>  any_handler
core   0: 0x000000008000603c (0x341027f3) csrrs   a5, mepc, zero
core   0: 3 0x000000008000603c (0x341027f3) x15 0x0000000080004896
core   0: 0x0000000080006040 (0x34202773) csrrs   a4, mcause, zero
core   0: 3 0x0000000080006040 (0x34202773) x14 0x0000000000000002
core   0: 0x0000000080006044 (0x142026f3) csrrs   a3, scause, zero
core   0: 3 0x0000000080006044 (0x142026f3) x13 0x0000000000000000
core   0: 0x0000000080006048 (0x30402673) csrrs   a2, mie, zero
core   0: 3 0x0000000080006048 (0x30402673) x12 0x0000000000000a00
core   0: 0x000000008000604c (0x344025f3) csrrs   a1, mip, zero
core   0: 3 0x000000008000604c (0x344025f3) x11 0x0000000000000080
core   0: 0x0000000080006050 (0x343025f3) csrrs   a1, mtval, zero
core   0: 3 0x0000000080006050 (0x343025f3) x11 0x00000000310610f3
core   0: 0x0000000080006054 (0x14302573) csrrs   a0, stval, zero
core   0: 3 0x0000000080006054 (0x14302573) x10 0x0000000000000000
core   0: 0x0000000080006058 (0xb02024f3) csrrs   s1, minstret, zero
core   0: 3 0x0000000080006058 (0xb02024f3) x9  0x0000000000000a3e
core   0: 0x000000008000605c (0x0000a811) c.j     pc + 20
core   0: 3 0x000000008000605c (0xa811)
core   0: >>>>  mepc_4
core   0: 0x0000000080006070 (0x00000791) c.addi  a5, 4
core   0: 3 0x0000000080006070 (0x0791) x15 0x000000008000489a
core   0: 0x0000000080006072 (0x34179073) csrrw   zero, mepc, a5
core   0: 3 0x0000000080006072 (0x34179073) c833_mepc 0x000000008000489a
core   0: 0x0000000080006076 (0x30200073) mret
core   0: 3 0x0000000080006076 (0x30200073) c768_mstatus 0x8000000a00106080
core   0: 0x000000008000489a (0xd2040bd3) fcvt.d.w fs7, s0
core   0: 1 0x000000008000489a (0xd2040bd3) f23 0x0000000000000000
core   0: 0x000000008000489e (0x14d9ebb7) lui     s7, 0x14d9e
core   0: 1 0x000000008000489e (0x14d9ebb7) x23 0x0000000014d9e000
core   0: 0x00000000800048a2 (0x124c7fd3) fmul.d  ft11, fs8, ft4
core   0: 1 0x00000000800048a2 (0x124c7fd3) f31 0x7ff8000000000000
core   0: 0x00000000800048a6 (0x4d73cc13) xori    s8, t2, 1239
core   0: 1 0x00000000800048a6 (0x4d73cc13) x24 0x0000000000000445
core   0: 0x00000000800048aa (0x0392783b) remuw   a6, tp, s9
core   0: 1 0x00000000800048aa (0x0392783b) x16 0x0000000000000000
core   0: 0x00000000800048ae (0xd23bf6d3) fcvt.d.lu fa3, s7
core   0: 1 0x00000000800048ae (0xd23bf6d3) f13 0x41b4d9e000000000
core   0: 0x00000000800048b2 (0xc02ffdd3) fcvt.l.s s11, ft11
core   0: 1 0x00000000800048b2 (0xc02ffdd3) c1_fflags 0x000000000000001f x27 0x7fffffffffffffff
core   0: 0x00000000800048b6 (0x019d803b) addw    zero, s11, s9
core   0: 1 0x00000000800048b6 (0x019d803b)
core   0: 0x00000000800048ba (0xd027f453) fcvt.s.l fs0, a5
core   0: 1 0x00000000800048ba (0xd027f453) c1_fflags 0x000000000000001f f8  0xffffffff4f000048
core   0: 0x00000000800048be (0x008a843b) addw    s0, s5, s0
core   0: 1 0x00000000800048be (0x008a843b) x8  0x00000000004006a0
core   0: 0x00000000800048c2 (0x00137b93) andi    s7, t1, 1
core   0: 1 0x00000000800048c2 (0x00137b93) x23 0x0000000000000001
core   0: 0x00000000800048c6 (0x001c15f3) csrrw   a1, fflags, s8
core   0: 1 0x00000000800048c6 (0x001c15f3) x11 0x000000000000001f c1_fflags 0x0000000000000005
core   0: 0x00000000800048ca (0x0180f0b3) and     ra, ra, s8
core   0: 1 0x00000000800048ca (0x0180f0b3) x1  0x0000000000000004
core   0: 0x00000000800048ce (0x00108013) addi    zero, ra, 1
core   0: 1 0x00000000800048ce (0x00108013)
core   0: 0x00000000800048d2 (0x407e5c9b) sraiw   s9, t3, 7
core   0: 1 0x00000000800048d2 (0x407e5c9b) x25 0xfffffffffffffff2
core   0: 0x00000000800048d6 (0x41f9de1b) sraiw   t3, s3, 31
core   0: 1 0x00000000800048d6 (0x41f9de1b) x28 0xffffffffffffffff
core   0: 0x00000000800048da (0x009c82b7) lui     t0, 0x9c8
core   0: 1 0x00000000800048da (0x009c82b7) x5  0x00000000009c8000
core   0: 0x00000000800048de (0x19d2829b) addiw   t0, t0, 413
core   0: 1 0x00000000800048de (0x19d2829b) x5  0x00000000009c819d
core   0: 0x00000000800048e2 (0x000002b2) c.slli  t0, 12
core   0: 1 0x00000000800048e2 (0x02b2) x5  0x00000009c819d000
core   0: 0x00000000800048e4 (0x2ff28293) addi    t0, t0, 767
core   0: 1 0x00000000800048e4 (0x2ff28293) x5  0x00000009c819d2ff
core   0: 0x00000000800048e8 (0x0174aab3) slt     s5, s1, s7
core   0: 1 0x00000000800048e8 (0x0174aab3) x21 0x0000000000000000
core   0: 0x00000000800048ec (0x0005001b) sext.w  zero, a0
core   0: 1 0x00000000800048ec (0x0005001b)
core   0: 0x00000000800048f0 (0xc23dfa53) fcvt.lu.d s4, fs11
core   0: 1 0x00000000800048f0 (0xc23dfa53) c1_fflags 0x0000000000000015 x20 0xffffffffffffffff
core   0: 0x00000000800048f4 (0x0243413b) divw    sp, t1, tp
core   0: 1 0x00000000800048f4 (0x0243413b) x2  0xffffffffffffffff
core   0: 0x00000000800048f8 (0x404152b3) sra     t0, sp, tp
core   0: 1 0x00000000800048f8 (0x404152b3) x5  0xffffffffffffffff
core   0: 0x00000000800048fc (0x2acb0f53) fmin.d  ft10, fs6, fa2
core   0: 1 0x00000000800048fc (0x2acb0f53) f30 0x7ff8000000000000
core   0: 0x0000000080004900 (0x0ff0000f) fence   iorw,iorw
core   0: 1 0x0000000080004900 (0x0ff0000f)
core   0: 0x0000000080004904 (0x0051ee33) or      t3, gp, t0
core   0: 1 0x0000000080004904 (0x0051ee33) x28 0xffffffffffffffff
core   0: 0x0000000080004908 (0xc235fc53) fcvt.lu.d s8, fa1
core   0: 1 0x0000000080004908 (0xc235fc53) c1_fflags 0x0000000000000015 x24 0xffffffffffffffff
core   0: 0x000000008000490c (0x0294c7bb) divw    a5, s1, s1
core   0: 1 0x000000008000490c (0x0294c7bb) x15 0x0000000000000001
core   0: 0x0000000080004910 (0x40a48233) sub     tp, s1, a0
core   0: 1 0x0000000080004910 (0x40a48233) x4  0x0000000000000a3e
core   0: 0x0000000080004914 (0x01771e9b) slliw   t4, a4, 23
core   0: 1 0x0000000080004914 (0x01771e9b) x29 0x0000000001000000
core   0: 0x0000000080004918 (0x00a3033b) addw    t1, t1, a0
core   0: 1 0x0000000080004918 (0x00a3033b) x6  0xffffffffffffffff
core   0: 0x000000008000491c (0x6ab17617) auipc   a2, 0x6ab17
core   0: 1 0x000000008000491c (0x6ab17617) x12 0x00000000eab1b91c
core   0: 0x0000000080004920 (0x913a7a13) andi    s4, s4, -1773
core   0: 1 0x0000000080004920 (0x913a7a13) x20 0xfffffffffffff913
core   0: 0x0000000080004924 (0xc8c5c6b7) lui     a3, 0xc8c5c
core   0: 1 0x0000000080004924 (0xc8c5c6b7) x13 0xffffffffc8c5c000
core   0: 0x0000000080004928 (0x03b85813) srli    a6, a6, 59
core   0: 1 0x0000000080004928 (0x03b85813) x16 0x0000000000000000
core   0: 0x000000008000492c (0x00e104bb) addw    s1, sp, a4
core   0: 1 0x000000008000492c (0x00e104bb) x9  0x0000000000000001
core   0: 0x0000000080004930 (0x022df43b) remuw   s0, s11, sp
core   0: 1 0x0000000080004930 (0x022df43b) x8  0x0000000000000000
core   0: 0x0000000080004934 (0x413e89bb) subw    s3, t4, s3
core   0: 1 0x0000000080004934 (0x413e89bb) x19 0x0000000001000004
core   0: 0x0000000080004938 (0x8000f693) andi    a3, ra, -2048
core   0: 1 0x0000000080004938 (0x8000f693) x13 0x0000000000000000
core   0: 0x000000008000493c (0x4ee15b37) lui     s6, 0x4ee15
core   0: 1 0x000000008000493c (0x4ee15b37) x22 0x000000004ee15000
core   0: 0x0000000080004940 (0x00a42433) slt     s0, s0, a0
core   0: 1 0x0000000080004940 (0x00a42433) x8  0x0000000000000000
core   0: 0x0000000080004944 (0x010d5833) srl     a6, s10, a6
core   0: 1 0x0000000080004944 (0x010d5833) x16 0xffffffffffffffff
core   0: 0x0000000080004948 (0x5a067b53) fsqrt.d fs6, fa2
core   0: 1 0x0000000080004948 (0x5a067b53) f22 0x7ff8000000000000
core   0: 0x000000008000494c (0x416dd4bb) sraw    s1, s11, s6
core   0: 1 0x000000008000494c (0x416dd4bb) x9  0xffffffffffffffff
core   0: 0x0000000080004950 (0x00202d73) csrrs   s10, frm, zero
core   0: 1 0x0000000080004950 (0x00202d73) x26 0x0000000000000002
core   0: 0x0000000080004954 (0xf20d0353) fmv.d.x ft6, s10
core   0: 1 0x0000000080004954 (0xf20d0353) f6  0x0000000000000002
core   0: 0x0000000080004958 (0x030d48b3) div     a7, s10, a6
core   0: 1 0x0000000080004958 (0x030d48b3) x17 0xfffffffffffffffe
core   0: 0x000000008000495c (0x4006023b) subw    tp, a2, zero
core   0: 1 0x000000008000495c (0x4006023b) x4  0xffffffffeab1b91c
core   0: 0x0000000080004960 (0x0146e533) or      a0, a3, s4
core   0: 1 0x0000000080004960 (0x0146e533) x10 0xfffffffffffff913
core   0: 0x0000000080004964 (0x025884bb) mulw    s1, a7, t0
core   0: 1 0x0000000080004964 (0x025884bb) x9  0x0000000000000002
core   0: 0x0000000080004968 (0x03c7473b) divw    a4, a4, t3
core   0: 1 0x0000000080004968 (0x03c7473b) x14 0xfffffffffffffffe
core   0: 0x000000008000496c (0x41badd9b) sraiw   s11, s5, 27
core   0: 1 0x000000008000496c (0x41badd9b) x27 0x0000000000000000
core   0: 0x0000000080004970 (0x0adc7c53) fsub.d  fs8, fs8, fa3
core   0: 1 0x0000000080004970 (0x0adc7c53) f24 0x7ff8000000000000
core   0: 0x0000000080004974 (0x00000001) c.nop
core   0: 1 0x0000000080004974 (0x0001)
core   0: 0x0000000080004976 (0xf15c1e73) csrrw   t3, mconfigptr, s8
core   0: exception trap_illegal_instruction, epc 0x0000000080004976
core   0:           tval 0x00000000f15c1e73
core   0: >>>>  $xrv64i2p1_m2p0_a2p1_f2p2_d2p2_zicsr2p0_zifencei2p0_zmmul1p0_zba1p0_zbb1p0_zbc1p0_zbs1p0
core   0: 0x0000000080004000 (0x0080006f) j       pc + 0x8
core   0: 3 0x0000000080004000 (0x0080006f)
core   0: >>>>  mmode_exception_handler
core   0: 0x0000000080004008 (0x00002c17) auipc   s8, 0x2
core   0: 3 0x0000000080004008 (0x00002c17) x24 0x0000000080006008
core   0: 0x000000008000400c (0x034c0c13) addi    s8, s8, 52
core   0: 3 0x000000008000400c (0x034c0c13) x24 0x000000008000603c
core   0: 0x0000000080004010 (0x000c00e7) jalr    s8
core   0: 3 0x0000000080004010 (0x000c00e7) x1  0x0000000080004014
core   0: >>>>  any_handler
core   0: 0x000000008000603c (0x341027f3) csrrs   a5, mepc, zero
core   0: 3 0x000000008000603c (0x341027f3) x15 0x0000000080004976
core   0: 0x0000000080006040 (0x34202773) csrrs   a4, mcause, zero
core   0: 3 0x0000000080006040 (0x34202773) x14 0x0000000000000002
core   0: 0x0000000080006044 (0x142026f3) csrrs   a3, scause, zero
core   0: 3 0x0000000080006044 (0x142026f3) x13 0x0000000000000000
core   0: 0x0000000080006048 (0x30402673) csrrs   a2, mie, zero
core   0: 3 0x0000000080006048 (0x30402673) x12 0x0000000000000a00
core   0: 0x000000008000604c (0x344025f3) csrrs   a1, mip, zero
core   0: 3 0x000000008000604c (0x344025f3) x11 0x0000000000000080
core   0: 0x0000000080006050 (0x343025f3) csrrs   a1, mtval, zero
core   0: 3 0x0000000080006050 (0x343025f3) x11 0x00000000f15c1e73
core   0: 0x0000000080006054 (0x14302573) csrrs   a0, stval, zero
core   0: 3 0x0000000080006054 (0x14302573) x10 0x0000000000000000
core   0: 0x0000000080006058 (0xb02024f3) csrrs   s1, minstret, zero
core   0: 3 0x0000000080006058 (0xb02024f3) x9  0x0000000000000a86
core   0: 0x000000008000605c (0x0000a811) c.j     pc + 20
core   0: 3 0x000000008000605c (0xa811)
core   0: >>>>  mepc_4
core   0: 0x0000000080006070 (0x00000791) c.addi  a5, 4
core   0: 3 0x0000000080006070 (0x0791) x15 0x000000008000497a
core   0: 0x0000000080006072 (0x34179073) csrrw   zero, mepc, a5
core   0: 3 0x0000000080006072 (0x34179073) c833_mepc 0x000000008000497a
core   0: 0x0000000080006076 (0x30200073) mret
core   0: 3 0x0000000080006076 (0x30200073) c768_mstatus 0x8000000a00106080
core   0: 0x000000008000497a (0x00041813) slli    a6, s0, 0
core   0: 1 0x000000008000497a (0x00041813) x16 0x0000000000000000
core   0: 0x000000008000497e (0x1beff553) fdiv.d  fa0, ft11, ft10
core   0: 1 0x000000008000497e (0x1beff553) f10 0x7ff8000000000000
core   0: 0x0000000080004982 (0x0109eeb3) or      t4, s3, a6
core   0: 1 0x0000000080004982 (0x0109eeb3) x29 0x0000000001000004
core   0: 0x0000000080004986 (0x40ced13b) sraw    sp, t4, a2
core   0: 1 0x0000000080004986 (0x40ced13b) x2  0x0000000001000004
core   0: 0x000000008000498a (0x2a1690d3) fmax.d  ft1, fa3, ft1
core   0: 1 0x000000008000498a (0x2a1690d3) f1  0x41b4d9e000000000
core   0: 0x000000008000498e (0x027105bb) mulw    a1, sp, t2
core   0: 1 0x000000008000498e (0x027105bb) x11 0xffffffff92000248
core   0: 0x0000000080004992 (0x9e4d8197) auipc   gp, 0x9e4d8
core   0: 1 0x0000000080004992 (0x9e4d8197) x3  0x000000001e4dc992
core   0: 0x0000000080004996 (0x436776c3) fmadd.d fa3, fa4, fs6, fs0
core   0: 1 0x0000000080004996 (0x436776c3) f13 0x7ff8000000000000
core   0: 0x000000008000499a (0x0201c23b) divw    tp, gp, zero
core   0: 1 0x000000008000499a (0x0201c23b) x4  0xffffffffffffffff
core   0: 0x000000008000499e (0x00125d1b) srliw   s10, tp, 1
core   0: 1 0x000000008000499e (0x00125d1b) x26 0x000000007fffffff
core   0: 0x00000000800049a2 (0xd22d70d3) fcvt.d.l ft1, s10
core   0: 1 0x00000000800049a2 (0xd22d70d3) f1  0x41dfffffffc00000
core   0: 0x00000000800049a6 (0x01d5529b) srliw   t0, a0, 29
core   0: 1 0x00000000800049a6 (0x01d5529b) x5  0x0000000000000000
core   0: 0x00000000800049aa (0x00ca979b) slliw   a5, s5, 12
core   0: 1 0x00000000800049aa (0x00ca979b) x15 0x0000000000000000
core   0: 0x00000000800049ae (0x00ca9633) sll     a2, s5, a2
core   0: 1 0x00000000800049ae (0x00ca9633) x12 0x0000000000000000
core   0: 0x00000000800049b2 (0x1b8b7c53) fdiv.d  fs8, fs6, fs8
core   0: 1 0x00000000800049b2 (0x1b8b7c53) f24 0x7ff8000000000000
core   0: 0x00000000800049b6 (0xb36c72cb) fnmsub.d ft5, fs8, fs6, fs6
core   0: 1 0x00000000800049b6 (0xb36c72cb) f5  0x7ff8000000000000
core   0: 0x00000000800049ba (0x03267933) remu    s2, a2, s2
core   0: 1 0x00000000800049ba (0x03267933) x18 0x0000000000000000
core   0: 0x00000000800049be (0x2bb4f4cb) fnmsub.d fs1, fs1, fs11, ft5
core   0: 1 0x00000000800049be (0x2bb4f4cb) f9  0x7ff8000000000000
core   0: 0x00000000800049c2 (0x80a498b7) lui     a7, 0x80a49
core   0: 1 0x00000000800049c2 (0x80a498b7) x17 0xffffffff80a49000
core   0: 0x00000000800049c6 (0x01b4e233) or      tp, s1, s11
core   0: 1 0x00000000800049c6 (0x01b4e233) x4  0x0000000000000a86
core   0: 0x00000000800049ca (0x02d8f8bb) remuw   a7, a7, a3
core   0: 1 0x00000000800049ca (0x02d8f8bb) x17 0xffffffff80a49000
core   0: 0x00000000800049ce (0x0a307153) fsub.d  ft2, ft0, ft3
core   0: 1 0x00000000800049ce (0x0a307153) f2  0x7ff8000000000000
core   0: 0x00000000800049d2 (0x219dc517) auipc   a0, 0x219dc
core   0: 1 0x00000000800049d2 (0x219dc517) x10 0x00000000a19e09d2
core   0: 0x00000000800049d6 (0x2a9119d3) fmax.d  fs3, ft2, fs1
core   0: 1 0x00000000800049d6 (0x2a9119d3) f19 0x7ff8000000000000
core   0: 0x00000000800049da (0xc20ffb53) fcvt.w.d s6, ft11
core   0: 1 0x00000000800049da (0xc20ffb53) c1_fflags 0x0000000000000015 x22 0x000000007fffffff
core   0: 0x00000000800049de (0x00000001) c.nop
core   0: 1 0x00000000800049de (0x0001)
core   0: 0x00000000800049e0 (0x0267f33b) remuw   t1, a5, t1
core   0: 1 0x00000000800049e0 (0x0267f33b) x6  0x0000000000000000
core   0: 0x00000000800049e4 (0x02a766b3) rem     a3, a4, a0
core   0: 1 0x00000000800049e4 (0x02a766b3) x13 0x0000000000000002
core   0: 0x00000000800049e8 (0xd22b7a53) fcvt.d.l fs4, s6
core   0: 1 0x00000000800049e8 (0xd22b7a53) f20 0x41dfffffffc00000
core   0: 0x00000000800049ec (0xf20706d3) fmv.d.x fa3, a4
core   0: 1 0x00000000800049ec (0xf20706d3) f13 0x0000000000000002
core   0: 0x00000000800049f0 (0x00202d73) csrrs   s10, frm, zero
core   0: 1 0x00000000800049f0 (0x00202d73) x26 0x0000000000000002
core   0: 0x00000000800049f4 (0x5a04f453) fsqrt.d fs0, fs1
core   0: 1 0x00000000800049f4 (0x5a04f453) f8  0x7ff8000000000000
core   0: 0x00000000800049f8 (0x02c3e5bb) remw    a1, t2, a2
core   0: 1 0x00000000800049f8 (0x02c3e5bb) x11 0x0000000000000092
core   0: 0x00000000800049fc (0x000592bb) sllw    t0, a1, zero
core   0: 1 0x00000000800049fc (0x000592bb) x5  0x0000000000000092
core   0: 0x0000000080004a00 (0x025539b3) mulhu   s3, a0, t0
core   0: 1 0x0000000080004a00 (0x025539b3) x19 0x0000000000000000
core   0: 0x0000000080004a04 (0x029a4bb3) div     s7, s4, s1
core   0: 1 0x0000000080004a04 (0x029a4bb3) x23 0x0000000000000000
core   0: 0x0000000080004a08 (0x0179c633) xor     a2, s3, s7
core   0: 1 0x0000000080004a08 (0x0179c633) x12 0x0000000000000000
core   0: 0x0000000080004a0c (0xc2097ad3) fcvt.w.d s5, fs2
core   0: 1 0x0000000080004a0c (0xc2097ad3) c1_fflags 0x0000000000000015 x21 0x000000007fffffff
core   0: 0x0000000080004a10 (0x0336783b) remuw   a6, a2, s3
core   0: 1 0x0000000080004a10 (0x0336783b) x16 0x0000000000000000
core   0: 0x0000000080004a14 (0x028578d3) fadd.d  fa7, fa0, fs0
core   0: 1 0x0000000080004a14 (0x028578d3) f17 0x7ff8000000000000
core   0: 0x0000000080004a18 (0x22a7a553) fsgnjx.d fa0, fa5, fa0
core   0: 1 0x0000000080004a18 (0x22a7a553) f10 0x7ff8000000000000
core   0: 0x0000000080004a1c (0x22ac2653) fsgnjx.d fa2, fs8, fa0
core   0: 1 0x0000000080004a1c (0x22ac2653) f12 0x7ff8000000000000
core   0: 0x0000000080004a20 (0x23c60c53) fsgnj.d fs8, fa2, ft8
core   0: 1 0x0000000080004a20 (0x23c60c53) f24 0x7ff8000000000000
core   0: 0x0000000080004a24 (0x0134163b) sllw    a2, s0, s3
core   0: 1 0x0000000080004a24 (0x0134163b) x12 0x0000000000000000
core   0: 0x0000000080004a28 (0xc23171d3) fcvt.lu.d gp, ft2
core   0: 1 0x0000000080004a28 (0xc23171d3) c1_fflags 0x0000000000000015 x3  0xffffffffffffffff
core   0: 0x0000000080004a2c (0x030d5d13) srli    s10, s10, 48
core   0: 1 0x0000000080004a2c (0x030d5d13) x26 0x0000000000000000
core   0: 0x0000000080004a30 (0x03a97c33) remu    s8, s2, s10
core   0: 1 0x0000000080004a30 (0x03a97c33) x24 0x0000000000000000
core   0: 0x0000000080004a34 (0xc22676d3) fcvt.l.d a3, fa2
core   0: 1 0x0000000080004a34 (0xc22676d3) c1_fflags 0x0000000000000015 x13 0x7fffffffffffffff
core   0: 0x0000000080004a38 (0x0278d5bb) divuw   a1, a7, t2
core   0: 1 0x0000000080004a38 (0x0278d5bb) x11 0x0000000000e190c4
core   0: 0x0000000080004a3c (0x02a12133) mulhsu  sp, sp, a0
core   0: 1 0x0000000080004a3c (0x02a12133) x2  0x0000000000000000
core   0: 0x0000000080004a40 (0x0ff0000f) fence   iorw,iorw
core   0: 1 0x0000000080004a40 (0x0ff0000f)
core   0: 0x0000000080004a44 (0x2b4a1853) fmax.d  fa6, fs4, fs4
core   0: 1 0x0000000080004a44 (0x2b4a1853) f16 0x41dfffffffc00000
core   0: 0x0000000080004a48 (0x025678b3) remu    a7, a2, t0
core   0: 1 0x0000000080004a48 (0x025678b3) x17 0x0000000000000000
core   0: 0x0000000080004a4c (0x02f11333) mulh    t1, sp, a5
core   0: 1 0x0000000080004a4c (0x02f11333) x6  0x0000000000000000
core   0: 0x0000000080004a50 (0xc2117bd3) fcvt.wu.d s7, ft2
core   0: 1 0x0000000080004a50 (0xc2117bd3) c1_fflags 0x0000000000000015 x23 0xffffffffffffffff
core   0: 0x0000000080004a54 (0x10605073) csrrwi  zero, scounteren, 0
core   0: 1 0x0000000080004a54 (0x10605073) c262_scounteren 0x0000000000000000
core   0: 0x0000000080004a58 (0x40d88eb3) sub     t4, a7, a3
core   0: 1 0x0000000080004a58 (0x40d88eb3) x29 0x8000000000000001
core   0: 0x0000000080004a5c (0x01c96233) or      tp, s2, t3
core   0: 1 0x0000000080004a5c (0x01c96233) x4  0xffffffffffffffff
core   0: 0x0000000080004a60 (0x034ad33b) divuw   t1, s5, s4
core   0: 1 0x0000000080004a60 (0x034ad33b) x6  0x0000000000000000
core   0: 0x0000000080004a64 (0xd2038053) fcvt.d.w ft0, t2
core   0: 1 0x0000000080004a64 (0xd2038053) f0  0x4062400000000000
core   0: 0x0000000080004a68 (0x800e0b13) addi    s6, t3, -2048
core   0: 1 0x0000000080004a68 (0x800e0b13) x22 0xfffffffffffff7ff
core   0: 0x0000000080004a6c (0x0013059b) addiw   a1, t1, 1
core   0: 1 0x0000000080004a6c (0x0013059b) x11 0x0000000000000001
core   0: 0x0000000080004a70 (0x40107ed3) fcvt.s.d ft9, ft0
core   0: 1 0x0000000080004a70 (0x40107ed3) f29 0xffffffff43120000
core   0: 0x0000000080004a74 (0x40b30c3b) subw    s8, t1, a1
core   0: 1 0x0000000080004a74 (0x40b30c3b) x24 0xffffffffffffffff
core   0: 0x0000000080004a78 (0x03edd893) srli    a7, s11, 62
core   0: 1 0x0000000080004a78 (0x03edd893) x17 0x0000000000000000
core   0: 0x0000000080004a7c (0x002022f3) csrrs   t0, frm, zero
core   0: 1 0x0000000080004a7c (0x002022f3) x5  0x0000000000000002
core   0: 0x0000000080004a80 (0x0244623b) remw    tp, s0, tp
core   0: 1 0x0000000080004a80 (0x0244623b) x4  0x0000000000000000
core   0: 0x0000000080004a84 (0x400cdc9b) sraiw   s9, s9, 0
core   0: 1 0x0000000080004a84 (0x400cdc9b) x25 0xfffffffffffffff2
core   0: 0x0000000080004a88 (0x010917bb) sllw    a5, s2, a6
core   0: 1 0x0000000080004a88 (0x010917bb) x15 0x0000000000000000
core   0: 0x0000000080004a8c (0x0005571b) srliw   a4, a0, 0
core   0: 1 0x0000000080004a8c (0x0005571b) x14 0xffffffffa19e09d2
core   0: 0x0000000080004a90 (0x00102673) csrrs   a2, fflags, zero
core   0: 1 0x0000000080004a90 (0x00102673) x12 0x0000000000000015
core   0: 0x0000000080004a94 (0x02350ab3) mul     s5, a0, gp
core   0: 1 0x0000000080004a94 (0x02350ab3) x21 0xffffffff5e61f62e
core   0: 0x0000000080004a98 (0xd16aea37) lui     s4, 0xd16ae
core   0: 1 0x0000000080004a98 (0xd16aea37) x20 0xffffffffd16ae000
core   0: 0x0000000080004a9c (0x4031d1b3) sra     gp, gp, gp
core   0: 1 0x0000000080004a9c (0x4031d1b3) x3  0xffffffffffffffff
core   0: 0x0000000080004aa0 (0xc2007cd3) fcvt.w.d s9, ft0
core   0: 1 0x0000000080004aa0 (0xc2007cd3) x25 0x0000000000000092
core   0: 0x0000000080004aa4 (0x0290f0b3) remu    ra, ra, s1
core   0: 1 0x0000000080004aa4 (0x0290f0b3) x1  0x0000000000000896
core   0: 0x0000000080004aa8 (0x4001d693) srai    a3, gp, 0
core   0: 1 0x0000000080004aa8 (0x4001d693) x13 0xffffffffffffffff
core   0: 0x0000000080004aac (0xd21a09d3) fcvt.d.wu fs3, s4
core   0: 1 0x0000000080004aac (0xd21a09d3) f19 0x41ea2d5c00000000
core   0: 0x0000000080004ab0 (0xd2068153) fcvt.d.w ft2, a3
core   0: 1 0x0000000080004ab0 (0xd2068153) f2  0xbff0000000000000
core   0: 0x0000000080004ab4 (0x40a4de93) srai    t4, s1, 10
core   0: 1 0x0000000080004ab4 (0x40a4de93) x29 0x0000000000000002
core   0: 0x0000000080004ab8 (0xd056f817) auipc   a6, 0xd056f
core   0: 1 0x0000000080004ab8 (0xd056f817) x16 0x0000000050573ab8
core   0: 0x0000000080004abc (0x02b09613) slli    a2, ra, 43
core   0: 1 0x0000000080004abc (0x02b09613) x12 0x0044b00000000000
core   0: 0x0000000080004ac0 (0x00e71bbb) sllw    s7, a4, a4
core   0: 1 0x0000000080004ac0 (0x00e71bbb) x23 0x0000000027480000
core   0: 0x0000000080004ac4 (0x03a07d4f) fnmadd.d fs10, ft0, fs10, ft0
core   0: 1 0x0000000080004ac4 (0x03a07d4f) f26 0x8000000000000000
core   0: 0x0000000080004ac8 (0x5b5a8b1b) addiw   s6, s5, 1461
core   0: 1 0x0000000080004ac8 (0x5b5a8b1b) x22 0x000000005e61fbe3
core   0: 0x0000000080004acc (0x127d7353) fmul.d  ft6, fs10, ft7
core   0: 1 0x0000000080004acc (0x127d7353) f6  0x8000000000000000
core   0: 0x0000000080004ad0 (0xd2367bd3) fcvt.d.lu fs7, a2
core   0: 1 0x0000000080004ad0 (0xd2367bd3) f23 0x43512c0000000000
core   0: 0x0000000080004ad4 (0x00000001) c.nop
core   0: 1 0x0000000080004ad4 (0x0001)
core   0: 0x0000000080004ad6 (0xd20b0553) fcvt.d.w fa0, s6
core   0: 1 0x0000000080004ad6 (0xd20b0553) f10 0x41d7987ef8c00000
core   0: 0x0000000080004ada (0x405282b3) sub     t0, t0, t0
core   0: 1 0x0000000080004ada (0x405282b3) x5  0x0000000000000000
core   0: 0x0000000080004ade (0x00065393) srli    t2, a2, 0
core   0: 1 0x0000000080004ade (0x00065393) x7  0x0044b00000000000
core   0: 0x0000000080004ae2 (0x000a519b) srliw   gp, s4, 0
core   0: 1 0x0000000080004ae2 (0x000a519b) x3  0xffffffffd16ae000
core   0: 0x0000000080004ae6 (0xc22ffb53) fcvt.l.d s6, ft11
core   0: 1 0x0000000080004ae6 (0xc22ffb53) c1_fflags 0x0000000000000015 x22 0x7fffffffffffffff
core   0: 0x0000000080004aea (0x0051123b) sllw    tp, sp, t0
core   0: 1 0x0000000080004aea (0x0051123b) x4  0x0000000000000000
core   0: 0x0000000080004aee (0x035151bb) divuw   gp, sp, s5
core   0: 1 0x0000000080004aee (0x035151bb) x3  0x0000000000000000
core   0: 0x0000000080004af2 (0x02d249b3) div     s3, tp, a3
core   0: 1 0x0000000080004af2 (0x02d249b3) x19 0x0000000000000000
core   0: 0x0000000080004af6 (0x0ff0000f) fence   iorw,iorw
core   0: 1 0x0000000080004af6 (0x0ff0000f)
core   0: 0x0000000080004afa (0x4185d29b) sraiw   t0, a1, 24
core   0: 1 0x0000000080004afa (0x4185d29b) x5  0x0000000000000000
core   0: 0x0000000080004afe (0x0004943b) sllw    s0, s1, zero
core   0: 1 0x0000000080004afe (0x0004943b) x8  0x0000000000000a86
core   0: 0x0000000080004b02 (0xc23372d3) fcvt.lu.d t0, ft6
core   0: 1 0x0000000080004b02 (0xc23372d3) x5  0x0000000000000000
core   0: 0x0000000080004b06 (0x0052e833) or      a6, t0, t0
core   0: 1 0x0000000080004b06 (0x0052e833) x16 0x0000000000000000
core   0: 0x0000000080004b0a (0x22072a53) fsgnjx.d fs4, fa4, ft0
core   0: 1 0x0000000080004b0a (0x22072a53) f20 0x7ff8000000000000
core   0: 0x0000000080004b0e (0xe3c5f34f) fnmadd.d ft6, fa1, ft8, ft8
core   0: 1 0x0000000080004b0e (0xe3c5f34f) f6  0x7ff8000000000000
core   0: 0x0000000080004b12 (0x839d7c43) fmadd.d fs8, fs10, fs9, fa6
core   0: 1 0x0000000080004b12 (0x839d7c43) f24 0x41dfffffffc00000
core   0: 0x0000000080004b16 (0xb5f00d1b) addiw   s10, zero, -1185
core   0: 1 0x0000000080004b16 (0xb5f00d1b) x26 0xfffffffffffffb5f
core   0: 0x0000000080004b1a (0x00000001) c.nop
core   0: 1 0x0000000080004b1a (0x0001)
core   0: 0x0000000080004b1c (0x009bd4bb) srlw    s1, s7, s1
core   0: 1 0x0000000080004b1c (0x009bd4bb) x9  0x00000000009d2000
core   0: 0x0000000080004b20 (0x00992b33) slt     s6, s2, s1
core   0: 1 0x0000000080004b20 (0x00992b33) x22 0x0000000000000001
core   0: 0x0000000080004b24 (0x007e5b9b) srliw   s7, t3, 7
core   0: 1 0x0000000080004b24 (0x007e5b9b) x23 0x0000000001ffffff
core   0: 0x0000000080004b28 (0x04fdc193) xori    gp, s11, 79
core   0: 1 0x0000000080004b28 (0x04fdc193) x3  0x000000000000004f
core   0: 0x0000000080004b2c (0x01fe9e9b) slliw   t4, t4, 31
core   0: 1 0x0000000080004b2c (0x01fe9e9b) x29 0x0000000000000000
core   0: 0x0000000080004b30 (0x403ed6b3) sra     a3, t4, gp
core   0: 1 0x0000000080004b30 (0x403ed6b3) x13 0x0000000000000000
core   0: 0x0000000080004b34 (0x02217133) remu    sp, sp, sp
core   0: 1 0x0000000080004b34 (0x02217133) x2  0x0000000000000000
core   0: 0x0000000080004b38 (0x037babb3) mulhsu  s7, s7, s7
core   0: 1 0x0000000080004b38 (0x037babb3) x23 0x0000000000000000
core   0: 0x0000000080004b3c (0xc21c7453) fcvt.wu.d s0, fs8
core   0: 1 0x0000000080004b3c (0xc21c7453) x8  0x000000007fffffff
core   0: 0x0000000080004b40 (0x404a02bb) subw    t0, s4, tp
core   0: 1 0x0000000080004b40 (0x404a02bb) x5  0xffffffffd16ae000
core   0: 0x0000000080004b44 (0x014a7eb3) and     t4, s4, s4
core   0: 1 0x0000000080004b44 (0x014a7eb3) x29 0xffffffffd16ae000
core   0: 0x0000000080004b48 (0xc21df953) fcvt.wu.d s2, fs11
core   0: 1 0x0000000080004b48 (0xc21df953) c1_fflags 0x0000000000000015 x18 0xffffffffffffffff
core   0: 0x0000000080004b4c (0xc21cfdd3) fcvt.wu.d s11, fs9
core   0: 1 0x0000000080004b4c (0xc21cfdd3) c1_fflags 0x0000000000000015 x27 0x0000000000000000
core   0: 0x0000000080004b50 (0x5a0df653) fsqrt.d fa2, fs11
core   0: 1 0x0000000080004b50 (0x5a0df653) f12 0x7ff8000000000000
core   0: 0x0000000080004b54 (0x03940cbb) mulw    s9, s0, s9
core   0: 1 0x0000000080004b54 (0x03940cbb) x25 0xffffffffffffff6e
core   0: 0x0000000080004b58 (0x23d62ed3) fsgnjx.d ft9, fa2, ft9
core   0: 1 0x0000000080004b58 (0x23d62ed3) f29 0xfff8000000000000
core   0: 0x0000000080004b5c (0x0330fd53) fadd.d  fs10, ft1, fs3
core   0: 1 0x0000000080004b5c (0x0330fd53) f26 0x41f516adfff00000
core   0: 0x0000000080004b60 (0x12637a53) fmul.d  fs4, ft6, ft6
core   0: 1 0x0000000080004b60 (0x12637a53) f20 0x7ff8000000000000
core   0: 0x0000000080004b64 (0x0000149e) c.slli  s1, 39
core   0: 1 0x0000000080004b64 (0x149e) x9  0x4e90000000000000
core   0: 0x0000000080004b66 (0x000c5c33) srl     s8, s8, zero
core   0: 1 0x0000000080004b66 (0x000c5c33) x24 0xffffffffffffffff
core   0: 0x0000000080004b6a (0x22b393d3) fsgnjn.d ft7, ft7, fa1
core   0: 1 0x0000000080004b6a (0x22b393d3) f7  0xc3effffffffff7ff
core   0: 0x0000000080004b6e (0x00b3c133) xor     sp, t2, a1
core   0: 1 0x0000000080004b6e (0x00b3c133) x2  0x0044b00000000001
core   0: 0x0000000080004b72 (0xd21a0553) fcvt.d.wu fa0, s4
core   0: 1 0x0000000080004b72 (0xd21a0553) f10 0x41ea2d5c00000000
core   0: 0x0000000080004b76 (0x409055b3) sra     a1, zero, s1
core   0: 1 0x0000000080004b76 (0x409055b3) x11 0x0000000000000000
core   0: 0x0000000080004b7a (0x002307b3) add     a5, t1, sp
core   0: 1 0x0000000080004b7a (0x002307b3) x15 0x0044b00000000001
core   0: 0x0000000080004b7e (0x50387813) andi    a6, a6, 1283
core   0: 1 0x0000000080004b7e (0x50387813) x16 0x0000000000000000
core   0: 0x0000000080004b82 (0xc033fe53) fcvt.lu.s t3, ft7
core   0: 1 0x0000000080004b82 (0xc033fe53) c1_fflags 0x0000000000000015 x28 0xffffffffffffffff
core   0: 0x0000000080004b86 (0x00079033) sll     zero, a5, zero
core   0: 1 0x0000000080004b86 (0x00079033)
core   0: 0x0000000080004b8a (0x40187853) fcvt.s.d fa6, fa6
core   0: 1 0x0000000080004b8a (0x40187853) c1_fflags 0x0000000000000015 f16 0xffffffff4effffff
core   0: 0x0000000080004b8e (0xbed0f497) auipc   s1, 0xbed0f
core   0: 1 0x0000000080004b8e (0xbed0f497) x9  0x000000003ed13b8e
core   0: 0x0000000080004b92 (0x230d9053) fsgnjn.d ft0, fs11, fa6
core   0: 1 0x0000000080004b92 (0x230d9053) f0  0x7fffffff43120000
core   0: 0x0000000080004b96 (0x4044d8bb) sraw    a7, s1, tp
core   0: 1 0x0000000080004b96 (0x4044d8bb) x17 0x000000003ed13b8e
core   0: 0x0000000080004b9a (0xfca8ce13) xori    t3, a7, -54
core   0: 1 0x0000000080004b9a (0xfca8ce13) x28 0xffffffffc12ec444
core   0: 0x0000000080004b9e (0x2231abd3) fsgnjx.d fs7, ft3, ft3
core   0: 1 0x0000000080004b9e (0x2231abd3) f23 0x7ff8000000000000
core   0: 0x0000000080004ba2 (0x2a6197d3) fmax.d  fa5, ft3, ft6
core   0: 1 0x0000000080004ba2 (0x2a6197d3) f15 0x7ff8000000000000
core   0: 0x0000000080004ba6 (0xc06e1c73) csrrw   s8, hpmcounter6, t3
core   0: exception trap_illegal_instruction, epc 0x0000000080004ba6
core   0:           tval 0x00000000c06e1c73
core   0: >>>>  $xrv64i2p1_m2p0_a2p1_f2p2_d2p2_zicsr2p0_zifencei2p0_zmmul1p0_zba1p0_zbb1p0_zbc1p0_zbs1p0
core   0: 0x0000000080004000 (0x0080006f) j       pc + 0x8
core   0: 3 0x0000000080004000 (0x0080006f)
core   0: >>>>  mmode_exception_handler
core   0: 0x0000000080004008 (0x00002c17) auipc   s8, 0x2
core   0: 3 0x0000000080004008 (0x00002c17) x24 0x0000000080006008
core   0: 0x000000008000400c (0x034c0c13) addi    s8, s8, 52
core   0: 3 0x000000008000400c (0x034c0c13) x24 0x000000008000603c
core   0: 0x0000000080004010 (0x000c00e7) jalr    s8
core   0: 3 0x0000000080004010 (0x000c00e7) x1  0x0000000080004014
core   0: >>>>  any_handler
core   0: 0x000000008000603c (0x341027f3) csrrs   a5, mepc, zero
core   0: 3 0x000000008000603c (0x341027f3) x15 0x0000000080004ba6
core   0: 0x0000000080006040 (0x34202773) csrrs   a4, mcause, zero
core   0: 3 0x0000000080006040 (0x34202773) x14 0x0000000000000002
core   0: 0x0000000080006044 (0x142026f3) csrrs   a3, scause, zero
core   0: 3 0x0000000080006044 (0x142026f3) x13 0x0000000000000000
core   0: 0x0000000080006048 (0x30402673) csrrs   a2, mie, zero
core   0: 3 0x0000000080006048 (0x30402673) x12 0x0000000000000a00
core   0: 0x000000008000604c (0x344025f3) csrrs   a1, mip, zero
core   0: 3 0x000000008000604c (0x344025f3) x11 0x0000000000000080
core   0: 0x0000000080006050 (0x343025f3) csrrs   a1, mtval, zero
core   0: 3 0x0000000080006050 (0x343025f3) x11 0x00000000c06e1c73
core   0: 0x0000000080006054 (0x14302573) csrrs   a0, stval, zero
core   0: 3 0x0000000080006054 (0x14302573) x10 0x0000000000000000
core   0: 0x0000000080006058 (0xb02024f3) csrrs   s1, minstret, zero
core   0: 3 0x0000000080006058 (0xb02024f3) x9  0x0000000000000b23
core   0: 0x000000008000605c (0x0000a811) c.j     pc + 20
core   0: 3 0x000000008000605c (0xa811)
core   0: >>>>  mepc_4
core   0: 0x0000000080006070 (0x00000791) c.addi  a5, 4
core   0: 3 0x0000000080006070 (0x0791) x15 0x0000000080004baa
core   0: 0x0000000080006072 (0x34179073) csrrw   zero, mepc, a5
core   0: 3 0x0000000080006072 (0x34179073) c833_mepc 0x0000000080004baa
core   0: 0x0000000080006076 (0x30200073) mret
core   0: 3 0x0000000080006076 (0x30200073) c768_mstatus 0x8000000a00106080
core   0: 0x0000000080004baa (0x03341d13) slli    s10, s0, 51
core   0: 1 0x0000000080004baa (0x03341d13) x26 0xfff8000000000000
core   0: 0x0000000080004bae (0x012a0a3b) addw    s4, s4, s2
core   0: 1 0x0000000080004bae (0x012a0a3b) x20 0xffffffffd16adfff
core   0: 0x0000000080004bb2 (0xc031fe53) fcvt.lu.s t3, ft3
core   0: 1 0x0000000080004bb2 (0xc031fe53) c1_fflags 0x0000000000000015 x28 0xffffffffffffffff
core   0: 0x0000000080004bb6 (0x00171773) csrrw   a4, fflags, a4
core   0: 1 0x0000000080004bb6 (0x00171773) x14 0x0000000000000015 c1_fflags 0x0000000000000002
core   0: 0x0000000080004bba (0x02171c33) mulh    s8, a4, ra
core   0: 1 0x0000000080004bba (0x02171c33) x24 0x0000000000000000
core   0: 0x0000000080004bbe (0x4210d093) srai    ra, ra, 33
core   0: 1 0x0000000080004bbe (0x4210d093) x1  0x0000000000000000
core   0: 0x0000000080004bc2 (0x013999bb) sllw    s3, s3, s3
core   0: 1 0x0000000080004bc2 (0x013999bb) x19 0x0000000000000000
core   0: 0x0000000080004bc6 (0xc221f3d3) fcvt.l.d t2, ft3
core   0: 1 0x0000000080004bc6 (0xc221f3d3) c1_fflags 0x0000000000000012 x7  0x7fffffffffffffff
core   0: 0x0000000080004bca (0xf20e8753) fmv.d.x fa4, t4
core   0: 1 0x0000000080004bca (0xf20e8753) f14 0xffffffffd16ae000
core   0: 0x0000000080004bce (0x0381ffd3) fadd.d  ft11, ft3, fs8
core   0: 1 0x0000000080004bce (0x0381ffd3) f31 0x7ff8000000000000
core   0: 0x0000000080004bd2 (0x00881e1b) slliw   t3, a6, 8
core   0: 1 0x0000000080004bd2 (0x00881e1b) x28 0x0000000000000000
core   0: 0x0000000080004bd6 (0x1b4670c7) fmsub.d ft1, fa2, fs4, ft3
core   0: 1 0x0000000080004bd6 (0x1b4670c7) f1  0x7ff8000000000000
core   0: 0x0000000080004bda (0x0a9a7bd3) fsub.d  fs7, fs4, fs1
core   0: 1 0x0000000080004bda (0x0a9a7bd3) f23 0x7ff8000000000000
core   0: 0x0000000080004bde (0x00069c1b) slliw   s8, a3, 0
core   0: 1 0x0000000080004bde (0x00069c1b) x24 0x0000000000000000
core   0: 0x0000000080004be2 (0x2ab09e53) fmax.d  ft8, ft1, fa1
core   0: 1 0x0000000080004be2 (0x2ab09e53) f28 0x7ff8000000000000
core   0: 0x0000000080004be6 (0x00000001) c.nop
core   0: 1 0x0000000080004be6 (0x0001)
core   0: 0x0000000080004be8 (0x01da2eb3) slt     t4, s4, t4
core   0: 1 0x0000000080004be8 (0x01da2eb3) x29 0x0000000000000001
core   0: 0x0000000080004bec (0x0339d9bb) divuw   s3, s3, s3
core   0: 1 0x0000000080004bec (0x0339d9bb) x19 0xffffffffffffffff
core   0: 0x0000000080004bf0 (0x01ce0633) add     a2, t3, t3
core   0: 1 0x0000000080004bf0 (0x01ce0633) x12 0x0000000000000000
core   0: 0x0000000080004bf4 (0x30605173) csrrwi  sp, mcounteren, 0
core   0: exception trap_illegal_instruction, epc 0x0000000080004bf4
core   0:           tval 0x0000000030605173
core   0: >>>>  $xrv64i2p1_m2p0_a2p1_f2p2_d2p2_zicsr2p0_zifencei2p0_zmmul1p0_zba1p0_zbb1p0_zbc1p0_zbs1p0
core   0: 0x0000000080004000 (0x0080006f) j       pc + 0x8
core   0: 3 0x0000000080004000 (0x0080006f)
core   0: >>>>  mmode_exception_handler
core   0: 0x0000000080004008 (0x00002c17) auipc   s8, 0x2
core   0: 3 0x0000000080004008 (0x00002c17) x24 0x0000000080006008
core   0: 0x000000008000400c (0x034c0c13) addi    s8, s8, 52
core   0: 3 0x000000008000400c (0x034c0c13) x24 0x000000008000603c
core   0: 0x0000000080004010 (0x000c00e7) jalr    s8
core   0: 3 0x0000000080004010 (0x000c00e7) x1  0x0000000080004014
core   0: >>>>  any_handler
core   0: 0x000000008000603c (0x341027f3) csrrs   a5, mepc, zero
core   0: 3 0x000000008000603c (0x341027f3) x15 0x0000000080004bf4
core   0: 0x0000000080006040 (0x34202773) csrrs   a4, mcause, zero
core   0: 3 0x0000000080006040 (0x34202773) x14 0x0000000000000002
core   0: 0x0000000080006044 (0x142026f3) csrrs   a3, scause, zero
core   0: 3 0x0000000080006044 (0x142026f3) x13 0x0000000000000000
core   0: 0x0000000080006048 (0x30402673) csrrs   a2, mie, zero
core   0: 3 0x0000000080006048 (0x30402673) x12 0x0000000000000a00
core   0: 0x000000008000604c (0x344025f3) csrrs   a1, mip, zero
core   0: 3 0x000000008000604c (0x344025f3) x11 0x0000000000000080
core   0: 0x0000000080006050 (0x343025f3) csrrs   a1, mtval, zero
core   0: 3 0x0000000080006050 (0x343025f3) x11 0x0000000030605173
core   0: 0x0000000080006054 (0x14302573) csrrs   a0, stval, zero
core   0: 3 0x0000000080006054 (0x14302573) x10 0x0000000000000000
core   0: 0x0000000080006058 (0xb02024f3) csrrs   s1, minstret, zero
core   0: 3 0x0000000080006058 (0xb02024f3) x9  0x0000000000000b46
core   0: 0x000000008000605c (0x0000a811) c.j     pc + 20
core   0: 3 0x000000008000605c (0xa811)
core   0: >>>>  mepc_4
core   0: 0x0000000080006070 (0x00000791) c.addi  a5, 4
core   0: 3 0x0000000080006070 (0x0791) x15 0x0000000080004bf8
core   0: 0x0000000080006072 (0x34179073) csrrw   zero, mepc, a5
core   0: 3 0x0000000080006072 (0x34179073) c833_mepc 0x0000000080004bf8
core   0: 0x0000000080006076 (0x30200073) mret
core   0: 3 0x0000000080006076 (0x30200073) c768_mstatus 0x8000000a00106080
core   0: 0x0000000080004bf8 (0x2bc618d3) fmax.d  fa7, fa2, ft8
core   0: 1 0x0000000080004bf8 (0x2bc618d3) f17 0x7ff8000000000000
core   0: 0x0000000080004bfc (0x0019173b) sllw    a4, s2, ra
core   0: 1 0x0000000080004bfc (0x0019173b) x14 0xfffffffffff00000
core   0: 0x0000000080004c00 (0xc024f9d3) fcvt.l.s s3, fs1
core   0: 1 0x0000000080004c00 (0xc024f9d3) c1_fflags 0x0000000000000012 x19 0x7fffffffffffffff
core   0: 0x0000000080004c04 (0x7ff9ca13) xori    s4, s3, 2047
core   0: 1 0x0000000080004c04 (0x7ff9ca13) x20 0x7ffffffffffff800
core   0: 0x0000000080004c08 (0x0340f6b3) remu    a3, ra, s4
core   0: 1 0x0000000080004c08 (0x0340f6b3) x13 0x0000000080004014
core   0: 0x0000000080004c0c (0xfbcdfdc3) fmadd.d fs11, fs11, ft8, ft11
core   0: 1 0x0000000080004c0c (0xfbcdfdc3) f27 0x7ff8000000000000
core   0: 0x0000000080004c10 (0x727cfccb) fnmsub.d fs9, fs9, ft7, fa4
core   0: 1 0x0000000080004c10 (0x727cfccb) f25 0x7ff8000000000000
core   0: 0x0000000080004c14 (0x22ecafd3) fsgnjx.d ft11, fs9, fa4
core   0: 1 0x0000000080004c14 (0x22ecafd3) f31 0xfff8000000000000
core   0: 0x0000000080004c18 (0x4197559b) sraiw   a1, a4, 25
core   0: 1 0x0000000080004c18 (0x4197559b) x11 0xffffffffffffffff
core   0: 0x0000000080004c1c (0x00b51e37) lui     t3, 0xb51
core   0: 1 0x0000000080004c1c (0x00b51e37) x28 0x0000000000b51000
core   0: 0x0000000080004c20 (0xeb3e0e1b) addiw   t3, t3, -333
core   0: 1 0x0000000080004c20 (0xeb3e0e1b) x28 0x0000000000b50eb3
core   0: 0x0000000080004c24 (0x00000e3a) c.slli  t3, 14
core   0: 1 0x0000000080004c24 (0x0e3a) x28 0x0000002d43acc000
core   0: 0x0000000080004c26 (0xac8e0e13) addi    t3, t3, -1336
core   0: 1 0x0000000080004c26 (0xac8e0e13) x28 0x0000002d43acbac8
core   0: 0x0000000080004c2a (0x40cd0d3b) subw    s10, s10, a2
core   0: 1 0x0000000080004c2a (0x40cd0d3b) x26 0xfffffffffffff600
core   0: 0x0000000080004c2e (0x023483b3) mul     t2, s1, gp
core   0: 1 0x0000000080004c2e (0x023483b3) x7  0x0000000000037a9a
core   0: 0x0000000080004c32 (0x02d19b33) mulh    s6, gp, a3
core   0: 1 0x0000000080004c32 (0x02d19b33) x22 0x0000000000000000
core   0: 0x0000000080004c36 (0x00156d13) ori     s10, a0, 1
core   0: 1 0x0000000080004c36 (0x00156d13) x26 0x0000000000000001
core   0: 0x0000000080004c3a (0x016847b3) xor     a5, a6, s6
core   0: 1 0x0000000080004c3a (0x016847b3) x15 0x0000000000000000
core   0: 0x0000000080004c3e (0x03d99e13) slli    t3, s3, 61
core   0: 1 0x0000000080004c3e (0x03d99e13) x28 0xe000000000000000
core   0: 0x0000000080004c42 (0x00665c1b) srliw   s8, a2, 6
core   0: 1 0x0000000080004c42 (0x00665c1b) x24 0x0000000000000028
core   0: 0x0000000080004c46 (0xd20c0053) fcvt.d.w ft0, s8
core   0: 1 0x0000000080004c46 (0xd20c0053) f0  0x4044000000000000
core   0: 0x0000000080004c4a (0xc201f2d3) fcvt.w.d t0, ft3
core   0: 1 0x0000000080004c4a (0xc201f2d3) c1_fflags 0x0000000000000012 x5  0x000000007fffffff
core   0: 0x0000000080004c4e (0x4017fe53) fcvt.s.d ft8, fa5
core   0: 1 0x0000000080004c4e (0x4017fe53) f28 0xffffffff7fc00000
core   0: 0x0000000080004c52 (0x0259a9b3) mulhsu  s3, s3, t0
core   0: 1 0x0000000080004c52 (0x0259a9b3) x19 0x000000003fffffff
core   0: 0x0000000080004c56 (0x400353b3) sra     t2, t1, zero
core   0: 1 0x0000000080004c56 (0x400353b3) x7  0x0000000000000000
core   0: 0x0000000080004c5a (0x00f2d6b7) lui     a3, 0xf2d
core   0: 1 0x0000000080004c5a (0x00f2d6b7) x13 0x0000000000f2d000
core   0: 0x0000000080004c5e (0x84d6869b) addiw   a3, a3, -1971
core   0: 1 0x0000000080004c5e (0x84d6869b) x13 0x0000000000f2c84d
core   0: 0x0000000080004c62 (0x000006be) c.slli  a3, 15
core   0: 1 0x0000000080004c62 (0x06be) x13 0x0000007964268000
core   0: 0x0000000080004c64 (0x44768693) addi    a3, a3, 1095
core   0: 1 0x0000000080004c64 (0x44768693) x13 0x0000007964268447
core   0: 0x0000000080004c68 (0x93407cb7) lui     s9, 0x93407
core   0: 1 0x0000000080004c68 (0x93407cb7) x25 0xffffffff93407000
core   0: 0x0000000080004c6c (0x23c3a653) fsgnjx.d fa2, ft7, ft8
core   0: 1 0x0000000080004c6c (0x23c3a653) f12 0x43effffffffff7ff
core   0: 0x0000000080004c70 (0x018e0533) add     a0, t3, s8
core   0: 1 0x0000000080004c70 (0x018e0533) x10 0xe000000000000028
core   0: 0x0000000080004c74 (0x40460733) sub     a4, a2, tp
core   0: 1 0x0000000080004c74 (0x40460733) x14 0x0000000000000a00
core   0: 0x0000000080004c78 (0x0ff0000f) fence   iorw,iorw
core   0: 1 0x0000000080004c78 (0x0ff0000f)
core   0: 0x0000000080004c7c (0x02445813) srli    a6, s0, 36
core   0: 1 0x0000000080004c7c (0x02445813) x16 0x0000000000000000
core   0: 0x0000000080004c80 (0xc02e78d3) fcvt.l.s a7, ft8
core   0: 1 0x0000000080004c80 (0xc02e78d3) c1_fflags 0x0000000000000012 x17 0x7fffffffffffffff
core   0: 0x0000000080004c84 (0x000e181b) slliw   a6, t3, 0
core   0: 1 0x0000000080004c84 (0x000e181b) x16 0x0000000000000000
core   0: 0x0000000080004c88 (0xd22c7553) fcvt.d.l fa0, s8
core   0: 1 0x0000000080004c88 (0xd22c7553) f10 0x4044000000000000
core   0: 0x0000000080004c8c (0x22a51d53) fsgnjn.d fs10, fa0, fa0
core   0: 1 0x0000000080004c8c (0x22a51d53) f26 0xc044000000000000
core   0: 0x0000000080004c90 (0x00149273) csrrw   tp, fflags, s1
core   0: 1 0x0000000080004c90 (0x00149273) x4  0x0000000000000012 c1_fflags 0x0000000000000006
core   0: 0x0000000080004c94 (0x42f2d113) srai    sp, t0, 47
core   0: 1 0x0000000080004c94 (0x42f2d113) x2  0x0000000000000000
core   0: 0x0000000080004c98 (0x017a4bb3) xor     s7, s4, s7
core   0: 1 0x0000000080004c98 (0x017a4bb3) x23 0x7ffffffffffff800
core   0: 0x0000000080004c9c (0x034ec633) div     a2, t4, s4
core   0: 1 0x0000000080004c9c (0x034ec633) x12 0x0000000000000000
core   0: 0x0000000080004ca0 (0x4187033b) subw    t1, a4, s8
core   0: 1 0x0000000080004ca0 (0x4187033b) x6  0x00000000000009d8
core   0: 0x0000000080004ca4 (0xd22ef453) fcvt.d.l fs0, t4
core   0: 1 0x0000000080004ca4 (0xd22ef453) f8  0x3ff0000000000000
core   0: 0x0000000080004ca8 (0x002a9af3) csrrw   s5, frm, s5
core   0: 1 0x0000000080004ca8 (0x002a9af3) x21 0x0000000000000002 c2_frm 0x0000000000000006
core   0: 0x0000000080004cac (0x00fb12b3) sll     t0, s6, a5
core   0: 1 0x0000000080004cac (0x00fb12b3) x5  0x0000000000000000
core   0: 0x0000000080004cb0 (0x5a047ed3) fsqrt.d ft9, fs0
core   0: exception trap_illegal_instruction, epc 0x0000000080004cb0
core   0:           tval 0x000000005a047ed3
core   0: >>>>  $xrv64i2p1_m2p0_a2p1_f2p2_d2p2_zicsr2p0_zifencei2p0_zmmul1p0_zba1p0_zbb1p0_zbc1p0_zbs1p0
core   0: 0x0000000080004000 (0x0080006f) j       pc + 0x8
core   0: 3 0x0000000080004000 (0x0080006f)
core   0: >>>>  mmode_exception_handler
core   0: 0x0000000080004008 (0x00002c17) auipc   s8, 0x2
core   0: 3 0x0000000080004008 (0x00002c17) x24 0x0000000080006008
core   0: 0x000000008000400c (0x034c0c13) addi    s8, s8, 52
core   0: 3 0x000000008000400c (0x034c0c13) x24 0x000000008000603c
core   0: 0x0000000080004010 (0x000c00e7) jalr    s8
core   0: 3 0x0000000080004010 (0x000c00e7) x1  0x0000000080004014
core   0: >>>>  any_handler
core   0: 0x000000008000603c (0x341027f3) csrrs   a5, mepc, zero
core   0: 3 0x000000008000603c (0x341027f3) x15 0x0000000080004cb0
core   0: 0x0000000080006040 (0x34202773) csrrs   a4, mcause, zero
core   0: 3 0x0000000080006040 (0x34202773) x14 0x0000000000000002
core   0: 0x0000000080006044 (0x142026f3) csrrs   a3, scause, zero
core   0: 3 0x0000000080006044 (0x142026f3) x13 0x0000000000000000
core   0: 0x0000000080006048 (0x30402673) csrrs   a2, mie, zero
core   0: 3 0x0000000080006048 (0x30402673) x12 0x0000000000000a00
core   0: 0x000000008000604c (0x344025f3) csrrs   a1, mip, zero
core   0: 3 0x000000008000604c (0x344025f3) x11 0x0000000000000080
core   0: 0x0000000080006050 (0x343025f3) csrrs   a1, mtval, zero
core   0: 3 0x0000000080006050 (0x343025f3) x11 0x000000005a047ed3
core   0: 0x0000000080006054 (0x14302573) csrrs   a0, stval, zero
core   0: 3 0x0000000080006054 (0x14302573) x10 0x0000000000000000
core   0: 0x0000000080006058 (0xb02024f3) csrrs   s1, minstret, zero
core   0: 3 0x0000000080006058 (0xb02024f3) x9  0x0000000000000b85
core   0: 0x000000008000605c (0x0000a811) c.j     pc + 20
core   0: 3 0x000000008000605c (0xa811)
core   0: >>>>  mepc_4
core   0: 0x0000000080006070 (0x00000791) c.addi  a5, 4
core   0: 3 0x0000000080006070 (0x0791) x15 0x0000000080004cb4
core   0: 0x0000000080006072 (0x34179073) csrrw   zero, mepc, a5
core   0: 3 0x0000000080006072 (0x34179073) c833_mepc 0x0000000080004cb4
core   0: 0x0000000080006076 (0x30200073) mret
core   0: 3 0x0000000080006076 (0x30200073) c768_mstatus 0x8000000a00106080
core   0: 0x0000000080004cb4 (0x4082d0bb) sraw    ra, t0, s0
core   0: 1 0x0000000080004cb4 (0x4082d0bb) x1  0x0000000000000000
core   0: 0x0000000080004cb8 (0x41f75113) srai    sp, a4, 31
core   0: 1 0x0000000080004cb8 (0x41f75113) x2  0x0000000000000000
core   0: 0x0000000080004cbc (0x03ba653b) remw    a0, s4, s11
core   0: 1 0x0000000080004cbc (0x03ba653b) x10 0xfffffffffffff800
core   0: 0x0000000080004cc0 (0x00009c29) c.addw  s0, a0
core   0: 1 0x0000000080004cc0 (0x9c29) x8  0x000000007ffff7ff
core   0: 0x0000000080004cc2 (0x033479bb) remuw   s3, s0, s3
core   0: 1 0x0000000080004cc2 (0x033479bb) x19 0x000000003ffff800
core   0: 0x0000000080004cc6 (0x02945c33) divu    s8, s0, s1
core   0: 1 0x0000000080004cc6 (0x02945c33) x24 0x00000000000b1c8e
core   0: 0x0000000080004cca (0x418205bb) subw    a1, tp, s8
core   0: 1 0x0000000080004cca (0x418205bb) x11 0xfffffffffff4e384
core   0: 0x0000000080004cce (0x00827d33) and     s10, tp, s0
core   0: 1 0x0000000080004cce (0x00827d33) x26 0x0000000000000012
core   0: 0x0000000080004cd2 (0x40a5d61b) sraiw   a2, a1, 10
core   0: 1 0x0000000080004cd2 (0x40a5d61b) x12 0xfffffffffffffd38
core   0: 0x0000000080004cd6 (0x007c42b3) xor     t0, s8, t2
core   0: 1 0x0000000080004cd6 (0x007c42b3) x5  0x00000000000b1c8e
core   0: 0x0000000080004cda (0x2b580353) fmin.d  ft6, fa6, fs5
core   0: 1 0x0000000080004cda (0x2b580353) f6  0x0000000000000000
core   0: 0x0000000080004cde (0x23ec2a53) fsgnjx.d fs4, fs8, ft10
core   0: 1 0x0000000080004cde (0x23ec2a53) f20 0x41dfffffffc00000
core   0: 0x0000000080004ce2 (0x2aba12d3) fmax.d  ft5, fs4, fa1
core   0: 1 0x0000000080004ce2 (0x2aba12d3) f5  0x41dfffffffc00000
core   0: 0x0000000080004ce6 (0x03c07eb3) remu    t4, zero, t3
core   0: 1 0x0000000080004ce6 (0x03c07eb3) x29 0x0000000000000000
core   0: 0x0000000080004cea (0x40005513) srai    a0, zero, 0
core   0: 1 0x0000000080004cea (0x40005513) x10 0x0000000000000000
core   0: 0x0000000080004cee (0xd032ff53) fcvt.s.lu ft10, t0
core   0: exception trap_illegal_instruction, epc 0x0000000080004cee
core   0:           tval 0x00000000d032ff53
core   0: >>>>  $xrv64i2p1_m2p0_a2p1_f2p2_d2p2_zicsr2p0_zifencei2p0_zmmul1p0_zba1p0_zbb1p0_zbc1p0_zbs1p0
core   0: 0x0000000080004000 (0x0080006f) j       pc + 0x8
core   0: 3 0x0000000080004000 (0x0080006f)
core   0: >>>>  mmode_exception_handler
core   0: 0x0000000080004008 (0x00002c17) auipc   s8, 0x2
core   0: 3 0x0000000080004008 (0x00002c17) x24 0x0000000080006008
core   0: 0x000000008000400c (0x034c0c13) addi    s8, s8, 52
core   0: 3 0x000000008000400c (0x034c0c13) x24 0x000000008000603c
core   0: 0x0000000080004010 (0x000c00e7) jalr    s8
core   0: 3 0x0000000080004010 (0x000c00e7) x1  0x0000000080004014
core   0: >>>>  any_handler
core   0: 0x000000008000603c (0x341027f3) csrrs   a5, mepc, zero
core   0: 3 0x000000008000603c (0x341027f3) x15 0x0000000080004cee
core   0: 0x0000000080006040 (0x34202773) csrrs   a4, mcause, zero
core   0: 3 0x0000000080006040 (0x34202773) x14 0x0000000000000002
core   0: 0x0000000080006044 (0x142026f3) csrrs   a3, scause, zero
core   0: 3 0x0000000080006044 (0x142026f3) x13 0x0000000000000000
core   0: 0x0000000080006048 (0x30402673) csrrs   a2, mie, zero
core   0: 3 0x0000000080006048 (0x30402673) x12 0x0000000000000a00
core   0: 0x000000008000604c (0x344025f3) csrrs   a1, mip, zero
core   0: 3 0x000000008000604c (0x344025f3) x11 0x0000000000000080
core   0: 0x0000000080006050 (0x343025f3) csrrs   a1, mtval, zero
core   0: 3 0x0000000080006050 (0x343025f3) x11 0x00000000d032ff53
core   0: 0x0000000080006054 (0x14302573) csrrs   a0, stval, zero
core   0: 3 0x0000000080006054 (0x14302573) x10 0x0000000000000000
core   0: 0x0000000080006058 (0xb02024f3) csrrs   s1, minstret, zero
core   0: 3 0x0000000080006058 (0xb02024f3) x9  0x0000000000000ba4
core   0: 0x000000008000605c (0x0000a811) c.j     pc + 20
core   0: 3 0x000000008000605c (0xa811)
core   0: >>>>  mepc_4
core   0: 0x0000000080006070 (0x00000791) c.addi  a5, 4
core   0: 3 0x0000000080006070 (0x0791) x15 0x0000000080004cf2
core   0: 0x0000000080006072 (0x34179073) csrrw   zero, mepc, a5
core   0: 3 0x0000000080006072 (0x34179073) c833_mepc 0x0000000080004cf2
core   0: 0x0000000080006076 (0x30200073) mret
core   0: 3 0x0000000080006076 (0x30200073) c768_mstatus 0x8000000a00106080
core   0: 0x0000000080004cf2 (0x4094dcbb) sraw    s9, s1, s1
core   0: 1 0x0000000080004cf2 (0x4094dcbb) x25 0x00000000000000ba
core   0: 0x0000000080004cf6 (0x008e833b) addw    t1, t4, s0
core   0: 1 0x0000000080004cf6 (0x008e833b) x6  0x000000007ffff7ff
core   0: 0x0000000080004cfa (0xf3ae7e47) fmsub.d ft8, ft8, fs10, ft10
core   0: exception trap_illegal_instruction, epc 0x0000000080004cfa
core   0:           tval 0x00000000f3ae7e47
core   0: >>>>  $xrv64i2p1_m2p0_a2p1_f2p2_d2p2_zicsr2p0_zifencei2p0_zmmul1p0_zba1p0_zbb1p0_zbc1p0_zbs1p0
core   0: 0x0000000080004000 (0x0080006f) j       pc + 0x8
core   0: 3 0x0000000080004000 (0x0080006f)
core   0: >>>>  mmode_exception_handler
core   0: 0x0000000080004008 (0x00002c17) auipc   s8, 0x2
core   0: 3 0x0000000080004008 (0x00002c17) x24 0x0000000080006008
core   0: 0x000000008000400c (0x034c0c13) addi    s8, s8, 52
core   0: 3 0x000000008000400c (0x034c0c13) x24 0x000000008000603c
core   0: 0x0000000080004010 (0x000c00e7) jalr    s8
core   0: 3 0x0000000080004010 (0x000c00e7) x1  0x0000000080004014
core   0: >>>>  any_handler
core   0: 0x000000008000603c (0x341027f3) csrrs   a5, mepc, zero
core   0: 3 0x000000008000603c (0x341027f3) x15 0x0000000080004cfa
core   0: 0x0000000080006040 (0x34202773) csrrs   a4, mcause, zero
core   0: 3 0x0000000080006040 (0x34202773) x14 0x0000000000000002
core   0: 0x0000000080006044 (0x142026f3) csrrs   a3, scause, zero
core   0: 3 0x0000000080006044 (0x142026f3) x13 0x0000000000000000
core   0: 0x0000000080006048 (0x30402673) csrrs   a2, mie, zero
core   0: 3 0x0000000080006048 (0x30402673) x12 0x0000000000000a00
core   0: 0x000000008000604c (0x344025f3) csrrs   a1, mip, zero
core   0: 3 0x000000008000604c (0x344025f3) x11 0x0000000000000080
core   0: 0x0000000080006050 (0x343025f3) csrrs   a1, mtval, zero
core   0: 3 0x0000000080006050 (0x343025f3) x11 0x00000000f3ae7e47
core   0: 0x0000000080006054 (0x14302573) csrrs   a0, stval, zero
core   0: 3 0x0000000080006054 (0x14302573) x10 0x0000000000000000
core   0: 0x0000000080006058 (0xb02024f3) csrrs   s1, minstret, zero
core   0: 3 0x0000000080006058 (0xb02024f3) x9  0x0000000000000bb6
core   0: 0x000000008000605c (0x0000a811) c.j     pc + 20
core   0: 3 0x000000008000605c (0xa811)
core   0: >>>>  mepc_4
core   0: 0x0000000080006070 (0x00000791) c.addi  a5, 4
core   0: 3 0x0000000080006070 (0x0791) x15 0x0000000080004cfe
core   0: 0x0000000080006072 (0x34179073) csrrw   zero, mepc, a5
core   0: 3 0x0000000080006072 (0x34179073) c833_mepc 0x0000000080004cfe
core   0: 0x0000000080006076 (0x30200073) mret
core   0: 3 0x0000000080006076 (0x30200073) c768_mstatus 0x8000000a00106080
core   0: 0x0000000080004cfe (0x43f45113) srai    sp, s0, 63
core   0: 1 0x0000000080004cfe (0x43f45113) x2  0x0000000000000000
core   0: 0x0000000080004d02 (0x0129553b) srlw    a0, s2, s2
core   0: 1 0x0000000080004d02 (0x0129553b) x10 0x0000000000000001
core   0: 0x0000000080004d06 (0xd22bf3d3) fcvt.d.l ft7, s7
core   0: exception trap_illegal_instruction, epc 0x0000000080004d06
core   0:           tval 0x00000000d22bf3d3
core   0: >>>>  $xrv64i2p1_m2p0_a2p1_f2p2_d2p2_zicsr2p0_zifencei2p0_zmmul1p0_zba1p0_zbb1p0_zbc1p0_zbs1p0
core   0: 0x0000000080004000 (0x0080006f) j       pc + 0x8
core   0: 3 0x0000000080004000 (0x0080006f)
core   0: >>>>  mmode_exception_handler
core   0: 0x0000000080004008 (0x00002c17) auipc   s8, 0x2
core   0: 3 0x0000000080004008 (0x00002c17) x24 0x0000000080006008
core   0: 0x000000008000400c (0x034c0c13) addi    s8, s8, 52
core   0: 3 0x000000008000400c (0x034c0c13) x24 0x000000008000603c
core   0: 0x0000000080004010 (0x000c00e7) jalr    s8
core   0: 3 0x0000000080004010 (0x000c00e7) x1  0x0000000080004014
core   0: >>>>  any_handler
core   0: 0x000000008000603c (0x341027f3) csrrs   a5, mepc, zero
core   0: 3 0x000000008000603c (0x341027f3) x15 0x0000000080004d06
core   0: 0x0000000080006040 (0x34202773) csrrs   a4, mcause, zero
core   0: 3 0x0000000080006040 (0x34202773) x14 0x0000000000000002
core   0: 0x0000000080006044 (0x142026f3) csrrs   a3, scause, zero
core   0: 3 0x0000000080006044 (0x142026f3) x13 0x0000000000000000
core   0: 0x0000000080006048 (0x30402673) csrrs   a2, mie, zero
core   0: 3 0x0000000080006048 (0x30402673) x12 0x0000000000000a00
core   0: 0x000000008000604c (0x344025f3) csrrs   a1, mip, zero
core   0: 3 0x000000008000604c (0x344025f3) x11 0x0000000000000080
core   0: 0x0000000080006050 (0x343025f3) csrrs   a1, mtval, zero
core   0: 3 0x0000000080006050 (0x343025f3) x11 0x00000000d22bf3d3
core   0: 0x0000000080006054 (0x14302573) csrrs   a0, stval, zero
core   0: 3 0x0000000080006054 (0x14302573) x10 0x0000000000000000
core   0: 0x0000000080006058 (0xb02024f3) csrrs   s1, minstret, zero
core   0: 3 0x0000000080006058 (0xb02024f3) x9  0x0000000000000bc8
core   0: 0x000000008000605c (0x0000a811) c.j     pc + 20
core   0: 3 0x000000008000605c (0xa811)
core   0: >>>>  mepc_4
core   0: 0x0000000080006070 (0x00000791) c.addi  a5, 4
core   0: 3 0x0000000080006070 (0x0791) x15 0x0000000080004d0a
core   0: 0x0000000080006072 (0x34179073) csrrw   zero, mepc, a5
core   0: 3 0x0000000080006072 (0x34179073) c833_mepc 0x0000000080004d0a
core   0: 0x0000000080006076 (0x30200073) mret
core   0: 3 0x0000000080006076 (0x30200073) c768_mstatus 0x8000000a00106080
core   0: 0x0000000080004d0a (0x410a5ebb) sraw    t4, s4, a6
core   0: 1 0x0000000080004d0a (0x410a5ebb) x29 0xfffffffffffff800
core   0: 0x0000000080004d0e (0x4019fa53) fcvt.s.d fs4, fs3
core   0: exception trap_illegal_instruction, epc 0x0000000080004d0e
core   0:           tval 0x000000004019fa53
core   0: >>>>  $xrv64i2p1_m2p0_a2p1_f2p2_d2p2_zicsr2p0_zifencei2p0_zmmul1p0_zba1p0_zbb1p0_zbc1p0_zbs1p0
core   0: 0x0000000080004000 (0x0080006f) j       pc + 0x8
core   0: 3 0x0000000080004000 (0x0080006f)
core   0: >>>>  mmode_exception_handler
core   0: 0x0000000080004008 (0x00002c17) auipc   s8, 0x2
core   0: 3 0x0000000080004008 (0x00002c17) x24 0x0000000080006008
core   0: 0x000000008000400c (0x034c0c13) addi    s8, s8, 52
core   0: 3 0x000000008000400c (0x034c0c13) x24 0x000000008000603c
core   0: 0x0000000080004010 (0x000c00e7) jalr    s8
core   0: 3 0x0000000080004010 (0x000c00e7) x1  0x0000000080004014
core   0: >>>>  any_handler
core   0: 0x000000008000603c (0x341027f3) csrrs   a5, mepc, zero
core   0: 3 0x000000008000603c (0x341027f3) x15 0x0000000080004d0e
core   0: 0x0000000080006040 (0x34202773) csrrs   a4, mcause, zero
core   0: 3 0x0000000080006040 (0x34202773) x14 0x0000000000000002
core   0: 0x0000000080006044 (0x142026f3) csrrs   a3, scause, zero
core   0: 3 0x0000000080006044 (0x142026f3) x13 0x0000000000000000
core   0: 0x0000000080006048 (0x30402673) csrrs   a2, mie, zero
core   0: 3 0x0000000080006048 (0x30402673) x12 0x0000000000000a00
core   0: 0x000000008000604c (0x344025f3) csrrs   a1, mip, zero
core   0: 3 0x000000008000604c (0x344025f3) x11 0x0000000000000080
core   0: 0x0000000080006050 (0x343025f3) csrrs   a1, mtval, zero
core   0: 3 0x0000000080006050 (0x343025f3) x11 0x000000004019fa53
core   0: 0x0000000080006054 (0x14302573) csrrs   a0, stval, zero
core   0: 3 0x0000000080006054 (0x14302573) x10 0x0000000000000000
core   0: 0x0000000080006058 (0xb02024f3) csrrs   s1, minstret, zero
core   0: 3 0x0000000080006058 (0xb02024f3) x9  0x0000000000000bd9
core   0: 0x000000008000605c (0x0000a811) c.j     pc + 20
core   0: 3 0x000000008000605c (0xa811)
core   0: >>>>  mepc_4
core   0: 0x0000000080006070 (0x00000791) c.addi  a5, 4
core   0: 3 0x0000000080006070 (0x0791) x15 0x0000000080004d12
core   0: 0x0000000080006072 (0x34179073) csrrw   zero, mepc, a5
core   0: 3 0x0000000080006072 (0x34179073) c833_mepc 0x0000000080004d12
core   0: 0x0000000080006076 (0x30200073) mret
core   0: 3 0x0000000080006076 (0x30200073) c768_mstatus 0x8000000a00106080
core   0: 0x0000000080004d12 (0x01d75dbb) srlw    s11, a4, t4
core   0: 1 0x0000000080004d12 (0x01d75dbb) x27 0x0000000000000002
core   0: 0x0000000080004d16 (0x80004113) xori    sp, zero, -2048
core   0: 1 0x0000000080004d16 (0x80004113) x2  0xfffffffffffff800
core   0: 0x0000000080004d1a (0x1a8bf353) fdiv.d  ft6, fs7, fs0
core   0: exception trap_illegal_instruction, epc 0x0000000080004d1a
core   0:           tval 0x000000001a8bf353
core   0: >>>>  $xrv64i2p1_m2p0_a2p1_f2p2_d2p2_zicsr2p0_zifencei2p0_zmmul1p0_zba1p0_zbb1p0_zbc1p0_zbs1p0
core   0: 0x0000000080004000 (0x0080006f) j       pc + 0x8
core   0: 3 0x0000000080004000 (0x0080006f)
core   0: >>>>  mmode_exception_handler
core   0: 0x0000000080004008 (0x00002c17) auipc   s8, 0x2
core   0: 3 0x0000000080004008 (0x00002c17) x24 0x0000000080006008
core   0: 0x000000008000400c (0x034c0c13) addi    s8, s8, 52
core   0: 3 0x000000008000400c (0x034c0c13) x24 0x000000008000603c
core   0: 0x0000000080004010 (0x000c00e7) jalr    s8
core   0: 3 0x0000000080004010 (0x000c00e7) x1  0x0000000080004014
core   0: >>>>  any_handler
core   0: 0x000000008000603c (0x341027f3) csrrs   a5, mepc, zero
core   0: 3 0x000000008000603c (0x341027f3) x15 0x0000000080004d1a
core   0: 0x0000000080006040 (0x34202773) csrrs   a4, mcause, zero
core   0: 3 0x0000000080006040 (0x34202773) x14 0x0000000000000002
core   0: 0x0000000080006044 (0x142026f3) csrrs   a3, scause, zero
core   0: 3 0x0000000080006044 (0x142026f3) x13 0x0000000000000000
core   0: 0x0000000080006048 (0x30402673) csrrs   a2, mie, zero
core   0: 3 0x0000000080006048 (0x30402673) x12 0x0000000000000a00
core   0: 0x000000008000604c (0x344025f3) csrrs   a1, mip, zero
core   0: 3 0x000000008000604c (0x344025f3) x11 0x0000000000000080
core   0: 0x0000000080006050 (0x343025f3) csrrs   a1, mtval, zero
core   0: 3 0x0000000080006050 (0x343025f3) x11 0x000000001a8bf353
core   0: 0x0000000080006054 (0x14302573) csrrs   a0, stval, zero
core   0: 3 0x0000000080006054 (0x14302573) x10 0x0000000000000000
core   0: 0x0000000080006058 (0xb02024f3) csrrs   s1, minstret, zero
core   0: 3 0x0000000080006058 (0xb02024f3) x9  0x0000000000000beb
core   0: 0x000000008000605c (0x0000a811) c.j     pc + 20
core   0: 3 0x000000008000605c (0xa811)
core   0: >>>>  mepc_4
core   0: 0x0000000080006070 (0x00000791) c.addi  a5, 4
core   0: 3 0x0000000080006070 (0x0791) x15 0x0000000080004d1e
core   0: 0x0000000080006072 (0x34179073) csrrw   zero, mepc, a5
core   0: 3 0x0000000080006072 (0x34179073) c833_mepc 0x0000000080004d1e
core   0: 0x0000000080006076 (0x30200073) mret
core   0: 3 0x0000000080006076 (0x30200073) c768_mstatus 0x8000000a00106080
core   0: 0x0000000080004d1e (0x00008285) c.srli  a3, 1
core   0: 1 0x0000000080004d1e (0x8285) x13 0x0000000000000000
core   0: 0x0000000080004d20 (0x419685b3) sub     a1, a3, s9
core   0: 1 0x0000000080004d20 (0x419685b3) x11 0xffffffffffffff46
core   0: 0x0000000080004d24 (0xe6592b17) auipc   s6, 0xe6592
core   0: 1 0x0000000080004d24 (0xe6592b17) x22 0x0000000066596d24
core   0: 0x0000000080004d28 (0x036208bb) mulw    a7, tp, s6
core   0: 1 0x0000000080004d28 (0x036208bb) x17 0x000000003249ac88
core   0: 0x0000000080004d2c (0x4105d613) srai    a2, a1, 16
core   0: 1 0x0000000080004d2c (0x4105d613) x12 0xffffffffffffffff
core   0: 0x0000000080004d30 (0x0a6177d3) fsub.d  fa5, ft2, ft6
core   0: exception trap_illegal_instruction, epc 0x0000000080004d30
core   0:           tval 0x000000000a6177d3
core   0: >>>>  $xrv64i2p1_m2p0_a2p1_f2p2_d2p2_zicsr2p0_zifencei2p0_zmmul1p0_zba1p0_zbb1p0_zbc1p0_zbs1p0
core   0: 0x0000000080004000 (0x0080006f) j       pc + 0x8
core   0: 3 0x0000000080004000 (0x0080006f)
core   0: >>>>  mmode_exception_handler
core   0: 0x0000000080004008 (0x00002c17) auipc   s8, 0x2
core   0: 3 0x0000000080004008 (0x00002c17) x24 0x0000000080006008
core   0: 0x000000008000400c (0x034c0c13) addi    s8, s8, 52
core   0: 3 0x000000008000400c (0x034c0c13) x24 0x000000008000603c
core   0: 0x0000000080004010 (0x000c00e7) jalr    s8
core   0: 3 0x0000000080004010 (0x000c00e7) x1  0x0000000080004014
core   0: >>>>  any_handler
core   0: 0x000000008000603c (0x341027f3) csrrs   a5, mepc, zero
core   0: 3 0x000000008000603c (0x341027f3) x15 0x0000000080004d30
core   0: 0x0000000080006040 (0x34202773) csrrs   a4, mcause, zero
core   0: 3 0x0000000080006040 (0x34202773) x14 0x0000000000000002
core   0: 0x0000000080006044 (0x142026f3) csrrs   a3, scause, zero
core   0: 3 0x0000000080006044 (0x142026f3) x13 0x0000000000000000
core   0: 0x0000000080006048 (0x30402673) csrrs   a2, mie, zero
core   0: 3 0x0000000080006048 (0x30402673) x12 0x0000000000000a00
core   0: 0x000000008000604c (0x344025f3) csrrs   a1, mip, zero
core   0: 3 0x000000008000604c (0x344025f3) x11 0x0000000000000080
core   0: 0x0000000080006050 (0x343025f3) csrrs   a1, mtval, zero
core   0: 3 0x0000000080006050 (0x343025f3) x11 0x000000000a6177d3
core   0: 0x0000000080006054 (0x14302573) csrrs   a0, stval, zero
core   0: 3 0x0000000080006054 (0x14302573) x10 0x0000000000000000
core   0: 0x0000000080006058 (0xb02024f3) csrrs   s1, minstret, zero
core   0: 3 0x0000000080006058 (0xb02024f3) x9  0x0000000000000c00
core   0: 0x000000008000605c (0x0000a811) c.j     pc + 20
core   0: 3 0x000000008000605c (0xa811)
core   0: >>>>  mepc_4
core   0: 0x0000000080006070 (0x00000791) c.addi  a5, 4
core   0: 3 0x0000000080006070 (0x0791) x15 0x0000000080004d34
core   0: 0x0000000080006072 (0x34179073) csrrw   zero, mepc, a5
core   0: 3 0x0000000080006072 (0x34179073) c833_mepc 0x0000000080004d34
core   0: 0x0000000080006076 (0x30200073) mret
core   0: 3 0x0000000080006076 (0x30200073) c768_mstatus 0x8000000a00106080
core   0: 0x0000000080004d34 (0x00009d12) c.add   s10, tp
core   0: 1 0x0000000080004d34 (0x9d12) x26 0x0000000000000024
core   0: 0x0000000080004d36 (0xd2387a53) fcvt.d.lu fs4, a6
core   0: exception trap_illegal_instruction, epc 0x0000000080004d36
core   0:           tval 0x00000000d2387a53
core   0: >>>>  $xrv64i2p1_m2p0_a2p1_f2p2_d2p2_zicsr2p0_zifencei2p0_zmmul1p0_zba1p0_zbb1p0_zbc1p0_zbs1p0
core   0: 0x0000000080004000 (0x0080006f) j       pc + 0x8
core   0: 3 0x0000000080004000 (0x0080006f)
core   0: >>>>  mmode_exception_handler
core   0: 0x0000000080004008 (0x00002c17) auipc   s8, 0x2
core   0: 3 0x0000000080004008 (0x00002c17) x24 0x0000000080006008
core   0: 0x000000008000400c (0x034c0c13) addi    s8, s8, 52
core   0: 3 0x000000008000400c (0x034c0c13) x24 0x000000008000603c
core   0: 0x0000000080004010 (0x000c00e7) jalr    s8
core   0: 3 0x0000000080004010 (0x000c00e7) x1  0x0000000080004014
core   0: >>>>  any_handler
core   0: 0x000000008000603c (0x341027f3) csrrs   a5, mepc, zero
core   0: 3 0x000000008000603c (0x341027f3) x15 0x0000000080004d36
core   0: 0x0000000080006040 (0x34202773) csrrs   a4, mcause, zero
core   0: 3 0x0000000080006040 (0x34202773) x14 0x0000000000000002
core   0: 0x0000000080006044 (0x142026f3) csrrs   a3, scause, zero
core   0: 3 0x0000000080006044 (0x142026f3) x13 0x0000000000000000
core   0: 0x0000000080006048 (0x30402673) csrrs   a2, mie, zero
core   0: 3 0x0000000080006048 (0x30402673) x12 0x0000000000000a00
core   0: 0x000000008000604c (0x344025f3) csrrs   a1, mip, zero
core   0: 3 0x000000008000604c (0x344025f3) x11 0x0000000000000080
core   0: 0x0000000080006050 (0x343025f3) csrrs   a1, mtval, zero
core   0: 3 0x0000000080006050 (0x343025f3) x11 0x00000000d2387a53
core   0: 0x0000000080006054 (0x14302573) csrrs   a0, stval, zero
core   0: 3 0x0000000080006054 (0x14302573) x10 0x0000000000000000
core   0: 0x0000000080006058 (0xb02024f3) csrrs   s1, minstret, zero
core   0: 3 0x0000000080006058 (0xb02024f3) x9  0x0000000000000c11
core   0: 0x000000008000605c (0x0000a811) c.j     pc + 20
core   0: 3 0x000000008000605c (0xa811)
core   0: >>>>  mepc_4
core   0: 0x0000000080006070 (0x00000791) c.addi  a5, 4
core   0: 3 0x0000000080006070 (0x0791) x15 0x0000000080004d3a
core   0: 0x0000000080006072 (0x34179073) csrrw   zero, mepc, a5
core   0: 3 0x0000000080006072 (0x34179073) c833_mepc 0x0000000080004d3a
core   0: 0x0000000080006076 (0x30200073) mret
core   0: 3 0x0000000080006076 (0x30200073) c768_mstatus 0x8000000a00106080
core   0: 0x0000000080004d3a (0xc21b7bd3) fcvt.wu.d s7, fs6
core   0: exception trap_illegal_instruction, epc 0x0000000080004d3a
core   0:           tval 0x00000000c21b7bd3
core   0: >>>>  $xrv64i2p1_m2p0_a2p1_f2p2_d2p2_zicsr2p0_zifencei2p0_zmmul1p0_zba1p0_zbb1p0_zbc1p0_zbs1p0
core   0: 0x0000000080004000 (0x0080006f) j       pc + 0x8
core   0: 3 0x0000000080004000 (0x0080006f)
core   0: >>>>  mmode_exception_handler
core   0: 0x0000000080004008 (0x00002c17) auipc   s8, 0x2
core   0: 3 0x0000000080004008 (0x00002c17) x24 0x0000000080006008
core   0: 0x000000008000400c (0x034c0c13) addi    s8, s8, 52
core   0: 3 0x000000008000400c (0x034c0c13) x24 0x000000008000603c
core   0: 0x0000000080004010 (0x000c00e7) jalr    s8
core   0: 3 0x0000000080004010 (0x000c00e7) x1  0x0000000080004014
core   0: >>>>  any_handler
core   0: 0x000000008000603c (0x341027f3) csrrs   a5, mepc, zero
core   0: 3 0x000000008000603c (0x341027f3) x15 0x0000000080004d3a
core   0: 0x0000000080006040 (0x34202773) csrrs   a4, mcause, zero
core   0: 3 0x0000000080006040 (0x34202773) x14 0x0000000000000002
core   0: 0x0000000080006044 (0x142026f3) csrrs   a3, scause, zero
core   0: 3 0x0000000080006044 (0x142026f3) x13 0x0000000000000000
core   0: 0x0000000080006048 (0x30402673) csrrs   a2, mie, zero
core   0: 3 0x0000000080006048 (0x30402673) x12 0x0000000000000a00
core   0: 0x000000008000604c (0x344025f3) csrrs   a1, mip, zero
core   0: 3 0x000000008000604c (0x344025f3) x11 0x0000000000000080
core   0: 0x0000000080006050 (0x343025f3) csrrs   a1, mtval, zero
core   0: 3 0x0000000080006050 (0x343025f3) x11 0x00000000c21b7bd3
core   0: 0x0000000080006054 (0x14302573) csrrs   a0, stval, zero
core   0: 3 0x0000000080006054 (0x14302573) x10 0x0000000000000000
core   0: 0x0000000080006058 (0xb02024f3) csrrs   s1, minstret, zero
core   0: 3 0x0000000080006058 (0xb02024f3) x9  0x0000000000000c21
core   0: 0x000000008000605c (0x0000a811) c.j     pc + 20
core   0: 3 0x000000008000605c (0xa811)
core   0: >>>>  mepc_4
core   0: 0x0000000080006070 (0x00000791) c.addi  a5, 4
core   0: 3 0x0000000080006070 (0x0791) x15 0x0000000080004d3e
core   0: 0x0000000080006072 (0x34179073) csrrw   zero, mepc, a5
core   0: 3 0x0000000080006072 (0x34179073) c833_mepc 0x0000000080004d3e
core   0: 0x0000000080006076 (0x30200073) mret
core   0: 3 0x0000000080006076 (0x30200073) c768_mstatus 0x8000000a00106080
core   0: 0x0000000080004d3e (0x0173523b) srlw    tp, t1, s7
core   0: 1 0x0000000080004d3e (0x0173523b) x4  0x000000007ffff7ff
core   0: 0x0000000080004d42 (0x2ab20253) fmin.d  ft4, ft4, fa1
core   0: 1 0x0000000080004d42 (0x2ab20253) f4  0x0000000000000000
core   0: 0x0000000080004d46 (0x00624633) xor     a2, tp, t1
core   0: 1 0x0000000080004d46 (0x00624633) x12 0x0000000000000000
core   0: 0x0000000080004d4a (0x23631bd3) fsgnjn.d fs7, ft6, fs6
core   0: 1 0x0000000080004d4a (0x23631bd3) f23 0x8000000000000000
core   0: 0x0000000080004d4e (0x00102273) csrrs   tp, fflags, zero
core   0: 1 0x0000000080004d4e (0x00102273) x4  0x0000000000000006
core   0: 0x0000000080004d52 (0x00a29c3b) sllw    s8, t0, a0
core   0: 1 0x0000000080004d52 (0x00a29c3b) x24 0x00000000000b1c8e
core   0: 0x0000000080004d56 (0xd031f553) fcvt.s.lu fa0, gp
core   0: exception trap_illegal_instruction, epc 0x0000000080004d56
core   0:           tval 0x00000000d031f553
core   0: >>>>  $xrv64i2p1_m2p0_a2p1_f2p2_d2p2_zicsr2p0_zifencei2p0_zmmul1p0_zba1p0_zbb1p0_zbc1p0_zbs1p0
core   0: 0x0000000080004000 (0x0080006f) j       pc + 0x8
core   0: 3 0x0000000080004000 (0x0080006f)
core   0: >>>>  mmode_exception_handler
core   0: 0x0000000080004008 (0x00002c17) auipc   s8, 0x2
core   0: 3 0x0000000080004008 (0x00002c17) x24 0x0000000080006008
core   0: 0x000000008000400c (0x034c0c13) addi    s8, s8, 52
core   0: 3 0x000000008000400c (0x034c0c13) x24 0x000000008000603c
core   0: 0x0000000080004010 (0x000c00e7) jalr    s8
core   0: 3 0x0000000080004010 (0x000c00e7) x1  0x0000000080004014
core   0: >>>>  any_handler
core   0: 0x000000008000603c (0x341027f3) csrrs   a5, mepc, zero
core   0: 3 0x000000008000603c (0x341027f3) x15 0x0000000080004d56
core   0: 0x0000000080006040 (0x34202773) csrrs   a4, mcause, zero
core   0: 3 0x0000000080006040 (0x34202773) x14 0x0000000000000002
core   0: 0x0000000080006044 (0x142026f3) csrrs   a3, scause, zero
core   0: 3 0x0000000080006044 (0x142026f3) x13 0x0000000000000000
core   0: 0x0000000080006048 (0x30402673) csrrs   a2, mie, zero
core   0: 3 0x0000000080006048 (0x30402673) x12 0x0000000000000a00
core   0: 0x000000008000604c (0x344025f3) csrrs   a1, mip, zero
core   0: 3 0x000000008000604c (0x344025f3) x11 0x0000000000000080
core   0: 0x0000000080006050 (0x343025f3) csrrs   a1, mtval, zero
core   0: 3 0x0000000080006050 (0x343025f3) x11 0x00000000d031f553
core   0: 0x0000000080006054 (0x14302573) csrrs   a0, stval, zero
core   0: 3 0x0000000080006054 (0x14302573) x10 0x0000000000000000
core   0: 0x0000000080006058 (0xb02024f3) csrrs   s1, minstret, zero
core   0: 3 0x0000000080006058 (0xb02024f3) x9  0x0000000000000c37
core   0: 0x000000008000605c (0x0000a811) c.j     pc + 20
core   0: 3 0x000000008000605c (0xa811)
core   0: >>>>  mepc_4
core   0: 0x0000000080006070 (0x00000791) c.addi  a5, 4
core   0: 3 0x0000000080006070 (0x0791) x15 0x0000000080004d5a
core   0: 0x0000000080006072 (0x34179073) csrrw   zero, mepc, a5
core   0: 3 0x0000000080006072 (0x34179073) c833_mepc 0x0000000080004d5a
core   0: 0x0000000080006076 (0x30200073) mret
core   0: 3 0x0000000080006076 (0x30200073) c768_mstatus 0x8000000a00106080
core   0: 0x0000000080004d5a (0x32b5734f) fnmadd.d ft6, fa0, fa1, ft6
core   0: exception trap_illegal_instruction, epc 0x0000000080004d5a
core   0:           tval 0x0000000032b5734f
core   0: >>>>  $xrv64i2p1_m2p0_a2p1_f2p2_d2p2_zicsr2p0_zifencei2p0_zmmul1p0_zba1p0_zbb1p0_zbc1p0_zbs1p0
core   0: 0x0000000080004000 (0x0080006f) j       pc + 0x8
core   0: 3 0x0000000080004000 (0x0080006f)
core   0: >>>>  mmode_exception_handler
core   0: 0x0000000080004008 (0x00002c17) auipc   s8, 0x2
core   0: 3 0x0000000080004008 (0x00002c17) x24 0x0000000080006008
core   0: 0x000000008000400c (0x034c0c13) addi    s8, s8, 52
core   0: 3 0x000000008000400c (0x034c0c13) x24 0x000000008000603c
core   0: 0x0000000080004010 (0x000c00e7) jalr    s8
core   0: 3 0x0000000080004010 (0x000c00e7) x1  0x0000000080004014
core   0: >>>>  any_handler
core   0: 0x000000008000603c (0x341027f3) csrrs   a5, mepc, zero
core   0: 3 0x000000008000603c (0x341027f3) x15 0x0000000080004d5a
core   0: 0x0000000080006040 (0x34202773) csrrs   a4, mcause, zero
core   0: 3 0x0000000080006040 (0x34202773) x14 0x0000000000000002
core   0: 0x0000000080006044 (0x142026f3) csrrs   a3, scause, zero
core   0: 3 0x0000000080006044 (0x142026f3) x13 0x0000000000000000
core   0: 0x0000000080006048 (0x30402673) csrrs   a2, mie, zero
core   0: 3 0x0000000080006048 (0x30402673) x12 0x0000000000000a00
core   0: 0x000000008000604c (0x344025f3) csrrs   a1, mip, zero
core   0: 3 0x000000008000604c (0x344025f3) x11 0x0000000000000080
core   0: 0x0000000080006050 (0x343025f3) csrrs   a1, mtval, zero
core   0: 3 0x0000000080006050 (0x343025f3) x11 0x0000000032b5734f
core   0: 0x0000000080006054 (0x14302573) csrrs   a0, stval, zero
core   0: 3 0x0000000080006054 (0x14302573) x10 0x0000000000000000
core   0: 0x0000000080006058 (0xb02024f3) csrrs   s1, minstret, zero
core   0: 3 0x0000000080006058 (0xb02024f3) x9  0x0000000000000c47
core   0: 0x000000008000605c (0x0000a811) c.j     pc + 20
core   0: 3 0x000000008000605c (0xa811)
core   0: >>>>  mepc_4
core   0: 0x0000000080006070 (0x00000791) c.addi  a5, 4
core   0: 3 0x0000000080006070 (0x0791) x15 0x0000000080004d5e
core   0: 0x0000000080006072 (0x34179073) csrrw   zero, mepc, a5
core   0: 3 0x0000000080006072 (0x34179073) c833_mepc 0x0000000080004d5e
core   0: 0x0000000080006076 (0x30200073) mret
core   0: 3 0x0000000080006076 (0x30200073) c768_mstatus 0x8000000a00106080
core   0: 0x0000000080004d5e (0xa3d8a0d3) feq.d   ra, fa7, ft9
core   0: 1 0x0000000080004d5e (0xa3d8a0d3) x1  0x0000000000000000
core   0: 0x0000000080004d62 (0x2bf999d3) fmax.d  fs3, fs3, ft11
core   0: 1 0x0000000080004d62 (0x2bf999d3) f19 0x41ea2d5c00000000
core   0: 0x0000000080004d66 (0x01811333) sll     t1, sp, s8
core   0: 1 0x0000000080004d66 (0x01811333) x6  0x0000000000000000
core   0: 0x0000000080004d6a (0x061f78b7) lui     a7, 0x61f7
core   0: 1 0x0000000080004d6a (0x061f78b7) x17 0x00000000061f7000
core   0: 0x0000000080004d6e (0x7578889b) addiw   a7, a7, 1879
core   0: 1 0x0000000080004d6e (0x7578889b) x17 0x00000000061f7757
core   0: 0x0000000080004d72 (0x000008b2) c.slli  a7, 12
core   0: 1 0x0000000080004d72 (0x08b2) x17 0x00000061f7757000
core   0: 0x0000000080004d74 (0xa5b88893) addi    a7, a7, -1445
core   0: 1 0x0000000080004d74 (0xa5b88893) x17 0x00000061f7756a5b
core   0: 0x0000000080004d78 (0x0052523b) srlw    tp, tp, t0
core   0: 1 0x0000000080004d78 (0x0052523b) x4  0x0000000000000000
core   0: 0x0000000080004d7c (0x7c6d8d9b) addiw   s11, s11, 1990
core   0: 1 0x0000000080004d7c (0x7c6d8d9b) x27 0x00000000000007c8
core   0: 0x0000000080004d80 (0x404b5c33) sra     s8, s6, tp
core   0: 1 0x0000000080004d80 (0x404b5c33) x24 0x0000000066596d24
core   0: 0x0000000080004d84 (0x40cbdbb3) sra     s7, s7, a2
core   0: 1 0x0000000080004d84 (0x40cbdbb3) x23 0x7ffffffffffff800
core   0: 0x0000000080004d88 (0x4005529b) sraiw   t0, a0, 0
core   0: 1 0x0000000080004d88 (0x4005529b) x5  0x0000000000000000
core   0: 0x0000000080004d8c (0x405cdcb3) sra     s9, s9, t0
core   0: 1 0x0000000080004d8c (0x405cdcb3) x25 0x00000000000000ba
core   0: 0x0000000080004d90 (0xa2fe80d3) fle.d   ra, ft9, fa5
core   0: 1 0x0000000080004d90 (0xa2fe80d3) c1_fflags 0x0000000000000016 x1  0x0000000000000000
core   0: 0x0000000080004d94 (0x5a02f853) fsqrt.d fa6, ft5
core   0: exception trap_illegal_instruction, epc 0x0000000080004d94
core   0:           tval 0x000000005a02f853
core   0: >>>>  $xrv64i2p1_m2p0_a2p1_f2p2_d2p2_zicsr2p0_zifencei2p0_zmmul1p0_zba1p0_zbb1p0_zbc1p0_zbs1p0
core   0: 0x0000000080004000 (0x0080006f) j       pc + 0x8
core   0: 3 0x0000000080004000 (0x0080006f)
core   0: >>>>  mmode_exception_handler
core   0: 0x0000000080004008 (0x00002c17) auipc   s8, 0x2
core   0: 3 0x0000000080004008 (0x00002c17) x24 0x0000000080006008
core   0: 0x000000008000400c (0x034c0c13) addi    s8, s8, 52
core   0: 3 0x000000008000400c (0x034c0c13) x24 0x000000008000603c
core   0: 0x0000000080004010 (0x000c00e7) jalr    s8
core   0: 3 0x0000000080004010 (0x000c00e7) x1  0x0000000080004014
core   0: >>>>  any_handler
core   0: 0x000000008000603c (0x341027f3) csrrs   a5, mepc, zero
core   0: 3 0x000000008000603c (0x341027f3) x15 0x0000000080004d94
core   0: 0x0000000080006040 (0x34202773) csrrs   a4, mcause, zero
core   0: 3 0x0000000080006040 (0x34202773) x14 0x0000000000000002
core   0: 0x0000000080006044 (0x142026f3) csrrs   a3, scause, zero
core   0: 3 0x0000000080006044 (0x142026f3) x13 0x0000000000000000
core   0: 0x0000000080006048 (0x30402673) csrrs   a2, mie, zero
core   0: 3 0x0000000080006048 (0x30402673) x12 0x0000000000000a00
core   0: 0x000000008000604c (0x344025f3) csrrs   a1, mip, zero
core   0: 3 0x000000008000604c (0x344025f3) x11 0x0000000000000080
core   0: 0x0000000080006050 (0x343025f3) csrrs   a1, mtval, zero
core   0: 3 0x0000000080006050 (0x343025f3) x11 0x000000005a02f853
core   0: 0x0000000080006054 (0x14302573) csrrs   a0, stval, zero
core   0: 3 0x0000000080006054 (0x14302573) x10 0x0000000000000000
core   0: 0x0000000080006058 (0xb02024f3) csrrs   s1, minstret, zero
core   0: 3 0x0000000080006058 (0xb02024f3) x9  0x0000000000000c65
core   0: 0x000000008000605c (0x0000a811) c.j     pc + 20
core   0: 3 0x000000008000605c (0xa811)
core   0: >>>>  mepc_4
core   0: 0x0000000080006070 (0x00000791) c.addi  a5, 4
core   0: 3 0x0000000080006070 (0x0791) x15 0x0000000080004d98
core   0: 0x0000000080006072 (0x34179073) csrrw   zero, mepc, a5
core   0: 3 0x0000000080006072 (0x34179073) c833_mepc 0x0000000080004d98
core   0: 0x0000000080006076 (0x30200073) mret
core   0: 3 0x0000000080006076 (0x30200073) c768_mstatus 0x8000000a00106080
core   0: 0x0000000080004d98 (0x43f95913) srai    s2, s2, 63
core   0: 1 0x0000000080004d98 (0x43f95913) x18 0xffffffffffffffff
core   0: 0x0000000080004d9c (0x002e1073) csrrw   zero, frm, t3
core   0: 1 0x0000000080004d9c (0x002e1073) c2_frm 0x0000000000000000
core   0: 0x0000000080004da0 (0x02847753) fadd.d  fa4, fs0, fs0
core   0: 1 0x0000000080004da0 (0x02847753) f14 0x4000000000000000
core   0: 0x0000000080004da4 (0x22ef8dd3) fsgnj.d fs11, ft11, fa4
core   0: 1 0x0000000080004da4 (0x22ef8dd3) f27 0x7ff8000000000000
core   0: 0x0000000080004da8 (0xa3ef80d3) fle.d   ra, ft11, ft10
core   0: 1 0x0000000080004da8 (0xa3ef80d3) c1_fflags 0x0000000000000016 x1  0x0000000000000000
core   0: 0x0000000080004dac (0x002023f3) csrrs   t2, frm, zero
core   0: 1 0x0000000080004dac (0x002023f3) x7  0x0000000000000000
core   0: 0x0000000080004db0 (0xd2168b53) fcvt.d.wu fs6, a3
core   0: 1 0x0000000080004db0 (0xd2168b53) f22 0x0000000000000000
core   0: 0x0000000080004db4 (0x039a4e33) div     t3, s4, s9
core   0: 1 0x0000000080004db4 (0x039a4e33) x28 0x00b02c0b02c0b021
core   0: 0x0000000080004db8 (0xc0306c73) csrrsi  s8, hpmcounter3, 0
core   0: exception trap_illegal_instruction, epc 0x0000000080004db8
core   0:           tval 0x00000000c0306c73
core   0: >>>>  $xrv64i2p1_m2p0_a2p1_f2p2_d2p2_zicsr2p0_zifencei2p0_zmmul1p0_zba1p0_zbb1p0_zbc1p0_zbs1p0
core   0: 0x0000000080004000 (0x0080006f) j       pc + 0x8
core   0: 3 0x0000000080004000 (0x0080006f)
core   0: >>>>  mmode_exception_handler
core   0: 0x0000000080004008 (0x00002c17) auipc   s8, 0x2
core   0: 3 0x0000000080004008 (0x00002c17) x24 0x0000000080006008
core   0: 0x000000008000400c (0x034c0c13) addi    s8, s8, 52
core   0: 3 0x000000008000400c (0x034c0c13) x24 0x000000008000603c
core   0: 0x0000000080004010 (0x000c00e7) jalr    s8
core   0: 3 0x0000000080004010 (0x000c00e7) x1  0x0000000080004014
core   0: >>>>  any_handler
core   0: 0x000000008000603c (0x341027f3) csrrs   a5, mepc, zero
core   0: 3 0x000000008000603c (0x341027f3) x15 0x0000000080004db8
core   0: 0x0000000080006040 (0x34202773) csrrs   a4, mcause, zero
core   0: 3 0x0000000080006040 (0x34202773) x14 0x0000000000000002
core   0: 0x0000000080006044 (0x142026f3) csrrs   a3, scause, zero
core   0: 3 0x0000000080006044 (0x142026f3) x13 0x0000000000000000
core   0: 0x0000000080006048 (0x30402673) csrrs   a2, mie, zero
core   0: 3 0x0000000080006048 (0x30402673) x12 0x0000000000000a00
core   0: 0x000000008000604c (0x344025f3) csrrs   a1, mip, zero
core   0: 3 0x000000008000604c (0x344025f3) x11 0x0000000000000080
core   0: 0x0000000080006050 (0x343025f3) csrrs   a1, mtval, zero
core   0: 3 0x0000000080006050 (0x343025f3) x11 0x00000000c0306c73
core   0: 0x0000000080006054 (0x14302573) csrrs   a0, stval, zero
core   0: 3 0x0000000080006054 (0x14302573) x10 0x0000000000000000
core   0: 0x0000000080006058 (0xb02024f3) csrrs   s1, minstret, zero
core   0: 3 0x0000000080006058 (0xb02024f3) x9  0x0000000000000c7d
core   0: 0x000000008000605c (0x0000a811) c.j     pc + 20
core   0: 3 0x000000008000605c (0xa811)
core   0: >>>>  mepc_4
core   0: 0x0000000080006070 (0x00000791) c.addi  a5, 4
core   0: 3 0x0000000080006070 (0x0791) x15 0x0000000080004dbc
core   0: 0x0000000080006072 (0x34179073) csrrw   zero, mepc, a5
core   0: 3 0x0000000080006072 (0x34179073) c833_mepc 0x0000000080004dbc
core   0: 0x0000000080006076 (0x30200073) mret
core   0: 3 0x0000000080006076 (0x30200073) c768_mstatus 0x8000000a00106080
core   0: 0x0000000080004dbc (0xc22b7253) fcvt.l.d tp, fs6
core   0: 1 0x0000000080004dbc (0xc22b7253) x4  0x0000000000000000
core   0: 0x0000000080004dc0 (0x024c6ab3) rem     s5, s8, tp
core   0: 1 0x0000000080004dc0 (0x024c6ab3) x21 0x000000008000603c
core   0: 0x0000000080004dc4 (0x415cdabb) sraw    s5, s9, s5
core   0: 1 0x0000000080004dc4 (0x415cdabb) x21 0x0000000000000000
core   0: 0x0000000080004dc8 (0xd03d7753) fcvt.s.lu fa4, s10
core   0: 1 0x0000000080004dc8 (0xd03d7753) f14 0xffffffff42100000
core   0: 0x0000000080004dcc (0x00000001) c.nop
core   0: 1 0x0000000080004dcc (0x0001)
core   0: 0x0000000080004dce (0x006b24b3) slt     s1, s6, t1
core   0: 1 0x0000000080004dce (0x006b24b3) x9  0x0000000000000000
core   0: 0x0000000080004dd2 (0xb2d5f14f) fnmadd.d ft2, fa1, fa3, fs6
core   0: 1 0x0000000080004dd2 (0xb2d5f14f) f2  0x7ff8000000000000
core   0: 0x0000000080004dd6 (0xd224fdd3) fcvt.d.l fs11, s1
core   0: 1 0x0000000080004dd6 (0xd224fdd3) f27 0x0000000000000000
core   0: 0x0000000080004dda (0x5a0dfcd3) fsqrt.d fs9, fs11
core   0: 1 0x0000000080004dda (0x5a0dfcd3) f25 0x0000000000000000
core   0: 0x0000000080004dde (0x001292f3) csrrw   t0, fflags, t0
core   0: 1 0x0000000080004dde (0x001292f3) x5  0x0000000000000016 c1_fflags 0x0000000000000000
core   0: 0x0000000080004de2 (0x01911133) sll     sp, sp, s9
core   0: 1 0x0000000080004de2 (0x01911133) x2  0x0000000000000000
core   0: 0x0000000080004de6 (0x03065233) divu    tp, a2, a6
core   0: 1 0x0000000080004de6 (0x03065233) x4  0xffffffffffffffff
core   0: 0x0000000080004dea (0x2a9c85d3) fmin.d  fa1, fs9, fs1
core   0: 1 0x0000000080004dea (0x2a9c85d3) f11 0x0000000000000000
core   0: 0x0000000080004dee (0x0163cb33) xor     s6, t2, s6
core   0: 1 0x0000000080004dee (0x0163cb33) x22 0x0000000066596d24
core   0: 0x0000000080004df2 (0x402e0ab3) sub     s5, t3, sp
core   0: 1 0x0000000080004df2 (0x402e0ab3) x21 0x00b02c0b02c0b021
core   0: 0x0000000080004df6 (0x400dd493) srai    s1, s11, 0
core   0: 1 0x0000000080004df6 (0x400dd493) x9  0x00000000000007c8
core   0: 0x0000000080004dfa (0xa28581d3) fle.d   gp, fa1, fs0
core   0: 1 0x0000000080004dfa (0xa28581d3) x3  0x0000000000000001
core   0: 0x0000000080004dfe (0x00fb93bb) sllw    t2, s7, a5
core   0: 1 0x0000000080004dfe (0x00fb93bb) x7  0x0000000000000000
core   0: 0x0000000080004e02 (0xff5ca4b7) lui     s1, 0xff5ca
core   0: 1 0x0000000080004e02 (0xff5ca4b7) x9  0xffffffffff5ca000
core   0: 0x0000000080004e06 (0xfd34849b) addiw   s1, s1, -45
core   0: 1 0x0000000080004e06 (0xfd34849b) x9  0xffffffffff5c9fd3
core   0: 0x0000000080004e0a (0x000004be) c.slli  s1, 15
core   0: 1 0x0000000080004e0a (0x04be) x9  0xffffffae4fe98000
core   0: 0x0000000080004e0c (0xc3e48493) addi    s1, s1, -962
core   0: 1 0x0000000080004e0c (0xc3e48493) x9  0xffffffae4fe97c3e
core   0: 0x0000000080004e10 (0xc20af553) fcvt.w.d a0, fs5
core   0: 1 0x0000000080004e10 (0xc20af553) x10 0x0000000000000000
core   0: 0x0000000080004e14 (0xe2061cd3) fclass.d s9, fa2
core   0: 1 0x0000000080004e14 (0xe2061cd3) x25 0x0000000000000040
core   0: 0x0000000080004e18 (0x22bfa7d3) fsgnjx.d fa5, ft11, fa1
core   0: 1 0x0000000080004e18 (0x22bfa7d3) f15 0xfff8000000000000
core   0: 0x0000000080004e1c (0x001199f3) csrrw   s3, fflags, gp
core   0: 1 0x0000000080004e1c (0x001199f3) x19 0x0000000000000000 c1_fflags 0x0000000000000001
core   0: 0x0000000080004e20 (0xdf0d9b97) auipc   s7, 0xdf0d9
core   0: 1 0x0000000080004e20 (0xdf0d9b97) x23 0x000000005f0dde20
core   0: 0x0000000080004e24 (0x030838b3) mulhu   a7, a6, a6
core   0: 1 0x0000000080004e24 (0x030838b3) x17 0x0000000000000000
core   0: 0x0000000080004e28 (0x0158f333) and     t1, a7, s5
core   0: 1 0x0000000080004e28 (0x0158f333) x6  0x0000000000000000
core   0: 0x0000000080004e2c (0x7ffe0813) addi    a6, t3, 2047
core   0: 1 0x0000000080004e2c (0x7ffe0813) x16 0x00b02c0b02c0b820
core   0: 0x0000000080004e30 (0x028bc033) div     zero, s7, s0
core   0: 1 0x0000000080004e30 (0x028bc033)
core   0: 0x0000000080004e34 (0xd2158f53) fcvt.d.wu ft10, a1
core   0: 1 0x0000000080004e34 (0xd2158f53) f30 0x41e8060d8e600000
core   0: 0x0000000080004e38 (0x916b8e1b) addiw   t3, s7, -1770
core   0: 1 0x0000000080004e38 (0x916b8e1b) x28 0x000000005f0dd736
core   0: 0x0000000080004e3c (0xd22c7153) fcvt.d.l ft2, s8
core   0: 1 0x0000000080004e3c (0xd22c7153) f2  0x41e0000c07800000
core   0: 0x0000000080004e40 (0x005b8433) add     s0, s7, t0
core   0: 1 0x0000000080004e40 (0x005b8433) x8  0x000000005f0dde36
core   0: 0x0000000080004e44 (0x5a03fed3) fsqrt.d ft9, ft7
core   0: 1 0x0000000080004e44 (0x5a03fed3) c1_fflags 0x0000000000000011 f29 0x7ff8000000000000
core   0: 0x0000000080004e48 (0x0015fc13) andi    s8, a1, 1
core   0: 1 0x0000000080004e48 (0x0015fc13) x24 0x0000000000000001
core   0: 0x0000000080004e4c (0xe38175cb) fnmsub.d fa1, ft2, fs8, ft8
core   0: 1 0x0000000080004e4c (0xe38175cb) f11 0x7ff8000000000000
core   0: 0x0000000080004e50 (0x40c954b3) sra     s1, s2, a2
core   0: 1 0x0000000080004e50 (0x40c954b3) x9  0xffffffffffffffff
core   0: 0x0000000080004e54 (0xc035f853) fcvt.lu.s a6, fa1
core   0: 1 0x0000000080004e54 (0xc035f853) c1_fflags 0x0000000000000011 x16 0xffffffffffffffff
core   0: 0x0000000080004e58 (0x0006561b) srliw   a2, a2, 0
core   0: 1 0x0000000080004e58 (0x0006561b) x12 0x0000000000000a00
core   0: 0x0000000080004e5c (0x01f51d1b) slliw   s10, a0, 31
core   0: 1 0x0000000080004e5c (0x01f51d1b) x26 0x0000000000000000
core   0: 0x0000000080004e60 (0x002027f3) csrrs   a5, frm, zero
core   0: 1 0x0000000080004e60 (0x002027f3) x15 0x0000000000000000
core   0: 0x0000000080004e64 (0x0362c0b3) div     ra, t0, s6
core   0: 1 0x0000000080004e64 (0x0362c0b3) x1  0x0000000000000000
core   0: 0x0000000080004e68 (0x01666ab3) or      s5, a2, s6
core   0: 1 0x0000000080004e68 (0x01666ab3) x21 0x0000000066596f24
core   0: 0x0000000080004e6c (0x02da56bb) divuw   a3, s4, a3
core   0: 1 0x0000000080004e6c (0x02da56bb) x13 0xffffffffffffffff
core   0: 0x0000000080004e70 (0x5abef0c3) fmadd.d ft1, ft9, fa1, fa1
core   0: 1 0x0000000080004e70 (0x5abef0c3) f1  0x7ff8000000000000
core   0: 0x0000000080004e74 (0xe2010053) fmv.x.d zero, ft2
core   0: 1 0x0000000080004e74 (0xe2010053)
core   0: 0x0000000080004e78 (0x0ff0000f) fence   iorw,iorw
core   0: 1 0x0000000080004e78 (0x0ff0000f)
core   0: 0x0000000080004e7c (0x0dfa7713) andi    a4, s4, 223
core   0: 1 0x0000000080004e7c (0x0dfa7713) x14 0x0000000000000000
core   0: 0x0000000080004e80 (0x2ac68253) fmin.d  ft4, fa3, fa2
core   0: 1 0x0000000080004e80 (0x2ac68253) f4  0x0000000000000002
core   0: 0x0000000080004e84 (0x02c07c33) remu    s8, zero, a2
core   0: 1 0x0000000080004e84 (0x02c07c33) x24 0x0000000000000000
core   0: 0x0000000080004e88 (0xd22c76d3) fcvt.d.l fa3, s8
core   0: 1 0x0000000080004e88 (0xd22c76d3) f13 0x0000000000000000
core   0: 0x0000000080004e8c (0xab2a0893) addi    a7, s4, -1358
core   0: 1 0x0000000080004e8c (0xab2a0893) x17 0x7ffffffffffff2b2
core   0: 0x0000000080004e90 (0x0303583b) divuw   a6, t1, a6
core   0: 1 0x0000000080004e90 (0x0303583b) x16 0x0000000000000000
core   0: 0x0000000080004e94 (0x401072d3) fcvt.s.d ft5, ft0
core   0: 1 0x0000000080004e94 (0x401072d3) f5  0xffffffff42200000
core   0: 0x0000000080004e98 (0x0006d09b) srliw   ra, a3, 0
core   0: 1 0x0000000080004e98 (0x0006d09b) x1  0xffffffffffffffff
core   0: 0x0000000080004e9c (0x4008d693) srai    a3, a7, 0
core   0: 1 0x0000000080004e9c (0x4008d693) x13 0x7ffffffffffff2b2
core   0: 0x0000000080004ea0 (0x0000930d) c.srli  a4, 35
core   0: 1 0x0000000080004ea0 (0x930d) x14 0x0000000000000000
core   0: 0x0000000080004ea2 (0x6dc9091b) addiw   s2, s2, 1756
core   0: 1 0x0000000080004ea2 (0x6dc9091b) x18 0x00000000000006db
core   0: 0x0000000080004ea6 (0x012cdebb) srlw    t4, s9, s2
core   0: 1 0x0000000080004ea6 (0x012cdebb) x29 0x0000000000000000
core   0: 0x0000000080004eaa (0x013959b3) srl     s3, s2, s3
core   0: 1 0x0000000080004eaa (0x013959b3) x19 0x00000000000006db
core   0: 0x0000000080004eae (0x4132853b) subw    a0, t0, s3
core   0: 1 0x0000000080004eae (0x4132853b) x10 0xfffffffffffff93b
core   0: 0x0000000080004eb2 (0xf32ff6cb) fnmsub.d fa3, ft11, fs2, ft10
core   0: 1 0x0000000080004eb2 (0xf32ff6cb) f13 0x7ff8000000000000
core   0: 0x0000000080004eb6 (0x001d91f3) csrrw   gp, fflags, s11
core   0: 1 0x0000000080004eb6 (0x001d91f3) x3  0x0000000000000011 c1_fflags 0x0000000000000008
core   0: 0x0000000080004eba (0x401b75d3) fcvt.s.d fa1, fs6
core   0: 1 0x0000000080004eba (0x401b75d3) f11 0xffffffff00000000
core   0: 0x0000000080004ebe (0xc02c7ad3) fcvt.l.s s5, fs8
core   0: 1 0x0000000080004ebe (0xc02c7ad3) c1_fflags 0x0000000000000018 x21 0x7fffffffffffffff
core   0: 0x0000000080004ec2 (0x024d84b3) mul     s1, s11, tp
core   0: 1 0x0000000080004ec2 (0x024d84b3) x9  0xfffffffffffff838
core   0: 0x0000000080004ec6 (0x0214cebb) divw    t4, s1, ra
core   0: 1 0x0000000080004ec6 (0x0214cebb) x29 0x00000000000007c8
core   0: 0x0000000080004eca (0x41fed69b) sraiw   a3, t4, 31
core   0: 1 0x0000000080004eca (0x41fed69b) x13 0x0000000000000000
core   0: 0x0000000080004ece (0xa2640a53) fle.d   s4, fs0, ft6
core   0: 1 0x0000000080004ece (0xa2640a53) x20 0x0000000000000000
core   0: 0x0000000080004ed2 (0x00aa4b13) xori    s6, s4, 10
core   0: 1 0x0000000080004ed2 (0x00aa4b13) x22 0x000000000000000a
core   0: 0x0000000080004ed6 (0x40cb5b9b) sraiw   s7, s6, 12
core   0: 1 0x0000000080004ed6 (0x40cb5b9b) x23 0x0000000000000000
core   0: 0x0000000080004eda (0x036afa33) remu    s4, s5, s6
core   0: 1 0x0000000080004eda (0x036afa33) x20 0x0000000000000007
core   0: 0x0000000080004ede (0x7b0374cf) fnmadd.d fs1, ft6, fa6, fa5
core   0: 1 0x0000000080004ede (0x7b0374cf) f9  0x7ff8000000000000
core   0: 0x0000000080004ee2 (0x0190ac33) slt     s8, ra, s9
core   0: 1 0x0000000080004ee2 (0x0190ac33) x24 0x0000000000000001
core   0: 0x0000000080004ee6 (0x01578b3b) addw    s6, a5, s5
core   0: 1 0x0000000080004ee6 (0x01578b3b) x22 0xffffffffffffffff
core   0: 0x0000000080004eea (0x0387c733) div     a4, a5, s8
core   0: 1 0x0000000080004eea (0x0387c733) x14 0x0000000000000000
core   0: 0x0000000080004eee (0x80070193) addi    gp, a4, -2048
core   0: 1 0x0000000080004eee (0x80070193) x3  0xfffffffffffff800
core   0: 0x0000000080004ef2 (0xeda76d17) auipc   s10, 0xeda76
core   0: 1 0x0000000080004ef2 (0xeda76d17) x26 0x000000006da7aef2
core   0: 0x0000000080004ef6 (0x0042f2b3) and     t0, t0, tp
core   0: 1 0x0000000080004ef6 (0x0042f2b3) x5  0x0000000000000016
core   0: 0x0000000080004efa (0x2309af53) fsgnjx.d ft10, fs3, fa6
core   0: 1 0x0000000080004efa (0x2309af53) f30 0xc1ea2d5c00000000
core   0: 0x0000000080004efe (0x1be4fed3) fdiv.d  ft9, fs1, ft10
core   0: 1 0x0000000080004efe (0x1be4fed3) f29 0x7ff8000000000000
core   0: 0x0000000080004f02 (0x400e5b9b) sraiw   s7, t3, 0
core   0: 1 0x0000000080004f02 (0x400e5b9b) x23 0x000000005f0dd736
core   0: 0x0000000080004f06 (0x0058adb3) slt     s11, a7, t0
core   0: 1 0x0000000080004f06 (0x0058adb3) x27 0x0000000000000000
core   0: 0x0000000080004f0a (0xd03cffd3) fcvt.s.lu ft11, s9
core   0: 1 0x0000000080004f0a (0xd03cffd3) f31 0xffffffff42800000
core   0: 0x0000000080004f0e (0x033a7a53) fadd.d  fs4, fs4, fs3
core   0: 1 0x0000000080004f0e (0x033a7a53) f20 0x41f516adfff00000
core   0: 0x0000000080004f12 (0xc224f753) fcvt.l.d a4, fs1
core   0: 1 0x0000000080004f12 (0xc224f753) c1_fflags 0x0000000000000018 x14 0x7fffffffffffffff
core   0: 0x0000000080004f16 (0x5a09fcd3) fsqrt.d fs9, fs3
core   0: 1 0x0000000080004f16 (0x5a09fcd3) c1_fflags 0x0000000000000019 f25 0x40ecf149825903ad
core   0: 0x0000000080004f1a (0xfd5a8837) lui     a6, 0xfd5a8
core   0: 1 0x0000000080004f1a (0xfd5a8837) x16 0xfffffffffd5a8000
core   0: 0x0000000080004f1e (0x76d8081b) addiw   a6, a6, 1901
core   0: 1 0x0000000080004f1e (0x76d8081b) x16 0xfffffffffd5a876d
core   0: 0x0000000080004f22 (0x00000832) c.slli  a6, 12
core   0: 1 0x0000000080004f22 (0x0832) x16 0xffffffd5a876d000
core   0: 0x0000000080004f24 (0x8ac80813) addi    a6, a6, -1876
core   0: 1 0x0000000080004f24 (0x8ac80813) x16 0xffffffd5a876c8ac
core   0: 0x0000000080004f28 (0x01f51e1b) slliw   t3, a0, 31
core   0: 1 0x0000000080004f28 (0x01f51e1b) x28 0xffffffff80000000
core   0: 0x0000000080004f2c (0xa3d00153) fle.d   sp, ft0, ft9
core   0: 1 0x0000000080004f2c (0xa3d00153) c1_fflags 0x0000000000000019 x2  0x0000000000000000
core   0: 0x0000000080004f30 (0xd029f153) fcvt.s.l ft2, s3
core   0: 1 0x0000000080004f30 (0xd029f153) f2  0xffffffff44db6000
core   0: 0x0000000080004f34 (0x23ad0253) fsgnj.d ft4, fs10, fs10
core   0: 1 0x0000000080004f34 (0x23ad0253) f4  0xc044000000000000
core   0: 0x0000000080004f38 (0x1ad276d3) fdiv.d  fa3, ft4, fa3
core   0: 1 0x0000000080004f38 (0x1ad276d3) f13 0x7ff8000000000000
core   0: 0x0000000080004f3c (0xa8e9f837) lui     a6, 0xa8e9f
core   0: 1 0x0000000080004f3c (0xa8e9f837) x16 0xffffffffa8e9f000
core   0: 0x0000000080004f40 (0xc2027b53) fcvt.w.d s6, ft4
core   0: 1 0x0000000080004f40 (0xc2027b53) x22 0xffffffffffffffd8
core   0: 0x0000000080004f44 (0xc0377653) fcvt.lu.s a2, fa4
core   0: 1 0x0000000080004f44 (0xc0377653) x12 0x0000000000000024
core   0: 0x0000000080004f48 (0x22452553) fsgnjx.d fa0, fa0, ft4
core   0: 1 0x0000000080004f48 (0x22452553) f10 0xc044000000000000
core   0: 0x0000000080004f4c (0x0108d69b) srliw   a3, a7, 16
core   0: 1 0x0000000080004f4c (0x0108d69b) x13 0x000000000000ffff
core   0: 0x0000000080004f50 (0x022d0133) mul     sp, s10, sp
core   0: 1 0x0000000080004f50 (0x022d0133) x2  0x0000000000000000
core   0: 0x0000000080004f54 (0xd236f8d3) fcvt.d.lu fa7, a3
core   0: 1 0x0000000080004f54 (0xd236f8d3) f17 0x40efffe000000000
core   0: 0x0000000080004f58 (0xed4f1c17) auipc   s8, 0xed4f1
core   0: 1 0x0000000080004f58 (0xed4f1c17) x24 0x000000006d4f5f58
core   0: 0x0000000080004f5c (0x0183d73b) srlw    a4, t2, s8
core   0: 1 0x0000000080004f5c (0x0183d73b) x14 0x0000000000000000
core   0: 0x0000000080004f60 (0xd03efcd3) fcvt.s.lu fs9, t4
core   0: 1 0x0000000080004f60 (0xd03efcd3) f25 0xffffffff44f90000
core   0: 0x0000000080004f64 (0xa3348d53) fle.d   s10, fs1, fs3
core   0: 1 0x0000000080004f64 (0xa3348d53) c1_fflags 0x0000000000000019 x26 0x0000000000000000
core   0: 0x0000000080004f68 (0xa292f013) andi    zero, t0, -1495
core   0: 1 0x0000000080004f68 (0xa292f013)
core   0: 0x0000000080004f6c (0xc81c8bb7) lui     s7, 0xc81c8
core   0: 1 0x0000000080004f6c (0xc81c8bb7) x23 0xffffffffc81c8000
core   0: 0x0000000080004f70 (0x031026b3) mulhsu  a3, zero, a7
core   0: 1 0x0000000080004f70 (0x031026b3) x13 0x0000000000000000
core   0: 0x0000000080004f74 (0x00069293) slli    t0, a3, 0
core   0: 1 0x0000000080004f74 (0x00069293) x5  0x0000000000000000
core   0: 0x0000000080004f78 (0x9374f34f) fnmadd.d ft6, fs1, fs7, fs2
core   0: 1 0x0000000080004f78 (0x9374f34f) f6  0x7ff8000000000000
core   0: 0x0000000080004f7c (0x0372cc33) div     s8, t0, s7
core   0: 1 0x0000000080004f7c (0x0372cc33) x24 0x0000000000000000
core   0: 0x0000000080004f80 (0x00202773) csrrs   a4, frm, zero
core   0: 1 0x0000000080004f80 (0x00202773) x14 0x0000000000000000
core   0: 0x0000000080004f84 (0x009358b3) srl     a7, t1, s1
core   0: 1 0x0000000080004f84 (0x009358b3) x17 0x0000000000000000
core   0: 0x0000000080004f88 (0xbb23f0c3) fmadd.d ft1, ft7, fs2, fs7
core   0: 1 0x0000000080004f88 (0xbb23f0c3) f1  0x7ff8000000000000
core   0: 0x0000000080004f8c (0xf20485d3) fmv.d.x fa1, s1
core   0: 1 0x0000000080004f8c (0xf20485d3) f11 0xfffffffffffff838
core   0: 0x0000000080004f90 (0x001da833) slt     a6, s11, ra
core   0: 1 0x0000000080004f90 (0x001da833) x16 0x0000000000000000
core   0: 0x0000000080004f94 (0xb7f96c93) ori     s9, s2, -1153
core   0: 1 0x0000000080004f94 (0xb7f96c93) x25 0xffffffffffffffff
core   0: 0x0000000080004f98 (0x014959bb) srlw    s3, s2, s4
core   0: 1 0x0000000080004f98 (0x014959bb) x19 0x000000000000000d
core   0: 0x0000000080004f9c (0xceb6e2b7) lui     t0, 0xceb6e
core   0: 1 0x0000000080004f9c (0xceb6e2b7) x5  0xffffffffceb6e000
core   0: 0x0000000080004fa0 (0x000096b6) c.add   a3, a3
core   0: 1 0x0000000080004fa0 (0x96b6) x13 0x0000000000000000
core   0: 0x0000000080004fa2 (0x00ae97b3) sll     a5, t4, a0
core   0: 1 0x0000000080004fa2 (0x00ae97b3) x15 0x4000000000000000
core   0: 0x0000000080004fa6 (0x33be79c7) fmsub.d fs3, ft8, fs11, ft6
core   0: 1 0x0000000080004fa6 (0x33be79c7) f19 0x7ff8000000000000
core   0: 0x0000000080004faa (0x7ff30213) addi    tp, t1, 2047
core   0: 1 0x0000000080004faa (0x7ff30213) x4  0x00000000000007ff
core   0: 0x0000000080004fae (0x003b53b3) srl     t2, s6, gp
core   0: 1 0x0000000080004fae (0x003b53b3) x7  0xffffffffffffffd8
core   0: 0x0000000080004fb2 (0x0003001b) sext.w  zero, t1
core   0: 1 0x0000000080004fb2 (0x0003001b)
core   0: 0x0000000080004fb6 (0x401bfe53) fcvt.s.d ft8, fs7
core   0: 1 0x0000000080004fb6 (0x401bfe53) f28 0xffffffff80000000
core   0: 0x0000000080004fba (0x68ac8c9b) addiw   s9, s9, 1674
core   0: 1 0x0000000080004fba (0x68ac8c9b) x25 0x0000000000000689
core   0: 0x0000000080004fbe (0x0272d2bb) divuw   t0, t0, t2
core   0: 1 0x0000000080004fbe (0x0272d2bb) x5  0x0000000000000000
core   0: 0x0000000080004fc2 (0x00169573) csrrw   a0, fflags, a3
core   0: 1 0x0000000080004fc2 (0x00169573) x10 0x0000000000000019 c1_fflags 0x0000000000000000
core   0: 0x0000000080004fc6 (0x016ed013) srli    zero, t4, 22
core   0: 1 0x0000000080004fc6 (0x016ed013)
core   0: 0x0000000080004fca (0x40bad933) sra     s2, s5, a1
core   0: 1 0x0000000080004fca (0x40bad933) x18 0x0000000000000fff
core   0: 0x0000000080004fce (0xd026f853) fcvt.s.l fa6, a3
core   0: 1 0x0000000080004fce (0xd026f853) f16 0xffffffff00000000
core   0: 0x0000000080004fd2 (0x420888d3) fcvt.d.s fa7, fa7
core   0: 1 0x0000000080004fd2 (0x420888d3) f17 0x7ff8000000000000
core   0: 0x0000000080004fd6 (0xd03afd53) fcvt.s.lu fs10, s5
core   0: 1 0x0000000080004fd6 (0xd03afd53) c1_fflags 0x0000000000000001 f26 0xffffffff5f000000
core   0: 0x0000000080004fda (0xf20000d3) fmv.d.x ft1, zero
core   0: 1 0x0000000080004fda (0xf20000d3) f1  0x0000000000000000
core   0: 0x0000000080004fde (0x0006b2b7) lui     t0, 0x6b
core   0: 1 0x0000000080004fde (0x0006b2b7) x5  0x000000000006b000
core   0: 0x0000000080004fe2 (0xbef2829b) addiw   t0, t0, -1041
core   0: 1 0x0000000080004fe2 (0xbef2829b) x5  0x000000000006abef
core   0: 0x0000000080004fe6 (0x000002ba) c.slli  t0, 14
core   0: 1 0x0000000080004fe6 (0x02ba) x5  0x00000001aafbc000
core   0: 0x0000000080004fe8 (0x51b28293) addi    t0, t0, 1307
core   0: 1 0x0000000080004fe8 (0x51b28293) x5  0x00000001aafbc51b
core   0: 0x0000000080004fec (0x03739133) mulh    sp, t2, s7
core   0: 1 0x0000000080004fec (0x03739133) x2  0x0000000000000000
core   0: 0x0000000080004ff0 (0x01bb2cb3) slt     s9, s6, s11
core   0: 1 0x0000000080004ff0 (0x01bb2cb3) x25 0x0000000000000001
core   0: 0x0000000080004ff4 (0xc210f2d3) fcvt.wu.d t0, ft1
core   0: 1 0x0000000080004ff4 (0xc210f2d3) x5  0x0000000000000000
core   0: 0x0000000080004ff8 (0x00000001) c.nop
core   0: 1 0x0000000080004ff8 (0x0001)
core   0: 0x0000000080004ffa (0xd2080253) fcvt.d.w ft4, a6
core   0: 1 0x0000000080004ffa (0xd2080253) f4  0x0000000000000000
core   0: 0x0000000080004ffe (0x4129023b) subw    tp, s2, s2
core   0: 1 0x0000000080004ffe (0x4129023b) x4  0x0000000000000000
core   0: 0x0000000080005002 (0x01ad7d33) and     s10, s10, s10
core   0: 1 0x0000000080005002 (0x01ad7d33) x26 0x0000000000000000
core   0: 0x0000000080005006 (0xc0327453) fcvt.lu.s s0, ft4
core   0: 1 0x0000000080005006 (0xc0327453) c1_fflags 0x0000000000000011 x8  0xffffffffffffffff
core   0: 0x000000008000500a (0x0017ee13) ori     t3, a5, 1
core   0: 1 0x000000008000500a (0x0017ee13) x28 0x4000000000000001
core   0: 0x000000008000500e (0x0130d9bb) srlw    s3, ra, s3
core   0: 1 0x000000008000500e (0x0130d9bb) x19 0x000000000007ffff
core   0: 0x0000000080005012 (0x0188183b) sllw    a6, a6, s8
core   0: 1 0x0000000080005012 (0x0188183b) x16 0x0000000000000000
core   0: 0x0000000080005016 (0x2b421953) fmax.d  fs2, ft4, fs4
core   0: 1 0x0000000080005016 (0x2b421953) f18 0x41f516adfff00000
core   0: 0x000000008000501a (0x9ba4a437) lui     s0, 0x9ba4a
core   0: 1 0x000000008000501a (0x9ba4a437) x8  0xffffffff9ba4a000
core   0: 0x000000008000501e (0xc028fbd3) fcvt.l.s s7, fa7
core   0: 1 0x000000008000501e (0xc028fbd3) c1_fflags 0x0000000000000011 x23 0x7fffffffffffffff
core   0: 0x0000000080005022 (0x025b8dbb) mulw    s11, s7, t0
core   0: 1 0x0000000080005022 (0x025b8dbb) x27 0x0000000000000000
core   0: 0x0000000080005026 (0x02767633) remu    a2, a2, t2
core   0: 1 0x0000000080005026 (0x02767633) x12 0x0000000000000024
core   0: 0x000000008000502a (0x225917d3) fsgnjn.d fa5, fs2, ft5
core   0: 1 0x000000008000502a (0x225917d3) f15 0x41f516adfff00000
core   0: 0x000000008000502e (0x038705bb) mulw    a1, a4, s8
core   0: 1 0x000000008000502e (0x038705bb) x11 0x0000000000000000
core   0: 0x0000000080005032 (0x038c4933) div     s2, s8, s8
core   0: 1 0x0000000080005032 (0x038c4933) x18 0xffffffffffffffff
core   0: 0x0000000080005036 (0x03997e33) remu    t3, s2, s9
core   0: 1 0x0000000080005036 (0x03997e33) x28 0x0000000000000000
core   0: 0x000000008000503a (0xd22e70d3) fcvt.d.l ft1, t3
core   0: 1 0x000000008000503a (0xd22e70d3) f1  0x0000000000000000
core   0: 0x000000008000503e (0xe308704b) fnmsub.d ft0, fa6, fa6, ft8
core   0: 1 0x000000008000503e (0xe308704b) f0  0x7ff8000000000000
core   0: 0x0000000080005042 (0x002e1173) csrrw   sp, frm, t3
core   0: 1 0x0000000080005042 (0x002e1173) x2  0x0000000000000000 c2_frm 0x0000000000000000
core   0: 0x0000000080005046 (0x42050ad3) fcvt.d.s fs5, fa0
core   0: 1 0x0000000080005046 (0x42050ad3) f21 0x7ff8000000000000
core   0: 0x000000008000504a (0x1bd47ed3) fdiv.d  ft9, fs0, ft9
core   0: 1 0x000000008000504a (0x1bd47ed3) f29 0x7ff8000000000000
core   0: 0x000000008000504e (0x000094de) c.add   s1, s7
core   0: 1 0x000000008000504e (0x94de) x9  0x7ffffffffffff837
core   0: 0x0000000080005050 (0x019cc933) xor     s2, s9, s9
core   0: 1 0x0000000080005050 (0x019cc933) x18 0x0000000000000000
core   0: 0x0000000080005054 (0x013c853b) addw    a0, s9, s3
core   0: 1 0x0000000080005054 (0x013c853b) x10 0x0000000000080000
core   0: 0x0000000080005058 (0x00a3c4b3) xor     s1, t2, a0
core   0: 1 0x0000000080005058 (0x00a3c4b3) x9  0xfffffffffff7ffd8
core   0: 0x000000008000505c (0x401579d3) fcvt.s.d fs3, fa0
core   0: 1 0x000000008000505c (0x401579d3) f19 0xffffffffc2200000
core   0: 0x0000000080005060 (0x00000001) c.nop
core   0: 1 0x0000000080005060 (0x0001)
core   0: 0x0000000080005062 (0x40928c33) sub     s8, t0, s1
core   0: 1 0x0000000080005062 (0x40928c33) x24 0x0000000000080028
core   0: 0x0000000080005066 (0xf46c6e93) ori     t4, s8, -186
core   0: 1 0x0000000080005066 (0xf46c6e93) x29 0xffffffffffffff6e
core   0: 0x000000008000506a (0xd20e8753) fcvt.d.w fa4, t4
core   0: 1 0x000000008000506a (0xd20e8753) f14 0xc062400000000000
core   0: 0x000000008000506e (0x007a823b) addw    tp, s5, t2
core   0: 1 0x000000008000506e (0x007a823b) x4  0xffffffffffffffd7
core   0: 0x0000000080005072 (0x4057d2bb) sraw    t0, a5, t0
core   0: 1 0x0000000080005072 (0x4057d2bb) x5  0x0000000000000000
core   0: 0x0000000080005076 (0x028b4ebb) divw    t4, s6, s0
core   0: 1 0x0000000080005076 (0x028b4ebb) x29 0x0000000000000000
core   0: 0x000000008000507a (0x0015959b) slliw   a1, a1, 1
core   0: 1 0x000000008000507a (0x0015959b) x11 0x0000000000000000
core   0: 0x000000008000507e (0xc0377b53) fcvt.lu.s s6, fa4
core   0: 1 0x000000008000507e (0xc0377b53) c1_fflags 0x0000000000000011 x22 0xffffffffffffffff
core   0: 0x0000000080005082 (0x01c9903b) sllw    zero, s3, t3
core   0: 1 0x0000000080005082 (0x01c9903b)
core   0: 0x0000000080005086 (0xa3270353) fle.d   t1, fa4, fs2
core   0: 1 0x0000000080005086 (0xa3270353) x6  0x0000000000000001
core   0: 0x000000008000508a (0x406305b3) sub     a1, t1, t1
core   0: 1 0x000000008000508a (0x406305b3) x11 0x0000000000000000
core   0: 0x000000008000508e (0x110a8517) auipc   a0, 0x110a8
core   0: 1 0x000000008000508e (0x110a8517) x10 0x00000000910ad08e
core   0: 0x0000000080005092 (0x00102273) csrrs   tp, fflags, zero
core   0: 1 0x0000000080005092 (0x00102273) x4  0x0000000000000011
core   0: 0x0000000080005096 (0x00119973) csrrw   s2, fflags, gp
core   0: 1 0x0000000080005096 (0x00119973) x18 0x0000000000000011 c1_fflags 0x0000000000000000
core   0: 0x000000008000509a (0x002022f3) csrrs   t0, frm, zero
core   0: 1 0x000000008000509a (0x002022f3) x5  0x0000000000000000
core   0: 0x000000008000509e (0x2383ac53) fsgnjx.d fs8, ft7, fs8
core   0: 1 0x000000008000509e (0x2383ac53) f24 0xc3effffffffff7ff
core   0: 0x00000000800050a2 (0x41778833) sub     a6, a5, s7
core   0: 1 0x00000000800050a2 (0x41778833) x16 0xc000000000000001
core   0: 0x00000000800050a6 (0xffd8f893) andi    a7, a7, -3
core   0: 1 0x00000000800050a6 (0xffd8f893) x17 0x0000000000000000
core   0: 0x00000000800050aa (0x00972eb3) slt     t4, a4, s1
core   0: 1 0x00000000800050aa (0x00972eb3) x29 0x0000000000000000
core   0: 0x00000000800050ae (0x015eda3b) srlw    s4, t4, s5
core   0: 1 0x00000000800050ae (0x015eda3b) x20 0x0000000000000000
core   0: 0x00000000800050b2 (0x40b1d833) sra     a6, gp, a1
core   0: 1 0x00000000800050b2 (0x40b1d833) x16 0xfffffffffffff800
core   0: 0x00000000800050b6 (0xf1481873) csrrw   a6, mhartid, a6
core   0: exception trap_illegal_instruction, epc 0x00000000800050b6
core   0:           tval 0x00000000f1481873
core   0: >>>>  $xrv64i2p1_m2p0_a2p1_f2p2_d2p2_zicsr2p0_zifencei2p0_zmmul1p0_zba1p0_zbb1p0_zbc1p0_zbs1p0
core   0: 0x0000000080004000 (0x0080006f) j       pc + 0x8
core   0: 3 0x0000000080004000 (0x0080006f)
core   0: >>>>  mmode_exception_handler
core   0: 0x0000000080004008 (0x00002c17) auipc   s8, 0x2
core   0: 3 0x0000000080004008 (0x00002c17) x24 0x0000000080006008
core   0: 0x000000008000400c (0x034c0c13) addi    s8, s8, 52
core   0: 3 0x000000008000400c (0x034c0c13) x24 0x000000008000603c
core   0: 0x0000000080004010 (0x000c00e7) jalr    s8
core   0: 3 0x0000000080004010 (0x000c00e7) x1  0x0000000080004014
core   0: >>>>  any_handler
core   0: 0x000000008000603c (0x341027f3) csrrs   a5, mepc, zero
core   0: 3 0x000000008000603c (0x341027f3) x15 0x00000000800050b6
core   0: 0x0000000080006040 (0x34202773) csrrs   a4, mcause, zero
core   0: 3 0x0000000080006040 (0x34202773) x14 0x0000000000000002
core   0: 0x0000000080006044 (0x142026f3) csrrs   a3, scause, zero
core   0: 3 0x0000000080006044 (0x142026f3) x13 0x0000000000000000
core   0: 0x0000000080006048 (0x30402673) csrrs   a2, mie, zero
core   0: 3 0x0000000080006048 (0x30402673) x12 0x0000000000000a00
core   0: 0x000000008000604c (0x344025f3) csrrs   a1, mip, zero
core   0: 3 0x000000008000604c (0x344025f3) x11 0x0000000000000080
core   0: 0x0000000080006050 (0x343025f3) csrrs   a1, mtval, zero
core   0: 3 0x0000000080006050 (0x343025f3) x11 0x00000000f1481873
core   0: 0x0000000080006054 (0x14302573) csrrs   a0, stval, zero
core   0: 3 0x0000000080006054 (0x14302573) x10 0x0000000000000000
core   0: 0x0000000080006058 (0xb02024f3) csrrs   s1, minstret, zero
core   0: 3 0x0000000080006058 (0xb02024f3) x9  0x0000000000000d50
core   0: 0x000000008000605c (0x0000a811) c.j     pc + 20
core   0: 3 0x000000008000605c (0xa811)
core   0: >>>>  mepc_4
core   0: 0x0000000080006070 (0x00000791) c.addi  a5, 4
core   0: 3 0x0000000080006070 (0x0791) x15 0x00000000800050ba
core   0: 0x0000000080006072 (0x34179073) csrrw   zero, mepc, a5
core   0: 3 0x0000000080006072 (0x34179073) c833_mepc 0x00000000800050ba
core   0: 0x0000000080006076 (0x30200073) mret
core   0: 3 0x0000000080006076 (0x30200073) c768_mstatus 0x8000000a00106080
core   0: 0x00000000800050ba (0x00000001) c.nop
core   0: 1 0x00000000800050ba (0x0001)
core   0: 0x00000000800050bc (0xff112037) lui     zero, 0xff112
core   0: 1 0x00000000800050bc (0xff112037)
core   0: 0x00000000800050c0 (0xe450001b) addiw   zero, zero, -443
core   0: 1 0x00000000800050c0 (0xe450001b)
core   0: 0x00000000800050c4 (0x00e01013) slli    zero, zero, 14
core   0: 1 0x00000000800050c4 (0x00e01013)
core   0: 0x00000000800050c8 (0xec000013) li      zero, -320
core   0: 1 0x00000000800050c8 (0xec000013)
core   0: 0x00000000800050cc (0x0118a633) slt     a2, a7, a7
core   0: 1 0x00000000800050cc (0x0118a633) x12 0x0000000000000000
core   0: 0x00000000800050d0 (0x40365a9b) sraiw   s5, a2, 3
core   0: 1 0x00000000800050d0 (0x40365a9b) x21 0x0000000000000000
core   0: 0x00000000800050d4 (0xf2018e53) fmv.d.x ft8, gp
core   0: 1 0x00000000800050d4 (0xf2018e53) f28 0xfffffffffffff800
core   0: 0x00000000800050d8 (0x03516ab3) rem     s5, sp, s5
core   0: 1 0x00000000800050d8 (0x03516ab3) x21 0x0000000000000000
core   0: 0x00000000800050dc (0x238babd3) fsgnjx.d fs7, fs7, fs8
core   0: 1 0x00000000800050dc (0x238babd3) f23 0x0000000000000000
core   0: 0x00000000800050e0 (0xc1c8049b) addiw   s1, a6, -996
core   0: 1 0x00000000800050e0 (0xc1c8049b) x9  0xfffffffffffff41c
core   0: 0x00000000800050e4 (0x02a89533) mulh    a0, a7, a0
core   0: 1 0x00000000800050e4 (0x02a89533) x10 0x0000000000000000
core   0: 0x00000000800050e8 (0xebc1859b) addiw   a1, gp, -324
core   0: 1 0x00000000800050e8 (0xebc1859b) x11 0xfffffffffffff6bc
core   0: 0x00000000800050ec (0x42f8f8cf) fnmadd.d fa7, fa7, fa5, fs0
core   0: 1 0x00000000800050ec (0x42f8f8cf) f17 0x7ff8000000000000
core   0: 0x00000000800050f0 (0x0108cc33) xor     s8, a7, a6
core   0: 1 0x00000000800050f0 (0x0108cc33) x24 0xfffffffffffff800
core   0: 0x00000000800050f4 (0x00041013) slli    zero, s0, 0
core   0: 1 0x00000000800050f4 (0x00041013)
core   0: 0x00000000800050f8 (0xe2091153) fclass.d sp, fs2
core   0: 1 0x00000000800050f8 (0xe2091153) x2  0x0000000000000040
core   0: 0x00000000800050fc (0xd0237453) fcvt.s.l fs0, t1
core   0: 1 0x00000000800050fc (0xd0237453) f8  0xffffffff3f800000
core   0: 0x0000000080005100 (0x027b93b3) mulh    t2, s7, t2
core   0: 1 0x0000000080005100 (0x027b93b3) x7  0xffffffffffffffec
core   0: 0x0000000080005104 (0x02176b33) rem     s6, a4, ra
core   0: 1 0x0000000080005104 (0x02176b33) x22 0x0000000000000002
core   0: 0x0000000080005108 (0x01f8969b) slliw   a3, a7, 31
core   0: 1 0x0000000080005108 (0x01f8969b) x13 0x0000000000000000
core   0: 0x000000008000510c (0xd22777d3) fcvt.d.l fa5, a4
core   0: 1 0x000000008000510c (0xd22777d3) f15 0x4000000000000000
core   0: 0x0000000080005110 (0xd026fa53) fcvt.s.l fs4, a3
core   0: 1 0x0000000080005110 (0xd026fa53) f20 0xffffffff00000000
core   0: 0x0000000080005114 (0x0092533b) srlw    t1, tp, s1
core   0: 1 0x0000000080005114 (0x0092533b) x6  0x0000000000000000
core   0: 0x0000000080005118 (0x0240c833) div     a6, ra, tp
core   0: 1 0x0000000080005118 (0x0240c833) x16 0x0000000007878b4c
core   0: 0x000000008000511c (0x021be0b3) rem     ra, s7, ra
core   0: 1 0x000000008000511c (0x021be0b3) x1  0x000000002014031f
core   0: 0x0000000080005120 (0xc038f2d3) fcvt.lu.s t0, fa7
core   0: 1 0x0000000080005120 (0xc038f2d3) c1_fflags 0x0000000000000010 x5  0xffffffffffffffff
core   0: 0x0000000080005124 (0xd2120dd3) fcvt.d.wu fs11, tp
core   0: 1 0x0000000080005124 (0xd2120dd3) f27 0x4031000000000000
core   0: 0x0000000080005128 (0x93edf213) andi    tp, s11, -1730
core   0: 1 0x0000000080005128 (0x93edf213) x4  0x0000000000000000
core   0: 0x000000008000512c (0x227888d3) fsgnj.d fa7, fa7, ft7
core   0: 1 0x000000008000512c (0x227888d3) f17 0xfff8000000000000
core   0: 0x0000000080005130 (0xd2128253) fcvt.d.wu ft4, t0
core   0: 1 0x0000000080005130 (0xd2128253) f4  0x41efffffffe00000
core   0: 0x0000000080005134 (0x1ae5f6d3) fdiv.d  fa3, fa1, fa4
core   0: 1 0x0000000080005134 (0x1ae5f6d3) f13 0x7ff8000000000000
core   0: 0x0000000080005138 (0xe2018ad3) fmv.x.d s5, ft3
core   0: 1 0x0000000080005138 (0xe2018ad3) x21 0x7ff8000000000000
core   0: 0x000000008000513c (0x02d9f833) remu    a6, s3, a3
core   0: 1 0x000000008000513c (0x02d9f833) x16 0x000000000007ffff
core   0: 0x0000000080005140 (0x420f81d3) fcvt.d.s ft3, ft11
core   0: 1 0x0000000080005140 (0x420f81d3) f3  0x4050000000000000
core   0: 0x0000000080005144 (0x01691933) sll     s2, s2, s6
core   0: 1 0x0000000080005144 (0x01691933) x18 0x0000000000000044
core   0: 0x0000000080005148 (0x007e84bb) addw    s1, t4, t2
core   0: 1 0x0000000080005148 (0x007e84bb) x9  0xffffffffffffffec
core   0: 0x000000008000514c (0x0365cb33) div     s6, a1, s6
core   0: 1 0x000000008000514c (0x0365cb33) x22 0xfffffffffffffb5e
core   0: 0x0000000080005150 (0xc02c75d3) fcvt.l.s a1, fs8
core   0: 1 0x0000000080005150 (0xc02c75d3) c1_fflags 0x0000000000000010 x11 0x7fffffffffffffff
core   0: 0x0000000080005154 (0x2a2197d3) fmax.d  fa5, ft3, ft2
core   0: 1 0x0000000080005154 (0x2a2197d3) f15 0x4050000000000000
core   0: 0x0000000080005158 (0x40f955bb) sraw    a1, s2, a5
core   0: 1 0x0000000080005158 (0x40f955bb) x11 0x0000000000000000
core   0: 0x000000008000515c (0x01825c93) srli    s9, tp, 24
core   0: 1 0x000000008000515c (0x01825c93) x25 0x0000000000000000
core   0: 0x0000000080005160 (0xa35584d3) fle.d   s1, fa1, fs5
core   0: 1 0x0000000080005160 (0xa35584d3) c1_fflags 0x0000000000000010 x9  0x0000000000000000
core   0: 0x0000000080005164 (0xd020f653) fcvt.s.l fa2, ra
core   0: 1 0x0000000080005164 (0xd020f653) c1_fflags 0x0000000000000011 f12 0xffffffff4e00500c
core   0: 0x0000000080005168 (0x93320713) addi    a4, tp, -1741
core   0: 1 0x0000000080005168 (0x93320713) x14 0xfffffffffffff933
core   0: 0x000000008000516c (0x034cd093) srli    ra, s9, 52
core   0: 1 0x000000008000516c (0x034cd093) x1  0x0000000000000000
core   0: 0x0000000080005170 (0x12c4fd53) fmul.d  fs10, fs1, fa2
core   0: 1 0x0000000080005170 (0x12c4fd53) f26 0x7ff8000000000000
core   0: 0x0000000080005174 (0x00e5853b) addw    a0, a1, a4
core   0: 1 0x0000000080005174 (0x00e5853b) x10 0xfffffffffffff933
core   0: 0x0000000080005178 (0x23ad22d3) fsgnjx.d ft5, fs10, fs10
core   0: 1 0x0000000080005178 (0x23ad22d3) f5  0x7ff8000000000000
core   0: 0x000000008000517c (0x02c1f1bb) remuw   gp, gp, a2
core   0: 1 0x000000008000517c (0x02c1f1bb) x3  0xfffffffffffff800
core   0: 0x0000000080005180 (0x000093fd) c.srli  a5, 63
core   0: 1 0x0000000080005180 (0x93fd) x15 0x0000000000000000
core   0: 0x0000000080005182 (0x001b1af3) csrrw   s5, fflags, s6
core   0: 1 0x0000000080005182 (0x001b1af3) x21 0x0000000000000011 c1_fflags 0x000000000000001e
core   0: 0x0000000080005186 (0x0000914e) c.add   sp, s3
core   0: 1 0x0000000080005186 (0x914e) x2  0x000000000008003f
core   0: 0x0000000080005188 (0x016e13bb) sllw    t2, t3, s6
core   0: 1 0x0000000080005188 (0x016e13bb) x7  0x0000000000000000
core   0: 0x000000008000518c (0x5874dc37) lui     s8, 0x5874d
core   0: 1 0x000000008000518c (0x5874dc37) x24 0x000000005874d000
core   0: 0x0000000080005190 (0x001d8293) addi    t0, s11, 1
core   0: 1 0x0000000080005190 (0x001d8293) x5  0x0000000000000001
core   0: 0x0000000080005194 (0x0031e333) or      t1, gp, gp
core   0: 1 0x0000000080005194 (0x0031e333) x6  0xfffffffffffff800
core   0: 0x0000000080005198 (0x43d35c93) srai    s9, t1, 61
core   0: 1 0x0000000080005198 (0x43d35c93) x25 0xffffffffffffffff
core   0: 0x000000008000519c (0x0adff7d3) fsub.d  fa5, ft11, fa3
core   0: 1 0x000000008000519c (0x0adff7d3) f15 0x7ff8000000000000
core   0: 0x00000000800051a0 (0x22d608d3) fsgnj.d fa7, fa2, fa3
core   0: 1 0x00000000800051a0 (0x22d608d3) f17 0x7fffffff4e00500c
core   0: 0x00000000800051a4 (0xd22dfb53) fcvt.d.l fs6, s11
core   0: 1 0x00000000800051a4 (0xd22dfb53) f22 0x0000000000000000
core   0: 0x00000000800051a8 (0x0aede737) lui     a4, 0xaede
core   0: 1 0x00000000800051a8 (0x0aede737) x14 0x000000000aede000
core   0: 0x00000000800051ac (0x01091b93) slli    s7, s2, 16
core   0: 1 0x00000000800051ac (0x01091b93) x23 0x0000000000440000
core   0: 0x00000000800051b0 (0xc207f5d3) fcvt.w.d a1, fa5
core   0: 1 0x00000000800051b0 (0xc207f5d3) c1_fflags 0x000000000000001e x11 0x000000007fffffff
core   0: 0x00000000800051b4 (0x034ad7b3) divu    a5, s5, s4
core   0: 1 0x00000000800051b4 (0x034ad7b3) x15 0xffffffffffffffff
core   0: 0x00000000800051b8 (0xa2688d53) fle.d   s10, fa7, ft6
core   0: 1 0x00000000800051b8 (0xa2688d53) c1_fflags 0x000000000000001e x26 0x0000000000000000
core   0: 0x00000000800051bc (0x0b6b7ed3) fsub.d  ft9, fs6, fs6
core   0: 1 0x00000000800051bc (0x0b6b7ed3) f29 0x0000000000000000
core   0: 0x00000000800051c0 (0xc22c7cd3) fcvt.l.d s9, fs8
core   0: 1 0x00000000800051c0 (0xc22c7cd3) c1_fflags 0x000000000000001e x25 0x8000000000000000
core   0: 0x00000000800051c4 (0x0007171b) slliw   a4, a4, 0
core   0: 1 0x00000000800051c4 (0x0007171b) x14 0x000000000aede000
core   0: 0x00000000800051c8 (0x00d181bb) addw    gp, gp, a3
core   0: 1 0x00000000800051c8 (0x00d181bb) x3  0xfffffffffffff800
core   0: 0x00000000800051cc (0x0011de9b) srliw   t4, gp, 1
core   0: 1 0x00000000800051cc (0x0011de9b) x29 0x000000007ffffc00
core   0: 0x00000000800051d0 (0x2be802d3) fmin.d  ft5, fa6, ft10
core   0: 1 0x00000000800051d0 (0x2be802d3) f5  0xc1ea2d5c00000000
core   0: 0x00000000800051d4 (0x00171d13) slli    s10, a4, 1
core   0: 1 0x00000000800051d4 (0x00171d13) x26 0x0000000015dbc000
core   0: 0x00000000800051d8 (0x00000033) add     zero, zero, zero
core   0: 1 0x00000000800051d8 (0x00000033)
core   0: 0x00000000800051dc (0x223e89d3) fsgnj.d fs3, ft9, ft3
core   0: 1 0x00000000800051dc (0x223e89d3) f19 0x0000000000000000
core   0: 0x00000000800051e0 (0x5a0ff7d3) fsqrt.d fa5, ft11
core   0: 1 0x00000000800051e0 (0x5a0ff7d3) f15 0x7ff8000000000000
core   0: 0x00000000800051e4 (0x14001c73) csrrw   s8, sscratch, zero
core   0: 1 0x00000000800051e4 (0x14001c73) x24 0x0000000000000000 c320_sscratch 0x0000000000000000
core   0: 0x00000000800051e8 (0x000050fd) c.li    ra, -1
core   0: 1 0x00000000800051e8 (0x50fd) x1  0xffffffffffffffff
core   0: 0x00000000800051ea (0xd21001d3) fcvt.d.wu ft3, zero
core   0: 1 0x00000000800051ea (0xd21001d3) f3  0x0000000000000000
core   0: 0x00000000800051ee (0x2a2583d3) fmin.d  ft7, fa1, ft2
core   0: 1 0x00000000800051ee (0x2a2583d3) f7  0x7ff8000000000000
core   0: 0x00000000800051f2 (0xfeee5437) lui     s0, 0xfeee5
core   0: 1 0x00000000800051f2 (0xfeee5437) x8  0xfffffffffeee5000
core   0: 0x00000000800051f6 (0xf254041b) addiw   s0, s0, -219
core   0: 1 0x00000000800051f6 (0xf254041b) x8  0xfffffffffeee4f25
core   0: 0x00000000800051fa (0x00000432) c.slli  s0, 12
core   0: 1 0x00000000800051fa (0x0432) x8  0xffffffeee4f25000
core   0: 0x00000000800051fc (0x2a940413) addi    s0, s0, 681
core   0: 1 0x00000000800051fc (0x2a940413) x8  0xffffffeee4f252a9
core   0: 0x0000000080005200 (0x7ff4ea13) ori     s4, s1, 2047
core   0: 1 0x0000000080005200 (0x7ff4ea13) x20 0x00000000000007ff
core   0: 0x0000000080005204 (0x1ab6f5cf) fnmadd.d fa1, fa3, fa1, ft3
core   0: 1 0x0000000080005204 (0x1ab6f5cf) f11 0x7ff8000000000000
core   0: 0x0000000080005208 (0x01746333) or      t1, s0, s7
core   0: 1 0x0000000080005208 (0x01746333) x6  0xffffffeee4f652a9
core   0: 0x000000008000520c (0xfea43397) auipc   t2, 0xfea43
core   0: 1 0x000000008000520c (0xfea43397) x7  0x000000007ea4820c
core   0: 0x0000000080005210 (0xa3af0453) fle.d   s0, ft10, fs10
core   0: 1 0x0000000080005210 (0xa3af0453) c1_fflags 0x000000000000001e x8  0x0000000000000000
core   0: 0x0000000080005214 (0x00000001) c.nop
core   0: 1 0x0000000080005214 (0x0001)
core   0: 0x0000000080005216 (0xd2078253) fcvt.d.w ft4, a5
core   0: 1 0x0000000080005216 (0xd2078253) f4  0xbff0000000000000
core   0: 0x000000008000521a (0x5ad5fccf) fnmadd.d fs9, fa1, fa3, fa1
core   0: 1 0x000000008000521a (0x5ad5fccf) f25 0x7ff8000000000000
core   0: 0x000000008000521e (0xa2f08953) fle.d   s2, ft1, fa5
core   0: 1 0x000000008000521e (0xa2f08953) c1_fflags 0x000000000000001e x18 0x0000000000000000
core   0: 0x0000000080005222 (0x420d0c53) fcvt.d.s fs8, fs10
core   0: 1 0x0000000080005222 (0x420d0c53) f24 0x7ff8000000000000
core   0: 0x0000000080005226 (0x032bf5b3) remu    a1, s7, s2
core   0: 1 0x0000000080005226 (0x032bf5b3) x11 0x0000000000440000
core   0: 0x000000008000522a (0xd21586d3) fcvt.d.wu fa3, a1
core   0: 1 0x000000008000522a (0xd21586d3) f13 0x4151000000000000
core   0: 0x000000008000522e (0x40bbdab3) sra     s5, s7, a1
core   0: 1 0x000000008000522e (0x40bbdab3) x21 0x0000000000440000
core   0: 0x0000000080005232 (0x021e5e33) divu    t3, t3, ra
core   0: 1 0x0000000080005232 (0x021e5e33) x28 0x0000000000000000
core   0: 0x0000000080005236 (0x40838333) sub     t1, t2, s0
core   0: 1 0x0000000080005236 (0x40838333) x6  0x000000007ea4820c
core   0: 0x000000008000523a (0x4117803b) subw    zero, a5, a7
core   0: 1 0x000000008000523a (0x4117803b)
core   0: 0x000000008000523e (0x02636c3b) remw    s8, t1, t1
core   0: 1 0x000000008000523e (0x02636c3b) x24 0x0000000000000000
core   0: 0x0000000080005242 (0x018c55bb) srlw    a1, s8, s8
core   0: 1 0x0000000080005242 (0x018c55bb) x11 0x0000000000000000
core   0: 0x0000000080005246 (0xa23686d3) fle.d   a3, fa3, ft3
core   0: 1 0x0000000080005246 (0xa23686d3) x13 0x0000000000000000
core   0: 0x000000008000524a (0xf1507b73) csrrci  s6, mconfigptr, 0
core   0: exception trap_illegal_instruction, epc 0x000000008000524a
core   0:           tval 0x00000000f1507b73
core   0: >>>>  $xrv64i2p1_m2p0_a2p1_f2p2_d2p2_zicsr2p0_zifencei2p0_zmmul1p0_zba1p0_zbb1p0_zbc1p0_zbs1p0
core   0: 0x0000000080004000 (0x0080006f) j       pc + 0x8
core   0: 3 0x0000000080004000 (0x0080006f)
core   0: >>>>  mmode_exception_handler
core   0: 0x0000000080004008 (0x00002c17) auipc   s8, 0x2
core   0: 3 0x0000000080004008 (0x00002c17) x24 0x0000000080006008
core   0: 0x000000008000400c (0x034c0c13) addi    s8, s8, 52
core   0: 3 0x000000008000400c (0x034c0c13) x24 0x000000008000603c
core   0: 0x0000000080004010 (0x000c00e7) jalr    s8
core   0: 3 0x0000000080004010 (0x000c00e7) x1  0x0000000080004014
core   0: >>>>  any_handler
core   0: 0x000000008000603c (0x341027f3) csrrs   a5, mepc, zero
core   0: 3 0x000000008000603c (0x341027f3) x15 0x000000008000524a
core   0: 0x0000000080006040 (0x34202773) csrrs   a4, mcause, zero
core   0: 3 0x0000000080006040 (0x34202773) x14 0x0000000000000002
core   0: 0x0000000080006044 (0x142026f3) csrrs   a3, scause, zero
core   0: 3 0x0000000080006044 (0x142026f3) x13 0x0000000000000000
core   0: 0x0000000080006048 (0x30402673) csrrs   a2, mie, zero
core   0: 3 0x0000000080006048 (0x30402673) x12 0x0000000000000a00
core   0: 0x000000008000604c (0x344025f3) csrrs   a1, mip, zero
core   0: 3 0x000000008000604c (0x344025f3) x11 0x0000000000000080
core   0: 0x0000000080006050 (0x343025f3) csrrs   a1, mtval, zero
core   0: 3 0x0000000080006050 (0x343025f3) x11 0x00000000f1507b73
core   0: 0x0000000080006054 (0x14302573) csrrs   a0, stval, zero
core   0: 3 0x0000000080006054 (0x14302573) x10 0x0000000000000000
core   0: 0x0000000080006058 (0xb02024f3) csrrs   s1, minstret, zero
core   0: 3 0x0000000080006058 (0xb02024f3) x9  0x0000000000000dc7
core   0: 0x000000008000605c (0x0000a811) c.j     pc + 20
core   0: 3 0x000000008000605c (0xa811)
core   0: >>>>  mepc_4
core   0: 0x0000000080006070 (0x00000791) c.addi  a5, 4
core   0: 3 0x0000000080006070 (0x0791) x15 0x000000008000524e
core   0: 0x0000000080006072 (0x34179073) csrrw   zero, mepc, a5
core   0: 3 0x0000000080006072 (0x34179073) c833_mepc 0x000000008000524e
core   0: 0x0000000080006076 (0x30200073) mret
core   0: 3 0x0000000080006076 (0x30200073) c768_mstatus 0x8000000a00106080
core   0: 0x000000008000524e (0x1b9c72d3) fdiv.d  ft5, fs8, fs9
core   0: 1 0x000000008000524e (0x1b9c72d3) f5  0x7ff8000000000000
core   0: 0x0000000080005252 (0x00000001) c.nop
core   0: 1 0x0000000080005252 (0x0001)
core   0: 0x0000000080005254 (0x00121a73) csrrw   s4, fflags, tp
core   0: 1 0x0000000080005254 (0x00121a73) x20 0x000000000000001e c1_fflags 0x0000000000000000
core   0: 0x0000000080005258 (0x0284d43b) divuw   s0, s1, s0
core   0: 1 0x0000000080005258 (0x0284d43b) x8  0xffffffffffffffff
core   0: 0x000000008000525c (0x00102cf3) csrrs   s9, fflags, zero
core   0: 1 0x000000008000525c (0x00102cf3) x25 0x0000000000000000
core   0: 0x0000000080005260 (0x401cfed3) fcvt.s.d ft9, fs9
core   0: 1 0x0000000080005260 (0x401cfed3) f29 0xffffffff7fc00000
core   0: 0x0000000080005264 (0x006020b7) lui     ra, 0x602
core   0: 1 0x0000000080005264 (0x006020b7) x1  0x0000000000602000
core   0: 0x0000000080005268 (0x4d50809b) addiw   ra, ra, 1237
core   0: 1 0x0000000080005268 (0x4d50809b) x1  0x00000000006024d5
core   0: 0x000000008000526c (0x000000c2) c.slli  ra, 16
core   0: 1 0x000000008000526c (0x00c2) x1  0x0000006024d50000
core   0: 0x000000008000526e (0xb3608093) addi    ra, ra, -1226
core   0: 1 0x000000008000526e (0xb3608093) x1  0x0000006024d4fb36
core   0: 0x0000000080005272 (0x0360de13) srli    t3, ra, 54
core   0: 1 0x0000000080005272 (0x0360de13) x28 0x0000000000000000
core   0: 0x0000000080005276 (0x40618c3b) subw    s8, gp, t1
core   0: 1 0x0000000080005276 (0x40618c3b) x24 0xffffffff815b75f4
core   0: 0x000000008000527a (0xe20e8153) fmv.x.d sp, ft9
core   0: 1 0x000000008000527a (0xe20e8153) x2  0xffffffff7fc00000
core   0: 0x000000008000527e (0x03404033) div     zero, zero, s4
core   0: 1 0x000000008000527e (0x03404033)
core   0: 0x0000000080005282 (0x0119f9b3) and     s3, s3, a7
core   0: 1 0x0000000080005282 (0x0119f9b3) x19 0x0000000000000000
core   0: 0x0000000080005286 (0x0316f3b3) remu    t2, a3, a7
core   0: 1 0x0000000080005286 (0x0316f3b3) x7  0x0000000000000000
core   0: 0x000000008000528a (0x03762bb3) mulhsu  s7, a2, s7
core   0: 1 0x000000008000528a (0x03762bb3) x23 0x0000000000000000
core   0: 0x000000008000528e (0x00202073) csrrs   zero, frm, zero
core   0: 1 0x000000008000528e (0x00202073)
core   0: 0x0000000080005292 (0x002e9ef3) csrrw   t4, frm, t4
core   0: 1 0x0000000080005292 (0x002e9ef3) x29 0x0000000000000000 c2_frm 0x0000000000000000
core   0: 0x0000000080005296 (0xc02dfd53) fcvt.l.s s10, fs11
core   0: 1 0x0000000080005296 (0xc02dfd53) c1_fflags 0x0000000000000010 x26 0x7fffffffffffffff
core   0: 0x000000008000529a (0x03030333) mul     t1, t1, a6
core   0: 1 0x000000008000529a (0x03030333) x6  0x0003f52391bb7df4
core   0: 0x000000008000529e (0xc0523cf3) csrrc   s9, hpmcounter5, tp
core   0: exception trap_illegal_instruction, epc 0x000000008000529e
core   0:           tval 0x00000000c0523cf3
core   0: >>>>  $xrv64i2p1_m2p0_a2p1_f2p2_d2p2_zicsr2p0_zifencei2p0_zmmul1p0_zba1p0_zbb1p0_zbc1p0_zbs1p0
core   0: 0x0000000080004000 (0x0080006f) j       pc + 0x8
core   0: 3 0x0000000080004000 (0x0080006f)
core   0: >>>>  mmode_exception_handler
core   0: 0x0000000080004008 (0x00002c17) auipc   s8, 0x2
core   0: 3 0x0000000080004008 (0x00002c17) x24 0x0000000080006008
core   0: 0x000000008000400c (0x034c0c13) addi    s8, s8, 52
core   0: 3 0x000000008000400c (0x034c0c13) x24 0x000000008000603c
core   0: 0x0000000080004010 (0x000c00e7) jalr    s8
core   0: 3 0x0000000080004010 (0x000c00e7) x1  0x0000000080004014
core   0: >>>>  any_handler
core   0: 0x000000008000603c (0x341027f3) csrrs   a5, mepc, zero
core   0: 3 0x000000008000603c (0x341027f3) x15 0x000000008000529e
core   0: 0x0000000080006040 (0x34202773) csrrs   a4, mcause, zero
core   0: 3 0x0000000080006040 (0x34202773) x14 0x0000000000000002
core   0: 0x0000000080006044 (0x142026f3) csrrs   a3, scause, zero
core   0: 3 0x0000000080006044 (0x142026f3) x13 0x0000000000000000
core   0: 0x0000000080006048 (0x30402673) csrrs   a2, mie, zero
core   0: 3 0x0000000080006048 (0x30402673) x12 0x0000000000000a00
core   0: 0x000000008000604c (0x344025f3) csrrs   a1, mip, zero
core   0: 3 0x000000008000604c (0x344025f3) x11 0x0000000000000080
core   0: 0x0000000080006050 (0x343025f3) csrrs   a1, mtval, zero
core   0: 3 0x0000000080006050 (0x343025f3) x11 0x00000000c0523cf3
core   0: 0x0000000080006054 (0x14302573) csrrs   a0, stval, zero
core   0: 3 0x0000000080006054 (0x14302573) x10 0x0000000000000000
core   0: 0x0000000080006058 (0xb02024f3) csrrs   s1, minstret, zero
core   0: 3 0x0000000080006058 (0xb02024f3) x9  0x0000000000000dec
core   0: 0x000000008000605c (0x0000a811) c.j     pc + 20
core   0: 3 0x000000008000605c (0xa811)
core   0: >>>>  mepc_4
core   0: 0x0000000080006070 (0x00000791) c.addi  a5, 4
core   0: 3 0x0000000080006070 (0x0791) x15 0x00000000800052a2
core   0: 0x0000000080006072 (0x34179073) csrrw   zero, mepc, a5
core   0: 3 0x0000000080006072 (0x34179073) c833_mepc 0x00000000800052a2
core   0: 0x0000000080006076 (0x30200073) mret
core   0: 3 0x0000000080006076 (0x30200073) c768_mstatus 0x8000000a00106080
core   0: 0x00000000800052a2 (0xc3defecb) fnmsub.d ft9, ft9, ft9, fs8
core   0: 1 0x00000000800052a2 (0xc3defecb) f29 0x7ff8000000000000
core   0: 0x00000000800052a6 (0x01f4971b) slliw   a4, s1, 31
core   0: 1 0x00000000800052a6 (0x01f4971b) x14 0x0000000000000000
core   0: 0x00000000800052aa (0x25990017) auipc   zero, 0x25990
core   0: 1 0x00000000800052aa (0x25990017)
core   0: 0x00000000800052ae (0x02aa5e33) divu    t3, s4, a0
core   0: 1 0x00000000800052ae (0x02aa5e33) x28 0xffffffffffffffff
core   0: 0x00000000800052b2 (0x374b46b7) lui     a3, 0x374b4
core   0: 1 0x00000000800052b2 (0x374b46b7) x13 0x00000000374b4000
core   0: 0x00000000800052b6 (0x0252fe53) fadd.d  ft8, ft5, ft5
core   0: 1 0x00000000800052b6 (0x0252fe53) f28 0x7ff8000000000000
core   0: 0x00000000800052ba (0xc03ef4d3) fcvt.lu.s s1, ft9
core   0: 1 0x00000000800052ba (0xc03ef4d3) c1_fflags 0x0000000000000010 x9  0xffffffffffffffff
core   0: 0x00000000800052be (0x00000001) c.nop
core   0: 1 0x00000000800052be (0x0001)
core   0: 0x00000000800052c0 (0x7b079773) csrrw   a4, dcsr, a5
core   0: exception trap_illegal_instruction, epc 0x00000000800052c0
core   0:           tval 0x000000007b079773
core   0: >>>>  $xrv64i2p1_m2p0_a2p1_f2p2_d2p2_zicsr2p0_zifencei2p0_zmmul1p0_zba1p0_zbb1p0_zbc1p0_zbs1p0
core   0: 0x0000000080004000 (0x0080006f) j       pc + 0x8
core   0: 3 0x0000000080004000 (0x0080006f)
core   0: >>>>  mmode_exception_handler
core   0: 0x0000000080004008 (0x00002c17) auipc   s8, 0x2
core   0: 3 0x0000000080004008 (0x00002c17) x24 0x0000000080006008
core   0: 0x000000008000400c (0x034c0c13) addi    s8, s8, 52
core   0: 3 0x000000008000400c (0x034c0c13) x24 0x000000008000603c
core   0: 0x0000000080004010 (0x000c00e7) jalr    s8
core   0: 3 0x0000000080004010 (0x000c00e7) x1  0x0000000080004014
core   0: >>>>  any_handler
core   0: 0x000000008000603c (0x341027f3) csrrs   a5, mepc, zero
core   0: 3 0x000000008000603c (0x341027f3) x15 0x00000000800052c0
core   0: 0x0000000080006040 (0x34202773) csrrs   a4, mcause, zero
core   0: 3 0x0000000080006040 (0x34202773) x14 0x0000000000000002
core   0: 0x0000000080006044 (0x142026f3) csrrs   a3, scause, zero
core   0: 3 0x0000000080006044 (0x142026f3) x13 0x0000000000000000
core   0: 0x0000000080006048 (0x30402673) csrrs   a2, mie, zero
core   0: 3 0x0000000080006048 (0x30402673) x12 0x0000000000000a00
core   0: 0x000000008000604c (0x344025f3) csrrs   a1, mip, zero
core   0: 3 0x000000008000604c (0x344025f3) x11 0x0000000000000080
core   0: 0x0000000080006050 (0x343025f3) csrrs   a1, mtval, zero
core   0: 3 0x0000000080006050 (0x343025f3) x11 0x000000007b079773
core   0: 0x0000000080006054 (0x14302573) csrrs   a0, stval, zero
core   0: 3 0x0000000080006054 (0x14302573) x10 0x0000000000000000
core   0: 0x0000000080006058 (0xb02024f3) csrrs   s1, minstret, zero
core   0: 3 0x0000000080006058 (0xb02024f3) x9  0x0000000000000e04
core   0: 0x000000008000605c (0x0000a811) c.j     pc + 20
core   0: 3 0x000000008000605c (0xa811)
core   0: >>>>  mepc_4
core   0: 0x0000000080006070 (0x00000791) c.addi  a5, 4
core   0: 3 0x0000000080006070 (0x0791) x15 0x00000000800052c4
core   0: 0x0000000080006072 (0x34179073) csrrw   zero, mepc, a5
core   0: 3 0x0000000080006072 (0x34179073) c833_mepc 0x00000000800052c4
core   0: 0x0000000080006076 (0x30200073) mret
core   0: 3 0x0000000080006076 (0x30200073) c768_mstatus 0x8000000a00106080
core   0: 0x00000000800052c4 (0xb0206973) csrrsi  s2, minstret, 0
core   0: exception trap_illegal_instruction, epc 0x00000000800052c4
core   0:           tval 0x00000000b0206973
core   0: >>>>  $xrv64i2p1_m2p0_a2p1_f2p2_d2p2_zicsr2p0_zifencei2p0_zmmul1p0_zba1p0_zbb1p0_zbc1p0_zbs1p0
core   0: 0x0000000080004000 (0x0080006f) j       pc + 0x8
core   0: 3 0x0000000080004000 (0x0080006f)
core   0: >>>>  mmode_exception_handler
core   0: 0x0000000080004008 (0x00002c17) auipc   s8, 0x2
core   0: 3 0x0000000080004008 (0x00002c17) x24 0x0000000080006008
core   0: 0x000000008000400c (0x034c0c13) addi    s8, s8, 52
core   0: 3 0x000000008000400c (0x034c0c13) x24 0x000000008000603c
core   0: 0x0000000080004010 (0x000c00e7) jalr    s8
core   0: 3 0x0000000080004010 (0x000c00e7) x1  0x0000000080004014
core   0: >>>>  any_handler
core   0: 0x000000008000603c (0x341027f3) csrrs   a5, mepc, zero
core   0: 3 0x000000008000603c (0x341027f3) x15 0x00000000800052c4
core   0: 0x0000000080006040 (0x34202773) csrrs   a4, mcause, zero
core   0: 3 0x0000000080006040 (0x34202773) x14 0x0000000000000002
core   0: 0x0000000080006044 (0x142026f3) csrrs   a3, scause, zero
core   0: 3 0x0000000080006044 (0x142026f3) x13 0x0000000000000000
core   0: 0x0000000080006048 (0x30402673) csrrs   a2, mie, zero
core   0: 3 0x0000000080006048 (0x30402673) x12 0x0000000000000a00
core   0: 0x000000008000604c (0x344025f3) csrrs   a1, mip, zero
core   0: 3 0x000000008000604c (0x344025f3) x11 0x0000000000000080
core   0: 0x0000000080006050 (0x343025f3) csrrs   a1, mtval, zero
core   0: 3 0x0000000080006050 (0x343025f3) x11 0x00000000b0206973
core   0: 0x0000000080006054 (0x14302573) csrrs   a0, stval, zero
core   0: 3 0x0000000080006054 (0x14302573) x10 0x0000000000000000
core   0: 0x0000000080006058 (0xb02024f3) csrrs   s1, minstret, zero
core   0: 3 0x0000000080006058 (0xb02024f3) x9  0x0000000000000e14
core   0: 0x000000008000605c (0x0000a811) c.j     pc + 20
core   0: 3 0x000000008000605c (0xa811)
core   0: >>>>  mepc_4
core   0: 0x0000000080006070 (0x00000791) c.addi  a5, 4
core   0: 3 0x0000000080006070 (0x0791) x15 0x00000000800052c8
core   0: 0x0000000080006072 (0x34179073) csrrw   zero, mepc, a5
core   0: 3 0x0000000080006072 (0x34179073) c833_mepc 0x00000000800052c8
core   0: 0x0000000080006076 (0x30200073) mret
core   0: 3 0x0000000080006076 (0x30200073) c768_mstatus 0x8000000a00106080
core   0: 0x00000000800052c8 (0x00202773) csrrs   a4, frm, zero
core   0: 1 0x00000000800052c8 (0x00202773) x14 0x0000000000000000
core   0: 0x00000000800052cc (0x00ee54b3) srl     s1, t3, a4
core   0: 1 0x00000000800052cc (0x00ee54b3) x9  0xffffffffffffffff
core   0: 0x00000000800052d0 (0x028b7653) fadd.d  fa2, fs6, fs0
core   0: 1 0x00000000800052d0 (0x028b7653) f12 0x7ff8000000000000
core   0: 0x00000000800052d4 (0xd23478d3) fcvt.d.lu fa7, s0
core   0: 1 0x00000000800052d4 (0xd23478d3) c1_fflags 0x0000000000000011 f17 0x43f0000000000000
core   0: 0x00000000800052d8 (0x02b7c6bb) divw    a3, a5, a1
core   0: 1 0x00000000800052d8 (0x02b7c6bb) x13 0x0000000000000001
core   0: 0x00000000800052dc (0x0254da93) srli    s5, s1, 37
core   0: 1 0x00000000800052dc (0x0254da93) x21 0x0000000007ffffff
core   0: 0x00000000800052e0 (0x0212ce33) div     t3, t0, ra
core   0: 1 0x00000000800052e0 (0x0212ce33) x28 0x0000000000000000
core   0: 0x00000000800052e4 (0x5e100813) li      a6, 1505
core   0: 1 0x00000000800052e4 (0x5e100813) x16 0x00000000000005e1
core   0: 0x00000000800052e8 (0x2b1d83d3) fmin.d  ft7, fs11, fa7
core   0: 1 0x00000000800052e8 (0x2b1d83d3) f7  0x4031000000000000
core   0: 0x00000000800052ec (0x2bfa1ad3) fmax.d  fs5, fs4, ft11
core   0: 1 0x00000000800052ec (0x2bfa1ad3) f21 0x7ff8000000000000
core   0: 0x00000000800052f0 (0x0ff0000f) fence   iorw,iorw
core   0: 1 0x00000000800052f0 (0x0ff0000f)
core   0: 0x00000000800052f4 (0xc23af6d3) fcvt.lu.d a3, fs5
core   0: 1 0x00000000800052f4 (0xc23af6d3) c1_fflags 0x0000000000000011 x13 0xffffffffffffffff
core   0: 0x00000000800052f8 (0x02550e33) mul     t3, a0, t0
core   0: 1 0x00000000800052f8 (0x02550e33) x28 0x0000000000000000
core   0: 0x00000000800052fc (0x03b2703b) remuw   zero, tp, s11
core   0: 1 0x00000000800052fc (0x03b2703b)
core   0: 0x0000000080005300 (0x0260c333) div     t1, ra, t1
core   0: 1 0x0000000080005300 (0x0260c333) x6  0x0000000000000000
core   0: 0x0000000080005304 (0xff77fbb7) lui     s7, 0xff77f
core   0: 1 0x0000000080005304 (0xff77fbb7) x23 0xffffffffff77f000
core   0: 0x0000000080005308 (0xc97b8b9b) addiw   s7, s7, -873
core   0: 1 0x0000000080005308 (0xc97b8b9b) x23 0xffffffffff77ec97
core   0: 0x000000008000530c (0x00000bba) c.slli  s7, 14
core   0: 1 0x000000008000530c (0x0bba) x23 0xffffffddfb25c000
core   0: 0x000000008000530e (0xa1cb8b93) addi    s7, s7, -1508
core   0: 1 0x000000008000530e (0xa1cb8b93) x23 0xffffffddfb25ba1c
core   0: 0x0000000080005312 (0x000a981b) slliw   a6, s5, 0
core   0: 1 0x0000000080005312 (0x000a981b) x16 0x0000000007ffffff
core   0: 0x0000000080005316 (0x00a4173b) sllw    a4, s0, a0
core   0: 1 0x0000000080005316 (0x00a4173b) x14 0xffffffffffffffff
core   0: 0x000000008000531a (0x412b093b) subw    s2, s6, s2
core   0: 1 0x000000008000531a (0x412b093b) x18 0xfffffffffffffb5e
core   0: 0x000000008000531e (0x028e72d3) fadd.d  ft5, ft8, fs0
core   0: 1 0x000000008000531e (0x028e72d3) f5  0x7ff8000000000000
core   0: 0x0000000080005322 (0x0121a833) slt     a6, gp, s2
core   0: 1 0x0000000080005322 (0x0121a833) x16 0x0000000000000001
core   0: 0x0000000080005326 (0x5fa50517) auipc   a0, 0x5fa50
core   0: 1 0x0000000080005326 (0x5fa50517) x10 0x00000000dfa55326
core   0: 0x000000008000532a (0xc22e7653) fcvt.l.d a2, ft8
core   0: 1 0x000000008000532a (0xc22e7653) c1_fflags 0x0000000000000011 x12 0x7fffffffffffffff
core   0: 0x000000008000532e (0x2b8af64b) fnmsub.d fa2, fs5, fs8, ft5
core   0: 1 0x000000008000532e (0x2b8af64b) f12 0x7ff8000000000000
core   0: 0x0000000080005332 (0x7ff67993) andi    s3, a2, 2047
core   0: 1 0x0000000080005332 (0x7ff67993) x19 0x00000000000007ff
core   0: 0x0000000080005336 (0x015e163b) sllw    a2, t3, s5
core   0: 1 0x0000000080005336 (0x015e163b) x12 0x0000000000000000
core   0: 0x000000008000533a (0xd0508e9b) addiw   t4, ra, -763
core   0: 1 0x000000008000533a (0xd0508e9b) x29 0xffffffff80003d19
core   0: 0x000000008000533e (0xc03e7453) fcvt.lu.s s0, ft8
core   0: 1 0x000000008000533e (0xc03e7453) c1_fflags 0x0000000000000011 x8  0xffffffffffffffff
core   0: 0x0000000080005342 (0x40f409bb) subw    s3, s0, a5
core   0: 1 0x0000000080005342 (0x40f409bb) x19 0x000000007fffad37
core   0: 0x0000000080005346 (0x40b4d4b3) sra     s1, s1, a1
core   0: 1 0x0000000080005346 (0x40b4d4b3) x9  0xffffffffffffffff
core   0: 0x000000008000534a (0x020383bb) mulw    t2, t2, zero
core   0: 1 0x000000008000534a (0x020383bb) x7  0x0000000000000000
core   0: 0x000000008000534e (0x03c39e33) mulh    t3, t2, t3
core   0: 1 0x000000008000534e (0x03c39e33) x28 0x0000000000000000
core   0: 0x0000000080005352 (0x40137f53) fcvt.s.d ft10, ft6
core   0: 1 0x0000000080005352 (0x40137f53) f30 0xffffffff7fc00000
core   0: 0x0000000080005356 (0xe91be213) ori     tp, s7, -367
core   0: 1 0x0000000080005356 (0xe91be213) x4  0xfffffffffffffe9d
core   0: 0x000000008000535a (0x01b096bb) sllw    a3, ra, s11
core   0: 1 0x000000008000535a (0x01b096bb) x13 0xffffffff80004014
core   0: 0x000000008000535e (0xd2170453) fcvt.d.wu fs0, a4
core   0: 1 0x000000008000535e (0xd2170453) f8  0x41efffffffe00000
core   0: 0x0000000080005362 (0x03d10a33) mul     s4, sp, t4
core   0: 1 0x0000000080005362 (0x03d10a33) x20 0x401fe16439c00000
core   0: 0x0000000080005366 (0x41250933) sub     s2, a0, s2
core   0: 1 0x0000000080005366 (0x41250933) x18 0x00000000dfa557c8
core   0: 0x000000008000536a (0x2b291e53) fmax.d  ft8, fs2, fs2
core   0: 1 0x000000008000536a (0x2b291e53) f28 0x41f516adfff00000
core   0: 0x000000008000536e (0x0039043b) addw    s0, s2, gp
core   0: 1 0x000000008000536e (0x0039043b) x8  0xffffffffdfa54fc8
core   0: 0x0000000080005372 (0xe20f0753) fmv.x.d a4, ft10
core   0: 1 0x0000000080005372 (0xe20f0753) x14 0xffffffff7fc00000
core   0: 0x0000000080005376 (0x00f76833) or      a6, a4, a5
core   0: 1 0x0000000080005376 (0x00f76833) x16 0xffffffffffc052c8
core   0: 0x000000008000537a (0x3ac0fec7) fmsub.d ft9, ft1, fa2, ft7
core   0: 1 0x000000008000537a (0x3ac0fec7) f29 0x7ff8000000000000
core   0: 0x000000008000537e (0x020ef1d3) fadd.d  ft3, ft9, ft0
core   0: 1 0x000000008000537e (0x020ef1d3) f3  0x7ff8000000000000
core   0: 0x0000000080005382 (0xc0207a53) fcvt.l.s s4, ft0
core   0: 1 0x0000000080005382 (0xc0207a53) c1_fflags 0x0000000000000011 x20 0x7fffffffffffffff
core   0: 0x0000000080005386 (0xf13bf8f3) csrrci  a7, mimpid, 23
core   0: exception trap_illegal_instruction, epc 0x0000000080005386
core   0:           tval 0x00000000f13bf8f3
core   0: >>>>  $xrv64i2p1_m2p0_a2p1_f2p2_d2p2_zicsr2p0_zifencei2p0_zmmul1p0_zba1p0_zbb1p0_zbc1p0_zbs1p0
core   0: 0x0000000080004000 (0x0080006f) j       pc + 0x8
core   0: 3 0x0000000080004000 (0x0080006f)
core   0: >>>>  mmode_exception_handler
core   0: 0x0000000080004008 (0x00002c17) auipc   s8, 0x2
core   0: 3 0x0000000080004008 (0x00002c17) x24 0x0000000080006008
core   0: 0x000000008000400c (0x034c0c13) addi    s8, s8, 52
core   0: 3 0x000000008000400c (0x034c0c13) x24 0x000000008000603c
core   0: 0x0000000080004010 (0x000c00e7) jalr    s8
core   0: 3 0x0000000080004010 (0x000c00e7) x1  0x0000000080004014
core   0: >>>>  any_handler
core   0: 0x000000008000603c (0x341027f3) csrrs   a5, mepc, zero
core   0: 3 0x000000008000603c (0x341027f3) x15 0x0000000080005386
core   0: 0x0000000080006040 (0x34202773) csrrs   a4, mcause, zero
core   0: 3 0x0000000080006040 (0x34202773) x14 0x0000000000000002
core   0: 0x0000000080006044 (0x142026f3) csrrs   a3, scause, zero
core   0: 3 0x0000000080006044 (0x142026f3) x13 0x0000000000000000
core   0: 0x0000000080006048 (0x30402673) csrrs   a2, mie, zero
core   0: 3 0x0000000080006048 (0x30402673) x12 0x0000000000000a00
core   0: 0x000000008000604c (0x344025f3) csrrs   a1, mip, zero
core   0: 3 0x000000008000604c (0x344025f3) x11 0x0000000000000080
core   0: 0x0000000080006050 (0x343025f3) csrrs   a1, mtval, zero
core   0: 3 0x0000000080006050 (0x343025f3) x11 0x00000000f13bf8f3
core   0: 0x0000000080006054 (0x14302573) csrrs   a0, stval, zero
core   0: 3 0x0000000080006054 (0x14302573) x10 0x0000000000000000
core   0: 0x0000000080006058 (0xb02024f3) csrrs   s1, minstret, zero
core   0: 3 0x0000000080006058 (0xb02024f3) x9  0x0000000000000e54
core   0: 0x000000008000605c (0x0000a811) c.j     pc + 20
core   0: 3 0x000000008000605c (0xa811)
core   0: >>>>  mepc_4
core   0: 0x0000000080006070 (0x00000791) c.addi  a5, 4
core   0: 3 0x0000000080006070 (0x0791) x15 0x000000008000538a
core   0: 0x0000000080006072 (0x34179073) csrrw   zero, mepc, a5
core   0: 3 0x0000000080006072 (0x34179073) c833_mepc 0x000000008000538a
core   0: 0x0000000080006076 (0x30200073) mret
core   0: 3 0x0000000080006076 (0x30200073) c768_mstatus 0x8000000a00106080
core   0: 0x000000008000538a (0x002026f3) csrrs   a3, frm, zero
core   0: 1 0x000000008000538a (0x002026f3) x13 0x0000000000000000
core   0: 0x000000008000538e (0x9e2b0b1b) addiw   s6, s6, -1566
core   0: 1 0x000000008000538e (0x9e2b0b1b) x22 0xfffffffffffff540
core   0: 0x0000000080005392 (0x03f5d713) srli    a4, a1, 63
core   0: 1 0x0000000080005392 (0x03f5d713) x14 0x0000000000000000
core   0: 0x0000000080005396 (0x144fe173) csrrsi  sp, sip, 31
core   0: 1 0x0000000080005396 (0x144fe173) x2  0x0000000000000000 c836_mip 0x0000000000000080
core   0: 0x000000008000539a (0x02e14cb3) div     s9, sp, a4
core   0: 1 0x000000008000539a (0x02e14cb3) x25 0xffffffffffffffff
core   0: 0x000000008000539e (0x00000001) c.nop
core   0: 1 0x000000008000539e (0x0001)
core   0: 0x00000000800053a0 (0x03ac76b3) remu    a3, s8, s10
core   0: 1 0x00000000800053a0 (0x03ac76b3) x13 0x000000008000603c
core   0: 0x00000000800053a4 (0xc02c7853) fcvt.l.s a6, fs8
core   0: 1 0x00000000800053a4 (0xc02c7853) c1_fflags 0x0000000000000011 x16 0x7fffffffffffffff
core   0: 0x00000000800053a8 (0x0185533b) srlw    t1, a0, s8
core   0: 1 0x00000000800053a8 (0x0185533b) x6  0x0000000000000000
core   0: 0x00000000800053ac (0x030c7533) remu    a0, s8, a6
core   0: 1 0x00000000800053ac (0x030c7533) x10 0x000000008000603c
core   0: 0x00000000800053b0 (0x03876e33) rem     t3, a4, s8
core   0: 1 0x00000000800053b0 (0x03876e33) x28 0x0000000000000000
core   0: 0x00000000800053b4 (0xb1d16913) ori     s2, sp, -1251
core   0: 1 0x00000000800053b4 (0xb1d16913) x18 0xfffffffffffffb1d
core   0: 0x00000000800053b8 (0x00171773) csrrw   a4, fflags, a4
core   0: 1 0x00000000800053b8 (0x00171773) x14 0x0000000000000011 c1_fflags 0x0000000000000000
core   0: 0x00000000800053bc (0x03de7053) fadd.d  ft0, ft8, ft9
core   0: 1 0x00000000800053bc (0x03de7053) f0  0x7ff8000000000000
core   0: 0x00000000800053c0 (0x4044d333) sra     t1, s1, tp
core   0: 1 0x00000000800053c0 (0x4044d333) x6  0x0000000000000000
core   0: 0x00000000800053c4 (0xd2150bd3) fcvt.d.wu fs7, a0
core   0: 1 0x00000000800053c4 (0xd2150bd3) f23 0x41e0000c07800000
core   0: 0x00000000800053c8 (0x409257b3) sra     a5, tp, s1
core   0: 1 0x00000000800053c8 (0x409257b3) x15 0xffffffffffffffff
core   0: 0x00000000800053cc (0x0333b4b3) mulhu   s1, t2, s3
core   0: 1 0x00000000800053cc (0x0333b4b3) x9  0x0000000000000000
core   0: 0x00000000800053d0 (0x12e773d3) fmul.d  ft7, fa4, fa4
core   0: 1 0x00000000800053d0 (0x12e773d3) f7  0x40d4d10000000000
core   0: 0x00000000800053d4 (0xd220fd53) fcvt.d.l fs10, ra
core   0: 1 0x00000000800053d4 (0xd220fd53) f26 0x41e0000802800000
core   0: 0x00000000800053d8 (0x0ff0000f) fence   iorw,iorw
core   0: 1 0x00000000800053d8 (0x0ff0000f)
core   0: 0x00000000800053dc (0x40f4d2b3) sra     t0, s1, a5
core   0: 1 0x00000000800053dc (0x40f4d2b3) x5  0x0000000000000000
core   0: 0x00000000800053e0 (0x91b1c193) xori    gp, gp, -1765
core   0: 1 0x00000000800053e0 (0x91b1c193) x3  0x000000000000011b
core   0: 0x00000000800053e4 (0x23a20953) fsgnj.d fs2, ft4, fs10
core   0: 1 0x00000000800053e4 (0x23a20953) f18 0x3ff0000000000000
core   0: 0x00000000800053e8 (0xd2048953) fcvt.d.w fs2, s1
core   0: 1 0x00000000800053e8 (0xd2048953) f18 0x0000000000000000
core   0: 0x00000000800053ec (0x1325f053) fmul.d  ft0, fa1, fs2
core   0: 1 0x00000000800053ec (0x1325f053) f0  0x7ff8000000000000
core   0: 0x00000000800053f0 (0x039ccdb3) div     s11, s9, s9
core   0: 1 0x00000000800053f0 (0x039ccdb3) x27 0x0000000000000001
core   0: 0x00000000800053f4 (0x000cdb13) srli    s6, s9, 0
core   0: 1 0x00000000800053f4 (0x000cdb13) x22 0xffffffffffffffff
core   0: 0x00000000800053f8 (0x00d685bb) addw    a1, a3, a3
core   0: 1 0x00000000800053f8 (0x00d685bb) x11 0x000000000000c078
core   0: 0x00000000800053fc (0x0196a333) slt     t1, a3, s9
core   0: 1 0x00000000800053fc (0x0196a333) x6  0x0000000000000000
core   0: 0x0000000080005400 (0x00000001) c.nop
core   0: 1 0x0000000080005400 (0x0001)
core   0: 0x0000000080005402 (0x4005db93) srai    s7, a1, 0
core   0: 1 0x0000000080005402 (0x4005db93) x23 0x000000000000c078
core   0: 0x0000000080005406 (0x42038a53) fcvt.d.s fs4, ft7
core   0: 1 0x0000000080005406 (0x42038a53) f20 0x7ff8000000000000
core   0: 0x000000008000540a (0x41d7db1b) sraiw   s6, a5, 29
core   0: 1 0x000000008000540a (0x41d7db1b) x22 0xffffffffffffffff
core   0: 0x000000008000540e (0x030b6cbb) remw    s9, s6, a6
core   0: 1 0x000000008000540e (0x030b6cbb) x25 0x0000000000000000
core   0: 0x0000000080005412 (0xf20307d3) fmv.d.x fa5, t1
core   0: 1 0x0000000080005412 (0xf20307d3) f15 0x0000000000000000
core   0: 0x0000000080005416 (0x01f81a9b) slliw   s5, a6, 31
core   0: 1 0x0000000080005416 (0x01f81a9b) x21 0xffffffff80000000
core   0: 0x000000008000541a (0x019ace33) xor     t3, s5, s9
core   0: 1 0x000000008000541a (0x019ace33) x28 0xffffffff80000000
core   0: 0x000000008000541e (0x1235f5d3) fmul.d  fa1, fa1, ft3
core   0: 1 0x000000008000541e (0x1235f5d3) f11 0x7ff8000000000000
core   0: 0x0000000080005422 (0xd2337e53) fcvt.d.lu ft8, t1
core   0: 1 0x0000000080005422 (0xd2337e53) f28 0x0000000000000000
core   0: 0x0000000080005426 (0x0ff0000f) fence   iorw,iorw
core   0: 1 0x0000000080005426 (0x0ff0000f)
core   0: 0x000000008000542a (0x226ca9d3) fsgnjx.d fs3, fs9, ft6
core   0: 1 0x000000008000542a (0x226ca9d3) f19 0x7ff8000000000000
core   0: 0x000000008000542e (0x33bb7ec3) fmadd.d ft9, fs6, fs11, ft6
core   0: 1 0x000000008000542e (0x33bb7ec3) f29 0x7ff8000000000000
core   0: 0x0000000080005432 (0x03574a3b) divw    s4, a4, s5
core   0: 1 0x0000000080005432 (0x03574a3b) x20 0x0000000000000000
core   0: 0x0000000080005436 (0x401e521b) sraiw   tp, t3, 1
core   0: 1 0x0000000080005436 (0x401e521b) x4  0xffffffffc0000000
core   0: 0x000000008000543a (0xd8e74293) xori    t0, a4, -626
core   0: 1 0x000000008000543a (0xd8e74293) x5  0xfffffffffffffd9f
core   0: 0x000000008000543e (0x00521ebb) sllw    t4, tp, t0
core   0: 1 0x000000008000543e (0x00521ebb) x29 0x0000000000000000
core   0: 0x0000000080005442 (0x01369e93) slli    t4, a3, 19
core   0: 1 0x0000000080005442 (0x01369e93) x29 0x0004000301e00000
core   0: 0x0000000080005446 (0xc20ef9d3) fcvt.w.d s3, ft9
core   0: 1 0x0000000080005446 (0xc20ef9d3) c1_fflags 0x0000000000000010 x19 0x000000007fffffff
core   0: 0x000000008000544a (0x4206dd93) srai    s11, a3, 32
core   0: 1 0x000000008000544a (0x4206dd93) x27 0x0000000000000000
core   0: 0x000000008000544e (0x01d551bb) srlw    gp, a0, t4
core   0: 1 0x000000008000544e (0x01d551bb) x3  0xffffffff8000603c
core   0: 0x0000000080005452 (0x0339c0b3) div     ra, s3, s3
core   0: 1 0x0000000080005452 (0x0339c0b3) x1  0x0000000000000001
core   0: 0x0000000080005456 (0x00202873) csrrs   a6, frm, zero
core   0: 1 0x0000000080005456 (0x00202873) x16 0x0000000000000000
core   0: 0x000000008000545a (0x6c614993) xori    s3, sp, 1734
core   0: 1 0x000000008000545a (0x6c614993) x19 0x00000000000006c6
core   0: 0x000000008000545e (0xffb88eb7) lui     t4, 0xffb88
core   0: 1 0x000000008000545e (0xffb88eb7) x29 0xffffffffffb88000
core   0: 0x0000000080005462 (0x085e8e9b) addiw   t4, t4, 133
core   0: 1 0x0000000080005462 (0x085e8e9b) x29 0xffffffffffb88085
core   0: 0x0000000080005466 (0x00000eb2) c.slli  t4, 12
core   0: 1 0x0000000080005466 (0x0eb2) x29 0xfffffffb88085000
core   0: 0x0000000080005468 (0x00001ec1) c.addi  t4, -16
core   0: 1 0x0000000080005468 (0x1ec1) x29 0xfffffffb88084ff0
core   0: 0x000000008000546a (0x0336c1b3) div     gp, a3, s3
core   0: 1 0x000000008000546a (0x0336c1b3) x3  0x000000000012e5c6
core   0: 0x000000008000546e (0x03f61493) slli    s1, a2, 63
core   0: 1 0x000000008000546e (0x03f61493) x9  0x0000000000000000
core   0: 0x0000000080005472 (0x2bff95d3) fmax.d  fa1, ft11, ft11
core   0: 1 0x0000000080005472 (0x2bff95d3) f11 0x7ff8000000000000
core   0: 0x0000000080005476 (0xfb537593) andi    a1, t1, -75
core   0: 1 0x0000000080005476 (0xfb537593) x11 0x0000000000000000
core   0: 0x000000008000547a (0x02b4e63b) remw    a2, s1, a1
core   0: 1 0x000000008000547a (0x02b4e63b) x12 0x0000000000000000
core   0: 0x000000008000547e (0x0130153b) sllw    a0, zero, s3
core   0: 1 0x000000008000547e (0x0130153b) x10 0x0000000000000000
core   0: 0x0000000080005482 (0xa27c80d3) fle.d   ra, fs9, ft7
core   0: 1 0x0000000080005482 (0xa27c80d3) c1_fflags 0x0000000000000010 x1  0x0000000000000000
core   0: 0x0000000080005486 (0x00002201) c.addiw tp, 0
core   0: 1 0x0000000080005486 (0x2201) x4  0xffffffffc0000000
core   0: 0x0000000080005488 (0xd20682d3) fcvt.d.w ft5, a3
core   0: 1 0x0000000080005488 (0xd20682d3) f5  0xc1dfffe7f1000000
core   0: 0x000000008000548c (0x401976d3) fcvt.s.d fa3, fs2
core   0: 1 0x000000008000548c (0x401976d3) f13 0xffffffff00000000
core   0: 0x0000000080005490 (0xcb837ac7) fmsub.d fs5, ft6, fs8, fs9
core   0: 1 0x0000000080005490 (0xcb837ac7) f21 0x7ff8000000000000
core   0: 0x0000000080005494 (0x03a0fab3) remu    s5, ra, s10
core   0: 1 0x0000000080005494 (0x03a0fab3) x21 0x0000000000000000
core   0: 0x0000000080005498 (0xd2138f53) fcvt.d.wu ft10, t2
core   0: 1 0x0000000080005498 (0xd2138f53) f30 0x0000000000000000
core   0: 0x000000008000549c (0x415084b3) sub     s1, ra, s5
core   0: 1 0x000000008000549c (0x415084b3) x9  0x0000000000000000
core   0: 0x00000000800054a0 (0x0014999b) slliw   s3, s1, 1
core   0: 1 0x00000000800054a0 (0x0014999b) x19 0x0000000000000000
core   0: 0x00000000800054a4 (0x038c4833) div     a6, s8, s8
core   0: 1 0x00000000800054a4 (0x038c4833) x16 0x0000000000000001
core   0: 0x00000000800054a8 (0xf20e03d3) fmv.d.x ft7, t3
core   0: 1 0x00000000800054a8 (0xf20e03d3) f7  0xffffffff80000000
core   0: 0x00000000800054ac (0xfff98d9b) addiw   s11, s3, -1
core   0: 1 0x00000000800054ac (0xfff98d9b) x27 0xffffffffffffffff
core   0: 0x00000000800054b0 (0xde180693) addi    a3, a6, -543
core   0: 1 0x00000000800054b0 (0xde180693) x13 0xfffffffffffffde2
core   0: 0x00000000800054b4 (0x43fbd793) srai    a5, s7, 63
core   0: 1 0x00000000800054b4 (0x43fbd793) x15 0x0000000000000000
core   0: 0x00000000800054b8 (0xd033fb53) fcvt.s.lu fs6, t2
core   0: 1 0x00000000800054b8 (0xd033fb53) f22 0xffffffff00000000
core   0: 0x00000000800054bc (0x0174db3b) srlw    s6, s1, s7
core   0: 1 0x00000000800054bc (0x0174db3b) x22 0x0000000000000000
core   0: 0x00000000800054c0 (0x40015233) sra     tp, sp, zero
core   0: 1 0x00000000800054c0 (0x40015233) x4  0x0000000000000000
core   0: 0x00000000800054c4 (0xdb367c43) fmadd.d fs8, fa2, fs3, fs11
core   0: 1 0x00000000800054c4 (0xdb367c43) f24 0x7ff8000000000000
core   0: 0x00000000800054c8 (0xd035f3d3) fcvt.s.lu ft7, a1
core   0: 1 0x00000000800054c8 (0xd035f3d3) f7  0xffffffff00000000
core   0: 0x00000000800054cc (0x0b3d6d13) ori     s10, s10, 179
core   0: 1 0x00000000800054cc (0x0b3d6d13) x26 0x7fffffffffffffff
core   0: 0x00000000800054d0 (0x01a78333) add     t1, a5, s10
core   0: 1 0x00000000800054d0 (0x01a78333) x6  0x7fffffffffffffff
core   0: 0x00000000800054d4 (0xd037fbd3) fcvt.s.lu fs7, a5
core   0: 1 0x00000000800054d4 (0xd037fbd3) f23 0xffffffff00000000
core   0: 0x00000000800054d8 (0xc22bf0d3) fcvt.l.d ra, fs7
core   0: 1 0x00000000800054d8 (0xc22bf0d3) c1_fflags 0x0000000000000010 x1  0x7fffffffffffffff
core   0: 0x00000000800054dc (0xf2008c53) fmv.d.x fs8, ra
core   0: 1 0x00000000800054dc (0xf2008c53) f24 0x7fffffffffffffff
core   0: 0x00000000800054e0 (0x4155813b) subw    sp, a1, s5
core   0: 1 0x00000000800054e0 (0x4155813b) x2  0x0000000000000000
core   0: 0x00000000800054e4 (0x00102773) csrrs   a4, fflags, zero
core   0: 1 0x00000000800054e4 (0x00102773) x14 0x0000000000000010
core   0: 0x00000000800054e8 (0xc23ef953) fcvt.lu.d s2, ft9
core   0: 1 0x00000000800054e8 (0xc23ef953) c1_fflags 0x0000000000000010 x18 0xffffffffffffffff
core   0: 0x00000000800054ec (0x412d81bb) subw    gp, s11, s2
core   0: 1 0x00000000800054ec (0x412d81bb) x3  0x0000000000000000
core   0: 0x00000000800054f0 (0x037df13b) remuw   sp, s11, s7
core   0: 1 0x00000000800054f0 (0x037df13b) x2  0x00000000000063ff
core   0: 0x00000000800054f4 (0x00000001) c.nop
core   0: 1 0x00000000800054f4 (0x0001)
core   0: 0x00000000800054f6 (0x406701bb) subw    gp, a4, t1
core   0: 1 0x00000000800054f6 (0x406701bb) x3  0x0000000000000011
core   0: 0x00000000800054fa (0x00e773b3) and     t2, a4, a4
core   0: 1 0x00000000800054fa (0x00e773b3) x7  0x0000000000000010
core   0: 0x00000000800054fe (0x00636533) or      a0, t1, t1
core   0: 1 0x00000000800054fe (0x00636533) x10 0x7fffffffffffffff
core   0: 0x0000000080005502 (0x51b1c693) xori    a3, gp, 1307
core   0: 1 0x0000000080005502 (0x51b1c693) x13 0x000000000000050a
core   0: 0x0000000080005506 (0x00008596) c.mv    a1, t0
core   0: 1 0x0000000080005506 (0x8596) x11 0xfffffffffffffd9f
core   0: 0x0000000080005508 (0x0013c393) xori    t2, t2, 1
core   0: 1 0x0000000080005508 (0x0013c393) x7  0x0000000000000011
core   0: 0x000000008000550c (0xf145a7f3) csrrs   a5, mhartid, a1
core   0: exception trap_illegal_instruction, epc 0x000000008000550c
core   0:           tval 0x00000000f145a7f3
core   0: >>>>  $xrv64i2p1_m2p0_a2p1_f2p2_d2p2_zicsr2p0_zifencei2p0_zmmul1p0_zba1p0_zbb1p0_zbc1p0_zbs1p0
core   0: 0x0000000080004000 (0x0080006f) j       pc + 0x8
core   0: 3 0x0000000080004000 (0x0080006f)
core   0: >>>>  mmode_exception_handler
core   0: 0x0000000080004008 (0x00002c17) auipc   s8, 0x2
core   0: 3 0x0000000080004008 (0x00002c17) x24 0x0000000080006008
core   0: 0x000000008000400c (0x034c0c13) addi    s8, s8, 52
core   0: 3 0x000000008000400c (0x034c0c13) x24 0x000000008000603c
core   0: 0x0000000080004010 (0x000c00e7) jalr    s8
core   0: 3 0x0000000080004010 (0x000c00e7) x1  0x0000000080004014
core   0: >>>>  any_handler
core   0: 0x000000008000603c (0x341027f3) csrrs   a5, mepc, zero
core   0: 3 0x000000008000603c (0x341027f3) x15 0x000000008000550c
core   0: 0x0000000080006040 (0x34202773) csrrs   a4, mcause, zero
core   0: 3 0x0000000080006040 (0x34202773) x14 0x0000000000000002
core   0: 0x0000000080006044 (0x142026f3) csrrs   a3, scause, zero
core   0: 3 0x0000000080006044 (0x142026f3) x13 0x0000000000000000
core   0: 0x0000000080006048 (0x30402673) csrrs   a2, mie, zero
core   0: 3 0x0000000080006048 (0x30402673) x12 0x0000000000000a00
core   0: 0x000000008000604c (0x344025f3) csrrs   a1, mip, zero
core   0: 3 0x000000008000604c (0x344025f3) x11 0x0000000000000080
core   0: 0x0000000080006050 (0x343025f3) csrrs   a1, mtval, zero
core   0: 3 0x0000000080006050 (0x343025f3) x11 0x00000000f145a7f3
core   0: 0x0000000080006054 (0x14302573) csrrs   a0, stval, zero
core   0: 3 0x0000000080006054 (0x14302573) x10 0x0000000000000000
core   0: 0x0000000080006058 (0xb02024f3) csrrs   s1, minstret, zero
core   0: 3 0x0000000080006058 (0xb02024f3) x9  0x0000000000000ec8
core   0: 0x000000008000605c (0x0000a811) c.j     pc + 20
core   0: 3 0x000000008000605c (0xa811)
core   0: >>>>  mepc_4
core   0: 0x0000000080006070 (0x00000791) c.addi  a5, 4
core   0: 3 0x0000000080006070 (0x0791) x15 0x0000000080005510
core   0: 0x0000000080006072 (0x34179073) csrrw   zero, mepc, a5
core   0: 3 0x0000000080006072 (0x34179073) c833_mepc 0x0000000080005510
core   0: 0x0000000080006076 (0x30200073) mret
core   0: 3 0x0000000080006076 (0x30200073) c768_mstatus 0x8000000a00106080
core   0: 0x0000000080005510 (0x00b7cab3) xor     s5, a5, a1
core   0: 1 0x0000000080005510 (0x00b7cab3) x21 0x000000007145f2e3
core   0: 0x0000000080005514 (0x00f78a3b) addw    s4, a5, a5
core   0: 1 0x0000000080005514 (0x00f78a3b) x20 0x000000000000aa20
core   0: 0x0000000080005518 (0x03084833) div     a6, a6, a6
core   0: 1 0x0000000080005518 (0x03084833) x16 0x0000000000000001
core   0: 0x000000008000551c (0xcb03f413) andi    s0, t2, -848
core   0: 1 0x000000008000551c (0xcb03f413) x8  0x0000000000000010
core   0: 0x0000000080005520 (0xd023f853) fcvt.s.l fa6, t2
core   0: 1 0x0000000080005520 (0xd023f853) f16 0xffffffff41880000
core   0: 0x0000000080005524 (0x4361f8b7) lui     a7, 0x4361f
core   0: 1 0x0000000080005524 (0x4361f8b7) x17 0x000000004361f000
core   0: 0x0000000080005528 (0x412884b3) sub     s1, a7, s2
core   0: 1 0x0000000080005528 (0x412884b3) x9  0x000000004361f001
core   0: 0x000000008000552c (0x02976233) rem     tp, a4, s1
core   0: 1 0x000000008000552c (0x02976233) x4  0x0000000000000002
core   0: 0x0000000080005530 (0xd024fb53) fcvt.s.l fs6, s1
core   0: 1 0x0000000080005530 (0xd024fb53) c1_fflags 0x0000000000000011 f22 0xffffffff4e86c3e0
core   0: 0x0000000080005534 (0xdb0b7dcf) fnmadd.d fs11, fs6, fa6, fs11
core   0: 1 0x0000000080005534 (0xdb0b7dcf) f27 0x7ff8000000000000
core   0: 0x0000000080005538 (0x001024f3) csrrs   s1, fflags, zero
core   0: 1 0x0000000080005538 (0x001024f3) x9  0x0000000000000011
core   0: 0x000000008000553c (0x0003901b) slliw   zero, t2, 0
core   0: 1 0x000000008000553c (0x0003901b)
core   0: 0x0000000080005540 (0xc0217353) fcvt.l.s t1, ft2
core   0: 1 0x0000000080005540 (0xc0217353) x6  0x00000000000006db
core   0: 0x0000000080005544 (0xd230fe53) fcvt.d.lu ft8, ra
core   0: 1 0x0000000080005544 (0xd230fe53) f28 0x41e0000802800000
core   0: 0x0000000080005548 (0x03d01433) mulh    s0, zero, t4
core   0: 1 0x0000000080005548 (0x03d01433) x8  0x0000000000000000
core   0: 0x000000008000554c (0x4182823b) subw    tp, t0, s8
core   0: 1 0x000000008000554c (0x4182823b) x4  0x000000007fff9d63
core   0: 0x0000000080005550 (0x0ff0000f) fence   iorw,iorw
core   0: 1 0x0000000080005550 (0x0ff0000f)
core   0: 0x0000000080005554 (0x9add70c7) fmsub.d ft1, fs10, fa3, fs3
core   0: 1 0x0000000080005554 (0x9add70c7) f1  0x7ff8000000000000
core   0: 0x0000000080005558 (0xd9b20513) addi    a0, tp, -613
core   0: 1 0x0000000080005558 (0xd9b20513) x10 0x000000007fff9afe
core   0: 0x000000008000555c (0xfbf01db7) lui     s11, 0xfbf01
core   0: 1 0x000000008000555c (0xfbf01db7) x27 0xfffffffffbf01000
core   0: 0x0000000080005560 (0x41c15e93) srai    t4, sp, 28
core   0: 1 0x0000000080005560 (0x41c15e93) x29 0x0000000000000000
core   0: 0x0000000080005564 (0x036dd8bb) divuw   a7, s11, s6
core   0: 1 0x0000000080005564 (0x036dd8bb) x17 0xffffffffffffffff
core   0: 0x0000000080005568 (0x0ad97fd3) fsub.d  ft11, fs2, fa3
core   0: 1 0x0000000080005568 (0x0ad97fd3) f31 0x7ff8000000000000
core   0: 0x000000008000556c (0x01b9023b) addw    tp, s2, s11
core   0: 1 0x000000008000556c (0x01b9023b) x4  0xfffffffffbf00fff
core   0: 0x0000000080005570 (0x7bfff347) fmsub.d ft6, ft11, ft11, fa5
core   0: 1 0x0000000080005570 (0x7bfff347) f6  0x7ff8000000000000
core   0: 0x0000000080005574 (0x0075d59b) srliw   a1, a1, 7
core   0: 1 0x0000000080005574 (0x0075d59b) x11 0x0000000001e28b4f
core   0: 0x0000000080005578 (0x2af21bd3) fmax.d  fs7, ft4, fa5
core   0: 1 0x0000000080005578 (0x2af21bd3) f23 0x0000000000000000
core   0: 0x000000008000557c (0xc02bf2d3) fcvt.l.s t0, fs7
core   0: 1 0x000000008000557c (0xc02bf2d3) c1_fflags 0x0000000000000011 x5  0x7fffffffffffffff
core   0: 0x0000000080005580 (0x42030cd3) fcvt.d.s fs9, ft6
core   0: 1 0x0000000080005580 (0x42030cd3) f25 0x7ff8000000000000
core   0: 0x0000000080005584 (0x2bdc0c53) fmin.d  fs8, fs8, ft9
core   0: 1 0x0000000080005584 (0x2bdc0c53) f24 0x7ff8000000000000
core   0: 0x0000000080005588 (0x036e7e33) remu    t3, t3, s6
core   0: 1 0x0000000080005588 (0x036e7e33) x28 0xffffffff80000000
core   0: 0x000000008000558c (0x40d4db3b) sraw    s6, s1, a3
core   0: 1 0x000000008000558c (0x40d4db3b) x22 0x0000000000000011
core   0: 0x0000000080005590 (0x1b24f953) fdiv.d  fs2, fs1, fs2
core   0: 1 0x0000000080005590 (0x1b24f953) f18 0x7ff8000000000000
core   0: 0x0000000080005594 (0x0ff0000f) fence   iorw,iorw
core   0: 1 0x0000000080005594 (0x0ff0000f)
core   0: 0x0000000080005598 (0x000096d9) c.srai  a3, 54
core   0: 1 0x0000000080005598 (0x96d9) x13 0x0000000000000000
core   0: 0x000000008000559a (0xd20d0ed3) fcvt.d.w ft9, s10
core   0: 1 0x000000008000559a (0xd20d0ed3) f29 0xbff0000000000000
core   0: 0x000000008000559e (0x4253da13) srai    s4, t2, 37
core   0: 1 0x000000008000559e (0x4253da13) x20 0x0000000000000000
core   0: 0x00000000800055a2 (0x00102273) csrrs   tp, fflags, zero
core   0: 1 0x00000000800055a2 (0x00102273) x4  0x0000000000000011
core   0: 0x00000000800055a6 (0xeb71fbc7) fmsub.d fs7, ft3, fs7, ft9
core   0: 1 0x00000000800055a6 (0xeb71fbc7) f23 0x7ff8000000000000
core   0: 0x00000000800055aa (0x00a1d53b) srlw    a0, gp, a0
core   0: 1 0x00000000800055aa (0x00a1d53b) x10 0x0000000000000000
core   0: 0x00000000800055ae (0x41b95e3b) sraw    t3, s2, s11
core   0: 1 0x00000000800055ae (0x41b95e3b) x28 0xffffffffffffffff
core   0: 0x00000000800055b2 (0x0002d31b) srliw   t1, t0, 0
core   0: 1 0x00000000800055b2 (0x0002d31b) x6  0xffffffffffffffff
core   0: 0x00000000800055b6 (0x0116931b) slliw   t1, a3, 17
core   0: 1 0x00000000800055b6 (0x0116931b) x6  0x0000000000000000
core   0: 0x00000000800055ba (0x0ff0000f) fence   iorw,iorw
core   0: 1 0x00000000800055ba (0x0ff0000f)
core   0: 0x00000000800055be (0x401bfdd3) fcvt.s.d fs11, fs7
core   0: 1 0x00000000800055be (0x401bfdd3) f27 0xffffffff7fc00000
core   0: 0x00000000800055c2 (0x00000001) c.nop
core   0: 1 0x00000000800055c2 (0x0001)
core   0: 0x00000000800055c4 (0xdb16f6cf) fnmadd.d fa3, fa3, fa7, fs11
core   0: 1 0x00000000800055c4 (0xdb16f6cf) f13 0x7ff8000000000000
core   0: 0x00000000800055c8 (0x001ddd93) srli    s11, s11, 1
core   0: 1 0x00000000800055c8 (0x001ddd93) x27 0x7ffffffffdf80800
core   0: 0x00000000800055cc (0x406dd03b) sraw    zero, s11, t1
core   0: 1 0x00000000800055cc (0x406dd03b)
core   0: 0x00000000800055d0 (0x03b7cbbb) divw    s7, a5, s11
core   0: 1 0x00000000800055d0 (0x03b7cbbb) x23 0x000000000000003f
core   0: 0x00000000800055d4 (0x039bf333) remu    t1, s7, s9
core   0: 1 0x00000000800055d4 (0x039bf333) x6  0x000000000000003f
core   0: 0x00000000800055d8 (0xd03470d3) fcvt.s.lu ft1, s0
core   0: 1 0x00000000800055d8 (0xd03470d3) f1  0xffffffff00000000
core   0: 0x00000000800055dc (0x000c129b) slliw   t0, s8, 0
core   0: 1 0x00000000800055dc (0x000c129b) x5  0xffffffff8000603c
core   0: 0x00000000800055e0 (0x4197863b) subw    a2, a5, s9
core   0: 1 0x00000000800055e0 (0x4197863b) x12 0xffffffff80005510
core   0: 0x00000000800055e4 (0x00d596bb) sllw    a3, a1, a3
core   0: 1 0x00000000800055e4 (0x00d596bb) x13 0x0000000001e28b4f
core   0: 0x00000000800055e8 (0x41b6de1b) sraiw   t3, a3, 27
core   0: 1 0x00000000800055e8 (0x41b6de1b) x28 0x0000000000000000
core   0: 0x00000000800055ec (0x8304fecf) fnmadd.d ft9, fs1, fa6, fa6
core   0: 1 0x00000000800055ec (0x8304fecf) f29 0x7ff8000000000000
core   0: 0x00000000800055f0 (0x0b7df4d3) fsub.d  fs1, fs11, fs7
core   0: 1 0x00000000800055f0 (0x0b7df4d3) f9  0x7ff8000000000000
core   0: 0x00000000800055f4 (0x40b65833) sra     a6, a2, a1
core   0: 1 0x00000000800055f4 (0x40b65833) x16 0xffffffffffff0000
core   0: 0x00000000800055f8 (0x4345c793) xori    a5, a1, 1076
core   0: 1 0x00000000800055f8 (0x4345c793) x15 0x0000000001e28f7b
core   0: 0x00000000800055fc (0xf2078653) fmv.d.x fa2, a5
core   0: 1 0x00000000800055fc (0xf2078653) f12 0x0000000001e28f7b
core   0: 0x0000000080005600 (0x00da00bb) addw    ra, s4, a3
core   0: 1 0x0000000080005600 (0x00da00bb) x1  0x0000000001e28b4f
core   0: 0x0000000080005604 (0x001311bb) sllw    gp, t1, ra
core   0: 1 0x0000000080005604 (0x001311bb) x3  0x00000000001f8000
core   0: 0x0000000080005608 (0x00119ef3) csrrw   t4, fflags, gp
core   0: 1 0x0000000080005608 (0x00119ef3) x29 0x0000000000000011 c1_fflags 0x0000000000000000
core   0: 0x000000008000560c (0x23d80fd3) fsgnj.d ft11, fa6, ft9
core   0: 1 0x000000008000560c (0x23d80fd3) f31 0x7fffffff41880000
core   0: 0x0000000080005610 (0x40117bd3) fcvt.s.d fs7, ft2
core   0: 1 0x0000000080005610 (0x40117bd3) f23 0xffffffff7fc00000
core   0: 0x0000000080005614 (0xd02efcd3) fcvt.s.l fs9, t4
core   0: 1 0x0000000080005614 (0xd02efcd3) f25 0xffffffff41880000
core   0: 0x0000000080005618 (0x0c110493) addi    s1, sp, 193
core   0: 1 0x0000000080005618 (0x0c110493) x9  0x00000000000064c0
core   0: 0x000000008000561c (0x009707b3) add     a5, a4, s1
core   0: 1 0x000000008000561c (0x009707b3) x15 0x00000000000064c2
core   0: 0x0000000080005620 (0x227b12d3) fsgnjn.d ft5, fs6, ft7
core   0: 1 0x0000000080005620 (0x227b12d3) f5  0x7fffffff4e86c3e0
core   0: 0x0000000080005624 (0x0340e5b3) rem     a1, ra, s4
core   0: 1 0x0000000080005624 (0x0340e5b3) x11 0x0000000001e28b4f
core   0: 0x0000000080005628 (0xebc58d13) addi    s10, a1, -324
core   0: 1 0x0000000080005628 (0xebc58d13) x26 0x0000000001e28a0b
core   0: 0x000000008000562c (0x406c593b) sraw    s2, s8, t1
core   0: 1 0x000000008000562c (0x406c593b) x18 0xffffffffffffffff
core   0: 0x0000000080005630 (0x43494213) xori    tp, s2, 1076
core   0: 1 0x0000000080005630 (0x43494213) x4  0xfffffffffffffbcb
core   0: 0x0000000080005634 (0x001d8d1b) addiw   s10, s11, 1
core   0: 1 0x0000000080005634 (0x001d8d1b) x26 0xfffffffffdf80801
core   0: 0x0000000080005638 (0x411883bb) subw    t2, a7, a7
core   0: 1 0x0000000080005638 (0x411883bb) x7  0x0000000000000000
core   0: 0x000000008000563c (0xc20a7853) fcvt.w.d a6, fs4
core   0: 1 0x000000008000563c (0xc20a7853) c1_fflags 0x0000000000000010 x16 0x000000007fffffff
core   0: 0x0000000080005640 (0x01352533) slt     a0, a0, s3
core   0: 1 0x0000000080005640 (0x01352533) x10 0x0000000000000000
core   0: 0x0000000080005644 (0x5a0cf853) fsqrt.d fa6, fs9
core   0: 1 0x0000000080005644 (0x5a0cf853) f16 0x7ff8000000000000
core   0: 0x0000000080005648 (0x419308b3) sub     a7, t1, s9
core   0: 1 0x0000000080005648 (0x419308b3) x17 0x000000000000003f
core   0: 0x000000008000564c (0x00085193) srli    gp, a6, 0
core   0: 1 0x000000008000564c (0x00085193) x3  0x000000007fffffff
core   0: 0x0000000080005650 (0x00000001) c.nop
core   0: 1 0x0000000080005650 (0x0001)
core   0: 0x0000000080005652 (0x00000001) c.nop
core   0: 1 0x0000000080005652 (0x0001)
core   0: 0x0000000080005654 (0x01399d3b) sllw    s10, s3, s3
core   0: 1 0x0000000080005654 (0x01399d3b) x26 0x0000000000000000
core   0: 0x0000000080005658 (0x40cd053b) subw    a0, s10, a2
core   0: 1 0x0000000080005658 (0x40cd053b) x10 0x000000007fffaaf0
core   0: 0x000000008000565c (0xd2180253) fcvt.d.wu ft4, a6
core   0: 1 0x000000008000565c (0xd2180253) f4  0x41dfffffffc00000
core   0: 0x0000000080005660 (0x020335b7) lui     a1, 0x2033
core   0: 1 0x0000000080005660 (0x020335b7) x11 0x0000000002033000
core   0: 0x0000000080005664 (0x0002521b) srliw   tp, tp, 0
core   0: 1 0x0000000080005664 (0x0002521b) x4  0xfffffffffffffbcb
core   0: 0x0000000080005668 (0x001025f3) csrrs   a1, fflags, zero
core   0: 1 0x0000000080005668 (0x001025f3) x11 0x0000000000000010
core   0: 0x000000008000566c (0x131078d3) fmul.d  fa7, ft0, fa7
core   0: 1 0x000000008000566c (0x131078d3) f17 0x7ff8000000000000
core   0: 0x0000000080005670 (0xd02279d3) fcvt.s.l fs3, tp
core   0: 1 0x0000000080005670 (0xd02279d3) f19 0xffffffffc486a000
core   0: 0x0000000080005674 (0xc03179d3) fcvt.lu.s s3, ft2
core   0: 1 0x0000000080005674 (0xc03179d3) x19 0x00000000000006db
core   0: 0x0000000080005678 (0x40155533) sra     a0, a0, ra
core   0: 1 0x0000000080005678 (0x40155533) x10 0x000000000000ffff
core   0: 0x000000008000567c (0x0ff0000f) fence   iorw,iorw
core   0: 1 0x000000008000567c (0x0ff0000f)
core   0: 0x0000000080005680 (0x40aa873b) subw    a4, s5, a0
core   0: 1 0x0000000080005680 (0x40aa873b) x14 0x000000007144f2e4
core   0: 0x0000000080005684 (0xd20700d3) fcvt.d.w ft1, a4
core   0: 1 0x0000000080005684 (0xd20700d3) f1  0x41dc513cb9000000
core   0: 0x0000000080005688 (0x000c5d1b) srliw   s10, s8, 0
core   0: 1 0x0000000080005688 (0x000c5d1b) x26 0xffffffff8000603c
core   0: 0x000000008000568c (0x69a1f513) andi    a0, gp, 1690
core   0: 1 0x000000008000568c (0x69a1f513) x10 0x000000000000069a
core   0: 0x0000000080005690 (0x03a0f13b) remuw   sp, ra, s10
core   0: 1 0x0000000080005690 (0x03a0f13b) x2  0x0000000001e28b4f
core   0: 0x0000000080005694 (0x02d6f533) remu    a0, a3, a3
core   0: 1 0x0000000080005694 (0x02d6f533) x10 0x0000000000000000
core   0: 0x0000000080005698 (0x000c1c1b) slliw   s8, s8, 0
core   0: 1 0x0000000080005698 (0x000c1c1b) x24 0xffffffff8000603c
core   0: 0x000000008000569c (0x0051e1b3) or      gp, gp, t0
core   0: 1 0x000000008000569c (0x0051e1b3) x3  0xffffffffffffffff
core   0: 0x00000000800056a0 (0xd031fe53) fcvt.s.lu ft8, gp
core   0: 1 0x00000000800056a0 (0xd031fe53) c1_fflags 0x0000000000000011 f28 0xffffffff5f800000
core   0: 0x00000000800056a4 (0x001ad61b) srliw   a2, s5, 1
core   0: 1 0x00000000800056a4 (0x001ad61b) x12 0x0000000038a2f971
core   0: 0x00000000800056a8 (0x0ff0000f) fence   iorw,iorw
core   0: 1 0x00000000800056a8 (0x0ff0000f)
core   0: 0x00000000800056ac (0x4096ddb3) sra     s11, a3, s1
core   0: 1 0x00000000800056ac (0x4096ddb3) x27 0x0000000001e28b4f
core   0: 0x00000000800056b0 (0x23081753) fsgnjn.d fa4, fa6, fa6
core   0: 1 0x00000000800056b0 (0x23081753) f14 0xfff8000000000000
core   0: 0x00000000800056b4 (0x0ff0000f) fence   iorw,iorw
core   0: 1 0x00000000800056b4 (0x0ff0000f)
core   0: 0x00000000800056b8 (0x00202b73) csrrs   s6, frm, zero
core   0: 1 0x00000000800056b8 (0x00202b73) x22 0x0000000000000000
core   0: 0x00000000800056bc (0x8001091b) addiw   s2, sp, -2048
core   0: 1 0x00000000800056bc (0x8001091b) x18 0x0000000001e2834f
core   0: 0x00000000800056c0 (0xd0397d53) fcvt.s.lu fs10, s2
core   0: 1 0x00000000800056c0 (0xd0397d53) c1_fflags 0x0000000000000011 f26 0xffffffff4bf141a8
core   0: 0x00000000800056c4 (0x405952bb) sraw    t0, s2, t0
core   0: 1 0x00000000800056c4 (0x405952bb) x5  0x0000000000000000
core   0: 0x00000000800056c8 (0x3aee73c3) fmadd.d ft7, ft8, fa4, ft7
core   0: 1 0x00000000800056c8 (0x3aee73c3) f7  0x7ff8000000000000
core   0: 0x00000000800056cc (0x020f76d3) fadd.d  fa3, ft10, ft0
core   0: 1 0x00000000800056cc (0x020f76d3) f13 0x7ff8000000000000
core   0: 0x00000000800056d0 (0xd0387953) fcvt.s.lu fs2, a6
core   0: 1 0x00000000800056d0 (0xd0387953) c1_fflags 0x0000000000000011 f18 0xffffffff4f000000
core   0: 0x00000000800056d4 (0xe20401d3) fmv.x.d gp, fs0
core   0: 1 0x00000000800056d4 (0xe20401d3) x3  0x41efffffffe00000
core   0: 0x00000000800056d8 (0x0011889b) addiw   a7, gp, 1
core   0: 1 0x00000000800056d8 (0x0011889b) x17 0xffffffffffe00001
core   0: 0x00000000800056dc (0x4c5d8413) addi    s0, s11, 1221
core   0: 1 0x00000000800056dc (0x4c5d8413) x8  0x0000000001e29014
core   0: 0x00000000800056e0 (0x0018f8b3) and     a7, a7, ra
core   0: 1 0x00000000800056e0 (0x0018f8b3) x17 0x0000000001e00001
core   0: 0x00000000800056e4 (0x407885b3) sub     a1, a7, t2
core   0: 1 0x00000000800056e4 (0x407885b3) x11 0x0000000001e00001
core   0: 0x00000000800056e8 (0x800c6193) ori     gp, s8, -2048
core   0: 1 0x00000000800056e8 (0x800c6193) x3  0xfffffffffffff83c
core   0: 0x00000000800056ec (0x038edcbb) divuw   s9, t4, s8
core   0: 1 0x00000000800056ec (0x038edcbb) x25 0x0000000000000000
core   0: 0x00000000800056f0 (0x034ef83b) remuw   a6, t4, s4
core   0: 1 0x00000000800056f0 (0x034ef83b) x16 0x0000000000000011
core   0: 0x00000000800056f4 (0x03d0b0b3) mulhu   ra, ra, t4
core   0: 1 0x00000000800056f4 (0x03d0b0b3) x1  0x0000000000000000
core   0: 0x00000000800056f8 (0x0210f73b) remuw   a4, ra, ra
core   0: 1 0x00000000800056f8 (0x0210f73b) x14 0x0000000000000000
core   0: 0x00000000800056fc (0x025c62b3) rem     t0, s8, t0
core   0: 1 0x00000000800056fc (0x025c62b3) x5  0xffffffff8000603c
core   0: 0x0000000080005700 (0x02c1f453) fadd.d  fs0, ft3, fa2
core   0: 1 0x0000000080005700 (0x02c1f453) f8  0x7ff8000000000000
core   0: 0x0000000080005704 (0xd022ffd3) fcvt.s.l ft11, t0
core   0: 1 0x0000000080005704 (0xd022ffd3) c1_fflags 0x0000000000000011 f31 0xffffffffceffff40
core   0: 0x0000000080005708 (0xe20387d3) fmv.x.d a5, ft7
core   0: 1 0x0000000080005708 (0xe20387d3) x15 0x7ff8000000000000
core   0: 0x000000008000570c (0x016c44b3) xor     s1, s8, s6
core   0: 1 0x000000008000570c (0x016c44b3) x9  0xffffffff8000603c
core   0: 0x0000000080005710 (0xe20f8ad3) fmv.x.d s5, ft11
core   0: 1 0x0000000080005710 (0xe20f8ad3) x21 0xffffffffceffff40
core   0: 0x0000000080005714 (0x403955bb) sraw    a1, s2, gp
core   0: 1 0x0000000080005714 (0x403955bb) x11 0x0000000000000000
core   0: 0x0000000080005718 (0x762f7897) auipc   a7, 0x762f7
core   0: 1 0x0000000080005718 (0x762f7897) x17 0x00000000f62fc718
core   0: 0x000000008000571c (0x00259773) csrrw   a4, frm, a1
core   0: 1 0x000000008000571c (0x00259773) x14 0x0000000000000000 c2_frm 0x0000000000000000
core   0: 0x0000000080005720 (0x037efbb3) remu    s7, t4, s7
core   0: 1 0x0000000080005720 (0x037efbb3) x23 0x0000000000000011
core   0: 0x0000000080005724 (0xd020f153) fcvt.s.l ft2, ra
core   0: 1 0x0000000080005724 (0xd020f153) f2  0xffffffff00000000
core   0: 0x0000000080005728 (0x2297f643) fmadd.d fa2, fa5, fs1, ft4
core   0: 1 0x0000000080005728 (0x2297f643) f12 0x7ff8000000000000
core   0: 0x000000008000572c (0x03de9e33) mulh    t3, t4, t4
core   0: 1 0x000000008000572c (0x03de9e33) x28 0x0000000000000000
core   0: 0x0000000080005730 (0x0004131b) slliw   t1, s0, 0
core   0: 1 0x0000000080005730 (0x0004131b) x6  0x0000000001e29014
core   0: 0x0000000080005734 (0xc22ff9d3) fcvt.l.d s3, ft11
core   0: 1 0x0000000080005734 (0xc22ff9d3) c1_fflags 0x0000000000000011 x19 0x7fffffffffffffff
core   0: 0x0000000080005738 (0xd03378d3) fcvt.s.lu fa7, t1
core   0: 1 0x0000000080005738 (0xd03378d3) f17 0xffffffff4bf1480a
core   0: 0x000000008000573c (0xf2060253) fmv.d.x ft4, a2
core   0: 1 0x000000008000573c (0xf2060253) f4  0x0000000038a2f971
core   0: 0x0000000080005740 (0x0330ea3b) remw    s4, ra, s3
core   0: 1 0x0000000080005740 (0x0330ea3b) x20 0x0000000000000000
core   0: 0x0000000080005744 (0x01409933) sll     s2, ra, s4
core   0: 1 0x0000000080005744 (0x01409933) x18 0x0000000000000000
core   0: 0x0000000080005748 (0xd2357ed3) fcvt.d.lu ft9, a0
core   0: 1 0x0000000080005748 (0xd2357ed3) f29 0x0000000000000000
core   0: 0x000000008000574c (0x00202ef3) csrrs   t4, frm, zero
core   0: 1 0x000000008000574c (0x00202ef3) x29 0x0000000000000000
core   0: 0x0000000080005750 (0x00211d33) sll     s10, sp, sp
core   0: 1 0x0000000080005750 (0x00211d33) x26 0x000000f145a78000
core   0: 0x0000000080005754 (0x03a85833) divu    a6, a6, s10
core   0: 1 0x0000000080005754 (0x03a85833) x16 0x0000000000000000
core   0: 0x0000000080005758 (0x3b89029b) addiw   t0, s2, 952
core   0: 1 0x0000000080005758 (0x3b89029b) x5  0x00000000000003b8
core   0: 0x000000008000575c (0x40ed01b3) sub     gp, s10, a4
core   0: 1 0x000000008000575c (0x40ed01b3) x3  0x000000f145a78000
core   0: 0x0000000080005760 (0x40f28733) sub     a4, t0, a5
core   0: 1 0x0000000080005760 (0x40f28733) x14 0x80080000000003b8
core   0: 0x0000000080005764 (0xd232ff53) fcvt.d.lu ft10, t0
core   0: 1 0x0000000080005764 (0xd232ff53) f30 0x408dc00000000000
core   0: 0x0000000080005768 (0x008191bb) sllw    gp, gp, s0
core   0: 1 0x0000000080005768 (0x008191bb) x3  0x0000000000000000
core   0: 0x000000008000576c (0x1c340493) addi    s1, s0, 451
core   0: 1 0x000000008000576c (0x1c340493) x9  0x0000000001e291d7
core   0: 0x0000000080005770 (0x41b45c13) srai    s8, s0, 27
core   0: 1 0x0000000080005770 (0x41b45c13) x24 0x0000000000000000
core   0: 0x0000000080005774 (0x7ffe821b) addiw   tp, t4, 2047
core   0: 1 0x0000000080005774 (0x7ffe821b) x4  0x00000000000007ff
core   0: 0x0000000080005778 (0x0174dbb3) srl     s7, s1, s7
core   0: 1 0x0000000080005778 (0x0174dbb3) x23 0x00000000000000f1
core   0: 0x000000008000577c (0x01691ab3) sll     s5, s2, s6
core   0: 1 0x000000008000577c (0x01691ab3) x21 0x0000000000000000
core   0: 0x0000000080005780 (0x2a849453) fmax.d  fs0, fs1, fs0
core   0: 1 0x0000000080005780 (0x2a849453) f8  0x7ff8000000000000
core   0: 0x0000000080005784 (0xd22bf153) fcvt.d.l ft2, s7
core   0: 1 0x0000000080005784 (0xd22bf153) f2  0x406e200000000000
core   0: 0x0000000080005788 (0xc223f2d3) fcvt.l.d t0, ft7
core   0: 1 0x0000000080005788 (0xc223f2d3) c1_fflags 0x0000000000000011 x5  0x7fffffffffffffff
core   0: 0x000000008000578c (0x0ff0000f) fence   iorw,iorw
core   0: 1 0x000000008000578c (0x0ff0000f)
core   0: 0x0000000080005790 (0x2b5986d3) fmin.d  fa3, fs3, fs5
core   0: 1 0x0000000080005790 (0x2b5986d3) f13 0x7ff8000000000000
core   0: 0x0000000080005794 (0x00102a73) csrrs   s4, fflags, zero
core   0: 1 0x0000000080005794 (0x00102a73) x20 0x0000000000000011
core   0: 0x0000000080005798 (0x030a61b3) rem     gp, s4, a6
core   0: 1 0x0000000080005798 (0x030a61b3) x3  0x0000000000000011
core   0: 0x000000008000579c (0x0114a8b3) slt     a7, s1, a7
core   0: 1 0x000000008000579c (0x0114a8b3) x17 0x0000000000000001
core   0: 0x00000000800057a0 (0x01c58e3b) addw    t3, a1, t3
core   0: 1 0x00000000800057a0 (0x01c58e3b) x28 0x0000000000000000
core   0: 0x00000000800057a4 (0x42e07c17) auipc   s8, 0x42e07
core   0: 1 0x00000000800057a4 (0x42e07c17) x24 0x00000000c2e0c7a4
core   0: 0x00000000800057a8 (0x01ec1c1b) slliw   s8, s8, 30
core   0: 1 0x00000000800057a8 (0x01ec1c1b) x24 0x0000000000000000
core   0: 0x00000000800057ac (0x001d591b) srliw   s2, s10, 1
core   0: 1 0x00000000800057ac (0x001d591b) x18 0x0000000022d3c000
core   0: 0x00000000800057b0 (0x2ad901d3) fmin.d  ft3, fs2, fa3
core   0: 1 0x00000000800057b0 (0x2ad901d3) f3  0x7ff8000000000000
core   0: 0x00000000800057b4 (0x02670733) mul     a4, a4, t1
core   0: 1 0x00000000800057b4 (0x02670733) x14 0x80a000070287ca60
core   0: 0x00000000800057b8 (0xbc3a0c93) addi    s9, s4, -1085
core   0: 1 0x00000000800057b8 (0xbc3a0c93) x25 0xfffffffffffffbd4
core   0: 0x00000000800057bc (0xd2317bd3) fcvt.d.lu fs7, sp
core   0: 1 0x00000000800057bc (0xd2317bd3) f23 0x417e28b4f0000000
core   0: 0x00000000800057c0 (0x000362b3) or      t0, t1, zero
core   0: 1 0x00000000800057c0 (0x000362b3) x5  0x0000000001e29014
core   0: 0x00000000800057c4 (0x030af0bb) remuw   ra, s5, a6
core   0: 1 0x00000000800057c4 (0x030af0bb) x1  0x0000000000000000
core   0: 0x00000000800057c8 (0x006999b3) sll     s3, s3, t1
core   0: 1 0x00000000800057c8 (0x006999b3) x19 0xfffffffffff00000
core   0: 0x00000000800057cc (0x00009bce) c.add   s7, s3
core   0: 1 0x00000000800057cc (0x9bce) x23 0xfffffffffff000f1
core   0: 0x00000000800057ce (0xd3657b47) fmsub.d fs6, fa0, fs6, fs10
core   0: 1 0x00000000800057ce (0xd3657b47) f22 0x7ff8000000000000
core   0: 0x00000000800057d2 (0x01fb9c9b) slliw   s9, s7, 31
core   0: 1 0x00000000800057d2 (0x01fb9c9b) x25 0xffffffff80000000
core   0: 0x00000000800057d6 (0x002090f3) csrrw   ra, frm, ra
core   0: 1 0x00000000800057d6 (0x002090f3) x1  0x0000000000000000 c2_frm 0x0000000000000000
core   0: 0x00000000800057da (0x03b9453b) divw    a0, s2, s11
core   0: 1 0x00000000800057da (0x03b9453b) x10 0x0000000000000012
core   0: 0x00000000800057de (0x7ff08e93) addi    t4, ra, 2047
core   0: 1 0x00000000800057de (0x7ff08e93) x29 0x00000000000007ff
core   0: 0x00000000800057e2 (0xd20e8ad3) fcvt.d.w fs5, t4
core   0: 1 0x00000000800057e2 (0xd20e8ad3) f21 0x409ffc0000000000
core   0: 0x00000000800057e6 (0x43fed293) srai    t0, t4, 63
core   0: 1 0x00000000800057e6 (0x43fed293) x5  0x0000000000000000
core   0: 0x00000000800057ea (0x0015061b) addiw   a2, a0, 1
core   0: 1 0x00000000800057ea (0x0015061b) x12 0x0000000000000013
core   0: 0x00000000800057ee (0x206eed13) ori     s10, t4, 518
core   0: 1 0x00000000800057ee (0x206eed13) x26 0x00000000000007ff
core   0: 0x00000000800057f2 (0xc02d2af3) csrrs   s5, instret, s10
core   0: exception trap_illegal_instruction, epc 0x00000000800057f2
core   0:           tval 0x00000000c02d2af3
core   0: >>>>  $xrv64i2p1_m2p0_a2p1_f2p2_d2p2_zicsr2p0_zifencei2p0_zmmul1p0_zba1p0_zbb1p0_zbc1p0_zbs1p0
core   0: 0x0000000080004000 (0x0080006f) j       pc + 0x8
core   0: 3 0x0000000080004000 (0x0080006f)
core   0: >>>>  mmode_exception_handler
core   0: 0x0000000080004008 (0x00002c17) auipc   s8, 0x2
core   0: 3 0x0000000080004008 (0x00002c17) x24 0x0000000080006008
core   0: 0x000000008000400c (0x034c0c13) addi    s8, s8, 52
core   0: 3 0x000000008000400c (0x034c0c13) x24 0x000000008000603c
core   0: 0x0000000080004010 (0x000c00e7) jalr    s8
core   0: 3 0x0000000080004010 (0x000c00e7) x1  0x0000000080004014
core   0: >>>>  any_handler
core   0: 0x000000008000603c (0x341027f3) csrrs   a5, mepc, zero
core   0: 3 0x000000008000603c (0x341027f3) x15 0x00000000800057f2
core   0: 0x0000000080006040 (0x34202773) csrrs   a4, mcause, zero
core   0: 3 0x0000000080006040 (0x34202773) x14 0x0000000000000002
core   0: 0x0000000080006044 (0x142026f3) csrrs   a3, scause, zero
core   0: 3 0x0000000080006044 (0x142026f3) x13 0x0000000000000000
core   0: 0x0000000080006048 (0x30402673) csrrs   a2, mie, zero
core   0: 3 0x0000000080006048 (0x30402673) x12 0x0000000000000a00
core   0: 0x000000008000604c (0x344025f3) csrrs   a1, mip, zero
core   0: 3 0x000000008000604c (0x344025f3) x11 0x0000000000000080
core   0: 0x0000000080006050 (0x343025f3) csrrs   a1, mtval, zero
core   0: 3 0x0000000080006050 (0x343025f3) x11 0x00000000c02d2af3
core   0: 0x0000000080006054 (0x14302573) csrrs   a0, stval, zero
core   0: 3 0x0000000080006054 (0x14302573) x10 0x0000000000000000
core   0: 0x0000000080006058 (0xb02024f3) csrrs   s1, minstret, zero
core   0: 3 0x0000000080006058 (0xb02024f3) x9  0x0000000000000f93
core   0: 0x000000008000605c (0x0000a811) c.j     pc + 20
core   0: 3 0x000000008000605c (0xa811)
core   0: >>>>  mepc_4
core   0: 0x0000000080006070 (0x00000791) c.addi  a5, 4
core   0: 3 0x0000000080006070 (0x0791) x15 0x00000000800057f6
core   0: 0x0000000080006072 (0x34179073) csrrw   zero, mepc, a5
core   0: 3 0x0000000080006072 (0x34179073) c833_mepc 0x00000000800057f6
core   0: 0x0000000080006076 (0x30200073) mret
core   0: 3 0x0000000080006076 (0x30200073) c768_mstatus 0x8000000a00106080
core   0: 0x00000000800057f6 (0x001d5093) srli    ra, s10, 1
core   0: 1 0x00000000800057f6 (0x001d5093) x1  0x00000000000003ff
core   0: 0x00000000800057fa (0x019081b3) add     gp, ra, s9
core   0: 1 0x00000000800057fa (0x019081b3) x3  0xffffffff800003ff
core   0: 0x00000000800057fe (0x5a0b7953) fsqrt.d fs2, fs6
core   0: 1 0x00000000800057fe (0x5a0b7953) f18 0x7ff8000000000000
core   0: 0x0000000080005802 (0x02d1d013) srli    zero, gp, 45
core   0: 1 0x0000000080005802 (0x02d1d013)
core   0: 0x0000000080005806 (0x023cce33) div     t3, s9, gp
core   0: 1 0x0000000080005806 (0x023cce33) x28 0x0000000000000001
core   0: 0x000000008000580a (0xc1564413) xori    s0, a2, -1003
core   0: 1 0x000000008000580a (0xc1564413) x8  0xfffffffffffff615
core   0: 0x000000008000580e (0x00000001) c.nop
core   0: 1 0x000000008000580e (0x0001)
core   0: 0x0000000080005810 (0x00102df3) csrrs   s11, fflags, zero
core   0: 1 0x0000000080005810 (0x00102df3) x27 0x0000000000000011
core   0: 0x0000000080005814 (0x00e89bbb) sllw    s7, a7, a4
core   0: 1 0x0000000080005814 (0x00e89bbb) x23 0x0000000000000004
core   0: 0x0000000080005818 (0xd20b80d3) fcvt.d.w ft1, s7
core   0: 1 0x0000000080005818 (0xd20b80d3) f1  0x4010000000000000
core   0: 0x000000008000581c (0xd21d8753) fcvt.d.wu fa4, s11
core   0: 1 0x000000008000581c (0xd21d8753) f14 0x4031000000000000
core   0: 0x0000000080005820 (0x01a480bb) addw    ra, s1, s10
core   0: 1 0x0000000080005820 (0x01a480bb) x1  0x0000000000001792
core   0: 0x0000000080005824 (0x03885bbb) divuw   s7, a6, s8
core   0: 1 0x0000000080005824 (0x03885bbb) x23 0x0000000000000000
core   0: 0x0000000080005828 (0x4018073b) subw    a4, a6, ra
core   0: 1 0x0000000080005828 (0x4018073b) x14 0xffffffffffffe86e
core   0: 0x000000008000582c (0x0177551b) srliw   a0, a4, 23
core   0: 1 0x000000008000582c (0x0177551b) x10 0x00000000000001ff
core   0: 0x0000000080005830 (0x23d60ed3) fsgnj.d ft9, fa2, ft9
core   0: 1 0x0000000080005830 (0x23d60ed3) f29 0x7ff8000000000000
core   0: 0x0000000080005834 (0x038770bb) remuw   ra, a4, s8
core   0: 1 0x0000000080005834 (0x038770bb) x1  0x000000007fff8832
core   0: 0x0000000080005838 (0x22a70e53) fsgnj.d ft8, fa4, fa0
core   0: 1 0x0000000080005838 (0x22a70e53) f28 0xc031000000000000
core   0: 0x000000008000583c (0x025c0333) mul     t1, s8, t0
core   0: 1 0x000000008000583c (0x025c0333) x6  0x0000000000000000
core   0: 0x0000000080005840 (0x4004d51b) sraiw   a0, s1, 0
core   0: 1 0x0000000080005840 (0x4004d51b) x10 0x0000000000000f93
core   0: 0x0000000080005844 (0xe2021253) fclass.d tp, ft4
core   0: 1 0x0000000080005844 (0xe2021253) x4  0x0000000000000020
core   0: 0x0000000080005848 (0xd2150353) fcvt.d.wu ft6, a0
core   0: 1 0x0000000080005848 (0xd2150353) f6  0x40af260000000000
core   0: 0x000000008000584c (0x02ade7b3) rem     a5, s11, a0
core   0: 1 0x000000008000584c (0x02ade7b3) x15 0x0000000000000011
core   0: 0x0000000080005850 (0x00e97933) and     s2, s2, a4
core   0: 1 0x0000000080005850 (0x00e97933) x18 0x0000000022d3c000
core   0: 0x0000000080005854 (0x03596db3) rem     s11, s2, s5
core   0: 1 0x0000000080005854 (0x03596db3) x27 0x0000000022d3c000
core   0: 0x0000000080005858 (0x00008bce) c.mv    s7, s3
core   0: 1 0x0000000080005858 (0x8bce) x23 0xfffffffffff00000
core   0: 0x000000008000585a (0x4093d2bb) sraw    t0, t2, s1
core   0: 1 0x000000008000585a (0x4093d2bb) x5  0x0000000000000000
core   0: 0x000000008000585e (0xd23a7f53) fcvt.d.lu ft10, s4
core   0: 1 0x000000008000585e (0xd23a7f53) f30 0x4031000000000000
core   0: 0x0000000080005862 (0x00000001) c.nop
core   0: 1 0x0000000080005862 (0x0001)
core   0: 0x0000000080005864 (0x00c854bb) srlw    s1, a6, a2
core   0: 1 0x0000000080005864 (0x00c854bb) x9  0x0000000000000000
core   0: 0x0000000080005868 (0x0151919b) slliw   gp, gp, 21
core   0: 1 0x0000000080005868 (0x0151919b) x3  0x000000007fe00000
core   0: 0x000000008000586c (0x00f5d393) srli    t2, a1, 15
core   0: 1 0x000000008000586c (0x00f5d393) x7  0x000000000001805a
core   0: 0x0000000080005870 (0x2a610053) fmin.d  ft0, ft2, ft6
core   0: 1 0x0000000080005870 (0x2a610053) f0  0x406e200000000000
core   0: 0x0000000080005874 (0x0019d11b) srliw   sp, s3, 1
core   0: 1 0x0000000080005874 (0x0019d11b) x2  0x000000007ff80000
core   0: 0x0000000080005878 (0x310ad373) csrrwi  t1, mstatush, 21
core   0: exception trap_illegal_instruction, epc 0x0000000080005878
core   0:           tval 0x00000000310ad373
core   0: >>>>  $xrv64i2p1_m2p0_a2p1_f2p2_d2p2_zicsr2p0_zifencei2p0_zmmul1p0_zba1p0_zbb1p0_zbc1p0_zbs1p0
core   0: 0x0000000080004000 (0x0080006f) j       pc + 0x8
core   0: 3 0x0000000080004000 (0x0080006f)
core   0: >>>>  mmode_exception_handler
core   0: 0x0000000080004008 (0x00002c17) auipc   s8, 0x2
core   0: 3 0x0000000080004008 (0x00002c17) x24 0x0000000080006008
core   0: 0x000000008000400c (0x034c0c13) addi    s8, s8, 52
core   0: 3 0x000000008000400c (0x034c0c13) x24 0x000000008000603c
core   0: 0x0000000080004010 (0x000c00e7) jalr    s8
core   0: 3 0x0000000080004010 (0x000c00e7) x1  0x0000000080004014
core   0: >>>>  any_handler
core   0: 0x000000008000603c (0x341027f3) csrrs   a5, mepc, zero
core   0: 3 0x000000008000603c (0x341027f3) x15 0x0000000080005878
core   0: 0x0000000080006040 (0x34202773) csrrs   a4, mcause, zero
core   0: 3 0x0000000080006040 (0x34202773) x14 0x0000000000000002
core   0: 0x0000000080006044 (0x142026f3) csrrs   a3, scause, zero
core   0: 3 0x0000000080006044 (0x142026f3) x13 0x0000000000000000
core   0: 0x0000000080006048 (0x30402673) csrrs   a2, mie, zero
core   0: 3 0x0000000080006048 (0x30402673) x12 0x0000000000000a00
core   0: 0x000000008000604c (0x344025f3) csrrs   a1, mip, zero
core   0: 3 0x000000008000604c (0x344025f3) x11 0x0000000000000080
core   0: 0x0000000080006050 (0x343025f3) csrrs   a1, mtval, zero
core   0: 3 0x0000000080006050 (0x343025f3) x11 0x00000000310ad373
core   0: 0x0000000080006054 (0x14302573) csrrs   a0, stval, zero
core   0: 3 0x0000000080006054 (0x14302573) x10 0x0000000000000000
core   0: 0x0000000080006058 (0xb02024f3) csrrs   s1, minstret, zero
core   0: 3 0x0000000080006058 (0xb02024f3) x9  0x0000000000000fc5
core   0: 0x000000008000605c (0x0000a811) c.j     pc + 20
core   0: 3 0x000000008000605c (0xa811)
core   0: >>>>  mepc_4
core   0: 0x0000000080006070 (0x00000791) c.addi  a5, 4
core   0: 3 0x0000000080006070 (0x0791) x15 0x000000008000587c
core   0: 0x0000000080006072 (0x34179073) csrrw   zero, mepc, a5
core   0: 3 0x0000000080006072 (0x34179073) c833_mepc 0x000000008000587c
core   0: 0x0000000080006076 (0x30200073) mret
core   0: 3 0x0000000080006076 (0x30200073) c768_mstatus 0x8000000a00106080
core   0: 0x000000008000587c (0x01c847b3) xor     a5, a6, t3
core   0: 1 0x000000008000587c (0x01c847b3) x15 0x0000000000000001
core   0: 0x0000000080005880 (0x40b055bb) sraw    a1, zero, a1
core   0: 1 0x0000000080005880 (0x40b055bb) x11 0x0000000000000000
core   0: 0x0000000080005884 (0x00e745b3) xor     a1, a4, a4
core   0: 1 0x0000000080005884 (0x00e745b3) x11 0x0000000000000000
core   0: 0x0000000080005888 (0x07607893) andi    a7, zero, 118
core   0: 1 0x0000000080005888 (0x07607893) x17 0x0000000000000000
core   0: 0x000000008000588c (0x41515abb) sraw    s5, sp, s5
core   0: 1 0x000000008000588c (0x41515abb) x21 0x000000007ff80000
core   0: 0x0000000080005890 (0x40bd52bb) sraw    t0, s10, a1
core   0: 1 0x0000000080005890 (0x40bd52bb) x5  0x00000000000007ff
core   0: 0x0000000080005894 (0xc2037153) fcvt.w.d sp, ft6
core   0: 1 0x0000000080005894 (0xc2037153) x2  0x0000000000000f93
core   0: 0x0000000080005898 (0x01ba073b) addw    a4, s4, s11
core   0: 1 0x0000000080005898 (0x01ba073b) x14 0x0000000022d3c011
core   0: 0x000000008000589c (0x001025f3) csrrs   a1, fflags, zero
core   0: 1 0x000000008000589c (0x001025f3) x11 0x0000000000000011
core   0: 0x00000000800058a0 (0xd2008c53) fcvt.d.w fs8, ra
core   0: 1 0x00000000800058a0 (0xd2008c53) f24 0xc1dfffeffb000000
core   0: 0x00000000800058a4 (0x5a0c7e53) fsqrt.d ft8, fs8
core   0: 1 0x00000000800058a4 (0x5a0c7e53) c1_fflags 0x0000000000000011 f28 0x7ff8000000000000
core   0: 0x00000000800058a8 (0x02208eb3) mul     t4, ra, sp
core   0: 1 0x00000000800058a8 (0x02208eb3) x29 0x000007c983e5f77c
core   0: 0x00000000800058ac (0x22939653) fsgnjn.d fa2, ft7, fs1
core   0: 1 0x00000000800058ac (0x22939653) f12 0xfff8000000000000
core   0: 0x00000000800058b0 (0x5a0979d3) fsqrt.d fs3, fs2
core   0: 1 0x00000000800058b0 (0x5a0979d3) f19 0x7ff8000000000000
core   0: 0x00000000800058b4 (0x00c648b3) xor     a7, a2, a2
core   0: 1 0x00000000800058b4 (0x00c648b3) x17 0x0000000000000000
core   0: 0x00000000800058b8 (0x400ddb9b) sraiw   s7, s11, 0
core   0: 1 0x00000000800058b8 (0x400ddb9b) x23 0x0000000022d3c000
core   0: 0x00000000800058bc (0x02bbb8b3) mulhu   a7, s7, a1
core   0: 1 0x00000000800058bc (0x02bbb8b3) x17 0x0000000000000000
core   0: 0x00000000800058c0 (0x001026f3) csrrs   a3, fflags, zero
core   0: 1 0x00000000800058c0 (0x001026f3) x13 0x0000000000000011
core   0: 0x00000000800058c4 (0x035b9ab3) mulh    s5, s7, s5
core   0: 1 0x00000000800058c4 (0x035b9ab3) x21 0x0000000000000000
core   0: 0x00000000800058c8 (0x00271b73) csrrw   s6, frm, a4
core   0: 1 0x00000000800058c8 (0x00271b73) x22 0x0000000000000000 c2_frm 0x0000000000000001
core   0: 0x00000000800058cc (0x012294b3) sll     s1, t0, s2
core   0: 1 0x00000000800058cc (0x012294b3) x9  0x00000000000007ff
core   0: 0x00000000800058d0 (0x5a0df353) fsqrt.d ft6, fs11
core   0: 1 0x00000000800058d0 (0x5a0df353) f6  0x7ff8000000000000
core   0: 0x00000000800058d4 (0x511276b7) lui     a3, 0x51127
core   0: 1 0x00000000800058d4 (0x511276b7) x13 0x0000000051127000
core   0: 0x00000000800058d8 (0x00000001) c.nop
core   0: 1 0x00000000800058d8 (0x0001)
core   0: 0x00000000800058da (0xbfb44413) xori    s0, s0, -1029
core   0: 1 0x00000000800058da (0xbfb44413) x8  0x0000000000000dee
core   0: 0x00000000800058de (0xf2040553) fmv.d.x fa0, s0
core   0: 1 0x00000000800058de (0xf2040553) f10 0x0000000000000dee
core   0: 0x00000000800058e2 (0xc025fd53) fcvt.l.s s10, fa1
core   0: 1 0x00000000800058e2 (0xc025fd53) c1_fflags 0x0000000000000011 x26 0x7fffffffffffffff
core   0: 0x00000000800058e6 (0x420b8bd3) fcvt.d.s fs7, fs7
core   0: 1 0x00000000800058e6 (0x420b8bd3) f23 0x7ff8000000000000
core   0: 0x00000000800058ea (0xd02d7b53) fcvt.s.l fs6, s10
core   0: 1 0x00000000800058ea (0xd02d7b53) c1_fflags 0x0000000000000011 f22 0xffffffff5effffff
core   0: 0x00000000800058ee (0x5a03fb53) fsqrt.d fs6, ft7
core   0: 1 0x00000000800058ee (0x5a03fb53) f22 0x7ff8000000000000
core   0: 0x00000000800058f2 (0x00dca6b3) slt     a3, s9, a3
core   0: 1 0x00000000800058f2 (0x00dca6b3) x13 0x0000000000000001
core   0: 0x00000000800058f6 (0x01cd591b) srliw   s2, s10, 28
core   0: 1 0x00000000800058f6 (0x01cd591b) x18 0x000000000000000f
core   0: 0x00000000800058fa (0x0120a833) slt     a6, ra, s2
core   0: 1 0x00000000800058fa (0x0120a833) x16 0x0000000000000000
core   0: 0x00000000800058fe (0xf20483d3) fmv.d.x ft7, s1
core   0: 1 0x00000000800058fe (0xf20483d3) f7  0x00000000000007ff
core   0: 0x0000000080005902 (0x0112991b) slliw   s2, t0, 17
core   0: 1 0x0000000080005902 (0x0112991b) x18 0x000000000ffe0000
core   0: 0x0000000080005906 (0x02767b53) fadd.d  fs6, fa2, ft7
core   0: 1 0x0000000080005906 (0x02767b53) f22 0x7ff8000000000000
core   0: 0x000000008000590a (0x000009de) c.slli  s3, 23
core   0: 1 0x000000008000590a (0x09de) x19 0xfffff80000000000
core   0: 0x000000008000590c (0x43f3d093) srai    ra, t2, 63
core   0: 1 0x000000008000590c (0x43f3d093) x1  0x0000000000000000
core   0: 0x0000000080005910 (0x0273edb3) rem     s11, t2, t2
core   0: 1 0x0000000080005910 (0x0273edb3) x27 0x0000000000000000
core   0: 0x0000000080005914 (0xa3638c53) fle.d   s8, ft7, fs6
core   0: 1 0x0000000080005914 (0xa3638c53) c1_fflags 0x0000000000000011 x24 0x0000000000000000
core   0: 0x0000000080005918 (0x32f87093) andi    ra, a6, 815
core   0: 1 0x0000000080005918 (0x32f87093) x1  0x0000000000000000
core   0: 0x000000008000591c (0xd2048353) fcvt.d.w ft6, s1
core   0: 1 0x000000008000591c (0xd2048353) f6  0x409ffc0000000000
core   0: 0x0000000080005920 (0xc20ff453) fcvt.w.d s0, ft11
core   0: 1 0x0000000080005920 (0xc20ff453) c1_fflags 0x0000000000000011 x8  0x000000007fffffff
core   0: 0x0000000080005924 (0x7ff0c013) xori    zero, ra, 2047
core   0: 1 0x0000000080005924 (0x7ff0c013)
core   0: 0x0000000080005928 (0x3263784b) fnmsub.d fa6, ft6, ft6, ft6
core   0: 1 0x0000000080005928 (0x3263784b) f16 0xc14ff40100000000
core   0: 0x000000008000592c (0xf15fe173) csrrsi  sp, mconfigptr, 31
core   0: exception trap_illegal_instruction, epc 0x000000008000592c
core   0:           tval 0x00000000f15fe173
core   0: >>>>  $xrv64i2p1_m2p0_a2p1_f2p2_d2p2_zicsr2p0_zifencei2p0_zmmul1p0_zba1p0_zbb1p0_zbc1p0_zbs1p0
core   0: 0x0000000080004000 (0x0080006f) j       pc + 0x8
core   0: 3 0x0000000080004000 (0x0080006f)
core   0: >>>>  mmode_exception_handler
core   0: 0x0000000080004008 (0x00002c17) auipc   s8, 0x2
core   0: 3 0x0000000080004008 (0x00002c17) x24 0x0000000080006008
core   0: 0x000000008000400c (0x034c0c13) addi    s8, s8, 52
core   0: 3 0x000000008000400c (0x034c0c13) x24 0x000000008000603c
core   0: 0x0000000080004010 (0x000c00e7) jalr    s8
core   0: 3 0x0000000080004010 (0x000c00e7) x1  0x0000000080004014
core   0: >>>>  any_handler
core   0: 0x000000008000603c (0x341027f3) csrrs   a5, mepc, zero
core   0: 3 0x000000008000603c (0x341027f3) x15 0x000000008000592c
core   0: 0x0000000080006040 (0x34202773) csrrs   a4, mcause, zero
core   0: 3 0x0000000080006040 (0x34202773) x14 0x0000000000000002
core   0: 0x0000000080006044 (0x142026f3) csrrs   a3, scause, zero
core   0: 3 0x0000000080006044 (0x142026f3) x13 0x0000000000000000
core   0: 0x0000000080006048 (0x30402673) csrrs   a2, mie, zero
core   0: 3 0x0000000080006048 (0x30402673) x12 0x0000000000000a00
core   0: 0x000000008000604c (0x344025f3) csrrs   a1, mip, zero
core   0: 3 0x000000008000604c (0x344025f3) x11 0x0000000000000080
core   0: 0x0000000080006050 (0x343025f3) csrrs   a1, mtval, zero
core   0: 3 0x0000000080006050 (0x343025f3) x11 0x00000000f15fe173
core   0: 0x0000000080006054 (0x14302573) csrrs   a0, stval, zero
core   0: 3 0x0000000080006054 (0x14302573) x10 0x0000000000000000
core   0: 0x0000000080006058 (0xb02024f3) csrrs   s1, minstret, zero
core   0: 3 0x0000000080006058 (0xb02024f3) x9  0x0000000000001002
core   0: 0x000000008000605c (0x0000a811) c.j     pc + 20
core   0: 3 0x000000008000605c (0xa811)
core   0: >>>>  mepc_4
core   0: 0x0000000080006070 (0x00000791) c.addi  a5, 4
core   0: 3 0x0000000080006070 (0x0791) x15 0x0000000080005930
core   0: 0x0000000080006072 (0x34179073) csrrw   zero, mepc, a5
core   0: 3 0x0000000080006072 (0x34179073) c833_mepc 0x0000000080005930
core   0: 0x0000000080006076 (0x30200073) mret
core   0: 3 0x0000000080006076 (0x30200073) c768_mstatus 0x8000000a00106080
core   0: 0x0000000080005930 (0x0ff0000f) fence   iorw,iorw
core   0: 1 0x0000000080005930 (0x0ff0000f)
core   0: 0x0000000080005934 (0x5a087ad3) fsqrt.d fs5, fa6
core   0: 1 0x0000000080005934 (0x5a087ad3) c1_fflags 0x0000000000000011 f21 0x7ff8000000000000
core   0: 0x0000000080005938 (0xc03379d3) fcvt.lu.s s3, ft6
core   0: 1 0x0000000080005938 (0xc03379d3) c1_fflags 0x0000000000000011 x19 0xffffffffffffffff
core   0: 0x000000008000593c (0xc2087cd3) fcvt.w.d s9, fa6
core   0: 1 0x000000008000593c (0xc2087cd3) x25 0xffffffffffc017fe
core   0: 0x0000000080005940 (0xc03ff1d3) fcvt.lu.s gp, ft11
core   0: 1 0x0000000080005940 (0xc03ff1d3) c1_fflags 0x0000000000000011 x3  0x0000000000000000
core   0: 0x0000000080005944 (0x010ce833) or      a6, s9, a6
core   0: 1 0x0000000080005944 (0x010ce833) x16 0xffffffffffc017fe
core   0: 0x0000000080005948 (0x023875b3) remu    a1, a6, gp
core   0: 1 0x0000000080005948 (0x023875b3) x11 0xffffffffffc017fe
core   0: 0x000000008000594c (0x000222b3) slt     t0, tp, zero
core   0: 1 0x000000008000594c (0x000222b3) x5  0x0000000000000000
core   0: 0x0000000080005950 (0x5a02f453) fsqrt.d fs0, ft5
core   0: 1 0x0000000080005950 (0x5a02f453) f8  0x7ff8000000000000
core   0: 0x0000000080005954 (0xc2187153) fcvt.wu.d sp, fa6
core   0: 1 0x0000000080005954 (0xc2187153) c1_fflags 0x0000000000000011 x2  0x0000000000000000
core   0: 0x0000000080005958 (0x001c19f3) csrrw   s3, fflags, s8
core   0: 1 0x0000000080005958 (0x001c19f3) x19 0x0000000000000011 c1_fflags 0x000000000000001c
core   0: 0x000000008000595c (0xc020fb53) fcvt.l.s s6, ft1
core   0: 1 0x000000008000595c (0xc020fb53) c1_fflags 0x000000000000001c x22 0x7fffffffffffffff
core   0: 0x0000000080005960 (0xc20871d3) fcvt.w.d gp, fa6
core   0: 1 0x0000000080005960 (0xc20871d3) x3  0xffffffffffc017fe
core   0: 0x0000000080005964 (0x22e5abd3) fsgnjx.d fs7, fa1, fa4
core   0: 1 0x0000000080005964 (0x22e5abd3) f23 0x7ff8000000000000
core   0: 0x0000000080005968 (0xc20af653) fcvt.w.d a2, fs5
core   0: 1 0x0000000080005968 (0xc20af653) c1_fflags 0x000000000000001c x12 0x000000007fffffff
core   0: 0x000000008000596c (0x4057d2b3) sra     t0, a5, t0
core   0: 1 0x000000008000596c (0x4057d2b3) x5  0x0000000080005930
core   0: 0x0000000080005970 (0x0ff0000f) fence   iorw,iorw
core   0: 1 0x0000000080005970 (0x0ff0000f)
core   0: 0x0000000080005974 (0x0392833b) mulw    t1, t0, s9
core   0: 1 0x0000000080005974 (0x0392833b) x6  0xffffffffbc5bcda0
core   0: 0x0000000080005978 (0xd022f753) fcvt.s.l fa4, t0
core   0: 1 0x0000000080005978 (0xd022f753) c1_fflags 0x000000000000001d f14 0xffffffff4f000059
core   0: 0x000000008000597c (0x0002d793) srli    a5, t0, 0
core   0: 1 0x000000008000597c (0x0002d793) x15 0x0000000080005930
core   0: 0x0000000080005980 (0x01769e3b) sllw    t3, a3, s7
core   0: 1 0x0000000080005980 (0x01769e3b) x28 0x0000000000000000
core   0: 0x0000000080005984 (0x4005591b) sraiw   s2, a0, 0
core   0: 1 0x0000000080005984 (0x4005591b) x18 0x0000000000000000
core   0: 0x0000000080005988 (0xb02ba773) csrrs   a4, minstret, s7
core   0: exception trap_illegal_instruction, epc 0x0000000080005988
core   0:           tval 0x00000000b02ba773
core   0: >>>>  $xrv64i2p1_m2p0_a2p1_f2p2_d2p2_zicsr2p0_zifencei2p0_zmmul1p0_zba1p0_zbb1p0_zbc1p0_zbs1p0
core   0: 0x0000000080004000 (0x0080006f) j       pc + 0x8
core   0: 3 0x0000000080004000 (0x0080006f)
core   0: >>>>  mmode_exception_handler
core   0: 0x0000000080004008 (0x00002c17) auipc   s8, 0x2
core   0: 3 0x0000000080004008 (0x00002c17) x24 0x0000000080006008
core   0: 0x000000008000400c (0x034c0c13) addi    s8, s8, 52
core   0: 3 0x000000008000400c (0x034c0c13) x24 0x000000008000603c
core   0: 0x0000000080004010 (0x000c00e7) jalr    s8
core   0: 3 0x0000000080004010 (0x000c00e7) x1  0x0000000080004014
core   0: >>>>  any_handler
core   0: 0x000000008000603c (0x341027f3) csrrs   a5, mepc, zero
core   0: 3 0x000000008000603c (0x341027f3) x15 0x0000000080005988
core   0: 0x0000000080006040 (0x34202773) csrrs   a4, mcause, zero
core   0: 3 0x0000000080006040 (0x34202773) x14 0x0000000000000002
core   0: 0x0000000080006044 (0x142026f3) csrrs   a3, scause, zero
core   0: 3 0x0000000080006044 (0x142026f3) x13 0x0000000000000000
core   0: 0x0000000080006048 (0x30402673) csrrs   a2, mie, zero
core   0: 3 0x0000000080006048 (0x30402673) x12 0x0000000000000a00
core   0: 0x000000008000604c (0x344025f3) csrrs   a1, mip, zero
core   0: 3 0x000000008000604c (0x344025f3) x11 0x0000000000000080
core   0: 0x0000000080006050 (0x343025f3) csrrs   a1, mtval, zero
core   0: 3 0x0000000080006050 (0x343025f3) x11 0x00000000b02ba773
core   0: 0x0000000080006054 (0x14302573) csrrs   a0, stval, zero
core   0: 3 0x0000000080006054 (0x14302573) x10 0x0000000000000000
core   0: 0x0000000080006058 (0xb02024f3) csrrs   s1, minstret, zero
core   0: 3 0x0000000080006058 (0xb02024f3) x9  0x0000000000001028
core   0: 0x000000008000605c (0x0000a811) c.j     pc + 20
core   0: 3 0x000000008000605c (0xa811)
core   0: >>>>  mepc_4
core   0: 0x0000000080006070 (0x00000791) c.addi  a5, 4
core   0: 3 0x0000000080006070 (0x0791) x15 0x000000008000598c
core   0: 0x0000000080006072 (0x34179073) csrrw   zero, mepc, a5
core   0: 3 0x0000000080006072 (0x34179073) c833_mepc 0x000000008000598c
core   0: 0x0000000080006076 (0x30200073) mret
core   0: 3 0x0000000080006076 (0x30200073) c768_mstatus 0x8000000a00106080
core   0: 0x000000008000598c (0x02e72433) mulhsu  s0, a4, a4
core   0: 1 0x000000008000598c (0x02e72433) x8  0x0000000000000000
core   0: 0x0000000080005990 (0x1b477a53) fdiv.d  fs4, fa4, fs4
core   0: 1 0x0000000080005990 (0x1b477a53) f20 0x7ff8000000000000
core   0: 0x0000000080005994 (0x02f204b3) mul     s1, tp, a5
core   0: 1 0x0000000080005994 (0x02f204b3) x9  0x00000010000b3180
core   0: 0x0000000080005998 (0x00000a6e) c.slli  s4, 27
core   0: 1 0x0000000080005998 (0x0a6e) x20 0x0000000088000000
core   0: 0x000000008000599a (0xd229f853) fcvt.d.l fa6, s3
core   0: 1 0x000000008000599a (0xd229f853) f16 0x4031000000000000
core   0: 0x000000008000599e (0x034a7abb) remuw   s5, s4, s4
core   0: 1 0x000000008000599e (0x034a7abb) x21 0x0000000000000000
core   0: 0x00000000800059a2 (0x00102b73) csrrs   s6, fflags, zero
core   0: 1 0x00000000800059a2 (0x00102b73) x22 0x000000000000001d
core   0: 0x00000000800059a6 (0xa30595d3) flt.d   a1, fa1, fa6
core   0: 1 0x00000000800059a6 (0xa30595d3) c1_fflags 0x000000000000001d x11 0x0000000000000000
core   0: 0x00000000800059aa (0x40b4d4b3) sra     s1, s1, a1
core   0: 1 0x00000000800059aa (0x40b4d4b3) x9  0x00000010000b3180
core   0: 0x00000000800059ae (0x42098353) fcvt.d.s ft6, fs3
core   0: 1 0x00000000800059ae (0x42098353) f6  0x7ff8000000000000
core   0: 0x00000000800059b2 (0x01b593bb) sllw    t2, a1, s11
core   0: 1 0x00000000800059b2 (0x01b593bb) x7  0x0000000000000000
core   0: 0x00000000800059b6 (0x00bada9b) srliw   s5, s5, 11
core   0: 1 0x00000000800059b6 (0x00bada9b) x21 0x0000000000000000
core   0: 0x00000000800059ba (0xd2048ad3) fcvt.d.w fs5, s1
core   0: 1 0x00000000800059ba (0xd2048ad3) f21 0x4126630000000000
core   0: 0x00000000800059be (0x03d3d793) srli    a5, t2, 61
core   0: 1 0x00000000800059be (0x03d3d793) x15 0x0000000000000000
core   0: 0x00000000800059c2 (0x033a89b3) mul     s3, s5, s3
core   0: 1 0x00000000800059c2 (0x033a89b3) x19 0x0000000000000000
core   0: 0x00000000800059c6 (0x0010f093) andi    ra, ra, 1
core   0: 1 0x00000000800059c6 (0x0010f093) x1  0x0000000000000000
core   0: 0x00000000800059ca (0xc03079d3) fcvt.lu.s s3, ft0
core   0: 1 0x00000000800059ca (0xc03079d3) c1_fflags 0x000000000000001d x19 0xffffffffffffffff
core   0: 0x00000000800059ce (0x303070f3) csrrci  ra, mideleg, 0
core   0: exception trap_illegal_instruction, epc 0x00000000800059ce
core   0:           tval 0x00000000303070f3
core   0: >>>>  $xrv64i2p1_m2p0_a2p1_f2p2_d2p2_zicsr2p0_zifencei2p0_zmmul1p0_zba1p0_zbb1p0_zbc1p0_zbs1p0
core   0: 0x0000000080004000 (0x0080006f) j       pc + 0x8
core   0: 3 0x0000000080004000 (0x0080006f)
core   0: >>>>  mmode_exception_handler
core   0: 0x0000000080004008 (0x00002c17) auipc   s8, 0x2
core   0: 3 0x0000000080004008 (0x00002c17) x24 0x0000000080006008
core   0: 0x000000008000400c (0x034c0c13) addi    s8, s8, 52
core   0: 3 0x000000008000400c (0x034c0c13) x24 0x000000008000603c
core   0: 0x0000000080004010 (0x000c00e7) jalr    s8
core   0: 3 0x0000000080004010 (0x000c00e7) x1  0x0000000080004014
core   0: >>>>  any_handler
core   0: 0x000000008000603c (0x341027f3) csrrs   a5, mepc, zero
core   0: 3 0x000000008000603c (0x341027f3) x15 0x00000000800059ce
core   0: 0x0000000080006040 (0x34202773) csrrs   a4, mcause, zero
core   0: 3 0x0000000080006040 (0x34202773) x14 0x0000000000000002
core   0: 0x0000000080006044 (0x142026f3) csrrs   a3, scause, zero
core   0: 3 0x0000000080006044 (0x142026f3) x13 0x0000000000000000
core   0: 0x0000000080006048 (0x30402673) csrrs   a2, mie, zero
core   0: 3 0x0000000080006048 (0x30402673) x12 0x0000000000000a00
core   0: 0x000000008000604c (0x344025f3) csrrs   a1, mip, zero
core   0: 3 0x000000008000604c (0x344025f3) x11 0x0000000000000080
core   0: 0x0000000080006050 (0x343025f3) csrrs   a1, mtval, zero
core   0: 3 0x0000000080006050 (0x343025f3) x11 0x00000000303070f3
core   0: 0x0000000080006054 (0x14302573) csrrs   a0, stval, zero
core   0: 3 0x0000000080006054 (0x14302573) x10 0x0000000000000000
core   0: 0x0000000080006058 (0xb02024f3) csrrs   s1, minstret, zero
core   0: 3 0x0000000080006058 (0xb02024f3) x9  0x0000000000001049
core   0: 0x000000008000605c (0x0000a811) c.j     pc + 20
core   0: 3 0x000000008000605c (0xa811)
core   0: >>>>  mepc_4
core   0: 0x0000000080006070 (0x00000791) c.addi  a5, 4
core   0: 3 0x0000000080006070 (0x0791) x15 0x00000000800059d2
core   0: 0x0000000080006072 (0x34179073) csrrw   zero, mepc, a5
core   0: 3 0x0000000080006072 (0x34179073) c833_mepc 0x00000000800059d2
core   0: 0x0000000080006076 (0x30200073) mret
core   0: 3 0x0000000080006076 (0x30200073) c768_mstatus 0x8000000a00106080
core   0: 0x00000000800059d2 (0x1880f917) auipc   s2, 0x1880f
core   0: 1 0x00000000800059d2 (0x1880f917) x18 0x00000000988149d2
core   0: 0x00000000800059d6 (0xceb68b13) addi    s6, a3, -789
core   0: 1 0x00000000800059d6 (0xceb68b13) x22 0xfffffffffffffceb
core   0: 0x00000000800059da (0xc02b7453) fcvt.l.s s0, fs6
core   0: 1 0x00000000800059da (0xc02b7453) c1_fflags 0x000000000000001d x8  0x7fffffffffffffff
core   0: 0x00000000800059de (0x3440faf3) csrrci  s5, mip, 1
core   0: exception trap_illegal_instruction, epc 0x00000000800059de
core   0:           tval 0x000000003440faf3
core   0: >>>>  $xrv64i2p1_m2p0_a2p1_f2p2_d2p2_zicsr2p0_zifencei2p0_zmmul1p0_zba1p0_zbb1p0_zbc1p0_zbs1p0
core   0: 0x0000000080004000 (0x0080006f) j       pc + 0x8
core   0: 3 0x0000000080004000 (0x0080006f)
core   0: >>>>  mmode_exception_handler
core   0: 0x0000000080004008 (0x00002c17) auipc   s8, 0x2
core   0: 3 0x0000000080004008 (0x00002c17) x24 0x0000000080006008
core   0: 0x000000008000400c (0x034c0c13) addi    s8, s8, 52
core   0: 3 0x000000008000400c (0x034c0c13) x24 0x000000008000603c
core   0: 0x0000000080004010 (0x000c00e7) jalr    s8
core   0: 3 0x0000000080004010 (0x000c00e7) x1  0x0000000080004014
core   0: >>>>  any_handler
core   0: 0x000000008000603c (0x341027f3) csrrs   a5, mepc, zero
core   0: 3 0x000000008000603c (0x341027f3) x15 0x00000000800059de
core   0: 0x0000000080006040 (0x34202773) csrrs   a4, mcause, zero
core   0: 3 0x0000000080006040 (0x34202773) x14 0x0000000000000002
core   0: 0x0000000080006044 (0x142026f3) csrrs   a3, scause, zero
core   0: 3 0x0000000080006044 (0x142026f3) x13 0x0000000000000000
core   0: 0x0000000080006048 (0x30402673) csrrs   a2, mie, zero
core   0: 3 0x0000000080006048 (0x30402673) x12 0x0000000000000a00
core   0: 0x000000008000604c (0x344025f3) csrrs   a1, mip, zero
core   0: 3 0x000000008000604c (0x344025f3) x11 0x0000000000000080
core   0: 0x0000000080006050 (0x343025f3) csrrs   a1, mtval, zero
core   0: 3 0x0000000080006050 (0x343025f3) x11 0x000000003440faf3
core   0: 0x0000000080006054 (0x14302573) csrrs   a0, stval, zero
core   0: 3 0x0000000080006054 (0x14302573) x10 0x0000000000000000
core   0: 0x0000000080006058 (0xb02024f3) csrrs   s1, minstret, zero
core   0: 3 0x0000000080006058 (0xb02024f3) x9  0x000000000000105c
core   0: 0x000000008000605c (0x0000a811) c.j     pc + 20
core   0: 3 0x000000008000605c (0xa811)
core   0: >>>>  mepc_4
core   0: 0x0000000080006070 (0x00000791) c.addi  a5, 4
core   0: 3 0x0000000080006070 (0x0791) x15 0x00000000800059e2
core   0: 0x0000000080006072 (0x34179073) csrrw   zero, mepc, a5
core   0: 3 0x0000000080006072 (0x34179073) c833_mepc 0x00000000800059e2
core   0: 0x0000000080006076 (0x30200073) mret
core   0: 3 0x0000000080006076 (0x30200073) c768_mstatus 0x8000000a00106080
core   0: 0x00000000800059e2 (0x028c15b3) mulh    a1, s8, s0
core   0: 1 0x00000000800059e2 (0x028c15b3) x11 0x000000004000301d
core   0: 0x00000000800059e6 (0x004052bb) srlw    t0, zero, tp
core   0: 1 0x00000000800059e6 (0x004052bb) x5  0x0000000000000000
core   0: 0x00000000800059ea (0x2a401253) fmax.d  ft4, ft0, ft4
core   0: 1 0x00000000800059ea (0x2a401253) f4  0x406e200000000000
core   0: 0x00000000800059ee (0x7bd37843) fmadd.d fa6, ft6, ft9, fa5
core   0: 1 0x00000000800059ee (0x7bd37843) f16 0x7ff8000000000000
core   0: 0x00000000800059f2 (0x1b087247) fmsub.d ft4, fa6, fa6, ft3
core   0: 1 0x00000000800059f2 (0x1b087247) f4  0x7ff8000000000000
core   0: 0x00000000800059f6 (0xa5b26eb7) lui     t4, 0xa5b26
core   0: 1 0x00000000800059f6 (0xa5b26eb7) x29 0xffffffffa5b26000
core   0: 0x00000000800059fa (0x2324f2c7) fmsub.d ft5, fs1, fs2, ft4
core   0: 1 0x00000000800059fa (0x2324f2c7) f5  0x7ff8000000000000
core   0: 0x00000000800059fe (0x22661553) fsgnjn.d fa0, fa2, ft6
core   0: 1 0x00000000800059fe (0x22661553) f10 0xfff8000000000000
core   0: 0x0000000080005a02 (0x00b2d09b) srliw   ra, t0, 11
core   0: 1 0x0000000080005a02 (0x00b2d09b) x1  0x0000000000000000
core   0: 0x0000000080005a06 (0x225df3c3) fmadd.d ft7, fs11, ft5, ft4
core   0: 1 0x0000000080005a06 (0x225df3c3) f7  0x7ff8000000000000
core   0: 0x0000000080005a0a (0x4000d71b) sraiw   a4, ra, 0
core   0: 1 0x0000000080005a0a (0x4000d71b) x14 0x0000000000000000
core   0: 0x0000000080005a0e (0x02b9b9b3) mulhu   s3, s3, a1
core   0: 1 0x0000000080005a0e (0x02b9b9b3) x19 0x000000004000301c
core   0: 0x0000000080005a12 (0x131878d3) fmul.d  fa7, fa6, fa7
core   0: 1 0x0000000080005a12 (0x131878d3) f17 0x7ff8000000000000
core   0: 0x0000000080005a16 (0x287d4713) xori    a4, s10, 647
core   0: 1 0x0000000080005a16 (0x287d4713) x14 0x7ffffffffffffd78
core   0: 0x0000000080005a1a (0x00066033) or      zero, a2, zero
core   0: 1 0x0000000080005a1a (0x00066033)
core   0: 0x0000000080005a1e (0x00e5533b) srlw    t1, a0, a4
core   0: 1 0x0000000080005a1e (0x00e5533b) x6  0x0000000000000000
core   0: 0x0000000080005a22 (0xd0297e53) fcvt.s.l ft8, s2
core   0: 1 0x0000000080005a22 (0xd0297e53) c1_fflags 0x000000000000001d f28 0xffffffff4f188149
core   0: 0x0000000080005a26 (0x02d743b3) div     t2, a4, a3
core   0: 1 0x0000000080005a26 (0x02d743b3) x7  0xffffffffffffffff
core   0: 0x0000000080005a2a (0x02e8eeb3) rem     t4, a7, a4
core   0: 1 0x0000000080005a2a (0x02e8eeb3) x29 0x0000000000000000
core   0: 0x0000000080005a2e (0x23c72753) fsgnjx.d fa4, fa4, ft8
core   0: 1 0x0000000080005a2e (0x23c72753) f14 0x7fffffff4f000059
core   0: 0x0000000080005a32 (0x00829d9b) slliw   s11, t0, 8
core   0: 1 0x0000000080005a32 (0x00829d9b) x27 0x0000000000000000
core   0: 0x0000000080005a36 (0x009751b3) srl     gp, a4, s1
core   0: 1 0x0000000080005a36 (0x009751b3) x3  0x00000007ffffffff
core   0: 0x0000000080005a3a (0x40935413) srai    s0, t1, 9
core   0: 1 0x0000000080005a3a (0x40935413) x8  0x0000000000000000
core   0: 0x0000000080005a3e (0x00000001) c.nop
core   0: 1 0x0000000080005a3e (0x0001)
core   0: 0x0000000080005a40 (0x2b4709d3) fmin.d  fs3, fa4, fs4
core   0: 1 0x0000000080005a40 (0x2b4709d3) f19 0x7ff8000000000000
core   0: 0x0000000080005a44 (0x5a077f53) fsqrt.d ft10, fa4
core   0: 1 0x0000000080005a44 (0x5a077f53) f30 0x7ff8000000000000
core   0: 0x0000000080005a48 (0x5aed7d4f) fnmadd.d fs10, fs10, fa4, fa1
core   0: 1 0x0000000080005a48 (0x5aed7d4f) f26 0x7ff8000000000000
core   0: 0x0000000080005a4c (0x028b3933) mulhu   s2, s6, s0
core   0: 1 0x0000000080005a4c (0x028b3933) x18 0x0000000000000000
core   0: 0x0000000080005a50 (0x5a0bfa53) fsqrt.d fs4, fs7
core   0: 1 0x0000000080005a50 (0x5a0bfa53) f20 0x7ff8000000000000
core   0: 0x0000000080005a54 (0x23a22253) fsgnjx.d ft4, ft4, fs10
core   0: 1 0x0000000080005a54 (0x23a22253) f4  0x7ff8000000000000
core   0: 0x0000000080005a58 (0x037e9d33) mulh    s10, t4, s7
core   0: 1 0x0000000080005a58 (0x037e9d33) x26 0x0000000000000000
core   0: 0x0000000080005a5c (0x030bf833) remu    a6, s7, a6
core   0: 1 0x0000000080005a5c (0x030bf833) x16 0x0000000022d3c000
core   0: 0x0000000080005a60 (0x8ebd009b) addiw   ra, s10, -1813
core   0: 1 0x0000000080005a60 (0x8ebd009b) x1  0xfffffffffffff8eb
core   0: 0x0000000080005a64 (0x03c01033) mulh    zero, zero, t3
core   0: 1 0x0000000080005a64 (0x03c01033)
core   0: 0x0000000080005a68 (0x00000001) c.nop
core   0: 1 0x0000000080005a68 (0x0001)
core   0: 0x0000000080005a6a (0x9f79011b) addiw   sp, s2, -1545
core   0: 1 0x0000000080005a6a (0x9f79011b) x2  0xfffffffffffff9f7
core   0: 0x0000000080005a6e (0x001d1473) csrrw   s0, fflags, s10
core   0: 1 0x0000000080005a6e (0x001d1473) x8  0x000000000000001d c1_fflags 0x0000000000000000
core   0: 0x0000000080005a72 (0x401d7ad3) fcvt.s.d fs5, fs10
core   0: 1 0x0000000080005a72 (0x401d7ad3) f21 0xffffffff7fc00000
core   0: 0x0000000080005a76 (0x00202573) csrrs   a0, frm, zero
core   0: 1 0x0000000080005a76 (0x00202573) x10 0x0000000000000001
core   0: 0x0000000080005a7a (0x000cd713) srli    a4, s9, 0
core   0: 1 0x0000000080005a7a (0x000cd713) x14 0xffffffffffc017fe
core   0: 0x0000000080005a7e (0x22558253) fsgnj.d ft4, fa1, ft5
core   0: 1 0x0000000080005a7e (0x22558253) f4  0x7ff8000000000000
core   0: 0x0000000080005a82 (0x00202973) csrrs   s2, frm, zero
core   0: 1 0x0000000080005a82 (0x00202973) x18 0x0000000000000001
core   0: 0x0000000080005a86 (0x002a28b3) slt     a7, s4, sp
core   0: 1 0x0000000080005a86 (0x002a28b3) x17 0x0000000000000000
core   0: 0x0000000080005a8a (0x421c71cb) fnmsub.d ft3, fs8, ft1, fs0
core   0: 1 0x0000000080005a8a (0x421c71cb) f3  0x7ff8000000000000
core   0: 0x0000000080005a8e (0x000a4813) xori    a6, s4, 0
core   0: 1 0x0000000080005a8e (0x000a4813) x16 0x0000000088000000
core   0: 0x0000000080005a92 (0x41fd5b1b) sraiw   s6, s10, 31
core   0: 1 0x0000000080005a92 (0x41fd5b1b) x22 0x0000000000000000
core   0: 0x0000000080005a96 (0xf2088853) fmv.d.x fa6, a7
core   0: 1 0x0000000080005a96 (0xf2088853) f16 0x0000000000000000
core   0: 0x0000000080005a9a (0x03387353) fadd.d  ft6, fa6, fs3
core   0: 1 0x0000000080005a9a (0x03387353) f6  0x7ff8000000000000
core   0: 0x0000000080005a9e (0x7ff10213) addi    tp, sp, 2047
core   0: 1 0x0000000080005a9e (0x7ff10213) x4  0x00000000000001f6
core   0: 0x0000000080005aa2 (0x2b798653) fmin.d  fa2, fs3, fs7
core   0: 1 0x0000000080005aa2 (0x2b798653) f12 0x7ff8000000000000
core   0: 0x0000000080005aa6 (0x001cc193) xori    gp, s9, 1
core   0: 1 0x0000000080005aa6 (0x001cc193) x3  0xffffffffffc017ff
core   0: 0x0000000080005aaa (0x10419b73) csrrw   s6, sie, gp
core   0: 1 0x0000000080005aaa (0x10419b73) x22 0x0000000000000000 c772_mie 0x0000000000000a00
core   0: 0x0000000080005aae (0xd2018253) fcvt.d.w ft4, gp
core   0: 1 0x0000000080005aae (0xd2018253) f4  0xc14ff40080000000
core   0: 0x0000000080005ab2 (0x00a9a533) slt     a0, s3, a0
core   0: 1 0x0000000080005ab2 (0x00a9a533) x10 0x0000000000000000
core   0: 0x0000000080005ab6 (0x025df2b3) remu    t0, s11, t0
core   0: 1 0x0000000080005ab6 (0x025df2b3) x5  0x0000000000000000
core   0: 0x0000000080005aba (0xc02579d3) fcvt.l.s s3, fa0
core   0: 1 0x0000000080005aba (0xc02579d3) c1_fflags 0x0000000000000010 x19 0x7fffffffffffffff
core   0: 0x0000000080005abe (0x03444433) div     s0, s0, s4
core   0: 1 0x0000000080005abe (0x03444433) x8  0x0000000000000000
core   0: 0x0000000080005ac2 (0x343a9273) csrrw   tp, mtval, s5
core   0: exception trap_illegal_instruction, epc 0x0000000080005ac2
core   0:           tval 0x00000000343a9273
core   0: >>>>  $xrv64i2p1_m2p0_a2p1_f2p2_d2p2_zicsr2p0_zifencei2p0_zmmul1p0_zba1p0_zbb1p0_zbc1p0_zbs1p0
core   0: 0x0000000080004000 (0x0080006f) j       pc + 0x8
core   0: 3 0x0000000080004000 (0x0080006f)
core   0: >>>>  mmode_exception_handler
core   0: 0x0000000080004008 (0x00002c17) auipc   s8, 0x2
core   0: 3 0x0000000080004008 (0x00002c17) x24 0x0000000080006008
core   0: 0x000000008000400c (0x034c0c13) addi    s8, s8, 52
core   0: 3 0x000000008000400c (0x034c0c13) x24 0x000000008000603c
core   0: 0x0000000080004010 (0x000c00e7) jalr    s8
core   0: 3 0x0000000080004010 (0x000c00e7) x1  0x0000000080004014
core   0: >>>>  any_handler
core   0: 0x000000008000603c (0x341027f3) csrrs   a5, mepc, zero
core   0: 3 0x000000008000603c (0x341027f3) x15 0x0000000080005ac2
core   0: 0x0000000080006040 (0x34202773) csrrs   a4, mcause, zero
core   0: 3 0x0000000080006040 (0x34202773) x14 0x0000000000000002
core   0: 0x0000000080006044 (0x142026f3) csrrs   a3, scause, zero
core   0: 3 0x0000000080006044 (0x142026f3) x13 0x0000000000000000
core   0: 0x0000000080006048 (0x30402673) csrrs   a2, mie, zero
core   0: 3 0x0000000080006048 (0x30402673) x12 0x0000000000000a00
core   0: 0x000000008000604c (0x344025f3) csrrs   a1, mip, zero
core   0: 3 0x000000008000604c (0x344025f3) x11 0x0000000000000080
core   0: 0x0000000080006050 (0x343025f3) csrrs   a1, mtval, zero
core   0: 3 0x0000000080006050 (0x343025f3) x11 0x00000000343a9273
core   0: 0x0000000080006054 (0x14302573) csrrs   a0, stval, zero
core   0: 3 0x0000000080006054 (0x14302573) x10 0x0000000000000000
core   0: 0x0000000080006058 (0xb02024f3) csrrs   s1, minstret, zero
core   0: 3 0x0000000080006058 (0xb02024f3) x9  0x00000000000010a5
core   0: 0x000000008000605c (0x0000a811) c.j     pc + 20
core   0: 3 0x000000008000605c (0xa811)
core   0: >>>>  mepc_4
core   0: 0x0000000080006070 (0x00000791) c.addi  a5, 4
core   0: 3 0x0000000080006070 (0x0791) x15 0x0000000080005ac6
core   0: 0x0000000080006072 (0x34179073) csrrw   zero, mepc, a5
core   0: 3 0x0000000080006072 (0x34179073) c833_mepc 0x0000000080005ac6
core   0: 0x0000000080006076 (0x30200073) mret
core   0: 3 0x0000000080006076 (0x30200073) c768_mstatus 0x8000000a00106080
core   0: 0x0000000080005ac6 (0x00102cf3) csrrs   s9, fflags, zero
core   0: 1 0x0000000080005ac6 (0x00102cf3) x25 0x0000000000000010
core   0: 0x0000000080005aca (0xfba47fcf) fnmadd.d ft11, fs0, fs10, ft11
core   0: 1 0x0000000080005aca (0xfba47fcf) f31 0x7ff8000000000000
core   0: 0x0000000080005ace (0x00a393b3) sll     t2, t2, a0
core   0: 1 0x0000000080005ace (0x00a393b3) x7  0xffffffffffffffff
core   0: 0x0000000080005ad2 (0x408d0bb3) sub     s7, s10, s0
core   0: 1 0x0000000080005ad2 (0x408d0bb3) x23 0x0000000000000000
core   0: 0x0000000080005ad6 (0x4077d7bb) sraw    a5, a5, t2
core   0: 1 0x0000000080005ad6 (0x4077d7bb) x15 0xffffffffffffffff
core   0: 0x0000000080005ada (0x0a53f7d3) fsub.d  fa5, ft7, ft5
core   0: 1 0x0000000080005ada (0x0a53f7d3) f15 0x7ff8000000000000
core   0: 0x0000000080005ade (0x000e5c9b) srliw   s9, t3, 0
core   0: 1 0x0000000080005ade (0x000e5c9b) x25 0x0000000000000000
core   0: 0x0000000080005ae2 (0x037d4d33) div     s10, s10, s7
core   0: 1 0x0000000080005ae2 (0x037d4d33) x26 0xffffffffffffffff
core   0: 0x0000000080005ae6 (0xc237f253) fcvt.lu.d tp, fa5
core   0: 1 0x0000000080005ae6 (0xc237f253) c1_fflags 0x0000000000000010 x4  0xffffffffffffffff
core   0: 0x0000000080005aea (0xd23d7553) fcvt.d.lu fa0, s10
core   0: 1 0x0000000080005aea (0xd23d7553) c1_fflags 0x0000000000000011 f10 0x43efffffffffffff
core   0: 0x0000000080005aee (0x41a008bb) subw    a7, zero, s10
core   0: 1 0x0000000080005aee (0x41a008bb) x17 0x0000000000000001
core   0: 0x0000000080005af2 (0x00102173) csrrs   sp, fflags, zero
core   0: 1 0x0000000080005af2 (0x00102173) x2  0x0000000000000011
core   0: 0x0000000080005af6 (0x000094a6) c.add   s1, s1
core   0: 1 0x0000000080005af6 (0x94a6) x9  0x000000000000214a
core   0: 0x0000000080005af8 (0x016c139b) slliw   t2, s8, 22
core   0: 1 0x0000000080005af8 (0x016c139b) x7  0x000000000f000000
core   0: 0x0000000080005afc (0x40938c3b) subw    s8, t2, s1
core   0: 1 0x0000000080005afc (0x40938c3b) x24 0x000000000effdeb6
core   0: 0x0000000080005b00 (0xd0227453) fcvt.s.l fs0, tp
core   0: 1 0x0000000080005b00 (0xd0227453) f8  0xffffffffbf800000
core   0: 0x0000000080005b04 (0xf275f64b) fnmsub.d fa2, fa1, ft7, ft10
core   0: 1 0x0000000080005b04 (0xf275f64b) f12 0x7ff8000000000000
core   0: 0x0000000080005b08 (0xd023f0d3) fcvt.s.l ft1, t2
core   0: 1 0x0000000080005b08 (0xd023f0d3) f1  0xffffffff4d700000
core   0: 0x0000000080005b0c (0x0038583b) srlw    a6, a6, gp
core   0: 1 0x0000000080005b0c (0x0038583b) x16 0x0000000000000001
core   0: 0x0000000080005b10 (0x001a9af3) csrrw   s5, fflags, s5
core   0: 1 0x0000000080005b10 (0x001a9af3) x21 0x0000000000000011 c1_fflags 0x0000000000000000
core   0: 0x0000000080005b14 (0x22ea1597) auipc   a1, 0x22ea1
core   0: 1 0x0000000080005b14 (0x22ea1597) x11 0x00000000a2ea6b14
core   0: 0x0000000080005b18 (0x00741833) sll     a6, s0, t2
core   0: 1 0x0000000080005b18 (0x00741833) x16 0x0000000000000000
core   0: 0x0000000080005b1c (0x03b066b3) rem     a3, zero, s11
core   0: 1 0x0000000080005b1c (0x03b066b3) x13 0x0000000000000000
core   0: 0x0000000080005b20 (0x03864c33) div     s8, a2, s8
core   0: 1 0x0000000080005b20 (0x03864c33) x24 0x0000000000000000
core   0: 0x0000000080005b24 (0x00202473) csrrs   s0, frm, zero
core   0: 1 0x0000000080005b24 (0x00202473) x8  0x0000000000000001
core   0: 0x0000000080005b28 (0x016b55bb) srlw    a1, s6, s6
core   0: 1 0x0000000080005b28 (0x016b55bb) x11 0x0000000000000000
core   0: 0x0000000080005b2c (0x010686bb) addw    a3, a3, a6
core   0: 1 0x0000000080005b2c (0x010686bb) x13 0x0000000000000000
core   0: 0x0000000080005b30 (0xf2080bd3) fmv.d.x fs7, a6
core   0: 1 0x0000000080005b30 (0xf2080bd3) f23 0x0000000000000000
core   0: 0x0000000080005b34 (0x2241af53) fsgnjx.d ft10, ft3, ft4
core   0: 1 0x0000000080005b34 (0x2241af53) f30 0xfff8000000000000
core   0: 0x0000000080005b38 (0x001023f3) csrrs   t2, fflags, zero
core   0: 1 0x0000000080005b38 (0x001023f3) x7  0x0000000000000000
core   0: 0x0000000080005b3c (0x001d949b) slliw   s1, s11, 1
core   0: 1 0x0000000080005b3c (0x001d949b) x9  0x0000000000000000
core   0: 0x0000000080005b40 (0x0230dc13) srli    s8, ra, 35
core   0: 1 0x0000000080005b40 (0x0230dc13) x24 0x0000000000000000
core   0: 0x0000000080005b44 (0x4004d2bb) sraw    t0, s1, zero
core   0: 1 0x0000000080005b44 (0x4004d2bb) x5  0x0000000000000000
core   0: 0x0000000080005b48 (0x00ea593b) srlw    s2, s4, a4
core   0: 1 0x0000000080005b48 (0x00ea593b) x18 0x0000000022000000
core   0: 0x0000000080005b4c (0x403383bb) subw    t2, t2, gp
core   0: 1 0x0000000080005b4c (0x403383bb) x7  0x00000000003fe801
core   0: 0x0000000080005b50 (0x2a611353) fmax.d  ft6, ft2, ft6
core   0: 1 0x0000000080005b50 (0x2a611353) f6  0x406e200000000000
core   0: 0x0000000080005b54 (0x013cd89b) srliw   a7, s9, 19
core   0: 1 0x0000000080005b54 (0x013cd89b) x17 0x0000000000000000
core   0: 0x0000000080005b58 (0x0198eab3) or      s5, a7, s9
core   0: 1 0x0000000080005b58 (0x0198eab3) x21 0x0000000000000000
core   0: 0x0000000080005b5c (0x027877b3) remu    a5, a6, t2
core   0: 1 0x0000000080005b5c (0x027877b3) x15 0x0000000000000000
core   0: 0x0000000080005b60 (0x2b931cd3) fmax.d  fs9, ft6, fs9
core   0: 1 0x0000000080005b60 (0x2b931cd3) f25 0x406e200000000000
core   0: 0x0000000080005b64 (0x2a830453) fmin.d  fs0, ft6, fs0
core   0: 1 0x0000000080005b64 (0x2a830453) f8  0x406e200000000000
core   0: 0x0000000080005b68 (0x0357e63b) remw    a2, a5, s5
core   0: 1 0x0000000080005b68 (0x0357e63b) x12 0x0000000000000000
core   0: 0x0000000080005b6c (0x00202873) csrrs   a6, frm, zero
core   0: 1 0x0000000080005b6c (0x00202873) x16 0x0000000000000001
core   0: 0x0000000080005b70 (0x0ff0000f) fence   iorw,iorw
core   0: 1 0x0000000080005b70 (0x0ff0000f)
core   0: 0x0000000080005b74 (0x00009db1) c.addw  a1, a2
core   0: 1 0x0000000080005b74 (0x9db1) x11 0x0000000000000000
core   0: 0x0000000080005b76 (0x2272724b) fnmsub.d ft4, ft4, ft7, ft4
core   0: 1 0x0000000080005b76 (0x2272724b) f4  0x7ff8000000000000
core   0: 0x0000000080005b7a (0xb2227847) fmsub.d fa6, ft4, ft2, fs6
core   0: 1 0x0000000080005b7a (0xb2227847) f16 0x7ff8000000000000
core   0: 0x0000000080005b7e (0xc2137753) fcvt.wu.d a4, ft6
core   0: 1 0x0000000080005b7e (0xc2137753) x14 0x00000000000000f1
core   0: 0x0000000080005b82 (0x002026f3) csrrs   a3, frm, zero
core   0: 1 0x0000000080005b82 (0x002026f3) x13 0x0000000000000001
core   0: 0x0000000080005b86 (0x00a9d933) srl     s2, s3, a0
core   0: 1 0x0000000080005b86 (0x00a9d933) x18 0x7fffffffffffffff
core   0: 0x0000000080005b8a (0xc0387b53) fcvt.lu.s s6, fa6
core   0: 1 0x0000000080005b8a (0xc0387b53) c1_fflags 0x0000000000000010 x22 0xffffffffffffffff
core   0: 0x0000000080005b8e (0x4086529b) sraiw   t0, a2, 8
core   0: 1 0x0000000080005b8e (0x4086529b) x5  0x0000000000000000
core   0: 0x0000000080005b92 (0xd032f553) fcvt.s.lu fa0, t0
core   0: 1 0x0000000080005b92 (0xd032f553) f10 0xffffffff00000000
core   0: 0x0000000080005b96 (0x000ade9b) srliw   t4, s5, 0
core   0: 1 0x0000000080005b96 (0x000ade9b) x29 0x0000000000000000
core   0: 0x0000000080005b9a (0xd0217b53) fcvt.s.l fs6, sp
core   0: 1 0x0000000080005b9a (0xd0217b53) f22 0xffffffff41880000
core   0: 0x0000000080005b9e (0x2a9b14d3) fmax.d  fs1, fs6, fs1
core   0: 1 0x0000000080005b9e (0x2a9b14d3) f9  0x7ff8000000000000
core   0: 0x0000000080005ba2 (0x001a2db3) slt     s11, s4, ra
core   0: 1 0x0000000080005ba2 (0x001a2db3) x27 0x0000000000000000
core   0: 0x0000000080005ba6 (0x1a84fed3) fdiv.d  ft9, fs1, fs0
core   0: 1 0x0000000080005ba6 (0x1a84fed3) f29 0x7ff8000000000000
core   0: 0x0000000080005baa (0x000c179b) slliw   a5, s8, 0
core   0: 1 0x0000000080005baa (0x000c179b) x15 0x0000000000000000
core   0: 0x0000000080005bae (0x02b37a4f) fnmadd.d fs4, ft6, fa1, ft0
core   0: 1 0x0000000080005bae (0x02b37a4f) f20 0x7ff8000000000000
core   0: 0x0000000080005bb2 (0x2a0300d3) fmin.d  ft1, ft6, ft0
core   0: 1 0x0000000080005bb2 (0x2a0300d3) f1  0x406e200000000000
core   0: 0x0000000080005bb6 (0x23fc12d3) fsgnjn.d ft5, fs8, ft11
core   0: 1 0x0000000080005bb6 (0x23fc12d3) f5  0xc1dfffeffb000000
core   0: 0x0000000080005bba (0x02061533) mulh    a0, a2, zero
core   0: 1 0x0000000080005bba (0x02061533) x10 0x0000000000000000
core   0: 0x0000000080005bbe (0x9e407413) andi    s0, zero, -1564
core   0: 1 0x0000000080005bbe (0x9e407413) x8  0x0000000000000000
core   0: 0x0000000080005bc2 (0x00cd0abb) addw    s5, s10, a2
core   0: 1 0x0000000080005bc2 (0x00cd0abb) x21 0xffffffffffffffff
core   0: 0x0000000080005bc6 (0x00a0d1b3) srl     gp, ra, a0
core   0: 1 0x0000000080005bc6 (0x00a0d1b3) x3  0x0000000080004014
core   0: 0x0000000080005bca (0x000a929b) slliw   t0, s5, 0
core   0: 1 0x0000000080005bca (0x000a929b) x5  0xffffffffffffffff
core   0: 0x0000000080005bce (0xfff44393) not     t2, s0
core   0: 1 0x0000000080005bce (0xfff44393) x7  0xffffffffffffffff
core   0: 0x0000000080005bd2 (0xc2007bd3) fcvt.w.d s7, ft0
core   0: 1 0x0000000080005bd2 (0xc2007bd3) x23 0x00000000000000f1
core   0: 0x0000000080005bd6 (0x01559113) slli    sp, a1, 21
core   0: 1 0x0000000080005bd6 (0x01559113) x2  0x0000000000000000
core   0: 0x0000000080005bda (0x412dd43b) sraw    s0, s11, s2
core   0: 1 0x0000000080005bda (0x412dd43b) x8  0x0000000000000000
core   0: 0x0000000080005bde (0x0136969b) slliw   a3, a3, 19
core   0: 1 0x0000000080005bde (0x0136969b) x13 0x0000000000080000
core   0: 0x0000000080005be2 (0x00a3ae33) slt     t3, t2, a0
core   0: 1 0x0000000080005be2 (0x00a3ae33) x28 0x0000000000000001
core   0: 0x0000000080005be6 (0x02d100bb) mulw    ra, sp, a3
core   0: 1 0x0000000080005be6 (0x02d100bb) x1  0x0000000000000000
core   0: 0x0000000080005bea (0xc769b837) lui     a6, 0xc769b
core   0: 1 0x0000000080005bea (0xc769b837) x16 0xffffffffc769b000
core   0: 0x0000000080005bee (0x03a09913) slli    s2, ra, 58
core   0: 1 0x0000000080005bee (0x03a09913) x18 0x0000000000000000
core   0: 0x0000000080005bf2 (0x035043b3) div     t2, zero, s5
core   0: 1 0x0000000080005bf2 (0x035043b3) x7  0x0000000000000000
core   0: 0x0000000080005bf6 (0x41aa5d3b) sraw    s10, s4, s10
core   0: 1 0x0000000080005bf6 (0x41aa5d3b) x26 0xffffffffffffffff
core   0: 0x0000000080005bfa (0xbad2fcc7) fmsub.d fs9, ft5, fa3, fs7
core   0: 1 0x0000000080005bfa (0xbad2fcc7) f25 0x7ff8000000000000
core   0: 0x0000000080005bfe (0x00102673) csrrs   a2, fflags, zero
core   0: 1 0x0000000080005bfe (0x00102673) x12 0x0000000000000010
core   0: 0x0000000080005c02 (0x4b15ee13) ori     t3, a1, 1201
core   0: 1 0x0000000080005c02 (0x4b15ee13) x28 0x00000000000004b1
core   0: 0x0000000080005c06 (0x340e7c73) csrrci  s8, mscratch, 28
core   0: exception trap_illegal_instruction, epc 0x0000000080005c06
core   0:           tval 0x00000000340e7c73
core   0: >>>>  $xrv64i2p1_m2p0_a2p1_f2p2_d2p2_zicsr2p0_zifencei2p0_zmmul1p0_zba1p0_zbb1p0_zbc1p0_zbs1p0
core   0: 0x0000000080004000 (0x0080006f) j       pc + 0x8
core   0: 3 0x0000000080004000 (0x0080006f)
core   0: >>>>  mmode_exception_handler
core   0: 0x0000000080004008 (0x00002c17) auipc   s8, 0x2
core   0: 3 0x0000000080004008 (0x00002c17) x24 0x0000000080006008
core   0: 0x000000008000400c (0x034c0c13) addi    s8, s8, 52
core   0: 3 0x000000008000400c (0x034c0c13) x24 0x000000008000603c
core   0: 0x0000000080004010 (0x000c00e7) jalr    s8
core   0: 3 0x0000000080004010 (0x000c00e7) x1  0x0000000080004014
core   0: >>>>  any_handler
core   0: 0x000000008000603c (0x341027f3) csrrs   a5, mepc, zero
core   0: 3 0x000000008000603c (0x341027f3) x15 0x0000000080005c06
core   0: 0x0000000080006040 (0x34202773) csrrs   a4, mcause, zero
core   0: 3 0x0000000080006040 (0x34202773) x14 0x0000000000000002
core   0: 0x0000000080006044 (0x142026f3) csrrs   a3, scause, zero
core   0: 3 0x0000000080006044 (0x142026f3) x13 0x0000000000000000
core   0: 0x0000000080006048 (0x30402673) csrrs   a2, mie, zero
core   0: 3 0x0000000080006048 (0x30402673) x12 0x0000000000000a00
core   0: 0x000000008000604c (0x344025f3) csrrs   a1, mip, zero
core   0: 3 0x000000008000604c (0x344025f3) x11 0x0000000000000080
core   0: 0x0000000080006050 (0x343025f3) csrrs   a1, mtval, zero
core   0: 3 0x0000000080006050 (0x343025f3) x11 0x00000000340e7c73
core   0: 0x0000000080006054 (0x14302573) csrrs   a0, stval, zero
core   0: 3 0x0000000080006054 (0x14302573) x10 0x0000000000000000
core   0: 0x0000000080006058 (0xb02024f3) csrrs   s1, minstret, zero
core   0: 3 0x0000000080006058 (0xb02024f3) x9  0x0000000000001106
core   0: 0x000000008000605c (0x0000a811) c.j     pc + 20
core   0: 3 0x000000008000605c (0xa811)
core   0: >>>>  mepc_4
core   0: 0x0000000080006070 (0x00000791) c.addi  a5, 4
core   0: 3 0x0000000080006070 (0x0791) x15 0x0000000080005c0a
core   0: 0x0000000080006072 (0x34179073) csrrw   zero, mepc, a5
core   0: 3 0x0000000080006072 (0x34179073) c833_mepc 0x0000000080005c0a
core   0: 0x0000000080006076 (0x30200073) mret
core   0: 3 0x0000000080006076 (0x30200073) c768_mstatus 0x8000000a00106080
core   0: 0x0000000080005c0a (0x400ed69b) sraiw   a3, t4, 0
core   0: 1 0x0000000080005c0a (0x400ed69b) x13 0x0000000000000000
core   0: 0x0000000080005c0e (0x1392f5c3) fmadd.d fa1, ft5, fs9, ft2
core   0: 1 0x0000000080005c0e (0x1392f5c3) f11 0x7ff8000000000000
core   0: 0x0000000080005c12 (0x01d68333) add     t1, a3, t4
core   0: 1 0x0000000080005c12 (0x01d68333) x6  0x0000000000000000
core   0: 0x0000000080005c16 (0xbb7b7f4f) fnmadd.d ft10, fs6, fs7, fs7
core   0: 1 0x0000000080005c16 (0xbb7b7f4f) f30 0x7ff8000000000000
core   0: 0x0000000080005c1a (0x1be17853) fdiv.d  fa6, ft2, ft10
core   0: 1 0x0000000080005c1a (0x1be17853) f16 0x7ff8000000000000
core   0: 0x0000000080005c1e (0xf2030653) fmv.d.x fa2, t1
core   0: 1 0x0000000080005c1e (0xf2030653) f12 0x0000000000000000
core   0: 0x0000000080005c22 (0x5a077bd3) fsqrt.d fs7, fa4
core   0: 1 0x0000000080005c22 (0x5a077bd3) f23 0x7ff8000000000000
core   0: 0x0000000080005c26 (0x2330a6d3) fsgnjx.d fa3, ft1, fs3
core   0: 1 0x0000000080005c26 (0x2330a6d3) f13 0x406e200000000000
core   0: 0x0000000080005c2a (0x0106561b) srliw   a2, a2, 16
core   0: 1 0x0000000080005c2a (0x0106561b) x12 0x0000000000000000
core   0: 0x0000000080005c2e (0x00c3593b) srlw    s2, t1, a2
core   0: 1 0x0000000080005c2e (0x00c3593b) x18 0x0000000000000000
core   0: 0x0000000080005c32 (0xd03df1d3) fcvt.s.lu ft3, s11
core   0: 1 0x0000000080005c32 (0xd03df1d3) f3  0xffffffff00000000
core   0: 0x0000000080005c36 (0x00202473) csrrs   s0, frm, zero
core   0: 1 0x0000000080005c36 (0x00202473) x8  0x0000000000000001
core   0: 0x0000000080005c3a (0xcad6f443) fmadd.d fs0, fa3, fa3, fs9
core   0: 1 0x0000000080005c3a (0xcad6f443) f8  0x7ff8000000000000
core   0: 0x0000000080005c3e (0xd0237853) fcvt.s.l fa6, t1
core   0: 1 0x0000000080005c3e (0xd0237853) f16 0xffffffff00000000
core   0: 0x0000000080005c42 (0xc0173773) csrrc   a4, time, a4
core   0: exception trap_illegal_instruction, epc 0x0000000080005c42
core   0:           tval 0x00000000c0173773
core   0: >>>>  $xrv64i2p1_m2p0_a2p1_f2p2_d2p2_zicsr2p0_zifencei2p0_zmmul1p0_zba1p0_zbb1p0_zbc1p0_zbs1p0
core   0: 0x0000000080004000 (0x0080006f) j       pc + 0x8
core   0: 3 0x0000000080004000 (0x0080006f)
core   0: >>>>  mmode_exception_handler
core   0: 0x0000000080004008 (0x00002c17) auipc   s8, 0x2
core   0: 3 0x0000000080004008 (0x00002c17) x24 0x0000000080006008
core   0: 0x000000008000400c (0x034c0c13) addi    s8, s8, 52
core   0: 3 0x000000008000400c (0x034c0c13) x24 0x000000008000603c
core   0: 0x0000000080004010 (0x000c00e7) jalr    s8
core   0: 3 0x0000000080004010 (0x000c00e7) x1  0x0000000080004014
core   0: >>>>  any_handler
core   0: 0x000000008000603c (0x341027f3) csrrs   a5, mepc, zero
core   0: 3 0x000000008000603c (0x341027f3) x15 0x0000000080005c42
core   0: 0x0000000080006040 (0x34202773) csrrs   a4, mcause, zero
core   0: 3 0x0000000080006040 (0x34202773) x14 0x0000000000000002
core   0: 0x0000000080006044 (0x142026f3) csrrs   a3, scause, zero
core   0: 3 0x0000000080006044 (0x142026f3) x13 0x0000000000000000
core   0: 0x0000000080006048 (0x30402673) csrrs   a2, mie, zero
core   0: 3 0x0000000080006048 (0x30402673) x12 0x0000000000000a00
core   0: 0x000000008000604c (0x344025f3) csrrs   a1, mip, zero
core   0: 3 0x000000008000604c (0x344025f3) x11 0x0000000000000080
core   0: 0x0000000080006050 (0x343025f3) csrrs   a1, mtval, zero
core   0: 3 0x0000000080006050 (0x343025f3) x11 0x00000000c0173773
core   0: 0x0000000080006054 (0x14302573) csrrs   a0, stval, zero
core   0: 3 0x0000000080006054 (0x14302573) x10 0x0000000000000000
core   0: 0x0000000080006058 (0xb02024f3) csrrs   s1, minstret, zero
core   0: 3 0x0000000080006058 (0xb02024f3) x9  0x0000000000001124
core   0: 0x000000008000605c (0x0000a811) c.j     pc + 20
core   0: 3 0x000000008000605c (0xa811)
core   0: >>>>  mepc_4
core   0: 0x0000000080006070 (0x00000791) c.addi  a5, 4
core   0: 3 0x0000000080006070 (0x0791) x15 0x0000000080005c46
core   0: 0x0000000080006072 (0x34179073) csrrw   zero, mepc, a5
core   0: 3 0x0000000080006072 (0x34179073) c833_mepc 0x0000000080005c46
core   0: 0x0000000080006076 (0x30200073) mret
core   0: 3 0x0000000080006076 (0x30200073) c768_mstatus 0x8000000a00106080
core   0: 0x0000000080005c46 (0x00231e73) csrrw   t3, frm, t1
core   0: 1 0x0000000080005c46 (0x00231e73) x28 0x0000000000000001 c2_frm 0x0000000000000000
core   0: 0x0000000080005c4a (0x0ff0000f) fence   iorw,iorw
core   0: 1 0x0000000080005c4a (0x0ff0000f)
core   0: 0x0000000080005c4e (0x2a141ad3) fmax.d  fs5, fs0, ft1
core   0: 1 0x0000000080005c4e (0x2a141ad3) f21 0x406e200000000000
core   0: 0x0000000080005c52 (0xba2a7a4b) fnmsub.d fs4, fs4, ft2, fs7
core   0: 1 0x0000000080005c52 (0xba2a7a4b) f20 0x7ff8000000000000
core   0: 0x0000000080005c56 (0x039148b3) div     a7, sp, s9
core   0: 1 0x0000000080005c56 (0x039148b3) x17 0xffffffffffffffff
core   0: 0x0000000080005c5a (0x0184ac33) slt     s8, s1, s8
core   0: 1 0x0000000080005c5a (0x0184ac33) x24 0x0000000000000001
core   0: 0x0000000080005c5e (0x4012da93) srai    s5, t0, 1
core   0: 1 0x0000000080005c5e (0x4012da93) x21 0xffffffffffffffff
core   0: 0x0000000080005c62 (0x7ab0c697) auipc   a3, 0x7ab0c
core   0: 1 0x0000000080005c62 (0x7ab0c697) x13 0x00000000fab11c62
core   0: 0x0000000080005c66 (0x62e4fb4b) fnmsub.d fs6, fs1, fa4, fa2
core   0: 1 0x0000000080005c66 (0x62e4fb4b) f22 0x7ff8000000000000
core   0: 0x0000000080005c6a (0x5a0e7e53) fsqrt.d ft8, ft8
core   0: 1 0x0000000080005c6a (0x5a0e7e53) f28 0x7ff8000000000000
core   0: 0x0000000080005c6e (0xf125e373) csrrsi  t1, marchid, 11
core   0: exception trap_illegal_instruction, epc 0x0000000080005c6e
core   0:           tval 0x00000000f125e373
core   0: >>>>  $xrv64i2p1_m2p0_a2p1_f2p2_d2p2_zicsr2p0_zifencei2p0_zmmul1p0_zba1p0_zbb1p0_zbc1p0_zbs1p0
core   0: 0x0000000080004000 (0x0080006f) j       pc + 0x8
core   0: 3 0x0000000080004000 (0x0080006f)
core   0: >>>>  mmode_exception_handler
core   0: 0x0000000080004008 (0x00002c17) auipc   s8, 0x2
core   0: 3 0x0000000080004008 (0x00002c17) x24 0x0000000080006008
core   0: 0x000000008000400c (0x034c0c13) addi    s8, s8, 52
core   0: 3 0x000000008000400c (0x034c0c13) x24 0x000000008000603c
core   0: 0x0000000080004010 (0x000c00e7) jalr    s8
core   0: 3 0x0000000080004010 (0x000c00e7) x1  0x0000000080004014
core   0: >>>>  any_handler
core   0: 0x000000008000603c (0x341027f3) csrrs   a5, mepc, zero
core   0: 3 0x000000008000603c (0x341027f3) x15 0x0000000080005c6e
core   0: 0x0000000080006040 (0x34202773) csrrs   a4, mcause, zero
core   0: 3 0x0000000080006040 (0x34202773) x14 0x0000000000000002
core   0: 0x0000000080006044 (0x142026f3) csrrs   a3, scause, zero
core   0: 3 0x0000000080006044 (0x142026f3) x13 0x0000000000000000
core   0: 0x0000000080006048 (0x30402673) csrrs   a2, mie, zero
core   0: 3 0x0000000080006048 (0x30402673) x12 0x0000000000000a00
core   0: 0x000000008000604c (0x344025f3) csrrs   a1, mip, zero
core   0: 3 0x000000008000604c (0x344025f3) x11 0x0000000000000080
core   0: 0x0000000080006050 (0x343025f3) csrrs   a1, mtval, zero
core   0: 3 0x0000000080006050 (0x343025f3) x11 0x00000000f125e373
core   0: 0x0000000080006054 (0x14302573) csrrs   a0, stval, zero
core   0: 3 0x0000000080006054 (0x14302573) x10 0x0000000000000000
core   0: 0x0000000080006058 (0xb02024f3) csrrs   s1, minstret, zero
core   0: 3 0x0000000080006058 (0xb02024f3) x9  0x000000000000113e
core   0: 0x000000008000605c (0x0000a811) c.j     pc + 20
core   0: 3 0x000000008000605c (0xa811)
core   0: >>>>  mepc_4
core   0: 0x0000000080006070 (0x00000791) c.addi  a5, 4
core   0: 3 0x0000000080006070 (0x0791) x15 0x0000000080005c72
core   0: 0x0000000080006072 (0x34179073) csrrw   zero, mepc, a5
core   0: 3 0x0000000080006072 (0x34179073) c833_mepc 0x0000000080005c72
core   0: 0x0000000080006076 (0x30200073) mret
core   0: 3 0x0000000080006076 (0x30200073) c768_mstatus 0x8000000a00106080
core   0: 0x0000000080005c72 (0x00b603b3) add     t2, a2, a1
core   0: 1 0x0000000080005c72 (0x00b603b3) x7  0x00000000f125ed73
core   0: 0x0000000080005c76 (0x1b64f1cf) fnmadd.d ft3, fs1, fs6, ft3
core   0: 1 0x0000000080005c76 (0x1b64f1cf) f3  0x7ff8000000000000
core   0: 0x0000000080005c7a (0xc2327953) fcvt.lu.d s2, ft4
core   0: 1 0x0000000080005c7a (0xc2327953) c1_fflags 0x0000000000000010 x18 0xffffffffffffffff
core   0: 0x0000000080005c7e (0x02c55893) srli    a7, a0, 44
core   0: 1 0x0000000080005c7e (0x02c55893) x17 0x0000000000000000
core   0: 0x0000000080005c82 (0x0ff0000f) fence   iorw,iorw
core   0: 1 0x0000000080005c82 (0x0ff0000f)
core   0: 0x0000000080005c86 (0x22a4a553) fsgnjx.d fa0, fs1, fa0
core   0: 1 0x0000000080005c86 (0x22a4a553) f10 0xfff8000000000000
core   0: 0x0000000080005c8a (0x411603bb) subw    t2, a2, a7
core   0: 1 0x0000000080005c8a (0x411603bb) x7  0x0000000000000a00
core   0: 0x0000000080005c8e (0xbdbb9c37) lui     s8, 0xbdbb9
core   0: 1 0x0000000080005c8e (0xbdbb9c37) x24 0xffffffffbdbb9000
core   0: 0x0000000080005c92 (0x00a959bb) srlw    s3, s2, a0
core   0: 1 0x0000000080005c92 (0x00a959bb) x19 0xffffffffffffffff
core   0: 0x0000000080005c96 (0x00aad0b3) srl     ra, s5, a0
core   0: 1 0x0000000080005c96 (0x00aad0b3) x1  0xffffffffffffffff
core   0: 0x0000000080005c9a (0x2b1e0453) fmin.d  fs0, ft8, fa7
core   0: 1 0x0000000080005c9a (0x2b1e0453) f8  0x7ff8000000000000
core   0: 0x0000000080005c9e (0x31a074f3) csrrci  s1, menvcfgh, 0
core   0: exception trap_illegal_instruction, epc 0x0000000080005c9e
core   0:           tval 0x0000000031a074f3
core   0: >>>>  $xrv64i2p1_m2p0_a2p1_f2p2_d2p2_zicsr2p0_zifencei2p0_zmmul1p0_zba1p0_zbb1p0_zbc1p0_zbs1p0
core   0: 0x0000000080004000 (0x0080006f) j       pc + 0x8
core   0: 3 0x0000000080004000 (0x0080006f)
core   0: >>>>  mmode_exception_handler
core   0: 0x0000000080004008 (0x00002c17) auipc   s8, 0x2
core   0: 3 0x0000000080004008 (0x00002c17) x24 0x0000000080006008
core   0: 0x000000008000400c (0x034c0c13) addi    s8, s8, 52
core   0: 3 0x000000008000400c (0x034c0c13) x24 0x000000008000603c
core   0: 0x0000000080004010 (0x000c00e7) jalr    s8
core   0: 3 0x0000000080004010 (0x000c00e7) x1  0x0000000080004014
core   0: >>>>  any_handler
core   0: 0x000000008000603c (0x341027f3) csrrs   a5, mepc, zero
core   0: 3 0x000000008000603c (0x341027f3) x15 0x0000000080005c9e
core   0: 0x0000000080006040 (0x34202773) csrrs   a4, mcause, zero
core   0: 3 0x0000000080006040 (0x34202773) x14 0x0000000000000002
core   0: 0x0000000080006044 (0x142026f3) csrrs   a3, scause, zero
core   0: 3 0x0000000080006044 (0x142026f3) x13 0x0000000000000000
core   0: 0x0000000080006048 (0x30402673) csrrs   a2, mie, zero
core   0: 3 0x0000000080006048 (0x30402673) x12 0x0000000000000a00
core   0: 0x000000008000604c (0x344025f3) csrrs   a1, mip, zero
core   0: 3 0x000000008000604c (0x344025f3) x11 0x0000000000000080
core   0: 0x0000000080006050 (0x343025f3) csrrs   a1, mtval, zero
core   0: 3 0x0000000080006050 (0x343025f3) x11 0x0000000031a074f3
core   0: 0x0000000080006054 (0x14302573) csrrs   a0, stval, zero
core   0: 3 0x0000000080006054 (0x14302573) x10 0x0000000000000000
core   0: 0x0000000080006058 (0xb02024f3) csrrs   s1, minstret, zero
core   0: 3 0x0000000080006058 (0xb02024f3) x9  0x0000000000001159
core   0: 0x000000008000605c (0x0000a811) c.j     pc + 20
core   0: 3 0x000000008000605c (0xa811)
core   0: >>>>  mepc_4
core   0: 0x0000000080006070 (0x00000791) c.addi  a5, 4
core   0: 3 0x0000000080006070 (0x0791) x15 0x0000000080005ca2
core   0: 0x0000000080006072 (0x34179073) csrrw   zero, mepc, a5
core   0: 3 0x0000000080006072 (0x34179073) c833_mepc 0x0000000080005ca2
core   0: 0x0000000080006076 (0x30200073) mret
core   0: 3 0x0000000080006076 (0x30200073) c768_mstatus 0x8000000a00106080
core   0: 0x0000000080005ca2 (0xaa018eb7) lui     t4, 0xaa018
core   0: 1 0x0000000080005ca2 (0xaa018eb7) x29 0xffffffffaa018000
core   0: 0x0000000080005ca6 (0x011a129b) slliw   t0, s4, 17
core   0: 1 0x0000000080005ca6 (0x011a129b) x5  0x0000000000000000
core   0: 0x0000000080005caa (0x405a84bb) subw    s1, s5, t0
core   0: 1 0x0000000080005caa (0x405a84bb) x9  0xffffffffffffffff
core   0: 0x0000000080005cae (0x1ba67753) fdiv.d  fa4, fa2, fs10
core   0: 1 0x0000000080005cae (0x1ba67753) f14 0x7ff8000000000000
core   0: 0x0000000080005cb2 (0xff106237) lui     tp, 0xff106
core   0: 1 0x0000000080005cb2 (0xff106237) x4  0xffffffffff106000
core   0: 0x0000000080005cb6 (0x0000324d) c.addiw tp, -13
core   0: 1 0x0000000080005cb6 (0x324d) x4  0xffffffffff105ff3
core   0: 0x0000000080005cb8 (0x00000232) c.slli  tp, 12
core   0: 1 0x0000000080005cb8 (0x0232) x4  0xfffffff105ff3000
core   0: 0x0000000080005cba (0x6da20213) addi    tp, tp, 1754
core   0: 1 0x0000000080005cba (0x6da20213) x4  0xfffffff105ff36da
core   0: 0x0000000080005cbe (0x008e9e1b) slliw   t3, t4, 8
core   0: 1 0x0000000080005cbe (0x008e9e1b) x28 0x0000000001800000
core   0: 0x0000000080005cc2 (0x022602bb) mulw    t0, a2, sp
core   0: 1 0x0000000080005cc2 (0x022602bb) x5  0x0000000000000000
core   0: 0x0000000080005cc6 (0xd92920b7) lui     ra, 0xd9292
core   0: 1 0x0000000080005cc6 (0xd92920b7) x1  0xffffffffd9292000
core   0: 0x0000000080005cca (0xfff3021b) addiw   tp, t1, -1
core   0: 1 0x0000000080005cca (0xfff3021b) x4  0xffffffffffffffff
core   0: 0x0000000080005cce (0x13137353) fmul.d  ft6, ft6, fa7
core   0: 1 0x0000000080005cce (0x13137353) f6  0x7ff8000000000000
core   0: 0x0000000080005cd2 (0xc219f153) fcvt.wu.d sp, fs3
core   0: 1 0x0000000080005cd2 (0xc219f153) c1_fflags 0x0000000000000010 x2  0xffffffffffffffff
core   0: 0x0000000080005cd6 (0x34313673) csrrc   a2, mtval, sp
core   0: exception trap_illegal_instruction, epc 0x0000000080005cd6
core   0:           tval 0x0000000034313673
core   0: >>>>  $xrv64i2p1_m2p0_a2p1_f2p2_d2p2_zicsr2p0_zifencei2p0_zmmul1p0_zba1p0_zbb1p0_zbc1p0_zbs1p0
core   0: 0x0000000080004000 (0x0080006f) j       pc + 0x8
core   0: 3 0x0000000080004000 (0x0080006f)
core   0: >>>>  mmode_exception_handler
core   0: 0x0000000080004008 (0x00002c17) auipc   s8, 0x2
core   0: 3 0x0000000080004008 (0x00002c17) x24 0x0000000080006008
core   0: 0x000000008000400c (0x034c0c13) addi    s8, s8, 52
core   0: 3 0x000000008000400c (0x034c0c13) x24 0x000000008000603c
core   0: 0x0000000080004010 (0x000c00e7) jalr    s8
core   0: 3 0x0000000080004010 (0x000c00e7) x1  0x0000000080004014
core   0: >>>>  any_handler
core   0: 0x000000008000603c (0x341027f3) csrrs   a5, mepc, zero
core   0: 3 0x000000008000603c (0x341027f3) x15 0x0000000080005cd6
core   0: 0x0000000080006040 (0x34202773) csrrs   a4, mcause, zero
core   0: 3 0x0000000080006040 (0x34202773) x14 0x0000000000000002
core   0: 0x0000000080006044 (0x142026f3) csrrs   a3, scause, zero
core   0: 3 0x0000000080006044 (0x142026f3) x13 0x0000000000000000
core   0: 0x0000000080006048 (0x30402673) csrrs   a2, mie, zero
core   0: 3 0x0000000080006048 (0x30402673) x12 0x0000000000000a00
core   0: 0x000000008000604c (0x344025f3) csrrs   a1, mip, zero
core   0: 3 0x000000008000604c (0x344025f3) x11 0x0000000000000080
core   0: 0x0000000080006050 (0x343025f3) csrrs   a1, mtval, zero
core   0: 3 0x0000000080006050 (0x343025f3) x11 0x0000000034313673
core   0: 0x0000000080006054 (0x14302573) csrrs   a0, stval, zero
core   0: 3 0x0000000080006054 (0x14302573) x10 0x0000000000000000
core   0: 0x0000000080006058 (0xb02024f3) csrrs   s1, minstret, zero
core   0: 3 0x0000000080006058 (0xb02024f3) x9  0x0000000000001177
core   0: 0x000000008000605c (0x0000a811) c.j     pc + 20
core   0: 3 0x000000008000605c (0xa811)
core   0: >>>>  mepc_4
core   0: 0x0000000080006070 (0x00000791) c.addi  a5, 4
core   0: 3 0x0000000080006070 (0x0791) x15 0x0000000080005cda
core   0: 0x0000000080006072 (0x34179073) csrrw   zero, mepc, a5
core   0: 3 0x0000000080006072 (0x34179073) c833_mepc 0x0000000080005cda
core   0: 0x0000000080006076 (0x30200073) mret
core   0: 3 0x0000000080006076 (0x30200073) c768_mstatus 0x8000000a00106080
core   0: 0x0000000080005cda (0xc2277c53) fcvt.l.d s8, fa4
core   0: 1 0x0000000080005cda (0xc2277c53) c1_fflags 0x0000000000000010 x24 0x7fffffffffffffff
core   0: 0x0000000080005cde (0x007e07bb) addw    a5, t3, t2
core   0: 1 0x0000000080005cde (0x007e07bb) x15 0x0000000001800a00
core   0: 0x0000000080005ce2 (0xe2070553) fmv.x.d a0, fa4
core   0: 1 0x0000000080005ce2 (0xe2070553) x10 0x7ff8000000000000
core   0: 0x0000000080005ce6 (0xd2178253) fcvt.d.wu ft4, a5
core   0: 1 0x0000000080005ce6 (0xd2178253) f4  0x417800a000000000
core   0: 0x0000000080005cea (0x120a7f53) fmul.d  ft10, fs4, ft0
core   0: 1 0x0000000080005cea (0x120a7f53) f30 0x7ff8000000000000
core   0: 0x0000000080005cee (0x0036559b) srliw   a1, a2, 3
core   0: 1 0x0000000080005cee (0x0036559b) x11 0x0000000000000140
core   0: 0x0000000080005cf2 (0x00fd11bb) sllw    gp, s10, a5
core   0: 1 0x0000000080005cf2 (0x00fd11bb) x3  0xffffffffffffffff
core   0: 0x0000000080005cf6 (0x0001c1b3) xor     gp, gp, zero
core   0: 1 0x0000000080005cf6 (0x0001c1b3) x3  0xffffffffffffffff
core   0: 0x0000000080005cfa (0x02375233) divu    tp, a4, gp
core   0: 1 0x0000000080005cfa (0x02375233) x4  0x0000000000000000
core   0: 0x0000000080005cfe (0x009505b3) add     a1, a0, s1
core   0: 1 0x0000000080005cfe (0x009505b3) x11 0x7ff8000000001177
core   0: 0x0000000080005d02 (0x2ac91953) fmax.d  fs2, fs2, fa2
core   0: 1 0x0000000080005d02 (0x2ac91953) f18 0x0000000000000000
core   0: 0x0000000080005d06 (0x0be0fa43) fmadd.d fs4, ft1, ft10, ft1
core   0: 1 0x0000000080005d06 (0x0be0fa43) f20 0x7ff8000000000000
core   0: 0x0000000080005d0a (0x41398033) sub     zero, s3, s3
core   0: 1 0x0000000080005d0a (0x41398033)
core   0: 0x0000000080005d0e (0xd23076d3) fcvt.d.lu fa3, zero
core   0: 1 0x0000000080005d0e (0xd23076d3) f13 0x0000000000000000
core   0: 0x0000000080005d12 (0x0339ebbb) remw    s7, s3, s3
core   0: 1 0x0000000080005d12 (0x0339ebbb) x23 0x0000000000000000
core   0: 0x0000000080005d16 (0x12aafd53) fmul.d  fs10, fs5, fa0
core   0: 1 0x0000000080005d16 (0x12aafd53) f26 0x7ff8000000000000
core   0: 0x0000000080005d1a (0x01b3833b) addw    t1, t2, s11
core   0: 1 0x0000000080005d1a (0x01b3833b) x6  0x0000000000000a00
core   0: 0x0000000080005d1e (0x0c4a9497) auipc   s1, 0xc4a9
core   0: 1 0x0000000080005d1e (0x0c4a9497) x9  0x000000008c4aed1e
core   0: 0x0000000080005d22 (0x229a1e53) fsgnjn.d ft8, fs4, fs1
core   0: 1 0x0000000080005d22 (0x229a1e53) f28 0xfff8000000000000
core   0: 0x0000000080005d26 (0xc22a77d3) fcvt.l.d a5, fs4
core   0: 1 0x0000000080005d26 (0xc22a77d3) c1_fflags 0x0000000000000010 x15 0x7fffffffffffffff
core   0: 0x0000000080005d2a (0x2b449753) fmax.d  fa4, fs1, fs4
core   0: 1 0x0000000080005d2a (0x2b449753) f14 0x7ff8000000000000
core   0: 0x0000000080005d2e (0x0017819b) addiw   gp, a5, 1
core   0: 1 0x0000000080005d2e (0x0017819b) x3  0x0000000000000000
core   0: 0x0000000080005d32 (0x40fdddbb) sraw    s11, s11, a5
core   0: 1 0x0000000080005d32 (0x40fdddbb) x27 0x0000000000000000
core   0: 0x0000000080005d36 (0x0adbf153) fsub.d  ft2, fs7, fa3
core   0: 1 0x0000000080005d36 (0x0adbf153) f2  0x7ff8000000000000
core   0: 0x0000000080005d3a (0x22da9ad3) fsgnjn.d fs5, fs5, fa3
core   0: 1 0x0000000080005d3a (0x22da9ad3) f21 0xc06e200000000000
core   0: 0x0000000080005d3e (0x0379683b) remw    a6, s2, s7
core   0: 1 0x0000000080005d3e (0x0379683b) x16 0xffffffffffffffff
core   0: 0x0000000080005d42 (0x42b80313) addi    t1, a6, 1067
core   0: 1 0x0000000080005d42 (0x42b80313) x6  0x000000000000042a
core   0: 0x0000000080005d46 (0x01fbdb9b) srliw   s7, s7, 31
core   0: 1 0x0000000080005d46 (0x01fbdb9b) x23 0x0000000000000000
core   0: 0x0000000080005d4a (0x00e7161b) slliw   a2, a4, 14
core   0: 1 0x0000000080005d4a (0x00e7161b) x12 0x0000000000008000
core   0: 0x0000000080005d4e (0x039ce3bb) remw    t2, s9, s9
core   0: 1 0x0000000080005d4e (0x039ce3bb) x7  0x0000000000000000
core   0: 0x0000000080005d52 (0xc0217353) fcvt.l.s t1, ft2
core   0: 1 0x0000000080005d52 (0xc0217353) c1_fflags 0x0000000000000010 x6  0x7fffffffffffffff
core   0: 0x0000000080005d56 (0x0061aa33) slt     s4, gp, t1
core   0: 1 0x0000000080005d56 (0x0061aa33) x20 0x0000000000000001
core   0: 0x0000000080005d5a (0x00660033) add     zero, a2, t1
core   0: 1 0x0000000080005d5a (0x00660033)
core   0: 0x0000000080005d5e (0x008b1e33) sll     t3, s6, s0
core   0: 1 0x0000000080005d5e (0x008b1e33) x28 0xfffffffffffffffe
core   0: 0x0000000080005d62 (0x01fa5a1b) srliw   s4, s4, 31
core   0: 1 0x0000000080005d62 (0x01fa5a1b) x20 0x0000000000000000
core   0: 0x0000000080005d66 (0x0207fa53) fadd.d  fs4, fa5, ft0
core   0: 1 0x0000000080005d66 (0x0207fa53) f20 0x7ff8000000000000
core   0: 0x0000000080005d6a (0x0199c1b3) xor     gp, s3, s9
core   0: 1 0x0000000080005d6a (0x0199c1b3) x3  0xffffffffffffffff
core   0: 0x0000000080005d6e (0x0141d5bb) srlw    a1, gp, s4
core   0: 1 0x0000000080005d6e (0x0141d5bb) x11 0xffffffffffffffff
core   0: 0x0000000080005d72 (0x05c47513) andi    a0, s0, 92
core   0: 1 0x0000000080005d72 (0x05c47513) x10 0x0000000000000000
core   0: 0x0000000080005d76 (0xd2257253) fcvt.d.l ft4, a0
core   0: 1 0x0000000080005d76 (0xd2257253) f4  0x0000000000000000
core   0: 0x0000000080005d7a (0x0383dc33) divu    s8, t2, s8
core   0: 1 0x0000000080005d7a (0x0383dc33) x24 0x0000000000000000
core   0: 0x0000000080005d7e (0x40145e1b) sraiw   t3, s0, 1
core   0: 1 0x0000000080005d7e (0x40145e1b) x28 0x0000000000000000
core   0: 0x0000000080005d82 (0x2a180ed3) fmin.d  ft9, fa6, ft1
core   0: 1 0x0000000080005d82 (0x2a180ed3) f29 0x406e200000000000
core   0: 0x0000000080005d86 (0xc21b7dd3) fcvt.wu.d s11, fs6
core   0: 1 0x0000000080005d86 (0xc21b7dd3) c1_fflags 0x0000000000000010 x27 0xffffffffffffffff
core   0: 0x0000000080005d8a (0x32307bf3) csrrci  s7, mhpmevent3, 0
core   0: exception trap_illegal_instruction, epc 0x0000000080005d8a
core   0:           tval 0x0000000032307bf3
core   0: >>>>  $xrv64i2p1_m2p0_a2p1_f2p2_d2p2_zicsr2p0_zifencei2p0_zmmul1p0_zba1p0_zbb1p0_zbc1p0_zbs1p0
core   0: 0x0000000080004000 (0x0080006f) j       pc + 0x8
core   0: 3 0x0000000080004000 (0x0080006f)
core   0: >>>>  mmode_exception_handler
core   0: 0x0000000080004008 (0x00002c17) auipc   s8, 0x2
core   0: 3 0x0000000080004008 (0x00002c17) x24 0x0000000080006008
core   0: 0x000000008000400c (0x034c0c13) addi    s8, s8, 52
core   0: 3 0x000000008000400c (0x034c0c13) x24 0x000000008000603c
core   0: 0x0000000080004010 (0x000c00e7) jalr    s8
core   0: 3 0x0000000080004010 (0x000c00e7) x1  0x0000000080004014
core   0: >>>>  any_handler
core   0: 0x000000008000603c (0x341027f3) csrrs   a5, mepc, zero
core   0: 3 0x000000008000603c (0x341027f3) x15 0x0000000080005d8a
core   0: 0x0000000080006040 (0x34202773) csrrs   a4, mcause, zero
core   0: 3 0x0000000080006040 (0x34202773) x14 0x0000000000000002
core   0: 0x0000000080006044 (0x142026f3) csrrs   a3, scause, zero
core   0: 3 0x0000000080006044 (0x142026f3) x13 0x0000000000000000
core   0: 0x0000000080006048 (0x30402673) csrrs   a2, mie, zero
core   0: 3 0x0000000080006048 (0x30402673) x12 0x0000000000000a00
core   0: 0x000000008000604c (0x344025f3) csrrs   a1, mip, zero
core   0: 3 0x000000008000604c (0x344025f3) x11 0x0000000000000080
core   0: 0x0000000080006050 (0x343025f3) csrrs   a1, mtval, zero
core   0: 3 0x0000000080006050 (0x343025f3) x11 0x0000000032307bf3
core   0: 0x0000000080006054 (0x14302573) csrrs   a0, stval, zero
core   0: 3 0x0000000080006054 (0x14302573) x10 0x0000000000000000
core   0: 0x0000000080006058 (0xb02024f3) csrrs   s1, minstret, zero
core   0: 3 0x0000000080006058 (0xb02024f3) x9  0x00000000000011b3
core   0: 0x000000008000605c (0x0000a811) c.j     pc + 20
core   0: 3 0x000000008000605c (0xa811)
core   0: >>>>  mepc_4
core   0: 0x0000000080006070 (0x00000791) c.addi  a5, 4
core   0: 3 0x0000000080006070 (0x0791) x15 0x0000000080005d8e
core   0: 0x0000000080006072 (0x34179073) csrrw   zero, mepc, a5
core   0: 3 0x0000000080006072 (0x34179073) c833_mepc 0x0000000080005d8e
core   0: 0x0000000080006076 (0x30200073) mret
core   0: 3 0x0000000080006076 (0x30200073) c768_mstatus 0x8000000a00106080
core   0: 0x0000000080005d8e (0x0bfbf053) fsub.d  ft0, fs7, ft11
core   0: 1 0x0000000080005d8e (0x0bfbf053) f0  0x7ff8000000000000
core   0: 0x0000000080005d92 (0x5a007653) fsqrt.d fa2, ft0
core   0: 1 0x0000000080005d92 (0x5a007653) f12 0x7ff8000000000000
core   0: 0x0000000080005d96 (0x2b2a0953) fmin.d  fs2, fs4, fs2
core   0: 1 0x0000000080005d96 (0x2b2a0953) f18 0x0000000000000000
core   0: 0x0000000080005d9a (0x05cb0ab7) lui     s5, 0x5cb0
core   0: 1 0x0000000080005d9a (0x05cb0ab7) x21 0x0000000005cb0000
core   0: 0x0000000080005d9e (0xbb9a8a9b) addiw   s5, s5, -1095
core   0: 1 0x0000000080005d9e (0xbb9a8a9b) x21 0x0000000005cafbb9
core   0: 0x0000000080005da2 (0x00000ab2) c.slli  s5, 12
core   0: 1 0x0000000080005da2 (0x0ab2) x21 0x0000005cafbb9000
core   0: 0x0000000080005da4 (0x10ca8a93) addi    s5, s5, 268
core   0: 1 0x0000000080005da4 (0x10ca8a93) x21 0x0000005cafbb910c
core   0: 0x0000000080005da8 (0xc03d73d3) fcvt.lu.s t2, fs10
core   0: 1 0x0000000080005da8 (0xc03d73d3) c1_fflags 0x0000000000000010 x7  0xffffffffffffffff
core   0: 0x0000000080005dac (0x0000327d) c.addiw tp, -1
core   0: 1 0x0000000080005dac (0x327d) x4  0xffffffffffffffff
core   0: 0x0000000080005dae (0x01ad543b) srlw    s0, s10, s10
core   0: 1 0x0000000080005dae (0x01ad543b) x8  0x0000000000000001
core   0: 0x0000000080005db2 (0xc0317153) fcvt.lu.s sp, ft2
core   0: 1 0x0000000080005db2 (0xc0317153) c1_fflags 0x0000000000000010 x2  0xffffffffffffffff
core   0: 0x0000000080005db6 (0x5a0d7f53) fsqrt.d ft10, fs10
core   0: 1 0x0000000080005db6 (0x5a0d7f53) f30 0x7ff8000000000000
core   0: 0x0000000080005dba (0x01ce2933) slt     s2, t3, t3
core   0: 1 0x0000000080005dba (0x01ce2933) x18 0x0000000000000000
core   0: 0x0000000080005dbe (0xc214fa53) fcvt.wu.d s4, fs1
core   0: 1 0x0000000080005dbe (0xc214fa53) c1_fflags 0x0000000000000010 x20 0xffffffffffffffff
core   0: 0x0000000080005dc2 (0x018efeb3) and     t4, t4, s8
core   0: 1 0x0000000080005dc2 (0x018efeb3) x29 0x0000000080000000
core   0: 0x0000000080005dc6 (0x001494f3) csrrw   s1, fflags, s1
core   0: 1 0x0000000080005dc6 (0x001494f3) x9  0x0000000000000010 c1_fflags 0x0000000000000013
core   0: 0x0000000080005dca (0xd21203d3) fcvt.d.wu ft7, tp
core   0: 1 0x0000000080005dca (0xd21203d3) f7  0x41efffffffe00000
core   0: 0x0000000080005dce (0x0291c4bb) divw    s1, gp, s1
core   0: 1 0x0000000080005dce (0x0291c4bb) x9  0x0000000000000000
core   0: 0x0000000080005dd2 (0x4122d733) sra     a4, t0, s2
core   0: 1 0x0000000080005dd2 (0x4122d733) x14 0x0000000000000000
core   0: 0x0000000080005dd6 (0x1acc7653) fdiv.d  fa2, fs8, fa2
core   0: 1 0x0000000080005dd6 (0x1acc7653) f12 0x7ff8000000000000
core   0: 0x0000000080005dda (0x001027f3) csrrs   a5, fflags, zero
core   0: 1 0x0000000080005dda (0x001027f3) x15 0x0000000000000013
core   0: 0x0000000080005dde (0x010ad833) srl     a6, s5, a6
core   0: 1 0x0000000080005dde (0x010ad833) x16 0x0000000000000000
core   0: 0x0000000080005de2 (0x02187fd3) fadd.d  ft11, fa6, ft1
core   0: 1 0x0000000080005de2 (0x02187fd3) f31 0x7ff8000000000000
core   0: 0x0000000080005de6 (0x2b6b1b53) fmax.d  fs6, fs6, fs6
core   0: 1 0x0000000080005de6 (0x2b6b1b53) f22 0x7ff8000000000000
core   0: 0x0000000080005dea (0x00319bb3) sll     s7, gp, gp
core   0: 1 0x0000000080005dea (0x00319bb3) x23 0x8000000000000000
core   0: 0x0000000080005dee (0xc21b7b53) fcvt.wu.d s6, fs6
core   0: 1 0x0000000080005dee (0xc21b7b53) c1_fflags 0x0000000000000013 x22 0xffffffffffffffff
core   0: 0x0000000080005df2 (0x9210facf) fnmadd.d fs5, ft1, ft1, fs2
core   0: 1 0x0000000080005df2 (0x9210facf) f21 0xc0ec5c2000000000
core   0: 0x0000000080005df6 (0x37eb059b) addiw   a1, s6, 894
core   0: 1 0x0000000080005df6 (0x37eb059b) x11 0x000000000000037d
core   0: 0x0000000080005dfa (0x00000001) c.nop
core   0: 1 0x0000000080005dfa (0x0001)
core   0: 0x0000000080005dfc (0x00121af3) csrrw   s5, fflags, tp
core   0: 1 0x0000000080005dfc (0x00121af3) x21 0x0000000000000013 c1_fflags 0x000000000000001f
core   0: 0x0000000080005e00 (0x401f7553) fcvt.s.d fa0, ft10
core   0: 1 0x0000000080005e00 (0x401f7553) f10 0xffffffff7fc00000
core   0: 0x0000000080005e04 (0x800a811b) addiw   sp, s5, -2048
core   0: 1 0x0000000080005e04 (0x800a811b) x2  0xfffffffffffff813
core   0: 0x0000000080005e08 (0x012ad6bb) srlw    a3, s5, s2
core   0: 1 0x0000000080005e08 (0x012ad6bb) x13 0x0000000000000013
core   0: 0x0000000080005e0c (0x00dc1a3b) sllw    s4, s8, a3
core   0: 1 0x0000000080005e0c (0x00dc1a3b) x20 0x0000000001e00000
core   0: 0x0000000080005e10 (0x00009eca) c.add   t4, s2
core   0: 1 0x0000000080005e10 (0x9eca) x29 0x0000000080000000
core   0: 0x0000000080005e12 (0xf20782d3) fmv.d.x ft5, a5
core   0: 1 0x0000000080005e12 (0xf20782d3) f5  0x0000000000000013
core   0: 0x0000000080005e16 (0x00f1533b) srlw    t1, sp, a5
core   0: 1 0x0000000080005e16 (0x00f1533b) x6  0x0000000000001fff
core   0: 0x0000000080005e1a (0x00000001) c.nop
core   0: 1 0x0000000080005e1a (0x0001)
core   0: 0x0000000080005e1c (0x5a007cd3) fsqrt.d fs9, ft0
core   0: 1 0x0000000080005e1c (0x5a007cd3) f25 0x7ff8000000000000
core   0: 0x0000000080005e20 (0xbb847bcb) fnmsub.d fs7, fs0, fs8, fs7
core   0: 1 0x0000000080005e20 (0xbb847bcb) f23 0x7ff8000000000000
core   0: 0x0000000080005e24 (0x002e9773) csrrw   a4, frm, t4
core   0: 1 0x0000000080005e24 (0x002e9773) x14 0x0000000000000000 c2_frm 0x0000000000000000
core   0: 0x0000000080005e28 (0x41b1deb3) sra     t4, gp, s11
core   0: 1 0x0000000080005e28 (0x41b1deb3) x29 0xffffffffffffffff
core   0: 0x0000000080005e2c (0x013ef6b3) and     a3, t4, s3
core   0: 1 0x0000000080005e2c (0x013ef6b3) x13 0xffffffffffffffff
core   0: 0x0000000080005e30 (0x5ff6eb93) ori     s7, a3, 1535
core   0: 1 0x0000000080005e30 (0x5ff6eb93) x23 0xffffffffffffffff
core   0: 0x0000000080005e34 (0xc20c7e53) fcvt.w.d t3, fs8
core   0: 1 0x0000000080005e34 (0xc20c7e53) x28 0xffffffff80004014
core   0: 0x0000000080005e38 (0xa38b8b53) fle.d   s6, fs7, fs8
core   0: 1 0x0000000080005e38 (0xa38b8b53) c1_fflags 0x000000000000001f x22 0x0000000000000000
core   0: 0x0000000080005e3c (0x40088533) sub     a0, a7, zero
core   0: 1 0x0000000080005e3c (0x40088533) x10 0x0000000000000000
core   0: 0x0000000080005e40 (0x01150233) add     tp, a0, a7
core   0: 1 0x0000000080005e40 (0x01150233) x4  0x0000000000000000
core   0: 0x0000000080005e44 (0x00000001) c.nop
core   0: 1 0x0000000080005e44 (0x0001)
core   0: 0x0000000080005e46 (0x7ff50c93) addi    s9, a0, 2047
core   0: 1 0x0000000080005e46 (0x7ff50c93) x25 0x00000000000007ff
core   0: 0x0000000080005e4a (0x001029f3) csrrs   s3, fflags, zero
core   0: 1 0x0000000080005e4a (0x001029f3) x19 0x000000000000001f
core   0: 0x0000000080005e4e (0x1a69f9d3) fdiv.d  fs3, fs3, ft6
core   0: 1 0x0000000080005e4e (0x1a69f9d3) f19 0x7ff8000000000000
core   0: 0x0000000080005e52 (0x00cadcbb) srlw    s9, s5, a2
core   0: 1 0x0000000080005e52 (0x00cadcbb) x25 0x0000000000000013
core   0: 0x0000000080005e56 (0x01276933) or      s2, a4, s2
core   0: 1 0x0000000080005e56 (0x01276933) x18 0x0000000000000000
core   0: 0x0000000080005e5a (0x69451537) lui     a0, 0x69451
core   0: 1 0x0000000080005e5a (0x69451537) x10 0x0000000069451000
core   0: 0x0000000080005e5e (0xc226fe53) fcvt.l.d t3, fa3
core   0: 1 0x0000000080005e5e (0xc226fe53) x28 0x0000000000000000
core   0: 0x0000000080005e62 (0x02f272d3) fadd.d  ft5, ft4, fa5
core   0: 1 0x0000000080005e62 (0x02f272d3) f5  0x7ff8000000000000
core   0: 0x0000000080005e66 (0x4001531b) sraiw   t1, sp, 0
core   0: 1 0x0000000080005e66 (0x4001531b) x6  0xfffffffffffff813
core   0: 0x0000000080005e6a (0x026be5bb) remw    a1, s7, t1
core   0: 1 0x0000000080005e6a (0x026be5bb) x11 0xffffffffffffffff
core   0: 0x0000000080005e6e (0xd20286d3) fcvt.d.w fa3, t0
core   0: 1 0x0000000080005e6e (0xd20286d3) f13 0x0000000000000000
core   0: 0x0000000080005e72 (0x0269f9b3) remu    s3, s3, t1
core   0: 1 0x0000000080005e72 (0x0269f9b3) x19 0x000000000000001f
core   0: 0x0000000080005e76 (0x4075d8bb) sraw    a7, a1, t2
core   0: 1 0x0000000080005e76 (0x4075d8bb) x17 0xffffffffffffffff
core   0: 0x0000000080005e7a (0xc209f3d3) fcvt.w.d t2, fs3
core   0: 1 0x0000000080005e7a (0xc209f3d3) c1_fflags 0x000000000000001f x7  0x000000007fffffff
core   0: 0x0000000080005e7e (0xc23a75d3) fcvt.lu.d a1, fs4
core   0: 1 0x0000000080005e7e (0xc23a75d3) c1_fflags 0x000000000000001f x11 0xffffffffffffffff
core   0: 0x0000000080005e82 (0x43335413) srai    s0, t1, 51
core   0: 1 0x0000000080005e82 (0x43335413) x8  0xffffffffffffffff
core   0: 0x0000000080005e86 (0x403401bb) subw    gp, s0, gp
core   0: 1 0x0000000080005e86 (0x403401bb) x3  0x0000000000000000
core   0: 0x0000000080005e8a (0x00102873) csrrs   a6, fflags, zero
core   0: 1 0x0000000080005e8a (0x00102873) x16 0x000000000000001f
core   0: 0x0000000080005e8e (0xc2067153) fcvt.w.d sp, fa2
core   0: 1 0x0000000080005e8e (0xc2067153) c1_fflags 0x000000000000001f x2  0x000000007fffffff
core   0: 0x0000000080005e92 (0x0301603b) remw    zero, sp, a6
core   0: 1 0x0000000080005e92 (0x0301603b)
core   0: 0x0000000080005e96 (0x22169453) fsgnjn.d fs0, fa3, ft1
core   0: 1 0x0000000080005e96 (0x22169453) f8  0x8000000000000000
core   0: 0x0000000080005e9a (0x01f9d79b) srliw   a5, s3, 31
core   0: 1 0x0000000080005e9a (0x01f9d79b) x15 0x0000000000000000
core   0: 0x0000000080005e9e (0x0137de33) srl     t3, a5, s3
core   0: 1 0x0000000080005e9e (0x0137de33) x28 0x0000000000000000
core   0: 0x0000000080005ea2 (0x00addc33) srl     s8, s11, a0
core   0: 1 0x0000000080005ea2 (0x00addc33) x24 0xffffffffffffffff
core   0: 0x0000000080005ea6 (0x00919333) sll     t1, gp, s1
core   0: 1 0x0000000080005ea6 (0x00919333) x6  0x0000000000000000
core   0: 0x0000000080005eaa (0x72a3f74b) fnmsub.d fa4, ft7, fa0, fa4
core   0: 1 0x0000000080005eaa (0x72a3f74b) f14 0x7ff8000000000000
core   0: 0x0000000080005eae (0x0ac5f0d3) fsub.d  ft1, fa1, fa2
core   0: 1 0x0000000080005eae (0x0ac5f0d3) f1  0x7ff8000000000000
core   0: 0x0000000080005eb2 (0x02c778d3) fadd.d  fa7, fa4, fa2
core   0: 1 0x0000000080005eb2 (0x02c778d3) f17 0x7ff8000000000000
core   0: 0x0000000080005eb6 (0xc220f2d3) fcvt.l.d t0, ft1
core   0: 1 0x0000000080005eb6 (0xc220f2d3) c1_fflags 0x000000000000001f x5  0x7fffffffffffffff
core   0: 0x0000000080005eba (0x7ffc859b) addiw   a1, s9, 2047
core   0: 1 0x0000000080005eba (0x7ffc859b) x11 0x0000000000000812
core   0: 0x0000000080005ebe (0xd225f6d3) fcvt.d.l fa3, a1
core   0: 1 0x0000000080005ebe (0xd225f6d3) f13 0x40a0240000000000
core   0: 0x0000000080005ec2 (0x40147ed3) fcvt.s.d ft9, fs0
core   0: 1 0x0000000080005ec2 (0x40147ed3) f29 0xffffffff80000000
core   0: 0x0000000080005ec6 (0x91fdc113) xori    sp, s11, -1761
core   0: 1 0x0000000080005ec6 (0x91fdc113) x2  0x00000000000006e0
core   0: 0x0000000080005eca (0x40025c13) srai    s8, tp, 0
core   0: 1 0x0000000080005eca (0x40025c13) x24 0x0000000000000000
core   0: 0x0000000080005ece (0x000d5593) srli    a1, s10, 0
core   0: 1 0x0000000080005ece (0x000d5593) x11 0xffffffffffffffff
core   0: 0x0000000080005ed2 (0x001d9573) csrrw   a0, fflags, s11
core   0: 1 0x0000000080005ed2 (0x001d9573) x10 0x000000000000001f c1_fflags 0x000000000000001f
core   0: 0x0000000080005ed6 (0x00651b37) lui     s6, 0x651
core   0: 1 0x0000000080005ed6 (0x00651b37) x22 0x0000000000651000
core   0: 0x0000000080005eda (0xa77b0b1b) addiw   s6, s6, -1417
core   0: 1 0x0000000080005eda (0xa77b0b1b) x22 0x0000000000650a77
core   0: 0x0000000080005ede (0x00000b42) c.slli  s6, 16
core   0: 1 0x0000000080005ede (0x0b42) x22 0x000000650a770000
core   0: 0x0000000080005ee0 (0xfb2b0b13) addi    s6, s6, -78
core   0: 1 0x0000000080005ee0 (0xfb2b0b13) x22 0x000000650a76ffb2
core   0: 0x0000000080005ee4 (0x00031693) slli    a3, t1, 0
core   0: 1 0x0000000080005ee4 (0x00031693) x13 0x0000000000000000
core   0: 0x0000000080005ee8 (0x0303b237) lui     tp, 0x303b
core   0: 1 0x0000000080005ee8 (0x0303b237) x4  0x000000000303b000
core   0: 0x0000000080005eec (0xfbb2021b) addiw   tp, tp, -69
core   0: 1 0x0000000080005eec (0xfbb2021b) x4  0x000000000303afbb
core   0: 0x0000000080005ef0 (0x00000236) c.slli  tp, 13
core   0: 1 0x0000000080005ef0 (0x0236) x4  0x0000006075f76000
core   0: 0x0000000080005ef2 (0xa8620213) addi    tp, tp, -1402
core   0: 1 0x0000000080005ef2 (0xa8620213) x4  0x0000006075f75a86
core   0: 0x0000000080005ef6 (0x02576ab3) rem     s5, a4, t0
core   0: 1 0x0000000080005ef6 (0x02576ab3) x21 0x0000000000000000
core   0: 0x0000000080005efa (0x0073f2b3) and     t0, t2, t2
core   0: 1 0x0000000080005efa (0x0073f2b3) x5  0x000000007fffffff
core   0: 0x0000000080005efe (0x222585d3) fsgnj.d fa1, fa1, ft2
core   0: 1 0x0000000080005efe (0x222585d3) f11 0x7ff8000000000000
core   0: 0x0000000080005f02 (0xf13075f3) csrrci  a1, mimpid, 0
core   0: exception trap_illegal_instruction, epc 0x0000000080005f02
core   0:           tval 0x00000000f13075f3
core   0: >>>>  $xrv64i2p1_m2p0_a2p1_f2p2_d2p2_zicsr2p0_zifencei2p0_zmmul1p0_zba1p0_zbb1p0_zbc1p0_zbs1p0
core   0: 0x0000000080004000 (0x0080006f) j       pc + 0x8
core   0: 3 0x0000000080004000 (0x0080006f)
core   0: >>>>  mmode_exception_handler
core   0: 0x0000000080004008 (0x00002c17) auipc   s8, 0x2
core   0: 3 0x0000000080004008 (0x00002c17) x24 0x0000000080006008
core   0: 0x000000008000400c (0x034c0c13) addi    s8, s8, 52
core   0: 3 0x000000008000400c (0x034c0c13) x24 0x000000008000603c
core   0: 0x0000000080004010 (0x000c00e7) jalr    s8
core   0: 3 0x0000000080004010 (0x000c00e7) x1  0x0000000080004014
core   0: >>>>  any_handler
core   0: 0x000000008000603c (0x341027f3) csrrs   a5, mepc, zero
core   0: 3 0x000000008000603c (0x341027f3) x15 0x0000000080005f02
core   0: 0x0000000080006040 (0x34202773) csrrs   a4, mcause, zero
core   0: 3 0x0000000080006040 (0x34202773) x14 0x0000000000000002
core   0: 0x0000000080006044 (0x142026f3) csrrs   a3, scause, zero
core   0: 3 0x0000000080006044 (0x142026f3) x13 0x0000000000000000
core   0: 0x0000000080006048 (0x30402673) csrrs   a2, mie, zero
core   0: 3 0x0000000080006048 (0x30402673) x12 0x0000000000000a00
core   0: 0x000000008000604c (0x344025f3) csrrs   a1, mip, zero
core   0: 3 0x000000008000604c (0x344025f3) x11 0x0000000000000080
core   0: 0x0000000080006050 (0x343025f3) csrrs   a1, mtval, zero
core   0: 3 0x0000000080006050 (0x343025f3) x11 0x00000000f13075f3
core   0: 0x0000000080006054 (0x14302573) csrrs   a0, stval, zero
core   0: 3 0x0000000080006054 (0x14302573) x10 0x0000000000000000
core   0: 0x0000000080006058 (0xb02024f3) csrrs   s1, minstret, zero
core   0: 3 0x0000000080006058 (0xb02024f3) x9  0x0000000000001224
core   0: 0x000000008000605c (0x0000a811) c.j     pc + 20
core   0: 3 0x000000008000605c (0xa811)
core   0: >>>>  mepc_4
core   0: 0x0000000080006070 (0x00000791) c.addi  a5, 4
core   0: 3 0x0000000080006070 (0x0791) x15 0x0000000080005f06
core   0: 0x0000000080006072 (0x34179073) csrrw   zero, mepc, a5
core   0: 3 0x0000000080006072 (0x34179073) c833_mepc 0x0000000080005f06
core   0: 0x0000000080006076 (0x30200073) mret
core   0: 3 0x0000000080006076 (0x30200073) c768_mstatus 0x8000000a00106080
core   0: 0x0000000080005f06 (0x40685833) sra     a6, a6, t1
core   0: 1 0x0000000080005f06 (0x40685833) x16 0x000000000000001f
core   0: 0x0000000080005f0a (0x00b393bb) sllw    t2, t2, a1
core   0: 1 0x0000000080005f0a (0x00b393bb) x7  0xfffffffffff80000
core   0: 0x0000000080005f0e (0x4186de3b) sraw    t3, a3, s8
core   0: 1 0x0000000080005f0e (0x4186de3b) x28 0x0000000000000000
core   0: 0x0000000080005f12 (0x01bc94bb) sllw    s1, s9, s11
core   0: 1 0x0000000080005f12 (0x01bc94bb) x9  0xffffffff80000000
core   0: 0x0000000080005f16 (0xd22672d3) fcvt.d.l ft5, a2
core   0: 1 0x0000000080005f16 (0xd22672d3) f5  0x40a4000000000000
core   0: 0x0000000080005f1a (0x0348db33) divu    s6, a7, s4
core   0: 1 0x0000000080005f1a (0x0348db33) x22 0x0000008888888888
core   0: 0x0000000080005f1e (0x02f0e6b3) rem     a3, ra, a5
core   0: 1 0x0000000080005f1e (0x02f0e6b3) x13 0x0000000080004014
core   0: 0x0000000080005f22 (0x8006c593) xori    a1, a3, -2048
core   0: 1 0x0000000080005f22 (0x8006c593) x11 0xffffffff7fffb814
core   0: 0x0000000080005f26 (0x024388b3) mul     a7, t2, tp
core   0: 1 0x0000000080005f26 (0x024388b3) x17 0xfcfc50452bd00000
core   0: 0x0000000080005f2a (0xd21d0dd3) fcvt.d.wu fs11, s10
core   0: 1 0x0000000080005f2a (0xd21d0dd3) f27 0x41efffffffe00000
core   0: 0x0000000080005f2e (0x000999bb) sllw    s3, s3, zero
core   0: 1 0x0000000080005f2e (0x000999bb) x19 0x000000000000001f
core   0: 0x0000000080005f32 (0x03855d93) srli    s11, a0, 56
core   0: 1 0x0000000080005f32 (0x03855d93) x27 0x0000000000000000
core   0: 0x0000000080005f36 (0xf8c50c9b) addiw   s9, a0, -116
core   0: 1 0x0000000080005f36 (0xf8c50c9b) x25 0xffffffffffffff8c
core   0: 0x0000000080005f3a (0x03b86933) rem     s2, a6, s11
core   0: 1 0x0000000080005f3a (0x03b86933) x18 0x000000000000001f
core   0: 0x0000000080005f3e (0x0119c8b3) xor     a7, s3, a7
core   0: 1 0x0000000080005f3e (0x0119c8b3) x17 0xfcfc50452bd0001f
core   0: 0x0000000080005f42 (0x0188a7b3) slt     a5, a7, s8
core   0: 1 0x0000000080005f42 (0x0188a7b3) x15 0x0000000000000001
core   0: 0x0000000080005f46 (0xe20f88d3) fmv.x.d a7, ft11
core   0: 1 0x0000000080005f46 (0xe20f88d3) x17 0x7ff8000000000000
core   0: 0x0000000080005f4a (0x1004bbf3) csrrc   s7, sstatus, s1
core   0: 1 0x0000000080005f4a (0x1004bbf3) x23 0x8000000200006000 c768_mstatus 0x8000000a00106080
core   0: 0x0000000080005f4e (0x037b8eb3) mul     t4, s7, s7
core   0: 1 0x0000000080005f4e (0x037b8eb3) x29 0x0001800024000000
core   0: 0x0000000080005f52 (0x02c243bb) divw    t2, tp, a2
core   0: 1 0x0000000080005f52 (0x02c243bb) x7  0x00000000000bcbef
core   0: 0x0000000080005f56 (0x008bebb3) or      s7, s7, s0
core   0: 1 0x0000000080005f56 (0x008bebb3) x23 0xffffffffffffffff
core   0: 0x0000000080005f5a (0x0061d693) srli    a3, gp, 6
core   0: 1 0x0000000080005f5a (0x0061d693) x13 0x0000000000000000
core   0: 0x0000000080005f5e (0x00102ef3) csrrs   t4, fflags, zero
core   0: 1 0x0000000080005f5e (0x00102ef3) x29 0x000000000000001f
core   0: 0x0000000080005f62 (0x00221df3) csrrw   s11, frm, tp
core   0: 1 0x0000000080005f62 (0x00221df3) x27 0x0000000000000000 c2_frm 0x0000000000000006
core   0: 0x0000000080005f66 (0x42090153) fcvt.d.s ft2, fs2
core   0: 1 0x0000000080005f66 (0x42090153) f2  0x7ff8000000000000
core   0: 0x0000000080005f6a (0xe3b2fe47) fmsub.d ft8, ft5, fs11, ft8
core   0: exception trap_illegal_instruction, epc 0x0000000080005f6a
core   0:           tval 0x00000000e3b2fe47
core   0: >>>>  $xrv64i2p1_m2p0_a2p1_f2p2_d2p2_zicsr2p0_zifencei2p0_zmmul1p0_zba1p0_zbb1p0_zbc1p0_zbs1p0
core   0: 0x0000000080004000 (0x0080006f) j       pc + 0x8
core   0: 3 0x0000000080004000 (0x0080006f)
core   0: >>>>  mmode_exception_handler
core   0: 0x0000000080004008 (0x00002c17) auipc   s8, 0x2
core   0: 3 0x0000000080004008 (0x00002c17) x24 0x0000000080006008
core   0: 0x000000008000400c (0x034c0c13) addi    s8, s8, 52
core   0: 3 0x000000008000400c (0x034c0c13) x24 0x000000008000603c
core   0: 0x0000000080004010 (0x000c00e7) jalr    s8
core   0: 3 0x0000000080004010 (0x000c00e7) x1  0x0000000080004014
core   0: >>>>  any_handler
core   0: 0x000000008000603c (0x341027f3) csrrs   a5, mepc, zero
core   0: 3 0x000000008000603c (0x341027f3) x15 0x0000000080005f6a
core   0: 0x0000000080006040 (0x34202773) csrrs   a4, mcause, zero
core   0: 3 0x0000000080006040 (0x34202773) x14 0x0000000000000002
core   0: 0x0000000080006044 (0x142026f3) csrrs   a3, scause, zero
core   0: 3 0x0000000080006044 (0x142026f3) x13 0x0000000000000000
core   0: 0x0000000080006048 (0x30402673) csrrs   a2, mie, zero
core   0: 3 0x0000000080006048 (0x30402673) x12 0x0000000000000a00
core   0: 0x000000008000604c (0x344025f3) csrrs   a1, mip, zero
core   0: 3 0x000000008000604c (0x344025f3) x11 0x0000000000000080
core   0: 0x0000000080006050 (0x343025f3) csrrs   a1, mtval, zero
core   0: 3 0x0000000080006050 (0x343025f3) x11 0x00000000e3b2fe47
core   0: 0x0000000080006054 (0x14302573) csrrs   a0, stval, zero
core   0: 3 0x0000000080006054 (0x14302573) x10 0x0000000000000000
core   0: 0x0000000080006058 (0xb02024f3) csrrs   s1, minstret, zero
core   0: 3 0x0000000080006058 (0xb02024f3) x9  0x000000000000124d
core   0: 0x000000008000605c (0x0000a811) c.j     pc + 20
core   0: 3 0x000000008000605c (0xa811)
core   0: >>>>  mepc_4
core   0: 0x0000000080006070 (0x00000791) c.addi  a5, 4
core   0: 3 0x0000000080006070 (0x0791) x15 0x0000000080005f6e
core   0: 0x0000000080006072 (0x34179073) csrrw   zero, mepc, a5
core   0: 3 0x0000000080006072 (0x34179073) c833_mepc 0x0000000080005f6e
core   0: 0x0000000080006076 (0x30200073) mret
core   0: 3 0x0000000080006076 (0x30200073) c768_mstatus 0x8000000a00106080
core   0: 0x0000000080005f6e (0x40de5a1b) sraiw   s4, t3, 13
core   0: 1 0x0000000080005f6e (0x40de5a1b) x20 0x0000000000000000
core   0: 0x0000000080005f72 (0x038e7e3b) remuw   t3, t3, s8
core   0: 1 0x0000000080005f72 (0x038e7e3b) x28 0x0000000000000000
core   0: 0x0000000080005f76 (0x034e6cb3) rem     s9, t3, s4
core   0: 1 0x0000000080005f76 (0x034e6cb3) x25 0x0000000000000000
core   0: 0x0000000080005f7a (0x1aa97cd3) fdiv.d  fs9, fs2, fa0
core   0: exception trap_illegal_instruction, epc 0x0000000080005f7a
core   0:           tval 0x000000001aa97cd3
core   0: >>>>  $xrv64i2p1_m2p0_a2p1_f2p2_d2p2_zicsr2p0_zifencei2p0_zmmul1p0_zba1p0_zbb1p0_zbc1p0_zbs1p0
core   0: 0x0000000080004000 (0x0080006f) j       pc + 0x8
core   0: 3 0x0000000080004000 (0x0080006f)
core   0: >>>>  mmode_exception_handler
core   0: 0x0000000080004008 (0x00002c17) auipc   s8, 0x2
core   0: 3 0x0000000080004008 (0x00002c17) x24 0x0000000080006008
core   0: 0x000000008000400c (0x034c0c13) addi    s8, s8, 52
core   0: 3 0x000000008000400c (0x034c0c13) x24 0x000000008000603c
core   0: 0x0000000080004010 (0x000c00e7) jalr    s8
core   0: 3 0x0000000080004010 (0x000c00e7) x1  0x0000000080004014
core   0: >>>>  any_handler
core   0: 0x000000008000603c (0x341027f3) csrrs   a5, mepc, zero
core   0: 3 0x000000008000603c (0x341027f3) x15 0x0000000080005f7a
core   0: 0x0000000080006040 (0x34202773) csrrs   a4, mcause, zero
core   0: 3 0x0000000080006040 (0x34202773) x14 0x0000000000000002
core   0: 0x0000000080006044 (0x142026f3) csrrs   a3, scause, zero
core   0: 3 0x0000000080006044 (0x142026f3) x13 0x0000000000000000
core   0: 0x0000000080006048 (0x30402673) csrrs   a2, mie, zero
core   0: 3 0x0000000080006048 (0x30402673) x12 0x0000000000000a00
core   0: 0x000000008000604c (0x344025f3) csrrs   a1, mip, zero
core   0: 3 0x000000008000604c (0x344025f3) x11 0x0000000000000080
core   0: 0x0000000080006050 (0x343025f3) csrrs   a1, mtval, zero
core   0: 3 0x0000000080006050 (0x343025f3) x11 0x000000001aa97cd3
core   0: 0x0000000080006054 (0x14302573) csrrs   a0, stval, zero
core   0: 3 0x0000000080006054 (0x14302573) x10 0x0000000000000000
core   0: 0x0000000080006058 (0xb02024f3) csrrs   s1, minstret, zero
core   0: 3 0x0000000080006058 (0xb02024f3) x9  0x0000000000001260
core   0: 0x000000008000605c (0x0000a811) c.j     pc + 20
core   0: 3 0x000000008000605c (0xa811)
core   0: >>>>  mepc_4
core   0: 0x0000000080006070 (0x00000791) c.addi  a5, 4
core   0: 3 0x0000000080006070 (0x0791) x15 0x0000000080005f7e
core   0: 0x0000000080006072 (0x34179073) csrrw   zero, mepc, a5
core   0: 3 0x0000000080006072 (0x34179073) c833_mepc 0x0000000080005f7e
core   0: 0x0000000080006076 (0x30200073) mret
core   0: 3 0x0000000080006076 (0x30200073) c768_mstatus 0x8000000a00106080
core   0: 0x0000000080005f7e (0x0020db9b) srliw   s7, ra, 2
core   0: 1 0x0000000080005f7e (0x0020db9b) x23 0x0000000020001005
core   0: 0x0000000080005f82 (0x00202af3) csrrs   s5, frm, zero
core   0: 1 0x0000000080005f82 (0x00202af3) x21 0x0000000000000006
core   0: 0x0000000080005f86 (0x01a92433) slt     s0, s2, s10
core   0: 1 0x0000000080005f86 (0x01a92433) x8  0x0000000000000000
core   0: 0x0000000080005f8a (0xc03bfe53) fcvt.lu.s t3, fs7
core   0: exception trap_illegal_instruction, epc 0x0000000080005f8a
core   0:           tval 0x00000000c03bfe53
core   0: >>>>  $xrv64i2p1_m2p0_a2p1_f2p2_d2p2_zicsr2p0_zifencei2p0_zmmul1p0_zba1p0_zbb1p0_zbc1p0_zbs1p0
core   0: 0x0000000080004000 (0x0080006f) j       pc + 0x8
core   0: 3 0x0000000080004000 (0x0080006f)
core   0: >>>>  mmode_exception_handler
core   0: 0x0000000080004008 (0x00002c17) auipc   s8, 0x2
core   0: 3 0x0000000080004008 (0x00002c17) x24 0x0000000080006008
core   0: 0x000000008000400c (0x034c0c13) addi    s8, s8, 52
core   0: 3 0x000000008000400c (0x034c0c13) x24 0x000000008000603c
core   0: 0x0000000080004010 (0x000c00e7) jalr    s8
core   0: 3 0x0000000080004010 (0x000c00e7) x1  0x0000000080004014
core   0: >>>>  any_handler
core   0: 0x000000008000603c (0x341027f3) csrrs   a5, mepc, zero
core   0: 3 0x000000008000603c (0x341027f3) x15 0x0000000080005f8a
core   0: 0x0000000080006040 (0x34202773) csrrs   a4, mcause, zero
core   0: 3 0x0000000080006040 (0x34202773) x14 0x0000000000000002
core   0: 0x0000000080006044 (0x142026f3) csrrs   a3, scause, zero
core   0: 3 0x0000000080006044 (0x142026f3) x13 0x0000000000000000
core   0: 0x0000000080006048 (0x30402673) csrrs   a2, mie, zero
core   0: 3 0x0000000080006048 (0x30402673) x12 0x0000000000000a00
core   0: 0x000000008000604c (0x344025f3) csrrs   a1, mip, zero
core   0: 3 0x000000008000604c (0x344025f3) x11 0x0000000000000080
core   0: 0x0000000080006050 (0x343025f3) csrrs   a1, mtval, zero
core   0: 3 0x0000000080006050 (0x343025f3) x11 0x00000000c03bfe53
core   0: 0x0000000080006054 (0x14302573) csrrs   a0, stval, zero
core   0: 3 0x0000000080006054 (0x14302573) x10 0x0000000000000000
core   0: 0x0000000080006058 (0xb02024f3) csrrs   s1, minstret, zero
core   0: 3 0x0000000080006058 (0xb02024f3) x9  0x0000000000001273
core   0: 0x000000008000605c (0x0000a811) c.j     pc + 20
core   0: 3 0x000000008000605c (0xa811)
core   0: >>>>  mepc_4
core   0: 0x0000000080006070 (0x00000791) c.addi  a5, 4
core   0: 3 0x0000000080006070 (0x0791) x15 0x0000000080005f8e
core   0: 0x0000000080006072 (0x34179073) csrrw   zero, mepc, a5
core   0: 3 0x0000000080006072 (0x34179073) c833_mepc 0x0000000080005f8e
core   0: 0x0000000080006076 (0x30200073) mret
core   0: 3 0x0000000080006076 (0x30200073) c768_mstatus 0x8000000a00106080
core   0: 0x0000000080005f8e (0x23952453) fsgnjx.d fs0, fa0, fs9
core   0: 1 0x0000000080005f8e (0x23952453) f8  0xffffffff7fc00000
core   0: 0x0000000080005f92 (0xe3d87ecf) fnmadd.d ft9, fa6, ft9, ft8
core   0: exception trap_illegal_instruction, epc 0x0000000080005f92
core   0:           tval 0x00000000e3d87ecf
core   0: >>>>  $xrv64i2p1_m2p0_a2p1_f2p2_d2p2_zicsr2p0_zifencei2p0_zmmul1p0_zba1p0_zbb1p0_zbc1p0_zbs1p0
core   0: 0x0000000080004000 (0x0080006f) j       pc + 0x8
core   0: 3 0x0000000080004000 (0x0080006f)
core   0: >>>>  mmode_exception_handler
core   0: 0x0000000080004008 (0x00002c17) auipc   s8, 0x2
core   0: 3 0x0000000080004008 (0x00002c17) x24 0x0000000080006008
core   0: 0x000000008000400c (0x034c0c13) addi    s8, s8, 52
core   0: 3 0x000000008000400c (0x034c0c13) x24 0x000000008000603c
core   0: 0x0000000080004010 (0x000c00e7) jalr    s8
core   0: 3 0x0000000080004010 (0x000c00e7) x1  0x0000000080004014
core   0: >>>>  any_handler
core   0: 0x000000008000603c (0x341027f3) csrrs   a5, mepc, zero
core   0: 3 0x000000008000603c (0x341027f3) x15 0x0000000080005f92
core   0: 0x0000000080006040 (0x34202773) csrrs   a4, mcause, zero
core   0: 3 0x0000000080006040 (0x34202773) x14 0x0000000000000002
core   0: 0x0000000080006044 (0x142026f3) csrrs   a3, scause, zero
core   0: 3 0x0000000080006044 (0x142026f3) x13 0x0000000000000000
core   0: 0x0000000080006048 (0x30402673) csrrs   a2, mie, zero
core   0: 3 0x0000000080006048 (0x30402673) x12 0x0000000000000a00
core   0: 0x000000008000604c (0x344025f3) csrrs   a1, mip, zero
core   0: 3 0x000000008000604c (0x344025f3) x11 0x0000000000000080
core   0: 0x0000000080006050 (0x343025f3) csrrs   a1, mtval, zero
core   0: 3 0x0000000080006050 (0x343025f3) x11 0x00000000e3d87ecf
core   0: 0x0000000080006054 (0x14302573) csrrs   a0, stval, zero
core   0: 3 0x0000000080006054 (0x14302573) x10 0x0000000000000000
core   0: 0x0000000080006058 (0xb02024f3) csrrs   s1, minstret, zero
core   0: 3 0x0000000080006058 (0xb02024f3) x9  0x0000000000001284
core   0: 0x000000008000605c (0x0000a811) c.j     pc + 20
core   0: 3 0x000000008000605c (0xa811)
core   0: >>>>  mepc_4
core   0: 0x0000000080006070 (0x00000791) c.addi  a5, 4
core   0: 3 0x0000000080006070 (0x0791) x15 0x0000000080005f96
core   0: 0x0000000080006072 (0x34179073) csrrw   zero, mepc, a5
core   0: 3 0x0000000080006072 (0x34179073) c833_mepc 0x0000000080005f96
core   0: 0x0000000080006076 (0x30200073) mret
core   0: 3 0x0000000080006076 (0x30200073) c768_mstatus 0x8000000a00106080
core   0: 0x0000000080005f96 (0xd028f8d3) fcvt.s.l fa7, a7
core   0: exception trap_illegal_instruction, epc 0x0000000080005f96
core   0:           tval 0x00000000d028f8d3
core   0: >>>>  $xrv64i2p1_m2p0_a2p1_f2p2_d2p2_zicsr2p0_zifencei2p0_zmmul1p0_zba1p0_zbb1p0_zbc1p0_zbs1p0
core   0: 0x0000000080004000 (0x0080006f) j       pc + 0x8
core   0: 3 0x0000000080004000 (0x0080006f)
core   0: >>>>  mmode_exception_handler
core   0: 0x0000000080004008 (0x00002c17) auipc   s8, 0x2
core   0: 3 0x0000000080004008 (0x00002c17) x24 0x0000000080006008
core   0: 0x000000008000400c (0x034c0c13) addi    s8, s8, 52
core   0: 3 0x000000008000400c (0x034c0c13) x24 0x000000008000603c
core   0: 0x0000000080004010 (0x000c00e7) jalr    s8
core   0: 3 0x0000000080004010 (0x000c00e7) x1  0x0000000080004014
core   0: >>>>  any_handler
core   0: 0x000000008000603c (0x341027f3) csrrs   a5, mepc, zero
core   0: 3 0x000000008000603c (0x341027f3) x15 0x0000000080005f96
core   0: 0x0000000080006040 (0x34202773) csrrs   a4, mcause, zero
core   0: 3 0x0000000080006040 (0x34202773) x14 0x0000000000000002
core   0: 0x0000000080006044 (0x142026f3) csrrs   a3, scause, zero
core   0: 3 0x0000000080006044 (0x142026f3) x13 0x0000000000000000
core   0: 0x0000000080006048 (0x30402673) csrrs   a2, mie, zero
core   0: 3 0x0000000080006048 (0x30402673) x12 0x0000000000000a00
core   0: 0x000000008000604c (0x344025f3) csrrs   a1, mip, zero
core   0: 3 0x000000008000604c (0x344025f3) x11 0x0000000000000080
core   0: 0x0000000080006050 (0x343025f3) csrrs   a1, mtval, zero
core   0: 3 0x0000000080006050 (0x343025f3) x11 0x00000000d028f8d3
core   0: 0x0000000080006054 (0x14302573) csrrs   a0, stval, zero
core   0: 3 0x0000000080006054 (0x14302573) x10 0x0000000000000000
core   0: 0x0000000080006058 (0xb02024f3) csrrs   s1, minstret, zero
core   0: 3 0x0000000080006058 (0xb02024f3) x9  0x0000000000001294
core   0: 0x000000008000605c (0x0000a811) c.j     pc + 20
core   0: 3 0x000000008000605c (0xa811)
core   0: >>>>  mepc_4
core   0: 0x0000000080006070 (0x00000791) c.addi  a5, 4
core   0: 3 0x0000000080006070 (0x0791) x15 0x0000000080005f9a
core   0: 0x0000000080006072 (0x34179073) csrrw   zero, mepc, a5
core   0: 3 0x0000000080006072 (0x34179073) c833_mepc 0x0000000080005f9a
core   0: 0x0000000080006076 (0x30200073) mret
core   0: 3 0x0000000080006076 (0x30200073) c768_mstatus 0x8000000a00106080
core   0: 0x0000000080005f9a (0x40aedd33) sra     s10, t4, a0
core   0: 1 0x0000000080005f9a (0x40aedd33) x26 0x000000000000001f
core   0: 0x0000000080005f9e (0x03a55e3b) divuw   t3, a0, s10
core   0: 1 0x0000000080005f9e (0x03a55e3b) x28 0x0000000000000000
core   0: 0x0000000080005fa2 (0x00000001) c.nop
core   0: 1 0x0000000080005fa2 (0x0001)
core   0: 0x0000000080005fa4 (0xd2180853) fcvt.d.wu fa6, a6
core   0: 1 0x0000000080005fa4 (0xd2180853) f16 0x403f000000000000
core   0: 0x0000000080005fa8 (0x41ad08bb) subw    a7, s10, s10
core   0: 1 0x0000000080005fa8 (0x41ad08bb) x17 0x0000000000000000
core   0: 0x0000000080005fac (0x03c89433) mulh    s0, a7, t3
core   0: 1 0x0000000080005fac (0x03c89433) x8  0x0000000000000000
core   0: 0x0000000080005fb0 (0x001994f3) csrrw   s1, fflags, s3
core   0: 1 0x0000000080005fb0 (0x001994f3) x9  0x000000000000001f c1_fflags 0x000000000000001f
core   0: 0x0000000080005fb4 (0x42070253) fcvt.d.s ft4, fa4
core   0: 1 0x0000000080005fb4 (0x42070253) f4  0x7ff8000000000000
core   0: 0x0000000080005fb8 (0xdb1172cb) fnmsub.d ft5, ft2, fa7, fs11
core   0: exception trap_illegal_instruction, epc 0x0000000080005fb8
core   0:           tval 0x00000000db1172cb
core   0: >>>>  $xrv64i2p1_m2p0_a2p1_f2p2_d2p2_zicsr2p0_zifencei2p0_zmmul1p0_zba1p0_zbb1p0_zbc1p0_zbs1p0
core   0: 0x0000000080004000 (0x0080006f) j       pc + 0x8
core   0: 3 0x0000000080004000 (0x0080006f)
core   0: >>>>  mmode_exception_handler
core   0: 0x0000000080004008 (0x00002c17) auipc   s8, 0x2
core   0: 3 0x0000000080004008 (0x00002c17) x24 0x0000000080006008
core   0: 0x000000008000400c (0x034c0c13) addi    s8, s8, 52
core   0: 3 0x000000008000400c (0x034c0c13) x24 0x000000008000603c
core   0: 0x0000000080004010 (0x000c00e7) jalr    s8
core   0: 3 0x0000000080004010 (0x000c00e7) x1  0x0000000080004014
core   0: >>>>  any_handler
core   0: 0x000000008000603c (0x341027f3) csrrs   a5, mepc, zero
core   0: 3 0x000000008000603c (0x341027f3) x15 0x0000000080005fb8
core   0: 0x0000000080006040 (0x34202773) csrrs   a4, mcause, zero
core   0: 3 0x0000000080006040 (0x34202773) x14 0x0000000000000002
core   0: 0x0000000080006044 (0x142026f3) csrrs   a3, scause, zero
core   0: 3 0x0000000080006044 (0x142026f3) x13 0x0000000000000000
core   0: 0x0000000080006048 (0x30402673) csrrs   a2, mie, zero
core   0: 3 0x0000000080006048 (0x30402673) x12 0x0000000000000a00
core   0: 0x000000008000604c (0x344025f3) csrrs   a1, mip, zero
core   0: 3 0x000000008000604c (0x344025f3) x11 0x0000000000000080
core   0: 0x0000000080006050 (0x343025f3) csrrs   a1, mtval, zero
core   0: 3 0x0000000080006050 (0x343025f3) x11 0x00000000db1172cb
core   0: 0x0000000080006054 (0x14302573) csrrs   a0, stval, zero
core   0: 3 0x0000000080006054 (0x14302573) x10 0x0000000000000000
core   0: 0x0000000080006058 (0xb02024f3) csrrs   s1, minstret, zero
core   0: 3 0x0000000080006058 (0xb02024f3) x9  0x00000000000012ac
core   0: 0x000000008000605c (0x0000a811) c.j     pc + 20
core   0: 3 0x000000008000605c (0xa811)
core   0: >>>>  mepc_4
core   0: 0x0000000080006070 (0x00000791) c.addi  a5, 4
core   0: 3 0x0000000080006070 (0x0791) x15 0x0000000080005fbc
core   0: 0x0000000080006072 (0x34179073) csrrw   zero, mepc, a5
core   0: 3 0x0000000080006072 (0x34179073) c833_mepc 0x0000000080005fbc
core   0: 0x0000000080006076 (0x30200073) mret
core   0: 3 0x0000000080006076 (0x30200073) c768_mstatus 0x8000000a00106080
core   0: 0x0000000080005fbc (0xd2048153) fcvt.d.w ft2, s1
core   0: 1 0x0000000080005fbc (0xd2048153) f2  0x40b2ac0000000000
core   0: 0x0000000080005fc0 (0x001bde93) srli    t4, s7, 1
core   0: 1 0x0000000080005fc0 (0x001bde93) x29 0x0000000010000802
core   0: 0x0000000080005fc4 (0x0ff0000f) fence   iorw,iorw
core   0: 1 0x0000000080005fc4 (0x0ff0000f)
core   0: 0x0000000080005fc8 (0x00d49433) sll     s0, s1, a3
core   0: 1 0x0000000080005fc8 (0x00d49433) x8  0x00000000000012ac
core   0: 0x0000000080005fcc (0x008478b3) and     a7, s0, s0
core   0: 1 0x0000000080005fcc (0x008478b3) x17 0x00000000000012ac
core   0: 0x0000000080005fd0 (0x0042073b) addw    a4, tp, tp
core   0: 1 0x0000000080005fd0 (0x0042073b) x14 0xffffffffebeeb50c
core   0: 0x0000000080005fd4 (0x038bdbbb) divuw   s7, s7, s8
core   0: 1 0x0000000080005fd4 (0x038bdbbb) x23 0x0000000000000000
core   0: 0x0000000080005fd8 (0xe20f03d3) fmv.x.d t2, ft10
core   0: 1 0x0000000080005fd8 (0xe20f03d3) x7  0x7ff8000000000000
core   0: 0x0000000080005fdc (0xd21a0953) fcvt.d.wu fs2, s4
core   0: 1 0x0000000080005fdc (0xd21a0953) f18 0x0000000000000000
core   0: 0x0000000080005fe0 (0x015379b3) and     s3, t1, s5
core   0: 1 0x0000000080005fe0 (0x015379b3) x19 0x0000000000000000
core   0: 0x0000000080005fe4 (0xfe1e95b7) lui     a1, 0xfe1e9
core   0: 1 0x0000000080005fe4 (0xfe1e95b7) x11 0xfffffffffe1e9000
core   0: 0x0000000080005fe8 (0x1f35859b) addiw   a1, a1, 499
core   0: 1 0x0000000080005fe8 (0x1f35859b) x11 0xfffffffffe1e91f3
core   0: 0x0000000080005fec (0x000005b6) c.slli  a1, 13
core   0: 1 0x0000000080005fec (0x05b6) x11 0xffffffc3d23e6000
core   0: 0x0000000080005fee (0xeee58593) addi    a1, a1, -274
core   0: 1 0x0000000080005fee (0xeee58593) x11 0xffffffc3d23e5eee
core   0: 0x0000000080005ff2 (0x6bd4fecb) fnmsub.d ft9, fs1, ft9, fa3
core   0: exception trap_illegal_instruction, epc 0x0000000080005ff2
core   0:           tval 0x000000006bd4fecb
core   0: >>>>  $xrv64i2p1_m2p0_a2p1_f2p2_d2p2_zicsr2p0_zifencei2p0_zmmul1p0_zba1p0_zbb1p0_zbc1p0_zbs1p0
core   0: 0x0000000080004000 (0x0080006f) j       pc + 0x8
core   0: 3 0x0000000080004000 (0x0080006f)
core   0: >>>>  mmode_exception_handler
core   0: 0x0000000080004008 (0x00002c17) auipc   s8, 0x2
core   0: 3 0x0000000080004008 (0x00002c17) x24 0x0000000080006008
core   0: 0x000000008000400c (0x034c0c13) addi    s8, s8, 52
core   0: 3 0x000000008000400c (0x034c0c13) x24 0x000000008000603c
core   0: 0x0000000080004010 (0x000c00e7) jalr    s8
core   0: 3 0x0000000080004010 (0x000c00e7) x1  0x0000000080004014
core   0: >>>>  any_handler
core   0: 0x000000008000603c (0x341027f3) csrrs   a5, mepc, zero
core   0: 3 0x000000008000603c (0x341027f3) x15 0x0000000080005ff2
core   0: 0x0000000080006040 (0x34202773) csrrs   a4, mcause, zero
core   0: 3 0x0000000080006040 (0x34202773) x14 0x0000000000000002
core   0: 0x0000000080006044 (0x142026f3) csrrs   a3, scause, zero
core   0: 3 0x0000000080006044 (0x142026f3) x13 0x0000000000000000
core   0: 0x0000000080006048 (0x30402673) csrrs   a2, mie, zero
core   0: 3 0x0000000080006048 (0x30402673) x12 0x0000000000000a00
core   0: 0x000000008000604c (0x344025f3) csrrs   a1, mip, zero
core   0: 3 0x000000008000604c (0x344025f3) x11 0x0000000000000080
core   0: 0x0000000080006050 (0x343025f3) csrrs   a1, mtval, zero
core   0: 3 0x0000000080006050 (0x343025f3) x11 0x000000006bd4fecb
core   0: 0x0000000080006054 (0x14302573) csrrs   a0, stval, zero
core   0: 3 0x0000000080006054 (0x14302573) x10 0x0000000000000000
core   0: 0x0000000080006058 (0xb02024f3) csrrs   s1, minstret, zero
core   0: 3 0x0000000080006058 (0xb02024f3) x9  0x00000000000012ca
core   0: 0x000000008000605c (0x0000a811) c.j     pc + 20
core   0: 3 0x000000008000605c (0xa811)
core   0: >>>>  mepc_4
core   0: 0x0000000080006070 (0x00000791) c.addi  a5, 4
core   0: 3 0x0000000080006070 (0x0791) x15 0x0000000080005ff6
core   0: 0x0000000080006072 (0x34179073) csrrw   zero, mepc, a5
core   0: 3 0x0000000080006072 (0x34179073) c833_mepc 0x0000000080005ff6
core   0: 0x0000000080006076 (0x30200073) mret
core   0: 3 0x0000000080006076 (0x30200073) c768_mstatus 0x8000000a00106080
core   0: 0x0000000080005ff6 (0x80098c93) addi    s9, s3, -2048
core   0: 1 0x0000000080005ff6 (0x80098c93) x25 0xfffffffffffff800
core   0: 0x0000000080005ffa (0x00a5ddbb) srlw    s11, a1, a0
core   0: 1 0x0000000080005ffa (0x00a5ddbb) x27 0x000000006bd4fecb
core   0: 0x0000000080005ffe (0x006dd333) srl     t1, s11, t1
core   0: 1 0x0000000080005ffe (0x006dd333) x6  0x000000006bd4fecb
core   0: 0x0000000080006002 (0x4016f9d3) fcvt.s.d fs3, fa3
core   0: exception trap_illegal_instruction, epc 0x0000000080006002
core   0:           tval 0x000000004016f9d3
core   0: >>>>  $xrv64i2p1_m2p0_a2p1_f2p2_d2p2_zicsr2p0_zifencei2p0_zmmul1p0_zba1p0_zbb1p0_zbc1p0_zbs1p0
core   0: 0x0000000080004000 (0x0080006f) j       pc + 0x8
core   0: 3 0x0000000080004000 (0x0080006f)
core   0: >>>>  mmode_exception_handler
core   0: 0x0000000080004008 (0x00002c17) auipc   s8, 0x2
core   0: 3 0x0000000080004008 (0x00002c17) x24 0x0000000080006008
core   0: 0x000000008000400c (0x034c0c13) addi    s8, s8, 52
core   0: 3 0x000000008000400c (0x034c0c13) x24 0x000000008000603c
core   0: 0x0000000080004010 (0x000c00e7) jalr    s8
core   0: 3 0x0000000080004010 (0x000c00e7) x1  0x0000000080004014
core   0: >>>>  any_handler
core   0: 0x000000008000603c (0x341027f3) csrrs   a5, mepc, zero
core   0: 3 0x000000008000603c (0x341027f3) x15 0x0000000080006002
core   0: 0x0000000080006040 (0x34202773) csrrs   a4, mcause, zero
core   0: 3 0x0000000080006040 (0x34202773) x14 0x0000000000000002
core   0: 0x0000000080006044 (0x142026f3) csrrs   a3, scause, zero
core   0: 3 0x0000000080006044 (0x142026f3) x13 0x0000000000000000
core   0: 0x0000000080006048 (0x30402673) csrrs   a2, mie, zero
core   0: 3 0x0000000080006048 (0x30402673) x12 0x0000000000000a00
core   0: 0x000000008000604c (0x344025f3) csrrs   a1, mip, zero
core   0: 3 0x000000008000604c (0x344025f3) x11 0x0000000000000080
core   0: 0x0000000080006050 (0x343025f3) csrrs   a1, mtval, zero
core   0: 3 0x0000000080006050 (0x343025f3) x11 0x000000004016f9d3
core   0: 0x0000000080006054 (0x14302573) csrrs   a0, stval, zero
core   0: 3 0x0000000080006054 (0x14302573) x10 0x0000000000000000
core   0: 0x0000000080006058 (0xb02024f3) csrrs   s1, minstret, zero
core   0: 3 0x0000000080006058 (0xb02024f3) x9  0x00000000000012dd
core   0: 0x000000008000605c (0x0000a811) c.j     pc + 20
core   0: 3 0x000000008000605c (0xa811)
core   0: >>>>  mepc_4
core   0: 0x0000000080006070 (0x00000791) c.addi  a5, 4
core   0: 3 0x0000000080006070 (0x0791) x15 0x0000000080006006
core   0: 0x0000000080006072 (0x34179073) csrrw   zero, mepc, a5
core   0: 3 0x0000000080006072 (0x34179073) c833_mepc 0x0000000080006006
core   0: 0x0000000080006076 (0x30200073) mret
core   0: 3 0x0000000080006076 (0x30200073) c768_mstatus 0x8000000a00106080
core   0: 0x0000000080006006 (0x3444b973) csrrc   s2, mip, s1
core   0: exception trap_illegal_instruction, epc 0x0000000080006006
core   0:           tval 0x000000003444b973
core   0: >>>>  $xrv64i2p1_m2p0_a2p1_f2p2_d2p2_zicsr2p0_zifencei2p0_zmmul1p0_zba1p0_zbb1p0_zbc1p0_zbs1p0
core   0: 0x0000000080004000 (0x0080006f) j       pc + 0x8
core   0: 3 0x0000000080004000 (0x0080006f)
core   0: >>>>  mmode_exception_handler
core   0: 0x0000000080004008 (0x00002c17) auipc   s8, 0x2
core   0: 3 0x0000000080004008 (0x00002c17) x24 0x0000000080006008
core   0: 0x000000008000400c (0x034c0c13) addi    s8, s8, 52
core   0: 3 0x000000008000400c (0x034c0c13) x24 0x000000008000603c
core   0: 0x0000000080004010 (0x000c00e7) jalr    s8
core   0: 3 0x0000000080004010 (0x000c00e7) x1  0x0000000080004014
core   0: >>>>  any_handler
core   0: 0x000000008000603c (0x341027f3) csrrs   a5, mepc, zero
core   0: 3 0x000000008000603c (0x341027f3) x15 0x0000000080006006
core   0: 0x0000000080006040 (0x34202773) csrrs   a4, mcause, zero
core   0: 3 0x0000000080006040 (0x34202773) x14 0x0000000000000002
core   0: 0x0000000080006044 (0x142026f3) csrrs   a3, scause, zero
core   0: 3 0x0000000080006044 (0x142026f3) x13 0x0000000000000000
core   0: 0x0000000080006048 (0x30402673) csrrs   a2, mie, zero
core   0: 3 0x0000000080006048 (0x30402673) x12 0x0000000000000a00
core   0: 0x000000008000604c (0x344025f3) csrrs   a1, mip, zero
core   0: 3 0x000000008000604c (0x344025f3) x11 0x0000000000000080
core   0: 0x0000000080006050 (0x343025f3) csrrs   a1, mtval, zero
core   0: 3 0x0000000080006050 (0x343025f3) x11 0x000000003444b973
core   0: 0x0000000080006054 (0x14302573) csrrs   a0, stval, zero
core   0: 3 0x0000000080006054 (0x14302573) x10 0x0000000000000000
core   0: 0x0000000080006058 (0xb02024f3) csrrs   s1, minstret, zero
core   0: 3 0x0000000080006058 (0xb02024f3) x9  0x00000000000012ed
core   0: 0x000000008000605c (0x0000a811) c.j     pc + 20
core   0: 3 0x000000008000605c (0xa811)
core   0: >>>>  mepc_4
core   0: 0x0000000080006070 (0x00000791) c.addi  a5, 4
core   0: 3 0x0000000080006070 (0x0791) x15 0x000000008000600a
core   0: 0x0000000080006072 (0x34179073) csrrw   zero, mepc, a5
core   0: 3 0x0000000080006072 (0x34179073) c833_mepc 0x000000008000600a
core   0: 0x0000000080006076 (0x30200073) mret
core   0: 3 0x0000000080006076 (0x30200073) c768_mstatus 0x8000000a00106080
core   0: 0x000000008000600a (0x0ff0000f) fence   iorw,iorw
core   0: 1 0x000000008000600a (0x0ff0000f)
core   0: 0x000000008000600e (0x433ddd93) srai    s11, s11, 51
core   0: 1 0x000000008000600e (0x433ddd93) x27 0x0000000000000000
core   0: 0x0000000080006012 (0x5a0df953) fsqrt.d fs2, fs11
core   0: exception trap_illegal_instruction, epc 0x0000000080006012
core   0:           tval 0x000000005a0df953
core   0: >>>>  $xrv64i2p1_m2p0_a2p1_f2p2_d2p2_zicsr2p0_zifencei2p0_zmmul1p0_zba1p0_zbb1p0_zbc1p0_zbs1p0
core   0: 0x0000000080004000 (0x0080006f) j       pc + 0x8
core   0: 3 0x0000000080004000 (0x0080006f)
core   0: >>>>  mmode_exception_handler
core   0: 0x0000000080004008 (0x00002c17) auipc   s8, 0x2
core   0: 3 0x0000000080004008 (0x00002c17) x24 0x0000000080006008
core   0: 0x000000008000400c (0x034c0c13) addi    s8, s8, 52
core   0: 3 0x000000008000400c (0x034c0c13) x24 0x000000008000603c
core   0: 0x0000000080004010 (0x000c00e7) jalr    s8
core   0: 3 0x0000000080004010 (0x000c00e7) x1  0x0000000080004014
core   0: >>>>  any_handler
core   0: 0x000000008000603c (0x341027f3) csrrs   a5, mepc, zero
core   0: 3 0x000000008000603c (0x341027f3) x15 0x0000000080006012
core   0: 0x0000000080006040 (0x34202773) csrrs   a4, mcause, zero
core   0: 3 0x0000000080006040 (0x34202773) x14 0x0000000000000002
core   0: 0x0000000080006044 (0x142026f3) csrrs   a3, scause, zero
core   0: 3 0x0000000080006044 (0x142026f3) x13 0x0000000000000000
core   0: 0x0000000080006048 (0x30402673) csrrs   a2, mie, zero
core   0: 3 0x0000000080006048 (0x30402673) x12 0x0000000000000a00
core   0: 0x000000008000604c (0x344025f3) csrrs   a1, mip, zero
core   0: 3 0x000000008000604c (0x344025f3) x11 0x0000000000000080
core   0: 0x0000000080006050 (0x343025f3) csrrs   a1, mtval, zero
core   0: 3 0x0000000080006050 (0x343025f3) x11 0x000000005a0df953
core   0: 0x0000000080006054 (0x14302573) csrrs   a0, stval, zero
core   0: 3 0x0000000080006054 (0x14302573) x10 0x0000000000000000
core   0: 0x0000000080006058 (0xb02024f3) csrrs   s1, minstret, zero
core   0: 3 0x0000000080006058 (0xb02024f3) x9  0x00000000000012ff
core   0: 0x000000008000605c (0x0000a811) c.j     pc + 20
core   0: 3 0x000000008000605c (0xa811)
core   0: >>>>  mepc_4
core   0: 0x0000000080006070 (0x00000791) c.addi  a5, 4
core   0: 3 0x0000000080006070 (0x0791) x15 0x0000000080006016
core   0: 0x0000000080006072 (0x34179073) csrrw   zero, mepc, a5
core   0: 3 0x0000000080006072 (0x34179073) c833_mepc 0x0000000080006016
core   0: 0x0000000080006076 (0x30200073) mret
core   0: 3 0x0000000080006076 (0x30200073) c768_mstatus 0x8000000a00106080
core   0: 0x0000000080006016 (0x021cd633) divu    a2, s9, ra
core   0: 1 0x0000000080006016 (0x021cd633) x12 0x00000001fffeffb0
core   0: 0x000000008000601a (0x42040253) fcvt.d.s ft4, fs0
core   0: 1 0x000000008000601a (0x42040253) f4  0x7ff8000000000000
core   0: 0x000000008000601e (0x232107d3) fsgnj.d fa5, ft2, fs2
core   0: 1 0x000000008000601e (0x232107d3) f15 0x40b2ac0000000000
core   0: 0x0000000080006022 (0x001dcdb3) xor     s11, s11, ra
core   0: 1 0x0000000080006022 (0x001dcdb3) x27 0x0000000080004014
core   0: 0x0000000080006026 (0x03bde833) rem     a6, s11, s11
core   0: 1 0x0000000080006026 (0x03bde833) x16 0x0000000000000000
core   0: 0x000000008000602a (0xf15068f3) csrrsi  a7, mconfigptr, 0
core   0: exception trap_illegal_instruction, epc 0x000000008000602a
core   0:           tval 0x00000000f15068f3
core   0: >>>>  $xrv64i2p1_m2p0_a2p1_f2p2_d2p2_zicsr2p0_zifencei2p0_zmmul1p0_zba1p0_zbb1p0_zbc1p0_zbs1p0
core   0: 0x0000000080004000 (0x0080006f) j       pc + 0x8
core   0: 3 0x0000000080004000 (0x0080006f)
core   0: >>>>  mmode_exception_handler
core   0: 0x0000000080004008 (0x00002c17) auipc   s8, 0x2
core   0: 3 0x0000000080004008 (0x00002c17) x24 0x0000000080006008
core   0: 0x000000008000400c (0x034c0c13) addi    s8, s8, 52
core   0: 3 0x000000008000400c (0x034c0c13) x24 0x000000008000603c
core   0: 0x0000000080004010 (0x000c00e7) jalr    s8
core   0: 3 0x0000000080004010 (0x000c00e7) x1  0x0000000080004014
core   0: >>>>  any_handler
core   0: 0x000000008000603c (0x341027f3) csrrs   a5, mepc, zero
core   0: 3 0x000000008000603c (0x341027f3) x15 0x000000008000602a
core   0: 0x0000000080006040 (0x34202773) csrrs   a4, mcause, zero
core   0: 3 0x0000000080006040 (0x34202773) x14 0x0000000000000002
core   0: 0x0000000080006044 (0x142026f3) csrrs   a3, scause, zero
core   0: 3 0x0000000080006044 (0x142026f3) x13 0x0000000000000000
core   0: 0x0000000080006048 (0x30402673) csrrs   a2, mie, zero
core   0: 3 0x0000000080006048 (0x30402673) x12 0x0000000000000a00
core   0: 0x000000008000604c (0x344025f3) csrrs   a1, mip, zero
core   0: 3 0x000000008000604c (0x344025f3) x11 0x0000000000000080
core   0: 0x0000000080006050 (0x343025f3) csrrs   a1, mtval, zero
core   0: 3 0x0000000080006050 (0x343025f3) x11 0x00000000f15068f3
core   0: 0x0000000080006054 (0x14302573) csrrs   a0, stval, zero
core   0: 3 0x0000000080006054 (0x14302573) x10 0x0000000000000000
core   0: 0x0000000080006058 (0xb02024f3) csrrs   s1, minstret, zero
core   0: 3 0x0000000080006058 (0xb02024f3) x9  0x0000000000001314
core   0: 0x000000008000605c (0x0000a811) c.j     pc + 20
core   0: 3 0x000000008000605c (0xa811)
core   0: >>>>  mepc_4
core   0: 0x0000000080006070 (0x00000791) c.addi  a5, 4
core   0: 3 0x0000000080006070 (0x0791) x15 0x000000008000602e
core   0: 0x0000000080006072 (0x34179073) csrrw   zero, mepc, a5
core   0: 3 0x0000000080006072 (0x34179073) c833_mepc 0x000000008000602e
core   0: 0x0000000080006076 (0x30200073) mret
core   0: 3 0x0000000080006076 (0x30200073) c768_mstatus 0x8000000a00106080
core   0: 0x000000008000602e (0x020c9993) slli    s3, s9, 32
core   0: 1 0x000000008000602e (0x020c9993) x19 0xfffff80000000000
core   0: 0x0000000080006032 (0x03fff953) fadd.d  fs2, ft11, ft11
core   0: exception trap_illegal_instruction, epc 0x0000000080006032
core   0:           tval 0x0000000003fff953
core   0: >>>>  $xrv64i2p1_m2p0_a2p1_f2p2_d2p2_zicsr2p0_zifencei2p0_zmmul1p0_zba1p0_zbb1p0_zbc1p0_zbs1p0
core   0: 0x0000000080004000 (0x0080006f) j       pc + 0x8
core   0: 3 0x0000000080004000 (0x0080006f)
core   0: >>>>  mmode_exception_handler
core   0: 0x0000000080004008 (0x00002c17) auipc   s8, 0x2
core   0: 3 0x0000000080004008 (0x00002c17) x24 0x0000000080006008
core   0: 0x000000008000400c (0x034c0c13) addi    s8, s8, 52
core   0: 3 0x000000008000400c (0x034c0c13) x24 0x000000008000603c
core   0: 0x0000000080004010 (0x000c00e7) jalr    s8
core   0: 3 0x0000000080004010 (0x000c00e7) x1  0x0000000080004014
core   0: >>>>  any_handler
core   0: 0x000000008000603c (0x341027f3) csrrs   a5, mepc, zero
core   0: 3 0x000000008000603c (0x341027f3) x15 0x0000000080006032
core   0: 0x0000000080006040 (0x34202773) csrrs   a4, mcause, zero
core   0: 3 0x0000000080006040 (0x34202773) x14 0x0000000000000002
core   0: 0x0000000080006044 (0x142026f3) csrrs   a3, scause, zero
core   0: 3 0x0000000080006044 (0x142026f3) x13 0x0000000000000000
core   0: 0x0000000080006048 (0x30402673) csrrs   a2, mie, zero
core   0: 3 0x0000000080006048 (0x30402673) x12 0x0000000000000a00
core   0: 0x000000008000604c (0x344025f3) csrrs   a1, mip, zero
core   0: 3 0x000000008000604c (0x344025f3) x11 0x0000000000000080
core   0: 0x0000000080006050 (0x343025f3) csrrs   a1, mtval, zero
core   0: 3 0x0000000080006050 (0x343025f3) x11 0x0000000003fff953
core   0: 0x0000000080006054 (0x14302573) csrrs   a0, stval, zero
core   0: 3 0x0000000080006054 (0x14302573) x10 0x0000000000000000
core   0: 0x0000000080006058 (0xb02024f3) csrrs   s1, minstret, zero
core   0: 3 0x0000000080006058 (0xb02024f3) x9  0x0000000000001325
core   0: 0x000000008000605c (0x0000a811) c.j     pc + 20
core   0: 3 0x000000008000605c (0xa811)
core   0: >>>>  mepc_4
core   0: 0x0000000080006070 (0x00000791) c.addi  a5, 4
core   0: 3 0x0000000080006070 (0x0791) x15 0x0000000080006036
core   0: 0x0000000080006072 (0x34179073) csrrw   zero, mepc, a5
core   0: 3 0x0000000080006072 (0x34179073) c833_mepc 0x0000000080006036
core   0: 0x0000000080006076 (0x30200073) mret
core   0: 3 0x0000000080006076 (0x30200073) c768_mstatus 0x8000000a00106080
core   0: >>>>  write_tohost
core   0: 0x0000000080006036 (0x9aefa0ef) jal     pc - 0x5e52
core   0: 1 0x0000000080006036 (0x9aefa0ef) x1  0x000000008000603a
core   0: >>>>  _exit
core   0: 0x00000000800001e4 (0x00004505) c.li    a0, 1
core   0: 1 0x00000000800001e4 (0x4505) x10 0x0000000000000001
core   0: 0x00000000800001e6 (0x00001f17) auipc   t5, 0x1
core   0: 1 0x00000000800001e6 (0x00001f17) x30 0x00000000800011e6
core   0: 0x00000000800001ea (0xe0af2d23) sw      a0, -486(t5)
core   0: 1 0x00000000800001ea (0xe0af2d23) mem 0x0000000080001000 0x00000001
cp /home/server/RISCV/cva6/verif/sim/out/seed_530/spike_sim/new_seeds_530_.cv64a6_imafdc_sv39.log.iss /home/server/RISCV/cva6/verif/sim/out/seed_530/spike_sim/new_seeds_530_.cv64a6_imafdc_sv39.log
