Makefile:14: must set CVA6_REPO_DIR to point at the root of CVA6 sources and CVA6_TB_DIR to point here -- doing it for you...
LD_LIBRARY_PATH="$(realpath ../../tools/spike/lib):$LD_LIBRARY_PATH" \
	/home/server/RISCV/cva6/tools/spike/bin/spike --steps=2000000  --log-commits --isa=rv64gc_zba_zbb_zbs_zbc_zicsr_zifencei --priv=msu -l /home/server/RISCV/cva6/verif/sim/out/seed_1819/directed_asm_tests/new_seeds_1819_.o
[SPIKE] Max simulation steps: 2000000
[SPIKE] Proc 0 | ISA: rv64gc_zba_zbb_zbs_zbc_zicsr_zifencei PRIV: msu
[SPIKE] Initializing memories...
core   0: 0x0000000000010000 (0x00100413) li      s0, 1
core   0: 3 0x0000000000010000 (0x00100413) x8  0x0000000000000001
core   0: 0x0000000000010004 (0x01f41413) slli    s0, s0, 31
core   0: 3 0x0000000000010004 (0x01f41413) x8  0x0000000080000000
core   0: 0x0000000000010008 (0xf1402573) csrrs   a0, mhartid, zero
core   0: 3 0x0000000000010008 (0xf1402573) x10 0x0000000000000000
core   0: 0x000000000001000c (0x00000597) auipc   a1, 0x0
core   0: 3 0x000000000001000c (0x00000597) x11 0x000000000001000c
core   0: 0x0000000000010010 (0x07458593) addi    a1, a1, 116
core   0: 3 0x0000000000010010 (0x07458593) x11 0x0000000000010080
core   0: 0x0000000000010014 (0x00040067) jr      s0
core   0: 3 0x0000000000010014 (0x00040067)
core   0: >>>>  _start
core   0: 0x0000000080000000 (0x00004081) c.li    ra, 0
core   0: 3 0x0000000080000000 (0x4081) x1  0x0000000000000000
core   0: 0x0000000080000002 (0x00004101) c.li    sp, 0
core   0: 3 0x0000000080000002 (0x4101) x2  0x0000000000000000
core   0: 0x0000000080000004 (0x00004181) c.li    gp, 0
core   0: 3 0x0000000080000004 (0x4181) x3  0x0000000000000000
core   0: 0x0000000080000006 (0x00004201) c.li    tp, 0
core   0: 3 0x0000000080000006 (0x4201) x4  0x0000000000000000
core   0: 0x0000000080000008 (0x00004281) c.li    t0, 0
core   0: 3 0x0000000080000008 (0x4281) x5  0x0000000000000000
core   0: 0x000000008000000a (0x00004301) c.li    t1, 0
core   0: 3 0x000000008000000a (0x4301) x6  0x0000000000000000
core   0: 0x000000008000000c (0x00004381) c.li    t2, 0
core   0: 3 0x000000008000000c (0x4381) x7  0x0000000000000000
core   0: 0x000000008000000e (0x00004401) c.li    s0, 0
core   0: 3 0x000000008000000e (0x4401) x8  0x0000000000000000
core   0: 0x0000000080000010 (0x00004481) c.li    s1, 0
core   0: 3 0x0000000080000010 (0x4481) x9  0x0000000000000000
core   0: 0x0000000080000012 (0x00004501) c.li    a0, 0
core   0: 3 0x0000000080000012 (0x4501) x10 0x0000000000000000
core   0: 0x0000000080000014 (0x00004581) c.li    a1, 0
core   0: 3 0x0000000080000014 (0x4581) x11 0x0000000000000000
core   0: 0x0000000080000016 (0x00004601) c.li    a2, 0
core   0: 3 0x0000000080000016 (0x4601) x12 0x0000000000000000
core   0: 0x0000000080000018 (0x00004681) c.li    a3, 0
core   0: 3 0x0000000080000018 (0x4681) x13 0x0000000000000000
core   0: 0x000000008000001a (0x00004701) c.li    a4, 0
core   0: 3 0x000000008000001a (0x4701) x14 0x0000000000000000
core   0: 0x000000008000001c (0x00004781) c.li    a5, 0
core   0: 3 0x000000008000001c (0x4781) x15 0x0000000000000000
core   0: 0x000000008000001e (0x00004801) c.li    a6, 0
core   0: 3 0x000000008000001e (0x4801) x16 0x0000000000000000
core   0: 0x0000000080000020 (0x00004881) c.li    a7, 0
core   0: 3 0x0000000080000020 (0x4881) x17 0x0000000000000000
core   0: 0x0000000080000022 (0x00004901) c.li    s2, 0
core   0: 3 0x0000000080000022 (0x4901) x18 0x0000000000000000
core   0: 0x0000000080000024 (0x00004981) c.li    s3, 0
core   0: 3 0x0000000080000024 (0x4981) x19 0x0000000000000000
core   0: 0x0000000080000026 (0x00004a01) c.li    s4, 0
core   0: 3 0x0000000080000026 (0x4a01) x20 0x0000000000000000
core   0: 0x0000000080000028 (0x00004a81) c.li    s5, 0
core   0: 3 0x0000000080000028 (0x4a81) x21 0x0000000000000000
core   0: 0x000000008000002a (0x00004b01) c.li    s6, 0
core   0: 3 0x000000008000002a (0x4b01) x22 0x0000000000000000
core   0: 0x000000008000002c (0x00004b81) c.li    s7, 0
core   0: 3 0x000000008000002c (0x4b81) x23 0x0000000000000000
core   0: 0x000000008000002e (0x00004c01) c.li    s8, 0
core   0: 3 0x000000008000002e (0x4c01) x24 0x0000000000000000
core   0: 0x0000000080000030 (0x00004c81) c.li    s9, 0
core   0: 3 0x0000000080000030 (0x4c81) x25 0x0000000000000000
core   0: 0x0000000080000032 (0x00004d01) c.li    s10, 0
core   0: 3 0x0000000080000032 (0x4d01) x26 0x0000000000000000
core   0: 0x0000000080000034 (0x00004d81) c.li    s11, 0
core   0: 3 0x0000000080000034 (0x4d81) x27 0x0000000000000000
core   0: 0x0000000080000036 (0x00004e01) c.li    t3, 0
core   0: 3 0x0000000080000036 (0x4e01) x28 0x0000000000000000
core   0: 0x0000000080000038 (0x00004e81) c.li    t4, 0
core   0: 3 0x0000000080000038 (0x4e81) x29 0x0000000000000000
core   0: 0x000000008000003a (0x00004f01) c.li    t5, 0
core   0: 3 0x000000008000003a (0x4f01) x30 0x0000000000000000
core   0: 0x000000008000003c (0x00004f81) c.li    t6, 0
core   0: 3 0x000000008000003c (0x4f81) x31 0x0000000000000000
core   0: 0x000000008000003e (0x000062f9) c.lui   t0, 0x1e
core   0: 3 0x000000008000003e (0x62f9) x5  0x000000000001e000
core   0: 0x0000000080000040 (0x3002a073) csrrs   zero, mstatus, t0
core   0: 3 0x0000000080000040 (0x3002a073) c768_mstatus 0x8000000a00006000
core   0: 0x0000000080000044 (0x00004285) c.li    t0, 1
core   0: 3 0x0000000080000044 (0x4285) x5  0x0000000000000001
core   0: 0x0000000080000046 (0x000002fe) c.slli  t0, 31
core   0: 3 0x0000000080000046 (0x02fe) x5  0x0000000080000000
core   0: 0x0000000080000048 (0x0002d863) bge     t0, zero, pc + 16
core   0: 3 0x0000000080000048 (0x0002d863)
core   0: 0x0000000080000058 (0x00000297) auipc   t0, 0x0
core   0: 3 0x0000000080000058 (0x00000297) x5  0x0000000080000058
core   0: 0x000000008000005c (0x09028293) addi    t0, t0, 144
core   0: 3 0x000000008000005c (0x09028293) x5  0x00000000800000e8
core   0: 0x0000000080000060 (0x30529073) csrrw   zero, mtvec, t0
core   0: 3 0x0000000080000060 (0x30529073) c773_mtvec 0x00000000800000e8
core   0: 0x0000000080000064 (0x00301073) csrrw   zero, fcsr, zero
core   0: 3 0x0000000080000064 (0x00301073) c1_fflags 0x0000000000000000 c2_frm 0x0000000000000000
core   0: 0x0000000080000068 (0xf0000053) fmv.w.x ft0, zero
core   0: 3 0x0000000080000068 (0xf0000053) f0  0xffffffff00000000
core   0: 0x000000008000006c (0xf00000d3) fmv.w.x ft1, zero
core   0: 3 0x000000008000006c (0xf00000d3) f1  0xffffffff00000000
core   0: 0x0000000080000070 (0xf0000153) fmv.w.x ft2, zero
core   0: 3 0x0000000080000070 (0xf0000153) f2  0xffffffff00000000
core   0: 0x0000000080000074 (0xf00001d3) fmv.w.x ft3, zero
core   0: 3 0x0000000080000074 (0xf00001d3) f3  0xffffffff00000000
core   0: 0x0000000080000078 (0xf0000253) fmv.w.x ft4, zero
core   0: 3 0x0000000080000078 (0xf0000253) f4  0xffffffff00000000
core   0: 0x000000008000007c (0xf00002d3) fmv.w.x ft5, zero
core   0: 3 0x000000008000007c (0xf00002d3) f5  0xffffffff00000000
core   0: 0x0000000080000080 (0xf0000353) fmv.w.x ft6, zero
core   0: 3 0x0000000080000080 (0xf0000353) f6  0xffffffff00000000
core   0: 0x0000000080000084 (0xf00003d3) fmv.w.x ft7, zero
core   0: 3 0x0000000080000084 (0xf00003d3) f7  0xffffffff00000000
core   0: 0x0000000080000088 (0xf0000453) fmv.w.x fs0, zero
core   0: 3 0x0000000080000088 (0xf0000453) f8  0xffffffff00000000
core   0: 0x000000008000008c (0xf00004d3) fmv.w.x fs1, zero
core   0: 3 0x000000008000008c (0xf00004d3) f9  0xffffffff00000000
core   0: 0x0000000080000090 (0xf0000553) fmv.w.x fa0, zero
core   0: 3 0x0000000080000090 (0xf0000553) f10 0xffffffff00000000
core   0: 0x0000000080000094 (0xf00005d3) fmv.w.x fa1, zero
core   0: 3 0x0000000080000094 (0xf00005d3) f11 0xffffffff00000000
core   0: 0x0000000080000098 (0xf0000653) fmv.w.x fa2, zero
core   0: 3 0x0000000080000098 (0xf0000653) f12 0xffffffff00000000
core   0: 0x000000008000009c (0xf00006d3) fmv.w.x fa3, zero
core   0: 3 0x000000008000009c (0xf00006d3) f13 0xffffffff00000000
core   0: 0x00000000800000a0 (0xf0000753) fmv.w.x fa4, zero
core   0: 3 0x00000000800000a0 (0xf0000753) f14 0xffffffff00000000
core   0: 0x00000000800000a4 (0xf00007d3) fmv.w.x fa5, zero
core   0: 3 0x00000000800000a4 (0xf00007d3) f15 0xffffffff00000000
core   0: 0x00000000800000a8 (0xf0000853) fmv.w.x fa6, zero
core   0: 3 0x00000000800000a8 (0xf0000853) f16 0xffffffff00000000
core   0: 0x00000000800000ac (0xf00008d3) fmv.w.x fa7, zero
core   0: 3 0x00000000800000ac (0xf00008d3) f17 0xffffffff00000000
core   0: 0x00000000800000b0 (0xf0000953) fmv.w.x fs2, zero
core   0: 3 0x00000000800000b0 (0xf0000953) f18 0xffffffff00000000
core   0: 0x00000000800000b4 (0xf00009d3) fmv.w.x fs3, zero
core   0: 3 0x00000000800000b4 (0xf00009d3) f19 0xffffffff00000000
core   0: 0x00000000800000b8 (0xf0000a53) fmv.w.x fs4, zero
core   0: 3 0x00000000800000b8 (0xf0000a53) f20 0xffffffff00000000
core   0: 0x00000000800000bc (0xf0000ad3) fmv.w.x fs5, zero
core   0: 3 0x00000000800000bc (0xf0000ad3) f21 0xffffffff00000000
core   0: 0x00000000800000c0 (0xf0000b53) fmv.w.x fs6, zero
core   0: 3 0x00000000800000c0 (0xf0000b53) f22 0xffffffff00000000
core   0: 0x00000000800000c4 (0xf0000bd3) fmv.w.x fs7, zero
core   0: 3 0x00000000800000c4 (0xf0000bd3) f23 0xffffffff00000000
core   0: 0x00000000800000c8 (0xf0000c53) fmv.w.x fs8, zero
core   0: 3 0x00000000800000c8 (0xf0000c53) f24 0xffffffff00000000
core   0: 0x00000000800000cc (0xf0000cd3) fmv.w.x fs9, zero
core   0: 3 0x00000000800000cc (0xf0000cd3) f25 0xffffffff00000000
core   0: 0x00000000800000d0 (0xf0000d53) fmv.w.x fs10, zero
core   0: 3 0x00000000800000d0 (0xf0000d53) f26 0xffffffff00000000
core   0: 0x00000000800000d4 (0xf0000dd3) fmv.w.x fs11, zero
core   0: 3 0x00000000800000d4 (0xf0000dd3) f27 0xffffffff00000000
core   0: 0x00000000800000d8 (0xf0000e53) fmv.w.x ft8, zero
core   0: 3 0x00000000800000d8 (0xf0000e53) f28 0xffffffff00000000
core   0: 0x00000000800000dc (0xf0000ed3) fmv.w.x ft9, zero
core   0: 3 0x00000000800000dc (0xf0000ed3) f29 0xffffffff00000000
core   0: 0x00000000800000e0 (0xf0000f53) fmv.w.x ft10, zero
core   0: 3 0x00000000800000e0 (0xf0000f53) f30 0xffffffff00000000
core   0: 0x00000000800000e4 (0xf0000fd3) fmv.w.x ft11, zero
core   0: 3 0x00000000800000e4 (0xf0000fd3) f31 0xffffffff00000000
core   0: 0x00000000800000e8 (0x00000297) auipc   t0, 0x0
core   0: 3 0x00000000800000e8 (0x00000297) x5  0x00000000800000e8
core   0: 0x00000000800000ec (0x03c28293) addi    t0, t0, 60
core   0: 3 0x00000000800000ec (0x03c28293) x5  0x0000000080000124
core   0: 0x00000000800000f0 (0x30529073) csrrw   zero, mtvec, t0
core   0: 3 0x00000000800000f0 (0x30529073) c773_mtvec 0x0000000080000124
core   0: 0x00000000800000f4 (0x00012197) auipc   gp, 0x12
core   0: 3 0x00000000800000f4 (0x00012197) x3  0x00000000800120f4
core   0: 0x00000000800000f8 (0x73418193) addi    gp, gp, 1844
core   0: 3 0x00000000800000f8 (0x73418193) x3  0x0000000080012828
core   0: 0x00000000800000fc (0x00012217) auipc   tp, 0x12
core   0: 3 0x00000000800000fc (0x00012217) x4  0x00000000800120fc
core   0: 0x0000000080000100 (0xf8320213) addi    tp, tp, -125
core   0: 3 0x0000000080000100 (0xf8320213) x4  0x000000008001207f
core   0: 0x0000000080000104 (0xfc027213) andi    tp, tp, -64
core   0: 3 0x0000000080000104 (0xfc027213) x4  0x0000000080012040
core   0: 0x0000000080000108 (0xf1402573) csrrs   a0, mhartid, zero
core   0: 3 0x0000000080000108 (0xf1402573) x10 0x0000000000000000
core   0: 0x000000008000010c (0x00004585) c.li    a1, 1
core   0: 3 0x000000008000010c (0x4585) x11 0x0000000000000001
core   0: 0x000000008000010e (0x00b57063) bgeu    a0, a1, pc + 0
core   0: 3 0x000000008000010e (0x00b57063)
core   0: 0x0000000080000112 (0x00150113) addi    sp, a0, 1
core   0: 3 0x0000000080000112 (0x00150113) x2  0x0000000000000001
core   0: 0x0000000080000116 (0x00000146) c.slli  sp, 17
core   0: 3 0x0000000080000116 (0x0146) x2  0x0000000000020000
core   0: 0x0000000080000118 (0x00009112) c.add   sp, tp
core   0: 3 0x0000000080000118 (0x9112) x2  0x0000000080032040
core   0: 0x000000008000011a (0x01151613) slli    a2, a0, 17
core   0: 3 0x000000008000011a (0x01151613) x12 0x0000000000000000
core   0: 0x000000008000011e (0x00009232) c.add   tp, a2
core   0: 3 0x000000008000011e (0x9232) x4  0x0000000080012040
core   0: 0x0000000080000120 (0x4540f06f) j       pc + 0xf454
core   0: 3 0x0000000080000120 (0x4540f06f)
core   0: >>>>  _init
core   0: 0x000000008000f574 (0x00007171) c.addi16sp sp, -176
core   0: 3 0x000000008000f574 (0x7171) x2  0x0000000080031f90
core   0: 0x000000008000f576 (0x0000f506) c.sdsp  ra, 168(sp)
core   0: 3 0x000000008000f576 (0xf506) mem 0x0000000080032038 0x0000000000000000
core   0: 0x000000008000f578 (0x0000f122) c.sdsp  s0, 160(sp)
core   0: 3 0x000000008000f578 (0xf122) mem 0x0000000080032030 0x0000000000000000
core   0: 0x000000008000f57a (0x0000ed26) c.sdsp  s1, 152(sp)
core   0: 3 0x000000008000f57a (0xed26) mem 0x0000000080032028 0x0000000000000000
core   0: 0x000000008000f57c (0x00001900) c.addi4spn s0, sp, 176
core   0: 3 0x000000008000f57c (0x1900) x8  0x0000000080032040
core   0: 0x000000008000f57e (0x000087aa) c.mv    a5, a0
core   0: 3 0x000000008000f57e (0x87aa) x15 0x0000000000000000
core   0: 0x000000008000f580 (0x0000872e) c.mv    a4, a1
core   0: 3 0x000000008000f580 (0x872e) x14 0x0000000000000001
core   0: 0x000000008000f582 (0xf4f42e23) sw      a5, -164(s0)
core   0: 3 0x000000008000f582 (0xf4f42e23) mem 0x0000000080031f9c 0x00000000
core   0: 0x000000008000f586 (0x000087ba) c.mv    a5, a4
core   0: 3 0x000000008000f586 (0x87ba) x15 0x0000000000000001
core   0: 0x000000008000f588 (0xf4f42c23) sw      a5, -168(s0)
core   0: 3 0x000000008000f588 (0xf4f42c23) mem 0x0000000080031f98 0x00000001
core   0: 0x000000008000f58c (0xfe040793) addi    a5, s0, -32
core   0: 3 0x000000008000f58c (0xfe040793) x15 0x0000000080032020
core   0: 0x000000008000f590 (0xf4f43823) sd      a5, -176(s0)
core   0: 3 0x000000008000f590 (0xf4f43823) mem 0x0000000080031f90 0x0000000080032020
core   0: 0x000000008000f594 (0xf5043783) ld      a5, -176(s0)
core   0: 3 0x000000008000f594 (0xf5043783) x15 0x0000000080032020 mem 0x0000000080031f90
core   0: 0x000000008000f598 (0xf8078793) addi    a5, a5, -128
core   0: 3 0x000000008000f598 (0xf8078793) x15 0x0000000080031fa0
core   0: 0x000000008000f59c (0x03f78793) addi    a5, a5, 63
core   0: 3 0x000000008000f59c (0x03f78793) x15 0x0000000080031fdf
core   0: 0x000000008000f5a0 (0x00008399) c.srli  a5, 6
core   0: 3 0x000000008000f5a0 (0x8399) x15 0x0000000002000c7f
core   0: 0x000000008000f5a2 (0x00679493) slli    s1, a5, 6
core   0: 3 0x000000008000f5a2 (0x00679493) x9  0x0000000080031fc0
core   0: 0x000000008000f5a6 (0xf65ff0ef) jal     pc - 0x9c
core   0: 3 0x000000008000f5a6 (0xf65ff0ef) x1  0x000000008000f5aa
core   0: >>>>  init_tls
core   0: 0x000000008000f50a (0x00001101) c.addi  sp, -32
core   0: 3 0x000000008000f50a (0x1101) x2  0x0000000080031f70
core   0: 0x000000008000f50c (0x0000ec06) c.sdsp  ra, 24(sp)
core   0: 3 0x000000008000f50c (0xec06) mem 0x0000000080031f88 0x000000008000f5aa
core   0: 0x000000008000f50e (0x0000e822) c.sdsp  s0, 16(sp)
core   0: 3 0x000000008000f50e (0xe822) mem 0x0000000080031f80 0x0000000080032040
core   0: 0x000000008000f510 (0x00001000) c.addi4spn s0, sp, 32
core   0: 3 0x000000008000f510 (0x1000) x8  0x0000000080031f90
core   0: 0x000000008000f512 (0x00003717) auipc   a4, 0x3
core   0: 3 0x000000008000f512 (0x00003717) x14 0x0000000080012512
core   0: 0x000000008000f516 (0xb1670713) addi    a4, a4, -1258
core   0: 3 0x000000008000f516 (0xb1670713) x14 0x0000000080012028
core   0: 0x000000008000f51a (0x00003797) auipc   a5, 0x3
core   0: 3 0x000000008000f51a (0x00003797) x15 0x000000008001251a
core   0: 0x000000008000f51e (0xb0e78793) addi    a5, a5, -1266
core   0: 3 0x000000008000f51e (0xb0e78793) x15 0x0000000080012028
core   0: 0x000000008000f522 (0x40f707b3) sub     a5, a4, a5
core   0: 3 0x000000008000f522 (0x40f707b3) x15 0x0000000000000000
core   0: 0x000000008000f526 (0xfef43423) sd      a5, -24(s0)
core   0: 3 0x000000008000f526 (0xfef43423) mem 0x0000000080031f78 0x0000000000000000
core   0: 0x000000008000f52a (0x00008792) c.mv    a5, tp
core   0: 3 0x000000008000f52a (0x8792) x15 0x0000000080012040
core   0: 0x000000008000f52c (0xfe843603) ld      a2, -24(s0)
core   0: 3 0x000000008000f52c (0xfe843603) x12 0x0000000000000000 mem 0x0000000080031f78
core   0: 0x000000008000f530 (0x00003597) auipc   a1, 0x3
core   0: 3 0x000000008000f530 (0x00003597) x11 0x0000000080012530
core   0: 0x000000008000f534 (0xaf858593) addi    a1, a1, -1288
core   0: 3 0x000000008000f534 (0xaf858593) x11 0x0000000080012028
core   0: 0x000000008000f538 (0x0000853e) c.mv    a0, a5
core   0: 3 0x000000008000f538 (0x853e) x10 0x0000000080012040
core   0: 0x000000008000f53a (0x0f9000ef) jal     pc + 0x8f8
core   0: 3 0x000000008000f53a (0x0f9000ef) x1  0x000000008000f53e
core   0: >>>>  memcpy
core   0: 0x000000008000fe32 (0x0000715d) c.addi16sp sp, -80
core   0: 3 0x000000008000fe32 (0x715d) x2  0x0000000080031f20
core   0: 0x000000008000fe34 (0x0000e4a2) c.sdsp  s0, 72(sp)
core   0: 3 0x000000008000fe34 (0xe4a2) mem 0x0000000080031f68 0x0000000080031f90
core   0: 0x000000008000fe36 (0x00000880) c.addi4spn s0, sp, 80
core   0: 3 0x000000008000fe36 (0x0880) x8  0x0000000080031f70
core   0: 0x000000008000fe38 (0xfca43423) sd      a0, -56(s0)
core   0: 3 0x000000008000fe38 (0xfca43423) mem 0x0000000080031f38 0x0000000080012040
core   0: 0x000000008000fe3c (0xfcb43023) sd      a1, -64(s0)
core   0: 3 0x000000008000fe3c (0xfcb43023) mem 0x0000000080031f30 0x0000000080012028
core   0: 0x000000008000fe40 (0xfac43c23) sd      a2, -72(s0)
core   0: 3 0x000000008000fe40 (0xfac43c23) mem 0x0000000080031f28 0x0000000000000000
core   0: 0x000000008000fe44 (0xfc843703) ld      a4, -56(s0)
core   0: 3 0x000000008000fe44 (0xfc843703) x14 0x0000000080012040 mem 0x0000000080031f38
core   0: 0x000000008000fe48 (0xfc043783) ld      a5, -64(s0)
core   0: 3 0x000000008000fe48 (0xfc043783) x15 0x0000000080012028 mem 0x0000000080031f30
core   0: 0x000000008000fe4c (0x00008f5d) c.or    a4, a5
core   0: 3 0x000000008000fe4c (0x8f5d) x14 0x0000000080012068
core   0: 0x000000008000fe4e (0xfb843783) ld      a5, -72(s0)
core   0: 3 0x000000008000fe4e (0xfb843783) x15 0x0000000000000000 mem 0x0000000080031f28
core   0: 0x000000008000fe52 (0x00008fd9) c.or    a5, a4
core   0: 3 0x000000008000fe52 (0x8fd9) x15 0x0000000080012068
core   0: 0x000000008000fe54 (0x00008b9d) c.andi  a5, 7
core   0: 3 0x000000008000fe54 (0x8b9d) x15 0x0000000000000000
core   0: 0x000000008000fe56 (0x0000e3b1) c.bnez  a5, pc + 68
core   0: 3 0x000000008000fe56 (0xe3b1)
core   0: 0x000000008000fe58 (0xfc043783) ld      a5, -64(s0)
core   0: 3 0x000000008000fe58 (0xfc043783) x15 0x0000000080012028 mem 0x0000000080031f30
core   0: 0x000000008000fe5c (0xfef43423) sd      a5, -24(s0)
core   0: 3 0x000000008000fe5c (0xfef43423) mem 0x0000000080031f58 0x0000000080012028
core   0: 0x000000008000fe60 (0xfc843783) ld      a5, -56(s0)
core   0: 3 0x000000008000fe60 (0xfc843783) x15 0x0000000080012040 mem 0x0000000080031f38
core   0: 0x000000008000fe64 (0xfef43023) sd      a5, -32(s0)
core   0: 3 0x000000008000fe64 (0xfef43023) mem 0x0000000080031f50 0x0000000080012040
core   0: 0x000000008000fe68 (0x0000a839) c.j     pc + 30
core   0: 3 0x000000008000fe68 (0xa839)
core   0: 0x000000008000fe86 (0xfc843703) ld      a4, -56(s0)
core   0: 3 0x000000008000fe86 (0xfc843703) x14 0x0000000080012040 mem 0x0000000080031f38
core   0: 0x000000008000fe8a (0xfb843783) ld      a5, -72(s0)
core   0: 3 0x000000008000fe8a (0xfb843783) x15 0x0000000000000000 mem 0x0000000080031f28
core   0: 0x000000008000fe8e (0x000097ba) c.add   a5, a4
core   0: 3 0x000000008000fe8e (0x97ba) x15 0x0000000080012040
core   0: 0x000000008000fe90 (0xfe043703) ld      a4, -32(s0)
core   0: 3 0x000000008000fe90 (0xfe043703) x14 0x0000000080012040 mem 0x0000000080031f50
core   0: 0x000000008000fe94 (0xfcf76be3) bltu    a4, a5, pc - 42
core   0: 3 0x000000008000fe94 (0xfcf76be3)
core   0: 0x000000008000fe98 (0x0000a099) c.j     pc + 70
core   0: 3 0x000000008000fe98 (0xa099)
core   0: 0x000000008000fede (0xfc843783) ld      a5, -56(s0)
core   0: 3 0x000000008000fede (0xfc843783) x15 0x0000000080012040 mem 0x0000000080031f38
core   0: 0x000000008000fee2 (0x0000853e) c.mv    a0, a5
core   0: 3 0x000000008000fee2 (0x853e) x10 0x0000000080012040
core   0: 0x000000008000fee4 (0x00006426) c.ldsp  s0, 72(sp)
core   0: 3 0x000000008000fee4 (0x6426) x8  0x0000000080031f90 mem 0x0000000080031f68
core   0: 0x000000008000fee6 (0x00006161) c.addi16sp sp, 80
core   0: 3 0x000000008000fee6 (0x6161) x2  0x0000000080031f70
core   0: 0x000000008000fee8 (0x00008082) ret
core   0: 3 0x000000008000fee8 (0x8082)
core   0: 0x000000008000f53e (0x00003717) auipc   a4, 0x3
core   0: 3 0x000000008000f53e (0x00003717) x14 0x000000008001253e
core   0: 0x000000008000f542 (0xb8670713) addi    a4, a4, -1146
core   0: 3 0x000000008000f542 (0xb8670713) x14 0x00000000800120c4
core   0: 0x000000008000f546 (0x00003797) auipc   a5, 0x3
core   0: 3 0x000000008000f546 (0x00003797) x15 0x0000000080012546
core   0: 0x000000008000f54a (0xae278793) addi    a5, a5, -1310
core   0: 3 0x000000008000f54a (0xae278793) x15 0x0000000080012028
core   0: 0x000000008000f54e (0x40f707b3) sub     a5, a4, a5
core   0: 3 0x000000008000f54e (0x40f707b3) x15 0x000000000000009c
core   0: 0x000000008000f552 (0xfef43023) sd      a5, -32(s0)
core   0: 3 0x000000008000f552 (0xfef43023) mem 0x0000000080031f70 0x000000000000009c
core   0: 0x000000008000f556 (0x00008712) c.mv    a4, tp
core   0: 3 0x000000008000f556 (0x8712) x14 0x0000000080012040
core   0: 0x000000008000f558 (0xfe843783) ld      a5, -24(s0)
core   0: 3 0x000000008000f558 (0xfe843783) x15 0x0000000000000000 mem 0x0000000080031f78
core   0: 0x000000008000f55c (0x000097ba) c.add   a5, a4
core   0: 3 0x000000008000f55c (0x97ba) x15 0x0000000080012040
core   0: 0x000000008000f55e (0xfe043603) ld      a2, -32(s0)
core   0: 3 0x000000008000f55e (0xfe043603) x12 0x000000000000009c mem 0x0000000080031f70
core   0: 0x000000008000f562 (0x00004581) c.li    a1, 0
core   0: 3 0x000000008000f562 (0x4581) x11 0x0000000000000000
core   0: 0x000000008000f564 (0x0000853e) c.mv    a0, a5
core   0: 3 0x000000008000f564 (0x853e) x10 0x0000000080012040
core   0: 0x000000008000f566 (0x185000ef) jal     pc + 0x984
core   0: 3 0x000000008000f566 (0x185000ef) x1  0x000000008000f56a
core   0: >>>>  memset
core   0: 0x000000008000feea (0x0000715d) c.addi16sp sp, -80
core   0: 3 0x000000008000feea (0x715d) x2  0x0000000080031f20
core   0: 0x000000008000feec (0x0000e4a2) c.sdsp  s0, 72(sp)
core   0: 3 0x000000008000feec (0xe4a2) mem 0x0000000080031f68 0x0000000080031f90
core   0: 0x000000008000feee (0x00000880) c.addi4spn s0, sp, 80
core   0: 3 0x000000008000feee (0x0880) x8  0x0000000080031f70
core   0: 0x000000008000fef0 (0xfca43423) sd      a0, -56(s0)
core   0: 3 0x000000008000fef0 (0xfca43423) mem 0x0000000080031f38 0x0000000080012040
core   0: 0x000000008000fef4 (0x000087ae) c.mv    a5, a1
core   0: 3 0x000000008000fef4 (0x87ae) x15 0x0000000000000000
core   0: 0x000000008000fef6 (0xfac43c23) sd      a2, -72(s0)
core   0: 3 0x000000008000fef6 (0xfac43c23) mem 0x0000000080031f28 0x000000000000009c
core   0: 0x000000008000fefa (0xfcf42223) sw      a5, -60(s0)
core   0: 3 0x000000008000fefa (0xfcf42223) mem 0x0000000080031f34 0x00000000
core   0: 0x000000008000fefe (0xfc843703) ld      a4, -56(s0)
core   0: 3 0x000000008000fefe (0xfc843703) x14 0x0000000080012040 mem 0x0000000080031f38
core   0: 0x000000008000ff02 (0xfb843783) ld      a5, -72(s0)
core   0: 3 0x000000008000ff02 (0xfb843783) x15 0x000000000000009c mem 0x0000000080031f28
core   0: 0x000000008000ff06 (0x00008fd9) c.or    a5, a4
core   0: 3 0x000000008000ff06 (0x8fd9) x15 0x00000000800120dc
core   0: 0x000000008000ff08 (0x00008b9d) c.andi  a5, 7
core   0: 3 0x000000008000ff08 (0x8b9d) x15 0x0000000000000004
core   0: 0x000000008000ff0a (0x0000e7bd) c.bnez  a5, pc + 110
core   0: 3 0x000000008000ff0a (0xe7bd)
core   0: 0x000000008000ff78 (0xfc843783) ld      a5, -56(s0)
core   0: 3 0x000000008000ff78 (0xfc843783) x15 0x0000000080012040 mem 0x0000000080031f38
core   0: 0x000000008000ff7c (0xfef43023) sd      a5, -32(s0)
core   0: 3 0x000000008000ff7c (0xfef43023) mem 0x0000000080031f50 0x0000000080012040
core   0: 0x000000008000ff80 (0x0000a829) c.j     pc + 26
core   0: 3 0x000000008000ff80 (0xa829)
core   0: 0x000000008000ff9a (0xfc843703) ld      a4, -56(s0)
core   0: 3 0x000000008000ff9a (0xfc843703) x14 0x0000000080012040 mem 0x0000000080031f38
core   0: 0x000000008000ff9e (0xfb843783) ld      a5, -72(s0)
core   0: 3 0x000000008000ff9e (0xfb843783) x15 0x000000000000009c mem 0x0000000080031f28
core   0: 0x000000008000ffa2 (0x000097ba) c.add   a5, a4
core   0: 3 0x000000008000ffa2 (0x97ba) x15 0x00000000800120dc
core   0: 0x000000008000ffa4 (0xfe043703) ld      a4, -32(s0)
core   0: 3 0x000000008000ffa4 (0xfe043703) x14 0x0000000080012040 mem 0x0000000080031f50
core   0: 0x000000008000ffa8 (0xfcf76de3) bltu    a4, a5, pc - 38
core   0: 3 0x000000008000ffa8 (0xfcf76de3)
core   0: 0x000000008000ff82 (0xfe043783) ld      a5, -32(s0)
core   0: 3 0x000000008000ff82 (0xfe043783) x15 0x0000000080012040 mem 0x0000000080031f50
core   0: 0x000000008000ff86 (0x00178713) addi    a4, a5, 1
core   0: 3 0x000000008000ff86 (0x00178713) x14 0x0000000080012041
core   0: 0x000000008000ff8a (0xfee43023) sd      a4, -32(s0)
core   0: 3 0x000000008000ff8a (0xfee43023) mem 0x0000000080031f50 0x0000000080012041
core   0: 0x000000008000ff8e (0xfc442703) lw      a4, -60(s0)
core   0: 3 0x000000008000ff8e (0xfc442703) x14 0x0000000000000000 mem 0x0000000080031f34
core   0: 0x000000008000ff92 (0x0ff77713) andi    a4, a4, 255
core   0: 3 0x000000008000ff92 (0x0ff77713) x14 0x0000000000000000
core   0: 0x000000008000ff96 (0x00e78023) sb      a4, 0(a5)
core   0: 3 0x000000008000ff96 (0x00e78023) mem 0x0000000080012040 0x00
core   0: 0x000000008000ff9a (0xfc843703) ld      a4, -56(s0)
core   0: 3 0x000000008000ff9a (0xfc843703) x14 0x0000000080012040 mem 0x0000000080031f38
core   0: 0x000000008000ff9e (0xfb843783) ld      a5, -72(s0)
core   0: 3 0x000000008000ff9e (0xfb843783) x15 0x000000000000009c mem 0x0000000080031f28
core   0: 0x000000008000ffa2 (0x000097ba) c.add   a5, a4
core   0: 3 0x000000008000ffa2 (0x97ba) x15 0x00000000800120dc
core   0: 0x000000008000ffa4 (0xfe043703) ld      a4, -32(s0)
core   0: 3 0x000000008000ffa4 (0xfe043703) x14 0x0000000080012041 mem 0x0000000080031f50
core   0: 0x000000008000ffa8 (0xfcf76de3) bltu    a4, a5, pc - 38
core   0: 3 0x000000008000ffa8 (0xfcf76de3)
core   0: 0x000000008000ff82 (0xfe043783) ld      a5, -32(s0)
core   0: 3 0x000000008000ff82 (0xfe043783) x15 0x0000000080012041 mem 0x0000000080031f50
core   0: 0x000000008000ff86 (0x00178713) addi    a4, a5, 1
core   0: 3 0x000000008000ff86 (0x00178713) x14 0x0000000080012042
core   0: 0x000000008000ff8a (0xfee43023) sd      a4, -32(s0)
core   0: 3 0x000000008000ff8a (0xfee43023) mem 0x0000000080031f50 0x0000000080012042
core   0: 0x000000008000ff8e (0xfc442703) lw      a4, -60(s0)
core   0: 3 0x000000008000ff8e (0xfc442703) x14 0x0000000000000000 mem 0x0000000080031f34
core   0: 0x000000008000ff92 (0x0ff77713) andi    a4, a4, 255
core   0: 3 0x000000008000ff92 (0x0ff77713) x14 0x0000000000000000
core   0: 0x000000008000ff96 (0x00e78023) sb      a4, 0(a5)
core   0: 3 0x000000008000ff96 (0x00e78023) mem 0x0000000080012041 0x00
core   0: 0x000000008000ff9a (0xfc843703) ld      a4, -56(s0)
core   0: 3 0x000000008000ff9a (0xfc843703) x14 0x0000000080012040 mem 0x0000000080031f38
core   0: 0x000000008000ff9e (0xfb843783) ld      a5, -72(s0)
core   0: 3 0x000000008000ff9e (0xfb843783) x15 0x000000000000009c mem 0x0000000080031f28
core   0: 0x000000008000ffa2 (0x000097ba) c.add   a5, a4
core   0: 3 0x000000008000ffa2 (0x97ba) x15 0x00000000800120dc
core   0: 0x000000008000ffa4 (0xfe043703) ld      a4, -32(s0)
core   0: 3 0x000000008000ffa4 (0xfe043703) x14 0x0000000080012042 mem 0x0000000080031f50
core   0: 0x000000008000ffa8 (0xfcf76de3) bltu    a4, a5, pc - 38
core   0: 3 0x000000008000ffa8 (0xfcf76de3)
core   0: 0x000000008000ff82 (0xfe043783) ld      a5, -32(s0)
core   0: 3 0x000000008000ff82 (0xfe043783) x15 0x0000000080012042 mem 0x0000000080031f50
core   0: 0x000000008000ff86 (0x00178713) addi    a4, a5, 1
core   0: 3 0x000000008000ff86 (0x00178713) x14 0x0000000080012043
core   0: 0x000000008000ff8a (0xfee43023) sd      a4, -32(s0)
core   0: 3 0x000000008000ff8a (0xfee43023) mem 0x0000000080031f50 0x0000000080012043
core   0: 0x000000008000ff8e (0xfc442703) lw      a4, -60(s0)
core   0: 3 0x000000008000ff8e (0xfc442703) x14 0x0000000000000000 mem 0x0000000080031f34
core   0: 0x000000008000ff92 (0x0ff77713) andi    a4, a4, 255
core   0: 3 0x000000008000ff92 (0x0ff77713) x14 0x0000000000000000
core   0: 0x000000008000ff96 (0x00e78023) sb      a4, 0(a5)
core   0: 3 0x000000008000ff96 (0x00e78023) mem 0x0000000080012042 0x00
core   0: 0x000000008000ff9a (0xfc843703) ld      a4, -56(s0)
core   0: 3 0x000000008000ff9a (0xfc843703) x14 0x0000000080012040 mem 0x0000000080031f38
core   0: 0x000000008000ff9e (0xfb843783) ld      a5, -72(s0)
core   0: 3 0x000000008000ff9e (0xfb843783) x15 0x000000000000009c mem 0x0000000080031f28
core   0: 0x000000008000ffa2 (0x000097ba) c.add   a5, a4
core   0: 3 0x000000008000ffa2 (0x97ba) x15 0x00000000800120dc
core   0: 0x000000008000ffa4 (0xfe043703) ld      a4, -32(s0)
core   0: 3 0x000000008000ffa4 (0xfe043703) x14 0x0000000080012043 mem 0x0000000080031f50
core   0: 0x000000008000ffa8 (0xfcf76de3) bltu    a4, a5, pc - 38
core   0: 3 0x000000008000ffa8 (0xfcf76de3)
core   0: 0x000000008000ff82 (0xfe043783) ld      a5, -32(s0)
core   0: 3 0x000000008000ff82 (0xfe043783) x15 0x0000000080012043 mem 0x0000000080031f50
core   0: 0x000000008000ff86 (0x00178713) addi    a4, a5, 1
core   0: 3 0x000000008000ff86 (0x00178713) x14 0x0000000080012044
core   0: 0x000000008000ff8a (0xfee43023) sd      a4, -32(s0)
core   0: 3 0x000000008000ff8a (0xfee43023) mem 0x0000000080031f50 0x0000000080012044
core   0: 0x000000008000ff8e (0xfc442703) lw      a4, -60(s0)
core   0: 3 0x000000008000ff8e (0xfc442703) x14 0x0000000000000000 mem 0x0000000080031f34
core   0: 0x000000008000ff92 (0x0ff77713) andi    a4, a4, 255
core   0: 3 0x000000008000ff92 (0x0ff77713) x14 0x0000000000000000
core   0: 0x000000008000ff96 (0x00e78023) sb      a4, 0(a5)
core   0: 3 0x000000008000ff96 (0x00e78023) mem 0x0000000080012043 0x00
core   0: 0x000000008000ff9a (0xfc843703) ld      a4, -56(s0)
core   0: 3 0x000000008000ff9a (0xfc843703) x14 0x0000000080012040 mem 0x0000000080031f38
core   0: 0x000000008000ff9e (0xfb843783) ld      a5, -72(s0)
core   0: 3 0x000000008000ff9e (0xfb843783) x15 0x000000000000009c mem 0x0000000080031f28
core   0: 0x000000008000ffa2 (0x000097ba) c.add   a5, a4
core   0: 3 0x000000008000ffa2 (0x97ba) x15 0x00000000800120dc
core   0: 0x000000008000ffa4 (0xfe043703) ld      a4, -32(s0)
core   0: 3 0x000000008000ffa4 (0xfe043703) x14 0x0000000080012044 mem 0x0000000080031f50
core   0: 0x000000008000ffa8 (0xfcf76de3) bltu    a4, a5, pc - 38
core   0: 3 0x000000008000ffa8 (0xfcf76de3)
core   0: 0x000000008000ff82 (0xfe043783) ld      a5, -32(s0)
core   0: 3 0x000000008000ff82 (0xfe043783) x15 0x0000000080012044 mem 0x0000000080031f50
core   0: 0x000000008000ff86 (0x00178713) addi    a4, a5, 1
core   0: 3 0x000000008000ff86 (0x00178713) x14 0x0000000080012045
core   0: 0x000000008000ff8a (0xfee43023) sd      a4, -32(s0)
core   0: 3 0x000000008000ff8a (0xfee43023) mem 0x0000000080031f50 0x0000000080012045
core   0: 0x000000008000ff8e (0xfc442703) lw      a4, -60(s0)
core   0: 3 0x000000008000ff8e (0xfc442703) x14 0x0000000000000000 mem 0x0000000080031f34
core   0: 0x000000008000ff92 (0x0ff77713) andi    a4, a4, 255
core   0: 3 0x000000008000ff92 (0x0ff77713) x14 0x0000000000000000
core   0: 0x000000008000ff96 (0x00e78023) sb      a4, 0(a5)
core   0: 3 0x000000008000ff96 (0x00e78023) mem 0x0000000080012044 0x00
core   0: 0x000000008000ff9a (0xfc843703) ld      a4, -56(s0)
core   0: 3 0x000000008000ff9a (0xfc843703) x14 0x0000000080012040 mem 0x0000000080031f38
core   0: 0x000000008000ff9e (0xfb843783) ld      a5, -72(s0)
core   0: 3 0x000000008000ff9e (0xfb843783) x15 0x000000000000009c mem 0x0000000080031f28
core   0: 0x000000008000ffa2 (0x000097ba) c.add   a5, a4
core   0: 3 0x000000008000ffa2 (0x97ba) x15 0x00000000800120dc
core   0: 0x000000008000ffa4 (0xfe043703) ld      a4, -32(s0)
core   0: 3 0x000000008000ffa4 (0xfe043703) x14 0x0000000080012045 mem 0x0000000080031f50
core   0: 0x000000008000ffa8 (0xfcf76de3) bltu    a4, a5, pc - 38
core   0: 3 0x000000008000ffa8 (0xfcf76de3)
core   0: 0x000000008000ff82 (0xfe043783) ld      a5, -32(s0)
core   0: 3 0x000000008000ff82 (0xfe043783) x15 0x0000000080012045 mem 0x0000000080031f50
core   0: 0x000000008000ff86 (0x00178713) addi    a4, a5, 1
core   0: 3 0x000000008000ff86 (0x00178713) x14 0x0000000080012046
core   0: 0x000000008000ff8a (0xfee43023) sd      a4, -32(s0)
core   0: 3 0x000000008000ff8a (0xfee43023) mem 0x0000000080031f50 0x0000000080012046
core   0: 0x000000008000ff8e (0xfc442703) lw      a4, -60(s0)
core   0: 3 0x000000008000ff8e (0xfc442703) x14 0x0000000000000000 mem 0x0000000080031f34
core   0: 0x000000008000ff92 (0x0ff77713) andi    a4, a4, 255
core   0: 3 0x000000008000ff92 (0x0ff77713) x14 0x0000000000000000
core   0: 0x000000008000ff96 (0x00e78023) sb      a4, 0(a5)
core   0: 3 0x000000008000ff96 (0x00e78023) mem 0x0000000080012045 0x00
core   0: 0x000000008000ff9a (0xfc843703) ld      a4, -56(s0)
core   0: 3 0x000000008000ff9a (0xfc843703) x14 0x0000000080012040 mem 0x0000000080031f38
core   0: 0x000000008000ff9e (0xfb843783) ld      a5, -72(s0)
core   0: 3 0x000000008000ff9e (0xfb843783) x15 0x000000000000009c mem 0x0000000080031f28
core   0: 0x000000008000ffa2 (0x000097ba) c.add   a5, a4
core   0: 3 0x000000008000ffa2 (0x97ba) x15 0x00000000800120dc
core   0: 0x000000008000ffa4 (0xfe043703) ld      a4, -32(s0)
core   0: 3 0x000000008000ffa4 (0xfe043703) x14 0x0000000080012046 mem 0x0000000080031f50
core   0: 0x000000008000ffa8 (0xfcf76de3) bltu    a4, a5, pc - 38
core   0: 3 0x000000008000ffa8 (0xfcf76de3)
core   0: 0x000000008000ff82 (0xfe043783) ld      a5, -32(s0)
core   0: 3 0x000000008000ff82 (0xfe043783) x15 0x0000000080012046 mem 0x0000000080031f50
core   0: 0x000000008000ff86 (0x00178713) addi    a4, a5, 1
core   0: 3 0x000000008000ff86 (0x00178713) x14 0x0000000080012047
core   0: 0x000000008000ff8a (0xfee43023) sd      a4, -32(s0)
core   0: 3 0x000000008000ff8a (0xfee43023) mem 0x0000000080031f50 0x0000000080012047
core   0: 0x000000008000ff8e (0xfc442703) lw      a4, -60(s0)
core   0: 3 0x000000008000ff8e (0xfc442703) x14 0x0000000000000000 mem 0x0000000080031f34
core   0: 0x000000008000ff92 (0x0ff77713) andi    a4, a4, 255
core   0: 3 0x000000008000ff92 (0x0ff77713) x14 0x0000000000000000
core   0: 0x000000008000ff96 (0x00e78023) sb      a4, 0(a5)
core   0: 3 0x000000008000ff96 (0x00e78023) mem 0x0000000080012046 0x00
core   0: 0x000000008000ff9a (0xfc843703) ld      a4, -56(s0)
core   0: 3 0x000000008000ff9a (0xfc843703) x14 0x0000000080012040 mem 0x0000000080031f38
core   0: 0x000000008000ff9e (0xfb843783) ld      a5, -72(s0)
core   0: 3 0x000000008000ff9e (0xfb843783) x15 0x000000000000009c mem 0x0000000080031f28
core   0: 0x000000008000ffa2 (0x000097ba) c.add   a5, a4
core   0: 3 0x000000008000ffa2 (0x97ba) x15 0x00000000800120dc
core   0: 0x000000008000ffa4 (0xfe043703) ld      a4, -32(s0)
core   0: 3 0x000000008000ffa4 (0xfe043703) x14 0x0000000080012047 mem 0x0000000080031f50
core   0: 0x000000008000ffa8 (0xfcf76de3) bltu    a4, a5, pc - 38
core   0: 3 0x000000008000ffa8 (0xfcf76de3)
core   0: 0x000000008000ff82 (0xfe043783) ld      a5, -32(s0)
core   0: 3 0x000000008000ff82 (0xfe043783) x15 0x0000000080012047 mem 0x0000000080031f50
core   0: 0x000000008000ff86 (0x00178713) addi    a4, a5, 1
core   0: 3 0x000000008000ff86 (0x00178713) x14 0x0000000080012048
core   0: 0x000000008000ff8a (0xfee43023) sd      a4, -32(s0)
core   0: 3 0x000000008000ff8a (0xfee43023) mem 0x0000000080031f50 0x0000000080012048
core   0: 0x000000008000ff8e (0xfc442703) lw      a4, -60(s0)
core   0: 3 0x000000008000ff8e (0xfc442703) x14 0x0000000000000000 mem 0x0000000080031f34
core   0: 0x000000008000ff92 (0x0ff77713) andi    a4, a4, 255
core   0: 3 0x000000008000ff92 (0x0ff77713) x14 0x0000000000000000
core   0: 0x000000008000ff96 (0x00e78023) sb      a4, 0(a5)
core   0: 3 0x000000008000ff96 (0x00e78023) mem 0x0000000080012047 0x00
core   0: 0x000000008000ff9a (0xfc843703) ld      a4, -56(s0)
core   0: 3 0x000000008000ff9a (0xfc843703) x14 0x0000000080012040 mem 0x0000000080031f38
core   0: 0x000000008000ff9e (0xfb843783) ld      a5, -72(s0)
core   0: 3 0x000000008000ff9e (0xfb843783) x15 0x000000000000009c mem 0x0000000080031f28
core   0: 0x000000008000ffa2 (0x000097ba) c.add   a5, a4
core   0: 3 0x000000008000ffa2 (0x97ba) x15 0x00000000800120dc
core   0: 0x000000008000ffa4 (0xfe043703) ld      a4, -32(s0)
core   0: 3 0x000000008000ffa4 (0xfe043703) x14 0x0000000080012048 mem 0x0000000080031f50
core   0: 0x000000008000ffa8 (0xfcf76de3) bltu    a4, a5, pc - 38
core   0: 3 0x000000008000ffa8 (0xfcf76de3)
core   0: 0x000000008000ff82 (0xfe043783) ld      a5, -32(s0)
core   0: 3 0x000000008000ff82 (0xfe043783) x15 0x0000000080012048 mem 0x0000000080031f50
core   0: 0x000000008000ff86 (0x00178713) addi    a4, a5, 1
core   0: 3 0x000000008000ff86 (0x00178713) x14 0x0000000080012049
core   0: 0x000000008000ff8a (0xfee43023) sd      a4, -32(s0)
core   0: 3 0x000000008000ff8a (0xfee43023) mem 0x0000000080031f50 0x0000000080012049
core   0: 0x000000008000ff8e (0xfc442703) lw      a4, -60(s0)
core   0: 3 0x000000008000ff8e (0xfc442703) x14 0x0000000000000000 mem 0x0000000080031f34
core   0: 0x000000008000ff92 (0x0ff77713) andi    a4, a4, 255
core   0: 3 0x000000008000ff92 (0x0ff77713) x14 0x0000000000000000
core   0: 0x000000008000ff96 (0x00e78023) sb      a4, 0(a5)
core   0: 3 0x000000008000ff96 (0x00e78023) mem 0x0000000080012048 0x00
core   0: 0x000000008000ff9a (0xfc843703) ld      a4, -56(s0)
core   0: 3 0x000000008000ff9a (0xfc843703) x14 0x0000000080012040 mem 0x0000000080031f38
core   0: 0x000000008000ff9e (0xfb843783) ld      a5, -72(s0)
core   0: 3 0x000000008000ff9e (0xfb843783) x15 0x000000000000009c mem 0x0000000080031f28
core   0: 0x000000008000ffa2 (0x000097ba) c.add   a5, a4
core   0: 3 0x000000008000ffa2 (0x97ba) x15 0x00000000800120dc
core   0: 0x000000008000ffa4 (0xfe043703) ld      a4, -32(s0)
core   0: 3 0x000000008000ffa4 (0xfe043703) x14 0x0000000080012049 mem 0x0000000080031f50
core   0: 0x000000008000ffa8 (0xfcf76de3) bltu    a4, a5, pc - 38
core   0: 3 0x000000008000ffa8 (0xfcf76de3)
core   0: 0x000000008000ff82 (0xfe043783) ld      a5, -32(s0)
core   0: 3 0x000000008000ff82 (0xfe043783) x15 0x0000000080012049 mem 0x0000000080031f50
core   0: 0x000000008000ff86 (0x00178713) addi    a4, a5, 1
core   0: 3 0x000000008000ff86 (0x00178713) x14 0x000000008001204a
core   0: 0x000000008000ff8a (0xfee43023) sd      a4, -32(s0)
core   0: 3 0x000000008000ff8a (0xfee43023) mem 0x0000000080031f50 0x000000008001204a
core   0: 0x000000008000ff8e (0xfc442703) lw      a4, -60(s0)
core   0: 3 0x000000008000ff8e (0xfc442703) x14 0x0000000000000000 mem 0x0000000080031f34
core   0: 0x000000008000ff92 (0x0ff77713) andi    a4, a4, 255
core   0: 3 0x000000008000ff92 (0x0ff77713) x14 0x0000000000000000
core   0: 0x000000008000ff96 (0x00e78023) sb      a4, 0(a5)
core   0: 3 0x000000008000ff96 (0x00e78023) mem 0x0000000080012049 0x00
core   0: 0x000000008000ff9a (0xfc843703) ld      a4, -56(s0)
core   0: 3 0x000000008000ff9a (0xfc843703) x14 0x0000000080012040 mem 0x0000000080031f38
core   0: 0x000000008000ff9e (0xfb843783) ld      a5, -72(s0)
core   0: 3 0x000000008000ff9e (0xfb843783) x15 0x000000000000009c mem 0x0000000080031f28
core   0: 0x000000008000ffa2 (0x000097ba) c.add   a5, a4
core   0: 3 0x000000008000ffa2 (0x97ba) x15 0x00000000800120dc
core   0: 0x000000008000ffa4 (0xfe043703) ld      a4, -32(s0)
core   0: 3 0x000000008000ffa4 (0xfe043703) x14 0x000000008001204a mem 0x0000000080031f50
core   0: 0x000000008000ffa8 (0xfcf76de3) bltu    a4, a5, pc - 38
core   0: 3 0x000000008000ffa8 (0xfcf76de3)
core   0: 0x000000008000ff82 (0xfe043783) ld      a5, -32(s0)
core   0: 3 0x000000008000ff82 (0xfe043783) x15 0x000000008001204a mem 0x0000000080031f50
core   0: 0x000000008000ff86 (0x00178713) addi    a4, a5, 1
core   0: 3 0x000000008000ff86 (0x00178713) x14 0x000000008001204b
core   0: 0x000000008000ff8a (0xfee43023) sd      a4, -32(s0)
core   0: 3 0x000000008000ff8a (0xfee43023) mem 0x0000000080031f50 0x000000008001204b
core   0: 0x000000008000ff8e (0xfc442703) lw      a4, -60(s0)
core   0: 3 0x000000008000ff8e (0xfc442703) x14 0x0000000000000000 mem 0x0000000080031f34
core   0: 0x000000008000ff92 (0x0ff77713) andi    a4, a4, 255
core   0: 3 0x000000008000ff92 (0x0ff77713) x14 0x0000000000000000
core   0: 0x000000008000ff96 (0x00e78023) sb      a4, 0(a5)
core   0: 3 0x000000008000ff96 (0x00e78023) mem 0x000000008001204a 0x00
core   0: 0x000000008000ff9a (0xfc843703) ld      a4, -56(s0)
core   0: 3 0x000000008000ff9a (0xfc843703) x14 0x0000000080012040 mem 0x0000000080031f38
core   0: 0x000000008000ff9e (0xfb843783) ld      a5, -72(s0)
core   0: 3 0x000000008000ff9e (0xfb843783) x15 0x000000000000009c mem 0x0000000080031f28
core   0: 0x000000008000ffa2 (0x000097ba) c.add   a5, a4
core   0: 3 0x000000008000ffa2 (0x97ba) x15 0x00000000800120dc
core   0: 0x000000008000ffa4 (0xfe043703) ld      a4, -32(s0)
core   0: 3 0x000000008000ffa4 (0xfe043703) x14 0x000000008001204b mem 0x0000000080031f50
core   0: 0x000000008000ffa8 (0xfcf76de3) bltu    a4, a5, pc - 38
core   0: 3 0x000000008000ffa8 (0xfcf76de3)
core   0: 0x000000008000ff82 (0xfe043783) ld      a5, -32(s0)
core   0: 3 0x000000008000ff82 (0xfe043783) x15 0x000000008001204b mem 0x0000000080031f50
core   0: 0x000000008000ff86 (0x00178713) addi    a4, a5, 1
core   0: 3 0x000000008000ff86 (0x00178713) x14 0x000000008001204c
core   0: 0x000000008000ff8a (0xfee43023) sd      a4, -32(s0)
core   0: 3 0x000000008000ff8a (0xfee43023) mem 0x0000000080031f50 0x000000008001204c
core   0: 0x000000008000ff8e (0xfc442703) lw      a4, -60(s0)
core   0: 3 0x000000008000ff8e (0xfc442703) x14 0x0000000000000000 mem 0x0000000080031f34
core   0: 0x000000008000ff92 (0x0ff77713) andi    a4, a4, 255
core   0: 3 0x000000008000ff92 (0x0ff77713) x14 0x0000000000000000
core   0: 0x000000008000ff96 (0x00e78023) sb      a4, 0(a5)
core   0: 3 0x000000008000ff96 (0x00e78023) mem 0x000000008001204b 0x00
core   0: 0x000000008000ff9a (0xfc843703) ld      a4, -56(s0)
core   0: 3 0x000000008000ff9a (0xfc843703) x14 0x0000000080012040 mem 0x0000000080031f38
core   0: 0x000000008000ff9e (0xfb843783) ld      a5, -72(s0)
core   0: 3 0x000000008000ff9e (0xfb843783) x15 0x000000000000009c mem 0x0000000080031f28
core   0: 0x000000008000ffa2 (0x000097ba) c.add   a5, a4
core   0: 3 0x000000008000ffa2 (0x97ba) x15 0x00000000800120dc
core   0: 0x000000008000ffa4 (0xfe043703) ld      a4, -32(s0)
core   0: 3 0x000000008000ffa4 (0xfe043703) x14 0x000000008001204c mem 0x0000000080031f50
core   0: 0x000000008000ffa8 (0xfcf76de3) bltu    a4, a5, pc - 38
core   0: 3 0x000000008000ffa8 (0xfcf76de3)
core   0: 0x000000008000ff82 (0xfe043783) ld      a5, -32(s0)
core   0: 3 0x000000008000ff82 (0xfe043783) x15 0x000000008001204c mem 0x0000000080031f50
core   0: 0x000000008000ff86 (0x00178713) addi    a4, a5, 1
core   0: 3 0x000000008000ff86 (0x00178713) x14 0x000000008001204d
core   0: 0x000000008000ff8a (0xfee43023) sd      a4, -32(s0)
core   0: 3 0x000000008000ff8a (0xfee43023) mem 0x0000000080031f50 0x000000008001204d
core   0: 0x000000008000ff8e (0xfc442703) lw      a4, -60(s0)
core   0: 3 0x000000008000ff8e (0xfc442703) x14 0x0000000000000000 mem 0x0000000080031f34
core   0: 0x000000008000ff92 (0x0ff77713) andi    a4, a4, 255
core   0: 3 0x000000008000ff92 (0x0ff77713) x14 0x0000000000000000
core   0: 0x000000008000ff96 (0x00e78023) sb      a4, 0(a5)
core   0: 3 0x000000008000ff96 (0x00e78023) mem 0x000000008001204c 0x00
core   0: 0x000000008000ff9a (0xfc843703) ld      a4, -56(s0)
core   0: 3 0x000000008000ff9a (0xfc843703) x14 0x0000000080012040 mem 0x0000000080031f38
core   0: 0x000000008000ff9e (0xfb843783) ld      a5, -72(s0)
core   0: 3 0x000000008000ff9e (0xfb843783) x15 0x000000000000009c mem 0x0000000080031f28
core   0: 0x000000008000ffa2 (0x000097ba) c.add   a5, a4
core   0: 3 0x000000008000ffa2 (0x97ba) x15 0x00000000800120dc
core   0: 0x000000008000ffa4 (0xfe043703) ld      a4, -32(s0)
core   0: 3 0x000000008000ffa4 (0xfe043703) x14 0x000000008001204d mem 0x0000000080031f50
core   0: 0x000000008000ffa8 (0xfcf76de3) bltu    a4, a5, pc - 38
core   0: 3 0x000000008000ffa8 (0xfcf76de3)
core   0: 0x000000008000ff82 (0xfe043783) ld      a5, -32(s0)
core   0: 3 0x000000008000ff82 (0xfe043783) x15 0x000000008001204d mem 0x0000000080031f50
core   0: 0x000000008000ff86 (0x00178713) addi    a4, a5, 1
core   0: 3 0x000000008000ff86 (0x00178713) x14 0x000000008001204e
core   0: 0x000000008000ff8a (0xfee43023) sd      a4, -32(s0)
core   0: 3 0x000000008000ff8a (0xfee43023) mem 0x0000000080031f50 0x000000008001204e
core   0: 0x000000008000ff8e (0xfc442703) lw      a4, -60(s0)
core   0: 3 0x000000008000ff8e (0xfc442703) x14 0x0000000000000000 mem 0x0000000080031f34
core   0: 0x000000008000ff92 (0x0ff77713) andi    a4, a4, 255
core   0: 3 0x000000008000ff92 (0x0ff77713) x14 0x0000000000000000
core   0: 0x000000008000ff96 (0x00e78023) sb      a4, 0(a5)
core   0: 3 0x000000008000ff96 (0x00e78023) mem 0x000000008001204d 0x00
core   0: 0x000000008000ff9a (0xfc843703) ld      a4, -56(s0)
core   0: 3 0x000000008000ff9a (0xfc843703) x14 0x0000000080012040 mem 0x0000000080031f38
core   0: 0x000000008000ff9e (0xfb843783) ld      a5, -72(s0)
core   0: 3 0x000000008000ff9e (0xfb843783) x15 0x000000000000009c mem 0x0000000080031f28
core   0: 0x000000008000ffa2 (0x000097ba) c.add   a5, a4
core   0: 3 0x000000008000ffa2 (0x97ba) x15 0x00000000800120dc
core   0: 0x000000008000ffa4 (0xfe043703) ld      a4, -32(s0)
core   0: 3 0x000000008000ffa4 (0xfe043703) x14 0x000000008001204e mem 0x0000000080031f50
core   0: 0x000000008000ffa8 (0xfcf76de3) bltu    a4, a5, pc - 38
core   0: 3 0x000000008000ffa8 (0xfcf76de3)
core   0: 0x000000008000ff82 (0xfe043783) ld      a5, -32(s0)
core   0: 3 0x000000008000ff82 (0xfe043783) x15 0x000000008001204e mem 0x0000000080031f50
core   0: 0x000000008000ff86 (0x00178713) addi    a4, a5, 1
core   0: 3 0x000000008000ff86 (0x00178713) x14 0x000000008001204f
core   0: 0x000000008000ff8a (0xfee43023) sd      a4, -32(s0)
core   0: 3 0x000000008000ff8a (0xfee43023) mem 0x0000000080031f50 0x000000008001204f
core   0: 0x000000008000ff8e (0xfc442703) lw      a4, -60(s0)
core   0: 3 0x000000008000ff8e (0xfc442703) x14 0x0000000000000000 mem 0x0000000080031f34
core   0: 0x000000008000ff92 (0x0ff77713) andi    a4, a4, 255
core   0: 3 0x000000008000ff92 (0x0ff77713) x14 0x0000000000000000
core   0: 0x000000008000ff96 (0x00e78023) sb      a4, 0(a5)
core   0: 3 0x000000008000ff96 (0x00e78023) mem 0x000000008001204e 0x00
core   0: 0x000000008000ff9a (0xfc843703) ld      a4, -56(s0)
core   0: 3 0x000000008000ff9a (0xfc843703) x14 0x0000000080012040 mem 0x0000000080031f38
core   0: 0x000000008000ff9e (0xfb843783) ld      a5, -72(s0)
core   0: 3 0x000000008000ff9e (0xfb843783) x15 0x000000000000009c mem 0x0000000080031f28
core   0: 0x000000008000ffa2 (0x000097ba) c.add   a5, a4
core   0: 3 0x000000008000ffa2 (0x97ba) x15 0x00000000800120dc
core   0: 0x000000008000ffa4 (0xfe043703) ld      a4, -32(s0)
core   0: 3 0x000000008000ffa4 (0xfe043703) x14 0x000000008001204f mem 0x0000000080031f50
core   0: 0x000000008000ffa8 (0xfcf76de3) bltu    a4, a5, pc - 38
core   0: 3 0x000000008000ffa8 (0xfcf76de3)
core   0: 0x000000008000ff82 (0xfe043783) ld      a5, -32(s0)
core   0: 3 0x000000008000ff82 (0xfe043783) x15 0x000000008001204f mem 0x0000000080031f50
core   0: 0x000000008000ff86 (0x00178713) addi    a4, a5, 1
core   0: 3 0x000000008000ff86 (0x00178713) x14 0x0000000080012050
core   0: 0x000000008000ff8a (0xfee43023) sd      a4, -32(s0)
core   0: 3 0x000000008000ff8a (0xfee43023) mem 0x0000000080031f50 0x0000000080012050
core   0: 0x000000008000ff8e (0xfc442703) lw      a4, -60(s0)
core   0: 3 0x000000008000ff8e (0xfc442703) x14 0x0000000000000000 mem 0x0000000080031f34
core   0: 0x000000008000ff92 (0x0ff77713) andi    a4, a4, 255
core   0: 3 0x000000008000ff92 (0x0ff77713) x14 0x0000000000000000
core   0: 0x000000008000ff96 (0x00e78023) sb      a4, 0(a5)
core   0: 3 0x000000008000ff96 (0x00e78023) mem 0x000000008001204f 0x00
core   0: 0x000000008000ff9a (0xfc843703) ld      a4, -56(s0)
core   0: 3 0x000000008000ff9a (0xfc843703) x14 0x0000000080012040 mem 0x0000000080031f38
core   0: 0x000000008000ff9e (0xfb843783) ld      a5, -72(s0)
core   0: 3 0x000000008000ff9e (0xfb843783) x15 0x000000000000009c mem 0x0000000080031f28
core   0: 0x000000008000ffa2 (0x000097ba) c.add   a5, a4
core   0: 3 0x000000008000ffa2 (0x97ba) x15 0x00000000800120dc
core   0: 0x000000008000ffa4 (0xfe043703) ld      a4, -32(s0)
core   0: 3 0x000000008000ffa4 (0xfe043703) x14 0x0000000080012050 mem 0x0000000080031f50
core   0: 0x000000008000ffa8 (0xfcf76de3) bltu    a4, a5, pc - 38
core   0: 3 0x000000008000ffa8 (0xfcf76de3)
core   0: 0x000000008000ff82 (0xfe043783) ld      a5, -32(s0)
core   0: 3 0x000000008000ff82 (0xfe043783) x15 0x0000000080012050 mem 0x0000000080031f50
core   0: 0x000000008000ff86 (0x00178713) addi    a4, a5, 1
core   0: 3 0x000000008000ff86 (0x00178713) x14 0x0000000080012051
core   0: 0x000000008000ff8a (0xfee43023) sd      a4, -32(s0)
core   0: 3 0x000000008000ff8a (0xfee43023) mem 0x0000000080031f50 0x0000000080012051
core   0: 0x000000008000ff8e (0xfc442703) lw      a4, -60(s0)
core   0: 3 0x000000008000ff8e (0xfc442703) x14 0x0000000000000000 mem 0x0000000080031f34
core   0: 0x000000008000ff92 (0x0ff77713) andi    a4, a4, 255
core   0: 3 0x000000008000ff92 (0x0ff77713) x14 0x0000000000000000
core   0: 0x000000008000ff96 (0x00e78023) sb      a4, 0(a5)
core   0: 3 0x000000008000ff96 (0x00e78023) mem 0x0000000080012050 0x00
core   0: 0x000000008000ff9a (0xfc843703) ld      a4, -56(s0)
core   0: 3 0x000000008000ff9a (0xfc843703) x14 0x0000000080012040 mem 0x0000000080031f38
core   0: 0x000000008000ff9e (0xfb843783) ld      a5, -72(s0)
core   0: 3 0x000000008000ff9e (0xfb843783) x15 0x000000000000009c mem 0x0000000080031f28
core   0: 0x000000008000ffa2 (0x000097ba) c.add   a5, a4
core   0: 3 0x000000008000ffa2 (0x97ba) x15 0x00000000800120dc
core   0: 0x000000008000ffa4 (0xfe043703) ld      a4, -32(s0)
core   0: 3 0x000000008000ffa4 (0xfe043703) x14 0x0000000080012051 mem 0x0000000080031f50
core   0: 0x000000008000ffa8 (0xfcf76de3) bltu    a4, a5, pc - 38
core   0: 3 0x000000008000ffa8 (0xfcf76de3)
core   0: 0x000000008000ff82 (0xfe043783) ld      a5, -32(s0)
core   0: 3 0x000000008000ff82 (0xfe043783) x15 0x0000000080012051 mem 0x0000000080031f50
core   0: 0x000000008000ff86 (0x00178713) addi    a4, a5, 1
core   0: 3 0x000000008000ff86 (0x00178713) x14 0x0000000080012052
core   0: 0x000000008000ff8a (0xfee43023) sd      a4, -32(s0)
core   0: 3 0x000000008000ff8a (0xfee43023) mem 0x0000000080031f50 0x0000000080012052
core   0: 0x000000008000ff8e (0xfc442703) lw      a4, -60(s0)
core   0: 3 0x000000008000ff8e (0xfc442703) x14 0x0000000000000000 mem 0x0000000080031f34
core   0: 0x000000008000ff92 (0x0ff77713) andi    a4, a4, 255
core   0: 3 0x000000008000ff92 (0x0ff77713) x14 0x0000000000000000
core   0: 0x000000008000ff96 (0x00e78023) sb      a4, 0(a5)
core   0: 3 0x000000008000ff96 (0x00e78023) mem 0x0000000080012051 0x00
core   0: 0x000000008000ff9a (0xfc843703) ld      a4, -56(s0)
core   0: 3 0x000000008000ff9a (0xfc843703) x14 0x0000000080012040 mem 0x0000000080031f38
core   0: 0x000000008000ff9e (0xfb843783) ld      a5, -72(s0)
core   0: 3 0x000000008000ff9e (0xfb843783) x15 0x000000000000009c mem 0x0000000080031f28
core   0: 0x000000008000ffa2 (0x000097ba) c.add   a5, a4
core   0: 3 0x000000008000ffa2 (0x97ba) x15 0x00000000800120dc
core   0: 0x000000008000ffa4 (0xfe043703) ld      a4, -32(s0)
core   0: 3 0x000000008000ffa4 (0xfe043703) x14 0x0000000080012052 mem 0x0000000080031f50
core   0: 0x000000008000ffa8 (0xfcf76de3) bltu    a4, a5, pc - 38
core   0: 3 0x000000008000ffa8 (0xfcf76de3)
core   0: 0x000000008000ff82 (0xfe043783) ld      a5, -32(s0)
core   0: 3 0x000000008000ff82 (0xfe043783) x15 0x0000000080012052 mem 0x0000000080031f50
core   0: 0x000000008000ff86 (0x00178713) addi    a4, a5, 1
core   0: 3 0x000000008000ff86 (0x00178713) x14 0x0000000080012053
core   0: 0x000000008000ff8a (0xfee43023) sd      a4, -32(s0)
core   0: 3 0x000000008000ff8a (0xfee43023) mem 0x0000000080031f50 0x0000000080012053
core   0: 0x000000008000ff8e (0xfc442703) lw      a4, -60(s0)
core   0: 3 0x000000008000ff8e (0xfc442703) x14 0x0000000000000000 mem 0x0000000080031f34
core   0: 0x000000008000ff92 (0x0ff77713) andi    a4, a4, 255
core   0: 3 0x000000008000ff92 (0x0ff77713) x14 0x0000000000000000
core   0: 0x000000008000ff96 (0x00e78023) sb      a4, 0(a5)
core   0: 3 0x000000008000ff96 (0x00e78023) mem 0x0000000080012052 0x00
core   0: 0x000000008000ff9a (0xfc843703) ld      a4, -56(s0)
core   0: 3 0x000000008000ff9a (0xfc843703) x14 0x0000000080012040 mem 0x0000000080031f38
core   0: 0x000000008000ff9e (0xfb843783) ld      a5, -72(s0)
core   0: 3 0x000000008000ff9e (0xfb843783) x15 0x000000000000009c mem 0x0000000080031f28
core   0: 0x000000008000ffa2 (0x000097ba) c.add   a5, a4
core   0: 3 0x000000008000ffa2 (0x97ba) x15 0x00000000800120dc
core   0: 0x000000008000ffa4 (0xfe043703) ld      a4, -32(s0)
core   0: 3 0x000000008000ffa4 (0xfe043703) x14 0x0000000080012053 mem 0x0000000080031f50
core   0: 0x000000008000ffa8 (0xfcf76de3) bltu    a4, a5, pc - 38
core   0: 3 0x000000008000ffa8 (0xfcf76de3)
core   0: 0x000000008000ff82 (0xfe043783) ld      a5, -32(s0)
core   0: 3 0x000000008000ff82 (0xfe043783) x15 0x0000000080012053 mem 0x0000000080031f50
core   0: 0x000000008000ff86 (0x00178713) addi    a4, a5, 1
core   0: 3 0x000000008000ff86 (0x00178713) x14 0x0000000080012054
core   0: 0x000000008000ff8a (0xfee43023) sd      a4, -32(s0)
core   0: 3 0x000000008000ff8a (0xfee43023) mem 0x0000000080031f50 0x0000000080012054
core   0: 0x000000008000ff8e (0xfc442703) lw      a4, -60(s0)
core   0: 3 0x000000008000ff8e (0xfc442703) x14 0x0000000000000000 mem 0x0000000080031f34
core   0: 0x000000008000ff92 (0x0ff77713) andi    a4, a4, 255
core   0: 3 0x000000008000ff92 (0x0ff77713) x14 0x0000000000000000
core   0: 0x000000008000ff96 (0x00e78023) sb      a4, 0(a5)
core   0: 3 0x000000008000ff96 (0x00e78023) mem 0x0000000080012053 0x00
core   0: 0x000000008000ff9a (0xfc843703) ld      a4, -56(s0)
core   0: 3 0x000000008000ff9a (0xfc843703) x14 0x0000000080012040 mem 0x0000000080031f38
core   0: 0x000000008000ff9e (0xfb843783) ld      a5, -72(s0)
core   0: 3 0x000000008000ff9e (0xfb843783) x15 0x000000000000009c mem 0x0000000080031f28
core   0: 0x000000008000ffa2 (0x000097ba) c.add   a5, a4
core   0: 3 0x000000008000ffa2 (0x97ba) x15 0x00000000800120dc
core   0: 0x000000008000ffa4 (0xfe043703) ld      a4, -32(s0)
core   0: 3 0x000000008000ffa4 (0xfe043703) x14 0x0000000080012054 mem 0x0000000080031f50
core   0: 0x000000008000ffa8 (0xfcf76de3) bltu    a4, a5, pc - 38
core   0: 3 0x000000008000ffa8 (0xfcf76de3)
core   0: 0x000000008000ff82 (0xfe043783) ld      a5, -32(s0)
core   0: 3 0x000000008000ff82 (0xfe043783) x15 0x0000000080012054 mem 0x0000000080031f50
core   0: 0x000000008000ff86 (0x00178713) addi    a4, a5, 1
core   0: 3 0x000000008000ff86 (0x00178713) x14 0x0000000080012055
core   0: 0x000000008000ff8a (0xfee43023) sd      a4, -32(s0)
core   0: 3 0x000000008000ff8a (0xfee43023) mem 0x0000000080031f50 0x0000000080012055
core   0: 0x000000008000ff8e (0xfc442703) lw      a4, -60(s0)
core   0: 3 0x000000008000ff8e (0xfc442703) x14 0x0000000000000000 mem 0x0000000080031f34
core   0: 0x000000008000ff92 (0x0ff77713) andi    a4, a4, 255
core   0: 3 0x000000008000ff92 (0x0ff77713) x14 0x0000000000000000
core   0: 0x000000008000ff96 (0x00e78023) sb      a4, 0(a5)
core   0: 3 0x000000008000ff96 (0x00e78023) mem 0x0000000080012054 0x00
core   0: 0x000000008000ff9a (0xfc843703) ld      a4, -56(s0)
core   0: 3 0x000000008000ff9a (0xfc843703) x14 0x0000000080012040 mem 0x0000000080031f38
core   0: 0x000000008000ff9e (0xfb843783) ld      a5, -72(s0)
core   0: 3 0x000000008000ff9e (0xfb843783) x15 0x000000000000009c mem 0x0000000080031f28
core   0: 0x000000008000ffa2 (0x000097ba) c.add   a5, a4
core   0: 3 0x000000008000ffa2 (0x97ba) x15 0x00000000800120dc
core   0: 0x000000008000ffa4 (0xfe043703) ld      a4, -32(s0)
core   0: 3 0x000000008000ffa4 (0xfe043703) x14 0x0000000080012055 mem 0x0000000080031f50
core   0: 0x000000008000ffa8 (0xfcf76de3) bltu    a4, a5, pc - 38
core   0: 3 0x000000008000ffa8 (0xfcf76de3)
core   0: 0x000000008000ff82 (0xfe043783) ld      a5, -32(s0)
core   0: 3 0x000000008000ff82 (0xfe043783) x15 0x0000000080012055 mem 0x0000000080031f50
core   0: 0x000000008000ff86 (0x00178713) addi    a4, a5, 1
core   0: 3 0x000000008000ff86 (0x00178713) x14 0x0000000080012056
core   0: 0x000000008000ff8a (0xfee43023) sd      a4, -32(s0)
core   0: 3 0x000000008000ff8a (0xfee43023) mem 0x0000000080031f50 0x0000000080012056
core   0: 0x000000008000ff8e (0xfc442703) lw      a4, -60(s0)
core   0: 3 0x000000008000ff8e (0xfc442703) x14 0x0000000000000000 mem 0x0000000080031f34
core   0: 0x000000008000ff92 (0x0ff77713) andi    a4, a4, 255
core   0: 3 0x000000008000ff92 (0x0ff77713) x14 0x0000000000000000
core   0: 0x000000008000ff96 (0x00e78023) sb      a4, 0(a5)
core   0: 3 0x000000008000ff96 (0x00e78023) mem 0x0000000080012055 0x00
core   0: 0x000000008000ff9a (0xfc843703) ld      a4, -56(s0)
core   0: 3 0x000000008000ff9a (0xfc843703) x14 0x0000000080012040 mem 0x0000000080031f38
core   0: 0x000000008000ff9e (0xfb843783) ld      a5, -72(s0)
core   0: 3 0x000000008000ff9e (0xfb843783) x15 0x000000000000009c mem 0x0000000080031f28
core   0: 0x000000008000ffa2 (0x000097ba) c.add   a5, a4
core   0: 3 0x000000008000ffa2 (0x97ba) x15 0x00000000800120dc
core   0: 0x000000008000ffa4 (0xfe043703) ld      a4, -32(s0)
core   0: 3 0x000000008000ffa4 (0xfe043703) x14 0x0000000080012056 mem 0x0000000080031f50
core   0: 0x000000008000ffa8 (0xfcf76de3) bltu    a4, a5, pc - 38
core   0: 3 0x000000008000ffa8 (0xfcf76de3)
core   0: 0x000000008000ff82 (0xfe043783) ld      a5, -32(s0)
core   0: 3 0x000000008000ff82 (0xfe043783) x15 0x0000000080012056 mem 0x0000000080031f50
core   0: 0x000000008000ff86 (0x00178713) addi    a4, a5, 1
core   0: 3 0x000000008000ff86 (0x00178713) x14 0x0000000080012057
core   0: 0x000000008000ff8a (0xfee43023) sd      a4, -32(s0)
core   0: 3 0x000000008000ff8a (0xfee43023) mem 0x0000000080031f50 0x0000000080012057
core   0: 0x000000008000ff8e (0xfc442703) lw      a4, -60(s0)
core   0: 3 0x000000008000ff8e (0xfc442703) x14 0x0000000000000000 mem 0x0000000080031f34
core   0: 0x000000008000ff92 (0x0ff77713) andi    a4, a4, 255
core   0: 3 0x000000008000ff92 (0x0ff77713) x14 0x0000000000000000
core   0: 0x000000008000ff96 (0x00e78023) sb      a4, 0(a5)
core   0: 3 0x000000008000ff96 (0x00e78023) mem 0x0000000080012056 0x00
core   0: 0x000000008000ff9a (0xfc843703) ld      a4, -56(s0)
core   0: 3 0x000000008000ff9a (0xfc843703) x14 0x0000000080012040 mem 0x0000000080031f38
core   0: 0x000000008000ff9e (0xfb843783) ld      a5, -72(s0)
core   0: 3 0x000000008000ff9e (0xfb843783) x15 0x000000000000009c mem 0x0000000080031f28
core   0: 0x000000008000ffa2 (0x000097ba) c.add   a5, a4
core   0: 3 0x000000008000ffa2 (0x97ba) x15 0x00000000800120dc
core   0: 0x000000008000ffa4 (0xfe043703) ld      a4, -32(s0)
core   0: 3 0x000000008000ffa4 (0xfe043703) x14 0x0000000080012057 mem 0x0000000080031f50
core   0: 0x000000008000ffa8 (0xfcf76de3) bltu    a4, a5, pc - 38
core   0: 3 0x000000008000ffa8 (0xfcf76de3)
core   0: 0x000000008000ff82 (0xfe043783) ld      a5, -32(s0)
core   0: 3 0x000000008000ff82 (0xfe043783) x15 0x0000000080012057 mem 0x0000000080031f50
core   0: 0x000000008000ff86 (0x00178713) addi    a4, a5, 1
core   0: 3 0x000000008000ff86 (0x00178713) x14 0x0000000080012058
core   0: 0x000000008000ff8a (0xfee43023) sd      a4, -32(s0)
core   0: 3 0x000000008000ff8a (0xfee43023) mem 0x0000000080031f50 0x0000000080012058
core   0: 0x000000008000ff8e (0xfc442703) lw      a4, -60(s0)
core   0: 3 0x000000008000ff8e (0xfc442703) x14 0x0000000000000000 mem 0x0000000080031f34
core   0: 0x000000008000ff92 (0x0ff77713) andi    a4, a4, 255
core   0: 3 0x000000008000ff92 (0x0ff77713) x14 0x0000000000000000
core   0: 0x000000008000ff96 (0x00e78023) sb      a4, 0(a5)
core   0: 3 0x000000008000ff96 (0x00e78023) mem 0x0000000080012057 0x00
core   0: 0x000000008000ff9a (0xfc843703) ld      a4, -56(s0)
core   0: 3 0x000000008000ff9a (0xfc843703) x14 0x0000000080012040 mem 0x0000000080031f38
core   0: 0x000000008000ff9e (0xfb843783) ld      a5, -72(s0)
core   0: 3 0x000000008000ff9e (0xfb843783) x15 0x000000000000009c mem 0x0000000080031f28
core   0: 0x000000008000ffa2 (0x000097ba) c.add   a5, a4
core   0: 3 0x000000008000ffa2 (0x97ba) x15 0x00000000800120dc
core   0: 0x000000008000ffa4 (0xfe043703) ld      a4, -32(s0)
core   0: 3 0x000000008000ffa4 (0xfe043703) x14 0x0000000080012058 mem 0x0000000080031f50
core   0: 0x000000008000ffa8 (0xfcf76de3) bltu    a4, a5, pc - 38
core   0: 3 0x000000008000ffa8 (0xfcf76de3)
core   0: 0x000000008000ff82 (0xfe043783) ld      a5, -32(s0)
core   0: 3 0x000000008000ff82 (0xfe043783) x15 0x0000000080012058 mem 0x0000000080031f50
core   0: 0x000000008000ff86 (0x00178713) addi    a4, a5, 1
core   0: 3 0x000000008000ff86 (0x00178713) x14 0x0000000080012059
core   0: 0x000000008000ff8a (0xfee43023) sd      a4, -32(s0)
core   0: 3 0x000000008000ff8a (0xfee43023) mem 0x0000000080031f50 0x0000000080012059
core   0: 0x000000008000ff8e (0xfc442703) lw      a4, -60(s0)
core   0: 3 0x000000008000ff8e (0xfc442703) x14 0x0000000000000000 mem 0x0000000080031f34
core   0: 0x000000008000ff92 (0x0ff77713) andi    a4, a4, 255
core   0: 3 0x000000008000ff92 (0x0ff77713) x14 0x0000000000000000
core   0: 0x000000008000ff96 (0x00e78023) sb      a4, 0(a5)
core   0: 3 0x000000008000ff96 (0x00e78023) mem 0x0000000080012058 0x00
core   0: 0x000000008000ff9a (0xfc843703) ld      a4, -56(s0)
core   0: 3 0x000000008000ff9a (0xfc843703) x14 0x0000000080012040 mem 0x0000000080031f38
core   0: 0x000000008000ff9e (0xfb843783) ld      a5, -72(s0)
core   0: 3 0x000000008000ff9e (0xfb843783) x15 0x000000000000009c mem 0x0000000080031f28
core   0: 0x000000008000ffa2 (0x000097ba) c.add   a5, a4
core   0: 3 0x000000008000ffa2 (0x97ba) x15 0x00000000800120dc
core   0: 0x000000008000ffa4 (0xfe043703) ld      a4, -32(s0)
core   0: 3 0x000000008000ffa4 (0xfe043703) x14 0x0000000080012059 mem 0x0000000080031f50
core   0: 0x000000008000ffa8 (0xfcf76de3) bltu    a4, a5, pc - 38
core   0: 3 0x000000008000ffa8 (0xfcf76de3)
core   0: 0x000000008000ff82 (0xfe043783) ld      a5, -32(s0)
core   0: 3 0x000000008000ff82 (0xfe043783) x15 0x0000000080012059 mem 0x0000000080031f50
core   0: 0x000000008000ff86 (0x00178713) addi    a4, a5, 1
core   0: 3 0x000000008000ff86 (0x00178713) x14 0x000000008001205a
core   0: 0x000000008000ff8a (0xfee43023) sd      a4, -32(s0)
core   0: 3 0x000000008000ff8a (0xfee43023) mem 0x0000000080031f50 0x000000008001205a
core   0: 0x000000008000ff8e (0xfc442703) lw      a4, -60(s0)
core   0: 3 0x000000008000ff8e (0xfc442703) x14 0x0000000000000000 mem 0x0000000080031f34
core   0: 0x000000008000ff92 (0x0ff77713) andi    a4, a4, 255
core   0: 3 0x000000008000ff92 (0x0ff77713) x14 0x0000000000000000
core   0: 0x000000008000ff96 (0x00e78023) sb      a4, 0(a5)
core   0: 3 0x000000008000ff96 (0x00e78023) mem 0x0000000080012059 0x00
core   0: 0x000000008000ff9a (0xfc843703) ld      a4, -56(s0)
core   0: 3 0x000000008000ff9a (0xfc843703) x14 0x0000000080012040 mem 0x0000000080031f38
core   0: 0x000000008000ff9e (0xfb843783) ld      a5, -72(s0)
core   0: 3 0x000000008000ff9e (0xfb843783) x15 0x000000000000009c mem 0x0000000080031f28
core   0: 0x000000008000ffa2 (0x000097ba) c.add   a5, a4
core   0: 3 0x000000008000ffa2 (0x97ba) x15 0x00000000800120dc
core   0: 0x000000008000ffa4 (0xfe043703) ld      a4, -32(s0)
core   0: 3 0x000000008000ffa4 (0xfe043703) x14 0x000000008001205a mem 0x0000000080031f50
core   0: 0x000000008000ffa8 (0xfcf76de3) bltu    a4, a5, pc - 38
core   0: 3 0x000000008000ffa8 (0xfcf76de3)
core   0: 0x000000008000ff82 (0xfe043783) ld      a5, -32(s0)
core   0: 3 0x000000008000ff82 (0xfe043783) x15 0x000000008001205a mem 0x0000000080031f50
core   0: 0x000000008000ff86 (0x00178713) addi    a4, a5, 1
core   0: 3 0x000000008000ff86 (0x00178713) x14 0x000000008001205b
core   0: 0x000000008000ff8a (0xfee43023) sd      a4, -32(s0)
core   0: 3 0x000000008000ff8a (0xfee43023) mem 0x0000000080031f50 0x000000008001205b
core   0: 0x000000008000ff8e (0xfc442703) lw      a4, -60(s0)
core   0: 3 0x000000008000ff8e (0xfc442703) x14 0x0000000000000000 mem 0x0000000080031f34
core   0: 0x000000008000ff92 (0x0ff77713) andi    a4, a4, 255
core   0: 3 0x000000008000ff92 (0x0ff77713) x14 0x0000000000000000
core   0: 0x000000008000ff96 (0x00e78023) sb      a4, 0(a5)
core   0: 3 0x000000008000ff96 (0x00e78023) mem 0x000000008001205a 0x00
core   0: 0x000000008000ff9a (0xfc843703) ld      a4, -56(s0)
core   0: 3 0x000000008000ff9a (0xfc843703) x14 0x0000000080012040 mem 0x0000000080031f38
core   0: 0x000000008000ff9e (0xfb843783) ld      a5, -72(s0)
core   0: 3 0x000000008000ff9e (0xfb843783) x15 0x000000000000009c mem 0x0000000080031f28
core   0: 0x000000008000ffa2 (0x000097ba) c.add   a5, a4
core   0: 3 0x000000008000ffa2 (0x97ba) x15 0x00000000800120dc
core   0: 0x000000008000ffa4 (0xfe043703) ld      a4, -32(s0)
core   0: 3 0x000000008000ffa4 (0xfe043703) x14 0x000000008001205b mem 0x0000000080031f50
core   0: 0x000000008000ffa8 (0xfcf76de3) bltu    a4, a5, pc - 38
core   0: 3 0x000000008000ffa8 (0xfcf76de3)
core   0: 0x000000008000ff82 (0xfe043783) ld      a5, -32(s0)
core   0: 3 0x000000008000ff82 (0xfe043783) x15 0x000000008001205b mem 0x0000000080031f50
core   0: 0x000000008000ff86 (0x00178713) addi    a4, a5, 1
core   0: 3 0x000000008000ff86 (0x00178713) x14 0x000000008001205c
core   0: 0x000000008000ff8a (0xfee43023) sd      a4, -32(s0)
core   0: 3 0x000000008000ff8a (0xfee43023) mem 0x0000000080031f50 0x000000008001205c
core   0: 0x000000008000ff8e (0xfc442703) lw      a4, -60(s0)
core   0: 3 0x000000008000ff8e (0xfc442703) x14 0x0000000000000000 mem 0x0000000080031f34
core   0: 0x000000008000ff92 (0x0ff77713) andi    a4, a4, 255
core   0: 3 0x000000008000ff92 (0x0ff77713) x14 0x0000000000000000
core   0: 0x000000008000ff96 (0x00e78023) sb      a4, 0(a5)
core   0: 3 0x000000008000ff96 (0x00e78023) mem 0x000000008001205b 0x00
core   0: 0x000000008000ff9a (0xfc843703) ld      a4, -56(s0)
core   0: 3 0x000000008000ff9a (0xfc843703) x14 0x0000000080012040 mem 0x0000000080031f38
core   0: 0x000000008000ff9e (0xfb843783) ld      a5, -72(s0)
core   0: 3 0x000000008000ff9e (0xfb843783) x15 0x000000000000009c mem 0x0000000080031f28
core   0: 0x000000008000ffa2 (0x000097ba) c.add   a5, a4
core   0: 3 0x000000008000ffa2 (0x97ba) x15 0x00000000800120dc
core   0: 0x000000008000ffa4 (0xfe043703) ld      a4, -32(s0)
core   0: 3 0x000000008000ffa4 (0xfe043703) x14 0x000000008001205c mem 0x0000000080031f50
core   0: 0x000000008000ffa8 (0xfcf76de3) bltu    a4, a5, pc - 38
core   0: 3 0x000000008000ffa8 (0xfcf76de3)
core   0: 0x000000008000ff82 (0xfe043783) ld      a5, -32(s0)
core   0: 3 0x000000008000ff82 (0xfe043783) x15 0x000000008001205c mem 0x0000000080031f50
core   0: 0x000000008000ff86 (0x00178713) addi    a4, a5, 1
core   0: 3 0x000000008000ff86 (0x00178713) x14 0x000000008001205d
core   0: 0x000000008000ff8a (0xfee43023) sd      a4, -32(s0)
core   0: 3 0x000000008000ff8a (0xfee43023) mem 0x0000000080031f50 0x000000008001205d
core   0: 0x000000008000ff8e (0xfc442703) lw      a4, -60(s0)
core   0: 3 0x000000008000ff8e (0xfc442703) x14 0x0000000000000000 mem 0x0000000080031f34
core   0: 0x000000008000ff92 (0x0ff77713) andi    a4, a4, 255
core   0: 3 0x000000008000ff92 (0x0ff77713) x14 0x0000000000000000
core   0: 0x000000008000ff96 (0x00e78023) sb      a4, 0(a5)
core   0: 3 0x000000008000ff96 (0x00e78023) mem 0x000000008001205c 0x00
core   0: 0x000000008000ff9a (0xfc843703) ld      a4, -56(s0)
core   0: 3 0x000000008000ff9a (0xfc843703) x14 0x0000000080012040 mem 0x0000000080031f38
core   0: 0x000000008000ff9e (0xfb843783) ld      a5, -72(s0)
core   0: 3 0x000000008000ff9e (0xfb843783) x15 0x000000000000009c mem 0x0000000080031f28
core   0: 0x000000008000ffa2 (0x000097ba) c.add   a5, a4
core   0: 3 0x000000008000ffa2 (0x97ba) x15 0x00000000800120dc
core   0: 0x000000008000ffa4 (0xfe043703) ld      a4, -32(s0)
core   0: 3 0x000000008000ffa4 (0xfe043703) x14 0x000000008001205d mem 0x0000000080031f50
core   0: 0x000000008000ffa8 (0xfcf76de3) bltu    a4, a5, pc - 38
core   0: 3 0x000000008000ffa8 (0xfcf76de3)
core   0: 0x000000008000ff82 (0xfe043783) ld      a5, -32(s0)
core   0: 3 0x000000008000ff82 (0xfe043783) x15 0x000000008001205d mem 0x0000000080031f50
core   0: 0x000000008000ff86 (0x00178713) addi    a4, a5, 1
core   0: 3 0x000000008000ff86 (0x00178713) x14 0x000000008001205e
core   0: 0x000000008000ff8a (0xfee43023) sd      a4, -32(s0)
core   0: 3 0x000000008000ff8a (0xfee43023) mem 0x0000000080031f50 0x000000008001205e
core   0: 0x000000008000ff8e (0xfc442703) lw      a4, -60(s0)
core   0: 3 0x000000008000ff8e (0xfc442703) x14 0x0000000000000000 mem 0x0000000080031f34
core   0: 0x000000008000ff92 (0x0ff77713) andi    a4, a4, 255
core   0: 3 0x000000008000ff92 (0x0ff77713) x14 0x0000000000000000
core   0: 0x000000008000ff96 (0x00e78023) sb      a4, 0(a5)
core   0: 3 0x000000008000ff96 (0x00e78023) mem 0x000000008001205d 0x00
core   0: 0x000000008000ff9a (0xfc843703) ld      a4, -56(s0)
core   0: 3 0x000000008000ff9a (0xfc843703) x14 0x0000000080012040 mem 0x0000000080031f38
core   0: 0x000000008000ff9e (0xfb843783) ld      a5, -72(s0)
core   0: 3 0x000000008000ff9e (0xfb843783) x15 0x000000000000009c mem 0x0000000080031f28
core   0: 0x000000008000ffa2 (0x000097ba) c.add   a5, a4
core   0: 3 0x000000008000ffa2 (0x97ba) x15 0x00000000800120dc
core   0: 0x000000008000ffa4 (0xfe043703) ld      a4, -32(s0)
core   0: 3 0x000000008000ffa4 (0xfe043703) x14 0x000000008001205e mem 0x0000000080031f50
core   0: 0x000000008000ffa8 (0xfcf76de3) bltu    a4, a5, pc - 38
core   0: 3 0x000000008000ffa8 (0xfcf76de3)
core   0: 0x000000008000ff82 (0xfe043783) ld      a5, -32(s0)
core   0: 3 0x000000008000ff82 (0xfe043783) x15 0x000000008001205e mem 0x0000000080031f50
core   0: 0x000000008000ff86 (0x00178713) addi    a4, a5, 1
core   0: 3 0x000000008000ff86 (0x00178713) x14 0x000000008001205f
core   0: 0x000000008000ff8a (0xfee43023) sd      a4, -32(s0)
core   0: 3 0x000000008000ff8a (0xfee43023) mem 0x0000000080031f50 0x000000008001205f
core   0: 0x000000008000ff8e (0xfc442703) lw      a4, -60(s0)
core   0: 3 0x000000008000ff8e (0xfc442703) x14 0x0000000000000000 mem 0x0000000080031f34
core   0: 0x000000008000ff92 (0x0ff77713) andi    a4, a4, 255
core   0: 3 0x000000008000ff92 (0x0ff77713) x14 0x0000000000000000
core   0: 0x000000008000ff96 (0x00e78023) sb      a4, 0(a5)
core   0: 3 0x000000008000ff96 (0x00e78023) mem 0x000000008001205e 0x00
core   0: 0x000000008000ff9a (0xfc843703) ld      a4, -56(s0)
core   0: 3 0x000000008000ff9a (0xfc843703) x14 0x0000000080012040 mem 0x0000000080031f38
core   0: 0x000000008000ff9e (0xfb843783) ld      a5, -72(s0)
core   0: 3 0x000000008000ff9e (0xfb843783) x15 0x000000000000009c mem 0x0000000080031f28
core   0: 0x000000008000ffa2 (0x000097ba) c.add   a5, a4
core   0: 3 0x000000008000ffa2 (0x97ba) x15 0x00000000800120dc
core   0: 0x000000008000ffa4 (0xfe043703) ld      a4, -32(s0)
core   0: 3 0x000000008000ffa4 (0xfe043703) x14 0x000000008001205f mem 0x0000000080031f50
core   0: 0x000000008000ffa8 (0xfcf76de3) bltu    a4, a5, pc - 38
core   0: 3 0x000000008000ffa8 (0xfcf76de3)
core   0: 0x000000008000ff82 (0xfe043783) ld      a5, -32(s0)
core   0: 3 0x000000008000ff82 (0xfe043783) x15 0x000000008001205f mem 0x0000000080031f50
core   0: 0x000000008000ff86 (0x00178713) addi    a4, a5, 1
core   0: 3 0x000000008000ff86 (0x00178713) x14 0x0000000080012060
core   0: 0x000000008000ff8a (0xfee43023) sd      a4, -32(s0)
core   0: 3 0x000000008000ff8a (0xfee43023) mem 0x0000000080031f50 0x0000000080012060
core   0: 0x000000008000ff8e (0xfc442703) lw      a4, -60(s0)
core   0: 3 0x000000008000ff8e (0xfc442703) x14 0x0000000000000000 mem 0x0000000080031f34
core   0: 0x000000008000ff92 (0x0ff77713) andi    a4, a4, 255
core   0: 3 0x000000008000ff92 (0x0ff77713) x14 0x0000000000000000
core   0: 0x000000008000ff96 (0x00e78023) sb      a4, 0(a5)
core   0: 3 0x000000008000ff96 (0x00e78023) mem 0x000000008001205f 0x00
core   0: 0x000000008000ff9a (0xfc843703) ld      a4, -56(s0)
core   0: 3 0x000000008000ff9a (0xfc843703) x14 0x0000000080012040 mem 0x0000000080031f38
core   0: 0x000000008000ff9e (0xfb843783) ld      a5, -72(s0)
core   0: 3 0x000000008000ff9e (0xfb843783) x15 0x000000000000009c mem 0x0000000080031f28
core   0: 0x000000008000ffa2 (0x000097ba) c.add   a5, a4
core   0: 3 0x000000008000ffa2 (0x97ba) x15 0x00000000800120dc
core   0: 0x000000008000ffa4 (0xfe043703) ld      a4, -32(s0)
core   0: 3 0x000000008000ffa4 (0xfe043703) x14 0x0000000080012060 mem 0x0000000080031f50
core   0: 0x000000008000ffa8 (0xfcf76de3) bltu    a4, a5, pc - 38
core   0: 3 0x000000008000ffa8 (0xfcf76de3)
core   0: 0x000000008000ff82 (0xfe043783) ld      a5, -32(s0)
core   0: 3 0x000000008000ff82 (0xfe043783) x15 0x0000000080012060 mem 0x0000000080031f50
core   0: 0x000000008000ff86 (0x00178713) addi    a4, a5, 1
core   0: 3 0x000000008000ff86 (0x00178713) x14 0x0000000080012061
core   0: 0x000000008000ff8a (0xfee43023) sd      a4, -32(s0)
core   0: 3 0x000000008000ff8a (0xfee43023) mem 0x0000000080031f50 0x0000000080012061
core   0: 0x000000008000ff8e (0xfc442703) lw      a4, -60(s0)
core   0: 3 0x000000008000ff8e (0xfc442703) x14 0x0000000000000000 mem 0x0000000080031f34
core   0: 0x000000008000ff92 (0x0ff77713) andi    a4, a4, 255
core   0: 3 0x000000008000ff92 (0x0ff77713) x14 0x0000000000000000
core   0: 0x000000008000ff96 (0x00e78023) sb      a4, 0(a5)
core   0: 3 0x000000008000ff96 (0x00e78023) mem 0x0000000080012060 0x00
core   0: 0x000000008000ff9a (0xfc843703) ld      a4, -56(s0)
core   0: 3 0x000000008000ff9a (0xfc843703) x14 0x0000000080012040 mem 0x0000000080031f38
core   0: 0x000000008000ff9e (0xfb843783) ld      a5, -72(s0)
core   0: 3 0x000000008000ff9e (0xfb843783) x15 0x000000000000009c mem 0x0000000080031f28
core   0: 0x000000008000ffa2 (0x000097ba) c.add   a5, a4
core   0: 3 0x000000008000ffa2 (0x97ba) x15 0x00000000800120dc
core   0: 0x000000008000ffa4 (0xfe043703) ld      a4, -32(s0)
core   0: 3 0x000000008000ffa4 (0xfe043703) x14 0x0000000080012061 mem 0x0000000080031f50
core   0: 0x000000008000ffa8 (0xfcf76de3) bltu    a4, a5, pc - 38
core   0: 3 0x000000008000ffa8 (0xfcf76de3)
core   0: 0x000000008000ff82 (0xfe043783) ld      a5, -32(s0)
core   0: 3 0x000000008000ff82 (0xfe043783) x15 0x0000000080012061 mem 0x0000000080031f50
core   0: 0x000000008000ff86 (0x00178713) addi    a4, a5, 1
core   0: 3 0x000000008000ff86 (0x00178713) x14 0x0000000080012062
core   0: 0x000000008000ff8a (0xfee43023) sd      a4, -32(s0)
core   0: 3 0x000000008000ff8a (0xfee43023) mem 0x0000000080031f50 0x0000000080012062
core   0: 0x000000008000ff8e (0xfc442703) lw      a4, -60(s0)
core   0: 3 0x000000008000ff8e (0xfc442703) x14 0x0000000000000000 mem 0x0000000080031f34
core   0: 0x000000008000ff92 (0x0ff77713) andi    a4, a4, 255
core   0: 3 0x000000008000ff92 (0x0ff77713) x14 0x0000000000000000
core   0: 0x000000008000ff96 (0x00e78023) sb      a4, 0(a5)
core   0: 3 0x000000008000ff96 (0x00e78023) mem 0x0000000080012061 0x00
core   0: 0x000000008000ff9a (0xfc843703) ld      a4, -56(s0)
core   0: 3 0x000000008000ff9a (0xfc843703) x14 0x0000000080012040 mem 0x0000000080031f38
core   0: 0x000000008000ff9e (0xfb843783) ld      a5, -72(s0)
core   0: 3 0x000000008000ff9e (0xfb843783) x15 0x000000000000009c mem 0x0000000080031f28
core   0: 0x000000008000ffa2 (0x000097ba) c.add   a5, a4
core   0: 3 0x000000008000ffa2 (0x97ba) x15 0x00000000800120dc
core   0: 0x000000008000ffa4 (0xfe043703) ld      a4, -32(s0)
core   0: 3 0x000000008000ffa4 (0xfe043703) x14 0x0000000080012062 mem 0x0000000080031f50
core   0: 0x000000008000ffa8 (0xfcf76de3) bltu    a4, a5, pc - 38
core   0: 3 0x000000008000ffa8 (0xfcf76de3)
core   0: 0x000000008000ff82 (0xfe043783) ld      a5, -32(s0)
core   0: 3 0x000000008000ff82 (0xfe043783) x15 0x0000000080012062 mem 0x0000000080031f50
core   0: 0x000000008000ff86 (0x00178713) addi    a4, a5, 1
core   0: 3 0x000000008000ff86 (0x00178713) x14 0x0000000080012063
core   0: 0x000000008000ff8a (0xfee43023) sd      a4, -32(s0)
core   0: 3 0x000000008000ff8a (0xfee43023) mem 0x0000000080031f50 0x0000000080012063
core   0: 0x000000008000ff8e (0xfc442703) lw      a4, -60(s0)
core   0: 3 0x000000008000ff8e (0xfc442703) x14 0x0000000000000000 mem 0x0000000080031f34
core   0: 0x000000008000ff92 (0x0ff77713) andi    a4, a4, 255
core   0: 3 0x000000008000ff92 (0x0ff77713) x14 0x0000000000000000
core   0: 0x000000008000ff96 (0x00e78023) sb      a4, 0(a5)
core   0: 3 0x000000008000ff96 (0x00e78023) mem 0x0000000080012062 0x00
core   0: 0x000000008000ff9a (0xfc843703) ld      a4, -56(s0)
core   0: 3 0x000000008000ff9a (0xfc843703) x14 0x0000000080012040 mem 0x0000000080031f38
core   0: 0x000000008000ff9e (0xfb843783) ld      a5, -72(s0)
core   0: 3 0x000000008000ff9e (0xfb843783) x15 0x000000000000009c mem 0x0000000080031f28
core   0: 0x000000008000ffa2 (0x000097ba) c.add   a5, a4
core   0: 3 0x000000008000ffa2 (0x97ba) x15 0x00000000800120dc
core   0: 0x000000008000ffa4 (0xfe043703) ld      a4, -32(s0)
core   0: 3 0x000000008000ffa4 (0xfe043703) x14 0x0000000080012063 mem 0x0000000080031f50
core   0: 0x000000008000ffa8 (0xfcf76de3) bltu    a4, a5, pc - 38
core   0: 3 0x000000008000ffa8 (0xfcf76de3)
core   0: 0x000000008000ff82 (0xfe043783) ld      a5, -32(s0)
core   0: 3 0x000000008000ff82 (0xfe043783) x15 0x0000000080012063 mem 0x0000000080031f50
core   0: 0x000000008000ff86 (0x00178713) addi    a4, a5, 1
core   0: 3 0x000000008000ff86 (0x00178713) x14 0x0000000080012064
core   0: 0x000000008000ff8a (0xfee43023) sd      a4, -32(s0)
core   0: 3 0x000000008000ff8a (0xfee43023) mem 0x0000000080031f50 0x0000000080012064
core   0: 0x000000008000ff8e (0xfc442703) lw      a4, -60(s0)
core   0: 3 0x000000008000ff8e (0xfc442703) x14 0x0000000000000000 mem 0x0000000080031f34
core   0: 0x000000008000ff92 (0x0ff77713) andi    a4, a4, 255
core   0: 3 0x000000008000ff92 (0x0ff77713) x14 0x0000000000000000
core   0: 0x000000008000ff96 (0x00e78023) sb      a4, 0(a5)
core   0: 3 0x000000008000ff96 (0x00e78023) mem 0x0000000080012063 0x00
core   0: 0x000000008000ff9a (0xfc843703) ld      a4, -56(s0)
core   0: 3 0x000000008000ff9a (0xfc843703) x14 0x0000000080012040 mem 0x0000000080031f38
core   0: 0x000000008000ff9e (0xfb843783) ld      a5, -72(s0)
core   0: 3 0x000000008000ff9e (0xfb843783) x15 0x000000000000009c mem 0x0000000080031f28
core   0: 0x000000008000ffa2 (0x000097ba) c.add   a5, a4
core   0: 3 0x000000008000ffa2 (0x97ba) x15 0x00000000800120dc
core   0: 0x000000008000ffa4 (0xfe043703) ld      a4, -32(s0)
core   0: 3 0x000000008000ffa4 (0xfe043703) x14 0x0000000080012064 mem 0x0000000080031f50
core   0: 0x000000008000ffa8 (0xfcf76de3) bltu    a4, a5, pc - 38
core   0: 3 0x000000008000ffa8 (0xfcf76de3)
core   0: 0x000000008000ff82 (0xfe043783) ld      a5, -32(s0)
core   0: 3 0x000000008000ff82 (0xfe043783) x15 0x0000000080012064 mem 0x0000000080031f50
core   0: 0x000000008000ff86 (0x00178713) addi    a4, a5, 1
core   0: 3 0x000000008000ff86 (0x00178713) x14 0x0000000080012065
core   0: 0x000000008000ff8a (0xfee43023) sd      a4, -32(s0)
core   0: 3 0x000000008000ff8a (0xfee43023) mem 0x0000000080031f50 0x0000000080012065
core   0: 0x000000008000ff8e (0xfc442703) lw      a4, -60(s0)
core   0: 3 0x000000008000ff8e (0xfc442703) x14 0x0000000000000000 mem 0x0000000080031f34
core   0: 0x000000008000ff92 (0x0ff77713) andi    a4, a4, 255
core   0: 3 0x000000008000ff92 (0x0ff77713) x14 0x0000000000000000
core   0: 0x000000008000ff96 (0x00e78023) sb      a4, 0(a5)
core   0: 3 0x000000008000ff96 (0x00e78023) mem 0x0000000080012064 0x00
core   0: 0x000000008000ff9a (0xfc843703) ld      a4, -56(s0)
core   0: 3 0x000000008000ff9a (0xfc843703) x14 0x0000000080012040 mem 0x0000000080031f38
core   0: 0x000000008000ff9e (0xfb843783) ld      a5, -72(s0)
core   0: 3 0x000000008000ff9e (0xfb843783) x15 0x000000000000009c mem 0x0000000080031f28
core   0: 0x000000008000ffa2 (0x000097ba) c.add   a5, a4
core   0: 3 0x000000008000ffa2 (0x97ba) x15 0x00000000800120dc
core   0: 0x000000008000ffa4 (0xfe043703) ld      a4, -32(s0)
core   0: 3 0x000000008000ffa4 (0xfe043703) x14 0x0000000080012065 mem 0x0000000080031f50
core   0: 0x000000008000ffa8 (0xfcf76de3) bltu    a4, a5, pc - 38
core   0: 3 0x000000008000ffa8 (0xfcf76de3)
core   0: 0x000000008000ff82 (0xfe043783) ld      a5, -32(s0)
core   0: 3 0x000000008000ff82 (0xfe043783) x15 0x0000000080012065 mem 0x0000000080031f50
core   0: 0x000000008000ff86 (0x00178713) addi    a4, a5, 1
core   0: 3 0x000000008000ff86 (0x00178713) x14 0x0000000080012066
core   0: 0x000000008000ff8a (0xfee43023) sd      a4, -32(s0)
core   0: 3 0x000000008000ff8a (0xfee43023) mem 0x0000000080031f50 0x0000000080012066
core   0: 0x000000008000ff8e (0xfc442703) lw      a4, -60(s0)
core   0: 3 0x000000008000ff8e (0xfc442703) x14 0x0000000000000000 mem 0x0000000080031f34
core   0: 0x000000008000ff92 (0x0ff77713) andi    a4, a4, 255
core   0: 3 0x000000008000ff92 (0x0ff77713) x14 0x0000000000000000
core   0: 0x000000008000ff96 (0x00e78023) sb      a4, 0(a5)
core   0: 3 0x000000008000ff96 (0x00e78023) mem 0x0000000080012065 0x00
core   0: 0x000000008000ff9a (0xfc843703) ld      a4, -56(s0)
core   0: 3 0x000000008000ff9a (0xfc843703) x14 0x0000000080012040 mem 0x0000000080031f38
core   0: 0x000000008000ff9e (0xfb843783) ld      a5, -72(s0)
core   0: 3 0x000000008000ff9e (0xfb843783) x15 0x000000000000009c mem 0x0000000080031f28
core   0: 0x000000008000ffa2 (0x000097ba) c.add   a5, a4
core   0: 3 0x000000008000ffa2 (0x97ba) x15 0x00000000800120dc
core   0: 0x000000008000ffa4 (0xfe043703) ld      a4, -32(s0)
core   0: 3 0x000000008000ffa4 (0xfe043703) x14 0x0000000080012066 mem 0x0000000080031f50
core   0: 0x000000008000ffa8 (0xfcf76de3) bltu    a4, a5, pc - 38
core   0: 3 0x000000008000ffa8 (0xfcf76de3)
core   0: 0x000000008000ff82 (0xfe043783) ld      a5, -32(s0)
core   0: 3 0x000000008000ff82 (0xfe043783) x15 0x0000000080012066 mem 0x0000000080031f50
core   0: 0x000000008000ff86 (0x00178713) addi    a4, a5, 1
core   0: 3 0x000000008000ff86 (0x00178713) x14 0x0000000080012067
core   0: 0x000000008000ff8a (0xfee43023) sd      a4, -32(s0)
core   0: 3 0x000000008000ff8a (0xfee43023) mem 0x0000000080031f50 0x0000000080012067
core   0: 0x000000008000ff8e (0xfc442703) lw      a4, -60(s0)
core   0: 3 0x000000008000ff8e (0xfc442703) x14 0x0000000000000000 mem 0x0000000080031f34
core   0: 0x000000008000ff92 (0x0ff77713) andi    a4, a4, 255
core   0: 3 0x000000008000ff92 (0x0ff77713) x14 0x0000000000000000
core   0: 0x000000008000ff96 (0x00e78023) sb      a4, 0(a5)
core   0: 3 0x000000008000ff96 (0x00e78023) mem 0x0000000080012066 0x00
core   0: 0x000000008000ff9a (0xfc843703) ld      a4, -56(s0)
core   0: 3 0x000000008000ff9a (0xfc843703) x14 0x0000000080012040 mem 0x0000000080031f38
core   0: 0x000000008000ff9e (0xfb843783) ld      a5, -72(s0)
core   0: 3 0x000000008000ff9e (0xfb843783) x15 0x000000000000009c mem 0x0000000080031f28
core   0: 0x000000008000ffa2 (0x000097ba) c.add   a5, a4
core   0: 3 0x000000008000ffa2 (0x97ba) x15 0x00000000800120dc
core   0: 0x000000008000ffa4 (0xfe043703) ld      a4, -32(s0)
core   0: 3 0x000000008000ffa4 (0xfe043703) x14 0x0000000080012067 mem 0x0000000080031f50
core   0: 0x000000008000ffa8 (0xfcf76de3) bltu    a4, a5, pc - 38
core   0: 3 0x000000008000ffa8 (0xfcf76de3)
core   0: 0x000000008000ff82 (0xfe043783) ld      a5, -32(s0)
core   0: 3 0x000000008000ff82 (0xfe043783) x15 0x0000000080012067 mem 0x0000000080031f50
core   0: 0x000000008000ff86 (0x00178713) addi    a4, a5, 1
core   0: 3 0x000000008000ff86 (0x00178713) x14 0x0000000080012068
core   0: 0x000000008000ff8a (0xfee43023) sd      a4, -32(s0)
core   0: 3 0x000000008000ff8a (0xfee43023) mem 0x0000000080031f50 0x0000000080012068
core   0: 0x000000008000ff8e (0xfc442703) lw      a4, -60(s0)
core   0: 3 0x000000008000ff8e (0xfc442703) x14 0x0000000000000000 mem 0x0000000080031f34
core   0: 0x000000008000ff92 (0x0ff77713) andi    a4, a4, 255
core   0: 3 0x000000008000ff92 (0x0ff77713) x14 0x0000000000000000
core   0: 0x000000008000ff96 (0x00e78023) sb      a4, 0(a5)
core   0: 3 0x000000008000ff96 (0x00e78023) mem 0x0000000080012067 0x00
core   0: 0x000000008000ff9a (0xfc843703) ld      a4, -56(s0)
core   0: 3 0x000000008000ff9a (0xfc843703) x14 0x0000000080012040 mem 0x0000000080031f38
core   0: 0x000000008000ff9e (0xfb843783) ld      a5, -72(s0)
core   0: 3 0x000000008000ff9e (0xfb843783) x15 0x000000000000009c mem 0x0000000080031f28
core   0: 0x000000008000ffa2 (0x000097ba) c.add   a5, a4
core   0: 3 0x000000008000ffa2 (0x97ba) x15 0x00000000800120dc
core   0: 0x000000008000ffa4 (0xfe043703) ld      a4, -32(s0)
core   0: 3 0x000000008000ffa4 (0xfe043703) x14 0x0000000080012068 mem 0x0000000080031f50
core   0: 0x000000008000ffa8 (0xfcf76de3) bltu    a4, a5, pc - 38
core   0: 3 0x000000008000ffa8 (0xfcf76de3)
core   0: 0x000000008000ff82 (0xfe043783) ld      a5, -32(s0)
core   0: 3 0x000000008000ff82 (0xfe043783) x15 0x0000000080012068 mem 0x0000000080031f50
core   0: 0x000000008000ff86 (0x00178713) addi    a4, a5, 1
core   0: 3 0x000000008000ff86 (0x00178713) x14 0x0000000080012069
core   0: 0x000000008000ff8a (0xfee43023) sd      a4, -32(s0)
core   0: 3 0x000000008000ff8a (0xfee43023) mem 0x0000000080031f50 0x0000000080012069
core   0: 0x000000008000ff8e (0xfc442703) lw      a4, -60(s0)
core   0: 3 0x000000008000ff8e (0xfc442703) x14 0x0000000000000000 mem 0x0000000080031f34
core   0: 0x000000008000ff92 (0x0ff77713) andi    a4, a4, 255
core   0: 3 0x000000008000ff92 (0x0ff77713) x14 0x0000000000000000
core   0: 0x000000008000ff96 (0x00e78023) sb      a4, 0(a5)
core   0: 3 0x000000008000ff96 (0x00e78023) mem 0x0000000080012068 0x00
core   0: 0x000000008000ff9a (0xfc843703) ld      a4, -56(s0)
core   0: 3 0x000000008000ff9a (0xfc843703) x14 0x0000000080012040 mem 0x0000000080031f38
core   0: 0x000000008000ff9e (0xfb843783) ld      a5, -72(s0)
core   0: 3 0x000000008000ff9e (0xfb843783) x15 0x000000000000009c mem 0x0000000080031f28
core   0: 0x000000008000ffa2 (0x000097ba) c.add   a5, a4
core   0: 3 0x000000008000ffa2 (0x97ba) x15 0x00000000800120dc
core   0: 0x000000008000ffa4 (0xfe043703) ld      a4, -32(s0)
core   0: 3 0x000000008000ffa4 (0xfe043703) x14 0x0000000080012069 mem 0x0000000080031f50
core   0: 0x000000008000ffa8 (0xfcf76de3) bltu    a4, a5, pc - 38
core   0: 3 0x000000008000ffa8 (0xfcf76de3)
core   0: 0x000000008000ff82 (0xfe043783) ld      a5, -32(s0)
core   0: 3 0x000000008000ff82 (0xfe043783) x15 0x0000000080012069 mem 0x0000000080031f50
core   0: 0x000000008000ff86 (0x00178713) addi    a4, a5, 1
core   0: 3 0x000000008000ff86 (0x00178713) x14 0x000000008001206a
core   0: 0x000000008000ff8a (0xfee43023) sd      a4, -32(s0)
core   0: 3 0x000000008000ff8a (0xfee43023) mem 0x0000000080031f50 0x000000008001206a
core   0: 0x000000008000ff8e (0xfc442703) lw      a4, -60(s0)
core   0: 3 0x000000008000ff8e (0xfc442703) x14 0x0000000000000000 mem 0x0000000080031f34
core   0: 0x000000008000ff92 (0x0ff77713) andi    a4, a4, 255
core   0: 3 0x000000008000ff92 (0x0ff77713) x14 0x0000000000000000
core   0: 0x000000008000ff96 (0x00e78023) sb      a4, 0(a5)
core   0: 3 0x000000008000ff96 (0x00e78023) mem 0x0000000080012069 0x00
core   0: 0x000000008000ff9a (0xfc843703) ld      a4, -56(s0)
core   0: 3 0x000000008000ff9a (0xfc843703) x14 0x0000000080012040 mem 0x0000000080031f38
core   0: 0x000000008000ff9e (0xfb843783) ld      a5, -72(s0)
core   0: 3 0x000000008000ff9e (0xfb843783) x15 0x000000000000009c mem 0x0000000080031f28
core   0: 0x000000008000ffa2 (0x000097ba) c.add   a5, a4
core   0: 3 0x000000008000ffa2 (0x97ba) x15 0x00000000800120dc
core   0: 0x000000008000ffa4 (0xfe043703) ld      a4, -32(s0)
core   0: 3 0x000000008000ffa4 (0xfe043703) x14 0x000000008001206a mem 0x0000000080031f50
core   0: 0x000000008000ffa8 (0xfcf76de3) bltu    a4, a5, pc - 38
core   0: 3 0x000000008000ffa8 (0xfcf76de3)
core   0: 0x000000008000ff82 (0xfe043783) ld      a5, -32(s0)
core   0: 3 0x000000008000ff82 (0xfe043783) x15 0x000000008001206a mem 0x0000000080031f50
core   0: 0x000000008000ff86 (0x00178713) addi    a4, a5, 1
core   0: 3 0x000000008000ff86 (0x00178713) x14 0x000000008001206b
core   0: 0x000000008000ff8a (0xfee43023) sd      a4, -32(s0)
core   0: 3 0x000000008000ff8a (0xfee43023) mem 0x0000000080031f50 0x000000008001206b
core   0: 0x000000008000ff8e (0xfc442703) lw      a4, -60(s0)
core   0: 3 0x000000008000ff8e (0xfc442703) x14 0x0000000000000000 mem 0x0000000080031f34
core   0: 0x000000008000ff92 (0x0ff77713) andi    a4, a4, 255
core   0: 3 0x000000008000ff92 (0x0ff77713) x14 0x0000000000000000
core   0: 0x000000008000ff96 (0x00e78023) sb      a4, 0(a5)
core   0: 3 0x000000008000ff96 (0x00e78023) mem 0x000000008001206a 0x00
core   0: 0x000000008000ff9a (0xfc843703) ld      a4, -56(s0)
core   0: 3 0x000000008000ff9a (0xfc843703) x14 0x0000000080012040 mem 0x0000000080031f38
core   0: 0x000000008000ff9e (0xfb843783) ld      a5, -72(s0)
core   0: 3 0x000000008000ff9e (0xfb843783) x15 0x000000000000009c mem 0x0000000080031f28
core   0: 0x000000008000ffa2 (0x000097ba) c.add   a5, a4
core   0: 3 0x000000008000ffa2 (0x97ba) x15 0x00000000800120dc
core   0: 0x000000008000ffa4 (0xfe043703) ld      a4, -32(s0)
core   0: 3 0x000000008000ffa4 (0xfe043703) x14 0x000000008001206b mem 0x0000000080031f50
core   0: 0x000000008000ffa8 (0xfcf76de3) bltu    a4, a5, pc - 38
core   0: 3 0x000000008000ffa8 (0xfcf76de3)
core   0: 0x000000008000ff82 (0xfe043783) ld      a5, -32(s0)
core   0: 3 0x000000008000ff82 (0xfe043783) x15 0x000000008001206b mem 0x0000000080031f50
core   0: 0x000000008000ff86 (0x00178713) addi    a4, a5, 1
core   0: 3 0x000000008000ff86 (0x00178713) x14 0x000000008001206c
core   0: 0x000000008000ff8a (0xfee43023) sd      a4, -32(s0)
core   0: 3 0x000000008000ff8a (0xfee43023) mem 0x0000000080031f50 0x000000008001206c
core   0: 0x000000008000ff8e (0xfc442703) lw      a4, -60(s0)
core   0: 3 0x000000008000ff8e (0xfc442703) x14 0x0000000000000000 mem 0x0000000080031f34
core   0: 0x000000008000ff92 (0x0ff77713) andi    a4, a4, 255
core   0: 3 0x000000008000ff92 (0x0ff77713) x14 0x0000000000000000
core   0: 0x000000008000ff96 (0x00e78023) sb      a4, 0(a5)
core   0: 3 0x000000008000ff96 (0x00e78023) mem 0x000000008001206b 0x00
core   0: 0x000000008000ff9a (0xfc843703) ld      a4, -56(s0)
core   0: 3 0x000000008000ff9a (0xfc843703) x14 0x0000000080012040 mem 0x0000000080031f38
core   0: 0x000000008000ff9e (0xfb843783) ld      a5, -72(s0)
core   0: 3 0x000000008000ff9e (0xfb843783) x15 0x000000000000009c mem 0x0000000080031f28
core   0: 0x000000008000ffa2 (0x000097ba) c.add   a5, a4
core   0: 3 0x000000008000ffa2 (0x97ba) x15 0x00000000800120dc
core   0: 0x000000008000ffa4 (0xfe043703) ld      a4, -32(s0)
core   0: 3 0x000000008000ffa4 (0xfe043703) x14 0x000000008001206c mem 0x0000000080031f50
core   0: 0x000000008000ffa8 (0xfcf76de3) bltu    a4, a5, pc - 38
core   0: 3 0x000000008000ffa8 (0xfcf76de3)
core   0: 0x000000008000ff82 (0xfe043783) ld      a5, -32(s0)
core   0: 3 0x000000008000ff82 (0xfe043783) x15 0x000000008001206c mem 0x0000000080031f50
core   0: 0x000000008000ff86 (0x00178713) addi    a4, a5, 1
core   0: 3 0x000000008000ff86 (0x00178713) x14 0x000000008001206d
core   0: 0x000000008000ff8a (0xfee43023) sd      a4, -32(s0)
core   0: 3 0x000000008000ff8a (0xfee43023) mem 0x0000000080031f50 0x000000008001206d
core   0: 0x000000008000ff8e (0xfc442703) lw      a4, -60(s0)
core   0: 3 0x000000008000ff8e (0xfc442703) x14 0x0000000000000000 mem 0x0000000080031f34
core   0: 0x000000008000ff92 (0x0ff77713) andi    a4, a4, 255
core   0: 3 0x000000008000ff92 (0x0ff77713) x14 0x0000000000000000
core   0: 0x000000008000ff96 (0x00e78023) sb      a4, 0(a5)
core   0: 3 0x000000008000ff96 (0x00e78023) mem 0x000000008001206c 0x00
core   0: 0x000000008000ff9a (0xfc843703) ld      a4, -56(s0)
core   0: 3 0x000000008000ff9a (0xfc843703) x14 0x0000000080012040 mem 0x0000000080031f38
core   0: 0x000000008000ff9e (0xfb843783) ld      a5, -72(s0)
core   0: 3 0x000000008000ff9e (0xfb843783) x15 0x000000000000009c mem 0x0000000080031f28
core   0: 0x000000008000ffa2 (0x000097ba) c.add   a5, a4
core   0: 3 0x000000008000ffa2 (0x97ba) x15 0x00000000800120dc
core   0: 0x000000008000ffa4 (0xfe043703) ld      a4, -32(s0)
core   0: 3 0x000000008000ffa4 (0xfe043703) x14 0x000000008001206d mem 0x0000000080031f50
core   0: 0x000000008000ffa8 (0xfcf76de3) bltu    a4, a5, pc - 38
core   0: 3 0x000000008000ffa8 (0xfcf76de3)
core   0: 0x000000008000ff82 (0xfe043783) ld      a5, -32(s0)
core   0: 3 0x000000008000ff82 (0xfe043783) x15 0x000000008001206d mem 0x0000000080031f50
core   0: 0x000000008000ff86 (0x00178713) addi    a4, a5, 1
core   0: 3 0x000000008000ff86 (0x00178713) x14 0x000000008001206e
core   0: 0x000000008000ff8a (0xfee43023) sd      a4, -32(s0)
core   0: 3 0x000000008000ff8a (0xfee43023) mem 0x0000000080031f50 0x000000008001206e
core   0: 0x000000008000ff8e (0xfc442703) lw      a4, -60(s0)
core   0: 3 0x000000008000ff8e (0xfc442703) x14 0x0000000000000000 mem 0x0000000080031f34
core   0: 0x000000008000ff92 (0x0ff77713) andi    a4, a4, 255
core   0: 3 0x000000008000ff92 (0x0ff77713) x14 0x0000000000000000
core   0: 0x000000008000ff96 (0x00e78023) sb      a4, 0(a5)
core   0: 3 0x000000008000ff96 (0x00e78023) mem 0x000000008001206d 0x00
core   0: 0x000000008000ff9a (0xfc843703) ld      a4, -56(s0)
core   0: 3 0x000000008000ff9a (0xfc843703) x14 0x0000000080012040 mem 0x0000000080031f38
core   0: 0x000000008000ff9e (0xfb843783) ld      a5, -72(s0)
core   0: 3 0x000000008000ff9e (0xfb843783) x15 0x000000000000009c mem 0x0000000080031f28
core   0: 0x000000008000ffa2 (0x000097ba) c.add   a5, a4
core   0: 3 0x000000008000ffa2 (0x97ba) x15 0x00000000800120dc
core   0: 0x000000008000ffa4 (0xfe043703) ld      a4, -32(s0)
core   0: 3 0x000000008000ffa4 (0xfe043703) x14 0x000000008001206e mem 0x0000000080031f50
core   0: 0x000000008000ffa8 (0xfcf76de3) bltu    a4, a5, pc - 38
core   0: 3 0x000000008000ffa8 (0xfcf76de3)
core   0: 0x000000008000ff82 (0xfe043783) ld      a5, -32(s0)
core   0: 3 0x000000008000ff82 (0xfe043783) x15 0x000000008001206e mem 0x0000000080031f50
core   0: 0x000000008000ff86 (0x00178713) addi    a4, a5, 1
core   0: 3 0x000000008000ff86 (0x00178713) x14 0x000000008001206f
core   0: 0x000000008000ff8a (0xfee43023) sd      a4, -32(s0)
core   0: 3 0x000000008000ff8a (0xfee43023) mem 0x0000000080031f50 0x000000008001206f
core   0: 0x000000008000ff8e (0xfc442703) lw      a4, -60(s0)
core   0: 3 0x000000008000ff8e (0xfc442703) x14 0x0000000000000000 mem 0x0000000080031f34
core   0: 0x000000008000ff92 (0x0ff77713) andi    a4, a4, 255
core   0: 3 0x000000008000ff92 (0x0ff77713) x14 0x0000000000000000
core   0: 0x000000008000ff96 (0x00e78023) sb      a4, 0(a5)
core   0: 3 0x000000008000ff96 (0x00e78023) mem 0x000000008001206e 0x00
core   0: 0x000000008000ff9a (0xfc843703) ld      a4, -56(s0)
core   0: 3 0x000000008000ff9a (0xfc843703) x14 0x0000000080012040 mem 0x0000000080031f38
core   0: 0x000000008000ff9e (0xfb843783) ld      a5, -72(s0)
core   0: 3 0x000000008000ff9e (0xfb843783) x15 0x000000000000009c mem 0x0000000080031f28
core   0: 0x000000008000ffa2 (0x000097ba) c.add   a5, a4
core   0: 3 0x000000008000ffa2 (0x97ba) x15 0x00000000800120dc
core   0: 0x000000008000ffa4 (0xfe043703) ld      a4, -32(s0)
core   0: 3 0x000000008000ffa4 (0xfe043703) x14 0x000000008001206f mem 0x0000000080031f50
core   0: 0x000000008000ffa8 (0xfcf76de3) bltu    a4, a5, pc - 38
core   0: 3 0x000000008000ffa8 (0xfcf76de3)
core   0: 0x000000008000ff82 (0xfe043783) ld      a5, -32(s0)
core   0: 3 0x000000008000ff82 (0xfe043783) x15 0x000000008001206f mem 0x0000000080031f50
core   0: 0x000000008000ff86 (0x00178713) addi    a4, a5, 1
core   0: 3 0x000000008000ff86 (0x00178713) x14 0x0000000080012070
core   0: 0x000000008000ff8a (0xfee43023) sd      a4, -32(s0)
core   0: 3 0x000000008000ff8a (0xfee43023) mem 0x0000000080031f50 0x0000000080012070
core   0: 0x000000008000ff8e (0xfc442703) lw      a4, -60(s0)
core   0: 3 0x000000008000ff8e (0xfc442703) x14 0x0000000000000000 mem 0x0000000080031f34
core   0: 0x000000008000ff92 (0x0ff77713) andi    a4, a4, 255
core   0: 3 0x000000008000ff92 (0x0ff77713) x14 0x0000000000000000
core   0: 0x000000008000ff96 (0x00e78023) sb      a4, 0(a5)
core   0: 3 0x000000008000ff96 (0x00e78023) mem 0x000000008001206f 0x00
core   0: 0x000000008000ff9a (0xfc843703) ld      a4, -56(s0)
core   0: 3 0x000000008000ff9a (0xfc843703) x14 0x0000000080012040 mem 0x0000000080031f38
core   0: 0x000000008000ff9e (0xfb843783) ld      a5, -72(s0)
core   0: 3 0x000000008000ff9e (0xfb843783) x15 0x000000000000009c mem 0x0000000080031f28
core   0: 0x000000008000ffa2 (0x000097ba) c.add   a5, a4
core   0: 3 0x000000008000ffa2 (0x97ba) x15 0x00000000800120dc
core   0: 0x000000008000ffa4 (0xfe043703) ld      a4, -32(s0)
core   0: 3 0x000000008000ffa4 (0xfe043703) x14 0x0000000080012070 mem 0x0000000080031f50
core   0: 0x000000008000ffa8 (0xfcf76de3) bltu    a4, a5, pc - 38
core   0: 3 0x000000008000ffa8 (0xfcf76de3)
core   0: 0x000000008000ff82 (0xfe043783) ld      a5, -32(s0)
core   0: 3 0x000000008000ff82 (0xfe043783) x15 0x0000000080012070 mem 0x0000000080031f50
core   0: 0x000000008000ff86 (0x00178713) addi    a4, a5, 1
core   0: 3 0x000000008000ff86 (0x00178713) x14 0x0000000080012071
core   0: 0x000000008000ff8a (0xfee43023) sd      a4, -32(s0)
core   0: 3 0x000000008000ff8a (0xfee43023) mem 0x0000000080031f50 0x0000000080012071
core   0: 0x000000008000ff8e (0xfc442703) lw      a4, -60(s0)
core   0: 3 0x000000008000ff8e (0xfc442703) x14 0x0000000000000000 mem 0x0000000080031f34
core   0: 0x000000008000ff92 (0x0ff77713) andi    a4, a4, 255
core   0: 3 0x000000008000ff92 (0x0ff77713) x14 0x0000000000000000
core   0: 0x000000008000ff96 (0x00e78023) sb      a4, 0(a5)
core   0: 3 0x000000008000ff96 (0x00e78023) mem 0x0000000080012070 0x00
core   0: 0x000000008000ff9a (0xfc843703) ld      a4, -56(s0)
core   0: 3 0x000000008000ff9a (0xfc843703) x14 0x0000000080012040 mem 0x0000000080031f38
core   0: 0x000000008000ff9e (0xfb843783) ld      a5, -72(s0)
core   0: 3 0x000000008000ff9e (0xfb843783) x15 0x000000000000009c mem 0x0000000080031f28
core   0: 0x000000008000ffa2 (0x000097ba) c.add   a5, a4
core   0: 3 0x000000008000ffa2 (0x97ba) x15 0x00000000800120dc
core   0: 0x000000008000ffa4 (0xfe043703) ld      a4, -32(s0)
core   0: 3 0x000000008000ffa4 (0xfe043703) x14 0x0000000080012071 mem 0x0000000080031f50
core   0: 0x000000008000ffa8 (0xfcf76de3) bltu    a4, a5, pc - 38
core   0: 3 0x000000008000ffa8 (0xfcf76de3)
core   0: 0x000000008000ff82 (0xfe043783) ld      a5, -32(s0)
core   0: 3 0x000000008000ff82 (0xfe043783) x15 0x0000000080012071 mem 0x0000000080031f50
core   0: 0x000000008000ff86 (0x00178713) addi    a4, a5, 1
core   0: 3 0x000000008000ff86 (0x00178713) x14 0x0000000080012072
core   0: 0x000000008000ff8a (0xfee43023) sd      a4, -32(s0)
core   0: 3 0x000000008000ff8a (0xfee43023) mem 0x0000000080031f50 0x0000000080012072
core   0: 0x000000008000ff8e (0xfc442703) lw      a4, -60(s0)
core   0: 3 0x000000008000ff8e (0xfc442703) x14 0x0000000000000000 mem 0x0000000080031f34
core   0: 0x000000008000ff92 (0x0ff77713) andi    a4, a4, 255
core   0: 3 0x000000008000ff92 (0x0ff77713) x14 0x0000000000000000
core   0: 0x000000008000ff96 (0x00e78023) sb      a4, 0(a5)
core   0: 3 0x000000008000ff96 (0x00e78023) mem 0x0000000080012071 0x00
core   0: 0x000000008000ff9a (0xfc843703) ld      a4, -56(s0)
core   0: 3 0x000000008000ff9a (0xfc843703) x14 0x0000000080012040 mem 0x0000000080031f38
core   0: 0x000000008000ff9e (0xfb843783) ld      a5, -72(s0)
core   0: 3 0x000000008000ff9e (0xfb843783) x15 0x000000000000009c mem 0x0000000080031f28
core   0: 0x000000008000ffa2 (0x000097ba) c.add   a5, a4
core   0: 3 0x000000008000ffa2 (0x97ba) x15 0x00000000800120dc
core   0: 0x000000008000ffa4 (0xfe043703) ld      a4, -32(s0)
core   0: 3 0x000000008000ffa4 (0xfe043703) x14 0x0000000080012072 mem 0x0000000080031f50
core   0: 0x000000008000ffa8 (0xfcf76de3) bltu    a4, a5, pc - 38
core   0: 3 0x000000008000ffa8 (0xfcf76de3)
core   0: 0x000000008000ff82 (0xfe043783) ld      a5, -32(s0)
core   0: 3 0x000000008000ff82 (0xfe043783) x15 0x0000000080012072 mem 0x0000000080031f50
core   0: 0x000000008000ff86 (0x00178713) addi    a4, a5, 1
core   0: 3 0x000000008000ff86 (0x00178713) x14 0x0000000080012073
core   0: 0x000000008000ff8a (0xfee43023) sd      a4, -32(s0)
core   0: 3 0x000000008000ff8a (0xfee43023) mem 0x0000000080031f50 0x0000000080012073
core   0: 0x000000008000ff8e (0xfc442703) lw      a4, -60(s0)
core   0: 3 0x000000008000ff8e (0xfc442703) x14 0x0000000000000000 mem 0x0000000080031f34
core   0: 0x000000008000ff92 (0x0ff77713) andi    a4, a4, 255
core   0: 3 0x000000008000ff92 (0x0ff77713) x14 0x0000000000000000
core   0: 0x000000008000ff96 (0x00e78023) sb      a4, 0(a5)
core   0: 3 0x000000008000ff96 (0x00e78023) mem 0x0000000080012072 0x00
core   0: 0x000000008000ff9a (0xfc843703) ld      a4, -56(s0)
core   0: 3 0x000000008000ff9a (0xfc843703) x14 0x0000000080012040 mem 0x0000000080031f38
core   0: 0x000000008000ff9e (0xfb843783) ld      a5, -72(s0)
core   0: 3 0x000000008000ff9e (0xfb843783) x15 0x000000000000009c mem 0x0000000080031f28
core   0: 0x000000008000ffa2 (0x000097ba) c.add   a5, a4
core   0: 3 0x000000008000ffa2 (0x97ba) x15 0x00000000800120dc
core   0: 0x000000008000ffa4 (0xfe043703) ld      a4, -32(s0)
core   0: 3 0x000000008000ffa4 (0xfe043703) x14 0x0000000080012073 mem 0x0000000080031f50
core   0: 0x000000008000ffa8 (0xfcf76de3) bltu    a4, a5, pc - 38
core   0: 3 0x000000008000ffa8 (0xfcf76de3)
core   0: 0x000000008000ff82 (0xfe043783) ld      a5, -32(s0)
core   0: 3 0x000000008000ff82 (0xfe043783) x15 0x0000000080012073 mem 0x0000000080031f50
core   0: 0x000000008000ff86 (0x00178713) addi    a4, a5, 1
core   0: 3 0x000000008000ff86 (0x00178713) x14 0x0000000080012074
core   0: 0x000000008000ff8a (0xfee43023) sd      a4, -32(s0)
core   0: 3 0x000000008000ff8a (0xfee43023) mem 0x0000000080031f50 0x0000000080012074
core   0: 0x000000008000ff8e (0xfc442703) lw      a4, -60(s0)
core   0: 3 0x000000008000ff8e (0xfc442703) x14 0x0000000000000000 mem 0x0000000080031f34
core   0: 0x000000008000ff92 (0x0ff77713) andi    a4, a4, 255
core   0: 3 0x000000008000ff92 (0x0ff77713) x14 0x0000000000000000
core   0: 0x000000008000ff96 (0x00e78023) sb      a4, 0(a5)
core   0: 3 0x000000008000ff96 (0x00e78023) mem 0x0000000080012073 0x00
core   0: 0x000000008000ff9a (0xfc843703) ld      a4, -56(s0)
core   0: 3 0x000000008000ff9a (0xfc843703) x14 0x0000000080012040 mem 0x0000000080031f38
core   0: 0x000000008000ff9e (0xfb843783) ld      a5, -72(s0)
core   0: 3 0x000000008000ff9e (0xfb843783) x15 0x000000000000009c mem 0x0000000080031f28
core   0: 0x000000008000ffa2 (0x000097ba) c.add   a5, a4
core   0: 3 0x000000008000ffa2 (0x97ba) x15 0x00000000800120dc
core   0: 0x000000008000ffa4 (0xfe043703) ld      a4, -32(s0)
core   0: 3 0x000000008000ffa4 (0xfe043703) x14 0x0000000080012074 mem 0x0000000080031f50
core   0: 0x000000008000ffa8 (0xfcf76de3) bltu    a4, a5, pc - 38
core   0: 3 0x000000008000ffa8 (0xfcf76de3)
core   0: 0x000000008000ff82 (0xfe043783) ld      a5, -32(s0)
core   0: 3 0x000000008000ff82 (0xfe043783) x15 0x0000000080012074 mem 0x0000000080031f50
core   0: 0x000000008000ff86 (0x00178713) addi    a4, a5, 1
core   0: 3 0x000000008000ff86 (0x00178713) x14 0x0000000080012075
core   0: 0x000000008000ff8a (0xfee43023) sd      a4, -32(s0)
core   0: 3 0x000000008000ff8a (0xfee43023) mem 0x0000000080031f50 0x0000000080012075
core   0: 0x000000008000ff8e (0xfc442703) lw      a4, -60(s0)
core   0: 3 0x000000008000ff8e (0xfc442703) x14 0x0000000000000000 mem 0x0000000080031f34
core   0: 0x000000008000ff92 (0x0ff77713) andi    a4, a4, 255
core   0: 3 0x000000008000ff92 (0x0ff77713) x14 0x0000000000000000
core   0: 0x000000008000ff96 (0x00e78023) sb      a4, 0(a5)
core   0: 3 0x000000008000ff96 (0x00e78023) mem 0x0000000080012074 0x00
core   0: 0x000000008000ff9a (0xfc843703) ld      a4, -56(s0)
core   0: 3 0x000000008000ff9a (0xfc843703) x14 0x0000000080012040 mem 0x0000000080031f38
core   0: 0x000000008000ff9e (0xfb843783) ld      a5, -72(s0)
core   0: 3 0x000000008000ff9e (0xfb843783) x15 0x000000000000009c mem 0x0000000080031f28
core   0: 0x000000008000ffa2 (0x000097ba) c.add   a5, a4
core   0: 3 0x000000008000ffa2 (0x97ba) x15 0x00000000800120dc
core   0: 0x000000008000ffa4 (0xfe043703) ld      a4, -32(s0)
core   0: 3 0x000000008000ffa4 (0xfe043703) x14 0x0000000080012075 mem 0x0000000080031f50
core   0: 0x000000008000ffa8 (0xfcf76de3) bltu    a4, a5, pc - 38
core   0: 3 0x000000008000ffa8 (0xfcf76de3)
core   0: 0x000000008000ff82 (0xfe043783) ld      a5, -32(s0)
core   0: 3 0x000000008000ff82 (0xfe043783) x15 0x0000000080012075 mem 0x0000000080031f50
core   0: 0x000000008000ff86 (0x00178713) addi    a4, a5, 1
core   0: 3 0x000000008000ff86 (0x00178713) x14 0x0000000080012076
core   0: 0x000000008000ff8a (0xfee43023) sd      a4, -32(s0)
core   0: 3 0x000000008000ff8a (0xfee43023) mem 0x0000000080031f50 0x0000000080012076
core   0: 0x000000008000ff8e (0xfc442703) lw      a4, -60(s0)
core   0: 3 0x000000008000ff8e (0xfc442703) x14 0x0000000000000000 mem 0x0000000080031f34
core   0: 0x000000008000ff92 (0x0ff77713) andi    a4, a4, 255
core   0: 3 0x000000008000ff92 (0x0ff77713) x14 0x0000000000000000
core   0: 0x000000008000ff96 (0x00e78023) sb      a4, 0(a5)
core   0: 3 0x000000008000ff96 (0x00e78023) mem 0x0000000080012075 0x00
core   0: 0x000000008000ff9a (0xfc843703) ld      a4, -56(s0)
core   0: 3 0x000000008000ff9a (0xfc843703) x14 0x0000000080012040 mem 0x0000000080031f38
core   0: 0x000000008000ff9e (0xfb843783) ld      a5, -72(s0)
core   0: 3 0x000000008000ff9e (0xfb843783) x15 0x000000000000009c mem 0x0000000080031f28
core   0: 0x000000008000ffa2 (0x000097ba) c.add   a5, a4
core   0: 3 0x000000008000ffa2 (0x97ba) x15 0x00000000800120dc
core   0: 0x000000008000ffa4 (0xfe043703) ld      a4, -32(s0)
core   0: 3 0x000000008000ffa4 (0xfe043703) x14 0x0000000080012076 mem 0x0000000080031f50
core   0: 0x000000008000ffa8 (0xfcf76de3) bltu    a4, a5, pc - 38
core   0: 3 0x000000008000ffa8 (0xfcf76de3)
core   0: 0x000000008000ff82 (0xfe043783) ld      a5, -32(s0)
core   0: 3 0x000000008000ff82 (0xfe043783) x15 0x0000000080012076 mem 0x0000000080031f50
core   0: 0x000000008000ff86 (0x00178713) addi    a4, a5, 1
core   0: 3 0x000000008000ff86 (0x00178713) x14 0x0000000080012077
core   0: 0x000000008000ff8a (0xfee43023) sd      a4, -32(s0)
core   0: 3 0x000000008000ff8a (0xfee43023) mem 0x0000000080031f50 0x0000000080012077
core   0: 0x000000008000ff8e (0xfc442703) lw      a4, -60(s0)
core   0: 3 0x000000008000ff8e (0xfc442703) x14 0x0000000000000000 mem 0x0000000080031f34
core   0: 0x000000008000ff92 (0x0ff77713) andi    a4, a4, 255
core   0: 3 0x000000008000ff92 (0x0ff77713) x14 0x0000000000000000
core   0: 0x000000008000ff96 (0x00e78023) sb      a4, 0(a5)
core   0: 3 0x000000008000ff96 (0x00e78023) mem 0x0000000080012076 0x00
core   0: 0x000000008000ff9a (0xfc843703) ld      a4, -56(s0)
core   0: 3 0x000000008000ff9a (0xfc843703) x14 0x0000000080012040 mem 0x0000000080031f38
core   0: 0x000000008000ff9e (0xfb843783) ld      a5, -72(s0)
core   0: 3 0x000000008000ff9e (0xfb843783) x15 0x000000000000009c mem 0x0000000080031f28
core   0: 0x000000008000ffa2 (0x000097ba) c.add   a5, a4
core   0: 3 0x000000008000ffa2 (0x97ba) x15 0x00000000800120dc
core   0: 0x000000008000ffa4 (0xfe043703) ld      a4, -32(s0)
core   0: 3 0x000000008000ffa4 (0xfe043703) x14 0x0000000080012077 mem 0x0000000080031f50
core   0: 0x000000008000ffa8 (0xfcf76de3) bltu    a4, a5, pc - 38
core   0: 3 0x000000008000ffa8 (0xfcf76de3)
core   0: 0x000000008000ff82 (0xfe043783) ld      a5, -32(s0)
core   0: 3 0x000000008000ff82 (0xfe043783) x15 0x0000000080012077 mem 0x0000000080031f50
core   0: 0x000000008000ff86 (0x00178713) addi    a4, a5, 1
core   0: 3 0x000000008000ff86 (0x00178713) x14 0x0000000080012078
core   0: 0x000000008000ff8a (0xfee43023) sd      a4, -32(s0)
core   0: 3 0x000000008000ff8a (0xfee43023) mem 0x0000000080031f50 0x0000000080012078
core   0: 0x000000008000ff8e (0xfc442703) lw      a4, -60(s0)
core   0: 3 0x000000008000ff8e (0xfc442703) x14 0x0000000000000000 mem 0x0000000080031f34
core   0: 0x000000008000ff92 (0x0ff77713) andi    a4, a4, 255
core   0: 3 0x000000008000ff92 (0x0ff77713) x14 0x0000000000000000
core   0: 0x000000008000ff96 (0x00e78023) sb      a4, 0(a5)
core   0: 3 0x000000008000ff96 (0x00e78023) mem 0x0000000080012077 0x00
core   0: 0x000000008000ff9a (0xfc843703) ld      a4, -56(s0)
core   0: 3 0x000000008000ff9a (0xfc843703) x14 0x0000000080012040 mem 0x0000000080031f38
core   0: 0x000000008000ff9e (0xfb843783) ld      a5, -72(s0)
core   0: 3 0x000000008000ff9e (0xfb843783) x15 0x000000000000009c mem 0x0000000080031f28
core   0: 0x000000008000ffa2 (0x000097ba) c.add   a5, a4
core   0: 3 0x000000008000ffa2 (0x97ba) x15 0x00000000800120dc
core   0: 0x000000008000ffa4 (0xfe043703) ld      a4, -32(s0)
core   0: 3 0x000000008000ffa4 (0xfe043703) x14 0x0000000080012078 mem 0x0000000080031f50
core   0: 0x000000008000ffa8 (0xfcf76de3) bltu    a4, a5, pc - 38
core   0: 3 0x000000008000ffa8 (0xfcf76de3)
core   0: 0x000000008000ff82 (0xfe043783) ld      a5, -32(s0)
core   0: 3 0x000000008000ff82 (0xfe043783) x15 0x0000000080012078 mem 0x0000000080031f50
core   0: 0x000000008000ff86 (0x00178713) addi    a4, a5, 1
core   0: 3 0x000000008000ff86 (0x00178713) x14 0x0000000080012079
core   0: 0x000000008000ff8a (0xfee43023) sd      a4, -32(s0)
core   0: 3 0x000000008000ff8a (0xfee43023) mem 0x0000000080031f50 0x0000000080012079
core   0: 0x000000008000ff8e (0xfc442703) lw      a4, -60(s0)
core   0: 3 0x000000008000ff8e (0xfc442703) x14 0x0000000000000000 mem 0x0000000080031f34
core   0: 0x000000008000ff92 (0x0ff77713) andi    a4, a4, 255
core   0: 3 0x000000008000ff92 (0x0ff77713) x14 0x0000000000000000
core   0: 0x000000008000ff96 (0x00e78023) sb      a4, 0(a5)
core   0: 3 0x000000008000ff96 (0x00e78023) mem 0x0000000080012078 0x00
core   0: 0x000000008000ff9a (0xfc843703) ld      a4, -56(s0)
core   0: 3 0x000000008000ff9a (0xfc843703) x14 0x0000000080012040 mem 0x0000000080031f38
core   0: 0x000000008000ff9e (0xfb843783) ld      a5, -72(s0)
core   0: 3 0x000000008000ff9e (0xfb843783) x15 0x000000000000009c mem 0x0000000080031f28
core   0: 0x000000008000ffa2 (0x000097ba) c.add   a5, a4
core   0: 3 0x000000008000ffa2 (0x97ba) x15 0x00000000800120dc
core   0: 0x000000008000ffa4 (0xfe043703) ld      a4, -32(s0)
core   0: 3 0x000000008000ffa4 (0xfe043703) x14 0x0000000080012079 mem 0x0000000080031f50
core   0: 0x000000008000ffa8 (0xfcf76de3) bltu    a4, a5, pc - 38
core   0: 3 0x000000008000ffa8 (0xfcf76de3)
core   0: 0x000000008000ff82 (0xfe043783) ld      a5, -32(s0)
core   0: 3 0x000000008000ff82 (0xfe043783) x15 0x0000000080012079 mem 0x0000000080031f50
core   0: 0x000000008000ff86 (0x00178713) addi    a4, a5, 1
core   0: 3 0x000000008000ff86 (0x00178713) x14 0x000000008001207a
core   0: 0x000000008000ff8a (0xfee43023) sd      a4, -32(s0)
core   0: 3 0x000000008000ff8a (0xfee43023) mem 0x0000000080031f50 0x000000008001207a
core   0: 0x000000008000ff8e (0xfc442703) lw      a4, -60(s0)
core   0: 3 0x000000008000ff8e (0xfc442703) x14 0x0000000000000000 mem 0x0000000080031f34
core   0: 0x000000008000ff92 (0x0ff77713) andi    a4, a4, 255
core   0: 3 0x000000008000ff92 (0x0ff77713) x14 0x0000000000000000
core   0: 0x000000008000ff96 (0x00e78023) sb      a4, 0(a5)
core   0: 3 0x000000008000ff96 (0x00e78023) mem 0x0000000080012079 0x00
core   0: 0x000000008000ff9a (0xfc843703) ld      a4, -56(s0)
core   0: 3 0x000000008000ff9a (0xfc843703) x14 0x0000000080012040 mem 0x0000000080031f38
core   0: 0x000000008000ff9e (0xfb843783) ld      a5, -72(s0)
core   0: 3 0x000000008000ff9e (0xfb843783) x15 0x000000000000009c mem 0x0000000080031f28
core   0: 0x000000008000ffa2 (0x000097ba) c.add   a5, a4
core   0: 3 0x000000008000ffa2 (0x97ba) x15 0x00000000800120dc
core   0: 0x000000008000ffa4 (0xfe043703) ld      a4, -32(s0)
core   0: 3 0x000000008000ffa4 (0xfe043703) x14 0x000000008001207a mem 0x0000000080031f50
core   0: 0x000000008000ffa8 (0xfcf76de3) bltu    a4, a5, pc - 38
core   0: 3 0x000000008000ffa8 (0xfcf76de3)
core   0: 0x000000008000ff82 (0xfe043783) ld      a5, -32(s0)
core   0: 3 0x000000008000ff82 (0xfe043783) x15 0x000000008001207a mem 0x0000000080031f50
core   0: 0x000000008000ff86 (0x00178713) addi    a4, a5, 1
core   0: 3 0x000000008000ff86 (0x00178713) x14 0x000000008001207b
core   0: 0x000000008000ff8a (0xfee43023) sd      a4, -32(s0)
core   0: 3 0x000000008000ff8a (0xfee43023) mem 0x0000000080031f50 0x000000008001207b
core   0: 0x000000008000ff8e (0xfc442703) lw      a4, -60(s0)
core   0: 3 0x000000008000ff8e (0xfc442703) x14 0x0000000000000000 mem 0x0000000080031f34
core   0: 0x000000008000ff92 (0x0ff77713) andi    a4, a4, 255
core   0: 3 0x000000008000ff92 (0x0ff77713) x14 0x0000000000000000
core   0: 0x000000008000ff96 (0x00e78023) sb      a4, 0(a5)
core   0: 3 0x000000008000ff96 (0x00e78023) mem 0x000000008001207a 0x00
core   0: 0x000000008000ff9a (0xfc843703) ld      a4, -56(s0)
core   0: 3 0x000000008000ff9a (0xfc843703) x14 0x0000000080012040 mem 0x0000000080031f38
core   0: 0x000000008000ff9e (0xfb843783) ld      a5, -72(s0)
core   0: 3 0x000000008000ff9e (0xfb843783) x15 0x000000000000009c mem 0x0000000080031f28
core   0: 0x000000008000ffa2 (0x000097ba) c.add   a5, a4
core   0: 3 0x000000008000ffa2 (0x97ba) x15 0x00000000800120dc
core   0: 0x000000008000ffa4 (0xfe043703) ld      a4, -32(s0)
core   0: 3 0x000000008000ffa4 (0xfe043703) x14 0x000000008001207b mem 0x0000000080031f50
core   0: 0x000000008000ffa8 (0xfcf76de3) bltu    a4, a5, pc - 38
core   0: 3 0x000000008000ffa8 (0xfcf76de3)
core   0: 0x000000008000ff82 (0xfe043783) ld      a5, -32(s0)
core   0: 3 0x000000008000ff82 (0xfe043783) x15 0x000000008001207b mem 0x0000000080031f50
core   0: 0x000000008000ff86 (0x00178713) addi    a4, a5, 1
core   0: 3 0x000000008000ff86 (0x00178713) x14 0x000000008001207c
core   0: 0x000000008000ff8a (0xfee43023) sd      a4, -32(s0)
core   0: 3 0x000000008000ff8a (0xfee43023) mem 0x0000000080031f50 0x000000008001207c
core   0: 0x000000008000ff8e (0xfc442703) lw      a4, -60(s0)
core   0: 3 0x000000008000ff8e (0xfc442703) x14 0x0000000000000000 mem 0x0000000080031f34
core   0: 0x000000008000ff92 (0x0ff77713) andi    a4, a4, 255
core   0: 3 0x000000008000ff92 (0x0ff77713) x14 0x0000000000000000
core   0: 0x000000008000ff96 (0x00e78023) sb      a4, 0(a5)
core   0: 3 0x000000008000ff96 (0x00e78023) mem 0x000000008001207b 0x00
core   0: 0x000000008000ff9a (0xfc843703) ld      a4, -56(s0)
core   0: 3 0x000000008000ff9a (0xfc843703) x14 0x0000000080012040 mem 0x0000000080031f38
core   0: 0x000000008000ff9e (0xfb843783) ld      a5, -72(s0)
core   0: 3 0x000000008000ff9e (0xfb843783) x15 0x000000000000009c mem 0x0000000080031f28
core   0: 0x000000008000ffa2 (0x000097ba) c.add   a5, a4
core   0: 3 0x000000008000ffa2 (0x97ba) x15 0x00000000800120dc
core   0: 0x000000008000ffa4 (0xfe043703) ld      a4, -32(s0)
core   0: 3 0x000000008000ffa4 (0xfe043703) x14 0x000000008001207c mem 0x0000000080031f50
core   0: 0x000000008000ffa8 (0xfcf76de3) bltu    a4, a5, pc - 38
core   0: 3 0x000000008000ffa8 (0xfcf76de3)
core   0: 0x000000008000ff82 (0xfe043783) ld      a5, -32(s0)
core   0: 3 0x000000008000ff82 (0xfe043783) x15 0x000000008001207c mem 0x0000000080031f50
core   0: 0x000000008000ff86 (0x00178713) addi    a4, a5, 1
core   0: 3 0x000000008000ff86 (0x00178713) x14 0x000000008001207d
core   0: 0x000000008000ff8a (0xfee43023) sd      a4, -32(s0)
core   0: 3 0x000000008000ff8a (0xfee43023) mem 0x0000000080031f50 0x000000008001207d
core   0: 0x000000008000ff8e (0xfc442703) lw      a4, -60(s0)
core   0: 3 0x000000008000ff8e (0xfc442703) x14 0x0000000000000000 mem 0x0000000080031f34
core   0: 0x000000008000ff92 (0x0ff77713) andi    a4, a4, 255
core   0: 3 0x000000008000ff92 (0x0ff77713) x14 0x0000000000000000
core   0: 0x000000008000ff96 (0x00e78023) sb      a4, 0(a5)
core   0: 3 0x000000008000ff96 (0x00e78023) mem 0x000000008001207c 0x00
core   0: 0x000000008000ff9a (0xfc843703) ld      a4, -56(s0)
core   0: 3 0x000000008000ff9a (0xfc843703) x14 0x0000000080012040 mem 0x0000000080031f38
core   0: 0x000000008000ff9e (0xfb843783) ld      a5, -72(s0)
core   0: 3 0x000000008000ff9e (0xfb843783) x15 0x000000000000009c mem 0x0000000080031f28
core   0: 0x000000008000ffa2 (0x000097ba) c.add   a5, a4
core   0: 3 0x000000008000ffa2 (0x97ba) x15 0x00000000800120dc
core   0: 0x000000008000ffa4 (0xfe043703) ld      a4, -32(s0)
core   0: 3 0x000000008000ffa4 (0xfe043703) x14 0x000000008001207d mem 0x0000000080031f50
core   0: 0x000000008000ffa8 (0xfcf76de3) bltu    a4, a5, pc - 38
core   0: 3 0x000000008000ffa8 (0xfcf76de3)
core   0: 0x000000008000ff82 (0xfe043783) ld      a5, -32(s0)
core   0: 3 0x000000008000ff82 (0xfe043783) x15 0x000000008001207d mem 0x0000000080031f50
core   0: 0x000000008000ff86 (0x00178713) addi    a4, a5, 1
core   0: 3 0x000000008000ff86 (0x00178713) x14 0x000000008001207e
core   0: 0x000000008000ff8a (0xfee43023) sd      a4, -32(s0)
core   0: 3 0x000000008000ff8a (0xfee43023) mem 0x0000000080031f50 0x000000008001207e
core   0: 0x000000008000ff8e (0xfc442703) lw      a4, -60(s0)
core   0: 3 0x000000008000ff8e (0xfc442703) x14 0x0000000000000000 mem 0x0000000080031f34
core   0: 0x000000008000ff92 (0x0ff77713) andi    a4, a4, 255
core   0: 3 0x000000008000ff92 (0x0ff77713) x14 0x0000000000000000
core   0: 0x000000008000ff96 (0x00e78023) sb      a4, 0(a5)
core   0: 3 0x000000008000ff96 (0x00e78023) mem 0x000000008001207d 0x00
core   0: 0x000000008000ff9a (0xfc843703) ld      a4, -56(s0)
core   0: 3 0x000000008000ff9a (0xfc843703) x14 0x0000000080012040 mem 0x0000000080031f38
core   0: 0x000000008000ff9e (0xfb843783) ld      a5, -72(s0)
core   0: 3 0x000000008000ff9e (0xfb843783) x15 0x000000000000009c mem 0x0000000080031f28
core   0: 0x000000008000ffa2 (0x000097ba) c.add   a5, a4
core   0: 3 0x000000008000ffa2 (0x97ba) x15 0x00000000800120dc
core   0: 0x000000008000ffa4 (0xfe043703) ld      a4, -32(s0)
core   0: 3 0x000000008000ffa4 (0xfe043703) x14 0x000000008001207e mem 0x0000000080031f50
core   0: 0x000000008000ffa8 (0xfcf76de3) bltu    a4, a5, pc - 38
core   0: 3 0x000000008000ffa8 (0xfcf76de3)
core   0: 0x000000008000ff82 (0xfe043783) ld      a5, -32(s0)
core   0: 3 0x000000008000ff82 (0xfe043783) x15 0x000000008001207e mem 0x0000000080031f50
core   0: 0x000000008000ff86 (0x00178713) addi    a4, a5, 1
core   0: 3 0x000000008000ff86 (0x00178713) x14 0x000000008001207f
core   0: 0x000000008000ff8a (0xfee43023) sd      a4, -32(s0)
core   0: 3 0x000000008000ff8a (0xfee43023) mem 0x0000000080031f50 0x000000008001207f
core   0: 0x000000008000ff8e (0xfc442703) lw      a4, -60(s0)
core   0: 3 0x000000008000ff8e (0xfc442703) x14 0x0000000000000000 mem 0x0000000080031f34
core   0: 0x000000008000ff92 (0x0ff77713) andi    a4, a4, 255
core   0: 3 0x000000008000ff92 (0x0ff77713) x14 0x0000000000000000
core   0: 0x000000008000ff96 (0x00e78023) sb      a4, 0(a5)
core   0: 3 0x000000008000ff96 (0x00e78023) mem 0x000000008001207e 0x00
core   0: 0x000000008000ff9a (0xfc843703) ld      a4, -56(s0)
core   0: 3 0x000000008000ff9a (0xfc843703) x14 0x0000000080012040 mem 0x0000000080031f38
core   0: 0x000000008000ff9e (0xfb843783) ld      a5, -72(s0)
core   0: 3 0x000000008000ff9e (0xfb843783) x15 0x000000000000009c mem 0x0000000080031f28
core   0: 0x000000008000ffa2 (0x000097ba) c.add   a5, a4
core   0: 3 0x000000008000ffa2 (0x97ba) x15 0x00000000800120dc
core   0: 0x000000008000ffa4 (0xfe043703) ld      a4, -32(s0)
core   0: 3 0x000000008000ffa4 (0xfe043703) x14 0x000000008001207f mem 0x0000000080031f50
core   0: 0x000000008000ffa8 (0xfcf76de3) bltu    a4, a5, pc - 38
core   0: 3 0x000000008000ffa8 (0xfcf76de3)
core   0: 0x000000008000ff82 (0xfe043783) ld      a5, -32(s0)
core   0: 3 0x000000008000ff82 (0xfe043783) x15 0x000000008001207f mem 0x0000000080031f50
core   0: 0x000000008000ff86 (0x00178713) addi    a4, a5, 1
core   0: 3 0x000000008000ff86 (0x00178713) x14 0x0000000080012080
core   0: 0x000000008000ff8a (0xfee43023) sd      a4, -32(s0)
core   0: 3 0x000000008000ff8a (0xfee43023) mem 0x0000000080031f50 0x0000000080012080
core   0: 0x000000008000ff8e (0xfc442703) lw      a4, -60(s0)
core   0: 3 0x000000008000ff8e (0xfc442703) x14 0x0000000000000000 mem 0x0000000080031f34
core   0: 0x000000008000ff92 (0x0ff77713) andi    a4, a4, 255
core   0: 3 0x000000008000ff92 (0x0ff77713) x14 0x0000000000000000
core   0: 0x000000008000ff96 (0x00e78023) sb      a4, 0(a5)
core   0: 3 0x000000008000ff96 (0x00e78023) mem 0x000000008001207f 0x00
core   0: 0x000000008000ff9a (0xfc843703) ld      a4, -56(s0)
core   0: 3 0x000000008000ff9a (0xfc843703) x14 0x0000000080012040 mem 0x0000000080031f38
core   0: 0x000000008000ff9e (0xfb843783) ld      a5, -72(s0)
core   0: 3 0x000000008000ff9e (0xfb843783) x15 0x000000000000009c mem 0x0000000080031f28
core   0: 0x000000008000ffa2 (0x000097ba) c.add   a5, a4
core   0: 3 0x000000008000ffa2 (0x97ba) x15 0x00000000800120dc
core   0: 0x000000008000ffa4 (0xfe043703) ld      a4, -32(s0)
core   0: 3 0x000000008000ffa4 (0xfe043703) x14 0x0000000080012080 mem 0x0000000080031f50
core   0: 0x000000008000ffa8 (0xfcf76de3) bltu    a4, a5, pc - 38
core   0: 3 0x000000008000ffa8 (0xfcf76de3)
core   0: 0x000000008000ff82 (0xfe043783) ld      a5, -32(s0)
core   0: 3 0x000000008000ff82 (0xfe043783) x15 0x0000000080012080 mem 0x0000000080031f50
core   0: 0x000000008000ff86 (0x00178713) addi    a4, a5, 1
core   0: 3 0x000000008000ff86 (0x00178713) x14 0x0000000080012081
core   0: 0x000000008000ff8a (0xfee43023) sd      a4, -32(s0)
core   0: 3 0x000000008000ff8a (0xfee43023) mem 0x0000000080031f50 0x0000000080012081
core   0: 0x000000008000ff8e (0xfc442703) lw      a4, -60(s0)
core   0: 3 0x000000008000ff8e (0xfc442703) x14 0x0000000000000000 mem 0x0000000080031f34
core   0: 0x000000008000ff92 (0x0ff77713) andi    a4, a4, 255
core   0: 3 0x000000008000ff92 (0x0ff77713) x14 0x0000000000000000
core   0: 0x000000008000ff96 (0x00e78023) sb      a4, 0(a5)
core   0: 3 0x000000008000ff96 (0x00e78023) mem 0x0000000080012080 0x00
core   0: 0x000000008000ff9a (0xfc843703) ld      a4, -56(s0)
core   0: 3 0x000000008000ff9a (0xfc843703) x14 0x0000000080012040 mem 0x0000000080031f38
core   0: 0x000000008000ff9e (0xfb843783) ld      a5, -72(s0)
core   0: 3 0x000000008000ff9e (0xfb843783) x15 0x000000000000009c mem 0x0000000080031f28
core   0: 0x000000008000ffa2 (0x000097ba) c.add   a5, a4
core   0: 3 0x000000008000ffa2 (0x97ba) x15 0x00000000800120dc
core   0: 0x000000008000ffa4 (0xfe043703) ld      a4, -32(s0)
core   0: 3 0x000000008000ffa4 (0xfe043703) x14 0x0000000080012081 mem 0x0000000080031f50
core   0: 0x000000008000ffa8 (0xfcf76de3) bltu    a4, a5, pc - 38
core   0: 3 0x000000008000ffa8 (0xfcf76de3)
core   0: 0x000000008000ff82 (0xfe043783) ld      a5, -32(s0)
core   0: 3 0x000000008000ff82 (0xfe043783) x15 0x0000000080012081 mem 0x0000000080031f50
core   0: 0x000000008000ff86 (0x00178713) addi    a4, a5, 1
core   0: 3 0x000000008000ff86 (0x00178713) x14 0x0000000080012082
core   0: 0x000000008000ff8a (0xfee43023) sd      a4, -32(s0)
core   0: 3 0x000000008000ff8a (0xfee43023) mem 0x0000000080031f50 0x0000000080012082
core   0: 0x000000008000ff8e (0xfc442703) lw      a4, -60(s0)
core   0: 3 0x000000008000ff8e (0xfc442703) x14 0x0000000000000000 mem 0x0000000080031f34
core   0: 0x000000008000ff92 (0x0ff77713) andi    a4, a4, 255
core   0: 3 0x000000008000ff92 (0x0ff77713) x14 0x0000000000000000
core   0: 0x000000008000ff96 (0x00e78023) sb      a4, 0(a5)
core   0: 3 0x000000008000ff96 (0x00e78023) mem 0x0000000080012081 0x00
core   0: 0x000000008000ff9a (0xfc843703) ld      a4, -56(s0)
core   0: 3 0x000000008000ff9a (0xfc843703) x14 0x0000000080012040 mem 0x0000000080031f38
core   0: 0x000000008000ff9e (0xfb843783) ld      a5, -72(s0)
core   0: 3 0x000000008000ff9e (0xfb843783) x15 0x000000000000009c mem 0x0000000080031f28
core   0: 0x000000008000ffa2 (0x000097ba) c.add   a5, a4
core   0: 3 0x000000008000ffa2 (0x97ba) x15 0x00000000800120dc
core   0: 0x000000008000ffa4 (0xfe043703) ld      a4, -32(s0)
core   0: 3 0x000000008000ffa4 (0xfe043703) x14 0x0000000080012082 mem 0x0000000080031f50
core   0: 0x000000008000ffa8 (0xfcf76de3) bltu    a4, a5, pc - 38
core   0: 3 0x000000008000ffa8 (0xfcf76de3)
core   0: 0x000000008000ff82 (0xfe043783) ld      a5, -32(s0)
core   0: 3 0x000000008000ff82 (0xfe043783) x15 0x0000000080012082 mem 0x0000000080031f50
core   0: 0x000000008000ff86 (0x00178713) addi    a4, a5, 1
core   0: 3 0x000000008000ff86 (0x00178713) x14 0x0000000080012083
core   0: 0x000000008000ff8a (0xfee43023) sd      a4, -32(s0)
core   0: 3 0x000000008000ff8a (0xfee43023) mem 0x0000000080031f50 0x0000000080012083
core   0: 0x000000008000ff8e (0xfc442703) lw      a4, -60(s0)
core   0: 3 0x000000008000ff8e (0xfc442703) x14 0x0000000000000000 mem 0x0000000080031f34
core   0: 0x000000008000ff92 (0x0ff77713) andi    a4, a4, 255
core   0: 3 0x000000008000ff92 (0x0ff77713) x14 0x0000000000000000
core   0: 0x000000008000ff96 (0x00e78023) sb      a4, 0(a5)
core   0: 3 0x000000008000ff96 (0x00e78023) mem 0x0000000080012082 0x00
core   0: 0x000000008000ff9a (0xfc843703) ld      a4, -56(s0)
core   0: 3 0x000000008000ff9a (0xfc843703) x14 0x0000000080012040 mem 0x0000000080031f38
core   0: 0x000000008000ff9e (0xfb843783) ld      a5, -72(s0)
core   0: 3 0x000000008000ff9e (0xfb843783) x15 0x000000000000009c mem 0x0000000080031f28
core   0: 0x000000008000ffa2 (0x000097ba) c.add   a5, a4
core   0: 3 0x000000008000ffa2 (0x97ba) x15 0x00000000800120dc
core   0: 0x000000008000ffa4 (0xfe043703) ld      a4, -32(s0)
core   0: 3 0x000000008000ffa4 (0xfe043703) x14 0x0000000080012083 mem 0x0000000080031f50
core   0: 0x000000008000ffa8 (0xfcf76de3) bltu    a4, a5, pc - 38
core   0: 3 0x000000008000ffa8 (0xfcf76de3)
core   0: 0x000000008000ff82 (0xfe043783) ld      a5, -32(s0)
core   0: 3 0x000000008000ff82 (0xfe043783) x15 0x0000000080012083 mem 0x0000000080031f50
core   0: 0x000000008000ff86 (0x00178713) addi    a4, a5, 1
core   0: 3 0x000000008000ff86 (0x00178713) x14 0x0000000080012084
core   0: 0x000000008000ff8a (0xfee43023) sd      a4, -32(s0)
core   0: 3 0x000000008000ff8a (0xfee43023) mem 0x0000000080031f50 0x0000000080012084
core   0: 0x000000008000ff8e (0xfc442703) lw      a4, -60(s0)
core   0: 3 0x000000008000ff8e (0xfc442703) x14 0x0000000000000000 mem 0x0000000080031f34
core   0: 0x000000008000ff92 (0x0ff77713) andi    a4, a4, 255
core   0: 3 0x000000008000ff92 (0x0ff77713) x14 0x0000000000000000
core   0: 0x000000008000ff96 (0x00e78023) sb      a4, 0(a5)
core   0: 3 0x000000008000ff96 (0x00e78023) mem 0x0000000080012083 0x00
core   0: 0x000000008000ff9a (0xfc843703) ld      a4, -56(s0)
core   0: 3 0x000000008000ff9a (0xfc843703) x14 0x0000000080012040 mem 0x0000000080031f38
core   0: 0x000000008000ff9e (0xfb843783) ld      a5, -72(s0)
core   0: 3 0x000000008000ff9e (0xfb843783) x15 0x000000000000009c mem 0x0000000080031f28
core   0: 0x000000008000ffa2 (0x000097ba) c.add   a5, a4
core   0: 3 0x000000008000ffa2 (0x97ba) x15 0x00000000800120dc
core   0: 0x000000008000ffa4 (0xfe043703) ld      a4, -32(s0)
core   0: 3 0x000000008000ffa4 (0xfe043703) x14 0x0000000080012084 mem 0x0000000080031f50
core   0: 0x000000008000ffa8 (0xfcf76de3) bltu    a4, a5, pc - 38
core   0: 3 0x000000008000ffa8 (0xfcf76de3)
core   0: 0x000000008000ff82 (0xfe043783) ld      a5, -32(s0)
core   0: 3 0x000000008000ff82 (0xfe043783) x15 0x0000000080012084 mem 0x0000000080031f50
core   0: 0x000000008000ff86 (0x00178713) addi    a4, a5, 1
core   0: 3 0x000000008000ff86 (0x00178713) x14 0x0000000080012085
core   0: 0x000000008000ff8a (0xfee43023) sd      a4, -32(s0)
core   0: 3 0x000000008000ff8a (0xfee43023) mem 0x0000000080031f50 0x0000000080012085
core   0: 0x000000008000ff8e (0xfc442703) lw      a4, -60(s0)
core   0: 3 0x000000008000ff8e (0xfc442703) x14 0x0000000000000000 mem 0x0000000080031f34
core   0: 0x000000008000ff92 (0x0ff77713) andi    a4, a4, 255
core   0: 3 0x000000008000ff92 (0x0ff77713) x14 0x0000000000000000
core   0: 0x000000008000ff96 (0x00e78023) sb      a4, 0(a5)
core   0: 3 0x000000008000ff96 (0x00e78023) mem 0x0000000080012084 0x00
core   0: 0x000000008000ff9a (0xfc843703) ld      a4, -56(s0)
core   0: 3 0x000000008000ff9a (0xfc843703) x14 0x0000000080012040 mem 0x0000000080031f38
core   0: 0x000000008000ff9e (0xfb843783) ld      a5, -72(s0)
core   0: 3 0x000000008000ff9e (0xfb843783) x15 0x000000000000009c mem 0x0000000080031f28
core   0: 0x000000008000ffa2 (0x000097ba) c.add   a5, a4
core   0: 3 0x000000008000ffa2 (0x97ba) x15 0x00000000800120dc
core   0: 0x000000008000ffa4 (0xfe043703) ld      a4, -32(s0)
core   0: 3 0x000000008000ffa4 (0xfe043703) x14 0x0000000080012085 mem 0x0000000080031f50
core   0: 0x000000008000ffa8 (0xfcf76de3) bltu    a4, a5, pc - 38
core   0: 3 0x000000008000ffa8 (0xfcf76de3)
core   0: 0x000000008000ff82 (0xfe043783) ld      a5, -32(s0)
core   0: 3 0x000000008000ff82 (0xfe043783) x15 0x0000000080012085 mem 0x0000000080031f50
core   0: 0x000000008000ff86 (0x00178713) addi    a4, a5, 1
core   0: 3 0x000000008000ff86 (0x00178713) x14 0x0000000080012086
core   0: 0x000000008000ff8a (0xfee43023) sd      a4, -32(s0)
core   0: 3 0x000000008000ff8a (0xfee43023) mem 0x0000000080031f50 0x0000000080012086
core   0: 0x000000008000ff8e (0xfc442703) lw      a4, -60(s0)
core   0: 3 0x000000008000ff8e (0xfc442703) x14 0x0000000000000000 mem 0x0000000080031f34
core   0: 0x000000008000ff92 (0x0ff77713) andi    a4, a4, 255
core   0: 3 0x000000008000ff92 (0x0ff77713) x14 0x0000000000000000
core   0: 0x000000008000ff96 (0x00e78023) sb      a4, 0(a5)
core   0: 3 0x000000008000ff96 (0x00e78023) mem 0x0000000080012085 0x00
core   0: 0x000000008000ff9a (0xfc843703) ld      a4, -56(s0)
core   0: 3 0x000000008000ff9a (0xfc843703) x14 0x0000000080012040 mem 0x0000000080031f38
core   0: 0x000000008000ff9e (0xfb843783) ld      a5, -72(s0)
core   0: 3 0x000000008000ff9e (0xfb843783) x15 0x000000000000009c mem 0x0000000080031f28
core   0: 0x000000008000ffa2 (0x000097ba) c.add   a5, a4
core   0: 3 0x000000008000ffa2 (0x97ba) x15 0x00000000800120dc
core   0: 0x000000008000ffa4 (0xfe043703) ld      a4, -32(s0)
core   0: 3 0x000000008000ffa4 (0xfe043703) x14 0x0000000080012086 mem 0x0000000080031f50
core   0: 0x000000008000ffa8 (0xfcf76de3) bltu    a4, a5, pc - 38
core   0: 3 0x000000008000ffa8 (0xfcf76de3)
core   0: 0x000000008000ff82 (0xfe043783) ld      a5, -32(s0)
core   0: 3 0x000000008000ff82 (0xfe043783) x15 0x0000000080012086 mem 0x0000000080031f50
core   0: 0x000000008000ff86 (0x00178713) addi    a4, a5, 1
core   0: 3 0x000000008000ff86 (0x00178713) x14 0x0000000080012087
core   0: 0x000000008000ff8a (0xfee43023) sd      a4, -32(s0)
core   0: 3 0x000000008000ff8a (0xfee43023) mem 0x0000000080031f50 0x0000000080012087
core   0: 0x000000008000ff8e (0xfc442703) lw      a4, -60(s0)
core   0: 3 0x000000008000ff8e (0xfc442703) x14 0x0000000000000000 mem 0x0000000080031f34
core   0: 0x000000008000ff92 (0x0ff77713) andi    a4, a4, 255
core   0: 3 0x000000008000ff92 (0x0ff77713) x14 0x0000000000000000
core   0: 0x000000008000ff96 (0x00e78023) sb      a4, 0(a5)
core   0: 3 0x000000008000ff96 (0x00e78023) mem 0x0000000080012086 0x00
core   0: 0x000000008000ff9a (0xfc843703) ld      a4, -56(s0)
core   0: 3 0x000000008000ff9a (0xfc843703) x14 0x0000000080012040 mem 0x0000000080031f38
core   0: 0x000000008000ff9e (0xfb843783) ld      a5, -72(s0)
core   0: 3 0x000000008000ff9e (0xfb843783) x15 0x000000000000009c mem 0x0000000080031f28
core   0: 0x000000008000ffa2 (0x000097ba) c.add   a5, a4
core   0: 3 0x000000008000ffa2 (0x97ba) x15 0x00000000800120dc
core   0: 0x000000008000ffa4 (0xfe043703) ld      a4, -32(s0)
core   0: 3 0x000000008000ffa4 (0xfe043703) x14 0x0000000080012087 mem 0x0000000080031f50
core   0: 0x000000008000ffa8 (0xfcf76de3) bltu    a4, a5, pc - 38
core   0: 3 0x000000008000ffa8 (0xfcf76de3)
core   0: 0x000000008000ff82 (0xfe043783) ld      a5, -32(s0)
core   0: 3 0x000000008000ff82 (0xfe043783) x15 0x0000000080012087 mem 0x0000000080031f50
core   0: 0x000000008000ff86 (0x00178713) addi    a4, a5, 1
core   0: 3 0x000000008000ff86 (0x00178713) x14 0x0000000080012088
core   0: 0x000000008000ff8a (0xfee43023) sd      a4, -32(s0)
core   0: 3 0x000000008000ff8a (0xfee43023) mem 0x0000000080031f50 0x0000000080012088
core   0: 0x000000008000ff8e (0xfc442703) lw      a4, -60(s0)
core   0: 3 0x000000008000ff8e (0xfc442703) x14 0x0000000000000000 mem 0x0000000080031f34
core   0: 0x000000008000ff92 (0x0ff77713) andi    a4, a4, 255
core   0: 3 0x000000008000ff92 (0x0ff77713) x14 0x0000000000000000
core   0: 0x000000008000ff96 (0x00e78023) sb      a4, 0(a5)
core   0: 3 0x000000008000ff96 (0x00e78023) mem 0x0000000080012087 0x00
core   0: 0x000000008000ff9a (0xfc843703) ld      a4, -56(s0)
core   0: 3 0x000000008000ff9a (0xfc843703) x14 0x0000000080012040 mem 0x0000000080031f38
core   0: 0x000000008000ff9e (0xfb843783) ld      a5, -72(s0)
core   0: 3 0x000000008000ff9e (0xfb843783) x15 0x000000000000009c mem 0x0000000080031f28
core   0: 0x000000008000ffa2 (0x000097ba) c.add   a5, a4
core   0: 3 0x000000008000ffa2 (0x97ba) x15 0x00000000800120dc
core   0: 0x000000008000ffa4 (0xfe043703) ld      a4, -32(s0)
core   0: 3 0x000000008000ffa4 (0xfe043703) x14 0x0000000080012088 mem 0x0000000080031f50
core   0: 0x000000008000ffa8 (0xfcf76de3) bltu    a4, a5, pc - 38
core   0: 3 0x000000008000ffa8 (0xfcf76de3)
core   0: 0x000000008000ff82 (0xfe043783) ld      a5, -32(s0)
core   0: 3 0x000000008000ff82 (0xfe043783) x15 0x0000000080012088 mem 0x0000000080031f50
core   0: 0x000000008000ff86 (0x00178713) addi    a4, a5, 1
core   0: 3 0x000000008000ff86 (0x00178713) x14 0x0000000080012089
core   0: 0x000000008000ff8a (0xfee43023) sd      a4, -32(s0)
core   0: 3 0x000000008000ff8a (0xfee43023) mem 0x0000000080031f50 0x0000000080012089
core   0: 0x000000008000ff8e (0xfc442703) lw      a4, -60(s0)
core   0: 3 0x000000008000ff8e (0xfc442703) x14 0x0000000000000000 mem 0x0000000080031f34
core   0: 0x000000008000ff92 (0x0ff77713) andi    a4, a4, 255
core   0: 3 0x000000008000ff92 (0x0ff77713) x14 0x0000000000000000
core   0: 0x000000008000ff96 (0x00e78023) sb      a4, 0(a5)
core   0: 3 0x000000008000ff96 (0x00e78023) mem 0x0000000080012088 0x00
core   0: 0x000000008000ff9a (0xfc843703) ld      a4, -56(s0)
core   0: 3 0x000000008000ff9a (0xfc843703) x14 0x0000000080012040 mem 0x0000000080031f38
core   0: 0x000000008000ff9e (0xfb843783) ld      a5, -72(s0)
core   0: 3 0x000000008000ff9e (0xfb843783) x15 0x000000000000009c mem 0x0000000080031f28
core   0: 0x000000008000ffa2 (0x000097ba) c.add   a5, a4
core   0: 3 0x000000008000ffa2 (0x97ba) x15 0x00000000800120dc
core   0: 0x000000008000ffa4 (0xfe043703) ld      a4, -32(s0)
core   0: 3 0x000000008000ffa4 (0xfe043703) x14 0x0000000080012089 mem 0x0000000080031f50
core   0: 0x000000008000ffa8 (0xfcf76de3) bltu    a4, a5, pc - 38
core   0: 3 0x000000008000ffa8 (0xfcf76de3)
core   0: 0x000000008000ff82 (0xfe043783) ld      a5, -32(s0)
core   0: 3 0x000000008000ff82 (0xfe043783) x15 0x0000000080012089 mem 0x0000000080031f50
core   0: 0x000000008000ff86 (0x00178713) addi    a4, a5, 1
core   0: 3 0x000000008000ff86 (0x00178713) x14 0x000000008001208a
core   0: 0x000000008000ff8a (0xfee43023) sd      a4, -32(s0)
core   0: 3 0x000000008000ff8a (0xfee43023) mem 0x0000000080031f50 0x000000008001208a
core   0: 0x000000008000ff8e (0xfc442703) lw      a4, -60(s0)
core   0: 3 0x000000008000ff8e (0xfc442703) x14 0x0000000000000000 mem 0x0000000080031f34
core   0: 0x000000008000ff92 (0x0ff77713) andi    a4, a4, 255
core   0: 3 0x000000008000ff92 (0x0ff77713) x14 0x0000000000000000
core   0: 0x000000008000ff96 (0x00e78023) sb      a4, 0(a5)
core   0: 3 0x000000008000ff96 (0x00e78023) mem 0x0000000080012089 0x00
core   0: 0x000000008000ff9a (0xfc843703) ld      a4, -56(s0)
core   0: 3 0x000000008000ff9a (0xfc843703) x14 0x0000000080012040 mem 0x0000000080031f38
core   0: 0x000000008000ff9e (0xfb843783) ld      a5, -72(s0)
core   0: 3 0x000000008000ff9e (0xfb843783) x15 0x000000000000009c mem 0x0000000080031f28
core   0: 0x000000008000ffa2 (0x000097ba) c.add   a5, a4
core   0: 3 0x000000008000ffa2 (0x97ba) x15 0x00000000800120dc
core   0: 0x000000008000ffa4 (0xfe043703) ld      a4, -32(s0)
core   0: 3 0x000000008000ffa4 (0xfe043703) x14 0x000000008001208a mem 0x0000000080031f50
core   0: 0x000000008000ffa8 (0xfcf76de3) bltu    a4, a5, pc - 38
core   0: 3 0x000000008000ffa8 (0xfcf76de3)
core   0: 0x000000008000ff82 (0xfe043783) ld      a5, -32(s0)
core   0: 3 0x000000008000ff82 (0xfe043783) x15 0x000000008001208a mem 0x0000000080031f50
core   0: 0x000000008000ff86 (0x00178713) addi    a4, a5, 1
core   0: 3 0x000000008000ff86 (0x00178713) x14 0x000000008001208b
core   0: 0x000000008000ff8a (0xfee43023) sd      a4, -32(s0)
core   0: 3 0x000000008000ff8a (0xfee43023) mem 0x0000000080031f50 0x000000008001208b
core   0: 0x000000008000ff8e (0xfc442703) lw      a4, -60(s0)
core   0: 3 0x000000008000ff8e (0xfc442703) x14 0x0000000000000000 mem 0x0000000080031f34
core   0: 0x000000008000ff92 (0x0ff77713) andi    a4, a4, 255
core   0: 3 0x000000008000ff92 (0x0ff77713) x14 0x0000000000000000
core   0: 0x000000008000ff96 (0x00e78023) sb      a4, 0(a5)
core   0: 3 0x000000008000ff96 (0x00e78023) mem 0x000000008001208a 0x00
core   0: 0x000000008000ff9a (0xfc843703) ld      a4, -56(s0)
core   0: 3 0x000000008000ff9a (0xfc843703) x14 0x0000000080012040 mem 0x0000000080031f38
core   0: 0x000000008000ff9e (0xfb843783) ld      a5, -72(s0)
core   0: 3 0x000000008000ff9e (0xfb843783) x15 0x000000000000009c mem 0x0000000080031f28
core   0: 0x000000008000ffa2 (0x000097ba) c.add   a5, a4
core   0: 3 0x000000008000ffa2 (0x97ba) x15 0x00000000800120dc
core   0: 0x000000008000ffa4 (0xfe043703) ld      a4, -32(s0)
core   0: 3 0x000000008000ffa4 (0xfe043703) x14 0x000000008001208b mem 0x0000000080031f50
core   0: 0x000000008000ffa8 (0xfcf76de3) bltu    a4, a5, pc - 38
core   0: 3 0x000000008000ffa8 (0xfcf76de3)
core   0: 0x000000008000ff82 (0xfe043783) ld      a5, -32(s0)
core   0: 3 0x000000008000ff82 (0xfe043783) x15 0x000000008001208b mem 0x0000000080031f50
core   0: 0x000000008000ff86 (0x00178713) addi    a4, a5, 1
core   0: 3 0x000000008000ff86 (0x00178713) x14 0x000000008001208c
core   0: 0x000000008000ff8a (0xfee43023) sd      a4, -32(s0)
core   0: 3 0x000000008000ff8a (0xfee43023) mem 0x0000000080031f50 0x000000008001208c
core   0: 0x000000008000ff8e (0xfc442703) lw      a4, -60(s0)
core   0: 3 0x000000008000ff8e (0xfc442703) x14 0x0000000000000000 mem 0x0000000080031f34
core   0: 0x000000008000ff92 (0x0ff77713) andi    a4, a4, 255
core   0: 3 0x000000008000ff92 (0x0ff77713) x14 0x0000000000000000
core   0: 0x000000008000ff96 (0x00e78023) sb      a4, 0(a5)
core   0: 3 0x000000008000ff96 (0x00e78023) mem 0x000000008001208b 0x00
core   0: 0x000000008000ff9a (0xfc843703) ld      a4, -56(s0)
core   0: 3 0x000000008000ff9a (0xfc843703) x14 0x0000000080012040 mem 0x0000000080031f38
core   0: 0x000000008000ff9e (0xfb843783) ld      a5, -72(s0)
core   0: 3 0x000000008000ff9e (0xfb843783) x15 0x000000000000009c mem 0x0000000080031f28
core   0: 0x000000008000ffa2 (0x000097ba) c.add   a5, a4
core   0: 3 0x000000008000ffa2 (0x97ba) x15 0x00000000800120dc
core   0: 0x000000008000ffa4 (0xfe043703) ld      a4, -32(s0)
core   0: 3 0x000000008000ffa4 (0xfe043703) x14 0x000000008001208c mem 0x0000000080031f50
core   0: 0x000000008000ffa8 (0xfcf76de3) bltu    a4, a5, pc - 38
core   0: 3 0x000000008000ffa8 (0xfcf76de3)
core   0: 0x000000008000ff82 (0xfe043783) ld      a5, -32(s0)
core   0: 3 0x000000008000ff82 (0xfe043783) x15 0x000000008001208c mem 0x0000000080031f50
core   0: 0x000000008000ff86 (0x00178713) addi    a4, a5, 1
core   0: 3 0x000000008000ff86 (0x00178713) x14 0x000000008001208d
core   0: 0x000000008000ff8a (0xfee43023) sd      a4, -32(s0)
core   0: 3 0x000000008000ff8a (0xfee43023) mem 0x0000000080031f50 0x000000008001208d
core   0: 0x000000008000ff8e (0xfc442703) lw      a4, -60(s0)
core   0: 3 0x000000008000ff8e (0xfc442703) x14 0x0000000000000000 mem 0x0000000080031f34
core   0: 0x000000008000ff92 (0x0ff77713) andi    a4, a4, 255
core   0: 3 0x000000008000ff92 (0x0ff77713) x14 0x0000000000000000
core   0: 0x000000008000ff96 (0x00e78023) sb      a4, 0(a5)
core   0: 3 0x000000008000ff96 (0x00e78023) mem 0x000000008001208c 0x00
core   0: 0x000000008000ff9a (0xfc843703) ld      a4, -56(s0)
core   0: 3 0x000000008000ff9a (0xfc843703) x14 0x0000000080012040 mem 0x0000000080031f38
core   0: 0x000000008000ff9e (0xfb843783) ld      a5, -72(s0)
core   0: 3 0x000000008000ff9e (0xfb843783) x15 0x000000000000009c mem 0x0000000080031f28
core   0: 0x000000008000ffa2 (0x000097ba) c.add   a5, a4
core   0: 3 0x000000008000ffa2 (0x97ba) x15 0x00000000800120dc
core   0: 0x000000008000ffa4 (0xfe043703) ld      a4, -32(s0)
core   0: 3 0x000000008000ffa4 (0xfe043703) x14 0x000000008001208d mem 0x0000000080031f50
core   0: 0x000000008000ffa8 (0xfcf76de3) bltu    a4, a5, pc - 38
core   0: 3 0x000000008000ffa8 (0xfcf76de3)
core   0: 0x000000008000ff82 (0xfe043783) ld      a5, -32(s0)
core   0: 3 0x000000008000ff82 (0xfe043783) x15 0x000000008001208d mem 0x0000000080031f50
core   0: 0x000000008000ff86 (0x00178713) addi    a4, a5, 1
core   0: 3 0x000000008000ff86 (0x00178713) x14 0x000000008001208e
core   0: 0x000000008000ff8a (0xfee43023) sd      a4, -32(s0)
core   0: 3 0x000000008000ff8a (0xfee43023) mem 0x0000000080031f50 0x000000008001208e
core   0: 0x000000008000ff8e (0xfc442703) lw      a4, -60(s0)
core   0: 3 0x000000008000ff8e (0xfc442703) x14 0x0000000000000000 mem 0x0000000080031f34
core   0: 0x000000008000ff92 (0x0ff77713) andi    a4, a4, 255
core   0: 3 0x000000008000ff92 (0x0ff77713) x14 0x0000000000000000
core   0: 0x000000008000ff96 (0x00e78023) sb      a4, 0(a5)
core   0: 3 0x000000008000ff96 (0x00e78023) mem 0x000000008001208d 0x00
core   0: 0x000000008000ff9a (0xfc843703) ld      a4, -56(s0)
core   0: 3 0x000000008000ff9a (0xfc843703) x14 0x0000000080012040 mem 0x0000000080031f38
core   0: 0x000000008000ff9e (0xfb843783) ld      a5, -72(s0)
core   0: 3 0x000000008000ff9e (0xfb843783) x15 0x000000000000009c mem 0x0000000080031f28
core   0: 0x000000008000ffa2 (0x000097ba) c.add   a5, a4
core   0: 3 0x000000008000ffa2 (0x97ba) x15 0x00000000800120dc
core   0: 0x000000008000ffa4 (0xfe043703) ld      a4, -32(s0)
core   0: 3 0x000000008000ffa4 (0xfe043703) x14 0x000000008001208e mem 0x0000000080031f50
core   0: 0x000000008000ffa8 (0xfcf76de3) bltu    a4, a5, pc - 38
core   0: 3 0x000000008000ffa8 (0xfcf76de3)
core   0: 0x000000008000ff82 (0xfe043783) ld      a5, -32(s0)
core   0: 3 0x000000008000ff82 (0xfe043783) x15 0x000000008001208e mem 0x0000000080031f50
core   0: 0x000000008000ff86 (0x00178713) addi    a4, a5, 1
core   0: 3 0x000000008000ff86 (0x00178713) x14 0x000000008001208f
core   0: 0x000000008000ff8a (0xfee43023) sd      a4, -32(s0)
core   0: 3 0x000000008000ff8a (0xfee43023) mem 0x0000000080031f50 0x000000008001208f
core   0: 0x000000008000ff8e (0xfc442703) lw      a4, -60(s0)
core   0: 3 0x000000008000ff8e (0xfc442703) x14 0x0000000000000000 mem 0x0000000080031f34
core   0: 0x000000008000ff92 (0x0ff77713) andi    a4, a4, 255
core   0: 3 0x000000008000ff92 (0x0ff77713) x14 0x0000000000000000
core   0: 0x000000008000ff96 (0x00e78023) sb      a4, 0(a5)
core   0: 3 0x000000008000ff96 (0x00e78023) mem 0x000000008001208e 0x00
core   0: 0x000000008000ff9a (0xfc843703) ld      a4, -56(s0)
core   0: 3 0x000000008000ff9a (0xfc843703) x14 0x0000000080012040 mem 0x0000000080031f38
core   0: 0x000000008000ff9e (0xfb843783) ld      a5, -72(s0)
core   0: 3 0x000000008000ff9e (0xfb843783) x15 0x000000000000009c mem 0x0000000080031f28
core   0: 0x000000008000ffa2 (0x000097ba) c.add   a5, a4
core   0: 3 0x000000008000ffa2 (0x97ba) x15 0x00000000800120dc
core   0: 0x000000008000ffa4 (0xfe043703) ld      a4, -32(s0)
core   0: 3 0x000000008000ffa4 (0xfe043703) x14 0x000000008001208f mem 0x0000000080031f50
core   0: 0x000000008000ffa8 (0xfcf76de3) bltu    a4, a5, pc - 38
core   0: 3 0x000000008000ffa8 (0xfcf76de3)
core   0: 0x000000008000ff82 (0xfe043783) ld      a5, -32(s0)
core   0: 3 0x000000008000ff82 (0xfe043783) x15 0x000000008001208f mem 0x0000000080031f50
core   0: 0x000000008000ff86 (0x00178713) addi    a4, a5, 1
core   0: 3 0x000000008000ff86 (0x00178713) x14 0x0000000080012090
core   0: 0x000000008000ff8a (0xfee43023) sd      a4, -32(s0)
core   0: 3 0x000000008000ff8a (0xfee43023) mem 0x0000000080031f50 0x0000000080012090
core   0: 0x000000008000ff8e (0xfc442703) lw      a4, -60(s0)
core   0: 3 0x000000008000ff8e (0xfc442703) x14 0x0000000000000000 mem 0x0000000080031f34
core   0: 0x000000008000ff92 (0x0ff77713) andi    a4, a4, 255
core   0: 3 0x000000008000ff92 (0x0ff77713) x14 0x0000000000000000
core   0: 0x000000008000ff96 (0x00e78023) sb      a4, 0(a5)
core   0: 3 0x000000008000ff96 (0x00e78023) mem 0x000000008001208f 0x00
core   0: 0x000000008000ff9a (0xfc843703) ld      a4, -56(s0)
core   0: 3 0x000000008000ff9a (0xfc843703) x14 0x0000000080012040 mem 0x0000000080031f38
core   0: 0x000000008000ff9e (0xfb843783) ld      a5, -72(s0)
core   0: 3 0x000000008000ff9e (0xfb843783) x15 0x000000000000009c mem 0x0000000080031f28
core   0: 0x000000008000ffa2 (0x000097ba) c.add   a5, a4
core   0: 3 0x000000008000ffa2 (0x97ba) x15 0x00000000800120dc
core   0: 0x000000008000ffa4 (0xfe043703) ld      a4, -32(s0)
core   0: 3 0x000000008000ffa4 (0xfe043703) x14 0x0000000080012090 mem 0x0000000080031f50
core   0: 0x000000008000ffa8 (0xfcf76de3) bltu    a4, a5, pc - 38
core   0: 3 0x000000008000ffa8 (0xfcf76de3)
core   0: 0x000000008000ff82 (0xfe043783) ld      a5, -32(s0)
core   0: 3 0x000000008000ff82 (0xfe043783) x15 0x0000000080012090 mem 0x0000000080031f50
core   0: 0x000000008000ff86 (0x00178713) addi    a4, a5, 1
core   0: 3 0x000000008000ff86 (0x00178713) x14 0x0000000080012091
core   0: 0x000000008000ff8a (0xfee43023) sd      a4, -32(s0)
core   0: 3 0x000000008000ff8a (0xfee43023) mem 0x0000000080031f50 0x0000000080012091
core   0: 0x000000008000ff8e (0xfc442703) lw      a4, -60(s0)
core   0: 3 0x000000008000ff8e (0xfc442703) x14 0x0000000000000000 mem 0x0000000080031f34
core   0: 0x000000008000ff92 (0x0ff77713) andi    a4, a4, 255
core   0: 3 0x000000008000ff92 (0x0ff77713) x14 0x0000000000000000
core   0: 0x000000008000ff96 (0x00e78023) sb      a4, 0(a5)
core   0: 3 0x000000008000ff96 (0x00e78023) mem 0x0000000080012090 0x00
core   0: 0x000000008000ff9a (0xfc843703) ld      a4, -56(s0)
core   0: 3 0x000000008000ff9a (0xfc843703) x14 0x0000000080012040 mem 0x0000000080031f38
core   0: 0x000000008000ff9e (0xfb843783) ld      a5, -72(s0)
core   0: 3 0x000000008000ff9e (0xfb843783) x15 0x000000000000009c mem 0x0000000080031f28
core   0: 0x000000008000ffa2 (0x000097ba) c.add   a5, a4
core   0: 3 0x000000008000ffa2 (0x97ba) x15 0x00000000800120dc
core   0: 0x000000008000ffa4 (0xfe043703) ld      a4, -32(s0)
core   0: 3 0x000000008000ffa4 (0xfe043703) x14 0x0000000080012091 mem 0x0000000080031f50
core   0: 0x000000008000ffa8 (0xfcf76de3) bltu    a4, a5, pc - 38
core   0: 3 0x000000008000ffa8 (0xfcf76de3)
core   0: 0x000000008000ff82 (0xfe043783) ld      a5, -32(s0)
core   0: 3 0x000000008000ff82 (0xfe043783) x15 0x0000000080012091 mem 0x0000000080031f50
core   0: 0x000000008000ff86 (0x00178713) addi    a4, a5, 1
core   0: 3 0x000000008000ff86 (0x00178713) x14 0x0000000080012092
core   0: 0x000000008000ff8a (0xfee43023) sd      a4, -32(s0)
core   0: 3 0x000000008000ff8a (0xfee43023) mem 0x0000000080031f50 0x0000000080012092
core   0: 0x000000008000ff8e (0xfc442703) lw      a4, -60(s0)
core   0: 3 0x000000008000ff8e (0xfc442703) x14 0x0000000000000000 mem 0x0000000080031f34
core   0: 0x000000008000ff92 (0x0ff77713) andi    a4, a4, 255
core   0: 3 0x000000008000ff92 (0x0ff77713) x14 0x0000000000000000
core   0: 0x000000008000ff96 (0x00e78023) sb      a4, 0(a5)
core   0: 3 0x000000008000ff96 (0x00e78023) mem 0x0000000080012091 0x00
core   0: 0x000000008000ff9a (0xfc843703) ld      a4, -56(s0)
core   0: 3 0x000000008000ff9a (0xfc843703) x14 0x0000000080012040 mem 0x0000000080031f38
core   0: 0x000000008000ff9e (0xfb843783) ld      a5, -72(s0)
core   0: 3 0x000000008000ff9e (0xfb843783) x15 0x000000000000009c mem 0x0000000080031f28
core   0: 0x000000008000ffa2 (0x000097ba) c.add   a5, a4
core   0: 3 0x000000008000ffa2 (0x97ba) x15 0x00000000800120dc
core   0: 0x000000008000ffa4 (0xfe043703) ld      a4, -32(s0)
core   0: 3 0x000000008000ffa4 (0xfe043703) x14 0x0000000080012092 mem 0x0000000080031f50
core   0: 0x000000008000ffa8 (0xfcf76de3) bltu    a4, a5, pc - 38
core   0: 3 0x000000008000ffa8 (0xfcf76de3)
core   0: 0x000000008000ff82 (0xfe043783) ld      a5, -32(s0)
core   0: 3 0x000000008000ff82 (0xfe043783) x15 0x0000000080012092 mem 0x0000000080031f50
core   0: 0x000000008000ff86 (0x00178713) addi    a4, a5, 1
core   0: 3 0x000000008000ff86 (0x00178713) x14 0x0000000080012093
core   0: 0x000000008000ff8a (0xfee43023) sd      a4, -32(s0)
core   0: 3 0x000000008000ff8a (0xfee43023) mem 0x0000000080031f50 0x0000000080012093
core   0: 0x000000008000ff8e (0xfc442703) lw      a4, -60(s0)
core   0: 3 0x000000008000ff8e (0xfc442703) x14 0x0000000000000000 mem 0x0000000080031f34
core   0: 0x000000008000ff92 (0x0ff77713) andi    a4, a4, 255
core   0: 3 0x000000008000ff92 (0x0ff77713) x14 0x0000000000000000
core   0: 0x000000008000ff96 (0x00e78023) sb      a4, 0(a5)
core   0: 3 0x000000008000ff96 (0x00e78023) mem 0x0000000080012092 0x00
core   0: 0x000000008000ff9a (0xfc843703) ld      a4, -56(s0)
core   0: 3 0x000000008000ff9a (0xfc843703) x14 0x0000000080012040 mem 0x0000000080031f38
core   0: 0x000000008000ff9e (0xfb843783) ld      a5, -72(s0)
core   0: 3 0x000000008000ff9e (0xfb843783) x15 0x000000000000009c mem 0x0000000080031f28
core   0: 0x000000008000ffa2 (0x000097ba) c.add   a5, a4
core   0: 3 0x000000008000ffa2 (0x97ba) x15 0x00000000800120dc
core   0: 0x000000008000ffa4 (0xfe043703) ld      a4, -32(s0)
core   0: 3 0x000000008000ffa4 (0xfe043703) x14 0x0000000080012093 mem 0x0000000080031f50
core   0: 0x000000008000ffa8 (0xfcf76de3) bltu    a4, a5, pc - 38
core   0: 3 0x000000008000ffa8 (0xfcf76de3)
core   0: 0x000000008000ff82 (0xfe043783) ld      a5, -32(s0)
core   0: 3 0x000000008000ff82 (0xfe043783) x15 0x0000000080012093 mem 0x0000000080031f50
core   0: 0x000000008000ff86 (0x00178713) addi    a4, a5, 1
core   0: 3 0x000000008000ff86 (0x00178713) x14 0x0000000080012094
core   0: 0x000000008000ff8a (0xfee43023) sd      a4, -32(s0)
core   0: 3 0x000000008000ff8a (0xfee43023) mem 0x0000000080031f50 0x0000000080012094
core   0: 0x000000008000ff8e (0xfc442703) lw      a4, -60(s0)
core   0: 3 0x000000008000ff8e (0xfc442703) x14 0x0000000000000000 mem 0x0000000080031f34
core   0: 0x000000008000ff92 (0x0ff77713) andi    a4, a4, 255
core   0: 3 0x000000008000ff92 (0x0ff77713) x14 0x0000000000000000
core   0: 0x000000008000ff96 (0x00e78023) sb      a4, 0(a5)
core   0: 3 0x000000008000ff96 (0x00e78023) mem 0x0000000080012093 0x00
core   0: 0x000000008000ff9a (0xfc843703) ld      a4, -56(s0)
core   0: 3 0x000000008000ff9a (0xfc843703) x14 0x0000000080012040 mem 0x0000000080031f38
core   0: 0x000000008000ff9e (0xfb843783) ld      a5, -72(s0)
core   0: 3 0x000000008000ff9e (0xfb843783) x15 0x000000000000009c mem 0x0000000080031f28
core   0: 0x000000008000ffa2 (0x000097ba) c.add   a5, a4
core   0: 3 0x000000008000ffa2 (0x97ba) x15 0x00000000800120dc
core   0: 0x000000008000ffa4 (0xfe043703) ld      a4, -32(s0)
core   0: 3 0x000000008000ffa4 (0xfe043703) x14 0x0000000080012094 mem 0x0000000080031f50
core   0: 0x000000008000ffa8 (0xfcf76de3) bltu    a4, a5, pc - 38
core   0: 3 0x000000008000ffa8 (0xfcf76de3)
core   0: 0x000000008000ff82 (0xfe043783) ld      a5, -32(s0)
core   0: 3 0x000000008000ff82 (0xfe043783) x15 0x0000000080012094 mem 0x0000000080031f50
core   0: 0x000000008000ff86 (0x00178713) addi    a4, a5, 1
core   0: 3 0x000000008000ff86 (0x00178713) x14 0x0000000080012095
core   0: 0x000000008000ff8a (0xfee43023) sd      a4, -32(s0)
core   0: 3 0x000000008000ff8a (0xfee43023) mem 0x0000000080031f50 0x0000000080012095
core   0: 0x000000008000ff8e (0xfc442703) lw      a4, -60(s0)
core   0: 3 0x000000008000ff8e (0xfc442703) x14 0x0000000000000000 mem 0x0000000080031f34
core   0: 0x000000008000ff92 (0x0ff77713) andi    a4, a4, 255
core   0: 3 0x000000008000ff92 (0x0ff77713) x14 0x0000000000000000
core   0: 0x000000008000ff96 (0x00e78023) sb      a4, 0(a5)
core   0: 3 0x000000008000ff96 (0x00e78023) mem 0x0000000080012094 0x00
core   0: 0x000000008000ff9a (0xfc843703) ld      a4, -56(s0)
core   0: 3 0x000000008000ff9a (0xfc843703) x14 0x0000000080012040 mem 0x0000000080031f38
core   0: 0x000000008000ff9e (0xfb843783) ld      a5, -72(s0)
core   0: 3 0x000000008000ff9e (0xfb843783) x15 0x000000000000009c mem 0x0000000080031f28
core   0: 0x000000008000ffa2 (0x000097ba) c.add   a5, a4
core   0: 3 0x000000008000ffa2 (0x97ba) x15 0x00000000800120dc
core   0: 0x000000008000ffa4 (0xfe043703) ld      a4, -32(s0)
core   0: 3 0x000000008000ffa4 (0xfe043703) x14 0x0000000080012095 mem 0x0000000080031f50
core   0: 0x000000008000ffa8 (0xfcf76de3) bltu    a4, a5, pc - 38
core   0: 3 0x000000008000ffa8 (0xfcf76de3)
core   0: 0x000000008000ff82 (0xfe043783) ld      a5, -32(s0)
core   0: 3 0x000000008000ff82 (0xfe043783) x15 0x0000000080012095 mem 0x0000000080031f50
core   0: 0x000000008000ff86 (0x00178713) addi    a4, a5, 1
core   0: 3 0x000000008000ff86 (0x00178713) x14 0x0000000080012096
core   0: 0x000000008000ff8a (0xfee43023) sd      a4, -32(s0)
core   0: 3 0x000000008000ff8a (0xfee43023) mem 0x0000000080031f50 0x0000000080012096
core   0: 0x000000008000ff8e (0xfc442703) lw      a4, -60(s0)
core   0: 3 0x000000008000ff8e (0xfc442703) x14 0x0000000000000000 mem 0x0000000080031f34
core   0: 0x000000008000ff92 (0x0ff77713) andi    a4, a4, 255
core   0: 3 0x000000008000ff92 (0x0ff77713) x14 0x0000000000000000
core   0: 0x000000008000ff96 (0x00e78023) sb      a4, 0(a5)
core   0: 3 0x000000008000ff96 (0x00e78023) mem 0x0000000080012095 0x00
core   0: 0x000000008000ff9a (0xfc843703) ld      a4, -56(s0)
core   0: 3 0x000000008000ff9a (0xfc843703) x14 0x0000000080012040 mem 0x0000000080031f38
core   0: 0x000000008000ff9e (0xfb843783) ld      a5, -72(s0)
core   0: 3 0x000000008000ff9e (0xfb843783) x15 0x000000000000009c mem 0x0000000080031f28
core   0: 0x000000008000ffa2 (0x000097ba) c.add   a5, a4
core   0: 3 0x000000008000ffa2 (0x97ba) x15 0x00000000800120dc
core   0: 0x000000008000ffa4 (0xfe043703) ld      a4, -32(s0)
core   0: 3 0x000000008000ffa4 (0xfe043703) x14 0x0000000080012096 mem 0x0000000080031f50
core   0: 0x000000008000ffa8 (0xfcf76de3) bltu    a4, a5, pc - 38
core   0: 3 0x000000008000ffa8 (0xfcf76de3)
core   0: 0x000000008000ff82 (0xfe043783) ld      a5, -32(s0)
core   0: 3 0x000000008000ff82 (0xfe043783) x15 0x0000000080012096 mem 0x0000000080031f50
core   0: 0x000000008000ff86 (0x00178713) addi    a4, a5, 1
core   0: 3 0x000000008000ff86 (0x00178713) x14 0x0000000080012097
core   0: 0x000000008000ff8a (0xfee43023) sd      a4, -32(s0)
core   0: 3 0x000000008000ff8a (0xfee43023) mem 0x0000000080031f50 0x0000000080012097
core   0: 0x000000008000ff8e (0xfc442703) lw      a4, -60(s0)
core   0: 3 0x000000008000ff8e (0xfc442703) x14 0x0000000000000000 mem 0x0000000080031f34
core   0: 0x000000008000ff92 (0x0ff77713) andi    a4, a4, 255
core   0: 3 0x000000008000ff92 (0x0ff77713) x14 0x0000000000000000
core   0: 0x000000008000ff96 (0x00e78023) sb      a4, 0(a5)
core   0: 3 0x000000008000ff96 (0x00e78023) mem 0x0000000080012096 0x00
core   0: 0x000000008000ff9a (0xfc843703) ld      a4, -56(s0)
core   0: 3 0x000000008000ff9a (0xfc843703) x14 0x0000000080012040 mem 0x0000000080031f38
core   0: 0x000000008000ff9e (0xfb843783) ld      a5, -72(s0)
core   0: 3 0x000000008000ff9e (0xfb843783) x15 0x000000000000009c mem 0x0000000080031f28
core   0: 0x000000008000ffa2 (0x000097ba) c.add   a5, a4
core   0: 3 0x000000008000ffa2 (0x97ba) x15 0x00000000800120dc
core   0: 0x000000008000ffa4 (0xfe043703) ld      a4, -32(s0)
core   0: 3 0x000000008000ffa4 (0xfe043703) x14 0x0000000080012097 mem 0x0000000080031f50
core   0: 0x000000008000ffa8 (0xfcf76de3) bltu    a4, a5, pc - 38
core   0: 3 0x000000008000ffa8 (0xfcf76de3)
core   0: 0x000000008000ff82 (0xfe043783) ld      a5, -32(s0)
core   0: 3 0x000000008000ff82 (0xfe043783) x15 0x0000000080012097 mem 0x0000000080031f50
core   0: 0x000000008000ff86 (0x00178713) addi    a4, a5, 1
core   0: 3 0x000000008000ff86 (0x00178713) x14 0x0000000080012098
core   0: 0x000000008000ff8a (0xfee43023) sd      a4, -32(s0)
core   0: 3 0x000000008000ff8a (0xfee43023) mem 0x0000000080031f50 0x0000000080012098
core   0: 0x000000008000ff8e (0xfc442703) lw      a4, -60(s0)
core   0: 3 0x000000008000ff8e (0xfc442703) x14 0x0000000000000000 mem 0x0000000080031f34
core   0: 0x000000008000ff92 (0x0ff77713) andi    a4, a4, 255
core   0: 3 0x000000008000ff92 (0x0ff77713) x14 0x0000000000000000
core   0: 0x000000008000ff96 (0x00e78023) sb      a4, 0(a5)
core   0: 3 0x000000008000ff96 (0x00e78023) mem 0x0000000080012097 0x00
core   0: 0x000000008000ff9a (0xfc843703) ld      a4, -56(s0)
core   0: 3 0x000000008000ff9a (0xfc843703) x14 0x0000000080012040 mem 0x0000000080031f38
core   0: 0x000000008000ff9e (0xfb843783) ld      a5, -72(s0)
core   0: 3 0x000000008000ff9e (0xfb843783) x15 0x000000000000009c mem 0x0000000080031f28
core   0: 0x000000008000ffa2 (0x000097ba) c.add   a5, a4
core   0: 3 0x000000008000ffa2 (0x97ba) x15 0x00000000800120dc
core   0: 0x000000008000ffa4 (0xfe043703) ld      a4, -32(s0)
core   0: 3 0x000000008000ffa4 (0xfe043703) x14 0x0000000080012098 mem 0x0000000080031f50
core   0: 0x000000008000ffa8 (0xfcf76de3) bltu    a4, a5, pc - 38
core   0: 3 0x000000008000ffa8 (0xfcf76de3)
core   0: 0x000000008000ff82 (0xfe043783) ld      a5, -32(s0)
core   0: 3 0x000000008000ff82 (0xfe043783) x15 0x0000000080012098 mem 0x0000000080031f50
core   0: 0x000000008000ff86 (0x00178713) addi    a4, a5, 1
core   0: 3 0x000000008000ff86 (0x00178713) x14 0x0000000080012099
core   0: 0x000000008000ff8a (0xfee43023) sd      a4, -32(s0)
core   0: 3 0x000000008000ff8a (0xfee43023) mem 0x0000000080031f50 0x0000000080012099
core   0: 0x000000008000ff8e (0xfc442703) lw      a4, -60(s0)
core   0: 3 0x000000008000ff8e (0xfc442703) x14 0x0000000000000000 mem 0x0000000080031f34
core   0: 0x000000008000ff92 (0x0ff77713) andi    a4, a4, 255
core   0: 3 0x000000008000ff92 (0x0ff77713) x14 0x0000000000000000
core   0: 0x000000008000ff96 (0x00e78023) sb      a4, 0(a5)
core   0: 3 0x000000008000ff96 (0x00e78023) mem 0x0000000080012098 0x00
core   0: 0x000000008000ff9a (0xfc843703) ld      a4, -56(s0)
core   0: 3 0x000000008000ff9a (0xfc843703) x14 0x0000000080012040 mem 0x0000000080031f38
core   0: 0x000000008000ff9e (0xfb843783) ld      a5, -72(s0)
core   0: 3 0x000000008000ff9e (0xfb843783) x15 0x000000000000009c mem 0x0000000080031f28
core   0: 0x000000008000ffa2 (0x000097ba) c.add   a5, a4
core   0: 3 0x000000008000ffa2 (0x97ba) x15 0x00000000800120dc
core   0: 0x000000008000ffa4 (0xfe043703) ld      a4, -32(s0)
core   0: 3 0x000000008000ffa4 (0xfe043703) x14 0x0000000080012099 mem 0x0000000080031f50
core   0: 0x000000008000ffa8 (0xfcf76de3) bltu    a4, a5, pc - 38
core   0: 3 0x000000008000ffa8 (0xfcf76de3)
core   0: 0x000000008000ff82 (0xfe043783) ld      a5, -32(s0)
core   0: 3 0x000000008000ff82 (0xfe043783) x15 0x0000000080012099 mem 0x0000000080031f50
core   0: 0x000000008000ff86 (0x00178713) addi    a4, a5, 1
core   0: 3 0x000000008000ff86 (0x00178713) x14 0x000000008001209a
core   0: 0x000000008000ff8a (0xfee43023) sd      a4, -32(s0)
core   0: 3 0x000000008000ff8a (0xfee43023) mem 0x0000000080031f50 0x000000008001209a
core   0: 0x000000008000ff8e (0xfc442703) lw      a4, -60(s0)
core   0: 3 0x000000008000ff8e (0xfc442703) x14 0x0000000000000000 mem 0x0000000080031f34
core   0: 0x000000008000ff92 (0x0ff77713) andi    a4, a4, 255
core   0: 3 0x000000008000ff92 (0x0ff77713) x14 0x0000000000000000
core   0: 0x000000008000ff96 (0x00e78023) sb      a4, 0(a5)
core   0: 3 0x000000008000ff96 (0x00e78023) mem 0x0000000080012099 0x00
core   0: 0x000000008000ff9a (0xfc843703) ld      a4, -56(s0)
core   0: 3 0x000000008000ff9a (0xfc843703) x14 0x0000000080012040 mem 0x0000000080031f38
core   0: 0x000000008000ff9e (0xfb843783) ld      a5, -72(s0)
core   0: 3 0x000000008000ff9e (0xfb843783) x15 0x000000000000009c mem 0x0000000080031f28
core   0: 0x000000008000ffa2 (0x000097ba) c.add   a5, a4
core   0: 3 0x000000008000ffa2 (0x97ba) x15 0x00000000800120dc
core   0: 0x000000008000ffa4 (0xfe043703) ld      a4, -32(s0)
core   0: 3 0x000000008000ffa4 (0xfe043703) x14 0x000000008001209a mem 0x0000000080031f50
core   0: 0x000000008000ffa8 (0xfcf76de3) bltu    a4, a5, pc - 38
core   0: 3 0x000000008000ffa8 (0xfcf76de3)
core   0: 0x000000008000ff82 (0xfe043783) ld      a5, -32(s0)
core   0: 3 0x000000008000ff82 (0xfe043783) x15 0x000000008001209a mem 0x0000000080031f50
core   0: 0x000000008000ff86 (0x00178713) addi    a4, a5, 1
core   0: 3 0x000000008000ff86 (0x00178713) x14 0x000000008001209b
core   0: 0x000000008000ff8a (0xfee43023) sd      a4, -32(s0)
core   0: 3 0x000000008000ff8a (0xfee43023) mem 0x0000000080031f50 0x000000008001209b
core   0: 0x000000008000ff8e (0xfc442703) lw      a4, -60(s0)
core   0: 3 0x000000008000ff8e (0xfc442703) x14 0x0000000000000000 mem 0x0000000080031f34
core   0: 0x000000008000ff92 (0x0ff77713) andi    a4, a4, 255
core   0: 3 0x000000008000ff92 (0x0ff77713) x14 0x0000000000000000
core   0: 0x000000008000ff96 (0x00e78023) sb      a4, 0(a5)
core   0: 3 0x000000008000ff96 (0x00e78023) mem 0x000000008001209a 0x00
core   0: 0x000000008000ff9a (0xfc843703) ld      a4, -56(s0)
core   0: 3 0x000000008000ff9a (0xfc843703) x14 0x0000000080012040 mem 0x0000000080031f38
core   0: 0x000000008000ff9e (0xfb843783) ld      a5, -72(s0)
core   0: 3 0x000000008000ff9e (0xfb843783) x15 0x000000000000009c mem 0x0000000080031f28
core   0: 0x000000008000ffa2 (0x000097ba) c.add   a5, a4
core   0: 3 0x000000008000ffa2 (0x97ba) x15 0x00000000800120dc
core   0: 0x000000008000ffa4 (0xfe043703) ld      a4, -32(s0)
core   0: 3 0x000000008000ffa4 (0xfe043703) x14 0x000000008001209b mem 0x0000000080031f50
core   0: 0x000000008000ffa8 (0xfcf76de3) bltu    a4, a5, pc - 38
core   0: 3 0x000000008000ffa8 (0xfcf76de3)
core   0: 0x000000008000ff82 (0xfe043783) ld      a5, -32(s0)
core   0: 3 0x000000008000ff82 (0xfe043783) x15 0x000000008001209b mem 0x0000000080031f50
core   0: 0x000000008000ff86 (0x00178713) addi    a4, a5, 1
core   0: 3 0x000000008000ff86 (0x00178713) x14 0x000000008001209c
core   0: 0x000000008000ff8a (0xfee43023) sd      a4, -32(s0)
core   0: 3 0x000000008000ff8a (0xfee43023) mem 0x0000000080031f50 0x000000008001209c
core   0: 0x000000008000ff8e (0xfc442703) lw      a4, -60(s0)
core   0: 3 0x000000008000ff8e (0xfc442703) x14 0x0000000000000000 mem 0x0000000080031f34
core   0: 0x000000008000ff92 (0x0ff77713) andi    a4, a4, 255
core   0: 3 0x000000008000ff92 (0x0ff77713) x14 0x0000000000000000
core   0: 0x000000008000ff96 (0x00e78023) sb      a4, 0(a5)
core   0: 3 0x000000008000ff96 (0x00e78023) mem 0x000000008001209b 0x00
core   0: 0x000000008000ff9a (0xfc843703) ld      a4, -56(s0)
core   0: 3 0x000000008000ff9a (0xfc843703) x14 0x0000000080012040 mem 0x0000000080031f38
core   0: 0x000000008000ff9e (0xfb843783) ld      a5, -72(s0)
core   0: 3 0x000000008000ff9e (0xfb843783) x15 0x000000000000009c mem 0x0000000080031f28
core   0: 0x000000008000ffa2 (0x000097ba) c.add   a5, a4
core   0: 3 0x000000008000ffa2 (0x97ba) x15 0x00000000800120dc
core   0: 0x000000008000ffa4 (0xfe043703) ld      a4, -32(s0)
core   0: 3 0x000000008000ffa4 (0xfe043703) x14 0x000000008001209c mem 0x0000000080031f50
core   0: 0x000000008000ffa8 (0xfcf76de3) bltu    a4, a5, pc - 38
core   0: 3 0x000000008000ffa8 (0xfcf76de3)
core   0: 0x000000008000ff82 (0xfe043783) ld      a5, -32(s0)
core   0: 3 0x000000008000ff82 (0xfe043783) x15 0x000000008001209c mem 0x0000000080031f50
core   0: 0x000000008000ff86 (0x00178713) addi    a4, a5, 1
core   0: 3 0x000000008000ff86 (0x00178713) x14 0x000000008001209d
core   0: 0x000000008000ff8a (0xfee43023) sd      a4, -32(s0)
core   0: 3 0x000000008000ff8a (0xfee43023) mem 0x0000000080031f50 0x000000008001209d
core   0: 0x000000008000ff8e (0xfc442703) lw      a4, -60(s0)
core   0: 3 0x000000008000ff8e (0xfc442703) x14 0x0000000000000000 mem 0x0000000080031f34
core   0: 0x000000008000ff92 (0x0ff77713) andi    a4, a4, 255
core   0: 3 0x000000008000ff92 (0x0ff77713) x14 0x0000000000000000
core   0: 0x000000008000ff96 (0x00e78023) sb      a4, 0(a5)
core   0: 3 0x000000008000ff96 (0x00e78023) mem 0x000000008001209c 0x00
core   0: 0x000000008000ff9a (0xfc843703) ld      a4, -56(s0)
core   0: 3 0x000000008000ff9a (0xfc843703) x14 0x0000000080012040 mem 0x0000000080031f38
core   0: 0x000000008000ff9e (0xfb843783) ld      a5, -72(s0)
core   0: 3 0x000000008000ff9e (0xfb843783) x15 0x000000000000009c mem 0x0000000080031f28
core   0: 0x000000008000ffa2 (0x000097ba) c.add   a5, a4
core   0: 3 0x000000008000ffa2 (0x97ba) x15 0x00000000800120dc
core   0: 0x000000008000ffa4 (0xfe043703) ld      a4, -32(s0)
core   0: 3 0x000000008000ffa4 (0xfe043703) x14 0x000000008001209d mem 0x0000000080031f50
core   0: 0x000000008000ffa8 (0xfcf76de3) bltu    a4, a5, pc - 38
core   0: 3 0x000000008000ffa8 (0xfcf76de3)
core   0: 0x000000008000ff82 (0xfe043783) ld      a5, -32(s0)
core   0: 3 0x000000008000ff82 (0xfe043783) x15 0x000000008001209d mem 0x0000000080031f50
core   0: 0x000000008000ff86 (0x00178713) addi    a4, a5, 1
core   0: 3 0x000000008000ff86 (0x00178713) x14 0x000000008001209e
core   0: 0x000000008000ff8a (0xfee43023) sd      a4, -32(s0)
core   0: 3 0x000000008000ff8a (0xfee43023) mem 0x0000000080031f50 0x000000008001209e
core   0: 0x000000008000ff8e (0xfc442703) lw      a4, -60(s0)
core   0: 3 0x000000008000ff8e (0xfc442703) x14 0x0000000000000000 mem 0x0000000080031f34
core   0: 0x000000008000ff92 (0x0ff77713) andi    a4, a4, 255
core   0: 3 0x000000008000ff92 (0x0ff77713) x14 0x0000000000000000
core   0: 0x000000008000ff96 (0x00e78023) sb      a4, 0(a5)
core   0: 3 0x000000008000ff96 (0x00e78023) mem 0x000000008001209d 0x00
core   0: 0x000000008000ff9a (0xfc843703) ld      a4, -56(s0)
core   0: 3 0x000000008000ff9a (0xfc843703) x14 0x0000000080012040 mem 0x0000000080031f38
core   0: 0x000000008000ff9e (0xfb843783) ld      a5, -72(s0)
core   0: 3 0x000000008000ff9e (0xfb843783) x15 0x000000000000009c mem 0x0000000080031f28
core   0: 0x000000008000ffa2 (0x000097ba) c.add   a5, a4
core   0: 3 0x000000008000ffa2 (0x97ba) x15 0x00000000800120dc
core   0: 0x000000008000ffa4 (0xfe043703) ld      a4, -32(s0)
core   0: 3 0x000000008000ffa4 (0xfe043703) x14 0x000000008001209e mem 0x0000000080031f50
core   0: 0x000000008000ffa8 (0xfcf76de3) bltu    a4, a5, pc - 38
core   0: 3 0x000000008000ffa8 (0xfcf76de3)
core   0: 0x000000008000ff82 (0xfe043783) ld      a5, -32(s0)
core   0: 3 0x000000008000ff82 (0xfe043783) x15 0x000000008001209e mem 0x0000000080031f50
core   0: 0x000000008000ff86 (0x00178713) addi    a4, a5, 1
core   0: 3 0x000000008000ff86 (0x00178713) x14 0x000000008001209f
core   0: 0x000000008000ff8a (0xfee43023) sd      a4, -32(s0)
core   0: 3 0x000000008000ff8a (0xfee43023) mem 0x0000000080031f50 0x000000008001209f
core   0: 0x000000008000ff8e (0xfc442703) lw      a4, -60(s0)
core   0: 3 0x000000008000ff8e (0xfc442703) x14 0x0000000000000000 mem 0x0000000080031f34
core   0: 0x000000008000ff92 (0x0ff77713) andi    a4, a4, 255
core   0: 3 0x000000008000ff92 (0x0ff77713) x14 0x0000000000000000
core   0: 0x000000008000ff96 (0x00e78023) sb      a4, 0(a5)
core   0: 3 0x000000008000ff96 (0x00e78023) mem 0x000000008001209e 0x00
core   0: 0x000000008000ff9a (0xfc843703) ld      a4, -56(s0)
core   0: 3 0x000000008000ff9a (0xfc843703) x14 0x0000000080012040 mem 0x0000000080031f38
core   0: 0x000000008000ff9e (0xfb843783) ld      a5, -72(s0)
core   0: 3 0x000000008000ff9e (0xfb843783) x15 0x000000000000009c mem 0x0000000080031f28
core   0: 0x000000008000ffa2 (0x000097ba) c.add   a5, a4
core   0: 3 0x000000008000ffa2 (0x97ba) x15 0x00000000800120dc
core   0: 0x000000008000ffa4 (0xfe043703) ld      a4, -32(s0)
core   0: 3 0x000000008000ffa4 (0xfe043703) x14 0x000000008001209f mem 0x0000000080031f50
core   0: 0x000000008000ffa8 (0xfcf76de3) bltu    a4, a5, pc - 38
core   0: 3 0x000000008000ffa8 (0xfcf76de3)
core   0: 0x000000008000ff82 (0xfe043783) ld      a5, -32(s0)
core   0: 3 0x000000008000ff82 (0xfe043783) x15 0x000000008001209f mem 0x0000000080031f50
core   0: 0x000000008000ff86 (0x00178713) addi    a4, a5, 1
core   0: 3 0x000000008000ff86 (0x00178713) x14 0x00000000800120a0
core   0: 0x000000008000ff8a (0xfee43023) sd      a4, -32(s0)
core   0: 3 0x000000008000ff8a (0xfee43023) mem 0x0000000080031f50 0x00000000800120a0
core   0: 0x000000008000ff8e (0xfc442703) lw      a4, -60(s0)
core   0: 3 0x000000008000ff8e (0xfc442703) x14 0x0000000000000000 mem 0x0000000080031f34
core   0: 0x000000008000ff92 (0x0ff77713) andi    a4, a4, 255
core   0: 3 0x000000008000ff92 (0x0ff77713) x14 0x0000000000000000
core   0: 0x000000008000ff96 (0x00e78023) sb      a4, 0(a5)
core   0: 3 0x000000008000ff96 (0x00e78023) mem 0x000000008001209f 0x00
core   0: 0x000000008000ff9a (0xfc843703) ld      a4, -56(s0)
core   0: 3 0x000000008000ff9a (0xfc843703) x14 0x0000000080012040 mem 0x0000000080031f38
core   0: 0x000000008000ff9e (0xfb843783) ld      a5, -72(s0)
core   0: 3 0x000000008000ff9e (0xfb843783) x15 0x000000000000009c mem 0x0000000080031f28
core   0: 0x000000008000ffa2 (0x000097ba) c.add   a5, a4
core   0: 3 0x000000008000ffa2 (0x97ba) x15 0x00000000800120dc
core   0: 0x000000008000ffa4 (0xfe043703) ld      a4, -32(s0)
core   0: 3 0x000000008000ffa4 (0xfe043703) x14 0x00000000800120a0 mem 0x0000000080031f50
core   0: 0x000000008000ffa8 (0xfcf76de3) bltu    a4, a5, pc - 38
core   0: 3 0x000000008000ffa8 (0xfcf76de3)
core   0: 0x000000008000ff82 (0xfe043783) ld      a5, -32(s0)
core   0: 3 0x000000008000ff82 (0xfe043783) x15 0x00000000800120a0 mem 0x0000000080031f50
core   0: 0x000000008000ff86 (0x00178713) addi    a4, a5, 1
core   0: 3 0x000000008000ff86 (0x00178713) x14 0x00000000800120a1
core   0: 0x000000008000ff8a (0xfee43023) sd      a4, -32(s0)
core   0: 3 0x000000008000ff8a (0xfee43023) mem 0x0000000080031f50 0x00000000800120a1
core   0: 0x000000008000ff8e (0xfc442703) lw      a4, -60(s0)
core   0: 3 0x000000008000ff8e (0xfc442703) x14 0x0000000000000000 mem 0x0000000080031f34
core   0: 0x000000008000ff92 (0x0ff77713) andi    a4, a4, 255
core   0: 3 0x000000008000ff92 (0x0ff77713) x14 0x0000000000000000
core   0: 0x000000008000ff96 (0x00e78023) sb      a4, 0(a5)
core   0: 3 0x000000008000ff96 (0x00e78023) mem 0x00000000800120a0 0x00
core   0: 0x000000008000ff9a (0xfc843703) ld      a4, -56(s0)
core   0: 3 0x000000008000ff9a (0xfc843703) x14 0x0000000080012040 mem 0x0000000080031f38
core   0: 0x000000008000ff9e (0xfb843783) ld      a5, -72(s0)
core   0: 3 0x000000008000ff9e (0xfb843783) x15 0x000000000000009c mem 0x0000000080031f28
core   0: 0x000000008000ffa2 (0x000097ba) c.add   a5, a4
core   0: 3 0x000000008000ffa2 (0x97ba) x15 0x00000000800120dc
core   0: 0x000000008000ffa4 (0xfe043703) ld      a4, -32(s0)
core   0: 3 0x000000008000ffa4 (0xfe043703) x14 0x00000000800120a1 mem 0x0000000080031f50
core   0: 0x000000008000ffa8 (0xfcf76de3) bltu    a4, a5, pc - 38
core   0: 3 0x000000008000ffa8 (0xfcf76de3)
core   0: 0x000000008000ff82 (0xfe043783) ld      a5, -32(s0)
core   0: 3 0x000000008000ff82 (0xfe043783) x15 0x00000000800120a1 mem 0x0000000080031f50
core   0: 0x000000008000ff86 (0x00178713) addi    a4, a5, 1
core   0: 3 0x000000008000ff86 (0x00178713) x14 0x00000000800120a2
core   0: 0x000000008000ff8a (0xfee43023) sd      a4, -32(s0)
core   0: 3 0x000000008000ff8a (0xfee43023) mem 0x0000000080031f50 0x00000000800120a2
core   0: 0x000000008000ff8e (0xfc442703) lw      a4, -60(s0)
core   0: 3 0x000000008000ff8e (0xfc442703) x14 0x0000000000000000 mem 0x0000000080031f34
core   0: 0x000000008000ff92 (0x0ff77713) andi    a4, a4, 255
core   0: 3 0x000000008000ff92 (0x0ff77713) x14 0x0000000000000000
core   0: 0x000000008000ff96 (0x00e78023) sb      a4, 0(a5)
core   0: 3 0x000000008000ff96 (0x00e78023) mem 0x00000000800120a1 0x00
core   0: 0x000000008000ff9a (0xfc843703) ld      a4, -56(s0)
core   0: 3 0x000000008000ff9a (0xfc843703) x14 0x0000000080012040 mem 0x0000000080031f38
core   0: 0x000000008000ff9e (0xfb843783) ld      a5, -72(s0)
core   0: 3 0x000000008000ff9e (0xfb843783) x15 0x000000000000009c mem 0x0000000080031f28
core   0: 0x000000008000ffa2 (0x000097ba) c.add   a5, a4
core   0: 3 0x000000008000ffa2 (0x97ba) x15 0x00000000800120dc
core   0: 0x000000008000ffa4 (0xfe043703) ld      a4, -32(s0)
core   0: 3 0x000000008000ffa4 (0xfe043703) x14 0x00000000800120a2 mem 0x0000000080031f50
core   0: 0x000000008000ffa8 (0xfcf76de3) bltu    a4, a5, pc - 38
core   0: 3 0x000000008000ffa8 (0xfcf76de3)
core   0: 0x000000008000ff82 (0xfe043783) ld      a5, -32(s0)
core   0: 3 0x000000008000ff82 (0xfe043783) x15 0x00000000800120a2 mem 0x0000000080031f50
core   0: 0x000000008000ff86 (0x00178713) addi    a4, a5, 1
core   0: 3 0x000000008000ff86 (0x00178713) x14 0x00000000800120a3
core   0: 0x000000008000ff8a (0xfee43023) sd      a4, -32(s0)
core   0: 3 0x000000008000ff8a (0xfee43023) mem 0x0000000080031f50 0x00000000800120a3
core   0: 0x000000008000ff8e (0xfc442703) lw      a4, -60(s0)
core   0: 3 0x000000008000ff8e (0xfc442703) x14 0x0000000000000000 mem 0x0000000080031f34
core   0: 0x000000008000ff92 (0x0ff77713) andi    a4, a4, 255
core   0: 3 0x000000008000ff92 (0x0ff77713) x14 0x0000000000000000
core   0: 0x000000008000ff96 (0x00e78023) sb      a4, 0(a5)
core   0: 3 0x000000008000ff96 (0x00e78023) mem 0x00000000800120a2 0x00
core   0: 0x000000008000ff9a (0xfc843703) ld      a4, -56(s0)
core   0: 3 0x000000008000ff9a (0xfc843703) x14 0x0000000080012040 mem 0x0000000080031f38
core   0: 0x000000008000ff9e (0xfb843783) ld      a5, -72(s0)
core   0: 3 0x000000008000ff9e (0xfb843783) x15 0x000000000000009c mem 0x0000000080031f28
core   0: 0x000000008000ffa2 (0x000097ba) c.add   a5, a4
core   0: 3 0x000000008000ffa2 (0x97ba) x15 0x00000000800120dc
core   0: 0x000000008000ffa4 (0xfe043703) ld      a4, -32(s0)
core   0: 3 0x000000008000ffa4 (0xfe043703) x14 0x00000000800120a3 mem 0x0000000080031f50
core   0: 0x000000008000ffa8 (0xfcf76de3) bltu    a4, a5, pc - 38
core   0: 3 0x000000008000ffa8 (0xfcf76de3)
core   0: 0x000000008000ff82 (0xfe043783) ld      a5, -32(s0)
core   0: 3 0x000000008000ff82 (0xfe043783) x15 0x00000000800120a3 mem 0x0000000080031f50
core   0: 0x000000008000ff86 (0x00178713) addi    a4, a5, 1
core   0: 3 0x000000008000ff86 (0x00178713) x14 0x00000000800120a4
core   0: 0x000000008000ff8a (0xfee43023) sd      a4, -32(s0)
core   0: 3 0x000000008000ff8a (0xfee43023) mem 0x0000000080031f50 0x00000000800120a4
core   0: 0x000000008000ff8e (0xfc442703) lw      a4, -60(s0)
core   0: 3 0x000000008000ff8e (0xfc442703) x14 0x0000000000000000 mem 0x0000000080031f34
core   0: 0x000000008000ff92 (0x0ff77713) andi    a4, a4, 255
core   0: 3 0x000000008000ff92 (0x0ff77713) x14 0x0000000000000000
core   0: 0x000000008000ff96 (0x00e78023) sb      a4, 0(a5)
core   0: 3 0x000000008000ff96 (0x00e78023) mem 0x00000000800120a3 0x00
core   0: 0x000000008000ff9a (0xfc843703) ld      a4, -56(s0)
core   0: 3 0x000000008000ff9a (0xfc843703) x14 0x0000000080012040 mem 0x0000000080031f38
core   0: 0x000000008000ff9e (0xfb843783) ld      a5, -72(s0)
core   0: 3 0x000000008000ff9e (0xfb843783) x15 0x000000000000009c mem 0x0000000080031f28
core   0: 0x000000008000ffa2 (0x000097ba) c.add   a5, a4
core   0: 3 0x000000008000ffa2 (0x97ba) x15 0x00000000800120dc
core   0: 0x000000008000ffa4 (0xfe043703) ld      a4, -32(s0)
core   0: 3 0x000000008000ffa4 (0xfe043703) x14 0x00000000800120a4 mem 0x0000000080031f50
core   0: 0x000000008000ffa8 (0xfcf76de3) bltu    a4, a5, pc - 38
core   0: 3 0x000000008000ffa8 (0xfcf76de3)
core   0: 0x000000008000ff82 (0xfe043783) ld      a5, -32(s0)
core   0: 3 0x000000008000ff82 (0xfe043783) x15 0x00000000800120a4 mem 0x0000000080031f50
core   0: 0x000000008000ff86 (0x00178713) addi    a4, a5, 1
core   0: 3 0x000000008000ff86 (0x00178713) x14 0x00000000800120a5
core   0: 0x000000008000ff8a (0xfee43023) sd      a4, -32(s0)
core   0: 3 0x000000008000ff8a (0xfee43023) mem 0x0000000080031f50 0x00000000800120a5
core   0: 0x000000008000ff8e (0xfc442703) lw      a4, -60(s0)
core   0: 3 0x000000008000ff8e (0xfc442703) x14 0x0000000000000000 mem 0x0000000080031f34
core   0: 0x000000008000ff92 (0x0ff77713) andi    a4, a4, 255
core   0: 3 0x000000008000ff92 (0x0ff77713) x14 0x0000000000000000
core   0: 0x000000008000ff96 (0x00e78023) sb      a4, 0(a5)
core   0: 3 0x000000008000ff96 (0x00e78023) mem 0x00000000800120a4 0x00
core   0: 0x000000008000ff9a (0xfc843703) ld      a4, -56(s0)
core   0: 3 0x000000008000ff9a (0xfc843703) x14 0x0000000080012040 mem 0x0000000080031f38
core   0: 0x000000008000ff9e (0xfb843783) ld      a5, -72(s0)
core   0: 3 0x000000008000ff9e (0xfb843783) x15 0x000000000000009c mem 0x0000000080031f28
core   0: 0x000000008000ffa2 (0x000097ba) c.add   a5, a4
core   0: 3 0x000000008000ffa2 (0x97ba) x15 0x00000000800120dc
core   0: 0x000000008000ffa4 (0xfe043703) ld      a4, -32(s0)
core   0: 3 0x000000008000ffa4 (0xfe043703) x14 0x00000000800120a5 mem 0x0000000080031f50
core   0: 0x000000008000ffa8 (0xfcf76de3) bltu    a4, a5, pc - 38
core   0: 3 0x000000008000ffa8 (0xfcf76de3)
core   0: 0x000000008000ff82 (0xfe043783) ld      a5, -32(s0)
core   0: 3 0x000000008000ff82 (0xfe043783) x15 0x00000000800120a5 mem 0x0000000080031f50
core   0: 0x000000008000ff86 (0x00178713) addi    a4, a5, 1
core   0: 3 0x000000008000ff86 (0x00178713) x14 0x00000000800120a6
core   0: 0x000000008000ff8a (0xfee43023) sd      a4, -32(s0)
core   0: 3 0x000000008000ff8a (0xfee43023) mem 0x0000000080031f50 0x00000000800120a6
core   0: 0x000000008000ff8e (0xfc442703) lw      a4, -60(s0)
core   0: 3 0x000000008000ff8e (0xfc442703) x14 0x0000000000000000 mem 0x0000000080031f34
core   0: 0x000000008000ff92 (0x0ff77713) andi    a4, a4, 255
core   0: 3 0x000000008000ff92 (0x0ff77713) x14 0x0000000000000000
core   0: 0x000000008000ff96 (0x00e78023) sb      a4, 0(a5)
core   0: 3 0x000000008000ff96 (0x00e78023) mem 0x00000000800120a5 0x00
core   0: 0x000000008000ff9a (0xfc843703) ld      a4, -56(s0)
core   0: 3 0x000000008000ff9a (0xfc843703) x14 0x0000000080012040 mem 0x0000000080031f38
core   0: 0x000000008000ff9e (0xfb843783) ld      a5, -72(s0)
core   0: 3 0x000000008000ff9e (0xfb843783) x15 0x000000000000009c mem 0x0000000080031f28
core   0: 0x000000008000ffa2 (0x000097ba) c.add   a5, a4
core   0: 3 0x000000008000ffa2 (0x97ba) x15 0x00000000800120dc
core   0: 0x000000008000ffa4 (0xfe043703) ld      a4, -32(s0)
core   0: 3 0x000000008000ffa4 (0xfe043703) x14 0x00000000800120a6 mem 0x0000000080031f50
core   0: 0x000000008000ffa8 (0xfcf76de3) bltu    a4, a5, pc - 38
core   0: 3 0x000000008000ffa8 (0xfcf76de3)
core   0: 0x000000008000ff82 (0xfe043783) ld      a5, -32(s0)
core   0: 3 0x000000008000ff82 (0xfe043783) x15 0x00000000800120a6 mem 0x0000000080031f50
core   0: 0x000000008000ff86 (0x00178713) addi    a4, a5, 1
core   0: 3 0x000000008000ff86 (0x00178713) x14 0x00000000800120a7
core   0: 0x000000008000ff8a (0xfee43023) sd      a4, -32(s0)
core   0: 3 0x000000008000ff8a (0xfee43023) mem 0x0000000080031f50 0x00000000800120a7
core   0: 0x000000008000ff8e (0xfc442703) lw      a4, -60(s0)
core   0: 3 0x000000008000ff8e (0xfc442703) x14 0x0000000000000000 mem 0x0000000080031f34
core   0: 0x000000008000ff92 (0x0ff77713) andi    a4, a4, 255
core   0: 3 0x000000008000ff92 (0x0ff77713) x14 0x0000000000000000
core   0: 0x000000008000ff96 (0x00e78023) sb      a4, 0(a5)
core   0: 3 0x000000008000ff96 (0x00e78023) mem 0x00000000800120a6 0x00
core   0: 0x000000008000ff9a (0xfc843703) ld      a4, -56(s0)
core   0: 3 0x000000008000ff9a (0xfc843703) x14 0x0000000080012040 mem 0x0000000080031f38
core   0: 0x000000008000ff9e (0xfb843783) ld      a5, -72(s0)
core   0: 3 0x000000008000ff9e (0xfb843783) x15 0x000000000000009c mem 0x0000000080031f28
core   0: 0x000000008000ffa2 (0x000097ba) c.add   a5, a4
core   0: 3 0x000000008000ffa2 (0x97ba) x15 0x00000000800120dc
core   0: 0x000000008000ffa4 (0xfe043703) ld      a4, -32(s0)
core   0: 3 0x000000008000ffa4 (0xfe043703) x14 0x00000000800120a7 mem 0x0000000080031f50
core   0: 0x000000008000ffa8 (0xfcf76de3) bltu    a4, a5, pc - 38
core   0: 3 0x000000008000ffa8 (0xfcf76de3)
core   0: 0x000000008000ff82 (0xfe043783) ld      a5, -32(s0)
core   0: 3 0x000000008000ff82 (0xfe043783) x15 0x00000000800120a7 mem 0x0000000080031f50
core   0: 0x000000008000ff86 (0x00178713) addi    a4, a5, 1
core   0: 3 0x000000008000ff86 (0x00178713) x14 0x00000000800120a8
core   0: 0x000000008000ff8a (0xfee43023) sd      a4, -32(s0)
core   0: 3 0x000000008000ff8a (0xfee43023) mem 0x0000000080031f50 0x00000000800120a8
core   0: 0x000000008000ff8e (0xfc442703) lw      a4, -60(s0)
core   0: 3 0x000000008000ff8e (0xfc442703) x14 0x0000000000000000 mem 0x0000000080031f34
core   0: 0x000000008000ff92 (0x0ff77713) andi    a4, a4, 255
core   0: 3 0x000000008000ff92 (0x0ff77713) x14 0x0000000000000000
core   0: 0x000000008000ff96 (0x00e78023) sb      a4, 0(a5)
core   0: 3 0x000000008000ff96 (0x00e78023) mem 0x00000000800120a7 0x00
core   0: 0x000000008000ff9a (0xfc843703) ld      a4, -56(s0)
core   0: 3 0x000000008000ff9a (0xfc843703) x14 0x0000000080012040 mem 0x0000000080031f38
core   0: 0x000000008000ff9e (0xfb843783) ld      a5, -72(s0)
core   0: 3 0x000000008000ff9e (0xfb843783) x15 0x000000000000009c mem 0x0000000080031f28
core   0: 0x000000008000ffa2 (0x000097ba) c.add   a5, a4
core   0: 3 0x000000008000ffa2 (0x97ba) x15 0x00000000800120dc
core   0: 0x000000008000ffa4 (0xfe043703) ld      a4, -32(s0)
core   0: 3 0x000000008000ffa4 (0xfe043703) x14 0x00000000800120a8 mem 0x0000000080031f50
core   0: 0x000000008000ffa8 (0xfcf76de3) bltu    a4, a5, pc - 38
core   0: 3 0x000000008000ffa8 (0xfcf76de3)
core   0: 0x000000008000ff82 (0xfe043783) ld      a5, -32(s0)
core   0: 3 0x000000008000ff82 (0xfe043783) x15 0x00000000800120a8 mem 0x0000000080031f50
core   0: 0x000000008000ff86 (0x00178713) addi    a4, a5, 1
core   0: 3 0x000000008000ff86 (0x00178713) x14 0x00000000800120a9
core   0: 0x000000008000ff8a (0xfee43023) sd      a4, -32(s0)
core   0: 3 0x000000008000ff8a (0xfee43023) mem 0x0000000080031f50 0x00000000800120a9
core   0: 0x000000008000ff8e (0xfc442703) lw      a4, -60(s0)
core   0: 3 0x000000008000ff8e (0xfc442703) x14 0x0000000000000000 mem 0x0000000080031f34
core   0: 0x000000008000ff92 (0x0ff77713) andi    a4, a4, 255
core   0: 3 0x000000008000ff92 (0x0ff77713) x14 0x0000000000000000
core   0: 0x000000008000ff96 (0x00e78023) sb      a4, 0(a5)
core   0: 3 0x000000008000ff96 (0x00e78023) mem 0x00000000800120a8 0x00
core   0: 0x000000008000ff9a (0xfc843703) ld      a4, -56(s0)
core   0: 3 0x000000008000ff9a (0xfc843703) x14 0x0000000080012040 mem 0x0000000080031f38
core   0: 0x000000008000ff9e (0xfb843783) ld      a5, -72(s0)
core   0: 3 0x000000008000ff9e (0xfb843783) x15 0x000000000000009c mem 0x0000000080031f28
core   0: 0x000000008000ffa2 (0x000097ba) c.add   a5, a4
core   0: 3 0x000000008000ffa2 (0x97ba) x15 0x00000000800120dc
core   0: 0x000000008000ffa4 (0xfe043703) ld      a4, -32(s0)
core   0: 3 0x000000008000ffa4 (0xfe043703) x14 0x00000000800120a9 mem 0x0000000080031f50
core   0: 0x000000008000ffa8 (0xfcf76de3) bltu    a4, a5, pc - 38
core   0: 3 0x000000008000ffa8 (0xfcf76de3)
core   0: 0x000000008000ff82 (0xfe043783) ld      a5, -32(s0)
core   0: 3 0x000000008000ff82 (0xfe043783) x15 0x00000000800120a9 mem 0x0000000080031f50
core   0: 0x000000008000ff86 (0x00178713) addi    a4, a5, 1
core   0: 3 0x000000008000ff86 (0x00178713) x14 0x00000000800120aa
core   0: 0x000000008000ff8a (0xfee43023) sd      a4, -32(s0)
core   0: 3 0x000000008000ff8a (0xfee43023) mem 0x0000000080031f50 0x00000000800120aa
core   0: 0x000000008000ff8e (0xfc442703) lw      a4, -60(s0)
core   0: 3 0x000000008000ff8e (0xfc442703) x14 0x0000000000000000 mem 0x0000000080031f34
core   0: 0x000000008000ff92 (0x0ff77713) andi    a4, a4, 255
core   0: 3 0x000000008000ff92 (0x0ff77713) x14 0x0000000000000000
core   0: 0x000000008000ff96 (0x00e78023) sb      a4, 0(a5)
core   0: 3 0x000000008000ff96 (0x00e78023) mem 0x00000000800120a9 0x00
core   0: 0x000000008000ff9a (0xfc843703) ld      a4, -56(s0)
core   0: 3 0x000000008000ff9a (0xfc843703) x14 0x0000000080012040 mem 0x0000000080031f38
core   0: 0x000000008000ff9e (0xfb843783) ld      a5, -72(s0)
core   0: 3 0x000000008000ff9e (0xfb843783) x15 0x000000000000009c mem 0x0000000080031f28
core   0: 0x000000008000ffa2 (0x000097ba) c.add   a5, a4
core   0: 3 0x000000008000ffa2 (0x97ba) x15 0x00000000800120dc
core   0: 0x000000008000ffa4 (0xfe043703) ld      a4, -32(s0)
core   0: 3 0x000000008000ffa4 (0xfe043703) x14 0x00000000800120aa mem 0x0000000080031f50
core   0: 0x000000008000ffa8 (0xfcf76de3) bltu    a4, a5, pc - 38
core   0: 3 0x000000008000ffa8 (0xfcf76de3)
core   0: 0x000000008000ff82 (0xfe043783) ld      a5, -32(s0)
core   0: 3 0x000000008000ff82 (0xfe043783) x15 0x00000000800120aa mem 0x0000000080031f50
core   0: 0x000000008000ff86 (0x00178713) addi    a4, a5, 1
core   0: 3 0x000000008000ff86 (0x00178713) x14 0x00000000800120ab
core   0: 0x000000008000ff8a (0xfee43023) sd      a4, -32(s0)
core   0: 3 0x000000008000ff8a (0xfee43023) mem 0x0000000080031f50 0x00000000800120ab
core   0: 0x000000008000ff8e (0xfc442703) lw      a4, -60(s0)
core   0: 3 0x000000008000ff8e (0xfc442703) x14 0x0000000000000000 mem 0x0000000080031f34
core   0: 0x000000008000ff92 (0x0ff77713) andi    a4, a4, 255
core   0: 3 0x000000008000ff92 (0x0ff77713) x14 0x0000000000000000
core   0: 0x000000008000ff96 (0x00e78023) sb      a4, 0(a5)
core   0: 3 0x000000008000ff96 (0x00e78023) mem 0x00000000800120aa 0x00
core   0: 0x000000008000ff9a (0xfc843703) ld      a4, -56(s0)
core   0: 3 0x000000008000ff9a (0xfc843703) x14 0x0000000080012040 mem 0x0000000080031f38
core   0: 0x000000008000ff9e (0xfb843783) ld      a5, -72(s0)
core   0: 3 0x000000008000ff9e (0xfb843783) x15 0x000000000000009c mem 0x0000000080031f28
core   0: 0x000000008000ffa2 (0x000097ba) c.add   a5, a4
core   0: 3 0x000000008000ffa2 (0x97ba) x15 0x00000000800120dc
core   0: 0x000000008000ffa4 (0xfe043703) ld      a4, -32(s0)
core   0: 3 0x000000008000ffa4 (0xfe043703) x14 0x00000000800120ab mem 0x0000000080031f50
core   0: 0x000000008000ffa8 (0xfcf76de3) bltu    a4, a5, pc - 38
core   0: 3 0x000000008000ffa8 (0xfcf76de3)
core   0: 0x000000008000ff82 (0xfe043783) ld      a5, -32(s0)
core   0: 3 0x000000008000ff82 (0xfe043783) x15 0x00000000800120ab mem 0x0000000080031f50
core   0: 0x000000008000ff86 (0x00178713) addi    a4, a5, 1
core   0: 3 0x000000008000ff86 (0x00178713) x14 0x00000000800120ac
core   0: 0x000000008000ff8a (0xfee43023) sd      a4, -32(s0)
core   0: 3 0x000000008000ff8a (0xfee43023) mem 0x0000000080031f50 0x00000000800120ac
core   0: 0x000000008000ff8e (0xfc442703) lw      a4, -60(s0)
core   0: 3 0x000000008000ff8e (0xfc442703) x14 0x0000000000000000 mem 0x0000000080031f34
core   0: 0x000000008000ff92 (0x0ff77713) andi    a4, a4, 255
core   0: 3 0x000000008000ff92 (0x0ff77713) x14 0x0000000000000000
core   0: 0x000000008000ff96 (0x00e78023) sb      a4, 0(a5)
core   0: 3 0x000000008000ff96 (0x00e78023) mem 0x00000000800120ab 0x00
core   0: 0x000000008000ff9a (0xfc843703) ld      a4, -56(s0)
core   0: 3 0x000000008000ff9a (0xfc843703) x14 0x0000000080012040 mem 0x0000000080031f38
core   0: 0x000000008000ff9e (0xfb843783) ld      a5, -72(s0)
core   0: 3 0x000000008000ff9e (0xfb843783) x15 0x000000000000009c mem 0x0000000080031f28
core   0: 0x000000008000ffa2 (0x000097ba) c.add   a5, a4
core   0: 3 0x000000008000ffa2 (0x97ba) x15 0x00000000800120dc
core   0: 0x000000008000ffa4 (0xfe043703) ld      a4, -32(s0)
core   0: 3 0x000000008000ffa4 (0xfe043703) x14 0x00000000800120ac mem 0x0000000080031f50
core   0: 0x000000008000ffa8 (0xfcf76de3) bltu    a4, a5, pc - 38
core   0: 3 0x000000008000ffa8 (0xfcf76de3)
core   0: 0x000000008000ff82 (0xfe043783) ld      a5, -32(s0)
core   0: 3 0x000000008000ff82 (0xfe043783) x15 0x00000000800120ac mem 0x0000000080031f50
core   0: 0x000000008000ff86 (0x00178713) addi    a4, a5, 1
core   0: 3 0x000000008000ff86 (0x00178713) x14 0x00000000800120ad
core   0: 0x000000008000ff8a (0xfee43023) sd      a4, -32(s0)
core   0: 3 0x000000008000ff8a (0xfee43023) mem 0x0000000080031f50 0x00000000800120ad
core   0: 0x000000008000ff8e (0xfc442703) lw      a4, -60(s0)
core   0: 3 0x000000008000ff8e (0xfc442703) x14 0x0000000000000000 mem 0x0000000080031f34
core   0: 0x000000008000ff92 (0x0ff77713) andi    a4, a4, 255
core   0: 3 0x000000008000ff92 (0x0ff77713) x14 0x0000000000000000
core   0: 0x000000008000ff96 (0x00e78023) sb      a4, 0(a5)
core   0: 3 0x000000008000ff96 (0x00e78023) mem 0x00000000800120ac 0x00
core   0: 0x000000008000ff9a (0xfc843703) ld      a4, -56(s0)
core   0: 3 0x000000008000ff9a (0xfc843703) x14 0x0000000080012040 mem 0x0000000080031f38
core   0: 0x000000008000ff9e (0xfb843783) ld      a5, -72(s0)
core   0: 3 0x000000008000ff9e (0xfb843783) x15 0x000000000000009c mem 0x0000000080031f28
core   0: 0x000000008000ffa2 (0x000097ba) c.add   a5, a4
core   0: 3 0x000000008000ffa2 (0x97ba) x15 0x00000000800120dc
core   0: 0x000000008000ffa4 (0xfe043703) ld      a4, -32(s0)
core   0: 3 0x000000008000ffa4 (0xfe043703) x14 0x00000000800120ad mem 0x0000000080031f50
core   0: 0x000000008000ffa8 (0xfcf76de3) bltu    a4, a5, pc - 38
core   0: 3 0x000000008000ffa8 (0xfcf76de3)
core   0: 0x000000008000ff82 (0xfe043783) ld      a5, -32(s0)
core   0: 3 0x000000008000ff82 (0xfe043783) x15 0x00000000800120ad mem 0x0000000080031f50
core   0: 0x000000008000ff86 (0x00178713) addi    a4, a5, 1
core   0: 3 0x000000008000ff86 (0x00178713) x14 0x00000000800120ae
core   0: 0x000000008000ff8a (0xfee43023) sd      a4, -32(s0)
core   0: 3 0x000000008000ff8a (0xfee43023) mem 0x0000000080031f50 0x00000000800120ae
core   0: 0x000000008000ff8e (0xfc442703) lw      a4, -60(s0)
core   0: 3 0x000000008000ff8e (0xfc442703) x14 0x0000000000000000 mem 0x0000000080031f34
core   0: 0x000000008000ff92 (0x0ff77713) andi    a4, a4, 255
core   0: 3 0x000000008000ff92 (0x0ff77713) x14 0x0000000000000000
core   0: 0x000000008000ff96 (0x00e78023) sb      a4, 0(a5)
core   0: 3 0x000000008000ff96 (0x00e78023) mem 0x00000000800120ad 0x00
core   0: 0x000000008000ff9a (0xfc843703) ld      a4, -56(s0)
core   0: 3 0x000000008000ff9a (0xfc843703) x14 0x0000000080012040 mem 0x0000000080031f38
core   0: 0x000000008000ff9e (0xfb843783) ld      a5, -72(s0)
core   0: 3 0x000000008000ff9e (0xfb843783) x15 0x000000000000009c mem 0x0000000080031f28
core   0: 0x000000008000ffa2 (0x000097ba) c.add   a5, a4
core   0: 3 0x000000008000ffa2 (0x97ba) x15 0x00000000800120dc
core   0: 0x000000008000ffa4 (0xfe043703) ld      a4, -32(s0)
core   0: 3 0x000000008000ffa4 (0xfe043703) x14 0x00000000800120ae mem 0x0000000080031f50
core   0: 0x000000008000ffa8 (0xfcf76de3) bltu    a4, a5, pc - 38
core   0: 3 0x000000008000ffa8 (0xfcf76de3)
core   0: 0x000000008000ff82 (0xfe043783) ld      a5, -32(s0)
core   0: 3 0x000000008000ff82 (0xfe043783) x15 0x00000000800120ae mem 0x0000000080031f50
core   0: 0x000000008000ff86 (0x00178713) addi    a4, a5, 1
core   0: 3 0x000000008000ff86 (0x00178713) x14 0x00000000800120af
core   0: 0x000000008000ff8a (0xfee43023) sd      a4, -32(s0)
core   0: 3 0x000000008000ff8a (0xfee43023) mem 0x0000000080031f50 0x00000000800120af
core   0: 0x000000008000ff8e (0xfc442703) lw      a4, -60(s0)
core   0: 3 0x000000008000ff8e (0xfc442703) x14 0x0000000000000000 mem 0x0000000080031f34
core   0: 0x000000008000ff92 (0x0ff77713) andi    a4, a4, 255
core   0: 3 0x000000008000ff92 (0x0ff77713) x14 0x0000000000000000
core   0: 0x000000008000ff96 (0x00e78023) sb      a4, 0(a5)
core   0: 3 0x000000008000ff96 (0x00e78023) mem 0x00000000800120ae 0x00
core   0: 0x000000008000ff9a (0xfc843703) ld      a4, -56(s0)
core   0: 3 0x000000008000ff9a (0xfc843703) x14 0x0000000080012040 mem 0x0000000080031f38
core   0: 0x000000008000ff9e (0xfb843783) ld      a5, -72(s0)
core   0: 3 0x000000008000ff9e (0xfb843783) x15 0x000000000000009c mem 0x0000000080031f28
core   0: 0x000000008000ffa2 (0x000097ba) c.add   a5, a4
core   0: 3 0x000000008000ffa2 (0x97ba) x15 0x00000000800120dc
core   0: 0x000000008000ffa4 (0xfe043703) ld      a4, -32(s0)
core   0: 3 0x000000008000ffa4 (0xfe043703) x14 0x00000000800120af mem 0x0000000080031f50
core   0: 0x000000008000ffa8 (0xfcf76de3) bltu    a4, a5, pc - 38
core   0: 3 0x000000008000ffa8 (0xfcf76de3)
core   0: 0x000000008000ff82 (0xfe043783) ld      a5, -32(s0)
core   0: 3 0x000000008000ff82 (0xfe043783) x15 0x00000000800120af mem 0x0000000080031f50
core   0: 0x000000008000ff86 (0x00178713) addi    a4, a5, 1
core   0: 3 0x000000008000ff86 (0x00178713) x14 0x00000000800120b0
core   0: 0x000000008000ff8a (0xfee43023) sd      a4, -32(s0)
core   0: 3 0x000000008000ff8a (0xfee43023) mem 0x0000000080031f50 0x00000000800120b0
core   0: 0x000000008000ff8e (0xfc442703) lw      a4, -60(s0)
core   0: 3 0x000000008000ff8e (0xfc442703) x14 0x0000000000000000 mem 0x0000000080031f34
core   0: 0x000000008000ff92 (0x0ff77713) andi    a4, a4, 255
core   0: 3 0x000000008000ff92 (0x0ff77713) x14 0x0000000000000000
core   0: 0x000000008000ff96 (0x00e78023) sb      a4, 0(a5)
core   0: 3 0x000000008000ff96 (0x00e78023) mem 0x00000000800120af 0x00
core   0: 0x000000008000ff9a (0xfc843703) ld      a4, -56(s0)
core   0: 3 0x000000008000ff9a (0xfc843703) x14 0x0000000080012040 mem 0x0000000080031f38
core   0: 0x000000008000ff9e (0xfb843783) ld      a5, -72(s0)
core   0: 3 0x000000008000ff9e (0xfb843783) x15 0x000000000000009c mem 0x0000000080031f28
core   0: 0x000000008000ffa2 (0x000097ba) c.add   a5, a4
core   0: 3 0x000000008000ffa2 (0x97ba) x15 0x00000000800120dc
core   0: 0x000000008000ffa4 (0xfe043703) ld      a4, -32(s0)
core   0: 3 0x000000008000ffa4 (0xfe043703) x14 0x00000000800120b0 mem 0x0000000080031f50
core   0: 0x000000008000ffa8 (0xfcf76de3) bltu    a4, a5, pc - 38
core   0: 3 0x000000008000ffa8 (0xfcf76de3)
core   0: 0x000000008000ff82 (0xfe043783) ld      a5, -32(s0)
core   0: 3 0x000000008000ff82 (0xfe043783) x15 0x00000000800120b0 mem 0x0000000080031f50
core   0: 0x000000008000ff86 (0x00178713) addi    a4, a5, 1
core   0: 3 0x000000008000ff86 (0x00178713) x14 0x00000000800120b1
core   0: 0x000000008000ff8a (0xfee43023) sd      a4, -32(s0)
core   0: 3 0x000000008000ff8a (0xfee43023) mem 0x0000000080031f50 0x00000000800120b1
core   0: 0x000000008000ff8e (0xfc442703) lw      a4, -60(s0)
core   0: 3 0x000000008000ff8e (0xfc442703) x14 0x0000000000000000 mem 0x0000000080031f34
core   0: 0x000000008000ff92 (0x0ff77713) andi    a4, a4, 255
core   0: 3 0x000000008000ff92 (0x0ff77713) x14 0x0000000000000000
core   0: 0x000000008000ff96 (0x00e78023) sb      a4, 0(a5)
core   0: 3 0x000000008000ff96 (0x00e78023) mem 0x00000000800120b0 0x00
core   0: 0x000000008000ff9a (0xfc843703) ld      a4, -56(s0)
core   0: 3 0x000000008000ff9a (0xfc843703) x14 0x0000000080012040 mem 0x0000000080031f38
core   0: 0x000000008000ff9e (0xfb843783) ld      a5, -72(s0)
core   0: 3 0x000000008000ff9e (0xfb843783) x15 0x000000000000009c mem 0x0000000080031f28
core   0: 0x000000008000ffa2 (0x000097ba) c.add   a5, a4
core   0: 3 0x000000008000ffa2 (0x97ba) x15 0x00000000800120dc
core   0: 0x000000008000ffa4 (0xfe043703) ld      a4, -32(s0)
core   0: 3 0x000000008000ffa4 (0xfe043703) x14 0x00000000800120b1 mem 0x0000000080031f50
core   0: 0x000000008000ffa8 (0xfcf76de3) bltu    a4, a5, pc - 38
core   0: 3 0x000000008000ffa8 (0xfcf76de3)
core   0: 0x000000008000ff82 (0xfe043783) ld      a5, -32(s0)
core   0: 3 0x000000008000ff82 (0xfe043783) x15 0x00000000800120b1 mem 0x0000000080031f50
core   0: 0x000000008000ff86 (0x00178713) addi    a4, a5, 1
core   0: 3 0x000000008000ff86 (0x00178713) x14 0x00000000800120b2
core   0: 0x000000008000ff8a (0xfee43023) sd      a4, -32(s0)
core   0: 3 0x000000008000ff8a (0xfee43023) mem 0x0000000080031f50 0x00000000800120b2
core   0: 0x000000008000ff8e (0xfc442703) lw      a4, -60(s0)
core   0: 3 0x000000008000ff8e (0xfc442703) x14 0x0000000000000000 mem 0x0000000080031f34
core   0: 0x000000008000ff92 (0x0ff77713) andi    a4, a4, 255
core   0: 3 0x000000008000ff92 (0x0ff77713) x14 0x0000000000000000
core   0: 0x000000008000ff96 (0x00e78023) sb      a4, 0(a5)
core   0: 3 0x000000008000ff96 (0x00e78023) mem 0x00000000800120b1 0x00
core   0: 0x000000008000ff9a (0xfc843703) ld      a4, -56(s0)
core   0: 3 0x000000008000ff9a (0xfc843703) x14 0x0000000080012040 mem 0x0000000080031f38
core   0: 0x000000008000ff9e (0xfb843783) ld      a5, -72(s0)
core   0: 3 0x000000008000ff9e (0xfb843783) x15 0x000000000000009c mem 0x0000000080031f28
core   0: 0x000000008000ffa2 (0x000097ba) c.add   a5, a4
core   0: 3 0x000000008000ffa2 (0x97ba) x15 0x00000000800120dc
core   0: 0x000000008000ffa4 (0xfe043703) ld      a4, -32(s0)
core   0: 3 0x000000008000ffa4 (0xfe043703) x14 0x00000000800120b2 mem 0x0000000080031f50
core   0: 0x000000008000ffa8 (0xfcf76de3) bltu    a4, a5, pc - 38
core   0: 3 0x000000008000ffa8 (0xfcf76de3)
core   0: 0x000000008000ff82 (0xfe043783) ld      a5, -32(s0)
core   0: 3 0x000000008000ff82 (0xfe043783) x15 0x00000000800120b2 mem 0x0000000080031f50
core   0: 0x000000008000ff86 (0x00178713) addi    a4, a5, 1
core   0: 3 0x000000008000ff86 (0x00178713) x14 0x00000000800120b3
core   0: 0x000000008000ff8a (0xfee43023) sd      a4, -32(s0)
core   0: 3 0x000000008000ff8a (0xfee43023) mem 0x0000000080031f50 0x00000000800120b3
core   0: 0x000000008000ff8e (0xfc442703) lw      a4, -60(s0)
core   0: 3 0x000000008000ff8e (0xfc442703) x14 0x0000000000000000 mem 0x0000000080031f34
core   0: 0x000000008000ff92 (0x0ff77713) andi    a4, a4, 255
core   0: 3 0x000000008000ff92 (0x0ff77713) x14 0x0000000000000000
core   0: 0x000000008000ff96 (0x00e78023) sb      a4, 0(a5)
core   0: 3 0x000000008000ff96 (0x00e78023) mem 0x00000000800120b2 0x00
core   0: 0x000000008000ff9a (0xfc843703) ld      a4, -56(s0)
core   0: 3 0x000000008000ff9a (0xfc843703) x14 0x0000000080012040 mem 0x0000000080031f38
core   0: 0x000000008000ff9e (0xfb843783) ld      a5, -72(s0)
core   0: 3 0x000000008000ff9e (0xfb843783) x15 0x000000000000009c mem 0x0000000080031f28
core   0: 0x000000008000ffa2 (0x000097ba) c.add   a5, a4
core   0: 3 0x000000008000ffa2 (0x97ba) x15 0x00000000800120dc
core   0: 0x000000008000ffa4 (0xfe043703) ld      a4, -32(s0)
core   0: 3 0x000000008000ffa4 (0xfe043703) x14 0x00000000800120b3 mem 0x0000000080031f50
core   0: 0x000000008000ffa8 (0xfcf76de3) bltu    a4, a5, pc - 38
core   0: 3 0x000000008000ffa8 (0xfcf76de3)
core   0: 0x000000008000ff82 (0xfe043783) ld      a5, -32(s0)
core   0: 3 0x000000008000ff82 (0xfe043783) x15 0x00000000800120b3 mem 0x0000000080031f50
core   0: 0x000000008000ff86 (0x00178713) addi    a4, a5, 1
core   0: 3 0x000000008000ff86 (0x00178713) x14 0x00000000800120b4
core   0: 0x000000008000ff8a (0xfee43023) sd      a4, -32(s0)
core   0: 3 0x000000008000ff8a (0xfee43023) mem 0x0000000080031f50 0x00000000800120b4
core   0: 0x000000008000ff8e (0xfc442703) lw      a4, -60(s0)
core   0: 3 0x000000008000ff8e (0xfc442703) x14 0x0000000000000000 mem 0x0000000080031f34
core   0: 0x000000008000ff92 (0x0ff77713) andi    a4, a4, 255
core   0: 3 0x000000008000ff92 (0x0ff77713) x14 0x0000000000000000
core   0: 0x000000008000ff96 (0x00e78023) sb      a4, 0(a5)
core   0: 3 0x000000008000ff96 (0x00e78023) mem 0x00000000800120b3 0x00
core   0: 0x000000008000ff9a (0xfc843703) ld      a4, -56(s0)
core   0: 3 0x000000008000ff9a (0xfc843703) x14 0x0000000080012040 mem 0x0000000080031f38
core   0: 0x000000008000ff9e (0xfb843783) ld      a5, -72(s0)
core   0: 3 0x000000008000ff9e (0xfb843783) x15 0x000000000000009c mem 0x0000000080031f28
core   0: 0x000000008000ffa2 (0x000097ba) c.add   a5, a4
core   0: 3 0x000000008000ffa2 (0x97ba) x15 0x00000000800120dc
core   0: 0x000000008000ffa4 (0xfe043703) ld      a4, -32(s0)
core   0: 3 0x000000008000ffa4 (0xfe043703) x14 0x00000000800120b4 mem 0x0000000080031f50
core   0: 0x000000008000ffa8 (0xfcf76de3) bltu    a4, a5, pc - 38
core   0: 3 0x000000008000ffa8 (0xfcf76de3)
core   0: 0x000000008000ff82 (0xfe043783) ld      a5, -32(s0)
core   0: 3 0x000000008000ff82 (0xfe043783) x15 0x00000000800120b4 mem 0x0000000080031f50
core   0: 0x000000008000ff86 (0x00178713) addi    a4, a5, 1
core   0: 3 0x000000008000ff86 (0x00178713) x14 0x00000000800120b5
core   0: 0x000000008000ff8a (0xfee43023) sd      a4, -32(s0)
core   0: 3 0x000000008000ff8a (0xfee43023) mem 0x0000000080031f50 0x00000000800120b5
core   0: 0x000000008000ff8e (0xfc442703) lw      a4, -60(s0)
core   0: 3 0x000000008000ff8e (0xfc442703) x14 0x0000000000000000 mem 0x0000000080031f34
core   0: 0x000000008000ff92 (0x0ff77713) andi    a4, a4, 255
core   0: 3 0x000000008000ff92 (0x0ff77713) x14 0x0000000000000000
core   0: 0x000000008000ff96 (0x00e78023) sb      a4, 0(a5)
core   0: 3 0x000000008000ff96 (0x00e78023) mem 0x00000000800120b4 0x00
core   0: 0x000000008000ff9a (0xfc843703) ld      a4, -56(s0)
core   0: 3 0x000000008000ff9a (0xfc843703) x14 0x0000000080012040 mem 0x0000000080031f38
core   0: 0x000000008000ff9e (0xfb843783) ld      a5, -72(s0)
core   0: 3 0x000000008000ff9e (0xfb843783) x15 0x000000000000009c mem 0x0000000080031f28
core   0: 0x000000008000ffa2 (0x000097ba) c.add   a5, a4
core   0: 3 0x000000008000ffa2 (0x97ba) x15 0x00000000800120dc
core   0: 0x000000008000ffa4 (0xfe043703) ld      a4, -32(s0)
core   0: 3 0x000000008000ffa4 (0xfe043703) x14 0x00000000800120b5 mem 0x0000000080031f50
core   0: 0x000000008000ffa8 (0xfcf76de3) bltu    a4, a5, pc - 38
core   0: 3 0x000000008000ffa8 (0xfcf76de3)
core   0: 0x000000008000ff82 (0xfe043783) ld      a5, -32(s0)
core   0: 3 0x000000008000ff82 (0xfe043783) x15 0x00000000800120b5 mem 0x0000000080031f50
core   0: 0x000000008000ff86 (0x00178713) addi    a4, a5, 1
core   0: 3 0x000000008000ff86 (0x00178713) x14 0x00000000800120b6
core   0: 0x000000008000ff8a (0xfee43023) sd      a4, -32(s0)
core   0: 3 0x000000008000ff8a (0xfee43023) mem 0x0000000080031f50 0x00000000800120b6
core   0: 0x000000008000ff8e (0xfc442703) lw      a4, -60(s0)
core   0: 3 0x000000008000ff8e (0xfc442703) x14 0x0000000000000000 mem 0x0000000080031f34
core   0: 0x000000008000ff92 (0x0ff77713) andi    a4, a4, 255
core   0: 3 0x000000008000ff92 (0x0ff77713) x14 0x0000000000000000
core   0: 0x000000008000ff96 (0x00e78023) sb      a4, 0(a5)
core   0: 3 0x000000008000ff96 (0x00e78023) mem 0x00000000800120b5 0x00
core   0: 0x000000008000ff9a (0xfc843703) ld      a4, -56(s0)
core   0: 3 0x000000008000ff9a (0xfc843703) x14 0x0000000080012040 mem 0x0000000080031f38
core   0: 0x000000008000ff9e (0xfb843783) ld      a5, -72(s0)
core   0: 3 0x000000008000ff9e (0xfb843783) x15 0x000000000000009c mem 0x0000000080031f28
core   0: 0x000000008000ffa2 (0x000097ba) c.add   a5, a4
core   0: 3 0x000000008000ffa2 (0x97ba) x15 0x00000000800120dc
core   0: 0x000000008000ffa4 (0xfe043703) ld      a4, -32(s0)
core   0: 3 0x000000008000ffa4 (0xfe043703) x14 0x00000000800120b6 mem 0x0000000080031f50
core   0: 0x000000008000ffa8 (0xfcf76de3) bltu    a4, a5, pc - 38
core   0: 3 0x000000008000ffa8 (0xfcf76de3)
core   0: 0x000000008000ff82 (0xfe043783) ld      a5, -32(s0)
core   0: 3 0x000000008000ff82 (0xfe043783) x15 0x00000000800120b6 mem 0x0000000080031f50
core   0: 0x000000008000ff86 (0x00178713) addi    a4, a5, 1
core   0: 3 0x000000008000ff86 (0x00178713) x14 0x00000000800120b7
core   0: 0x000000008000ff8a (0xfee43023) sd      a4, -32(s0)
core   0: 3 0x000000008000ff8a (0xfee43023) mem 0x0000000080031f50 0x00000000800120b7
core   0: 0x000000008000ff8e (0xfc442703) lw      a4, -60(s0)
core   0: 3 0x000000008000ff8e (0xfc442703) x14 0x0000000000000000 mem 0x0000000080031f34
core   0: 0x000000008000ff92 (0x0ff77713) andi    a4, a4, 255
core   0: 3 0x000000008000ff92 (0x0ff77713) x14 0x0000000000000000
core   0: 0x000000008000ff96 (0x00e78023) sb      a4, 0(a5)
core   0: 3 0x000000008000ff96 (0x00e78023) mem 0x00000000800120b6 0x00
core   0: 0x000000008000ff9a (0xfc843703) ld      a4, -56(s0)
core   0: 3 0x000000008000ff9a (0xfc843703) x14 0x0000000080012040 mem 0x0000000080031f38
core   0: 0x000000008000ff9e (0xfb843783) ld      a5, -72(s0)
core   0: 3 0x000000008000ff9e (0xfb843783) x15 0x000000000000009c mem 0x0000000080031f28
core   0: 0x000000008000ffa2 (0x000097ba) c.add   a5, a4
core   0: 3 0x000000008000ffa2 (0x97ba) x15 0x00000000800120dc
core   0: 0x000000008000ffa4 (0xfe043703) ld      a4, -32(s0)
core   0: 3 0x000000008000ffa4 (0xfe043703) x14 0x00000000800120b7 mem 0x0000000080031f50
core   0: 0x000000008000ffa8 (0xfcf76de3) bltu    a4, a5, pc - 38
core   0: 3 0x000000008000ffa8 (0xfcf76de3)
core   0: 0x000000008000ff82 (0xfe043783) ld      a5, -32(s0)
core   0: 3 0x000000008000ff82 (0xfe043783) x15 0x00000000800120b7 mem 0x0000000080031f50
core   0: 0x000000008000ff86 (0x00178713) addi    a4, a5, 1
core   0: 3 0x000000008000ff86 (0x00178713) x14 0x00000000800120b8
core   0: 0x000000008000ff8a (0xfee43023) sd      a4, -32(s0)
core   0: 3 0x000000008000ff8a (0xfee43023) mem 0x0000000080031f50 0x00000000800120b8
core   0: 0x000000008000ff8e (0xfc442703) lw      a4, -60(s0)
core   0: 3 0x000000008000ff8e (0xfc442703) x14 0x0000000000000000 mem 0x0000000080031f34
core   0: 0x000000008000ff92 (0x0ff77713) andi    a4, a4, 255
core   0: 3 0x000000008000ff92 (0x0ff77713) x14 0x0000000000000000
core   0: 0x000000008000ff96 (0x00e78023) sb      a4, 0(a5)
core   0: 3 0x000000008000ff96 (0x00e78023) mem 0x00000000800120b7 0x00
core   0: 0x000000008000ff9a (0xfc843703) ld      a4, -56(s0)
core   0: 3 0x000000008000ff9a (0xfc843703) x14 0x0000000080012040 mem 0x0000000080031f38
core   0: 0x000000008000ff9e (0xfb843783) ld      a5, -72(s0)
core   0: 3 0x000000008000ff9e (0xfb843783) x15 0x000000000000009c mem 0x0000000080031f28
core   0: 0x000000008000ffa2 (0x000097ba) c.add   a5, a4
core   0: 3 0x000000008000ffa2 (0x97ba) x15 0x00000000800120dc
core   0: 0x000000008000ffa4 (0xfe043703) ld      a4, -32(s0)
core   0: 3 0x000000008000ffa4 (0xfe043703) x14 0x00000000800120b8 mem 0x0000000080031f50
core   0: 0x000000008000ffa8 (0xfcf76de3) bltu    a4, a5, pc - 38
core   0: 3 0x000000008000ffa8 (0xfcf76de3)
core   0: 0x000000008000ff82 (0xfe043783) ld      a5, -32(s0)
core   0: 3 0x000000008000ff82 (0xfe043783) x15 0x00000000800120b8 mem 0x0000000080031f50
core   0: 0x000000008000ff86 (0x00178713) addi    a4, a5, 1
core   0: 3 0x000000008000ff86 (0x00178713) x14 0x00000000800120b9
core   0: 0x000000008000ff8a (0xfee43023) sd      a4, -32(s0)
core   0: 3 0x000000008000ff8a (0xfee43023) mem 0x0000000080031f50 0x00000000800120b9
core   0: 0x000000008000ff8e (0xfc442703) lw      a4, -60(s0)
core   0: 3 0x000000008000ff8e (0xfc442703) x14 0x0000000000000000 mem 0x0000000080031f34
core   0: 0x000000008000ff92 (0x0ff77713) andi    a4, a4, 255
core   0: 3 0x000000008000ff92 (0x0ff77713) x14 0x0000000000000000
core   0: 0x000000008000ff96 (0x00e78023) sb      a4, 0(a5)
core   0: 3 0x000000008000ff96 (0x00e78023) mem 0x00000000800120b8 0x00
core   0: 0x000000008000ff9a (0xfc843703) ld      a4, -56(s0)
core   0: 3 0x000000008000ff9a (0xfc843703) x14 0x0000000080012040 mem 0x0000000080031f38
core   0: 0x000000008000ff9e (0xfb843783) ld      a5, -72(s0)
core   0: 3 0x000000008000ff9e (0xfb843783) x15 0x000000000000009c mem 0x0000000080031f28
core   0: 0x000000008000ffa2 (0x000097ba) c.add   a5, a4
core   0: 3 0x000000008000ffa2 (0x97ba) x15 0x00000000800120dc
core   0: 0x000000008000ffa4 (0xfe043703) ld      a4, -32(s0)
core   0: 3 0x000000008000ffa4 (0xfe043703) x14 0x00000000800120b9 mem 0x0000000080031f50
core   0: 0x000000008000ffa8 (0xfcf76de3) bltu    a4, a5, pc - 38
core   0: 3 0x000000008000ffa8 (0xfcf76de3)
core   0: 0x000000008000ff82 (0xfe043783) ld      a5, -32(s0)
core   0: 3 0x000000008000ff82 (0xfe043783) x15 0x00000000800120b9 mem 0x0000000080031f50
core   0: 0x000000008000ff86 (0x00178713) addi    a4, a5, 1
core   0: 3 0x000000008000ff86 (0x00178713) x14 0x00000000800120ba
core   0: 0x000000008000ff8a (0xfee43023) sd      a4, -32(s0)
core   0: 3 0x000000008000ff8a (0xfee43023) mem 0x0000000080031f50 0x00000000800120ba
core   0: 0x000000008000ff8e (0xfc442703) lw      a4, -60(s0)
core   0: 3 0x000000008000ff8e (0xfc442703) x14 0x0000000000000000 mem 0x0000000080031f34
core   0: 0x000000008000ff92 (0x0ff77713) andi    a4, a4, 255
core   0: 3 0x000000008000ff92 (0x0ff77713) x14 0x0000000000000000
core   0: 0x000000008000ff96 (0x00e78023) sb      a4, 0(a5)
core   0: 3 0x000000008000ff96 (0x00e78023) mem 0x00000000800120b9 0x00
core   0: 0x000000008000ff9a (0xfc843703) ld      a4, -56(s0)
core   0: 3 0x000000008000ff9a (0xfc843703) x14 0x0000000080012040 mem 0x0000000080031f38
core   0: 0x000000008000ff9e (0xfb843783) ld      a5, -72(s0)
core   0: 3 0x000000008000ff9e (0xfb843783) x15 0x000000000000009c mem 0x0000000080031f28
core   0: 0x000000008000ffa2 (0x000097ba) c.add   a5, a4
core   0: 3 0x000000008000ffa2 (0x97ba) x15 0x00000000800120dc
core   0: 0x000000008000ffa4 (0xfe043703) ld      a4, -32(s0)
core   0: 3 0x000000008000ffa4 (0xfe043703) x14 0x00000000800120ba mem 0x0000000080031f50
core   0: 0x000000008000ffa8 (0xfcf76de3) bltu    a4, a5, pc - 38
core   0: 3 0x000000008000ffa8 (0xfcf76de3)
core   0: 0x000000008000ff82 (0xfe043783) ld      a5, -32(s0)
core   0: 3 0x000000008000ff82 (0xfe043783) x15 0x00000000800120ba mem 0x0000000080031f50
core   0: 0x000000008000ff86 (0x00178713) addi    a4, a5, 1
core   0: 3 0x000000008000ff86 (0x00178713) x14 0x00000000800120bb
core   0: 0x000000008000ff8a (0xfee43023) sd      a4, -32(s0)
core   0: 3 0x000000008000ff8a (0xfee43023) mem 0x0000000080031f50 0x00000000800120bb
core   0: 0x000000008000ff8e (0xfc442703) lw      a4, -60(s0)
core   0: 3 0x000000008000ff8e (0xfc442703) x14 0x0000000000000000 mem 0x0000000080031f34
core   0: 0x000000008000ff92 (0x0ff77713) andi    a4, a4, 255
core   0: 3 0x000000008000ff92 (0x0ff77713) x14 0x0000000000000000
core   0: 0x000000008000ff96 (0x00e78023) sb      a4, 0(a5)
core   0: 3 0x000000008000ff96 (0x00e78023) mem 0x00000000800120ba 0x00
core   0: 0x000000008000ff9a (0xfc843703) ld      a4, -56(s0)
core   0: 3 0x000000008000ff9a (0xfc843703) x14 0x0000000080012040 mem 0x0000000080031f38
core   0: 0x000000008000ff9e (0xfb843783) ld      a5, -72(s0)
core   0: 3 0x000000008000ff9e (0xfb843783) x15 0x000000000000009c mem 0x0000000080031f28
core   0: 0x000000008000ffa2 (0x000097ba) c.add   a5, a4
core   0: 3 0x000000008000ffa2 (0x97ba) x15 0x00000000800120dc
core   0: 0x000000008000ffa4 (0xfe043703) ld      a4, -32(s0)
core   0: 3 0x000000008000ffa4 (0xfe043703) x14 0x00000000800120bb mem 0x0000000080031f50
core   0: 0x000000008000ffa8 (0xfcf76de3) bltu    a4, a5, pc - 38
core   0: 3 0x000000008000ffa8 (0xfcf76de3)
core   0: 0x000000008000ff82 (0xfe043783) ld      a5, -32(s0)
core   0: 3 0x000000008000ff82 (0xfe043783) x15 0x00000000800120bb mem 0x0000000080031f50
core   0: 0x000000008000ff86 (0x00178713) addi    a4, a5, 1
core   0: 3 0x000000008000ff86 (0x00178713) x14 0x00000000800120bc
core   0: 0x000000008000ff8a (0xfee43023) sd      a4, -32(s0)
core   0: 3 0x000000008000ff8a (0xfee43023) mem 0x0000000080031f50 0x00000000800120bc
core   0: 0x000000008000ff8e (0xfc442703) lw      a4, -60(s0)
core   0: 3 0x000000008000ff8e (0xfc442703) x14 0x0000000000000000 mem 0x0000000080031f34
core   0: 0x000000008000ff92 (0x0ff77713) andi    a4, a4, 255
core   0: 3 0x000000008000ff92 (0x0ff77713) x14 0x0000000000000000
core   0: 0x000000008000ff96 (0x00e78023) sb      a4, 0(a5)
core   0: 3 0x000000008000ff96 (0x00e78023) mem 0x00000000800120bb 0x00
core   0: 0x000000008000ff9a (0xfc843703) ld      a4, -56(s0)
core   0: 3 0x000000008000ff9a (0xfc843703) x14 0x0000000080012040 mem 0x0000000080031f38
core   0: 0x000000008000ff9e (0xfb843783) ld      a5, -72(s0)
core   0: 3 0x000000008000ff9e (0xfb843783) x15 0x000000000000009c mem 0x0000000080031f28
core   0: 0x000000008000ffa2 (0x000097ba) c.add   a5, a4
core   0: 3 0x000000008000ffa2 (0x97ba) x15 0x00000000800120dc
core   0: 0x000000008000ffa4 (0xfe043703) ld      a4, -32(s0)
core   0: 3 0x000000008000ffa4 (0xfe043703) x14 0x00000000800120bc mem 0x0000000080031f50
core   0: 0x000000008000ffa8 (0xfcf76de3) bltu    a4, a5, pc - 38
core   0: 3 0x000000008000ffa8 (0xfcf76de3)
core   0: 0x000000008000ff82 (0xfe043783) ld      a5, -32(s0)
core   0: 3 0x000000008000ff82 (0xfe043783) x15 0x00000000800120bc mem 0x0000000080031f50
core   0: 0x000000008000ff86 (0x00178713) addi    a4, a5, 1
core   0: 3 0x000000008000ff86 (0x00178713) x14 0x00000000800120bd
core   0: 0x000000008000ff8a (0xfee43023) sd      a4, -32(s0)
core   0: 3 0x000000008000ff8a (0xfee43023) mem 0x0000000080031f50 0x00000000800120bd
core   0: 0x000000008000ff8e (0xfc442703) lw      a4, -60(s0)
core   0: 3 0x000000008000ff8e (0xfc442703) x14 0x0000000000000000 mem 0x0000000080031f34
core   0: 0x000000008000ff92 (0x0ff77713) andi    a4, a4, 255
core   0: 3 0x000000008000ff92 (0x0ff77713) x14 0x0000000000000000
core   0: 0x000000008000ff96 (0x00e78023) sb      a4, 0(a5)
core   0: 3 0x000000008000ff96 (0x00e78023) mem 0x00000000800120bc 0x00
core   0: 0x000000008000ff9a (0xfc843703) ld      a4, -56(s0)
core   0: 3 0x000000008000ff9a (0xfc843703) x14 0x0000000080012040 mem 0x0000000080031f38
core   0: 0x000000008000ff9e (0xfb843783) ld      a5, -72(s0)
core   0: 3 0x000000008000ff9e (0xfb843783) x15 0x000000000000009c mem 0x0000000080031f28
core   0: 0x000000008000ffa2 (0x000097ba) c.add   a5, a4
core   0: 3 0x000000008000ffa2 (0x97ba) x15 0x00000000800120dc
core   0: 0x000000008000ffa4 (0xfe043703) ld      a4, -32(s0)
core   0: 3 0x000000008000ffa4 (0xfe043703) x14 0x00000000800120bd mem 0x0000000080031f50
core   0: 0x000000008000ffa8 (0xfcf76de3) bltu    a4, a5, pc - 38
core   0: 3 0x000000008000ffa8 (0xfcf76de3)
core   0: 0x000000008000ff82 (0xfe043783) ld      a5, -32(s0)
core   0: 3 0x000000008000ff82 (0xfe043783) x15 0x00000000800120bd mem 0x0000000080031f50
core   0: 0x000000008000ff86 (0x00178713) addi    a4, a5, 1
core   0: 3 0x000000008000ff86 (0x00178713) x14 0x00000000800120be
core   0: 0x000000008000ff8a (0xfee43023) sd      a4, -32(s0)
core   0: 3 0x000000008000ff8a (0xfee43023) mem 0x0000000080031f50 0x00000000800120be
core   0: 0x000000008000ff8e (0xfc442703) lw      a4, -60(s0)
core   0: 3 0x000000008000ff8e (0xfc442703) x14 0x0000000000000000 mem 0x0000000080031f34
core   0: 0x000000008000ff92 (0x0ff77713) andi    a4, a4, 255
core   0: 3 0x000000008000ff92 (0x0ff77713) x14 0x0000000000000000
core   0: 0x000000008000ff96 (0x00e78023) sb      a4, 0(a5)
core   0: 3 0x000000008000ff96 (0x00e78023) mem 0x00000000800120bd 0x00
core   0: 0x000000008000ff9a (0xfc843703) ld      a4, -56(s0)
core   0: 3 0x000000008000ff9a (0xfc843703) x14 0x0000000080012040 mem 0x0000000080031f38
core   0: 0x000000008000ff9e (0xfb843783) ld      a5, -72(s0)
core   0: 3 0x000000008000ff9e (0xfb843783) x15 0x000000000000009c mem 0x0000000080031f28
core   0: 0x000000008000ffa2 (0x000097ba) c.add   a5, a4
core   0: 3 0x000000008000ffa2 (0x97ba) x15 0x00000000800120dc
core   0: 0x000000008000ffa4 (0xfe043703) ld      a4, -32(s0)
core   0: 3 0x000000008000ffa4 (0xfe043703) x14 0x00000000800120be mem 0x0000000080031f50
core   0: 0x000000008000ffa8 (0xfcf76de3) bltu    a4, a5, pc - 38
core   0: 3 0x000000008000ffa8 (0xfcf76de3)
core   0: 0x000000008000ff82 (0xfe043783) ld      a5, -32(s0)
core   0: 3 0x000000008000ff82 (0xfe043783) x15 0x00000000800120be mem 0x0000000080031f50
core   0: 0x000000008000ff86 (0x00178713) addi    a4, a5, 1
core   0: 3 0x000000008000ff86 (0x00178713) x14 0x00000000800120bf
core   0: 0x000000008000ff8a (0xfee43023) sd      a4, -32(s0)
core   0: 3 0x000000008000ff8a (0xfee43023) mem 0x0000000080031f50 0x00000000800120bf
core   0: 0x000000008000ff8e (0xfc442703) lw      a4, -60(s0)
core   0: 3 0x000000008000ff8e (0xfc442703) x14 0x0000000000000000 mem 0x0000000080031f34
core   0: 0x000000008000ff92 (0x0ff77713) andi    a4, a4, 255
core   0: 3 0x000000008000ff92 (0x0ff77713) x14 0x0000000000000000
core   0: 0x000000008000ff96 (0x00e78023) sb      a4, 0(a5)
core   0: 3 0x000000008000ff96 (0x00e78023) mem 0x00000000800120be 0x00
core   0: 0x000000008000ff9a (0xfc843703) ld      a4, -56(s0)
core   0: 3 0x000000008000ff9a (0xfc843703) x14 0x0000000080012040 mem 0x0000000080031f38
core   0: 0x000000008000ff9e (0xfb843783) ld      a5, -72(s0)
core   0: 3 0x000000008000ff9e (0xfb843783) x15 0x000000000000009c mem 0x0000000080031f28
core   0: 0x000000008000ffa2 (0x000097ba) c.add   a5, a4
core   0: 3 0x000000008000ffa2 (0x97ba) x15 0x00000000800120dc
core   0: 0x000000008000ffa4 (0xfe043703) ld      a4, -32(s0)
core   0: 3 0x000000008000ffa4 (0xfe043703) x14 0x00000000800120bf mem 0x0000000080031f50
core   0: 0x000000008000ffa8 (0xfcf76de3) bltu    a4, a5, pc - 38
core   0: 3 0x000000008000ffa8 (0xfcf76de3)
core   0: 0x000000008000ff82 (0xfe043783) ld      a5, -32(s0)
core   0: 3 0x000000008000ff82 (0xfe043783) x15 0x00000000800120bf mem 0x0000000080031f50
core   0: 0x000000008000ff86 (0x00178713) addi    a4, a5, 1
core   0: 3 0x000000008000ff86 (0x00178713) x14 0x00000000800120c0
core   0: 0x000000008000ff8a (0xfee43023) sd      a4, -32(s0)
core   0: 3 0x000000008000ff8a (0xfee43023) mem 0x0000000080031f50 0x00000000800120c0
core   0: 0x000000008000ff8e (0xfc442703) lw      a4, -60(s0)
core   0: 3 0x000000008000ff8e (0xfc442703) x14 0x0000000000000000 mem 0x0000000080031f34
core   0: 0x000000008000ff92 (0x0ff77713) andi    a4, a4, 255
core   0: 3 0x000000008000ff92 (0x0ff77713) x14 0x0000000000000000
core   0: 0x000000008000ff96 (0x00e78023) sb      a4, 0(a5)
core   0: 3 0x000000008000ff96 (0x00e78023) mem 0x00000000800120bf 0x00
core   0: 0x000000008000ff9a (0xfc843703) ld      a4, -56(s0)
core   0: 3 0x000000008000ff9a (0xfc843703) x14 0x0000000080012040 mem 0x0000000080031f38
core   0: 0x000000008000ff9e (0xfb843783) ld      a5, -72(s0)
core   0: 3 0x000000008000ff9e (0xfb843783) x15 0x000000000000009c mem 0x0000000080031f28
core   0: 0x000000008000ffa2 (0x000097ba) c.add   a5, a4
core   0: 3 0x000000008000ffa2 (0x97ba) x15 0x00000000800120dc
core   0: 0x000000008000ffa4 (0xfe043703) ld      a4, -32(s0)
core   0: 3 0x000000008000ffa4 (0xfe043703) x14 0x00000000800120c0 mem 0x0000000080031f50
core   0: 0x000000008000ffa8 (0xfcf76de3) bltu    a4, a5, pc - 38
core   0: 3 0x000000008000ffa8 (0xfcf76de3)
core   0: 0x000000008000ff82 (0xfe043783) ld      a5, -32(s0)
core   0: 3 0x000000008000ff82 (0xfe043783) x15 0x00000000800120c0 mem 0x0000000080031f50
core   0: 0x000000008000ff86 (0x00178713) addi    a4, a5, 1
core   0: 3 0x000000008000ff86 (0x00178713) x14 0x00000000800120c1
core   0: 0x000000008000ff8a (0xfee43023) sd      a4, -32(s0)
core   0: 3 0x000000008000ff8a (0xfee43023) mem 0x0000000080031f50 0x00000000800120c1
core   0: 0x000000008000ff8e (0xfc442703) lw      a4, -60(s0)
core   0: 3 0x000000008000ff8e (0xfc442703) x14 0x0000000000000000 mem 0x0000000080031f34
core   0: 0x000000008000ff92 (0x0ff77713) andi    a4, a4, 255
core   0: 3 0x000000008000ff92 (0x0ff77713) x14 0x0000000000000000
core   0: 0x000000008000ff96 (0x00e78023) sb      a4, 0(a5)
core   0: 3 0x000000008000ff96 (0x00e78023) mem 0x00000000800120c0 0x00
core   0: 0x000000008000ff9a (0xfc843703) ld      a4, -56(s0)
core   0: 3 0x000000008000ff9a (0xfc843703) x14 0x0000000080012040 mem 0x0000000080031f38
core   0: 0x000000008000ff9e (0xfb843783) ld      a5, -72(s0)
core   0: 3 0x000000008000ff9e (0xfb843783) x15 0x000000000000009c mem 0x0000000080031f28
core   0: 0x000000008000ffa2 (0x000097ba) c.add   a5, a4
core   0: 3 0x000000008000ffa2 (0x97ba) x15 0x00000000800120dc
core   0: 0x000000008000ffa4 (0xfe043703) ld      a4, -32(s0)
core   0: 3 0x000000008000ffa4 (0xfe043703) x14 0x00000000800120c1 mem 0x0000000080031f50
core   0: 0x000000008000ffa8 (0xfcf76de3) bltu    a4, a5, pc - 38
core   0: 3 0x000000008000ffa8 (0xfcf76de3)
core   0: 0x000000008000ff82 (0xfe043783) ld      a5, -32(s0)
core   0: 3 0x000000008000ff82 (0xfe043783) x15 0x00000000800120c1 mem 0x0000000080031f50
core   0: 0x000000008000ff86 (0x00178713) addi    a4, a5, 1
core   0: 3 0x000000008000ff86 (0x00178713) x14 0x00000000800120c2
core   0: 0x000000008000ff8a (0xfee43023) sd      a4, -32(s0)
core   0: 3 0x000000008000ff8a (0xfee43023) mem 0x0000000080031f50 0x00000000800120c2
core   0: 0x000000008000ff8e (0xfc442703) lw      a4, -60(s0)
core   0: 3 0x000000008000ff8e (0xfc442703) x14 0x0000000000000000 mem 0x0000000080031f34
core   0: 0x000000008000ff92 (0x0ff77713) andi    a4, a4, 255
core   0: 3 0x000000008000ff92 (0x0ff77713) x14 0x0000000000000000
core   0: 0x000000008000ff96 (0x00e78023) sb      a4, 0(a5)
core   0: 3 0x000000008000ff96 (0x00e78023) mem 0x00000000800120c1 0x00
core   0: 0x000000008000ff9a (0xfc843703) ld      a4, -56(s0)
core   0: 3 0x000000008000ff9a (0xfc843703) x14 0x0000000080012040 mem 0x0000000080031f38
core   0: 0x000000008000ff9e (0xfb843783) ld      a5, -72(s0)
core   0: 3 0x000000008000ff9e (0xfb843783) x15 0x000000000000009c mem 0x0000000080031f28
core   0: 0x000000008000ffa2 (0x000097ba) c.add   a5, a4
core   0: 3 0x000000008000ffa2 (0x97ba) x15 0x00000000800120dc
core   0: 0x000000008000ffa4 (0xfe043703) ld      a4, -32(s0)
core   0: 3 0x000000008000ffa4 (0xfe043703) x14 0x00000000800120c2 mem 0x0000000080031f50
core   0: 0x000000008000ffa8 (0xfcf76de3) bltu    a4, a5, pc - 38
core   0: 3 0x000000008000ffa8 (0xfcf76de3)
core   0: 0x000000008000ff82 (0xfe043783) ld      a5, -32(s0)
core   0: 3 0x000000008000ff82 (0xfe043783) x15 0x00000000800120c2 mem 0x0000000080031f50
core   0: 0x000000008000ff86 (0x00178713) addi    a4, a5, 1
core   0: 3 0x000000008000ff86 (0x00178713) x14 0x00000000800120c3
core   0: 0x000000008000ff8a (0xfee43023) sd      a4, -32(s0)
core   0: 3 0x000000008000ff8a (0xfee43023) mem 0x0000000080031f50 0x00000000800120c3
core   0: 0x000000008000ff8e (0xfc442703) lw      a4, -60(s0)
core   0: 3 0x000000008000ff8e (0xfc442703) x14 0x0000000000000000 mem 0x0000000080031f34
core   0: 0x000000008000ff92 (0x0ff77713) andi    a4, a4, 255
core   0: 3 0x000000008000ff92 (0x0ff77713) x14 0x0000000000000000
core   0: 0x000000008000ff96 (0x00e78023) sb      a4, 0(a5)
core   0: 3 0x000000008000ff96 (0x00e78023) mem 0x00000000800120c2 0x00
core   0: 0x000000008000ff9a (0xfc843703) ld      a4, -56(s0)
core   0: 3 0x000000008000ff9a (0xfc843703) x14 0x0000000080012040 mem 0x0000000080031f38
core   0: 0x000000008000ff9e (0xfb843783) ld      a5, -72(s0)
core   0: 3 0x000000008000ff9e (0xfb843783) x15 0x000000000000009c mem 0x0000000080031f28
core   0: 0x000000008000ffa2 (0x000097ba) c.add   a5, a4
core   0: 3 0x000000008000ffa2 (0x97ba) x15 0x00000000800120dc
core   0: 0x000000008000ffa4 (0xfe043703) ld      a4, -32(s0)
core   0: 3 0x000000008000ffa4 (0xfe043703) x14 0x00000000800120c3 mem 0x0000000080031f50
core   0: 0x000000008000ffa8 (0xfcf76de3) bltu    a4, a5, pc - 38
core   0: 3 0x000000008000ffa8 (0xfcf76de3)
core   0: 0x000000008000ff82 (0xfe043783) ld      a5, -32(s0)
core   0: 3 0x000000008000ff82 (0xfe043783) x15 0x00000000800120c3 mem 0x0000000080031f50
core   0: 0x000000008000ff86 (0x00178713) addi    a4, a5, 1
core   0: 3 0x000000008000ff86 (0x00178713) x14 0x00000000800120c4
core   0: 0x000000008000ff8a (0xfee43023) sd      a4, -32(s0)
core   0: 3 0x000000008000ff8a (0xfee43023) mem 0x0000000080031f50 0x00000000800120c4
core   0: 0x000000008000ff8e (0xfc442703) lw      a4, -60(s0)
core   0: 3 0x000000008000ff8e (0xfc442703) x14 0x0000000000000000 mem 0x0000000080031f34
core   0: 0x000000008000ff92 (0x0ff77713) andi    a4, a4, 255
core   0: 3 0x000000008000ff92 (0x0ff77713) x14 0x0000000000000000
core   0: 0x000000008000ff96 (0x00e78023) sb      a4, 0(a5)
core   0: 3 0x000000008000ff96 (0x00e78023) mem 0x00000000800120c3 0x00
core   0: 0x000000008000ff9a (0xfc843703) ld      a4, -56(s0)
core   0: 3 0x000000008000ff9a (0xfc843703) x14 0x0000000080012040 mem 0x0000000080031f38
core   0: 0x000000008000ff9e (0xfb843783) ld      a5, -72(s0)
core   0: 3 0x000000008000ff9e (0xfb843783) x15 0x000000000000009c mem 0x0000000080031f28
core   0: 0x000000008000ffa2 (0x000097ba) c.add   a5, a4
core   0: 3 0x000000008000ffa2 (0x97ba) x15 0x00000000800120dc
core   0: 0x000000008000ffa4 (0xfe043703) ld      a4, -32(s0)
core   0: 3 0x000000008000ffa4 (0xfe043703) x14 0x00000000800120c4 mem 0x0000000080031f50
core   0: 0x000000008000ffa8 (0xfcf76de3) bltu    a4, a5, pc - 38
core   0: 3 0x000000008000ffa8 (0xfcf76de3)
core   0: 0x000000008000ff82 (0xfe043783) ld      a5, -32(s0)
core   0: 3 0x000000008000ff82 (0xfe043783) x15 0x00000000800120c4 mem 0x0000000080031f50
core   0: 0x000000008000ff86 (0x00178713) addi    a4, a5, 1
core   0: 3 0x000000008000ff86 (0x00178713) x14 0x00000000800120c5
core   0: 0x000000008000ff8a (0xfee43023) sd      a4, -32(s0)
core   0: 3 0x000000008000ff8a (0xfee43023) mem 0x0000000080031f50 0x00000000800120c5
core   0: 0x000000008000ff8e (0xfc442703) lw      a4, -60(s0)
core   0: 3 0x000000008000ff8e (0xfc442703) x14 0x0000000000000000 mem 0x0000000080031f34
core   0: 0x000000008000ff92 (0x0ff77713) andi    a4, a4, 255
core   0: 3 0x000000008000ff92 (0x0ff77713) x14 0x0000000000000000
core   0: 0x000000008000ff96 (0x00e78023) sb      a4, 0(a5)
core   0: 3 0x000000008000ff96 (0x00e78023) mem 0x00000000800120c4 0x00
core   0: 0x000000008000ff9a (0xfc843703) ld      a4, -56(s0)
core   0: 3 0x000000008000ff9a (0xfc843703) x14 0x0000000080012040 mem 0x0000000080031f38
core   0: 0x000000008000ff9e (0xfb843783) ld      a5, -72(s0)
core   0: 3 0x000000008000ff9e (0xfb843783) x15 0x000000000000009c mem 0x0000000080031f28
core   0: 0x000000008000ffa2 (0x000097ba) c.add   a5, a4
core   0: 3 0x000000008000ffa2 (0x97ba) x15 0x00000000800120dc
core   0: 0x000000008000ffa4 (0xfe043703) ld      a4, -32(s0)
core   0: 3 0x000000008000ffa4 (0xfe043703) x14 0x00000000800120c5 mem 0x0000000080031f50
core   0: 0x000000008000ffa8 (0xfcf76de3) bltu    a4, a5, pc - 38
core   0: 3 0x000000008000ffa8 (0xfcf76de3)
core   0: 0x000000008000ff82 (0xfe043783) ld      a5, -32(s0)
core   0: 3 0x000000008000ff82 (0xfe043783) x15 0x00000000800120c5 mem 0x0000000080031f50
core   0: 0x000000008000ff86 (0x00178713) addi    a4, a5, 1
core   0: 3 0x000000008000ff86 (0x00178713) x14 0x00000000800120c6
core   0: 0x000000008000ff8a (0xfee43023) sd      a4, -32(s0)
core   0: 3 0x000000008000ff8a (0xfee43023) mem 0x0000000080031f50 0x00000000800120c6
core   0: 0x000000008000ff8e (0xfc442703) lw      a4, -60(s0)
core   0: 3 0x000000008000ff8e (0xfc442703) x14 0x0000000000000000 mem 0x0000000080031f34
core   0: 0x000000008000ff92 (0x0ff77713) andi    a4, a4, 255
core   0: 3 0x000000008000ff92 (0x0ff77713) x14 0x0000000000000000
core   0: 0x000000008000ff96 (0x00e78023) sb      a4, 0(a5)
core   0: 3 0x000000008000ff96 (0x00e78023) mem 0x00000000800120c5 0x00
core   0: 0x000000008000ff9a (0xfc843703) ld      a4, -56(s0)
core   0: 3 0x000000008000ff9a (0xfc843703) x14 0x0000000080012040 mem 0x0000000080031f38
core   0: 0x000000008000ff9e (0xfb843783) ld      a5, -72(s0)
core   0: 3 0x000000008000ff9e (0xfb843783) x15 0x000000000000009c mem 0x0000000080031f28
core   0: 0x000000008000ffa2 (0x000097ba) c.add   a5, a4
core   0: 3 0x000000008000ffa2 (0x97ba) x15 0x00000000800120dc
core   0: 0x000000008000ffa4 (0xfe043703) ld      a4, -32(s0)
core   0: 3 0x000000008000ffa4 (0xfe043703) x14 0x00000000800120c6 mem 0x0000000080031f50
core   0: 0x000000008000ffa8 (0xfcf76de3) bltu    a4, a5, pc - 38
core   0: 3 0x000000008000ffa8 (0xfcf76de3)
core   0: 0x000000008000ff82 (0xfe043783) ld      a5, -32(s0)
core   0: 3 0x000000008000ff82 (0xfe043783) x15 0x00000000800120c6 mem 0x0000000080031f50
core   0: 0x000000008000ff86 (0x00178713) addi    a4, a5, 1
core   0: 3 0x000000008000ff86 (0x00178713) x14 0x00000000800120c7
core   0: 0x000000008000ff8a (0xfee43023) sd      a4, -32(s0)
core   0: 3 0x000000008000ff8a (0xfee43023) mem 0x0000000080031f50 0x00000000800120c7
core   0: 0x000000008000ff8e (0xfc442703) lw      a4, -60(s0)
core   0: 3 0x000000008000ff8e (0xfc442703) x14 0x0000000000000000 mem 0x0000000080031f34
core   0: 0x000000008000ff92 (0x0ff77713) andi    a4, a4, 255
core   0: 3 0x000000008000ff92 (0x0ff77713) x14 0x0000000000000000
core   0: 0x000000008000ff96 (0x00e78023) sb      a4, 0(a5)
core   0: 3 0x000000008000ff96 (0x00e78023) mem 0x00000000800120c6 0x00
core   0: 0x000000008000ff9a (0xfc843703) ld      a4, -56(s0)
core   0: 3 0x000000008000ff9a (0xfc843703) x14 0x0000000080012040 mem 0x0000000080031f38
core   0: 0x000000008000ff9e (0xfb843783) ld      a5, -72(s0)
core   0: 3 0x000000008000ff9e (0xfb843783) x15 0x000000000000009c mem 0x0000000080031f28
core   0: 0x000000008000ffa2 (0x000097ba) c.add   a5, a4
core   0: 3 0x000000008000ffa2 (0x97ba) x15 0x00000000800120dc
core   0: 0x000000008000ffa4 (0xfe043703) ld      a4, -32(s0)
core   0: 3 0x000000008000ffa4 (0xfe043703) x14 0x00000000800120c7 mem 0x0000000080031f50
core   0: 0x000000008000ffa8 (0xfcf76de3) bltu    a4, a5, pc - 38
core   0: 3 0x000000008000ffa8 (0xfcf76de3)
core   0: 0x000000008000ff82 (0xfe043783) ld      a5, -32(s0)
core   0: 3 0x000000008000ff82 (0xfe043783) x15 0x00000000800120c7 mem 0x0000000080031f50
core   0: 0x000000008000ff86 (0x00178713) addi    a4, a5, 1
core   0: 3 0x000000008000ff86 (0x00178713) x14 0x00000000800120c8
core   0: 0x000000008000ff8a (0xfee43023) sd      a4, -32(s0)
core   0: 3 0x000000008000ff8a (0xfee43023) mem 0x0000000080031f50 0x00000000800120c8
core   0: 0x000000008000ff8e (0xfc442703) lw      a4, -60(s0)
core   0: 3 0x000000008000ff8e (0xfc442703) x14 0x0000000000000000 mem 0x0000000080031f34
core   0: 0x000000008000ff92 (0x0ff77713) andi    a4, a4, 255
core   0: 3 0x000000008000ff92 (0x0ff77713) x14 0x0000000000000000
core   0: 0x000000008000ff96 (0x00e78023) sb      a4, 0(a5)
core   0: 3 0x000000008000ff96 (0x00e78023) mem 0x00000000800120c7 0x00
core   0: 0x000000008000ff9a (0xfc843703) ld      a4, -56(s0)
core   0: 3 0x000000008000ff9a (0xfc843703) x14 0x0000000080012040 mem 0x0000000080031f38
core   0: 0x000000008000ff9e (0xfb843783) ld      a5, -72(s0)
core   0: 3 0x000000008000ff9e (0xfb843783) x15 0x000000000000009c mem 0x0000000080031f28
core   0: 0x000000008000ffa2 (0x000097ba) c.add   a5, a4
core   0: 3 0x000000008000ffa2 (0x97ba) x15 0x00000000800120dc
core   0: 0x000000008000ffa4 (0xfe043703) ld      a4, -32(s0)
core   0: 3 0x000000008000ffa4 (0xfe043703) x14 0x00000000800120c8 mem 0x0000000080031f50
core   0: 0x000000008000ffa8 (0xfcf76de3) bltu    a4, a5, pc - 38
core   0: 3 0x000000008000ffa8 (0xfcf76de3)
core   0: 0x000000008000ff82 (0xfe043783) ld      a5, -32(s0)
core   0: 3 0x000000008000ff82 (0xfe043783) x15 0x00000000800120c8 mem 0x0000000080031f50
core   0: 0x000000008000ff86 (0x00178713) addi    a4, a5, 1
core   0: 3 0x000000008000ff86 (0x00178713) x14 0x00000000800120c9
core   0: 0x000000008000ff8a (0xfee43023) sd      a4, -32(s0)
core   0: 3 0x000000008000ff8a (0xfee43023) mem 0x0000000080031f50 0x00000000800120c9
core   0: 0x000000008000ff8e (0xfc442703) lw      a4, -60(s0)
core   0: 3 0x000000008000ff8e (0xfc442703) x14 0x0000000000000000 mem 0x0000000080031f34
core   0: 0x000000008000ff92 (0x0ff77713) andi    a4, a4, 255
core   0: 3 0x000000008000ff92 (0x0ff77713) x14 0x0000000000000000
core   0: 0x000000008000ff96 (0x00e78023) sb      a4, 0(a5)
core   0: 3 0x000000008000ff96 (0x00e78023) mem 0x00000000800120c8 0x00
core   0: 0x000000008000ff9a (0xfc843703) ld      a4, -56(s0)
core   0: 3 0x000000008000ff9a (0xfc843703) x14 0x0000000080012040 mem 0x0000000080031f38
core   0: 0x000000008000ff9e (0xfb843783) ld      a5, -72(s0)
core   0: 3 0x000000008000ff9e (0xfb843783) x15 0x000000000000009c mem 0x0000000080031f28
core   0: 0x000000008000ffa2 (0x000097ba) c.add   a5, a4
core   0: 3 0x000000008000ffa2 (0x97ba) x15 0x00000000800120dc
core   0: 0x000000008000ffa4 (0xfe043703) ld      a4, -32(s0)
core   0: 3 0x000000008000ffa4 (0xfe043703) x14 0x00000000800120c9 mem 0x0000000080031f50
core   0: 0x000000008000ffa8 (0xfcf76de3) bltu    a4, a5, pc - 38
core   0: 3 0x000000008000ffa8 (0xfcf76de3)
core   0: 0x000000008000ff82 (0xfe043783) ld      a5, -32(s0)
core   0: 3 0x000000008000ff82 (0xfe043783) x15 0x00000000800120c9 mem 0x0000000080031f50
core   0: 0x000000008000ff86 (0x00178713) addi    a4, a5, 1
core   0: 3 0x000000008000ff86 (0x00178713) x14 0x00000000800120ca
core   0: 0x000000008000ff8a (0xfee43023) sd      a4, -32(s0)
core   0: 3 0x000000008000ff8a (0xfee43023) mem 0x0000000080031f50 0x00000000800120ca
core   0: 0x000000008000ff8e (0xfc442703) lw      a4, -60(s0)
core   0: 3 0x000000008000ff8e (0xfc442703) x14 0x0000000000000000 mem 0x0000000080031f34
core   0: 0x000000008000ff92 (0x0ff77713) andi    a4, a4, 255
core   0: 3 0x000000008000ff92 (0x0ff77713) x14 0x0000000000000000
core   0: 0x000000008000ff96 (0x00e78023) sb      a4, 0(a5)
core   0: 3 0x000000008000ff96 (0x00e78023) mem 0x00000000800120c9 0x00
core   0: 0x000000008000ff9a (0xfc843703) ld      a4, -56(s0)
core   0: 3 0x000000008000ff9a (0xfc843703) x14 0x0000000080012040 mem 0x0000000080031f38
core   0: 0x000000008000ff9e (0xfb843783) ld      a5, -72(s0)
core   0: 3 0x000000008000ff9e (0xfb843783) x15 0x000000000000009c mem 0x0000000080031f28
core   0: 0x000000008000ffa2 (0x000097ba) c.add   a5, a4
core   0: 3 0x000000008000ffa2 (0x97ba) x15 0x00000000800120dc
core   0: 0x000000008000ffa4 (0xfe043703) ld      a4, -32(s0)
core   0: 3 0x000000008000ffa4 (0xfe043703) x14 0x00000000800120ca mem 0x0000000080031f50
core   0: 0x000000008000ffa8 (0xfcf76de3) bltu    a4, a5, pc - 38
core   0: 3 0x000000008000ffa8 (0xfcf76de3)
core   0: 0x000000008000ff82 (0xfe043783) ld      a5, -32(s0)
core   0: 3 0x000000008000ff82 (0xfe043783) x15 0x00000000800120ca mem 0x0000000080031f50
core   0: 0x000000008000ff86 (0x00178713) addi    a4, a5, 1
core   0: 3 0x000000008000ff86 (0x00178713) x14 0x00000000800120cb
core   0: 0x000000008000ff8a (0xfee43023) sd      a4, -32(s0)
core   0: 3 0x000000008000ff8a (0xfee43023) mem 0x0000000080031f50 0x00000000800120cb
core   0: 0x000000008000ff8e (0xfc442703) lw      a4, -60(s0)
core   0: 3 0x000000008000ff8e (0xfc442703) x14 0x0000000000000000 mem 0x0000000080031f34
core   0: 0x000000008000ff92 (0x0ff77713) andi    a4, a4, 255
core   0: 3 0x000000008000ff92 (0x0ff77713) x14 0x0000000000000000
core   0: 0x000000008000ff96 (0x00e78023) sb      a4, 0(a5)
core   0: 3 0x000000008000ff96 (0x00e78023) mem 0x00000000800120ca 0x00
core   0: 0x000000008000ff9a (0xfc843703) ld      a4, -56(s0)
core   0: 3 0x000000008000ff9a (0xfc843703) x14 0x0000000080012040 mem 0x0000000080031f38
core   0: 0x000000008000ff9e (0xfb843783) ld      a5, -72(s0)
core   0: 3 0x000000008000ff9e (0xfb843783) x15 0x000000000000009c mem 0x0000000080031f28
core   0: 0x000000008000ffa2 (0x000097ba) c.add   a5, a4
core   0: 3 0x000000008000ffa2 (0x97ba) x15 0x00000000800120dc
core   0: 0x000000008000ffa4 (0xfe043703) ld      a4, -32(s0)
core   0: 3 0x000000008000ffa4 (0xfe043703) x14 0x00000000800120cb mem 0x0000000080031f50
core   0: 0x000000008000ffa8 (0xfcf76de3) bltu    a4, a5, pc - 38
core   0: 3 0x000000008000ffa8 (0xfcf76de3)
core   0: 0x000000008000ff82 (0xfe043783) ld      a5, -32(s0)
core   0: 3 0x000000008000ff82 (0xfe043783) x15 0x00000000800120cb mem 0x0000000080031f50
core   0: 0x000000008000ff86 (0x00178713) addi    a4, a5, 1
core   0: 3 0x000000008000ff86 (0x00178713) x14 0x00000000800120cc
core   0: 0x000000008000ff8a (0xfee43023) sd      a4, -32(s0)
core   0: 3 0x000000008000ff8a (0xfee43023) mem 0x0000000080031f50 0x00000000800120cc
core   0: 0x000000008000ff8e (0xfc442703) lw      a4, -60(s0)
core   0: 3 0x000000008000ff8e (0xfc442703) x14 0x0000000000000000 mem 0x0000000080031f34
core   0: 0x000000008000ff92 (0x0ff77713) andi    a4, a4, 255
core   0: 3 0x000000008000ff92 (0x0ff77713) x14 0x0000000000000000
core   0: 0x000000008000ff96 (0x00e78023) sb      a4, 0(a5)
core   0: 3 0x000000008000ff96 (0x00e78023) mem 0x00000000800120cb 0x00
core   0: 0x000000008000ff9a (0xfc843703) ld      a4, -56(s0)
core   0: 3 0x000000008000ff9a (0xfc843703) x14 0x0000000080012040 mem 0x0000000080031f38
core   0: 0x000000008000ff9e (0xfb843783) ld      a5, -72(s0)
core   0: 3 0x000000008000ff9e (0xfb843783) x15 0x000000000000009c mem 0x0000000080031f28
core   0: 0x000000008000ffa2 (0x000097ba) c.add   a5, a4
core   0: 3 0x000000008000ffa2 (0x97ba) x15 0x00000000800120dc
core   0: 0x000000008000ffa4 (0xfe043703) ld      a4, -32(s0)
core   0: 3 0x000000008000ffa4 (0xfe043703) x14 0x00000000800120cc mem 0x0000000080031f50
core   0: 0x000000008000ffa8 (0xfcf76de3) bltu    a4, a5, pc - 38
core   0: 3 0x000000008000ffa8 (0xfcf76de3)
core   0: 0x000000008000ff82 (0xfe043783) ld      a5, -32(s0)
core   0: 3 0x000000008000ff82 (0xfe043783) x15 0x00000000800120cc mem 0x0000000080031f50
core   0: 0x000000008000ff86 (0x00178713) addi    a4, a5, 1
core   0: 3 0x000000008000ff86 (0x00178713) x14 0x00000000800120cd
core   0: 0x000000008000ff8a (0xfee43023) sd      a4, -32(s0)
core   0: 3 0x000000008000ff8a (0xfee43023) mem 0x0000000080031f50 0x00000000800120cd
core   0: 0x000000008000ff8e (0xfc442703) lw      a4, -60(s0)
core   0: 3 0x000000008000ff8e (0xfc442703) x14 0x0000000000000000 mem 0x0000000080031f34
core   0: 0x000000008000ff92 (0x0ff77713) andi    a4, a4, 255
core   0: 3 0x000000008000ff92 (0x0ff77713) x14 0x0000000000000000
core   0: 0x000000008000ff96 (0x00e78023) sb      a4, 0(a5)
core   0: 3 0x000000008000ff96 (0x00e78023) mem 0x00000000800120cc 0x00
core   0: 0x000000008000ff9a (0xfc843703) ld      a4, -56(s0)
core   0: 3 0x000000008000ff9a (0xfc843703) x14 0x0000000080012040 mem 0x0000000080031f38
core   0: 0x000000008000ff9e (0xfb843783) ld      a5, -72(s0)
core   0: 3 0x000000008000ff9e (0xfb843783) x15 0x000000000000009c mem 0x0000000080031f28
core   0: 0x000000008000ffa2 (0x000097ba) c.add   a5, a4
core   0: 3 0x000000008000ffa2 (0x97ba) x15 0x00000000800120dc
core   0: 0x000000008000ffa4 (0xfe043703) ld      a4, -32(s0)
core   0: 3 0x000000008000ffa4 (0xfe043703) x14 0x00000000800120cd mem 0x0000000080031f50
core   0: 0x000000008000ffa8 (0xfcf76de3) bltu    a4, a5, pc - 38
core   0: 3 0x000000008000ffa8 (0xfcf76de3)
core   0: 0x000000008000ff82 (0xfe043783) ld      a5, -32(s0)
core   0: 3 0x000000008000ff82 (0xfe043783) x15 0x00000000800120cd mem 0x0000000080031f50
core   0: 0x000000008000ff86 (0x00178713) addi    a4, a5, 1
core   0: 3 0x000000008000ff86 (0x00178713) x14 0x00000000800120ce
core   0: 0x000000008000ff8a (0xfee43023) sd      a4, -32(s0)
core   0: 3 0x000000008000ff8a (0xfee43023) mem 0x0000000080031f50 0x00000000800120ce
core   0: 0x000000008000ff8e (0xfc442703) lw      a4, -60(s0)
core   0: 3 0x000000008000ff8e (0xfc442703) x14 0x0000000000000000 mem 0x0000000080031f34
core   0: 0x000000008000ff92 (0x0ff77713) andi    a4, a4, 255
core   0: 3 0x000000008000ff92 (0x0ff77713) x14 0x0000000000000000
core   0: 0x000000008000ff96 (0x00e78023) sb      a4, 0(a5)
core   0: 3 0x000000008000ff96 (0x00e78023) mem 0x00000000800120cd 0x00
core   0: 0x000000008000ff9a (0xfc843703) ld      a4, -56(s0)
core   0: 3 0x000000008000ff9a (0xfc843703) x14 0x0000000080012040 mem 0x0000000080031f38
core   0: 0x000000008000ff9e (0xfb843783) ld      a5, -72(s0)
core   0: 3 0x000000008000ff9e (0xfb843783) x15 0x000000000000009c mem 0x0000000080031f28
core   0: 0x000000008000ffa2 (0x000097ba) c.add   a5, a4
core   0: 3 0x000000008000ffa2 (0x97ba) x15 0x00000000800120dc
core   0: 0x000000008000ffa4 (0xfe043703) ld      a4, -32(s0)
core   0: 3 0x000000008000ffa4 (0xfe043703) x14 0x00000000800120ce mem 0x0000000080031f50
core   0: 0x000000008000ffa8 (0xfcf76de3) bltu    a4, a5, pc - 38
core   0: 3 0x000000008000ffa8 (0xfcf76de3)
core   0: 0x000000008000ff82 (0xfe043783) ld      a5, -32(s0)
core   0: 3 0x000000008000ff82 (0xfe043783) x15 0x00000000800120ce mem 0x0000000080031f50
core   0: 0x000000008000ff86 (0x00178713) addi    a4, a5, 1
core   0: 3 0x000000008000ff86 (0x00178713) x14 0x00000000800120cf
core   0: 0x000000008000ff8a (0xfee43023) sd      a4, -32(s0)
core   0: 3 0x000000008000ff8a (0xfee43023) mem 0x0000000080031f50 0x00000000800120cf
core   0: 0x000000008000ff8e (0xfc442703) lw      a4, -60(s0)
core   0: 3 0x000000008000ff8e (0xfc442703) x14 0x0000000000000000 mem 0x0000000080031f34
core   0: 0x000000008000ff92 (0x0ff77713) andi    a4, a4, 255
core   0: 3 0x000000008000ff92 (0x0ff77713) x14 0x0000000000000000
core   0: 0x000000008000ff96 (0x00e78023) sb      a4, 0(a5)
core   0: 3 0x000000008000ff96 (0x00e78023) mem 0x00000000800120ce 0x00
core   0: 0x000000008000ff9a (0xfc843703) ld      a4, -56(s0)
core   0: 3 0x000000008000ff9a (0xfc843703) x14 0x0000000080012040 mem 0x0000000080031f38
core   0: 0x000000008000ff9e (0xfb843783) ld      a5, -72(s0)
core   0: 3 0x000000008000ff9e (0xfb843783) x15 0x000000000000009c mem 0x0000000080031f28
core   0: 0x000000008000ffa2 (0x000097ba) c.add   a5, a4
core   0: 3 0x000000008000ffa2 (0x97ba) x15 0x00000000800120dc
core   0: 0x000000008000ffa4 (0xfe043703) ld      a4, -32(s0)
core   0: 3 0x000000008000ffa4 (0xfe043703) x14 0x00000000800120cf mem 0x0000000080031f50
core   0: 0x000000008000ffa8 (0xfcf76de3) bltu    a4, a5, pc - 38
core   0: 3 0x000000008000ffa8 (0xfcf76de3)
core   0: 0x000000008000ff82 (0xfe043783) ld      a5, -32(s0)
core   0: 3 0x000000008000ff82 (0xfe043783) x15 0x00000000800120cf mem 0x0000000080031f50
core   0: 0x000000008000ff86 (0x00178713) addi    a4, a5, 1
core   0: 3 0x000000008000ff86 (0x00178713) x14 0x00000000800120d0
core   0: 0x000000008000ff8a (0xfee43023) sd      a4, -32(s0)
core   0: 3 0x000000008000ff8a (0xfee43023) mem 0x0000000080031f50 0x00000000800120d0
core   0: 0x000000008000ff8e (0xfc442703) lw      a4, -60(s0)
core   0: 3 0x000000008000ff8e (0xfc442703) x14 0x0000000000000000 mem 0x0000000080031f34
core   0: 0x000000008000ff92 (0x0ff77713) andi    a4, a4, 255
core   0: 3 0x000000008000ff92 (0x0ff77713) x14 0x0000000000000000
core   0: 0x000000008000ff96 (0x00e78023) sb      a4, 0(a5)
core   0: 3 0x000000008000ff96 (0x00e78023) mem 0x00000000800120cf 0x00
core   0: 0x000000008000ff9a (0xfc843703) ld      a4, -56(s0)
core   0: 3 0x000000008000ff9a (0xfc843703) x14 0x0000000080012040 mem 0x0000000080031f38
core   0: 0x000000008000ff9e (0xfb843783) ld      a5, -72(s0)
core   0: 3 0x000000008000ff9e (0xfb843783) x15 0x000000000000009c mem 0x0000000080031f28
core   0: 0x000000008000ffa2 (0x000097ba) c.add   a5, a4
core   0: 3 0x000000008000ffa2 (0x97ba) x15 0x00000000800120dc
core   0: 0x000000008000ffa4 (0xfe043703) ld      a4, -32(s0)
core   0: 3 0x000000008000ffa4 (0xfe043703) x14 0x00000000800120d0 mem 0x0000000080031f50
core   0: 0x000000008000ffa8 (0xfcf76de3) bltu    a4, a5, pc - 38
core   0: 3 0x000000008000ffa8 (0xfcf76de3)
core   0: 0x000000008000ff82 (0xfe043783) ld      a5, -32(s0)
core   0: 3 0x000000008000ff82 (0xfe043783) x15 0x00000000800120d0 mem 0x0000000080031f50
core   0: 0x000000008000ff86 (0x00178713) addi    a4, a5, 1
core   0: 3 0x000000008000ff86 (0x00178713) x14 0x00000000800120d1
core   0: 0x000000008000ff8a (0xfee43023) sd      a4, -32(s0)
core   0: 3 0x000000008000ff8a (0xfee43023) mem 0x0000000080031f50 0x00000000800120d1
core   0: 0x000000008000ff8e (0xfc442703) lw      a4, -60(s0)
core   0: 3 0x000000008000ff8e (0xfc442703) x14 0x0000000000000000 mem 0x0000000080031f34
core   0: 0x000000008000ff92 (0x0ff77713) andi    a4, a4, 255
core   0: 3 0x000000008000ff92 (0x0ff77713) x14 0x0000000000000000
core   0: 0x000000008000ff96 (0x00e78023) sb      a4, 0(a5)
core   0: 3 0x000000008000ff96 (0x00e78023) mem 0x00000000800120d0 0x00
core   0: 0x000000008000ff9a (0xfc843703) ld      a4, -56(s0)
core   0: 3 0x000000008000ff9a (0xfc843703) x14 0x0000000080012040 mem 0x0000000080031f38
core   0: 0x000000008000ff9e (0xfb843783) ld      a5, -72(s0)
core   0: 3 0x000000008000ff9e (0xfb843783) x15 0x000000000000009c mem 0x0000000080031f28
core   0: 0x000000008000ffa2 (0x000097ba) c.add   a5, a4
core   0: 3 0x000000008000ffa2 (0x97ba) x15 0x00000000800120dc
core   0: 0x000000008000ffa4 (0xfe043703) ld      a4, -32(s0)
core   0: 3 0x000000008000ffa4 (0xfe043703) x14 0x00000000800120d1 mem 0x0000000080031f50
core   0: 0x000000008000ffa8 (0xfcf76de3) bltu    a4, a5, pc - 38
core   0: 3 0x000000008000ffa8 (0xfcf76de3)
core   0: 0x000000008000ff82 (0xfe043783) ld      a5, -32(s0)
core   0: 3 0x000000008000ff82 (0xfe043783) x15 0x00000000800120d1 mem 0x0000000080031f50
core   0: 0x000000008000ff86 (0x00178713) addi    a4, a5, 1
core   0: 3 0x000000008000ff86 (0x00178713) x14 0x00000000800120d2
core   0: 0x000000008000ff8a (0xfee43023) sd      a4, -32(s0)
core   0: 3 0x000000008000ff8a (0xfee43023) mem 0x0000000080031f50 0x00000000800120d2
core   0: 0x000000008000ff8e (0xfc442703) lw      a4, -60(s0)
core   0: 3 0x000000008000ff8e (0xfc442703) x14 0x0000000000000000 mem 0x0000000080031f34
core   0: 0x000000008000ff92 (0x0ff77713) andi    a4, a4, 255
core   0: 3 0x000000008000ff92 (0x0ff77713) x14 0x0000000000000000
core   0: 0x000000008000ff96 (0x00e78023) sb      a4, 0(a5)
core   0: 3 0x000000008000ff96 (0x00e78023) mem 0x00000000800120d1 0x00
core   0: 0x000000008000ff9a (0xfc843703) ld      a4, -56(s0)
core   0: 3 0x000000008000ff9a (0xfc843703) x14 0x0000000080012040 mem 0x0000000080031f38
core   0: 0x000000008000ff9e (0xfb843783) ld      a5, -72(s0)
core   0: 3 0x000000008000ff9e (0xfb843783) x15 0x000000000000009c mem 0x0000000080031f28
core   0: 0x000000008000ffa2 (0x000097ba) c.add   a5, a4
core   0: 3 0x000000008000ffa2 (0x97ba) x15 0x00000000800120dc
core   0: 0x000000008000ffa4 (0xfe043703) ld      a4, -32(s0)
core   0: 3 0x000000008000ffa4 (0xfe043703) x14 0x00000000800120d2 mem 0x0000000080031f50
core   0: 0x000000008000ffa8 (0xfcf76de3) bltu    a4, a5, pc - 38
core   0: 3 0x000000008000ffa8 (0xfcf76de3)
core   0: 0x000000008000ff82 (0xfe043783) ld      a5, -32(s0)
core   0: 3 0x000000008000ff82 (0xfe043783) x15 0x00000000800120d2 mem 0x0000000080031f50
core   0: 0x000000008000ff86 (0x00178713) addi    a4, a5, 1
core   0: 3 0x000000008000ff86 (0x00178713) x14 0x00000000800120d3
core   0: 0x000000008000ff8a (0xfee43023) sd      a4, -32(s0)
core   0: 3 0x000000008000ff8a (0xfee43023) mem 0x0000000080031f50 0x00000000800120d3
core   0: 0x000000008000ff8e (0xfc442703) lw      a4, -60(s0)
core   0: 3 0x000000008000ff8e (0xfc442703) x14 0x0000000000000000 mem 0x0000000080031f34
core   0: 0x000000008000ff92 (0x0ff77713) andi    a4, a4, 255
core   0: 3 0x000000008000ff92 (0x0ff77713) x14 0x0000000000000000
core   0: 0x000000008000ff96 (0x00e78023) sb      a4, 0(a5)
core   0: 3 0x000000008000ff96 (0x00e78023) mem 0x00000000800120d2 0x00
core   0: 0x000000008000ff9a (0xfc843703) ld      a4, -56(s0)
core   0: 3 0x000000008000ff9a (0xfc843703) x14 0x0000000080012040 mem 0x0000000080031f38
core   0: 0x000000008000ff9e (0xfb843783) ld      a5, -72(s0)
core   0: 3 0x000000008000ff9e (0xfb843783) x15 0x000000000000009c mem 0x0000000080031f28
core   0: 0x000000008000ffa2 (0x000097ba) c.add   a5, a4
core   0: 3 0x000000008000ffa2 (0x97ba) x15 0x00000000800120dc
core   0: 0x000000008000ffa4 (0xfe043703) ld      a4, -32(s0)
core   0: 3 0x000000008000ffa4 (0xfe043703) x14 0x00000000800120d3 mem 0x0000000080031f50
core   0: 0x000000008000ffa8 (0xfcf76de3) bltu    a4, a5, pc - 38
core   0: 3 0x000000008000ffa8 (0xfcf76de3)
core   0: 0x000000008000ff82 (0xfe043783) ld      a5, -32(s0)
core   0: 3 0x000000008000ff82 (0xfe043783) x15 0x00000000800120d3 mem 0x0000000080031f50
core   0: 0x000000008000ff86 (0x00178713) addi    a4, a5, 1
core   0: 3 0x000000008000ff86 (0x00178713) x14 0x00000000800120d4
core   0: 0x000000008000ff8a (0xfee43023) sd      a4, -32(s0)
core   0: 3 0x000000008000ff8a (0xfee43023) mem 0x0000000080031f50 0x00000000800120d4
core   0: 0x000000008000ff8e (0xfc442703) lw      a4, -60(s0)
core   0: 3 0x000000008000ff8e (0xfc442703) x14 0x0000000000000000 mem 0x0000000080031f34
core   0: 0x000000008000ff92 (0x0ff77713) andi    a4, a4, 255
core   0: 3 0x000000008000ff92 (0x0ff77713) x14 0x0000000000000000
core   0: 0x000000008000ff96 (0x00e78023) sb      a4, 0(a5)
core   0: 3 0x000000008000ff96 (0x00e78023) mem 0x00000000800120d3 0x00
core   0: 0x000000008000ff9a (0xfc843703) ld      a4, -56(s0)
core   0: 3 0x000000008000ff9a (0xfc843703) x14 0x0000000080012040 mem 0x0000000080031f38
core   0: 0x000000008000ff9e (0xfb843783) ld      a5, -72(s0)
core   0: 3 0x000000008000ff9e (0xfb843783) x15 0x000000000000009c mem 0x0000000080031f28
core   0: 0x000000008000ffa2 (0x000097ba) c.add   a5, a4
core   0: 3 0x000000008000ffa2 (0x97ba) x15 0x00000000800120dc
core   0: 0x000000008000ffa4 (0xfe043703) ld      a4, -32(s0)
core   0: 3 0x000000008000ffa4 (0xfe043703) x14 0x00000000800120d4 mem 0x0000000080031f50
core   0: 0x000000008000ffa8 (0xfcf76de3) bltu    a4, a5, pc - 38
core   0: 3 0x000000008000ffa8 (0xfcf76de3)
core   0: 0x000000008000ff82 (0xfe043783) ld      a5, -32(s0)
core   0: 3 0x000000008000ff82 (0xfe043783) x15 0x00000000800120d4 mem 0x0000000080031f50
core   0: 0x000000008000ff86 (0x00178713) addi    a4, a5, 1
core   0: 3 0x000000008000ff86 (0x00178713) x14 0x00000000800120d5
core   0: 0x000000008000ff8a (0xfee43023) sd      a4, -32(s0)
core   0: 3 0x000000008000ff8a (0xfee43023) mem 0x0000000080031f50 0x00000000800120d5
core   0: 0x000000008000ff8e (0xfc442703) lw      a4, -60(s0)
core   0: 3 0x000000008000ff8e (0xfc442703) x14 0x0000000000000000 mem 0x0000000080031f34
core   0: 0x000000008000ff92 (0x0ff77713) andi    a4, a4, 255
core   0: 3 0x000000008000ff92 (0x0ff77713) x14 0x0000000000000000
core   0: 0x000000008000ff96 (0x00e78023) sb      a4, 0(a5)
core   0: 3 0x000000008000ff96 (0x00e78023) mem 0x00000000800120d4 0x00
core   0: 0x000000008000ff9a (0xfc843703) ld      a4, -56(s0)
core   0: 3 0x000000008000ff9a (0xfc843703) x14 0x0000000080012040 mem 0x0000000080031f38
core   0: 0x000000008000ff9e (0xfb843783) ld      a5, -72(s0)
core   0: 3 0x000000008000ff9e (0xfb843783) x15 0x000000000000009c mem 0x0000000080031f28
core   0: 0x000000008000ffa2 (0x000097ba) c.add   a5, a4
core   0: 3 0x000000008000ffa2 (0x97ba) x15 0x00000000800120dc
core   0: 0x000000008000ffa4 (0xfe043703) ld      a4, -32(s0)
core   0: 3 0x000000008000ffa4 (0xfe043703) x14 0x00000000800120d5 mem 0x0000000080031f50
core   0: 0x000000008000ffa8 (0xfcf76de3) bltu    a4, a5, pc - 38
core   0: 3 0x000000008000ffa8 (0xfcf76de3)
core   0: 0x000000008000ff82 (0xfe043783) ld      a5, -32(s0)
core   0: 3 0x000000008000ff82 (0xfe043783) x15 0x00000000800120d5 mem 0x0000000080031f50
core   0: 0x000000008000ff86 (0x00178713) addi    a4, a5, 1
core   0: 3 0x000000008000ff86 (0x00178713) x14 0x00000000800120d6
core   0: 0x000000008000ff8a (0xfee43023) sd      a4, -32(s0)
core   0: 3 0x000000008000ff8a (0xfee43023) mem 0x0000000080031f50 0x00000000800120d6
core   0: 0x000000008000ff8e (0xfc442703) lw      a4, -60(s0)
core   0: 3 0x000000008000ff8e (0xfc442703) x14 0x0000000000000000 mem 0x0000000080031f34
core   0: 0x000000008000ff92 (0x0ff77713) andi    a4, a4, 255
core   0: 3 0x000000008000ff92 (0x0ff77713) x14 0x0000000000000000
core   0: 0x000000008000ff96 (0x00e78023) sb      a4, 0(a5)
core   0: 3 0x000000008000ff96 (0x00e78023) mem 0x00000000800120d5 0x00
core   0: 0x000000008000ff9a (0xfc843703) ld      a4, -56(s0)
core   0: 3 0x000000008000ff9a (0xfc843703) x14 0x0000000080012040 mem 0x0000000080031f38
core   0: 0x000000008000ff9e (0xfb843783) ld      a5, -72(s0)
core   0: 3 0x000000008000ff9e (0xfb843783) x15 0x000000000000009c mem 0x0000000080031f28
core   0: 0x000000008000ffa2 (0x000097ba) c.add   a5, a4
core   0: 3 0x000000008000ffa2 (0x97ba) x15 0x00000000800120dc
core   0: 0x000000008000ffa4 (0xfe043703) ld      a4, -32(s0)
core   0: 3 0x000000008000ffa4 (0xfe043703) x14 0x00000000800120d6 mem 0x0000000080031f50
core   0: 0x000000008000ffa8 (0xfcf76de3) bltu    a4, a5, pc - 38
core   0: 3 0x000000008000ffa8 (0xfcf76de3)
core   0: 0x000000008000ff82 (0xfe043783) ld      a5, -32(s0)
core   0: 3 0x000000008000ff82 (0xfe043783) x15 0x00000000800120d6 mem 0x0000000080031f50
core   0: 0x000000008000ff86 (0x00178713) addi    a4, a5, 1
core   0: 3 0x000000008000ff86 (0x00178713) x14 0x00000000800120d7
core   0: 0x000000008000ff8a (0xfee43023) sd      a4, -32(s0)
core   0: 3 0x000000008000ff8a (0xfee43023) mem 0x0000000080031f50 0x00000000800120d7
core   0: 0x000000008000ff8e (0xfc442703) lw      a4, -60(s0)
core   0: 3 0x000000008000ff8e (0xfc442703) x14 0x0000000000000000 mem 0x0000000080031f34
core   0: 0x000000008000ff92 (0x0ff77713) andi    a4, a4, 255
core   0: 3 0x000000008000ff92 (0x0ff77713) x14 0x0000000000000000
core   0: 0x000000008000ff96 (0x00e78023) sb      a4, 0(a5)
core   0: 3 0x000000008000ff96 (0x00e78023) mem 0x00000000800120d6 0x00
core   0: 0x000000008000ff9a (0xfc843703) ld      a4, -56(s0)
core   0: 3 0x000000008000ff9a (0xfc843703) x14 0x0000000080012040 mem 0x0000000080031f38
core   0: 0x000000008000ff9e (0xfb843783) ld      a5, -72(s0)
core   0: 3 0x000000008000ff9e (0xfb843783) x15 0x000000000000009c mem 0x0000000080031f28
core   0: 0x000000008000ffa2 (0x000097ba) c.add   a5, a4
core   0: 3 0x000000008000ffa2 (0x97ba) x15 0x00000000800120dc
core   0: 0x000000008000ffa4 (0xfe043703) ld      a4, -32(s0)
core   0: 3 0x000000008000ffa4 (0xfe043703) x14 0x00000000800120d7 mem 0x0000000080031f50
core   0: 0x000000008000ffa8 (0xfcf76de3) bltu    a4, a5, pc - 38
core   0: 3 0x000000008000ffa8 (0xfcf76de3)
core   0: 0x000000008000ff82 (0xfe043783) ld      a5, -32(s0)
core   0: 3 0x000000008000ff82 (0xfe043783) x15 0x00000000800120d7 mem 0x0000000080031f50
core   0: 0x000000008000ff86 (0x00178713) addi    a4, a5, 1
core   0: 3 0x000000008000ff86 (0x00178713) x14 0x00000000800120d8
core   0: 0x000000008000ff8a (0xfee43023) sd      a4, -32(s0)
core   0: 3 0x000000008000ff8a (0xfee43023) mem 0x0000000080031f50 0x00000000800120d8
core   0: 0x000000008000ff8e (0xfc442703) lw      a4, -60(s0)
core   0: 3 0x000000008000ff8e (0xfc442703) x14 0x0000000000000000 mem 0x0000000080031f34
core   0: 0x000000008000ff92 (0x0ff77713) andi    a4, a4, 255
core   0: 3 0x000000008000ff92 (0x0ff77713) x14 0x0000000000000000
core   0: 0x000000008000ff96 (0x00e78023) sb      a4, 0(a5)
core   0: 3 0x000000008000ff96 (0x00e78023) mem 0x00000000800120d7 0x00
core   0: 0x000000008000ff9a (0xfc843703) ld      a4, -56(s0)
core   0: 3 0x000000008000ff9a (0xfc843703) x14 0x0000000080012040 mem 0x0000000080031f38
core   0: 0x000000008000ff9e (0xfb843783) ld      a5, -72(s0)
core   0: 3 0x000000008000ff9e (0xfb843783) x15 0x000000000000009c mem 0x0000000080031f28
core   0: 0x000000008000ffa2 (0x000097ba) c.add   a5, a4
core   0: 3 0x000000008000ffa2 (0x97ba) x15 0x00000000800120dc
core   0: 0x000000008000ffa4 (0xfe043703) ld      a4, -32(s0)
core   0: 3 0x000000008000ffa4 (0xfe043703) x14 0x00000000800120d8 mem 0x0000000080031f50
core   0: 0x000000008000ffa8 (0xfcf76de3) bltu    a4, a5, pc - 38
core   0: 3 0x000000008000ffa8 (0xfcf76de3)
core   0: 0x000000008000ff82 (0xfe043783) ld      a5, -32(s0)
core   0: 3 0x000000008000ff82 (0xfe043783) x15 0x00000000800120d8 mem 0x0000000080031f50
core   0: 0x000000008000ff86 (0x00178713) addi    a4, a5, 1
core   0: 3 0x000000008000ff86 (0x00178713) x14 0x00000000800120d9
core   0: 0x000000008000ff8a (0xfee43023) sd      a4, -32(s0)
core   0: 3 0x000000008000ff8a (0xfee43023) mem 0x0000000080031f50 0x00000000800120d9
core   0: 0x000000008000ff8e (0xfc442703) lw      a4, -60(s0)
core   0: 3 0x000000008000ff8e (0xfc442703) x14 0x0000000000000000 mem 0x0000000080031f34
core   0: 0x000000008000ff92 (0x0ff77713) andi    a4, a4, 255
core   0: 3 0x000000008000ff92 (0x0ff77713) x14 0x0000000000000000
core   0: 0x000000008000ff96 (0x00e78023) sb      a4, 0(a5)
core   0: 3 0x000000008000ff96 (0x00e78023) mem 0x00000000800120d8 0x00
core   0: 0x000000008000ff9a (0xfc843703) ld      a4, -56(s0)
core   0: 3 0x000000008000ff9a (0xfc843703) x14 0x0000000080012040 mem 0x0000000080031f38
core   0: 0x000000008000ff9e (0xfb843783) ld      a5, -72(s0)
core   0: 3 0x000000008000ff9e (0xfb843783) x15 0x000000000000009c mem 0x0000000080031f28
core   0: 0x000000008000ffa2 (0x000097ba) c.add   a5, a4
core   0: 3 0x000000008000ffa2 (0x97ba) x15 0x00000000800120dc
core   0: 0x000000008000ffa4 (0xfe043703) ld      a4, -32(s0)
core   0: 3 0x000000008000ffa4 (0xfe043703) x14 0x00000000800120d9 mem 0x0000000080031f50
core   0: 0x000000008000ffa8 (0xfcf76de3) bltu    a4, a5, pc - 38
core   0: 3 0x000000008000ffa8 (0xfcf76de3)
core   0: 0x000000008000ff82 (0xfe043783) ld      a5, -32(s0)
core   0: 3 0x000000008000ff82 (0xfe043783) x15 0x00000000800120d9 mem 0x0000000080031f50
core   0: 0x000000008000ff86 (0x00178713) addi    a4, a5, 1
core   0: 3 0x000000008000ff86 (0x00178713) x14 0x00000000800120da
core   0: 0x000000008000ff8a (0xfee43023) sd      a4, -32(s0)
core   0: 3 0x000000008000ff8a (0xfee43023) mem 0x0000000080031f50 0x00000000800120da
core   0: 0x000000008000ff8e (0xfc442703) lw      a4, -60(s0)
core   0: 3 0x000000008000ff8e (0xfc442703) x14 0x0000000000000000 mem 0x0000000080031f34
core   0: 0x000000008000ff92 (0x0ff77713) andi    a4, a4, 255
core   0: 3 0x000000008000ff92 (0x0ff77713) x14 0x0000000000000000
core   0: 0x000000008000ff96 (0x00e78023) sb      a4, 0(a5)
core   0: 3 0x000000008000ff96 (0x00e78023) mem 0x00000000800120d9 0x00
core   0: 0x000000008000ff9a (0xfc843703) ld      a4, -56(s0)
core   0: 3 0x000000008000ff9a (0xfc843703) x14 0x0000000080012040 mem 0x0000000080031f38
core   0: 0x000000008000ff9e (0xfb843783) ld      a5, -72(s0)
core   0: 3 0x000000008000ff9e (0xfb843783) x15 0x000000000000009c mem 0x0000000080031f28
core   0: 0x000000008000ffa2 (0x000097ba) c.add   a5, a4
core   0: 3 0x000000008000ffa2 (0x97ba) x15 0x00000000800120dc
core   0: 0x000000008000ffa4 (0xfe043703) ld      a4, -32(s0)
core   0: 3 0x000000008000ffa4 (0xfe043703) x14 0x00000000800120da mem 0x0000000080031f50
core   0: 0x000000008000ffa8 (0xfcf76de3) bltu    a4, a5, pc - 38
core   0: 3 0x000000008000ffa8 (0xfcf76de3)
core   0: 0x000000008000ff82 (0xfe043783) ld      a5, -32(s0)
core   0: 3 0x000000008000ff82 (0xfe043783) x15 0x00000000800120da mem 0x0000000080031f50
core   0: 0x000000008000ff86 (0x00178713) addi    a4, a5, 1
core   0: 3 0x000000008000ff86 (0x00178713) x14 0x00000000800120db
core   0: 0x000000008000ff8a (0xfee43023) sd      a4, -32(s0)
core   0: 3 0x000000008000ff8a (0xfee43023) mem 0x0000000080031f50 0x00000000800120db
core   0: 0x000000008000ff8e (0xfc442703) lw      a4, -60(s0)
core   0: 3 0x000000008000ff8e (0xfc442703) x14 0x0000000000000000 mem 0x0000000080031f34
core   0: 0x000000008000ff92 (0x0ff77713) andi    a4, a4, 255
core   0: 3 0x000000008000ff92 (0x0ff77713) x14 0x0000000000000000
core   0: 0x000000008000ff96 (0x00e78023) sb      a4, 0(a5)
core   0: 3 0x000000008000ff96 (0x00e78023) mem 0x00000000800120da 0x00
core   0: 0x000000008000ff9a (0xfc843703) ld      a4, -56(s0)
core   0: 3 0x000000008000ff9a (0xfc843703) x14 0x0000000080012040 mem 0x0000000080031f38
core   0: 0x000000008000ff9e (0xfb843783) ld      a5, -72(s0)
core   0: 3 0x000000008000ff9e (0xfb843783) x15 0x000000000000009c mem 0x0000000080031f28
core   0: 0x000000008000ffa2 (0x000097ba) c.add   a5, a4
core   0: 3 0x000000008000ffa2 (0x97ba) x15 0x00000000800120dc
core   0: 0x000000008000ffa4 (0xfe043703) ld      a4, -32(s0)
core   0: 3 0x000000008000ffa4 (0xfe043703) x14 0x00000000800120db mem 0x0000000080031f50
core   0: 0x000000008000ffa8 (0xfcf76de3) bltu    a4, a5, pc - 38
core   0: 3 0x000000008000ffa8 (0xfcf76de3)
core   0: 0x000000008000ff82 (0xfe043783) ld      a5, -32(s0)
core   0: 3 0x000000008000ff82 (0xfe043783) x15 0x00000000800120db mem 0x0000000080031f50
core   0: 0x000000008000ff86 (0x00178713) addi    a4, a5, 1
core   0: 3 0x000000008000ff86 (0x00178713) x14 0x00000000800120dc
core   0: 0x000000008000ff8a (0xfee43023) sd      a4, -32(s0)
core   0: 3 0x000000008000ff8a (0xfee43023) mem 0x0000000080031f50 0x00000000800120dc
core   0: 0x000000008000ff8e (0xfc442703) lw      a4, -60(s0)
core   0: 3 0x000000008000ff8e (0xfc442703) x14 0x0000000000000000 mem 0x0000000080031f34
core   0: 0x000000008000ff92 (0x0ff77713) andi    a4, a4, 255
core   0: 3 0x000000008000ff92 (0x0ff77713) x14 0x0000000000000000
core   0: 0x000000008000ff96 (0x00e78023) sb      a4, 0(a5)
core   0: 3 0x000000008000ff96 (0x00e78023) mem 0x00000000800120db 0x00
core   0: 0x000000008000ff9a (0xfc843703) ld      a4, -56(s0)
core   0: 3 0x000000008000ff9a (0xfc843703) x14 0x0000000080012040 mem 0x0000000080031f38
core   0: 0x000000008000ff9e (0xfb843783) ld      a5, -72(s0)
core   0: 3 0x000000008000ff9e (0xfb843783) x15 0x000000000000009c mem 0x0000000080031f28
core   0: 0x000000008000ffa2 (0x000097ba) c.add   a5, a4
core   0: 3 0x000000008000ffa2 (0x97ba) x15 0x00000000800120dc
core   0: 0x000000008000ffa4 (0xfe043703) ld      a4, -32(s0)
core   0: 3 0x000000008000ffa4 (0xfe043703) x14 0x00000000800120dc mem 0x0000000080031f50
core   0: 0x000000008000ffa8 (0xfcf76de3) bltu    a4, a5, pc - 38
core   0: 3 0x000000008000ffa8 (0xfcf76de3)
core   0: 0x000000008000ffac (0xfc843783) ld      a5, -56(s0)
core   0: 3 0x000000008000ffac (0xfc843783) x15 0x0000000080012040 mem 0x0000000080031f38
core   0: 0x000000008000ffb0 (0x0000853e) c.mv    a0, a5
core   0: 3 0x000000008000ffb0 (0x853e) x10 0x0000000080012040
core   0: 0x000000008000ffb2 (0x00006426) c.ldsp  s0, 72(sp)
core   0: 3 0x000000008000ffb2 (0x6426) x8  0x0000000080031f90 mem 0x0000000080031f68
core   0: 0x000000008000ffb4 (0x00006161) c.addi16sp sp, 80
core   0: 3 0x000000008000ffb4 (0x6161) x2  0x0000000080031f70
core   0: 0x000000008000ffb6 (0x00008082) ret
core   0: 3 0x000000008000ffb6 (0x8082)
core   0: 0x000000008000f56a (0x00000001) c.nop
core   0: 3 0x000000008000f56a (0x0001)
core   0: 0x000000008000f56c (0x000060e2) c.ldsp  ra, 24(sp)
core   0: 3 0x000000008000f56c (0x60e2) x1  0x000000008000f5aa mem 0x0000000080031f88
core   0: 0x000000008000f56e (0x00006442) c.ldsp  s0, 16(sp)
core   0: 3 0x000000008000f56e (0x6442) x8  0x0000000080032040 mem 0x0000000080031f80
core   0: 0x000000008000f570 (0x00006105) c.addi16sp sp, 32
core   0: 3 0x000000008000f570 (0x6105) x2  0x0000000080031f90
core   0: 0x000000008000f572 (0x00008082) ret
core   0: 3 0x000000008000f572 (0x8082)
core   0: 0x000000008000f5aa (0xf5842703) lw      a4, -168(s0)
core   0: 3 0x000000008000f5aa (0xf5842703) x14 0x0000000000000001 mem 0x0000000080031f98
core   0: 0x000000008000f5ae (0xf5c42783) lw      a5, -164(s0)
core   0: 3 0x000000008000f5ae (0xf5c42783) x15 0x0000000000000000 mem 0x0000000080031f9c
core   0: 0x000000008000f5b2 (0x000085ba) c.mv    a1, a4
core   0: 3 0x000000008000f5b2 (0x85ba) x11 0x0000000000000001
core   0: 0x000000008000f5b4 (0x0000853e) c.mv    a0, a5
core   0: 3 0x000000008000f5b4 (0x853e) x10 0x0000000000000000
core   0: 0x000000008000f5b6 (0xf03ff0ef) jal     pc - 0xfe
core   0: 3 0x000000008000f5b6 (0xf03ff0ef) x1  0x000000008000f5ba
core   0: >>>>  thread_entry
core   0: 0x000000008000f4b8 (0x00001101) c.addi  sp, -32
core   0: 3 0x000000008000f4b8 (0x1101) x2  0x0000000080031f70
core   0: 0x000000008000f4ba (0x0000ec22) c.sdsp  s0, 24(sp)
core   0: 3 0x000000008000f4ba (0xec22) mem 0x0000000080031f88 0x0000000080032040
core   0: 0x000000008000f4bc (0x00001000) c.addi4spn s0, sp, 32
core   0: 3 0x000000008000f4bc (0x1000) x8  0x0000000080031f90
core   0: 0x000000008000f4be (0x000087aa) c.mv    a5, a0
core   0: 3 0x000000008000f4be (0x87aa) x15 0x0000000000000000
core   0: 0x000000008000f4c0 (0x0000872e) c.mv    a4, a1
core   0: 3 0x000000008000f4c0 (0x872e) x14 0x0000000000000001
core   0: 0x000000008000f4c2 (0xfef42623) sw      a5, -20(s0)
core   0: 3 0x000000008000f4c2 (0xfef42623) mem 0x0000000080031f7c 0x00000000
core   0: 0x000000008000f4c6 (0x000087ba) c.mv    a5, a4
core   0: 3 0x000000008000f4c6 (0x87ba) x15 0x0000000000000001
core   0: 0x000000008000f4c8 (0xfef42423) sw      a5, -24(s0)
core   0: 3 0x000000008000f4c8 (0xfef42423) mem 0x0000000080031f78 0x00000001
core   0: 0x000000008000f4cc (0x00000001) c.nop
core   0: 3 0x000000008000f4cc (0x0001)
core   0: 0x000000008000f4ce (0xfec42783) lw      a5, -20(s0)
core   0: 3 0x000000008000f4ce (0xfec42783) x15 0x0000000000000000 mem 0x0000000080031f7c
core   0: 0x000000008000f4d2 (0x00002781) c.addiw a5, 0
core   0: 3 0x000000008000f4d2 (0x2781) x15 0x0000000000000000
core   0: 0x000000008000f4d4 (0x0000ffed) c.bnez  a5, pc - 6
core   0: 3 0x000000008000f4d4 (0xffed)
core   0: 0x000000008000f4d6 (0x00000001) c.nop
core   0: 3 0x000000008000f4d6 (0x0001)
core   0: 0x000000008000f4d8 (0x00000001) c.nop
core   0: 3 0x000000008000f4d8 (0x0001)
core   0: 0x000000008000f4da (0x00006462) c.ldsp  s0, 24(sp)
core   0: 3 0x000000008000f4da (0x6462) x8  0x0000000080032040 mem 0x0000000080031f88
core   0: 0x000000008000f4dc (0x00006105) c.addi16sp sp, 32
core   0: 3 0x000000008000f4dc (0x6105) x2  0x0000000080031f90
core   0: 0x000000008000f4de (0x00008082) ret
core   0: 3 0x000000008000f4de (0x8082)
core   0: 0x000000008000f5ba (0x00004581) c.li    a1, 0
core   0: 3 0x000000008000f5ba (0x4581) x11 0x0000000000000000
core   0: 0x000000008000f5bc (0x00004501) c.li    a0, 0
core   0: 3 0x000000008000f5bc (0x4501) x10 0x0000000000000000
core   0: 0x000000008000f5be (0xa43f20ef) jal     pc - 0xd5be
core   0: 3 0x000000008000f5be (0xa43f20ef) x1  0x000000008000f5c2
core   0: >>>>  main
core   0: 0x0000000080002000 (0x00000001) c.nop
core   0: 3 0x0000000080002000 (0x0001)
core   0: >>>>  trap_vec_init
core   0: 0x0000000080002002 (0x00002797) auipc   a5, 0x2
core   0: 3 0x0000000080002002 (0x00002797) x15 0x0000000080004002
core   0: 0x0000000080002006 (0xffe78793) addi    a5, a5, -2
core   0: 3 0x0000000080002006 (0xffe78793) x15 0x0000000080004000
core   0: 0x000000008000200a (0x30579073) csrrw   zero, mtvec, a5
core   0: 3 0x000000008000200a (0x30579073) c773_mtvec 0x0000000080004000
core   0: >>>>  pmp_setup
core   0: 0x000000008000200e (0x00002c17) auipc   s8, 0x2
core   0: 3 0x000000008000200e (0x00002c17) x24 0x000000008000400e
core   0: 0x0000000080002012 (0x022c0c13) addi    s8, s8, 34
core   0: 3 0x0000000080002012 (0x022c0c13) x24 0x0000000080004030
core   0: 0x0000000080002016 (0x00004781) c.li    a5, 0
core   0: 3 0x0000000080002016 (0x4781) x15 0x0000000000000000
core   0: 0x0000000080002018 (0x00009c3e) c.add   s8, a5
core   0: 3 0x0000000080002018 (0x9c3e) x24 0x0000000080004030
core   0: 0x000000008000201a (0x3b0c1073) csrrw   zero, pmpaddr0, s8
core   0: 3 0x000000008000201a (0x3b0c1073) c944_pmpaddr0 0x0000000080004030
core   0: 0x000000008000201e (0x00004c3d) c.li    s8, 15
core   0: 3 0x000000008000201e (0x4c3d) x24 0x000000000000000f
core   0: 0x0000000080002020 (0x3a0c1073) csrrw   zero, pmpcfg0, s8
core   0: 3 0x0000000080002020 (0x3a0c1073) c928_pmpcfg0 0x000000000000000f
core   0: 0x0000000080002024 (0x12000073) sfence.vma zero, zero
core   0: 3 0x0000000080002024 (0x12000073)
core   0: >>>>  mepc_setup
core   0: 0x0000000080002028 (0x00002797) auipc   a5, 0x2
core   0: 3 0x0000000080002028 (0x00002797) x15 0x0000000080004028
core   0: 0x000000008000202c (0x00878793) addi    a5, a5, 8
core   0: 3 0x000000008000202c (0x00878793) x15 0x0000000080004030
core   0: 0x0000000080002030 (0x34179073) csrrw   zero, mepc, a5
core   0: 3 0x0000000080002030 (0x34179073) c833_mepc 0x0000000080004030
core   0: >>>>  custom_csr_setup
core   0: 0x0000000080002034 (0x00100f9b) addiw   t6, zero, 1
core   0: 3 0x0000000080002034 (0x00100f9b) x31 0x0000000000000001
core   0: 0x0000000080002038 (0x00000ffe) c.slli  t6, 31
core   0: 3 0x0000000080002038 (0x0ffe) x31 0x0000000080000000
core   0: 0x000000008000203a (0x00000001) c.nop
core   0: 3 0x000000008000203a (0x0001)
core   0: >>>>  init_s_mode
core   0: 0x000000008000203c (0xfff0079b) addiw   a5, zero, -1
core   0: 3 0x000000008000203c (0xfff0079b) x15 0xffffffffffffffff
core   0: 0x0000000080002040 (0x000017fe) c.slli  a5, 63
core   0: 3 0x0000000080002040 (0x17fe) x15 0x8000000000000000
core   0: 0x0000000080002042 (0x18079073) csrrw   zero, satp, a5
core   0: 3 0x0000000080002042 (0x18079073) c384_satp 0x8000000000000000
core   0: 0x0000000080002046 (0x0000f797) auipc   a5, 0xf
core   0: 3 0x0000000080002046 (0x0000f797) x15 0x0000000080011046
core   0: 0x000000008000204a (0xfba78793) addi    a5, a5, -70
core   0: 3 0x000000008000204a (0xfba78793) x15 0x0000000080011000
core   0: 0x000000008000204e (0x000083b1) c.srli  a5, 12
core   0: 3 0x000000008000204e (0x83b1) x15 0x0000000000080011
core   0: 0x0000000080002050 (0x0010061b) addiw   a2, zero, 1
core   0: 3 0x0000000080002050 (0x0010061b) x12 0x0000000000000001
core   0: 0x0000000080002054 (0x00001632) c.slli  a2, 44
core   0: 3 0x0000000080002054 (0x1632) x12 0x0000100000000000
core   0: 0x0000000080002056 (0x0000167d) c.addi  a2, -1
core   0: 3 0x0000000080002056 (0x167d) x12 0x00000fffffffffff
core   0: 0x0000000080002058 (0x00008ff1) c.and   a5, a2
core   0: 3 0x0000000080002058 (0x8ff1) x15 0x0000000000080011
core   0: 0x000000008000205a (0x1807a073) csrrs   zero, satp, a5
core   0: 3 0x000000008000205a (0x1807a073) c384_satp 0x8000000000080011
core   0: 0x000000008000205e (0x00a005b7) lui     a1, 0xa00
core   0: 3 0x000000008000205e (0x00a005b7) x11 0x0000000000a00000
core   0: 0x0000000080002062 (0x10b5859b) addiw   a1, a1, 267
core   0: 3 0x0000000080002062 (0x10b5859b) x11 0x0000000000a0010b
core   0: 0x0000000080002066 (0x000005b2) c.slli  a1, 12
core   0: 3 0x0000000080002066 (0x05b2) x11 0x0000000a0010b000
core   0: 0x0000000080002068 (0xa0058593) addi    a1, a1, -1536
core   0: 3 0x0000000080002068 (0xa0058593) x11 0x0000000a0010aa00
core   0: 0x000000008000206c (0x30059073) csrrw   zero, mstatus, a1
core   0: 3 0x000000008000206c (0x30059073) c768_mstatus 0x0000000a00102800
core   0: 0x0000000080002070 (0x30459073) csrrw   zero, mie, a1
core   0: 3 0x0000000080002070 (0x30459073) c772_mie 0x0000000000000a00
core   0: 0x0000000080002074 (0x00a005b7) lui     a1, 0xa00
core   0: 3 0x0000000080002074 (0x00a005b7) x11 0x0000000000a00000
core   0: 0x0000000080002078 (0x10b5859b) addiw   a1, a1, 267
core   0: 3 0x0000000080002078 (0x10b5859b) x11 0x0000000000a0010b
core   0: 0x000000008000207c (0x000005b2) c.slli  a1, 12
core   0: 3 0x000000008000207c (0x05b2) x11 0x0000000a0010b000
core   0: 0x000000008000207e (0xa0058593) addi    a1, a1, -1536
core   0: 3 0x000000008000207e (0xa0058593) x11 0x0000000a0010aa00
core   0: 0x0000000080002082 (0x10059073) csrrw   zero, sstatus, a1
core   0: 3 0x0000000080002082 (0x10059073) c768_mstatus 0x0000000a00102800
core   0: 0x0000000080002086 (0x10459073) csrrw   zero, sie, a1
core   0: 3 0x0000000080002086 (0x10459073) c772_mie 0x0000000000000a00
core   0: 0x000000008000208a (0x30200073) mret
core   0: 3 0x000000008000208a (0x30200073) c768_mstatus 0x0000000a00102080
core   0: >>>>  main_g
core   0: 0x0000000080004030 (0x5a0c7b53) fsqrt.d fs6, fs8
core   0: 1 0x0000000080004030 (0x5a0c7b53) c768_mstatus 0x8000000a00106080 f22 0x7ff8000000000000
core   0: 0x0000000080004034 (0x0098181b) slliw   a6, a6, 9
core   0: 1 0x0000000080004034 (0x0098181b) x16 0x0000000000000000
core   0: 0x0000000080004038 (0x0000996e) c.add   s2, s11
core   0: 1 0x0000000080004038 (0x996e) x18 0x0000000000000000
core   0: 0x000000008000403a (0x0d788a1b) addiw   s4, a7, 215
core   0: 1 0x000000008000403a (0x0d788a1b) x20 0x00000000000000d7
core   0: 0x000000008000403e (0xc0357cd3) fcvt.lu.s s9, fa0
core   0: 1 0x000000008000403e (0xc0357cd3) x25 0x0000000000000000
core   0: 0x0000000080004042 (0xe20c04d3) fmv.x.d s1, fs8
core   0: 1 0x0000000080004042 (0xe20c04d3) x9  0xffffffff00000000
core   0: 0x0000000080004046 (0x0b0676d3) fsub.d  fa3, fa2, fa6
core   0: 1 0x0000000080004046 (0x0b0676d3) f13 0x7ff8000000000000
core   0: 0x000000008000404a (0x030cca3b) divw    s4, s9, a6
core   0: 1 0x000000008000404a (0x030cca3b) x20 0xffffffffffffffff
core   0: 0x000000008000404e (0x01679193) slli    gp, a5, 22
core   0: 1 0x000000008000404e (0x01679193) x3  0x0000020004400000
core   0: 0x0000000080004052 (0x0112d79b) srliw   a5, t0, 17
core   0: 1 0x0000000080004052 (0x0112d79b) x15 0x0000000000004000
core   0: 0x0000000080004056 (0x9d1a8e93) addi    t4, s5, -1583
core   0: 1 0x0000000080004056 (0x9d1a8e93) x29 0xfffffffffffff9d1
core   0: 0x000000008000405a (0x02b244b3) div     s1, tp, a1
core   0: 1 0x000000008000405a (0x02b244b3) x9  0x0000000000000000
core   0: 0x000000008000405e (0x6b23f013) andi    zero, t2, 1714
core   0: 1 0x000000008000405e (0x6b23f013)
core   0: 0x0000000080004062 (0x0322433b) divw    t1, tp, s2
core   0: 1 0x0000000080004062 (0x0322433b) x6  0xffffffffffffffff
core   0: 0x0000000080004066 (0x00202073) csrrs   zero, frm, zero
core   0: 1 0x0000000080004066 (0x00202073)
core   0: 0x000000008000406a (0xd2207d53) fcvt.d.l fs10, zero
core   0: 1 0x000000008000406a (0xd2207d53) f26 0x0000000000000000
core   0: 0x000000008000406e (0x00008eb5) c.xor   a3, a3
core   0: 1 0x000000008000406e (0x8eb5) x13 0x0000000000000000
core   0: 0x0000000080004070 (0x00d2983b) sllw    a6, t0, a3
core   0: 1 0x0000000080004070 (0x00d2983b) x16 0xffffffff80000124
core   0: 0x0000000080004074 (0xf20800d3) fmv.d.x ft1, a6
core   0: 1 0x0000000080004074 (0xf20800d3) f1  0xffffffff80000124
core   0: 0x0000000080004078 (0x017bdcbb) srlw    s9, s7, s7
core   0: 1 0x0000000080004078 (0x017bdcbb) x25 0x0000000000000000
core   0: 0x000000008000407c (0x006ceb33) or      s6, s9, t1
core   0: 1 0x000000008000407c (0x006ceb33) x22 0xffffffffffffffff
core   0: 0x0000000080004080 (0x01b1199b) slliw   s3, sp, 27
core   0: 1 0x0000000080004080 (0x01b1199b) x19 0xffffffff80000000
core   0: 0x0000000080004084 (0xe2010e53) fmv.x.d t3, ft2
core   0: 1 0x0000000080004084 (0xe2010e53) x28 0xffffffff00000000
core   0: 0x0000000080004088 (0x8c3d8993) addi    s3, s11, -1853
core   0: 1 0x0000000080004088 (0x8c3d8993) x19 0xfffffffffffff8c3
core   0: 0x000000008000408c (0x03becdbb) divw    s11, t4, s11
core   0: 1 0x000000008000408c (0x03becdbb) x27 0xffffffffffffffff
core   0: 0x0000000080004090 (0x413403b3) sub     t2, s0, s3
core   0: 1 0x0000000080004090 (0x413403b3) x7  0x000000008003277d
core   0: 0x0000000080004094 (0xc20e78d3) fcvt.w.d a7, ft8
core   0: 1 0x0000000080004094 (0xc20e78d3) c1_fflags 0x0000000000000010 x17 0x000000007fffffff
core   0: 0x0000000080004098 (0x1004f673) csrrci  a2, sstatus, 9
core   0: 1 0x0000000080004098 (0x1004f673) x12 0x8000000200006000 c768_mstatus 0x8000000a00106080
core   0: 0x000000008000409c (0x00000001) c.nop
core   0: 1 0x000000008000409c (0x0001)
core   0: 0x000000008000409e (0x02a53e33) mulhu   t3, a0, a0
core   0: 1 0x000000008000409e (0x02a53e33) x28 0x0000000000000000
core   0: 0x00000000800040a2 (0x418a8d33) sub     s10, s5, s8
core   0: 1 0x00000000800040a2 (0x418a8d33) x26 0xfffffffffffffff1
core   0: 0x00000000800040a6 (0xd21e0bd3) fcvt.d.wu fs7, t3
core   0: 1 0x00000000800040a6 (0xd21e0bd3) f23 0x0000000000000000
core   0: 0x00000000800040aa (0x3a85e013) ori     zero, a1, 936
core   0: 1 0x00000000800040aa (0x3a85e013)
core   0: 0x00000000800040ae (0x41c2dd9b) sraiw   s11, t0, 28
core   0: 1 0x00000000800040ae (0x41c2dd9b) x27 0xfffffffffffffff8
core   0: 0x00000000800040b2 (0x00102273) csrrs   tp, fflags, zero
core   0: 1 0x00000000800040b2 (0x00102273) x4  0x0000000000000010
core   0: 0x00000000800040b6 (0x004d893b) addw    s2, s11, tp
core   0: 1 0x00000000800040b6 (0x004d893b) x18 0x0000000000000008
core   0: 0x00000000800040ba (0x4020803b) subw    zero, ra, sp
core   0: 1 0x00000000800040ba (0x4020803b)
core   0: 0x00000000800040be (0x1310704f) fnmadd.d ft0, ft0, fa7, ft2
core   0: 1 0x00000000800040be (0x1310704f) f0  0x7ff8000000000000
core   0: 0x00000000800040c2 (0x00000001) c.nop
core   0: 1 0x00000000800040c2 (0x0001)
core   0: 0x00000000800040c4 (0x01f7531b) srliw   t1, a4, 31
core   0: 1 0x00000000800040c4 (0x01f7531b) x6  0x0000000000000000
core   0: 0x00000000800040c8 (0x409dd4b3) sra     s1, s11, s1
core   0: 1 0x00000000800040c8 (0x409dd4b3) x9  0xfffffffffffffff8
core   0: 0x00000000800040cc (0x03c511b3) mulh    gp, a0, t3
core   0: 1 0x00000000800040cc (0x03c511b3) x3  0x0000000000000000
core   0: 0x00000000800040d0 (0x00000001) c.nop
core   0: 1 0x00000000800040d0 (0x0001)
core   0: 0x00000000800040d2 (0x83557acb) fnmsub.d fs5, fa0, fs5, fa6
core   0: 1 0x00000000800040d2 (0x83557acb) f21 0x7ff8000000000000
core   0: 0x00000000800040d6 (0x76f1c7b7) lui     a5, 0x76f1c
core   0: 1 0x00000000800040d6 (0x76f1c7b7) x15 0x0000000076f1c000
core   0: 0x00000000800040da (0xd0227c53) fcvt.s.l fs8, tp
core   0: 1 0x00000000800040da (0xd0227c53) f24 0xffffffff41800000
core   0: 0x00000000800040de (0x00102af3) csrrs   s5, fflags, zero
core   0: 1 0x00000000800040de (0x00102af3) x21 0x0000000000000010
core   0: 0x00000000800040e2 (0x002d9cf3) csrrw   s9, frm, s11
core   0: 1 0x00000000800040e2 (0x002d9cf3) x25 0x0000000000000000 c2_frm 0x0000000000000000
core   0: 0x00000000800040e6 (0x02b4d5bb) divuw   a1, s1, a1
core   0: 1 0x00000000800040e6 (0x02b4d5bb) x11 0x0000000000000f5c
core   0: 0x00000000800040ea (0xecdbe937) lui     s2, 0xecdbe
core   0: 1 0x00000000800040ea (0xecdbe937) x18 0xffffffffecdbe000
core   0: 0x00000000800040ee (0xc2387ed3) fcvt.lu.d t4, fa6
core   0: 1 0x00000000800040ee (0xc2387ed3) c1_fflags 0x0000000000000010 x29 0xffffffffffffffff
core   0: 0x00000000800040f2 (0x40b2d9b3) sra     s3, t0, a1
core   0: 1 0x00000000800040f2 (0x40b2d9b3) x19 0x0000000000000008
core   0: 0x00000000800040f6 (0x146b6b93) ori     s7, s6, 326
core   0: 1 0x00000000800040f6 (0x146b6b93) x23 0xffffffffffffffff
core   0: 0x00000000800040fa (0x2a138e53) fmin.d  ft8, ft7, ft1
core   0: 1 0x00000000800040fa (0x2a138e53) f28 0x7ff8000000000000
core   0: 0x00000000800040fe (0x234e1853) fsgnjn.d fa6, ft8, fs4
core   0: 1 0x00000000800040fe (0x234e1853) f16 0x7ff8000000000000
core   0: 0x0000000080004102 (0x000092aa) c.add   t0, a0
core   0: 1 0x0000000080004102 (0x92aa) x5  0x0000000080000124
core   0: 0x0000000080004104 (0xbb087bc7) fmsub.d fs7, fa6, fa6, fs7
core   0: 1 0x0000000080004104 (0xbb087bc7) f23 0x7ff8000000000000
core   0: 0x0000000080004108 (0x143f7773) csrrci  a4, stval, 30
core   0: 1 0x0000000080004108 (0x143f7773) x14 0x0000000000000000 c323_stval 0x0000000000000000
core   0: 0x000000008000410c (0x00dddd1b) srliw   s10, s11, 13
core   0: 1 0x000000008000410c (0x00dddd1b) x26 0x000000000007ffff
core   0: 0x0000000080004110 (0x5a087553) fsqrt.d fa0, fa6
core   0: 1 0x0000000080004110 (0x5a087553) f10 0x7ff8000000000000
core   0: 0x0000000080004114 (0x0274e933) rem     s2, s1, t2
core   0: 1 0x0000000080004114 (0x0274e933) x18 0xfffffffffffffff8
core   0: 0x0000000080004118 (0xd33577cb) fnmsub.d fa5, fa0, fs3, fs10
core   0: 1 0x0000000080004118 (0xd33577cb) f15 0x7ff8000000000000
core   0: 0x000000008000411c (0x407e533b) sraw    t1, t3, t2
core   0: 1 0x000000008000411c (0x407e533b) x6  0x0000000000000000
core   0: 0x0000000080004120 (0x41640d33) sub     s10, s0, s6
core   0: 1 0x0000000080004120 (0x41640d33) x26 0x0000000080032041
core   0: 0x0000000080004124 (0x40698dbb) subw    s11, s3, t1
core   0: 1 0x0000000080004124 (0x40698dbb) x27 0x0000000000000008
core   0: 0x0000000080004128 (0x007b949b) slliw   s1, s7, 7
core   0: 1 0x0000000080004128 (0x007b949b) x9  0xffffffffffffff80
core   0: 0x000000008000412c (0x4072529b) sraiw   t0, tp, 7
core   0: 1 0x000000008000412c (0x4072529b) x5  0x0000000000000000
core   0: 0x0000000080004130 (0x25438d93) addi    s11, t2, 596
core   0: 1 0x0000000080004130 (0x25438d93) x27 0x00000000800329d1
core   0: 0x0000000080004134 (0x00f702bb) addw    t0, a4, a5
core   0: 1 0x0000000080004134 (0x00f702bb) x5  0x0000000076f1c000
core   0: 0x0000000080004138 (0x420584d3) fcvt.d.s fs1, fa1
core   0: 1 0x0000000080004138 (0x420584d3) f9  0x0000000000000000
core   0: 0x000000008000413c (0x4059de33) sra     t3, s3, t0
core   0: 1 0x000000008000413c (0x4059de33) x28 0x0000000000000008
core   0: 0x0000000080004140 (0x00241973) csrrw   s2, frm, s0
core   0: 1 0x0000000080004140 (0x00241973) x18 0x0000000000000000 c2_frm 0x0000000000000000
core   0: 0x0000000080004144 (0x03c15ab3) divu    s5, sp, t3
core   0: 1 0x0000000080004144 (0x03c15ab3) x21 0x00000000100063f2
core   0: 0x0000000080004148 (0x00c11e93) slli    t4, sp, 12
core   0: 1 0x0000000080004148 (0x00c11e93) x29 0x0000080031f90000
core   0: 0x000000008000414c (0x000096a2) c.add   a3, s0
core   0: 1 0x000000008000414c (0x96a2) x13 0x0000000080032040
core   0: 0x000000008000414e (0x01b940b3) xor     ra, s2, s11
core   0: 1 0x000000008000414e (0x01b940b3) x1  0x00000000800329d1
core   0: 0x0000000080004152 (0x22649653) fsgnjn.d fa2, fs1, ft6
core   0: 1 0x0000000080004152 (0x22649653) f12 0x0000000000000000
core   0: 0x0000000080004156 (0x022274b3) remu    s1, tp, sp
core   0: 1 0x0000000080004156 (0x022274b3) x9  0x0000000000000010
core   0: 0x000000008000415a (0x00889e3b) sllw    t3, a7, s0
core   0: 1 0x000000008000415a (0x00889e3b) x28 0x000000007fffffff
core   0: 0x000000008000415e (0x40147453) fcvt.s.d fs0, fs0
core   0: 1 0x000000008000415e (0x40147453) f8  0xffffffff7fc00000
core   0: 0x0000000080004162 (0x135af9d3) fmul.d  fs3, fs5, fs5
core   0: 1 0x0000000080004162 (0x135af9d3) f19 0x7ff8000000000000
core   0: 0x0000000080004166 (0xc039f053) fcvt.lu.s zero, fs3
core   0: 1 0x0000000080004166 (0xc039f053) c1_fflags 0x0000000000000010
core   0: 0x000000008000416a (0x00b12b33) slt     s6, sp, a1
core   0: 1 0x000000008000416a (0x00b12b33) x22 0x0000000000000000
core   0: 0x000000008000416e (0x02317133) remu    sp, sp, gp
core   0: 1 0x000000008000416e (0x02317133) x2  0x0000000080031f90
core   0: 0x0000000080004172 (0x0ff0000f) fence   iorw,iorw
core   0: 1 0x0000000080004172 (0x0ff0000f)
core   0: 0x0000000080004176 (0xf20d0ed3) fmv.d.x ft9, s10
core   0: 1 0x0000000080004176 (0xf20d0ed3) f29 0x0000000080032041
core   0: 0x000000008000417a (0x01711333) sll     t1, sp, s7
core   0: 1 0x000000008000417a (0x01711333) x6  0x0000000000000000
core   0: 0x000000008000417e (0x5a0ef553) fsqrt.d fa0, ft9
core   0: 1 0x000000008000417e (0x5a0ef553) c1_fflags 0x0000000000000011 f10 0x1f56a0e521be7771
core   0: 0x0000000080004182 (0x01f35e1b) srliw   t3, t1, 31
core   0: 1 0x0000000080004182 (0x01f35e1b) x28 0x0000000000000000
core   0: 0x0000000080004186 (0x002027f3) csrrs   a5, frm, zero
core   0: 1 0x0000000080004186 (0x002027f3) x15 0x0000000000000000
core   0: 0x000000008000418a (0x827af84b) fnmsub.d fa6, fs5, ft7, fa6
core   0: 1 0x000000008000418a (0x827af84b) f16 0x7ff8000000000000
core   0: 0x000000008000418e (0x401a7ad3) fcvt.s.d fs5, fs4
core   0: 1 0x000000008000418e (0x401a7ad3) f21 0xffffffff7fc00000
core   0: 0x0000000080004192 (0x004c1433) sll     s0, s8, tp
core   0: 1 0x0000000080004192 (0x004c1433) x8  0x00000000000f0000
core   0: 0x0000000080004196 (0x00102af3) csrrs   s5, fflags, zero
core   0: 1 0x0000000080004196 (0x00102af3) x21 0x0000000000000011
core   0: 0x000000008000419a (0x00000506) c.slli  a0, 1
core   0: 1 0x000000008000419a (0x0506) x10 0x0000000000000000
core   0: 0x000000008000419c (0x00102b73) csrrs   s6, fflags, zero
core   0: 1 0x000000008000419c (0x00102b73) x22 0x0000000000000011
core   0: 0x00000000800041a0 (0x000e0bb3) add     s7, t3, zero
core   0: 1 0x00000000800041a0 (0x000e0bb3) x23 0x0000000000000000
core   0: 0x00000000800041a4 (0x410b0b33) sub     s6, s6, a6
core   0: 1 0x00000000800041a4 (0x410b0b33) x22 0x000000007ffffeed
core   0: 0x00000000800041a8 (0xd22b7e53) fcvt.d.l ft8, s6
core   0: 1 0x00000000800041a8 (0xd22b7e53) f28 0x41dfffffbb400000
core   0: 0x00000000800041ac (0xd233f353) fcvt.d.lu ft6, t2
core   0: 1 0x00000000800041ac (0xd233f353) f6  0x41e00064efa00000
core   0: 0x00000000800041b0 (0x0031033b) addw    t1, sp, gp
core   0: 1 0x00000000800041b0 (0x0031033b) x6  0xffffffff80031f90
core   0: 0x00000000800041b4 (0x0250673b) remw    a4, zero, t0
core   0: 1 0x00000000800041b4 (0x0250673b) x14 0x0000000000000000
core   0: 0x00000000800041b8 (0x00259473) csrrw   s0, frm, a1
core   0: 1 0x00000000800041b8 (0x00259473) x8  0x0000000000000000 c2_frm 0x0000000000000004
core   0: 0x00000000800041bc (0xd0217453) fcvt.s.l fs0, sp
core   0: 1 0x00000000800041bc (0xd0217453) c1_fflags 0x0000000000000011 f8  0xffffffff4f000320
core   0: 0x00000000800041c0 (0x028581bb) mulw    gp, a1, s0
core   0: 1 0x00000000800041c0 (0x028581bb) x3  0x0000000000000000
core   0: 0x00000000800041c4 (0x00102ef3) csrrs   t4, fflags, zero
core   0: 1 0x00000000800041c4 (0x00102ef3) x29 0x0000000000000011
core   0: 0x00000000800041c8 (0x00000001) c.nop
core   0: 1 0x00000000800041c8 (0x0001)
core   0: 0x00000000800041ca (0xc220f553) fcvt.l.d a0, ft1
core   0: 1 0x00000000800041ca (0xc220f553) c1_fflags 0x0000000000000011 x10 0x7fffffffffffffff
core   0: 0x00000000800041ce (0x03d5433b) divw    t1, a0, t4
core   0: 1 0x00000000800041ce (0x03d5433b) x6  0x0000000000000000
core   0: 0x00000000800041d2 (0xd2130853) fcvt.d.wu fa6, t1
core   0: 1 0x00000000800041d2 (0xd2130853) f16 0x0000000000000000
core   0: 0x00000000800041d6 (0xc022f453) fcvt.l.s s0, ft5
core   0: 1 0x00000000800041d6 (0xc022f453) x8  0x0000000000000000
core   0: 0x00000000800041da (0xd21a8553) fcvt.d.wu fa0, s5
core   0: 1 0x00000000800041da (0xd21a8553) f10 0x4031000000000000
core   0: 0x00000000800041de (0x01a6db1b) srliw   s6, a3, 26
core   0: 1 0x00000000800041de (0x01a6db1b) x22 0x0000000000000020
core   0: 0x00000000800041e2 (0x01cb19b7) lui     s3, 0x1cb1
core   0: 1 0x00000000800041e2 (0x01cb19b7) x19 0x0000000001cb1000
core   0: 0x00000000800041e6 (0xe039899b) addiw   s3, s3, -509
core   0: 1 0x00000000800041e6 (0xe039899b) x19 0x0000000001cb0e03
core   0: 0x00000000800041ea (0x000009b2) c.slli  s3, 12
core   0: 1 0x00000000800041ea (0x09b2) x19 0x0000001cb0e03000
core   0: 0x00000000800041ec (0x9d698993) addi    s3, s3, -1578
core   0: 1 0x00000000800041ec (0x9d698993) x19 0x0000001cb0e029d6
core   0: 0x00000000800041f0 (0x40d05b1b) sraiw   s6, zero, 13
core   0: 1 0x00000000800041f0 (0x40d05b1b) x22 0x0000000000000000
core   0: 0x00000000800041f4 (0x00279273) csrrw   tp, frm, a5
core   0: 1 0x00000000800041f4 (0x00279273) x4  0x0000000000000004 c2_frm 0x0000000000000000
core   0: 0x00000000800041f8 (0x800a891b) addiw   s2, s5, -2048
core   0: 1 0x00000000800041f8 (0x800a891b) x18 0xfffffffffffff811
core   0: 0x00000000800041fc (0x03d2c2b3) div     t0, t0, t4
core   0: 1 0x00000000800041fc (0x03d2c2b3) x5  0x0000000006ff2969
core   0: 0x0000000080004200 (0x03d765bb) remw    a1, a4, t4
core   0: 1 0x0000000080004200 (0x03d765bb) x11 0x0000000000000000
core   0: 0x0000000080004204 (0x02227133) remu    sp, tp, sp
core   0: 1 0x0000000080004204 (0x02227133) x2  0x0000000000000004
core   0: 0x0000000080004208 (0x03084733) div     a4, a6, a6
core   0: 1 0x0000000080004208 (0x03084733) x14 0x0000000000000001
core   0: 0x000000008000420c (0x038c7c53) fadd.d  fs8, fs8, fs8
core   0: 1 0x000000008000420c (0x038c7c53) f24 0x7ff8000000000000
core   0: 0x0000000080004210 (0x4ee00513) li      a0, 1262
core   0: 1 0x0000000080004210 (0x4ee00513) x10 0x00000000000004ee
core   0: 0x0000000080004214 (0x031bdbbb) divuw   s7, s7, a7
core   0: 1 0x0000000080004214 (0x031bdbbb) x23 0x0000000000000000
core   0: 0x0000000080004218 (0x1ac67653) fdiv.d  fa2, fa2, fa2
core   0: 1 0x0000000080004218 (0x1ac67653) c1_fflags 0x0000000000000011 f12 0x7ff8000000000000
core   0: 0x000000008000421c (0x00000001) c.nop
core   0: 1 0x000000008000421c (0x0001)
core   0: 0x000000008000421e (0x03f05a13) srli    s4, zero, 63
core   0: 1 0x000000008000421e (0x03f05a13) x20 0x0000000000000000
core   0: 0x0000000080004222 (0xc038f553) fcvt.lu.s a0, fa7
core   0: 1 0x0000000080004222 (0xc038f553) x10 0x0000000000000000
core   0: 0x0000000080004226 (0xd2060553) fcvt.d.w fa0, a2
core   0: 1 0x0000000080004226 (0xd2060553) f10 0x40d8000000000000
core   0: 0x000000008000422a (0xb13434b7) lui     s1, 0xb1343
core   0: 1 0x000000008000422a (0xb13434b7) x9  0xffffffffb1343000
core   0: 0x000000008000422e (0x235d8dd3) fsgnj.d fs11, fs11, fs5
core   0: 1 0x000000008000422e (0x235d8dd3) f27 0xffffffff00000000
core   0: 0x0000000080004232 (0x000d5d1b) srliw   s10, s10, 0
core   0: 1 0x0000000080004232 (0x000d5d1b) x26 0xffffffff80032041
core   0: 0x0000000080004236 (0xd23d7ed3) fcvt.d.lu ft9, s10
core   0: 1 0x0000000080004236 (0xd23d7ed3) c1_fflags 0x0000000000000011 f29 0x43effffffff00064
core   0: 0x000000008000423a (0x40095713) srai    a4, s2, 0
core   0: 1 0x000000008000423a (0x40095713) x14 0xfffffffffffff811
core   0: 0x000000008000423e (0x7b9ef54b) fnmsub.d fa0, ft9, fs9, fa5
core   0: 1 0x000000008000423e (0x7b9ef54b) f10 0x7ff8000000000000
core   0: 0x0000000080004242 (0x234393d3) fsgnjn.d ft7, ft7, fs4
core   0: 1 0x0000000080004242 (0x234393d3) f7  0x7fffffff00000000
core   0: 0x0000000080004246 (0x403284bb) subw    s1, t0, gp
core   0: 1 0x0000000080004246 (0x403284bb) x9  0x0000000006ff2969
core   0: 0x000000008000424a (0x1bf1f1d3) fdiv.d  ft3, ft3, ft11
core   0: 1 0x000000008000424a (0x1bf1f1d3) f3  0x7ff8000000000000
core   0: 0x000000008000424e (0x00166413) ori     s0, a2, 1
core   0: 1 0x000000008000424e (0x00166413) x8  0x8000000200006001
core   0: 0x0000000080004252 (0x00000001) c.nop
core   0: 1 0x0000000080004252 (0x0001)
core   0: 0x0000000080004254 (0x028a6dbb) remw    s11, s4, s0
core   0: 1 0x0000000080004254 (0x028a6dbb) x27 0x0000000000000000
core   0: 0x0000000080004258 (0x029be433) rem     s0, s7, s1
core   0: 1 0x0000000080004258 (0x029be433) x8  0x0000000000000000
core   0: 0x000000008000425c (0x136371d3) fmul.d  ft3, ft6, fs6
core   0: 1 0x000000008000425c (0x136371d3) f3  0x7ff8000000000000
core   0: 0x0000000080004260 (0xc221f553) fcvt.l.d a0, ft3
core   0: 1 0x0000000080004260 (0xc221f553) c1_fflags 0x0000000000000011 x10 0x7fffffffffffffff
core   0: 0x0000000080004264 (0x0016f093) andi    ra, a3, 1
core   0: 1 0x0000000080004264 (0x0016f093) x1  0x0000000000000000
core   0: 0x0000000080004268 (0xd221f053) fcvt.d.l ft0, gp
core   0: 1 0x0000000080004268 (0xd221f053) f0  0x0000000000000000
core   0: 0x000000008000426c (0x02f6ccb3) div     s9, a3, a5
core   0: 1 0x000000008000426c (0x02f6ccb3) x25 0xffffffffffffffff
core   0: 0x0000000080004270 (0xc21ef953) fcvt.wu.d s2, ft9
core   0: 1 0x0000000080004270 (0xc21ef953) c1_fflags 0x0000000000000011 x18 0xffffffffffffffff
core   0: 0x0000000080004274 (0x0084539b) srliw   t2, s0, 8
core   0: 1 0x0000000080004274 (0x0084539b) x7  0x0000000000000000
core   0: 0x0000000080004278 (0x41d3063b) subw    a2, t1, t4
core   0: 1 0x0000000080004278 (0x41d3063b) x12 0xffffffffffffffef
core   0: 0x000000008000427c (0x01d02db3) slt     s11, zero, t4
core   0: 1 0x000000008000427c (0x01d02db3) x27 0x0000000000000001
core   0: 0x0000000080004280 (0xcf4985b7) lui     a1, 0xcf498
core   0: 1 0x0000000080004280 (0xcf4985b7) x11 0xffffffffcf498000
core   0: 0x0000000080004284 (0x03d35abb) divuw   s5, t1, t4
core   0: 1 0x0000000080004284 (0x03d35abb) x21 0x0000000000000000
core   0: 0x0000000080004288 (0x2317af53) fsgnjx.d ft10, fa5, fa7
core   0: 1 0x0000000080004288 (0x2317af53) f30 0xfff8000000000000
core   0: 0x000000008000428c (0x407a543b) sraw    s0, s4, t2
core   0: 1 0x000000008000428c (0x407a543b) x8  0x0000000000000000
core   0: 0x0000000080004290 (0x00202af3) csrrs   s5, frm, zero
core   0: 1 0x0000000080004290 (0x00202af3) x21 0x0000000000000000
core   0: 0x0000000080004294 (0xfff87993) andi    s3, a6, -1
core   0: 1 0x0000000080004294 (0xfff87993) x19 0xffffffff80000124
core   0: 0x0000000080004298 (0x0015dc93) srli    s9, a1, 1
core   0: 1 0x0000000080004298 (0x0015dc93) x25 0x7fffffffe7a4c000
core   0: 0x000000008000429c (0xc03f7353) fcvt.lu.s t1, ft10
core   0: 1 0x000000008000429c (0xc03f7353) c1_fflags 0x0000000000000011 x6  0xffffffffffffffff
core   0: 0x00000000800042a0 (0x87199397) auipc   t2, 0x87199
core   0: 1 0x00000000800042a0 (0x87199397) x7  0x000000000719d2a0
core   0: 0x00000000800042a4 (0x0155521b) srliw   tp, a0, 21
core   0: 1 0x00000000800042a4 (0x0155521b) x4  0x00000000000007ff
core   0: 0x00000000800042a8 (0x001000bb) addw    ra, zero, ra
core   0: 1 0x00000000800042a8 (0x001000bb) x1  0x0000000000000000
core   0: 0x00000000800042ac (0xd21e07d3) fcvt.d.wu fa5, t3
core   0: 1 0x00000000800042ac (0xd21e07d3) f15 0x0000000000000000
core   0: 0x00000000800042b0 (0x0120a3b3) slt     t2, ra, s2
core   0: 1 0x00000000800042b0 (0x0120a3b3) x7  0x0000000000000000
core   0: 0x00000000800042b4 (0xd2138153) fcvt.d.wu ft2, t2
core   0: 1 0x00000000800042b4 (0xd2138153) f2  0x0000000000000000
core   0: 0x00000000800042b8 (0x415cdab3) sra     s5, s9, s5
core   0: 1 0x00000000800042b8 (0x415cdab3) x21 0x7fffffffe7a4c000
core   0: 0x00000000800042bc (0xc03f7e53) fcvt.lu.s t3, ft10
core   0: 1 0x00000000800042bc (0xc03f7e53) c1_fflags 0x0000000000000011 x28 0xffffffffffffffff
core   0: 0x00000000800042c0 (0x0000848e) c.mv    s1, gp
core   0: 1 0x00000000800042c0 (0x848e) x9  0x0000000000000000
core   0: 0x00000000800042c2 (0x001383bb) addw    t2, t2, ra
core   0: 1 0x00000000800042c2 (0x001383bb) x7  0x0000000000000000
core   0: 0x00000000800042c6 (0x23da9e53) fsgnjn.d ft8, fs5, ft9
core   0: 1 0x00000000800042c6 (0x23da9e53) f28 0xffffffff7fc00000
core   0: 0x00000000800042ca (0x01d901b3) add     gp, s2, t4
core   0: 1 0x00000000800042ca (0x01d901b3) x3  0x0000000000000010
core   0: 0x00000000800042ce (0x037938b3) mulhu   a7, s2, s7
core   0: 1 0x00000000800042ce (0x037938b3) x17 0x0000000000000000
core   0: 0x00000000800042d2 (0x00000001) c.nop
core   0: 1 0x00000000800042d2 (0x0001)
core   0: 0x00000000800042d4 (0x000adab3) srl     s5, s5, zero
core   0: 1 0x00000000800042d4 (0x000adab3) x21 0x7fffffffe7a4c000
core   0: 0x00000000800042d8 (0x03b81bb3) mulh    s7, a6, s11
core   0: 1 0x00000000800042d8 (0x03b81bb3) x23 0xffffffffffffffff
core   0: 0x00000000800042dc (0xa2eb8353) fle.d   t1, fs7, fa4
core   0: 1 0x00000000800042dc (0xa2eb8353) c1_fflags 0x0000000000000011 x6  0x0000000000000000
core   0: 0x00000000800042e0 (0xf20800d3) fmv.d.x ft1, a6
core   0: 1 0x00000000800042e0 (0xf20800d3) f1  0xffffffff80000124
core   0: 0x00000000800042e4 (0x4266d593) srai    a1, a3, 38
core   0: 1 0x00000000800042e4 (0x4266d593) x11 0x0000000000000000
core   0: 0x00000000800042e8 (0x0ab77753) fsub.d  fa4, fa4, fa1
core   0: 1 0x00000000800042e8 (0x0ab77753) f14 0x7ff8000000000000
core   0: 0x00000000800042ec (0xd20e8153) fcvt.d.w ft2, t4
core   0: 1 0x00000000800042ec (0xd20e8153) f2  0x4031000000000000
core   0: 0x00000000800042f0 (0x420a8753) fcvt.d.s fa4, fs5
core   0: 1 0x00000000800042f0 (0x420a8753) f14 0x7ff8000000000000
core   0: 0x00000000800042f4 (0x02b75e3b) divuw   t3, a4, a1
core   0: 1 0x00000000800042f4 (0x02b75e3b) x28 0xffffffffffffffff
core   0: 0x00000000800042f8 (0x0324f333) remu    t1, s1, s2
core   0: 1 0x00000000800042f8 (0x0324f333) x6  0x0000000000000000
core   0: 0x00000000800042fc (0x1048d573) csrrwi  a0, sie, 17
core   0: 1 0x00000000800042fc (0x1048d573) x10 0x0000000000000000 c772_mie 0x0000000000000a00
core   0: 0x0000000080004300 (0x320d5173) csrrwi  sp, mcountinhibit, 26
core   0: exception trap_illegal_instruction, epc 0x0000000080004300
core   0:           tval 0x00000000320d5173
core   0: >>>>  $xrv64i2p1_m2p0_a2p1_f2p2_d2p2_zicsr2p0_zifencei2p0_zmmul1p0_zba1p0_zbb1p0_zbc1p0_zbs1p0
core   0: 0x0000000080004000 (0x0080006f) j       pc + 0x8
core   0: 3 0x0000000080004000 (0x0080006f)
core   0: >>>>  mmode_exception_handler
core   0: 0x0000000080004008 (0x00002c17) auipc   s8, 0x2
core   0: 3 0x0000000080004008 (0x00002c17) x24 0x0000000080006008
core   0: 0x000000008000400c (0xfd0c0c13) addi    s8, s8, -48
core   0: 3 0x000000008000400c (0xfd0c0c13) x24 0x0000000080005fd8
core   0: 0x0000000080004010 (0x000c00e7) jalr    s8
core   0: 3 0x0000000080004010 (0x000c00e7) x1  0x0000000080004014
core   0: >>>>  any_handler
core   0: 0x0000000080005fd8 (0x341027f3) csrrs   a5, mepc, zero
core   0: 3 0x0000000080005fd8 (0x341027f3) x15 0x0000000080004300
core   0: 0x0000000080005fdc (0x34202773) csrrs   a4, mcause, zero
core   0: 3 0x0000000080005fdc (0x34202773) x14 0x0000000000000002
core   0: 0x0000000080005fe0 (0x142026f3) csrrs   a3, scause, zero
core   0: 3 0x0000000080005fe0 (0x142026f3) x13 0x0000000000000000
core   0: 0x0000000080005fe4 (0x30402673) csrrs   a2, mie, zero
core   0: 3 0x0000000080005fe4 (0x30402673) x12 0x0000000000000a00
core   0: 0x0000000080005fe8 (0x344025f3) csrrs   a1, mip, zero
core   0: 3 0x0000000080005fe8 (0x344025f3) x11 0x0000000000000080
core   0: 0x0000000080005fec (0x343025f3) csrrs   a1, mtval, zero
core   0: 3 0x0000000080005fec (0x343025f3) x11 0x00000000320d5173
core   0: 0x0000000080005ff0 (0x14302573) csrrs   a0, stval, zero
core   0: 3 0x0000000080005ff0 (0x14302573) x10 0x0000000000000000
core   0: 0x0000000080005ff4 (0xb02024f3) csrrs   s1, minstret, zero
core   0: 3 0x0000000080005ff4 (0xb02024f3) x9  0x0000000000000886
core   0: 0x0000000080005ff8 (0x0000a811) c.j     pc + 20
core   0: 3 0x0000000080005ff8 (0xa811)
core   0: >>>>  mepc_4
core   0: 0x000000008000600c (0x00000791) c.addi  a5, 4
core   0: 3 0x000000008000600c (0x0791) x15 0x0000000080004304
core   0: 0x000000008000600e (0x34179073) csrrw   zero, mepc, a5
core   0: 3 0x000000008000600e (0x34179073) c833_mepc 0x0000000080004304
core   0: 0x0000000080006012 (0x30200073) mret
core   0: 3 0x0000000080006012 (0x30200073) c768_mstatus 0x8000000a00106080
core   0: 0x0000000080004304 (0x5a09f3d3) fsqrt.d ft7, fs3
core   0: 1 0x0000000080004304 (0x5a09f3d3) f7  0x7ff8000000000000
core   0: 0x0000000080004308 (0x401d7e53) fcvt.s.d ft8, fs10
core   0: 1 0x0000000080004308 (0x401d7e53) f28 0xffffffff00000000
core   0: 0x000000008000430c (0x32f8fd47) fmsub.d fs10, fa7, fa5, ft6
core   0: 1 0x000000008000430c (0x32f8fd47) f26 0x7ff8000000000000
core   0: 0x0000000080004310 (0x00d2d63b) srlw    a2, t0, a3
core   0: 1 0x0000000080004310 (0x00d2d63b) x12 0x0000000006ff2969
core   0: 0x0000000080004314 (0x0ad7f0d3) fsub.d  ft1, fa5, fa3
core   0: 1 0x0000000080004314 (0x0ad7f0d3) f1  0x7ff8000000000000
core   0: 0x0000000080004318 (0x401874d3) fcvt.s.d fs1, fa6
core   0: 1 0x0000000080004318 (0x401874d3) f9  0xffffffff00000000
core   0: 0x000000008000431c (0x0001ac33) slt     s8, gp, zero
core   0: 1 0x000000008000431c (0x0001ac33) x24 0x0000000000000000
core   0: 0x0000000080004320 (0x2a349bd3) fmax.d  fs7, fs1, ft3
core   0: 1 0x0000000080004320 (0x2a349bd3) f23 0x7ff8000000000000
core   0: 0x0000000080004324 (0xfff07393) andi    t2, zero, -1
core   0: 1 0x0000000080004324 (0xfff07393) x7  0x0000000000000000
core   0: 0x0000000080004328 (0x00212033) slt     zero, sp, sp
core   0: 1 0x0000000080004328 (0x00212033)
core   0: 0x000000008000432c (0x400ed91b) sraiw   s2, t4, 0
core   0: 1 0x000000008000432c (0x400ed91b) x18 0x0000000000000011
core   0: 0x0000000080004330 (0x2394acd3) fsgnjx.d fs9, fs1, fs9
core   0: 1 0x0000000080004330 (0x2394acd3) f25 0x7fffffff00000000
core   0: 0x0000000080004334 (0x00c91433) sll     s0, s2, a2
core   0: 1 0x0000000080004334 (0x00c91433) x8  0x0000220000000000
core   0: 0x0000000080004338 (0x009de333) or      t1, s11, s1
core   0: 1 0x0000000080004338 (0x009de333) x6  0x0000000000000887
core   0: 0x000000008000433c (0x026a8c3b) mulw    s8, s5, t1
core   0: 1 0x000000008000433c (0x026a8c3b) x24 0x000000004de14000
core   0: 0x0000000080004340 (0x41c4d593) srai    a1, s1, 28
core   0: 1 0x0000000080004340 (0x41c4d593) x11 0x0000000000000000
core   0: 0x0000000080004344 (0x00000622) c.slli  a2, 8
core   0: 1 0x0000000080004344 (0x0622) x12 0x00000006ff296900
core   0: 0x0000000080004346 (0xc2167453) fcvt.wu.d s0, fa2
core   0: 1 0x0000000080004346 (0xc2167453) c1_fflags 0x0000000000000011 x8  0xffffffffffffffff
core   0: 0x000000008000434a (0xff7621b7) lui     gp, 0xff762
core   0: 1 0x000000008000434a (0xff7621b7) x3  0xffffffffff762000
core   0: 0x000000008000434e (0x3411819b) addiw   gp, gp, 833
core   0: 1 0x000000008000434e (0x3411819b) x3  0xffffffffff762341
core   0: 0x0000000080004352 (0x000001b6) c.slli  gp, 13
core   0: 1 0x0000000080004352 (0x01b6) x3  0xffffffeec4682000
core   0: 0x0000000080004354 (0x5a318193) addi    gp, gp, 1443
core   0: 1 0x0000000080004354 (0x5a318193) x3  0xffffffeec46825a3
core   0: 0x0000000080004358 (0x02949eb3) mulh    t4, s1, s1
core   0: 1 0x0000000080004358 (0x02949eb3) x29 0x0000000000000000
core   0: 0x000000008000435c (0x00c61d3b) sllw    s10, a2, a2
core   0: 1 0x000000008000435c (0x00c61d3b) x26 0xffffffffff296900
core   0: 0x0000000080004360 (0x239c98d3) fsgnjn.d fa7, fs9, fs9
core   0: 1 0x0000000080004360 (0x239c98d3) f17 0xffffffff00000000
core   0: 0x0000000080004364 (0x76a14193) xori    gp, sp, 1898
core   0: 1 0x0000000080004364 (0x76a14193) x3  0x000000000000076e
core   0: 0x0000000080004368 (0x1344fdd3) fmul.d  fs11, fs1, fs4
core   0: 1 0x0000000080004368 (0x1344fdd3) f27 0x7ff8000000000000
core   0: 0x000000008000436c (0x00269573) csrrw   a0, frm, a3
core   0: 1 0x000000008000436c (0x00269573) x10 0x0000000000000000 c2_frm 0x0000000000000000
core   0: 0x0000000080004370 (0x00a5563b) srlw    a2, a0, a0
core   0: 1 0x0000000080004370 (0x00a5563b) x12 0x0000000000000000
core   0: 0x0000000080004374 (0x023b833b) mulw    t1, s7, gp
core   0: 1 0x0000000080004374 (0x023b833b) x6  0xfffffffffffff892
core   0: 0x0000000080004378 (0x0037573b) srlw    a4, a4, gp
core   0: 1 0x0000000080004378 (0x0037573b) x14 0x0000000000000000
core   0: 0x000000008000437c (0x0ff0000f) fence   iorw,iorw
core   0: 1 0x000000008000437c (0x0ff0000f)
core   0: 0x0000000080004380 (0x692e69b7) lui     s3, 0x692e6
core   0: 1 0x0000000080004380 (0x692e69b7) x19 0x00000000692e6000
core   0: 0x0000000080004384 (0xfe6156b7) lui     a3, 0xfe615
core   0: 1 0x0000000080004384 (0xfe6156b7) x13 0xfffffffffe615000
core   0: 0x0000000080004388 (0x000036bd) c.addiw a3, -17
core   0: 1 0x0000000080004388 (0x36bd) x13 0xfffffffffe614fef
core   0: 0x000000008000438a (0x000006b6) c.slli  a3, 13
core   0: 1 0x000000008000438a (0x06b6) x13 0xffffffcc29fde000
core   0: 0x000000008000438c (0xec968693) addi    a3, a3, -311
core   0: 1 0x000000008000438c (0xec968693) x13 0xffffffcc29fddec9
core   0: 0x0000000080004390 (0x020d5c13) srli    s8, s10, 32
core   0: 1 0x0000000080004390 (0x020d5c13) x24 0x00000000ffffffff
core   0: 0x0000000080004394 (0x00008da5) c.xor   a1, s1
core   0: 1 0x0000000080004394 (0x8da5) x11 0x0000000000000886
core   0: 0x0000000080004396 (0x5a0673d3) fsqrt.d ft7, fa2
core   0: 1 0x0000000080004396 (0x5a0673d3) f7  0x7ff8000000000000
core   0: 0x000000008000439a (0x2a790953) fmin.d  fs2, fs2, ft7
core   0: 1 0x000000008000439a (0x2a790953) f18 0x7ff8000000000000
core   0: 0x000000008000439e (0x0310c43b) divw    s0, ra, a7
core   0: 1 0x000000008000439e (0x0310c43b) x8  0xffffffffffffffff
core   0: 0x00000000800043a2 (0x0150f133) and     sp, ra, s5
core   0: 1 0x00000000800043a2 (0x0150f133) x2  0x0000000080004000
core   0: 0x00000000800043a6 (0x02c29333) mulh    t1, t0, a2
core   0: 1 0x00000000800043a6 (0x02c29333) x6  0x0000000000000000
core   0: 0x00000000800043aa (0x02b8fad3) fadd.d  fs5, fa7, fa1
core   0: 1 0x00000000800043aa (0x02b8fad3) f21 0x7ff8000000000000
core   0: 0x00000000800043ae (0x01fe1a1b) slliw   s4, t3, 31
core   0: 1 0x00000000800043ae (0x01fe1a1b) x20 0xffffffff80000000
core   0: 0x00000000800043b2 (0xc23dfa53) fcvt.lu.d s4, fs11
core   0: 1 0x00000000800043b2 (0xc23dfa53) c1_fflags 0x0000000000000011 x20 0xffffffffffffffff
core   0: 0x00000000800043b6 (0x2a0091d3) fmax.d  ft3, ft1, ft0
core   0: 1 0x00000000800043b6 (0x2a0091d3) f3  0x0000000000000000
core   0: 0x00000000800043ba (0x036ace33) div     t3, s5, s6
core   0: 1 0x00000000800043ba (0x036ace33) x28 0xffffffffffffffff
core   0: 0x00000000800043be (0x2f2e6e13) ori     t3, t3, 754
core   0: 1 0x00000000800043be (0x2f2e6e13) x28 0xffffffffffffffff
core   0: 0x00000000800043c2 (0x8c87f513) andi    a0, a5, -1848
core   0: 1 0x00000000800043c2 (0x8c87f513) x10 0x0000000080004000
core   0: 0x00000000800043c6 (0x02e6e4bb) remw    s1, a3, a4
core   0: 1 0x00000000800043c6 (0x02e6e4bb) x9  0x0000000029fddec9
core   0: 0x00000000800043ca (0xf140ebf3) csrrsi  s7, mhartid, 1
core   0: exception trap_illegal_instruction, epc 0x00000000800043ca
core   0:           tval 0x00000000f140ebf3
core   0: >>>>  $xrv64i2p1_m2p0_a2p1_f2p2_d2p2_zicsr2p0_zifencei2p0_zmmul1p0_zba1p0_zbb1p0_zbc1p0_zbs1p0
core   0: 0x0000000080004000 (0x0080006f) j       pc + 0x8
core   0: 3 0x0000000080004000 (0x0080006f)
core   0: >>>>  mmode_exception_handler
core   0: 0x0000000080004008 (0x00002c17) auipc   s8, 0x2
core   0: 3 0x0000000080004008 (0x00002c17) x24 0x0000000080006008
core   0: 0x000000008000400c (0xfd0c0c13) addi    s8, s8, -48
core   0: 3 0x000000008000400c (0xfd0c0c13) x24 0x0000000080005fd8
core   0: 0x0000000080004010 (0x000c00e7) jalr    s8
core   0: 3 0x0000000080004010 (0x000c00e7) x1  0x0000000080004014
core   0: >>>>  any_handler
core   0: 0x0000000080005fd8 (0x341027f3) csrrs   a5, mepc, zero
core   0: 3 0x0000000080005fd8 (0x341027f3) x15 0x00000000800043ca
core   0: 0x0000000080005fdc (0x34202773) csrrs   a4, mcause, zero
core   0: 3 0x0000000080005fdc (0x34202773) x14 0x0000000000000002
core   0: 0x0000000080005fe0 (0x142026f3) csrrs   a3, scause, zero
core   0: 3 0x0000000080005fe0 (0x142026f3) x13 0x0000000000000000
core   0: 0x0000000080005fe4 (0x30402673) csrrs   a2, mie, zero
core   0: 3 0x0000000080005fe4 (0x30402673) x12 0x0000000000000a00
core   0: 0x0000000080005fe8 (0x344025f3) csrrs   a1, mip, zero
core   0: 3 0x0000000080005fe8 (0x344025f3) x11 0x0000000000000080
core   0: 0x0000000080005fec (0x343025f3) csrrs   a1, mtval, zero
core   0: 3 0x0000000080005fec (0x343025f3) x11 0x00000000f140ebf3
core   0: 0x0000000080005ff0 (0x14302573) csrrs   a0, stval, zero
core   0: 3 0x0000000080005ff0 (0x14302573) x10 0x0000000000000000
core   0: 0x0000000080005ff4 (0xb02024f3) csrrs   s1, minstret, zero
core   0: 3 0x0000000080005ff4 (0xb02024f3) x9  0x00000000000008ca
core   0: 0x0000000080005ff8 (0x0000a811) c.j     pc + 20
core   0: 3 0x0000000080005ff8 (0xa811)
core   0: >>>>  mepc_4
core   0: 0x000000008000600c (0x00000791) c.addi  a5, 4
core   0: 3 0x000000008000600c (0x0791) x15 0x00000000800043ce
core   0: 0x000000008000600e (0x34179073) csrrw   zero, mepc, a5
core   0: 3 0x000000008000600e (0x34179073) c833_mepc 0x00000000800043ce
core   0: 0x0000000080006012 (0x30200073) mret
core   0: 3 0x0000000080006012 (0x30200073) c768_mstatus 0x8000000a00106080
core   0: 0x00000000800043ce (0x5a097dd3) fsqrt.d fs11, fs2
core   0: 1 0x00000000800043ce (0x5a097dd3) f27 0x7ff8000000000000
core   0: 0x00000000800043d2 (0x40c90933) sub     s2, s2, a2
core   0: 1 0x00000000800043d2 (0x40c90933) x18 0xfffffffffffff611
core   0: 0x00000000800043d6 (0xa3670053) fle.d   zero, fa4, fs6
core   0: 1 0x00000000800043d6 (0xa3670053) c1_fflags 0x0000000000000011
core   0: 0x00000000800043da (0x0aec7953) fsub.d  fs2, fs8, fa4
core   0: 1 0x00000000800043da (0x0aec7953) f18 0x7ff8000000000000
core   0: 0x00000000800043de (0x40005093) srai    ra, zero, 0
core   0: 1 0x00000000800043de (0x40005093) x1  0x0000000000000000
core   0: 0x00000000800043e2 (0x238c20d3) fsgnjx.d ft1, fs8, fs8
core   0: 1 0x00000000800043e2 (0x238c20d3) f1  0x7ff8000000000000
core   0: 0x00000000800043e6 (0x80056213) ori     tp, a0, -2048
core   0: 1 0x00000000800043e6 (0x80056213) x4  0xfffffffffffff800
core   0: 0x00000000800043ea (0xd23674d3) fcvt.d.lu fs1, a2
core   0: 1 0x00000000800043ea (0xd23674d3) f9  0x40a4000000000000
core   0: 0x00000000800043ee (0x420786d3) fcvt.d.s fa3, fa5
core   0: 1 0x00000000800043ee (0x420786d3) f13 0x7ff8000000000000
core   0: 0x00000000800043f2 (0xd23d7d53) fcvt.d.lu fs10, s10
core   0: 1 0x00000000800043f2 (0xd23d7d53) c1_fflags 0x0000000000000011 f26 0x43efffffffffe52d
core   0: 0x00000000800043f6 (0x02f45eb3) divu    t4, s0, a5
core   0: 1 0x00000000800043f6 (0x02f45eb3) x29 0x00000001fffef0c8
core   0: 0x00000000800043fa (0x0339f9b3) remu    s3, s3, s3
core   0: 1 0x00000000800043fa (0x0339f9b3) x19 0x0000000000000000
core   0: 0x00000000800043fe (0x66620837) lui     a6, 0x66620
core   0: 1 0x00000000800043fe (0x66620837) x16 0x0000000066620000
core   0: 0x0000000080004402 (0xd029f553) fcvt.s.l fa0, s3
core   0: 1 0x0000000080004402 (0xd029f553) f10 0xffffffff00000000
core   0: 0x0000000080004406 (0xc02c7553) fcvt.l.s a0, fs8
core   0: 1 0x0000000080004406 (0xc02c7553) c1_fflags 0x0000000000000011 x10 0x7fffffffffffffff
core   0: 0x000000008000440a (0x0ff0000f) fence   iorw,iorw
core   0: 1 0x000000008000440a (0x0ff0000f)
core   0: 0x000000008000440e (0xc22b7253) fcvt.l.d tp, fs6
core   0: 1 0x000000008000440e (0xc22b7253) c1_fflags 0x0000000000000011 x4  0x7fffffffffffffff
core   0: 0x0000000080004412 (0xc02ef153) fcvt.l.s sp, ft9
core   0: 1 0x0000000080004412 (0xc02ef153) c1_fflags 0x0000000000000011 x2  0x7fffffffffffffff
core   0: 0x0000000080004416 (0xc03476d3) fcvt.lu.s a3, fs0
core   0: 1 0x0000000080004416 (0xc03476d3) x13 0x0000000080032000
core   0: 0x000000008000441a (0x002bf233) and     tp, s7, sp
core   0: 1 0x000000008000441a (0x002bf233) x4  0x7fffffffffffffff
core   0: 0x000000008000441e (0x22ce21d3) fsgnjx.d ft3, ft8, fa2
core   0: 1 0x000000008000441e (0x22ce21d3) f3  0xffffffff00000000
core   0: 0x0000000080004422 (0x001022f3) csrrs   t0, fflags, zero
core   0: 1 0x0000000080004422 (0x001022f3) x5  0x0000000000000011
core   0: 0x0000000080004426 (0x01b4583b) srlw    a6, s0, s11
core   0: 1 0x0000000080004426 (0x01b4583b) x16 0x000000007fffffff
core   0: 0x000000008000442a (0xf147b573) csrrc   a0, mhartid, a5
core   0: exception trap_illegal_instruction, epc 0x000000008000442a
core   0:           tval 0x00000000f147b573
core   0: >>>>  $xrv64i2p1_m2p0_a2p1_f2p2_d2p2_zicsr2p0_zifencei2p0_zmmul1p0_zba1p0_zbb1p0_zbc1p0_zbs1p0
core   0: 0x0000000080004000 (0x0080006f) j       pc + 0x8
core   0: 3 0x0000000080004000 (0x0080006f)
core   0: >>>>  mmode_exception_handler
core   0: 0x0000000080004008 (0x00002c17) auipc   s8, 0x2
core   0: 3 0x0000000080004008 (0x00002c17) x24 0x0000000080006008
core   0: 0x000000008000400c (0xfd0c0c13) addi    s8, s8, -48
core   0: 3 0x000000008000400c (0xfd0c0c13) x24 0x0000000080005fd8
core   0: 0x0000000080004010 (0x000c00e7) jalr    s8
core   0: 3 0x0000000080004010 (0x000c00e7) x1  0x0000000080004014
core   0: >>>>  any_handler
core   0: 0x0000000080005fd8 (0x341027f3) csrrs   a5, mepc, zero
core   0: 3 0x0000000080005fd8 (0x341027f3) x15 0x000000008000442a
core   0: 0x0000000080005fdc (0x34202773) csrrs   a4, mcause, zero
core   0: 3 0x0000000080005fdc (0x34202773) x14 0x0000000000000002
core   0: 0x0000000080005fe0 (0x142026f3) csrrs   a3, scause, zero
core   0: 3 0x0000000080005fe0 (0x142026f3) x13 0x0000000000000000
core   0: 0x0000000080005fe4 (0x30402673) csrrs   a2, mie, zero
core   0: 3 0x0000000080005fe4 (0x30402673) x12 0x0000000000000a00
core   0: 0x0000000080005fe8 (0x344025f3) csrrs   a1, mip, zero
core   0: 3 0x0000000080005fe8 (0x344025f3) x11 0x0000000000000080
core   0: 0x0000000080005fec (0x343025f3) csrrs   a1, mtval, zero
core   0: 3 0x0000000080005fec (0x343025f3) x11 0x00000000f147b573
core   0: 0x0000000080005ff0 (0x14302573) csrrs   a0, stval, zero
core   0: 3 0x0000000080005ff0 (0x14302573) x10 0x0000000000000000
core   0: 0x0000000080005ff4 (0xb02024f3) csrrs   s1, minstret, zero
core   0: 3 0x0000000080005ff4 (0xb02024f3) x9  0x00000000000008f1
core   0: 0x0000000080005ff8 (0x0000a811) c.j     pc + 20
core   0: 3 0x0000000080005ff8 (0xa811)
core   0: >>>>  mepc_4
core   0: 0x000000008000600c (0x00000791) c.addi  a5, 4
core   0: 3 0x000000008000600c (0x0791) x15 0x000000008000442e
core   0: 0x000000008000600e (0x34179073) csrrw   zero, mepc, a5
core   0: 3 0x000000008000600e (0x34179073) c833_mepc 0x000000008000442e
core   0: 0x0000000080006012 (0x30200073) mret
core   0: 3 0x0000000080006012 (0x30200073) c768_mstatus 0x8000000a00106080
core   0: 0x000000008000442e (0xc81fd5f3) csrrwi  a1, timeh, 31
core   0: exception trap_illegal_instruction, epc 0x000000008000442e
core   0:           tval 0x00000000c81fd5f3
core   0: >>>>  $xrv64i2p1_m2p0_a2p1_f2p2_d2p2_zicsr2p0_zifencei2p0_zmmul1p0_zba1p0_zbb1p0_zbc1p0_zbs1p0
core   0: 0x0000000080004000 (0x0080006f) j       pc + 0x8
core   0: 3 0x0000000080004000 (0x0080006f)
core   0: >>>>  mmode_exception_handler
core   0: 0x0000000080004008 (0x00002c17) auipc   s8, 0x2
core   0: 3 0x0000000080004008 (0x00002c17) x24 0x0000000080006008
core   0: 0x000000008000400c (0xfd0c0c13) addi    s8, s8, -48
core   0: 3 0x000000008000400c (0xfd0c0c13) x24 0x0000000080005fd8
core   0: 0x0000000080004010 (0x000c00e7) jalr    s8
core   0: 3 0x0000000080004010 (0x000c00e7) x1  0x0000000080004014
core   0: >>>>  any_handler
core   0: 0x0000000080005fd8 (0x341027f3) csrrs   a5, mepc, zero
core   0: 3 0x0000000080005fd8 (0x341027f3) x15 0x000000008000442e
core   0: 0x0000000080005fdc (0x34202773) csrrs   a4, mcause, zero
core   0: 3 0x0000000080005fdc (0x34202773) x14 0x0000000000000002
core   0: 0x0000000080005fe0 (0x142026f3) csrrs   a3, scause, zero
core   0: 3 0x0000000080005fe0 (0x142026f3) x13 0x0000000000000000
core   0: 0x0000000080005fe4 (0x30402673) csrrs   a2, mie, zero
core   0: 3 0x0000000080005fe4 (0x30402673) x12 0x0000000000000a00
core   0: 0x0000000080005fe8 (0x344025f3) csrrs   a1, mip, zero
core   0: 3 0x0000000080005fe8 (0x344025f3) x11 0x0000000000000080
core   0: 0x0000000080005fec (0x343025f3) csrrs   a1, mtval, zero
core   0: 3 0x0000000080005fec (0x343025f3) x11 0x00000000c81fd5f3
core   0: 0x0000000080005ff0 (0x14302573) csrrs   a0, stval, zero
core   0: 3 0x0000000080005ff0 (0x14302573) x10 0x0000000000000000
core   0: 0x0000000080005ff4 (0xb02024f3) csrrs   s1, minstret, zero
core   0: 3 0x0000000080005ff4 (0xb02024f3) x9  0x0000000000000901
core   0: 0x0000000080005ff8 (0x0000a811) c.j     pc + 20
core   0: 3 0x0000000080005ff8 (0xa811)
core   0: >>>>  mepc_4
core   0: 0x000000008000600c (0x00000791) c.addi  a5, 4
core   0: 3 0x000000008000600c (0x0791) x15 0x0000000080004432
core   0: 0x000000008000600e (0x34179073) csrrw   zero, mepc, a5
core   0: 3 0x000000008000600e (0x34179073) c833_mepc 0x0000000080004432
core   0: 0x0000000080006012 (0x30200073) mret
core   0: 3 0x0000000080006012 (0x30200073) c768_mstatus 0x8000000a00106080
core   0: 0x0000000080004432 (0x01f3931b) slliw   t1, t2, 31
core   0: 1 0x0000000080004432 (0x01f3931b) x6  0x0000000000000000
core   0: 0x0000000080004436 (0x0295e5b3) rem     a1, a1, s1
core   0: 1 0x0000000080004436 (0x0295e5b3) x11 0x00000000000007ff
core   0: 0x000000008000443a (0x02001933) mulh    s2, zero, zero
core   0: 1 0x000000008000443a (0x02001933) x18 0x0000000000000000
core   0: 0x000000008000443e (0x02c2ab33) mulhsu  s6, t0, a2
core   0: 1 0x000000008000443e (0x02c2ab33) x22 0x0000000000000000
core   0: 0x0000000080004442 (0xd29e724b) fnmsub.d ft4, ft8, fs1, fs10
core   0: 1 0x0000000080004442 (0xd29e724b) f4  0x7ff8000000000000
core   0: 0x0000000080004446 (0x00134a93) xori    s5, t1, 1
core   0: 1 0x0000000080004446 (0x00134a93) x21 0x0000000000000001
core   0: 0x000000008000444a (0xe1e278b7) lui     a7, 0xe1e27
core   0: 1 0x000000008000444a (0xe1e278b7) x17 0xffffffffe1e27000
core   0: 0x000000008000444e (0x00000001) c.nop
core   0: 1 0x000000008000444e (0x0001)
core   0: 0x0000000080004450 (0x49e069b7) lui     s3, 0x49e06
core   0: 1 0x0000000080004450 (0x49e069b7) x19 0x0000000049e06000
core   0: 0x0000000080004454 (0x02c9f63b) remuw   a2, s3, a2
core   0: 1 0x0000000080004454 (0x02c9f63b) x12 0x0000000000000800
core   0: 0x0000000080004458 (0x0070823b) addw    tp, ra, t2
core   0: 1 0x0000000080004458 (0x0070823b) x4  0xffffffff80004014
core   0: 0x000000008000445c (0x03c64e33) div     t3, a2, t3
core   0: 1 0x000000008000445c (0x03c64e33) x28 0xfffffffffffff800
core   0: 0x0000000080004460 (0x0ff0000f) fence   iorw,iorw
core   0: 1 0x0000000080004460 (0x0ff0000f)
core   0: 0x0000000080004464 (0xa1a40413) addi    s0, s0, -1510
core   0: 1 0x0000000080004464 (0xa1a40413) x8  0xfffffffffffffa19
core   0: 0x0000000080004468 (0x0ff0000f) fence   iorw,iorw
core   0: 1 0x0000000080004468 (0x0ff0000f)
core   0: 0x000000008000446c (0x005797bb) sllw    a5, a5, t0
core   0: 1 0x000000008000446c (0x005797bb) x15 0xffffffff88640000
core   0: 0x0000000080004470 (0x420a8ed3) fcvt.d.s ft9, fs5
core   0: 1 0x0000000080004470 (0x420a8ed3) f29 0x7ff8000000000000
core   0: 0x0000000080004474 (0x456340b7) lui     ra, 0x45634
core   0: 1 0x0000000080004474 (0x456340b7) x1  0x0000000045634000
core   0: 0x0000000080004478 (0xf0c08813) addi    a6, ra, -244
core   0: 1 0x0000000080004478 (0xf0c08813) x16 0x0000000045633f0c
core   0: 0x000000008000447c (0x03a40433) mul     s0, s0, s10
core   0: 1 0x000000008000447c (0x03a40433) x8  0x00000004f2954100
core   0: 0x0000000080004480 (0xeb9df147) fmsub.d ft2, fs11, fs9, ft9
core   0: 1 0x0000000080004480 (0xeb9df147) f2  0x7ff8000000000000
core   0: 0x0000000080004484 (0x027511b3) mulh    gp, a0, t2
core   0: 1 0x0000000080004484 (0x027511b3) x3  0x0000000000000000
core   0: 0x0000000080004488 (0x407a533b) sraw    t1, s4, t2
core   0: 1 0x0000000080004488 (0x407a533b) x6  0xffffffffffffffff
core   0: 0x000000008000448c (0x00371c1b) slliw   s8, a4, 3
core   0: 1 0x000000008000448c (0x00371c1b) x24 0x0000000000000010
core   0: 0x0000000080004490 (0xac5c4013) xori    zero, s8, -1339
core   0: 1 0x0000000080004490 (0xac5c4013)
core   0: 0x0000000080004494 (0x004b1b3b) sllw    s6, s6, tp
core   0: 1 0x0000000080004494 (0x004b1b3b) x22 0x0000000000000000
core   0: 0x0000000080004498 (0x01d0d79b) srliw   a5, ra, 29
core   0: 1 0x0000000080004498 (0x01d0d79b) x15 0x0000000000000002
core   0: 0x000000008000449c (0x03d0f2b3) remu    t0, ra, t4
core   0: 1 0x000000008000449c (0x03d0f2b3) x5  0x0000000045634000
core   0: 0x00000000800044a0 (0xc203f553) fcvt.w.d a0, ft7
core   0: 1 0x00000000800044a0 (0xc203f553) c1_fflags 0x0000000000000011 x10 0x000000007fffffff
core   0: 0x00000000800044a4 (0x03955993) srli    s3, a0, 57
core   0: 1 0x00000000800044a4 (0x03955993) x19 0x0000000000000000
core   0: 0x00000000800044a8 (0x0097ecb3) or      s9, a5, s1
core   0: 1 0x00000000800044a8 (0x0097ecb3) x25 0x0000000000000903
core   0: 0x00000000800044ac (0x0206e3bb) remw    t2, a3, zero
core   0: 1 0x00000000800044ac (0x0206e3bb) x7  0x0000000000000000
core   0: 0x00000000800044b0 (0xf28dca13) xori    s4, s11, -216
core   0: 1 0x00000000800044b0 (0xf28dca13) x20 0xffffffffffffff29
core   0: 0x00000000800044b4 (0x01d919bb) sllw    s3, s2, t4
core   0: 1 0x00000000800044b4 (0x01d919bb) x19 0x0000000000000000
core   0: 0x00000000800044b8 (0x00102af3) csrrs   s5, fflags, zero
core   0: 1 0x00000000800044b8 (0x00102af3) x21 0x0000000000000011
core   0: 0x00000000800044bc (0xd0337a53) fcvt.s.lu fs4, t1
core   0: 1 0x00000000800044bc (0xd0337a53) c1_fflags 0x0000000000000011 f20 0xffffffff5f800000
core   0: 0x00000000800044c0 (0x01d39a33) sll     s4, t2, t4
core   0: 1 0x00000000800044c0 (0x01d39a33) x20 0x0000000000000000
core   0: 0x00000000800044c4 (0xc23dfd53) fcvt.lu.d s10, fs11
core   0: 1 0x00000000800044c4 (0xc23dfd53) c1_fflags 0x0000000000000011 x26 0xffffffffffffffff
core   0: 0x00000000800044c8 (0x001d161b) slliw   a2, s10, 1
core   0: 1 0x00000000800044c8 (0x001d161b) x12 0xfffffffffffffffe
core   0: 0x00000000800044cc (0x0124d63b) srlw    a2, s1, s2
core   0: 1 0x00000000800044cc (0x0124d63b) x12 0x0000000000000901
core   0: 0x00000000800044d0 (0x009781b3) add     gp, a5, s1
core   0: 1 0x00000000800044d0 (0x009781b3) x3  0x0000000000000903
core   0: 0x00000000800044d4 (0x2a958ad3) fmin.d  fs5, fa1, fs1
core   0: 1 0x00000000800044d4 (0x2a958ad3) f21 0x40a4000000000000
core   0: 0x00000000800044d8 (0x0131dabb) srlw    s5, gp, s3
core   0: 1 0x00000000800044d8 (0x0131dabb) x21 0x0000000000000903
core   0: 0x00000000800044dc (0xd0317f53) fcvt.s.lu ft10, sp
core   0: 1 0x00000000800044dc (0xd0317f53) c1_fflags 0x0000000000000011 f30 0xffffffff5f000000
core   0: 0x00000000800044e0 (0xc035f5d3) fcvt.lu.s a1, fa1
core   0: 1 0x00000000800044e0 (0xc035f5d3) x11 0x0000000000000000
core   0: 0x00000000800044e4 (0xc02f7053) fcvt.l.s zero, ft10
core   0: 1 0x00000000800044e4 (0xc02f7053) c1_fflags 0x0000000000000011
core   0: 0x00000000800044e8 (0x01de9abb) sllw    s5, t4, t4
core   0: 1 0x00000000800044e8 (0x01de9abb) x21 0xfffffffffef0c800
core   0: 0x00000000800044ec (0x001019f3) csrrw   s3, fflags, zero
core   0: 1 0x00000000800044ec (0x001019f3) x19 0x0000000000000011 c1_fflags 0x0000000000000000
core   0: 0x00000000800044f0 (0x4008d413) srai    s0, a7, 0
core   0: 1 0x00000000800044f0 (0x4008d413) x8  0xffffffffe1e27000
core   0: 0x00000000800044f4 (0x126c7353) fmul.d  ft6, fs8, ft6
core   0: 1 0x00000000800044f4 (0x126c7353) f6  0x7ff8000000000000
core   0: 0x00000000800044f8 (0x412edabb) sraw    s5, t4, s2
core   0: 1 0x00000000800044f8 (0x412edabb) x21 0xfffffffffffef0c8
core   0: 0x00000000800044fc (0x1a66f9d3) fdiv.d  fs3, fa3, ft6
core   0: 1 0x00000000800044fc (0x1a66f9d3) f19 0x7ff8000000000000
core   0: 0x0000000080004500 (0x40fedd33) sra     s10, t4, a5
core   0: 1 0x0000000080004500 (0x40fedd33) x26 0x000000007fffbc32
core   0: 0x0000000080004504 (0x00102c73) csrrs   s8, fflags, zero
core   0: 1 0x0000000080004504 (0x00102c73) x24 0x0000000000000000
core   0: 0x0000000080004508 (0xd22afe53) fcvt.d.l ft8, s5
core   0: 1 0x0000000080004508 (0xd22afe53) f28 0xc0f0f38000000000
core   0: 0x000000008000450c (0x2a608053) fmin.d  ft0, ft1, ft6
core   0: 1 0x000000008000450c (0x2a608053) f0  0x7ff8000000000000
core   0: 0x0000000080004510 (0xa2c304d3) fle.d   s1, ft6, fa2
core   0: 1 0x0000000080004510 (0xa2c304d3) c1_fflags 0x0000000000000010 x9  0x0000000000000000
core   0: 0x0000000080004514 (0x03d60db3) mul     s11, a2, t4
core   0: 1 0x0000000080004514 (0x03d60db3) x27 0x00001201f675f8c8
core   0: 0x0000000080004518 (0x01d77733) and     a4, a4, t4
core   0: 1 0x0000000080004518 (0x01d77733) x14 0x0000000000000000
core   0: 0x000000008000451c (0x01188dbb) addw    s11, a7, a7
core   0: 1 0x000000008000451c (0x01188dbb) x27 0xffffffffc3c4e000
core   0: 0x0000000080004520 (0xd02473d3) fcvt.s.l ft7, s0
core   0: 1 0x0000000080004520 (0xd02473d3) f7  0xffffffffcdf0ec80
core   0: 0x0000000080004524 (0xc213f753) fcvt.wu.d a4, ft7
core   0: 1 0x0000000080004524 (0xc213f753) c1_fflags 0x0000000000000010 x14 0xffffffffffffffff
core   0: 0x0000000080004528 (0x00ab1413) slli    s0, s6, 10
core   0: 1 0x0000000080004528 (0x00ab1413) x8  0x0000000000000000
core   0: 0x000000008000452c (0x40275a3b) sraw    s4, a4, sp
core   0: 1 0x000000008000452c (0x40275a3b) x20 0xffffffffffffffff
core   0: 0x0000000080004530 (0x41415833) sra     a6, sp, s4
core   0: 1 0x0000000080004530 (0x41415833) x16 0x0000000000000000
core   0: 0x0000000080004534 (0x40eddd9b) sraiw   s11, s11, 14
core   0: 1 0x0000000080004534 (0x40eddd9b) x27 0xffffffffffff0f13
core   0: 0x0000000080004538 (0x03f91893) slli    a7, s2, 63
core   0: 1 0x0000000080004538 (0x03f91893) x17 0x0000000000000000
core   0: 0x000000008000453c (0x01c41433) sll     s0, s0, t3
core   0: 1 0x000000008000453c (0x01c41433) x8  0x0000000000000000
core   0: 0x0000000080004540 (0x0003d193) srli    gp, t2, 0
core   0: 1 0x0000000080004540 (0x0003d193) x3  0x0000000000000000
core   0: 0x0000000080004544 (0x6a6e809b) addiw   ra, t4, 1702
core   0: 1 0x0000000080004544 (0x6a6e809b) x1  0xfffffffffffef76e
core   0: 0x0000000080004548 (0x0228583b) divuw   a6, a6, sp
core   0: 1 0x0000000080004548 (0x0228583b) x16 0x0000000000000000
core   0: 0x000000008000454c (0xc227f253) fcvt.l.d tp, fa5
core   0: 1 0x000000008000454c (0xc227f253) x4  0x0000000000000000
core   0: 0x0000000080004550 (0xc233f653) fcvt.lu.d a2, ft7
core   0: 1 0x0000000080004550 (0xc233f653) c1_fflags 0x0000000000000010 x12 0xffffffffffffffff
core   0: 0x0000000080004554 (0x00021b9b) slliw   s7, tp, 0
core   0: 1 0x0000000080004554 (0x00021b9b) x23 0x0000000000000000
core   0: 0x0000000080004558 (0x01fada9b) srliw   s5, s5, 31
core   0: 1 0x0000000080004558 (0x01fada9b) x21 0x0000000000000001
core   0: 0x000000008000455c (0x001020f3) csrrs   ra, fflags, zero
core   0: 1 0x000000008000455c (0x001020f3) x1  0x0000000000000010
core   0: 0x0000000080004560 (0x41c082bb) subw    t0, ra, t3
core   0: 1 0x0000000080004560 (0x41c082bb) x5  0x0000000000000810
core   0: 0x0000000080004564 (0x023bedbb) remw    s11, s7, gp
core   0: 1 0x0000000080004564 (0x023bedbb) x27 0x0000000000000000
core   0: 0x0000000080004568 (0x025f72d3) fadd.d  ft5, ft10, ft5
core   0: 1 0x0000000080004568 (0x025f72d3) f5  0x7ff8000000000000
core   0: 0x000000008000456c (0x01802633) slt     a2, zero, s8
core   0: 1 0x000000008000456c (0x01802633) x12 0x0000000000000000
core   0: 0x0000000080004570 (0x009643b3) xor     t2, a2, s1
core   0: 1 0x0000000080004570 (0x009643b3) x7  0x0000000000000000
core   0: 0x0000000080004574 (0x011e1e1b) slliw   t3, t3, 17
core   0: 1 0x0000000080004574 (0x011e1e1b) x28 0xfffffffff0000000
core   0: 0x0000000080004578 (0x0184dc1b) srliw   s8, s1, 24
core   0: 1 0x0000000080004578 (0x0184dc1b) x24 0x0000000000000000
core   0: 0x000000008000457c (0x0182813b) addw    sp, t0, s8
core   0: 1 0x000000008000457c (0x0182813b) x2  0x0000000000000810
core   0: 0x0000000080004580 (0xfffc7c13) andi    s8, s8, -1
core   0: 1 0x0000000080004580 (0xfffc7c13) x24 0x0000000000000000
core   0: 0x0000000080004584 (0xd02171d3) fcvt.s.l ft3, sp
core   0: 1 0x0000000080004584 (0xd02171d3) f3  0xffffffff45010000
core   0: 0x0000000080004588 (0xba31fa43) fmadd.d fs4, ft3, ft3, fs7
core   0: 1 0x0000000080004588 (0xba31fa43) f20 0x7ff8000000000000
core   0: 0x000000008000458c (0x5a06f853) fsqrt.d fa6, fa3
core   0: 1 0x000000008000458c (0x5a06f853) f16 0x7ff8000000000000
core   0: 0x0000000080004590 (0xc20e7553) fcvt.w.d a0, ft8
core   0: 1 0x0000000080004590 (0xc20e7553) x10 0xfffffffffffef0c8
core   0: 0x0000000080004594 (0x00d0e2b3) or      t0, ra, a3
core   0: 1 0x0000000080004594 (0x00d0e2b3) x5  0x0000000000000010
core   0: 0x0000000080004598 (0x00889bbb) sllw    s7, a7, s0
core   0: 1 0x0000000080004598 (0x00889bbb) x23 0x0000000000000000
core   0: 0x000000008000459c (0x00000001) c.nop
core   0: 1 0x000000008000459c (0x0001)
core   0: 0x000000008000459e (0x22599b53) fsgnjn.d fs6, fs3, ft5
core   0: 1 0x000000008000459e (0x22599b53) f22 0xfff8000000000000
core   0: 0x00000000800045a2 (0xc38efa4f) fnmadd.d fs4, ft9, fs8, fs8
core   0: 1 0x00000000800045a2 (0xc38efa4f) f20 0x7ff8000000000000
core   0: 0x00000000800045a6 (0x0118e133) or      sp, a7, a7
core   0: 1 0x00000000800045a6 (0x0118e133) x2  0x0000000000000000
core   0: 0x00000000800045aa (0x001c0c93) addi    s9, s8, 1
core   0: 1 0x00000000800045aa (0x001c0c93) x25 0x0000000000000001
core   0: 0x00000000800045ae (0x039e35b3) mulhu   a1, t3, s9
core   0: 1 0x00000000800045ae (0x039e35b3) x11 0x0000000000000000
core   0: 0x00000000800045b2 (0x00981733) sll     a4, a6, s1
core   0: 1 0x00000000800045b2 (0x00981733) x14 0x0000000000000000
core   0: 0x00000000800045b6 (0x029646b3) div     a3, a2, s1
core   0: 1 0x00000000800045b6 (0x029646b3) x13 0xffffffffffffffff
core   0: 0x00000000800045ba (0x02909a93) slli    s5, ra, 41
core   0: 1 0x00000000800045ba (0x02909a93) x21 0x0000200000000000
core   0: 0x00000000800045be (0xe20f0cd3) fmv.x.d s9, ft10
core   0: 1 0x00000000800045be (0xe20f0cd3) x25 0xffffffff5f000000
core   0: 0x00000000800045c2 (0x00202a73) csrrs   s4, frm, zero
core   0: 1 0x00000000800045c2 (0x00202a73) x20 0x0000000000000000
core   0: 0x00000000800045c6 (0x0149e8b3) or      a7, s3, s4
core   0: 1 0x00000000800045c6 (0x0149e8b3) x17 0x0000000000000011
core   0: 0x00000000800045ca (0x231caf53) fsgnjx.d ft10, fs9, fa7
core   0: 1 0x00000000800045ca (0x231caf53) f30 0xffffffff00000000
core   0: 0x00000000800045ce (0x019994bb) sllw    s1, s3, s9
core   0: 1 0x00000000800045ce (0x019994bb) x9  0x0000000000000011
core   0: 0x00000000800045d2 (0xffd98637) lui     a2, 0xffd98
core   0: 1 0x00000000800045d2 (0xffd98637) x12 0xffffffffffd98000
core   0: 0x00000000800045d6 (0x16d6061b) addiw   a2, a2, 365
core   0: 1 0x00000000800045d6 (0x16d6061b) x12 0xffffffffffd9816d
core   0: 0x00000000800045da (0x00000636) c.slli  a2, 13
core   0: 1 0x00000000800045da (0x0636) x12 0xfffffffb302da000
core   0: 0x00000000800045dc (0x36260613) addi    a2, a2, 866
core   0: 1 0x00000000800045dc (0x36260613) x12 0xfffffffb302da362
core   0: 0x00000000800045e0 (0xfebd0237) lui     tp, 0xfebd0
core   0: 1 0x00000000800045e0 (0xfebd0237) x4  0xfffffffffebd0000
core   0: 0x00000000800045e4 (0x1ef2021b) addiw   tp, tp, 495
core   0: 1 0x00000000800045e4 (0x1ef2021b) x4  0xfffffffffebd01ef
core   0: 0x00000000800045e8 (0x0000023a) c.slli  tp, 14
core   0: 1 0x00000000800045e8 (0x023a) x4  0xffffffaf407bc000
core   0: 0x00000000800045ea (0xc7c20213) addi    tp, tp, -900
core   0: 1 0x00000000800045ea (0xc7c20213) x4  0xffffffaf407bbc7c
core   0: 0x00000000800045ee (0xd2367153) fcvt.d.lu ft2, a2
core   0: 1 0x00000000800045ee (0xd2367153) c1_fflags 0x0000000000000011 f2  0x43efffffff6605b4
core   0: 0x00000000800045f2 (0x00102873) csrrs   a6, fflags, zero
core   0: 1 0x00000000800045f2 (0x00102873) x16 0x0000000000000011
core   0: 0x00000000800045f6 (0x00b1d69b) srliw   a3, gp, 11
core   0: 1 0x00000000800045f6 (0x00b1d69b) x13 0x0000000000000000
core   0: 0x00000000800045fa (0xd9768093) addi    ra, a3, -617
core   0: 1 0x00000000800045fa (0xd9768093) x1  0xfffffffffffffd97
core   0: 0x00000000800045fe (0x00329cbb) sllw    s9, t0, gp
core   0: 1 0x00000000800045fe (0x00329cbb) x25 0x0000000000000010
core   0: 0x0000000080004602 (0x01946433) or      s0, s0, s9
core   0: 1 0x0000000080004602 (0x01946433) x8  0x0000000000000010
core   0: 0x0000000080004606 (0x00069e9b) slliw   t4, a3, 0
core   0: 1 0x0000000080004606 (0x00069e9b) x29 0x0000000000000000
core   0: 0x000000008000460a (0xe20e8dd3) fmv.x.d s11, ft9
core   0: 1 0x000000008000460a (0xe20e8dd3) x27 0x7ff8000000000000
core   0: 0x000000008000460e (0x131a75d3) fmul.d  fa1, fs4, fa7
core   0: 1 0x000000008000460e (0x131a75d3) f11 0x7ff8000000000000
core   0: 0x0000000080004612 (0xd036f153) fcvt.s.lu ft2, a3
core   0: 1 0x0000000080004612 (0xd036f153) f2  0xffffffff00000000
core   0: 0x0000000080004616 (0x004980b3) add     ra, s3, tp
core   0: 1 0x0000000080004616 (0x004980b3) x1  0xffffffaf407bbc8d
core   0: 0x000000008000461a (0x7ff20193) addi    gp, tp, 2047
core   0: 1 0x000000008000461a (0x7ff20193) x3  0xffffffaf407bc47b
core   0: 0x000000008000461e (0x00000001) c.nop
core   0: 1 0x000000008000461e (0x0001)
core   0: 0x0000000080004620 (0xc22cfd53) fcvt.l.d s10, fs9
core   0: 1 0x0000000080004620 (0xc22cfd53) c1_fflags 0x0000000000000011 x26 0x7fffffffffffffff
core   0: 0x0000000080004624 (0xd0227ad3) fcvt.s.l fs5, tp
core   0: 1 0x0000000080004624 (0xd0227ad3) c1_fflags 0x0000000000000011 f21 0xffffffffd2a17f09
core   0: 0x0000000080004628 (0x0084e133) or      sp, s1, s0
core   0: 1 0x0000000080004628 (0x0084e133) x2  0x0000000000000011
core   0: 0x000000008000462c (0x22272453) fsgnjx.d fs0, fa4, ft2
core   0: 1 0x000000008000462c (0x22272453) f8  0xfff8000000000000
core   0: 0x0000000080004630 (0x43f1fdcb) fnmsub.d fs11, ft3, ft11, fs0
core   0: 1 0x0000000080004630 (0x43f1fdcb) f27 0x7ff8000000000000
core   0: 0x0000000080004634 (0x5a0776d3) fsqrt.d fa3, fa4
core   0: 1 0x0000000080004634 (0x5a0776d3) f13 0x7ff8000000000000
core   0: 0x0000000080004638 (0x001a821b) addiw   tp, s5, 1
core   0: 1 0x0000000080004638 (0x001a821b) x4  0x0000000000000001
core   0: 0x000000008000463c (0xfffc7c13) andi    s8, s8, -1
core   0: 1 0x000000008000463c (0xfffc7c13) x24 0x0000000000000000
core   0: 0x0000000080004640 (0x3100f2f3) csrrci  t0, mstatush, 1
core   0: exception trap_illegal_instruction, epc 0x0000000080004640
core   0:           tval 0x000000003100f2f3
core   0: >>>>  $xrv64i2p1_m2p0_a2p1_f2p2_d2p2_zicsr2p0_zifencei2p0_zmmul1p0_zba1p0_zbb1p0_zbc1p0_zbs1p0
core   0: 0x0000000080004000 (0x0080006f) j       pc + 0x8
core   0: 3 0x0000000080004000 (0x0080006f)
core   0: >>>>  mmode_exception_handler
core   0: 0x0000000080004008 (0x00002c17) auipc   s8, 0x2
core   0: 3 0x0000000080004008 (0x00002c17) x24 0x0000000080006008
core   0: 0x000000008000400c (0xfd0c0c13) addi    s8, s8, -48
core   0: 3 0x000000008000400c (0xfd0c0c13) x24 0x0000000080005fd8
core   0: 0x0000000080004010 (0x000c00e7) jalr    s8
core   0: 3 0x0000000080004010 (0x000c00e7) x1  0x0000000080004014
core   0: >>>>  any_handler
core   0: 0x0000000080005fd8 (0x341027f3) csrrs   a5, mepc, zero
core   0: 3 0x0000000080005fd8 (0x341027f3) x15 0x0000000080004640
core   0: 0x0000000080005fdc (0x34202773) csrrs   a4, mcause, zero
core   0: 3 0x0000000080005fdc (0x34202773) x14 0x0000000000000002
core   0: 0x0000000080005fe0 (0x142026f3) csrrs   a3, scause, zero
core   0: 3 0x0000000080005fe0 (0x142026f3) x13 0x0000000000000000
core   0: 0x0000000080005fe4 (0x30402673) csrrs   a2, mie, zero
core   0: 3 0x0000000080005fe4 (0x30402673) x12 0x0000000000000a00
core   0: 0x0000000080005fe8 (0x344025f3) csrrs   a1, mip, zero
core   0: 3 0x0000000080005fe8 (0x344025f3) x11 0x0000000000000080
core   0: 0x0000000080005fec (0x343025f3) csrrs   a1, mtval, zero
core   0: 3 0x0000000080005fec (0x343025f3) x11 0x000000003100f2f3
core   0: 0x0000000080005ff0 (0x14302573) csrrs   a0, stval, zero
core   0: 3 0x0000000080005ff0 (0x14302573) x10 0x0000000000000000
core   0: 0x0000000080005ff4 (0xb02024f3) csrrs   s1, minstret, zero
core   0: 3 0x0000000080005ff4 (0xb02024f3) x9  0x0000000000000997
core   0: 0x0000000080005ff8 (0x0000a811) c.j     pc + 20
core   0: 3 0x0000000080005ff8 (0xa811)
core   0: >>>>  mepc_4
core   0: 0x000000008000600c (0x00000791) c.addi  a5, 4
core   0: 3 0x000000008000600c (0x0791) x15 0x0000000080004644
core   0: 0x000000008000600e (0x34179073) csrrw   zero, mepc, a5
core   0: 3 0x000000008000600e (0x34179073) c833_mepc 0x0000000080004644
core   0: 0x0000000080006012 (0x30200073) mret
core   0: 3 0x0000000080006012 (0x30200073) c768_mstatus 0x8000000a00106080
core   0: 0x0000000080004644 (0xc226f8d3) fcvt.l.d a7, fa3
core   0: 1 0x0000000080004644 (0xc226f8d3) c1_fflags 0x0000000000000011 x17 0x7fffffffffffffff
core   0: 0x0000000080004648 (0x2a6a11d3) fmax.d  ft3, fs4, ft6
core   0: 1 0x0000000080004648 (0x2a6a11d3) f3  0x7ff8000000000000
core   0: 0x000000008000464c (0x017a1d3b) sllw    s10, s4, s7
core   0: 1 0x000000008000464c (0x017a1d3b) x26 0x0000000000000000
core   0: 0x0000000080004650 (0xd60382b7) lui     t0, 0xd6038
core   0: 1 0x0000000080004650 (0xd60382b7) x5  0xffffffffd6038000
core   0: 0x0000000080004654 (0x00148933) add     s2, s1, ra
core   0: 1 0x0000000080004654 (0x00148933) x18 0x00000000800049ab
core   0: 0x0000000080004658 (0x03f5d513) srli    a0, a1, 63
core   0: 1 0x0000000080004658 (0x03f5d513) x10 0x0000000000000000
core   0: 0x000000008000465c (0x00866b33) or      s6, a2, s0
core   0: 1 0x000000008000465c (0x00866b33) x22 0x0000000000000a10
core   0: 0x0000000080004660 (0x417c59bb) sraw    s3, s8, s7
core   0: 1 0x0000000080004660 (0x417c59bb) x19 0xffffffff80005fd8
core   0: 0x0000000080004664 (0x029984bb) mulw    s1, s3, s1
core   0: 1 0x0000000080004664 (0x029984bb) x9  0xffffffff83972068
core   0: 0x0000000080004668 (0x137bf1d3) fmul.d  ft3, fs7, fs7
core   0: 1 0x0000000080004668 (0x137bf1d3) f3  0x7ff8000000000000
core   0: 0x000000008000466c (0x40095613) srai    a2, s2, 0
core   0: 1 0x000000008000466c (0x40095613) x12 0x00000000800049ab
core   0: 0x0000000080004670 (0x00111c73) csrrw   s8, fflags, sp
core   0: 1 0x0000000080004670 (0x00111c73) x24 0x0000000000000011 c1_fflags 0x0000000000000011
core   0: 0x0000000080004674 (0x032bfc53) fadd.d  fs8, fs7, fs2
core   0: 1 0x0000000080004674 (0x032bfc53) f24 0x7ff8000000000000
core   0: 0x0000000080004678 (0x40110e3b) subw    t3, sp, ra
core   0: 1 0x0000000080004678 (0x40110e3b) x28 0x000000007fffbffd
core   0: 0x000000008000467c (0x00de5ebb) srlw    t4, t3, a3
core   0: 1 0x000000008000467c (0x00de5ebb) x29 0x000000007fffbffd
core   0: 0x0000000080004680 (0x03b7d033) divu    zero, a5, s11
core   0: 1 0x0000000080004680 (0x03b7d033)
core   0: 0x0000000080004684 (0x0ff0000f) fence   iorw,iorw
core   0: 1 0x0000000080004684 (0x0ff0000f)
core   0: 0x0000000080004688 (0x4020533b) sraw    t1, zero, sp
core   0: 1 0x0000000080004688 (0x4020533b) x6  0x0000000000000000
core   0: 0x000000008000468c (0x00c60a3b) addw    s4, a2, a2
core   0: 1 0x000000008000468c (0x00c60a3b) x20 0x0000000000009356
core   0: 0x0000000080004690 (0x01d68c3b) addw    s8, a3, t4
core   0: 1 0x0000000080004690 (0x01d68c3b) x24 0x000000007fffbffd
core   0: 0x0000000080004694 (0x4186d4bb) sraw    s1, a3, s8
core   0: 1 0x0000000080004694 (0x4186d4bb) x9  0x0000000000000000
core   0: 0x0000000080004698 (0x000c1013) slli    zero, s8, 0
core   0: 1 0x0000000080004698 (0x000c1013)
core   0: 0x000000008000469c (0xc03d1d73) csrrw   s10, hpmcounter3, s10
core   0: exception trap_illegal_instruction, epc 0x000000008000469c
core   0:           tval 0x00000000c03d1d73
core   0: >>>>  $xrv64i2p1_m2p0_a2p1_f2p2_d2p2_zicsr2p0_zifencei2p0_zmmul1p0_zba1p0_zbb1p0_zbc1p0_zbs1p0
core   0: 0x0000000080004000 (0x0080006f) j       pc + 0x8
core   0: 3 0x0000000080004000 (0x0080006f)
core   0: >>>>  mmode_exception_handler
core   0: 0x0000000080004008 (0x00002c17) auipc   s8, 0x2
core   0: 3 0x0000000080004008 (0x00002c17) x24 0x0000000080006008
core   0: 0x000000008000400c (0xfd0c0c13) addi    s8, s8, -48
core   0: 3 0x000000008000400c (0xfd0c0c13) x24 0x0000000080005fd8
core   0: 0x0000000080004010 (0x000c00e7) jalr    s8
core   0: 3 0x0000000080004010 (0x000c00e7) x1  0x0000000080004014
core   0: >>>>  any_handler
core   0: 0x0000000080005fd8 (0x341027f3) csrrs   a5, mepc, zero
core   0: 3 0x0000000080005fd8 (0x341027f3) x15 0x000000008000469c
core   0: 0x0000000080005fdc (0x34202773) csrrs   a4, mcause, zero
core   0: 3 0x0000000080005fdc (0x34202773) x14 0x0000000000000002
core   0: 0x0000000080005fe0 (0x142026f3) csrrs   a3, scause, zero
core   0: 3 0x0000000080005fe0 (0x142026f3) x13 0x0000000000000000
core   0: 0x0000000080005fe4 (0x30402673) csrrs   a2, mie, zero
core   0: 3 0x0000000080005fe4 (0x30402673) x12 0x0000000000000a00
core   0: 0x0000000080005fe8 (0x344025f3) csrrs   a1, mip, zero
core   0: 3 0x0000000080005fe8 (0x344025f3) x11 0x0000000000000080
core   0: 0x0000000080005fec (0x343025f3) csrrs   a1, mtval, zero
core   0: 3 0x0000000080005fec (0x343025f3) x11 0x00000000c03d1d73
core   0: 0x0000000080005ff0 (0x14302573) csrrs   a0, stval, zero
core   0: 3 0x0000000080005ff0 (0x14302573) x10 0x0000000000000000
core   0: 0x0000000080005ff4 (0xb02024f3) csrrs   s1, minstret, zero
core   0: 3 0x0000000080005ff4 (0xb02024f3) x9  0x00000000000009bd
core   0: 0x0000000080005ff8 (0x0000a811) c.j     pc + 20
core   0: 3 0x0000000080005ff8 (0xa811)
core   0: >>>>  mepc_4
core   0: 0x000000008000600c (0x00000791) c.addi  a5, 4
core   0: 3 0x000000008000600c (0x0791) x15 0x00000000800046a0
core   0: 0x000000008000600e (0x34179073) csrrw   zero, mepc, a5
core   0: 3 0x000000008000600e (0x34179073) c833_mepc 0x00000000800046a0
core   0: 0x0000000080006012 (0x30200073) mret
core   0: 3 0x0000000080006012 (0x30200073) c768_mstatus 0x8000000a00106080
core   0: 0x00000000800046a0 (0xbb81f2cb) fnmsub.d ft5, ft3, fs8, fs7
core   0: 1 0x00000000800046a0 (0xbb81f2cb) f5  0x7ff8000000000000
core   0: 0x00000000800046a4 (0xfff84393) not     t2, a6
core   0: 1 0x00000000800046a4 (0xfff84393) x7  0xffffffffffffffee
core   0: 0x00000000800046a8 (0x0304d3b3) divu    t2, s1, a6
core   0: 1 0x00000000800046a8 (0x0304d3b3) x7  0x0000000000000092
core   0: 0x00000000800046ac (0x2baa09d3) fmin.d  fs3, fs4, fs10
core   0: 1 0x00000000800046ac (0x2baa09d3) f19 0x43efffffffffe52d
core   0: 0x00000000800046b0 (0x03f39b13) slli    s6, t2, 63
core   0: 1 0x00000000800046b0 (0x03f39b13) x22 0x0000000000000000
core   0: 0x00000000800046b4 (0x222c1ed3) fsgnjn.d ft9, fs8, ft2
core   0: 1 0x00000000800046b4 (0x222c1ed3) f29 0x7ff8000000000000
core   0: 0x00000000800046b8 (0x01c889b3) add     s3, a7, t3
core   0: 1 0x00000000800046b8 (0x01c889b3) x19 0x800000007fffbffc
core   0: 0x00000000800046bc (0x401bdb93) srai    s7, s7, 1
core   0: 1 0x00000000800046bc (0x401bdb93) x23 0x0000000000000000
core   0: 0x00000000800046c0 (0x012b5833) srl     a6, s6, s2
core   0: 1 0x00000000800046c0 (0x012b5833) x16 0x0000000000000000
core   0: 0x00000000800046c4 (0x01015833) srl     a6, sp, a6
core   0: 1 0x00000000800046c4 (0x01015833) x16 0x0000000000000011
core   0: 0x00000000800046c8 (0x00d6fab3) and     s5, a3, a3
core   0: 1 0x00000000800046c8 (0x00d6fab3) x21 0x0000000000000000
core   0: 0x00000000800046cc (0x138d7dd3) fmul.d  fs11, fs10, fs8
core   0: 1 0x00000000800046cc (0x138d7dd3) f27 0x7ff8000000000000
core   0: 0x00000000800046d0 (0xc03bfc53) fcvt.lu.s s8, fs7
core   0: 1 0x00000000800046d0 (0xc03bfc53) c1_fflags 0x0000000000000011 x24 0xffffffffffffffff
core   0: 0x00000000800046d4 (0x00969bbb) sllw    s7, a3, s1
core   0: 1 0x00000000800046d4 (0x00969bbb) x23 0x0000000000000000
core   0: 0x00000000800046d8 (0x02bb39b3) mulhu   s3, s6, a1
core   0: 1 0x00000000800046d8 (0x02bb39b3) x19 0x0000000000000000
core   0: 0x00000000800046dc (0x0308f853) fadd.d  fa6, fa7, fa6
core   0: 1 0x00000000800046dc (0x0308f853) f16 0x7ff8000000000000
core   0: 0x00000000800046e0 (0xc21df7d3) fcvt.wu.d a5, fs11
core   0: 1 0x00000000800046e0 (0xc21df7d3) c1_fflags 0x0000000000000011 x15 0xffffffffffffffff
core   0: 0x00000000800046e4 (0xf1405473) csrrwi  s0, mhartid, 0
core   0: exception trap_illegal_instruction, epc 0x00000000800046e4
core   0:           tval 0x00000000f1405473
core   0: >>>>  $xrv64i2p1_m2p0_a2p1_f2p2_d2p2_zicsr2p0_zifencei2p0_zmmul1p0_zba1p0_zbb1p0_zbc1p0_zbs1p0
core   0: 0x0000000080004000 (0x0080006f) j       pc + 0x8
core   0: 3 0x0000000080004000 (0x0080006f)
core   0: >>>>  mmode_exception_handler
core   0: 0x0000000080004008 (0x00002c17) auipc   s8, 0x2
core   0: 3 0x0000000080004008 (0x00002c17) x24 0x0000000080006008
core   0: 0x000000008000400c (0xfd0c0c13) addi    s8, s8, -48
core   0: 3 0x000000008000400c (0xfd0c0c13) x24 0x0000000080005fd8
core   0: 0x0000000080004010 (0x000c00e7) jalr    s8
core   0: 3 0x0000000080004010 (0x000c00e7) x1  0x0000000080004014
core   0: >>>>  any_handler
core   0: 0x0000000080005fd8 (0x341027f3) csrrs   a5, mepc, zero
core   0: 3 0x0000000080005fd8 (0x341027f3) x15 0x00000000800046e4
core   0: 0x0000000080005fdc (0x34202773) csrrs   a4, mcause, zero
core   0: 3 0x0000000080005fdc (0x34202773) x14 0x0000000000000002
core   0: 0x0000000080005fe0 (0x142026f3) csrrs   a3, scause, zero
core   0: 3 0x0000000080005fe0 (0x142026f3) x13 0x0000000000000000
core   0: 0x0000000080005fe4 (0x30402673) csrrs   a2, mie, zero
core   0: 3 0x0000000080005fe4 (0x30402673) x12 0x0000000000000a00
core   0: 0x0000000080005fe8 (0x344025f3) csrrs   a1, mip, zero
core   0: 3 0x0000000080005fe8 (0x344025f3) x11 0x0000000000000080
core   0: 0x0000000080005fec (0x343025f3) csrrs   a1, mtval, zero
core   0: 3 0x0000000080005fec (0x343025f3) x11 0x00000000f1405473
core   0: 0x0000000080005ff0 (0x14302573) csrrs   a0, stval, zero
core   0: 3 0x0000000080005ff0 (0x14302573) x10 0x0000000000000000
core   0: 0x0000000080005ff4 (0xb02024f3) csrrs   s1, minstret, zero
core   0: 3 0x0000000080005ff4 (0xb02024f3) x9  0x00000000000009de
core   0: 0x0000000080005ff8 (0x0000a811) c.j     pc + 20
core   0: 3 0x0000000080005ff8 (0xa811)
core   0: >>>>  mepc_4
core   0: 0x000000008000600c (0x00000791) c.addi  a5, 4
core   0: 3 0x000000008000600c (0x0791) x15 0x00000000800046e8
core   0: 0x000000008000600e (0x34179073) csrrw   zero, mepc, a5
core   0: 3 0x000000008000600e (0x34179073) c833_mepc 0x00000000800046e8
core   0: 0x0000000080006012 (0x30200073) mret
core   0: 3 0x0000000080006012 (0x30200073) c768_mstatus 0x8000000a00106080
core   0: 0x00000000800046e8 (0x0283803b) mulw    zero, t2, s0
core   0: 1 0x00000000800046e8 (0x0283803b)
core   0: 0x00000000800046ec (0x0225e03b) remw    zero, a1, sp
core   0: 1 0x00000000800046ec (0x0225e03b)
core   0: 0x00000000800046f0 (0x00231473) csrrw   s0, frm, t1
core   0: 1 0x00000000800046f0 (0x00231473) x8  0x0000000000000000 c2_frm 0x0000000000000000
core   0: 0x00000000800046f4 (0x004401b3) add     gp, s0, tp
core   0: 1 0x00000000800046f4 (0x004401b3) x3  0x0000000000000001
core   0: 0x00000000800046f8 (0xc222f653) fcvt.l.d a2, ft5
core   0: 1 0x00000000800046f8 (0xc222f653) c1_fflags 0x0000000000000011 x12 0x7fffffffffffffff
core   0: 0x00000000800046fc (0x402756b3) sra     a3, a4, sp
core   0: 1 0x00000000800046fc (0x402756b3) x13 0x0000000000000000
core   0: 0x0000000080004700 (0x414a0833) sub     a6, s4, s4
core   0: 1 0x0000000080004700 (0x414a0833) x16 0x0000000000000000
core   0: 0x0000000080004704 (0x00935dbb) srlw    s11, t1, s1
core   0: 1 0x0000000080004704 (0x00935dbb) x27 0x0000000000000000
core   0: 0x0000000080004708 (0x41fa549b) sraiw   s1, s4, 31
core   0: 1 0x0000000080004708 (0x41fa549b) x9  0x0000000000000000
core   0: 0x000000008000470c (0x000e6333) or      t1, t3, zero
core   0: 1 0x000000008000470c (0x000e6333) x6  0x000000007fffbffd
core   0: 0x0000000080004710 (0x0344fb33) remu    s6, s1, s4
core   0: 1 0x0000000080004710 (0x0344fb33) x22 0x0000000000000000
core   0: 0x0000000080004714 (0xc22ef3d3) fcvt.l.d t2, ft9
core   0: 1 0x0000000080004714 (0xc22ef3d3) c1_fflags 0x0000000000000011 x7  0x7fffffffffffffff
core   0: 0x0000000080004718 (0x032bc7bb) divw    a5, s7, s2
core   0: 1 0x0000000080004718 (0x032bc7bb) x15 0x0000000000000000
core   0: 0x000000008000471c (0x032e0e3b) mulw    t3, t3, s2
core   0: 1 0x000000008000471c (0x032e0e3b) x28 0xffffffffed9462ff
core   0: 0x0000000080004720 (0xc2087553) fcvt.w.d a0, fa6
core   0: 1 0x0000000080004720 (0xc2087553) c1_fflags 0x0000000000000011 x10 0x000000007fffffff
core   0: 0x0000000080004724 (0x1b10f9d3) fdiv.d  fs3, ft1, fa7
core   0: 1 0x0000000080004724 (0x1b10f9d3) f19 0x7ff8000000000000
core   0: 0x0000000080004728 (0x03fc5393) srli    t2, s8, 63
core   0: 1 0x0000000080004728 (0x03fc5393) x7  0x0000000000000000
core   0: 0x000000008000472c (0xd032f953) fcvt.s.lu fs2, t0
core   0: 1 0x000000008000472c (0xd032f953) c1_fflags 0x0000000000000011 f18 0xffffffff5f800000
core   0: 0x0000000080004730 (0xd2038653) fcvt.d.w fa2, t2
core   0: 1 0x0000000080004730 (0xd2038653) f12 0x0000000000000000
core   0: 0x0000000080004734 (0x02c0c63b) divw    a2, ra, a2
core   0: 1 0x0000000080004734 (0x02c0c63b) x12 0x000000007fffbfec
core   0: 0x0000000080004738 (0xc221fa53) fcvt.l.d s4, ft3
core   0: 1 0x0000000080004738 (0xc221fa53) c1_fflags 0x0000000000000011 x20 0x7fffffffffffffff
core   0: 0x000000008000473c (0x00544d33) xor     s10, s0, t0
core   0: 1 0x000000008000473c (0x00544d33) x26 0xffffffffd6038000
core   0: 0x0000000080004740 (0x00101073) csrrw   zero, fflags, zero
core   0: 1 0x0000000080004740 (0x00101073) c1_fflags 0x0000000000000000
core   0: 0x0000000080004744 (0x0205b633) mulhu   a2, a1, zero
core   0: 1 0x0000000080004744 (0x0205b633) x12 0x0000000000000000
core   0: 0x0000000080004748 (0x02bb26b3) mulhsu  a3, s6, a1
core   0: 1 0x0000000080004748 (0x02bb26b3) x13 0x0000000000000000
core   0: 0x000000008000474c (0x02ddcc3b) divw    s8, s11, a3
core   0: 1 0x000000008000474c (0x02ddcc3b) x24 0xffffffffffffffff
core   0: 0x0000000080004750 (0x001a5113) srli    sp, s4, 1
core   0: 1 0x0000000080004750 (0x001a5113) x2  0x3fffffffffffffff
core   0: 0x0000000080004754 (0x63b3e397) auipc   t2, 0x63b3e
core   0: 1 0x0000000080004754 (0x63b3e397) x7  0x00000000e3b42754
core   0: 0x0000000080004758 (0xd03bf0d3) fcvt.s.lu ft1, s7
core   0: 1 0x0000000080004758 (0xd03bf0d3) f1  0xffffffff00000000
core   0: 0x000000008000475c (0xf0d0a337) lui     t1, 0xf0d0a
core   0: 1 0x000000008000475c (0xf0d0a337) x6  0xfffffffff0d0a000
core   0: 0x0000000080004760 (0x00000906) c.slli  s2, 1
core   0: 1 0x0000000080004760 (0x0906) x18 0x0000000100009356
core   0: 0x0000000080004762 (0xd20103d3) fcvt.d.w ft7, sp
core   0: 1 0x0000000080004762 (0xd20103d3) f7  0xbff0000000000000
core   0: 0x0000000080004766 (0x00000001) c.nop
core   0: 1 0x0000000080004766 (0x0001)
core   0: 0x0000000080004768 (0x00015b13) srli    s6, sp, 0
core   0: 1 0x0000000080004768 (0x00015b13) x22 0x3fffffffffffffff
core   0: 0x000000008000476c (0x00a8f8b3) and     a7, a7, a0
core   0: 1 0x000000008000476c (0x00a8f8b3) x17 0x000000007fffffff
core   0: 0x0000000080004770 (0x0221f1b3) remu    gp, gp, sp
core   0: 1 0x0000000080004770 (0x0221f1b3) x3  0x0000000000000001
core   0: 0x0000000080004774 (0x4021d3bb) sraw    t2, gp, sp
core   0: 1 0x0000000080004774 (0x4021d3bb) x7  0x0000000000000000
core   0: 0x0000000080004778 (0x00000001) c.nop
core   0: 1 0x0000000080004778 (0x0001)
core   0: 0x000000008000477a (0x01c0eab3) or      s5, ra, t3
core   0: 1 0x000000008000477a (0x01c0eab3) x21 0xffffffffed9462ff
core   0: 0x000000008000477e (0xbd3ead97) auipc   s11, 0xbd3ea
core   0: 1 0x000000008000477e (0xbd3ead97) x27 0x000000003d3ee77e
core   0: 0x0000000080004782 (0x02fdec33) rem     s8, s11, a5
core   0: 1 0x0000000080004782 (0x02fdec33) x24 0x000000003d3ee77e
core   0: 0x0000000080004786 (0x42060f53) fcvt.d.s ft10, fa2
core   0: 1 0x0000000080004786 (0x42060f53) f30 0x7ff8000000000000
core   0: 0x000000008000478a (0xd21d8953) fcvt.d.wu fs2, s11
core   0: 1 0x000000008000478a (0xd21d8953) f18 0x41ce9f73bf000000
core   0: 0x000000008000478e (0xf11dbb73) csrrc   s6, mvendorid, s11
core   0: exception trap_illegal_instruction, epc 0x000000008000478e
core   0:           tval 0x00000000f11dbb73
core   0: >>>>  $xrv64i2p1_m2p0_a2p1_f2p2_d2p2_zicsr2p0_zifencei2p0_zmmul1p0_zba1p0_zbb1p0_zbc1p0_zbs1p0
core   0: 0x0000000080004000 (0x0080006f) j       pc + 0x8
core   0: 3 0x0000000080004000 (0x0080006f)
core   0: >>>>  mmode_exception_handler
core   0: 0x0000000080004008 (0x00002c17) auipc   s8, 0x2
core   0: 3 0x0000000080004008 (0x00002c17) x24 0x0000000080006008
core   0: 0x000000008000400c (0xfd0c0c13) addi    s8, s8, -48
core   0: 3 0x000000008000400c (0xfd0c0c13) x24 0x0000000080005fd8
core   0: 0x0000000080004010 (0x000c00e7) jalr    s8
core   0: 3 0x0000000080004010 (0x000c00e7) x1  0x0000000080004014
core   0: >>>>  any_handler
core   0: 0x0000000080005fd8 (0x341027f3) csrrs   a5, mepc, zero
core   0: 3 0x0000000080005fd8 (0x341027f3) x15 0x000000008000478e
core   0: 0x0000000080005fdc (0x34202773) csrrs   a4, mcause, zero
core   0: 3 0x0000000080005fdc (0x34202773) x14 0x0000000000000002
core   0: 0x0000000080005fe0 (0x142026f3) csrrs   a3, scause, zero
core   0: 3 0x0000000080005fe0 (0x142026f3) x13 0x0000000000000000
core   0: 0x0000000080005fe4 (0x30402673) csrrs   a2, mie, zero
core   0: 3 0x0000000080005fe4 (0x30402673) x12 0x0000000000000a00
core   0: 0x0000000080005fe8 (0x344025f3) csrrs   a1, mip, zero
core   0: 3 0x0000000080005fe8 (0x344025f3) x11 0x0000000000000080
core   0: 0x0000000080005fec (0x343025f3) csrrs   a1, mtval, zero
core   0: 3 0x0000000080005fec (0x343025f3) x11 0x00000000f11dbb73
core   0: 0x0000000080005ff0 (0x14302573) csrrs   a0, stval, zero
core   0: 3 0x0000000080005ff0 (0x14302573) x10 0x0000000000000000
core   0: 0x0000000080005ff4 (0xb02024f3) csrrs   s1, minstret, zero
core   0: 3 0x0000000080005ff4 (0xb02024f3) x9  0x0000000000000a19
core   0: 0x0000000080005ff8 (0x0000a811) c.j     pc + 20
core   0: 3 0x0000000080005ff8 (0xa811)
core   0: >>>>  mepc_4
core   0: 0x000000008000600c (0x00000791) c.addi  a5, 4
core   0: 3 0x000000008000600c (0x0791) x15 0x0000000080004792
core   0: 0x000000008000600e (0x34179073) csrrw   zero, mepc, a5
core   0: 3 0x000000008000600e (0x34179073) c833_mepc 0x0000000080004792
core   0: 0x0000000080006012 (0x30200073) mret
core   0: 3 0x0000000080006012 (0x30200073) c768_mstatus 0x8000000a00106080
core   0: 0x0000000080004792 (0x22f927d3) fsgnjx.d fa5, fs2, fa5
core   0: 1 0x0000000080004792 (0x22f927d3) f15 0x41ce9f73bf000000
core   0: 0x0000000080004796 (0x016dfd33) and     s10, s11, s6
core   0: 1 0x0000000080004796 (0x016dfd33) x26 0x000000003d3ee77e
core   0: 0x000000008000479a (0x00009dbd) c.addw  a1, a5
core   0: 1 0x000000008000479a (0x9dbd) x11 0x00000000711e0305
core   0: 0x000000008000479c (0xfdce4717) auipc   a4, 0xfdce4
core   0: 1 0x000000008000479c (0xfdce4717) x14 0x000000007dce879c
core   0: 0x00000000800047a0 (0x02f2e2b3) rem     t0, t0, a5
core   0: 1 0x00000000800047a0 (0x02f2e2b3) x5  0xffffffffd6038000
core   0: 0x00000000800047a4 (0x87c2801b) addiw   zero, t0, -1924
core   0: 1 0x00000000800047a4 (0x87c2801b)
core   0: 0x00000000800047a8 (0x01ad4bb3) xor     s7, s10, s10
core   0: 1 0x00000000800047a8 (0x01ad4bb3) x23 0x0000000000000000
core   0: 0x00000000800047ac (0x40948333) sub     t1, s1, s1
core   0: 1 0x00000000800047ac (0x40948333) x6  0x0000000000000000
core   0: 0x00000000800047b0 (0x03175793) srli    a5, a4, 49
core   0: 1 0x00000000800047b0 (0x03175793) x15 0x0000000000000000
core   0: 0x00000000800047b4 (0x033972d3) fadd.d  ft5, fs2, fs3
core   0: 1 0x00000000800047b4 (0x033972d3) f5  0x7ff8000000000000
core   0: 0x00000000800047b8 (0x0068583b) srlw    a6, a6, t1
core   0: 1 0x00000000800047b8 (0x0068583b) x16 0x0000000000000000
core   0: 0x00000000800047bc (0x0339e53b) remw    a0, s3, s3
core   0: 1 0x00000000800047bc (0x0339e53b) x10 0x0000000000000000
core   0: 0x00000000800047c0 (0xd21a0a53) fcvt.d.wu fs4, s4
core   0: 1 0x00000000800047c0 (0xd21a0a53) f20 0x41efffffffe00000
core   0: 0x00000000800047c4 (0x001a93f3) csrrw   t2, fflags, s5
core   0: 1 0x00000000800047c4 (0x001a93f3) x7  0x0000000000000000 c1_fflags 0x000000000000001f
core   0: 0x00000000800047c8 (0x00000001) c.nop
core   0: 1 0x00000000800047c8 (0x0001)
core   0: 0x00000000800047ca (0xc038fed3) fcvt.lu.s t4, fa7
core   0: 1 0x00000000800047ca (0xc038fed3) x29 0x0000000000000000
core   0: 0x00000000800047ce (0x017399bb) sllw    s3, t2, s7
core   0: 1 0x00000000800047ce (0x017399bb) x19 0x0000000000000000
core   0: 0x00000000800047d2 (0x8f346113) ori     sp, s0, -1805
core   0: 1 0x00000000800047d2 (0x8f346113) x2  0xfffffffffffff8f3
core   0: 0x00000000800047d6 (0xfffcc013) not     zero, s9
core   0: 1 0x00000000800047d6 (0xfffcc013)
core   0: 0x00000000800047da (0x401b0833) sub     a6, s6, ra
core   0: 1 0x00000000800047da (0x401b0833) x16 0x3fffffff7fffbfeb
core   0: 0x00000000800047de (0x002d14f3) csrrw   s1, frm, s10
core   0: 1 0x00000000800047de (0x002d14f3) x9  0x0000000000000000 c2_frm 0x0000000000000006
core   0: 0x00000000800047e2 (0xc2197553) fcvt.wu.d a0, fs2
core   0: exception trap_illegal_instruction, epc 0x00000000800047e2
core   0:           tval 0x00000000c2197553
core   0: >>>>  $xrv64i2p1_m2p0_a2p1_f2p2_d2p2_zicsr2p0_zifencei2p0_zmmul1p0_zba1p0_zbb1p0_zbc1p0_zbs1p0
core   0: 0x0000000080004000 (0x0080006f) j       pc + 0x8
core   0: 3 0x0000000080004000 (0x0080006f)
core   0: >>>>  mmode_exception_handler
core   0: 0x0000000080004008 (0x00002c17) auipc   s8, 0x2
core   0: 3 0x0000000080004008 (0x00002c17) x24 0x0000000080006008
core   0: 0x000000008000400c (0xfd0c0c13) addi    s8, s8, -48
core   0: 3 0x000000008000400c (0xfd0c0c13) x24 0x0000000080005fd8
core   0: 0x0000000080004010 (0x000c00e7) jalr    s8
core   0: 3 0x0000000080004010 (0x000c00e7) x1  0x0000000080004014
core   0: >>>>  any_handler
core   0: 0x0000000080005fd8 (0x341027f3) csrrs   a5, mepc, zero
core   0: 3 0x0000000080005fd8 (0x341027f3) x15 0x00000000800047e2
core   0: 0x0000000080005fdc (0x34202773) csrrs   a4, mcause, zero
core   0: 3 0x0000000080005fdc (0x34202773) x14 0x0000000000000002
core   0: 0x0000000080005fe0 (0x142026f3) csrrs   a3, scause, zero
core   0: 3 0x0000000080005fe0 (0x142026f3) x13 0x0000000000000000
core   0: 0x0000000080005fe4 (0x30402673) csrrs   a2, mie, zero
core   0: 3 0x0000000080005fe4 (0x30402673) x12 0x0000000000000a00
core   0: 0x0000000080005fe8 (0x344025f3) csrrs   a1, mip, zero
core   0: 3 0x0000000080005fe8 (0x344025f3) x11 0x0000000000000080
core   0: 0x0000000080005fec (0x343025f3) csrrs   a1, mtval, zero
core   0: 3 0x0000000080005fec (0x343025f3) x11 0x00000000c2197553
core   0: 0x0000000080005ff0 (0x14302573) csrrs   a0, stval, zero
core   0: 3 0x0000000080005ff0 (0x14302573) x10 0x0000000000000000
core   0: 0x0000000080005ff4 (0xb02024f3) csrrs   s1, minstret, zero
core   0: 3 0x0000000080005ff4 (0xb02024f3) x9  0x0000000000000a3e
core   0: 0x0000000080005ff8 (0x0000a811) c.j     pc + 20
core   0: 3 0x0000000080005ff8 (0xa811)
core   0: >>>>  mepc_4
core   0: 0x000000008000600c (0x00000791) c.addi  a5, 4
core   0: 3 0x000000008000600c (0x0791) x15 0x00000000800047e6
core   0: 0x000000008000600e (0x34179073) csrrw   zero, mepc, a5
core   0: 3 0x000000008000600e (0x34179073) c833_mepc 0x00000000800047e6
core   0: 0x0000000080006012 (0x30200073) mret
core   0: 3 0x0000000080006012 (0x30200073) c768_mstatus 0x8000000a00106080
core   0: 0x00000000800047e6 (0x2f717793) andi    a5, sp, 759
core   0: 1 0x00000000800047e6 (0x2f717793) x15 0x00000000000000f3
core   0: 0x00000000800047ea (0x140168f3) csrrsi  a7, sscratch, 2
core   0: 1 0x00000000800047ea (0x140168f3) x17 0x0000000000000000 c320_sscratch 0x0000000000000002
core   0: 0x00000000800047ee (0x02d0f0d3) fadd.d  ft1, ft1, fa3
core   0: exception trap_illegal_instruction, epc 0x00000000800047ee
core   0:           tval 0x0000000002d0f0d3
core   0: >>>>  $xrv64i2p1_m2p0_a2p1_f2p2_d2p2_zicsr2p0_zifencei2p0_zmmul1p0_zba1p0_zbb1p0_zbc1p0_zbs1p0
core   0: 0x0000000080004000 (0x0080006f) j       pc + 0x8
core   0: 3 0x0000000080004000 (0x0080006f)
core   0: >>>>  mmode_exception_handler
core   0: 0x0000000080004008 (0x00002c17) auipc   s8, 0x2
core   0: 3 0x0000000080004008 (0x00002c17) x24 0x0000000080006008
core   0: 0x000000008000400c (0xfd0c0c13) addi    s8, s8, -48
core   0: 3 0x000000008000400c (0xfd0c0c13) x24 0x0000000080005fd8
core   0: 0x0000000080004010 (0x000c00e7) jalr    s8
core   0: 3 0x0000000080004010 (0x000c00e7) x1  0x0000000080004014
core   0: >>>>  any_handler
core   0: 0x0000000080005fd8 (0x341027f3) csrrs   a5, mepc, zero
core   0: 3 0x0000000080005fd8 (0x341027f3) x15 0x00000000800047ee
core   0: 0x0000000080005fdc (0x34202773) csrrs   a4, mcause, zero
core   0: 3 0x0000000080005fdc (0x34202773) x14 0x0000000000000002
core   0: 0x0000000080005fe0 (0x142026f3) csrrs   a3, scause, zero
core   0: 3 0x0000000080005fe0 (0x142026f3) x13 0x0000000000000000
core   0: 0x0000000080005fe4 (0x30402673) csrrs   a2, mie, zero
core   0: 3 0x0000000080005fe4 (0x30402673) x12 0x0000000000000a00
core   0: 0x0000000080005fe8 (0x344025f3) csrrs   a1, mip, zero
core   0: 3 0x0000000080005fe8 (0x344025f3) x11 0x0000000000000080
core   0: 0x0000000080005fec (0x343025f3) csrrs   a1, mtval, zero
core   0: 3 0x0000000080005fec (0x343025f3) x11 0x0000000002d0f0d3
core   0: 0x0000000080005ff0 (0x14302573) csrrs   a0, stval, zero
core   0: 3 0x0000000080005ff0 (0x14302573) x10 0x0000000000000000
core   0: 0x0000000080005ff4 (0xb02024f3) csrrs   s1, minstret, zero
core   0: 3 0x0000000080005ff4 (0xb02024f3) x9  0x0000000000000a50
core   0: 0x0000000080005ff8 (0x0000a811) c.j     pc + 20
core   0: 3 0x0000000080005ff8 (0xa811)
core   0: >>>>  mepc_4
core   0: 0x000000008000600c (0x00000791) c.addi  a5, 4
core   0: 3 0x000000008000600c (0x0791) x15 0x00000000800047f2
core   0: 0x000000008000600e (0x34179073) csrrw   zero, mepc, a5
core   0: 3 0x000000008000600e (0x34179073) c833_mepc 0x00000000800047f2
core   0: 0x0000000080006012 (0x30200073) mret
core   0: 3 0x0000000080006012 (0x30200073) c768_mstatus 0x8000000a00106080
core   0: 0x00000000800047f2 (0x01cb6e33) or      t3, s6, t3
core   0: 1 0x00000000800047f2 (0x01cb6e33) x28 0xffffffffffffffff
core   0: 0x00000000800047f6 (0x4013fcd3) fcvt.s.d fs9, ft7
core   0: exception trap_illegal_instruction, epc 0x00000000800047f6
core   0:           tval 0x000000004013fcd3
core   0: >>>>  $xrv64i2p1_m2p0_a2p1_f2p2_d2p2_zicsr2p0_zifencei2p0_zmmul1p0_zba1p0_zbb1p0_zbc1p0_zbs1p0
core   0: 0x0000000080004000 (0x0080006f) j       pc + 0x8
core   0: 3 0x0000000080004000 (0x0080006f)
core   0: >>>>  mmode_exception_handler
core   0: 0x0000000080004008 (0x00002c17) auipc   s8, 0x2
core   0: 3 0x0000000080004008 (0x00002c17) x24 0x0000000080006008
core   0: 0x000000008000400c (0xfd0c0c13) addi    s8, s8, -48
core   0: 3 0x000000008000400c (0xfd0c0c13) x24 0x0000000080005fd8
core   0: 0x0000000080004010 (0x000c00e7) jalr    s8
core   0: 3 0x0000000080004010 (0x000c00e7) x1  0x0000000080004014
core   0: >>>>  any_handler
core   0: 0x0000000080005fd8 (0x341027f3) csrrs   a5, mepc, zero
core   0: 3 0x0000000080005fd8 (0x341027f3) x15 0x00000000800047f6
core   0: 0x0000000080005fdc (0x34202773) csrrs   a4, mcause, zero
core   0: 3 0x0000000080005fdc (0x34202773) x14 0x0000000000000002
core   0: 0x0000000080005fe0 (0x142026f3) csrrs   a3, scause, zero
core   0: 3 0x0000000080005fe0 (0x142026f3) x13 0x0000000000000000
core   0: 0x0000000080005fe4 (0x30402673) csrrs   a2, mie, zero
core   0: 3 0x0000000080005fe4 (0x30402673) x12 0x0000000000000a00
core   0: 0x0000000080005fe8 (0x344025f3) csrrs   a1, mip, zero
core   0: 3 0x0000000080005fe8 (0x344025f3) x11 0x0000000000000080
core   0: 0x0000000080005fec (0x343025f3) csrrs   a1, mtval, zero
core   0: 3 0x0000000080005fec (0x343025f3) x11 0x000000004013fcd3
core   0: 0x0000000080005ff0 (0x14302573) csrrs   a0, stval, zero
core   0: 3 0x0000000080005ff0 (0x14302573) x10 0x0000000000000000
core   0: 0x0000000080005ff4 (0xb02024f3) csrrs   s1, minstret, zero
core   0: 3 0x0000000080005ff4 (0xb02024f3) x9  0x0000000000000a61
core   0: 0x0000000080005ff8 (0x0000a811) c.j     pc + 20
core   0: 3 0x0000000080005ff8 (0xa811)
core   0: >>>>  mepc_4
core   0: 0x000000008000600c (0x00000791) c.addi  a5, 4
core   0: 3 0x000000008000600c (0x0791) x15 0x00000000800047fa
core   0: 0x000000008000600e (0x34179073) csrrw   zero, mepc, a5
core   0: 3 0x000000008000600e (0x34179073) c833_mepc 0x00000000800047fa
core   0: 0x0000000080006012 (0x30200073) mret
core   0: 3 0x0000000080006012 (0x30200073) c768_mstatus 0x8000000a00106080
core   0: 0x00000000800047fa (0x013b01bb) addw    gp, s6, s3
core   0: 1 0x00000000800047fa (0x013b01bb) x3  0xffffffffffffffff
core   0: 0x00000000800047fe (0x5a09fa53) fsqrt.d fs4, fs3
core   0: exception trap_illegal_instruction, epc 0x00000000800047fe
core   0:           tval 0x000000005a09fa53
core   0: >>>>  $xrv64i2p1_m2p0_a2p1_f2p2_d2p2_zicsr2p0_zifencei2p0_zmmul1p0_zba1p0_zbb1p0_zbc1p0_zbs1p0
core   0: 0x0000000080004000 (0x0080006f) j       pc + 0x8
core   0: 3 0x0000000080004000 (0x0080006f)
core   0: >>>>  mmode_exception_handler
core   0: 0x0000000080004008 (0x00002c17) auipc   s8, 0x2
core   0: 3 0x0000000080004008 (0x00002c17) x24 0x0000000080006008
core   0: 0x000000008000400c (0xfd0c0c13) addi    s8, s8, -48
core   0: 3 0x000000008000400c (0xfd0c0c13) x24 0x0000000080005fd8
core   0: 0x0000000080004010 (0x000c00e7) jalr    s8
core   0: 3 0x0000000080004010 (0x000c00e7) x1  0x0000000080004014
core   0: >>>>  any_handler
core   0: 0x0000000080005fd8 (0x341027f3) csrrs   a5, mepc, zero
core   0: 3 0x0000000080005fd8 (0x341027f3) x15 0x00000000800047fe
core   0: 0x0000000080005fdc (0x34202773) csrrs   a4, mcause, zero
core   0: 3 0x0000000080005fdc (0x34202773) x14 0x0000000000000002
core   0: 0x0000000080005fe0 (0x142026f3) csrrs   a3, scause, zero
core   0: 3 0x0000000080005fe0 (0x142026f3) x13 0x0000000000000000
core   0: 0x0000000080005fe4 (0x30402673) csrrs   a2, mie, zero
core   0: 3 0x0000000080005fe4 (0x30402673) x12 0x0000000000000a00
core   0: 0x0000000080005fe8 (0x344025f3) csrrs   a1, mip, zero
core   0: 3 0x0000000080005fe8 (0x344025f3) x11 0x0000000000000080
core   0: 0x0000000080005fec (0x343025f3) csrrs   a1, mtval, zero
core   0: 3 0x0000000080005fec (0x343025f3) x11 0x000000005a09fa53
core   0: 0x0000000080005ff0 (0x14302573) csrrs   a0, stval, zero
core   0: 3 0x0000000080005ff0 (0x14302573) x10 0x0000000000000000
core   0: 0x0000000080005ff4 (0xb02024f3) csrrs   s1, minstret, zero
core   0: 3 0x0000000080005ff4 (0xb02024f3) x9  0x0000000000000a72
core   0: 0x0000000080005ff8 (0x0000a811) c.j     pc + 20
core   0: 3 0x0000000080005ff8 (0xa811)
core   0: >>>>  mepc_4
core   0: 0x000000008000600c (0x00000791) c.addi  a5, 4
core   0: 3 0x000000008000600c (0x0791) x15 0x0000000080004802
core   0: 0x000000008000600e (0x34179073) csrrw   zero, mepc, a5
core   0: 3 0x000000008000600e (0x34179073) c833_mepc 0x0000000080004802
core   0: 0x0000000080006012 (0x30200073) mret
core   0: 3 0x0000000080006012 (0x30200073) c768_mstatus 0x8000000a00106080
core   0: 0x0000000080004802 (0x00000001) c.nop
core   0: 1 0x0000000080004802 (0x0001)
core   0: 0x0000000080004804 (0x00000001) c.nop
core   0: 1 0x0000000080004804 (0x0001)
core   0: 0x0000000080004806 (0x027ef3b3) remu    t2, t4, t2
core   0: 1 0x0000000080004806 (0x027ef3b3) x7  0x0000000000000000
core   0: 0x000000008000480a (0xd03e79d3) fcvt.s.lu fs3, t3
core   0: exception trap_illegal_instruction, epc 0x000000008000480a
core   0:           tval 0x00000000d03e79d3
core   0: >>>>  $xrv64i2p1_m2p0_a2p1_f2p2_d2p2_zicsr2p0_zifencei2p0_zmmul1p0_zba1p0_zbb1p0_zbc1p0_zbs1p0
core   0: 0x0000000080004000 (0x0080006f) j       pc + 0x8
core   0: 3 0x0000000080004000 (0x0080006f)
core   0: >>>>  mmode_exception_handler
core   0: 0x0000000080004008 (0x00002c17) auipc   s8, 0x2
core   0: 3 0x0000000080004008 (0x00002c17) x24 0x0000000080006008
core   0: 0x000000008000400c (0xfd0c0c13) addi    s8, s8, -48
core   0: 3 0x000000008000400c (0xfd0c0c13) x24 0x0000000080005fd8
core   0: 0x0000000080004010 (0x000c00e7) jalr    s8
core   0: 3 0x0000000080004010 (0x000c00e7) x1  0x0000000080004014
core   0: >>>>  any_handler
core   0: 0x0000000080005fd8 (0x341027f3) csrrs   a5, mepc, zero
core   0: 3 0x0000000080005fd8 (0x341027f3) x15 0x000000008000480a
core   0: 0x0000000080005fdc (0x34202773) csrrs   a4, mcause, zero
core   0: 3 0x0000000080005fdc (0x34202773) x14 0x0000000000000002
core   0: 0x0000000080005fe0 (0x142026f3) csrrs   a3, scause, zero
core   0: 3 0x0000000080005fe0 (0x142026f3) x13 0x0000000000000000
core   0: 0x0000000080005fe4 (0x30402673) csrrs   a2, mie, zero
core   0: 3 0x0000000080005fe4 (0x30402673) x12 0x0000000000000a00
core   0: 0x0000000080005fe8 (0x344025f3) csrrs   a1, mip, zero
core   0: 3 0x0000000080005fe8 (0x344025f3) x11 0x0000000000000080
core   0: 0x0000000080005fec (0x343025f3) csrrs   a1, mtval, zero
core   0: 3 0x0000000080005fec (0x343025f3) x11 0x00000000d03e79d3
core   0: 0x0000000080005ff0 (0x14302573) csrrs   a0, stval, zero
core   0: 3 0x0000000080005ff0 (0x14302573) x10 0x0000000000000000
core   0: 0x0000000080005ff4 (0xb02024f3) csrrs   s1, minstret, zero
core   0: 3 0x0000000080005ff4 (0xb02024f3) x9  0x0000000000000a85
core   0: 0x0000000080005ff8 (0x0000a811) c.j     pc + 20
core   0: 3 0x0000000080005ff8 (0xa811)
core   0: >>>>  mepc_4
core   0: 0x000000008000600c (0x00000791) c.addi  a5, 4
core   0: 3 0x000000008000600c (0x0791) x15 0x000000008000480e
core   0: 0x000000008000600e (0x34179073) csrrw   zero, mepc, a5
core   0: 3 0x000000008000600e (0x34179073) c833_mepc 0x000000008000480e
core   0: 0x0000000080006012 (0x30200073) mret
core   0: 3 0x0000000080006012 (0x30200073) c768_mstatus 0x8000000a00106080
core   0: 0x000000008000480e (0x003e51b3) srl     gp, t3, gp
core   0: 1 0x000000008000480e (0x003e51b3) x3  0x0000000000000001
core   0: 0x0000000080004812 (0x0061e1b3) or      gp, gp, t1
core   0: 1 0x0000000080004812 (0x0061e1b3) x3  0x0000000000000001
core   0: 0x0000000080004816 (0x0011d613) srli    a2, gp, 1
core   0: 1 0x0000000080004816 (0x0011d613) x12 0x0000000000000000
core   0: 0x000000008000481a (0x017c9bbb) sllw    s7, s9, s7
core   0: 1 0x000000008000481a (0x017c9bbb) x23 0x0000000000000010
core   0: 0x000000008000481e (0xd2130fd3) fcvt.d.wu ft11, t1
core   0: 1 0x000000008000481e (0xd2130fd3) f31 0x0000000000000000
core   0: 0x0000000080004822 (0x00000001) c.nop
core   0: 1 0x0000000080004822 (0x0001)
core   0: 0x0000000080004824 (0x00055a93) srli    s5, a0, 0
core   0: 1 0x0000000080004824 (0x00055a93) x21 0x0000000000000000
core   0: 0x0000000080004828 (0x800de393) ori     t2, s11, -2048
core   0: 1 0x0000000080004828 (0x800de393) x7  0xffffffffffffff7e
core   0: 0x000000008000482c (0xaac373cf) fnmadd.d ft7, ft6, fa2, fs5
core   0: exception trap_illegal_instruction, epc 0x000000008000482c
core   0:           tval 0x00000000aac373cf
core   0: >>>>  $xrv64i2p1_m2p0_a2p1_f2p2_d2p2_zicsr2p0_zifencei2p0_zmmul1p0_zba1p0_zbb1p0_zbc1p0_zbs1p0
core   0: 0x0000000080004000 (0x0080006f) j       pc + 0x8
core   0: 3 0x0000000080004000 (0x0080006f)
core   0: >>>>  mmode_exception_handler
core   0: 0x0000000080004008 (0x00002c17) auipc   s8, 0x2
core   0: 3 0x0000000080004008 (0x00002c17) x24 0x0000000080006008
core   0: 0x000000008000400c (0xfd0c0c13) addi    s8, s8, -48
core   0: 3 0x000000008000400c (0xfd0c0c13) x24 0x0000000080005fd8
core   0: 0x0000000080004010 (0x000c00e7) jalr    s8
core   0: 3 0x0000000080004010 (0x000c00e7) x1  0x0000000080004014
core   0: >>>>  any_handler
core   0: 0x0000000080005fd8 (0x341027f3) csrrs   a5, mepc, zero
core   0: 3 0x0000000080005fd8 (0x341027f3) x15 0x000000008000482c
core   0: 0x0000000080005fdc (0x34202773) csrrs   a4, mcause, zero
core   0: 3 0x0000000080005fdc (0x34202773) x14 0x0000000000000002
core   0: 0x0000000080005fe0 (0x142026f3) csrrs   a3, scause, zero
core   0: 3 0x0000000080005fe0 (0x142026f3) x13 0x0000000000000000
core   0: 0x0000000080005fe4 (0x30402673) csrrs   a2, mie, zero
core   0: 3 0x0000000080005fe4 (0x30402673) x12 0x0000000000000a00
core   0: 0x0000000080005fe8 (0x344025f3) csrrs   a1, mip, zero
core   0: 3 0x0000000080005fe8 (0x344025f3) x11 0x0000000000000080
core   0: 0x0000000080005fec (0x343025f3) csrrs   a1, mtval, zero
core   0: 3 0x0000000080005fec (0x343025f3) x11 0x00000000aac373cf
core   0: 0x0000000080005ff0 (0x14302573) csrrs   a0, stval, zero
core   0: 3 0x0000000080005ff0 (0x14302573) x10 0x0000000000000000
core   0: 0x0000000080005ff4 (0xb02024f3) csrrs   s1, minstret, zero
core   0: 3 0x0000000080005ff4 (0xb02024f3) x9  0x0000000000000a9d
core   0: 0x0000000080005ff8 (0x0000a811) c.j     pc + 20
core   0: 3 0x0000000080005ff8 (0xa811)
core   0: >>>>  mepc_4
core   0: 0x000000008000600c (0x00000791) c.addi  a5, 4
core   0: 3 0x000000008000600c (0x0791) x15 0x0000000080004830
core   0: 0x000000008000600e (0x34179073) csrrw   zero, mepc, a5
core   0: 3 0x000000008000600e (0x34179073) c833_mepc 0x0000000080004830
core   0: 0x0000000080006012 (0x30200073) mret
core   0: 3 0x0000000080006012 (0x30200073) c768_mstatus 0x8000000a00106080
core   0: 0x0000000080004830 (0xc02e7053) fcvt.l.s zero, ft8
core   0: exception trap_illegal_instruction, epc 0x0000000080004830
core   0:           tval 0x00000000c02e7053
core   0: >>>>  $xrv64i2p1_m2p0_a2p1_f2p2_d2p2_zicsr2p0_zifencei2p0_zmmul1p0_zba1p0_zbb1p0_zbc1p0_zbs1p0
core   0: 0x0000000080004000 (0x0080006f) j       pc + 0x8
core   0: 3 0x0000000080004000 (0x0080006f)
core   0: >>>>  mmode_exception_handler
core   0: 0x0000000080004008 (0x00002c17) auipc   s8, 0x2
core   0: 3 0x0000000080004008 (0x00002c17) x24 0x0000000080006008
core   0: 0x000000008000400c (0xfd0c0c13) addi    s8, s8, -48
core   0: 3 0x000000008000400c (0xfd0c0c13) x24 0x0000000080005fd8
core   0: 0x0000000080004010 (0x000c00e7) jalr    s8
core   0: 3 0x0000000080004010 (0x000c00e7) x1  0x0000000080004014
core   0: >>>>  any_handler
core   0: 0x0000000080005fd8 (0x341027f3) csrrs   a5, mepc, zero
core   0: 3 0x0000000080005fd8 (0x341027f3) x15 0x0000000080004830
core   0: 0x0000000080005fdc (0x34202773) csrrs   a4, mcause, zero
core   0: 3 0x0000000080005fdc (0x34202773) x14 0x0000000000000002
core   0: 0x0000000080005fe0 (0x142026f3) csrrs   a3, scause, zero
core   0: 3 0x0000000080005fe0 (0x142026f3) x13 0x0000000000000000
core   0: 0x0000000080005fe4 (0x30402673) csrrs   a2, mie, zero
core   0: 3 0x0000000080005fe4 (0x30402673) x12 0x0000000000000a00
core   0: 0x0000000080005fe8 (0x344025f3) csrrs   a1, mip, zero
core   0: 3 0x0000000080005fe8 (0x344025f3) x11 0x0000000000000080
core   0: 0x0000000080005fec (0x343025f3) csrrs   a1, mtval, zero
core   0: 3 0x0000000080005fec (0x343025f3) x11 0x00000000c02e7053
core   0: 0x0000000080005ff0 (0x14302573) csrrs   a0, stval, zero
core   0: 3 0x0000000080005ff0 (0x14302573) x10 0x0000000000000000
core   0: 0x0000000080005ff4 (0xb02024f3) csrrs   s1, minstret, zero
core   0: 3 0x0000000080005ff4 (0xb02024f3) x9  0x0000000000000aad
core   0: 0x0000000080005ff8 (0x0000a811) c.j     pc + 20
core   0: 3 0x0000000080005ff8 (0xa811)
core   0: >>>>  mepc_4
core   0: 0x000000008000600c (0x00000791) c.addi  a5, 4
core   0: 3 0x000000008000600c (0x0791) x15 0x0000000080004834
core   0: 0x000000008000600e (0x34179073) csrrw   zero, mepc, a5
core   0: 3 0x000000008000600e (0x34179073) c833_mepc 0x0000000080004834
core   0: 0x0000000080006012 (0x30200073) mret
core   0: 3 0x0000000080006012 (0x30200073) c768_mstatus 0x8000000a00106080
core   0: 0x0000000080004834 (0x43f4dd13) srai    s10, s1, 63
core   0: 1 0x0000000080004834 (0x43f4dd13) x26 0x0000000000000000
core   0: 0x0000000080004838 (0x32767ac3) fmadd.d fs5, fa2, ft7, ft6
core   0: exception trap_illegal_instruction, epc 0x0000000080004838
core   0:           tval 0x0000000032767ac3
core   0: >>>>  $xrv64i2p1_m2p0_a2p1_f2p2_d2p2_zicsr2p0_zifencei2p0_zmmul1p0_zba1p0_zbb1p0_zbc1p0_zbs1p0
core   0: 0x0000000080004000 (0x0080006f) j       pc + 0x8
core   0: 3 0x0000000080004000 (0x0080006f)
core   0: >>>>  mmode_exception_handler
core   0: 0x0000000080004008 (0x00002c17) auipc   s8, 0x2
core   0: 3 0x0000000080004008 (0x00002c17) x24 0x0000000080006008
core   0: 0x000000008000400c (0xfd0c0c13) addi    s8, s8, -48
core   0: 3 0x000000008000400c (0xfd0c0c13) x24 0x0000000080005fd8
core   0: 0x0000000080004010 (0x000c00e7) jalr    s8
core   0: 3 0x0000000080004010 (0x000c00e7) x1  0x0000000080004014
core   0: >>>>  any_handler
core   0: 0x0000000080005fd8 (0x341027f3) csrrs   a5, mepc, zero
core   0: 3 0x0000000080005fd8 (0x341027f3) x15 0x0000000080004838
core   0: 0x0000000080005fdc (0x34202773) csrrs   a4, mcause, zero
core   0: 3 0x0000000080005fdc (0x34202773) x14 0x0000000000000002
core   0: 0x0000000080005fe0 (0x142026f3) csrrs   a3, scause, zero
core   0: 3 0x0000000080005fe0 (0x142026f3) x13 0x0000000000000000
core   0: 0x0000000080005fe4 (0x30402673) csrrs   a2, mie, zero
core   0: 3 0x0000000080005fe4 (0x30402673) x12 0x0000000000000a00
core   0: 0x0000000080005fe8 (0x344025f3) csrrs   a1, mip, zero
core   0: 3 0x0000000080005fe8 (0x344025f3) x11 0x0000000000000080
core   0: 0x0000000080005fec (0x343025f3) csrrs   a1, mtval, zero
core   0: 3 0x0000000080005fec (0x343025f3) x11 0x0000000032767ac3
core   0: 0x0000000080005ff0 (0x14302573) csrrs   a0, stval, zero
core   0: 3 0x0000000080005ff0 (0x14302573) x10 0x0000000000000000
core   0: 0x0000000080005ff4 (0xb02024f3) csrrs   s1, minstret, zero
core   0: 3 0x0000000080005ff4 (0xb02024f3) x9  0x0000000000000abe
core   0: 0x0000000080005ff8 (0x0000a811) c.j     pc + 20
core   0: 3 0x0000000080005ff8 (0xa811)
core   0: >>>>  mepc_4
core   0: 0x000000008000600c (0x00000791) c.addi  a5, 4
core   0: 3 0x000000008000600c (0x0791) x15 0x000000008000483c
core   0: 0x000000008000600e (0x34179073) csrrw   zero, mepc, a5
core   0: 3 0x000000008000600e (0x34179073) c833_mepc 0x000000008000483c
core   0: 0x0000000080006012 (0x30200073) mret
core   0: 3 0x0000000080006012 (0x30200073) c768_mstatus 0x8000000a00106080
core   0: 0x000000008000483c (0x0284793b) remuw   s2, s0, s0
core   0: 1 0x000000008000483c (0x0284793b) x18 0x0000000000000000
core   0: 0x0000000080004840 (0x5a067053) fsqrt.d ft0, fa2
core   0: exception trap_illegal_instruction, epc 0x0000000080004840
core   0:           tval 0x000000005a067053
core   0: >>>>  $xrv64i2p1_m2p0_a2p1_f2p2_d2p2_zicsr2p0_zifencei2p0_zmmul1p0_zba1p0_zbb1p0_zbc1p0_zbs1p0
core   0: 0x0000000080004000 (0x0080006f) j       pc + 0x8
core   0: 3 0x0000000080004000 (0x0080006f)
core   0: >>>>  mmode_exception_handler
core   0: 0x0000000080004008 (0x00002c17) auipc   s8, 0x2
core   0: 3 0x0000000080004008 (0x00002c17) x24 0x0000000080006008
core   0: 0x000000008000400c (0xfd0c0c13) addi    s8, s8, -48
core   0: 3 0x000000008000400c (0xfd0c0c13) x24 0x0000000080005fd8
core   0: 0x0000000080004010 (0x000c00e7) jalr    s8
core   0: 3 0x0000000080004010 (0x000c00e7) x1  0x0000000080004014
core   0: >>>>  any_handler
core   0: 0x0000000080005fd8 (0x341027f3) csrrs   a5, mepc, zero
core   0: 3 0x0000000080005fd8 (0x341027f3) x15 0x0000000080004840
core   0: 0x0000000080005fdc (0x34202773) csrrs   a4, mcause, zero
core   0: 3 0x0000000080005fdc (0x34202773) x14 0x0000000000000002
core   0: 0x0000000080005fe0 (0x142026f3) csrrs   a3, scause, zero
core   0: 3 0x0000000080005fe0 (0x142026f3) x13 0x0000000000000000
core   0: 0x0000000080005fe4 (0x30402673) csrrs   a2, mie, zero
core   0: 3 0x0000000080005fe4 (0x30402673) x12 0x0000000000000a00
core   0: 0x0000000080005fe8 (0x344025f3) csrrs   a1, mip, zero
core   0: 3 0x0000000080005fe8 (0x344025f3) x11 0x0000000000000080
core   0: 0x0000000080005fec (0x343025f3) csrrs   a1, mtval, zero
core   0: 3 0x0000000080005fec (0x343025f3) x11 0x000000005a067053
core   0: 0x0000000080005ff0 (0x14302573) csrrs   a0, stval, zero
core   0: 3 0x0000000080005ff0 (0x14302573) x10 0x0000000000000000
core   0: 0x0000000080005ff4 (0xb02024f3) csrrs   s1, minstret, zero
core   0: 3 0x0000000080005ff4 (0xb02024f3) x9  0x0000000000000acf
core   0: 0x0000000080005ff8 (0x0000a811) c.j     pc + 20
core   0: 3 0x0000000080005ff8 (0xa811)
core   0: >>>>  mepc_4
core   0: 0x000000008000600c (0x00000791) c.addi  a5, 4
core   0: 3 0x000000008000600c (0x0791) x15 0x0000000080004844
core   0: 0x000000008000600e (0x34179073) csrrw   zero, mepc, a5
core   0: 3 0x000000008000600e (0x34179073) c833_mepc 0x0000000080004844
core   0: 0x0000000080006012 (0x30200073) mret
core   0: 3 0x0000000080006012 (0x30200073) c768_mstatus 0x8000000a00106080
core   0: 0x0000000080004844 (0xc0207353) fcvt.l.s t1, ft0
core   0: exception trap_illegal_instruction, epc 0x0000000080004844
core   0:           tval 0x00000000c0207353
core   0: >>>>  $xrv64i2p1_m2p0_a2p1_f2p2_d2p2_zicsr2p0_zifencei2p0_zmmul1p0_zba1p0_zbb1p0_zbc1p0_zbs1p0
core   0: 0x0000000080004000 (0x0080006f) j       pc + 0x8
core   0: 3 0x0000000080004000 (0x0080006f)
core   0: >>>>  mmode_exception_handler
core   0: 0x0000000080004008 (0x00002c17) auipc   s8, 0x2
core   0: 3 0x0000000080004008 (0x00002c17) x24 0x0000000080006008
core   0: 0x000000008000400c (0xfd0c0c13) addi    s8, s8, -48
core   0: 3 0x000000008000400c (0xfd0c0c13) x24 0x0000000080005fd8
core   0: 0x0000000080004010 (0x000c00e7) jalr    s8
core   0: 3 0x0000000080004010 (0x000c00e7) x1  0x0000000080004014
core   0: >>>>  any_handler
core   0: 0x0000000080005fd8 (0x341027f3) csrrs   a5, mepc, zero
core   0: 3 0x0000000080005fd8 (0x341027f3) x15 0x0000000080004844
core   0: 0x0000000080005fdc (0x34202773) csrrs   a4, mcause, zero
core   0: 3 0x0000000080005fdc (0x34202773) x14 0x0000000000000002
core   0: 0x0000000080005fe0 (0x142026f3) csrrs   a3, scause, zero
core   0: 3 0x0000000080005fe0 (0x142026f3) x13 0x0000000000000000
core   0: 0x0000000080005fe4 (0x30402673) csrrs   a2, mie, zero
core   0: 3 0x0000000080005fe4 (0x30402673) x12 0x0000000000000a00
core   0: 0x0000000080005fe8 (0x344025f3) csrrs   a1, mip, zero
core   0: 3 0x0000000080005fe8 (0x344025f3) x11 0x0000000000000080
core   0: 0x0000000080005fec (0x343025f3) csrrs   a1, mtval, zero
core   0: 3 0x0000000080005fec (0x343025f3) x11 0x00000000c0207353
core   0: 0x0000000080005ff0 (0x14302573) csrrs   a0, stval, zero
core   0: 3 0x0000000080005ff0 (0x14302573) x10 0x0000000000000000
core   0: 0x0000000080005ff4 (0xb02024f3) csrrs   s1, minstret, zero
core   0: 3 0x0000000080005ff4 (0xb02024f3) x9  0x0000000000000adf
core   0: 0x0000000080005ff8 (0x0000a811) c.j     pc + 20
core   0: 3 0x0000000080005ff8 (0xa811)
core   0: >>>>  mepc_4
core   0: 0x000000008000600c (0x00000791) c.addi  a5, 4
core   0: 3 0x000000008000600c (0x0791) x15 0x0000000080004848
core   0: 0x000000008000600e (0x34179073) csrrw   zero, mepc, a5
core   0: 3 0x000000008000600e (0x34179073) c833_mepc 0x0000000080004848
core   0: 0x0000000080006012 (0x30200073) mret
core   0: 3 0x0000000080006012 (0x30200073) c768_mstatus 0x8000000a00106080
core   0: 0x0000000080004848 (0x00009a42) c.add   s4, a6
core   0: 1 0x0000000080004848 (0x9a42) x20 0xbfffffff7fffbfea
core   0: 0x000000008000484a (0x000d5193) srli    gp, s10, 0
core   0: 1 0x000000008000484a (0x000d5193) x3  0x0000000000000000
core   0: 0x000000008000484e (0x008d1793) slli    a5, s10, 8
core   0: 1 0x000000008000484e (0x008d1793) x15 0x0000000000000000
core   0: 0x0000000080004852 (0xc0367553) fcvt.lu.s a0, fa2
core   0: exception trap_illegal_instruction, epc 0x0000000080004852
core   0:           tval 0x00000000c0367553
core   0: >>>>  $xrv64i2p1_m2p0_a2p1_f2p2_d2p2_zicsr2p0_zifencei2p0_zmmul1p0_zba1p0_zbb1p0_zbc1p0_zbs1p0
core   0: 0x0000000080004000 (0x0080006f) j       pc + 0x8
core   0: 3 0x0000000080004000 (0x0080006f)
core   0: >>>>  mmode_exception_handler
core   0: 0x0000000080004008 (0x00002c17) auipc   s8, 0x2
core   0: 3 0x0000000080004008 (0x00002c17) x24 0x0000000080006008
core   0: 0x000000008000400c (0xfd0c0c13) addi    s8, s8, -48
core   0: 3 0x000000008000400c (0xfd0c0c13) x24 0x0000000080005fd8
core   0: 0x0000000080004010 (0x000c00e7) jalr    s8
core   0: 3 0x0000000080004010 (0x000c00e7) x1  0x0000000080004014
core   0: >>>>  any_handler
core   0: 0x0000000080005fd8 (0x341027f3) csrrs   a5, mepc, zero
core   0: 3 0x0000000080005fd8 (0x341027f3) x15 0x0000000080004852
core   0: 0x0000000080005fdc (0x34202773) csrrs   a4, mcause, zero
core   0: 3 0x0000000080005fdc (0x34202773) x14 0x0000000000000002
core   0: 0x0000000080005fe0 (0x142026f3) csrrs   a3, scause, zero
core   0: 3 0x0000000080005fe0 (0x142026f3) x13 0x0000000000000000
core   0: 0x0000000080005fe4 (0x30402673) csrrs   a2, mie, zero
core   0: 3 0x0000000080005fe4 (0x30402673) x12 0x0000000000000a00
core   0: 0x0000000080005fe8 (0x344025f3) csrrs   a1, mip, zero
core   0: 3 0x0000000080005fe8 (0x344025f3) x11 0x0000000000000080
core   0: 0x0000000080005fec (0x343025f3) csrrs   a1, mtval, zero
core   0: 3 0x0000000080005fec (0x343025f3) x11 0x00000000c0367553
core   0: 0x0000000080005ff0 (0x14302573) csrrs   a0, stval, zero
core   0: 3 0x0000000080005ff0 (0x14302573) x10 0x0000000000000000
core   0: 0x0000000080005ff4 (0xb02024f3) csrrs   s1, minstret, zero
core   0: 3 0x0000000080005ff4 (0xb02024f3) x9  0x0000000000000af2
core   0: 0x0000000080005ff8 (0x0000a811) c.j     pc + 20
core   0: 3 0x0000000080005ff8 (0xa811)
core   0: >>>>  mepc_4
core   0: 0x000000008000600c (0x00000791) c.addi  a5, 4
core   0: 3 0x000000008000600c (0x0791) x15 0x0000000080004856
core   0: 0x000000008000600e (0x34179073) csrrw   zero, mepc, a5
core   0: 3 0x000000008000600e (0x34179073) c833_mepc 0x0000000080004856
core   0: 0x0000000080006012 (0x30200073) mret
core   0: 3 0x0000000080006012 (0x30200073) c768_mstatus 0x8000000a00106080
core   0: 0x0000000080004856 (0x0ff0000f) fence   iorw,iorw
core   0: 1 0x0000000080004856 (0x0ff0000f)
core   0: 0x000000008000485a (0xc0307953) fcvt.lu.s s2, ft0
core   0: exception trap_illegal_instruction, epc 0x000000008000485a
core   0:           tval 0x00000000c0307953
core   0: >>>>  $xrv64i2p1_m2p0_a2p1_f2p2_d2p2_zicsr2p0_zifencei2p0_zmmul1p0_zba1p0_zbb1p0_zbc1p0_zbs1p0
core   0: 0x0000000080004000 (0x0080006f) j       pc + 0x8
core   0: 3 0x0000000080004000 (0x0080006f)
core   0: >>>>  mmode_exception_handler
core   0: 0x0000000080004008 (0x00002c17) auipc   s8, 0x2
core   0: 3 0x0000000080004008 (0x00002c17) x24 0x0000000080006008
core   0: 0x000000008000400c (0xfd0c0c13) addi    s8, s8, -48
core   0: 3 0x000000008000400c (0xfd0c0c13) x24 0x0000000080005fd8
core   0: 0x0000000080004010 (0x000c00e7) jalr    s8
core   0: 3 0x0000000080004010 (0x000c00e7) x1  0x0000000080004014
core   0: >>>>  any_handler
core   0: 0x0000000080005fd8 (0x341027f3) csrrs   a5, mepc, zero
core   0: 3 0x0000000080005fd8 (0x341027f3) x15 0x000000008000485a
core   0: 0x0000000080005fdc (0x34202773) csrrs   a4, mcause, zero
core   0: 3 0x0000000080005fdc (0x34202773) x14 0x0000000000000002
core   0: 0x0000000080005fe0 (0x142026f3) csrrs   a3, scause, zero
core   0: 3 0x0000000080005fe0 (0x142026f3) x13 0x0000000000000000
core   0: 0x0000000080005fe4 (0x30402673) csrrs   a2, mie, zero
core   0: 3 0x0000000080005fe4 (0x30402673) x12 0x0000000000000a00
core   0: 0x0000000080005fe8 (0x344025f3) csrrs   a1, mip, zero
core   0: 3 0x0000000080005fe8 (0x344025f3) x11 0x0000000000000080
core   0: 0x0000000080005fec (0x343025f3) csrrs   a1, mtval, zero
core   0: 3 0x0000000080005fec (0x343025f3) x11 0x00000000c0307953
core   0: 0x0000000080005ff0 (0x14302573) csrrs   a0, stval, zero
core   0: 3 0x0000000080005ff0 (0x14302573) x10 0x0000000000000000
core   0: 0x0000000080005ff4 (0xb02024f3) csrrs   s1, minstret, zero
core   0: 3 0x0000000080005ff4 (0xb02024f3) x9  0x0000000000000b03
core   0: 0x0000000080005ff8 (0x0000a811) c.j     pc + 20
core   0: 3 0x0000000080005ff8 (0xa811)
core   0: >>>>  mepc_4
core   0: 0x000000008000600c (0x00000791) c.addi  a5, 4
core   0: 3 0x000000008000600c (0x0791) x15 0x000000008000485e
core   0: 0x000000008000600e (0x34179073) csrrw   zero, mepc, a5
core   0: 3 0x000000008000600e (0x34179073) c833_mepc 0x000000008000485e
core   0: 0x0000000080006012 (0x30200073) mret
core   0: 3 0x0000000080006012 (0x30200073) c768_mstatus 0x8000000a00106080
core   0: 0x000000008000485e (0x03591993) slli    s3, s2, 53
core   0: 1 0x000000008000485e (0x03591993) x19 0x0000000000000000
core   0: 0x0000000080004862 (0x032a9933) mulh    s2, s5, s2
core   0: 1 0x0000000080004862 (0x032a9933) x18 0x0000000000000000
core   0: 0x0000000080004866 (0x0350fd3b) remuw   s10, ra, s5
core   0: 1 0x0000000080004866 (0x0350fd3b) x26 0xffffffff80004014
core   0: 0x000000008000486a (0x2281a5d3) fsgnjx.d fa1, ft3, fs0
core   0: 1 0x000000008000486a (0x2281a5d3) f11 0xfff8000000000000
core   0: 0x000000008000486e (0x03b10c33) mul     s8, sp, s11
core   0: 1 0x000000008000486e (0x03b10c33) x24 0xfffffe502b79cc9a
core   0: 0x0000000080004872 (0xd2190cd3) fcvt.d.wu fs9, s2
core   0: 1 0x0000000080004872 (0xd2190cd3) f25 0x0000000000000000
core   0: 0x0000000080004876 (0x00202873) csrrs   a6, frm, zero
core   0: 1 0x0000000080004876 (0x00202873) x16 0x0000000000000006
core   0: 0x000000008000487a (0x00221513) slli    a0, tp, 2
core   0: 1 0x000000008000487a (0x00221513) x10 0x0000000000000004
core   0: 0x000000008000487e (0x10b20493) addi    s1, tp, 267
core   0: 1 0x000000008000487e (0x10b20493) x9  0x000000000000010c
core   0: 0x0000000080004882 (0x403483bb) subw    t2, s1, gp
core   0: 1 0x0000000080004882 (0x403483bb) x7  0x000000000000010c
core   0: 0x0000000080004886 (0x00102a73) csrrs   s4, fflags, zero
core   0: 1 0x0000000080004886 (0x00102a73) x20 0x000000000000001f
core   0: 0x000000008000488a (0x0ff0000f) fence   iorw,iorw
core   0: 1 0x000000008000488a (0x0ff0000f)
core   0: 0x000000008000488e (0x015ac4b3) xor     s1, s5, s5
core   0: 1 0x000000008000488e (0x015ac4b3) x9  0x0000000000000000
core   0: 0x0000000080004892 (0xd02afdd3) fcvt.s.l fs11, s5
core   0: exception trap_illegal_instruction, epc 0x0000000080004892
core   0:           tval 0x00000000d02afdd3
core   0: >>>>  $xrv64i2p1_m2p0_a2p1_f2p2_d2p2_zicsr2p0_zifencei2p0_zmmul1p0_zba1p0_zbb1p0_zbc1p0_zbs1p0
core   0: 0x0000000080004000 (0x0080006f) j       pc + 0x8
core   0: 3 0x0000000080004000 (0x0080006f)
core   0: >>>>  mmode_exception_handler
core   0: 0x0000000080004008 (0x00002c17) auipc   s8, 0x2
core   0: 3 0x0000000080004008 (0x00002c17) x24 0x0000000080006008
core   0: 0x000000008000400c (0xfd0c0c13) addi    s8, s8, -48
core   0: 3 0x000000008000400c (0xfd0c0c13) x24 0x0000000080005fd8
core   0: 0x0000000080004010 (0x000c00e7) jalr    s8
core   0: 3 0x0000000080004010 (0x000c00e7) x1  0x0000000080004014
core   0: >>>>  any_handler
core   0: 0x0000000080005fd8 (0x341027f3) csrrs   a5, mepc, zero
core   0: 3 0x0000000080005fd8 (0x341027f3) x15 0x0000000080004892
core   0: 0x0000000080005fdc (0x34202773) csrrs   a4, mcause, zero
core   0: 3 0x0000000080005fdc (0x34202773) x14 0x0000000000000002
core   0: 0x0000000080005fe0 (0x142026f3) csrrs   a3, scause, zero
core   0: 3 0x0000000080005fe0 (0x142026f3) x13 0x0000000000000000
core   0: 0x0000000080005fe4 (0x30402673) csrrs   a2, mie, zero
core   0: 3 0x0000000080005fe4 (0x30402673) x12 0x0000000000000a00
core   0: 0x0000000080005fe8 (0x344025f3) csrrs   a1, mip, zero
core   0: 3 0x0000000080005fe8 (0x344025f3) x11 0x0000000000000080
core   0: 0x0000000080005fec (0x343025f3) csrrs   a1, mtval, zero
core   0: 3 0x0000000080005fec (0x343025f3) x11 0x00000000d02afdd3
core   0: 0x0000000080005ff0 (0x14302573) csrrs   a0, stval, zero
core   0: 3 0x0000000080005ff0 (0x14302573) x10 0x0000000000000000
core   0: 0x0000000080005ff4 (0xb02024f3) csrrs   s1, minstret, zero
core   0: 3 0x0000000080005ff4 (0xb02024f3) x9  0x0000000000000b20
core   0: 0x0000000080005ff8 (0x0000a811) c.j     pc + 20
core   0: 3 0x0000000080005ff8 (0xa811)
core   0: >>>>  mepc_4
core   0: 0x000000008000600c (0x00000791) c.addi  a5, 4
core   0: 3 0x000000008000600c (0x0791) x15 0x0000000080004896
core   0: 0x000000008000600e (0x34179073) csrrw   zero, mepc, a5
core   0: 3 0x000000008000600e (0x34179073) c833_mepc 0x0000000080004896
core   0: 0x0000000080006012 (0x30200073) mret
core   0: 3 0x0000000080006012 (0x30200073) c768_mstatus 0x8000000a00106080
core   0: 0x0000000080004896 (0x461dc693) xori    a3, s11, 1121
core   0: 1 0x0000000080004896 (0x461dc693) x13 0x000000003d3ee31f
core   0: 0x000000008000489a (0x0abb7b53) fsub.d  fs6, fs6, fa1
core   0: exception trap_illegal_instruction, epc 0x000000008000489a
core   0:           tval 0x000000000abb7b53
core   0: >>>>  $xrv64i2p1_m2p0_a2p1_f2p2_d2p2_zicsr2p0_zifencei2p0_zmmul1p0_zba1p0_zbb1p0_zbc1p0_zbs1p0
core   0: 0x0000000080004000 (0x0080006f) j       pc + 0x8
core   0: 3 0x0000000080004000 (0x0080006f)
core   0: >>>>  mmode_exception_handler
core   0: 0x0000000080004008 (0x00002c17) auipc   s8, 0x2
core   0: 3 0x0000000080004008 (0x00002c17) x24 0x0000000080006008
core   0: 0x000000008000400c (0xfd0c0c13) addi    s8, s8, -48
core   0: 3 0x000000008000400c (0xfd0c0c13) x24 0x0000000080005fd8
core   0: 0x0000000080004010 (0x000c00e7) jalr    s8
core   0: 3 0x0000000080004010 (0x000c00e7) x1  0x0000000080004014
core   0: >>>>  any_handler
core   0: 0x0000000080005fd8 (0x341027f3) csrrs   a5, mepc, zero
core   0: 3 0x0000000080005fd8 (0x341027f3) x15 0x000000008000489a
core   0: 0x0000000080005fdc (0x34202773) csrrs   a4, mcause, zero
core   0: 3 0x0000000080005fdc (0x34202773) x14 0x0000000000000002
core   0: 0x0000000080005fe0 (0x142026f3) csrrs   a3, scause, zero
core   0: 3 0x0000000080005fe0 (0x142026f3) x13 0x0000000000000000
core   0: 0x0000000080005fe4 (0x30402673) csrrs   a2, mie, zero
core   0: 3 0x0000000080005fe4 (0x30402673) x12 0x0000000000000a00
core   0: 0x0000000080005fe8 (0x344025f3) csrrs   a1, mip, zero
core   0: 3 0x0000000080005fe8 (0x344025f3) x11 0x0000000000000080
core   0: 0x0000000080005fec (0x343025f3) csrrs   a1, mtval, zero
core   0: 3 0x0000000080005fec (0x343025f3) x11 0x000000000abb7b53
core   0: 0x0000000080005ff0 (0x14302573) csrrs   a0, stval, zero
core   0: 3 0x0000000080005ff0 (0x14302573) x10 0x0000000000000000
core   0: 0x0000000080005ff4 (0xb02024f3) csrrs   s1, minstret, zero
core   0: 3 0x0000000080005ff4 (0xb02024f3) x9  0x0000000000000b31
core   0: 0x0000000080005ff8 (0x0000a811) c.j     pc + 20
core   0: 3 0x0000000080005ff8 (0xa811)
core   0: >>>>  mepc_4
core   0: 0x000000008000600c (0x00000791) c.addi  a5, 4
core   0: 3 0x000000008000600c (0x0791) x15 0x000000008000489e
core   0: 0x000000008000600e (0x34179073) csrrw   zero, mepc, a5
core   0: 3 0x000000008000600e (0x34179073) c833_mepc 0x000000008000489e
core   0: 0x0000000080006012 (0x30200073) mret
core   0: 3 0x0000000080006012 (0x30200073) c768_mstatus 0x8000000a00106080
core   0: 0x000000008000489e (0xc025fdd3) fcvt.l.s s11, fa1
core   0: exception trap_illegal_instruction, epc 0x000000008000489e
core   0:           tval 0x00000000c025fdd3
core   0: >>>>  $xrv64i2p1_m2p0_a2p1_f2p2_d2p2_zicsr2p0_zifencei2p0_zmmul1p0_zba1p0_zbb1p0_zbc1p0_zbs1p0
core   0: 0x0000000080004000 (0x0080006f) j       pc + 0x8
core   0: 3 0x0000000080004000 (0x0080006f)
core   0: >>>>  mmode_exception_handler
core   0: 0x0000000080004008 (0x00002c17) auipc   s8, 0x2
core   0: 3 0x0000000080004008 (0x00002c17) x24 0x0000000080006008
core   0: 0x000000008000400c (0xfd0c0c13) addi    s8, s8, -48
core   0: 3 0x000000008000400c (0xfd0c0c13) x24 0x0000000080005fd8
core   0: 0x0000000080004010 (0x000c00e7) jalr    s8
core   0: 3 0x0000000080004010 (0x000c00e7) x1  0x0000000080004014
core   0: >>>>  any_handler
core   0: 0x0000000080005fd8 (0x341027f3) csrrs   a5, mepc, zero
core   0: 3 0x0000000080005fd8 (0x341027f3) x15 0x000000008000489e
core   0: 0x0000000080005fdc (0x34202773) csrrs   a4, mcause, zero
core   0: 3 0x0000000080005fdc (0x34202773) x14 0x0000000000000002
core   0: 0x0000000080005fe0 (0x142026f3) csrrs   a3, scause, zero
core   0: 3 0x0000000080005fe0 (0x142026f3) x13 0x0000000000000000
core   0: 0x0000000080005fe4 (0x30402673) csrrs   a2, mie, zero
core   0: 3 0x0000000080005fe4 (0x30402673) x12 0x0000000000000a00
core   0: 0x0000000080005fe8 (0x344025f3) csrrs   a1, mip, zero
core   0: 3 0x0000000080005fe8 (0x344025f3) x11 0x0000000000000080
core   0: 0x0000000080005fec (0x343025f3) csrrs   a1, mtval, zero
core   0: 3 0x0000000080005fec (0x343025f3) x11 0x00000000c025fdd3
core   0: 0x0000000080005ff0 (0x14302573) csrrs   a0, stval, zero
core   0: 3 0x0000000080005ff0 (0x14302573) x10 0x0000000000000000
core   0: 0x0000000080005ff4 (0xb02024f3) csrrs   s1, minstret, zero
core   0: 3 0x0000000080005ff4 (0xb02024f3) x9  0x0000000000000b41
core   0: 0x0000000080005ff8 (0x0000a811) c.j     pc + 20
core   0: 3 0x0000000080005ff8 (0xa811)
core   0: >>>>  mepc_4
core   0: 0x000000008000600c (0x00000791) c.addi  a5, 4
core   0: 3 0x000000008000600c (0x0791) x15 0x00000000800048a2
core   0: 0x000000008000600e (0x34179073) csrrw   zero, mepc, a5
core   0: 3 0x000000008000600e (0x34179073) c833_mepc 0x00000000800048a2
core   0: 0x0000000080006012 (0x30200073) mret
core   0: 3 0x0000000080006012 (0x30200073) c768_mstatus 0x8000000a00106080
core   0: 0x00000000800048a2 (0x0044d03b) srlw    zero, s1, tp
core   0: 1 0x00000000800048a2 (0x0044d03b)
core   0: 0x00000000800048a6 (0x00000001) c.nop
core   0: 1 0x00000000800048a6 (0x0001)
core   0: 0x00000000800048a8 (0x0281cbbb) divw    s7, gp, s0
core   0: 1 0x00000000800048a8 (0x0281cbbb) x23 0xffffffffffffffff
core   0: 0x00000000800048ac (0x0218e8bb) remw    a7, a7, ra
core   0: 1 0x00000000800048ac (0x0218e8bb) x17 0x0000000000000000
core   0: 0x00000000800048b0 (0x000cc033) xor     zero, s9, zero
core   0: 1 0x00000000800048b0 (0x000cc033)
core   0: 0x00000000800048b4 (0x420c0cd3) fcvt.d.s fs9, fs8
core   0: 1 0x00000000800048b4 (0x420c0cd3) f25 0x7ff8000000000000
core   0: 0x00000000800048b8 (0x226e1053) fsgnjn.d ft0, ft8, ft6
core   0: 1 0x00000000800048b8 (0x226e1053) f0  0xc0f0f38000000000
core   0: 0x00000000800048bc (0x003651b3) srl     gp, a2, gp
core   0: 1 0x00000000800048bc (0x003651b3) x3  0x0000000000000a00
core   0: 0x00000000800048c0 (0x401d5013) srai    zero, s10, 1
core   0: 1 0x00000000800048c0 (0x401d5013)
core   0: 0x00000000800048c4 (0xd20b0953) fcvt.d.w fs2, s6
core   0: 1 0x00000000800048c4 (0xd20b0953) f18 0xbff0000000000000
core   0: 0x00000000800048c8 (0x000e9393) slli    t2, t4, 0
core   0: 1 0x00000000800048c8 (0x000e9393) x7  0x0000000000000000
core   0: 0x00000000800048cc (0x40ec81bb) subw    gp, s9, a4
core   0: 1 0x00000000800048cc (0x40ec81bb) x3  0x000000000000000e
core   0: 0x00000000800048d0 (0x0bf378d3) fsub.d  fa7, ft6, ft11
core   0: exception trap_illegal_instruction, epc 0x00000000800048d0
core   0:           tval 0x000000000bf378d3
core   0: >>>>  $xrv64i2p1_m2p0_a2p1_f2p2_d2p2_zicsr2p0_zifencei2p0_zmmul1p0_zba1p0_zbb1p0_zbc1p0_zbs1p0
core   0: 0x0000000080004000 (0x0080006f) j       pc + 0x8
core   0: 3 0x0000000080004000 (0x0080006f)
core   0: >>>>  mmode_exception_handler
core   0: 0x0000000080004008 (0x00002c17) auipc   s8, 0x2
core   0: 3 0x0000000080004008 (0x00002c17) x24 0x0000000080006008
core   0: 0x000000008000400c (0xfd0c0c13) addi    s8, s8, -48
core   0: 3 0x000000008000400c (0xfd0c0c13) x24 0x0000000080005fd8
core   0: 0x0000000080004010 (0x000c00e7) jalr    s8
core   0: 3 0x0000000080004010 (0x000c00e7) x1  0x0000000080004014
core   0: >>>>  any_handler
core   0: 0x0000000080005fd8 (0x341027f3) csrrs   a5, mepc, zero
core   0: 3 0x0000000080005fd8 (0x341027f3) x15 0x00000000800048d0
core   0: 0x0000000080005fdc (0x34202773) csrrs   a4, mcause, zero
core   0: 3 0x0000000080005fdc (0x34202773) x14 0x0000000000000002
core   0: 0x0000000080005fe0 (0x142026f3) csrrs   a3, scause, zero
core   0: 3 0x0000000080005fe0 (0x142026f3) x13 0x0000000000000000
core   0: 0x0000000080005fe4 (0x30402673) csrrs   a2, mie, zero
core   0: 3 0x0000000080005fe4 (0x30402673) x12 0x0000000000000a00
core   0: 0x0000000080005fe8 (0x344025f3) csrrs   a1, mip, zero
core   0: 3 0x0000000080005fe8 (0x344025f3) x11 0x0000000000000080
core   0: 0x0000000080005fec (0x343025f3) csrrs   a1, mtval, zero
core   0: 3 0x0000000080005fec (0x343025f3) x11 0x000000000bf378d3
core   0: 0x0000000080005ff0 (0x14302573) csrrs   a0, stval, zero
core   0: 3 0x0000000080005ff0 (0x14302573) x10 0x0000000000000000
core   0: 0x0000000080005ff4 (0xb02024f3) csrrs   s1, minstret, zero
core   0: 3 0x0000000080005ff4 (0xb02024f3) x9  0x0000000000000b5d
core   0: 0x0000000080005ff8 (0x0000a811) c.j     pc + 20
core   0: 3 0x0000000080005ff8 (0xa811)
core   0: >>>>  mepc_4
core   0: 0x000000008000600c (0x00000791) c.addi  a5, 4
core   0: 3 0x000000008000600c (0x0791) x15 0x00000000800048d4
core   0: 0x000000008000600e (0x34179073) csrrw   zero, mepc, a5
core   0: 3 0x000000008000600e (0x34179073) c833_mepc 0x00000000800048d4
core   0: 0x0000000080006012 (0x30200073) mret
core   0: 3 0x0000000080006012 (0x30200073) c768_mstatus 0x8000000a00106080
core   0: 0x00000000800048d4 (0x1b13f853) fdiv.d  fa6, ft7, fa7
core   0: exception trap_illegal_instruction, epc 0x00000000800048d4
core   0:           tval 0x000000001b13f853
core   0: >>>>  $xrv64i2p1_m2p0_a2p1_f2p2_d2p2_zicsr2p0_zifencei2p0_zmmul1p0_zba1p0_zbb1p0_zbc1p0_zbs1p0
core   0: 0x0000000080004000 (0x0080006f) j       pc + 0x8
core   0: 3 0x0000000080004000 (0x0080006f)
core   0: >>>>  mmode_exception_handler
core   0: 0x0000000080004008 (0x00002c17) auipc   s8, 0x2
core   0: 3 0x0000000080004008 (0x00002c17) x24 0x0000000080006008
core   0: 0x000000008000400c (0xfd0c0c13) addi    s8, s8, -48
core   0: 3 0x000000008000400c (0xfd0c0c13) x24 0x0000000080005fd8
core   0: 0x0000000080004010 (0x000c00e7) jalr    s8
core   0: 3 0x0000000080004010 (0x000c00e7) x1  0x0000000080004014
core   0: >>>>  any_handler
core   0: 0x0000000080005fd8 (0x341027f3) csrrs   a5, mepc, zero
core   0: 3 0x0000000080005fd8 (0x341027f3) x15 0x00000000800048d4
core   0: 0x0000000080005fdc (0x34202773) csrrs   a4, mcause, zero
core   0: 3 0x0000000080005fdc (0x34202773) x14 0x0000000000000002
core   0: 0x0000000080005fe0 (0x142026f3) csrrs   a3, scause, zero
core   0: 3 0x0000000080005fe0 (0x142026f3) x13 0x0000000000000000
core   0: 0x0000000080005fe4 (0x30402673) csrrs   a2, mie, zero
core   0: 3 0x0000000080005fe4 (0x30402673) x12 0x0000000000000a00
core   0: 0x0000000080005fe8 (0x344025f3) csrrs   a1, mip, zero
core   0: 3 0x0000000080005fe8 (0x344025f3) x11 0x0000000000000080
core   0: 0x0000000080005fec (0x343025f3) csrrs   a1, mtval, zero
core   0: 3 0x0000000080005fec (0x343025f3) x11 0x000000001b13f853
core   0: 0x0000000080005ff0 (0x14302573) csrrs   a0, stval, zero
core   0: 3 0x0000000080005ff0 (0x14302573) x10 0x0000000000000000
core   0: 0x0000000080005ff4 (0xb02024f3) csrrs   s1, minstret, zero
core   0: 3 0x0000000080005ff4 (0xb02024f3) x9  0x0000000000000b6d
core   0: 0x0000000080005ff8 (0x0000a811) c.j     pc + 20
core   0: 3 0x0000000080005ff8 (0xa811)
core   0: >>>>  mepc_4
core   0: 0x000000008000600c (0x00000791) c.addi  a5, 4
core   0: 3 0x000000008000600c (0x0791) x15 0x00000000800048d8
core   0: 0x000000008000600e (0x34179073) csrrw   zero, mepc, a5
core   0: 3 0x000000008000600e (0x34179073) c833_mepc 0x00000000800048d8
core   0: 0x0000000080006012 (0x30200073) mret
core   0: 3 0x0000000080006012 (0x30200073) c768_mstatus 0x8000000a00106080
core   0: 0x00000000800048d8 (0x00119e1b) slliw   t3, gp, 1
core   0: 1 0x00000000800048d8 (0x00119e1b) x28 0x000000000000001c
core   0: 0x00000000800048dc (0x63287747) fmsub.d fa4, fa6, fs2, fa2
core   0: exception trap_illegal_instruction, epc 0x00000000800048dc
core   0:           tval 0x0000000063287747
core   0: >>>>  $xrv64i2p1_m2p0_a2p1_f2p2_d2p2_zicsr2p0_zifencei2p0_zmmul1p0_zba1p0_zbb1p0_zbc1p0_zbs1p0
core   0: 0x0000000080004000 (0x0080006f) j       pc + 0x8
core   0: 3 0x0000000080004000 (0x0080006f)
core   0: >>>>  mmode_exception_handler
core   0: 0x0000000080004008 (0x00002c17) auipc   s8, 0x2
core   0: 3 0x0000000080004008 (0x00002c17) x24 0x0000000080006008
core   0: 0x000000008000400c (0xfd0c0c13) addi    s8, s8, -48
core   0: 3 0x000000008000400c (0xfd0c0c13) x24 0x0000000080005fd8
core   0: 0x0000000080004010 (0x000c00e7) jalr    s8
core   0: 3 0x0000000080004010 (0x000c00e7) x1  0x0000000080004014
core   0: >>>>  any_handler
core   0: 0x0000000080005fd8 (0x341027f3) csrrs   a5, mepc, zero
core   0: 3 0x0000000080005fd8 (0x341027f3) x15 0x00000000800048dc
core   0: 0x0000000080005fdc (0x34202773) csrrs   a4, mcause, zero
core   0: 3 0x0000000080005fdc (0x34202773) x14 0x0000000000000002
core   0: 0x0000000080005fe0 (0x142026f3) csrrs   a3, scause, zero
core   0: 3 0x0000000080005fe0 (0x142026f3) x13 0x0000000000000000
core   0: 0x0000000080005fe4 (0x30402673) csrrs   a2, mie, zero
core   0: 3 0x0000000080005fe4 (0x30402673) x12 0x0000000000000a00
core   0: 0x0000000080005fe8 (0x344025f3) csrrs   a1, mip, zero
core   0: 3 0x0000000080005fe8 (0x344025f3) x11 0x0000000000000080
core   0: 0x0000000080005fec (0x343025f3) csrrs   a1, mtval, zero
core   0: 3 0x0000000080005fec (0x343025f3) x11 0x0000000063287747
core   0: 0x0000000080005ff0 (0x14302573) csrrs   a0, stval, zero
core   0: 3 0x0000000080005ff0 (0x14302573) x10 0x0000000000000000
core   0: 0x0000000080005ff4 (0xb02024f3) csrrs   s1, minstret, zero
core   0: 3 0x0000000080005ff4 (0xb02024f3) x9  0x0000000000000b7e
core   0: 0x0000000080005ff8 (0x0000a811) c.j     pc + 20
core   0: 3 0x0000000080005ff8 (0xa811)
core   0: >>>>  mepc_4
core   0: 0x000000008000600c (0x00000791) c.addi  a5, 4
core   0: 3 0x000000008000600c (0x0791) x15 0x00000000800048e0
core   0: 0x000000008000600e (0x34179073) csrrw   zero, mepc, a5
core   0: 3 0x000000008000600e (0x34179073) c833_mepc 0x00000000800048e0
core   0: 0x0000000080006012 (0x30200073) mret
core   0: 3 0x0000000080006012 (0x30200073) c768_mstatus 0x8000000a00106080
core   0: 0x00000000800048e0 (0x2b689b53) fmax.d  fs6, fa7, fs6
core   0: 1 0x00000000800048e0 (0x2b689b53) f22 0x7ff8000000000000
core   0: 0x00000000800048e4 (0x2a5092d3) fmax.d  ft5, ft1, ft5
core   0: 1 0x00000000800048e4 (0x2a5092d3) f5  0x7ff8000000000000
core   0: 0x00000000800048e8 (0x001e1b73) csrrw   s6, fflags, t3
core   0: 1 0x00000000800048e8 (0x001e1b73) x22 0x000000000000001f c1_fflags 0x000000000000001c
core   0: 0x00000000800048ec (0x03057553) fadd.d  fa0, fa0, fa6
core   0: exception trap_illegal_instruction, epc 0x00000000800048ec
core   0:           tval 0x0000000003057553
core   0: >>>>  $xrv64i2p1_m2p0_a2p1_f2p2_d2p2_zicsr2p0_zifencei2p0_zmmul1p0_zba1p0_zbb1p0_zbc1p0_zbs1p0
core   0: 0x0000000080004000 (0x0080006f) j       pc + 0x8
core   0: 3 0x0000000080004000 (0x0080006f)
core   0: >>>>  mmode_exception_handler
core   0: 0x0000000080004008 (0x00002c17) auipc   s8, 0x2
core   0: 3 0x0000000080004008 (0x00002c17) x24 0x0000000080006008
core   0: 0x000000008000400c (0xfd0c0c13) addi    s8, s8, -48
core   0: 3 0x000000008000400c (0xfd0c0c13) x24 0x0000000080005fd8
core   0: 0x0000000080004010 (0x000c00e7) jalr    s8
core   0: 3 0x0000000080004010 (0x000c00e7) x1  0x0000000080004014
core   0: >>>>  any_handler
core   0: 0x0000000080005fd8 (0x341027f3) csrrs   a5, mepc, zero
core   0: 3 0x0000000080005fd8 (0x341027f3) x15 0x00000000800048ec
core   0: 0x0000000080005fdc (0x34202773) csrrs   a4, mcause, zero
core   0: 3 0x0000000080005fdc (0x34202773) x14 0x0000000000000002
core   0: 0x0000000080005fe0 (0x142026f3) csrrs   a3, scause, zero
core   0: 3 0x0000000080005fe0 (0x142026f3) x13 0x0000000000000000
core   0: 0x0000000080005fe4 (0x30402673) csrrs   a2, mie, zero
core   0: 3 0x0000000080005fe4 (0x30402673) x12 0x0000000000000a00
core   0: 0x0000000080005fe8 (0x344025f3) csrrs   a1, mip, zero
core   0: 3 0x0000000080005fe8 (0x344025f3) x11 0x0000000000000080
core   0: 0x0000000080005fec (0x343025f3) csrrs   a1, mtval, zero
core   0: 3 0x0000000080005fec (0x343025f3) x11 0x0000000003057553
core   0: 0x0000000080005ff0 (0x14302573) csrrs   a0, stval, zero
core   0: 3 0x0000000080005ff0 (0x14302573) x10 0x0000000000000000
core   0: 0x0000000080005ff4 (0xb02024f3) csrrs   s1, minstret, zero
core   0: 3 0x0000000080005ff4 (0xb02024f3) x9  0x0000000000000b91
core   0: 0x0000000080005ff8 (0x0000a811) c.j     pc + 20
core   0: 3 0x0000000080005ff8 (0xa811)
core   0: >>>>  mepc_4
core   0: 0x000000008000600c (0x00000791) c.addi  a5, 4
core   0: 3 0x000000008000600c (0x0791) x15 0x00000000800048f0
core   0: 0x000000008000600e (0x34179073) csrrw   zero, mepc, a5
core   0: 3 0x000000008000600e (0x34179073) c833_mepc 0x00000000800048f0
core   0: 0x0000000080006012 (0x30200073) mret
core   0: 3 0x0000000080006012 (0x30200073) c768_mstatus 0x8000000a00106080
core   0: 0x00000000800048f0 (0x1052a1f3) csrrs   gp, stvec, t0
core   0: 1 0x00000000800048f0 (0x1052a1f3) x3  0x0000000000000000 c261_stvec 0xffffffffd6038000
core   0: 0x00000000800048f4 (0x000089d2) c.mv    s3, s4
core   0: 1 0x00000000800048f4 (0x89d2) x19 0x000000000000001f
core   0: 0x00000000800048f6 (0x03fc1593) slli    a1, s8, 63
core   0: 1 0x00000000800048f6 (0x03fc1593) x11 0x0000000000000000
core   0: 0x00000000800048fa (0x41705033) sra     zero, zero, s7
core   0: 1 0x00000000800048fa (0x41705033)
core   0: 0x00000000800048fe (0x00182ab3) slt     s5, a6, ra
core   0: 1 0x00000000800048fe (0x00182ab3) x21 0x0000000000000001
core   0: 0x0000000080004902 (0x02c63033) mulhu   zero, a2, a2
core   0: 1 0x0000000080004902 (0x02c63033)
core   0: 0x0000000080004906 (0x41045b33) sra     s6, s0, a6
core   0: 1 0x0000000080004906 (0x41045b33) x22 0x0000000000000000
core   0: 0x000000008000490a (0x030211b3) mulh    gp, tp, a6
core   0: 1 0x000000008000490a (0x030211b3) x3  0x0000000000000000
core   0: 0x000000008000490e (0x03817153) fadd.d  ft2, ft2, fs8
core   0: exception trap_illegal_instruction, epc 0x000000008000490e
core   0:           tval 0x0000000003817153
core   0: >>>>  $xrv64i2p1_m2p0_a2p1_f2p2_d2p2_zicsr2p0_zifencei2p0_zmmul1p0_zba1p0_zbb1p0_zbc1p0_zbs1p0
core   0: 0x0000000080004000 (0x0080006f) j       pc + 0x8
core   0: 3 0x0000000080004000 (0x0080006f)
core   0: >>>>  mmode_exception_handler
core   0: 0x0000000080004008 (0x00002c17) auipc   s8, 0x2
core   0: 3 0x0000000080004008 (0x00002c17) x24 0x0000000080006008
core   0: 0x000000008000400c (0xfd0c0c13) addi    s8, s8, -48
core   0: 3 0x000000008000400c (0xfd0c0c13) x24 0x0000000080005fd8
core   0: 0x0000000080004010 (0x000c00e7) jalr    s8
core   0: 3 0x0000000080004010 (0x000c00e7) x1  0x0000000080004014
core   0: >>>>  any_handler
core   0: 0x0000000080005fd8 (0x341027f3) csrrs   a5, mepc, zero
core   0: 3 0x0000000080005fd8 (0x341027f3) x15 0x000000008000490e
core   0: 0x0000000080005fdc (0x34202773) csrrs   a4, mcause, zero
core   0: 3 0x0000000080005fdc (0x34202773) x14 0x0000000000000002
core   0: 0x0000000080005fe0 (0x142026f3) csrrs   a3, scause, zero
core   0: 3 0x0000000080005fe0 (0x142026f3) x13 0x0000000000000000
core   0: 0x0000000080005fe4 (0x30402673) csrrs   a2, mie, zero
core   0: 3 0x0000000080005fe4 (0x30402673) x12 0x0000000000000a00
core   0: 0x0000000080005fe8 (0x344025f3) csrrs   a1, mip, zero
core   0: 3 0x0000000080005fe8 (0x344025f3) x11 0x0000000000000080
core   0: 0x0000000080005fec (0x343025f3) csrrs   a1, mtval, zero
core   0: 3 0x0000000080005fec (0x343025f3) x11 0x0000000003817153
core   0: 0x0000000080005ff0 (0x14302573) csrrs   a0, stval, zero
core   0: 3 0x0000000080005ff0 (0x14302573) x10 0x0000000000000000
core   0: 0x0000000080005ff4 (0xb02024f3) csrrs   s1, minstret, zero
core   0: 3 0x0000000080005ff4 (0xb02024f3) x9  0x0000000000000ba9
core   0: 0x0000000080005ff8 (0x0000a811) c.j     pc + 20
core   0: 3 0x0000000080005ff8 (0xa811)
core   0: >>>>  mepc_4
core   0: 0x000000008000600c (0x00000791) c.addi  a5, 4
core   0: 3 0x000000008000600c (0x0791) x15 0x0000000080004912
core   0: 0x000000008000600e (0x34179073) csrrw   zero, mepc, a5
core   0: 3 0x000000008000600e (0x34179073) c833_mepc 0x0000000080004912
core   0: 0x0000000080006012 (0x30200073) mret
core   0: 3 0x0000000080006012 (0x30200073) c768_mstatus 0x8000000a00106080
core   0: 0x0000000080004912 (0x0090a933) slt     s2, ra, s1
core   0: 1 0x0000000080004912 (0x0090a933) x18 0x0000000000000000
core   0: 0x0000000080004916 (0x02d0d83b) divuw   a6, ra, a3
core   0: 1 0x0000000080004916 (0x02d0d83b) x16 0xffffffffffffffff
core   0: 0x000000008000491a (0x00d62ab3) slt     s5, a2, a3
core   0: 1 0x000000008000491a (0x00d62ab3) x21 0x0000000000000000
core   0: 0x000000008000491e (0x0307e7b3) rem     a5, a5, a6
core   0: 1 0x000000008000491e (0x0307e7b3) x15 0x0000000000000000
core   0: 0x0000000080004922 (0x006ca533) slt     a0, s9, t1
core   0: 1 0x0000000080004922 (0x006ca533) x10 0x0000000000000000
core   0: 0x0000000080004926 (0xdc2b7a93) andi    s5, s6, -574
core   0: 1 0x0000000080004926 (0xdc2b7a93) x21 0x0000000000000000
core   0: 0x000000008000492a (0xd20a81d3) fcvt.d.w ft3, s5
core   0: 1 0x000000008000492a (0xd20a81d3) f3  0x0000000000000000
core   0: 0x000000008000492e (0x00a5c033) xor     zero, a1, a0
core   0: 1 0x000000008000492e (0x00a5c033)
core   0: 0x0000000080004932 (0x002711f3) csrrw   gp, frm, a4
core   0: 1 0x0000000080004932 (0x002711f3) x3  0x0000000000000006 c2_frm 0x0000000000000002
core   0: 0x0000000080004936 (0x017052bb) srlw    t0, zero, s7
core   0: 1 0x0000000080004936 (0x017052bb) x5  0x0000000000000000
core   0: 0x000000008000493a (0x002b98b7) lui     a7, 0x2b9
core   0: 1 0x000000008000493a (0x002b98b7) x17 0x00000000002b9000
core   0: 0x000000008000493e (0x09d8889b) addiw   a7, a7, 157
core   0: 1 0x000000008000493e (0x09d8889b) x17 0x00000000002b909d
core   0: 0x0000000080004942 (0x000008b2) c.slli  a7, 12
core   0: 1 0x0000000080004942 (0x08b2) x17 0x00000002b909d000
core   0: 0x0000000080004944 (0x9cc88893) addi    a7, a7, -1588
core   0: 1 0x0000000080004944 (0x9cc88893) x17 0x00000002b909c9cc
core   0: 0x0000000080004948 (0x003453b3) srl     t2, s0, gp
core   0: 1 0x0000000080004948 (0x003453b3) x7  0x0000000000000000
core   0: 0x000000008000494c (0x0048da33) srl     s4, a7, tp
core   0: 1 0x000000008000494c (0x0048da33) x20 0x000000015c84e4e6
core   0: 0x0000000080004950 (0x011209bb) addw    s3, tp, a7
core   0: 1 0x0000000080004950 (0x011209bb) x19 0xffffffffb909c9cd
core   0: 0x0000000080004954 (0xc23f7953) fcvt.lu.d s2, ft10
core   0: 1 0x0000000080004954 (0xc23f7953) c1_fflags 0x000000000000001c x18 0xffffffffffffffff
core   0: 0x0000000080004958 (0xb6f4809b) addiw   ra, s1, -1169
core   0: 1 0x0000000080004958 (0xb6f4809b) x1  0x0000000000000718
core   0: 0x000000008000495c (0x0099f433) and     s0, s3, s1
core   0: 1 0x000000008000495c (0x0099f433) x8  0x0000000000000989
core   0: 0x0000000080004960 (0xd0257053) fcvt.s.l ft0, a0
core   0: 1 0x0000000080004960 (0xd0257053) f0  0xffffffff00000000
core   0: 0x0000000080004964 (0x420d0053) fcvt.d.s ft0, fs10
core   0: 1 0x0000000080004964 (0x420d0053) f0  0x7ff8000000000000
core   0: 0x0000000080004968 (0x010a1693) slli    a3, s4, 16
core   0: 1 0x0000000080004968 (0x010a1693) x13 0x00015c84e4e60000
core   0: 0x000000008000496c (0x401d7153) fcvt.s.d ft2, fs10
core   0: 1 0x000000008000496c (0x401d7153) c1_fflags 0x000000000000001d f2  0xffffffff5f7fffff
core   0: 0x0000000080004970 (0xc2307953) fcvt.lu.d s2, ft0
core   0: 1 0x0000000080004970 (0xc2307953) c1_fflags 0x000000000000001d x18 0xffffffffffffffff
core   0: 0x0000000080004974 (0x851af613) andi    a2, s5, -1967
core   0: 1 0x0000000080004974 (0x851af613) x12 0x0000000000000000
core   0: 0x0000000080004978 (0x41d05233) sra     tp, zero, t4
core   0: 1 0x0000000080004978 (0x41d05233) x4  0x0000000000000000
core   0: 0x000000008000497c (0x0b42f2d3) fsub.d  ft5, ft5, fs4
core   0: 1 0x000000008000497c (0x0b42f2d3) f5  0x7ff8000000000000
core   0: 0x0000000080004980 (0x5308754f) fnmadd.d fa0, fa6, fa6, fa0
core   0: 1 0x0000000080004980 (0x5308754f) f10 0x7ff8000000000000
core   0: 0x0000000080004984 (0xd8ddfb93) andi    s7, s11, -627
core   0: 1 0x0000000080004984 (0xd8ddfb93) x23 0x000000003d3ee50c
core   0: 0x0000000080004988 (0x017044b3) xor     s1, zero, s7
core   0: 1 0x0000000080004988 (0x017044b3) x9  0x000000003d3ee50c
core   0: 0x000000008000498c (0x01cc529b) srliw   t0, s8, 28
core   0: 1 0x000000008000498c (0x01cc529b) x5  0x0000000000000008
core   0: 0x0000000080004990 (0xbdc0f093) andi    ra, ra, -1060
core   0: 1 0x0000000080004990 (0xbdc0f093) x1  0x0000000000000318
core   0: 0x0000000080004994 (0x419ed83b) sraw    a6, t4, s9
core   0: 1 0x0000000080004994 (0x419ed83b) x16 0x0000000000000000
core   0: 0x0000000080004998 (0x420e8cd3) fcvt.d.s fs9, ft9
core   0: 1 0x0000000080004998 (0x420e8cd3) f25 0x7ff8000000000000
core   0: 0x000000008000499c (0x0132c533) xor     a0, t0, s3
core   0: 1 0x000000008000499c (0x0132c533) x10 0xffffffffb909c9c5
core   0: 0x00000000800049a0 (0x013cbcb7) lui     s9, 0x13cb
core   0: 1 0x00000000800049a0 (0x013cbcb7) x25 0x00000000013cb000
core   0: 0x00000000800049a4 (0xc61c8c9b) addiw   s9, s9, -927
core   0: 1 0x00000000800049a4 (0xc61c8c9b) x25 0x00000000013cac61
core   0: 0x00000000800049a8 (0x00000cb6) c.slli  s9, 13
core   0: 1 0x00000000800049a8 (0x0cb6) x25 0x00000027958c2000
core   0: 0x00000000800049aa (0x332c8c93) addi    s9, s9, 818
core   0: 1 0x00000000800049aa (0x332c8c93) x25 0x00000027958c2332
core   0: 0x00000000800049ae (0x1aeb7753) fdiv.d  fa4, fs6, fa4
core   0: 1 0x00000000800049ae (0x1aeb7753) f14 0x7ff8000000000000
core   0: 0x00000000800049b2 (0x40075413) srai    s0, a4, 0
core   0: 1 0x00000000800049b2 (0x40075413) x8  0x0000000000000002
core   0: 0x00000000800049b6 (0x44577613) andi    a2, a4, 1093
core   0: 1 0x00000000800049b6 (0x44577613) x12 0x0000000000000000
core   0: 0x00000000800049ba (0x0149193b) sllw    s2, s2, s4
core   0: 1 0x00000000800049ba (0x0149193b) x18 0xffffffffffffffc0
core   0: 0x00000000800049be (0xd2070253) fcvt.d.w ft4, a4
core   0: 1 0x00000000800049be (0xd2070253) f4  0x4000000000000000
core   0: 0x00000000800049c2 (0x0a427d53) fsub.d  fs10, ft4, ft4
core   0: 1 0x00000000800049c2 (0x0a427d53) f26 0x8000000000000000
core   0: 0x00000000800049c6 (0x0000914a) c.add   sp, s2
core   0: 1 0x00000000800049c6 (0x914a) x2  0xfffffffffffff8b3
core   0: 0x00000000800049c8 (0x001d1e73) csrrw   t3, fflags, s10
core   0: 1 0x00000000800049c8 (0x001d1e73) x28 0x000000000000001d c1_fflags 0x0000000000000014
core   0: 0x00000000800049cc (0x00202773) csrrs   a4, frm, zero
core   0: 1 0x00000000800049cc (0x00202773) x14 0x0000000000000002
core   0: 0x00000000800049d0 (0x0360e333) rem     t1, ra, s6
core   0: 1 0x00000000800049d0 (0x0360e333) x6  0x0000000000000318
core   0: 0x00000000800049d4 (0x41a7d31b) sraiw   t1, a5, 26
core   0: 1 0x00000000800049d4 (0x41a7d31b) x6  0x0000000000000000
core   0: 0x00000000800049d8 (0xda027dcb) fnmsub.d fs11, ft4, ft0, fs11
core   0: 1 0x00000000800049d8 (0xda027dcb) f27 0x7ff8000000000000
core   0: 0x00000000800049dc (0xd3f4f14b) fnmsub.d ft2, fs1, ft11, fs10
core   0: 1 0x00000000800049dc (0xd3f4f14b) f2  0x8000000000000000
core   0: 0x00000000800049e0 (0x00001013) slli    zero, zero, 0
core   0: 1 0x00000000800049e0 (0x00001013)
core   0: 0x00000000800049e4 (0x1143ec17) auipc   s8, 0x1143e
core   0: 1 0x00000000800049e4 (0x1143ec17) x24 0x00000000914429e4
core   0: 0x00000000800049e8 (0x01de5d13) srli    s10, t3, 29
core   0: 1 0x00000000800049e8 (0x01de5d13) x26 0x0000000000000000
core   0: 0x00000000800049ec (0x001b9df3) csrrw   s11, fflags, s7
core   0: 1 0x00000000800049ec (0x001b9df3) x27 0x0000000000000014 c1_fflags 0x000000000000000c
core   0: 0x00000000800049f0 (0xf20d8853) fmv.d.x fa6, s11
core   0: 1 0x00000000800049f0 (0xf20d8853) f16 0x0000000000000014
core   0: 0x00000000800049f4 (0x4c5d8d13) addi    s10, s11, 1221
core   0: 1 0x00000000800049f4 (0x4c5d8d13) x26 0x00000000000004d9
core   0: 0x00000000800049f8 (0x0003d39b) srliw   t2, t2, 0
core   0: 1 0x00000000800049f8 (0x0003d39b) x7  0x0000000000000000
core   0: 0x00000000800049fc (0xd2267853) fcvt.d.l fa6, a2
core   0: 1 0x00000000800049fc (0xd2267853) f16 0x0000000000000000
core   0: 0x0000000080004a00 (0x00104693) xori    a3, zero, 1
core   0: 1 0x0000000080004a00 (0x00104693) x13 0x0000000000000001
core   0: 0x0000000080004a04 (0xd20e8653) fcvt.d.w fa2, t4
core   0: 1 0x0000000080004a04 (0xd20e8653) f12 0x0000000000000000
core   0: 0x0000000080004a08 (0x0ff0000f) fence   iorw,iorw
core   0: 1 0x0000000080004a08 (0x0ff0000f)
core   0: 0x0000000080004a0c (0x0013da33) srl     s4, t2, ra
core   0: 1 0x0000000080004a0c (0x0013da33) x20 0x0000000000000000
core   0: 0x0000000080004a10 (0x0ae0fcc7) fmsub.d fs9, ft1, fa4, ft1
core   0: 1 0x0000000080004a10 (0x0ae0fcc7) f25 0x7ff8000000000000
core   0: 0x0000000080004a14 (0x00102473) csrrs   s0, fflags, zero
core   0: 1 0x0000000080004a14 (0x00102473) x8  0x000000000000000c
core   0: 0x0000000080004a18 (0x0ff0000f) fence   iorw,iorw
core   0: 1 0x0000000080004a18 (0x0ff0000f)
core   0: 0x0000000080004a1c (0x5fbe8213) addi    tp, t4, 1531
core   0: 1 0x0000000080004a1c (0x5fbe8213) x4  0x00000000000005fb
core   0: 0x0000000080004a20 (0x40440d3b) subw    s10, s0, tp
core   0: 1 0x0000000080004a20 (0x40440d3b) x26 0xfffffffffffffa11
core   0: 0x0000000080004a24 (0x00440bb3) add     s7, s0, tp
core   0: 1 0x0000000080004a24 (0x00440bb3) x23 0x0000000000000607
core   0: 0x0000000080004a28 (0x40ec0133) sub     sp, s8, a4
core   0: 1 0x0000000080004a28 (0x40ec0133) x2  0x00000000914429e2
core   0: 0x0000000080004a2c (0x02feea3b) remw    s4, t4, a5
core   0: 1 0x0000000080004a2c (0x02feea3b) x20 0x0000000000000000
core   0: 0x0000000080004a30 (0x22e718d3) fsgnjn.d fa7, fa4, fa4
core   0: 1 0x0000000080004a30 (0x22e718d3) f17 0xfff8000000000000
core   0: 0x0000000080004a34 (0x0285e43b) remw    s0, a1, s0
core   0: 1 0x0000000080004a34 (0x0285e43b) x8  0x0000000000000007
core   0: 0x0000000080004a38 (0x0258bdb3) mulhu   s11, a7, t0
core   0: 1 0x0000000080004a38 (0x0258bdb3) x27 0x0000000000000000
core   0: 0x0000000080004a3c (0x00dd0733) add     a4, s10, a3
core   0: 1 0x0000000080004a3c (0x00dd0733) x14 0xfffffffffffffa12
core   0: 0x0000000080004a40 (0xc238fb53) fcvt.lu.d s6, fa7
core   0: 1 0x0000000080004a40 (0xc238fb53) c1_fflags 0x000000000000001c x22 0xffffffffffffffff
core   0: 0x0000000080004a44 (0x8edd9897) auipc   a7, 0x8edd9
core   0: 1 0x0000000080004a44 (0x8edd9897) x17 0x000000000eddda44
core   0: 0x0000000080004a48 (0x00f31493) slli    s1, t1, 15
core   0: 1 0x0000000080004a48 (0x00f31493) x9  0x0000000000000000
core   0: 0x0000000080004a4c (0x14207af3) csrrci  s5, scause, 0
core   0: 1 0x0000000080004a4c (0x14207af3) x21 0x0000000000000000
core   0: 0x0000000080004a50 (0x432dd793) srai    a5, s11, 50
core   0: 1 0x0000000080004a50 (0x432dd793) x15 0x0000000000000000
core   0: 0x0000000080004a54 (0x036b75d3) fadd.d  fa1, fs6, fs6
core   0: 1 0x0000000080004a54 (0x036b75d3) f11 0x7ff8000000000000
core   0: 0x0000000080004a58 (0xc2237153) fcvt.l.d sp, ft6
core   0: 1 0x0000000080004a58 (0xc2237153) c1_fflags 0x000000000000001c x2  0x7fffffffffffffff
core   0: 0x0000000080004a5c (0x420306d3) fcvt.d.s fa3, ft6
core   0: 1 0x0000000080004a5c (0x420306d3) f13 0x7ff8000000000000
core   0: 0x0000000080004a60 (0x02d64dbb) divw    s11, a2, a3
core   0: 1 0x0000000080004a60 (0x02d64dbb) x27 0x0000000000000000
core   0: 0x0000000080004a64 (0xc03371d3) fcvt.lu.s gp, ft6
core   0: 1 0x0000000080004a64 (0xc03371d3) c1_fflags 0x000000000000001c x3  0xffffffffffffffff
core   0: 0x0000000080004a68 (0x403080bb) subw    ra, ra, gp
core   0: 1 0x0000000080004a68 (0x403080bb) x1  0x0000000000000319
core   0: 0x0000000080004a6c (0xfe3b2537) lui     a0, 0xfe3b2
core   0: 1 0x0000000080004a6c (0xfe3b2537) x10 0xfffffffffe3b2000
core   0: 0x0000000080004a70 (0xb695051b) addiw   a0, a0, -1175
core   0: 1 0x0000000080004a70 (0xb695051b) x10 0xfffffffffe3b1b69
core   0: 0x0000000080004a74 (0x0000053a) c.slli  a0, 14
core   0: 1 0x0000000080004a74 (0x053a) x10 0xffffff8ec6da4000
core   0: 0x0000000080004a76 (0x4d450513) addi    a0, a0, 1236
core   0: 1 0x0000000080004a76 (0x4d450513) x10 0xffffff8ec6da44d4
core   0: 0x0000000080004a7a (0x03fb9a13) slli    s4, s7, 63
core   0: 1 0x0000000080004a7a (0x03fb9a13) x20 0x8000000000000000
core   0: 0x0000000080004a7e (0x00000c1b) sext.w  s8, zero
core   0: 1 0x0000000080004a7e (0x00000c1b) x24 0x0000000000000000
core   0: 0x0000000080004a82 (0x00290e33) add     t3, s2, sp
core   0: 1 0x0000000080004a82 (0x00290e33) x28 0x7fffffffffffffbf
core   0: 0x0000000080004a86 (0x40d3d4b3) sra     s1, t2, a3
core   0: 1 0x0000000080004a86 (0x40d3d4b3) x9  0x0000000000000000
core   0: 0x0000000080004a8a (0x417b8b3b) subw    s6, s7, s7
core   0: 1 0x0000000080004a8a (0x417b8b3b) x22 0x0000000000000000
core   0: 0x0000000080004a8e (0x2b0d0ed3) fmin.d  ft9, fs10, fa6
core   0: 1 0x0000000080004a8e (0x2b0d0ed3) f29 0x8000000000000000
core   0: 0x0000000080004a92 (0x01f35313) srli    t1, t1, 31
core   0: 1 0x0000000080004a92 (0x01f35313) x6  0x0000000000000000
core   0: 0x0000000080004a96 (0x41cb561b) sraiw   a2, s6, 28
core   0: 1 0x0000000080004a96 (0x41cb561b) x12 0x0000000000000000
core   0: 0x0000000080004a9a (0x000a911b) slliw   sp, s5, 0
core   0: 1 0x0000000080004a9a (0x000a911b) x2  0x0000000000000000
core   0: 0x0000000080004a9e (0x00051213) slli    tp, a0, 0
core   0: 1 0x0000000080004a9e (0x00051213) x4  0xffffff8ec6da44d4
core   0: 0x0000000080004aa2 (0xc03ef053) fcvt.lu.s zero, ft9
core   0: 1 0x0000000080004aa2 (0xc03ef053) c1_fflags 0x000000000000001c
core   0: 0x0000000080004aa6 (0x00202673) csrrs   a2, frm, zero
core   0: 1 0x0000000080004aa6 (0x00202673) x12 0x0000000000000002
core   0: 0x0000000080004aaa (0xe20c06d3) fmv.x.d a3, fs8
core   0: 1 0x0000000080004aaa (0xe20c06d3) x13 0x7ff8000000000000
core   0: 0x0000000080004aae (0x0ff0000f) fence   iorw,iorw
core   0: 1 0x0000000080004aae (0x0ff0000f)
core   0: 0x0000000080004ab2 (0xc2317853) fcvt.lu.d a6, ft2
core   0: 1 0x0000000080004ab2 (0xc2317853) x16 0x0000000000000000
core   0: 0x0000000080004ab6 (0xd2120ed3) fcvt.d.wu ft9, tp
core   0: 1 0x0000000080004ab6 (0xd2120ed3) f29 0x41e8db489a800000
core   0: 0x0000000080004aba (0x034457b3) divu    a5, s0, s4
core   0: 1 0x0000000080004aba (0x034457b3) x15 0x0000000000000000
core   0: 0x0000000080004abe (0x00e0deb3) srl     t4, ra, a4
core   0: 1 0x0000000080004abe (0x00e0deb3) x29 0x0000000000000000
core   0: 0x0000000080004ac2 (0x138ef9cb) fnmsub.d fs3, ft9, fs8, ft2
core   0: 1 0x0000000080004ac2 (0x138ef9cb) f19 0x7ff8000000000000
core   0: 0x0000000080004ac6 (0xe4da6e13) ori     t3, s4, -435
core   0: 1 0x0000000080004ac6 (0xe4da6e13) x28 0xfffffffffffffe4d
core   0: 0x0000000080004aca (0x414e853b) subw    a0, t4, s4
core   0: 1 0x0000000080004aca (0x414e853b) x10 0x0000000000000000
core   0: 0x0000000080004ace (0x0288f43b) remuw   s0, a7, s0
core   0: 1 0x0000000080004ace (0x0288f43b) x8  0x0000000000000003
core   0: 0x0000000080004ad2 (0xc21ef6d3) fcvt.wu.d a3, ft9
core   0: 1 0x0000000080004ad2 (0xc21ef6d3) x13 0xffffffffc6da44d4
core   0: 0x0000000080004ad6 (0xd03374d3) fcvt.s.lu fs1, t1
core   0: 1 0x0000000080004ad6 (0xd03374d3) f9  0xffffffff00000000
core   0: 0x0000000080004ada (0x000d5613) srli    a2, s10, 0
core   0: 1 0x0000000080004ada (0x000d5613) x12 0xfffffffffffffa11
core   0: 0x0000000080004ade (0x0a917f47) fmsub.d ft10, ft2, fs1, ft1
core   0: 1 0x0000000080004ade (0x0a917f47) f30 0x7ff8000000000000
core   0: 0x0000000080004ae2 (0x00c622b3) slt     t0, a2, a2
core   0: 1 0x0000000080004ae2 (0x00c622b3) x5  0x0000000000000000
core   0: 0x0000000080004ae6 (0x40d3883b) subw    a6, t2, a3
core   0: 1 0x0000000080004ae6 (0x40d3883b) x16 0x000000003925bb2c
core   0: 0x0000000080004aea (0xc21f7553) fcvt.wu.d a0, ft10
core   0: 1 0x0000000080004aea (0xc21f7553) c1_fflags 0x000000000000001c x10 0xffffffffffffffff
core   0: 0x0000000080004aee (0x40b587bb) subw    a5, a1, a1
core   0: 1 0x0000000080004aee (0x40b587bb) x15 0x0000000000000000
core   0: 0x0000000080004af2 (0xc20bf553) fcvt.w.d a0, fs7
core   0: 1 0x0000000080004af2 (0xc20bf553) c1_fflags 0x000000000000001c x10 0x000000007fffffff
core   0: 0x0000000080004af6 (0xd032f3d3) fcvt.s.lu ft7, t0
core   0: 1 0x0000000080004af6 (0xd032f3d3) f7  0xffffffff00000000
core   0: 0x0000000080004afa (0x00202a73) csrrs   s4, frm, zero
core   0: 1 0x0000000080004afa (0x00202a73) x20 0x0000000000000002
core   0: 0x0000000080004afe (0xd21a0ad3) fcvt.d.wu fs5, s4
core   0: 1 0x0000000080004afe (0xd21a0ad3) f21 0x4000000000000000
core   0: 0x0000000080004b02 (0x002021f3) csrrs   gp, frm, zero
core   0: 1 0x0000000080004b02 (0x002021f3) x3  0x0000000000000002
core   0: 0x0000000080004b06 (0x0a95ffd3) fsub.d  ft11, fa1, fs1
core   0: 1 0x0000000080004b06 (0x0a95ffd3) f31 0x7ff8000000000000
core   0: 0x0000000080004b0a (0x42008dd3) fcvt.d.s fs11, ft1
core   0: 1 0x0000000080004b0a (0x42008dd3) f27 0x0000000000000000
core   0: 0x0000000080004b0e (0x22122953) fsgnjx.d fs2, ft4, ft1
core   0: 1 0x0000000080004b0e (0x22122953) f18 0xc000000000000000
core   0: 0x0000000080004b12 (0x004705bb) addw    a1, a4, tp
core   0: 1 0x0000000080004b12 (0x004705bb) x11 0xffffffffc6da3ee6
core   0: 0x0000000080004b16 (0xa2420cd3) fle.d   s9, ft4, ft4
core   0: 1 0x0000000080004b16 (0xa2420cd3) x25 0x0000000000000001
core   0: 0x0000000080004b1a (0x406ad6b3) sra     a3, s5, t1
core   0: 1 0x0000000080004b1a (0x406ad6b3) x13 0x0000000000000000
core   0: 0x0000000080004b1e (0x0294f4d3) fadd.d  fs1, fs1, fs1
core   0: 1 0x0000000080004b1e (0x0294f4d3) f9  0x7ff8000000000000
core   0: 0x0000000080004b22 (0x4666cb13) xori    s6, a3, 1126
core   0: 1 0x0000000080004b22 (0x4666cb13) x22 0x0000000000000466
core   0: 0x0000000080004b26 (0x40de04bb) subw    s1, t3, a3
core   0: 1 0x0000000080004b26 (0x40de04bb) x9  0xfffffffffffffe4d
core   0: 0x0000000080004b2a (0xd23e7d53) fcvt.d.lu fs10, t3
core   0: 1 0x0000000080004b2a (0xd23e7d53) c1_fflags 0x000000000000001d f26 0x43efffffffffffff
core   0: 0x0000000080004b2e (0xc0277053) fcvt.l.s zero, fa4
core   0: 1 0x0000000080004b2e (0xc0277053) c1_fflags 0x000000000000001d
core   0: 0x0000000080004b32 (0x7ffd8d93) addi    s11, s11, 2047
core   0: 1 0x0000000080004b32 (0x7ffd8d93) x27 0x00000000000007ff
core   0: 0x0000000080004b36 (0xf11cb2f3) csrrc   t0, mvendorid, s9
core   0: exception trap_illegal_instruction, epc 0x0000000080004b36
core   0:           tval 0x00000000f11cb2f3
core   0: >>>>  $xrv64i2p1_m2p0_a2p1_f2p2_d2p2_zicsr2p0_zifencei2p0_zmmul1p0_zba1p0_zbb1p0_zbc1p0_zbs1p0
core   0: 0x0000000080004000 (0x0080006f) j       pc + 0x8
core   0: 3 0x0000000080004000 (0x0080006f)
core   0: >>>>  mmode_exception_handler
core   0: 0x0000000080004008 (0x00002c17) auipc   s8, 0x2
core   0: 3 0x0000000080004008 (0x00002c17) x24 0x0000000080006008
core   0: 0x000000008000400c (0xfd0c0c13) addi    s8, s8, -48
core   0: 3 0x000000008000400c (0xfd0c0c13) x24 0x0000000080005fd8
core   0: 0x0000000080004010 (0x000c00e7) jalr    s8
core   0: 3 0x0000000080004010 (0x000c00e7) x1  0x0000000080004014
core   0: >>>>  any_handler
core   0: 0x0000000080005fd8 (0x341027f3) csrrs   a5, mepc, zero
core   0: 3 0x0000000080005fd8 (0x341027f3) x15 0x0000000080004b36
core   0: 0x0000000080005fdc (0x34202773) csrrs   a4, mcause, zero
core   0: 3 0x0000000080005fdc (0x34202773) x14 0x0000000000000002
core   0: 0x0000000080005fe0 (0x142026f3) csrrs   a3, scause, zero
core   0: 3 0x0000000080005fe0 (0x142026f3) x13 0x0000000000000000
core   0: 0x0000000080005fe4 (0x30402673) csrrs   a2, mie, zero
core   0: 3 0x0000000080005fe4 (0x30402673) x12 0x0000000000000a00
core   0: 0x0000000080005fe8 (0x344025f3) csrrs   a1, mip, zero
core   0: 3 0x0000000080005fe8 (0x344025f3) x11 0x0000000000000080
core   0: 0x0000000080005fec (0x343025f3) csrrs   a1, mtval, zero
core   0: 3 0x0000000080005fec (0x343025f3) x11 0x00000000f11cb2f3
core   0: 0x0000000080005ff0 (0x14302573) csrrs   a0, stval, zero
core   0: 3 0x0000000080005ff0 (0x14302573) x10 0x0000000000000000
core   0: 0x0000000080005ff4 (0xb02024f3) csrrs   s1, minstret, zero
core   0: 3 0x0000000080005ff4 (0xb02024f3) x9  0x0000000000000c44
core   0: 0x0000000080005ff8 (0x0000a811) c.j     pc + 20
core   0: 3 0x0000000080005ff8 (0xa811)
core   0: >>>>  mepc_4
core   0: 0x000000008000600c (0x00000791) c.addi  a5, 4
core   0: 3 0x000000008000600c (0x0791) x15 0x0000000080004b3a
core   0: 0x000000008000600e (0x34179073) csrrw   zero, mepc, a5
core   0: 3 0x000000008000600e (0x34179073) c833_mepc 0x0000000080004b3a
core   0: 0x0000000080006012 (0x30200073) mret
core   0: 3 0x0000000080006012 (0x30200073) c768_mstatus 0x8000000a00106080
core   0: 0x0000000080004b3a (0x015c913b) sllw    sp, s9, s5
core   0: 1 0x0000000080004b3a (0x015c913b) x2  0x0000000000000001
core   0: 0x0000000080004b3e (0x00202e73) csrrs   t3, frm, zero
core   0: 1 0x0000000080004b3e (0x00202e73) x28 0x0000000000000002
core   0: 0x0000000080004b42 (0x02585413) srli    s0, a6, 37
core   0: 1 0x0000000080004b42 (0x02585413) x8  0x0000000000000000
core   0: 0x0000000080004b46 (0x024bd393) srli    t2, s7, 36
core   0: 1 0x0000000080004b46 (0x024bd393) x7  0x0000000000000000
core   0: 0x0000000080004b4a (0x00102ef3) csrrs   t4, fflags, zero
core   0: 1 0x0000000080004b4a (0x00102ef3) x29 0x000000000000001d
core   0: 0x0000000080004b4e (0x23ab8653) fsgnj.d fa2, fs7, fs10
core   0: 1 0x0000000080004b4e (0x23ab8653) f12 0x7ff8000000000000
core   0: 0x0000000080004b52 (0x01f95d1b) srliw   s10, s2, 31
core   0: 1 0x0000000080004b52 (0x01f95d1b) x26 0x0000000000000001
core   0: 0x0000000080004b56 (0x3435f273) csrrci  tp, mtval, 11
core   0: exception trap_illegal_instruction, epc 0x0000000080004b56
core   0:           tval 0x000000003435f273
core   0: >>>>  $xrv64i2p1_m2p0_a2p1_f2p2_d2p2_zicsr2p0_zifencei2p0_zmmul1p0_zba1p0_zbb1p0_zbc1p0_zbs1p0
core   0: 0x0000000080004000 (0x0080006f) j       pc + 0x8
core   0: 3 0x0000000080004000 (0x0080006f)
core   0: >>>>  mmode_exception_handler
core   0: 0x0000000080004008 (0x00002c17) auipc   s8, 0x2
core   0: 3 0x0000000080004008 (0x00002c17) x24 0x0000000080006008
core   0: 0x000000008000400c (0xfd0c0c13) addi    s8, s8, -48
core   0: 3 0x000000008000400c (0xfd0c0c13) x24 0x0000000080005fd8
core   0: 0x0000000080004010 (0x000c00e7) jalr    s8
core   0: 3 0x0000000080004010 (0x000c00e7) x1  0x0000000080004014
core   0: >>>>  any_handler
core   0: 0x0000000080005fd8 (0x341027f3) csrrs   a5, mepc, zero
core   0: 3 0x0000000080005fd8 (0x341027f3) x15 0x0000000080004b56
core   0: 0x0000000080005fdc (0x34202773) csrrs   a4, mcause, zero
core   0: 3 0x0000000080005fdc (0x34202773) x14 0x0000000000000002
core   0: 0x0000000080005fe0 (0x142026f3) csrrs   a3, scause, zero
core   0: 3 0x0000000080005fe0 (0x142026f3) x13 0x0000000000000000
core   0: 0x0000000080005fe4 (0x30402673) csrrs   a2, mie, zero
core   0: 3 0x0000000080005fe4 (0x30402673) x12 0x0000000000000a00
core   0: 0x0000000080005fe8 (0x344025f3) csrrs   a1, mip, zero
core   0: 3 0x0000000080005fe8 (0x344025f3) x11 0x0000000000000080
core   0: 0x0000000080005fec (0x343025f3) csrrs   a1, mtval, zero
core   0: 3 0x0000000080005fec (0x343025f3) x11 0x000000003435f273
core   0: 0x0000000080005ff0 (0x14302573) csrrs   a0, stval, zero
core   0: 3 0x0000000080005ff0 (0x14302573) x10 0x0000000000000000
core   0: 0x0000000080005ff4 (0xb02024f3) csrrs   s1, minstret, zero
core   0: 3 0x0000000080005ff4 (0xb02024f3) x9  0x0000000000000c5b
core   0: 0x0000000080005ff8 (0x0000a811) c.j     pc + 20
core   0: 3 0x0000000080005ff8 (0xa811)
core   0: >>>>  mepc_4
core   0: 0x000000008000600c (0x00000791) c.addi  a5, 4
core   0: 3 0x000000008000600c (0x0791) x15 0x0000000080004b5a
core   0: 0x000000008000600e (0x34179073) csrrw   zero, mepc, a5
core   0: 3 0x000000008000600e (0x34179073) c833_mepc 0x0000000080004b5a
core   0: 0x0000000080006012 (0x30200073) mret
core   0: 3 0x0000000080006012 (0x30200073) c768_mstatus 0x8000000a00106080
core   0: 0x0000000080004b5a (0x00102bf3) csrrs   s7, fflags, zero
core   0: 1 0x0000000080004b5a (0x00102bf3) x23 0x000000000000001d
core   0: 0x0000000080004b5e (0x2266a353) fsgnjx.d ft6, fa3, ft6
core   0: 1 0x0000000080004b5e (0x2266a353) f6  0x7ff8000000000000
core   0: 0x0000000080004b62 (0x284c849b) addiw   s1, s9, 644
core   0: 1 0x0000000080004b62 (0x284c849b) x9  0x0000000000000285
core   0: 0x0000000080004b66 (0x037df533) remu    a0, s11, s7
core   0: 1 0x0000000080004b66 (0x037df533) x10 0x0000000000000011
core   0: 0x0000000080004b6a (0x00202573) csrrs   a0, frm, zero
core   0: 1 0x0000000080004b6a (0x00202573) x10 0x0000000000000002
core   0: 0x0000000080004b6e (0x018b84b3) add     s1, s7, s8
core   0: 1 0x0000000080004b6e (0x018b84b3) x9  0x0000000080005ff5
core   0: 0x0000000080004b72 (0x01bb4b33) xor     s6, s6, s11
core   0: 1 0x0000000080004b72 (0x01bb4b33) x22 0x0000000000000399
core   0: 0x0000000080004b76 (0x2bb90953) fmin.d  fs2, fs2, fs11
core   0: 1 0x0000000080004b76 (0x2bb90953) f18 0xc000000000000000
core   0: 0x0000000080004b7a (0x02707633) remu    a2, zero, t2
core   0: 1 0x0000000080004b7a (0x02707633) x12 0x0000000000000000
core   0: 0x0000000080004b7e (0x00000001) c.nop
core   0: 1 0x0000000080004b7e (0x0001)
core   0: 0x0000000080004b80 (0x033647b7) lui     a5, 0x3364
core   0: 1 0x0000000080004b80 (0x033647b7) x15 0x0000000003364000
core   0: 0x0000000080004b84 (0x6417879b) addiw   a5, a5, 1601
core   0: 1 0x0000000080004b84 (0x6417879b) x15 0x0000000003364641
core   0: 0x0000000080004b88 (0x000007b2) c.slli  a5, 12
core   0: 1 0x0000000080004b88 (0x07b2) x15 0x0000003364641000
core   0: 0x0000000080004b8a (0xa8a78793) addi    a5, a5, -1398
core   0: 1 0x0000000080004b8a (0xa8a78793) x15 0x0000003364640a8a
core   0: 0x0000000080004b8e (0x000099a6) c.add   s3, s1
core   0: 1 0x0000000080004b8e (0x99a6) x19 0x00000000390a29c2
core   0: 0x0000000080004b90 (0x236c83d3) fsgnj.d ft7, fs9, fs6
core   0: 1 0x0000000080004b90 (0x236c83d3) f7  0x7ff8000000000000
core   0: 0x0000000080004b94 (0x41115e1b) sraiw   t3, sp, 17
core   0: 1 0x0000000080004b94 (0x41115e1b) x28 0x0000000000000000
core   0: 0x0000000080004b98 (0x407bdc33) sra     s8, s7, t2
core   0: 1 0x0000000080004b98 (0x407bdc33) x24 0x000000000000001d
core   0: 0x0000000080004b9c (0x019c543b) srlw    s0, s8, s9
core   0: 1 0x0000000080004b9c (0x019c543b) x8  0x000000000000000e
core   0: 0x0000000080004ba0 (0x40197653) fcvt.s.d fa2, fs2
core   0: 1 0x0000000080004ba0 (0x40197653) f12 0xffffffffc0000000
core   0: 0x0000000080004ba4 (0x13e67c53) fmul.d  fs8, fa2, ft10
core   0: 1 0x0000000080004ba4 (0x13e67c53) f24 0x7ff8000000000000
core   0: 0x0000000080004ba8 (0x01fc9a9b) slliw   s5, s9, 31
core   0: 1 0x0000000080004ba8 (0x01fc9a9b) x21 0xffffffff80000000
core   0: 0x0000000080004bac (0x41ce0ebb) subw    t4, t3, t3
core   0: 1 0x0000000080004bac (0x41ce0ebb) x29 0x0000000000000000
core   0: 0x0000000080004bb0 (0x00202c73) csrrs   s8, frm, zero
core   0: 1 0x0000000080004bb0 (0x00202c73) x24 0x0000000000000002
core   0: 0x0000000080004bb4 (0x03b4573b) divuw   a4, s0, s11
core   0: 1 0x0000000080004bb4 (0x03b4573b) x14 0x0000000000000000
core   0: 0x0000000080004bb8 (0xa389a0d3) feq.d   ra, fs3, fs8
core   0: 1 0x0000000080004bb8 (0xa389a0d3) x1  0x0000000000000000
core   0: 0x0000000080004bbc (0x002027f3) csrrs   a5, frm, zero
core   0: 1 0x0000000080004bbc (0x002027f3) x15 0x0000000000000002
core   0: 0x0000000080004bc0 (0x00f7d9bb) srlw    s3, a5, a5
core   0: 1 0x0000000080004bc0 (0x00f7d9bb) x19 0x0000000000000000
core   0: 0x0000000080004bc4 (0x01608233) add     tp, ra, s6
core   0: 1 0x0000000080004bc4 (0x01608233) x4  0x0000000000000399
core   0: 0x0000000080004bc8 (0xfbfaf5c3) fmadd.d fa1, fs5, ft11, ft11
core   0: 1 0x0000000080004bc8 (0xfbfaf5c3) f11 0x7ff8000000000000
core   0: 0x0000000080004bcc (0x00f256bb) srlw    a3, tp, a5
core   0: 1 0x0000000080004bcc (0x00f256bb) x13 0x00000000000000e6
core   0: 0x0000000080004bd0 (0x4237ca13) xori    s4, a5, 1059
core   0: 1 0x0000000080004bd0 (0x4237ca13) x20 0x0000000000000421
core   0: 0x0000000080004bd4 (0x0ff0000f) fence   iorw,iorw
core   0: 1 0x0000000080004bd4 (0x0ff0000f)
core   0: 0x0000000080004bd8 (0x021efeb3) remu    t4, t4, ra
core   0: 1 0x0000000080004bd8 (0x021efeb3) x29 0x0000000000000000
core   0: 0x0000000080004bdc (0x01d09b3b) sllw    s6, ra, t4
core   0: 1 0x0000000080004bdc (0x01d09b3b) x22 0x0000000000000000
core   0: 0x0000000080004be0 (0x52b8f0c7) fmsub.d ft1, fa7, fa1, fa0
core   0: 1 0x0000000080004be0 (0x52b8f0c7) f1  0x7ff8000000000000
core   0: 0x0000000080004be4 (0x405add9b) sraiw   s11, s5, 5
core   0: 1 0x0000000080004be4 (0x405add9b) x27 0xfffffffffc000000
core   0: 0x0000000080004be8 (0x22309c53) fsgnjn.d fs8, ft1, ft3
core   0: 1 0x0000000080004be8 (0x22309c53) f24 0xfff8000000000000
core   0: 0x0000000080004bec (0x41b88dbb) subw    s11, a7, s11
core   0: 1 0x0000000080004bec (0x41b88dbb) x27 0x0000000012ddda44
core   0: 0x0000000080004bf0 (0x5c0a8193) addi    gp, s5, 1472
core   0: 1 0x0000000080004bf0 (0x5c0a8193) x3  0xffffffff800005c0
core   0: 0x0000000080004bf4 (0x0005551b) srliw   a0, a0, 0
core   0: 1 0x0000000080004bf4 (0x0005551b) x10 0x0000000000000002
core   0: 0x0000000080004bf8 (0x01a85093) srli    ra, a6, 26
core   0: 1 0x0000000080004bf8 (0x01a85093) x1  0x000000000000000e
core   0: 0x0000000080004bfc (0x00129ef3) csrrw   t4, fflags, t0
core   0: 1 0x0000000080004bfc (0x00129ef3) x29 0x000000000000001d c1_fflags 0x0000000000000000
core   0: 0x0000000080004c00 (0x0fe1819b) addiw   gp, gp, 254
core   0: 1 0x0000000080004c00 (0x0fe1819b) x3  0xffffffff800006be
core   0: 0x0000000080004c04 (0x5b230813) addi    a6, t1, 1458
core   0: 1 0x0000000080004c04 (0x5b230813) x16 0x00000000000005b2
core   0: 0x0000000080004c08 (0x00202a73) csrrs   s4, frm, zero
core   0: 1 0x0000000080004c08 (0x00202a73) x20 0x0000000000000002
core   0: 0x0000000080004c0c (0x00ed0ebb) addw    t4, s10, a4
core   0: 1 0x0000000080004c0c (0x00ed0ebb) x29 0x0000000000000001
core   0: 0x0000000080004c10 (0x233c19d3) fsgnjn.d fs3, fs8, fs3
core   0: 1 0x0000000080004c10 (0x233c19d3) f19 0xfff8000000000000
core   0: 0x0000000080004c14 (0x01aead33) slt     s10, t4, s10
core   0: 1 0x0000000080004c14 (0x01aead33) x26 0x0000000000000000
core   0: 0x0000000080004c18 (0xc23b7353) fcvt.lu.d t1, fs6
core   0: 1 0x0000000080004c18 (0xc23b7353) c1_fflags 0x0000000000000010 x6  0xffffffffffffffff
core   0: 0x0000000080004c1c (0x13b67dd3) fmul.d  fs11, fa2, fs11
core   0: 1 0x0000000080004c1c (0x13b67dd3) f27 0x7ff8000000000000
core   0: 0x0000000080004c20 (0x0081d43b) srlw    s0, gp, s0
core   0: 1 0x0000000080004c20 (0x0081d43b) x8  0x0000000000020000
core   0: 0x0000000080004c24 (0x237b9353) fsgnjn.d ft6, fs7, fs7
core   0: 1 0x0000000080004c24 (0x237b9353) f6  0xfff8000000000000
core   0: 0x0000000080004c28 (0x00000001) c.nop
core   0: 1 0x0000000080004c28 (0x0001)
core   0: 0x0000000080004c2a (0x538bfc47) fmsub.d fs8, fs7, fs8, fa0
core   0: 1 0x0000000080004c2a (0x538bfc47) f24 0x7ff8000000000000
core   0: 0x0000000080004c2e (0x0119863b) addw    a2, s3, a7
core   0: 1 0x0000000080004c2e (0x0119863b) x12 0x000000000eddda44
core   0: 0x0000000080004c32 (0x22a42853) fsgnjx.d fa6, fs0, fa0
core   0: 1 0x0000000080004c32 (0x22a42853) f16 0xfff8000000000000
core   0: 0x0000000080004c36 (0x1b06f353) fdiv.d  ft6, fa3, fa6
core   0: 1 0x0000000080004c36 (0x1b06f353) f6  0x7ff8000000000000
core   0: 0x0000000080004c3a (0x00cd1713) slli    a4, s10, 12
core   0: 1 0x0000000080004c3a (0x00cd1713) x14 0x0000000000000000
core   0: 0x0000000080004c3e (0x235fa8d3) fsgnjx.d fa7, ft11, fs5
core   0: 1 0x0000000080004c3e (0x235fa8d3) f17 0x7ff8000000000000
core   0: 0x0000000080004c42 (0x03091933) mulh    s2, s2, a6
core   0: 1 0x0000000080004c42 (0x03091933) x18 0xffffffffffffffff
core   0: 0x0000000080004c46 (0x3697b537) lui     a0, 0x3697b
core   0: 1 0x0000000080004c46 (0x3697b537) x10 0x000000003697b000
core   0: 0x0000000080004c4a (0xff2e8cb7) lui     s9, 0xff2e8
core   0: 1 0x0000000080004c4a (0xff2e8cb7) x25 0xffffffffff2e8000
core   0: 0x0000000080004c4e (0x2a3c8c9b) addiw   s9, s9, 675
core   0: 1 0x0000000080004c4e (0x2a3c8c9b) x25 0xffffffffff2e82a3
core   0: 0x0000000080004c52 (0x00000cb2) c.slli  s9, 12
core   0: 1 0x0000000080004c52 (0x0cb2) x25 0xfffffff2e82a3000
core   0: 0x0000000080004c54 (0x611c8c93) addi    s9, s9, 1553
core   0: 1 0x0000000080004c54 (0x611c8c93) x25 0xfffffff2e82a3611
core   0: 0x0000000080004c58 (0x1b58f3d3) fdiv.d  ft7, fa7, fs5
core   0: 1 0x0000000080004c58 (0x1b58f3d3) f7  0x7ff8000000000000
core   0: 0x0000000080004c5c (0x03d300b3) mul     ra, t1, t4
core   0: 1 0x0000000080004c5c (0x03d300b3) x1  0xffffffffffffffff
core   0: 0x0000000080004c60 (0x024a6a33) rem     s4, s4, tp
core   0: 1 0x0000000080004c60 (0x024a6a33) x20 0x0000000000000002
core   0: 0x0000000080004c64 (0x1ad67fd3) fdiv.d  ft11, fa2, fa3
core   0: 1 0x0000000080004c64 (0x1ad67fd3) f31 0x7ff8000000000000
core   0: 0x0000000080004c68 (0x2ac898d3) fmax.d  fa7, fa7, fa2
core   0: 1 0x0000000080004c68 (0x2ac898d3) f17 0x7ff8000000000000
core   0: 0x0000000080004c6c (0x0366f933) remu    s2, a3, s6
core   0: 1 0x0000000080004c6c (0x0366f933) x18 0x00000000000000e6
core   0: 0x0000000080004c70 (0x1bad7553) fdiv.d  fa0, fs10, fs10
core   0: 1 0x0000000080004c70 (0x1bad7553) f10 0x3ff0000000000000
core   0: 0x0000000080004c74 (0x4061d113) srai    sp, gp, 6
core   0: 1 0x0000000080004c74 (0x4061d113) x2  0xfffffffffe00001a
core   0: 0x0000000080004c78 (0x340e2673) csrrs   a2, mscratch, t3
core   0: exception trap_illegal_instruction, epc 0x0000000080004c78
core   0:           tval 0x00000000340e2673
core   0: >>>>  $xrv64i2p1_m2p0_a2p1_f2p2_d2p2_zicsr2p0_zifencei2p0_zmmul1p0_zba1p0_zbb1p0_zbc1p0_zbs1p0
core   0: 0x0000000080004000 (0x0080006f) j       pc + 0x8
core   0: 3 0x0000000080004000 (0x0080006f)
core   0: >>>>  mmode_exception_handler
core   0: 0x0000000080004008 (0x00002c17) auipc   s8, 0x2
core   0: 3 0x0000000080004008 (0x00002c17) x24 0x0000000080006008
core   0: 0x000000008000400c (0xfd0c0c13) addi    s8, s8, -48
core   0: 3 0x000000008000400c (0xfd0c0c13) x24 0x0000000080005fd8
core   0: 0x0000000080004010 (0x000c00e7) jalr    s8
core   0: 3 0x0000000080004010 (0x000c00e7) x1  0x0000000080004014
core   0: >>>>  any_handler
core   0: 0x0000000080005fd8 (0x341027f3) csrrs   a5, mepc, zero
core   0: 3 0x0000000080005fd8 (0x341027f3) x15 0x0000000080004c78
core   0: 0x0000000080005fdc (0x34202773) csrrs   a4, mcause, zero
core   0: 3 0x0000000080005fdc (0x34202773) x14 0x0000000000000002
core   0: 0x0000000080005fe0 (0x142026f3) csrrs   a3, scause, zero
core   0: 3 0x0000000080005fe0 (0x142026f3) x13 0x0000000000000000
core   0: 0x0000000080005fe4 (0x30402673) csrrs   a2, mie, zero
core   0: 3 0x0000000080005fe4 (0x30402673) x12 0x0000000000000a00
core   0: 0x0000000080005fe8 (0x344025f3) csrrs   a1, mip, zero
core   0: 3 0x0000000080005fe8 (0x344025f3) x11 0x0000000000000080
core   0: 0x0000000080005fec (0x343025f3) csrrs   a1, mtval, zero
core   0: 3 0x0000000080005fec (0x343025f3) x11 0x00000000340e2673
core   0: 0x0000000080005ff0 (0x14302573) csrrs   a0, stval, zero
core   0: 3 0x0000000080005ff0 (0x14302573) x10 0x0000000000000000
core   0: 0x0000000080005ff4 (0xb02024f3) csrrs   s1, minstret, zero
core   0: 3 0x0000000080005ff4 (0xb02024f3) x9  0x0000000000000cb5
core   0: 0x0000000080005ff8 (0x0000a811) c.j     pc + 20
core   0: 3 0x0000000080005ff8 (0xa811)
core   0: >>>>  mepc_4
core   0: 0x000000008000600c (0x00000791) c.addi  a5, 4
core   0: 3 0x000000008000600c (0x0791) x15 0x0000000080004c7c
core   0: 0x000000008000600e (0x34179073) csrrw   zero, mepc, a5
core   0: 3 0x000000008000600e (0x34179073) c833_mepc 0x0000000080004c7c
core   0: 0x0000000080006012 (0x30200073) mret
core   0: 3 0x0000000080006012 (0x30200073) c768_mstatus 0x8000000a00106080
core   0: 0x0000000080004c7c (0x002e9ef3) csrrw   t4, frm, t4
core   0: 1 0x0000000080004c7c (0x002e9ef3) x29 0x0000000000000002 c2_frm 0x0000000000000001
core   0: 0x0000000080004c80 (0xa20af2c3) fmadd.d ft5, fs5, ft0, fs4
core   0: 1 0x0000000080004c80 (0xa20af2c3) f5  0x7ff8000000000000
core   0: 0x0000000080004c84 (0xea6a7e4b) fnmsub.d ft8, fs4, ft6, ft9
core   0: 1 0x0000000080004c84 (0xea6a7e4b) f28 0x7ff8000000000000
core   0: 0x0000000080004c88 (0x0355453b) divw    a0, a0, s5
core   0: 1 0x0000000080004c88 (0x0355453b) x10 0x0000000000000000
core   0: 0x0000000080004c8c (0x00000001) c.nop
core   0: 1 0x0000000080004c8c (0x0001)
core   0: 0x0000000080004c8e (0xc03a77d3) fcvt.lu.s a5, fs4
core   0: 1 0x0000000080004c8e (0xc03a77d3) c1_fflags 0x0000000000000010 x15 0xffffffffffffffff
core   0: 0x0000000080004c92 (0x03d87eb3) remu    t4, a6, t4
core   0: 1 0x0000000080004c92 (0x03d87eb3) x29 0x0000000000000000
core   0: 0x0000000080004c96 (0x2b839ed3) fmax.d  ft9, ft7, fs8
core   0: 1 0x0000000080004c96 (0x2b839ed3) f29 0x7ff8000000000000
core   0: 0x0000000080004c9a (0x012e943b) sllw    s0, t4, s2
core   0: 1 0x0000000080004c9a (0x012e943b) x8  0x0000000000000000
core   0: 0x0000000080004c9e (0x0375cb3b) divw    s6, a1, s7
core   0: 1 0x0000000080004c9e (0x0375cb3b) x22 0x0000000001cb85bd
core   0: 0x0000000080004ca2 (0x03035313) srli    t1, t1, 48
core   0: 1 0x0000000080004ca2 (0x03035313) x6  0x000000000000ffff
core   0: 0x0000000080004ca6 (0x001054b3) srl     s1, zero, ra
core   0: 1 0x0000000080004ca6 (0x001054b3) x9  0x0000000000000000
core   0: 0x0000000080004caa (0x409a8ab3) sub     s5, s5, s1
core   0: 1 0x0000000080004caa (0x409a8ab3) x21 0xffffffff80000000
core   0: 0x0000000080004cae (0x009e8ebb) addw    t4, t4, s1
core   0: 1 0x0000000080004cae (0x009e8ebb) x29 0x0000000000000000
core   0: 0x0000000080004cb2 (0x1c7e6a93) ori     s5, t3, 455
core   0: 1 0x0000000080004cb2 (0x1c7e6a93) x21 0x00000000000001c7
core   0: 0x0000000080004cb6 (0x23d91553) fsgnjn.d fa0, fs2, ft9
core   0: 1 0x0000000080004cb6 (0x23d91553) f10 0xc000000000000000
core   0: 0x0000000080004cba (0xc23f7653) fcvt.lu.d a2, ft10
core   0: 1 0x0000000080004cba (0xc23f7653) c1_fflags 0x0000000000000010 x12 0xffffffffffffffff
core   0: 0x0000000080004cbe (0x014a5533) srl     a0, s4, s4
core   0: 1 0x0000000080004cbe (0x014a5533) x10 0x0000000000000000
core   0: 0x0000000080004cc2 (0x0128193b) sllw    s2, a6, s2
core   0: 1 0x0000000080004cc2 (0x0128193b) x18 0x0000000000016c80
core   0: 0x0000000080004cc6 (0x5a0172d3) fsqrt.d ft5, ft2
core   0: 1 0x0000000080004cc6 (0x5a0172d3) f5  0x8000000000000000
core   0: 0x0000000080004cca (0x00421233) sll     tp, tp, tp
core   0: 1 0x0000000080004cca (0x00421233) x4  0x0000000732000000
core   0: 0x0000000080004cce (0x401c7353) fcvt.s.d ft6, fs8
core   0: 1 0x0000000080004cce (0x401c7353) f6  0xffffffff7fc00000
core   0: 0x0000000080004cd2 (0xf48a0613) addi    a2, s4, -184
core   0: 1 0x0000000080004cd2 (0xf48a0613) x12 0xffffffffffffff4a
core   0: 0x0000000080004cd6 (0xc38df24f) fnmadd.d ft4, fs11, fs8, fs8
core   0: 1 0x0000000080004cd6 (0xc38df24f) f4  0x7ff8000000000000
core   0: 0x0000000080004cda (0x02899433) mulh    s0, s3, s0
core   0: 1 0x0000000080004cda (0x02899433) x8  0x0000000000000000
core   0: 0x0000000080004cde (0xc02c7053) fcvt.l.s zero, fs8
core   0: 1 0x0000000080004cde (0xc02c7053) c1_fflags 0x0000000000000010
core   0: 0x0000000080004ce2 (0x800b7193) andi    gp, s6, -2048
core   0: 1 0x0000000080004ce2 (0x800b7193) x3  0x0000000001cb8000
core   0: 0x0000000080004ce6 (0x13997cd3) fmul.d  fs9, fs2, fs9
core   0: 1 0x0000000080004ce6 (0x13997cd3) f25 0x7ff8000000000000
core   0: 0x0000000080004cea (0x02097053) fadd.d  ft0, fs2, ft0
core   0: 1 0x0000000080004cea (0x02097053) f0  0x7ff8000000000000
core   0: 0x0000000080004cee (0x01a2dd3b) srlw    s10, t0, s10
core   0: 1 0x0000000080004cee (0x01a2dd3b) x26 0x0000000000000000
core   0: 0x0000000080004cf2 (0xc23d78d3) fcvt.lu.d a7, fs10
core   0: 1 0x0000000080004cf2 (0xc23d78d3) x17 0xfffffffffffff800
core   0: 0x0000000080004cf6 (0x0bf6f6c3) fmadd.d fa3, fa3, ft11, ft1
core   0: 1 0x0000000080004cf6 (0x0bf6f6c3) f13 0x7ff8000000000000
core   0: 0x0000000080004cfa (0x7a5d7d47) fmsub.d fs10, fs10, ft5, fa5
core   0: 1 0x0000000080004cfa (0x7a5d7d47) f26 0xc1ce9f73bf000000
core   0: 0x0000000080004cfe (0x027b3bb3) mulhu   s7, s6, t2
core   0: 1 0x0000000080004cfe (0x027b3bb3) x23 0x0000000000000000
core   0: 0x0000000080004d02 (0xc02d7853) fcvt.l.s a6, fs10
core   0: 1 0x0000000080004d02 (0xc02d7853) c1_fflags 0x0000000000000010 x16 0x7fffffffffffffff
core   0: 0x0000000080004d06 (0x00302033) slt     zero, zero, gp
core   0: 1 0x0000000080004d06 (0x00302033)
core   0: 0x0000000080004d0a (0x003c149b) slliw   s1, s8, 3
core   0: 1 0x0000000080004d0a (0x003c149b) x9  0x000000000002fec0
core   0: 0x0000000080004d0e (0x017c111b) slliw   sp, s8, 23
core   0: 1 0x0000000080004d0e (0x017c111b) x2  0xffffffffec000000
core   0: 0x0000000080004d12 (0xd23878d3) fcvt.d.lu fa7, a6
core   0: 1 0x0000000080004d12 (0xd23878d3) c1_fflags 0x0000000000000011 f17 0x43dfffffffffffff
core   0: 0x0000000080004d16 (0x022695b3) mulh    a1, a3, sp
core   0: 1 0x0000000080004d16 (0x022695b3) x11 0x0000000000000000
core   0: 0x0000000080004d1a (0x002c12f3) csrrw   t0, frm, s8
core   0: 1 0x0000000080004d1a (0x002c12f3) x5  0x0000000000000001 c2_frm 0x0000000000000000
core   0: 0x0000000080004d1e (0x03ba0a33) mul     s4, s4, s11
core   0: 1 0x0000000080004d1e (0x03ba0a33) x20 0x0000000025bbb488
core   0: 0x0000000080004d22 (0xd2090653) fcvt.d.w fa2, s2
core   0: 1 0x0000000080004d22 (0xd2090653) f12 0x40f6c80000000000
core   0: 0x0000000080004d26 (0x0141113b) sllw    sp, sp, s4
core   0: 1 0x0000000080004d26 (0x0141113b) x2  0x0000000000000000
core   0: 0x0000000080004d2a (0x2aef1753) fmax.d  fa4, ft10, fa4
core   0: 1 0x0000000080004d2a (0x2aef1753) f14 0x7ff8000000000000
core   0: 0x0000000080004d2e (0x7adaf493) andi    s1, s5, 1965
core   0: 1 0x0000000080004d2e (0x7adaf493) x9  0x0000000000000185
core   0: 0x0000000080004d32 (0x40b7063b) subw    a2, a4, a1
core   0: 1 0x0000000080004d32 (0x40b7063b) x12 0x0000000000000002
core   0: 0x0000000080004d36 (0x008650bb) srlw    ra, a2, s0
core   0: 1 0x0000000080004d36 (0x008650bb) x1  0x0000000000000002
core   0: 0x0000000080004d3a (0x40125213) srai    tp, tp, 1
core   0: 1 0x0000000080004d3a (0x40125213) x4  0x0000000399000000
core   0: 0x0000000080004d3e (0x0002db1b) srliw   s6, t0, 0
core   0: 1 0x0000000080004d3e (0x0002db1b) x22 0x0000000000000001
core   0: 0x0000000080004d42 (0x409584b3) sub     s1, a1, s1
core   0: 1 0x0000000080004d42 (0x409584b3) x9  0xfffffffffffffe7b
core   0: 0x0000000080004d46 (0x002002bb) addw    t0, zero, sp
core   0: 1 0x0000000080004d46 (0x002002bb) x5  0x0000000000000000
core   0: 0x0000000080004d4a (0x03351693) slli    a3, a0, 51
core   0: 1 0x0000000080004d4a (0x03351693) x13 0x0000000000000000
core   0: 0x0000000080004d4e (0x1347f1d3) fmul.d  ft3, fa5, fs4
core   0: 1 0x0000000080004d4e (0x1347f1d3) c1_fflags 0x0000000000000011 f3  0x43ce9f73bee1608c
core   0: 0x0000000080004d52 (0x01f6d493) srli    s1, a3, 31
core   0: 1 0x0000000080004d52 (0x01f6d493) x9  0x0000000000000000
core   0: 0x0000000080004d56 (0x2a3d9fd3) fmax.d  ft11, fs11, ft3
core   0: 1 0x0000000080004d56 (0x2a3d9fd3) f31 0x43ce9f73bee1608c
core   0: 0x0000000080004d5a (0x0014dc1b) srliw   s8, s1, 1
core   0: 1 0x0000000080004d5a (0x0014dc1b) x24 0x0000000000000000
core   0: 0x0000000080004d5e (0xc219f053) fcvt.wu.d zero, fs3
core   0: 1 0x0000000080004d5e (0xc219f053) c1_fflags 0x0000000000000011
core   0: 0x0000000080004d62 (0x018b181b) slliw   a6, s6, 24
core   0: 1 0x0000000080004d62 (0x018b181b) x16 0x0000000001000000
core   0: 0x0000000080004d66 (0x00e828b3) slt     a7, a6, a4
core   0: 1 0x0000000080004d66 (0x00e828b3) x17 0x0000000000000000
core   0: 0x0000000080004d6a (0x40fc0533) sub     a0, s8, a5
core   0: 1 0x0000000080004d6a (0x40fc0533) x10 0x0000000000000001
core   0: 0x0000000080004d6e (0x4085873b) subw    a4, a1, s0
core   0: 1 0x0000000080004d6e (0x4085873b) x14 0x0000000000000000
core   0: 0x0000000080004d72 (0x0069121b) slliw   tp, s2, 6
core   0: 1 0x0000000080004d72 (0x0069121b) x4  0x00000000005b2000
core   0: 0x0000000080004d76 (0x02e1f83b) remuw   a6, gp, a4
core   0: 1 0x0000000080004d76 (0x02e1f83b) x16 0x0000000001cb8000
core   0: 0x0000000080004d7a (0xc2317753) fcvt.lu.d a4, ft2
core   0: 1 0x0000000080004d7a (0xc2317753) x14 0x0000000000000000
core   0: 0x0000000080004d7e (0x00be9eb3) sll     t4, t4, a1
core   0: 1 0x0000000080004d7e (0x00be9eb3) x29 0x0000000000000000
core   0: 0x0000000080004d82 (0xd03a75d3) fcvt.s.lu fa1, s4
core   0: 1 0x0000000080004d82 (0xd03a75d3) c1_fflags 0x0000000000000011 f11 0xffffffff4e16eed2
core   0: 0x0000000080004d86 (0x2bce0e53) fmin.d  ft8, ft8, ft8
core   0: 1 0x0000000080004d86 (0x2bce0e53) f28 0x7ff8000000000000
core   0: 0x0000000080004d8a (0x0245f233) remu    tp, a1, tp
core   0: 1 0x0000000080004d8a (0x0245f233) x4  0x0000000000000000
core   0: 0x0000000080004d8e (0xe2010d53) fmv.x.d s10, ft2
core   0: 1 0x0000000080004d8e (0xe2010d53) x26 0x8000000000000000
core   0: 0x0000000080004d92 (0xa3e604d3) fle.d   s1, fa2, ft10
core   0: 1 0x0000000080004d92 (0xa3e604d3) c1_fflags 0x0000000000000011 x9  0x0000000000000000
core   0: 0x0000000080004d96 (0xd6c457b7) lui     a5, 0xd6c45
core   0: 1 0x0000000080004d96 (0xd6c457b7) x15 0xffffffffd6c45000
core   0: 0x0000000080004d9a (0x00ec5ab3) srl     s5, s8, a4
core   0: 1 0x0000000080004d9a (0x00ec5ab3) x21 0x0000000000000000
core   0: 0x0000000080004d9e (0x127ef3cb) fnmsub.d ft7, ft9, ft7, ft2
core   0: 1 0x0000000080004d9e (0x127ef3cb) f7  0x7ff8000000000000
core   0: 0x0000000080004da2 (0x41b65dbb) sraw    s11, a2, s11
core   0: 1 0x0000000080004da2 (0x41b65dbb) x27 0x0000000000000000
core   0: 0x0000000080004da6 (0xf120b7f3) csrrc   a5, marchid, ra
core   0: exception trap_illegal_instruction, epc 0x0000000080004da6
core   0:           tval 0x00000000f120b7f3
core   0: >>>>  $xrv64i2p1_m2p0_a2p1_f2p2_d2p2_zicsr2p0_zifencei2p0_zmmul1p0_zba1p0_zbb1p0_zbc1p0_zbs1p0
core   0: 0x0000000080004000 (0x0080006f) j       pc + 0x8
core   0: 3 0x0000000080004000 (0x0080006f)
core   0: >>>>  mmode_exception_handler
core   0: 0x0000000080004008 (0x00002c17) auipc   s8, 0x2
core   0: 3 0x0000000080004008 (0x00002c17) x24 0x0000000080006008
core   0: 0x000000008000400c (0xfd0c0c13) addi    s8, s8, -48
core   0: 3 0x000000008000400c (0xfd0c0c13) x24 0x0000000080005fd8
core   0: 0x0000000080004010 (0x000c00e7) jalr    s8
core   0: 3 0x0000000080004010 (0x000c00e7) x1  0x0000000080004014
core   0: >>>>  any_handler
core   0: 0x0000000080005fd8 (0x341027f3) csrrs   a5, mepc, zero
core   0: 3 0x0000000080005fd8 (0x341027f3) x15 0x0000000080004da6
core   0: 0x0000000080005fdc (0x34202773) csrrs   a4, mcause, zero
core   0: 3 0x0000000080005fdc (0x34202773) x14 0x0000000000000002
core   0: 0x0000000080005fe0 (0x142026f3) csrrs   a3, scause, zero
core   0: 3 0x0000000080005fe0 (0x142026f3) x13 0x0000000000000000
core   0: 0x0000000080005fe4 (0x30402673) csrrs   a2, mie, zero
core   0: 3 0x0000000080005fe4 (0x30402673) x12 0x0000000000000a00
core   0: 0x0000000080005fe8 (0x344025f3) csrrs   a1, mip, zero
core   0: 3 0x0000000080005fe8 (0x344025f3) x11 0x0000000000000080
core   0: 0x0000000080005fec (0x343025f3) csrrs   a1, mtval, zero
core   0: 3 0x0000000080005fec (0x343025f3) x11 0x00000000f120b7f3
core   0: 0x0000000080005ff0 (0x14302573) csrrs   a0, stval, zero
core   0: 3 0x0000000080005ff0 (0x14302573) x10 0x0000000000000000
core   0: 0x0000000080005ff4 (0xb02024f3) csrrs   s1, minstret, zero
core   0: 3 0x0000000080005ff4 (0xb02024f3) x9  0x0000000000000d10
core   0: 0x0000000080005ff8 (0x0000a811) c.j     pc + 20
core   0: 3 0x0000000080005ff8 (0xa811)
core   0: >>>>  mepc_4
core   0: 0x000000008000600c (0x00000791) c.addi  a5, 4
core   0: 3 0x000000008000600c (0x0791) x15 0x0000000080004daa
core   0: 0x000000008000600e (0x34179073) csrrw   zero, mepc, a5
core   0: 3 0x000000008000600e (0x34179073) c833_mepc 0x0000000080004daa
core   0: 0x0000000080006012 (0x30200073) mret
core   0: 3 0x0000000080006012 (0x30200073) c768_mstatus 0x8000000a00106080
core   0: 0x0000000080004daa (0x006c83bb) addw    t2, s9, t1
core   0: 1 0x0000000080004daa (0x006c83bb) x7  0xffffffffe82b3610
core   0: 0x0000000080004dae (0x41d4d19b) sraiw   gp, s1, 29
core   0: 1 0x0000000080004dae (0x41d4d19b) x3  0x0000000000000000
core   0: 0x0000000080004db2 (0x7ffe7893) andi    a7, t3, 2047
core   0: 1 0x0000000080004db2 (0x7ffe7893) x17 0x0000000000000000
core   0: 0x0000000080004db6 (0x0004951b) slliw   a0, s1, 0
core   0: 1 0x0000000080004db6 (0x0004951b) x10 0x0000000000000d10
core   0: 0x0000000080004dba (0x40177753) fcvt.s.d fa4, fa4
core   0: 1 0x0000000080004dba (0x40177753) f14 0xffffffff7fc00000
core   0: 0x0000000080004dbe (0x4000dc13) srai    s8, ra, 0
core   0: 1 0x0000000080004dbe (0x4000dc13) x24 0x0000000080004014
core   0: 0x0000000080004dc2 (0x82e67447) fmsub.d fs0, fa2, fa4, fa6
core   0: 1 0x0000000080004dc2 (0x82e67447) f8  0x7ff8000000000000
core   0: 0x0000000080004dc6 (0x00251373) csrrw   t1, frm, a0
core   0: 1 0x0000000080004dc6 (0x00251373) x6  0x0000000000000000 c2_frm 0x0000000000000000
core   0: 0x0000000080004dca (0x4001d193) srai    gp, gp, 0
core   0: 1 0x0000000080004dca (0x4001d193) x3  0x0000000000000000
core   0: 0x0000000080004dce (0x03b47ed3) fadd.d  ft9, fs0, fs11
core   0: 1 0x0000000080004dce (0x03b47ed3) f29 0x7ff8000000000000
core   0: 0x0000000080004dd2 (0xb3a892b7) lui     t0, 0xb3a89
core   0: 1 0x0000000080004dd2 (0xb3a892b7) x5  0xffffffffb3a89000
core   0: 0x0000000080004dd6 (0x12b7ffd3) fmul.d  ft11, fa5, fa1
core   0: 1 0x0000000080004dd6 (0x12b7ffd3) f31 0x7ff8000000000000
core   0: 0x0000000080004dda (0x2eeb7493) andi    s1, s6, 750
core   0: 1 0x0000000080004dda (0x2eeb7493) x9  0x0000000000000000
core   0: 0x0000000080004dde (0x41fcd39b) sraiw   t2, s9, 31
core   0: 1 0x0000000080004dde (0x41fcd39b) x7  0xffffffffffffffff
core   0: 0x0000000080004de2 (0xc235fc53) fcvt.lu.d s8, fa1
core   0: 1 0x0000000080004de2 (0xc235fc53) c1_fflags 0x0000000000000011 x24 0xffffffffffffffff
core   0: 0x0000000080004de6 (0x800c4193) xori    gp, s8, -2048
core   0: 1 0x0000000080004de6 (0x800c4193) x3  0x00000000000007ff
core   0: 0x0000000080004dea (0x034863b3) rem     t2, a6, s4
core   0: 1 0x0000000080004dea (0x034863b3) x7  0x0000000001cb8000
core   0: 0x0000000080004dee (0x03095233) divu    tp, s2, a6
core   0: 1 0x0000000080004dee (0x03095233) x4  0x0000000000000000
core   0: 0x0000000080004df2 (0x40f3549b) sraiw   s1, t1, 15
core   0: 1 0x0000000080004df2 (0x40f3549b) x9  0x0000000000000000
core   0: 0x0000000080004df6 (0x0bfe7853) fsub.d  fa6, ft8, ft11
core   0: 1 0x0000000080004df6 (0x0bfe7853) f16 0x7ff8000000000000
core   0: 0x0000000080004dfa (0x0341de3b) divuw   t3, gp, s4
core   0: 1 0x0000000080004dfa (0x0341de3b) x28 0x0000000000000000
core   0: 0x0000000080004dfe (0x0081a433) slt     s0, gp, s0
core   0: 1 0x0000000080004dfe (0x0081a433) x8  0x0000000000000000
core   0: 0x0000000080004e02 (0x01f49d9b) slliw   s11, s1, 31
core   0: 1 0x0000000080004e02 (0x01f49d9b) x27 0x0000000000000000
core   0: 0x0000000080004e06 (0xd230f453) fcvt.d.lu fs0, ra
core   0: 1 0x0000000080004e06 (0xd230f453) f8  0x41e0000802800000
core   0: 0x0000000080004e0a (0xd21088d3) fcvt.d.wu fa7, ra
core   0: 1 0x0000000080004e0a (0xd21088d3) f17 0x41e0000802800000
core   0: 0x0000000080004e0e (0x00151b1b) slliw   s6, a0, 1
core   0: 1 0x0000000080004e0e (0x00151b1b) x22 0x0000000000001a20
core   0: 0x0000000080004e12 (0x3231b1f3) csrrc   gp, mhpmevent3, gp
core   0: exception trap_illegal_instruction, epc 0x0000000080004e12
core   0:           tval 0x000000003231b1f3
core   0: >>>>  $xrv64i2p1_m2p0_a2p1_f2p2_d2p2_zicsr2p0_zifencei2p0_zmmul1p0_zba1p0_zbb1p0_zbc1p0_zbs1p0
core   0: 0x0000000080004000 (0x0080006f) j       pc + 0x8
core   0: 3 0x0000000080004000 (0x0080006f)
core   0: >>>>  mmode_exception_handler
core   0: 0x0000000080004008 (0x00002c17) auipc   s8, 0x2
core   0: 3 0x0000000080004008 (0x00002c17) x24 0x0000000080006008
core   0: 0x000000008000400c (0xfd0c0c13) addi    s8, s8, -48
core   0: 3 0x000000008000400c (0xfd0c0c13) x24 0x0000000080005fd8
core   0: 0x0000000080004010 (0x000c00e7) jalr    s8
core   0: 3 0x0000000080004010 (0x000c00e7) x1  0x0000000080004014
core   0: >>>>  any_handler
core   0: 0x0000000080005fd8 (0x341027f3) csrrs   a5, mepc, zero
core   0: 3 0x0000000080005fd8 (0x341027f3) x15 0x0000000080004e12
core   0: 0x0000000080005fdc (0x34202773) csrrs   a4, mcause, zero
core   0: 3 0x0000000080005fdc (0x34202773) x14 0x0000000000000002
core   0: 0x0000000080005fe0 (0x142026f3) csrrs   a3, scause, zero
core   0: 3 0x0000000080005fe0 (0x142026f3) x13 0x0000000000000000
core   0: 0x0000000080005fe4 (0x30402673) csrrs   a2, mie, zero
core   0: 3 0x0000000080005fe4 (0x30402673) x12 0x0000000000000a00
core   0: 0x0000000080005fe8 (0x344025f3) csrrs   a1, mip, zero
core   0: 3 0x0000000080005fe8 (0x344025f3) x11 0x0000000000000080
core   0: 0x0000000080005fec (0x343025f3) csrrs   a1, mtval, zero
core   0: 3 0x0000000080005fec (0x343025f3) x11 0x000000003231b1f3
core   0: 0x0000000080005ff0 (0x14302573) csrrs   a0, stval, zero
core   0: 3 0x0000000080005ff0 (0x14302573) x10 0x0000000000000000
core   0: 0x0000000080005ff4 (0xb02024f3) csrrs   s1, minstret, zero
core   0: 3 0x0000000080005ff4 (0xb02024f3) x9  0x0000000000000d3a
core   0: 0x0000000080005ff8 (0x0000a811) c.j     pc + 20
core   0: 3 0x0000000080005ff8 (0xa811)
core   0: >>>>  mepc_4
core   0: 0x000000008000600c (0x00000791) c.addi  a5, 4
core   0: 3 0x000000008000600c (0x0791) x15 0x0000000080004e16
core   0: 0x000000008000600e (0x34179073) csrrw   zero, mepc, a5
core   0: 3 0x000000008000600e (0x34179073) c833_mepc 0x0000000080004e16
core   0: 0x0000000080006012 (0x30200073) mret
core   0: 3 0x0000000080006012 (0x30200073) c768_mstatus 0x8000000a00106080
core   0: 0x0000000080004e16 (0x40147253) fcvt.s.d ft4, fs0
core   0: 1 0x0000000080004e16 (0x40147253) c1_fflags 0x0000000000000011 f4  0xffffffff4f000040
core   0: 0x0000000080004e1a (0x2b1718d3) fmax.d  fa7, fa4, fa7
core   0: 1 0x0000000080004e1a (0x2b1718d3) f17 0x41e0000802800000
core   0: 0x0000000080004e1e (0x016b0e33) add     t3, s6, s6
core   0: 1 0x0000000080004e1e (0x016b0e33) x28 0x0000000000003440
core   0: 0x0000000080004e22 (0x800af613) andi    a2, s5, -2048
core   0: 1 0x0000000080004e22 (0x800af613) x12 0x0000000000000000
core   0: 0x0000000080004e26 (0x0152c2b3) xor     t0, t0, s5
core   0: 1 0x0000000080004e26 (0x0152c2b3) x5  0xffffffffb3a89000
core   0: 0x0000000080004e2a (0x1b89f947) fmsub.d fs2, fs3, fs8, ft3
core   0: 1 0x0000000080004e2a (0x1b89f947) f18 0x7ff8000000000000
core   0: 0x0000000080004e2e (0x0058583b) srlw    a6, a6, t0
core   0: 1 0x0000000080004e2e (0x0058583b) x16 0x0000000001cb8000
core   0: 0x0000000080004e32 (0xd03373d3) fcvt.s.lu ft7, t1
core   0: 1 0x0000000080004e32 (0xd03373d3) f7  0xffffffff00000000
core   0: 0x0000000080004e36 (0x010d151b) slliw   a0, s10, 16
core   0: 1 0x0000000080004e36 (0x010d151b) x10 0x0000000000000000
core   0: 0x0000000080004e3a (0x22ab9953) fsgnjn.d fs2, fs7, fa0
core   0: 1 0x0000000080004e3a (0x22ab9953) f18 0x7ff8000000000000
core   0: 0x0000000080004e3e (0xf2028b53) fmv.d.x fs6, t0
core   0: 1 0x0000000080004e3e (0xf2028b53) f22 0xffffffffb3a89000
core   0: 0x0000000080004e42 (0x2271a1d3) fsgnjx.d ft3, ft3, ft7
core   0: 1 0x0000000080004e42 (0x2271a1d3) f3  0xc3ce9f73bee1608c
core   0: 0x0000000080004e46 (0x00355033) srl     zero, a0, gp
core   0: 1 0x0000000080004e46 (0x00355033)
core   0: 0x0000000080004e4a (0xc23b74d3) fcvt.lu.d s1, fs6
core   0: 1 0x0000000080004e4a (0xc23b74d3) c1_fflags 0x0000000000000011 x9  0xffffffffffffffff
core   0: 0x0000000080004e4e (0xc03b7353) fcvt.lu.s t1, fs6
core   0: 1 0x0000000080004e4e (0xc03b7353) c1_fflags 0x0000000000000011 x6  0x0000000000000000
core   0: 0x0000000080004e52 (0x00000001) c.nop
core   0: 1 0x0000000080004e52 (0x0001)
core   0: 0x0000000080004e54 (0x053086b7) lui     a3, 0x5308
core   0: 1 0x0000000080004e54 (0x053086b7) x13 0x0000000005308000
core   0: 0x0000000080004e58 (0x00000001) c.nop
core   0: 1 0x0000000080004e58 (0x0001)
core   0: 0x0000000080004e5a (0x42030453) fcvt.d.s fs0, ft6
core   0: 1 0x0000000080004e5a (0x42030453) f8  0x7ff8000000000000
core   0: 0x0000000080004e5e (0x00102873) csrrs   a6, fflags, zero
core   0: 1 0x0000000080004e5e (0x00102873) x16 0x0000000000000011
core   0: 0x0000000080004e62 (0x00000166) c.slli  sp, 25
core   0: 1 0x0000000080004e62 (0x0166) x2  0x0000000000000000
core   0: 0x0000000080004e64 (0xc206f953) fcvt.w.d s2, fa3
core   0: 1 0x0000000080004e64 (0xc206f953) c1_fflags 0x0000000000000011 x18 0x000000007fffffff
core   0: 0x0000000080004e68 (0x00015b1b) srliw   s6, sp, 0
core   0: 1 0x0000000080004e68 (0x00015b1b) x22 0x0000000000000000
core   0: 0x0000000080004e6c (0x0018183b) sllw    a6, a6, ra
core   0: 1 0x0000000080004e6c (0x0018183b) x16 0x0000000001100000
core   0: 0x0000000080004e70 (0xd20109d3) fcvt.d.w fs3, sp
core   0: 1 0x0000000080004e70 (0xd20109d3) f19 0x0000000000000000
core   0: 0x0000000080004e74 (0x03390d3b) mulw    s10, s2, s3
core   0: 1 0x0000000080004e74 (0x03390d3b) x26 0x0000000000000000
core   0: 0x0000000080004e78 (0x000b0c33) add     s8, s6, zero
core   0: 1 0x0000000080004e78 (0x000b0c33) x24 0x0000000000000000
core   0: 0x0000000080004e7c (0x00005d13) srli    s10, zero, 0
core   0: 1 0x0000000080004e7c (0x00005d13) x26 0x0000000000000000
core   0: 0x0000000080004e80 (0x01711b1b) slliw   s6, sp, 23
core   0: 1 0x0000000080004e80 (0x01711b1b) x22 0x0000000000000000
core   0: 0x0000000080004e84 (0x88216d93) ori     s11, sp, -1918
core   0: 1 0x0000000080004e84 (0x88216d93) x27 0xfffffffffffff882
core   0: 0x0000000080004e88 (0x03d7fe33) remu    t3, a5, t4
core   0: 1 0x0000000080004e88 (0x03d7fe33) x28 0x0000000080004e16
core   0: 0x0000000080004e8c (0x02f8f0b3) remu    ra, a7, a5
core   0: 1 0x0000000080004e8c (0x02f8f0b3) x1  0x0000000000000000
core   0: 0x0000000080004e90 (0x03acdbbb) divuw   s7, s9, s10
core   0: 1 0x0000000080004e90 (0x03acdbbb) x23 0xffffffffffffffff
core   0: 0x0000000080004e94 (0x03a30a3b) mulw    s4, t1, s10
core   0: 1 0x0000000080004e94 (0x03a30a3b) x20 0x0000000000000000
core   0: 0x0000000080004e98 (0x414bd6bb) sraw    a3, s7, s4
core   0: 1 0x0000000080004e98 (0x414bd6bb) x13 0xffffffffffffffff
core   0: 0x0000000080004e9c (0x00c5a633) slt     a2, a1, a2
core   0: 1 0x0000000080004e9c (0x00c5a633) x12 0x0000000000000000
core   0: 0x0000000080004ea0 (0x033e7f53) fadd.d  ft10, ft8, fs3
core   0: 1 0x0000000080004ea0 (0x033e7f53) f30 0x7ff8000000000000
core   0: 0x0000000080004ea4 (0xc19c91b7) lui     gp, 0xc19c9
core   0: 1 0x0000000080004ea4 (0xc19c91b7) x3  0xffffffffc19c9000
core   0: 0x0000000080004ea8 (0x00008579) c.srai  a0, 30
core   0: 1 0x0000000080004ea8 (0x8579) x10 0x0000000000000000
core   0: 0x0000000080004eaa (0x000af393) andi    t2, s5, 0
core   0: 1 0x0000000080004eaa (0x000af393) x7  0x0000000000000000
core   0: 0x0000000080004eae (0x22deab53) fsgnjx.d fs6, ft9, fa3
core   0: 1 0x0000000080004eae (0x22deab53) f22 0x7ff8000000000000
core   0: 0x0000000080004eb2 (0x2364a1d3) fsgnjx.d ft3, fs1, fs6
core   0: 1 0x0000000080004eb2 (0x2364a1d3) f3  0x7ff8000000000000
core   0: 0x0000000080004eb6 (0x00c5d83b) srlw    a6, a1, a2
core   0: 1 0x0000000080004eb6 (0x00c5d83b) x16 0x000000003231b1f3
core   0: 0x0000000080004eba (0x4201d693) srai    a3, gp, 32
core   0: 1 0x0000000080004eba (0x4201d693) x13 0xffffffffffffffff
core   0: 0x0000000080004ebe (0x420a8c53) fcvt.d.s fs8, fs5
core   0: 1 0x0000000080004ebe (0x420a8c53) f24 0x7ff8000000000000
core   0: 0x0000000080004ec2 (0x1a4bfbd3) fdiv.d  fs7, fs7, ft4
core   0: 1 0x0000000080004ec2 (0x1a4bfbd3) f23 0x7ff8000000000000
core   0: 0x0000000080004ec6 (0x5a0ff253) fsqrt.d ft4, ft11
core   0: 1 0x0000000080004ec6 (0x5a0ff253) f4  0x7ff8000000000000
core   0: 0x0000000080004eca (0x02a8e633) rem     a2, a7, a0
core   0: 1 0x0000000080004eca (0x02a8e633) x12 0x0000000000000000
core   0: 0x0000000080004ece (0x40197953) fcvt.s.d fs2, fs2
core   0: 1 0x0000000080004ece (0x40197953) f18 0xffffffff7fc00000
core   0: 0x0000000080004ed2 (0x23142ed3) fsgnjx.d ft9, fs0, fa7
core   0: 1 0x0000000080004ed2 (0x23142ed3) f29 0x7ff8000000000000
core   0: 0x0000000080004ed6 (0x00000001) c.nop
core   0: 1 0x0000000080004ed6 (0x0001)
core   0: 0x0000000080004ed8 (0x0318cbb3) div     s7, a7, a7
core   0: 1 0x0000000080004ed8 (0x0318cbb3) x23 0xffffffffffffffff
core   0: 0x0000000080004edc (0xc010d173) csrrwi  sp, time, 1
core   0: exception trap_illegal_instruction, epc 0x0000000080004edc
core   0:           tval 0x00000000c010d173
core   0: >>>>  $xrv64i2p1_m2p0_a2p1_f2p2_d2p2_zicsr2p0_zifencei2p0_zmmul1p0_zba1p0_zbb1p0_zbc1p0_zbs1p0
core   0: 0x0000000080004000 (0x0080006f) j       pc + 0x8
core   0: 3 0x0000000080004000 (0x0080006f)
core   0: >>>>  mmode_exception_handler
core   0: 0x0000000080004008 (0x00002c17) auipc   s8, 0x2
core   0: 3 0x0000000080004008 (0x00002c17) x24 0x0000000080006008
core   0: 0x000000008000400c (0xfd0c0c13) addi    s8, s8, -48
core   0: 3 0x000000008000400c (0xfd0c0c13) x24 0x0000000080005fd8
core   0: 0x0000000080004010 (0x000c00e7) jalr    s8
core   0: 3 0x0000000080004010 (0x000c00e7) x1  0x0000000080004014
core   0: >>>>  any_handler
core   0: 0x0000000080005fd8 (0x341027f3) csrrs   a5, mepc, zero
core   0: 3 0x0000000080005fd8 (0x341027f3) x15 0x0000000080004edc
core   0: 0x0000000080005fdc (0x34202773) csrrs   a4, mcause, zero
core   0: 3 0x0000000080005fdc (0x34202773) x14 0x0000000000000002
core   0: 0x0000000080005fe0 (0x142026f3) csrrs   a3, scause, zero
core   0: 3 0x0000000080005fe0 (0x142026f3) x13 0x0000000000000000
core   0: 0x0000000080005fe4 (0x30402673) csrrs   a2, mie, zero
core   0: 3 0x0000000080005fe4 (0x30402673) x12 0x0000000000000a00
core   0: 0x0000000080005fe8 (0x344025f3) csrrs   a1, mip, zero
core   0: 3 0x0000000080005fe8 (0x344025f3) x11 0x0000000000000080
core   0: 0x0000000080005fec (0x343025f3) csrrs   a1, mtval, zero
core   0: 3 0x0000000080005fec (0x343025f3) x11 0x00000000c010d173
core   0: 0x0000000080005ff0 (0x14302573) csrrs   a0, stval, zero
core   0: 3 0x0000000080005ff0 (0x14302573) x10 0x0000000000000000
core   0: 0x0000000080005ff4 (0xb02024f3) csrrs   s1, minstret, zero
core   0: 3 0x0000000080005ff4 (0xb02024f3) x9  0x0000000000000d7e
core   0: 0x0000000080005ff8 (0x0000a811) c.j     pc + 20
core   0: 3 0x0000000080005ff8 (0xa811)
core   0: >>>>  mepc_4
core   0: 0x000000008000600c (0x00000791) c.addi  a5, 4
core   0: 3 0x000000008000600c (0x0791) x15 0x0000000080004ee0
core   0: 0x000000008000600e (0x34179073) csrrw   zero, mepc, a5
core   0: 3 0x000000008000600e (0x34179073) c833_mepc 0x0000000080004ee0
core   0: 0x0000000080006012 (0x30200073) mret
core   0: 3 0x0000000080006012 (0x30200073) c768_mstatus 0x8000000a00106080
core   0: 0x0000000080004ee0 (0x014a1a33) sll     s4, s4, s4
core   0: 1 0x0000000080004ee0 (0x014a1a33) x20 0x0000000000000000
core   0: 0x0000000080004ee4 (0x413a05bb) subw    a1, s4, s3
core   0: 1 0x0000000080004ee4 (0x413a05bb) x11 0x0000000000000000
core   0: 0x0000000080004ee8 (0x40dcd6bb) sraw    a3, s9, a3
core   0: 1 0x0000000080004ee8 (0x40dcd6bb) x13 0xffffffffe82a3611
core   0: 0x0000000080004eec (0x0348673b) remw    a4, a6, s4
core   0: 1 0x0000000080004eec (0x0348673b) x14 0x000000003231b1f3
core   0: 0x0000000080004ef0 (0xc214f753) fcvt.wu.d a4, fs1
core   0: 1 0x0000000080004ef0 (0xc214f753) c1_fflags 0x0000000000000011 x14 0xffffffffffffffff
core   0: 0x0000000080004ef4 (0x52329bb7) lui     s7, 0x52329
core   0: 1 0x0000000080004ef4 (0x52329bb7) x23 0x0000000052329000
core   0: 0x0000000080004ef8 (0x4144541b) sraiw   s0, s0, 20
core   0: 1 0x0000000080004ef8 (0x4144541b) x8  0x0000000000000000
core   0: 0x0000000080004efc (0xd03a71d3) fcvt.s.lu ft3, s4
core   0: 1 0x0000000080004efc (0xd03a71d3) f3  0xffffffff00000000
core   0: 0x0000000080004f00 (0xb8e97c93) andi    s9, s2, -1138
core   0: 1 0x0000000080004f00 (0xb8e97c93) x25 0x000000007ffffb8e
core   0: 0x0000000080004f04 (0x83787c47) fmsub.d fs8, fa6, fs7, fa6
core   0: 1 0x0000000080004f04 (0x83787c47) f24 0x7ff8000000000000
core   0: 0x0000000080004f08 (0x03b6dc33) divu    s8, a3, s11
core   0: 1 0x0000000080004f08 (0x03b6dc33) x24 0x0000000000000000
core   0: 0x0000000080004f0c (0x018c5a33) srl     s4, s8, s8
core   0: 1 0x0000000080004f0c (0x018c5a33) x20 0x0000000000000000
core   0: 0x0000000080004f10 (0x61ea8a9b) addiw   s5, s5, 1566
core   0: 1 0x0000000080004f10 (0x61ea8a9b) x21 0x000000000000061e
core   0: 0x0000000080004f14 (0x00c00abb) addw    s5, zero, a2
core   0: 1 0x0000000080004f14 (0x00c00abb) x21 0x0000000000000a00
core   0: 0x0000000080004f18 (0xe2068c53) fmv.x.d s8, fa3
core   0: 1 0x0000000080004f18 (0xe2068c53) x24 0x7ff8000000000000
core   0: 0x0000000080004f1c (0x1b88f8d3) fdiv.d  fa7, fa7, fs8
core   0: 1 0x0000000080004f1c (0x1b88f8d3) f17 0x7ff8000000000000
core   0: 0x0000000080004f20 (0xf58c6597) auipc   a1, 0xf58c6
core   0: 1 0x0000000080004f20 (0xf58c6597) x11 0x00000000758caf20
core   0: 0x0000000080004f24 (0x00bd9dbb) sllw    s11, s11, a1
core   0: 1 0x0000000080004f24 (0x00bd9dbb) x27 0xfffffffffffff882
core   0: 0x0000000080004f28 (0x018a09b3) add     s3, s4, s8
core   0: 1 0x0000000080004f28 (0x018a09b3) x19 0x7ff8000000000000
core   0: 0x0000000080004f2c (0x00081993) slli    s3, a6, 0
core   0: 1 0x0000000080004f2c (0x00081993) x19 0x000000003231b1f3
core   0: 0x0000000080004f30 (0x026999b3) mulh    s3, s3, t1
core   0: 1 0x0000000080004f30 (0x026999b3) x19 0x0000000000000000
core   0: 0x0000000080004f34 (0x4004803b) subw    zero, s1, zero
core   0: 1 0x0000000080004f34 (0x4004803b)
core   0: 0x0000000080004f38 (0x00906933) or      s2, zero, s1
core   0: 1 0x0000000080004f38 (0x00906933) x18 0x0000000000000d7e
core   0: 0x0000000080004f3c (0xd0307353) fcvt.s.lu ft6, zero
core   0: 1 0x0000000080004f3c (0xd0307353) f6  0xffffffff00000000
core   0: 0x0000000080004f40 (0x4bce74c3) fmadd.d fs1, ft8, ft8, fs1
core   0: 1 0x0000000080004f40 (0x4bce74c3) f9  0x7ff8000000000000
core   0: 0x0000000080004f44 (0x0016d6bb) srlw    a3, a3, ra
core   0: 1 0x0000000080004f44 (0x0016d6bb) x13 0x0000000000000e82
core   0: 0x0000000080004f48 (0x124cfcd3) fmul.d  fs9, fs9, ft4
core   0: 1 0x0000000080004f48 (0x124cfcd3) f25 0x7ff8000000000000
core   0: 0x0000000080004f4c (0x00202bf3) csrrs   s7, frm, zero
core   0: 1 0x0000000080004f4c (0x00202bf3) x23 0x0000000000000000
core   0: 0x0000000080004f50 (0x0046581b) srliw   a6, a2, 4
core   0: 1 0x0000000080004f50 (0x0046581b) x16 0x00000000000000a0
core   0: 0x0000000080004f54 (0xc2027453) fcvt.w.d s0, ft4
core   0: 1 0x0000000080004f54 (0xc2027453) c1_fflags 0x0000000000000011 x8  0x000000007fffffff
core   0: 0x0000000080004f58 (0x0199c3b3) xor     t2, s3, s9
core   0: 1 0x0000000080004f58 (0x0199c3b3) x7  0x000000007ffffb8e
core   0: 0x0000000080004f5c (0x00e3bab3) sltu    s5, t2, a4
core   0: 1 0x0000000080004f5c (0x00e3bab3) x21 0x0000000000000001
core   0: 0x0000000080004f60 (0xc215f4d3) fcvt.wu.d s1, fa1
core   0: 1 0x0000000080004f60 (0xc215f4d3) c1_fflags 0x0000000000000011 x9  0xffffffffffffffff
core   0: 0x0000000080004f64 (0x0213a333) mulhsu  t1, t2, ra
core   0: 1 0x0000000080004f64 (0x0213a333) x6  0x0000000000000000
core   0: 0x0000000080004f68 (0x016e2ab3) slt     s5, t3, s6
core   0: 1 0x0000000080004f68 (0x016e2ab3) x21 0x0000000000000000
core   0: 0x0000000080004f6c (0xda5cf2c3) fmadd.d ft5, fs9, ft5, fs11
core   0: 1 0x0000000080004f6c (0xda5cf2c3) f5  0x7ff8000000000000
core   0: 0x0000000080004f70 (0x00102bf3) csrrs   s7, fflags, zero
core   0: 1 0x0000000080004f70 (0x00102bf3) x23 0x0000000000000011
core   0: 0x0000000080004f74 (0xc032f0d3) fcvt.lu.s ra, ft5
core   0: 1 0x0000000080004f74 (0xc032f0d3) c1_fflags 0x0000000000000011 x1  0xffffffffffffffff
core   0: 0x0000000080004f78 (0x236784d3) fsgnj.d fs1, fa5, fs6
core   0: 1 0x0000000080004f78 (0x236784d3) f9  0x41ce9f73bf000000
core   0: 0x0000000080004f7c (0x2ac59b37) lui     s6, 0x2ac59
core   0: 1 0x0000000080004f7c (0x2ac59b37) x22 0x000000002ac59000
core   0: 0x0000000080004f80 (0x03c18e33) mul     t3, gp, t3
core   0: 1 0x0000000080004f80 (0x03c18e33) x28 0xe0ce34f857546000
core   0: 0x0000000080004f84 (0x414181bb) subw    gp, gp, s4
core   0: 1 0x0000000080004f84 (0x414181bb) x3  0xffffffffc19c9000
core   0: 0x0000000080004f88 (0x40157553) fcvt.s.d fa0, fa0
core   0: 1 0x0000000080004f88 (0x40157553) f10 0xffffffffc0000000
core   0: 0x0000000080004f8c (0xd21b0dd3) fcvt.d.wu fs11, s6
core   0: 1 0x0000000080004f8c (0xd21b0dd3) f27 0x41c562c800000000
core   0: 0x0000000080004f90 (0x008bf133) and     sp, s7, s0
core   0: 1 0x0000000080004f90 (0x008bf133) x2  0x0000000000000011
core   0: 0x0000000080004f94 (0x000a939b) slliw   t2, s5, 0
core   0: 1 0x0000000080004f94 (0x000a939b) x7  0x0000000000000000
core   0: 0x0000000080004f98 (0x03e77dd3) fadd.d  fs11, fa4, ft10
core   0: 1 0x0000000080004f98 (0x03e77dd3) f27 0x7ff8000000000000
core   0: 0x0000000080004f9c (0xf8d26a13) ori     s4, tp, -115
core   0: 1 0x0000000080004f9c (0xf8d26a13) x20 0xffffffffffffff8d
core   0: 0x0000000080004fa0 (0x0012579b) srliw   a5, tp, 1
core   0: 1 0x0000000080004fa0 (0x0012579b) x15 0x0000000000000000
core   0: 0x0000000080004fa4 (0x83585297) auipc   t0, 0x83585
core   0: 1 0x0000000080004fa4 (0x83585297) x5  0x0000000003589fa4
core   0: 0x0000000080004fa8 (0x7ff20b1b) addiw   s6, tp, 2047
core   0: 1 0x0000000080004fa8 (0x7ff20b1b) x22 0x00000000000007ff
core   0: 0x0000000080004fac (0x0200783b) remuw   a6, zero, zero
core   0: 1 0x0000000080004fac (0x0200783b) x16 0x0000000000000000
core   0: 0x0000000080004fb0 (0xfffc6693) ori     a3, s8, -1
core   0: 1 0x0000000080004fb0 (0xfffc6693) x13 0xffffffffffffffff
core   0: 0x0000000080004fb4 (0xd2130453) fcvt.d.wu fs0, t1
core   0: 1 0x0000000080004fb4 (0xd2130453) f8  0x0000000000000000
core   0: 0x0000000080004fb8 (0x40197853) fcvt.s.d fa6, fs2
core   0: 1 0x0000000080004fb8 (0x40197853) f16 0xffffffff7fc00000
core   0: 0x0000000080004fbc (0x033960b3) rem     ra, s2, s3
core   0: 1 0x0000000080004fbc (0x033960b3) x1  0x0000000000000d7e
core   0: 0x0000000080004fc0 (0x303127f3) csrrs   a5, mideleg, sp
core   0: exception trap_illegal_instruction, epc 0x0000000080004fc0
core   0:           tval 0x00000000303127f3
core   0: >>>>  $xrv64i2p1_m2p0_a2p1_f2p2_d2p2_zicsr2p0_zifencei2p0_zmmul1p0_zba1p0_zbb1p0_zbc1p0_zbs1p0
core   0: 0x0000000080004000 (0x0080006f) j       pc + 0x8
core   0: 3 0x0000000080004000 (0x0080006f)
core   0: >>>>  mmode_exception_handler
core   0: 0x0000000080004008 (0x00002c17) auipc   s8, 0x2
core   0: 3 0x0000000080004008 (0x00002c17) x24 0x0000000080006008
core   0: 0x000000008000400c (0xfd0c0c13) addi    s8, s8, -48
core   0: 3 0x000000008000400c (0xfd0c0c13) x24 0x0000000080005fd8
core   0: 0x0000000080004010 (0x000c00e7) jalr    s8
core   0: 3 0x0000000080004010 (0x000c00e7) x1  0x0000000080004014
core   0: >>>>  any_handler
core   0: 0x0000000080005fd8 (0x341027f3) csrrs   a5, mepc, zero
core   0: 3 0x0000000080005fd8 (0x341027f3) x15 0x0000000080004fc0
core   0: 0x0000000080005fdc (0x34202773) csrrs   a4, mcause, zero
core   0: 3 0x0000000080005fdc (0x34202773) x14 0x0000000000000002
core   0: 0x0000000080005fe0 (0x142026f3) csrrs   a3, scause, zero
core   0: 3 0x0000000080005fe0 (0x142026f3) x13 0x0000000000000000
core   0: 0x0000000080005fe4 (0x30402673) csrrs   a2, mie, zero
core   0: 3 0x0000000080005fe4 (0x30402673) x12 0x0000000000000a00
core   0: 0x0000000080005fe8 (0x344025f3) csrrs   a1, mip, zero
core   0: 3 0x0000000080005fe8 (0x344025f3) x11 0x0000000000000080
core   0: 0x0000000080005fec (0x343025f3) csrrs   a1, mtval, zero
core   0: 3 0x0000000080005fec (0x343025f3) x11 0x00000000303127f3
core   0: 0x0000000080005ff0 (0x14302573) csrrs   a0, stval, zero
core   0: 3 0x0000000080005ff0 (0x14302573) x10 0x0000000000000000
core   0: 0x0000000080005ff4 (0xb02024f3) csrrs   s1, minstret, zero
core   0: 3 0x0000000080005ff4 (0xb02024f3) x9  0x0000000000000dc6
core   0: 0x0000000080005ff8 (0x0000a811) c.j     pc + 20
core   0: 3 0x0000000080005ff8 (0xa811)
core   0: >>>>  mepc_4
core   0: 0x000000008000600c (0x00000791) c.addi  a5, 4
core   0: 3 0x000000008000600c (0x0791) x15 0x0000000080004fc4
core   0: 0x000000008000600e (0x34179073) csrrw   zero, mepc, a5
core   0: 3 0x000000008000600e (0x34179073) c833_mepc 0x0000000080004fc4
core   0: 0x0000000080006012 (0x30200073) mret
core   0: 3 0x0000000080006012 (0x30200073) c768_mstatus 0x8000000a00106080
core   0: 0x0000000080004fc4 (0x03abc133) div     sp, s7, s10
core   0: 1 0x0000000080004fc4 (0x03abc133) x2  0xffffffffffffffff
core   0: 0x0000000080004fc8 (0x01b2a733) slt     a4, t0, s11
core   0: 1 0x0000000080004fc8 (0x01b2a733) x14 0x0000000000000000
core   0: 0x0000000080004fcc (0x225f11d3) fsgnjn.d ft3, ft10, ft5
core   0: 1 0x0000000080004fcc (0x225f11d3) f3  0xfff8000000000000
core   0: 0x0000000080004fd0 (0x00000001) c.nop
core   0: 1 0x0000000080004fd0 (0x0001)
core   0: 0x0000000080004fd2 (0x02e17c53) fadd.d  fs8, ft2, fa4
core   0: 1 0x0000000080004fd2 (0x02e17c53) f24 0x7ff8000000000000
core   0: 0x0000000080004fd6 (0x002021f3) csrrs   gp, frm, zero
core   0: 1 0x0000000080004fd6 (0x002021f3) x3  0x0000000000000000
core   0: 0x0000000080004fda (0x8003869b) addiw   a3, t2, -2048
core   0: 1 0x0000000080004fda (0x8003869b) x13 0xfffffffffffff800
core   0: 0x0000000080004fde (0x41f3d21b) sraiw   tp, t2, 31
core   0: 1 0x0000000080004fde (0x41f3d21b) x4  0x0000000000000000
core   0: 0x0000000080004fe2 (0x8ad6eb93) ori     s7, a3, -1875
core   0: 1 0x0000000080004fe2 (0x8ad6eb93) x23 0xfffffffffffff8ad
core   0: 0x0000000080004fe6 (0xc0317ad3) fcvt.lu.s s5, ft2
core   0: 1 0x0000000080004fe6 (0xc0317ad3) c1_fflags 0x0000000000000011 x21 0xffffffffffffffff
core   0: 0x0000000080004fea (0xc21778d3) fcvt.wu.d a7, fa4
core   0: 1 0x0000000080004fea (0xc21778d3) c1_fflags 0x0000000000000011 x17 0xffffffffffffffff
core   0: 0x0000000080004fee (0x00c04833) xor     a6, zero, a2
core   0: 1 0x0000000080004fee (0x00c04833) x16 0x0000000000000a00
core   0: 0x0000000080004ff2 (0x3a0c2c97) auipc   s9, 0x3a0c2
core   0: 1 0x0000000080004ff2 (0x3a0c2c97) x25 0x00000000ba0c6ff2
core   0: 0x0000000080004ff6 (0x406cd933) sra     s2, s9, t1
core   0: 1 0x0000000080004ff6 (0x406cd933) x18 0x00000000ba0c6ff2
core   0: 0x0000000080004ffa (0x019904bb) addw    s1, s2, s9
core   0: 1 0x0000000080004ffa (0x019904bb) x9  0x000000007418dfe4
core   0: 0x0000000080004ffe (0x009cc333) xor     t1, s9, s1
core   0: 1 0x0000000080004ffe (0x009cc333) x6  0x00000000ce14b016
core   0: 0x0000000080005002 (0x41cb0abb) subw    s5, s6, t3
core   0: 1 0x0000000080005002 (0x41cb0abb) x21 0xffffffffa8aba7ff
core   0: 0x0000000080005006 (0x884ce397) auipc   t2, 0x884ce
core   0: 1 0x0000000080005006 (0x884ce397) x7  0x00000000084d3006
core   0: 0x000000008000500a (0x23511553) fsgnjn.d fa0, ft2, fs5
core   0: 1 0x000000008000500a (0x23511553) f10 0x8000000000000000
core   0: 0x000000008000500e (0x02b5a4b3) mulhsu  s1, a1, a1
core   0: 1 0x000000008000500e (0x02b5a4b3) x9  0x0000000000000000
core   0: 0x0000000080005012 (0xe2010cd3) fmv.x.d s9, ft2
core   0: 1 0x0000000080005012 (0xe2010cd3) x25 0x8000000000000000
core   0: 0x0000000080005016 (0x40855193) srai    gp, a0, 8
core   0: 1 0x0000000080005016 (0x40855193) x3  0x0000000000000000
core   0: 0x000000008000501a (0xfff1e3b7) lui     t2, 0xfff1e
core   0: 1 0x000000008000501a (0xfff1e3b7) x7  0xfffffffffff1e000
core   0: 0x000000008000501e (0x2c33839b) addiw   t2, t2, 707
core   0: 1 0x000000008000501e (0x2c33839b) x7  0xfffffffffff1e2c3
core   0: 0x0000000080005022 (0x000003ce) c.slli  t2, 19
core   0: 1 0x0000000080005022 (0x03ce) x7  0xffffff8f16180000
core   0: 0x0000000080005024 (0xe2938393) addi    t2, t2, -471
core   0: 1 0x0000000080005024 (0xe2938393) x7  0xffffff8f1617fe29
core   0: 0x0000000080005028 (0xe2090253) fmv.x.d tp, fs2
core   0: 1 0x0000000080005028 (0xe2090253) x4  0xffffffff7fc00000
core   0: 0x000000008000502c (0x73e77013) andi    zero, a4, 1854
core   0: 1 0x000000008000502c (0x73e77013)
core   0: 0x0000000080005030 (0xd0327053) fcvt.s.lu ft0, tp
core   0: 1 0x0000000080005030 (0xd0327053) c1_fflags 0x0000000000000011 f0  0xffffffff5f800000
core   0: 0x0000000080005034 (0x5a0570d3) fsqrt.d ft1, fa0
core   0: 1 0x0000000080005034 (0x5a0570d3) f1  0x8000000000000000
core   0: 0x0000000080005038 (0x035e7abb) remuw   s5, t3, s5
core   0: 1 0x0000000080005038 (0x035e7abb) x21 0x0000000057546000
core   0: 0x000000008000503c (0x02441093) slli    ra, s0, 36
core   0: 1 0x000000008000503c (0x02441093) x1  0xfffffff000000000
core   0: 0x0000000080005040 (0x025ea3b3) mulhsu  t2, t4, t0
core   0: 1 0x0000000080005040 (0x025ea3b3) x7  0x0000000000000000
core   0: 0x0000000080005044 (0x008dddbb) srlw    s11, s11, s0
core   0: 1 0x0000000080005044 (0x008dddbb) x27 0x0000000000000001
core   0: 0x0000000080005048 (0xd220f5d3) fcvt.d.l fa1, ra
core   0: 1 0x0000000080005048 (0xd220f5d3) f11 0xc230000000000000
core   0: 0x000000008000504c (0x2b131f53) fmax.d  ft10, ft6, fa7
core   0: 1 0x000000008000504c (0x2b131f53) f30 0x7ff8000000000000
core   0: 0x0000000080005050 (0x41f8d21b) sraiw   tp, a7, 31
core   0: 1 0x0000000080005050 (0x41f8d21b) x4  0xffffffffffffffff
core   0: 0x0000000080005054 (0x3430fe73) csrrci  t3, mtval, 1
core   0: exception trap_illegal_instruction, epc 0x0000000080005054
core   0:           tval 0x000000003430fe73
core   0: >>>>  $xrv64i2p1_m2p0_a2p1_f2p2_d2p2_zicsr2p0_zifencei2p0_zmmul1p0_zba1p0_zbb1p0_zbc1p0_zbs1p0
core   0: 0x0000000080004000 (0x0080006f) j       pc + 0x8
core   0: 3 0x0000000080004000 (0x0080006f)
core   0: >>>>  mmode_exception_handler
core   0: 0x0000000080004008 (0x00002c17) auipc   s8, 0x2
core   0: 3 0x0000000080004008 (0x00002c17) x24 0x0000000080006008
core   0: 0x000000008000400c (0xfd0c0c13) addi    s8, s8, -48
core   0: 3 0x000000008000400c (0xfd0c0c13) x24 0x0000000080005fd8
core   0: 0x0000000080004010 (0x000c00e7) jalr    s8
core   0: 3 0x0000000080004010 (0x000c00e7) x1  0x0000000080004014
core   0: >>>>  any_handler
core   0: 0x0000000080005fd8 (0x341027f3) csrrs   a5, mepc, zero
core   0: 3 0x0000000080005fd8 (0x341027f3) x15 0x0000000080005054
core   0: 0x0000000080005fdc (0x34202773) csrrs   a4, mcause, zero
core   0: 3 0x0000000080005fdc (0x34202773) x14 0x0000000000000002
core   0: 0x0000000080005fe0 (0x142026f3) csrrs   a3, scause, zero
core   0: 3 0x0000000080005fe0 (0x142026f3) x13 0x0000000000000000
core   0: 0x0000000080005fe4 (0x30402673) csrrs   a2, mie, zero
core   0: 3 0x0000000080005fe4 (0x30402673) x12 0x0000000000000a00
core   0: 0x0000000080005fe8 (0x344025f3) csrrs   a1, mip, zero
core   0: 3 0x0000000080005fe8 (0x344025f3) x11 0x0000000000000080
core   0: 0x0000000080005fec (0x343025f3) csrrs   a1, mtval, zero
core   0: 3 0x0000000080005fec (0x343025f3) x11 0x000000003430fe73
core   0: 0x0000000080005ff0 (0x14302573) csrrs   a0, stval, zero
core   0: 3 0x0000000080005ff0 (0x14302573) x10 0x0000000000000000
core   0: 0x0000000080005ff4 (0xb02024f3) csrrs   s1, minstret, zero
core   0: 3 0x0000000080005ff4 (0xb02024f3) x9  0x0000000000000dfb
core   0: 0x0000000080005ff8 (0x0000a811) c.j     pc + 20
core   0: 3 0x0000000080005ff8 (0xa811)
core   0: >>>>  mepc_4
core   0: 0x000000008000600c (0x00000791) c.addi  a5, 4
core   0: 3 0x000000008000600c (0x0791) x15 0x0000000080005058
core   0: 0x000000008000600e (0x34179073) csrrw   zero, mepc, a5
core   0: 3 0x000000008000600e (0x34179073) c833_mepc 0x0000000080005058
core   0: 0x0000000080006012 (0x30200073) mret
core   0: 3 0x0000000080006012 (0x30200073) c768_mstatus 0x8000000a00106080
core   0: 0x0000000080005058 (0x020450b3) divu    ra, s0, zero
core   0: 1 0x0000000080005058 (0x020450b3) x1  0xffffffffffffffff
core   0: 0x000000008000505c (0x032aee33) rem     t3, s5, s2
core   0: 1 0x000000008000505c (0x032aee33) x28 0x0000000057546000
core   0: 0x0000000080005060 (0x00698dbb) addw    s11, s3, t1
core   0: 1 0x0000000080005060 (0x00698dbb) x27 0xffffffffce14b016
core   0: 0x0000000080005064 (0x026cf73b) remuw   a4, s9, t1
core   0: 1 0x0000000080005064 (0x026cf73b) x14 0x0000000000000000
core   0: 0x0000000080005068 (0xd2160b53) fcvt.d.wu fs6, a2
core   0: 1 0x0000000080005068 (0xd2160b53) f22 0x40a4000000000000
core   0: 0x000000008000506c (0x02444a3b) divw    s4, s0, tp
core   0: 1 0x000000008000506c (0x02444a3b) x20 0xffffffff80000001
core   0: 0x0000000080005070 (0x000bdb93) srli    s7, s7, 0
core   0: 1 0x0000000080005070 (0x000bdb93) x23 0xfffffffffffff8ad
core   0: 0x0000000080005074 (0x02609913) slli    s2, ra, 38
core   0: 1 0x0000000080005074 (0x02609913) x18 0xffffffc000000000
core   0: 0x0000000080005078 (0xd0207953) fcvt.s.l fs2, zero
core   0: 1 0x0000000080005078 (0xd0207953) f18 0xffffffff00000000
core   0: 0x000000008000507c (0x018c4033) xor     zero, s8, s8
core   0: 1 0x000000008000507c (0x018c4033)
core   0: 0x0000000080005080 (0x410e8abb) subw    s5, t4, a6
core   0: 1 0x0000000080005080 (0x410e8abb) x21 0xfffffffffffff600
core   0: 0x0000000080005084 (0x002026f3) csrrs   a3, frm, zero
core   0: 1 0x0000000080005084 (0x002026f3) x13 0x0000000000000000
core   0: 0x0000000080005088 (0xd21a07d3) fcvt.d.wu fa5, s4
core   0: 1 0x0000000080005088 (0xd21a07d3) f15 0x41e0000000200000
core   0: 0x000000008000508c (0x020b0b33) mul     s6, s6, zero
core   0: 1 0x000000008000508c (0x020b0b33) x22 0x0000000000000000
core   0: 0x0000000080005090 (0xc03a7ed3) fcvt.lu.s t4, fs4
core   0: 1 0x0000000080005090 (0xc03a7ed3) c1_fflags 0x0000000000000011 x29 0xffffffffffffffff
core   0: 0x0000000080005094 (0x42010953) fcvt.d.s fs2, ft2
core   0: 1 0x0000000080005094 (0x42010953) f18 0x7ff8000000000000
core   0: 0x0000000080005098 (0xde5ed917) auipc   s2, 0xde5ed
core   0: 1 0x0000000080005098 (0xde5ed917) x18 0x000000005e5f2098
core   0: 0x000000008000509c (0x00009396) c.add   t2, t0
core   0: 1 0x000000008000509c (0x9396) x7  0x0000000003589fa4
core   0: 0x000000008000509e (0x42060dd3) fcvt.d.s fs11, fa2
core   0: 1 0x000000008000509e (0x42060dd3) f27 0x7ff8000000000000
core   0: 0x00000000800050a2 (0x0271883b) mulw    a6, gp, t2
core   0: 1 0x00000000800050a2 (0x0271883b) x16 0x0000000000000000
core   0: 0x00000000800050a6 (0xf20d8cd3) fmv.d.x fs9, s11
core   0: 1 0x00000000800050a6 (0xf20d8cd3) f25 0xffffffffce14b016
core   0: 0x00000000800050aa (0x408dddbb) sraw    s11, s11, s0
core   0: 1 0x00000000800050aa (0x408dddbb) x27 0xffffffffffffffff
core   0: 0x00000000800050ae (0x59710113) addi    sp, sp, 1431
core   0: 1 0x00000000800050ae (0x59710113) x2  0x0000000000000596
core   0: 0x00000000800050b2 (0x3310f943) fmadd.d fs2, ft1, fa7, ft6
core   0: 1 0x00000000800050b2 (0x3310f943) f18 0x7ff8000000000000
core   0: 0x00000000800050b6 (0xc21b79d3) fcvt.wu.d s3, fs6
core   0: 1 0x00000000800050b6 (0xc21b79d3) x19 0x0000000000000a00
core   0: 0x00000000800050ba (0x01010ab3) add     s5, sp, a6
core   0: 1 0x00000000800050ba (0x01010ab3) x21 0x0000000000000596
core   0: 0x00000000800050be (0x013a4733) xor     a4, s4, s3
core   0: 1 0x00000000800050be (0x013a4733) x14 0xffffffff80000a01
core   0: 0x00000000800050c2 (0x02307ab3) remu    s5, zero, gp
core   0: 1 0x00000000800050c2 (0x02307ab3) x21 0x0000000000000000
core   0: 0x00000000800050c6 (0x23dcaed3) fsgnjx.d ft9, fs9, ft9
core   0: 1 0x00000000800050c6 (0x23dcaed3) f29 0xffffffffce14b016
core   0: 0x00000000800050ca (0x038719b3) mulh    s3, a4, s8
core   0: 1 0x00000000800050ca (0x038719b3) x19 0xffffffffffffffff
core   0: 0x00000000800050ce (0x06dbe037) lui     zero, 0x6dbe
core   0: 1 0x00000000800050ce (0x06dbe037)
core   0: 0x00000000800050d2 (0xd9f0001b) addiw   zero, zero, -609
core   0: 1 0x00000000800050d2 (0xd9f0001b)
core   0: 0x00000000800050d6 (0x00c01013) slli    zero, zero, 12
core   0: 1 0x00000000800050d6 (0x00c01013)
core   0: 0x00000000800050da (0xd3300013) li      zero, -717
core   0: 1 0x00000000800050da (0xd3300013)
core   0: 0x00000000800050de (0x022e5dbb) divuw   s11, t3, sp
core   0: 1 0x00000000800050de (0x022e5dbb) x27 0x00000000000fa242
core   0: 0x00000000800050e2 (0x02bd95b3) mulh    a1, s11, a1
core   0: 1 0x00000000800050e2 (0x02bd95b3) x11 0x0000000000000000
core   0: 0x00000000800050e6 (0x9d478793) addi    a5, a5, -1580
core   0: 1 0x00000000800050e6 (0x9d478793) x15 0x0000000080004a2c
core   0: 0x00000000800050ea (0x01fd5d1b) srliw   s10, s10, 31
core   0: 1 0x00000000800050ea (0x01fd5d1b) x26 0x0000000000000000
core   0: 0x00000000800050ee (0x00991933) sll     s2, s2, s1
core   0: 1 0x00000000800050ee (0x00991933) x18 0xc000000000000000
core   0: 0x00000000800050f2 (0x2273a3d3) fsgnjx.d ft7, ft7, ft7
core   0: 1 0x00000000800050f2 (0x2273a3d3) f7  0x7fffffff00000000
core   0: 0x00000000800050f6 (0xd035fb53) fcvt.s.lu fs6, a1
core   0: 1 0x00000000800050f6 (0xd035fb53) f22 0xffffffff00000000
core   0: 0x00000000800050fa (0xc039f1d3) fcvt.lu.s gp, fs3
core   0: 1 0x00000000800050fa (0xc039f1d3) c1_fflags 0x0000000000000011 x3  0xffffffffffffffff
core   0: 0x00000000800050fe (0x03a4043b) mulw    s0, s0, s10
core   0: 1 0x00000000800050fe (0x03a4043b) x8  0x0000000000000000
core   0: 0x0000000080005102 (0xc03bf7d3) fcvt.lu.s a5, fs7
core   0: 1 0x0000000080005102 (0xc03bf7d3) c1_fflags 0x0000000000000011 x15 0xffffffffffffffff
core   0: 0x0000000080005106 (0x40690233) sub     tp, s2, t1
core   0: 1 0x0000000080005106 (0x40690233) x4  0xbfffffff31eb4fea
core   0: 0x000000008000510a (0x00d1fcb3) and     s9, gp, a3
core   0: 1 0x000000008000510a (0x00d1fcb3) x25 0x0000000000000000
core   0: 0x000000008000510e (0x019383bb) addw    t2, t2, s9
core   0: 1 0x000000008000510e (0x019383bb) x7  0x0000000003589fa4
core   0: 0x0000000080005112 (0x401e8233) sub     tp, t4, ra
core   0: 1 0x0000000080005112 (0x401e8233) x4  0x0000000000000000
core   0: 0x0000000080005116 (0x0383d3bb) divuw   t2, t2, s8
core   0: 1 0x0000000080005116 (0x0383d3bb) x7  0x0000000000000000
core   0: 0x000000008000511a (0xd20c0cd3) fcvt.d.w fs9, s8
core   0: 1 0x000000008000511a (0xd20c0cd3) f25 0xc1dfffe80a000000
core   0: 0x000000008000511e (0x0aacf3d3) fsub.d  ft7, fs9, fa0
core   0: 1 0x000000008000511e (0x0aacf3d3) f7  0xc1dfffe80a000000
core   0: 0x0000000080005122 (0x42048453) fcvt.d.s fs0, fs1
core   0: 1 0x0000000080005122 (0x42048453) f8  0x7ff8000000000000
core   0: 0x0000000080005126 (0x03fcd313) srli    t1, s9, 63
core   0: 1 0x0000000080005126 (0x03fcd313) x6  0x0000000000000000
core   0: 0x000000008000512a (0x235e8ed3) fsgnj.d ft9, ft9, fs5
core   0: 1 0x000000008000512a (0x235e8ed3) f29 0x7fffffffce14b016
core   0: 0x000000008000512e (0x03fbdb93) srli    s7, s7, 63
core   0: 1 0x000000008000512e (0x03fbdb93) x23 0x0000000000000001
core   0: 0x0000000080005132 (0xe20e83d3) fmv.x.d t2, ft9
core   0: 1 0x0000000080005132 (0xe20e83d3) x7  0x7fffffffce14b016
core   0: 0x0000000080005136 (0x00002285) c.addiw t0, 1
core   0: 1 0x0000000080005136 (0x2285) x5  0x0000000003589fa5
core   0: 0x0000000080005138 (0x42010c53) fcvt.d.s fs8, ft2
core   0: 1 0x0000000080005138 (0x42010c53) f24 0x7ff8000000000000
core   0: 0x000000008000513c (0x00000001) c.nop
core   0: 1 0x000000008000513c (0x0001)
core   0: 0x000000008000513e (0x03428b33) mul     s6, t0, s4
core   0: 1 0x000000008000513e (0x03428b33) x22 0xfe53b02d83589fa5
core   0: 0x0000000080005142 (0x404e58bb) sraw    a7, t3, tp
core   0: 1 0x0000000080005142 (0x404e58bb) x17 0x0000000057546000
core   0: 0x0000000080005146 (0x411bd63b) sraw    a2, s7, a7
core   0: 1 0x0000000080005146 (0x411bd63b) x12 0x0000000000000001
core   0: 0x000000008000514a (0xc207fd53) fcvt.w.d s10, fa5
core   0: 1 0x000000008000514a (0xc207fd53) c1_fflags 0x0000000000000011 x26 0x000000007fffffff
core   0: 0x000000008000514e (0x0315a3b3) mulhsu  t2, a1, a7
core   0: 1 0x000000008000514e (0x0315a3b3) x7  0x0000000000000000
core   0: 0x0000000080005152 (0xc22afa53) fcvt.l.d s4, fs5
core   0: 1 0x0000000080005152 (0xc22afa53) x20 0x0000000000000002
core   0: 0x0000000080005156 (0xf20a0fd3) fmv.d.x ft11, s4
core   0: 1 0x0000000080005156 (0xf20a0fd3) f31 0x0000000000000002
core   0: 0x000000008000515a (0x9a20c637) lui     a2, 0x9a20c
core   0: 1 0x000000008000515a (0x9a20c637) x12 0xffffffff9a20c000
core   0: 0x000000008000515e (0x1d10d137) lui     sp, 0x1d10d
core   0: 1 0x000000008000515e (0x1d10d137) x2  0x000000001d10d000
core   0: 0x0000000080005162 (0x00102bf3) csrrs   s7, fflags, zero
core   0: 1 0x0000000080005162 (0x00102bf3) x23 0x0000000000000011
core   0: 0x0000000080005166 (0x01b2d993) srli    s3, t0, 27
core   0: 1 0x0000000080005166 (0x01b2d993) x19 0x0000000000000000
core   0: 0x000000008000516a (0x02018d3b) mulw    s10, gp, zero
core   0: 1 0x000000008000516a (0x02018d3b) x26 0x0000000000000000
core   0: 0x000000008000516e (0x00c676b3) and     a3, a2, a2
core   0: 1 0x000000008000516e (0x00c676b3) x13 0xffffffff9a20c000
core   0: 0x0000000080005172 (0x03d18abb) mulw    s5, gp, t4
core   0: 1 0x0000000080005172 (0x03d18abb) x21 0x0000000000000001
core   0: 0x0000000080005176 (0x147c4c93) xori    s9, s8, 327
core   0: 1 0x0000000080005176 (0x147c4c93) x25 0x0000000080005e9f
core   0: 0x000000008000517a (0x015e1dbb) sllw    s11, t3, s5
core   0: 1 0x000000008000517a (0x015e1dbb) x27 0xffffffffaea8c000
core   0: 0x000000008000517e (0x00961c33) sll     s8, a2, s1
core   0: 1 0x000000008000517e (0x00961c33) x24 0x0000000000000000
core   0: 0x0000000080005182 (0x0180e033) or      zero, ra, s8
core   0: 1 0x0000000080005182 (0x0180e033)
core   0: 0x0000000080005186 (0xc03ff953) fcvt.lu.s s2, ft11
core   0: 1 0x0000000080005186 (0xc03ff953) c1_fflags 0x0000000000000011 x18 0xffffffffffffffff
core   0: 0x000000008000518a (0x22b292d3) fsgnjn.d ft5, ft5, fa1
core   0: 1 0x000000008000518a (0x22b292d3) f5  0x7ff8000000000000
core   0: 0x000000008000518e (0xfff9041b) addiw   s0, s2, -1
core   0: 1 0x000000008000518e (0xfff9041b) x8  0xfffffffffffffffe
core   0: 0x0000000080005192 (0xc21175d3) fcvt.wu.d a1, ft2
core   0: 1 0x0000000080005192 (0xc21175d3) x11 0x0000000000000000
core   0: 0x0000000080005196 (0x40338a3b) subw    s4, t2, gp
core   0: 1 0x0000000080005196 (0x40338a3b) x20 0x0000000000000001
core   0: 0x000000008000519a (0x238987d3) fsgnj.d fa5, fs3, fs8
core   0: 1 0x000000008000519a (0x238987d3) f15 0x0000000000000000
core   0: 0x000000008000519e (0x039dfbb3) remu    s7, s11, s9
core   0: 1 0x000000008000519e (0x039dfbb3) x23 0x000000003a8d5b04
core   0: 0x00000000800051a2 (0x00231bf3) csrrw   s7, frm, t1
core   0: 1 0x00000000800051a2 (0x00231bf3) x23 0x0000000000000000 c2_frm 0x0000000000000000
core   0: 0x00000000800051a6 (0xd0337453) fcvt.s.lu fs0, t1
core   0: 1 0x00000000800051a6 (0xd0337453) f8  0xffffffff00000000
core   0: 0x00000000800051aa (0x0231a7b3) mulhsu  a5, gp, gp
core   0: 1 0x00000000800051aa (0x0231a7b3) x15 0xffffffffffffffff
core   0: 0x00000000800051ae (0x0010893b) addw    s2, ra, ra
core   0: 1 0x00000000800051ae (0x0010893b) x18 0xfffffffffffffffe
core   0: 0x00000000800051b2 (0xc202fdd3) fcvt.w.d s11, ft5
core   0: 1 0x00000000800051b2 (0xc202fdd3) c1_fflags 0x0000000000000011 x27 0x000000007fffffff
core   0: 0x00000000800051b6 (0x00009a6e) c.add   s4, s11
core   0: 1 0x00000000800051b6 (0x9a6e) x20 0x0000000080000000
core   0: 0x00000000800051b8 (0x2af100d3) fmin.d  ft1, ft2, fa5
core   0: 1 0x00000000800051b8 (0x2af100d3) f1  0x8000000000000000
core   0: 0x00000000800051bc (0x41100bb3) sub     s7, zero, a7
core   0: 1 0x00000000800051bc (0x41100bb3) x23 0xffffffffa8aba000
core   0: 0x00000000800051c0 (0x409cd4bb) sraw    s1, s9, s1
core   0: 1 0x00000000800051c0 (0x409cd4bb) x9  0xfffffffffffffff0
core   0: 0x00000000800051c4 (0x8aab0293) addi    t0, s6, -1878
core   0: 1 0x00000000800051c4 (0x8aab0293) x5  0xfe53b02d8358984f
core   0: 0x00000000800051c8 (0x03640cb3) mul     s9, s0, s6
core   0: 1 0x00000000800051c8 (0x03640cb3) x25 0x03589fa4f94ec0b6
core   0: 0x00000000800051cc (0x00739b33) sll     s6, t2, t2
core   0: 1 0x00000000800051cc (0x00739b33) x22 0x0000000000000000
core   0: 0x00000000800051d0 (0x428a7bcf) fnmadd.d fs7, fs4, fs0, fs0
core   0: 1 0x00000000800051d0 (0x428a7bcf) f23 0x7ff8000000000000
core   0: 0x00000000800051d4 (0xd031f8d3) fcvt.s.lu fa7, gp
core   0: 1 0x00000000800051d4 (0xd031f8d3) c1_fflags 0x0000000000000011 f17 0xffffffff5f800000
core   0: 0x00000000800051d8 (0x016a9033) sll     zero, s5, s6
core   0: 1 0x00000000800051d8 (0x016a9033)
core   0: 0x00000000800051dc (0xd0307c53) fcvt.s.lu fs8, zero
core   0: 1 0x00000000800051dc (0xd0307c53) f24 0xffffffff00000000
core   0: 0x00000000800051e0 (0x00000001) c.nop
core   0: 1 0x00000000800051e0 (0x0001)
core   0: 0x00000000800051e2 (0x03c1573b) divuw   a4, sp, t3
core   0: 1 0x00000000800051e2 (0x03c1573b) x14 0x0000000000000000
core   0: 0x00000000800051e6 (0x136cfdd3) fmul.d  fs11, fs9, fs6
core   0: 1 0x00000000800051e6 (0x136cfdd3) f27 0x7ff8000000000000
core   0: 0x00000000800051ea (0x00000001) c.nop
core   0: 1 0x00000000800051ea (0x0001)
core   0: 0x00000000800051ec (0x420c00d3) fcvt.d.s ft1, fs8
core   0: 1 0x00000000800051ec (0x420c00d3) f1  0x0000000000000000
core   0: 0x00000000800051f0 (0x01bdaeb3) slt     t4, s11, s11
core   0: 1 0x00000000800051f0 (0x01bdaeb3) x29 0x0000000000000000
core   0: 0x00000000800051f4 (0xd4ae8613) addi    a2, t4, -694
core   0: 1 0x00000000800051f4 (0xd4ae8613) x12 0xfffffffffffffd4a
core   0: 0x00000000800051f8 (0x1a7b7cd3) fdiv.d  fs9, fs6, ft7
core   0: 1 0x00000000800051f8 (0x1a7b7cd3) f25 0x7ff8000000000000
core   0: 0x00000000800051fc (0x00000001) c.nop
core   0: 1 0x00000000800051fc (0x0001)
core   0: 0x00000000800051fe (0x01564933) xor     s2, a2, s5
core   0: 1 0x00000000800051fe (0x01564933) x18 0xfffffffffffffd4b
core   0: 0x0000000080005202 (0x40c65233) sra     tp, a2, a2
core   0: 1 0x0000000080005202 (0x40c65233) x4  0xffffffffffffffff
core   0: 0x0000000080005206 (0x4003d09b) sraiw   ra, t2, 0
core   0: 1 0x0000000080005206 (0x4003d09b) x1  0x0000000000000000
core   0: 0x000000008000520a (0x23fc8fd3) fsgnj.d ft11, fs9, ft11
core   0: 1 0x000000008000520a (0x23fc8fd3) f31 0x7ff8000000000000
core   0: 0x000000008000520e (0x0004d493) srli    s1, s1, 0
core   0: 1 0x000000008000520e (0x0004d493) x9  0xfffffffffffffff0
core   0: 0x0000000080005212 (0xc03af5d3) fcvt.lu.s a1, fs5
core   0: 1 0x0000000080005212 (0xc03af5d3) c1_fflags 0x0000000000000011 x11 0xffffffffffffffff
core   0: 0x0000000080005216 (0x00e0909b) slliw   ra, ra, 14
core   0: 1 0x0000000080005216 (0x00e0909b) x1  0x0000000000000000
core   0: 0x000000008000521a (0x40c3533b) sraw    t1, t1, a2
core   0: 1 0x000000008000521a (0x40c3533b) x6  0x0000000000000000
core   0: 0x000000008000521e (0x0010dd1b) srliw   s10, ra, 1
core   0: 1 0x000000008000521e (0x0010dd1b) x26 0x0000000000000000
core   0: 0x0000000080005222 (0x40005e3b) sraw    t3, zero, zero
core   0: 1 0x0000000080005222 (0x40005e3b) x28 0x0000000000000000
core   0: 0x0000000080005226 (0x001d9df3) csrrw   s11, fflags, s11
core   0: 1 0x0000000080005226 (0x001d9df3) x27 0x0000000000000011 c1_fflags 0x000000000000001f
core   0: 0x000000008000522a (0x407dd3bb) sraw    t2, s11, t2
core   0: 1 0x000000008000522a (0x407dd3bb) x7  0x0000000000000011
core   0: 0x000000008000522e (0x05438893) addi    a7, t2, 84
core   0: 1 0x000000008000522e (0x05438893) x17 0x0000000000000065
core   0: 0x0000000080005232 (0x0293cd33) div     s10, t2, s1
core   0: 1 0x0000000080005232 (0x0293cd33) x26 0xffffffffffffffff
core   0: 0x0000000080005236 (0xd223f953) fcvt.d.l fs2, t2
core   0: 1 0x0000000080005236 (0xd223f953) f18 0x4031000000000000
core   0: 0x000000008000523a (0xfff9849b) addiw   s1, s3, -1
core   0: 1 0x000000008000523a (0xfff9849b) x9  0xffffffffffffffff
core   0: 0x000000008000523e (0x0026d5b3) srl     a1, a3, sp
core   0: 1 0x000000008000523e (0x0026d5b3) x11 0xffffffff9a20c000
core   0: 0x0000000080005242 (0xf23cff4f) fnmadd.d ft10, fs9, ft3, ft10
core   0: 1 0x0000000080005242 (0xf23cff4f) f30 0x7ff8000000000000
core   0: 0x0000000080005246 (0x02647d33) remu    s10, s0, t1
core   0: 1 0x0000000080005246 (0x02647d33) x26 0xfffffffffffffffe
core   0: 0x000000008000524a (0xf2040fd3) fmv.d.x ft11, s0
core   0: 1 0x000000008000524a (0xf2040fd3) f31 0xfffffffffffffffe
core   0: 0x000000008000524e (0x00000001) c.nop
core   0: 1 0x000000008000524e (0x0001)
core   0: 0x0000000080005250 (0xe20e8553) fmv.x.d a0, ft9
core   0: 1 0x0000000080005250 (0xe20e8553) x10 0x7fffffffce14b016
core   0: 0x0000000080005254 (0x415c5b13) srai    s6, s8, 21
core   0: 1 0x0000000080005254 (0x415c5b13) x22 0x0000000000000000
core   0: 0x0000000080005258 (0x403355bb) sraw    a1, t1, gp
core   0: 1 0x0000000080005258 (0x403355bb) x11 0x0000000000000000
core   0: 0x000000008000525c (0x016b1e93) slli    t4, s6, 22
core   0: 1 0x000000008000525c (0x016b1e93) x29 0x0000000000000000
core   0: 0x0000000080005260 (0x000c501b) srliw   zero, s8, 0
core   0: 1 0x0000000080005260 (0x000c501b)
core   0: 0x0000000080005264 (0xfbaff143) fmadd.d ft2, ft11, fs10, ft11
core   0: 1 0x0000000080005264 (0xfbaff143) f2  0x7ff8000000000000
core   0: 0x0000000080005268 (0x0ff0000f) fence   iorw,iorw
core   0: 1 0x0000000080005268 (0x0ff0000f)
core   0: 0x000000008000526c (0x2baf8953) fmin.d  fs2, ft11, fs10
core   0: 1 0x000000008000526c (0x2baf8953) f18 0xc1ce9f73bf000000
core   0: 0x0000000080005270 (0x00fe99bb) sllw    s3, t4, a5
core   0: 1 0x0000000080005270 (0x00fe99bb) x19 0x0000000000000000
core   0: 0x0000000080005274 (0x02630a3b) mulw    s4, t1, t1
core   0: 1 0x0000000080005274 (0x02630a3b) x20 0x0000000000000000
core   0: 0x0000000080005278 (0x0ff0000f) fence   iorw,iorw
core   0: 1 0x0000000080005278 (0x0ff0000f)
core   0: 0x000000008000527c (0x2ac38653) fmin.d  fa2, ft7, fa2
core   0: 1 0x000000008000527c (0x2ac38653) f12 0xc1dfffe80a000000
core   0: 0x0000000080005280 (0x00f586b3) add     a3, a1, a5
core   0: 1 0x0000000080005280 (0x00f586b3) x13 0xffffffffffffffff
core   0: 0x0000000080005284 (0x02a06d33) rem     s10, zero, a0
core   0: 1 0x0000000080005284 (0x02a06d33) x26 0x0000000000000000
core   0: 0x0000000080005288 (0xdd8f7117) auipc   sp, 0xdd8f7
core   0: 1 0x0000000080005288 (0xdd8f7117) x2  0x000000005d8fc288
core   0: 0x000000008000528c (0x409ed5b3) sra     a1, t4, s1
core   0: 1 0x000000008000528c (0x409ed5b3) x11 0x0000000000000000
core   0: 0x0000000080005290 (0x00f4a8b3) slt     a7, s1, a5
core   0: 1 0x0000000080005290 (0x00f4a8b3) x17 0x0000000000000000
core   0: 0x0000000080005294 (0x00529ab3) sll     s5, t0, t0
core   0: 1 0x0000000080005294 (0x00529ab3) x21 0xd816c1ac4c278000
core   0: 0x0000000080005298 (0xe653881b) addiw   a6, t2, -411
core   0: 1 0x0000000080005298 (0xe653881b) x16 0xfffffffffffffe76
core   0: 0x000000008000529c (0xa3868253) fle.d   tp, fa3, fs8
core   0: 1 0x000000008000529c (0xa3868253) c1_fflags 0x000000000000001f x4  0x0000000000000000
core   0: 0x00000000800052a0 (0x0179dd9b) srliw   s11, s3, 23
core   0: 1 0x00000000800052a0 (0x0179dd9b) x27 0x0000000000000000
core   0: 0x00000000800052a4 (0x23bd8fd3) fsgnj.d ft11, fs11, fs11
core   0: 1 0x00000000800052a4 (0x23bd8fd3) f31 0x7ff8000000000000
core   0: 0x00000000800052a8 (0x0294ceb3) div     t4, s1, s1
core   0: 1 0x00000000800052a8 (0x0294ceb3) x29 0x0000000000000001
core   0: 0x00000000800052ac (0x0094cdb3) xor     s11, s1, s1
core   0: 1 0x00000000800052ac (0x0094cdb3) x27 0x0000000000000000
core   0: 0x00000000800052b0 (0x02131db3) mulh    s11, t1, ra
core   0: 1 0x00000000800052b0 (0x02131db3) x27 0x0000000000000000
core   0: 0x00000000800052b4 (0x00202d73) csrrs   s10, frm, zero
core   0: 1 0x00000000800052b4 (0x00202d73) x26 0x0000000000000000
core   0: 0x00000000800052b8 (0x401dfdd3) fcvt.s.d fs11, fs11
core   0: 1 0x00000000800052b8 (0x401dfdd3) f27 0xffffffff7fc00000
core   0: 0x00000000800052bc (0x0296ba33) mulhu   s4, a3, s1
core   0: 1 0x00000000800052bc (0x0296ba33) x20 0xfffffffffffffffe
core   0: 0x00000000800052c0 (0xdbb17f47) fmsub.d ft10, ft2, fs11, fs11
core   0: 1 0x00000000800052c0 (0xdbb17f47) f30 0x7ff8000000000000
core   0: 0x00000000800052c4 (0x03c8fe33) remu    t3, a7, t3
core   0: 1 0x00000000800052c4 (0x03c8fe33) x28 0x0000000000000000
core   0: 0x00000000800052c8 (0x6bd00097) auipc   ra, 0x6bd00
core   0: 1 0x00000000800052c8 (0x6bd00097) x1  0x00000000ebd052c8
core   0: 0x00000000800052cc (0x00002c05) c.addiw s8, 1
core   0: 1 0x00000000800052cc (0x2c05) x24 0x0000000000000001
core   0: 0x00000000800052ce (0x00d61d3b) sllw    s10, a2, a3
core   0: 1 0x00000000800052ce (0x00d61d3b) x26 0x0000000000000000
core   0: 0x00000000800052d2 (0x1428a4f3) csrrs   s1, scause, a7
core   0: 1 0x00000000800052d2 (0x1428a4f3) x9  0x0000000000000000 c322_scause 0x0000000000000000
core   0: 0x00000000800052d6 (0x00161173) csrrw   sp, fflags, a2
core   0: 1 0x00000000800052d6 (0x00161173) x2  0x000000000000001f c1_fflags 0x000000000000000a
core   0: 0x00000000800052da (0x031178b3) remu    a7, sp, a7
core   0: 1 0x00000000800052da (0x031178b3) x17 0x000000000000001f
core   0: 0x00000000800052de (0x03a8f853) fadd.d  fa6, fa7, fs10
core   0: 1 0x00000000800052de (0x03a8f853) f16 0x7ff8000000000000
core   0: 0x00000000800052e2 (0x7ffa8c1b) addiw   s8, s5, 2047
core   0: 1 0x00000000800052e2 (0x7ffa8c1b) x24 0x000000004c2787ff
core   0: 0x00000000800052e6 (0x0226db3b) divuw   s6, a3, sp
core   0: 1 0x00000000800052e6 (0x0226db3b) x22 0x0000000008421084
core   0: 0x00000000800052ea (0xd2130853) fcvt.d.wu fa6, t1
core   0: 1 0x00000000800052ea (0xd2130853) f16 0x0000000000000000
core   0: 0x00000000800052ee (0x00934733) xor     a4, t1, s1
core   0: 1 0x00000000800052ee (0x00934733) x14 0x0000000000000000
core   0: 0x00000000800052f2 (0x320e13f3) csrrw   t2, mcountinhibit, t3
core   0: exception trap_illegal_instruction, epc 0x00000000800052f2
core   0:           tval 0x00000000320e13f3
core   0: >>>>  $xrv64i2p1_m2p0_a2p1_f2p2_d2p2_zicsr2p0_zifencei2p0_zmmul1p0_zba1p0_zbb1p0_zbc1p0_zbs1p0
core   0: 0x0000000080004000 (0x0080006f) j       pc + 0x8
core   0: 3 0x0000000080004000 (0x0080006f)
core   0: >>>>  mmode_exception_handler
core   0: 0x0000000080004008 (0x00002c17) auipc   s8, 0x2
core   0: 3 0x0000000080004008 (0x00002c17) x24 0x0000000080006008
core   0: 0x000000008000400c (0xfd0c0c13) addi    s8, s8, -48
core   0: 3 0x000000008000400c (0xfd0c0c13) x24 0x0000000080005fd8
core   0: 0x0000000080004010 (0x000c00e7) jalr    s8
core   0: 3 0x0000000080004010 (0x000c00e7) x1  0x0000000080004014
core   0: >>>>  any_handler
core   0: 0x0000000080005fd8 (0x341027f3) csrrs   a5, mepc, zero
core   0: 3 0x0000000080005fd8 (0x341027f3) x15 0x00000000800052f2
core   0: 0x0000000080005fdc (0x34202773) csrrs   a4, mcause, zero
core   0: 3 0x0000000080005fdc (0x34202773) x14 0x0000000000000002
core   0: 0x0000000080005fe0 (0x142026f3) csrrs   a3, scause, zero
core   0: 3 0x0000000080005fe0 (0x142026f3) x13 0x0000000000000000
core   0: 0x0000000080005fe4 (0x30402673) csrrs   a2, mie, zero
core   0: 3 0x0000000080005fe4 (0x30402673) x12 0x0000000000000a00
core   0: 0x0000000080005fe8 (0x344025f3) csrrs   a1, mip, zero
core   0: 3 0x0000000080005fe8 (0x344025f3) x11 0x0000000000000080
core   0: 0x0000000080005fec (0x343025f3) csrrs   a1, mtval, zero
core   0: 3 0x0000000080005fec (0x343025f3) x11 0x00000000320e13f3
core   0: 0x0000000080005ff0 (0x14302573) csrrs   a0, stval, zero
core   0: 3 0x0000000080005ff0 (0x14302573) x10 0x0000000000000000
core   0: 0x0000000080005ff4 (0xb02024f3) csrrs   s1, minstret, zero
core   0: 3 0x0000000080005ff4 (0xb02024f3) x9  0x0000000000000eb6
core   0: 0x0000000080005ff8 (0x0000a811) c.j     pc + 20
core   0: 3 0x0000000080005ff8 (0xa811)
core   0: >>>>  mepc_4
core   0: 0x000000008000600c (0x00000791) c.addi  a5, 4
core   0: 3 0x000000008000600c (0x0791) x15 0x00000000800052f6
core   0: 0x000000008000600e (0x34179073) csrrw   zero, mepc, a5
core   0: 3 0x000000008000600e (0x34179073) c833_mepc 0x00000000800052f6
core   0: 0x0000000080006012 (0x30200073) mret
core   0: 3 0x0000000080006012 (0x30200073) c768_mstatus 0x8000000a00106080
core   0: 0x00000000800052f6 (0x428c5693) srai    a3, s8, 40
core   0: 1 0x00000000800052f6 (0x428c5693) x13 0x0000000000000000
core   0: 0x00000000800052fa (0x0019d81b) srliw   a6, s3, 1
core   0: 1 0x00000000800052fa (0x0019d81b) x16 0x0000000000000000
core   0: 0x00000000800052fe (0x21e27013) andi    zero, tp, 542
core   0: 1 0x00000000800052fe (0x21e27013)
core   0: 0x0000000080005302 (0x129673cb) fnmsub.d ft7, fa2, fs1, ft2
core   0: 1 0x0000000080005302 (0x129673cb) f7  0x7ff8000000000000
core   0: 0x0000000080005306 (0x41f2541b) sraiw   s0, tp, 31
core   0: 1 0x0000000080005306 (0x41f2541b) x8  0x0000000000000000
core   0: 0x000000008000530a (0x014a1cbb) sllw    s9, s4, s4
core   0: 1 0x000000008000530a (0x014a1cbb) x25 0xffffffff80000000
core   0: 0x000000008000530e (0xc024fbd3) fcvt.l.s s7, fs1
core   0: 1 0x000000008000530e (0xc024fbd3) c1_fflags 0x000000000000001a x23 0x7fffffffffffffff
core   0: 0x0000000080005312 (0xab687c47) fmsub.d fs8, fa6, fs6, fs5
core   0: 1 0x0000000080005312 (0xab687c47) f24 0x7ff8000000000000
core   0: 0x0000000080005316 (0xc201f6d3) fcvt.w.d a3, ft3
core   0: 1 0x0000000080005316 (0xc201f6d3) c1_fflags 0x000000000000001a x13 0x000000007fffffff
core   0: 0x000000008000531a (0xc027f4d3) fcvt.l.s s1, fa5
core   0: 1 0x000000008000531a (0xc027f4d3) c1_fflags 0x000000000000001a x9  0x7fffffffffffffff
core   0: 0x000000008000531e (0x03d1453b) divw    a0, sp, t4
core   0: 1 0x000000008000531e (0x03d1453b) x10 0x000000000000001f
core   0: 0x0000000080005322 (0x12abf553) fmul.d  fa0, fs7, fa0
core   0: 1 0x0000000080005322 (0x12abf553) f10 0x7ff8000000000000
core   0: 0x0000000080005326 (0x41d55cb3) sra     s9, a0, t4
core   0: 1 0x0000000080005326 (0x41d55cb3) x25 0x000000000000000f
core   0: 0x000000008000532a (0x41000eb3) sub     t4, zero, a6
core   0: 1 0x000000008000532a (0x41000eb3) x29 0x0000000000000000
core   0: 0x000000008000532e (0x002029f3) csrrs   s3, frm, zero
core   0: 1 0x000000008000532e (0x002029f3) x19 0x0000000000000000
core   0: 0x0000000080005332 (0xc03d7ed3) fcvt.lu.s t4, fs10
core   0: 1 0x0000000080005332 (0xc03d7ed3) c1_fflags 0x000000000000001a x29 0xffffffffffffffff
core   0: 0x0000000080005336 (0x01e19c13) slli    s8, gp, 30
core   0: 1 0x0000000080005336 (0x01e19c13) x24 0xffffffffc0000000
core   0: 0x000000008000533a (0x4008561b) sraiw   a2, a6, 0
core   0: 1 0x000000008000533a (0x4008561b) x12 0x0000000000000000
core   0: 0x000000008000533e (0xa35089d3) fle.d   s3, ft1, fs5
core   0: 1 0x000000008000533e (0xa35089d3) x19 0x0000000000000001
core   0: 0x0000000080005342 (0xe20a8cd3) fmv.x.d s9, fs5
core   0: 1 0x0000000080005342 (0xe20a8cd3) x25 0x4000000000000000
core   0: 0x0000000080005346 (0x121af5d3) fmul.d  fa1, fs5, ft1
core   0: 1 0x0000000080005346 (0x121af5d3) f11 0x0000000000000000
core   0: 0x000000008000534a (0xa21ff94f) fnmadd.d fs2, ft11, ft1, fs4
core   0: 1 0x000000008000534a (0xa21ff94f) f18 0x7ff8000000000000
core   0: 0x000000008000534e (0x0086951b) slliw   a0, a3, 8
core   0: 1 0x000000008000534e (0x0086951b) x10 0xffffffffffffff00
core   0: 0x0000000080005352 (0x4114d4b3) sra     s1, s1, a7
core   0: 1 0x0000000080005352 (0x4114d4b3) x9  0x00000000ffffffff
core   0: 0x0000000080005356 (0x02422533) mulhsu  a0, tp, tp
core   0: 1 0x0000000080005356 (0x02422533) x10 0x0000000000000000
core   0: 0x000000008000535a (0x2ed34313) xori    t1, t1, 749
core   0: 1 0x000000008000535a (0x2ed34313) x6  0x00000000000002ed
core   0: 0x000000008000535e (0x41230cb3) sub     s9, t1, s2
core   0: 1 0x000000008000535e (0x41230cb3) x25 0x00000000000005a2
core   0: 0x0000000080005362 (0x7ffc829b) addiw   t0, s9, 2047
core   0: 1 0x0000000080005362 (0x7ffc829b) x5  0x0000000000000da1
core   0: 0x0000000080005366 (0x43777bcb) fnmsub.d fs7, fa4, fs7, fs0
core   0: 1 0x0000000080005366 (0x43777bcb) f23 0x7ff8000000000000
core   0: 0x000000008000536a (0x41dcd91b) sraiw   s2, s9, 29
core   0: 1 0x000000008000536a (0x41dcd91b) x18 0x0000000000000000
core   0: 0x000000008000536e (0x0164edb3) or      s11, s1, s6
core   0: 1 0x000000008000536e (0x0164edb3) x27 0x00000000ffffffff
core   0: 0x0000000080005372 (0x22380fd3) fsgnj.d ft11, fa6, ft3
core   0: 1 0x0000000080005372 (0x22380fd3) f31 0x8000000000000000
core   0: 0x0000000080005376 (0xc27873cf) fnmadd.d ft7, fa6, ft7, fs8
core   0: 1 0x0000000080005376 (0xc27873cf) f7  0x7ff8000000000000
core   0: 0x000000008000537a (0x03173633) mulhu   a2, a4, a7
core   0: 1 0x000000008000537a (0x03173633) x12 0x0000000000000000
core   0: 0x000000008000537e (0x00202373) csrrs   t1, frm, zero
core   0: 1 0x000000008000537e (0x00202373) x6  0x0000000000000000
core   0: 0x0000000080005382 (0x03834c3b) divw    s8, t1, s8
core   0: 1 0x0000000080005382 (0x03834c3b) x24 0x0000000000000000
core   0: 0x0000000080005386 (0x00000001) c.nop
core   0: 1 0x0000000080005386 (0x0001)
core   0: 0x0000000080005388 (0x0012069b) addiw   a3, tp, 1
core   0: 1 0x0000000080005388 (0x0012069b) x13 0x0000000000000001
core   0: 0x000000008000538c (0x22740453) fsgnj.d fs0, fs0, ft7
core   0: 1 0x000000008000538c (0x22740453) f8  0x7fffffff00000000
core   0: 0x0000000080005390 (0xd20d0e53) fcvt.d.w ft8, s10
core   0: 1 0x0000000080005390 (0xd20d0e53) f28 0x0000000000000000
core   0: 0x0000000080005394 (0x403c5413) srai    s0, s8, 3
core   0: 1 0x0000000080005394 (0x403c5413) x8  0x0000000000000000
core   0: 0x0000000080005398 (0x03b1bab3) mulhu   s5, gp, s11
core   0: 1 0x0000000080005398 (0x03b1bab3) x21 0x00000000fffffffe
core   0: 0x000000008000539c (0x01ad113b) sllw    sp, s10, s10
core   0: 1 0x000000008000539c (0x01ad113b) x2  0x0000000000000000
core   0: 0x00000000800053a0 (0x028bcbbb) divw    s7, s7, s0
core   0: 1 0x00000000800053a0 (0x028bcbbb) x23 0xffffffffffffffff
core   0: 0x00000000800053a4 (0x022b9993) slli    s3, s7, 34
core   0: 1 0x00000000800053a4 (0x022b9993) x19 0xfffffffc00000000
core   0: 0x00000000800053a8 (0x2be79153) fmax.d  ft2, fa5, ft10
core   0: 1 0x00000000800053a8 (0x2be79153) f2  0x0000000000000000
core   0: 0x00000000800053ac (0x03209d33) mulh    s10, ra, s2
core   0: 1 0x00000000800053ac (0x03209d33) x26 0x0000000000000000
core   0: 0x00000000800053b0 (0x22a41453) fsgnjn.d fs0, fs0, fa0
core   0: 1 0x00000000800053b0 (0x22a41453) f8  0xffffffff00000000
core   0: 0x00000000800053b4 (0x0ff0000f) fence   iorw,iorw
core   0: 1 0x00000000800053b4 (0x0ff0000f)
core   0: 0x00000000800053b8 (0x01a7c833) xor     a6, a5, s10
core   0: 1 0x00000000800053b8 (0x01a7c833) x16 0x00000000800052f6
core   0: 0x00000000800053bc (0x00041933) sll     s2, s0, zero
core   0: 1 0x00000000800053bc (0x00041933) x18 0x0000000000000000
core   0: 0x00000000800053c0 (0xe3347c93) andi    s9, s0, -461
core   0: 1 0x00000000800053c0 (0xe3347c93) x25 0x0000000000000000
core   0: 0x00000000800053c4 (0x03996cbb) remw    s9, s2, s9
core   0: 1 0x00000000800053c4 (0x03996cbb) x25 0x0000000000000000
core   0: 0x00000000800053c8 (0x031488b3) mul     a7, s1, a7
core   0: 1 0x00000000800053c8 (0x031488b3) x17 0x0000001effffffe1
core   0: 0x00000000800053cc (0xc028fd53) fcvt.l.s s10, fa7
core   0: 1 0x00000000800053cc (0xc028fd53) c1_fflags 0x000000000000001a x26 0x7fffffffffffffff
core   0: 0x00000000800053d0 (0x2a891953) fmax.d  fs2, fs2, fs0
core   0: 1 0x00000000800053d0 (0x2a891953) f18 0x7ff8000000000000
core   0: 0x00000000800053d4 (0x031b49bb) divw    s3, s6, a7
core   0: 1 0x00000000800053d4 (0x031b49bb) x19 0xffffffffffbbcdec
core   0: 0x00000000800053d8 (0x0ff0000f) fence   iorw,iorw
core   0: 1 0x00000000800053d8 (0x0ff0000f)
core   0: 0x00000000800053dc (0x0262883b) mulw    a6, t0, t1
core   0: 1 0x00000000800053dc (0x0262883b) x16 0x0000000000000000
core   0: 0x00000000800053e0 (0x40995613) srai    a2, s2, 9
core   0: 1 0x00000000800053e0 (0x40995613) x12 0x0000000000000000
core   0: 0x00000000800053e4 (0x015615bb) sllw    a1, a2, s5
core   0: 1 0x00000000800053e4 (0x015615bb) x11 0x0000000000000000
core   0: 0x00000000800053e8 (0x0042813b) addw    sp, t0, tp
core   0: 1 0x00000000800053e8 (0x0042813b) x2  0x0000000000000da1
core   0: 0x00000000800053ec (0x00bc8eb3) add     t4, s9, a1
core   0: 1 0x00000000800053ec (0x00bc8eb3) x29 0x0000000000000000
core   0: 0x00000000800053f0 (0x0303d593) srli    a1, t2, 48
core   0: 1 0x00000000800053f0 (0x0303d593) x11 0x0000000000000000
core   0: 0x00000000800053f4 (0x0a0a7ed3) fsub.d  ft9, fs4, ft0
core   0: 1 0x00000000800053f4 (0x0a0a7ed3) f29 0x7ff8000000000000
core   0: 0x00000000800053f8 (0x1adef443) fmadd.d fs0, ft9, fa3, ft3
core   0: 1 0x00000000800053f8 (0x1adef443) f8  0x7ff8000000000000
core   0: 0x00000000800053fc (0x7ff68513) addi    a0, a3, 2047
core   0: 1 0x00000000800053fc (0x7ff68513) x10 0x0000000000000800
core   0: 0x0000000080005400 (0xc02cfd53) fcvt.l.s s10, fs9
core   0: 1 0x0000000080005400 (0xc02cfd53) c1_fflags 0x000000000000001a x26 0x7fffffffffffffff
core   0: 0x0000000080005404 (0x038b90b3) mulh    ra, s7, s8
core   0: 1 0x0000000080005404 (0x038b90b3) x1  0x0000000000000000
core   0: 0x0000000080005408 (0xc211f553) fcvt.wu.d a0, ft3
core   0: 1 0x0000000080005408 (0xc211f553) c1_fflags 0x000000000000001a x10 0xffffffffffffffff
core   0: 0x000000008000540c (0x0a7e73d3) fsub.d  ft7, ft8, ft7
core   0: 1 0x000000008000540c (0x0a7e73d3) f7  0x7ff8000000000000
core   0: 0x0000000080005410 (0x00f54e33) xor     t3, a0, a5
core   0: 1 0x0000000080005410 (0x00f54e33) x28 0xffffffff7fffad09
core   0: 0x0000000080005414 (0x00008212) c.mv    tp, tp
core   0: 1 0x0000000080005414 (0x8212) x4  0x0000000000000000
core   0: 0x0000000080005416 (0x40125a93) srai    s5, tp, 1
core   0: 1 0x0000000080005416 (0x40125a93) x21 0x0000000000000000
core   0: 0x000000008000541a (0x01fd979b) slliw   a5, s11, 31
core   0: 1 0x000000008000541a (0x01fd979b) x15 0xffffffff80000000
core   0: 0x000000008000541e (0xed67f613) andi    a2, a5, -298
core   0: 1 0x000000008000541e (0xed67f613) x12 0xffffffff80000000
core   0: 0x0000000080005422 (0xd029f9d3) fcvt.s.l fs3, s3
core   0: 1 0x0000000080005422 (0xd029f9d3) f19 0xffffffffca886428
core   0: 0x0000000080005426 (0xe20e0653) fmv.x.d a2, ft8
core   0: 1 0x0000000080005426 (0xe20e0653) x12 0x0000000000000000
core   0: 0x000000008000542a (0x00202e73) csrrs   t3, frm, zero
core   0: 1 0x000000008000542a (0x00202e73) x28 0x0000000000000000
core   0: 0x000000008000542e (0xc20579d3) fcvt.w.d s3, fa0
core   0: 1 0x000000008000542e (0xc20579d3) c1_fflags 0x000000000000001a x19 0x000000007fffffff
core   0: 0x0000000080005432 (0x02011133) mulh    sp, sp, zero
core   0: 1 0x0000000080005432 (0x02011133) x2  0x0000000000000000
core   0: 0x0000000080005436 (0x40f3d51b) sraiw   a0, t2, 15
core   0: 1 0x0000000080005436 (0x40f3d51b) x10 0x0000000000000000
core   0: 0x000000008000543a (0xd02df6d3) fcvt.s.l fa3, s11
core   0: 1 0x000000008000543a (0xd02df6d3) c1_fflags 0x000000000000001b f13 0xffffffff4f800000
core   0: 0x000000008000543e (0x532b6193) ori     gp, s6, 1330
core   0: 1 0x000000008000543e (0x532b6193) x3  0x00000000084215b6
core   0: 0x0000000080005442 (0x7ffb6493) ori     s1, s6, 2047
core   0: 1 0x0000000080005442 (0x7ffb6493) x9  0x00000000084217ff
core   0: 0x0000000080005446 (0x0236d6bb) divuw   a3, a3, gp
core   0: 1 0x0000000080005446 (0x0236d6bb) x13 0x0000000000000000
core   0: 0x000000008000544a (0x00fa02bb) addw    t0, s4, a5
core   0: 1 0x000000008000544a (0x00fa02bb) x5  0x000000007ffffffe
core   0: 0x000000008000544e (0xca847443) fmadd.d fs0, fs0, fs0, fs9
core   0: 1 0x000000008000544e (0xca847443) f8  0x7ff8000000000000
core   0: 0x0000000080005452 (0x00155013) srli    zero, a0, 1
core   0: 1 0x0000000080005452 (0x00155013)
core   0: 0x0000000080005456 (0xc020f3d3) fcvt.l.s t2, ft1
core   0: 1 0x0000000080005456 (0xc020f3d3) c1_fflags 0x000000000000001b x7  0x7fffffffffffffff
core   0: 0x000000008000545a (0x00e7573b) srlw    a4, a4, a4
core   0: 1 0x000000008000545a (0x00e7573b) x14 0x0000000000000000
core   0: 0x000000008000545e (0xd0397bd3) fcvt.s.lu fs7, s2
core   0: 1 0x000000008000545e (0xd0397bd3) f23 0xffffffff00000000
core   0: 0x0000000080005462 (0x00000001) c.nop
core   0: 1 0x0000000080005462 (0x0001)
core   0: 0x0000000080005464 (0x01875d93) srli    s11, a4, 24
core   0: 1 0x0000000080005464 (0x01875d93) x27 0x0000000000000000
core   0: 0x0000000080005468 (0xc04838f3) csrrc   a7, hpmcounter4, a6
core   0: exception trap_illegal_instruction, epc 0x0000000080005468
core   0:           tval 0x00000000c04838f3
core   0: >>>>  $xrv64i2p1_m2p0_a2p1_f2p2_d2p2_zicsr2p0_zifencei2p0_zmmul1p0_zba1p0_zbb1p0_zbc1p0_zbs1p0
core   0: 0x0000000080004000 (0x0080006f) j       pc + 0x8
core   0: 3 0x0000000080004000 (0x0080006f)
core   0: >>>>  mmode_exception_handler
core   0: 0x0000000080004008 (0x00002c17) auipc   s8, 0x2
core   0: 3 0x0000000080004008 (0x00002c17) x24 0x0000000080006008
core   0: 0x000000008000400c (0xfd0c0c13) addi    s8, s8, -48
core   0: 3 0x000000008000400c (0xfd0c0c13) x24 0x0000000080005fd8
core   0: 0x0000000080004010 (0x000c00e7) jalr    s8
core   0: 3 0x0000000080004010 (0x000c00e7) x1  0x0000000080004014
core   0: >>>>  any_handler
core   0: 0x0000000080005fd8 (0x341027f3) csrrs   a5, mepc, zero
core   0: 3 0x0000000080005fd8 (0x341027f3) x15 0x0000000080005468
core   0: 0x0000000080005fdc (0x34202773) csrrs   a4, mcause, zero
core   0: 3 0x0000000080005fdc (0x34202773) x14 0x0000000000000002
core   0: 0x0000000080005fe0 (0x142026f3) csrrs   a3, scause, zero
core   0: 3 0x0000000080005fe0 (0x142026f3) x13 0x0000000000000000
core   0: 0x0000000080005fe4 (0x30402673) csrrs   a2, mie, zero
core   0: 3 0x0000000080005fe4 (0x30402673) x12 0x0000000000000a00
core   0: 0x0000000080005fe8 (0x344025f3) csrrs   a1, mip, zero
core   0: 3 0x0000000080005fe8 (0x344025f3) x11 0x0000000000000080
core   0: 0x0000000080005fec (0x343025f3) csrrs   a1, mtval, zero
core   0: 3 0x0000000080005fec (0x343025f3) x11 0x00000000c04838f3
core   0: 0x0000000080005ff0 (0x14302573) csrrs   a0, stval, zero
core   0: 3 0x0000000080005ff0 (0x14302573) x10 0x0000000000000000
core   0: 0x0000000080005ff4 (0xb02024f3) csrrs   s1, minstret, zero
core   0: 3 0x0000000080005ff4 (0xb02024f3) x9  0x0000000000000f24
core   0: 0x0000000080005ff8 (0x0000a811) c.j     pc + 20
core   0: 3 0x0000000080005ff8 (0xa811)
core   0: >>>>  mepc_4
core   0: 0x000000008000600c (0x00000791) c.addi  a5, 4
core   0: 3 0x000000008000600c (0x0791) x15 0x000000008000546c
core   0: 0x000000008000600e (0x34179073) csrrw   zero, mepc, a5
core   0: 3 0x000000008000600e (0x34179073) c833_mepc 0x000000008000546c
core   0: 0x0000000080006012 (0x30200073) mret
core   0: 3 0x0000000080006012 (0x30200073) c768_mstatus 0x8000000a00106080
core   0: 0x000000008000546c (0x00189cf3) csrrw   s9, fflags, a7
core   0: 1 0x000000008000546c (0x00189cf3) x25 0x000000000000001b c1_fflags 0x0000000000000001
core   0: 0x0000000080005470 (0x0326b933) mulhu   s2, a3, s2
core   0: 1 0x0000000080005470 (0x0326b933) x18 0x0000000000000000
core   0: 0x0000000080005474 (0x007e03bb) addw    t2, t3, t2
core   0: 1 0x0000000080005474 (0x007e03bb) x7  0xffffffffffffffff
core   0: 0x0000000080005478 (0x401f7c53) fcvt.s.d fs8, ft10
core   0: 1 0x0000000080005478 (0x401f7c53) f24 0xffffffff7fc00000
core   0: 0x000000008000547c (0x001028f3) csrrs   a7, fflags, zero
core   0: 1 0x000000008000547c (0x001028f3) x17 0x0000000000000001
core   0: 0x0000000080005480 (0x0008d633) srl     a2, a7, zero
core   0: 1 0x0000000080005480 (0x0008d633) x12 0x0000000000000001
core   0: 0x0000000080005484 (0x40c658bb) sraw    a7, a2, a2
core   0: 1 0x0000000080005484 (0x40c658bb) x17 0x0000000000000000
core   0: 0x0000000080005488 (0x0077e233) or      tp, a5, t2
core   0: 1 0x0000000080005488 (0x0077e233) x4  0xffffffffffffffff
core   0: 0x000000008000548c (0x401edeb3) sra     t4, t4, ra
core   0: 1 0x000000008000548c (0x401edeb3) x29 0x0000000000000000
core   0: 0x0000000080005490 (0x030827b3) mulhsu  a5, a6, a6
core   0: 1 0x0000000080005490 (0x030827b3) x15 0x0000000000000000
core   0: 0x0000000080005494 (0xc23f70d3) fcvt.lu.d ra, ft10
core   0: 1 0x0000000080005494 (0xc23f70d3) c1_fflags 0x0000000000000011 x1  0xffffffffffffffff
core   0: 0x0000000080005498 (0x02fc3033) mulhu   zero, s8, a5
core   0: 1 0x0000000080005498 (0x02fc3033)
core   0: 0x000000008000549c (0x4194063b) subw    a2, s0, s9
core   0: 1 0x000000008000549c (0x4194063b) x12 0xffffffffffffffe5
core   0: 0x00000000800054a0 (0x23af2d53) fsgnjx.d fs10, ft10, fs10
core   0: 1 0x00000000800054a0 (0x23af2d53) f26 0xfff8000000000000
core   0: 0x00000000800054a4 (0x001617f3) csrrw   a5, fflags, a2
core   0: 1 0x00000000800054a4 (0x001617f3) x15 0x0000000000000011 c1_fflags 0x0000000000000005
core   0: 0x00000000800054a8 (0x00102df3) csrrs   s11, fflags, zero
core   0: 1 0x00000000800054a8 (0x00102df3) x27 0x0000000000000005
core   0: 0x00000000800054ac (0xd029fcd3) fcvt.s.l fs9, s3
core   0: 1 0x00000000800054ac (0xd029fcd3) c1_fflags 0x0000000000000005 f25 0xffffffff4f000000
core   0: 0x00000000800054b0 (0xd03df453) fcvt.s.lu fs0, s11
core   0: 1 0x00000000800054b0 (0xd03df453) f8  0xffffffff40a00000
core   0: 0x00000000800054b4 (0xc0347153) fcvt.lu.s sp, fs0
core   0: 1 0x00000000800054b4 (0xc0347153) x2  0x0000000000000005
core   0: 0x00000000800054b8 (0x03c1523b) divuw   tp, sp, t3
core   0: 1 0x00000000800054b8 (0x03c1523b) x4  0xffffffffffffffff
core   0: 0x00000000800054bc (0x0000d21b) srliw   tp, ra, 0
core   0: 1 0x00000000800054bc (0x0000d21b) x4  0xffffffffffffffff
core   0: 0x00000000800054c0 (0xc0357b53) fcvt.lu.s s6, fa0
core   0: 1 0x00000000800054c0 (0xc0357b53) c1_fflags 0x0000000000000015 x22 0xffffffffffffffff
core   0: 0x00000000800054c4 (0x432ed793) srai    a5, t4, 50
core   0: 1 0x00000000800054c4 (0x432ed793) x15 0x0000000000000000
core   0: 0x00000000800054c8 (0x014999bb) sllw    s3, s3, s4
core   0: 1 0x00000000800054c8 (0x014999bb) x19 0xffffffffc0000000
core   0: 0x00000000800054cc (0x0ff0000f) fence   iorw,iorw
core   0: 1 0x00000000800054cc (0x0ff0000f)
core   0: 0x00000000800054d0 (0x80038a13) addi    s4, t2, -2048
core   0: 1 0x00000000800054d0 (0x80038a13) x20 0xfffffffffffff7ff
core   0: 0x00000000800054d4 (0x01b0e533) or      a0, ra, s11
core   0: 1 0x00000000800054d4 (0x01b0e533) x10 0xffffffffffffffff
core   0: 0x00000000800054d8 (0x62a87847) fmsub.d fa6, fa6, fa0, fa2
core   0: 1 0x00000000800054d8 (0x62a87847) f16 0x7ff8000000000000
core   0: 0x00000000800054dc (0x80052313) slti    t1, a0, -2048
core   0: 1 0x00000000800054dc (0x80052313) x6  0x0000000000000000
core   0: 0x00000000800054e0 (0x002699f3) csrrw   s3, frm, a3
core   0: 1 0x00000000800054e0 (0x002699f3) x19 0x0000000000000000 c2_frm 0x0000000000000000
core   0: 0x00000000800054e4 (0xc20cfc53) fcvt.w.d s8, fs9
core   0: 1 0x00000000800054e4 (0xc20cfc53) c1_fflags 0x0000000000000015 x24 0x000000007fffffff
core   0: 0x00000000800054e8 (0x63218237) lui     tp, 0x63218
core   0: 1 0x00000000800054e8 (0x63218237) x4  0x0000000063218000
core   0: 0x00000000800054ec (0x2a5612d3) fmax.d  ft5, fa2, ft5
core   0: 1 0x00000000800054ec (0x2a5612d3) f5  0xc1dfffe80a000000
core   0: 0x00000000800054f0 (0x004c5d3b) srlw    s10, s8, tp
core   0: 1 0x00000000800054f0 (0x004c5d3b) x26 0x000000007fffffff
core   0: 0x00000000800054f4 (0x04b71cb7) lui     s9, 0x4b71
core   0: 1 0x00000000800054f4 (0x04b71cb7) x25 0x0000000004b71000
core   0: 0x00000000800054f8 (0x32bc8c9b) addiw   s9, s9, 811
core   0: 1 0x00000000800054f8 (0x32bc8c9b) x25 0x0000000004b7132b
core   0: 0x00000000800054fc (0x00000cb2) c.slli  s9, 12
core   0: 1 0x00000000800054fc (0x0cb2) x25 0x0000004b7132b000
core   0: 0x00000000800054fe (0xe58c8c93) addi    s9, s9, -424
core   0: 1 0x00000000800054fe (0xe58c8c93) x25 0x0000004b7132ae58
core   0: 0x0000000080005502 (0x400c541b) sraiw   s0, s8, 0
core   0: 1 0x0000000080005502 (0x400c541b) x8  0x000000007fffffff
core   0: 0x0000000080005506 (0xc204f6d3) fcvt.w.d a3, fs1
core   0: 1 0x0000000080005506 (0xc204f6d3) x13 0x000000003d3ee77e
core   0: 0x000000008000550a (0x00000001) c.nop
core   0: 1 0x000000008000550a (0x0001)
core   0: 0x000000008000550c (0x0084a4b3) slt     s1, s1, s0
core   0: 1 0x000000008000550c (0x0084a4b3) x9  0x0000000000000001
core   0: 0x0000000080005510 (0x01bda7b3) slt     a5, s11, s11
core   0: 1 0x0000000080005510 (0x01bda7b3) x15 0x0000000000000000
core   0: 0x0000000080005514 (0x01229b9b) slliw   s7, t0, 18
core   0: 1 0x0000000080005514 (0x01229b9b) x23 0xfffffffffff80000
core   0: 0x0000000080005518 (0x01755313) srli    t1, a0, 23
core   0: 1 0x0000000080005518 (0x01755313) x6  0x000001ffffffffff
core   0: 0x000000008000551c (0x0319abb3) mulhsu  s7, s3, a7
core   0: 1 0x000000008000551c (0x0319abb3) x23 0x0000000000000000
core   0: 0x0000000080005520 (0x02468d33) mul     s10, a3, tp
core   0: 1 0x0000000080005520 (0x02468d33) x26 0x17b7574104fd0000
core   0: 0x0000000080005524 (0x01631ebb) sllw    t4, t1, s6
core   0: 1 0x0000000080005524 (0x01631ebb) x29 0xffffffff80000000
core   0: 0x0000000080005528 (0x5a0d7753) fsqrt.d fa4, fs10
core   0: 1 0x0000000080005528 (0x5a0d7753) f14 0x7ff8000000000000
core   0: 0x000000008000552c (0x41c6d6b3) sra     a3, a3, t3
core   0: 1 0x000000008000552c (0x41c6d6b3) x13 0x000000003d3ee77e
core   0: 0x0000000080005530 (0x4101d1bb) sraw    gp, gp, a6
core   0: 1 0x0000000080005530 (0x4101d1bb) x3  0x00000000084215b6
core   0: 0x0000000080005534 (0xafeb6913) ori     s2, s6, -1282
core   0: 1 0x0000000080005534 (0xafeb6913) x18 0xffffffffffffffff
core   0: 0x0000000080005538 (0x021ae7bb) remw    a5, s5, ra
core   0: 1 0x0000000080005538 (0x021ae7bb) x15 0x0000000000000000
core   0: 0x000000008000553c (0x03ea7f53) fadd.d  ft10, fs4, ft10
core   0: 1 0x000000008000553c (0x03ea7f53) f30 0x7ff8000000000000
core   0: 0x0000000080005540 (0x41b784bb) subw    s1, a5, s11
core   0: 1 0x0000000080005540 (0x41b784bb) x9  0xfffffffffffffffb
core   0: 0x0000000080005544 (0x4322724b) fnmsub.d ft4, ft4, fs2, fs0
core   0: 1 0x0000000080005544 (0x4322724b) f4  0x7ff8000000000000
core   0: 0x0000000080005548 (0x2bec01d3) fmin.d  ft3, fs8, ft10
core   0: 1 0x0000000080005548 (0x2bec01d3) f3  0x7ff8000000000000
core   0: 0x000000008000554c (0x13b17dd3) fmul.d  fs11, ft2, fs11
core   0: 1 0x000000008000554c (0x13b17dd3) f27 0x7ff8000000000000
core   0: 0x0000000080005550 (0xc0571773) csrrw   a4, hpmcounter5, a4
core   0: exception trap_illegal_instruction, epc 0x0000000080005550
core   0:           tval 0x00000000c0571773
core   0: >>>>  $xrv64i2p1_m2p0_a2p1_f2p2_d2p2_zicsr2p0_zifencei2p0_zmmul1p0_zba1p0_zbb1p0_zbc1p0_zbs1p0
core   0: 0x0000000080004000 (0x0080006f) j       pc + 0x8
core   0: 3 0x0000000080004000 (0x0080006f)
core   0: >>>>  mmode_exception_handler
core   0: 0x0000000080004008 (0x00002c17) auipc   s8, 0x2
core   0: 3 0x0000000080004008 (0x00002c17) x24 0x0000000080006008
core   0: 0x000000008000400c (0xfd0c0c13) addi    s8, s8, -48
core   0: 3 0x000000008000400c (0xfd0c0c13) x24 0x0000000080005fd8
core   0: 0x0000000080004010 (0x000c00e7) jalr    s8
core   0: 3 0x0000000080004010 (0x000c00e7) x1  0x0000000080004014
core   0: >>>>  any_handler
core   0: 0x0000000080005fd8 (0x341027f3) csrrs   a5, mepc, zero
core   0: 3 0x0000000080005fd8 (0x341027f3) x15 0x0000000080005550
core   0: 0x0000000080005fdc (0x34202773) csrrs   a4, mcause, zero
core   0: 3 0x0000000080005fdc (0x34202773) x14 0x0000000000000002
core   0: 0x0000000080005fe0 (0x142026f3) csrrs   a3, scause, zero
core   0: 3 0x0000000080005fe0 (0x142026f3) x13 0x0000000000000000
core   0: 0x0000000080005fe4 (0x30402673) csrrs   a2, mie, zero
core   0: 3 0x0000000080005fe4 (0x30402673) x12 0x0000000000000a00
core   0: 0x0000000080005fe8 (0x344025f3) csrrs   a1, mip, zero
core   0: 3 0x0000000080005fe8 (0x344025f3) x11 0x0000000000000080
core   0: 0x0000000080005fec (0x343025f3) csrrs   a1, mtval, zero
core   0: 3 0x0000000080005fec (0x343025f3) x11 0x00000000c0571773
core   0: 0x0000000080005ff0 (0x14302573) csrrs   a0, stval, zero
core   0: 3 0x0000000080005ff0 (0x14302573) x10 0x0000000000000000
core   0: 0x0000000080005ff4 (0xb02024f3) csrrs   s1, minstret, zero
core   0: 3 0x0000000080005ff4 (0xb02024f3) x9  0x0000000000000f6e
core   0: 0x0000000080005ff8 (0x0000a811) c.j     pc + 20
core   0: 3 0x0000000080005ff8 (0xa811)
core   0: >>>>  mepc_4
core   0: 0x000000008000600c (0x00000791) c.addi  a5, 4
core   0: 3 0x000000008000600c (0x0791) x15 0x0000000080005554
core   0: 0x000000008000600e (0x34179073) csrrw   zero, mepc, a5
core   0: 3 0x000000008000600e (0x34179073) c833_mepc 0x0000000080005554
core   0: 0x0000000080006012 (0x30200073) mret
core   0: 3 0x0000000080006012 (0x30200073) c768_mstatus 0x8000000a00106080
core   0: 0x0000000080005554 (0x41d2de13) srai    t3, t0, 29
core   0: 1 0x0000000080005554 (0x41d2de13) x28 0x0000000000000003
core   0: 0x0000000080005558 (0x0332a9b3) mulhsu  s3, t0, s3
core   0: 1 0x0000000080005558 (0x0332a9b3) x19 0x0000000000000000
core   0: 0x000000008000555c (0x41f9d41b) sraiw   s0, s3, 31
core   0: 1 0x000000008000555c (0x41f9d41b) x8  0x0000000000000000
core   0: 0x0000000080005560 (0xc21374d3) fcvt.wu.d s1, ft6
core   0: 1 0x0000000080005560 (0xc21374d3) c1_fflags 0x0000000000000015 x9  0xffffffffffffffff
core   0: 0x0000000080005564 (0x22bfa3d3) fsgnjx.d ft7, ft11, fa1
core   0: 1 0x0000000080005564 (0x22bfa3d3) f7  0x8000000000000000
core   0: 0x0000000080005568 (0x000c9713) slli    a4, s9, 0
core   0: 1 0x0000000080005568 (0x000c9713) x14 0x0000004b7132ae58
core   0: 0x000000008000556c (0x233115d3) fsgnjn.d fa1, ft2, fs3
core   0: 1 0x000000008000556c (0x233115d3) f11 0x0000000000000000
core   0: 0x0000000080005570 (0x01470eb3) add     t4, a4, s4
core   0: 1 0x0000000080005570 (0x01470eb3) x29 0x0000004b7132a657
core   0: 0x0000000080005574 (0x1a590293) addi    t0, s2, 421
core   0: 1 0x0000000080005574 (0x1a590293) x5  0x00000000000001a4
core   0: 0x0000000080005578 (0x122170c3) fmadd.d ft1, ft2, ft2, ft2
core   0: 1 0x0000000080005578 (0x122170c3) f1  0x0000000000000000
core   0: 0x000000008000557c (0x00000001) c.nop
core   0: 1 0x000000008000557c (0x0001)
core   0: 0x000000008000557e (0x00202173) csrrs   sp, frm, zero
core   0: 1 0x000000008000557e (0x00202173) x2  0x0000000000000000
core   0: 0x0000000080005582 (0x40e70a3b) subw    s4, a4, a4
core   0: 1 0x0000000080005582 (0x40e70a3b) x20 0x0000000000000000
core   0: 0x0000000080005586 (0x002599f3) csrrw   s3, frm, a1
core   0: 1 0x0000000080005586 (0x002599f3) x19 0x0000000000000000 c2_frm 0x0000000000000003
core   0: 0x000000008000558a (0x0007d413) srli    s0, a5, 0
core   0: 1 0x000000008000558a (0x0007d413) x8  0x0000000080005554
core   0: 0x000000008000558e (0x01526233) or      tp, tp, s5
core   0: 1 0x000000008000558e (0x01526233) x4  0x0000000063218000
core   0: 0x0000000080005592 (0x452cce17) auipc   t3, 0x452cc
core   0: 1 0x0000000080005592 (0x452cce17) x28 0x00000000c52d1592
core   0: 0x0000000080005596 (0x419cda33) sra     s4, s9, s9
core   0: 1 0x0000000080005596 (0x419cda33) x20 0x0000000000004b71
core   0: 0x000000008000559a (0xd2000953) fcvt.d.w fs2, zero
core   0: 1 0x000000008000559a (0xd2000953) f18 0x0000000000000000
core   0: 0x000000008000559e (0x002b9bf3) csrrw   s7, frm, s7
core   0: 1 0x000000008000559e (0x002b9bf3) x23 0x0000000000000003 c2_frm 0x0000000000000000
core   0: 0x00000000800055a2 (0x2b774b17) auipc   s6, 0x2b774
core   0: 1 0x00000000800055a2 (0x2b774b17) x22 0x00000000ab7795a2
core   0: 0x00000000800055a6 (0xf2030753) fmv.d.x fa4, t1
core   0: 1 0x00000000800055a6 (0xf2030753) f14 0x000001ffffffffff
core   0: 0x00000000800055aa (0x40197bd3) fcvt.s.d fs7, fs2
core   0: 1 0x00000000800055aa (0x40197bd3) f23 0xffffffff00000000
core   0: 0x00000000800055ae (0xc02bfad3) fcvt.l.s s5, fs7
core   0: 1 0x00000000800055ae (0xc02bfad3) x21 0x0000000000000000
core   0: 0x00000000800055b2 (0x002028f3) csrrs   a7, frm, zero
core   0: 1 0x00000000800055b2 (0x002028f3) x17 0x0000000000000000
core   0: 0x00000000800055b6 (0x02a736b3) mulhu   a3, a4, a0
core   0: 1 0x00000000800055b6 (0x02a736b3) x13 0x0000000000000000
core   0: 0x00000000800055ba (0x4268de93) srai    t4, a7, 38
core   0: 1 0x00000000800055ba (0x4268de93) x29 0x0000000000000000
core   0: 0x00000000800055be (0x40b1d7b3) sra     a5, gp, a1
core   0: 1 0x00000000800055be (0x40b1d7b3) x15 0x0000000000000000
core   0: 0x00000000800055c2 (0x4013fed3) fcvt.s.d ft9, ft7
core   0: 1 0x00000000800055c2 (0x4013fed3) f29 0xffffffff80000000
core   0: 0x00000000800055c6 (0x000b8e1b) sext.w  t3, s7
core   0: 1 0x00000000800055c6 (0x000b8e1b) x28 0x0000000000000003
core   0: 0x00000000800055ca (0x2ac38653) fmin.d  fa2, ft7, fa2
core   0: 1 0x00000000800055ca (0x2ac38653) f12 0xc1dfffe80a000000
core   0: 0x00000000800055ce (0x0383fc3b) remuw   s8, t2, s8
core   0: 1 0x00000000800055ce (0x0383fc3b) x24 0x000000007fffa027
core   0: 0x00000000800055d2 (0x02717eb3) remu    t4, sp, t2
core   0: 1 0x00000000800055d2 (0x02717eb3) x29 0x0000000000000000
core   0: 0x00000000800055d6 (0xc03a7e53) fcvt.lu.s t3, fs4
core   0: 1 0x00000000800055d6 (0xc03a7e53) c1_fflags 0x0000000000000015 x28 0xffffffffffffffff
core   0: 0x00000000800055da (0x0013131b) slliw   t1, t1, 1
core   0: 1 0x00000000800055da (0x0013131b) x6  0xfffffffffffffffe
core   0: 0x00000000800055de (0x03422a33) mulhsu  s4, tp, s4
core   0: 1 0x00000000800055de (0x03422a33) x20 0x0000000000000000
core   0: 0x00000000800055e2 (0x0164591b) srliw   s2, s0, 22
core   0: 1 0x00000000800055e2 (0x0164591b) x18 0x0000000000000200
core   0: 0x00000000800055e6 (0xd22876d3) fcvt.d.l fa3, a6
core   0: 1 0x00000000800055e6 (0xd22876d3) f13 0x0000000000000000
core   0: 0x00000000800055ea (0x000b5d93) srli    s11, s6, 0
core   0: 1 0x00000000800055ea (0x000b5d93) x27 0x00000000ab7795a2
core   0: 0x00000000800055ee (0xc21cf8d3) fcvt.wu.d a7, fs9
core   0: 1 0x00000000800055ee (0xc21cf8d3) c1_fflags 0x0000000000000015 x17 0xffffffffffffffff
core   0: 0x00000000800055f2 (0x03bd9db3) mulh    s11, s11, s11
core   0: 1 0x00000000800055f2 (0x03bd9db3) x27 0x0000000000000000
core   0: 0x00000000800055f6 (0xd026f1d3) fcvt.s.l ft3, a3
core   0: 1 0x00000000800055f6 (0xd026f1d3) f3  0xffffffff00000000
core   0: 0x00000000800055fa (0x02a52333) mulhsu  t1, a0, a0
core   0: 1 0x00000000800055fa (0x02a52333) x6  0x0000000000000000
core   0: 0x00000000800055fe (0x4011f4d3) fcvt.s.d fs1, ft3
core   0: 1 0x00000000800055fe (0x4011f4d3) f9  0xffffffff7fc00000
core   0: 0x0000000080005602 (0x01b3cc33) xor     s8, t2, s11
core   0: 1 0x0000000080005602 (0x01b3cc33) x24 0xffffffffffffffff
core   0: 0x0000000080005606 (0x019d9dbb) sllw    s11, s11, s9
core   0: 1 0x0000000080005606 (0x019d9dbb) x27 0x0000000000000000
core   0: 0x000000008000560a (0x016216b3) sll     a3, tp, s6
core   0: 1 0x000000008000560a (0x016216b3) x13 0x8c86000000000000
core   0: 0x000000008000560e (0x0bf84e37) lui     t3, 0xbf84
core   0: 1 0x000000008000560e (0x0bf84e37) x28 0x000000000bf84000
core   0: 0x0000000080005612 (0x016954b3) srl     s1, s2, s6
core   0: 1 0x0000000080005612 (0x016954b3) x9  0x0000000000000000
core   0: 0x0000000080005616 (0xfff53e13) sltiu   t3, a0, -1
core   0: 1 0x0000000080005616 (0xfff53e13) x28 0x0000000000000001
core   0: 0x000000008000561a (0xc1f37013) andi    zero, t1, -993
core   0: 1 0x000000008000561a (0xc1f37013)
core   0: 0x000000008000561e (0xfffe0113) addi    sp, t3, -1
core   0: 1 0x000000008000561e (0xfffe0113) x2  0x0000000000000000
core   0: 0x0000000080005622 (0xbd3d8d93) addi    s11, s11, -1069
core   0: 1 0x0000000080005622 (0xbd3d8d93) x27 0xfffffffffffffbd3
core   0: 0x0000000080005626 (0x2a548253) fmin.d  ft4, fs1, ft5
core   0: 1 0x0000000080005626 (0x2a548253) f4  0xc1dfffe80a000000
core   0: 0x000000008000562a (0x01311bbb) sllw    s7, sp, s3
core   0: 1 0x000000008000562a (0x01311bbb) x23 0x0000000000000000
core   0: 0x000000008000562e (0x1b46f2d3) fdiv.d  ft5, fa3, fs4
core   0: 1 0x000000008000562e (0x1b46f2d3) f5  0x0000000000000000
core   0: 0x0000000080005632 (0x000b1113) slli    sp, s6, 0
core   0: 1 0x0000000080005632 (0x000b1113) x2  0x00000000ab7795a2
core   0: 0x0000000080005636 (0x02bc5c3b) divuw   s8, s8, a1
core   0: 1 0x0000000080005636 (0x02bc5c3b) x24 0x0000000000000001
core   0: 0x000000008000563a (0x5fec841b) addiw   s0, s9, 1534
core   0: 1 0x000000008000563a (0x5fec841b) x8  0x000000007132b456
core   0: 0x000000008000563e (0x008c42b3) xor     t0, s8, s0
core   0: 1 0x000000008000563e (0x008c42b3) x5  0x000000007132b457
core   0: 0x0000000080005642 (0x03341b93) slli    s7, s0, 51
core   0: 1 0x0000000080005642 (0x03341b93) x23 0xa2b0000000000000
core   0: 0x0000000080005646 (0x0b75f5d3) fsub.d  fa1, fa1, fs7
core   0: 1 0x0000000080005646 (0x0b75f5d3) f11 0x7ff8000000000000
core   0: 0x000000008000564a (0x221a0a53) fsgnj.d fs4, fs4, ft1
core   0: 1 0x000000008000564a (0x221a0a53) f20 0x41efffffffe00000
core   0: 0x000000008000564e (0xd21281d3) fcvt.d.wu ft3, t0
core   0: 1 0x000000008000564e (0xd21281d3) f3  0x41dc4cad15c00000
core   0: 0x0000000080005652 (0x001319f3) csrrw   s3, fflags, t1
core   0: 1 0x0000000080005652 (0x001319f3) x19 0x0000000000000015 c1_fflags 0x0000000000000000
core   0: 0x0000000080005656 (0x420384d3) fcvt.d.s fs1, ft7
core   0: 1 0x0000000080005656 (0x420384d3) f9  0x7ff8000000000000
core   0: 0x000000008000565a (0x411cd53b) sraw    a0, s9, a7
core   0: 1 0x000000008000565a (0x411cd53b) x10 0x0000000000000000
core   0: 0x000000008000565e (0x01330d33) add     s10, t1, s3
core   0: 1 0x000000008000565e (0x01330d33) x26 0x0000000000000015
core   0: 0x0000000080005662 (0x41945cbb) sraw    s9, s0, s9
core   0: 1 0x0000000080005662 (0x41945cbb) x25 0x0000000000000071
core   0: 0x0000000080005666 (0x5a037b53) fsqrt.d fs6, ft6
core   0: 1 0x0000000080005666 (0x5a037b53) f22 0x7ff8000000000000
core   0: 0x000000008000566a (0x0243c033) div     zero, t2, tp
core   0: 1 0x000000008000566a (0x0243c033)
core   0: 0x000000008000566e (0xc814edf3) csrrsi  s11, timeh, 9
core   0: exception trap_illegal_instruction, epc 0x000000008000566e
core   0:           tval 0x00000000c814edf3
core   0: >>>>  $xrv64i2p1_m2p0_a2p1_f2p2_d2p2_zicsr2p0_zifencei2p0_zmmul1p0_zba1p0_zbb1p0_zbc1p0_zbs1p0
core   0: 0x0000000080004000 (0x0080006f) j       pc + 0x8
core   0: 3 0x0000000080004000 (0x0080006f)
core   0: >>>>  mmode_exception_handler
core   0: 0x0000000080004008 (0x00002c17) auipc   s8, 0x2
core   0: 3 0x0000000080004008 (0x00002c17) x24 0x0000000080006008
core   0: 0x000000008000400c (0xfd0c0c13) addi    s8, s8, -48
core   0: 3 0x000000008000400c (0xfd0c0c13) x24 0x0000000080005fd8
core   0: 0x0000000080004010 (0x000c00e7) jalr    s8
core   0: 3 0x0000000080004010 (0x000c00e7) x1  0x0000000080004014
core   0: >>>>  any_handler
core   0: 0x0000000080005fd8 (0x341027f3) csrrs   a5, mepc, zero
core   0: 3 0x0000000080005fd8 (0x341027f3) x15 0x000000008000566e
core   0: 0x0000000080005fdc (0x34202773) csrrs   a4, mcause, zero
core   0: 3 0x0000000080005fdc (0x34202773) x14 0x0000000000000002
core   0: 0x0000000080005fe0 (0x142026f3) csrrs   a3, scause, zero
core   0: 3 0x0000000080005fe0 (0x142026f3) x13 0x0000000000000000
core   0: 0x0000000080005fe4 (0x30402673) csrrs   a2, mie, zero
core   0: 3 0x0000000080005fe4 (0x30402673) x12 0x0000000000000a00
core   0: 0x0000000080005fe8 (0x344025f3) csrrs   a1, mip, zero
core   0: 3 0x0000000080005fe8 (0x344025f3) x11 0x0000000000000080
core   0: 0x0000000080005fec (0x343025f3) csrrs   a1, mtval, zero
core   0: 3 0x0000000080005fec (0x343025f3) x11 0x00000000c814edf3
core   0: 0x0000000080005ff0 (0x14302573) csrrs   a0, stval, zero
core   0: 3 0x0000000080005ff0 (0x14302573) x10 0x0000000000000000
core   0: 0x0000000080005ff4 (0xb02024f3) csrrs   s1, minstret, zero
core   0: 3 0x0000000080005ff4 (0xb02024f3) x9  0x0000000000000fc5
core   0: 0x0000000080005ff8 (0x0000a811) c.j     pc + 20
core   0: 3 0x0000000080005ff8 (0xa811)
core   0: >>>>  mepc_4
core   0: 0x000000008000600c (0x00000791) c.addi  a5, 4
core   0: 3 0x000000008000600c (0x0791) x15 0x0000000080005672
core   0: 0x000000008000600e (0x34179073) csrrw   zero, mepc, a5
core   0: 3 0x000000008000600e (0x34179073) c833_mepc 0x0000000080005672
core   0: 0x0000000080006012 (0x30200073) mret
core   0: 3 0x0000000080006012 (0x30200073) c768_mstatus 0x8000000a00106080
core   0: 0x0000000080005672 (0x012da9b3) slt     s3, s11, s2
core   0: 1 0x0000000080005672 (0x012da9b3) x19 0x0000000000000001
core   0: 0x0000000080005676 (0x023690b3) mulh    ra, a3, gp
core   0: 1 0x0000000080005676 (0x023690b3) x1  0x0000000000000000
core   0: 0x000000008000567a (0x01ad40b3) xor     ra, s10, s10
core   0: 1 0x000000008000567a (0x01ad40b3) x1  0x0000000000000000
core   0: 0x000000008000567e (0x1b6b7f53) fdiv.d  ft10, fs6, fs6
core   0: 1 0x000000008000567e (0x1b6b7f53) f30 0x7ff8000000000000
core   0: 0x0000000080005682 (0x0042191b) slliw   s2, tp, 4
core   0: 1 0x0000000080005682 (0x0042191b) x18 0x0000000032180000
core   0: 0x0000000080005686 (0x305a8293) addi    t0, s5, 773
core   0: 1 0x0000000080005686 (0x305a8293) x5  0x0000000000000305
core   0: 0x000000008000568a (0x039d6c33) rem     s8, s10, s9
core   0: 1 0x000000008000568a (0x039d6c33) x24 0x0000000000000015
core   0: 0x000000008000568e (0x1a9a7e53) fdiv.d  ft8, fs4, fs1
core   0: 1 0x000000008000568e (0x1a9a7e53) f28 0x7ff8000000000000
core   0: 0x0000000080005692 (0xa2a48b53) fle.d   s6, fs1, fa0
core   0: 1 0x0000000080005692 (0xa2a48b53) c1_fflags 0x0000000000000010 x22 0x0000000000000000
core   0: 0x0000000080005696 (0x3230d5f3) csrrwi  a1, mhpmevent3, 1
core   0: exception trap_illegal_instruction, epc 0x0000000080005696
core   0:           tval 0x000000003230d5f3
core   0: >>>>  $xrv64i2p1_m2p0_a2p1_f2p2_d2p2_zicsr2p0_zifencei2p0_zmmul1p0_zba1p0_zbb1p0_zbc1p0_zbs1p0
core   0: 0x0000000080004000 (0x0080006f) j       pc + 0x8
core   0: 3 0x0000000080004000 (0x0080006f)
core   0: >>>>  mmode_exception_handler
core   0: 0x0000000080004008 (0x00002c17) auipc   s8, 0x2
core   0: 3 0x0000000080004008 (0x00002c17) x24 0x0000000080006008
core   0: 0x000000008000400c (0xfd0c0c13) addi    s8, s8, -48
core   0: 3 0x000000008000400c (0xfd0c0c13) x24 0x0000000080005fd8
core   0: 0x0000000080004010 (0x000c00e7) jalr    s8
core   0: 3 0x0000000080004010 (0x000c00e7) x1  0x0000000080004014
core   0: >>>>  any_handler
core   0: 0x0000000080005fd8 (0x341027f3) csrrs   a5, mepc, zero
core   0: 3 0x0000000080005fd8 (0x341027f3) x15 0x0000000080005696
core   0: 0x0000000080005fdc (0x34202773) csrrs   a4, mcause, zero
core   0: 3 0x0000000080005fdc (0x34202773) x14 0x0000000000000002
core   0: 0x0000000080005fe0 (0x142026f3) csrrs   a3, scause, zero
core   0: 3 0x0000000080005fe0 (0x142026f3) x13 0x0000000000000000
core   0: 0x0000000080005fe4 (0x30402673) csrrs   a2, mie, zero
core   0: 3 0x0000000080005fe4 (0x30402673) x12 0x0000000000000a00
core   0: 0x0000000080005fe8 (0x344025f3) csrrs   a1, mip, zero
core   0: 3 0x0000000080005fe8 (0x344025f3) x11 0x0000000000000080
core   0: 0x0000000080005fec (0x343025f3) csrrs   a1, mtval, zero
core   0: 3 0x0000000080005fec (0x343025f3) x11 0x000000003230d5f3
core   0: 0x0000000080005ff0 (0x14302573) csrrs   a0, stval, zero
core   0: 3 0x0000000080005ff0 (0x14302573) x10 0x0000000000000000
core   0: 0x0000000080005ff4 (0xb02024f3) csrrs   s1, minstret, zero
core   0: 3 0x0000000080005ff4 (0xb02024f3) x9  0x0000000000000fde
core   0: 0x0000000080005ff8 (0x0000a811) c.j     pc + 20
core   0: 3 0x0000000080005ff8 (0xa811)
core   0: >>>>  mepc_4
core   0: 0x000000008000600c (0x00000791) c.addi  a5, 4
core   0: 3 0x000000008000600c (0x0791) x15 0x000000008000569a
core   0: 0x000000008000600e (0x34179073) csrrw   zero, mepc, a5
core   0: 3 0x000000008000600e (0x34179073) c833_mepc 0x000000008000569a
core   0: 0x0000000080006012 (0x30200073) mret
core   0: 3 0x0000000080006012 (0x30200073) c768_mstatus 0x8000000a00106080
core   0: 0x000000008000569a (0xd23bf6d3) fcvt.d.lu fa3, s7
core   0: 1 0x000000008000569a (0xd23bf6d3) f13 0x43e4560000000000
core   0: 0x000000008000569e (0x02d7573b) divuw   a4, a4, a3
core   0: 1 0x000000008000569e (0x02d7573b) x14 0xffffffffffffffff
core   0: 0x00000000800056a2 (0x15647593) andi    a1, s0, 342
core   0: 1 0x00000000800056a2 (0x15647593) x11 0x0000000000000056
core   0: 0x00000000800056a6 (0xc23f7e53) fcvt.lu.d t3, ft10
core   0: 1 0x00000000800056a6 (0xc23f7e53) c1_fflags 0x0000000000000010 x28 0xffffffffffffffff
core   0: 0x00000000800056aa (0xa3ee8653) fle.d   a2, ft9, ft10
core   0: 1 0x00000000800056aa (0xa3ee8653) c1_fflags 0x0000000000000010 x12 0x0000000000000000
core   0: 0x00000000800056ae (0x0013dc93) srli    s9, t2, 1
core   0: 1 0x00000000800056ae (0x0013dc93) x25 0x7fffffffffffffff
core   0: 0x00000000800056b2 (0x40c60b3b) subw    s6, a2, a2
core   0: 1 0x00000000800056b2 (0x40c60b3b) x22 0x0000000000000000
core   0: 0x00000000800056b6 (0x40ccd2bb) sraw    t0, s9, a2
core   0: 1 0x00000000800056b6 (0x40ccd2bb) x5  0xffffffffffffffff
core   0: 0x00000000800056ba (0x2b6d85d3) fmin.d  fa1, fs11, fs6
core   0: 1 0x00000000800056ba (0x2b6d85d3) f11 0x7ff8000000000000
core   0: 0x00000000800056be (0x22758a53) fsgnj.d fs4, fa1, ft7
core   0: 1 0x00000000800056be (0x22758a53) f20 0xfff8000000000000
core   0: 0x00000000800056c2 (0x41020ebb) subw    t4, tp, a6
core   0: 1 0x00000000800056c2 (0x41020ebb) x29 0x0000000063218000
core   0: 0x00000000800056c6 (0xc023f4d3) fcvt.l.s s1, ft7
core   0: 1 0x00000000800056c6 (0xc023f4d3) c1_fflags 0x0000000000000010 x9  0x7fffffffffffffff
core   0: 0x00000000800056ca (0x34011cf3) csrrw   s9, mscratch, sp
core   0: exception trap_illegal_instruction, epc 0x00000000800056ca
core   0:           tval 0x0000000034011cf3
core   0: >>>>  $xrv64i2p1_m2p0_a2p1_f2p2_d2p2_zicsr2p0_zifencei2p0_zmmul1p0_zba1p0_zbb1p0_zbc1p0_zbs1p0
core   0: 0x0000000080004000 (0x0080006f) j       pc + 0x8
core   0: 3 0x0000000080004000 (0x0080006f)
core   0: >>>>  mmode_exception_handler
core   0: 0x0000000080004008 (0x00002c17) auipc   s8, 0x2
core   0: 3 0x0000000080004008 (0x00002c17) x24 0x0000000080006008
core   0: 0x000000008000400c (0xfd0c0c13) addi    s8, s8, -48
core   0: 3 0x000000008000400c (0xfd0c0c13) x24 0x0000000080005fd8
core   0: 0x0000000080004010 (0x000c00e7) jalr    s8
core   0: 3 0x0000000080004010 (0x000c00e7) x1  0x0000000080004014
core   0: >>>>  any_handler
core   0: 0x0000000080005fd8 (0x341027f3) csrrs   a5, mepc, zero
core   0: 3 0x0000000080005fd8 (0x341027f3) x15 0x00000000800056ca
core   0: 0x0000000080005fdc (0x34202773) csrrs   a4, mcause, zero
core   0: 3 0x0000000080005fdc (0x34202773) x14 0x0000000000000002
core   0: 0x0000000080005fe0 (0x142026f3) csrrs   a3, scause, zero
core   0: 3 0x0000000080005fe0 (0x142026f3) x13 0x0000000000000000
core   0: 0x0000000080005fe4 (0x30402673) csrrs   a2, mie, zero
core   0: 3 0x0000000080005fe4 (0x30402673) x12 0x0000000000000a00
core   0: 0x0000000080005fe8 (0x344025f3) csrrs   a1, mip, zero
core   0: 3 0x0000000080005fe8 (0x344025f3) x11 0x0000000000000080
core   0: 0x0000000080005fec (0x343025f3) csrrs   a1, mtval, zero
core   0: 3 0x0000000080005fec (0x343025f3) x11 0x0000000034011cf3
core   0: 0x0000000080005ff0 (0x14302573) csrrs   a0, stval, zero
core   0: 3 0x0000000080005ff0 (0x14302573) x10 0x0000000000000000
core   0: 0x0000000080005ff4 (0xb02024f3) csrrs   s1, minstret, zero
core   0: 3 0x0000000080005ff4 (0xb02024f3) x9  0x0000000000000ffa
core   0: 0x0000000080005ff8 (0x0000a811) c.j     pc + 20
core   0: 3 0x0000000080005ff8 (0xa811)
core   0: >>>>  mepc_4
core   0: 0x000000008000600c (0x00000791) c.addi  a5, 4
core   0: 3 0x000000008000600c (0x0791) x15 0x00000000800056ce
core   0: 0x000000008000600e (0x34179073) csrrw   zero, mepc, a5
core   0: 3 0x000000008000600e (0x34179073) c833_mepc 0x00000000800056ce
core   0: 0x0000000080006012 (0x30200073) mret
core   0: 3 0x0000000080006012 (0x30200073) c768_mstatus 0x8000000a00106080
core   0: 0x00000000800056ce (0x03f4d813) srli    a6, s1, 63
core   0: 1 0x00000000800056ce (0x03f4d813) x16 0x0000000000000000
core   0: 0x00000000800056d2 (0xc033fed3) fcvt.lu.s t4, ft7
core   0: 1 0x00000000800056d2 (0xc033fed3) c1_fflags 0x0000000000000010 x29 0xffffffffffffffff
core   0: 0x00000000800056d6 (0x0335a733) mulhsu  a4, a1, s3
core   0: 1 0x00000000800056d6 (0x0335a733) x14 0x0000000000000000
core   0: 0x00000000800056da (0xd21582d3) fcvt.d.wu ft5, a1
core   0: 1 0x00000000800056da (0xd21582d3) f5  0x41ca008e79800000
core   0: 0x00000000800056de (0xd235f1d3) fcvt.d.lu ft3, a1
core   0: 1 0x00000000800056de (0xd235f1d3) f3  0x41ca008e79800000
core   0: 0x00000000800056e2 (0x40bbd5bb) sraw    a1, s7, a1
core   0: 1 0x00000000800056e2 (0x40bbd5bb) x11 0x0000000000000000
core   0: 0x00000000800056e6 (0x237725d3) fsgnjx.d fa1, fa4, fs7
core   0: 1 0x00000000800056e6 (0x237725d3) f11 0x800001ffffffffff
core   0: 0x00000000800056ea (0x1af7f653) fdiv.d  fa2, fa5, fa5
core   0: 1 0x00000000800056ea (0x1af7f653) c1_fflags 0x0000000000000010 f12 0x7ff8000000000000
core   0: 0x00000000800056ee (0xc22bf353) fcvt.l.d t1, fs7
core   0: 1 0x00000000800056ee (0xc22bf353) c1_fflags 0x0000000000000010 x6  0x7fffffffffffffff
core   0: 0x00000000800056f2 (0x00bd92bb) sllw    t0, s11, a1
core   0: 1 0x00000000800056f2 (0x00bd92bb) x5  0xfffffffffffffbd3
core   0: 0x00000000800056f6 (0xa37601d3) fle.d   gp, fa2, fs7
core   0: 1 0x00000000800056f6 (0xa37601d3) c1_fflags 0x0000000000000010 x3  0x0000000000000000
core   0: 0x00000000800056fa (0x00e09833) sll     a6, ra, a4
core   0: 1 0x00000000800056fa (0x00e09833) x16 0x0000000080004014
core   0: 0x00000000800056fe (0x2a641bd3) fmax.d  fs7, fs0, ft6
core   0: 1 0x00000000800056fe (0x2a641bd3) f23 0x7ff8000000000000
core   0: 0x0000000080005702 (0x00bd9933) sll     s2, s11, a1
core   0: 1 0x0000000080005702 (0x00bd9933) x18 0xfffffffffffffbd3
core   0: 0x0000000080005706 (0x02be0c3b) mulw    s8, t3, a1
core   0: 1 0x0000000080005706 (0x02be0c3b) x24 0x0000000000000000
core   0: 0x000000008000570a (0x0014d5bb) srlw    a1, s1, ra
core   0: 1 0x000000008000570a (0x0014d5bb) x11 0x0000000000000000
core   0: 0x000000008000570e (0x1423ea73) csrrsi  s4, scause, 7
core   0: 1 0x000000008000570e (0x1423ea73) x20 0x0000000000000000 c322_scause 0x0000000000000007
core   0: 0x0000000080005712 (0x0ff0000f) fence   iorw,iorw
core   0: 1 0x0000000080005712 (0x0ff0000f)
core   0: 0x0000000080005716 (0xd233f6d3) fcvt.d.lu fa3, t2
core   0: 1 0x0000000080005716 (0xd233f6d3) c1_fflags 0x0000000000000011 f13 0x43f0000000000000
core   0: 0x000000008000571a (0xb82069f3) csrrsi  s3, minstreth, 0
core   0: exception trap_illegal_instruction, epc 0x000000008000571a
core   0:           tval 0x00000000b82069f3
core   0: >>>>  $xrv64i2p1_m2p0_a2p1_f2p2_d2p2_zicsr2p0_zifencei2p0_zmmul1p0_zba1p0_zbb1p0_zbc1p0_zbs1p0
core   0: 0x0000000080004000 (0x0080006f) j       pc + 0x8
core   0: 3 0x0000000080004000 (0x0080006f)
core   0: >>>>  mmode_exception_handler
core   0: 0x0000000080004008 (0x00002c17) auipc   s8, 0x2
core   0: 3 0x0000000080004008 (0x00002c17) x24 0x0000000080006008
core   0: 0x000000008000400c (0xfd0c0c13) addi    s8, s8, -48
core   0: 3 0x000000008000400c (0xfd0c0c13) x24 0x0000000080005fd8
core   0: 0x0000000080004010 (0x000c00e7) jalr    s8
core   0: 3 0x0000000080004010 (0x000c00e7) x1  0x0000000080004014
core   0: >>>>  any_handler
core   0: 0x0000000080005fd8 (0x341027f3) csrrs   a5, mepc, zero
core   0: 3 0x0000000080005fd8 (0x341027f3) x15 0x000000008000571a
core   0: 0x0000000080005fdc (0x34202773) csrrs   a4, mcause, zero
core   0: 3 0x0000000080005fdc (0x34202773) x14 0x0000000000000002
core   0: 0x0000000080005fe0 (0x142026f3) csrrs   a3, scause, zero
core   0: 3 0x0000000080005fe0 (0x142026f3) x13 0x0000000000000007
core   0: 0x0000000080005fe4 (0x30402673) csrrs   a2, mie, zero
core   0: 3 0x0000000080005fe4 (0x30402673) x12 0x0000000000000a00
core   0: 0x0000000080005fe8 (0x344025f3) csrrs   a1, mip, zero
core   0: 3 0x0000000080005fe8 (0x344025f3) x11 0x0000000000000080
core   0: 0x0000000080005fec (0x343025f3) csrrs   a1, mtval, zero
core   0: 3 0x0000000080005fec (0x343025f3) x11 0x00000000b82069f3
core   0: 0x0000000080005ff0 (0x14302573) csrrs   a0, stval, zero
core   0: 3 0x0000000080005ff0 (0x14302573) x10 0x0000000000000000
core   0: 0x0000000080005ff4 (0xb02024f3) csrrs   s1, minstret, zero
core   0: 3 0x0000000080005ff4 (0xb02024f3) x9  0x000000000000101d
core   0: 0x0000000080005ff8 (0x0000a811) c.j     pc + 20
core   0: 3 0x0000000080005ff8 (0xa811)
core   0: >>>>  mepc_4
core   0: 0x000000008000600c (0x00000791) c.addi  a5, 4
core   0: 3 0x000000008000600c (0x0791) x15 0x000000008000571e
core   0: 0x000000008000600e (0x34179073) csrrw   zero, mepc, a5
core   0: 3 0x000000008000600e (0x34179073) c833_mepc 0x000000008000571e
core   0: 0x0000000080006012 (0x30200073) mret
core   0: 3 0x0000000080006012 (0x30200073) c768_mstatus 0x8000000a00106080
core   0: 0x000000008000571e (0xd2070ed3) fcvt.d.w ft9, a4
core   0: 1 0x000000008000571e (0xd2070ed3) f29 0x4000000000000000
core   0: 0x0000000080005722 (0x02b243b3) div     t2, tp, a1
core   0: 1 0x0000000080005722 (0x02b243b3) x7  0x0000000000000000
core   0: 0x0000000080005726 (0xa23b8d53) fle.d   s10, fs7, ft3
core   0: 1 0x0000000080005726 (0xa23b8d53) c1_fflags 0x0000000000000011 x26 0x0000000000000000
core   0: 0x000000008000572a (0x9b36f647) fmsub.d fa2, fa3, fs3, fs3
core   0: 1 0x000000008000572a (0x9b36f647) f12 0x7ff8000000000000
core   0: 0x000000008000572e (0xd7fa091b) addiw   s2, s4, -641
core   0: 1 0x000000008000572e (0xd7fa091b) x18 0xfffffffffffffd7f
core   0: 0x0000000080005732 (0x008bd2bb) srlw    t0, s7, s0
core   0: 1 0x0000000080005732 (0x008bd2bb) x5  0x0000000000000000
core   0: 0x0000000080005736 (0xd23d70d3) fcvt.d.lu ft1, s10
core   0: 1 0x0000000080005736 (0xd23d70d3) f1  0x0000000000000000
core   0: 0x000000008000573a (0x1ac67a53) fdiv.d  fs4, fa2, fa2
core   0: 1 0x000000008000573a (0x1ac67a53) f20 0x7ff8000000000000
core   0: 0x000000008000573e (0x2a6f9753) fmax.d  fa4, ft11, ft6
core   0: 1 0x000000008000573e (0x2a6f9753) f14 0x8000000000000000
core   0: 0x0000000080005742 (0x026494b3) mulh    s1, s1, t1
core   0: 1 0x0000000080005742 (0x026494b3) x9  0x000000000000080e
core   0: 0x0000000080005746 (0x0000926e) c.add   tp, s11
core   0: 1 0x0000000080005746 (0x926e) x4  0x0000000063217bd3
core   0: 0x0000000080005748 (0xc22a7653) fcvt.l.d a2, fs4
core   0: 1 0x0000000080005748 (0xc22a7653) c1_fflags 0x0000000000000011 x12 0x7fffffffffffffff
core   0: 0x000000008000574c (0xe2070dd3) fmv.x.d s11, fa4
core   0: 1 0x000000008000574c (0xe2070dd3) x27 0x8000000000000000
core   0: 0x0000000080005750 (0xf2060ed3) fmv.d.x ft9, a2
core   0: 1 0x0000000080005750 (0xf2060ed3) f29 0x7fffffffffffffff
core   0: 0x0000000080005754 (0x00235e93) srli    t4, t1, 2
core   0: 1 0x0000000080005754 (0x00235e93) x29 0x1fffffffffffffff
core   0: 0x0000000080005758 (0xa35408d3) fle.d   a7, fs0, fs5
core   0: 1 0x0000000080005758 (0xa35408d3) c1_fflags 0x0000000000000011 x17 0x0000000000000000
core   0: 0x000000008000575c (0xc21c7ad3) fcvt.wu.d s5, fs8
core   0: 1 0x000000008000575c (0xc21c7ad3) c1_fflags 0x0000000000000011 x21 0xffffffffffffffff
core   0: 0x0000000080005760 (0x03cd893b) mulw    s2, s11, t3
core   0: 1 0x0000000080005760 (0x03cd893b) x18 0x0000000000000000
core   0: 0x0000000080005764 (0x128bf6d3) fmul.d  fa3, fs7, fs0
core   0: 1 0x0000000080005764 (0x128bf6d3) f13 0x7ff8000000000000
core   0: 0x0000000080005768 (0x00f8179b) slliw   a5, a6, 15
core   0: 1 0x0000000080005768 (0x00f8179b) x15 0x00000000200a0000
core   0: 0x000000008000576c (0x0087c633) xor     a2, a5, s0
core   0: 1 0x000000008000576c (0x0087c633) x12 0x000000005138b456
core   0: 0x0000000080005770 (0xfac6fc4f) fnmadd.d fs8, fa3, fa2, ft11
core   0: 1 0x0000000080005770 (0xfac6fc4f) f24 0x7ff8000000000000
core   0: 0x0000000080005774 (0x0387fdbb) remuw   s11, a5, s8
core   0: 1 0x0000000080005774 (0x0387fdbb) x27 0x00000000200a0000
core   0: 0x0000000080005778 (0x400d8abb) subw    s5, s11, zero
core   0: 1 0x0000000080005778 (0x400d8abb) x21 0x00000000200a0000
core   0: 0x000000008000577c (0x0ff0000f) fence   iorw,iorw
core   0: 1 0x000000008000577c (0x0ff0000f)
core   0: 0x0000000080005780 (0x01565433) srl     s0, a2, s5
core   0: 1 0x0000000080005780 (0x01565433) x8  0x000000005138b456
core   0: 0x0000000080005784 (0x00055513) srli    a0, a0, 0
core   0: 1 0x0000000080005784 (0x00055513) x10 0x0000000000000000
core   0: 0x0000000080005788 (0x00001c22) c.slli  s8, 40
core   0: 1 0x0000000080005788 (0x1c22) x24 0x005fd80000000000
core   0: 0x000000008000578a (0x9af6fa37) lui     s4, 0x9af6f
core   0: 1 0x000000008000578a (0x9af6fa37) x20 0xffffffff9af6f000
core   0: 0x000000008000578e (0x00121d73) csrrw   s10, fflags, tp
core   0: 1 0x000000008000578e (0x00121d73) x26 0x0000000000000011 c1_fflags 0x0000000000000013
core   0: 0x0000000080005792 (0xcb8c72cb) fnmsub.d ft5, fs8, fs8, fs9
core   0: 1 0x0000000080005792 (0xcb8c72cb) f5  0x7ff8000000000000
core   0: 0x0000000080005796 (0x02ec0abb) mulw    s5, s8, a4
core   0: 1 0x0000000080005796 (0x02ec0abb) x21 0x0000000000000000
core   0: 0x000000008000579a (0x00ad5293) srli    t0, s10, 10
core   0: 1 0x000000008000579a (0x00ad5293) x5  0x0000000000000000
core   0: 0x000000008000579e (0xd026fd53) fcvt.s.l fs10, a3
core   0: 1 0x000000008000579e (0xd026fd53) f26 0xffffffff40e00000
core   0: 0x00000000800057a2 (0x004e84b3) add     s1, t4, tp
core   0: 1 0x00000000800057a2 (0x004e84b3) x9  0x2000000063217bd2
core   0: 0x00000000800057a6 (0x03fad713) srli    a4, s5, 63
core   0: 1 0x00000000800057a6 (0x03fad713) x14 0x0000000000000000
core   0: 0x00000000800057aa (0x2ab50a53) fmin.d  fs4, fa0, fa1
core   0: 1 0x00000000800057aa (0x2ab50a53) f20 0x800001ffffffffff
core   0: 0x00000000800057ae (0x0174aab3) slt     s5, s1, s7
core   0: 1 0x00000000800057ae (0x0174aab3) x21 0x0000000000000000
core   0: 0x00000000800057b2 (0x406a803b) subw    zero, s5, t1
core   0: 1 0x00000000800057b2 (0x406a803b)
core   0: 0x00000000800057b6 (0x01a3de1b) srliw   t3, t2, 26
core   0: 1 0x00000000800057b6 (0x01a3de1b) x28 0x0000000000000000
core   0: 0x00000000800057ba (0x237a0453) fsgnj.d fs0, fs4, fs7
core   0: 1 0x00000000800057ba (0x237a0453) f8  0x000001ffffffffff
core   0: 0x00000000800057be (0x03ccbbb3) mulhu   s7, s9, t3
core   0: 1 0x00000000800057be (0x03ccbbb3) x23 0x0000000000000000
core   0: 0x00000000800057c2 (0x0ff0000f) fence   iorw,iorw
core   0: 1 0x00000000800057c2 (0x0ff0000f)
core   0: 0x00000000800057c6 (0x00008f25) c.xor   a4, s1
core   0: 1 0x00000000800057c6 (0x8f25) x14 0x2000000063217bd2
core   0: 0x00000000800057c8 (0x22ca0cd3) fsgnj.d fs9, fs4, fa2
core   0: 1 0x00000000800057c8 (0x22ca0cd3) f25 0x000001ffffffffff
core   0: 0x00000000800057cc (0x0037aa33) slt     s4, a5, gp
core   0: 1 0x00000000800057cc (0x0037aa33) x20 0x0000000000000000
core   0: 0x00000000800057d0 (0x00202673) csrrs   a2, frm, zero
core   0: 1 0x00000000800057d0 (0x00202673) x12 0x0000000000000000
core   0: 0x00000000800057d4 (0x420182d3) fcvt.d.s ft5, ft3
core   0: 1 0x00000000800057d4 (0x420182d3) f5  0x7ff8000000000000
core   0: 0x00000000800057d8 (0x00008f31) c.xor   a4, a2
core   0: 1 0x00000000800057d8 (0x8f31) x14 0x2000000063217bd2
core   0: 0x00000000800057da (0x00267033) and     zero, a2, sp
core   0: 1 0x00000000800057da (0x00267033)
core   0: 0x00000000800057de (0x0ff0000f) fence   iorw,iorw
core   0: 1 0x00000000800057de (0x0ff0000f)
core   0: 0x00000000800057e2 (0xf12fdcf3) csrrwi  s9, marchid, 31
core   0: exception trap_illegal_instruction, epc 0x00000000800057e2
core   0:           tval 0x00000000f12fdcf3
core   0: >>>>  $xrv64i2p1_m2p0_a2p1_f2p2_d2p2_zicsr2p0_zifencei2p0_zmmul1p0_zba1p0_zbb1p0_zbc1p0_zbs1p0
core   0: 0x0000000080004000 (0x0080006f) j       pc + 0x8
core   0: 3 0x0000000080004000 (0x0080006f)
core   0: >>>>  mmode_exception_handler
core   0: 0x0000000080004008 (0x00002c17) auipc   s8, 0x2
core   0: 3 0x0000000080004008 (0x00002c17) x24 0x0000000080006008
core   0: 0x000000008000400c (0xfd0c0c13) addi    s8, s8, -48
core   0: 3 0x000000008000400c (0xfd0c0c13) x24 0x0000000080005fd8
core   0: 0x0000000080004010 (0x000c00e7) jalr    s8
core   0: 3 0x0000000080004010 (0x000c00e7) x1  0x0000000080004014
core   0: >>>>  any_handler
core   0: 0x0000000080005fd8 (0x341027f3) csrrs   a5, mepc, zero
core   0: 3 0x0000000080005fd8 (0x341027f3) x15 0x00000000800057e2
core   0: 0x0000000080005fdc (0x34202773) csrrs   a4, mcause, zero
core   0: 3 0x0000000080005fdc (0x34202773) x14 0x0000000000000002
core   0: 0x0000000080005fe0 (0x142026f3) csrrs   a3, scause, zero
core   0: 3 0x0000000080005fe0 (0x142026f3) x13 0x0000000000000007
core   0: 0x0000000080005fe4 (0x30402673) csrrs   a2, mie, zero
core   0: 3 0x0000000080005fe4 (0x30402673) x12 0x0000000000000a00
core   0: 0x0000000080005fe8 (0x344025f3) csrrs   a1, mip, zero
core   0: 3 0x0000000080005fe8 (0x344025f3) x11 0x0000000000000080
core   0: 0x0000000080005fec (0x343025f3) csrrs   a1, mtval, zero
core   0: 3 0x0000000080005fec (0x343025f3) x11 0x00000000f12fdcf3
core   0: 0x0000000080005ff0 (0x14302573) csrrs   a0, stval, zero
core   0: 3 0x0000000080005ff0 (0x14302573) x10 0x0000000000000000
core   0: 0x0000000080005ff4 (0xb02024f3) csrrs   s1, minstret, zero
core   0: 3 0x0000000080005ff4 (0xb02024f3) x9  0x0000000000001060
core   0: 0x0000000080005ff8 (0x0000a811) c.j     pc + 20
core   0: 3 0x0000000080005ff8 (0xa811)
core   0: >>>>  mepc_4
core   0: 0x000000008000600c (0x00000791) c.addi  a5, 4
core   0: 3 0x000000008000600c (0x0791) x15 0x00000000800057e6
core   0: 0x000000008000600e (0x34179073) csrrw   zero, mepc, a5
core   0: 3 0x000000008000600e (0x34179073) c833_mepc 0x00000000800057e6
core   0: 0x0000000080006012 (0x30200073) mret
core   0: 3 0x0000000080006012 (0x30200073) c768_mstatus 0x8000000a00106080
core   0: 0x00000000800057e6 (0x000014fd) c.addi  s1, -1
core   0: 1 0x00000000800057e6 (0x14fd) x9  0x000000000000105f
core   0: 0x00000000800057e8 (0x0017109b) slliw   ra, a4, 1
core   0: 1 0x00000000800057e8 (0x0017109b) x1  0x0000000000000004
core   0: 0x00000000800057ec (0x4b34f5cb) fnmsub.d fa1, fs1, fs3, fs1
core   0: 1 0x00000000800057ec (0x4b34f5cb) f11 0x7ff8000000000000
core   0: 0x00000000800057f0 (0xc209fc53) fcvt.w.d s8, fs3
core   0: 1 0x00000000800057f0 (0xc209fc53) c1_fflags 0x0000000000000013 x24 0x000000007fffffff
core   0: 0x00000000800057f4 (0x22b599d3) fsgnjn.d fs3, fa1, fa1
core   0: 1 0x00000000800057f4 (0x22b599d3) f19 0xfff8000000000000
core   0: 0x00000000800057f8 (0x10cc0913) addi    s2, s8, 268
core   0: 1 0x00000000800057f8 (0x10cc0913) x18 0x000000008000010b
core   0: 0x00000000800057fc (0x01dedbbb) srlw    s7, t4, t4
core   0: 1 0x00000000800057fc (0x01dedbbb) x23 0x0000000000000001
core   0: 0x0000000080005800 (0x000bc933) xor     s2, s7, zero
core   0: 1 0x0000000080005800 (0x000bc933) x18 0x0000000000000001
core   0: 0x0000000080005804 (0x23cb2cd3) fsgnjx.d fs9, fs6, ft8
core   0: 1 0x0000000080005804 (0x23cb2cd3) f25 0x7ff8000000000000
core   0: 0x0000000080005808 (0x41f4529b) sraiw   t0, s0, 31
core   0: 1 0x0000000080005808 (0x41f4529b) x5  0x0000000000000000
core   0: 0x000000008000580c (0x01d28ebb) addw    t4, t0, t4
core   0: 1 0x000000008000580c (0x01d28ebb) x29 0xffffffffffffffff
core   0: 0x0000000080005810 (0x03a7f9b3) remu    s3, a5, s10
core   0: 1 0x0000000080005810 (0x03a7f9b3) x19 0x0000000000000003
core   0: 0x0000000080005814 (0x00000001) c.nop
core   0: 1 0x0000000080005814 (0x0001)
core   0: 0x0000000080005816 (0xc02b7b53) fcvt.l.s s6, fs6
core   0: 1 0x0000000080005816 (0xc02b7b53) c1_fflags 0x0000000000000013 x22 0x7fffffffffffffff
core   0: 0x000000008000581a (0xf20b0a53) fmv.d.x fs4, s6
core   0: 1 0x000000008000581a (0xf20b0a53) f20 0x7fffffffffffffff
core   0: 0x000000008000581e (0x01f9519b) srliw   gp, s2, 31
core   0: 1 0x000000008000581e (0x01f9519b) x3  0x0000000000000000
core   0: 0x0000000080005822 (0x758a0d37) lui     s10, 0x758a0
core   0: 1 0x0000000080005822 (0x758a0d37) x26 0x00000000758a0000
core   0: 0x0000000080005826 (0xf20e8053) fmv.d.x ft0, t4
core   0: 1 0x0000000080005826 (0xf20e8053) f0  0xffffffffffffffff
core   0: 0x000000008000582a (0xc03077d3) fcvt.lu.s a5, ft0
core   0: 1 0x000000008000582a (0xc03077d3) c1_fflags 0x0000000000000013 x15 0xffffffffffffffff
core   0: 0x000000008000582e (0x011e1913) slli    s2, t3, 17
core   0: 1 0x000000008000582e (0x011e1913) x18 0x0000000000000000
core   0: 0x0000000080005832 (0x23e5a1d3) fsgnjx.d ft3, fa1, ft10
core   0: 1 0x0000000080005832 (0x23e5a1d3) f3  0x7ff8000000000000
core   0: 0x0000000080005836 (0xbee86737) lui     a4, 0xbee86
core   0: 1 0x0000000080005836 (0xbee86737) x14 0xffffffffbee86000
core   0: 0x000000008000583a (0x00102bf3) csrrs   s7, fflags, zero
core   0: 1 0x000000008000583a (0x00102bf3) x23 0x0000000000000013
core   0: 0x000000008000583e (0x00259d3b) sllw    s10, a1, sp
core   0: 1 0x000000008000583e (0x00259d3b) x26 0xffffffffc4bf73cc
core   0: 0x0000000080005842 (0x1a36fcd3) fdiv.d  fs9, fa3, ft3
core   0: 1 0x0000000080005842 (0x1a36fcd3) f25 0x7ff8000000000000
core   0: 0x0000000080005846 (0x01891d93) slli    s11, s2, 24
core   0: 1 0x0000000080005846 (0x01891d93) x27 0x0000000000000000
core   0: 0x000000008000584a (0x00009dad) c.addw  a1, a1
core   0: 1 0x000000008000584a (0x9dad) x11 0xffffffffe25fb9e6
core   0: 0x000000008000584c (0xc216f6d3) fcvt.wu.d a3, fa3
core   0: 1 0x000000008000584c (0xc216f6d3) c1_fflags 0x0000000000000013 x13 0xffffffffffffffff
core   0: 0x0000000080005850 (0x41a3853b) subw    a0, t2, s10
core   0: 1 0x0000000080005850 (0x41a3853b) x10 0x000000003b408c34
core   0: 0x0000000080005854 (0x01f9999b) slliw   s3, s3, 31
core   0: 1 0x0000000080005854 (0x01f9999b) x19 0xffffffff80000000
core   0: 0x0000000080005858 (0x4385dc13) srai    s8, a1, 56
core   0: 1 0x0000000080005858 (0x4385dc13) x24 0xffffffffffffffff
core   0: 0x000000008000585c (0xd2068b53) fcvt.d.w fs6, a3
core   0: 1 0x000000008000585c (0xd2068b53) f22 0xbff0000000000000
core   0: 0x0000000080005860 (0xd20c0f53) fcvt.d.w ft10, s8
core   0: 1 0x0000000080005860 (0xd20c0f53) f30 0xbff0000000000000
core   0: 0x0000000080005864 (0x0079043b) addw    s0, s2, t2
core   0: 1 0x0000000080005864 (0x0079043b) x8  0x0000000000000000
core   0: 0x0000000080005868 (0xd2140ed3) fcvt.d.wu ft9, s0
core   0: 1 0x0000000080005868 (0xd2140ed3) f29 0x0000000000000000
core   0: 0x000000008000586c (0x004396b3) sll     a3, t2, tp
core   0: 1 0x000000008000586c (0x004396b3) x13 0x0000000000000000
core   0: 0x0000000080005870 (0xbb7cfccf) fnmadd.d fs9, fs9, fs7, fs7
core   0: 1 0x0000000080005870 (0xbb7cfccf) f25 0x7ff8000000000000
core   0: 0x0000000080005874 (0x026345bb) divw    a1, t1, t1
core   0: 1 0x0000000080005874 (0x026345bb) x11 0x0000000000000001
core   0: 0x0000000080005878 (0x40f40333) sub     t1, s0, a5
core   0: 1 0x0000000080005878 (0x40f40333) x6  0x0000000000000001
core   0: 0x000000008000587c (0xb7eb7193) andi    gp, s6, -1154
core   0: 1 0x000000008000587c (0xb7eb7193) x3  0x7ffffffffffffb7e
core   0: 0x0000000080005880 (0x01c1c5b3) xor     a1, gp, t3
core   0: 1 0x0000000080005880 (0x01c1c5b3) x11 0x7ffffffffffffb7e
core   0: 0x0000000080005884 (0xf11b3373) csrrc   t1, mvendorid, s6
core   0: exception trap_illegal_instruction, epc 0x0000000080005884
core   0:           tval 0x00000000f11b3373
core   0: >>>>  $xrv64i2p1_m2p0_a2p1_f2p2_d2p2_zicsr2p0_zifencei2p0_zmmul1p0_zba1p0_zbb1p0_zbc1p0_zbs1p0
core   0: 0x0000000080004000 (0x0080006f) j       pc + 0x8
core   0: 3 0x0000000080004000 (0x0080006f)
core   0: >>>>  mmode_exception_handler
core   0: 0x0000000080004008 (0x00002c17) auipc   s8, 0x2
core   0: 3 0x0000000080004008 (0x00002c17) x24 0x0000000080006008
core   0: 0x000000008000400c (0xfd0c0c13) addi    s8, s8, -48
core   0: 3 0x000000008000400c (0xfd0c0c13) x24 0x0000000080005fd8
core   0: 0x0000000080004010 (0x000c00e7) jalr    s8
core   0: 3 0x0000000080004010 (0x000c00e7) x1  0x0000000080004014
core   0: >>>>  any_handler
core   0: 0x0000000080005fd8 (0x341027f3) csrrs   a5, mepc, zero
core   0: 3 0x0000000080005fd8 (0x341027f3) x15 0x0000000080005884
core   0: 0x0000000080005fdc (0x34202773) csrrs   a4, mcause, zero
core   0: 3 0x0000000080005fdc (0x34202773) x14 0x0000000000000002
core   0: 0x0000000080005fe0 (0x142026f3) csrrs   a3, scause, zero
core   0: 3 0x0000000080005fe0 (0x142026f3) x13 0x0000000000000007
core   0: 0x0000000080005fe4 (0x30402673) csrrs   a2, mie, zero
core   0: 3 0x0000000080005fe4 (0x30402673) x12 0x0000000000000a00
core   0: 0x0000000080005fe8 (0x344025f3) csrrs   a1, mip, zero
core   0: 3 0x0000000080005fe8 (0x344025f3) x11 0x0000000000000080
core   0: 0x0000000080005fec (0x343025f3) csrrs   a1, mtval, zero
core   0: 3 0x0000000080005fec (0x343025f3) x11 0x00000000f11b3373
core   0: 0x0000000080005ff0 (0x14302573) csrrs   a0, stval, zero
core   0: 3 0x0000000080005ff0 (0x14302573) x10 0x0000000000000000
core   0: 0x0000000080005ff4 (0xb02024f3) csrrs   s1, minstret, zero
core   0: 3 0x0000000080005ff4 (0xb02024f3) x9  0x0000000000001099
core   0: 0x0000000080005ff8 (0x0000a811) c.j     pc + 20
core   0: 3 0x0000000080005ff8 (0xa811)
core   0: >>>>  mepc_4
core   0: 0x000000008000600c (0x00000791) c.addi  a5, 4
core   0: 3 0x000000008000600c (0x0791) x15 0x0000000080005888
core   0: 0x000000008000600e (0x34179073) csrrw   zero, mepc, a5
core   0: 3 0x000000008000600e (0x34179073) c833_mepc 0x0000000080005888
core   0: 0x0000000080006012 (0x30200073) mret
core   0: 3 0x0000000080006012 (0x30200073) c768_mstatus 0x8000000a00106080
core   0: 0x0000000080005888 (0x00000001) c.nop
core   0: 1 0x0000000080005888 (0x0001)
core   0: 0x000000008000588a (0x02b5d5bb) divuw   a1, a1, a1
core   0: 1 0x000000008000588a (0x02b5d5bb) x11 0x0000000000000001
core   0: 0x000000008000588e (0x0011569b) srliw   a3, sp, 1
core   0: 1 0x000000008000588e (0x0011569b) x13 0x0000000055bbcad1
core   0: 0x0000000080005892 (0x01ad5d3b) srlw    s10, s10, s10
core   0: 1 0x0000000080005892 (0x01ad5d3b) x26 0x00000000000c4bf7
core   0: 0x0000000080005896 (0x5525859b) addiw   a1, a1, 1362
core   0: 1 0x0000000080005896 (0x5525859b) x11 0x0000000000000553
core   0: 0x000000008000589a (0xc23671d3) fcvt.lu.d gp, fa2
core   0: 1 0x000000008000589a (0xc23671d3) c1_fflags 0x0000000000000013 x3  0xffffffffffffffff
core   0: 0x000000008000589e (0x0ff0000f) fence   iorw,iorw
core   0: 1 0x000000008000589e (0x0ff0000f)
core   0: 0x00000000800058a2 (0x000007b3) add     a5, zero, zero
core   0: 1 0x00000000800058a2 (0x000007b3) x15 0x0000000000000000
core   0: 0x00000000800058a6 (0x00831a3b) sllw    s4, t1, s0
core   0: 1 0x00000000800058a6 (0x00831a3b) x20 0x0000000000000001
core   0: 0x00000000800058aa (0xc0267ad3) fcvt.l.s s5, fa2
core   0: 1 0x00000000800058aa (0xc0267ad3) c1_fflags 0x0000000000000013 x21 0x7fffffffffffffff
core   0: 0x00000000800058ae (0x0ff0000f) fence   iorw,iorw
core   0: 1 0x00000000800058ae (0x0ff0000f)
core   0: 0x00000000800058b2 (0xf2078f53) fmv.d.x ft10, a5
core   0: 1 0x00000000800058b2 (0xf2078f53) f30 0x0000000000000000
core   0: 0x00000000800058b6 (0x0a1b7b53) fsub.d  fs6, fs6, ft1
core   0: 1 0x00000000800058b6 (0x0a1b7b53) f22 0xbff0000000000000
core   0: 0x00000000800058ba (0x00269133) sll     sp, a3, sp
core   0: 1 0x00000000800058ba (0x00269133) x2  0x56ef2b4400000000
core   0: 0x00000000800058be (0x00000001) c.nop
core   0: 1 0x00000000800058be (0x0001)
core   0: 0x00000000800058c0 (0x00901b33) sll     s6, zero, s1
core   0: 1 0x00000000800058c0 (0x00901b33) x22 0x0000000000000000
core   0: 0x00000000800058c4 (0xc2177653) fcvt.wu.d a2, fa4
core   0: 1 0x00000000800058c4 (0xc2177653) x12 0x0000000000000000
core   0: 0x00000000800058c8 (0x02961593) slli    a1, a2, 41
core   0: 1 0x00000000800058c8 (0x02961593) x11 0x0000000000000000
core   0: 0x00000000800058cc (0xb2d6f6c3) fmadd.d fa3, fa3, fa3, fs6
core   0: 1 0x00000000800058cc (0xb2d6f6c3) f13 0x7ff8000000000000
core   0: 0x00000000800058d0 (0x0161013b) addw    sp, sp, s6
core   0: 1 0x00000000800058d0 (0x0161013b) x2  0x0000000000000000
core   0: 0x00000000800058d4 (0x0072e2b3) or      t0, t0, t2
core   0: 1 0x00000000800058d4 (0x0072e2b3) x5  0x0000000000000000
core   0: 0x00000000800058d8 (0x3440f6f3) csrrci  a3, mip, 1
core   0: exception trap_illegal_instruction, epc 0x00000000800058d8
core   0:           tval 0x000000003440f6f3
core   0: >>>>  $xrv64i2p1_m2p0_a2p1_f2p2_d2p2_zicsr2p0_zifencei2p0_zmmul1p0_zba1p0_zbb1p0_zbc1p0_zbs1p0
core   0: 0x0000000080004000 (0x0080006f) j       pc + 0x8
core   0: 3 0x0000000080004000 (0x0080006f)
core   0: >>>>  mmode_exception_handler
core   0: 0x0000000080004008 (0x00002c17) auipc   s8, 0x2
core   0: 3 0x0000000080004008 (0x00002c17) x24 0x0000000080006008
core   0: 0x000000008000400c (0xfd0c0c13) addi    s8, s8, -48
core   0: 3 0x000000008000400c (0xfd0c0c13) x24 0x0000000080005fd8
core   0: 0x0000000080004010 (0x000c00e7) jalr    s8
core   0: 3 0x0000000080004010 (0x000c00e7) x1  0x0000000080004014
core   0: >>>>  any_handler
core   0: 0x0000000080005fd8 (0x341027f3) csrrs   a5, mepc, zero
core   0: 3 0x0000000080005fd8 (0x341027f3) x15 0x00000000800058d8
core   0: 0x0000000080005fdc (0x34202773) csrrs   a4, mcause, zero
core   0: 3 0x0000000080005fdc (0x34202773) x14 0x0000000000000002
core   0: 0x0000000080005fe0 (0x142026f3) csrrs   a3, scause, zero
core   0: 3 0x0000000080005fe0 (0x142026f3) x13 0x0000000000000007
core   0: 0x0000000080005fe4 (0x30402673) csrrs   a2, mie, zero
core   0: 3 0x0000000080005fe4 (0x30402673) x12 0x0000000000000a00
core   0: 0x0000000080005fe8 (0x344025f3) csrrs   a1, mip, zero
core   0: 3 0x0000000080005fe8 (0x344025f3) x11 0x0000000000000080
core   0: 0x0000000080005fec (0x343025f3) csrrs   a1, mtval, zero
core   0: 3 0x0000000080005fec (0x343025f3) x11 0x000000003440f6f3
core   0: 0x0000000080005ff0 (0x14302573) csrrs   a0, stval, zero
core   0: 3 0x0000000080005ff0 (0x14302573) x10 0x0000000000000000
core   0: 0x0000000080005ff4 (0xb02024f3) csrrs   s1, minstret, zero
core   0: 3 0x0000000080005ff4 (0xb02024f3) x9  0x00000000000010be
core   0: 0x0000000080005ff8 (0x0000a811) c.j     pc + 20
core   0: 3 0x0000000080005ff8 (0xa811)
core   0: >>>>  mepc_4
core   0: 0x000000008000600c (0x00000791) c.addi  a5, 4
core   0: 3 0x000000008000600c (0x0791) x15 0x00000000800058dc
core   0: 0x000000008000600e (0x34179073) csrrw   zero, mepc, a5
core   0: 3 0x000000008000600e (0x34179073) c833_mepc 0x00000000800058dc
core   0: 0x0000000080006012 (0x30200073) mret
core   0: 3 0x0000000080006012 (0x30200073) c768_mstatus 0x8000000a00106080
core   0: 0x00000000800058dc (0xc3faf4cf) fnmadd.d fs1, fs5, ft11, fs8
core   0: 1 0x00000000800058dc (0xc3faf4cf) f9  0x7ff8000000000000
core   0: 0x00000000800058e0 (0x2ab58cd3) fmin.d  fs9, fa1, fa1
core   0: 1 0x00000000800058e0 (0x2ab58cd3) f25 0x7ff8000000000000
core   0: 0x00000000800058e4 (0x2b3702d3) fmin.d  ft5, fa4, fs3
core   0: 1 0x00000000800058e4 (0x2b3702d3) f5  0x8000000000000000
core   0: 0x00000000800058e8 (0x0024559b) srliw   a1, s0, 2
core   0: 1 0x00000000800058e8 (0x0024559b) x11 0x0000000000000000
core   0: 0x00000000800058ec (0x03656d3b) remw    s10, a0, s6
core   0: 1 0x00000000800058ec (0x03656d3b) x26 0x0000000000000000
core   0: 0x00000000800058f0 (0x22bc95d3) fsgnjn.d fa1, fs9, fa1
core   0: 1 0x00000000800058f0 (0x22bc95d3) f11 0xfff8000000000000
core   0: 0x00000000800058f4 (0x016d121b) slliw   tp, s10, 22
core   0: 1 0x00000000800058f4 (0x016d121b) x4  0x0000000000000000
core   0: 0x00000000800058f8 (0x01d93eb3) sltu    t4, s2, t4
core   0: 1 0x00000000800058f8 (0x01d93eb3) x29 0x0000000000000001
core   0: 0x00000000800058fc (0x01080c33) add     s8, a6, a6
core   0: 1 0x00000000800058fc (0x01080c33) x24 0x0000000100008028
core   0: 0x0000000080005900 (0xe2030dd3) fmv.x.d s11, ft6
core   0: 1 0x0000000080005900 (0xe2030dd3) x27 0xffffffff00000000
core   0: 0x0000000080005904 (0x40c5563b) sraw    a2, a0, a2
core   0: 1 0x0000000080005904 (0x40c5563b) x12 0x0000000000000000
core   0: 0x0000000080005908 (0x03c6713b) remuw   sp, a2, t3
core   0: 1 0x0000000080005908 (0x03c6713b) x2  0x0000000000000000
core   0: 0x000000008000590c (0x002bd0b3) srl     ra, s7, sp
core   0: 1 0x000000008000590c (0x002bd0b3) x1  0x0000000000000013
core   0: 0x0000000080005910 (0x001024f3) csrrs   s1, fflags, zero
core   0: 1 0x0000000080005910 (0x001024f3) x9  0x0000000000000013
core   0: 0x0000000080005914 (0x6650ea13) ori     s4, ra, 1637
core   0: 1 0x0000000080005914 (0x6650ea13) x20 0x0000000000000677
core   0: 0x0000000080005918 (0x41408e33) sub     t3, ra, s4
core   0: 1 0x0000000080005918 (0x41408e33) x28 0xfffffffffffff99c
core   0: 0x000000008000591c (0xf67e4397) auipc   t2, 0xf67e4
core   0: 1 0x000000008000591c (0xf67e4397) x7  0x00000000767e991c
core   0: 0x0000000080005920 (0x226a19d3) fsgnjn.d fs3, fs4, ft6
core   0: 1 0x0000000080005920 (0x226a19d3) f19 0x7fffffffffffffff
core   0: 0x0000000080005924 (0x8003c193) xori    gp, t2, -2048
core   0: 1 0x0000000080005924 (0x8003c193) x3  0xffffffff8981611c
core   0: 0x0000000080005928 (0x03f75393) srli    t2, a4, 63
core   0: 1 0x0000000080005928 (0x03f75393) x7  0x0000000000000000
core   0: 0x000000008000592c (0x013d1d1b) slliw   s10, s10, 19
core   0: 1 0x000000008000592c (0x013d1d1b) x26 0x0000000000000000
core   0: 0x0000000080005930 (0x004188b7) lui     a7, 0x418
core   0: 1 0x0000000080005930 (0x004188b7) x17 0x0000000000418000
core   0: 0x0000000080005934 (0x24b8889b) addiw   a7, a7, 587
core   0: 1 0x0000000080005934 (0x24b8889b) x17 0x000000000041824b
core   0: 0x0000000080005938 (0x000008b2) c.slli  a7, 12
core   0: 1 0x0000000080005938 (0x08b2) x17 0x000000041824b000
core   0: 0x000000008000593a (0x3d188893) addi    a7, a7, 977
core   0: 1 0x000000008000593a (0x3d188893) x17 0x000000041824b3d1
core   0: 0x000000008000593e (0x406052b3) sra     t0, zero, t1
core   0: 1 0x000000008000593e (0x406052b3) x5  0x0000000000000000
core   0: 0x0000000080005942 (0x01c42433) slt     s0, s0, t3
core   0: 1 0x0000000080005942 (0x01c42433) x8  0x0000000000000000
core   0: 0x0000000080005946 (0x00a5d533) srl     a0, a1, a0
core   0: 1 0x0000000080005946 (0x00a5d533) x10 0x0000000000000000
core   0: 0x000000008000594a (0x2b759bd3) fmax.d  fs7, fa1, fs7
core   0: 1 0x000000008000594a (0x2b759bd3) f23 0x7ff8000000000000
core   0: 0x000000008000594e (0x2af38253) fmin.d  ft4, ft7, fa5
core   0: 1 0x000000008000594e (0x2af38253) f4  0x8000000000000000
core   0: 0x0000000080005952 (0xc2227453) fcvt.l.d s0, ft4
core   0: 1 0x0000000080005952 (0xc2227453) x8  0x0000000000000000
core   0: 0x0000000080005956 (0x02f707b3) mul     a5, a4, a5
core   0: 1 0x0000000080005956 (0x02f707b3) x15 0x000000010000b1b8
core   0: 0x000000008000595a (0x22bcacd3) fsgnjx.d fs9, fs9, fa1
core   0: 1 0x000000008000595a (0x22bcacd3) f25 0xfff8000000000000
core   0: 0x000000008000595e (0x039e75b3) remu    a1, t3, s9
core   0: 1 0x000000008000595e (0x039e75b3) x11 0x7ffffffffffff99d
core   0: 0x0000000080005962 (0x0078983b) sllw    a6, a7, t2
core   0: 1 0x0000000080005962 (0x0078983b) x16 0x000000001824b3d1
core   0: 0x0000000080005966 (0x3cd97497) auipc   s1, 0x3cd97
core   0: 1 0x0000000080005966 (0x3cd97497) x9  0x00000000bcd9c966
core   0: 0x000000008000596a (0xe20f0653) fmv.x.d a2, ft10
core   0: 1 0x000000008000596a (0xe20f0653) x12 0x0000000000000000
core   0: 0x000000008000596e (0x28580e1b) addiw   t3, a6, 645
core   0: 1 0x000000008000596e (0x28580e1b) x28 0x000000001824b656
core   0: 0x0000000080005972 (0x2abc1dd3) fmax.d  fs11, fs8, fa1
core   0: 1 0x0000000080005972 (0x2abc1dd3) f27 0x7ff8000000000000
core   0: 0x0000000080005976 (0x00202af3) csrrs   s5, frm, zero
core   0: 1 0x0000000080005976 (0x00202af3) x21 0x0000000000000000
core   0: 0x000000008000597a (0x1b4cfa53) fdiv.d  fs4, fs9, fs4
core   0: 1 0x000000008000597a (0x1b4cfa53) f20 0x7ff8000000000000
core   0: 0x000000008000597e (0x02c8073b) mulw    a4, a6, a2
core   0: 1 0x000000008000597e (0x02c8073b) x14 0x0000000000000000
core   0: 0x0000000080005982 (0xd2080453) fcvt.d.w fs0, a6
core   0: 1 0x0000000080005982 (0xd2080453) f8  0x41b824b3d1000000
core   0: 0x0000000080005986 (0x25454a17) auipc   s4, 0x25454
core   0: 1 0x0000000080005986 (0x25454a17) x20 0x00000000a5459986
core   0: 0x000000008000598a (0x22a50953) fsgnj.d fs2, fa0, fa0
core   0: 1 0x000000008000598a (0x22a50953) f18 0x7ff8000000000000
core   0: 0x000000008000598e (0x29f1ee97) auipc   t4, 0x29f1e
core   0: 1 0x000000008000598e (0x29f1ee97) x29 0x00000000a9f2398e
core   0: 0x0000000080005992 (0x00178013) addi    zero, a5, 1
core   0: 1 0x0000000080005992 (0x00178013)
core   0: 0x0000000080005996 (0x005b123b) sllw    tp, s6, t0
core   0: 1 0x0000000080005996 (0x005b123b) x4  0x0000000000000000
core   0: 0x000000008000599a (0x404281bb) subw    gp, t0, tp
core   0: 1 0x000000008000599a (0x404281bb) x3  0x0000000000000000
core   0: 0x000000008000599e (0x2b2410d3) fmax.d  ft1, fs0, fs2
core   0: 1 0x000000008000599e (0x2b2410d3) f1  0x41b824b3d1000000
core   0: 0x00000000800059a2 (0x0325b9b3) mulhu   s3, a1, s2
core   0: 1 0x00000000800059a2 (0x0325b9b3) x19 0x0000000000000000
core   0: 0x00000000800059a6 (0x2270a9d3) fsgnjx.d fs3, ft1, ft7
core   0: 1 0x00000000800059a6 (0x2270a9d3) f19 0xc1b824b3d1000000
core   0: 0x00000000800059aa (0xeb33f6c7) fmsub.d fa3, ft7, fs3, ft9
core   0: 1 0x00000000800059aa (0xeb33f6c7) f13 0x0000000000000000
core   0: 0x00000000800059ae (0xd2158753) fcvt.d.wu fa4, a1
core   0: 1 0x00000000800059ae (0xd2158753) f14 0x41efffff33a00000
core   0: 0x00000000800059b2 (0xd0287bd3) fcvt.s.l fs7, a6
core   0: 1 0x00000000800059b2 (0xd0287bd3) c1_fflags 0x0000000000000013 f23 0xffffffff4dc1259f
core   0: 0x00000000800059b6 (0xc0482a73) csrrs   s4, hpmcounter4, a6
core   0: exception trap_illegal_instruction, epc 0x00000000800059b6
core   0:           tval 0x00000000c0482a73
core   0: >>>>  $xrv64i2p1_m2p0_a2p1_f2p2_d2p2_zicsr2p0_zifencei2p0_zmmul1p0_zba1p0_zbb1p0_zbc1p0_zbs1p0
core   0: 0x0000000080004000 (0x0080006f) j       pc + 0x8
core   0: 3 0x0000000080004000 (0x0080006f)
core   0: >>>>  mmode_exception_handler
core   0: 0x0000000080004008 (0x00002c17) auipc   s8, 0x2
core   0: 3 0x0000000080004008 (0x00002c17) x24 0x0000000080006008
core   0: 0x000000008000400c (0xfd0c0c13) addi    s8, s8, -48
core   0: 3 0x000000008000400c (0xfd0c0c13) x24 0x0000000080005fd8
core   0: 0x0000000080004010 (0x000c00e7) jalr    s8
core   0: 3 0x0000000080004010 (0x000c00e7) x1  0x0000000080004014
core   0: >>>>  any_handler
core   0: 0x0000000080005fd8 (0x341027f3) csrrs   a5, mepc, zero
core   0: 3 0x0000000080005fd8 (0x341027f3) x15 0x00000000800059b6
core   0: 0x0000000080005fdc (0x34202773) csrrs   a4, mcause, zero
core   0: 3 0x0000000080005fdc (0x34202773) x14 0x0000000000000002
core   0: 0x0000000080005fe0 (0x142026f3) csrrs   a3, scause, zero
core   0: 3 0x0000000080005fe0 (0x142026f3) x13 0x0000000000000007
core   0: 0x0000000080005fe4 (0x30402673) csrrs   a2, mie, zero
core   0: 3 0x0000000080005fe4 (0x30402673) x12 0x0000000000000a00
core   0: 0x0000000080005fe8 (0x344025f3) csrrs   a1, mip, zero
core   0: 3 0x0000000080005fe8 (0x344025f3) x11 0x0000000000000080
core   0: 0x0000000080005fec (0x343025f3) csrrs   a1, mtval, zero
core   0: 3 0x0000000080005fec (0x343025f3) x11 0x00000000c0482a73
core   0: 0x0000000080005ff0 (0x14302573) csrrs   a0, stval, zero
core   0: 3 0x0000000080005ff0 (0x14302573) x10 0x0000000000000000
core   0: 0x0000000080005ff4 (0xb02024f3) csrrs   s1, minstret, zero
core   0: 3 0x0000000080005ff4 (0xb02024f3) x9  0x0000000000001105
core   0: 0x0000000080005ff8 (0x0000a811) c.j     pc + 20
core   0: 3 0x0000000080005ff8 (0xa811)
core   0: >>>>  mepc_4
core   0: 0x000000008000600c (0x00000791) c.addi  a5, 4
core   0: 3 0x000000008000600c (0x0791) x15 0x00000000800059ba
core   0: 0x000000008000600e (0x34179073) csrrw   zero, mepc, a5
core   0: 3 0x000000008000600e (0x34179073) c833_mepc 0x00000000800059ba
core   0: 0x0000000080006012 (0x30200073) mret
core   0: 3 0x0000000080006012 (0x30200073) c768_mstatus 0x8000000a00106080
core   0: 0x00000000800059ba (0xc20a7653) fcvt.w.d a2, fs4
core   0: 1 0x00000000800059ba (0xc20a7653) c1_fflags 0x0000000000000013 x12 0x000000007fffffff
core   0: 0x00000000800059be (0xa0315337) lui     t1, 0xa0315
core   0: 1 0x00000000800059be (0xa0315337) x6  0xffffffffa0315000
core   0: 0x00000000800059c2 (0x22cc79cf) fnmadd.d fs3, fs8, fa2, ft4
core   0: 1 0x00000000800059c2 (0x22cc79cf) f19 0x7ff8000000000000
core   0: 0x00000000800059c6 (0x00202ef3) csrrs   t4, frm, zero
core   0: 1 0x00000000800059c6 (0x00202ef3) x29 0x0000000000000000
core   0: 0x00000000800059ca (0x00535b93) srli    s7, t1, 5
core   0: 1 0x00000000800059ca (0x00535b93) x23 0x07fffffffd018a80
core   0: 0x00000000800059ce (0x87bbb893) sltiu   a7, s7, -1925
core   0: 1 0x00000000800059ce (0x87bbb893) x17 0x0000000000000001
core   0: 0x00000000800059d2 (0xc79e6e13) ori     t3, t3, -903
core   0: 1 0x00000000800059d2 (0xc79e6e13) x28 0xfffffffffffffe7f
core   0: 0x00000000800059d6 (0xd036ff53) fcvt.s.lu ft10, a3
core   0: 1 0x00000000800059d6 (0xd036ff53) f30 0xffffffff40e00000
core   0: 0x00000000800059da (0x22ff1c53) fsgnjn.d fs8, ft10, fa5
core   0: 1 0x00000000800059da (0x22ff1c53) f24 0xffffffff40e00000
core   0: 0x00000000800059de (0xc0387853) fcvt.lu.s a6, fa6
core   0: 1 0x00000000800059de (0xc0387853) c1_fflags 0x0000000000000013 x16 0xffffffffffffffff
core   0: 0x00000000800059e2 (0xe8014b13) xori    s6, sp, -384
core   0: 1 0x00000000800059e2 (0xe8014b13) x22 0xfffffffffffffe80
core   0: 0x00000000800059e6 (0x9d327693) andi    a3, tp, -1581
core   0: 1 0x00000000800059e6 (0x9d327693) x13 0x0000000000000000
core   0: 0x00000000800059ea (0x4e285a17) auipc   s4, 0x4e285
core   0: 1 0x00000000800059ea (0x4e285a17) x20 0x00000000ce28a9ea
core   0: 0x00000000800059ee (0xa3096297) auipc   t0, 0xa3096
core   0: 1 0x00000000800059ee (0xa3096297) x5  0x000000002309b9ee
core   0: 0x00000000800059f2 (0xc2227e53) fcvt.l.d t3, ft4
core   0: 1 0x00000000800059f2 (0xc2227e53) x28 0x0000000000000000
core   0: 0x00000000800059f6 (0x03795bbb) divuw   s7, s2, s7
core   0: 1 0x00000000800059f6 (0x03795bbb) x23 0x0000000000000000
core   0: 0x00000000800059fa (0x00106013) prefetch.r 0(zero)
core   0: 1 0x00000000800059fa (0x00106013)
core   0: 0x00000000800059fe (0x00251473) csrrw   s0, frm, a0
core   0: 1 0x00000000800059fe (0x00251473) x8  0x0000000000000000 c2_frm 0x0000000000000000
core   0: 0x0000000080005a02 (0x01d5d01b) srliw   zero, a1, 29
core   0: 1 0x0000000080005a02 (0x01d5d01b)
core   0: 0x0000000080005a06 (0xd2207fd3) fcvt.d.l ft11, zero
core   0: 1 0x0000000080005a06 (0xd2207fd3) f31 0x0000000000000000
core   0: 0x0000000080005a0a (0x0ab17ad3) fsub.d  fs5, ft2, fa1
core   0: 1 0x0000000080005a0a (0x0ab17ad3) f21 0x7ff8000000000000
core   0: 0x0000000080005a0e (0x41995b3b) sraw    s6, s2, s9
core   0: 1 0x0000000080005a0e (0x41995b3b) x22 0x0000000000000000
core   0: 0x0000000080005a12 (0x002020f3) csrrs   ra, frm, zero
core   0: 1 0x0000000080005a12 (0x002020f3) x1  0x0000000000000000
core   0: 0x0000000080005a16 (0x4007d9b3) sra     s3, a5, zero
core   0: 1 0x0000000080005a16 (0x4007d9b3) x19 0x00000000800059ba
core   0: 0x0000000080005a1a (0x5b378c93) addi    s9, a5, 1459
core   0: 1 0x0000000080005a1a (0x5b378c93) x25 0x0000000080005f6d
core   0: 0x0000000080005a1e (0x9352f64f) fnmadd.d fa2, ft5, fs5, fs2
core   0: 1 0x0000000080005a1e (0x9352f64f) f12 0x7ff8000000000000
core   0: 0x0000000080005a22 (0x408d853b) subw    a0, s11, s0
core   0: 1 0x0000000080005a22 (0x408d853b) x10 0x0000000000000000
core   0: 0x0000000080005a26 (0x03a8c9b3) div     s3, a7, s10
core   0: 1 0x0000000080005a26 (0x03a8c9b3) x19 0xffffffffffffffff
core   0: 0x0000000080005a2a (0x432e5213) srai    tp, t3, 50
core   0: 1 0x0000000080005a2a (0x432e5213) x4  0x0000000000000000
core   0: 0x0000000080005a2e (0x40885a9b) sraiw   s5, a6, 8
core   0: 1 0x0000000080005a2e (0x40885a9b) x21 0xffffffffffffffff
core   0: 0x0000000080005a32 (0x2b770453) fmin.d  fs0, fa4, fs7
core   0: 1 0x0000000080005a32 (0x2b770453) f8  0x41efffff33a00000
core   0: 0x0000000080005a36 (0x5a06f153) fsqrt.d ft2, fa3
core   0: 1 0x0000000080005a36 (0x5a06f153) f2  0x0000000000000000
core   0: 0x0000000080005a3a (0x00bc043b) addw    s0, s8, a1
core   0: 1 0x0000000080005a3a (0x00bc043b) x8  0x0000000040488a4b
core   0: 0x0000000080005a3e (0x0288c53b) divw    a0, a7, s0
core   0: 1 0x0000000080005a3e (0x0288c53b) x10 0x0000000000000000
core   0: 0x0000000080005a42 (0x8fabce13) xori    t3, s7, -1798
core   0: 1 0x0000000080005a42 (0x8fabce13) x28 0xfffffffffffff8fa
core   0: 0x0000000080005a46 (0x2a2181d3) fmin.d  ft3, ft3, ft2
core   0: 1 0x0000000080005a46 (0x2a2181d3) f3  0x0000000000000000
core   0: 0x0000000080005a4a (0xd21e8453) fcvt.d.wu fs0, t4
core   0: 1 0x0000000080005a4a (0xd21e8453) f8  0x0000000000000000
core   0: 0x0000000080005a4e (0x004219bb) sllw    s3, tp, tp
core   0: 1 0x0000000080005a4e (0x004219bb) x19 0x0000000000000000
core   0: 0x0000000080005a52 (0x01486a33) or      s4, a6, s4
core   0: 1 0x0000000080005a52 (0x01486a33) x20 0xffffffffffffffff
core   0: 0x0000000080005a56 (0x000097d2) c.add   a5, s4
core   0: 1 0x0000000080005a56 (0x97d2) x15 0x00000000800059b9
core   0: 0x0000000080005a58 (0x228aa9d3) fsgnjx.d fs3, fs5, fs0
core   0: 1 0x0000000080005a58 (0x228aa9d3) f19 0x7ff8000000000000
core   0: 0x0000000080005a5c (0xefd60213) addi    tp, a2, -259
core   0: 1 0x0000000080005a5c (0xefd60213) x4  0x000000007ffffefc
core   0: 0x0000000080005a60 (0xa4de9897) auipc   a7, 0xa4de9
core   0: 1 0x0000000080005a60 (0xa4de9897) x17 0x0000000024deea60
core   0: 0x0000000080005a64 (0x0308c73b) divw    a4, a7, a6
core   0: 1 0x0000000080005a64 (0x0308c73b) x14 0xffffffffdb2115a0
core   0: 0x0000000080005a68 (0x01030bbb) addw    s7, t1, a6
core   0: 1 0x0000000080005a68 (0x01030bbb) x23 0xffffffffa0314fff
core   0: 0x0000000080005a6c (0x01675393) srli    t2, a4, 22
core   0: 1 0x0000000080005a6c (0x01675393) x7  0x000003ffffffff6c
core   0: 0x0000000080005a70 (0x00001e3e) c.slli  t3, 47
core   0: 1 0x0000000080005a70 (0x1e3e) x28 0xfc7d000000000000
core   0: 0x0000000080005a72 (0x70d48713) addi    a4, s1, 1805
core   0: 1 0x0000000080005a72 (0x70d48713) x14 0x0000000000001812
core   0: 0x0000000080005a76 (0xc221f953) fcvt.l.d s2, ft3
core   0: 1 0x0000000080005a76 (0xc221f953) x18 0x0000000000000000
core   0: 0x0000000080005a7a (0x03bbfb53) fadd.d  fs6, fs7, fs11
core   0: 1 0x0000000080005a7a (0x03bbfb53) f22 0x7ff8000000000000
core   0: 0x0000000080005a7e (0x00000001) c.nop
core   0: 1 0x0000000080005a7e (0x0001)
core   0: 0x0000000080005a80 (0xc23bf1d3) fcvt.lu.d gp, fs7
core   0: 1 0x0000000080005a80 (0xc23bf1d3) c1_fflags 0x0000000000000013 x3  0xffffffffffffffff
core   0: 0x0000000080005a84 (0x0077a9b3) slt     s3, a5, t2
core   0: 1 0x0000000080005a84 (0x0077a9b3) x19 0x0000000000000001
core   0: 0x0000000080005a88 (0x7ff1f013) andi    zero, gp, 2047
core   0: 1 0x0000000080005a88 (0x7ff1f013)
core   0: 0x0000000080005a8c (0xd21482d3) fcvt.d.wu ft5, s1
core   0: 1 0x0000000080005a8c (0xd21482d3) f5  0x40b1050000000000
core   0: 0x0000000080005a90 (0x0b64fd53) fsub.d  fs10, fs1, fs6
core   0: 1 0x0000000080005a90 (0x0b64fd53) f26 0x7ff8000000000000
core   0: 0x0000000080005a94 (0x411d02bb) subw    t0, s10, a7
core   0: 1 0x0000000080005a94 (0x411d02bb) x5  0xffffffffdb2115a0
core   0: 0x0000000080005a98 (0x420d03d3) fcvt.d.s ft7, fs10
core   0: 1 0x0000000080005a98 (0x420d03d3) f7  0x7ff8000000000000
core   0: 0x0000000080005a9c (0x420b00d3) fcvt.d.s ft1, fs6
core   0: 1 0x0000000080005a9c (0x420b00d3) f1  0x7ff8000000000000
core   0: 0x0000000080005aa0 (0x007287bb) addw    a5, t0, t2
core   0: 1 0x0000000080005aa0 (0x007287bb) x15 0xffffffffdb21150c
core   0: 0x0000000080005aa4 (0x00000001) c.nop
core   0: 1 0x0000000080005aa4 (0x0001)
core   0: 0x0000000080005aa6 (0x02bd6cbb) remw    s9, s10, a1
core   0: 1 0x0000000080005aa6 (0x02bd6cbb) x25 0x0000000000000000
core   0: 0x0000000080005aaa (0xe2028053) fmv.x.d zero, ft5
core   0: 1 0x0000000080005aaa (0xe2028053)
core   0: 0x0000000080005aae (0x02d9ea33) rem     s4, s3, a3
core   0: 1 0x0000000080005aae (0x02d9ea33) x20 0x0000000000000001
core   0: 0x0000000080005ab2 (0x033a3d33) mulhu   s10, s4, s3
core   0: 1 0x0000000080005ab2 (0x033a3d33) x26 0x0000000000000000
core   0: 0x0000000080005ab6 (0x40f7803b) subw    zero, a5, a5
core   0: 1 0x0000000080005ab6 (0x40f7803b)
core   0: 0x0000000080005aba (0xc20b77d3) fcvt.w.d a5, fs6
core   0: 1 0x0000000080005aba (0xc20b77d3) c1_fflags 0x0000000000000013 x15 0x000000007fffffff
core   0: 0x0000000080005abe (0x0013c0b3) xor     ra, t2, ra
core   0: 1 0x0000000080005abe (0x0013c0b3) x1  0x000003ffffffff6c
core   0: 0x0000000080005ac2 (0x00e74db3) xor     s11, a4, a4
core   0: 1 0x0000000080005ac2 (0x00e74db3) x27 0x0000000000000000
core   0: 0x0000000080005ac6 (0x01678bb3) add     s7, a5, s6
core   0: 1 0x0000000080005ac6 (0x01678bb3) x23 0x000000007fffffff
core   0: 0x0000000080005aca (0x02e3c1bb) divw    gp, t2, a4
core   0: 1 0x0000000080005aca (0x02e3c1bb) x3  0x0000000000000000
core   0: 0x0000000080005ace (0x239e8553) fsgnj.d fa0, ft9, fs9
core   0: 1 0x0000000080005ace (0x239e8553) f10 0x8000000000000000
core   0: 0x0000000080005ad2 (0x02fb5d93) srli    s11, s6, 47
core   0: 1 0x0000000080005ad2 (0x02fb5d93) x27 0x0000000000000000
core   0: 0x0000000080005ad6 (0x5a067653) fsqrt.d fa2, fa2
core   0: 1 0x0000000080005ad6 (0x5a067653) f12 0x7ff8000000000000
core   0: 0x0000000080005ada (0x015df2b7) lui     t0, 0x15df
core   0: 1 0x0000000080005ada (0x015df2b7) x5  0x00000000015df000
core   0: 0x0000000080005ade (0x2f12829b) addiw   t0, t0, 753
core   0: 1 0x0000000080005ade (0x2f12829b) x5  0x00000000015df2f1
core   0: 0x0000000080005ae2 (0x000002b2) c.slli  t0, 12
core   0: 1 0x0000000080005ae2 (0x02b2) x5  0x00000015df2f1000
core   0: 0x0000000080005ae4 (0x89728293) addi    t0, t0, -1897
core   0: 1 0x0000000080005ae4 (0x89728293) x5  0x00000015df2f0897
core   0: 0x0000000080005ae8 (0x000dc193) xori    gp, s11, 0
core   0: 1 0x0000000080005ae8 (0x000dc193) x3  0x0000000000000000
core   0: 0x0000000080005aec (0xfe96b4b7) lui     s1, 0xfe96b
core   0: 1 0x0000000080005aec (0xfe96b4b7) x9  0xfffffffffe96b000
core   0: 0x0000000080005af0 (0x2674849b) addiw   s1, s1, 615
core   0: 1 0x0000000080005af0 (0x2674849b) x9  0xfffffffffe96b267
core   0: 0x0000000080005af4 (0x000004b2) c.slli  s1, 12
core   0: 1 0x0000000080005af4 (0x04b2) x9  0xffffffe96b267000
core   0: 0x0000000080005af6 (0xbfe48493) addi    s1, s1, -1026
core   0: 1 0x0000000080005af6 (0xbfe48493) x9  0xffffffe96b266bfe
core   0: 0x0000000080005afa (0x0036ddb3) srl     s11, a3, gp
core   0: 1 0x0000000080005afa (0x0036ddb3) x27 0x0000000000000000
core   0: 0x0000000080005afe (0xb0205973) csrrwi  s2, minstret, 0
core   0: exception trap_illegal_instruction, epc 0x0000000080005afe
core   0:           tval 0x00000000b0205973
core   0: >>>>  $xrv64i2p1_m2p0_a2p1_f2p2_d2p2_zicsr2p0_zifencei2p0_zmmul1p0_zba1p0_zbb1p0_zbc1p0_zbs1p0
core   0: 0x0000000080004000 (0x0080006f) j       pc + 0x8
core   0: 3 0x0000000080004000 (0x0080006f)
core   0: >>>>  mmode_exception_handler
core   0: 0x0000000080004008 (0x00002c17) auipc   s8, 0x2
core   0: 3 0x0000000080004008 (0x00002c17) x24 0x0000000080006008
core   0: 0x000000008000400c (0xfd0c0c13) addi    s8, s8, -48
core   0: 3 0x000000008000400c (0xfd0c0c13) x24 0x0000000080005fd8
core   0: 0x0000000080004010 (0x000c00e7) jalr    s8
core   0: 3 0x0000000080004010 (0x000c00e7) x1  0x0000000080004014
core   0: >>>>  any_handler
core   0: 0x0000000080005fd8 (0x341027f3) csrrs   a5, mepc, zero
core   0: 3 0x0000000080005fd8 (0x341027f3) x15 0x0000000080005afe
core   0: 0x0000000080005fdc (0x34202773) csrrs   a4, mcause, zero
core   0: 3 0x0000000080005fdc (0x34202773) x14 0x0000000000000002
core   0: 0x0000000080005fe0 (0x142026f3) csrrs   a3, scause, zero
core   0: 3 0x0000000080005fe0 (0x142026f3) x13 0x0000000000000007
core   0: 0x0000000080005fe4 (0x30402673) csrrs   a2, mie, zero
core   0: 3 0x0000000080005fe4 (0x30402673) x12 0x0000000000000a00
core   0: 0x0000000080005fe8 (0x344025f3) csrrs   a1, mip, zero
core   0: 3 0x0000000080005fe8 (0x344025f3) x11 0x0000000000000080
core   0: 0x0000000080005fec (0x343025f3) csrrs   a1, mtval, zero
core   0: 3 0x0000000080005fec (0x343025f3) x11 0x00000000b0205973
core   0: 0x0000000080005ff0 (0x14302573) csrrs   a0, stval, zero
core   0: 3 0x0000000080005ff0 (0x14302573) x10 0x0000000000000000
core   0: 0x0000000080005ff4 (0xb02024f3) csrrs   s1, minstret, zero
core   0: 3 0x0000000080005ff4 (0xb02024f3) x9  0x0000000000001169
core   0: 0x0000000080005ff8 (0x0000a811) c.j     pc + 20
core   0: 3 0x0000000080005ff8 (0xa811)
core   0: >>>>  mepc_4
core   0: 0x000000008000600c (0x00000791) c.addi  a5, 4
core   0: 3 0x000000008000600c (0x0791) x15 0x0000000080005b02
core   0: 0x000000008000600e (0x34179073) csrrw   zero, mepc, a5
core   0: 3 0x000000008000600e (0x34179073) c833_mepc 0x0000000080005b02
core   0: 0x0000000080006012 (0x30200073) mret
core   0: 3 0x0000000080006012 (0x30200073) c768_mstatus 0x8000000a00106080
core   0: 0x0000000080005b02 (0x416c5c1b) sraiw   s8, s8, 22
core   0: 1 0x0000000080005b02 (0x416c5c1b) x24 0xfffffffffffffe00
core   0: 0x0000000080005b06 (0x5a097dd3) fsqrt.d fs11, fs2
core   0: 1 0x0000000080005b06 (0x5a097dd3) f27 0x7ff8000000000000
core   0: 0x0000000080005b0a (0x222d819b) addiw   gp, s11, 546
core   0: 1 0x0000000080005b0a (0x222d819b) x3  0x0000000000000222
core   0: 0x0000000080005b0e (0x1be77f53) fdiv.d  ft10, fa4, ft10
core   0: 1 0x0000000080005b0e (0x1be77f53) f30 0x7ff8000000000000
core   0: 0x0000000080005b12 (0xbbcbfe43) fmadd.d ft8, fs7, ft8, fs7
core   0: 1 0x0000000080005b12 (0xbbcbfe43) f28 0x7ff8000000000000
core   0: 0x0000000080005b16 (0xc02ffef3) csrrci  t4, instret, 31
core   0: exception trap_illegal_instruction, epc 0x0000000080005b16
core   0:           tval 0x00000000c02ffef3
core   0: >>>>  $xrv64i2p1_m2p0_a2p1_f2p2_d2p2_zicsr2p0_zifencei2p0_zmmul1p0_zba1p0_zbb1p0_zbc1p0_zbs1p0
core   0: 0x0000000080004000 (0x0080006f) j       pc + 0x8
core   0: 3 0x0000000080004000 (0x0080006f)
core   0: >>>>  mmode_exception_handler
core   0: 0x0000000080004008 (0x00002c17) auipc   s8, 0x2
core   0: 3 0x0000000080004008 (0x00002c17) x24 0x0000000080006008
core   0: 0x000000008000400c (0xfd0c0c13) addi    s8, s8, -48
core   0: 3 0x000000008000400c (0xfd0c0c13) x24 0x0000000080005fd8
core   0: 0x0000000080004010 (0x000c00e7) jalr    s8
core   0: 3 0x0000000080004010 (0x000c00e7) x1  0x0000000080004014
core   0: >>>>  any_handler
core   0: 0x0000000080005fd8 (0x341027f3) csrrs   a5, mepc, zero
core   0: 3 0x0000000080005fd8 (0x341027f3) x15 0x0000000080005b16
core   0: 0x0000000080005fdc (0x34202773) csrrs   a4, mcause, zero
core   0: 3 0x0000000080005fdc (0x34202773) x14 0x0000000000000002
core   0: 0x0000000080005fe0 (0x142026f3) csrrs   a3, scause, zero
core   0: 3 0x0000000080005fe0 (0x142026f3) x13 0x0000000000000007
core   0: 0x0000000080005fe4 (0x30402673) csrrs   a2, mie, zero
core   0: 3 0x0000000080005fe4 (0x30402673) x12 0x0000000000000a00
core   0: 0x0000000080005fe8 (0x344025f3) csrrs   a1, mip, zero
core   0: 3 0x0000000080005fe8 (0x344025f3) x11 0x0000000000000080
core   0: 0x0000000080005fec (0x343025f3) csrrs   a1, mtval, zero
core   0: 3 0x0000000080005fec (0x343025f3) x11 0x00000000c02ffef3
core   0: 0x0000000080005ff0 (0x14302573) csrrs   a0, stval, zero
core   0: 3 0x0000000080005ff0 (0x14302573) x10 0x0000000000000000
core   0: 0x0000000080005ff4 (0xb02024f3) csrrs   s1, minstret, zero
core   0: 3 0x0000000080005ff4 (0xb02024f3) x9  0x000000000000117e
core   0: 0x0000000080005ff8 (0x0000a811) c.j     pc + 20
core   0: 3 0x0000000080005ff8 (0xa811)
core   0: >>>>  mepc_4
core   0: 0x000000008000600c (0x00000791) c.addi  a5, 4
core   0: 3 0x000000008000600c (0x0791) x15 0x0000000080005b1a
core   0: 0x000000008000600e (0x34179073) csrrw   zero, mepc, a5
core   0: 3 0x000000008000600e (0x34179073) c833_mepc 0x0000000080005b1a
core   0: 0x0000000080006012 (0x30200073) mret
core   0: 3 0x0000000080006012 (0x30200073) c768_mstatus 0x8000000a00106080
core   0: 0x0000000080005b1a (0xd03efa53) fcvt.s.lu fs4, t4
core   0: 1 0x0000000080005b1a (0xd03efa53) f20 0xffffffff00000000
core   0: 0x0000000080005b1e (0xa32a0653) fle.d   a2, fs4, fs2
core   0: 1 0x0000000080005b1e (0xa32a0653) c1_fflags 0x0000000000000013 x12 0x0000000000000000
core   0: 0x0000000080005b22 (0xd21a8f53) fcvt.d.wu ft10, s5
core   0: 1 0x0000000080005b22 (0xd21a8f53) f30 0x41efffffffe00000
core   0: 0x0000000080005b26 (0x015aa4b3) slt     s1, s5, s5
core   0: 1 0x0000000080005b26 (0x015aa4b3) x9  0x0000000000000000
core   0: 0x0000000080005b2a (0x00000001) c.nop
core   0: 1 0x0000000080005b2a (0x0001)
core   0: 0x0000000080005b2c (0x02c79593) slli    a1, a5, 44
core   0: 1 0x0000000080005b2c (0x02c79593) x11 0x05b1a00000000000
core   0: 0x0000000080005b30 (0xc023f3d3) fcvt.l.s t2, ft7
core   0: 1 0x0000000080005b30 (0xc023f3d3) c1_fflags 0x0000000000000013 x7  0x7fffffffffffffff
core   0: 0x0000000080005b34 (0x001cdc93) srli    s9, s9, 1
core   0: 1 0x0000000080005b34 (0x001cdc93) x25 0x0000000000000000
core   0: 0x0000000080005b38 (0x01021b9b) slliw   s7, tp, 16
core   0: 1 0x0000000080005b38 (0x01021b9b) x23 0xfffffffffefc0000
core   0: 0x0000000080005b3c (0xd2020253) fcvt.d.w ft4, tp
core   0: 1 0x0000000080005b3c (0xd2020253) f4  0x41dfffffbf000000
core   0: 0x0000000080005b40 (0x0171823b) addw    tp, gp, s7
core   0: 1 0x0000000080005b40 (0x0171823b) x4  0xfffffffffefc0222
core   0: 0x0000000080005b44 (0x2b4a0853) fmin.d  fa6, fs4, fs4
core   0: 1 0x0000000080005b44 (0x2b4a0853) f16 0x7ff8000000000000
core   0: 0x0000000080005b48 (0x7ff5f093) andi    ra, a1, 2047
core   0: 1 0x0000000080005b48 (0x7ff5f093) x1  0x0000000000000000
core   0: 0x0000000080005b4c (0x419a5cbb) sraw    s9, s4, s9
core   0: 1 0x0000000080005b4c (0x419a5cbb) x25 0x0000000000000001
core   0: 0x0000000080005b50 (0x02175bb3) divu    s7, a4, ra
core   0: 1 0x0000000080005b50 (0x02175bb3) x23 0xffffffffffffffff
core   0: 0x0000000080005b54 (0x39c7ad37) lui     s10, 0x39c7a
core   0: 1 0x0000000080005b54 (0x39c7ad37) x26 0x0000000039c7a000
core   0: 0x0000000080005b58 (0x0ff0000f) fence   iorw,iorw
core   0: 1 0x0000000080005b58 (0x0ff0000f)
core   0: 0x0000000080005b5c (0x01ad2cb3) slt     s9, s10, s10
core   0: 1 0x0000000080005b5c (0x01ad2cb3) x25 0x0000000000000000
core   0: 0x0000000080005b60 (0x40b6d713) srai    a4, a3, 11
core   0: 1 0x0000000080005b60 (0x40b6d713) x14 0x0000000000000000
core   0: 0x0000000080005b64 (0x320527f3) csrrs   a5, mcountinhibit, a0
core   0: exception trap_illegal_instruction, epc 0x0000000080005b64
core   0:           tval 0x00000000320527f3
core   0: >>>>  $xrv64i2p1_m2p0_a2p1_f2p2_d2p2_zicsr2p0_zifencei2p0_zmmul1p0_zba1p0_zbb1p0_zbc1p0_zbs1p0
core   0: 0x0000000080004000 (0x0080006f) j       pc + 0x8
core   0: 3 0x0000000080004000 (0x0080006f)
core   0: >>>>  mmode_exception_handler
core   0: 0x0000000080004008 (0x00002c17) auipc   s8, 0x2
core   0: 3 0x0000000080004008 (0x00002c17) x24 0x0000000080006008
core   0: 0x000000008000400c (0xfd0c0c13) addi    s8, s8, -48
core   0: 3 0x000000008000400c (0xfd0c0c13) x24 0x0000000080005fd8
core   0: 0x0000000080004010 (0x000c00e7) jalr    s8
core   0: 3 0x0000000080004010 (0x000c00e7) x1  0x0000000080004014
core   0: >>>>  any_handler
core   0: 0x0000000080005fd8 (0x341027f3) csrrs   a5, mepc, zero
core   0: 3 0x0000000080005fd8 (0x341027f3) x15 0x0000000080005b64
core   0: 0x0000000080005fdc (0x34202773) csrrs   a4, mcause, zero
core   0: 3 0x0000000080005fdc (0x34202773) x14 0x0000000000000002
core   0: 0x0000000080005fe0 (0x142026f3) csrrs   a3, scause, zero
core   0: 3 0x0000000080005fe0 (0x142026f3) x13 0x0000000000000007
core   0: 0x0000000080005fe4 (0x30402673) csrrs   a2, mie, zero
core   0: 3 0x0000000080005fe4 (0x30402673) x12 0x0000000000000a00
core   0: 0x0000000080005fe8 (0x344025f3) csrrs   a1, mip, zero
core   0: 3 0x0000000080005fe8 (0x344025f3) x11 0x0000000000000080
core   0: 0x0000000080005fec (0x343025f3) csrrs   a1, mtval, zero
core   0: 3 0x0000000080005fec (0x343025f3) x11 0x00000000320527f3
core   0: 0x0000000080005ff0 (0x14302573) csrrs   a0, stval, zero
core   0: 3 0x0000000080005ff0 (0x14302573) x10 0x0000000000000000
core   0: 0x0000000080005ff4 (0xb02024f3) csrrs   s1, minstret, zero
core   0: 3 0x0000000080005ff4 (0xb02024f3) x9  0x00000000000011a1
core   0: 0x0000000080005ff8 (0x0000a811) c.j     pc + 20
core   0: 3 0x0000000080005ff8 (0xa811)
core   0: >>>>  mepc_4
core   0: 0x000000008000600c (0x00000791) c.addi  a5, 4
core   0: 3 0x000000008000600c (0x0791) x15 0x0000000080005b68
core   0: 0x000000008000600e (0x34179073) csrrw   zero, mepc, a5
core   0: 3 0x000000008000600e (0x34179073) c833_mepc 0x0000000080005b68
core   0: 0x0000000080006012 (0x30200073) mret
core   0: 3 0x0000000080006012 (0x30200073) c768_mstatus 0x8000000a00106080
core   0: 0x0000000080005b68 (0x40137353) fcvt.s.d ft6, ft6
core   0: 1 0x0000000080005b68 (0x40137353) f6  0xffffffff7fc00000
core   0: 0x0000000080005b6c (0xd21c8253) fcvt.d.wu ft4, s9
core   0: 1 0x0000000080005b6c (0xd21c8253) f4  0x0000000000000000
core   0: 0x0000000080005b70 (0xd02cf6d3) fcvt.s.l fa3, s9
core   0: 1 0x0000000080005b70 (0xd02cf6d3) f13 0xffffffff00000000
core   0: 0x0000000080005b74 (0x22722653) fsgnjx.d fa2, ft4, ft7
core   0: 1 0x0000000080005b74 (0x22722653) f12 0x0000000000000000
core   0: 0x0000000080005b78 (0x4028deb3) sra     t4, a7, sp
core   0: 1 0x0000000080005b78 (0x4028deb3) x29 0x0000000024deea60
core   0: 0x0000000080005b7c (0xa59eee13) ori     t3, t4, -1447
core   0: 1 0x0000000080005b7c (0xa59eee13) x28 0xfffffffffffffa79
core   0: 0x0000000080005b80 (0xa3162cd3) feq.d   s9, fa2, fa7
core   0: 1 0x0000000080005b80 (0xa3162cd3) x25 0x0000000000000000
core   0: 0x0000000080005b84 (0x420888d3) fcvt.d.s fa7, fa7
core   0: 1 0x0000000080005b84 (0x420888d3) f17 0x43f0000000000000
core   0: 0x0000000080005b88 (0x00ec873b) addw    a4, s9, a4
core   0: 1 0x0000000080005b88 (0x00ec873b) x14 0x0000000000000002
core   0: 0x0000000080005b8c (0xc3a27d4b) fnmsub.d fs10, ft4, fs10, fs8
core   0: 1 0x0000000080005b8c (0xc3a27d4b) f26 0x7ff8000000000000
core   0: 0x0000000080005b90 (0x22280153) fsgnj.d ft2, fa6, ft2
core   0: 1 0x0000000080005b90 (0x22280153) f2  0x7ff8000000000000
core   0: 0x0000000080005b94 (0x0209fd33) remu    s10, s3, zero
core   0: 1 0x0000000080005b94 (0x0209fd33) x26 0x0000000000000001
core   0: 0x0000000080005b98 (0x0ff0000f) fence   iorw,iorw
core   0: 1 0x0000000080005b98 (0x0ff0000f)
core   0: 0x0000000080005b9c (0xc0327c53) fcvt.lu.s s8, ft4
core   0: 1 0x0000000080005b9c (0xc0327c53) c1_fflags 0x0000000000000013 x24 0xffffffffffffffff
core   0: 0x0000000080005ba0 (0x017344b3) xor     s1, t1, s7
core   0: 1 0x0000000080005ba0 (0x017344b3) x9  0x000000005fceafff
core   0: 0x0000000080005ba4 (0x1007e893) ori     a7, a5, 256
core   0: 1 0x0000000080005ba4 (0x1007e893) x17 0x0000000080005b68
core   0: 0x0000000080005ba8 (0xab83facf) fnmadd.d fs5, ft7, fs8, fs5
core   0: 1 0x0000000080005ba8 (0xab83facf) f21 0x7ff8000000000000
core   0: 0x0000000080005bac (0x00000001) c.nop
core   0: 1 0x0000000080005bac (0x0001)
core   0: 0x0000000080005bae (0x00000001) c.nop
core   0: 1 0x0000000080005bae (0x0001)
core   0: 0x0000000080005bb0 (0x420c0ad3) fcvt.d.s fs5, fs8
core   0: 1 0x0000000080005bb0 (0x420c0ad3) f21 0x401c000000000000
core   0: 0x0000000080005bb4 (0x344f56f3) csrrwi  a3, mip, 30
core   0: exception trap_illegal_instruction, epc 0x0000000080005bb4
core   0:           tval 0x00000000344f56f3
core   0: >>>>  $xrv64i2p1_m2p0_a2p1_f2p2_d2p2_zicsr2p0_zifencei2p0_zmmul1p0_zba1p0_zbb1p0_zbc1p0_zbs1p0
core   0: 0x0000000080004000 (0x0080006f) j       pc + 0x8
core   0: 3 0x0000000080004000 (0x0080006f)
core   0: >>>>  mmode_exception_handler
core   0: 0x0000000080004008 (0x00002c17) auipc   s8, 0x2
core   0: 3 0x0000000080004008 (0x00002c17) x24 0x0000000080006008
core   0: 0x000000008000400c (0xfd0c0c13) addi    s8, s8, -48
core   0: 3 0x000000008000400c (0xfd0c0c13) x24 0x0000000080005fd8
core   0: 0x0000000080004010 (0x000c00e7) jalr    s8
core   0: 3 0x0000000080004010 (0x000c00e7) x1  0x0000000080004014
core   0: >>>>  any_handler
core   0: 0x0000000080005fd8 (0x341027f3) csrrs   a5, mepc, zero
core   0: 3 0x0000000080005fd8 (0x341027f3) x15 0x0000000080005bb4
core   0: 0x0000000080005fdc (0x34202773) csrrs   a4, mcause, zero
core   0: 3 0x0000000080005fdc (0x34202773) x14 0x0000000000000002
core   0: 0x0000000080005fe0 (0x142026f3) csrrs   a3, scause, zero
core   0: 3 0x0000000080005fe0 (0x142026f3) x13 0x0000000000000007
core   0: 0x0000000080005fe4 (0x30402673) csrrs   a2, mie, zero
core   0: 3 0x0000000080005fe4 (0x30402673) x12 0x0000000000000a00
core   0: 0x0000000080005fe8 (0x344025f3) csrrs   a1, mip, zero
core   0: 3 0x0000000080005fe8 (0x344025f3) x11 0x0000000000000080
core   0: 0x0000000080005fec (0x343025f3) csrrs   a1, mtval, zero
core   0: 3 0x0000000080005fec (0x343025f3) x11 0x00000000344f56f3
core   0: 0x0000000080005ff0 (0x14302573) csrrs   a0, stval, zero
core   0: 3 0x0000000080005ff0 (0x14302573) x10 0x0000000000000000
core   0: 0x0000000080005ff4 (0xb02024f3) csrrs   s1, minstret, zero
core   0: 3 0x0000000080005ff4 (0xb02024f3) x9  0x00000000000011c5
core   0: 0x0000000080005ff8 (0x0000a811) c.j     pc + 20
core   0: 3 0x0000000080005ff8 (0xa811)
core   0: >>>>  mepc_4
core   0: 0x000000008000600c (0x00000791) c.addi  a5, 4
core   0: 3 0x000000008000600c (0x0791) x15 0x0000000080005bb8
core   0: 0x000000008000600e (0x34179073) csrrw   zero, mepc, a5
core   0: 3 0x000000008000600e (0x34179073) c833_mepc 0x0000000080005bb8
core   0: 0x0000000080006012 (0x30200073) mret
core   0: 3 0x0000000080006012 (0x30200073) c768_mstatus 0x8000000a00106080
core   0: 0x0000000080005bb8 (0x013eeeb3) or      t4, t4, s3
core   0: 1 0x0000000080005bb8 (0x013eeeb3) x29 0x0000000024deea61
core   0: 0x0000000080005bbc (0x0004539b) srliw   t2, s0, 0
core   0: 1 0x0000000080005bbc (0x0004539b) x7  0x0000000040488a4b
core   0: 0x0000000080005bc0 (0x00f45b33) srl     s6, s0, a5
core   0: 1 0x0000000080005bc0 (0x00f45b33) x22 0x0000000000000000
core   0: 0x0000000080005bc4 (0x0147dd93) srli    s11, a5, 20
core   0: 1 0x0000000080005bc4 (0x0147dd93) x27 0x0000000000000800
core   0: 0x0000000080005bc8 (0x012ded33) or      s10, s11, s2
core   0: 1 0x0000000080005bc8 (0x012ded33) x26 0x0000000000000800
core   0: 0x0000000080005bcc (0x41adde33) sra     t3, s11, s10
core   0: 1 0x0000000080005bcc (0x41adde33) x28 0x0000000000000800
core   0: 0x0000000080005bd0 (0xfffb7413) andi    s0, s6, -1
core   0: 1 0x0000000080005bd0 (0xfffb7413) x8  0x0000000000000000
core   0: 0x0000000080005bd4 (0x014e1e3b) sllw    t3, t3, s4
core   0: 1 0x0000000080005bd4 (0x014e1e3b) x28 0x0000000000001000
core   0: 0x0000000080005bd8 (0x026afbd3) fadd.d  fs7, fs5, ft6
core   0: 1 0x0000000080005bd8 (0x026afbd3) f23 0x7ff8000000000000
core   0: 0x0000000080005bdc (0xe30073cf) fnmadd.d ft7, ft0, fa6, ft8
core   0: 1 0x0000000080005bdc (0xe30073cf) f7  0x7ff8000000000000
core   0: 0x0000000080005be0 (0xc0297353) fcvt.l.s t1, fs2
core   0: 1 0x0000000080005be0 (0xc0297353) c1_fflags 0x0000000000000013 x6  0x7fffffffffffffff
core   0: 0x0000000080005be4 (0x0294c833) div     a6, s1, s1
core   0: 1 0x0000000080005be4 (0x0294c833) x16 0x0000000000000001
core   0: 0x0000000080005be8 (0x1a7879d3) fdiv.d  fs3, fa6, ft7
core   0: 1 0x0000000080005be8 (0x1a7879d3) f19 0x7ff8000000000000
core   0: 0x0000000080005bec (0x00f088bb) addw    a7, ra, a5
core   0: 1 0x0000000080005bec (0x00f088bb) x17 0x0000000000009bcc
core   0: 0x0000000080005bf0 (0x420686d3) fcvt.d.s fa3, fa3
core   0: 1 0x0000000080005bf0 (0x420686d3) f13 0x0000000000000000
core   0: 0x0000000080005bf4 (0x00bb5b33) srl     s6, s6, a1
core   0: 1 0x0000000080005bf4 (0x00bb5b33) x22 0x0000000000000000
core   0: 0x0000000080005bf8 (0x0b89fc53) fsub.d  fs8, fs3, fs8
core   0: 1 0x0000000080005bf8 (0x0b89fc53) f24 0x7ff8000000000000
core   0: 0x0000000080005bfc (0xfcfd7537) lui     a0, 0xfcfd7
core   0: 1 0x0000000080005bfc (0xfcfd7537) x10 0xfffffffffcfd7000
core   0: 0x0000000080005c00 (0x9d75051b) addiw   a0, a0, -1577
core   0: 1 0x0000000080005c00 (0x9d75051b) x10 0xfffffffffcfd69d7
core   0: 0x0000000080005c04 (0x00000536) c.slli  a0, 13
core   0: 1 0x0000000080005c04 (0x0536) x10 0xffffff9fad3ae000
core   0: 0x0000000080005c06 (0xf3f50513) addi    a0, a0, -193
core   0: 1 0x0000000080005c06 (0xf3f50513) x10 0xffffff9fad3adf3f
core   0: 0x0000000080005c0a (0x031a8e3b) mulw    t3, s5, a7
core   0: 1 0x0000000080005c0a (0x031a8e3b) x28 0xffffffffffff6434
core   0: 0x0000000080005c0e (0x02c52633) mulhsu  a2, a0, a2
core   0: 1 0x0000000080005c0e (0x02c52633) x12 0xffffffffffffffff
core   0: 0x0000000080005c12 (0xc80df0f3) csrrci  ra, cycleh, 27
core   0: exception trap_illegal_instruction, epc 0x0000000080005c12
core   0:           tval 0x00000000c80df0f3
core   0: >>>>  $xrv64i2p1_m2p0_a2p1_f2p2_d2p2_zicsr2p0_zifencei2p0_zmmul1p0_zba1p0_zbb1p0_zbc1p0_zbs1p0
core   0: 0x0000000080004000 (0x0080006f) j       pc + 0x8
core   0: 3 0x0000000080004000 (0x0080006f)
core   0: >>>>  mmode_exception_handler
core   0: 0x0000000080004008 (0x00002c17) auipc   s8, 0x2
core   0: 3 0x0000000080004008 (0x00002c17) x24 0x0000000080006008
core   0: 0x000000008000400c (0xfd0c0c13) addi    s8, s8, -48
core   0: 3 0x000000008000400c (0xfd0c0c13) x24 0x0000000080005fd8
core   0: 0x0000000080004010 (0x000c00e7) jalr    s8
core   0: 3 0x0000000080004010 (0x000c00e7) x1  0x0000000080004014
core   0: >>>>  any_handler
core   0: 0x0000000080005fd8 (0x341027f3) csrrs   a5, mepc, zero
core   0: 3 0x0000000080005fd8 (0x341027f3) x15 0x0000000080005c12
core   0: 0x0000000080005fdc (0x34202773) csrrs   a4, mcause, zero
core   0: 3 0x0000000080005fdc (0x34202773) x14 0x0000000000000002
core   0: 0x0000000080005fe0 (0x142026f3) csrrs   a3, scause, zero
core   0: 3 0x0000000080005fe0 (0x142026f3) x13 0x0000000000000007
core   0: 0x0000000080005fe4 (0x30402673) csrrs   a2, mie, zero
core   0: 3 0x0000000080005fe4 (0x30402673) x12 0x0000000000000a00
core   0: 0x0000000080005fe8 (0x344025f3) csrrs   a1, mip, zero
core   0: 3 0x0000000080005fe8 (0x344025f3) x11 0x0000000000000080
core   0: 0x0000000080005fec (0x343025f3) csrrs   a1, mtval, zero
core   0: 3 0x0000000080005fec (0x343025f3) x11 0x00000000c80df0f3
core   0: 0x0000000080005ff0 (0x14302573) csrrs   a0, stval, zero
core   0: 3 0x0000000080005ff0 (0x14302573) x10 0x0000000000000000
core   0: 0x0000000080005ff4 (0xb02024f3) csrrs   s1, minstret, zero
core   0: 3 0x0000000080005ff4 (0xb02024f3) x9  0x00000000000011ec
core   0: 0x0000000080005ff8 (0x0000a811) c.j     pc + 20
core   0: 3 0x0000000080005ff8 (0xa811)
core   0: >>>>  mepc_4
core   0: 0x000000008000600c (0x00000791) c.addi  a5, 4
core   0: 3 0x000000008000600c (0x0791) x15 0x0000000080005c16
core   0: 0x000000008000600e (0x34179073) csrrw   zero, mepc, a5
core   0: 3 0x000000008000600e (0x34179073) c833_mepc 0x0000000080005c16
core   0: 0x0000000080006012 (0x30200073) mret
core   0: 3 0x0000000080006012 (0x30200073) c768_mstatus 0x8000000a00106080
core   0: 0x0000000080005c16 (0x2a768453) fmin.d  fs0, fa3, ft7
core   0: 1 0x0000000080005c16 (0x2a768453) f8  0x0000000000000000
core   0: 0x0000000080005c1a (0x1b0c77d3) fdiv.d  fa5, fs8, fa6
core   0: 1 0x0000000080005c1a (0x1b0c77d3) f15 0x7ff8000000000000
core   0: 0x0000000080005c1e (0x0a9c7fd3) fsub.d  ft11, fs8, fs1
core   0: 1 0x0000000080005c1e (0x0a9c7fd3) f31 0x7ff8000000000000
core   0: 0x0000000080005c22 (0xd221fdd3) fcvt.d.l fs11, gp
core   0: 1 0x0000000080005c22 (0xd221fdd3) f27 0x4081100000000000
core   0: 0x0000000080005c26 (0x00649b9b) slliw   s7, s1, 6
core   0: 1 0x0000000080005c26 (0x00649b9b) x23 0x0000000000047b00
core   0: 0x0000000080005c2a (0x01c8183b) sllw    a6, a6, t3
core   0: 1 0x0000000080005c2a (0x01c8183b) x16 0x0000000000100000
core   0: 0x0000000080005c2e (0x0117979b) slliw   a5, a5, 17
core   0: 1 0x0000000080005c2e (0x0117979b) x15 0xffffffffb82c0000
core   0: 0x0000000080005c32 (0x1aaff553) fdiv.d  fa0, ft11, fa0
core   0: 1 0x0000000080005c32 (0x1aaff553) f10 0x7ff8000000000000
core   0: 0x0000000080005c36 (0xea84f9c3) fmadd.d fs3, fs1, fs0, ft9
core   0: 1 0x0000000080005c36 (0xea84f9c3) f19 0x7ff8000000000000
core   0: 0x0000000080005c3a (0x43f95913) srai    s2, s2, 63
core   0: 1 0x0000000080005c3a (0x43f95913) x18 0x0000000000000000
core   0: 0x0000000080005c3e (0x0018583b) srlw    a6, a6, ra
core   0: 1 0x0000000080005c3e (0x0018583b) x16 0x0000000000000001
core   0: 0x0000000080005c42 (0xfff08c9b) addiw   s9, ra, -1
core   0: 1 0x0000000080005c42 (0xfff08c9b) x25 0xffffffff80004013
core   0: 0x0000000080005c46 (0x001021f3) csrrs   gp, fflags, zero
core   0: 1 0x0000000080005c46 (0x001021f3) x3  0x0000000000000013
core   0: 0x0000000080005c4a (0x03fbde93) srli    t4, s7, 63
core   0: 1 0x0000000080005c4a (0x03fbde93) x29 0x0000000000000000
core   0: 0x0000000080005c4e (0x00219773) csrrw   a4, frm, gp
core   0: 1 0x0000000080005c4e (0x00219773) x14 0x0000000000000000 c2_frm 0x0000000000000003
core   0: 0x0000000080005c52 (0x003e5c33) srl     s8, t3, gp
core   0: 1 0x0000000080005c52 (0x003e5c33) x24 0x00001fffffffffff
core   0: 0x0000000080005c56 (0x2af78353) fmin.d  ft6, fa5, fa5
core   0: 1 0x0000000080005c56 (0x2af78353) f6  0x7ff8000000000000
core   0: 0x0000000080005c5a (0x7ff60613) addi    a2, a2, 2047
core   0: 1 0x0000000080005c5a (0x7ff60613) x12 0x00000000000011ff
core   0: 0x0000000080005c5e (0x2bcf8e53) fmin.d  ft8, ft11, ft8
core   0: 1 0x0000000080005c5e (0x2bcf8e53) f28 0x7ff8000000000000
core   0: 0x0000000080005c62 (0x00169df3) csrrw   s11, fflags, a3
core   0: 1 0x0000000080005c62 (0x00169df3) x27 0x0000000000000013 c1_fflags 0x0000000000000007
core   0: 0x0000000080005c66 (0x000bde13) srli    t3, s7, 0
core   0: 1 0x0000000080005c66 (0x000bde13) x28 0x0000000000047b00
core   0: 0x0000000080005c6a (0x00f56933) or      s2, a0, a5
core   0: 1 0x0000000080005c6a (0x00f56933) x18 0xffffffffb82c0000
core   0: 0x0000000080005c6e (0x001025f3) csrrs   a1, fflags, zero
core   0: 1 0x0000000080005c6e (0x001025f3) x11 0x0000000000000007
core   0: 0x0000000080005c72 (0x03c3f033) remu    zero, t2, t3
core   0: 1 0x0000000080005c72 (0x03c3f033)
core   0: 0x0000000080005c76 (0x00000001) c.nop
core   0: 1 0x0000000080005c76 (0x0001)
core   0: 0x0000000080005c78 (0x070f4cb7) lui     s9, 0x70f4
core   0: 1 0x0000000080005c78 (0x070f4cb7) x25 0x00000000070f4000
core   0: 0x0000000080005c7c (0xc2377d53) fcvt.lu.d s10, fa4
core   0: 1 0x0000000080005c7c (0xc2377d53) x26 0x00000000fffff99d
core   0: 0x0000000080005c80 (0x0ff0000f) fence   iorw,iorw
core   0: 1 0x0000000080005c80 (0x0ff0000f)
core   0: 0x0000000080005c84 (0x0210c0b3) div     ra, ra, ra
core   0: 1 0x0000000080005c84 (0x0210c0b3) x1  0x0000000000000001
core   0: 0x0000000080005c88 (0xa26b75c7) fmsub.d fa1, fs6, ft6, fs4
core   0: 1 0x0000000080005c88 (0xa26b75c7) f11 0x7ff8000000000000
core   0: 0x0000000080005c8c (0x015181bb) addw    gp, gp, s5
core   0: 1 0x0000000080005c8c (0x015181bb) x3  0x0000000000000012
core   0: 0x0000000080005c90 (0xa34807d3) fle.d   a5, fa6, fs4
core   0: 1 0x0000000080005c90 (0xa34807d3) c1_fflags 0x0000000000000017 x15 0x0000000000000000
core   0: 0x0000000080005c94 (0x00000001) c.nop
core   0: 1 0x0000000080005c94 (0x0001)
core   0: 0x0000000080005c96 (0x0051561b) srliw   a2, sp, 5
core   0: 1 0x0000000080005c96 (0x0051561b) x12 0x0000000000000000
core   0: 0x0000000080005c9a (0x008070b3) and     ra, zero, s0
core   0: 1 0x0000000080005c9a (0x008070b3) x1  0x0000000000000000
core   0: 0x0000000080005c9e (0x00baebb3) or      s7, s5, a1
core   0: 1 0x0000000080005c9e (0x00baebb3) x23 0xffffffffffffffff
core   0: 0x0000000080005ca2 (0x234622d3) fsgnjx.d ft5, fa2, fs4
core   0: 1 0x0000000080005ca2 (0x234622d3) f5  0x8000000000000000
core   0: 0x0000000080005ca6 (0x420800d3) fcvt.d.s ft1, fa6
core   0: 1 0x0000000080005ca6 (0x420800d3) f1  0x7ff8000000000000
core   0: 0x0000000080005caa (0x00000001) c.nop
core   0: 1 0x0000000080005caa (0x0001)
core   0: 0x0000000080005cac (0x0ff0000f) fence   iorw,iorw
core   0: 1 0x0000000080005cac (0x0ff0000f)
core   0: 0x0000000080005cb0 (0x23211e53) fsgnjn.d ft8, ft2, fs2
core   0: 1 0x0000000080005cb0 (0x23211e53) f28 0xfff8000000000000
core   0: 0x0000000080005cb4 (0x00000001) c.nop
core   0: 1 0x0000000080005cb4 (0x0001)
core   0: 0x0000000080005cb6 (0xfc05f7b7) lui     a5, 0xfc05f
core   0: 1 0x0000000080005cb6 (0xfc05f7b7) x15 0xfffffffffc05f000
core   0: 0x0000000080005cba (0x2f17879b) addiw   a5, a5, 753
core   0: 1 0x0000000080005cba (0x2f17879b) x15 0xfffffffffc05f2f1
core   0: 0x0000000080005cbe (0x000007b2) c.slli  a5, 12
core   0: 1 0x0000000080005cbe (0x07b2) x15 0xffffffc05f2f1000
core   0: 0x0000000080005cc0 (0x10c78793) addi    a5, a5, 268
core   0: 1 0x0000000080005cc0 (0x10c78793) x15 0xffffffc05f2f110c
core   0: 0x0000000080005cc4 (0x01678a3b) addw    s4, a5, s6
core   0: 1 0x0000000080005cc4 (0x01678a3b) x20 0x000000005f2f110c
core   0: 0x0000000080005cc8 (0x00087593) andi    a1, a6, 0
core   0: 1 0x0000000080005cc8 (0x00087593) x11 0x0000000000000000
core   0: 0x0000000080005ccc (0xa2610353) fle.d   t1, ft2, ft6
core   0: 1 0x0000000080005ccc (0xa2610353) c1_fflags 0x0000000000000017 x6  0x0000000000000000
core   0: 0x0000000080005cd0 (0x00f304b3) add     s1, t1, a5
core   0: 1 0x0000000080005cd0 (0x00f304b3) x9  0xffffffc05f2f110c
core   0: 0x0000000080005cd4 (0x2a280853) fmin.d  fa6, fa6, ft2
core   0: 1 0x0000000080005cd4 (0x2a280853) f16 0x7ff8000000000000
core   0: 0x0000000080005cd8 (0xa3290253) fle.d   tp, fs2, fs2
core   0: 1 0x0000000080005cd8 (0xa3290253) c1_fflags 0x0000000000000017 x4  0x0000000000000000
core   0: 0x0000000080005cdc (0x43eddd93) srai    s11, s11, 62
core   0: 1 0x0000000080005cdc (0x43eddd93) x27 0x0000000000000000
core   0: 0x0000000080005ce0 (0x002027f3) csrrs   a5, frm, zero
core   0: 1 0x0000000080005ce0 (0x002027f3) x15 0x0000000000000003
core   0: 0x0000000080005ce4 (0xe2b879c3) fmadd.d fs3, fa6, fa1, ft8
core   0: 1 0x0000000080005ce4 (0xe2b879c3) f19 0x7ff8000000000000
core   0: 0x0000000080005ce8 (0x00026213) ori     tp, tp, 0
core   0: 1 0x0000000080005ce8 (0x00026213) x4  0x0000000000000000
core   0: 0x0000000080005cec (0xd0327cd3) fcvt.s.lu fs9, tp
core   0: 1 0x0000000080005cec (0xd0327cd3) f25 0xffffffff00000000
core   0: 0x0000000080005cf0 (0xdb9777c3) fmadd.d fa5, fa4, fs9, fs11
core   0: 1 0x0000000080005cf0 (0xdb9777c3) f15 0x7ff8000000000000
core   0: 0x0000000080005cf4 (0x1ae8fbd3) fdiv.d  fs7, fa7, fa4
core   0: 1 0x0000000080005cf4 (0x1ae8fbd3) c1_fflags 0x0000000000000017 f23 0x41f000006630028d
core   0: 0x0000000080005cf8 (0x00db1bbb) sllw    s7, s6, a3
core   0: 1 0x0000000080005cf8 (0x00db1bbb) x23 0x0000000000000000
core   0: 0x0000000080005cfc (0x03cb8e33) mul     t3, s7, t3
core   0: 1 0x0000000080005cfc (0x03cb8e33) x28 0x0000000000000000
core   0: 0x0000000080005d00 (0xd02b74d3) fcvt.s.l fs1, s6
core   0: 1 0x0000000080005d00 (0xd02b74d3) f9  0xffffffff00000000
core   0: 0x0000000080005d04 (0xe2071853) fclass.d a6, fa4
core   0: 1 0x0000000080005d04 (0xe2071853) x16 0x0000000000000040
core   0: 0x0000000080005d08 (0x0007d793) srli    a5, a5, 0
core   0: 1 0x0000000080005d08 (0x0007d793) x15 0x0000000000000003
core   0: 0x0000000080005d0c (0x02c7d633) divu    a2, a5, a2
core   0: 1 0x0000000080005d0c (0x02c7d633) x12 0xffffffffffffffff
core   0: 0x0000000080005d10 (0x0a7cf3d3) fsub.d  ft7, fs9, ft7
core   0: 1 0x0000000080005d10 (0x0a7cf3d3) f7  0x7ff8000000000000
core   0: 0x0000000080005d14 (0x00078c1b) sext.w  s8, a5
core   0: 1 0x0000000080005d14 (0x00078c1b) x24 0x0000000000000003
core   0: 0x0000000080005d18 (0x02fc5ebb) divuw   t4, s8, a5
core   0: 1 0x0000000080005d18 (0x02fc5ebb) x29 0x0000000000000001
core   0: 0x0000000080005d1c (0x001025f3) csrrs   a1, fflags, zero
core   0: 1 0x0000000080005d1c (0x001025f3) x11 0x0000000000000017
core   0: 0x0000000080005d20 (0x3bf7ee97) auipc   t4, 0x3bf7e
core   0: 1 0x0000000080005d20 (0x3bf7ee97) x29 0x00000000bbf83d20
core   0: 0x0000000080005d24 (0xc02c7b53) fcvt.l.s s6, fs8
core   0: 1 0x0000000080005d24 (0xc02c7b53) c1_fflags 0x0000000000000017 x22 0x7fffffffffffffff
core   0: 0x0000000080005d28 (0xab8c784f) fnmadd.d fa6, fs8, fs8, fs5
core   0: 1 0x0000000080005d28 (0xab8c784f) f16 0x7ff8000000000000
core   0: 0x0000000080005d2c (0xd2150c53) fcvt.d.wu fs8, a0
core   0: 1 0x0000000080005d2c (0xd2150c53) f24 0x0000000000000000
core   0: 0x0000000080005d30 (0x02ab76b3) remu    a3, s6, a0
core   0: 1 0x0000000080005d30 (0x02ab76b3) x13 0x7fffffffffffffff
core   0: 0x0000000080005d34 (0xdc36839b) addiw   t2, a3, -573
core   0: 1 0x0000000080005d34 (0xdc36839b) x7  0xfffffffffffffdc2
core   0: 0x0000000080005d38 (0x000097b6) c.add   a5, a3
core   0: 1 0x0000000080005d38 (0x97b6) x15 0x8000000000000002
core   0: 0x0000000080005d3a (0xa3ef0953) fle.d   s2, ft10, ft10
core   0: 1 0x0000000080005d3a (0xa3ef0953) x18 0x0000000000000001
core   0: 0x0000000080005d3e (0x1bf1fdd3) fdiv.d  fs11, ft3, ft11
core   0: 1 0x0000000080005d3e (0x1bf1fdd3) f27 0x7ff8000000000000
core   0: 0x0000000080005d42 (0x0060981b) slliw   a6, ra, 6
core   0: 1 0x0000000080005d42 (0x0060981b) x16 0x0000000000000000
core   0: 0x0000000080005d46 (0xf20e8cd3) fmv.d.x fs9, t4
core   0: 1 0x0000000080005d46 (0xf20e8cd3) f25 0x00000000bbf83d20
core   0: 0x0000000080005d4a (0xfff0eb37) lui     s6, 0xfff0e
core   0: 1 0x0000000080005d4a (0xfff0eb37) x22 0xfffffffffff0e000
core   0: 0x0000000080005d4e (0x929b0b1b) addiw   s6, s6, -1751
core   0: 1 0x0000000080005d4e (0x929b0b1b) x22 0xfffffffffff0d929
core   0: 0x0000000080005d52 (0x00000b42) c.slli  s6, 16
core   0: 1 0x0000000080005d52 (0x0b42) x22 0xfffffff0d9290000
core   0: 0x0000000080005d54 (0x1b8b0b13) addi    s6, s6, 440
core   0: 1 0x0000000080005d54 (0x1b8b0b13) x22 0xfffffff0d92901b8
core   0: 0x0000000080005d58 (0x02a814b3) mulh    s1, a6, a0
core   0: 1 0x0000000080005d58 (0x02a814b3) x9  0x0000000000000000
core   0: 0x0000000080005d5c (0x1b750c1b) addiw   s8, a0, 439
core   0: 1 0x0000000080005d5c (0x1b750c1b) x24 0x00000000000001b7
core   0: 0x0000000080005d60 (0x003564b3) or      s1, a0, gp
core   0: 1 0x0000000080005d60 (0x003564b3) x9  0x0000000000000012
core   0: 0x0000000080005d64 (0x30345473) csrrwi  s0, mideleg, 8
core   0: exception trap_illegal_instruction, epc 0x0000000080005d64
core   0:           tval 0x0000000030345473
core   0: >>>>  $xrv64i2p1_m2p0_a2p1_f2p2_d2p2_zicsr2p0_zifencei2p0_zmmul1p0_zba1p0_zbb1p0_zbc1p0_zbs1p0
core   0: 0x0000000080004000 (0x0080006f) j       pc + 0x8
core   0: 3 0x0000000080004000 (0x0080006f)
core   0: >>>>  mmode_exception_handler
core   0: 0x0000000080004008 (0x00002c17) auipc   s8, 0x2
core   0: 3 0x0000000080004008 (0x00002c17) x24 0x0000000080006008
core   0: 0x000000008000400c (0xfd0c0c13) addi    s8, s8, -48
core   0: 3 0x000000008000400c (0xfd0c0c13) x24 0x0000000080005fd8
core   0: 0x0000000080004010 (0x000c00e7) jalr    s8
core   0: 3 0x0000000080004010 (0x000c00e7) x1  0x0000000080004014
core   0: >>>>  any_handler
core   0: 0x0000000080005fd8 (0x341027f3) csrrs   a5, mepc, zero
core   0: 3 0x0000000080005fd8 (0x341027f3) x15 0x0000000080005d64
core   0: 0x0000000080005fdc (0x34202773) csrrs   a4, mcause, zero
core   0: 3 0x0000000080005fdc (0x34202773) x14 0x0000000000000002
core   0: 0x0000000080005fe0 (0x142026f3) csrrs   a3, scause, zero
core   0: 3 0x0000000080005fe0 (0x142026f3) x13 0x0000000000000007
core   0: 0x0000000080005fe4 (0x30402673) csrrs   a2, mie, zero
core   0: 3 0x0000000080005fe4 (0x30402673) x12 0x0000000000000a00
core   0: 0x0000000080005fe8 (0x344025f3) csrrs   a1, mip, zero
core   0: 3 0x0000000080005fe8 (0x344025f3) x11 0x0000000000000080
core   0: 0x0000000080005fec (0x343025f3) csrrs   a1, mtval, zero
core   0: 3 0x0000000080005fec (0x343025f3) x11 0x0000000030345473
core   0: 0x0000000080005ff0 (0x14302573) csrrs   a0, stval, zero
core   0: 3 0x0000000080005ff0 (0x14302573) x10 0x0000000000000000
core   0: 0x0000000080005ff4 (0xb02024f3) csrrs   s1, minstret, zero
core   0: 3 0x0000000080005ff4 (0xb02024f3) x9  0x0000000000001253
core   0: 0x0000000080005ff8 (0x0000a811) c.j     pc + 20
core   0: 3 0x0000000080005ff8 (0xa811)
core   0: >>>>  mepc_4
core   0: 0x000000008000600c (0x00000791) c.addi  a5, 4
core   0: 3 0x000000008000600c (0x0791) x15 0x0000000080005d68
core   0: 0x000000008000600e (0x34179073) csrrw   zero, mepc, a5
core   0: 3 0x000000008000600e (0x34179073) c833_mepc 0x0000000080005d68
core   0: 0x0000000080006012 (0x30200073) mret
core   0: 3 0x0000000080006012 (0x30200073) c768_mstatus 0x8000000a00106080
core   0: 0x0000000080005d68 (0xc02bf553) fcvt.l.s a0, fs7
core   0: 1 0x0000000080005d68 (0xc02bf553) c1_fflags 0x0000000000000017 x10 0x7fffffffffffffff
core   0: 0x0000000080005d6c (0xd21386d3) fcvt.d.wu fa3, t2
core   0: 1 0x0000000080005d6c (0xd21386d3) f13 0x41efffffb8400000
core   0: 0x0000000080005d70 (0xf2038453) fmv.d.x fs0, t2
core   0: 1 0x0000000080005d70 (0xf2038453) f8  0xfffffffffffffdc2
core   0: 0x0000000080005d74 (0x5a0c7ed3) fsqrt.d ft9, fs8
core   0: 1 0x0000000080005d74 (0x5a0c7ed3) f29 0x0000000000000000
core   0: 0x0000000080005d78 (0x02db76bb) remuw   a3, s6, a3
core   0: 1 0x0000000080005d78 (0x02db76bb) x13 0x0000000000000004
core   0: 0x0000000080005d7c (0xd038f2d3) fcvt.s.lu ft5, a7
core   0: 1 0x0000000080005d7c (0xd038f2d3) f5  0xffffffff471bcc00
core   0: 0x0000000080005d80 (0xc026f453) fcvt.l.s s0, fa3
core   0: 1 0x0000000080005d80 (0xc026f453) c1_fflags 0x0000000000000017 x8  0x7fffffffffffffff
core   0: 0x0000000080005d84 (0x40945a13) srai    s4, s0, 9
core   0: 1 0x0000000080005d84 (0x40945a13) x20 0x003fffffffffffff
core   0: 0x0000000080005d88 (0x0031d1bb) srlw    gp, gp, gp
core   0: 1 0x0000000080005d88 (0x0031d1bb) x3  0x0000000000000000
core   0: 0x0000000080005d8c (0x021aa0b3) mulhsu  ra, s5, ra
core   0: 1 0x0000000080005d8c (0x021aa0b3) x1  0xffffffffffffffff
core   0: 0x0000000080005d90 (0xf20ef04f) fnmadd.d ft0, ft9, ft0, ft10
core   0: 1 0x0000000080005d90 (0xf20ef04f) f0  0x7ff8000000000000
core   0: 0x0000000080005d94 (0x015eceb3) xor     t4, t4, s5
core   0: 1 0x0000000080005d94 (0x015eceb3) x29 0xffffffff4407c2df
core   0: 0x0000000080005d98 (0xc230fa53) fcvt.lu.d s4, ft1
core   0: 1 0x0000000080005d98 (0xc230fa53) c1_fflags 0x0000000000000017 x20 0xffffffffffffffff
core   0: 0x0000000080005d9c (0x000a4893) xori    a7, s4, 0
core   0: 1 0x0000000080005d9c (0x000a4893) x17 0xffffffffffffffff
core   0: 0x0000000080005da0 (0x5a06f153) fsqrt.d ft2, fa3
core   0: 1 0x0000000080005da0 (0x5a06f153) c1_fflags 0x0000000000000017 f2  0x40efffffdc1fffec
core   0: 0x0000000080005da4 (0xd021ff53) fcvt.s.l ft10, gp
core   0: 1 0x0000000080005da4 (0xd021ff53) f30 0xffffffff00000000
core   0: 0x0000000080005da8 (0x0051873b) addw    a4, gp, t0
core   0: 1 0x0000000080005da8 (0x0051873b) x14 0xffffffffdf2f0897
core   0: 0x0000000080005dac (0x00e71bb3) sll     s7, a4, a4
core   0: 1 0x0000000080005dac (0x00e71bb3) x23 0xffef97844b800000
core   0: 0x0000000080005db0 (0x0049cc33) xor     s8, s3, tp
core   0: 1 0x0000000080005db0 (0x0049cc33) x24 0x0000000000000001
core   0: 0x0000000080005db4 (0x024c6833) rem     a6, s8, tp
core   0: 1 0x0000000080005db4 (0x024c6833) x16 0x0000000000000001
core   0: 0x0000000080005db8 (0x004ac3b3) xor     t2, s5, tp
core   0: 1 0x0000000080005db8 (0x004ac3b3) x7  0xffffffffffffffff
core   0: 0x0000000080005dbc (0x00000001) c.nop
core   0: 1 0x0000000080005dbc (0x0001)
core   0: 0x0000000080005dbe (0xc2217753) fcvt.l.d a4, ft2
core   0: 1 0x0000000080005dbe (0xc2217753) c1_fflags 0x0000000000000017 x14 0x0000000000010000
core   0: 0x0000000080005dc2 (0x5d630e9b) addiw   t4, t1, 1494
core   0: 1 0x0000000080005dc2 (0x5d630e9b) x29 0x00000000000005d6
core   0: 0x0000000080005dc6 (0x01d70cbb) addw    s9, a4, t4
core   0: 1 0x0000000080005dc6 (0x01d70cbb) x25 0x00000000000105d6
core   0: 0x0000000080005dca (0xa3ec04d3) fle.d   s1, fs8, ft10
core   0: 1 0x0000000080005dca (0xa3ec04d3) c1_fflags 0x0000000000000017 x9  0x0000000000000000
core   0: 0x0000000080005dce (0x016dd933) srl     s2, s11, s6
core   0: 1 0x0000000080005dce (0x016dd933) x18 0x0000000000000000
core   0: 0x0000000080005dd2 (0x00d94533) xor     a0, s2, a3
core   0: 1 0x0000000080005dd2 (0x00d94533) x10 0x0000000000000004
core   0: 0x0000000080005dd6 (0x40ab03bb) subw    t2, s6, a0
core   0: 1 0x0000000080005dd6 (0x40ab03bb) x7  0xffffffffd92901b4
core   0: 0x0000000080005dda (0x03233333) mulhu   t1, t1, s2
core   0: 1 0x0000000080005dda (0x03233333) x6  0x0000000000000000
core   0: 0x0000000080005dde (0x22b90c53) fsgnj.d fs8, fs2, fa1
core   0: 1 0x0000000080005dde (0x22b90c53) f24 0x7ff8000000000000
core   0: 0x0000000080005de2 (0x57530a13) addi    s4, t1, 1397
core   0: 1 0x0000000080005de2 (0x57530a13) x20 0x0000000000000575
core   0: 0x0000000080005de6 (0xd229f853) fcvt.d.l fa6, s3
core   0: 1 0x0000000080005de6 (0xd229f853) f16 0x3ff0000000000000
core   0: 0x0000000080005dea (0x029bf5bb) remuw   a1, s7, s1
core   0: 1 0x0000000080005dea (0x029bf5bb) x11 0x000000004b800000
core   0: 0x0000000080005dee (0xb2f5c613) xori    a2, a1, -1233
core   0: 1 0x0000000080005dee (0xb2f5c613) x12 0xffffffffb47ffb2f
core   0: 0x0000000080005df2 (0x419cd893) srai    a7, s9, 25
core   0: 1 0x0000000080005df2 (0x419cd893) x17 0x0000000000000000
core   0: 0x0000000080005df6 (0x029b05b3) mul     a1, s6, s1
core   0: 1 0x0000000080005df6 (0x029b05b3) x11 0x0000000000000000
core   0: 0x0000000080005dfa (0x0218b6b3) mulhu   a3, a7, ra
core   0: 1 0x0000000080005dfa (0x0218b6b3) x13 0x0000000000000000
core   0: 0x0000000080005dfe (0x10606073) csrrsi  zero, scounteren, 0
core   0: 1 0x0000000080005dfe (0x10606073)
core   0: 0x0000000080005e02 (0x4007073b) subw    a4, a4, zero
core   0: 1 0x0000000080005e02 (0x4007073b) x14 0x0000000000010000
core   0: 0x0000000080005e06 (0x033a1c33) mulh    s8, s4, s3
core   0: 1 0x0000000080005e06 (0x033a1c33) x24 0x0000000000000000
core   0: 0x0000000080005e0a (0x005159bb) srlw    s3, sp, t0
core   0: 1 0x0000000080005e0a (0x005159bb) x19 0x0000000000000000
core   0: 0x0000000080005e0e (0x0009aa33) slt     s4, s3, zero
core   0: 1 0x0000000080005e0e (0x0009aa33) x20 0x0000000000000000
core   0: 0x0000000080005e12 (0x02ee6733) rem     a4, t3, a4
core   0: 1 0x0000000080005e12 (0x02ee6733) x14 0x0000000000000000
core   0: 0x0000000080005e16 (0x0003131b) slliw   t1, t1, 0
core   0: 1 0x0000000080005e16 (0x0003131b) x6  0x0000000000000000
core   0: 0x0000000080005e1a (0x018d90bb) sllw    ra, s11, s8
core   0: 1 0x0000000080005e1a (0x018d90bb) x1  0x0000000000000000
core   0: 0x0000000080005e1e (0x0165959b) slliw   a1, a1, 22
core   0: 1 0x0000000080005e1e (0x0165959b) x11 0x0000000000000000
core   0: 0x0000000080005e22 (0x02ea48bb) divw    a7, s4, a4
core   0: 1 0x0000000080005e22 (0x02ea48bb) x17 0xffffffffffffffff
core   0: 0x0000000080005e26 (0x0f648c13) addi    s8, s1, 246
core   0: 1 0x0000000080005e26 (0x0f648c13) x24 0x00000000000000f6
core   0: 0x0000000080005e2a (0xc23c72d3) fcvt.lu.d t0, fs8
core   0: 1 0x0000000080005e2a (0xc23c72d3) c1_fflags 0x0000000000000017 x5  0xffffffffffffffff
core   0: 0x0000000080005e2e (0x22881953) fsgnjn.d fs2, fa6, fs0
core   0: 1 0x0000000080005e2e (0x22881953) f18 0x3ff0000000000000
core   0: 0x0000000080005e32 (0x76667813) andi    a6, a2, 1894
core   0: 1 0x0000000080005e32 (0x76667813) x16 0x0000000000000326
core   0: 0x0000000080005e36 (0x00127213) andi    tp, tp, 1
core   0: 1 0x0000000080005e36 (0x00127213) x4  0x0000000000000000
core   0: 0x0000000080005e3a (0x4018d8b3) sra     a7, a7, ra
core   0: 1 0x0000000080005e3a (0x4018d8b3) x17 0xffffffffffffffff
core   0: 0x0000000080005e3e (0xc04ed773) csrrwi  a4, hpmcounter4, 29
core   0: exception trap_illegal_instruction, epc 0x0000000080005e3e
core   0:           tval 0x00000000c04ed773
core   0: >>>>  $xrv64i2p1_m2p0_a2p1_f2p2_d2p2_zicsr2p0_zifencei2p0_zmmul1p0_zba1p0_zbb1p0_zbc1p0_zbs1p0
core   0: 0x0000000080004000 (0x0080006f) j       pc + 0x8
core   0: 3 0x0000000080004000 (0x0080006f)
core   0: >>>>  mmode_exception_handler
core   0: 0x0000000080004008 (0x00002c17) auipc   s8, 0x2
core   0: 3 0x0000000080004008 (0x00002c17) x24 0x0000000080006008
core   0: 0x000000008000400c (0xfd0c0c13) addi    s8, s8, -48
core   0: 3 0x000000008000400c (0xfd0c0c13) x24 0x0000000080005fd8
core   0: 0x0000000080004010 (0x000c00e7) jalr    s8
core   0: 3 0x0000000080004010 (0x000c00e7) x1  0x0000000080004014
core   0: >>>>  any_handler
core   0: 0x0000000080005fd8 (0x341027f3) csrrs   a5, mepc, zero
core   0: 3 0x0000000080005fd8 (0x341027f3) x15 0x0000000080005e3e
core   0: 0x0000000080005fdc (0x34202773) csrrs   a4, mcause, zero
core   0: 3 0x0000000080005fdc (0x34202773) x14 0x0000000000000002
core   0: 0x0000000080005fe0 (0x142026f3) csrrs   a3, scause, zero
core   0: 3 0x0000000080005fe0 (0x142026f3) x13 0x0000000000000007
core   0: 0x0000000080005fe4 (0x30402673) csrrs   a2, mie, zero
core   0: 3 0x0000000080005fe4 (0x30402673) x12 0x0000000000000a00
core   0: 0x0000000080005fe8 (0x344025f3) csrrs   a1, mip, zero
core   0: 3 0x0000000080005fe8 (0x344025f3) x11 0x0000000000000080
core   0: 0x0000000080005fec (0x343025f3) csrrs   a1, mtval, zero
core   0: 3 0x0000000080005fec (0x343025f3) x11 0x00000000c04ed773
core   0: 0x0000000080005ff0 (0x14302573) csrrs   a0, stval, zero
core   0: 3 0x0000000080005ff0 (0x14302573) x10 0x0000000000000000
core   0: 0x0000000080005ff4 (0xb02024f3) csrrs   s1, minstret, zero
core   0: 3 0x0000000080005ff4 (0xb02024f3) x9  0x0000000000001299
core   0: 0x0000000080005ff8 (0x0000a811) c.j     pc + 20
core   0: 3 0x0000000080005ff8 (0xa811)
core   0: >>>>  mepc_4
core   0: 0x000000008000600c (0x00000791) c.addi  a5, 4
core   0: 3 0x000000008000600c (0x0791) x15 0x0000000080005e42
core   0: 0x000000008000600e (0x34179073) csrrw   zero, mepc, a5
core   0: 3 0x000000008000600e (0x34179073) c833_mepc 0x0000000080005e42
core   0: 0x0000000080006012 (0x30200073) mret
core   0: 3 0x0000000080006012 (0x30200073) c768_mstatus 0x8000000a00106080
core   0: 0x0000000080005e42 (0xf2867113) andi    sp, a2, -216
core   0: 1 0x0000000080005e42 (0xf2867113) x2  0x0000000000000a00
core   0: 0x0000000080005e46 (0x5a0c7fd3) fsqrt.d ft11, fs8
core   0: 1 0x0000000080005e46 (0x5a0c7fd3) f31 0x7ff8000000000000
core   0: 0x0000000080005e4a (0x401cd31b) sraiw   t1, s9, 1
core   0: 1 0x0000000080005e4a (0x401cd31b) x6  0x00000000000082eb
core   0: 0x0000000080005e4e (0x035720b3) mulhsu  ra, a4, s5
core   0: 1 0x0000000080005e4e (0x035720b3) x1  0x0000000000000001
core   0: 0x0000000080005e52 (0x120273d3) fmul.d  ft7, ft4, ft0
core   0: 1 0x0000000080005e52 (0x120273d3) f7  0x7ff8000000000000
core   0: 0x0000000080005e56 (0xe2038453) fmv.x.d s0, ft7
core   0: 1 0x0000000080005e56 (0xe2038453) x8  0x7ff8000000000000
core   0: 0x0000000080005e5a (0x401cfcd3) fcvt.s.d fs9, fs9
core   0: 1 0x0000000080005e5a (0x401cfcd3) c1_fflags 0x0000000000000017 f25 0xffffffff00000001
core   0: 0x0000000080005e5e (0xf11a6e73) csrrsi  t3, mvendorid, 20
core   0: exception trap_illegal_instruction, epc 0x0000000080005e5e
core   0:           tval 0x00000000f11a6e73
core   0: >>>>  $xrv64i2p1_m2p0_a2p1_f2p2_d2p2_zicsr2p0_zifencei2p0_zmmul1p0_zba1p0_zbb1p0_zbc1p0_zbs1p0
core   0: 0x0000000080004000 (0x0080006f) j       pc + 0x8
core   0: 3 0x0000000080004000 (0x0080006f)
core   0: >>>>  mmode_exception_handler
core   0: 0x0000000080004008 (0x00002c17) auipc   s8, 0x2
core   0: 3 0x0000000080004008 (0x00002c17) x24 0x0000000080006008
core   0: 0x000000008000400c (0xfd0c0c13) addi    s8, s8, -48
core   0: 3 0x000000008000400c (0xfd0c0c13) x24 0x0000000080005fd8
core   0: 0x0000000080004010 (0x000c00e7) jalr    s8
core   0: 3 0x0000000080004010 (0x000c00e7) x1  0x0000000080004014
core   0: >>>>  any_handler
core   0: 0x0000000080005fd8 (0x341027f3) csrrs   a5, mepc, zero
core   0: 3 0x0000000080005fd8 (0x341027f3) x15 0x0000000080005e5e
core   0: 0x0000000080005fdc (0x34202773) csrrs   a4, mcause, zero
core   0: 3 0x0000000080005fdc (0x34202773) x14 0x0000000000000002
core   0: 0x0000000080005fe0 (0x142026f3) csrrs   a3, scause, zero
core   0: 3 0x0000000080005fe0 (0x142026f3) x13 0x0000000000000007
core   0: 0x0000000080005fe4 (0x30402673) csrrs   a2, mie, zero
core   0: 3 0x0000000080005fe4 (0x30402673) x12 0x0000000000000a00
core   0: 0x0000000080005fe8 (0x344025f3) csrrs   a1, mip, zero
core   0: 3 0x0000000080005fe8 (0x344025f3) x11 0x0000000000000080
core   0: 0x0000000080005fec (0x343025f3) csrrs   a1, mtval, zero
core   0: 3 0x0000000080005fec (0x343025f3) x11 0x00000000f11a6e73
core   0: 0x0000000080005ff0 (0x14302573) csrrs   a0, stval, zero
core   0: 3 0x0000000080005ff0 (0x14302573) x10 0x0000000000000000
core   0: 0x0000000080005ff4 (0xb02024f3) csrrs   s1, minstret, zero
core   0: 3 0x0000000080005ff4 (0xb02024f3) x9  0x00000000000012b0
core   0: 0x0000000080005ff8 (0x0000a811) c.j     pc + 20
core   0: 3 0x0000000080005ff8 (0xa811)
core   0: >>>>  mepc_4
core   0: 0x000000008000600c (0x00000791) c.addi  a5, 4
core   0: 3 0x000000008000600c (0x0791) x15 0x0000000080005e62
core   0: 0x000000008000600e (0x34179073) csrrw   zero, mepc, a5
core   0: 3 0x000000008000600e (0x34179073) c833_mepc 0x0000000080005e62
core   0: 0x0000000080006012 (0x30200073) mret
core   0: 3 0x0000000080006012 (0x30200073) c768_mstatus 0x8000000a00106080
core   0: 0x0000000080005e62 (0xfffa811b) addiw   sp, s5, -1
core   0: 1 0x0000000080005e62 (0xfffa811b) x2  0xfffffffffffffffe
core   0: 0x0000000080005e66 (0x303025f3) csrrs   a1, mideleg, zero
core   0: exception trap_illegal_instruction, epc 0x0000000080005e66
core   0:           tval 0x00000000303025f3
core   0: >>>>  $xrv64i2p1_m2p0_a2p1_f2p2_d2p2_zicsr2p0_zifencei2p0_zmmul1p0_zba1p0_zbb1p0_zbc1p0_zbs1p0
core   0: 0x0000000080004000 (0x0080006f) j       pc + 0x8
core   0: 3 0x0000000080004000 (0x0080006f)
core   0: >>>>  mmode_exception_handler
core   0: 0x0000000080004008 (0x00002c17) auipc   s8, 0x2
core   0: 3 0x0000000080004008 (0x00002c17) x24 0x0000000080006008
core   0: 0x000000008000400c (0xfd0c0c13) addi    s8, s8, -48
core   0: 3 0x000000008000400c (0xfd0c0c13) x24 0x0000000080005fd8
core   0: 0x0000000080004010 (0x000c00e7) jalr    s8
core   0: 3 0x0000000080004010 (0x000c00e7) x1  0x0000000080004014
core   0: >>>>  any_handler
core   0: 0x0000000080005fd8 (0x341027f3) csrrs   a5, mepc, zero
core   0: 3 0x0000000080005fd8 (0x341027f3) x15 0x0000000080005e66
core   0: 0x0000000080005fdc (0x34202773) csrrs   a4, mcause, zero
core   0: 3 0x0000000080005fdc (0x34202773) x14 0x0000000000000002
core   0: 0x0000000080005fe0 (0x142026f3) csrrs   a3, scause, zero
core   0: 3 0x0000000080005fe0 (0x142026f3) x13 0x0000000000000007
core   0: 0x0000000080005fe4 (0x30402673) csrrs   a2, mie, zero
core   0: 3 0x0000000080005fe4 (0x30402673) x12 0x0000000000000a00
core   0: 0x0000000080005fe8 (0x344025f3) csrrs   a1, mip, zero
core   0: 3 0x0000000080005fe8 (0x344025f3) x11 0x0000000000000080
core   0: 0x0000000080005fec (0x343025f3) csrrs   a1, mtval, zero
core   0: 3 0x0000000080005fec (0x343025f3) x11 0x00000000303025f3
core   0: 0x0000000080005ff0 (0x14302573) csrrs   a0, stval, zero
core   0: 3 0x0000000080005ff0 (0x14302573) x10 0x0000000000000000
core   0: 0x0000000080005ff4 (0xb02024f3) csrrs   s1, minstret, zero
core   0: 3 0x0000000080005ff4 (0xb02024f3) x9  0x00000000000012c1
core   0: 0x0000000080005ff8 (0x0000a811) c.j     pc + 20
core   0: 3 0x0000000080005ff8 (0xa811)
core   0: >>>>  mepc_4
core   0: 0x000000008000600c (0x00000791) c.addi  a5, 4
core   0: 3 0x000000008000600c (0x0791) x15 0x0000000080005e6a
core   0: 0x000000008000600e (0x34179073) csrrw   zero, mepc, a5
core   0: 3 0x000000008000600e (0x34179073) c833_mepc 0x0000000080005e6a
core   0: 0x0000000080006012 (0x30200073) mret
core   0: 3 0x0000000080006012 (0x30200073) c768_mstatus 0x8000000a00106080
core   0: 0x0000000080005e6a (0x00111673) csrrw   a2, fflags, sp
core   0: 1 0x0000000080005e6a (0x00111673) x12 0x0000000000000017 c1_fflags 0x000000000000001e
core   0: 0x0000000080005e6e (0xd025fbd3) fcvt.s.l fs7, a1
core   0: 1 0x0000000080005e6e (0xd025fbd3) c1_fflags 0x000000000000001f f23 0xffffffff4e40c098
core   0: 0x0000000080005e72 (0x00000001) c.nop
core   0: 1 0x0000000080005e72 (0x0001)
core   0: 0x0000000080005e74 (0x0a10fac3) fmadd.d fs5, ft1, ft1, ft1
core   0: 1 0x0000000080005e74 (0x0a10fac3) f21 0x7ff8000000000000
core   0: 0x0000000080005e78 (0x035b53b3) divu    t2, s6, s5
core   0: 1 0x0000000080005e78 (0x035b53b3) x7  0x0000000000000000
core   0: 0x0000000080005e7c (0x75f94093) xori    ra, s2, 1887
core   0: 1 0x0000000080005e7c (0x75f94093) x1  0x000000000000075f
core   0: 0x0000000080005e80 (0xb4a0cbb7) lui     s7, 0xb4a0c
core   0: 1 0x0000000080005e80 (0xb4a0cbb7) x23 0xffffffffb4a0c000
core   0: 0x0000000080005e84 (0xc062b4f3) csrrc   s1, hpmcounter6, t0
core   0: exception trap_illegal_instruction, epc 0x0000000080005e84
core   0:           tval 0x00000000c062b4f3
core   0: >>>>  $xrv64i2p1_m2p0_a2p1_f2p2_d2p2_zicsr2p0_zifencei2p0_zmmul1p0_zba1p0_zbb1p0_zbc1p0_zbs1p0
core   0: 0x0000000080004000 (0x0080006f) j       pc + 0x8
core   0: 3 0x0000000080004000 (0x0080006f)
core   0: >>>>  mmode_exception_handler
core   0: 0x0000000080004008 (0x00002c17) auipc   s8, 0x2
core   0: 3 0x0000000080004008 (0x00002c17) x24 0x0000000080006008
core   0: 0x000000008000400c (0xfd0c0c13) addi    s8, s8, -48
core   0: 3 0x000000008000400c (0xfd0c0c13) x24 0x0000000080005fd8
core   0: 0x0000000080004010 (0x000c00e7) jalr    s8
core   0: 3 0x0000000080004010 (0x000c00e7) x1  0x0000000080004014
core   0: >>>>  any_handler
core   0: 0x0000000080005fd8 (0x341027f3) csrrs   a5, mepc, zero
core   0: 3 0x0000000080005fd8 (0x341027f3) x15 0x0000000080005e84
core   0: 0x0000000080005fdc (0x34202773) csrrs   a4, mcause, zero
core   0: 3 0x0000000080005fdc (0x34202773) x14 0x0000000000000002
core   0: 0x0000000080005fe0 (0x142026f3) csrrs   a3, scause, zero
core   0: 3 0x0000000080005fe0 (0x142026f3) x13 0x0000000000000007
core   0: 0x0000000080005fe4 (0x30402673) csrrs   a2, mie, zero
core   0: 3 0x0000000080005fe4 (0x30402673) x12 0x0000000000000a00
core   0: 0x0000000080005fe8 (0x344025f3) csrrs   a1, mip, zero
core   0: 3 0x0000000080005fe8 (0x344025f3) x11 0x0000000000000080
core   0: 0x0000000080005fec (0x343025f3) csrrs   a1, mtval, zero
core   0: 3 0x0000000080005fec (0x343025f3) x11 0x00000000c062b4f3
core   0: 0x0000000080005ff0 (0x14302573) csrrs   a0, stval, zero
core   0: 3 0x0000000080005ff0 (0x14302573) x10 0x0000000000000000
core   0: 0x0000000080005ff4 (0xb02024f3) csrrs   s1, minstret, zero
core   0: 3 0x0000000080005ff4 (0xb02024f3) x9  0x00000000000012d8
core   0: 0x0000000080005ff8 (0x0000a811) c.j     pc + 20
core   0: 3 0x0000000080005ff8 (0xa811)
core   0: >>>>  mepc_4
core   0: 0x000000008000600c (0x00000791) c.addi  a5, 4
core   0: 3 0x000000008000600c (0x0791) x15 0x0000000080005e88
core   0: 0x000000008000600e (0x34179073) csrrw   zero, mepc, a5
core   0: 3 0x000000008000600e (0x34179073) c833_mepc 0x0000000080005e88
core   0: 0x0000000080006012 (0x30200073) mret
core   0: 3 0x0000000080006012 (0x30200073) c768_mstatus 0x8000000a00106080
core   0: 0x0000000080005e88 (0x0333c9b3) div     s3, t2, s3
core   0: 1 0x0000000080005e88 (0x0333c9b3) x19 0xffffffffffffffff
core   0: 0x0000000080005e8c (0x03de36b3) mulhu   a3, t3, t4
core   0: 1 0x0000000080005e8c (0x03de36b3) x13 0x0000000000000000
core   0: 0x0000000080005e90 (0x00203737) lui     a4, 0x203
core   0: 1 0x0000000080005e90 (0x00203737) x14 0x0000000000203000
core   0: 0x0000000080005e94 (0x11f7071b) addiw   a4, a4, 287
core   0: 1 0x0000000080005e94 (0x11f7071b) x14 0x000000000020311f
core   0: 0x0000000080005e98 (0x00000736) c.slli  a4, 13
core   0: 1 0x0000000080005e98 (0x0736) x14 0x000000040623e000
core   0: 0x0000000080005e9a (0x13e70713) addi    a4, a4, 318
core   0: 1 0x0000000080005e9a (0x13e70713) x14 0x000000040623e13e
core   0: 0x0000000080005e9e (0x0013939b) slliw   t2, t2, 1
core   0: 1 0x0000000080005e9e (0x0013939b) x7  0x0000000000000000
core   0: 0x0000000080005ea2 (0x020c403b) divw    zero, s8, zero
core   0: 1 0x0000000080005ea2 (0x020c403b)
core   0: 0x0000000080005ea6 (0x409382bb) subw    t0, t2, s1
core   0: 1 0x0000000080005ea6 (0x409382bb) x5  0xffffffffffffed28
core   0: 0x0000000080005eaa (0xd022f353) fcvt.s.l ft6, t0
core   0: 1 0x0000000080005eaa (0xd022f353) f6  0xffffffffc596c000
core   0: 0x0000000080005eae (0x00035b1b) srliw   s6, t1, 0
core   0: 1 0x0000000080005eae (0x00035b1b) x22 0x00000000000082eb
core   0: 0x0000000080005eb2 (0x01761933) sll     s2, a2, s7
core   0: 1 0x0000000080005eb2 (0x01761933) x18 0x0000000000000a00
core   0: 0x0000000080005eb6 (0x22e32753) fsgnjx.d fa4, ft6, fa4
core   0: 1 0x0000000080005eb6 (0x22e32753) f14 0xffffffffc596c000
core   0: 0x0000000080005eba (0x025055b3) divu    a1, zero, t0
core   0: 1 0x0000000080005eba (0x025055b3) x11 0x0000000000000000
core   0: 0x0000000080005ebe (0x0267473b) divw    a4, a4, t1
core   0: 1 0x0000000080005ebe (0x0267473b) x14 0x0000000000000c01
core   0: 0x0000000080005ec2 (0x899cf613) andi    a2, s9, -1895
core   0: 1 0x0000000080005ec2 (0x899cf613) x12 0x0000000000010090
core   0: 0x0000000080005ec6 (0x01d3c7b3) xor     a5, t2, t4
core   0: 1 0x0000000080005ec6 (0x01d3c7b3) x15 0x00000000000005d6
core   0: 0x0000000080005eca (0xc210fbd3) fcvt.wu.d s7, ft1
core   0: 1 0x0000000080005eca (0xc210fbd3) c1_fflags 0x000000000000001f x23 0xffffffffffffffff
core   0: 0x0000000080005ece (0x0090d033) srl     zero, ra, s1
core   0: 1 0x0000000080005ece (0x0090d033)
core   0: 0x0000000080005ed2 (0xc234f0d3) fcvt.lu.d ra, fs1
core   0: 1 0x0000000080005ed2 (0xc234f0d3) c1_fflags 0x000000000000001f x1  0xffffffffffffffff
core   0: 0x0000000080005ed6 (0x03c3493b) divw    s2, t1, t3
core   0: 1 0x0000000080005ed6 (0x03c3493b) x18 0xffffffffffffffff
core   0: 0x0000000080005eda (0x01fb5a9b) srliw   s5, s6, 31
core   0: 1 0x0000000080005eda (0x01fb5a9b) x21 0x0000000000000000
core   0: 0x0000000080005ede (0x0127d81b) srliw   a6, a5, 18
core   0: 1 0x0000000080005ede (0x0127d81b) x16 0x0000000000000000
core   0: 0x0000000080005ee2 (0x10456773) csrrsi  a4, sie, 10
core   0: 1 0x0000000080005ee2 (0x10456773) x14 0x0000000000000000 c772_mie 0x0000000000000a00
core   0: 0x0000000080005ee6 (0x40db56b3) sra     a3, s6, a3
core   0: 1 0x0000000080005ee6 (0x40db56b3) x13 0x00000000000082eb
core   0: 0x0000000080005eea (0xd2377453) fcvt.d.lu fs0, a4
core   0: 1 0x0000000080005eea (0xd2377453) f8  0x0000000000000000
core   0: 0x0000000080005eee (0x7ff6879b) addiw   a5, a3, 2047
core   0: 1 0x0000000080005eee (0x7ff6879b) x15 0x0000000000008aea
core   0: 0x0000000080005ef2 (0x00c09493) slli    s1, ra, 12
core   0: 1 0x0000000080005ef2 (0x00c09493) x9  0xfffffffffffff000
core   0: 0x0000000080005ef6 (0x00000001) c.nop
core   0: 1 0x0000000080005ef6 (0x0001)
core   0: 0x0000000080005ef8 (0x00000001) c.nop
core   0: 1 0x0000000080005ef8 (0x0001)
core   0: 0x0000000080005efa (0x233d89d3) fsgnj.d fs3, fs11, fs3
core   0: 1 0x0000000080005efa (0x233d89d3) f19 0x7ff8000000000000
core   0: 0x0000000080005efe (0x00eafcb7) lui     s9, 0xeaf
core   0: 1 0x0000000080005efe (0x00eafcb7) x25 0x0000000000eaf000
core   0: 0x0000000080005f02 (0xa6dc8c9b) addiw   s9, s9, -1427
core   0: 1 0x0000000080005f02 (0xa6dc8c9b) x25 0x0000000000eaea6d
core   0: 0x0000000080005f06 (0x00000cbe) c.slli  s9, 15
core   0: 1 0x0000000080005f06 (0x0cbe) x25 0x0000007575368000
core   0: 0x0000000080005f08 (0xe82c8c93) addi    s9, s9, -382
core   0: 1 0x0000000080005f08 (0xe82c8c93) x25 0x0000007575367e82
core   0: 0x0000000080005f0c (0x4311d193) srai    gp, gp, 49
core   0: 1 0x0000000080005f0c (0x4311d193) x3  0x0000000000000000
core   0: 0x0000000080005f10 (0xc21cf453) fcvt.wu.d s0, fs9
core   0: 1 0x0000000080005f10 (0xc21cf453) c1_fflags 0x000000000000001f x8  0xffffffffffffffff
core   0: 0x0000000080005f14 (0xc22474d3) fcvt.l.d s1, fs0
core   0: 1 0x0000000080005f14 (0xc22474d3) x9  0x0000000000000000
core   0: 0x0000000080005f18 (0x02f41093) slli    ra, s0, 47
core   0: 1 0x0000000080005f18 (0x02f41093) x1  0xffff800000000000
core   0: 0x0000000080005f1c (0x1b0b7953) fdiv.d  fs2, fs6, fa6
core   0: 1 0x0000000080005f1c (0x1b0b7953) f18 0x7ff8000000000000
core   0: 0x0000000080005f20 (0x03a58cb3) mul     s9, a1, s10
core   0: 1 0x0000000080005f20 (0x03a58cb3) x25 0x0000000000000000
core   0: 0x0000000080005f24 (0x015d529b) srliw   t0, s10, 21
core   0: 1 0x0000000080005f24 (0x015d529b) x5  0x00000000000007ff
core   0: 0x0000000080005f28 (0xd031f8d3) fcvt.s.lu fa7, gp
core   0: 1 0x0000000080005f28 (0xd031f8d3) f17 0xffffffff00000000
core   0: 0x0000000080005f2c (0xd20b8fd3) fcvt.d.w ft11, s7
core   0: 1 0x0000000080005f2c (0xd20b8fd3) f31 0xbff0000000000000
core   0: 0x0000000080005f30 (0x001b9773) csrrw   a4, fflags, s7
core   0: 1 0x0000000080005f30 (0x001b9773) x14 0x000000000000001f c1_fflags 0x000000000000001f
core   0: 0x0000000080005f34 (0x03bc073b) mulw    a4, s8, s11
core   0: 1 0x0000000080005f34 (0x03bc073b) x14 0x0000000000000000
core   0: 0x0000000080005f38 (0x001d1b73) csrrw   s6, fflags, s10
core   0: 1 0x0000000080005f38 (0x001d1b73) x22 0x000000000000001f c1_fflags 0x000000000000001d
core   0: 0x0000000080005f3c (0xd20787d3) fcvt.d.w fa5, a5
core   0: 1 0x0000000080005f3c (0xd20787d3) f15 0x40e15d4000000000
core   0: 0x0000000080005f40 (0x00e9e5b3) or      a1, s3, a4
core   0: 1 0x0000000080005f40 (0x00e9e5b3) x11 0xffffffffffffffff
core   0: 0x0000000080005f44 (0x00ed913b) sllw    sp, s11, a4
core   0: 1 0x0000000080005f44 (0x00ed913b) x2  0x0000000000000000
core   0: 0x0000000080005f48 (0x03a4543b) divuw   s0, s0, s10
core   0: 1 0x0000000080005f48 (0x03a4543b) x8  0x0000000000000001
core   0: 0x0000000080005f4c (0x017465b3) or      a1, s0, s7
core   0: 1 0x0000000080005f4c (0x017465b3) x11 0xffffffffffffffff
core   0: 0x0000000080005f50 (0x23270953) fsgnj.d fs2, fa4, fs2
core   0: 1 0x0000000080005f50 (0x23270953) f18 0x7fffffffc596c000
core   0: 0x0000000080005f54 (0x02b5ee3b) remw    t3, a1, a1
core   0: 1 0x0000000080005f54 (0x02b5ee3b) x28 0x0000000000000000
core   0: 0x0000000080005f58 (0x058bcd93) xori    s11, s7, 88
core   0: 1 0x0000000080005f58 (0x058bcd93) x27 0xffffffffffffffa7
core   0: 0x0000000080005f5c (0x92c97f47) fmsub.d ft10, fs2, fa2, fs2
core   0: 1 0x0000000080005f5c (0x92c97f47) f30 0x7ff8000000000000
core   0: 0x0000000080005f60 (0xd7ab1317) auipc   t1, 0xd7ab1
core   0: 1 0x0000000080005f60 (0xd7ab1317) x6  0x0000000057ab6f60
core   0: 0x0000000080005f64 (0x00cac133) xor     sp, s5, a2
core   0: 1 0x0000000080005f64 (0x00cac133) x2  0x0000000000010090
core   0: 0x0000000080005f68 (0x00862ab3) slt     s5, a2, s0
core   0: 1 0x0000000080005f68 (0x00862ab3) x21 0x0000000000000000
core   0: 0x0000000080005f6c (0xa6c40e9b) addiw   t4, s0, -1428
core   0: 1 0x0000000080005f6c (0xa6c40e9b) x29 0xfffffffffffffa6d
core   0: 0x0000000080005f70 (0xb4bcc293) xori    t0, s9, -1205
core   0: 1 0x0000000080005f70 (0xb4bcc293) x5  0xfffffffffffffb4b
core   0: 0x0000000080005f74 (0xf130d6f3) csrrwi  a3, mimpid, 1
core   0: exception trap_illegal_instruction, epc 0x0000000080005f74
core   0:           tval 0x00000000f130d6f3
core   0: >>>>  $xrv64i2p1_m2p0_a2p1_f2p2_d2p2_zicsr2p0_zifencei2p0_zmmul1p0_zba1p0_zbb1p0_zbc1p0_zbs1p0
core   0: 0x0000000080004000 (0x0080006f) j       pc + 0x8
core   0: 3 0x0000000080004000 (0x0080006f)
core   0: >>>>  mmode_exception_handler
core   0: 0x0000000080004008 (0x00002c17) auipc   s8, 0x2
core   0: 3 0x0000000080004008 (0x00002c17) x24 0x0000000080006008
core   0: 0x000000008000400c (0xfd0c0c13) addi    s8, s8, -48
core   0: 3 0x000000008000400c (0xfd0c0c13) x24 0x0000000080005fd8
core   0: 0x0000000080004010 (0x000c00e7) jalr    s8
core   0: 3 0x0000000080004010 (0x000c00e7) x1  0x0000000080004014
core   0: >>>>  any_handler
core   0: 0x0000000080005fd8 (0x341027f3) csrrs   a5, mepc, zero
core   0: 3 0x0000000080005fd8 (0x341027f3) x15 0x0000000080005f74
core   0: 0x0000000080005fdc (0x34202773) csrrs   a4, mcause, zero
core   0: 3 0x0000000080005fdc (0x34202773) x14 0x0000000000000002
core   0: 0x0000000080005fe0 (0x142026f3) csrrs   a3, scause, zero
core   0: 3 0x0000000080005fe0 (0x142026f3) x13 0x0000000000000007
core   0: 0x0000000080005fe4 (0x30402673) csrrs   a2, mie, zero
core   0: 3 0x0000000080005fe4 (0x30402673) x12 0x0000000000000a00
core   0: 0x0000000080005fe8 (0x344025f3) csrrs   a1, mip, zero
core   0: 3 0x0000000080005fe8 (0x344025f3) x11 0x0000000000000080
core   0: 0x0000000080005fec (0x343025f3) csrrs   a1, mtval, zero
core   0: 3 0x0000000080005fec (0x343025f3) x11 0x00000000f130d6f3
core   0: 0x0000000080005ff0 (0x14302573) csrrs   a0, stval, zero
core   0: 3 0x0000000080005ff0 (0x14302573) x10 0x0000000000000000
core   0: 0x0000000080005ff4 (0xb02024f3) csrrs   s1, minstret, zero
core   0: 3 0x0000000080005ff4 (0xb02024f3) x9  0x0000000000001325
core   0: 0x0000000080005ff8 (0x0000a811) c.j     pc + 20
core   0: 3 0x0000000080005ff8 (0xa811)
core   0: >>>>  mepc_4
core   0: 0x000000008000600c (0x00000791) c.addi  a5, 4
core   0: 3 0x000000008000600c (0x0791) x15 0x0000000080005f78
core   0: 0x000000008000600e (0x34179073) csrrw   zero, mepc, a5
core   0: 3 0x000000008000600e (0x34179073) c833_mepc 0x0000000080005f78
core   0: 0x0000000080006012 (0x30200073) mret
core   0: 3 0x0000000080006012 (0x30200073) c768_mstatus 0x8000000a00106080
core   0: 0x0000000080005f78 (0x232917d3) fsgnjn.d fa5, fs2, fs2
core   0: 1 0x0000000080005f78 (0x232917d3) f15 0xffffffffc596c000
core   0: 0x0000000080005f7c (0x4267f44f) fnmadd.d fs0, fa5, ft6, fs0
core   0: 1 0x0000000080005f7c (0x4267f44f) f8  0x7ff8000000000000
core   0: 0x0000000080005f80 (0xb0205bf3) csrrwi  s7, minstret, 0
core   0: exception trap_illegal_instruction, epc 0x0000000080005f80
core   0:           tval 0x00000000b0205bf3
core   0: >>>>  $xrv64i2p1_m2p0_a2p1_f2p2_d2p2_zicsr2p0_zifencei2p0_zmmul1p0_zba1p0_zbb1p0_zbc1p0_zbs1p0
core   0: 0x0000000080004000 (0x0080006f) j       pc + 0x8
core   0: 3 0x0000000080004000 (0x0080006f)
core   0: >>>>  mmode_exception_handler
core   0: 0x0000000080004008 (0x00002c17) auipc   s8, 0x2
core   0: 3 0x0000000080004008 (0x00002c17) x24 0x0000000080006008
core   0: 0x000000008000400c (0xfd0c0c13) addi    s8, s8, -48
core   0: 3 0x000000008000400c (0xfd0c0c13) x24 0x0000000080005fd8
core   0: 0x0000000080004010 (0x000c00e7) jalr    s8
core   0: 3 0x0000000080004010 (0x000c00e7) x1  0x0000000080004014
core   0: >>>>  any_handler
core   0: 0x0000000080005fd8 (0x341027f3) csrrs   a5, mepc, zero
core   0: 3 0x0000000080005fd8 (0x341027f3) x15 0x0000000080005f80
core   0: 0x0000000080005fdc (0x34202773) csrrs   a4, mcause, zero
core   0: 3 0x0000000080005fdc (0x34202773) x14 0x0000000000000002
core   0: 0x0000000080005fe0 (0x142026f3) csrrs   a3, scause, zero
core   0: 3 0x0000000080005fe0 (0x142026f3) x13 0x0000000000000007
core   0: 0x0000000080005fe4 (0x30402673) csrrs   a2, mie, zero
core   0: 3 0x0000000080005fe4 (0x30402673) x12 0x0000000000000a00
core   0: 0x0000000080005fe8 (0x344025f3) csrrs   a1, mip, zero
core   0: 3 0x0000000080005fe8 (0x344025f3) x11 0x0000000000000080
core   0: 0x0000000080005fec (0x343025f3) csrrs   a1, mtval, zero
core   0: 3 0x0000000080005fec (0x343025f3) x11 0x00000000b0205bf3
core   0: 0x0000000080005ff0 (0x14302573) csrrs   a0, stval, zero
core   0: 3 0x0000000080005ff0 (0x14302573) x10 0x0000000000000000
core   0: 0x0000000080005ff4 (0xb02024f3) csrrs   s1, minstret, zero
core   0: 3 0x0000000080005ff4 (0xb02024f3) x9  0x0000000000001337
core   0: 0x0000000080005ff8 (0x0000a811) c.j     pc + 20
core   0: 3 0x0000000080005ff8 (0xa811)
core   0: >>>>  mepc_4
core   0: 0x000000008000600c (0x00000791) c.addi  a5, 4
core   0: 3 0x000000008000600c (0x0791) x15 0x0000000080005f84
core   0: 0x000000008000600e (0x34179073) csrrw   zero, mepc, a5
core   0: 3 0x000000008000600e (0x34179073) c833_mepc 0x0000000080005f84
core   0: 0x0000000080006012 (0x30200073) mret
core   0: 3 0x0000000080006012 (0x30200073) c768_mstatus 0x8000000a00106080
core   0: 0x0000000080005f84 (0x00d6a6b3) slt     a3, a3, a3
core   0: 1 0x0000000080005f84 (0x00d6a6b3) x13 0x0000000000000000
core   0: 0x0000000080005f88 (0x228786d3) fsgnj.d fa3, fa5, fs0
core   0: 1 0x0000000080005f88 (0x228786d3) f13 0x7fffffffc596c000
core   0: 0x0000000080005f8c (0x03e81c13) slli    s8, a6, 62
core   0: 1 0x0000000080005f8c (0x03e81c13) x24 0x0000000000000000
core   0: 0x0000000080005f90 (0x2ad68ed3) fmin.d  ft9, fa3, fa3
core   0: 1 0x0000000080005f90 (0x2ad68ed3) f29 0x7ff8000000000000
core   0: 0x0000000080005f94 (0x000008ca) c.slli  a7, 18
core   0: 1 0x0000000080005f94 (0x08ca) x17 0xfffffffffffc0000
core   0: 0x0000000080005f96 (0x0aaef553) fsub.d  fa0, ft9, fa0
core   0: 1 0x0000000080005f96 (0x0aaef553) f10 0x7ff8000000000000
core   0: 0x0000000080005f9a (0x018a9913) slli    s2, s5, 24
core   0: 1 0x0000000080005f9a (0x018a9913) x18 0x0000000000000000
core   0: 0x0000000080005f9e (0x0389673b) remw    a4, s2, s8
core   0: 1 0x0000000080005f9e (0x0389673b) x14 0x0000000000000000
core   0: 0x0000000080005fa2 (0x001c10f3) csrrw   ra, fflags, s8
core   0: 1 0x0000000080005fa2 (0x001c10f3) x1  0x000000000000001d c1_fflags 0x0000000000000000
core   0: 0x0000000080005fa6 (0x0ff0000f) fence   iorw,iorw
core   0: 1 0x0000000080005fa6 (0x0ff0000f)
core   0: 0x0000000080005faa (0xc21a78d3) fcvt.wu.d a7, fs4
core   0: 1 0x0000000080005faa (0xc21a78d3) c1_fflags 0x0000000000000010 x17 0xffffffffffffffff
core   0: 0x0000000080005fae (0x413d04b3) sub     s1, s10, s3
core   0: 1 0x0000000080005fae (0x413d04b3) x9  0x00000000fffff99e
core   0: 0x0000000080005fb2 (0x410a5133) sra     sp, s4, a6
core   0: 1 0x0000000080005fb2 (0x410a5133) x2  0x0000000000000000
core   0: 0x0000000080005fb6 (0x80020d1b) addiw   s10, tp, -2048
core   0: 1 0x0000000080005fb6 (0x80020d1b) x26 0xfffffffffffff800
core   0: 0x0000000080005fba (0x985e7917) auipc   s2, 0x985e7
core   0: 1 0x0000000080005fba (0x985e7917) x18 0x00000000185ecfba
core   0: 0x0000000080005fbe (0xe20a0ad3) fmv.x.d s5, fs4
core   0: 1 0x0000000080005fbe (0xe20a0ad3) x21 0xffffffff00000000
core   0: 0x0000000080005fc2 (0x0224413b) divw    sp, s0, sp
core   0: 1 0x0000000080005fc2 (0x0224413b) x2  0xffffffffffffffff
core   0: 0x0000000080005fc6 (0x00102373) csrrs   t1, fflags, zero
core   0: 1 0x0000000080005fc6 (0x00102373) x6  0x0000000000000010
core   0: 0x0000000080005fca (0x22531353) fsgnjn.d ft6, ft6, ft5
core   0: 1 0x0000000080005fca (0x22531353) f6  0x7fffffffc596c000
core   0: 0x0000000080005fce (0x40c25833) sra     a6, tp, a2
core   0: 1 0x0000000080005fce (0x40c25833) x16 0x0000000000000000
core   0: >>>>  write_tohost
core   0: 0x0000000080005fd2 (0xa12fa0ef) jal     pc - 0x5dee
core   0: 1 0x0000000080005fd2 (0xa12fa0ef) x1  0x0000000080005fd6
core   0: >>>>  _exit
core   0: 0x00000000800001e4 (0x00004505) c.li    a0, 1
core   0: 1 0x00000000800001e4 (0x4505) x10 0x0000000000000001
core   0: 0x00000000800001e6 (0x00001f17) auipc   t5, 0x1
core   0: 1 0x00000000800001e6 (0x00001f17) x30 0x00000000800011e6
core   0: 0x00000000800001ea (0xe0af2d23) sw      a0, -486(t5)
core   0: 1 0x00000000800001ea (0xe0af2d23) mem 0x0000000080001000 0x00000001
cp /home/server/RISCV/cva6/verif/sim/out/seed_1819/spike_sim/new_seeds_1819_.cv64a6_imafdc_sv39.log.iss /home/server/RISCV/cva6/verif/sim/out/seed_1819/spike_sim/new_seeds_1819_.cv64a6_imafdc_sv39.log
