Makefile:14: must set CVA6_REPO_DIR to point at the root of CVA6 sources and CVA6_TB_DIR to point here -- doing it for you...
LD_LIBRARY_PATH="$(realpath ../../tools/spike/lib):$LD_LIBRARY_PATH" \
	/home/server/RISCV/cva6/tools/spike/bin/spike --steps=2000000  --log-commits --isa=rv64gc_zba_zbb_zbs_zbc_zicsr_zifencei --priv=msu -l /home/server/RISCV/cva6/verif/sim/out/seed_1255/directed_asm_tests/new_seeds_1255_.o
[SPIKE] Max simulation steps: 2000000
[SPIKE] Proc 0 | ISA: rv64gc_zba_zbb_zbs_zbc_zicsr_zifencei PRIV: msu
[SPIKE] Initializing memories...
core   0: 0x0000000000010000 (0x00100413) li      s0, 1
core   0: 3 0x0000000000010000 (0x00100413) x8  0x0000000000000001
core   0: 0x0000000000010004 (0x01f41413) slli    s0, s0, 31
core   0: 3 0x0000000000010004 (0x01f41413) x8  0x0000000080000000
core   0: 0x0000000000010008 (0xf1402573) csrrs   a0, mhartid, zero
core   0: 3 0x0000000000010008 (0xf1402573) x10 0x0000000000000000
core   0: 0x000000000001000c (0x00000597) auipc   a1, 0x0
core   0: 3 0x000000000001000c (0x00000597) x11 0x000000000001000c
core   0: 0x0000000000010010 (0x07458593) addi    a1, a1, 116
core   0: 3 0x0000000000010010 (0x07458593) x11 0x0000000000010080
core   0: 0x0000000000010014 (0x00040067) jr      s0
core   0: 3 0x0000000000010014 (0x00040067)
core   0: >>>>  _start
core   0: 0x0000000080000000 (0x00004081) c.li    ra, 0
core   0: 3 0x0000000080000000 (0x4081) x1  0x0000000000000000
core   0: 0x0000000080000002 (0x00004101) c.li    sp, 0
core   0: 3 0x0000000080000002 (0x4101) x2  0x0000000000000000
core   0: 0x0000000080000004 (0x00004181) c.li    gp, 0
core   0: 3 0x0000000080000004 (0x4181) x3  0x0000000000000000
core   0: 0x0000000080000006 (0x00004201) c.li    tp, 0
core   0: 3 0x0000000080000006 (0x4201) x4  0x0000000000000000
core   0: 0x0000000080000008 (0x00004281) c.li    t0, 0
core   0: 3 0x0000000080000008 (0x4281) x5  0x0000000000000000
core   0: 0x000000008000000a (0x00004301) c.li    t1, 0
core   0: 3 0x000000008000000a (0x4301) x6  0x0000000000000000
core   0: 0x000000008000000c (0x00004381) c.li    t2, 0
core   0: 3 0x000000008000000c (0x4381) x7  0x0000000000000000
core   0: 0x000000008000000e (0x00004401) c.li    s0, 0
core   0: 3 0x000000008000000e (0x4401) x8  0x0000000000000000
core   0: 0x0000000080000010 (0x00004481) c.li    s1, 0
core   0: 3 0x0000000080000010 (0x4481) x9  0x0000000000000000
core   0: 0x0000000080000012 (0x00004501) c.li    a0, 0
core   0: 3 0x0000000080000012 (0x4501) x10 0x0000000000000000
core   0: 0x0000000080000014 (0x00004581) c.li    a1, 0
core   0: 3 0x0000000080000014 (0x4581) x11 0x0000000000000000
core   0: 0x0000000080000016 (0x00004601) c.li    a2, 0
core   0: 3 0x0000000080000016 (0x4601) x12 0x0000000000000000
core   0: 0x0000000080000018 (0x00004681) c.li    a3, 0
core   0: 3 0x0000000080000018 (0x4681) x13 0x0000000000000000
core   0: 0x000000008000001a (0x00004701) c.li    a4, 0
core   0: 3 0x000000008000001a (0x4701) x14 0x0000000000000000
core   0: 0x000000008000001c (0x00004781) c.li    a5, 0
core   0: 3 0x000000008000001c (0x4781) x15 0x0000000000000000
core   0: 0x000000008000001e (0x00004801) c.li    a6, 0
core   0: 3 0x000000008000001e (0x4801) x16 0x0000000000000000
core   0: 0x0000000080000020 (0x00004881) c.li    a7, 0
core   0: 3 0x0000000080000020 (0x4881) x17 0x0000000000000000
core   0: 0x0000000080000022 (0x00004901) c.li    s2, 0
core   0: 3 0x0000000080000022 (0x4901) x18 0x0000000000000000
core   0: 0x0000000080000024 (0x00004981) c.li    s3, 0
core   0: 3 0x0000000080000024 (0x4981) x19 0x0000000000000000
core   0: 0x0000000080000026 (0x00004a01) c.li    s4, 0
core   0: 3 0x0000000080000026 (0x4a01) x20 0x0000000000000000
core   0: 0x0000000080000028 (0x00004a81) c.li    s5, 0
core   0: 3 0x0000000080000028 (0x4a81) x21 0x0000000000000000
core   0: 0x000000008000002a (0x00004b01) c.li    s6, 0
core   0: 3 0x000000008000002a (0x4b01) x22 0x0000000000000000
core   0: 0x000000008000002c (0x00004b81) c.li    s7, 0
core   0: 3 0x000000008000002c (0x4b81) x23 0x0000000000000000
core   0: 0x000000008000002e (0x00004c01) c.li    s8, 0
core   0: 3 0x000000008000002e (0x4c01) x24 0x0000000000000000
core   0: 0x0000000080000030 (0x00004c81) c.li    s9, 0
core   0: 3 0x0000000080000030 (0x4c81) x25 0x0000000000000000
core   0: 0x0000000080000032 (0x00004d01) c.li    s10, 0
core   0: 3 0x0000000080000032 (0x4d01) x26 0x0000000000000000
core   0: 0x0000000080000034 (0x00004d81) c.li    s11, 0
core   0: 3 0x0000000080000034 (0x4d81) x27 0x0000000000000000
core   0: 0x0000000080000036 (0x00004e01) c.li    t3, 0
core   0: 3 0x0000000080000036 (0x4e01) x28 0x0000000000000000
core   0: 0x0000000080000038 (0x00004e81) c.li    t4, 0
core   0: 3 0x0000000080000038 (0x4e81) x29 0x0000000000000000
core   0: 0x000000008000003a (0x00004f01) c.li    t5, 0
core   0: 3 0x000000008000003a (0x4f01) x30 0x0000000000000000
core   0: 0x000000008000003c (0x00004f81) c.li    t6, 0
core   0: 3 0x000000008000003c (0x4f81) x31 0x0000000000000000
core   0: 0x000000008000003e (0x000062f9) c.lui   t0, 0x1e
core   0: 3 0x000000008000003e (0x62f9) x5  0x000000000001e000
core   0: 0x0000000080000040 (0x3002a073) csrrs   zero, mstatus, t0
core   0: 3 0x0000000080000040 (0x3002a073) c768_mstatus 0x8000000a00006000
core   0: 0x0000000080000044 (0x00004285) c.li    t0, 1
core   0: 3 0x0000000080000044 (0x4285) x5  0x0000000000000001
core   0: 0x0000000080000046 (0x000002fe) c.slli  t0, 31
core   0: 3 0x0000000080000046 (0x02fe) x5  0x0000000080000000
core   0: 0x0000000080000048 (0x0002d863) bge     t0, zero, pc + 16
core   0: 3 0x0000000080000048 (0x0002d863)
core   0: 0x0000000080000058 (0x00000297) auipc   t0, 0x0
core   0: 3 0x0000000080000058 (0x00000297) x5  0x0000000080000058
core   0: 0x000000008000005c (0x09028293) addi    t0, t0, 144
core   0: 3 0x000000008000005c (0x09028293) x5  0x00000000800000e8
core   0: 0x0000000080000060 (0x30529073) csrrw   zero, mtvec, t0
core   0: 3 0x0000000080000060 (0x30529073) c773_mtvec 0x00000000800000e8
core   0: 0x0000000080000064 (0x00301073) csrrw   zero, fcsr, zero
core   0: 3 0x0000000080000064 (0x00301073) c1_fflags 0x0000000000000000 c2_frm 0x0000000000000000
core   0: 0x0000000080000068 (0xf0000053) fmv.w.x ft0, zero
core   0: 3 0x0000000080000068 (0xf0000053) f0  0xffffffff00000000
core   0: 0x000000008000006c (0xf00000d3) fmv.w.x ft1, zero
core   0: 3 0x000000008000006c (0xf00000d3) f1  0xffffffff00000000
core   0: 0x0000000080000070 (0xf0000153) fmv.w.x ft2, zero
core   0: 3 0x0000000080000070 (0xf0000153) f2  0xffffffff00000000
core   0: 0x0000000080000074 (0xf00001d3) fmv.w.x ft3, zero
core   0: 3 0x0000000080000074 (0xf00001d3) f3  0xffffffff00000000
core   0: 0x0000000080000078 (0xf0000253) fmv.w.x ft4, zero
core   0: 3 0x0000000080000078 (0xf0000253) f4  0xffffffff00000000
core   0: 0x000000008000007c (0xf00002d3) fmv.w.x ft5, zero
core   0: 3 0x000000008000007c (0xf00002d3) f5  0xffffffff00000000
core   0: 0x0000000080000080 (0xf0000353) fmv.w.x ft6, zero
core   0: 3 0x0000000080000080 (0xf0000353) f6  0xffffffff00000000
core   0: 0x0000000080000084 (0xf00003d3) fmv.w.x ft7, zero
core   0: 3 0x0000000080000084 (0xf00003d3) f7  0xffffffff00000000
core   0: 0x0000000080000088 (0xf0000453) fmv.w.x fs0, zero
core   0: 3 0x0000000080000088 (0xf0000453) f8  0xffffffff00000000
core   0: 0x000000008000008c (0xf00004d3) fmv.w.x fs1, zero
core   0: 3 0x000000008000008c (0xf00004d3) f9  0xffffffff00000000
core   0: 0x0000000080000090 (0xf0000553) fmv.w.x fa0, zero
core   0: 3 0x0000000080000090 (0xf0000553) f10 0xffffffff00000000
core   0: 0x0000000080000094 (0xf00005d3) fmv.w.x fa1, zero
core   0: 3 0x0000000080000094 (0xf00005d3) f11 0xffffffff00000000
core   0: 0x0000000080000098 (0xf0000653) fmv.w.x fa2, zero
core   0: 3 0x0000000080000098 (0xf0000653) f12 0xffffffff00000000
core   0: 0x000000008000009c (0xf00006d3) fmv.w.x fa3, zero
core   0: 3 0x000000008000009c (0xf00006d3) f13 0xffffffff00000000
core   0: 0x00000000800000a0 (0xf0000753) fmv.w.x fa4, zero
core   0: 3 0x00000000800000a0 (0xf0000753) f14 0xffffffff00000000
core   0: 0x00000000800000a4 (0xf00007d3) fmv.w.x fa5, zero
core   0: 3 0x00000000800000a4 (0xf00007d3) f15 0xffffffff00000000
core   0: 0x00000000800000a8 (0xf0000853) fmv.w.x fa6, zero
core   0: 3 0x00000000800000a8 (0xf0000853) f16 0xffffffff00000000
core   0: 0x00000000800000ac (0xf00008d3) fmv.w.x fa7, zero
core   0: 3 0x00000000800000ac (0xf00008d3) f17 0xffffffff00000000
core   0: 0x00000000800000b0 (0xf0000953) fmv.w.x fs2, zero
core   0: 3 0x00000000800000b0 (0xf0000953) f18 0xffffffff00000000
core   0: 0x00000000800000b4 (0xf00009d3) fmv.w.x fs3, zero
core   0: 3 0x00000000800000b4 (0xf00009d3) f19 0xffffffff00000000
core   0: 0x00000000800000b8 (0xf0000a53) fmv.w.x fs4, zero
core   0: 3 0x00000000800000b8 (0xf0000a53) f20 0xffffffff00000000
core   0: 0x00000000800000bc (0xf0000ad3) fmv.w.x fs5, zero
core   0: 3 0x00000000800000bc (0xf0000ad3) f21 0xffffffff00000000
core   0: 0x00000000800000c0 (0xf0000b53) fmv.w.x fs6, zero
core   0: 3 0x00000000800000c0 (0xf0000b53) f22 0xffffffff00000000
core   0: 0x00000000800000c4 (0xf0000bd3) fmv.w.x fs7, zero
core   0: 3 0x00000000800000c4 (0xf0000bd3) f23 0xffffffff00000000
core   0: 0x00000000800000c8 (0xf0000c53) fmv.w.x fs8, zero
core   0: 3 0x00000000800000c8 (0xf0000c53) f24 0xffffffff00000000
core   0: 0x00000000800000cc (0xf0000cd3) fmv.w.x fs9, zero
core   0: 3 0x00000000800000cc (0xf0000cd3) f25 0xffffffff00000000
core   0: 0x00000000800000d0 (0xf0000d53) fmv.w.x fs10, zero
core   0: 3 0x00000000800000d0 (0xf0000d53) f26 0xffffffff00000000
core   0: 0x00000000800000d4 (0xf0000dd3) fmv.w.x fs11, zero
core   0: 3 0x00000000800000d4 (0xf0000dd3) f27 0xffffffff00000000
core   0: 0x00000000800000d8 (0xf0000e53) fmv.w.x ft8, zero
core   0: 3 0x00000000800000d8 (0xf0000e53) f28 0xffffffff00000000
core   0: 0x00000000800000dc (0xf0000ed3) fmv.w.x ft9, zero
core   0: 3 0x00000000800000dc (0xf0000ed3) f29 0xffffffff00000000
core   0: 0x00000000800000e0 (0xf0000f53) fmv.w.x ft10, zero
core   0: 3 0x00000000800000e0 (0xf0000f53) f30 0xffffffff00000000
core   0: 0x00000000800000e4 (0xf0000fd3) fmv.w.x ft11, zero
core   0: 3 0x00000000800000e4 (0xf0000fd3) f31 0xffffffff00000000
core   0: 0x00000000800000e8 (0x00000297) auipc   t0, 0x0
core   0: 3 0x00000000800000e8 (0x00000297) x5  0x00000000800000e8
core   0: 0x00000000800000ec (0x03c28293) addi    t0, t0, 60
core   0: 3 0x00000000800000ec (0x03c28293) x5  0x0000000080000124
core   0: 0x00000000800000f0 (0x30529073) csrrw   zero, mtvec, t0
core   0: 3 0x00000000800000f0 (0x30529073) c773_mtvec 0x0000000080000124
core   0: 0x00000000800000f4 (0x00012197) auipc   gp, 0x12
core   0: 3 0x00000000800000f4 (0x00012197) x3  0x00000000800120f4
core   0: 0x00000000800000f8 (0x73418193) addi    gp, gp, 1844
core   0: 3 0x00000000800000f8 (0x73418193) x3  0x0000000080012828
core   0: 0x00000000800000fc (0x00012217) auipc   tp, 0x12
core   0: 3 0x00000000800000fc (0x00012217) x4  0x00000000800120fc
core   0: 0x0000000080000100 (0xf8320213) addi    tp, tp, -125
core   0: 3 0x0000000080000100 (0xf8320213) x4  0x000000008001207f
core   0: 0x0000000080000104 (0xfc027213) andi    tp, tp, -64
core   0: 3 0x0000000080000104 (0xfc027213) x4  0x0000000080012040
core   0: 0x0000000080000108 (0xf1402573) csrrs   a0, mhartid, zero
core   0: 3 0x0000000080000108 (0xf1402573) x10 0x0000000000000000
core   0: 0x000000008000010c (0x00004585) c.li    a1, 1
core   0: 3 0x000000008000010c (0x4585) x11 0x0000000000000001
core   0: 0x000000008000010e (0x00b57063) bgeu    a0, a1, pc + 0
core   0: 3 0x000000008000010e (0x00b57063)
core   0: 0x0000000080000112 (0x00150113) addi    sp, a0, 1
core   0: 3 0x0000000080000112 (0x00150113) x2  0x0000000000000001
core   0: 0x0000000080000116 (0x00000146) c.slli  sp, 17
core   0: 3 0x0000000080000116 (0x0146) x2  0x0000000000020000
core   0: 0x0000000080000118 (0x00009112) c.add   sp, tp
core   0: 3 0x0000000080000118 (0x9112) x2  0x0000000080032040
core   0: 0x000000008000011a (0x01151613) slli    a2, a0, 17
core   0: 3 0x000000008000011a (0x01151613) x12 0x0000000000000000
core   0: 0x000000008000011e (0x00009232) c.add   tp, a2
core   0: 3 0x000000008000011e (0x9232) x4  0x0000000080012040
core   0: 0x0000000080000120 (0x3b20f06f) j       pc + 0xf3b2
core   0: 3 0x0000000080000120 (0x3b20f06f)
core   0: >>>>  _init
core   0: 0x000000008000f4d2 (0x00007171) c.addi16sp sp, -176
core   0: 3 0x000000008000f4d2 (0x7171) x2  0x0000000080031f90
core   0: 0x000000008000f4d4 (0x0000f506) c.sdsp  ra, 168(sp)
core   0: 3 0x000000008000f4d4 (0xf506) mem 0x0000000080032038 0x0000000000000000
core   0: 0x000000008000f4d6 (0x0000f122) c.sdsp  s0, 160(sp)
core   0: 3 0x000000008000f4d6 (0xf122) mem 0x0000000080032030 0x0000000000000000
core   0: 0x000000008000f4d8 (0x0000ed26) c.sdsp  s1, 152(sp)
core   0: 3 0x000000008000f4d8 (0xed26) mem 0x0000000080032028 0x0000000000000000
core   0: 0x000000008000f4da (0x00001900) c.addi4spn s0, sp, 176
core   0: 3 0x000000008000f4da (0x1900) x8  0x0000000080032040
core   0: 0x000000008000f4dc (0x000087aa) c.mv    a5, a0
core   0: 3 0x000000008000f4dc (0x87aa) x15 0x0000000000000000
core   0: 0x000000008000f4de (0x0000872e) c.mv    a4, a1
core   0: 3 0x000000008000f4de (0x872e) x14 0x0000000000000001
core   0: 0x000000008000f4e0 (0xf4f42e23) sw      a5, -164(s0)
core   0: 3 0x000000008000f4e0 (0xf4f42e23) mem 0x0000000080031f9c 0x00000000
core   0: 0x000000008000f4e4 (0x000087ba) c.mv    a5, a4
core   0: 3 0x000000008000f4e4 (0x87ba) x15 0x0000000000000001
core   0: 0x000000008000f4e6 (0xf4f42c23) sw      a5, -168(s0)
core   0: 3 0x000000008000f4e6 (0xf4f42c23) mem 0x0000000080031f98 0x00000001
core   0: 0x000000008000f4ea (0xfe040793) addi    a5, s0, -32
core   0: 3 0x000000008000f4ea (0xfe040793) x15 0x0000000080032020
core   0: 0x000000008000f4ee (0xf4f43823) sd      a5, -176(s0)
core   0: 3 0x000000008000f4ee (0xf4f43823) mem 0x0000000080031f90 0x0000000080032020
core   0: 0x000000008000f4f2 (0xf5043783) ld      a5, -176(s0)
core   0: 3 0x000000008000f4f2 (0xf5043783) x15 0x0000000080032020 mem 0x0000000080031f90
core   0: 0x000000008000f4f6 (0xf8078793) addi    a5, a5, -128
core   0: 3 0x000000008000f4f6 (0xf8078793) x15 0x0000000080031fa0
core   0: 0x000000008000f4fa (0x03f78793) addi    a5, a5, 63
core   0: 3 0x000000008000f4fa (0x03f78793) x15 0x0000000080031fdf
core   0: 0x000000008000f4fe (0x00008399) c.srli  a5, 6
core   0: 3 0x000000008000f4fe (0x8399) x15 0x0000000002000c7f
core   0: 0x000000008000f500 (0x00679493) slli    s1, a5, 6
core   0: 3 0x000000008000f500 (0x00679493) x9  0x0000000080031fc0
core   0: 0x000000008000f504 (0xf65ff0ef) jal     pc - 0x9c
core   0: 3 0x000000008000f504 (0xf65ff0ef) x1  0x000000008000f508
core   0: >>>>  init_tls
core   0: 0x000000008000f468 (0x00001101) c.addi  sp, -32
core   0: 3 0x000000008000f468 (0x1101) x2  0x0000000080031f70
core   0: 0x000000008000f46a (0x0000ec06) c.sdsp  ra, 24(sp)
core   0: 3 0x000000008000f46a (0xec06) mem 0x0000000080031f88 0x000000008000f508
core   0: 0x000000008000f46c (0x0000e822) c.sdsp  s0, 16(sp)
core   0: 3 0x000000008000f46c (0xe822) mem 0x0000000080031f80 0x0000000080032040
core   0: 0x000000008000f46e (0x00001000) c.addi4spn s0, sp, 32
core   0: 3 0x000000008000f46e (0x1000) x8  0x0000000080031f90
core   0: 0x000000008000f470 (0x00003717) auipc   a4, 0x3
core   0: 3 0x000000008000f470 (0x00003717) x14 0x0000000080012470
core   0: 0x000000008000f474 (0xbb870713) addi    a4, a4, -1096
core   0: 3 0x000000008000f474 (0xbb870713) x14 0x0000000080012028
core   0: 0x000000008000f478 (0x00003797) auipc   a5, 0x3
core   0: 3 0x000000008000f478 (0x00003797) x15 0x0000000080012478
core   0: 0x000000008000f47c (0xbb078793) addi    a5, a5, -1104
core   0: 3 0x000000008000f47c (0xbb078793) x15 0x0000000080012028
core   0: 0x000000008000f480 (0x40f707b3) sub     a5, a4, a5
core   0: 3 0x000000008000f480 (0x40f707b3) x15 0x0000000000000000
core   0: 0x000000008000f484 (0xfef43423) sd      a5, -24(s0)
core   0: 3 0x000000008000f484 (0xfef43423) mem 0x0000000080031f78 0x0000000000000000
core   0: 0x000000008000f488 (0x00008792) c.mv    a5, tp
core   0: 3 0x000000008000f488 (0x8792) x15 0x0000000080012040
core   0: 0x000000008000f48a (0xfe843603) ld      a2, -24(s0)
core   0: 3 0x000000008000f48a (0xfe843603) x12 0x0000000000000000 mem 0x0000000080031f78
core   0: 0x000000008000f48e (0x00003597) auipc   a1, 0x3
core   0: 3 0x000000008000f48e (0x00003597) x11 0x000000008001248e
core   0: 0x000000008000f492 (0xb9a58593) addi    a1, a1, -1126
core   0: 3 0x000000008000f492 (0xb9a58593) x11 0x0000000080012028
core   0: 0x000000008000f496 (0x0000853e) c.mv    a0, a5
core   0: 3 0x000000008000f496 (0x853e) x10 0x0000000080012040
core   0: 0x000000008000f498 (0x0f9000ef) jal     pc + 0x8f8
core   0: 3 0x000000008000f498 (0x0f9000ef) x1  0x000000008000f49c
core   0: >>>>  memcpy
core   0: 0x000000008000fd90 (0x0000715d) c.addi16sp sp, -80
core   0: 3 0x000000008000fd90 (0x715d) x2  0x0000000080031f20
core   0: 0x000000008000fd92 (0x0000e4a2) c.sdsp  s0, 72(sp)
core   0: 3 0x000000008000fd92 (0xe4a2) mem 0x0000000080031f68 0x0000000080031f90
core   0: 0x000000008000fd94 (0x00000880) c.addi4spn s0, sp, 80
core   0: 3 0x000000008000fd94 (0x0880) x8  0x0000000080031f70
core   0: 0x000000008000fd96 (0xfca43423) sd      a0, -56(s0)
core   0: 3 0x000000008000fd96 (0xfca43423) mem 0x0000000080031f38 0x0000000080012040
core   0: 0x000000008000fd9a (0xfcb43023) sd      a1, -64(s0)
core   0: 3 0x000000008000fd9a (0xfcb43023) mem 0x0000000080031f30 0x0000000080012028
core   0: 0x000000008000fd9e (0xfac43c23) sd      a2, -72(s0)
core   0: 3 0x000000008000fd9e (0xfac43c23) mem 0x0000000080031f28 0x0000000000000000
core   0: 0x000000008000fda2 (0xfc843703) ld      a4, -56(s0)
core   0: 3 0x000000008000fda2 (0xfc843703) x14 0x0000000080012040 mem 0x0000000080031f38
core   0: 0x000000008000fda6 (0xfc043783) ld      a5, -64(s0)
core   0: 3 0x000000008000fda6 (0xfc043783) x15 0x0000000080012028 mem 0x0000000080031f30
core   0: 0x000000008000fdaa (0x00008f5d) c.or    a4, a5
core   0: 3 0x000000008000fdaa (0x8f5d) x14 0x0000000080012068
core   0: 0x000000008000fdac (0xfb843783) ld      a5, -72(s0)
core   0: 3 0x000000008000fdac (0xfb843783) x15 0x0000000000000000 mem 0x0000000080031f28
core   0: 0x000000008000fdb0 (0x00008fd9) c.or    a5, a4
core   0: 3 0x000000008000fdb0 (0x8fd9) x15 0x0000000080012068
core   0: 0x000000008000fdb2 (0x00008b9d) c.andi  a5, 7
core   0: 3 0x000000008000fdb2 (0x8b9d) x15 0x0000000000000000
core   0: 0x000000008000fdb4 (0x0000e3b1) c.bnez  a5, pc + 68
core   0: 3 0x000000008000fdb4 (0xe3b1)
core   0: 0x000000008000fdb6 (0xfc043783) ld      a5, -64(s0)
core   0: 3 0x000000008000fdb6 (0xfc043783) x15 0x0000000080012028 mem 0x0000000080031f30
core   0: 0x000000008000fdba (0xfef43423) sd      a5, -24(s0)
core   0: 3 0x000000008000fdba (0xfef43423) mem 0x0000000080031f58 0x0000000080012028
core   0: 0x000000008000fdbe (0xfc843783) ld      a5, -56(s0)
core   0: 3 0x000000008000fdbe (0xfc843783) x15 0x0000000080012040 mem 0x0000000080031f38
core   0: 0x000000008000fdc2 (0xfef43023) sd      a5, -32(s0)
core   0: 3 0x000000008000fdc2 (0xfef43023) mem 0x0000000080031f50 0x0000000080012040
core   0: 0x000000008000fdc6 (0x0000a839) c.j     pc + 30
core   0: 3 0x000000008000fdc6 (0xa839)
core   0: 0x000000008000fde4 (0xfc843703) ld      a4, -56(s0)
core   0: 3 0x000000008000fde4 (0xfc843703) x14 0x0000000080012040 mem 0x0000000080031f38
core   0: 0x000000008000fde8 (0xfb843783) ld      a5, -72(s0)
core   0: 3 0x000000008000fde8 (0xfb843783) x15 0x0000000000000000 mem 0x0000000080031f28
core   0: 0x000000008000fdec (0x000097ba) c.add   a5, a4
core   0: 3 0x000000008000fdec (0x97ba) x15 0x0000000080012040
core   0: 0x000000008000fdee (0xfe043703) ld      a4, -32(s0)
core   0: 3 0x000000008000fdee (0xfe043703) x14 0x0000000080012040 mem 0x0000000080031f50
core   0: 0x000000008000fdf2 (0xfcf76be3) bltu    a4, a5, pc - 42
core   0: 3 0x000000008000fdf2 (0xfcf76be3)
core   0: 0x000000008000fdf6 (0x0000a099) c.j     pc + 70
core   0: 3 0x000000008000fdf6 (0xa099)
core   0: 0x000000008000fe3c (0xfc843783) ld      a5, -56(s0)
core   0: 3 0x000000008000fe3c (0xfc843783) x15 0x0000000080012040 mem 0x0000000080031f38
core   0: 0x000000008000fe40 (0x0000853e) c.mv    a0, a5
core   0: 3 0x000000008000fe40 (0x853e) x10 0x0000000080012040
core   0: 0x000000008000fe42 (0x00006426) c.ldsp  s0, 72(sp)
core   0: 3 0x000000008000fe42 (0x6426) x8  0x0000000080031f90 mem 0x0000000080031f68
core   0: 0x000000008000fe44 (0x00006161) c.addi16sp sp, 80
core   0: 3 0x000000008000fe44 (0x6161) x2  0x0000000080031f70
core   0: 0x000000008000fe46 (0x00008082) ret
core   0: 3 0x000000008000fe46 (0x8082)
core   0: 0x000000008000f49c (0x00003717) auipc   a4, 0x3
core   0: 3 0x000000008000f49c (0x00003717) x14 0x000000008001249c
core   0: 0x000000008000f4a0 (0xc2870713) addi    a4, a4, -984
core   0: 3 0x000000008000f4a0 (0xc2870713) x14 0x00000000800120c4
core   0: 0x000000008000f4a4 (0x00003797) auipc   a5, 0x3
core   0: 3 0x000000008000f4a4 (0x00003797) x15 0x00000000800124a4
core   0: 0x000000008000f4a8 (0xb8478793) addi    a5, a5, -1148
core   0: 3 0x000000008000f4a8 (0xb8478793) x15 0x0000000080012028
core   0: 0x000000008000f4ac (0x40f707b3) sub     a5, a4, a5
core   0: 3 0x000000008000f4ac (0x40f707b3) x15 0x000000000000009c
core   0: 0x000000008000f4b0 (0xfef43023) sd      a5, -32(s0)
core   0: 3 0x000000008000f4b0 (0xfef43023) mem 0x0000000080031f70 0x000000000000009c
core   0: 0x000000008000f4b4 (0x00008712) c.mv    a4, tp
core   0: 3 0x000000008000f4b4 (0x8712) x14 0x0000000080012040
core   0: 0x000000008000f4b6 (0xfe843783) ld      a5, -24(s0)
core   0: 3 0x000000008000f4b6 (0xfe843783) x15 0x0000000000000000 mem 0x0000000080031f78
core   0: 0x000000008000f4ba (0x000097ba) c.add   a5, a4
core   0: 3 0x000000008000f4ba (0x97ba) x15 0x0000000080012040
core   0: 0x000000008000f4bc (0xfe043603) ld      a2, -32(s0)
core   0: 3 0x000000008000f4bc (0xfe043603) x12 0x000000000000009c mem 0x0000000080031f70
core   0: 0x000000008000f4c0 (0x00004581) c.li    a1, 0
core   0: 3 0x000000008000f4c0 (0x4581) x11 0x0000000000000000
core   0: 0x000000008000f4c2 (0x0000853e) c.mv    a0, a5
core   0: 3 0x000000008000f4c2 (0x853e) x10 0x0000000080012040
core   0: 0x000000008000f4c4 (0x185000ef) jal     pc + 0x984
core   0: 3 0x000000008000f4c4 (0x185000ef) x1  0x000000008000f4c8
core   0: >>>>  memset
core   0: 0x000000008000fe48 (0x0000715d) c.addi16sp sp, -80
core   0: 3 0x000000008000fe48 (0x715d) x2  0x0000000080031f20
core   0: 0x000000008000fe4a (0x0000e4a2) c.sdsp  s0, 72(sp)
core   0: 3 0x000000008000fe4a (0xe4a2) mem 0x0000000080031f68 0x0000000080031f90
core   0: 0x000000008000fe4c (0x00000880) c.addi4spn s0, sp, 80
core   0: 3 0x000000008000fe4c (0x0880) x8  0x0000000080031f70
core   0: 0x000000008000fe4e (0xfca43423) sd      a0, -56(s0)
core   0: 3 0x000000008000fe4e (0xfca43423) mem 0x0000000080031f38 0x0000000080012040
core   0: 0x000000008000fe52 (0x000087ae) c.mv    a5, a1
core   0: 3 0x000000008000fe52 (0x87ae) x15 0x0000000000000000
core   0: 0x000000008000fe54 (0xfac43c23) sd      a2, -72(s0)
core   0: 3 0x000000008000fe54 (0xfac43c23) mem 0x0000000080031f28 0x000000000000009c
core   0: 0x000000008000fe58 (0xfcf42223) sw      a5, -60(s0)
core   0: 3 0x000000008000fe58 (0xfcf42223) mem 0x0000000080031f34 0x00000000
core   0: 0x000000008000fe5c (0xfc843703) ld      a4, -56(s0)
core   0: 3 0x000000008000fe5c (0xfc843703) x14 0x0000000080012040 mem 0x0000000080031f38
core   0: 0x000000008000fe60 (0xfb843783) ld      a5, -72(s0)
core   0: 3 0x000000008000fe60 (0xfb843783) x15 0x000000000000009c mem 0x0000000080031f28
core   0: 0x000000008000fe64 (0x00008fd9) c.or    a5, a4
core   0: 3 0x000000008000fe64 (0x8fd9) x15 0x00000000800120dc
core   0: 0x000000008000fe66 (0x00008b9d) c.andi  a5, 7
core   0: 3 0x000000008000fe66 (0x8b9d) x15 0x0000000000000004
core   0: 0x000000008000fe68 (0x0000e7bd) c.bnez  a5, pc + 110
core   0: 3 0x000000008000fe68 (0xe7bd)
core   0: 0x000000008000fed6 (0xfc843783) ld      a5, -56(s0)
core   0: 3 0x000000008000fed6 (0xfc843783) x15 0x0000000080012040 mem 0x0000000080031f38
core   0: 0x000000008000feda (0xfef43023) sd      a5, -32(s0)
core   0: 3 0x000000008000feda (0xfef43023) mem 0x0000000080031f50 0x0000000080012040
core   0: 0x000000008000fede (0x0000a829) c.j     pc + 26
core   0: 3 0x000000008000fede (0xa829)
core   0: 0x000000008000fef8 (0xfc843703) ld      a4, -56(s0)
core   0: 3 0x000000008000fef8 (0xfc843703) x14 0x0000000080012040 mem 0x0000000080031f38
core   0: 0x000000008000fefc (0xfb843783) ld      a5, -72(s0)
core   0: 3 0x000000008000fefc (0xfb843783) x15 0x000000000000009c mem 0x0000000080031f28
core   0: 0x000000008000ff00 (0x000097ba) c.add   a5, a4
core   0: 3 0x000000008000ff00 (0x97ba) x15 0x00000000800120dc
core   0: 0x000000008000ff02 (0xfe043703) ld      a4, -32(s0)
core   0: 3 0x000000008000ff02 (0xfe043703) x14 0x0000000080012040 mem 0x0000000080031f50
core   0: 0x000000008000ff06 (0xfcf76de3) bltu    a4, a5, pc - 38
core   0: 3 0x000000008000ff06 (0xfcf76de3)
core   0: 0x000000008000fee0 (0xfe043783) ld      a5, -32(s0)
core   0: 3 0x000000008000fee0 (0xfe043783) x15 0x0000000080012040 mem 0x0000000080031f50
core   0: 0x000000008000fee4 (0x00178713) addi    a4, a5, 1
core   0: 3 0x000000008000fee4 (0x00178713) x14 0x0000000080012041
core   0: 0x000000008000fee8 (0xfee43023) sd      a4, -32(s0)
core   0: 3 0x000000008000fee8 (0xfee43023) mem 0x0000000080031f50 0x0000000080012041
core   0: 0x000000008000feec (0xfc442703) lw      a4, -60(s0)
core   0: 3 0x000000008000feec (0xfc442703) x14 0x0000000000000000 mem 0x0000000080031f34
core   0: 0x000000008000fef0 (0x0ff77713) andi    a4, a4, 255
core   0: 3 0x000000008000fef0 (0x0ff77713) x14 0x0000000000000000
core   0: 0x000000008000fef4 (0x00e78023) sb      a4, 0(a5)
core   0: 3 0x000000008000fef4 (0x00e78023) mem 0x0000000080012040 0x00
core   0: 0x000000008000fef8 (0xfc843703) ld      a4, -56(s0)
core   0: 3 0x000000008000fef8 (0xfc843703) x14 0x0000000080012040 mem 0x0000000080031f38
core   0: 0x000000008000fefc (0xfb843783) ld      a5, -72(s0)
core   0: 3 0x000000008000fefc (0xfb843783) x15 0x000000000000009c mem 0x0000000080031f28
core   0: 0x000000008000ff00 (0x000097ba) c.add   a5, a4
core   0: 3 0x000000008000ff00 (0x97ba) x15 0x00000000800120dc
core   0: 0x000000008000ff02 (0xfe043703) ld      a4, -32(s0)
core   0: 3 0x000000008000ff02 (0xfe043703) x14 0x0000000080012041 mem 0x0000000080031f50
core   0: 0x000000008000ff06 (0xfcf76de3) bltu    a4, a5, pc - 38
core   0: 3 0x000000008000ff06 (0xfcf76de3)
core   0: 0x000000008000fee0 (0xfe043783) ld      a5, -32(s0)
core   0: 3 0x000000008000fee0 (0xfe043783) x15 0x0000000080012041 mem 0x0000000080031f50
core   0: 0x000000008000fee4 (0x00178713) addi    a4, a5, 1
core   0: 3 0x000000008000fee4 (0x00178713) x14 0x0000000080012042
core   0: 0x000000008000fee8 (0xfee43023) sd      a4, -32(s0)
core   0: 3 0x000000008000fee8 (0xfee43023) mem 0x0000000080031f50 0x0000000080012042
core   0: 0x000000008000feec (0xfc442703) lw      a4, -60(s0)
core   0: 3 0x000000008000feec (0xfc442703) x14 0x0000000000000000 mem 0x0000000080031f34
core   0: 0x000000008000fef0 (0x0ff77713) andi    a4, a4, 255
core   0: 3 0x000000008000fef0 (0x0ff77713) x14 0x0000000000000000
core   0: 0x000000008000fef4 (0x00e78023) sb      a4, 0(a5)
core   0: 3 0x000000008000fef4 (0x00e78023) mem 0x0000000080012041 0x00
core   0: 0x000000008000fef8 (0xfc843703) ld      a4, -56(s0)
core   0: 3 0x000000008000fef8 (0xfc843703) x14 0x0000000080012040 mem 0x0000000080031f38
core   0: 0x000000008000fefc (0xfb843783) ld      a5, -72(s0)
core   0: 3 0x000000008000fefc (0xfb843783) x15 0x000000000000009c mem 0x0000000080031f28
core   0: 0x000000008000ff00 (0x000097ba) c.add   a5, a4
core   0: 3 0x000000008000ff00 (0x97ba) x15 0x00000000800120dc
core   0: 0x000000008000ff02 (0xfe043703) ld      a4, -32(s0)
core   0: 3 0x000000008000ff02 (0xfe043703) x14 0x0000000080012042 mem 0x0000000080031f50
core   0: 0x000000008000ff06 (0xfcf76de3) bltu    a4, a5, pc - 38
core   0: 3 0x000000008000ff06 (0xfcf76de3)
core   0: 0x000000008000fee0 (0xfe043783) ld      a5, -32(s0)
core   0: 3 0x000000008000fee0 (0xfe043783) x15 0x0000000080012042 mem 0x0000000080031f50
core   0: 0x000000008000fee4 (0x00178713) addi    a4, a5, 1
core   0: 3 0x000000008000fee4 (0x00178713) x14 0x0000000080012043
core   0: 0x000000008000fee8 (0xfee43023) sd      a4, -32(s0)
core   0: 3 0x000000008000fee8 (0xfee43023) mem 0x0000000080031f50 0x0000000080012043
core   0: 0x000000008000feec (0xfc442703) lw      a4, -60(s0)
core   0: 3 0x000000008000feec (0xfc442703) x14 0x0000000000000000 mem 0x0000000080031f34
core   0: 0x000000008000fef0 (0x0ff77713) andi    a4, a4, 255
core   0: 3 0x000000008000fef0 (0x0ff77713) x14 0x0000000000000000
core   0: 0x000000008000fef4 (0x00e78023) sb      a4, 0(a5)
core   0: 3 0x000000008000fef4 (0x00e78023) mem 0x0000000080012042 0x00
core   0: 0x000000008000fef8 (0xfc843703) ld      a4, -56(s0)
core   0: 3 0x000000008000fef8 (0xfc843703) x14 0x0000000080012040 mem 0x0000000080031f38
core   0: 0x000000008000fefc (0xfb843783) ld      a5, -72(s0)
core   0: 3 0x000000008000fefc (0xfb843783) x15 0x000000000000009c mem 0x0000000080031f28
core   0: 0x000000008000ff00 (0x000097ba) c.add   a5, a4
core   0: 3 0x000000008000ff00 (0x97ba) x15 0x00000000800120dc
core   0: 0x000000008000ff02 (0xfe043703) ld      a4, -32(s0)
core   0: 3 0x000000008000ff02 (0xfe043703) x14 0x0000000080012043 mem 0x0000000080031f50
core   0: 0x000000008000ff06 (0xfcf76de3) bltu    a4, a5, pc - 38
core   0: 3 0x000000008000ff06 (0xfcf76de3)
core   0: 0x000000008000fee0 (0xfe043783) ld      a5, -32(s0)
core   0: 3 0x000000008000fee0 (0xfe043783) x15 0x0000000080012043 mem 0x0000000080031f50
core   0: 0x000000008000fee4 (0x00178713) addi    a4, a5, 1
core   0: 3 0x000000008000fee4 (0x00178713) x14 0x0000000080012044
core   0: 0x000000008000fee8 (0xfee43023) sd      a4, -32(s0)
core   0: 3 0x000000008000fee8 (0xfee43023) mem 0x0000000080031f50 0x0000000080012044
core   0: 0x000000008000feec (0xfc442703) lw      a4, -60(s0)
core   0: 3 0x000000008000feec (0xfc442703) x14 0x0000000000000000 mem 0x0000000080031f34
core   0: 0x000000008000fef0 (0x0ff77713) andi    a4, a4, 255
core   0: 3 0x000000008000fef0 (0x0ff77713) x14 0x0000000000000000
core   0: 0x000000008000fef4 (0x00e78023) sb      a4, 0(a5)
core   0: 3 0x000000008000fef4 (0x00e78023) mem 0x0000000080012043 0x00
core   0: 0x000000008000fef8 (0xfc843703) ld      a4, -56(s0)
core   0: 3 0x000000008000fef8 (0xfc843703) x14 0x0000000080012040 mem 0x0000000080031f38
core   0: 0x000000008000fefc (0xfb843783) ld      a5, -72(s0)
core   0: 3 0x000000008000fefc (0xfb843783) x15 0x000000000000009c mem 0x0000000080031f28
core   0: 0x000000008000ff00 (0x000097ba) c.add   a5, a4
core   0: 3 0x000000008000ff00 (0x97ba) x15 0x00000000800120dc
core   0: 0x000000008000ff02 (0xfe043703) ld      a4, -32(s0)
core   0: 3 0x000000008000ff02 (0xfe043703) x14 0x0000000080012044 mem 0x0000000080031f50
core   0: 0x000000008000ff06 (0xfcf76de3) bltu    a4, a5, pc - 38
core   0: 3 0x000000008000ff06 (0xfcf76de3)
core   0: 0x000000008000fee0 (0xfe043783) ld      a5, -32(s0)
core   0: 3 0x000000008000fee0 (0xfe043783) x15 0x0000000080012044 mem 0x0000000080031f50
core   0: 0x000000008000fee4 (0x00178713) addi    a4, a5, 1
core   0: 3 0x000000008000fee4 (0x00178713) x14 0x0000000080012045
core   0: 0x000000008000fee8 (0xfee43023) sd      a4, -32(s0)
core   0: 3 0x000000008000fee8 (0xfee43023) mem 0x0000000080031f50 0x0000000080012045
core   0: 0x000000008000feec (0xfc442703) lw      a4, -60(s0)
core   0: 3 0x000000008000feec (0xfc442703) x14 0x0000000000000000 mem 0x0000000080031f34
core   0: 0x000000008000fef0 (0x0ff77713) andi    a4, a4, 255
core   0: 3 0x000000008000fef0 (0x0ff77713) x14 0x0000000000000000
core   0: 0x000000008000fef4 (0x00e78023) sb      a4, 0(a5)
core   0: 3 0x000000008000fef4 (0x00e78023) mem 0x0000000080012044 0x00
core   0: 0x000000008000fef8 (0xfc843703) ld      a4, -56(s0)
core   0: 3 0x000000008000fef8 (0xfc843703) x14 0x0000000080012040 mem 0x0000000080031f38
core   0: 0x000000008000fefc (0xfb843783) ld      a5, -72(s0)
core   0: 3 0x000000008000fefc (0xfb843783) x15 0x000000000000009c mem 0x0000000080031f28
core   0: 0x000000008000ff00 (0x000097ba) c.add   a5, a4
core   0: 3 0x000000008000ff00 (0x97ba) x15 0x00000000800120dc
core   0: 0x000000008000ff02 (0xfe043703) ld      a4, -32(s0)
core   0: 3 0x000000008000ff02 (0xfe043703) x14 0x0000000080012045 mem 0x0000000080031f50
core   0: 0x000000008000ff06 (0xfcf76de3) bltu    a4, a5, pc - 38
core   0: 3 0x000000008000ff06 (0xfcf76de3)
core   0: 0x000000008000fee0 (0xfe043783) ld      a5, -32(s0)
core   0: 3 0x000000008000fee0 (0xfe043783) x15 0x0000000080012045 mem 0x0000000080031f50
core   0: 0x000000008000fee4 (0x00178713) addi    a4, a5, 1
core   0: 3 0x000000008000fee4 (0x00178713) x14 0x0000000080012046
core   0: 0x000000008000fee8 (0xfee43023) sd      a4, -32(s0)
core   0: 3 0x000000008000fee8 (0xfee43023) mem 0x0000000080031f50 0x0000000080012046
core   0: 0x000000008000feec (0xfc442703) lw      a4, -60(s0)
core   0: 3 0x000000008000feec (0xfc442703) x14 0x0000000000000000 mem 0x0000000080031f34
core   0: 0x000000008000fef0 (0x0ff77713) andi    a4, a4, 255
core   0: 3 0x000000008000fef0 (0x0ff77713) x14 0x0000000000000000
core   0: 0x000000008000fef4 (0x00e78023) sb      a4, 0(a5)
core   0: 3 0x000000008000fef4 (0x00e78023) mem 0x0000000080012045 0x00
core   0: 0x000000008000fef8 (0xfc843703) ld      a4, -56(s0)
core   0: 3 0x000000008000fef8 (0xfc843703) x14 0x0000000080012040 mem 0x0000000080031f38
core   0: 0x000000008000fefc (0xfb843783) ld      a5, -72(s0)
core   0: 3 0x000000008000fefc (0xfb843783) x15 0x000000000000009c mem 0x0000000080031f28
core   0: 0x000000008000ff00 (0x000097ba) c.add   a5, a4
core   0: 3 0x000000008000ff00 (0x97ba) x15 0x00000000800120dc
core   0: 0x000000008000ff02 (0xfe043703) ld      a4, -32(s0)
core   0: 3 0x000000008000ff02 (0xfe043703) x14 0x0000000080012046 mem 0x0000000080031f50
core   0: 0x000000008000ff06 (0xfcf76de3) bltu    a4, a5, pc - 38
core   0: 3 0x000000008000ff06 (0xfcf76de3)
core   0: 0x000000008000fee0 (0xfe043783) ld      a5, -32(s0)
core   0: 3 0x000000008000fee0 (0xfe043783) x15 0x0000000080012046 mem 0x0000000080031f50
core   0: 0x000000008000fee4 (0x00178713) addi    a4, a5, 1
core   0: 3 0x000000008000fee4 (0x00178713) x14 0x0000000080012047
core   0: 0x000000008000fee8 (0xfee43023) sd      a4, -32(s0)
core   0: 3 0x000000008000fee8 (0xfee43023) mem 0x0000000080031f50 0x0000000080012047
core   0: 0x000000008000feec (0xfc442703) lw      a4, -60(s0)
core   0: 3 0x000000008000feec (0xfc442703) x14 0x0000000000000000 mem 0x0000000080031f34
core   0: 0x000000008000fef0 (0x0ff77713) andi    a4, a4, 255
core   0: 3 0x000000008000fef0 (0x0ff77713) x14 0x0000000000000000
core   0: 0x000000008000fef4 (0x00e78023) sb      a4, 0(a5)
core   0: 3 0x000000008000fef4 (0x00e78023) mem 0x0000000080012046 0x00
core   0: 0x000000008000fef8 (0xfc843703) ld      a4, -56(s0)
core   0: 3 0x000000008000fef8 (0xfc843703) x14 0x0000000080012040 mem 0x0000000080031f38
core   0: 0x000000008000fefc (0xfb843783) ld      a5, -72(s0)
core   0: 3 0x000000008000fefc (0xfb843783) x15 0x000000000000009c mem 0x0000000080031f28
core   0: 0x000000008000ff00 (0x000097ba) c.add   a5, a4
core   0: 3 0x000000008000ff00 (0x97ba) x15 0x00000000800120dc
core   0: 0x000000008000ff02 (0xfe043703) ld      a4, -32(s0)
core   0: 3 0x000000008000ff02 (0xfe043703) x14 0x0000000080012047 mem 0x0000000080031f50
core   0: 0x000000008000ff06 (0xfcf76de3) bltu    a4, a5, pc - 38
core   0: 3 0x000000008000ff06 (0xfcf76de3)
core   0: 0x000000008000fee0 (0xfe043783) ld      a5, -32(s0)
core   0: 3 0x000000008000fee0 (0xfe043783) x15 0x0000000080012047 mem 0x0000000080031f50
core   0: 0x000000008000fee4 (0x00178713) addi    a4, a5, 1
core   0: 3 0x000000008000fee4 (0x00178713) x14 0x0000000080012048
core   0: 0x000000008000fee8 (0xfee43023) sd      a4, -32(s0)
core   0: 3 0x000000008000fee8 (0xfee43023) mem 0x0000000080031f50 0x0000000080012048
core   0: 0x000000008000feec (0xfc442703) lw      a4, -60(s0)
core   0: 3 0x000000008000feec (0xfc442703) x14 0x0000000000000000 mem 0x0000000080031f34
core   0: 0x000000008000fef0 (0x0ff77713) andi    a4, a4, 255
core   0: 3 0x000000008000fef0 (0x0ff77713) x14 0x0000000000000000
core   0: 0x000000008000fef4 (0x00e78023) sb      a4, 0(a5)
core   0: 3 0x000000008000fef4 (0x00e78023) mem 0x0000000080012047 0x00
core   0: 0x000000008000fef8 (0xfc843703) ld      a4, -56(s0)
core   0: 3 0x000000008000fef8 (0xfc843703) x14 0x0000000080012040 mem 0x0000000080031f38
core   0: 0x000000008000fefc (0xfb843783) ld      a5, -72(s0)
core   0: 3 0x000000008000fefc (0xfb843783) x15 0x000000000000009c mem 0x0000000080031f28
core   0: 0x000000008000ff00 (0x000097ba) c.add   a5, a4
core   0: 3 0x000000008000ff00 (0x97ba) x15 0x00000000800120dc
core   0: 0x000000008000ff02 (0xfe043703) ld      a4, -32(s0)
core   0: 3 0x000000008000ff02 (0xfe043703) x14 0x0000000080012048 mem 0x0000000080031f50
core   0: 0x000000008000ff06 (0xfcf76de3) bltu    a4, a5, pc - 38
core   0: 3 0x000000008000ff06 (0xfcf76de3)
core   0: 0x000000008000fee0 (0xfe043783) ld      a5, -32(s0)
core   0: 3 0x000000008000fee0 (0xfe043783) x15 0x0000000080012048 mem 0x0000000080031f50
core   0: 0x000000008000fee4 (0x00178713) addi    a4, a5, 1
core   0: 3 0x000000008000fee4 (0x00178713) x14 0x0000000080012049
core   0: 0x000000008000fee8 (0xfee43023) sd      a4, -32(s0)
core   0: 3 0x000000008000fee8 (0xfee43023) mem 0x0000000080031f50 0x0000000080012049
core   0: 0x000000008000feec (0xfc442703) lw      a4, -60(s0)
core   0: 3 0x000000008000feec (0xfc442703) x14 0x0000000000000000 mem 0x0000000080031f34
core   0: 0x000000008000fef0 (0x0ff77713) andi    a4, a4, 255
core   0: 3 0x000000008000fef0 (0x0ff77713) x14 0x0000000000000000
core   0: 0x000000008000fef4 (0x00e78023) sb      a4, 0(a5)
core   0: 3 0x000000008000fef4 (0x00e78023) mem 0x0000000080012048 0x00
core   0: 0x000000008000fef8 (0xfc843703) ld      a4, -56(s0)
core   0: 3 0x000000008000fef8 (0xfc843703) x14 0x0000000080012040 mem 0x0000000080031f38
core   0: 0x000000008000fefc (0xfb843783) ld      a5, -72(s0)
core   0: 3 0x000000008000fefc (0xfb843783) x15 0x000000000000009c mem 0x0000000080031f28
core   0: 0x000000008000ff00 (0x000097ba) c.add   a5, a4
core   0: 3 0x000000008000ff00 (0x97ba) x15 0x00000000800120dc
core   0: 0x000000008000ff02 (0xfe043703) ld      a4, -32(s0)
core   0: 3 0x000000008000ff02 (0xfe043703) x14 0x0000000080012049 mem 0x0000000080031f50
core   0: 0x000000008000ff06 (0xfcf76de3) bltu    a4, a5, pc - 38
core   0: 3 0x000000008000ff06 (0xfcf76de3)
core   0: 0x000000008000fee0 (0xfe043783) ld      a5, -32(s0)
core   0: 3 0x000000008000fee0 (0xfe043783) x15 0x0000000080012049 mem 0x0000000080031f50
core   0: 0x000000008000fee4 (0x00178713) addi    a4, a5, 1
core   0: 3 0x000000008000fee4 (0x00178713) x14 0x000000008001204a
core   0: 0x000000008000fee8 (0xfee43023) sd      a4, -32(s0)
core   0: 3 0x000000008000fee8 (0xfee43023) mem 0x0000000080031f50 0x000000008001204a
core   0: 0x000000008000feec (0xfc442703) lw      a4, -60(s0)
core   0: 3 0x000000008000feec (0xfc442703) x14 0x0000000000000000 mem 0x0000000080031f34
core   0: 0x000000008000fef0 (0x0ff77713) andi    a4, a4, 255
core   0: 3 0x000000008000fef0 (0x0ff77713) x14 0x0000000000000000
core   0: 0x000000008000fef4 (0x00e78023) sb      a4, 0(a5)
core   0: 3 0x000000008000fef4 (0x00e78023) mem 0x0000000080012049 0x00
core   0: 0x000000008000fef8 (0xfc843703) ld      a4, -56(s0)
core   0: 3 0x000000008000fef8 (0xfc843703) x14 0x0000000080012040 mem 0x0000000080031f38
core   0: 0x000000008000fefc (0xfb843783) ld      a5, -72(s0)
core   0: 3 0x000000008000fefc (0xfb843783) x15 0x000000000000009c mem 0x0000000080031f28
core   0: 0x000000008000ff00 (0x000097ba) c.add   a5, a4
core   0: 3 0x000000008000ff00 (0x97ba) x15 0x00000000800120dc
core   0: 0x000000008000ff02 (0xfe043703) ld      a4, -32(s0)
core   0: 3 0x000000008000ff02 (0xfe043703) x14 0x000000008001204a mem 0x0000000080031f50
core   0: 0x000000008000ff06 (0xfcf76de3) bltu    a4, a5, pc - 38
core   0: 3 0x000000008000ff06 (0xfcf76de3)
core   0: 0x000000008000fee0 (0xfe043783) ld      a5, -32(s0)
core   0: 3 0x000000008000fee0 (0xfe043783) x15 0x000000008001204a mem 0x0000000080031f50
core   0: 0x000000008000fee4 (0x00178713) addi    a4, a5, 1
core   0: 3 0x000000008000fee4 (0x00178713) x14 0x000000008001204b
core   0: 0x000000008000fee8 (0xfee43023) sd      a4, -32(s0)
core   0: 3 0x000000008000fee8 (0xfee43023) mem 0x0000000080031f50 0x000000008001204b
core   0: 0x000000008000feec (0xfc442703) lw      a4, -60(s0)
core   0: 3 0x000000008000feec (0xfc442703) x14 0x0000000000000000 mem 0x0000000080031f34
core   0: 0x000000008000fef0 (0x0ff77713) andi    a4, a4, 255
core   0: 3 0x000000008000fef0 (0x0ff77713) x14 0x0000000000000000
core   0: 0x000000008000fef4 (0x00e78023) sb      a4, 0(a5)
core   0: 3 0x000000008000fef4 (0x00e78023) mem 0x000000008001204a 0x00
core   0: 0x000000008000fef8 (0xfc843703) ld      a4, -56(s0)
core   0: 3 0x000000008000fef8 (0xfc843703) x14 0x0000000080012040 mem 0x0000000080031f38
core   0: 0x000000008000fefc (0xfb843783) ld      a5, -72(s0)
core   0: 3 0x000000008000fefc (0xfb843783) x15 0x000000000000009c mem 0x0000000080031f28
core   0: 0x000000008000ff00 (0x000097ba) c.add   a5, a4
core   0: 3 0x000000008000ff00 (0x97ba) x15 0x00000000800120dc
core   0: 0x000000008000ff02 (0xfe043703) ld      a4, -32(s0)
core   0: 3 0x000000008000ff02 (0xfe043703) x14 0x000000008001204b mem 0x0000000080031f50
core   0: 0x000000008000ff06 (0xfcf76de3) bltu    a4, a5, pc - 38
core   0: 3 0x000000008000ff06 (0xfcf76de3)
core   0: 0x000000008000fee0 (0xfe043783) ld      a5, -32(s0)
core   0: 3 0x000000008000fee0 (0xfe043783) x15 0x000000008001204b mem 0x0000000080031f50
core   0: 0x000000008000fee4 (0x00178713) addi    a4, a5, 1
core   0: 3 0x000000008000fee4 (0x00178713) x14 0x000000008001204c
core   0: 0x000000008000fee8 (0xfee43023) sd      a4, -32(s0)
core   0: 3 0x000000008000fee8 (0xfee43023) mem 0x0000000080031f50 0x000000008001204c
core   0: 0x000000008000feec (0xfc442703) lw      a4, -60(s0)
core   0: 3 0x000000008000feec (0xfc442703) x14 0x0000000000000000 mem 0x0000000080031f34
core   0: 0x000000008000fef0 (0x0ff77713) andi    a4, a4, 255
core   0: 3 0x000000008000fef0 (0x0ff77713) x14 0x0000000000000000
core   0: 0x000000008000fef4 (0x00e78023) sb      a4, 0(a5)
core   0: 3 0x000000008000fef4 (0x00e78023) mem 0x000000008001204b 0x00
core   0: 0x000000008000fef8 (0xfc843703) ld      a4, -56(s0)
core   0: 3 0x000000008000fef8 (0xfc843703) x14 0x0000000080012040 mem 0x0000000080031f38
core   0: 0x000000008000fefc (0xfb843783) ld      a5, -72(s0)
core   0: 3 0x000000008000fefc (0xfb843783) x15 0x000000000000009c mem 0x0000000080031f28
core   0: 0x000000008000ff00 (0x000097ba) c.add   a5, a4
core   0: 3 0x000000008000ff00 (0x97ba) x15 0x00000000800120dc
core   0: 0x000000008000ff02 (0xfe043703) ld      a4, -32(s0)
core   0: 3 0x000000008000ff02 (0xfe043703) x14 0x000000008001204c mem 0x0000000080031f50
core   0: 0x000000008000ff06 (0xfcf76de3) bltu    a4, a5, pc - 38
core   0: 3 0x000000008000ff06 (0xfcf76de3)
core   0: 0x000000008000fee0 (0xfe043783) ld      a5, -32(s0)
core   0: 3 0x000000008000fee0 (0xfe043783) x15 0x000000008001204c mem 0x0000000080031f50
core   0: 0x000000008000fee4 (0x00178713) addi    a4, a5, 1
core   0: 3 0x000000008000fee4 (0x00178713) x14 0x000000008001204d
core   0: 0x000000008000fee8 (0xfee43023) sd      a4, -32(s0)
core   0: 3 0x000000008000fee8 (0xfee43023) mem 0x0000000080031f50 0x000000008001204d
core   0: 0x000000008000feec (0xfc442703) lw      a4, -60(s0)
core   0: 3 0x000000008000feec (0xfc442703) x14 0x0000000000000000 mem 0x0000000080031f34
core   0: 0x000000008000fef0 (0x0ff77713) andi    a4, a4, 255
core   0: 3 0x000000008000fef0 (0x0ff77713) x14 0x0000000000000000
core   0: 0x000000008000fef4 (0x00e78023) sb      a4, 0(a5)
core   0: 3 0x000000008000fef4 (0x00e78023) mem 0x000000008001204c 0x00
core   0: 0x000000008000fef8 (0xfc843703) ld      a4, -56(s0)
core   0: 3 0x000000008000fef8 (0xfc843703) x14 0x0000000080012040 mem 0x0000000080031f38
core   0: 0x000000008000fefc (0xfb843783) ld      a5, -72(s0)
core   0: 3 0x000000008000fefc (0xfb843783) x15 0x000000000000009c mem 0x0000000080031f28
core   0: 0x000000008000ff00 (0x000097ba) c.add   a5, a4
core   0: 3 0x000000008000ff00 (0x97ba) x15 0x00000000800120dc
core   0: 0x000000008000ff02 (0xfe043703) ld      a4, -32(s0)
core   0: 3 0x000000008000ff02 (0xfe043703) x14 0x000000008001204d mem 0x0000000080031f50
core   0: 0x000000008000ff06 (0xfcf76de3) bltu    a4, a5, pc - 38
core   0: 3 0x000000008000ff06 (0xfcf76de3)
core   0: 0x000000008000fee0 (0xfe043783) ld      a5, -32(s0)
core   0: 3 0x000000008000fee0 (0xfe043783) x15 0x000000008001204d mem 0x0000000080031f50
core   0: 0x000000008000fee4 (0x00178713) addi    a4, a5, 1
core   0: 3 0x000000008000fee4 (0x00178713) x14 0x000000008001204e
core   0: 0x000000008000fee8 (0xfee43023) sd      a4, -32(s0)
core   0: 3 0x000000008000fee8 (0xfee43023) mem 0x0000000080031f50 0x000000008001204e
core   0: 0x000000008000feec (0xfc442703) lw      a4, -60(s0)
core   0: 3 0x000000008000feec (0xfc442703) x14 0x0000000000000000 mem 0x0000000080031f34
core   0: 0x000000008000fef0 (0x0ff77713) andi    a4, a4, 255
core   0: 3 0x000000008000fef0 (0x0ff77713) x14 0x0000000000000000
core   0: 0x000000008000fef4 (0x00e78023) sb      a4, 0(a5)
core   0: 3 0x000000008000fef4 (0x00e78023) mem 0x000000008001204d 0x00
core   0: 0x000000008000fef8 (0xfc843703) ld      a4, -56(s0)
core   0: 3 0x000000008000fef8 (0xfc843703) x14 0x0000000080012040 mem 0x0000000080031f38
core   0: 0x000000008000fefc (0xfb843783) ld      a5, -72(s0)
core   0: 3 0x000000008000fefc (0xfb843783) x15 0x000000000000009c mem 0x0000000080031f28
core   0: 0x000000008000ff00 (0x000097ba) c.add   a5, a4
core   0: 3 0x000000008000ff00 (0x97ba) x15 0x00000000800120dc
core   0: 0x000000008000ff02 (0xfe043703) ld      a4, -32(s0)
core   0: 3 0x000000008000ff02 (0xfe043703) x14 0x000000008001204e mem 0x0000000080031f50
core   0: 0x000000008000ff06 (0xfcf76de3) bltu    a4, a5, pc - 38
core   0: 3 0x000000008000ff06 (0xfcf76de3)
core   0: 0x000000008000fee0 (0xfe043783) ld      a5, -32(s0)
core   0: 3 0x000000008000fee0 (0xfe043783) x15 0x000000008001204e mem 0x0000000080031f50
core   0: 0x000000008000fee4 (0x00178713) addi    a4, a5, 1
core   0: 3 0x000000008000fee4 (0x00178713) x14 0x000000008001204f
core   0: 0x000000008000fee8 (0xfee43023) sd      a4, -32(s0)
core   0: 3 0x000000008000fee8 (0xfee43023) mem 0x0000000080031f50 0x000000008001204f
core   0: 0x000000008000feec (0xfc442703) lw      a4, -60(s0)
core   0: 3 0x000000008000feec (0xfc442703) x14 0x0000000000000000 mem 0x0000000080031f34
core   0: 0x000000008000fef0 (0x0ff77713) andi    a4, a4, 255
core   0: 3 0x000000008000fef0 (0x0ff77713) x14 0x0000000000000000
core   0: 0x000000008000fef4 (0x00e78023) sb      a4, 0(a5)
core   0: 3 0x000000008000fef4 (0x00e78023) mem 0x000000008001204e 0x00
core   0: 0x000000008000fef8 (0xfc843703) ld      a4, -56(s0)
core   0: 3 0x000000008000fef8 (0xfc843703) x14 0x0000000080012040 mem 0x0000000080031f38
core   0: 0x000000008000fefc (0xfb843783) ld      a5, -72(s0)
core   0: 3 0x000000008000fefc (0xfb843783) x15 0x000000000000009c mem 0x0000000080031f28
core   0: 0x000000008000ff00 (0x000097ba) c.add   a5, a4
core   0: 3 0x000000008000ff00 (0x97ba) x15 0x00000000800120dc
core   0: 0x000000008000ff02 (0xfe043703) ld      a4, -32(s0)
core   0: 3 0x000000008000ff02 (0xfe043703) x14 0x000000008001204f mem 0x0000000080031f50
core   0: 0x000000008000ff06 (0xfcf76de3) bltu    a4, a5, pc - 38
core   0: 3 0x000000008000ff06 (0xfcf76de3)
core   0: 0x000000008000fee0 (0xfe043783) ld      a5, -32(s0)
core   0: 3 0x000000008000fee0 (0xfe043783) x15 0x000000008001204f mem 0x0000000080031f50
core   0: 0x000000008000fee4 (0x00178713) addi    a4, a5, 1
core   0: 3 0x000000008000fee4 (0x00178713) x14 0x0000000080012050
core   0: 0x000000008000fee8 (0xfee43023) sd      a4, -32(s0)
core   0: 3 0x000000008000fee8 (0xfee43023) mem 0x0000000080031f50 0x0000000080012050
core   0: 0x000000008000feec (0xfc442703) lw      a4, -60(s0)
core   0: 3 0x000000008000feec (0xfc442703) x14 0x0000000000000000 mem 0x0000000080031f34
core   0: 0x000000008000fef0 (0x0ff77713) andi    a4, a4, 255
core   0: 3 0x000000008000fef0 (0x0ff77713) x14 0x0000000000000000
core   0: 0x000000008000fef4 (0x00e78023) sb      a4, 0(a5)
core   0: 3 0x000000008000fef4 (0x00e78023) mem 0x000000008001204f 0x00
core   0: 0x000000008000fef8 (0xfc843703) ld      a4, -56(s0)
core   0: 3 0x000000008000fef8 (0xfc843703) x14 0x0000000080012040 mem 0x0000000080031f38
core   0: 0x000000008000fefc (0xfb843783) ld      a5, -72(s0)
core   0: 3 0x000000008000fefc (0xfb843783) x15 0x000000000000009c mem 0x0000000080031f28
core   0: 0x000000008000ff00 (0x000097ba) c.add   a5, a4
core   0: 3 0x000000008000ff00 (0x97ba) x15 0x00000000800120dc
core   0: 0x000000008000ff02 (0xfe043703) ld      a4, -32(s0)
core   0: 3 0x000000008000ff02 (0xfe043703) x14 0x0000000080012050 mem 0x0000000080031f50
core   0: 0x000000008000ff06 (0xfcf76de3) bltu    a4, a5, pc - 38
core   0: 3 0x000000008000ff06 (0xfcf76de3)
core   0: 0x000000008000fee0 (0xfe043783) ld      a5, -32(s0)
core   0: 3 0x000000008000fee0 (0xfe043783) x15 0x0000000080012050 mem 0x0000000080031f50
core   0: 0x000000008000fee4 (0x00178713) addi    a4, a5, 1
core   0: 3 0x000000008000fee4 (0x00178713) x14 0x0000000080012051
core   0: 0x000000008000fee8 (0xfee43023) sd      a4, -32(s0)
core   0: 3 0x000000008000fee8 (0xfee43023) mem 0x0000000080031f50 0x0000000080012051
core   0: 0x000000008000feec (0xfc442703) lw      a4, -60(s0)
core   0: 3 0x000000008000feec (0xfc442703) x14 0x0000000000000000 mem 0x0000000080031f34
core   0: 0x000000008000fef0 (0x0ff77713) andi    a4, a4, 255
core   0: 3 0x000000008000fef0 (0x0ff77713) x14 0x0000000000000000
core   0: 0x000000008000fef4 (0x00e78023) sb      a4, 0(a5)
core   0: 3 0x000000008000fef4 (0x00e78023) mem 0x0000000080012050 0x00
core   0: 0x000000008000fef8 (0xfc843703) ld      a4, -56(s0)
core   0: 3 0x000000008000fef8 (0xfc843703) x14 0x0000000080012040 mem 0x0000000080031f38
core   0: 0x000000008000fefc (0xfb843783) ld      a5, -72(s0)
core   0: 3 0x000000008000fefc (0xfb843783) x15 0x000000000000009c mem 0x0000000080031f28
core   0: 0x000000008000ff00 (0x000097ba) c.add   a5, a4
core   0: 3 0x000000008000ff00 (0x97ba) x15 0x00000000800120dc
core   0: 0x000000008000ff02 (0xfe043703) ld      a4, -32(s0)
core   0: 3 0x000000008000ff02 (0xfe043703) x14 0x0000000080012051 mem 0x0000000080031f50
core   0: 0x000000008000ff06 (0xfcf76de3) bltu    a4, a5, pc - 38
core   0: 3 0x000000008000ff06 (0xfcf76de3)
core   0: 0x000000008000fee0 (0xfe043783) ld      a5, -32(s0)
core   0: 3 0x000000008000fee0 (0xfe043783) x15 0x0000000080012051 mem 0x0000000080031f50
core   0: 0x000000008000fee4 (0x00178713) addi    a4, a5, 1
core   0: 3 0x000000008000fee4 (0x00178713) x14 0x0000000080012052
core   0: 0x000000008000fee8 (0xfee43023) sd      a4, -32(s0)
core   0: 3 0x000000008000fee8 (0xfee43023) mem 0x0000000080031f50 0x0000000080012052
core   0: 0x000000008000feec (0xfc442703) lw      a4, -60(s0)
core   0: 3 0x000000008000feec (0xfc442703) x14 0x0000000000000000 mem 0x0000000080031f34
core   0: 0x000000008000fef0 (0x0ff77713) andi    a4, a4, 255
core   0: 3 0x000000008000fef0 (0x0ff77713) x14 0x0000000000000000
core   0: 0x000000008000fef4 (0x00e78023) sb      a4, 0(a5)
core   0: 3 0x000000008000fef4 (0x00e78023) mem 0x0000000080012051 0x00
core   0: 0x000000008000fef8 (0xfc843703) ld      a4, -56(s0)
core   0: 3 0x000000008000fef8 (0xfc843703) x14 0x0000000080012040 mem 0x0000000080031f38
core   0: 0x000000008000fefc (0xfb843783) ld      a5, -72(s0)
core   0: 3 0x000000008000fefc (0xfb843783) x15 0x000000000000009c mem 0x0000000080031f28
core   0: 0x000000008000ff00 (0x000097ba) c.add   a5, a4
core   0: 3 0x000000008000ff00 (0x97ba) x15 0x00000000800120dc
core   0: 0x000000008000ff02 (0xfe043703) ld      a4, -32(s0)
core   0: 3 0x000000008000ff02 (0xfe043703) x14 0x0000000080012052 mem 0x0000000080031f50
core   0: 0x000000008000ff06 (0xfcf76de3) bltu    a4, a5, pc - 38
core   0: 3 0x000000008000ff06 (0xfcf76de3)
core   0: 0x000000008000fee0 (0xfe043783) ld      a5, -32(s0)
core   0: 3 0x000000008000fee0 (0xfe043783) x15 0x0000000080012052 mem 0x0000000080031f50
core   0: 0x000000008000fee4 (0x00178713) addi    a4, a5, 1
core   0: 3 0x000000008000fee4 (0x00178713) x14 0x0000000080012053
core   0: 0x000000008000fee8 (0xfee43023) sd      a4, -32(s0)
core   0: 3 0x000000008000fee8 (0xfee43023) mem 0x0000000080031f50 0x0000000080012053
core   0: 0x000000008000feec (0xfc442703) lw      a4, -60(s0)
core   0: 3 0x000000008000feec (0xfc442703) x14 0x0000000000000000 mem 0x0000000080031f34
core   0: 0x000000008000fef0 (0x0ff77713) andi    a4, a4, 255
core   0: 3 0x000000008000fef0 (0x0ff77713) x14 0x0000000000000000
core   0: 0x000000008000fef4 (0x00e78023) sb      a4, 0(a5)
core   0: 3 0x000000008000fef4 (0x00e78023) mem 0x0000000080012052 0x00
core   0: 0x000000008000fef8 (0xfc843703) ld      a4, -56(s0)
core   0: 3 0x000000008000fef8 (0xfc843703) x14 0x0000000080012040 mem 0x0000000080031f38
core   0: 0x000000008000fefc (0xfb843783) ld      a5, -72(s0)
core   0: 3 0x000000008000fefc (0xfb843783) x15 0x000000000000009c mem 0x0000000080031f28
core   0: 0x000000008000ff00 (0x000097ba) c.add   a5, a4
core   0: 3 0x000000008000ff00 (0x97ba) x15 0x00000000800120dc
core   0: 0x000000008000ff02 (0xfe043703) ld      a4, -32(s0)
core   0: 3 0x000000008000ff02 (0xfe043703) x14 0x0000000080012053 mem 0x0000000080031f50
core   0: 0x000000008000ff06 (0xfcf76de3) bltu    a4, a5, pc - 38
core   0: 3 0x000000008000ff06 (0xfcf76de3)
core   0: 0x000000008000fee0 (0xfe043783) ld      a5, -32(s0)
core   0: 3 0x000000008000fee0 (0xfe043783) x15 0x0000000080012053 mem 0x0000000080031f50
core   0: 0x000000008000fee4 (0x00178713) addi    a4, a5, 1
core   0: 3 0x000000008000fee4 (0x00178713) x14 0x0000000080012054
core   0: 0x000000008000fee8 (0xfee43023) sd      a4, -32(s0)
core   0: 3 0x000000008000fee8 (0xfee43023) mem 0x0000000080031f50 0x0000000080012054
core   0: 0x000000008000feec (0xfc442703) lw      a4, -60(s0)
core   0: 3 0x000000008000feec (0xfc442703) x14 0x0000000000000000 mem 0x0000000080031f34
core   0: 0x000000008000fef0 (0x0ff77713) andi    a4, a4, 255
core   0: 3 0x000000008000fef0 (0x0ff77713) x14 0x0000000000000000
core   0: 0x000000008000fef4 (0x00e78023) sb      a4, 0(a5)
core   0: 3 0x000000008000fef4 (0x00e78023) mem 0x0000000080012053 0x00
core   0: 0x000000008000fef8 (0xfc843703) ld      a4, -56(s0)
core   0: 3 0x000000008000fef8 (0xfc843703) x14 0x0000000080012040 mem 0x0000000080031f38
core   0: 0x000000008000fefc (0xfb843783) ld      a5, -72(s0)
core   0: 3 0x000000008000fefc (0xfb843783) x15 0x000000000000009c mem 0x0000000080031f28
core   0: 0x000000008000ff00 (0x000097ba) c.add   a5, a4
core   0: 3 0x000000008000ff00 (0x97ba) x15 0x00000000800120dc
core   0: 0x000000008000ff02 (0xfe043703) ld      a4, -32(s0)
core   0: 3 0x000000008000ff02 (0xfe043703) x14 0x0000000080012054 mem 0x0000000080031f50
core   0: 0x000000008000ff06 (0xfcf76de3) bltu    a4, a5, pc - 38
core   0: 3 0x000000008000ff06 (0xfcf76de3)
core   0: 0x000000008000fee0 (0xfe043783) ld      a5, -32(s0)
core   0: 3 0x000000008000fee0 (0xfe043783) x15 0x0000000080012054 mem 0x0000000080031f50
core   0: 0x000000008000fee4 (0x00178713) addi    a4, a5, 1
core   0: 3 0x000000008000fee4 (0x00178713) x14 0x0000000080012055
core   0: 0x000000008000fee8 (0xfee43023) sd      a4, -32(s0)
core   0: 3 0x000000008000fee8 (0xfee43023) mem 0x0000000080031f50 0x0000000080012055
core   0: 0x000000008000feec (0xfc442703) lw      a4, -60(s0)
core   0: 3 0x000000008000feec (0xfc442703) x14 0x0000000000000000 mem 0x0000000080031f34
core   0: 0x000000008000fef0 (0x0ff77713) andi    a4, a4, 255
core   0: 3 0x000000008000fef0 (0x0ff77713) x14 0x0000000000000000
core   0: 0x000000008000fef4 (0x00e78023) sb      a4, 0(a5)
core   0: 3 0x000000008000fef4 (0x00e78023) mem 0x0000000080012054 0x00
core   0: 0x000000008000fef8 (0xfc843703) ld      a4, -56(s0)
core   0: 3 0x000000008000fef8 (0xfc843703) x14 0x0000000080012040 mem 0x0000000080031f38
core   0: 0x000000008000fefc (0xfb843783) ld      a5, -72(s0)
core   0: 3 0x000000008000fefc (0xfb843783) x15 0x000000000000009c mem 0x0000000080031f28
core   0: 0x000000008000ff00 (0x000097ba) c.add   a5, a4
core   0: 3 0x000000008000ff00 (0x97ba) x15 0x00000000800120dc
core   0: 0x000000008000ff02 (0xfe043703) ld      a4, -32(s0)
core   0: 3 0x000000008000ff02 (0xfe043703) x14 0x0000000080012055 mem 0x0000000080031f50
core   0: 0x000000008000ff06 (0xfcf76de3) bltu    a4, a5, pc - 38
core   0: 3 0x000000008000ff06 (0xfcf76de3)
core   0: 0x000000008000fee0 (0xfe043783) ld      a5, -32(s0)
core   0: 3 0x000000008000fee0 (0xfe043783) x15 0x0000000080012055 mem 0x0000000080031f50
core   0: 0x000000008000fee4 (0x00178713) addi    a4, a5, 1
core   0: 3 0x000000008000fee4 (0x00178713) x14 0x0000000080012056
core   0: 0x000000008000fee8 (0xfee43023) sd      a4, -32(s0)
core   0: 3 0x000000008000fee8 (0xfee43023) mem 0x0000000080031f50 0x0000000080012056
core   0: 0x000000008000feec (0xfc442703) lw      a4, -60(s0)
core   0: 3 0x000000008000feec (0xfc442703) x14 0x0000000000000000 mem 0x0000000080031f34
core   0: 0x000000008000fef0 (0x0ff77713) andi    a4, a4, 255
core   0: 3 0x000000008000fef0 (0x0ff77713) x14 0x0000000000000000
core   0: 0x000000008000fef4 (0x00e78023) sb      a4, 0(a5)
core   0: 3 0x000000008000fef4 (0x00e78023) mem 0x0000000080012055 0x00
core   0: 0x000000008000fef8 (0xfc843703) ld      a4, -56(s0)
core   0: 3 0x000000008000fef8 (0xfc843703) x14 0x0000000080012040 mem 0x0000000080031f38
core   0: 0x000000008000fefc (0xfb843783) ld      a5, -72(s0)
core   0: 3 0x000000008000fefc (0xfb843783) x15 0x000000000000009c mem 0x0000000080031f28
core   0: 0x000000008000ff00 (0x000097ba) c.add   a5, a4
core   0: 3 0x000000008000ff00 (0x97ba) x15 0x00000000800120dc
core   0: 0x000000008000ff02 (0xfe043703) ld      a4, -32(s0)
core   0: 3 0x000000008000ff02 (0xfe043703) x14 0x0000000080012056 mem 0x0000000080031f50
core   0: 0x000000008000ff06 (0xfcf76de3) bltu    a4, a5, pc - 38
core   0: 3 0x000000008000ff06 (0xfcf76de3)
core   0: 0x000000008000fee0 (0xfe043783) ld      a5, -32(s0)
core   0: 3 0x000000008000fee0 (0xfe043783) x15 0x0000000080012056 mem 0x0000000080031f50
core   0: 0x000000008000fee4 (0x00178713) addi    a4, a5, 1
core   0: 3 0x000000008000fee4 (0x00178713) x14 0x0000000080012057
core   0: 0x000000008000fee8 (0xfee43023) sd      a4, -32(s0)
core   0: 3 0x000000008000fee8 (0xfee43023) mem 0x0000000080031f50 0x0000000080012057
core   0: 0x000000008000feec (0xfc442703) lw      a4, -60(s0)
core   0: 3 0x000000008000feec (0xfc442703) x14 0x0000000000000000 mem 0x0000000080031f34
core   0: 0x000000008000fef0 (0x0ff77713) andi    a4, a4, 255
core   0: 3 0x000000008000fef0 (0x0ff77713) x14 0x0000000000000000
core   0: 0x000000008000fef4 (0x00e78023) sb      a4, 0(a5)
core   0: 3 0x000000008000fef4 (0x00e78023) mem 0x0000000080012056 0x00
core   0: 0x000000008000fef8 (0xfc843703) ld      a4, -56(s0)
core   0: 3 0x000000008000fef8 (0xfc843703) x14 0x0000000080012040 mem 0x0000000080031f38
core   0: 0x000000008000fefc (0xfb843783) ld      a5, -72(s0)
core   0: 3 0x000000008000fefc (0xfb843783) x15 0x000000000000009c mem 0x0000000080031f28
core   0: 0x000000008000ff00 (0x000097ba) c.add   a5, a4
core   0: 3 0x000000008000ff00 (0x97ba) x15 0x00000000800120dc
core   0: 0x000000008000ff02 (0xfe043703) ld      a4, -32(s0)
core   0: 3 0x000000008000ff02 (0xfe043703) x14 0x0000000080012057 mem 0x0000000080031f50
core   0: 0x000000008000ff06 (0xfcf76de3) bltu    a4, a5, pc - 38
core   0: 3 0x000000008000ff06 (0xfcf76de3)
core   0: 0x000000008000fee0 (0xfe043783) ld      a5, -32(s0)
core   0: 3 0x000000008000fee0 (0xfe043783) x15 0x0000000080012057 mem 0x0000000080031f50
core   0: 0x000000008000fee4 (0x00178713) addi    a4, a5, 1
core   0: 3 0x000000008000fee4 (0x00178713) x14 0x0000000080012058
core   0: 0x000000008000fee8 (0xfee43023) sd      a4, -32(s0)
core   0: 3 0x000000008000fee8 (0xfee43023) mem 0x0000000080031f50 0x0000000080012058
core   0: 0x000000008000feec (0xfc442703) lw      a4, -60(s0)
core   0: 3 0x000000008000feec (0xfc442703) x14 0x0000000000000000 mem 0x0000000080031f34
core   0: 0x000000008000fef0 (0x0ff77713) andi    a4, a4, 255
core   0: 3 0x000000008000fef0 (0x0ff77713) x14 0x0000000000000000
core   0: 0x000000008000fef4 (0x00e78023) sb      a4, 0(a5)
core   0: 3 0x000000008000fef4 (0x00e78023) mem 0x0000000080012057 0x00
core   0: 0x000000008000fef8 (0xfc843703) ld      a4, -56(s0)
core   0: 3 0x000000008000fef8 (0xfc843703) x14 0x0000000080012040 mem 0x0000000080031f38
core   0: 0x000000008000fefc (0xfb843783) ld      a5, -72(s0)
core   0: 3 0x000000008000fefc (0xfb843783) x15 0x000000000000009c mem 0x0000000080031f28
core   0: 0x000000008000ff00 (0x000097ba) c.add   a5, a4
core   0: 3 0x000000008000ff00 (0x97ba) x15 0x00000000800120dc
core   0: 0x000000008000ff02 (0xfe043703) ld      a4, -32(s0)
core   0: 3 0x000000008000ff02 (0xfe043703) x14 0x0000000080012058 mem 0x0000000080031f50
core   0: 0x000000008000ff06 (0xfcf76de3) bltu    a4, a5, pc - 38
core   0: 3 0x000000008000ff06 (0xfcf76de3)
core   0: 0x000000008000fee0 (0xfe043783) ld      a5, -32(s0)
core   0: 3 0x000000008000fee0 (0xfe043783) x15 0x0000000080012058 mem 0x0000000080031f50
core   0: 0x000000008000fee4 (0x00178713) addi    a4, a5, 1
core   0: 3 0x000000008000fee4 (0x00178713) x14 0x0000000080012059
core   0: 0x000000008000fee8 (0xfee43023) sd      a4, -32(s0)
core   0: 3 0x000000008000fee8 (0xfee43023) mem 0x0000000080031f50 0x0000000080012059
core   0: 0x000000008000feec (0xfc442703) lw      a4, -60(s0)
core   0: 3 0x000000008000feec (0xfc442703) x14 0x0000000000000000 mem 0x0000000080031f34
core   0: 0x000000008000fef0 (0x0ff77713) andi    a4, a4, 255
core   0: 3 0x000000008000fef0 (0x0ff77713) x14 0x0000000000000000
core   0: 0x000000008000fef4 (0x00e78023) sb      a4, 0(a5)
core   0: 3 0x000000008000fef4 (0x00e78023) mem 0x0000000080012058 0x00
core   0: 0x000000008000fef8 (0xfc843703) ld      a4, -56(s0)
core   0: 3 0x000000008000fef8 (0xfc843703) x14 0x0000000080012040 mem 0x0000000080031f38
core   0: 0x000000008000fefc (0xfb843783) ld      a5, -72(s0)
core   0: 3 0x000000008000fefc (0xfb843783) x15 0x000000000000009c mem 0x0000000080031f28
core   0: 0x000000008000ff00 (0x000097ba) c.add   a5, a4
core   0: 3 0x000000008000ff00 (0x97ba) x15 0x00000000800120dc
core   0: 0x000000008000ff02 (0xfe043703) ld      a4, -32(s0)
core   0: 3 0x000000008000ff02 (0xfe043703) x14 0x0000000080012059 mem 0x0000000080031f50
core   0: 0x000000008000ff06 (0xfcf76de3) bltu    a4, a5, pc - 38
core   0: 3 0x000000008000ff06 (0xfcf76de3)
core   0: 0x000000008000fee0 (0xfe043783) ld      a5, -32(s0)
core   0: 3 0x000000008000fee0 (0xfe043783) x15 0x0000000080012059 mem 0x0000000080031f50
core   0: 0x000000008000fee4 (0x00178713) addi    a4, a5, 1
core   0: 3 0x000000008000fee4 (0x00178713) x14 0x000000008001205a
core   0: 0x000000008000fee8 (0xfee43023) sd      a4, -32(s0)
core   0: 3 0x000000008000fee8 (0xfee43023) mem 0x0000000080031f50 0x000000008001205a
core   0: 0x000000008000feec (0xfc442703) lw      a4, -60(s0)
core   0: 3 0x000000008000feec (0xfc442703) x14 0x0000000000000000 mem 0x0000000080031f34
core   0: 0x000000008000fef0 (0x0ff77713) andi    a4, a4, 255
core   0: 3 0x000000008000fef0 (0x0ff77713) x14 0x0000000000000000
core   0: 0x000000008000fef4 (0x00e78023) sb      a4, 0(a5)
core   0: 3 0x000000008000fef4 (0x00e78023) mem 0x0000000080012059 0x00
core   0: 0x000000008000fef8 (0xfc843703) ld      a4, -56(s0)
core   0: 3 0x000000008000fef8 (0xfc843703) x14 0x0000000080012040 mem 0x0000000080031f38
core   0: 0x000000008000fefc (0xfb843783) ld      a5, -72(s0)
core   0: 3 0x000000008000fefc (0xfb843783) x15 0x000000000000009c mem 0x0000000080031f28
core   0: 0x000000008000ff00 (0x000097ba) c.add   a5, a4
core   0: 3 0x000000008000ff00 (0x97ba) x15 0x00000000800120dc
core   0: 0x000000008000ff02 (0xfe043703) ld      a4, -32(s0)
core   0: 3 0x000000008000ff02 (0xfe043703) x14 0x000000008001205a mem 0x0000000080031f50
core   0: 0x000000008000ff06 (0xfcf76de3) bltu    a4, a5, pc - 38
core   0: 3 0x000000008000ff06 (0xfcf76de3)
core   0: 0x000000008000fee0 (0xfe043783) ld      a5, -32(s0)
core   0: 3 0x000000008000fee0 (0xfe043783) x15 0x000000008001205a mem 0x0000000080031f50
core   0: 0x000000008000fee4 (0x00178713) addi    a4, a5, 1
core   0: 3 0x000000008000fee4 (0x00178713) x14 0x000000008001205b
core   0: 0x000000008000fee8 (0xfee43023) sd      a4, -32(s0)
core   0: 3 0x000000008000fee8 (0xfee43023) mem 0x0000000080031f50 0x000000008001205b
core   0: 0x000000008000feec (0xfc442703) lw      a4, -60(s0)
core   0: 3 0x000000008000feec (0xfc442703) x14 0x0000000000000000 mem 0x0000000080031f34
core   0: 0x000000008000fef0 (0x0ff77713) andi    a4, a4, 255
core   0: 3 0x000000008000fef0 (0x0ff77713) x14 0x0000000000000000
core   0: 0x000000008000fef4 (0x00e78023) sb      a4, 0(a5)
core   0: 3 0x000000008000fef4 (0x00e78023) mem 0x000000008001205a 0x00
core   0: 0x000000008000fef8 (0xfc843703) ld      a4, -56(s0)
core   0: 3 0x000000008000fef8 (0xfc843703) x14 0x0000000080012040 mem 0x0000000080031f38
core   0: 0x000000008000fefc (0xfb843783) ld      a5, -72(s0)
core   0: 3 0x000000008000fefc (0xfb843783) x15 0x000000000000009c mem 0x0000000080031f28
core   0: 0x000000008000ff00 (0x000097ba) c.add   a5, a4
core   0: 3 0x000000008000ff00 (0x97ba) x15 0x00000000800120dc
core   0: 0x000000008000ff02 (0xfe043703) ld      a4, -32(s0)
core   0: 3 0x000000008000ff02 (0xfe043703) x14 0x000000008001205b mem 0x0000000080031f50
core   0: 0x000000008000ff06 (0xfcf76de3) bltu    a4, a5, pc - 38
core   0: 3 0x000000008000ff06 (0xfcf76de3)
core   0: 0x000000008000fee0 (0xfe043783) ld      a5, -32(s0)
core   0: 3 0x000000008000fee0 (0xfe043783) x15 0x000000008001205b mem 0x0000000080031f50
core   0: 0x000000008000fee4 (0x00178713) addi    a4, a5, 1
core   0: 3 0x000000008000fee4 (0x00178713) x14 0x000000008001205c
core   0: 0x000000008000fee8 (0xfee43023) sd      a4, -32(s0)
core   0: 3 0x000000008000fee8 (0xfee43023) mem 0x0000000080031f50 0x000000008001205c
core   0: 0x000000008000feec (0xfc442703) lw      a4, -60(s0)
core   0: 3 0x000000008000feec (0xfc442703) x14 0x0000000000000000 mem 0x0000000080031f34
core   0: 0x000000008000fef0 (0x0ff77713) andi    a4, a4, 255
core   0: 3 0x000000008000fef0 (0x0ff77713) x14 0x0000000000000000
core   0: 0x000000008000fef4 (0x00e78023) sb      a4, 0(a5)
core   0: 3 0x000000008000fef4 (0x00e78023) mem 0x000000008001205b 0x00
core   0: 0x000000008000fef8 (0xfc843703) ld      a4, -56(s0)
core   0: 3 0x000000008000fef8 (0xfc843703) x14 0x0000000080012040 mem 0x0000000080031f38
core   0: 0x000000008000fefc (0xfb843783) ld      a5, -72(s0)
core   0: 3 0x000000008000fefc (0xfb843783) x15 0x000000000000009c mem 0x0000000080031f28
core   0: 0x000000008000ff00 (0x000097ba) c.add   a5, a4
core   0: 3 0x000000008000ff00 (0x97ba) x15 0x00000000800120dc
core   0: 0x000000008000ff02 (0xfe043703) ld      a4, -32(s0)
core   0: 3 0x000000008000ff02 (0xfe043703) x14 0x000000008001205c mem 0x0000000080031f50
core   0: 0x000000008000ff06 (0xfcf76de3) bltu    a4, a5, pc - 38
core   0: 3 0x000000008000ff06 (0xfcf76de3)
core   0: 0x000000008000fee0 (0xfe043783) ld      a5, -32(s0)
core   0: 3 0x000000008000fee0 (0xfe043783) x15 0x000000008001205c mem 0x0000000080031f50
core   0: 0x000000008000fee4 (0x00178713) addi    a4, a5, 1
core   0: 3 0x000000008000fee4 (0x00178713) x14 0x000000008001205d
core   0: 0x000000008000fee8 (0xfee43023) sd      a4, -32(s0)
core   0: 3 0x000000008000fee8 (0xfee43023) mem 0x0000000080031f50 0x000000008001205d
core   0: 0x000000008000feec (0xfc442703) lw      a4, -60(s0)
core   0: 3 0x000000008000feec (0xfc442703) x14 0x0000000000000000 mem 0x0000000080031f34
core   0: 0x000000008000fef0 (0x0ff77713) andi    a4, a4, 255
core   0: 3 0x000000008000fef0 (0x0ff77713) x14 0x0000000000000000
core   0: 0x000000008000fef4 (0x00e78023) sb      a4, 0(a5)
core   0: 3 0x000000008000fef4 (0x00e78023) mem 0x000000008001205c 0x00
core   0: 0x000000008000fef8 (0xfc843703) ld      a4, -56(s0)
core   0: 3 0x000000008000fef8 (0xfc843703) x14 0x0000000080012040 mem 0x0000000080031f38
core   0: 0x000000008000fefc (0xfb843783) ld      a5, -72(s0)
core   0: 3 0x000000008000fefc (0xfb843783) x15 0x000000000000009c mem 0x0000000080031f28
core   0: 0x000000008000ff00 (0x000097ba) c.add   a5, a4
core   0: 3 0x000000008000ff00 (0x97ba) x15 0x00000000800120dc
core   0: 0x000000008000ff02 (0xfe043703) ld      a4, -32(s0)
core   0: 3 0x000000008000ff02 (0xfe043703) x14 0x000000008001205d mem 0x0000000080031f50
core   0: 0x000000008000ff06 (0xfcf76de3) bltu    a4, a5, pc - 38
core   0: 3 0x000000008000ff06 (0xfcf76de3)
core   0: 0x000000008000fee0 (0xfe043783) ld      a5, -32(s0)
core   0: 3 0x000000008000fee0 (0xfe043783) x15 0x000000008001205d mem 0x0000000080031f50
core   0: 0x000000008000fee4 (0x00178713) addi    a4, a5, 1
core   0: 3 0x000000008000fee4 (0x00178713) x14 0x000000008001205e
core   0: 0x000000008000fee8 (0xfee43023) sd      a4, -32(s0)
core   0: 3 0x000000008000fee8 (0xfee43023) mem 0x0000000080031f50 0x000000008001205e
core   0: 0x000000008000feec (0xfc442703) lw      a4, -60(s0)
core   0: 3 0x000000008000feec (0xfc442703) x14 0x0000000000000000 mem 0x0000000080031f34
core   0: 0x000000008000fef0 (0x0ff77713) andi    a4, a4, 255
core   0: 3 0x000000008000fef0 (0x0ff77713) x14 0x0000000000000000
core   0: 0x000000008000fef4 (0x00e78023) sb      a4, 0(a5)
core   0: 3 0x000000008000fef4 (0x00e78023) mem 0x000000008001205d 0x00
core   0: 0x000000008000fef8 (0xfc843703) ld      a4, -56(s0)
core   0: 3 0x000000008000fef8 (0xfc843703) x14 0x0000000080012040 mem 0x0000000080031f38
core   0: 0x000000008000fefc (0xfb843783) ld      a5, -72(s0)
core   0: 3 0x000000008000fefc (0xfb843783) x15 0x000000000000009c mem 0x0000000080031f28
core   0: 0x000000008000ff00 (0x000097ba) c.add   a5, a4
core   0: 3 0x000000008000ff00 (0x97ba) x15 0x00000000800120dc
core   0: 0x000000008000ff02 (0xfe043703) ld      a4, -32(s0)
core   0: 3 0x000000008000ff02 (0xfe043703) x14 0x000000008001205e mem 0x0000000080031f50
core   0: 0x000000008000ff06 (0xfcf76de3) bltu    a4, a5, pc - 38
core   0: 3 0x000000008000ff06 (0xfcf76de3)
core   0: 0x000000008000fee0 (0xfe043783) ld      a5, -32(s0)
core   0: 3 0x000000008000fee0 (0xfe043783) x15 0x000000008001205e mem 0x0000000080031f50
core   0: 0x000000008000fee4 (0x00178713) addi    a4, a5, 1
core   0: 3 0x000000008000fee4 (0x00178713) x14 0x000000008001205f
core   0: 0x000000008000fee8 (0xfee43023) sd      a4, -32(s0)
core   0: 3 0x000000008000fee8 (0xfee43023) mem 0x0000000080031f50 0x000000008001205f
core   0: 0x000000008000feec (0xfc442703) lw      a4, -60(s0)
core   0: 3 0x000000008000feec (0xfc442703) x14 0x0000000000000000 mem 0x0000000080031f34
core   0: 0x000000008000fef0 (0x0ff77713) andi    a4, a4, 255
core   0: 3 0x000000008000fef0 (0x0ff77713) x14 0x0000000000000000
core   0: 0x000000008000fef4 (0x00e78023) sb      a4, 0(a5)
core   0: 3 0x000000008000fef4 (0x00e78023) mem 0x000000008001205e 0x00
core   0: 0x000000008000fef8 (0xfc843703) ld      a4, -56(s0)
core   0: 3 0x000000008000fef8 (0xfc843703) x14 0x0000000080012040 mem 0x0000000080031f38
core   0: 0x000000008000fefc (0xfb843783) ld      a5, -72(s0)
core   0: 3 0x000000008000fefc (0xfb843783) x15 0x000000000000009c mem 0x0000000080031f28
core   0: 0x000000008000ff00 (0x000097ba) c.add   a5, a4
core   0: 3 0x000000008000ff00 (0x97ba) x15 0x00000000800120dc
core   0: 0x000000008000ff02 (0xfe043703) ld      a4, -32(s0)
core   0: 3 0x000000008000ff02 (0xfe043703) x14 0x000000008001205f mem 0x0000000080031f50
core   0: 0x000000008000ff06 (0xfcf76de3) bltu    a4, a5, pc - 38
core   0: 3 0x000000008000ff06 (0xfcf76de3)
core   0: 0x000000008000fee0 (0xfe043783) ld      a5, -32(s0)
core   0: 3 0x000000008000fee0 (0xfe043783) x15 0x000000008001205f mem 0x0000000080031f50
core   0: 0x000000008000fee4 (0x00178713) addi    a4, a5, 1
core   0: 3 0x000000008000fee4 (0x00178713) x14 0x0000000080012060
core   0: 0x000000008000fee8 (0xfee43023) sd      a4, -32(s0)
core   0: 3 0x000000008000fee8 (0xfee43023) mem 0x0000000080031f50 0x0000000080012060
core   0: 0x000000008000feec (0xfc442703) lw      a4, -60(s0)
core   0: 3 0x000000008000feec (0xfc442703) x14 0x0000000000000000 mem 0x0000000080031f34
core   0: 0x000000008000fef0 (0x0ff77713) andi    a4, a4, 255
core   0: 3 0x000000008000fef0 (0x0ff77713) x14 0x0000000000000000
core   0: 0x000000008000fef4 (0x00e78023) sb      a4, 0(a5)
core   0: 3 0x000000008000fef4 (0x00e78023) mem 0x000000008001205f 0x00
core   0: 0x000000008000fef8 (0xfc843703) ld      a4, -56(s0)
core   0: 3 0x000000008000fef8 (0xfc843703) x14 0x0000000080012040 mem 0x0000000080031f38
core   0: 0x000000008000fefc (0xfb843783) ld      a5, -72(s0)
core   0: 3 0x000000008000fefc (0xfb843783) x15 0x000000000000009c mem 0x0000000080031f28
core   0: 0x000000008000ff00 (0x000097ba) c.add   a5, a4
core   0: 3 0x000000008000ff00 (0x97ba) x15 0x00000000800120dc
core   0: 0x000000008000ff02 (0xfe043703) ld      a4, -32(s0)
core   0: 3 0x000000008000ff02 (0xfe043703) x14 0x0000000080012060 mem 0x0000000080031f50
core   0: 0x000000008000ff06 (0xfcf76de3) bltu    a4, a5, pc - 38
core   0: 3 0x000000008000ff06 (0xfcf76de3)
core   0: 0x000000008000fee0 (0xfe043783) ld      a5, -32(s0)
core   0: 3 0x000000008000fee0 (0xfe043783) x15 0x0000000080012060 mem 0x0000000080031f50
core   0: 0x000000008000fee4 (0x00178713) addi    a4, a5, 1
core   0: 3 0x000000008000fee4 (0x00178713) x14 0x0000000080012061
core   0: 0x000000008000fee8 (0xfee43023) sd      a4, -32(s0)
core   0: 3 0x000000008000fee8 (0xfee43023) mem 0x0000000080031f50 0x0000000080012061
core   0: 0x000000008000feec (0xfc442703) lw      a4, -60(s0)
core   0: 3 0x000000008000feec (0xfc442703) x14 0x0000000000000000 mem 0x0000000080031f34
core   0: 0x000000008000fef0 (0x0ff77713) andi    a4, a4, 255
core   0: 3 0x000000008000fef0 (0x0ff77713) x14 0x0000000000000000
core   0: 0x000000008000fef4 (0x00e78023) sb      a4, 0(a5)
core   0: 3 0x000000008000fef4 (0x00e78023) mem 0x0000000080012060 0x00
core   0: 0x000000008000fef8 (0xfc843703) ld      a4, -56(s0)
core   0: 3 0x000000008000fef8 (0xfc843703) x14 0x0000000080012040 mem 0x0000000080031f38
core   0: 0x000000008000fefc (0xfb843783) ld      a5, -72(s0)
core   0: 3 0x000000008000fefc (0xfb843783) x15 0x000000000000009c mem 0x0000000080031f28
core   0: 0x000000008000ff00 (0x000097ba) c.add   a5, a4
core   0: 3 0x000000008000ff00 (0x97ba) x15 0x00000000800120dc
core   0: 0x000000008000ff02 (0xfe043703) ld      a4, -32(s0)
core   0: 3 0x000000008000ff02 (0xfe043703) x14 0x0000000080012061 mem 0x0000000080031f50
core   0: 0x000000008000ff06 (0xfcf76de3) bltu    a4, a5, pc - 38
core   0: 3 0x000000008000ff06 (0xfcf76de3)
core   0: 0x000000008000fee0 (0xfe043783) ld      a5, -32(s0)
core   0: 3 0x000000008000fee0 (0xfe043783) x15 0x0000000080012061 mem 0x0000000080031f50
core   0: 0x000000008000fee4 (0x00178713) addi    a4, a5, 1
core   0: 3 0x000000008000fee4 (0x00178713) x14 0x0000000080012062
core   0: 0x000000008000fee8 (0xfee43023) sd      a4, -32(s0)
core   0: 3 0x000000008000fee8 (0xfee43023) mem 0x0000000080031f50 0x0000000080012062
core   0: 0x000000008000feec (0xfc442703) lw      a4, -60(s0)
core   0: 3 0x000000008000feec (0xfc442703) x14 0x0000000000000000 mem 0x0000000080031f34
core   0: 0x000000008000fef0 (0x0ff77713) andi    a4, a4, 255
core   0: 3 0x000000008000fef0 (0x0ff77713) x14 0x0000000000000000
core   0: 0x000000008000fef4 (0x00e78023) sb      a4, 0(a5)
core   0: 3 0x000000008000fef4 (0x00e78023) mem 0x0000000080012061 0x00
core   0: 0x000000008000fef8 (0xfc843703) ld      a4, -56(s0)
core   0: 3 0x000000008000fef8 (0xfc843703) x14 0x0000000080012040 mem 0x0000000080031f38
core   0: 0x000000008000fefc (0xfb843783) ld      a5, -72(s0)
core   0: 3 0x000000008000fefc (0xfb843783) x15 0x000000000000009c mem 0x0000000080031f28
core   0: 0x000000008000ff00 (0x000097ba) c.add   a5, a4
core   0: 3 0x000000008000ff00 (0x97ba) x15 0x00000000800120dc
core   0: 0x000000008000ff02 (0xfe043703) ld      a4, -32(s0)
core   0: 3 0x000000008000ff02 (0xfe043703) x14 0x0000000080012062 mem 0x0000000080031f50
core   0: 0x000000008000ff06 (0xfcf76de3) bltu    a4, a5, pc - 38
core   0: 3 0x000000008000ff06 (0xfcf76de3)
core   0: 0x000000008000fee0 (0xfe043783) ld      a5, -32(s0)
core   0: 3 0x000000008000fee0 (0xfe043783) x15 0x0000000080012062 mem 0x0000000080031f50
core   0: 0x000000008000fee4 (0x00178713) addi    a4, a5, 1
core   0: 3 0x000000008000fee4 (0x00178713) x14 0x0000000080012063
core   0: 0x000000008000fee8 (0xfee43023) sd      a4, -32(s0)
core   0: 3 0x000000008000fee8 (0xfee43023) mem 0x0000000080031f50 0x0000000080012063
core   0: 0x000000008000feec (0xfc442703) lw      a4, -60(s0)
core   0: 3 0x000000008000feec (0xfc442703) x14 0x0000000000000000 mem 0x0000000080031f34
core   0: 0x000000008000fef0 (0x0ff77713) andi    a4, a4, 255
core   0: 3 0x000000008000fef0 (0x0ff77713) x14 0x0000000000000000
core   0: 0x000000008000fef4 (0x00e78023) sb      a4, 0(a5)
core   0: 3 0x000000008000fef4 (0x00e78023) mem 0x0000000080012062 0x00
core   0: 0x000000008000fef8 (0xfc843703) ld      a4, -56(s0)
core   0: 3 0x000000008000fef8 (0xfc843703) x14 0x0000000080012040 mem 0x0000000080031f38
core   0: 0x000000008000fefc (0xfb843783) ld      a5, -72(s0)
core   0: 3 0x000000008000fefc (0xfb843783) x15 0x000000000000009c mem 0x0000000080031f28
core   0: 0x000000008000ff00 (0x000097ba) c.add   a5, a4
core   0: 3 0x000000008000ff00 (0x97ba) x15 0x00000000800120dc
core   0: 0x000000008000ff02 (0xfe043703) ld      a4, -32(s0)
core   0: 3 0x000000008000ff02 (0xfe043703) x14 0x0000000080012063 mem 0x0000000080031f50
core   0: 0x000000008000ff06 (0xfcf76de3) bltu    a4, a5, pc - 38
core   0: 3 0x000000008000ff06 (0xfcf76de3)
core   0: 0x000000008000fee0 (0xfe043783) ld      a5, -32(s0)
core   0: 3 0x000000008000fee0 (0xfe043783) x15 0x0000000080012063 mem 0x0000000080031f50
core   0: 0x000000008000fee4 (0x00178713) addi    a4, a5, 1
core   0: 3 0x000000008000fee4 (0x00178713) x14 0x0000000080012064
core   0: 0x000000008000fee8 (0xfee43023) sd      a4, -32(s0)
core   0: 3 0x000000008000fee8 (0xfee43023) mem 0x0000000080031f50 0x0000000080012064
core   0: 0x000000008000feec (0xfc442703) lw      a4, -60(s0)
core   0: 3 0x000000008000feec (0xfc442703) x14 0x0000000000000000 mem 0x0000000080031f34
core   0: 0x000000008000fef0 (0x0ff77713) andi    a4, a4, 255
core   0: 3 0x000000008000fef0 (0x0ff77713) x14 0x0000000000000000
core   0: 0x000000008000fef4 (0x00e78023) sb      a4, 0(a5)
core   0: 3 0x000000008000fef4 (0x00e78023) mem 0x0000000080012063 0x00
core   0: 0x000000008000fef8 (0xfc843703) ld      a4, -56(s0)
core   0: 3 0x000000008000fef8 (0xfc843703) x14 0x0000000080012040 mem 0x0000000080031f38
core   0: 0x000000008000fefc (0xfb843783) ld      a5, -72(s0)
core   0: 3 0x000000008000fefc (0xfb843783) x15 0x000000000000009c mem 0x0000000080031f28
core   0: 0x000000008000ff00 (0x000097ba) c.add   a5, a4
core   0: 3 0x000000008000ff00 (0x97ba) x15 0x00000000800120dc
core   0: 0x000000008000ff02 (0xfe043703) ld      a4, -32(s0)
core   0: 3 0x000000008000ff02 (0xfe043703) x14 0x0000000080012064 mem 0x0000000080031f50
core   0: 0x000000008000ff06 (0xfcf76de3) bltu    a4, a5, pc - 38
core   0: 3 0x000000008000ff06 (0xfcf76de3)
core   0: 0x000000008000fee0 (0xfe043783) ld      a5, -32(s0)
core   0: 3 0x000000008000fee0 (0xfe043783) x15 0x0000000080012064 mem 0x0000000080031f50
core   0: 0x000000008000fee4 (0x00178713) addi    a4, a5, 1
core   0: 3 0x000000008000fee4 (0x00178713) x14 0x0000000080012065
core   0: 0x000000008000fee8 (0xfee43023) sd      a4, -32(s0)
core   0: 3 0x000000008000fee8 (0xfee43023) mem 0x0000000080031f50 0x0000000080012065
core   0: 0x000000008000feec (0xfc442703) lw      a4, -60(s0)
core   0: 3 0x000000008000feec (0xfc442703) x14 0x0000000000000000 mem 0x0000000080031f34
core   0: 0x000000008000fef0 (0x0ff77713) andi    a4, a4, 255
core   0: 3 0x000000008000fef0 (0x0ff77713) x14 0x0000000000000000
core   0: 0x000000008000fef4 (0x00e78023) sb      a4, 0(a5)
core   0: 3 0x000000008000fef4 (0x00e78023) mem 0x0000000080012064 0x00
core   0: 0x000000008000fef8 (0xfc843703) ld      a4, -56(s0)
core   0: 3 0x000000008000fef8 (0xfc843703) x14 0x0000000080012040 mem 0x0000000080031f38
core   0: 0x000000008000fefc (0xfb843783) ld      a5, -72(s0)
core   0: 3 0x000000008000fefc (0xfb843783) x15 0x000000000000009c mem 0x0000000080031f28
core   0: 0x000000008000ff00 (0x000097ba) c.add   a5, a4
core   0: 3 0x000000008000ff00 (0x97ba) x15 0x00000000800120dc
core   0: 0x000000008000ff02 (0xfe043703) ld      a4, -32(s0)
core   0: 3 0x000000008000ff02 (0xfe043703) x14 0x0000000080012065 mem 0x0000000080031f50
core   0: 0x000000008000ff06 (0xfcf76de3) bltu    a4, a5, pc - 38
core   0: 3 0x000000008000ff06 (0xfcf76de3)
core   0: 0x000000008000fee0 (0xfe043783) ld      a5, -32(s0)
core   0: 3 0x000000008000fee0 (0xfe043783) x15 0x0000000080012065 mem 0x0000000080031f50
core   0: 0x000000008000fee4 (0x00178713) addi    a4, a5, 1
core   0: 3 0x000000008000fee4 (0x00178713) x14 0x0000000080012066
core   0: 0x000000008000fee8 (0xfee43023) sd      a4, -32(s0)
core   0: 3 0x000000008000fee8 (0xfee43023) mem 0x0000000080031f50 0x0000000080012066
core   0: 0x000000008000feec (0xfc442703) lw      a4, -60(s0)
core   0: 3 0x000000008000feec (0xfc442703) x14 0x0000000000000000 mem 0x0000000080031f34
core   0: 0x000000008000fef0 (0x0ff77713) andi    a4, a4, 255
core   0: 3 0x000000008000fef0 (0x0ff77713) x14 0x0000000000000000
core   0: 0x000000008000fef4 (0x00e78023) sb      a4, 0(a5)
core   0: 3 0x000000008000fef4 (0x00e78023) mem 0x0000000080012065 0x00
core   0: 0x000000008000fef8 (0xfc843703) ld      a4, -56(s0)
core   0: 3 0x000000008000fef8 (0xfc843703) x14 0x0000000080012040 mem 0x0000000080031f38
core   0: 0x000000008000fefc (0xfb843783) ld      a5, -72(s0)
core   0: 3 0x000000008000fefc (0xfb843783) x15 0x000000000000009c mem 0x0000000080031f28
core   0: 0x000000008000ff00 (0x000097ba) c.add   a5, a4
core   0: 3 0x000000008000ff00 (0x97ba) x15 0x00000000800120dc
core   0: 0x000000008000ff02 (0xfe043703) ld      a4, -32(s0)
core   0: 3 0x000000008000ff02 (0xfe043703) x14 0x0000000080012066 mem 0x0000000080031f50
core   0: 0x000000008000ff06 (0xfcf76de3) bltu    a4, a5, pc - 38
core   0: 3 0x000000008000ff06 (0xfcf76de3)
core   0: 0x000000008000fee0 (0xfe043783) ld      a5, -32(s0)
core   0: 3 0x000000008000fee0 (0xfe043783) x15 0x0000000080012066 mem 0x0000000080031f50
core   0: 0x000000008000fee4 (0x00178713) addi    a4, a5, 1
core   0: 3 0x000000008000fee4 (0x00178713) x14 0x0000000080012067
core   0: 0x000000008000fee8 (0xfee43023) sd      a4, -32(s0)
core   0: 3 0x000000008000fee8 (0xfee43023) mem 0x0000000080031f50 0x0000000080012067
core   0: 0x000000008000feec (0xfc442703) lw      a4, -60(s0)
core   0: 3 0x000000008000feec (0xfc442703) x14 0x0000000000000000 mem 0x0000000080031f34
core   0: 0x000000008000fef0 (0x0ff77713) andi    a4, a4, 255
core   0: 3 0x000000008000fef0 (0x0ff77713) x14 0x0000000000000000
core   0: 0x000000008000fef4 (0x00e78023) sb      a4, 0(a5)
core   0: 3 0x000000008000fef4 (0x00e78023) mem 0x0000000080012066 0x00
core   0: 0x000000008000fef8 (0xfc843703) ld      a4, -56(s0)
core   0: 3 0x000000008000fef8 (0xfc843703) x14 0x0000000080012040 mem 0x0000000080031f38
core   0: 0x000000008000fefc (0xfb843783) ld      a5, -72(s0)
core   0: 3 0x000000008000fefc (0xfb843783) x15 0x000000000000009c mem 0x0000000080031f28
core   0: 0x000000008000ff00 (0x000097ba) c.add   a5, a4
core   0: 3 0x000000008000ff00 (0x97ba) x15 0x00000000800120dc
core   0: 0x000000008000ff02 (0xfe043703) ld      a4, -32(s0)
core   0: 3 0x000000008000ff02 (0xfe043703) x14 0x0000000080012067 mem 0x0000000080031f50
core   0: 0x000000008000ff06 (0xfcf76de3) bltu    a4, a5, pc - 38
core   0: 3 0x000000008000ff06 (0xfcf76de3)
core   0: 0x000000008000fee0 (0xfe043783) ld      a5, -32(s0)
core   0: 3 0x000000008000fee0 (0xfe043783) x15 0x0000000080012067 mem 0x0000000080031f50
core   0: 0x000000008000fee4 (0x00178713) addi    a4, a5, 1
core   0: 3 0x000000008000fee4 (0x00178713) x14 0x0000000080012068
core   0: 0x000000008000fee8 (0xfee43023) sd      a4, -32(s0)
core   0: 3 0x000000008000fee8 (0xfee43023) mem 0x0000000080031f50 0x0000000080012068
core   0: 0x000000008000feec (0xfc442703) lw      a4, -60(s0)
core   0: 3 0x000000008000feec (0xfc442703) x14 0x0000000000000000 mem 0x0000000080031f34
core   0: 0x000000008000fef0 (0x0ff77713) andi    a4, a4, 255
core   0: 3 0x000000008000fef0 (0x0ff77713) x14 0x0000000000000000
core   0: 0x000000008000fef4 (0x00e78023) sb      a4, 0(a5)
core   0: 3 0x000000008000fef4 (0x00e78023) mem 0x0000000080012067 0x00
core   0: 0x000000008000fef8 (0xfc843703) ld      a4, -56(s0)
core   0: 3 0x000000008000fef8 (0xfc843703) x14 0x0000000080012040 mem 0x0000000080031f38
core   0: 0x000000008000fefc (0xfb843783) ld      a5, -72(s0)
core   0: 3 0x000000008000fefc (0xfb843783) x15 0x000000000000009c mem 0x0000000080031f28
core   0: 0x000000008000ff00 (0x000097ba) c.add   a5, a4
core   0: 3 0x000000008000ff00 (0x97ba) x15 0x00000000800120dc
core   0: 0x000000008000ff02 (0xfe043703) ld      a4, -32(s0)
core   0: 3 0x000000008000ff02 (0xfe043703) x14 0x0000000080012068 mem 0x0000000080031f50
core   0: 0x000000008000ff06 (0xfcf76de3) bltu    a4, a5, pc - 38
core   0: 3 0x000000008000ff06 (0xfcf76de3)
core   0: 0x000000008000fee0 (0xfe043783) ld      a5, -32(s0)
core   0: 3 0x000000008000fee0 (0xfe043783) x15 0x0000000080012068 mem 0x0000000080031f50
core   0: 0x000000008000fee4 (0x00178713) addi    a4, a5, 1
core   0: 3 0x000000008000fee4 (0x00178713) x14 0x0000000080012069
core   0: 0x000000008000fee8 (0xfee43023) sd      a4, -32(s0)
core   0: 3 0x000000008000fee8 (0xfee43023) mem 0x0000000080031f50 0x0000000080012069
core   0: 0x000000008000feec (0xfc442703) lw      a4, -60(s0)
core   0: 3 0x000000008000feec (0xfc442703) x14 0x0000000000000000 mem 0x0000000080031f34
core   0: 0x000000008000fef0 (0x0ff77713) andi    a4, a4, 255
core   0: 3 0x000000008000fef0 (0x0ff77713) x14 0x0000000000000000
core   0: 0x000000008000fef4 (0x00e78023) sb      a4, 0(a5)
core   0: 3 0x000000008000fef4 (0x00e78023) mem 0x0000000080012068 0x00
core   0: 0x000000008000fef8 (0xfc843703) ld      a4, -56(s0)
core   0: 3 0x000000008000fef8 (0xfc843703) x14 0x0000000080012040 mem 0x0000000080031f38
core   0: 0x000000008000fefc (0xfb843783) ld      a5, -72(s0)
core   0: 3 0x000000008000fefc (0xfb843783) x15 0x000000000000009c mem 0x0000000080031f28
core   0: 0x000000008000ff00 (0x000097ba) c.add   a5, a4
core   0: 3 0x000000008000ff00 (0x97ba) x15 0x00000000800120dc
core   0: 0x000000008000ff02 (0xfe043703) ld      a4, -32(s0)
core   0: 3 0x000000008000ff02 (0xfe043703) x14 0x0000000080012069 mem 0x0000000080031f50
core   0: 0x000000008000ff06 (0xfcf76de3) bltu    a4, a5, pc - 38
core   0: 3 0x000000008000ff06 (0xfcf76de3)
core   0: 0x000000008000fee0 (0xfe043783) ld      a5, -32(s0)
core   0: 3 0x000000008000fee0 (0xfe043783) x15 0x0000000080012069 mem 0x0000000080031f50
core   0: 0x000000008000fee4 (0x00178713) addi    a4, a5, 1
core   0: 3 0x000000008000fee4 (0x00178713) x14 0x000000008001206a
core   0: 0x000000008000fee8 (0xfee43023) sd      a4, -32(s0)
core   0: 3 0x000000008000fee8 (0xfee43023) mem 0x0000000080031f50 0x000000008001206a
core   0: 0x000000008000feec (0xfc442703) lw      a4, -60(s0)
core   0: 3 0x000000008000feec (0xfc442703) x14 0x0000000000000000 mem 0x0000000080031f34
core   0: 0x000000008000fef0 (0x0ff77713) andi    a4, a4, 255
core   0: 3 0x000000008000fef0 (0x0ff77713) x14 0x0000000000000000
core   0: 0x000000008000fef4 (0x00e78023) sb      a4, 0(a5)
core   0: 3 0x000000008000fef4 (0x00e78023) mem 0x0000000080012069 0x00
core   0: 0x000000008000fef8 (0xfc843703) ld      a4, -56(s0)
core   0: 3 0x000000008000fef8 (0xfc843703) x14 0x0000000080012040 mem 0x0000000080031f38
core   0: 0x000000008000fefc (0xfb843783) ld      a5, -72(s0)
core   0: 3 0x000000008000fefc (0xfb843783) x15 0x000000000000009c mem 0x0000000080031f28
core   0: 0x000000008000ff00 (0x000097ba) c.add   a5, a4
core   0: 3 0x000000008000ff00 (0x97ba) x15 0x00000000800120dc
core   0: 0x000000008000ff02 (0xfe043703) ld      a4, -32(s0)
core   0: 3 0x000000008000ff02 (0xfe043703) x14 0x000000008001206a mem 0x0000000080031f50
core   0: 0x000000008000ff06 (0xfcf76de3) bltu    a4, a5, pc - 38
core   0: 3 0x000000008000ff06 (0xfcf76de3)
core   0: 0x000000008000fee0 (0xfe043783) ld      a5, -32(s0)
core   0: 3 0x000000008000fee0 (0xfe043783) x15 0x000000008001206a mem 0x0000000080031f50
core   0: 0x000000008000fee4 (0x00178713) addi    a4, a5, 1
core   0: 3 0x000000008000fee4 (0x00178713) x14 0x000000008001206b
core   0: 0x000000008000fee8 (0xfee43023) sd      a4, -32(s0)
core   0: 3 0x000000008000fee8 (0xfee43023) mem 0x0000000080031f50 0x000000008001206b
core   0: 0x000000008000feec (0xfc442703) lw      a4, -60(s0)
core   0: 3 0x000000008000feec (0xfc442703) x14 0x0000000000000000 mem 0x0000000080031f34
core   0: 0x000000008000fef0 (0x0ff77713) andi    a4, a4, 255
core   0: 3 0x000000008000fef0 (0x0ff77713) x14 0x0000000000000000
core   0: 0x000000008000fef4 (0x00e78023) sb      a4, 0(a5)
core   0: 3 0x000000008000fef4 (0x00e78023) mem 0x000000008001206a 0x00
core   0: 0x000000008000fef8 (0xfc843703) ld      a4, -56(s0)
core   0: 3 0x000000008000fef8 (0xfc843703) x14 0x0000000080012040 mem 0x0000000080031f38
core   0: 0x000000008000fefc (0xfb843783) ld      a5, -72(s0)
core   0: 3 0x000000008000fefc (0xfb843783) x15 0x000000000000009c mem 0x0000000080031f28
core   0: 0x000000008000ff00 (0x000097ba) c.add   a5, a4
core   0: 3 0x000000008000ff00 (0x97ba) x15 0x00000000800120dc
core   0: 0x000000008000ff02 (0xfe043703) ld      a4, -32(s0)
core   0: 3 0x000000008000ff02 (0xfe043703) x14 0x000000008001206b mem 0x0000000080031f50
core   0: 0x000000008000ff06 (0xfcf76de3) bltu    a4, a5, pc - 38
core   0: 3 0x000000008000ff06 (0xfcf76de3)
core   0: 0x000000008000fee0 (0xfe043783) ld      a5, -32(s0)
core   0: 3 0x000000008000fee0 (0xfe043783) x15 0x000000008001206b mem 0x0000000080031f50
core   0: 0x000000008000fee4 (0x00178713) addi    a4, a5, 1
core   0: 3 0x000000008000fee4 (0x00178713) x14 0x000000008001206c
core   0: 0x000000008000fee8 (0xfee43023) sd      a4, -32(s0)
core   0: 3 0x000000008000fee8 (0xfee43023) mem 0x0000000080031f50 0x000000008001206c
core   0: 0x000000008000feec (0xfc442703) lw      a4, -60(s0)
core   0: 3 0x000000008000feec (0xfc442703) x14 0x0000000000000000 mem 0x0000000080031f34
core   0: 0x000000008000fef0 (0x0ff77713) andi    a4, a4, 255
core   0: 3 0x000000008000fef0 (0x0ff77713) x14 0x0000000000000000
core   0: 0x000000008000fef4 (0x00e78023) sb      a4, 0(a5)
core   0: 3 0x000000008000fef4 (0x00e78023) mem 0x000000008001206b 0x00
core   0: 0x000000008000fef8 (0xfc843703) ld      a4, -56(s0)
core   0: 3 0x000000008000fef8 (0xfc843703) x14 0x0000000080012040 mem 0x0000000080031f38
core   0: 0x000000008000fefc (0xfb843783) ld      a5, -72(s0)
core   0: 3 0x000000008000fefc (0xfb843783) x15 0x000000000000009c mem 0x0000000080031f28
core   0: 0x000000008000ff00 (0x000097ba) c.add   a5, a4
core   0: 3 0x000000008000ff00 (0x97ba) x15 0x00000000800120dc
core   0: 0x000000008000ff02 (0xfe043703) ld      a4, -32(s0)
core   0: 3 0x000000008000ff02 (0xfe043703) x14 0x000000008001206c mem 0x0000000080031f50
core   0: 0x000000008000ff06 (0xfcf76de3) bltu    a4, a5, pc - 38
core   0: 3 0x000000008000ff06 (0xfcf76de3)
core   0: 0x000000008000fee0 (0xfe043783) ld      a5, -32(s0)
core   0: 3 0x000000008000fee0 (0xfe043783) x15 0x000000008001206c mem 0x0000000080031f50
core   0: 0x000000008000fee4 (0x00178713) addi    a4, a5, 1
core   0: 3 0x000000008000fee4 (0x00178713) x14 0x000000008001206d
core   0: 0x000000008000fee8 (0xfee43023) sd      a4, -32(s0)
core   0: 3 0x000000008000fee8 (0xfee43023) mem 0x0000000080031f50 0x000000008001206d
core   0: 0x000000008000feec (0xfc442703) lw      a4, -60(s0)
core   0: 3 0x000000008000feec (0xfc442703) x14 0x0000000000000000 mem 0x0000000080031f34
core   0: 0x000000008000fef0 (0x0ff77713) andi    a4, a4, 255
core   0: 3 0x000000008000fef0 (0x0ff77713) x14 0x0000000000000000
core   0: 0x000000008000fef4 (0x00e78023) sb      a4, 0(a5)
core   0: 3 0x000000008000fef4 (0x00e78023) mem 0x000000008001206c 0x00
core   0: 0x000000008000fef8 (0xfc843703) ld      a4, -56(s0)
core   0: 3 0x000000008000fef8 (0xfc843703) x14 0x0000000080012040 mem 0x0000000080031f38
core   0: 0x000000008000fefc (0xfb843783) ld      a5, -72(s0)
core   0: 3 0x000000008000fefc (0xfb843783) x15 0x000000000000009c mem 0x0000000080031f28
core   0: 0x000000008000ff00 (0x000097ba) c.add   a5, a4
core   0: 3 0x000000008000ff00 (0x97ba) x15 0x00000000800120dc
core   0: 0x000000008000ff02 (0xfe043703) ld      a4, -32(s0)
core   0: 3 0x000000008000ff02 (0xfe043703) x14 0x000000008001206d mem 0x0000000080031f50
core   0: 0x000000008000ff06 (0xfcf76de3) bltu    a4, a5, pc - 38
core   0: 3 0x000000008000ff06 (0xfcf76de3)
core   0: 0x000000008000fee0 (0xfe043783) ld      a5, -32(s0)
core   0: 3 0x000000008000fee0 (0xfe043783) x15 0x000000008001206d mem 0x0000000080031f50
core   0: 0x000000008000fee4 (0x00178713) addi    a4, a5, 1
core   0: 3 0x000000008000fee4 (0x00178713) x14 0x000000008001206e
core   0: 0x000000008000fee8 (0xfee43023) sd      a4, -32(s0)
core   0: 3 0x000000008000fee8 (0xfee43023) mem 0x0000000080031f50 0x000000008001206e
core   0: 0x000000008000feec (0xfc442703) lw      a4, -60(s0)
core   0: 3 0x000000008000feec (0xfc442703) x14 0x0000000000000000 mem 0x0000000080031f34
core   0: 0x000000008000fef0 (0x0ff77713) andi    a4, a4, 255
core   0: 3 0x000000008000fef0 (0x0ff77713) x14 0x0000000000000000
core   0: 0x000000008000fef4 (0x00e78023) sb      a4, 0(a5)
core   0: 3 0x000000008000fef4 (0x00e78023) mem 0x000000008001206d 0x00
core   0: 0x000000008000fef8 (0xfc843703) ld      a4, -56(s0)
core   0: 3 0x000000008000fef8 (0xfc843703) x14 0x0000000080012040 mem 0x0000000080031f38
core   0: 0x000000008000fefc (0xfb843783) ld      a5, -72(s0)
core   0: 3 0x000000008000fefc (0xfb843783) x15 0x000000000000009c mem 0x0000000080031f28
core   0: 0x000000008000ff00 (0x000097ba) c.add   a5, a4
core   0: 3 0x000000008000ff00 (0x97ba) x15 0x00000000800120dc
core   0: 0x000000008000ff02 (0xfe043703) ld      a4, -32(s0)
core   0: 3 0x000000008000ff02 (0xfe043703) x14 0x000000008001206e mem 0x0000000080031f50
core   0: 0x000000008000ff06 (0xfcf76de3) bltu    a4, a5, pc - 38
core   0: 3 0x000000008000ff06 (0xfcf76de3)
core   0: 0x000000008000fee0 (0xfe043783) ld      a5, -32(s0)
core   0: 3 0x000000008000fee0 (0xfe043783) x15 0x000000008001206e mem 0x0000000080031f50
core   0: 0x000000008000fee4 (0x00178713) addi    a4, a5, 1
core   0: 3 0x000000008000fee4 (0x00178713) x14 0x000000008001206f
core   0: 0x000000008000fee8 (0xfee43023) sd      a4, -32(s0)
core   0: 3 0x000000008000fee8 (0xfee43023) mem 0x0000000080031f50 0x000000008001206f
core   0: 0x000000008000feec (0xfc442703) lw      a4, -60(s0)
core   0: 3 0x000000008000feec (0xfc442703) x14 0x0000000000000000 mem 0x0000000080031f34
core   0: 0x000000008000fef0 (0x0ff77713) andi    a4, a4, 255
core   0: 3 0x000000008000fef0 (0x0ff77713) x14 0x0000000000000000
core   0: 0x000000008000fef4 (0x00e78023) sb      a4, 0(a5)
core   0: 3 0x000000008000fef4 (0x00e78023) mem 0x000000008001206e 0x00
core   0: 0x000000008000fef8 (0xfc843703) ld      a4, -56(s0)
core   0: 3 0x000000008000fef8 (0xfc843703) x14 0x0000000080012040 mem 0x0000000080031f38
core   0: 0x000000008000fefc (0xfb843783) ld      a5, -72(s0)
core   0: 3 0x000000008000fefc (0xfb843783) x15 0x000000000000009c mem 0x0000000080031f28
core   0: 0x000000008000ff00 (0x000097ba) c.add   a5, a4
core   0: 3 0x000000008000ff00 (0x97ba) x15 0x00000000800120dc
core   0: 0x000000008000ff02 (0xfe043703) ld      a4, -32(s0)
core   0: 3 0x000000008000ff02 (0xfe043703) x14 0x000000008001206f mem 0x0000000080031f50
core   0: 0x000000008000ff06 (0xfcf76de3) bltu    a4, a5, pc - 38
core   0: 3 0x000000008000ff06 (0xfcf76de3)
core   0: 0x000000008000fee0 (0xfe043783) ld      a5, -32(s0)
core   0: 3 0x000000008000fee0 (0xfe043783) x15 0x000000008001206f mem 0x0000000080031f50
core   0: 0x000000008000fee4 (0x00178713) addi    a4, a5, 1
core   0: 3 0x000000008000fee4 (0x00178713) x14 0x0000000080012070
core   0: 0x000000008000fee8 (0xfee43023) sd      a4, -32(s0)
core   0: 3 0x000000008000fee8 (0xfee43023) mem 0x0000000080031f50 0x0000000080012070
core   0: 0x000000008000feec (0xfc442703) lw      a4, -60(s0)
core   0: 3 0x000000008000feec (0xfc442703) x14 0x0000000000000000 mem 0x0000000080031f34
core   0: 0x000000008000fef0 (0x0ff77713) andi    a4, a4, 255
core   0: 3 0x000000008000fef0 (0x0ff77713) x14 0x0000000000000000
core   0: 0x000000008000fef4 (0x00e78023) sb      a4, 0(a5)
core   0: 3 0x000000008000fef4 (0x00e78023) mem 0x000000008001206f 0x00
core   0: 0x000000008000fef8 (0xfc843703) ld      a4, -56(s0)
core   0: 3 0x000000008000fef8 (0xfc843703) x14 0x0000000080012040 mem 0x0000000080031f38
core   0: 0x000000008000fefc (0xfb843783) ld      a5, -72(s0)
core   0: 3 0x000000008000fefc (0xfb843783) x15 0x000000000000009c mem 0x0000000080031f28
core   0: 0x000000008000ff00 (0x000097ba) c.add   a5, a4
core   0: 3 0x000000008000ff00 (0x97ba) x15 0x00000000800120dc
core   0: 0x000000008000ff02 (0xfe043703) ld      a4, -32(s0)
core   0: 3 0x000000008000ff02 (0xfe043703) x14 0x0000000080012070 mem 0x0000000080031f50
core   0: 0x000000008000ff06 (0xfcf76de3) bltu    a4, a5, pc - 38
core   0: 3 0x000000008000ff06 (0xfcf76de3)
core   0: 0x000000008000fee0 (0xfe043783) ld      a5, -32(s0)
core   0: 3 0x000000008000fee0 (0xfe043783) x15 0x0000000080012070 mem 0x0000000080031f50
core   0: 0x000000008000fee4 (0x00178713) addi    a4, a5, 1
core   0: 3 0x000000008000fee4 (0x00178713) x14 0x0000000080012071
core   0: 0x000000008000fee8 (0xfee43023) sd      a4, -32(s0)
core   0: 3 0x000000008000fee8 (0xfee43023) mem 0x0000000080031f50 0x0000000080012071
core   0: 0x000000008000feec (0xfc442703) lw      a4, -60(s0)
core   0: 3 0x000000008000feec (0xfc442703) x14 0x0000000000000000 mem 0x0000000080031f34
core   0: 0x000000008000fef0 (0x0ff77713) andi    a4, a4, 255
core   0: 3 0x000000008000fef0 (0x0ff77713) x14 0x0000000000000000
core   0: 0x000000008000fef4 (0x00e78023) sb      a4, 0(a5)
core   0: 3 0x000000008000fef4 (0x00e78023) mem 0x0000000080012070 0x00
core   0: 0x000000008000fef8 (0xfc843703) ld      a4, -56(s0)
core   0: 3 0x000000008000fef8 (0xfc843703) x14 0x0000000080012040 mem 0x0000000080031f38
core   0: 0x000000008000fefc (0xfb843783) ld      a5, -72(s0)
core   0: 3 0x000000008000fefc (0xfb843783) x15 0x000000000000009c mem 0x0000000080031f28
core   0: 0x000000008000ff00 (0x000097ba) c.add   a5, a4
core   0: 3 0x000000008000ff00 (0x97ba) x15 0x00000000800120dc
core   0: 0x000000008000ff02 (0xfe043703) ld      a4, -32(s0)
core   0: 3 0x000000008000ff02 (0xfe043703) x14 0x0000000080012071 mem 0x0000000080031f50
core   0: 0x000000008000ff06 (0xfcf76de3) bltu    a4, a5, pc - 38
core   0: 3 0x000000008000ff06 (0xfcf76de3)
core   0: 0x000000008000fee0 (0xfe043783) ld      a5, -32(s0)
core   0: 3 0x000000008000fee0 (0xfe043783) x15 0x0000000080012071 mem 0x0000000080031f50
core   0: 0x000000008000fee4 (0x00178713) addi    a4, a5, 1
core   0: 3 0x000000008000fee4 (0x00178713) x14 0x0000000080012072
core   0: 0x000000008000fee8 (0xfee43023) sd      a4, -32(s0)
core   0: 3 0x000000008000fee8 (0xfee43023) mem 0x0000000080031f50 0x0000000080012072
core   0: 0x000000008000feec (0xfc442703) lw      a4, -60(s0)
core   0: 3 0x000000008000feec (0xfc442703) x14 0x0000000000000000 mem 0x0000000080031f34
core   0: 0x000000008000fef0 (0x0ff77713) andi    a4, a4, 255
core   0: 3 0x000000008000fef0 (0x0ff77713) x14 0x0000000000000000
core   0: 0x000000008000fef4 (0x00e78023) sb      a4, 0(a5)
core   0: 3 0x000000008000fef4 (0x00e78023) mem 0x0000000080012071 0x00
core   0: 0x000000008000fef8 (0xfc843703) ld      a4, -56(s0)
core   0: 3 0x000000008000fef8 (0xfc843703) x14 0x0000000080012040 mem 0x0000000080031f38
core   0: 0x000000008000fefc (0xfb843783) ld      a5, -72(s0)
core   0: 3 0x000000008000fefc (0xfb843783) x15 0x000000000000009c mem 0x0000000080031f28
core   0: 0x000000008000ff00 (0x000097ba) c.add   a5, a4
core   0: 3 0x000000008000ff00 (0x97ba) x15 0x00000000800120dc
core   0: 0x000000008000ff02 (0xfe043703) ld      a4, -32(s0)
core   0: 3 0x000000008000ff02 (0xfe043703) x14 0x0000000080012072 mem 0x0000000080031f50
core   0: 0x000000008000ff06 (0xfcf76de3) bltu    a4, a5, pc - 38
core   0: 3 0x000000008000ff06 (0xfcf76de3)
core   0: 0x000000008000fee0 (0xfe043783) ld      a5, -32(s0)
core   0: 3 0x000000008000fee0 (0xfe043783) x15 0x0000000080012072 mem 0x0000000080031f50
core   0: 0x000000008000fee4 (0x00178713) addi    a4, a5, 1
core   0: 3 0x000000008000fee4 (0x00178713) x14 0x0000000080012073
core   0: 0x000000008000fee8 (0xfee43023) sd      a4, -32(s0)
core   0: 3 0x000000008000fee8 (0xfee43023) mem 0x0000000080031f50 0x0000000080012073
core   0: 0x000000008000feec (0xfc442703) lw      a4, -60(s0)
core   0: 3 0x000000008000feec (0xfc442703) x14 0x0000000000000000 mem 0x0000000080031f34
core   0: 0x000000008000fef0 (0x0ff77713) andi    a4, a4, 255
core   0: 3 0x000000008000fef0 (0x0ff77713) x14 0x0000000000000000
core   0: 0x000000008000fef4 (0x00e78023) sb      a4, 0(a5)
core   0: 3 0x000000008000fef4 (0x00e78023) mem 0x0000000080012072 0x00
core   0: 0x000000008000fef8 (0xfc843703) ld      a4, -56(s0)
core   0: 3 0x000000008000fef8 (0xfc843703) x14 0x0000000080012040 mem 0x0000000080031f38
core   0: 0x000000008000fefc (0xfb843783) ld      a5, -72(s0)
core   0: 3 0x000000008000fefc (0xfb843783) x15 0x000000000000009c mem 0x0000000080031f28
core   0: 0x000000008000ff00 (0x000097ba) c.add   a5, a4
core   0: 3 0x000000008000ff00 (0x97ba) x15 0x00000000800120dc
core   0: 0x000000008000ff02 (0xfe043703) ld      a4, -32(s0)
core   0: 3 0x000000008000ff02 (0xfe043703) x14 0x0000000080012073 mem 0x0000000080031f50
core   0: 0x000000008000ff06 (0xfcf76de3) bltu    a4, a5, pc - 38
core   0: 3 0x000000008000ff06 (0xfcf76de3)
core   0: 0x000000008000fee0 (0xfe043783) ld      a5, -32(s0)
core   0: 3 0x000000008000fee0 (0xfe043783) x15 0x0000000080012073 mem 0x0000000080031f50
core   0: 0x000000008000fee4 (0x00178713) addi    a4, a5, 1
core   0: 3 0x000000008000fee4 (0x00178713) x14 0x0000000080012074
core   0: 0x000000008000fee8 (0xfee43023) sd      a4, -32(s0)
core   0: 3 0x000000008000fee8 (0xfee43023) mem 0x0000000080031f50 0x0000000080012074
core   0: 0x000000008000feec (0xfc442703) lw      a4, -60(s0)
core   0: 3 0x000000008000feec (0xfc442703) x14 0x0000000000000000 mem 0x0000000080031f34
core   0: 0x000000008000fef0 (0x0ff77713) andi    a4, a4, 255
core   0: 3 0x000000008000fef0 (0x0ff77713) x14 0x0000000000000000
core   0: 0x000000008000fef4 (0x00e78023) sb      a4, 0(a5)
core   0: 3 0x000000008000fef4 (0x00e78023) mem 0x0000000080012073 0x00
core   0: 0x000000008000fef8 (0xfc843703) ld      a4, -56(s0)
core   0: 3 0x000000008000fef8 (0xfc843703) x14 0x0000000080012040 mem 0x0000000080031f38
core   0: 0x000000008000fefc (0xfb843783) ld      a5, -72(s0)
core   0: 3 0x000000008000fefc (0xfb843783) x15 0x000000000000009c mem 0x0000000080031f28
core   0: 0x000000008000ff00 (0x000097ba) c.add   a5, a4
core   0: 3 0x000000008000ff00 (0x97ba) x15 0x00000000800120dc
core   0: 0x000000008000ff02 (0xfe043703) ld      a4, -32(s0)
core   0: 3 0x000000008000ff02 (0xfe043703) x14 0x0000000080012074 mem 0x0000000080031f50
core   0: 0x000000008000ff06 (0xfcf76de3) bltu    a4, a5, pc - 38
core   0: 3 0x000000008000ff06 (0xfcf76de3)
core   0: 0x000000008000fee0 (0xfe043783) ld      a5, -32(s0)
core   0: 3 0x000000008000fee0 (0xfe043783) x15 0x0000000080012074 mem 0x0000000080031f50
core   0: 0x000000008000fee4 (0x00178713) addi    a4, a5, 1
core   0: 3 0x000000008000fee4 (0x00178713) x14 0x0000000080012075
core   0: 0x000000008000fee8 (0xfee43023) sd      a4, -32(s0)
core   0: 3 0x000000008000fee8 (0xfee43023) mem 0x0000000080031f50 0x0000000080012075
core   0: 0x000000008000feec (0xfc442703) lw      a4, -60(s0)
core   0: 3 0x000000008000feec (0xfc442703) x14 0x0000000000000000 mem 0x0000000080031f34
core   0: 0x000000008000fef0 (0x0ff77713) andi    a4, a4, 255
core   0: 3 0x000000008000fef0 (0x0ff77713) x14 0x0000000000000000
core   0: 0x000000008000fef4 (0x00e78023) sb      a4, 0(a5)
core   0: 3 0x000000008000fef4 (0x00e78023) mem 0x0000000080012074 0x00
core   0: 0x000000008000fef8 (0xfc843703) ld      a4, -56(s0)
core   0: 3 0x000000008000fef8 (0xfc843703) x14 0x0000000080012040 mem 0x0000000080031f38
core   0: 0x000000008000fefc (0xfb843783) ld      a5, -72(s0)
core   0: 3 0x000000008000fefc (0xfb843783) x15 0x000000000000009c mem 0x0000000080031f28
core   0: 0x000000008000ff00 (0x000097ba) c.add   a5, a4
core   0: 3 0x000000008000ff00 (0x97ba) x15 0x00000000800120dc
core   0: 0x000000008000ff02 (0xfe043703) ld      a4, -32(s0)
core   0: 3 0x000000008000ff02 (0xfe043703) x14 0x0000000080012075 mem 0x0000000080031f50
core   0: 0x000000008000ff06 (0xfcf76de3) bltu    a4, a5, pc - 38
core   0: 3 0x000000008000ff06 (0xfcf76de3)
core   0: 0x000000008000fee0 (0xfe043783) ld      a5, -32(s0)
core   0: 3 0x000000008000fee0 (0xfe043783) x15 0x0000000080012075 mem 0x0000000080031f50
core   0: 0x000000008000fee4 (0x00178713) addi    a4, a5, 1
core   0: 3 0x000000008000fee4 (0x00178713) x14 0x0000000080012076
core   0: 0x000000008000fee8 (0xfee43023) sd      a4, -32(s0)
core   0: 3 0x000000008000fee8 (0xfee43023) mem 0x0000000080031f50 0x0000000080012076
core   0: 0x000000008000feec (0xfc442703) lw      a4, -60(s0)
core   0: 3 0x000000008000feec (0xfc442703) x14 0x0000000000000000 mem 0x0000000080031f34
core   0: 0x000000008000fef0 (0x0ff77713) andi    a4, a4, 255
core   0: 3 0x000000008000fef0 (0x0ff77713) x14 0x0000000000000000
core   0: 0x000000008000fef4 (0x00e78023) sb      a4, 0(a5)
core   0: 3 0x000000008000fef4 (0x00e78023) mem 0x0000000080012075 0x00
core   0: 0x000000008000fef8 (0xfc843703) ld      a4, -56(s0)
core   0: 3 0x000000008000fef8 (0xfc843703) x14 0x0000000080012040 mem 0x0000000080031f38
core   0: 0x000000008000fefc (0xfb843783) ld      a5, -72(s0)
core   0: 3 0x000000008000fefc (0xfb843783) x15 0x000000000000009c mem 0x0000000080031f28
core   0: 0x000000008000ff00 (0x000097ba) c.add   a5, a4
core   0: 3 0x000000008000ff00 (0x97ba) x15 0x00000000800120dc
core   0: 0x000000008000ff02 (0xfe043703) ld      a4, -32(s0)
core   0: 3 0x000000008000ff02 (0xfe043703) x14 0x0000000080012076 mem 0x0000000080031f50
core   0: 0x000000008000ff06 (0xfcf76de3) bltu    a4, a5, pc - 38
core   0: 3 0x000000008000ff06 (0xfcf76de3)
core   0: 0x000000008000fee0 (0xfe043783) ld      a5, -32(s0)
core   0: 3 0x000000008000fee0 (0xfe043783) x15 0x0000000080012076 mem 0x0000000080031f50
core   0: 0x000000008000fee4 (0x00178713) addi    a4, a5, 1
core   0: 3 0x000000008000fee4 (0x00178713) x14 0x0000000080012077
core   0: 0x000000008000fee8 (0xfee43023) sd      a4, -32(s0)
core   0: 3 0x000000008000fee8 (0xfee43023) mem 0x0000000080031f50 0x0000000080012077
core   0: 0x000000008000feec (0xfc442703) lw      a4, -60(s0)
core   0: 3 0x000000008000feec (0xfc442703) x14 0x0000000000000000 mem 0x0000000080031f34
core   0: 0x000000008000fef0 (0x0ff77713) andi    a4, a4, 255
core   0: 3 0x000000008000fef0 (0x0ff77713) x14 0x0000000000000000
core   0: 0x000000008000fef4 (0x00e78023) sb      a4, 0(a5)
core   0: 3 0x000000008000fef4 (0x00e78023) mem 0x0000000080012076 0x00
core   0: 0x000000008000fef8 (0xfc843703) ld      a4, -56(s0)
core   0: 3 0x000000008000fef8 (0xfc843703) x14 0x0000000080012040 mem 0x0000000080031f38
core   0: 0x000000008000fefc (0xfb843783) ld      a5, -72(s0)
core   0: 3 0x000000008000fefc (0xfb843783) x15 0x000000000000009c mem 0x0000000080031f28
core   0: 0x000000008000ff00 (0x000097ba) c.add   a5, a4
core   0: 3 0x000000008000ff00 (0x97ba) x15 0x00000000800120dc
core   0: 0x000000008000ff02 (0xfe043703) ld      a4, -32(s0)
core   0: 3 0x000000008000ff02 (0xfe043703) x14 0x0000000080012077 mem 0x0000000080031f50
core   0: 0x000000008000ff06 (0xfcf76de3) bltu    a4, a5, pc - 38
core   0: 3 0x000000008000ff06 (0xfcf76de3)
core   0: 0x000000008000fee0 (0xfe043783) ld      a5, -32(s0)
core   0: 3 0x000000008000fee0 (0xfe043783) x15 0x0000000080012077 mem 0x0000000080031f50
core   0: 0x000000008000fee4 (0x00178713) addi    a4, a5, 1
core   0: 3 0x000000008000fee4 (0x00178713) x14 0x0000000080012078
core   0: 0x000000008000fee8 (0xfee43023) sd      a4, -32(s0)
core   0: 3 0x000000008000fee8 (0xfee43023) mem 0x0000000080031f50 0x0000000080012078
core   0: 0x000000008000feec (0xfc442703) lw      a4, -60(s0)
core   0: 3 0x000000008000feec (0xfc442703) x14 0x0000000000000000 mem 0x0000000080031f34
core   0: 0x000000008000fef0 (0x0ff77713) andi    a4, a4, 255
core   0: 3 0x000000008000fef0 (0x0ff77713) x14 0x0000000000000000
core   0: 0x000000008000fef4 (0x00e78023) sb      a4, 0(a5)
core   0: 3 0x000000008000fef4 (0x00e78023) mem 0x0000000080012077 0x00
core   0: 0x000000008000fef8 (0xfc843703) ld      a4, -56(s0)
core   0: 3 0x000000008000fef8 (0xfc843703) x14 0x0000000080012040 mem 0x0000000080031f38
core   0: 0x000000008000fefc (0xfb843783) ld      a5, -72(s0)
core   0: 3 0x000000008000fefc (0xfb843783) x15 0x000000000000009c mem 0x0000000080031f28
core   0: 0x000000008000ff00 (0x000097ba) c.add   a5, a4
core   0: 3 0x000000008000ff00 (0x97ba) x15 0x00000000800120dc
core   0: 0x000000008000ff02 (0xfe043703) ld      a4, -32(s0)
core   0: 3 0x000000008000ff02 (0xfe043703) x14 0x0000000080012078 mem 0x0000000080031f50
core   0: 0x000000008000ff06 (0xfcf76de3) bltu    a4, a5, pc - 38
core   0: 3 0x000000008000ff06 (0xfcf76de3)
core   0: 0x000000008000fee0 (0xfe043783) ld      a5, -32(s0)
core   0: 3 0x000000008000fee0 (0xfe043783) x15 0x0000000080012078 mem 0x0000000080031f50
core   0: 0x000000008000fee4 (0x00178713) addi    a4, a5, 1
core   0: 3 0x000000008000fee4 (0x00178713) x14 0x0000000080012079
core   0: 0x000000008000fee8 (0xfee43023) sd      a4, -32(s0)
core   0: 3 0x000000008000fee8 (0xfee43023) mem 0x0000000080031f50 0x0000000080012079
core   0: 0x000000008000feec (0xfc442703) lw      a4, -60(s0)
core   0: 3 0x000000008000feec (0xfc442703) x14 0x0000000000000000 mem 0x0000000080031f34
core   0: 0x000000008000fef0 (0x0ff77713) andi    a4, a4, 255
core   0: 3 0x000000008000fef0 (0x0ff77713) x14 0x0000000000000000
core   0: 0x000000008000fef4 (0x00e78023) sb      a4, 0(a5)
core   0: 3 0x000000008000fef4 (0x00e78023) mem 0x0000000080012078 0x00
core   0: 0x000000008000fef8 (0xfc843703) ld      a4, -56(s0)
core   0: 3 0x000000008000fef8 (0xfc843703) x14 0x0000000080012040 mem 0x0000000080031f38
core   0: 0x000000008000fefc (0xfb843783) ld      a5, -72(s0)
core   0: 3 0x000000008000fefc (0xfb843783) x15 0x000000000000009c mem 0x0000000080031f28
core   0: 0x000000008000ff00 (0x000097ba) c.add   a5, a4
core   0: 3 0x000000008000ff00 (0x97ba) x15 0x00000000800120dc
core   0: 0x000000008000ff02 (0xfe043703) ld      a4, -32(s0)
core   0: 3 0x000000008000ff02 (0xfe043703) x14 0x0000000080012079 mem 0x0000000080031f50
core   0: 0x000000008000ff06 (0xfcf76de3) bltu    a4, a5, pc - 38
core   0: 3 0x000000008000ff06 (0xfcf76de3)
core   0: 0x000000008000fee0 (0xfe043783) ld      a5, -32(s0)
core   0: 3 0x000000008000fee0 (0xfe043783) x15 0x0000000080012079 mem 0x0000000080031f50
core   0: 0x000000008000fee4 (0x00178713) addi    a4, a5, 1
core   0: 3 0x000000008000fee4 (0x00178713) x14 0x000000008001207a
core   0: 0x000000008000fee8 (0xfee43023) sd      a4, -32(s0)
core   0: 3 0x000000008000fee8 (0xfee43023) mem 0x0000000080031f50 0x000000008001207a
core   0: 0x000000008000feec (0xfc442703) lw      a4, -60(s0)
core   0: 3 0x000000008000feec (0xfc442703) x14 0x0000000000000000 mem 0x0000000080031f34
core   0: 0x000000008000fef0 (0x0ff77713) andi    a4, a4, 255
core   0: 3 0x000000008000fef0 (0x0ff77713) x14 0x0000000000000000
core   0: 0x000000008000fef4 (0x00e78023) sb      a4, 0(a5)
core   0: 3 0x000000008000fef4 (0x00e78023) mem 0x0000000080012079 0x00
core   0: 0x000000008000fef8 (0xfc843703) ld      a4, -56(s0)
core   0: 3 0x000000008000fef8 (0xfc843703) x14 0x0000000080012040 mem 0x0000000080031f38
core   0: 0x000000008000fefc (0xfb843783) ld      a5, -72(s0)
core   0: 3 0x000000008000fefc (0xfb843783) x15 0x000000000000009c mem 0x0000000080031f28
core   0: 0x000000008000ff00 (0x000097ba) c.add   a5, a4
core   0: 3 0x000000008000ff00 (0x97ba) x15 0x00000000800120dc
core   0: 0x000000008000ff02 (0xfe043703) ld      a4, -32(s0)
core   0: 3 0x000000008000ff02 (0xfe043703) x14 0x000000008001207a mem 0x0000000080031f50
core   0: 0x000000008000ff06 (0xfcf76de3) bltu    a4, a5, pc - 38
core   0: 3 0x000000008000ff06 (0xfcf76de3)
core   0: 0x000000008000fee0 (0xfe043783) ld      a5, -32(s0)
core   0: 3 0x000000008000fee0 (0xfe043783) x15 0x000000008001207a mem 0x0000000080031f50
core   0: 0x000000008000fee4 (0x00178713) addi    a4, a5, 1
core   0: 3 0x000000008000fee4 (0x00178713) x14 0x000000008001207b
core   0: 0x000000008000fee8 (0xfee43023) sd      a4, -32(s0)
core   0: 3 0x000000008000fee8 (0xfee43023) mem 0x0000000080031f50 0x000000008001207b
core   0: 0x000000008000feec (0xfc442703) lw      a4, -60(s0)
core   0: 3 0x000000008000feec (0xfc442703) x14 0x0000000000000000 mem 0x0000000080031f34
core   0: 0x000000008000fef0 (0x0ff77713) andi    a4, a4, 255
core   0: 3 0x000000008000fef0 (0x0ff77713) x14 0x0000000000000000
core   0: 0x000000008000fef4 (0x00e78023) sb      a4, 0(a5)
core   0: 3 0x000000008000fef4 (0x00e78023) mem 0x000000008001207a 0x00
core   0: 0x000000008000fef8 (0xfc843703) ld      a4, -56(s0)
core   0: 3 0x000000008000fef8 (0xfc843703) x14 0x0000000080012040 mem 0x0000000080031f38
core   0: 0x000000008000fefc (0xfb843783) ld      a5, -72(s0)
core   0: 3 0x000000008000fefc (0xfb843783) x15 0x000000000000009c mem 0x0000000080031f28
core   0: 0x000000008000ff00 (0x000097ba) c.add   a5, a4
core   0: 3 0x000000008000ff00 (0x97ba) x15 0x00000000800120dc
core   0: 0x000000008000ff02 (0xfe043703) ld      a4, -32(s0)
core   0: 3 0x000000008000ff02 (0xfe043703) x14 0x000000008001207b mem 0x0000000080031f50
core   0: 0x000000008000ff06 (0xfcf76de3) bltu    a4, a5, pc - 38
core   0: 3 0x000000008000ff06 (0xfcf76de3)
core   0: 0x000000008000fee0 (0xfe043783) ld      a5, -32(s0)
core   0: 3 0x000000008000fee0 (0xfe043783) x15 0x000000008001207b mem 0x0000000080031f50
core   0: 0x000000008000fee4 (0x00178713) addi    a4, a5, 1
core   0: 3 0x000000008000fee4 (0x00178713) x14 0x000000008001207c
core   0: 0x000000008000fee8 (0xfee43023) sd      a4, -32(s0)
core   0: 3 0x000000008000fee8 (0xfee43023) mem 0x0000000080031f50 0x000000008001207c
core   0: 0x000000008000feec (0xfc442703) lw      a4, -60(s0)
core   0: 3 0x000000008000feec (0xfc442703) x14 0x0000000000000000 mem 0x0000000080031f34
core   0: 0x000000008000fef0 (0x0ff77713) andi    a4, a4, 255
core   0: 3 0x000000008000fef0 (0x0ff77713) x14 0x0000000000000000
core   0: 0x000000008000fef4 (0x00e78023) sb      a4, 0(a5)
core   0: 3 0x000000008000fef4 (0x00e78023) mem 0x000000008001207b 0x00
core   0: 0x000000008000fef8 (0xfc843703) ld      a4, -56(s0)
core   0: 3 0x000000008000fef8 (0xfc843703) x14 0x0000000080012040 mem 0x0000000080031f38
core   0: 0x000000008000fefc (0xfb843783) ld      a5, -72(s0)
core   0: 3 0x000000008000fefc (0xfb843783) x15 0x000000000000009c mem 0x0000000080031f28
core   0: 0x000000008000ff00 (0x000097ba) c.add   a5, a4
core   0: 3 0x000000008000ff00 (0x97ba) x15 0x00000000800120dc
core   0: 0x000000008000ff02 (0xfe043703) ld      a4, -32(s0)
core   0: 3 0x000000008000ff02 (0xfe043703) x14 0x000000008001207c mem 0x0000000080031f50
core   0: 0x000000008000ff06 (0xfcf76de3) bltu    a4, a5, pc - 38
core   0: 3 0x000000008000ff06 (0xfcf76de3)
core   0: 0x000000008000fee0 (0xfe043783) ld      a5, -32(s0)
core   0: 3 0x000000008000fee0 (0xfe043783) x15 0x000000008001207c mem 0x0000000080031f50
core   0: 0x000000008000fee4 (0x00178713) addi    a4, a5, 1
core   0: 3 0x000000008000fee4 (0x00178713) x14 0x000000008001207d
core   0: 0x000000008000fee8 (0xfee43023) sd      a4, -32(s0)
core   0: 3 0x000000008000fee8 (0xfee43023) mem 0x0000000080031f50 0x000000008001207d
core   0: 0x000000008000feec (0xfc442703) lw      a4, -60(s0)
core   0: 3 0x000000008000feec (0xfc442703) x14 0x0000000000000000 mem 0x0000000080031f34
core   0: 0x000000008000fef0 (0x0ff77713) andi    a4, a4, 255
core   0: 3 0x000000008000fef0 (0x0ff77713) x14 0x0000000000000000
core   0: 0x000000008000fef4 (0x00e78023) sb      a4, 0(a5)
core   0: 3 0x000000008000fef4 (0x00e78023) mem 0x000000008001207c 0x00
core   0: 0x000000008000fef8 (0xfc843703) ld      a4, -56(s0)
core   0: 3 0x000000008000fef8 (0xfc843703) x14 0x0000000080012040 mem 0x0000000080031f38
core   0: 0x000000008000fefc (0xfb843783) ld      a5, -72(s0)
core   0: 3 0x000000008000fefc (0xfb843783) x15 0x000000000000009c mem 0x0000000080031f28
core   0: 0x000000008000ff00 (0x000097ba) c.add   a5, a4
core   0: 3 0x000000008000ff00 (0x97ba) x15 0x00000000800120dc
core   0: 0x000000008000ff02 (0xfe043703) ld      a4, -32(s0)
core   0: 3 0x000000008000ff02 (0xfe043703) x14 0x000000008001207d mem 0x0000000080031f50
core   0: 0x000000008000ff06 (0xfcf76de3) bltu    a4, a5, pc - 38
core   0: 3 0x000000008000ff06 (0xfcf76de3)
core   0: 0x000000008000fee0 (0xfe043783) ld      a5, -32(s0)
core   0: 3 0x000000008000fee0 (0xfe043783) x15 0x000000008001207d mem 0x0000000080031f50
core   0: 0x000000008000fee4 (0x00178713) addi    a4, a5, 1
core   0: 3 0x000000008000fee4 (0x00178713) x14 0x000000008001207e
core   0: 0x000000008000fee8 (0xfee43023) sd      a4, -32(s0)
core   0: 3 0x000000008000fee8 (0xfee43023) mem 0x0000000080031f50 0x000000008001207e
core   0: 0x000000008000feec (0xfc442703) lw      a4, -60(s0)
core   0: 3 0x000000008000feec (0xfc442703) x14 0x0000000000000000 mem 0x0000000080031f34
core   0: 0x000000008000fef0 (0x0ff77713) andi    a4, a4, 255
core   0: 3 0x000000008000fef0 (0x0ff77713) x14 0x0000000000000000
core   0: 0x000000008000fef4 (0x00e78023) sb      a4, 0(a5)
core   0: 3 0x000000008000fef4 (0x00e78023) mem 0x000000008001207d 0x00
core   0: 0x000000008000fef8 (0xfc843703) ld      a4, -56(s0)
core   0: 3 0x000000008000fef8 (0xfc843703) x14 0x0000000080012040 mem 0x0000000080031f38
core   0: 0x000000008000fefc (0xfb843783) ld      a5, -72(s0)
core   0: 3 0x000000008000fefc (0xfb843783) x15 0x000000000000009c mem 0x0000000080031f28
core   0: 0x000000008000ff00 (0x000097ba) c.add   a5, a4
core   0: 3 0x000000008000ff00 (0x97ba) x15 0x00000000800120dc
core   0: 0x000000008000ff02 (0xfe043703) ld      a4, -32(s0)
core   0: 3 0x000000008000ff02 (0xfe043703) x14 0x000000008001207e mem 0x0000000080031f50
core   0: 0x000000008000ff06 (0xfcf76de3) bltu    a4, a5, pc - 38
core   0: 3 0x000000008000ff06 (0xfcf76de3)
core   0: 0x000000008000fee0 (0xfe043783) ld      a5, -32(s0)
core   0: 3 0x000000008000fee0 (0xfe043783) x15 0x000000008001207e mem 0x0000000080031f50
core   0: 0x000000008000fee4 (0x00178713) addi    a4, a5, 1
core   0: 3 0x000000008000fee4 (0x00178713) x14 0x000000008001207f
core   0: 0x000000008000fee8 (0xfee43023) sd      a4, -32(s0)
core   0: 3 0x000000008000fee8 (0xfee43023) mem 0x0000000080031f50 0x000000008001207f
core   0: 0x000000008000feec (0xfc442703) lw      a4, -60(s0)
core   0: 3 0x000000008000feec (0xfc442703) x14 0x0000000000000000 mem 0x0000000080031f34
core   0: 0x000000008000fef0 (0x0ff77713) andi    a4, a4, 255
core   0: 3 0x000000008000fef0 (0x0ff77713) x14 0x0000000000000000
core   0: 0x000000008000fef4 (0x00e78023) sb      a4, 0(a5)
core   0: 3 0x000000008000fef4 (0x00e78023) mem 0x000000008001207e 0x00
core   0: 0x000000008000fef8 (0xfc843703) ld      a4, -56(s0)
core   0: 3 0x000000008000fef8 (0xfc843703) x14 0x0000000080012040 mem 0x0000000080031f38
core   0: 0x000000008000fefc (0xfb843783) ld      a5, -72(s0)
core   0: 3 0x000000008000fefc (0xfb843783) x15 0x000000000000009c mem 0x0000000080031f28
core   0: 0x000000008000ff00 (0x000097ba) c.add   a5, a4
core   0: 3 0x000000008000ff00 (0x97ba) x15 0x00000000800120dc
core   0: 0x000000008000ff02 (0xfe043703) ld      a4, -32(s0)
core   0: 3 0x000000008000ff02 (0xfe043703) x14 0x000000008001207f mem 0x0000000080031f50
core   0: 0x000000008000ff06 (0xfcf76de3) bltu    a4, a5, pc - 38
core   0: 3 0x000000008000ff06 (0xfcf76de3)
core   0: 0x000000008000fee0 (0xfe043783) ld      a5, -32(s0)
core   0: 3 0x000000008000fee0 (0xfe043783) x15 0x000000008001207f mem 0x0000000080031f50
core   0: 0x000000008000fee4 (0x00178713) addi    a4, a5, 1
core   0: 3 0x000000008000fee4 (0x00178713) x14 0x0000000080012080
core   0: 0x000000008000fee8 (0xfee43023) sd      a4, -32(s0)
core   0: 3 0x000000008000fee8 (0xfee43023) mem 0x0000000080031f50 0x0000000080012080
core   0: 0x000000008000feec (0xfc442703) lw      a4, -60(s0)
core   0: 3 0x000000008000feec (0xfc442703) x14 0x0000000000000000 mem 0x0000000080031f34
core   0: 0x000000008000fef0 (0x0ff77713) andi    a4, a4, 255
core   0: 3 0x000000008000fef0 (0x0ff77713) x14 0x0000000000000000
core   0: 0x000000008000fef4 (0x00e78023) sb      a4, 0(a5)
core   0: 3 0x000000008000fef4 (0x00e78023) mem 0x000000008001207f 0x00
core   0: 0x000000008000fef8 (0xfc843703) ld      a4, -56(s0)
core   0: 3 0x000000008000fef8 (0xfc843703) x14 0x0000000080012040 mem 0x0000000080031f38
core   0: 0x000000008000fefc (0xfb843783) ld      a5, -72(s0)
core   0: 3 0x000000008000fefc (0xfb843783) x15 0x000000000000009c mem 0x0000000080031f28
core   0: 0x000000008000ff00 (0x000097ba) c.add   a5, a4
core   0: 3 0x000000008000ff00 (0x97ba) x15 0x00000000800120dc
core   0: 0x000000008000ff02 (0xfe043703) ld      a4, -32(s0)
core   0: 3 0x000000008000ff02 (0xfe043703) x14 0x0000000080012080 mem 0x0000000080031f50
core   0: 0x000000008000ff06 (0xfcf76de3) bltu    a4, a5, pc - 38
core   0: 3 0x000000008000ff06 (0xfcf76de3)
core   0: 0x000000008000fee0 (0xfe043783) ld      a5, -32(s0)
core   0: 3 0x000000008000fee0 (0xfe043783) x15 0x0000000080012080 mem 0x0000000080031f50
core   0: 0x000000008000fee4 (0x00178713) addi    a4, a5, 1
core   0: 3 0x000000008000fee4 (0x00178713) x14 0x0000000080012081
core   0: 0x000000008000fee8 (0xfee43023) sd      a4, -32(s0)
core   0: 3 0x000000008000fee8 (0xfee43023) mem 0x0000000080031f50 0x0000000080012081
core   0: 0x000000008000feec (0xfc442703) lw      a4, -60(s0)
core   0: 3 0x000000008000feec (0xfc442703) x14 0x0000000000000000 mem 0x0000000080031f34
core   0: 0x000000008000fef0 (0x0ff77713) andi    a4, a4, 255
core   0: 3 0x000000008000fef0 (0x0ff77713) x14 0x0000000000000000
core   0: 0x000000008000fef4 (0x00e78023) sb      a4, 0(a5)
core   0: 3 0x000000008000fef4 (0x00e78023) mem 0x0000000080012080 0x00
core   0: 0x000000008000fef8 (0xfc843703) ld      a4, -56(s0)
core   0: 3 0x000000008000fef8 (0xfc843703) x14 0x0000000080012040 mem 0x0000000080031f38
core   0: 0x000000008000fefc (0xfb843783) ld      a5, -72(s0)
core   0: 3 0x000000008000fefc (0xfb843783) x15 0x000000000000009c mem 0x0000000080031f28
core   0: 0x000000008000ff00 (0x000097ba) c.add   a5, a4
core   0: 3 0x000000008000ff00 (0x97ba) x15 0x00000000800120dc
core   0: 0x000000008000ff02 (0xfe043703) ld      a4, -32(s0)
core   0: 3 0x000000008000ff02 (0xfe043703) x14 0x0000000080012081 mem 0x0000000080031f50
core   0: 0x000000008000ff06 (0xfcf76de3) bltu    a4, a5, pc - 38
core   0: 3 0x000000008000ff06 (0xfcf76de3)
core   0: 0x000000008000fee0 (0xfe043783) ld      a5, -32(s0)
core   0: 3 0x000000008000fee0 (0xfe043783) x15 0x0000000080012081 mem 0x0000000080031f50
core   0: 0x000000008000fee4 (0x00178713) addi    a4, a5, 1
core   0: 3 0x000000008000fee4 (0x00178713) x14 0x0000000080012082
core   0: 0x000000008000fee8 (0xfee43023) sd      a4, -32(s0)
core   0: 3 0x000000008000fee8 (0xfee43023) mem 0x0000000080031f50 0x0000000080012082
core   0: 0x000000008000feec (0xfc442703) lw      a4, -60(s0)
core   0: 3 0x000000008000feec (0xfc442703) x14 0x0000000000000000 mem 0x0000000080031f34
core   0: 0x000000008000fef0 (0x0ff77713) andi    a4, a4, 255
core   0: 3 0x000000008000fef0 (0x0ff77713) x14 0x0000000000000000
core   0: 0x000000008000fef4 (0x00e78023) sb      a4, 0(a5)
core   0: 3 0x000000008000fef4 (0x00e78023) mem 0x0000000080012081 0x00
core   0: 0x000000008000fef8 (0xfc843703) ld      a4, -56(s0)
core   0: 3 0x000000008000fef8 (0xfc843703) x14 0x0000000080012040 mem 0x0000000080031f38
core   0: 0x000000008000fefc (0xfb843783) ld      a5, -72(s0)
core   0: 3 0x000000008000fefc (0xfb843783) x15 0x000000000000009c mem 0x0000000080031f28
core   0: 0x000000008000ff00 (0x000097ba) c.add   a5, a4
core   0: 3 0x000000008000ff00 (0x97ba) x15 0x00000000800120dc
core   0: 0x000000008000ff02 (0xfe043703) ld      a4, -32(s0)
core   0: 3 0x000000008000ff02 (0xfe043703) x14 0x0000000080012082 mem 0x0000000080031f50
core   0: 0x000000008000ff06 (0xfcf76de3) bltu    a4, a5, pc - 38
core   0: 3 0x000000008000ff06 (0xfcf76de3)
core   0: 0x000000008000fee0 (0xfe043783) ld      a5, -32(s0)
core   0: 3 0x000000008000fee0 (0xfe043783) x15 0x0000000080012082 mem 0x0000000080031f50
core   0: 0x000000008000fee4 (0x00178713) addi    a4, a5, 1
core   0: 3 0x000000008000fee4 (0x00178713) x14 0x0000000080012083
core   0: 0x000000008000fee8 (0xfee43023) sd      a4, -32(s0)
core   0: 3 0x000000008000fee8 (0xfee43023) mem 0x0000000080031f50 0x0000000080012083
core   0: 0x000000008000feec (0xfc442703) lw      a4, -60(s0)
core   0: 3 0x000000008000feec (0xfc442703) x14 0x0000000000000000 mem 0x0000000080031f34
core   0: 0x000000008000fef0 (0x0ff77713) andi    a4, a4, 255
core   0: 3 0x000000008000fef0 (0x0ff77713) x14 0x0000000000000000
core   0: 0x000000008000fef4 (0x00e78023) sb      a4, 0(a5)
core   0: 3 0x000000008000fef4 (0x00e78023) mem 0x0000000080012082 0x00
core   0: 0x000000008000fef8 (0xfc843703) ld      a4, -56(s0)
core   0: 3 0x000000008000fef8 (0xfc843703) x14 0x0000000080012040 mem 0x0000000080031f38
core   0: 0x000000008000fefc (0xfb843783) ld      a5, -72(s0)
core   0: 3 0x000000008000fefc (0xfb843783) x15 0x000000000000009c mem 0x0000000080031f28
core   0: 0x000000008000ff00 (0x000097ba) c.add   a5, a4
core   0: 3 0x000000008000ff00 (0x97ba) x15 0x00000000800120dc
core   0: 0x000000008000ff02 (0xfe043703) ld      a4, -32(s0)
core   0: 3 0x000000008000ff02 (0xfe043703) x14 0x0000000080012083 mem 0x0000000080031f50
core   0: 0x000000008000ff06 (0xfcf76de3) bltu    a4, a5, pc - 38
core   0: 3 0x000000008000ff06 (0xfcf76de3)
core   0: 0x000000008000fee0 (0xfe043783) ld      a5, -32(s0)
core   0: 3 0x000000008000fee0 (0xfe043783) x15 0x0000000080012083 mem 0x0000000080031f50
core   0: 0x000000008000fee4 (0x00178713) addi    a4, a5, 1
core   0: 3 0x000000008000fee4 (0x00178713) x14 0x0000000080012084
core   0: 0x000000008000fee8 (0xfee43023) sd      a4, -32(s0)
core   0: 3 0x000000008000fee8 (0xfee43023) mem 0x0000000080031f50 0x0000000080012084
core   0: 0x000000008000feec (0xfc442703) lw      a4, -60(s0)
core   0: 3 0x000000008000feec (0xfc442703) x14 0x0000000000000000 mem 0x0000000080031f34
core   0: 0x000000008000fef0 (0x0ff77713) andi    a4, a4, 255
core   0: 3 0x000000008000fef0 (0x0ff77713) x14 0x0000000000000000
core   0: 0x000000008000fef4 (0x00e78023) sb      a4, 0(a5)
core   0: 3 0x000000008000fef4 (0x00e78023) mem 0x0000000080012083 0x00
core   0: 0x000000008000fef8 (0xfc843703) ld      a4, -56(s0)
core   0: 3 0x000000008000fef8 (0xfc843703) x14 0x0000000080012040 mem 0x0000000080031f38
core   0: 0x000000008000fefc (0xfb843783) ld      a5, -72(s0)
core   0: 3 0x000000008000fefc (0xfb843783) x15 0x000000000000009c mem 0x0000000080031f28
core   0: 0x000000008000ff00 (0x000097ba) c.add   a5, a4
core   0: 3 0x000000008000ff00 (0x97ba) x15 0x00000000800120dc
core   0: 0x000000008000ff02 (0xfe043703) ld      a4, -32(s0)
core   0: 3 0x000000008000ff02 (0xfe043703) x14 0x0000000080012084 mem 0x0000000080031f50
core   0: 0x000000008000ff06 (0xfcf76de3) bltu    a4, a5, pc - 38
core   0: 3 0x000000008000ff06 (0xfcf76de3)
core   0: 0x000000008000fee0 (0xfe043783) ld      a5, -32(s0)
core   0: 3 0x000000008000fee0 (0xfe043783) x15 0x0000000080012084 mem 0x0000000080031f50
core   0: 0x000000008000fee4 (0x00178713) addi    a4, a5, 1
core   0: 3 0x000000008000fee4 (0x00178713) x14 0x0000000080012085
core   0: 0x000000008000fee8 (0xfee43023) sd      a4, -32(s0)
core   0: 3 0x000000008000fee8 (0xfee43023) mem 0x0000000080031f50 0x0000000080012085
core   0: 0x000000008000feec (0xfc442703) lw      a4, -60(s0)
core   0: 3 0x000000008000feec (0xfc442703) x14 0x0000000000000000 mem 0x0000000080031f34
core   0: 0x000000008000fef0 (0x0ff77713) andi    a4, a4, 255
core   0: 3 0x000000008000fef0 (0x0ff77713) x14 0x0000000000000000
core   0: 0x000000008000fef4 (0x00e78023) sb      a4, 0(a5)
core   0: 3 0x000000008000fef4 (0x00e78023) mem 0x0000000080012084 0x00
core   0: 0x000000008000fef8 (0xfc843703) ld      a4, -56(s0)
core   0: 3 0x000000008000fef8 (0xfc843703) x14 0x0000000080012040 mem 0x0000000080031f38
core   0: 0x000000008000fefc (0xfb843783) ld      a5, -72(s0)
core   0: 3 0x000000008000fefc (0xfb843783) x15 0x000000000000009c mem 0x0000000080031f28
core   0: 0x000000008000ff00 (0x000097ba) c.add   a5, a4
core   0: 3 0x000000008000ff00 (0x97ba) x15 0x00000000800120dc
core   0: 0x000000008000ff02 (0xfe043703) ld      a4, -32(s0)
core   0: 3 0x000000008000ff02 (0xfe043703) x14 0x0000000080012085 mem 0x0000000080031f50
core   0: 0x000000008000ff06 (0xfcf76de3) bltu    a4, a5, pc - 38
core   0: 3 0x000000008000ff06 (0xfcf76de3)
core   0: 0x000000008000fee0 (0xfe043783) ld      a5, -32(s0)
core   0: 3 0x000000008000fee0 (0xfe043783) x15 0x0000000080012085 mem 0x0000000080031f50
core   0: 0x000000008000fee4 (0x00178713) addi    a4, a5, 1
core   0: 3 0x000000008000fee4 (0x00178713) x14 0x0000000080012086
core   0: 0x000000008000fee8 (0xfee43023) sd      a4, -32(s0)
core   0: 3 0x000000008000fee8 (0xfee43023) mem 0x0000000080031f50 0x0000000080012086
core   0: 0x000000008000feec (0xfc442703) lw      a4, -60(s0)
core   0: 3 0x000000008000feec (0xfc442703) x14 0x0000000000000000 mem 0x0000000080031f34
core   0: 0x000000008000fef0 (0x0ff77713) andi    a4, a4, 255
core   0: 3 0x000000008000fef0 (0x0ff77713) x14 0x0000000000000000
core   0: 0x000000008000fef4 (0x00e78023) sb      a4, 0(a5)
core   0: 3 0x000000008000fef4 (0x00e78023) mem 0x0000000080012085 0x00
core   0: 0x000000008000fef8 (0xfc843703) ld      a4, -56(s0)
core   0: 3 0x000000008000fef8 (0xfc843703) x14 0x0000000080012040 mem 0x0000000080031f38
core   0: 0x000000008000fefc (0xfb843783) ld      a5, -72(s0)
core   0: 3 0x000000008000fefc (0xfb843783) x15 0x000000000000009c mem 0x0000000080031f28
core   0: 0x000000008000ff00 (0x000097ba) c.add   a5, a4
core   0: 3 0x000000008000ff00 (0x97ba) x15 0x00000000800120dc
core   0: 0x000000008000ff02 (0xfe043703) ld      a4, -32(s0)
core   0: 3 0x000000008000ff02 (0xfe043703) x14 0x0000000080012086 mem 0x0000000080031f50
core   0: 0x000000008000ff06 (0xfcf76de3) bltu    a4, a5, pc - 38
core   0: 3 0x000000008000ff06 (0xfcf76de3)
core   0: 0x000000008000fee0 (0xfe043783) ld      a5, -32(s0)
core   0: 3 0x000000008000fee0 (0xfe043783) x15 0x0000000080012086 mem 0x0000000080031f50
core   0: 0x000000008000fee4 (0x00178713) addi    a4, a5, 1
core   0: 3 0x000000008000fee4 (0x00178713) x14 0x0000000080012087
core   0: 0x000000008000fee8 (0xfee43023) sd      a4, -32(s0)
core   0: 3 0x000000008000fee8 (0xfee43023) mem 0x0000000080031f50 0x0000000080012087
core   0: 0x000000008000feec (0xfc442703) lw      a4, -60(s0)
core   0: 3 0x000000008000feec (0xfc442703) x14 0x0000000000000000 mem 0x0000000080031f34
core   0: 0x000000008000fef0 (0x0ff77713) andi    a4, a4, 255
core   0: 3 0x000000008000fef0 (0x0ff77713) x14 0x0000000000000000
core   0: 0x000000008000fef4 (0x00e78023) sb      a4, 0(a5)
core   0: 3 0x000000008000fef4 (0x00e78023) mem 0x0000000080012086 0x00
core   0: 0x000000008000fef8 (0xfc843703) ld      a4, -56(s0)
core   0: 3 0x000000008000fef8 (0xfc843703) x14 0x0000000080012040 mem 0x0000000080031f38
core   0: 0x000000008000fefc (0xfb843783) ld      a5, -72(s0)
core   0: 3 0x000000008000fefc (0xfb843783) x15 0x000000000000009c mem 0x0000000080031f28
core   0: 0x000000008000ff00 (0x000097ba) c.add   a5, a4
core   0: 3 0x000000008000ff00 (0x97ba) x15 0x00000000800120dc
core   0: 0x000000008000ff02 (0xfe043703) ld      a4, -32(s0)
core   0: 3 0x000000008000ff02 (0xfe043703) x14 0x0000000080012087 mem 0x0000000080031f50
core   0: 0x000000008000ff06 (0xfcf76de3) bltu    a4, a5, pc - 38
core   0: 3 0x000000008000ff06 (0xfcf76de3)
core   0: 0x000000008000fee0 (0xfe043783) ld      a5, -32(s0)
core   0: 3 0x000000008000fee0 (0xfe043783) x15 0x0000000080012087 mem 0x0000000080031f50
core   0: 0x000000008000fee4 (0x00178713) addi    a4, a5, 1
core   0: 3 0x000000008000fee4 (0x00178713) x14 0x0000000080012088
core   0: 0x000000008000fee8 (0xfee43023) sd      a4, -32(s0)
core   0: 3 0x000000008000fee8 (0xfee43023) mem 0x0000000080031f50 0x0000000080012088
core   0: 0x000000008000feec (0xfc442703) lw      a4, -60(s0)
core   0: 3 0x000000008000feec (0xfc442703) x14 0x0000000000000000 mem 0x0000000080031f34
core   0: 0x000000008000fef0 (0x0ff77713) andi    a4, a4, 255
core   0: 3 0x000000008000fef0 (0x0ff77713) x14 0x0000000000000000
core   0: 0x000000008000fef4 (0x00e78023) sb      a4, 0(a5)
core   0: 3 0x000000008000fef4 (0x00e78023) mem 0x0000000080012087 0x00
core   0: 0x000000008000fef8 (0xfc843703) ld      a4, -56(s0)
core   0: 3 0x000000008000fef8 (0xfc843703) x14 0x0000000080012040 mem 0x0000000080031f38
core   0: 0x000000008000fefc (0xfb843783) ld      a5, -72(s0)
core   0: 3 0x000000008000fefc (0xfb843783) x15 0x000000000000009c mem 0x0000000080031f28
core   0: 0x000000008000ff00 (0x000097ba) c.add   a5, a4
core   0: 3 0x000000008000ff00 (0x97ba) x15 0x00000000800120dc
core   0: 0x000000008000ff02 (0xfe043703) ld      a4, -32(s0)
core   0: 3 0x000000008000ff02 (0xfe043703) x14 0x0000000080012088 mem 0x0000000080031f50
core   0: 0x000000008000ff06 (0xfcf76de3) bltu    a4, a5, pc - 38
core   0: 3 0x000000008000ff06 (0xfcf76de3)
core   0: 0x000000008000fee0 (0xfe043783) ld      a5, -32(s0)
core   0: 3 0x000000008000fee0 (0xfe043783) x15 0x0000000080012088 mem 0x0000000080031f50
core   0: 0x000000008000fee4 (0x00178713) addi    a4, a5, 1
core   0: 3 0x000000008000fee4 (0x00178713) x14 0x0000000080012089
core   0: 0x000000008000fee8 (0xfee43023) sd      a4, -32(s0)
core   0: 3 0x000000008000fee8 (0xfee43023) mem 0x0000000080031f50 0x0000000080012089
core   0: 0x000000008000feec (0xfc442703) lw      a4, -60(s0)
core   0: 3 0x000000008000feec (0xfc442703) x14 0x0000000000000000 mem 0x0000000080031f34
core   0: 0x000000008000fef0 (0x0ff77713) andi    a4, a4, 255
core   0: 3 0x000000008000fef0 (0x0ff77713) x14 0x0000000000000000
core   0: 0x000000008000fef4 (0x00e78023) sb      a4, 0(a5)
core   0: 3 0x000000008000fef4 (0x00e78023) mem 0x0000000080012088 0x00
core   0: 0x000000008000fef8 (0xfc843703) ld      a4, -56(s0)
core   0: 3 0x000000008000fef8 (0xfc843703) x14 0x0000000080012040 mem 0x0000000080031f38
core   0: 0x000000008000fefc (0xfb843783) ld      a5, -72(s0)
core   0: 3 0x000000008000fefc (0xfb843783) x15 0x000000000000009c mem 0x0000000080031f28
core   0: 0x000000008000ff00 (0x000097ba) c.add   a5, a4
core   0: 3 0x000000008000ff00 (0x97ba) x15 0x00000000800120dc
core   0: 0x000000008000ff02 (0xfe043703) ld      a4, -32(s0)
core   0: 3 0x000000008000ff02 (0xfe043703) x14 0x0000000080012089 mem 0x0000000080031f50
core   0: 0x000000008000ff06 (0xfcf76de3) bltu    a4, a5, pc - 38
core   0: 3 0x000000008000ff06 (0xfcf76de3)
core   0: 0x000000008000fee0 (0xfe043783) ld      a5, -32(s0)
core   0: 3 0x000000008000fee0 (0xfe043783) x15 0x0000000080012089 mem 0x0000000080031f50
core   0: 0x000000008000fee4 (0x00178713) addi    a4, a5, 1
core   0: 3 0x000000008000fee4 (0x00178713) x14 0x000000008001208a
core   0: 0x000000008000fee8 (0xfee43023) sd      a4, -32(s0)
core   0: 3 0x000000008000fee8 (0xfee43023) mem 0x0000000080031f50 0x000000008001208a
core   0: 0x000000008000feec (0xfc442703) lw      a4, -60(s0)
core   0: 3 0x000000008000feec (0xfc442703) x14 0x0000000000000000 mem 0x0000000080031f34
core   0: 0x000000008000fef0 (0x0ff77713) andi    a4, a4, 255
core   0: 3 0x000000008000fef0 (0x0ff77713) x14 0x0000000000000000
core   0: 0x000000008000fef4 (0x00e78023) sb      a4, 0(a5)
core   0: 3 0x000000008000fef4 (0x00e78023) mem 0x0000000080012089 0x00
core   0: 0x000000008000fef8 (0xfc843703) ld      a4, -56(s0)
core   0: 3 0x000000008000fef8 (0xfc843703) x14 0x0000000080012040 mem 0x0000000080031f38
core   0: 0x000000008000fefc (0xfb843783) ld      a5, -72(s0)
core   0: 3 0x000000008000fefc (0xfb843783) x15 0x000000000000009c mem 0x0000000080031f28
core   0: 0x000000008000ff00 (0x000097ba) c.add   a5, a4
core   0: 3 0x000000008000ff00 (0x97ba) x15 0x00000000800120dc
core   0: 0x000000008000ff02 (0xfe043703) ld      a4, -32(s0)
core   0: 3 0x000000008000ff02 (0xfe043703) x14 0x000000008001208a mem 0x0000000080031f50
core   0: 0x000000008000ff06 (0xfcf76de3) bltu    a4, a5, pc - 38
core   0: 3 0x000000008000ff06 (0xfcf76de3)
core   0: 0x000000008000fee0 (0xfe043783) ld      a5, -32(s0)
core   0: 3 0x000000008000fee0 (0xfe043783) x15 0x000000008001208a mem 0x0000000080031f50
core   0: 0x000000008000fee4 (0x00178713) addi    a4, a5, 1
core   0: 3 0x000000008000fee4 (0x00178713) x14 0x000000008001208b
core   0: 0x000000008000fee8 (0xfee43023) sd      a4, -32(s0)
core   0: 3 0x000000008000fee8 (0xfee43023) mem 0x0000000080031f50 0x000000008001208b
core   0: 0x000000008000feec (0xfc442703) lw      a4, -60(s0)
core   0: 3 0x000000008000feec (0xfc442703) x14 0x0000000000000000 mem 0x0000000080031f34
core   0: 0x000000008000fef0 (0x0ff77713) andi    a4, a4, 255
core   0: 3 0x000000008000fef0 (0x0ff77713) x14 0x0000000000000000
core   0: 0x000000008000fef4 (0x00e78023) sb      a4, 0(a5)
core   0: 3 0x000000008000fef4 (0x00e78023) mem 0x000000008001208a 0x00
core   0: 0x000000008000fef8 (0xfc843703) ld      a4, -56(s0)
core   0: 3 0x000000008000fef8 (0xfc843703) x14 0x0000000080012040 mem 0x0000000080031f38
core   0: 0x000000008000fefc (0xfb843783) ld      a5, -72(s0)
core   0: 3 0x000000008000fefc (0xfb843783) x15 0x000000000000009c mem 0x0000000080031f28
core   0: 0x000000008000ff00 (0x000097ba) c.add   a5, a4
core   0: 3 0x000000008000ff00 (0x97ba) x15 0x00000000800120dc
core   0: 0x000000008000ff02 (0xfe043703) ld      a4, -32(s0)
core   0: 3 0x000000008000ff02 (0xfe043703) x14 0x000000008001208b mem 0x0000000080031f50
core   0: 0x000000008000ff06 (0xfcf76de3) bltu    a4, a5, pc - 38
core   0: 3 0x000000008000ff06 (0xfcf76de3)
core   0: 0x000000008000fee0 (0xfe043783) ld      a5, -32(s0)
core   0: 3 0x000000008000fee0 (0xfe043783) x15 0x000000008001208b mem 0x0000000080031f50
core   0: 0x000000008000fee4 (0x00178713) addi    a4, a5, 1
core   0: 3 0x000000008000fee4 (0x00178713) x14 0x000000008001208c
core   0: 0x000000008000fee8 (0xfee43023) sd      a4, -32(s0)
core   0: 3 0x000000008000fee8 (0xfee43023) mem 0x0000000080031f50 0x000000008001208c
core   0: 0x000000008000feec (0xfc442703) lw      a4, -60(s0)
core   0: 3 0x000000008000feec (0xfc442703) x14 0x0000000000000000 mem 0x0000000080031f34
core   0: 0x000000008000fef0 (0x0ff77713) andi    a4, a4, 255
core   0: 3 0x000000008000fef0 (0x0ff77713) x14 0x0000000000000000
core   0: 0x000000008000fef4 (0x00e78023) sb      a4, 0(a5)
core   0: 3 0x000000008000fef4 (0x00e78023) mem 0x000000008001208b 0x00
core   0: 0x000000008000fef8 (0xfc843703) ld      a4, -56(s0)
core   0: 3 0x000000008000fef8 (0xfc843703) x14 0x0000000080012040 mem 0x0000000080031f38
core   0: 0x000000008000fefc (0xfb843783) ld      a5, -72(s0)
core   0: 3 0x000000008000fefc (0xfb843783) x15 0x000000000000009c mem 0x0000000080031f28
core   0: 0x000000008000ff00 (0x000097ba) c.add   a5, a4
core   0: 3 0x000000008000ff00 (0x97ba) x15 0x00000000800120dc
core   0: 0x000000008000ff02 (0xfe043703) ld      a4, -32(s0)
core   0: 3 0x000000008000ff02 (0xfe043703) x14 0x000000008001208c mem 0x0000000080031f50
core   0: 0x000000008000ff06 (0xfcf76de3) bltu    a4, a5, pc - 38
core   0: 3 0x000000008000ff06 (0xfcf76de3)
core   0: 0x000000008000fee0 (0xfe043783) ld      a5, -32(s0)
core   0: 3 0x000000008000fee0 (0xfe043783) x15 0x000000008001208c mem 0x0000000080031f50
core   0: 0x000000008000fee4 (0x00178713) addi    a4, a5, 1
core   0: 3 0x000000008000fee4 (0x00178713) x14 0x000000008001208d
core   0: 0x000000008000fee8 (0xfee43023) sd      a4, -32(s0)
core   0: 3 0x000000008000fee8 (0xfee43023) mem 0x0000000080031f50 0x000000008001208d
core   0: 0x000000008000feec (0xfc442703) lw      a4, -60(s0)
core   0: 3 0x000000008000feec (0xfc442703) x14 0x0000000000000000 mem 0x0000000080031f34
core   0: 0x000000008000fef0 (0x0ff77713) andi    a4, a4, 255
core   0: 3 0x000000008000fef0 (0x0ff77713) x14 0x0000000000000000
core   0: 0x000000008000fef4 (0x00e78023) sb      a4, 0(a5)
core   0: 3 0x000000008000fef4 (0x00e78023) mem 0x000000008001208c 0x00
core   0: 0x000000008000fef8 (0xfc843703) ld      a4, -56(s0)
core   0: 3 0x000000008000fef8 (0xfc843703) x14 0x0000000080012040 mem 0x0000000080031f38
core   0: 0x000000008000fefc (0xfb843783) ld      a5, -72(s0)
core   0: 3 0x000000008000fefc (0xfb843783) x15 0x000000000000009c mem 0x0000000080031f28
core   0: 0x000000008000ff00 (0x000097ba) c.add   a5, a4
core   0: 3 0x000000008000ff00 (0x97ba) x15 0x00000000800120dc
core   0: 0x000000008000ff02 (0xfe043703) ld      a4, -32(s0)
core   0: 3 0x000000008000ff02 (0xfe043703) x14 0x000000008001208d mem 0x0000000080031f50
core   0: 0x000000008000ff06 (0xfcf76de3) bltu    a4, a5, pc - 38
core   0: 3 0x000000008000ff06 (0xfcf76de3)
core   0: 0x000000008000fee0 (0xfe043783) ld      a5, -32(s0)
core   0: 3 0x000000008000fee0 (0xfe043783) x15 0x000000008001208d mem 0x0000000080031f50
core   0: 0x000000008000fee4 (0x00178713) addi    a4, a5, 1
core   0: 3 0x000000008000fee4 (0x00178713) x14 0x000000008001208e
core   0: 0x000000008000fee8 (0xfee43023) sd      a4, -32(s0)
core   0: 3 0x000000008000fee8 (0xfee43023) mem 0x0000000080031f50 0x000000008001208e
core   0: 0x000000008000feec (0xfc442703) lw      a4, -60(s0)
core   0: 3 0x000000008000feec (0xfc442703) x14 0x0000000000000000 mem 0x0000000080031f34
core   0: 0x000000008000fef0 (0x0ff77713) andi    a4, a4, 255
core   0: 3 0x000000008000fef0 (0x0ff77713) x14 0x0000000000000000
core   0: 0x000000008000fef4 (0x00e78023) sb      a4, 0(a5)
core   0: 3 0x000000008000fef4 (0x00e78023) mem 0x000000008001208d 0x00
core   0: 0x000000008000fef8 (0xfc843703) ld      a4, -56(s0)
core   0: 3 0x000000008000fef8 (0xfc843703) x14 0x0000000080012040 mem 0x0000000080031f38
core   0: 0x000000008000fefc (0xfb843783) ld      a5, -72(s0)
core   0: 3 0x000000008000fefc (0xfb843783) x15 0x000000000000009c mem 0x0000000080031f28
core   0: 0x000000008000ff00 (0x000097ba) c.add   a5, a4
core   0: 3 0x000000008000ff00 (0x97ba) x15 0x00000000800120dc
core   0: 0x000000008000ff02 (0xfe043703) ld      a4, -32(s0)
core   0: 3 0x000000008000ff02 (0xfe043703) x14 0x000000008001208e mem 0x0000000080031f50
core   0: 0x000000008000ff06 (0xfcf76de3) bltu    a4, a5, pc - 38
core   0: 3 0x000000008000ff06 (0xfcf76de3)
core   0: 0x000000008000fee0 (0xfe043783) ld      a5, -32(s0)
core   0: 3 0x000000008000fee0 (0xfe043783) x15 0x000000008001208e mem 0x0000000080031f50
core   0: 0x000000008000fee4 (0x00178713) addi    a4, a5, 1
core   0: 3 0x000000008000fee4 (0x00178713) x14 0x000000008001208f
core   0: 0x000000008000fee8 (0xfee43023) sd      a4, -32(s0)
core   0: 3 0x000000008000fee8 (0xfee43023) mem 0x0000000080031f50 0x000000008001208f
core   0: 0x000000008000feec (0xfc442703) lw      a4, -60(s0)
core   0: 3 0x000000008000feec (0xfc442703) x14 0x0000000000000000 mem 0x0000000080031f34
core   0: 0x000000008000fef0 (0x0ff77713) andi    a4, a4, 255
core   0: 3 0x000000008000fef0 (0x0ff77713) x14 0x0000000000000000
core   0: 0x000000008000fef4 (0x00e78023) sb      a4, 0(a5)
core   0: 3 0x000000008000fef4 (0x00e78023) mem 0x000000008001208e 0x00
core   0: 0x000000008000fef8 (0xfc843703) ld      a4, -56(s0)
core   0: 3 0x000000008000fef8 (0xfc843703) x14 0x0000000080012040 mem 0x0000000080031f38
core   0: 0x000000008000fefc (0xfb843783) ld      a5, -72(s0)
core   0: 3 0x000000008000fefc (0xfb843783) x15 0x000000000000009c mem 0x0000000080031f28
core   0: 0x000000008000ff00 (0x000097ba) c.add   a5, a4
core   0: 3 0x000000008000ff00 (0x97ba) x15 0x00000000800120dc
core   0: 0x000000008000ff02 (0xfe043703) ld      a4, -32(s0)
core   0: 3 0x000000008000ff02 (0xfe043703) x14 0x000000008001208f mem 0x0000000080031f50
core   0: 0x000000008000ff06 (0xfcf76de3) bltu    a4, a5, pc - 38
core   0: 3 0x000000008000ff06 (0xfcf76de3)
core   0: 0x000000008000fee0 (0xfe043783) ld      a5, -32(s0)
core   0: 3 0x000000008000fee0 (0xfe043783) x15 0x000000008001208f mem 0x0000000080031f50
core   0: 0x000000008000fee4 (0x00178713) addi    a4, a5, 1
core   0: 3 0x000000008000fee4 (0x00178713) x14 0x0000000080012090
core   0: 0x000000008000fee8 (0xfee43023) sd      a4, -32(s0)
core   0: 3 0x000000008000fee8 (0xfee43023) mem 0x0000000080031f50 0x0000000080012090
core   0: 0x000000008000feec (0xfc442703) lw      a4, -60(s0)
core   0: 3 0x000000008000feec (0xfc442703) x14 0x0000000000000000 mem 0x0000000080031f34
core   0: 0x000000008000fef0 (0x0ff77713) andi    a4, a4, 255
core   0: 3 0x000000008000fef0 (0x0ff77713) x14 0x0000000000000000
core   0: 0x000000008000fef4 (0x00e78023) sb      a4, 0(a5)
core   0: 3 0x000000008000fef4 (0x00e78023) mem 0x000000008001208f 0x00
core   0: 0x000000008000fef8 (0xfc843703) ld      a4, -56(s0)
core   0: 3 0x000000008000fef8 (0xfc843703) x14 0x0000000080012040 mem 0x0000000080031f38
core   0: 0x000000008000fefc (0xfb843783) ld      a5, -72(s0)
core   0: 3 0x000000008000fefc (0xfb843783) x15 0x000000000000009c mem 0x0000000080031f28
core   0: 0x000000008000ff00 (0x000097ba) c.add   a5, a4
core   0: 3 0x000000008000ff00 (0x97ba) x15 0x00000000800120dc
core   0: 0x000000008000ff02 (0xfe043703) ld      a4, -32(s0)
core   0: 3 0x000000008000ff02 (0xfe043703) x14 0x0000000080012090 mem 0x0000000080031f50
core   0: 0x000000008000ff06 (0xfcf76de3) bltu    a4, a5, pc - 38
core   0: 3 0x000000008000ff06 (0xfcf76de3)
core   0: 0x000000008000fee0 (0xfe043783) ld      a5, -32(s0)
core   0: 3 0x000000008000fee0 (0xfe043783) x15 0x0000000080012090 mem 0x0000000080031f50
core   0: 0x000000008000fee4 (0x00178713) addi    a4, a5, 1
core   0: 3 0x000000008000fee4 (0x00178713) x14 0x0000000080012091
core   0: 0x000000008000fee8 (0xfee43023) sd      a4, -32(s0)
core   0: 3 0x000000008000fee8 (0xfee43023) mem 0x0000000080031f50 0x0000000080012091
core   0: 0x000000008000feec (0xfc442703) lw      a4, -60(s0)
core   0: 3 0x000000008000feec (0xfc442703) x14 0x0000000000000000 mem 0x0000000080031f34
core   0: 0x000000008000fef0 (0x0ff77713) andi    a4, a4, 255
core   0: 3 0x000000008000fef0 (0x0ff77713) x14 0x0000000000000000
core   0: 0x000000008000fef4 (0x00e78023) sb      a4, 0(a5)
core   0: 3 0x000000008000fef4 (0x00e78023) mem 0x0000000080012090 0x00
core   0: 0x000000008000fef8 (0xfc843703) ld      a4, -56(s0)
core   0: 3 0x000000008000fef8 (0xfc843703) x14 0x0000000080012040 mem 0x0000000080031f38
core   0: 0x000000008000fefc (0xfb843783) ld      a5, -72(s0)
core   0: 3 0x000000008000fefc (0xfb843783) x15 0x000000000000009c mem 0x0000000080031f28
core   0: 0x000000008000ff00 (0x000097ba) c.add   a5, a4
core   0: 3 0x000000008000ff00 (0x97ba) x15 0x00000000800120dc
core   0: 0x000000008000ff02 (0xfe043703) ld      a4, -32(s0)
core   0: 3 0x000000008000ff02 (0xfe043703) x14 0x0000000080012091 mem 0x0000000080031f50
core   0: 0x000000008000ff06 (0xfcf76de3) bltu    a4, a5, pc - 38
core   0: 3 0x000000008000ff06 (0xfcf76de3)
core   0: 0x000000008000fee0 (0xfe043783) ld      a5, -32(s0)
core   0: 3 0x000000008000fee0 (0xfe043783) x15 0x0000000080012091 mem 0x0000000080031f50
core   0: 0x000000008000fee4 (0x00178713) addi    a4, a5, 1
core   0: 3 0x000000008000fee4 (0x00178713) x14 0x0000000080012092
core   0: 0x000000008000fee8 (0xfee43023) sd      a4, -32(s0)
core   0: 3 0x000000008000fee8 (0xfee43023) mem 0x0000000080031f50 0x0000000080012092
core   0: 0x000000008000feec (0xfc442703) lw      a4, -60(s0)
core   0: 3 0x000000008000feec (0xfc442703) x14 0x0000000000000000 mem 0x0000000080031f34
core   0: 0x000000008000fef0 (0x0ff77713) andi    a4, a4, 255
core   0: 3 0x000000008000fef0 (0x0ff77713) x14 0x0000000000000000
core   0: 0x000000008000fef4 (0x00e78023) sb      a4, 0(a5)
core   0: 3 0x000000008000fef4 (0x00e78023) mem 0x0000000080012091 0x00
core   0: 0x000000008000fef8 (0xfc843703) ld      a4, -56(s0)
core   0: 3 0x000000008000fef8 (0xfc843703) x14 0x0000000080012040 mem 0x0000000080031f38
core   0: 0x000000008000fefc (0xfb843783) ld      a5, -72(s0)
core   0: 3 0x000000008000fefc (0xfb843783) x15 0x000000000000009c mem 0x0000000080031f28
core   0: 0x000000008000ff00 (0x000097ba) c.add   a5, a4
core   0: 3 0x000000008000ff00 (0x97ba) x15 0x00000000800120dc
core   0: 0x000000008000ff02 (0xfe043703) ld      a4, -32(s0)
core   0: 3 0x000000008000ff02 (0xfe043703) x14 0x0000000080012092 mem 0x0000000080031f50
core   0: 0x000000008000ff06 (0xfcf76de3) bltu    a4, a5, pc - 38
core   0: 3 0x000000008000ff06 (0xfcf76de3)
core   0: 0x000000008000fee0 (0xfe043783) ld      a5, -32(s0)
core   0: 3 0x000000008000fee0 (0xfe043783) x15 0x0000000080012092 mem 0x0000000080031f50
core   0: 0x000000008000fee4 (0x00178713) addi    a4, a5, 1
core   0: 3 0x000000008000fee4 (0x00178713) x14 0x0000000080012093
core   0: 0x000000008000fee8 (0xfee43023) sd      a4, -32(s0)
core   0: 3 0x000000008000fee8 (0xfee43023) mem 0x0000000080031f50 0x0000000080012093
core   0: 0x000000008000feec (0xfc442703) lw      a4, -60(s0)
core   0: 3 0x000000008000feec (0xfc442703) x14 0x0000000000000000 mem 0x0000000080031f34
core   0: 0x000000008000fef0 (0x0ff77713) andi    a4, a4, 255
core   0: 3 0x000000008000fef0 (0x0ff77713) x14 0x0000000000000000
core   0: 0x000000008000fef4 (0x00e78023) sb      a4, 0(a5)
core   0: 3 0x000000008000fef4 (0x00e78023) mem 0x0000000080012092 0x00
core   0: 0x000000008000fef8 (0xfc843703) ld      a4, -56(s0)
core   0: 3 0x000000008000fef8 (0xfc843703) x14 0x0000000080012040 mem 0x0000000080031f38
core   0: 0x000000008000fefc (0xfb843783) ld      a5, -72(s0)
core   0: 3 0x000000008000fefc (0xfb843783) x15 0x000000000000009c mem 0x0000000080031f28
core   0: 0x000000008000ff00 (0x000097ba) c.add   a5, a4
core   0: 3 0x000000008000ff00 (0x97ba) x15 0x00000000800120dc
core   0: 0x000000008000ff02 (0xfe043703) ld      a4, -32(s0)
core   0: 3 0x000000008000ff02 (0xfe043703) x14 0x0000000080012093 mem 0x0000000080031f50
core   0: 0x000000008000ff06 (0xfcf76de3) bltu    a4, a5, pc - 38
core   0: 3 0x000000008000ff06 (0xfcf76de3)
core   0: 0x000000008000fee0 (0xfe043783) ld      a5, -32(s0)
core   0: 3 0x000000008000fee0 (0xfe043783) x15 0x0000000080012093 mem 0x0000000080031f50
core   0: 0x000000008000fee4 (0x00178713) addi    a4, a5, 1
core   0: 3 0x000000008000fee4 (0x00178713) x14 0x0000000080012094
core   0: 0x000000008000fee8 (0xfee43023) sd      a4, -32(s0)
core   0: 3 0x000000008000fee8 (0xfee43023) mem 0x0000000080031f50 0x0000000080012094
core   0: 0x000000008000feec (0xfc442703) lw      a4, -60(s0)
core   0: 3 0x000000008000feec (0xfc442703) x14 0x0000000000000000 mem 0x0000000080031f34
core   0: 0x000000008000fef0 (0x0ff77713) andi    a4, a4, 255
core   0: 3 0x000000008000fef0 (0x0ff77713) x14 0x0000000000000000
core   0: 0x000000008000fef4 (0x00e78023) sb      a4, 0(a5)
core   0: 3 0x000000008000fef4 (0x00e78023) mem 0x0000000080012093 0x00
core   0: 0x000000008000fef8 (0xfc843703) ld      a4, -56(s0)
core   0: 3 0x000000008000fef8 (0xfc843703) x14 0x0000000080012040 mem 0x0000000080031f38
core   0: 0x000000008000fefc (0xfb843783) ld      a5, -72(s0)
core   0: 3 0x000000008000fefc (0xfb843783) x15 0x000000000000009c mem 0x0000000080031f28
core   0: 0x000000008000ff00 (0x000097ba) c.add   a5, a4
core   0: 3 0x000000008000ff00 (0x97ba) x15 0x00000000800120dc
core   0: 0x000000008000ff02 (0xfe043703) ld      a4, -32(s0)
core   0: 3 0x000000008000ff02 (0xfe043703) x14 0x0000000080012094 mem 0x0000000080031f50
core   0: 0x000000008000ff06 (0xfcf76de3) bltu    a4, a5, pc - 38
core   0: 3 0x000000008000ff06 (0xfcf76de3)
core   0: 0x000000008000fee0 (0xfe043783) ld      a5, -32(s0)
core   0: 3 0x000000008000fee0 (0xfe043783) x15 0x0000000080012094 mem 0x0000000080031f50
core   0: 0x000000008000fee4 (0x00178713) addi    a4, a5, 1
core   0: 3 0x000000008000fee4 (0x00178713) x14 0x0000000080012095
core   0: 0x000000008000fee8 (0xfee43023) sd      a4, -32(s0)
core   0: 3 0x000000008000fee8 (0xfee43023) mem 0x0000000080031f50 0x0000000080012095
core   0: 0x000000008000feec (0xfc442703) lw      a4, -60(s0)
core   0: 3 0x000000008000feec (0xfc442703) x14 0x0000000000000000 mem 0x0000000080031f34
core   0: 0x000000008000fef0 (0x0ff77713) andi    a4, a4, 255
core   0: 3 0x000000008000fef0 (0x0ff77713) x14 0x0000000000000000
core   0: 0x000000008000fef4 (0x00e78023) sb      a4, 0(a5)
core   0: 3 0x000000008000fef4 (0x00e78023) mem 0x0000000080012094 0x00
core   0: 0x000000008000fef8 (0xfc843703) ld      a4, -56(s0)
core   0: 3 0x000000008000fef8 (0xfc843703) x14 0x0000000080012040 mem 0x0000000080031f38
core   0: 0x000000008000fefc (0xfb843783) ld      a5, -72(s0)
core   0: 3 0x000000008000fefc (0xfb843783) x15 0x000000000000009c mem 0x0000000080031f28
core   0: 0x000000008000ff00 (0x000097ba) c.add   a5, a4
core   0: 3 0x000000008000ff00 (0x97ba) x15 0x00000000800120dc
core   0: 0x000000008000ff02 (0xfe043703) ld      a4, -32(s0)
core   0: 3 0x000000008000ff02 (0xfe043703) x14 0x0000000080012095 mem 0x0000000080031f50
core   0: 0x000000008000ff06 (0xfcf76de3) bltu    a4, a5, pc - 38
core   0: 3 0x000000008000ff06 (0xfcf76de3)
core   0: 0x000000008000fee0 (0xfe043783) ld      a5, -32(s0)
core   0: 3 0x000000008000fee0 (0xfe043783) x15 0x0000000080012095 mem 0x0000000080031f50
core   0: 0x000000008000fee4 (0x00178713) addi    a4, a5, 1
core   0: 3 0x000000008000fee4 (0x00178713) x14 0x0000000080012096
core   0: 0x000000008000fee8 (0xfee43023) sd      a4, -32(s0)
core   0: 3 0x000000008000fee8 (0xfee43023) mem 0x0000000080031f50 0x0000000080012096
core   0: 0x000000008000feec (0xfc442703) lw      a4, -60(s0)
core   0: 3 0x000000008000feec (0xfc442703) x14 0x0000000000000000 mem 0x0000000080031f34
core   0: 0x000000008000fef0 (0x0ff77713) andi    a4, a4, 255
core   0: 3 0x000000008000fef0 (0x0ff77713) x14 0x0000000000000000
core   0: 0x000000008000fef4 (0x00e78023) sb      a4, 0(a5)
core   0: 3 0x000000008000fef4 (0x00e78023) mem 0x0000000080012095 0x00
core   0: 0x000000008000fef8 (0xfc843703) ld      a4, -56(s0)
core   0: 3 0x000000008000fef8 (0xfc843703) x14 0x0000000080012040 mem 0x0000000080031f38
core   0: 0x000000008000fefc (0xfb843783) ld      a5, -72(s0)
core   0: 3 0x000000008000fefc (0xfb843783) x15 0x000000000000009c mem 0x0000000080031f28
core   0: 0x000000008000ff00 (0x000097ba) c.add   a5, a4
core   0: 3 0x000000008000ff00 (0x97ba) x15 0x00000000800120dc
core   0: 0x000000008000ff02 (0xfe043703) ld      a4, -32(s0)
core   0: 3 0x000000008000ff02 (0xfe043703) x14 0x0000000080012096 mem 0x0000000080031f50
core   0: 0x000000008000ff06 (0xfcf76de3) bltu    a4, a5, pc - 38
core   0: 3 0x000000008000ff06 (0xfcf76de3)
core   0: 0x000000008000fee0 (0xfe043783) ld      a5, -32(s0)
core   0: 3 0x000000008000fee0 (0xfe043783) x15 0x0000000080012096 mem 0x0000000080031f50
core   0: 0x000000008000fee4 (0x00178713) addi    a4, a5, 1
core   0: 3 0x000000008000fee4 (0x00178713) x14 0x0000000080012097
core   0: 0x000000008000fee8 (0xfee43023) sd      a4, -32(s0)
core   0: 3 0x000000008000fee8 (0xfee43023) mem 0x0000000080031f50 0x0000000080012097
core   0: 0x000000008000feec (0xfc442703) lw      a4, -60(s0)
core   0: 3 0x000000008000feec (0xfc442703) x14 0x0000000000000000 mem 0x0000000080031f34
core   0: 0x000000008000fef0 (0x0ff77713) andi    a4, a4, 255
core   0: 3 0x000000008000fef0 (0x0ff77713) x14 0x0000000000000000
core   0: 0x000000008000fef4 (0x00e78023) sb      a4, 0(a5)
core   0: 3 0x000000008000fef4 (0x00e78023) mem 0x0000000080012096 0x00
core   0: 0x000000008000fef8 (0xfc843703) ld      a4, -56(s0)
core   0: 3 0x000000008000fef8 (0xfc843703) x14 0x0000000080012040 mem 0x0000000080031f38
core   0: 0x000000008000fefc (0xfb843783) ld      a5, -72(s0)
core   0: 3 0x000000008000fefc (0xfb843783) x15 0x000000000000009c mem 0x0000000080031f28
core   0: 0x000000008000ff00 (0x000097ba) c.add   a5, a4
core   0: 3 0x000000008000ff00 (0x97ba) x15 0x00000000800120dc
core   0: 0x000000008000ff02 (0xfe043703) ld      a4, -32(s0)
core   0: 3 0x000000008000ff02 (0xfe043703) x14 0x0000000080012097 mem 0x0000000080031f50
core   0: 0x000000008000ff06 (0xfcf76de3) bltu    a4, a5, pc - 38
core   0: 3 0x000000008000ff06 (0xfcf76de3)
core   0: 0x000000008000fee0 (0xfe043783) ld      a5, -32(s0)
core   0: 3 0x000000008000fee0 (0xfe043783) x15 0x0000000080012097 mem 0x0000000080031f50
core   0: 0x000000008000fee4 (0x00178713) addi    a4, a5, 1
core   0: 3 0x000000008000fee4 (0x00178713) x14 0x0000000080012098
core   0: 0x000000008000fee8 (0xfee43023) sd      a4, -32(s0)
core   0: 3 0x000000008000fee8 (0xfee43023) mem 0x0000000080031f50 0x0000000080012098
core   0: 0x000000008000feec (0xfc442703) lw      a4, -60(s0)
core   0: 3 0x000000008000feec (0xfc442703) x14 0x0000000000000000 mem 0x0000000080031f34
core   0: 0x000000008000fef0 (0x0ff77713) andi    a4, a4, 255
core   0: 3 0x000000008000fef0 (0x0ff77713) x14 0x0000000000000000
core   0: 0x000000008000fef4 (0x00e78023) sb      a4, 0(a5)
core   0: 3 0x000000008000fef4 (0x00e78023) mem 0x0000000080012097 0x00
core   0: 0x000000008000fef8 (0xfc843703) ld      a4, -56(s0)
core   0: 3 0x000000008000fef8 (0xfc843703) x14 0x0000000080012040 mem 0x0000000080031f38
core   0: 0x000000008000fefc (0xfb843783) ld      a5, -72(s0)
core   0: 3 0x000000008000fefc (0xfb843783) x15 0x000000000000009c mem 0x0000000080031f28
core   0: 0x000000008000ff00 (0x000097ba) c.add   a5, a4
core   0: 3 0x000000008000ff00 (0x97ba) x15 0x00000000800120dc
core   0: 0x000000008000ff02 (0xfe043703) ld      a4, -32(s0)
core   0: 3 0x000000008000ff02 (0xfe043703) x14 0x0000000080012098 mem 0x0000000080031f50
core   0: 0x000000008000ff06 (0xfcf76de3) bltu    a4, a5, pc - 38
core   0: 3 0x000000008000ff06 (0xfcf76de3)
core   0: 0x000000008000fee0 (0xfe043783) ld      a5, -32(s0)
core   0: 3 0x000000008000fee0 (0xfe043783) x15 0x0000000080012098 mem 0x0000000080031f50
core   0: 0x000000008000fee4 (0x00178713) addi    a4, a5, 1
core   0: 3 0x000000008000fee4 (0x00178713) x14 0x0000000080012099
core   0: 0x000000008000fee8 (0xfee43023) sd      a4, -32(s0)
core   0: 3 0x000000008000fee8 (0xfee43023) mem 0x0000000080031f50 0x0000000080012099
core   0: 0x000000008000feec (0xfc442703) lw      a4, -60(s0)
core   0: 3 0x000000008000feec (0xfc442703) x14 0x0000000000000000 mem 0x0000000080031f34
core   0: 0x000000008000fef0 (0x0ff77713) andi    a4, a4, 255
core   0: 3 0x000000008000fef0 (0x0ff77713) x14 0x0000000000000000
core   0: 0x000000008000fef4 (0x00e78023) sb      a4, 0(a5)
core   0: 3 0x000000008000fef4 (0x00e78023) mem 0x0000000080012098 0x00
core   0: 0x000000008000fef8 (0xfc843703) ld      a4, -56(s0)
core   0: 3 0x000000008000fef8 (0xfc843703) x14 0x0000000080012040 mem 0x0000000080031f38
core   0: 0x000000008000fefc (0xfb843783) ld      a5, -72(s0)
core   0: 3 0x000000008000fefc (0xfb843783) x15 0x000000000000009c mem 0x0000000080031f28
core   0: 0x000000008000ff00 (0x000097ba) c.add   a5, a4
core   0: 3 0x000000008000ff00 (0x97ba) x15 0x00000000800120dc
core   0: 0x000000008000ff02 (0xfe043703) ld      a4, -32(s0)
core   0: 3 0x000000008000ff02 (0xfe043703) x14 0x0000000080012099 mem 0x0000000080031f50
core   0: 0x000000008000ff06 (0xfcf76de3) bltu    a4, a5, pc - 38
core   0: 3 0x000000008000ff06 (0xfcf76de3)
core   0: 0x000000008000fee0 (0xfe043783) ld      a5, -32(s0)
core   0: 3 0x000000008000fee0 (0xfe043783) x15 0x0000000080012099 mem 0x0000000080031f50
core   0: 0x000000008000fee4 (0x00178713) addi    a4, a5, 1
core   0: 3 0x000000008000fee4 (0x00178713) x14 0x000000008001209a
core   0: 0x000000008000fee8 (0xfee43023) sd      a4, -32(s0)
core   0: 3 0x000000008000fee8 (0xfee43023) mem 0x0000000080031f50 0x000000008001209a
core   0: 0x000000008000feec (0xfc442703) lw      a4, -60(s0)
core   0: 3 0x000000008000feec (0xfc442703) x14 0x0000000000000000 mem 0x0000000080031f34
core   0: 0x000000008000fef0 (0x0ff77713) andi    a4, a4, 255
core   0: 3 0x000000008000fef0 (0x0ff77713) x14 0x0000000000000000
core   0: 0x000000008000fef4 (0x00e78023) sb      a4, 0(a5)
core   0: 3 0x000000008000fef4 (0x00e78023) mem 0x0000000080012099 0x00
core   0: 0x000000008000fef8 (0xfc843703) ld      a4, -56(s0)
core   0: 3 0x000000008000fef8 (0xfc843703) x14 0x0000000080012040 mem 0x0000000080031f38
core   0: 0x000000008000fefc (0xfb843783) ld      a5, -72(s0)
core   0: 3 0x000000008000fefc (0xfb843783) x15 0x000000000000009c mem 0x0000000080031f28
core   0: 0x000000008000ff00 (0x000097ba) c.add   a5, a4
core   0: 3 0x000000008000ff00 (0x97ba) x15 0x00000000800120dc
core   0: 0x000000008000ff02 (0xfe043703) ld      a4, -32(s0)
core   0: 3 0x000000008000ff02 (0xfe043703) x14 0x000000008001209a mem 0x0000000080031f50
core   0: 0x000000008000ff06 (0xfcf76de3) bltu    a4, a5, pc - 38
core   0: 3 0x000000008000ff06 (0xfcf76de3)
core   0: 0x000000008000fee0 (0xfe043783) ld      a5, -32(s0)
core   0: 3 0x000000008000fee0 (0xfe043783) x15 0x000000008001209a mem 0x0000000080031f50
core   0: 0x000000008000fee4 (0x00178713) addi    a4, a5, 1
core   0: 3 0x000000008000fee4 (0x00178713) x14 0x000000008001209b
core   0: 0x000000008000fee8 (0xfee43023) sd      a4, -32(s0)
core   0: 3 0x000000008000fee8 (0xfee43023) mem 0x0000000080031f50 0x000000008001209b
core   0: 0x000000008000feec (0xfc442703) lw      a4, -60(s0)
core   0: 3 0x000000008000feec (0xfc442703) x14 0x0000000000000000 mem 0x0000000080031f34
core   0: 0x000000008000fef0 (0x0ff77713) andi    a4, a4, 255
core   0: 3 0x000000008000fef0 (0x0ff77713) x14 0x0000000000000000
core   0: 0x000000008000fef4 (0x00e78023) sb      a4, 0(a5)
core   0: 3 0x000000008000fef4 (0x00e78023) mem 0x000000008001209a 0x00
core   0: 0x000000008000fef8 (0xfc843703) ld      a4, -56(s0)
core   0: 3 0x000000008000fef8 (0xfc843703) x14 0x0000000080012040 mem 0x0000000080031f38
core   0: 0x000000008000fefc (0xfb843783) ld      a5, -72(s0)
core   0: 3 0x000000008000fefc (0xfb843783) x15 0x000000000000009c mem 0x0000000080031f28
core   0: 0x000000008000ff00 (0x000097ba) c.add   a5, a4
core   0: 3 0x000000008000ff00 (0x97ba) x15 0x00000000800120dc
core   0: 0x000000008000ff02 (0xfe043703) ld      a4, -32(s0)
core   0: 3 0x000000008000ff02 (0xfe043703) x14 0x000000008001209b mem 0x0000000080031f50
core   0: 0x000000008000ff06 (0xfcf76de3) bltu    a4, a5, pc - 38
core   0: 3 0x000000008000ff06 (0xfcf76de3)
core   0: 0x000000008000fee0 (0xfe043783) ld      a5, -32(s0)
core   0: 3 0x000000008000fee0 (0xfe043783) x15 0x000000008001209b mem 0x0000000080031f50
core   0: 0x000000008000fee4 (0x00178713) addi    a4, a5, 1
core   0: 3 0x000000008000fee4 (0x00178713) x14 0x000000008001209c
core   0: 0x000000008000fee8 (0xfee43023) sd      a4, -32(s0)
core   0: 3 0x000000008000fee8 (0xfee43023) mem 0x0000000080031f50 0x000000008001209c
core   0: 0x000000008000feec (0xfc442703) lw      a4, -60(s0)
core   0: 3 0x000000008000feec (0xfc442703) x14 0x0000000000000000 mem 0x0000000080031f34
core   0: 0x000000008000fef0 (0x0ff77713) andi    a4, a4, 255
core   0: 3 0x000000008000fef0 (0x0ff77713) x14 0x0000000000000000
core   0: 0x000000008000fef4 (0x00e78023) sb      a4, 0(a5)
core   0: 3 0x000000008000fef4 (0x00e78023) mem 0x000000008001209b 0x00
core   0: 0x000000008000fef8 (0xfc843703) ld      a4, -56(s0)
core   0: 3 0x000000008000fef8 (0xfc843703) x14 0x0000000080012040 mem 0x0000000080031f38
core   0: 0x000000008000fefc (0xfb843783) ld      a5, -72(s0)
core   0: 3 0x000000008000fefc (0xfb843783) x15 0x000000000000009c mem 0x0000000080031f28
core   0: 0x000000008000ff00 (0x000097ba) c.add   a5, a4
core   0: 3 0x000000008000ff00 (0x97ba) x15 0x00000000800120dc
core   0: 0x000000008000ff02 (0xfe043703) ld      a4, -32(s0)
core   0: 3 0x000000008000ff02 (0xfe043703) x14 0x000000008001209c mem 0x0000000080031f50
core   0: 0x000000008000ff06 (0xfcf76de3) bltu    a4, a5, pc - 38
core   0: 3 0x000000008000ff06 (0xfcf76de3)
core   0: 0x000000008000fee0 (0xfe043783) ld      a5, -32(s0)
core   0: 3 0x000000008000fee0 (0xfe043783) x15 0x000000008001209c mem 0x0000000080031f50
core   0: 0x000000008000fee4 (0x00178713) addi    a4, a5, 1
core   0: 3 0x000000008000fee4 (0x00178713) x14 0x000000008001209d
core   0: 0x000000008000fee8 (0xfee43023) sd      a4, -32(s0)
core   0: 3 0x000000008000fee8 (0xfee43023) mem 0x0000000080031f50 0x000000008001209d
core   0: 0x000000008000feec (0xfc442703) lw      a4, -60(s0)
core   0: 3 0x000000008000feec (0xfc442703) x14 0x0000000000000000 mem 0x0000000080031f34
core   0: 0x000000008000fef0 (0x0ff77713) andi    a4, a4, 255
core   0: 3 0x000000008000fef0 (0x0ff77713) x14 0x0000000000000000
core   0: 0x000000008000fef4 (0x00e78023) sb      a4, 0(a5)
core   0: 3 0x000000008000fef4 (0x00e78023) mem 0x000000008001209c 0x00
core   0: 0x000000008000fef8 (0xfc843703) ld      a4, -56(s0)
core   0: 3 0x000000008000fef8 (0xfc843703) x14 0x0000000080012040 mem 0x0000000080031f38
core   0: 0x000000008000fefc (0xfb843783) ld      a5, -72(s0)
core   0: 3 0x000000008000fefc (0xfb843783) x15 0x000000000000009c mem 0x0000000080031f28
core   0: 0x000000008000ff00 (0x000097ba) c.add   a5, a4
core   0: 3 0x000000008000ff00 (0x97ba) x15 0x00000000800120dc
core   0: 0x000000008000ff02 (0xfe043703) ld      a4, -32(s0)
core   0: 3 0x000000008000ff02 (0xfe043703) x14 0x000000008001209d mem 0x0000000080031f50
core   0: 0x000000008000ff06 (0xfcf76de3) bltu    a4, a5, pc - 38
core   0: 3 0x000000008000ff06 (0xfcf76de3)
core   0: 0x000000008000fee0 (0xfe043783) ld      a5, -32(s0)
core   0: 3 0x000000008000fee0 (0xfe043783) x15 0x000000008001209d mem 0x0000000080031f50
core   0: 0x000000008000fee4 (0x00178713) addi    a4, a5, 1
core   0: 3 0x000000008000fee4 (0x00178713) x14 0x000000008001209e
core   0: 0x000000008000fee8 (0xfee43023) sd      a4, -32(s0)
core   0: 3 0x000000008000fee8 (0xfee43023) mem 0x0000000080031f50 0x000000008001209e
core   0: 0x000000008000feec (0xfc442703) lw      a4, -60(s0)
core   0: 3 0x000000008000feec (0xfc442703) x14 0x0000000000000000 mem 0x0000000080031f34
core   0: 0x000000008000fef0 (0x0ff77713) andi    a4, a4, 255
core   0: 3 0x000000008000fef0 (0x0ff77713) x14 0x0000000000000000
core   0: 0x000000008000fef4 (0x00e78023) sb      a4, 0(a5)
core   0: 3 0x000000008000fef4 (0x00e78023) mem 0x000000008001209d 0x00
core   0: 0x000000008000fef8 (0xfc843703) ld      a4, -56(s0)
core   0: 3 0x000000008000fef8 (0xfc843703) x14 0x0000000080012040 mem 0x0000000080031f38
core   0: 0x000000008000fefc (0xfb843783) ld      a5, -72(s0)
core   0: 3 0x000000008000fefc (0xfb843783) x15 0x000000000000009c mem 0x0000000080031f28
core   0: 0x000000008000ff00 (0x000097ba) c.add   a5, a4
core   0: 3 0x000000008000ff00 (0x97ba) x15 0x00000000800120dc
core   0: 0x000000008000ff02 (0xfe043703) ld      a4, -32(s0)
core   0: 3 0x000000008000ff02 (0xfe043703) x14 0x000000008001209e mem 0x0000000080031f50
core   0: 0x000000008000ff06 (0xfcf76de3) bltu    a4, a5, pc - 38
core   0: 3 0x000000008000ff06 (0xfcf76de3)
core   0: 0x000000008000fee0 (0xfe043783) ld      a5, -32(s0)
core   0: 3 0x000000008000fee0 (0xfe043783) x15 0x000000008001209e mem 0x0000000080031f50
core   0: 0x000000008000fee4 (0x00178713) addi    a4, a5, 1
core   0: 3 0x000000008000fee4 (0x00178713) x14 0x000000008001209f
core   0: 0x000000008000fee8 (0xfee43023) sd      a4, -32(s0)
core   0: 3 0x000000008000fee8 (0xfee43023) mem 0x0000000080031f50 0x000000008001209f
core   0: 0x000000008000feec (0xfc442703) lw      a4, -60(s0)
core   0: 3 0x000000008000feec (0xfc442703) x14 0x0000000000000000 mem 0x0000000080031f34
core   0: 0x000000008000fef0 (0x0ff77713) andi    a4, a4, 255
core   0: 3 0x000000008000fef0 (0x0ff77713) x14 0x0000000000000000
core   0: 0x000000008000fef4 (0x00e78023) sb      a4, 0(a5)
core   0: 3 0x000000008000fef4 (0x00e78023) mem 0x000000008001209e 0x00
core   0: 0x000000008000fef8 (0xfc843703) ld      a4, -56(s0)
core   0: 3 0x000000008000fef8 (0xfc843703) x14 0x0000000080012040 mem 0x0000000080031f38
core   0: 0x000000008000fefc (0xfb843783) ld      a5, -72(s0)
core   0: 3 0x000000008000fefc (0xfb843783) x15 0x000000000000009c mem 0x0000000080031f28
core   0: 0x000000008000ff00 (0x000097ba) c.add   a5, a4
core   0: 3 0x000000008000ff00 (0x97ba) x15 0x00000000800120dc
core   0: 0x000000008000ff02 (0xfe043703) ld      a4, -32(s0)
core   0: 3 0x000000008000ff02 (0xfe043703) x14 0x000000008001209f mem 0x0000000080031f50
core   0: 0x000000008000ff06 (0xfcf76de3) bltu    a4, a5, pc - 38
core   0: 3 0x000000008000ff06 (0xfcf76de3)
core   0: 0x000000008000fee0 (0xfe043783) ld      a5, -32(s0)
core   0: 3 0x000000008000fee0 (0xfe043783) x15 0x000000008001209f mem 0x0000000080031f50
core   0: 0x000000008000fee4 (0x00178713) addi    a4, a5, 1
core   0: 3 0x000000008000fee4 (0x00178713) x14 0x00000000800120a0
core   0: 0x000000008000fee8 (0xfee43023) sd      a4, -32(s0)
core   0: 3 0x000000008000fee8 (0xfee43023) mem 0x0000000080031f50 0x00000000800120a0
core   0: 0x000000008000feec (0xfc442703) lw      a4, -60(s0)
core   0: 3 0x000000008000feec (0xfc442703) x14 0x0000000000000000 mem 0x0000000080031f34
core   0: 0x000000008000fef0 (0x0ff77713) andi    a4, a4, 255
core   0: 3 0x000000008000fef0 (0x0ff77713) x14 0x0000000000000000
core   0: 0x000000008000fef4 (0x00e78023) sb      a4, 0(a5)
core   0: 3 0x000000008000fef4 (0x00e78023) mem 0x000000008001209f 0x00
core   0: 0x000000008000fef8 (0xfc843703) ld      a4, -56(s0)
core   0: 3 0x000000008000fef8 (0xfc843703) x14 0x0000000080012040 mem 0x0000000080031f38
core   0: 0x000000008000fefc (0xfb843783) ld      a5, -72(s0)
core   0: 3 0x000000008000fefc (0xfb843783) x15 0x000000000000009c mem 0x0000000080031f28
core   0: 0x000000008000ff00 (0x000097ba) c.add   a5, a4
core   0: 3 0x000000008000ff00 (0x97ba) x15 0x00000000800120dc
core   0: 0x000000008000ff02 (0xfe043703) ld      a4, -32(s0)
core   0: 3 0x000000008000ff02 (0xfe043703) x14 0x00000000800120a0 mem 0x0000000080031f50
core   0: 0x000000008000ff06 (0xfcf76de3) bltu    a4, a5, pc - 38
core   0: 3 0x000000008000ff06 (0xfcf76de3)
core   0: 0x000000008000fee0 (0xfe043783) ld      a5, -32(s0)
core   0: 3 0x000000008000fee0 (0xfe043783) x15 0x00000000800120a0 mem 0x0000000080031f50
core   0: 0x000000008000fee4 (0x00178713) addi    a4, a5, 1
core   0: 3 0x000000008000fee4 (0x00178713) x14 0x00000000800120a1
core   0: 0x000000008000fee8 (0xfee43023) sd      a4, -32(s0)
core   0: 3 0x000000008000fee8 (0xfee43023) mem 0x0000000080031f50 0x00000000800120a1
core   0: 0x000000008000feec (0xfc442703) lw      a4, -60(s0)
core   0: 3 0x000000008000feec (0xfc442703) x14 0x0000000000000000 mem 0x0000000080031f34
core   0: 0x000000008000fef0 (0x0ff77713) andi    a4, a4, 255
core   0: 3 0x000000008000fef0 (0x0ff77713) x14 0x0000000000000000
core   0: 0x000000008000fef4 (0x00e78023) sb      a4, 0(a5)
core   0: 3 0x000000008000fef4 (0x00e78023) mem 0x00000000800120a0 0x00
core   0: 0x000000008000fef8 (0xfc843703) ld      a4, -56(s0)
core   0: 3 0x000000008000fef8 (0xfc843703) x14 0x0000000080012040 mem 0x0000000080031f38
core   0: 0x000000008000fefc (0xfb843783) ld      a5, -72(s0)
core   0: 3 0x000000008000fefc (0xfb843783) x15 0x000000000000009c mem 0x0000000080031f28
core   0: 0x000000008000ff00 (0x000097ba) c.add   a5, a4
core   0: 3 0x000000008000ff00 (0x97ba) x15 0x00000000800120dc
core   0: 0x000000008000ff02 (0xfe043703) ld      a4, -32(s0)
core   0: 3 0x000000008000ff02 (0xfe043703) x14 0x00000000800120a1 mem 0x0000000080031f50
core   0: 0x000000008000ff06 (0xfcf76de3) bltu    a4, a5, pc - 38
core   0: 3 0x000000008000ff06 (0xfcf76de3)
core   0: 0x000000008000fee0 (0xfe043783) ld      a5, -32(s0)
core   0: 3 0x000000008000fee0 (0xfe043783) x15 0x00000000800120a1 mem 0x0000000080031f50
core   0: 0x000000008000fee4 (0x00178713) addi    a4, a5, 1
core   0: 3 0x000000008000fee4 (0x00178713) x14 0x00000000800120a2
core   0: 0x000000008000fee8 (0xfee43023) sd      a4, -32(s0)
core   0: 3 0x000000008000fee8 (0xfee43023) mem 0x0000000080031f50 0x00000000800120a2
core   0: 0x000000008000feec (0xfc442703) lw      a4, -60(s0)
core   0: 3 0x000000008000feec (0xfc442703) x14 0x0000000000000000 mem 0x0000000080031f34
core   0: 0x000000008000fef0 (0x0ff77713) andi    a4, a4, 255
core   0: 3 0x000000008000fef0 (0x0ff77713) x14 0x0000000000000000
core   0: 0x000000008000fef4 (0x00e78023) sb      a4, 0(a5)
core   0: 3 0x000000008000fef4 (0x00e78023) mem 0x00000000800120a1 0x00
core   0: 0x000000008000fef8 (0xfc843703) ld      a4, -56(s0)
core   0: 3 0x000000008000fef8 (0xfc843703) x14 0x0000000080012040 mem 0x0000000080031f38
core   0: 0x000000008000fefc (0xfb843783) ld      a5, -72(s0)
core   0: 3 0x000000008000fefc (0xfb843783) x15 0x000000000000009c mem 0x0000000080031f28
core   0: 0x000000008000ff00 (0x000097ba) c.add   a5, a4
core   0: 3 0x000000008000ff00 (0x97ba) x15 0x00000000800120dc
core   0: 0x000000008000ff02 (0xfe043703) ld      a4, -32(s0)
core   0: 3 0x000000008000ff02 (0xfe043703) x14 0x00000000800120a2 mem 0x0000000080031f50
core   0: 0x000000008000ff06 (0xfcf76de3) bltu    a4, a5, pc - 38
core   0: 3 0x000000008000ff06 (0xfcf76de3)
core   0: 0x000000008000fee0 (0xfe043783) ld      a5, -32(s0)
core   0: 3 0x000000008000fee0 (0xfe043783) x15 0x00000000800120a2 mem 0x0000000080031f50
core   0: 0x000000008000fee4 (0x00178713) addi    a4, a5, 1
core   0: 3 0x000000008000fee4 (0x00178713) x14 0x00000000800120a3
core   0: 0x000000008000fee8 (0xfee43023) sd      a4, -32(s0)
core   0: 3 0x000000008000fee8 (0xfee43023) mem 0x0000000080031f50 0x00000000800120a3
core   0: 0x000000008000feec (0xfc442703) lw      a4, -60(s0)
core   0: 3 0x000000008000feec (0xfc442703) x14 0x0000000000000000 mem 0x0000000080031f34
core   0: 0x000000008000fef0 (0x0ff77713) andi    a4, a4, 255
core   0: 3 0x000000008000fef0 (0x0ff77713) x14 0x0000000000000000
core   0: 0x000000008000fef4 (0x00e78023) sb      a4, 0(a5)
core   0: 3 0x000000008000fef4 (0x00e78023) mem 0x00000000800120a2 0x00
core   0: 0x000000008000fef8 (0xfc843703) ld      a4, -56(s0)
core   0: 3 0x000000008000fef8 (0xfc843703) x14 0x0000000080012040 mem 0x0000000080031f38
core   0: 0x000000008000fefc (0xfb843783) ld      a5, -72(s0)
core   0: 3 0x000000008000fefc (0xfb843783) x15 0x000000000000009c mem 0x0000000080031f28
core   0: 0x000000008000ff00 (0x000097ba) c.add   a5, a4
core   0: 3 0x000000008000ff00 (0x97ba) x15 0x00000000800120dc
core   0: 0x000000008000ff02 (0xfe043703) ld      a4, -32(s0)
core   0: 3 0x000000008000ff02 (0xfe043703) x14 0x00000000800120a3 mem 0x0000000080031f50
core   0: 0x000000008000ff06 (0xfcf76de3) bltu    a4, a5, pc - 38
core   0: 3 0x000000008000ff06 (0xfcf76de3)
core   0: 0x000000008000fee0 (0xfe043783) ld      a5, -32(s0)
core   0: 3 0x000000008000fee0 (0xfe043783) x15 0x00000000800120a3 mem 0x0000000080031f50
core   0: 0x000000008000fee4 (0x00178713) addi    a4, a5, 1
core   0: 3 0x000000008000fee4 (0x00178713) x14 0x00000000800120a4
core   0: 0x000000008000fee8 (0xfee43023) sd      a4, -32(s0)
core   0: 3 0x000000008000fee8 (0xfee43023) mem 0x0000000080031f50 0x00000000800120a4
core   0: 0x000000008000feec (0xfc442703) lw      a4, -60(s0)
core   0: 3 0x000000008000feec (0xfc442703) x14 0x0000000000000000 mem 0x0000000080031f34
core   0: 0x000000008000fef0 (0x0ff77713) andi    a4, a4, 255
core   0: 3 0x000000008000fef0 (0x0ff77713) x14 0x0000000000000000
core   0: 0x000000008000fef4 (0x00e78023) sb      a4, 0(a5)
core   0: 3 0x000000008000fef4 (0x00e78023) mem 0x00000000800120a3 0x00
core   0: 0x000000008000fef8 (0xfc843703) ld      a4, -56(s0)
core   0: 3 0x000000008000fef8 (0xfc843703) x14 0x0000000080012040 mem 0x0000000080031f38
core   0: 0x000000008000fefc (0xfb843783) ld      a5, -72(s0)
core   0: 3 0x000000008000fefc (0xfb843783) x15 0x000000000000009c mem 0x0000000080031f28
core   0: 0x000000008000ff00 (0x000097ba) c.add   a5, a4
core   0: 3 0x000000008000ff00 (0x97ba) x15 0x00000000800120dc
core   0: 0x000000008000ff02 (0xfe043703) ld      a4, -32(s0)
core   0: 3 0x000000008000ff02 (0xfe043703) x14 0x00000000800120a4 mem 0x0000000080031f50
core   0: 0x000000008000ff06 (0xfcf76de3) bltu    a4, a5, pc - 38
core   0: 3 0x000000008000ff06 (0xfcf76de3)
core   0: 0x000000008000fee0 (0xfe043783) ld      a5, -32(s0)
core   0: 3 0x000000008000fee0 (0xfe043783) x15 0x00000000800120a4 mem 0x0000000080031f50
core   0: 0x000000008000fee4 (0x00178713) addi    a4, a5, 1
core   0: 3 0x000000008000fee4 (0x00178713) x14 0x00000000800120a5
core   0: 0x000000008000fee8 (0xfee43023) sd      a4, -32(s0)
core   0: 3 0x000000008000fee8 (0xfee43023) mem 0x0000000080031f50 0x00000000800120a5
core   0: 0x000000008000feec (0xfc442703) lw      a4, -60(s0)
core   0: 3 0x000000008000feec (0xfc442703) x14 0x0000000000000000 mem 0x0000000080031f34
core   0: 0x000000008000fef0 (0x0ff77713) andi    a4, a4, 255
core   0: 3 0x000000008000fef0 (0x0ff77713) x14 0x0000000000000000
core   0: 0x000000008000fef4 (0x00e78023) sb      a4, 0(a5)
core   0: 3 0x000000008000fef4 (0x00e78023) mem 0x00000000800120a4 0x00
core   0: 0x000000008000fef8 (0xfc843703) ld      a4, -56(s0)
core   0: 3 0x000000008000fef8 (0xfc843703) x14 0x0000000080012040 mem 0x0000000080031f38
core   0: 0x000000008000fefc (0xfb843783) ld      a5, -72(s0)
core   0: 3 0x000000008000fefc (0xfb843783) x15 0x000000000000009c mem 0x0000000080031f28
core   0: 0x000000008000ff00 (0x000097ba) c.add   a5, a4
core   0: 3 0x000000008000ff00 (0x97ba) x15 0x00000000800120dc
core   0: 0x000000008000ff02 (0xfe043703) ld      a4, -32(s0)
core   0: 3 0x000000008000ff02 (0xfe043703) x14 0x00000000800120a5 mem 0x0000000080031f50
core   0: 0x000000008000ff06 (0xfcf76de3) bltu    a4, a5, pc - 38
core   0: 3 0x000000008000ff06 (0xfcf76de3)
core   0: 0x000000008000fee0 (0xfe043783) ld      a5, -32(s0)
core   0: 3 0x000000008000fee0 (0xfe043783) x15 0x00000000800120a5 mem 0x0000000080031f50
core   0: 0x000000008000fee4 (0x00178713) addi    a4, a5, 1
core   0: 3 0x000000008000fee4 (0x00178713) x14 0x00000000800120a6
core   0: 0x000000008000fee8 (0xfee43023) sd      a4, -32(s0)
core   0: 3 0x000000008000fee8 (0xfee43023) mem 0x0000000080031f50 0x00000000800120a6
core   0: 0x000000008000feec (0xfc442703) lw      a4, -60(s0)
core   0: 3 0x000000008000feec (0xfc442703) x14 0x0000000000000000 mem 0x0000000080031f34
core   0: 0x000000008000fef0 (0x0ff77713) andi    a4, a4, 255
core   0: 3 0x000000008000fef0 (0x0ff77713) x14 0x0000000000000000
core   0: 0x000000008000fef4 (0x00e78023) sb      a4, 0(a5)
core   0: 3 0x000000008000fef4 (0x00e78023) mem 0x00000000800120a5 0x00
core   0: 0x000000008000fef8 (0xfc843703) ld      a4, -56(s0)
core   0: 3 0x000000008000fef8 (0xfc843703) x14 0x0000000080012040 mem 0x0000000080031f38
core   0: 0x000000008000fefc (0xfb843783) ld      a5, -72(s0)
core   0: 3 0x000000008000fefc (0xfb843783) x15 0x000000000000009c mem 0x0000000080031f28
core   0: 0x000000008000ff00 (0x000097ba) c.add   a5, a4
core   0: 3 0x000000008000ff00 (0x97ba) x15 0x00000000800120dc
core   0: 0x000000008000ff02 (0xfe043703) ld      a4, -32(s0)
core   0: 3 0x000000008000ff02 (0xfe043703) x14 0x00000000800120a6 mem 0x0000000080031f50
core   0: 0x000000008000ff06 (0xfcf76de3) bltu    a4, a5, pc - 38
core   0: 3 0x000000008000ff06 (0xfcf76de3)
core   0: 0x000000008000fee0 (0xfe043783) ld      a5, -32(s0)
core   0: 3 0x000000008000fee0 (0xfe043783) x15 0x00000000800120a6 mem 0x0000000080031f50
core   0: 0x000000008000fee4 (0x00178713) addi    a4, a5, 1
core   0: 3 0x000000008000fee4 (0x00178713) x14 0x00000000800120a7
core   0: 0x000000008000fee8 (0xfee43023) sd      a4, -32(s0)
core   0: 3 0x000000008000fee8 (0xfee43023) mem 0x0000000080031f50 0x00000000800120a7
core   0: 0x000000008000feec (0xfc442703) lw      a4, -60(s0)
core   0: 3 0x000000008000feec (0xfc442703) x14 0x0000000000000000 mem 0x0000000080031f34
core   0: 0x000000008000fef0 (0x0ff77713) andi    a4, a4, 255
core   0: 3 0x000000008000fef0 (0x0ff77713) x14 0x0000000000000000
core   0: 0x000000008000fef4 (0x00e78023) sb      a4, 0(a5)
core   0: 3 0x000000008000fef4 (0x00e78023) mem 0x00000000800120a6 0x00
core   0: 0x000000008000fef8 (0xfc843703) ld      a4, -56(s0)
core   0: 3 0x000000008000fef8 (0xfc843703) x14 0x0000000080012040 mem 0x0000000080031f38
core   0: 0x000000008000fefc (0xfb843783) ld      a5, -72(s0)
core   0: 3 0x000000008000fefc (0xfb843783) x15 0x000000000000009c mem 0x0000000080031f28
core   0: 0x000000008000ff00 (0x000097ba) c.add   a5, a4
core   0: 3 0x000000008000ff00 (0x97ba) x15 0x00000000800120dc
core   0: 0x000000008000ff02 (0xfe043703) ld      a4, -32(s0)
core   0: 3 0x000000008000ff02 (0xfe043703) x14 0x00000000800120a7 mem 0x0000000080031f50
core   0: 0x000000008000ff06 (0xfcf76de3) bltu    a4, a5, pc - 38
core   0: 3 0x000000008000ff06 (0xfcf76de3)
core   0: 0x000000008000fee0 (0xfe043783) ld      a5, -32(s0)
core   0: 3 0x000000008000fee0 (0xfe043783) x15 0x00000000800120a7 mem 0x0000000080031f50
core   0: 0x000000008000fee4 (0x00178713) addi    a4, a5, 1
core   0: 3 0x000000008000fee4 (0x00178713) x14 0x00000000800120a8
core   0: 0x000000008000fee8 (0xfee43023) sd      a4, -32(s0)
core   0: 3 0x000000008000fee8 (0xfee43023) mem 0x0000000080031f50 0x00000000800120a8
core   0: 0x000000008000feec (0xfc442703) lw      a4, -60(s0)
core   0: 3 0x000000008000feec (0xfc442703) x14 0x0000000000000000 mem 0x0000000080031f34
core   0: 0x000000008000fef0 (0x0ff77713) andi    a4, a4, 255
core   0: 3 0x000000008000fef0 (0x0ff77713) x14 0x0000000000000000
core   0: 0x000000008000fef4 (0x00e78023) sb      a4, 0(a5)
core   0: 3 0x000000008000fef4 (0x00e78023) mem 0x00000000800120a7 0x00
core   0: 0x000000008000fef8 (0xfc843703) ld      a4, -56(s0)
core   0: 3 0x000000008000fef8 (0xfc843703) x14 0x0000000080012040 mem 0x0000000080031f38
core   0: 0x000000008000fefc (0xfb843783) ld      a5, -72(s0)
core   0: 3 0x000000008000fefc (0xfb843783) x15 0x000000000000009c mem 0x0000000080031f28
core   0: 0x000000008000ff00 (0x000097ba) c.add   a5, a4
core   0: 3 0x000000008000ff00 (0x97ba) x15 0x00000000800120dc
core   0: 0x000000008000ff02 (0xfe043703) ld      a4, -32(s0)
core   0: 3 0x000000008000ff02 (0xfe043703) x14 0x00000000800120a8 mem 0x0000000080031f50
core   0: 0x000000008000ff06 (0xfcf76de3) bltu    a4, a5, pc - 38
core   0: 3 0x000000008000ff06 (0xfcf76de3)
core   0: 0x000000008000fee0 (0xfe043783) ld      a5, -32(s0)
core   0: 3 0x000000008000fee0 (0xfe043783) x15 0x00000000800120a8 mem 0x0000000080031f50
core   0: 0x000000008000fee4 (0x00178713) addi    a4, a5, 1
core   0: 3 0x000000008000fee4 (0x00178713) x14 0x00000000800120a9
core   0: 0x000000008000fee8 (0xfee43023) sd      a4, -32(s0)
core   0: 3 0x000000008000fee8 (0xfee43023) mem 0x0000000080031f50 0x00000000800120a9
core   0: 0x000000008000feec (0xfc442703) lw      a4, -60(s0)
core   0: 3 0x000000008000feec (0xfc442703) x14 0x0000000000000000 mem 0x0000000080031f34
core   0: 0x000000008000fef0 (0x0ff77713) andi    a4, a4, 255
core   0: 3 0x000000008000fef0 (0x0ff77713) x14 0x0000000000000000
core   0: 0x000000008000fef4 (0x00e78023) sb      a4, 0(a5)
core   0: 3 0x000000008000fef4 (0x00e78023) mem 0x00000000800120a8 0x00
core   0: 0x000000008000fef8 (0xfc843703) ld      a4, -56(s0)
core   0: 3 0x000000008000fef8 (0xfc843703) x14 0x0000000080012040 mem 0x0000000080031f38
core   0: 0x000000008000fefc (0xfb843783) ld      a5, -72(s0)
core   0: 3 0x000000008000fefc (0xfb843783) x15 0x000000000000009c mem 0x0000000080031f28
core   0: 0x000000008000ff00 (0x000097ba) c.add   a5, a4
core   0: 3 0x000000008000ff00 (0x97ba) x15 0x00000000800120dc
core   0: 0x000000008000ff02 (0xfe043703) ld      a4, -32(s0)
core   0: 3 0x000000008000ff02 (0xfe043703) x14 0x00000000800120a9 mem 0x0000000080031f50
core   0: 0x000000008000ff06 (0xfcf76de3) bltu    a4, a5, pc - 38
core   0: 3 0x000000008000ff06 (0xfcf76de3)
core   0: 0x000000008000fee0 (0xfe043783) ld      a5, -32(s0)
core   0: 3 0x000000008000fee0 (0xfe043783) x15 0x00000000800120a9 mem 0x0000000080031f50
core   0: 0x000000008000fee4 (0x00178713) addi    a4, a5, 1
core   0: 3 0x000000008000fee4 (0x00178713) x14 0x00000000800120aa
core   0: 0x000000008000fee8 (0xfee43023) sd      a4, -32(s0)
core   0: 3 0x000000008000fee8 (0xfee43023) mem 0x0000000080031f50 0x00000000800120aa
core   0: 0x000000008000feec (0xfc442703) lw      a4, -60(s0)
core   0: 3 0x000000008000feec (0xfc442703) x14 0x0000000000000000 mem 0x0000000080031f34
core   0: 0x000000008000fef0 (0x0ff77713) andi    a4, a4, 255
core   0: 3 0x000000008000fef0 (0x0ff77713) x14 0x0000000000000000
core   0: 0x000000008000fef4 (0x00e78023) sb      a4, 0(a5)
core   0: 3 0x000000008000fef4 (0x00e78023) mem 0x00000000800120a9 0x00
core   0: 0x000000008000fef8 (0xfc843703) ld      a4, -56(s0)
core   0: 3 0x000000008000fef8 (0xfc843703) x14 0x0000000080012040 mem 0x0000000080031f38
core   0: 0x000000008000fefc (0xfb843783) ld      a5, -72(s0)
core   0: 3 0x000000008000fefc (0xfb843783) x15 0x000000000000009c mem 0x0000000080031f28
core   0: 0x000000008000ff00 (0x000097ba) c.add   a5, a4
core   0: 3 0x000000008000ff00 (0x97ba) x15 0x00000000800120dc
core   0: 0x000000008000ff02 (0xfe043703) ld      a4, -32(s0)
core   0: 3 0x000000008000ff02 (0xfe043703) x14 0x00000000800120aa mem 0x0000000080031f50
core   0: 0x000000008000ff06 (0xfcf76de3) bltu    a4, a5, pc - 38
core   0: 3 0x000000008000ff06 (0xfcf76de3)
core   0: 0x000000008000fee0 (0xfe043783) ld      a5, -32(s0)
core   0: 3 0x000000008000fee0 (0xfe043783) x15 0x00000000800120aa mem 0x0000000080031f50
core   0: 0x000000008000fee4 (0x00178713) addi    a4, a5, 1
core   0: 3 0x000000008000fee4 (0x00178713) x14 0x00000000800120ab
core   0: 0x000000008000fee8 (0xfee43023) sd      a4, -32(s0)
core   0: 3 0x000000008000fee8 (0xfee43023) mem 0x0000000080031f50 0x00000000800120ab
core   0: 0x000000008000feec (0xfc442703) lw      a4, -60(s0)
core   0: 3 0x000000008000feec (0xfc442703) x14 0x0000000000000000 mem 0x0000000080031f34
core   0: 0x000000008000fef0 (0x0ff77713) andi    a4, a4, 255
core   0: 3 0x000000008000fef0 (0x0ff77713) x14 0x0000000000000000
core   0: 0x000000008000fef4 (0x00e78023) sb      a4, 0(a5)
core   0: 3 0x000000008000fef4 (0x00e78023) mem 0x00000000800120aa 0x00
core   0: 0x000000008000fef8 (0xfc843703) ld      a4, -56(s0)
core   0: 3 0x000000008000fef8 (0xfc843703) x14 0x0000000080012040 mem 0x0000000080031f38
core   0: 0x000000008000fefc (0xfb843783) ld      a5, -72(s0)
core   0: 3 0x000000008000fefc (0xfb843783) x15 0x000000000000009c mem 0x0000000080031f28
core   0: 0x000000008000ff00 (0x000097ba) c.add   a5, a4
core   0: 3 0x000000008000ff00 (0x97ba) x15 0x00000000800120dc
core   0: 0x000000008000ff02 (0xfe043703) ld      a4, -32(s0)
core   0: 3 0x000000008000ff02 (0xfe043703) x14 0x00000000800120ab mem 0x0000000080031f50
core   0: 0x000000008000ff06 (0xfcf76de3) bltu    a4, a5, pc - 38
core   0: 3 0x000000008000ff06 (0xfcf76de3)
core   0: 0x000000008000fee0 (0xfe043783) ld      a5, -32(s0)
core   0: 3 0x000000008000fee0 (0xfe043783) x15 0x00000000800120ab mem 0x0000000080031f50
core   0: 0x000000008000fee4 (0x00178713) addi    a4, a5, 1
core   0: 3 0x000000008000fee4 (0x00178713) x14 0x00000000800120ac
core   0: 0x000000008000fee8 (0xfee43023) sd      a4, -32(s0)
core   0: 3 0x000000008000fee8 (0xfee43023) mem 0x0000000080031f50 0x00000000800120ac
core   0: 0x000000008000feec (0xfc442703) lw      a4, -60(s0)
core   0: 3 0x000000008000feec (0xfc442703) x14 0x0000000000000000 mem 0x0000000080031f34
core   0: 0x000000008000fef0 (0x0ff77713) andi    a4, a4, 255
core   0: 3 0x000000008000fef0 (0x0ff77713) x14 0x0000000000000000
core   0: 0x000000008000fef4 (0x00e78023) sb      a4, 0(a5)
core   0: 3 0x000000008000fef4 (0x00e78023) mem 0x00000000800120ab 0x00
core   0: 0x000000008000fef8 (0xfc843703) ld      a4, -56(s0)
core   0: 3 0x000000008000fef8 (0xfc843703) x14 0x0000000080012040 mem 0x0000000080031f38
core   0: 0x000000008000fefc (0xfb843783) ld      a5, -72(s0)
core   0: 3 0x000000008000fefc (0xfb843783) x15 0x000000000000009c mem 0x0000000080031f28
core   0: 0x000000008000ff00 (0x000097ba) c.add   a5, a4
core   0: 3 0x000000008000ff00 (0x97ba) x15 0x00000000800120dc
core   0: 0x000000008000ff02 (0xfe043703) ld      a4, -32(s0)
core   0: 3 0x000000008000ff02 (0xfe043703) x14 0x00000000800120ac mem 0x0000000080031f50
core   0: 0x000000008000ff06 (0xfcf76de3) bltu    a4, a5, pc - 38
core   0: 3 0x000000008000ff06 (0xfcf76de3)
core   0: 0x000000008000fee0 (0xfe043783) ld      a5, -32(s0)
core   0: 3 0x000000008000fee0 (0xfe043783) x15 0x00000000800120ac mem 0x0000000080031f50
core   0: 0x000000008000fee4 (0x00178713) addi    a4, a5, 1
core   0: 3 0x000000008000fee4 (0x00178713) x14 0x00000000800120ad
core   0: 0x000000008000fee8 (0xfee43023) sd      a4, -32(s0)
core   0: 3 0x000000008000fee8 (0xfee43023) mem 0x0000000080031f50 0x00000000800120ad
core   0: 0x000000008000feec (0xfc442703) lw      a4, -60(s0)
core   0: 3 0x000000008000feec (0xfc442703) x14 0x0000000000000000 mem 0x0000000080031f34
core   0: 0x000000008000fef0 (0x0ff77713) andi    a4, a4, 255
core   0: 3 0x000000008000fef0 (0x0ff77713) x14 0x0000000000000000
core   0: 0x000000008000fef4 (0x00e78023) sb      a4, 0(a5)
core   0: 3 0x000000008000fef4 (0x00e78023) mem 0x00000000800120ac 0x00
core   0: 0x000000008000fef8 (0xfc843703) ld      a4, -56(s0)
core   0: 3 0x000000008000fef8 (0xfc843703) x14 0x0000000080012040 mem 0x0000000080031f38
core   0: 0x000000008000fefc (0xfb843783) ld      a5, -72(s0)
core   0: 3 0x000000008000fefc (0xfb843783) x15 0x000000000000009c mem 0x0000000080031f28
core   0: 0x000000008000ff00 (0x000097ba) c.add   a5, a4
core   0: 3 0x000000008000ff00 (0x97ba) x15 0x00000000800120dc
core   0: 0x000000008000ff02 (0xfe043703) ld      a4, -32(s0)
core   0: 3 0x000000008000ff02 (0xfe043703) x14 0x00000000800120ad mem 0x0000000080031f50
core   0: 0x000000008000ff06 (0xfcf76de3) bltu    a4, a5, pc - 38
core   0: 3 0x000000008000ff06 (0xfcf76de3)
core   0: 0x000000008000fee0 (0xfe043783) ld      a5, -32(s0)
core   0: 3 0x000000008000fee0 (0xfe043783) x15 0x00000000800120ad mem 0x0000000080031f50
core   0: 0x000000008000fee4 (0x00178713) addi    a4, a5, 1
core   0: 3 0x000000008000fee4 (0x00178713) x14 0x00000000800120ae
core   0: 0x000000008000fee8 (0xfee43023) sd      a4, -32(s0)
core   0: 3 0x000000008000fee8 (0xfee43023) mem 0x0000000080031f50 0x00000000800120ae
core   0: 0x000000008000feec (0xfc442703) lw      a4, -60(s0)
core   0: 3 0x000000008000feec (0xfc442703) x14 0x0000000000000000 mem 0x0000000080031f34
core   0: 0x000000008000fef0 (0x0ff77713) andi    a4, a4, 255
core   0: 3 0x000000008000fef0 (0x0ff77713) x14 0x0000000000000000
core   0: 0x000000008000fef4 (0x00e78023) sb      a4, 0(a5)
core   0: 3 0x000000008000fef4 (0x00e78023) mem 0x00000000800120ad 0x00
core   0: 0x000000008000fef8 (0xfc843703) ld      a4, -56(s0)
core   0: 3 0x000000008000fef8 (0xfc843703) x14 0x0000000080012040 mem 0x0000000080031f38
core   0: 0x000000008000fefc (0xfb843783) ld      a5, -72(s0)
core   0: 3 0x000000008000fefc (0xfb843783) x15 0x000000000000009c mem 0x0000000080031f28
core   0: 0x000000008000ff00 (0x000097ba) c.add   a5, a4
core   0: 3 0x000000008000ff00 (0x97ba) x15 0x00000000800120dc
core   0: 0x000000008000ff02 (0xfe043703) ld      a4, -32(s0)
core   0: 3 0x000000008000ff02 (0xfe043703) x14 0x00000000800120ae mem 0x0000000080031f50
core   0: 0x000000008000ff06 (0xfcf76de3) bltu    a4, a5, pc - 38
core   0: 3 0x000000008000ff06 (0xfcf76de3)
core   0: 0x000000008000fee0 (0xfe043783) ld      a5, -32(s0)
core   0: 3 0x000000008000fee0 (0xfe043783) x15 0x00000000800120ae mem 0x0000000080031f50
core   0: 0x000000008000fee4 (0x00178713) addi    a4, a5, 1
core   0: 3 0x000000008000fee4 (0x00178713) x14 0x00000000800120af
core   0: 0x000000008000fee8 (0xfee43023) sd      a4, -32(s0)
core   0: 3 0x000000008000fee8 (0xfee43023) mem 0x0000000080031f50 0x00000000800120af
core   0: 0x000000008000feec (0xfc442703) lw      a4, -60(s0)
core   0: 3 0x000000008000feec (0xfc442703) x14 0x0000000000000000 mem 0x0000000080031f34
core   0: 0x000000008000fef0 (0x0ff77713) andi    a4, a4, 255
core   0: 3 0x000000008000fef0 (0x0ff77713) x14 0x0000000000000000
core   0: 0x000000008000fef4 (0x00e78023) sb      a4, 0(a5)
core   0: 3 0x000000008000fef4 (0x00e78023) mem 0x00000000800120ae 0x00
core   0: 0x000000008000fef8 (0xfc843703) ld      a4, -56(s0)
core   0: 3 0x000000008000fef8 (0xfc843703) x14 0x0000000080012040 mem 0x0000000080031f38
core   0: 0x000000008000fefc (0xfb843783) ld      a5, -72(s0)
core   0: 3 0x000000008000fefc (0xfb843783) x15 0x000000000000009c mem 0x0000000080031f28
core   0: 0x000000008000ff00 (0x000097ba) c.add   a5, a4
core   0: 3 0x000000008000ff00 (0x97ba) x15 0x00000000800120dc
core   0: 0x000000008000ff02 (0xfe043703) ld      a4, -32(s0)
core   0: 3 0x000000008000ff02 (0xfe043703) x14 0x00000000800120af mem 0x0000000080031f50
core   0: 0x000000008000ff06 (0xfcf76de3) bltu    a4, a5, pc - 38
core   0: 3 0x000000008000ff06 (0xfcf76de3)
core   0: 0x000000008000fee0 (0xfe043783) ld      a5, -32(s0)
core   0: 3 0x000000008000fee0 (0xfe043783) x15 0x00000000800120af mem 0x0000000080031f50
core   0: 0x000000008000fee4 (0x00178713) addi    a4, a5, 1
core   0: 3 0x000000008000fee4 (0x00178713) x14 0x00000000800120b0
core   0: 0x000000008000fee8 (0xfee43023) sd      a4, -32(s0)
core   0: 3 0x000000008000fee8 (0xfee43023) mem 0x0000000080031f50 0x00000000800120b0
core   0: 0x000000008000feec (0xfc442703) lw      a4, -60(s0)
core   0: 3 0x000000008000feec (0xfc442703) x14 0x0000000000000000 mem 0x0000000080031f34
core   0: 0x000000008000fef0 (0x0ff77713) andi    a4, a4, 255
core   0: 3 0x000000008000fef0 (0x0ff77713) x14 0x0000000000000000
core   0: 0x000000008000fef4 (0x00e78023) sb      a4, 0(a5)
core   0: 3 0x000000008000fef4 (0x00e78023) mem 0x00000000800120af 0x00
core   0: 0x000000008000fef8 (0xfc843703) ld      a4, -56(s0)
core   0: 3 0x000000008000fef8 (0xfc843703) x14 0x0000000080012040 mem 0x0000000080031f38
core   0: 0x000000008000fefc (0xfb843783) ld      a5, -72(s0)
core   0: 3 0x000000008000fefc (0xfb843783) x15 0x000000000000009c mem 0x0000000080031f28
core   0: 0x000000008000ff00 (0x000097ba) c.add   a5, a4
core   0: 3 0x000000008000ff00 (0x97ba) x15 0x00000000800120dc
core   0: 0x000000008000ff02 (0xfe043703) ld      a4, -32(s0)
core   0: 3 0x000000008000ff02 (0xfe043703) x14 0x00000000800120b0 mem 0x0000000080031f50
core   0: 0x000000008000ff06 (0xfcf76de3) bltu    a4, a5, pc - 38
core   0: 3 0x000000008000ff06 (0xfcf76de3)
core   0: 0x000000008000fee0 (0xfe043783) ld      a5, -32(s0)
core   0: 3 0x000000008000fee0 (0xfe043783) x15 0x00000000800120b0 mem 0x0000000080031f50
core   0: 0x000000008000fee4 (0x00178713) addi    a4, a5, 1
core   0: 3 0x000000008000fee4 (0x00178713) x14 0x00000000800120b1
core   0: 0x000000008000fee8 (0xfee43023) sd      a4, -32(s0)
core   0: 3 0x000000008000fee8 (0xfee43023) mem 0x0000000080031f50 0x00000000800120b1
core   0: 0x000000008000feec (0xfc442703) lw      a4, -60(s0)
core   0: 3 0x000000008000feec (0xfc442703) x14 0x0000000000000000 mem 0x0000000080031f34
core   0: 0x000000008000fef0 (0x0ff77713) andi    a4, a4, 255
core   0: 3 0x000000008000fef0 (0x0ff77713) x14 0x0000000000000000
core   0: 0x000000008000fef4 (0x00e78023) sb      a4, 0(a5)
core   0: 3 0x000000008000fef4 (0x00e78023) mem 0x00000000800120b0 0x00
core   0: 0x000000008000fef8 (0xfc843703) ld      a4, -56(s0)
core   0: 3 0x000000008000fef8 (0xfc843703) x14 0x0000000080012040 mem 0x0000000080031f38
core   0: 0x000000008000fefc (0xfb843783) ld      a5, -72(s0)
core   0: 3 0x000000008000fefc (0xfb843783) x15 0x000000000000009c mem 0x0000000080031f28
core   0: 0x000000008000ff00 (0x000097ba) c.add   a5, a4
core   0: 3 0x000000008000ff00 (0x97ba) x15 0x00000000800120dc
core   0: 0x000000008000ff02 (0xfe043703) ld      a4, -32(s0)
core   0: 3 0x000000008000ff02 (0xfe043703) x14 0x00000000800120b1 mem 0x0000000080031f50
core   0: 0x000000008000ff06 (0xfcf76de3) bltu    a4, a5, pc - 38
core   0: 3 0x000000008000ff06 (0xfcf76de3)
core   0: 0x000000008000fee0 (0xfe043783) ld      a5, -32(s0)
core   0: 3 0x000000008000fee0 (0xfe043783) x15 0x00000000800120b1 mem 0x0000000080031f50
core   0: 0x000000008000fee4 (0x00178713) addi    a4, a5, 1
core   0: 3 0x000000008000fee4 (0x00178713) x14 0x00000000800120b2
core   0: 0x000000008000fee8 (0xfee43023) sd      a4, -32(s0)
core   0: 3 0x000000008000fee8 (0xfee43023) mem 0x0000000080031f50 0x00000000800120b2
core   0: 0x000000008000feec (0xfc442703) lw      a4, -60(s0)
core   0: 3 0x000000008000feec (0xfc442703) x14 0x0000000000000000 mem 0x0000000080031f34
core   0: 0x000000008000fef0 (0x0ff77713) andi    a4, a4, 255
core   0: 3 0x000000008000fef0 (0x0ff77713) x14 0x0000000000000000
core   0: 0x000000008000fef4 (0x00e78023) sb      a4, 0(a5)
core   0: 3 0x000000008000fef4 (0x00e78023) mem 0x00000000800120b1 0x00
core   0: 0x000000008000fef8 (0xfc843703) ld      a4, -56(s0)
core   0: 3 0x000000008000fef8 (0xfc843703) x14 0x0000000080012040 mem 0x0000000080031f38
core   0: 0x000000008000fefc (0xfb843783) ld      a5, -72(s0)
core   0: 3 0x000000008000fefc (0xfb843783) x15 0x000000000000009c mem 0x0000000080031f28
core   0: 0x000000008000ff00 (0x000097ba) c.add   a5, a4
core   0: 3 0x000000008000ff00 (0x97ba) x15 0x00000000800120dc
core   0: 0x000000008000ff02 (0xfe043703) ld      a4, -32(s0)
core   0: 3 0x000000008000ff02 (0xfe043703) x14 0x00000000800120b2 mem 0x0000000080031f50
core   0: 0x000000008000ff06 (0xfcf76de3) bltu    a4, a5, pc - 38
core   0: 3 0x000000008000ff06 (0xfcf76de3)
core   0: 0x000000008000fee0 (0xfe043783) ld      a5, -32(s0)
core   0: 3 0x000000008000fee0 (0xfe043783) x15 0x00000000800120b2 mem 0x0000000080031f50
core   0: 0x000000008000fee4 (0x00178713) addi    a4, a5, 1
core   0: 3 0x000000008000fee4 (0x00178713) x14 0x00000000800120b3
core   0: 0x000000008000fee8 (0xfee43023) sd      a4, -32(s0)
core   0: 3 0x000000008000fee8 (0xfee43023) mem 0x0000000080031f50 0x00000000800120b3
core   0: 0x000000008000feec (0xfc442703) lw      a4, -60(s0)
core   0: 3 0x000000008000feec (0xfc442703) x14 0x0000000000000000 mem 0x0000000080031f34
core   0: 0x000000008000fef0 (0x0ff77713) andi    a4, a4, 255
core   0: 3 0x000000008000fef0 (0x0ff77713) x14 0x0000000000000000
core   0: 0x000000008000fef4 (0x00e78023) sb      a4, 0(a5)
core   0: 3 0x000000008000fef4 (0x00e78023) mem 0x00000000800120b2 0x00
core   0: 0x000000008000fef8 (0xfc843703) ld      a4, -56(s0)
core   0: 3 0x000000008000fef8 (0xfc843703) x14 0x0000000080012040 mem 0x0000000080031f38
core   0: 0x000000008000fefc (0xfb843783) ld      a5, -72(s0)
core   0: 3 0x000000008000fefc (0xfb843783) x15 0x000000000000009c mem 0x0000000080031f28
core   0: 0x000000008000ff00 (0x000097ba) c.add   a5, a4
core   0: 3 0x000000008000ff00 (0x97ba) x15 0x00000000800120dc
core   0: 0x000000008000ff02 (0xfe043703) ld      a4, -32(s0)
core   0: 3 0x000000008000ff02 (0xfe043703) x14 0x00000000800120b3 mem 0x0000000080031f50
core   0: 0x000000008000ff06 (0xfcf76de3) bltu    a4, a5, pc - 38
core   0: 3 0x000000008000ff06 (0xfcf76de3)
core   0: 0x000000008000fee0 (0xfe043783) ld      a5, -32(s0)
core   0: 3 0x000000008000fee0 (0xfe043783) x15 0x00000000800120b3 mem 0x0000000080031f50
core   0: 0x000000008000fee4 (0x00178713) addi    a4, a5, 1
core   0: 3 0x000000008000fee4 (0x00178713) x14 0x00000000800120b4
core   0: 0x000000008000fee8 (0xfee43023) sd      a4, -32(s0)
core   0: 3 0x000000008000fee8 (0xfee43023) mem 0x0000000080031f50 0x00000000800120b4
core   0: 0x000000008000feec (0xfc442703) lw      a4, -60(s0)
core   0: 3 0x000000008000feec (0xfc442703) x14 0x0000000000000000 mem 0x0000000080031f34
core   0: 0x000000008000fef0 (0x0ff77713) andi    a4, a4, 255
core   0: 3 0x000000008000fef0 (0x0ff77713) x14 0x0000000000000000
core   0: 0x000000008000fef4 (0x00e78023) sb      a4, 0(a5)
core   0: 3 0x000000008000fef4 (0x00e78023) mem 0x00000000800120b3 0x00
core   0: 0x000000008000fef8 (0xfc843703) ld      a4, -56(s0)
core   0: 3 0x000000008000fef8 (0xfc843703) x14 0x0000000080012040 mem 0x0000000080031f38
core   0: 0x000000008000fefc (0xfb843783) ld      a5, -72(s0)
core   0: 3 0x000000008000fefc (0xfb843783) x15 0x000000000000009c mem 0x0000000080031f28
core   0: 0x000000008000ff00 (0x000097ba) c.add   a5, a4
core   0: 3 0x000000008000ff00 (0x97ba) x15 0x00000000800120dc
core   0: 0x000000008000ff02 (0xfe043703) ld      a4, -32(s0)
core   0: 3 0x000000008000ff02 (0xfe043703) x14 0x00000000800120b4 mem 0x0000000080031f50
core   0: 0x000000008000ff06 (0xfcf76de3) bltu    a4, a5, pc - 38
core   0: 3 0x000000008000ff06 (0xfcf76de3)
core   0: 0x000000008000fee0 (0xfe043783) ld      a5, -32(s0)
core   0: 3 0x000000008000fee0 (0xfe043783) x15 0x00000000800120b4 mem 0x0000000080031f50
core   0: 0x000000008000fee4 (0x00178713) addi    a4, a5, 1
core   0: 3 0x000000008000fee4 (0x00178713) x14 0x00000000800120b5
core   0: 0x000000008000fee8 (0xfee43023) sd      a4, -32(s0)
core   0: 3 0x000000008000fee8 (0xfee43023) mem 0x0000000080031f50 0x00000000800120b5
core   0: 0x000000008000feec (0xfc442703) lw      a4, -60(s0)
core   0: 3 0x000000008000feec (0xfc442703) x14 0x0000000000000000 mem 0x0000000080031f34
core   0: 0x000000008000fef0 (0x0ff77713) andi    a4, a4, 255
core   0: 3 0x000000008000fef0 (0x0ff77713) x14 0x0000000000000000
core   0: 0x000000008000fef4 (0x00e78023) sb      a4, 0(a5)
core   0: 3 0x000000008000fef4 (0x00e78023) mem 0x00000000800120b4 0x00
core   0: 0x000000008000fef8 (0xfc843703) ld      a4, -56(s0)
core   0: 3 0x000000008000fef8 (0xfc843703) x14 0x0000000080012040 mem 0x0000000080031f38
core   0: 0x000000008000fefc (0xfb843783) ld      a5, -72(s0)
core   0: 3 0x000000008000fefc (0xfb843783) x15 0x000000000000009c mem 0x0000000080031f28
core   0: 0x000000008000ff00 (0x000097ba) c.add   a5, a4
core   0: 3 0x000000008000ff00 (0x97ba) x15 0x00000000800120dc
core   0: 0x000000008000ff02 (0xfe043703) ld      a4, -32(s0)
core   0: 3 0x000000008000ff02 (0xfe043703) x14 0x00000000800120b5 mem 0x0000000080031f50
core   0: 0x000000008000ff06 (0xfcf76de3) bltu    a4, a5, pc - 38
core   0: 3 0x000000008000ff06 (0xfcf76de3)
core   0: 0x000000008000fee0 (0xfe043783) ld      a5, -32(s0)
core   0: 3 0x000000008000fee0 (0xfe043783) x15 0x00000000800120b5 mem 0x0000000080031f50
core   0: 0x000000008000fee4 (0x00178713) addi    a4, a5, 1
core   0: 3 0x000000008000fee4 (0x00178713) x14 0x00000000800120b6
core   0: 0x000000008000fee8 (0xfee43023) sd      a4, -32(s0)
core   0: 3 0x000000008000fee8 (0xfee43023) mem 0x0000000080031f50 0x00000000800120b6
core   0: 0x000000008000feec (0xfc442703) lw      a4, -60(s0)
core   0: 3 0x000000008000feec (0xfc442703) x14 0x0000000000000000 mem 0x0000000080031f34
core   0: 0x000000008000fef0 (0x0ff77713) andi    a4, a4, 255
core   0: 3 0x000000008000fef0 (0x0ff77713) x14 0x0000000000000000
core   0: 0x000000008000fef4 (0x00e78023) sb      a4, 0(a5)
core   0: 3 0x000000008000fef4 (0x00e78023) mem 0x00000000800120b5 0x00
core   0: 0x000000008000fef8 (0xfc843703) ld      a4, -56(s0)
core   0: 3 0x000000008000fef8 (0xfc843703) x14 0x0000000080012040 mem 0x0000000080031f38
core   0: 0x000000008000fefc (0xfb843783) ld      a5, -72(s0)
core   0: 3 0x000000008000fefc (0xfb843783) x15 0x000000000000009c mem 0x0000000080031f28
core   0: 0x000000008000ff00 (0x000097ba) c.add   a5, a4
core   0: 3 0x000000008000ff00 (0x97ba) x15 0x00000000800120dc
core   0: 0x000000008000ff02 (0xfe043703) ld      a4, -32(s0)
core   0: 3 0x000000008000ff02 (0xfe043703) x14 0x00000000800120b6 mem 0x0000000080031f50
core   0: 0x000000008000ff06 (0xfcf76de3) bltu    a4, a5, pc - 38
core   0: 3 0x000000008000ff06 (0xfcf76de3)
core   0: 0x000000008000fee0 (0xfe043783) ld      a5, -32(s0)
core   0: 3 0x000000008000fee0 (0xfe043783) x15 0x00000000800120b6 mem 0x0000000080031f50
core   0: 0x000000008000fee4 (0x00178713) addi    a4, a5, 1
core   0: 3 0x000000008000fee4 (0x00178713) x14 0x00000000800120b7
core   0: 0x000000008000fee8 (0xfee43023) sd      a4, -32(s0)
core   0: 3 0x000000008000fee8 (0xfee43023) mem 0x0000000080031f50 0x00000000800120b7
core   0: 0x000000008000feec (0xfc442703) lw      a4, -60(s0)
core   0: 3 0x000000008000feec (0xfc442703) x14 0x0000000000000000 mem 0x0000000080031f34
core   0: 0x000000008000fef0 (0x0ff77713) andi    a4, a4, 255
core   0: 3 0x000000008000fef0 (0x0ff77713) x14 0x0000000000000000
core   0: 0x000000008000fef4 (0x00e78023) sb      a4, 0(a5)
core   0: 3 0x000000008000fef4 (0x00e78023) mem 0x00000000800120b6 0x00
core   0: 0x000000008000fef8 (0xfc843703) ld      a4, -56(s0)
core   0: 3 0x000000008000fef8 (0xfc843703) x14 0x0000000080012040 mem 0x0000000080031f38
core   0: 0x000000008000fefc (0xfb843783) ld      a5, -72(s0)
core   0: 3 0x000000008000fefc (0xfb843783) x15 0x000000000000009c mem 0x0000000080031f28
core   0: 0x000000008000ff00 (0x000097ba) c.add   a5, a4
core   0: 3 0x000000008000ff00 (0x97ba) x15 0x00000000800120dc
core   0: 0x000000008000ff02 (0xfe043703) ld      a4, -32(s0)
core   0: 3 0x000000008000ff02 (0xfe043703) x14 0x00000000800120b7 mem 0x0000000080031f50
core   0: 0x000000008000ff06 (0xfcf76de3) bltu    a4, a5, pc - 38
core   0: 3 0x000000008000ff06 (0xfcf76de3)
core   0: 0x000000008000fee0 (0xfe043783) ld      a5, -32(s0)
core   0: 3 0x000000008000fee0 (0xfe043783) x15 0x00000000800120b7 mem 0x0000000080031f50
core   0: 0x000000008000fee4 (0x00178713) addi    a4, a5, 1
core   0: 3 0x000000008000fee4 (0x00178713) x14 0x00000000800120b8
core   0: 0x000000008000fee8 (0xfee43023) sd      a4, -32(s0)
core   0: 3 0x000000008000fee8 (0xfee43023) mem 0x0000000080031f50 0x00000000800120b8
core   0: 0x000000008000feec (0xfc442703) lw      a4, -60(s0)
core   0: 3 0x000000008000feec (0xfc442703) x14 0x0000000000000000 mem 0x0000000080031f34
core   0: 0x000000008000fef0 (0x0ff77713) andi    a4, a4, 255
core   0: 3 0x000000008000fef0 (0x0ff77713) x14 0x0000000000000000
core   0: 0x000000008000fef4 (0x00e78023) sb      a4, 0(a5)
core   0: 3 0x000000008000fef4 (0x00e78023) mem 0x00000000800120b7 0x00
core   0: 0x000000008000fef8 (0xfc843703) ld      a4, -56(s0)
core   0: 3 0x000000008000fef8 (0xfc843703) x14 0x0000000080012040 mem 0x0000000080031f38
core   0: 0x000000008000fefc (0xfb843783) ld      a5, -72(s0)
core   0: 3 0x000000008000fefc (0xfb843783) x15 0x000000000000009c mem 0x0000000080031f28
core   0: 0x000000008000ff00 (0x000097ba) c.add   a5, a4
core   0: 3 0x000000008000ff00 (0x97ba) x15 0x00000000800120dc
core   0: 0x000000008000ff02 (0xfe043703) ld      a4, -32(s0)
core   0: 3 0x000000008000ff02 (0xfe043703) x14 0x00000000800120b8 mem 0x0000000080031f50
core   0: 0x000000008000ff06 (0xfcf76de3) bltu    a4, a5, pc - 38
core   0: 3 0x000000008000ff06 (0xfcf76de3)
core   0: 0x000000008000fee0 (0xfe043783) ld      a5, -32(s0)
core   0: 3 0x000000008000fee0 (0xfe043783) x15 0x00000000800120b8 mem 0x0000000080031f50
core   0: 0x000000008000fee4 (0x00178713) addi    a4, a5, 1
core   0: 3 0x000000008000fee4 (0x00178713) x14 0x00000000800120b9
core   0: 0x000000008000fee8 (0xfee43023) sd      a4, -32(s0)
core   0: 3 0x000000008000fee8 (0xfee43023) mem 0x0000000080031f50 0x00000000800120b9
core   0: 0x000000008000feec (0xfc442703) lw      a4, -60(s0)
core   0: 3 0x000000008000feec (0xfc442703) x14 0x0000000000000000 mem 0x0000000080031f34
core   0: 0x000000008000fef0 (0x0ff77713) andi    a4, a4, 255
core   0: 3 0x000000008000fef0 (0x0ff77713) x14 0x0000000000000000
core   0: 0x000000008000fef4 (0x00e78023) sb      a4, 0(a5)
core   0: 3 0x000000008000fef4 (0x00e78023) mem 0x00000000800120b8 0x00
core   0: 0x000000008000fef8 (0xfc843703) ld      a4, -56(s0)
core   0: 3 0x000000008000fef8 (0xfc843703) x14 0x0000000080012040 mem 0x0000000080031f38
core   0: 0x000000008000fefc (0xfb843783) ld      a5, -72(s0)
core   0: 3 0x000000008000fefc (0xfb843783) x15 0x000000000000009c mem 0x0000000080031f28
core   0: 0x000000008000ff00 (0x000097ba) c.add   a5, a4
core   0: 3 0x000000008000ff00 (0x97ba) x15 0x00000000800120dc
core   0: 0x000000008000ff02 (0xfe043703) ld      a4, -32(s0)
core   0: 3 0x000000008000ff02 (0xfe043703) x14 0x00000000800120b9 mem 0x0000000080031f50
core   0: 0x000000008000ff06 (0xfcf76de3) bltu    a4, a5, pc - 38
core   0: 3 0x000000008000ff06 (0xfcf76de3)
core   0: 0x000000008000fee0 (0xfe043783) ld      a5, -32(s0)
core   0: 3 0x000000008000fee0 (0xfe043783) x15 0x00000000800120b9 mem 0x0000000080031f50
core   0: 0x000000008000fee4 (0x00178713) addi    a4, a5, 1
core   0: 3 0x000000008000fee4 (0x00178713) x14 0x00000000800120ba
core   0: 0x000000008000fee8 (0xfee43023) sd      a4, -32(s0)
core   0: 3 0x000000008000fee8 (0xfee43023) mem 0x0000000080031f50 0x00000000800120ba
core   0: 0x000000008000feec (0xfc442703) lw      a4, -60(s0)
core   0: 3 0x000000008000feec (0xfc442703) x14 0x0000000000000000 mem 0x0000000080031f34
core   0: 0x000000008000fef0 (0x0ff77713) andi    a4, a4, 255
core   0: 3 0x000000008000fef0 (0x0ff77713) x14 0x0000000000000000
core   0: 0x000000008000fef4 (0x00e78023) sb      a4, 0(a5)
core   0: 3 0x000000008000fef4 (0x00e78023) mem 0x00000000800120b9 0x00
core   0: 0x000000008000fef8 (0xfc843703) ld      a4, -56(s0)
core   0: 3 0x000000008000fef8 (0xfc843703) x14 0x0000000080012040 mem 0x0000000080031f38
core   0: 0x000000008000fefc (0xfb843783) ld      a5, -72(s0)
core   0: 3 0x000000008000fefc (0xfb843783) x15 0x000000000000009c mem 0x0000000080031f28
core   0: 0x000000008000ff00 (0x000097ba) c.add   a5, a4
core   0: 3 0x000000008000ff00 (0x97ba) x15 0x00000000800120dc
core   0: 0x000000008000ff02 (0xfe043703) ld      a4, -32(s0)
core   0: 3 0x000000008000ff02 (0xfe043703) x14 0x00000000800120ba mem 0x0000000080031f50
core   0: 0x000000008000ff06 (0xfcf76de3) bltu    a4, a5, pc - 38
core   0: 3 0x000000008000ff06 (0xfcf76de3)
core   0: 0x000000008000fee0 (0xfe043783) ld      a5, -32(s0)
core   0: 3 0x000000008000fee0 (0xfe043783) x15 0x00000000800120ba mem 0x0000000080031f50
core   0: 0x000000008000fee4 (0x00178713) addi    a4, a5, 1
core   0: 3 0x000000008000fee4 (0x00178713) x14 0x00000000800120bb
core   0: 0x000000008000fee8 (0xfee43023) sd      a4, -32(s0)
core   0: 3 0x000000008000fee8 (0xfee43023) mem 0x0000000080031f50 0x00000000800120bb
core   0: 0x000000008000feec (0xfc442703) lw      a4, -60(s0)
core   0: 3 0x000000008000feec (0xfc442703) x14 0x0000000000000000 mem 0x0000000080031f34
core   0: 0x000000008000fef0 (0x0ff77713) andi    a4, a4, 255
core   0: 3 0x000000008000fef0 (0x0ff77713) x14 0x0000000000000000
core   0: 0x000000008000fef4 (0x00e78023) sb      a4, 0(a5)
core   0: 3 0x000000008000fef4 (0x00e78023) mem 0x00000000800120ba 0x00
core   0: 0x000000008000fef8 (0xfc843703) ld      a4, -56(s0)
core   0: 3 0x000000008000fef8 (0xfc843703) x14 0x0000000080012040 mem 0x0000000080031f38
core   0: 0x000000008000fefc (0xfb843783) ld      a5, -72(s0)
core   0: 3 0x000000008000fefc (0xfb843783) x15 0x000000000000009c mem 0x0000000080031f28
core   0: 0x000000008000ff00 (0x000097ba) c.add   a5, a4
core   0: 3 0x000000008000ff00 (0x97ba) x15 0x00000000800120dc
core   0: 0x000000008000ff02 (0xfe043703) ld      a4, -32(s0)
core   0: 3 0x000000008000ff02 (0xfe043703) x14 0x00000000800120bb mem 0x0000000080031f50
core   0: 0x000000008000ff06 (0xfcf76de3) bltu    a4, a5, pc - 38
core   0: 3 0x000000008000ff06 (0xfcf76de3)
core   0: 0x000000008000fee0 (0xfe043783) ld      a5, -32(s0)
core   0: 3 0x000000008000fee0 (0xfe043783) x15 0x00000000800120bb mem 0x0000000080031f50
core   0: 0x000000008000fee4 (0x00178713) addi    a4, a5, 1
core   0: 3 0x000000008000fee4 (0x00178713) x14 0x00000000800120bc
core   0: 0x000000008000fee8 (0xfee43023) sd      a4, -32(s0)
core   0: 3 0x000000008000fee8 (0xfee43023) mem 0x0000000080031f50 0x00000000800120bc
core   0: 0x000000008000feec (0xfc442703) lw      a4, -60(s0)
core   0: 3 0x000000008000feec (0xfc442703) x14 0x0000000000000000 mem 0x0000000080031f34
core   0: 0x000000008000fef0 (0x0ff77713) andi    a4, a4, 255
core   0: 3 0x000000008000fef0 (0x0ff77713) x14 0x0000000000000000
core   0: 0x000000008000fef4 (0x00e78023) sb      a4, 0(a5)
core   0: 3 0x000000008000fef4 (0x00e78023) mem 0x00000000800120bb 0x00
core   0: 0x000000008000fef8 (0xfc843703) ld      a4, -56(s0)
core   0: 3 0x000000008000fef8 (0xfc843703) x14 0x0000000080012040 mem 0x0000000080031f38
core   0: 0x000000008000fefc (0xfb843783) ld      a5, -72(s0)
core   0: 3 0x000000008000fefc (0xfb843783) x15 0x000000000000009c mem 0x0000000080031f28
core   0: 0x000000008000ff00 (0x000097ba) c.add   a5, a4
core   0: 3 0x000000008000ff00 (0x97ba) x15 0x00000000800120dc
core   0: 0x000000008000ff02 (0xfe043703) ld      a4, -32(s0)
core   0: 3 0x000000008000ff02 (0xfe043703) x14 0x00000000800120bc mem 0x0000000080031f50
core   0: 0x000000008000ff06 (0xfcf76de3) bltu    a4, a5, pc - 38
core   0: 3 0x000000008000ff06 (0xfcf76de3)
core   0: 0x000000008000fee0 (0xfe043783) ld      a5, -32(s0)
core   0: 3 0x000000008000fee0 (0xfe043783) x15 0x00000000800120bc mem 0x0000000080031f50
core   0: 0x000000008000fee4 (0x00178713) addi    a4, a5, 1
core   0: 3 0x000000008000fee4 (0x00178713) x14 0x00000000800120bd
core   0: 0x000000008000fee8 (0xfee43023) sd      a4, -32(s0)
core   0: 3 0x000000008000fee8 (0xfee43023) mem 0x0000000080031f50 0x00000000800120bd
core   0: 0x000000008000feec (0xfc442703) lw      a4, -60(s0)
core   0: 3 0x000000008000feec (0xfc442703) x14 0x0000000000000000 mem 0x0000000080031f34
core   0: 0x000000008000fef0 (0x0ff77713) andi    a4, a4, 255
core   0: 3 0x000000008000fef0 (0x0ff77713) x14 0x0000000000000000
core   0: 0x000000008000fef4 (0x00e78023) sb      a4, 0(a5)
core   0: 3 0x000000008000fef4 (0x00e78023) mem 0x00000000800120bc 0x00
core   0: 0x000000008000fef8 (0xfc843703) ld      a4, -56(s0)
core   0: 3 0x000000008000fef8 (0xfc843703) x14 0x0000000080012040 mem 0x0000000080031f38
core   0: 0x000000008000fefc (0xfb843783) ld      a5, -72(s0)
core   0: 3 0x000000008000fefc (0xfb843783) x15 0x000000000000009c mem 0x0000000080031f28
core   0: 0x000000008000ff00 (0x000097ba) c.add   a5, a4
core   0: 3 0x000000008000ff00 (0x97ba) x15 0x00000000800120dc
core   0: 0x000000008000ff02 (0xfe043703) ld      a4, -32(s0)
core   0: 3 0x000000008000ff02 (0xfe043703) x14 0x00000000800120bd mem 0x0000000080031f50
core   0: 0x000000008000ff06 (0xfcf76de3) bltu    a4, a5, pc - 38
core   0: 3 0x000000008000ff06 (0xfcf76de3)
core   0: 0x000000008000fee0 (0xfe043783) ld      a5, -32(s0)
core   0: 3 0x000000008000fee0 (0xfe043783) x15 0x00000000800120bd mem 0x0000000080031f50
core   0: 0x000000008000fee4 (0x00178713) addi    a4, a5, 1
core   0: 3 0x000000008000fee4 (0x00178713) x14 0x00000000800120be
core   0: 0x000000008000fee8 (0xfee43023) sd      a4, -32(s0)
core   0: 3 0x000000008000fee8 (0xfee43023) mem 0x0000000080031f50 0x00000000800120be
core   0: 0x000000008000feec (0xfc442703) lw      a4, -60(s0)
core   0: 3 0x000000008000feec (0xfc442703) x14 0x0000000000000000 mem 0x0000000080031f34
core   0: 0x000000008000fef0 (0x0ff77713) andi    a4, a4, 255
core   0: 3 0x000000008000fef0 (0x0ff77713) x14 0x0000000000000000
core   0: 0x000000008000fef4 (0x00e78023) sb      a4, 0(a5)
core   0: 3 0x000000008000fef4 (0x00e78023) mem 0x00000000800120bd 0x00
core   0: 0x000000008000fef8 (0xfc843703) ld      a4, -56(s0)
core   0: 3 0x000000008000fef8 (0xfc843703) x14 0x0000000080012040 mem 0x0000000080031f38
core   0: 0x000000008000fefc (0xfb843783) ld      a5, -72(s0)
core   0: 3 0x000000008000fefc (0xfb843783) x15 0x000000000000009c mem 0x0000000080031f28
core   0: 0x000000008000ff00 (0x000097ba) c.add   a5, a4
core   0: 3 0x000000008000ff00 (0x97ba) x15 0x00000000800120dc
core   0: 0x000000008000ff02 (0xfe043703) ld      a4, -32(s0)
core   0: 3 0x000000008000ff02 (0xfe043703) x14 0x00000000800120be mem 0x0000000080031f50
core   0: 0x000000008000ff06 (0xfcf76de3) bltu    a4, a5, pc - 38
core   0: 3 0x000000008000ff06 (0xfcf76de3)
core   0: 0x000000008000fee0 (0xfe043783) ld      a5, -32(s0)
core   0: 3 0x000000008000fee0 (0xfe043783) x15 0x00000000800120be mem 0x0000000080031f50
core   0: 0x000000008000fee4 (0x00178713) addi    a4, a5, 1
core   0: 3 0x000000008000fee4 (0x00178713) x14 0x00000000800120bf
core   0: 0x000000008000fee8 (0xfee43023) sd      a4, -32(s0)
core   0: 3 0x000000008000fee8 (0xfee43023) mem 0x0000000080031f50 0x00000000800120bf
core   0: 0x000000008000feec (0xfc442703) lw      a4, -60(s0)
core   0: 3 0x000000008000feec (0xfc442703) x14 0x0000000000000000 mem 0x0000000080031f34
core   0: 0x000000008000fef0 (0x0ff77713) andi    a4, a4, 255
core   0: 3 0x000000008000fef0 (0x0ff77713) x14 0x0000000000000000
core   0: 0x000000008000fef4 (0x00e78023) sb      a4, 0(a5)
core   0: 3 0x000000008000fef4 (0x00e78023) mem 0x00000000800120be 0x00
core   0: 0x000000008000fef8 (0xfc843703) ld      a4, -56(s0)
core   0: 3 0x000000008000fef8 (0xfc843703) x14 0x0000000080012040 mem 0x0000000080031f38
core   0: 0x000000008000fefc (0xfb843783) ld      a5, -72(s0)
core   0: 3 0x000000008000fefc (0xfb843783) x15 0x000000000000009c mem 0x0000000080031f28
core   0: 0x000000008000ff00 (0x000097ba) c.add   a5, a4
core   0: 3 0x000000008000ff00 (0x97ba) x15 0x00000000800120dc
core   0: 0x000000008000ff02 (0xfe043703) ld      a4, -32(s0)
core   0: 3 0x000000008000ff02 (0xfe043703) x14 0x00000000800120bf mem 0x0000000080031f50
core   0: 0x000000008000ff06 (0xfcf76de3) bltu    a4, a5, pc - 38
core   0: 3 0x000000008000ff06 (0xfcf76de3)
core   0: 0x000000008000fee0 (0xfe043783) ld      a5, -32(s0)
core   0: 3 0x000000008000fee0 (0xfe043783) x15 0x00000000800120bf mem 0x0000000080031f50
core   0: 0x000000008000fee4 (0x00178713) addi    a4, a5, 1
core   0: 3 0x000000008000fee4 (0x00178713) x14 0x00000000800120c0
core   0: 0x000000008000fee8 (0xfee43023) sd      a4, -32(s0)
core   0: 3 0x000000008000fee8 (0xfee43023) mem 0x0000000080031f50 0x00000000800120c0
core   0: 0x000000008000feec (0xfc442703) lw      a4, -60(s0)
core   0: 3 0x000000008000feec (0xfc442703) x14 0x0000000000000000 mem 0x0000000080031f34
core   0: 0x000000008000fef0 (0x0ff77713) andi    a4, a4, 255
core   0: 3 0x000000008000fef0 (0x0ff77713) x14 0x0000000000000000
core   0: 0x000000008000fef4 (0x00e78023) sb      a4, 0(a5)
core   0: 3 0x000000008000fef4 (0x00e78023) mem 0x00000000800120bf 0x00
core   0: 0x000000008000fef8 (0xfc843703) ld      a4, -56(s0)
core   0: 3 0x000000008000fef8 (0xfc843703) x14 0x0000000080012040 mem 0x0000000080031f38
core   0: 0x000000008000fefc (0xfb843783) ld      a5, -72(s0)
core   0: 3 0x000000008000fefc (0xfb843783) x15 0x000000000000009c mem 0x0000000080031f28
core   0: 0x000000008000ff00 (0x000097ba) c.add   a5, a4
core   0: 3 0x000000008000ff00 (0x97ba) x15 0x00000000800120dc
core   0: 0x000000008000ff02 (0xfe043703) ld      a4, -32(s0)
core   0: 3 0x000000008000ff02 (0xfe043703) x14 0x00000000800120c0 mem 0x0000000080031f50
core   0: 0x000000008000ff06 (0xfcf76de3) bltu    a4, a5, pc - 38
core   0: 3 0x000000008000ff06 (0xfcf76de3)
core   0: 0x000000008000fee0 (0xfe043783) ld      a5, -32(s0)
core   0: 3 0x000000008000fee0 (0xfe043783) x15 0x00000000800120c0 mem 0x0000000080031f50
core   0: 0x000000008000fee4 (0x00178713) addi    a4, a5, 1
core   0: 3 0x000000008000fee4 (0x00178713) x14 0x00000000800120c1
core   0: 0x000000008000fee8 (0xfee43023) sd      a4, -32(s0)
core   0: 3 0x000000008000fee8 (0xfee43023) mem 0x0000000080031f50 0x00000000800120c1
core   0: 0x000000008000feec (0xfc442703) lw      a4, -60(s0)
core   0: 3 0x000000008000feec (0xfc442703) x14 0x0000000000000000 mem 0x0000000080031f34
core   0: 0x000000008000fef0 (0x0ff77713) andi    a4, a4, 255
core   0: 3 0x000000008000fef0 (0x0ff77713) x14 0x0000000000000000
core   0: 0x000000008000fef4 (0x00e78023) sb      a4, 0(a5)
core   0: 3 0x000000008000fef4 (0x00e78023) mem 0x00000000800120c0 0x00
core   0: 0x000000008000fef8 (0xfc843703) ld      a4, -56(s0)
core   0: 3 0x000000008000fef8 (0xfc843703) x14 0x0000000080012040 mem 0x0000000080031f38
core   0: 0x000000008000fefc (0xfb843783) ld      a5, -72(s0)
core   0: 3 0x000000008000fefc (0xfb843783) x15 0x000000000000009c mem 0x0000000080031f28
core   0: 0x000000008000ff00 (0x000097ba) c.add   a5, a4
core   0: 3 0x000000008000ff00 (0x97ba) x15 0x00000000800120dc
core   0: 0x000000008000ff02 (0xfe043703) ld      a4, -32(s0)
core   0: 3 0x000000008000ff02 (0xfe043703) x14 0x00000000800120c1 mem 0x0000000080031f50
core   0: 0x000000008000ff06 (0xfcf76de3) bltu    a4, a5, pc - 38
core   0: 3 0x000000008000ff06 (0xfcf76de3)
core   0: 0x000000008000fee0 (0xfe043783) ld      a5, -32(s0)
core   0: 3 0x000000008000fee0 (0xfe043783) x15 0x00000000800120c1 mem 0x0000000080031f50
core   0: 0x000000008000fee4 (0x00178713) addi    a4, a5, 1
core   0: 3 0x000000008000fee4 (0x00178713) x14 0x00000000800120c2
core   0: 0x000000008000fee8 (0xfee43023) sd      a4, -32(s0)
core   0: 3 0x000000008000fee8 (0xfee43023) mem 0x0000000080031f50 0x00000000800120c2
core   0: 0x000000008000feec (0xfc442703) lw      a4, -60(s0)
core   0: 3 0x000000008000feec (0xfc442703) x14 0x0000000000000000 mem 0x0000000080031f34
core   0: 0x000000008000fef0 (0x0ff77713) andi    a4, a4, 255
core   0: 3 0x000000008000fef0 (0x0ff77713) x14 0x0000000000000000
core   0: 0x000000008000fef4 (0x00e78023) sb      a4, 0(a5)
core   0: 3 0x000000008000fef4 (0x00e78023) mem 0x00000000800120c1 0x00
core   0: 0x000000008000fef8 (0xfc843703) ld      a4, -56(s0)
core   0: 3 0x000000008000fef8 (0xfc843703) x14 0x0000000080012040 mem 0x0000000080031f38
core   0: 0x000000008000fefc (0xfb843783) ld      a5, -72(s0)
core   0: 3 0x000000008000fefc (0xfb843783) x15 0x000000000000009c mem 0x0000000080031f28
core   0: 0x000000008000ff00 (0x000097ba) c.add   a5, a4
core   0: 3 0x000000008000ff00 (0x97ba) x15 0x00000000800120dc
core   0: 0x000000008000ff02 (0xfe043703) ld      a4, -32(s0)
core   0: 3 0x000000008000ff02 (0xfe043703) x14 0x00000000800120c2 mem 0x0000000080031f50
core   0: 0x000000008000ff06 (0xfcf76de3) bltu    a4, a5, pc - 38
core   0: 3 0x000000008000ff06 (0xfcf76de3)
core   0: 0x000000008000fee0 (0xfe043783) ld      a5, -32(s0)
core   0: 3 0x000000008000fee0 (0xfe043783) x15 0x00000000800120c2 mem 0x0000000080031f50
core   0: 0x000000008000fee4 (0x00178713) addi    a4, a5, 1
core   0: 3 0x000000008000fee4 (0x00178713) x14 0x00000000800120c3
core   0: 0x000000008000fee8 (0xfee43023) sd      a4, -32(s0)
core   0: 3 0x000000008000fee8 (0xfee43023) mem 0x0000000080031f50 0x00000000800120c3
core   0: 0x000000008000feec (0xfc442703) lw      a4, -60(s0)
core   0: 3 0x000000008000feec (0xfc442703) x14 0x0000000000000000 mem 0x0000000080031f34
core   0: 0x000000008000fef0 (0x0ff77713) andi    a4, a4, 255
core   0: 3 0x000000008000fef0 (0x0ff77713) x14 0x0000000000000000
core   0: 0x000000008000fef4 (0x00e78023) sb      a4, 0(a5)
core   0: 3 0x000000008000fef4 (0x00e78023) mem 0x00000000800120c2 0x00
core   0: 0x000000008000fef8 (0xfc843703) ld      a4, -56(s0)
core   0: 3 0x000000008000fef8 (0xfc843703) x14 0x0000000080012040 mem 0x0000000080031f38
core   0: 0x000000008000fefc (0xfb843783) ld      a5, -72(s0)
core   0: 3 0x000000008000fefc (0xfb843783) x15 0x000000000000009c mem 0x0000000080031f28
core   0: 0x000000008000ff00 (0x000097ba) c.add   a5, a4
core   0: 3 0x000000008000ff00 (0x97ba) x15 0x00000000800120dc
core   0: 0x000000008000ff02 (0xfe043703) ld      a4, -32(s0)
core   0: 3 0x000000008000ff02 (0xfe043703) x14 0x00000000800120c3 mem 0x0000000080031f50
core   0: 0x000000008000ff06 (0xfcf76de3) bltu    a4, a5, pc - 38
core   0: 3 0x000000008000ff06 (0xfcf76de3)
core   0: 0x000000008000fee0 (0xfe043783) ld      a5, -32(s0)
core   0: 3 0x000000008000fee0 (0xfe043783) x15 0x00000000800120c3 mem 0x0000000080031f50
core   0: 0x000000008000fee4 (0x00178713) addi    a4, a5, 1
core   0: 3 0x000000008000fee4 (0x00178713) x14 0x00000000800120c4
core   0: 0x000000008000fee8 (0xfee43023) sd      a4, -32(s0)
core   0: 3 0x000000008000fee8 (0xfee43023) mem 0x0000000080031f50 0x00000000800120c4
core   0: 0x000000008000feec (0xfc442703) lw      a4, -60(s0)
core   0: 3 0x000000008000feec (0xfc442703) x14 0x0000000000000000 mem 0x0000000080031f34
core   0: 0x000000008000fef0 (0x0ff77713) andi    a4, a4, 255
core   0: 3 0x000000008000fef0 (0x0ff77713) x14 0x0000000000000000
core   0: 0x000000008000fef4 (0x00e78023) sb      a4, 0(a5)
core   0: 3 0x000000008000fef4 (0x00e78023) mem 0x00000000800120c3 0x00
core   0: 0x000000008000fef8 (0xfc843703) ld      a4, -56(s0)
core   0: 3 0x000000008000fef8 (0xfc843703) x14 0x0000000080012040 mem 0x0000000080031f38
core   0: 0x000000008000fefc (0xfb843783) ld      a5, -72(s0)
core   0: 3 0x000000008000fefc (0xfb843783) x15 0x000000000000009c mem 0x0000000080031f28
core   0: 0x000000008000ff00 (0x000097ba) c.add   a5, a4
core   0: 3 0x000000008000ff00 (0x97ba) x15 0x00000000800120dc
core   0: 0x000000008000ff02 (0xfe043703) ld      a4, -32(s0)
core   0: 3 0x000000008000ff02 (0xfe043703) x14 0x00000000800120c4 mem 0x0000000080031f50
core   0: 0x000000008000ff06 (0xfcf76de3) bltu    a4, a5, pc - 38
core   0: 3 0x000000008000ff06 (0xfcf76de3)
core   0: 0x000000008000fee0 (0xfe043783) ld      a5, -32(s0)
core   0: 3 0x000000008000fee0 (0xfe043783) x15 0x00000000800120c4 mem 0x0000000080031f50
core   0: 0x000000008000fee4 (0x00178713) addi    a4, a5, 1
core   0: 3 0x000000008000fee4 (0x00178713) x14 0x00000000800120c5
core   0: 0x000000008000fee8 (0xfee43023) sd      a4, -32(s0)
core   0: 3 0x000000008000fee8 (0xfee43023) mem 0x0000000080031f50 0x00000000800120c5
core   0: 0x000000008000feec (0xfc442703) lw      a4, -60(s0)
core   0: 3 0x000000008000feec (0xfc442703) x14 0x0000000000000000 mem 0x0000000080031f34
core   0: 0x000000008000fef0 (0x0ff77713) andi    a4, a4, 255
core   0: 3 0x000000008000fef0 (0x0ff77713) x14 0x0000000000000000
core   0: 0x000000008000fef4 (0x00e78023) sb      a4, 0(a5)
core   0: 3 0x000000008000fef4 (0x00e78023) mem 0x00000000800120c4 0x00
core   0: 0x000000008000fef8 (0xfc843703) ld      a4, -56(s0)
core   0: 3 0x000000008000fef8 (0xfc843703) x14 0x0000000080012040 mem 0x0000000080031f38
core   0: 0x000000008000fefc (0xfb843783) ld      a5, -72(s0)
core   0: 3 0x000000008000fefc (0xfb843783) x15 0x000000000000009c mem 0x0000000080031f28
core   0: 0x000000008000ff00 (0x000097ba) c.add   a5, a4
core   0: 3 0x000000008000ff00 (0x97ba) x15 0x00000000800120dc
core   0: 0x000000008000ff02 (0xfe043703) ld      a4, -32(s0)
core   0: 3 0x000000008000ff02 (0xfe043703) x14 0x00000000800120c5 mem 0x0000000080031f50
core   0: 0x000000008000ff06 (0xfcf76de3) bltu    a4, a5, pc - 38
core   0: 3 0x000000008000ff06 (0xfcf76de3)
core   0: 0x000000008000fee0 (0xfe043783) ld      a5, -32(s0)
core   0: 3 0x000000008000fee0 (0xfe043783) x15 0x00000000800120c5 mem 0x0000000080031f50
core   0: 0x000000008000fee4 (0x00178713) addi    a4, a5, 1
core   0: 3 0x000000008000fee4 (0x00178713) x14 0x00000000800120c6
core   0: 0x000000008000fee8 (0xfee43023) sd      a4, -32(s0)
core   0: 3 0x000000008000fee8 (0xfee43023) mem 0x0000000080031f50 0x00000000800120c6
core   0: 0x000000008000feec (0xfc442703) lw      a4, -60(s0)
core   0: 3 0x000000008000feec (0xfc442703) x14 0x0000000000000000 mem 0x0000000080031f34
core   0: 0x000000008000fef0 (0x0ff77713) andi    a4, a4, 255
core   0: 3 0x000000008000fef0 (0x0ff77713) x14 0x0000000000000000
core   0: 0x000000008000fef4 (0x00e78023) sb      a4, 0(a5)
core   0: 3 0x000000008000fef4 (0x00e78023) mem 0x00000000800120c5 0x00
core   0: 0x000000008000fef8 (0xfc843703) ld      a4, -56(s0)
core   0: 3 0x000000008000fef8 (0xfc843703) x14 0x0000000080012040 mem 0x0000000080031f38
core   0: 0x000000008000fefc (0xfb843783) ld      a5, -72(s0)
core   0: 3 0x000000008000fefc (0xfb843783) x15 0x000000000000009c mem 0x0000000080031f28
core   0: 0x000000008000ff00 (0x000097ba) c.add   a5, a4
core   0: 3 0x000000008000ff00 (0x97ba) x15 0x00000000800120dc
core   0: 0x000000008000ff02 (0xfe043703) ld      a4, -32(s0)
core   0: 3 0x000000008000ff02 (0xfe043703) x14 0x00000000800120c6 mem 0x0000000080031f50
core   0: 0x000000008000ff06 (0xfcf76de3) bltu    a4, a5, pc - 38
core   0: 3 0x000000008000ff06 (0xfcf76de3)
core   0: 0x000000008000fee0 (0xfe043783) ld      a5, -32(s0)
core   0: 3 0x000000008000fee0 (0xfe043783) x15 0x00000000800120c6 mem 0x0000000080031f50
core   0: 0x000000008000fee4 (0x00178713) addi    a4, a5, 1
core   0: 3 0x000000008000fee4 (0x00178713) x14 0x00000000800120c7
core   0: 0x000000008000fee8 (0xfee43023) sd      a4, -32(s0)
core   0: 3 0x000000008000fee8 (0xfee43023) mem 0x0000000080031f50 0x00000000800120c7
core   0: 0x000000008000feec (0xfc442703) lw      a4, -60(s0)
core   0: 3 0x000000008000feec (0xfc442703) x14 0x0000000000000000 mem 0x0000000080031f34
core   0: 0x000000008000fef0 (0x0ff77713) andi    a4, a4, 255
core   0: 3 0x000000008000fef0 (0x0ff77713) x14 0x0000000000000000
core   0: 0x000000008000fef4 (0x00e78023) sb      a4, 0(a5)
core   0: 3 0x000000008000fef4 (0x00e78023) mem 0x00000000800120c6 0x00
core   0: 0x000000008000fef8 (0xfc843703) ld      a4, -56(s0)
core   0: 3 0x000000008000fef8 (0xfc843703) x14 0x0000000080012040 mem 0x0000000080031f38
core   0: 0x000000008000fefc (0xfb843783) ld      a5, -72(s0)
core   0: 3 0x000000008000fefc (0xfb843783) x15 0x000000000000009c mem 0x0000000080031f28
core   0: 0x000000008000ff00 (0x000097ba) c.add   a5, a4
core   0: 3 0x000000008000ff00 (0x97ba) x15 0x00000000800120dc
core   0: 0x000000008000ff02 (0xfe043703) ld      a4, -32(s0)
core   0: 3 0x000000008000ff02 (0xfe043703) x14 0x00000000800120c7 mem 0x0000000080031f50
core   0: 0x000000008000ff06 (0xfcf76de3) bltu    a4, a5, pc - 38
core   0: 3 0x000000008000ff06 (0xfcf76de3)
core   0: 0x000000008000fee0 (0xfe043783) ld      a5, -32(s0)
core   0: 3 0x000000008000fee0 (0xfe043783) x15 0x00000000800120c7 mem 0x0000000080031f50
core   0: 0x000000008000fee4 (0x00178713) addi    a4, a5, 1
core   0: 3 0x000000008000fee4 (0x00178713) x14 0x00000000800120c8
core   0: 0x000000008000fee8 (0xfee43023) sd      a4, -32(s0)
core   0: 3 0x000000008000fee8 (0xfee43023) mem 0x0000000080031f50 0x00000000800120c8
core   0: 0x000000008000feec (0xfc442703) lw      a4, -60(s0)
core   0: 3 0x000000008000feec (0xfc442703) x14 0x0000000000000000 mem 0x0000000080031f34
core   0: 0x000000008000fef0 (0x0ff77713) andi    a4, a4, 255
core   0: 3 0x000000008000fef0 (0x0ff77713) x14 0x0000000000000000
core   0: 0x000000008000fef4 (0x00e78023) sb      a4, 0(a5)
core   0: 3 0x000000008000fef4 (0x00e78023) mem 0x00000000800120c7 0x00
core   0: 0x000000008000fef8 (0xfc843703) ld      a4, -56(s0)
core   0: 3 0x000000008000fef8 (0xfc843703) x14 0x0000000080012040 mem 0x0000000080031f38
core   0: 0x000000008000fefc (0xfb843783) ld      a5, -72(s0)
core   0: 3 0x000000008000fefc (0xfb843783) x15 0x000000000000009c mem 0x0000000080031f28
core   0: 0x000000008000ff00 (0x000097ba) c.add   a5, a4
core   0: 3 0x000000008000ff00 (0x97ba) x15 0x00000000800120dc
core   0: 0x000000008000ff02 (0xfe043703) ld      a4, -32(s0)
core   0: 3 0x000000008000ff02 (0xfe043703) x14 0x00000000800120c8 mem 0x0000000080031f50
core   0: 0x000000008000ff06 (0xfcf76de3) bltu    a4, a5, pc - 38
core   0: 3 0x000000008000ff06 (0xfcf76de3)
core   0: 0x000000008000fee0 (0xfe043783) ld      a5, -32(s0)
core   0: 3 0x000000008000fee0 (0xfe043783) x15 0x00000000800120c8 mem 0x0000000080031f50
core   0: 0x000000008000fee4 (0x00178713) addi    a4, a5, 1
core   0: 3 0x000000008000fee4 (0x00178713) x14 0x00000000800120c9
core   0: 0x000000008000fee8 (0xfee43023) sd      a4, -32(s0)
core   0: 3 0x000000008000fee8 (0xfee43023) mem 0x0000000080031f50 0x00000000800120c9
core   0: 0x000000008000feec (0xfc442703) lw      a4, -60(s0)
core   0: 3 0x000000008000feec (0xfc442703) x14 0x0000000000000000 mem 0x0000000080031f34
core   0: 0x000000008000fef0 (0x0ff77713) andi    a4, a4, 255
core   0: 3 0x000000008000fef0 (0x0ff77713) x14 0x0000000000000000
core   0: 0x000000008000fef4 (0x00e78023) sb      a4, 0(a5)
core   0: 3 0x000000008000fef4 (0x00e78023) mem 0x00000000800120c8 0x00
core   0: 0x000000008000fef8 (0xfc843703) ld      a4, -56(s0)
core   0: 3 0x000000008000fef8 (0xfc843703) x14 0x0000000080012040 mem 0x0000000080031f38
core   0: 0x000000008000fefc (0xfb843783) ld      a5, -72(s0)
core   0: 3 0x000000008000fefc (0xfb843783) x15 0x000000000000009c mem 0x0000000080031f28
core   0: 0x000000008000ff00 (0x000097ba) c.add   a5, a4
core   0: 3 0x000000008000ff00 (0x97ba) x15 0x00000000800120dc
core   0: 0x000000008000ff02 (0xfe043703) ld      a4, -32(s0)
core   0: 3 0x000000008000ff02 (0xfe043703) x14 0x00000000800120c9 mem 0x0000000080031f50
core   0: 0x000000008000ff06 (0xfcf76de3) bltu    a4, a5, pc - 38
core   0: 3 0x000000008000ff06 (0xfcf76de3)
core   0: 0x000000008000fee0 (0xfe043783) ld      a5, -32(s0)
core   0: 3 0x000000008000fee0 (0xfe043783) x15 0x00000000800120c9 mem 0x0000000080031f50
core   0: 0x000000008000fee4 (0x00178713) addi    a4, a5, 1
core   0: 3 0x000000008000fee4 (0x00178713) x14 0x00000000800120ca
core   0: 0x000000008000fee8 (0xfee43023) sd      a4, -32(s0)
core   0: 3 0x000000008000fee8 (0xfee43023) mem 0x0000000080031f50 0x00000000800120ca
core   0: 0x000000008000feec (0xfc442703) lw      a4, -60(s0)
core   0: 3 0x000000008000feec (0xfc442703) x14 0x0000000000000000 mem 0x0000000080031f34
core   0: 0x000000008000fef0 (0x0ff77713) andi    a4, a4, 255
core   0: 3 0x000000008000fef0 (0x0ff77713) x14 0x0000000000000000
core   0: 0x000000008000fef4 (0x00e78023) sb      a4, 0(a5)
core   0: 3 0x000000008000fef4 (0x00e78023) mem 0x00000000800120c9 0x00
core   0: 0x000000008000fef8 (0xfc843703) ld      a4, -56(s0)
core   0: 3 0x000000008000fef8 (0xfc843703) x14 0x0000000080012040 mem 0x0000000080031f38
core   0: 0x000000008000fefc (0xfb843783) ld      a5, -72(s0)
core   0: 3 0x000000008000fefc (0xfb843783) x15 0x000000000000009c mem 0x0000000080031f28
core   0: 0x000000008000ff00 (0x000097ba) c.add   a5, a4
core   0: 3 0x000000008000ff00 (0x97ba) x15 0x00000000800120dc
core   0: 0x000000008000ff02 (0xfe043703) ld      a4, -32(s0)
core   0: 3 0x000000008000ff02 (0xfe043703) x14 0x00000000800120ca mem 0x0000000080031f50
core   0: 0x000000008000ff06 (0xfcf76de3) bltu    a4, a5, pc - 38
core   0: 3 0x000000008000ff06 (0xfcf76de3)
core   0: 0x000000008000fee0 (0xfe043783) ld      a5, -32(s0)
core   0: 3 0x000000008000fee0 (0xfe043783) x15 0x00000000800120ca mem 0x0000000080031f50
core   0: 0x000000008000fee4 (0x00178713) addi    a4, a5, 1
core   0: 3 0x000000008000fee4 (0x00178713) x14 0x00000000800120cb
core   0: 0x000000008000fee8 (0xfee43023) sd      a4, -32(s0)
core   0: 3 0x000000008000fee8 (0xfee43023) mem 0x0000000080031f50 0x00000000800120cb
core   0: 0x000000008000feec (0xfc442703) lw      a4, -60(s0)
core   0: 3 0x000000008000feec (0xfc442703) x14 0x0000000000000000 mem 0x0000000080031f34
core   0: 0x000000008000fef0 (0x0ff77713) andi    a4, a4, 255
core   0: 3 0x000000008000fef0 (0x0ff77713) x14 0x0000000000000000
core   0: 0x000000008000fef4 (0x00e78023) sb      a4, 0(a5)
core   0: 3 0x000000008000fef4 (0x00e78023) mem 0x00000000800120ca 0x00
core   0: 0x000000008000fef8 (0xfc843703) ld      a4, -56(s0)
core   0: 3 0x000000008000fef8 (0xfc843703) x14 0x0000000080012040 mem 0x0000000080031f38
core   0: 0x000000008000fefc (0xfb843783) ld      a5, -72(s0)
core   0: 3 0x000000008000fefc (0xfb843783) x15 0x000000000000009c mem 0x0000000080031f28
core   0: 0x000000008000ff00 (0x000097ba) c.add   a5, a4
core   0: 3 0x000000008000ff00 (0x97ba) x15 0x00000000800120dc
core   0: 0x000000008000ff02 (0xfe043703) ld      a4, -32(s0)
core   0: 3 0x000000008000ff02 (0xfe043703) x14 0x00000000800120cb mem 0x0000000080031f50
core   0: 0x000000008000ff06 (0xfcf76de3) bltu    a4, a5, pc - 38
core   0: 3 0x000000008000ff06 (0xfcf76de3)
core   0: 0x000000008000fee0 (0xfe043783) ld      a5, -32(s0)
core   0: 3 0x000000008000fee0 (0xfe043783) x15 0x00000000800120cb mem 0x0000000080031f50
core   0: 0x000000008000fee4 (0x00178713) addi    a4, a5, 1
core   0: 3 0x000000008000fee4 (0x00178713) x14 0x00000000800120cc
core   0: 0x000000008000fee8 (0xfee43023) sd      a4, -32(s0)
core   0: 3 0x000000008000fee8 (0xfee43023) mem 0x0000000080031f50 0x00000000800120cc
core   0: 0x000000008000feec (0xfc442703) lw      a4, -60(s0)
core   0: 3 0x000000008000feec (0xfc442703) x14 0x0000000000000000 mem 0x0000000080031f34
core   0: 0x000000008000fef0 (0x0ff77713) andi    a4, a4, 255
core   0: 3 0x000000008000fef0 (0x0ff77713) x14 0x0000000000000000
core   0: 0x000000008000fef4 (0x00e78023) sb      a4, 0(a5)
core   0: 3 0x000000008000fef4 (0x00e78023) mem 0x00000000800120cb 0x00
core   0: 0x000000008000fef8 (0xfc843703) ld      a4, -56(s0)
core   0: 3 0x000000008000fef8 (0xfc843703) x14 0x0000000080012040 mem 0x0000000080031f38
core   0: 0x000000008000fefc (0xfb843783) ld      a5, -72(s0)
core   0: 3 0x000000008000fefc (0xfb843783) x15 0x000000000000009c mem 0x0000000080031f28
core   0: 0x000000008000ff00 (0x000097ba) c.add   a5, a4
core   0: 3 0x000000008000ff00 (0x97ba) x15 0x00000000800120dc
core   0: 0x000000008000ff02 (0xfe043703) ld      a4, -32(s0)
core   0: 3 0x000000008000ff02 (0xfe043703) x14 0x00000000800120cc mem 0x0000000080031f50
core   0: 0x000000008000ff06 (0xfcf76de3) bltu    a4, a5, pc - 38
core   0: 3 0x000000008000ff06 (0xfcf76de3)
core   0: 0x000000008000fee0 (0xfe043783) ld      a5, -32(s0)
core   0: 3 0x000000008000fee0 (0xfe043783) x15 0x00000000800120cc mem 0x0000000080031f50
core   0: 0x000000008000fee4 (0x00178713) addi    a4, a5, 1
core   0: 3 0x000000008000fee4 (0x00178713) x14 0x00000000800120cd
core   0: 0x000000008000fee8 (0xfee43023) sd      a4, -32(s0)
core   0: 3 0x000000008000fee8 (0xfee43023) mem 0x0000000080031f50 0x00000000800120cd
core   0: 0x000000008000feec (0xfc442703) lw      a4, -60(s0)
core   0: 3 0x000000008000feec (0xfc442703) x14 0x0000000000000000 mem 0x0000000080031f34
core   0: 0x000000008000fef0 (0x0ff77713) andi    a4, a4, 255
core   0: 3 0x000000008000fef0 (0x0ff77713) x14 0x0000000000000000
core   0: 0x000000008000fef4 (0x00e78023) sb      a4, 0(a5)
core   0: 3 0x000000008000fef4 (0x00e78023) mem 0x00000000800120cc 0x00
core   0: 0x000000008000fef8 (0xfc843703) ld      a4, -56(s0)
core   0: 3 0x000000008000fef8 (0xfc843703) x14 0x0000000080012040 mem 0x0000000080031f38
core   0: 0x000000008000fefc (0xfb843783) ld      a5, -72(s0)
core   0: 3 0x000000008000fefc (0xfb843783) x15 0x000000000000009c mem 0x0000000080031f28
core   0: 0x000000008000ff00 (0x000097ba) c.add   a5, a4
core   0: 3 0x000000008000ff00 (0x97ba) x15 0x00000000800120dc
core   0: 0x000000008000ff02 (0xfe043703) ld      a4, -32(s0)
core   0: 3 0x000000008000ff02 (0xfe043703) x14 0x00000000800120cd mem 0x0000000080031f50
core   0: 0x000000008000ff06 (0xfcf76de3) bltu    a4, a5, pc - 38
core   0: 3 0x000000008000ff06 (0xfcf76de3)
core   0: 0x000000008000fee0 (0xfe043783) ld      a5, -32(s0)
core   0: 3 0x000000008000fee0 (0xfe043783) x15 0x00000000800120cd mem 0x0000000080031f50
core   0: 0x000000008000fee4 (0x00178713) addi    a4, a5, 1
core   0: 3 0x000000008000fee4 (0x00178713) x14 0x00000000800120ce
core   0: 0x000000008000fee8 (0xfee43023) sd      a4, -32(s0)
core   0: 3 0x000000008000fee8 (0xfee43023) mem 0x0000000080031f50 0x00000000800120ce
core   0: 0x000000008000feec (0xfc442703) lw      a4, -60(s0)
core   0: 3 0x000000008000feec (0xfc442703) x14 0x0000000000000000 mem 0x0000000080031f34
core   0: 0x000000008000fef0 (0x0ff77713) andi    a4, a4, 255
core   0: 3 0x000000008000fef0 (0x0ff77713) x14 0x0000000000000000
core   0: 0x000000008000fef4 (0x00e78023) sb      a4, 0(a5)
core   0: 3 0x000000008000fef4 (0x00e78023) mem 0x00000000800120cd 0x00
core   0: 0x000000008000fef8 (0xfc843703) ld      a4, -56(s0)
core   0: 3 0x000000008000fef8 (0xfc843703) x14 0x0000000080012040 mem 0x0000000080031f38
core   0: 0x000000008000fefc (0xfb843783) ld      a5, -72(s0)
core   0: 3 0x000000008000fefc (0xfb843783) x15 0x000000000000009c mem 0x0000000080031f28
core   0: 0x000000008000ff00 (0x000097ba) c.add   a5, a4
core   0: 3 0x000000008000ff00 (0x97ba) x15 0x00000000800120dc
core   0: 0x000000008000ff02 (0xfe043703) ld      a4, -32(s0)
core   0: 3 0x000000008000ff02 (0xfe043703) x14 0x00000000800120ce mem 0x0000000080031f50
core   0: 0x000000008000ff06 (0xfcf76de3) bltu    a4, a5, pc - 38
core   0: 3 0x000000008000ff06 (0xfcf76de3)
core   0: 0x000000008000fee0 (0xfe043783) ld      a5, -32(s0)
core   0: 3 0x000000008000fee0 (0xfe043783) x15 0x00000000800120ce mem 0x0000000080031f50
core   0: 0x000000008000fee4 (0x00178713) addi    a4, a5, 1
core   0: 3 0x000000008000fee4 (0x00178713) x14 0x00000000800120cf
core   0: 0x000000008000fee8 (0xfee43023) sd      a4, -32(s0)
core   0: 3 0x000000008000fee8 (0xfee43023) mem 0x0000000080031f50 0x00000000800120cf
core   0: 0x000000008000feec (0xfc442703) lw      a4, -60(s0)
core   0: 3 0x000000008000feec (0xfc442703) x14 0x0000000000000000 mem 0x0000000080031f34
core   0: 0x000000008000fef0 (0x0ff77713) andi    a4, a4, 255
core   0: 3 0x000000008000fef0 (0x0ff77713) x14 0x0000000000000000
core   0: 0x000000008000fef4 (0x00e78023) sb      a4, 0(a5)
core   0: 3 0x000000008000fef4 (0x00e78023) mem 0x00000000800120ce 0x00
core   0: 0x000000008000fef8 (0xfc843703) ld      a4, -56(s0)
core   0: 3 0x000000008000fef8 (0xfc843703) x14 0x0000000080012040 mem 0x0000000080031f38
core   0: 0x000000008000fefc (0xfb843783) ld      a5, -72(s0)
core   0: 3 0x000000008000fefc (0xfb843783) x15 0x000000000000009c mem 0x0000000080031f28
core   0: 0x000000008000ff00 (0x000097ba) c.add   a5, a4
core   0: 3 0x000000008000ff00 (0x97ba) x15 0x00000000800120dc
core   0: 0x000000008000ff02 (0xfe043703) ld      a4, -32(s0)
core   0: 3 0x000000008000ff02 (0xfe043703) x14 0x00000000800120cf mem 0x0000000080031f50
core   0: 0x000000008000ff06 (0xfcf76de3) bltu    a4, a5, pc - 38
core   0: 3 0x000000008000ff06 (0xfcf76de3)
core   0: 0x000000008000fee0 (0xfe043783) ld      a5, -32(s0)
core   0: 3 0x000000008000fee0 (0xfe043783) x15 0x00000000800120cf mem 0x0000000080031f50
core   0: 0x000000008000fee4 (0x00178713) addi    a4, a5, 1
core   0: 3 0x000000008000fee4 (0x00178713) x14 0x00000000800120d0
core   0: 0x000000008000fee8 (0xfee43023) sd      a4, -32(s0)
core   0: 3 0x000000008000fee8 (0xfee43023) mem 0x0000000080031f50 0x00000000800120d0
core   0: 0x000000008000feec (0xfc442703) lw      a4, -60(s0)
core   0: 3 0x000000008000feec (0xfc442703) x14 0x0000000000000000 mem 0x0000000080031f34
core   0: 0x000000008000fef0 (0x0ff77713) andi    a4, a4, 255
core   0: 3 0x000000008000fef0 (0x0ff77713) x14 0x0000000000000000
core   0: 0x000000008000fef4 (0x00e78023) sb      a4, 0(a5)
core   0: 3 0x000000008000fef4 (0x00e78023) mem 0x00000000800120cf 0x00
core   0: 0x000000008000fef8 (0xfc843703) ld      a4, -56(s0)
core   0: 3 0x000000008000fef8 (0xfc843703) x14 0x0000000080012040 mem 0x0000000080031f38
core   0: 0x000000008000fefc (0xfb843783) ld      a5, -72(s0)
core   0: 3 0x000000008000fefc (0xfb843783) x15 0x000000000000009c mem 0x0000000080031f28
core   0: 0x000000008000ff00 (0x000097ba) c.add   a5, a4
core   0: 3 0x000000008000ff00 (0x97ba) x15 0x00000000800120dc
core   0: 0x000000008000ff02 (0xfe043703) ld      a4, -32(s0)
core   0: 3 0x000000008000ff02 (0xfe043703) x14 0x00000000800120d0 mem 0x0000000080031f50
core   0: 0x000000008000ff06 (0xfcf76de3) bltu    a4, a5, pc - 38
core   0: 3 0x000000008000ff06 (0xfcf76de3)
core   0: 0x000000008000fee0 (0xfe043783) ld      a5, -32(s0)
core   0: 3 0x000000008000fee0 (0xfe043783) x15 0x00000000800120d0 mem 0x0000000080031f50
core   0: 0x000000008000fee4 (0x00178713) addi    a4, a5, 1
core   0: 3 0x000000008000fee4 (0x00178713) x14 0x00000000800120d1
core   0: 0x000000008000fee8 (0xfee43023) sd      a4, -32(s0)
core   0: 3 0x000000008000fee8 (0xfee43023) mem 0x0000000080031f50 0x00000000800120d1
core   0: 0x000000008000feec (0xfc442703) lw      a4, -60(s0)
core   0: 3 0x000000008000feec (0xfc442703) x14 0x0000000000000000 mem 0x0000000080031f34
core   0: 0x000000008000fef0 (0x0ff77713) andi    a4, a4, 255
core   0: 3 0x000000008000fef0 (0x0ff77713) x14 0x0000000000000000
core   0: 0x000000008000fef4 (0x00e78023) sb      a4, 0(a5)
core   0: 3 0x000000008000fef4 (0x00e78023) mem 0x00000000800120d0 0x00
core   0: 0x000000008000fef8 (0xfc843703) ld      a4, -56(s0)
core   0: 3 0x000000008000fef8 (0xfc843703) x14 0x0000000080012040 mem 0x0000000080031f38
core   0: 0x000000008000fefc (0xfb843783) ld      a5, -72(s0)
core   0: 3 0x000000008000fefc (0xfb843783) x15 0x000000000000009c mem 0x0000000080031f28
core   0: 0x000000008000ff00 (0x000097ba) c.add   a5, a4
core   0: 3 0x000000008000ff00 (0x97ba) x15 0x00000000800120dc
core   0: 0x000000008000ff02 (0xfe043703) ld      a4, -32(s0)
core   0: 3 0x000000008000ff02 (0xfe043703) x14 0x00000000800120d1 mem 0x0000000080031f50
core   0: 0x000000008000ff06 (0xfcf76de3) bltu    a4, a5, pc - 38
core   0: 3 0x000000008000ff06 (0xfcf76de3)
core   0: 0x000000008000fee0 (0xfe043783) ld      a5, -32(s0)
core   0: 3 0x000000008000fee0 (0xfe043783) x15 0x00000000800120d1 mem 0x0000000080031f50
core   0: 0x000000008000fee4 (0x00178713) addi    a4, a5, 1
core   0: 3 0x000000008000fee4 (0x00178713) x14 0x00000000800120d2
core   0: 0x000000008000fee8 (0xfee43023) sd      a4, -32(s0)
core   0: 3 0x000000008000fee8 (0xfee43023) mem 0x0000000080031f50 0x00000000800120d2
core   0: 0x000000008000feec (0xfc442703) lw      a4, -60(s0)
core   0: 3 0x000000008000feec (0xfc442703) x14 0x0000000000000000 mem 0x0000000080031f34
core   0: 0x000000008000fef0 (0x0ff77713) andi    a4, a4, 255
core   0: 3 0x000000008000fef0 (0x0ff77713) x14 0x0000000000000000
core   0: 0x000000008000fef4 (0x00e78023) sb      a4, 0(a5)
core   0: 3 0x000000008000fef4 (0x00e78023) mem 0x00000000800120d1 0x00
core   0: 0x000000008000fef8 (0xfc843703) ld      a4, -56(s0)
core   0: 3 0x000000008000fef8 (0xfc843703) x14 0x0000000080012040 mem 0x0000000080031f38
core   0: 0x000000008000fefc (0xfb843783) ld      a5, -72(s0)
core   0: 3 0x000000008000fefc (0xfb843783) x15 0x000000000000009c mem 0x0000000080031f28
core   0: 0x000000008000ff00 (0x000097ba) c.add   a5, a4
core   0: 3 0x000000008000ff00 (0x97ba) x15 0x00000000800120dc
core   0: 0x000000008000ff02 (0xfe043703) ld      a4, -32(s0)
core   0: 3 0x000000008000ff02 (0xfe043703) x14 0x00000000800120d2 mem 0x0000000080031f50
core   0: 0x000000008000ff06 (0xfcf76de3) bltu    a4, a5, pc - 38
core   0: 3 0x000000008000ff06 (0xfcf76de3)
core   0: 0x000000008000fee0 (0xfe043783) ld      a5, -32(s0)
core   0: 3 0x000000008000fee0 (0xfe043783) x15 0x00000000800120d2 mem 0x0000000080031f50
core   0: 0x000000008000fee4 (0x00178713) addi    a4, a5, 1
core   0: 3 0x000000008000fee4 (0x00178713) x14 0x00000000800120d3
core   0: 0x000000008000fee8 (0xfee43023) sd      a4, -32(s0)
core   0: 3 0x000000008000fee8 (0xfee43023) mem 0x0000000080031f50 0x00000000800120d3
core   0: 0x000000008000feec (0xfc442703) lw      a4, -60(s0)
core   0: 3 0x000000008000feec (0xfc442703) x14 0x0000000000000000 mem 0x0000000080031f34
core   0: 0x000000008000fef0 (0x0ff77713) andi    a4, a4, 255
core   0: 3 0x000000008000fef0 (0x0ff77713) x14 0x0000000000000000
core   0: 0x000000008000fef4 (0x00e78023) sb      a4, 0(a5)
core   0: 3 0x000000008000fef4 (0x00e78023) mem 0x00000000800120d2 0x00
core   0: 0x000000008000fef8 (0xfc843703) ld      a4, -56(s0)
core   0: 3 0x000000008000fef8 (0xfc843703) x14 0x0000000080012040 mem 0x0000000080031f38
core   0: 0x000000008000fefc (0xfb843783) ld      a5, -72(s0)
core   0: 3 0x000000008000fefc (0xfb843783) x15 0x000000000000009c mem 0x0000000080031f28
core   0: 0x000000008000ff00 (0x000097ba) c.add   a5, a4
core   0: 3 0x000000008000ff00 (0x97ba) x15 0x00000000800120dc
core   0: 0x000000008000ff02 (0xfe043703) ld      a4, -32(s0)
core   0: 3 0x000000008000ff02 (0xfe043703) x14 0x00000000800120d3 mem 0x0000000080031f50
core   0: 0x000000008000ff06 (0xfcf76de3) bltu    a4, a5, pc - 38
core   0: 3 0x000000008000ff06 (0xfcf76de3)
core   0: 0x000000008000fee0 (0xfe043783) ld      a5, -32(s0)
core   0: 3 0x000000008000fee0 (0xfe043783) x15 0x00000000800120d3 mem 0x0000000080031f50
core   0: 0x000000008000fee4 (0x00178713) addi    a4, a5, 1
core   0: 3 0x000000008000fee4 (0x00178713) x14 0x00000000800120d4
core   0: 0x000000008000fee8 (0xfee43023) sd      a4, -32(s0)
core   0: 3 0x000000008000fee8 (0xfee43023) mem 0x0000000080031f50 0x00000000800120d4
core   0: 0x000000008000feec (0xfc442703) lw      a4, -60(s0)
core   0: 3 0x000000008000feec (0xfc442703) x14 0x0000000000000000 mem 0x0000000080031f34
core   0: 0x000000008000fef0 (0x0ff77713) andi    a4, a4, 255
core   0: 3 0x000000008000fef0 (0x0ff77713) x14 0x0000000000000000
core   0: 0x000000008000fef4 (0x00e78023) sb      a4, 0(a5)
core   0: 3 0x000000008000fef4 (0x00e78023) mem 0x00000000800120d3 0x00
core   0: 0x000000008000fef8 (0xfc843703) ld      a4, -56(s0)
core   0: 3 0x000000008000fef8 (0xfc843703) x14 0x0000000080012040 mem 0x0000000080031f38
core   0: 0x000000008000fefc (0xfb843783) ld      a5, -72(s0)
core   0: 3 0x000000008000fefc (0xfb843783) x15 0x000000000000009c mem 0x0000000080031f28
core   0: 0x000000008000ff00 (0x000097ba) c.add   a5, a4
core   0: 3 0x000000008000ff00 (0x97ba) x15 0x00000000800120dc
core   0: 0x000000008000ff02 (0xfe043703) ld      a4, -32(s0)
core   0: 3 0x000000008000ff02 (0xfe043703) x14 0x00000000800120d4 mem 0x0000000080031f50
core   0: 0x000000008000ff06 (0xfcf76de3) bltu    a4, a5, pc - 38
core   0: 3 0x000000008000ff06 (0xfcf76de3)
core   0: 0x000000008000fee0 (0xfe043783) ld      a5, -32(s0)
core   0: 3 0x000000008000fee0 (0xfe043783) x15 0x00000000800120d4 mem 0x0000000080031f50
core   0: 0x000000008000fee4 (0x00178713) addi    a4, a5, 1
core   0: 3 0x000000008000fee4 (0x00178713) x14 0x00000000800120d5
core   0: 0x000000008000fee8 (0xfee43023) sd      a4, -32(s0)
core   0: 3 0x000000008000fee8 (0xfee43023) mem 0x0000000080031f50 0x00000000800120d5
core   0: 0x000000008000feec (0xfc442703) lw      a4, -60(s0)
core   0: 3 0x000000008000feec (0xfc442703) x14 0x0000000000000000 mem 0x0000000080031f34
core   0: 0x000000008000fef0 (0x0ff77713) andi    a4, a4, 255
core   0: 3 0x000000008000fef0 (0x0ff77713) x14 0x0000000000000000
core   0: 0x000000008000fef4 (0x00e78023) sb      a4, 0(a5)
core   0: 3 0x000000008000fef4 (0x00e78023) mem 0x00000000800120d4 0x00
core   0: 0x000000008000fef8 (0xfc843703) ld      a4, -56(s0)
core   0: 3 0x000000008000fef8 (0xfc843703) x14 0x0000000080012040 mem 0x0000000080031f38
core   0: 0x000000008000fefc (0xfb843783) ld      a5, -72(s0)
core   0: 3 0x000000008000fefc (0xfb843783) x15 0x000000000000009c mem 0x0000000080031f28
core   0: 0x000000008000ff00 (0x000097ba) c.add   a5, a4
core   0: 3 0x000000008000ff00 (0x97ba) x15 0x00000000800120dc
core   0: 0x000000008000ff02 (0xfe043703) ld      a4, -32(s0)
core   0: 3 0x000000008000ff02 (0xfe043703) x14 0x00000000800120d5 mem 0x0000000080031f50
core   0: 0x000000008000ff06 (0xfcf76de3) bltu    a4, a5, pc - 38
core   0: 3 0x000000008000ff06 (0xfcf76de3)
core   0: 0x000000008000fee0 (0xfe043783) ld      a5, -32(s0)
core   0: 3 0x000000008000fee0 (0xfe043783) x15 0x00000000800120d5 mem 0x0000000080031f50
core   0: 0x000000008000fee4 (0x00178713) addi    a4, a5, 1
core   0: 3 0x000000008000fee4 (0x00178713) x14 0x00000000800120d6
core   0: 0x000000008000fee8 (0xfee43023) sd      a4, -32(s0)
core   0: 3 0x000000008000fee8 (0xfee43023) mem 0x0000000080031f50 0x00000000800120d6
core   0: 0x000000008000feec (0xfc442703) lw      a4, -60(s0)
core   0: 3 0x000000008000feec (0xfc442703) x14 0x0000000000000000 mem 0x0000000080031f34
core   0: 0x000000008000fef0 (0x0ff77713) andi    a4, a4, 255
core   0: 3 0x000000008000fef0 (0x0ff77713) x14 0x0000000000000000
core   0: 0x000000008000fef4 (0x00e78023) sb      a4, 0(a5)
core   0: 3 0x000000008000fef4 (0x00e78023) mem 0x00000000800120d5 0x00
core   0: 0x000000008000fef8 (0xfc843703) ld      a4, -56(s0)
core   0: 3 0x000000008000fef8 (0xfc843703) x14 0x0000000080012040 mem 0x0000000080031f38
core   0: 0x000000008000fefc (0xfb843783) ld      a5, -72(s0)
core   0: 3 0x000000008000fefc (0xfb843783) x15 0x000000000000009c mem 0x0000000080031f28
core   0: 0x000000008000ff00 (0x000097ba) c.add   a5, a4
core   0: 3 0x000000008000ff00 (0x97ba) x15 0x00000000800120dc
core   0: 0x000000008000ff02 (0xfe043703) ld      a4, -32(s0)
core   0: 3 0x000000008000ff02 (0xfe043703) x14 0x00000000800120d6 mem 0x0000000080031f50
core   0: 0x000000008000ff06 (0xfcf76de3) bltu    a4, a5, pc - 38
core   0: 3 0x000000008000ff06 (0xfcf76de3)
core   0: 0x000000008000fee0 (0xfe043783) ld      a5, -32(s0)
core   0: 3 0x000000008000fee0 (0xfe043783) x15 0x00000000800120d6 mem 0x0000000080031f50
core   0: 0x000000008000fee4 (0x00178713) addi    a4, a5, 1
core   0: 3 0x000000008000fee4 (0x00178713) x14 0x00000000800120d7
core   0: 0x000000008000fee8 (0xfee43023) sd      a4, -32(s0)
core   0: 3 0x000000008000fee8 (0xfee43023) mem 0x0000000080031f50 0x00000000800120d7
core   0: 0x000000008000feec (0xfc442703) lw      a4, -60(s0)
core   0: 3 0x000000008000feec (0xfc442703) x14 0x0000000000000000 mem 0x0000000080031f34
core   0: 0x000000008000fef0 (0x0ff77713) andi    a4, a4, 255
core   0: 3 0x000000008000fef0 (0x0ff77713) x14 0x0000000000000000
core   0: 0x000000008000fef4 (0x00e78023) sb      a4, 0(a5)
core   0: 3 0x000000008000fef4 (0x00e78023) mem 0x00000000800120d6 0x00
core   0: 0x000000008000fef8 (0xfc843703) ld      a4, -56(s0)
core   0: 3 0x000000008000fef8 (0xfc843703) x14 0x0000000080012040 mem 0x0000000080031f38
core   0: 0x000000008000fefc (0xfb843783) ld      a5, -72(s0)
core   0: 3 0x000000008000fefc (0xfb843783) x15 0x000000000000009c mem 0x0000000080031f28
core   0: 0x000000008000ff00 (0x000097ba) c.add   a5, a4
core   0: 3 0x000000008000ff00 (0x97ba) x15 0x00000000800120dc
core   0: 0x000000008000ff02 (0xfe043703) ld      a4, -32(s0)
core   0: 3 0x000000008000ff02 (0xfe043703) x14 0x00000000800120d7 mem 0x0000000080031f50
core   0: 0x000000008000ff06 (0xfcf76de3) bltu    a4, a5, pc - 38
core   0: 3 0x000000008000ff06 (0xfcf76de3)
core   0: 0x000000008000fee0 (0xfe043783) ld      a5, -32(s0)
core   0: 3 0x000000008000fee0 (0xfe043783) x15 0x00000000800120d7 mem 0x0000000080031f50
core   0: 0x000000008000fee4 (0x00178713) addi    a4, a5, 1
core   0: 3 0x000000008000fee4 (0x00178713) x14 0x00000000800120d8
core   0: 0x000000008000fee8 (0xfee43023) sd      a4, -32(s0)
core   0: 3 0x000000008000fee8 (0xfee43023) mem 0x0000000080031f50 0x00000000800120d8
core   0: 0x000000008000feec (0xfc442703) lw      a4, -60(s0)
core   0: 3 0x000000008000feec (0xfc442703) x14 0x0000000000000000 mem 0x0000000080031f34
core   0: 0x000000008000fef0 (0x0ff77713) andi    a4, a4, 255
core   0: 3 0x000000008000fef0 (0x0ff77713) x14 0x0000000000000000
core   0: 0x000000008000fef4 (0x00e78023) sb      a4, 0(a5)
core   0: 3 0x000000008000fef4 (0x00e78023) mem 0x00000000800120d7 0x00
core   0: 0x000000008000fef8 (0xfc843703) ld      a4, -56(s0)
core   0: 3 0x000000008000fef8 (0xfc843703) x14 0x0000000080012040 mem 0x0000000080031f38
core   0: 0x000000008000fefc (0xfb843783) ld      a5, -72(s0)
core   0: 3 0x000000008000fefc (0xfb843783) x15 0x000000000000009c mem 0x0000000080031f28
core   0: 0x000000008000ff00 (0x000097ba) c.add   a5, a4
core   0: 3 0x000000008000ff00 (0x97ba) x15 0x00000000800120dc
core   0: 0x000000008000ff02 (0xfe043703) ld      a4, -32(s0)
core   0: 3 0x000000008000ff02 (0xfe043703) x14 0x00000000800120d8 mem 0x0000000080031f50
core   0: 0x000000008000ff06 (0xfcf76de3) bltu    a4, a5, pc - 38
core   0: 3 0x000000008000ff06 (0xfcf76de3)
core   0: 0x000000008000fee0 (0xfe043783) ld      a5, -32(s0)
core   0: 3 0x000000008000fee0 (0xfe043783) x15 0x00000000800120d8 mem 0x0000000080031f50
core   0: 0x000000008000fee4 (0x00178713) addi    a4, a5, 1
core   0: 3 0x000000008000fee4 (0x00178713) x14 0x00000000800120d9
core   0: 0x000000008000fee8 (0xfee43023) sd      a4, -32(s0)
core   0: 3 0x000000008000fee8 (0xfee43023) mem 0x0000000080031f50 0x00000000800120d9
core   0: 0x000000008000feec (0xfc442703) lw      a4, -60(s0)
core   0: 3 0x000000008000feec (0xfc442703) x14 0x0000000000000000 mem 0x0000000080031f34
core   0: 0x000000008000fef0 (0x0ff77713) andi    a4, a4, 255
core   0: 3 0x000000008000fef0 (0x0ff77713) x14 0x0000000000000000
core   0: 0x000000008000fef4 (0x00e78023) sb      a4, 0(a5)
core   0: 3 0x000000008000fef4 (0x00e78023) mem 0x00000000800120d8 0x00
core   0: 0x000000008000fef8 (0xfc843703) ld      a4, -56(s0)
core   0: 3 0x000000008000fef8 (0xfc843703) x14 0x0000000080012040 mem 0x0000000080031f38
core   0: 0x000000008000fefc (0xfb843783) ld      a5, -72(s0)
core   0: 3 0x000000008000fefc (0xfb843783) x15 0x000000000000009c mem 0x0000000080031f28
core   0: 0x000000008000ff00 (0x000097ba) c.add   a5, a4
core   0: 3 0x000000008000ff00 (0x97ba) x15 0x00000000800120dc
core   0: 0x000000008000ff02 (0xfe043703) ld      a4, -32(s0)
core   0: 3 0x000000008000ff02 (0xfe043703) x14 0x00000000800120d9 mem 0x0000000080031f50
core   0: 0x000000008000ff06 (0xfcf76de3) bltu    a4, a5, pc - 38
core   0: 3 0x000000008000ff06 (0xfcf76de3)
core   0: 0x000000008000fee0 (0xfe043783) ld      a5, -32(s0)
core   0: 3 0x000000008000fee0 (0xfe043783) x15 0x00000000800120d9 mem 0x0000000080031f50
core   0: 0x000000008000fee4 (0x00178713) addi    a4, a5, 1
core   0: 3 0x000000008000fee4 (0x00178713) x14 0x00000000800120da
core   0: 0x000000008000fee8 (0xfee43023) sd      a4, -32(s0)
core   0: 3 0x000000008000fee8 (0xfee43023) mem 0x0000000080031f50 0x00000000800120da
core   0: 0x000000008000feec (0xfc442703) lw      a4, -60(s0)
core   0: 3 0x000000008000feec (0xfc442703) x14 0x0000000000000000 mem 0x0000000080031f34
core   0: 0x000000008000fef0 (0x0ff77713) andi    a4, a4, 255
core   0: 3 0x000000008000fef0 (0x0ff77713) x14 0x0000000000000000
core   0: 0x000000008000fef4 (0x00e78023) sb      a4, 0(a5)
core   0: 3 0x000000008000fef4 (0x00e78023) mem 0x00000000800120d9 0x00
core   0: 0x000000008000fef8 (0xfc843703) ld      a4, -56(s0)
core   0: 3 0x000000008000fef8 (0xfc843703) x14 0x0000000080012040 mem 0x0000000080031f38
core   0: 0x000000008000fefc (0xfb843783) ld      a5, -72(s0)
core   0: 3 0x000000008000fefc (0xfb843783) x15 0x000000000000009c mem 0x0000000080031f28
core   0: 0x000000008000ff00 (0x000097ba) c.add   a5, a4
core   0: 3 0x000000008000ff00 (0x97ba) x15 0x00000000800120dc
core   0: 0x000000008000ff02 (0xfe043703) ld      a4, -32(s0)
core   0: 3 0x000000008000ff02 (0xfe043703) x14 0x00000000800120da mem 0x0000000080031f50
core   0: 0x000000008000ff06 (0xfcf76de3) bltu    a4, a5, pc - 38
core   0: 3 0x000000008000ff06 (0xfcf76de3)
core   0: 0x000000008000fee0 (0xfe043783) ld      a5, -32(s0)
core   0: 3 0x000000008000fee0 (0xfe043783) x15 0x00000000800120da mem 0x0000000080031f50
core   0: 0x000000008000fee4 (0x00178713) addi    a4, a5, 1
core   0: 3 0x000000008000fee4 (0x00178713) x14 0x00000000800120db
core   0: 0x000000008000fee8 (0xfee43023) sd      a4, -32(s0)
core   0: 3 0x000000008000fee8 (0xfee43023) mem 0x0000000080031f50 0x00000000800120db
core   0: 0x000000008000feec (0xfc442703) lw      a4, -60(s0)
core   0: 3 0x000000008000feec (0xfc442703) x14 0x0000000000000000 mem 0x0000000080031f34
core   0: 0x000000008000fef0 (0x0ff77713) andi    a4, a4, 255
core   0: 3 0x000000008000fef0 (0x0ff77713) x14 0x0000000000000000
core   0: 0x000000008000fef4 (0x00e78023) sb      a4, 0(a5)
core   0: 3 0x000000008000fef4 (0x00e78023) mem 0x00000000800120da 0x00
core   0: 0x000000008000fef8 (0xfc843703) ld      a4, -56(s0)
core   0: 3 0x000000008000fef8 (0xfc843703) x14 0x0000000080012040 mem 0x0000000080031f38
core   0: 0x000000008000fefc (0xfb843783) ld      a5, -72(s0)
core   0: 3 0x000000008000fefc (0xfb843783) x15 0x000000000000009c mem 0x0000000080031f28
core   0: 0x000000008000ff00 (0x000097ba) c.add   a5, a4
core   0: 3 0x000000008000ff00 (0x97ba) x15 0x00000000800120dc
core   0: 0x000000008000ff02 (0xfe043703) ld      a4, -32(s0)
core   0: 3 0x000000008000ff02 (0xfe043703) x14 0x00000000800120db mem 0x0000000080031f50
core   0: 0x000000008000ff06 (0xfcf76de3) bltu    a4, a5, pc - 38
core   0: 3 0x000000008000ff06 (0xfcf76de3)
core   0: 0x000000008000fee0 (0xfe043783) ld      a5, -32(s0)
core   0: 3 0x000000008000fee0 (0xfe043783) x15 0x00000000800120db mem 0x0000000080031f50
core   0: 0x000000008000fee4 (0x00178713) addi    a4, a5, 1
core   0: 3 0x000000008000fee4 (0x00178713) x14 0x00000000800120dc
core   0: 0x000000008000fee8 (0xfee43023) sd      a4, -32(s0)
core   0: 3 0x000000008000fee8 (0xfee43023) mem 0x0000000080031f50 0x00000000800120dc
core   0: 0x000000008000feec (0xfc442703) lw      a4, -60(s0)
core   0: 3 0x000000008000feec (0xfc442703) x14 0x0000000000000000 mem 0x0000000080031f34
core   0: 0x000000008000fef0 (0x0ff77713) andi    a4, a4, 255
core   0: 3 0x000000008000fef0 (0x0ff77713) x14 0x0000000000000000
core   0: 0x000000008000fef4 (0x00e78023) sb      a4, 0(a5)
core   0: 3 0x000000008000fef4 (0x00e78023) mem 0x00000000800120db 0x00
core   0: 0x000000008000fef8 (0xfc843703) ld      a4, -56(s0)
core   0: 3 0x000000008000fef8 (0xfc843703) x14 0x0000000080012040 mem 0x0000000080031f38
core   0: 0x000000008000fefc (0xfb843783) ld      a5, -72(s0)
core   0: 3 0x000000008000fefc (0xfb843783) x15 0x000000000000009c mem 0x0000000080031f28
core   0: 0x000000008000ff00 (0x000097ba) c.add   a5, a4
core   0: 3 0x000000008000ff00 (0x97ba) x15 0x00000000800120dc
core   0: 0x000000008000ff02 (0xfe043703) ld      a4, -32(s0)
core   0: 3 0x000000008000ff02 (0xfe043703) x14 0x00000000800120dc mem 0x0000000080031f50
core   0: 0x000000008000ff06 (0xfcf76de3) bltu    a4, a5, pc - 38
core   0: 3 0x000000008000ff06 (0xfcf76de3)
core   0: 0x000000008000ff0a (0xfc843783) ld      a5, -56(s0)
core   0: 3 0x000000008000ff0a (0xfc843783) x15 0x0000000080012040 mem 0x0000000080031f38
core   0: 0x000000008000ff0e (0x0000853e) c.mv    a0, a5
core   0: 3 0x000000008000ff0e (0x853e) x10 0x0000000080012040
core   0: 0x000000008000ff10 (0x00006426) c.ldsp  s0, 72(sp)
core   0: 3 0x000000008000ff10 (0x6426) x8  0x0000000080031f90 mem 0x0000000080031f68
core   0: 0x000000008000ff12 (0x00006161) c.addi16sp sp, 80
core   0: 3 0x000000008000ff12 (0x6161) x2  0x0000000080031f70
core   0: 0x000000008000ff14 (0x00008082) ret
core   0: 3 0x000000008000ff14 (0x8082)
core   0: 0x000000008000f4c8 (0x00000001) c.nop
core   0: 3 0x000000008000f4c8 (0x0001)
core   0: 0x000000008000f4ca (0x000060e2) c.ldsp  ra, 24(sp)
core   0: 3 0x000000008000f4ca (0x60e2) x1  0x000000008000f508 mem 0x0000000080031f88
core   0: 0x000000008000f4cc (0x00006442) c.ldsp  s0, 16(sp)
core   0: 3 0x000000008000f4cc (0x6442) x8  0x0000000080032040 mem 0x0000000080031f80
core   0: 0x000000008000f4ce (0x00006105) c.addi16sp sp, 32
core   0: 3 0x000000008000f4ce (0x6105) x2  0x0000000080031f90
core   0: 0x000000008000f4d0 (0x00008082) ret
core   0: 3 0x000000008000f4d0 (0x8082)
core   0: 0x000000008000f508 (0xf5842703) lw      a4, -168(s0)
core   0: 3 0x000000008000f508 (0xf5842703) x14 0x0000000000000001 mem 0x0000000080031f98
core   0: 0x000000008000f50c (0xf5c42783) lw      a5, -164(s0)
core   0: 3 0x000000008000f50c (0xf5c42783) x15 0x0000000000000000 mem 0x0000000080031f9c
core   0: 0x000000008000f510 (0x000085ba) c.mv    a1, a4
core   0: 3 0x000000008000f510 (0x85ba) x11 0x0000000000000001
core   0: 0x000000008000f512 (0x0000853e) c.mv    a0, a5
core   0: 3 0x000000008000f512 (0x853e) x10 0x0000000000000000
core   0: 0x000000008000f514 (0xf03ff0ef) jal     pc - 0xfe
core   0: 3 0x000000008000f514 (0xf03ff0ef) x1  0x000000008000f518
core   0: >>>>  thread_entry
core   0: 0x000000008000f416 (0x00001101) c.addi  sp, -32
core   0: 3 0x000000008000f416 (0x1101) x2  0x0000000080031f70
core   0: 0x000000008000f418 (0x0000ec22) c.sdsp  s0, 24(sp)
core   0: 3 0x000000008000f418 (0xec22) mem 0x0000000080031f88 0x0000000080032040
core   0: 0x000000008000f41a (0x00001000) c.addi4spn s0, sp, 32
core   0: 3 0x000000008000f41a (0x1000) x8  0x0000000080031f90
core   0: 0x000000008000f41c (0x000087aa) c.mv    a5, a0
core   0: 3 0x000000008000f41c (0x87aa) x15 0x0000000000000000
core   0: 0x000000008000f41e (0x0000872e) c.mv    a4, a1
core   0: 3 0x000000008000f41e (0x872e) x14 0x0000000000000001
core   0: 0x000000008000f420 (0xfef42623) sw      a5, -20(s0)
core   0: 3 0x000000008000f420 (0xfef42623) mem 0x0000000080031f7c 0x00000000
core   0: 0x000000008000f424 (0x000087ba) c.mv    a5, a4
core   0: 3 0x000000008000f424 (0x87ba) x15 0x0000000000000001
core   0: 0x000000008000f426 (0xfef42423) sw      a5, -24(s0)
core   0: 3 0x000000008000f426 (0xfef42423) mem 0x0000000080031f78 0x00000001
core   0: 0x000000008000f42a (0x00000001) c.nop
core   0: 3 0x000000008000f42a (0x0001)
core   0: 0x000000008000f42c (0xfec42783) lw      a5, -20(s0)
core   0: 3 0x000000008000f42c (0xfec42783) x15 0x0000000000000000 mem 0x0000000080031f7c
core   0: 0x000000008000f430 (0x00002781) c.addiw a5, 0
core   0: 3 0x000000008000f430 (0x2781) x15 0x0000000000000000
core   0: 0x000000008000f432 (0x0000ffed) c.bnez  a5, pc - 6
core   0: 3 0x000000008000f432 (0xffed)
core   0: 0x000000008000f434 (0x00000001) c.nop
core   0: 3 0x000000008000f434 (0x0001)
core   0: 0x000000008000f436 (0x00000001) c.nop
core   0: 3 0x000000008000f436 (0x0001)
core   0: 0x000000008000f438 (0x00006462) c.ldsp  s0, 24(sp)
core   0: 3 0x000000008000f438 (0x6462) x8  0x0000000080032040 mem 0x0000000080031f88
core   0: 0x000000008000f43a (0x00006105) c.addi16sp sp, 32
core   0: 3 0x000000008000f43a (0x6105) x2  0x0000000080031f90
core   0: 0x000000008000f43c (0x00008082) ret
core   0: 3 0x000000008000f43c (0x8082)
core   0: 0x000000008000f518 (0x00004581) c.li    a1, 0
core   0: 3 0x000000008000f518 (0x4581) x11 0x0000000000000000
core   0: 0x000000008000f51a (0x00004501) c.li    a0, 0
core   0: 3 0x000000008000f51a (0x4501) x10 0x0000000000000000
core   0: 0x000000008000f51c (0xae5f20ef) jal     pc - 0xd51c
core   0: 3 0x000000008000f51c (0xae5f20ef) x1  0x000000008000f520
core   0: >>>>  main
core   0: 0x0000000080002000 (0x00000001) c.nop
core   0: 3 0x0000000080002000 (0x0001)
core   0: >>>>  trap_vec_init
core   0: 0x0000000080002002 (0x00002797) auipc   a5, 0x2
core   0: 3 0x0000000080002002 (0x00002797) x15 0x0000000080004002
core   0: 0x0000000080002006 (0xffe78793) addi    a5, a5, -2
core   0: 3 0x0000000080002006 (0xffe78793) x15 0x0000000080004000
core   0: 0x000000008000200a (0x30579073) csrrw   zero, mtvec, a5
core   0: 3 0x000000008000200a (0x30579073) c773_mtvec 0x0000000080004000
core   0: >>>>  pmp_setup
core   0: 0x000000008000200e (0x00002c17) auipc   s8, 0x2
core   0: 3 0x000000008000200e (0x00002c17) x24 0x000000008000400e
core   0: 0x0000000080002012 (0x022c0c13) addi    s8, s8, 34
core   0: 3 0x0000000080002012 (0x022c0c13) x24 0x0000000080004030
core   0: 0x0000000080002016 (0x00004781) c.li    a5, 0
core   0: 3 0x0000000080002016 (0x4781) x15 0x0000000000000000
core   0: 0x0000000080002018 (0x00009c3e) c.add   s8, a5
core   0: 3 0x0000000080002018 (0x9c3e) x24 0x0000000080004030
core   0: 0x000000008000201a (0x3b0c1073) csrrw   zero, pmpaddr0, s8
core   0: 3 0x000000008000201a (0x3b0c1073) c944_pmpaddr0 0x0000000080004030
core   0: 0x000000008000201e (0x00004c3d) c.li    s8, 15
core   0: 3 0x000000008000201e (0x4c3d) x24 0x000000000000000f
core   0: 0x0000000080002020 (0x3a0c1073) csrrw   zero, pmpcfg0, s8
core   0: 3 0x0000000080002020 (0x3a0c1073) c928_pmpcfg0 0x000000000000000f
core   0: 0x0000000080002024 (0x12000073) sfence.vma zero, zero
core   0: 3 0x0000000080002024 (0x12000073)
core   0: >>>>  mepc_setup
core   0: 0x0000000080002028 (0x00002797) auipc   a5, 0x2
core   0: 3 0x0000000080002028 (0x00002797) x15 0x0000000080004028
core   0: 0x000000008000202c (0x00878793) addi    a5, a5, 8
core   0: 3 0x000000008000202c (0x00878793) x15 0x0000000080004030
core   0: 0x0000000080002030 (0x34179073) csrrw   zero, mepc, a5
core   0: 3 0x0000000080002030 (0x34179073) c833_mepc 0x0000000080004030
core   0: >>>>  custom_csr_setup
core   0: 0x0000000080002034 (0x00100f9b) addiw   t6, zero, 1
core   0: 3 0x0000000080002034 (0x00100f9b) x31 0x0000000000000001
core   0: 0x0000000080002038 (0x00000ffe) c.slli  t6, 31
core   0: 3 0x0000000080002038 (0x0ffe) x31 0x0000000080000000
core   0: 0x000000008000203a (0x00000001) c.nop
core   0: 3 0x000000008000203a (0x0001)
core   0: >>>>  init_s_mode
core   0: 0x000000008000203c (0xfff0079b) addiw   a5, zero, -1
core   0: 3 0x000000008000203c (0xfff0079b) x15 0xffffffffffffffff
core   0: 0x0000000080002040 (0x000017fe) c.slli  a5, 63
core   0: 3 0x0000000080002040 (0x17fe) x15 0x8000000000000000
core   0: 0x0000000080002042 (0x18079073) csrrw   zero, satp, a5
core   0: 3 0x0000000080002042 (0x18079073) c384_satp 0x8000000000000000
core   0: 0x0000000080002046 (0x0000f797) auipc   a5, 0xf
core   0: 3 0x0000000080002046 (0x0000f797) x15 0x0000000080011046
core   0: 0x000000008000204a (0xfba78793) addi    a5, a5, -70
core   0: 3 0x000000008000204a (0xfba78793) x15 0x0000000080011000
core   0: 0x000000008000204e (0x000083b1) c.srli  a5, 12
core   0: 3 0x000000008000204e (0x83b1) x15 0x0000000000080011
core   0: 0x0000000080002050 (0x0010061b) addiw   a2, zero, 1
core   0: 3 0x0000000080002050 (0x0010061b) x12 0x0000000000000001
core   0: 0x0000000080002054 (0x00001632) c.slli  a2, 44
core   0: 3 0x0000000080002054 (0x1632) x12 0x0000100000000000
core   0: 0x0000000080002056 (0x0000167d) c.addi  a2, -1
core   0: 3 0x0000000080002056 (0x167d) x12 0x00000fffffffffff
core   0: 0x0000000080002058 (0x00008ff1) c.and   a5, a2
core   0: 3 0x0000000080002058 (0x8ff1) x15 0x0000000000080011
core   0: 0x000000008000205a (0x1807a073) csrrs   zero, satp, a5
core   0: 3 0x000000008000205a (0x1807a073) c384_satp 0x8000000000080011
core   0: 0x000000008000205e (0x00a005b7) lui     a1, 0xa00
core   0: 3 0x000000008000205e (0x00a005b7) x11 0x0000000000a00000
core   0: 0x0000000080002062 (0x10b5859b) addiw   a1, a1, 267
core   0: 3 0x0000000080002062 (0x10b5859b) x11 0x0000000000a0010b
core   0: 0x0000000080002066 (0x000005b2) c.slli  a1, 12
core   0: 3 0x0000000080002066 (0x05b2) x11 0x0000000a0010b000
core   0: 0x0000000080002068 (0xa0058593) addi    a1, a1, -1536
core   0: 3 0x0000000080002068 (0xa0058593) x11 0x0000000a0010aa00
core   0: 0x000000008000206c (0x30059073) csrrw   zero, mstatus, a1
core   0: 3 0x000000008000206c (0x30059073) c768_mstatus 0x0000000a00102800
core   0: 0x0000000080002070 (0x30459073) csrrw   zero, mie, a1
core   0: 3 0x0000000080002070 (0x30459073) c772_mie 0x0000000000000a00
core   0: 0x0000000080002074 (0x00a005b7) lui     a1, 0xa00
core   0: 3 0x0000000080002074 (0x00a005b7) x11 0x0000000000a00000
core   0: 0x0000000080002078 (0x10b5859b) addiw   a1, a1, 267
core   0: 3 0x0000000080002078 (0x10b5859b) x11 0x0000000000a0010b
core   0: 0x000000008000207c (0x000005b2) c.slli  a1, 12
core   0: 3 0x000000008000207c (0x05b2) x11 0x0000000a0010b000
core   0: 0x000000008000207e (0xa0058593) addi    a1, a1, -1536
core   0: 3 0x000000008000207e (0xa0058593) x11 0x0000000a0010aa00
core   0: 0x0000000080002082 (0x10059073) csrrw   zero, sstatus, a1
core   0: 3 0x0000000080002082 (0x10059073) c768_mstatus 0x0000000a00102800
core   0: 0x0000000080002086 (0x10459073) csrrw   zero, sie, a1
core   0: 3 0x0000000080002086 (0x10459073) c772_mie 0x0000000000000a00
core   0: 0x000000008000208a (0x30200073) mret
core   0: 3 0x000000008000208a (0x30200073) c768_mstatus 0x0000000a00102080
core   0: >>>>  main_g
core   0: 0x0000000080004030 (0x4032d81b) sraiw   a6, t0, 3
core   0: 1 0x0000000080004030 (0x4032d81b) x16 0xfffffffff0000024
core   0: 0x0000000080004034 (0x0038553b) srlw    a0, a6, gp
core   0: 1 0x0000000080004034 (0x0038553b) x10 0x0000000000f00000
core   0: 0x0000000080004038 (0x01b14833) xor     a6, sp, s11
core   0: 1 0x0000000080004038 (0x01b14833) x16 0x0000000080031f90
core   0: 0x000000008000403c (0x037531b3) mulhu   gp, a0, s7
core   0: 1 0x000000008000403c (0x037531b3) x3  0x0000000000000000
core   0: 0x0000000080004040 (0x0017f413) andi    s0, a5, 1
core   0: 1 0x0000000080004040 (0x0017f413) x8  0x0000000000000001
core   0: 0x0000000080004044 (0x415383bb) subw    t2, t2, s5
core   0: 1 0x0000000080004044 (0x415383bb) x7  0x0000000000000000
core   0: 0x0000000080004048 (0x017ae533) or      a0, s5, s7
core   0: 1 0x0000000080004048 (0x017ae533) x10 0x0000000000000000
core   0: 0x000000008000404c (0x02e35e93) srli    t4, t1, 46
core   0: 1 0x000000008000404c (0x02e35e93) x29 0x0000000000000000
core   0: 0x0000000080004050 (0x420d0253) fcvt.d.s ft4, fs10
core   0: 1 0x0000000080004050 (0x420d0253) c768_mstatus 0x8000000a00106080 f4  0x0000000000000000
core   0: 0x0000000080004054 (0x0016f193) andi    gp, a3, 1
core   0: 1 0x0000000080004054 (0x0016f193) x3  0x0000000000000000
core   0: 0x0000000080004058 (0xc22ff2d3) fcvt.l.d t0, ft11
core   0: 1 0x0000000080004058 (0xc22ff2d3) c1_fflags 0x0000000000000010 x5  0x7fffffffffffffff
core   0: 0x000000008000405c (0x0aeff2d3) fsub.d  ft5, ft11, fa4
core   0: 1 0x000000008000405c (0x0aeff2d3) f5  0x7ff8000000000000
core   0: 0x0000000080004060 (0xd02b7353) fcvt.s.l ft6, s6
core   0: 1 0x0000000080004060 (0xd02b7353) f6  0xffffffff00000000
core   0: 0x0000000080004064 (0x4002db13) srai    s6, t0, 0
core   0: 1 0x0000000080004064 (0x4002db13) x22 0x7fffffffffffffff
core   0: 0x0000000080004068 (0xc2177c53) fcvt.wu.d s8, fa4
core   0: 1 0x0000000080004068 (0xc2177c53) c1_fflags 0x0000000000000010 x24 0xffffffffffffffff
core   0: 0x000000008000406c (0x0ff0000f) fence   iorw,iorw
core   0: 1 0x000000008000406c (0x0ff0000f)
core   0: 0x0000000080004070 (0x011c073b) addw    a4, s8, a7
core   0: 1 0x0000000080004070 (0x011c073b) x14 0xffffffffffffffff
core   0: 0x0000000080004074 (0x41c3dd1b) sraiw   s10, t2, 28
core   0: 1 0x0000000080004074 (0x41c3dd1b) x26 0x0000000000000000
core   0: 0x0000000080004078 (0x024e9bb3) mulh    s7, t4, tp
core   0: 1 0x0000000080004078 (0x024e9bb3) x23 0x0000000000000000
core   0: 0x000000008000407c (0x03aed6bb) divuw   a3, t4, s10
core   0: 1 0x000000008000407c (0x03aed6bb) x13 0xffffffffffffffff
core   0: 0x0000000080004080 (0x02bfedb7) lui     s11, 0x2bfe
core   0: 1 0x0000000080004080 (0x02bfedb7) x27 0x0000000002bfe000
core   0: 0x0000000080004084 (0xd21e07d3) fcvt.d.wu fa5, t3
core   0: 1 0x0000000080004084 (0xd21e07d3) f15 0x0000000000000000
core   0: 0x0000000080004088 (0x00f01c1b) slliw   s8, zero, 15
core   0: 1 0x0000000080004088 (0x00f01c1b) x24 0x0000000000000000
core   0: 0x000000008000408c (0xde9eda97) auipc   s5, 0xde9ed
core   0: 1 0x000000008000408c (0xde9eda97) x21 0x000000005e9f108c
core   0: 0x0000000080004090 (0xc037fd53) fcvt.lu.s s10, fa5
core   0: 1 0x0000000080004090 (0xc037fd53) c1_fflags 0x0000000000000010 x26 0xffffffffffffffff
core   0: 0x0000000080004094 (0x5a047753) fsqrt.d fa4, fs0
core   0: 1 0x0000000080004094 (0x5a047753) f14 0x7ff8000000000000
core   0: 0x0000000080004098 (0x239babd3) fsgnjx.d fs7, fs7, fs9
core   0: 1 0x0000000080004098 (0x239babd3) f23 0x7fffffff00000000
core   0: 0x000000008000409c (0x401a59bb) sraw    s3, s4, ra
core   0: 1 0x000000008000409c (0x401a59bb) x19 0x0000000000000000
core   0: 0x00000000800040a0 (0xdb3df9cf) fnmadd.d fs3, fs11, fs3, fs11
core   0: 1 0x00000000800040a0 (0xdb3df9cf) f19 0x7ff8000000000000
core   0: 0x00000000800040a4 (0x4011f5d3) fcvt.s.d fa1, ft3
core   0: 1 0x00000000800040a4 (0x4011f5d3) f11 0xffffffff7fc00000
core   0: 0x00000000800040a8 (0xc237fe53) fcvt.lu.d t3, fa5
core   0: 1 0x00000000800040a8 (0xc237fe53) x28 0x0000000000000000
core   0: 0x00000000800040ac (0x7a9d5837) lui     a6, 0x7a9d5
core   0: 1 0x00000000800040ac (0x7a9d5837) x16 0x000000007a9d5000
core   0: 0x00000000800040b0 (0xf2080653) fmv.d.x fa2, a6
core   0: 1 0x00000000800040b0 (0xf2080653) f12 0x000000007a9d5000
core   0: 0x00000000800040b4 (0x4017fe53) fcvt.s.d ft8, fa5
core   0: 1 0x00000000800040b4 (0x4017fe53) f28 0xffffffff00000000
core   0: 0x00000000800040b8 (0xfdd8bab7) lui     s5, 0xfdd8b
core   0: 1 0x00000000800040b8 (0xfdd8bab7) x21 0xfffffffffdd8b000
core   0: 0x00000000800040bc (0xc6da8a9b) addiw   s5, s5, -915
core   0: 1 0x00000000800040bc (0xc6da8a9b) x21 0xfffffffffdd8ac6d
core   0: 0x00000000800040c0 (0x00000ab2) c.slli  s5, 12
core   0: 1 0x00000000800040c0 (0x0ab2) x21 0xffffffdd8ac6d000
core   0: 0x00000000800040c2 (0x9bca8a93) addi    s5, s5, -1604
core   0: 1 0x00000000800040c2 (0x9bca8a93) x21 0xffffffdd8ac6c9bc
core   0: 0x00000000800040c6 (0xa32207d3) fle.d   a5, ft4, fs2
core   0: 1 0x00000000800040c6 (0xa32207d3) c1_fflags 0x0000000000000010 x15 0x0000000000000000
core   0: 0x00000000800040ca (0xd025fcd3) fcvt.s.l fs9, a1
core   0: 1 0x00000000800040ca (0xd025fcd3) c1_fflags 0x0000000000000011 f25 0xffffffff5120010b
core   0: 0x00000000800040ce (0x00161173) csrrw   sp, fflags, a2
core   0: 1 0x00000000800040ce (0x00161173) x2  0x0000000000000011 c1_fflags 0x000000000000001f
core   0: 0x00000000800040d2 (0x401274d3) fcvt.s.d fs1, ft4
core   0: 1 0x00000000800040d2 (0x401274d3) f9  0xffffffff00000000
core   0: 0x00000000800040d6 (0x30689473) csrrw   s0, mcounteren, a7
core   0: exception trap_illegal_instruction, epc 0x00000000800040d6
core   0:           tval 0x0000000030689473
core   0: >>>>  $xrv64i2p1_m2p0_a2p1_f2p2_d2p2_zicsr2p0_zifencei2p0_zmmul1p0_zba1p0_zbb1p0_zbc1p0_zbs1p0
core   0: 0x0000000080004000 (0x0080006f) j       pc + 0x8
core   0: 3 0x0000000080004000 (0x0080006f)
core   0: >>>>  mmode_exception_handler
core   0: 0x0000000080004008 (0x00002c17) auipc   s8, 0x2
core   0: 3 0x0000000080004008 (0x00002c17) x24 0x0000000080006008
core   0: 0x000000008000400c (0x072c0c13) addi    s8, s8, 114
core   0: 3 0x000000008000400c (0x072c0c13) x24 0x000000008000607a
core   0: 0x0000000080004010 (0x000c00e7) jalr    s8
core   0: 3 0x0000000080004010 (0x000c00e7) x1  0x0000000080004014
core   0: >>>>  any_handler
core   0: 0x000000008000607a (0x341027f3) csrrs   a5, mepc, zero
core   0: 3 0x000000008000607a (0x341027f3) x15 0x00000000800040d6
core   0: 0x000000008000607e (0x34202773) csrrs   a4, mcause, zero
core   0: 3 0x000000008000607e (0x34202773) x14 0x0000000000000002
core   0: 0x0000000080006082 (0x142026f3) csrrs   a3, scause, zero
core   0: 3 0x0000000080006082 (0x142026f3) x13 0x0000000000000000
core   0: 0x0000000080006086 (0x30402673) csrrs   a2, mie, zero
core   0: 3 0x0000000080006086 (0x30402673) x12 0x0000000000000a00
core   0: 0x000000008000608a (0x344025f3) csrrs   a1, mip, zero
core   0: 3 0x000000008000608a (0x344025f3) x11 0x0000000000000080
core   0: 0x000000008000608e (0x343025f3) csrrs   a1, mtval, zero
core   0: 3 0x000000008000608e (0x343025f3) x11 0x0000000030689473
core   0: 0x0000000080006092 (0x14302573) csrrs   a0, stval, zero
core   0: 3 0x0000000080006092 (0x14302573) x10 0x0000000000000000
core   0: 0x0000000080006096 (0xb02024f3) csrrs   s1, minstret, zero
core   0: 3 0x0000000080006096 (0xb02024f3) x9  0x00000000000007f5
core   0: 0x000000008000609a (0x0000a811) c.j     pc + 20
core   0: 3 0x000000008000609a (0xa811)
core   0: >>>>  mepc_4
core   0: 0x00000000800060ae (0x00000791) c.addi  a5, 4
core   0: 3 0x00000000800060ae (0x0791) x15 0x00000000800040da
core   0: 0x00000000800060b0 (0x34179073) csrrw   zero, mepc, a5
core   0: 3 0x00000000800060b0 (0x34179073) c833_mepc 0x00000000800040da
core   0: 0x00000000800060b4 (0x30200073) mret
core   0: 3 0x00000000800060b4 (0x30200073) c768_mstatus 0x8000000a00106080
core   0: 0x00000000800040da (0xc034fe53) fcvt.lu.s t3, fs1
core   0: 1 0x00000000800040da (0xc034fe53) x28 0x0000000000000000
core   0: 0x00000000800040de (0x02b826b3) mulhsu  a3, a6, a1
core   0: 1 0x00000000800040de (0x02b826b3) x13 0x0000000000000000
core   0: 0x00000000800040e2 (0x7ff57d93) andi    s11, a0, 2047
core   0: 1 0x00000000800040e2 (0x7ff57d93) x27 0x0000000000000000
core   0: 0x00000000800040e6 (0x00000001) c.nop
core   0: 1 0x00000000800040e6 (0x0001)
core   0: 0x00000000800040e8 (0x0000117e) c.slli  sp, 63
core   0: 1 0x00000000800040e8 (0x117e) x2  0x8000000000000000
core   0: 0x00000000800040ea (0x000d9713) slli    a4, s11, 0
core   0: 1 0x00000000800040ea (0x000d9713) x14 0x0000000000000000
core   0: 0x00000000800040ee (0xd23877d3) fcvt.d.lu fa5, a6
core   0: 1 0x00000000800040ee (0xd23877d3) f15 0x41dea75400000000
core   0: 0x00000000800040f2 (0xc027fdd3) fcvt.l.s s11, fa5
core   0: 1 0x00000000800040f2 (0xc027fdd3) c1_fflags 0x000000000000001f x27 0x7fffffffffffffff
core   0: 0x00000000800040f6 (0x420e8dd3) fcvt.d.s fs11, ft9
core   0: 1 0x00000000800040f6 (0x420e8dd3) f27 0x0000000000000000
core   0: 0x00000000800040fa (0x0002159b) slliw   a1, tp, 0
core   0: 1 0x00000000800040fa (0x0002159b) x11 0xffffffff80012040
core   0: 0x00000000800040fe (0x00fd8c3b) addw    s8, s11, a5
core   0: 1 0x00000000800040fe (0x00fd8c3b) x24 0xffffffff800040d9
core   0: 0x0000000080004102 (0x01179cbb) sllw    s9, a5, a7
core   0: 1 0x0000000080004102 (0x01179cbb) x25 0xffffffff800040da
core   0: 0x0000000080004106 (0xd02b74d3) fcvt.s.l fs1, s6
core   0: 1 0x0000000080004106 (0xd02b74d3) c1_fflags 0x000000000000001f f9  0xffffffff5f000000
core   0: 0x000000008000410a (0x40c8d11b) sraiw   sp, a7, 12
core   0: 1 0x000000008000410a (0x40c8d11b) x2  0x0000000000000000
core   0: 0x000000008000410e (0x01a1d8bb) srlw    a7, gp, s10
core   0: 1 0x000000008000410e (0x01a1d8bb) x17 0x0000000000000000
core   0: 0x0000000080004112 (0x01384833) xor     a6, a6, s3
core   0: 1 0x0000000080004112 (0x01384833) x16 0x000000007a9d5000
core   0: 0x0000000080004116 (0x41560633) sub     a2, a2, s5
core   0: 1 0x0000000080004116 (0x41560633) x12 0x0000002275394044
core   0: 0x000000008000411a (0x01a6d93b) srlw    s2, a3, s10
core   0: 1 0x000000008000411a (0x01a6d93b) x18 0x0000000000000000
core   0: 0x000000008000411e (0xfd80de37) lui     t3, 0xfd80d
core   0: 1 0x000000008000411e (0xfd80de37) x28 0xfffffffffd80d000
core   0: 0x0000000080004122 (0x7cbe0e1b) addiw   t3, t3, 1995
core   0: 1 0x0000000080004122 (0x7cbe0e1b) x28 0xfffffffffd80d7cb
core   0: 0x0000000080004126 (0x00000e36) c.slli  t3, 13
core   0: 1 0x0000000080004126 (0x0e36) x28 0xffffffb01af96000
core   0: 0x0000000080004128 (0x582e0e13) addi    t3, t3, 1410
core   0: 1 0x0000000080004128 (0x582e0e13) x28 0xffffffb01af96582
core   0: 0x000000008000412c (0x42020953) fcvt.d.s fs2, ft4
core   0: 1 0x000000008000412c (0x42020953) f18 0x7ff8000000000000
core   0: 0x0000000080004130 (0xc02e7b53) fcvt.l.s s6, ft8
core   0: 1 0x0000000080004130 (0xc02e7b53) x22 0x0000000000000000
core   0: 0x0000000080004134 (0x028215b3) mulh    a1, tp, s0
core   0: 1 0x0000000080004134 (0x028215b3) x11 0x0000000000000000
core   0: 0x0000000080004138 (0x018c5533) srl     a0, s8, s8
core   0: 1 0x0000000080004138 (0x018c5533) x10 0x0000007fffffffc0
core   0: 0x000000008000413c (0x00805733) srl     a4, zero, s0
core   0: 1 0x000000008000413c (0x00805733) x14 0x0000000000000000
core   0: 0x0000000080004140 (0x404ad99b) sraiw   s3, s5, 4
core   0: 1 0x0000000080004140 (0x404ad99b) x19 0xfffffffff8ac6c9b
core   0: 0x0000000080004144 (0x02455333) divu    t1, a0, tp
core   0: 1 0x0000000080004144 (0x02455333) x6  0x00000000000000ff
core   0: 0x0000000080004148 (0xc21273d3) fcvt.wu.d t2, ft4
core   0: 1 0x0000000080004148 (0xc21273d3) x7  0x0000000000000000
core   0: 0x000000008000414c (0x0240ccbb) divw    s9, ra, tp
core   0: 1 0x000000008000414c (0x0240ccbb) x25 0x0000000000000001
core   0: 0x0000000080004150 (0xd2198f53) fcvt.d.wu ft10, s3
core   0: 1 0x0000000080004150 (0xd2198f53) f30 0x41ef158d93600000
core   0: 0x0000000080004154 (0x03dc7c3b) remuw   s8, s8, t4
core   0: 1 0x0000000080004154 (0x03dc7c3b) x24 0xffffffff800040d9
core   0: 0x0000000080004158 (0x120378d3) fmul.d  fa7, ft6, ft0
core   0: 1 0x0000000080004158 (0x120378d3) f17 0x7ff8000000000000
core   0: 0x000000008000415c (0x40d65e13) srai    t3, a2, 13
core   0: 1 0x000000008000415c (0x40d65e13) x28 0x000000000113a9ca
core   0: 0x0000000080004160 (0x2b4099d3) fmax.d  fs3, ft1, fs4
core   0: 1 0x0000000080004160 (0x2b4099d3) f19 0x7ff8000000000000
core   0: 0x0000000080004164 (0x2a3e94d3) fmax.d  fs1, ft9, ft3
core   0: 1 0x0000000080004164 (0x2a3e94d3) f9  0x7ff8000000000000
core   0: 0x0000000080004168 (0x00b64d33) xor     s10, a2, a1
core   0: 1 0x0000000080004168 (0x00b64d33) x26 0x0000002275394044
core   0: 0x000000008000416c (0x012dd1bb) srlw    gp, s11, s2
core   0: 1 0x000000008000416c (0x012dd1bb) x3  0xffffffffffffffff
core   0: 0x0000000080004170 (0x1ad073d3) fdiv.d  ft7, ft0, fa3
core   0: 1 0x0000000080004170 (0x1ad073d3) f7  0x7ff8000000000000
core   0: 0x0000000080004174 (0x017eda3b) srlw    s4, t4, s7
core   0: 1 0x0000000080004174 (0x017eda3b) x20 0x0000000000000000
core   0: 0x0000000080004178 (0xe287c497) auipc   s1, 0xe287c
core   0: 1 0x0000000080004178 (0xe287c497) x9  0x0000000062880178
core   0: 0x000000008000417c (0xd22af753) fcvt.d.l fa4, s5
core   0: 1 0x000000008000417c (0xd22af753) f14 0xc2413a9c9b220000
core   0: 0x0000000080004180 (0x00102373) csrrs   t1, fflags, zero
core   0: 1 0x0000000080004180 (0x00102373) x6  0x000000000000001f
core   0: 0x0000000080004184 (0x029343bb) divw    t2, t1, s1
core   0: 1 0x0000000080004184 (0x029343bb) x7  0x0000000000000000
core   0: 0x0000000080004188 (0xc2277453) fcvt.l.d s0, fa4
core   0: 1 0x0000000080004188 (0xc2277453) x8  0xffffffdd8ac6c9bc
core   0: 0x000000008000418c (0x01447cb3) and     s9, s0, s4
core   0: 1 0x000000008000418c (0x01447cb3) x25 0x0000000000000000
core   0: 0x0000000080004190 (0xf20d8ad3) fmv.d.x fs5, s11
core   0: 1 0x0000000080004190 (0xf20d8ad3) f21 0x7fffffffffffffff
core   0: 0x0000000080004194 (0x1b5afe4f) fnmadd.d ft8, fs5, fs5, ft3
core   0: 1 0x0000000080004194 (0x1b5afe4f) f28 0x7ff8000000000000
core   0: 0x0000000080004198 (0x01b39c33) sll     s8, t2, s11
core   0: 1 0x0000000080004198 (0x01b39c33) x24 0x0000000000000000
core   0: 0x000000008000419c (0x0231ebb3) rem     s7, gp, gp
core   0: 1 0x000000008000419c (0x0231ebb3) x23 0x0000000000000000
core   0: 0x00000000800041a0 (0x420e0fd3) fcvt.d.s ft11, ft8
core   0: 1 0x00000000800041a0 (0x420e0fd3) f31 0x7ff8000000000000
core   0: 0x00000000800041a4 (0x0174cc33) xor     s8, s1, s7
core   0: 1 0x00000000800041a4 (0x0174cc33) x24 0x0000000062880178
core   0: 0x00000000800041a8 (0x80086493) ori     s1, a6, -2048
core   0: 1 0x00000000800041a8 (0x80086493) x9  0xfffffffffffff800
core   0: 0x00000000800041ac (0x401ff2d3) fcvt.s.d ft5, ft11
core   0: 1 0x00000000800041ac (0x401ff2d3) f5  0xffffffff7fc00000
core   0: 0x00000000800041b0 (0x10f1feb7) lui     t4, 0x10f1f
core   0: 1 0x00000000800041b0 (0x10f1feb7) x29 0x0000000010f1f000
core   0: 0x00000000800041b4 (0x5cd4e893) ori     a7, s1, 1485
core   0: 1 0x00000000800041b4 (0x5cd4e893) x17 0xfffffffffffffdcd
core   0: 0x00000000800041b8 (0xfa3c0637) lui     a2, 0xfa3c0
core   0: 1 0x00000000800041b8 (0xfa3c0637) x12 0xfffffffffa3c0000
core   0: 0x00000000800041bc (0x95b6061b) addiw   a2, a2, -1701
core   0: 1 0x00000000800041bc (0x95b6061b) x12 0xfffffffffa3bf95b
core   0: 0x00000000800041c0 (0x00000632) c.slli  a2, 12
core   0: 1 0x00000000800041c0 (0x0632) x12 0xffffffa3bf95b000
core   0: 0x00000000800041c2 (0x75160613) addi    a2, a2, 1873
core   0: 1 0x00000000800041c2 (0x75160613) x12 0xffffffa3bf95b751
core   0: 0x00000000800041c6 (0xdaf7f7cb) fnmsub.d fa5, fa5, fa5, fs11
core   0: 1 0x00000000800041c6 (0xdaf7f7cb) f15 0xc3cd5d28759c8000
core   0: 0x00000000800041ca (0x002919b3) sll     s3, s2, sp
core   0: 1 0x00000000800041ca (0x002919b3) x19 0x0000000000000000
core   0: 0x00000000800041ce (0x8de50bb7) lui     s7, 0x8de50
core   0: 1 0x00000000800041ce (0x8de50bb7) x23 0xffffffff8de50000
core   0: 0x00000000800041d2 (0x017964b3) or      s1, s2, s7
core   0: 1 0x00000000800041d2 (0x017964b3) x9  0xffffffff8de50000
core   0: 0x00000000800041d6 (0xe2078753) fmv.x.d a4, fa5
core   0: 1 0x00000000800041d6 (0xe2078753) x14 0xc3cd5d28759c8000
core   0: 0x00000000800041da (0x0029de93) srli    t4, s3, 2
core   0: 1 0x00000000800041da (0x0029de93) x29 0x0000000000000000
core   0: 0x00000000800041de (0x00209873) csrrw   a6, frm, ra
core   0: 1 0x00000000800041de (0x00209873) x16 0x0000000000000000 c2_frm 0x0000000000000004
core   0: 0x00000000800041e2 (0xf2008753) fmv.d.x fa4, ra
core   0: 1 0x00000000800041e2 (0xf2008753) f14 0x0000000080004014
core   0: 0x00000000800041e6 (0x016b5dbb) srlw    s11, s6, s6
core   0: 1 0x00000000800041e6 (0x016b5dbb) x27 0x0000000000000000
core   0: 0x00000000800041ea (0x00000001) c.nop
core   0: 1 0x00000000800041ea (0x0001)
core   0: 0x00000000800041ec (0xc2177453) fcvt.wu.d s0, fa4
core   0: 1 0x00000000800041ec (0xc2177453) c1_fflags 0x000000000000001f x8  0x0000000000000000
core   0: 0x00000000800041f0 (0x005484bb) addw    s1, s1, t0
core   0: 1 0x00000000800041f0 (0x005484bb) x9  0xffffffff8de4ffff
core   0: 0x00000000800041f4 (0x00000001) c.nop
core   0: 1 0x00000000800041f4 (0x0001)
core   0: 0x00000000800041f6 (0x676c7e93) andi    t4, s8, 1654
core   0: 1 0x00000000800041f6 (0x676c7e93) x29 0x0000000000000070
core   0: 0x00000000800041fa (0x13777bd3) fmul.d  fs7, fa4, fs7
core   0: 1 0x00000000800041fa (0x13777bd3) f23 0x7ff8000000000000
core   0: 0x00000000800041fe (0x120ef253) fmul.d  ft4, ft9, ft0
core   0: 1 0x00000000800041fe (0x120ef253) f4  0x7ff8000000000000
core   0: 0x0000000080004202 (0xc0623073) csrrc   zero, hpmcounter6, tp
core   0: exception trap_illegal_instruction, epc 0x0000000080004202
core   0:           tval 0x00000000c0623073
core   0: >>>>  $xrv64i2p1_m2p0_a2p1_f2p2_d2p2_zicsr2p0_zifencei2p0_zmmul1p0_zba1p0_zbb1p0_zbc1p0_zbs1p0
core   0: 0x0000000080004000 (0x0080006f) j       pc + 0x8
core   0: 3 0x0000000080004000 (0x0080006f)
core   0: >>>>  mmode_exception_handler
core   0: 0x0000000080004008 (0x00002c17) auipc   s8, 0x2
core   0: 3 0x0000000080004008 (0x00002c17) x24 0x0000000080006008
core   0: 0x000000008000400c (0x072c0c13) addi    s8, s8, 114
core   0: 3 0x000000008000400c (0x072c0c13) x24 0x000000008000607a
core   0: 0x0000000080004010 (0x000c00e7) jalr    s8
core   0: 3 0x0000000080004010 (0x000c00e7) x1  0x0000000080004014
core   0: >>>>  any_handler
core   0: 0x000000008000607a (0x341027f3) csrrs   a5, mepc, zero
core   0: 3 0x000000008000607a (0x341027f3) x15 0x0000000080004202
core   0: 0x000000008000607e (0x34202773) csrrs   a4, mcause, zero
core   0: 3 0x000000008000607e (0x34202773) x14 0x0000000000000002
core   0: 0x0000000080006082 (0x142026f3) csrrs   a3, scause, zero
core   0: 3 0x0000000080006082 (0x142026f3) x13 0x0000000000000000
core   0: 0x0000000080006086 (0x30402673) csrrs   a2, mie, zero
core   0: 3 0x0000000080006086 (0x30402673) x12 0x0000000000000a00
core   0: 0x000000008000608a (0x344025f3) csrrs   a1, mip, zero
core   0: 3 0x000000008000608a (0x344025f3) x11 0x0000000000000080
core   0: 0x000000008000608e (0x343025f3) csrrs   a1, mtval, zero
core   0: 3 0x000000008000608e (0x343025f3) x11 0x00000000c0623073
core   0: 0x0000000080006092 (0x14302573) csrrs   a0, stval, zero
core   0: 3 0x0000000080006092 (0x14302573) x10 0x0000000000000000
core   0: 0x0000000080006096 (0xb02024f3) csrrs   s1, minstret, zero
core   0: 3 0x0000000080006096 (0xb02024f3) x9  0x0000000000000852
core   0: 0x000000008000609a (0x0000a811) c.j     pc + 20
core   0: 3 0x000000008000609a (0xa811)
core   0: >>>>  mepc_4
core   0: 0x00000000800060ae (0x00000791) c.addi  a5, 4
core   0: 3 0x00000000800060ae (0x0791) x15 0x0000000080004206
core   0: 0x00000000800060b0 (0x34179073) csrrw   zero, mepc, a5
core   0: 3 0x00000000800060b0 (0x34179073) c833_mepc 0x0000000080004206
core   0: 0x00000000800060b4 (0x30200073) mret
core   0: 3 0x00000000800060b4 (0x30200073) c768_mstatus 0x8000000a00106080
core   0: 0x0000000080004206 (0x00000001) c.nop
core   0: 1 0x0000000080004206 (0x0001)
core   0: 0x0000000080004208 (0x40185a9b) sraiw   s5, a6, 1
core   0: 1 0x0000000080004208 (0x40185a9b) x21 0x0000000000000000
core   0: 0x000000008000420c (0x00ea9913) slli    s2, s5, 14
core   0: 1 0x000000008000420c (0x00ea9913) x18 0x0000000000000000
core   0: 0x0000000080004210 (0x02b01cb3) mulh    s9, zero, a1
core   0: 1 0x0000000080004210 (0x02b01cb3) x25 0x0000000000000000
core   0: 0x0000000080004214 (0x02ad883b) mulw    a6, s11, a0
core   0: 1 0x0000000080004214 (0x02ad883b) x16 0x0000000000000000
core   0: 0x0000000080004218 (0x7ff67613) andi    a2, a2, 2047
core   0: 1 0x0000000080004218 (0x7ff67613) x12 0x0000000000000200
core   0: 0x000000008000421c (0x2ae806d3) fmin.d  fa3, fa6, fa4
core   0: 1 0x000000008000421c (0x2ae806d3) f13 0x0000000080004014
core   0: 0x0000000080004220 (0x2ade89d3) fmin.d  fs3, ft9, fa3
core   0: 1 0x0000000080004220 (0x2ade89d3) f19 0x0000000080004014
core   0: 0x0000000080004224 (0x3309f84f) fnmadd.d fa6, fs3, fa6, ft6
core   0: 1 0x0000000080004224 (0x3309f84f) f16 0x7ff8000000000000
core   0: 0x0000000080004228 (0x0b20f147) fmsub.d ft2, ft1, fs2, ft1
core   0: 1 0x0000000080004228 (0x0b20f147) f2  0x7ff8000000000000
core   0: 0x000000008000422c (0xd21281d3) fcvt.d.wu ft3, t0
core   0: 1 0x000000008000422c (0xd21281d3) f3  0x41efffffffe00000
core   0: 0x0000000080004230 (0x0ff0000f) fence   iorw,iorw
core   0: 1 0x0000000080004230 (0x0ff0000f)
core   0: 0x0000000080004234 (0xc23170d3) fcvt.lu.d ra, ft2
core   0: 1 0x0000000080004234 (0xc23170d3) c1_fflags 0x000000000000001f x1  0xffffffffffffffff
core   0: 0x0000000080004238 (0x02ea3933) mulhu   s2, s4, a4
core   0: 1 0x0000000080004238 (0x02ea3933) x18 0x0000000000000000
core   0: 0x000000008000423c (0x00000001) c.nop
core   0: 1 0x000000008000423c (0x0001)
core   0: 0x000000008000423e (0x0090dbb3) srl     s7, ra, s1
core   0: 1 0x000000008000423e (0x0090dbb3) x23 0x00003fffffffffff
core   0: 0x0000000080004242 (0x02e72733) mulhsu  a4, a4, a4
core   0: 1 0x0000000080004242 (0x02e72733) x14 0x0000000000000000
core   0: 0x0000000080004246 (0x029494b3) mulh    s1, s1, s1
core   0: 1 0x0000000080004246 (0x029494b3) x9  0x0000000000000000
core   0: 0x000000008000424a (0x2b0803d3) fmin.d  ft7, fa6, fa6
core   0: 1 0x000000008000424a (0x2b0803d3) f7  0x7ff8000000000000
core   0: 0x000000008000424e (0x00f6561b) srliw   a2, a2, 15
core   0: 1 0x000000008000424e (0x00f6561b) x12 0x0000000000000000
core   0: 0x0000000080004252 (0x009382bb) addw    t0, t2, s1
core   0: 1 0x0000000080004252 (0x009382bb) x5  0x0000000000000000
core   0: 0x0000000080004256 (0x1b63f553) fdiv.d  fa0, ft7, fs6
core   0: 1 0x0000000080004256 (0x1b63f553) f10 0x7ff8000000000000
core   0: 0x000000008000425a (0xebd57ecf) fnmadd.d ft9, fa0, ft9, ft9
core   0: 1 0x000000008000425a (0xebd57ecf) f29 0x7ff8000000000000
core   0: 0x000000008000425e (0x0148d2b3) srl     t0, a7, s4
core   0: 1 0x000000008000425e (0x0148d2b3) x5  0xfffffffffffffdcd
core   0: 0x0000000080004262 (0x028d773b) remuw   a4, s10, s0
core   0: 1 0x0000000080004262 (0x028d773b) x14 0x0000000075394044
core   0: 0x0000000080004266 (0xd03775d3) fcvt.s.lu fa1, a4
core   0: 1 0x0000000080004266 (0xd03775d3) c1_fflags 0x000000000000001f f11 0xffffffff4eea7281
core   0: 0x000000008000426a (0x022608bb) mulw    a7, a2, sp
core   0: 1 0x000000008000426a (0x022608bb) x17 0x0000000000000000
core   0: 0x000000008000426e (0x4917891b) addiw   s2, a5, 1169
core   0: 1 0x000000008000426e (0x4917891b) x18 0xffffffff80004697
core   0: 0x0000000080004272 (0x00039c13) slli    s8, t2, 0
core   0: 1 0x0000000080004272 (0x00039c13) x24 0x0000000000000000
core   0: 0x0000000080004276 (0x4008de93) srai    t4, a7, 0
core   0: 1 0x0000000080004276 (0x4008de93) x29 0x0000000000000000
core   0: 0x000000008000427a (0x327df74b) fnmsub.d fa4, fs11, ft7, ft6
core   0: 1 0x000000008000427a (0x327df74b) f14 0x7ff8000000000000
core   0: 0x000000008000427e (0x003e1e1b) slliw   t3, t3, 3
core   0: 1 0x000000008000427e (0x003e1e1b) x28 0x00000000089d4e50
core   0: 0x0000000080004282 (0x00102173) csrrs   sp, fflags, zero
core   0: 1 0x0000000080004282 (0x00102173) x2  0x000000000000001f
core   0: 0x0000000080004286 (0x40ec51b3) sra     gp, s8, a4
core   0: 1 0x0000000080004286 (0x40ec51b3) x3  0x0000000000000000
core   0: 0x000000008000428a (0x02a97733) remu    a4, s2, a0
core   0: 1 0x000000008000428a (0x02a97733) x14 0xffffffff80004697
core   0: 0x000000008000428e (0xc2007a53) fcvt.w.d s4, ft0
core   0: 1 0x000000008000428e (0xc2007a53) c1_fflags 0x000000000000001f x20 0x000000007fffffff
core   0: 0x0000000080004292 (0x1b7af253) fdiv.d  ft4, fs5, fs7
core   0: 1 0x0000000080004292 (0x1b7af253) f4  0x7ff8000000000000
core   0: 0x0000000080004296 (0x0ff0000f) fence   iorw,iorw
core   0: 1 0x0000000080004296 (0x0ff0000f)
core   0: 0x000000008000429a (0x22878153) fsgnj.d ft2, fa5, fs0
core   0: 1 0x000000008000429a (0x22878153) f2  0xc3cd5d28759c8000
core   0: 0x000000008000429e (0x034a94b3) mulh    s1, s5, s4
core   0: 1 0x000000008000429e (0x034a94b3) x9  0x0000000000000000
core   0: 0x00000000800042a2 (0x8b7272cf) fnmadd.d ft5, ft4, fs7, fa7
core   0: 1 0x00000000800042a2 (0x8b7272cf) f5  0x7ff8000000000000
core   0: 0x00000000800042a6 (0xc0205073) csrrwi  zero, instret, 0
core   0: exception trap_illegal_instruction, epc 0x00000000800042a6
core   0:           tval 0x00000000c0205073
core   0: >>>>  $xrv64i2p1_m2p0_a2p1_f2p2_d2p2_zicsr2p0_zifencei2p0_zmmul1p0_zba1p0_zbb1p0_zbc1p0_zbs1p0
core   0: 0x0000000080004000 (0x0080006f) j       pc + 0x8
core   0: 3 0x0000000080004000 (0x0080006f)
core   0: >>>>  mmode_exception_handler
core   0: 0x0000000080004008 (0x00002c17) auipc   s8, 0x2
core   0: 3 0x0000000080004008 (0x00002c17) x24 0x0000000080006008
core   0: 0x000000008000400c (0x072c0c13) addi    s8, s8, 114
core   0: 3 0x000000008000400c (0x072c0c13) x24 0x000000008000607a
core   0: 0x0000000080004010 (0x000c00e7) jalr    s8
core   0: 3 0x0000000080004010 (0x000c00e7) x1  0x0000000080004014
core   0: >>>>  any_handler
core   0: 0x000000008000607a (0x341027f3) csrrs   a5, mepc, zero
core   0: 3 0x000000008000607a (0x341027f3) x15 0x00000000800042a6
core   0: 0x000000008000607e (0x34202773) csrrs   a4, mcause, zero
core   0: 3 0x000000008000607e (0x34202773) x14 0x0000000000000002
core   0: 0x0000000080006082 (0x142026f3) csrrs   a3, scause, zero
core   0: 3 0x0000000080006082 (0x142026f3) x13 0x0000000000000000
core   0: 0x0000000080006086 (0x30402673) csrrs   a2, mie, zero
core   0: 3 0x0000000080006086 (0x30402673) x12 0x0000000000000a00
core   0: 0x000000008000608a (0x344025f3) csrrs   a1, mip, zero
core   0: 3 0x000000008000608a (0x344025f3) x11 0x0000000000000080
core   0: 0x000000008000608e (0x343025f3) csrrs   a1, mtval, zero
core   0: 3 0x000000008000608e (0x343025f3) x11 0x00000000c0205073
core   0: 0x0000000080006092 (0x14302573) csrrs   a0, stval, zero
core   0: 3 0x0000000080006092 (0x14302573) x10 0x0000000000000000
core   0: 0x0000000080006096 (0xb02024f3) csrrs   s1, minstret, zero
core   0: 3 0x0000000080006096 (0xb02024f3) x9  0x000000000000088b
core   0: 0x000000008000609a (0x0000a811) c.j     pc + 20
core   0: 3 0x000000008000609a (0xa811)
core   0: >>>>  mepc_4
core   0: 0x00000000800060ae (0x00000791) c.addi  a5, 4
core   0: 3 0x00000000800060ae (0x0791) x15 0x00000000800042aa
core   0: 0x00000000800060b0 (0x34179073) csrrw   zero, mepc, a5
core   0: 3 0x00000000800060b0 (0x34179073) c833_mepc 0x00000000800042aa
core   0: 0x00000000800060b4 (0x30200073) mret
core   0: 3 0x00000000800060b4 (0x30200073) c768_mstatus 0x8000000a00106080
core   0: 0x00000000800042aa (0xc0b84993) xori    s3, a6, -1013
core   0: 1 0x00000000800042aa (0xc0b84993) x19 0xfffffffffffffc0b
core   0: 0x00000000800042ae (0x0ff0000f) fence   iorw,iorw
core   0: 1 0x00000000800042ae (0x0ff0000f)
core   0: 0x00000000800042b2 (0x2ae69d53) fmax.d  fs10, fa3, fa4
core   0: 1 0x00000000800042b2 (0x2ae69d53) f26 0x0000000080004014
core   0: 0x00000000800042b6 (0x01476137) lui     sp, 0x1476
core   0: 1 0x00000000800042b6 (0x01476137) x2  0x0000000001476000
core   0: 0x00000000800042ba (0xeab1011b) addiw   sp, sp, -341
core   0: 1 0x00000000800042ba (0xeab1011b) x2  0x0000000001475eab
core   0: 0x00000000800042be (0x0000013a) c.slli  sp, 14
core   0: 1 0x00000000800042be (0x013a) x2  0x00000051d7aac000
core   0: 0x00000000800042c0 (0xc9a10113) addi    sp, sp, -870
core   0: 1 0x00000000800042c0 (0xc9a10113) x2  0x00000051d7aabc9a
core   0: 0x00000000800042c4 (0xc03d70d3) fcvt.lu.s ra, fs10
core   0: 1 0x00000000800042c4 (0xc03d70d3) c1_fflags 0x000000000000001f x1  0xffffffffffffffff
core   0: 0x00000000800042c8 (0x01d6931b) slliw   t1, a3, 29
core   0: 1 0x00000000800042c8 (0x01d6931b) x6  0x0000000000000000
core   0: 0x00000000800042cc (0x586b889b) addiw   a7, s7, 1414
core   0: 1 0x00000000800042cc (0x586b889b) x17 0x0000000000000585
core   0: 0x00000000800042d0 (0xc23a73d3) fcvt.lu.d t2, fs4
core   0: 1 0x00000000800042d0 (0xc23a73d3) c1_fflags 0x000000000000001f x7  0xffffffffffffffff
core   0: 0x00000000800042d4 (0xb82f6073) csrrsi  zero, minstreth, 30
core   0: exception trap_illegal_instruction, epc 0x00000000800042d4
core   0:           tval 0x00000000b82f6073
core   0: >>>>  $xrv64i2p1_m2p0_a2p1_f2p2_d2p2_zicsr2p0_zifencei2p0_zmmul1p0_zba1p0_zbb1p0_zbc1p0_zbs1p0
core   0: 0x0000000080004000 (0x0080006f) j       pc + 0x8
core   0: 3 0x0000000080004000 (0x0080006f)
core   0: >>>>  mmode_exception_handler
core   0: 0x0000000080004008 (0x00002c17) auipc   s8, 0x2
core   0: 3 0x0000000080004008 (0x00002c17) x24 0x0000000080006008
core   0: 0x000000008000400c (0x072c0c13) addi    s8, s8, 114
core   0: 3 0x000000008000400c (0x072c0c13) x24 0x000000008000607a
core   0: 0x0000000080004010 (0x000c00e7) jalr    s8
core   0: 3 0x0000000080004010 (0x000c00e7) x1  0x0000000080004014
core   0: >>>>  any_handler
core   0: 0x000000008000607a (0x341027f3) csrrs   a5, mepc, zero
core   0: 3 0x000000008000607a (0x341027f3) x15 0x00000000800042d4
core   0: 0x000000008000607e (0x34202773) csrrs   a4, mcause, zero
core   0: 3 0x000000008000607e (0x34202773) x14 0x0000000000000002
core   0: 0x0000000080006082 (0x142026f3) csrrs   a3, scause, zero
core   0: 3 0x0000000080006082 (0x142026f3) x13 0x0000000000000000
core   0: 0x0000000080006086 (0x30402673) csrrs   a2, mie, zero
core   0: 3 0x0000000080006086 (0x30402673) x12 0x0000000000000a00
core   0: 0x000000008000608a (0x344025f3) csrrs   a1, mip, zero
core   0: 3 0x000000008000608a (0x344025f3) x11 0x0000000000000080
core   0: 0x000000008000608e (0x343025f3) csrrs   a1, mtval, zero
core   0: 3 0x000000008000608e (0x343025f3) x11 0x00000000b82f6073
core   0: 0x0000000080006092 (0x14302573) csrrs   a0, stval, zero
core   0: 3 0x0000000080006092 (0x14302573) x10 0x0000000000000000
core   0: 0x0000000080006096 (0xb02024f3) csrrs   s1, minstret, zero
core   0: 3 0x0000000080006096 (0xb02024f3) x9  0x00000000000008a6
core   0: 0x000000008000609a (0x0000a811) c.j     pc + 20
core   0: 3 0x000000008000609a (0xa811)
core   0: >>>>  mepc_4
core   0: 0x00000000800060ae (0x00000791) c.addi  a5, 4
core   0: 3 0x00000000800060ae (0x0791) x15 0x00000000800042d8
core   0: 0x00000000800060b0 (0x34179073) csrrw   zero, mepc, a5
core   0: 3 0x00000000800060b0 (0x34179073) c833_mepc 0x00000000800042d8
core   0: 0x00000000800060b4 (0x30200073) mret
core   0: 3 0x00000000800060b4 (0x30200073) c768_mstatus 0x8000000a00106080
core   0: 0x00000000800042d8 (0x4108093b) subw    s2, a6, a6
core   0: 1 0x00000000800042d8 (0x4108093b) x18 0x0000000000000000
core   0: 0x00000000800042dc (0xd2100cd3) fcvt.d.wu fs9, zero
core   0: 1 0x00000000800042dc (0xd2100cd3) f25 0x0000000000000000
core   0: 0x00000000800042e0 (0x00181573) csrrw   a0, fflags, a6
core   0: 1 0x00000000800042e0 (0x00181573) x10 0x000000000000001f c1_fflags 0x0000000000000000
core   0: 0x00000000800042e4 (0x01c4f6b3) and     a3, s1, t3
core   0: 1 0x00000000800042e4 (0x01c4f6b3) x13 0x0000000000000800
core   0: 0x00000000800042e8 (0x0ff0000f) fence   iorw,iorw
core   0: 1 0x00000000800042e8 (0x0ff0000f)
core   0: 0x00000000800042ec (0x402bdd9b) sraiw   s11, s7, 2
core   0: 1 0x00000000800042ec (0x402bdd9b) x27 0xffffffffffffffff
core   0: 0x00000000800042f0 (0x000adc9b) srliw   s9, s5, 0
core   0: 1 0x00000000800042f0 (0x000adc9b) x25 0x0000000000000000
core   0: 0x00000000800042f4 (0x035ca0b3) mulhsu  ra, s9, s5
core   0: 1 0x00000000800042f4 (0x035ca0b3) x1  0x0000000000000000
core   0: 0x00000000800042f8 (0x893d6817) auipc   a6, 0x893d6
core   0: 1 0x00000000800042f8 (0x893d6817) x16 0x00000000093da2f8
core   0: 0x00000000800042fc (0xe20e00d3) fmv.x.d ra, ft8
core   0: 1 0x00000000800042fc (0xe20e00d3) x1  0x7ff8000000000000
core   0: 0x0000000080004300 (0x021d5d3b) divuw   s10, s10, ra
core   0: 1 0x0000000080004300 (0x021d5d3b) x26 0xffffffffffffffff
core   0: 0x0000000080004304 (0xd21d02d3) fcvt.d.wu ft5, s10
core   0: 1 0x0000000080004304 (0xd21d02d3) f5  0x41efffffffe00000
core   0: 0x0000000080004308 (0x40bcd43b) sraw    s0, s9, a1
core   0: 1 0x0000000080004308 (0x40bcd43b) x8  0x0000000000000000
core   0: 0x000000008000430c (0x02847c33) remu    s8, s0, s0
core   0: 1 0x000000008000430c (0x02847c33) x24 0x0000000000000000
core   0: 0x0000000080004310 (0x105496f3) csrrw   a3, stvec, s1
core   0: 1 0x0000000080004310 (0x105496f3) x13 0x0000000000000000 c261_stvec 0x00000000000008a4
core   0: 0x0000000080004314 (0xb7de0017) auipc   zero, 0xb7de0
core   0: 1 0x0000000080004314 (0xb7de0017)
core   0: 0x0000000080004318 (0x24e0a837) lui     a6, 0x24e0a
core   0: 1 0x0000000080004318 (0x24e0a837) x16 0x0000000024e0a000
core   0: 0x000000008000431c (0xd02377d3) fcvt.s.l fa5, t1
core   0: 1 0x000000008000431c (0xd02377d3) f15 0xffffffff00000000
core   0: 0x0000000080004320 (0xa3180d53) fle.d   s10, fa6, fa7
core   0: 1 0x0000000080004320 (0xa3180d53) c1_fflags 0x0000000000000010 x26 0x0000000000000000
core   0: 0x0000000080004324 (0x0326563b) divuw   a2, a2, s2
core   0: 1 0x0000000080004324 (0x0326563b) x12 0xffffffffffffffff
core   0: 0x0000000080004328 (0x02117c33) remu    s8, sp, ra
core   0: 1 0x0000000080004328 (0x02117c33) x24 0x00000051d7aabc9a
core   0: 0x000000008000432c (0x00210db3) add     s11, sp, sp
core   0: 1 0x000000008000432c (0x00210db3) x27 0x000000a3af557934
core   0: 0x0000000080004330 (0x0039d29b) srliw   t0, s3, 3
core   0: 1 0x0000000080004330 (0x0039d29b) x5  0x000000001fffff81
core   0: 0x0000000080004334 (0x02b0f5b3) remu    a1, ra, a1
core   0: 1 0x0000000080004334 (0x02b0f5b3) x11 0x000000004dac27ac
core   0: 0x0000000080004338 (0x018c023b) addw    tp, s8, s8
core   0: 1 0x0000000080004338 (0x018c023b) x4  0xffffffffaf557934
core   0: 0x000000008000433c (0x00b20a3b) addw    s4, tp, a1
core   0: 1 0x000000008000433c (0x00b20a3b) x20 0xfffffffffd01a0e0
core   0: 0x0000000080004340 (0xc207f753) fcvt.w.d a4, fa5
core   0: 1 0x0000000080004340 (0xc207f753) c1_fflags 0x0000000000000010 x14 0x000000007fffffff
core   0: 0x0000000080004344 (0x414cdcbb) sraw    s9, s9, s4
core   0: 1 0x0000000080004344 (0x414cdcbb) x25 0x0000000000000000
core   0: 0x0000000080004348 (0x00000001) c.nop
core   0: 1 0x0000000080004348 (0x0001)
core   0: 0x000000008000434a (0x5a087cd3) fsqrt.d fs9, fa6
core   0: 1 0x000000008000434a (0x5a087cd3) f25 0x7ff8000000000000
core   0: 0x000000008000434e (0x00281c73) csrrw   s8, frm, a6
core   0: 1 0x000000008000434e (0x00281c73) x24 0x0000000000000004 c2_frm 0x0000000000000000
core   0: 0x0000000080004352 (0x0240da93) srli    s5, ra, 36
core   0: 1 0x0000000080004352 (0x0240da93) x21 0x0000000007ff8000
core   0: 0x0000000080004356 (0x03d29eb3) mulh    t4, t0, t4
core   0: 1 0x0000000080004356 (0x03d29eb3) x29 0x0000000000000000
core   0: 0x000000008000435a (0x033785b3) mul     a1, a5, s3
core   0: 1 0x000000008000435a (0x033785b3) x11 0xfffffe057ef77f48
core   0: 0x000000008000435e (0xd229f653) fcvt.d.l fa2, s3
core   0: 1 0x000000008000435e (0xd229f653) f12 0xc08fa80000000000
core   0: 0x0000000080004362 (0x003ad03b) srlw    zero, s5, gp
core   0: 1 0x0000000080004362 (0x003ad03b)
core   0: 0x0000000080004366 (0x8216c813) xori    a6, a3, -2015
core   0: 1 0x0000000080004366 (0x8216c813) x16 0xfffffffffffff821
core   0: 0x000000008000436a (0x43f85e13) srai    t3, a6, 63
core   0: 1 0x000000008000436a (0x43f85e13) x28 0xffffffffffffffff
core   0: 0x000000008000436e (0xbab9a237) lui     tp, 0xbab9a
core   0: 1 0x000000008000436e (0xbab9a237) x4  0xffffffffbab9a000
core   0: 0x0000000080004372 (0x002708bb) addw    a7, a4, sp
core   0: 1 0x0000000080004372 (0x002708bb) x17 0x0000000057aabc99
core   0: 0x0000000080004376 (0xaac7f3c7) fmsub.d ft7, fa5, fa2, fs5
core   0: 1 0x0000000080004376 (0xaac7f3c7) f7  0x7ff8000000000000
core   0: 0x000000008000437a (0xe20c8053) fmv.x.d zero, fs9
core   0: 1 0x000000008000437a (0xe20c8053)
core   0: 0x000000008000437e (0x0091e1b3) or      gp, gp, s1
core   0: 1 0x000000008000437e (0x0091e1b3) x3  0x00000000000008a6
core   0: 0x0000000080004382 (0x0035ebb3) or      s7, a1, gp
core   0: 1 0x0000000080004382 (0x0035ebb3) x23 0xfffffe057ef77fee
core   0: 0x0000000080004386 (0xf983841b) addiw   s0, t2, -104
core   0: 1 0x0000000080004386 (0xf983841b) x8  0xffffffffffffff97
core   0: 0x000000008000438a (0x000d5b13) srli    s6, s10, 0
core   0: 1 0x000000008000438a (0x000d5b13) x22 0x0000000000000000
core   0: 0x000000008000438e (0x0015e593) ori     a1, a1, 1
core   0: 1 0x000000008000438e (0x0015e593) x11 0xfffffe057ef77f49
core   0: 0x0000000080004392 (0x0155de1b) srliw   t3, a1, 21
core   0: 1 0x0000000080004392 (0x0155de1b) x28 0x00000000000003f7
core   0: 0x0000000080004396 (0x30659173) csrrw   sp, mcounteren, a1
core   0: exception trap_illegal_instruction, epc 0x0000000080004396
core   0:           tval 0x0000000030659173
core   0: >>>>  $xrv64i2p1_m2p0_a2p1_f2p2_d2p2_zicsr2p0_zifencei2p0_zmmul1p0_zba1p0_zbb1p0_zbc1p0_zbs1p0
core   0: 0x0000000080004000 (0x0080006f) j       pc + 0x8
core   0: 3 0x0000000080004000 (0x0080006f)
core   0: >>>>  mmode_exception_handler
core   0: 0x0000000080004008 (0x00002c17) auipc   s8, 0x2
core   0: 3 0x0000000080004008 (0x00002c17) x24 0x0000000080006008
core   0: 0x000000008000400c (0x072c0c13) addi    s8, s8, 114
core   0: 3 0x000000008000400c (0x072c0c13) x24 0x000000008000607a
core   0: 0x0000000080004010 (0x000c00e7) jalr    s8
core   0: 3 0x0000000080004010 (0x000c00e7) x1  0x0000000080004014
core   0: >>>>  any_handler
core   0: 0x000000008000607a (0x341027f3) csrrs   a5, mepc, zero
core   0: 3 0x000000008000607a (0x341027f3) x15 0x0000000080004396
core   0: 0x000000008000607e (0x34202773) csrrs   a4, mcause, zero
core   0: 3 0x000000008000607e (0x34202773) x14 0x0000000000000002
core   0: 0x0000000080006082 (0x142026f3) csrrs   a3, scause, zero
core   0: 3 0x0000000080006082 (0x142026f3) x13 0x0000000000000000
core   0: 0x0000000080006086 (0x30402673) csrrs   a2, mie, zero
core   0: 3 0x0000000080006086 (0x30402673) x12 0x0000000000000a00
core   0: 0x000000008000608a (0x344025f3) csrrs   a1, mip, zero
core   0: 3 0x000000008000608a (0x344025f3) x11 0x0000000000000080
core   0: 0x000000008000608e (0x343025f3) csrrs   a1, mtval, zero
core   0: 3 0x000000008000608e (0x343025f3) x11 0x0000000030659173
core   0: 0x0000000080006092 (0x14302573) csrrs   a0, stval, zero
core   0: 3 0x0000000080006092 (0x14302573) x10 0x0000000000000000
core   0: 0x0000000080006096 (0xb02024f3) csrrs   s1, minstret, zero
core   0: 3 0x0000000080006096 (0xb02024f3) x9  0x00000000000008e6
core   0: 0x000000008000609a (0x0000a811) c.j     pc + 20
core   0: 3 0x000000008000609a (0xa811)
core   0: >>>>  mepc_4
core   0: 0x00000000800060ae (0x00000791) c.addi  a5, 4
core   0: 3 0x00000000800060ae (0x0791) x15 0x000000008000439a
core   0: 0x00000000800060b0 (0x34179073) csrrw   zero, mepc, a5
core   0: 3 0x00000000800060b0 (0x34179073) c833_mepc 0x000000008000439a
core   0: 0x00000000800060b4 (0x30200073) mret
core   0: 3 0x00000000800060b4 (0x30200073) c768_mstatus 0x8000000a00106080
core   0: 0x000000008000439a (0x2af2001b) addiw   zero, tp, 687
core   0: 1 0x000000008000439a (0x2af2001b)
core   0: 0x000000008000439e (0x00000b26) c.slli  s6, 9
core   0: 1 0x000000008000439e (0x0b26) x22 0x0000000000000000
core   0: 0x00000000800043a0 (0x000b6a93) ori     s5, s6, 0
core   0: 1 0x00000000800043a0 (0x000b6a93) x21 0x0000000000000000
core   0: 0x00000000800043a4 (0x026787bb) mulw    a5, a5, t1
core   0: 1 0x00000000800043a4 (0x026787bb) x15 0x0000000000000000
core   0: 0x00000000800043a8 (0x01d7eeb3) or      t4, a5, t4
core   0: 1 0x00000000800043a8 (0x01d7eeb3) x29 0x0000000000000000
core   0: 0x00000000800043ac (0x00bed19b) srliw   gp, t4, 11
core   0: 1 0x00000000800043ac (0x00bed19b) x3  0x0000000000000000
core   0: 0x00000000800043b0 (0xc22cf153) fcvt.l.d sp, fs9
core   0: 1 0x00000000800043b0 (0xc22cf153) c1_fflags 0x0000000000000010 x2  0x7fffffffffffffff
core   0: 0x00000000800043b4 (0x001c7c13) andi    s8, s8, 1
core   0: 1 0x00000000800043b4 (0x001c7c13) x24 0x0000000000000000
core   0: 0x00000000800043b8 (0xfffa7913) andi    s2, s4, -1
core   0: 1 0x00000000800043b8 (0xfffa7913) x18 0xfffffffffd01a0e0
core   0: 0x00000000800043bc (0xe2060553) fmv.x.d a0, fa2
core   0: 1 0x00000000800043bc (0xe2060553) x10 0xc08fa80000000000
core   0: 0x00000000800043c0 (0xf13517f3) csrrw   a5, mimpid, a0
core   0: exception trap_illegal_instruction, epc 0x00000000800043c0
core   0:           tval 0x00000000f13517f3
core   0: >>>>  $xrv64i2p1_m2p0_a2p1_f2p2_d2p2_zicsr2p0_zifencei2p0_zmmul1p0_zba1p0_zbb1p0_zbc1p0_zbs1p0
core   0: 0x0000000080004000 (0x0080006f) j       pc + 0x8
core   0: 3 0x0000000080004000 (0x0080006f)
core   0: >>>>  mmode_exception_handler
core   0: 0x0000000080004008 (0x00002c17) auipc   s8, 0x2
core   0: 3 0x0000000080004008 (0x00002c17) x24 0x0000000080006008
core   0: 0x000000008000400c (0x072c0c13) addi    s8, s8, 114
core   0: 3 0x000000008000400c (0x072c0c13) x24 0x000000008000607a
core   0: 0x0000000080004010 (0x000c00e7) jalr    s8
core   0: 3 0x0000000080004010 (0x000c00e7) x1  0x0000000080004014
core   0: >>>>  any_handler
core   0: 0x000000008000607a (0x341027f3) csrrs   a5, mepc, zero
core   0: 3 0x000000008000607a (0x341027f3) x15 0x00000000800043c0
core   0: 0x000000008000607e (0x34202773) csrrs   a4, mcause, zero
core   0: 3 0x000000008000607e (0x34202773) x14 0x0000000000000002
core   0: 0x0000000080006082 (0x142026f3) csrrs   a3, scause, zero
core   0: 3 0x0000000080006082 (0x142026f3) x13 0x0000000000000000
core   0: 0x0000000080006086 (0x30402673) csrrs   a2, mie, zero
core   0: 3 0x0000000080006086 (0x30402673) x12 0x0000000000000a00
core   0: 0x000000008000608a (0x344025f3) csrrs   a1, mip, zero
core   0: 3 0x000000008000608a (0x344025f3) x11 0x0000000000000080
core   0: 0x000000008000608e (0x343025f3) csrrs   a1, mtval, zero
core   0: 3 0x000000008000608e (0x343025f3) x11 0x00000000f13517f3
core   0: 0x0000000080006092 (0x14302573) csrrs   a0, stval, zero
core   0: 3 0x0000000080006092 (0x14302573) x10 0x0000000000000000
core   0: 0x0000000080006096 (0xb02024f3) csrrs   s1, minstret, zero
core   0: 3 0x0000000080006096 (0xb02024f3) x9  0x0000000000000900
core   0: 0x000000008000609a (0x0000a811) c.j     pc + 20
core   0: 3 0x000000008000609a (0xa811)
core   0: >>>>  mepc_4
core   0: 0x00000000800060ae (0x00000791) c.addi  a5, 4
core   0: 3 0x00000000800060ae (0x0791) x15 0x00000000800043c4
core   0: 0x00000000800060b0 (0x34179073) csrrw   zero, mepc, a5
core   0: 3 0x00000000800060b0 (0x34179073) c833_mepc 0x00000000800043c4
core   0: 0x00000000800060b4 (0x30200073) mret
core   0: 3 0x00000000800060b4 (0x30200073) c768_mstatus 0x8000000a00106080
core   0: 0x00000000800043c4 (0x00000001) c.nop
core   0: 1 0x00000000800043c4 (0x0001)
core   0: 0x00000000800043c6 (0x0a8f74d3) fsub.d  fs1, ft10, fs0
core   0: 1 0x00000000800043c6 (0x0a8f74d3) f9  0x7ff8000000000000
core   0: 0x00000000800043ca (0x03c42b33) mulhsu  s6, s0, t3
core   0: 1 0x00000000800043ca (0x03c42b33) x22 0xffffffffffffffff
core   0: 0x00000000800043ce (0x40b58133) sub     sp, a1, a1
core   0: 1 0x00000000800043ce (0x40b58133) x2  0x0000000000000000
core   0: 0x00000000800043d2 (0x43f9dc93) srai    s9, s3, 63
core   0: 1 0x00000000800043d2 (0x43f9dc93) x25 0xffffffffffffffff
core   0: 0x00000000800043d6 (0x01d46d33) or      s10, s0, t4
core   0: 1 0x00000000800043d6 (0x01d46d33) x26 0xffffffffffffff97
core   0: 0x00000000800043da (0x032cbb33) mulhu   s6, s9, s2
core   0: 1 0x00000000800043da (0x032cbb33) x22 0xfffffffffd01a0df
core   0: 0x00000000800043de (0x01f5959b) slliw   a1, a1, 31
core   0: 1 0x00000000800043de (0x01f5959b) x11 0xffffffff80000000
core   0: 0x00000000800043e2 (0xac00091b) addiw   s2, zero, -1344
core   0: 1 0x00000000800043e2 (0xac00091b) x18 0xfffffffffffffac0
core   0: 0x00000000800043e6 (0xf20a03d3) fmv.d.x ft7, s4
core   0: 1 0x00000000800043e6 (0xf20a03d3) f7  0xfffffffffd01a0e0
core   0: 0x00000000800043ea (0x000a179b) slliw   a5, s4, 0
core   0: 1 0x00000000800043ea (0x000a179b) x15 0xfffffffffd01a0e0
core   0: 0x00000000800043ee (0x03c672b3) remu    t0, a2, t3
core   0: 1 0x00000000800043ee (0x03c672b3) x5  0x0000000000000212
core   0: 0x00000000800043f2 (0x0ff0000f) fence   iorw,iorw
core   0: 1 0x00000000800043f2 (0x0ff0000f)
core   0: 0x00000000800043f6 (0x0ff0000f) fence   iorw,iorw
core   0: 1 0x00000000800043f6 (0x0ff0000f)
core   0: 0x00000000800043fa (0x015999bb) sllw    s3, s3, s5
core   0: 1 0x00000000800043fa (0x015999bb) x19 0xfffffffffffffc0b
core   0: 0x00000000800043fe (0x0b027547) fmsub.d fa0, ft4, fa6, ft1
core   0: 1 0x00000000800043fe (0x0b027547) f10 0x7ff8000000000000
core   0: 0x0000000080004402 (0x039d4d33) div     s10, s10, s9
core   0: 1 0x0000000080004402 (0x039d4d33) x26 0x0000000000000069
core   0: 0x0000000080004406 (0xd227f4d3) fcvt.d.l fs1, a5
core   0: 1 0x0000000080004406 (0xd227f4d3) f9  0xc187f2f900000000
core   0: 0x000000008000440a (0x0001103b) sllw    zero, sp, zero
core   0: 1 0x000000008000440a (0x0001103b)
core   0: 0x000000008000440e (0x001c0b9b) addiw   s7, s8, 1
core   0: 1 0x000000008000440e (0x001c0b9b) x23 0xffffffff8000607b
core   0: 0x0000000080004412 (0x40405dbb) sraw    s11, zero, tp
core   0: 1 0x0000000080004412 (0x40405dbb) x27 0x0000000000000000
core   0: 0x0000000080004416 (0x03f17fd3) fadd.d  ft11, ft2, ft11
core   0: 1 0x0000000080004416 (0x03f17fd3) f31 0x7ff8000000000000
core   0: 0x000000008000441a (0xc0257953) fcvt.l.s s2, fa0
core   0: 1 0x000000008000441a (0xc0257953) c1_fflags 0x0000000000000010 x18 0x7fffffffffffffff
core   0: 0x000000008000441e (0xfdf1e637) lui     a2, 0xfdf1e
core   0: 1 0x000000008000441e (0xfdf1e637) x12 0xfffffffffdf1e000
core   0: 0x0000000080004422 (0x4456061b) addiw   a2, a2, 1093
core   0: 1 0x0000000080004422 (0x4456061b) x12 0xfffffffffdf1e445
core   0: 0x0000000080004426 (0x00000636) c.slli  a2, 13
core   0: 1 0x0000000080004426 (0x0636) x12 0xffffffbe3c88a000
core   0: 0x0000000080004428 (0xddb60613) addi    a2, a2, -549
core   0: 1 0x0000000080004428 (0xddb60613) x12 0xffffffbe3c889ddb
core   0: 0x000000008000442c (0x00000001) c.nop
core   0: 1 0x000000008000442c (0x0001)
core   0: 0x000000008000442e (0xc22ff0d3) fcvt.l.d ra, ft11
core   0: 1 0x000000008000442e (0xc22ff0d3) c1_fflags 0x0000000000000010 x1  0x7fffffffffffffff
core   0: 0x0000000080004432 (0x0ff0000f) fence   iorw,iorw
core   0: 1 0x0000000080004432 (0x0ff0000f)
core   0: 0x0000000080004436 (0x00d3563b) srlw    a2, t1, a3
core   0: 1 0x0000000080004436 (0x00d3563b) x12 0x0000000000000000
core   0: 0x000000008000443a (0x00000001) c.nop
core   0: 1 0x000000008000443a (0x0001)
core   0: 0x000000008000443c (0x40035e9b) sraiw   t4, t1, 0
core   0: 1 0x000000008000443c (0x40035e9b) x29 0x0000000000000000
core   0: 0x0000000080004440 (0xdac0f54f) fnmadd.d fa0, ft1, fa2, fs11
core   0: 1 0x0000000080004440 (0xdac0f54f) f10 0x7ff8000000000000
core   0: 0x0000000080004444 (0x0ff0000f) fence   iorw,iorw
core   0: 1 0x0000000080004444 (0x0ff0000f)
core   0: 0x0000000080004448 (0xd020f8d3) fcvt.s.l fa7, ra
core   0: 1 0x0000000080004448 (0xd020f8d3) c1_fflags 0x0000000000000011 f17 0xffffffff5f000000
core   0: 0x000000008000444c (0xd2247253) fcvt.d.l ft4, s0
core   0: 1 0x000000008000444c (0xd2247253) f4  0xc05a400000000000
core   0: 0x0000000080004450 (0x2a4d16d3) fmax.d  fa3, fs10, ft4
core   0: 1 0x0000000080004450 (0x2a4d16d3) f13 0x0000000080004014
core   0: 0x0000000080004454 (0x00211af3) csrrw   s5, frm, sp
core   0: 1 0x0000000080004454 (0x00211af3) x21 0x0000000000000000 c2_frm 0x0000000000000000
core   0: 0x0000000080004458 (0x001021f3) csrrs   gp, fflags, zero
core   0: 1 0x0000000080004458 (0x001021f3) x3  0x0000000000000011
core   0: 0x000000008000445c (0x41dd0c33) sub     s8, s10, t4
core   0: 1 0x000000008000445c (0x41dd0c33) x24 0x0000000000000069
core   0: 0x0000000080004460 (0xd0377053) fcvt.s.lu ft0, a4
core   0: 1 0x0000000080004460 (0xd0377053) f0  0xffffffff40000000
core   0: 0x0000000080004464 (0x026c803b) mulw    zero, s9, t1
core   0: 1 0x0000000080004464 (0x026c803b)
core   0: 0x0000000080004468 (0x000c24b3) slt     s1, s8, zero
core   0: 1 0x0000000080004468 (0x000c24b3) x9  0x0000000000000000
core   0: 0x000000008000446c (0x00f01d1b) slliw   s10, zero, 15
core   0: 1 0x000000008000446c (0x00f01d1b) x26 0x0000000000000000
core   0: 0x0000000080004470 (0xd20b02d3) fcvt.d.w ft5, s6
core   0: 1 0x0000000080004470 (0xd20b02d3) f5  0xc187f2f908000000
core   0: 0x0000000080004474 (0xc02c74d3) fcvt.l.s s1, fs8
core   0: 1 0x0000000080004474 (0xc02c74d3) x9  0x0000000000000000
core   0: 0x0000000080004478 (0x02371093) slli    ra, a4, 35
core   0: 1 0x0000000080004478 (0x02371093) x1  0x0000001000000000
core   0: 0x000000008000447c (0x4099d033) sra     zero, s3, s1
core   0: 1 0x000000008000447c (0x4099d033)
core   0: 0x0000000080004480 (0x4190013b) subw    sp, zero, s9
core   0: 1 0x0000000080004480 (0x4190013b) x2  0x0000000000000001
core   0: 0x0000000080004484 (0xc215f5d3) fcvt.wu.d a1, fa1
core   0: 1 0x0000000080004484 (0xc215f5d3) c1_fflags 0x0000000000000011 x11 0xffffffffffffffff
core   0: 0x0000000080004488 (0x022114b3) mulh    s1, sp, sp
core   0: 1 0x0000000080004488 (0x022114b3) x9  0x0000000000000000
core   0: 0x000000008000448c (0x42080653) fcvt.d.s fa2, fa6
core   0: 1 0x000000008000448c (0x42080653) f12 0x7ff8000000000000
core   0: 0x0000000080004490 (0x0224fab3) remu    s5, s1, sp
core   0: 1 0x0000000080004490 (0x0224fab3) x21 0x0000000000000000
core   0: 0x0000000080004494 (0x0098d93b) srlw    s2, a7, s1
core   0: 1 0x0000000080004494 (0x0098d93b) x18 0x0000000057aabc99
core   0: 0x0000000080004498 (0xd222f553) fcvt.d.l fa0, t0
core   0: 1 0x0000000080004498 (0xd222f553) f10 0x4080900000000000
core   0: 0x000000008000449c (0x01a3e3b3) or      t2, t2, s10
core   0: 1 0x000000008000449c (0x01a3e3b3) x7  0xffffffffffffffff
core   0: 0x00000000800044a0 (0x1bc971d3) fdiv.d  ft3, fs2, ft8
core   0: 1 0x00000000800044a0 (0x1bc971d3) f3  0x7ff8000000000000
core   0: 0x00000000800044a4 (0x02e8413b) divw    sp, a6, a4
core   0: 1 0x00000000800044a4 (0x02e8413b) x2  0xfffffffffffffc11
core   0: 0x00000000800044a8 (0xc2267353) fcvt.l.d t1, fa2
core   0: 1 0x00000000800044a8 (0xc2267353) c1_fflags 0x0000000000000011 x6  0x7fffffffffffffff
core   0: 0x00000000800044ac (0x411dd3b3) sra     t2, s11, a7
core   0: 1 0x00000000800044ac (0x411dd3b3) x7  0x0000000000000000
core   0: 0x00000000800044b0 (0x2a7a0a53) fmin.d  fs4, fs4, ft7
core   0: 1 0x00000000800044b0 (0x2a7a0a53) f20 0x7ff8000000000000
core   0: 0x00000000800044b4 (0xff5ed8b7) lui     a7, 0xff5ed
core   0: 1 0x00000000800044b4 (0xff5ed8b7) x17 0xffffffffff5ed000
core   0: 0x00000000800044b8 (0x9058889b) addiw   a7, a7, -1787
core   0: 1 0x00000000800044b8 (0x9058889b) x17 0xffffffffff5ec905
core   0: 0x00000000800044bc (0x000008ba) c.slli  a7, 14
core   0: 1 0x00000000800044bc (0x08ba) x17 0xffffffd7b2414000
core   0: 0x00000000800044be (0x1f288893) addi    a7, a7, 498
core   0: 1 0x00000000800044be (0x1f288893) x17 0xffffffd7b24141f2
core   0: 0x00000000800044c2 (0xc2347c53) fcvt.lu.d s8, fs0
core   0: 1 0x00000000800044c2 (0xc2347c53) c1_fflags 0x0000000000000011 x24 0xffffffffffffffff
core   0: 0x00000000800044c6 (0x0181da13) srli    s4, gp, 24
core   0: 1 0x00000000800044c6 (0x0181da13) x20 0x0000000000000000
core   0: 0x00000000800044ca (0x03bbc5b3) div     a1, s7, s11
core   0: 1 0x00000000800044ca (0x03bbc5b3) x11 0xffffffffffffffff
core   0: 0x00000000800044ce (0xc031fad3) fcvt.lu.s s5, ft3
core   0: 1 0x00000000800044ce (0xc031fad3) c1_fflags 0x0000000000000011 x21 0xffffffffffffffff
core   0: 0x00000000800044d2 (0xc02e7bd3) fcvt.l.s s7, ft8
core   0: 1 0x00000000800044d2 (0xc02e7bd3) c1_fflags 0x0000000000000011 x23 0x7fffffffffffffff
core   0: 0x00000000800044d6 (0xc021f9d3) fcvt.l.s s3, ft3
core   0: 1 0x00000000800044d6 (0xc021f9d3) c1_fflags 0x0000000000000011 x19 0x7fffffffffffffff
core   0: 0x00000000800044da (0x438775c3) fmadd.d fa1, fa4, fs8, fs0
core   0: 1 0x00000000800044da (0x438775c3) f11 0x7ff8000000000000
core   0: 0x00000000800044de (0x1b36f053) fdiv.d  ft0, fa3, fs3
core   0: 1 0x00000000800044de (0x1b36f053) f0  0x3ff0000000000000
core   0: 0x00000000800044e2 (0xd2188e53) fcvt.d.wu ft8, a7
core   0: 1 0x00000000800044e2 (0xd2188e53) f28 0x41e648283e400000
core   0: 0x00000000800044e6 (0x57396113) ori     sp, s2, 1395
core   0: 1 0x00000000800044e6 (0x57396113) x2  0x0000000057aabdfb
core   0: 0x00000000800044ea (0x02114abb) divw    s5, sp, ra
core   0: 1 0x00000000800044ea (0x02114abb) x21 0xffffffffffffffff
core   0: 0x00000000800044ee (0xd0217053) fcvt.s.l ft0, sp
core   0: 1 0x00000000800044ee (0xd0217053) c1_fflags 0x0000000000000011 f0  0xffffffff4eaf557c
core   0: 0x00000000800044f2 (0x0327763b) remuw   a2, a4, s2
core   0: 1 0x00000000800044f2 (0x0327763b) x12 0x0000000000000002
core   0: 0x00000000800044f6 (0x0141d03b) srlw    zero, gp, s4
core   0: 1 0x00000000800044f6 (0x0141d03b)
core   0: 0x00000000800044fa (0x001e1493) slli    s1, t3, 1
core   0: 1 0x00000000800044fa (0x001e1493) x9  0x00000000000007ee
core   0: 0x00000000800044fe (0x00345bbb) srlw    s7, s0, gp
core   0: 1 0x00000000800044fe (0x00345bbb) x23 0x0000000000007fff
core   0: 0x0000000080004502 (0x03037333) remu    t1, t1, a6
core   0: 1 0x0000000080004502 (0x03037333) x6  0x7fffffffffffffff
core   0: 0x0000000080004506 (0xc039fd53) fcvt.lu.s s10, fs3
core   0: 1 0x0000000080004506 (0xc039fd53) c1_fflags 0x0000000000000011 x26 0xffffffffffffffff
core   0: 0x000000008000450a (0x025a6133) rem     sp, s4, t0
core   0: 1 0x000000008000450a (0x025a6133) x2  0x0000000000000000
core   0: 0x000000008000450e (0xd2010fd3) fcvt.d.w ft11, sp
core   0: 1 0x000000008000450e (0xd2010fd3) f31 0x0000000000000000
core   0: 0x0000000080004512 (0xd2178c53) fcvt.d.wu fs8, a5
core   0: 1 0x0000000080004512 (0xd2178c53) f24 0x41efa0341c000000
core   0: 0x0000000080004516 (0xd02a7353) fcvt.s.l ft6, s4
core   0: 1 0x0000000080004516 (0xd02a7353) f6  0xffffffff00000000
core   0: 0x000000008000451a (0x013f9db7) lui     s11, 0x13f9
core   0: 1 0x000000008000451a (0x013f9db7) x27 0x00000000013f9000
core   0: 0x000000008000451e (0xc1fd8d9b) addiw   s11, s11, -993
core   0: 1 0x000000008000451e (0xc1fd8d9b) x27 0x00000000013f8c1f
core   0: 0x0000000080004522 (0x00000dba) c.slli  s11, 14
core   0: 1 0x0000000080004522 (0x0dba) x27 0x0000004fe307c000
core   0: 0x0000000080004524 (0xc49d8d93) addi    s11, s11, -951
core   0: 1 0x0000000080004524 (0xc49d8d93) x27 0x0000004fe307bc49
core   0: 0x0000000080004528 (0x0b8ff553) fsub.d  fa0, ft11, fs8
core   0: 1 0x0000000080004528 (0x0b8ff553) f10 0xc1efa0341c000000
core   0: 0x000000008000452c (0x0006d69b) srliw   a3, a3, 0
core   0: 1 0x000000008000452c (0x0006d69b) x13 0x0000000000000000
core   0: 0x0000000080004530 (0x00000001) c.nop
core   0: 1 0x0000000080004530 (0x0001)
core   0: 0x0000000080004532 (0x02f567b3) rem     a5, a0, a5
core   0: 1 0x0000000080004532 (0x02f567b3) x15 0x0000000000000000
core   0: 0x0000000080004536 (0x033e0ab3) mul     s5, t3, s3
core   0: 1 0x0000000080004536 (0x033e0ab3) x21 0x7ffffffffffffc09
core   0: 0x000000008000453a (0x007a99bb) sllw    s3, s5, t2
core   0: 1 0x000000008000453a (0x007a99bb) x19 0xfffffffffffffc09
core   0: 0x000000008000453e (0xd0347ed3) fcvt.s.lu ft9, s0
core   0: 1 0x000000008000453e (0xd0347ed3) c1_fflags 0x0000000000000011 f29 0xffffffff5f800000
core   0: 0x0000000080004542 (0x4014da13) srai    s4, s1, 1
core   0: 1 0x0000000080004542 (0x4014da13) x20 0x00000000000003f7
core   0: 0x0000000080004546 (0x187181b7) lui     gp, 0x18718
core   0: 1 0x0000000080004546 (0x187181b7) x3  0x0000000018718000
core   0: 0x000000008000454a (0x21b7e213) ori     tp, a5, 539
core   0: 1 0x000000008000454a (0x21b7e213) x4  0x000000000000021b
core   0: 0x000000008000454e (0x0ff0000f) fence   iorw,iorw
core   0: 1 0x000000008000454e (0x0ff0000f)
core   0: 0x0000000080004552 (0x2aee1cd3) fmax.d  fs9, ft8, fa4
core   0: 1 0x0000000080004552 (0x2aee1cd3) f25 0x41e648283e400000
core   0: 0x0000000080004556 (0x021560b3) rem     ra, a0, ra
core   0: 1 0x0000000080004556 (0x021560b3) x1  0x0000000000000000
core   0: 0x000000008000455a (0x4019093b) subw    s2, s2, ra
core   0: 1 0x000000008000455a (0x4019093b) x18 0x0000000057aabc99
core   0: 0x000000008000455e (0x001b501b) srliw   zero, s6, 1
core   0: 1 0x000000008000455e (0x001b501b)
core   0: 0x0000000080004562 (0xc21cf9d3) fcvt.wu.d s3, fs9
core   0: 1 0x0000000080004562 (0xc21cf9d3) x19 0xffffffffb24141f2
core   0: 0x0000000080004566 (0x002b1673) csrrw   a2, frm, s6
core   0: 1 0x0000000080004566 (0x002b1673) x12 0x0000000000000000 c2_frm 0x0000000000000007
core   0: 0x000000008000456a (0xfc2a92b7) lui     t0, 0xfc2a9
core   0: 1 0x000000008000456a (0xfc2a92b7) x5  0xfffffffffc2a9000
core   0: 0x000000008000456e (0xa0d2829b) addiw   t0, t0, -1523
core   0: 1 0x000000008000456e (0xa0d2829b) x5  0xfffffffffc2a8a0d
core   0: 0x0000000080004572 (0x000002b6) c.slli  t0, 13
core   0: 1 0x0000000080004572 (0x02b6) x5  0xffffff855141a000
core   0: 0x0000000080004574 (0x70028293) addi    t0, t0, 1792
core   0: 1 0x0000000080004574 (0x70028293) x5  0xffffff855141a700
core   0: 0x0000000080004578 (0xa3de0253) fle.d   tp, ft8, ft9
core   0: 1 0x0000000080004578 (0xa3de0253) c1_fflags 0x0000000000000011 x4  0x0000000000000000
core   0: 0x000000008000457c (0x03b25193) srli    gp, tp, 59
core   0: 1 0x000000008000457c (0x03b25193) x3  0x0000000000000000
core   0: 0x0000000080004580 (0xd02374d3) fcvt.s.l fs1, t1
core   0: exception trap_illegal_instruction, epc 0x0000000080004580
core   0:           tval 0x00000000d02374d3
core   0: >>>>  $xrv64i2p1_m2p0_a2p1_f2p2_d2p2_zicsr2p0_zifencei2p0_zmmul1p0_zba1p0_zbb1p0_zbc1p0_zbs1p0
core   0: 0x0000000080004000 (0x0080006f) j       pc + 0x8
core   0: 3 0x0000000080004000 (0x0080006f)
core   0: >>>>  mmode_exception_handler
core   0: 0x0000000080004008 (0x00002c17) auipc   s8, 0x2
core   0: 3 0x0000000080004008 (0x00002c17) x24 0x0000000080006008
core   0: 0x000000008000400c (0x072c0c13) addi    s8, s8, 114
core   0: 3 0x000000008000400c (0x072c0c13) x24 0x000000008000607a
core   0: 0x0000000080004010 (0x000c00e7) jalr    s8
core   0: 3 0x0000000080004010 (0x000c00e7) x1  0x0000000080004014
core   0: >>>>  any_handler
core   0: 0x000000008000607a (0x341027f3) csrrs   a5, mepc, zero
core   0: 3 0x000000008000607a (0x341027f3) x15 0x0000000080004580
core   0: 0x000000008000607e (0x34202773) csrrs   a4, mcause, zero
core   0: 3 0x000000008000607e (0x34202773) x14 0x0000000000000002
core   0: 0x0000000080006082 (0x142026f3) csrrs   a3, scause, zero
core   0: 3 0x0000000080006082 (0x142026f3) x13 0x0000000000000000
core   0: 0x0000000080006086 (0x30402673) csrrs   a2, mie, zero
core   0: 3 0x0000000080006086 (0x30402673) x12 0x0000000000000a00
core   0: 0x000000008000608a (0x344025f3) csrrs   a1, mip, zero
core   0: 3 0x000000008000608a (0x344025f3) x11 0x0000000000000080
core   0: 0x000000008000608e (0x343025f3) csrrs   a1, mtval, zero
core   0: 3 0x000000008000608e (0x343025f3) x11 0x00000000d02374d3
core   0: 0x0000000080006092 (0x14302573) csrrs   a0, stval, zero
core   0: 3 0x0000000080006092 (0x14302573) x10 0x0000000000000000
core   0: 0x0000000080006096 (0xb02024f3) csrrs   s1, minstret, zero
core   0: 3 0x0000000080006096 (0xb02024f3) x9  0x0000000000000983
core   0: 0x000000008000609a (0x0000a811) c.j     pc + 20
core   0: 3 0x000000008000609a (0xa811)
core   0: >>>>  mepc_4
core   0: 0x00000000800060ae (0x00000791) c.addi  a5, 4
core   0: 3 0x00000000800060ae (0x0791) x15 0x0000000080004584
core   0: 0x00000000800060b0 (0x34179073) csrrw   zero, mepc, a5
core   0: 3 0x00000000800060b0 (0x34179073) c833_mepc 0x0000000080004584
core   0: 0x00000000800060b4 (0x30200073) mret
core   0: 3 0x00000000800060b4 (0x30200073) c768_mstatus 0x8000000a00106080
core   0: 0x0000000080004584 (0x00d19733) sll     a4, gp, a3
core   0: 1 0x0000000080004584 (0x00d19733) x14 0x0000000000000000
core   0: 0x0000000080004588 (0x012a1b1b) slliw   s6, s4, 18
core   0: 1 0x0000000080004588 (0x012a1b1b) x22 0x000000000fdc0000
core   0: 0x000000008000458c (0xd20b0ed3) fcvt.d.w ft9, s6
core   0: 1 0x000000008000458c (0xd20b0ed3) f29 0x41afb80000000000
core   0: 0x0000000080004590 (0x00000001) c.nop
core   0: 1 0x0000000080004590 (0x0001)
core   0: 0x0000000080004592 (0x5a077553) fsqrt.d fa0, fa4
core   0: exception trap_illegal_instruction, epc 0x0000000080004592
core   0:           tval 0x000000005a077553
core   0: >>>>  $xrv64i2p1_m2p0_a2p1_f2p2_d2p2_zicsr2p0_zifencei2p0_zmmul1p0_zba1p0_zbb1p0_zbc1p0_zbs1p0
core   0: 0x0000000080004000 (0x0080006f) j       pc + 0x8
core   0: 3 0x0000000080004000 (0x0080006f)
core   0: >>>>  mmode_exception_handler
core   0: 0x0000000080004008 (0x00002c17) auipc   s8, 0x2
core   0: 3 0x0000000080004008 (0x00002c17) x24 0x0000000080006008
core   0: 0x000000008000400c (0x072c0c13) addi    s8, s8, 114
core   0: 3 0x000000008000400c (0x072c0c13) x24 0x000000008000607a
core   0: 0x0000000080004010 (0x000c00e7) jalr    s8
core   0: 3 0x0000000080004010 (0x000c00e7) x1  0x0000000080004014
core   0: >>>>  any_handler
core   0: 0x000000008000607a (0x341027f3) csrrs   a5, mepc, zero
core   0: 3 0x000000008000607a (0x341027f3) x15 0x0000000080004592
core   0: 0x000000008000607e (0x34202773) csrrs   a4, mcause, zero
core   0: 3 0x000000008000607e (0x34202773) x14 0x0000000000000002
core   0: 0x0000000080006082 (0x142026f3) csrrs   a3, scause, zero
core   0: 3 0x0000000080006082 (0x142026f3) x13 0x0000000000000000
core   0: 0x0000000080006086 (0x30402673) csrrs   a2, mie, zero
core   0: 3 0x0000000080006086 (0x30402673) x12 0x0000000000000a00
core   0: 0x000000008000608a (0x344025f3) csrrs   a1, mip, zero
core   0: 3 0x000000008000608a (0x344025f3) x11 0x0000000000000080
core   0: 0x000000008000608e (0x343025f3) csrrs   a1, mtval, zero
core   0: 3 0x000000008000608e (0x343025f3) x11 0x000000005a077553
core   0: 0x0000000080006092 (0x14302573) csrrs   a0, stval, zero
core   0: 3 0x0000000080006092 (0x14302573) x10 0x0000000000000000
core   0: 0x0000000080006096 (0xb02024f3) csrrs   s1, minstret, zero
core   0: 3 0x0000000080006096 (0xb02024f3) x9  0x0000000000000997
core   0: 0x000000008000609a (0x0000a811) c.j     pc + 20
core   0: 3 0x000000008000609a (0xa811)
core   0: >>>>  mepc_4
core   0: 0x00000000800060ae (0x00000791) c.addi  a5, 4
core   0: 3 0x00000000800060ae (0x0791) x15 0x0000000080004596
core   0: 0x00000000800060b0 (0x34179073) csrrw   zero, mepc, a5
core   0: 3 0x00000000800060b0 (0x34179073) c833_mepc 0x0000000080004596
core   0: 0x00000000800060b4 (0x30200073) mret
core   0: 3 0x00000000800060b4 (0x30200073) c768_mstatus 0x8000000a00106080
core   0: 0x0000000080004596 (0x3ceb4213) xori    tp, s6, 974
core   0: 1 0x0000000080004596 (0x3ceb4213) x4  0x000000000fdc03ce
core   0: 0x000000008000459a (0x000c1093) slli    ra, s8, 0
core   0: 1 0x000000008000459a (0x000c1093) x1  0x000000008000607a
core   0: 0x000000008000459e (0x017be5b3) or      a1, s7, s7
core   0: 1 0x000000008000459e (0x017be5b3) x11 0x0000000000007fff
core   0: 0x00000000800045a2 (0x0294ca3b) divw    s4, s1, s1
core   0: 1 0x00000000800045a2 (0x0294ca3b) x20 0x0000000000000001
core   0: 0x00000000800045a6 (0x001090f3) csrrw   ra, fflags, ra
core   0: 1 0x00000000800045a6 (0x001090f3) x1  0x0000000000000011 c1_fflags 0x000000000000001a
core   0: 0x00000000800045aa (0x401cd333) sra     t1, s9, ra
core   0: 1 0x00000000800045aa (0x401cd333) x6  0xffffffffffffffff
core   0: 0x00000000800045ae (0x0100153b) sllw    a0, zero, a6
core   0: 1 0x00000000800045ae (0x0100153b) x10 0x0000000000000000
core   0: 0x00000000800045b2 (0xd231f2d3) fcvt.d.lu ft5, gp
core   0: exception trap_illegal_instruction, epc 0x00000000800045b2
core   0:           tval 0x00000000d231f2d3
core   0: >>>>  $xrv64i2p1_m2p0_a2p1_f2p2_d2p2_zicsr2p0_zifencei2p0_zmmul1p0_zba1p0_zbb1p0_zbc1p0_zbs1p0
core   0: 0x0000000080004000 (0x0080006f) j       pc + 0x8
core   0: 3 0x0000000080004000 (0x0080006f)
core   0: >>>>  mmode_exception_handler
core   0: 0x0000000080004008 (0x00002c17) auipc   s8, 0x2
core   0: 3 0x0000000080004008 (0x00002c17) x24 0x0000000080006008
core   0: 0x000000008000400c (0x072c0c13) addi    s8, s8, 114
core   0: 3 0x000000008000400c (0x072c0c13) x24 0x000000008000607a
core   0: 0x0000000080004010 (0x000c00e7) jalr    s8
core   0: 3 0x0000000080004010 (0x000c00e7) x1  0x0000000080004014
core   0: >>>>  any_handler
core   0: 0x000000008000607a (0x341027f3) csrrs   a5, mepc, zero
core   0: 3 0x000000008000607a (0x341027f3) x15 0x00000000800045b2
core   0: 0x000000008000607e (0x34202773) csrrs   a4, mcause, zero
core   0: 3 0x000000008000607e (0x34202773) x14 0x0000000000000002
core   0: 0x0000000080006082 (0x142026f3) csrrs   a3, scause, zero
core   0: 3 0x0000000080006082 (0x142026f3) x13 0x0000000000000000
core   0: 0x0000000080006086 (0x30402673) csrrs   a2, mie, zero
core   0: 3 0x0000000080006086 (0x30402673) x12 0x0000000000000a00
core   0: 0x000000008000608a (0x344025f3) csrrs   a1, mip, zero
core   0: 3 0x000000008000608a (0x344025f3) x11 0x0000000000000080
core   0: 0x000000008000608e (0x343025f3) csrrs   a1, mtval, zero
core   0: 3 0x000000008000608e (0x343025f3) x11 0x00000000d231f2d3
core   0: 0x0000000080006092 (0x14302573) csrrs   a0, stval, zero
core   0: 3 0x0000000080006092 (0x14302573) x10 0x0000000000000000
core   0: 0x0000000080006096 (0xb02024f3) csrrs   s1, minstret, zero
core   0: 3 0x0000000080006096 (0xb02024f3) x9  0x00000000000009ae
core   0: 0x000000008000609a (0x0000a811) c.j     pc + 20
core   0: 3 0x000000008000609a (0xa811)
core   0: >>>>  mepc_4
core   0: 0x00000000800060ae (0x00000791) c.addi  a5, 4
core   0: 3 0x00000000800060ae (0x0791) x15 0x00000000800045b6
core   0: 0x00000000800060b0 (0x34179073) csrrw   zero, mepc, a5
core   0: 3 0x00000000800060b0 (0x34179073) c833_mepc 0x00000000800045b6
core   0: 0x00000000800060b4 (0x30200073) mret
core   0: 3 0x00000000800060b4 (0x30200073) c768_mstatus 0x8000000a00106080
core   0: 0x00000000800045b6 (0xd0377853) fcvt.s.lu fa6, a4
core   0: exception trap_illegal_instruction, epc 0x00000000800045b6
core   0:           tval 0x00000000d0377853
core   0: >>>>  $xrv64i2p1_m2p0_a2p1_f2p2_d2p2_zicsr2p0_zifencei2p0_zmmul1p0_zba1p0_zbb1p0_zbc1p0_zbs1p0
core   0: 0x0000000080004000 (0x0080006f) j       pc + 0x8
core   0: 3 0x0000000080004000 (0x0080006f)
core   0: >>>>  mmode_exception_handler
core   0: 0x0000000080004008 (0x00002c17) auipc   s8, 0x2
core   0: 3 0x0000000080004008 (0x00002c17) x24 0x0000000080006008
core   0: 0x000000008000400c (0x072c0c13) addi    s8, s8, 114
core   0: 3 0x000000008000400c (0x072c0c13) x24 0x000000008000607a
core   0: 0x0000000080004010 (0x000c00e7) jalr    s8
core   0: 3 0x0000000080004010 (0x000c00e7) x1  0x0000000080004014
core   0: >>>>  any_handler
core   0: 0x000000008000607a (0x341027f3) csrrs   a5, mepc, zero
core   0: 3 0x000000008000607a (0x341027f3) x15 0x00000000800045b6
core   0: 0x000000008000607e (0x34202773) csrrs   a4, mcause, zero
core   0: 3 0x000000008000607e (0x34202773) x14 0x0000000000000002
core   0: 0x0000000080006082 (0x142026f3) csrrs   a3, scause, zero
core   0: 3 0x0000000080006082 (0x142026f3) x13 0x0000000000000000
core   0: 0x0000000080006086 (0x30402673) csrrs   a2, mie, zero
core   0: 3 0x0000000080006086 (0x30402673) x12 0x0000000000000a00
core   0: 0x000000008000608a (0x344025f3) csrrs   a1, mip, zero
core   0: 3 0x000000008000608a (0x344025f3) x11 0x0000000000000080
core   0: 0x000000008000608e (0x343025f3) csrrs   a1, mtval, zero
core   0: 3 0x000000008000608e (0x343025f3) x11 0x00000000d0377853
core   0: 0x0000000080006092 (0x14302573) csrrs   a0, stval, zero
core   0: 3 0x0000000080006092 (0x14302573) x10 0x0000000000000000
core   0: 0x0000000080006096 (0xb02024f3) csrrs   s1, minstret, zero
core   0: 3 0x0000000080006096 (0xb02024f3) x9  0x00000000000009be
core   0: 0x000000008000609a (0x0000a811) c.j     pc + 20
core   0: 3 0x000000008000609a (0xa811)
core   0: >>>>  mepc_4
core   0: 0x00000000800060ae (0x00000791) c.addi  a5, 4
core   0: 3 0x00000000800060ae (0x0791) x15 0x00000000800045ba
core   0: 0x00000000800060b0 (0x34179073) csrrw   zero, mepc, a5
core   0: 3 0x00000000800060b0 (0x34179073) c833_mepc 0x00000000800045ba
core   0: 0x00000000800060b4 (0x30200073) mret
core   0: 3 0x00000000800060b4 (0x30200073) c768_mstatus 0x8000000a00106080
core   0: 0x00000000800045ba (0x409704bb) subw    s1, a4, s1
core   0: 1 0x00000000800045ba (0x409704bb) x9  0xfffffffffffff644
core   0: 0x00000000800045be (0x025b1893) slli    a7, s6, 37
core   0: 1 0x00000000800045be (0x025b1893) x17 0xfb80000000000000
core   0: 0x00000000800045c2 (0x0398ecbb) remw    s9, a7, s9
core   0: 1 0x00000000800045c2 (0x0398ecbb) x25 0x0000000000000000
core   0: 0x00000000800045c6 (0x001cd49b) srliw   s1, s9, 1
core   0: 1 0x00000000800045c6 (0x001cd49b) x9  0x0000000000000000
core   0: 0x00000000800045ca (0x019c8cbb) addw    s9, s9, s9
core   0: 1 0x00000000800045ca (0x019c8cbb) x25 0x0000000000000000
core   0: 0x00000000800045ce (0xc036f953) fcvt.lu.s s2, fa3
core   0: exception trap_illegal_instruction, epc 0x00000000800045ce
core   0:           tval 0x00000000c036f953
core   0: >>>>  $xrv64i2p1_m2p0_a2p1_f2p2_d2p2_zicsr2p0_zifencei2p0_zmmul1p0_zba1p0_zbb1p0_zbc1p0_zbs1p0
core   0: 0x0000000080004000 (0x0080006f) j       pc + 0x8
core   0: 3 0x0000000080004000 (0x0080006f)
core   0: >>>>  mmode_exception_handler
core   0: 0x0000000080004008 (0x00002c17) auipc   s8, 0x2
core   0: 3 0x0000000080004008 (0x00002c17) x24 0x0000000080006008
core   0: 0x000000008000400c (0x072c0c13) addi    s8, s8, 114
core   0: 3 0x000000008000400c (0x072c0c13) x24 0x000000008000607a
core   0: 0x0000000080004010 (0x000c00e7) jalr    s8
core   0: 3 0x0000000080004010 (0x000c00e7) x1  0x0000000080004014
core   0: >>>>  any_handler
core   0: 0x000000008000607a (0x341027f3) csrrs   a5, mepc, zero
core   0: 3 0x000000008000607a (0x341027f3) x15 0x00000000800045ce
core   0: 0x000000008000607e (0x34202773) csrrs   a4, mcause, zero
core   0: 3 0x000000008000607e (0x34202773) x14 0x0000000000000002
core   0: 0x0000000080006082 (0x142026f3) csrrs   a3, scause, zero
core   0: 3 0x0000000080006082 (0x142026f3) x13 0x0000000000000000
core   0: 0x0000000080006086 (0x30402673) csrrs   a2, mie, zero
core   0: 3 0x0000000080006086 (0x30402673) x12 0x0000000000000a00
core   0: 0x000000008000608a (0x344025f3) csrrs   a1, mip, zero
core   0: 3 0x000000008000608a (0x344025f3) x11 0x0000000000000080
core   0: 0x000000008000608e (0x343025f3) csrrs   a1, mtval, zero
core   0: 3 0x000000008000608e (0x343025f3) x11 0x00000000c036f953
core   0: 0x0000000080006092 (0x14302573) csrrs   a0, stval, zero
core   0: 3 0x0000000080006092 (0x14302573) x10 0x0000000000000000
core   0: 0x0000000080006096 (0xb02024f3) csrrs   s1, minstret, zero
core   0: 3 0x0000000080006096 (0xb02024f3) x9  0x00000000000009d3
core   0: 0x000000008000609a (0x0000a811) c.j     pc + 20
core   0: 3 0x000000008000609a (0xa811)
core   0: >>>>  mepc_4
core   0: 0x00000000800060ae (0x00000791) c.addi  a5, 4
core   0: 3 0x00000000800060ae (0x0791) x15 0x00000000800045d2
core   0: 0x00000000800060b0 (0x34179073) csrrw   zero, mepc, a5
core   0: 3 0x00000000800060b0 (0x34179073) c833_mepc 0x00000000800045d2
core   0: 0x00000000800060b4 (0x30200073) mret
core   0: 3 0x00000000800060b4 (0x30200073) c768_mstatus 0x8000000a00106080
core   0: 0x00000000800045d2 (0xa3f8f037) lui     zero, 0xa3f8f
core   0: 1 0x00000000800045d2 (0xa3f8f037)
core   0: 0x00000000800045d6 (0x2b8f90d3) fmax.d  ft1, ft11, fs8
core   0: 1 0x00000000800045d6 (0x2b8f90d3) f1  0x41efa0341c000000
core   0: 0x00000000800045da (0x401b7153) fcvt.s.d ft2, fs6
core   0: exception trap_illegal_instruction, epc 0x00000000800045da
core   0:           tval 0x00000000401b7153
core   0: >>>>  $xrv64i2p1_m2p0_a2p1_f2p2_d2p2_zicsr2p0_zifencei2p0_zmmul1p0_zba1p0_zbb1p0_zbc1p0_zbs1p0
core   0: 0x0000000080004000 (0x0080006f) j       pc + 0x8
core   0: 3 0x0000000080004000 (0x0080006f)
core   0: >>>>  mmode_exception_handler
core   0: 0x0000000080004008 (0x00002c17) auipc   s8, 0x2
core   0: 3 0x0000000080004008 (0x00002c17) x24 0x0000000080006008
core   0: 0x000000008000400c (0x072c0c13) addi    s8, s8, 114
core   0: 3 0x000000008000400c (0x072c0c13) x24 0x000000008000607a
core   0: 0x0000000080004010 (0x000c00e7) jalr    s8
core   0: 3 0x0000000080004010 (0x000c00e7) x1  0x0000000080004014
core   0: >>>>  any_handler
core   0: 0x000000008000607a (0x341027f3) csrrs   a5, mepc, zero
core   0: 3 0x000000008000607a (0x341027f3) x15 0x00000000800045da
core   0: 0x000000008000607e (0x34202773) csrrs   a4, mcause, zero
core   0: 3 0x000000008000607e (0x34202773) x14 0x0000000000000002
core   0: 0x0000000080006082 (0x142026f3) csrrs   a3, scause, zero
core   0: 3 0x0000000080006082 (0x142026f3) x13 0x0000000000000000
core   0: 0x0000000080006086 (0x30402673) csrrs   a2, mie, zero
core   0: 3 0x0000000080006086 (0x30402673) x12 0x0000000000000a00
core   0: 0x000000008000608a (0x344025f3) csrrs   a1, mip, zero
core   0: 3 0x000000008000608a (0x344025f3) x11 0x0000000000000080
core   0: 0x000000008000608e (0x343025f3) csrrs   a1, mtval, zero
core   0: 3 0x000000008000608e (0x343025f3) x11 0x00000000401b7153
core   0: 0x0000000080006092 (0x14302573) csrrs   a0, stval, zero
core   0: 3 0x0000000080006092 (0x14302573) x10 0x0000000000000000
core   0: 0x0000000080006096 (0xb02024f3) csrrs   s1, minstret, zero
core   0: 3 0x0000000080006096 (0xb02024f3) x9  0x00000000000009e5
core   0: 0x000000008000609a (0x0000a811) c.j     pc + 20
core   0: 3 0x000000008000609a (0xa811)
core   0: >>>>  mepc_4
core   0: 0x00000000800060ae (0x00000791) c.addi  a5, 4
core   0: 3 0x00000000800060ae (0x0791) x15 0x00000000800045de
core   0: 0x00000000800060b0 (0x34179073) csrrw   zero, mepc, a5
core   0: 3 0x00000000800060b0 (0x34179073) c833_mepc 0x00000000800045de
core   0: 0x00000000800060b4 (0x30200073) mret
core   0: 3 0x00000000800060b4 (0x30200073) c768_mstatus 0x8000000a00106080
core   0: 0x00000000800045de (0x002595f3) csrrw   a1, frm, a1
core   0: 1 0x00000000800045de (0x002595f3) x11 0x0000000000000007 c2_frm 0x0000000000000003
core   0: 0x00000000800045e2 (0xf3bc819b) addiw   gp, s9, -197
core   0: 1 0x00000000800045e2 (0xf3bc819b) x3  0xffffffffffffff3b
core   0: 0x00000000800045e6 (0x00202073) csrrs   zero, frm, zero
core   0: 1 0x00000000800045e6 (0x00202073)
core   0: 0x00000000800045ea (0xd025f4d3) fcvt.s.l fs1, a1
core   0: 1 0x00000000800045ea (0xd025f4d3) f9  0xffffffff40e00000
core   0: 0x00000000800045ee (0x00fe5733) srl     a4, t3, a5
core   0: 1 0x00000000800045ee (0x00fe5733) x14 0x0000000000000000
core   0: 0x00000000800045f2 (0xc23c7453) fcvt.lu.d s0, fs8
core   0: 1 0x00000000800045f2 (0xc23c7453) x8  0x00000000fd01a0e0
core   0: 0x00000000800045f6 (0x0071d1bb) srlw    gp, gp, t2
core   0: 1 0x00000000800045f6 (0x0071d1bb) x3  0xffffffffffffff3b
core   0: 0x00000000800045fa (0x01899393) slli    t2, s3, 24
core   0: 1 0x00000000800045fa (0x01899393) x7  0xffb24141f2000000
core   0: 0x00000000800045fe (0x22d4a9d3) fsgnjx.d fs3, fs1, fa3
core   0: 1 0x00000000800045fe (0x22d4a9d3) f19 0xffffffff40e00000
core   0: 0x0000000080004602 (0x9b19fcc7) fmsub.d fs9, fs3, fa7, fs3
core   0: 1 0x0000000080004602 (0x9b19fcc7) f25 0x7ff8000000000000
core   0: 0x0000000080004606 (0x00009826) c.add   a6, s1
core   0: 1 0x0000000080004606 (0x9826) x16 0x0000000000000206
core   0: 0x0000000080004608 (0x18e3861b) addiw   a2, t2, 398
core   0: 1 0x0000000080004608 (0x18e3861b) x12 0xfffffffff200018e
core   0: 0x000000008000460c (0xd2010b53) fcvt.d.w fs6, sp
core   0: 1 0x000000008000460c (0xd2010b53) f22 0x0000000000000000
core   0: 0x0000000080004610 (0xaf914013) xori    zero, sp, -1287
core   0: 1 0x0000000080004610 (0xaf914013)
core   0: 0x0000000080004614 (0x02cef33b) remuw   t1, t4, a2
core   0: 1 0x0000000080004614 (0x02cef33b) x6  0x0000000000000000
core   0: 0x0000000080004618 (0x000095a6) c.add   a1, s1
core   0: 1 0x0000000080004618 (0x95a6) x11 0x00000000000009ec
core   0: 0x000000008000461a (0x00202473) csrrs   s0, frm, zero
core   0: 1 0x000000008000461a (0x00202473) x8  0x0000000000000003
core   0: 0x000000008000461e (0x024d47bb) divw    a5, s10, tp
core   0: 1 0x000000008000461e (0x024d47bb) x15 0x0000000000000000
core   0: 0x0000000080004622 (0x03c0b997) auipc   s3, 0x3c0b
core   0: 1 0x0000000080004622 (0x03c0b997) x19 0x0000000083c0f622
core   0: 0x0000000080004626 (0x7b01e973) csrrsi  s2, dcsr, 3
core   0: exception trap_illegal_instruction, epc 0x0000000080004626
core   0:           tval 0x000000007b01e973
core   0: >>>>  $xrv64i2p1_m2p0_a2p1_f2p2_d2p2_zicsr2p0_zifencei2p0_zmmul1p0_zba1p0_zbb1p0_zbc1p0_zbs1p0
core   0: 0x0000000080004000 (0x0080006f) j       pc + 0x8
core   0: 3 0x0000000080004000 (0x0080006f)
core   0: >>>>  mmode_exception_handler
core   0: 0x0000000080004008 (0x00002c17) auipc   s8, 0x2
core   0: 3 0x0000000080004008 (0x00002c17) x24 0x0000000080006008
core   0: 0x000000008000400c (0x072c0c13) addi    s8, s8, 114
core   0: 3 0x000000008000400c (0x072c0c13) x24 0x000000008000607a
core   0: 0x0000000080004010 (0x000c00e7) jalr    s8
core   0: 3 0x0000000080004010 (0x000c00e7) x1  0x0000000080004014
core   0: >>>>  any_handler
core   0: 0x000000008000607a (0x341027f3) csrrs   a5, mepc, zero
core   0: 3 0x000000008000607a (0x341027f3) x15 0x0000000080004626
core   0: 0x000000008000607e (0x34202773) csrrs   a4, mcause, zero
core   0: 3 0x000000008000607e (0x34202773) x14 0x0000000000000002
core   0: 0x0000000080006082 (0x142026f3) csrrs   a3, scause, zero
core   0: 3 0x0000000080006082 (0x142026f3) x13 0x0000000000000000
core   0: 0x0000000080006086 (0x30402673) csrrs   a2, mie, zero
core   0: 3 0x0000000080006086 (0x30402673) x12 0x0000000000000a00
core   0: 0x000000008000608a (0x344025f3) csrrs   a1, mip, zero
core   0: 3 0x000000008000608a (0x344025f3) x11 0x0000000000000080
core   0: 0x000000008000608e (0x343025f3) csrrs   a1, mtval, zero
core   0: 3 0x000000008000608e (0x343025f3) x11 0x000000007b01e973
core   0: 0x0000000080006092 (0x14302573) csrrs   a0, stval, zero
core   0: 3 0x0000000080006092 (0x14302573) x10 0x0000000000000000
core   0: 0x0000000080006096 (0xb02024f3) csrrs   s1, minstret, zero
core   0: 3 0x0000000080006096 (0xb02024f3) x9  0x0000000000000a08
core   0: 0x000000008000609a (0x0000a811) c.j     pc + 20
core   0: 3 0x000000008000609a (0xa811)
core   0: >>>>  mepc_4
core   0: 0x00000000800060ae (0x00000791) c.addi  a5, 4
core   0: 3 0x00000000800060ae (0x0791) x15 0x000000008000462a
core   0: 0x00000000800060b0 (0x34179073) csrrw   zero, mepc, a5
core   0: 3 0x00000000800060b0 (0x34179073) c833_mepc 0x000000008000462a
core   0: 0x00000000800060b4 (0x30200073) mret
core   0: 3 0x00000000800060b4 (0x30200073) c768_mstatus 0x8000000a00106080
core   0: 0x000000008000462a (0x032267b3) rem     a5, tp, s2
core   0: 1 0x000000008000462a (0x032267b3) x15 0x000000000fdc03ce
core   0: 0x000000008000462e (0x00000001) c.nop
core   0: 1 0x000000008000462e (0x0001)
core   0: 0x0000000080004630 (0x41b3d613) srai    a2, t2, 27
core   0: 1 0x0000000080004630 (0x41b3d613) x12 0xfffffffff648283e
core   0: 0x0000000080004634 (0x00635333) srl     t1, t1, t1
core   0: 1 0x0000000080004634 (0x00635333) x6  0x0000000000000000
core   0: 0x0000000080004638 (0xd20304d3) fcvt.d.w fs1, t1
core   0: 1 0x0000000080004638 (0xd20304d3) f9  0x0000000000000000
core   0: 0x000000008000463c (0x70f17c93) andi    s9, sp, 1807
core   0: 1 0x000000008000463c (0x70f17c93) x25 0x0000000000000000
core   0: 0x0000000080004640 (0x035aa7b3) mulhsu  a5, s5, s5
core   0: 1 0x0000000080004640 (0x035aa7b3) x15 0x3ffffffffffffc09
core   0: 0x0000000080004644 (0x001aea33) or      s4, s5, ra
core   0: 1 0x0000000080004644 (0x001aea33) x20 0x7ffffffffffffc1d
core   0: 0x0000000080004648 (0xc238f353) fcvt.lu.d t1, fa7
core   0: 1 0x0000000080004648 (0xc238f353) c1_fflags 0x000000000000001a x6  0xffffffffffffffff
core   0: 0x000000008000464c (0x026359b3) divu    s3, t1, t1
core   0: 1 0x000000008000464c (0x026359b3) x19 0x0000000000000001
core   0: 0x0000000080004650 (0x000c979b) slliw   a5, s9, 0
core   0: 1 0x0000000080004650 (0x000c979b) x15 0x0000000000000000
core   0: 0x0000000080004654 (0x40f98c3b) subw    s8, s3, a5
core   0: 1 0x0000000080004654 (0x40f98c3b) x24 0x0000000000000001
core   0: 0x0000000080004658 (0x5a0c7653) fsqrt.d fa2, fs8
core   0: 1 0x0000000080004658 (0x5a0c7653) c1_fflags 0x000000000000001b f12 0x40efcff5fefceb10
core   0: 0x000000008000465c (0xa3ea82d3) fle.d   t0, fs5, ft10
core   0: 1 0x000000008000465c (0xa3ea82d3) c1_fflags 0x000000000000001b x5  0x0000000000000000
core   0: 0x0000000080004660 (0x224c1c53) fsgnjn.d fs8, fs8, ft4
core   0: 1 0x0000000080004660 (0x224c1c53) f24 0x41efa0341c000000
core   0: 0x0000000080004664 (0xc0367053) fcvt.lu.s zero, fa2
core   0: 1 0x0000000080004664 (0xc0367053) c1_fflags 0x000000000000001b
core   0: 0x0000000080004668 (0x123c8c17) auipc   s8, 0x123c8
core   0: 1 0x0000000080004668 (0x123c8c17) x24 0x00000000923cc668
core   0: 0x000000008000466c (0x401ad9b3) sra     s3, s5, ra
core   0: 1 0x000000008000466c (0x401ad9b3) x19 0x000007ffffffffff
core   0: 0x0000000080004670 (0x00695333) srl     t1, s2, t1
core   0: 1 0x0000000080004670 (0x00695333) x6  0x0000000000000000
core   0: 0x0000000080004674 (0x036cbcb3) mulhu   s9, s9, s6
core   0: 1 0x0000000080004674 (0x036cbcb3) x25 0x0000000000000000
core   0: 0x0000000080004678 (0x401d7653) fcvt.s.d fa2, fs10
core   0: 1 0x0000000080004678 (0x401d7653) c1_fflags 0x000000000000001b f12 0xffffffff00000001
core   0: 0x000000008000467c (0xd20e8053) fcvt.d.w ft0, t4
core   0: 1 0x000000008000467c (0xd20e8053) f0  0x0000000000000000
core   0: 0x0000000080004680 (0x4074d33b) sraw    t1, s1, t2
core   0: 1 0x0000000080004680 (0x4074d33b) x6  0x0000000000000a08
core   0: 0x0000000080004684 (0x23f02fd3) fsgnjx.d ft11, ft0, ft11
core   0: 1 0x0000000080004684 (0x23f02fd3) f31 0x0000000000000000
core   0: 0x0000000080004688 (0x01bd8833) add     a6, s11, s11
core   0: 1 0x0000000080004688 (0x01bd8833) x16 0x0000009fc60f7892
core   0: 0x000000008000468c (0x40ed51bb) sraw    gp, s10, a4
core   0: 1 0x000000008000468c (0x40ed51bb) x3  0xffffffffffffffff
core   0: 0x0000000080004690 (0x4122dcb3) sra     s9, t0, s2
core   0: 1 0x0000000080004690 (0x4122dcb3) x25 0x0000000000000000
core   0: 0x0000000080004694 (0x0ff0000f) fence   iorw,iorw
core   0: 1 0x0000000080004694 (0x0ff0000f)
core   0: 0x0000000080004698 (0xc23e7dd3) fcvt.lu.d s11, ft8
core   0: 1 0x0000000080004698 (0xc23e7dd3) x27 0x00000000b24141f2
core   0: 0x000000008000469c (0x00e72733) slt     a4, a4, a4
core   0: 1 0x000000008000469c (0x00e72733) x14 0x0000000000000000
core   0: 0x00000000800046a0 (0x7ff40693) addi    a3, s0, 2047
core   0: 1 0x00000000800046a0 (0x7ff40693) x13 0x0000000000000802
core   0: 0x00000000800046a4 (0x00000001) c.nop
core   0: 1 0x00000000800046a4 (0x0001)
core   0: 0x00000000800046a6 (0x0016e693) ori     a3, a3, 1
core   0: 1 0x00000000800046a6 (0x0016e693) x13 0x0000000000000803
core   0: 0x00000000800046aa (0x2a101453) fmax.d  fs0, ft0, ft1
core   0: 1 0x00000000800046aa (0x2a101453) f8  0x41efa0341c000000
core   0: 0x00000000800046ae (0x0005119b) slliw   gp, a0, 0
core   0: 1 0x00000000800046ae (0x0005119b) x3  0x0000000000000000
core   0: 0x00000000800046b2 (0x62650d93) addi    s11, a0, 1574
core   0: 1 0x00000000800046b2 (0x62650d93) x27 0x0000000000000626
core   0: 0x00000000800046b6 (0x015b2a33) slt     s4, s6, s5
core   0: 1 0x00000000800046b6 (0x015b2a33) x20 0x0000000000000001
core   0: 0x00000000800046ba (0x2c794c93) xori    s9, s2, 711
core   0: 1 0x00000000800046ba (0x2c794c93) x25 0x0000000057aabe5e
core   0: 0x00000000800046be (0x01585633) srl     a2, a6, s5
core   0: 1 0x00000000800046be (0x01585633) x12 0x000000004fe307bc
core   0: 0x00000000800046c2 (0x06567c97) auipc   s9, 0x6567
core   0: 1 0x00000000800046c2 (0x06567c97) x25 0x000000008656b6c2
core   0: 0x00000000800046c6 (0x42038a53) fcvt.d.s fs4, ft7
core   0: 1 0x00000000800046c6 (0x42038a53) f20 0xc7a0341c00000000
core   0: 0x00000000800046ca (0x27c97a13) andi    s4, s2, 636
core   0: 1 0x00000000800046ca (0x27c97a13) x20 0x0000000000000018
core   0: 0x00000000800046ce (0xd02efd53) fcvt.s.l fs10, t4
core   0: 1 0x00000000800046ce (0xd02efd53) f26 0xffffffff00000000
core   0: 0x00000000800046d2 (0x00d95813) srli    a6, s2, 13
core   0: 1 0x00000000800046d2 (0x00d95813) x16 0x000000000002bd55
core   0: 0x00000000800046d6 (0x03732bb3) mulhsu  s7, t1, s7
core   0: 1 0x00000000800046d6 (0x03732bb3) x23 0x0000000000000000
core   0: 0x00000000800046da (0x1059a7f3) csrrs   a5, stvec, s3
core   0: 1 0x00000000800046da (0x1059a7f3) x15 0x00000000000008a4 c261_stvec 0x000007fffffffffd
core   0: 0x00000000800046de (0x00009632) c.add   a2, a2
core   0: 1 0x00000000800046de (0x9632) x12 0x000000009fc60f78
core   0: 0x00000000800046e0 (0x4076debb) sraw    t4, a3, t2
core   0: 1 0x00000000800046e0 (0x4076debb) x29 0x0000000000000803
core   0: 0x00000000800046e4 (0x01936833) or      a6, t1, s9
core   0: 1 0x00000000800046e4 (0x01936833) x16 0x000000008656beca
core   0: 0x00000000800046e8 (0x02755d3b) divuw   s10, a0, t2
core   0: 1 0x00000000800046e8 (0x02755d3b) x26 0x0000000000000000
core   0: 0x00000000800046ec (0x03952cb3) mulhsu  s9, a0, s9
core   0: 1 0x00000000800046ec (0x03952cb3) x25 0x0000000000000000
core   0: 0x00000000800046f0 (0x3104d3f3) csrrwi  t2, mstatush, 9
core   0: exception trap_illegal_instruction, epc 0x00000000800046f0
core   0:           tval 0x000000003104d3f3
core   0: >>>>  $xrv64i2p1_m2p0_a2p1_f2p2_d2p2_zicsr2p0_zifencei2p0_zmmul1p0_zba1p0_zbb1p0_zbc1p0_zbs1p0
core   0: 0x0000000080004000 (0x0080006f) j       pc + 0x8
core   0: 3 0x0000000080004000 (0x0080006f)
core   0: >>>>  mmode_exception_handler
core   0: 0x0000000080004008 (0x00002c17) auipc   s8, 0x2
core   0: 3 0x0000000080004008 (0x00002c17) x24 0x0000000080006008
core   0: 0x000000008000400c (0x072c0c13) addi    s8, s8, 114
core   0: 3 0x000000008000400c (0x072c0c13) x24 0x000000008000607a
core   0: 0x0000000080004010 (0x000c00e7) jalr    s8
core   0: 3 0x0000000080004010 (0x000c00e7) x1  0x0000000080004014
core   0: >>>>  any_handler
core   0: 0x000000008000607a (0x341027f3) csrrs   a5, mepc, zero
core   0: 3 0x000000008000607a (0x341027f3) x15 0x00000000800046f0
core   0: 0x000000008000607e (0x34202773) csrrs   a4, mcause, zero
core   0: 3 0x000000008000607e (0x34202773) x14 0x0000000000000002
core   0: 0x0000000080006082 (0x142026f3) csrrs   a3, scause, zero
core   0: 3 0x0000000080006082 (0x142026f3) x13 0x0000000000000000
core   0: 0x0000000080006086 (0x30402673) csrrs   a2, mie, zero
core   0: 3 0x0000000080006086 (0x30402673) x12 0x0000000000000a00
core   0: 0x000000008000608a (0x344025f3) csrrs   a1, mip, zero
core   0: 3 0x000000008000608a (0x344025f3) x11 0x0000000000000080
core   0: 0x000000008000608e (0x343025f3) csrrs   a1, mtval, zero
core   0: 3 0x000000008000608e (0x343025f3) x11 0x000000003104d3f3
core   0: 0x0000000080006092 (0x14302573) csrrs   a0, stval, zero
core   0: 3 0x0000000080006092 (0x14302573) x10 0x0000000000000000
core   0: 0x0000000080006096 (0xb02024f3) csrrs   s1, minstret, zero
core   0: 3 0x0000000080006096 (0xb02024f3) x9  0x0000000000000a4b
core   0: 0x000000008000609a (0x0000a811) c.j     pc + 20
core   0: 3 0x000000008000609a (0xa811)
core   0: >>>>  mepc_4
core   0: 0x00000000800060ae (0x00000791) c.addi  a5, 4
core   0: 3 0x00000000800060ae (0x0791) x15 0x00000000800046f4
core   0: 0x00000000800060b0 (0x34179073) csrrw   zero, mepc, a5
core   0: 3 0x00000000800060b0 (0x34179073) c833_mepc 0x00000000800046f4
core   0: 0x00000000800060b4 (0x30200073) mret
core   0: 3 0x00000000800060b4 (0x30200073) c768_mstatus 0x8000000a00106080
core   0: 0x00000000800046f4 (0x0ff0000f) fence   iorw,iorw
core   0: 1 0x00000000800046f4 (0x0ff0000f)
core   0: 0x00000000800046f8 (0xc2307453) fcvt.lu.d s0, ft0
core   0: 1 0x00000000800046f8 (0xc2307453) x8  0x0000000000000000
core   0: 0x00000000800046fc (0xc226fcd3) fcvt.l.d s9, fa3
core   0: 1 0x00000000800046fc (0xc226fcd3) c1_fflags 0x000000000000001b x25 0x0000000000000001
core   0: 0x0000000080004700 (0x400e5e13) srai    t3, t3, 0
core   0: 1 0x0000000080004700 (0x400e5e13) x28 0x00000000000003f7
core   0: 0x0000000080004704 (0x0215e133) rem     sp, a1, ra
core   0: 1 0x0000000080004704 (0x0215e133) x2  0x000000003104d3f3
core   0: 0x0000000080004708 (0xb9987797) auipc   a5, 0xb9987
core   0: 1 0x0000000080004708 (0xb9987797) x15 0x000000003998b708
core   0: 0x000000008000470c (0x00202073) csrrs   zero, frm, zero
core   0: 1 0x000000008000470c (0x00202073)
core   0: 0x0000000080004710 (0xc21af2d3) fcvt.wu.d t0, fs5
core   0: 1 0x0000000080004710 (0xc21af2d3) c1_fflags 0x000000000000001b x5  0xffffffffffffffff
core   0: 0x0000000080004714 (0xc02170d3) fcvt.l.s ra, ft2
core   0: 1 0x0000000080004714 (0xc02170d3) c1_fflags 0x000000000000001b x1  0x7fffffffffffffff
core   0: 0x0000000080004718 (0x0ff0000f) fence   iorw,iorw
core   0: 1 0x0000000080004718 (0x0ff0000f)
core   0: 0x000000008000471c (0x00008db9) c.xor   a1, a4
core   0: 1 0x000000008000471c (0x8db9) x11 0x000000003104d3f1
core   0: 0x000000008000471e (0xc03a75d3) fcvt.lu.s a1, fs4
core   0: 1 0x000000008000471e (0xc03a75d3) c1_fflags 0x000000000000001b x11 0xffffffffffffffff
core   0: 0x0000000080004722 (0x008bd29b) srliw   t0, s7, 8
core   0: 1 0x0000000080004722 (0x008bd29b) x5  0x0000000000000000
core   0: 0x0000000080004726 (0x00102373) csrrs   t1, fflags, zero
core   0: 1 0x0000000080004726 (0x00102373) x6  0x000000000000001b
core   0: 0x000000008000472a (0x00575e33) srl     t3, a4, t0
core   0: 1 0x000000008000472a (0x00575e33) x28 0x0000000000000002
core   0: 0x000000008000472e (0x011778b3) and     a7, a4, a7
core   0: 1 0x000000008000472e (0x011778b3) x17 0x0000000000000000
core   0: 0x0000000080004732 (0xd238f2d3) fcvt.d.lu ft5, a7
core   0: 1 0x0000000080004732 (0xd238f2d3) f5  0x0000000000000000
core   0: 0x0000000080004736 (0x406701b3) sub     gp, a4, t1
core   0: 1 0x0000000080004736 (0x406701b3) x3  0xffffffffffffffe7
core   0: 0x000000008000473a (0x0269f3d3) fadd.d  ft7, fs3, ft6
core   0: 1 0x000000008000473a (0x0269f3d3) f7  0x7ff8000000000000
core   0: 0x000000008000473e (0x02385833) divu    a6, a6, gp
core   0: 1 0x000000008000473e (0x02385833) x16 0x0000000000000000
core   0: 0x0000000080004742 (0x00075733) srl     a4, a4, zero
core   0: 1 0x0000000080004742 (0x00075733) x14 0x0000000000000002
core   0: 0x0000000080004746 (0x9badfa47) fmsub.d fs4, fs11, fs10, fs3
core   0: 1 0x0000000080004746 (0x9badfa47) f20 0x7ff8000000000000
core   0: 0x000000008000474a (0x030e4833) div     a6, t3, a6
core   0: 1 0x000000008000474a (0x030e4833) x16 0xffffffffffffffff
core   0: 0x000000008000474e (0xc033f2d3) fcvt.lu.s t0, ft7
core   0: 1 0x000000008000474e (0xc033f2d3) c1_fflags 0x000000000000001b x5  0xffffffffffffffff
core   0: 0x0000000080004752 (0xc213fa53) fcvt.wu.d s4, ft7
core   0: 1 0x0000000080004752 (0xc213fa53) c1_fflags 0x000000000000001b x20 0xffffffffffffffff
core   0: 0x0000000080004756 (0x41158033) sub     zero, a1, a7
core   0: 1 0x0000000080004756 (0x41158033)
core   0: 0x000000008000475a (0x9183c537) lui     a0, 0x9183c
core   0: 1 0x000000008000475a (0x9183c537) x10 0xffffffff9183c000
core   0: 0x000000008000475e (0x00000886) c.slli  a7, 1
core   0: 1 0x000000008000475e (0x0886) x17 0x0000000000000000
core   0: 0x0000000080004760 (0x0198971b) slliw   a4, a7, 25
core   0: 1 0x0000000080004760 (0x0198971b) x14 0x0000000000000000
core   0: 0x0000000080004764 (0x415a8bbb) subw    s7, s5, s5
core   0: 1 0x0000000080004764 (0x415a8bbb) x23 0x0000000000000000
core   0: 0x0000000080004768 (0x22d68353) fsgnj.d ft6, fa3, fa3
core   0: 1 0x0000000080004768 (0x22d68353) f6  0x0000000080004014
core   0: 0x000000008000476c (0x027afd53) fadd.d  fs10, fs5, ft7
core   0: 1 0x000000008000476c (0x027afd53) f26 0x7ff8000000000000
core   0: 0x0000000080004770 (0x00102df3) csrrs   s11, fflags, zero
core   0: 1 0x0000000080004770 (0x00102df3) x27 0x000000000000001b
core   0: 0x0000000080004774 (0x420486d3) fcvt.d.s fa3, fs1
core   0: 1 0x0000000080004774 (0x420486d3) f13 0x7ff8000000000000
core   0: 0x0000000080004778 (0x03be1e33) mulh    t3, t3, s11
core   0: 1 0x0000000080004778 (0x03be1e33) x28 0x0000000000000000
core   0: 0x000000008000477c (0x02511813) slli    a6, sp, 37
core   0: 1 0x000000008000477c (0x02511813) x16 0x209a7e6000000000
core   0: 0x0000000080004780 (0x5a027d53) fsqrt.d fs10, ft4
core   0: 1 0x0000000080004780 (0x5a027d53) c1_fflags 0x000000000000001b f26 0x7ff8000000000000
core   0: 0x0000000080004784 (0x1441fdf3) csrrci  s11, sip, 3
core   0: 1 0x0000000080004784 (0x1441fdf3) x27 0x0000000000000000 c836_mip 0x0000000000000080
core   0: 0x0000000080004788 (0xc2347a53) fcvt.lu.d s4, fs0
core   0: 1 0x0000000080004788 (0xc2347a53) x20 0x00000000fd01a0e0
core   0: 0x000000008000478c (0x144a51f3) csrrwi  gp, sip, 20
core   0: 1 0x000000008000478c (0x144a51f3) x3  0x0000000000000000 c836_mip 0x0000000000000080
core   0: 0x0000000080004790 (0x0053169b) slliw   a3, t1, 5
core   0: 1 0x0000000080004790 (0x0053169b) x13 0x0000000000000360
core   0: 0x0000000080004794 (0x0261c9b3) div     s3, gp, t1
core   0: 1 0x0000000080004794 (0x0261c9b3) x19 0x0000000000000000
core   0: 0x0000000080004798 (0x5a01f253) fsqrt.d ft4, ft3
core   0: 1 0x0000000080004798 (0x5a01f253) f4  0x7ff8000000000000
core   0: 0x000000008000479c (0x008d7d33) and     s10, s10, s0
core   0: 1 0x000000008000479c (0x008d7d33) x26 0x0000000000000000
core   0: 0x00000000800047a0 (0xff3d1ab7) lui     s5, 0xff3d1
core   0: 1 0x00000000800047a0 (0xff3d1ab7) x21 0xffffffffff3d1000
core   0: 0x00000000800047a4 (0x7fda8a9b) addiw   s5, s5, 2045
core   0: 1 0x00000000800047a4 (0x7fda8a9b) x21 0xffffffffff3d17fd
core   0: 0x00000000800047a8 (0x00000ab6) c.slli  s5, 13
core   0: 1 0x00000000800047a8 (0x0ab6) x21 0xffffffe7a2ffa000
core   0: 0x00000000800047aa (0x75ea8a93) addi    s5, s5, 1886
core   0: 1 0x00000000800047aa (0x75ea8a93) x21 0xffffffe7a2ffa75e
core   0: 0x00000000800047ae (0x01a7fa33) and     s4, a5, s10
core   0: 1 0x00000000800047ae (0x01a7fa33) x20 0x0000000000000000
core   0: 0x00000000800047b2 (0x000087f2) c.mv    a5, t3
core   0: 1 0x00000000800047b2 (0x87f2) x15 0x0000000000000000
core   0: 0x00000000800047b4 (0x0145f033) and     zero, a1, s4
core   0: 1 0x00000000800047b4 (0x0145f033)
core   0: 0x00000000800047b8 (0x138ded93) ori     s11, s11, 312
core   0: 1 0x00000000800047b8 (0x138ded93) x27 0x0000000000000138
core   0: 0x00000000800047bc (0x2170049b) addiw   s1, zero, 535
core   0: 1 0x00000000800047bc (0x2170049b) x9  0x0000000000000217
core   0: 0x00000000800047c0 (0x0ff0000f) fence   iorw,iorw
core   0: 1 0x00000000800047c0 (0x0ff0000f)
core   0: 0x00000000800047c4 (0x00c0d5bb) srlw    a1, ra, a2
core   0: 1 0x00000000800047c4 (0x00c0d5bb) x11 0xffffffffffffffff
core   0: 0x00000000800047c8 (0x00998b33) add     s6, s3, s1
core   0: 1 0x00000000800047c8 (0x00998b33) x22 0x0000000000000217
core   0: 0x00000000800047cc (0x0365d73b) divuw   a4, a1, s6
core   0: 1 0x00000000800047cc (0x0365d73b) x14 0x00000000007a7f48
core   0: 0x00000000800047d0 (0x000cde1b) srliw   t3, s9, 0
core   0: 1 0x00000000800047d0 (0x000cde1b) x28 0x0000000000000001
core   0: 0x00000000800047d4 (0x2a7905d3) fmin.d  fa1, fs2, ft7
core   0: 1 0x00000000800047d4 (0x2a7905d3) f11 0x7ff8000000000000
core   0: 0x00000000800047d8 (0x00000001) c.nop
core   0: 1 0x00000000800047d8 (0x0001)
core   0: 0x00000000800047da (0x03fb5d93) srli    s11, s6, 63
core   0: 1 0x00000000800047da (0x03fb5d93) x27 0x0000000000000000
core   0: 0x00000000800047de (0xdc8c0c13) addi    s8, s8, -568
core   0: 1 0x00000000800047de (0xdc8c0c13) x24 0x0000000080005e42
core   0: 0x00000000800047e2 (0x019c161b) slliw   a2, s8, 25
core   0: 1 0x00000000800047e2 (0x019c161b) x12 0xffffffff84000000
core   0: 0x00000000800047e6 (0x40c9093b) subw    s2, s2, a2
core   0: 1 0x00000000800047e6 (0x40c9093b) x18 0xffffffffd3aabc99
core   0: 0x00000000800047ea (0xabfaed13) ori     s10, s5, -1345
core   0: 1 0x00000000800047ea (0xabfaed13) x26 0xffffffffffffffff
core   0: 0x00000000800047ee (0x2a631653) fmax.d  fa2, ft6, ft6
core   0: 1 0x00000000800047ee (0x2a631653) f12 0x0000000080004014
core   0: 0x00000000800047f2 (0xfc12b637) lui     a2, 0xfc12b
core   0: 1 0x00000000800047f2 (0xfc12b637) x12 0xfffffffffc12b000
core   0: 0x00000000800047f6 (0xeb96061b) addiw   a2, a2, -327
core   0: 1 0x00000000800047f6 (0xeb96061b) x12 0xfffffffffc12aeb9
core   0: 0x00000000800047fa (0x00000632) c.slli  a2, 12
core   0: 1 0x00000000800047fa (0x0632) x12 0xffffffc12aeb9000
core   0: 0x00000000800047fc (0x33260613) addi    a2, a2, 818
core   0: 1 0x00000000800047fc (0x33260613) x12 0xffffffc12aeb9332
core   0: 0x0000000080004800 (0xd21600d3) fcvt.d.wu ft1, a2
core   0: 1 0x0000000080004800 (0xd21600d3) f1  0x41c575c999000000
core   0: 0x0000000080004804 (0xa2108753) fle.d   a4, ft1, ft1
core   0: 1 0x0000000080004804 (0xa2108753) x14 0x0000000000000001
core   0: 0x0000000080004808 (0x8b304413) xori    s0, zero, -1869
core   0: 1 0x0000000080004808 (0x8b304413) x8  0xfffffffffffff8b3
core   0: 0x000000008000480c (0x0059d33b) srlw    t1, s3, t0
core   0: 1 0x000000008000480c (0x0059d33b) x6  0x0000000000000000
core   0: 0x0000000080004810 (0x022ba1b3) mulhsu  gp, s7, sp
core   0: 1 0x0000000080004810 (0x022ba1b3) x3  0x0000000000000000
core   0: 0x0000000080004814 (0x401e5693) srai    a3, t3, 1
core   0: 1 0x0000000080004814 (0x401e5693) x13 0x0000000000000000
core   0: 0x0000000080004818 (0x00212933) slt     s2, sp, sp
core   0: 1 0x0000000080004818 (0x00212933) x18 0x0000000000000000
core   0: 0x000000008000481c (0xf20c0ed3) fmv.d.x ft9, s8
core   0: 1 0x000000008000481c (0xf20c0ed3) f29 0x0000000080005e42
core   0: 0x0000000080004820 (0x4136dab3) sra     s5, a3, s3
core   0: 1 0x0000000080004820 (0x4136dab3) x21 0x0000000000000000
core   0: 0x0000000080004824 (0xfa93f5cb) fnmsub.d fa1, ft7, fs1, ft11
core   0: 1 0x0000000080004824 (0xfa93f5cb) f11 0x7ff8000000000000
core   0: 0x0000000080004828 (0x2352ad53) fsgnjx.d fs10, ft5, fs5
core   0: 1 0x0000000080004828 (0x2352ad53) f26 0x0000000000000000
core   0: 0x000000008000482c (0x00d110b3) sll     ra, sp, a3
core   0: 1 0x000000008000482c (0x00d110b3) x1  0x000000003104d3f3
core   0: 0x0000000080004830 (0xddd68e97) auipc   t4, 0xddd68
core   0: 1 0x0000000080004830 (0xddd68e97) x29 0x000000005dd6c830
core   0: 0x0000000080004834 (0xd21a88d3) fcvt.d.wu fa7, s5
core   0: 1 0x0000000080004834 (0xd21a88d3) f17 0x0000000000000000
core   0: 0x0000000080004838 (0x7ff77293) andi    t0, a4, 2047
core   0: 1 0x0000000080004838 (0x7ff77293) x5  0x0000000000000001
core   0: 0x000000008000483c (0xf1129c73) csrrw   s8, mvendorid, t0
core   0: exception trap_illegal_instruction, epc 0x000000008000483c
core   0:           tval 0x00000000f1129c73
core   0: >>>>  $xrv64i2p1_m2p0_a2p1_f2p2_d2p2_zicsr2p0_zifencei2p0_zmmul1p0_zba1p0_zbb1p0_zbc1p0_zbs1p0
core   0: 0x0000000080004000 (0x0080006f) j       pc + 0x8
core   0: 3 0x0000000080004000 (0x0080006f)
core   0: >>>>  mmode_exception_handler
core   0: 0x0000000080004008 (0x00002c17) auipc   s8, 0x2
core   0: 3 0x0000000080004008 (0x00002c17) x24 0x0000000080006008
core   0: 0x000000008000400c (0x072c0c13) addi    s8, s8, 114
core   0: 3 0x000000008000400c (0x072c0c13) x24 0x000000008000607a
core   0: 0x0000000080004010 (0x000c00e7) jalr    s8
core   0: 3 0x0000000080004010 (0x000c00e7) x1  0x0000000080004014
core   0: >>>>  any_handler
core   0: 0x000000008000607a (0x341027f3) csrrs   a5, mepc, zero
core   0: 3 0x000000008000607a (0x341027f3) x15 0x000000008000483c
core   0: 0x000000008000607e (0x34202773) csrrs   a4, mcause, zero
core   0: 3 0x000000008000607e (0x34202773) x14 0x0000000000000002
core   0: 0x0000000080006082 (0x142026f3) csrrs   a3, scause, zero
core   0: 3 0x0000000080006082 (0x142026f3) x13 0x0000000000000000
core   0: 0x0000000080006086 (0x30402673) csrrs   a2, mie, zero
core   0: 3 0x0000000080006086 (0x30402673) x12 0x0000000000000a00
core   0: 0x000000008000608a (0x344025f3) csrrs   a1, mip, zero
core   0: 3 0x000000008000608a (0x344025f3) x11 0x0000000000000080
core   0: 0x000000008000608e (0x343025f3) csrrs   a1, mtval, zero
core   0: 3 0x000000008000608e (0x343025f3) x11 0x00000000f1129c73
core   0: 0x0000000080006092 (0x14302573) csrrs   a0, stval, zero
core   0: 3 0x0000000080006092 (0x14302573) x10 0x0000000000000000
core   0: 0x0000000080006096 (0xb02024f3) csrrs   s1, minstret, zero
core   0: 3 0x0000000080006096 (0xb02024f3) x9  0x0000000000000ab0
core   0: 0x000000008000609a (0x0000a811) c.j     pc + 20
core   0: 3 0x000000008000609a (0xa811)
core   0: >>>>  mepc_4
core   0: 0x00000000800060ae (0x00000791) c.addi  a5, 4
core   0: 3 0x00000000800060ae (0x0791) x15 0x0000000080004840
core   0: 0x00000000800060b0 (0x34179073) csrrw   zero, mepc, a5
core   0: 3 0x00000000800060b0 (0x34179073) c833_mepc 0x0000000080004840
core   0: 0x00000000800060b4 (0x30200073) mret
core   0: 3 0x00000000800060b4 (0x30200073) c768_mstatus 0x8000000a00106080
core   0: 0x0000000080004840 (0x23bd95d3) fsgnjn.d fa1, fs11, fs11
core   0: 1 0x0000000080004840 (0x23bd95d3) f11 0x8000000000000000
core   0: 0x0000000080004844 (0x41be5733) sra     a4, t3, s11
core   0: 1 0x0000000080004844 (0x41be5733) x14 0x0000000000000001
core   0: 0x0000000080004848 (0xe293f393) andi    t2, t2, -471
core   0: 1 0x0000000080004848 (0xe293f393) x7  0xffb24141f2000000
core   0: 0x000000008000484c (0x11ce6193) ori     gp, t3, 284
core   0: 1 0x000000008000484c (0x11ce6193) x3  0x000000000000011d
core   0: 0x0000000080004850 (0x01921b9b) slliw   s7, tp, 25
core   0: 1 0x0000000080004850 (0x01921b9b) x23 0xffffffff9c000000
core   0: 0x0000000080004854 (0xd03bf0d3) fcvt.s.lu ft1, s7
core   0: 1 0x0000000080004854 (0xd03bf0d3) c1_fflags 0x000000000000001b f1  0xffffffff5f800000
core   0: 0x0000000080004858 (0x411188b3) sub     a7, gp, a7
core   0: 1 0x0000000080004858 (0x411188b3) x17 0x000000000000011d
core   0: 0x000000008000485c (0x01b8e7b3) or      a5, a7, s11
core   0: 1 0x000000008000485c (0x01b8e7b3) x15 0x000000000000011d
core   0: 0x0000000080004860 (0x0ff0000f) fence   iorw,iorw
core   0: 1 0x0000000080004860 (0x0ff0000f)
core   0: 0x0000000080004864 (0xc031f4d3) fcvt.lu.s s1, ft3
core   0: 1 0x0000000080004864 (0xc031f4d3) c1_fflags 0x000000000000001b x9  0xffffffffffffffff
core   0: 0x0000000080004868 (0x43dbdb13) srai    s6, s7, 61
core   0: 1 0x0000000080004868 (0x43dbdb13) x22 0xffffffffffffffff
core   0: 0x000000008000486c (0x00e2521b) srliw   tp, tp, 14
core   0: 1 0x000000008000486c (0x00e2521b) x4  0x0000000000003f70
core   0: 0x0000000080004870 (0x00528833) add     a6, t0, t0
core   0: 1 0x0000000080004870 (0x00528833) x16 0x0000000000000002
core   0: 0x0000000080004874 (0x0abbf1d3) fsub.d  ft3, fs7, fa1
core   0: 1 0x0000000080004874 (0x0abbf1d3) f3  0x7ff8000000000000
core   0: 0x0000000080004878 (0x0a2677d3) fsub.d  fa5, fa2, ft2
core   0: 1 0x0000000080004878 (0x0a2677d3) c1_fflags 0x000000000000001b f15 0x43cd5d28759c8001
core   0: 0x000000008000487c (0x41c9093b) subw    s2, s2, t3
core   0: 1 0x000000008000487c (0x41c9093b) x18 0xffffffffffffffff
core   0: 0x0000000080004880 (0x42078a53) fcvt.d.s fs4, fa5
core   0: 1 0x0000000080004880 (0x42078a53) f20 0x7ff8000000000000
core   0: 0x0000000080004884 (0x0323e5b3) rem     a1, t2, s2
core   0: 1 0x0000000080004884 (0x0323e5b3) x11 0x0000000000000000
core   0: 0x0000000080004888 (0x03724bbb) divw    s7, tp, s7
core   0: 1 0x0000000080004888 (0x03724bbb) x23 0x0000000000000000
core   0: 0x000000008000488c (0x22fa10d3) fsgnjn.d ft1, fs4, fa5
core   0: 1 0x000000008000488c (0x22fa10d3) f1  0xfff8000000000000
core   0: 0x0000000080004890 (0x42f35893) srai    a7, t1, 47
core   0: 1 0x0000000080004890 (0x42f35893) x17 0x0000000000000000
core   0: 0x0000000080004894 (0x01711133) sll     sp, sp, s7
core   0: 1 0x0000000080004894 (0x01711133) x2  0x000000003104d3f3
core   0: 0x0000000080004898 (0x01539abb) sllw    s5, t2, s5
core   0: 1 0x0000000080004898 (0x01539abb) x21 0xfffffffff2000000
core   0: 0x000000008000489c (0xc2187bd3) fcvt.wu.d s7, fa6
core   0: 1 0x000000008000489c (0xc2187bd3) c1_fflags 0x000000000000001b x23 0xffffffffffffffff
core   0: 0x00000000800048a0 (0x4155de3b) sraw    t3, a1, s5
core   0: 1 0x00000000800048a0 (0x4155de3b) x28 0x0000000000000000
core   0: 0x00000000800048a4 (0x03cebeb3) mulhu   t4, t4, t3
core   0: 1 0x00000000800048a4 (0x03cebeb3) x29 0x0000000000000000
core   0: 0x00000000800048a8 (0xd2050fd3) fcvt.d.w ft11, a0
core   0: 1 0x00000000800048a8 (0xd2050fd3) f31 0x0000000000000000
core   0: 0x00000000800048ac (0x02a0e7bb) remw    a5, ra, a0
core   0: 1 0x00000000800048ac (0x02a0e7bb) x15 0xffffffff80004014
core   0: 0x00000000800048b0 (0x03563633) mulhu   a2, a2, s5
core   0: 1 0x00000000800048b0 (0x03563633) x12 0x00000000000009ff
core   0: 0x00000000800048b4 (0xf11db0f3) csrrc   ra, mvendorid, s11
core   0: exception trap_illegal_instruction, epc 0x00000000800048b4
core   0:           tval 0x00000000f11db0f3
core   0: >>>>  $xrv64i2p1_m2p0_a2p1_f2p2_d2p2_zicsr2p0_zifencei2p0_zmmul1p0_zba1p0_zbb1p0_zbc1p0_zbs1p0
core   0: 0x0000000080004000 (0x0080006f) j       pc + 0x8
core   0: 3 0x0000000080004000 (0x0080006f)
core   0: >>>>  mmode_exception_handler
core   0: 0x0000000080004008 (0x00002c17) auipc   s8, 0x2
core   0: 3 0x0000000080004008 (0x00002c17) x24 0x0000000080006008
core   0: 0x000000008000400c (0x072c0c13) addi    s8, s8, 114
core   0: 3 0x000000008000400c (0x072c0c13) x24 0x000000008000607a
core   0: 0x0000000080004010 (0x000c00e7) jalr    s8
core   0: 3 0x0000000080004010 (0x000c00e7) x1  0x0000000080004014
core   0: >>>>  any_handler
core   0: 0x000000008000607a (0x341027f3) csrrs   a5, mepc, zero
core   0: 3 0x000000008000607a (0x341027f3) x15 0x00000000800048b4
core   0: 0x000000008000607e (0x34202773) csrrs   a4, mcause, zero
core   0: 3 0x000000008000607e (0x34202773) x14 0x0000000000000002
core   0: 0x0000000080006082 (0x142026f3) csrrs   a3, scause, zero
core   0: 3 0x0000000080006082 (0x142026f3) x13 0x0000000000000000
core   0: 0x0000000080006086 (0x30402673) csrrs   a2, mie, zero
core   0: 3 0x0000000080006086 (0x30402673) x12 0x0000000000000a00
core   0: 0x000000008000608a (0x344025f3) csrrs   a1, mip, zero
core   0: 3 0x000000008000608a (0x344025f3) x11 0x0000000000000080
core   0: 0x000000008000608e (0x343025f3) csrrs   a1, mtval, zero
core   0: 3 0x000000008000608e (0x343025f3) x11 0x00000000f11db0f3
core   0: 0x0000000080006092 (0x14302573) csrrs   a0, stval, zero
core   0: 3 0x0000000080006092 (0x14302573) x10 0x0000000000000000
core   0: 0x0000000080006096 (0xb02024f3) csrrs   s1, minstret, zero
core   0: 3 0x0000000080006096 (0xb02024f3) x9  0x0000000000000add
core   0: 0x000000008000609a (0x0000a811) c.j     pc + 20
core   0: 3 0x000000008000609a (0xa811)
core   0: >>>>  mepc_4
core   0: 0x00000000800060ae (0x00000791) c.addi  a5, 4
core   0: 3 0x00000000800060ae (0x0791) x15 0x00000000800048b8
core   0: 0x00000000800060b0 (0x34179073) csrrw   zero, mepc, a5
core   0: 3 0x00000000800060b0 (0x34179073) c833_mepc 0x00000000800048b8
core   0: 0x00000000800060b4 (0x30200073) mret
core   0: 3 0x00000000800060b4 (0x30200073) c768_mstatus 0x8000000a00106080
core   0: 0x00000000800048b8 (0xc20ff9d3) fcvt.w.d s3, ft11
core   0: 1 0x00000000800048b8 (0xc20ff9d3) x19 0x0000000000000000
core   0: 0x00000000800048bc (0x01ad5c3b) srlw    s8, s10, s10
core   0: 1 0x00000000800048bc (0x01ad5c3b) x24 0x0000000000000001
core   0: 0x00000000800048c0 (0x4017d093) srai    ra, a5, 1
core   0: 1 0x00000000800048c0 (0x4017d093) x1  0x000000004000245c
core   0: 0x00000000800048c4 (0xc20a7653) fcvt.w.d a2, fs4
core   0: 1 0x00000000800048c4 (0xc20a7653) c1_fflags 0x000000000000001b x12 0x000000007fffffff
core   0: 0x00000000800048c8 (0x2a0898d3) fmax.d  fa7, fa7, ft0
core   0: 1 0x00000000800048c8 (0x2a0898d3) f17 0x0000000000000000
core   0: 0x00000000800048cc (0x7ff46693) ori     a3, s0, 2047
core   0: 1 0x00000000800048cc (0x7ff46693) x13 0xffffffffffffffff
core   0: 0x00000000800048d0 (0x40b9d23b) sraw    tp, s3, a1
core   0: 1 0x00000000800048d0 (0x40b9d23b) x4  0x0000000000000000
core   0: 0x00000000800048d4 (0x2a288853) fmin.d  fa6, fa7, ft2
core   0: 1 0x00000000800048d4 (0x2a288853) f16 0xc3cd5d28759c8000
core   0: 0x00000000800048d8 (0xcf8dcb13) xori    s6, s11, -776
core   0: 1 0x00000000800048d8 (0xcf8dcb13) x22 0xfffffffffffffcf8
core   0: 0x00000000800048dc (0xc00b1773) csrrw   a4, cycle, s6
core   0: exception trap_illegal_instruction, epc 0x00000000800048dc
core   0:           tval 0x00000000c00b1773
core   0: >>>>  $xrv64i2p1_m2p0_a2p1_f2p2_d2p2_zicsr2p0_zifencei2p0_zmmul1p0_zba1p0_zbb1p0_zbc1p0_zbs1p0
core   0: 0x0000000080004000 (0x0080006f) j       pc + 0x8
core   0: 3 0x0000000080004000 (0x0080006f)
core   0: >>>>  mmode_exception_handler
core   0: 0x0000000080004008 (0x00002c17) auipc   s8, 0x2
core   0: 3 0x0000000080004008 (0x00002c17) x24 0x0000000080006008
core   0: 0x000000008000400c (0x072c0c13) addi    s8, s8, 114
core   0: 3 0x000000008000400c (0x072c0c13) x24 0x000000008000607a
core   0: 0x0000000080004010 (0x000c00e7) jalr    s8
core   0: 3 0x0000000080004010 (0x000c00e7) x1  0x0000000080004014
core   0: >>>>  any_handler
core   0: 0x000000008000607a (0x341027f3) csrrs   a5, mepc, zero
core   0: 3 0x000000008000607a (0x341027f3) x15 0x00000000800048dc
core   0: 0x000000008000607e (0x34202773) csrrs   a4, mcause, zero
core   0: 3 0x000000008000607e (0x34202773) x14 0x0000000000000002
core   0: 0x0000000080006082 (0x142026f3) csrrs   a3, scause, zero
core   0: 3 0x0000000080006082 (0x142026f3) x13 0x0000000000000000
core   0: 0x0000000080006086 (0x30402673) csrrs   a2, mie, zero
core   0: 3 0x0000000080006086 (0x30402673) x12 0x0000000000000a00
core   0: 0x000000008000608a (0x344025f3) csrrs   a1, mip, zero
core   0: 3 0x000000008000608a (0x344025f3) x11 0x0000000000000080
core   0: 0x000000008000608e (0x343025f3) csrrs   a1, mtval, zero
core   0: 3 0x000000008000608e (0x343025f3) x11 0x00000000c00b1773
core   0: 0x0000000080006092 (0x14302573) csrrs   a0, stval, zero
core   0: 3 0x0000000080006092 (0x14302573) x10 0x0000000000000000
core   0: 0x0000000080006096 (0xb02024f3) csrrs   s1, minstret, zero
core   0: 3 0x0000000080006096 (0xb02024f3) x9  0x0000000000000af6
core   0: 0x000000008000609a (0x0000a811) c.j     pc + 20
core   0: 3 0x000000008000609a (0xa811)
core   0: >>>>  mepc_4
core   0: 0x00000000800060ae (0x00000791) c.addi  a5, 4
core   0: 3 0x00000000800060ae (0x0791) x15 0x00000000800048e0
core   0: 0x00000000800060b0 (0x34179073) csrrw   zero, mepc, a5
core   0: 3 0x00000000800060b0 (0x34179073) c833_mepc 0x00000000800048e0
core   0: 0x00000000800060b4 (0x30200073) mret
core   0: 3 0x00000000800060b4 (0x30200073) c768_mstatus 0x8000000a00106080
core   0: 0x00000000800048e0 (0x01a6511b) srliw   sp, a2, 26
core   0: 1 0x00000000800048e0 (0x01a6511b) x2  0x0000000000000000
core   0: 0x00000000800048e4 (0x02ee80bb) mulw    ra, t4, a4
core   0: 1 0x00000000800048e4 (0x02ee80bb) x1  0x0000000000000000
core   0: 0x00000000800048e8 (0x1bb37bd3) fdiv.d  fs7, ft6, fs11
core   0: 1 0x00000000800048e8 (0x1bb37bd3) c1_fflags 0x000000000000001b f23 0x7ff0000000000000
core   0: 0x00000000800048ec (0x0168d8b3) srl     a7, a7, s6
core   0: 1 0x00000000800048ec (0x0168d8b3) x17 0x0000000000000000
core   0: 0x00000000800048f0 (0x035ed513) srli    a0, t4, 53
core   0: 1 0x00000000800048f0 (0x035ed513) x10 0x0000000000000000
core   0: 0x00000000800048f4 (0xf20a00d3) fmv.d.x ft1, s4
core   0: 1 0x00000000800048f4 (0xf20a00d3) f1  0x0000000000000000
core   0: 0x00000000800048f8 (0xe20c06d3) fmv.x.d a3, fs8
core   0: 1 0x00000000800048f8 (0xe20c06d3) x13 0x41efa0341c000000
core   0: 0x00000000800048fc (0x4015023b) subw    tp, a0, ra
core   0: 1 0x00000000800048fc (0x4015023b) x4  0x0000000000000000
core   0: 0x0000000080004900 (0x0b3bf9d3) fsub.d  fs3, fs7, fs3
core   0: 1 0x0000000080004900 (0x0b3bf9d3) f19 0x7ff8000000000000
core   0: 0x0000000080004904 (0x001c9a73) csrrw   s4, fflags, s9
core   0: 1 0x0000000080004904 (0x001c9a73) x20 0x000000000000001b c1_fflags 0x0000000000000001
core   0: 0x0000000080004908 (0x00102373) csrrs   t1, fflags, zero
core   0: 1 0x0000000080004908 (0x00102373) x6  0x0000000000000001
core   0: 0x000000008000490c (0x41a3551b) sraiw   a0, t1, 26
core   0: 1 0x000000008000490c (0x41a3551b) x10 0x0000000000000000
core   0: 0x0000000080004910 (0x0295cab3) div     s5, a1, s1
core   0: 1 0x0000000080004910 (0x0295cab3) x21 0x000000000011854c
core   0: 0x0000000080004914 (0x035de8bb) remw    a7, s11, s5
core   0: 1 0x0000000080004914 (0x035de8bb) x17 0x0000000000000000
core   0: 0x0000000080004918 (0xd028f8d3) fcvt.s.l fa7, a7
core   0: 1 0x0000000080004918 (0xd028f8d3) f17 0xffffffff00000000
core   0: 0x000000008000491c (0xc2137253) fcvt.wu.d tp, ft6
core   0: 1 0x000000008000491c (0xc2137253) c1_fflags 0x0000000000000001 x4  0x0000000000000001
core   0: 0x0000000080004920 (0x00101b73) csrrw   s6, fflags, zero
core   0: 1 0x0000000080004920 (0x00101b73) x22 0x0000000000000001 c1_fflags 0x0000000000000000
core   0: 0x0000000080004924 (0x0183dc33) srl     s8, t2, s8
core   0: 1 0x0000000080004924 (0x0183dc33) x24 0x000000000000003f
core   0: 0x0000000080004928 (0xd16ee193) ori     gp, t4, -746
core   0: 1 0x0000000080004928 (0xd16ee193) x3  0xfffffffffffffd16
core   0: 0x000000008000492c (0xd23c72d3) fcvt.d.lu ft5, s8
core   0: 1 0x000000008000492c (0xd23c72d3) f5  0x404f800000000000
core   0: 0x0000000080004930 (0xdbbc7dc3) fmadd.d fs11, fs8, fs11, fs11
core   0: 1 0x0000000080004930 (0xdbbc7dc3) f27 0x0000000000000000
core   0: 0x0000000080004934 (0x00a5513b) srlw    sp, a0, a0
core   0: 1 0x0000000080004934 (0x00a5513b) x2  0x0000000000000000
core   0: 0x0000000080004938 (0x7f9968b7) lui     a7, 0x7f996
core   0: 1 0x0000000080004938 (0x7f9968b7) x17 0x000000007f996000
core   0: 0x000000008000493c (0xc218fd53) fcvt.wu.d s10, fa7
core   0: 1 0x000000008000493c (0xc218fd53) c1_fflags 0x0000000000000010 x26 0xffffffffffffffff
core   0: 0x0000000080004940 (0xda547a4b) fnmsub.d fs4, fs0, ft5, fs11
core   0: 1 0x0000000080004940 (0xda547a4b) f20 0xc24f21b34b900000
core   0: 0x0000000080004944 (0x03a0c4bb) divw    s1, ra, s10
core   0: 1 0x0000000080004944 (0x03a0c4bb) x9  0x0000000000000000
core   0: 0x0000000080004948 (0x01f215b7) lui     a1, 0x1f21
core   0: 1 0x0000000080004948 (0x01f215b7) x11 0x0000000001f21000
core   0: 0x000000008000494c (0xdb4342b7) lui     t0, 0xdb434
core   0: 1 0x000000008000494c (0xdb4342b7) x5  0xffffffffdb434000
core   0: 0x0000000080004950 (0xb846cd13) xori    s10, a3, -1148
core   0: 1 0x0000000080004950 (0xb846cd13) x26 0xbe105fcbe3fffb84
core   0: 0x0000000080004954 (0x00f890b3) sll     ra, a7, a5
core   0: 1 0x0000000080004954 (0x00f890b3) x1  0x7f99600000000000
core   0: 0x0000000080004958 (0x7ff8c993) xori    s3, a7, 2047
core   0: 1 0x0000000080004958 (0x7ff8c993) x19 0x000000007f9967ff
core   0: 0x000000008000495c (0x0164f5b3) and     a1, s1, s6
core   0: 1 0x000000008000495c (0x0164f5b3) x11 0x0000000000000000
core   0: 0x0000000080004960 (0x0019fc13) andi    s8, s3, 1
core   0: 1 0x0000000080004960 (0x0019fc13) x24 0x0000000000000001
core   0: 0x0000000080004964 (0xc035b773) csrrc   a4, hpmcounter3, a1
core   0: exception trap_illegal_instruction, epc 0x0000000080004964
core   0:           tval 0x00000000c035b773
core   0: >>>>  $xrv64i2p1_m2p0_a2p1_f2p2_d2p2_zicsr2p0_zifencei2p0_zmmul1p0_zba1p0_zbb1p0_zbc1p0_zbs1p0
core   0: 0x0000000080004000 (0x0080006f) j       pc + 0x8
core   0: 3 0x0000000080004000 (0x0080006f)
core   0: >>>>  mmode_exception_handler
core   0: 0x0000000080004008 (0x00002c17) auipc   s8, 0x2
core   0: 3 0x0000000080004008 (0x00002c17) x24 0x0000000080006008
core   0: 0x000000008000400c (0x072c0c13) addi    s8, s8, 114
core   0: 3 0x000000008000400c (0x072c0c13) x24 0x000000008000607a
core   0: 0x0000000080004010 (0x000c00e7) jalr    s8
core   0: 3 0x0000000080004010 (0x000c00e7) x1  0x0000000080004014
core   0: >>>>  any_handler
core   0: 0x000000008000607a (0x341027f3) csrrs   a5, mepc, zero
core   0: 3 0x000000008000607a (0x341027f3) x15 0x0000000080004964
core   0: 0x000000008000607e (0x34202773) csrrs   a4, mcause, zero
core   0: 3 0x000000008000607e (0x34202773) x14 0x0000000000000002
core   0: 0x0000000080006082 (0x142026f3) csrrs   a3, scause, zero
core   0: 3 0x0000000080006082 (0x142026f3) x13 0x0000000000000000
core   0: 0x0000000080006086 (0x30402673) csrrs   a2, mie, zero
core   0: 3 0x0000000080006086 (0x30402673) x12 0x0000000000000a00
core   0: 0x000000008000608a (0x344025f3) csrrs   a1, mip, zero
core   0: 3 0x000000008000608a (0x344025f3) x11 0x0000000000000080
core   0: 0x000000008000608e (0x343025f3) csrrs   a1, mtval, zero
core   0: 3 0x000000008000608e (0x343025f3) x11 0x00000000c035b773
core   0: 0x0000000080006092 (0x14302573) csrrs   a0, stval, zero
core   0: 3 0x0000000080006092 (0x14302573) x10 0x0000000000000000
core   0: 0x0000000080006096 (0xb02024f3) csrrs   s1, minstret, zero
core   0: 3 0x0000000080006096 (0xb02024f3) x9  0x0000000000000b27
core   0: 0x000000008000609a (0x0000a811) c.j     pc + 20
core   0: 3 0x000000008000609a (0xa811)
core   0: >>>>  mepc_4
core   0: 0x00000000800060ae (0x00000791) c.addi  a5, 4
core   0: 3 0x00000000800060ae (0x0791) x15 0x0000000080004968
core   0: 0x00000000800060b0 (0x34179073) csrrw   zero, mepc, a5
core   0: 3 0x00000000800060b0 (0x34179073) c833_mepc 0x0000000080004968
core   0: 0x00000000800060b4 (0x30200073) mret
core   0: 3 0x00000000800060b4 (0x30200073) c768_mstatus 0x8000000a00106080
core   0: 0x0000000080004968 (0x02d2613b) remw    sp, tp, a3
core   0: 1 0x0000000080004968 (0x02d2613b) x2  0x0000000000000001
core   0: 0x000000008000496c (0x00102273) csrrs   tp, fflags, zero
core   0: 1 0x000000008000496c (0x00102273) x4  0x0000000000000010
core   0: 0x0000000080004970 (0x00494933) xor     s2, s2, tp
core   0: 1 0x0000000080004970 (0x00494933) x18 0xffffffffffffffef
core   0: 0x0000000080004974 (0x4010551b) sraiw   a0, zero, 1
core   0: 1 0x0000000080004974 (0x4010551b) x10 0x0000000000000000
core   0: 0x0000000080004978 (0xdb04f4cf) fnmadd.d fs1, fs1, fa6, fs11
core   0: 1 0x0000000080004978 (0xdb04f4cf) f9  0x0000000000000000
core   0: 0x000000008000497c (0x00f01e9b) slliw   t4, zero, 15
core   0: 1 0x000000008000497c (0x00f01e9b) x29 0x0000000000000000
core   0: 0x0000000080004980 (0x00000001) c.nop
core   0: 1 0x0000000080004980 (0x0001)
core   0: 0x0000000080004982 (0x019c1b1b) slliw   s6, s8, 25
core   0: 1 0x0000000080004982 (0x019c1b1b) x22 0xfffffffff4000000
core   0: 0x0000000080004986 (0x00000001) c.nop
core   0: 1 0x0000000080004986 (0x0001)
core   0: 0x0000000080004988 (0x0000926e) c.add   tp, s11
core   0: 1 0x0000000080004988 (0x926e) x4  0x0000000000000010
core   0: 0x000000008000498a (0x5206bdb7) lui     s11, 0x5206b
core   0: 1 0x000000008000498a (0x5206bdb7) x27 0x000000005206b000
core   0: 0x000000008000498e (0x1a887f53) fdiv.d  ft10, fa6, fs0
core   0: 1 0x000000008000498e (0x1a887f53) c1_fflags 0x0000000000000011 f30 0xc1cdb61a62dad8d0
core   0: 0x0000000080004992 (0x40438c3b) subw    s8, t2, tp
core   0: 1 0x0000000080004992 (0x40438c3b) x24 0xfffffffff1fffff0
core   0: 0x0000000080004996 (0x034a78d3) fadd.d  fa7, fs4, fs4
core   0: 1 0x0000000080004996 (0x034a78d3) f17 0xc25f21b34b900000
core   0: 0x000000008000499a (0x0248d8b3) divu    a7, a7, tp
core   0: 1 0x000000008000499a (0x0248d8b3) x17 0x0000000007f99600
core   0: 0x000000008000499e (0x00146093) ori     ra, s0, 1
core   0: 1 0x000000008000499e (0x00146093) x1  0xfffffffffffff8b3
core   0: 0x00000000800049a2 (0x02fdd893) srli    a7, s11, 47
core   0: 1 0x00000000800049a2 (0x02fdd893) x17 0x0000000000000000
core   0: 0x00000000800049a6 (0x00446233) or      tp, s0, tp
core   0: 1 0x00000000800049a6 (0x00446233) x4  0xfffffffffffff8b3
core   0: 0x00000000800049aa (0xa424871b) addiw   a4, s1, -1470
core   0: 1 0x00000000800049aa (0xa424871b) x14 0x0000000000000569
core   0: 0x00000000800049ae (0xc22f79d3) fcvt.l.d s3, ft10
core   0: 1 0x00000000800049ae (0xc22f79d3) c1_fflags 0x0000000000000011 x19 0xffffffffc493cb3b
core   0: 0x00000000800049b2 (0x00271ef3) csrrw   t4, frm, a4
core   0: 1 0x00000000800049b2 (0x00271ef3) x29 0x0000000000000003 c2_frm 0x0000000000000001
core   0: 0x00000000800049b6 (0x47ceeb93) ori     s7, t4, 1148
core   0: 1 0x00000000800049b6 (0x47ceeb93) x23 0x000000000000047f
core   0: 0x00000000800049ba (0x0168e933) or      s2, a7, s6
core   0: 1 0x00000000800049ba (0x0168e933) x18 0xfffffffff4000000
core   0: 0x00000000800049be (0x23589553) fsgnjn.d fa0, fa7, fs5
core   0: 1 0x00000000800049be (0x23589553) f10 0xc25f21b34b900000
core   0: 0x00000000800049c2 (0x002b11f3) csrrw   gp, frm, s6
core   0: 1 0x00000000800049c2 (0x002b11f3) x3  0x0000000000000001 c2_frm 0x0000000000000000
core   0: 0x00000000800049c6 (0xc218fdd3) fcvt.wu.d s11, fa7
core   0: 1 0x00000000800049c6 (0xc218fdd3) c1_fflags 0x0000000000000011 x27 0x0000000000000000
core   0: 0x00000000800049ca (0xc228fd53) fcvt.l.d s10, fa7
core   0: 1 0x00000000800049ca (0xc228fd53) x26 0xffffff837932d1c0
core   0: 0x00000000800049ce (0x00c9981b) slliw   a6, s3, 12
core   0: 1 0x00000000800049ce (0x00c9981b) x16 0x000000003cb3b000
core   0: 0x00000000800049d2 (0x412ed03b) sraw    zero, t4, s2
core   0: 1 0x00000000800049d2 (0x412ed03b)
core   0: 0x00000000800049d6 (0x02510133) mul     sp, sp, t0
core   0: 1 0x00000000800049d6 (0x02510133) x2  0xffffffffdb434000
core   0: 0x00000000800049da (0x529ef4cf) fnmadd.d fs1, ft9, fs1, fa0
core   0: 1 0x00000000800049da (0x529ef4cf) f9  0x425f21b34b900000
core   0: 0x00000000800049de (0x62fa889b) addiw   a7, s5, 1583
core   0: 1 0x00000000800049de (0x62fa889b) x17 0x0000000000118b7b
core   0: 0x00000000800049e2 (0x23ba0853) fsgnj.d fa6, fs4, fs11
core   0: 1 0x00000000800049e2 (0x23ba0853) f16 0x424f21b34b900000
core   0: 0x00000000800049e6 (0x4017d11b) sraiw   sp, a5, 1
core   0: 1 0x00000000800049e6 (0x4017d11b) x2  0xffffffffc00024b4
core   0: 0x00000000800049ea (0x4671019b) addiw   gp, sp, 1127
core   0: 1 0x00000000800049ea (0x4671019b) x3  0xffffffffc000291b
core   0: 0x00000000800049ee (0x022be6b3) rem     a3, s7, sp
core   0: 1 0x00000000800049ee (0x022be6b3) x13 0x000000000000047f
core   0: 0x00000000800049f2 (0xfc2b8637) lui     a2, 0xfc2b8
core   0: 1 0x00000000800049f2 (0xfc2b8637) x12 0xfffffffffc2b8000
core   0: 0x00000000800049f6 (0x19d6061b) addiw   a2, a2, 413
core   0: 1 0x00000000800049f6 (0x19d6061b) x12 0xfffffffffc2b819d
core   0: 0x00000000800049fa (0x00000636) c.slli  a2, 13
core   0: 1 0x00000000800049fa (0x0636) x12 0xffffff857033a000
core   0: 0x00000000800049fc (0x5e660613) addi    a2, a2, 1510
core   0: 1 0x00000000800049fc (0x5e660613) x12 0xffffff857033a5e6
core   0: 0x0000000080004a00 (0x00015c9b) srliw   s9, sp, 0
core   0: 1 0x0000000080004a00 (0x00015c9b) x25 0xffffffffc00024b4
core   0: 0x0000000080004a04 (0x40395ebb) sraw    t4, s2, gp
core   0: 1 0x0000000080004a04 (0x40395ebb) x29 0xfffffffffffffffe
core   0: 0x0000000080004a08 (0x3203be73) csrrc   t3, mcountinhibit, t2
core   0: exception trap_illegal_instruction, epc 0x0000000080004a08
core   0:           tval 0x000000003203be73
core   0: >>>>  $xrv64i2p1_m2p0_a2p1_f2p2_d2p2_zicsr2p0_zifencei2p0_zmmul1p0_zba1p0_zbb1p0_zbc1p0_zbs1p0
core   0: 0x0000000080004000 (0x0080006f) j       pc + 0x8
core   0: 3 0x0000000080004000 (0x0080006f)
core   0: >>>>  mmode_exception_handler
core   0: 0x0000000080004008 (0x00002c17) auipc   s8, 0x2
core   0: 3 0x0000000080004008 (0x00002c17) x24 0x0000000080006008
core   0: 0x000000008000400c (0x072c0c13) addi    s8, s8, 114
core   0: 3 0x000000008000400c (0x072c0c13) x24 0x000000008000607a
core   0: 0x0000000080004010 (0x000c00e7) jalr    s8
core   0: 3 0x0000000080004010 (0x000c00e7) x1  0x0000000080004014
core   0: >>>>  any_handler
core   0: 0x000000008000607a (0x341027f3) csrrs   a5, mepc, zero
core   0: 3 0x000000008000607a (0x341027f3) x15 0x0000000080004a08
core   0: 0x000000008000607e (0x34202773) csrrs   a4, mcause, zero
core   0: 3 0x000000008000607e (0x34202773) x14 0x0000000000000002
core   0: 0x0000000080006082 (0x142026f3) csrrs   a3, scause, zero
core   0: 3 0x0000000080006082 (0x142026f3) x13 0x0000000000000000
core   0: 0x0000000080006086 (0x30402673) csrrs   a2, mie, zero
core   0: 3 0x0000000080006086 (0x30402673) x12 0x0000000000000a00
core   0: 0x000000008000608a (0x344025f3) csrrs   a1, mip, zero
core   0: 3 0x000000008000608a (0x344025f3) x11 0x0000000000000080
core   0: 0x000000008000608e (0x343025f3) csrrs   a1, mtval, zero
core   0: 3 0x000000008000608e (0x343025f3) x11 0x000000003203be73
core   0: 0x0000000080006092 (0x14302573) csrrs   a0, stval, zero
core   0: 3 0x0000000080006092 (0x14302573) x10 0x0000000000000000
core   0: 0x0000000080006096 (0xb02024f3) csrrs   s1, minstret, zero
core   0: 3 0x0000000080006096 (0xb02024f3) x9  0x0000000000000b61
core   0: 0x000000008000609a (0x0000a811) c.j     pc + 20
core   0: 3 0x000000008000609a (0xa811)
core   0: >>>>  mepc_4
core   0: 0x00000000800060ae (0x00000791) c.addi  a5, 4
core   0: 3 0x00000000800060ae (0x0791) x15 0x0000000080004a0c
core   0: 0x00000000800060b0 (0x34179073) csrrw   zero, mepc, a5
core   0: 3 0x00000000800060b0 (0x34179073) c833_mepc 0x0000000080004a0c
core   0: 0x00000000800060b4 (0x30200073) mret
core   0: 3 0x00000000800060b4 (0x30200073) c768_mstatus 0x8000000a00106080
core   0: 0x0000000080004a0c (0xc20a7dd3) fcvt.w.d s11, fs4
core   0: 1 0x0000000080004a0c (0xc20a7dd3) c1_fflags 0x0000000000000011 x27 0xffffffff80000000
core   0: 0x0000000080004a10 (0x5b46f6cb) fnmsub.d fa3, fa3, fs4, fa1
core   0: 1 0x0000000080004a10 (0x5b46f6cb) f13 0x7ff8000000000000
core   0: 0x0000000080004a14 (0x4311d193) srai    gp, gp, 49
core   0: 1 0x0000000080004a14 (0x4311d193) x3  0xffffffffffffffff
core   0: 0x0000000080004a18 (0x0ab6f5d3) fsub.d  fa1, fa3, fa1
core   0: 1 0x0000000080004a18 (0x0ab6f5d3) f11 0x7ff8000000000000
core   0: 0x0000000080004a1c (0x2ac80653) fmin.d  fa2, fa6, fa2
core   0: 1 0x0000000080004a1c (0x2ac80653) f12 0x0000000080004014
core   0: 0x0000000080004a20 (0x415983bb) subw    t2, s3, s5
core   0: 1 0x0000000080004a20 (0x415983bb) x7  0xffffffffc48245ef
core   0: 0x0000000080004a24 (0x0ac6f0d3) fsub.d  ft1, fa3, fa2
core   0: 1 0x0000000080004a24 (0x0ac6f0d3) f1  0x7ff8000000000000
core   0: 0x0000000080004a28 (0x00785eb3) srl     t4, a6, t2
core   0: 1 0x0000000080004a28 (0x00785eb3) x29 0x0000000000000000
core   0: 0x0000000080004a2c (0x00000001) c.nop
core   0: 1 0x0000000080004a2c (0x0001)
core   0: 0x0000000080004a2e (0x03d15b3b) divuw   s6, sp, t4
core   0: 1 0x0000000080004a2e (0x03d15b3b) x22 0xffffffffffffffff
core   0: 0x0000000080004a32 (0x016841b3) xor     gp, a6, s6
core   0: 1 0x0000000080004a32 (0x016841b3) x3  0xffffffffc34c4fff
core   0: 0x0000000080004a36 (0x01bc8533) add     a0, s9, s11
core   0: 1 0x0000000080004a36 (0x01bc8533) x10 0xffffffff400024b4
core   0: 0x0000000080004a3a (0x00a190bb) sllw    ra, gp, a0
core   0: 1 0x0000000080004a3a (0x00a190bb) x1  0xfffffffffff00000
core   0: 0x0000000080004a3e (0xc20c72d3) fcvt.w.d t0, fs8
core   0: 1 0x0000000080004a3e (0xc20c72d3) c1_fflags 0x0000000000000011 x5  0x000000007fffffff
core   0: 0x0000000080004a42 (0x029c7cd3) fadd.d  fs9, fs8, fs1
core   0: 1 0x0000000080004a42 (0x029c7cd3) f25 0x425f60f3b3c80000
core   0: 0x0000000080004a46 (0x028b6633) rem     a2, s6, s0
core   0: 1 0x0000000080004a46 (0x028b6633) x12 0xffffffffffffffff
core   0: 0x0000000080004a4a (0x036554bb) divuw   s1, a0, s6
core   0: 1 0x0000000080004a4a (0x036554bb) x9  0x0000000000000000
core   0: 0x0000000080004a4e (0x0281623b) remw    tp, sp, s0
core   0: 1 0x0000000080004a4e (0x0281623b) x4  0xfffffffffffffb07
core   0: 0x0000000080004a52 (0x40c606b3) sub     a3, a2, a2
core   0: 1 0x0000000080004a52 (0x40c606b3) x13 0x0000000000000000
core   0: 0x0000000080004a56 (0xd20a82d3) fcvt.d.w ft5, s5
core   0: 1 0x0000000080004a56 (0xd20a82d3) f5  0x4131854c00000000
core   0: 0x0000000080004a5a (0x0000e9b3) or      s3, ra, zero
core   0: 1 0x0000000080004a5a (0x0000e9b3) x19 0xfffffffffff00000
core   0: 0x0000000080004a5e (0x00810033) add     zero, sp, s0
core   0: 1 0x0000000080004a5e (0x00810033)
core   0: 0x0000000080004a62 (0x00009296) c.add   t0, t0
core   0: 1 0x0000000080004a62 (0x9296) x5  0x00000000fffffffe
core   0: 0x0000000080004a64 (0x00000001) c.nop
core   0: 1 0x0000000080004a64 (0x0001)
core   0: 0x0000000080004a66 (0x002e4b33) xor     s6, t3, sp
core   0: 1 0x0000000080004a66 (0x002e4b33) x22 0xffffffffc00024b4
core   0: 0x0000000080004a6a (0xd0207fd3) fcvt.s.l ft11, zero
core   0: 1 0x0000000080004a6a (0xd0207fd3) f31 0xffffffff00000000
core   0: 0x0000000080004a6e (0x016b551b) srliw   a0, s6, 22
core   0: 1 0x0000000080004a6e (0x016b551b) x10 0x0000000000000300
core   0: 0x0000000080004a72 (0xc21474d3) fcvt.wu.d s1, fs0
core   0: 1 0x0000000080004a72 (0xc21474d3) x9  0xfffffffffd01a0e0
core   0: 0x0000000080004a76 (0x2a4f93d3) fmax.d  ft7, ft11, ft4
core   0: 1 0x0000000080004a76 (0x2a4f93d3) f7  0x7ff8000000000000
core   0: 0x0000000080004a7a (0xd20b0b53) fcvt.d.w fs6, s6
core   0: 1 0x0000000080004a7a (0xd20b0b53) f22 0xc1cfffeda6000000
core   0: 0x0000000080004a7e (0x00002c85) c.addiw s9, 1
core   0: 1 0x0000000080004a7e (0x2c85) x25 0xffffffffc00024b5
core   0: 0x0000000080004a80 (0x2af304d3) fmin.d  fs1, ft6, fa5
core   0: 1 0x0000000080004a80 (0x2af304d3) f9  0x0000000080004014
core   0: 0x0000000080004a84 (0xf9dc13b7) lui     t2, 0xf9dc1
core   0: 1 0x0000000080004a84 (0xf9dc13b7) x7  0xfffffffff9dc1000
core   0: 0x0000000080004a88 (0x4793839b) addiw   t2, t2, 1145
core   0: 1 0x0000000080004a88 (0x4793839b) x7  0xfffffffff9dc1479
core   0: 0x0000000080004a8c (0x000003b2) c.slli  t2, 12
core   0: 1 0x0000000080004a8c (0x03b2) x7  0xffffff9dc1479000
core   0: 0x0000000080004a8e (0xbbd38393) addi    t2, t2, -1091
core   0: 1 0x0000000080004a8e (0xbbd38393) x7  0xffffff9dc1478bbd
core   0: 0x0000000080004a92 (0x2b6b1453) fmax.d  fs0, fs6, fs6
core   0: 1 0x0000000080004a92 (0x2b6b1453) f8  0xc1cfffeda6000000
core   0: 0x0000000080004a96 (0xc22e7353) fcvt.l.d t1, ft8
core   0: 1 0x0000000080004a96 (0xc22e7353) x6  0x00000000b24141f2
core   0: 0x0000000080004a9a (0x01381e3b) sllw    t3, a6, s3
core   0: 1 0x0000000080004a9a (0x01381e3b) x28 0x000000003cb3b000
core   0: 0x0000000080004a9e (0x003b69b7) lui     s3, 0x3b6
core   0: 1 0x0000000080004a9e (0x003b69b7) x19 0x00000000003b6000
core   0: 0x0000000080004aa2 (0x0b39899b) addiw   s3, s3, 179
core   0: 1 0x0000000080004aa2 (0x0b39899b) x19 0x00000000003b60b3
core   0: 0x0000000080004aa6 (0x000009b2) c.slli  s3, 12
core   0: 1 0x0000000080004aa6 (0x09b2) x19 0x00000003b60b3000
core   0: 0x0000000080004aa8 (0xc6698993) addi    s3, s3, -922
core   0: 1 0x0000000080004aa8 (0xc6698993) x19 0x00000003b60b2c66
core   0: 0x0000000080004aac (0x00000001) c.nop
core   0: 1 0x0000000080004aac (0x0001)
core   0: 0x0000000080004aae (0x005e4d33) xor     s10, t3, t0
core   0: 1 0x0000000080004aae (0x005e4d33) x26 0x00000000c34c4ffe
core   0: 0x0000000080004ab2 (0x1b64f1cf) fnmadd.d ft3, fs1, fs6, ft3
core   0: 1 0x0000000080004ab2 (0x1b64f1cf) f3  0x7ff8000000000000
core   0: 0x0000000080004ab6 (0x00e595b3) sll     a1, a1, a4
core   0: 1 0x0000000080004ab6 (0x00e595b3) x11 0x00000000c80ef9cc
core   0: 0x0000000080004aba (0x40bc82bb) subw    t0, s9, a1
core   0: 1 0x0000000080004aba (0x40bc82bb) x5  0xfffffffff7f12ae9
core   0: 0x0000000080004abe (0x2a921a53) fmax.d  fs4, ft4, fs1
core   0: 1 0x0000000080004abe (0x2a921a53) f20 0x0000000080004014
core   0: 0x0000000080004ac2 (0x0305fc3b) remuw   s8, a1, a6
core   0: 1 0x0000000080004ac2 (0x0305fc3b) x24 0x0000000011f3e9cc
core   0: 0x0000000080004ac6 (0xc2347ed3) fcvt.lu.d t4, fs0
core   0: 1 0x0000000080004ac6 (0xc2347ed3) c1_fflags 0x0000000000000011 x29 0x0000000000000000
core   0: 0x0000000080004aca (0x018e95bb) sllw    a1, t4, s8
core   0: 1 0x0000000080004aca (0x018e95bb) x11 0x0000000000000000
core   0: 0x0000000080004ace (0x00bd8cbb) addw    s9, s11, a1
core   0: 1 0x0000000080004ace (0x00bd8cbb) x25 0xffffffff80000000
core   0: 0x0000000080004ad2 (0x01b3c1b3) xor     gp, t2, s11
core   0: 1 0x0000000080004ad2 (0x01b3c1b3) x3  0x0000006241478bbd
core   0: 0x0000000080004ad6 (0x000096b6) c.add   a3, a3
core   0: 1 0x0000000080004ad6 (0x96b6) x13 0x0000000000000000
core   0: 0x0000000080004ad8 (0xda3df643) fmadd.d fa2, fs11, ft3, fs11
core   0: 1 0x0000000080004ad8 (0xda3df643) f12 0x7ff8000000000000
core   0: 0x0000000080004adc (0xd023f953) fcvt.s.l fs2, t2
core   0: 1 0x0000000080004adc (0xd023f953) c1_fflags 0x0000000000000011 f18 0xffffffffd2c47d71
core   0: 0x0000000080004ae0 (0xd21507d3) fcvt.d.wu fa5, a0
core   0: 1 0x0000000080004ae0 (0xd21507d3) f15 0x4088000000000000
core   0: 0x0000000080004ae4 (0x2ae68d93) addi    s11, a3, 686
core   0: 1 0x0000000080004ae4 (0x2ae68d93) x27 0x00000000000002ae
core   0: 0x0000000080004ae8 (0x40175693) srai    a3, a4, 1
core   0: 1 0x0000000080004ae8 (0x40175693) x13 0x0000000000000001
core   0: 0x0000000080004aec (0x01d11613) slli    a2, sp, 29
core   0: 1 0x0000000080004aec (0x01d11613) x12 0xf800049680000000
core   0: 0x0000000080004af0 (0x002b5b3b) srlw    s6, s6, sp
core   0: 1 0x0000000080004af0 (0x002b5b3b) x22 0x0000000000000c00
core   0: 0x0000000080004af4 (0xe20e08d3) fmv.x.d a7, ft8
core   0: 1 0x0000000080004af4 (0xe20e08d3) x17 0x41e648283e400000
core   0: 0x0000000080004af8 (0x035b9d33) mulh    s10, s7, s5
core   0: 1 0x0000000080004af8 (0x035b9d33) x26 0x0000000000000000
core   0: 0x0000000080004afc (0x01a5853b) addw    a0, a1, s10
core   0: 1 0x0000000080004afc (0x01a5853b) x10 0x0000000000000000
core   0: 0x0000000080004b00 (0xc027fed3) fcvt.l.s t4, fa5
core   0: 1 0x0000000080004b00 (0xc027fed3) c1_fflags 0x0000000000000011 x29 0x7fffffffffffffff
core   0: 0x0000000080004b04 (0x879502b7) lui     t0, 0x87950
core   0: 1 0x0000000080004b04 (0x879502b7) x5  0xffffffff87950000
core   0: 0x0000000080004b08 (0x01d2d5bb) srlw    a1, t0, t4
core   0: 1 0x0000000080004b08 (0x01d2d5bb) x11 0x0000000000000001
core   0: 0x0000000080004b0c (0xc805d873) csrrwi  a6, cycleh, 11
core   0: exception trap_illegal_instruction, epc 0x0000000080004b0c
core   0:           tval 0x00000000c805d873
core   0: >>>>  $xrv64i2p1_m2p0_a2p1_f2p2_d2p2_zicsr2p0_zifencei2p0_zmmul1p0_zba1p0_zbb1p0_zbc1p0_zbs1p0
core   0: 0x0000000080004000 (0x0080006f) j       pc + 0x8
core   0: 3 0x0000000080004000 (0x0080006f)
core   0: >>>>  mmode_exception_handler
core   0: 0x0000000080004008 (0x00002c17) auipc   s8, 0x2
core   0: 3 0x0000000080004008 (0x00002c17) x24 0x0000000080006008
core   0: 0x000000008000400c (0x072c0c13) addi    s8, s8, 114
core   0: 3 0x000000008000400c (0x072c0c13) x24 0x000000008000607a
core   0: 0x0000000080004010 (0x000c00e7) jalr    s8
core   0: 3 0x0000000080004010 (0x000c00e7) x1  0x0000000080004014
core   0: >>>>  any_handler
core   0: 0x000000008000607a (0x341027f3) csrrs   a5, mepc, zero
core   0: 3 0x000000008000607a (0x341027f3) x15 0x0000000080004b0c
core   0: 0x000000008000607e (0x34202773) csrrs   a4, mcause, zero
core   0: 3 0x000000008000607e (0x34202773) x14 0x0000000000000002
core   0: 0x0000000080006082 (0x142026f3) csrrs   a3, scause, zero
core   0: 3 0x0000000080006082 (0x142026f3) x13 0x0000000000000000
core   0: 0x0000000080006086 (0x30402673) csrrs   a2, mie, zero
core   0: 3 0x0000000080006086 (0x30402673) x12 0x0000000000000a00
core   0: 0x000000008000608a (0x344025f3) csrrs   a1, mip, zero
core   0: 3 0x000000008000608a (0x344025f3) x11 0x0000000000000080
core   0: 0x000000008000608e (0x343025f3) csrrs   a1, mtval, zero
core   0: 3 0x000000008000608e (0x343025f3) x11 0x00000000c805d873
core   0: 0x0000000080006092 (0x14302573) csrrs   a0, stval, zero
core   0: 3 0x0000000080006092 (0x14302573) x10 0x0000000000000000
core   0: 0x0000000080006096 (0xb02024f3) csrrs   s1, minstret, zero
core   0: 3 0x0000000080006096 (0xb02024f3) x9  0x0000000000000bb5
core   0: 0x000000008000609a (0x0000a811) c.j     pc + 20
core   0: 3 0x000000008000609a (0xa811)
core   0: >>>>  mepc_4
core   0: 0x00000000800060ae (0x00000791) c.addi  a5, 4
core   0: 3 0x00000000800060ae (0x0791) x15 0x0000000080004b10
core   0: 0x00000000800060b0 (0x34179073) csrrw   zero, mepc, a5
core   0: 3 0x00000000800060b0 (0x34179073) c833_mepc 0x0000000080004b10
core   0: 0x00000000800060b4 (0x30200073) mret
core   0: 3 0x00000000800060b4 (0x30200073) c768_mstatus 0x8000000a00106080
core   0: 0x0000000080004b10 (0xf24f774b) fnmsub.d fa4, ft10, ft4, ft10
core   0: 1 0x0000000080004b10 (0xf24f774b) f14 0x7ff8000000000000
core   0: 0x0000000080004b14 (0x00ad853b) addw    a0, s11, a0
core   0: 1 0x0000000080004b14 (0x00ad853b) x10 0x00000000000002ae
core   0: 0x0000000080004b18 (0x31a193f3) csrrw   t2, menvcfgh, gp
core   0: exception trap_illegal_instruction, epc 0x0000000080004b18
core   0:           tval 0x0000000031a193f3
core   0: >>>>  $xrv64i2p1_m2p0_a2p1_f2p2_d2p2_zicsr2p0_zifencei2p0_zmmul1p0_zba1p0_zbb1p0_zbc1p0_zbs1p0
core   0: 0x0000000080004000 (0x0080006f) j       pc + 0x8
core   0: 3 0x0000000080004000 (0x0080006f)
core   0: >>>>  mmode_exception_handler
core   0: 0x0000000080004008 (0x00002c17) auipc   s8, 0x2
core   0: 3 0x0000000080004008 (0x00002c17) x24 0x0000000080006008
core   0: 0x000000008000400c (0x072c0c13) addi    s8, s8, 114
core   0: 3 0x000000008000400c (0x072c0c13) x24 0x000000008000607a
core   0: 0x0000000080004010 (0x000c00e7) jalr    s8
core   0: 3 0x0000000080004010 (0x000c00e7) x1  0x0000000080004014
core   0: >>>>  any_handler
core   0: 0x000000008000607a (0x341027f3) csrrs   a5, mepc, zero
core   0: 3 0x000000008000607a (0x341027f3) x15 0x0000000080004b18
core   0: 0x000000008000607e (0x34202773) csrrs   a4, mcause, zero
core   0: 3 0x000000008000607e (0x34202773) x14 0x0000000000000002
core   0: 0x0000000080006082 (0x142026f3) csrrs   a3, scause, zero
core   0: 3 0x0000000080006082 (0x142026f3) x13 0x0000000000000000
core   0: 0x0000000080006086 (0x30402673) csrrs   a2, mie, zero
core   0: 3 0x0000000080006086 (0x30402673) x12 0x0000000000000a00
core   0: 0x000000008000608a (0x344025f3) csrrs   a1, mip, zero
core   0: 3 0x000000008000608a (0x344025f3) x11 0x0000000000000080
core   0: 0x000000008000608e (0x343025f3) csrrs   a1, mtval, zero
core   0: 3 0x000000008000608e (0x343025f3) x11 0x0000000031a193f3
core   0: 0x0000000080006092 (0x14302573) csrrs   a0, stval, zero
core   0: 3 0x0000000080006092 (0x14302573) x10 0x0000000000000000
core   0: 0x0000000080006096 (0xb02024f3) csrrs   s1, minstret, zero
core   0: 3 0x0000000080006096 (0xb02024f3) x9  0x0000000000000bc7
core   0: 0x000000008000609a (0x0000a811) c.j     pc + 20
core   0: 3 0x000000008000609a (0xa811)
core   0: >>>>  mepc_4
core   0: 0x00000000800060ae (0x00000791) c.addi  a5, 4
core   0: 3 0x00000000800060ae (0x0791) x15 0x0000000080004b1c
core   0: 0x00000000800060b0 (0x34179073) csrrw   zero, mepc, a5
core   0: 3 0x00000000800060b0 (0x34179073) c833_mepc 0x0000000080004b1c
core   0: 0x00000000800060b4 (0x30200073) mret
core   0: 3 0x00000000800060b4 (0x30200073) c768_mstatus 0x8000000a00106080
core   0: 0x0000000080004b1c (0xd0327e53) fcvt.s.lu ft8, tp
core   0: 1 0x0000000080004b1c (0xd0327e53) c1_fflags 0x0000000000000011 f28 0xffffffff5f800000
core   0: 0x0000000080004b20 (0xf20184d3) fmv.d.x fs1, gp
core   0: 1 0x0000000080004b20 (0xf20184d3) f9  0x0000006241478bbd
core   0: 0x0000000080004b24 (0x0224f453) fadd.d  fs0, fs1, ft2
core   0: 1 0x0000000080004b24 (0x0224f453) c1_fflags 0x0000000000000011 f8  0xc3cd5d28759c8000
core   0: 0x0000000080004b28 (0x6bad79c7) fmsub.d fs3, fs10, fs10, fa3
core   0: 1 0x0000000080004b28 (0x6bad79c7) f19 0x7ff8000000000000
core   0: 0x0000000080004b2c (0x9b34f4c7) fmsub.d fs1, fs1, fs3, fs3
core   0: 1 0x0000000080004b2c (0x9b34f4c7) f9  0x7ff8000000000000
core   0: 0x0000000080004b30 (0x0079f9b3) and     s3, s3, t2
core   0: 1 0x0000000080004b30 (0x0079f9b3) x19 0x0000000180030824
core   0: 0x0000000080004b34 (0xd20786d3) fcvt.d.w fa3, a5
core   0: 1 0x0000000080004b34 (0xd20786d3) f13 0xc1dfffed39000000
core   0: 0x0000000080004b38 (0x0013d813) srli    a6, t2, 1
core   0: 1 0x0000000080004b38 (0x0013d813) x16 0x7fffffcee0a3c5de
core   0: 0x0000000080004b3c (0x02f98eb3) mul     t4, s3, a5
core   0: 1 0x0000000080004b3c (0x02f98eb3) x29 0xc001f4bce3b76ff0
core   0: 0x0000000080004b40 (0xc029f0d3) fcvt.l.s ra, fs3
core   0: 1 0x0000000080004b40 (0xc029f0d3) c1_fflags 0x0000000000000011 x1  0x7fffffffffffffff
core   0: 0x0000000080004b44 (0x01f29c1b) slliw   s8, t0, 31
core   0: 1 0x0000000080004b44 (0x01f29c1b) x24 0x0000000000000000
core   0: 0x0000000080004b48 (0x00f1919b) slliw   gp, gp, 15
core   0: 1 0x0000000080004b48 (0x00f1919b) x3  0xffffffffc5de8000
core   0: 0x0000000080004b4c (0x6bb4744f) fnmadd.d fs0, fs0, fs11, fa3
core   0: 1 0x0000000080004b4c (0x6bb4744f) f8  0x41dfffed39000000
core   0: 0x0000000080004b50 (0x400c5e9b) sraiw   t4, s8, 0
core   0: 1 0x0000000080004b50 (0x400c5e9b) x29 0x0000000000000000
core   0: 0x0000000080004b54 (0x003ed2b3) srl     t0, t4, gp
core   0: 1 0x0000000080004b54 (0x003ed2b3) x5  0x0000000000000000
core   0: 0x0000000080004b58 (0x2a0b0b53) fmin.d  fs6, fs6, ft0
core   0: 1 0x0000000080004b58 (0x2a0b0b53) f22 0xc1cfffeda6000000
core   0: 0x0000000080004b5c (0xba247c43) fmadd.d fs8, fs0, ft2, fs7
core   0: 1 0x0000000080004b5c (0xba247c43) f24 0x7ff0000000000000
core   0: 0x0000000080004b60 (0x03b5e5b3) rem     a1, a1, s11
core   0: 1 0x0000000080004b60 (0x03b5e5b3) x11 0x00000000000001d3
core   0: 0x0000000080004b64 (0x5a0bf353) fsqrt.d ft6, fs7
core   0: 1 0x0000000080004b64 (0x5a0bf353) f6  0x7ff0000000000000
core   0: 0x0000000080004b68 (0x0395debb) divuw   t4, a1, s9
core   0: 1 0x0000000080004b68 (0x0395debb) x29 0x0000000000000000
core   0: 0x0000000080004b6c (0xeb75fe93) andi    t4, a1, -329
core   0: 1 0x0000000080004b6c (0xeb75fe93) x29 0x0000000000000093
core   0: 0x0000000080004b70 (0xc3bc7147) fmsub.d ft2, fs8, fs11, fs8
core   0: 1 0x0000000080004b70 (0xc3bc7147) c1_fflags 0x0000000000000011 f2  0x7ff8000000000000
core   0: 0x0000000080004b74 (0xf2058753) fmv.d.x fa4, a1
core   0: 1 0x0000000080004b74 (0xf2058753) f14 0x00000000000001d3
core   0: 0x0000000080004b78 (0x00131173) csrrw   sp, fflags, t1
core   0: 1 0x0000000080004b78 (0x00131173) x2  0x0000000000000011 c1_fflags 0x0000000000000012
core   0: 0x0000000080004b7c (0x402181bb) subw    gp, gp, sp
core   0: 1 0x0000000080004b7c (0x402181bb) x3  0xffffffffc5de7fef
core   0: 0x0000000080004b80 (0x00000001) c.nop
core   0: 1 0x0000000080004b80 (0x0001)
core   0: 0x0000000080004b82 (0x03fd9213) slli    tp, s11, 63
core   0: 1 0x0000000080004b82 (0x03fd9213) x4  0x0000000000000000
core   0: 0x0000000080004b86 (0x407a53bb) sraw    t2, s4, t2
core   0: 1 0x0000000080004b86 (0x407a53bb) x7  0x0000000000000000
core   0: 0x0000000080004b8a (0x02ea3a33) mulhu   s4, s4, a4
core   0: 1 0x0000000080004b8a (0x02ea3a33) x20 0x0000000000000000
core   0: 0x0000000080004b8e (0x01c3a2b3) slt     t0, t2, t3
core   0: 1 0x0000000080004b8e (0x01c3a2b3) x5  0x0000000000000001
core   0: 0x0000000080004b92 (0x01dd5c93) srli    s9, s10, 29
core   0: 1 0x0000000080004b92 (0x01dd5c93) x25 0x0000000000000000
core   0: 0x0000000080004b96 (0x136b7ed3) fmul.d  ft9, fs6, fs6
core   0: 1 0x0000000080004b96 (0x136b7ed3) c1_fflags 0x0000000000000013 f29 0x43afffdb4c0a863d
core   0: 0x0000000080004b9a (0x000cc5b3) xor     a1, s9, zero
core   0: 1 0x0000000080004b9a (0x000cc5b3) x11 0x0000000000000000
core   0: 0x0000000080004b9e (0x224b1e53) fsgnjn.d ft8, fs6, ft4
core   0: 1 0x0000000080004b9e (0x224b1e53) f28 0xc1cfffeda6000000
core   0: 0x0000000080004ba2 (0xfffd889b) addiw   a7, s11, -1
core   0: 1 0x0000000080004ba2 (0xfffd889b) x17 0x00000000000002ad
core   0: 0x0000000080004ba6 (0xdbe27c4f) fnmadd.d fs8, ft4, ft10, fs11
core   0: 1 0x0000000080004ba6 (0xdbe27c4f) f24 0x7ff8000000000000
core   0: 0x0000000080004baa (0x227c0153) fsgnj.d ft2, fs8, ft7
core   0: 1 0x0000000080004baa (0x227c0153) f2  0x7ff8000000000000
core   0: 0x0000000080004bae (0x00c84c33) xor     s8, a6, a2
core   0: 1 0x0000000080004bae (0x00c84c33) x24 0x7fffffcee0a3cfde
core   0: 0x0000000080004bb2 (0xc233f453) fcvt.lu.d s0, ft7
core   0: 1 0x0000000080004bb2 (0xc233f453) c1_fflags 0x0000000000000013 x8  0xffffffffffffffff
core   0: 0x0000000080004bb6 (0x0255f5bb) remuw   a1, a1, t0
core   0: 1 0x0000000080004bb6 (0x0255f5bb) x11 0x0000000000000000
core   0: 0x0000000080004bba (0x00bb19b3) sll     s3, s6, a1
core   0: 1 0x0000000080004bba (0x00bb19b3) x19 0x0000000000000c00
core   0: 0x0000000080004bbe (0x039e46b3) div     a3, t3, s9
core   0: 1 0x0000000080004bbe (0x039e46b3) x13 0xffffffffffffffff
core   0: 0x0000000080004bc2 (0x013cd73b) srlw    a4, s9, s3
core   0: 1 0x0000000080004bc2 (0x013cd73b) x14 0x0000000000000000
core   0: 0x0000000080004bc6 (0x868ad037) lui     zero, 0x868ad
core   0: 1 0x0000000080004bc6 (0x868ad037)
core   0: 0x0000000080004bca (0x401574d3) fcvt.s.d fs1, fa0
core   0: 1 0x0000000080004bca (0x401574d3) c1_fflags 0x0000000000000013 f9  0xffffffffd2f90d9a
core   0: 0x0000000080004bce (0xbf68c893) xori    a7, a7, -1034
core   0: 1 0x0000000080004bce (0xbf68c893) x17 0xfffffffffffff95b
core   0: 0x0000000080004bd2 (0x10a9fb17) auipc   s6, 0x10a9f
core   0: 1 0x0000000080004bd2 (0x10a9fb17) x22 0x0000000090aa3bd2
core   0: 0x0000000080004bd6 (0x43f15293) srai    t0, sp, 63
core   0: 1 0x0000000080004bd6 (0x43f15293) x5  0x0000000000000000
core   0: 0x0000000080004bda (0x7ff6c313) xori    t1, a3, 2047
core   0: 1 0x0000000080004bda (0x7ff6c313) x6  0xfffffffffffff800
core   0: 0x0000000080004bde (0x02057053) fadd.d  ft0, fa0, ft0
core   0: 1 0x0000000080004bde (0x02057053) f0  0xc25f21b34b900000
core   0: 0x0000000080004be2 (0x401c7e53) fcvt.s.d ft8, fs8
core   0: 1 0x0000000080004be2 (0x401c7e53) f28 0xffffffff7fc00000
core   0: 0x0000000080004be6 (0x329e79cf) fnmadd.d fs3, ft8, fs1, ft6
core   0: 1 0x0000000080004be6 (0x329e79cf) f19 0x7ff8000000000000
core   0: 0x0000000080004bea (0x0266613b) remw    sp, a2, t1
core   0: 1 0x0000000080004bea (0x0266613b) x2  0x0000000000000200
core   0: 0x0000000080004bee (0x401c56bb) sraw    a3, s8, ra
core   0: 1 0x0000000080004bee (0x401c56bb) x13 0xffffffffffffffff
core   0: 0x0000000080004bf2 (0xe2098e53) fmv.x.d t3, fs3
core   0: 1 0x0000000080004bf2 (0xe2098e53) x28 0x7ff8000000000000
core   0: 0x0000000080004bf6 (0x50e8e393) ori     t2, a7, 1294
core   0: 1 0x0000000080004bf6 (0x50e8e393) x7  0xfffffffffffffd5f
core   0: 0x0000000080004bfa (0x00011c9b) slliw   s9, sp, 0
core   0: 1 0x0000000080004bfa (0x00011c9b) x25 0x0000000000000200
core   0: 0x0000000080004bfe (0xd032f0d3) fcvt.s.lu ft1, t0
core   0: 1 0x0000000080004bfe (0xd032f0d3) f1  0xffffffff00000000
core   0: 0x0000000080004c02 (0x41325793) srai    a5, tp, 19
core   0: 1 0x0000000080004c02 (0x41325793) x15 0x0000000000000000
core   0: 0x0000000080004c06 (0x00fa073b) addw    a4, s4, a5
core   0: 1 0x0000000080004c06 (0x00fa073b) x14 0x0000000000000000
core   0: 0x0000000080004c0a (0x00fc1c33) sll     s8, s8, a5
core   0: 1 0x0000000080004c0a (0x00fc1c33) x24 0x7fffffcee0a3cfde
core   0: 0x0000000080004c0e (0x2af6a4b7) lui     s1, 0x2af6a
core   0: 1 0x0000000080004c0e (0x2af6a4b7) x9  0x000000002af6a000
core   0: 0x0000000080004c12 (0x321dfdcb) fnmsub.d fs11, fs11, ft1, ft6
core   0: 1 0x0000000080004c12 (0x321dfdcb) f27 0x7ff8000000000000
core   0: 0x0000000080004c16 (0x03097833) remu    a6, s2, a6
core   0: 1 0x0000000080004c16 (0x03097833) x16 0x0000006232b87444
core   0: 0x0000000080004c1a (0x02a542b3) div     t0, a0, a0
core   0: 1 0x0000000080004c1a (0x02a542b3) x5  0xffffffffffffffff
core   0: 0x0000000080004c1e (0x010d983b) sllw    a6, s11, a6
core   0: 1 0x0000000080004c1e (0x010d983b) x16 0x0000000000002ae0
core   0: 0x0000000080004c22 (0x0000961e) c.add   a2, t2
core   0: 1 0x0000000080004c22 (0x961e) x12 0x000000000000075f
core   0: 0x0000000080004c24 (0x022e6cb3) rem     s9, t3, sp
core   0: 1 0x0000000080004c24 (0x022e6cb3) x25 0x0000000000000000
core   0: 0x0000000080004c28 (0xd21e0d53) fcvt.d.wu fs10, t3
core   0: 1 0x0000000080004c28 (0xd21e0d53) f26 0x0000000000000000
core   0: 0x0000000080004c2c (0x000d869b) sext.w  a3, s11
core   0: 1 0x0000000080004c2c (0x000d869b) x13 0x00000000000002ae
core   0: 0x0000000080004c30 (0x42098b53) fcvt.d.s fs6, fs3
core   0: 1 0x0000000080004c30 (0x42098b53) f22 0x7ff8000000000000
core   0: 0x0000000080004c34 (0x0094dc3b) srlw    s8, s1, s1
core   0: 1 0x0000000080004c34 (0x0094dc3b) x24 0x000000002af6a000
core   0: 0x0000000080004c38 (0x01f1919b) slliw   gp, gp, 31
core   0: 1 0x0000000080004c38 (0x01f1919b) x3  0xffffffff80000000
core   0: 0x0000000080004c3c (0x0213e3bb) remw    t2, t2, ra
core   0: 1 0x0000000080004c3c (0x0213e3bb) x7  0x0000000000000000
core   0: 0x0000000080004c40 (0x22b112d3) fsgnjn.d ft5, ft2, fa1
core   0: 1 0x0000000080004c40 (0x22b112d3) f5  0xfff8000000000000
core   0: 0x0000000080004c44 (0x0036161b) slliw   a2, a2, 3
core   0: 1 0x0000000080004c44 (0x0036161b) x12 0x0000000000003af8
core   0: 0x0000000080004c48 (0x00000001) c.nop
core   0: 1 0x0000000080004c48 (0x0001)
core   0: 0x0000000080004c4a (0x0279d93b) divuw   s2, s3, t2
core   0: 1 0x0000000080004c4a (0x0279d93b) x18 0xffffffffffffffff
core   0: 0x0000000080004c4e (0x40265b3b) sraw    s6, a2, sp
core   0: 1 0x0000000080004c4e (0x40265b3b) x22 0x0000000000003af8
core   0: 0x0000000080004c52 (0x02aec4b3) div     s1, t4, a0
core   0: 1 0x0000000080004c52 (0x02aec4b3) x9  0xffffffffffffffff
core   0: 0x0000000080004c56 (0xab200793) li      a5, -1358
core   0: 1 0x0000000080004c56 (0xab200793) x15 0xfffffffffffffab2
core   0: 0x0000000080004c5a (0x4091513b) sraw    sp, sp, s1
core   0: 1 0x0000000080004c5a (0x4091513b) x2  0x0000000000000000
core   0: 0x0000000080004c5e (0x00035613) srli    a2, t1, 0
core   0: 1 0x0000000080004c5e (0x00035613) x12 0xfffffffffffff800
core   0: 0x0000000080004c62 (0x01f8181b) slliw   a6, a6, 31
core   0: 1 0x0000000080004c62 (0x01f8181b) x16 0x0000000000000000
core   0: 0x0000000080004c66 (0x014613b3) sll     t2, a2, s4
core   0: 1 0x0000000080004c66 (0x014613b3) x7  0xfffffffffffff800
core   0: 0x0000000080004c6a (0xe20284d3) fmv.x.d s1, ft5
core   0: 1 0x0000000080004c6a (0xe20284d3) x9  0xfff8000000000000
core   0: 0x0000000080004c6e (0x42010253) fcvt.d.s ft4, ft2
core   0: 1 0x0000000080004c6e (0x42010253) f4  0x7ff8000000000000
core   0: 0x0000000080004c72 (0x02238a3b) mulw    s4, t2, sp
core   0: 1 0x0000000080004c72 (0x02238a3b) x20 0x0000000000000000
core   0: 0x0000000080004c76 (0x00000001) c.nop
core   0: 1 0x0000000080004c76 (0x0001)
core   0: 0x0000000080004c78 (0x4000de13) srai    t3, ra, 0
core   0: 1 0x0000000080004c78 (0x4000de13) x28 0x7fffffffffffffff
core   0: 0x0000000080004c7c (0x245e6b13) ori     s6, t3, 581
core   0: 1 0x0000000080004c7c (0x245e6b13) x22 0x7fffffffffffffff
core   0: 0x0000000080004c80 (0x401cffd3) fcvt.s.d ft11, fs9
core   0: 1 0x0000000080004c80 (0x401cffd3) c1_fflags 0x0000000000000013 f31 0xffffffff52fb079e
core   0: 0x0000000080004c84 (0x4019591b) sraiw   s2, s2, 1
core   0: 1 0x0000000080004c84 (0x4019591b) x18 0xffffffffffffffff
core   0: 0x0000000080004c88 (0xc02574d3) fcvt.l.s s1, fa0
core   0: 1 0x0000000080004c88 (0xc02574d3) c1_fflags 0x0000000000000013 x9  0x7fffffffffffffff
core   0: 0x0000000080004c8c (0xc20a7553) fcvt.w.d a0, fs4
core   0: 1 0x0000000080004c8c (0xc20a7553) c1_fflags 0x0000000000000013 x10 0x0000000000000000
core   0: 0x0000000080004c90 (0x40c688bb) subw    a7, a3, a2
core   0: 1 0x0000000080004c90 (0x40c688bb) x17 0x0000000000000aae
core   0: 0x0000000080004c94 (0x02d09bb3) mulh    s7, ra, a3
core   0: 1 0x0000000080004c94 (0x02d09bb3) x23 0x0000000000000156
core   0: 0x0000000080004c98 (0x236b9753) fsgnjn.d fa4, fs7, fs6
core   0: 1 0x0000000080004c98 (0x236b9753) f14 0xfff0000000000000
core   0: 0x0000000080004c9c (0x0288c433) div     s0, a7, s0
core   0: 1 0x0000000080004c9c (0x0288c433) x8  0xfffffffffffff552
core   0: 0x0000000080004ca0 (0x0014551b) srliw   a0, s0, 1
core   0: 1 0x0000000080004ca0 (0x0014551b) x10 0x000000007ffffaa9
core   0: 0x0000000080004ca4 (0x0001c613) xori    a2, gp, 0
core   0: 1 0x0000000080004ca4 (0x0001c613) x12 0xffffffff80000000
core   0: 0x0000000080004ca8 (0x0ff0000f) fence   iorw,iorw
core   0: 1 0x0000000080004ca8 (0x0ff0000f)
core   0: 0x0000000080004cac (0x4028d013) srai    zero, a7, 2
core   0: 1 0x0000000080004cac (0x4028d013)
core   0: 0x0000000080004cb0 (0x0208db3b) divuw   s6, a7, zero
core   0: 1 0x0000000080004cb0 (0x0208db3b) x22 0xffffffffffffffff
core   0: 0x0000000080004cb4 (0xc23bf153) fcvt.lu.d sp, fs7
core   0: 1 0x0000000080004cb4 (0xc23bf153) c1_fflags 0x0000000000000013 x2  0xffffffffffffffff
core   0: 0x0000000080004cb8 (0x0161f1b3) and     gp, gp, s6
core   0: 1 0x0000000080004cb8 (0x0161f1b3) x3  0xffffffff80000000
core   0: 0x0000000080004cbc (0xc0277553) fcvt.l.s a0, fa4
core   0: 1 0x0000000080004cbc (0xc0277553) c1_fflags 0x0000000000000013 x10 0x7fffffffffffffff
core   0: 0x0000000080004cc0 (0x41e7589b) sraiw   a7, a4, 30
core   0: 1 0x0000000080004cc0 (0x41e7589b) x17 0x0000000000000000
core   0: 0x0000000080004cc4 (0x00009256) c.add   tp, s5
core   0: 1 0x0000000080004cc4 (0x9256) x4  0x000000000011854c
core   0: 0x0000000080004cc6 (0xd2180153) fcvt.d.wu ft2, a6
core   0: 1 0x0000000080004cc6 (0xd2180153) f2  0x0000000000000000
core   0: 0x0000000080004cca (0x00000001) c.nop
core   0: 1 0x0000000080004cca (0x0001)
core   0: 0x0000000080004ccc (0xfefea7b7) lui     a5, 0xfefea
core   0: 1 0x0000000080004ccc (0xfefea7b7) x15 0xfffffffffefea000
core   0: 0x0000000080004cd0 (0xe6f7879b) addiw   a5, a5, -401
core   0: 1 0x0000000080004cd0 (0xe6f7879b) x15 0xfffffffffefe9e6f
core   0: 0x0000000080004cd4 (0x000007ba) c.slli  a5, 14
core   0: 1 0x0000000080004cd4 (0x07ba) x15 0xffffffbfa79bc000
core   0: 0x0000000080004cd6 (0x8e678793) addi    a5, a5, -1818
core   0: 1 0x0000000080004cd6 (0x8e678793) x15 0xffffffbfa79bb8e6
core   0: 0x0000000080004cda (0x0217813b) mulw    sp, a5, ra
core   0: 1 0x0000000080004cda (0x0217813b) x2  0x000000005864471a
core   0: 0x0000000080004cde (0x02353533) mulhu   a0, a0, gp
core   0: 1 0x0000000080004cde (0x02353533) x10 0x7fffffffbfffffff
core   0: 0x0000000080004ce2 (0x22a99553) fsgnjn.d fa0, fs3, fa0
core   0: 1 0x0000000080004ce2 (0x22a99553) f10 0x7ff8000000000000
core   0: 0x0000000080004ce6 (0x00b595bb) sllw    a1, a1, a1
core   0: 1 0x0000000080004ce6 (0x00b595bb) x11 0x0000000000000000
core   0: 0x0000000080004cea (0xfff58213) addi    tp, a1, -1
core   0: 1 0x0000000080004cea (0xfff58213) x4  0xffffffffffffffff
core   0: 0x0000000080004cee (0xd232f4d3) fcvt.d.lu fs1, t0
core   0: 1 0x0000000080004cee (0xd232f4d3) c1_fflags 0x0000000000000013 f9  0x43f0000000000000
core   0: 0x0000000080004cf2 (0x02a23633) mulhu   a2, tp, a0
core   0: 1 0x0000000080004cf2 (0x02a23633) x12 0x7fffffffbffffffe
core   0: 0x0000000080004cf6 (0x0ff0000f) fence   iorw,iorw
core   0: 1 0x0000000080004cf6 (0x0ff0000f)
core   0: 0x0000000080004cfa (0x23ee9e53) fsgnjn.d ft8, ft9, ft10
core   0: 1 0x0000000080004cfa (0x23ee9e53) f28 0x43afffdb4c0a863d
core   0: 0x0000000080004cfe (0x01c45e33) srl     t3, s0, t3
core   0: 1 0x0000000080004cfe (0x01c45e33) x28 0x0000000000000001
core   0: 0x0000000080004d02 (0xaebaed93) ori     s11, s5, -1301
core   0: 1 0x0000000080004d02 (0xaebaed93) x27 0xffffffffffffffef
core   0: 0x0000000080004d06 (0x019186bb) addw    a3, gp, s9
core   0: 1 0x0000000080004d06 (0x019186bb) x13 0xffffffff80000000
core   0: 0x0000000080004d0a (0x01fc119b) slliw   gp, s8, 31
core   0: 1 0x0000000080004d0a (0x01fc119b) x3  0x0000000000000000
core   0: 0x0000000080004d0e (0x02924cbb) divw    s9, tp, s1
core   0: 1 0x0000000080004d0e (0x02924cbb) x25 0x0000000000000001
core   0: 0x0000000080004d12 (0x9523e4b7) lui     s1, 0x9523e
core   0: 1 0x0000000080004d12 (0x9523e4b7) x9  0xffffffff9523e000
core   0: 0x0000000080004d16 (0x00d4c133) xor     sp, s1, a3
core   0: 1 0x0000000080004d16 (0x00d4c133) x2  0x000000001523e000
core   0: 0x0000000080004d1a (0x00249433) sll     s0, s1, sp
core   0: 1 0x0000000080004d1a (0x00249433) x8  0xffffffff9523e000
core   0: 0x0000000080004d1e (0x410a5d93) srai    s11, s4, 16
core   0: 1 0x0000000080004d1e (0x410a5d93) x27 0x0000000000000000
core   0: 0x0000000080004d22 (0x00139173) csrrw   sp, fflags, t2
core   0: 1 0x0000000080004d22 (0x00139173) x2  0x0000000000000013 c1_fflags 0x0000000000000000
core   0: 0x0000000080004d26 (0x1ba6f6d3) fdiv.d  fa3, fa3, fs10
core   0: 1 0x0000000080004d26 (0x1ba6f6d3) c1_fflags 0x0000000000000008 f13 0xfff0000000000000
core   0: 0x0000000080004d2a (0xd2317d53) fcvt.d.lu fs10, sp
core   0: 1 0x0000000080004d2a (0xd2317d53) f26 0x4033000000000000
core   0: 0x0000000080004d2e (0xf11656f3) csrrwi  a3, mvendorid, 12
core   0: exception trap_illegal_instruction, epc 0x0000000080004d2e
core   0:           tval 0x00000000f11656f3
core   0: >>>>  $xrv64i2p1_m2p0_a2p1_f2p2_d2p2_zicsr2p0_zifencei2p0_zmmul1p0_zba1p0_zbb1p0_zbc1p0_zbs1p0
core   0: 0x0000000080004000 (0x0080006f) j       pc + 0x8
core   0: 3 0x0000000080004000 (0x0080006f)
core   0: >>>>  mmode_exception_handler
core   0: 0x0000000080004008 (0x00002c17) auipc   s8, 0x2
core   0: 3 0x0000000080004008 (0x00002c17) x24 0x0000000080006008
core   0: 0x000000008000400c (0x072c0c13) addi    s8, s8, 114
core   0: 3 0x000000008000400c (0x072c0c13) x24 0x000000008000607a
core   0: 0x0000000080004010 (0x000c00e7) jalr    s8
core   0: 3 0x0000000080004010 (0x000c00e7) x1  0x0000000080004014
core   0: >>>>  any_handler
core   0: 0x000000008000607a (0x341027f3) csrrs   a5, mepc, zero
core   0: 3 0x000000008000607a (0x341027f3) x15 0x0000000080004d2e
core   0: 0x000000008000607e (0x34202773) csrrs   a4, mcause, zero
core   0: 3 0x000000008000607e (0x34202773) x14 0x0000000000000002
core   0: 0x0000000080006082 (0x142026f3) csrrs   a3, scause, zero
core   0: 3 0x0000000080006082 (0x142026f3) x13 0x0000000000000000
core   0: 0x0000000080006086 (0x30402673) csrrs   a2, mie, zero
core   0: 3 0x0000000080006086 (0x30402673) x12 0x0000000000000a00
core   0: 0x000000008000608a (0x344025f3) csrrs   a1, mip, zero
core   0: 3 0x000000008000608a (0x344025f3) x11 0x0000000000000080
core   0: 0x000000008000608e (0x343025f3) csrrs   a1, mtval, zero
core   0: 3 0x000000008000608e (0x343025f3) x11 0x00000000f11656f3
core   0: 0x0000000080006092 (0x14302573) csrrs   a0, stval, zero
core   0: 3 0x0000000080006092 (0x14302573) x10 0x0000000000000000
core   0: 0x0000000080006096 (0xb02024f3) csrrs   s1, minstret, zero
core   0: 3 0x0000000080006096 (0xb02024f3) x9  0x0000000000000c5f
core   0: 0x000000008000609a (0x0000a811) c.j     pc + 20
core   0: 3 0x000000008000609a (0xa811)
core   0: >>>>  mepc_4
core   0: 0x00000000800060ae (0x00000791) c.addi  a5, 4
core   0: 3 0x00000000800060ae (0x0791) x15 0x0000000080004d32
core   0: 0x00000000800060b0 (0x34179073) csrrw   zero, mepc, a5
core   0: 3 0x00000000800060b0 (0x34179073) c833_mepc 0x0000000080004d32
core   0: 0x00000000800060b4 (0x30200073) mret
core   0: 3 0x00000000800060b4 (0x30200073) c768_mstatus 0x8000000a00106080
core   0: 0x0000000080004d32 (0x7b6bb997) auipc   s3, 0x7b6bb
core   0: 1 0x0000000080004d32 (0x7b6bb997) x19 0x00000000fb6bfd32
core   0: 0x0000000080004d36 (0xc009b973) csrrc   s2, cycle, s3
core   0: exception trap_illegal_instruction, epc 0x0000000080004d36
core   0:           tval 0x00000000c009b973
core   0: >>>>  $xrv64i2p1_m2p0_a2p1_f2p2_d2p2_zicsr2p0_zifencei2p0_zmmul1p0_zba1p0_zbb1p0_zbc1p0_zbs1p0
core   0: 0x0000000080004000 (0x0080006f) j       pc + 0x8
core   0: 3 0x0000000080004000 (0x0080006f)
core   0: >>>>  mmode_exception_handler
core   0: 0x0000000080004008 (0x00002c17) auipc   s8, 0x2
core   0: 3 0x0000000080004008 (0x00002c17) x24 0x0000000080006008
core   0: 0x000000008000400c (0x072c0c13) addi    s8, s8, 114
core   0: 3 0x000000008000400c (0x072c0c13) x24 0x000000008000607a
core   0: 0x0000000080004010 (0x000c00e7) jalr    s8
core   0: 3 0x0000000080004010 (0x000c00e7) x1  0x0000000080004014
core   0: >>>>  any_handler
core   0: 0x000000008000607a (0x341027f3) csrrs   a5, mepc, zero
core   0: 3 0x000000008000607a (0x341027f3) x15 0x0000000080004d36
core   0: 0x000000008000607e (0x34202773) csrrs   a4, mcause, zero
core   0: 3 0x000000008000607e (0x34202773) x14 0x0000000000000002
core   0: 0x0000000080006082 (0x142026f3) csrrs   a3, scause, zero
core   0: 3 0x0000000080006082 (0x142026f3) x13 0x0000000000000000
core   0: 0x0000000080006086 (0x30402673) csrrs   a2, mie, zero
core   0: 3 0x0000000080006086 (0x30402673) x12 0x0000000000000a00
core   0: 0x000000008000608a (0x344025f3) csrrs   a1, mip, zero
core   0: 3 0x000000008000608a (0x344025f3) x11 0x0000000000000080
core   0: 0x000000008000608e (0x343025f3) csrrs   a1, mtval, zero
core   0: 3 0x000000008000608e (0x343025f3) x11 0x00000000c009b973
core   0: 0x0000000080006092 (0x14302573) csrrs   a0, stval, zero
core   0: 3 0x0000000080006092 (0x14302573) x10 0x0000000000000000
core   0: 0x0000000080006096 (0xb02024f3) csrrs   s1, minstret, zero
core   0: 3 0x0000000080006096 (0xb02024f3) x9  0x0000000000000c70
core   0: 0x000000008000609a (0x0000a811) c.j     pc + 20
core   0: 3 0x000000008000609a (0xa811)
core   0: >>>>  mepc_4
core   0: 0x00000000800060ae (0x00000791) c.addi  a5, 4
core   0: 3 0x00000000800060ae (0x0791) x15 0x0000000080004d3a
core   0: 0x00000000800060b0 (0x34179073) csrrw   zero, mepc, a5
core   0: 3 0x00000000800060b0 (0x34179073) c833_mepc 0x0000000080004d3a
core   0: 0x00000000800060b4 (0x30200073) mret
core   0: 3 0x00000000800060b4 (0x30200073) c768_mstatus 0x8000000a00106080
core   0: 0x0000000080004d3a (0x10053473) csrrc   s0, sstatus, a0
core   0: 1 0x0000000080004d3a (0x10053473) x8  0x8000000200006000 c768_mstatus 0x8000000a00106080
core   0: 0x0000000080004d3e (0x017e6533) or      a0, t3, s7
core   0: 1 0x0000000080004d3e (0x017e6533) x10 0x0000000000000157
core   0: 0x0000000080004d42 (0x23f1afd3) fsgnjx.d ft11, ft3, ft11
core   0: 1 0x0000000080004d42 (0x23f1afd3) f31 0xfff8000000000000
core   0: 0x0000000080004d46 (0xc03afcd3) fcvt.lu.s s9, fs5
core   0: 1 0x0000000080004d46 (0xc03afcd3) c1_fflags 0x0000000000000018 x25 0xffffffffffffffff
core   0: 0x0000000080004d4a (0x006b6b33) or      s6, s6, t1
core   0: 1 0x0000000080004d4a (0x006b6b33) x22 0xffffffffffffffff
core   0: 0x0000000080004d4e (0x00cafbb3) and     s7, s5, a2
core   0: 1 0x0000000080004d4e (0x00cafbb3) x23 0x0000000000000000
core   0: 0x0000000080004d52 (0x00065e93) srli    t4, a2, 0
core   0: 1 0x0000000080004d52 (0x00065e93) x29 0x0000000000000a00
core   0: 0x0000000080004d56 (0x02c3c3bb) divw    t2, t2, a2
core   0: 1 0x0000000080004d56 (0x02c3c3bb) x7  0x0000000000000000
core   0: 0x0000000080004d5a (0x03ad1db3) mulh    s11, s10, s10
core   0: 1 0x0000000080004d5a (0x03ad1db3) x27 0x0000000000000000
core   0: 0x0000000080004d5e (0x01fddb1b) srliw   s6, s11, 31
core   0: 1 0x0000000080004d5e (0x01fddb1b) x22 0x0000000000000000
core   0: 0x0000000080004d62 (0xd23bff53) fcvt.d.lu ft10, s7
core   0: 1 0x0000000080004d62 (0xd23bff53) f30 0x0000000000000000
core   0: 0x0000000080004d66 (0x7ff68a93) addi    s5, a3, 2047
core   0: 1 0x0000000080004d66 (0x7ff68a93) x21 0x00000000000007ff
core   0: 0x0000000080004d6a (0x42040853) fcvt.d.s fa6, fs0
core   0: 1 0x0000000080004d6a (0x42040853) f16 0x7ff8000000000000
core   0: 0x0000000080004d6e (0x0bc77ed3) fsub.d  ft9, fa4, ft8
core   0: 1 0x0000000080004d6e (0x0bc77ed3) f29 0xfff0000000000000
core   0: 0x0000000080004d72 (0x029dcc33) div     s8, s11, s1
core   0: 1 0x0000000080004d72 (0x029dcc33) x24 0x0000000000000000
core   0: 0x0000000080004d76 (0x00202e73) csrrs   t3, frm, zero
core   0: 1 0x0000000080004d76 (0x00202e73) x28 0x0000000000000000
core   0: 0x0000000080004d7a (0x5a0972d3) fsqrt.d ft5, fs2
core   0: 1 0x0000000080004d7a (0x5a0972d3) f5  0x7ff8000000000000
core   0: 0x0000000080004d7e (0x41f0509b) sraiw   ra, zero, 31
core   0: 1 0x0000000080004d7e (0x41f0509b) x1  0x0000000000000000
core   0: 0x0000000080004d82 (0x0070da33) srl     s4, ra, t2
core   0: 1 0x0000000080004d82 (0x0070da33) x20 0x0000000000000000
core   0: 0x0000000080004d86 (0x034a063b) mulw    a2, s4, s4
core   0: 1 0x0000000080004d86 (0x034a063b) x12 0x0000000000000000
core   0: 0x0000000080004d8a (0x014e6e33) or      t3, t3, s4
core   0: 1 0x0000000080004d8a (0x014e6e33) x28 0x0000000000000000
core   0: 0x0000000080004d8e (0xc036f653) fcvt.lu.s a2, fa3
core   0: 1 0x0000000080004d8e (0xc036f653) c1_fflags 0x0000000000000018 x12 0xffffffffffffffff
core   0: 0x0000000080004d92 (0x00000001) c.nop
core   0: 1 0x0000000080004d92 (0x0001)
core   0: 0x0000000080004d94 (0xc239fa53) fcvt.lu.d s4, fs3
core   0: 1 0x0000000080004d94 (0xc239fa53) c1_fflags 0x0000000000000018 x20 0xffffffffffffffff
core   0: 0x0000000080004d98 (0x7b45754f) fnmadd.d fa0, fa0, fs4, fa5
core   0: 1 0x0000000080004d98 (0x7b45754f) f10 0x7ff8000000000000
core   0: 0x0000000080004d9c (0x12ac7353) fmul.d  ft6, fs8, fa0
core   0: 1 0x0000000080004d9c (0x12ac7353) f6  0x7ff8000000000000
core   0: 0x0000000080004da0 (0x238b2b53) fsgnjx.d fs6, fs6, fs8
core   0: 1 0x0000000080004da0 (0x238b2b53) f22 0x7ff8000000000000
core   0: 0x0000000080004da4 (0x800c831b) addiw   t1, s9, -2048
core   0: 1 0x0000000080004da4 (0x800c831b) x6  0xfffffffffffff7ff
core   0: 0x0000000080004da8 (0x02665a3b) divuw   s4, a2, t1
core   0: 1 0x0000000080004da8 (0x02665a3b) x20 0x0000000000000001
core   0: 0x0000000080004dac (0x406cdcbb) sraw    s9, s9, t1
core   0: 1 0x0000000080004dac (0x406cdcbb) x25 0xffffffffffffffff
core   0: 0x0000000080004db0 (0x03059833) mulh    a6, a1, a6
core   0: 1 0x0000000080004db0 (0x03059833) x16 0x0000000000000000
core   0: 0x0000000080004db4 (0xfaac7fcb) fnmsub.d ft11, fs8, fa0, ft11
core   0: 1 0x0000000080004db4 (0xfaac7fcb) f31 0x7ff8000000000000
core   0: 0x0000000080004db8 (0x01ad0c33) add     s8, s10, s10
core   0: 1 0x0000000080004db8 (0x01ad0c33) x24 0x0000000000000000
core   0: 0x0000000080004dbc (0x1b17fdd3) fdiv.d  fs11, fa5, fa7
core   0: 1 0x0000000080004dbc (0x1b17fdd3) c1_fflags 0x0000000000000019 f27 0xbe18ab600c74dc65
core   0: 0x0000000080004dc0 (0x0124d89b) srliw   a7, s1, 18
core   0: 1 0x0000000080004dc0 (0x0124d89b) x17 0x0000000000000000
core   0: 0x0000000080004dc4 (0x0a95fcd3) fsub.d  fs9, fa1, fs1
core   0: 1 0x0000000080004dc4 (0x0a95fcd3) f25 0x7ff8000000000000
core   0: 0x0000000080004dc8 (0x420c8f53) fcvt.d.s ft10, fs9
core   0: 1 0x0000000080004dc8 (0x420c8f53) f30 0x7ff8000000000000
core   0: 0x0000000080004dcc (0x40f88a3b) subw    s4, a7, a5
core   0: 1 0x0000000080004dcc (0x40f88a3b) x20 0x000000007fffb2c6
core   0: 0x0000000080004dd0 (0x41bdddbb) sraw    s11, s11, s11
core   0: 1 0x0000000080004dd0 (0x41bdddbb) x27 0x0000000000000000
core   0: 0x0000000080004dd4 (0x40107053) fcvt.s.d ft0, ft0
core   0: 1 0x0000000080004dd4 (0x40107053) c1_fflags 0x0000000000000019 f0  0xffffffffd2f90d9a
core   0: 0x0000000080004dd8 (0x5a0070d3) fsqrt.d ft1, ft0
core   0: 1 0x0000000080004dd8 (0x5a0070d3) f1  0x7ff8000000000000
core   0: 0x0000000080004ddc (0xf1389373) csrrw   t1, mimpid, a7
core   0: exception trap_illegal_instruction, epc 0x0000000080004ddc
core   0:           tval 0x00000000f1389373
core   0: >>>>  $xrv64i2p1_m2p0_a2p1_f2p2_d2p2_zicsr2p0_zifencei2p0_zmmul1p0_zba1p0_zbb1p0_zbc1p0_zbs1p0
core   0: 0x0000000080004000 (0x0080006f) j       pc + 0x8
core   0: 3 0x0000000080004000 (0x0080006f)
core   0: >>>>  mmode_exception_handler
core   0: 0x0000000080004008 (0x00002c17) auipc   s8, 0x2
core   0: 3 0x0000000080004008 (0x00002c17) x24 0x0000000080006008
core   0: 0x000000008000400c (0x072c0c13) addi    s8, s8, 114
core   0: 3 0x000000008000400c (0x072c0c13) x24 0x000000008000607a
core   0: 0x0000000080004010 (0x000c00e7) jalr    s8
core   0: 3 0x0000000080004010 (0x000c00e7) x1  0x0000000080004014
core   0: >>>>  any_handler
core   0: 0x000000008000607a (0x341027f3) csrrs   a5, mepc, zero
core   0: 3 0x000000008000607a (0x341027f3) x15 0x0000000080004ddc
core   0: 0x000000008000607e (0x34202773) csrrs   a4, mcause, zero
core   0: 3 0x000000008000607e (0x34202773) x14 0x0000000000000002
core   0: 0x0000000080006082 (0x142026f3) csrrs   a3, scause, zero
core   0: 3 0x0000000080006082 (0x142026f3) x13 0x0000000000000000
core   0: 0x0000000080006086 (0x30402673) csrrs   a2, mie, zero
core   0: 3 0x0000000080006086 (0x30402673) x12 0x0000000000000a00
core   0: 0x000000008000608a (0x344025f3) csrrs   a1, mip, zero
core   0: 3 0x000000008000608a (0x344025f3) x11 0x0000000000000080
core   0: 0x000000008000608e (0x343025f3) csrrs   a1, mtval, zero
core   0: 3 0x000000008000608e (0x343025f3) x11 0x00000000f1389373
core   0: 0x0000000080006092 (0x14302573) csrrs   a0, stval, zero
core   0: 3 0x0000000080006092 (0x14302573) x10 0x0000000000000000
core   0: 0x0000000080006096 (0xb02024f3) csrrs   s1, minstret, zero
core   0: 3 0x0000000080006096 (0xb02024f3) x9  0x0000000000000ca9
core   0: 0x000000008000609a (0x0000a811) c.j     pc + 20
core   0: 3 0x000000008000609a (0xa811)
core   0: >>>>  mepc_4
core   0: 0x00000000800060ae (0x00000791) c.addi  a5, 4
core   0: 3 0x00000000800060ae (0x0791) x15 0x0000000080004de0
core   0: 0x00000000800060b0 (0x34179073) csrrw   zero, mepc, a5
core   0: 3 0x00000000800060b0 (0x34179073) c833_mepc 0x0000000080004de0
core   0: 0x00000000800060b4 (0x30200073) mret
core   0: 3 0x00000000800060b4 (0x30200073) c768_mstatus 0x8000000a00106080
core   0: 0x0000000080004de0 (0x0002d91b) srliw   s2, t0, 0
core   0: 1 0x0000000080004de0 (0x0002d91b) x18 0xffffffffffffffff
core   0: 0x0000000080004de4 (0x03496a33) rem     s4, s2, s4
core   0: 1 0x0000000080004de4 (0x03496a33) x20 0xffffffffffffffff
core   0: 0x0000000080004de8 (0x66f9eb37) lui     s6, 0x66f9e
core   0: 1 0x0000000080004de8 (0x66f9eb37) x22 0x0000000066f9e000
core   0: 0x0000000080004dec (0x00f978b3) and     a7, s2, a5
core   0: 1 0x0000000080004dec (0x00f978b3) x17 0x0000000080004de0
core   0: 0x0000000080004df0 (0x4a0571cb) fnmsub.d ft3, fa0, ft0, fs1
core   0: 1 0x0000000080004df0 (0x4a0571cb) f3  0x7ff8000000000000
core   0: 0x0000000080004df4 (0x034a26b3) mulhsu  a3, s4, s4
core   0: 1 0x0000000080004df4 (0x034a26b3) x13 0xffffffffffffffff
core   0: 0x0000000080004df8 (0x41a6883b) subw    a6, a3, s10
core   0: 1 0x0000000080004df8 (0x41a6883b) x16 0xffffffffffffffff
core   0: 0x0000000080004dfc (0x4018f953) fcvt.s.d fs2, fa7
core   0: 1 0x0000000080004dfc (0x4018f953) c1_fflags 0x0000000000000019 f18 0xffffffffd2f90d9a
core   0: 0x0000000080004e00 (0x22a080d3) fsgnj.d ft1, ft1, fa0
core   0: 1 0x0000000080004e00 (0x22a080d3) f1  0x7ff8000000000000
core   0: 0x0000000080004e04 (0x2aaa8ed3) fmin.d  ft9, fs5, fa0
core   0: 1 0x0000000080004e04 (0x2aaa8ed3) f29 0x7ff8000000000000
core   0: 0x0000000080004e08 (0x015a7913) andi    s2, s4, 21
core   0: 1 0x0000000080004e08 (0x015a7913) x18 0x0000000000000015
core   0: 0x0000000080004e0c (0x1326ff53) fmul.d  ft10, fa3, fs2
core   0: 1 0x0000000080004e0c (0x1326ff53) f30 0x7ff8000000000000
core   0: 0x0000000080004e10 (0x002713f3) csrrw   t2, frm, a4
core   0: 1 0x0000000080004e10 (0x002713f3) x7  0x0000000000000000 c2_frm 0x0000000000000002
core   0: 0x0000000080004e14 (0xbdfcf7b7) lui     a5, 0xbdfcf
core   0: 1 0x0000000080004e14 (0xbdfcf7b7) x15 0xffffffffbdfcf000
core   0: 0x0000000080004e18 (0x00000001) c.nop
core   0: 1 0x0000000080004e18 (0x0001)
core   0: 0x0000000080004e1a (0x43305d13) srai    s10, zero, 51
core   0: 1 0x0000000080004e1a (0x43305d13) x26 0x0000000000000000
core   0: 0x0000000080004e1e (0x0ff0000f) fence   iorw,iorw
core   0: 1 0x0000000080004e1e (0x0ff0000f)
core   0: 0x0000000080004e22 (0x00202ef3) csrrs   t4, frm, zero
core   0: 1 0x0000000080004e22 (0x00202ef3) x29 0x0000000000000002
core   0: 0x0000000080004e26 (0xc9a544b7) lui     s1, 0xc9a54
core   0: 1 0x0000000080004e26 (0xc9a544b7) x9  0xffffffffc9a54000
core   0: 0x0000000080004e2a (0x009247b3) xor     a5, tp, s1
core   0: 1 0x0000000080004e2a (0x009247b3) x15 0x00000000365abfff
core   0: 0x0000000080004e2e (0x41b585bb) subw    a1, a1, s11
core   0: 1 0x0000000080004e2e (0x41b585bb) x11 0xfffffffff1389373
core   0: 0x0000000080004e32 (0x01b7db33) srl     s6, a5, s11
core   0: 1 0x0000000080004e32 (0x01b7db33) x22 0x00000000365abfff
core   0: 0x0000000080004e36 (0x43e0764f) fnmadd.d fa2, ft0, ft10, fs0
core   0: 1 0x0000000080004e36 (0x43e0764f) f12 0x7ff8000000000000
core   0: 0x0000000080004e3a (0xc20df1d3) fcvt.w.d gp, fs11
core   0: 1 0x0000000080004e3a (0xc20df1d3) c1_fflags 0x0000000000000019 x3  0xffffffffffffffff
core   0: 0x0000000080004e3e (0x00102073) csrrs   zero, fflags, zero
core   0: 1 0x0000000080004e3e (0x00102073)
core   0: 0x0000000080004e42 (0x40e10733) sub     a4, sp, a4
core   0: 1 0x0000000080004e42 (0x40e10733) x14 0x0000000000000011
core   0: 0x0000000080004e46 (0x41cb84b3) sub     s1, s7, t3
core   0: 1 0x0000000080004e46 (0x41cb84b3) x9  0x0000000000000000
core   0: 0x0000000080004e4a (0x00ce80bb) addw    ra, t4, a2
core   0: 1 0x0000000080004e4a (0x00ce80bb) x1  0x0000000000000a02
core   0: 0x0000000080004e4e (0x22f0af53) fsgnjx.d ft10, ft1, fa5
core   0: 1 0x0000000080004e4e (0x22f0af53) f30 0x7ff8000000000000
core   0: 0x0000000080004e52 (0x001bdc13) srli    s8, s7, 1
core   0: 1 0x0000000080004e52 (0x001bdc13) x24 0x0000000000000000
core   0: 0x0000000080004e56 (0x00842433) slt     s0, s0, s0
core   0: 1 0x0000000080004e56 (0x00842433) x8  0x0000000000000000
core   0: 0x0000000080004e5a (0xa3568053) fle.d   zero, fa3, fs5
core   0: 1 0x0000000080004e5a (0xa3568053) c1_fflags 0x0000000000000019
core   0: 0x0000000080004e5e (0x035ff353) fadd.d  ft6, ft11, fs5
core   0: 1 0x0000000080004e5e (0x035ff353) f6  0x7ff8000000000000
core   0: 0x0000000080004e62 (0xd02af8d3) fcvt.s.l fa7, s5
core   0: 1 0x0000000080004e62 (0xd02af8d3) f17 0xffffffff44ffe000
core   0: 0x0000000080004e66 (0x020d6933) rem     s2, s10, zero
core   0: 1 0x0000000080004e66 (0x020d6933) x18 0x0000000000000000
core   0: 0x0000000080004e6a (0x0ff0000f) fence   iorw,iorw
core   0: 1 0x0000000080004e6a (0x0ff0000f)
core   0: 0x0000000080004e6e (0xfff28b9b) addiw   s7, t0, -1
core   0: 1 0x0000000080004e6e (0xfff28b9b) x23 0xfffffffffffffffe
core   0: 0x0000000080004e72 (0x00544433) xor     s0, s0, t0
core   0: 1 0x0000000080004e72 (0x00544433) x8  0xffffffffffffffff
core   0: 0x0000000080004e76 (0xc03d7ed3) fcvt.lu.s t4, fs10
core   0: 1 0x0000000080004e76 (0xc03d7ed3) c1_fflags 0x0000000000000019 x29 0xffffffffffffffff
core   0: 0x0000000080004e7a (0x00000001) c.nop
core   0: 1 0x0000000080004e7a (0x0001)
core   0: 0x0000000080004e7c (0x4091d193) srai    gp, gp, 9
core   0: 1 0x0000000080004e7c (0x4091d193) x3  0xffffffffffffffff
core   0: 0x0000000080004e80 (0x420b80d3) fcvt.d.s ft1, fs7
core   0: 1 0x0000000080004e80 (0x420b80d3) f1  0x7ff8000000000000
core   0: 0x0000000080004e84 (0xa3788753) fle.d   a4, fa7, fs7
core   0: 1 0x0000000080004e84 (0xa3788753) c1_fflags 0x0000000000000019 x14 0x0000000000000000
core   0: 0x0000000080004e88 (0x02c1e633) rem     a2, gp, a2
core   0: 1 0x0000000080004e88 (0x02c1e633) x12 0xffffffffffffffff
core   0: 0x0000000080004e8c (0x02234a33) div     s4, t1, sp
core   0: 1 0x0000000080004e8c (0x02234a33) x20 0xffffffffffffff95
core   0: 0x0000000080004e90 (0x0009d993) srli    s3, s3, 0
core   0: 1 0x0000000080004e90 (0x0009d993) x19 0x00000000fb6bfd32
core   0: 0x0000000080004e94 (0x0ff0000f) fence   iorw,iorw
core   0: 1 0x0000000080004e94 (0x0ff0000f)
core   0: 0x0000000080004e98 (0x3ee6dab7) lui     s5, 0x3ee6d
core   0: 1 0x0000000080004e98 (0x3ee6dab7) x21 0x000000003ee6d000
core   0: 0x0000000080004e9c (0xd8d98313) addi    t1, s3, -627
core   0: 1 0x0000000080004e9c (0xd8d98313) x6  0x00000000fb6bfabf
core   0: 0x0000000080004ea0 (0x0b5570d3) fsub.d  ft1, fa0, fs5
core   0: 1 0x0000000080004ea0 (0x0b5570d3) f1  0x7ff8000000000000
core   0: 0x0000000080004ea4 (0xb005fd37) lui     s10, 0xb005f
core   0: 1 0x0000000080004ea4 (0xb005fd37) x26 0xffffffffb005f000
core   0: 0x0000000080004ea8 (0x419cddbb) sraw    s11, s9, s9
core   0: 1 0x0000000080004ea8 (0x419cddbb) x27 0xffffffffffffffff
core   0: 0x0000000080004eac (0x23110dd3) fsgnj.d fs11, ft2, fa7
core   0: 1 0x0000000080004eac (0x23110dd3) f27 0x8000000000000000
core   0: 0x0000000080004eb0 (0x40fbdb9b) sraiw   s7, s7, 15
core   0: 1 0x0000000080004eb0 (0x40fbdb9b) x23 0xffffffffffffffff
core   0: 0x0000000080004eb4 (0x31a696f3) csrrw   a3, menvcfgh, a3
core   0: exception trap_illegal_instruction, epc 0x0000000080004eb4
core   0:           tval 0x0000000031a696f3
core   0: >>>>  $xrv64i2p1_m2p0_a2p1_f2p2_d2p2_zicsr2p0_zifencei2p0_zmmul1p0_zba1p0_zbb1p0_zbc1p0_zbs1p0
core   0: 0x0000000080004000 (0x0080006f) j       pc + 0x8
core   0: 3 0x0000000080004000 (0x0080006f)
core   0: >>>>  mmode_exception_handler
core   0: 0x0000000080004008 (0x00002c17) auipc   s8, 0x2
core   0: 3 0x0000000080004008 (0x00002c17) x24 0x0000000080006008
core   0: 0x000000008000400c (0x072c0c13) addi    s8, s8, 114
core   0: 3 0x000000008000400c (0x072c0c13) x24 0x000000008000607a
core   0: 0x0000000080004010 (0x000c00e7) jalr    s8
core   0: 3 0x0000000080004010 (0x000c00e7) x1  0x0000000080004014
core   0: >>>>  any_handler
core   0: 0x000000008000607a (0x341027f3) csrrs   a5, mepc, zero
core   0: 3 0x000000008000607a (0x341027f3) x15 0x0000000080004eb4
core   0: 0x000000008000607e (0x34202773) csrrs   a4, mcause, zero
core   0: 3 0x000000008000607e (0x34202773) x14 0x0000000000000002
core   0: 0x0000000080006082 (0x142026f3) csrrs   a3, scause, zero
core   0: 3 0x0000000080006082 (0x142026f3) x13 0x0000000000000000
core   0: 0x0000000080006086 (0x30402673) csrrs   a2, mie, zero
core   0: 3 0x0000000080006086 (0x30402673) x12 0x0000000000000a00
core   0: 0x000000008000608a (0x344025f3) csrrs   a1, mip, zero
core   0: 3 0x000000008000608a (0x344025f3) x11 0x0000000000000080
core   0: 0x000000008000608e (0x343025f3) csrrs   a1, mtval, zero
core   0: 3 0x000000008000608e (0x343025f3) x11 0x0000000031a696f3
core   0: 0x0000000080006092 (0x14302573) csrrs   a0, stval, zero
core   0: 3 0x0000000080006092 (0x14302573) x10 0x0000000000000000
core   0: 0x0000000080006096 (0xb02024f3) csrrs   s1, minstret, zero
core   0: 3 0x0000000080006096 (0xb02024f3) x9  0x0000000000000cef
core   0: 0x000000008000609a (0x0000a811) c.j     pc + 20
core   0: 3 0x000000008000609a (0xa811)
core   0: >>>>  mepc_4
core   0: 0x00000000800060ae (0x00000791) c.addi  a5, 4
core   0: 3 0x00000000800060ae (0x0791) x15 0x0000000080004eb8
core   0: 0x00000000800060b0 (0x34179073) csrrw   zero, mepc, a5
core   0: 3 0x00000000800060b0 (0x34179073) c833_mepc 0x0000000080004eb8
core   0: 0x00000000800060b4 (0x30200073) mret
core   0: 3 0x00000000800060b4 (0x30200073) c768_mstatus 0x8000000a00106080
core   0: 0x0000000080004eb8 (0xd20d0f53) fcvt.d.w ft10, s10
core   0: 1 0x0000000080004eb8 (0xd20d0f53) f30 0xc1d3fe8400000000
core   0: 0x0000000080004ebc (0x229f8153) fsgnj.d ft2, ft11, fs1
core   0: 1 0x0000000080004ebc (0x229f8153) f2  0x7ff8000000000000
core   0: 0x0000000080004ec0 (0x33ddc193) xori    gp, s11, 829
core   0: 1 0x0000000080004ec0 (0x33ddc193) x3  0xfffffffffffffcc2
core   0: 0x0000000080004ec4 (0x58efb937) lui     s2, 0x58efb
core   0: 1 0x0000000080004ec4 (0x58efb937) x18 0x0000000058efb000
core   0: 0x0000000080004ec8 (0x409354bb) sraw    s1, t1, s1
core   0: 1 0x0000000080004ec8 (0x409354bb) x9  0xfffffffffffff6d7
core   0: 0x0000000080004ecc (0x17f15a97) auipc   s5, 0x17f15
core   0: 1 0x0000000080004ecc (0x17f15a97) x21 0x0000000097f19ecc
core   0: 0x0000000080004ed0 (0x2b1d0253) fmin.d  ft4, fs10, fa7
core   0: 1 0x0000000080004ed0 (0x2b1d0253) f4  0x4033000000000000
core   0: 0x0000000080004ed4 (0xc034f853) fcvt.lu.s a6, fs1
core   0: 1 0x0000000080004ed4 (0xc034f853) c1_fflags 0x0000000000000019 x16 0xffffffffffffffff
core   0: 0x0000000080004ed8 (0x30673773) csrrc   a4, mcounteren, a4
core   0: exception trap_illegal_instruction, epc 0x0000000080004ed8
core   0:           tval 0x0000000030673773
core   0: >>>>  $xrv64i2p1_m2p0_a2p1_f2p2_d2p2_zicsr2p0_zifencei2p0_zmmul1p0_zba1p0_zbb1p0_zbc1p0_zbs1p0
core   0: 0x0000000080004000 (0x0080006f) j       pc + 0x8
core   0: 3 0x0000000080004000 (0x0080006f)
core   0: >>>>  mmode_exception_handler
core   0: 0x0000000080004008 (0x00002c17) auipc   s8, 0x2
core   0: 3 0x0000000080004008 (0x00002c17) x24 0x0000000080006008
core   0: 0x000000008000400c (0x072c0c13) addi    s8, s8, 114
core   0: 3 0x000000008000400c (0x072c0c13) x24 0x000000008000607a
core   0: 0x0000000080004010 (0x000c00e7) jalr    s8
core   0: 3 0x0000000080004010 (0x000c00e7) x1  0x0000000080004014
core   0: >>>>  any_handler
core   0: 0x000000008000607a (0x341027f3) csrrs   a5, mepc, zero
core   0: 3 0x000000008000607a (0x341027f3) x15 0x0000000080004ed8
core   0: 0x000000008000607e (0x34202773) csrrs   a4, mcause, zero
core   0: 3 0x000000008000607e (0x34202773) x14 0x0000000000000002
core   0: 0x0000000080006082 (0x142026f3) csrrs   a3, scause, zero
core   0: 3 0x0000000080006082 (0x142026f3) x13 0x0000000000000000
core   0: 0x0000000080006086 (0x30402673) csrrs   a2, mie, zero
core   0: 3 0x0000000080006086 (0x30402673) x12 0x0000000000000a00
core   0: 0x000000008000608a (0x344025f3) csrrs   a1, mip, zero
core   0: 3 0x000000008000608a (0x344025f3) x11 0x0000000000000080
core   0: 0x000000008000608e (0x343025f3) csrrs   a1, mtval, zero
core   0: 3 0x000000008000608e (0x343025f3) x11 0x0000000030673773
core   0: 0x0000000080006092 (0x14302573) csrrs   a0, stval, zero
core   0: 3 0x0000000080006092 (0x14302573) x10 0x0000000000000000
core   0: 0x0000000080006096 (0xb02024f3) csrrs   s1, minstret, zero
core   0: 3 0x0000000080006096 (0xb02024f3) x9  0x0000000000000d07
core   0: 0x000000008000609a (0x0000a811) c.j     pc + 20
core   0: 3 0x000000008000609a (0xa811)
core   0: >>>>  mepc_4
core   0: 0x00000000800060ae (0x00000791) c.addi  a5, 4
core   0: 3 0x00000000800060ae (0x0791) x15 0x0000000080004edc
core   0: 0x00000000800060b0 (0x34179073) csrrw   zero, mepc, a5
core   0: 3 0x00000000800060b0 (0x34179073) c833_mepc 0x0000000080004edc
core   0: 0x00000000800060b4 (0x30200073) mret
core   0: 3 0x00000000800060b4 (0x30200073) c768_mstatus 0x8000000a00106080
core   0: 0x0000000080004edc (0x400cdd1b) sraiw   s10, s9, 0
core   0: 1 0x0000000080004edc (0x400cdd1b) x26 0xffffffffffffffff
core   0: 0x0000000080004ee0 (0xc2317053) fcvt.lu.d zero, ft2
core   0: 1 0x0000000080004ee0 (0xc2317053) c1_fflags 0x0000000000000019
core   0: 0x0000000080004ee4 (0x406258bb) sraw    a7, tp, t1
core   0: 1 0x0000000080004ee4 (0x406258bb) x17 0xffffffffffffffff
core   0: 0x0000000080004ee8 (0x40137353) fcvt.s.d ft6, ft6
core   0: 1 0x0000000080004ee8 (0x40137353) f6  0xffffffff7fc00000
core   0: 0x0000000080004eec (0xd03376d3) fcvt.s.lu fa3, t1
core   0: 1 0x0000000080004eec (0xd03376d3) c1_fflags 0x0000000000000019 f13 0xffffffff4f7b6bfa
core   0: 0x0000000080004ef0 (0xc226fcd3) fcvt.l.d s9, fa3
core   0: 1 0x0000000080004ef0 (0xc226fcd3) c1_fflags 0x0000000000000019 x25 0x7fffffffffffffff
core   0: 0x0000000080004ef4 (0x4118d63b) sraw    a2, a7, a7
core   0: 1 0x0000000080004ef4 (0x4118d63b) x12 0xffffffffffffffff
core   0: 0x0000000080004ef8 (0xd2008e53) fcvt.d.w ft8, ra
core   0: 1 0x0000000080004ef8 (0xd2008e53) f28 0xc1dfffeffb000000
core   0: 0x0000000080004efc (0x00c30833) add     a6, t1, a2
core   0: 1 0x0000000080004efc (0x00c30833) x16 0x00000000fb6bfabe
core   0: 0x0000000080004f00 (0x01ac02b3) add     t0, s8, s10
core   0: 1 0x0000000080004f00 (0x01ac02b3) x5  0x0000000080006079
core   0: 0x0000000080004f04 (0x327f764f) fnmadd.d fa2, ft10, ft7, ft6
core   0: 1 0x0000000080004f04 (0x327f764f) f12 0x7ff8000000000000
core   0: 0x0000000080004f08 (0x034c68b3) rem     a7, s8, s4
core   0: 1 0x0000000080004f08 (0x034c68b3) x17 0x0000000000000031
core   0: 0x0000000080004f0c (0x00202973) csrrs   s2, frm, zero
core   0: 1 0x0000000080004f0c (0x00202973) x18 0x0000000000000002
core   0: 0x0000000080004f10 (0xd026f8d3) fcvt.s.l fa7, a3
core   0: 1 0x0000000080004f10 (0xd026f8d3) f17 0xffffffff00000000
core   0: 0x0000000080004f14 (0x41398bb3) sub     s7, s3, s3
core   0: 1 0x0000000080004f14 (0x41398bb3) x23 0x0000000000000000
core   0: 0x0000000080004f18 (0x02215313) srli    t1, sp, 34
core   0: 1 0x0000000080004f18 (0x02215313) x6  0x0000000000000000
core   0: 0x0000000080004f1c (0x00000001) c.nop
core   0: 1 0x0000000080004f1c (0x0001)
core   0: 0x0000000080004f1e (0xf0134c93) xori    s9, t1, -255
core   0: 1 0x0000000080004f1e (0xf0134c93) x25 0xffffffffffffff01
core   0: 0x0000000080004f22 (0x008a80b3) add     ra, s5, s0
core   0: 1 0x0000000080004f22 (0x008a80b3) x1  0x0000000097f19ecb
core   0: 0x0000000080004f26 (0x00152533) slt     a0, a0, ra
core   0: 1 0x0000000080004f26 (0x00152533) x10 0x0000000000000001
core   0: 0x0000000080004f2a (0x0ff0000f) fence   iorw,iorw
core   0: 1 0x0000000080004f2a (0x0ff0000f)
core   0: 0x0000000080004f2e (0x411ed5b3) sra     a1, t4, a7
core   0: 1 0x0000000080004f2e (0x411ed5b3) x11 0xffffffffffffffff
core   0: 0x0000000080004f32 (0x03659033) mulh    zero, a1, s6
core   0: 1 0x0000000080004f32 (0x03659033)
core   0: 0x0000000080004f36 (0x0bef7f53) fsub.d  ft10, ft10, ft10
core   0: 1 0x0000000080004f36 (0x0bef7f53) f30 0x8000000000000000
core   0: 0x0000000080004f3a (0x004e06bb) addw    a3, t3, tp
core   0: 1 0x0000000080004f3a (0x004e06bb) x13 0xffffffffffffffff
core   0: 0x0000000080004f3e (0x6a84744b) fnmsub.d fs0, fs0, fs0, fa3
core   0: 1 0x0000000080004f3e (0x6a84744b) f8  0x7ff8000000000000
core   0: 0x0000000080004f42 (0x412ad39b) sraiw   t2, s5, 18
core   0: 1 0x0000000080004f42 (0x412ad39b) x7  0xffffffffffffe5fc
core   0: 0x0000000080004f46 (0xc226fa53) fcvt.l.d s4, fa3
core   0: 1 0x0000000080004f46 (0xc226fa53) c1_fflags 0x0000000000000019 x20 0x7fffffffffffffff
core   0: 0x0000000080004f4a (0x02847b53) fadd.d  fs6, fs0, fs0
core   0: 1 0x0000000080004f4a (0x02847b53) f22 0x7ff8000000000000
core   0: 0x0000000080004f4e (0x01602033) slt     zero, zero, s6
core   0: 1 0x0000000080004f4e (0x01602033)
core   0: 0x0000000080004f52 (0x4118d5b3) sra     a1, a7, a7
core   0: 1 0x0000000080004f52 (0x4118d5b3) x11 0x0000000000000000
core   0: 0x0000000080004f56 (0xfff8079b) addiw   a5, a6, -1
core   0: 1 0x0000000080004f56 (0xfff8079b) x15 0xfffffffffb6bfabd
core   0: 0x0000000080004f5a (0xc2187b53) fcvt.wu.d s6, fa6
core   0: 1 0x0000000080004f5a (0xc2187b53) c1_fflags 0x0000000000000019 x22 0xffffffffffffffff
core   0: 0x0000000080004f5e (0xd038ffd3) fcvt.s.lu ft11, a7
core   0: 1 0x0000000080004f5e (0xd038ffd3) f31 0xffffffff42440000
core   0: 0x0000000080004f62 (0xc21a79d3) fcvt.wu.d s3, fs4
core   0: 1 0x0000000080004f62 (0xc21a79d3) c1_fflags 0x0000000000000019 x19 0x0000000000000000
core   0: 0x0000000080004f66 (0x00000001) c.nop
core   0: 1 0x0000000080004f66 (0x0001)
core   0: 0x0000000080004f68 (0x5a0ff9d3) fsqrt.d fs3, ft11
core   0: 1 0x0000000080004f68 (0x5a0ff9d3) f19 0x7ff8000000000000
core   0: 0x0000000080004f6c (0x0110db1b) srliw   s6, ra, 17
core   0: 1 0x0000000080004f6c (0x0110db1b) x22 0x0000000000004bf8
core   0: 0x0000000080004f70 (0x0143973b) sllw    a4, t2, s4
core   0: 1 0x0000000080004f70 (0x0143973b) x14 0x0000000000000000
core   0: 0x0000000080004f74 (0x021de83b) remw    a6, s11, ra
core   0: 1 0x0000000080004f74 (0x021de83b) x16 0xffffffffffffffff
core   0: 0x0000000080004f78 (0x0008199b) slliw   s3, a6, 0
core   0: 1 0x0000000080004f78 (0x0008199b) x19 0xffffffffffffffff
core   0: 0x0000000080004f7c (0x227c13d3) fsgnjn.d ft7, fs8, ft7
core   0: 1 0x0000000080004f7c (0x227c13d3) f7  0xfff8000000000000
core   0: 0x0000000080004f80 (0x03733433) mulhu   s0, t1, s7
core   0: 1 0x0000000080004f80 (0x03733433) x8  0x0000000000000000
core   0: 0x0000000080004f84 (0x010a569b) srliw   a3, s4, 16
core   0: 1 0x0000000080004f84 (0x010a569b) x13 0x000000000000ffff
core   0: 0x0000000080004f88 (0x13367653) fmul.d  fa2, fa2, fs3
core   0: 1 0x0000000080004f88 (0x13367653) f12 0x7ff8000000000000
core   0: 0x0000000080004f8c (0xb2644493) xori    s1, s0, -1242
core   0: 1 0x0000000080004f8c (0xb2644493) x9  0xfffffffffffffb26
core   0: 0x0000000080004f90 (0x1ac9f1d3) fdiv.d  ft3, fs3, fa2
core   0: 1 0x0000000080004f90 (0x1ac9f1d3) f3  0x7ff8000000000000
core   0: 0x0000000080004f94 (0x40d4093b) subw    s2, s0, a3
core   0: 1 0x0000000080004f94 (0x40d4093b) x18 0xffffffffffff0001
core   0: 0x0000000080004f98 (0x22cb08d3) fsgnj.d fa7, fs6, fa2
core   0: 1 0x0000000080004f98 (0x22cb08d3) f17 0x7ff8000000000000
core   0: 0x0000000080004f9c (0x2a1e0853) fmin.d  fa6, ft8, ft1
core   0: 1 0x0000000080004f9c (0x2a1e0853) f16 0xc1dfffeffb000000
core   0: 0x0000000080004fa0 (0xa3800cb7) lui     s9, 0xa3800
core   0: 1 0x0000000080004fa0 (0xa3800cb7) x25 0xffffffffa3800000
core   0: 0x0000000080004fa4 (0x0004e213) ori     tp, s1, 0
core   0: 1 0x0000000080004fa4 (0x0004e213) x4  0xfffffffffffffb26
core   0: 0x0000000080004fa8 (0xc2177dd3) fcvt.wu.d s11, fa4
core   0: 1 0x0000000080004fa8 (0xc2177dd3) c1_fflags 0x0000000000000019 x27 0x0000000000000000
core   0: 0x0000000080004fac (0x038465b3) rem     a1, s0, s8
core   0: 1 0x0000000080004fac (0x038465b3) x11 0x0000000000000000
core   0: 0x0000000080004fb0 (0x00005733) srl     a4, zero, zero
core   0: 1 0x0000000080004fb0 (0x00005733) x14 0x0000000000000000
core   0: 0x0000000080004fb4 (0x0011929b) slliw   t0, gp, 1
core   0: 1 0x0000000080004fb4 (0x0011929b) x5  0xfffffffffffff984
core   0: 0x0000000080004fb8 (0x02c9e633) rem     a2, s3, a2
core   0: 1 0x0000000080004fb8 (0x02c9e633) x12 0x0000000000000000
core   0: 0x0000000080004fbc (0x000c1e9b) slliw   t4, s8, 0
core   0: 1 0x0000000080004fbc (0x000c1e9b) x29 0xffffffff8000607a
core   0: 0x0000000080004fc0 (0xd2038553) fcvt.d.w fa0, t2
core   0: 1 0x0000000080004fc0 (0xd2038553) f10 0xc0ba040000000000
core   0: 0x0000000080004fc4 (0x22f52953) fsgnjx.d fs2, fa0, fa5
core   0: 1 0x0000000080004fc4 (0x22f52953) f18 0xc0ba040000000000
core   0: 0x0000000080004fc8 (0xc228fb53) fcvt.l.d s6, fa7
core   0: 1 0x0000000080004fc8 (0xc228fb53) c1_fflags 0x0000000000000019 x22 0x7fffffffffffffff
core   0: 0x0000000080004fcc (0x036d5d3b) divuw   s10, s10, s6
core   0: 1 0x0000000080004fcc (0x036d5d3b) x26 0x0000000000000001
core   0: 0x0000000080004fd0 (0x00000001) c.nop
core   0: 1 0x0000000080004fd0 (0x0001)
core   0: 0x0000000080004fd2 (0x5a07fcd3) fsqrt.d fs9, fa5
core   0: 1 0x0000000080004fd2 (0x5a07fcd3) c1_fflags 0x0000000000000019 f25 0x403bb67ae8584caa
core   0: 0x0000000080004fd6 (0x033e2a33) mulhsu  s4, t3, s3
core   0: 1 0x0000000080004fd6 (0x033e2a33) x20 0x0000000000000000
core   0: 0x0000000080004fda (0x52b4ce93) xori    t4, s1, 1323
core   0: 1 0x0000000080004fda (0x52b4ce93) x29 0xfffffffffffffe0d
core   0: 0x0000000080004fde (0x001d1973) csrrw   s2, fflags, s10
core   0: 1 0x0000000080004fde (0x001d1973) x18 0x0000000000000019 c1_fflags 0x0000000000000001
core   0: 0x0000000080004fe2 (0x00d6e4b3) or      s1, a3, a3
core   0: 1 0x0000000080004fe2 (0x00d6e4b3) x9  0x000000000000ffff
core   0: 0x0000000080004fe6 (0x00000001) c.nop
core   0: 1 0x0000000080004fe6 (0x0001)
core   0: 0x0000000080004fe8 (0x032060bb) remw    ra, zero, s2
core   0: 1 0x0000000080004fe8 (0x032060bb) x1  0x0000000000000000
core   0: 0x0000000080004fec (0x13df7ed3) fmul.d  ft9, ft10, ft9
core   0: 1 0x0000000080004fec (0x13df7ed3) f29 0x7ff8000000000000
core   0: 0x0000000080004ff0 (0x03f0dc93) srli    s9, ra, 63
core   0: 1 0x0000000080004ff0 (0x03f0dc93) x25 0x0000000000000000
core   0: 0x0000000080004ff4 (0x11805137) lui     sp, 0x11805
core   0: 1 0x0000000080004ff4 (0x11805137) x2  0x0000000011805000
core   0: 0x0000000080004ff8 (0x40ecdb33) sra     s6, s9, a4
core   0: 1 0x0000000080004ff8 (0x40ecdb33) x22 0x0000000000000000
core   0: 0x0000000080004ffc (0x00ec933b) sllw    t1, s9, a4
core   0: 1 0x0000000080004ffc (0x00ec933b) x6  0x0000000000000000
core   0: 0x0000000080005000 (0x2bf89bd3) fmax.d  fs7, fa7, ft11
core   0: 1 0x0000000080005000 (0x2bf89bd3) f23 0x7ff8000000000000
core   0: 0x0000000080005004 (0x420f0f53) fcvt.d.s ft10, ft10
core   0: 1 0x0000000080005004 (0x420f0f53) f30 0x7ff8000000000000
core   0: 0x0000000080005008 (0x006b533b) srlw    t1, s6, t1
core   0: 1 0x0000000080005008 (0x006b533b) x6  0x0000000000000000
core   0: 0x000000008000500c (0xd0347dd3) fcvt.s.lu fs11, s0
core   0: 1 0x000000008000500c (0xd0347dd3) f27 0xffffffff00000000
core   0: 0x0000000080005010 (0x028370bb) remuw   ra, t1, s0
core   0: 1 0x0000000080005010 (0x028370bb) x1  0x0000000000000000
core   0: 0x0000000080005014 (0x5a017153) fsqrt.d ft2, ft2
core   0: 1 0x0000000080005014 (0x5a017153) f2  0x7ff8000000000000
core   0: 0x0000000080005018 (0x391a0b13) addi    s6, s4, 913
core   0: 1 0x0000000080005018 (0x391a0b13) x22 0x0000000000000391
core   0: 0x000000008000501c (0x029173d3) fadd.d  ft7, ft2, fs1
core   0: 1 0x000000008000501c (0x029173d3) f7  0x7ff8000000000000
core   0: 0x0000000080005020 (0x00000001) c.nop
core   0: 1 0x0000000080005020 (0x0001)
core   0: 0x0000000080005022 (0x00938533) add     a0, t2, s1
core   0: 1 0x0000000080005022 (0x00938533) x10 0x000000000000e5fb
core   0: 0x0000000080005026 (0x127f7b53) fmul.d  fs6, ft10, ft7
core   0: 1 0x0000000080005026 (0x127f7b53) f22 0x7ff8000000000000
core   0: 0x000000008000502a (0xd2297653) fcvt.d.l fa2, s2
core   0: 1 0x000000008000502a (0xd2297653) f12 0x4039000000000000
core   0: 0x000000008000502e (0x2be606d3) fmin.d  fa3, fa2, ft10
core   0: 1 0x000000008000502e (0x2be606d3) f13 0x4039000000000000
core   0: 0x0000000080005032 (0x420787d3) fcvt.d.s fa5, fa5
core   0: 1 0x0000000080005032 (0x420787d3) f15 0x7ff8000000000000
core   0: 0x0000000080005036 (0x00099e9b) slliw   t4, s3, 0
core   0: 1 0x0000000080005036 (0x00099e9b) x29 0xffffffffffffffff
core   0: 0x000000008000503a (0xc036f553) fcvt.lu.s a0, fa3
core   0: 1 0x000000008000503a (0xc036f553) c1_fflags 0x0000000000000011 x10 0xffffffffffffffff
core   0: 0x000000008000503e (0x018e13bb) sllw    t2, t3, s8
core   0: 1 0x000000008000503e (0x018e13bb) x7  0x0000000000000000
core   0: 0x0000000080005042 (0xc2367ed3) fcvt.lu.d t4, fa2
core   0: 1 0x0000000080005042 (0xc2367ed3) x29 0x0000000000000019
core   0: 0x0000000080005046 (0x0008f893) andi    a7, a7, 0
core   0: 1 0x0000000080005046 (0x0008f893) x17 0x0000000000000000
core   0: 0x000000008000504a (0x01dbdb3b) srlw    s6, s7, t4
core   0: 1 0x000000008000504a (0x01dbdb3b) x22 0x0000000000000000
core   0: 0x000000008000504e (0xa2c404d3) fle.d   s1, fs0, fa2
core   0: 1 0x000000008000504e (0xa2c404d3) c1_fflags 0x0000000000000011 x9  0x0000000000000000
core   0: 0x0000000080005052 (0x02927eb3) remu    t4, tp, s1
core   0: 1 0x0000000080005052 (0x02927eb3) x29 0xfffffffffffffb26
core   0: 0x0000000080005056 (0x0072583b) srlw    a6, tp, t2
core   0: 1 0x0000000080005056 (0x0072583b) x16 0xfffffffffffffb26
core   0: 0x000000008000505a (0x00000001) c.nop
core   0: 1 0x000000008000505a (0x0001)
core   0: 0x000000008000505c (0x06c476b7) lui     a3, 0x6c47
core   0: 1 0x000000008000505c (0x06c476b7) x13 0x0000000006c47000
core   0: 0x0000000080005060 (0x4176869b) addiw   a3, a3, 1047
core   0: 1 0x0000000080005060 (0x4176869b) x13 0x0000000006c47417
core   0: 0x0000000080005064 (0x000006b2) c.slli  a3, 12
core   0: 1 0x0000000080005064 (0x06b2) x13 0x0000006c47417000
core   0: 0x0000000080005066 (0xed168693) addi    a3, a3, -303
core   0: 1 0x0000000080005066 (0xed168693) x13 0x0000006c47416ed1
core   0: 0x000000008000506a (0x41678b33) sub     s6, a5, s6
core   0: 1 0x000000008000506a (0x41678b33) x22 0xfffffffffb6bfabd
core   0: 0x000000008000506e (0x00102ef3) csrrs   t4, fflags, zero
core   0: 1 0x000000008000506e (0x00102ef3) x29 0x0000000000000011
core   0: 0x0000000080005072 (0xfff7eb13) ori     s6, a5, -1
core   0: 1 0x0000000080005072 (0xfff7eb13) x22 0xffffffffffffffff
core   0: 0x0000000080005076 (0xc206f3d3) fcvt.w.d t2, fa3
core   0: 1 0x0000000080005076 (0xc206f3d3) x7  0x0000000000000019
core   0: 0x000000008000507a (0x02d86e3b) remw    t3, a6, a3
core   0: 1 0x000000008000507a (0x02d86e3b) x28 0xfffffffffffffb26
core   0: 0x000000008000507e (0xceddf5b7) lui     a1, 0xceddf
core   0: 1 0x000000008000507e (0xceddf5b7) x11 0xffffffffceddf000
core   0: 0x0000000080005082 (0x5a0fffd3) fsqrt.d ft11, ft11
core   0: 1 0x0000000080005082 (0x5a0fffd3) f31 0x7ff8000000000000
core   0: 0x0000000080005086 (0x000b5513) srli    a0, s6, 0
core   0: 1 0x0000000080005086 (0x000b5513) x10 0xffffffffffffffff
core   0: 0x000000008000508a (0x0290513b) divuw   sp, zero, s1
core   0: 1 0x000000008000508a (0x0290513b) x2  0xffffffffffffffff
core   0: 0x000000008000508e (0xc03473d3) fcvt.lu.s t2, fs0
core   0: 1 0x000000008000508e (0xc03473d3) c1_fflags 0x0000000000000011 x7  0xffffffffffffffff
core   0: 0x0000000080005092 (0x77a18293) addi    t0, gp, 1914
core   0: 1 0x0000000080005092 (0x77a18293) x5  0x000000000000043c
core   0: 0x0000000080005096 (0x40d259bb) sraw    s3, tp, a3
core   0: 1 0x0000000080005096 (0x40d259bb) x19 0xffffffffffffffff
core   0: 0x000000008000509a (0x40840033) sub     zero, s0, s0
core   0: 1 0x000000008000509a (0x40840033)
core   0: 0x000000008000509e (0x000a6a13) ori     s4, s4, 0
core   0: 1 0x000000008000509e (0x000a6a13) x20 0x0000000000000000
core   0: 0x00000000800050a2 (0x09de3e97) auipc   t4, 0x9de3
core   0: 1 0x00000000800050a2 (0x09de3e97) x29 0x0000000089de80a2
core   0: 0x00000000800050a6 (0x2384a3d3) fsgnjx.d ft7, fs1, fs8
core   0: 1 0x00000000800050a6 (0x2384a3d3) f7  0x43f0000000000000
core   0: 0x00000000800050aa (0x017a7b33) and     s6, s4, s7
core   0: 1 0x00000000800050aa (0x017a7b33) x22 0x0000000000000000
core   0: 0x00000000800050ae (0xc34a7a43) fmadd.d fs4, fs4, fs4, fs8
core   0: 1 0x00000000800050ae (0xc34a7a43) f20 0x7ff8000000000000
core   0: 0x00000000800050b2 (0xc23a72d3) fcvt.lu.d t0, fs4
core   0: 1 0x00000000800050b2 (0xc23a72d3) c1_fflags 0x0000000000000011 x5  0xffffffffffffffff
core   0: 0x00000000800050b6 (0xd221f353) fcvt.d.l ft6, gp
core   0: 1 0x00000000800050b6 (0xd221f353) f6  0xc089f00000000000
core   0: 0x00000000800050ba (0x021f7bd3) fadd.d  fs7, ft10, ft1
core   0: 1 0x00000000800050ba (0x021f7bd3) f23 0x7ff8000000000000
core   0: 0x00000000800050be (0xd7cb3097) auipc   ra, 0xd7cb3
core   0: 1 0x00000000800050be (0xd7cb3097) x1  0x0000000057cb80be
core   0: 0x00000000800050c2 (0x017c1113) slli    sp, s8, 23
core   0: 1 0x00000000800050c2 (0x017c1113) x2  0x004000303d000000
core   0: 0x00000000800050c6 (0x0187dd33) srl     s10, a5, s8
core   0: 1 0x00000000800050c6 (0x0187dd33) x26 0x000000000000003f
core   0: 0x00000000800050ca (0x4067073b) subw    a4, a4, t1
core   0: 1 0x00000000800050ca (0x4067073b) x14 0x0000000000000000
core   0: 0x00000000800050ce (0x41bc5c3b) sraw    s8, s8, s11
core   0: 1 0x00000000800050ce (0x41bc5c3b) x24 0xffffffff8000607a
core   0: 0x00000000800050d2 (0xf20b0f53) fmv.d.x ft10, s6
core   0: 1 0x00000000800050d2 (0xf20b0f53) f30 0x0000000000000000
core   0: 0x00000000800050d6 (0x22ce1bd3) fsgnjn.d fs7, ft8, fa2
core   0: 1 0x00000000800050d6 (0x22ce1bd3) f23 0xc1dfffeffb000000
core   0: 0x00000000800050da (0x016c9db3) sll     s11, s9, s6
core   0: 1 0x00000000800050da (0x016c9db3) x27 0x0000000000000000
core   0: 0x00000000800050de (0x00711abb) sllw    s5, sp, t2
core   0: 1 0x00000000800050de (0x00711abb) x21 0x0000000000000000
core   0: 0x00000000800050e2 (0x02584833) div     a6, a6, t0
core   0: 1 0x00000000800050e2 (0x02584833) x16 0x00000000000004da
core   0: 0x00000000800050e6 (0x228b9453) fsgnjn.d fs0, fs7, fs0
core   0: 1 0x00000000800050e6 (0x228b9453) f8  0xc1dfffeffb000000
core   0: 0x00000000800050ea (0x02225db3) divu    s11, tp, sp
core   0: 1 0x00000000800050ea (0x02225db3) x27 0x00000000000003ff
core   0: 0x00000000800050ee (0xd0227ad3) fcvt.s.l fs5, tp
core   0: 1 0x00000000800050ee (0xd0227ad3) f21 0xffffffffc49b4000
core   0: 0x00000000800050f2 (0x01a5d73b) srlw    a4, a1, s10
core   0: 1 0x00000000800050f2 (0x01a5d73b) x14 0x0000000000000001
core   0: 0x00000000800050f6 (0xfffd0a37) lui     s4, 0xfffd0
core   0: 1 0x00000000800050f6 (0xfffd0a37) x20 0xfffffffffffd0000
core   0: 0x00000000800050fa (0x5a5a0a1b) addiw   s4, s4, 1445
core   0: 1 0x00000000800050fa (0x5a5a0a1b) x20 0xfffffffffffd05a5
core   0: 0x00000000800050fe (0x00000a46) c.slli  s4, 17
core   0: 1 0x00000000800050fe (0x0a46) x20 0xfffffffa0b4a0000
core   0: 0x0000000080005100 (0xec9a0a13) addi    s4, s4, -311
core   0: 1 0x0000000080005100 (0xec9a0a13) x20 0xfffffffa0b49fec9
core   0: 0x0000000080005104 (0x02e74c3b) divw    s8, a4, a4
core   0: 1 0x0000000080005104 (0x02e74c3b) x24 0x0000000000000001
core   0: 0x0000000080005108 (0x12007047) fmsub.d ft0, ft0, ft0, ft2
core   0: 1 0x0000000080005108 (0x12007047) f0  0x7ff8000000000000
core   0: 0x000000008000510c (0x00e8181b) slliw   a6, a6, 14
core   0: 1 0x000000008000510c (0x00e8181b) x16 0x0000000001368000
core   0: 0x0000000080005110 (0xf110f973) csrrci  s2, mvendorid, 1
core   0: exception trap_illegal_instruction, epc 0x0000000080005110
core   0:           tval 0x00000000f110f973
core   0: >>>>  $xrv64i2p1_m2p0_a2p1_f2p2_d2p2_zicsr2p0_zifencei2p0_zmmul1p0_zba1p0_zbb1p0_zbc1p0_zbs1p0
core   0: 0x0000000080004000 (0x0080006f) j       pc + 0x8
core   0: 3 0x0000000080004000 (0x0080006f)
core   0: >>>>  mmode_exception_handler
core   0: 0x0000000080004008 (0x00002c17) auipc   s8, 0x2
core   0: 3 0x0000000080004008 (0x00002c17) x24 0x0000000080006008
core   0: 0x000000008000400c (0x072c0c13) addi    s8, s8, 114
core   0: 3 0x000000008000400c (0x072c0c13) x24 0x000000008000607a
core   0: 0x0000000080004010 (0x000c00e7) jalr    s8
core   0: 3 0x0000000080004010 (0x000c00e7) x1  0x0000000080004014
core   0: >>>>  any_handler
core   0: 0x000000008000607a (0x341027f3) csrrs   a5, mepc, zero
core   0: 3 0x000000008000607a (0x341027f3) x15 0x0000000080005110
core   0: 0x000000008000607e (0x34202773) csrrs   a4, mcause, zero
core   0: 3 0x000000008000607e (0x34202773) x14 0x0000000000000002
core   0: 0x0000000080006082 (0x142026f3) csrrs   a3, scause, zero
core   0: 3 0x0000000080006082 (0x142026f3) x13 0x0000000000000000
core   0: 0x0000000080006086 (0x30402673) csrrs   a2, mie, zero
core   0: 3 0x0000000080006086 (0x30402673) x12 0x0000000000000a00
core   0: 0x000000008000608a (0x344025f3) csrrs   a1, mip, zero
core   0: 3 0x000000008000608a (0x344025f3) x11 0x0000000000000080
core   0: 0x000000008000608e (0x343025f3) csrrs   a1, mtval, zero
core   0: 3 0x000000008000608e (0x343025f3) x11 0x00000000f110f973
core   0: 0x0000000080006092 (0x14302573) csrrs   a0, stval, zero
core   0: 3 0x0000000080006092 (0x14302573) x10 0x0000000000000000
core   0: 0x0000000080006096 (0xb02024f3) csrrs   s1, minstret, zero
core   0: 3 0x0000000080006096 (0xb02024f3) x9  0x0000000000000da8
core   0: 0x000000008000609a (0x0000a811) c.j     pc + 20
core   0: 3 0x000000008000609a (0xa811)
core   0: >>>>  mepc_4
core   0: 0x00000000800060ae (0x00000791) c.addi  a5, 4
core   0: 3 0x00000000800060ae (0x0791) x15 0x0000000080005114
core   0: 0x00000000800060b0 (0x34179073) csrrw   zero, mepc, a5
core   0: 3 0x00000000800060b0 (0x34179073) c833_mepc 0x0000000080005114
core   0: 0x00000000800060b4 (0x30200073) mret
core   0: 3 0x00000000800060b4 (0x30200073) c768_mstatus 0x8000000a00106080
core   0: 0x0000000080005114 (0x012e43b3) xor     t2, t3, s2
core   0: 1 0x0000000080005114 (0x012e43b3) x7  0xfffffffffffffb3f
core   0: 0x0000000080005118 (0xd03971d3) fcvt.s.lu ft3, s2
core   0: 1 0x0000000080005118 (0xd03971d3) f3  0xffffffff41c80000
core   0: 0x000000008000511c (0x41f5d51b) sraiw   a0, a1, 31
core   0: 1 0x000000008000511c (0x41f5d51b) x10 0xffffffffffffffff
core   0: 0x0000000080005120 (0x030288bb) mulw    a7, t0, a6
core   0: 1 0x0000000080005120 (0x030288bb) x17 0xfffffffffec98000
core   0: 0x0000000080005124 (0xc0482b73) csrrs   s6, hpmcounter4, a6
core   0: exception trap_illegal_instruction, epc 0x0000000080005124
core   0:           tval 0x00000000c0482b73
core   0: >>>>  $xrv64i2p1_m2p0_a2p1_f2p2_d2p2_zicsr2p0_zifencei2p0_zmmul1p0_zba1p0_zbb1p0_zbc1p0_zbs1p0
core   0: 0x0000000080004000 (0x0080006f) j       pc + 0x8
core   0: 3 0x0000000080004000 (0x0080006f)
core   0: >>>>  mmode_exception_handler
core   0: 0x0000000080004008 (0x00002c17) auipc   s8, 0x2
core   0: 3 0x0000000080004008 (0x00002c17) x24 0x0000000080006008
core   0: 0x000000008000400c (0x072c0c13) addi    s8, s8, 114
core   0: 3 0x000000008000400c (0x072c0c13) x24 0x000000008000607a
core   0: 0x0000000080004010 (0x000c00e7) jalr    s8
core   0: 3 0x0000000080004010 (0x000c00e7) x1  0x0000000080004014
core   0: >>>>  any_handler
core   0: 0x000000008000607a (0x341027f3) csrrs   a5, mepc, zero
core   0: 3 0x000000008000607a (0x341027f3) x15 0x0000000080005124
core   0: 0x000000008000607e (0x34202773) csrrs   a4, mcause, zero
core   0: 3 0x000000008000607e (0x34202773) x14 0x0000000000000002
core   0: 0x0000000080006082 (0x142026f3) csrrs   a3, scause, zero
core   0: 3 0x0000000080006082 (0x142026f3) x13 0x0000000000000000
core   0: 0x0000000080006086 (0x30402673) csrrs   a2, mie, zero
core   0: 3 0x0000000080006086 (0x30402673) x12 0x0000000000000a00
core   0: 0x000000008000608a (0x344025f3) csrrs   a1, mip, zero
core   0: 3 0x000000008000608a (0x344025f3) x11 0x0000000000000080
core   0: 0x000000008000608e (0x343025f3) csrrs   a1, mtval, zero
core   0: 3 0x000000008000608e (0x343025f3) x11 0x00000000c0482b73
core   0: 0x0000000080006092 (0x14302573) csrrs   a0, stval, zero
core   0: 3 0x0000000080006092 (0x14302573) x10 0x0000000000000000
core   0: 0x0000000080006096 (0xb02024f3) csrrs   s1, minstret, zero
core   0: 3 0x0000000080006096 (0xb02024f3) x9  0x0000000000000dbc
core   0: 0x000000008000609a (0x0000a811) c.j     pc + 20
core   0: 3 0x000000008000609a (0xa811)
core   0: >>>>  mepc_4
core   0: 0x00000000800060ae (0x00000791) c.addi  a5, 4
core   0: 3 0x00000000800060ae (0x0791) x15 0x0000000080005128
core   0: 0x00000000800060b0 (0x34179073) csrrw   zero, mepc, a5
core   0: 3 0x00000000800060b0 (0x34179073) c833_mepc 0x0000000080005128
core   0: 0x00000000800060b4 (0x30200073) mret
core   0: 3 0x00000000800060b4 (0x30200073) c768_mstatus 0x8000000a00106080
core   0: 0x0000000080005128 (0x5a1859b7) lui     s3, 0x5a185
core   0: 1 0x0000000080005128 (0x5a1859b7) x19 0x000000005a185000
core   0: 0x000000008000512c (0xf158f873) csrrci  a6, mconfigptr, 17
core   0: exception trap_illegal_instruction, epc 0x000000008000512c
core   0:           tval 0x00000000f158f873
core   0: >>>>  $xrv64i2p1_m2p0_a2p1_f2p2_d2p2_zicsr2p0_zifencei2p0_zmmul1p0_zba1p0_zbb1p0_zbc1p0_zbs1p0
core   0: 0x0000000080004000 (0x0080006f) j       pc + 0x8
core   0: 3 0x0000000080004000 (0x0080006f)
core   0: >>>>  mmode_exception_handler
core   0: 0x0000000080004008 (0x00002c17) auipc   s8, 0x2
core   0: 3 0x0000000080004008 (0x00002c17) x24 0x0000000080006008
core   0: 0x000000008000400c (0x072c0c13) addi    s8, s8, 114
core   0: 3 0x000000008000400c (0x072c0c13) x24 0x000000008000607a
core   0: 0x0000000080004010 (0x000c00e7) jalr    s8
core   0: 3 0x0000000080004010 (0x000c00e7) x1  0x0000000080004014
core   0: >>>>  any_handler
core   0: 0x000000008000607a (0x341027f3) csrrs   a5, mepc, zero
core   0: 3 0x000000008000607a (0x341027f3) x15 0x000000008000512c
core   0: 0x000000008000607e (0x34202773) csrrs   a4, mcause, zero
core   0: 3 0x000000008000607e (0x34202773) x14 0x0000000000000002
core   0: 0x0000000080006082 (0x142026f3) csrrs   a3, scause, zero
core   0: 3 0x0000000080006082 (0x142026f3) x13 0x0000000000000000
core   0: 0x0000000080006086 (0x30402673) csrrs   a2, mie, zero
core   0: 3 0x0000000080006086 (0x30402673) x12 0x0000000000000a00
core   0: 0x000000008000608a (0x344025f3) csrrs   a1, mip, zero
core   0: 3 0x000000008000608a (0x344025f3) x11 0x0000000000000080
core   0: 0x000000008000608e (0x343025f3) csrrs   a1, mtval, zero
core   0: 3 0x000000008000608e (0x343025f3) x11 0x00000000f158f873
core   0: 0x0000000080006092 (0x14302573) csrrs   a0, stval, zero
core   0: 3 0x0000000080006092 (0x14302573) x10 0x0000000000000000
core   0: 0x0000000080006096 (0xb02024f3) csrrs   s1, minstret, zero
core   0: 3 0x0000000080006096 (0xb02024f3) x9  0x0000000000000dcd
core   0: 0x000000008000609a (0x0000a811) c.j     pc + 20
core   0: 3 0x000000008000609a (0xa811)
core   0: >>>>  mepc_4
core   0: 0x00000000800060ae (0x00000791) c.addi  a5, 4
core   0: 3 0x00000000800060ae (0x0791) x15 0x0000000080005130
core   0: 0x00000000800060b0 (0x34179073) csrrw   zero, mepc, a5
core   0: 3 0x00000000800060b0 (0x34179073) c833_mepc 0x0000000080005130
core   0: 0x00000000800060b4 (0x30200073) mret
core   0: 3 0x00000000800060b4 (0x30200073) c768_mstatus 0x8000000a00106080
core   0: 0x0000000080005130 (0x00fb093b) addw    s2, s6, a5
core   0: 1 0x0000000080005130 (0x00fb093b) x18 0xffffffff80005130
core   0: 0x0000000080005134 (0xd03b7e53) fcvt.s.lu ft8, s6
core   0: 1 0x0000000080005134 (0xd03b7e53) f28 0xffffffff00000000
core   0: 0x0000000080005138 (0x41075a3b) sraw    s4, a4, a6
core   0: 1 0x0000000080005138 (0x41075a3b) x20 0x0000000000000002
core   0: 0x000000008000513c (0x02eb6733) rem     a4, s6, a4
core   0: 1 0x000000008000513c (0x02eb6733) x14 0x0000000000000000
core   0: 0x0000000080005140 (0x00170093) addi    ra, a4, 1
core   0: 1 0x0000000080005140 (0x00170093) x1  0x0000000000000001
core   0: 0x0000000080005144 (0x03f3d393) srli    t2, t2, 63
core   0: 1 0x0000000080005144 (0x03f3d393) x7  0x0000000000000001
core   0: 0x0000000080005148 (0x0180a1b3) slt     gp, ra, s8
core   0: 1 0x0000000080005148 (0x0180a1b3) x3  0x0000000000000001
core   0: 0x000000008000514c (0x3a70f5c7) fmsub.d fa1, ft1, ft7, ft7
core   0: 1 0x000000008000514c (0x3a70f5c7) f11 0x7ff8000000000000
core   0: 0x0000000080005150 (0x0196eb33) or      s6, a3, s9
core   0: 1 0x0000000080005150 (0x0196eb33) x22 0x0000000000000000
core   0: 0x0000000080005154 (0xc02bf053) fcvt.l.s zero, fs7
core   0: 1 0x0000000080005154 (0xc02bf053) c1_fflags 0x0000000000000011
core   0: 0x0000000080005158 (0xb156b997) auipc   s3, 0xb156b
core   0: 1 0x0000000080005158 (0xb156b997) x19 0x0000000031570158
core   0: 0x000000008000515c (0x007b2cb3) slt     s9, s6, t2
core   0: 1 0x000000008000515c (0x007b2cb3) x25 0x0000000000000001
core   0: 0x0000000080005160 (0xd21b02d3) fcvt.d.wu ft5, s6
core   0: 1 0x0000000080005160 (0xd21b02d3) f5  0x0000000000000000
core   0: 0x0000000080005164 (0x001021f3) csrrs   gp, fflags, zero
core   0: 1 0x0000000080005164 (0x001021f3) x3  0x0000000000000011
core   0: 0x0000000080005168 (0x0be27c53) fsub.d  fs8, ft4, ft10
core   0: 1 0x0000000080005168 (0x0be27c53) f24 0x4033000000000000
core   0: 0x000000008000516c (0x009805bb) addw    a1, a6, s1
core   0: 1 0x000000008000516c (0x009805bb) x11 0x0000000001368dcd
core   0: 0x0000000080005170 (0xc22170d3) fcvt.l.d ra, ft2
core   0: 1 0x0000000080005170 (0xc22170d3) c1_fflags 0x0000000000000011 x1  0x7fffffffffffffff
core   0: 0x0000000080005174 (0x01759e3b) sllw    t3, a1, s7
core   0: 1 0x0000000080005174 (0x01759e3b) x28 0x0000000001368dcd
core   0: 0x0000000080005178 (0x000d929b) slliw   t0, s11, 0
core   0: 1 0x0000000080005178 (0x000d929b) x5  0x00000000000003ff
core   0: 0x000000008000517c (0x420b0b53) fcvt.d.s fs6, fs6
core   0: 1 0x000000008000517c (0x420b0b53) f22 0x7ff8000000000000
core   0: 0x0000000080005180 (0x41c588bb) subw    a7, a1, t3
core   0: 1 0x0000000080005180 (0x41c588bb) x17 0x0000000000000000
core   0: 0x0000000080005184 (0xc01ee973) csrrsi  s2, time, 29
core   0: exception trap_illegal_instruction, epc 0x0000000080005184
core   0:           tval 0x00000000c01ee973
core   0: >>>>  $xrv64i2p1_m2p0_a2p1_f2p2_d2p2_zicsr2p0_zifencei2p0_zmmul1p0_zba1p0_zbb1p0_zbc1p0_zbs1p0
core   0: 0x0000000080004000 (0x0080006f) j       pc + 0x8
core   0: 3 0x0000000080004000 (0x0080006f)
core   0: >>>>  mmode_exception_handler
core   0: 0x0000000080004008 (0x00002c17) auipc   s8, 0x2
core   0: 3 0x0000000080004008 (0x00002c17) x24 0x0000000080006008
core   0: 0x000000008000400c (0x072c0c13) addi    s8, s8, 114
core   0: 3 0x000000008000400c (0x072c0c13) x24 0x000000008000607a
core   0: 0x0000000080004010 (0x000c00e7) jalr    s8
core   0: 3 0x0000000080004010 (0x000c00e7) x1  0x0000000080004014
core   0: >>>>  any_handler
core   0: 0x000000008000607a (0x341027f3) csrrs   a5, mepc, zero
core   0: 3 0x000000008000607a (0x341027f3) x15 0x0000000080005184
core   0: 0x000000008000607e (0x34202773) csrrs   a4, mcause, zero
core   0: 3 0x000000008000607e (0x34202773) x14 0x0000000000000002
core   0: 0x0000000080006082 (0x142026f3) csrrs   a3, scause, zero
core   0: 3 0x0000000080006082 (0x142026f3) x13 0x0000000000000000
core   0: 0x0000000080006086 (0x30402673) csrrs   a2, mie, zero
core   0: 3 0x0000000080006086 (0x30402673) x12 0x0000000000000a00
core   0: 0x000000008000608a (0x344025f3) csrrs   a1, mip, zero
core   0: 3 0x000000008000608a (0x344025f3) x11 0x0000000000000080
core   0: 0x000000008000608e (0x343025f3) csrrs   a1, mtval, zero
core   0: 3 0x000000008000608e (0x343025f3) x11 0x00000000c01ee973
core   0: 0x0000000080006092 (0x14302573) csrrs   a0, stval, zero
core   0: 3 0x0000000080006092 (0x14302573) x10 0x0000000000000000
core   0: 0x0000000080006096 (0xb02024f3) csrrs   s1, minstret, zero
core   0: 3 0x0000000080006096 (0xb02024f3) x9  0x0000000000000df2
core   0: 0x000000008000609a (0x0000a811) c.j     pc + 20
core   0: 3 0x000000008000609a (0xa811)
core   0: >>>>  mepc_4
core   0: 0x00000000800060ae (0x00000791) c.addi  a5, 4
core   0: 3 0x00000000800060ae (0x0791) x15 0x0000000080005188
core   0: 0x00000000800060b0 (0x34179073) csrrw   zero, mepc, a5
core   0: 3 0x00000000800060b0 (0x34179073) c833_mepc 0x0000000080005188
core   0: 0x00000000800060b4 (0x30200073) mret
core   0: 3 0x00000000800060b4 (0x30200073) c768_mstatus 0x8000000a00106080
core   0: 0x0000000080005188 (0xd20887d3) fcvt.d.w fa5, a7
core   0: 1 0x0000000080005188 (0xd20887d3) f15 0x0000000000000000
core   0: 0x000000008000518c (0x01294e33) xor     t3, s2, s2
core   0: 1 0x000000008000518c (0x01294e33) x28 0x0000000000000000
core   0: 0x0000000080005190 (0xef890b93) addi    s7, s2, -264
core   0: 1 0x0000000080005190 (0xef890b93) x23 0xffffffff80005028
core   0: 0x0000000080005194 (0x422a7347) fmsub.d ft6, fs4, ft2, fs0
core   0: 1 0x0000000080005194 (0x422a7347) f6  0x7ff8000000000000
core   0: 0x0000000080005198 (0xf250ff4f) fnmadd.d ft10, ft1, ft5, ft10
core   0: 1 0x0000000080005198 (0xf250ff4f) f30 0x7ff8000000000000
core   0: 0x000000008000519c (0xc202fd53) fcvt.w.d s10, ft5
core   0: 1 0x000000008000519c (0xc202fd53) x26 0x0000000000000000
core   0: 0x00000000800051a0 (0x43a5d913) srai    s2, a1, 58
core   0: 1 0x00000000800051a0 (0x43a5d913) x18 0x0000000000000000
core   0: 0x00000000800051a4 (0x00b5d13b) srlw    sp, a1, a1
core   0: 1 0x00000000800051a4 (0x00b5d13b) x2  0x0000000000001803
core   0: 0x00000000800051a8 (0xb32be693) ori     a3, s7, -1230
core   0: 1 0x00000000800051a8 (0xb32be693) x13 0xfffffffffffffb3a
core   0: 0x00000000800051ac (0xb2636337) lui     t1, 0xb2636
core   0: 1 0x00000000800051ac (0xb2636337) x6  0xffffffffb2636000
core   0: 0x00000000800051b0 (0x225f24d3) fsgnjx.d fs1, ft10, ft5
core   0: 1 0x00000000800051b0 (0x225f24d3) f9  0x7ff8000000000000
core   0: 0x00000000800051b4 (0x00102cf3) csrrs   s9, fflags, zero
core   0: 1 0x00000000800051b4 (0x00102cf3) x25 0x0000000000000011
core   0: 0x00000000800051b8 (0x40137fd3) fcvt.s.d ft11, ft6
core   0: 1 0x00000000800051b8 (0x40137fd3) f31 0xffffffff7fc00000
core   0: 0x00000000800051bc (0x420c80d3) fcvt.d.s ft1, fs9
core   0: 1 0x00000000800051bc (0x420c80d3) f1  0x7ff8000000000000
core   0: 0x00000000800051c0 (0x014c6a33) or      s4, s8, s4
core   0: 1 0x00000000800051c0 (0x014c6a33) x20 0x000000008000607a
core   0: 0x00000000800051c4 (0xd21a0553) fcvt.d.wu fa0, s4
core   0: 1 0x00000000800051c4 (0xd21a0553) f10 0x41e0000c0f400000
core   0: 0x00000000800051c8 (0x00000001) c.nop
core   0: 1 0x00000000800051c8 (0x0001)
core   0: 0x00000000800051ca (0x0329a3b3) mulhsu  t2, s3, s2
core   0: 1 0x00000000800051ca (0x0329a3b3) x7  0x0000000000000000
core   0: 0x00000000800051ce (0x02d9e933) rem     s2, s3, a3
core   0: 1 0x00000000800051ce (0x02d9e933) x18 0x000000000000013c
core   0: 0x00000000800051d2 (0x5250704b) fnmsub.d ft0, ft0, ft5, fa0
core   0: 1 0x00000000800051d2 (0x5250704b) f0  0x7ff8000000000000
core   0: 0x00000000800051d6 (0x40fb55bb) sraw    a1, s6, a5
core   0: 1 0x00000000800051d6 (0x40fb55bb) x11 0x0000000000000000
core   0: 0x00000000800051da (0xa3d5fd93) andi    s11, a1, -1475
core   0: 1 0x00000000800051da (0xa3d5fd93) x27 0x0000000000000000
core   0: 0x00000000800051de (0x4012f253) fcvt.s.d ft4, ft5
core   0: 1 0x00000000800051de (0x4012f253) f4  0xffffffff00000000
core   0: 0x00000000800051e2 (0x00107c13) andi    s8, zero, 1
core   0: 1 0x00000000800051e2 (0x00107c13) x24 0x0000000000000000
core   0: 0x00000000800051e6 (0x22328f53) fsgnj.d ft10, ft5, ft3
core   0: 1 0x00000000800051e6 (0x22328f53) f30 0x8000000000000000
core   0: 0x00000000800051ea (0xc2227953) fcvt.l.d s2, ft4
core   0: 1 0x00000000800051ea (0xc2227953) c1_fflags 0x0000000000000011 x18 0x7fffffffffffffff
core   0: 0x00000000800051ee (0x0319ea3b) remw    s4, s3, a7
core   0: 1 0x00000000800051ee (0x0319ea3b) x20 0x0000000031570158
core   0: 0x00000000800051f2 (0x00c018b3) sll     a7, zero, a2
core   0: 1 0x00000000800051f2 (0x00c018b3) x17 0x0000000000000000
core   0: 0x00000000800051f6 (0x0118d03b) srlw    zero, a7, a7
core   0: 1 0x00000000800051f6 (0x0118d03b)
core   0: 0x00000000800051fa (0xc80061f3) csrrsi  gp, cycleh, 0
core   0: exception trap_illegal_instruction, epc 0x00000000800051fa
core   0:           tval 0x00000000c80061f3
core   0: >>>>  $xrv64i2p1_m2p0_a2p1_f2p2_d2p2_zicsr2p0_zifencei2p0_zmmul1p0_zba1p0_zbb1p0_zbc1p0_zbs1p0
core   0: 0x0000000080004000 (0x0080006f) j       pc + 0x8
core   0: 3 0x0000000080004000 (0x0080006f)
core   0: >>>>  mmode_exception_handler
core   0: 0x0000000080004008 (0x00002c17) auipc   s8, 0x2
core   0: 3 0x0000000080004008 (0x00002c17) x24 0x0000000080006008
core   0: 0x000000008000400c (0x072c0c13) addi    s8, s8, 114
core   0: 3 0x000000008000400c (0x072c0c13) x24 0x000000008000607a
core   0: 0x0000000080004010 (0x000c00e7) jalr    s8
core   0: 3 0x0000000080004010 (0x000c00e7) x1  0x0000000080004014
core   0: >>>>  any_handler
core   0: 0x000000008000607a (0x341027f3) csrrs   a5, mepc, zero
core   0: 3 0x000000008000607a (0x341027f3) x15 0x00000000800051fa
core   0: 0x000000008000607e (0x34202773) csrrs   a4, mcause, zero
core   0: 3 0x000000008000607e (0x34202773) x14 0x0000000000000002
core   0: 0x0000000080006082 (0x142026f3) csrrs   a3, scause, zero
core   0: 3 0x0000000080006082 (0x142026f3) x13 0x0000000000000000
core   0: 0x0000000080006086 (0x30402673) csrrs   a2, mie, zero
core   0: 3 0x0000000080006086 (0x30402673) x12 0x0000000000000a00
core   0: 0x000000008000608a (0x344025f3) csrrs   a1, mip, zero
core   0: 3 0x000000008000608a (0x344025f3) x11 0x0000000000000080
core   0: 0x000000008000608e (0x343025f3) csrrs   a1, mtval, zero
core   0: 3 0x000000008000608e (0x343025f3) x11 0x00000000c80061f3
core   0: 0x0000000080006092 (0x14302573) csrrs   a0, stval, zero
core   0: 3 0x0000000080006092 (0x14302573) x10 0x0000000000000000
core   0: 0x0000000080006096 (0xb02024f3) csrrs   s1, minstret, zero
core   0: 3 0x0000000080006096 (0xb02024f3) x9  0x0000000000000e1f
core   0: 0x000000008000609a (0x0000a811) c.j     pc + 20
core   0: 3 0x000000008000609a (0xa811)
core   0: >>>>  mepc_4
core   0: 0x00000000800060ae (0x00000791) c.addi  a5, 4
core   0: 3 0x00000000800060ae (0x0791) x15 0x00000000800051fe
core   0: 0x00000000800060b0 (0x34179073) csrrw   zero, mepc, a5
core   0: 3 0x00000000800060b0 (0x34179073) c833_mepc 0x00000000800051fe
core   0: 0x00000000800060b4 (0x30200073) mret
core   0: 3 0x00000000800060b4 (0x30200073) c768_mstatus 0x8000000a00106080
core   0: 0x00000000800051fe (0x41f1db1b) sraiw   s6, gp, 31
core   0: 1 0x00000000800051fe (0x41f1db1b) x22 0x0000000000000000
core   0: 0x0000000080005202 (0x01b0d0bb) srlw    ra, ra, s11
core   0: 1 0x0000000080005202 (0x01b0d0bb) x1  0xffffffff80004014
core   0: 0x0000000080005206 (0x4010dabb) sraw    s5, ra, ra
core   0: 1 0x0000000080005206 (0x4010dabb) x21 0xfffffffffffff800
core   0: 0x000000008000520a (0x0231cabb) divw    s5, gp, gp
core   0: 1 0x000000008000520a (0x0231cabb) x21 0x0000000000000001
core   0: 0x000000008000520e (0x00429e33) sll     t3, t0, tp
core   0: 1 0x000000008000520e (0x00429e33) x28 0x0000ffc000000000
core   0: 0x0000000080005212 (0x0012103b) sllw    zero, tp, ra
core   0: 1 0x0000000080005212 (0x0012103b)
core   0: 0x0000000080005216 (0x0155d433) srl     s0, a1, s5
core   0: 1 0x0000000080005216 (0x0155d433) x8  0x00000000640030f9
core   0: 0x000000008000521a (0xa3e00253) fle.d   tp, ft0, ft10
core   0: 1 0x000000008000521a (0xa3e00253) c1_fflags 0x0000000000000011 x4  0x0000000000000000
core   0: 0x000000008000521e (0x4004d89b) sraiw   a7, s1, 0
core   0: 1 0x000000008000521e (0x4004d89b) x17 0x0000000000000e1f
core   0: 0x0000000080005222 (0x0ff0000f) fence   iorw,iorw
core   0: 1 0x0000000080005222 (0x0ff0000f)
core   0: 0x0000000080005226 (0x002024f3) csrrs   s1, frm, zero
core   0: 1 0x0000000080005226 (0x002024f3) x9  0x0000000000000002
core   0: 0x000000008000522a (0x000ed093) srli    ra, t4, 0
core   0: 1 0x000000008000522a (0x000ed093) x1  0x0000000089de80a2
core   0: 0x000000008000522e (0x004e141b) slliw   s0, t3, 4
core   0: 1 0x000000008000522e (0x004e141b) x8  0x0000000000000000
core   0: 0x0000000080005232 (0x0114129b) slliw   t0, s0, 17
core   0: 1 0x0000000080005232 (0x0114129b) x5  0x0000000000000000
core   0: 0x0000000080005236 (0x40f80c33) sub     s8, a6, a5
core   0: 1 0x0000000080005236 (0x40f80c33) x24 0xffffffff81362e02
core   0: 0x000000008000523a (0x02e4c733) div     a4, s1, a4
core   0: 1 0x000000008000523a (0x02e4c733) x14 0x0000000000000001
core   0: 0x000000008000523e (0xa92e7013) andi    zero, t3, -1390
core   0: 1 0x000000008000523e (0xa92e7013)
core   0: 0x0000000080005242 (0x5be40d17) auipc   s10, 0x5be40
core   0: 1 0x0000000080005242 (0x5be40d17) x26 0x00000000dbe45242
core   0: 0x0000000080005246 (0xd21d0753) fcvt.d.wu fa4, s10
core   0: 1 0x0000000080005246 (0xd21d0753) f14 0x41eb7c8a48400000
core   0: 0x000000008000524a (0x00be02bb) addw    t0, t3, a1
core   0: 1 0x000000008000524a (0x00be02bb) x5  0xffffffffc80061f3
core   0: 0x000000008000524e (0x0ae77553) fsub.d  fa0, fa4, fa4
core   0: 1 0x000000008000524e (0x0ae77553) f10 0x8000000000000000
core   0: 0x0000000080005252 (0x00008265) c.srli  a2, 25
core   0: 1 0x0000000080005252 (0x8265) x12 0x0000000000000000
core   0: 0x0000000080005254 (0x415c82b3) sub     t0, s9, s5
core   0: 1 0x0000000080005254 (0x415c82b3) x5  0x0000000000000010
core   0: 0x0000000080005258 (0x43fcd713) srai    a4, s9, 63
core   0: 1 0x0000000080005258 (0x43fcd713) x14 0x0000000000000000
core   0: 0x000000008000525c (0x4198843b) subw    s0, a7, s9
core   0: 1 0x000000008000525c (0x4198843b) x8  0x0000000000000e0e
core   0: 0x0000000080005260 (0x42078e53) fcvt.d.s ft8, fa5
core   0: 1 0x0000000080005260 (0x42078e53) f28 0x7ff8000000000000
core   0: 0x0000000080005264 (0x4097d4b3) sra     s1, a5, s1
core   0: 1 0x0000000080005264 (0x4097d4b3) x9  0x000000002000147f
core   0: 0x0000000080005268 (0x2b6e0253) fmin.d  ft4, ft8, fs6
core   0: 1 0x0000000080005268 (0x2b6e0253) f4  0x7ff8000000000000
core   0: 0x000000008000526c (0xa3c10d53) fle.d   s10, ft2, ft8
core   0: 1 0x000000008000526c (0xa3c10d53) c1_fflags 0x0000000000000011 x26 0x0000000000000000
core   0: 0x0000000080005270 (0xd21409d3) fcvt.d.wu fs3, s0
core   0: 1 0x0000000080005270 (0xd21409d3) f19 0x40ac1c0000000000
core   0: 0x0000000080005274 (0x02d4be33) mulhu   t3, s1, a3
core   0: 1 0x0000000080005274 (0x02d4be33) x28 0x0000000000000000
core   0: 0x0000000080005278 (0xd21e0e53) fcvt.d.wu ft8, t3
core   0: 1 0x0000000080005278 (0xd21e0e53) f28 0x0000000000000000
core   0: 0x000000008000527c (0xc22b7553) fcvt.l.d a0, fs6
core   0: 1 0x000000008000527c (0xc22b7553) c1_fflags 0x0000000000000011 x10 0x7fffffffffffffff
core   0: 0x0000000080005280 (0xc03b79d3) fcvt.lu.s s3, fs6
core   0: 1 0x0000000080005280 (0xc03b79d3) c1_fflags 0x0000000000000011 x19 0xffffffffffffffff
core   0: 0x0000000080005284 (0x40a40933) sub     s2, s0, a0
core   0: 1 0x0000000080005284 (0x40a40933) x18 0x8000000000000e0f
core   0: 0x0000000080005288 (0x00c9d49b) srliw   s1, s3, 12
core   0: 1 0x0000000080005288 (0x00c9d49b) x9  0x00000000000fffff
core   0: 0x000000008000528c (0x412bdbbb) sraw    s7, s7, s2
core   0: 1 0x000000008000528c (0x412bdbbb) x23 0xffffffffffff0000
core   0: 0x0000000080005290 (0xd03bfad3) fcvt.s.lu fs5, s7
core   0: 1 0x0000000080005290 (0xd03bfad3) c1_fflags 0x0000000000000011 f21 0xffffffff5f7fffff
core   0: 0x0000000080005294 (0xc2177753) fcvt.wu.d a4, fa4
core   0: 1 0x0000000080005294 (0xc2177753) x14 0xffffffffdbe45242
core   0: 0x0000000080005298 (0x02a57d33) remu    s10, a0, a0
core   0: 1 0x0000000080005298 (0x02a57d33) x26 0x0000000000000000
core   0: 0x000000008000529c (0x404787b3) sub     a5, a5, tp
core   0: 1 0x000000008000529c (0x404787b3) x15 0x00000000800051fe
core   0: 0x00000000800052a0 (0x4046d1bb) sraw    gp, a3, tp
core   0: 1 0x00000000800052a0 (0x4046d1bb) x3  0x0000000000000000
core   0: 0x00000000800052a4 (0x0015951b) slliw   a0, a1, 1
core   0: 1 0x00000000800052a4 (0x0015951b) x10 0xffffffff9000c3e6
core   0: 0x00000000800052a8 (0xc036f353) fcvt.lu.s t1, fa3
core   0: 1 0x00000000800052a8 (0xc036f353) c1_fflags 0x0000000000000011 x6  0xffffffffffffffff
core   0: 0x00000000800052ac (0xc22a78d3) fcvt.l.d a7, fs4
core   0: 1 0x00000000800052ac (0xc22a78d3) c1_fflags 0x0000000000000011 x17 0x7fffffffffffffff
core   0: 0x00000000800052b0 (0x7ff44413) xori    s0, s0, 2047
core   0: 1 0x00000000800052b0 (0x7ff44413) x8  0x00000000000009f1
core   0: 0x00000000800052b4 (0x028bdbb3) divu    s7, s7, s0
core   0: 1 0x00000000800052b4 (0x028bdbb3) x23 0x0019c039f0825d0b
core   0: 0x00000000800052b8 (0xd31af7cf) fnmadd.d fa5, fs5, fa7, fs10
core   0: 1 0x00000000800052b8 (0xd31af7cf) f15 0x7ff8000000000000
core   0: 0x00000000800052bc (0xc23d75d3) fcvt.lu.d a1, fs10
core   0: 1 0x00000000800052bc (0xc23d75d3) x11 0x0000000000000013
core   0: 0x00000000800052c0 (0x407455bb) sraw    a1, s0, t2
core   0: 1 0x00000000800052c0 (0x407455bb) x11 0x00000000000009f1
core   0: 0x00000000800052c4 (0x034e2ab3) mulhsu  s5, t3, s4
core   0: 1 0x00000000800052c4 (0x034e2ab3) x21 0x0000000000000000
core   0: 0x00000000800052c8 (0xd024fad3) fcvt.s.l fs5, s1
core   0: 1 0x00000000800052c8 (0xd024fad3) f21 0xffffffff497ffff0
core   0: 0x00000000800052cc (0x1368f553) fmul.d  fa0, fa7, fs6
core   0: 1 0x00000000800052cc (0x1368f553) f10 0x7ff8000000000000
core   0: 0x00000000800052d0 (0x0135d49b) srliw   s1, a1, 19
core   0: 1 0x00000000800052d0 (0x0135d49b) x9  0x0000000000000000
core   0: 0x00000000800052d4 (0x014a11b3) sll     gp, s4, s4
core   0: 1 0x00000000800052d4 (0x014a11b3) x3  0x0031570158000000
core   0: 0x00000000800052d8 (0x005a9c1b) slliw   s8, s5, 5
core   0: 1 0x00000000800052d8 (0x005a9c1b) x24 0x0000000000000000
core   0: 0x00000000800052dc (0x034c55b3) divu    a1, s8, s4
core   0: 1 0x00000000800052dc (0x034c55b3) x11 0x0000000000000000
core   0: 0x00000000800052e0 (0x00131713) slli    a4, t1, 1
core   0: 1 0x00000000800052e0 (0x00131713) x14 0xfffffffffffffffe
core   0: 0x00000000800052e4 (0x4086843b) subw    s0, a3, s0
core   0: 1 0x00000000800052e4 (0x4086843b) x8  0xfffffffffffff60f
core   0: 0x00000000800052e8 (0x00175a9b) srliw   s5, a4, 1
core   0: 1 0x00000000800052e8 (0x00175a9b) x21 0x000000007fffffff
core   0: 0x00000000800052ec (0x402a8e33) sub     t3, s5, sp
core   0: 1 0x00000000800052ec (0x402a8e33) x28 0x000000007fffe7fc
core   0: 0x00000000800052f0 (0x22adadd3) fsgnjx.d fs11, fs11, fa0
core   0: 1 0x00000000800052f0 (0x22adadd3) f27 0xffffffff00000000
core   0: 0x00000000800052f4 (0xc23378d3) fcvt.lu.d a7, ft6
core   0: 1 0x00000000800052f4 (0xc23378d3) c1_fflags 0x0000000000000011 x17 0xffffffffffffffff
core   0: 0x00000000800052f8 (0x2bb49153) fmax.d  ft2, fs1, fs11
core   0: 1 0x00000000800052f8 (0x2bb49153) f2  0x7ff8000000000000
core   0: 0x00000000800052fc (0x001e573b) srlw    a4, t3, ra
core   0: 1 0x00000000800052fc (0x001e573b) x14 0x000000001ffff9ff
core   0: 0x0000000080005300 (0x00e7ddb3) srl     s11, a5, a4
core   0: 1 0x0000000080005300 (0x00e7ddb3) x27 0x0000000000000000
core   0: 0x0000000080005304 (0x0b0a7a53) fsub.d  fs4, fs4, fa6
core   0: 1 0x0000000080005304 (0x0b0a7a53) f20 0x7ff8000000000000
core   0: 0x0000000080005308 (0x02a87953) fadd.d  fs2, fa6, fa0
core   0: 1 0x0000000080005308 (0x02a87953) f18 0x7ff8000000000000
core   0: 0x000000008000530c (0xccb2e337) lui     t1, 0xccb2e
core   0: 1 0x000000008000530c (0xccb2e337) x6  0xffffffffccb2e000
core   0: 0x0000000080005310 (0x002013f3) csrrw   t2, frm, zero
core   0: 1 0x0000000080005310 (0x002013f3) x7  0x0000000000000002 c2_frm 0x0000000000000000
core   0: 0x0000000080005314 (0x0125dcbb) srlw    s9, a1, s2
core   0: 1 0x0000000080005314 (0x0125dcbb) x25 0x0000000000000000
core   0: 0x0000000080005318 (0x10a66073) csrrsi  zero, senvcfg, 12
core   0: 1 0x0000000080005318 (0x10a66073) c266_senvcfg 0x0000000000000000
core   0: 0x000000008000531c (0x00000001) c.nop
core   0: 1 0x000000008000531c (0x0001)
core   0: 0x000000008000531e (0x000d009b) sext.w  ra, s10
core   0: 1 0x000000008000531e (0x000d009b) x1  0x0000000000000000
core   0: 0x0000000080005322 (0x00d1c933) xor     s2, gp, a3
core   0: 1 0x0000000080005322 (0x00d1c933) x18 0x0031570158000000
core   0: 0x0000000080005326 (0x4176d41b) sraiw   s0, a3, 23
core   0: 1 0x0000000080005326 (0x4176d41b) x8  0x0000000000000000
core   0: 0x000000008000532a (0x0a0ef6cb) fnmsub.d fa3, ft9, ft0, ft1
core   0: 1 0x000000008000532a (0x0a0ef6cb) f13 0x7ff8000000000000
core   0: 0x000000008000532e (0x4a18734b) fnmsub.d ft6, fa6, ft1, fs1
core   0: 1 0x000000008000532e (0x4a18734b) f6  0x7ff8000000000000
core   0: 0x0000000080005332 (0x00102c73) csrrs   s8, fflags, zero
core   0: 1 0x0000000080005332 (0x00102c73) x24 0x0000000000000011
core   0: 0x0000000080005336 (0x41ae1597) auipc   a1, 0x41ae1
core   0: 1 0x0000000080005336 (0x41ae1597) x11 0x00000000c1ae6336
core   0: 0x000000008000533a (0x019c82bb) addw    t0, s9, s9
core   0: 1 0x000000008000533a (0x019c82bb) x5  0x0000000000000000
core   0: 0x000000008000533e (0xd0267c53) fcvt.s.l fs8, a2
core   0: 1 0x000000008000533e (0xd0267c53) f24 0xffffffff00000000
core   0: 0x0000000080005342 (0x00b588b3) add     a7, a1, a1
core   0: 1 0x0000000080005342 (0x00b588b3) x17 0x00000001835cc66c
core   0: 0x0000000080005346 (0xd03bfbd3) fcvt.s.lu fs7, s7
core   0: 1 0x0000000080005346 (0xd03bfbd3) c1_fflags 0x0000000000000011 f23 0xffffffff59ce01d0
core   0: 0x000000008000534a (0xb341fd43) fmadd.d fs10, ft3, fs4, fs6
core   0: 1 0x000000008000534a (0xb341fd43) f26 0x7ff8000000000000
core   0: 0x000000008000534e (0xc22b7253) fcvt.l.d tp, fs6
core   0: 1 0x000000008000534e (0xc22b7253) c1_fflags 0x0000000000000011 x4  0x7fffffffffffffff
core   0: 0x0000000080005352 (0xfb086813) ori     a6, a6, -80
core   0: 1 0x0000000080005352 (0xfb086813) x16 0xffffffffffffffb0
core   0: 0x0000000080005356 (0x010e023b) addw    tp, t3, a6
core   0: 1 0x0000000080005356 (0x010e023b) x4  0x000000007fffe7ac
core   0: 0x000000008000535a (0x501dfa93) andi    s5, s11, 1281
core   0: 1 0x000000008000535a (0x501dfa93) x21 0x0000000000000000
core   0: 0x000000008000535e (0x01516433) or      s0, sp, s5
core   0: 1 0x000000008000535e (0x01516433) x8  0x0000000000001803
core   0: 0x0000000080005362 (0x0352b433) mulhu   s0, t0, s5
core   0: 1 0x0000000080005362 (0x0352b433) x8  0x0000000000000000
core   0: 0x0000000080005366 (0xc208f2d3) fcvt.w.d t0, fa7
core   0: 1 0x0000000080005366 (0xc208f2d3) c1_fflags 0x0000000000000011 x5  0x000000007fffffff
core   0: 0x000000008000536a (0x018c59bb) srlw    s3, s8, s8
core   0: 1 0x000000008000536a (0x018c59bb) x19 0x0000000000000000
core   0: 0x000000008000536e (0x0039919b) slliw   gp, s3, 3
core   0: 1 0x000000008000536e (0x0039919b) x3  0x0000000000000000
core   0: 0x0000000080005372 (0x1b4d78d3) fdiv.d  fa7, fs10, fs4
core   0: 1 0x0000000080005372 (0x1b4d78d3) f17 0x7ff8000000000000
core   0: 0x0000000080005376 (0x0291db33) divu    s6, gp, s1
core   0: 1 0x0000000080005376 (0x0291db33) x22 0xffffffffffffffff
core   0: 0x000000008000537a (0x02420ab3) mul     s5, tp, tp
core   0: 1 0x000000008000537a (0x02420ab3) x21 0x3fffe7ac024fdb90
core   0: 0x000000008000537e (0x00102373) csrrs   t1, fflags, zero
core   0: 1 0x000000008000537e (0x00102373) x6  0x0000000000000011
core   0: 0x0000000080005382 (0xc03b12f3) csrrw   t0, hpmcounter3, s6
core   0: exception trap_illegal_instruction, epc 0x0000000080005382
core   0:           tval 0x00000000c03b12f3
core   0: >>>>  $xrv64i2p1_m2p0_a2p1_f2p2_d2p2_zicsr2p0_zifencei2p0_zmmul1p0_zba1p0_zbb1p0_zbc1p0_zbs1p0
core   0: 0x0000000080004000 (0x0080006f) j       pc + 0x8
core   0: 3 0x0000000080004000 (0x0080006f)
core   0: >>>>  mmode_exception_handler
core   0: 0x0000000080004008 (0x00002c17) auipc   s8, 0x2
core   0: 3 0x0000000080004008 (0x00002c17) x24 0x0000000080006008
core   0: 0x000000008000400c (0x072c0c13) addi    s8, s8, 114
core   0: 3 0x000000008000400c (0x072c0c13) x24 0x000000008000607a
core   0: 0x0000000080004010 (0x000c00e7) jalr    s8
core   0: 3 0x0000000080004010 (0x000c00e7) x1  0x0000000080004014
core   0: >>>>  any_handler
core   0: 0x000000008000607a (0x341027f3) csrrs   a5, mepc, zero
core   0: 3 0x000000008000607a (0x341027f3) x15 0x0000000080005382
core   0: 0x000000008000607e (0x34202773) csrrs   a4, mcause, zero
core   0: 3 0x000000008000607e (0x34202773) x14 0x0000000000000002
core   0: 0x0000000080006082 (0x142026f3) csrrs   a3, scause, zero
core   0: 3 0x0000000080006082 (0x142026f3) x13 0x0000000000000000
core   0: 0x0000000080006086 (0x30402673) csrrs   a2, mie, zero
core   0: 3 0x0000000080006086 (0x30402673) x12 0x0000000000000a00
core   0: 0x000000008000608a (0x344025f3) csrrs   a1, mip, zero
core   0: 3 0x000000008000608a (0x344025f3) x11 0x0000000000000080
core   0: 0x000000008000608e (0x343025f3) csrrs   a1, mtval, zero
core   0: 3 0x000000008000608e (0x343025f3) x11 0x00000000c03b12f3
core   0: 0x0000000080006092 (0x14302573) csrrs   a0, stval, zero
core   0: 3 0x0000000080006092 (0x14302573) x10 0x0000000000000000
core   0: 0x0000000080006096 (0xb02024f3) csrrs   s1, minstret, zero
core   0: 3 0x0000000080006096 (0xb02024f3) x9  0x0000000000000e91
core   0: 0x000000008000609a (0x0000a811) c.j     pc + 20
core   0: 3 0x000000008000609a (0xa811)
core   0: >>>>  mepc_4
core   0: 0x00000000800060ae (0x00000791) c.addi  a5, 4
core   0: 3 0x00000000800060ae (0x0791) x15 0x0000000080005386
core   0: 0x00000000800060b0 (0x34179073) csrrw   zero, mepc, a5
core   0: 3 0x00000000800060b0 (0x34179073) c833_mepc 0x0000000080005386
core   0: 0x00000000800060b4 (0x30200073) mret
core   0: 3 0x00000000800060b4 (0x30200073) c768_mstatus 0x8000000a00106080
core   0: 0x0000000080005386 (0x02956533) rem     a0, a0, s1
core   0: 1 0x0000000080005386 (0x02956533) x10 0x0000000000000000
core   0: 0x000000008000538a (0x000bccb3) xor     s9, s7, zero
core   0: 1 0x000000008000538a (0x000bccb3) x25 0x0019c039f0825d0b
core   0: 0x000000008000538e (0x41d65a3b) sraw    s4, a2, t4
core   0: 1 0x000000008000538e (0x41d65a3b) x20 0x0000000000000280
core   0: 0x0000000080005392 (0x026cee3b) remw    t3, s9, t1
core   0: 1 0x0000000080005392 (0x026cee3b) x28 0xfffffffffffffffd
core   0: 0x0000000080005396 (0x01fedc1b) srliw   s8, t4, 31
core   0: 1 0x0000000080005396 (0x01fedc1b) x24 0x0000000000000001
core   0: 0x000000008000539a (0x02596633) rem     a2, s2, t0
core   0: 1 0x000000008000539a (0x02596633) x12 0x000000005862ae02
core   0: 0x000000008000539e (0x02c9eebb) remw    t4, s3, a2
core   0: 1 0x000000008000539e (0x02c9eebb) x29 0x0000000000000000
core   0: 0x00000000800053a2 (0x002ece33) xor     t3, t4, sp
core   0: 1 0x00000000800053a2 (0x002ece33) x28 0x0000000000001803
core   0: 0x00000000800053a6 (0x8000cd93) xori    s11, ra, -2048
core   0: 1 0x00000000800053a6 (0x8000cd93) x27 0xffffffff7fffb814
core   0: 0x00000000800053aa (0x001027f3) csrrs   a5, fflags, zero
core   0: 1 0x00000000800053aa (0x001027f3) x15 0x0000000000000011
core   0: 0x00000000800053ae (0x00102af3) csrrs   s5, fflags, zero
core   0: 1 0x00000000800053ae (0x00102af3) x21 0x0000000000000011
core   0: 0x00000000800053b2 (0x00202a73) csrrs   s4, frm, zero
core   0: 1 0x00000000800053b2 (0x00202a73) x20 0x0000000000000000
core   0: 0x00000000800053b6 (0x0012d293) srli    t0, t0, 1
core   0: 1 0x00000000800053b6 (0x0012d293) x5  0x000000003fffffff
core   0: 0x00000000800053ba (0xd20a0353) fcvt.d.w ft6, s4
core   0: 1 0x00000000800053ba (0xd20a0353) f6  0x0000000000000000
core   0: 0x00000000800053be (0x320a3073) csrrc   zero, mcountinhibit, s4
core   0: exception trap_illegal_instruction, epc 0x00000000800053be
core   0:           tval 0x00000000320a3073
core   0: >>>>  $xrv64i2p1_m2p0_a2p1_f2p2_d2p2_zicsr2p0_zifencei2p0_zmmul1p0_zba1p0_zbb1p0_zbc1p0_zbs1p0
core   0: 0x0000000080004000 (0x0080006f) j       pc + 0x8
core   0: 3 0x0000000080004000 (0x0080006f)
core   0: >>>>  mmode_exception_handler
core   0: 0x0000000080004008 (0x00002c17) auipc   s8, 0x2
core   0: 3 0x0000000080004008 (0x00002c17) x24 0x0000000080006008
core   0: 0x000000008000400c (0x072c0c13) addi    s8, s8, 114
core   0: 3 0x000000008000400c (0x072c0c13) x24 0x000000008000607a
core   0: 0x0000000080004010 (0x000c00e7) jalr    s8
core   0: 3 0x0000000080004010 (0x000c00e7) x1  0x0000000080004014
core   0: >>>>  any_handler
core   0: 0x000000008000607a (0x341027f3) csrrs   a5, mepc, zero
core   0: 3 0x000000008000607a (0x341027f3) x15 0x00000000800053be
core   0: 0x000000008000607e (0x34202773) csrrs   a4, mcause, zero
core   0: 3 0x000000008000607e (0x34202773) x14 0x0000000000000002
core   0: 0x0000000080006082 (0x142026f3) csrrs   a3, scause, zero
core   0: 3 0x0000000080006082 (0x142026f3) x13 0x0000000000000000
core   0: 0x0000000080006086 (0x30402673) csrrs   a2, mie, zero
core   0: 3 0x0000000080006086 (0x30402673) x12 0x0000000000000a00
core   0: 0x000000008000608a (0x344025f3) csrrs   a1, mip, zero
core   0: 3 0x000000008000608a (0x344025f3) x11 0x0000000000000080
core   0: 0x000000008000608e (0x343025f3) csrrs   a1, mtval, zero
core   0: 3 0x000000008000608e (0x343025f3) x11 0x00000000320a3073
core   0: 0x0000000080006092 (0x14302573) csrrs   a0, stval, zero
core   0: 3 0x0000000080006092 (0x14302573) x10 0x0000000000000000
core   0: 0x0000000080006096 (0xb02024f3) csrrs   s1, minstret, zero
core   0: 3 0x0000000080006096 (0xb02024f3) x9  0x0000000000000eaf
core   0: 0x000000008000609a (0x0000a811) c.j     pc + 20
core   0: 3 0x000000008000609a (0xa811)
core   0: >>>>  mepc_4
core   0: 0x00000000800060ae (0x00000791) c.addi  a5, 4
core   0: 3 0x00000000800060ae (0x0791) x15 0x00000000800053c2
core   0: 0x00000000800060b0 (0x34179073) csrrw   zero, mepc, a5
core   0: 3 0x00000000800060b0 (0x34179073) c833_mepc 0x00000000800053c2
core   0: 0x00000000800060b4 (0x30200073) mret
core   0: 3 0x00000000800060b4 (0x30200073) c768_mstatus 0x8000000a00106080
core   0: 0x00000000800053c2 (0x400ada93) srai    s5, s5, 0
core   0: 1 0x00000000800053c2 (0x400ada93) x21 0x0000000000000011
core   0: 0x00000000800053c6 (0x02079b33) mulh    s6, a5, zero
core   0: 1 0x00000000800053c6 (0x02079b33) x22 0x0000000000000000
core   0: 0x00000000800053ca (0xd3a6ff4b) fnmsub.d ft10, fa3, fs10, fs10
core   0: 1 0x00000000800053ca (0xd3a6ff4b) f30 0x7ff8000000000000
core   0: 0x00000000800053ce (0xf1361573) csrrw   a0, mimpid, a2
core   0: exception trap_illegal_instruction, epc 0x00000000800053ce
core   0:           tval 0x00000000f1361573
core   0: >>>>  $xrv64i2p1_m2p0_a2p1_f2p2_d2p2_zicsr2p0_zifencei2p0_zmmul1p0_zba1p0_zbb1p0_zbc1p0_zbs1p0
core   0: 0x0000000080004000 (0x0080006f) j       pc + 0x8
core   0: 3 0x0000000080004000 (0x0080006f)
core   0: >>>>  mmode_exception_handler
core   0: 0x0000000080004008 (0x00002c17) auipc   s8, 0x2
core   0: 3 0x0000000080004008 (0x00002c17) x24 0x0000000080006008
core   0: 0x000000008000400c (0x072c0c13) addi    s8, s8, 114
core   0: 3 0x000000008000400c (0x072c0c13) x24 0x000000008000607a
core   0: 0x0000000080004010 (0x000c00e7) jalr    s8
core   0: 3 0x0000000080004010 (0x000c00e7) x1  0x0000000080004014
core   0: >>>>  any_handler
core   0: 0x000000008000607a (0x341027f3) csrrs   a5, mepc, zero
core   0: 3 0x000000008000607a (0x341027f3) x15 0x00000000800053ce
core   0: 0x000000008000607e (0x34202773) csrrs   a4, mcause, zero
core   0: 3 0x000000008000607e (0x34202773) x14 0x0000000000000002
core   0: 0x0000000080006082 (0x142026f3) csrrs   a3, scause, zero
core   0: 3 0x0000000080006082 (0x142026f3) x13 0x0000000000000000
core   0: 0x0000000080006086 (0x30402673) csrrs   a2, mie, zero
core   0: 3 0x0000000080006086 (0x30402673) x12 0x0000000000000a00
core   0: 0x000000008000608a (0x344025f3) csrrs   a1, mip, zero
core   0: 3 0x000000008000608a (0x344025f3) x11 0x0000000000000080
core   0: 0x000000008000608e (0x343025f3) csrrs   a1, mtval, zero
core   0: 3 0x000000008000608e (0x343025f3) x11 0x00000000f1361573
core   0: 0x0000000080006092 (0x14302573) csrrs   a0, stval, zero
core   0: 3 0x0000000080006092 (0x14302573) x10 0x0000000000000000
core   0: 0x0000000080006096 (0xb02024f3) csrrs   s1, minstret, zero
core   0: 3 0x0000000080006096 (0xb02024f3) x9  0x0000000000000ec2
core   0: 0x000000008000609a (0x0000a811) c.j     pc + 20
core   0: 3 0x000000008000609a (0xa811)
core   0: >>>>  mepc_4
core   0: 0x00000000800060ae (0x00000791) c.addi  a5, 4
core   0: 3 0x00000000800060ae (0x0791) x15 0x00000000800053d2
core   0: 0x00000000800060b0 (0x34179073) csrrw   zero, mepc, a5
core   0: 3 0x00000000800060b0 (0x34179073) c833_mepc 0x00000000800053d2
core   0: 0x00000000800060b4 (0x30200073) mret
core   0: 3 0x00000000800060b4 (0x30200073) c768_mstatus 0x8000000a00106080
core   0: 0x00000000800053d2 (0xd21786d3) fcvt.d.wu fa3, a5
core   0: 1 0x00000000800053d2 (0xd21786d3) f13 0x41e0000a7a400000
core   0: 0x00000000800053d6 (0x01399d33) sll     s10, s3, s3
core   0: 1 0x00000000800053d6 (0x01399d33) x26 0x0000000000000000
core   0: 0x00000000800053da (0x40c18eb3) sub     t4, gp, a2
core   0: 1 0x00000000800053da (0x40c18eb3) x29 0xfffffffffffff600
core   0: 0x00000000800053de (0xa26a0953) fle.d   s2, fs4, ft6
core   0: 1 0x00000000800053de (0xa26a0953) c1_fflags 0x0000000000000011 x18 0x0000000000000000
core   0: 0x00000000800053e2 (0x00299b73) csrrw   s6, frm, s3
core   0: 1 0x00000000800053e2 (0x00299b73) x22 0x0000000000000000 c2_frm 0x0000000000000000
core   0: 0x00000000800053e6 (0x033b2cb3) mulhsu  s9, s6, s3
core   0: 1 0x00000000800053e6 (0x033b2cb3) x25 0x0000000000000000
core   0: 0x00000000800053ea (0x0093939b) slliw   t2, t2, 9
core   0: 1 0x00000000800053ea (0x0093939b) x7  0x0000000000000400
core   0: 0x00000000800053ee (0x00a51533) sll     a0, a0, a0
core   0: 1 0x00000000800053ee (0x00a51533) x10 0x0000000000000000
core   0: 0x00000000800053f2 (0x0ff0000f) fence   iorw,iorw
core   0: 1 0x00000000800053f2 (0x0ff0000f)
core   0: 0x00000000800053f6 (0xce106793) ori     a5, zero, -799
core   0: 1 0x00000000800053f6 (0xce106793) x15 0xfffffffffffffce1
core   0: 0x00000000800053fa (0x02274433) div     s0, a4, sp
core   0: 1 0x00000000800053fa (0x02274433) x8  0x0000000000000000
core   0: 0x00000000800053fe (0x231d9153) fsgnjn.d ft2, fs11, fa7
core   0: 1 0x00000000800053fe (0x231d9153) f2  0xffffffff00000000
core   0: 0x0000000080005402 (0x41528933) sub     s2, t0, s5
core   0: 1 0x0000000080005402 (0x41528933) x18 0x000000003fffffee
core   0: 0x0000000080005406 (0x41f25a1b) sraiw   s4, tp, 31
core   0: 1 0x0000000080005406 (0x41f25a1b) x20 0x0000000000000000
core   0: 0x000000008000540a (0x6228f643) fmadd.d fa2, fa7, ft2, fa2
core   0: 1 0x000000008000540a (0x6228f643) f12 0x7ff8000000000000
core   0: 0x000000008000540e (0x01b41433) sll     s0, s0, s11
core   0: 1 0x000000008000540e (0x01b41433) x8  0x0000000000000000
core   0: 0x0000000080005412 (0x405484bb) subw    s1, s1, t0
core   0: 1 0x0000000080005412 (0x405484bb) x9  0xffffffffc0000ec3
core   0: 0x0000000080005416 (0x2b610b53) fmin.d  fs6, ft2, fs6
core   0: 1 0x0000000080005416 (0x2b610b53) f22 0x7ff8000000000000
core   0: 0x000000008000541a (0x02738eb3) mul     t4, t2, t2
core   0: 1 0x000000008000541a (0x02738eb3) x29 0x0000000000100000
core   0: 0x000000008000541e (0x025397b3) mulh    a5, t2, t0
core   0: 1 0x000000008000541e (0x025397b3) x15 0x0000000000000000
core   0: 0x0000000080005422 (0x41898d33) sub     s10, s3, s8
core   0: 1 0x0000000080005422 (0x41898d33) x26 0xffffffff7fff9f86
core   0: 0x0000000080005426 (0x002028f3) csrrs   a7, frm, zero
core   0: 1 0x0000000080005426 (0x002028f3) x17 0x0000000000000000
core   0: 0x000000008000542a (0xc0367d53) fcvt.lu.s s10, fa2
core   0: 1 0x000000008000542a (0xc0367d53) c1_fflags 0x0000000000000011 x26 0xffffffffffffffff
core   0: 0x000000008000542e (0x40175b9b) sraiw   s7, a4, 1
core   0: 1 0x000000008000542e (0x40175b9b) x23 0x0000000000000001
core   0: 0x0000000080005432 (0x01805133) srl     sp, zero, s8
core   0: 1 0x0000000080005432 (0x01805133) x2  0x0000000000000000
core   0: 0x0000000080005436 (0xd20b82d3) fcvt.d.w ft5, s7
core   0: 1 0x0000000080005436 (0xd20b82d3) f5  0x3ff0000000000000
core   0: 0x000000008000543a (0x01ab8e33) add     t3, s7, s10
core   0: 1 0x000000008000543a (0x01ab8e33) x28 0x0000000000000000
core   0: 0x000000008000543e (0x033ba733) mulhsu  a4, s7, s3
core   0: 1 0x000000008000543e (0x033ba733) x14 0x0000000000000000
core   0: 0x0000000080005442 (0x00000001) c.nop
core   0: 1 0x0000000080005442 (0x0001)
core   0: 0x0000000080005444 (0xc232f053) fcvt.lu.d zero, ft5
core   0: 1 0x0000000080005444 (0xc232f053)
core   0: 0x0000000080005448 (0x002411f3) csrrw   gp, frm, s0
core   0: 1 0x0000000080005448 (0x002411f3) x3  0x0000000000000000 c2_frm 0x0000000000000000
core   0: 0x000000008000544c (0x003b1b3b) sllw    s6, s6, gp
core   0: 1 0x000000008000544c (0x003b1b3b) x22 0x0000000000000000
core   0: 0x0000000080005450 (0x416a5c1b) sraiw   s8, s4, 22
core   0: 1 0x0000000080005450 (0x416a5c1b) x24 0x0000000000000000
core   0: 0x0000000080005454 (0x23dc2a53) fsgnjx.d fs4, fs8, ft9
core   0: 1 0x0000000080005454 (0x23dc2a53) f20 0xffffffff00000000
core   0: 0x0000000080005458 (0x416b5a3b) sraw    s4, s6, s6
core   0: 1 0x0000000080005458 (0x416b5a3b) x20 0x0000000000000000
core   0: 0x000000008000545c (0x001c0213) addi    tp, s8, 1
core   0: 1 0x000000008000545c (0x001c0213) x4  0x0000000000000001
core   0: 0x0000000080005460 (0x41aa579b) sraiw   a5, s4, 26
core   0: 1 0x0000000080005460 (0x41aa579b) x15 0x0000000000000000
core   0: 0x0000000080005464 (0x40c48633) sub     a2, s1, a2
core   0: 1 0x0000000080005464 (0x40c48633) x12 0xffffffffc00004c3
core   0: 0x0000000080005468 (0x5ab175c7) fmsub.d fa1, ft2, fa1, fa1
core   0: 1 0x0000000080005468 (0x5ab175c7) f11 0x7ff8000000000000
core   0: 0x000000008000546c (0x0b3cf9d3) fsub.d  fs3, fs9, fs3
core   0: 1 0x000000008000546c (0x0b3cf9d3) c1_fflags 0x0000000000000011 f19 0xc0abe4930a2f4f67
core   0: 0x0000000080005470 (0x007badb3) slt     s11, s7, t2
core   0: 1 0x0000000080005470 (0x007badb3) x27 0x0000000000000001
core   0: 0x0000000080005474 (0xd038f1d3) fcvt.s.lu ft3, a7
core   0: 1 0x0000000080005474 (0xd038f1d3) f3  0xffffffff00000000
core   0: 0x0000000080005478 (0x407dd7b3) sra     a5, s11, t2
core   0: 1 0x0000000080005478 (0x407dd7b3) x15 0x0000000000000001
core   0: 0x000000008000547c (0x420387d3) fcvt.d.s fa5, ft7
core   0: 1 0x000000008000547c (0x420387d3) f15 0x7ff8000000000000
core   0: 0x0000000080005480 (0x0ff0000f) fence   iorw,iorw
core   0: 1 0x0000000080005480 (0x0ff0000f)
core   0: 0x0000000080005484 (0x01c78033) add     zero, a5, t3
core   0: 1 0x0000000080005484 (0x01c78033)
core   0: 0x0000000080005488 (0x71307d13) andi    s10, zero, 1811
core   0: 1 0x0000000080005488 (0x71307d13) x26 0x0000000000000000
core   0: 0x000000008000548c (0x001911f3) csrrw   gp, fflags, s2
core   0: 1 0x000000008000548c (0x001911f3) x3  0x0000000000000011 c1_fflags 0x000000000000000e
core   0: 0x0000000080005490 (0x420c83d3) fcvt.d.s ft7, fs9
core   0: 1 0x0000000080005490 (0x420c83d3) f7  0x7ff8000000000000
core   0: 0x0000000080005494 (0xfa0af743) fmadd.d fa4, fs5, ft0, ft11
core   0: 1 0x0000000080005494 (0xfa0af743) f14 0x7ff8000000000000
core   0: 0x0000000080005498 (0x0238ddbb) divuw   s11, a7, gp
core   0: 1 0x0000000080005498 (0x0238ddbb) x27 0x0000000000000000
core   0: 0x000000008000549c (0x00000001) c.nop
core   0: 1 0x000000008000549c (0x0001)
core   0: 0x000000008000549e (0x00756433) or      s0, a0, t2
core   0: 1 0x000000008000549e (0x00756433) x8  0x0000000000000400
core   0: 0x00000000800054a2 (0x02914eb3) div     t4, sp, s1
core   0: 1 0x00000000800054a2 (0x02914eb3) x29 0x0000000000000000
core   0: 0x00000000800054a6 (0x012c2c33) slt     s8, s8, s2
core   0: 1 0x00000000800054a6 (0x012c2c33) x24 0x0000000000000001
core   0: 0x00000000800054aa (0xb0a5c593) xori    a1, a1, -1270
core   0: 1 0x00000000800054aa (0xb0a5c593) x11 0xffffffff0ec9ee79
core   0: 0x00000000800054ae (0x00b92a33) slt     s4, s2, a1
core   0: 1 0x00000000800054ae (0x00b92a33) x20 0x0000000000000000
core   0: 0x00000000800054b2 (0x00c59633) sll     a2, a1, a2
core   0: 1 0x00000000800054b2 (0x00c59633) x12 0xfffffff8764f73c8
core   0: 0x00000000800054b6 (0xc04867f3) csrrsi  a5, hpmcounter4, 16
core   0: exception trap_illegal_instruction, epc 0x00000000800054b6
core   0:           tval 0x00000000c04867f3
core   0: >>>>  $xrv64i2p1_m2p0_a2p1_f2p2_d2p2_zicsr2p0_zifencei2p0_zmmul1p0_zba1p0_zbb1p0_zbc1p0_zbs1p0
core   0: 0x0000000080004000 (0x0080006f) j       pc + 0x8
core   0: 3 0x0000000080004000 (0x0080006f)
core   0: >>>>  mmode_exception_handler
core   0: 0x0000000080004008 (0x00002c17) auipc   s8, 0x2
core   0: 3 0x0000000080004008 (0x00002c17) x24 0x0000000080006008
core   0: 0x000000008000400c (0x072c0c13) addi    s8, s8, 114
core   0: 3 0x000000008000400c (0x072c0c13) x24 0x000000008000607a
core   0: 0x0000000080004010 (0x000c00e7) jalr    s8
core   0: 3 0x0000000080004010 (0x000c00e7) x1  0x0000000080004014
core   0: >>>>  any_handler
core   0: 0x000000008000607a (0x341027f3) csrrs   a5, mepc, zero
core   0: 3 0x000000008000607a (0x341027f3) x15 0x00000000800054b6
core   0: 0x000000008000607e (0x34202773) csrrs   a4, mcause, zero
core   0: 3 0x000000008000607e (0x34202773) x14 0x0000000000000002
core   0: 0x0000000080006082 (0x142026f3) csrrs   a3, scause, zero
core   0: 3 0x0000000080006082 (0x142026f3) x13 0x0000000000000000
core   0: 0x0000000080006086 (0x30402673) csrrs   a2, mie, zero
core   0: 3 0x0000000080006086 (0x30402673) x12 0x0000000000000a00
core   0: 0x000000008000608a (0x344025f3) csrrs   a1, mip, zero
core   0: 3 0x000000008000608a (0x344025f3) x11 0x0000000000000080
core   0: 0x000000008000608e (0x343025f3) csrrs   a1, mtval, zero
core   0: 3 0x000000008000608e (0x343025f3) x11 0x00000000c04867f3
core   0: 0x0000000080006092 (0x14302573) csrrs   a0, stval, zero
core   0: 3 0x0000000080006092 (0x14302573) x10 0x0000000000000000
core   0: 0x0000000080006096 (0xb02024f3) csrrs   s1, minstret, zero
core   0: 3 0x0000000080006096 (0xb02024f3) x9  0x0000000000000f0c
core   0: 0x000000008000609a (0x0000a811) c.j     pc + 20
core   0: 3 0x000000008000609a (0xa811)
core   0: >>>>  mepc_4
core   0: 0x00000000800060ae (0x00000791) c.addi  a5, 4
core   0: 3 0x00000000800060ae (0x0791) x15 0x00000000800054ba
core   0: 0x00000000800060b0 (0x34179073) csrrw   zero, mepc, a5
core   0: 3 0x00000000800060b0 (0x34179073) c833_mepc 0x00000000800054ba
core   0: 0x00000000800060b4 (0x30200073) mret
core   0: 3 0x00000000800060b4 (0x30200073) c768_mstatus 0x8000000a00106080
core   0: 0x00000000800054ba (0xd2297d53) fcvt.d.l fs10, s2
core   0: 1 0x00000000800054ba (0xd2297d53) f26 0x41cffffff7000000
core   0: 0x00000000800054be (0x0007ea33) or      s4, a5, zero
core   0: 1 0x00000000800054be (0x0007ea33) x20 0x00000000800054ba
core   0: 0x00000000800054c2 (0x40260dbb) subw    s11, a2, sp
core   0: 1 0x00000000800054c2 (0x40260dbb) x27 0x0000000000000a00
core   0: 0x00000000800054c6 (0x2a6d9653) fmax.d  fa2, fs11, ft6
core   0: 1 0x00000000800054c6 (0x2a6d9653) f12 0x0000000000000000
core   0: 0x00000000800054ca (0x3200d2f3) csrrwi  t0, mcountinhibit, 1
core   0: exception trap_illegal_instruction, epc 0x00000000800054ca
core   0:           tval 0x000000003200d2f3
core   0: >>>>  $xrv64i2p1_m2p0_a2p1_f2p2_d2p2_zicsr2p0_zifencei2p0_zmmul1p0_zba1p0_zbb1p0_zbc1p0_zbs1p0
core   0: 0x0000000080004000 (0x0080006f) j       pc + 0x8
core   0: 3 0x0000000080004000 (0x0080006f)
core   0: >>>>  mmode_exception_handler
core   0: 0x0000000080004008 (0x00002c17) auipc   s8, 0x2
core   0: 3 0x0000000080004008 (0x00002c17) x24 0x0000000080006008
core   0: 0x000000008000400c (0x072c0c13) addi    s8, s8, 114
core   0: 3 0x000000008000400c (0x072c0c13) x24 0x000000008000607a
core   0: 0x0000000080004010 (0x000c00e7) jalr    s8
core   0: 3 0x0000000080004010 (0x000c00e7) x1  0x0000000080004014
core   0: >>>>  any_handler
core   0: 0x000000008000607a (0x341027f3) csrrs   a5, mepc, zero
core   0: 3 0x000000008000607a (0x341027f3) x15 0x00000000800054ca
core   0: 0x000000008000607e (0x34202773) csrrs   a4, mcause, zero
core   0: 3 0x000000008000607e (0x34202773) x14 0x0000000000000002
core   0: 0x0000000080006082 (0x142026f3) csrrs   a3, scause, zero
core   0: 3 0x0000000080006082 (0x142026f3) x13 0x0000000000000000
core   0: 0x0000000080006086 (0x30402673) csrrs   a2, mie, zero
core   0: 3 0x0000000080006086 (0x30402673) x12 0x0000000000000a00
core   0: 0x000000008000608a (0x344025f3) csrrs   a1, mip, zero
core   0: 3 0x000000008000608a (0x344025f3) x11 0x0000000000000080
core   0: 0x000000008000608e (0x343025f3) csrrs   a1, mtval, zero
core   0: 3 0x000000008000608e (0x343025f3) x11 0x000000003200d2f3
core   0: 0x0000000080006092 (0x14302573) csrrs   a0, stval, zero
core   0: 3 0x0000000080006092 (0x14302573) x10 0x0000000000000000
core   0: 0x0000000080006096 (0xb02024f3) csrrs   s1, minstret, zero
core   0: 3 0x0000000080006096 (0xb02024f3) x9  0x0000000000000f20
core   0: 0x000000008000609a (0x0000a811) c.j     pc + 20
core   0: 3 0x000000008000609a (0xa811)
core   0: >>>>  mepc_4
core   0: 0x00000000800060ae (0x00000791) c.addi  a5, 4
core   0: 3 0x00000000800060ae (0x0791) x15 0x00000000800054ce
core   0: 0x00000000800060b0 (0x34179073) csrrw   zero, mepc, a5
core   0: 3 0x00000000800060b0 (0x34179073) c833_mepc 0x00000000800054ce
core   0: 0x00000000800060b4 (0x30200073) mret
core   0: 3 0x00000000800060b4 (0x30200073) c768_mstatus 0x8000000a00106080
core   0: 0x00000000800054ce (0x03423233) mulhu   tp, tp, s4
core   0: 1 0x00000000800054ce (0x03423233) x4  0x0000000000000000
core   0: 0x00000000800054d2 (0xd6f27313) andi    t1, tp, -657
core   0: 1 0x00000000800054d2 (0xd6f27313) x6  0x0000000000000000
core   0: 0x00000000800054d6 (0x014c76b3) and     a3, s8, s4
core   0: 1 0x00000000800054d6 (0x014c76b3) x13 0x000000008000403a
core   0: 0x00000000800054da (0x776eee93) ori     t4, t4, 1910
core   0: 1 0x00000000800054da (0x776eee93) x29 0x0000000000000776
core   0: 0x00000000800054de (0x409ed833) sra     a6, t4, s1
core   0: 1 0x00000000800054de (0x409ed833) x16 0x0000000000000000
core   0: 0x00000000800054e2 (0x0309693b) remw    s2, s2, a6
core   0: 1 0x00000000800054e2 (0x0309693b) x18 0x000000003fffffee
core   0: 0x00000000800054e6 (0xc03a7dd3) fcvt.lu.s s11, fs4
core   0: 1 0x00000000800054e6 (0xc03a7dd3) x27 0x0000000000000000
core   0: 0x00000000800054ea (0x03895c33) divu    s8, s2, s8
core   0: 1 0x00000000800054ea (0x03895c33) x24 0x0000000000000000
core   0: 0x00000000800054ee (0xc20670d3) fcvt.w.d ra, fa2
core   0: 1 0x00000000800054ee (0xc20670d3) x1  0x0000000000000000
core   0: 0x00000000800054f2 (0x0ff0000f) fence   iorw,iorw
core   0: 1 0x00000000800054f2 (0x0ff0000f)
core   0: 0x00000000800054f6 (0x0326b733) mulhu   a4, a3, s2
core   0: 1 0x00000000800054f6 (0x0326b733) x14 0x0000000000000000
core   0: 0x00000000800054fa (0x0010d2b3) srl     t0, ra, ra
core   0: 1 0x00000000800054fa (0x0010d2b3) x5  0x0000000000000000
core   0: 0x00000000800054fe (0x2acd0b53) fmin.d  fs6, fs10, fa2
core   0: 1 0x00000000800054fe (0x2acd0b53) f22 0x0000000000000000
core   0: 0x0000000080005502 (0x4016d89b) sraiw   a7, a3, 1
core   0: 1 0x0000000080005502 (0x4016d89b) x17 0xffffffffc000201d
core   0: 0x0000000080005506 (0x42475793) srai    a5, a4, 36
core   0: 1 0x0000000080005506 (0x42475793) x15 0x0000000000000000
core   0: 0x000000008000550a (0xc22ff353) fcvt.l.d t1, ft11
core   0: 1 0x000000008000550a (0xc22ff353) c1_fflags 0x000000000000001e x6  0x7fffffffffffffff
core   0: 0x000000008000550e (0x2ba79453) fmax.d  fs0, fa5, fs10
core   0: 1 0x000000008000550e (0x2ba79453) f8  0x41cffffff7000000
core   0: 0x0000000080005512 (0x4086d713) srai    a4, a3, 8
core   0: 1 0x0000000080005512 (0x4086d713) x14 0x0000000000800040
core   0: 0x0000000080005516 (0x03929cb3) mulh    s9, t0, s9
core   0: 1 0x0000000080005516 (0x03929cb3) x25 0x0000000000000000
core   0: 0x000000008000551a (0x03c97e53) fadd.d  ft8, fs2, ft8
core   0: 1 0x000000008000551a (0x03c97e53) f28 0x7ff8000000000000
core   0: 0x000000008000551e (0x12d1f6d3) fmul.d  fa3, ft3, fa3
core   0: 1 0x000000008000551e (0x12d1f6d3) f13 0x7ff8000000000000
core   0: 0x0000000080005522 (0x005b9833) sll     a6, s7, t0
core   0: 1 0x0000000080005522 (0x005b9833) x16 0x0000000000000001
core   0: 0x0000000080005526 (0x013169b3) or      s3, sp, s3
core   0: 1 0x0000000080005526 (0x013169b3) x19 0x0000000000000000
core   0: 0x000000008000552a (0x00151a73) csrrw   s4, fflags, a0
core   0: 1 0x000000008000552a (0x00151a73) x20 0x000000000000001e c1_fflags 0x0000000000000000
core   0: 0x000000008000552e (0x4019f5d3) fcvt.s.d fa1, fs3
core   0: 1 0x000000008000552e (0x4019f5d3) c1_fflags 0x0000000000000001 f11 0xffffffffc55f2498
core   0: 0x0000000080005532 (0x413502b3) sub     t0, a0, s3
core   0: 1 0x0000000080005532 (0x413502b3) x5  0x0000000000000000
core   0: 0x0000000080005536 (0x00119d13) slli    s10, gp, 1
core   0: 1 0x0000000080005536 (0x00119d13) x26 0x0000000000000022
core   0: 0x000000008000553a (0x002095f3) csrrw   a1, frm, ra
core   0: 1 0x000000008000553a (0x002095f3) x11 0x0000000000000000 c2_frm 0x0000000000000000
core   0: 0x000000008000553e (0x401d5493) srai    s1, s10, 1
core   0: 1 0x000000008000553e (0x401d5493) x9  0x0000000000000011
core   0: 0x0000000080005542 (0x032d7c33) remu    s8, s10, s2
core   0: 1 0x0000000080005542 (0x032d7c33) x24 0x0000000000000022
core   0: 0x0000000080005546 (0xc03ffad3) fcvt.lu.s s5, ft11
core   0: 1 0x0000000080005546 (0xc03ffad3) c1_fflags 0x0000000000000011 x21 0xffffffffffffffff
core   0: 0x000000008000554a (0x038af6b3) remu    a3, s5, s8
core   0: 1 0x000000008000554a (0x038af6b3) x13 0x0000000000000011
core   0: 0x000000008000554e (0x00fb1a33) sll     s4, s6, a5
core   0: 1 0x000000008000554e (0x00fb1a33) x20 0x0000000000000000
core   0: 0x0000000080005552 (0x0096adb3) slt     s11, a3, s1
core   0: 1 0x0000000080005552 (0x0096adb3) x27 0x0000000000000000
core   0: 0x0000000080005556 (0x02a57553) fadd.d  fa0, fa0, fa0
core   0: 1 0x0000000080005556 (0x02a57553) f10 0x7ff8000000000000
core   0: 0x000000008000555a (0xf3f5fccf) fnmadd.d fs9, fa1, ft11, ft10
core   0: 1 0x000000008000555a (0xf3f5fccf) f25 0x7ff8000000000000
core   0: 0x000000008000555e (0x23d51e53) fsgnjn.d ft8, fa0, ft9
core   0: 1 0x000000008000555e (0x23d51e53) f28 0xfff8000000000000
core   0: 0x0000000080005562 (0x03dcdcbb) divuw   s9, s9, t4
core   0: 1 0x0000000080005562 (0x03dcdcbb) x25 0x0000000000000000
core   0: 0x0000000080005566 (0xc2157153) fcvt.wu.d sp, fa0
core   0: 1 0x0000000080005566 (0xc2157153) c1_fflags 0x0000000000000011 x2  0xffffffffffffffff
core   0: 0x000000008000556a (0x401a5793) srai    a5, s4, 1
core   0: 1 0x000000008000556a (0x401a5793) x15 0x0000000000000000
core   0: 0x000000008000556e (0x0ff0000f) fence   iorw,iorw
core   0: 1 0x000000008000556e (0x0ff0000f)
core   0: 0x0000000080005572 (0x002ca033) slt     zero, s9, sp
core   0: 1 0x0000000080005572 (0x002ca033)
core   0: 0x0000000080005576 (0x6c97ac13) slti    s8, a5, 1737
core   0: 1 0x0000000080005576 (0x6c97ac13) x24 0x0000000000000001
core   0: 0x000000008000557a (0x038160bb) remw    ra, sp, s8
core   0: 1 0x000000008000557a (0x038160bb) x1  0x0000000000000000
core   0: 0x000000008000557e (0x00d08cb3) add     s9, ra, a3
core   0: 1 0x000000008000557e (0x00d08cb3) x25 0x0000000000000011
core   0: 0x0000000080005582 (0x43f4d213) srai    tp, s1, 63
core   0: 1 0x0000000080005582 (0x43f4d213) x4  0x0000000000000000
core   0: 0x0000000080005586 (0xa3c50ed3) fle.d   t4, fa0, ft8
core   0: 1 0x0000000080005586 (0xa3c50ed3) c1_fflags 0x0000000000000011 x29 0x0000000000000000
core   0: 0x000000008000558a (0x0ab17153) fsub.d  ft2, ft2, fa1
core   0: 1 0x000000008000558a (0x0ab17153) f2  0x7ff8000000000000
core   0: 0x000000008000558e (0x01881133) sll     sp, a6, s8
core   0: 1 0x000000008000558e (0x01881133) x2  0x0000000000000002
core   0: 0x0000000080005592 (0xd21e8dd3) fcvt.d.wu fs11, t4
core   0: 1 0x0000000080005592 (0xd21e8dd3) f27 0x0000000000000000
core   0: 0x0000000080005596 (0xf99be937) lui     s2, 0xf99be
core   0: 1 0x0000000080005596 (0xf99be937) x18 0xfffffffff99be000
core   0: 0x000000008000559a (0xa799091b) addiw   s2, s2, -1415
core   0: 1 0x000000008000559a (0xa799091b) x18 0xfffffffff99bda79
core   0: 0x000000008000559e (0x00000932) c.slli  s2, 12
core   0: 1 0x000000008000559e (0x0932) x18 0xffffff99bda79000
core   0: 0x00000000800055a0 (0x68990913) addi    s2, s2, 1673
core   0: 1 0x00000000800055a0 (0x68990913) x18 0xffffff99bda79689
core   0: 0x00000000800055a4 (0x245e9b97) auipc   s7, 0x245e9
core   0: 1 0x00000000800055a4 (0x245e9b97) x23 0x00000000a45ee5a4
core   0: 0x00000000800055a8 (0x00000001) c.nop
core   0: 1 0x00000000800055a8 (0x0001)
core   0: 0x00000000800055aa (0x10a0e073) csrrsi  zero, senvcfg, 1
core   0: 1 0x00000000800055aa (0x10a0e073) c266_senvcfg 0x0000000000000000
core   0: 0x00000000800055ae (0x842efe37) lui     t3, 0x842ef
core   0: 1 0x00000000800055ae (0x842efe37) x28 0xffffffff842ef000
core   0: 0x00000000800055b2 (0xc22efdd3) fcvt.l.d s11, ft9
core   0: 1 0x00000000800055b2 (0xc22efdd3) c1_fflags 0x0000000000000011 x27 0x7fffffffffffffff
core   0: 0x00000000800055b6 (0x035dc0bb) divw    ra, s11, s5
core   0: 1 0x00000000800055b6 (0x035dc0bb) x1  0x0000000000000001
core   0: 0x00000000800055ba (0x2223a2d3) fsgnjx.d ft5, ft7, ft2
core   0: 1 0x00000000800055ba (0x2223a2d3) f5  0x7ff8000000000000
core   0: 0x00000000800055be (0xbf134513) xori    a0, t1, -1039
core   0: 1 0x00000000800055be (0xbf134513) x10 0x800000000000040e
core   0: 0x00000000800055c2 (0xf1105d73) csrrwi  s10, mvendorid, 0
core   0: exception trap_illegal_instruction, epc 0x00000000800055c2
core   0:           tval 0x00000000f1105d73
core   0: >>>>  $xrv64i2p1_m2p0_a2p1_f2p2_d2p2_zicsr2p0_zifencei2p0_zmmul1p0_zba1p0_zbb1p0_zbc1p0_zbs1p0
core   0: 0x0000000080004000 (0x0080006f) j       pc + 0x8
core   0: 3 0x0000000080004000 (0x0080006f)
core   0: >>>>  mmode_exception_handler
core   0: 0x0000000080004008 (0x00002c17) auipc   s8, 0x2
core   0: 3 0x0000000080004008 (0x00002c17) x24 0x0000000080006008
core   0: 0x000000008000400c (0x072c0c13) addi    s8, s8, 114
core   0: 3 0x000000008000400c (0x072c0c13) x24 0x000000008000607a
core   0: 0x0000000080004010 (0x000c00e7) jalr    s8
core   0: 3 0x0000000080004010 (0x000c00e7) x1  0x0000000080004014
core   0: >>>>  any_handler
core   0: 0x000000008000607a (0x341027f3) csrrs   a5, mepc, zero
core   0: 3 0x000000008000607a (0x341027f3) x15 0x00000000800055c2
core   0: 0x000000008000607e (0x34202773) csrrs   a4, mcause, zero
core   0: 3 0x000000008000607e (0x34202773) x14 0x0000000000000002
core   0: 0x0000000080006082 (0x142026f3) csrrs   a3, scause, zero
core   0: 3 0x0000000080006082 (0x142026f3) x13 0x0000000000000000
core   0: 0x0000000080006086 (0x30402673) csrrs   a2, mie, zero
core   0: 3 0x0000000080006086 (0x30402673) x12 0x0000000000000a00
core   0: 0x000000008000608a (0x344025f3) csrrs   a1, mip, zero
core   0: 3 0x000000008000608a (0x344025f3) x11 0x0000000000000080
core   0: 0x000000008000608e (0x343025f3) csrrs   a1, mtval, zero
core   0: 3 0x000000008000608e (0x343025f3) x11 0x00000000f1105d73
core   0: 0x0000000080006092 (0x14302573) csrrs   a0, stval, zero
core   0: 3 0x0000000080006092 (0x14302573) x10 0x0000000000000000
core   0: 0x0000000080006096 (0xb02024f3) csrrs   s1, minstret, zero
core   0: 3 0x0000000080006096 (0xb02024f3) x9  0x0000000000000f6e
core   0: 0x000000008000609a (0x0000a811) c.j     pc + 20
core   0: 3 0x000000008000609a (0xa811)
core   0: >>>>  mepc_4
core   0: 0x00000000800060ae (0x00000791) c.addi  a5, 4
core   0: 3 0x00000000800060ae (0x0791) x15 0x00000000800055c6
core   0: 0x00000000800060b0 (0x34179073) csrrw   zero, mepc, a5
core   0: 3 0x00000000800060b0 (0x34179073) c833_mepc 0x00000000800055c6
core   0: 0x00000000800060b4 (0x30200073) mret
core   0: 3 0x00000000800060b4 (0x30200073) c768_mstatus 0x8000000a00106080
core   0: 0x00000000800055c6 (0x413ed9b3) sra     s3, t4, s3
core   0: 1 0x00000000800055c6 (0x413ed9b3) x19 0x0000000000000000
core   0: 0x00000000800055ca (0x01b952bb) srlw    t0, s2, s11
core   0: 1 0x00000000800055ca (0x01b952bb) x5  0x0000000000000001
core   0: 0x00000000800055ce (0x420c8f53) fcvt.d.s ft10, fs9
core   0: 1 0x00000000800055ce (0x420c8f53) f30 0x7ff8000000000000
core   0: 0x00000000800055d2 (0x7ffdf113) andi    sp, s11, 2047
core   0: 1 0x00000000800055d2 (0x7ffdf113) x2  0x00000000000007ff
core   0: 0x00000000800055d6 (0xd2180dd3) fcvt.d.wu fs11, a6
core   0: 1 0x00000000800055d6 (0xd2180dd3) f27 0x3ff0000000000000
core   0: 0x00000000800055da (0x22530eb7) lui     t4, 0x22530
core   0: 1 0x00000000800055da (0x22530eb7) x29 0x0000000022530000
core   0: 0x00000000800055de (0x00000001) c.nop
core   0: 1 0x00000000800055de (0x0001)
core   0: 0x00000000800055e0 (0x13defed3) fmul.d  ft9, ft9, ft9
core   0: 1 0x00000000800055e0 (0x13defed3) f29 0x7ff8000000000000
core   0: 0x00000000800055e4 (0x2230f043) fmadd.d ft0, ft1, ft3, ft4
core   0: 1 0x00000000800055e4 (0x2230f043) f0  0x7ff8000000000000
core   0: 0x00000000800055e8 (0xf20d8a53) fmv.d.x fs4, s11
core   0: 1 0x00000000800055e8 (0xf20d8a53) f20 0x7fffffffffffffff
core   0: 0x00000000800055ec (0x406a8ab3) sub     s5, s5, t1
core   0: 1 0x00000000800055ec (0x406a8ab3) x21 0x8000000000000000
core   0: 0x00000000800055f0 (0x03ab2333) mulhsu  t1, s6, s10
core   0: 1 0x00000000800055f0 (0x03ab2333) x6  0x0000000000000000
core   0: 0x00000000800055f4 (0x00151b9b) slliw   s7, a0, 1
core   0: 1 0x00000000800055f4 (0x00151b9b) x23 0x0000000000000000
core   0: 0x00000000800055f8 (0x00001c7e) c.slli  s8, 63
core   0: 1 0x00000000800055f8 (0x1c7e) x24 0x0000000000000000
core   0: 0x00000000800055fa (0x030d2cb3) mulhsu  s9, s10, a6
core   0: 1 0x00000000800055fa (0x030d2cb3) x25 0x0000000000000000
core   0: 0x00000000800055fe (0x40147853) fcvt.s.d fa6, fs0
core   0: 1 0x00000000800055fe (0x40147853) c1_fflags 0x0000000000000011 f16 0xffffffff4e800000
core   0: 0x0000000080005602 (0x234a1253) fsgnjn.d ft4, fs4, fs4
core   0: 1 0x0000000080005602 (0x234a1253) f4  0xffffffffffffffff
core   0: 0x0000000080005606 (0x00000001) c.nop
core   0: 1 0x0000000080005606 (0x0001)
core   0: 0x0000000080005608 (0x00000001) c.nop
core   0: 1 0x0000000080005608 (0x0001)
core   0: 0x000000008000560a (0x000d9d9b) slliw   s11, s11, 0
core   0: 1 0x000000008000560a (0x000d9d9b) x27 0xffffffffffffffff
core   0: 0x000000008000560e (0x5e4ce813) ori     a6, s9, 1508
core   0: 1 0x000000008000560e (0x5e4ce813) x16 0x00000000000005e4
core   0: 0x0000000080005612 (0xa20a2153) feq.d   sp, fs4, ft0
core   0: 1 0x0000000080005612 (0xa20a2153) x2  0x0000000000000000
core   0: 0x0000000080005616 (0x01530bbb) addw    s7, t1, s5
core   0: 1 0x0000000080005616 (0x01530bbb) x23 0x0000000000000000
core   0: 0x000000008000561a (0x01511133) sll     sp, sp, s5
core   0: 1 0x000000008000561a (0x01511133) x2  0x0000000000000000
core   0: 0x000000008000561e (0x4c244513) xori    a0, s0, 1218
core   0: 1 0x000000008000561e (0x4c244513) x10 0x00000000000000c2
core   0: 0x0000000080005622 (0x0375733b) remuw   t1, a0, s7
core   0: 1 0x0000000080005622 (0x0375733b) x6  0x00000000000000c2
core   0: 0x0000000080005626 (0x41d50cbb) subw    s9, a0, t4
core   0: 1 0x0000000080005626 (0x41d50cbb) x25 0xffffffffddad00c2
core   0: 0x000000008000562a (0x23bdfdcf) fnmadd.d fs11, fs11, fs11, ft4
core   0: 1 0x000000008000562a (0x23bdfdcf) f27 0x7ff8000000000000
core   0: 0x000000008000562e (0x0159553b) srlw    a0, s2, s5
core   0: 1 0x000000008000562e (0x0159553b) x10 0xffffffffbda79689
core   0: 0x0000000080005632 (0x2aae9ed3) fmax.d  ft9, ft9, fa0
core   0: 1 0x0000000080005632 (0x2aae9ed3) f29 0x7ff8000000000000
core   0: 0x0000000080005636 (0x22d116d3) fsgnjn.d fa3, ft2, fa3
core   0: 1 0x0000000080005636 (0x22d116d3) f13 0xfff8000000000000
core   0: 0x000000008000563a (0x41308dbb) subw    s11, ra, s3
core   0: 1 0x000000008000563a (0x41308dbb) x27 0xffffffff80004014
core   0: 0x000000008000563e (0x22dea353) fsgnjx.d ft6, ft9, fa3
core   0: 1 0x000000008000563e (0x22dea353) f6  0xfff8000000000000
core   0: 0x0000000080005642 (0xd23c7853) fcvt.d.lu fa6, s8
core   0: 1 0x0000000080005642 (0xd23c7853) f16 0x0000000000000000
core   0: 0x0000000080005646 (0x40edd793) srai    a5, s11, 14
core   0: 1 0x0000000080005646 (0x40edd793) x15 0xfffffffffffe0001
core   0: 0x000000008000564a (0x402d0bb3) sub     s7, s10, sp
core   0: 1 0x000000008000564a (0x402d0bb3) x23 0x0000000000000022
core   0: 0x000000008000564e (0x020d7833) remu    a6, s10, zero
core   0: 1 0x000000008000564e (0x020d7833) x16 0x0000000000000022
core   0: 0x0000000080005652 (0x00f69613) slli    a2, a3, 15
core   0: 1 0x0000000080005652 (0x00f69613) x12 0x0000000000000000
core   0: 0x0000000080005656 (0x010e08bb) addw    a7, t3, a6
core   0: 1 0x0000000080005656 (0x010e08bb) x17 0xffffffff842ef022
core   0: 0x000000008000565a (0x0dcf5197) auipc   gp, 0xdcf5
core   0: 1 0x000000008000565a (0x0dcf5197) x3  0x000000008dcfa65a
core   0: 0x000000008000565e (0x40ca5dbb) sraw    s11, s4, a2
core   0: 1 0x000000008000565e (0x40ca5dbb) x27 0x0000000000000000
core   0: 0x0000000080005662 (0xc036fed3) fcvt.lu.s t4, fa3
core   0: 1 0x0000000080005662 (0xc036fed3) c1_fflags 0x0000000000000011 x29 0xffffffffffffffff
core   0: 0x0000000080005666 (0x4088543b) sraw    s0, a6, s0
core   0: 1 0x0000000080005666 (0x4088543b) x8  0x0000000000000022
core   0: 0x000000008000566a (0x030b3533) mulhu   a0, s6, a6
core   0: 1 0x000000008000566a (0x030b3533) x10 0x0000000000000000
core   0: 0x000000008000566e (0x0285e6bb) remw    a3, a1, s0
core   0: 1 0x000000008000566e (0x0285e6bb) x13 0xffffffffffffffe3
core   0: 0x0000000080005672 (0xd0207a53) fcvt.s.l fs4, zero
core   0: 1 0x0000000080005672 (0xd0207a53) f20 0xffffffff00000000
core   0: 0x0000000080005676 (0xe2030e53) fmv.x.d t3, ft6
core   0: 1 0x0000000080005676 (0xe2030e53) x28 0xfff8000000000000
core   0: 0x000000008000567a (0x00000001) c.nop
core   0: 1 0x000000008000567a (0x0001)
core   0: 0x000000008000567c (0x00850ebb) addw    t4, a0, s0
core   0: 1 0x000000008000567c (0x00850ebb) x29 0x0000000000000022
core   0: 0x0000000080005680 (0x00b59a1b) slliw   s4, a1, 11
core   0: 1 0x0000000080005680 (0x00b59a1b) x20 0xffffffff82eb9800
core   0: 0x0000000080005684 (0x0085fd33) and     s10, a1, s0
core   0: 1 0x0000000080005684 (0x0085fd33) x26 0x0000000000000022
core   0: 0x0000000080005688 (0x000a5a1b) srliw   s4, s4, 0
core   0: 1 0x0000000080005688 (0x000a5a1b) x20 0xffffffff82eb9800
core   0: 0x000000008000568c (0x03ad6333) rem     t1, s10, s10
core   0: 1 0x000000008000568c (0x03ad6333) x6  0x0000000000000000
core   0: 0x0000000080005690 (0xc22a74d3) fcvt.l.d s1, fs4
core   0: 1 0x0000000080005690 (0xc22a74d3) c1_fflags 0x0000000000000011 x9  0x7fffffffffffffff
core   0: 0x0000000080005694 (0x0330dc33) divu    s8, ra, s3
core   0: 1 0x0000000080005694 (0x0330dc33) x24 0xffffffffffffffff
core   0: 0x0000000080005698 (0x5a05f0d3) fsqrt.d ft1, fa1
core   0: 1 0x0000000080005698 (0x5a05f0d3) f1  0x7ff8000000000000
core   0: 0x000000008000569c (0x018479b3) and     s3, s0, s8
core   0: 1 0x000000008000569c (0x018479b3) x19 0x0000000000000022
core   0: 0x00000000800056a0 (0x033c7333) remu    t1, s8, s3
core   0: 1 0x00000000800056a0 (0x033c7333) x6  0x0000000000000011
core   0: 0x00000000800056a4 (0x025cc2b3) div     t0, s9, t0
core   0: 1 0x00000000800056a4 (0x025cc2b3) x5  0xffffffffddad00c2
core   0: 0x00000000800056a8 (0x2231a8d3) fsgnjx.d fa7, ft3, ft3
core   0: 1 0x00000000800056a8 (0x2231a8d3) f17 0x7fffffff00000000
core   0: 0x00000000800056ac (0x41ad55bb) sraw    a1, s10, s10
core   0: 1 0x00000000800056ac (0x41ad55bb) x11 0x0000000000000008
core   0: 0x00000000800056b0 (0x6a70809b) addiw   ra, ra, 1703
core   0: 1 0x00000000800056b0 (0x6a70809b) x1  0xffffffff800046bb
core   0: 0x00000000800056b4 (0x0014d4b3) srl     s1, s1, ra
core   0: 1 0x00000000800056b4 (0x0014d4b3) x9  0x000000000000000f
core   0: 0x00000000800056b8 (0x4010dc33) sra     s8, ra, ra
core   0: 1 0x00000000800056b8 (0x4010dc33) x24 0xffffffffffffffff
core   0: 0x00000000800056bc (0x01defeb3) and     t4, t4, t4
core   0: 1 0x00000000800056bc (0x01defeb3) x29 0x0000000000000022
core   0: 0x00000000800056c0 (0x027cd3b3) divu    t2, s9, t2
core   0: 1 0x00000000800056c0 (0x027cd3b3) x7  0x003ffffffff76b40
core   0: 0x00000000800056c4 (0xd23ef1d3) fcvt.d.lu ft3, t4
core   0: 1 0x00000000800056c4 (0xd23ef1d3) f3  0x4041000000000000
core   0: 0x00000000800056c8 (0x00102af3) csrrs   s5, fflags, zero
core   0: 1 0x00000000800056c8 (0x00102af3) x21 0x0000000000000011
core   0: 0x00000000800056cc (0xe20b8e53) fmv.x.d t3, fs7
core   0: 1 0x00000000800056cc (0xe20b8e53) x28 0xffffffff59ce01d0
core   0: 0x00000000800056d0 (0x33877b4b) fnmsub.d fs6, fa4, fs8, ft6
core   0: 1 0x00000000800056d0 (0x33877b4b) f22 0x7ff8000000000000
core   0: 0x00000000800056d4 (0x035e41b3) div     gp, t3, s5
core   0: 1 0x00000000800056d4 (0x035e41b3) x3  0xfffffffff6394b67
core   0: 0x00000000800056d8 (0xe2777e4b) fnmsub.d ft8, fa4, ft7, ft8
core   0: 1 0x00000000800056d8 (0xe2777e4b) f28 0x7ff8000000000000
core   0: 0x00000000800056dc (0x43b3d913) srai    s2, t2, 59
core   0: 1 0x00000000800056dc (0x43b3d913) x18 0x0000000000000000
core   0: 0x00000000800056e0 (0x0ff0000f) fence   iorw,iorw
core   0: 1 0x00000000800056e0 (0x0ff0000f)
core   0: 0x00000000800056e4 (0x0000844a) c.mv    s0, s2
core   0: 1 0x00000000800056e4 (0x844a) x8  0x0000000000000000
core   0: 0x00000000800056e6 (0xba637bcf) fnmadd.d fs7, ft6, ft6, fs7
core   0: 1 0x00000000800056e6 (0xba637bcf) f23 0x7ff8000000000000
core   0: 0x00000000800056ea (0x3439a773) csrrs   a4, mtval, s3
core   0: exception trap_illegal_instruction, epc 0x00000000800056ea
core   0:           tval 0x000000003439a773
core   0: >>>>  $xrv64i2p1_m2p0_a2p1_f2p2_d2p2_zicsr2p0_zifencei2p0_zmmul1p0_zba1p0_zbb1p0_zbc1p0_zbs1p0
core   0: 0x0000000080004000 (0x0080006f) j       pc + 0x8
core   0: 3 0x0000000080004000 (0x0080006f)
core   0: >>>>  mmode_exception_handler
core   0: 0x0000000080004008 (0x00002c17) auipc   s8, 0x2
core   0: 3 0x0000000080004008 (0x00002c17) x24 0x0000000080006008
core   0: 0x000000008000400c (0x072c0c13) addi    s8, s8, 114
core   0: 3 0x000000008000400c (0x072c0c13) x24 0x000000008000607a
core   0: 0x0000000080004010 (0x000c00e7) jalr    s8
core   0: 3 0x0000000080004010 (0x000c00e7) x1  0x0000000080004014
core   0: >>>>  any_handler
core   0: 0x000000008000607a (0x341027f3) csrrs   a5, mepc, zero
core   0: 3 0x000000008000607a (0x341027f3) x15 0x00000000800056ea
core   0: 0x000000008000607e (0x34202773) csrrs   a4, mcause, zero
core   0: 3 0x000000008000607e (0x34202773) x14 0x0000000000000002
core   0: 0x0000000080006082 (0x142026f3) csrrs   a3, scause, zero
core   0: 3 0x0000000080006082 (0x142026f3) x13 0x0000000000000000
core   0: 0x0000000080006086 (0x30402673) csrrs   a2, mie, zero
core   0: 3 0x0000000080006086 (0x30402673) x12 0x0000000000000a00
core   0: 0x000000008000608a (0x344025f3) csrrs   a1, mip, zero
core   0: 3 0x000000008000608a (0x344025f3) x11 0x0000000000000080
core   0: 0x000000008000608e (0x343025f3) csrrs   a1, mtval, zero
core   0: 3 0x000000008000608e (0x343025f3) x11 0x000000003439a773
core   0: 0x0000000080006092 (0x14302573) csrrs   a0, stval, zero
core   0: 3 0x0000000080006092 (0x14302573) x10 0x0000000000000000
core   0: 0x0000000080006096 (0xb02024f3) csrrs   s1, minstret, zero
core   0: 3 0x0000000080006096 (0xb02024f3) x9  0x0000000000000fca
core   0: 0x000000008000609a (0x0000a811) c.j     pc + 20
core   0: 3 0x000000008000609a (0xa811)
core   0: >>>>  mepc_4
core   0: 0x00000000800060ae (0x00000791) c.addi  a5, 4
core   0: 3 0x00000000800060ae (0x0791) x15 0x00000000800056ee
core   0: 0x00000000800060b0 (0x34179073) csrrw   zero, mepc, a5
core   0: 3 0x00000000800060b0 (0x34179073) c833_mepc 0x00000000800056ee
core   0: 0x00000000800060b4 (0x30200073) mret
core   0: 3 0x00000000800060b4 (0x30200073) c768_mstatus 0x8000000a00106080
core   0: 0x00000000800056ee (0xc22f7d53) fcvt.l.d s10, ft10
core   0: 1 0x00000000800056ee (0xc22f7d53) c1_fflags 0x0000000000000011 x26 0x7fffffffffffffff
core   0: 0x00000000800056f2 (0x41ae0dbb) subw    s11, t3, s10
core   0: 1 0x00000000800056f2 (0x41ae0dbb) x27 0x0000000059ce01d1
core   0: 0x00000000800056f6 (0x415480b3) sub     ra, s1, s5
core   0: 1 0x00000000800056f6 (0x415480b3) x1  0x0000000000000fb9
core   0: 0x00000000800056fa (0xf2000fd3) fmv.d.x ft11, zero
core   0: 1 0x00000000800056fa (0xf2000fd3) f31 0x0000000000000000
core   0: 0x00000000800056fe (0xd23ef453) fcvt.d.lu fs0, t4
core   0: 1 0x00000000800056fe (0xd23ef453) f8  0x4041000000000000
core   0: 0x0000000080005702 (0xc029fed3) fcvt.l.s t4, fs3
core   0: 1 0x0000000080005702 (0xc029fed3) c1_fflags 0x0000000000000011 x29 0x7fffffffffffffff
core   0: 0x0000000080005706 (0x00137633) and     a2, t1, ra
core   0: 1 0x0000000080005706 (0x00137633) x12 0x0000000000000011
core   0: 0x000000008000570a (0x00b1919b) slliw   gp, gp, 11
core   0: 1 0x000000008000570a (0x00b1919b) x3  0xffffffffca5b3800
core   0: 0x000000008000570e (0x00bc65b3) or      a1, s8, a1
core   0: 1 0x000000008000570e (0x00bc65b3) x11 0x00000000b439e77b
core   0: 0x0000000080005712 (0x40bc8b33) sub     s6, s9, a1
core   0: 1 0x0000000080005712 (0x40bc8b33) x22 0xffffffff29731947
core   0: 0x0000000080005716 (0xfe6faab7) lui     s5, 0xfe6fa
core   0: 1 0x0000000080005716 (0xfe6faab7) x21 0xfffffffffe6fa000
core   0: 0x000000008000571a (0xb49a8a9b) addiw   s5, s5, -1207
core   0: 1 0x000000008000571a (0xb49a8a9b) x21 0xfffffffffe6f9b49
core   0: 0x000000008000571e (0x00000ab6) c.slli  s5, 13
core   0: 1 0x000000008000571e (0x0ab6) x21 0xffffffcdf3692000
core   0: 0x0000000080005720 (0x0f5a8a93) addi    s5, s5, 245
core   0: 1 0x0000000080005720 (0x0f5a8a93) x21 0xffffffcdf36920f5
core   0: 0x0000000080005724 (0x0228f8d3) fadd.d  fa7, fa7, ft2
core   0: 1 0x0000000080005724 (0x0228f8d3) f17 0x7ff8000000000000
core   0: 0x0000000080005728 (0x00448db3) add     s11, s1, tp
core   0: 1 0x0000000080005728 (0x00448db3) x27 0x0000000000000fca
core   0: 0x000000008000572c (0x002026f3) csrrs   a3, frm, zero
core   0: 1 0x000000008000572c (0x002026f3) x13 0x0000000000000000
core   0: 0x0000000080005730 (0x0b047f53) fsub.d  ft10, fs0, fa6
core   0: 1 0x0000000080005730 (0x0b047f53) f30 0x4041000000000000
core   0: 0x0000000080005734 (0x0254e53b) remw    a0, s1, t0
core   0: 1 0x0000000080005734 (0x0254e53b) x10 0x0000000000000fca
core   0: 0x0000000080005738 (0x22af8553) fsgnj.d fa0, ft11, fa0
core   0: 1 0x0000000080005738 (0x22af8553) f10 0x0000000000000000
core   0: 0x000000008000573c (0x40ad8abb) subw    s5, s11, a0
core   0: 1 0x000000008000573c (0x40ad8abb) x21 0x0000000000000000
core   0: 0x0000000080005740 (0x120d7cd3) fmul.d  fs9, fs10, ft0
core   0: 1 0x0000000080005740 (0x120d7cd3) f25 0x7ff8000000000000
core   0: 0x0000000080005744 (0x00102e73) csrrs   t3, fflags, zero
core   0: 1 0x0000000080005744 (0x00102e73) x28 0x0000000000000011
core   0: 0x0000000080005748 (0x007c7c33) and     s8, s8, t2
core   0: 1 0x0000000080005748 (0x007c7c33) x24 0x0000000080006040
core   0: 0x000000008000574c (0x41f3d89b) sraiw   a7, t2, 31
core   0: 1 0x000000008000574c (0x41f3d89b) x17 0xffffffffffffffff
core   0: 0x0000000080005750 (0x03c8b833) mulhu   a6, a7, t3
core   0: 1 0x0000000080005750 (0x03c8b833) x16 0x0000000000000010
core   0: 0x0000000080005754 (0x401d5c13) srai    s8, s10, 1
core   0: 1 0x0000000080005754 (0x401d5c13) x24 0x3fffffffffffffff
core   0: 0x0000000080005758 (0x00102273) csrrs   tp, fflags, zero
core   0: 1 0x0000000080005758 (0x00102273) x4  0x0000000000000011
core   0: 0x000000008000575c (0x01db1b1b) slliw   s6, s6, 29
core   0: 1 0x000000008000575c (0x01db1b1b) x22 0xffffffffe0000000
core   0: 0x0000000080005760 (0xe20f89d3) fmv.x.d s3, ft11
core   0: 1 0x0000000080005760 (0xe20f89d3) x19 0x0000000000000000
core   0: 0x0000000080005764 (0x00299c73) csrrw   s8, frm, s3
core   0: 1 0x0000000080005764 (0x00299c73) x24 0x0000000000000000 c2_frm 0x0000000000000000
core   0: 0x0000000080005768 (0x133a76d3) fmul.d  fa3, fs4, fs3
core   0: 1 0x0000000080005768 (0x133a76d3) f13 0x7ff8000000000000
core   0: 0x000000008000576c (0x43a45093) srai    ra, s0, 58
core   0: 1 0x000000008000576c (0x43a45093) x1  0x0000000000000000
core   0: 0x0000000080005770 (0xc2207053) fcvt.l.d zero, ft0
core   0: 1 0x0000000080005770 (0xc2207053) c1_fflags 0x0000000000000011
core   0: 0x0000000080005774 (0xc01065f3) csrrsi  a1, time, 0
core   0: exception trap_illegal_instruction, epc 0x0000000080005774
core   0:           tval 0x00000000c01065f3
core   0: >>>>  $xrv64i2p1_m2p0_a2p1_f2p2_d2p2_zicsr2p0_zifencei2p0_zmmul1p0_zba1p0_zbb1p0_zbc1p0_zbs1p0
core   0: 0x0000000080004000 (0x0080006f) j       pc + 0x8
core   0: 3 0x0000000080004000 (0x0080006f)
core   0: >>>>  mmode_exception_handler
core   0: 0x0000000080004008 (0x00002c17) auipc   s8, 0x2
core   0: 3 0x0000000080004008 (0x00002c17) x24 0x0000000080006008
core   0: 0x000000008000400c (0x072c0c13) addi    s8, s8, 114
core   0: 3 0x000000008000400c (0x072c0c13) x24 0x000000008000607a
core   0: 0x0000000080004010 (0x000c00e7) jalr    s8
core   0: 3 0x0000000080004010 (0x000c00e7) x1  0x0000000080004014
core   0: >>>>  any_handler
core   0: 0x000000008000607a (0x341027f3) csrrs   a5, mepc, zero
core   0: 3 0x000000008000607a (0x341027f3) x15 0x0000000080005774
core   0: 0x000000008000607e (0x34202773) csrrs   a4, mcause, zero
core   0: 3 0x000000008000607e (0x34202773) x14 0x0000000000000002
core   0: 0x0000000080006082 (0x142026f3) csrrs   a3, scause, zero
core   0: 3 0x0000000080006082 (0x142026f3) x13 0x0000000000000000
core   0: 0x0000000080006086 (0x30402673) csrrs   a2, mie, zero
core   0: 3 0x0000000080006086 (0x30402673) x12 0x0000000000000a00
core   0: 0x000000008000608a (0x344025f3) csrrs   a1, mip, zero
core   0: 3 0x000000008000608a (0x344025f3) x11 0x0000000000000080
core   0: 0x000000008000608e (0x343025f3) csrrs   a1, mtval, zero
core   0: 3 0x000000008000608e (0x343025f3) x11 0x00000000c01065f3
core   0: 0x0000000080006092 (0x14302573) csrrs   a0, stval, zero
core   0: 3 0x0000000080006092 (0x14302573) x10 0x0000000000000000
core   0: 0x0000000080006096 (0xb02024f3) csrrs   s1, minstret, zero
core   0: 3 0x0000000080006096 (0xb02024f3) x9  0x0000000000000ffc
core   0: 0x000000008000609a (0x0000a811) c.j     pc + 20
core   0: 3 0x000000008000609a (0xa811)
core   0: >>>>  mepc_4
core   0: 0x00000000800060ae (0x00000791) c.addi  a5, 4
core   0: 3 0x00000000800060ae (0x0791) x15 0x0000000080005778
core   0: 0x00000000800060b0 (0x34179073) csrrw   zero, mepc, a5
core   0: 3 0x00000000800060b0 (0x34179073) c833_mepc 0x0000000080005778
core   0: 0x00000000800060b4 (0x30200073) mret
core   0: 3 0x00000000800060b4 (0x30200073) c768_mstatus 0x8000000a00106080
core   0: 0x0000000080005778 (0x228019d3) fsgnjn.d fs3, ft0, fs0
core   0: 1 0x0000000080005778 (0x228019d3) f19 0xfff8000000000000
core   0: 0x000000008000577c (0x415e8abb) subw    s5, t4, s5
core   0: 1 0x000000008000577c (0x415e8abb) x21 0xffffffffffffffff
core   0: 0x0000000080005780 (0xd135f937) lui     s2, 0xd135f
core   0: 1 0x0000000080005780 (0xd135f937) x18 0xffffffffd135f000
core   0: 0x0000000080005784 (0xd228fe53) fcvt.d.l ft8, a7
core   0: 1 0x0000000080005784 (0xd228fe53) f28 0xbff0000000000000
core   0: 0x0000000080005788 (0x03c93533) mulhu   a0, s2, t3
core   0: 1 0x0000000080005788 (0x03c93533) x10 0x0000000000000010
core   0: 0x000000008000578c (0xd2140953) fcvt.d.wu fs2, s0
core   0: 1 0x000000008000578c (0xd2140953) f18 0x0000000000000000
core   0: 0x0000000080005790 (0x43f1dd93) srai    s11, gp, 63
core   0: 1 0x0000000080005790 (0x43f1dd93) x27 0xffffffffffffffff
core   0: 0x0000000080005794 (0x2b3a99d3) fmax.d  fs3, fs5, fs3
core   0: 1 0x0000000080005794 (0x2b3a99d3) f19 0x7ff8000000000000
core   0: 0x0000000080005798 (0xc20676d3) fcvt.w.d a3, fa2
core   0: 1 0x0000000080005798 (0xc20676d3) x13 0x0000000000000000
core   0: 0x000000008000579c (0x01ba2633) slt     a2, s4, s11
core   0: 1 0x000000008000579c (0x01ba2633) x12 0x0000000000000001
core   0: 0x00000000800057a0 (0x03646bbb) remw    s7, s0, s6
core   0: 1 0x00000000800057a0 (0x03646bbb) x23 0x0000000000000000
core   0: 0x00000000800057a4 (0xc22673d3) fcvt.l.d t2, fa2
core   0: 1 0x00000000800057a4 (0xc22673d3) x7  0x0000000000000000
core   0: 0x00000000800057a8 (0x037ba5b3) mulhsu  a1, s7, s7
core   0: 1 0x00000000800057a8 (0x037ba5b3) x11 0x0000000000000000
core   0: 0x00000000800057ac (0x00eedc3b) srlw    s8, t4, a4
core   0: 1 0x00000000800057ac (0x00eedc3b) x24 0x000000003fffffff
core   0: 0x00000000800057b0 (0xc03c2d73) csrrs   s10, hpmcounter3, s8
core   0: exception trap_illegal_instruction, epc 0x00000000800057b0
core   0:           tval 0x00000000c03c2d73
core   0: >>>>  $xrv64i2p1_m2p0_a2p1_f2p2_d2p2_zicsr2p0_zifencei2p0_zmmul1p0_zba1p0_zbb1p0_zbc1p0_zbs1p0
core   0: 0x0000000080004000 (0x0080006f) j       pc + 0x8
core   0: 3 0x0000000080004000 (0x0080006f)
core   0: >>>>  mmode_exception_handler
core   0: 0x0000000080004008 (0x00002c17) auipc   s8, 0x2
core   0: 3 0x0000000080004008 (0x00002c17) x24 0x0000000080006008
core   0: 0x000000008000400c (0x072c0c13) addi    s8, s8, 114
core   0: 3 0x000000008000400c (0x072c0c13) x24 0x000000008000607a
core   0: 0x0000000080004010 (0x000c00e7) jalr    s8
core   0: 3 0x0000000080004010 (0x000c00e7) x1  0x0000000080004014
core   0: >>>>  any_handler
core   0: 0x000000008000607a (0x341027f3) csrrs   a5, mepc, zero
core   0: 3 0x000000008000607a (0x341027f3) x15 0x00000000800057b0
core   0: 0x000000008000607e (0x34202773) csrrs   a4, mcause, zero
core   0: 3 0x000000008000607e (0x34202773) x14 0x0000000000000002
core   0: 0x0000000080006082 (0x142026f3) csrrs   a3, scause, zero
core   0: 3 0x0000000080006082 (0x142026f3) x13 0x0000000000000000
core   0: 0x0000000080006086 (0x30402673) csrrs   a2, mie, zero
core   0: 3 0x0000000080006086 (0x30402673) x12 0x0000000000000a00
core   0: 0x000000008000608a (0x344025f3) csrrs   a1, mip, zero
core   0: 3 0x000000008000608a (0x344025f3) x11 0x0000000000000080
core   0: 0x000000008000608e (0x343025f3) csrrs   a1, mtval, zero
core   0: 3 0x000000008000608e (0x343025f3) x11 0x00000000c03c2d73
core   0: 0x0000000080006092 (0x14302573) csrrs   a0, stval, zero
core   0: 3 0x0000000080006092 (0x14302573) x10 0x0000000000000000
core   0: 0x0000000080006096 (0xb02024f3) csrrs   s1, minstret, zero
core   0: 3 0x0000000080006096 (0xb02024f3) x9  0x000000000000101a
core   0: 0x000000008000609a (0x0000a811) c.j     pc + 20
core   0: 3 0x000000008000609a (0xa811)
core   0: >>>>  mepc_4
core   0: 0x00000000800060ae (0x00000791) c.addi  a5, 4
core   0: 3 0x00000000800060ae (0x0791) x15 0x00000000800057b4
core   0: 0x00000000800060b0 (0x34179073) csrrw   zero, mepc, a5
core   0: 3 0x00000000800060b0 (0x34179073) c833_mepc 0x00000000800057b4
core   0: 0x00000000800060b4 (0x30200073) mret
core   0: 3 0x00000000800060b4 (0x30200073) c768_mstatus 0x8000000a00106080
core   0: 0x00000000800057b4 (0x41d05433) sra     s0, zero, t4
core   0: 1 0x00000000800057b4 (0x41d05433) x8  0x0000000000000000
core   0: 0x00000000800057b8 (0x00101e9b) slliw   t4, zero, 1
core   0: 1 0x00000000800057b8 (0x00101e9b) x29 0x0000000000000000
core   0: 0x00000000800057bc (0x0005c9b3) xor     s3, a1, zero
core   0: 1 0x00000000800057bc (0x0005c9b3) x19 0x00000000c03c2d73
core   0: 0x00000000800057c0 (0x0133193b) sllw    s2, t1, s3
core   0: 1 0x00000000800057c0 (0x0133193b) x18 0x0000000000880000
core   0: 0x00000000800057c4 (0x01361a3b) sllw    s4, a2, s3
core   0: 1 0x00000000800057c4 (0x01361a3b) x20 0x0000000050000000
core   0: 0x00000000800057c8 (0xd3467c4f) fnmadd.d fs8, fa2, fs4, fs10
core   0: 1 0x00000000800057c8 (0xd3467c4f) f24 0x7ff8000000000000
core   0: 0x00000000800057cc (0x0061033b) addw    t1, sp, t1
core   0: 1 0x00000000800057cc (0x0061033b) x6  0x0000000000000011
core   0: 0x00000000800057d0 (0x00161813) slli    a6, a2, 1
core   0: 1 0x00000000800057d0 (0x00161813) x16 0x0000000000001400
core   0: 0x00000000800057d4 (0xb9f96117) auipc   sp, 0xb9f96
core   0: 1 0x00000000800057d4 (0xb9f96117) x2  0x0000000039f9b7d4
core   0: 0x00000000800057d8 (0x002a2c33) slt     s8, s4, sp
core   0: 1 0x00000000800057d8 (0x002a2c33) x24 0x0000000000000000
core   0: 0x00000000800057dc (0x02a5ca3b) divw    s4, a1, a0
core   0: 1 0x00000000800057dc (0x02a5ca3b) x20 0xffffffffffffffff
core   0: 0x00000000800057e0 (0x0046523b) srlw    tp, a2, tp
core   0: 1 0x00000000800057e0 (0x0046523b) x4  0x0000000000000000
core   0: 0x00000000800057e4 (0x4015dd1b) sraiw   s10, a1, 1
core   0: 1 0x00000000800057e4 (0x4015dd1b) x26 0xffffffffe01e16b9
core   0: 0x00000000800057e8 (0x010204b3) add     s1, tp, a6
core   0: 1 0x00000000800057e8 (0x010204b3) x9  0x0000000000001400
core   0: 0x00000000800057ec (0x41fd5b9b) sraiw   s7, s10, 31
core   0: 1 0x00000000800057ec (0x41fd5b9b) x23 0xffffffffffffffff
core   0: 0x00000000800057f0 (0x01b067b3) or      a5, zero, s11
core   0: 1 0x00000000800057f0 (0x01b067b3) x15 0xffffffffffffffff
core   0: 0x00000000800057f4 (0x00009716) c.add   a4, t0
core   0: 1 0x00000000800057f4 (0x9716) x14 0xffffffffddad00c4
core   0: 0x00000000800057f6 (0x01cd95b3) sll     a1, s11, t3
core   0: 1 0x00000000800057f6 (0x01cd95b3) x11 0xfffffffffffe0000
core   0: 0x00000000800057fa (0x00102a73) csrrs   s4, fflags, zero
core   0: 1 0x00000000800057fa (0x00102a73) x20 0x0000000000000011
core   0: 0x00000000800057fe (0xf20582d3) fmv.d.x ft5, a1
core   0: 1 0x00000000800057fe (0xf20582d3) f5  0xfffffffffffe0000
core   0: 0x0000000080005802 (0xfa2909b7) lui     s3, 0xfa290
core   0: 1 0x0000000080005802 (0xfa2909b7) x19 0xfffffffffa290000
core   0: 0x0000000080005806 (0x0121d1b3) srl     gp, gp, s2
core   0: 1 0x0000000080005806 (0x0121d1b3) x3  0xffffffffca5b3800
core   0: 0x000000008000580a (0x036656bb) divuw   a3, a2, s6
core   0: 1 0x000000008000580a (0x036656bb) x13 0x0000000000000000
core   0: 0x000000008000580e (0x144955f3) csrrwi  a1, sip, 18
core   0: 1 0x000000008000580e (0x144955f3) x11 0x0000000000000000 c836_mip 0x0000000000000080
core   0: 0x0000000080005812 (0x134c7b53) fmul.d  fs6, fs8, fs4
core   0: 1 0x0000000080005812 (0x134c7b53) f22 0x7ff8000000000000
core   0: 0x0000000080005816 (0x02d95933) divu    s2, s2, a3
core   0: 1 0x0000000080005816 (0x02d95933) x18 0xffffffffffffffff
core   0: 0x000000008000581a (0xe20300d3) fmv.x.d ra, ft6
core   0: 1 0x000000008000581a (0xe20300d3) x1  0xfff8000000000000
core   0: 0x000000008000581e (0xc23e7dd3) fcvt.lu.d s11, ft8
core   0: 1 0x000000008000581e (0xc23e7dd3) c1_fflags 0x0000000000000011 x27 0x0000000000000000
core   0: 0x0000000080005822 (0xa3a28b53) fle.d   s6, ft5, fs10
core   0: 1 0x0000000080005822 (0xa3a28b53) c1_fflags 0x0000000000000011 x22 0x0000000000000000
core   0: 0x0000000080005826 (0x020b08bb) mulw    a7, s6, zero
core   0: 1 0x0000000080005826 (0x020b08bb) x17 0x0000000000000000
core   0: 0x000000008000582a (0x03d1ceb3) div     t4, gp, t4
core   0: 1 0x000000008000582a (0x03d1ceb3) x29 0xffffffffffffffff
core   0: 0x000000008000582e (0xc037f553) fcvt.lu.s a0, fa5
core   0: 1 0x000000008000582e (0xc037f553) c1_fflags 0x0000000000000011 x10 0xffffffffffffffff
core   0: 0x0000000080005832 (0x01204133) xor     sp, zero, s2
core   0: 1 0x0000000080005832 (0x01204133) x2  0xffffffffffffffff
core   0: 0x0000000080005836 (0x000485b3) add     a1, s1, zero
core   0: 1 0x0000000080005836 (0x000485b3) x11 0x0000000000001400
core   0: 0x000000008000583a (0xc4f07593) andi    a1, zero, -945
core   0: 1 0x000000008000583a (0xc4f07593) x11 0x0000000000000000
core   0: 0x000000008000583e (0x0025ab33) slt     s6, a1, sp
core   0: 1 0x000000008000583e (0x0025ab33) x22 0x0000000000000000
core   0: 0x0000000080005842 (0x23232153) fsgnjx.d ft2, ft6, fs2
core   0: 1 0x0000000080005842 (0x23232153) f2  0xfff8000000000000
core   0: 0x0000000080005846 (0x01411513) slli    a0, sp, 20
core   0: 1 0x0000000080005846 (0x01411513) x10 0xfffffffffff00000
core   0: 0x000000008000584a (0x0006c693) xori    a3, a3, 0
core   0: 1 0x000000008000584a (0x0006c693) x13 0x0000000000000000
core   0: 0x000000008000584e (0x0a3071d3) fsub.d  ft3, ft0, ft3
core   0: 1 0x000000008000584e (0x0a3071d3) f3  0x7ff8000000000000
core   0: 0x0000000080005852 (0xd226f053) fcvt.d.l ft0, a3
core   0: 1 0x0000000080005852 (0xd226f053) f0  0x0000000000000000
core   0: 0x0000000080005856 (0x01d20ebb) addw    t4, tp, t4
core   0: 1 0x0000000080005856 (0x01d20ebb) x29 0xffffffffffffffff
core   0: 0x000000008000585a (0x2af70d53) fmin.d  fs10, fa4, fa5
core   0: 1 0x000000008000585a (0x2af70d53) f26 0x7ff8000000000000
core   0: 0x000000008000585e (0xd222f4d3) fcvt.d.l fs1, t0
core   0: 1 0x000000008000585e (0xd222f4d3) f9  0xc1c1297f9f000000
core   0: 0x0000000080005862 (0xa66dcb13) xori    s6, s11, -1434
core   0: 1 0x0000000080005862 (0xa66dcb13) x22 0xfffffffffffffa66
core   0: 0x0000000080005866 (0x03d1543b) divuw   s0, sp, t4
core   0: 1 0x0000000080005866 (0x03d1543b) x8  0x0000000000000001
core   0: 0x000000008000586a (0x03a6ec3b) remw    s8, a3, s10
core   0: 1 0x000000008000586a (0x03a6ec3b) x24 0x0000000000000000
core   0: 0x000000008000586e (0xd03df853) fcvt.s.lu fa6, s11
core   0: 1 0x000000008000586e (0xd03df853) f16 0xffffffff00000000
core   0: 0x0000000080005872 (0xc0297053) fcvt.l.s zero, fs2
core   0: 1 0x0000000080005872 (0xc0297053) c1_fflags 0x0000000000000011
core   0: 0x0000000080005876 (0xd23dfed3) fcvt.d.lu ft9, s11
core   0: 1 0x0000000080005876 (0xd23dfed3) f29 0x0000000000000000
core   0: 0x000000008000587a (0x0333c13b) divw    sp, t2, s3
core   0: 1 0x000000008000587a (0x0333c13b) x2  0x0000000000000000
core   0: 0x000000008000587e (0x01c186b3) add     a3, gp, t3
core   0: 1 0x000000008000587e (0x01c186b3) x13 0xffffffffca5b3811
core   0: 0x0000000080005882 (0x00d92433) slt     s0, s2, a3
core   0: 1 0x0000000080005882 (0x00d92433) x8  0x0000000000000000
core   0: 0x0000000080005886 (0x03842833) mulhsu  a6, s0, s8
core   0: 1 0x0000000080005886 (0x03842833) x16 0x0000000000000000
core   0: 0x000000008000588a (0xa3008653) fle.d   a2, ft1, fa6
core   0: 1 0x000000008000588a (0xa3008653) c1_fflags 0x0000000000000011 x12 0x0000000000000000
core   0: 0x000000008000588e (0xe88c7013) andi    zero, s8, -376
core   0: 1 0x000000008000588e (0xe88c7013)
core   0: 0x0000000080005892 (0xd2307ad3) fcvt.d.lu fs5, zero
core   0: 1 0x0000000080005892 (0xd2307ad3) f21 0x0000000000000000
core   0: 0x0000000080005896 (0x12617f53) fmul.d  ft10, ft2, ft6
core   0: 1 0x0000000080005896 (0x12617f53) f30 0x7ff8000000000000
core   0: 0x000000008000589a (0x8dde7697) auipc   a3, 0x8dde7
core   0: 1 0x000000008000589a (0x8dde7697) x13 0x000000000ddec89a
core   0: 0x000000008000589e (0xc02b7cd3) fcvt.l.s s9, fs6
core   0: 1 0x000000008000589e (0xc02b7cd3) c1_fflags 0x0000000000000011 x25 0x7fffffffffffffff
core   0: 0x00000000800058a2 (0x0188121b) slliw   tp, a6, 24
core   0: 1 0x00000000800058a2 (0x0188121b) x4  0x0000000000000000
core   0: 0x00000000800058a6 (0x2ad696d3) fmax.d  fa3, fa3, fa3
core   0: 1 0x00000000800058a6 (0x2ad696d3) f13 0x7ff8000000000000
core   0: 0x00000000800058aa (0x401c80b3) sub     ra, s9, ra
core   0: 1 0x00000000800058aa (0x401c80b3) x1  0x8007ffffffffffff
core   0: 0x00000000800058ae (0x002117f3) csrrw   a5, frm, sp
core   0: 1 0x00000000800058ae (0x002117f3) x15 0x0000000000000000 c2_frm 0x0000000000000000
core   0: 0x00000000800058b2 (0xc21bf5d3) fcvt.wu.d a1, fs7
core   0: 1 0x00000000800058b2 (0xc21bf5d3) c1_fflags 0x0000000000000011 x11 0xffffffffffffffff
core   0: 0x00000000800058b6 (0x41f0da13) srai    s4, ra, 31
core   0: 1 0x00000000800058b6 (0x41f0da13) x20 0xffffffff000fffff
core   0: 0x00000000800058ba (0x01da1ebb) sllw    t4, s4, t4
core   0: 1 0x00000000800058ba (0x01da1ebb) x29 0xffffffff80000000
core   0: 0x00000000800058be (0x03f39b93) slli    s7, t2, 63
core   0: 1 0x00000000800058be (0x03f39b93) x23 0x0000000000000000
core   0: 0x00000000800058c2 (0xc02f74d3) fcvt.l.s s1, ft10
core   0: 1 0x00000000800058c2 (0xc02f74d3) c1_fflags 0x0000000000000011 x9  0x7fffffffffffffff
core   0: 0x00000000800058c6 (0xc030f2d3) fcvt.lu.s t0, ft1
core   0: 1 0x00000000800058c6 (0xc030f2d3) c1_fflags 0x0000000000000011 x5  0xffffffffffffffff
core   0: 0x00000000800058ca (0x238c0c53) fsgnj.d fs8, fs8, fs8
core   0: 1 0x00000000800058ca (0x238c0c53) f24 0x7ff8000000000000
core   0: 0x00000000800058ce (0x2a43f3cb) fnmsub.d ft7, ft7, ft4, ft5
core   0: 1 0x00000000800058ce (0x2a43f3cb) f7  0x7ff8000000000000
core   0: 0x00000000800058d2 (0xb0253a73) csrrc   s4, minstret, a0
core   0: exception trap_illegal_instruction, epc 0x00000000800058d2
core   0:           tval 0x00000000b0253a73
core   0: >>>>  $xrv64i2p1_m2p0_a2p1_f2p2_d2p2_zicsr2p0_zifencei2p0_zmmul1p0_zba1p0_zbb1p0_zbc1p0_zbs1p0
core   0: 0x0000000080004000 (0x0080006f) j       pc + 0x8
core   0: 3 0x0000000080004000 (0x0080006f)
core   0: >>>>  mmode_exception_handler
core   0: 0x0000000080004008 (0x00002c17) auipc   s8, 0x2
core   0: 3 0x0000000080004008 (0x00002c17) x24 0x0000000080006008
core   0: 0x000000008000400c (0x072c0c13) addi    s8, s8, 114
core   0: 3 0x000000008000400c (0x072c0c13) x24 0x000000008000607a
core   0: 0x0000000080004010 (0x000c00e7) jalr    s8
core   0: 3 0x0000000080004010 (0x000c00e7) x1  0x0000000080004014
core   0: >>>>  any_handler
core   0: 0x000000008000607a (0x341027f3) csrrs   a5, mepc, zero
core   0: 3 0x000000008000607a (0x341027f3) x15 0x00000000800058d2
core   0: 0x000000008000607e (0x34202773) csrrs   a4, mcause, zero
core   0: 3 0x000000008000607e (0x34202773) x14 0x0000000000000002
core   0: 0x0000000080006082 (0x142026f3) csrrs   a3, scause, zero
core   0: 3 0x0000000080006082 (0x142026f3) x13 0x0000000000000000
core   0: 0x0000000080006086 (0x30402673) csrrs   a2, mie, zero
core   0: 3 0x0000000080006086 (0x30402673) x12 0x0000000000000a00
core   0: 0x000000008000608a (0x344025f3) csrrs   a1, mip, zero
core   0: 3 0x000000008000608a (0x344025f3) x11 0x0000000000000080
core   0: 0x000000008000608e (0x343025f3) csrrs   a1, mtval, zero
core   0: 3 0x000000008000608e (0x343025f3) x11 0x00000000b0253a73
core   0: 0x0000000080006092 (0x14302573) csrrs   a0, stval, zero
core   0: 3 0x0000000080006092 (0x14302573) x10 0x0000000000000000
core   0: 0x0000000080006096 (0xb02024f3) csrrs   s1, minstret, zero
core   0: 3 0x0000000080006096 (0xb02024f3) x9  0x0000000000001072
core   0: 0x000000008000609a (0x0000a811) c.j     pc + 20
core   0: 3 0x000000008000609a (0xa811)
core   0: >>>>  mepc_4
core   0: 0x00000000800060ae (0x00000791) c.addi  a5, 4
core   0: 3 0x00000000800060ae (0x0791) x15 0x00000000800058d6
core   0: 0x00000000800060b0 (0x34179073) csrrw   zero, mepc, a5
core   0: 3 0x00000000800060b0 (0x34179073) c833_mepc 0x00000000800058d6
core   0: 0x00000000800060b4 (0x30200073) mret
core   0: 3 0x00000000800060b4 (0x30200073) c768_mstatus 0x8000000a00106080
core   0: 0x00000000800058d6 (0x025ec1b3) div     gp, t4, t0
core   0: 1 0x00000000800058d6 (0x025ec1b3) x3  0x0000000080000000
core   0: 0x00000000800058da (0xd02d7b53) fcvt.s.l fs6, s10
core   0: 1 0x00000000800058da (0xd02d7b53) c1_fflags 0x0000000000000011 f22 0xffffffffcdff0f4a
core   0: 0x00000000800058de (0x027cfd47) fmsub.d fs10, fs9, ft7, ft0
core   0: 1 0x00000000800058de (0x027cfd47) f26 0x7ff8000000000000
core   0: 0x00000000800058e2 (0x0354f13b) remuw   sp, s1, s5
core   0: 1 0x00000000800058e2 (0x0354f13b) x2  0x0000000000001072
core   0: 0x00000000800058e6 (0x00e70833) add     a6, a4, a4
core   0: 1 0x00000000800058e6 (0x00e70833) x16 0x0000000000000004
core   0: 0x00000000800058ea (0xd2277cd3) fcvt.d.l fs9, a4
core   0: 1 0x00000000800058ea (0xd2277cd3) f25 0x4000000000000000
core   0: 0x00000000800058ee (0x00ebd1b3) srl     gp, s7, a4
core   0: 1 0x00000000800058ee (0x00ebd1b3) x3  0x0000000000000000
core   0: 0x00000000800058f2 (0x14156e73) csrrsi  t3, sepc, 10
core   0: 1 0x00000000800058f2 (0x14156e73) x28 0x0000000000000000 c321_sepc 0x000000000000000a
core   0: 0x00000000800058f6 (0x2bc21253) fmax.d  ft4, ft4, ft8
core   0: 1 0x00000000800058f6 (0x2bc21253) f4  0xbff0000000000000
core   0: 0x00000000800058fa (0x0133509b) srliw   ra, t1, 19
core   0: 1 0x00000000800058fa (0x0133509b) x1  0x0000000000000000
core   0: 0x00000000800058fe (0x226b2353) fsgnjx.d ft6, fs6, ft6
core   0: 1 0x00000000800058fe (0x226b2353) f6  0x7fffffffcdff0f4a
core   0: 0x0000000080005902 (0xc06d35f3) csrrc   a1, hpmcounter6, s10
core   0: exception trap_illegal_instruction, epc 0x0000000080005902
core   0:           tval 0x00000000c06d35f3
core   0: >>>>  $xrv64i2p1_m2p0_a2p1_f2p2_d2p2_zicsr2p0_zifencei2p0_zmmul1p0_zba1p0_zbb1p0_zbc1p0_zbs1p0
core   0: 0x0000000080004000 (0x0080006f) j       pc + 0x8
core   0: 3 0x0000000080004000 (0x0080006f)
core   0: >>>>  mmode_exception_handler
core   0: 0x0000000080004008 (0x00002c17) auipc   s8, 0x2
core   0: 3 0x0000000080004008 (0x00002c17) x24 0x0000000080006008
core   0: 0x000000008000400c (0x072c0c13) addi    s8, s8, 114
core   0: 3 0x000000008000400c (0x072c0c13) x24 0x000000008000607a
core   0: 0x0000000080004010 (0x000c00e7) jalr    s8
core   0: 3 0x0000000080004010 (0x000c00e7) x1  0x0000000080004014
core   0: >>>>  any_handler
core   0: 0x000000008000607a (0x341027f3) csrrs   a5, mepc, zero
core   0: 3 0x000000008000607a (0x341027f3) x15 0x0000000080005902
core   0: 0x000000008000607e (0x34202773) csrrs   a4, mcause, zero
core   0: 3 0x000000008000607e (0x34202773) x14 0x0000000000000002
core   0: 0x0000000080006082 (0x142026f3) csrrs   a3, scause, zero
core   0: 3 0x0000000080006082 (0x142026f3) x13 0x0000000000000000
core   0: 0x0000000080006086 (0x30402673) csrrs   a2, mie, zero
core   0: 3 0x0000000080006086 (0x30402673) x12 0x0000000000000a00
core   0: 0x000000008000608a (0x344025f3) csrrs   a1, mip, zero
core   0: 3 0x000000008000608a (0x344025f3) x11 0x0000000000000080
core   0: 0x000000008000608e (0x343025f3) csrrs   a1, mtval, zero
core   0: 3 0x000000008000608e (0x343025f3) x11 0x00000000c06d35f3
core   0: 0x0000000080006092 (0x14302573) csrrs   a0, stval, zero
core   0: 3 0x0000000080006092 (0x14302573) x10 0x0000000000000000
core   0: 0x0000000080006096 (0xb02024f3) csrrs   s1, minstret, zero
core   0: 3 0x0000000080006096 (0xb02024f3) x9  0x000000000000108d
core   0: 0x000000008000609a (0x0000a811) c.j     pc + 20
core   0: 3 0x000000008000609a (0xa811)
core   0: >>>>  mepc_4
core   0: 0x00000000800060ae (0x00000791) c.addi  a5, 4
core   0: 3 0x00000000800060ae (0x0791) x15 0x0000000080005906
core   0: 0x00000000800060b0 (0x34179073) csrrw   zero, mepc, a5
core   0: 3 0x00000000800060b0 (0x34179073) c833_mepc 0x0000000080005906
core   0: 0x00000000800060b4 (0x30200073) mret
core   0: 3 0x00000000800060b4 (0x30200073) c768_mstatus 0x8000000a00106080
core   0: 0x0000000080005906 (0x4a1e6e97) auipc   t4, 0x4a1e6
core   0: 1 0x0000000080005906 (0x4a1e6e97) x29 0x00000000ca1eb906
core   0: 0x000000008000590a (0x0295d733) divu    a4, a1, s1
core   0: 1 0x000000008000590a (0x0295d733) x14 0x00000000000ba05e
core   0: 0x000000008000590e (0x00000001) c.nop
core   0: 1 0x000000008000590e (0x0001)
core   0: 0x0000000080005910 (0x01b75493) srli    s1, a4, 27
core   0: 1 0x0000000080005910 (0x01b75493) x9  0x0000000000000000
core   0: 0x0000000080005914 (0x0044823b) addw    tp, s1, tp
core   0: 1 0x0000000080005914 (0x0044823b) x4  0x0000000000000000
core   0: 0x0000000080005918 (0x002b9bf3) csrrw   s7, frm, s7
core   0: 1 0x0000000080005918 (0x002b9bf3) x23 0x0000000000000000 c2_frm 0x0000000000000000
core   0: 0x000000008000591c (0x7c4ce593) ori     a1, s9, 1988
core   0: 1 0x000000008000591c (0x7c4ce593) x11 0x7fffffffffffffff
core   0: 0x0000000080005920 (0xdd260213) addi    tp, a2, -558
core   0: 1 0x0000000080005920 (0xdd260213) x4  0x00000000000007d2
core   0: 0x0000000080005924 (0xc02479d3) fcvt.l.s s3, fs0
core   0: 1 0x0000000080005924 (0xc02479d3) c1_fflags 0x0000000000000011 x19 0x7fffffffffffffff
core   0: 0x0000000080005928 (0x00f79cb3) sll     s9, a5, a5
core   0: 1 0x0000000080005928 (0x00f79cb3) x25 0x0000002000164180
core   0: 0x000000008000592c (0x01b8edb3) or      s11, a7, s11
core   0: 1 0x000000008000592c (0x01b8edb3) x27 0x0000000000000000
core   0: 0x0000000080005930 (0x01086533) or      a0, a6, a6
core   0: 1 0x0000000080005930 (0x01086533) x10 0x0000000000000004
core   0: 0x0000000080005934 (0xd221f0d3) fcvt.d.l ft1, gp
core   0: 1 0x0000000080005934 (0xd221f0d3) f1  0x0000000000000000
core   0: 0x0000000080005938 (0x342bdbf3) csrrwi  s7, mcause, 23
core   0: exception trap_illegal_instruction, epc 0x0000000080005938
core   0:           tval 0x00000000342bdbf3
core   0: >>>>  $xrv64i2p1_m2p0_a2p1_f2p2_d2p2_zicsr2p0_zifencei2p0_zmmul1p0_zba1p0_zbb1p0_zbc1p0_zbs1p0
core   0: 0x0000000080004000 (0x0080006f) j       pc + 0x8
core   0: 3 0x0000000080004000 (0x0080006f)
core   0: >>>>  mmode_exception_handler
core   0: 0x0000000080004008 (0x00002c17) auipc   s8, 0x2
core   0: 3 0x0000000080004008 (0x00002c17) x24 0x0000000080006008
core   0: 0x000000008000400c (0x072c0c13) addi    s8, s8, 114
core   0: 3 0x000000008000400c (0x072c0c13) x24 0x000000008000607a
core   0: 0x0000000080004010 (0x000c00e7) jalr    s8
core   0: 3 0x0000000080004010 (0x000c00e7) x1  0x0000000080004014
core   0: >>>>  any_handler
core   0: 0x000000008000607a (0x341027f3) csrrs   a5, mepc, zero
core   0: 3 0x000000008000607a (0x341027f3) x15 0x0000000080005938
core   0: 0x000000008000607e (0x34202773) csrrs   a4, mcause, zero
core   0: 3 0x000000008000607e (0x34202773) x14 0x0000000000000002
core   0: 0x0000000080006082 (0x142026f3) csrrs   a3, scause, zero
core   0: 3 0x0000000080006082 (0x142026f3) x13 0x0000000000000000
core   0: 0x0000000080006086 (0x30402673) csrrs   a2, mie, zero
core   0: 3 0x0000000080006086 (0x30402673) x12 0x0000000000000a00
core   0: 0x000000008000608a (0x344025f3) csrrs   a1, mip, zero
core   0: 3 0x000000008000608a (0x344025f3) x11 0x0000000000000080
core   0: 0x000000008000608e (0x343025f3) csrrs   a1, mtval, zero
core   0: 3 0x000000008000608e (0x343025f3) x11 0x00000000342bdbf3
core   0: 0x0000000080006092 (0x14302573) csrrs   a0, stval, zero
core   0: 3 0x0000000080006092 (0x14302573) x10 0x0000000000000000
core   0: 0x0000000080006096 (0xb02024f3) csrrs   s1, minstret, zero
core   0: 3 0x0000000080006096 (0xb02024f3) x9  0x00000000000010aa
core   0: 0x000000008000609a (0x0000a811) c.j     pc + 20
core   0: 3 0x000000008000609a (0xa811)
core   0: >>>>  mepc_4
core   0: 0x00000000800060ae (0x00000791) c.addi  a5, 4
core   0: 3 0x00000000800060ae (0x0791) x15 0x000000008000593c
core   0: 0x00000000800060b0 (0x34179073) csrrw   zero, mepc, a5
core   0: 3 0x00000000800060b0 (0x34179073) c833_mepc 0x000000008000593c
core   0: 0x00000000800060b4 (0x30200073) mret
core   0: 3 0x00000000800060b4 (0x30200073) c768_mstatus 0x8000000a00106080
core   0: 0x000000008000593c (0x001312f3) csrrw   t0, fflags, t1
core   0: 1 0x000000008000593c (0x001312f3) x5  0x0000000000000011 c1_fflags 0x0000000000000011
core   0: 0x0000000080005940 (0xc03ef4d3) fcvt.lu.s s1, ft9
core   0: 1 0x0000000080005940 (0xc03ef4d3) c1_fflags 0x0000000000000011 x9  0xffffffffffffffff
core   0: 0x0000000080005944 (0x40c55db3) sra     s11, a0, a2
core   0: 1 0x0000000080005944 (0x40c55db3) x27 0x0000000000000000
core   0: 0x0000000080005948 (0x00c24db3) xor     s11, tp, a2
core   0: 1 0x0000000080005948 (0x00c24db3) x27 0x0000000000000dd2
core   0: 0x000000008000594c (0xd20b83d3) fcvt.d.w ft7, s7
core   0: 1 0x000000008000594c (0xd20b83d3) f7  0x0000000000000000
core   0: 0x0000000080005950 (0x02f73133) mulhu   sp, a4, a5
core   0: 1 0x0000000080005950 (0x02f73133) x2  0x0000000000000000
core   0: 0x0000000080005954 (0x00000001) c.nop
core   0: 1 0x0000000080005954 (0x0001)
core   0: 0x0000000080005956 (0xc8005573) csrrwi  a0, cycleh, 0
core   0: exception trap_illegal_instruction, epc 0x0000000080005956
core   0:           tval 0x00000000c8005573
core   0: >>>>  $xrv64i2p1_m2p0_a2p1_f2p2_d2p2_zicsr2p0_zifencei2p0_zmmul1p0_zba1p0_zbb1p0_zbc1p0_zbs1p0
core   0: 0x0000000080004000 (0x0080006f) j       pc + 0x8
core   0: 3 0x0000000080004000 (0x0080006f)
core   0: >>>>  mmode_exception_handler
core   0: 0x0000000080004008 (0x00002c17) auipc   s8, 0x2
core   0: 3 0x0000000080004008 (0x00002c17) x24 0x0000000080006008
core   0: 0x000000008000400c (0x072c0c13) addi    s8, s8, 114
core   0: 3 0x000000008000400c (0x072c0c13) x24 0x000000008000607a
core   0: 0x0000000080004010 (0x000c00e7) jalr    s8
core   0: 3 0x0000000080004010 (0x000c00e7) x1  0x0000000080004014
core   0: >>>>  any_handler
core   0: 0x000000008000607a (0x341027f3) csrrs   a5, mepc, zero
core   0: 3 0x000000008000607a (0x341027f3) x15 0x0000000080005956
core   0: 0x000000008000607e (0x34202773) csrrs   a4, mcause, zero
core   0: 3 0x000000008000607e (0x34202773) x14 0x0000000000000002
core   0: 0x0000000080006082 (0x142026f3) csrrs   a3, scause, zero
core   0: 3 0x0000000080006082 (0x142026f3) x13 0x0000000000000000
core   0: 0x0000000080006086 (0x30402673) csrrs   a2, mie, zero
core   0: 3 0x0000000080006086 (0x30402673) x12 0x0000000000000a00
core   0: 0x000000008000608a (0x344025f3) csrrs   a1, mip, zero
core   0: 3 0x000000008000608a (0x344025f3) x11 0x0000000000000080
core   0: 0x000000008000608e (0x343025f3) csrrs   a1, mtval, zero
core   0: 3 0x000000008000608e (0x343025f3) x11 0x00000000c8005573
core   0: 0x0000000080006092 (0x14302573) csrrs   a0, stval, zero
core   0: 3 0x0000000080006092 (0x14302573) x10 0x0000000000000000
core   0: 0x0000000080006096 (0xb02024f3) csrrs   s1, minstret, zero
core   0: 3 0x0000000080006096 (0xb02024f3) x9  0x00000000000010c1
core   0: 0x000000008000609a (0x0000a811) c.j     pc + 20
core   0: 3 0x000000008000609a (0xa811)
core   0: >>>>  mepc_4
core   0: 0x00000000800060ae (0x00000791) c.addi  a5, 4
core   0: 3 0x00000000800060ae (0x0791) x15 0x000000008000595a
core   0: 0x00000000800060b0 (0x34179073) csrrw   zero, mepc, a5
core   0: 3 0x00000000800060b0 (0x34179073) c833_mepc 0x000000008000595a
core   0: 0x00000000800060b4 (0x30200073) mret
core   0: 3 0x00000000800060b4 (0x30200073) c768_mstatus 0x8000000a00106080
core   0: 0x000000008000595a (0xff91e737) lui     a4, 0xff91e
core   0: 1 0x000000008000595a (0xff91e737) x14 0xffffffffff91e000
core   0: 0x000000008000595e (0xce37071b) addiw   a4, a4, -797
core   0: 1 0x000000008000595e (0xce37071b) x14 0xffffffffff91dce3
core   0: 0x0000000080005962 (0x00000732) c.slli  a4, 12
core   0: 1 0x0000000080005962 (0x0732) x14 0xfffffff91dce3000
core   0: 0x0000000080005964 (0x71e70713) addi    a4, a4, 1822
core   0: 1 0x0000000080005964 (0x71e70713) x14 0xfffffff91dce371e
core   0: 0x0000000080005968 (0x40270a33) sub     s4, a4, sp
core   0: 1 0x0000000080005968 (0x40270a33) x20 0xfffffff91dce371e
core   0: 0x000000008000596c (0x0212d733) divu    a4, t0, ra
core   0: 1 0x000000008000596c (0x0212d733) x14 0x0000000000000000
core   0: 0x0000000080005970 (0x40e3519b) sraiw   gp, t1, 14
core   0: 1 0x0000000080005970 (0x40e3519b) x3  0x0000000000000000
core   0: 0x0000000080005974 (0x9081e817) auipc   a6, 0x9081e
core   0: 1 0x0000000080005974 (0x9081e817) x16 0x0000000010823974
core   0: 0x0000000080005978 (0x037e9bb3) mulh    s7, t4, s7
core   0: 1 0x0000000080005978 (0x037e9bb3) x23 0x0000000000000000
core   0: 0x000000008000597c (0x23a91353) fsgnjn.d ft6, fs2, fs10
core   0: 1 0x000000008000597c (0x23a91353) f6  0x8000000000000000
core   0: 0x0000000080005980 (0x41ddd51b) sraiw   a0, s11, 29
core   0: 1 0x0000000080005980 (0x41ddd51b) x10 0x0000000000000000
core   0: 0x0000000080005984 (0x0017c593) xori    a1, a5, 1
core   0: 1 0x0000000080005984 (0x0017c593) x11 0x000000008000595b
core   0: 0x0000000080005988 (0x0264fcd3) fadd.d  fs9, fs1, ft6
core   0: 1 0x0000000080005988 (0x0264fcd3) f25 0xc1c1297f9f000000
core   0: 0x000000008000598c (0x40115a1b) sraiw   s4, sp, 1
core   0: 1 0x000000008000598c (0x40115a1b) x20 0x0000000000000000
core   0: 0x0000000080005990 (0xd2327e53) fcvt.d.lu ft8, tp
core   0: 1 0x0000000080005990 (0xd2327e53) f28 0x409f480000000000
core   0: 0x0000000080005994 (0x40e1513b) sraw    sp, sp, a4
core   0: 1 0x0000000080005994 (0x40e1513b) x2  0x0000000000000000
core   0: 0x0000000080005998 (0x037b03bb) mulw    t2, s6, s7
core   0: 1 0x0000000080005998 (0x037b03bb) x7  0x0000000000000000
core   0: 0x000000008000599c (0xe20e05d3) fmv.x.d a1, ft8
core   0: 1 0x000000008000599c (0xe20e05d3) x11 0x409f480000000000
core   0: 0x00000000800059a0 (0x02bc39b3) mulhu   s3, s8, a1
core   0: 1 0x00000000800059a0 (0x02bc39b3) x19 0x00000000204fbc5a
core   0: 0x00000000800059a4 (0x00b478b3) and     a7, s0, a1
core   0: 1 0x00000000800059a4 (0x00b478b3) x17 0x0000000000000000
core   0: 0x00000000800059a8 (0x01399933) sll     s2, s3, s3
core   0: 1 0x00000000800059a8 (0x01399933) x18 0x00813ef168000000
core   0: 0x00000000800059ac (0xd2190a53) fcvt.d.wu fs4, s2
core   0: 1 0x00000000800059ac (0xd2190a53) f20 0x41da000000000000
core   0: 0x00000000800059b0 (0xd2040b53) fcvt.d.w fs6, s0
core   0: 1 0x00000000800059b0 (0xd2040b53) f22 0x0000000000000000
core   0: 0x00000000800059b4 (0x420606d3) fcvt.d.s fa3, fa2
core   0: 1 0x00000000800059b4 (0x420606d3) f13 0x7ff8000000000000
core   0: 0x00000000800059b8 (0x6a0cf1c3) fmadd.d ft3, fs9, ft0, fa3
core   0: 1 0x00000000800059b8 (0x6a0cf1c3) f3  0x7ff8000000000000
core   0: 0x00000000800059bc (0xd0377153) fcvt.s.lu ft2, a4
core   0: 1 0x00000000800059bc (0xd0377153) f2  0xffffffff00000000
core   0: 0x00000000800059c0 (0x012455b3) srl     a1, s0, s2
core   0: 1 0x00000000800059c0 (0x012455b3) x11 0x0000000000000000
core   0: 0x00000000800059c4 (0x40b252b3) sra     t0, tp, a1
core   0: 1 0x00000000800059c4 (0x40b252b3) x5  0x00000000000007d2
core   0: 0x00000000800059c8 (0x369565b7) lui     a1, 0x36956
core   0: 1 0x00000000800059c8 (0x369565b7) x11 0x0000000036956000
core   0: 0x00000000800059cc (0x0242704f) fnmadd.d ft0, ft4, ft4, ft0
core   0: 1 0x00000000800059cc (0x0242704f) f0  0xbff0000000000000
core   0: 0x00000000800059d0 (0xb200754f) fnmadd.d fa0, ft0, ft0, fs6
core   0: 1 0x00000000800059d0 (0xb200754f) f10 0xbff0000000000000
core   0: 0x00000000800059d4 (0x2b910cd3) fmin.d  fs9, ft2, fs9
core   0: 1 0x00000000800059d4 (0x2b910cd3) f25 0xc1c1297f9f000000
core   0: 0x00000000800059d8 (0xcb8cfac3) fmadd.d fs5, fs9, fs8, fs9
core   0: 1 0x00000000800059d8 (0xcb8cfac3) f21 0x7ff8000000000000
core   0: 0x00000000800059dc (0x4102da3b) sraw    s4, t0, a6
core   0: 1 0x00000000800059dc (0x4102da3b) x20 0x0000000000000000
core   0: 0x00000000800059e0 (0x02f0f0b3) remu    ra, ra, a5
core   0: 1 0x00000000800059e0 (0x02f0f0b3) x1  0x0000000080004014
core   0: 0x00000000800059e4 (0x0056aeb3) slt     t4, a3, t0
core   0: 1 0x00000000800059e4 (0x0056aeb3) x29 0x0000000000000001
core   0: 0x00000000800059e8 (0x02a286bb) mulw    a3, t0, a0
core   0: 1 0x00000000800059e8 (0x02a286bb) x13 0x0000000000000000
core   0: 0x00000000800059ec (0xc5e0e613) ori     a2, ra, -930
core   0: 1 0x00000000800059ec (0xc5e0e613) x12 0xfffffffffffffc5e
core   0: 0x00000000800059f0 (0x40d6523b) sraw    tp, a2, a3
core   0: 1 0x00000000800059f0 (0x40d6523b) x4  0xfffffffffffffc5e
core   0: 0x00000000800059f4 (0x001e1473) csrrw   s0, fflags, t3
core   0: 1 0x00000000800059f4 (0x001e1473) x8  0x0000000000000011 c1_fflags 0x0000000000000000
core   0: 0x00000000800059f8 (0x00c22033) slt     zero, tp, a2
core   0: 1 0x00000000800059f8 (0x00c22033)
core   0: 0x00000000800059fc (0x0071d1b3) srl     gp, gp, t2
core   0: 1 0x00000000800059fc (0x0071d1b3) x3  0x0000000000000000
core   0: 0x0000000080005a00 (0x000010b3) sll     ra, zero, zero
core   0: 1 0x0000000080005a00 (0x000010b3) x1  0x0000000000000000
core   0: 0x0000000080005a04 (0x40b888b3) sub     a7, a7, a1
core   0: 1 0x0000000080005a04 (0x40b888b3) x17 0xffffffffc96aa000
core   0: 0x0000000080005a08 (0xfff6c113) not     sp, a3
core   0: 1 0x0000000080005a08 (0xfff6c113) x2  0xffffffffffffffff
core   0: 0x0000000080005a0c (0x40625a9b) sraiw   s5, tp, 6
core   0: 1 0x0000000080005a0c (0x40625a9b) x21 0xfffffffffffffff1
core   0: 0x0000000080005a10 (0x0037183b) sllw    a6, a4, gp
core   0: 1 0x0000000080005a10 (0x0037183b) x16 0x0000000000000000
core   0: 0x0000000080005a14 (0x410056bb) sraw    a3, zero, a6
core   0: 1 0x0000000080005a14 (0x410056bb) x13 0x0000000000000000
core   0: 0x0000000080005a18 (0x01c31793) slli    a5, t1, 28
core   0: 1 0x0000000080005a18 (0x01c31793) x15 0x0000000110000000
core   0: 0x0000000080005a1c (0x01061533) sll     a0, a2, a6
core   0: 1 0x0000000080005a1c (0x01061533) x10 0xfffffffffffffc5e
core   0: 0x0000000080005a20 (0x42058553) fcvt.d.s fa0, fa1
core   0: 1 0x0000000080005a20 (0x42058553) f10 0xc0abe49300000000
core   0: 0x0000000080005a24 (0x223999d3) fsgnjn.d fs3, fs3, ft3
core   0: 1 0x0000000080005a24 (0x223999d3) f19 0xfff8000000000000
core   0: 0x0000000080005a28 (0x01b19d1b) slliw   s10, gp, 27
core   0: 1 0x0000000080005a28 (0x01b19d1b) x26 0x0000000000000000
core   0: 0x0000000080005a2c (0xe2090a53) fmv.x.d s4, fs2
core   0: 1 0x0000000080005a2c (0xe2090a53) x20 0x0000000000000000
core   0: 0x0000000080005a30 (0xff322037) lui     zero, 0xff322
core   0: 1 0x0000000080005a30 (0xff322037)
core   0: 0x0000000080005a34 (0xdfb0001b) addiw   zero, zero, -517
core   0: 1 0x0000000080005a34 (0xdfb0001b)
core   0: 0x0000000080005a38 (0x00e01013) slli    zero, zero, 14
core   0: 1 0x0000000080005a38 (0x00e01013)
core   0: 0x0000000080005a3c (0x5f000013) li      zero, 1520
core   0: 1 0x0000000080005a3c (0x5f000013)
core   0: 0x0000000080005a40 (0x22a27dcf) fnmadd.d fs11, ft4, fa0, ft4
core   0: 1 0x0000000080005a40 (0x22a27dcf) f27 0xc0abe29300000000
core   0: 0x0000000080005a44 (0x40e750b3) sra     ra, a4, a4
core   0: 1 0x0000000080005a44 (0x40e750b3) x1  0x0000000000000000
core   0: 0x0000000080005a48 (0xd2000153) fcvt.d.w ft2, zero
core   0: 1 0x0000000080005a48 (0xd2000153) f2  0x0000000000000000
core   0: 0x0000000080005a4c (0x43e95413) srai    s0, s2, 62
core   0: 1 0x0000000080005a4c (0x43e95413) x8  0x0000000000000000
core   0: 0x0000000080005a50 (0xfff74213) not     tp, a4
core   0: 1 0x0000000080005a50 (0xfff74213) x4  0xffffffffffffffff
core   0: 0x0000000080005a54 (0x1ac472d3) fdiv.d  ft5, fs0, fa2
core   0: 1 0x0000000080005a54 (0x1ac472d3) c1_fflags 0x0000000000000008 f5  0x7ff0000000000000
core   0: 0x0000000080005a58 (0x2a257ccb) fnmsub.d fs9, fa0, ft2, ft5
core   0: 1 0x0000000080005a58 (0x2a257ccb) f25 0x7ff0000000000000
core   0: 0x0000000080005a5c (0x00102b73) csrrs   s6, fflags, zero
core   0: 1 0x0000000080005a5c (0x00102b73) x22 0x0000000000000008
core   0: 0x0000000080005a60 (0xea001037) lui     zero, 0xea001
core   0: 1 0x0000000080005a60 (0xea001037)
core   0: 0x0000000080005a64 (0x5a09f1d3) fsqrt.d ft3, fs3
core   0: 1 0x0000000080005a64 (0x5a09f1d3) f3  0x7ff8000000000000
core   0: 0x0000000080005a68 (0x01705bb3) srl     s7, zero, s7
core   0: 1 0x0000000080005a68 (0x01705bb3) x23 0x0000000000000000
core   0: 0x0000000080005a6c (0x039d55b3) divu    a1, s10, s9
core   0: 1 0x0000000080005a6c (0x039d55b3) x11 0x0000000000000000
core   0: 0x0000000080005a70 (0x00000001) c.nop
core   0: 1 0x0000000080005a70 (0x0001)
core   0: 0x0000000080005a72 (0xc20cf9d3) fcvt.w.d s3, fs9
core   0: 1 0x0000000080005a72 (0xc20cf9d3) c1_fflags 0x0000000000000018 x19 0x000000007fffffff
core   0: 0x0000000080005a76 (0x002021f3) csrrs   gp, frm, zero
core   0: 1 0x0000000080005a76 (0x002021f3) x3  0x0000000000000000
core   0: 0x0000000080005a7a (0x1351fdc7) fmsub.d fs11, ft3, fs5, ft2
core   0: 1 0x0000000080005a7a (0x1351fdc7) f27 0x7ff8000000000000
core   0: 0x0000000080005a7e (0x130479d3) fmul.d  fs3, fs0, fa6
core   0: 1 0x0000000080005a7e (0x130479d3) f19 0x7ff8000000000000
core   0: 0x0000000080005a82 (0x418c8ab3) sub     s5, s9, s8
core   0: 1 0x0000000080005a82 (0x418c8ab3) x21 0x0000001f8015e106
core   0: 0x0000000080005a86 (0x420c0e53) fcvt.d.s ft8, fs8
core   0: 1 0x0000000080005a86 (0x420c0e53) f28 0x7ff8000000000000
core   0: 0x0000000080005a8a (0x419484b3) sub     s1, s1, s9
core   0: 1 0x0000000080005a8a (0x419484b3) x9  0xffffffdfffe9cf41
core   0: 0x0000000080005a8e (0x4195d2b3) sra     t0, a1, s9
core   0: 1 0x0000000080005a8e (0x4195d2b3) x5  0x0000000000000000
core   0: 0x0000000080005a92 (0x0211fc3b) remuw   s8, gp, ra
core   0: 1 0x0000000080005a92 (0x0211fc3b) x24 0x0000000000000000
core   0: 0x0000000080005a96 (0x401b591b) sraiw   s2, s6, 1
core   0: 1 0x0000000080005a96 (0x401b591b) x18 0x0000000000000004
core   0: 0x0000000080005a9a (0x01491533) sll     a0, s2, s4
core   0: 1 0x0000000080005a9a (0x01491533) x10 0x0000000000000004
core   0: 0x0000000080005a9e (0x01e3dc1b) srliw   s8, t2, 30
core   0: 1 0x0000000080005a9e (0x01e3dc1b) x24 0x0000000000000000
core   0: 0x0000000080005aa2 (0xfffae713) ori     a4, s5, -1
core   0: 1 0x0000000080005aa2 (0xfffae713) x14 0xffffffffffffffff
core   0: 0x0000000080005aa6 (0x000a9e1b) slliw   t3, s5, 0
core   0: 1 0x0000000080005aa6 (0x000a9e1b) x28 0xffffffff8015e106
core   0: 0x0000000080005aaa (0x03d743bb) divw    t2, a4, t4
core   0: 1 0x0000000080005aaa (0x03d743bb) x7  0xffffffffffffffff
core   0: 0x0000000080005aae (0x00055a1b) srliw   s4, a0, 0
core   0: 1 0x0000000080005aae (0x00055a1b) x20 0x0000000000000004
core   0: 0x0000000080005ab2 (0xd231f953) fcvt.d.lu fs2, gp
core   0: 1 0x0000000080005ab2 (0xd231f953) f18 0x0000000000000000
core   0: 0x0000000080005ab6 (0xd02a70d3) fcvt.s.l ft1, s4
core   0: 1 0x0000000080005ab6 (0xd02a70d3) f1  0xffffffff40800000
core   0: 0x0000000080005aba (0xc038f953) fcvt.lu.s s2, fa7
core   0: 1 0x0000000080005aba (0xc038f953) c1_fflags 0x0000000000000018 x18 0xffffffffffffffff
core   0: 0x0000000080005abe (0x1e89bc97) auipc   s9, 0x1e89b
core   0: 1 0x0000000080005abe (0x1e89bc97) x25 0x000000009e8a0abe
core   0: 0x0000000080005ac2 (0x02004bbb) divw    s7, zero, zero
core   0: 1 0x0000000080005ac2 (0x02004bbb) x23 0xffffffffffffffff
core   0: 0x0000000080005ac6 (0xfffec893) not     a7, t4
core   0: 1 0x0000000080005ac6 (0xfffec893) x17 0xfffffffffffffffe
core   0: 0x0000000080005aca (0x01f3549b) srliw   s1, t1, 31
core   0: 1 0x0000000080005aca (0x01f3549b) x9  0x0000000000000000
core   0: 0x0000000080005ace (0x00598e3b) addw    t3, s3, t0
core   0: 1 0x0000000080005ace (0x00598e3b) x28 0x000000007fffffff
core   0: 0x0000000080005ad2 (0x00c8863b) addw    a2, a7, a2
core   0: 1 0x0000000080005ad2 (0x00c8863b) x12 0xfffffffffffffc5c
core   0: 0x0000000080005ad6 (0x01f95b9b) srliw   s7, s2, 31
core   0: 1 0x0000000080005ad6 (0x01f95b9b) x23 0x0000000000000001
core   0: 0x0000000080005ada (0x014c063b) addw    a2, s8, s4
core   0: 1 0x0000000080005ada (0x014c063b) x12 0x0000000000000004
core   0: 0x0000000080005ade (0x40c154bb) sraw    s1, sp, a2
core   0: 1 0x0000000080005ade (0x40c154bb) x9  0xffffffffffffffff
core   0: 0x0000000080005ae2 (0x02d68bbb) mulw    s7, a3, a3
core   0: 1 0x0000000080005ae2 (0x02d68bbb) x23 0x0000000000000000
core   0: 0x0000000080005ae6 (0x0213f3c7) fmsub.d ft7, ft7, ft1, ft0
core   0: 1 0x0000000080005ae6 (0x0213f3c7) f7  0x7ff8000000000000
core   0: 0x0000000080005aea (0x419bdd33) sra     s10, s7, s9
core   0: 1 0x0000000080005aea (0x419bdd33) x26 0x0000000000000000
core   0: 0x0000000080005aee (0xd2058b53) fcvt.d.w fs6, a1
core   0: 1 0x0000000080005aee (0xd2058b53) f22 0x0000000000000000
core   0: 0x0000000080005af2 (0xa4ab86b7) lui     a3, 0xa4ab8
core   0: 1 0x0000000080005af2 (0xa4ab86b7) x13 0xffffffffa4ab8000
core   0: 0x0000000080005af6 (0x40f65cb3) sra     s9, a2, a5
core   0: 1 0x0000000080005af6 (0x40f65cb3) x25 0x0000000000000004
core   0: 0x0000000080005afa (0xcc560813) addi    a6, a2, -827
core   0: 1 0x0000000080005afa (0xcc560813) x16 0xfffffffffffffcc9
core   0: 0x0000000080005afe (0x228b0653) fsgnj.d fa2, fs6, fs0
core   0: 1 0x0000000080005afe (0x228b0653) f12 0x0000000000000000
core   0: 0x0000000080005b02 (0x01bdf3b3) and     t2, s11, s11
core   0: 1 0x0000000080005b02 (0x01bdf3b3) x7  0x0000000000000dd2
core   0: 0x0000000080005b06 (0x7910ed17) auipc   s10, 0x7910e
core   0: 1 0x0000000080005b06 (0x7910ed17) x26 0x00000000f9113b06
core   0: 0x0000000080005b0a (0xd2038553) fcvt.d.w fa0, t2
core   0: 1 0x0000000080005b0a (0xd2038553) f10 0x40aba40000000000
core   0: 0x0000000080005b0e (0x03a00033) mul     zero, zero, s10
core   0: 1 0x0000000080005b0e (0x03a00033)
core   0: 0x0000000080005b12 (0x53e0ff43) fmadd.d ft10, ft1, ft10, fa0
core   0: 1 0x0000000080005b12 (0x53e0ff43) f30 0x7ff8000000000000
core   0: 0x0000000080005b16 (0x13c570d3) fmul.d  ft1, fa0, ft8
core   0: 1 0x0000000080005b16 (0x13c570d3) f1  0x7ff8000000000000
core   0: 0x0000000080005b1a (0x40127c53) fcvt.s.d fs8, ft4
core   0: 1 0x0000000080005b1a (0x40127c53) f24 0xffffffffbf800000
core   0: 0x0000000080005b1e (0x033d9493) slli    s1, s11, 51
core   0: 1 0x0000000080005b1e (0x033d9493) x9  0x6e90000000000000
core   0: 0x0000000080005b22 (0x5d5a2ab7) lui     s5, 0x5d5a2
core   0: 1 0x0000000080005b22 (0x5d5a2ab7) x21 0x000000005d5a2000
core   0: 0x0000000080005b26 (0xc2197953) fcvt.wu.d s2, fs2
core   0: 1 0x0000000080005b26 (0xc2197953) x18 0x0000000000000000
core   0: 0x0000000080005b2a (0x00229d73) csrrw   s10, frm, t0
core   0: 1 0x0000000080005b2a (0x00229d73) x26 0x0000000000000000 c2_frm 0x0000000000000000
core   0: 0x0000000080005b2e (0xd21d0553) fcvt.d.wu fa0, s10
core   0: 1 0x0000000080005b2e (0xd21d0553) f10 0x0000000000000000
core   0: 0x0000000080005b32 (0xc209fed3) fcvt.w.d t4, fs3
core   0: 1 0x0000000080005b32 (0xc209fed3) c1_fflags 0x0000000000000018 x29 0x000000007fffffff
core   0: 0x0000000080005b36 (0x41405093) srai    ra, zero, 20
core   0: 1 0x0000000080005b36 (0x41405093) x1  0x0000000000000000
core   0: 0x0000000080005b3a (0x0001843b) addw    s0, gp, zero
core   0: 1 0x0000000080005b3a (0x0001843b) x8  0x0000000000000000
core   0: 0x0000000080005b3e (0x221590d3) fsgnjn.d ft1, fa1, ft1
core   0: 1 0x0000000080005b3e (0x221590d3) f1  0xffffffffc55f2498
core   0: 0x0000000080005b42 (0x002b14f3) csrrw   s1, frm, s6
core   0: 1 0x0000000080005b42 (0x002b14f3) x9  0x0000000000000000 c2_frm 0x0000000000000000
core   0: 0x0000000080005b46 (0xc035f453) fcvt.lu.s s0, fa1
core   0: 1 0x0000000080005b46 (0xc035f453) c1_fflags 0x0000000000000018 x8  0x0000000000000000
core   0: 0x0000000080005b4a (0x02a95933) divu    s2, s2, a0
core   0: 1 0x0000000080005b4a (0x02a95933) x18 0x0000000000000000
core   0: 0x0000000080005b4e (0x0ff0000f) fence   iorw,iorw
core   0: 1 0x0000000080005b4e (0x0ff0000f)
core   0: 0x0000000080005b52 (0x0ff0000f) fence   iorw,iorw
core   0: 1 0x0000000080005b52 (0x0ff0000f)
core   0: 0x0000000080005b56 (0xc0615cf3) csrrwi  s9, hpmcounter6, 2
core   0: exception trap_illegal_instruction, epc 0x0000000080005b56
core   0:           tval 0x00000000c0615cf3
core   0: >>>>  $xrv64i2p1_m2p0_a2p1_f2p2_d2p2_zicsr2p0_zifencei2p0_zmmul1p0_zba1p0_zbb1p0_zbc1p0_zbs1p0
core   0: 0x0000000080004000 (0x0080006f) j       pc + 0x8
core   0: 3 0x0000000080004000 (0x0080006f)
core   0: >>>>  mmode_exception_handler
core   0: 0x0000000080004008 (0x00002c17) auipc   s8, 0x2
core   0: 3 0x0000000080004008 (0x00002c17) x24 0x0000000080006008
core   0: 0x000000008000400c (0x072c0c13) addi    s8, s8, 114
core   0: 3 0x000000008000400c (0x072c0c13) x24 0x000000008000607a
core   0: 0x0000000080004010 (0x000c00e7) jalr    s8
core   0: 3 0x0000000080004010 (0x000c00e7) x1  0x0000000080004014
core   0: >>>>  any_handler
core   0: 0x000000008000607a (0x341027f3) csrrs   a5, mepc, zero
core   0: 3 0x000000008000607a (0x341027f3) x15 0x0000000080005b56
core   0: 0x000000008000607e (0x34202773) csrrs   a4, mcause, zero
core   0: 3 0x000000008000607e (0x34202773) x14 0x0000000000000002
core   0: 0x0000000080006082 (0x142026f3) csrrs   a3, scause, zero
core   0: 3 0x0000000080006082 (0x142026f3) x13 0x0000000000000000
core   0: 0x0000000080006086 (0x30402673) csrrs   a2, mie, zero
core   0: 3 0x0000000080006086 (0x30402673) x12 0x0000000000000a00
core   0: 0x000000008000608a (0x344025f3) csrrs   a1, mip, zero
core   0: 3 0x000000008000608a (0x344025f3) x11 0x0000000000000080
core   0: 0x000000008000608e (0x343025f3) csrrs   a1, mtval, zero
core   0: 3 0x000000008000608e (0x343025f3) x11 0x00000000c0615cf3
core   0: 0x0000000080006092 (0x14302573) csrrs   a0, stval, zero
core   0: 3 0x0000000080006092 (0x14302573) x10 0x0000000000000000
core   0: 0x0000000080006096 (0xb02024f3) csrrs   s1, minstret, zero
core   0: 3 0x0000000080006096 (0xb02024f3) x9  0x0000000000001151
core   0: 0x000000008000609a (0x0000a811) c.j     pc + 20
core   0: 3 0x000000008000609a (0xa811)
core   0: >>>>  mepc_4
core   0: 0x00000000800060ae (0x00000791) c.addi  a5, 4
core   0: 3 0x00000000800060ae (0x0791) x15 0x0000000080005b5a
core   0: 0x00000000800060b0 (0x34179073) csrrw   zero, mepc, a5
core   0: 3 0x00000000800060b0 (0x34179073) c833_mepc 0x0000000080005b5a
core   0: 0x00000000800060b4 (0x30200073) mret
core   0: 3 0x00000000800060b4 (0x30200073) c768_mstatus 0x8000000a00106080
core   0: 0x0000000080005b5a (0x00a55533) srl     a0, a0, a0
core   0: 1 0x0000000080005b5a (0x00a55533) x10 0x0000000000000000
core   0: 0x0000000080005b5e (0xe20589d3) fmv.x.d s3, fa1
core   0: 1 0x0000000080005b5e (0xe20589d3) x19 0xffffffffc55f2498
core   0: 0x0000000080005b62 (0x019c9693) slli    a3, s9, 25
core   0: 1 0x0000000080005b62 (0x019c9693) x13 0x0000000008000000
core   0: 0x0000000080005b66 (0x00a98d3b) addw    s10, s3, a0
core   0: 1 0x0000000080005b66 (0x00a98d3b) x26 0xffffffffc55f2498
core   0: 0x0000000080005b6a (0x00f7d933) srl     s2, a5, a5
core   0: 1 0x0000000080005b6a (0x00f7d933) x18 0x0000000000000020
core   0: 0x0000000080005b6e (0xc30e8ab7) lui     s5, 0xc30e8
core   0: 1 0x0000000080005b6e (0xc30e8ab7) x21 0xffffffffc30e8000
core   0: 0x0000000080005b72 (0x00892733) slt     a4, s2, s0
core   0: 1 0x0000000080005b72 (0x00892733) x14 0x0000000000000000
core   0: 0x0000000080005b76 (0xf2080f53) fmv.d.x ft10, a6
core   0: 1 0x0000000080005b76 (0xf2080f53) f30 0xfffffffffffffcc9
core   0: 0x0000000080005b7a (0xe20f07d3) fmv.x.d a5, ft10
core   0: 1 0x0000000080005b7a (0xe20f07d3) x15 0xfffffffffffffcc9
core   0: 0x0000000080005b7e (0xc020f253) fcvt.l.s tp, ft1
core   0: 1 0x0000000080005b7e (0xc020f253) c1_fflags 0x0000000000000019 x4  0xfffffffffffff20e
core   0: 0x0000000080005b82 (0x0106f3b3) and     t2, a3, a6
core   0: 1 0x0000000080005b82 (0x0106f3b3) x7  0x0000000008000000
core   0: 0x0000000080005b86 (0x22d69153) fsgnjn.d ft2, fa3, fa3
core   0: 1 0x0000000080005b86 (0x22d69153) f2  0xfff8000000000000
core   0: 0x0000000080005b8a (0xd237fd53) fcvt.d.lu fs10, a5
core   0: 1 0x0000000080005b8a (0xd237fd53) c1_fflags 0x0000000000000019 f26 0x43f0000000000000
core   0: 0x0000000080005b8e (0xc232f2d3) fcvt.lu.d t0, ft5
core   0: 1 0x0000000080005b8e (0xc232f2d3) c1_fflags 0x0000000000000019 x5  0xffffffffffffffff
core   0: 0x0000000080005b92 (0x1a2d7753) fdiv.d  fa4, fs10, ft2
core   0: 1 0x0000000080005b92 (0x1a2d7753) f14 0x7ff8000000000000
core   0: 0x0000000080005b96 (0x025e62bb) remw    t0, t3, t0
core   0: 1 0x0000000080005b96 (0x025e62bb) x5  0x0000000000000000
core   0: 0x0000000080005b9a (0x420e84d3) fcvt.d.s fs1, ft9
core   0: 1 0x0000000080005b9a (0x420e84d3) f9  0x7ff8000000000000
core   0: 0x0000000080005b9e (0x40c98bbb) subw    s7, s3, a2
core   0: 1 0x0000000080005b9e (0x40c98bbb) x23 0xffffffffc55f1a98
core   0: 0x0000000080005ba2 (0x416bd11b) sraiw   sp, s7, 22
core   0: 1 0x0000000080005ba2 (0x416bd11b) x2  0xffffffffffffff15
core   0: 0x0000000080005ba6 (0x41ad0633) sub     a2, s10, s10
core   0: 1 0x0000000080005ba6 (0x41ad0633) x12 0x0000000000000000
core   0: 0x0000000080005baa (0xc224f5d3) fcvt.l.d a1, fs1
core   0: 1 0x0000000080005baa (0xc224f5d3) c1_fflags 0x0000000000000019 x11 0x7fffffffffffffff
core   0: 0x0000000080005bae (0x129c7ed3) fmul.d  ft9, fs8, fs1
core   0: 1 0x0000000080005bae (0x129c7ed3) f29 0x7ff8000000000000
core   0: 0x0000000080005bb2 (0x014bcbb3) xor     s7, s7, s4
core   0: 1 0x0000000080005bb2 (0x014bcbb3) x23 0xffffffffc55f1a9c
core   0: 0x0000000080005bb6 (0x224ef4cb) fnmsub.d fs1, ft9, ft4, ft4
core   0: 1 0x0000000080005bb6 (0x224ef4cb) f9  0x7ff8000000000000
core   0: 0x0000000080005bba (0x7ff5071b) addiw   a4, a0, 2047
core   0: 1 0x0000000080005bba (0x7ff5071b) x14 0x00000000000007ff
core   0: 0x0000000080005bbe (0x000b8d1b) sext.w  s10, s7
core   0: 1 0x0000000080005bbe (0x000b8d1b) x26 0xffffffffc55f1a9c
core   0: 0x0000000080005bc2 (0x011bd8bb) srlw    a7, s7, a7
core   0: 1 0x0000000080005bc2 (0x011bd8bb) x17 0x0000000000000003
core   0: 0x0000000080005bc6 (0x133c79d3) fmul.d  fs3, fs8, fs3
core   0: 1 0x0000000080005bc6 (0x133c79d3) f19 0x7ff8000000000000
core   0: 0x0000000080005bca (0x016b6eb3) or      t4, s6, s6
core   0: 1 0x0000000080005bca (0x016b6eb3) x29 0x0000000000000008
core   0: 0x0000000080005bce (0x40b783bb) subw    t2, a5, a1
core   0: 1 0x0000000080005bce (0x40b783bb) x7  0xfffffffffffffcca
core   0: 0x0000000080005bd2 (0x1f358293) addi    t0, a1, 499
core   0: 1 0x0000000080005bd2 (0x1f358293) x5  0x80000000000001f2
core   0: 0x0000000080005bd6 (0x67a4cc13) xori    s8, s1, 1658
core   0: 1 0x0000000080005bd6 (0x67a4cc13) x24 0x000000000000172b
core   0: 0x0000000080005bda (0x014550b3) srl     ra, a0, s4
core   0: 1 0x0000000080005bda (0x014550b3) x1  0x0000000000000000
core   0: 0x0000000080005bde (0x0200fd33) remu    s10, ra, zero
core   0: 1 0x0000000080005bde (0x0200fd33) x26 0x0000000000000000
core   0: 0x0000000080005be2 (0x0ff0000f) fence   iorw,iorw
core   0: 1 0x0000000080005be2 (0x0ff0000f)
core   0: 0x0000000080005be6 (0xd3008193) addi    gp, ra, -720
core   0: 1 0x0000000080005be6 (0xd3008193) x3  0xfffffffffffffd30
core   0: 0x0000000080005bea (0xc23b79d3) fcvt.lu.d s3, fs6
core   0: 1 0x0000000080005bea (0xc23b79d3) x19 0x0000000000000000
core   0: 0x0000000080005bee (0x02ddf8b3) remu    a7, s11, a3
core   0: 1 0x0000000080005bee (0x02ddf8b3) x17 0x0000000000000dd2
core   0: 0x0000000080005bf2 (0x2ba40453) fmin.d  fs0, fs0, fs10
core   0: 1 0x0000000080005bf2 (0x2ba40453) f8  0x4041000000000000
core   0: 0x0000000080005bf6 (0xd022f653) fcvt.s.l fa2, t0
core   0: 1 0x0000000080005bf6 (0xd022f653) c1_fflags 0x0000000000000019 f12 0xffffffffdf000000
core   0: 0x0000000080005bfa (0xf20208d3) fmv.d.x fa7, tp
core   0: 1 0x0000000080005bfa (0xf20208d3) f17 0xfffffffffffff20e
core   0: 0x0000000080005bfe (0x231680d3) fsgnj.d ft1, fa3, fa7
core   0: 1 0x0000000080005bfe (0x231680d3) f1  0xfff8000000000000
core   0: 0x0000000080005c02 (0x00202673) csrrs   a2, frm, zero
core   0: 1 0x0000000080005c02 (0x00202673) x12 0x0000000000000000
core   0: 0x0000000080005c06 (0x00102d73) csrrs   s10, fflags, zero
core   0: 1 0x0000000080005c06 (0x00102d73) x26 0x0000000000000019
core   0: 0x0000000080005c0a (0x41b1d03b) sraw    zero, gp, s11
core   0: 1 0x0000000080005c0a (0x41b1d03b)
core   0: 0x0000000080005c0e (0x00139673) csrrw   a2, fflags, t2
core   0: 1 0x0000000080005c0e (0x00139673) x12 0x0000000000000019 c1_fflags 0x000000000000000a
core   0: 0x0000000080005c12 (0x02fd61b3) rem     gp, s10, a5
core   0: 1 0x0000000080005c12 (0x02fd61b3) x3  0x0000000000000019
core   0: 0x0000000080005c16 (0xfffb6b13) ori     s6, s6, -1
core   0: 1 0x0000000080005c16 (0xfffb6b13) x22 0xffffffffffffffff
core   0: 0x0000000080005c1a (0x01cdb3b7) lui     t2, 0x1cdb
core   0: 1 0x0000000080005c1a (0x01cdb3b7) x7  0x0000000001cdb000
core   0: 0x0000000080005c1e (0xf433839b) addiw   t2, t2, -189
core   0: 1 0x0000000080005c1e (0xf433839b) x7  0x0000000001cdaf43
core   0: 0x0000000080005c22 (0x000003b6) c.slli  t2, 13
core   0: 1 0x0000000080005c22 (0x03b6) x7  0x00000039b5e86000
core   0: 0x0000000080005c24 (0x39538393) addi    t2, t2, 917
core   0: 1 0x0000000080005c24 (0x39538393) x7  0x00000039b5e86395
core   0: 0x0000000080005c28 (0x00760d33) add     s10, a2, t2
core   0: 1 0x0000000080005c28 (0x00760d33) x26 0x00000039b5e863ae
core   0: 0x0000000080005c2c (0x2b428a53) fmin.d  fs4, ft5, fs4
core   0: 1 0x0000000080005c2c (0x2b428a53) f20 0x41da000000000000
core   0: 0x0000000080005c30 (0x4d6dcd93) xori    s11, s11, 1238
core   0: 1 0x0000000080005c30 (0x4d6dcd93) x27 0x0000000000000904
core   0: 0x0000000080005c34 (0x01a90133) add     sp, s2, s10
core   0: 1 0x0000000080005c34 (0x01a90133) x2  0x00000039b5e863ce
core   0: 0x0000000080005c38 (0x36c74e93) xori    t4, a4, 876
core   0: 1 0x0000000080005c38 (0x36c74e93) x29 0x0000000000000493
core   0: 0x0000000080005c3c (0x420c0e53) fcvt.d.s ft8, fs8
core   0: 1 0x0000000080005c3c (0x420c0e53) f28 0xbff0000000000000
core   0: 0x0000000080005c40 (0x01d44b33) xor     s6, s0, t4
core   0: 1 0x0000000080005c40 (0x01d44b33) x22 0x0000000000000493
core   0: 0x0000000080005c44 (0x01822c33) slt     s8, tp, s8
core   0: 1 0x0000000080005c44 (0x01822c33) x24 0x0000000000000001
core   0: 0x0000000080005c48 (0x0293dcb3) divu    s9, t2, s1
core   0: 1 0x0000000080005c48 (0x0293dcb3) x25 0x0000000003552c8b
core   0: 0x0000000080005c4c (0x43dc5393) srai    t2, s8, 61
core   0: 1 0x0000000080005c4c (0x43dc5393) x7  0x0000000000000000
core   0: 0x0000000080005c50 (0x00cef633) and     a2, t4, a2
core   0: 1 0x0000000080005c50 (0x00cef633) x12 0x0000000000000011
core   0: 0x0000000080005c54 (0xc81e77f3) csrrci  a5, timeh, 28
core   0: exception trap_illegal_instruction, epc 0x0000000080005c54
core   0:           tval 0x00000000c81e77f3
core   0: >>>>  $xrv64i2p1_m2p0_a2p1_f2p2_d2p2_zicsr2p0_zifencei2p0_zmmul1p0_zba1p0_zbb1p0_zbc1p0_zbs1p0
core   0: 0x0000000080004000 (0x0080006f) j       pc + 0x8
core   0: 3 0x0000000080004000 (0x0080006f)
core   0: >>>>  mmode_exception_handler
core   0: 0x0000000080004008 (0x00002c17) auipc   s8, 0x2
core   0: 3 0x0000000080004008 (0x00002c17) x24 0x0000000080006008
core   0: 0x000000008000400c (0x072c0c13) addi    s8, s8, 114
core   0: 3 0x000000008000400c (0x072c0c13) x24 0x000000008000607a
core   0: 0x0000000080004010 (0x000c00e7) jalr    s8
core   0: 3 0x0000000080004010 (0x000c00e7) x1  0x0000000080004014
core   0: >>>>  any_handler
core   0: 0x000000008000607a (0x341027f3) csrrs   a5, mepc, zero
core   0: 3 0x000000008000607a (0x341027f3) x15 0x0000000080005c54
core   0: 0x000000008000607e (0x34202773) csrrs   a4, mcause, zero
core   0: 3 0x000000008000607e (0x34202773) x14 0x0000000000000002
core   0: 0x0000000080006082 (0x142026f3) csrrs   a3, scause, zero
core   0: 3 0x0000000080006082 (0x142026f3) x13 0x0000000000000000
core   0: 0x0000000080006086 (0x30402673) csrrs   a2, mie, zero
core   0: 3 0x0000000080006086 (0x30402673) x12 0x0000000000000a00
core   0: 0x000000008000608a (0x344025f3) csrrs   a1, mip, zero
core   0: 3 0x000000008000608a (0x344025f3) x11 0x0000000000000080
core   0: 0x000000008000608e (0x343025f3) csrrs   a1, mtval, zero
core   0: 3 0x000000008000608e (0x343025f3) x11 0x00000000c81e77f3
core   0: 0x0000000080006092 (0x14302573) csrrs   a0, stval, zero
core   0: 3 0x0000000080006092 (0x14302573) x10 0x0000000000000000
core   0: 0x0000000080006096 (0xb02024f3) csrrs   s1, minstret, zero
core   0: 3 0x0000000080006096 (0xb02024f3) x9  0x00000000000011a0
core   0: 0x000000008000609a (0x0000a811) c.j     pc + 20
core   0: 3 0x000000008000609a (0xa811)
core   0: >>>>  mepc_4
core   0: 0x00000000800060ae (0x00000791) c.addi  a5, 4
core   0: 3 0x00000000800060ae (0x0791) x15 0x0000000080005c58
core   0: 0x00000000800060b0 (0x34179073) csrrw   zero, mepc, a5
core   0: 3 0x00000000800060b0 (0x34179073) c833_mepc 0x0000000080005c58
core   0: 0x00000000800060b4 (0x30200073) mret
core   0: 3 0x00000000800060b4 (0x30200073) c768_mstatus 0x8000000a00106080
core   0: 0x0000000080005c58 (0x416a0b3b) subw    s6, s4, s6
core   0: 1 0x0000000080005c58 (0x416a0b3b) x22 0xfffffffffffffb71
core   0: 0x0000000080005c5c (0x0187ae33) slt     t3, a5, s8
core   0: 1 0x0000000080005c5c (0x0187ae33) x28 0x0000000000000001
core   0: 0x0000000080005c60 (0x00000001) c.nop
core   0: 1 0x0000000080005c60 (0x0001)
core   0: 0x0000000080005c62 (0xa20c07d3) fle.d   a5, fs8, ft0
core   0: 1 0x0000000080005c62 (0xa20c07d3) c1_fflags 0x000000000000001a x15 0x0000000000000000
core   0: 0x0000000080005c66 (0xf14fe873) csrrsi  a6, mhartid, 31
core   0: exception trap_illegal_instruction, epc 0x0000000080005c66
core   0:           tval 0x00000000f14fe873
core   0: >>>>  $xrv64i2p1_m2p0_a2p1_f2p2_d2p2_zicsr2p0_zifencei2p0_zmmul1p0_zba1p0_zbb1p0_zbc1p0_zbs1p0
core   0: 0x0000000080004000 (0x0080006f) j       pc + 0x8
core   0: 3 0x0000000080004000 (0x0080006f)
core   0: >>>>  mmode_exception_handler
core   0: 0x0000000080004008 (0x00002c17) auipc   s8, 0x2
core   0: 3 0x0000000080004008 (0x00002c17) x24 0x0000000080006008
core   0: 0x000000008000400c (0x072c0c13) addi    s8, s8, 114
core   0: 3 0x000000008000400c (0x072c0c13) x24 0x000000008000607a
core   0: 0x0000000080004010 (0x000c00e7) jalr    s8
core   0: 3 0x0000000080004010 (0x000c00e7) x1  0x0000000080004014
core   0: >>>>  any_handler
core   0: 0x000000008000607a (0x341027f3) csrrs   a5, mepc, zero
core   0: 3 0x000000008000607a (0x341027f3) x15 0x0000000080005c66
core   0: 0x000000008000607e (0x34202773) csrrs   a4, mcause, zero
core   0: 3 0x000000008000607e (0x34202773) x14 0x0000000000000002
core   0: 0x0000000080006082 (0x142026f3) csrrs   a3, scause, zero
core   0: 3 0x0000000080006082 (0x142026f3) x13 0x0000000000000000
core   0: 0x0000000080006086 (0x30402673) csrrs   a2, mie, zero
core   0: 3 0x0000000080006086 (0x30402673) x12 0x0000000000000a00
core   0: 0x000000008000608a (0x344025f3) csrrs   a1, mip, zero
core   0: 3 0x000000008000608a (0x344025f3) x11 0x0000000000000080
core   0: 0x000000008000608e (0x343025f3) csrrs   a1, mtval, zero
core   0: 3 0x000000008000608e (0x343025f3) x11 0x00000000f14fe873
core   0: 0x0000000080006092 (0x14302573) csrrs   a0, stval, zero
core   0: 3 0x0000000080006092 (0x14302573) x10 0x0000000000000000
core   0: 0x0000000080006096 (0xb02024f3) csrrs   s1, minstret, zero
core   0: 3 0x0000000080006096 (0xb02024f3) x9  0x00000000000011b4
core   0: 0x000000008000609a (0x0000a811) c.j     pc + 20
core   0: 3 0x000000008000609a (0xa811)
core   0: >>>>  mepc_4
core   0: 0x00000000800060ae (0x00000791) c.addi  a5, 4
core   0: 3 0x00000000800060ae (0x0791) x15 0x0000000080005c6a
core   0: 0x00000000800060b0 (0x34179073) csrrw   zero, mepc, a5
core   0: 3 0x00000000800060b0 (0x34179073) c833_mepc 0x0000000080005c6a
core   0: 0x00000000800060b4 (0x30200073) mret
core   0: 3 0x00000000800060b4 (0x30200073) c768_mstatus 0x8000000a00106080
core   0: 0x0000000080005c6a (0x01717733) and     a4, sp, s7
core   0: 1 0x0000000080005c6a (0x01717733) x14 0x000000398548028c
core   0: 0x0000000080005c6e (0x40f85193) srai    gp, a6, 15
core   0: 1 0x0000000080005c6e (0x40f85193) x3  0xffffffffffffffff
core   0: 0x0000000080005c72 (0x0004011b) sext.w  sp, s0
core   0: 1 0x0000000080005c72 (0x0004011b) x2  0x0000000000000000
core   0: 0x0000000080005c76 (0x0ff0000f) fence   iorw,iorw
core   0: 1 0x0000000080005c76 (0x0ff0000f)
core   0: 0x0000000080005c7a (0x2b3b8a53) fmin.d  fs4, fs7, fs3
core   0: 1 0x0000000080005c7a (0x2b3b8a53) f20 0x7ff8000000000000
core   0: 0x0000000080005c7e (0x86f3d097) auipc   ra, 0x86f3d
core   0: 1 0x0000000080005c7e (0x86f3d097) x1  0x0000000006f42c7e
core   0: 0x0000000080005c82 (0x420c0cd3) fcvt.d.s fs9, fs8
core   0: 1 0x0000000080005c82 (0x420c0cd3) f25 0xbff0000000000000
core   0: 0x0000000080005c86 (0x13b57653) fmul.d  fa2, fa0, fs11
core   0: 1 0x0000000080005c86 (0x13b57653) f12 0x7ff8000000000000
core   0: 0x0000000080005c8a (0x001ad99b) srliw   s3, s5, 1
core   0: 1 0x0000000080005c8a (0x001ad99b) x19 0x0000000061874000
core   0: 0x0000000080005c8e (0xd02eff53) fcvt.s.l ft10, t4
core   0: 1 0x0000000080005c8e (0xd02eff53) f30 0xffffffff44926000
core   0: 0x0000000080005c92 (0x02514dbb) divw    s11, sp, t0
core   0: 1 0x0000000080005c92 (0x02514dbb) x27 0x0000000000000000
core   0: 0x0000000080005c96 (0x02606733) rem     a4, zero, t1
core   0: 1 0x0000000080005c96 (0x02606733) x14 0x0000000000000000
core   0: 0x0000000080005c9a (0x5a09f9d3) fsqrt.d fs3, fs3
core   0: 1 0x0000000080005c9a (0x5a09f9d3) f19 0x7ff8000000000000
core   0: 0x0000000080005c9e (0x22c220d3) fsgnjx.d ft1, ft4, fa2
core   0: 1 0x0000000080005c9e (0x22c220d3) f1  0xbff0000000000000
core   0: 0x0000000080005ca2 (0x014893bb) sllw    t2, a7, s4
core   0: 1 0x0000000080005ca2 (0x014893bb) x7  0x000000000000dd20
core   0: 0x0000000080005ca6 (0xd21b88d3) fcvt.d.wu fa7, s7
core   0: 1 0x0000000080005ca6 (0xd21b88d3) f17 0x41e8abe353800000
core   0: 0x0000000080005caa (0x00548033) add     zero, s1, t0
core   0: 1 0x0000000080005caa (0x00548033)
core   0: 0x0000000080005cae (0x029babb3) mulhsu  s7, s7, s1
core   0: 1 0x0000000080005cae (0x029babb3) x23 0xffffffffffffffff
core   0: 0x0000000080005cb2 (0x1444d8f3) csrrwi  a7, sip, 9
core   0: 1 0x0000000080005cb2 (0x1444d8f3) x17 0x0000000000000000 c836_mip 0x0000000000000080
core   0: 0x0000000080005cb6 (0x0ff0000f) fence   iorw,iorw
core   0: 1 0x0000000080005cb6 (0x0ff0000f)
core   0: 0x0000000080005cba (0x02d5f1b3) remu    gp, a1, a3
core   0: 1 0x0000000080005cba (0x02d5f1b3) x3  0x00000000f14fe873
core   0: 0x0000000080005cbe (0xeb95f013) andi    zero, a1, -327
core   0: 1 0x0000000080005cbe (0xeb95f013)
core   0: 0x0000000080005cc2 (0x00102a73) csrrs   s4, fflags, zero
core   0: 1 0x0000000080005cc2 (0x00102a73) x20 0x000000000000001a
core   0: 0x0000000080005cc6 (0x019c7b33) and     s6, s8, s9
core   0: 1 0x0000000080005cc6 (0x019c7b33) x22 0x000000000000200a
core   0: 0x0000000080005cca (0xc03dfad3) fcvt.lu.s s5, fs11
core   0: 1 0x0000000080005cca (0xc03dfad3) c1_fflags 0x000000000000001a x21 0xffffffffffffffff
core   0: 0x0000000080005cce (0xc2287453) fcvt.l.d s0, fa6
core   0: 1 0x0000000080005cce (0xc2287453) c1_fflags 0x000000000000001a x8  0x7fffffffffffffff
core   0: 0x0000000080005cd2 (0x00179b13) slli    s6, a5, 1
core   0: 1 0x0000000080005cd2 (0x00179b13) x22 0x000000010000b8d4
core   0: 0x0000000080005cd6 (0x001b5813) srli    a6, s6, 1
core   0: 1 0x0000000080005cd6 (0x001b5813) x16 0x0000000080005c6a
core   0: 0x0000000080005cda (0xd02df653) fcvt.s.l fa2, s11
core   0: 1 0x0000000080005cda (0xd02df653) f12 0xffffffff00000000
core   0: 0x0000000080005cde (0x40c3033b) subw    t1, t1, a2
core   0: 1 0x0000000080005cde (0x40c3033b) x6  0xfffffffffffff611
core   0: 0x0000000080005ce2 (0x01985433) srl     s0, a6, s9
core   0: 1 0x0000000080005ce2 (0x01985433) x8  0x000000000010000b
core   0: 0x0000000080005ce6 (0x0322d933) divu    s2, t0, s2
core   0: 1 0x0000000080005ce6 (0x0322d933) x18 0x040000000000000f
core   0: 0x0000000080005cea (0x0210c0b3) div     ra, ra, ra
core   0: 1 0x0000000080005cea (0x0210c0b3) x1  0x0000000000000001
core   0: 0x0000000080005cee (0x5a067153) fsqrt.d ft2, fa2
core   0: 1 0x0000000080005cee (0x5a067153) f2  0x7ff8000000000000
core   0: 0x0000000080005cf2 (0x026329b3) mulhsu  s3, t1, t1
core   0: 1 0x0000000080005cf2 (0x026329b3) x19 0xfffffffffffff611
core   0: 0x0000000080005cf6 (0x23558bd3) fsgnj.d fs7, fa1, fs5
core   0: 1 0x0000000080005cf6 (0x23558bd3) f23 0x7fffffffc55f2498
core   0: 0x0000000080005cfa (0x41e0da13) srai    s4, ra, 30
core   0: 1 0x0000000080005cfa (0x41e0da13) x20 0x0000000000000000
core   0: 0x0000000080005cfe (0xc023fcd3) fcvt.l.s s9, ft7
core   0: 1 0x0000000080005cfe (0xc023fcd3) c1_fflags 0x000000000000001a x25 0x7fffffffffffffff
core   0: 0x0000000080005d02 (0x4046ddbb) sraw    s11, a3, tp
core   0: 1 0x0000000080005d02 (0x4046ddbb) x27 0x0000000000000000
core   0: 0x0000000080005d06 (0xc23673d3) fcvt.lu.d t2, fa2
core   0: 1 0x0000000080005d06 (0xc23673d3) c1_fflags 0x000000000000001a x7  0xffffffffffffffff
core   0: 0x0000000080005d0a (0x00055e13) srli    t3, a0, 0
core   0: 1 0x0000000080005d0a (0x00055e13) x28 0x0000000000000000
core   0: 0x0000000080005d0e (0xfe0d0eb7) lui     t4, 0xfe0d0
core   0: 1 0x0000000080005d0e (0xfe0d0eb7) x29 0xfffffffffe0d0000
core   0: 0x0000000080005d12 (0xe9fe8e9b) addiw   t4, t4, -353
core   0: 1 0x0000000080005d12 (0xe9fe8e9b) x29 0xfffffffffe0cfe9f
core   0: 0x0000000080005d16 (0x00000eb2) c.slli  t4, 12
core   0: 1 0x0000000080005d16 (0x0eb2) x29 0xffffffe0cfe9f000
core   0: 0x0000000080005d18 (0x550e8e93) addi    t4, t4, 1360
core   0: 1 0x0000000080005d18 (0x550e8e93) x29 0xffffffe0cfe9f550
core   0: 0x0000000080005d1c (0x5a017ad3) fsqrt.d fs5, ft2
core   0: 1 0x0000000080005d1c (0x5a017ad3) f21 0x7ff8000000000000
core   0: 0x0000000080005d20 (0x0333b133) mulhu   sp, t2, s3
core   0: 1 0x0000000080005d20 (0x0333b133) x2  0xfffffffffffff610
core   0: 0x0000000080005d24 (0x383ef693) andi    a3, t4, 899
core   0: 1 0x0000000080005d24 (0x383ef693) x13 0x0000000000000100
core   0: 0x0000000080005d28 (0x400352bb) sraw    t0, t1, zero
core   0: 1 0x0000000080005d28 (0x400352bb) x5  0xfffffffffffff611
core   0: 0x0000000080005d2c (0xc234f553) fcvt.lu.d a0, fs1
core   0: 1 0x0000000080005d2c (0xc234f553) c1_fflags 0x000000000000001a x10 0xffffffffffffffff
core   0: 0x0000000080005d30 (0x0002db1b) srliw   s6, t0, 0
core   0: 1 0x0000000080005d30 (0x0002db1b) x22 0xfffffffffffff611
core   0: 0x0000000080005d34 (0x42090a53) fcvt.d.s fs4, fs2
core   0: 1 0x0000000080005d34 (0x42090a53) f20 0x7ff8000000000000
core   0: 0x0000000080005d38 (0x02a7f5b3) remu    a1, a5, a0
core   0: 1 0x0000000080005d38 (0x02a7f5b3) x11 0x0000000080005c6a
core   0: 0x0000000080005d3c (0x00102773) csrrs   a4, fflags, zero
core   0: 1 0x0000000080005d3c (0x00102773) x14 0x000000000000001a
core   0: 0x0000000080005d40 (0x02c371b3) remu    gp, t1, a2
core   0: 1 0x0000000080005d40 (0x02c371b3) x3  0x0000000000000611
core   0: 0x0000000080005d44 (0x02315b3b) divuw   s6, sp, gp
core   0: 1 0x0000000080005d44 (0x02315b3b) x22 0x00000000002a3318
core   0: 0x0000000080005d48 (0x38adc7b7) lui     a5, 0x38adc
core   0: 1 0x0000000080005d48 (0x38adc7b7) x15 0x0000000038adc000
core   0: 0x0000000080005d4c (0x5b9e5c97) auipc   s9, 0x5b9e5
core   0: 1 0x0000000080005d4c (0x5b9e5c97) x25 0x00000000db9ead4c
core   0: 0x0000000080005d50 (0x01482833) slt     a6, a6, s4
core   0: 1 0x0000000080005d50 (0x01482833) x16 0x0000000000000000
core   0: 0x0000000080005d54 (0x130a7853) fmul.d  fa6, fs4, fa6
core   0: 1 0x0000000080005d54 (0x130a7853) f16 0x7ff8000000000000
core   0: 0x0000000080005d58 (0x404ddd3b) sraw    s10, s11, tp
core   0: 1 0x0000000080005d58 (0x404ddd3b) x26 0x0000000000000000
core   0: 0x0000000080005d5c (0x01d02433) slt     s0, zero, t4
core   0: 1 0x0000000080005d5c (0x01d02433) x8  0x0000000000000000
core   0: 0x0000000080005d60 (0x40ba8abb) subw    s5, s5, a1
core   0: 1 0x0000000080005d60 (0x40ba8abb) x21 0x000000007fffa395
core   0: 0x0000000080005d64 (0x402e5dbb) sraw    s11, t3, sp
core   0: 1 0x0000000080005d64 (0x402e5dbb) x27 0x0000000000000000
core   0: 0x0000000080005d68 (0x01377733) and     a4, a4, s3
core   0: 1 0x0000000080005d68 (0x01377733) x14 0x0000000000000010
core   0: 0x0000000080005d6c (0x019edb1b) srliw   s6, t4, 25
core   0: 1 0x0000000080005d6c (0x019edb1b) x22 0x0000000000000067
core   0: 0x0000000080005d70 (0xe20a04d3) fmv.x.d s1, fs4
core   0: 1 0x0000000080005d70 (0xe20a04d3) x9  0x7ff8000000000000
core   0: 0x0000000080005d74 (0x1ee116b7) lui     a3, 0x1ee11
core   0: 1 0x0000000080005d74 (0x1ee116b7) x13 0x000000001ee11000
core   0: 0x0000000080005d78 (0x2b2700d3) fmin.d  ft1, fa4, fs2
core   0: 1 0x0000000080005d78 (0x2b2700d3) f1  0x0000000000000000
core   0: 0x0000000080005d7c (0x0300f053) fadd.d  ft0, ft1, fa6
core   0: 1 0x0000000080005d7c (0x0300f053) f0  0x7ff8000000000000
core   0: 0x0000000080005d80 (0x0126d1b3) srl     gp, a3, s2
core   0: 1 0x0000000080005d80 (0x0126d1b3) x3  0x0000000000003dc2
core   0: 0x0000000080005d84 (0x4199d993) srai    s3, s3, 25
core   0: 1 0x0000000080005d84 (0x4199d993) x19 0xffffffffffffffff
core   0: 0x0000000080005d88 (0x0231593b) divuw   s2, sp, gp
core   0: 1 0x0000000080005d88 (0x0231593b) x18 0x000000000004252d
core   0: 0x0000000080005d8c (0x012a7a33) and     s4, s4, s2
core   0: 1 0x0000000080005d8c (0x012a7a33) x20 0x0000000000000000
core   0: 0x0000000080005d90 (0x8f6e0e9b) addiw   t4, t3, -1802
core   0: 1 0x0000000080005d90 (0x8f6e0e9b) x29 0xfffffffffffff8f6
core   0: 0x0000000080005d94 (0x42070c53) fcvt.d.s fs8, fa4
core   0: 1 0x0000000080005d94 (0x42070c53) f24 0x7ff8000000000000
core   0: 0x0000000080005d98 (0x01f4569b) srliw   a3, s0, 31
core   0: 1 0x0000000080005d98 (0x01f4569b) x13 0x0000000000000000
core   0: 0x0000000080005d9c (0xd03efcd3) fcvt.s.lu fs9, t4
core   0: 1 0x0000000080005d9c (0xd03efcd3) c1_fflags 0x000000000000001b f25 0xffffffff5f800000
core   0: 0x0000000080005da0 (0x013bf8b3) and     a7, s7, s3
core   0: 1 0x0000000080005da0 (0x013bf8b3) x17 0xffffffffffffffff
core   0: 0x0000000080005da4 (0x01a9dd3b) srlw    s10, s3, s10
core   0: 1 0x0000000080005da4 (0x01a9dd3b) x26 0xffffffffffffffff
core   0: 0x0000000080005da8 (0x025032b3) mulhu   t0, zero, t0
core   0: 1 0x0000000080005da8 (0x025032b3) x5  0x0000000000000000
core   0: 0x0000000080005dac (0x401cf953) fcvt.s.d fs2, fs9
core   0: 1 0x0000000080005dac (0x401cf953) f18 0xffffffff7fc00000
core   0: 0x0000000080005db0 (0x00202e73) csrrs   t3, frm, zero
core   0: 1 0x0000000080005db0 (0x00202e73) x28 0x0000000000000000
core   0: 0x0000000080005db4 (0x00000001) c.nop
core   0: 1 0x0000000080005db4 (0x0001)
core   0: 0x0000000080005db6 (0xc03e78d3) fcvt.lu.s a7, ft8
core   0: 1 0x0000000080005db6 (0xc03e78d3) c1_fflags 0x000000000000001b x17 0xffffffffffffffff
core   0: 0x0000000080005dba (0xd02ef8d3) fcvt.s.l fa7, t4
core   0: 1 0x0000000080005dba (0xd02ef8d3) f17 0xffffffffc4e14000
core   0: 0x0000000080005dbe (0x0384483b) divw    a6, s0, s8
core   0: 1 0x0000000080005dbe (0x0384483b) x16 0x0000000000000000
core   0: 0x0000000080005dc2 (0xd03b7f53) fcvt.s.lu ft10, s6
core   0: 1 0x0000000080005dc2 (0xd03b7f53) f30 0xffffffff42ce0000
core   0: 0x0000000080005dc6 (0x40ae5c1b) sraiw   s8, t3, 10
core   0: 1 0x0000000080005dc6 (0x40ae5c1b) x24 0x0000000000000000
core   0: 0x0000000080005dca (0x00459613) slli    a2, a1, 4
core   0: 1 0x0000000080005dca (0x00459613) x12 0x000000080005c6a0
core   0: 0x0000000080005dce (0x03a495b3) mulh    a1, s1, s10
core   0: 1 0x0000000080005dce (0x03a495b3) x11 0xffffffffffffffff
core   0: 0x0000000080005dd2 (0x140e68f3) csrrsi  a7, sscratch, 28
core   0: 1 0x0000000080005dd2 (0x140e68f3) x17 0x0000000000000000 c320_sscratch 0x000000000000001c
core   0: 0x0000000080005dd6 (0x03f11393) slli    t2, sp, 63
core   0: 1 0x0000000080005dd6 (0x03f11393) x7  0x0000000000000000
core   0: 0x0000000080005dda (0x03bcf7d3) fadd.d  fa5, fs9, fs11
core   0: 1 0x0000000080005dda (0x03bcf7d3) f15 0x7ff8000000000000
core   0: 0x0000000080005dde (0x00008c6d) c.and   s0, a1
core   0: 1 0x0000000080005dde (0x8c6d) x8  0x0000000000000000
core   0: 0x0000000080005de0 (0xf2040a53) fmv.d.x fs4, s0
core   0: 1 0x0000000080005de0 (0xf2040a53) f20 0x0000000000000000
core   0: 0x0000000080005de4 (0x0ff0000f) fence   iorw,iorw
core   0: 1 0x0000000080005de4 (0x0ff0000f)
core   0: 0x0000000080005de8 (0xf9049337) lui     t1, 0xf9049
core   0: 1 0x0000000080005de8 (0xf9049337) x6  0xfffffffff9049000
core   0: 0x0000000080005dec (0xfbd3031b) addiw   t1, t1, -67
core   0: 1 0x0000000080005dec (0xfbd3031b) x6  0xfffffffff9048fbd
core   0: 0x0000000080005df0 (0x00000332) c.slli  t1, 12
core   0: 1 0x0000000080005df0 (0x0332) x6  0xffffff9048fbd000
core   0: 0x0000000080005df2 (0xc1530313) addi    t1, t1, -1003
core   0: 1 0x0000000080005df2 (0xc1530313) x6  0xffffff9048fbcc15
core   0: 0x0000000080005df6 (0x1445ee93) ori     t4, a1, 324
core   0: 1 0x0000000080005df6 (0x1445ee93) x29 0xffffffffffffffff
core   0: 0x0000000080005dfa (0x40e38ab3) sub     s5, t2, a4
core   0: 1 0x0000000080005dfa (0x40e38ab3) x21 0xfffffffffffffff0
core   0: 0x0000000080005dfe (0x01089a33) sll     s4, a7, a6
core   0: 1 0x0000000080005dfe (0x01089a33) x20 0x0000000000000000
core   0: 0x0000000080005e02 (0x23479353) fsgnjn.d ft6, fa5, fs4
core   0: 1 0x0000000080005e02 (0x23479353) f6  0xfff8000000000000
core   0: 0x0000000080005e06 (0xd2160f53) fcvt.d.wu ft10, a2
core   0: 1 0x0000000080005e06 (0xd2160f53) f30 0x41171a8000000000
core   0: 0x0000000080005e0a (0x00156613) ori     a2, a0, 1
core   0: 1 0x0000000080005e0a (0x00156613) x12 0xffffffffffffffff
core   0: 0x0000000080005e0e (0x01f3dd9b) srliw   s11, t2, 31
core   0: 1 0x0000000080005e0e (0x01f3dd9b) x27 0x0000000000000000
core   0: 0x0000000080005e12 (0xd9c0fc13) andi    s8, ra, -612
core   0: 1 0x0000000080005e12 (0xd9c0fc13) x24 0x0000000000000000
core   0: 0x0000000080005e16 (0x40b3d6bb) sraw    a3, t2, a1
core   0: 1 0x0000000080005e16 (0x40b3d6bb) x13 0x0000000000000000
core   0: 0x0000000080005e1a (0x3235ed73) csrrsi  s10, mhpmevent3, 11
core   0: exception trap_illegal_instruction, epc 0x0000000080005e1a
core   0:           tval 0x000000003235ed73
core   0: >>>>  $xrv64i2p1_m2p0_a2p1_f2p2_d2p2_zicsr2p0_zifencei2p0_zmmul1p0_zba1p0_zbb1p0_zbc1p0_zbs1p0
core   0: 0x0000000080004000 (0x0080006f) j       pc + 0x8
core   0: 3 0x0000000080004000 (0x0080006f)
core   0: >>>>  mmode_exception_handler
core   0: 0x0000000080004008 (0x00002c17) auipc   s8, 0x2
core   0: 3 0x0000000080004008 (0x00002c17) x24 0x0000000080006008
core   0: 0x000000008000400c (0x072c0c13) addi    s8, s8, 114
core   0: 3 0x000000008000400c (0x072c0c13) x24 0x000000008000607a
core   0: 0x0000000080004010 (0x000c00e7) jalr    s8
core   0: 3 0x0000000080004010 (0x000c00e7) x1  0x0000000080004014
core   0: >>>>  any_handler
core   0: 0x000000008000607a (0x341027f3) csrrs   a5, mepc, zero
core   0: 3 0x000000008000607a (0x341027f3) x15 0x0000000080005e1a
core   0: 0x000000008000607e (0x34202773) csrrs   a4, mcause, zero
core   0: 3 0x000000008000607e (0x34202773) x14 0x0000000000000002
core   0: 0x0000000080006082 (0x142026f3) csrrs   a3, scause, zero
core   0: 3 0x0000000080006082 (0x142026f3) x13 0x0000000000000000
core   0: 0x0000000080006086 (0x30402673) csrrs   a2, mie, zero
core   0: 3 0x0000000080006086 (0x30402673) x12 0x0000000000000a00
core   0: 0x000000008000608a (0x344025f3) csrrs   a1, mip, zero
core   0: 3 0x000000008000608a (0x344025f3) x11 0x0000000000000080
core   0: 0x000000008000608e (0x343025f3) csrrs   a1, mtval, zero
core   0: 3 0x000000008000608e (0x343025f3) x11 0x000000003235ed73
core   0: 0x0000000080006092 (0x14302573) csrrs   a0, stval, zero
core   0: 3 0x0000000080006092 (0x14302573) x10 0x0000000000000000
core   0: 0x0000000080006096 (0xb02024f3) csrrs   s1, minstret, zero
core   0: 3 0x0000000080006096 (0xb02024f3) x9  0x0000000000001232
core   0: 0x000000008000609a (0x0000a811) c.j     pc + 20
core   0: 3 0x000000008000609a (0xa811)
core   0: >>>>  mepc_4
core   0: 0x00000000800060ae (0x00000791) c.addi  a5, 4
core   0: 3 0x00000000800060ae (0x0791) x15 0x0000000080005e1e
core   0: 0x00000000800060b0 (0x34179073) csrrw   zero, mepc, a5
core   0: 3 0x00000000800060b0 (0x34179073) c833_mepc 0x0000000080005e1e
core   0: 0x00000000800060b4 (0x30200073) mret
core   0: 3 0x00000000800060b4 (0x30200073) c768_mstatus 0x8000000a00106080
core   0: 0x0000000080005e1e (0xc02373d3) fcvt.l.s t2, ft6
core   0: 1 0x0000000080005e1e (0xc02373d3) c1_fflags 0x000000000000001b x7  0x7fffffffffffffff
core   0: 0x0000000080005e22 (0xc034f8d3) fcvt.lu.s a7, fs1
core   0: 1 0x0000000080005e22 (0xc034f8d3) c1_fflags 0x000000000000001b x17 0xffffffffffffffff
core   0: 0x0000000080005e26 (0xd238fe53) fcvt.d.lu ft8, a7
core   0: 1 0x0000000080005e26 (0xd238fe53) c1_fflags 0x000000000000001b f28 0x43f0000000000000
core   0: 0x0000000080005e2a (0x007886b3) add     a3, a7, t2
core   0: 1 0x0000000080005e2a (0x007886b3) x13 0x7ffffffffffffffe
core   0: 0x0000000080005e2e (0x010801b3) add     gp, a6, a6
core   0: 1 0x0000000080005e2e (0x010801b3) x3  0x0000000000000000
core   0: 0x0000000080005e32 (0x40765813) srai    a6, a2, 7
core   0: 1 0x0000000080005e32 (0x40765813) x16 0x0000000000000014
core   0: 0x0000000080005e36 (0xe20e8c53) fmv.x.d s8, ft9
core   0: 1 0x0000000080005e36 (0xe20e8c53) x24 0x7ff8000000000000
core   0: 0x0000000080005e3a (0x02087d33) remu    s10, a6, zero
core   0: 1 0x0000000080005e3a (0x02087d33) x26 0x0000000000000014
core   0: 0x0000000080005e3e (0xc03b7153) fcvt.lu.s sp, fs6
core   0: 1 0x0000000080005e3e (0xc03b7153) c1_fflags 0x000000000000001b x2  0xffffffffffffffff
core   0: 0x0000000080005e42 (0x0026b5b3) sltu    a1, a3, sp
core   0: 1 0x0000000080005e42 (0x0026b5b3) x11 0x0000000000000001
core   0: 0x0000000080005e46 (0x40157a53) fcvt.s.d fs4, fa0
core   0: 1 0x0000000080005e46 (0x40157a53) f20 0xffffffff00000000
core   0: 0x0000000080005e4a (0x00441cbb) sllw    s9, s0, tp
core   0: 1 0x0000000080005e4a (0x00441cbb) x25 0x0000000000000000
core   0: 0x0000000080005e4e (0x038b5c3b) divuw   s8, s6, s8
core   0: 1 0x0000000080005e4e (0x038b5c3b) x24 0xffffffffffffffff
core   0: 0x0000000080005e52 (0xfa3ff6c3) fmadd.d fa3, ft11, ft3, ft11
core   0: 1 0x0000000080005e52 (0xfa3ff6c3) f13 0x7ff8000000000000
core   0: 0x0000000080005e56 (0x00000001) c.nop
core   0: 1 0x0000000080005e56 (0x0001)
core   0: 0x0000000080005e58 (0x0002929b) slliw   t0, t0, 0
core   0: 1 0x0000000080005e58 (0x0002929b) x5  0x0000000000000000
core   0: 0x0000000080005e5c (0x0005979b) slliw   a5, a1, 0
core   0: 1 0x0000000080005e5c (0x0005979b) x15 0x0000000000000001
core   0: 0x0000000080005e60 (0x129e70d3) fmul.d  ft1, ft8, fs1
core   0: 1 0x0000000080005e60 (0x129e70d3) f1  0x7ff8000000000000
core   0: 0x0000000080005e64 (0x03a69a13) slli    s4, a3, 58
core   0: 1 0x0000000080005e64 (0x03a69a13) x20 0xf800000000000000
core   0: 0x0000000080005e68 (0xc02bf0d3) fcvt.l.s ra, fs7
core   0: 1 0x0000000080005e68 (0xc02bf0d3) c1_fflags 0x000000000000001b x1  0x7fffffffffffffff
core   0: 0x0000000080005e6c (0xd20b0b53) fcvt.d.w fs6, s6
core   0: 1 0x0000000080005e6c (0xd20b0b53) f22 0x4059c00000000000
core   0: 0x0000000080005e70 (0x00fa27b3) slt     a5, s4, a5
core   0: 1 0x0000000080005e70 (0x00fa27b3) x15 0x0000000000000001
core   0: 0x0000000080005e74 (0xd21a07d3) fcvt.d.wu fa5, s4
core   0: 1 0x0000000080005e74 (0xd21a07d3) f15 0x0000000000000000
core   0: 0x0000000080005e78 (0x0009d99b) srliw   s3, s3, 0
core   0: 1 0x0000000080005e78 (0x0009d99b) x19 0xffffffffffffffff
core   0: 0x0000000080005e7c (0x62467643) fmadd.d fa2, fa2, ft4, fa2
core   0: 1 0x0000000080005e7c (0x62467643) f12 0x7ff8000000000000
core   0: 0x0000000080005e80 (0x01215133) srl     sp, sp, s2
core   0: 1 0x0000000080005e80 (0x01215133) x2  0x000000000007ffff
core   0: 0x0000000080005e84 (0xc0217453) fcvt.l.s s0, ft2
core   0: 1 0x0000000080005e84 (0xc0217453) c1_fflags 0x000000000000001b x8  0x7fffffffffffffff
core   0: 0x0000000080005e88 (0x000e9e13) slli    t3, t4, 0
core   0: 1 0x0000000080005e88 (0x000e9e13) x28 0xffffffffffffffff
core   0: 0x0000000080005e8c (0x5a0cfcd3) fsqrt.d fs9, fs9
core   0: 1 0x0000000080005e8c (0x5a0cfcd3) f25 0x7ff8000000000000
core   0: 0x0000000080005e90 (0xd221f753) fcvt.d.l fa4, gp
core   0: 1 0x0000000080005e90 (0xd221f753) f14 0x0000000000000000
core   0: 0x0000000080005e94 (0xd20187d3) fcvt.d.w fa5, gp
core   0: 1 0x0000000080005e94 (0xd20187d3) f15 0x0000000000000000
core   0: 0x0000000080005e98 (0x01d19e9b) slliw   t4, gp, 29
core   0: 1 0x0000000080005e98 (0x01d19e9b) x29 0x0000000000000000
core   0: 0x0000000080005e9c (0x439df4cf) fnmadd.d fs1, fs11, fs9, fs0
core   0: 1 0x0000000080005e9c (0x439df4cf) f9  0x7ff8000000000000
core   0: 0x0000000080005ea0 (0xc237fd53) fcvt.lu.d s10, fa5
core   0: 1 0x0000000080005ea0 (0xc237fd53) x26 0x0000000000000000
core   0: 0x0000000080005ea4 (0x03c87e33) remu    t3, a6, t3
core   0: 1 0x0000000080005ea4 (0x03c87e33) x28 0x0000000000000014
core   0: 0x0000000080005ea8 (0xc03dfd53) fcvt.lu.s s10, fs11
core   0: 1 0x0000000080005ea8 (0xc03dfd53) c1_fflags 0x000000000000001b x26 0xffffffffffffffff
core   0: 0x0000000080005eac (0x00102473) csrrs   s0, fflags, zero
core   0: 1 0x0000000080005eac (0x00102473) x8  0x000000000000001b
core   0: 0x0000000080005eb0 (0x004b9113) slli    sp, s7, 4
core   0: 1 0x0000000080005eb0 (0x004b9113) x2  0xfffffffffffffff0
core   0: 0x0000000080005eb4 (0x5a097153) fsqrt.d ft2, fs2
core   0: 1 0x0000000080005eb4 (0x5a097153) f2  0x7ff8000000000000
core   0: 0x0000000080005eb8 (0x0172dbbb) srlw    s7, t0, s7
core   0: 1 0x0000000080005eb8 (0x0172dbbb) x23 0x0000000000000000
core   0: 0x0000000080005ebc (0x01d362b3) or      t0, t1, t4
core   0: 1 0x0000000080005ebc (0x01d362b3) x5  0xffffff9048fbcc15
core   0: 0x0000000080005ec0 (0x415ed91b) sraiw   s2, t4, 21
core   0: 1 0x0000000080005ec0 (0x415ed91b) x18 0x0000000000000000
core   0: 0x0000000080005ec4 (0xd462a237) lui     tp, 0xd462a
core   0: 1 0x0000000080005ec4 (0xd462a237) x4  0xffffffffd462a000
core   0: 0x0000000080005ec8 (0xe20c8e53) fmv.x.d t3, fs9
core   0: 1 0x0000000080005ec8 (0xe20c8e53) x28 0x7ff8000000000000
core   0: 0x0000000080005ecc (0x034e5193) srli    gp, t3, 52
core   0: 1 0x0000000080005ecc (0x034e5193) x3  0x00000000000007ff
core   0: 0x0000000080005ed0 (0x23be82d3) fsgnj.d ft5, ft9, fs11
core   0: 1 0x0000000080005ed0 (0x23be82d3) f5  0x7ff8000000000000
core   0: 0x0000000080005ed4 (0x03f39113) slli    sp, t2, 63
core   0: 1 0x0000000080005ed4 (0x03f39113) x2  0x8000000000000000
core   0: 0x0000000080005ed8 (0xffa3d8b7) lui     a7, 0xffa3d
core   0: 1 0x0000000080005ed8 (0xffa3d8b7) x17 0xffffffffffa3d000
core   0: 0x0000000080005edc (0x72b8889b) addiw   a7, a7, 1835
core   0: 1 0x0000000080005edc (0x72b8889b) x17 0xffffffffffa3d72b
core   0: 0x0000000080005ee0 (0x000008b6) c.slli  a7, 13
core   0: 1 0x0000000080005ee0 (0x08b6) x17 0xfffffff47ae56000
core   0: 0x0000000080005ee2 (0xddf88893) addi    a7, a7, -545
core   0: 1 0x0000000080005ee2 (0xddf88893) x17 0xfffffff47ae55ddf
core   0: 0x0000000080005ee6 (0x0269793b) remuw   s2, s2, t1
core   0: 1 0x0000000080005ee6 (0x0269793b) x18 0x0000000000000000
core   0: 0x0000000080005eea (0x0af7f7d3) fsub.d  fa5, fa5, fa5
core   0: 1 0x0000000080005eea (0x0af7f7d3) f15 0x0000000000000000
core   0: 0x0000000080005eee (0xc0582573) csrrs   a0, hpmcounter5, a6
core   0: exception trap_illegal_instruction, epc 0x0000000080005eee
core   0:           tval 0x00000000c0582573
core   0: >>>>  $xrv64i2p1_m2p0_a2p1_f2p2_d2p2_zicsr2p0_zifencei2p0_zmmul1p0_zba1p0_zbb1p0_zbc1p0_zbs1p0
core   0: 0x0000000080004000 (0x0080006f) j       pc + 0x8
core   0: 3 0x0000000080004000 (0x0080006f)
core   0: >>>>  mmode_exception_handler
core   0: 0x0000000080004008 (0x00002c17) auipc   s8, 0x2
core   0: 3 0x0000000080004008 (0x00002c17) x24 0x0000000080006008
core   0: 0x000000008000400c (0x072c0c13) addi    s8, s8, 114
core   0: 3 0x000000008000400c (0x072c0c13) x24 0x000000008000607a
core   0: 0x0000000080004010 (0x000c00e7) jalr    s8
core   0: 3 0x0000000080004010 (0x000c00e7) x1  0x0000000080004014
core   0: >>>>  any_handler
core   0: 0x000000008000607a (0x341027f3) csrrs   a5, mepc, zero
core   0: 3 0x000000008000607a (0x341027f3) x15 0x0000000080005eee
core   0: 0x000000008000607e (0x34202773) csrrs   a4, mcause, zero
core   0: 3 0x000000008000607e (0x34202773) x14 0x0000000000000002
core   0: 0x0000000080006082 (0x142026f3) csrrs   a3, scause, zero
core   0: 3 0x0000000080006082 (0x142026f3) x13 0x0000000000000000
core   0: 0x0000000080006086 (0x30402673) csrrs   a2, mie, zero
core   0: 3 0x0000000080006086 (0x30402673) x12 0x0000000000000a00
core   0: 0x000000008000608a (0x344025f3) csrrs   a1, mip, zero
core   0: 3 0x000000008000608a (0x344025f3) x11 0x0000000000000080
core   0: 0x000000008000608e (0x343025f3) csrrs   a1, mtval, zero
core   0: 3 0x000000008000608e (0x343025f3) x11 0x00000000c0582573
core   0: 0x0000000080006092 (0x14302573) csrrs   a0, stval, zero
core   0: 3 0x0000000080006092 (0x14302573) x10 0x0000000000000000
core   0: 0x0000000080006096 (0xb02024f3) csrrs   s1, minstret, zero
core   0: 3 0x0000000080006096 (0xb02024f3) x9  0x0000000000001277
core   0: 0x000000008000609a (0x0000a811) c.j     pc + 20
core   0: 3 0x000000008000609a (0xa811)
core   0: >>>>  mepc_4
core   0: 0x00000000800060ae (0x00000791) c.addi  a5, 4
core   0: 3 0x00000000800060ae (0x0791) x15 0x0000000080005ef2
core   0: 0x00000000800060b0 (0x34179073) csrrw   zero, mepc, a5
core   0: 3 0x00000000800060b0 (0x34179073) c833_mepc 0x0000000080005ef2
core   0: 0x00000000800060b4 (0x30200073) mret
core   0: 3 0x00000000800060b4 (0x30200073) c768_mstatus 0x8000000a00106080
core   0: 0x0000000080005ef2 (0x7228fac3) fmadd.d fs5, fa7, ft2, fa4
core   0: 1 0x0000000080005ef2 (0x7228fac3) f21 0x7ff8000000000000
core   0: 0x0000000080005ef6 (0xf111a1f3) csrrs   gp, mvendorid, gp
core   0: exception trap_illegal_instruction, epc 0x0000000080005ef6
core   0:           tval 0x00000000f111a1f3
core   0: >>>>  $xrv64i2p1_m2p0_a2p1_f2p2_d2p2_zicsr2p0_zifencei2p0_zmmul1p0_zba1p0_zbb1p0_zbc1p0_zbs1p0
core   0: 0x0000000080004000 (0x0080006f) j       pc + 0x8
core   0: 3 0x0000000080004000 (0x0080006f)
core   0: >>>>  mmode_exception_handler
core   0: 0x0000000080004008 (0x00002c17) auipc   s8, 0x2
core   0: 3 0x0000000080004008 (0x00002c17) x24 0x0000000080006008
core   0: 0x000000008000400c (0x072c0c13) addi    s8, s8, 114
core   0: 3 0x000000008000400c (0x072c0c13) x24 0x000000008000607a
core   0: 0x0000000080004010 (0x000c00e7) jalr    s8
core   0: 3 0x0000000080004010 (0x000c00e7) x1  0x0000000080004014
core   0: >>>>  any_handler
core   0: 0x000000008000607a (0x341027f3) csrrs   a5, mepc, zero
core   0: 3 0x000000008000607a (0x341027f3) x15 0x0000000080005ef6
core   0: 0x000000008000607e (0x34202773) csrrs   a4, mcause, zero
core   0: 3 0x000000008000607e (0x34202773) x14 0x0000000000000002
core   0: 0x0000000080006082 (0x142026f3) csrrs   a3, scause, zero
core   0: 3 0x0000000080006082 (0x142026f3) x13 0x0000000000000000
core   0: 0x0000000080006086 (0x30402673) csrrs   a2, mie, zero
core   0: 3 0x0000000080006086 (0x30402673) x12 0x0000000000000a00
core   0: 0x000000008000608a (0x344025f3) csrrs   a1, mip, zero
core   0: 3 0x000000008000608a (0x344025f3) x11 0x0000000000000080
core   0: 0x000000008000608e (0x343025f3) csrrs   a1, mtval, zero
core   0: 3 0x000000008000608e (0x343025f3) x11 0x00000000f111a1f3
core   0: 0x0000000080006092 (0x14302573) csrrs   a0, stval, zero
core   0: 3 0x0000000080006092 (0x14302573) x10 0x0000000000000000
core   0: 0x0000000080006096 (0xb02024f3) csrrs   s1, minstret, zero
core   0: 3 0x0000000080006096 (0xb02024f3) x9  0x0000000000001288
core   0: 0x000000008000609a (0x0000a811) c.j     pc + 20
core   0: 3 0x000000008000609a (0xa811)
core   0: >>>>  mepc_4
core   0: 0x00000000800060ae (0x00000791) c.addi  a5, 4
core   0: 3 0x00000000800060ae (0x0791) x15 0x0000000080005efa
core   0: 0x00000000800060b0 (0x34179073) csrrw   zero, mepc, a5
core   0: 3 0x00000000800060b0 (0x34179073) c833_mepc 0x0000000080005efa
core   0: 0x00000000800060b4 (0x30200073) mret
core   0: 3 0x00000000800060b4 (0x30200073) c768_mstatus 0x8000000a00106080
core   0: 0x0000000080005efa (0xa35d0ad3) fle.d   s5, fs10, fs5
core   0: 1 0x0000000080005efa (0xa35d0ad3) c1_fflags 0x000000000000001b x21 0x0000000000000000
core   0: 0x0000000080005efe (0x009319b3) sll     s3, t1, s1
core   0: 1 0x0000000080005efe (0x009319b3) x19 0xffff9048fbcc1500
core   0: 0x0000000080005f02 (0xc03c75d3) fcvt.lu.s a1, fs8
core   0: 1 0x0000000080005f02 (0xc03c75d3) c1_fflags 0x000000000000001b x11 0xffffffffffffffff
core   0: 0x0000000080005f06 (0xa24a12d3) flt.d   t0, fs4, ft4
core   0: 1 0x0000000080005f06 (0xa24a12d3) c1_fflags 0x000000000000001b x5  0x0000000000000000
core   0: 0x0000000080005f0a (0x02b2b8b3) mulhu   a7, t0, a1
core   0: 1 0x0000000080005f0a (0x02b2b8b3) x17 0x0000000000000000
core   0: 0x0000000080005f0e (0x227383d3) fsgnj.d ft7, ft7, ft7
core   0: 1 0x0000000080005f0e (0x227383d3) f7  0x7ff8000000000000
core   0: 0x0000000080005f12 (0x0360423b) divw    tp, zero, s6
core   0: 1 0x0000000080005f12 (0x0360423b) x4  0x0000000000000000
core   0: 0x0000000080005f16 (0x40e65733) sra     a4, a2, a4
core   0: 1 0x0000000080005f16 (0x40e65733) x14 0x0000000000000280
core   0: 0x0000000080005f1a (0xc0287c53) fcvt.l.s s8, fa6
core   0: 1 0x0000000080005f1a (0xc0287c53) c1_fflags 0x000000000000001b x24 0x7fffffffffffffff
core   0: 0x0000000080005f1e (0xc038f053) fcvt.lu.s zero, fa7
core   0: 1 0x0000000080005f1e (0xc038f053) c1_fflags 0x000000000000001b
core   0: 0x0000000080005f22 (0x002098b3) sll     a7, ra, sp
core   0: 1 0x0000000080005f22 (0x002098b3) x17 0x0000000080004014
core   0: 0x0000000080005f26 (0xd0267dd3) fcvt.s.l fs11, a2
core   0: 1 0x0000000080005f26 (0xd0267dd3) f27 0xffffffff45200000
core   0: 0x0000000080005f2a (0x400b8e33) sub     t3, s7, zero
core   0: 1 0x0000000080005f2a (0x400b8e33) x28 0x0000000000000000
core   0: 0x0000000080005f2e (0xd236f753) fcvt.d.lu fa4, a3
core   0: 1 0x0000000080005f2e (0xd236f753) f14 0x0000000000000000
core   0: 0x0000000080005f32 (0x00fe2233) slt     tp, t3, a5
core   0: 1 0x0000000080005f32 (0x00fe2233) x4  0x0000000000000001
core   0: 0x0000000080005f36 (0x2a6a0253) fmin.d  ft4, fs4, ft6
core   0: 1 0x0000000080005f36 (0x2a6a0253) f4  0x7ff8000000000000
core   0: 0x0000000080005f3a (0x40187cd3) fcvt.s.d fs9, fa6
core   0: 1 0x0000000080005f3a (0x40187cd3) f25 0xffffffff7fc00000
core   0: 0x0000000080005f3e (0x23581353) fsgnjn.d ft6, fa6, fs5
core   0: 1 0x0000000080005f3e (0x23581353) f6  0xfff8000000000000
core   0: 0x0000000080005f42 (0x40690733) sub     a4, s2, t1
core   0: 1 0x0000000080005f42 (0x40690733) x14 0x0000006fb70433eb
core   0: 0x0000000080005f46 (0x02987b33) remu    s6, a6, s1
core   0: 1 0x0000000080005f46 (0x02987b33) x22 0x0000000000000014
core   0: 0x0000000080005f4a (0x401ad79b) sraiw   a5, s5, 1
core   0: 1 0x0000000080005f4a (0x401ad79b) x15 0x0000000000000000
core   0: 0x0000000080005f4e (0x00194e93) xori    t4, s2, 1
core   0: 1 0x0000000080005f4e (0x00194e93) x29 0x0000000000000001
core   0: 0x0000000080005f52 (0x0af77753) fsub.d  fa4, fa4, fa5
core   0: 1 0x0000000080005f52 (0x0af77753) f14 0x0000000000000000
core   0: 0x0000000080005f56 (0x41058bbb) subw    s7, a1, a6
core   0: 1 0x0000000080005f56 (0x41058bbb) x23 0xffffffffffffffeb
core   0: 0x0000000080005f5a (0x1b437653) fdiv.d  fa2, ft6, fs4
core   0: 1 0x0000000080005f5a (0x1b437653) f12 0x7ff8000000000000
core   0: 0x0000000080005f5e (0xc2037ad3) fcvt.w.d s5, ft6
core   0: 1 0x0000000080005f5e (0xc2037ad3) c1_fflags 0x000000000000001b x21 0x000000007fffffff
core   0: 0x0000000080005f62 (0x0231c3bb) divw    t2, gp, gp
core   0: 1 0x0000000080005f62 (0x0231c3bb) x7  0x0000000000000001
core   0: 0x0000000080005f66 (0x07620cb7) lui     s9, 0x7620
core   0: 1 0x0000000080005f66 (0x07620cb7) x25 0x0000000007620000
core   0: 0x0000000080005f6a (0x40e002b3) sub     t0, zero, a4
core   0: 1 0x0000000080005f6a (0x40e002b3) x5  0xffffff9048fbcc15
core   0: 0x0000000080005f6e (0x020700bb) mulw    ra, a4, zero
core   0: 1 0x0000000080005f6e (0x020700bb) x1  0x0000000000000000
core   0: 0x0000000080005f72 (0xd220f4d3) fcvt.d.l fs1, ra
core   0: 1 0x0000000080005f72 (0xd220f4d3) f9  0x0000000000000000
core   0: 0x0000000080005f76 (0x30383873) csrrc   a6, mideleg, a6
core   0: exception trap_illegal_instruction, epc 0x0000000080005f76
core   0:           tval 0x0000000030383873
core   0: >>>>  $xrv64i2p1_m2p0_a2p1_f2p2_d2p2_zicsr2p0_zifencei2p0_zmmul1p0_zba1p0_zbb1p0_zbc1p0_zbs1p0
core   0: 0x0000000080004000 (0x0080006f) j       pc + 0x8
core   0: 3 0x0000000080004000 (0x0080006f)
core   0: >>>>  mmode_exception_handler
core   0: 0x0000000080004008 (0x00002c17) auipc   s8, 0x2
core   0: 3 0x0000000080004008 (0x00002c17) x24 0x0000000080006008
core   0: 0x000000008000400c (0x072c0c13) addi    s8, s8, 114
core   0: 3 0x000000008000400c (0x072c0c13) x24 0x000000008000607a
core   0: 0x0000000080004010 (0x000c00e7) jalr    s8
core   0: 3 0x0000000080004010 (0x000c00e7) x1  0x0000000080004014
core   0: >>>>  any_handler
core   0: 0x000000008000607a (0x341027f3) csrrs   a5, mepc, zero
core   0: 3 0x000000008000607a (0x341027f3) x15 0x0000000080005f76
core   0: 0x000000008000607e (0x34202773) csrrs   a4, mcause, zero
core   0: 3 0x000000008000607e (0x34202773) x14 0x0000000000000002
core   0: 0x0000000080006082 (0x142026f3) csrrs   a3, scause, zero
core   0: 3 0x0000000080006082 (0x142026f3) x13 0x0000000000000000
core   0: 0x0000000080006086 (0x30402673) csrrs   a2, mie, zero
core   0: 3 0x0000000080006086 (0x30402673) x12 0x0000000000000a00
core   0: 0x000000008000608a (0x344025f3) csrrs   a1, mip, zero
core   0: 3 0x000000008000608a (0x344025f3) x11 0x0000000000000080
core   0: 0x000000008000608e (0x343025f3) csrrs   a1, mtval, zero
core   0: 3 0x000000008000608e (0x343025f3) x11 0x0000000030383873
core   0: 0x0000000080006092 (0x14302573) csrrs   a0, stval, zero
core   0: 3 0x0000000080006092 (0x14302573) x10 0x0000000000000000
core   0: 0x0000000080006096 (0xb02024f3) csrrs   s1, minstret, zero
core   0: 3 0x0000000080006096 (0xb02024f3) x9  0x00000000000012b7
core   0: 0x000000008000609a (0x0000a811) c.j     pc + 20
core   0: 3 0x000000008000609a (0xa811)
core   0: >>>>  mepc_4
core   0: 0x00000000800060ae (0x00000791) c.addi  a5, 4
core   0: 3 0x00000000800060ae (0x0791) x15 0x0000000080005f7a
core   0: 0x00000000800060b0 (0x34179073) csrrw   zero, mepc, a5
core   0: 3 0x00000000800060b0 (0x34179073) c833_mepc 0x0000000080005f7a
core   0: 0x00000000800060b4 (0x30200073) mret
core   0: 3 0x00000000800060b4 (0x30200073) c768_mstatus 0x8000000a00106080
core   0: 0x0000000080005f7a (0x002023f3) csrrs   t2, frm, zero
core   0: 1 0x0000000080005f7a (0x002023f3) x7  0x0000000000000000
core   0: 0x0000000080005f7e (0x12917153) fmul.d  ft2, ft2, fs1
core   0: 1 0x0000000080005f7e (0x12917153) f2  0x7ff8000000000000
core   0: 0x0000000080005f82 (0xa29f0c53) fle.d   s8, ft10, fs1
core   0: 1 0x0000000080005f82 (0xa29f0c53) x24 0x0000000000000000
core   0: 0x0000000080005f86 (0x23cb1953) fsgnjn.d fs2, fs6, ft8
core   0: 1 0x0000000080005f86 (0x23cb1953) f18 0xc059c00000000000
core   0: 0x0000000080005f8a (0x40e75a33) sra     s4, a4, a4
core   0: 1 0x0000000080005f8a (0x40e75a33) x20 0x0000000000000000
core   0: 0x0000000080005f8e (0x000a5d93) srli    s11, s4, 0
core   0: 1 0x0000000080005f8e (0x000a5d93) x27 0x0000000000000000
core   0: 0x0000000080005f92 (0x95b18b17) auipc   s6, 0x95b18
core   0: 1 0x0000000080005f92 (0x95b18b17) x22 0x0000000015b1df92
core   0: 0x0000000080005f96 (0x41890c3b) subw    s8, s2, s8
core   0: 1 0x0000000080005f96 (0x41890c3b) x24 0x0000000000000000
core   0: 0x0000000080005f9a (0x02f6763b) remuw   a2, a2, a5
core   0: 1 0x0000000080005f9a (0x02f6763b) x12 0x0000000000000a00
core   0: 0x0000000080005f9e (0x0006e533) or      a0, a3, zero
core   0: 1 0x0000000080005f9e (0x0006e533) x10 0x0000000000000000
core   0: 0x0000000080005fa2 (0x4a71049b) addiw   s1, sp, 1191
core   0: 1 0x0000000080005fa2 (0x4a71049b) x9  0x00000000000004a7
core   0: 0x0000000080005fa6 (0x588f0bb7) lui     s7, 0x588f0
core   0: 1 0x0000000080005fa6 (0x588f0bb7) x23 0x00000000588f0000
core   0: 0x0000000080005faa (0x9ad60b9b) addiw   s7, a2, -1619
core   0: 1 0x0000000080005faa (0x9ad60b9b) x23 0x00000000000003ad
core   0: 0x0000000080005fae (0x2b691c53) fmax.d  fs8, fs2, fs6
core   0: 1 0x0000000080005fae (0x2b691c53) f24 0x4059c00000000000
core   0: 0x0000000080005fb2 (0x01d518b3) sll     a7, a0, t4
core   0: 1 0x0000000080005fb2 (0x01d518b3) x17 0x0000000000000000
core   0: 0x0000000080005fb6 (0x143c829b) addiw   t0, s9, 323
core   0: 1 0x0000000080005fb6 (0x143c829b) x5  0x0000000007620143
core   0: 0x0000000080005fba (0x02347bd3) fadd.d  fs7, fs0, ft3
core   0: 1 0x0000000080005fba (0x02347bd3) f23 0x7ff8000000000000
core   0: 0x0000000080005fbe (0xc211f0d3) fcvt.wu.d ra, ft3
core   0: 1 0x0000000080005fbe (0xc211f0d3) c1_fflags 0x000000000000001b x1  0xffffffffffffffff
core   0: 0x0000000080005fc2 (0x0332073b) mulw    a4, tp, s3
core   0: 1 0x0000000080005fc2 (0x0332073b) x14 0xfffffffffbcc1500
core   0: 0x0000000080005fc6 (0xd1657093) andi    ra, a0, -746
core   0: 1 0x0000000080005fc6 (0xd1657093) x1  0x0000000000000000
core   0: 0x0000000080005fca (0x40e6d23b) sraw    tp, a3, a4
core   0: 1 0x0000000080005fca (0x40e6d23b) x4  0x0000000000000000
core   0: 0x0000000080005fce (0x0327a933) mulhsu  s2, a5, s2
core   0: 1 0x0000000080005fce (0x0327a933) x18 0x0000000000000000
core   0: 0x0000000080005fd2 (0xf20b8fd3) fmv.d.x ft11, s7
core   0: 1 0x0000000080005fd2 (0xf20b8fd3) f31 0x00000000000003ad
core   0: 0x0000000080005fd6 (0x002c1073) csrrw   zero, frm, s8
core   0: 1 0x0000000080005fd6 (0x002c1073) c2_frm 0x0000000000000000
core   0: 0x0000000080005fda (0x002e9373) csrrw   t1, frm, t4
core   0: 1 0x0000000080005fda (0x002e9373) x6  0x0000000000000000 c2_frm 0x0000000000000001
core   0: 0x0000000080005fde (0x28100e93) li      t4, 641
core   0: 1 0x0000000080005fde (0x28100e93) x29 0x0000000000000281
core   0: 0x0000000080005fe2 (0xb71fba97) auipc   s5, 0xb71fb
core   0: 1 0x0000000080005fe2 (0xb71fba97) x21 0x0000000037200fe2
core   0: 0x0000000080005fe6 (0x2b7e8e53) fmin.d  ft8, ft9, fs7
core   0: 1 0x0000000080005fe6 (0x2b7e8e53) f28 0x7ff8000000000000
core   0: 0x0000000080005fea (0x001b5a1b) srliw   s4, s6, 1
core   0: 1 0x0000000080005fea (0x001b5a1b) x20 0x000000000ad8efc9
core   0: 0x0000000080005fee (0xb3ab7b47) fmsub.d fs6, fs6, fs10, fs6
core   0: 1 0x0000000080005fee (0xb3ab7b47) c1_fflags 0x000000000000001b f22 0x4459bfffffffffff
core   0: 0x0000000080005ff2 (0x018942b7) lui     t0, 0x1894
core   0: 1 0x0000000080005ff2 (0x018942b7) x5  0x0000000001894000
core   0: 0x0000000080005ff6 (0x40c2d2bb) sraw    t0, t0, a2
core   0: 1 0x0000000080005ff6 (0x40c2d2bb) x5  0x0000000001894000
core   0: 0x0000000080005ffa (0x014b5b1b) srliw   s6, s6, 20
core   0: 1 0x0000000080005ffa (0x014b5b1b) x22 0x000000000000015b
core   0: 0x0000000080005ffe (0x010e58b3) srl     a7, t3, a6
core   0: 1 0x0000000080005ffe (0x010e58b3) x17 0x0000000000000000
core   0: 0x0000000080006002 (0x01255893) srli    a7, a0, 18
core   0: 1 0x0000000080006002 (0x01255893) x17 0x0000000000000000
core   0: 0x0000000080006006 (0xd02b7f53) fcvt.s.l ft10, s6
core   0: 1 0x0000000080006006 (0xd02b7f53) f30 0xffffffff43ad8000
core   0: 0x000000008000600a (0x0318d73b) divuw   a4, a7, a7
core   0: 1 0x000000008000600a (0x0318d73b) x14 0xffffffffffffffff
core   0: 0x000000008000600e (0x0298d6bb) divuw   a3, a7, s1
core   0: 1 0x000000008000600e (0x0298d6bb) x13 0x0000000000000000
core   0: 0x0000000080006012 (0x1a44f8d3) fdiv.d  fa7, fs1, ft4
core   0: 1 0x0000000080006012 (0x1a44f8d3) f17 0x7ff8000000000000
core   0: 0x0000000080006016 (0x0aa5fe53) fsub.d  ft8, fa1, fa0
core   0: 1 0x0000000080006016 (0x0aa5fe53) f28 0x7ff8000000000000
core   0: 0x000000008000601a (0x00d71ebb) sllw    t4, a4, a3
core   0: 1 0x000000008000601a (0x00d71ebb) x29 0xffffffffffffffff
core   0: 0x000000008000601e (0x01d709b3) add     s3, a4, t4
core   0: 1 0x000000008000601e (0x01d709b3) x19 0xfffffffffffffffe
core   0: 0x0000000080006022 (0x001a9e73) csrrw   t3, fflags, s5
core   0: 1 0x0000000080006022 (0x001a9e73) x28 0x000000000000001b c1_fflags 0x0000000000000002
core   0: 0x0000000080006026 (0x13017843) fmadd.d fa6, ft2, fa6, ft2
core   0: 1 0x0000000080006026 (0x13017843) f16 0x7ff8000000000000
core   0: 0x000000008000602a (0x01cdd2b3) srl     t0, s11, t3
core   0: 1 0x000000008000602a (0x01cdd2b3) x5  0x0000000000000000
core   0: 0x000000008000602e (0xc0387253) fcvt.lu.s tp, fa6
core   0: 1 0x000000008000602e (0xc0387253) c1_fflags 0x0000000000000012 x4  0xffffffffffffffff
core   0: 0x0000000080006032 (0x00000001) c.nop
core   0: 1 0x0000000080006032 (0x0001)
core   0: 0x0000000080006034 (0xc0387bd3) fcvt.lu.s s7, fa6
core   0: 1 0x0000000080006034 (0xc0387bd3) c1_fflags 0x0000000000000012 x23 0xffffffffffffffff
core   0: 0x0000000080006038 (0x0286ab33) mulhsu  s6, a3, s0
core   0: 1 0x0000000080006038 (0x0286ab33) x22 0x0000000000000000
core   0: 0x000000008000603c (0x5a0a7a53) fsqrt.d fs4, fs4
core   0: 1 0x000000008000603c (0x5a0a7a53) f20 0x7ff8000000000000
core   0: 0x0000000080006040 (0x00000001) c.nop
core   0: 1 0x0000000080006040 (0x0001)
core   0: 0x0000000080006042 (0x0370e0b3) rem     ra, ra, s7
core   0: 1 0x0000000080006042 (0x0370e0b3) x1  0x0000000000000000
core   0: 0x0000000080006046 (0x0003d59b) srliw   a1, t2, 0
core   0: 1 0x0000000080006046 (0x0003d59b) x11 0x0000000000000000
core   0: 0x000000008000604a (0x0347473b) divw    a4, a4, s4
core   0: 1 0x000000008000604a (0x0347473b) x14 0x0000000000000000
core   0: 0x000000008000604e (0x0ff0000f) fence   iorw,iorw
core   0: 1 0x000000008000604e (0x0ff0000f)
core   0: 0x0000000080006052 (0x02143db3) mulhu   s11, s0, ra
core   0: 1 0x0000000080006052 (0x02143db3) x27 0x0000000000000000
core   0: 0x0000000080006056 (0xb82e7173) csrrci  sp, minstreth, 28
core   0: exception trap_illegal_instruction, epc 0x0000000080006056
core   0:           tval 0x00000000b82e7173
core   0: >>>>  $xrv64i2p1_m2p0_a2p1_f2p2_d2p2_zicsr2p0_zifencei2p0_zmmul1p0_zba1p0_zbb1p0_zbc1p0_zbs1p0
core   0: 0x0000000080004000 (0x0080006f) j       pc + 0x8
core   0: 3 0x0000000080004000 (0x0080006f)
core   0: >>>>  mmode_exception_handler
core   0: 0x0000000080004008 (0x00002c17) auipc   s8, 0x2
core   0: 3 0x0000000080004008 (0x00002c17) x24 0x0000000080006008
core   0: 0x000000008000400c (0x072c0c13) addi    s8, s8, 114
core   0: 3 0x000000008000400c (0x072c0c13) x24 0x000000008000607a
core   0: 0x0000000080004010 (0x000c00e7) jalr    s8
core   0: 3 0x0000000080004010 (0x000c00e7) x1  0x0000000080004014
core   0: >>>>  any_handler
core   0: 0x000000008000607a (0x341027f3) csrrs   a5, mepc, zero
core   0: 3 0x000000008000607a (0x341027f3) x15 0x0000000080006056
core   0: 0x000000008000607e (0x34202773) csrrs   a4, mcause, zero
core   0: 3 0x000000008000607e (0x34202773) x14 0x0000000000000002
core   0: 0x0000000080006082 (0x142026f3) csrrs   a3, scause, zero
core   0: 3 0x0000000080006082 (0x142026f3) x13 0x0000000000000000
core   0: 0x0000000080006086 (0x30402673) csrrs   a2, mie, zero
core   0: 3 0x0000000080006086 (0x30402673) x12 0x0000000000000a00
core   0: 0x000000008000608a (0x344025f3) csrrs   a1, mip, zero
core   0: 3 0x000000008000608a (0x344025f3) x11 0x0000000000000080
core   0: 0x000000008000608e (0x343025f3) csrrs   a1, mtval, zero
core   0: 3 0x000000008000608e (0x343025f3) x11 0x00000000b82e7173
core   0: 0x0000000080006092 (0x14302573) csrrs   a0, stval, zero
core   0: 3 0x0000000080006092 (0x14302573) x10 0x0000000000000000
core   0: 0x0000000080006096 (0xb02024f3) csrrs   s1, minstret, zero
core   0: 3 0x0000000080006096 (0xb02024f3) x9  0x00000000000012ff
core   0: 0x000000008000609a (0x0000a811) c.j     pc + 20
core   0: 3 0x000000008000609a (0xa811)
core   0: >>>>  mepc_4
core   0: 0x00000000800060ae (0x00000791) c.addi  a5, 4
core   0: 3 0x00000000800060ae (0x0791) x15 0x000000008000605a
core   0: 0x00000000800060b0 (0x34179073) csrrw   zero, mepc, a5
core   0: 3 0x00000000800060b0 (0x34179073) c833_mepc 0x000000008000605a
core   0: 0x00000000800060b4 (0x30200073) mret
core   0: 3 0x00000000800060b4 (0x30200073) c768_mstatus 0x8000000a00106080
core   0: 0x000000008000605a (0x037b2ab3) mulhsu  s5, s6, s7
core   0: 1 0x000000008000605a (0x037b2ab3) x21 0x0000000000000000
core   0: 0x000000008000605e (0xa29777c3) fmadd.d fa5, fa4, fs1, fs4
core   0: 1 0x000000008000605e (0xa29777c3) f15 0x7ff8000000000000
core   0: 0x0000000080006062 (0x2afc88d3) fmin.d  fa7, fs9, fa5
core   0: 1 0x0000000080006062 (0x2afc88d3) f17 0x7ff8000000000000
core   0: 0x0000000080006066 (0xc20cf553) fcvt.w.d a0, fs9
core   0: 1 0x0000000080006066 (0xc20cf553) c1_fflags 0x0000000000000012 x10 0x000000007fffffff
core   0: 0x000000008000606a (0x402559b3) sra     s3, a0, sp
core   0: 1 0x000000008000606a (0x402559b3) x19 0x000000007fffffff
core   0: 0x000000008000606e (0x00000001) c.nop
core   0: 1 0x000000008000606e (0x0001)
core   0: 0x0000000080006070 (0x0000922a) c.add   tp, a0
core   0: 1 0x0000000080006070 (0x922a) x4  0x000000007ffffffe
core   0: 0x0000000080006072 (0x0000857d) c.srai  a0, 31
core   0: 1 0x0000000080006072 (0x857d) x10 0x0000000000000000
core   0: >>>>  write_tohost
core   0: 0x0000000080006074 (0x970fa0ef) jal     pc - 0x5e90
core   0: 1 0x0000000080006074 (0x970fa0ef) x1  0x0000000080006078
core   0: >>>>  _exit
core   0: 0x00000000800001e4 (0x00004505) c.li    a0, 1
core   0: 1 0x00000000800001e4 (0x4505) x10 0x0000000000000001
core   0: 0x00000000800001e6 (0x00001f17) auipc   t5, 0x1
core   0: 1 0x00000000800001e6 (0x00001f17) x30 0x00000000800011e6
core   0: 0x00000000800001ea (0xe0af2d23) sw      a0, -486(t5)
core   0: 1 0x00000000800001ea (0xe0af2d23) mem 0x0000000080001000 0x00000001
cp /home/server/RISCV/cva6/verif/sim/out/seed_1255/spike_sim/new_seeds_1255_.cv64a6_imafdc_sv39.log.iss /home/server/RISCV/cva6/verif/sim/out/seed_1255/spike_sim/new_seeds_1255_.cv64a6_imafdc_sv39.log
