Makefile:14: must set CVA6_REPO_DIR to point at the root of CVA6 sources and CVA6_TB_DIR to point here -- doing it for you...
LD_LIBRARY_PATH="$(realpath ../../tools/spike/lib):$LD_LIBRARY_PATH" \
	/home/server/RISCV/cva6/tools/spike/bin/spike --steps=2000000  --log-commits --isa=rv64gc_zba_zbb_zbs_zbc_zicsr_zifencei --priv=msu -l /home/server/RISCV/cva6/verif/sim/out/seed_1159/directed_asm_tests/new_seeds_1159_.o
[SPIKE] Max simulation steps: 2000000
[SPIKE] Proc 0 | ISA: rv64gc_zba_zbb_zbs_zbc_zicsr_zifencei PRIV: msu
[SPIKE] Initializing memories...
core   0: 0x0000000000010000 (0x00100413) li      s0, 1
core   0: 3 0x0000000000010000 (0x00100413) x8  0x0000000000000001
core   0: 0x0000000000010004 (0x01f41413) slli    s0, s0, 31
core   0: 3 0x0000000000010004 (0x01f41413) x8  0x0000000080000000
core   0: 0x0000000000010008 (0xf1402573) csrrs   a0, mhartid, zero
core   0: 3 0x0000000000010008 (0xf1402573) x10 0x0000000000000000
core   0: 0x000000000001000c (0x00000597) auipc   a1, 0x0
core   0: 3 0x000000000001000c (0x00000597) x11 0x000000000001000c
core   0: 0x0000000000010010 (0x07458593) addi    a1, a1, 116
core   0: 3 0x0000000000010010 (0x07458593) x11 0x0000000000010080
core   0: 0x0000000000010014 (0x00040067) jr      s0
core   0: 3 0x0000000000010014 (0x00040067)
core   0: >>>>  _start
core   0: 0x0000000080000000 (0x00004081) c.li    ra, 0
core   0: 3 0x0000000080000000 (0x4081) x1  0x0000000000000000
core   0: 0x0000000080000002 (0x00004101) c.li    sp, 0
core   0: 3 0x0000000080000002 (0x4101) x2  0x0000000000000000
core   0: 0x0000000080000004 (0x00004181) c.li    gp, 0
core   0: 3 0x0000000080000004 (0x4181) x3  0x0000000000000000
core   0: 0x0000000080000006 (0x00004201) c.li    tp, 0
core   0: 3 0x0000000080000006 (0x4201) x4  0x0000000000000000
core   0: 0x0000000080000008 (0x00004281) c.li    t0, 0
core   0: 3 0x0000000080000008 (0x4281) x5  0x0000000000000000
core   0: 0x000000008000000a (0x00004301) c.li    t1, 0
core   0: 3 0x000000008000000a (0x4301) x6  0x0000000000000000
core   0: 0x000000008000000c (0x00004381) c.li    t2, 0
core   0: 3 0x000000008000000c (0x4381) x7  0x0000000000000000
core   0: 0x000000008000000e (0x00004401) c.li    s0, 0
core   0: 3 0x000000008000000e (0x4401) x8  0x0000000000000000
core   0: 0x0000000080000010 (0x00004481) c.li    s1, 0
core   0: 3 0x0000000080000010 (0x4481) x9  0x0000000000000000
core   0: 0x0000000080000012 (0x00004501) c.li    a0, 0
core   0: 3 0x0000000080000012 (0x4501) x10 0x0000000000000000
core   0: 0x0000000080000014 (0x00004581) c.li    a1, 0
core   0: 3 0x0000000080000014 (0x4581) x11 0x0000000000000000
core   0: 0x0000000080000016 (0x00004601) c.li    a2, 0
core   0: 3 0x0000000080000016 (0x4601) x12 0x0000000000000000
core   0: 0x0000000080000018 (0x00004681) c.li    a3, 0
core   0: 3 0x0000000080000018 (0x4681) x13 0x0000000000000000
core   0: 0x000000008000001a (0x00004701) c.li    a4, 0
core   0: 3 0x000000008000001a (0x4701) x14 0x0000000000000000
core   0: 0x000000008000001c (0x00004781) c.li    a5, 0
core   0: 3 0x000000008000001c (0x4781) x15 0x0000000000000000
core   0: 0x000000008000001e (0x00004801) c.li    a6, 0
core   0: 3 0x000000008000001e (0x4801) x16 0x0000000000000000
core   0: 0x0000000080000020 (0x00004881) c.li    a7, 0
core   0: 3 0x0000000080000020 (0x4881) x17 0x0000000000000000
core   0: 0x0000000080000022 (0x00004901) c.li    s2, 0
core   0: 3 0x0000000080000022 (0x4901) x18 0x0000000000000000
core   0: 0x0000000080000024 (0x00004981) c.li    s3, 0
core   0: 3 0x0000000080000024 (0x4981) x19 0x0000000000000000
core   0: 0x0000000080000026 (0x00004a01) c.li    s4, 0
core   0: 3 0x0000000080000026 (0x4a01) x20 0x0000000000000000
core   0: 0x0000000080000028 (0x00004a81) c.li    s5, 0
core   0: 3 0x0000000080000028 (0x4a81) x21 0x0000000000000000
core   0: 0x000000008000002a (0x00004b01) c.li    s6, 0
core   0: 3 0x000000008000002a (0x4b01) x22 0x0000000000000000
core   0: 0x000000008000002c (0x00004b81) c.li    s7, 0
core   0: 3 0x000000008000002c (0x4b81) x23 0x0000000000000000
core   0: 0x000000008000002e (0x00004c01) c.li    s8, 0
core   0: 3 0x000000008000002e (0x4c01) x24 0x0000000000000000
core   0: 0x0000000080000030 (0x00004c81) c.li    s9, 0
core   0: 3 0x0000000080000030 (0x4c81) x25 0x0000000000000000
core   0: 0x0000000080000032 (0x00004d01) c.li    s10, 0
core   0: 3 0x0000000080000032 (0x4d01) x26 0x0000000000000000
core   0: 0x0000000080000034 (0x00004d81) c.li    s11, 0
core   0: 3 0x0000000080000034 (0x4d81) x27 0x0000000000000000
core   0: 0x0000000080000036 (0x00004e01) c.li    t3, 0
core   0: 3 0x0000000080000036 (0x4e01) x28 0x0000000000000000
core   0: 0x0000000080000038 (0x00004e81) c.li    t4, 0
core   0: 3 0x0000000080000038 (0x4e81) x29 0x0000000000000000
core   0: 0x000000008000003a (0x00004f01) c.li    t5, 0
core   0: 3 0x000000008000003a (0x4f01) x30 0x0000000000000000
core   0: 0x000000008000003c (0x00004f81) c.li    t6, 0
core   0: 3 0x000000008000003c (0x4f81) x31 0x0000000000000000
core   0: 0x000000008000003e (0x000062f9) c.lui   t0, 0x1e
core   0: 3 0x000000008000003e (0x62f9) x5  0x000000000001e000
core   0: 0x0000000080000040 (0x3002a073) csrrs   zero, mstatus, t0
core   0: 3 0x0000000080000040 (0x3002a073) c768_mstatus 0x8000000a00006000
core   0: 0x0000000080000044 (0x00004285) c.li    t0, 1
core   0: 3 0x0000000080000044 (0x4285) x5  0x0000000000000001
core   0: 0x0000000080000046 (0x000002fe) c.slli  t0, 31
core   0: 3 0x0000000080000046 (0x02fe) x5  0x0000000080000000
core   0: 0x0000000080000048 (0x0002d863) bge     t0, zero, pc + 16
core   0: 3 0x0000000080000048 (0x0002d863)
core   0: 0x0000000080000058 (0x00000297) auipc   t0, 0x0
core   0: 3 0x0000000080000058 (0x00000297) x5  0x0000000080000058
core   0: 0x000000008000005c (0x09028293) addi    t0, t0, 144
core   0: 3 0x000000008000005c (0x09028293) x5  0x00000000800000e8
core   0: 0x0000000080000060 (0x30529073) csrrw   zero, mtvec, t0
core   0: 3 0x0000000080000060 (0x30529073) c773_mtvec 0x00000000800000e8
core   0: 0x0000000080000064 (0x00301073) csrrw   zero, fcsr, zero
core   0: 3 0x0000000080000064 (0x00301073) c1_fflags 0x0000000000000000 c2_frm 0x0000000000000000
core   0: 0x0000000080000068 (0xf0000053) fmv.w.x ft0, zero
core   0: 3 0x0000000080000068 (0xf0000053) f0  0xffffffff00000000
core   0: 0x000000008000006c (0xf00000d3) fmv.w.x ft1, zero
core   0: 3 0x000000008000006c (0xf00000d3) f1  0xffffffff00000000
core   0: 0x0000000080000070 (0xf0000153) fmv.w.x ft2, zero
core   0: 3 0x0000000080000070 (0xf0000153) f2  0xffffffff00000000
core   0: 0x0000000080000074 (0xf00001d3) fmv.w.x ft3, zero
core   0: 3 0x0000000080000074 (0xf00001d3) f3  0xffffffff00000000
core   0: 0x0000000080000078 (0xf0000253) fmv.w.x ft4, zero
core   0: 3 0x0000000080000078 (0xf0000253) f4  0xffffffff00000000
core   0: 0x000000008000007c (0xf00002d3) fmv.w.x ft5, zero
core   0: 3 0x000000008000007c (0xf00002d3) f5  0xffffffff00000000
core   0: 0x0000000080000080 (0xf0000353) fmv.w.x ft6, zero
core   0: 3 0x0000000080000080 (0xf0000353) f6  0xffffffff00000000
core   0: 0x0000000080000084 (0xf00003d3) fmv.w.x ft7, zero
core   0: 3 0x0000000080000084 (0xf00003d3) f7  0xffffffff00000000
core   0: 0x0000000080000088 (0xf0000453) fmv.w.x fs0, zero
core   0: 3 0x0000000080000088 (0xf0000453) f8  0xffffffff00000000
core   0: 0x000000008000008c (0xf00004d3) fmv.w.x fs1, zero
core   0: 3 0x000000008000008c (0xf00004d3) f9  0xffffffff00000000
core   0: 0x0000000080000090 (0xf0000553) fmv.w.x fa0, zero
core   0: 3 0x0000000080000090 (0xf0000553) f10 0xffffffff00000000
core   0: 0x0000000080000094 (0xf00005d3) fmv.w.x fa1, zero
core   0: 3 0x0000000080000094 (0xf00005d3) f11 0xffffffff00000000
core   0: 0x0000000080000098 (0xf0000653) fmv.w.x fa2, zero
core   0: 3 0x0000000080000098 (0xf0000653) f12 0xffffffff00000000
core   0: 0x000000008000009c (0xf00006d3) fmv.w.x fa3, zero
core   0: 3 0x000000008000009c (0xf00006d3) f13 0xffffffff00000000
core   0: 0x00000000800000a0 (0xf0000753) fmv.w.x fa4, zero
core   0: 3 0x00000000800000a0 (0xf0000753) f14 0xffffffff00000000
core   0: 0x00000000800000a4 (0xf00007d3) fmv.w.x fa5, zero
core   0: 3 0x00000000800000a4 (0xf00007d3) f15 0xffffffff00000000
core   0: 0x00000000800000a8 (0xf0000853) fmv.w.x fa6, zero
core   0: 3 0x00000000800000a8 (0xf0000853) f16 0xffffffff00000000
core   0: 0x00000000800000ac (0xf00008d3) fmv.w.x fa7, zero
core   0: 3 0x00000000800000ac (0xf00008d3) f17 0xffffffff00000000
core   0: 0x00000000800000b0 (0xf0000953) fmv.w.x fs2, zero
core   0: 3 0x00000000800000b0 (0xf0000953) f18 0xffffffff00000000
core   0: 0x00000000800000b4 (0xf00009d3) fmv.w.x fs3, zero
core   0: 3 0x00000000800000b4 (0xf00009d3) f19 0xffffffff00000000
core   0: 0x00000000800000b8 (0xf0000a53) fmv.w.x fs4, zero
core   0: 3 0x00000000800000b8 (0xf0000a53) f20 0xffffffff00000000
core   0: 0x00000000800000bc (0xf0000ad3) fmv.w.x fs5, zero
core   0: 3 0x00000000800000bc (0xf0000ad3) f21 0xffffffff00000000
core   0: 0x00000000800000c0 (0xf0000b53) fmv.w.x fs6, zero
core   0: 3 0x00000000800000c0 (0xf0000b53) f22 0xffffffff00000000
core   0: 0x00000000800000c4 (0xf0000bd3) fmv.w.x fs7, zero
core   0: 3 0x00000000800000c4 (0xf0000bd3) f23 0xffffffff00000000
core   0: 0x00000000800000c8 (0xf0000c53) fmv.w.x fs8, zero
core   0: 3 0x00000000800000c8 (0xf0000c53) f24 0xffffffff00000000
core   0: 0x00000000800000cc (0xf0000cd3) fmv.w.x fs9, zero
core   0: 3 0x00000000800000cc (0xf0000cd3) f25 0xffffffff00000000
core   0: 0x00000000800000d0 (0xf0000d53) fmv.w.x fs10, zero
core   0: 3 0x00000000800000d0 (0xf0000d53) f26 0xffffffff00000000
core   0: 0x00000000800000d4 (0xf0000dd3) fmv.w.x fs11, zero
core   0: 3 0x00000000800000d4 (0xf0000dd3) f27 0xffffffff00000000
core   0: 0x00000000800000d8 (0xf0000e53) fmv.w.x ft8, zero
core   0: 3 0x00000000800000d8 (0xf0000e53) f28 0xffffffff00000000
core   0: 0x00000000800000dc (0xf0000ed3) fmv.w.x ft9, zero
core   0: 3 0x00000000800000dc (0xf0000ed3) f29 0xffffffff00000000
core   0: 0x00000000800000e0 (0xf0000f53) fmv.w.x ft10, zero
core   0: 3 0x00000000800000e0 (0xf0000f53) f30 0xffffffff00000000
core   0: 0x00000000800000e4 (0xf0000fd3) fmv.w.x ft11, zero
core   0: 3 0x00000000800000e4 (0xf0000fd3) f31 0xffffffff00000000
core   0: 0x00000000800000e8 (0x00000297) auipc   t0, 0x0
core   0: 3 0x00000000800000e8 (0x00000297) x5  0x00000000800000e8
core   0: 0x00000000800000ec (0x03c28293) addi    t0, t0, 60
core   0: 3 0x00000000800000ec (0x03c28293) x5  0x0000000080000124
core   0: 0x00000000800000f0 (0x30529073) csrrw   zero, mtvec, t0
core   0: 3 0x00000000800000f0 (0x30529073) c773_mtvec 0x0000000080000124
core   0: 0x00000000800000f4 (0x00012197) auipc   gp, 0x12
core   0: 3 0x00000000800000f4 (0x00012197) x3  0x00000000800120f4
core   0: 0x00000000800000f8 (0x73418193) addi    gp, gp, 1844
core   0: 3 0x00000000800000f8 (0x73418193) x3  0x0000000080012828
core   0: 0x00000000800000fc (0x00012217) auipc   tp, 0x12
core   0: 3 0x00000000800000fc (0x00012217) x4  0x00000000800120fc
core   0: 0x0000000080000100 (0xf8320213) addi    tp, tp, -125
core   0: 3 0x0000000080000100 (0xf8320213) x4  0x000000008001207f
core   0: 0x0000000080000104 (0xfc027213) andi    tp, tp, -64
core   0: 3 0x0000000080000104 (0xfc027213) x4  0x0000000080012040
core   0: 0x0000000080000108 (0xf1402573) csrrs   a0, mhartid, zero
core   0: 3 0x0000000080000108 (0xf1402573) x10 0x0000000000000000
core   0: 0x000000008000010c (0x00004585) c.li    a1, 1
core   0: 3 0x000000008000010c (0x4585) x11 0x0000000000000001
core   0: 0x000000008000010e (0x00b57063) bgeu    a0, a1, pc + 0
core   0: 3 0x000000008000010e (0x00b57063)
core   0: 0x0000000080000112 (0x00150113) addi    sp, a0, 1
core   0: 3 0x0000000080000112 (0x00150113) x2  0x0000000000000001
core   0: 0x0000000080000116 (0x00000146) c.slli  sp, 17
core   0: 3 0x0000000080000116 (0x0146) x2  0x0000000000020000
core   0: 0x0000000080000118 (0x00009112) c.add   sp, tp
core   0: 3 0x0000000080000118 (0x9112) x2  0x0000000080032040
core   0: 0x000000008000011a (0x01151613) slli    a2, a0, 17
core   0: 3 0x000000008000011a (0x01151613) x12 0x0000000000000000
core   0: 0x000000008000011e (0x00009232) c.add   tp, a2
core   0: 3 0x000000008000011e (0x9232) x4  0x0000000080012040
core   0: 0x0000000080000120 (0x3ae0f06f) j       pc + 0xf3ae
core   0: 3 0x0000000080000120 (0x3ae0f06f)
core   0: >>>>  _init
core   0: 0x000000008000f4ce (0x00007171) c.addi16sp sp, -176
core   0: 3 0x000000008000f4ce (0x7171) x2  0x0000000080031f90
core   0: 0x000000008000f4d0 (0x0000f506) c.sdsp  ra, 168(sp)
core   0: 3 0x000000008000f4d0 (0xf506) mem 0x0000000080032038 0x0000000000000000
core   0: 0x000000008000f4d2 (0x0000f122) c.sdsp  s0, 160(sp)
core   0: 3 0x000000008000f4d2 (0xf122) mem 0x0000000080032030 0x0000000000000000
core   0: 0x000000008000f4d4 (0x0000ed26) c.sdsp  s1, 152(sp)
core   0: 3 0x000000008000f4d4 (0xed26) mem 0x0000000080032028 0x0000000000000000
core   0: 0x000000008000f4d6 (0x00001900) c.addi4spn s0, sp, 176
core   0: 3 0x000000008000f4d6 (0x1900) x8  0x0000000080032040
core   0: 0x000000008000f4d8 (0x000087aa) c.mv    a5, a0
core   0: 3 0x000000008000f4d8 (0x87aa) x15 0x0000000000000000
core   0: 0x000000008000f4da (0x0000872e) c.mv    a4, a1
core   0: 3 0x000000008000f4da (0x872e) x14 0x0000000000000001
core   0: 0x000000008000f4dc (0xf4f42e23) sw      a5, -164(s0)
core   0: 3 0x000000008000f4dc (0xf4f42e23) mem 0x0000000080031f9c 0x00000000
core   0: 0x000000008000f4e0 (0x000087ba) c.mv    a5, a4
core   0: 3 0x000000008000f4e0 (0x87ba) x15 0x0000000000000001
core   0: 0x000000008000f4e2 (0xf4f42c23) sw      a5, -168(s0)
core   0: 3 0x000000008000f4e2 (0xf4f42c23) mem 0x0000000080031f98 0x00000001
core   0: 0x000000008000f4e6 (0xfe040793) addi    a5, s0, -32
core   0: 3 0x000000008000f4e6 (0xfe040793) x15 0x0000000080032020
core   0: 0x000000008000f4ea (0xf4f43823) sd      a5, -176(s0)
core   0: 3 0x000000008000f4ea (0xf4f43823) mem 0x0000000080031f90 0x0000000080032020
core   0: 0x000000008000f4ee (0xf5043783) ld      a5, -176(s0)
core   0: 3 0x000000008000f4ee (0xf5043783) x15 0x0000000080032020 mem 0x0000000080031f90
core   0: 0x000000008000f4f2 (0xf8078793) addi    a5, a5, -128
core   0: 3 0x000000008000f4f2 (0xf8078793) x15 0x0000000080031fa0
core   0: 0x000000008000f4f6 (0x03f78793) addi    a5, a5, 63
core   0: 3 0x000000008000f4f6 (0x03f78793) x15 0x0000000080031fdf
core   0: 0x000000008000f4fa (0x00008399) c.srli  a5, 6
core   0: 3 0x000000008000f4fa (0x8399) x15 0x0000000002000c7f
core   0: 0x000000008000f4fc (0x00679493) slli    s1, a5, 6
core   0: 3 0x000000008000f4fc (0x00679493) x9  0x0000000080031fc0
core   0: 0x000000008000f500 (0xf65ff0ef) jal     pc - 0x9c
core   0: 3 0x000000008000f500 (0xf65ff0ef) x1  0x000000008000f504
core   0: >>>>  init_tls
core   0: 0x000000008000f464 (0x00001101) c.addi  sp, -32
core   0: 3 0x000000008000f464 (0x1101) x2  0x0000000080031f70
core   0: 0x000000008000f466 (0x0000ec06) c.sdsp  ra, 24(sp)
core   0: 3 0x000000008000f466 (0xec06) mem 0x0000000080031f88 0x000000008000f504
core   0: 0x000000008000f468 (0x0000e822) c.sdsp  s0, 16(sp)
core   0: 3 0x000000008000f468 (0xe822) mem 0x0000000080031f80 0x0000000080032040
core   0: 0x000000008000f46a (0x00001000) c.addi4spn s0, sp, 32
core   0: 3 0x000000008000f46a (0x1000) x8  0x0000000080031f90
core   0: 0x000000008000f46c (0x00003717) auipc   a4, 0x3
core   0: 3 0x000000008000f46c (0x00003717) x14 0x000000008001246c
core   0: 0x000000008000f470 (0xbbc70713) addi    a4, a4, -1092
core   0: 3 0x000000008000f470 (0xbbc70713) x14 0x0000000080012028
core   0: 0x000000008000f474 (0x00003797) auipc   a5, 0x3
core   0: 3 0x000000008000f474 (0x00003797) x15 0x0000000080012474
core   0: 0x000000008000f478 (0xbb478793) addi    a5, a5, -1100
core   0: 3 0x000000008000f478 (0xbb478793) x15 0x0000000080012028
core   0: 0x000000008000f47c (0x40f707b3) sub     a5, a4, a5
core   0: 3 0x000000008000f47c (0x40f707b3) x15 0x0000000000000000
core   0: 0x000000008000f480 (0xfef43423) sd      a5, -24(s0)
core   0: 3 0x000000008000f480 (0xfef43423) mem 0x0000000080031f78 0x0000000000000000
core   0: 0x000000008000f484 (0x00008792) c.mv    a5, tp
core   0: 3 0x000000008000f484 (0x8792) x15 0x0000000080012040
core   0: 0x000000008000f486 (0xfe843603) ld      a2, -24(s0)
core   0: 3 0x000000008000f486 (0xfe843603) x12 0x0000000000000000 mem 0x0000000080031f78
core   0: 0x000000008000f48a (0x00003597) auipc   a1, 0x3
core   0: 3 0x000000008000f48a (0x00003597) x11 0x000000008001248a
core   0: 0x000000008000f48e (0xb9e58593) addi    a1, a1, -1122
core   0: 3 0x000000008000f48e (0xb9e58593) x11 0x0000000080012028
core   0: 0x000000008000f492 (0x0000853e) c.mv    a0, a5
core   0: 3 0x000000008000f492 (0x853e) x10 0x0000000080012040
core   0: 0x000000008000f494 (0x0f9000ef) jal     pc + 0x8f8
core   0: 3 0x000000008000f494 (0x0f9000ef) x1  0x000000008000f498
core   0: >>>>  memcpy
core   0: 0x000000008000fd8c (0x0000715d) c.addi16sp sp, -80
core   0: 3 0x000000008000fd8c (0x715d) x2  0x0000000080031f20
core   0: 0x000000008000fd8e (0x0000e4a2) c.sdsp  s0, 72(sp)
core   0: 3 0x000000008000fd8e (0xe4a2) mem 0x0000000080031f68 0x0000000080031f90
core   0: 0x000000008000fd90 (0x00000880) c.addi4spn s0, sp, 80
core   0: 3 0x000000008000fd90 (0x0880) x8  0x0000000080031f70
core   0: 0x000000008000fd92 (0xfca43423) sd      a0, -56(s0)
core   0: 3 0x000000008000fd92 (0xfca43423) mem 0x0000000080031f38 0x0000000080012040
core   0: 0x000000008000fd96 (0xfcb43023) sd      a1, -64(s0)
core   0: 3 0x000000008000fd96 (0xfcb43023) mem 0x0000000080031f30 0x0000000080012028
core   0: 0x000000008000fd9a (0xfac43c23) sd      a2, -72(s0)
core   0: 3 0x000000008000fd9a (0xfac43c23) mem 0x0000000080031f28 0x0000000000000000
core   0: 0x000000008000fd9e (0xfc843703) ld      a4, -56(s0)
core   0: 3 0x000000008000fd9e (0xfc843703) x14 0x0000000080012040 mem 0x0000000080031f38
core   0: 0x000000008000fda2 (0xfc043783) ld      a5, -64(s0)
core   0: 3 0x000000008000fda2 (0xfc043783) x15 0x0000000080012028 mem 0x0000000080031f30
core   0: 0x000000008000fda6 (0x00008f5d) c.or    a4, a5
core   0: 3 0x000000008000fda6 (0x8f5d) x14 0x0000000080012068
core   0: 0x000000008000fda8 (0xfb843783) ld      a5, -72(s0)
core   0: 3 0x000000008000fda8 (0xfb843783) x15 0x0000000000000000 mem 0x0000000080031f28
core   0: 0x000000008000fdac (0x00008fd9) c.or    a5, a4
core   0: 3 0x000000008000fdac (0x8fd9) x15 0x0000000080012068
core   0: 0x000000008000fdae (0x00008b9d) c.andi  a5, 7
core   0: 3 0x000000008000fdae (0x8b9d) x15 0x0000000000000000
core   0: 0x000000008000fdb0 (0x0000e3b1) c.bnez  a5, pc + 68
core   0: 3 0x000000008000fdb0 (0xe3b1)
core   0: 0x000000008000fdb2 (0xfc043783) ld      a5, -64(s0)
core   0: 3 0x000000008000fdb2 (0xfc043783) x15 0x0000000080012028 mem 0x0000000080031f30
core   0: 0x000000008000fdb6 (0xfef43423) sd      a5, -24(s0)
core   0: 3 0x000000008000fdb6 (0xfef43423) mem 0x0000000080031f58 0x0000000080012028
core   0: 0x000000008000fdba (0xfc843783) ld      a5, -56(s0)
core   0: 3 0x000000008000fdba (0xfc843783) x15 0x0000000080012040 mem 0x0000000080031f38
core   0: 0x000000008000fdbe (0xfef43023) sd      a5, -32(s0)
core   0: 3 0x000000008000fdbe (0xfef43023) mem 0x0000000080031f50 0x0000000080012040
core   0: 0x000000008000fdc2 (0x0000a839) c.j     pc + 30
core   0: 3 0x000000008000fdc2 (0xa839)
core   0: 0x000000008000fde0 (0xfc843703) ld      a4, -56(s0)
core   0: 3 0x000000008000fde0 (0xfc843703) x14 0x0000000080012040 mem 0x0000000080031f38
core   0: 0x000000008000fde4 (0xfb843783) ld      a5, -72(s0)
core   0: 3 0x000000008000fde4 (0xfb843783) x15 0x0000000000000000 mem 0x0000000080031f28
core   0: 0x000000008000fde8 (0x000097ba) c.add   a5, a4
core   0: 3 0x000000008000fde8 (0x97ba) x15 0x0000000080012040
core   0: 0x000000008000fdea (0xfe043703) ld      a4, -32(s0)
core   0: 3 0x000000008000fdea (0xfe043703) x14 0x0000000080012040 mem 0x0000000080031f50
core   0: 0x000000008000fdee (0xfcf76be3) bltu    a4, a5, pc - 42
core   0: 3 0x000000008000fdee (0xfcf76be3)
core   0: 0x000000008000fdf2 (0x0000a099) c.j     pc + 70
core   0: 3 0x000000008000fdf2 (0xa099)
core   0: 0x000000008000fe38 (0xfc843783) ld      a5, -56(s0)
core   0: 3 0x000000008000fe38 (0xfc843783) x15 0x0000000080012040 mem 0x0000000080031f38
core   0: 0x000000008000fe3c (0x0000853e) c.mv    a0, a5
core   0: 3 0x000000008000fe3c (0x853e) x10 0x0000000080012040
core   0: 0x000000008000fe3e (0x00006426) c.ldsp  s0, 72(sp)
core   0: 3 0x000000008000fe3e (0x6426) x8  0x0000000080031f90 mem 0x0000000080031f68
core   0: 0x000000008000fe40 (0x00006161) c.addi16sp sp, 80
core   0: 3 0x000000008000fe40 (0x6161) x2  0x0000000080031f70
core   0: 0x000000008000fe42 (0x00008082) ret
core   0: 3 0x000000008000fe42 (0x8082)
core   0: 0x000000008000f498 (0x00003717) auipc   a4, 0x3
core   0: 3 0x000000008000f498 (0x00003717) x14 0x0000000080012498
core   0: 0x000000008000f49c (0xc2c70713) addi    a4, a4, -980
core   0: 3 0x000000008000f49c (0xc2c70713) x14 0x00000000800120c4
core   0: 0x000000008000f4a0 (0x00003797) auipc   a5, 0x3
core   0: 3 0x000000008000f4a0 (0x00003797) x15 0x00000000800124a0
core   0: 0x000000008000f4a4 (0xb8878793) addi    a5, a5, -1144
core   0: 3 0x000000008000f4a4 (0xb8878793) x15 0x0000000080012028
core   0: 0x000000008000f4a8 (0x40f707b3) sub     a5, a4, a5
core   0: 3 0x000000008000f4a8 (0x40f707b3) x15 0x000000000000009c
core   0: 0x000000008000f4ac (0xfef43023) sd      a5, -32(s0)
core   0: 3 0x000000008000f4ac (0xfef43023) mem 0x0000000080031f70 0x000000000000009c
core   0: 0x000000008000f4b0 (0x00008712) c.mv    a4, tp
core   0: 3 0x000000008000f4b0 (0x8712) x14 0x0000000080012040
core   0: 0x000000008000f4b2 (0xfe843783) ld      a5, -24(s0)
core   0: 3 0x000000008000f4b2 (0xfe843783) x15 0x0000000000000000 mem 0x0000000080031f78
core   0: 0x000000008000f4b6 (0x000097ba) c.add   a5, a4
core   0: 3 0x000000008000f4b6 (0x97ba) x15 0x0000000080012040
core   0: 0x000000008000f4b8 (0xfe043603) ld      a2, -32(s0)
core   0: 3 0x000000008000f4b8 (0xfe043603) x12 0x000000000000009c mem 0x0000000080031f70
core   0: 0x000000008000f4bc (0x00004581) c.li    a1, 0
core   0: 3 0x000000008000f4bc (0x4581) x11 0x0000000000000000
core   0: 0x000000008000f4be (0x0000853e) c.mv    a0, a5
core   0: 3 0x000000008000f4be (0x853e) x10 0x0000000080012040
core   0: 0x000000008000f4c0 (0x185000ef) jal     pc + 0x984
core   0: 3 0x000000008000f4c0 (0x185000ef) x1  0x000000008000f4c4
core   0: >>>>  memset
core   0: 0x000000008000fe44 (0x0000715d) c.addi16sp sp, -80
core   0: 3 0x000000008000fe44 (0x715d) x2  0x0000000080031f20
core   0: 0x000000008000fe46 (0x0000e4a2) c.sdsp  s0, 72(sp)
core   0: 3 0x000000008000fe46 (0xe4a2) mem 0x0000000080031f68 0x0000000080031f90
core   0: 0x000000008000fe48 (0x00000880) c.addi4spn s0, sp, 80
core   0: 3 0x000000008000fe48 (0x0880) x8  0x0000000080031f70
core   0: 0x000000008000fe4a (0xfca43423) sd      a0, -56(s0)
core   0: 3 0x000000008000fe4a (0xfca43423) mem 0x0000000080031f38 0x0000000080012040
core   0: 0x000000008000fe4e (0x000087ae) c.mv    a5, a1
core   0: 3 0x000000008000fe4e (0x87ae) x15 0x0000000000000000
core   0: 0x000000008000fe50 (0xfac43c23) sd      a2, -72(s0)
core   0: 3 0x000000008000fe50 (0xfac43c23) mem 0x0000000080031f28 0x000000000000009c
core   0: 0x000000008000fe54 (0xfcf42223) sw      a5, -60(s0)
core   0: 3 0x000000008000fe54 (0xfcf42223) mem 0x0000000080031f34 0x00000000
core   0: 0x000000008000fe58 (0xfc843703) ld      a4, -56(s0)
core   0: 3 0x000000008000fe58 (0xfc843703) x14 0x0000000080012040 mem 0x0000000080031f38
core   0: 0x000000008000fe5c (0xfb843783) ld      a5, -72(s0)
core   0: 3 0x000000008000fe5c (0xfb843783) x15 0x000000000000009c mem 0x0000000080031f28
core   0: 0x000000008000fe60 (0x00008fd9) c.or    a5, a4
core   0: 3 0x000000008000fe60 (0x8fd9) x15 0x00000000800120dc
core   0: 0x000000008000fe62 (0x00008b9d) c.andi  a5, 7
core   0: 3 0x000000008000fe62 (0x8b9d) x15 0x0000000000000004
core   0: 0x000000008000fe64 (0x0000e7bd) c.bnez  a5, pc + 110
core   0: 3 0x000000008000fe64 (0xe7bd)
core   0: 0x000000008000fed2 (0xfc843783) ld      a5, -56(s0)
core   0: 3 0x000000008000fed2 (0xfc843783) x15 0x0000000080012040 mem 0x0000000080031f38
core   0: 0x000000008000fed6 (0xfef43023) sd      a5, -32(s0)
core   0: 3 0x000000008000fed6 (0xfef43023) mem 0x0000000080031f50 0x0000000080012040
core   0: 0x000000008000feda (0x0000a829) c.j     pc + 26
core   0: 3 0x000000008000feda (0xa829)
core   0: 0x000000008000fef4 (0xfc843703) ld      a4, -56(s0)
core   0: 3 0x000000008000fef4 (0xfc843703) x14 0x0000000080012040 mem 0x0000000080031f38
core   0: 0x000000008000fef8 (0xfb843783) ld      a5, -72(s0)
core   0: 3 0x000000008000fef8 (0xfb843783) x15 0x000000000000009c mem 0x0000000080031f28
core   0: 0x000000008000fefc (0x000097ba) c.add   a5, a4
core   0: 3 0x000000008000fefc (0x97ba) x15 0x00000000800120dc
core   0: 0x000000008000fefe (0xfe043703) ld      a4, -32(s0)
core   0: 3 0x000000008000fefe (0xfe043703) x14 0x0000000080012040 mem 0x0000000080031f50
core   0: 0x000000008000ff02 (0xfcf76de3) bltu    a4, a5, pc - 38
core   0: 3 0x000000008000ff02 (0xfcf76de3)
core   0: 0x000000008000fedc (0xfe043783) ld      a5, -32(s0)
core   0: 3 0x000000008000fedc (0xfe043783) x15 0x0000000080012040 mem 0x0000000080031f50
core   0: 0x000000008000fee0 (0x00178713) addi    a4, a5, 1
core   0: 3 0x000000008000fee0 (0x00178713) x14 0x0000000080012041
core   0: 0x000000008000fee4 (0xfee43023) sd      a4, -32(s0)
core   0: 3 0x000000008000fee4 (0xfee43023) mem 0x0000000080031f50 0x0000000080012041
core   0: 0x000000008000fee8 (0xfc442703) lw      a4, -60(s0)
core   0: 3 0x000000008000fee8 (0xfc442703) x14 0x0000000000000000 mem 0x0000000080031f34
core   0: 0x000000008000feec (0x0ff77713) andi    a4, a4, 255
core   0: 3 0x000000008000feec (0x0ff77713) x14 0x0000000000000000
core   0: 0x000000008000fef0 (0x00e78023) sb      a4, 0(a5)
core   0: 3 0x000000008000fef0 (0x00e78023) mem 0x0000000080012040 0x00
core   0: 0x000000008000fef4 (0xfc843703) ld      a4, -56(s0)
core   0: 3 0x000000008000fef4 (0xfc843703) x14 0x0000000080012040 mem 0x0000000080031f38
core   0: 0x000000008000fef8 (0xfb843783) ld      a5, -72(s0)
core   0: 3 0x000000008000fef8 (0xfb843783) x15 0x000000000000009c mem 0x0000000080031f28
core   0: 0x000000008000fefc (0x000097ba) c.add   a5, a4
core   0: 3 0x000000008000fefc (0x97ba) x15 0x00000000800120dc
core   0: 0x000000008000fefe (0xfe043703) ld      a4, -32(s0)
core   0: 3 0x000000008000fefe (0xfe043703) x14 0x0000000080012041 mem 0x0000000080031f50
core   0: 0x000000008000ff02 (0xfcf76de3) bltu    a4, a5, pc - 38
core   0: 3 0x000000008000ff02 (0xfcf76de3)
core   0: 0x000000008000fedc (0xfe043783) ld      a5, -32(s0)
core   0: 3 0x000000008000fedc (0xfe043783) x15 0x0000000080012041 mem 0x0000000080031f50
core   0: 0x000000008000fee0 (0x00178713) addi    a4, a5, 1
core   0: 3 0x000000008000fee0 (0x00178713) x14 0x0000000080012042
core   0: 0x000000008000fee4 (0xfee43023) sd      a4, -32(s0)
core   0: 3 0x000000008000fee4 (0xfee43023) mem 0x0000000080031f50 0x0000000080012042
core   0: 0x000000008000fee8 (0xfc442703) lw      a4, -60(s0)
core   0: 3 0x000000008000fee8 (0xfc442703) x14 0x0000000000000000 mem 0x0000000080031f34
core   0: 0x000000008000feec (0x0ff77713) andi    a4, a4, 255
core   0: 3 0x000000008000feec (0x0ff77713) x14 0x0000000000000000
core   0: 0x000000008000fef0 (0x00e78023) sb      a4, 0(a5)
core   0: 3 0x000000008000fef0 (0x00e78023) mem 0x0000000080012041 0x00
core   0: 0x000000008000fef4 (0xfc843703) ld      a4, -56(s0)
core   0: 3 0x000000008000fef4 (0xfc843703) x14 0x0000000080012040 mem 0x0000000080031f38
core   0: 0x000000008000fef8 (0xfb843783) ld      a5, -72(s0)
core   0: 3 0x000000008000fef8 (0xfb843783) x15 0x000000000000009c mem 0x0000000080031f28
core   0: 0x000000008000fefc (0x000097ba) c.add   a5, a4
core   0: 3 0x000000008000fefc (0x97ba) x15 0x00000000800120dc
core   0: 0x000000008000fefe (0xfe043703) ld      a4, -32(s0)
core   0: 3 0x000000008000fefe (0xfe043703) x14 0x0000000080012042 mem 0x0000000080031f50
core   0: 0x000000008000ff02 (0xfcf76de3) bltu    a4, a5, pc - 38
core   0: 3 0x000000008000ff02 (0xfcf76de3)
core   0: 0x000000008000fedc (0xfe043783) ld      a5, -32(s0)
core   0: 3 0x000000008000fedc (0xfe043783) x15 0x0000000080012042 mem 0x0000000080031f50
core   0: 0x000000008000fee0 (0x00178713) addi    a4, a5, 1
core   0: 3 0x000000008000fee0 (0x00178713) x14 0x0000000080012043
core   0: 0x000000008000fee4 (0xfee43023) sd      a4, -32(s0)
core   0: 3 0x000000008000fee4 (0xfee43023) mem 0x0000000080031f50 0x0000000080012043
core   0: 0x000000008000fee8 (0xfc442703) lw      a4, -60(s0)
core   0: 3 0x000000008000fee8 (0xfc442703) x14 0x0000000000000000 mem 0x0000000080031f34
core   0: 0x000000008000feec (0x0ff77713) andi    a4, a4, 255
core   0: 3 0x000000008000feec (0x0ff77713) x14 0x0000000000000000
core   0: 0x000000008000fef0 (0x00e78023) sb      a4, 0(a5)
core   0: 3 0x000000008000fef0 (0x00e78023) mem 0x0000000080012042 0x00
core   0: 0x000000008000fef4 (0xfc843703) ld      a4, -56(s0)
core   0: 3 0x000000008000fef4 (0xfc843703) x14 0x0000000080012040 mem 0x0000000080031f38
core   0: 0x000000008000fef8 (0xfb843783) ld      a5, -72(s0)
core   0: 3 0x000000008000fef8 (0xfb843783) x15 0x000000000000009c mem 0x0000000080031f28
core   0: 0x000000008000fefc (0x000097ba) c.add   a5, a4
core   0: 3 0x000000008000fefc (0x97ba) x15 0x00000000800120dc
core   0: 0x000000008000fefe (0xfe043703) ld      a4, -32(s0)
core   0: 3 0x000000008000fefe (0xfe043703) x14 0x0000000080012043 mem 0x0000000080031f50
core   0: 0x000000008000ff02 (0xfcf76de3) bltu    a4, a5, pc - 38
core   0: 3 0x000000008000ff02 (0xfcf76de3)
core   0: 0x000000008000fedc (0xfe043783) ld      a5, -32(s0)
core   0: 3 0x000000008000fedc (0xfe043783) x15 0x0000000080012043 mem 0x0000000080031f50
core   0: 0x000000008000fee0 (0x00178713) addi    a4, a5, 1
core   0: 3 0x000000008000fee0 (0x00178713) x14 0x0000000080012044
core   0: 0x000000008000fee4 (0xfee43023) sd      a4, -32(s0)
core   0: 3 0x000000008000fee4 (0xfee43023) mem 0x0000000080031f50 0x0000000080012044
core   0: 0x000000008000fee8 (0xfc442703) lw      a4, -60(s0)
core   0: 3 0x000000008000fee8 (0xfc442703) x14 0x0000000000000000 mem 0x0000000080031f34
core   0: 0x000000008000feec (0x0ff77713) andi    a4, a4, 255
core   0: 3 0x000000008000feec (0x0ff77713) x14 0x0000000000000000
core   0: 0x000000008000fef0 (0x00e78023) sb      a4, 0(a5)
core   0: 3 0x000000008000fef0 (0x00e78023) mem 0x0000000080012043 0x00
core   0: 0x000000008000fef4 (0xfc843703) ld      a4, -56(s0)
core   0: 3 0x000000008000fef4 (0xfc843703) x14 0x0000000080012040 mem 0x0000000080031f38
core   0: 0x000000008000fef8 (0xfb843783) ld      a5, -72(s0)
core   0: 3 0x000000008000fef8 (0xfb843783) x15 0x000000000000009c mem 0x0000000080031f28
core   0: 0x000000008000fefc (0x000097ba) c.add   a5, a4
core   0: 3 0x000000008000fefc (0x97ba) x15 0x00000000800120dc
core   0: 0x000000008000fefe (0xfe043703) ld      a4, -32(s0)
core   0: 3 0x000000008000fefe (0xfe043703) x14 0x0000000080012044 mem 0x0000000080031f50
core   0: 0x000000008000ff02 (0xfcf76de3) bltu    a4, a5, pc - 38
core   0: 3 0x000000008000ff02 (0xfcf76de3)
core   0: 0x000000008000fedc (0xfe043783) ld      a5, -32(s0)
core   0: 3 0x000000008000fedc (0xfe043783) x15 0x0000000080012044 mem 0x0000000080031f50
core   0: 0x000000008000fee0 (0x00178713) addi    a4, a5, 1
core   0: 3 0x000000008000fee0 (0x00178713) x14 0x0000000080012045
core   0: 0x000000008000fee4 (0xfee43023) sd      a4, -32(s0)
core   0: 3 0x000000008000fee4 (0xfee43023) mem 0x0000000080031f50 0x0000000080012045
core   0: 0x000000008000fee8 (0xfc442703) lw      a4, -60(s0)
core   0: 3 0x000000008000fee8 (0xfc442703) x14 0x0000000000000000 mem 0x0000000080031f34
core   0: 0x000000008000feec (0x0ff77713) andi    a4, a4, 255
core   0: 3 0x000000008000feec (0x0ff77713) x14 0x0000000000000000
core   0: 0x000000008000fef0 (0x00e78023) sb      a4, 0(a5)
core   0: 3 0x000000008000fef0 (0x00e78023) mem 0x0000000080012044 0x00
core   0: 0x000000008000fef4 (0xfc843703) ld      a4, -56(s0)
core   0: 3 0x000000008000fef4 (0xfc843703) x14 0x0000000080012040 mem 0x0000000080031f38
core   0: 0x000000008000fef8 (0xfb843783) ld      a5, -72(s0)
core   0: 3 0x000000008000fef8 (0xfb843783) x15 0x000000000000009c mem 0x0000000080031f28
core   0: 0x000000008000fefc (0x000097ba) c.add   a5, a4
core   0: 3 0x000000008000fefc (0x97ba) x15 0x00000000800120dc
core   0: 0x000000008000fefe (0xfe043703) ld      a4, -32(s0)
core   0: 3 0x000000008000fefe (0xfe043703) x14 0x0000000080012045 mem 0x0000000080031f50
core   0: 0x000000008000ff02 (0xfcf76de3) bltu    a4, a5, pc - 38
core   0: 3 0x000000008000ff02 (0xfcf76de3)
core   0: 0x000000008000fedc (0xfe043783) ld      a5, -32(s0)
core   0: 3 0x000000008000fedc (0xfe043783) x15 0x0000000080012045 mem 0x0000000080031f50
core   0: 0x000000008000fee0 (0x00178713) addi    a4, a5, 1
core   0: 3 0x000000008000fee0 (0x00178713) x14 0x0000000080012046
core   0: 0x000000008000fee4 (0xfee43023) sd      a4, -32(s0)
core   0: 3 0x000000008000fee4 (0xfee43023) mem 0x0000000080031f50 0x0000000080012046
core   0: 0x000000008000fee8 (0xfc442703) lw      a4, -60(s0)
core   0: 3 0x000000008000fee8 (0xfc442703) x14 0x0000000000000000 mem 0x0000000080031f34
core   0: 0x000000008000feec (0x0ff77713) andi    a4, a4, 255
core   0: 3 0x000000008000feec (0x0ff77713) x14 0x0000000000000000
core   0: 0x000000008000fef0 (0x00e78023) sb      a4, 0(a5)
core   0: 3 0x000000008000fef0 (0x00e78023) mem 0x0000000080012045 0x00
core   0: 0x000000008000fef4 (0xfc843703) ld      a4, -56(s0)
core   0: 3 0x000000008000fef4 (0xfc843703) x14 0x0000000080012040 mem 0x0000000080031f38
core   0: 0x000000008000fef8 (0xfb843783) ld      a5, -72(s0)
core   0: 3 0x000000008000fef8 (0xfb843783) x15 0x000000000000009c mem 0x0000000080031f28
core   0: 0x000000008000fefc (0x000097ba) c.add   a5, a4
core   0: 3 0x000000008000fefc (0x97ba) x15 0x00000000800120dc
core   0: 0x000000008000fefe (0xfe043703) ld      a4, -32(s0)
core   0: 3 0x000000008000fefe (0xfe043703) x14 0x0000000080012046 mem 0x0000000080031f50
core   0: 0x000000008000ff02 (0xfcf76de3) bltu    a4, a5, pc - 38
core   0: 3 0x000000008000ff02 (0xfcf76de3)
core   0: 0x000000008000fedc (0xfe043783) ld      a5, -32(s0)
core   0: 3 0x000000008000fedc (0xfe043783) x15 0x0000000080012046 mem 0x0000000080031f50
core   0: 0x000000008000fee0 (0x00178713) addi    a4, a5, 1
core   0: 3 0x000000008000fee0 (0x00178713) x14 0x0000000080012047
core   0: 0x000000008000fee4 (0xfee43023) sd      a4, -32(s0)
core   0: 3 0x000000008000fee4 (0xfee43023) mem 0x0000000080031f50 0x0000000080012047
core   0: 0x000000008000fee8 (0xfc442703) lw      a4, -60(s0)
core   0: 3 0x000000008000fee8 (0xfc442703) x14 0x0000000000000000 mem 0x0000000080031f34
core   0: 0x000000008000feec (0x0ff77713) andi    a4, a4, 255
core   0: 3 0x000000008000feec (0x0ff77713) x14 0x0000000000000000
core   0: 0x000000008000fef0 (0x00e78023) sb      a4, 0(a5)
core   0: 3 0x000000008000fef0 (0x00e78023) mem 0x0000000080012046 0x00
core   0: 0x000000008000fef4 (0xfc843703) ld      a4, -56(s0)
core   0: 3 0x000000008000fef4 (0xfc843703) x14 0x0000000080012040 mem 0x0000000080031f38
core   0: 0x000000008000fef8 (0xfb843783) ld      a5, -72(s0)
core   0: 3 0x000000008000fef8 (0xfb843783) x15 0x000000000000009c mem 0x0000000080031f28
core   0: 0x000000008000fefc (0x000097ba) c.add   a5, a4
core   0: 3 0x000000008000fefc (0x97ba) x15 0x00000000800120dc
core   0: 0x000000008000fefe (0xfe043703) ld      a4, -32(s0)
core   0: 3 0x000000008000fefe (0xfe043703) x14 0x0000000080012047 mem 0x0000000080031f50
core   0: 0x000000008000ff02 (0xfcf76de3) bltu    a4, a5, pc - 38
core   0: 3 0x000000008000ff02 (0xfcf76de3)
core   0: 0x000000008000fedc (0xfe043783) ld      a5, -32(s0)
core   0: 3 0x000000008000fedc (0xfe043783) x15 0x0000000080012047 mem 0x0000000080031f50
core   0: 0x000000008000fee0 (0x00178713) addi    a4, a5, 1
core   0: 3 0x000000008000fee0 (0x00178713) x14 0x0000000080012048
core   0: 0x000000008000fee4 (0xfee43023) sd      a4, -32(s0)
core   0: 3 0x000000008000fee4 (0xfee43023) mem 0x0000000080031f50 0x0000000080012048
core   0: 0x000000008000fee8 (0xfc442703) lw      a4, -60(s0)
core   0: 3 0x000000008000fee8 (0xfc442703) x14 0x0000000000000000 mem 0x0000000080031f34
core   0: 0x000000008000feec (0x0ff77713) andi    a4, a4, 255
core   0: 3 0x000000008000feec (0x0ff77713) x14 0x0000000000000000
core   0: 0x000000008000fef0 (0x00e78023) sb      a4, 0(a5)
core   0: 3 0x000000008000fef0 (0x00e78023) mem 0x0000000080012047 0x00
core   0: 0x000000008000fef4 (0xfc843703) ld      a4, -56(s0)
core   0: 3 0x000000008000fef4 (0xfc843703) x14 0x0000000080012040 mem 0x0000000080031f38
core   0: 0x000000008000fef8 (0xfb843783) ld      a5, -72(s0)
core   0: 3 0x000000008000fef8 (0xfb843783) x15 0x000000000000009c mem 0x0000000080031f28
core   0: 0x000000008000fefc (0x000097ba) c.add   a5, a4
core   0: 3 0x000000008000fefc (0x97ba) x15 0x00000000800120dc
core   0: 0x000000008000fefe (0xfe043703) ld      a4, -32(s0)
core   0: 3 0x000000008000fefe (0xfe043703) x14 0x0000000080012048 mem 0x0000000080031f50
core   0: 0x000000008000ff02 (0xfcf76de3) bltu    a4, a5, pc - 38
core   0: 3 0x000000008000ff02 (0xfcf76de3)
core   0: 0x000000008000fedc (0xfe043783) ld      a5, -32(s0)
core   0: 3 0x000000008000fedc (0xfe043783) x15 0x0000000080012048 mem 0x0000000080031f50
core   0: 0x000000008000fee0 (0x00178713) addi    a4, a5, 1
core   0: 3 0x000000008000fee0 (0x00178713) x14 0x0000000080012049
core   0: 0x000000008000fee4 (0xfee43023) sd      a4, -32(s0)
core   0: 3 0x000000008000fee4 (0xfee43023) mem 0x0000000080031f50 0x0000000080012049
core   0: 0x000000008000fee8 (0xfc442703) lw      a4, -60(s0)
core   0: 3 0x000000008000fee8 (0xfc442703) x14 0x0000000000000000 mem 0x0000000080031f34
core   0: 0x000000008000feec (0x0ff77713) andi    a4, a4, 255
core   0: 3 0x000000008000feec (0x0ff77713) x14 0x0000000000000000
core   0: 0x000000008000fef0 (0x00e78023) sb      a4, 0(a5)
core   0: 3 0x000000008000fef0 (0x00e78023) mem 0x0000000080012048 0x00
core   0: 0x000000008000fef4 (0xfc843703) ld      a4, -56(s0)
core   0: 3 0x000000008000fef4 (0xfc843703) x14 0x0000000080012040 mem 0x0000000080031f38
core   0: 0x000000008000fef8 (0xfb843783) ld      a5, -72(s0)
core   0: 3 0x000000008000fef8 (0xfb843783) x15 0x000000000000009c mem 0x0000000080031f28
core   0: 0x000000008000fefc (0x000097ba) c.add   a5, a4
core   0: 3 0x000000008000fefc (0x97ba) x15 0x00000000800120dc
core   0: 0x000000008000fefe (0xfe043703) ld      a4, -32(s0)
core   0: 3 0x000000008000fefe (0xfe043703) x14 0x0000000080012049 mem 0x0000000080031f50
core   0: 0x000000008000ff02 (0xfcf76de3) bltu    a4, a5, pc - 38
core   0: 3 0x000000008000ff02 (0xfcf76de3)
core   0: 0x000000008000fedc (0xfe043783) ld      a5, -32(s0)
core   0: 3 0x000000008000fedc (0xfe043783) x15 0x0000000080012049 mem 0x0000000080031f50
core   0: 0x000000008000fee0 (0x00178713) addi    a4, a5, 1
core   0: 3 0x000000008000fee0 (0x00178713) x14 0x000000008001204a
core   0: 0x000000008000fee4 (0xfee43023) sd      a4, -32(s0)
core   0: 3 0x000000008000fee4 (0xfee43023) mem 0x0000000080031f50 0x000000008001204a
core   0: 0x000000008000fee8 (0xfc442703) lw      a4, -60(s0)
core   0: 3 0x000000008000fee8 (0xfc442703) x14 0x0000000000000000 mem 0x0000000080031f34
core   0: 0x000000008000feec (0x0ff77713) andi    a4, a4, 255
core   0: 3 0x000000008000feec (0x0ff77713) x14 0x0000000000000000
core   0: 0x000000008000fef0 (0x00e78023) sb      a4, 0(a5)
core   0: 3 0x000000008000fef0 (0x00e78023) mem 0x0000000080012049 0x00
core   0: 0x000000008000fef4 (0xfc843703) ld      a4, -56(s0)
core   0: 3 0x000000008000fef4 (0xfc843703) x14 0x0000000080012040 mem 0x0000000080031f38
core   0: 0x000000008000fef8 (0xfb843783) ld      a5, -72(s0)
core   0: 3 0x000000008000fef8 (0xfb843783) x15 0x000000000000009c mem 0x0000000080031f28
core   0: 0x000000008000fefc (0x000097ba) c.add   a5, a4
core   0: 3 0x000000008000fefc (0x97ba) x15 0x00000000800120dc
core   0: 0x000000008000fefe (0xfe043703) ld      a4, -32(s0)
core   0: 3 0x000000008000fefe (0xfe043703) x14 0x000000008001204a mem 0x0000000080031f50
core   0: 0x000000008000ff02 (0xfcf76de3) bltu    a4, a5, pc - 38
core   0: 3 0x000000008000ff02 (0xfcf76de3)
core   0: 0x000000008000fedc (0xfe043783) ld      a5, -32(s0)
core   0: 3 0x000000008000fedc (0xfe043783) x15 0x000000008001204a mem 0x0000000080031f50
core   0: 0x000000008000fee0 (0x00178713) addi    a4, a5, 1
core   0: 3 0x000000008000fee0 (0x00178713) x14 0x000000008001204b
core   0: 0x000000008000fee4 (0xfee43023) sd      a4, -32(s0)
core   0: 3 0x000000008000fee4 (0xfee43023) mem 0x0000000080031f50 0x000000008001204b
core   0: 0x000000008000fee8 (0xfc442703) lw      a4, -60(s0)
core   0: 3 0x000000008000fee8 (0xfc442703) x14 0x0000000000000000 mem 0x0000000080031f34
core   0: 0x000000008000feec (0x0ff77713) andi    a4, a4, 255
core   0: 3 0x000000008000feec (0x0ff77713) x14 0x0000000000000000
core   0: 0x000000008000fef0 (0x00e78023) sb      a4, 0(a5)
core   0: 3 0x000000008000fef0 (0x00e78023) mem 0x000000008001204a 0x00
core   0: 0x000000008000fef4 (0xfc843703) ld      a4, -56(s0)
core   0: 3 0x000000008000fef4 (0xfc843703) x14 0x0000000080012040 mem 0x0000000080031f38
core   0: 0x000000008000fef8 (0xfb843783) ld      a5, -72(s0)
core   0: 3 0x000000008000fef8 (0xfb843783) x15 0x000000000000009c mem 0x0000000080031f28
core   0: 0x000000008000fefc (0x000097ba) c.add   a5, a4
core   0: 3 0x000000008000fefc (0x97ba) x15 0x00000000800120dc
core   0: 0x000000008000fefe (0xfe043703) ld      a4, -32(s0)
core   0: 3 0x000000008000fefe (0xfe043703) x14 0x000000008001204b mem 0x0000000080031f50
core   0: 0x000000008000ff02 (0xfcf76de3) bltu    a4, a5, pc - 38
core   0: 3 0x000000008000ff02 (0xfcf76de3)
core   0: 0x000000008000fedc (0xfe043783) ld      a5, -32(s0)
core   0: 3 0x000000008000fedc (0xfe043783) x15 0x000000008001204b mem 0x0000000080031f50
core   0: 0x000000008000fee0 (0x00178713) addi    a4, a5, 1
core   0: 3 0x000000008000fee0 (0x00178713) x14 0x000000008001204c
core   0: 0x000000008000fee4 (0xfee43023) sd      a4, -32(s0)
core   0: 3 0x000000008000fee4 (0xfee43023) mem 0x0000000080031f50 0x000000008001204c
core   0: 0x000000008000fee8 (0xfc442703) lw      a4, -60(s0)
core   0: 3 0x000000008000fee8 (0xfc442703) x14 0x0000000000000000 mem 0x0000000080031f34
core   0: 0x000000008000feec (0x0ff77713) andi    a4, a4, 255
core   0: 3 0x000000008000feec (0x0ff77713) x14 0x0000000000000000
core   0: 0x000000008000fef0 (0x00e78023) sb      a4, 0(a5)
core   0: 3 0x000000008000fef0 (0x00e78023) mem 0x000000008001204b 0x00
core   0: 0x000000008000fef4 (0xfc843703) ld      a4, -56(s0)
core   0: 3 0x000000008000fef4 (0xfc843703) x14 0x0000000080012040 mem 0x0000000080031f38
core   0: 0x000000008000fef8 (0xfb843783) ld      a5, -72(s0)
core   0: 3 0x000000008000fef8 (0xfb843783) x15 0x000000000000009c mem 0x0000000080031f28
core   0: 0x000000008000fefc (0x000097ba) c.add   a5, a4
core   0: 3 0x000000008000fefc (0x97ba) x15 0x00000000800120dc
core   0: 0x000000008000fefe (0xfe043703) ld      a4, -32(s0)
core   0: 3 0x000000008000fefe (0xfe043703) x14 0x000000008001204c mem 0x0000000080031f50
core   0: 0x000000008000ff02 (0xfcf76de3) bltu    a4, a5, pc - 38
core   0: 3 0x000000008000ff02 (0xfcf76de3)
core   0: 0x000000008000fedc (0xfe043783) ld      a5, -32(s0)
core   0: 3 0x000000008000fedc (0xfe043783) x15 0x000000008001204c mem 0x0000000080031f50
core   0: 0x000000008000fee0 (0x00178713) addi    a4, a5, 1
core   0: 3 0x000000008000fee0 (0x00178713) x14 0x000000008001204d
core   0: 0x000000008000fee4 (0xfee43023) sd      a4, -32(s0)
core   0: 3 0x000000008000fee4 (0xfee43023) mem 0x0000000080031f50 0x000000008001204d
core   0: 0x000000008000fee8 (0xfc442703) lw      a4, -60(s0)
core   0: 3 0x000000008000fee8 (0xfc442703) x14 0x0000000000000000 mem 0x0000000080031f34
core   0: 0x000000008000feec (0x0ff77713) andi    a4, a4, 255
core   0: 3 0x000000008000feec (0x0ff77713) x14 0x0000000000000000
core   0: 0x000000008000fef0 (0x00e78023) sb      a4, 0(a5)
core   0: 3 0x000000008000fef0 (0x00e78023) mem 0x000000008001204c 0x00
core   0: 0x000000008000fef4 (0xfc843703) ld      a4, -56(s0)
core   0: 3 0x000000008000fef4 (0xfc843703) x14 0x0000000080012040 mem 0x0000000080031f38
core   0: 0x000000008000fef8 (0xfb843783) ld      a5, -72(s0)
core   0: 3 0x000000008000fef8 (0xfb843783) x15 0x000000000000009c mem 0x0000000080031f28
core   0: 0x000000008000fefc (0x000097ba) c.add   a5, a4
core   0: 3 0x000000008000fefc (0x97ba) x15 0x00000000800120dc
core   0: 0x000000008000fefe (0xfe043703) ld      a4, -32(s0)
core   0: 3 0x000000008000fefe (0xfe043703) x14 0x000000008001204d mem 0x0000000080031f50
core   0: 0x000000008000ff02 (0xfcf76de3) bltu    a4, a5, pc - 38
core   0: 3 0x000000008000ff02 (0xfcf76de3)
core   0: 0x000000008000fedc (0xfe043783) ld      a5, -32(s0)
core   0: 3 0x000000008000fedc (0xfe043783) x15 0x000000008001204d mem 0x0000000080031f50
core   0: 0x000000008000fee0 (0x00178713) addi    a4, a5, 1
core   0: 3 0x000000008000fee0 (0x00178713) x14 0x000000008001204e
core   0: 0x000000008000fee4 (0xfee43023) sd      a4, -32(s0)
core   0: 3 0x000000008000fee4 (0xfee43023) mem 0x0000000080031f50 0x000000008001204e
core   0: 0x000000008000fee8 (0xfc442703) lw      a4, -60(s0)
core   0: 3 0x000000008000fee8 (0xfc442703) x14 0x0000000000000000 mem 0x0000000080031f34
core   0: 0x000000008000feec (0x0ff77713) andi    a4, a4, 255
core   0: 3 0x000000008000feec (0x0ff77713) x14 0x0000000000000000
core   0: 0x000000008000fef0 (0x00e78023) sb      a4, 0(a5)
core   0: 3 0x000000008000fef0 (0x00e78023) mem 0x000000008001204d 0x00
core   0: 0x000000008000fef4 (0xfc843703) ld      a4, -56(s0)
core   0: 3 0x000000008000fef4 (0xfc843703) x14 0x0000000080012040 mem 0x0000000080031f38
core   0: 0x000000008000fef8 (0xfb843783) ld      a5, -72(s0)
core   0: 3 0x000000008000fef8 (0xfb843783) x15 0x000000000000009c mem 0x0000000080031f28
core   0: 0x000000008000fefc (0x000097ba) c.add   a5, a4
core   0: 3 0x000000008000fefc (0x97ba) x15 0x00000000800120dc
core   0: 0x000000008000fefe (0xfe043703) ld      a4, -32(s0)
core   0: 3 0x000000008000fefe (0xfe043703) x14 0x000000008001204e mem 0x0000000080031f50
core   0: 0x000000008000ff02 (0xfcf76de3) bltu    a4, a5, pc - 38
core   0: 3 0x000000008000ff02 (0xfcf76de3)
core   0: 0x000000008000fedc (0xfe043783) ld      a5, -32(s0)
core   0: 3 0x000000008000fedc (0xfe043783) x15 0x000000008001204e mem 0x0000000080031f50
core   0: 0x000000008000fee0 (0x00178713) addi    a4, a5, 1
core   0: 3 0x000000008000fee0 (0x00178713) x14 0x000000008001204f
core   0: 0x000000008000fee4 (0xfee43023) sd      a4, -32(s0)
core   0: 3 0x000000008000fee4 (0xfee43023) mem 0x0000000080031f50 0x000000008001204f
core   0: 0x000000008000fee8 (0xfc442703) lw      a4, -60(s0)
core   0: 3 0x000000008000fee8 (0xfc442703) x14 0x0000000000000000 mem 0x0000000080031f34
core   0: 0x000000008000feec (0x0ff77713) andi    a4, a4, 255
core   0: 3 0x000000008000feec (0x0ff77713) x14 0x0000000000000000
core   0: 0x000000008000fef0 (0x00e78023) sb      a4, 0(a5)
core   0: 3 0x000000008000fef0 (0x00e78023) mem 0x000000008001204e 0x00
core   0: 0x000000008000fef4 (0xfc843703) ld      a4, -56(s0)
core   0: 3 0x000000008000fef4 (0xfc843703) x14 0x0000000080012040 mem 0x0000000080031f38
core   0: 0x000000008000fef8 (0xfb843783) ld      a5, -72(s0)
core   0: 3 0x000000008000fef8 (0xfb843783) x15 0x000000000000009c mem 0x0000000080031f28
core   0: 0x000000008000fefc (0x000097ba) c.add   a5, a4
core   0: 3 0x000000008000fefc (0x97ba) x15 0x00000000800120dc
core   0: 0x000000008000fefe (0xfe043703) ld      a4, -32(s0)
core   0: 3 0x000000008000fefe (0xfe043703) x14 0x000000008001204f mem 0x0000000080031f50
core   0: 0x000000008000ff02 (0xfcf76de3) bltu    a4, a5, pc - 38
core   0: 3 0x000000008000ff02 (0xfcf76de3)
core   0: 0x000000008000fedc (0xfe043783) ld      a5, -32(s0)
core   0: 3 0x000000008000fedc (0xfe043783) x15 0x000000008001204f mem 0x0000000080031f50
core   0: 0x000000008000fee0 (0x00178713) addi    a4, a5, 1
core   0: 3 0x000000008000fee0 (0x00178713) x14 0x0000000080012050
core   0: 0x000000008000fee4 (0xfee43023) sd      a4, -32(s0)
core   0: 3 0x000000008000fee4 (0xfee43023) mem 0x0000000080031f50 0x0000000080012050
core   0: 0x000000008000fee8 (0xfc442703) lw      a4, -60(s0)
core   0: 3 0x000000008000fee8 (0xfc442703) x14 0x0000000000000000 mem 0x0000000080031f34
core   0: 0x000000008000feec (0x0ff77713) andi    a4, a4, 255
core   0: 3 0x000000008000feec (0x0ff77713) x14 0x0000000000000000
core   0: 0x000000008000fef0 (0x00e78023) sb      a4, 0(a5)
core   0: 3 0x000000008000fef0 (0x00e78023) mem 0x000000008001204f 0x00
core   0: 0x000000008000fef4 (0xfc843703) ld      a4, -56(s0)
core   0: 3 0x000000008000fef4 (0xfc843703) x14 0x0000000080012040 mem 0x0000000080031f38
core   0: 0x000000008000fef8 (0xfb843783) ld      a5, -72(s0)
core   0: 3 0x000000008000fef8 (0xfb843783) x15 0x000000000000009c mem 0x0000000080031f28
core   0: 0x000000008000fefc (0x000097ba) c.add   a5, a4
core   0: 3 0x000000008000fefc (0x97ba) x15 0x00000000800120dc
core   0: 0x000000008000fefe (0xfe043703) ld      a4, -32(s0)
core   0: 3 0x000000008000fefe (0xfe043703) x14 0x0000000080012050 mem 0x0000000080031f50
core   0: 0x000000008000ff02 (0xfcf76de3) bltu    a4, a5, pc - 38
core   0: 3 0x000000008000ff02 (0xfcf76de3)
core   0: 0x000000008000fedc (0xfe043783) ld      a5, -32(s0)
core   0: 3 0x000000008000fedc (0xfe043783) x15 0x0000000080012050 mem 0x0000000080031f50
core   0: 0x000000008000fee0 (0x00178713) addi    a4, a5, 1
core   0: 3 0x000000008000fee0 (0x00178713) x14 0x0000000080012051
core   0: 0x000000008000fee4 (0xfee43023) sd      a4, -32(s0)
core   0: 3 0x000000008000fee4 (0xfee43023) mem 0x0000000080031f50 0x0000000080012051
core   0: 0x000000008000fee8 (0xfc442703) lw      a4, -60(s0)
core   0: 3 0x000000008000fee8 (0xfc442703) x14 0x0000000000000000 mem 0x0000000080031f34
core   0: 0x000000008000feec (0x0ff77713) andi    a4, a4, 255
core   0: 3 0x000000008000feec (0x0ff77713) x14 0x0000000000000000
core   0: 0x000000008000fef0 (0x00e78023) sb      a4, 0(a5)
core   0: 3 0x000000008000fef0 (0x00e78023) mem 0x0000000080012050 0x00
core   0: 0x000000008000fef4 (0xfc843703) ld      a4, -56(s0)
core   0: 3 0x000000008000fef4 (0xfc843703) x14 0x0000000080012040 mem 0x0000000080031f38
core   0: 0x000000008000fef8 (0xfb843783) ld      a5, -72(s0)
core   0: 3 0x000000008000fef8 (0xfb843783) x15 0x000000000000009c mem 0x0000000080031f28
core   0: 0x000000008000fefc (0x000097ba) c.add   a5, a4
core   0: 3 0x000000008000fefc (0x97ba) x15 0x00000000800120dc
core   0: 0x000000008000fefe (0xfe043703) ld      a4, -32(s0)
core   0: 3 0x000000008000fefe (0xfe043703) x14 0x0000000080012051 mem 0x0000000080031f50
core   0: 0x000000008000ff02 (0xfcf76de3) bltu    a4, a5, pc - 38
core   0: 3 0x000000008000ff02 (0xfcf76de3)
core   0: 0x000000008000fedc (0xfe043783) ld      a5, -32(s0)
core   0: 3 0x000000008000fedc (0xfe043783) x15 0x0000000080012051 mem 0x0000000080031f50
core   0: 0x000000008000fee0 (0x00178713) addi    a4, a5, 1
core   0: 3 0x000000008000fee0 (0x00178713) x14 0x0000000080012052
core   0: 0x000000008000fee4 (0xfee43023) sd      a4, -32(s0)
core   0: 3 0x000000008000fee4 (0xfee43023) mem 0x0000000080031f50 0x0000000080012052
core   0: 0x000000008000fee8 (0xfc442703) lw      a4, -60(s0)
core   0: 3 0x000000008000fee8 (0xfc442703) x14 0x0000000000000000 mem 0x0000000080031f34
core   0: 0x000000008000feec (0x0ff77713) andi    a4, a4, 255
core   0: 3 0x000000008000feec (0x0ff77713) x14 0x0000000000000000
core   0: 0x000000008000fef0 (0x00e78023) sb      a4, 0(a5)
core   0: 3 0x000000008000fef0 (0x00e78023) mem 0x0000000080012051 0x00
core   0: 0x000000008000fef4 (0xfc843703) ld      a4, -56(s0)
core   0: 3 0x000000008000fef4 (0xfc843703) x14 0x0000000080012040 mem 0x0000000080031f38
core   0: 0x000000008000fef8 (0xfb843783) ld      a5, -72(s0)
core   0: 3 0x000000008000fef8 (0xfb843783) x15 0x000000000000009c mem 0x0000000080031f28
core   0: 0x000000008000fefc (0x000097ba) c.add   a5, a4
core   0: 3 0x000000008000fefc (0x97ba) x15 0x00000000800120dc
core   0: 0x000000008000fefe (0xfe043703) ld      a4, -32(s0)
core   0: 3 0x000000008000fefe (0xfe043703) x14 0x0000000080012052 mem 0x0000000080031f50
core   0: 0x000000008000ff02 (0xfcf76de3) bltu    a4, a5, pc - 38
core   0: 3 0x000000008000ff02 (0xfcf76de3)
core   0: 0x000000008000fedc (0xfe043783) ld      a5, -32(s0)
core   0: 3 0x000000008000fedc (0xfe043783) x15 0x0000000080012052 mem 0x0000000080031f50
core   0: 0x000000008000fee0 (0x00178713) addi    a4, a5, 1
core   0: 3 0x000000008000fee0 (0x00178713) x14 0x0000000080012053
core   0: 0x000000008000fee4 (0xfee43023) sd      a4, -32(s0)
core   0: 3 0x000000008000fee4 (0xfee43023) mem 0x0000000080031f50 0x0000000080012053
core   0: 0x000000008000fee8 (0xfc442703) lw      a4, -60(s0)
core   0: 3 0x000000008000fee8 (0xfc442703) x14 0x0000000000000000 mem 0x0000000080031f34
core   0: 0x000000008000feec (0x0ff77713) andi    a4, a4, 255
core   0: 3 0x000000008000feec (0x0ff77713) x14 0x0000000000000000
core   0: 0x000000008000fef0 (0x00e78023) sb      a4, 0(a5)
core   0: 3 0x000000008000fef0 (0x00e78023) mem 0x0000000080012052 0x00
core   0: 0x000000008000fef4 (0xfc843703) ld      a4, -56(s0)
core   0: 3 0x000000008000fef4 (0xfc843703) x14 0x0000000080012040 mem 0x0000000080031f38
core   0: 0x000000008000fef8 (0xfb843783) ld      a5, -72(s0)
core   0: 3 0x000000008000fef8 (0xfb843783) x15 0x000000000000009c mem 0x0000000080031f28
core   0: 0x000000008000fefc (0x000097ba) c.add   a5, a4
core   0: 3 0x000000008000fefc (0x97ba) x15 0x00000000800120dc
core   0: 0x000000008000fefe (0xfe043703) ld      a4, -32(s0)
core   0: 3 0x000000008000fefe (0xfe043703) x14 0x0000000080012053 mem 0x0000000080031f50
core   0: 0x000000008000ff02 (0xfcf76de3) bltu    a4, a5, pc - 38
core   0: 3 0x000000008000ff02 (0xfcf76de3)
core   0: 0x000000008000fedc (0xfe043783) ld      a5, -32(s0)
core   0: 3 0x000000008000fedc (0xfe043783) x15 0x0000000080012053 mem 0x0000000080031f50
core   0: 0x000000008000fee0 (0x00178713) addi    a4, a5, 1
core   0: 3 0x000000008000fee0 (0x00178713) x14 0x0000000080012054
core   0: 0x000000008000fee4 (0xfee43023) sd      a4, -32(s0)
core   0: 3 0x000000008000fee4 (0xfee43023) mem 0x0000000080031f50 0x0000000080012054
core   0: 0x000000008000fee8 (0xfc442703) lw      a4, -60(s0)
core   0: 3 0x000000008000fee8 (0xfc442703) x14 0x0000000000000000 mem 0x0000000080031f34
core   0: 0x000000008000feec (0x0ff77713) andi    a4, a4, 255
core   0: 3 0x000000008000feec (0x0ff77713) x14 0x0000000000000000
core   0: 0x000000008000fef0 (0x00e78023) sb      a4, 0(a5)
core   0: 3 0x000000008000fef0 (0x00e78023) mem 0x0000000080012053 0x00
core   0: 0x000000008000fef4 (0xfc843703) ld      a4, -56(s0)
core   0: 3 0x000000008000fef4 (0xfc843703) x14 0x0000000080012040 mem 0x0000000080031f38
core   0: 0x000000008000fef8 (0xfb843783) ld      a5, -72(s0)
core   0: 3 0x000000008000fef8 (0xfb843783) x15 0x000000000000009c mem 0x0000000080031f28
core   0: 0x000000008000fefc (0x000097ba) c.add   a5, a4
core   0: 3 0x000000008000fefc (0x97ba) x15 0x00000000800120dc
core   0: 0x000000008000fefe (0xfe043703) ld      a4, -32(s0)
core   0: 3 0x000000008000fefe (0xfe043703) x14 0x0000000080012054 mem 0x0000000080031f50
core   0: 0x000000008000ff02 (0xfcf76de3) bltu    a4, a5, pc - 38
core   0: 3 0x000000008000ff02 (0xfcf76de3)
core   0: 0x000000008000fedc (0xfe043783) ld      a5, -32(s0)
core   0: 3 0x000000008000fedc (0xfe043783) x15 0x0000000080012054 mem 0x0000000080031f50
core   0: 0x000000008000fee0 (0x00178713) addi    a4, a5, 1
core   0: 3 0x000000008000fee0 (0x00178713) x14 0x0000000080012055
core   0: 0x000000008000fee4 (0xfee43023) sd      a4, -32(s0)
core   0: 3 0x000000008000fee4 (0xfee43023) mem 0x0000000080031f50 0x0000000080012055
core   0: 0x000000008000fee8 (0xfc442703) lw      a4, -60(s0)
core   0: 3 0x000000008000fee8 (0xfc442703) x14 0x0000000000000000 mem 0x0000000080031f34
core   0: 0x000000008000feec (0x0ff77713) andi    a4, a4, 255
core   0: 3 0x000000008000feec (0x0ff77713) x14 0x0000000000000000
core   0: 0x000000008000fef0 (0x00e78023) sb      a4, 0(a5)
core   0: 3 0x000000008000fef0 (0x00e78023) mem 0x0000000080012054 0x00
core   0: 0x000000008000fef4 (0xfc843703) ld      a4, -56(s0)
core   0: 3 0x000000008000fef4 (0xfc843703) x14 0x0000000080012040 mem 0x0000000080031f38
core   0: 0x000000008000fef8 (0xfb843783) ld      a5, -72(s0)
core   0: 3 0x000000008000fef8 (0xfb843783) x15 0x000000000000009c mem 0x0000000080031f28
core   0: 0x000000008000fefc (0x000097ba) c.add   a5, a4
core   0: 3 0x000000008000fefc (0x97ba) x15 0x00000000800120dc
core   0: 0x000000008000fefe (0xfe043703) ld      a4, -32(s0)
core   0: 3 0x000000008000fefe (0xfe043703) x14 0x0000000080012055 mem 0x0000000080031f50
core   0: 0x000000008000ff02 (0xfcf76de3) bltu    a4, a5, pc - 38
core   0: 3 0x000000008000ff02 (0xfcf76de3)
core   0: 0x000000008000fedc (0xfe043783) ld      a5, -32(s0)
core   0: 3 0x000000008000fedc (0xfe043783) x15 0x0000000080012055 mem 0x0000000080031f50
core   0: 0x000000008000fee0 (0x00178713) addi    a4, a5, 1
core   0: 3 0x000000008000fee0 (0x00178713) x14 0x0000000080012056
core   0: 0x000000008000fee4 (0xfee43023) sd      a4, -32(s0)
core   0: 3 0x000000008000fee4 (0xfee43023) mem 0x0000000080031f50 0x0000000080012056
core   0: 0x000000008000fee8 (0xfc442703) lw      a4, -60(s0)
core   0: 3 0x000000008000fee8 (0xfc442703) x14 0x0000000000000000 mem 0x0000000080031f34
core   0: 0x000000008000feec (0x0ff77713) andi    a4, a4, 255
core   0: 3 0x000000008000feec (0x0ff77713) x14 0x0000000000000000
core   0: 0x000000008000fef0 (0x00e78023) sb      a4, 0(a5)
core   0: 3 0x000000008000fef0 (0x00e78023) mem 0x0000000080012055 0x00
core   0: 0x000000008000fef4 (0xfc843703) ld      a4, -56(s0)
core   0: 3 0x000000008000fef4 (0xfc843703) x14 0x0000000080012040 mem 0x0000000080031f38
core   0: 0x000000008000fef8 (0xfb843783) ld      a5, -72(s0)
core   0: 3 0x000000008000fef8 (0xfb843783) x15 0x000000000000009c mem 0x0000000080031f28
core   0: 0x000000008000fefc (0x000097ba) c.add   a5, a4
core   0: 3 0x000000008000fefc (0x97ba) x15 0x00000000800120dc
core   0: 0x000000008000fefe (0xfe043703) ld      a4, -32(s0)
core   0: 3 0x000000008000fefe (0xfe043703) x14 0x0000000080012056 mem 0x0000000080031f50
core   0: 0x000000008000ff02 (0xfcf76de3) bltu    a4, a5, pc - 38
core   0: 3 0x000000008000ff02 (0xfcf76de3)
core   0: 0x000000008000fedc (0xfe043783) ld      a5, -32(s0)
core   0: 3 0x000000008000fedc (0xfe043783) x15 0x0000000080012056 mem 0x0000000080031f50
core   0: 0x000000008000fee0 (0x00178713) addi    a4, a5, 1
core   0: 3 0x000000008000fee0 (0x00178713) x14 0x0000000080012057
core   0: 0x000000008000fee4 (0xfee43023) sd      a4, -32(s0)
core   0: 3 0x000000008000fee4 (0xfee43023) mem 0x0000000080031f50 0x0000000080012057
core   0: 0x000000008000fee8 (0xfc442703) lw      a4, -60(s0)
core   0: 3 0x000000008000fee8 (0xfc442703) x14 0x0000000000000000 mem 0x0000000080031f34
core   0: 0x000000008000feec (0x0ff77713) andi    a4, a4, 255
core   0: 3 0x000000008000feec (0x0ff77713) x14 0x0000000000000000
core   0: 0x000000008000fef0 (0x00e78023) sb      a4, 0(a5)
core   0: 3 0x000000008000fef0 (0x00e78023) mem 0x0000000080012056 0x00
core   0: 0x000000008000fef4 (0xfc843703) ld      a4, -56(s0)
core   0: 3 0x000000008000fef4 (0xfc843703) x14 0x0000000080012040 mem 0x0000000080031f38
core   0: 0x000000008000fef8 (0xfb843783) ld      a5, -72(s0)
core   0: 3 0x000000008000fef8 (0xfb843783) x15 0x000000000000009c mem 0x0000000080031f28
core   0: 0x000000008000fefc (0x000097ba) c.add   a5, a4
core   0: 3 0x000000008000fefc (0x97ba) x15 0x00000000800120dc
core   0: 0x000000008000fefe (0xfe043703) ld      a4, -32(s0)
core   0: 3 0x000000008000fefe (0xfe043703) x14 0x0000000080012057 mem 0x0000000080031f50
core   0: 0x000000008000ff02 (0xfcf76de3) bltu    a4, a5, pc - 38
core   0: 3 0x000000008000ff02 (0xfcf76de3)
core   0: 0x000000008000fedc (0xfe043783) ld      a5, -32(s0)
core   0: 3 0x000000008000fedc (0xfe043783) x15 0x0000000080012057 mem 0x0000000080031f50
core   0: 0x000000008000fee0 (0x00178713) addi    a4, a5, 1
core   0: 3 0x000000008000fee0 (0x00178713) x14 0x0000000080012058
core   0: 0x000000008000fee4 (0xfee43023) sd      a4, -32(s0)
core   0: 3 0x000000008000fee4 (0xfee43023) mem 0x0000000080031f50 0x0000000080012058
core   0: 0x000000008000fee8 (0xfc442703) lw      a4, -60(s0)
core   0: 3 0x000000008000fee8 (0xfc442703) x14 0x0000000000000000 mem 0x0000000080031f34
core   0: 0x000000008000feec (0x0ff77713) andi    a4, a4, 255
core   0: 3 0x000000008000feec (0x0ff77713) x14 0x0000000000000000
core   0: 0x000000008000fef0 (0x00e78023) sb      a4, 0(a5)
core   0: 3 0x000000008000fef0 (0x00e78023) mem 0x0000000080012057 0x00
core   0: 0x000000008000fef4 (0xfc843703) ld      a4, -56(s0)
core   0: 3 0x000000008000fef4 (0xfc843703) x14 0x0000000080012040 mem 0x0000000080031f38
core   0: 0x000000008000fef8 (0xfb843783) ld      a5, -72(s0)
core   0: 3 0x000000008000fef8 (0xfb843783) x15 0x000000000000009c mem 0x0000000080031f28
core   0: 0x000000008000fefc (0x000097ba) c.add   a5, a4
core   0: 3 0x000000008000fefc (0x97ba) x15 0x00000000800120dc
core   0: 0x000000008000fefe (0xfe043703) ld      a4, -32(s0)
core   0: 3 0x000000008000fefe (0xfe043703) x14 0x0000000080012058 mem 0x0000000080031f50
core   0: 0x000000008000ff02 (0xfcf76de3) bltu    a4, a5, pc - 38
core   0: 3 0x000000008000ff02 (0xfcf76de3)
core   0: 0x000000008000fedc (0xfe043783) ld      a5, -32(s0)
core   0: 3 0x000000008000fedc (0xfe043783) x15 0x0000000080012058 mem 0x0000000080031f50
core   0: 0x000000008000fee0 (0x00178713) addi    a4, a5, 1
core   0: 3 0x000000008000fee0 (0x00178713) x14 0x0000000080012059
core   0: 0x000000008000fee4 (0xfee43023) sd      a4, -32(s0)
core   0: 3 0x000000008000fee4 (0xfee43023) mem 0x0000000080031f50 0x0000000080012059
core   0: 0x000000008000fee8 (0xfc442703) lw      a4, -60(s0)
core   0: 3 0x000000008000fee8 (0xfc442703) x14 0x0000000000000000 mem 0x0000000080031f34
core   0: 0x000000008000feec (0x0ff77713) andi    a4, a4, 255
core   0: 3 0x000000008000feec (0x0ff77713) x14 0x0000000000000000
core   0: 0x000000008000fef0 (0x00e78023) sb      a4, 0(a5)
core   0: 3 0x000000008000fef0 (0x00e78023) mem 0x0000000080012058 0x00
core   0: 0x000000008000fef4 (0xfc843703) ld      a4, -56(s0)
core   0: 3 0x000000008000fef4 (0xfc843703) x14 0x0000000080012040 mem 0x0000000080031f38
core   0: 0x000000008000fef8 (0xfb843783) ld      a5, -72(s0)
core   0: 3 0x000000008000fef8 (0xfb843783) x15 0x000000000000009c mem 0x0000000080031f28
core   0: 0x000000008000fefc (0x000097ba) c.add   a5, a4
core   0: 3 0x000000008000fefc (0x97ba) x15 0x00000000800120dc
core   0: 0x000000008000fefe (0xfe043703) ld      a4, -32(s0)
core   0: 3 0x000000008000fefe (0xfe043703) x14 0x0000000080012059 mem 0x0000000080031f50
core   0: 0x000000008000ff02 (0xfcf76de3) bltu    a4, a5, pc - 38
core   0: 3 0x000000008000ff02 (0xfcf76de3)
core   0: 0x000000008000fedc (0xfe043783) ld      a5, -32(s0)
core   0: 3 0x000000008000fedc (0xfe043783) x15 0x0000000080012059 mem 0x0000000080031f50
core   0: 0x000000008000fee0 (0x00178713) addi    a4, a5, 1
core   0: 3 0x000000008000fee0 (0x00178713) x14 0x000000008001205a
core   0: 0x000000008000fee4 (0xfee43023) sd      a4, -32(s0)
core   0: 3 0x000000008000fee4 (0xfee43023) mem 0x0000000080031f50 0x000000008001205a
core   0: 0x000000008000fee8 (0xfc442703) lw      a4, -60(s0)
core   0: 3 0x000000008000fee8 (0xfc442703) x14 0x0000000000000000 mem 0x0000000080031f34
core   0: 0x000000008000feec (0x0ff77713) andi    a4, a4, 255
core   0: 3 0x000000008000feec (0x0ff77713) x14 0x0000000000000000
core   0: 0x000000008000fef0 (0x00e78023) sb      a4, 0(a5)
core   0: 3 0x000000008000fef0 (0x00e78023) mem 0x0000000080012059 0x00
core   0: 0x000000008000fef4 (0xfc843703) ld      a4, -56(s0)
core   0: 3 0x000000008000fef4 (0xfc843703) x14 0x0000000080012040 mem 0x0000000080031f38
core   0: 0x000000008000fef8 (0xfb843783) ld      a5, -72(s0)
core   0: 3 0x000000008000fef8 (0xfb843783) x15 0x000000000000009c mem 0x0000000080031f28
core   0: 0x000000008000fefc (0x000097ba) c.add   a5, a4
core   0: 3 0x000000008000fefc (0x97ba) x15 0x00000000800120dc
core   0: 0x000000008000fefe (0xfe043703) ld      a4, -32(s0)
core   0: 3 0x000000008000fefe (0xfe043703) x14 0x000000008001205a mem 0x0000000080031f50
core   0: 0x000000008000ff02 (0xfcf76de3) bltu    a4, a5, pc - 38
core   0: 3 0x000000008000ff02 (0xfcf76de3)
core   0: 0x000000008000fedc (0xfe043783) ld      a5, -32(s0)
core   0: 3 0x000000008000fedc (0xfe043783) x15 0x000000008001205a mem 0x0000000080031f50
core   0: 0x000000008000fee0 (0x00178713) addi    a4, a5, 1
core   0: 3 0x000000008000fee0 (0x00178713) x14 0x000000008001205b
core   0: 0x000000008000fee4 (0xfee43023) sd      a4, -32(s0)
core   0: 3 0x000000008000fee4 (0xfee43023) mem 0x0000000080031f50 0x000000008001205b
core   0: 0x000000008000fee8 (0xfc442703) lw      a4, -60(s0)
core   0: 3 0x000000008000fee8 (0xfc442703) x14 0x0000000000000000 mem 0x0000000080031f34
core   0: 0x000000008000feec (0x0ff77713) andi    a4, a4, 255
core   0: 3 0x000000008000feec (0x0ff77713) x14 0x0000000000000000
core   0: 0x000000008000fef0 (0x00e78023) sb      a4, 0(a5)
core   0: 3 0x000000008000fef0 (0x00e78023) mem 0x000000008001205a 0x00
core   0: 0x000000008000fef4 (0xfc843703) ld      a4, -56(s0)
core   0: 3 0x000000008000fef4 (0xfc843703) x14 0x0000000080012040 mem 0x0000000080031f38
core   0: 0x000000008000fef8 (0xfb843783) ld      a5, -72(s0)
core   0: 3 0x000000008000fef8 (0xfb843783) x15 0x000000000000009c mem 0x0000000080031f28
core   0: 0x000000008000fefc (0x000097ba) c.add   a5, a4
core   0: 3 0x000000008000fefc (0x97ba) x15 0x00000000800120dc
core   0: 0x000000008000fefe (0xfe043703) ld      a4, -32(s0)
core   0: 3 0x000000008000fefe (0xfe043703) x14 0x000000008001205b mem 0x0000000080031f50
core   0: 0x000000008000ff02 (0xfcf76de3) bltu    a4, a5, pc - 38
core   0: 3 0x000000008000ff02 (0xfcf76de3)
core   0: 0x000000008000fedc (0xfe043783) ld      a5, -32(s0)
core   0: 3 0x000000008000fedc (0xfe043783) x15 0x000000008001205b mem 0x0000000080031f50
core   0: 0x000000008000fee0 (0x00178713) addi    a4, a5, 1
core   0: 3 0x000000008000fee0 (0x00178713) x14 0x000000008001205c
core   0: 0x000000008000fee4 (0xfee43023) sd      a4, -32(s0)
core   0: 3 0x000000008000fee4 (0xfee43023) mem 0x0000000080031f50 0x000000008001205c
core   0: 0x000000008000fee8 (0xfc442703) lw      a4, -60(s0)
core   0: 3 0x000000008000fee8 (0xfc442703) x14 0x0000000000000000 mem 0x0000000080031f34
core   0: 0x000000008000feec (0x0ff77713) andi    a4, a4, 255
core   0: 3 0x000000008000feec (0x0ff77713) x14 0x0000000000000000
core   0: 0x000000008000fef0 (0x00e78023) sb      a4, 0(a5)
core   0: 3 0x000000008000fef0 (0x00e78023) mem 0x000000008001205b 0x00
core   0: 0x000000008000fef4 (0xfc843703) ld      a4, -56(s0)
core   0: 3 0x000000008000fef4 (0xfc843703) x14 0x0000000080012040 mem 0x0000000080031f38
core   0: 0x000000008000fef8 (0xfb843783) ld      a5, -72(s0)
core   0: 3 0x000000008000fef8 (0xfb843783) x15 0x000000000000009c mem 0x0000000080031f28
core   0: 0x000000008000fefc (0x000097ba) c.add   a5, a4
core   0: 3 0x000000008000fefc (0x97ba) x15 0x00000000800120dc
core   0: 0x000000008000fefe (0xfe043703) ld      a4, -32(s0)
core   0: 3 0x000000008000fefe (0xfe043703) x14 0x000000008001205c mem 0x0000000080031f50
core   0: 0x000000008000ff02 (0xfcf76de3) bltu    a4, a5, pc - 38
core   0: 3 0x000000008000ff02 (0xfcf76de3)
core   0: 0x000000008000fedc (0xfe043783) ld      a5, -32(s0)
core   0: 3 0x000000008000fedc (0xfe043783) x15 0x000000008001205c mem 0x0000000080031f50
core   0: 0x000000008000fee0 (0x00178713) addi    a4, a5, 1
core   0: 3 0x000000008000fee0 (0x00178713) x14 0x000000008001205d
core   0: 0x000000008000fee4 (0xfee43023) sd      a4, -32(s0)
core   0: 3 0x000000008000fee4 (0xfee43023) mem 0x0000000080031f50 0x000000008001205d
core   0: 0x000000008000fee8 (0xfc442703) lw      a4, -60(s0)
core   0: 3 0x000000008000fee8 (0xfc442703) x14 0x0000000000000000 mem 0x0000000080031f34
core   0: 0x000000008000feec (0x0ff77713) andi    a4, a4, 255
core   0: 3 0x000000008000feec (0x0ff77713) x14 0x0000000000000000
core   0: 0x000000008000fef0 (0x00e78023) sb      a4, 0(a5)
core   0: 3 0x000000008000fef0 (0x00e78023) mem 0x000000008001205c 0x00
core   0: 0x000000008000fef4 (0xfc843703) ld      a4, -56(s0)
core   0: 3 0x000000008000fef4 (0xfc843703) x14 0x0000000080012040 mem 0x0000000080031f38
core   0: 0x000000008000fef8 (0xfb843783) ld      a5, -72(s0)
core   0: 3 0x000000008000fef8 (0xfb843783) x15 0x000000000000009c mem 0x0000000080031f28
core   0: 0x000000008000fefc (0x000097ba) c.add   a5, a4
core   0: 3 0x000000008000fefc (0x97ba) x15 0x00000000800120dc
core   0: 0x000000008000fefe (0xfe043703) ld      a4, -32(s0)
core   0: 3 0x000000008000fefe (0xfe043703) x14 0x000000008001205d mem 0x0000000080031f50
core   0: 0x000000008000ff02 (0xfcf76de3) bltu    a4, a5, pc - 38
core   0: 3 0x000000008000ff02 (0xfcf76de3)
core   0: 0x000000008000fedc (0xfe043783) ld      a5, -32(s0)
core   0: 3 0x000000008000fedc (0xfe043783) x15 0x000000008001205d mem 0x0000000080031f50
core   0: 0x000000008000fee0 (0x00178713) addi    a4, a5, 1
core   0: 3 0x000000008000fee0 (0x00178713) x14 0x000000008001205e
core   0: 0x000000008000fee4 (0xfee43023) sd      a4, -32(s0)
core   0: 3 0x000000008000fee4 (0xfee43023) mem 0x0000000080031f50 0x000000008001205e
core   0: 0x000000008000fee8 (0xfc442703) lw      a4, -60(s0)
core   0: 3 0x000000008000fee8 (0xfc442703) x14 0x0000000000000000 mem 0x0000000080031f34
core   0: 0x000000008000feec (0x0ff77713) andi    a4, a4, 255
core   0: 3 0x000000008000feec (0x0ff77713) x14 0x0000000000000000
core   0: 0x000000008000fef0 (0x00e78023) sb      a4, 0(a5)
core   0: 3 0x000000008000fef0 (0x00e78023) mem 0x000000008001205d 0x00
core   0: 0x000000008000fef4 (0xfc843703) ld      a4, -56(s0)
core   0: 3 0x000000008000fef4 (0xfc843703) x14 0x0000000080012040 mem 0x0000000080031f38
core   0: 0x000000008000fef8 (0xfb843783) ld      a5, -72(s0)
core   0: 3 0x000000008000fef8 (0xfb843783) x15 0x000000000000009c mem 0x0000000080031f28
core   0: 0x000000008000fefc (0x000097ba) c.add   a5, a4
core   0: 3 0x000000008000fefc (0x97ba) x15 0x00000000800120dc
core   0: 0x000000008000fefe (0xfe043703) ld      a4, -32(s0)
core   0: 3 0x000000008000fefe (0xfe043703) x14 0x000000008001205e mem 0x0000000080031f50
core   0: 0x000000008000ff02 (0xfcf76de3) bltu    a4, a5, pc - 38
core   0: 3 0x000000008000ff02 (0xfcf76de3)
core   0: 0x000000008000fedc (0xfe043783) ld      a5, -32(s0)
core   0: 3 0x000000008000fedc (0xfe043783) x15 0x000000008001205e mem 0x0000000080031f50
core   0: 0x000000008000fee0 (0x00178713) addi    a4, a5, 1
core   0: 3 0x000000008000fee0 (0x00178713) x14 0x000000008001205f
core   0: 0x000000008000fee4 (0xfee43023) sd      a4, -32(s0)
core   0: 3 0x000000008000fee4 (0xfee43023) mem 0x0000000080031f50 0x000000008001205f
core   0: 0x000000008000fee8 (0xfc442703) lw      a4, -60(s0)
core   0: 3 0x000000008000fee8 (0xfc442703) x14 0x0000000000000000 mem 0x0000000080031f34
core   0: 0x000000008000feec (0x0ff77713) andi    a4, a4, 255
core   0: 3 0x000000008000feec (0x0ff77713) x14 0x0000000000000000
core   0: 0x000000008000fef0 (0x00e78023) sb      a4, 0(a5)
core   0: 3 0x000000008000fef0 (0x00e78023) mem 0x000000008001205e 0x00
core   0: 0x000000008000fef4 (0xfc843703) ld      a4, -56(s0)
core   0: 3 0x000000008000fef4 (0xfc843703) x14 0x0000000080012040 mem 0x0000000080031f38
core   0: 0x000000008000fef8 (0xfb843783) ld      a5, -72(s0)
core   0: 3 0x000000008000fef8 (0xfb843783) x15 0x000000000000009c mem 0x0000000080031f28
core   0: 0x000000008000fefc (0x000097ba) c.add   a5, a4
core   0: 3 0x000000008000fefc (0x97ba) x15 0x00000000800120dc
core   0: 0x000000008000fefe (0xfe043703) ld      a4, -32(s0)
core   0: 3 0x000000008000fefe (0xfe043703) x14 0x000000008001205f mem 0x0000000080031f50
core   0: 0x000000008000ff02 (0xfcf76de3) bltu    a4, a5, pc - 38
core   0: 3 0x000000008000ff02 (0xfcf76de3)
core   0: 0x000000008000fedc (0xfe043783) ld      a5, -32(s0)
core   0: 3 0x000000008000fedc (0xfe043783) x15 0x000000008001205f mem 0x0000000080031f50
core   0: 0x000000008000fee0 (0x00178713) addi    a4, a5, 1
core   0: 3 0x000000008000fee0 (0x00178713) x14 0x0000000080012060
core   0: 0x000000008000fee4 (0xfee43023) sd      a4, -32(s0)
core   0: 3 0x000000008000fee4 (0xfee43023) mem 0x0000000080031f50 0x0000000080012060
core   0: 0x000000008000fee8 (0xfc442703) lw      a4, -60(s0)
core   0: 3 0x000000008000fee8 (0xfc442703) x14 0x0000000000000000 mem 0x0000000080031f34
core   0: 0x000000008000feec (0x0ff77713) andi    a4, a4, 255
core   0: 3 0x000000008000feec (0x0ff77713) x14 0x0000000000000000
core   0: 0x000000008000fef0 (0x00e78023) sb      a4, 0(a5)
core   0: 3 0x000000008000fef0 (0x00e78023) mem 0x000000008001205f 0x00
core   0: 0x000000008000fef4 (0xfc843703) ld      a4, -56(s0)
core   0: 3 0x000000008000fef4 (0xfc843703) x14 0x0000000080012040 mem 0x0000000080031f38
core   0: 0x000000008000fef8 (0xfb843783) ld      a5, -72(s0)
core   0: 3 0x000000008000fef8 (0xfb843783) x15 0x000000000000009c mem 0x0000000080031f28
core   0: 0x000000008000fefc (0x000097ba) c.add   a5, a4
core   0: 3 0x000000008000fefc (0x97ba) x15 0x00000000800120dc
core   0: 0x000000008000fefe (0xfe043703) ld      a4, -32(s0)
core   0: 3 0x000000008000fefe (0xfe043703) x14 0x0000000080012060 mem 0x0000000080031f50
core   0: 0x000000008000ff02 (0xfcf76de3) bltu    a4, a5, pc - 38
core   0: 3 0x000000008000ff02 (0xfcf76de3)
core   0: 0x000000008000fedc (0xfe043783) ld      a5, -32(s0)
core   0: 3 0x000000008000fedc (0xfe043783) x15 0x0000000080012060 mem 0x0000000080031f50
core   0: 0x000000008000fee0 (0x00178713) addi    a4, a5, 1
core   0: 3 0x000000008000fee0 (0x00178713) x14 0x0000000080012061
core   0: 0x000000008000fee4 (0xfee43023) sd      a4, -32(s0)
core   0: 3 0x000000008000fee4 (0xfee43023) mem 0x0000000080031f50 0x0000000080012061
core   0: 0x000000008000fee8 (0xfc442703) lw      a4, -60(s0)
core   0: 3 0x000000008000fee8 (0xfc442703) x14 0x0000000000000000 mem 0x0000000080031f34
core   0: 0x000000008000feec (0x0ff77713) andi    a4, a4, 255
core   0: 3 0x000000008000feec (0x0ff77713) x14 0x0000000000000000
core   0: 0x000000008000fef0 (0x00e78023) sb      a4, 0(a5)
core   0: 3 0x000000008000fef0 (0x00e78023) mem 0x0000000080012060 0x00
core   0: 0x000000008000fef4 (0xfc843703) ld      a4, -56(s0)
core   0: 3 0x000000008000fef4 (0xfc843703) x14 0x0000000080012040 mem 0x0000000080031f38
core   0: 0x000000008000fef8 (0xfb843783) ld      a5, -72(s0)
core   0: 3 0x000000008000fef8 (0xfb843783) x15 0x000000000000009c mem 0x0000000080031f28
core   0: 0x000000008000fefc (0x000097ba) c.add   a5, a4
core   0: 3 0x000000008000fefc (0x97ba) x15 0x00000000800120dc
core   0: 0x000000008000fefe (0xfe043703) ld      a4, -32(s0)
core   0: 3 0x000000008000fefe (0xfe043703) x14 0x0000000080012061 mem 0x0000000080031f50
core   0: 0x000000008000ff02 (0xfcf76de3) bltu    a4, a5, pc - 38
core   0: 3 0x000000008000ff02 (0xfcf76de3)
core   0: 0x000000008000fedc (0xfe043783) ld      a5, -32(s0)
core   0: 3 0x000000008000fedc (0xfe043783) x15 0x0000000080012061 mem 0x0000000080031f50
core   0: 0x000000008000fee0 (0x00178713) addi    a4, a5, 1
core   0: 3 0x000000008000fee0 (0x00178713) x14 0x0000000080012062
core   0: 0x000000008000fee4 (0xfee43023) sd      a4, -32(s0)
core   0: 3 0x000000008000fee4 (0xfee43023) mem 0x0000000080031f50 0x0000000080012062
core   0: 0x000000008000fee8 (0xfc442703) lw      a4, -60(s0)
core   0: 3 0x000000008000fee8 (0xfc442703) x14 0x0000000000000000 mem 0x0000000080031f34
core   0: 0x000000008000feec (0x0ff77713) andi    a4, a4, 255
core   0: 3 0x000000008000feec (0x0ff77713) x14 0x0000000000000000
core   0: 0x000000008000fef0 (0x00e78023) sb      a4, 0(a5)
core   0: 3 0x000000008000fef0 (0x00e78023) mem 0x0000000080012061 0x00
core   0: 0x000000008000fef4 (0xfc843703) ld      a4, -56(s0)
core   0: 3 0x000000008000fef4 (0xfc843703) x14 0x0000000080012040 mem 0x0000000080031f38
core   0: 0x000000008000fef8 (0xfb843783) ld      a5, -72(s0)
core   0: 3 0x000000008000fef8 (0xfb843783) x15 0x000000000000009c mem 0x0000000080031f28
core   0: 0x000000008000fefc (0x000097ba) c.add   a5, a4
core   0: 3 0x000000008000fefc (0x97ba) x15 0x00000000800120dc
core   0: 0x000000008000fefe (0xfe043703) ld      a4, -32(s0)
core   0: 3 0x000000008000fefe (0xfe043703) x14 0x0000000080012062 mem 0x0000000080031f50
core   0: 0x000000008000ff02 (0xfcf76de3) bltu    a4, a5, pc - 38
core   0: 3 0x000000008000ff02 (0xfcf76de3)
core   0: 0x000000008000fedc (0xfe043783) ld      a5, -32(s0)
core   0: 3 0x000000008000fedc (0xfe043783) x15 0x0000000080012062 mem 0x0000000080031f50
core   0: 0x000000008000fee0 (0x00178713) addi    a4, a5, 1
core   0: 3 0x000000008000fee0 (0x00178713) x14 0x0000000080012063
core   0: 0x000000008000fee4 (0xfee43023) sd      a4, -32(s0)
core   0: 3 0x000000008000fee4 (0xfee43023) mem 0x0000000080031f50 0x0000000080012063
core   0: 0x000000008000fee8 (0xfc442703) lw      a4, -60(s0)
core   0: 3 0x000000008000fee8 (0xfc442703) x14 0x0000000000000000 mem 0x0000000080031f34
core   0: 0x000000008000feec (0x0ff77713) andi    a4, a4, 255
core   0: 3 0x000000008000feec (0x0ff77713) x14 0x0000000000000000
core   0: 0x000000008000fef0 (0x00e78023) sb      a4, 0(a5)
core   0: 3 0x000000008000fef0 (0x00e78023) mem 0x0000000080012062 0x00
core   0: 0x000000008000fef4 (0xfc843703) ld      a4, -56(s0)
core   0: 3 0x000000008000fef4 (0xfc843703) x14 0x0000000080012040 mem 0x0000000080031f38
core   0: 0x000000008000fef8 (0xfb843783) ld      a5, -72(s0)
core   0: 3 0x000000008000fef8 (0xfb843783) x15 0x000000000000009c mem 0x0000000080031f28
core   0: 0x000000008000fefc (0x000097ba) c.add   a5, a4
core   0: 3 0x000000008000fefc (0x97ba) x15 0x00000000800120dc
core   0: 0x000000008000fefe (0xfe043703) ld      a4, -32(s0)
core   0: 3 0x000000008000fefe (0xfe043703) x14 0x0000000080012063 mem 0x0000000080031f50
core   0: 0x000000008000ff02 (0xfcf76de3) bltu    a4, a5, pc - 38
core   0: 3 0x000000008000ff02 (0xfcf76de3)
core   0: 0x000000008000fedc (0xfe043783) ld      a5, -32(s0)
core   0: 3 0x000000008000fedc (0xfe043783) x15 0x0000000080012063 mem 0x0000000080031f50
core   0: 0x000000008000fee0 (0x00178713) addi    a4, a5, 1
core   0: 3 0x000000008000fee0 (0x00178713) x14 0x0000000080012064
core   0: 0x000000008000fee4 (0xfee43023) sd      a4, -32(s0)
core   0: 3 0x000000008000fee4 (0xfee43023) mem 0x0000000080031f50 0x0000000080012064
core   0: 0x000000008000fee8 (0xfc442703) lw      a4, -60(s0)
core   0: 3 0x000000008000fee8 (0xfc442703) x14 0x0000000000000000 mem 0x0000000080031f34
core   0: 0x000000008000feec (0x0ff77713) andi    a4, a4, 255
core   0: 3 0x000000008000feec (0x0ff77713) x14 0x0000000000000000
core   0: 0x000000008000fef0 (0x00e78023) sb      a4, 0(a5)
core   0: 3 0x000000008000fef0 (0x00e78023) mem 0x0000000080012063 0x00
core   0: 0x000000008000fef4 (0xfc843703) ld      a4, -56(s0)
core   0: 3 0x000000008000fef4 (0xfc843703) x14 0x0000000080012040 mem 0x0000000080031f38
core   0: 0x000000008000fef8 (0xfb843783) ld      a5, -72(s0)
core   0: 3 0x000000008000fef8 (0xfb843783) x15 0x000000000000009c mem 0x0000000080031f28
core   0: 0x000000008000fefc (0x000097ba) c.add   a5, a4
core   0: 3 0x000000008000fefc (0x97ba) x15 0x00000000800120dc
core   0: 0x000000008000fefe (0xfe043703) ld      a4, -32(s0)
core   0: 3 0x000000008000fefe (0xfe043703) x14 0x0000000080012064 mem 0x0000000080031f50
core   0: 0x000000008000ff02 (0xfcf76de3) bltu    a4, a5, pc - 38
core   0: 3 0x000000008000ff02 (0xfcf76de3)
core   0: 0x000000008000fedc (0xfe043783) ld      a5, -32(s0)
core   0: 3 0x000000008000fedc (0xfe043783) x15 0x0000000080012064 mem 0x0000000080031f50
core   0: 0x000000008000fee0 (0x00178713) addi    a4, a5, 1
core   0: 3 0x000000008000fee0 (0x00178713) x14 0x0000000080012065
core   0: 0x000000008000fee4 (0xfee43023) sd      a4, -32(s0)
core   0: 3 0x000000008000fee4 (0xfee43023) mem 0x0000000080031f50 0x0000000080012065
core   0: 0x000000008000fee8 (0xfc442703) lw      a4, -60(s0)
core   0: 3 0x000000008000fee8 (0xfc442703) x14 0x0000000000000000 mem 0x0000000080031f34
core   0: 0x000000008000feec (0x0ff77713) andi    a4, a4, 255
core   0: 3 0x000000008000feec (0x0ff77713) x14 0x0000000000000000
core   0: 0x000000008000fef0 (0x00e78023) sb      a4, 0(a5)
core   0: 3 0x000000008000fef0 (0x00e78023) mem 0x0000000080012064 0x00
core   0: 0x000000008000fef4 (0xfc843703) ld      a4, -56(s0)
core   0: 3 0x000000008000fef4 (0xfc843703) x14 0x0000000080012040 mem 0x0000000080031f38
core   0: 0x000000008000fef8 (0xfb843783) ld      a5, -72(s0)
core   0: 3 0x000000008000fef8 (0xfb843783) x15 0x000000000000009c mem 0x0000000080031f28
core   0: 0x000000008000fefc (0x000097ba) c.add   a5, a4
core   0: 3 0x000000008000fefc (0x97ba) x15 0x00000000800120dc
core   0: 0x000000008000fefe (0xfe043703) ld      a4, -32(s0)
core   0: 3 0x000000008000fefe (0xfe043703) x14 0x0000000080012065 mem 0x0000000080031f50
core   0: 0x000000008000ff02 (0xfcf76de3) bltu    a4, a5, pc - 38
core   0: 3 0x000000008000ff02 (0xfcf76de3)
core   0: 0x000000008000fedc (0xfe043783) ld      a5, -32(s0)
core   0: 3 0x000000008000fedc (0xfe043783) x15 0x0000000080012065 mem 0x0000000080031f50
core   0: 0x000000008000fee0 (0x00178713) addi    a4, a5, 1
core   0: 3 0x000000008000fee0 (0x00178713) x14 0x0000000080012066
core   0: 0x000000008000fee4 (0xfee43023) sd      a4, -32(s0)
core   0: 3 0x000000008000fee4 (0xfee43023) mem 0x0000000080031f50 0x0000000080012066
core   0: 0x000000008000fee8 (0xfc442703) lw      a4, -60(s0)
core   0: 3 0x000000008000fee8 (0xfc442703) x14 0x0000000000000000 mem 0x0000000080031f34
core   0: 0x000000008000feec (0x0ff77713) andi    a4, a4, 255
core   0: 3 0x000000008000feec (0x0ff77713) x14 0x0000000000000000
core   0: 0x000000008000fef0 (0x00e78023) sb      a4, 0(a5)
core   0: 3 0x000000008000fef0 (0x00e78023) mem 0x0000000080012065 0x00
core   0: 0x000000008000fef4 (0xfc843703) ld      a4, -56(s0)
core   0: 3 0x000000008000fef4 (0xfc843703) x14 0x0000000080012040 mem 0x0000000080031f38
core   0: 0x000000008000fef8 (0xfb843783) ld      a5, -72(s0)
core   0: 3 0x000000008000fef8 (0xfb843783) x15 0x000000000000009c mem 0x0000000080031f28
core   0: 0x000000008000fefc (0x000097ba) c.add   a5, a4
core   0: 3 0x000000008000fefc (0x97ba) x15 0x00000000800120dc
core   0: 0x000000008000fefe (0xfe043703) ld      a4, -32(s0)
core   0: 3 0x000000008000fefe (0xfe043703) x14 0x0000000080012066 mem 0x0000000080031f50
core   0: 0x000000008000ff02 (0xfcf76de3) bltu    a4, a5, pc - 38
core   0: 3 0x000000008000ff02 (0xfcf76de3)
core   0: 0x000000008000fedc (0xfe043783) ld      a5, -32(s0)
core   0: 3 0x000000008000fedc (0xfe043783) x15 0x0000000080012066 mem 0x0000000080031f50
core   0: 0x000000008000fee0 (0x00178713) addi    a4, a5, 1
core   0: 3 0x000000008000fee0 (0x00178713) x14 0x0000000080012067
core   0: 0x000000008000fee4 (0xfee43023) sd      a4, -32(s0)
core   0: 3 0x000000008000fee4 (0xfee43023) mem 0x0000000080031f50 0x0000000080012067
core   0: 0x000000008000fee8 (0xfc442703) lw      a4, -60(s0)
core   0: 3 0x000000008000fee8 (0xfc442703) x14 0x0000000000000000 mem 0x0000000080031f34
core   0: 0x000000008000feec (0x0ff77713) andi    a4, a4, 255
core   0: 3 0x000000008000feec (0x0ff77713) x14 0x0000000000000000
core   0: 0x000000008000fef0 (0x00e78023) sb      a4, 0(a5)
core   0: 3 0x000000008000fef0 (0x00e78023) mem 0x0000000080012066 0x00
core   0: 0x000000008000fef4 (0xfc843703) ld      a4, -56(s0)
core   0: 3 0x000000008000fef4 (0xfc843703) x14 0x0000000080012040 mem 0x0000000080031f38
core   0: 0x000000008000fef8 (0xfb843783) ld      a5, -72(s0)
core   0: 3 0x000000008000fef8 (0xfb843783) x15 0x000000000000009c mem 0x0000000080031f28
core   0: 0x000000008000fefc (0x000097ba) c.add   a5, a4
core   0: 3 0x000000008000fefc (0x97ba) x15 0x00000000800120dc
core   0: 0x000000008000fefe (0xfe043703) ld      a4, -32(s0)
core   0: 3 0x000000008000fefe (0xfe043703) x14 0x0000000080012067 mem 0x0000000080031f50
core   0: 0x000000008000ff02 (0xfcf76de3) bltu    a4, a5, pc - 38
core   0: 3 0x000000008000ff02 (0xfcf76de3)
core   0: 0x000000008000fedc (0xfe043783) ld      a5, -32(s0)
core   0: 3 0x000000008000fedc (0xfe043783) x15 0x0000000080012067 mem 0x0000000080031f50
core   0: 0x000000008000fee0 (0x00178713) addi    a4, a5, 1
core   0: 3 0x000000008000fee0 (0x00178713) x14 0x0000000080012068
core   0: 0x000000008000fee4 (0xfee43023) sd      a4, -32(s0)
core   0: 3 0x000000008000fee4 (0xfee43023) mem 0x0000000080031f50 0x0000000080012068
core   0: 0x000000008000fee8 (0xfc442703) lw      a4, -60(s0)
core   0: 3 0x000000008000fee8 (0xfc442703) x14 0x0000000000000000 mem 0x0000000080031f34
core   0: 0x000000008000feec (0x0ff77713) andi    a4, a4, 255
core   0: 3 0x000000008000feec (0x0ff77713) x14 0x0000000000000000
core   0: 0x000000008000fef0 (0x00e78023) sb      a4, 0(a5)
core   0: 3 0x000000008000fef0 (0x00e78023) mem 0x0000000080012067 0x00
core   0: 0x000000008000fef4 (0xfc843703) ld      a4, -56(s0)
core   0: 3 0x000000008000fef4 (0xfc843703) x14 0x0000000080012040 mem 0x0000000080031f38
core   0: 0x000000008000fef8 (0xfb843783) ld      a5, -72(s0)
core   0: 3 0x000000008000fef8 (0xfb843783) x15 0x000000000000009c mem 0x0000000080031f28
core   0: 0x000000008000fefc (0x000097ba) c.add   a5, a4
core   0: 3 0x000000008000fefc (0x97ba) x15 0x00000000800120dc
core   0: 0x000000008000fefe (0xfe043703) ld      a4, -32(s0)
core   0: 3 0x000000008000fefe (0xfe043703) x14 0x0000000080012068 mem 0x0000000080031f50
core   0: 0x000000008000ff02 (0xfcf76de3) bltu    a4, a5, pc - 38
core   0: 3 0x000000008000ff02 (0xfcf76de3)
core   0: 0x000000008000fedc (0xfe043783) ld      a5, -32(s0)
core   0: 3 0x000000008000fedc (0xfe043783) x15 0x0000000080012068 mem 0x0000000080031f50
core   0: 0x000000008000fee0 (0x00178713) addi    a4, a5, 1
core   0: 3 0x000000008000fee0 (0x00178713) x14 0x0000000080012069
core   0: 0x000000008000fee4 (0xfee43023) sd      a4, -32(s0)
core   0: 3 0x000000008000fee4 (0xfee43023) mem 0x0000000080031f50 0x0000000080012069
core   0: 0x000000008000fee8 (0xfc442703) lw      a4, -60(s0)
core   0: 3 0x000000008000fee8 (0xfc442703) x14 0x0000000000000000 mem 0x0000000080031f34
core   0: 0x000000008000feec (0x0ff77713) andi    a4, a4, 255
core   0: 3 0x000000008000feec (0x0ff77713) x14 0x0000000000000000
core   0: 0x000000008000fef0 (0x00e78023) sb      a4, 0(a5)
core   0: 3 0x000000008000fef0 (0x00e78023) mem 0x0000000080012068 0x00
core   0: 0x000000008000fef4 (0xfc843703) ld      a4, -56(s0)
core   0: 3 0x000000008000fef4 (0xfc843703) x14 0x0000000080012040 mem 0x0000000080031f38
core   0: 0x000000008000fef8 (0xfb843783) ld      a5, -72(s0)
core   0: 3 0x000000008000fef8 (0xfb843783) x15 0x000000000000009c mem 0x0000000080031f28
core   0: 0x000000008000fefc (0x000097ba) c.add   a5, a4
core   0: 3 0x000000008000fefc (0x97ba) x15 0x00000000800120dc
core   0: 0x000000008000fefe (0xfe043703) ld      a4, -32(s0)
core   0: 3 0x000000008000fefe (0xfe043703) x14 0x0000000080012069 mem 0x0000000080031f50
core   0: 0x000000008000ff02 (0xfcf76de3) bltu    a4, a5, pc - 38
core   0: 3 0x000000008000ff02 (0xfcf76de3)
core   0: 0x000000008000fedc (0xfe043783) ld      a5, -32(s0)
core   0: 3 0x000000008000fedc (0xfe043783) x15 0x0000000080012069 mem 0x0000000080031f50
core   0: 0x000000008000fee0 (0x00178713) addi    a4, a5, 1
core   0: 3 0x000000008000fee0 (0x00178713) x14 0x000000008001206a
core   0: 0x000000008000fee4 (0xfee43023) sd      a4, -32(s0)
core   0: 3 0x000000008000fee4 (0xfee43023) mem 0x0000000080031f50 0x000000008001206a
core   0: 0x000000008000fee8 (0xfc442703) lw      a4, -60(s0)
core   0: 3 0x000000008000fee8 (0xfc442703) x14 0x0000000000000000 mem 0x0000000080031f34
core   0: 0x000000008000feec (0x0ff77713) andi    a4, a4, 255
core   0: 3 0x000000008000feec (0x0ff77713) x14 0x0000000000000000
core   0: 0x000000008000fef0 (0x00e78023) sb      a4, 0(a5)
core   0: 3 0x000000008000fef0 (0x00e78023) mem 0x0000000080012069 0x00
core   0: 0x000000008000fef4 (0xfc843703) ld      a4, -56(s0)
core   0: 3 0x000000008000fef4 (0xfc843703) x14 0x0000000080012040 mem 0x0000000080031f38
core   0: 0x000000008000fef8 (0xfb843783) ld      a5, -72(s0)
core   0: 3 0x000000008000fef8 (0xfb843783) x15 0x000000000000009c mem 0x0000000080031f28
core   0: 0x000000008000fefc (0x000097ba) c.add   a5, a4
core   0: 3 0x000000008000fefc (0x97ba) x15 0x00000000800120dc
core   0: 0x000000008000fefe (0xfe043703) ld      a4, -32(s0)
core   0: 3 0x000000008000fefe (0xfe043703) x14 0x000000008001206a mem 0x0000000080031f50
core   0: 0x000000008000ff02 (0xfcf76de3) bltu    a4, a5, pc - 38
core   0: 3 0x000000008000ff02 (0xfcf76de3)
core   0: 0x000000008000fedc (0xfe043783) ld      a5, -32(s0)
core   0: 3 0x000000008000fedc (0xfe043783) x15 0x000000008001206a mem 0x0000000080031f50
core   0: 0x000000008000fee0 (0x00178713) addi    a4, a5, 1
core   0: 3 0x000000008000fee0 (0x00178713) x14 0x000000008001206b
core   0: 0x000000008000fee4 (0xfee43023) sd      a4, -32(s0)
core   0: 3 0x000000008000fee4 (0xfee43023) mem 0x0000000080031f50 0x000000008001206b
core   0: 0x000000008000fee8 (0xfc442703) lw      a4, -60(s0)
core   0: 3 0x000000008000fee8 (0xfc442703) x14 0x0000000000000000 mem 0x0000000080031f34
core   0: 0x000000008000feec (0x0ff77713) andi    a4, a4, 255
core   0: 3 0x000000008000feec (0x0ff77713) x14 0x0000000000000000
core   0: 0x000000008000fef0 (0x00e78023) sb      a4, 0(a5)
core   0: 3 0x000000008000fef0 (0x00e78023) mem 0x000000008001206a 0x00
core   0: 0x000000008000fef4 (0xfc843703) ld      a4, -56(s0)
core   0: 3 0x000000008000fef4 (0xfc843703) x14 0x0000000080012040 mem 0x0000000080031f38
core   0: 0x000000008000fef8 (0xfb843783) ld      a5, -72(s0)
core   0: 3 0x000000008000fef8 (0xfb843783) x15 0x000000000000009c mem 0x0000000080031f28
core   0: 0x000000008000fefc (0x000097ba) c.add   a5, a4
core   0: 3 0x000000008000fefc (0x97ba) x15 0x00000000800120dc
core   0: 0x000000008000fefe (0xfe043703) ld      a4, -32(s0)
core   0: 3 0x000000008000fefe (0xfe043703) x14 0x000000008001206b mem 0x0000000080031f50
core   0: 0x000000008000ff02 (0xfcf76de3) bltu    a4, a5, pc - 38
core   0: 3 0x000000008000ff02 (0xfcf76de3)
core   0: 0x000000008000fedc (0xfe043783) ld      a5, -32(s0)
core   0: 3 0x000000008000fedc (0xfe043783) x15 0x000000008001206b mem 0x0000000080031f50
core   0: 0x000000008000fee0 (0x00178713) addi    a4, a5, 1
core   0: 3 0x000000008000fee0 (0x00178713) x14 0x000000008001206c
core   0: 0x000000008000fee4 (0xfee43023) sd      a4, -32(s0)
core   0: 3 0x000000008000fee4 (0xfee43023) mem 0x0000000080031f50 0x000000008001206c
core   0: 0x000000008000fee8 (0xfc442703) lw      a4, -60(s0)
core   0: 3 0x000000008000fee8 (0xfc442703) x14 0x0000000000000000 mem 0x0000000080031f34
core   0: 0x000000008000feec (0x0ff77713) andi    a4, a4, 255
core   0: 3 0x000000008000feec (0x0ff77713) x14 0x0000000000000000
core   0: 0x000000008000fef0 (0x00e78023) sb      a4, 0(a5)
core   0: 3 0x000000008000fef0 (0x00e78023) mem 0x000000008001206b 0x00
core   0: 0x000000008000fef4 (0xfc843703) ld      a4, -56(s0)
core   0: 3 0x000000008000fef4 (0xfc843703) x14 0x0000000080012040 mem 0x0000000080031f38
core   0: 0x000000008000fef8 (0xfb843783) ld      a5, -72(s0)
core   0: 3 0x000000008000fef8 (0xfb843783) x15 0x000000000000009c mem 0x0000000080031f28
core   0: 0x000000008000fefc (0x000097ba) c.add   a5, a4
core   0: 3 0x000000008000fefc (0x97ba) x15 0x00000000800120dc
core   0: 0x000000008000fefe (0xfe043703) ld      a4, -32(s0)
core   0: 3 0x000000008000fefe (0xfe043703) x14 0x000000008001206c mem 0x0000000080031f50
core   0: 0x000000008000ff02 (0xfcf76de3) bltu    a4, a5, pc - 38
core   0: 3 0x000000008000ff02 (0xfcf76de3)
core   0: 0x000000008000fedc (0xfe043783) ld      a5, -32(s0)
core   0: 3 0x000000008000fedc (0xfe043783) x15 0x000000008001206c mem 0x0000000080031f50
core   0: 0x000000008000fee0 (0x00178713) addi    a4, a5, 1
core   0: 3 0x000000008000fee0 (0x00178713) x14 0x000000008001206d
core   0: 0x000000008000fee4 (0xfee43023) sd      a4, -32(s0)
core   0: 3 0x000000008000fee4 (0xfee43023) mem 0x0000000080031f50 0x000000008001206d
core   0: 0x000000008000fee8 (0xfc442703) lw      a4, -60(s0)
core   0: 3 0x000000008000fee8 (0xfc442703) x14 0x0000000000000000 mem 0x0000000080031f34
core   0: 0x000000008000feec (0x0ff77713) andi    a4, a4, 255
core   0: 3 0x000000008000feec (0x0ff77713) x14 0x0000000000000000
core   0: 0x000000008000fef0 (0x00e78023) sb      a4, 0(a5)
core   0: 3 0x000000008000fef0 (0x00e78023) mem 0x000000008001206c 0x00
core   0: 0x000000008000fef4 (0xfc843703) ld      a4, -56(s0)
core   0: 3 0x000000008000fef4 (0xfc843703) x14 0x0000000080012040 mem 0x0000000080031f38
core   0: 0x000000008000fef8 (0xfb843783) ld      a5, -72(s0)
core   0: 3 0x000000008000fef8 (0xfb843783) x15 0x000000000000009c mem 0x0000000080031f28
core   0: 0x000000008000fefc (0x000097ba) c.add   a5, a4
core   0: 3 0x000000008000fefc (0x97ba) x15 0x00000000800120dc
core   0: 0x000000008000fefe (0xfe043703) ld      a4, -32(s0)
core   0: 3 0x000000008000fefe (0xfe043703) x14 0x000000008001206d mem 0x0000000080031f50
core   0: 0x000000008000ff02 (0xfcf76de3) bltu    a4, a5, pc - 38
core   0: 3 0x000000008000ff02 (0xfcf76de3)
core   0: 0x000000008000fedc (0xfe043783) ld      a5, -32(s0)
core   0: 3 0x000000008000fedc (0xfe043783) x15 0x000000008001206d mem 0x0000000080031f50
core   0: 0x000000008000fee0 (0x00178713) addi    a4, a5, 1
core   0: 3 0x000000008000fee0 (0x00178713) x14 0x000000008001206e
core   0: 0x000000008000fee4 (0xfee43023) sd      a4, -32(s0)
core   0: 3 0x000000008000fee4 (0xfee43023) mem 0x0000000080031f50 0x000000008001206e
core   0: 0x000000008000fee8 (0xfc442703) lw      a4, -60(s0)
core   0: 3 0x000000008000fee8 (0xfc442703) x14 0x0000000000000000 mem 0x0000000080031f34
core   0: 0x000000008000feec (0x0ff77713) andi    a4, a4, 255
core   0: 3 0x000000008000feec (0x0ff77713) x14 0x0000000000000000
core   0: 0x000000008000fef0 (0x00e78023) sb      a4, 0(a5)
core   0: 3 0x000000008000fef0 (0x00e78023) mem 0x000000008001206d 0x00
core   0: 0x000000008000fef4 (0xfc843703) ld      a4, -56(s0)
core   0: 3 0x000000008000fef4 (0xfc843703) x14 0x0000000080012040 mem 0x0000000080031f38
core   0: 0x000000008000fef8 (0xfb843783) ld      a5, -72(s0)
core   0: 3 0x000000008000fef8 (0xfb843783) x15 0x000000000000009c mem 0x0000000080031f28
core   0: 0x000000008000fefc (0x000097ba) c.add   a5, a4
core   0: 3 0x000000008000fefc (0x97ba) x15 0x00000000800120dc
core   0: 0x000000008000fefe (0xfe043703) ld      a4, -32(s0)
core   0: 3 0x000000008000fefe (0xfe043703) x14 0x000000008001206e mem 0x0000000080031f50
core   0: 0x000000008000ff02 (0xfcf76de3) bltu    a4, a5, pc - 38
core   0: 3 0x000000008000ff02 (0xfcf76de3)
core   0: 0x000000008000fedc (0xfe043783) ld      a5, -32(s0)
core   0: 3 0x000000008000fedc (0xfe043783) x15 0x000000008001206e mem 0x0000000080031f50
core   0: 0x000000008000fee0 (0x00178713) addi    a4, a5, 1
core   0: 3 0x000000008000fee0 (0x00178713) x14 0x000000008001206f
core   0: 0x000000008000fee4 (0xfee43023) sd      a4, -32(s0)
core   0: 3 0x000000008000fee4 (0xfee43023) mem 0x0000000080031f50 0x000000008001206f
core   0: 0x000000008000fee8 (0xfc442703) lw      a4, -60(s0)
core   0: 3 0x000000008000fee8 (0xfc442703) x14 0x0000000000000000 mem 0x0000000080031f34
core   0: 0x000000008000feec (0x0ff77713) andi    a4, a4, 255
core   0: 3 0x000000008000feec (0x0ff77713) x14 0x0000000000000000
core   0: 0x000000008000fef0 (0x00e78023) sb      a4, 0(a5)
core   0: 3 0x000000008000fef0 (0x00e78023) mem 0x000000008001206e 0x00
core   0: 0x000000008000fef4 (0xfc843703) ld      a4, -56(s0)
core   0: 3 0x000000008000fef4 (0xfc843703) x14 0x0000000080012040 mem 0x0000000080031f38
core   0: 0x000000008000fef8 (0xfb843783) ld      a5, -72(s0)
core   0: 3 0x000000008000fef8 (0xfb843783) x15 0x000000000000009c mem 0x0000000080031f28
core   0: 0x000000008000fefc (0x000097ba) c.add   a5, a4
core   0: 3 0x000000008000fefc (0x97ba) x15 0x00000000800120dc
core   0: 0x000000008000fefe (0xfe043703) ld      a4, -32(s0)
core   0: 3 0x000000008000fefe (0xfe043703) x14 0x000000008001206f mem 0x0000000080031f50
core   0: 0x000000008000ff02 (0xfcf76de3) bltu    a4, a5, pc - 38
core   0: 3 0x000000008000ff02 (0xfcf76de3)
core   0: 0x000000008000fedc (0xfe043783) ld      a5, -32(s0)
core   0: 3 0x000000008000fedc (0xfe043783) x15 0x000000008001206f mem 0x0000000080031f50
core   0: 0x000000008000fee0 (0x00178713) addi    a4, a5, 1
core   0: 3 0x000000008000fee0 (0x00178713) x14 0x0000000080012070
core   0: 0x000000008000fee4 (0xfee43023) sd      a4, -32(s0)
core   0: 3 0x000000008000fee4 (0xfee43023) mem 0x0000000080031f50 0x0000000080012070
core   0: 0x000000008000fee8 (0xfc442703) lw      a4, -60(s0)
core   0: 3 0x000000008000fee8 (0xfc442703) x14 0x0000000000000000 mem 0x0000000080031f34
core   0: 0x000000008000feec (0x0ff77713) andi    a4, a4, 255
core   0: 3 0x000000008000feec (0x0ff77713) x14 0x0000000000000000
core   0: 0x000000008000fef0 (0x00e78023) sb      a4, 0(a5)
core   0: 3 0x000000008000fef0 (0x00e78023) mem 0x000000008001206f 0x00
core   0: 0x000000008000fef4 (0xfc843703) ld      a4, -56(s0)
core   0: 3 0x000000008000fef4 (0xfc843703) x14 0x0000000080012040 mem 0x0000000080031f38
core   0: 0x000000008000fef8 (0xfb843783) ld      a5, -72(s0)
core   0: 3 0x000000008000fef8 (0xfb843783) x15 0x000000000000009c mem 0x0000000080031f28
core   0: 0x000000008000fefc (0x000097ba) c.add   a5, a4
core   0: 3 0x000000008000fefc (0x97ba) x15 0x00000000800120dc
core   0: 0x000000008000fefe (0xfe043703) ld      a4, -32(s0)
core   0: 3 0x000000008000fefe (0xfe043703) x14 0x0000000080012070 mem 0x0000000080031f50
core   0: 0x000000008000ff02 (0xfcf76de3) bltu    a4, a5, pc - 38
core   0: 3 0x000000008000ff02 (0xfcf76de3)
core   0: 0x000000008000fedc (0xfe043783) ld      a5, -32(s0)
core   0: 3 0x000000008000fedc (0xfe043783) x15 0x0000000080012070 mem 0x0000000080031f50
core   0: 0x000000008000fee0 (0x00178713) addi    a4, a5, 1
core   0: 3 0x000000008000fee0 (0x00178713) x14 0x0000000080012071
core   0: 0x000000008000fee4 (0xfee43023) sd      a4, -32(s0)
core   0: 3 0x000000008000fee4 (0xfee43023) mem 0x0000000080031f50 0x0000000080012071
core   0: 0x000000008000fee8 (0xfc442703) lw      a4, -60(s0)
core   0: 3 0x000000008000fee8 (0xfc442703) x14 0x0000000000000000 mem 0x0000000080031f34
core   0: 0x000000008000feec (0x0ff77713) andi    a4, a4, 255
core   0: 3 0x000000008000feec (0x0ff77713) x14 0x0000000000000000
core   0: 0x000000008000fef0 (0x00e78023) sb      a4, 0(a5)
core   0: 3 0x000000008000fef0 (0x00e78023) mem 0x0000000080012070 0x00
core   0: 0x000000008000fef4 (0xfc843703) ld      a4, -56(s0)
core   0: 3 0x000000008000fef4 (0xfc843703) x14 0x0000000080012040 mem 0x0000000080031f38
core   0: 0x000000008000fef8 (0xfb843783) ld      a5, -72(s0)
core   0: 3 0x000000008000fef8 (0xfb843783) x15 0x000000000000009c mem 0x0000000080031f28
core   0: 0x000000008000fefc (0x000097ba) c.add   a5, a4
core   0: 3 0x000000008000fefc (0x97ba) x15 0x00000000800120dc
core   0: 0x000000008000fefe (0xfe043703) ld      a4, -32(s0)
core   0: 3 0x000000008000fefe (0xfe043703) x14 0x0000000080012071 mem 0x0000000080031f50
core   0: 0x000000008000ff02 (0xfcf76de3) bltu    a4, a5, pc - 38
core   0: 3 0x000000008000ff02 (0xfcf76de3)
core   0: 0x000000008000fedc (0xfe043783) ld      a5, -32(s0)
core   0: 3 0x000000008000fedc (0xfe043783) x15 0x0000000080012071 mem 0x0000000080031f50
core   0: 0x000000008000fee0 (0x00178713) addi    a4, a5, 1
core   0: 3 0x000000008000fee0 (0x00178713) x14 0x0000000080012072
core   0: 0x000000008000fee4 (0xfee43023) sd      a4, -32(s0)
core   0: 3 0x000000008000fee4 (0xfee43023) mem 0x0000000080031f50 0x0000000080012072
core   0: 0x000000008000fee8 (0xfc442703) lw      a4, -60(s0)
core   0: 3 0x000000008000fee8 (0xfc442703) x14 0x0000000000000000 mem 0x0000000080031f34
core   0: 0x000000008000feec (0x0ff77713) andi    a4, a4, 255
core   0: 3 0x000000008000feec (0x0ff77713) x14 0x0000000000000000
core   0: 0x000000008000fef0 (0x00e78023) sb      a4, 0(a5)
core   0: 3 0x000000008000fef0 (0x00e78023) mem 0x0000000080012071 0x00
core   0: 0x000000008000fef4 (0xfc843703) ld      a4, -56(s0)
core   0: 3 0x000000008000fef4 (0xfc843703) x14 0x0000000080012040 mem 0x0000000080031f38
core   0: 0x000000008000fef8 (0xfb843783) ld      a5, -72(s0)
core   0: 3 0x000000008000fef8 (0xfb843783) x15 0x000000000000009c mem 0x0000000080031f28
core   0: 0x000000008000fefc (0x000097ba) c.add   a5, a4
core   0: 3 0x000000008000fefc (0x97ba) x15 0x00000000800120dc
core   0: 0x000000008000fefe (0xfe043703) ld      a4, -32(s0)
core   0: 3 0x000000008000fefe (0xfe043703) x14 0x0000000080012072 mem 0x0000000080031f50
core   0: 0x000000008000ff02 (0xfcf76de3) bltu    a4, a5, pc - 38
core   0: 3 0x000000008000ff02 (0xfcf76de3)
core   0: 0x000000008000fedc (0xfe043783) ld      a5, -32(s0)
core   0: 3 0x000000008000fedc (0xfe043783) x15 0x0000000080012072 mem 0x0000000080031f50
core   0: 0x000000008000fee0 (0x00178713) addi    a4, a5, 1
core   0: 3 0x000000008000fee0 (0x00178713) x14 0x0000000080012073
core   0: 0x000000008000fee4 (0xfee43023) sd      a4, -32(s0)
core   0: 3 0x000000008000fee4 (0xfee43023) mem 0x0000000080031f50 0x0000000080012073
core   0: 0x000000008000fee8 (0xfc442703) lw      a4, -60(s0)
core   0: 3 0x000000008000fee8 (0xfc442703) x14 0x0000000000000000 mem 0x0000000080031f34
core   0: 0x000000008000feec (0x0ff77713) andi    a4, a4, 255
core   0: 3 0x000000008000feec (0x0ff77713) x14 0x0000000000000000
core   0: 0x000000008000fef0 (0x00e78023) sb      a4, 0(a5)
core   0: 3 0x000000008000fef0 (0x00e78023) mem 0x0000000080012072 0x00
core   0: 0x000000008000fef4 (0xfc843703) ld      a4, -56(s0)
core   0: 3 0x000000008000fef4 (0xfc843703) x14 0x0000000080012040 mem 0x0000000080031f38
core   0: 0x000000008000fef8 (0xfb843783) ld      a5, -72(s0)
core   0: 3 0x000000008000fef8 (0xfb843783) x15 0x000000000000009c mem 0x0000000080031f28
core   0: 0x000000008000fefc (0x000097ba) c.add   a5, a4
core   0: 3 0x000000008000fefc (0x97ba) x15 0x00000000800120dc
core   0: 0x000000008000fefe (0xfe043703) ld      a4, -32(s0)
core   0: 3 0x000000008000fefe (0xfe043703) x14 0x0000000080012073 mem 0x0000000080031f50
core   0: 0x000000008000ff02 (0xfcf76de3) bltu    a4, a5, pc - 38
core   0: 3 0x000000008000ff02 (0xfcf76de3)
core   0: 0x000000008000fedc (0xfe043783) ld      a5, -32(s0)
core   0: 3 0x000000008000fedc (0xfe043783) x15 0x0000000080012073 mem 0x0000000080031f50
core   0: 0x000000008000fee0 (0x00178713) addi    a4, a5, 1
core   0: 3 0x000000008000fee0 (0x00178713) x14 0x0000000080012074
core   0: 0x000000008000fee4 (0xfee43023) sd      a4, -32(s0)
core   0: 3 0x000000008000fee4 (0xfee43023) mem 0x0000000080031f50 0x0000000080012074
core   0: 0x000000008000fee8 (0xfc442703) lw      a4, -60(s0)
core   0: 3 0x000000008000fee8 (0xfc442703) x14 0x0000000000000000 mem 0x0000000080031f34
core   0: 0x000000008000feec (0x0ff77713) andi    a4, a4, 255
core   0: 3 0x000000008000feec (0x0ff77713) x14 0x0000000000000000
core   0: 0x000000008000fef0 (0x00e78023) sb      a4, 0(a5)
core   0: 3 0x000000008000fef0 (0x00e78023) mem 0x0000000080012073 0x00
core   0: 0x000000008000fef4 (0xfc843703) ld      a4, -56(s0)
core   0: 3 0x000000008000fef4 (0xfc843703) x14 0x0000000080012040 mem 0x0000000080031f38
core   0: 0x000000008000fef8 (0xfb843783) ld      a5, -72(s0)
core   0: 3 0x000000008000fef8 (0xfb843783) x15 0x000000000000009c mem 0x0000000080031f28
core   0: 0x000000008000fefc (0x000097ba) c.add   a5, a4
core   0: 3 0x000000008000fefc (0x97ba) x15 0x00000000800120dc
core   0: 0x000000008000fefe (0xfe043703) ld      a4, -32(s0)
core   0: 3 0x000000008000fefe (0xfe043703) x14 0x0000000080012074 mem 0x0000000080031f50
core   0: 0x000000008000ff02 (0xfcf76de3) bltu    a4, a5, pc - 38
core   0: 3 0x000000008000ff02 (0xfcf76de3)
core   0: 0x000000008000fedc (0xfe043783) ld      a5, -32(s0)
core   0: 3 0x000000008000fedc (0xfe043783) x15 0x0000000080012074 mem 0x0000000080031f50
core   0: 0x000000008000fee0 (0x00178713) addi    a4, a5, 1
core   0: 3 0x000000008000fee0 (0x00178713) x14 0x0000000080012075
core   0: 0x000000008000fee4 (0xfee43023) sd      a4, -32(s0)
core   0: 3 0x000000008000fee4 (0xfee43023) mem 0x0000000080031f50 0x0000000080012075
core   0: 0x000000008000fee8 (0xfc442703) lw      a4, -60(s0)
core   0: 3 0x000000008000fee8 (0xfc442703) x14 0x0000000000000000 mem 0x0000000080031f34
core   0: 0x000000008000feec (0x0ff77713) andi    a4, a4, 255
core   0: 3 0x000000008000feec (0x0ff77713) x14 0x0000000000000000
core   0: 0x000000008000fef0 (0x00e78023) sb      a4, 0(a5)
core   0: 3 0x000000008000fef0 (0x00e78023) mem 0x0000000080012074 0x00
core   0: 0x000000008000fef4 (0xfc843703) ld      a4, -56(s0)
core   0: 3 0x000000008000fef4 (0xfc843703) x14 0x0000000080012040 mem 0x0000000080031f38
core   0: 0x000000008000fef8 (0xfb843783) ld      a5, -72(s0)
core   0: 3 0x000000008000fef8 (0xfb843783) x15 0x000000000000009c mem 0x0000000080031f28
core   0: 0x000000008000fefc (0x000097ba) c.add   a5, a4
core   0: 3 0x000000008000fefc (0x97ba) x15 0x00000000800120dc
core   0: 0x000000008000fefe (0xfe043703) ld      a4, -32(s0)
core   0: 3 0x000000008000fefe (0xfe043703) x14 0x0000000080012075 mem 0x0000000080031f50
core   0: 0x000000008000ff02 (0xfcf76de3) bltu    a4, a5, pc - 38
core   0: 3 0x000000008000ff02 (0xfcf76de3)
core   0: 0x000000008000fedc (0xfe043783) ld      a5, -32(s0)
core   0: 3 0x000000008000fedc (0xfe043783) x15 0x0000000080012075 mem 0x0000000080031f50
core   0: 0x000000008000fee0 (0x00178713) addi    a4, a5, 1
core   0: 3 0x000000008000fee0 (0x00178713) x14 0x0000000080012076
core   0: 0x000000008000fee4 (0xfee43023) sd      a4, -32(s0)
core   0: 3 0x000000008000fee4 (0xfee43023) mem 0x0000000080031f50 0x0000000080012076
core   0: 0x000000008000fee8 (0xfc442703) lw      a4, -60(s0)
core   0: 3 0x000000008000fee8 (0xfc442703) x14 0x0000000000000000 mem 0x0000000080031f34
core   0: 0x000000008000feec (0x0ff77713) andi    a4, a4, 255
core   0: 3 0x000000008000feec (0x0ff77713) x14 0x0000000000000000
core   0: 0x000000008000fef0 (0x00e78023) sb      a4, 0(a5)
core   0: 3 0x000000008000fef0 (0x00e78023) mem 0x0000000080012075 0x00
core   0: 0x000000008000fef4 (0xfc843703) ld      a4, -56(s0)
core   0: 3 0x000000008000fef4 (0xfc843703) x14 0x0000000080012040 mem 0x0000000080031f38
core   0: 0x000000008000fef8 (0xfb843783) ld      a5, -72(s0)
core   0: 3 0x000000008000fef8 (0xfb843783) x15 0x000000000000009c mem 0x0000000080031f28
core   0: 0x000000008000fefc (0x000097ba) c.add   a5, a4
core   0: 3 0x000000008000fefc (0x97ba) x15 0x00000000800120dc
core   0: 0x000000008000fefe (0xfe043703) ld      a4, -32(s0)
core   0: 3 0x000000008000fefe (0xfe043703) x14 0x0000000080012076 mem 0x0000000080031f50
core   0: 0x000000008000ff02 (0xfcf76de3) bltu    a4, a5, pc - 38
core   0: 3 0x000000008000ff02 (0xfcf76de3)
core   0: 0x000000008000fedc (0xfe043783) ld      a5, -32(s0)
core   0: 3 0x000000008000fedc (0xfe043783) x15 0x0000000080012076 mem 0x0000000080031f50
core   0: 0x000000008000fee0 (0x00178713) addi    a4, a5, 1
core   0: 3 0x000000008000fee0 (0x00178713) x14 0x0000000080012077
core   0: 0x000000008000fee4 (0xfee43023) sd      a4, -32(s0)
core   0: 3 0x000000008000fee4 (0xfee43023) mem 0x0000000080031f50 0x0000000080012077
core   0: 0x000000008000fee8 (0xfc442703) lw      a4, -60(s0)
core   0: 3 0x000000008000fee8 (0xfc442703) x14 0x0000000000000000 mem 0x0000000080031f34
core   0: 0x000000008000feec (0x0ff77713) andi    a4, a4, 255
core   0: 3 0x000000008000feec (0x0ff77713) x14 0x0000000000000000
core   0: 0x000000008000fef0 (0x00e78023) sb      a4, 0(a5)
core   0: 3 0x000000008000fef0 (0x00e78023) mem 0x0000000080012076 0x00
core   0: 0x000000008000fef4 (0xfc843703) ld      a4, -56(s0)
core   0: 3 0x000000008000fef4 (0xfc843703) x14 0x0000000080012040 mem 0x0000000080031f38
core   0: 0x000000008000fef8 (0xfb843783) ld      a5, -72(s0)
core   0: 3 0x000000008000fef8 (0xfb843783) x15 0x000000000000009c mem 0x0000000080031f28
core   0: 0x000000008000fefc (0x000097ba) c.add   a5, a4
core   0: 3 0x000000008000fefc (0x97ba) x15 0x00000000800120dc
core   0: 0x000000008000fefe (0xfe043703) ld      a4, -32(s0)
core   0: 3 0x000000008000fefe (0xfe043703) x14 0x0000000080012077 mem 0x0000000080031f50
core   0: 0x000000008000ff02 (0xfcf76de3) bltu    a4, a5, pc - 38
core   0: 3 0x000000008000ff02 (0xfcf76de3)
core   0: 0x000000008000fedc (0xfe043783) ld      a5, -32(s0)
core   0: 3 0x000000008000fedc (0xfe043783) x15 0x0000000080012077 mem 0x0000000080031f50
core   0: 0x000000008000fee0 (0x00178713) addi    a4, a5, 1
core   0: 3 0x000000008000fee0 (0x00178713) x14 0x0000000080012078
core   0: 0x000000008000fee4 (0xfee43023) sd      a4, -32(s0)
core   0: 3 0x000000008000fee4 (0xfee43023) mem 0x0000000080031f50 0x0000000080012078
core   0: 0x000000008000fee8 (0xfc442703) lw      a4, -60(s0)
core   0: 3 0x000000008000fee8 (0xfc442703) x14 0x0000000000000000 mem 0x0000000080031f34
core   0: 0x000000008000feec (0x0ff77713) andi    a4, a4, 255
core   0: 3 0x000000008000feec (0x0ff77713) x14 0x0000000000000000
core   0: 0x000000008000fef0 (0x00e78023) sb      a4, 0(a5)
core   0: 3 0x000000008000fef0 (0x00e78023) mem 0x0000000080012077 0x00
core   0: 0x000000008000fef4 (0xfc843703) ld      a4, -56(s0)
core   0: 3 0x000000008000fef4 (0xfc843703) x14 0x0000000080012040 mem 0x0000000080031f38
core   0: 0x000000008000fef8 (0xfb843783) ld      a5, -72(s0)
core   0: 3 0x000000008000fef8 (0xfb843783) x15 0x000000000000009c mem 0x0000000080031f28
core   0: 0x000000008000fefc (0x000097ba) c.add   a5, a4
core   0: 3 0x000000008000fefc (0x97ba) x15 0x00000000800120dc
core   0: 0x000000008000fefe (0xfe043703) ld      a4, -32(s0)
core   0: 3 0x000000008000fefe (0xfe043703) x14 0x0000000080012078 mem 0x0000000080031f50
core   0: 0x000000008000ff02 (0xfcf76de3) bltu    a4, a5, pc - 38
core   0: 3 0x000000008000ff02 (0xfcf76de3)
core   0: 0x000000008000fedc (0xfe043783) ld      a5, -32(s0)
core   0: 3 0x000000008000fedc (0xfe043783) x15 0x0000000080012078 mem 0x0000000080031f50
core   0: 0x000000008000fee0 (0x00178713) addi    a4, a5, 1
core   0: 3 0x000000008000fee0 (0x00178713) x14 0x0000000080012079
core   0: 0x000000008000fee4 (0xfee43023) sd      a4, -32(s0)
core   0: 3 0x000000008000fee4 (0xfee43023) mem 0x0000000080031f50 0x0000000080012079
core   0: 0x000000008000fee8 (0xfc442703) lw      a4, -60(s0)
core   0: 3 0x000000008000fee8 (0xfc442703) x14 0x0000000000000000 mem 0x0000000080031f34
core   0: 0x000000008000feec (0x0ff77713) andi    a4, a4, 255
core   0: 3 0x000000008000feec (0x0ff77713) x14 0x0000000000000000
core   0: 0x000000008000fef0 (0x00e78023) sb      a4, 0(a5)
core   0: 3 0x000000008000fef0 (0x00e78023) mem 0x0000000080012078 0x00
core   0: 0x000000008000fef4 (0xfc843703) ld      a4, -56(s0)
core   0: 3 0x000000008000fef4 (0xfc843703) x14 0x0000000080012040 mem 0x0000000080031f38
core   0: 0x000000008000fef8 (0xfb843783) ld      a5, -72(s0)
core   0: 3 0x000000008000fef8 (0xfb843783) x15 0x000000000000009c mem 0x0000000080031f28
core   0: 0x000000008000fefc (0x000097ba) c.add   a5, a4
core   0: 3 0x000000008000fefc (0x97ba) x15 0x00000000800120dc
core   0: 0x000000008000fefe (0xfe043703) ld      a4, -32(s0)
core   0: 3 0x000000008000fefe (0xfe043703) x14 0x0000000080012079 mem 0x0000000080031f50
core   0: 0x000000008000ff02 (0xfcf76de3) bltu    a4, a5, pc - 38
core   0: 3 0x000000008000ff02 (0xfcf76de3)
core   0: 0x000000008000fedc (0xfe043783) ld      a5, -32(s0)
core   0: 3 0x000000008000fedc (0xfe043783) x15 0x0000000080012079 mem 0x0000000080031f50
core   0: 0x000000008000fee0 (0x00178713) addi    a4, a5, 1
core   0: 3 0x000000008000fee0 (0x00178713) x14 0x000000008001207a
core   0: 0x000000008000fee4 (0xfee43023) sd      a4, -32(s0)
core   0: 3 0x000000008000fee4 (0xfee43023) mem 0x0000000080031f50 0x000000008001207a
core   0: 0x000000008000fee8 (0xfc442703) lw      a4, -60(s0)
core   0: 3 0x000000008000fee8 (0xfc442703) x14 0x0000000000000000 mem 0x0000000080031f34
core   0: 0x000000008000feec (0x0ff77713) andi    a4, a4, 255
core   0: 3 0x000000008000feec (0x0ff77713) x14 0x0000000000000000
core   0: 0x000000008000fef0 (0x00e78023) sb      a4, 0(a5)
core   0: 3 0x000000008000fef0 (0x00e78023) mem 0x0000000080012079 0x00
core   0: 0x000000008000fef4 (0xfc843703) ld      a4, -56(s0)
core   0: 3 0x000000008000fef4 (0xfc843703) x14 0x0000000080012040 mem 0x0000000080031f38
core   0: 0x000000008000fef8 (0xfb843783) ld      a5, -72(s0)
core   0: 3 0x000000008000fef8 (0xfb843783) x15 0x000000000000009c mem 0x0000000080031f28
core   0: 0x000000008000fefc (0x000097ba) c.add   a5, a4
core   0: 3 0x000000008000fefc (0x97ba) x15 0x00000000800120dc
core   0: 0x000000008000fefe (0xfe043703) ld      a4, -32(s0)
core   0: 3 0x000000008000fefe (0xfe043703) x14 0x000000008001207a mem 0x0000000080031f50
core   0: 0x000000008000ff02 (0xfcf76de3) bltu    a4, a5, pc - 38
core   0: 3 0x000000008000ff02 (0xfcf76de3)
core   0: 0x000000008000fedc (0xfe043783) ld      a5, -32(s0)
core   0: 3 0x000000008000fedc (0xfe043783) x15 0x000000008001207a mem 0x0000000080031f50
core   0: 0x000000008000fee0 (0x00178713) addi    a4, a5, 1
core   0: 3 0x000000008000fee0 (0x00178713) x14 0x000000008001207b
core   0: 0x000000008000fee4 (0xfee43023) sd      a4, -32(s0)
core   0: 3 0x000000008000fee4 (0xfee43023) mem 0x0000000080031f50 0x000000008001207b
core   0: 0x000000008000fee8 (0xfc442703) lw      a4, -60(s0)
core   0: 3 0x000000008000fee8 (0xfc442703) x14 0x0000000000000000 mem 0x0000000080031f34
core   0: 0x000000008000feec (0x0ff77713) andi    a4, a4, 255
core   0: 3 0x000000008000feec (0x0ff77713) x14 0x0000000000000000
core   0: 0x000000008000fef0 (0x00e78023) sb      a4, 0(a5)
core   0: 3 0x000000008000fef0 (0x00e78023) mem 0x000000008001207a 0x00
core   0: 0x000000008000fef4 (0xfc843703) ld      a4, -56(s0)
core   0: 3 0x000000008000fef4 (0xfc843703) x14 0x0000000080012040 mem 0x0000000080031f38
core   0: 0x000000008000fef8 (0xfb843783) ld      a5, -72(s0)
core   0: 3 0x000000008000fef8 (0xfb843783) x15 0x000000000000009c mem 0x0000000080031f28
core   0: 0x000000008000fefc (0x000097ba) c.add   a5, a4
core   0: 3 0x000000008000fefc (0x97ba) x15 0x00000000800120dc
core   0: 0x000000008000fefe (0xfe043703) ld      a4, -32(s0)
core   0: 3 0x000000008000fefe (0xfe043703) x14 0x000000008001207b mem 0x0000000080031f50
core   0: 0x000000008000ff02 (0xfcf76de3) bltu    a4, a5, pc - 38
core   0: 3 0x000000008000ff02 (0xfcf76de3)
core   0: 0x000000008000fedc (0xfe043783) ld      a5, -32(s0)
core   0: 3 0x000000008000fedc (0xfe043783) x15 0x000000008001207b mem 0x0000000080031f50
core   0: 0x000000008000fee0 (0x00178713) addi    a4, a5, 1
core   0: 3 0x000000008000fee0 (0x00178713) x14 0x000000008001207c
core   0: 0x000000008000fee4 (0xfee43023) sd      a4, -32(s0)
core   0: 3 0x000000008000fee4 (0xfee43023) mem 0x0000000080031f50 0x000000008001207c
core   0: 0x000000008000fee8 (0xfc442703) lw      a4, -60(s0)
core   0: 3 0x000000008000fee8 (0xfc442703) x14 0x0000000000000000 mem 0x0000000080031f34
core   0: 0x000000008000feec (0x0ff77713) andi    a4, a4, 255
core   0: 3 0x000000008000feec (0x0ff77713) x14 0x0000000000000000
core   0: 0x000000008000fef0 (0x00e78023) sb      a4, 0(a5)
core   0: 3 0x000000008000fef0 (0x00e78023) mem 0x000000008001207b 0x00
core   0: 0x000000008000fef4 (0xfc843703) ld      a4, -56(s0)
core   0: 3 0x000000008000fef4 (0xfc843703) x14 0x0000000080012040 mem 0x0000000080031f38
core   0: 0x000000008000fef8 (0xfb843783) ld      a5, -72(s0)
core   0: 3 0x000000008000fef8 (0xfb843783) x15 0x000000000000009c mem 0x0000000080031f28
core   0: 0x000000008000fefc (0x000097ba) c.add   a5, a4
core   0: 3 0x000000008000fefc (0x97ba) x15 0x00000000800120dc
core   0: 0x000000008000fefe (0xfe043703) ld      a4, -32(s0)
core   0: 3 0x000000008000fefe (0xfe043703) x14 0x000000008001207c mem 0x0000000080031f50
core   0: 0x000000008000ff02 (0xfcf76de3) bltu    a4, a5, pc - 38
core   0: 3 0x000000008000ff02 (0xfcf76de3)
core   0: 0x000000008000fedc (0xfe043783) ld      a5, -32(s0)
core   0: 3 0x000000008000fedc (0xfe043783) x15 0x000000008001207c mem 0x0000000080031f50
core   0: 0x000000008000fee0 (0x00178713) addi    a4, a5, 1
core   0: 3 0x000000008000fee0 (0x00178713) x14 0x000000008001207d
core   0: 0x000000008000fee4 (0xfee43023) sd      a4, -32(s0)
core   0: 3 0x000000008000fee4 (0xfee43023) mem 0x0000000080031f50 0x000000008001207d
core   0: 0x000000008000fee8 (0xfc442703) lw      a4, -60(s0)
core   0: 3 0x000000008000fee8 (0xfc442703) x14 0x0000000000000000 mem 0x0000000080031f34
core   0: 0x000000008000feec (0x0ff77713) andi    a4, a4, 255
core   0: 3 0x000000008000feec (0x0ff77713) x14 0x0000000000000000
core   0: 0x000000008000fef0 (0x00e78023) sb      a4, 0(a5)
core   0: 3 0x000000008000fef0 (0x00e78023) mem 0x000000008001207c 0x00
core   0: 0x000000008000fef4 (0xfc843703) ld      a4, -56(s0)
core   0: 3 0x000000008000fef4 (0xfc843703) x14 0x0000000080012040 mem 0x0000000080031f38
core   0: 0x000000008000fef8 (0xfb843783) ld      a5, -72(s0)
core   0: 3 0x000000008000fef8 (0xfb843783) x15 0x000000000000009c mem 0x0000000080031f28
core   0: 0x000000008000fefc (0x000097ba) c.add   a5, a4
core   0: 3 0x000000008000fefc (0x97ba) x15 0x00000000800120dc
core   0: 0x000000008000fefe (0xfe043703) ld      a4, -32(s0)
core   0: 3 0x000000008000fefe (0xfe043703) x14 0x000000008001207d mem 0x0000000080031f50
core   0: 0x000000008000ff02 (0xfcf76de3) bltu    a4, a5, pc - 38
core   0: 3 0x000000008000ff02 (0xfcf76de3)
core   0: 0x000000008000fedc (0xfe043783) ld      a5, -32(s0)
core   0: 3 0x000000008000fedc (0xfe043783) x15 0x000000008001207d mem 0x0000000080031f50
core   0: 0x000000008000fee0 (0x00178713) addi    a4, a5, 1
core   0: 3 0x000000008000fee0 (0x00178713) x14 0x000000008001207e
core   0: 0x000000008000fee4 (0xfee43023) sd      a4, -32(s0)
core   0: 3 0x000000008000fee4 (0xfee43023) mem 0x0000000080031f50 0x000000008001207e
core   0: 0x000000008000fee8 (0xfc442703) lw      a4, -60(s0)
core   0: 3 0x000000008000fee8 (0xfc442703) x14 0x0000000000000000 mem 0x0000000080031f34
core   0: 0x000000008000feec (0x0ff77713) andi    a4, a4, 255
core   0: 3 0x000000008000feec (0x0ff77713) x14 0x0000000000000000
core   0: 0x000000008000fef0 (0x00e78023) sb      a4, 0(a5)
core   0: 3 0x000000008000fef0 (0x00e78023) mem 0x000000008001207d 0x00
core   0: 0x000000008000fef4 (0xfc843703) ld      a4, -56(s0)
core   0: 3 0x000000008000fef4 (0xfc843703) x14 0x0000000080012040 mem 0x0000000080031f38
core   0: 0x000000008000fef8 (0xfb843783) ld      a5, -72(s0)
core   0: 3 0x000000008000fef8 (0xfb843783) x15 0x000000000000009c mem 0x0000000080031f28
core   0: 0x000000008000fefc (0x000097ba) c.add   a5, a4
core   0: 3 0x000000008000fefc (0x97ba) x15 0x00000000800120dc
core   0: 0x000000008000fefe (0xfe043703) ld      a4, -32(s0)
core   0: 3 0x000000008000fefe (0xfe043703) x14 0x000000008001207e mem 0x0000000080031f50
core   0: 0x000000008000ff02 (0xfcf76de3) bltu    a4, a5, pc - 38
core   0: 3 0x000000008000ff02 (0xfcf76de3)
core   0: 0x000000008000fedc (0xfe043783) ld      a5, -32(s0)
core   0: 3 0x000000008000fedc (0xfe043783) x15 0x000000008001207e mem 0x0000000080031f50
core   0: 0x000000008000fee0 (0x00178713) addi    a4, a5, 1
core   0: 3 0x000000008000fee0 (0x00178713) x14 0x000000008001207f
core   0: 0x000000008000fee4 (0xfee43023) sd      a4, -32(s0)
core   0: 3 0x000000008000fee4 (0xfee43023) mem 0x0000000080031f50 0x000000008001207f
core   0: 0x000000008000fee8 (0xfc442703) lw      a4, -60(s0)
core   0: 3 0x000000008000fee8 (0xfc442703) x14 0x0000000000000000 mem 0x0000000080031f34
core   0: 0x000000008000feec (0x0ff77713) andi    a4, a4, 255
core   0: 3 0x000000008000feec (0x0ff77713) x14 0x0000000000000000
core   0: 0x000000008000fef0 (0x00e78023) sb      a4, 0(a5)
core   0: 3 0x000000008000fef0 (0x00e78023) mem 0x000000008001207e 0x00
core   0: 0x000000008000fef4 (0xfc843703) ld      a4, -56(s0)
core   0: 3 0x000000008000fef4 (0xfc843703) x14 0x0000000080012040 mem 0x0000000080031f38
core   0: 0x000000008000fef8 (0xfb843783) ld      a5, -72(s0)
core   0: 3 0x000000008000fef8 (0xfb843783) x15 0x000000000000009c mem 0x0000000080031f28
core   0: 0x000000008000fefc (0x000097ba) c.add   a5, a4
core   0: 3 0x000000008000fefc (0x97ba) x15 0x00000000800120dc
core   0: 0x000000008000fefe (0xfe043703) ld      a4, -32(s0)
core   0: 3 0x000000008000fefe (0xfe043703) x14 0x000000008001207f mem 0x0000000080031f50
core   0: 0x000000008000ff02 (0xfcf76de3) bltu    a4, a5, pc - 38
core   0: 3 0x000000008000ff02 (0xfcf76de3)
core   0: 0x000000008000fedc (0xfe043783) ld      a5, -32(s0)
core   0: 3 0x000000008000fedc (0xfe043783) x15 0x000000008001207f mem 0x0000000080031f50
core   0: 0x000000008000fee0 (0x00178713) addi    a4, a5, 1
core   0: 3 0x000000008000fee0 (0x00178713) x14 0x0000000080012080
core   0: 0x000000008000fee4 (0xfee43023) sd      a4, -32(s0)
core   0: 3 0x000000008000fee4 (0xfee43023) mem 0x0000000080031f50 0x0000000080012080
core   0: 0x000000008000fee8 (0xfc442703) lw      a4, -60(s0)
core   0: 3 0x000000008000fee8 (0xfc442703) x14 0x0000000000000000 mem 0x0000000080031f34
core   0: 0x000000008000feec (0x0ff77713) andi    a4, a4, 255
core   0: 3 0x000000008000feec (0x0ff77713) x14 0x0000000000000000
core   0: 0x000000008000fef0 (0x00e78023) sb      a4, 0(a5)
core   0: 3 0x000000008000fef0 (0x00e78023) mem 0x000000008001207f 0x00
core   0: 0x000000008000fef4 (0xfc843703) ld      a4, -56(s0)
core   0: 3 0x000000008000fef4 (0xfc843703) x14 0x0000000080012040 mem 0x0000000080031f38
core   0: 0x000000008000fef8 (0xfb843783) ld      a5, -72(s0)
core   0: 3 0x000000008000fef8 (0xfb843783) x15 0x000000000000009c mem 0x0000000080031f28
core   0: 0x000000008000fefc (0x000097ba) c.add   a5, a4
core   0: 3 0x000000008000fefc (0x97ba) x15 0x00000000800120dc
core   0: 0x000000008000fefe (0xfe043703) ld      a4, -32(s0)
core   0: 3 0x000000008000fefe (0xfe043703) x14 0x0000000080012080 mem 0x0000000080031f50
core   0: 0x000000008000ff02 (0xfcf76de3) bltu    a4, a5, pc - 38
core   0: 3 0x000000008000ff02 (0xfcf76de3)
core   0: 0x000000008000fedc (0xfe043783) ld      a5, -32(s0)
core   0: 3 0x000000008000fedc (0xfe043783) x15 0x0000000080012080 mem 0x0000000080031f50
core   0: 0x000000008000fee0 (0x00178713) addi    a4, a5, 1
core   0: 3 0x000000008000fee0 (0x00178713) x14 0x0000000080012081
core   0: 0x000000008000fee4 (0xfee43023) sd      a4, -32(s0)
core   0: 3 0x000000008000fee4 (0xfee43023) mem 0x0000000080031f50 0x0000000080012081
core   0: 0x000000008000fee8 (0xfc442703) lw      a4, -60(s0)
core   0: 3 0x000000008000fee8 (0xfc442703) x14 0x0000000000000000 mem 0x0000000080031f34
core   0: 0x000000008000feec (0x0ff77713) andi    a4, a4, 255
core   0: 3 0x000000008000feec (0x0ff77713) x14 0x0000000000000000
core   0: 0x000000008000fef0 (0x00e78023) sb      a4, 0(a5)
core   0: 3 0x000000008000fef0 (0x00e78023) mem 0x0000000080012080 0x00
core   0: 0x000000008000fef4 (0xfc843703) ld      a4, -56(s0)
core   0: 3 0x000000008000fef4 (0xfc843703) x14 0x0000000080012040 mem 0x0000000080031f38
core   0: 0x000000008000fef8 (0xfb843783) ld      a5, -72(s0)
core   0: 3 0x000000008000fef8 (0xfb843783) x15 0x000000000000009c mem 0x0000000080031f28
core   0: 0x000000008000fefc (0x000097ba) c.add   a5, a4
core   0: 3 0x000000008000fefc (0x97ba) x15 0x00000000800120dc
core   0: 0x000000008000fefe (0xfe043703) ld      a4, -32(s0)
core   0: 3 0x000000008000fefe (0xfe043703) x14 0x0000000080012081 mem 0x0000000080031f50
core   0: 0x000000008000ff02 (0xfcf76de3) bltu    a4, a5, pc - 38
core   0: 3 0x000000008000ff02 (0xfcf76de3)
core   0: 0x000000008000fedc (0xfe043783) ld      a5, -32(s0)
core   0: 3 0x000000008000fedc (0xfe043783) x15 0x0000000080012081 mem 0x0000000080031f50
core   0: 0x000000008000fee0 (0x00178713) addi    a4, a5, 1
core   0: 3 0x000000008000fee0 (0x00178713) x14 0x0000000080012082
core   0: 0x000000008000fee4 (0xfee43023) sd      a4, -32(s0)
core   0: 3 0x000000008000fee4 (0xfee43023) mem 0x0000000080031f50 0x0000000080012082
core   0: 0x000000008000fee8 (0xfc442703) lw      a4, -60(s0)
core   0: 3 0x000000008000fee8 (0xfc442703) x14 0x0000000000000000 mem 0x0000000080031f34
core   0: 0x000000008000feec (0x0ff77713) andi    a4, a4, 255
core   0: 3 0x000000008000feec (0x0ff77713) x14 0x0000000000000000
core   0: 0x000000008000fef0 (0x00e78023) sb      a4, 0(a5)
core   0: 3 0x000000008000fef0 (0x00e78023) mem 0x0000000080012081 0x00
core   0: 0x000000008000fef4 (0xfc843703) ld      a4, -56(s0)
core   0: 3 0x000000008000fef4 (0xfc843703) x14 0x0000000080012040 mem 0x0000000080031f38
core   0: 0x000000008000fef8 (0xfb843783) ld      a5, -72(s0)
core   0: 3 0x000000008000fef8 (0xfb843783) x15 0x000000000000009c mem 0x0000000080031f28
core   0: 0x000000008000fefc (0x000097ba) c.add   a5, a4
core   0: 3 0x000000008000fefc (0x97ba) x15 0x00000000800120dc
core   0: 0x000000008000fefe (0xfe043703) ld      a4, -32(s0)
core   0: 3 0x000000008000fefe (0xfe043703) x14 0x0000000080012082 mem 0x0000000080031f50
core   0: 0x000000008000ff02 (0xfcf76de3) bltu    a4, a5, pc - 38
core   0: 3 0x000000008000ff02 (0xfcf76de3)
core   0: 0x000000008000fedc (0xfe043783) ld      a5, -32(s0)
core   0: 3 0x000000008000fedc (0xfe043783) x15 0x0000000080012082 mem 0x0000000080031f50
core   0: 0x000000008000fee0 (0x00178713) addi    a4, a5, 1
core   0: 3 0x000000008000fee0 (0x00178713) x14 0x0000000080012083
core   0: 0x000000008000fee4 (0xfee43023) sd      a4, -32(s0)
core   0: 3 0x000000008000fee4 (0xfee43023) mem 0x0000000080031f50 0x0000000080012083
core   0: 0x000000008000fee8 (0xfc442703) lw      a4, -60(s0)
core   0: 3 0x000000008000fee8 (0xfc442703) x14 0x0000000000000000 mem 0x0000000080031f34
core   0: 0x000000008000feec (0x0ff77713) andi    a4, a4, 255
core   0: 3 0x000000008000feec (0x0ff77713) x14 0x0000000000000000
core   0: 0x000000008000fef0 (0x00e78023) sb      a4, 0(a5)
core   0: 3 0x000000008000fef0 (0x00e78023) mem 0x0000000080012082 0x00
core   0: 0x000000008000fef4 (0xfc843703) ld      a4, -56(s0)
core   0: 3 0x000000008000fef4 (0xfc843703) x14 0x0000000080012040 mem 0x0000000080031f38
core   0: 0x000000008000fef8 (0xfb843783) ld      a5, -72(s0)
core   0: 3 0x000000008000fef8 (0xfb843783) x15 0x000000000000009c mem 0x0000000080031f28
core   0: 0x000000008000fefc (0x000097ba) c.add   a5, a4
core   0: 3 0x000000008000fefc (0x97ba) x15 0x00000000800120dc
core   0: 0x000000008000fefe (0xfe043703) ld      a4, -32(s0)
core   0: 3 0x000000008000fefe (0xfe043703) x14 0x0000000080012083 mem 0x0000000080031f50
core   0: 0x000000008000ff02 (0xfcf76de3) bltu    a4, a5, pc - 38
core   0: 3 0x000000008000ff02 (0xfcf76de3)
core   0: 0x000000008000fedc (0xfe043783) ld      a5, -32(s0)
core   0: 3 0x000000008000fedc (0xfe043783) x15 0x0000000080012083 mem 0x0000000080031f50
core   0: 0x000000008000fee0 (0x00178713) addi    a4, a5, 1
core   0: 3 0x000000008000fee0 (0x00178713) x14 0x0000000080012084
core   0: 0x000000008000fee4 (0xfee43023) sd      a4, -32(s0)
core   0: 3 0x000000008000fee4 (0xfee43023) mem 0x0000000080031f50 0x0000000080012084
core   0: 0x000000008000fee8 (0xfc442703) lw      a4, -60(s0)
core   0: 3 0x000000008000fee8 (0xfc442703) x14 0x0000000000000000 mem 0x0000000080031f34
core   0: 0x000000008000feec (0x0ff77713) andi    a4, a4, 255
core   0: 3 0x000000008000feec (0x0ff77713) x14 0x0000000000000000
core   0: 0x000000008000fef0 (0x00e78023) sb      a4, 0(a5)
core   0: 3 0x000000008000fef0 (0x00e78023) mem 0x0000000080012083 0x00
core   0: 0x000000008000fef4 (0xfc843703) ld      a4, -56(s0)
core   0: 3 0x000000008000fef4 (0xfc843703) x14 0x0000000080012040 mem 0x0000000080031f38
core   0: 0x000000008000fef8 (0xfb843783) ld      a5, -72(s0)
core   0: 3 0x000000008000fef8 (0xfb843783) x15 0x000000000000009c mem 0x0000000080031f28
core   0: 0x000000008000fefc (0x000097ba) c.add   a5, a4
core   0: 3 0x000000008000fefc (0x97ba) x15 0x00000000800120dc
core   0: 0x000000008000fefe (0xfe043703) ld      a4, -32(s0)
core   0: 3 0x000000008000fefe (0xfe043703) x14 0x0000000080012084 mem 0x0000000080031f50
core   0: 0x000000008000ff02 (0xfcf76de3) bltu    a4, a5, pc - 38
core   0: 3 0x000000008000ff02 (0xfcf76de3)
core   0: 0x000000008000fedc (0xfe043783) ld      a5, -32(s0)
core   0: 3 0x000000008000fedc (0xfe043783) x15 0x0000000080012084 mem 0x0000000080031f50
core   0: 0x000000008000fee0 (0x00178713) addi    a4, a5, 1
core   0: 3 0x000000008000fee0 (0x00178713) x14 0x0000000080012085
core   0: 0x000000008000fee4 (0xfee43023) sd      a4, -32(s0)
core   0: 3 0x000000008000fee4 (0xfee43023) mem 0x0000000080031f50 0x0000000080012085
core   0: 0x000000008000fee8 (0xfc442703) lw      a4, -60(s0)
core   0: 3 0x000000008000fee8 (0xfc442703) x14 0x0000000000000000 mem 0x0000000080031f34
core   0: 0x000000008000feec (0x0ff77713) andi    a4, a4, 255
core   0: 3 0x000000008000feec (0x0ff77713) x14 0x0000000000000000
core   0: 0x000000008000fef0 (0x00e78023) sb      a4, 0(a5)
core   0: 3 0x000000008000fef0 (0x00e78023) mem 0x0000000080012084 0x00
core   0: 0x000000008000fef4 (0xfc843703) ld      a4, -56(s0)
core   0: 3 0x000000008000fef4 (0xfc843703) x14 0x0000000080012040 mem 0x0000000080031f38
core   0: 0x000000008000fef8 (0xfb843783) ld      a5, -72(s0)
core   0: 3 0x000000008000fef8 (0xfb843783) x15 0x000000000000009c mem 0x0000000080031f28
core   0: 0x000000008000fefc (0x000097ba) c.add   a5, a4
core   0: 3 0x000000008000fefc (0x97ba) x15 0x00000000800120dc
core   0: 0x000000008000fefe (0xfe043703) ld      a4, -32(s0)
core   0: 3 0x000000008000fefe (0xfe043703) x14 0x0000000080012085 mem 0x0000000080031f50
core   0: 0x000000008000ff02 (0xfcf76de3) bltu    a4, a5, pc - 38
core   0: 3 0x000000008000ff02 (0xfcf76de3)
core   0: 0x000000008000fedc (0xfe043783) ld      a5, -32(s0)
core   0: 3 0x000000008000fedc (0xfe043783) x15 0x0000000080012085 mem 0x0000000080031f50
core   0: 0x000000008000fee0 (0x00178713) addi    a4, a5, 1
core   0: 3 0x000000008000fee0 (0x00178713) x14 0x0000000080012086
core   0: 0x000000008000fee4 (0xfee43023) sd      a4, -32(s0)
core   0: 3 0x000000008000fee4 (0xfee43023) mem 0x0000000080031f50 0x0000000080012086
core   0: 0x000000008000fee8 (0xfc442703) lw      a4, -60(s0)
core   0: 3 0x000000008000fee8 (0xfc442703) x14 0x0000000000000000 mem 0x0000000080031f34
core   0: 0x000000008000feec (0x0ff77713) andi    a4, a4, 255
core   0: 3 0x000000008000feec (0x0ff77713) x14 0x0000000000000000
core   0: 0x000000008000fef0 (0x00e78023) sb      a4, 0(a5)
core   0: 3 0x000000008000fef0 (0x00e78023) mem 0x0000000080012085 0x00
core   0: 0x000000008000fef4 (0xfc843703) ld      a4, -56(s0)
core   0: 3 0x000000008000fef4 (0xfc843703) x14 0x0000000080012040 mem 0x0000000080031f38
core   0: 0x000000008000fef8 (0xfb843783) ld      a5, -72(s0)
core   0: 3 0x000000008000fef8 (0xfb843783) x15 0x000000000000009c mem 0x0000000080031f28
core   0: 0x000000008000fefc (0x000097ba) c.add   a5, a4
core   0: 3 0x000000008000fefc (0x97ba) x15 0x00000000800120dc
core   0: 0x000000008000fefe (0xfe043703) ld      a4, -32(s0)
core   0: 3 0x000000008000fefe (0xfe043703) x14 0x0000000080012086 mem 0x0000000080031f50
core   0: 0x000000008000ff02 (0xfcf76de3) bltu    a4, a5, pc - 38
core   0: 3 0x000000008000ff02 (0xfcf76de3)
core   0: 0x000000008000fedc (0xfe043783) ld      a5, -32(s0)
core   0: 3 0x000000008000fedc (0xfe043783) x15 0x0000000080012086 mem 0x0000000080031f50
core   0: 0x000000008000fee0 (0x00178713) addi    a4, a5, 1
core   0: 3 0x000000008000fee0 (0x00178713) x14 0x0000000080012087
core   0: 0x000000008000fee4 (0xfee43023) sd      a4, -32(s0)
core   0: 3 0x000000008000fee4 (0xfee43023) mem 0x0000000080031f50 0x0000000080012087
core   0: 0x000000008000fee8 (0xfc442703) lw      a4, -60(s0)
core   0: 3 0x000000008000fee8 (0xfc442703) x14 0x0000000000000000 mem 0x0000000080031f34
core   0: 0x000000008000feec (0x0ff77713) andi    a4, a4, 255
core   0: 3 0x000000008000feec (0x0ff77713) x14 0x0000000000000000
core   0: 0x000000008000fef0 (0x00e78023) sb      a4, 0(a5)
core   0: 3 0x000000008000fef0 (0x00e78023) mem 0x0000000080012086 0x00
core   0: 0x000000008000fef4 (0xfc843703) ld      a4, -56(s0)
core   0: 3 0x000000008000fef4 (0xfc843703) x14 0x0000000080012040 mem 0x0000000080031f38
core   0: 0x000000008000fef8 (0xfb843783) ld      a5, -72(s0)
core   0: 3 0x000000008000fef8 (0xfb843783) x15 0x000000000000009c mem 0x0000000080031f28
core   0: 0x000000008000fefc (0x000097ba) c.add   a5, a4
core   0: 3 0x000000008000fefc (0x97ba) x15 0x00000000800120dc
core   0: 0x000000008000fefe (0xfe043703) ld      a4, -32(s0)
core   0: 3 0x000000008000fefe (0xfe043703) x14 0x0000000080012087 mem 0x0000000080031f50
core   0: 0x000000008000ff02 (0xfcf76de3) bltu    a4, a5, pc - 38
core   0: 3 0x000000008000ff02 (0xfcf76de3)
core   0: 0x000000008000fedc (0xfe043783) ld      a5, -32(s0)
core   0: 3 0x000000008000fedc (0xfe043783) x15 0x0000000080012087 mem 0x0000000080031f50
core   0: 0x000000008000fee0 (0x00178713) addi    a4, a5, 1
core   0: 3 0x000000008000fee0 (0x00178713) x14 0x0000000080012088
core   0: 0x000000008000fee4 (0xfee43023) sd      a4, -32(s0)
core   0: 3 0x000000008000fee4 (0xfee43023) mem 0x0000000080031f50 0x0000000080012088
core   0: 0x000000008000fee8 (0xfc442703) lw      a4, -60(s0)
core   0: 3 0x000000008000fee8 (0xfc442703) x14 0x0000000000000000 mem 0x0000000080031f34
core   0: 0x000000008000feec (0x0ff77713) andi    a4, a4, 255
core   0: 3 0x000000008000feec (0x0ff77713) x14 0x0000000000000000
core   0: 0x000000008000fef0 (0x00e78023) sb      a4, 0(a5)
core   0: 3 0x000000008000fef0 (0x00e78023) mem 0x0000000080012087 0x00
core   0: 0x000000008000fef4 (0xfc843703) ld      a4, -56(s0)
core   0: 3 0x000000008000fef4 (0xfc843703) x14 0x0000000080012040 mem 0x0000000080031f38
core   0: 0x000000008000fef8 (0xfb843783) ld      a5, -72(s0)
core   0: 3 0x000000008000fef8 (0xfb843783) x15 0x000000000000009c mem 0x0000000080031f28
core   0: 0x000000008000fefc (0x000097ba) c.add   a5, a4
core   0: 3 0x000000008000fefc (0x97ba) x15 0x00000000800120dc
core   0: 0x000000008000fefe (0xfe043703) ld      a4, -32(s0)
core   0: 3 0x000000008000fefe (0xfe043703) x14 0x0000000080012088 mem 0x0000000080031f50
core   0: 0x000000008000ff02 (0xfcf76de3) bltu    a4, a5, pc - 38
core   0: 3 0x000000008000ff02 (0xfcf76de3)
core   0: 0x000000008000fedc (0xfe043783) ld      a5, -32(s0)
core   0: 3 0x000000008000fedc (0xfe043783) x15 0x0000000080012088 mem 0x0000000080031f50
core   0: 0x000000008000fee0 (0x00178713) addi    a4, a5, 1
core   0: 3 0x000000008000fee0 (0x00178713) x14 0x0000000080012089
core   0: 0x000000008000fee4 (0xfee43023) sd      a4, -32(s0)
core   0: 3 0x000000008000fee4 (0xfee43023) mem 0x0000000080031f50 0x0000000080012089
core   0: 0x000000008000fee8 (0xfc442703) lw      a4, -60(s0)
core   0: 3 0x000000008000fee8 (0xfc442703) x14 0x0000000000000000 mem 0x0000000080031f34
core   0: 0x000000008000feec (0x0ff77713) andi    a4, a4, 255
core   0: 3 0x000000008000feec (0x0ff77713) x14 0x0000000000000000
core   0: 0x000000008000fef0 (0x00e78023) sb      a4, 0(a5)
core   0: 3 0x000000008000fef0 (0x00e78023) mem 0x0000000080012088 0x00
core   0: 0x000000008000fef4 (0xfc843703) ld      a4, -56(s0)
core   0: 3 0x000000008000fef4 (0xfc843703) x14 0x0000000080012040 mem 0x0000000080031f38
core   0: 0x000000008000fef8 (0xfb843783) ld      a5, -72(s0)
core   0: 3 0x000000008000fef8 (0xfb843783) x15 0x000000000000009c mem 0x0000000080031f28
core   0: 0x000000008000fefc (0x000097ba) c.add   a5, a4
core   0: 3 0x000000008000fefc (0x97ba) x15 0x00000000800120dc
core   0: 0x000000008000fefe (0xfe043703) ld      a4, -32(s0)
core   0: 3 0x000000008000fefe (0xfe043703) x14 0x0000000080012089 mem 0x0000000080031f50
core   0: 0x000000008000ff02 (0xfcf76de3) bltu    a4, a5, pc - 38
core   0: 3 0x000000008000ff02 (0xfcf76de3)
core   0: 0x000000008000fedc (0xfe043783) ld      a5, -32(s0)
core   0: 3 0x000000008000fedc (0xfe043783) x15 0x0000000080012089 mem 0x0000000080031f50
core   0: 0x000000008000fee0 (0x00178713) addi    a4, a5, 1
core   0: 3 0x000000008000fee0 (0x00178713) x14 0x000000008001208a
core   0: 0x000000008000fee4 (0xfee43023) sd      a4, -32(s0)
core   0: 3 0x000000008000fee4 (0xfee43023) mem 0x0000000080031f50 0x000000008001208a
core   0: 0x000000008000fee8 (0xfc442703) lw      a4, -60(s0)
core   0: 3 0x000000008000fee8 (0xfc442703) x14 0x0000000000000000 mem 0x0000000080031f34
core   0: 0x000000008000feec (0x0ff77713) andi    a4, a4, 255
core   0: 3 0x000000008000feec (0x0ff77713) x14 0x0000000000000000
core   0: 0x000000008000fef0 (0x00e78023) sb      a4, 0(a5)
core   0: 3 0x000000008000fef0 (0x00e78023) mem 0x0000000080012089 0x00
core   0: 0x000000008000fef4 (0xfc843703) ld      a4, -56(s0)
core   0: 3 0x000000008000fef4 (0xfc843703) x14 0x0000000080012040 mem 0x0000000080031f38
core   0: 0x000000008000fef8 (0xfb843783) ld      a5, -72(s0)
core   0: 3 0x000000008000fef8 (0xfb843783) x15 0x000000000000009c mem 0x0000000080031f28
core   0: 0x000000008000fefc (0x000097ba) c.add   a5, a4
core   0: 3 0x000000008000fefc (0x97ba) x15 0x00000000800120dc
core   0: 0x000000008000fefe (0xfe043703) ld      a4, -32(s0)
core   0: 3 0x000000008000fefe (0xfe043703) x14 0x000000008001208a mem 0x0000000080031f50
core   0: 0x000000008000ff02 (0xfcf76de3) bltu    a4, a5, pc - 38
core   0: 3 0x000000008000ff02 (0xfcf76de3)
core   0: 0x000000008000fedc (0xfe043783) ld      a5, -32(s0)
core   0: 3 0x000000008000fedc (0xfe043783) x15 0x000000008001208a mem 0x0000000080031f50
core   0: 0x000000008000fee0 (0x00178713) addi    a4, a5, 1
core   0: 3 0x000000008000fee0 (0x00178713) x14 0x000000008001208b
core   0: 0x000000008000fee4 (0xfee43023) sd      a4, -32(s0)
core   0: 3 0x000000008000fee4 (0xfee43023) mem 0x0000000080031f50 0x000000008001208b
core   0: 0x000000008000fee8 (0xfc442703) lw      a4, -60(s0)
core   0: 3 0x000000008000fee8 (0xfc442703) x14 0x0000000000000000 mem 0x0000000080031f34
core   0: 0x000000008000feec (0x0ff77713) andi    a4, a4, 255
core   0: 3 0x000000008000feec (0x0ff77713) x14 0x0000000000000000
core   0: 0x000000008000fef0 (0x00e78023) sb      a4, 0(a5)
core   0: 3 0x000000008000fef0 (0x00e78023) mem 0x000000008001208a 0x00
core   0: 0x000000008000fef4 (0xfc843703) ld      a4, -56(s0)
core   0: 3 0x000000008000fef4 (0xfc843703) x14 0x0000000080012040 mem 0x0000000080031f38
core   0: 0x000000008000fef8 (0xfb843783) ld      a5, -72(s0)
core   0: 3 0x000000008000fef8 (0xfb843783) x15 0x000000000000009c mem 0x0000000080031f28
core   0: 0x000000008000fefc (0x000097ba) c.add   a5, a4
core   0: 3 0x000000008000fefc (0x97ba) x15 0x00000000800120dc
core   0: 0x000000008000fefe (0xfe043703) ld      a4, -32(s0)
core   0: 3 0x000000008000fefe (0xfe043703) x14 0x000000008001208b mem 0x0000000080031f50
core   0: 0x000000008000ff02 (0xfcf76de3) bltu    a4, a5, pc - 38
core   0: 3 0x000000008000ff02 (0xfcf76de3)
core   0: 0x000000008000fedc (0xfe043783) ld      a5, -32(s0)
core   0: 3 0x000000008000fedc (0xfe043783) x15 0x000000008001208b mem 0x0000000080031f50
core   0: 0x000000008000fee0 (0x00178713) addi    a4, a5, 1
core   0: 3 0x000000008000fee0 (0x00178713) x14 0x000000008001208c
core   0: 0x000000008000fee4 (0xfee43023) sd      a4, -32(s0)
core   0: 3 0x000000008000fee4 (0xfee43023) mem 0x0000000080031f50 0x000000008001208c
core   0: 0x000000008000fee8 (0xfc442703) lw      a4, -60(s0)
core   0: 3 0x000000008000fee8 (0xfc442703) x14 0x0000000000000000 mem 0x0000000080031f34
core   0: 0x000000008000feec (0x0ff77713) andi    a4, a4, 255
core   0: 3 0x000000008000feec (0x0ff77713) x14 0x0000000000000000
core   0: 0x000000008000fef0 (0x00e78023) sb      a4, 0(a5)
core   0: 3 0x000000008000fef0 (0x00e78023) mem 0x000000008001208b 0x00
core   0: 0x000000008000fef4 (0xfc843703) ld      a4, -56(s0)
core   0: 3 0x000000008000fef4 (0xfc843703) x14 0x0000000080012040 mem 0x0000000080031f38
core   0: 0x000000008000fef8 (0xfb843783) ld      a5, -72(s0)
core   0: 3 0x000000008000fef8 (0xfb843783) x15 0x000000000000009c mem 0x0000000080031f28
core   0: 0x000000008000fefc (0x000097ba) c.add   a5, a4
core   0: 3 0x000000008000fefc (0x97ba) x15 0x00000000800120dc
core   0: 0x000000008000fefe (0xfe043703) ld      a4, -32(s0)
core   0: 3 0x000000008000fefe (0xfe043703) x14 0x000000008001208c mem 0x0000000080031f50
core   0: 0x000000008000ff02 (0xfcf76de3) bltu    a4, a5, pc - 38
core   0: 3 0x000000008000ff02 (0xfcf76de3)
core   0: 0x000000008000fedc (0xfe043783) ld      a5, -32(s0)
core   0: 3 0x000000008000fedc (0xfe043783) x15 0x000000008001208c mem 0x0000000080031f50
core   0: 0x000000008000fee0 (0x00178713) addi    a4, a5, 1
core   0: 3 0x000000008000fee0 (0x00178713) x14 0x000000008001208d
core   0: 0x000000008000fee4 (0xfee43023) sd      a4, -32(s0)
core   0: 3 0x000000008000fee4 (0xfee43023) mem 0x0000000080031f50 0x000000008001208d
core   0: 0x000000008000fee8 (0xfc442703) lw      a4, -60(s0)
core   0: 3 0x000000008000fee8 (0xfc442703) x14 0x0000000000000000 mem 0x0000000080031f34
core   0: 0x000000008000feec (0x0ff77713) andi    a4, a4, 255
core   0: 3 0x000000008000feec (0x0ff77713) x14 0x0000000000000000
core   0: 0x000000008000fef0 (0x00e78023) sb      a4, 0(a5)
core   0: 3 0x000000008000fef0 (0x00e78023) mem 0x000000008001208c 0x00
core   0: 0x000000008000fef4 (0xfc843703) ld      a4, -56(s0)
core   0: 3 0x000000008000fef4 (0xfc843703) x14 0x0000000080012040 mem 0x0000000080031f38
core   0: 0x000000008000fef8 (0xfb843783) ld      a5, -72(s0)
core   0: 3 0x000000008000fef8 (0xfb843783) x15 0x000000000000009c mem 0x0000000080031f28
core   0: 0x000000008000fefc (0x000097ba) c.add   a5, a4
core   0: 3 0x000000008000fefc (0x97ba) x15 0x00000000800120dc
core   0: 0x000000008000fefe (0xfe043703) ld      a4, -32(s0)
core   0: 3 0x000000008000fefe (0xfe043703) x14 0x000000008001208d mem 0x0000000080031f50
core   0: 0x000000008000ff02 (0xfcf76de3) bltu    a4, a5, pc - 38
core   0: 3 0x000000008000ff02 (0xfcf76de3)
core   0: 0x000000008000fedc (0xfe043783) ld      a5, -32(s0)
core   0: 3 0x000000008000fedc (0xfe043783) x15 0x000000008001208d mem 0x0000000080031f50
core   0: 0x000000008000fee0 (0x00178713) addi    a4, a5, 1
core   0: 3 0x000000008000fee0 (0x00178713) x14 0x000000008001208e
core   0: 0x000000008000fee4 (0xfee43023) sd      a4, -32(s0)
core   0: 3 0x000000008000fee4 (0xfee43023) mem 0x0000000080031f50 0x000000008001208e
core   0: 0x000000008000fee8 (0xfc442703) lw      a4, -60(s0)
core   0: 3 0x000000008000fee8 (0xfc442703) x14 0x0000000000000000 mem 0x0000000080031f34
core   0: 0x000000008000feec (0x0ff77713) andi    a4, a4, 255
core   0: 3 0x000000008000feec (0x0ff77713) x14 0x0000000000000000
core   0: 0x000000008000fef0 (0x00e78023) sb      a4, 0(a5)
core   0: 3 0x000000008000fef0 (0x00e78023) mem 0x000000008001208d 0x00
core   0: 0x000000008000fef4 (0xfc843703) ld      a4, -56(s0)
core   0: 3 0x000000008000fef4 (0xfc843703) x14 0x0000000080012040 mem 0x0000000080031f38
core   0: 0x000000008000fef8 (0xfb843783) ld      a5, -72(s0)
core   0: 3 0x000000008000fef8 (0xfb843783) x15 0x000000000000009c mem 0x0000000080031f28
core   0: 0x000000008000fefc (0x000097ba) c.add   a5, a4
core   0: 3 0x000000008000fefc (0x97ba) x15 0x00000000800120dc
core   0: 0x000000008000fefe (0xfe043703) ld      a4, -32(s0)
core   0: 3 0x000000008000fefe (0xfe043703) x14 0x000000008001208e mem 0x0000000080031f50
core   0: 0x000000008000ff02 (0xfcf76de3) bltu    a4, a5, pc - 38
core   0: 3 0x000000008000ff02 (0xfcf76de3)
core   0: 0x000000008000fedc (0xfe043783) ld      a5, -32(s0)
core   0: 3 0x000000008000fedc (0xfe043783) x15 0x000000008001208e mem 0x0000000080031f50
core   0: 0x000000008000fee0 (0x00178713) addi    a4, a5, 1
core   0: 3 0x000000008000fee0 (0x00178713) x14 0x000000008001208f
core   0: 0x000000008000fee4 (0xfee43023) sd      a4, -32(s0)
core   0: 3 0x000000008000fee4 (0xfee43023) mem 0x0000000080031f50 0x000000008001208f
core   0: 0x000000008000fee8 (0xfc442703) lw      a4, -60(s0)
core   0: 3 0x000000008000fee8 (0xfc442703) x14 0x0000000000000000 mem 0x0000000080031f34
core   0: 0x000000008000feec (0x0ff77713) andi    a4, a4, 255
core   0: 3 0x000000008000feec (0x0ff77713) x14 0x0000000000000000
core   0: 0x000000008000fef0 (0x00e78023) sb      a4, 0(a5)
core   0: 3 0x000000008000fef0 (0x00e78023) mem 0x000000008001208e 0x00
core   0: 0x000000008000fef4 (0xfc843703) ld      a4, -56(s0)
core   0: 3 0x000000008000fef4 (0xfc843703) x14 0x0000000080012040 mem 0x0000000080031f38
core   0: 0x000000008000fef8 (0xfb843783) ld      a5, -72(s0)
core   0: 3 0x000000008000fef8 (0xfb843783) x15 0x000000000000009c mem 0x0000000080031f28
core   0: 0x000000008000fefc (0x000097ba) c.add   a5, a4
core   0: 3 0x000000008000fefc (0x97ba) x15 0x00000000800120dc
core   0: 0x000000008000fefe (0xfe043703) ld      a4, -32(s0)
core   0: 3 0x000000008000fefe (0xfe043703) x14 0x000000008001208f mem 0x0000000080031f50
core   0: 0x000000008000ff02 (0xfcf76de3) bltu    a4, a5, pc - 38
core   0: 3 0x000000008000ff02 (0xfcf76de3)
core   0: 0x000000008000fedc (0xfe043783) ld      a5, -32(s0)
core   0: 3 0x000000008000fedc (0xfe043783) x15 0x000000008001208f mem 0x0000000080031f50
core   0: 0x000000008000fee0 (0x00178713) addi    a4, a5, 1
core   0: 3 0x000000008000fee0 (0x00178713) x14 0x0000000080012090
core   0: 0x000000008000fee4 (0xfee43023) sd      a4, -32(s0)
core   0: 3 0x000000008000fee4 (0xfee43023) mem 0x0000000080031f50 0x0000000080012090
core   0: 0x000000008000fee8 (0xfc442703) lw      a4, -60(s0)
core   0: 3 0x000000008000fee8 (0xfc442703) x14 0x0000000000000000 mem 0x0000000080031f34
core   0: 0x000000008000feec (0x0ff77713) andi    a4, a4, 255
core   0: 3 0x000000008000feec (0x0ff77713) x14 0x0000000000000000
core   0: 0x000000008000fef0 (0x00e78023) sb      a4, 0(a5)
core   0: 3 0x000000008000fef0 (0x00e78023) mem 0x000000008001208f 0x00
core   0: 0x000000008000fef4 (0xfc843703) ld      a4, -56(s0)
core   0: 3 0x000000008000fef4 (0xfc843703) x14 0x0000000080012040 mem 0x0000000080031f38
core   0: 0x000000008000fef8 (0xfb843783) ld      a5, -72(s0)
core   0: 3 0x000000008000fef8 (0xfb843783) x15 0x000000000000009c mem 0x0000000080031f28
core   0: 0x000000008000fefc (0x000097ba) c.add   a5, a4
core   0: 3 0x000000008000fefc (0x97ba) x15 0x00000000800120dc
core   0: 0x000000008000fefe (0xfe043703) ld      a4, -32(s0)
core   0: 3 0x000000008000fefe (0xfe043703) x14 0x0000000080012090 mem 0x0000000080031f50
core   0: 0x000000008000ff02 (0xfcf76de3) bltu    a4, a5, pc - 38
core   0: 3 0x000000008000ff02 (0xfcf76de3)
core   0: 0x000000008000fedc (0xfe043783) ld      a5, -32(s0)
core   0: 3 0x000000008000fedc (0xfe043783) x15 0x0000000080012090 mem 0x0000000080031f50
core   0: 0x000000008000fee0 (0x00178713) addi    a4, a5, 1
core   0: 3 0x000000008000fee0 (0x00178713) x14 0x0000000080012091
core   0: 0x000000008000fee4 (0xfee43023) sd      a4, -32(s0)
core   0: 3 0x000000008000fee4 (0xfee43023) mem 0x0000000080031f50 0x0000000080012091
core   0: 0x000000008000fee8 (0xfc442703) lw      a4, -60(s0)
core   0: 3 0x000000008000fee8 (0xfc442703) x14 0x0000000000000000 mem 0x0000000080031f34
core   0: 0x000000008000feec (0x0ff77713) andi    a4, a4, 255
core   0: 3 0x000000008000feec (0x0ff77713) x14 0x0000000000000000
core   0: 0x000000008000fef0 (0x00e78023) sb      a4, 0(a5)
core   0: 3 0x000000008000fef0 (0x00e78023) mem 0x0000000080012090 0x00
core   0: 0x000000008000fef4 (0xfc843703) ld      a4, -56(s0)
core   0: 3 0x000000008000fef4 (0xfc843703) x14 0x0000000080012040 mem 0x0000000080031f38
core   0: 0x000000008000fef8 (0xfb843783) ld      a5, -72(s0)
core   0: 3 0x000000008000fef8 (0xfb843783) x15 0x000000000000009c mem 0x0000000080031f28
core   0: 0x000000008000fefc (0x000097ba) c.add   a5, a4
core   0: 3 0x000000008000fefc (0x97ba) x15 0x00000000800120dc
core   0: 0x000000008000fefe (0xfe043703) ld      a4, -32(s0)
core   0: 3 0x000000008000fefe (0xfe043703) x14 0x0000000080012091 mem 0x0000000080031f50
core   0: 0x000000008000ff02 (0xfcf76de3) bltu    a4, a5, pc - 38
core   0: 3 0x000000008000ff02 (0xfcf76de3)
core   0: 0x000000008000fedc (0xfe043783) ld      a5, -32(s0)
core   0: 3 0x000000008000fedc (0xfe043783) x15 0x0000000080012091 mem 0x0000000080031f50
core   0: 0x000000008000fee0 (0x00178713) addi    a4, a5, 1
core   0: 3 0x000000008000fee0 (0x00178713) x14 0x0000000080012092
core   0: 0x000000008000fee4 (0xfee43023) sd      a4, -32(s0)
core   0: 3 0x000000008000fee4 (0xfee43023) mem 0x0000000080031f50 0x0000000080012092
core   0: 0x000000008000fee8 (0xfc442703) lw      a4, -60(s0)
core   0: 3 0x000000008000fee8 (0xfc442703) x14 0x0000000000000000 mem 0x0000000080031f34
core   0: 0x000000008000feec (0x0ff77713) andi    a4, a4, 255
core   0: 3 0x000000008000feec (0x0ff77713) x14 0x0000000000000000
core   0: 0x000000008000fef0 (0x00e78023) sb      a4, 0(a5)
core   0: 3 0x000000008000fef0 (0x00e78023) mem 0x0000000080012091 0x00
core   0: 0x000000008000fef4 (0xfc843703) ld      a4, -56(s0)
core   0: 3 0x000000008000fef4 (0xfc843703) x14 0x0000000080012040 mem 0x0000000080031f38
core   0: 0x000000008000fef8 (0xfb843783) ld      a5, -72(s0)
core   0: 3 0x000000008000fef8 (0xfb843783) x15 0x000000000000009c mem 0x0000000080031f28
core   0: 0x000000008000fefc (0x000097ba) c.add   a5, a4
core   0: 3 0x000000008000fefc (0x97ba) x15 0x00000000800120dc
core   0: 0x000000008000fefe (0xfe043703) ld      a4, -32(s0)
core   0: 3 0x000000008000fefe (0xfe043703) x14 0x0000000080012092 mem 0x0000000080031f50
core   0: 0x000000008000ff02 (0xfcf76de3) bltu    a4, a5, pc - 38
core   0: 3 0x000000008000ff02 (0xfcf76de3)
core   0: 0x000000008000fedc (0xfe043783) ld      a5, -32(s0)
core   0: 3 0x000000008000fedc (0xfe043783) x15 0x0000000080012092 mem 0x0000000080031f50
core   0: 0x000000008000fee0 (0x00178713) addi    a4, a5, 1
core   0: 3 0x000000008000fee0 (0x00178713) x14 0x0000000080012093
core   0: 0x000000008000fee4 (0xfee43023) sd      a4, -32(s0)
core   0: 3 0x000000008000fee4 (0xfee43023) mem 0x0000000080031f50 0x0000000080012093
core   0: 0x000000008000fee8 (0xfc442703) lw      a4, -60(s0)
core   0: 3 0x000000008000fee8 (0xfc442703) x14 0x0000000000000000 mem 0x0000000080031f34
core   0: 0x000000008000feec (0x0ff77713) andi    a4, a4, 255
core   0: 3 0x000000008000feec (0x0ff77713) x14 0x0000000000000000
core   0: 0x000000008000fef0 (0x00e78023) sb      a4, 0(a5)
core   0: 3 0x000000008000fef0 (0x00e78023) mem 0x0000000080012092 0x00
core   0: 0x000000008000fef4 (0xfc843703) ld      a4, -56(s0)
core   0: 3 0x000000008000fef4 (0xfc843703) x14 0x0000000080012040 mem 0x0000000080031f38
core   0: 0x000000008000fef8 (0xfb843783) ld      a5, -72(s0)
core   0: 3 0x000000008000fef8 (0xfb843783) x15 0x000000000000009c mem 0x0000000080031f28
core   0: 0x000000008000fefc (0x000097ba) c.add   a5, a4
core   0: 3 0x000000008000fefc (0x97ba) x15 0x00000000800120dc
core   0: 0x000000008000fefe (0xfe043703) ld      a4, -32(s0)
core   0: 3 0x000000008000fefe (0xfe043703) x14 0x0000000080012093 mem 0x0000000080031f50
core   0: 0x000000008000ff02 (0xfcf76de3) bltu    a4, a5, pc - 38
core   0: 3 0x000000008000ff02 (0xfcf76de3)
core   0: 0x000000008000fedc (0xfe043783) ld      a5, -32(s0)
core   0: 3 0x000000008000fedc (0xfe043783) x15 0x0000000080012093 mem 0x0000000080031f50
core   0: 0x000000008000fee0 (0x00178713) addi    a4, a5, 1
core   0: 3 0x000000008000fee0 (0x00178713) x14 0x0000000080012094
core   0: 0x000000008000fee4 (0xfee43023) sd      a4, -32(s0)
core   0: 3 0x000000008000fee4 (0xfee43023) mem 0x0000000080031f50 0x0000000080012094
core   0: 0x000000008000fee8 (0xfc442703) lw      a4, -60(s0)
core   0: 3 0x000000008000fee8 (0xfc442703) x14 0x0000000000000000 mem 0x0000000080031f34
core   0: 0x000000008000feec (0x0ff77713) andi    a4, a4, 255
core   0: 3 0x000000008000feec (0x0ff77713) x14 0x0000000000000000
core   0: 0x000000008000fef0 (0x00e78023) sb      a4, 0(a5)
core   0: 3 0x000000008000fef0 (0x00e78023) mem 0x0000000080012093 0x00
core   0: 0x000000008000fef4 (0xfc843703) ld      a4, -56(s0)
core   0: 3 0x000000008000fef4 (0xfc843703) x14 0x0000000080012040 mem 0x0000000080031f38
core   0: 0x000000008000fef8 (0xfb843783) ld      a5, -72(s0)
core   0: 3 0x000000008000fef8 (0xfb843783) x15 0x000000000000009c mem 0x0000000080031f28
core   0: 0x000000008000fefc (0x000097ba) c.add   a5, a4
core   0: 3 0x000000008000fefc (0x97ba) x15 0x00000000800120dc
core   0: 0x000000008000fefe (0xfe043703) ld      a4, -32(s0)
core   0: 3 0x000000008000fefe (0xfe043703) x14 0x0000000080012094 mem 0x0000000080031f50
core   0: 0x000000008000ff02 (0xfcf76de3) bltu    a4, a5, pc - 38
core   0: 3 0x000000008000ff02 (0xfcf76de3)
core   0: 0x000000008000fedc (0xfe043783) ld      a5, -32(s0)
core   0: 3 0x000000008000fedc (0xfe043783) x15 0x0000000080012094 mem 0x0000000080031f50
core   0: 0x000000008000fee0 (0x00178713) addi    a4, a5, 1
core   0: 3 0x000000008000fee0 (0x00178713) x14 0x0000000080012095
core   0: 0x000000008000fee4 (0xfee43023) sd      a4, -32(s0)
core   0: 3 0x000000008000fee4 (0xfee43023) mem 0x0000000080031f50 0x0000000080012095
core   0: 0x000000008000fee8 (0xfc442703) lw      a4, -60(s0)
core   0: 3 0x000000008000fee8 (0xfc442703) x14 0x0000000000000000 mem 0x0000000080031f34
core   0: 0x000000008000feec (0x0ff77713) andi    a4, a4, 255
core   0: 3 0x000000008000feec (0x0ff77713) x14 0x0000000000000000
core   0: 0x000000008000fef0 (0x00e78023) sb      a4, 0(a5)
core   0: 3 0x000000008000fef0 (0x00e78023) mem 0x0000000080012094 0x00
core   0: 0x000000008000fef4 (0xfc843703) ld      a4, -56(s0)
core   0: 3 0x000000008000fef4 (0xfc843703) x14 0x0000000080012040 mem 0x0000000080031f38
core   0: 0x000000008000fef8 (0xfb843783) ld      a5, -72(s0)
core   0: 3 0x000000008000fef8 (0xfb843783) x15 0x000000000000009c mem 0x0000000080031f28
core   0: 0x000000008000fefc (0x000097ba) c.add   a5, a4
core   0: 3 0x000000008000fefc (0x97ba) x15 0x00000000800120dc
core   0: 0x000000008000fefe (0xfe043703) ld      a4, -32(s0)
core   0: 3 0x000000008000fefe (0xfe043703) x14 0x0000000080012095 mem 0x0000000080031f50
core   0: 0x000000008000ff02 (0xfcf76de3) bltu    a4, a5, pc - 38
core   0: 3 0x000000008000ff02 (0xfcf76de3)
core   0: 0x000000008000fedc (0xfe043783) ld      a5, -32(s0)
core   0: 3 0x000000008000fedc (0xfe043783) x15 0x0000000080012095 mem 0x0000000080031f50
core   0: 0x000000008000fee0 (0x00178713) addi    a4, a5, 1
core   0: 3 0x000000008000fee0 (0x00178713) x14 0x0000000080012096
core   0: 0x000000008000fee4 (0xfee43023) sd      a4, -32(s0)
core   0: 3 0x000000008000fee4 (0xfee43023) mem 0x0000000080031f50 0x0000000080012096
core   0: 0x000000008000fee8 (0xfc442703) lw      a4, -60(s0)
core   0: 3 0x000000008000fee8 (0xfc442703) x14 0x0000000000000000 mem 0x0000000080031f34
core   0: 0x000000008000feec (0x0ff77713) andi    a4, a4, 255
core   0: 3 0x000000008000feec (0x0ff77713) x14 0x0000000000000000
core   0: 0x000000008000fef0 (0x00e78023) sb      a4, 0(a5)
core   0: 3 0x000000008000fef0 (0x00e78023) mem 0x0000000080012095 0x00
core   0: 0x000000008000fef4 (0xfc843703) ld      a4, -56(s0)
core   0: 3 0x000000008000fef4 (0xfc843703) x14 0x0000000080012040 mem 0x0000000080031f38
core   0: 0x000000008000fef8 (0xfb843783) ld      a5, -72(s0)
core   0: 3 0x000000008000fef8 (0xfb843783) x15 0x000000000000009c mem 0x0000000080031f28
core   0: 0x000000008000fefc (0x000097ba) c.add   a5, a4
core   0: 3 0x000000008000fefc (0x97ba) x15 0x00000000800120dc
core   0: 0x000000008000fefe (0xfe043703) ld      a4, -32(s0)
core   0: 3 0x000000008000fefe (0xfe043703) x14 0x0000000080012096 mem 0x0000000080031f50
core   0: 0x000000008000ff02 (0xfcf76de3) bltu    a4, a5, pc - 38
core   0: 3 0x000000008000ff02 (0xfcf76de3)
core   0: 0x000000008000fedc (0xfe043783) ld      a5, -32(s0)
core   0: 3 0x000000008000fedc (0xfe043783) x15 0x0000000080012096 mem 0x0000000080031f50
core   0: 0x000000008000fee0 (0x00178713) addi    a4, a5, 1
core   0: 3 0x000000008000fee0 (0x00178713) x14 0x0000000080012097
core   0: 0x000000008000fee4 (0xfee43023) sd      a4, -32(s0)
core   0: 3 0x000000008000fee4 (0xfee43023) mem 0x0000000080031f50 0x0000000080012097
core   0: 0x000000008000fee8 (0xfc442703) lw      a4, -60(s0)
core   0: 3 0x000000008000fee8 (0xfc442703) x14 0x0000000000000000 mem 0x0000000080031f34
core   0: 0x000000008000feec (0x0ff77713) andi    a4, a4, 255
core   0: 3 0x000000008000feec (0x0ff77713) x14 0x0000000000000000
core   0: 0x000000008000fef0 (0x00e78023) sb      a4, 0(a5)
core   0: 3 0x000000008000fef0 (0x00e78023) mem 0x0000000080012096 0x00
core   0: 0x000000008000fef4 (0xfc843703) ld      a4, -56(s0)
core   0: 3 0x000000008000fef4 (0xfc843703) x14 0x0000000080012040 mem 0x0000000080031f38
core   0: 0x000000008000fef8 (0xfb843783) ld      a5, -72(s0)
core   0: 3 0x000000008000fef8 (0xfb843783) x15 0x000000000000009c mem 0x0000000080031f28
core   0: 0x000000008000fefc (0x000097ba) c.add   a5, a4
core   0: 3 0x000000008000fefc (0x97ba) x15 0x00000000800120dc
core   0: 0x000000008000fefe (0xfe043703) ld      a4, -32(s0)
core   0: 3 0x000000008000fefe (0xfe043703) x14 0x0000000080012097 mem 0x0000000080031f50
core   0: 0x000000008000ff02 (0xfcf76de3) bltu    a4, a5, pc - 38
core   0: 3 0x000000008000ff02 (0xfcf76de3)
core   0: 0x000000008000fedc (0xfe043783) ld      a5, -32(s0)
core   0: 3 0x000000008000fedc (0xfe043783) x15 0x0000000080012097 mem 0x0000000080031f50
core   0: 0x000000008000fee0 (0x00178713) addi    a4, a5, 1
core   0: 3 0x000000008000fee0 (0x00178713) x14 0x0000000080012098
core   0: 0x000000008000fee4 (0xfee43023) sd      a4, -32(s0)
core   0: 3 0x000000008000fee4 (0xfee43023) mem 0x0000000080031f50 0x0000000080012098
core   0: 0x000000008000fee8 (0xfc442703) lw      a4, -60(s0)
core   0: 3 0x000000008000fee8 (0xfc442703) x14 0x0000000000000000 mem 0x0000000080031f34
core   0: 0x000000008000feec (0x0ff77713) andi    a4, a4, 255
core   0: 3 0x000000008000feec (0x0ff77713) x14 0x0000000000000000
core   0: 0x000000008000fef0 (0x00e78023) sb      a4, 0(a5)
core   0: 3 0x000000008000fef0 (0x00e78023) mem 0x0000000080012097 0x00
core   0: 0x000000008000fef4 (0xfc843703) ld      a4, -56(s0)
core   0: 3 0x000000008000fef4 (0xfc843703) x14 0x0000000080012040 mem 0x0000000080031f38
core   0: 0x000000008000fef8 (0xfb843783) ld      a5, -72(s0)
core   0: 3 0x000000008000fef8 (0xfb843783) x15 0x000000000000009c mem 0x0000000080031f28
core   0: 0x000000008000fefc (0x000097ba) c.add   a5, a4
core   0: 3 0x000000008000fefc (0x97ba) x15 0x00000000800120dc
core   0: 0x000000008000fefe (0xfe043703) ld      a4, -32(s0)
core   0: 3 0x000000008000fefe (0xfe043703) x14 0x0000000080012098 mem 0x0000000080031f50
core   0: 0x000000008000ff02 (0xfcf76de3) bltu    a4, a5, pc - 38
core   0: 3 0x000000008000ff02 (0xfcf76de3)
core   0: 0x000000008000fedc (0xfe043783) ld      a5, -32(s0)
core   0: 3 0x000000008000fedc (0xfe043783) x15 0x0000000080012098 mem 0x0000000080031f50
core   0: 0x000000008000fee0 (0x00178713) addi    a4, a5, 1
core   0: 3 0x000000008000fee0 (0x00178713) x14 0x0000000080012099
core   0: 0x000000008000fee4 (0xfee43023) sd      a4, -32(s0)
core   0: 3 0x000000008000fee4 (0xfee43023) mem 0x0000000080031f50 0x0000000080012099
core   0: 0x000000008000fee8 (0xfc442703) lw      a4, -60(s0)
core   0: 3 0x000000008000fee8 (0xfc442703) x14 0x0000000000000000 mem 0x0000000080031f34
core   0: 0x000000008000feec (0x0ff77713) andi    a4, a4, 255
core   0: 3 0x000000008000feec (0x0ff77713) x14 0x0000000000000000
core   0: 0x000000008000fef0 (0x00e78023) sb      a4, 0(a5)
core   0: 3 0x000000008000fef0 (0x00e78023) mem 0x0000000080012098 0x00
core   0: 0x000000008000fef4 (0xfc843703) ld      a4, -56(s0)
core   0: 3 0x000000008000fef4 (0xfc843703) x14 0x0000000080012040 mem 0x0000000080031f38
core   0: 0x000000008000fef8 (0xfb843783) ld      a5, -72(s0)
core   0: 3 0x000000008000fef8 (0xfb843783) x15 0x000000000000009c mem 0x0000000080031f28
core   0: 0x000000008000fefc (0x000097ba) c.add   a5, a4
core   0: 3 0x000000008000fefc (0x97ba) x15 0x00000000800120dc
core   0: 0x000000008000fefe (0xfe043703) ld      a4, -32(s0)
core   0: 3 0x000000008000fefe (0xfe043703) x14 0x0000000080012099 mem 0x0000000080031f50
core   0: 0x000000008000ff02 (0xfcf76de3) bltu    a4, a5, pc - 38
core   0: 3 0x000000008000ff02 (0xfcf76de3)
core   0: 0x000000008000fedc (0xfe043783) ld      a5, -32(s0)
core   0: 3 0x000000008000fedc (0xfe043783) x15 0x0000000080012099 mem 0x0000000080031f50
core   0: 0x000000008000fee0 (0x00178713) addi    a4, a5, 1
core   0: 3 0x000000008000fee0 (0x00178713) x14 0x000000008001209a
core   0: 0x000000008000fee4 (0xfee43023) sd      a4, -32(s0)
core   0: 3 0x000000008000fee4 (0xfee43023) mem 0x0000000080031f50 0x000000008001209a
core   0: 0x000000008000fee8 (0xfc442703) lw      a4, -60(s0)
core   0: 3 0x000000008000fee8 (0xfc442703) x14 0x0000000000000000 mem 0x0000000080031f34
core   0: 0x000000008000feec (0x0ff77713) andi    a4, a4, 255
core   0: 3 0x000000008000feec (0x0ff77713) x14 0x0000000000000000
core   0: 0x000000008000fef0 (0x00e78023) sb      a4, 0(a5)
core   0: 3 0x000000008000fef0 (0x00e78023) mem 0x0000000080012099 0x00
core   0: 0x000000008000fef4 (0xfc843703) ld      a4, -56(s0)
core   0: 3 0x000000008000fef4 (0xfc843703) x14 0x0000000080012040 mem 0x0000000080031f38
core   0: 0x000000008000fef8 (0xfb843783) ld      a5, -72(s0)
core   0: 3 0x000000008000fef8 (0xfb843783) x15 0x000000000000009c mem 0x0000000080031f28
core   0: 0x000000008000fefc (0x000097ba) c.add   a5, a4
core   0: 3 0x000000008000fefc (0x97ba) x15 0x00000000800120dc
core   0: 0x000000008000fefe (0xfe043703) ld      a4, -32(s0)
core   0: 3 0x000000008000fefe (0xfe043703) x14 0x000000008001209a mem 0x0000000080031f50
core   0: 0x000000008000ff02 (0xfcf76de3) bltu    a4, a5, pc - 38
core   0: 3 0x000000008000ff02 (0xfcf76de3)
core   0: 0x000000008000fedc (0xfe043783) ld      a5, -32(s0)
core   0: 3 0x000000008000fedc (0xfe043783) x15 0x000000008001209a mem 0x0000000080031f50
core   0: 0x000000008000fee0 (0x00178713) addi    a4, a5, 1
core   0: 3 0x000000008000fee0 (0x00178713) x14 0x000000008001209b
core   0: 0x000000008000fee4 (0xfee43023) sd      a4, -32(s0)
core   0: 3 0x000000008000fee4 (0xfee43023) mem 0x0000000080031f50 0x000000008001209b
core   0: 0x000000008000fee8 (0xfc442703) lw      a4, -60(s0)
core   0: 3 0x000000008000fee8 (0xfc442703) x14 0x0000000000000000 mem 0x0000000080031f34
core   0: 0x000000008000feec (0x0ff77713) andi    a4, a4, 255
core   0: 3 0x000000008000feec (0x0ff77713) x14 0x0000000000000000
core   0: 0x000000008000fef0 (0x00e78023) sb      a4, 0(a5)
core   0: 3 0x000000008000fef0 (0x00e78023) mem 0x000000008001209a 0x00
core   0: 0x000000008000fef4 (0xfc843703) ld      a4, -56(s0)
core   0: 3 0x000000008000fef4 (0xfc843703) x14 0x0000000080012040 mem 0x0000000080031f38
core   0: 0x000000008000fef8 (0xfb843783) ld      a5, -72(s0)
core   0: 3 0x000000008000fef8 (0xfb843783) x15 0x000000000000009c mem 0x0000000080031f28
core   0: 0x000000008000fefc (0x000097ba) c.add   a5, a4
core   0: 3 0x000000008000fefc (0x97ba) x15 0x00000000800120dc
core   0: 0x000000008000fefe (0xfe043703) ld      a4, -32(s0)
core   0: 3 0x000000008000fefe (0xfe043703) x14 0x000000008001209b mem 0x0000000080031f50
core   0: 0x000000008000ff02 (0xfcf76de3) bltu    a4, a5, pc - 38
core   0: 3 0x000000008000ff02 (0xfcf76de3)
core   0: 0x000000008000fedc (0xfe043783) ld      a5, -32(s0)
core   0: 3 0x000000008000fedc (0xfe043783) x15 0x000000008001209b mem 0x0000000080031f50
core   0: 0x000000008000fee0 (0x00178713) addi    a4, a5, 1
core   0: 3 0x000000008000fee0 (0x00178713) x14 0x000000008001209c
core   0: 0x000000008000fee4 (0xfee43023) sd      a4, -32(s0)
core   0: 3 0x000000008000fee4 (0xfee43023) mem 0x0000000080031f50 0x000000008001209c
core   0: 0x000000008000fee8 (0xfc442703) lw      a4, -60(s0)
core   0: 3 0x000000008000fee8 (0xfc442703) x14 0x0000000000000000 mem 0x0000000080031f34
core   0: 0x000000008000feec (0x0ff77713) andi    a4, a4, 255
core   0: 3 0x000000008000feec (0x0ff77713) x14 0x0000000000000000
core   0: 0x000000008000fef0 (0x00e78023) sb      a4, 0(a5)
core   0: 3 0x000000008000fef0 (0x00e78023) mem 0x000000008001209b 0x00
core   0: 0x000000008000fef4 (0xfc843703) ld      a4, -56(s0)
core   0: 3 0x000000008000fef4 (0xfc843703) x14 0x0000000080012040 mem 0x0000000080031f38
core   0: 0x000000008000fef8 (0xfb843783) ld      a5, -72(s0)
core   0: 3 0x000000008000fef8 (0xfb843783) x15 0x000000000000009c mem 0x0000000080031f28
core   0: 0x000000008000fefc (0x000097ba) c.add   a5, a4
core   0: 3 0x000000008000fefc (0x97ba) x15 0x00000000800120dc
core   0: 0x000000008000fefe (0xfe043703) ld      a4, -32(s0)
core   0: 3 0x000000008000fefe (0xfe043703) x14 0x000000008001209c mem 0x0000000080031f50
core   0: 0x000000008000ff02 (0xfcf76de3) bltu    a4, a5, pc - 38
core   0: 3 0x000000008000ff02 (0xfcf76de3)
core   0: 0x000000008000fedc (0xfe043783) ld      a5, -32(s0)
core   0: 3 0x000000008000fedc (0xfe043783) x15 0x000000008001209c mem 0x0000000080031f50
core   0: 0x000000008000fee0 (0x00178713) addi    a4, a5, 1
core   0: 3 0x000000008000fee0 (0x00178713) x14 0x000000008001209d
core   0: 0x000000008000fee4 (0xfee43023) sd      a4, -32(s0)
core   0: 3 0x000000008000fee4 (0xfee43023) mem 0x0000000080031f50 0x000000008001209d
core   0: 0x000000008000fee8 (0xfc442703) lw      a4, -60(s0)
core   0: 3 0x000000008000fee8 (0xfc442703) x14 0x0000000000000000 mem 0x0000000080031f34
core   0: 0x000000008000feec (0x0ff77713) andi    a4, a4, 255
core   0: 3 0x000000008000feec (0x0ff77713) x14 0x0000000000000000
core   0: 0x000000008000fef0 (0x00e78023) sb      a4, 0(a5)
core   0: 3 0x000000008000fef0 (0x00e78023) mem 0x000000008001209c 0x00
core   0: 0x000000008000fef4 (0xfc843703) ld      a4, -56(s0)
core   0: 3 0x000000008000fef4 (0xfc843703) x14 0x0000000080012040 mem 0x0000000080031f38
core   0: 0x000000008000fef8 (0xfb843783) ld      a5, -72(s0)
core   0: 3 0x000000008000fef8 (0xfb843783) x15 0x000000000000009c mem 0x0000000080031f28
core   0: 0x000000008000fefc (0x000097ba) c.add   a5, a4
core   0: 3 0x000000008000fefc (0x97ba) x15 0x00000000800120dc
core   0: 0x000000008000fefe (0xfe043703) ld      a4, -32(s0)
core   0: 3 0x000000008000fefe (0xfe043703) x14 0x000000008001209d mem 0x0000000080031f50
core   0: 0x000000008000ff02 (0xfcf76de3) bltu    a4, a5, pc - 38
core   0: 3 0x000000008000ff02 (0xfcf76de3)
core   0: 0x000000008000fedc (0xfe043783) ld      a5, -32(s0)
core   0: 3 0x000000008000fedc (0xfe043783) x15 0x000000008001209d mem 0x0000000080031f50
core   0: 0x000000008000fee0 (0x00178713) addi    a4, a5, 1
core   0: 3 0x000000008000fee0 (0x00178713) x14 0x000000008001209e
core   0: 0x000000008000fee4 (0xfee43023) sd      a4, -32(s0)
core   0: 3 0x000000008000fee4 (0xfee43023) mem 0x0000000080031f50 0x000000008001209e
core   0: 0x000000008000fee8 (0xfc442703) lw      a4, -60(s0)
core   0: 3 0x000000008000fee8 (0xfc442703) x14 0x0000000000000000 mem 0x0000000080031f34
core   0: 0x000000008000feec (0x0ff77713) andi    a4, a4, 255
core   0: 3 0x000000008000feec (0x0ff77713) x14 0x0000000000000000
core   0: 0x000000008000fef0 (0x00e78023) sb      a4, 0(a5)
core   0: 3 0x000000008000fef0 (0x00e78023) mem 0x000000008001209d 0x00
core   0: 0x000000008000fef4 (0xfc843703) ld      a4, -56(s0)
core   0: 3 0x000000008000fef4 (0xfc843703) x14 0x0000000080012040 mem 0x0000000080031f38
core   0: 0x000000008000fef8 (0xfb843783) ld      a5, -72(s0)
core   0: 3 0x000000008000fef8 (0xfb843783) x15 0x000000000000009c mem 0x0000000080031f28
core   0: 0x000000008000fefc (0x000097ba) c.add   a5, a4
core   0: 3 0x000000008000fefc (0x97ba) x15 0x00000000800120dc
core   0: 0x000000008000fefe (0xfe043703) ld      a4, -32(s0)
core   0: 3 0x000000008000fefe (0xfe043703) x14 0x000000008001209e mem 0x0000000080031f50
core   0: 0x000000008000ff02 (0xfcf76de3) bltu    a4, a5, pc - 38
core   0: 3 0x000000008000ff02 (0xfcf76de3)
core   0: 0x000000008000fedc (0xfe043783) ld      a5, -32(s0)
core   0: 3 0x000000008000fedc (0xfe043783) x15 0x000000008001209e mem 0x0000000080031f50
core   0: 0x000000008000fee0 (0x00178713) addi    a4, a5, 1
core   0: 3 0x000000008000fee0 (0x00178713) x14 0x000000008001209f
core   0: 0x000000008000fee4 (0xfee43023) sd      a4, -32(s0)
core   0: 3 0x000000008000fee4 (0xfee43023) mem 0x0000000080031f50 0x000000008001209f
core   0: 0x000000008000fee8 (0xfc442703) lw      a4, -60(s0)
core   0: 3 0x000000008000fee8 (0xfc442703) x14 0x0000000000000000 mem 0x0000000080031f34
core   0: 0x000000008000feec (0x0ff77713) andi    a4, a4, 255
core   0: 3 0x000000008000feec (0x0ff77713) x14 0x0000000000000000
core   0: 0x000000008000fef0 (0x00e78023) sb      a4, 0(a5)
core   0: 3 0x000000008000fef0 (0x00e78023) mem 0x000000008001209e 0x00
core   0: 0x000000008000fef4 (0xfc843703) ld      a4, -56(s0)
core   0: 3 0x000000008000fef4 (0xfc843703) x14 0x0000000080012040 mem 0x0000000080031f38
core   0: 0x000000008000fef8 (0xfb843783) ld      a5, -72(s0)
core   0: 3 0x000000008000fef8 (0xfb843783) x15 0x000000000000009c mem 0x0000000080031f28
core   0: 0x000000008000fefc (0x000097ba) c.add   a5, a4
core   0: 3 0x000000008000fefc (0x97ba) x15 0x00000000800120dc
core   0: 0x000000008000fefe (0xfe043703) ld      a4, -32(s0)
core   0: 3 0x000000008000fefe (0xfe043703) x14 0x000000008001209f mem 0x0000000080031f50
core   0: 0x000000008000ff02 (0xfcf76de3) bltu    a4, a5, pc - 38
core   0: 3 0x000000008000ff02 (0xfcf76de3)
core   0: 0x000000008000fedc (0xfe043783) ld      a5, -32(s0)
core   0: 3 0x000000008000fedc (0xfe043783) x15 0x000000008001209f mem 0x0000000080031f50
core   0: 0x000000008000fee0 (0x00178713) addi    a4, a5, 1
core   0: 3 0x000000008000fee0 (0x00178713) x14 0x00000000800120a0
core   0: 0x000000008000fee4 (0xfee43023) sd      a4, -32(s0)
core   0: 3 0x000000008000fee4 (0xfee43023) mem 0x0000000080031f50 0x00000000800120a0
core   0: 0x000000008000fee8 (0xfc442703) lw      a4, -60(s0)
core   0: 3 0x000000008000fee8 (0xfc442703) x14 0x0000000000000000 mem 0x0000000080031f34
core   0: 0x000000008000feec (0x0ff77713) andi    a4, a4, 255
core   0: 3 0x000000008000feec (0x0ff77713) x14 0x0000000000000000
core   0: 0x000000008000fef0 (0x00e78023) sb      a4, 0(a5)
core   0: 3 0x000000008000fef0 (0x00e78023) mem 0x000000008001209f 0x00
core   0: 0x000000008000fef4 (0xfc843703) ld      a4, -56(s0)
core   0: 3 0x000000008000fef4 (0xfc843703) x14 0x0000000080012040 mem 0x0000000080031f38
core   0: 0x000000008000fef8 (0xfb843783) ld      a5, -72(s0)
core   0: 3 0x000000008000fef8 (0xfb843783) x15 0x000000000000009c mem 0x0000000080031f28
core   0: 0x000000008000fefc (0x000097ba) c.add   a5, a4
core   0: 3 0x000000008000fefc (0x97ba) x15 0x00000000800120dc
core   0: 0x000000008000fefe (0xfe043703) ld      a4, -32(s0)
core   0: 3 0x000000008000fefe (0xfe043703) x14 0x00000000800120a0 mem 0x0000000080031f50
core   0: 0x000000008000ff02 (0xfcf76de3) bltu    a4, a5, pc - 38
core   0: 3 0x000000008000ff02 (0xfcf76de3)
core   0: 0x000000008000fedc (0xfe043783) ld      a5, -32(s0)
core   0: 3 0x000000008000fedc (0xfe043783) x15 0x00000000800120a0 mem 0x0000000080031f50
core   0: 0x000000008000fee0 (0x00178713) addi    a4, a5, 1
core   0: 3 0x000000008000fee0 (0x00178713) x14 0x00000000800120a1
core   0: 0x000000008000fee4 (0xfee43023) sd      a4, -32(s0)
core   0: 3 0x000000008000fee4 (0xfee43023) mem 0x0000000080031f50 0x00000000800120a1
core   0: 0x000000008000fee8 (0xfc442703) lw      a4, -60(s0)
core   0: 3 0x000000008000fee8 (0xfc442703) x14 0x0000000000000000 mem 0x0000000080031f34
core   0: 0x000000008000feec (0x0ff77713) andi    a4, a4, 255
core   0: 3 0x000000008000feec (0x0ff77713) x14 0x0000000000000000
core   0: 0x000000008000fef0 (0x00e78023) sb      a4, 0(a5)
core   0: 3 0x000000008000fef0 (0x00e78023) mem 0x00000000800120a0 0x00
core   0: 0x000000008000fef4 (0xfc843703) ld      a4, -56(s0)
core   0: 3 0x000000008000fef4 (0xfc843703) x14 0x0000000080012040 mem 0x0000000080031f38
core   0: 0x000000008000fef8 (0xfb843783) ld      a5, -72(s0)
core   0: 3 0x000000008000fef8 (0xfb843783) x15 0x000000000000009c mem 0x0000000080031f28
core   0: 0x000000008000fefc (0x000097ba) c.add   a5, a4
core   0: 3 0x000000008000fefc (0x97ba) x15 0x00000000800120dc
core   0: 0x000000008000fefe (0xfe043703) ld      a4, -32(s0)
core   0: 3 0x000000008000fefe (0xfe043703) x14 0x00000000800120a1 mem 0x0000000080031f50
core   0: 0x000000008000ff02 (0xfcf76de3) bltu    a4, a5, pc - 38
core   0: 3 0x000000008000ff02 (0xfcf76de3)
core   0: 0x000000008000fedc (0xfe043783) ld      a5, -32(s0)
core   0: 3 0x000000008000fedc (0xfe043783) x15 0x00000000800120a1 mem 0x0000000080031f50
core   0: 0x000000008000fee0 (0x00178713) addi    a4, a5, 1
core   0: 3 0x000000008000fee0 (0x00178713) x14 0x00000000800120a2
core   0: 0x000000008000fee4 (0xfee43023) sd      a4, -32(s0)
core   0: 3 0x000000008000fee4 (0xfee43023) mem 0x0000000080031f50 0x00000000800120a2
core   0: 0x000000008000fee8 (0xfc442703) lw      a4, -60(s0)
core   0: 3 0x000000008000fee8 (0xfc442703) x14 0x0000000000000000 mem 0x0000000080031f34
core   0: 0x000000008000feec (0x0ff77713) andi    a4, a4, 255
core   0: 3 0x000000008000feec (0x0ff77713) x14 0x0000000000000000
core   0: 0x000000008000fef0 (0x00e78023) sb      a4, 0(a5)
core   0: 3 0x000000008000fef0 (0x00e78023) mem 0x00000000800120a1 0x00
core   0: 0x000000008000fef4 (0xfc843703) ld      a4, -56(s0)
core   0: 3 0x000000008000fef4 (0xfc843703) x14 0x0000000080012040 mem 0x0000000080031f38
core   0: 0x000000008000fef8 (0xfb843783) ld      a5, -72(s0)
core   0: 3 0x000000008000fef8 (0xfb843783) x15 0x000000000000009c mem 0x0000000080031f28
core   0: 0x000000008000fefc (0x000097ba) c.add   a5, a4
core   0: 3 0x000000008000fefc (0x97ba) x15 0x00000000800120dc
core   0: 0x000000008000fefe (0xfe043703) ld      a4, -32(s0)
core   0: 3 0x000000008000fefe (0xfe043703) x14 0x00000000800120a2 mem 0x0000000080031f50
core   0: 0x000000008000ff02 (0xfcf76de3) bltu    a4, a5, pc - 38
core   0: 3 0x000000008000ff02 (0xfcf76de3)
core   0: 0x000000008000fedc (0xfe043783) ld      a5, -32(s0)
core   0: 3 0x000000008000fedc (0xfe043783) x15 0x00000000800120a2 mem 0x0000000080031f50
core   0: 0x000000008000fee0 (0x00178713) addi    a4, a5, 1
core   0: 3 0x000000008000fee0 (0x00178713) x14 0x00000000800120a3
core   0: 0x000000008000fee4 (0xfee43023) sd      a4, -32(s0)
core   0: 3 0x000000008000fee4 (0xfee43023) mem 0x0000000080031f50 0x00000000800120a3
core   0: 0x000000008000fee8 (0xfc442703) lw      a4, -60(s0)
core   0: 3 0x000000008000fee8 (0xfc442703) x14 0x0000000000000000 mem 0x0000000080031f34
core   0: 0x000000008000feec (0x0ff77713) andi    a4, a4, 255
core   0: 3 0x000000008000feec (0x0ff77713) x14 0x0000000000000000
core   0: 0x000000008000fef0 (0x00e78023) sb      a4, 0(a5)
core   0: 3 0x000000008000fef0 (0x00e78023) mem 0x00000000800120a2 0x00
core   0: 0x000000008000fef4 (0xfc843703) ld      a4, -56(s0)
core   0: 3 0x000000008000fef4 (0xfc843703) x14 0x0000000080012040 mem 0x0000000080031f38
core   0: 0x000000008000fef8 (0xfb843783) ld      a5, -72(s0)
core   0: 3 0x000000008000fef8 (0xfb843783) x15 0x000000000000009c mem 0x0000000080031f28
core   0: 0x000000008000fefc (0x000097ba) c.add   a5, a4
core   0: 3 0x000000008000fefc (0x97ba) x15 0x00000000800120dc
core   0: 0x000000008000fefe (0xfe043703) ld      a4, -32(s0)
core   0: 3 0x000000008000fefe (0xfe043703) x14 0x00000000800120a3 mem 0x0000000080031f50
core   0: 0x000000008000ff02 (0xfcf76de3) bltu    a4, a5, pc - 38
core   0: 3 0x000000008000ff02 (0xfcf76de3)
core   0: 0x000000008000fedc (0xfe043783) ld      a5, -32(s0)
core   0: 3 0x000000008000fedc (0xfe043783) x15 0x00000000800120a3 mem 0x0000000080031f50
core   0: 0x000000008000fee0 (0x00178713) addi    a4, a5, 1
core   0: 3 0x000000008000fee0 (0x00178713) x14 0x00000000800120a4
core   0: 0x000000008000fee4 (0xfee43023) sd      a4, -32(s0)
core   0: 3 0x000000008000fee4 (0xfee43023) mem 0x0000000080031f50 0x00000000800120a4
core   0: 0x000000008000fee8 (0xfc442703) lw      a4, -60(s0)
core   0: 3 0x000000008000fee8 (0xfc442703) x14 0x0000000000000000 mem 0x0000000080031f34
core   0: 0x000000008000feec (0x0ff77713) andi    a4, a4, 255
core   0: 3 0x000000008000feec (0x0ff77713) x14 0x0000000000000000
core   0: 0x000000008000fef0 (0x00e78023) sb      a4, 0(a5)
core   0: 3 0x000000008000fef0 (0x00e78023) mem 0x00000000800120a3 0x00
core   0: 0x000000008000fef4 (0xfc843703) ld      a4, -56(s0)
core   0: 3 0x000000008000fef4 (0xfc843703) x14 0x0000000080012040 mem 0x0000000080031f38
core   0: 0x000000008000fef8 (0xfb843783) ld      a5, -72(s0)
core   0: 3 0x000000008000fef8 (0xfb843783) x15 0x000000000000009c mem 0x0000000080031f28
core   0: 0x000000008000fefc (0x000097ba) c.add   a5, a4
core   0: 3 0x000000008000fefc (0x97ba) x15 0x00000000800120dc
core   0: 0x000000008000fefe (0xfe043703) ld      a4, -32(s0)
core   0: 3 0x000000008000fefe (0xfe043703) x14 0x00000000800120a4 mem 0x0000000080031f50
core   0: 0x000000008000ff02 (0xfcf76de3) bltu    a4, a5, pc - 38
core   0: 3 0x000000008000ff02 (0xfcf76de3)
core   0: 0x000000008000fedc (0xfe043783) ld      a5, -32(s0)
core   0: 3 0x000000008000fedc (0xfe043783) x15 0x00000000800120a4 mem 0x0000000080031f50
core   0: 0x000000008000fee0 (0x00178713) addi    a4, a5, 1
core   0: 3 0x000000008000fee0 (0x00178713) x14 0x00000000800120a5
core   0: 0x000000008000fee4 (0xfee43023) sd      a4, -32(s0)
core   0: 3 0x000000008000fee4 (0xfee43023) mem 0x0000000080031f50 0x00000000800120a5
core   0: 0x000000008000fee8 (0xfc442703) lw      a4, -60(s0)
core   0: 3 0x000000008000fee8 (0xfc442703) x14 0x0000000000000000 mem 0x0000000080031f34
core   0: 0x000000008000feec (0x0ff77713) andi    a4, a4, 255
core   0: 3 0x000000008000feec (0x0ff77713) x14 0x0000000000000000
core   0: 0x000000008000fef0 (0x00e78023) sb      a4, 0(a5)
core   0: 3 0x000000008000fef0 (0x00e78023) mem 0x00000000800120a4 0x00
core   0: 0x000000008000fef4 (0xfc843703) ld      a4, -56(s0)
core   0: 3 0x000000008000fef4 (0xfc843703) x14 0x0000000080012040 mem 0x0000000080031f38
core   0: 0x000000008000fef8 (0xfb843783) ld      a5, -72(s0)
core   0: 3 0x000000008000fef8 (0xfb843783) x15 0x000000000000009c mem 0x0000000080031f28
core   0: 0x000000008000fefc (0x000097ba) c.add   a5, a4
core   0: 3 0x000000008000fefc (0x97ba) x15 0x00000000800120dc
core   0: 0x000000008000fefe (0xfe043703) ld      a4, -32(s0)
core   0: 3 0x000000008000fefe (0xfe043703) x14 0x00000000800120a5 mem 0x0000000080031f50
core   0: 0x000000008000ff02 (0xfcf76de3) bltu    a4, a5, pc - 38
core   0: 3 0x000000008000ff02 (0xfcf76de3)
core   0: 0x000000008000fedc (0xfe043783) ld      a5, -32(s0)
core   0: 3 0x000000008000fedc (0xfe043783) x15 0x00000000800120a5 mem 0x0000000080031f50
core   0: 0x000000008000fee0 (0x00178713) addi    a4, a5, 1
core   0: 3 0x000000008000fee0 (0x00178713) x14 0x00000000800120a6
core   0: 0x000000008000fee4 (0xfee43023) sd      a4, -32(s0)
core   0: 3 0x000000008000fee4 (0xfee43023) mem 0x0000000080031f50 0x00000000800120a6
core   0: 0x000000008000fee8 (0xfc442703) lw      a4, -60(s0)
core   0: 3 0x000000008000fee8 (0xfc442703) x14 0x0000000000000000 mem 0x0000000080031f34
core   0: 0x000000008000feec (0x0ff77713) andi    a4, a4, 255
core   0: 3 0x000000008000feec (0x0ff77713) x14 0x0000000000000000
core   0: 0x000000008000fef0 (0x00e78023) sb      a4, 0(a5)
core   0: 3 0x000000008000fef0 (0x00e78023) mem 0x00000000800120a5 0x00
core   0: 0x000000008000fef4 (0xfc843703) ld      a4, -56(s0)
core   0: 3 0x000000008000fef4 (0xfc843703) x14 0x0000000080012040 mem 0x0000000080031f38
core   0: 0x000000008000fef8 (0xfb843783) ld      a5, -72(s0)
core   0: 3 0x000000008000fef8 (0xfb843783) x15 0x000000000000009c mem 0x0000000080031f28
core   0: 0x000000008000fefc (0x000097ba) c.add   a5, a4
core   0: 3 0x000000008000fefc (0x97ba) x15 0x00000000800120dc
core   0: 0x000000008000fefe (0xfe043703) ld      a4, -32(s0)
core   0: 3 0x000000008000fefe (0xfe043703) x14 0x00000000800120a6 mem 0x0000000080031f50
core   0: 0x000000008000ff02 (0xfcf76de3) bltu    a4, a5, pc - 38
core   0: 3 0x000000008000ff02 (0xfcf76de3)
core   0: 0x000000008000fedc (0xfe043783) ld      a5, -32(s0)
core   0: 3 0x000000008000fedc (0xfe043783) x15 0x00000000800120a6 mem 0x0000000080031f50
core   0: 0x000000008000fee0 (0x00178713) addi    a4, a5, 1
core   0: 3 0x000000008000fee0 (0x00178713) x14 0x00000000800120a7
core   0: 0x000000008000fee4 (0xfee43023) sd      a4, -32(s0)
core   0: 3 0x000000008000fee4 (0xfee43023) mem 0x0000000080031f50 0x00000000800120a7
core   0: 0x000000008000fee8 (0xfc442703) lw      a4, -60(s0)
core   0: 3 0x000000008000fee8 (0xfc442703) x14 0x0000000000000000 mem 0x0000000080031f34
core   0: 0x000000008000feec (0x0ff77713) andi    a4, a4, 255
core   0: 3 0x000000008000feec (0x0ff77713) x14 0x0000000000000000
core   0: 0x000000008000fef0 (0x00e78023) sb      a4, 0(a5)
core   0: 3 0x000000008000fef0 (0x00e78023) mem 0x00000000800120a6 0x00
core   0: 0x000000008000fef4 (0xfc843703) ld      a4, -56(s0)
core   0: 3 0x000000008000fef4 (0xfc843703) x14 0x0000000080012040 mem 0x0000000080031f38
core   0: 0x000000008000fef8 (0xfb843783) ld      a5, -72(s0)
core   0: 3 0x000000008000fef8 (0xfb843783) x15 0x000000000000009c mem 0x0000000080031f28
core   0: 0x000000008000fefc (0x000097ba) c.add   a5, a4
core   0: 3 0x000000008000fefc (0x97ba) x15 0x00000000800120dc
core   0: 0x000000008000fefe (0xfe043703) ld      a4, -32(s0)
core   0: 3 0x000000008000fefe (0xfe043703) x14 0x00000000800120a7 mem 0x0000000080031f50
core   0: 0x000000008000ff02 (0xfcf76de3) bltu    a4, a5, pc - 38
core   0: 3 0x000000008000ff02 (0xfcf76de3)
core   0: 0x000000008000fedc (0xfe043783) ld      a5, -32(s0)
core   0: 3 0x000000008000fedc (0xfe043783) x15 0x00000000800120a7 mem 0x0000000080031f50
core   0: 0x000000008000fee0 (0x00178713) addi    a4, a5, 1
core   0: 3 0x000000008000fee0 (0x00178713) x14 0x00000000800120a8
core   0: 0x000000008000fee4 (0xfee43023) sd      a4, -32(s0)
core   0: 3 0x000000008000fee4 (0xfee43023) mem 0x0000000080031f50 0x00000000800120a8
core   0: 0x000000008000fee8 (0xfc442703) lw      a4, -60(s0)
core   0: 3 0x000000008000fee8 (0xfc442703) x14 0x0000000000000000 mem 0x0000000080031f34
core   0: 0x000000008000feec (0x0ff77713) andi    a4, a4, 255
core   0: 3 0x000000008000feec (0x0ff77713) x14 0x0000000000000000
core   0: 0x000000008000fef0 (0x00e78023) sb      a4, 0(a5)
core   0: 3 0x000000008000fef0 (0x00e78023) mem 0x00000000800120a7 0x00
core   0: 0x000000008000fef4 (0xfc843703) ld      a4, -56(s0)
core   0: 3 0x000000008000fef4 (0xfc843703) x14 0x0000000080012040 mem 0x0000000080031f38
core   0: 0x000000008000fef8 (0xfb843783) ld      a5, -72(s0)
core   0: 3 0x000000008000fef8 (0xfb843783) x15 0x000000000000009c mem 0x0000000080031f28
core   0: 0x000000008000fefc (0x000097ba) c.add   a5, a4
core   0: 3 0x000000008000fefc (0x97ba) x15 0x00000000800120dc
core   0: 0x000000008000fefe (0xfe043703) ld      a4, -32(s0)
core   0: 3 0x000000008000fefe (0xfe043703) x14 0x00000000800120a8 mem 0x0000000080031f50
core   0: 0x000000008000ff02 (0xfcf76de3) bltu    a4, a5, pc - 38
core   0: 3 0x000000008000ff02 (0xfcf76de3)
core   0: 0x000000008000fedc (0xfe043783) ld      a5, -32(s0)
core   0: 3 0x000000008000fedc (0xfe043783) x15 0x00000000800120a8 mem 0x0000000080031f50
core   0: 0x000000008000fee0 (0x00178713) addi    a4, a5, 1
core   0: 3 0x000000008000fee0 (0x00178713) x14 0x00000000800120a9
core   0: 0x000000008000fee4 (0xfee43023) sd      a4, -32(s0)
core   0: 3 0x000000008000fee4 (0xfee43023) mem 0x0000000080031f50 0x00000000800120a9
core   0: 0x000000008000fee8 (0xfc442703) lw      a4, -60(s0)
core   0: 3 0x000000008000fee8 (0xfc442703) x14 0x0000000000000000 mem 0x0000000080031f34
core   0: 0x000000008000feec (0x0ff77713) andi    a4, a4, 255
core   0: 3 0x000000008000feec (0x0ff77713) x14 0x0000000000000000
core   0: 0x000000008000fef0 (0x00e78023) sb      a4, 0(a5)
core   0: 3 0x000000008000fef0 (0x00e78023) mem 0x00000000800120a8 0x00
core   0: 0x000000008000fef4 (0xfc843703) ld      a4, -56(s0)
core   0: 3 0x000000008000fef4 (0xfc843703) x14 0x0000000080012040 mem 0x0000000080031f38
core   0: 0x000000008000fef8 (0xfb843783) ld      a5, -72(s0)
core   0: 3 0x000000008000fef8 (0xfb843783) x15 0x000000000000009c mem 0x0000000080031f28
core   0: 0x000000008000fefc (0x000097ba) c.add   a5, a4
core   0: 3 0x000000008000fefc (0x97ba) x15 0x00000000800120dc
core   0: 0x000000008000fefe (0xfe043703) ld      a4, -32(s0)
core   0: 3 0x000000008000fefe (0xfe043703) x14 0x00000000800120a9 mem 0x0000000080031f50
core   0: 0x000000008000ff02 (0xfcf76de3) bltu    a4, a5, pc - 38
core   0: 3 0x000000008000ff02 (0xfcf76de3)
core   0: 0x000000008000fedc (0xfe043783) ld      a5, -32(s0)
core   0: 3 0x000000008000fedc (0xfe043783) x15 0x00000000800120a9 mem 0x0000000080031f50
core   0: 0x000000008000fee0 (0x00178713) addi    a4, a5, 1
core   0: 3 0x000000008000fee0 (0x00178713) x14 0x00000000800120aa
core   0: 0x000000008000fee4 (0xfee43023) sd      a4, -32(s0)
core   0: 3 0x000000008000fee4 (0xfee43023) mem 0x0000000080031f50 0x00000000800120aa
core   0: 0x000000008000fee8 (0xfc442703) lw      a4, -60(s0)
core   0: 3 0x000000008000fee8 (0xfc442703) x14 0x0000000000000000 mem 0x0000000080031f34
core   0: 0x000000008000feec (0x0ff77713) andi    a4, a4, 255
core   0: 3 0x000000008000feec (0x0ff77713) x14 0x0000000000000000
core   0: 0x000000008000fef0 (0x00e78023) sb      a4, 0(a5)
core   0: 3 0x000000008000fef0 (0x00e78023) mem 0x00000000800120a9 0x00
core   0: 0x000000008000fef4 (0xfc843703) ld      a4, -56(s0)
core   0: 3 0x000000008000fef4 (0xfc843703) x14 0x0000000080012040 mem 0x0000000080031f38
core   0: 0x000000008000fef8 (0xfb843783) ld      a5, -72(s0)
core   0: 3 0x000000008000fef8 (0xfb843783) x15 0x000000000000009c mem 0x0000000080031f28
core   0: 0x000000008000fefc (0x000097ba) c.add   a5, a4
core   0: 3 0x000000008000fefc (0x97ba) x15 0x00000000800120dc
core   0: 0x000000008000fefe (0xfe043703) ld      a4, -32(s0)
core   0: 3 0x000000008000fefe (0xfe043703) x14 0x00000000800120aa mem 0x0000000080031f50
core   0: 0x000000008000ff02 (0xfcf76de3) bltu    a4, a5, pc - 38
core   0: 3 0x000000008000ff02 (0xfcf76de3)
core   0: 0x000000008000fedc (0xfe043783) ld      a5, -32(s0)
core   0: 3 0x000000008000fedc (0xfe043783) x15 0x00000000800120aa mem 0x0000000080031f50
core   0: 0x000000008000fee0 (0x00178713) addi    a4, a5, 1
core   0: 3 0x000000008000fee0 (0x00178713) x14 0x00000000800120ab
core   0: 0x000000008000fee4 (0xfee43023) sd      a4, -32(s0)
core   0: 3 0x000000008000fee4 (0xfee43023) mem 0x0000000080031f50 0x00000000800120ab
core   0: 0x000000008000fee8 (0xfc442703) lw      a4, -60(s0)
core   0: 3 0x000000008000fee8 (0xfc442703) x14 0x0000000000000000 mem 0x0000000080031f34
core   0: 0x000000008000feec (0x0ff77713) andi    a4, a4, 255
core   0: 3 0x000000008000feec (0x0ff77713) x14 0x0000000000000000
core   0: 0x000000008000fef0 (0x00e78023) sb      a4, 0(a5)
core   0: 3 0x000000008000fef0 (0x00e78023) mem 0x00000000800120aa 0x00
core   0: 0x000000008000fef4 (0xfc843703) ld      a4, -56(s0)
core   0: 3 0x000000008000fef4 (0xfc843703) x14 0x0000000080012040 mem 0x0000000080031f38
core   0: 0x000000008000fef8 (0xfb843783) ld      a5, -72(s0)
core   0: 3 0x000000008000fef8 (0xfb843783) x15 0x000000000000009c mem 0x0000000080031f28
core   0: 0x000000008000fefc (0x000097ba) c.add   a5, a4
core   0: 3 0x000000008000fefc (0x97ba) x15 0x00000000800120dc
core   0: 0x000000008000fefe (0xfe043703) ld      a4, -32(s0)
core   0: 3 0x000000008000fefe (0xfe043703) x14 0x00000000800120ab mem 0x0000000080031f50
core   0: 0x000000008000ff02 (0xfcf76de3) bltu    a4, a5, pc - 38
core   0: 3 0x000000008000ff02 (0xfcf76de3)
core   0: 0x000000008000fedc (0xfe043783) ld      a5, -32(s0)
core   0: 3 0x000000008000fedc (0xfe043783) x15 0x00000000800120ab mem 0x0000000080031f50
core   0: 0x000000008000fee0 (0x00178713) addi    a4, a5, 1
core   0: 3 0x000000008000fee0 (0x00178713) x14 0x00000000800120ac
core   0: 0x000000008000fee4 (0xfee43023) sd      a4, -32(s0)
core   0: 3 0x000000008000fee4 (0xfee43023) mem 0x0000000080031f50 0x00000000800120ac
core   0: 0x000000008000fee8 (0xfc442703) lw      a4, -60(s0)
core   0: 3 0x000000008000fee8 (0xfc442703) x14 0x0000000000000000 mem 0x0000000080031f34
core   0: 0x000000008000feec (0x0ff77713) andi    a4, a4, 255
core   0: 3 0x000000008000feec (0x0ff77713) x14 0x0000000000000000
core   0: 0x000000008000fef0 (0x00e78023) sb      a4, 0(a5)
core   0: 3 0x000000008000fef0 (0x00e78023) mem 0x00000000800120ab 0x00
core   0: 0x000000008000fef4 (0xfc843703) ld      a4, -56(s0)
core   0: 3 0x000000008000fef4 (0xfc843703) x14 0x0000000080012040 mem 0x0000000080031f38
core   0: 0x000000008000fef8 (0xfb843783) ld      a5, -72(s0)
core   0: 3 0x000000008000fef8 (0xfb843783) x15 0x000000000000009c mem 0x0000000080031f28
core   0: 0x000000008000fefc (0x000097ba) c.add   a5, a4
core   0: 3 0x000000008000fefc (0x97ba) x15 0x00000000800120dc
core   0: 0x000000008000fefe (0xfe043703) ld      a4, -32(s0)
core   0: 3 0x000000008000fefe (0xfe043703) x14 0x00000000800120ac mem 0x0000000080031f50
core   0: 0x000000008000ff02 (0xfcf76de3) bltu    a4, a5, pc - 38
core   0: 3 0x000000008000ff02 (0xfcf76de3)
core   0: 0x000000008000fedc (0xfe043783) ld      a5, -32(s0)
core   0: 3 0x000000008000fedc (0xfe043783) x15 0x00000000800120ac mem 0x0000000080031f50
core   0: 0x000000008000fee0 (0x00178713) addi    a4, a5, 1
core   0: 3 0x000000008000fee0 (0x00178713) x14 0x00000000800120ad
core   0: 0x000000008000fee4 (0xfee43023) sd      a4, -32(s0)
core   0: 3 0x000000008000fee4 (0xfee43023) mem 0x0000000080031f50 0x00000000800120ad
core   0: 0x000000008000fee8 (0xfc442703) lw      a4, -60(s0)
core   0: 3 0x000000008000fee8 (0xfc442703) x14 0x0000000000000000 mem 0x0000000080031f34
core   0: 0x000000008000feec (0x0ff77713) andi    a4, a4, 255
core   0: 3 0x000000008000feec (0x0ff77713) x14 0x0000000000000000
core   0: 0x000000008000fef0 (0x00e78023) sb      a4, 0(a5)
core   0: 3 0x000000008000fef0 (0x00e78023) mem 0x00000000800120ac 0x00
core   0: 0x000000008000fef4 (0xfc843703) ld      a4, -56(s0)
core   0: 3 0x000000008000fef4 (0xfc843703) x14 0x0000000080012040 mem 0x0000000080031f38
core   0: 0x000000008000fef8 (0xfb843783) ld      a5, -72(s0)
core   0: 3 0x000000008000fef8 (0xfb843783) x15 0x000000000000009c mem 0x0000000080031f28
core   0: 0x000000008000fefc (0x000097ba) c.add   a5, a4
core   0: 3 0x000000008000fefc (0x97ba) x15 0x00000000800120dc
core   0: 0x000000008000fefe (0xfe043703) ld      a4, -32(s0)
core   0: 3 0x000000008000fefe (0xfe043703) x14 0x00000000800120ad mem 0x0000000080031f50
core   0: 0x000000008000ff02 (0xfcf76de3) bltu    a4, a5, pc - 38
core   0: 3 0x000000008000ff02 (0xfcf76de3)
core   0: 0x000000008000fedc (0xfe043783) ld      a5, -32(s0)
core   0: 3 0x000000008000fedc (0xfe043783) x15 0x00000000800120ad mem 0x0000000080031f50
core   0: 0x000000008000fee0 (0x00178713) addi    a4, a5, 1
core   0: 3 0x000000008000fee0 (0x00178713) x14 0x00000000800120ae
core   0: 0x000000008000fee4 (0xfee43023) sd      a4, -32(s0)
core   0: 3 0x000000008000fee4 (0xfee43023) mem 0x0000000080031f50 0x00000000800120ae
core   0: 0x000000008000fee8 (0xfc442703) lw      a4, -60(s0)
core   0: 3 0x000000008000fee8 (0xfc442703) x14 0x0000000000000000 mem 0x0000000080031f34
core   0: 0x000000008000feec (0x0ff77713) andi    a4, a4, 255
core   0: 3 0x000000008000feec (0x0ff77713) x14 0x0000000000000000
core   0: 0x000000008000fef0 (0x00e78023) sb      a4, 0(a5)
core   0: 3 0x000000008000fef0 (0x00e78023) mem 0x00000000800120ad 0x00
core   0: 0x000000008000fef4 (0xfc843703) ld      a4, -56(s0)
core   0: 3 0x000000008000fef4 (0xfc843703) x14 0x0000000080012040 mem 0x0000000080031f38
core   0: 0x000000008000fef8 (0xfb843783) ld      a5, -72(s0)
core   0: 3 0x000000008000fef8 (0xfb843783) x15 0x000000000000009c mem 0x0000000080031f28
core   0: 0x000000008000fefc (0x000097ba) c.add   a5, a4
core   0: 3 0x000000008000fefc (0x97ba) x15 0x00000000800120dc
core   0: 0x000000008000fefe (0xfe043703) ld      a4, -32(s0)
core   0: 3 0x000000008000fefe (0xfe043703) x14 0x00000000800120ae mem 0x0000000080031f50
core   0: 0x000000008000ff02 (0xfcf76de3) bltu    a4, a5, pc - 38
core   0: 3 0x000000008000ff02 (0xfcf76de3)
core   0: 0x000000008000fedc (0xfe043783) ld      a5, -32(s0)
core   0: 3 0x000000008000fedc (0xfe043783) x15 0x00000000800120ae mem 0x0000000080031f50
core   0: 0x000000008000fee0 (0x00178713) addi    a4, a5, 1
core   0: 3 0x000000008000fee0 (0x00178713) x14 0x00000000800120af
core   0: 0x000000008000fee4 (0xfee43023) sd      a4, -32(s0)
core   0: 3 0x000000008000fee4 (0xfee43023) mem 0x0000000080031f50 0x00000000800120af
core   0: 0x000000008000fee8 (0xfc442703) lw      a4, -60(s0)
core   0: 3 0x000000008000fee8 (0xfc442703) x14 0x0000000000000000 mem 0x0000000080031f34
core   0: 0x000000008000feec (0x0ff77713) andi    a4, a4, 255
core   0: 3 0x000000008000feec (0x0ff77713) x14 0x0000000000000000
core   0: 0x000000008000fef0 (0x00e78023) sb      a4, 0(a5)
core   0: 3 0x000000008000fef0 (0x00e78023) mem 0x00000000800120ae 0x00
core   0: 0x000000008000fef4 (0xfc843703) ld      a4, -56(s0)
core   0: 3 0x000000008000fef4 (0xfc843703) x14 0x0000000080012040 mem 0x0000000080031f38
core   0: 0x000000008000fef8 (0xfb843783) ld      a5, -72(s0)
core   0: 3 0x000000008000fef8 (0xfb843783) x15 0x000000000000009c mem 0x0000000080031f28
core   0: 0x000000008000fefc (0x000097ba) c.add   a5, a4
core   0: 3 0x000000008000fefc (0x97ba) x15 0x00000000800120dc
core   0: 0x000000008000fefe (0xfe043703) ld      a4, -32(s0)
core   0: 3 0x000000008000fefe (0xfe043703) x14 0x00000000800120af mem 0x0000000080031f50
core   0: 0x000000008000ff02 (0xfcf76de3) bltu    a4, a5, pc - 38
core   0: 3 0x000000008000ff02 (0xfcf76de3)
core   0: 0x000000008000fedc (0xfe043783) ld      a5, -32(s0)
core   0: 3 0x000000008000fedc (0xfe043783) x15 0x00000000800120af mem 0x0000000080031f50
core   0: 0x000000008000fee0 (0x00178713) addi    a4, a5, 1
core   0: 3 0x000000008000fee0 (0x00178713) x14 0x00000000800120b0
core   0: 0x000000008000fee4 (0xfee43023) sd      a4, -32(s0)
core   0: 3 0x000000008000fee4 (0xfee43023) mem 0x0000000080031f50 0x00000000800120b0
core   0: 0x000000008000fee8 (0xfc442703) lw      a4, -60(s0)
core   0: 3 0x000000008000fee8 (0xfc442703) x14 0x0000000000000000 mem 0x0000000080031f34
core   0: 0x000000008000feec (0x0ff77713) andi    a4, a4, 255
core   0: 3 0x000000008000feec (0x0ff77713) x14 0x0000000000000000
core   0: 0x000000008000fef0 (0x00e78023) sb      a4, 0(a5)
core   0: 3 0x000000008000fef0 (0x00e78023) mem 0x00000000800120af 0x00
core   0: 0x000000008000fef4 (0xfc843703) ld      a4, -56(s0)
core   0: 3 0x000000008000fef4 (0xfc843703) x14 0x0000000080012040 mem 0x0000000080031f38
core   0: 0x000000008000fef8 (0xfb843783) ld      a5, -72(s0)
core   0: 3 0x000000008000fef8 (0xfb843783) x15 0x000000000000009c mem 0x0000000080031f28
core   0: 0x000000008000fefc (0x000097ba) c.add   a5, a4
core   0: 3 0x000000008000fefc (0x97ba) x15 0x00000000800120dc
core   0: 0x000000008000fefe (0xfe043703) ld      a4, -32(s0)
core   0: 3 0x000000008000fefe (0xfe043703) x14 0x00000000800120b0 mem 0x0000000080031f50
core   0: 0x000000008000ff02 (0xfcf76de3) bltu    a4, a5, pc - 38
core   0: 3 0x000000008000ff02 (0xfcf76de3)
core   0: 0x000000008000fedc (0xfe043783) ld      a5, -32(s0)
core   0: 3 0x000000008000fedc (0xfe043783) x15 0x00000000800120b0 mem 0x0000000080031f50
core   0: 0x000000008000fee0 (0x00178713) addi    a4, a5, 1
core   0: 3 0x000000008000fee0 (0x00178713) x14 0x00000000800120b1
core   0: 0x000000008000fee4 (0xfee43023) sd      a4, -32(s0)
core   0: 3 0x000000008000fee4 (0xfee43023) mem 0x0000000080031f50 0x00000000800120b1
core   0: 0x000000008000fee8 (0xfc442703) lw      a4, -60(s0)
core   0: 3 0x000000008000fee8 (0xfc442703) x14 0x0000000000000000 mem 0x0000000080031f34
core   0: 0x000000008000feec (0x0ff77713) andi    a4, a4, 255
core   0: 3 0x000000008000feec (0x0ff77713) x14 0x0000000000000000
core   0: 0x000000008000fef0 (0x00e78023) sb      a4, 0(a5)
core   0: 3 0x000000008000fef0 (0x00e78023) mem 0x00000000800120b0 0x00
core   0: 0x000000008000fef4 (0xfc843703) ld      a4, -56(s0)
core   0: 3 0x000000008000fef4 (0xfc843703) x14 0x0000000080012040 mem 0x0000000080031f38
core   0: 0x000000008000fef8 (0xfb843783) ld      a5, -72(s0)
core   0: 3 0x000000008000fef8 (0xfb843783) x15 0x000000000000009c mem 0x0000000080031f28
core   0: 0x000000008000fefc (0x000097ba) c.add   a5, a4
core   0: 3 0x000000008000fefc (0x97ba) x15 0x00000000800120dc
core   0: 0x000000008000fefe (0xfe043703) ld      a4, -32(s0)
core   0: 3 0x000000008000fefe (0xfe043703) x14 0x00000000800120b1 mem 0x0000000080031f50
core   0: 0x000000008000ff02 (0xfcf76de3) bltu    a4, a5, pc - 38
core   0: 3 0x000000008000ff02 (0xfcf76de3)
core   0: 0x000000008000fedc (0xfe043783) ld      a5, -32(s0)
core   0: 3 0x000000008000fedc (0xfe043783) x15 0x00000000800120b1 mem 0x0000000080031f50
core   0: 0x000000008000fee0 (0x00178713) addi    a4, a5, 1
core   0: 3 0x000000008000fee0 (0x00178713) x14 0x00000000800120b2
core   0: 0x000000008000fee4 (0xfee43023) sd      a4, -32(s0)
core   0: 3 0x000000008000fee4 (0xfee43023) mem 0x0000000080031f50 0x00000000800120b2
core   0: 0x000000008000fee8 (0xfc442703) lw      a4, -60(s0)
core   0: 3 0x000000008000fee8 (0xfc442703) x14 0x0000000000000000 mem 0x0000000080031f34
core   0: 0x000000008000feec (0x0ff77713) andi    a4, a4, 255
core   0: 3 0x000000008000feec (0x0ff77713) x14 0x0000000000000000
core   0: 0x000000008000fef0 (0x00e78023) sb      a4, 0(a5)
core   0: 3 0x000000008000fef0 (0x00e78023) mem 0x00000000800120b1 0x00
core   0: 0x000000008000fef4 (0xfc843703) ld      a4, -56(s0)
core   0: 3 0x000000008000fef4 (0xfc843703) x14 0x0000000080012040 mem 0x0000000080031f38
core   0: 0x000000008000fef8 (0xfb843783) ld      a5, -72(s0)
core   0: 3 0x000000008000fef8 (0xfb843783) x15 0x000000000000009c mem 0x0000000080031f28
core   0: 0x000000008000fefc (0x000097ba) c.add   a5, a4
core   0: 3 0x000000008000fefc (0x97ba) x15 0x00000000800120dc
core   0: 0x000000008000fefe (0xfe043703) ld      a4, -32(s0)
core   0: 3 0x000000008000fefe (0xfe043703) x14 0x00000000800120b2 mem 0x0000000080031f50
core   0: 0x000000008000ff02 (0xfcf76de3) bltu    a4, a5, pc - 38
core   0: 3 0x000000008000ff02 (0xfcf76de3)
core   0: 0x000000008000fedc (0xfe043783) ld      a5, -32(s0)
core   0: 3 0x000000008000fedc (0xfe043783) x15 0x00000000800120b2 mem 0x0000000080031f50
core   0: 0x000000008000fee0 (0x00178713) addi    a4, a5, 1
core   0: 3 0x000000008000fee0 (0x00178713) x14 0x00000000800120b3
core   0: 0x000000008000fee4 (0xfee43023) sd      a4, -32(s0)
core   0: 3 0x000000008000fee4 (0xfee43023) mem 0x0000000080031f50 0x00000000800120b3
core   0: 0x000000008000fee8 (0xfc442703) lw      a4, -60(s0)
core   0: 3 0x000000008000fee8 (0xfc442703) x14 0x0000000000000000 mem 0x0000000080031f34
core   0: 0x000000008000feec (0x0ff77713) andi    a4, a4, 255
core   0: 3 0x000000008000feec (0x0ff77713) x14 0x0000000000000000
core   0: 0x000000008000fef0 (0x00e78023) sb      a4, 0(a5)
core   0: 3 0x000000008000fef0 (0x00e78023) mem 0x00000000800120b2 0x00
core   0: 0x000000008000fef4 (0xfc843703) ld      a4, -56(s0)
core   0: 3 0x000000008000fef4 (0xfc843703) x14 0x0000000080012040 mem 0x0000000080031f38
core   0: 0x000000008000fef8 (0xfb843783) ld      a5, -72(s0)
core   0: 3 0x000000008000fef8 (0xfb843783) x15 0x000000000000009c mem 0x0000000080031f28
core   0: 0x000000008000fefc (0x000097ba) c.add   a5, a4
core   0: 3 0x000000008000fefc (0x97ba) x15 0x00000000800120dc
core   0: 0x000000008000fefe (0xfe043703) ld      a4, -32(s0)
core   0: 3 0x000000008000fefe (0xfe043703) x14 0x00000000800120b3 mem 0x0000000080031f50
core   0: 0x000000008000ff02 (0xfcf76de3) bltu    a4, a5, pc - 38
core   0: 3 0x000000008000ff02 (0xfcf76de3)
core   0: 0x000000008000fedc (0xfe043783) ld      a5, -32(s0)
core   0: 3 0x000000008000fedc (0xfe043783) x15 0x00000000800120b3 mem 0x0000000080031f50
core   0: 0x000000008000fee0 (0x00178713) addi    a4, a5, 1
core   0: 3 0x000000008000fee0 (0x00178713) x14 0x00000000800120b4
core   0: 0x000000008000fee4 (0xfee43023) sd      a4, -32(s0)
core   0: 3 0x000000008000fee4 (0xfee43023) mem 0x0000000080031f50 0x00000000800120b4
core   0: 0x000000008000fee8 (0xfc442703) lw      a4, -60(s0)
core   0: 3 0x000000008000fee8 (0xfc442703) x14 0x0000000000000000 mem 0x0000000080031f34
core   0: 0x000000008000feec (0x0ff77713) andi    a4, a4, 255
core   0: 3 0x000000008000feec (0x0ff77713) x14 0x0000000000000000
core   0: 0x000000008000fef0 (0x00e78023) sb      a4, 0(a5)
core   0: 3 0x000000008000fef0 (0x00e78023) mem 0x00000000800120b3 0x00
core   0: 0x000000008000fef4 (0xfc843703) ld      a4, -56(s0)
core   0: 3 0x000000008000fef4 (0xfc843703) x14 0x0000000080012040 mem 0x0000000080031f38
core   0: 0x000000008000fef8 (0xfb843783) ld      a5, -72(s0)
core   0: 3 0x000000008000fef8 (0xfb843783) x15 0x000000000000009c mem 0x0000000080031f28
core   0: 0x000000008000fefc (0x000097ba) c.add   a5, a4
core   0: 3 0x000000008000fefc (0x97ba) x15 0x00000000800120dc
core   0: 0x000000008000fefe (0xfe043703) ld      a4, -32(s0)
core   0: 3 0x000000008000fefe (0xfe043703) x14 0x00000000800120b4 mem 0x0000000080031f50
core   0: 0x000000008000ff02 (0xfcf76de3) bltu    a4, a5, pc - 38
core   0: 3 0x000000008000ff02 (0xfcf76de3)
core   0: 0x000000008000fedc (0xfe043783) ld      a5, -32(s0)
core   0: 3 0x000000008000fedc (0xfe043783) x15 0x00000000800120b4 mem 0x0000000080031f50
core   0: 0x000000008000fee0 (0x00178713) addi    a4, a5, 1
core   0: 3 0x000000008000fee0 (0x00178713) x14 0x00000000800120b5
core   0: 0x000000008000fee4 (0xfee43023) sd      a4, -32(s0)
core   0: 3 0x000000008000fee4 (0xfee43023) mem 0x0000000080031f50 0x00000000800120b5
core   0: 0x000000008000fee8 (0xfc442703) lw      a4, -60(s0)
core   0: 3 0x000000008000fee8 (0xfc442703) x14 0x0000000000000000 mem 0x0000000080031f34
core   0: 0x000000008000feec (0x0ff77713) andi    a4, a4, 255
core   0: 3 0x000000008000feec (0x0ff77713) x14 0x0000000000000000
core   0: 0x000000008000fef0 (0x00e78023) sb      a4, 0(a5)
core   0: 3 0x000000008000fef0 (0x00e78023) mem 0x00000000800120b4 0x00
core   0: 0x000000008000fef4 (0xfc843703) ld      a4, -56(s0)
core   0: 3 0x000000008000fef4 (0xfc843703) x14 0x0000000080012040 mem 0x0000000080031f38
core   0: 0x000000008000fef8 (0xfb843783) ld      a5, -72(s0)
core   0: 3 0x000000008000fef8 (0xfb843783) x15 0x000000000000009c mem 0x0000000080031f28
core   0: 0x000000008000fefc (0x000097ba) c.add   a5, a4
core   0: 3 0x000000008000fefc (0x97ba) x15 0x00000000800120dc
core   0: 0x000000008000fefe (0xfe043703) ld      a4, -32(s0)
core   0: 3 0x000000008000fefe (0xfe043703) x14 0x00000000800120b5 mem 0x0000000080031f50
core   0: 0x000000008000ff02 (0xfcf76de3) bltu    a4, a5, pc - 38
core   0: 3 0x000000008000ff02 (0xfcf76de3)
core   0: 0x000000008000fedc (0xfe043783) ld      a5, -32(s0)
core   0: 3 0x000000008000fedc (0xfe043783) x15 0x00000000800120b5 mem 0x0000000080031f50
core   0: 0x000000008000fee0 (0x00178713) addi    a4, a5, 1
core   0: 3 0x000000008000fee0 (0x00178713) x14 0x00000000800120b6
core   0: 0x000000008000fee4 (0xfee43023) sd      a4, -32(s0)
core   0: 3 0x000000008000fee4 (0xfee43023) mem 0x0000000080031f50 0x00000000800120b6
core   0: 0x000000008000fee8 (0xfc442703) lw      a4, -60(s0)
core   0: 3 0x000000008000fee8 (0xfc442703) x14 0x0000000000000000 mem 0x0000000080031f34
core   0: 0x000000008000feec (0x0ff77713) andi    a4, a4, 255
core   0: 3 0x000000008000feec (0x0ff77713) x14 0x0000000000000000
core   0: 0x000000008000fef0 (0x00e78023) sb      a4, 0(a5)
core   0: 3 0x000000008000fef0 (0x00e78023) mem 0x00000000800120b5 0x00
core   0: 0x000000008000fef4 (0xfc843703) ld      a4, -56(s0)
core   0: 3 0x000000008000fef4 (0xfc843703) x14 0x0000000080012040 mem 0x0000000080031f38
core   0: 0x000000008000fef8 (0xfb843783) ld      a5, -72(s0)
core   0: 3 0x000000008000fef8 (0xfb843783) x15 0x000000000000009c mem 0x0000000080031f28
core   0: 0x000000008000fefc (0x000097ba) c.add   a5, a4
core   0: 3 0x000000008000fefc (0x97ba) x15 0x00000000800120dc
core   0: 0x000000008000fefe (0xfe043703) ld      a4, -32(s0)
core   0: 3 0x000000008000fefe (0xfe043703) x14 0x00000000800120b6 mem 0x0000000080031f50
core   0: 0x000000008000ff02 (0xfcf76de3) bltu    a4, a5, pc - 38
core   0: 3 0x000000008000ff02 (0xfcf76de3)
core   0: 0x000000008000fedc (0xfe043783) ld      a5, -32(s0)
core   0: 3 0x000000008000fedc (0xfe043783) x15 0x00000000800120b6 mem 0x0000000080031f50
core   0: 0x000000008000fee0 (0x00178713) addi    a4, a5, 1
core   0: 3 0x000000008000fee0 (0x00178713) x14 0x00000000800120b7
core   0: 0x000000008000fee4 (0xfee43023) sd      a4, -32(s0)
core   0: 3 0x000000008000fee4 (0xfee43023) mem 0x0000000080031f50 0x00000000800120b7
core   0: 0x000000008000fee8 (0xfc442703) lw      a4, -60(s0)
core   0: 3 0x000000008000fee8 (0xfc442703) x14 0x0000000000000000 mem 0x0000000080031f34
core   0: 0x000000008000feec (0x0ff77713) andi    a4, a4, 255
core   0: 3 0x000000008000feec (0x0ff77713) x14 0x0000000000000000
core   0: 0x000000008000fef0 (0x00e78023) sb      a4, 0(a5)
core   0: 3 0x000000008000fef0 (0x00e78023) mem 0x00000000800120b6 0x00
core   0: 0x000000008000fef4 (0xfc843703) ld      a4, -56(s0)
core   0: 3 0x000000008000fef4 (0xfc843703) x14 0x0000000080012040 mem 0x0000000080031f38
core   0: 0x000000008000fef8 (0xfb843783) ld      a5, -72(s0)
core   0: 3 0x000000008000fef8 (0xfb843783) x15 0x000000000000009c mem 0x0000000080031f28
core   0: 0x000000008000fefc (0x000097ba) c.add   a5, a4
core   0: 3 0x000000008000fefc (0x97ba) x15 0x00000000800120dc
core   0: 0x000000008000fefe (0xfe043703) ld      a4, -32(s0)
core   0: 3 0x000000008000fefe (0xfe043703) x14 0x00000000800120b7 mem 0x0000000080031f50
core   0: 0x000000008000ff02 (0xfcf76de3) bltu    a4, a5, pc - 38
core   0: 3 0x000000008000ff02 (0xfcf76de3)
core   0: 0x000000008000fedc (0xfe043783) ld      a5, -32(s0)
core   0: 3 0x000000008000fedc (0xfe043783) x15 0x00000000800120b7 mem 0x0000000080031f50
core   0: 0x000000008000fee0 (0x00178713) addi    a4, a5, 1
core   0: 3 0x000000008000fee0 (0x00178713) x14 0x00000000800120b8
core   0: 0x000000008000fee4 (0xfee43023) sd      a4, -32(s0)
core   0: 3 0x000000008000fee4 (0xfee43023) mem 0x0000000080031f50 0x00000000800120b8
core   0: 0x000000008000fee8 (0xfc442703) lw      a4, -60(s0)
core   0: 3 0x000000008000fee8 (0xfc442703) x14 0x0000000000000000 mem 0x0000000080031f34
core   0: 0x000000008000feec (0x0ff77713) andi    a4, a4, 255
core   0: 3 0x000000008000feec (0x0ff77713) x14 0x0000000000000000
core   0: 0x000000008000fef0 (0x00e78023) sb      a4, 0(a5)
core   0: 3 0x000000008000fef0 (0x00e78023) mem 0x00000000800120b7 0x00
core   0: 0x000000008000fef4 (0xfc843703) ld      a4, -56(s0)
core   0: 3 0x000000008000fef4 (0xfc843703) x14 0x0000000080012040 mem 0x0000000080031f38
core   0: 0x000000008000fef8 (0xfb843783) ld      a5, -72(s0)
core   0: 3 0x000000008000fef8 (0xfb843783) x15 0x000000000000009c mem 0x0000000080031f28
core   0: 0x000000008000fefc (0x000097ba) c.add   a5, a4
core   0: 3 0x000000008000fefc (0x97ba) x15 0x00000000800120dc
core   0: 0x000000008000fefe (0xfe043703) ld      a4, -32(s0)
core   0: 3 0x000000008000fefe (0xfe043703) x14 0x00000000800120b8 mem 0x0000000080031f50
core   0: 0x000000008000ff02 (0xfcf76de3) bltu    a4, a5, pc - 38
core   0: 3 0x000000008000ff02 (0xfcf76de3)
core   0: 0x000000008000fedc (0xfe043783) ld      a5, -32(s0)
core   0: 3 0x000000008000fedc (0xfe043783) x15 0x00000000800120b8 mem 0x0000000080031f50
core   0: 0x000000008000fee0 (0x00178713) addi    a4, a5, 1
core   0: 3 0x000000008000fee0 (0x00178713) x14 0x00000000800120b9
core   0: 0x000000008000fee4 (0xfee43023) sd      a4, -32(s0)
core   0: 3 0x000000008000fee4 (0xfee43023) mem 0x0000000080031f50 0x00000000800120b9
core   0: 0x000000008000fee8 (0xfc442703) lw      a4, -60(s0)
core   0: 3 0x000000008000fee8 (0xfc442703) x14 0x0000000000000000 mem 0x0000000080031f34
core   0: 0x000000008000feec (0x0ff77713) andi    a4, a4, 255
core   0: 3 0x000000008000feec (0x0ff77713) x14 0x0000000000000000
core   0: 0x000000008000fef0 (0x00e78023) sb      a4, 0(a5)
core   0: 3 0x000000008000fef0 (0x00e78023) mem 0x00000000800120b8 0x00
core   0: 0x000000008000fef4 (0xfc843703) ld      a4, -56(s0)
core   0: 3 0x000000008000fef4 (0xfc843703) x14 0x0000000080012040 mem 0x0000000080031f38
core   0: 0x000000008000fef8 (0xfb843783) ld      a5, -72(s0)
core   0: 3 0x000000008000fef8 (0xfb843783) x15 0x000000000000009c mem 0x0000000080031f28
core   0: 0x000000008000fefc (0x000097ba) c.add   a5, a4
core   0: 3 0x000000008000fefc (0x97ba) x15 0x00000000800120dc
core   0: 0x000000008000fefe (0xfe043703) ld      a4, -32(s0)
core   0: 3 0x000000008000fefe (0xfe043703) x14 0x00000000800120b9 mem 0x0000000080031f50
core   0: 0x000000008000ff02 (0xfcf76de3) bltu    a4, a5, pc - 38
core   0: 3 0x000000008000ff02 (0xfcf76de3)
core   0: 0x000000008000fedc (0xfe043783) ld      a5, -32(s0)
core   0: 3 0x000000008000fedc (0xfe043783) x15 0x00000000800120b9 mem 0x0000000080031f50
core   0: 0x000000008000fee0 (0x00178713) addi    a4, a5, 1
core   0: 3 0x000000008000fee0 (0x00178713) x14 0x00000000800120ba
core   0: 0x000000008000fee4 (0xfee43023) sd      a4, -32(s0)
core   0: 3 0x000000008000fee4 (0xfee43023) mem 0x0000000080031f50 0x00000000800120ba
core   0: 0x000000008000fee8 (0xfc442703) lw      a4, -60(s0)
core   0: 3 0x000000008000fee8 (0xfc442703) x14 0x0000000000000000 mem 0x0000000080031f34
core   0: 0x000000008000feec (0x0ff77713) andi    a4, a4, 255
core   0: 3 0x000000008000feec (0x0ff77713) x14 0x0000000000000000
core   0: 0x000000008000fef0 (0x00e78023) sb      a4, 0(a5)
core   0: 3 0x000000008000fef0 (0x00e78023) mem 0x00000000800120b9 0x00
core   0: 0x000000008000fef4 (0xfc843703) ld      a4, -56(s0)
core   0: 3 0x000000008000fef4 (0xfc843703) x14 0x0000000080012040 mem 0x0000000080031f38
core   0: 0x000000008000fef8 (0xfb843783) ld      a5, -72(s0)
core   0: 3 0x000000008000fef8 (0xfb843783) x15 0x000000000000009c mem 0x0000000080031f28
core   0: 0x000000008000fefc (0x000097ba) c.add   a5, a4
core   0: 3 0x000000008000fefc (0x97ba) x15 0x00000000800120dc
core   0: 0x000000008000fefe (0xfe043703) ld      a4, -32(s0)
core   0: 3 0x000000008000fefe (0xfe043703) x14 0x00000000800120ba mem 0x0000000080031f50
core   0: 0x000000008000ff02 (0xfcf76de3) bltu    a4, a5, pc - 38
core   0: 3 0x000000008000ff02 (0xfcf76de3)
core   0: 0x000000008000fedc (0xfe043783) ld      a5, -32(s0)
core   0: 3 0x000000008000fedc (0xfe043783) x15 0x00000000800120ba mem 0x0000000080031f50
core   0: 0x000000008000fee0 (0x00178713) addi    a4, a5, 1
core   0: 3 0x000000008000fee0 (0x00178713) x14 0x00000000800120bb
core   0: 0x000000008000fee4 (0xfee43023) sd      a4, -32(s0)
core   0: 3 0x000000008000fee4 (0xfee43023) mem 0x0000000080031f50 0x00000000800120bb
core   0: 0x000000008000fee8 (0xfc442703) lw      a4, -60(s0)
core   0: 3 0x000000008000fee8 (0xfc442703) x14 0x0000000000000000 mem 0x0000000080031f34
core   0: 0x000000008000feec (0x0ff77713) andi    a4, a4, 255
core   0: 3 0x000000008000feec (0x0ff77713) x14 0x0000000000000000
core   0: 0x000000008000fef0 (0x00e78023) sb      a4, 0(a5)
core   0: 3 0x000000008000fef0 (0x00e78023) mem 0x00000000800120ba 0x00
core   0: 0x000000008000fef4 (0xfc843703) ld      a4, -56(s0)
core   0: 3 0x000000008000fef4 (0xfc843703) x14 0x0000000080012040 mem 0x0000000080031f38
core   0: 0x000000008000fef8 (0xfb843783) ld      a5, -72(s0)
core   0: 3 0x000000008000fef8 (0xfb843783) x15 0x000000000000009c mem 0x0000000080031f28
core   0: 0x000000008000fefc (0x000097ba) c.add   a5, a4
core   0: 3 0x000000008000fefc (0x97ba) x15 0x00000000800120dc
core   0: 0x000000008000fefe (0xfe043703) ld      a4, -32(s0)
core   0: 3 0x000000008000fefe (0xfe043703) x14 0x00000000800120bb mem 0x0000000080031f50
core   0: 0x000000008000ff02 (0xfcf76de3) bltu    a4, a5, pc - 38
core   0: 3 0x000000008000ff02 (0xfcf76de3)
core   0: 0x000000008000fedc (0xfe043783) ld      a5, -32(s0)
core   0: 3 0x000000008000fedc (0xfe043783) x15 0x00000000800120bb mem 0x0000000080031f50
core   0: 0x000000008000fee0 (0x00178713) addi    a4, a5, 1
core   0: 3 0x000000008000fee0 (0x00178713) x14 0x00000000800120bc
core   0: 0x000000008000fee4 (0xfee43023) sd      a4, -32(s0)
core   0: 3 0x000000008000fee4 (0xfee43023) mem 0x0000000080031f50 0x00000000800120bc
core   0: 0x000000008000fee8 (0xfc442703) lw      a4, -60(s0)
core   0: 3 0x000000008000fee8 (0xfc442703) x14 0x0000000000000000 mem 0x0000000080031f34
core   0: 0x000000008000feec (0x0ff77713) andi    a4, a4, 255
core   0: 3 0x000000008000feec (0x0ff77713) x14 0x0000000000000000
core   0: 0x000000008000fef0 (0x00e78023) sb      a4, 0(a5)
core   0: 3 0x000000008000fef0 (0x00e78023) mem 0x00000000800120bb 0x00
core   0: 0x000000008000fef4 (0xfc843703) ld      a4, -56(s0)
core   0: 3 0x000000008000fef4 (0xfc843703) x14 0x0000000080012040 mem 0x0000000080031f38
core   0: 0x000000008000fef8 (0xfb843783) ld      a5, -72(s0)
core   0: 3 0x000000008000fef8 (0xfb843783) x15 0x000000000000009c mem 0x0000000080031f28
core   0: 0x000000008000fefc (0x000097ba) c.add   a5, a4
core   0: 3 0x000000008000fefc (0x97ba) x15 0x00000000800120dc
core   0: 0x000000008000fefe (0xfe043703) ld      a4, -32(s0)
core   0: 3 0x000000008000fefe (0xfe043703) x14 0x00000000800120bc mem 0x0000000080031f50
core   0: 0x000000008000ff02 (0xfcf76de3) bltu    a4, a5, pc - 38
core   0: 3 0x000000008000ff02 (0xfcf76de3)
core   0: 0x000000008000fedc (0xfe043783) ld      a5, -32(s0)
core   0: 3 0x000000008000fedc (0xfe043783) x15 0x00000000800120bc mem 0x0000000080031f50
core   0: 0x000000008000fee0 (0x00178713) addi    a4, a5, 1
core   0: 3 0x000000008000fee0 (0x00178713) x14 0x00000000800120bd
core   0: 0x000000008000fee4 (0xfee43023) sd      a4, -32(s0)
core   0: 3 0x000000008000fee4 (0xfee43023) mem 0x0000000080031f50 0x00000000800120bd
core   0: 0x000000008000fee8 (0xfc442703) lw      a4, -60(s0)
core   0: 3 0x000000008000fee8 (0xfc442703) x14 0x0000000000000000 mem 0x0000000080031f34
core   0: 0x000000008000feec (0x0ff77713) andi    a4, a4, 255
core   0: 3 0x000000008000feec (0x0ff77713) x14 0x0000000000000000
core   0: 0x000000008000fef0 (0x00e78023) sb      a4, 0(a5)
core   0: 3 0x000000008000fef0 (0x00e78023) mem 0x00000000800120bc 0x00
core   0: 0x000000008000fef4 (0xfc843703) ld      a4, -56(s0)
core   0: 3 0x000000008000fef4 (0xfc843703) x14 0x0000000080012040 mem 0x0000000080031f38
core   0: 0x000000008000fef8 (0xfb843783) ld      a5, -72(s0)
core   0: 3 0x000000008000fef8 (0xfb843783) x15 0x000000000000009c mem 0x0000000080031f28
core   0: 0x000000008000fefc (0x000097ba) c.add   a5, a4
core   0: 3 0x000000008000fefc (0x97ba) x15 0x00000000800120dc
core   0: 0x000000008000fefe (0xfe043703) ld      a4, -32(s0)
core   0: 3 0x000000008000fefe (0xfe043703) x14 0x00000000800120bd mem 0x0000000080031f50
core   0: 0x000000008000ff02 (0xfcf76de3) bltu    a4, a5, pc - 38
core   0: 3 0x000000008000ff02 (0xfcf76de3)
core   0: 0x000000008000fedc (0xfe043783) ld      a5, -32(s0)
core   0: 3 0x000000008000fedc (0xfe043783) x15 0x00000000800120bd mem 0x0000000080031f50
core   0: 0x000000008000fee0 (0x00178713) addi    a4, a5, 1
core   0: 3 0x000000008000fee0 (0x00178713) x14 0x00000000800120be
core   0: 0x000000008000fee4 (0xfee43023) sd      a4, -32(s0)
core   0: 3 0x000000008000fee4 (0xfee43023) mem 0x0000000080031f50 0x00000000800120be
core   0: 0x000000008000fee8 (0xfc442703) lw      a4, -60(s0)
core   0: 3 0x000000008000fee8 (0xfc442703) x14 0x0000000000000000 mem 0x0000000080031f34
core   0: 0x000000008000feec (0x0ff77713) andi    a4, a4, 255
core   0: 3 0x000000008000feec (0x0ff77713) x14 0x0000000000000000
core   0: 0x000000008000fef0 (0x00e78023) sb      a4, 0(a5)
core   0: 3 0x000000008000fef0 (0x00e78023) mem 0x00000000800120bd 0x00
core   0: 0x000000008000fef4 (0xfc843703) ld      a4, -56(s0)
core   0: 3 0x000000008000fef4 (0xfc843703) x14 0x0000000080012040 mem 0x0000000080031f38
core   0: 0x000000008000fef8 (0xfb843783) ld      a5, -72(s0)
core   0: 3 0x000000008000fef8 (0xfb843783) x15 0x000000000000009c mem 0x0000000080031f28
core   0: 0x000000008000fefc (0x000097ba) c.add   a5, a4
core   0: 3 0x000000008000fefc (0x97ba) x15 0x00000000800120dc
core   0: 0x000000008000fefe (0xfe043703) ld      a4, -32(s0)
core   0: 3 0x000000008000fefe (0xfe043703) x14 0x00000000800120be mem 0x0000000080031f50
core   0: 0x000000008000ff02 (0xfcf76de3) bltu    a4, a5, pc - 38
core   0: 3 0x000000008000ff02 (0xfcf76de3)
core   0: 0x000000008000fedc (0xfe043783) ld      a5, -32(s0)
core   0: 3 0x000000008000fedc (0xfe043783) x15 0x00000000800120be mem 0x0000000080031f50
core   0: 0x000000008000fee0 (0x00178713) addi    a4, a5, 1
core   0: 3 0x000000008000fee0 (0x00178713) x14 0x00000000800120bf
core   0: 0x000000008000fee4 (0xfee43023) sd      a4, -32(s0)
core   0: 3 0x000000008000fee4 (0xfee43023) mem 0x0000000080031f50 0x00000000800120bf
core   0: 0x000000008000fee8 (0xfc442703) lw      a4, -60(s0)
core   0: 3 0x000000008000fee8 (0xfc442703) x14 0x0000000000000000 mem 0x0000000080031f34
core   0: 0x000000008000feec (0x0ff77713) andi    a4, a4, 255
core   0: 3 0x000000008000feec (0x0ff77713) x14 0x0000000000000000
core   0: 0x000000008000fef0 (0x00e78023) sb      a4, 0(a5)
core   0: 3 0x000000008000fef0 (0x00e78023) mem 0x00000000800120be 0x00
core   0: 0x000000008000fef4 (0xfc843703) ld      a4, -56(s0)
core   0: 3 0x000000008000fef4 (0xfc843703) x14 0x0000000080012040 mem 0x0000000080031f38
core   0: 0x000000008000fef8 (0xfb843783) ld      a5, -72(s0)
core   0: 3 0x000000008000fef8 (0xfb843783) x15 0x000000000000009c mem 0x0000000080031f28
core   0: 0x000000008000fefc (0x000097ba) c.add   a5, a4
core   0: 3 0x000000008000fefc (0x97ba) x15 0x00000000800120dc
core   0: 0x000000008000fefe (0xfe043703) ld      a4, -32(s0)
core   0: 3 0x000000008000fefe (0xfe043703) x14 0x00000000800120bf mem 0x0000000080031f50
core   0: 0x000000008000ff02 (0xfcf76de3) bltu    a4, a5, pc - 38
core   0: 3 0x000000008000ff02 (0xfcf76de3)
core   0: 0x000000008000fedc (0xfe043783) ld      a5, -32(s0)
core   0: 3 0x000000008000fedc (0xfe043783) x15 0x00000000800120bf mem 0x0000000080031f50
core   0: 0x000000008000fee0 (0x00178713) addi    a4, a5, 1
core   0: 3 0x000000008000fee0 (0x00178713) x14 0x00000000800120c0
core   0: 0x000000008000fee4 (0xfee43023) sd      a4, -32(s0)
core   0: 3 0x000000008000fee4 (0xfee43023) mem 0x0000000080031f50 0x00000000800120c0
core   0: 0x000000008000fee8 (0xfc442703) lw      a4, -60(s0)
core   0: 3 0x000000008000fee8 (0xfc442703) x14 0x0000000000000000 mem 0x0000000080031f34
core   0: 0x000000008000feec (0x0ff77713) andi    a4, a4, 255
core   0: 3 0x000000008000feec (0x0ff77713) x14 0x0000000000000000
core   0: 0x000000008000fef0 (0x00e78023) sb      a4, 0(a5)
core   0: 3 0x000000008000fef0 (0x00e78023) mem 0x00000000800120bf 0x00
core   0: 0x000000008000fef4 (0xfc843703) ld      a4, -56(s0)
core   0: 3 0x000000008000fef4 (0xfc843703) x14 0x0000000080012040 mem 0x0000000080031f38
core   0: 0x000000008000fef8 (0xfb843783) ld      a5, -72(s0)
core   0: 3 0x000000008000fef8 (0xfb843783) x15 0x000000000000009c mem 0x0000000080031f28
core   0: 0x000000008000fefc (0x000097ba) c.add   a5, a4
core   0: 3 0x000000008000fefc (0x97ba) x15 0x00000000800120dc
core   0: 0x000000008000fefe (0xfe043703) ld      a4, -32(s0)
core   0: 3 0x000000008000fefe (0xfe043703) x14 0x00000000800120c0 mem 0x0000000080031f50
core   0: 0x000000008000ff02 (0xfcf76de3) bltu    a4, a5, pc - 38
core   0: 3 0x000000008000ff02 (0xfcf76de3)
core   0: 0x000000008000fedc (0xfe043783) ld      a5, -32(s0)
core   0: 3 0x000000008000fedc (0xfe043783) x15 0x00000000800120c0 mem 0x0000000080031f50
core   0: 0x000000008000fee0 (0x00178713) addi    a4, a5, 1
core   0: 3 0x000000008000fee0 (0x00178713) x14 0x00000000800120c1
core   0: 0x000000008000fee4 (0xfee43023) sd      a4, -32(s0)
core   0: 3 0x000000008000fee4 (0xfee43023) mem 0x0000000080031f50 0x00000000800120c1
core   0: 0x000000008000fee8 (0xfc442703) lw      a4, -60(s0)
core   0: 3 0x000000008000fee8 (0xfc442703) x14 0x0000000000000000 mem 0x0000000080031f34
core   0: 0x000000008000feec (0x0ff77713) andi    a4, a4, 255
core   0: 3 0x000000008000feec (0x0ff77713) x14 0x0000000000000000
core   0: 0x000000008000fef0 (0x00e78023) sb      a4, 0(a5)
core   0: 3 0x000000008000fef0 (0x00e78023) mem 0x00000000800120c0 0x00
core   0: 0x000000008000fef4 (0xfc843703) ld      a4, -56(s0)
core   0: 3 0x000000008000fef4 (0xfc843703) x14 0x0000000080012040 mem 0x0000000080031f38
core   0: 0x000000008000fef8 (0xfb843783) ld      a5, -72(s0)
core   0: 3 0x000000008000fef8 (0xfb843783) x15 0x000000000000009c mem 0x0000000080031f28
core   0: 0x000000008000fefc (0x000097ba) c.add   a5, a4
core   0: 3 0x000000008000fefc (0x97ba) x15 0x00000000800120dc
core   0: 0x000000008000fefe (0xfe043703) ld      a4, -32(s0)
core   0: 3 0x000000008000fefe (0xfe043703) x14 0x00000000800120c1 mem 0x0000000080031f50
core   0: 0x000000008000ff02 (0xfcf76de3) bltu    a4, a5, pc - 38
core   0: 3 0x000000008000ff02 (0xfcf76de3)
core   0: 0x000000008000fedc (0xfe043783) ld      a5, -32(s0)
core   0: 3 0x000000008000fedc (0xfe043783) x15 0x00000000800120c1 mem 0x0000000080031f50
core   0: 0x000000008000fee0 (0x00178713) addi    a4, a5, 1
core   0: 3 0x000000008000fee0 (0x00178713) x14 0x00000000800120c2
core   0: 0x000000008000fee4 (0xfee43023) sd      a4, -32(s0)
core   0: 3 0x000000008000fee4 (0xfee43023) mem 0x0000000080031f50 0x00000000800120c2
core   0: 0x000000008000fee8 (0xfc442703) lw      a4, -60(s0)
core   0: 3 0x000000008000fee8 (0xfc442703) x14 0x0000000000000000 mem 0x0000000080031f34
core   0: 0x000000008000feec (0x0ff77713) andi    a4, a4, 255
core   0: 3 0x000000008000feec (0x0ff77713) x14 0x0000000000000000
core   0: 0x000000008000fef0 (0x00e78023) sb      a4, 0(a5)
core   0: 3 0x000000008000fef0 (0x00e78023) mem 0x00000000800120c1 0x00
core   0: 0x000000008000fef4 (0xfc843703) ld      a4, -56(s0)
core   0: 3 0x000000008000fef4 (0xfc843703) x14 0x0000000080012040 mem 0x0000000080031f38
core   0: 0x000000008000fef8 (0xfb843783) ld      a5, -72(s0)
core   0: 3 0x000000008000fef8 (0xfb843783) x15 0x000000000000009c mem 0x0000000080031f28
core   0: 0x000000008000fefc (0x000097ba) c.add   a5, a4
core   0: 3 0x000000008000fefc (0x97ba) x15 0x00000000800120dc
core   0: 0x000000008000fefe (0xfe043703) ld      a4, -32(s0)
core   0: 3 0x000000008000fefe (0xfe043703) x14 0x00000000800120c2 mem 0x0000000080031f50
core   0: 0x000000008000ff02 (0xfcf76de3) bltu    a4, a5, pc - 38
core   0: 3 0x000000008000ff02 (0xfcf76de3)
core   0: 0x000000008000fedc (0xfe043783) ld      a5, -32(s0)
core   0: 3 0x000000008000fedc (0xfe043783) x15 0x00000000800120c2 mem 0x0000000080031f50
core   0: 0x000000008000fee0 (0x00178713) addi    a4, a5, 1
core   0: 3 0x000000008000fee0 (0x00178713) x14 0x00000000800120c3
core   0: 0x000000008000fee4 (0xfee43023) sd      a4, -32(s0)
core   0: 3 0x000000008000fee4 (0xfee43023) mem 0x0000000080031f50 0x00000000800120c3
core   0: 0x000000008000fee8 (0xfc442703) lw      a4, -60(s0)
core   0: 3 0x000000008000fee8 (0xfc442703) x14 0x0000000000000000 mem 0x0000000080031f34
core   0: 0x000000008000feec (0x0ff77713) andi    a4, a4, 255
core   0: 3 0x000000008000feec (0x0ff77713) x14 0x0000000000000000
core   0: 0x000000008000fef0 (0x00e78023) sb      a4, 0(a5)
core   0: 3 0x000000008000fef0 (0x00e78023) mem 0x00000000800120c2 0x00
core   0: 0x000000008000fef4 (0xfc843703) ld      a4, -56(s0)
core   0: 3 0x000000008000fef4 (0xfc843703) x14 0x0000000080012040 mem 0x0000000080031f38
core   0: 0x000000008000fef8 (0xfb843783) ld      a5, -72(s0)
core   0: 3 0x000000008000fef8 (0xfb843783) x15 0x000000000000009c mem 0x0000000080031f28
core   0: 0x000000008000fefc (0x000097ba) c.add   a5, a4
core   0: 3 0x000000008000fefc (0x97ba) x15 0x00000000800120dc
core   0: 0x000000008000fefe (0xfe043703) ld      a4, -32(s0)
core   0: 3 0x000000008000fefe (0xfe043703) x14 0x00000000800120c3 mem 0x0000000080031f50
core   0: 0x000000008000ff02 (0xfcf76de3) bltu    a4, a5, pc - 38
core   0: 3 0x000000008000ff02 (0xfcf76de3)
core   0: 0x000000008000fedc (0xfe043783) ld      a5, -32(s0)
core   0: 3 0x000000008000fedc (0xfe043783) x15 0x00000000800120c3 mem 0x0000000080031f50
core   0: 0x000000008000fee0 (0x00178713) addi    a4, a5, 1
core   0: 3 0x000000008000fee0 (0x00178713) x14 0x00000000800120c4
core   0: 0x000000008000fee4 (0xfee43023) sd      a4, -32(s0)
core   0: 3 0x000000008000fee4 (0xfee43023) mem 0x0000000080031f50 0x00000000800120c4
core   0: 0x000000008000fee8 (0xfc442703) lw      a4, -60(s0)
core   0: 3 0x000000008000fee8 (0xfc442703) x14 0x0000000000000000 mem 0x0000000080031f34
core   0: 0x000000008000feec (0x0ff77713) andi    a4, a4, 255
core   0: 3 0x000000008000feec (0x0ff77713) x14 0x0000000000000000
core   0: 0x000000008000fef0 (0x00e78023) sb      a4, 0(a5)
core   0: 3 0x000000008000fef0 (0x00e78023) mem 0x00000000800120c3 0x00
core   0: 0x000000008000fef4 (0xfc843703) ld      a4, -56(s0)
core   0: 3 0x000000008000fef4 (0xfc843703) x14 0x0000000080012040 mem 0x0000000080031f38
core   0: 0x000000008000fef8 (0xfb843783) ld      a5, -72(s0)
core   0: 3 0x000000008000fef8 (0xfb843783) x15 0x000000000000009c mem 0x0000000080031f28
core   0: 0x000000008000fefc (0x000097ba) c.add   a5, a4
core   0: 3 0x000000008000fefc (0x97ba) x15 0x00000000800120dc
core   0: 0x000000008000fefe (0xfe043703) ld      a4, -32(s0)
core   0: 3 0x000000008000fefe (0xfe043703) x14 0x00000000800120c4 mem 0x0000000080031f50
core   0: 0x000000008000ff02 (0xfcf76de3) bltu    a4, a5, pc - 38
core   0: 3 0x000000008000ff02 (0xfcf76de3)
core   0: 0x000000008000fedc (0xfe043783) ld      a5, -32(s0)
core   0: 3 0x000000008000fedc (0xfe043783) x15 0x00000000800120c4 mem 0x0000000080031f50
core   0: 0x000000008000fee0 (0x00178713) addi    a4, a5, 1
core   0: 3 0x000000008000fee0 (0x00178713) x14 0x00000000800120c5
core   0: 0x000000008000fee4 (0xfee43023) sd      a4, -32(s0)
core   0: 3 0x000000008000fee4 (0xfee43023) mem 0x0000000080031f50 0x00000000800120c5
core   0: 0x000000008000fee8 (0xfc442703) lw      a4, -60(s0)
core   0: 3 0x000000008000fee8 (0xfc442703) x14 0x0000000000000000 mem 0x0000000080031f34
core   0: 0x000000008000feec (0x0ff77713) andi    a4, a4, 255
core   0: 3 0x000000008000feec (0x0ff77713) x14 0x0000000000000000
core   0: 0x000000008000fef0 (0x00e78023) sb      a4, 0(a5)
core   0: 3 0x000000008000fef0 (0x00e78023) mem 0x00000000800120c4 0x00
core   0: 0x000000008000fef4 (0xfc843703) ld      a4, -56(s0)
core   0: 3 0x000000008000fef4 (0xfc843703) x14 0x0000000080012040 mem 0x0000000080031f38
core   0: 0x000000008000fef8 (0xfb843783) ld      a5, -72(s0)
core   0: 3 0x000000008000fef8 (0xfb843783) x15 0x000000000000009c mem 0x0000000080031f28
core   0: 0x000000008000fefc (0x000097ba) c.add   a5, a4
core   0: 3 0x000000008000fefc (0x97ba) x15 0x00000000800120dc
core   0: 0x000000008000fefe (0xfe043703) ld      a4, -32(s0)
core   0: 3 0x000000008000fefe (0xfe043703) x14 0x00000000800120c5 mem 0x0000000080031f50
core   0: 0x000000008000ff02 (0xfcf76de3) bltu    a4, a5, pc - 38
core   0: 3 0x000000008000ff02 (0xfcf76de3)
core   0: 0x000000008000fedc (0xfe043783) ld      a5, -32(s0)
core   0: 3 0x000000008000fedc (0xfe043783) x15 0x00000000800120c5 mem 0x0000000080031f50
core   0: 0x000000008000fee0 (0x00178713) addi    a4, a5, 1
core   0: 3 0x000000008000fee0 (0x00178713) x14 0x00000000800120c6
core   0: 0x000000008000fee4 (0xfee43023) sd      a4, -32(s0)
core   0: 3 0x000000008000fee4 (0xfee43023) mem 0x0000000080031f50 0x00000000800120c6
core   0: 0x000000008000fee8 (0xfc442703) lw      a4, -60(s0)
core   0: 3 0x000000008000fee8 (0xfc442703) x14 0x0000000000000000 mem 0x0000000080031f34
core   0: 0x000000008000feec (0x0ff77713) andi    a4, a4, 255
core   0: 3 0x000000008000feec (0x0ff77713) x14 0x0000000000000000
core   0: 0x000000008000fef0 (0x00e78023) sb      a4, 0(a5)
core   0: 3 0x000000008000fef0 (0x00e78023) mem 0x00000000800120c5 0x00
core   0: 0x000000008000fef4 (0xfc843703) ld      a4, -56(s0)
core   0: 3 0x000000008000fef4 (0xfc843703) x14 0x0000000080012040 mem 0x0000000080031f38
core   0: 0x000000008000fef8 (0xfb843783) ld      a5, -72(s0)
core   0: 3 0x000000008000fef8 (0xfb843783) x15 0x000000000000009c mem 0x0000000080031f28
core   0: 0x000000008000fefc (0x000097ba) c.add   a5, a4
core   0: 3 0x000000008000fefc (0x97ba) x15 0x00000000800120dc
core   0: 0x000000008000fefe (0xfe043703) ld      a4, -32(s0)
core   0: 3 0x000000008000fefe (0xfe043703) x14 0x00000000800120c6 mem 0x0000000080031f50
core   0: 0x000000008000ff02 (0xfcf76de3) bltu    a4, a5, pc - 38
core   0: 3 0x000000008000ff02 (0xfcf76de3)
core   0: 0x000000008000fedc (0xfe043783) ld      a5, -32(s0)
core   0: 3 0x000000008000fedc (0xfe043783) x15 0x00000000800120c6 mem 0x0000000080031f50
core   0: 0x000000008000fee0 (0x00178713) addi    a4, a5, 1
core   0: 3 0x000000008000fee0 (0x00178713) x14 0x00000000800120c7
core   0: 0x000000008000fee4 (0xfee43023) sd      a4, -32(s0)
core   0: 3 0x000000008000fee4 (0xfee43023) mem 0x0000000080031f50 0x00000000800120c7
core   0: 0x000000008000fee8 (0xfc442703) lw      a4, -60(s0)
core   0: 3 0x000000008000fee8 (0xfc442703) x14 0x0000000000000000 mem 0x0000000080031f34
core   0: 0x000000008000feec (0x0ff77713) andi    a4, a4, 255
core   0: 3 0x000000008000feec (0x0ff77713) x14 0x0000000000000000
core   0: 0x000000008000fef0 (0x00e78023) sb      a4, 0(a5)
core   0: 3 0x000000008000fef0 (0x00e78023) mem 0x00000000800120c6 0x00
core   0: 0x000000008000fef4 (0xfc843703) ld      a4, -56(s0)
core   0: 3 0x000000008000fef4 (0xfc843703) x14 0x0000000080012040 mem 0x0000000080031f38
core   0: 0x000000008000fef8 (0xfb843783) ld      a5, -72(s0)
core   0: 3 0x000000008000fef8 (0xfb843783) x15 0x000000000000009c mem 0x0000000080031f28
core   0: 0x000000008000fefc (0x000097ba) c.add   a5, a4
core   0: 3 0x000000008000fefc (0x97ba) x15 0x00000000800120dc
core   0: 0x000000008000fefe (0xfe043703) ld      a4, -32(s0)
core   0: 3 0x000000008000fefe (0xfe043703) x14 0x00000000800120c7 mem 0x0000000080031f50
core   0: 0x000000008000ff02 (0xfcf76de3) bltu    a4, a5, pc - 38
core   0: 3 0x000000008000ff02 (0xfcf76de3)
core   0: 0x000000008000fedc (0xfe043783) ld      a5, -32(s0)
core   0: 3 0x000000008000fedc (0xfe043783) x15 0x00000000800120c7 mem 0x0000000080031f50
core   0: 0x000000008000fee0 (0x00178713) addi    a4, a5, 1
core   0: 3 0x000000008000fee0 (0x00178713) x14 0x00000000800120c8
core   0: 0x000000008000fee4 (0xfee43023) sd      a4, -32(s0)
core   0: 3 0x000000008000fee4 (0xfee43023) mem 0x0000000080031f50 0x00000000800120c8
core   0: 0x000000008000fee8 (0xfc442703) lw      a4, -60(s0)
core   0: 3 0x000000008000fee8 (0xfc442703) x14 0x0000000000000000 mem 0x0000000080031f34
core   0: 0x000000008000feec (0x0ff77713) andi    a4, a4, 255
core   0: 3 0x000000008000feec (0x0ff77713) x14 0x0000000000000000
core   0: 0x000000008000fef0 (0x00e78023) sb      a4, 0(a5)
core   0: 3 0x000000008000fef0 (0x00e78023) mem 0x00000000800120c7 0x00
core   0: 0x000000008000fef4 (0xfc843703) ld      a4, -56(s0)
core   0: 3 0x000000008000fef4 (0xfc843703) x14 0x0000000080012040 mem 0x0000000080031f38
core   0: 0x000000008000fef8 (0xfb843783) ld      a5, -72(s0)
core   0: 3 0x000000008000fef8 (0xfb843783) x15 0x000000000000009c mem 0x0000000080031f28
core   0: 0x000000008000fefc (0x000097ba) c.add   a5, a4
core   0: 3 0x000000008000fefc (0x97ba) x15 0x00000000800120dc
core   0: 0x000000008000fefe (0xfe043703) ld      a4, -32(s0)
core   0: 3 0x000000008000fefe (0xfe043703) x14 0x00000000800120c8 mem 0x0000000080031f50
core   0: 0x000000008000ff02 (0xfcf76de3) bltu    a4, a5, pc - 38
core   0: 3 0x000000008000ff02 (0xfcf76de3)
core   0: 0x000000008000fedc (0xfe043783) ld      a5, -32(s0)
core   0: 3 0x000000008000fedc (0xfe043783) x15 0x00000000800120c8 mem 0x0000000080031f50
core   0: 0x000000008000fee0 (0x00178713) addi    a4, a5, 1
core   0: 3 0x000000008000fee0 (0x00178713) x14 0x00000000800120c9
core   0: 0x000000008000fee4 (0xfee43023) sd      a4, -32(s0)
core   0: 3 0x000000008000fee4 (0xfee43023) mem 0x0000000080031f50 0x00000000800120c9
core   0: 0x000000008000fee8 (0xfc442703) lw      a4, -60(s0)
core   0: 3 0x000000008000fee8 (0xfc442703) x14 0x0000000000000000 mem 0x0000000080031f34
core   0: 0x000000008000feec (0x0ff77713) andi    a4, a4, 255
core   0: 3 0x000000008000feec (0x0ff77713) x14 0x0000000000000000
core   0: 0x000000008000fef0 (0x00e78023) sb      a4, 0(a5)
core   0: 3 0x000000008000fef0 (0x00e78023) mem 0x00000000800120c8 0x00
core   0: 0x000000008000fef4 (0xfc843703) ld      a4, -56(s0)
core   0: 3 0x000000008000fef4 (0xfc843703) x14 0x0000000080012040 mem 0x0000000080031f38
core   0: 0x000000008000fef8 (0xfb843783) ld      a5, -72(s0)
core   0: 3 0x000000008000fef8 (0xfb843783) x15 0x000000000000009c mem 0x0000000080031f28
core   0: 0x000000008000fefc (0x000097ba) c.add   a5, a4
core   0: 3 0x000000008000fefc (0x97ba) x15 0x00000000800120dc
core   0: 0x000000008000fefe (0xfe043703) ld      a4, -32(s0)
core   0: 3 0x000000008000fefe (0xfe043703) x14 0x00000000800120c9 mem 0x0000000080031f50
core   0: 0x000000008000ff02 (0xfcf76de3) bltu    a4, a5, pc - 38
core   0: 3 0x000000008000ff02 (0xfcf76de3)
core   0: 0x000000008000fedc (0xfe043783) ld      a5, -32(s0)
core   0: 3 0x000000008000fedc (0xfe043783) x15 0x00000000800120c9 mem 0x0000000080031f50
core   0: 0x000000008000fee0 (0x00178713) addi    a4, a5, 1
core   0: 3 0x000000008000fee0 (0x00178713) x14 0x00000000800120ca
core   0: 0x000000008000fee4 (0xfee43023) sd      a4, -32(s0)
core   0: 3 0x000000008000fee4 (0xfee43023) mem 0x0000000080031f50 0x00000000800120ca
core   0: 0x000000008000fee8 (0xfc442703) lw      a4, -60(s0)
core   0: 3 0x000000008000fee8 (0xfc442703) x14 0x0000000000000000 mem 0x0000000080031f34
core   0: 0x000000008000feec (0x0ff77713) andi    a4, a4, 255
core   0: 3 0x000000008000feec (0x0ff77713) x14 0x0000000000000000
core   0: 0x000000008000fef0 (0x00e78023) sb      a4, 0(a5)
core   0: 3 0x000000008000fef0 (0x00e78023) mem 0x00000000800120c9 0x00
core   0: 0x000000008000fef4 (0xfc843703) ld      a4, -56(s0)
core   0: 3 0x000000008000fef4 (0xfc843703) x14 0x0000000080012040 mem 0x0000000080031f38
core   0: 0x000000008000fef8 (0xfb843783) ld      a5, -72(s0)
core   0: 3 0x000000008000fef8 (0xfb843783) x15 0x000000000000009c mem 0x0000000080031f28
core   0: 0x000000008000fefc (0x000097ba) c.add   a5, a4
core   0: 3 0x000000008000fefc (0x97ba) x15 0x00000000800120dc
core   0: 0x000000008000fefe (0xfe043703) ld      a4, -32(s0)
core   0: 3 0x000000008000fefe (0xfe043703) x14 0x00000000800120ca mem 0x0000000080031f50
core   0: 0x000000008000ff02 (0xfcf76de3) bltu    a4, a5, pc - 38
core   0: 3 0x000000008000ff02 (0xfcf76de3)
core   0: 0x000000008000fedc (0xfe043783) ld      a5, -32(s0)
core   0: 3 0x000000008000fedc (0xfe043783) x15 0x00000000800120ca mem 0x0000000080031f50
core   0: 0x000000008000fee0 (0x00178713) addi    a4, a5, 1
core   0: 3 0x000000008000fee0 (0x00178713) x14 0x00000000800120cb
core   0: 0x000000008000fee4 (0xfee43023) sd      a4, -32(s0)
core   0: 3 0x000000008000fee4 (0xfee43023) mem 0x0000000080031f50 0x00000000800120cb
core   0: 0x000000008000fee8 (0xfc442703) lw      a4, -60(s0)
core   0: 3 0x000000008000fee8 (0xfc442703) x14 0x0000000000000000 mem 0x0000000080031f34
core   0: 0x000000008000feec (0x0ff77713) andi    a4, a4, 255
core   0: 3 0x000000008000feec (0x0ff77713) x14 0x0000000000000000
core   0: 0x000000008000fef0 (0x00e78023) sb      a4, 0(a5)
core   0: 3 0x000000008000fef0 (0x00e78023) mem 0x00000000800120ca 0x00
core   0: 0x000000008000fef4 (0xfc843703) ld      a4, -56(s0)
core   0: 3 0x000000008000fef4 (0xfc843703) x14 0x0000000080012040 mem 0x0000000080031f38
core   0: 0x000000008000fef8 (0xfb843783) ld      a5, -72(s0)
core   0: 3 0x000000008000fef8 (0xfb843783) x15 0x000000000000009c mem 0x0000000080031f28
core   0: 0x000000008000fefc (0x000097ba) c.add   a5, a4
core   0: 3 0x000000008000fefc (0x97ba) x15 0x00000000800120dc
core   0: 0x000000008000fefe (0xfe043703) ld      a4, -32(s0)
core   0: 3 0x000000008000fefe (0xfe043703) x14 0x00000000800120cb mem 0x0000000080031f50
core   0: 0x000000008000ff02 (0xfcf76de3) bltu    a4, a5, pc - 38
core   0: 3 0x000000008000ff02 (0xfcf76de3)
core   0: 0x000000008000fedc (0xfe043783) ld      a5, -32(s0)
core   0: 3 0x000000008000fedc (0xfe043783) x15 0x00000000800120cb mem 0x0000000080031f50
core   0: 0x000000008000fee0 (0x00178713) addi    a4, a5, 1
core   0: 3 0x000000008000fee0 (0x00178713) x14 0x00000000800120cc
core   0: 0x000000008000fee4 (0xfee43023) sd      a4, -32(s0)
core   0: 3 0x000000008000fee4 (0xfee43023) mem 0x0000000080031f50 0x00000000800120cc
core   0: 0x000000008000fee8 (0xfc442703) lw      a4, -60(s0)
core   0: 3 0x000000008000fee8 (0xfc442703) x14 0x0000000000000000 mem 0x0000000080031f34
core   0: 0x000000008000feec (0x0ff77713) andi    a4, a4, 255
core   0: 3 0x000000008000feec (0x0ff77713) x14 0x0000000000000000
core   0: 0x000000008000fef0 (0x00e78023) sb      a4, 0(a5)
core   0: 3 0x000000008000fef0 (0x00e78023) mem 0x00000000800120cb 0x00
core   0: 0x000000008000fef4 (0xfc843703) ld      a4, -56(s0)
core   0: 3 0x000000008000fef4 (0xfc843703) x14 0x0000000080012040 mem 0x0000000080031f38
core   0: 0x000000008000fef8 (0xfb843783) ld      a5, -72(s0)
core   0: 3 0x000000008000fef8 (0xfb843783) x15 0x000000000000009c mem 0x0000000080031f28
core   0: 0x000000008000fefc (0x000097ba) c.add   a5, a4
core   0: 3 0x000000008000fefc (0x97ba) x15 0x00000000800120dc
core   0: 0x000000008000fefe (0xfe043703) ld      a4, -32(s0)
core   0: 3 0x000000008000fefe (0xfe043703) x14 0x00000000800120cc mem 0x0000000080031f50
core   0: 0x000000008000ff02 (0xfcf76de3) bltu    a4, a5, pc - 38
core   0: 3 0x000000008000ff02 (0xfcf76de3)
core   0: 0x000000008000fedc (0xfe043783) ld      a5, -32(s0)
core   0: 3 0x000000008000fedc (0xfe043783) x15 0x00000000800120cc mem 0x0000000080031f50
core   0: 0x000000008000fee0 (0x00178713) addi    a4, a5, 1
core   0: 3 0x000000008000fee0 (0x00178713) x14 0x00000000800120cd
core   0: 0x000000008000fee4 (0xfee43023) sd      a4, -32(s0)
core   0: 3 0x000000008000fee4 (0xfee43023) mem 0x0000000080031f50 0x00000000800120cd
core   0: 0x000000008000fee8 (0xfc442703) lw      a4, -60(s0)
core   0: 3 0x000000008000fee8 (0xfc442703) x14 0x0000000000000000 mem 0x0000000080031f34
core   0: 0x000000008000feec (0x0ff77713) andi    a4, a4, 255
core   0: 3 0x000000008000feec (0x0ff77713) x14 0x0000000000000000
core   0: 0x000000008000fef0 (0x00e78023) sb      a4, 0(a5)
core   0: 3 0x000000008000fef0 (0x00e78023) mem 0x00000000800120cc 0x00
core   0: 0x000000008000fef4 (0xfc843703) ld      a4, -56(s0)
core   0: 3 0x000000008000fef4 (0xfc843703) x14 0x0000000080012040 mem 0x0000000080031f38
core   0: 0x000000008000fef8 (0xfb843783) ld      a5, -72(s0)
core   0: 3 0x000000008000fef8 (0xfb843783) x15 0x000000000000009c mem 0x0000000080031f28
core   0: 0x000000008000fefc (0x000097ba) c.add   a5, a4
core   0: 3 0x000000008000fefc (0x97ba) x15 0x00000000800120dc
core   0: 0x000000008000fefe (0xfe043703) ld      a4, -32(s0)
core   0: 3 0x000000008000fefe (0xfe043703) x14 0x00000000800120cd mem 0x0000000080031f50
core   0: 0x000000008000ff02 (0xfcf76de3) bltu    a4, a5, pc - 38
core   0: 3 0x000000008000ff02 (0xfcf76de3)
core   0: 0x000000008000fedc (0xfe043783) ld      a5, -32(s0)
core   0: 3 0x000000008000fedc (0xfe043783) x15 0x00000000800120cd mem 0x0000000080031f50
core   0: 0x000000008000fee0 (0x00178713) addi    a4, a5, 1
core   0: 3 0x000000008000fee0 (0x00178713) x14 0x00000000800120ce
core   0: 0x000000008000fee4 (0xfee43023) sd      a4, -32(s0)
core   0: 3 0x000000008000fee4 (0xfee43023) mem 0x0000000080031f50 0x00000000800120ce
core   0: 0x000000008000fee8 (0xfc442703) lw      a4, -60(s0)
core   0: 3 0x000000008000fee8 (0xfc442703) x14 0x0000000000000000 mem 0x0000000080031f34
core   0: 0x000000008000feec (0x0ff77713) andi    a4, a4, 255
core   0: 3 0x000000008000feec (0x0ff77713) x14 0x0000000000000000
core   0: 0x000000008000fef0 (0x00e78023) sb      a4, 0(a5)
core   0: 3 0x000000008000fef0 (0x00e78023) mem 0x00000000800120cd 0x00
core   0: 0x000000008000fef4 (0xfc843703) ld      a4, -56(s0)
core   0: 3 0x000000008000fef4 (0xfc843703) x14 0x0000000080012040 mem 0x0000000080031f38
core   0: 0x000000008000fef8 (0xfb843783) ld      a5, -72(s0)
core   0: 3 0x000000008000fef8 (0xfb843783) x15 0x000000000000009c mem 0x0000000080031f28
core   0: 0x000000008000fefc (0x000097ba) c.add   a5, a4
core   0: 3 0x000000008000fefc (0x97ba) x15 0x00000000800120dc
core   0: 0x000000008000fefe (0xfe043703) ld      a4, -32(s0)
core   0: 3 0x000000008000fefe (0xfe043703) x14 0x00000000800120ce mem 0x0000000080031f50
core   0: 0x000000008000ff02 (0xfcf76de3) bltu    a4, a5, pc - 38
core   0: 3 0x000000008000ff02 (0xfcf76de3)
core   0: 0x000000008000fedc (0xfe043783) ld      a5, -32(s0)
core   0: 3 0x000000008000fedc (0xfe043783) x15 0x00000000800120ce mem 0x0000000080031f50
core   0: 0x000000008000fee0 (0x00178713) addi    a4, a5, 1
core   0: 3 0x000000008000fee0 (0x00178713) x14 0x00000000800120cf
core   0: 0x000000008000fee4 (0xfee43023) sd      a4, -32(s0)
core   0: 3 0x000000008000fee4 (0xfee43023) mem 0x0000000080031f50 0x00000000800120cf
core   0: 0x000000008000fee8 (0xfc442703) lw      a4, -60(s0)
core   0: 3 0x000000008000fee8 (0xfc442703) x14 0x0000000000000000 mem 0x0000000080031f34
core   0: 0x000000008000feec (0x0ff77713) andi    a4, a4, 255
core   0: 3 0x000000008000feec (0x0ff77713) x14 0x0000000000000000
core   0: 0x000000008000fef0 (0x00e78023) sb      a4, 0(a5)
core   0: 3 0x000000008000fef0 (0x00e78023) mem 0x00000000800120ce 0x00
core   0: 0x000000008000fef4 (0xfc843703) ld      a4, -56(s0)
core   0: 3 0x000000008000fef4 (0xfc843703) x14 0x0000000080012040 mem 0x0000000080031f38
core   0: 0x000000008000fef8 (0xfb843783) ld      a5, -72(s0)
core   0: 3 0x000000008000fef8 (0xfb843783) x15 0x000000000000009c mem 0x0000000080031f28
core   0: 0x000000008000fefc (0x000097ba) c.add   a5, a4
core   0: 3 0x000000008000fefc (0x97ba) x15 0x00000000800120dc
core   0: 0x000000008000fefe (0xfe043703) ld      a4, -32(s0)
core   0: 3 0x000000008000fefe (0xfe043703) x14 0x00000000800120cf mem 0x0000000080031f50
core   0: 0x000000008000ff02 (0xfcf76de3) bltu    a4, a5, pc - 38
core   0: 3 0x000000008000ff02 (0xfcf76de3)
core   0: 0x000000008000fedc (0xfe043783) ld      a5, -32(s0)
core   0: 3 0x000000008000fedc (0xfe043783) x15 0x00000000800120cf mem 0x0000000080031f50
core   0: 0x000000008000fee0 (0x00178713) addi    a4, a5, 1
core   0: 3 0x000000008000fee0 (0x00178713) x14 0x00000000800120d0
core   0: 0x000000008000fee4 (0xfee43023) sd      a4, -32(s0)
core   0: 3 0x000000008000fee4 (0xfee43023) mem 0x0000000080031f50 0x00000000800120d0
core   0: 0x000000008000fee8 (0xfc442703) lw      a4, -60(s0)
core   0: 3 0x000000008000fee8 (0xfc442703) x14 0x0000000000000000 mem 0x0000000080031f34
core   0: 0x000000008000feec (0x0ff77713) andi    a4, a4, 255
core   0: 3 0x000000008000feec (0x0ff77713) x14 0x0000000000000000
core   0: 0x000000008000fef0 (0x00e78023) sb      a4, 0(a5)
core   0: 3 0x000000008000fef0 (0x00e78023) mem 0x00000000800120cf 0x00
core   0: 0x000000008000fef4 (0xfc843703) ld      a4, -56(s0)
core   0: 3 0x000000008000fef4 (0xfc843703) x14 0x0000000080012040 mem 0x0000000080031f38
core   0: 0x000000008000fef8 (0xfb843783) ld      a5, -72(s0)
core   0: 3 0x000000008000fef8 (0xfb843783) x15 0x000000000000009c mem 0x0000000080031f28
core   0: 0x000000008000fefc (0x000097ba) c.add   a5, a4
core   0: 3 0x000000008000fefc (0x97ba) x15 0x00000000800120dc
core   0: 0x000000008000fefe (0xfe043703) ld      a4, -32(s0)
core   0: 3 0x000000008000fefe (0xfe043703) x14 0x00000000800120d0 mem 0x0000000080031f50
core   0: 0x000000008000ff02 (0xfcf76de3) bltu    a4, a5, pc - 38
core   0: 3 0x000000008000ff02 (0xfcf76de3)
core   0: 0x000000008000fedc (0xfe043783) ld      a5, -32(s0)
core   0: 3 0x000000008000fedc (0xfe043783) x15 0x00000000800120d0 mem 0x0000000080031f50
core   0: 0x000000008000fee0 (0x00178713) addi    a4, a5, 1
core   0: 3 0x000000008000fee0 (0x00178713) x14 0x00000000800120d1
core   0: 0x000000008000fee4 (0xfee43023) sd      a4, -32(s0)
core   0: 3 0x000000008000fee4 (0xfee43023) mem 0x0000000080031f50 0x00000000800120d1
core   0: 0x000000008000fee8 (0xfc442703) lw      a4, -60(s0)
core   0: 3 0x000000008000fee8 (0xfc442703) x14 0x0000000000000000 mem 0x0000000080031f34
core   0: 0x000000008000feec (0x0ff77713) andi    a4, a4, 255
core   0: 3 0x000000008000feec (0x0ff77713) x14 0x0000000000000000
core   0: 0x000000008000fef0 (0x00e78023) sb      a4, 0(a5)
core   0: 3 0x000000008000fef0 (0x00e78023) mem 0x00000000800120d0 0x00
core   0: 0x000000008000fef4 (0xfc843703) ld      a4, -56(s0)
core   0: 3 0x000000008000fef4 (0xfc843703) x14 0x0000000080012040 mem 0x0000000080031f38
core   0: 0x000000008000fef8 (0xfb843783) ld      a5, -72(s0)
core   0: 3 0x000000008000fef8 (0xfb843783) x15 0x000000000000009c mem 0x0000000080031f28
core   0: 0x000000008000fefc (0x000097ba) c.add   a5, a4
core   0: 3 0x000000008000fefc (0x97ba) x15 0x00000000800120dc
core   0: 0x000000008000fefe (0xfe043703) ld      a4, -32(s0)
core   0: 3 0x000000008000fefe (0xfe043703) x14 0x00000000800120d1 mem 0x0000000080031f50
core   0: 0x000000008000ff02 (0xfcf76de3) bltu    a4, a5, pc - 38
core   0: 3 0x000000008000ff02 (0xfcf76de3)
core   0: 0x000000008000fedc (0xfe043783) ld      a5, -32(s0)
core   0: 3 0x000000008000fedc (0xfe043783) x15 0x00000000800120d1 mem 0x0000000080031f50
core   0: 0x000000008000fee0 (0x00178713) addi    a4, a5, 1
core   0: 3 0x000000008000fee0 (0x00178713) x14 0x00000000800120d2
core   0: 0x000000008000fee4 (0xfee43023) sd      a4, -32(s0)
core   0: 3 0x000000008000fee4 (0xfee43023) mem 0x0000000080031f50 0x00000000800120d2
core   0: 0x000000008000fee8 (0xfc442703) lw      a4, -60(s0)
core   0: 3 0x000000008000fee8 (0xfc442703) x14 0x0000000000000000 mem 0x0000000080031f34
core   0: 0x000000008000feec (0x0ff77713) andi    a4, a4, 255
core   0: 3 0x000000008000feec (0x0ff77713) x14 0x0000000000000000
core   0: 0x000000008000fef0 (0x00e78023) sb      a4, 0(a5)
core   0: 3 0x000000008000fef0 (0x00e78023) mem 0x00000000800120d1 0x00
core   0: 0x000000008000fef4 (0xfc843703) ld      a4, -56(s0)
core   0: 3 0x000000008000fef4 (0xfc843703) x14 0x0000000080012040 mem 0x0000000080031f38
core   0: 0x000000008000fef8 (0xfb843783) ld      a5, -72(s0)
core   0: 3 0x000000008000fef8 (0xfb843783) x15 0x000000000000009c mem 0x0000000080031f28
core   0: 0x000000008000fefc (0x000097ba) c.add   a5, a4
core   0: 3 0x000000008000fefc (0x97ba) x15 0x00000000800120dc
core   0: 0x000000008000fefe (0xfe043703) ld      a4, -32(s0)
core   0: 3 0x000000008000fefe (0xfe043703) x14 0x00000000800120d2 mem 0x0000000080031f50
core   0: 0x000000008000ff02 (0xfcf76de3) bltu    a4, a5, pc - 38
core   0: 3 0x000000008000ff02 (0xfcf76de3)
core   0: 0x000000008000fedc (0xfe043783) ld      a5, -32(s0)
core   0: 3 0x000000008000fedc (0xfe043783) x15 0x00000000800120d2 mem 0x0000000080031f50
core   0: 0x000000008000fee0 (0x00178713) addi    a4, a5, 1
core   0: 3 0x000000008000fee0 (0x00178713) x14 0x00000000800120d3
core   0: 0x000000008000fee4 (0xfee43023) sd      a4, -32(s0)
core   0: 3 0x000000008000fee4 (0xfee43023) mem 0x0000000080031f50 0x00000000800120d3
core   0: 0x000000008000fee8 (0xfc442703) lw      a4, -60(s0)
core   0: 3 0x000000008000fee8 (0xfc442703) x14 0x0000000000000000 mem 0x0000000080031f34
core   0: 0x000000008000feec (0x0ff77713) andi    a4, a4, 255
core   0: 3 0x000000008000feec (0x0ff77713) x14 0x0000000000000000
core   0: 0x000000008000fef0 (0x00e78023) sb      a4, 0(a5)
core   0: 3 0x000000008000fef0 (0x00e78023) mem 0x00000000800120d2 0x00
core   0: 0x000000008000fef4 (0xfc843703) ld      a4, -56(s0)
core   0: 3 0x000000008000fef4 (0xfc843703) x14 0x0000000080012040 mem 0x0000000080031f38
core   0: 0x000000008000fef8 (0xfb843783) ld      a5, -72(s0)
core   0: 3 0x000000008000fef8 (0xfb843783) x15 0x000000000000009c mem 0x0000000080031f28
core   0: 0x000000008000fefc (0x000097ba) c.add   a5, a4
core   0: 3 0x000000008000fefc (0x97ba) x15 0x00000000800120dc
core   0: 0x000000008000fefe (0xfe043703) ld      a4, -32(s0)
core   0: 3 0x000000008000fefe (0xfe043703) x14 0x00000000800120d3 mem 0x0000000080031f50
core   0: 0x000000008000ff02 (0xfcf76de3) bltu    a4, a5, pc - 38
core   0: 3 0x000000008000ff02 (0xfcf76de3)
core   0: 0x000000008000fedc (0xfe043783) ld      a5, -32(s0)
core   0: 3 0x000000008000fedc (0xfe043783) x15 0x00000000800120d3 mem 0x0000000080031f50
core   0: 0x000000008000fee0 (0x00178713) addi    a4, a5, 1
core   0: 3 0x000000008000fee0 (0x00178713) x14 0x00000000800120d4
core   0: 0x000000008000fee4 (0xfee43023) sd      a4, -32(s0)
core   0: 3 0x000000008000fee4 (0xfee43023) mem 0x0000000080031f50 0x00000000800120d4
core   0: 0x000000008000fee8 (0xfc442703) lw      a4, -60(s0)
core   0: 3 0x000000008000fee8 (0xfc442703) x14 0x0000000000000000 mem 0x0000000080031f34
core   0: 0x000000008000feec (0x0ff77713) andi    a4, a4, 255
core   0: 3 0x000000008000feec (0x0ff77713) x14 0x0000000000000000
core   0: 0x000000008000fef0 (0x00e78023) sb      a4, 0(a5)
core   0: 3 0x000000008000fef0 (0x00e78023) mem 0x00000000800120d3 0x00
core   0: 0x000000008000fef4 (0xfc843703) ld      a4, -56(s0)
core   0: 3 0x000000008000fef4 (0xfc843703) x14 0x0000000080012040 mem 0x0000000080031f38
core   0: 0x000000008000fef8 (0xfb843783) ld      a5, -72(s0)
core   0: 3 0x000000008000fef8 (0xfb843783) x15 0x000000000000009c mem 0x0000000080031f28
core   0: 0x000000008000fefc (0x000097ba) c.add   a5, a4
core   0: 3 0x000000008000fefc (0x97ba) x15 0x00000000800120dc
core   0: 0x000000008000fefe (0xfe043703) ld      a4, -32(s0)
core   0: 3 0x000000008000fefe (0xfe043703) x14 0x00000000800120d4 mem 0x0000000080031f50
core   0: 0x000000008000ff02 (0xfcf76de3) bltu    a4, a5, pc - 38
core   0: 3 0x000000008000ff02 (0xfcf76de3)
core   0: 0x000000008000fedc (0xfe043783) ld      a5, -32(s0)
core   0: 3 0x000000008000fedc (0xfe043783) x15 0x00000000800120d4 mem 0x0000000080031f50
core   0: 0x000000008000fee0 (0x00178713) addi    a4, a5, 1
core   0: 3 0x000000008000fee0 (0x00178713) x14 0x00000000800120d5
core   0: 0x000000008000fee4 (0xfee43023) sd      a4, -32(s0)
core   0: 3 0x000000008000fee4 (0xfee43023) mem 0x0000000080031f50 0x00000000800120d5
core   0: 0x000000008000fee8 (0xfc442703) lw      a4, -60(s0)
core   0: 3 0x000000008000fee8 (0xfc442703) x14 0x0000000000000000 mem 0x0000000080031f34
core   0: 0x000000008000feec (0x0ff77713) andi    a4, a4, 255
core   0: 3 0x000000008000feec (0x0ff77713) x14 0x0000000000000000
core   0: 0x000000008000fef0 (0x00e78023) sb      a4, 0(a5)
core   0: 3 0x000000008000fef0 (0x00e78023) mem 0x00000000800120d4 0x00
core   0: 0x000000008000fef4 (0xfc843703) ld      a4, -56(s0)
core   0: 3 0x000000008000fef4 (0xfc843703) x14 0x0000000080012040 mem 0x0000000080031f38
core   0: 0x000000008000fef8 (0xfb843783) ld      a5, -72(s0)
core   0: 3 0x000000008000fef8 (0xfb843783) x15 0x000000000000009c mem 0x0000000080031f28
core   0: 0x000000008000fefc (0x000097ba) c.add   a5, a4
core   0: 3 0x000000008000fefc (0x97ba) x15 0x00000000800120dc
core   0: 0x000000008000fefe (0xfe043703) ld      a4, -32(s0)
core   0: 3 0x000000008000fefe (0xfe043703) x14 0x00000000800120d5 mem 0x0000000080031f50
core   0: 0x000000008000ff02 (0xfcf76de3) bltu    a4, a5, pc - 38
core   0: 3 0x000000008000ff02 (0xfcf76de3)
core   0: 0x000000008000fedc (0xfe043783) ld      a5, -32(s0)
core   0: 3 0x000000008000fedc (0xfe043783) x15 0x00000000800120d5 mem 0x0000000080031f50
core   0: 0x000000008000fee0 (0x00178713) addi    a4, a5, 1
core   0: 3 0x000000008000fee0 (0x00178713) x14 0x00000000800120d6
core   0: 0x000000008000fee4 (0xfee43023) sd      a4, -32(s0)
core   0: 3 0x000000008000fee4 (0xfee43023) mem 0x0000000080031f50 0x00000000800120d6
core   0: 0x000000008000fee8 (0xfc442703) lw      a4, -60(s0)
core   0: 3 0x000000008000fee8 (0xfc442703) x14 0x0000000000000000 mem 0x0000000080031f34
core   0: 0x000000008000feec (0x0ff77713) andi    a4, a4, 255
core   0: 3 0x000000008000feec (0x0ff77713) x14 0x0000000000000000
core   0: 0x000000008000fef0 (0x00e78023) sb      a4, 0(a5)
core   0: 3 0x000000008000fef0 (0x00e78023) mem 0x00000000800120d5 0x00
core   0: 0x000000008000fef4 (0xfc843703) ld      a4, -56(s0)
core   0: 3 0x000000008000fef4 (0xfc843703) x14 0x0000000080012040 mem 0x0000000080031f38
core   0: 0x000000008000fef8 (0xfb843783) ld      a5, -72(s0)
core   0: 3 0x000000008000fef8 (0xfb843783) x15 0x000000000000009c mem 0x0000000080031f28
core   0: 0x000000008000fefc (0x000097ba) c.add   a5, a4
core   0: 3 0x000000008000fefc (0x97ba) x15 0x00000000800120dc
core   0: 0x000000008000fefe (0xfe043703) ld      a4, -32(s0)
core   0: 3 0x000000008000fefe (0xfe043703) x14 0x00000000800120d6 mem 0x0000000080031f50
core   0: 0x000000008000ff02 (0xfcf76de3) bltu    a4, a5, pc - 38
core   0: 3 0x000000008000ff02 (0xfcf76de3)
core   0: 0x000000008000fedc (0xfe043783) ld      a5, -32(s0)
core   0: 3 0x000000008000fedc (0xfe043783) x15 0x00000000800120d6 mem 0x0000000080031f50
core   0: 0x000000008000fee0 (0x00178713) addi    a4, a5, 1
core   0: 3 0x000000008000fee0 (0x00178713) x14 0x00000000800120d7
core   0: 0x000000008000fee4 (0xfee43023) sd      a4, -32(s0)
core   0: 3 0x000000008000fee4 (0xfee43023) mem 0x0000000080031f50 0x00000000800120d7
core   0: 0x000000008000fee8 (0xfc442703) lw      a4, -60(s0)
core   0: 3 0x000000008000fee8 (0xfc442703) x14 0x0000000000000000 mem 0x0000000080031f34
core   0: 0x000000008000feec (0x0ff77713) andi    a4, a4, 255
core   0: 3 0x000000008000feec (0x0ff77713) x14 0x0000000000000000
core   0: 0x000000008000fef0 (0x00e78023) sb      a4, 0(a5)
core   0: 3 0x000000008000fef0 (0x00e78023) mem 0x00000000800120d6 0x00
core   0: 0x000000008000fef4 (0xfc843703) ld      a4, -56(s0)
core   0: 3 0x000000008000fef4 (0xfc843703) x14 0x0000000080012040 mem 0x0000000080031f38
core   0: 0x000000008000fef8 (0xfb843783) ld      a5, -72(s0)
core   0: 3 0x000000008000fef8 (0xfb843783) x15 0x000000000000009c mem 0x0000000080031f28
core   0: 0x000000008000fefc (0x000097ba) c.add   a5, a4
core   0: 3 0x000000008000fefc (0x97ba) x15 0x00000000800120dc
core   0: 0x000000008000fefe (0xfe043703) ld      a4, -32(s0)
core   0: 3 0x000000008000fefe (0xfe043703) x14 0x00000000800120d7 mem 0x0000000080031f50
core   0: 0x000000008000ff02 (0xfcf76de3) bltu    a4, a5, pc - 38
core   0: 3 0x000000008000ff02 (0xfcf76de3)
core   0: 0x000000008000fedc (0xfe043783) ld      a5, -32(s0)
core   0: 3 0x000000008000fedc (0xfe043783) x15 0x00000000800120d7 mem 0x0000000080031f50
core   0: 0x000000008000fee0 (0x00178713) addi    a4, a5, 1
core   0: 3 0x000000008000fee0 (0x00178713) x14 0x00000000800120d8
core   0: 0x000000008000fee4 (0xfee43023) sd      a4, -32(s0)
core   0: 3 0x000000008000fee4 (0xfee43023) mem 0x0000000080031f50 0x00000000800120d8
core   0: 0x000000008000fee8 (0xfc442703) lw      a4, -60(s0)
core   0: 3 0x000000008000fee8 (0xfc442703) x14 0x0000000000000000 mem 0x0000000080031f34
core   0: 0x000000008000feec (0x0ff77713) andi    a4, a4, 255
core   0: 3 0x000000008000feec (0x0ff77713) x14 0x0000000000000000
core   0: 0x000000008000fef0 (0x00e78023) sb      a4, 0(a5)
core   0: 3 0x000000008000fef0 (0x00e78023) mem 0x00000000800120d7 0x00
core   0: 0x000000008000fef4 (0xfc843703) ld      a4, -56(s0)
core   0: 3 0x000000008000fef4 (0xfc843703) x14 0x0000000080012040 mem 0x0000000080031f38
core   0: 0x000000008000fef8 (0xfb843783) ld      a5, -72(s0)
core   0: 3 0x000000008000fef8 (0xfb843783) x15 0x000000000000009c mem 0x0000000080031f28
core   0: 0x000000008000fefc (0x000097ba) c.add   a5, a4
core   0: 3 0x000000008000fefc (0x97ba) x15 0x00000000800120dc
core   0: 0x000000008000fefe (0xfe043703) ld      a4, -32(s0)
core   0: 3 0x000000008000fefe (0xfe043703) x14 0x00000000800120d8 mem 0x0000000080031f50
core   0: 0x000000008000ff02 (0xfcf76de3) bltu    a4, a5, pc - 38
core   0: 3 0x000000008000ff02 (0xfcf76de3)
core   0: 0x000000008000fedc (0xfe043783) ld      a5, -32(s0)
core   0: 3 0x000000008000fedc (0xfe043783) x15 0x00000000800120d8 mem 0x0000000080031f50
core   0: 0x000000008000fee0 (0x00178713) addi    a4, a5, 1
core   0: 3 0x000000008000fee0 (0x00178713) x14 0x00000000800120d9
core   0: 0x000000008000fee4 (0xfee43023) sd      a4, -32(s0)
core   0: 3 0x000000008000fee4 (0xfee43023) mem 0x0000000080031f50 0x00000000800120d9
core   0: 0x000000008000fee8 (0xfc442703) lw      a4, -60(s0)
core   0: 3 0x000000008000fee8 (0xfc442703) x14 0x0000000000000000 mem 0x0000000080031f34
core   0: 0x000000008000feec (0x0ff77713) andi    a4, a4, 255
core   0: 3 0x000000008000feec (0x0ff77713) x14 0x0000000000000000
core   0: 0x000000008000fef0 (0x00e78023) sb      a4, 0(a5)
core   0: 3 0x000000008000fef0 (0x00e78023) mem 0x00000000800120d8 0x00
core   0: 0x000000008000fef4 (0xfc843703) ld      a4, -56(s0)
core   0: 3 0x000000008000fef4 (0xfc843703) x14 0x0000000080012040 mem 0x0000000080031f38
core   0: 0x000000008000fef8 (0xfb843783) ld      a5, -72(s0)
core   0: 3 0x000000008000fef8 (0xfb843783) x15 0x000000000000009c mem 0x0000000080031f28
core   0: 0x000000008000fefc (0x000097ba) c.add   a5, a4
core   0: 3 0x000000008000fefc (0x97ba) x15 0x00000000800120dc
core   0: 0x000000008000fefe (0xfe043703) ld      a4, -32(s0)
core   0: 3 0x000000008000fefe (0xfe043703) x14 0x00000000800120d9 mem 0x0000000080031f50
core   0: 0x000000008000ff02 (0xfcf76de3) bltu    a4, a5, pc - 38
core   0: 3 0x000000008000ff02 (0xfcf76de3)
core   0: 0x000000008000fedc (0xfe043783) ld      a5, -32(s0)
core   0: 3 0x000000008000fedc (0xfe043783) x15 0x00000000800120d9 mem 0x0000000080031f50
core   0: 0x000000008000fee0 (0x00178713) addi    a4, a5, 1
core   0: 3 0x000000008000fee0 (0x00178713) x14 0x00000000800120da
core   0: 0x000000008000fee4 (0xfee43023) sd      a4, -32(s0)
core   0: 3 0x000000008000fee4 (0xfee43023) mem 0x0000000080031f50 0x00000000800120da
core   0: 0x000000008000fee8 (0xfc442703) lw      a4, -60(s0)
core   0: 3 0x000000008000fee8 (0xfc442703) x14 0x0000000000000000 mem 0x0000000080031f34
core   0: 0x000000008000feec (0x0ff77713) andi    a4, a4, 255
core   0: 3 0x000000008000feec (0x0ff77713) x14 0x0000000000000000
core   0: 0x000000008000fef0 (0x00e78023) sb      a4, 0(a5)
core   0: 3 0x000000008000fef0 (0x00e78023) mem 0x00000000800120d9 0x00
core   0: 0x000000008000fef4 (0xfc843703) ld      a4, -56(s0)
core   0: 3 0x000000008000fef4 (0xfc843703) x14 0x0000000080012040 mem 0x0000000080031f38
core   0: 0x000000008000fef8 (0xfb843783) ld      a5, -72(s0)
core   0: 3 0x000000008000fef8 (0xfb843783) x15 0x000000000000009c mem 0x0000000080031f28
core   0: 0x000000008000fefc (0x000097ba) c.add   a5, a4
core   0: 3 0x000000008000fefc (0x97ba) x15 0x00000000800120dc
core   0: 0x000000008000fefe (0xfe043703) ld      a4, -32(s0)
core   0: 3 0x000000008000fefe (0xfe043703) x14 0x00000000800120da mem 0x0000000080031f50
core   0: 0x000000008000ff02 (0xfcf76de3) bltu    a4, a5, pc - 38
core   0: 3 0x000000008000ff02 (0xfcf76de3)
core   0: 0x000000008000fedc (0xfe043783) ld      a5, -32(s0)
core   0: 3 0x000000008000fedc (0xfe043783) x15 0x00000000800120da mem 0x0000000080031f50
core   0: 0x000000008000fee0 (0x00178713) addi    a4, a5, 1
core   0: 3 0x000000008000fee0 (0x00178713) x14 0x00000000800120db
core   0: 0x000000008000fee4 (0xfee43023) sd      a4, -32(s0)
core   0: 3 0x000000008000fee4 (0xfee43023) mem 0x0000000080031f50 0x00000000800120db
core   0: 0x000000008000fee8 (0xfc442703) lw      a4, -60(s0)
core   0: 3 0x000000008000fee8 (0xfc442703) x14 0x0000000000000000 mem 0x0000000080031f34
core   0: 0x000000008000feec (0x0ff77713) andi    a4, a4, 255
core   0: 3 0x000000008000feec (0x0ff77713) x14 0x0000000000000000
core   0: 0x000000008000fef0 (0x00e78023) sb      a4, 0(a5)
core   0: 3 0x000000008000fef0 (0x00e78023) mem 0x00000000800120da 0x00
core   0: 0x000000008000fef4 (0xfc843703) ld      a4, -56(s0)
core   0: 3 0x000000008000fef4 (0xfc843703) x14 0x0000000080012040 mem 0x0000000080031f38
core   0: 0x000000008000fef8 (0xfb843783) ld      a5, -72(s0)
core   0: 3 0x000000008000fef8 (0xfb843783) x15 0x000000000000009c mem 0x0000000080031f28
core   0: 0x000000008000fefc (0x000097ba) c.add   a5, a4
core   0: 3 0x000000008000fefc (0x97ba) x15 0x00000000800120dc
core   0: 0x000000008000fefe (0xfe043703) ld      a4, -32(s0)
core   0: 3 0x000000008000fefe (0xfe043703) x14 0x00000000800120db mem 0x0000000080031f50
core   0: 0x000000008000ff02 (0xfcf76de3) bltu    a4, a5, pc - 38
core   0: 3 0x000000008000ff02 (0xfcf76de3)
core   0: 0x000000008000fedc (0xfe043783) ld      a5, -32(s0)
core   0: 3 0x000000008000fedc (0xfe043783) x15 0x00000000800120db mem 0x0000000080031f50
core   0: 0x000000008000fee0 (0x00178713) addi    a4, a5, 1
core   0: 3 0x000000008000fee0 (0x00178713) x14 0x00000000800120dc
core   0: 0x000000008000fee4 (0xfee43023) sd      a4, -32(s0)
core   0: 3 0x000000008000fee4 (0xfee43023) mem 0x0000000080031f50 0x00000000800120dc
core   0: 0x000000008000fee8 (0xfc442703) lw      a4, -60(s0)
core   0: 3 0x000000008000fee8 (0xfc442703) x14 0x0000000000000000 mem 0x0000000080031f34
core   0: 0x000000008000feec (0x0ff77713) andi    a4, a4, 255
core   0: 3 0x000000008000feec (0x0ff77713) x14 0x0000000000000000
core   0: 0x000000008000fef0 (0x00e78023) sb      a4, 0(a5)
core   0: 3 0x000000008000fef0 (0x00e78023) mem 0x00000000800120db 0x00
core   0: 0x000000008000fef4 (0xfc843703) ld      a4, -56(s0)
core   0: 3 0x000000008000fef4 (0xfc843703) x14 0x0000000080012040 mem 0x0000000080031f38
core   0: 0x000000008000fef8 (0xfb843783) ld      a5, -72(s0)
core   0: 3 0x000000008000fef8 (0xfb843783) x15 0x000000000000009c mem 0x0000000080031f28
core   0: 0x000000008000fefc (0x000097ba) c.add   a5, a4
core   0: 3 0x000000008000fefc (0x97ba) x15 0x00000000800120dc
core   0: 0x000000008000fefe (0xfe043703) ld      a4, -32(s0)
core   0: 3 0x000000008000fefe (0xfe043703) x14 0x00000000800120dc mem 0x0000000080031f50
core   0: 0x000000008000ff02 (0xfcf76de3) bltu    a4, a5, pc - 38
core   0: 3 0x000000008000ff02 (0xfcf76de3)
core   0: 0x000000008000ff06 (0xfc843783) ld      a5, -56(s0)
core   0: 3 0x000000008000ff06 (0xfc843783) x15 0x0000000080012040 mem 0x0000000080031f38
core   0: 0x000000008000ff0a (0x0000853e) c.mv    a0, a5
core   0: 3 0x000000008000ff0a (0x853e) x10 0x0000000080012040
core   0: 0x000000008000ff0c (0x00006426) c.ldsp  s0, 72(sp)
core   0: 3 0x000000008000ff0c (0x6426) x8  0x0000000080031f90 mem 0x0000000080031f68
core   0: 0x000000008000ff0e (0x00006161) c.addi16sp sp, 80
core   0: 3 0x000000008000ff0e (0x6161) x2  0x0000000080031f70
core   0: 0x000000008000ff10 (0x00008082) ret
core   0: 3 0x000000008000ff10 (0x8082)
core   0: 0x000000008000f4c4 (0x00000001) c.nop
core   0: 3 0x000000008000f4c4 (0x0001)
core   0: 0x000000008000f4c6 (0x000060e2) c.ldsp  ra, 24(sp)
core   0: 3 0x000000008000f4c6 (0x60e2) x1  0x000000008000f504 mem 0x0000000080031f88
core   0: 0x000000008000f4c8 (0x00006442) c.ldsp  s0, 16(sp)
core   0: 3 0x000000008000f4c8 (0x6442) x8  0x0000000080032040 mem 0x0000000080031f80
core   0: 0x000000008000f4ca (0x00006105) c.addi16sp sp, 32
core   0: 3 0x000000008000f4ca (0x6105) x2  0x0000000080031f90
core   0: 0x000000008000f4cc (0x00008082) ret
core   0: 3 0x000000008000f4cc (0x8082)
core   0: 0x000000008000f504 (0xf5842703) lw      a4, -168(s0)
core   0: 3 0x000000008000f504 (0xf5842703) x14 0x0000000000000001 mem 0x0000000080031f98
core   0: 0x000000008000f508 (0xf5c42783) lw      a5, -164(s0)
core   0: 3 0x000000008000f508 (0xf5c42783) x15 0x0000000000000000 mem 0x0000000080031f9c
core   0: 0x000000008000f50c (0x000085ba) c.mv    a1, a4
core   0: 3 0x000000008000f50c (0x85ba) x11 0x0000000000000001
core   0: 0x000000008000f50e (0x0000853e) c.mv    a0, a5
core   0: 3 0x000000008000f50e (0x853e) x10 0x0000000000000000
core   0: 0x000000008000f510 (0xf03ff0ef) jal     pc - 0xfe
core   0: 3 0x000000008000f510 (0xf03ff0ef) x1  0x000000008000f514
core   0: >>>>  thread_entry
core   0: 0x000000008000f412 (0x00001101) c.addi  sp, -32
core   0: 3 0x000000008000f412 (0x1101) x2  0x0000000080031f70
core   0: 0x000000008000f414 (0x0000ec22) c.sdsp  s0, 24(sp)
core   0: 3 0x000000008000f414 (0xec22) mem 0x0000000080031f88 0x0000000080032040
core   0: 0x000000008000f416 (0x00001000) c.addi4spn s0, sp, 32
core   0: 3 0x000000008000f416 (0x1000) x8  0x0000000080031f90
core   0: 0x000000008000f418 (0x000087aa) c.mv    a5, a0
core   0: 3 0x000000008000f418 (0x87aa) x15 0x0000000000000000
core   0: 0x000000008000f41a (0x0000872e) c.mv    a4, a1
core   0: 3 0x000000008000f41a (0x872e) x14 0x0000000000000001
core   0: 0x000000008000f41c (0xfef42623) sw      a5, -20(s0)
core   0: 3 0x000000008000f41c (0xfef42623) mem 0x0000000080031f7c 0x00000000
core   0: 0x000000008000f420 (0x000087ba) c.mv    a5, a4
core   0: 3 0x000000008000f420 (0x87ba) x15 0x0000000000000001
core   0: 0x000000008000f422 (0xfef42423) sw      a5, -24(s0)
core   0: 3 0x000000008000f422 (0xfef42423) mem 0x0000000080031f78 0x00000001
core   0: 0x000000008000f426 (0x00000001) c.nop
core   0: 3 0x000000008000f426 (0x0001)
core   0: 0x000000008000f428 (0xfec42783) lw      a5, -20(s0)
core   0: 3 0x000000008000f428 (0xfec42783) x15 0x0000000000000000 mem 0x0000000080031f7c
core   0: 0x000000008000f42c (0x00002781) c.addiw a5, 0
core   0: 3 0x000000008000f42c (0x2781) x15 0x0000000000000000
core   0: 0x000000008000f42e (0x0000ffed) c.bnez  a5, pc - 6
core   0: 3 0x000000008000f42e (0xffed)
core   0: 0x000000008000f430 (0x00000001) c.nop
core   0: 3 0x000000008000f430 (0x0001)
core   0: 0x000000008000f432 (0x00000001) c.nop
core   0: 3 0x000000008000f432 (0x0001)
core   0: 0x000000008000f434 (0x00006462) c.ldsp  s0, 24(sp)
core   0: 3 0x000000008000f434 (0x6462) x8  0x0000000080032040 mem 0x0000000080031f88
core   0: 0x000000008000f436 (0x00006105) c.addi16sp sp, 32
core   0: 3 0x000000008000f436 (0x6105) x2  0x0000000080031f90
core   0: 0x000000008000f438 (0x00008082) ret
core   0: 3 0x000000008000f438 (0x8082)
core   0: 0x000000008000f514 (0x00004581) c.li    a1, 0
core   0: 3 0x000000008000f514 (0x4581) x11 0x0000000000000000
core   0: 0x000000008000f516 (0x00004501) c.li    a0, 0
core   0: 3 0x000000008000f516 (0x4501) x10 0x0000000000000000
core   0: 0x000000008000f518 (0xae9f20ef) jal     pc - 0xd518
core   0: 3 0x000000008000f518 (0xae9f20ef) x1  0x000000008000f51c
core   0: >>>>  main
core   0: 0x0000000080002000 (0x00000001) c.nop
core   0: 3 0x0000000080002000 (0x0001)
core   0: >>>>  trap_vec_init
core   0: 0x0000000080002002 (0x00002797) auipc   a5, 0x2
core   0: 3 0x0000000080002002 (0x00002797) x15 0x0000000080004002
core   0: 0x0000000080002006 (0xffe78793) addi    a5, a5, -2
core   0: 3 0x0000000080002006 (0xffe78793) x15 0x0000000080004000
core   0: 0x000000008000200a (0x30579073) csrrw   zero, mtvec, a5
core   0: 3 0x000000008000200a (0x30579073) c773_mtvec 0x0000000080004000
core   0: >>>>  pmp_setup
core   0: 0x000000008000200e (0x00002c17) auipc   s8, 0x2
core   0: 3 0x000000008000200e (0x00002c17) x24 0x000000008000400e
core   0: 0x0000000080002012 (0x022c0c13) addi    s8, s8, 34
core   0: 3 0x0000000080002012 (0x022c0c13) x24 0x0000000080004030
core   0: 0x0000000080002016 (0x00004781) c.li    a5, 0
core   0: 3 0x0000000080002016 (0x4781) x15 0x0000000000000000
core   0: 0x0000000080002018 (0x00009c3e) c.add   s8, a5
core   0: 3 0x0000000080002018 (0x9c3e) x24 0x0000000080004030
core   0: 0x000000008000201a (0x3b0c1073) csrrw   zero, pmpaddr0, s8
core   0: 3 0x000000008000201a (0x3b0c1073) c944_pmpaddr0 0x0000000080004030
core   0: 0x000000008000201e (0x00004c3d) c.li    s8, 15
core   0: 3 0x000000008000201e (0x4c3d) x24 0x000000000000000f
core   0: 0x0000000080002020 (0x3a0c1073) csrrw   zero, pmpcfg0, s8
core   0: 3 0x0000000080002020 (0x3a0c1073) c928_pmpcfg0 0x000000000000000f
core   0: 0x0000000080002024 (0x12000073) sfence.vma zero, zero
core   0: 3 0x0000000080002024 (0x12000073)
core   0: >>>>  mepc_setup
core   0: 0x0000000080002028 (0x00002797) auipc   a5, 0x2
core   0: 3 0x0000000080002028 (0x00002797) x15 0x0000000080004028
core   0: 0x000000008000202c (0x00878793) addi    a5, a5, 8
core   0: 3 0x000000008000202c (0x00878793) x15 0x0000000080004030
core   0: 0x0000000080002030 (0x34179073) csrrw   zero, mepc, a5
core   0: 3 0x0000000080002030 (0x34179073) c833_mepc 0x0000000080004030
core   0: >>>>  custom_csr_setup
core   0: 0x0000000080002034 (0x00100f9b) addiw   t6, zero, 1
core   0: 3 0x0000000080002034 (0x00100f9b) x31 0x0000000000000001
core   0: 0x0000000080002038 (0x00000ffe) c.slli  t6, 31
core   0: 3 0x0000000080002038 (0x0ffe) x31 0x0000000080000000
core   0: 0x000000008000203a (0x00000001) c.nop
core   0: 3 0x000000008000203a (0x0001)
core   0: >>>>  init_s_mode
core   0: 0x000000008000203c (0xfff0079b) addiw   a5, zero, -1
core   0: 3 0x000000008000203c (0xfff0079b) x15 0xffffffffffffffff
core   0: 0x0000000080002040 (0x000017fe) c.slli  a5, 63
core   0: 3 0x0000000080002040 (0x17fe) x15 0x8000000000000000
core   0: 0x0000000080002042 (0x18079073) csrrw   zero, satp, a5
core   0: 3 0x0000000080002042 (0x18079073) c384_satp 0x8000000000000000
core   0: 0x0000000080002046 (0x0000f797) auipc   a5, 0xf
core   0: 3 0x0000000080002046 (0x0000f797) x15 0x0000000080011046
core   0: 0x000000008000204a (0xfba78793) addi    a5, a5, -70
core   0: 3 0x000000008000204a (0xfba78793) x15 0x0000000080011000
core   0: 0x000000008000204e (0x000083b1) c.srli  a5, 12
core   0: 3 0x000000008000204e (0x83b1) x15 0x0000000000080011
core   0: 0x0000000080002050 (0x0010061b) addiw   a2, zero, 1
core   0: 3 0x0000000080002050 (0x0010061b) x12 0x0000000000000001
core   0: 0x0000000080002054 (0x00001632) c.slli  a2, 44
core   0: 3 0x0000000080002054 (0x1632) x12 0x0000100000000000
core   0: 0x0000000080002056 (0x0000167d) c.addi  a2, -1
core   0: 3 0x0000000080002056 (0x167d) x12 0x00000fffffffffff
core   0: 0x0000000080002058 (0x00008ff1) c.and   a5, a2
core   0: 3 0x0000000080002058 (0x8ff1) x15 0x0000000000080011
core   0: 0x000000008000205a (0x1807a073) csrrs   zero, satp, a5
core   0: 3 0x000000008000205a (0x1807a073) c384_satp 0x8000000000080011
core   0: 0x000000008000205e (0x00a005b7) lui     a1, 0xa00
core   0: 3 0x000000008000205e (0x00a005b7) x11 0x0000000000a00000
core   0: 0x0000000080002062 (0x10b5859b) addiw   a1, a1, 267
core   0: 3 0x0000000080002062 (0x10b5859b) x11 0x0000000000a0010b
core   0: 0x0000000080002066 (0x000005b2) c.slli  a1, 12
core   0: 3 0x0000000080002066 (0x05b2) x11 0x0000000a0010b000
core   0: 0x0000000080002068 (0xa0058593) addi    a1, a1, -1536
core   0: 3 0x0000000080002068 (0xa0058593) x11 0x0000000a0010aa00
core   0: 0x000000008000206c (0x30059073) csrrw   zero, mstatus, a1
core   0: 3 0x000000008000206c (0x30059073) c768_mstatus 0x0000000a00102800
core   0: 0x0000000080002070 (0x30459073) csrrw   zero, mie, a1
core   0: 3 0x0000000080002070 (0x30459073) c772_mie 0x0000000000000a00
core   0: 0x0000000080002074 (0x00a005b7) lui     a1, 0xa00
core   0: 3 0x0000000080002074 (0x00a005b7) x11 0x0000000000a00000
core   0: 0x0000000080002078 (0x10b5859b) addiw   a1, a1, 267
core   0: 3 0x0000000080002078 (0x10b5859b) x11 0x0000000000a0010b
core   0: 0x000000008000207c (0x000005b2) c.slli  a1, 12
core   0: 3 0x000000008000207c (0x05b2) x11 0x0000000a0010b000
core   0: 0x000000008000207e (0xa0058593) addi    a1, a1, -1536
core   0: 3 0x000000008000207e (0xa0058593) x11 0x0000000a0010aa00
core   0: 0x0000000080002082 (0x10059073) csrrw   zero, sstatus, a1
core   0: 3 0x0000000080002082 (0x10059073) c768_mstatus 0x0000000a00102800
core   0: 0x0000000080002086 (0x10459073) csrrw   zero, sie, a1
core   0: 3 0x0000000080002086 (0x10459073) c772_mie 0x0000000000000a00
core   0: 0x000000008000208a (0x30200073) mret
core   0: 3 0x000000008000208a (0x30200073) c768_mstatus 0x0000000a00102080
core   0: >>>>  main_g
core   0: 0x0000000080004030 (0x0217f7b3) remu    a5, a5, ra
core   0: 1 0x0000000080004030 (0x0217f7b3) x15 0x0000000000080011
core   0: 0x0000000080004034 (0x412d8db3) sub     s11, s11, s2
core   0: 1 0x0000000080004034 (0x412d8db3) x27 0x0000000000000000
core   0: 0x0000000080004038 (0x41d7da33) sra     s4, a5, t4
core   0: 1 0x0000000080004038 (0x41d7da33) x20 0x0000000000080011
core   0: 0x000000008000403c (0x344f6ef3) csrrsi  t4, mip, 30
core   0: exception trap_illegal_instruction, epc 0x000000008000403c
core   0:           tval 0x00000000344f6ef3
core   0: >>>>  $xrv64i2p1_m2p0_a2p1_f2p2_d2p2_zicsr2p0_zifencei2p0_zmmul1p0_zba1p0_zbb1p0_zbc1p0_zbs1p0
core   0: 0x0000000080004000 (0x0080006f) j       pc + 0x8
core   0: 3 0x0000000080004000 (0x0080006f)
core   0: >>>>  mmode_exception_handler
core   0: 0x0000000080004008 (0x00002c17) auipc   s8, 0x2
core   0: 3 0x0000000080004008 (0x00002c17) x24 0x0000000080006008
core   0: 0x000000008000400c (0x076c0c13) addi    s8, s8, 118
core   0: 3 0x000000008000400c (0x076c0c13) x24 0x000000008000607e
core   0: 0x0000000080004010 (0x000c00e7) jalr    s8
core   0: 3 0x0000000080004010 (0x000c00e7) x1  0x0000000080004014
core   0: >>>>  any_handler
core   0: 0x000000008000607e (0x341027f3) csrrs   a5, mepc, zero
core   0: 3 0x000000008000607e (0x341027f3) x15 0x000000008000403c
core   0: 0x0000000080006082 (0x34202773) csrrs   a4, mcause, zero
core   0: 3 0x0000000080006082 (0x34202773) x14 0x0000000000000002
core   0: 0x0000000080006086 (0x142026f3) csrrs   a3, scause, zero
core   0: 3 0x0000000080006086 (0x142026f3) x13 0x0000000000000000
core   0: 0x000000008000608a (0x30402673) csrrs   a2, mie, zero
core   0: 3 0x000000008000608a (0x30402673) x12 0x0000000000000a00
core   0: 0x000000008000608e (0x344025f3) csrrs   a1, mip, zero
core   0: 3 0x000000008000608e (0x344025f3) x11 0x0000000000000080
core   0: 0x0000000080006092 (0x343025f3) csrrs   a1, mtval, zero
core   0: 3 0x0000000080006092 (0x343025f3) x11 0x00000000344f6ef3
core   0: 0x0000000080006096 (0x14302573) csrrs   a0, stval, zero
core   0: 3 0x0000000080006096 (0x14302573) x10 0x0000000000000000
core   0: 0x000000008000609a (0xb02024f3) csrrs   s1, minstret, zero
core   0: 3 0x000000008000609a (0xb02024f3) x9  0x00000000000007ce
core   0: 0x000000008000609e (0x0000a811) c.j     pc + 20
core   0: 3 0x000000008000609e (0xa811)
core   0: >>>>  mepc_4
core   0: 0x00000000800060b2 (0x00000791) c.addi  a5, 4
core   0: 3 0x00000000800060b2 (0x0791) x15 0x0000000080004040
core   0: 0x00000000800060b4 (0x34179073) csrrw   zero, mepc, a5
core   0: 3 0x00000000800060b4 (0x34179073) c833_mepc 0x0000000080004040
core   0: 0x00000000800060b8 (0x30200073) mret
core   0: 3 0x00000000800060b8 (0x30200073) c768_mstatus 0x0000000a00102080
core   0: 0x0000000080004040 (0xb0205b73) csrrwi  s6, minstret, 0
core   0: exception trap_illegal_instruction, epc 0x0000000080004040
core   0:           tval 0x00000000b0205b73
core   0: >>>>  $xrv64i2p1_m2p0_a2p1_f2p2_d2p2_zicsr2p0_zifencei2p0_zmmul1p0_zba1p0_zbb1p0_zbc1p0_zbs1p0
core   0: 0x0000000080004000 (0x0080006f) j       pc + 0x8
core   0: 3 0x0000000080004000 (0x0080006f)
core   0: >>>>  mmode_exception_handler
core   0: 0x0000000080004008 (0x00002c17) auipc   s8, 0x2
core   0: 3 0x0000000080004008 (0x00002c17) x24 0x0000000080006008
core   0: 0x000000008000400c (0x076c0c13) addi    s8, s8, 118
core   0: 3 0x000000008000400c (0x076c0c13) x24 0x000000008000607e
core   0: 0x0000000080004010 (0x000c00e7) jalr    s8
core   0: 3 0x0000000080004010 (0x000c00e7) x1  0x0000000080004014
core   0: >>>>  any_handler
core   0: 0x000000008000607e (0x341027f3) csrrs   a5, mepc, zero
core   0: 3 0x000000008000607e (0x341027f3) x15 0x0000000080004040
core   0: 0x0000000080006082 (0x34202773) csrrs   a4, mcause, zero
core   0: 3 0x0000000080006082 (0x34202773) x14 0x0000000000000002
core   0: 0x0000000080006086 (0x142026f3) csrrs   a3, scause, zero
core   0: 3 0x0000000080006086 (0x142026f3) x13 0x0000000000000000
core   0: 0x000000008000608a (0x30402673) csrrs   a2, mie, zero
core   0: 3 0x000000008000608a (0x30402673) x12 0x0000000000000a00
core   0: 0x000000008000608e (0x344025f3) csrrs   a1, mip, zero
core   0: 3 0x000000008000608e (0x344025f3) x11 0x0000000000000080
core   0: 0x0000000080006092 (0x343025f3) csrrs   a1, mtval, zero
core   0: 3 0x0000000080006092 (0x343025f3) x11 0x00000000b0205b73
core   0: 0x0000000080006096 (0x14302573) csrrs   a0, stval, zero
core   0: 3 0x0000000080006096 (0x14302573) x10 0x0000000000000000
core   0: 0x000000008000609a (0xb02024f3) csrrs   s1, minstret, zero
core   0: 3 0x000000008000609a (0xb02024f3) x9  0x00000000000007de
core   0: 0x000000008000609e (0x0000a811) c.j     pc + 20
core   0: 3 0x000000008000609e (0xa811)
core   0: >>>>  mepc_4
core   0: 0x00000000800060b2 (0x00000791) c.addi  a5, 4
core   0: 3 0x00000000800060b2 (0x0791) x15 0x0000000080004044
core   0: 0x00000000800060b4 (0x34179073) csrrw   zero, mepc, a5
core   0: 3 0x00000000800060b4 (0x34179073) c833_mepc 0x0000000080004044
core   0: 0x00000000800060b8 (0x30200073) mret
core   0: 3 0x00000000800060b8 (0x30200073) c768_mstatus 0x0000000a00102080
core   0: 0x0000000080004044 (0xc2227853) fcvt.l.d a6, ft4
core   0: 1 0x0000000080004044 (0xc2227853) c1_fflags 0x0000000000000010 c768_mstatus 0x8000000a00106080 x16 0x7fffffffffffffff
core   0: 0x0000000080004048 (0x00000001) c.nop
core   0: 1 0x0000000080004048 (0x0001)
core   0: 0x000000008000404a (0x2ad71753) fmax.d  fa4, fa4, fa3
core   0: 1 0x000000008000404a (0x2ad71753) f14 0x7ff8000000000000
core   0: 0x000000008000404e (0x1266fd53) fmul.d  fs10, fa3, ft6
core   0: 1 0x000000008000404e (0x1266fd53) f26 0x7ff8000000000000
core   0: 0x0000000080004052 (0xd2168853) fcvt.d.wu fa6, a3
core   0: 1 0x0000000080004052 (0xd2168853) f16 0x0000000000000000
core   0: 0x0000000080004056 (0x4a94f94b) fnmsub.d fs2, fs1, fs1, fs1
core   0: 1 0x0000000080004056 (0x4a94f94b) f18 0x7ff8000000000000
core   0: 0x000000008000405a (0xfffd0c1b) addiw   s8, s10, -1
core   0: 1 0x000000008000405a (0xfffd0c1b) x24 0xffffffffffffffff
core   0: 0x000000008000405e (0x00161473) csrrw   s0, fflags, a2
core   0: 1 0x000000008000405e (0x00161473) x8  0x0000000000000010 c1_fflags 0x0000000000000000
core   0: 0x0000000080004062 (0xc0257ed3) fcvt.l.s t4, fa0
core   0: 1 0x0000000080004062 (0xc0257ed3) x29 0x0000000000000000
core   0: 0x0000000080004066 (0x02f7743b) remuw   s0, a4, a5
core   0: 1 0x0000000080004066 (0x02f7743b) x8  0x0000000000000002
core   0: 0x000000008000406a (0x01465cb3) srl     s9, a2, s4
core   0: 1 0x000000008000406a (0x01465cb3) x25 0x0000000000000000
core   0: 0x000000008000406e (0x410753bb) sraw    t2, a4, a6
core   0: 1 0x000000008000406e (0x410753bb) x7  0x0000000000000000
core   0: 0x0000000080004072 (0x42975793) srai    a5, a4, 41
core   0: 1 0x0000000080004072 (0x42975793) x15 0x0000000000000000
core   0: 0x0000000080004076 (0xa2650a53) fle.d   s4, fa0, ft6
core   0: 1 0x0000000080004076 (0xa2650a53) c1_fflags 0x0000000000000010 x20 0x0000000000000000
core   0: 0x000000008000407a (0xc21472d3) fcvt.wu.d t0, fs0
core   0: 1 0x000000008000407a (0xc21472d3) c1_fflags 0x0000000000000010 x5  0xffffffffffffffff
core   0: 0x000000008000407e (0x000c5c1b) srliw   s8, s8, 0
core   0: 1 0x000000008000407e (0x000c5c1b) x24 0xffffffffffffffff
core   0: 0x0000000080004082 (0x0010d793) srli    a5, ra, 1
core   0: 1 0x0000000080004082 (0x0010d793) x15 0x000000004000200a
core   0: 0x0000000080004086 (0x022157bb) divuw   a5, sp, sp
core   0: 1 0x0000000080004086 (0x022157bb) x15 0x0000000000000001
core   0: 0x000000008000408a (0x82dfff43) fmadd.d ft10, ft11, fa3, fa6
core   0: 1 0x000000008000408a (0x82dfff43) f30 0x7ff8000000000000
core   0: 0x000000008000408e (0x229f14d3) fsgnjn.d fs1, ft10, fs1
core   0: 1 0x000000008000408e (0x229f14d3) f9  0x7ff8000000000000
core   0: 0x0000000080004092 (0x005a09bb) addw    s3, s4, t0
core   0: 1 0x0000000080004092 (0x005a09bb) x19 0xffffffffffffffff
core   0: 0x0000000080004096 (0x00ed911b) slliw   sp, s11, 14
core   0: 1 0x0000000080004096 (0x00ed911b) x2  0x0000000000000000
core   0: 0x000000008000409a (0x0222f0b3) remu    ra, t0, sp
core   0: 1 0x000000008000409a (0x0222f0b3) x1  0xffffffffffffffff
core   0: 0x000000008000409e (0x41cc5b1b) sraiw   s6, s8, 28
core   0: 1 0x000000008000409e (0x41cc5b1b) x22 0xffffffffffffffff
core   0: 0x00000000800040a2 (0x0078563b) srlw    a2, a6, t2
core   0: 1 0x00000000800040a2 (0x0078563b) x12 0xffffffffffffffff
core   0: 0x00000000800040a6 (0x00000001) c.nop
core   0: 1 0x00000000800040a6 (0x0001)
core   0: 0x00000000800040a8 (0x002497f3) csrrw   a5, frm, s1
core   0: 1 0x00000000800040a8 (0x002497f3) x15 0x0000000000000000 c2_frm 0x0000000000000006
core   0: 0x00000000800040ac (0xd21907d3) fcvt.d.wu fa5, s2
core   0: 1 0x00000000800040ac (0xd21907d3) f15 0x0000000000000000
core   0: 0x00000000800040b0 (0x414a0bbb) subw    s7, s4, s4
core   0: 1 0x00000000800040b0 (0x414a0bbb) x23 0x0000000000000000
core   0: 0x00000000800040b4 (0x00005b3b) srlw    s6, zero, zero
core   0: 1 0x00000000800040b4 (0x00005b3b) x22 0x0000000000000000
core   0: 0x00000000800040b8 (0x016cbe33) sltu    t3, s9, s6
core   0: 1 0x00000000800040b8 (0x016cbe33) x28 0x0000000000000000
core   0: 0x00000000800040bc (0xa05b7313) andi    t1, s6, -1531
core   0: 1 0x00000000800040bc (0xa05b7313) x6  0x0000000000000000
core   0: 0x00000000800040c0 (0x23ef05d3) fsgnj.d fa1, ft10, ft10
core   0: 1 0x00000000800040c0 (0x23ef05d3) f11 0x7ff8000000000000
core   0: 0x00000000800040c4 (0x800c8d93) addi    s11, s9, -2048
core   0: 1 0x00000000800040c4 (0x800c8d93) x27 0xfffffffffffff800
core   0: 0x00000000800040c8 (0x23b58dd3) fsgnj.d fs11, fa1, fs11
core   0: 1 0x00000000800040c8 (0x23b58dd3) f27 0xfff8000000000000
core   0: 0x00000000800040cc (0x0097c3b3) xor     t2, a5, s1
core   0: 1 0x00000000800040cc (0x0097c3b3) x7  0x00000000000007de
core   0: 0x00000000800040d0 (0x0ff0000f) fence   iorw,iorw
core   0: 1 0x00000000800040d0 (0x0ff0000f)
core   0: 0x00000000800040d4 (0x1b88f0d3) fdiv.d  ft1, fa7, fs8
core   0: exception trap_illegal_instruction, epc 0x00000000800040d4
core   0:           tval 0x000000001b88f0d3
core   0: >>>>  $xrv64i2p1_m2p0_a2p1_f2p2_d2p2_zicsr2p0_zifencei2p0_zmmul1p0_zba1p0_zbb1p0_zbc1p0_zbs1p0
core   0: 0x0000000080004000 (0x0080006f) j       pc + 0x8
core   0: 3 0x0000000080004000 (0x0080006f)
core   0: >>>>  mmode_exception_handler
core   0: 0x0000000080004008 (0x00002c17) auipc   s8, 0x2
core   0: 3 0x0000000080004008 (0x00002c17) x24 0x0000000080006008
core   0: 0x000000008000400c (0x076c0c13) addi    s8, s8, 118
core   0: 3 0x000000008000400c (0x076c0c13) x24 0x000000008000607e
core   0: 0x0000000080004010 (0x000c00e7) jalr    s8
core   0: 3 0x0000000080004010 (0x000c00e7) x1  0x0000000080004014
core   0: >>>>  any_handler
core   0: 0x000000008000607e (0x341027f3) csrrs   a5, mepc, zero
core   0: 3 0x000000008000607e (0x341027f3) x15 0x00000000800040d4
core   0: 0x0000000080006082 (0x34202773) csrrs   a4, mcause, zero
core   0: 3 0x0000000080006082 (0x34202773) x14 0x0000000000000002
core   0: 0x0000000080006086 (0x142026f3) csrrs   a3, scause, zero
core   0: 3 0x0000000080006086 (0x142026f3) x13 0x0000000000000000
core   0: 0x000000008000608a (0x30402673) csrrs   a2, mie, zero
core   0: 3 0x000000008000608a (0x30402673) x12 0x0000000000000a00
core   0: 0x000000008000608e (0x344025f3) csrrs   a1, mip, zero
core   0: 3 0x000000008000608e (0x344025f3) x11 0x0000000000000080
core   0: 0x0000000080006092 (0x343025f3) csrrs   a1, mtval, zero
core   0: 3 0x0000000080006092 (0x343025f3) x11 0x000000001b88f0d3
core   0: 0x0000000080006096 (0x14302573) csrrs   a0, stval, zero
core   0: 3 0x0000000080006096 (0x14302573) x10 0x0000000000000000
core   0: 0x000000008000609a (0xb02024f3) csrrs   s1, minstret, zero
core   0: 3 0x000000008000609a (0xb02024f3) x9  0x0000000000000813
core   0: 0x000000008000609e (0x0000a811) c.j     pc + 20
core   0: 3 0x000000008000609e (0xa811)
core   0: >>>>  mepc_4
core   0: 0x00000000800060b2 (0x00000791) c.addi  a5, 4
core   0: 3 0x00000000800060b2 (0x0791) x15 0x00000000800040d8
core   0: 0x00000000800060b4 (0x34179073) csrrw   zero, mepc, a5
core   0: 3 0x00000000800060b4 (0x34179073) c833_mepc 0x00000000800040d8
core   0: 0x00000000800060b8 (0x30200073) mret
core   0: 3 0x00000000800060b8 (0x30200073) c768_mstatus 0x8000000a00106080
core   0: 0x00000000800040d8 (0x239e74cf) fnmadd.d fs1, ft8, fs9, ft4
core   0: exception trap_illegal_instruction, epc 0x00000000800040d8
core   0:           tval 0x00000000239e74cf
core   0: >>>>  $xrv64i2p1_m2p0_a2p1_f2p2_d2p2_zicsr2p0_zifencei2p0_zmmul1p0_zba1p0_zbb1p0_zbc1p0_zbs1p0
core   0: 0x0000000080004000 (0x0080006f) j       pc + 0x8
core   0: 3 0x0000000080004000 (0x0080006f)
core   0: >>>>  mmode_exception_handler
core   0: 0x0000000080004008 (0x00002c17) auipc   s8, 0x2
core   0: 3 0x0000000080004008 (0x00002c17) x24 0x0000000080006008
core   0: 0x000000008000400c (0x076c0c13) addi    s8, s8, 118
core   0: 3 0x000000008000400c (0x076c0c13) x24 0x000000008000607e
core   0: 0x0000000080004010 (0x000c00e7) jalr    s8
core   0: 3 0x0000000080004010 (0x000c00e7) x1  0x0000000080004014
core   0: >>>>  any_handler
core   0: 0x000000008000607e (0x341027f3) csrrs   a5, mepc, zero
core   0: 3 0x000000008000607e (0x341027f3) x15 0x00000000800040d8
core   0: 0x0000000080006082 (0x34202773) csrrs   a4, mcause, zero
core   0: 3 0x0000000080006082 (0x34202773) x14 0x0000000000000002
core   0: 0x0000000080006086 (0x142026f3) csrrs   a3, scause, zero
core   0: 3 0x0000000080006086 (0x142026f3) x13 0x0000000000000000
core   0: 0x000000008000608a (0x30402673) csrrs   a2, mie, zero
core   0: 3 0x000000008000608a (0x30402673) x12 0x0000000000000a00
core   0: 0x000000008000608e (0x344025f3) csrrs   a1, mip, zero
core   0: 3 0x000000008000608e (0x344025f3) x11 0x0000000000000080
core   0: 0x0000000080006092 (0x343025f3) csrrs   a1, mtval, zero
core   0: 3 0x0000000080006092 (0x343025f3) x11 0x00000000239e74cf
core   0: 0x0000000080006096 (0x14302573) csrrs   a0, stval, zero
core   0: 3 0x0000000080006096 (0x14302573) x10 0x0000000000000000
core   0: 0x000000008000609a (0xb02024f3) csrrs   s1, minstret, zero
core   0: 3 0x000000008000609a (0xb02024f3) x9  0x0000000000000823
core   0: 0x000000008000609e (0x0000a811) c.j     pc + 20
core   0: 3 0x000000008000609e (0xa811)
core   0: >>>>  mepc_4
core   0: 0x00000000800060b2 (0x00000791) c.addi  a5, 4
core   0: 3 0x00000000800060b2 (0x0791) x15 0x00000000800040dc
core   0: 0x00000000800060b4 (0x34179073) csrrw   zero, mepc, a5
core   0: 3 0x00000000800060b4 (0x34179073) c833_mepc 0x00000000800040dc
core   0: 0x00000000800060b8 (0x30200073) mret
core   0: 3 0x00000000800060b8 (0x30200073) c768_mstatus 0x8000000a00106080
core   0: 0x00000000800040dc (0x30328293) addi    t0, t0, 771
core   0: 1 0x00000000800040dc (0x30328293) x5  0x0000000000000302
core   0: 0x00000000800040e0 (0x23a31d53) fsgnjn.d fs10, ft6, fs10
core   0: 1 0x00000000800040e0 (0x23a31d53) f26 0xffffffff00000000
core   0: 0x00000000800040e4 (0x02663ab3) mulhu   s5, a2, t1
core   0: 1 0x00000000800040e4 (0x02663ab3) x21 0x0000000000000000
core   0: 0x00000000800040e8 (0x52857543) fmadd.d fa0, fa0, fs0, fa0
core   0: exception trap_illegal_instruction, epc 0x00000000800040e8
core   0:           tval 0x0000000052857543
core   0: >>>>  $xrv64i2p1_m2p0_a2p1_f2p2_d2p2_zicsr2p0_zifencei2p0_zmmul1p0_zba1p0_zbb1p0_zbc1p0_zbs1p0
core   0: 0x0000000080004000 (0x0080006f) j       pc + 0x8
core   0: 3 0x0000000080004000 (0x0080006f)
core   0: >>>>  mmode_exception_handler
core   0: 0x0000000080004008 (0x00002c17) auipc   s8, 0x2
core   0: 3 0x0000000080004008 (0x00002c17) x24 0x0000000080006008
core   0: 0x000000008000400c (0x076c0c13) addi    s8, s8, 118
core   0: 3 0x000000008000400c (0x076c0c13) x24 0x000000008000607e
core   0: 0x0000000080004010 (0x000c00e7) jalr    s8
core   0: 3 0x0000000080004010 (0x000c00e7) x1  0x0000000080004014
core   0: >>>>  any_handler
core   0: 0x000000008000607e (0x341027f3) csrrs   a5, mepc, zero
core   0: 3 0x000000008000607e (0x341027f3) x15 0x00000000800040e8
core   0: 0x0000000080006082 (0x34202773) csrrs   a4, mcause, zero
core   0: 3 0x0000000080006082 (0x34202773) x14 0x0000000000000002
core   0: 0x0000000080006086 (0x142026f3) csrrs   a3, scause, zero
core   0: 3 0x0000000080006086 (0x142026f3) x13 0x0000000000000000
core   0: 0x000000008000608a (0x30402673) csrrs   a2, mie, zero
core   0: 3 0x000000008000608a (0x30402673) x12 0x0000000000000a00
core   0: 0x000000008000608e (0x344025f3) csrrs   a1, mip, zero
core   0: 3 0x000000008000608e (0x344025f3) x11 0x0000000000000080
core   0: 0x0000000080006092 (0x343025f3) csrrs   a1, mtval, zero
core   0: 3 0x0000000080006092 (0x343025f3) x11 0x0000000052857543
core   0: 0x0000000080006096 (0x14302573) csrrs   a0, stval, zero
core   0: 3 0x0000000080006096 (0x14302573) x10 0x0000000000000000
core   0: 0x000000008000609a (0xb02024f3) csrrs   s1, minstret, zero
core   0: 3 0x000000008000609a (0xb02024f3) x9  0x0000000000000836
core   0: 0x000000008000609e (0x0000a811) c.j     pc + 20
core   0: 3 0x000000008000609e (0xa811)
core   0: >>>>  mepc_4
core   0: 0x00000000800060b2 (0x00000791) c.addi  a5, 4
core   0: 3 0x00000000800060b2 (0x0791) x15 0x00000000800040ec
core   0: 0x00000000800060b4 (0x34179073) csrrw   zero, mepc, a5
core   0: 3 0x00000000800060b4 (0x34179073) c833_mepc 0x00000000800040ec
core   0: 0x00000000800060b8 (0x30200073) mret
core   0: 3 0x00000000800060b8 (0x30200073) c768_mstatus 0x8000000a00106080
core   0: 0x00000000800040ec (0x41e1de1b) sraiw   t3, gp, 30
core   0: 1 0x00000000800040ec (0x41e1de1b) x28 0xfffffffffffffffe
core   0: 0x00000000800040f0 (0xfc436437) lui     s0, 0xfc436
core   0: 1 0x00000000800040f0 (0xfc436437) x8  0xfffffffffc436000
core   0: 0x00000000800040f4 (0x1c94041b) addiw   s0, s0, 457
core   0: 1 0x00000000800040f4 (0x1c94041b) x8  0xfffffffffc4361c9
core   0: 0x00000000800040f8 (0x00000432) c.slli  s0, 12
core   0: 1 0x00000000800040f8 (0x0432) x8  0xffffffc4361c9000
core   0: 0x00000000800040fa (0xb8240413) addi    s0, s0, -1150
core   0: 1 0x00000000800040fa (0xb8240413) x8  0xffffffc4361c8b82
core   0: 0x00000000800040fe (0x00b45e9b) srliw   t4, s0, 11
core   0: 1 0x00000000800040fe (0x00b45e9b) x29 0x000000000006c391
core   0: 0x0000000080004102 (0x003db037) lui     zero, 0x3db
core   0: 1 0x0000000080004102 (0x003db037)
core   0: 0x0000000080004106 (0x03d7f7b7) lui     a5, 0x3d7f
core   0: 1 0x0000000080004106 (0x03d7f7b7) x15 0x0000000003d7f000
core   0: 0x000000008000410a (0x9137879b) addiw   a5, a5, -1773
core   0: 1 0x000000008000410a (0x9137879b) x15 0x0000000003d7e913
core   0: 0x000000008000410e (0x000007b2) c.slli  a5, 12
core   0: 1 0x000000008000410e (0x07b2) x15 0x0000003d7e913000
core   0: 0x0000000080004110 (0x4cd78793) addi    a5, a5, 1229
core   0: 1 0x0000000080004110 (0x4cd78793) x15 0x0000003d7e9134cd
core   0: 0x0000000080004114 (0xc2247553) fcvt.l.d a0, fs0
core   0: exception trap_illegal_instruction, epc 0x0000000080004114
core   0:           tval 0x00000000c2247553
core   0: >>>>  $xrv64i2p1_m2p0_a2p1_f2p2_d2p2_zicsr2p0_zifencei2p0_zmmul1p0_zba1p0_zbb1p0_zbc1p0_zbs1p0
core   0: 0x0000000080004000 (0x0080006f) j       pc + 0x8
core   0: 3 0x0000000080004000 (0x0080006f)
core   0: >>>>  mmode_exception_handler
core   0: 0x0000000080004008 (0x00002c17) auipc   s8, 0x2
core   0: 3 0x0000000080004008 (0x00002c17) x24 0x0000000080006008
core   0: 0x000000008000400c (0x076c0c13) addi    s8, s8, 118
core   0: 3 0x000000008000400c (0x076c0c13) x24 0x000000008000607e
core   0: 0x0000000080004010 (0x000c00e7) jalr    s8
core   0: 3 0x0000000080004010 (0x000c00e7) x1  0x0000000080004014
core   0: >>>>  any_handler
core   0: 0x000000008000607e (0x341027f3) csrrs   a5, mepc, zero
core   0: 3 0x000000008000607e (0x341027f3) x15 0x0000000080004114
core   0: 0x0000000080006082 (0x34202773) csrrs   a4, mcause, zero
core   0: 3 0x0000000080006082 (0x34202773) x14 0x0000000000000002
core   0: 0x0000000080006086 (0x142026f3) csrrs   a3, scause, zero
core   0: 3 0x0000000080006086 (0x142026f3) x13 0x0000000000000000
core   0: 0x000000008000608a (0x30402673) csrrs   a2, mie, zero
core   0: 3 0x000000008000608a (0x30402673) x12 0x0000000000000a00
core   0: 0x000000008000608e (0x344025f3) csrrs   a1, mip, zero
core   0: 3 0x000000008000608e (0x344025f3) x11 0x0000000000000080
core   0: 0x0000000080006092 (0x343025f3) csrrs   a1, mtval, zero
core   0: 3 0x0000000080006092 (0x343025f3) x11 0x00000000c2247553
core   0: 0x0000000080006096 (0x14302573) csrrs   a0, stval, zero
core   0: 3 0x0000000080006096 (0x14302573) x10 0x0000000000000000
core   0: 0x000000008000609a (0xb02024f3) csrrs   s1, minstret, zero
core   0: 3 0x000000008000609a (0xb02024f3) x9  0x0000000000000851
core   0: 0x000000008000609e (0x0000a811) c.j     pc + 20
core   0: 3 0x000000008000609e (0xa811)
core   0: >>>>  mepc_4
core   0: 0x00000000800060b2 (0x00000791) c.addi  a5, 4
core   0: 3 0x00000000800060b2 (0x0791) x15 0x0000000080004118
core   0: 0x00000000800060b4 (0x34179073) csrrw   zero, mepc, a5
core   0: 3 0x00000000800060b4 (0x34179073) c833_mepc 0x0000000080004118
core   0: 0x00000000800060b8 (0x30200073) mret
core   0: 3 0x00000000800060b8 (0x30200073) c768_mstatus 0x8000000a00106080
core   0: 0x0000000080004118 (0x03f91493) slli    s1, s2, 63
core   0: 1 0x0000000080004118 (0x03f91493) x9  0x0000000000000000
core   0: 0x000000008000411c (0x8af4f9cb) fnmsub.d fs3, fs1, fa5, fa7
core   0: exception trap_illegal_instruction, epc 0x000000008000411c
core   0:           tval 0x000000008af4f9cb
core   0: >>>>  $xrv64i2p1_m2p0_a2p1_f2p2_d2p2_zicsr2p0_zifencei2p0_zmmul1p0_zba1p0_zbb1p0_zbc1p0_zbs1p0
core   0: 0x0000000080004000 (0x0080006f) j       pc + 0x8
core   0: 3 0x0000000080004000 (0x0080006f)
core   0: >>>>  mmode_exception_handler
core   0: 0x0000000080004008 (0x00002c17) auipc   s8, 0x2
core   0: 3 0x0000000080004008 (0x00002c17) x24 0x0000000080006008
core   0: 0x000000008000400c (0x076c0c13) addi    s8, s8, 118
core   0: 3 0x000000008000400c (0x076c0c13) x24 0x000000008000607e
core   0: 0x0000000080004010 (0x000c00e7) jalr    s8
core   0: 3 0x0000000080004010 (0x000c00e7) x1  0x0000000080004014
core   0: >>>>  any_handler
core   0: 0x000000008000607e (0x341027f3) csrrs   a5, mepc, zero
core   0: 3 0x000000008000607e (0x341027f3) x15 0x000000008000411c
core   0: 0x0000000080006082 (0x34202773) csrrs   a4, mcause, zero
core   0: 3 0x0000000080006082 (0x34202773) x14 0x0000000000000002
core   0: 0x0000000080006086 (0x142026f3) csrrs   a3, scause, zero
core   0: 3 0x0000000080006086 (0x142026f3) x13 0x0000000000000000
core   0: 0x000000008000608a (0x30402673) csrrs   a2, mie, zero
core   0: 3 0x000000008000608a (0x30402673) x12 0x0000000000000a00
core   0: 0x000000008000608e (0x344025f3) csrrs   a1, mip, zero
core   0: 3 0x000000008000608e (0x344025f3) x11 0x0000000000000080
core   0: 0x0000000080006092 (0x343025f3) csrrs   a1, mtval, zero
core   0: 3 0x0000000080006092 (0x343025f3) x11 0x000000008af4f9cb
core   0: 0x0000000080006096 (0x14302573) csrrs   a0, stval, zero
core   0: 3 0x0000000080006096 (0x14302573) x10 0x0000000000000000
core   0: 0x000000008000609a (0xb02024f3) csrrs   s1, minstret, zero
core   0: 3 0x000000008000609a (0xb02024f3) x9  0x0000000000000862
core   0: 0x000000008000609e (0x0000a811) c.j     pc + 20
core   0: 3 0x000000008000609e (0xa811)
core   0: >>>>  mepc_4
core   0: 0x00000000800060b2 (0x00000791) c.addi  a5, 4
core   0: 3 0x00000000800060b2 (0x0791) x15 0x0000000080004120
core   0: 0x00000000800060b4 (0x34179073) csrrw   zero, mepc, a5
core   0: 3 0x00000000800060b4 (0x34179073) c833_mepc 0x0000000080004120
core   0: 0x00000000800060b8 (0x30200073) mret
core   0: 3 0x00000000800060b8 (0x30200073) c768_mstatus 0x8000000a00106080
core   0: 0x0000000080004120 (0x01b79a1b) slliw   s4, a5, 27
core   0: 1 0x0000000080004120 (0x01b79a1b) x20 0x0000000000000000
core   0: 0x0000000080004124 (0x001892f3) csrrw   t0, fflags, a7
core   0: 1 0x0000000080004124 (0x001892f3) x5  0x0000000000000010 c1_fflags 0x0000000000000000
core   0: 0x0000000080004128 (0x4188dc33) sra     s8, a7, s8
core   0: 1 0x0000000080004128 (0x4188dc33) x24 0x0000000000000000
core   0: 0x000000008000412c (0x03f41a93) slli    s5, s0, 63
core   0: 1 0x000000008000412c (0x03f41a93) x21 0x0000000000000000
core   0: 0x0000000080004130 (0x02a5c033) div     zero, a1, a0
core   0: 1 0x0000000080004130 (0x02a5c033)
core   0: 0x0000000080004134 (0xc034f5d3) fcvt.lu.s a1, fs1
core   0: exception trap_illegal_instruction, epc 0x0000000080004134
core   0:           tval 0x00000000c034f5d3
core   0: >>>>  $xrv64i2p1_m2p0_a2p1_f2p2_d2p2_zicsr2p0_zifencei2p0_zmmul1p0_zba1p0_zbb1p0_zbc1p0_zbs1p0
core   0: 0x0000000080004000 (0x0080006f) j       pc + 0x8
core   0: 3 0x0000000080004000 (0x0080006f)
core   0: >>>>  mmode_exception_handler
core   0: 0x0000000080004008 (0x00002c17) auipc   s8, 0x2
core   0: 3 0x0000000080004008 (0x00002c17) x24 0x0000000080006008
core   0: 0x000000008000400c (0x076c0c13) addi    s8, s8, 118
core   0: 3 0x000000008000400c (0x076c0c13) x24 0x000000008000607e
core   0: 0x0000000080004010 (0x000c00e7) jalr    s8
core   0: 3 0x0000000080004010 (0x000c00e7) x1  0x0000000080004014
core   0: >>>>  any_handler
core   0: 0x000000008000607e (0x341027f3) csrrs   a5, mepc, zero
core   0: 3 0x000000008000607e (0x341027f3) x15 0x0000000080004134
core   0: 0x0000000080006082 (0x34202773) csrrs   a4, mcause, zero
core   0: 3 0x0000000080006082 (0x34202773) x14 0x0000000000000002
core   0: 0x0000000080006086 (0x142026f3) csrrs   a3, scause, zero
core   0: 3 0x0000000080006086 (0x142026f3) x13 0x0000000000000000
core   0: 0x000000008000608a (0x30402673) csrrs   a2, mie, zero
core   0: 3 0x000000008000608a (0x30402673) x12 0x0000000000000a00
core   0: 0x000000008000608e (0x344025f3) csrrs   a1, mip, zero
core   0: 3 0x000000008000608e (0x344025f3) x11 0x0000000000000080
core   0: 0x0000000080006092 (0x343025f3) csrrs   a1, mtval, zero
core   0: 3 0x0000000080006092 (0x343025f3) x11 0x00000000c034f5d3
core   0: 0x0000000080006096 (0x14302573) csrrs   a0, stval, zero
core   0: 3 0x0000000080006096 (0x14302573) x10 0x0000000000000000
core   0: 0x000000008000609a (0xb02024f3) csrrs   s1, minstret, zero
core   0: 3 0x000000008000609a (0xb02024f3) x9  0x0000000000000877
core   0: 0x000000008000609e (0x0000a811) c.j     pc + 20
core   0: 3 0x000000008000609e (0xa811)
core   0: >>>>  mepc_4
core   0: 0x00000000800060b2 (0x00000791) c.addi  a5, 4
core   0: 3 0x00000000800060b2 (0x0791) x15 0x0000000080004138
core   0: 0x00000000800060b4 (0x34179073) csrrw   zero, mepc, a5
core   0: 3 0x00000000800060b4 (0x34179073) c833_mepc 0x0000000080004138
core   0: 0x00000000800060b8 (0x30200073) mret
core   0: 3 0x00000000800060b8 (0x30200073) c768_mstatus 0x8000000a00106080
core   0: 0x0000000080004138 (0x14172973) csrrs   s2, sepc, a4
core   0: 1 0x0000000080004138 (0x14172973) x18 0x0000000000000000 c321_sepc 0x0000000000000002
core   0: 0x000000008000413c (0x0227c033) div     zero, a5, sp
core   0: 1 0x000000008000413c (0x0227c033)
core   0: 0x0000000080004140 (0x4a020537) lui     a0, 0x4a020
core   0: 1 0x0000000080004140 (0x4a020537) x10 0x000000004a020000
core   0: 0x0000000080004144 (0x40a1803b) subw    zero, gp, a0
core   0: 1 0x0000000080004144 (0x40a1803b)
core   0: 0x0000000080004148 (0x04b5cbb7) lui     s7, 0x4b5c
core   0: 1 0x0000000080004148 (0x04b5cbb7) x23 0x0000000004b5c000
core   0: 0x000000008000414c (0xcbfb8b9b) addiw   s7, s7, -833
core   0: 1 0x000000008000414c (0xcbfb8b9b) x23 0x0000000004b5bcbf
core   0: 0x0000000080004150 (0x00000bb2) c.slli  s7, 12
core   0: 1 0x0000000080004150 (0x0bb2) x23 0x0000004b5bcbf000
core   0: 0x0000000080004152 (0xa36b8b93) addi    s7, s7, -1482
core   0: 1 0x0000000080004152 (0xa36b8b93) x23 0x0000004b5bcbea36
core   0: 0x0000000080004156 (0x016295bb) sllw    a1, t0, s6
core   0: 1 0x0000000080004156 (0x016295bb) x11 0x0000000000000010
core   0: 0x000000008000415a (0x4052d13b) sraw    sp, t0, t0
core   0: 1 0x000000008000415a (0x4052d13b) x2  0x0000000000000000
core   0: 0x000000008000415e (0x00008cc1) c.or    s1, s0
core   0: 1 0x000000008000415e (0x8cc1) x9  0xffffffc4361c8bf7
core   0: 0x0000000080004160 (0x001ddd13) srli    s10, s11, 1
core   0: 1 0x0000000080004160 (0x001ddd13) x26 0x7ffffffffffffc00
core   0: 0x0000000080004164 (0x406bd33b) sraw    t1, s7, t1
core   0: 1 0x0000000080004164 (0x406bd33b) x6  0x000000005bcbea36
core   0: 0x0000000080004168 (0x00279d73) csrrw   s10, frm, a5
core   0: 1 0x0000000080004168 (0x00279d73) x26 0x0000000000000006 c2_frm 0x0000000000000000
core   0: 0x000000008000416c (0xd037fbd3) fcvt.s.lu fs7, a5
core   0: 1 0x000000008000416c (0xd037fbd3) c1_fflags 0x0000000000000001 f23 0xffffffff4f000041
core   0: 0x0000000080004170 (0x411852b3) sra     t0, a6, a7
core   0: 1 0x0000000080004170 (0x411852b3) x5  0x7fffffffffffffff
core   0: 0x0000000080004174 (0x2bca9f53) fmax.d  ft10, fs5, ft8
core   0: 1 0x0000000080004174 (0x2bca9f53) f30 0x7ff8000000000000
core   0: 0x0000000080004178 (0xa6644713) xori    a4, s0, -1434
core   0: 1 0x0000000080004178 (0xa6644713) x14 0x0000003bc9e371e4
core   0: 0x000000008000417c (0x01ab23b3) slt     t2, s6, s10
core   0: 1 0x000000008000417c (0x01ab23b3) x7  0x0000000000000001
core   0: 0x0000000080004180 (0x001a5c93) srli    s9, s4, 1
core   0: 1 0x0000000080004180 (0x001a5c93) x25 0x0000000000000000
core   0: 0x0000000080004184 (0x9a38f1cf) fnmadd.d ft3, fa7, ft3, fs3
core   0: 1 0x0000000080004184 (0x9a38f1cf) f3  0x7ff8000000000000
core   0: 0x0000000080004188 (0x6b2977cf) fnmadd.d fa5, fs2, fs2, fa3
core   0: 1 0x0000000080004188 (0x6b2977cf) f15 0x7ff8000000000000
core   0: 0x000000008000418c (0x23420153) fsgnj.d ft2, ft4, fs4
core   0: 1 0x000000008000418c (0x23420153) f2  0xffffffff00000000
core   0: 0x0000000080004190 (0xe2020153) fmv.x.d sp, ft4
core   0: 1 0x0000000080004190 (0xe2020153) x2  0xffffffff00000000
core   0: 0x0000000080004194 (0xc037f0d3) fcvt.lu.s ra, fa5
core   0: 1 0x0000000080004194 (0xc037f0d3) c1_fflags 0x0000000000000011 x1  0xffffffffffffffff
core   0: 0x0000000080004198 (0x02189933) mulh    s2, a7, ra
core   0: 1 0x0000000080004198 (0x02189933) x18 0x0000000000000000
core   0: 0x000000008000419c (0x0221dc33) divu    s8, gp, sp
core   0: 1 0x000000008000419c (0x0221dc33) x24 0x0000000000000000
core   0: 0x00000000800041a0 (0xb82ebc73) csrrc   s8, minstreth, t4
core   0: exception trap_illegal_instruction, epc 0x00000000800041a0
core   0:           tval 0x00000000b82ebc73
core   0: >>>>  $xrv64i2p1_m2p0_a2p1_f2p2_d2p2_zicsr2p0_zifencei2p0_zmmul1p0_zba1p0_zbb1p0_zbc1p0_zbs1p0
core   0: 0x0000000080004000 (0x0080006f) j       pc + 0x8
core   0: 3 0x0000000080004000 (0x0080006f)
core   0: >>>>  mmode_exception_handler
core   0: 0x0000000080004008 (0x00002c17) auipc   s8, 0x2
core   0: 3 0x0000000080004008 (0x00002c17) x24 0x0000000080006008
core   0: 0x000000008000400c (0x076c0c13) addi    s8, s8, 118
core   0: 3 0x000000008000400c (0x076c0c13) x24 0x000000008000607e
core   0: 0x0000000080004010 (0x000c00e7) jalr    s8
core   0: 3 0x0000000080004010 (0x000c00e7) x1  0x0000000080004014
core   0: >>>>  any_handler
core   0: 0x000000008000607e (0x341027f3) csrrs   a5, mepc, zero
core   0: 3 0x000000008000607e (0x341027f3) x15 0x00000000800041a0
core   0: 0x0000000080006082 (0x34202773) csrrs   a4, mcause, zero
core   0: 3 0x0000000080006082 (0x34202773) x14 0x0000000000000002
core   0: 0x0000000080006086 (0x142026f3) csrrs   a3, scause, zero
core   0: 3 0x0000000080006086 (0x142026f3) x13 0x0000000000000000
core   0: 0x000000008000608a (0x30402673) csrrs   a2, mie, zero
core   0: 3 0x000000008000608a (0x30402673) x12 0x0000000000000a00
core   0: 0x000000008000608e (0x344025f3) csrrs   a1, mip, zero
core   0: 3 0x000000008000608e (0x344025f3) x11 0x0000000000000080
core   0: 0x0000000080006092 (0x343025f3) csrrs   a1, mtval, zero
core   0: 3 0x0000000080006092 (0x343025f3) x11 0x00000000b82ebc73
core   0: 0x0000000080006096 (0x14302573) csrrs   a0, stval, zero
core   0: 3 0x0000000080006096 (0x14302573) x10 0x0000000000000000
core   0: 0x000000008000609a (0xb02024f3) csrrs   s1, minstret, zero
core   0: 3 0x000000008000609a (0xb02024f3) x9  0x00000000000008a2
core   0: 0x000000008000609e (0x0000a811) c.j     pc + 20
core   0: 3 0x000000008000609e (0xa811)
core   0: >>>>  mepc_4
core   0: 0x00000000800060b2 (0x00000791) c.addi  a5, 4
core   0: 3 0x00000000800060b2 (0x0791) x15 0x00000000800041a4
core   0: 0x00000000800060b4 (0x34179073) csrrw   zero, mepc, a5
core   0: 3 0x00000000800060b4 (0x34179073) c833_mepc 0x00000000800041a4
core   0: 0x00000000800060b8 (0x30200073) mret
core   0: 3 0x00000000800060b8 (0x30200073) c768_mstatus 0x8000000a00106080
core   0: 0x00000000800041a4 (0x0000d093) srli    ra, ra, 0
core   0: 1 0x00000000800041a4 (0x0000d093) x1  0x0000000080004014
core   0: 0x00000000800041a8 (0x001794f3) csrrw   s1, fflags, a5
core   0: 1 0x00000000800041a8 (0x001794f3) x9  0x0000000000000011 c1_fflags 0x0000000000000004
core   0: 0x00000000800041ac (0xa2fd8e53) fle.d   t3, fs11, fa5
core   0: 1 0x00000000800041ac (0xa2fd8e53) c1_fflags 0x0000000000000014 x28 0x0000000000000000
core   0: 0x00000000800041b0 (0xdbe5f5c7) fmsub.d fa1, fa1, ft10, fs11
core   0: 1 0x00000000800041b0 (0xdbe5f5c7) f11 0x7ff8000000000000
core   0: 0x00000000800041b4 (0xdbc5ffc3) fmadd.d ft11, fa1, ft8, fs11
core   0: 1 0x00000000800041b4 (0xdbc5ffc3) f31 0x7ff8000000000000
core   0: 0x00000000800041b8 (0x001027f3) csrrs   a5, fflags, zero
core   0: 1 0x00000000800041b8 (0x001027f3) x15 0x0000000000000014
core   0: 0x00000000800041bc (0x22258d53) fsgnj.d fs10, fa1, ft2
core   0: 1 0x00000000800041bc (0x22258d53) f26 0xfff8000000000000
core   0: 0x00000000800041c0 (0xc75cfa97) auipc   s5, 0xc75cf
core   0: 1 0x00000000800041c0 (0xc75cfa97) x21 0x00000000475d31c0
core   0: 0x00000000800041c4 (0x00000001) c.nop
core   0: 1 0x00000000800041c4 (0x0001)
core   0: 0x00000000800041c6 (0xe2060653) fmv.x.d a2, fa2
core   0: 1 0x00000000800041c6 (0xe2060653) x12 0xffffffff00000000
core   0: 0x00000000800041ca (0x41d65333) sra     t1, a2, t4
core   0: 1 0x00000000800041ca (0x41d65333) x6  0xffffffffffff8000
core   0: 0x00000000800041ce (0x0370b133) mulhu   sp, ra, s7
core   0: 1 0x00000000800041ce (0x0370b133) x2  0x0000000000000025
core   0: 0x00000000800041d2 (0x01f4559b) srliw   a1, s0, 31
core   0: 1 0x00000000800041d2 (0x01f4559b) x11 0x0000000000000000
core   0: 0x00000000800041d6 (0x019b6033) or      zero, s6, s9
core   0: 1 0x00000000800041d6 (0x019b6033)
core   0: 0x00000000800041da (0x00801c93) slli    s9, zero, 8
core   0: 1 0x00000000800041da (0x00801c93) x25 0x0000000000000000
core   0: 0x00000000800041de (0x00a71c93) slli    s9, a4, 10
core   0: 1 0x00000000800041de (0x00a71c93) x25 0x0000000000000800
core   0: 0x00000000800041e2 (0x1ab51697) auipc   a3, 0x1ab51
core   0: 1 0x00000000800041e2 (0x1ab51697) x13 0x000000009ab551e2
core   0: 0x00000000800041e6 (0xc025fcd3) fcvt.l.s s9, fa1
core   0: 1 0x00000000800041e6 (0xc025fcd3) c1_fflags 0x0000000000000014 x25 0x7fffffffffffffff
core   0: 0x00000000800041ea (0x0066c433) xor     s0, a3, t1
core   0: 1 0x00000000800041ea (0x0066c433) x8  0xffffffff654ad1e2
core   0: 0x00000000800041ee (0x008802b3) add     t0, a6, s0
core   0: 1 0x00000000800041ee (0x008802b3) x5  0x7fffffff654ad1e1
core   0: 0x00000000800041f2 (0x02538bb3) mul     s7, t2, t0
core   0: 1 0x00000000800041f2 (0x02538bb3) x23 0x7fffffff654ad1e1
core   0: 0x00000000800041f6 (0xf20b89d3) fmv.d.x fs3, s7
core   0: 1 0x00000000800041f6 (0xf20b89d3) f19 0x7fffffff654ad1e1
core   0: 0x00000000800041fa (0x00e1f3b3) and     t2, gp, a4
core   0: 1 0x00000000800041fa (0x00e1f3b3) x7  0x0000000000000000
core   0: 0x00000000800041fe (0xd239f253) fcvt.d.lu ft4, s3
core   0: 1 0x00000000800041fe (0xd239f253) c1_fflags 0x0000000000000015 f4  0x43f0000000000000
core   0: 0x0000000080004202 (0x1042d173) csrrwi  sp, sie, 5
core   0: 1 0x0000000080004202 (0x1042d173) x2  0x0000000000000000 c772_mie 0x0000000000000a00
core   0: 0x0000000080004206 (0xc0357253) fcvt.lu.s tp, fa0
core   0: 1 0x0000000080004206 (0xc0357253) x4  0x0000000000000000
core   0: 0x000000008000420a (0xd02171d3) fcvt.s.l ft3, sp
core   0: 1 0x000000008000420a (0xd02171d3) f3  0xffffffff00000000
core   0: 0x000000008000420e (0xd23270d3) fcvt.d.lu ft1, tp
core   0: 1 0x000000008000420e (0xd23270d3) f1  0x0000000000000000
core   0: 0x0000000080004212 (0x006adabb) srlw    s5, s5, t1
core   0: 1 0x0000000080004212 (0x006adabb) x21 0x00000000475d31c0
core   0: 0x0000000080004216 (0x15c78c1b) addiw   s8, a5, 348
core   0: 1 0x0000000080004216 (0x15c78c1b) x24 0x0000000000000170
core   0: 0x000000008000421a (0x026ea9b3) mulhsu  s3, t4, t1
core   0: 1 0x000000008000421a (0x026ea9b3) x19 0x000000000006c390
core   0: 0x000000008000421e (0x00202a73) csrrs   s4, frm, zero
core   0: 1 0x000000008000421e (0x00202a73) x20 0x0000000000000000
core   0: 0x0000000080004222 (0x00933bb3) sltu    s7, t1, s1
core   0: 1 0x0000000080004222 (0x00933bb3) x23 0x0000000000000000
core   0: 0x0000000080004226 (0x40e352bb) sraw    t0, t1, a4
core   0: 1 0x0000000080004226 (0x40e352bb) x5  0xffffffffffffe000
core   0: 0x000000008000422a (0x1133819b) addiw   gp, t2, 275
core   0: 1 0x000000008000422a (0x1133819b) x3  0x0000000000000113
core   0: 0x000000008000422e (0xc029d5f3) csrrwi  a1, instret, 19
core   0: exception trap_illegal_instruction, epc 0x000000008000422e
core   0:           tval 0x00000000c029d5f3
core   0: >>>>  $xrv64i2p1_m2p0_a2p1_f2p2_d2p2_zicsr2p0_zifencei2p0_zmmul1p0_zba1p0_zbb1p0_zbc1p0_zbs1p0
core   0: 0x0000000080004000 (0x0080006f) j       pc + 0x8
core   0: 3 0x0000000080004000 (0x0080006f)
core   0: >>>>  mmode_exception_handler
core   0: 0x0000000080004008 (0x00002c17) auipc   s8, 0x2
core   0: 3 0x0000000080004008 (0x00002c17) x24 0x0000000080006008
core   0: 0x000000008000400c (0x076c0c13) addi    s8, s8, 118
core   0: 3 0x000000008000400c (0x076c0c13) x24 0x000000008000607e
core   0: 0x0000000080004010 (0x000c00e7) jalr    s8
core   0: 3 0x0000000080004010 (0x000c00e7) x1  0x0000000080004014
core   0: >>>>  any_handler
core   0: 0x000000008000607e (0x341027f3) csrrs   a5, mepc, zero
core   0: 3 0x000000008000607e (0x341027f3) x15 0x000000008000422e
core   0: 0x0000000080006082 (0x34202773) csrrs   a4, mcause, zero
core   0: 3 0x0000000080006082 (0x34202773) x14 0x0000000000000002
core   0: 0x0000000080006086 (0x142026f3) csrrs   a3, scause, zero
core   0: 3 0x0000000080006086 (0x142026f3) x13 0x0000000000000000
core   0: 0x000000008000608a (0x30402673) csrrs   a2, mie, zero
core   0: 3 0x000000008000608a (0x30402673) x12 0x0000000000000a00
core   0: 0x000000008000608e (0x344025f3) csrrs   a1, mip, zero
core   0: 3 0x000000008000608e (0x344025f3) x11 0x0000000000000080
core   0: 0x0000000080006092 (0x343025f3) csrrs   a1, mtval, zero
core   0: 3 0x0000000080006092 (0x343025f3) x11 0x00000000c029d5f3
core   0: 0x0000000080006096 (0x14302573) csrrs   a0, stval, zero
core   0: 3 0x0000000080006096 (0x14302573) x10 0x0000000000000000
core   0: 0x000000008000609a (0xb02024f3) csrrs   s1, minstret, zero
core   0: 3 0x000000008000609a (0xb02024f3) x9  0x00000000000008d5
core   0: 0x000000008000609e (0x0000a811) c.j     pc + 20
core   0: 3 0x000000008000609e (0xa811)
core   0: >>>>  mepc_4
core   0: 0x00000000800060b2 (0x00000791) c.addi  a5, 4
core   0: 3 0x00000000800060b2 (0x0791) x15 0x0000000080004232
core   0: 0x00000000800060b4 (0x34179073) csrrw   zero, mepc, a5
core   0: 3 0x00000000800060b4 (0x34179073) c833_mepc 0x0000000080004232
core   0: 0x00000000800060b8 (0x30200073) mret
core   0: 3 0x00000000800060b8 (0x30200073) c768_mstatus 0x8000000a00106080
core   0: 0x0000000080004232 (0x02d5d993) srli    s3, a1, 45
core   0: 1 0x0000000080004232 (0x02d5d993) x19 0x0000000000000000
core   0: 0x0000000080004236 (0x22319dd3) fsgnjn.d fs11, ft3, ft3
core   0: 1 0x0000000080004236 (0x22319dd3) f27 0x7fffffff00000000
core   0: 0x000000008000423a (0x7201f74b) fnmsub.d fa4, ft3, ft0, fa4
core   0: 1 0x000000008000423a (0x7201f74b) f14 0x7ff8000000000000
core   0: 0x000000008000423e (0x4099d4bb) sraw    s1, s3, s1
core   0: 1 0x000000008000423e (0x4099d4bb) x9  0x0000000000000000
core   0: 0x0000000080004242 (0x0060d893) srli    a7, ra, 6
core   0: 1 0x0000000080004242 (0x0060d893) x17 0x0000000002000100
core   0: 0x0000000080004246 (0x0352f33b) remuw   t1, t0, s5
core   0: 1 0x0000000080004246 (0x0352f33b) x6  0x0000000029e84ac0
core   0: 0x000000008000424a (0x01987cb3) and     s9, a6, s9
core   0: 1 0x000000008000424a (0x01987cb3) x25 0x7fffffffffffffff
core   0: 0x000000008000424e (0x02d686bb) mulw    a3, a3, a3
core   0: 1 0x000000008000424e (0x02d686bb) x13 0x0000000000000000
core   0: 0x0000000080004252 (0xc230f3d3) fcvt.lu.d t2, ft1
core   0: 1 0x0000000080004252 (0xc230f3d3) x7  0x0000000000000000
core   0: 0x0000000080004256 (0x03c466bb) remw    a3, s0, t3
core   0: 1 0x0000000080004256 (0x03c466bb) x13 0x00000000654ad1e2
core   0: 0x000000008000425a (0x02a21e13) slli    t3, tp, 42
core   0: 1 0x000000008000425a (0x02a21e13) x28 0x0000000000000000
core   0: 0x000000008000425e (0x026dd33b) divuw   t1, s11, t1
core   0: 1 0x000000008000425e (0x026dd33b) x6  0x0000000000000006
core   0: 0x0000000080004262 (0x03fe5393) srli    t2, t3, 63
core   0: 1 0x0000000080004262 (0x03fe5393) x7  0x0000000000000000
core   0: 0x0000000080004266 (0xc021f353) fcvt.l.s t1, ft3
core   0: 1 0x0000000080004266 (0xc021f353) x6  0x0000000000000000
core   0: 0x000000008000426a (0xd029f153) fcvt.s.l ft2, s3
core   0: 1 0x000000008000426a (0xd029f153) f2  0xffffffff00000000
core   0: 0x000000008000426e (0x23071e53) fsgnjn.d ft8, fa4, fa6
core   0: 1 0x000000008000426e (0x23071e53) f28 0xfff8000000000000
core   0: 0x0000000080004272 (0x03933033) mulhu   zero, t1, s9
core   0: 1 0x0000000080004272 (0x03933033)
core   0: 0x0000000080004276 (0x409b023b) subw    tp, s6, s1
core   0: 1 0x0000000080004276 (0x409b023b) x4  0x0000000000000000
core   0: 0x000000008000427a (0xd22b79d3) fcvt.d.l fs3, s6
core   0: 1 0x000000008000427a (0xd22b79d3) f19 0x0000000000000000
core   0: 0x000000008000427e (0x5a09f553) fsqrt.d fa0, fs3
core   0: 1 0x000000008000427e (0x5a09f553) f10 0x0000000000000000
core   0: 0x0000000080004282 (0x5a05f5d3) fsqrt.d fa1, fa1
core   0: 1 0x0000000080004282 (0x5a05f5d3) f11 0x7ff8000000000000
core   0: 0x0000000080004286 (0x126377d3) fmul.d  fa5, ft6, ft6
core   0: 1 0x0000000080004286 (0x126377d3) f15 0x7ff8000000000000
core   0: 0x000000008000428a (0xe2030d53) fmv.x.d s10, ft6
core   0: 1 0x000000008000428a (0xe2030d53) x26 0xffffffff00000000
core   0: 0x000000008000428e (0x0064f9b3) and     s3, s1, t1
core   0: 1 0x000000008000428e (0x0064f9b3) x19 0x0000000000000000
core   0: 0x0000000080004292 (0x420f8fd3) fcvt.d.s ft11, ft11
core   0: 1 0x0000000080004292 (0x420f8fd3) f31 0x7ff8000000000000
core   0: 0x0000000080004296 (0x03c2b633) mulhu   a2, t0, t3
core   0: 1 0x0000000080004296 (0x03c2b633) x12 0x0000000000000000
core   0: 0x000000008000429a (0x4117d833) sra     a6, a5, a7
core   0: 1 0x000000008000429a (0x4117d833) x16 0x0000000080004232
core   0: 0x000000008000429e (0xd034fed3) fcvt.s.lu ft9, s1
core   0: 1 0x000000008000429e (0xd034fed3) f29 0xffffffff00000000
core   0: 0x00000000800042a2 (0x00f896bb) sllw    a3, a7, a5
core   0: 1 0x00000000800042a2 (0x00f896bb) x13 0x0000000004000000
core   0: 0x00000000800042a6 (0x00009142) c.add   sp, a6
core   0: 1 0x00000000800042a6 (0x9142) x2  0x0000000080004232
core   0: 0x00000000800042a8 (0x01fa5a1b) srliw   s4, s4, 31
core   0: 1 0x00000000800042a8 (0x01fa5a1b) x20 0x0000000000000000
core   0: 0x00000000800042ac (0x1b5ef2d3) fdiv.d  ft5, ft9, fs5
core   0: 1 0x00000000800042ac (0x1b5ef2d3) f5  0x7ff8000000000000
core   0: 0x00000000800042b0 (0x23bd8dd3) fsgnj.d fs11, fs11, fs11
core   0: 1 0x00000000800042b0 (0x23bd8dd3) f27 0x7fffffff00000000
core   0: 0x00000000800042b4 (0x02bdfbd3) fadd.d  fs7, fs11, fa1
core   0: 1 0x00000000800042b4 (0x02bdfbd3) f23 0x7ff8000000000000
core   0: 0x00000000800042b8 (0x021275b3) remu    a1, tp, ra
core   0: 1 0x00000000800042b8 (0x021275b3) x11 0x0000000000000000
core   0: 0x00000000800042bc (0xfb3a6c37) lui     s8, 0xfb3a6
core   0: 1 0x00000000800042bc (0xfb3a6c37) x24 0xfffffffffb3a6000
core   0: 0x00000000800042c0 (0xba1e7e4b) fnmsub.d ft8, ft8, ft1, fs7
core   0: 1 0x00000000800042c0 (0xba1e7e4b) f28 0x7ff8000000000000
core   0: 0x00000000800042c4 (0xc210f753) fcvt.wu.d a4, ft1
core   0: 1 0x00000000800042c4 (0xc210f753) x14 0x0000000000000000
core   0: 0x00000000800042c8 (0xe2008d53) fmv.x.d s10, ft1
core   0: 1 0x00000000800042c8 (0xe2008d53) x26 0x0000000000000000
core   0: 0x00000000800042cc (0x00102e73) csrrs   t3, fflags, zero
core   0: 1 0x00000000800042cc (0x00102e73) x28 0x0000000000000015
core   0: 0x00000000800042d0 (0x00102373) csrrs   t1, fflags, zero
core   0: 1 0x00000000800042d0 (0x00102373) x6  0x0000000000000015
core   0: 0x00000000800042d4 (0x401102bb) subw    t0, sp, ra
core   0: 1 0x00000000800042d4 (0x401102bb) x5  0x000000000000021e
core   0: 0x00000000800042d8 (0x00051b9b) slliw   s7, a0, 0
core   0: 1 0x00000000800042d8 (0x00051b9b) x23 0x0000000000000000
core   0: 0x00000000800042dc (0x003e1db7) lui     s11, 0x3e1
core   0: 1 0x00000000800042dc (0x003e1db7) x27 0x00000000003e1000
core   0: 0x00000000800042e0 (0x533d8d9b) addiw   s11, s11, 1331
core   0: 1 0x00000000800042e0 (0x533d8d9b) x27 0x00000000003e1533
core   0: 0x00000000800042e4 (0x00000db6) c.slli  s11, 13
core   0: 1 0x00000000800042e4 (0x0db6) x27 0x00000007c2a66000
core   0: 0x00000000800042e6 (0xb3ad8d93) addi    s11, s11, -1222
core   0: 1 0x00000000800042e6 (0xb3ad8d93) x27 0x00000007c2a65b3a
core   0: 0x00000000800042ea (0xc23ffb53) fcvt.lu.d s6, ft11
core   0: 1 0x00000000800042ea (0xc23ffb53) c1_fflags 0x0000000000000015 x22 0xffffffffffffffff
core   0: 0x00000000800042ee (0x400ed89b) sraiw   a7, t4, 0
core   0: 1 0x00000000800042ee (0x400ed89b) x17 0x000000000006c391
core   0: 0x00000000800042f2 (0x237d2d53) fsgnjx.d fs10, fs10, fs7
core   0: 1 0x00000000800042f2 (0x237d2d53) f26 0xfff8000000000000
core   0: 0x00000000800042f6 (0x00000001) c.nop
core   0: 1 0x00000000800042f6 (0x0001)
core   0: 0x00000000800042f8 (0x02289b93) slli    s7, a7, 34
core   0: 1 0x00000000800042f8 (0x02289b93) x23 0x001b0e4400000000
core   0: 0x00000000800042fc (0x0ff0000f) fence   iorw,iorw
core   0: 1 0x00000000800042fc (0x0ff0000f)
core   0: 0x0000000080004300 (0x40075013) srai    zero, a4, 0
core   0: 1 0x0000000080004300 (0x40075013)
core   0: 0x0000000080004304 (0x03c56dbb) remw    s11, a0, t3
core   0: 1 0x0000000080004304 (0x03c56dbb) x27 0x0000000000000000
core   0: 0x0000000080004308 (0xc21179d3) fcvt.wu.d s3, ft2
core   0: 1 0x0000000080004308 (0xc21179d3) c1_fflags 0x0000000000000015 x19 0xffffffffffffffff
core   0: 0x000000008000430c (0x401bfdd3) fcvt.s.d fs11, fs7
core   0: 1 0x000000008000430c (0x401bfdd3) f27 0xffffffff7fc00000
core   0: 0x0000000080004310 (0x03596533) rem     a0, s2, s5
core   0: 1 0x0000000080004310 (0x03596533) x10 0x0000000000000000
core   0: 0x0000000080004314 (0x22a71ad3) fsgnjn.d fs5, fa4, fa0
core   0: 1 0x0000000080004314 (0x22a71ad3) f21 0xfff8000000000000
core   0: 0x0000000080004318 (0x00008ef6) c.mv    t4, t4
core   0: 1 0x0000000080004318 (0x8ef6) x29 0x000000000006c391
core   0: 0x000000008000431a (0x00b20c33) add     s8, tp, a1
core   0: 1 0x000000008000431a (0x00b20c33) x24 0x0000000000000000
core   0: 0x000000008000431e (0x00000001) c.nop
core   0: 1 0x000000008000431e (0x0001)
core   0: 0x0000000080004320 (0x03975e93) srli    t4, a4, 57
core   0: 1 0x0000000080004320 (0x03975e93) x29 0x0000000000000000
core   0: 0x0000000080004324 (0x033989b3) mul     s3, s3, s3
core   0: 1 0x0000000080004324 (0x033989b3) x19 0x0000000000000001
core   0: 0x0000000080004328 (0x00000001) c.nop
core   0: 1 0x0000000080004328 (0x0001)
core   0: 0x000000008000432a (0x3b49794f) fnmadd.d fs2, fs2, fs4, ft7
core   0: 1 0x000000008000432a (0x3b49794f) f18 0x7ff8000000000000
core   0: 0x000000008000432e (0x029b87bb) mulw    a5, s7, s1
core   0: 1 0x000000008000432e (0x029b87bb) x15 0x0000000000000000
core   0: 0x0000000080004332 (0x021e5e3b) divuw   t3, t3, ra
core   0: 1 0x0000000080004332 (0x021e5e3b) x28 0x0000000000000000
core   0: 0x0000000080004336 (0x40835313) srai    t1, t1, 8
core   0: 1 0x0000000080004336 (0x40835313) x6  0x0000000000000000
core   0: 0x000000008000433a (0x00194913) xori    s2, s2, 1
core   0: 1 0x000000008000433a (0x00194913) x18 0x0000000000000001
core   0: 0x000000008000433e (0x032bfab3) remu    s5, s7, s2
core   0: 1 0x000000008000433e (0x032bfab3) x21 0x0000000000000000
core   0: 0x0000000080004342 (0x310060f3) csrrsi  ra, mstatush, 0
core   0: exception trap_illegal_instruction, epc 0x0000000080004342
core   0:           tval 0x00000000310060f3
core   0: >>>>  $xrv64i2p1_m2p0_a2p1_f2p2_d2p2_zicsr2p0_zifencei2p0_zmmul1p0_zba1p0_zbb1p0_zbc1p0_zbs1p0
core   0: 0x0000000080004000 (0x0080006f) j       pc + 0x8
core   0: 3 0x0000000080004000 (0x0080006f)
core   0: >>>>  mmode_exception_handler
core   0: 0x0000000080004008 (0x00002c17) auipc   s8, 0x2
core   0: 3 0x0000000080004008 (0x00002c17) x24 0x0000000080006008
core   0: 0x000000008000400c (0x076c0c13) addi    s8, s8, 118
core   0: 3 0x000000008000400c (0x076c0c13) x24 0x000000008000607e
core   0: 0x0000000080004010 (0x000c00e7) jalr    s8
core   0: 3 0x0000000080004010 (0x000c00e7) x1  0x0000000080004014
core   0: >>>>  any_handler
core   0: 0x000000008000607e (0x341027f3) csrrs   a5, mepc, zero
core   0: 3 0x000000008000607e (0x341027f3) x15 0x0000000080004342
core   0: 0x0000000080006082 (0x34202773) csrrs   a4, mcause, zero
core   0: 3 0x0000000080006082 (0x34202773) x14 0x0000000000000002
core   0: 0x0000000080006086 (0x142026f3) csrrs   a3, scause, zero
core   0: 3 0x0000000080006086 (0x142026f3) x13 0x0000000000000000
core   0: 0x000000008000608a (0x30402673) csrrs   a2, mie, zero
core   0: 3 0x000000008000608a (0x30402673) x12 0x0000000000000a00
core   0: 0x000000008000608e (0x344025f3) csrrs   a1, mip, zero
core   0: 3 0x000000008000608e (0x344025f3) x11 0x0000000000000080
core   0: 0x0000000080006092 (0x343025f3) csrrs   a1, mtval, zero
core   0: 3 0x0000000080006092 (0x343025f3) x11 0x00000000310060f3
core   0: 0x0000000080006096 (0x14302573) csrrs   a0, stval, zero
core   0: 3 0x0000000080006096 (0x14302573) x10 0x0000000000000000
core   0: 0x000000008000609a (0xb02024f3) csrrs   s1, minstret, zero
core   0: 3 0x000000008000609a (0xb02024f3) x9  0x000000000000092c
core   0: 0x000000008000609e (0x0000a811) c.j     pc + 20
core   0: 3 0x000000008000609e (0xa811)
core   0: >>>>  mepc_4
core   0: 0x00000000800060b2 (0x00000791) c.addi  a5, 4
core   0: 3 0x00000000800060b2 (0x0791) x15 0x0000000080004346
core   0: 0x00000000800060b4 (0x34179073) csrrw   zero, mepc, a5
core   0: 3 0x00000000800060b4 (0x34179073) c833_mepc 0x0000000080004346
core   0: 0x00000000800060b8 (0x30200073) mret
core   0: 3 0x00000000800060b8 (0x30200073) c768_mstatus 0x8000000a00106080
core   0: 0x0000000080004346 (0x43c1db93) srai    s7, gp, 60
core   0: 1 0x0000000080004346 (0x43c1db93) x23 0x0000000000000000
core   0: 0x000000008000434a (0x40ba55b3) sra     a1, s4, a1
core   0: 1 0x000000008000434a (0x40ba55b3) x11 0x0000000000000000
core   0: 0x000000008000434e (0x02b5febb) remuw   t4, a1, a1
core   0: 1 0x000000008000434e (0x02b5febb) x29 0x0000000000000000
core   0: 0x0000000080004352 (0x0238debb) divuw   t4, a7, gp
core   0: 1 0x0000000080004352 (0x0238debb) x29 0x000000000000064b
core   0: 0x0000000080004356 (0xc03cf1d3) fcvt.lu.s gp, fs9
core   0: 1 0x0000000080004356 (0xc03cf1d3) x3  0x0000000000000000
core   0: 0x000000008000435a (0x23971d53) fsgnjn.d fs10, fa4, fs9
core   0: 1 0x000000008000435a (0x23971d53) f26 0x7ff8000000000000
core   0: 0x000000008000435e (0x00111df3) csrrw   s11, fflags, sp
core   0: 1 0x000000008000435e (0x00111df3) x27 0x0000000000000015 c1_fflags 0x0000000000000012
core   0: 0x0000000080004362 (0x0abf74d3) fsub.d  fs1, ft10, fa1
core   0: 1 0x0000000080004362 (0x0abf74d3) f9  0x7ff8000000000000
core   0: 0x0000000080004366 (0x42060053) fcvt.d.s ft0, fa2
core   0: 1 0x0000000080004366 (0x42060053) f0  0x0000000000000000
core   0: 0x000000008000436a (0x41b9d9bb) sraw    s3, s3, s11
core   0: 1 0x000000008000436a (0x41b9d9bb) x19 0x0000000000000000
core   0: 0x000000008000436e (0x01a75b93) srli    s7, a4, 26
core   0: 1 0x000000008000436e (0x01a75b93) x23 0x0000000000000000
core   0: 0x0000000080004372 (0x034dab33) mulhsu  s6, s11, s4
core   0: 1 0x0000000080004372 (0x034dab33) x22 0x0000000000000000
core   0: 0x0000000080004376 (0xc4486e13) ori     t3, a6, -956
core   0: 1 0x0000000080004376 (0xc4486e13) x28 0xfffffffffffffe76
core   0: 0x000000008000437a (0xebd6fa4b) fnmsub.d fs4, fa3, ft9, ft9
core   0: 1 0x000000008000437a (0xebd6fa4b) f20 0x7ff8000000000000
core   0: 0x000000008000437e (0x01420cb3) add     s9, tp, s4
core   0: 1 0x000000008000437e (0x01420cb3) x25 0x0000000000000000
core   0: 0x0000000080004382 (0x00b44333) xor     t1, s0, a1
core   0: 1 0x0000000080004382 (0x00b44333) x6  0xffffffff654ad1e2
core   0: 0x0000000080004386 (0x02b33d33) mulhu   s10, t1, a1
core   0: 1 0x0000000080004386 (0x02b33d33) x26 0x0000000000000000
core   0: 0x000000008000438a (0xc206fd53) fcvt.w.d s10, fa3
core   0: 1 0x000000008000438a (0xc206fd53) c1_fflags 0x0000000000000012 x26 0x000000007fffffff
core   0: 0x000000008000438e (0x01b31c13) slli    s8, t1, 27
core   0: 1 0x000000008000438e (0x01b31c13) x24 0xfb2a568f10000000
core   0: 0x0000000080004392 (0x01931cb3) sll     s9, t1, s9
core   0: 1 0x0000000080004392 (0x01931cb3) x25 0xffffffff654ad1e2
core   0: 0x0000000080004396 (0xd02cf1d3) fcvt.s.l ft3, s9
core   0: 1 0x0000000080004396 (0xd02cf1d3) c1_fflags 0x0000000000000013 f3  0xffffffffcf1ab52e
core   0: 0x000000008000439a (0x279cf693) andi    a3, s9, 633
core   0: 1 0x000000008000439a (0x279cf693) x13 0x0000000000000060
core   0: 0x000000008000439e (0x02a57533) remu    a0, a0, a0
core   0: 1 0x000000008000439e (0x02a57533) x10 0x0000000000000000
core   0: 0x00000000800043a2 (0x40a502bb) subw    t0, a0, a0
core   0: 1 0x00000000800043a2 (0x40a502bb) x5  0x0000000000000000
core   0: 0x00000000800043a6 (0xfff04193) not     gp, zero
core   0: 1 0x00000000800043a6 (0xfff04193) x3  0xffffffffffffffff
core   0: 0x00000000800043aa (0xe20e0053) fmv.x.d zero, ft8
core   0: 1 0x00000000800043aa (0xe20e0053)
core   0: 0x00000000800043ae (0x30a2f393) andi    t2, t0, 778
core   0: 1 0x00000000800043ae (0x30a2f393) x7  0x0000000000000000
core   0: 0x00000000800043b2 (0x0007c293) xori    t0, a5, 0
core   0: 1 0x00000000800043b2 (0x0007c293) x5  0x0000000080004346
core   0: 0x00000000800043b6 (0x124e76d3) fmul.d  fa3, ft8, ft4
core   0: 1 0x00000000800043b6 (0x124e76d3) f13 0x7ff8000000000000
core   0: 0x00000000800043ba (0x01149dbb) sllw    s11, s1, a7
core   0: 1 0x00000000800043ba (0x01149dbb) x27 0x0000000012580000
core   0: 0x00000000800043be (0x004755b3) srl     a1, a4, tp
core   0: 1 0x00000000800043be (0x004755b3) x11 0x0000000000000002
core   0: 0x00000000800043c2 (0x419c843b) subw    s0, s9, s9
core   0: 1 0x00000000800043c2 (0x419c843b) x8  0x0000000000000000
core   0: 0x00000000800043c6 (0x03189333) mulh    t1, a7, a7
core   0: 1 0x00000000800043c6 (0x03189333) x6  0x0000000000000000
core   0: 0x00000000800043ca (0x407906b3) sub     a3, s2, t2
core   0: 1 0x00000000800043ca (0x407906b3) x13 0x0000000000000001
core   0: 0x00000000800043ce (0x2298ad53) fsgnjx.d fs10, fa7, fs1
core   0: 1 0x00000000800043ce (0x2298ad53) f26 0xffffffff00000000
core   0: 0x00000000800043d2 (0x033b7933) remu    s2, s6, s3
core   0: 1 0x00000000800043d2 (0x033b7933) x18 0x0000000000000000
core   0: 0x00000000800043d6 (0xc204f7d3) fcvt.w.d a5, fs1
core   0: 1 0x00000000800043d6 (0xc204f7d3) c1_fflags 0x0000000000000013 x15 0x000000007fffffff
core   0: 0x00000000800043da (0x229ea053) fsgnjx.d ft0, ft9, fs1
core   0: 1 0x00000000800043da (0x229ea053) f0  0xffffffff00000000
core   0: 0x00000000800043de (0x419282bb) subw    t0, t0, s9
core   0: 1 0x00000000800043de (0x419282bb) x5  0x000000001ab57164
core   0: 0x00000000800043e2 (0x2a9f82d3) fmin.d  ft5, ft11, fs1
core   0: 1 0x00000000800043e2 (0x2a9f82d3) f5  0x7ff8000000000000
core   0: 0x00000000800043e6 (0x01391993) slli    s3, s2, 19
core   0: 1 0x00000000800043e6 (0x01391993) x19 0x0000000000000000
core   0: 0x00000000800043ea (0x0a568a9b) addiw   s5, a3, 165
core   0: 1 0x00000000800043ea (0x0a568a9b) x21 0x00000000000000a6
core   0: 0x00000000800043ee (0x2a0cff4f) fnmadd.d ft10, fs9, ft0, ft5
core   0: 1 0x00000000800043ee (0x2a0cff4f) f30 0x7ff8000000000000
core   0: 0x00000000800043f2 (0x032d22b3) mulhsu  t0, s10, s2
core   0: 1 0x00000000800043f2 (0x032d22b3) x5  0x0000000000000000
core   0: 0x00000000800043f6 (0xd2347153) fcvt.d.lu ft2, s0
core   0: 1 0x00000000800043f6 (0xd2347153) f2  0x0000000000000000
core   0: 0x00000000800043fa (0xc040a0f3) csrrs   ra, hpmcounter4, ra
core   0: exception trap_illegal_instruction, epc 0x00000000800043fa
core   0:           tval 0x00000000c040a0f3
core   0: >>>>  $xrv64i2p1_m2p0_a2p1_f2p2_d2p2_zicsr2p0_zifencei2p0_zmmul1p0_zba1p0_zbb1p0_zbc1p0_zbs1p0
core   0: 0x0000000080004000 (0x0080006f) j       pc + 0x8
core   0: 3 0x0000000080004000 (0x0080006f)
core   0: >>>>  mmode_exception_handler
core   0: 0x0000000080004008 (0x00002c17) auipc   s8, 0x2
core   0: 3 0x0000000080004008 (0x00002c17) x24 0x0000000080006008
core   0: 0x000000008000400c (0x076c0c13) addi    s8, s8, 118
core   0: 3 0x000000008000400c (0x076c0c13) x24 0x000000008000607e
core   0: 0x0000000080004010 (0x000c00e7) jalr    s8
core   0: 3 0x0000000080004010 (0x000c00e7) x1  0x0000000080004014
core   0: >>>>  any_handler
core   0: 0x000000008000607e (0x341027f3) csrrs   a5, mepc, zero
core   0: 3 0x000000008000607e (0x341027f3) x15 0x00000000800043fa
core   0: 0x0000000080006082 (0x34202773) csrrs   a4, mcause, zero
core   0: 3 0x0000000080006082 (0x34202773) x14 0x0000000000000002
core   0: 0x0000000080006086 (0x142026f3) csrrs   a3, scause, zero
core   0: 3 0x0000000080006086 (0x142026f3) x13 0x0000000000000000
core   0: 0x000000008000608a (0x30402673) csrrs   a2, mie, zero
core   0: 3 0x000000008000608a (0x30402673) x12 0x0000000000000a00
core   0: 0x000000008000608e (0x344025f3) csrrs   a1, mip, zero
core   0: 3 0x000000008000608e (0x344025f3) x11 0x0000000000000080
core   0: 0x0000000080006092 (0x343025f3) csrrs   a1, mtval, zero
core   0: 3 0x0000000080006092 (0x343025f3) x11 0x00000000c040a0f3
core   0: 0x0000000080006096 (0x14302573) csrrs   a0, stval, zero
core   0: 3 0x0000000080006096 (0x14302573) x10 0x0000000000000000
core   0: 0x000000008000609a (0xb02024f3) csrrs   s1, minstret, zero
core   0: 3 0x000000008000609a (0xb02024f3) x9  0x0000000000000969
core   0: 0x000000008000609e (0x0000a811) c.j     pc + 20
core   0: 3 0x000000008000609e (0xa811)
core   0: >>>>  mepc_4
core   0: 0x00000000800060b2 (0x00000791) c.addi  a5, 4
core   0: 3 0x00000000800060b2 (0x0791) x15 0x00000000800043fe
core   0: 0x00000000800060b4 (0x34179073) csrrw   zero, mepc, a5
core   0: 3 0x00000000800060b4 (0x34179073) c833_mepc 0x00000000800043fe
core   0: 0x00000000800060b8 (0x30200073) mret
core   0: 3 0x00000000800060b8 (0x30200073) c768_mstatus 0x8000000a00106080
core   0: 0x00000000800043fe (0x4113db1b) sraiw   s6, t2, 17
core   0: 1 0x00000000800043fe (0x4113db1b) x22 0x0000000000000000
core   0: 0x0000000080004402 (0x037b7033) remu    zero, s6, s7
core   0: 1 0x0000000080004402 (0x037b7033)
core   0: 0x0000000080004406 (0x00aaf733) and     a4, s5, a0
core   0: 1 0x0000000080004406 (0x00aaf733) x14 0x0000000000000000
core   0: 0x000000008000440a (0x018ad213) srli    tp, s5, 24
core   0: 1 0x000000008000440a (0x018ad213) x4  0x0000000000000000
core   0: 0x000000008000440e (0xc01529f3) csrrs   s3, time, a0
core   0: exception trap_illegal_instruction, epc 0x000000008000440e
core   0:           tval 0x00000000c01529f3
core   0: >>>>  $xrv64i2p1_m2p0_a2p1_f2p2_d2p2_zicsr2p0_zifencei2p0_zmmul1p0_zba1p0_zbb1p0_zbc1p0_zbs1p0
core   0: 0x0000000080004000 (0x0080006f) j       pc + 0x8
core   0: 3 0x0000000080004000 (0x0080006f)
core   0: >>>>  mmode_exception_handler
core   0: 0x0000000080004008 (0x00002c17) auipc   s8, 0x2
core   0: 3 0x0000000080004008 (0x00002c17) x24 0x0000000080006008
core   0: 0x000000008000400c (0x076c0c13) addi    s8, s8, 118
core   0: 3 0x000000008000400c (0x076c0c13) x24 0x000000008000607e
core   0: 0x0000000080004010 (0x000c00e7) jalr    s8
core   0: 3 0x0000000080004010 (0x000c00e7) x1  0x0000000080004014
core   0: >>>>  any_handler
core   0: 0x000000008000607e (0x341027f3) csrrs   a5, mepc, zero
core   0: 3 0x000000008000607e (0x341027f3) x15 0x000000008000440e
core   0: 0x0000000080006082 (0x34202773) csrrs   a4, mcause, zero
core   0: 3 0x0000000080006082 (0x34202773) x14 0x0000000000000002
core   0: 0x0000000080006086 (0x142026f3) csrrs   a3, scause, zero
core   0: 3 0x0000000080006086 (0x142026f3) x13 0x0000000000000000
core   0: 0x000000008000608a (0x30402673) csrrs   a2, mie, zero
core   0: 3 0x000000008000608a (0x30402673) x12 0x0000000000000a00
core   0: 0x000000008000608e (0x344025f3) csrrs   a1, mip, zero
core   0: 3 0x000000008000608e (0x344025f3) x11 0x0000000000000080
core   0: 0x0000000080006092 (0x343025f3) csrrs   a1, mtval, zero
core   0: 3 0x0000000080006092 (0x343025f3) x11 0x00000000c01529f3
core   0: 0x0000000080006096 (0x14302573) csrrs   a0, stval, zero
core   0: 3 0x0000000080006096 (0x14302573) x10 0x0000000000000000
core   0: 0x000000008000609a (0xb02024f3) csrrs   s1, minstret, zero
core   0: 3 0x000000008000609a (0xb02024f3) x9  0x000000000000097d
core   0: 0x000000008000609e (0x0000a811) c.j     pc + 20
core   0: 3 0x000000008000609e (0xa811)
core   0: >>>>  mepc_4
core   0: 0x00000000800060b2 (0x00000791) c.addi  a5, 4
core   0: 3 0x00000000800060b2 (0x0791) x15 0x0000000080004412
core   0: 0x00000000800060b4 (0x34179073) csrrw   zero, mepc, a5
core   0: 3 0x00000000800060b4 (0x34179073) c833_mepc 0x0000000080004412
core   0: 0x00000000800060b8 (0x30200073) mret
core   0: 3 0x00000000800060b8 (0x30200073) c768_mstatus 0x8000000a00106080
core   0: 0x0000000080004412 (0x0a2af8d3) fsub.d  fa7, fs5, ft2
core   0: 1 0x0000000080004412 (0x0a2af8d3) f17 0x7ff8000000000000
core   0: 0x0000000080004416 (0x0ff0000f) fence   iorw,iorw
core   0: 1 0x0000000080004416 (0x0ff0000f)
core   0: 0x000000008000441a (0x00830233) add     tp, t1, s0
core   0: 1 0x000000008000441a (0x00830233) x4  0x0000000000000000
core   0: 0x000000008000441e (0xa3398dd3) fle.d   s11, fs3, fs3
core   0: 1 0x000000008000441e (0xa3398dd3) x27 0x0000000000000001
core   0: 0x0000000080004422 (0xd21b0453) fcvt.d.wu fs0, s6
core   0: 1 0x0000000080004422 (0xd21b0453) f8  0x0000000000000000
core   0: 0x0000000080004426 (0x01aa9abb) sllw    s5, s5, s10
core   0: 1 0x0000000080004426 (0x01aa9abb) x21 0x0000000000000000
core   0: 0x000000008000442a (0x0016f0b3) and     ra, a3, ra
core   0: 1 0x000000008000442a (0x0016f0b3) x1  0x0000000000000000
core   0: 0x000000008000442e (0x23c00ad3) fsgnj.d fs5, ft0, ft8
core   0: 1 0x000000008000442e (0x23c00ad3) f21 0x7fffffff00000000
core   0: 0x0000000080004432 (0x22938953) fsgnj.d fs2, ft7, fs1
core   0: 1 0x0000000080004432 (0x22938953) f18 0x7fffffff00000000
core   0: 0x0000000080004436 (0x023deeb3) rem     t4, s11, gp
core   0: 1 0x0000000080004436 (0x023deeb3) x29 0x0000000000000000
core   0: 0x000000008000443a (0x01b2d53b) srlw    a0, t0, s11
core   0: 1 0x000000008000443a (0x01b2d53b) x10 0x0000000000000000
core   0: 0x000000008000443e (0x3babfb43) fmadd.d fs6, fs7, fs10, ft7
core   0: 1 0x000000008000443e (0x3babfb43) f22 0x7ff8000000000000
core   0: 0x0000000080004442 (0x401bf353) fcvt.s.d ft6, fs7
core   0: 1 0x0000000080004442 (0x401bf353) f6  0xffffffff7fc00000
core   0: 0x0000000080004446 (0x00202773) csrrs   a4, frm, zero
core   0: 1 0x0000000080004446 (0x00202773) x14 0x0000000000000000
core   0: 0x000000008000444a (0x00161a73) csrrw   s4, fflags, a2
core   0: 1 0x000000008000444a (0x00161a73) x20 0x0000000000000013 c1_fflags 0x0000000000000000
core   0: 0x000000008000444e (0x004b8eb3) add     t4, s7, tp
core   0: 1 0x000000008000444e (0x004b8eb3) x29 0x0000000000000000
core   0: 0x0000000080004452 (0x00000001) c.nop
core   0: 1 0x0000000080004452 (0x0001)
core   0: 0x0000000080004454 (0xc230f1d3) fcvt.lu.d gp, ft1
core   0: 1 0x0000000080004454 (0xc230f1d3) x3  0x0000000000000000
core   0: 0x0000000080004458 (0xd20b8f53) fcvt.d.w ft10, s7
core   0: 1 0x0000000080004458 (0xd20b8f53) f30 0x0000000000000000
core   0: 0x000000008000445c (0xbbedf843) fmadd.d fa6, fs11, ft10, fs7
core   0: 1 0x000000008000445c (0xbbedf843) f16 0x7ff8000000000000
core   0: 0x0000000080004460 (0x40370ebb) subw    t4, a4, gp
core   0: 1 0x0000000080004460 (0x40370ebb) x29 0x0000000000000000
core   0: 0x0000000080004464 (0x05d7adb7) lui     s11, 0x5d7a
core   0: 1 0x0000000080004464 (0x05d7adb7) x27 0x0000000005d7a000
core   0: 0x0000000080004468 (0x025dc933) div     s2, s11, t0
core   0: 1 0x0000000080004468 (0x025dc933) x18 0xffffffffffffffff
core   0: 0x000000008000446c (0x0215053b) mulw    a0, a0, ra
core   0: 1 0x000000008000446c (0x0215053b) x10 0x0000000000000000
core   0: 0x0000000080004470 (0x03eb78d3) fadd.d  fa7, fs6, ft10
core   0: 1 0x0000000080004470 (0x03eb78d3) f17 0x7ff8000000000000
core   0: 0x0000000080004474 (0x105050f3) csrrwi  ra, stvec, 0
core   0: 1 0x0000000080004474 (0x105050f3) x1  0x0000000000000000 c261_stvec 0x0000000000000000
core   0: 0x0000000080004478 (0xd2100ed3) fcvt.d.wu ft9, zero
core   0: 1 0x0000000080004478 (0xd2100ed3) f29 0x0000000000000000
core   0: 0x000000008000447c (0x012a78b3) and     a7, s4, s2
core   0: 1 0x000000008000447c (0x012a78b3) x17 0x0000000000000013
core   0: 0x0000000080004480 (0x016eaeb3) slt     t4, t4, s6
core   0: 1 0x0000000080004480 (0x016eaeb3) x29 0x0000000000000000
core   0: 0x0000000080004484 (0x788bc617) auipc   a2, 0x788bc
core   0: 1 0x0000000080004484 (0x788bc617) x12 0x00000000f88c0484
core   0: 0x0000000080004488 (0xe5e84c93) xori    s9, a6, -418
core   0: 1 0x0000000080004488 (0xe5e84c93) x25 0xffffffff7fffbc6c
core   0: 0x000000008000448c (0x039c7533) remu    a0, s8, s9
core   0: 1 0x000000008000448c (0x039c7533) x10 0x000000008000607e
core   0: 0x0000000080004490 (0xd02276d3) fcvt.s.l fa3, tp
core   0: 1 0x0000000080004490 (0xd02276d3) f13 0xffffffff00000000
core   0: 0x0000000080004494 (0x23c89d53) fsgnjn.d fs10, fa7, ft8
core   0: 1 0x0000000080004494 (0x23c89d53) f26 0xfff8000000000000
core   0: 0x0000000080004498 (0xc21d7953) fcvt.wu.d s2, fs10
core   0: 1 0x0000000080004498 (0xc21d7953) c1_fflags 0x0000000000000010 x18 0xffffffffffffffff
core   0: 0x000000008000449c (0xb6057593) andi    a1, a0, -1184
core   0: 1 0x000000008000449c (0xb6057593) x11 0x0000000080006060
core   0: 0x00000000800044a0 (0x018579b3) and     s3, a0, s8
core   0: 1 0x00000000800044a0 (0x018579b3) x19 0x000000008000607e
core   0: 0x00000000800044a4 (0x02bc7833) remu    a6, s8, a1
core   0: 1 0x00000000800044a4 (0x02bc7833) x16 0x000000000000001e
core   0: 0x00000000800044a8 (0x401a72d3) fcvt.s.d ft5, fs4
core   0: 1 0x00000000800044a8 (0x401a72d3) f5  0xffffffff7fc00000
core   0: 0x00000000800044ac (0x41f1dd9b) sraiw   s11, gp, 31
core   0: 1 0x00000000800044ac (0x41f1dd9b) x27 0x0000000000000000
core   0: 0x00000000800044b0 (0x01541433) sll     s0, s0, s5
core   0: 1 0x00000000800044b0 (0x01541433) x8  0x0000000000000000
core   0: 0x00000000800044b4 (0x00d66033) or      zero, a2, a3
core   0: 1 0x00000000800044b4 (0x00d66033)
core   0: 0x00000000800044b8 (0xfd991bb7) lui     s7, 0xfd991
core   0: 1 0x00000000800044b8 (0xfd991bb7) x23 0xfffffffffd991000
core   0: 0x00000000800044bc (0x259b8b9b) addiw   s7, s7, 601
core   0: 1 0x00000000800044bc (0x259b8b9b) x23 0xfffffffffd991259
core   0: 0x00000000800044c0 (0x00000bb6) c.slli  s7, 13
core   0: 1 0x00000000800044c0 (0x0bb6) x23 0xffffffb3224b2000
core   0: 0x00000000800044c2 (0x498b8b93) addi    s7, s7, 1176
core   0: 1 0x00000000800044c2 (0x498b8b93) x23 0xffffffb3224b2498
core   0: 0x00000000800044c6 (0x400eddb3) sra     s11, t4, zero
core   0: 1 0x00000000800044c6 (0x400eddb3) x27 0x0000000000000000
core   0: 0x00000000800044ca (0x03dd98b3) mulh    a7, s11, t4
core   0: 1 0x00000000800044ca (0x03dd98b3) x17 0x0000000000000000
core   0: 0x00000000800044ce (0x2a5d0853) fmin.d  fa6, fs10, ft5
core   0: 1 0x00000000800044ce (0x2a5d0853) f16 0x7ff8000000000000
core   0: 0x00000000800044d2 (0x01204c33) xor     s8, zero, s2
core   0: 1 0x00000000800044d2 (0x01204c33) x24 0xffffffffffffffff
core   0: 0x00000000800044d6 (0x03dc1b13) slli    s6, s8, 61
core   0: 1 0x00000000800044d6 (0x03dc1b13) x22 0xe000000000000000
core   0: 0x00000000800044da (0x010daeb3) slt     t4, s11, a6
core   0: 1 0x00000000800044da (0x010daeb3) x29 0x0000000000000001
core   0: 0x00000000800044de (0xb300f0cb) fnmsub.d ft1, ft1, fa6, fs6
core   0: 1 0x00000000800044de (0xb300f0cb) f1  0x7ff8000000000000
core   0: 0x00000000800044e2 (0x4131083b) subw    a6, sp, s3
core   0: 1 0x00000000800044e2 (0x4131083b) x16 0xffffffffffffe1b4
core   0: 0x00000000800044e6 (0x0a2df953) fsub.d  fs2, fs11, ft2
core   0: 1 0x00000000800044e6 (0x0a2df953) f18 0x7ff8000000000000
core   0: 0x00000000800044ea (0x00ec73b3) and     t2, s8, a4
core   0: 1 0x00000000800044ea (0x00ec73b3) x7  0x0000000000000000
core   0: 0x00000000800044ee (0x03378033) mul     zero, a5, s3
core   0: 1 0x00000000800044ee (0x03378033)
core   0: 0x00000000800044f2 (0x0b797bd3) fsub.d  fs7, fs2, fs7
core   0: 1 0x00000000800044f2 (0x0b797bd3) f23 0x7ff8000000000000
core   0: 0x00000000800044f6 (0x0006da3b) srlw    s4, a3, zero
core   0: 1 0x00000000800044f6 (0x0006da3b) x20 0x0000000000000000
core   0: 0x00000000800044fa (0x00bcd33b) srlw    t1, s9, a1
core   0: 1 0x00000000800044fa (0x00bcd33b) x6  0x000000007fffbc6c
core   0: 0x00000000800044fe (0x00ec6033) or      zero, s8, a4
core   0: 1 0x00000000800044fe (0x00ec6033)
core   0: 0x0000000080004502 (0x40bb54bb) sraw    s1, s6, a1
core   0: 1 0x0000000080004502 (0x40bb54bb) x9  0x0000000000000000
core   0: 0x0000000080004506 (0x0139083b) addw    a6, s2, s3
core   0: 1 0x0000000080004506 (0x0139083b) x16 0xffffffff8000607d
core   0: 0x000000008000450a (0x0177173b) sllw    a4, a4, s7
core   0: 1 0x000000008000450a (0x0177173b) x14 0x0000000000000000
core   0: 0x000000008000450e (0xd0297b53) fcvt.s.l fs6, s2
core   0: 1 0x000000008000450e (0xd0297b53) f22 0xffffffffbf800000
core   0: 0x0000000080004512 (0xc22276d3) fcvt.l.d a3, ft4
core   0: 1 0x0000000080004512 (0xc22276d3) c1_fflags 0x0000000000000010 x13 0x7fffffffffffffff
core   0: 0x0000000080004516 (0xd02171d3) fcvt.s.l ft3, sp
core   0: 1 0x0000000080004516 (0xd02171d3) c1_fflags 0x0000000000000011 f3  0xffffffff4f000042
core   0: 0x000000008000451a (0x02d68b33) mul     s6, a3, a3
core   0: 1 0x000000008000451a (0x02d68b33) x22 0x0000000000000001
core   0: 0x000000008000451e (0x016395bb) sllw    a1, t2, s6
core   0: 1 0x000000008000451e (0x016395bb) x11 0x0000000000000000
core   0: 0x0000000080004522 (0x00000001) c.nop
core   0: 1 0x0000000080004522 (0x0001)
core   0: 0x0000000080004524 (0x0125f633) and     a2, a1, s2
core   0: 1 0x0000000080004524 (0x0125f633) x12 0x0000000000000000
core   0: 0x0000000080004528 (0x419902bb) subw    t0, s2, s9
core   0: 1 0x0000000080004528 (0x419902bb) x5  0xffffffff80004393
core   0: 0x000000008000452c (0x2b2695d3) fmax.d  fa1, fa3, fs2
core   0: 1 0x000000008000452c (0x2b2695d3) f11 0x7ff8000000000000
core   0: 0x0000000080004530 (0xf2058253) fmv.d.x ft4, a1
core   0: 1 0x0000000080004530 (0xf2058253) f4  0x0000000000000000
core   0: 0x0000000080004534 (0x41945dbb) sraw    s11, s0, s9
core   0: 1 0x0000000080004534 (0x41945dbb) x27 0x0000000000000000
core   0: 0x0000000080004538 (0x2a3f0453) fmin.d  fs0, ft10, ft3
core   0: 1 0x0000000080004538 (0x2a3f0453) f8  0x0000000000000000
core   0: 0x000000008000453c (0xed888793) addi    a5, a7, -296
core   0: 1 0x000000008000453c (0xed888793) x15 0xfffffffffffffed8
core   0: 0x0000000080004540 (0x02cd9493) slli    s1, s11, 44
core   0: 1 0x0000000080004540 (0x02cd9493) x9  0x0000000000000000
core   0: 0x0000000080004544 (0xf14ff0f3) csrrci  ra, mhartid, 31
core   0: exception trap_illegal_instruction, epc 0x0000000080004544
core   0:           tval 0x00000000f14ff0f3
core   0: >>>>  $xrv64i2p1_m2p0_a2p1_f2p2_d2p2_zicsr2p0_zifencei2p0_zmmul1p0_zba1p0_zbb1p0_zbc1p0_zbs1p0
core   0: 0x0000000080004000 (0x0080006f) j       pc + 0x8
core   0: 3 0x0000000080004000 (0x0080006f)
core   0: >>>>  mmode_exception_handler
core   0: 0x0000000080004008 (0x00002c17) auipc   s8, 0x2
core   0: 3 0x0000000080004008 (0x00002c17) x24 0x0000000080006008
core   0: 0x000000008000400c (0x076c0c13) addi    s8, s8, 118
core   0: 3 0x000000008000400c (0x076c0c13) x24 0x000000008000607e
core   0: 0x0000000080004010 (0x000c00e7) jalr    s8
core   0: 3 0x0000000080004010 (0x000c00e7) x1  0x0000000080004014
core   0: >>>>  any_handler
core   0: 0x000000008000607e (0x341027f3) csrrs   a5, mepc, zero
core   0: 3 0x000000008000607e (0x341027f3) x15 0x0000000080004544
core   0: 0x0000000080006082 (0x34202773) csrrs   a4, mcause, zero
core   0: 3 0x0000000080006082 (0x34202773) x14 0x0000000000000002
core   0: 0x0000000080006086 (0x142026f3) csrrs   a3, scause, zero
core   0: 3 0x0000000080006086 (0x142026f3) x13 0x0000000000000000
core   0: 0x000000008000608a (0x30402673) csrrs   a2, mie, zero
core   0: 3 0x000000008000608a (0x30402673) x12 0x0000000000000a00
core   0: 0x000000008000608e (0x344025f3) csrrs   a1, mip, zero
core   0: 3 0x000000008000608e (0x344025f3) x11 0x0000000000000080
core   0: 0x0000000080006092 (0x343025f3) csrrs   a1, mtval, zero
core   0: 3 0x0000000080006092 (0x343025f3) x11 0x00000000f14ff0f3
core   0: 0x0000000080006096 (0x14302573) csrrs   a0, stval, zero
core   0: 3 0x0000000080006096 (0x14302573) x10 0x0000000000000000
core   0: 0x000000008000609a (0xb02024f3) csrrs   s1, minstret, zero
core   0: 3 0x000000008000609a (0xb02024f3) x9  0x00000000000009db
core   0: 0x000000008000609e (0x0000a811) c.j     pc + 20
core   0: 3 0x000000008000609e (0xa811)
core   0: >>>>  mepc_4
core   0: 0x00000000800060b2 (0x00000791) c.addi  a5, 4
core   0: 3 0x00000000800060b2 (0x0791) x15 0x0000000080004548
core   0: 0x00000000800060b4 (0x34179073) csrrw   zero, mepc, a5
core   0: 3 0x00000000800060b4 (0x34179073) c833_mepc 0x0000000080004548
core   0: 0x00000000800060b8 (0x30200073) mret
core   0: 3 0x00000000800060b8 (0x30200073) c768_mstatus 0x8000000a00106080
core   0: 0x0000000080004548 (0x00000001) c.nop
core   0: 1 0x0000000080004548 (0x0001)
core   0: 0x000000008000454a (0x84a60313) addi    t1, a2, -1974
core   0: 1 0x000000008000454a (0x84a60313) x6  0x000000000000024a
core   0: 0x000000008000454e (0x00130ab3) add     s5, t1, ra
core   0: 1 0x000000008000454e (0x00130ab3) x21 0x000000008000425e
core   0: 0x0000000080004552 (0xe3cb7e4b) fnmsub.d ft8, fs6, ft8, ft8
core   0: 1 0x0000000080004552 (0xe3cb7e4b) f28 0x7ff8000000000000
core   0: 0x0000000080004556 (0x226b8d53) fsgnj.d fs10, fs7, ft6
core   0: 1 0x0000000080004556 (0x226b8d53) f26 0xfff8000000000000
core   0: 0x000000008000455a (0x0000803b) addw    zero, ra, zero
core   0: 1 0x000000008000455a (0x0000803b)
core   0: 0x000000008000455e (0x3432a873) csrrs   a6, mtval, t0
core   0: exception trap_illegal_instruction, epc 0x000000008000455e
core   0:           tval 0x000000003432a873
core   0: >>>>  $xrv64i2p1_m2p0_a2p1_f2p2_d2p2_zicsr2p0_zifencei2p0_zmmul1p0_zba1p0_zbb1p0_zbc1p0_zbs1p0
core   0: 0x0000000080004000 (0x0080006f) j       pc + 0x8
core   0: 3 0x0000000080004000 (0x0080006f)
core   0: >>>>  mmode_exception_handler
core   0: 0x0000000080004008 (0x00002c17) auipc   s8, 0x2
core   0: 3 0x0000000080004008 (0x00002c17) x24 0x0000000080006008
core   0: 0x000000008000400c (0x076c0c13) addi    s8, s8, 118
core   0: 3 0x000000008000400c (0x076c0c13) x24 0x000000008000607e
core   0: 0x0000000080004010 (0x000c00e7) jalr    s8
core   0: 3 0x0000000080004010 (0x000c00e7) x1  0x0000000080004014
core   0: >>>>  any_handler
core   0: 0x000000008000607e (0x341027f3) csrrs   a5, mepc, zero
core   0: 3 0x000000008000607e (0x341027f3) x15 0x000000008000455e
core   0: 0x0000000080006082 (0x34202773) csrrs   a4, mcause, zero
core   0: 3 0x0000000080006082 (0x34202773) x14 0x0000000000000002
core   0: 0x0000000080006086 (0x142026f3) csrrs   a3, scause, zero
core   0: 3 0x0000000080006086 (0x142026f3) x13 0x0000000000000000
core   0: 0x000000008000608a (0x30402673) csrrs   a2, mie, zero
core   0: 3 0x000000008000608a (0x30402673) x12 0x0000000000000a00
core   0: 0x000000008000608e (0x344025f3) csrrs   a1, mip, zero
core   0: 3 0x000000008000608e (0x344025f3) x11 0x0000000000000080
core   0: 0x0000000080006092 (0x343025f3) csrrs   a1, mtval, zero
core   0: 3 0x0000000080006092 (0x343025f3) x11 0x000000003432a873
core   0: 0x0000000080006096 (0x14302573) csrrs   a0, stval, zero
core   0: 3 0x0000000080006096 (0x14302573) x10 0x0000000000000000
core   0: 0x000000008000609a (0xb02024f3) csrrs   s1, minstret, zero
core   0: 3 0x000000008000609a (0xb02024f3) x9  0x00000000000009f1
core   0: 0x000000008000609e (0x0000a811) c.j     pc + 20
core   0: 3 0x000000008000609e (0xa811)
core   0: >>>>  mepc_4
core   0: 0x00000000800060b2 (0x00000791) c.addi  a5, 4
core   0: 3 0x00000000800060b2 (0x0791) x15 0x0000000080004562
core   0: 0x00000000800060b4 (0x34179073) csrrw   zero, mepc, a5
core   0: 3 0x00000000800060b4 (0x34179073) c833_mepc 0x0000000080004562
core   0: 0x00000000800060b8 (0x30200073) mret
core   0: 3 0x00000000800060b8 (0x30200073) c768_mstatus 0x8000000a00106080
core   0: 0x0000000080004562 (0x0333f633) remu    a2, t2, s3
core   0: 1 0x0000000080004562 (0x0333f633) x12 0x0000000000000000
core   0: 0x0000000080004566 (0xa3ab07d3) fle.d   a5, fs6, fs10
core   0: 1 0x0000000080004566 (0xa3ab07d3) c1_fflags 0x0000000000000011 x15 0x0000000000000000
core   0: 0x000000008000456a (0x0341b0b3) mulhu   ra, gp, s4
core   0: 1 0x000000008000456a (0x0341b0b3) x1  0x0000000000000000
core   0: 0x000000008000456e (0x0ff0000f) fence   iorw,iorw
core   0: 1 0x000000008000456e (0x0ff0000f)
core   0: 0x0000000080004572 (0x007503bb) addw    t2, a0, t2
core   0: 1 0x0000000080004572 (0x007503bb) x7  0x0000000000000000
core   0: 0x0000000080004576 (0x0076ed33) or      s10, a3, t2
core   0: 1 0x0000000080004576 (0x0076ed33) x26 0x0000000000000000
core   0: 0x000000008000457a (0x00000001) c.nop
core   0: 1 0x000000008000457a (0x0001)
core   0: 0x000000008000457c (0x22579ed3) fsgnjn.d ft9, fa5, ft5
core   0: 1 0x000000008000457c (0x22579ed3) f29 0x7ff8000000000000
core   0: 0x0000000080004580 (0x4013d11b) sraiw   sp, t2, 1
core   0: 1 0x0000000080004580 (0x4013d11b) x2  0x0000000000000000
core   0: 0x0000000080004584 (0x41bd593b) sraw    s2, s10, s11
core   0: 1 0x0000000080004584 (0x41bd593b) x18 0x0000000000000000
core   0: 0x0000000080004588 (0x02696733) rem     a4, s2, t1
core   0: 1 0x0000000080004588 (0x02696733) x14 0x0000000000000000
core   0: 0x000000008000458c (0x00102af3) csrrs   s5, fflags, zero
core   0: 1 0x000000008000458c (0x00102af3) x21 0x0000000000000011
core   0: 0x0000000080004590 (0x00011493) slli    s1, sp, 0
core   0: 1 0x0000000080004590 (0x00011493) x9  0x0000000000000000
core   0: 0x0000000080004594 (0x03a1e1b3) rem     gp, gp, s10
core   0: 1 0x0000000080004594 (0x03a1e1b3) x3  0x0000000000000000
core   0: 0x0000000080004598 (0xc207f6d3) fcvt.w.d a3, fa5
core   0: 1 0x0000000080004598 (0xc207f6d3) c1_fflags 0x0000000000000011 x13 0x000000007fffffff
core   0: 0x000000008000459c (0xe2068ed3) fmv.x.d t4, fa3
core   0: 1 0x000000008000459c (0xe2068ed3) x29 0xffffffff00000000
core   0: 0x00000000800045a0 (0x0182f9b3) and     s3, t0, s8
core   0: 1 0x00000000800045a0 (0x0182f9b3) x19 0x0000000080004012
core   0: 0x00000000800045a4 (0x00039e9b) slliw   t4, t2, 0
core   0: 1 0x00000000800045a4 (0x00039e9b) x29 0x0000000000000000
core   0: 0x00000000800045a8 (0x00b075b3) and     a1, zero, a1
core   0: 1 0x00000000800045a8 (0x00b075b3) x11 0x0000000000000000
core   0: 0x00000000800045ac (0xc02ef853) fcvt.l.s a6, ft9
core   0: 1 0x00000000800045ac (0xc02ef853) c1_fflags 0x0000000000000011 x16 0x7fffffffffffffff
core   0: 0x00000000800045b0 (0x01269b13) slli    s6, a3, 18
core   0: 1 0x00000000800045b0 (0x01269b13) x22 0x0001fffffffc0000
core   0: 0x00000000800045b4 (0x0006c5b3) xor     a1, a3, zero
core   0: 1 0x00000000800045b4 (0x0006c5b3) x11 0x000000007fffffff
core   0: 0x00000000800045b8 (0x1425b973) csrrc   s2, scause, a1
core   0: 1 0x00000000800045b8 (0x1425b973) x18 0x0000000000000000 c322_scause 0x0000000000000000
core   0: 0x00000000800045bc (0x0ff0000f) fence   iorw,iorw
core   0: 1 0x00000000800045bc (0x0ff0000f)
core   0: 0x00000000800045c0 (0xc03e7553) fcvt.lu.s a0, ft8
core   0: 1 0x00000000800045c0 (0xc03e7553) c1_fflags 0x0000000000000011 x10 0xffffffffffffffff
core   0: 0x00000000800045c4 (0x00095e93) srli    t4, s2, 0
core   0: 1 0x00000000800045c4 (0x00095e93) x29 0x0000000000000000
core   0: 0x00000000800045c8 (0x0a8cfa53) fsub.d  fs4, fs9, fs0
core   0: 1 0x00000000800045c8 (0x0a8cfa53) f20 0x7ff8000000000000
core   0: 0x00000000800045cc (0x00009e25) c.addw  a2, s1
core   0: 1 0x00000000800045cc (0x9e25) x12 0x0000000000000000
core   0: 0x00000000800045ce (0x400edc9b) sraiw   s9, t4, 0
core   0: 1 0x00000000800045ce (0x400edc9b) x25 0x0000000000000000
core   0: 0x00000000800045d2 (0x23cd2bd3) fsgnjx.d fs7, fs10, ft8
core   0: 1 0x00000000800045d2 (0x23cd2bd3) f23 0xfff8000000000000
core   0: 0x00000000800045d6 (0x0106e533) or      a0, a3, a6
core   0: 1 0x00000000800045d6 (0x0106e533) x10 0x7fffffffffffffff
core   0: 0x00000000800045da (0x4015f9d3) fcvt.s.d fs3, fa1
core   0: 1 0x00000000800045da (0x4015f9d3) f19 0xffffffff7fc00000
core   0: 0x00000000800045de (0x22af9853) fsgnjn.d fa6, ft11, fa0
core   0: 1 0x00000000800045de (0x22af9853) f16 0xfff8000000000000
core   0: 0x00000000800045e2 (0x00a81c3b) sllw    s8, a6, a0
core   0: 1 0x00000000800045e2 (0x00a81c3b) x24 0xffffffff80000000
core   0: 0x00000000800045e6 (0x23e58f53) fsgnj.d ft10, fa1, ft10
core   0: 1 0x00000000800045e6 (0x23e58f53) f30 0x7ff8000000000000
core   0: 0x00000000800045ea (0xa3288953) fle.d   s2, fa7, fs2
core   0: 1 0x00000000800045ea (0xa3288953) c1_fflags 0x0000000000000011 x18 0x0000000000000000
core   0: 0x00000000800045ee (0x157fe637) lui     a2, 0x157fe
core   0: 1 0x00000000800045ee (0x157fe637) x12 0x00000000157fe000
core   0: 0x00000000800045f2 (0x7ffded13) ori     s10, s11, 2047
core   0: 1 0x00000000800045f2 (0x7ffded13) x26 0x00000000000007ff
core   0: 0x00000000800045f6 (0x018c9cbb) sllw    s9, s9, s8
core   0: 1 0x00000000800045f6 (0x018c9cbb) x25 0x0000000000000000
core   0: 0x00000000800045fa (0x00000001) c.nop
core   0: 1 0x00000000800045fa (0x0001)
core   0: 0x00000000800045fc (0x00ad053b) addw    a0, s10, a0
core   0: 1 0x00000000800045fc (0x00ad053b) x10 0x00000000000007fe
core   0: 0x0000000080004600 (0x0b26fbd3) fsub.d  fs7, fa3, fs2
core   0: 1 0x0000000080004600 (0x0b26fbd3) f23 0x7ff8000000000000
core   0: 0x0000000080004604 (0x02c3ee33) rem     t3, t2, a2
core   0: 1 0x0000000080004604 (0x02c3ee33) x28 0x0000000000000000
core   0: 0x0000000080004608 (0xc2197a53) fcvt.wu.d s4, fs2
core   0: 1 0x0000000080004608 (0xc2197a53) c1_fflags 0x0000000000000011 x20 0xffffffffffffffff
core   0: 0x000000008000460c (0xc21971d3) fcvt.wu.d gp, fs2
core   0: 1 0x000000008000460c (0xc21971d3) c1_fflags 0x0000000000000011 x3  0xffffffffffffffff
core   0: 0x0000000080004610 (0x23ae9d53) fsgnjn.d fs10, ft9, fs10
core   0: 1 0x0000000080004610 (0x23ae9d53) f26 0x7ff8000000000000
core   0: 0x0000000080004614 (0x2a109153) fmax.d  ft2, ft1, ft1
core   0: 1 0x0000000080004614 (0x2a109153) f2  0x7ff8000000000000
core   0: 0x0000000080004618 (0x03a97cd3) fadd.d  fs9, fs2, fs10
core   0: 1 0x0000000080004618 (0x03a97cd3) f25 0x7ff8000000000000
core   0: 0x000000008000461c (0xfdd1839b) addiw   t2, gp, -35
core   0: 1 0x000000008000461c (0xfdd1839b) x7  0xffffffffffffffdc
core   0: 0x0000000080004620 (0x001a7a13) andi    s4, s4, 1
core   0: 1 0x0000000080004620 (0x001a7a13) x20 0x0000000000000001
core   0: 0x0000000080004624 (0x00732333) slt     t1, t1, t2
core   0: 1 0x0000000080004624 (0x00732333) x6  0x0000000000000000
core   0: 0x0000000080004628 (0x00eacab3) xor     s5, s5, a4
core   0: 1 0x0000000080004628 (0x00eacab3) x21 0x0000000000000011
core   0: 0x000000008000462c (0x41598c3b) subw    s8, s3, s5
core   0: 1 0x000000008000462c (0x41598c3b) x24 0xffffffff80004001
core   0: 0x0000000080004630 (0x02eae93b) remw    s2, s5, a4
core   0: 1 0x0000000080004630 (0x02eae93b) x18 0x0000000000000011
core   0: 0x0000000080004634 (0x23aba153) fsgnjx.d ft2, fs7, fs10
core   0: 1 0x0000000080004634 (0x23aba153) f2  0x7ff8000000000000
core   0: 0x0000000080004638 (0xf20e00d3) fmv.d.x ft1, t3
core   0: 1 0x0000000080004638 (0xf20e00d3) f1  0x0000000000000000
core   0: 0x000000008000463c (0xc05d66f3) csrrsi  a3, hpmcounter5, 26
core   0: exception trap_illegal_instruction, epc 0x000000008000463c
core   0:           tval 0x00000000c05d66f3
core   0: >>>>  $xrv64i2p1_m2p0_a2p1_f2p2_d2p2_zicsr2p0_zifencei2p0_zmmul1p0_zba1p0_zbb1p0_zbc1p0_zbs1p0
core   0: 0x0000000080004000 (0x0080006f) j       pc + 0x8
core   0: 3 0x0000000080004000 (0x0080006f)
core   0: >>>>  mmode_exception_handler
core   0: 0x0000000080004008 (0x00002c17) auipc   s8, 0x2
core   0: 3 0x0000000080004008 (0x00002c17) x24 0x0000000080006008
core   0: 0x000000008000400c (0x076c0c13) addi    s8, s8, 118
core   0: 3 0x000000008000400c (0x076c0c13) x24 0x000000008000607e
core   0: 0x0000000080004010 (0x000c00e7) jalr    s8
core   0: 3 0x0000000080004010 (0x000c00e7) x1  0x0000000080004014
core   0: >>>>  any_handler
core   0: 0x000000008000607e (0x341027f3) csrrs   a5, mepc, zero
core   0: 3 0x000000008000607e (0x341027f3) x15 0x000000008000463c
core   0: 0x0000000080006082 (0x34202773) csrrs   a4, mcause, zero
core   0: 3 0x0000000080006082 (0x34202773) x14 0x0000000000000002
core   0: 0x0000000080006086 (0x142026f3) csrrs   a3, scause, zero
core   0: 3 0x0000000080006086 (0x142026f3) x13 0x0000000000000000
core   0: 0x000000008000608a (0x30402673) csrrs   a2, mie, zero
core   0: 3 0x000000008000608a (0x30402673) x12 0x0000000000000a00
core   0: 0x000000008000608e (0x344025f3) csrrs   a1, mip, zero
core   0: 3 0x000000008000608e (0x344025f3) x11 0x0000000000000080
core   0: 0x0000000080006092 (0x343025f3) csrrs   a1, mtval, zero
core   0: 3 0x0000000080006092 (0x343025f3) x11 0x00000000c05d66f3
core   0: 0x0000000080006096 (0x14302573) csrrs   a0, stval, zero
core   0: 3 0x0000000080006096 (0x14302573) x10 0x0000000000000000
core   0: 0x000000008000609a (0xb02024f3) csrrs   s1, minstret, zero
core   0: 3 0x000000008000609a (0xb02024f3) x9  0x0000000000000a39
core   0: 0x000000008000609e (0x0000a811) c.j     pc + 20
core   0: 3 0x000000008000609e (0xa811)
core   0: >>>>  mepc_4
core   0: 0x00000000800060b2 (0x00000791) c.addi  a5, 4
core   0: 3 0x00000000800060b2 (0x0791) x15 0x0000000080004640
core   0: 0x00000000800060b4 (0x34179073) csrrw   zero, mepc, a5
core   0: 3 0x00000000800060b4 (0x34179073) c833_mepc 0x0000000080004640
core   0: 0x00000000800060b8 (0x30200073) mret
core   0: 3 0x00000000800060b8 (0x30200073) c768_mstatus 0x8000000a00106080
core   0: 0x0000000080004640 (0xc20ff0d3) fcvt.w.d ra, ft11
core   0: 1 0x0000000080004640 (0xc20ff0d3) c1_fflags 0x0000000000000011 x1  0x000000007fffffff
core   0: 0x0000000080004644 (0xe20201d3) fmv.x.d gp, ft4
core   0: 1 0x0000000080004644 (0xe20201d3) x3  0x0000000000000000
core   0: 0x0000000080004648 (0x0ff0000f) fence   iorw,iorw
core   0: 1 0x0000000080004648 (0x0ff0000f)
core   0: 0x000000008000464c (0x23c31e53) fsgnjn.d ft8, ft6, ft8
core   0: 1 0x000000008000464c (0x23c31e53) f28 0xffffffff7fc00000
core   0: 0x0000000080004650 (0x002b9573) csrrw   a0, frm, s7
core   0: 1 0x0000000080004650 (0x002b9573) x10 0x0000000000000000 c2_frm 0x0000000000000000
core   0: 0x0000000080004654 (0x038d0733) mul     a4, s10, s8
core   0: 1 0x0000000080004654 (0x038d0733) x14 0x000003ff83038f82
core   0: 0x0000000080004658 (0xc22470d3) fcvt.l.d ra, fs0
core   0: 1 0x0000000080004658 (0xc22470d3) x1  0x0000000000000000
core   0: 0x000000008000465c (0xffe50193) addi    gp, a0, -2
core   0: 1 0x000000008000465c (0xffe50193) x3  0xfffffffffffffffe
core   0: 0x0000000080004660 (0x03574ab3) div     s5, a4, s5
core   0: 1 0x0000000080004660 (0x03574ab3) x21 0x0000003c34e21780
core   0: 0x0000000080004664 (0x415b8133) sub     sp, s7, s5
core   0: 1 0x0000000080004664 (0x415b8133) x2  0xffffff76ed690d18
core   0: 0x0000000080004668 (0x0ff0000f) fence   iorw,iorw
core   0: 1 0x0000000080004668 (0x0ff0000f)
core   0: 0x000000008000466c (0x035e16b3) mulh    a3, t3, s5
core   0: 1 0x000000008000466c (0x035e16b3) x13 0x0000000000000000
core   0: 0x0000000080004670 (0x01ce17b3) sll     a5, t3, t3
core   0: 1 0x0000000080004670 (0x01ce17b3) x15 0x0000000000000000
core   0: 0x0000000080004674 (0x00281773) csrrw   a4, frm, a6
core   0: 1 0x0000000080004674 (0x00281773) x14 0x0000000000000000 c2_frm 0x0000000000000007
core   0: 0x0000000080004678 (0x03a4ce33) div     t3, s1, s10
core   0: 1 0x0000000080004678 (0x03a4ce33) x28 0x0000000000000001
core   0: 0x000000008000467c (0x00000001) c.nop
core   0: 1 0x000000008000467c (0x0001)
core   0: 0x000000008000467e (0xc2237ed3) fcvt.l.d t4, ft6
core   0: exception trap_illegal_instruction, epc 0x000000008000467e
core   0:           tval 0x00000000c2237ed3
core   0: >>>>  $xrv64i2p1_m2p0_a2p1_f2p2_d2p2_zicsr2p0_zifencei2p0_zmmul1p0_zba1p0_zbb1p0_zbc1p0_zbs1p0
core   0: 0x0000000080004000 (0x0080006f) j       pc + 0x8
core   0: 3 0x0000000080004000 (0x0080006f)
core   0: >>>>  mmode_exception_handler
core   0: 0x0000000080004008 (0x00002c17) auipc   s8, 0x2
core   0: 3 0x0000000080004008 (0x00002c17) x24 0x0000000080006008
core   0: 0x000000008000400c (0x076c0c13) addi    s8, s8, 118
core   0: 3 0x000000008000400c (0x076c0c13) x24 0x000000008000607e
core   0: 0x0000000080004010 (0x000c00e7) jalr    s8
core   0: 3 0x0000000080004010 (0x000c00e7) x1  0x0000000080004014
core   0: >>>>  any_handler
core   0: 0x000000008000607e (0x341027f3) csrrs   a5, mepc, zero
core   0: 3 0x000000008000607e (0x341027f3) x15 0x000000008000467e
core   0: 0x0000000080006082 (0x34202773) csrrs   a4, mcause, zero
core   0: 3 0x0000000080006082 (0x34202773) x14 0x0000000000000002
core   0: 0x0000000080006086 (0x142026f3) csrrs   a3, scause, zero
core   0: 3 0x0000000080006086 (0x142026f3) x13 0x0000000000000000
core   0: 0x000000008000608a (0x30402673) csrrs   a2, mie, zero
core   0: 3 0x000000008000608a (0x30402673) x12 0x0000000000000a00
core   0: 0x000000008000608e (0x344025f3) csrrs   a1, mip, zero
core   0: 3 0x000000008000608e (0x344025f3) x11 0x0000000000000080
core   0: 0x0000000080006092 (0x343025f3) csrrs   a1, mtval, zero
core   0: 3 0x0000000080006092 (0x343025f3) x11 0x00000000c2237ed3
core   0: 0x0000000080006096 (0x14302573) csrrs   a0, stval, zero
core   0: 3 0x0000000080006096 (0x14302573) x10 0x0000000000000000
core   0: 0x000000008000609a (0xb02024f3) csrrs   s1, minstret, zero
core   0: 3 0x000000008000609a (0xb02024f3) x9  0x0000000000000a59
core   0: 0x000000008000609e (0x0000a811) c.j     pc + 20
core   0: 3 0x000000008000609e (0xa811)
core   0: >>>>  mepc_4
core   0: 0x00000000800060b2 (0x00000791) c.addi  a5, 4
core   0: 3 0x00000000800060b2 (0x0791) x15 0x0000000080004682
core   0: 0x00000000800060b4 (0x34179073) csrrw   zero, mepc, a5
core   0: 3 0x00000000800060b4 (0x34179073) c833_mepc 0x0000000080004682
core   0: 0x00000000800060b8 (0x30200073) mret
core   0: 3 0x00000000800060b8 (0x30200073) c768_mstatus 0x8000000a00106080
core   0: 0x0000000080004682 (0x00102373) csrrs   t1, fflags, zero
core   0: 1 0x0000000080004682 (0x00102373) x6  0x0000000000000011
core   0: 0x0000000080004686 (0xf0a20113) addi    sp, tp, -246
core   0: 1 0x0000000080004686 (0xf0a20113) x2  0xffffffffffffff0a
core   0: 0x000000008000468a (0x23ce0c53) fsgnj.d fs8, ft8, ft8
core   0: 1 0x000000008000468a (0x23ce0c53) f24 0xffffffff7fc00000
core   0: 0x000000008000468e (0x02911013) slli    zero, sp, 41
core   0: 1 0x000000008000468e (0x02911013)
core   0: 0x0000000080004692 (0x00001833) sll     a6, zero, zero
core   0: 1 0x0000000080004692 (0x00001833) x16 0x0000000000000000
core   0: 0x0000000080004696 (0x01588bbb) addw    s7, a7, s5
core   0: 1 0x0000000080004696 (0x01588bbb) x23 0x0000000034e21780
core   0: 0x000000008000469a (0xa3cd9c53) flt.d   s8, fs11, ft8
core   0: 1 0x000000008000469a (0xa3cd9c53) c1_fflags 0x0000000000000011 x24 0x0000000000000000
core   0: 0x000000008000469e (0x037e8b33) mul     s6, t4, s7
core   0: 1 0x000000008000469e (0x037e8b33) x22 0x0000000000000000
core   0: 0x00000000800046a2 (0x4097003b) subw    zero, a4, s1
core   0: 1 0x00000000800046a2 (0x4097003b)
core   0: 0x00000000800046a6 (0x0d94c537) lui     a0, 0xd94c
core   0: 1 0x00000000800046a6 (0x0d94c537) x10 0x000000000d94c000
core   0: 0x00000000800046aa (0x40a085bb) subw    a1, ra, a0
core   0: 1 0x00000000800046aa (0x40a085bb) x11 0x00000000726b8014
core   0: 0x00000000800046ae (0x42098753) fcvt.d.s fa4, fs3
core   0: 1 0x00000000800046ae (0x42098753) f14 0x7ff8000000000000
core   0: 0x00000000800046b2 (0x00000001) c.nop
core   0: 1 0x00000000800046b2 (0x0001)
core   0: 0x00000000800046b4 (0xc2377b53) fcvt.lu.d s6, fa4
core   0: exception trap_illegal_instruction, epc 0x00000000800046b4
core   0:           tval 0x00000000c2377b53
core   0: >>>>  $xrv64i2p1_m2p0_a2p1_f2p2_d2p2_zicsr2p0_zifencei2p0_zmmul1p0_zba1p0_zbb1p0_zbc1p0_zbs1p0
core   0: 0x0000000080004000 (0x0080006f) j       pc + 0x8
core   0: 3 0x0000000080004000 (0x0080006f)
core   0: >>>>  mmode_exception_handler
core   0: 0x0000000080004008 (0x00002c17) auipc   s8, 0x2
core   0: 3 0x0000000080004008 (0x00002c17) x24 0x0000000080006008
core   0: 0x000000008000400c (0x076c0c13) addi    s8, s8, 118
core   0: 3 0x000000008000400c (0x076c0c13) x24 0x000000008000607e
core   0: 0x0000000080004010 (0x000c00e7) jalr    s8
core   0: 3 0x0000000080004010 (0x000c00e7) x1  0x0000000080004014
core   0: >>>>  any_handler
core   0: 0x000000008000607e (0x341027f3) csrrs   a5, mepc, zero
core   0: 3 0x000000008000607e (0x341027f3) x15 0x00000000800046b4
core   0: 0x0000000080006082 (0x34202773) csrrs   a4, mcause, zero
core   0: 3 0x0000000080006082 (0x34202773) x14 0x0000000000000002
core   0: 0x0000000080006086 (0x142026f3) csrrs   a3, scause, zero
core   0: 3 0x0000000080006086 (0x142026f3) x13 0x0000000000000000
core   0: 0x000000008000608a (0x30402673) csrrs   a2, mie, zero
core   0: 3 0x000000008000608a (0x30402673) x12 0x0000000000000a00
core   0: 0x000000008000608e (0x344025f3) csrrs   a1, mip, zero
core   0: 3 0x000000008000608e (0x344025f3) x11 0x0000000000000080
core   0: 0x0000000080006092 (0x343025f3) csrrs   a1, mtval, zero
core   0: 3 0x0000000080006092 (0x343025f3) x11 0x00000000c2377b53
core   0: 0x0000000080006096 (0x14302573) csrrs   a0, stval, zero
core   0: 3 0x0000000080006096 (0x14302573) x10 0x0000000000000000
core   0: 0x000000008000609a (0xb02024f3) csrrs   s1, minstret, zero
core   0: 3 0x000000008000609a (0xb02024f3) x9  0x0000000000000a76
core   0: 0x000000008000609e (0x0000a811) c.j     pc + 20
core   0: 3 0x000000008000609e (0xa811)
core   0: >>>>  mepc_4
core   0: 0x00000000800060b2 (0x00000791) c.addi  a5, 4
core   0: 3 0x00000000800060b2 (0x0791) x15 0x00000000800046b8
core   0: 0x00000000800060b4 (0x34179073) csrrw   zero, mepc, a5
core   0: 3 0x00000000800060b4 (0x34179073) c833_mepc 0x00000000800046b8
core   0: 0x00000000800060b8 (0x30200073) mret
core   0: 3 0x00000000800060b8 (0x30200073) c768_mstatus 0x8000000a00106080
core   0: 0x00000000800046b8 (0x4008dd93) srai    s11, a7, 0
core   0: 1 0x00000000800046b8 (0x4008dd93) x27 0x0000000000000000
core   0: 0x00000000800046bc (0x2a1791d3) fmax.d  ft3, fa5, ft1
core   0: 1 0x00000000800046bc (0x2a1791d3) f3  0x0000000000000000
core   0: 0x00000000800046c0 (0x0094d693) srli    a3, s1, 9
core   0: 1 0x00000000800046c0 (0x0094d693) x13 0x0000000000000005
core   0: 0x00000000800046c4 (0x00000001) c.nop
core   0: 1 0x00000000800046c4 (0x0001)
core   0: 0x00000000800046c6 (0x010e101b) slliw   zero, t3, 16
core   0: 1 0x00000000800046c6 (0x010e101b)
core   0: 0x00000000800046ca (0x41c2813b) subw    sp, t0, t3
core   0: 1 0x00000000800046ca (0x41c2813b) x2  0xffffffff80004392
core   0: 0x00000000800046ce (0x40155893) srai    a7, a0, 1
core   0: 1 0x00000000800046ce (0x40155893) x17 0x0000000000000000
core   0: 0x00000000800046d2 (0x1b47f84b) fnmsub.d fa6, fa5, fs4, ft3
core   0: exception trap_illegal_instruction, epc 0x00000000800046d2
core   0:           tval 0x000000001b47f84b
core   0: >>>>  $xrv64i2p1_m2p0_a2p1_f2p2_d2p2_zicsr2p0_zifencei2p0_zmmul1p0_zba1p0_zbb1p0_zbc1p0_zbs1p0
core   0: 0x0000000080004000 (0x0080006f) j       pc + 0x8
core   0: 3 0x0000000080004000 (0x0080006f)
core   0: >>>>  mmode_exception_handler
core   0: 0x0000000080004008 (0x00002c17) auipc   s8, 0x2
core   0: 3 0x0000000080004008 (0x00002c17) x24 0x0000000080006008
core   0: 0x000000008000400c (0x076c0c13) addi    s8, s8, 118
core   0: 3 0x000000008000400c (0x076c0c13) x24 0x000000008000607e
core   0: 0x0000000080004010 (0x000c00e7) jalr    s8
core   0: 3 0x0000000080004010 (0x000c00e7) x1  0x0000000080004014
core   0: >>>>  any_handler
core   0: 0x000000008000607e (0x341027f3) csrrs   a5, mepc, zero
core   0: 3 0x000000008000607e (0x341027f3) x15 0x00000000800046d2
core   0: 0x0000000080006082 (0x34202773) csrrs   a4, mcause, zero
core   0: 3 0x0000000080006082 (0x34202773) x14 0x0000000000000002
core   0: 0x0000000080006086 (0x142026f3) csrrs   a3, scause, zero
core   0: 3 0x0000000080006086 (0x142026f3) x13 0x0000000000000000
core   0: 0x000000008000608a (0x30402673) csrrs   a2, mie, zero
core   0: 3 0x000000008000608a (0x30402673) x12 0x0000000000000a00
core   0: 0x000000008000608e (0x344025f3) csrrs   a1, mip, zero
core   0: 3 0x000000008000608e (0x344025f3) x11 0x0000000000000080
core   0: 0x0000000080006092 (0x343025f3) csrrs   a1, mtval, zero
core   0: 3 0x0000000080006092 (0x343025f3) x11 0x000000001b47f84b
core   0: 0x0000000080006096 (0x14302573) csrrs   a0, stval, zero
core   0: 3 0x0000000080006096 (0x14302573) x10 0x0000000000000000
core   0: 0x000000008000609a (0xb02024f3) csrrs   s1, minstret, zero
core   0: 3 0x000000008000609a (0xb02024f3) x9  0x0000000000000a8d
core   0: 0x000000008000609e (0x0000a811) c.j     pc + 20
core   0: 3 0x000000008000609e (0xa811)
core   0: >>>>  mepc_4
core   0: 0x00000000800060b2 (0x00000791) c.addi  a5, 4
core   0: 3 0x00000000800060b2 (0x0791) x15 0x00000000800046d6
core   0: 0x00000000800060b4 (0x34179073) csrrw   zero, mepc, a5
core   0: 3 0x00000000800060b4 (0x34179073) c833_mepc 0x00000000800046d6
core   0: 0x00000000800060b8 (0x30200073) mret
core   0: 3 0x00000000800060b8 (0x30200073) c768_mstatus 0x8000000a00106080
core   0: 0x00000000800046d6 (0x4116da33) sra     s4, a3, a7
core   0: 1 0x00000000800046d6 (0x4116da33) x20 0x0000000000000000
core   0: 0x00000000800046da (0x0094949b) slliw   s1, s1, 9
core   0: 1 0x00000000800046da (0x0094949b) x9  0x0000000000151a00
core   0: 0x00000000800046de (0x01155813) srli    a6, a0, 17
core   0: 1 0x00000000800046de (0x01155813) x16 0x0000000000000000
core   0: 0x00000000800046e2 (0x02d4c9bb) divw    s3, s1, a3
core   0: 1 0x00000000800046e2 (0x02d4c9bb) x19 0xffffffffffffffff
core   0: 0x00000000800046e6 (0x00000001) c.nop
core   0: 1 0x00000000800046e6 (0x0001)
core   0: 0x00000000800046e8 (0x404851b3) sra     gp, a6, tp
core   0: 1 0x00000000800046e8 (0x404851b3) x3  0x0000000000000000
core   0: 0x00000000800046ec (0x02e80d33) mul     s10, a6, a4
core   0: 1 0x00000000800046ec (0x02e80d33) x26 0x0000000000000000
core   0: 0x00000000800046f0 (0xc211f053) fcvt.wu.d zero, ft3
core   0: exception trap_illegal_instruction, epc 0x00000000800046f0
core   0:           tval 0x00000000c211f053
core   0: >>>>  $xrv64i2p1_m2p0_a2p1_f2p2_d2p2_zicsr2p0_zifencei2p0_zmmul1p0_zba1p0_zbb1p0_zbc1p0_zbs1p0
core   0: 0x0000000080004000 (0x0080006f) j       pc + 0x8
core   0: 3 0x0000000080004000 (0x0080006f)
core   0: >>>>  mmode_exception_handler
core   0: 0x0000000080004008 (0x00002c17) auipc   s8, 0x2
core   0: 3 0x0000000080004008 (0x00002c17) x24 0x0000000080006008
core   0: 0x000000008000400c (0x076c0c13) addi    s8, s8, 118
core   0: 3 0x000000008000400c (0x076c0c13) x24 0x000000008000607e
core   0: 0x0000000080004010 (0x000c00e7) jalr    s8
core   0: 3 0x0000000080004010 (0x000c00e7) x1  0x0000000080004014
core   0: >>>>  any_handler
core   0: 0x000000008000607e (0x341027f3) csrrs   a5, mepc, zero
core   0: 3 0x000000008000607e (0x341027f3) x15 0x00000000800046f0
core   0: 0x0000000080006082 (0x34202773) csrrs   a4, mcause, zero
core   0: 3 0x0000000080006082 (0x34202773) x14 0x0000000000000002
core   0: 0x0000000080006086 (0x142026f3) csrrs   a3, scause, zero
core   0: 3 0x0000000080006086 (0x142026f3) x13 0x0000000000000000
core   0: 0x000000008000608a (0x30402673) csrrs   a2, mie, zero
core   0: 3 0x000000008000608a (0x30402673) x12 0x0000000000000a00
core   0: 0x000000008000608e (0x344025f3) csrrs   a1, mip, zero
core   0: 3 0x000000008000608e (0x344025f3) x11 0x0000000000000080
core   0: 0x0000000080006092 (0x343025f3) csrrs   a1, mtval, zero
core   0: 3 0x0000000080006092 (0x343025f3) x11 0x00000000c211f053
core   0: 0x0000000080006096 (0x14302573) csrrs   a0, stval, zero
core   0: 3 0x0000000080006096 (0x14302573) x10 0x0000000000000000
core   0: 0x000000008000609a (0xb02024f3) csrrs   s1, minstret, zero
core   0: 3 0x000000008000609a (0xb02024f3) x9  0x0000000000000aa4
core   0: 0x000000008000609e (0x0000a811) c.j     pc + 20
core   0: 3 0x000000008000609e (0xa811)
core   0: >>>>  mepc_4
core   0: 0x00000000800060b2 (0x00000791) c.addi  a5, 4
core   0: 3 0x00000000800060b2 (0x0791) x15 0x00000000800046f4
core   0: 0x00000000800060b4 (0x34179073) csrrw   zero, mepc, a5
core   0: 3 0x00000000800060b4 (0x34179073) c833_mepc 0x00000000800046f4
core   0: 0x00000000800060b8 (0x30200073) mret
core   0: 3 0x00000000800060b8 (0x30200073) c768_mstatus 0x8000000a00106080
core   0: 0x00000000800046f4 (0x800d089b) addiw   a7, s10, -2048
core   0: 1 0x00000000800046f4 (0x800d089b) x17 0xfffffffffffff800
core   0: 0x00000000800046f8 (0x025d82b3) mul     t0, s11, t0
core   0: 1 0x00000000800046f8 (0x025d82b3) x5  0x0000000000000000
core   0: 0x00000000800046fc (0x0000137a) c.slli  t1, 62
core   0: 1 0x00000000800046fc (0x137a) x6  0x4000000000000000
core   0: 0x00000000800046fe (0x800b851b) addiw   a0, s7, -2048
core   0: 1 0x00000000800046fe (0x800b851b) x10 0x0000000034e20f80
core   0: 0x0000000080004702 (0xaa14f2cb) fnmsub.d ft5, fs1, ft1, fs5
core   0: exception trap_illegal_instruction, epc 0x0000000080004702
core   0:           tval 0x00000000aa14f2cb
core   0: >>>>  $xrv64i2p1_m2p0_a2p1_f2p2_d2p2_zicsr2p0_zifencei2p0_zmmul1p0_zba1p0_zbb1p0_zbc1p0_zbs1p0
core   0: 0x0000000080004000 (0x0080006f) j       pc + 0x8
core   0: 3 0x0000000080004000 (0x0080006f)
core   0: >>>>  mmode_exception_handler
core   0: 0x0000000080004008 (0x00002c17) auipc   s8, 0x2
core   0: 3 0x0000000080004008 (0x00002c17) x24 0x0000000080006008
core   0: 0x000000008000400c (0x076c0c13) addi    s8, s8, 118
core   0: 3 0x000000008000400c (0x076c0c13) x24 0x000000008000607e
core   0: 0x0000000080004010 (0x000c00e7) jalr    s8
core   0: 3 0x0000000080004010 (0x000c00e7) x1  0x0000000080004014
core   0: >>>>  any_handler
core   0: 0x000000008000607e (0x341027f3) csrrs   a5, mepc, zero
core   0: 3 0x000000008000607e (0x341027f3) x15 0x0000000080004702
core   0: 0x0000000080006082 (0x34202773) csrrs   a4, mcause, zero
core   0: 3 0x0000000080006082 (0x34202773) x14 0x0000000000000002
core   0: 0x0000000080006086 (0x142026f3) csrrs   a3, scause, zero
core   0: 3 0x0000000080006086 (0x142026f3) x13 0x0000000000000000
core   0: 0x000000008000608a (0x30402673) csrrs   a2, mie, zero
core   0: 3 0x000000008000608a (0x30402673) x12 0x0000000000000a00
core   0: 0x000000008000608e (0x344025f3) csrrs   a1, mip, zero
core   0: 3 0x000000008000608e (0x344025f3) x11 0x0000000000000080
core   0: 0x0000000080006092 (0x343025f3) csrrs   a1, mtval, zero
core   0: 3 0x0000000080006092 (0x343025f3) x11 0x00000000aa14f2cb
core   0: 0x0000000080006096 (0x14302573) csrrs   a0, stval, zero
core   0: 3 0x0000000080006096 (0x14302573) x10 0x0000000000000000
core   0: 0x000000008000609a (0xb02024f3) csrrs   s1, minstret, zero
core   0: 3 0x000000008000609a (0xb02024f3) x9  0x0000000000000ab8
core   0: 0x000000008000609e (0x0000a811) c.j     pc + 20
core   0: 3 0x000000008000609e (0xa811)
core   0: >>>>  mepc_4
core   0: 0x00000000800060b2 (0x00000791) c.addi  a5, 4
core   0: 3 0x00000000800060b2 (0x0791) x15 0x0000000080004706
core   0: 0x00000000800060b4 (0x34179073) csrrw   zero, mepc, a5
core   0: 3 0x00000000800060b4 (0x34179073) c833_mepc 0x0000000080004706
core   0: 0x00000000800060b8 (0x30200073) mret
core   0: 3 0x00000000800060b8 (0x30200073) c768_mstatus 0x8000000a00106080
core   0: 0x0000000080004706 (0x010bebb3) or      s7, s7, a6
core   0: 1 0x0000000080004706 (0x010bebb3) x23 0x0000000034e21780
core   0: 0x000000008000470a (0xd2048e53) fcvt.d.w ft8, s1
core   0: 1 0x000000008000470a (0xd2048e53) f28 0x40a5700000000000
core   0: 0x000000008000470e (0x23f7aed3) fsgnjx.d ft9, fa5, ft11
core   0: 1 0x000000008000470e (0x23f7aed3) f29 0x7ff8000000000000
core   0: 0x0000000080004712 (0xd23dfdd3) fcvt.d.lu fs11, s11
core   0: exception trap_illegal_instruction, epc 0x0000000080004712
core   0:           tval 0x00000000d23dfdd3
core   0: >>>>  $xrv64i2p1_m2p0_a2p1_f2p2_d2p2_zicsr2p0_zifencei2p0_zmmul1p0_zba1p0_zbb1p0_zbc1p0_zbs1p0
core   0: 0x0000000080004000 (0x0080006f) j       pc + 0x8
core   0: 3 0x0000000080004000 (0x0080006f)
core   0: >>>>  mmode_exception_handler
core   0: 0x0000000080004008 (0x00002c17) auipc   s8, 0x2
core   0: 3 0x0000000080004008 (0x00002c17) x24 0x0000000080006008
core   0: 0x000000008000400c (0x076c0c13) addi    s8, s8, 118
core   0: 3 0x000000008000400c (0x076c0c13) x24 0x000000008000607e
core   0: 0x0000000080004010 (0x000c00e7) jalr    s8
core   0: 3 0x0000000080004010 (0x000c00e7) x1  0x0000000080004014
core   0: >>>>  any_handler
core   0: 0x000000008000607e (0x341027f3) csrrs   a5, mepc, zero
core   0: 3 0x000000008000607e (0x341027f3) x15 0x0000000080004712
core   0: 0x0000000080006082 (0x34202773) csrrs   a4, mcause, zero
core   0: 3 0x0000000080006082 (0x34202773) x14 0x0000000000000002
core   0: 0x0000000080006086 (0x142026f3) csrrs   a3, scause, zero
core   0: 3 0x0000000080006086 (0x142026f3) x13 0x0000000000000000
core   0: 0x000000008000608a (0x30402673) csrrs   a2, mie, zero
core   0: 3 0x000000008000608a (0x30402673) x12 0x0000000000000a00
core   0: 0x000000008000608e (0x344025f3) csrrs   a1, mip, zero
core   0: 3 0x000000008000608e (0x344025f3) x11 0x0000000000000080
core   0: 0x0000000080006092 (0x343025f3) csrrs   a1, mtval, zero
core   0: 3 0x0000000080006092 (0x343025f3) x11 0x00000000d23dfdd3
core   0: 0x0000000080006096 (0x14302573) csrrs   a0, stval, zero
core   0: 3 0x0000000080006096 (0x14302573) x10 0x0000000000000000
core   0: 0x000000008000609a (0xb02024f3) csrrs   s1, minstret, zero
core   0: 3 0x000000008000609a (0xb02024f3) x9  0x0000000000000acb
core   0: 0x000000008000609e (0x0000a811) c.j     pc + 20
core   0: 3 0x000000008000609e (0xa811)
core   0: >>>>  mepc_4
core   0: 0x00000000800060b2 (0x00000791) c.addi  a5, 4
core   0: 3 0x00000000800060b2 (0x0791) x15 0x0000000080004716
core   0: 0x00000000800060b4 (0x34179073) csrrw   zero, mepc, a5
core   0: 3 0x00000000800060b4 (0x34179073) c833_mepc 0x0000000080004716
core   0: 0x00000000800060b8 (0x30200073) mret
core   0: 3 0x00000000800060b8 (0x30200073) c768_mstatus 0x8000000a00106080
core   0: 0x0000000080004716 (0xc200f9d3) fcvt.w.d s3, ft1
core   0: exception trap_illegal_instruction, epc 0x0000000080004716
core   0:           tval 0x00000000c200f9d3
core   0: >>>>  $xrv64i2p1_m2p0_a2p1_f2p2_d2p2_zicsr2p0_zifencei2p0_zmmul1p0_zba1p0_zbb1p0_zbc1p0_zbs1p0
core   0: 0x0000000080004000 (0x0080006f) j       pc + 0x8
core   0: 3 0x0000000080004000 (0x0080006f)
core   0: >>>>  mmode_exception_handler
core   0: 0x0000000080004008 (0x00002c17) auipc   s8, 0x2
core   0: 3 0x0000000080004008 (0x00002c17) x24 0x0000000080006008
core   0: 0x000000008000400c (0x076c0c13) addi    s8, s8, 118
core   0: 3 0x000000008000400c (0x076c0c13) x24 0x000000008000607e
core   0: 0x0000000080004010 (0x000c00e7) jalr    s8
core   0: 3 0x0000000080004010 (0x000c00e7) x1  0x0000000080004014
core   0: >>>>  any_handler
core   0: 0x000000008000607e (0x341027f3) csrrs   a5, mepc, zero
core   0: 3 0x000000008000607e (0x341027f3) x15 0x0000000080004716
core   0: 0x0000000080006082 (0x34202773) csrrs   a4, mcause, zero
core   0: 3 0x0000000080006082 (0x34202773) x14 0x0000000000000002
core   0: 0x0000000080006086 (0x142026f3) csrrs   a3, scause, zero
core   0: 3 0x0000000080006086 (0x142026f3) x13 0x0000000000000000
core   0: 0x000000008000608a (0x30402673) csrrs   a2, mie, zero
core   0: 3 0x000000008000608a (0x30402673) x12 0x0000000000000a00
core   0: 0x000000008000608e (0x344025f3) csrrs   a1, mip, zero
core   0: 3 0x000000008000608e (0x344025f3) x11 0x0000000000000080
core   0: 0x0000000080006092 (0x343025f3) csrrs   a1, mtval, zero
core   0: 3 0x0000000080006092 (0x343025f3) x11 0x00000000c200f9d3
core   0: 0x0000000080006096 (0x14302573) csrrs   a0, stval, zero
core   0: 3 0x0000000080006096 (0x14302573) x10 0x0000000000000000
core   0: 0x000000008000609a (0xb02024f3) csrrs   s1, minstret, zero
core   0: 3 0x000000008000609a (0xb02024f3) x9  0x0000000000000adb
core   0: 0x000000008000609e (0x0000a811) c.j     pc + 20
core   0: 3 0x000000008000609e (0xa811)
core   0: >>>>  mepc_4
core   0: 0x00000000800060b2 (0x00000791) c.addi  a5, 4
core   0: 3 0x00000000800060b2 (0x0791) x15 0x000000008000471a
core   0: 0x00000000800060b4 (0x34179073) csrrw   zero, mepc, a5
core   0: 3 0x00000000800060b4 (0x34179073) c833_mepc 0x000000008000471a
core   0: 0x00000000800060b8 (0x30200073) mret
core   0: 3 0x00000000800060b8 (0x30200073) c768_mstatus 0x8000000a00106080
core   0: 0x000000008000471a (0xebb0714f) fnmadd.d ft2, ft0, fs11, ft9
core   0: exception trap_illegal_instruction, epc 0x000000008000471a
core   0:           tval 0x00000000ebb0714f
core   0: >>>>  $xrv64i2p1_m2p0_a2p1_f2p2_d2p2_zicsr2p0_zifencei2p0_zmmul1p0_zba1p0_zbb1p0_zbc1p0_zbs1p0
core   0: 0x0000000080004000 (0x0080006f) j       pc + 0x8
core   0: 3 0x0000000080004000 (0x0080006f)
core   0: >>>>  mmode_exception_handler
core   0: 0x0000000080004008 (0x00002c17) auipc   s8, 0x2
core   0: 3 0x0000000080004008 (0x00002c17) x24 0x0000000080006008
core   0: 0x000000008000400c (0x076c0c13) addi    s8, s8, 118
core   0: 3 0x000000008000400c (0x076c0c13) x24 0x000000008000607e
core   0: 0x0000000080004010 (0x000c00e7) jalr    s8
core   0: 3 0x0000000080004010 (0x000c00e7) x1  0x0000000080004014
core   0: >>>>  any_handler
core   0: 0x000000008000607e (0x341027f3) csrrs   a5, mepc, zero
core   0: 3 0x000000008000607e (0x341027f3) x15 0x000000008000471a
core   0: 0x0000000080006082 (0x34202773) csrrs   a4, mcause, zero
core   0: 3 0x0000000080006082 (0x34202773) x14 0x0000000000000002
core   0: 0x0000000080006086 (0x142026f3) csrrs   a3, scause, zero
core   0: 3 0x0000000080006086 (0x142026f3) x13 0x0000000000000000
core   0: 0x000000008000608a (0x30402673) csrrs   a2, mie, zero
core   0: 3 0x000000008000608a (0x30402673) x12 0x0000000000000a00
core   0: 0x000000008000608e (0x344025f3) csrrs   a1, mip, zero
core   0: 3 0x000000008000608e (0x344025f3) x11 0x0000000000000080
core   0: 0x0000000080006092 (0x343025f3) csrrs   a1, mtval, zero
core   0: 3 0x0000000080006092 (0x343025f3) x11 0x00000000ebb0714f
core   0: 0x0000000080006096 (0x14302573) csrrs   a0, stval, zero
core   0: 3 0x0000000080006096 (0x14302573) x10 0x0000000000000000
core   0: 0x000000008000609a (0xb02024f3) csrrs   s1, minstret, zero
core   0: 3 0x000000008000609a (0xb02024f3) x9  0x0000000000000aeb
core   0: 0x000000008000609e (0x0000a811) c.j     pc + 20
core   0: 3 0x000000008000609e (0xa811)
core   0: >>>>  mepc_4
core   0: 0x00000000800060b2 (0x00000791) c.addi  a5, 4
core   0: 3 0x00000000800060b2 (0x0791) x15 0x000000008000471e
core   0: 0x00000000800060b4 (0x34179073) csrrw   zero, mepc, a5
core   0: 3 0x00000000800060b4 (0x34179073) c833_mepc 0x000000008000471e
core   0: 0x00000000800060b8 (0x30200073) mret
core   0: 3 0x00000000800060b8 (0x30200073) c768_mstatus 0x8000000a00106080
core   0: 0x000000008000471e (0x01c9d833) srl     a6, s3, t3
core   0: 1 0x000000008000471e (0x01c9d833) x16 0x7fffffffffffffff
core   0: 0x0000000080004722 (0x00000001) c.nop
core   0: 1 0x0000000080004722 (0x0001)
core   0: 0x0000000080004724 (0x0357fe53) fadd.d  ft8, fa5, fs5
core   0: exception trap_illegal_instruction, epc 0x0000000080004724
core   0:           tval 0x000000000357fe53
core   0: >>>>  $xrv64i2p1_m2p0_a2p1_f2p2_d2p2_zicsr2p0_zifencei2p0_zmmul1p0_zba1p0_zbb1p0_zbc1p0_zbs1p0
core   0: 0x0000000080004000 (0x0080006f) j       pc + 0x8
core   0: 3 0x0000000080004000 (0x0080006f)
core   0: >>>>  mmode_exception_handler
core   0: 0x0000000080004008 (0x00002c17) auipc   s8, 0x2
core   0: 3 0x0000000080004008 (0x00002c17) x24 0x0000000080006008
core   0: 0x000000008000400c (0x076c0c13) addi    s8, s8, 118
core   0: 3 0x000000008000400c (0x076c0c13) x24 0x000000008000607e
core   0: 0x0000000080004010 (0x000c00e7) jalr    s8
core   0: 3 0x0000000080004010 (0x000c00e7) x1  0x0000000080004014
core   0: >>>>  any_handler
core   0: 0x000000008000607e (0x341027f3) csrrs   a5, mepc, zero
core   0: 3 0x000000008000607e (0x341027f3) x15 0x0000000080004724
core   0: 0x0000000080006082 (0x34202773) csrrs   a4, mcause, zero
core   0: 3 0x0000000080006082 (0x34202773) x14 0x0000000000000002
core   0: 0x0000000080006086 (0x142026f3) csrrs   a3, scause, zero
core   0: 3 0x0000000080006086 (0x142026f3) x13 0x0000000000000000
core   0: 0x000000008000608a (0x30402673) csrrs   a2, mie, zero
core   0: 3 0x000000008000608a (0x30402673) x12 0x0000000000000a00
core   0: 0x000000008000608e (0x344025f3) csrrs   a1, mip, zero
core   0: 3 0x000000008000608e (0x344025f3) x11 0x0000000000000080
core   0: 0x0000000080006092 (0x343025f3) csrrs   a1, mtval, zero
core   0: 3 0x0000000080006092 (0x343025f3) x11 0x000000000357fe53
core   0: 0x0000000080006096 (0x14302573) csrrs   a0, stval, zero
core   0: 3 0x0000000080006096 (0x14302573) x10 0x0000000000000000
core   0: 0x000000008000609a (0xb02024f3) csrrs   s1, minstret, zero
core   0: 3 0x000000008000609a (0xb02024f3) x9  0x0000000000000afd
core   0: 0x000000008000609e (0x0000a811) c.j     pc + 20
core   0: 3 0x000000008000609e (0xa811)
core   0: >>>>  mepc_4
core   0: 0x00000000800060b2 (0x00000791) c.addi  a5, 4
core   0: 3 0x00000000800060b2 (0x0791) x15 0x0000000080004728
core   0: 0x00000000800060b4 (0x34179073) csrrw   zero, mepc, a5
core   0: 3 0x00000000800060b4 (0x34179073) c833_mepc 0x0000000080004728
core   0: 0x00000000800060b8 (0x30200073) mret
core   0: 3 0x00000000800060b8 (0x30200073) c768_mstatus 0x8000000a00106080
core   0: 0x0000000080004728 (0xfee4d4b7) lui     s1, 0xfee4d
core   0: 1 0x0000000080004728 (0xfee4d4b7) x9  0xfffffffffee4d000
core   0: 0x000000008000472c (0xcab4849b) addiw   s1, s1, -853
core   0: 1 0x000000008000472c (0xcab4849b) x9  0xfffffffffee4ccab
core   0: 0x0000000080004730 (0x000004ba) c.slli  s1, 14
core   0: 1 0x0000000080004730 (0x04ba) x9  0xffffffb9332ac000
core   0: 0x0000000080004732 (0x68048493) addi    s1, s1, 1664
core   0: 1 0x0000000080004732 (0x68048493) x9  0xffffffb9332ac680
core   0: 0x0000000080004736 (0x43315d13) srai    s10, sp, 51
core   0: 1 0x0000000080004736 (0x43315d13) x26 0xffffffffffffffff
core   0: 0x000000008000473a (0x054c7437) lui     s0, 0x54c7
core   0: 1 0x000000008000473a (0x054c7437) x8  0x00000000054c7000
core   0: 0x000000008000473e (0xddf4041b) addiw   s0, s0, -545
core   0: 1 0x000000008000473e (0xddf4041b) x8  0x00000000054c6ddf
core   0: 0x0000000080004742 (0x00000432) c.slli  s0, 12
core   0: 1 0x0000000080004742 (0x0432) x8  0x00000054c6ddf000
core   0: 0x0000000080004744 (0x97d40413) addi    s0, s0, -1667
core   0: 1 0x0000000080004744 (0x97d40413) x8  0x00000054c6dde97d
core   0: 0x0000000080004748 (0x03d696b3) mulh    a3, a3, t4
core   0: 1 0x0000000080004748 (0x03d696b3) x13 0x0000000000000000
core   0: 0x000000008000474c (0x01445d1b) srliw   s10, s0, 20
core   0: 1 0x000000008000474c (0x01445d1b) x26 0x0000000000000c6d
core   0: 0x0000000080004750 (0xc02e72d3) fcvt.l.s t0, ft8
core   0: exception trap_illegal_instruction, epc 0x0000000080004750
core   0:           tval 0x00000000c02e72d3
core   0: >>>>  $xrv64i2p1_m2p0_a2p1_f2p2_d2p2_zicsr2p0_zifencei2p0_zmmul1p0_zba1p0_zbb1p0_zbc1p0_zbs1p0
core   0: 0x0000000080004000 (0x0080006f) j       pc + 0x8
core   0: 3 0x0000000080004000 (0x0080006f)
core   0: >>>>  mmode_exception_handler
core   0: 0x0000000080004008 (0x00002c17) auipc   s8, 0x2
core   0: 3 0x0000000080004008 (0x00002c17) x24 0x0000000080006008
core   0: 0x000000008000400c (0x076c0c13) addi    s8, s8, 118
core   0: 3 0x000000008000400c (0x076c0c13) x24 0x000000008000607e
core   0: 0x0000000080004010 (0x000c00e7) jalr    s8
core   0: 3 0x0000000080004010 (0x000c00e7) x1  0x0000000080004014
core   0: >>>>  any_handler
core   0: 0x000000008000607e (0x341027f3) csrrs   a5, mepc, zero
core   0: 3 0x000000008000607e (0x341027f3) x15 0x0000000080004750
core   0: 0x0000000080006082 (0x34202773) csrrs   a4, mcause, zero
core   0: 3 0x0000000080006082 (0x34202773) x14 0x0000000000000002
core   0: 0x0000000080006086 (0x142026f3) csrrs   a3, scause, zero
core   0: 3 0x0000000080006086 (0x142026f3) x13 0x0000000000000000
core   0: 0x000000008000608a (0x30402673) csrrs   a2, mie, zero
core   0: 3 0x000000008000608a (0x30402673) x12 0x0000000000000a00
core   0: 0x000000008000608e (0x344025f3) csrrs   a1, mip, zero
core   0: 3 0x000000008000608e (0x344025f3) x11 0x0000000000000080
core   0: 0x0000000080006092 (0x343025f3) csrrs   a1, mtval, zero
core   0: 3 0x0000000080006092 (0x343025f3) x11 0x00000000c02e72d3
core   0: 0x0000000080006096 (0x14302573) csrrs   a0, stval, zero
core   0: 3 0x0000000080006096 (0x14302573) x10 0x0000000000000000
core   0: 0x000000008000609a (0xb02024f3) csrrs   s1, minstret, zero
core   0: 3 0x000000008000609a (0xb02024f3) x9  0x0000000000000b18
core   0: 0x000000008000609e (0x0000a811) c.j     pc + 20
core   0: 3 0x000000008000609e (0xa811)
core   0: >>>>  mepc_4
core   0: 0x00000000800060b2 (0x00000791) c.addi  a5, 4
core   0: 3 0x00000000800060b2 (0x0791) x15 0x0000000080004754
core   0: 0x00000000800060b4 (0x34179073) csrrw   zero, mepc, a5
core   0: 3 0x00000000800060b4 (0x34179073) c833_mepc 0x0000000080004754
core   0: 0x00000000800060b8 (0x30200073) mret
core   0: 3 0x00000000800060b8 (0x30200073) c768_mstatus 0x8000000a00106080
core   0: 0x0000000080004754 (0xa2fe1d53) flt.d   s10, ft8, fa5
core   0: 1 0x0000000080004754 (0xa2fe1d53) c1_fflags 0x0000000000000011 x26 0x0000000000000000
core   0: 0x0000000080004758 (0x03ce7853) fadd.d  fa6, ft8, ft8
core   0: exception trap_illegal_instruction, epc 0x0000000080004758
core   0:           tval 0x0000000003ce7853
core   0: >>>>  $xrv64i2p1_m2p0_a2p1_f2p2_d2p2_zicsr2p0_zifencei2p0_zmmul1p0_zba1p0_zbb1p0_zbc1p0_zbs1p0
core   0: 0x0000000080004000 (0x0080006f) j       pc + 0x8
core   0: 3 0x0000000080004000 (0x0080006f)
core   0: >>>>  mmode_exception_handler
core   0: 0x0000000080004008 (0x00002c17) auipc   s8, 0x2
core   0: 3 0x0000000080004008 (0x00002c17) x24 0x0000000080006008
core   0: 0x000000008000400c (0x076c0c13) addi    s8, s8, 118
core   0: 3 0x000000008000400c (0x076c0c13) x24 0x000000008000607e
core   0: 0x0000000080004010 (0x000c00e7) jalr    s8
core   0: 3 0x0000000080004010 (0x000c00e7) x1  0x0000000080004014
core   0: >>>>  any_handler
core   0: 0x000000008000607e (0x341027f3) csrrs   a5, mepc, zero
core   0: 3 0x000000008000607e (0x341027f3) x15 0x0000000080004758
core   0: 0x0000000080006082 (0x34202773) csrrs   a4, mcause, zero
core   0: 3 0x0000000080006082 (0x34202773) x14 0x0000000000000002
core   0: 0x0000000080006086 (0x142026f3) csrrs   a3, scause, zero
core   0: 3 0x0000000080006086 (0x142026f3) x13 0x0000000000000000
core   0: 0x000000008000608a (0x30402673) csrrs   a2, mie, zero
core   0: 3 0x000000008000608a (0x30402673) x12 0x0000000000000a00
core   0: 0x000000008000608e (0x344025f3) csrrs   a1, mip, zero
core   0: 3 0x000000008000608e (0x344025f3) x11 0x0000000000000080
core   0: 0x0000000080006092 (0x343025f3) csrrs   a1, mtval, zero
core   0: 3 0x0000000080006092 (0x343025f3) x11 0x0000000003ce7853
core   0: 0x0000000080006096 (0x14302573) csrrs   a0, stval, zero
core   0: 3 0x0000000080006096 (0x14302573) x10 0x0000000000000000
core   0: 0x000000008000609a (0xb02024f3) csrrs   s1, minstret, zero
core   0: 3 0x000000008000609a (0xb02024f3) x9  0x0000000000000b29
core   0: 0x000000008000609e (0x0000a811) c.j     pc + 20
core   0: 3 0x000000008000609e (0xa811)
core   0: >>>>  mepc_4
core   0: 0x00000000800060b2 (0x00000791) c.addi  a5, 4
core   0: 3 0x00000000800060b2 (0x0791) x15 0x000000008000475c
core   0: 0x00000000800060b4 (0x34179073) csrrw   zero, mepc, a5
core   0: 3 0x00000000800060b4 (0x34179073) c833_mepc 0x000000008000475c
core   0: 0x00000000800060b8 (0x30200073) mret
core   0: 3 0x00000000800060b8 (0x30200073) c768_mstatus 0x8000000a00106080
core   0: 0x000000008000475c (0x00a4929b) slliw   t0, s1, 10
core   0: 1 0x000000008000475c (0x00a4929b) x5  0x00000000002ca400
core   0: 0x0000000080004760 (0x005798bb) sllw    a7, a5, t0
core   0: 1 0x0000000080004760 (0x005798bb) x17 0xffffffff8000475c
core   0: 0x0000000080004764 (0x4172db9b) sraiw   s7, t0, 23
core   0: 1 0x0000000080004764 (0x4172db9b) x23 0x0000000000000000
core   0: 0x0000000080004768 (0x23ce0bd3) fsgnj.d fs7, ft8, ft8
core   0: 1 0x0000000080004768 (0x23ce0bd3) f23 0x40a5700000000000
core   0: 0x000000008000476c (0x00a27533) and     a0, tp, a0
core   0: 1 0x000000008000476c (0x00a27533) x10 0x0000000000000000
core   0: 0x0000000080004770 (0x7d37f793) andi    a5, a5, 2003
core   0: 1 0x0000000080004770 (0x7d37f793) x15 0x0000000000000750
core   0: 0x0000000080004774 (0xd032f5d3) fcvt.s.lu fa1, t0
core   0: exception trap_illegal_instruction, epc 0x0000000080004774
core   0:           tval 0x00000000d032f5d3
core   0: >>>>  $xrv64i2p1_m2p0_a2p1_f2p2_d2p2_zicsr2p0_zifencei2p0_zmmul1p0_zba1p0_zbb1p0_zbc1p0_zbs1p0
core   0: 0x0000000080004000 (0x0080006f) j       pc + 0x8
core   0: 3 0x0000000080004000 (0x0080006f)
core   0: >>>>  mmode_exception_handler
core   0: 0x0000000080004008 (0x00002c17) auipc   s8, 0x2
core   0: 3 0x0000000080004008 (0x00002c17) x24 0x0000000080006008
core   0: 0x000000008000400c (0x076c0c13) addi    s8, s8, 118
core   0: 3 0x000000008000400c (0x076c0c13) x24 0x000000008000607e
core   0: 0x0000000080004010 (0x000c00e7) jalr    s8
core   0: 3 0x0000000080004010 (0x000c00e7) x1  0x0000000080004014
core   0: >>>>  any_handler
core   0: 0x000000008000607e (0x341027f3) csrrs   a5, mepc, zero
core   0: 3 0x000000008000607e (0x341027f3) x15 0x0000000080004774
core   0: 0x0000000080006082 (0x34202773) csrrs   a4, mcause, zero
core   0: 3 0x0000000080006082 (0x34202773) x14 0x0000000000000002
core   0: 0x0000000080006086 (0x142026f3) csrrs   a3, scause, zero
core   0: 3 0x0000000080006086 (0x142026f3) x13 0x0000000000000000
core   0: 0x000000008000608a (0x30402673) csrrs   a2, mie, zero
core   0: 3 0x000000008000608a (0x30402673) x12 0x0000000000000a00
core   0: 0x000000008000608e (0x344025f3) csrrs   a1, mip, zero
core   0: 3 0x000000008000608e (0x344025f3) x11 0x0000000000000080
core   0: 0x0000000080006092 (0x343025f3) csrrs   a1, mtval, zero
core   0: 3 0x0000000080006092 (0x343025f3) x11 0x00000000d032f5d3
core   0: 0x0000000080006096 (0x14302573) csrrs   a0, stval, zero
core   0: 3 0x0000000080006096 (0x14302573) x10 0x0000000000000000
core   0: 0x000000008000609a (0xb02024f3) csrrs   s1, minstret, zero
core   0: 3 0x000000008000609a (0xb02024f3) x9  0x0000000000000b3f
core   0: 0x000000008000609e (0x0000a811) c.j     pc + 20
core   0: 3 0x000000008000609e (0xa811)
core   0: >>>>  mepc_4
core   0: 0x00000000800060b2 (0x00000791) c.addi  a5, 4
core   0: 3 0x00000000800060b2 (0x0791) x15 0x0000000080004778
core   0: 0x00000000800060b4 (0x34179073) csrrw   zero, mepc, a5
core   0: 3 0x00000000800060b4 (0x34179073) c833_mepc 0x0000000080004778
core   0: 0x00000000800060b8 (0x30200073) mret
core   0: 3 0x00000000800060b8 (0x30200073) c768_mstatus 0x8000000a00106080
core   0: 0x0000000080004778 (0xd2178dd3) fcvt.d.wu fs11, a5
core   0: 1 0x0000000080004778 (0xd2178dd3) f27 0x41e00008ef000000
core   0: 0x000000008000477c (0x00202ef3) csrrs   t4, frm, zero
core   0: 1 0x000000008000477c (0x00202ef3) x29 0x0000000000000007
core   0: 0x0000000080004780 (0x00f784b3) add     s1, a5, a5
core   0: 1 0x0000000080004780 (0x00f784b3) x9  0x0000000100008ef0
core   0: 0x0000000080004784 (0x01d0a2b3) slt     t0, ra, t4
core   0: 1 0x0000000080004784 (0x01d0a2b3) x5  0x0000000000000000
core   0: 0x0000000080004788 (0x0099911b) slliw   sp, s3, 9
core   0: 1 0x0000000080004788 (0x0099911b) x2  0xfffffffffffffe00
core   0: 0x000000008000478c (0x41d95d1b) sraiw   s10, s2, 29
core   0: 1 0x000000008000478c (0x41d95d1b) x26 0x0000000000000000
core   0: 0x0000000080004790 (0x00542737) lui     a4, 0x542
core   0: 1 0x0000000080004790 (0x00542737) x14 0x0000000000542000
core   0: 0x0000000080004794 (0x5f97071b) addiw   a4, a4, 1529
core   0: 1 0x0000000080004794 (0x5f97071b) x14 0x00000000005425f9
core   0: 0x0000000080004798 (0x0000073e) c.slli  a4, 15
core   0: 1 0x0000000080004798 (0x073e) x14 0x0000002a12fc8000
core   0: 0x000000008000479a (0xc7a70713) addi    a4, a4, -902
core   0: 1 0x000000008000479a (0xc7a70713) x14 0x0000002a12fc7c7a
core   0: 0x000000008000479e (0x40125c9b) sraiw   s9, tp, 1
core   0: 1 0x000000008000479e (0x40125c9b) x25 0x0000000000000000
core   0: 0x00000000800047a2 (0x22f40ad3) fsgnj.d fs5, fs0, fa5
core   0: 1 0x00000000800047a2 (0x22f40ad3) f21 0x0000000000000000
core   0: 0x00000000800047a6 (0x002719f3) csrrw   s3, frm, a4
core   0: 1 0x00000000800047a6 (0x002719f3) x19 0x0000000000000007 c2_frm 0x0000000000000002
core   0: 0x00000000800047aa (0x403b0a1b) addiw   s4, s6, 1027
core   0: 1 0x00000000800047aa (0x403b0a1b) x20 0x0000000000000403
core   0: 0x00000000800047ae (0x022c09b3) mul     s3, s8, sp
core   0: 1 0x00000000800047ae (0x022c09b3) x19 0xfffffeffff3f0400
core   0: 0x00000000800047b2 (0x03f25b13) srli    s6, tp, 63
core   0: 1 0x00000000800047b2 (0x03f25b13) x22 0x0000000000000000
core   0: 0x00000000800047b6 (0xa69bca93) xori    s5, s7, -1431
core   0: 1 0x00000000800047b6 (0xa69bca93) x21 0xfffffffffffffa69
core   0: 0x00000000800047ba (0x034a813b) mulw    sp, s5, s4
core   0: 1 0x00000000800047ba (0x034a813b) x2  0xffffffffffe9933b
core   0: 0x00000000800047be (0xd2020c53) fcvt.d.w fs8, tp
core   0: 1 0x00000000800047be (0xd2020c53) f24 0x0000000000000000
core   0: 0x00000000800047c2 (0xc234fcd3) fcvt.lu.d s9, fs1
core   0: 1 0x00000000800047c2 (0xc234fcd3) c1_fflags 0x0000000000000011 x25 0xffffffffffffffff
core   0: 0x00000000800047c6 (0x039cf633) remu    a2, s9, s9
core   0: 1 0x00000000800047c6 (0x039cf633) x12 0x0000000000000000
core   0: 0x00000000800047ca (0x00000001) c.nop
core   0: 1 0x00000000800047ca (0x0001)
core   0: 0x00000000800047cc (0x526e75c3) fmadd.d fa1, ft8, ft6, fa0
core   0: 1 0x00000000800047cc (0x526e75c3) f11 0x7ff8000000000000
core   0: 0x00000000800047d0 (0x520bf217) auipc   tp, 0x520bf
core   0: 1 0x00000000800047d0 (0x520bf217) x4  0x00000000d20c37d0
core   0: 0x00000000800047d4 (0x8e060b97) auipc   s7, 0x8e060
core   0: 1 0x00000000800047d4 (0x8e060b97) x23 0x000000000e0647d4
core   0: 0x00000000800047d8 (0x010ec1b3) xor     gp, t4, a6
core   0: 1 0x00000000800047d8 (0x010ec1b3) x3  0x7ffffffffffffff8
core   0: 0x00000000800047dc (0xc2157cd3) fcvt.wu.d s9, fa0
core   0: 1 0x00000000800047dc (0xc2157cd3) x25 0x0000000000000000
core   0: 0x00000000800047e0 (0x2a0582d3) fmin.d  ft5, fa1, ft0
core   0: 1 0x00000000800047e0 (0x2a0582d3) f5  0x7ff8000000000000
core   0: 0x00000000800047e4 (0x5a08f2d3) fsqrt.d ft5, fa7
core   0: 1 0x00000000800047e4 (0x5a08f2d3) f5  0x7ff8000000000000
core   0: 0x00000000800047e8 (0x41b28abb) subw    s5, t0, s11
core   0: 1 0x00000000800047e8 (0x41b28abb) x21 0x0000000000000000
core   0: 0x00000000800047ec (0x237d9bd3) fsgnjn.d fs7, fs11, fs7
core   0: 1 0x00000000800047ec (0x237d9bd3) f23 0xc1e00008ef000000
core   0: 0x00000000800047f0 (0x00000001) c.nop
core   0: 1 0x00000000800047f0 (0x0001)
core   0: 0x00000000800047f2 (0xc021fbd3) fcvt.l.s s7, ft3
core   0: 1 0x00000000800047f2 (0xc021fbd3) c1_fflags 0x0000000000000011 x23 0x7fffffffffffffff
core   0: 0x00000000800047f6 (0x0aa87853) fsub.d  fa6, fa6, fa0
core   0: 1 0x00000000800047f6 (0x0aa87853) f16 0x7ff8000000000000
core   0: 0x00000000800047fa (0x42d2d013) srai    zero, t0, 45
core   0: 1 0x00000000800047fa (0x42d2d013)
core   0: 0x00000000800047fe (0x230c0753) fsgnj.d fa4, fs8, fa6
core   0: 1 0x00000000800047fe (0x230c0753) f14 0x0000000000000000
core   0: 0x0000000080004802 (0x02510633) mul     a2, sp, t0
core   0: 1 0x0000000080004802 (0x02510633) x12 0x0000000000000000
core   0: 0x0000000080004806 (0x42068353) fcvt.d.s ft6, fa3
core   0: 1 0x0000000080004806 (0x42068353) f6  0x0000000000000000
core   0: 0x000000008000480a (0x0043c3b3) xor     t2, t2, tp
core   0: 1 0x000000008000480a (0x0043c3b3) x7  0xffffffff2df3c80c
core   0: 0x000000008000480e (0xd22df2d3) fcvt.d.l ft5, s11
core   0: 1 0x000000008000480e (0xd22df2d3) f5  0x0000000000000000
core   0: 0x0000000080004812 (0x40005c13) srai    s8, zero, 0
core   0: 1 0x0000000080004812 (0x40005c13) x24 0x0000000000000000
core   0: 0x0000000080004816 (0x126bfbd3) fmul.d  fs7, fs7, ft6
core   0: 1 0x0000000080004816 (0x126bfbd3) f23 0x8000000000000000
core   0: 0x000000008000481a (0x01b38133) add     sp, t2, s11
core   0: 1 0x000000008000481a (0x01b38133) x2  0xffffffff2df3c80c
core   0: 0x000000008000481e (0x028e5293) srli    t0, t3, 40
core   0: 1 0x000000008000481e (0x028e5293) x5  0x0000000000000000
core   0: 0x0000000080004822 (0x02421eb3) mulh    t4, tp, tp
core   0: 1 0x0000000080004822 (0x02421eb3) x29 0x0000000000000000
core   0: 0x0000000080004826 (0x029eedbb) remw    s11, t4, s1
core   0: 1 0x0000000080004826 (0x029eedbb) x27 0x0000000000000000
core   0: 0x000000008000482a (0x00a19abb) sllw    s5, gp, a0
core   0: 1 0x000000008000482a (0x00a19abb) x21 0xfffffffffffffff8
core   0: 0x000000008000482e (0x32df79c7) fmsub.d fs3, ft10, fa3, ft6
core   0: 1 0x000000008000482e (0x32df79c7) f19 0x7ff8000000000000
core   0: 0x0000000080004832 (0x03b23933) mulhu   s2, tp, s11
core   0: 1 0x0000000080004832 (0x03b23933) x18 0x0000000000000000
core   0: 0x0000000080004836 (0x006efd37) lui     s10, 0x6ef
core   0: 1 0x0000000080004836 (0x006efd37) x26 0x00000000006ef000
core   0: 0x000000008000483a (0xfdfd0d1b) addiw   s10, s10, -33
core   0: 1 0x000000008000483a (0xfdfd0d1b) x26 0x00000000006eefdf
core   0: 0x000000008000483e (0x00000d36) c.slli  s10, 13
core   0: 1 0x000000008000483e (0x0d36) x26 0x0000000dddfbe000
core   0: 0x0000000080004840 (0x2bed0d13) addi    s10, s10, 702
core   0: 1 0x0000000080004840 (0x2bed0d13) x26 0x0000000dddfbe2be
core   0: 0x0000000080004844 (0x7ffb7e13) andi    t3, s6, 2047
core   0: 1 0x0000000080004844 (0x7ffb7e13) x28 0x0000000000000000
core   0: 0x0000000080004848 (0x0ff0000f) fence   iorw,iorw
core   0: 1 0x0000000080004848 (0x0ff0000f)
core   0: 0x000000008000484c (0x029964bb) remw    s1, s2, s1
core   0: 1 0x000000008000484c (0x029964bb) x9  0x0000000000000000
core   0: 0x0000000080004850 (0x224e22d3) fsgnjx.d ft5, ft8, ft4
core   0: 1 0x0000000080004850 (0x224e22d3) f5  0x40a5700000000000
core   0: 0x0000000080004854 (0x0000906d) c.srli  s0, 59
core   0: 1 0x0000000080004854 (0x906d) x8  0x0000000000000000
core   0: 0x0000000080004856 (0x8f766a93) ori     s5, a2, -1801
core   0: 1 0x0000000080004856 (0x8f766a93) x21 0xfffffffffffff8f7
core   0: 0x000000008000485a (0x41a80233) sub     tp, a6, s10
core   0: 1 0x000000008000485a (0x41a80233) x4  0x7ffffff222041d41
core   0: 0x000000008000485e (0x00e8971b) slliw   a4, a7, 14
core   0: 1 0x000000008000485e (0x00e8971b) x14 0x0000000011d70000
core   0: 0x0000000080004862 (0x648326b7) lui     a3, 0x64832
core   0: 1 0x0000000080004862 (0x648326b7) x13 0x0000000064832000
core   0: 0x0000000080004866 (0x22422a53) fsgnjx.d fs4, ft4, ft4
core   0: 1 0x0000000080004866 (0x22422a53) f20 0x0000000000000000
core   0: 0x000000008000486a (0xa3ae82d3) fle.d   t0, ft9, fs10
core   0: 1 0x000000008000486a (0xa3ae82d3) c1_fflags 0x0000000000000011 x5  0x0000000000000000
core   0: 0x000000008000486e (0x4009d83b) sraw    a6, s3, zero
core   0: 1 0x000000008000486e (0x4009d83b) x16 0xffffffffff3f0400
core   0: 0x0000000080004872 (0xc20ef5d3) fcvt.w.d a1, ft9
core   0: 1 0x0000000080004872 (0xc20ef5d3) c1_fflags 0x0000000000000011 x11 0x000000007fffffff
core   0: 0x0000000080004876 (0x017b96bb) sllw    a3, s7, s7
core   0: 1 0x0000000080004876 (0x017b96bb) x13 0xffffffff80000000
core   0: 0x000000008000487a (0xe26e7e4f) fnmadd.d ft8, ft8, ft6, ft8
core   0: 1 0x000000008000487a (0xe26e7e4f) f28 0xc0a5700000000000
core   0: 0x000000008000487e (0x41dd5993) srai    s3, s10, 29
core   0: 1 0x000000008000487e (0x41dd5993) x19 0x000000000000006e
core   0: 0x0000000080004882 (0x40d2d593) srai    a1, t0, 13
core   0: 1 0x0000000080004882 (0x40d2d593) x11 0x0000000000000000
core   0: 0x0000000080004886 (0xd0217ad3) fcvt.s.l fs5, sp
core   0: 1 0x0000000080004886 (0xd0217ad3) c1_fflags 0x0000000000000011 f21 0xffffffffcf520c38
core   0: 0x000000008000488a (0x00102d73) csrrs   s10, fflags, zero
core   0: 1 0x000000008000488a (0x00102d73) x26 0x0000000000000011
core   0: 0x000000008000488e (0x226a2a53) fsgnjx.d fs4, fs4, ft6
core   0: 1 0x000000008000488e (0x226a2a53) f20 0x0000000000000000
core   0: 0x0000000080004892 (0x126372d3) fmul.d  ft5, ft6, ft6
core   0: 1 0x0000000080004892 (0x126372d3) f5  0x0000000000000000
core   0: 0x0000000080004896 (0x00484833) xor     a6, a6, tp
core   0: 1 0x0000000080004896 (0x00484833) x16 0x8000000ddd3b1941
core   0: 0x000000008000489a (0x6f19ee93) ori     t4, s3, 1777
core   0: 1 0x000000008000489a (0x6f19ee93) x29 0x00000000000006ff
core   0: 0x000000008000489e (0xd0287953) fcvt.s.l fs2, a6
core   0: 1 0x000000008000489e (0xd0287953) c1_fflags 0x0000000000000011 f18 0xffffffffdf000000
core   0: 0x00000000800048a2 (0x01f71d1b) slliw   s10, a4, 31
core   0: 1 0x00000000800048a2 (0x01f71d1b) x26 0x0000000000000000
core   0: 0x00000000800048a6 (0x000e579b) srliw   a5, t3, 0
core   0: 1 0x00000000800048a6 (0x000e579b) x15 0x0000000000000000
core   0: 0x00000000800048aa (0x00120933) add     s2, tp, ra
core   0: 1 0x00000000800048aa (0x00120933) x18 0x7ffffff2a2045d55
core   0: 0x00000000800048ae (0x000284bb) addw    s1, t0, zero
core   0: 1 0x00000000800048ae (0x000284bb) x9  0x0000000000000000
core   0: 0x00000000800048b2 (0x23220853) fsgnj.d fa6, ft4, fs2
core   0: 1 0x00000000800048b2 (0x23220853) f16 0x8000000000000000
core   0: 0x00000000800048b6 (0xa3280153) fle.d   sp, fa6, fs2
core   0: 1 0x00000000800048b6 (0xa3280153) c1_fflags 0x0000000000000011 x2  0x0000000000000000
core   0: 0x00000000800048ba (0x40f0da33) sra     s4, ra, a5
core   0: 1 0x00000000800048ba (0x40f0da33) x20 0x0000000080004014
core   0: 0x00000000800048be (0x4163da3b) sraw    s4, t2, s6
core   0: 1 0x00000000800048be (0x4163da3b) x20 0x000000002df3c80c
core   0: 0x00000000800048c2 (0x4059003b) subw    zero, s2, t0
core   0: 1 0x00000000800048c2 (0x4059003b)
core   0: 0x00000000800048c6 (0xc0297753) fcvt.l.s a4, fs2
core   0: 1 0x00000000800048c6 (0xc0297753) x14 0x8000000000000000
core   0: 0x00000000800048ca (0xa2e806d3) fle.d   a3, fa6, fa4
core   0: 1 0x00000000800048ca (0xa2e806d3) x13 0x0000000000000001
core   0: 0x00000000800048ce (0x7ff3019b) addiw   gp, t1, 2047
core   0: 1 0x00000000800048ce (0x7ff3019b) x3  0x00000000000007ff
core   0: 0x00000000800048d2 (0xf2070ed3) fmv.d.x ft9, a4
core   0: 1 0x00000000800048d2 (0xf2070ed3) f29 0x8000000000000000
core   0: 0x00000000800048d6 (0xd21c8b53) fcvt.d.wu fs6, s9
core   0: 1 0x00000000800048d6 (0xd21c8b53) f22 0x0000000000000000
core   0: 0x00000000800048da (0x00202c73) csrrs   s8, frm, zero
core   0: 1 0x00000000800048da (0x00202c73) x24 0x0000000000000002
core   0: 0x00000000800048de (0x3260f1c7) fmsub.d ft3, ft1, ft6, ft6
core   0: 1 0x00000000800048de (0x3260f1c7) f3  0x8000000000000000
core   0: 0x00000000800048e2 (0x0063033b) addw    t1, t1, t1
core   0: 1 0x00000000800048e2 (0x0063033b) x6  0x0000000000000000
core   0: 0x00000000800048e6 (0x401b7953) fcvt.s.d fs2, fs6
core   0: 1 0x00000000800048e6 (0x401b7953) f18 0xffffffff00000000
core   0: 0x00000000800048ea (0x020cfb3b) remuw   s6, s9, zero
core   0: 1 0x00000000800048ea (0x020cfb3b) x22 0x0000000000000000
core   0: 0x00000000800048ee (0x00194913) xori    s2, s2, 1
core   0: 1 0x00000000800048ee (0x00194913) x18 0x7ffffff2a2045d54
core   0: 0x00000000800048f2 (0x87d025b7) lui     a1, 0x87d02
core   0: 1 0x00000000800048f2 (0x87d025b7) x11 0xffffffff87d02000
core   0: 0x00000000800048f6 (0x80044b93) xori    s7, s0, -2048
core   0: 1 0x00000000800048f6 (0x80044b93) x23 0xfffffffffffff800
core   0: 0x00000000800048fa (0x03f09993) slli    s3, ra, 63
core   0: 1 0x00000000800048fa (0x03f09993) x19 0x0000000000000000
core   0: 0x00000000800048fe (0x0a1a7a53) fsub.d  fs4, fs4, ft1
core   0: 1 0x00000000800048fe (0x0a1a7a53) f20 0x8000000000000000
core   0: 0x0000000080004902 (0xf1191373) csrrw   t1, mvendorid, s2
core   0: exception trap_illegal_instruction, epc 0x0000000080004902
core   0:           tval 0x00000000f1191373
core   0: >>>>  $xrv64i2p1_m2p0_a2p1_f2p2_d2p2_zicsr2p0_zifencei2p0_zmmul1p0_zba1p0_zbb1p0_zbc1p0_zbs1p0
core   0: 0x0000000080004000 (0x0080006f) j       pc + 0x8
core   0: 3 0x0000000080004000 (0x0080006f)
core   0: >>>>  mmode_exception_handler
core   0: 0x0000000080004008 (0x00002c17) auipc   s8, 0x2
core   0: 3 0x0000000080004008 (0x00002c17) x24 0x0000000080006008
core   0: 0x000000008000400c (0x076c0c13) addi    s8, s8, 118
core   0: 3 0x000000008000400c (0x076c0c13) x24 0x000000008000607e
core   0: 0x0000000080004010 (0x000c00e7) jalr    s8
core   0: 3 0x0000000080004010 (0x000c00e7) x1  0x0000000080004014
core   0: >>>>  any_handler
core   0: 0x000000008000607e (0x341027f3) csrrs   a5, mepc, zero
core   0: 3 0x000000008000607e (0x341027f3) x15 0x0000000080004902
core   0: 0x0000000080006082 (0x34202773) csrrs   a4, mcause, zero
core   0: 3 0x0000000080006082 (0x34202773) x14 0x0000000000000002
core   0: 0x0000000080006086 (0x142026f3) csrrs   a3, scause, zero
core   0: 3 0x0000000080006086 (0x142026f3) x13 0x0000000000000000
core   0: 0x000000008000608a (0x30402673) csrrs   a2, mie, zero
core   0: 3 0x000000008000608a (0x30402673) x12 0x0000000000000a00
core   0: 0x000000008000608e (0x344025f3) csrrs   a1, mip, zero
core   0: 3 0x000000008000608e (0x344025f3) x11 0x0000000000000080
core   0: 0x0000000080006092 (0x343025f3) csrrs   a1, mtval, zero
core   0: 3 0x0000000080006092 (0x343025f3) x11 0x00000000f1191373
core   0: 0x0000000080006096 (0x14302573) csrrs   a0, stval, zero
core   0: 3 0x0000000080006096 (0x14302573) x10 0x0000000000000000
core   0: 0x000000008000609a (0xb02024f3) csrrs   s1, minstret, zero
core   0: 3 0x000000008000609a (0xb02024f3) x9  0x0000000000000bb4
core   0: 0x000000008000609e (0x0000a811) c.j     pc + 20
core   0: 3 0x000000008000609e (0xa811)
core   0: >>>>  mepc_4
core   0: 0x00000000800060b2 (0x00000791) c.addi  a5, 4
core   0: 3 0x00000000800060b2 (0x0791) x15 0x0000000080004906
core   0: 0x00000000800060b4 (0x34179073) csrrw   zero, mepc, a5
core   0: 3 0x00000000800060b4 (0x34179073) c833_mepc 0x0000000080004906
core   0: 0x00000000800060b8 (0x30200073) mret
core   0: 3 0x00000000800060b8 (0x30200073) c768_mstatus 0x8000000a00106080
core   0: 0x0000000080004906 (0x00000001) c.nop
core   0: 1 0x0000000080004906 (0x0001)
core   0: 0x0000000080004908 (0x00202573) csrrs   a0, frm, zero
core   0: 1 0x0000000080004908 (0x00202573) x10 0x0000000000000002
core   0: 0x000000008000490c (0xd02273d3) fcvt.s.l ft7, tp
core   0: 1 0x000000008000490c (0xd02273d3) c1_fflags 0x0000000000000011 f7  0xffffffff5effffff
core   0: 0x0000000080004910 (0x527b7747) fmsub.d fa4, fs6, ft7, fa0
core   0: 1 0x0000000080004910 (0x527b7747) f14 0x7ff8000000000000
core   0: 0x0000000080004914 (0x1068d073) csrrwi  zero, scounteren, 17
core   0: 1 0x0000000080004914 (0x1068d073) c262_scounteren 0x0000000000000000
core   0: 0x0000000080004918 (0x01fb5d9b) srliw   s11, s6, 31
core   0: 1 0x0000000080004918 (0x01fb5d9b) x27 0x0000000000000000
core   0: 0x000000008000491c (0x017a2a33) slt     s4, s4, s7
core   0: 1 0x000000008000491c (0x017a2a33) x20 0x0000000000000000
core   0: 0x0000000080004920 (0x03aba533) mulhsu  a0, s7, s10
core   0: 1 0x0000000080004920 (0x03aba533) x10 0x0000000000000000
core   0: 0x0000000080004924 (0x00000001) c.nop
core   0: 1 0x0000000080004924 (0x0001)
core   0: 0x0000000080004926 (0x02e81013) slli    zero, a6, 46
core   0: 1 0x0000000080004926 (0x02e81013)
core   0: 0x000000008000492a (0x020bfa33) remu    s4, s7, zero
core   0: 1 0x000000008000492a (0x020bfa33) x20 0xfffffffffffff800
core   0: 0x000000008000492e (0x407a573b) sraw    a4, s4, t2
core   0: 1 0x000000008000492e (0x407a573b) x14 0xffffffffffffffff
core   0: 0x0000000080004932 (0x41135233) sra     tp, t1, a7
core   0: 1 0x0000000080004932 (0x41135233) x4  0x0000000000000000
core   0: 0x0000000080004936 (0x420a0653) fcvt.d.s fa2, fs4
core   0: 1 0x0000000080004936 (0x420a0653) f12 0x7ff8000000000000
core   0: 0x000000008000493a (0x02930c33) mul     s8, t1, s1
core   0: 1 0x000000008000493a (0x02930c33) x24 0x0000000000000000
core   0: 0x000000008000493e (0xd2287dd3) fcvt.d.l fs11, a6
core   0: 1 0x000000008000493e (0xd2287dd3) c1_fflags 0x0000000000000011 f27 0xc3dffffffc88b13a
core   0: 0x0000000080004942 (0x40d35713) srai    a4, t1, 13
core   0: 1 0x0000000080004942 (0x40d35713) x14 0x0000000000000000
core   0: 0x0000000080004946 (0x4063dd33) sra     s10, t2, t1
core   0: 1 0x0000000080004946 (0x4063dd33) x26 0xffffffff2df3c80c
core   0: 0x000000008000494a (0x0004d193) srli    gp, s1, 0
core   0: 1 0x000000008000494a (0x0004d193) x3  0x0000000000000bb4
core   0: 0x000000008000494e (0x02b4843b) mulw    s0, s1, a1
core   0: 1 0x000000008000494e (0x02b4843b) x8  0xffffffff99779ddc
core   0: 0x0000000080004952 (0x0005131b) slliw   t1, a0, 0
core   0: 1 0x0000000080004952 (0x0005131b) x6  0x0000000000000000
core   0: 0x0000000080004956 (0x40cad23b) sraw    tp, s5, a2
core   0: 1 0x0000000080004956 (0x40cad23b) x4  0xfffffffffffff8f7
core   0: 0x000000008000495a (0xd21a8553) fcvt.d.wu fa0, s5
core   0: 1 0x000000008000495a (0xd21a8553) f10 0x41efffff1ee00000
core   0: 0x000000008000495e (0x02ca86b3) mul     a3, s5, a2
core   0: 1 0x000000008000495e (0x02ca86b3) x13 0xffffffffffb9a600
core   0: 0x0000000080004962 (0x4138d8bb) sraw    a7, a7, s3
core   0: 1 0x0000000080004962 (0x4138d8bb) x17 0xffffffff8000475c
core   0: 0x0000000080004966 (0x32007773) csrrci  a4, mcountinhibit, 0
core   0: exception trap_illegal_instruction, epc 0x0000000080004966
core   0:           tval 0x0000000032007773
core   0: >>>>  $xrv64i2p1_m2p0_a2p1_f2p2_d2p2_zicsr2p0_zifencei2p0_zmmul1p0_zba1p0_zbb1p0_zbc1p0_zbs1p0
core   0: 0x0000000080004000 (0x0080006f) j       pc + 0x8
core   0: 3 0x0000000080004000 (0x0080006f)
core   0: >>>>  mmode_exception_handler
core   0: 0x0000000080004008 (0x00002c17) auipc   s8, 0x2
core   0: 3 0x0000000080004008 (0x00002c17) x24 0x0000000080006008
core   0: 0x000000008000400c (0x076c0c13) addi    s8, s8, 118
core   0: 3 0x000000008000400c (0x076c0c13) x24 0x000000008000607e
core   0: 0x0000000080004010 (0x000c00e7) jalr    s8
core   0: 3 0x0000000080004010 (0x000c00e7) x1  0x0000000080004014
core   0: >>>>  any_handler
core   0: 0x000000008000607e (0x341027f3) csrrs   a5, mepc, zero
core   0: 3 0x000000008000607e (0x341027f3) x15 0x0000000080004966
core   0: 0x0000000080006082 (0x34202773) csrrs   a4, mcause, zero
core   0: 3 0x0000000080006082 (0x34202773) x14 0x0000000000000002
core   0: 0x0000000080006086 (0x142026f3) csrrs   a3, scause, zero
core   0: 3 0x0000000080006086 (0x142026f3) x13 0x0000000000000000
core   0: 0x000000008000608a (0x30402673) csrrs   a2, mie, zero
core   0: 3 0x000000008000608a (0x30402673) x12 0x0000000000000a00
core   0: 0x000000008000608e (0x344025f3) csrrs   a1, mip, zero
core   0: 3 0x000000008000608e (0x344025f3) x11 0x0000000000000080
core   0: 0x0000000080006092 (0x343025f3) csrrs   a1, mtval, zero
core   0: 3 0x0000000080006092 (0x343025f3) x11 0x0000000032007773
core   0: 0x0000000080006096 (0x14302573) csrrs   a0, stval, zero
core   0: 3 0x0000000080006096 (0x14302573) x10 0x0000000000000000
core   0: 0x000000008000609a (0xb02024f3) csrrs   s1, minstret, zero
core   0: 3 0x000000008000609a (0xb02024f3) x9  0x0000000000000bdd
core   0: 0x000000008000609e (0x0000a811) c.j     pc + 20
core   0: 3 0x000000008000609e (0xa811)
core   0: >>>>  mepc_4
core   0: 0x00000000800060b2 (0x00000791) c.addi  a5, 4
core   0: 3 0x00000000800060b2 (0x0791) x15 0x000000008000496a
core   0: 0x00000000800060b4 (0x34179073) csrrw   zero, mepc, a5
core   0: 3 0x00000000800060b4 (0x34179073) c833_mepc 0x000000008000496a
core   0: 0x00000000800060b8 (0x30200073) mret
core   0: 3 0x00000000800060b8 (0x30200073) c768_mstatus 0x8000000a00106080
core   0: 0x000000008000496a (0x028bf6bb) remuw   a3, s7, s0
core   0: 1 0x000000008000496a (0x028bf6bb) x13 0x0000000066885a24
core   0: 0x000000008000496e (0x02f647b3) div     a5, a2, a5
core   0: 1 0x000000008000496e (0x02f647b3) x15 0x0000000000000000
core   0: 0x0000000080004972 (0x000cdc93) srli    s9, s9, 0
core   0: 1 0x0000000080004972 (0x000cdc93) x25 0x0000000000000000
core   0: 0x0000000080004976 (0x01379a9b) slliw   s5, a5, 19
core   0: 1 0x0000000080004976 (0x01379a9b) x21 0x0000000000000000
core   0: 0x000000008000497a (0x01669433) sll     s0, a3, s6
core   0: 1 0x000000008000497a (0x01669433) x8  0x0000000066885a24
core   0: 0x000000008000497e (0x00079633) sll     a2, a5, zero
core   0: 1 0x000000008000497e (0x00079633) x12 0x0000000000000000
core   0: 0x0000000080004982 (0x02c5753b) remuw   a0, a0, a2
core   0: 1 0x0000000080004982 (0x02c5753b) x10 0x0000000000000000
core   0: 0x0000000080004986 (0x02c5d4bb) divuw   s1, a1, a2
core   0: 1 0x0000000080004986 (0x02c5d4bb) x9  0xffffffffffffffff
core   0: 0x000000008000498a (0x000a5837) lui     a6, 0xa5
core   0: 1 0x000000008000498a (0x000a5837) x16 0x00000000000a5000
core   0: 0x000000008000498e (0x60b8081b) addiw   a6, a6, 1547
core   0: 1 0x000000008000498e (0x60b8081b) x16 0x00000000000a560b
core   0: 0x0000000080004992 (0x0000083a) c.slli  a6, 14
core   0: 1 0x0000000080004992 (0x083a) x16 0x000000029582c000
core   0: 0x0000000080004994 (0x28a80813) addi    a6, a6, 650
core   0: 1 0x0000000080004994 (0x28a80813) x16 0x000000029582c28a
core   0: 0x0000000080004998 (0x225624d3) fsgnjx.d fs1, fa2, ft5
core   0: 1 0x0000000080004998 (0x225624d3) f9  0x7ff8000000000000
core   0: 0x000000008000499c (0x41a858bb) sraw    a7, a6, s10
core   0: 1 0x000000008000499c (0x41a858bb) x17 0xfffffffffff9582c
core   0: 0x00000000800049a0 (0x000d5393) srli    t2, s10, 0
core   0: 1 0x00000000800049a0 (0x000d5393) x7  0xffffffff2df3c80c
core   0: 0x00000000800049a4 (0x03d2e7bb) remw    a5, t0, t4
core   0: 1 0x00000000800049a4 (0x03d2e7bb) x15 0x0000000000000000
core   0: 0x00000000800049a8 (0x44a6f817) auipc   a6, 0x44a6f
core   0: 1 0x00000000800049a8 (0x44a6f817) x16 0x00000000c4a739a8
core   0: 0x00000000800049ac (0x00149473) csrrw   s0, fflags, s1
core   0: 1 0x00000000800049ac (0x00149473) x8  0x0000000000000011 c1_fflags 0x000000000000001f
core   0: 0x00000000800049b0 (0x039a71b3) remu    gp, s4, s9
core   0: 1 0x00000000800049b0 (0x039a71b3) x3  0xfffffffffffff800
core   0: 0x00000000800049b4 (0x00000001) c.nop
core   0: 1 0x00000000800049b4 (0x0001)
core   0: 0x00000000800049b6 (0x43addd93) srai    s11, s11, 58
core   0: 1 0x00000000800049b6 (0x43addd93) x27 0x0000000000000000
core   0: 0x00000000800049ba (0x40b68733) sub     a4, a3, a1
core   0: 1 0x00000000800049ba (0x40b68733) x14 0x000000003487e2b1
core   0: 0x00000000800049be (0x026661bb) remw    gp, a2, t1
core   0: 1 0x00000000800049be (0x026661bb) x3  0x0000000000000000
core   0: 0x00000000800049c2 (0xd026f9d3) fcvt.s.l fs3, a3
core   0: 1 0x00000000800049c2 (0xd026f9d3) c1_fflags 0x000000000000001f f19 0xffffffff4ecd10b4
core   0: 0x00000000800049c6 (0x00071e1b) slliw   t3, a4, 0
core   0: 1 0x00000000800049c6 (0x00071e1b) x28 0x000000003487e2b1
core   0: 0x00000000800049ca (0x026a6333) rem     t1, s4, t1
core   0: 1 0x00000000800049ca (0x026a6333) x6  0xfffffffffffff800
core   0: 0x00000000800049ce (0xd20e0453) fcvt.d.w fs0, t3
core   0: 1 0x00000000800049ce (0xd20e0453) f8  0x41ca43f158800000
core   0: 0x00000000800049d2 (0x019e17b3) sll     a5, t3, s9
core   0: 1 0x00000000800049d2 (0x019e17b3) x15 0x000000003487e2b1
core   0: 0x00000000800049d6 (0x02fe623b) remw    tp, t3, a5
core   0: 1 0x00000000800049d6 (0x02fe623b) x4  0x0000000000000000
core   0: 0x00000000800049da (0xc0287853) fcvt.l.s a6, fa6
core   0: 1 0x00000000800049da (0xc0287853) c1_fflags 0x000000000000001f x16 0x7fffffffffffffff
core   0: 0x00000000800049de (0xc2167753) fcvt.wu.d a4, fa2
core   0: 1 0x00000000800049de (0xc2167753) c1_fflags 0x000000000000001f x14 0xffffffffffffffff
core   0: 0x00000000800049e2 (0x002d0e33) add     t3, s10, sp
core   0: 1 0x00000000800049e2 (0x002d0e33) x28 0xffffffff2df3c80c
core   0: 0x00000000800049e6 (0x409bd5bb) sraw    a1, s7, s1
core   0: 1 0x00000000800049e6 (0x409bd5bb) x11 0xffffffffffffffff
core   0: 0x00000000800049ea (0xd02cf7d3) fcvt.s.l fa5, s9
core   0: 1 0x00000000800049ea (0xd02cf7d3) f15 0xffffffff00000000
core   0: 0x00000000800049ee (0xa2e70253) fle.d   tp, fa4, fa4
core   0: 1 0x00000000800049ee (0xa2e70253) c1_fflags 0x000000000000001f x4  0x0000000000000000
core   0: 0x00000000800049f2 (0x800ecc93) xori    s9, t4, -2048
core   0: 1 0x00000000800049f2 (0x800ecc93) x25 0xfffffffffffffeff
core   0: 0x00000000800049f6 (0x01511c3b) sllw    s8, sp, s5
core   0: 1 0x00000000800049f6 (0x01511c3b) x24 0x0000000000000000
core   0: 0x00000000800049fa (0x01899533) sll     a0, s3, s8
core   0: 1 0x00000000800049fa (0x01899533) x10 0x0000000000000000
core   0: 0x00000000800049fe (0x0000842a) c.mv    s0, a0
core   0: 1 0x00000000800049fe (0x842a) x8  0x0000000000000000
core   0: 0x0000000080004a00 (0x032670b3) remu    ra, a2, s2
core   0: 1 0x0000000080004a00 (0x032670b3) x1  0x0000000000000000
core   0: 0x0000000080004a04 (0x0150991b) slliw   s2, ra, 21
core   0: 1 0x0000000080004a04 (0x0150991b) x18 0x0000000000000000
core   0: 0x0000000080004a08 (0x344b9bf3) csrrw   s7, mip, s7
core   0: exception trap_illegal_instruction, epc 0x0000000080004a08
core   0:           tval 0x00000000344b9bf3
core   0: >>>>  $xrv64i2p1_m2p0_a2p1_f2p2_d2p2_zicsr2p0_zifencei2p0_zmmul1p0_zba1p0_zbb1p0_zbc1p0_zbs1p0
core   0: 0x0000000080004000 (0x0080006f) j       pc + 0x8
core   0: 3 0x0000000080004000 (0x0080006f)
core   0: >>>>  mmode_exception_handler
core   0: 0x0000000080004008 (0x00002c17) auipc   s8, 0x2
core   0: 3 0x0000000080004008 (0x00002c17) x24 0x0000000080006008
core   0: 0x000000008000400c (0x076c0c13) addi    s8, s8, 118
core   0: 3 0x000000008000400c (0x076c0c13) x24 0x000000008000607e
core   0: 0x0000000080004010 (0x000c00e7) jalr    s8
core   0: 3 0x0000000080004010 (0x000c00e7) x1  0x0000000080004014
core   0: >>>>  any_handler
core   0: 0x000000008000607e (0x341027f3) csrrs   a5, mepc, zero
core   0: 3 0x000000008000607e (0x341027f3) x15 0x0000000080004a08
core   0: 0x0000000080006082 (0x34202773) csrrs   a4, mcause, zero
core   0: 3 0x0000000080006082 (0x34202773) x14 0x0000000000000002
core   0: 0x0000000080006086 (0x142026f3) csrrs   a3, scause, zero
core   0: 3 0x0000000080006086 (0x142026f3) x13 0x0000000000000000
core   0: 0x000000008000608a (0x30402673) csrrs   a2, mie, zero
core   0: 3 0x000000008000608a (0x30402673) x12 0x0000000000000a00
core   0: 0x000000008000608e (0x344025f3) csrrs   a1, mip, zero
core   0: 3 0x000000008000608e (0x344025f3) x11 0x0000000000000080
core   0: 0x0000000080006092 (0x343025f3) csrrs   a1, mtval, zero
core   0: 3 0x0000000080006092 (0x343025f3) x11 0x00000000344b9bf3
core   0: 0x0000000080006096 (0x14302573) csrrs   a0, stval, zero
core   0: 3 0x0000000080006096 (0x14302573) x10 0x0000000000000000
core   0: 0x000000008000609a (0xb02024f3) csrrs   s1, minstret, zero
core   0: 3 0x000000008000609a (0xb02024f3) x9  0x0000000000000c16
core   0: 0x000000008000609e (0x0000a811) c.j     pc + 20
core   0: 3 0x000000008000609e (0xa811)
core   0: >>>>  mepc_4
core   0: 0x00000000800060b2 (0x00000791) c.addi  a5, 4
core   0: 3 0x00000000800060b2 (0x0791) x15 0x0000000080004a0c
core   0: 0x00000000800060b4 (0x34179073) csrrw   zero, mepc, a5
core   0: 3 0x00000000800060b4 (0x34179073) c833_mepc 0x0000000080004a0c
core   0: 0x00000000800060b8 (0x30200073) mret
core   0: 3 0x00000000800060b8 (0x30200073) c768_mstatus 0x8000000a00106080
core   0: 0x0000000080004a0c (0x03db9713) slli    a4, s7, 61
core   0: 1 0x0000000080004a0c (0x03db9713) x14 0x0000000000000000
core   0: 0x0000000080004a10 (0x016565b3) or      a1, a0, s6
core   0: 1 0x0000000080004a10 (0x016565b3) x11 0x0000000000000000
core   0: 0x0000000080004a14 (0xe20784d3) fmv.x.d s1, fa5
core   0: 1 0x0000000080004a14 (0xe20784d3) x9  0xffffffff00000000
core   0: 0x0000000080004a18 (0x00409b9b) slliw   s7, ra, 4
core   0: 1 0x0000000080004a18 (0x00409b9b) x23 0x0000000000040140
core   0: 0x0000000080004a1c (0x409bd61b) sraiw   a2, s7, 9
core   0: 1 0x0000000080004a1c (0x409bd61b) x12 0x0000000000000200
core   0: 0x0000000080004a20 (0x41860033) sub     zero, a2, s8
core   0: 1 0x0000000080004a20 (0x41860033)
core   0: 0x0000000080004a24 (0x00000001) c.nop
core   0: 1 0x0000000080004a24 (0x0001)
core   0: 0x0000000080004a26 (0x00000001) c.nop
core   0: 1 0x0000000080004a26 (0x0001)
core   0: 0x0000000080004a28 (0xf77c4893) xori    a7, s8, -137
core   0: 1 0x0000000080004a28 (0xf77c4893) x17 0xffffffff7fff9f09
core   0: 0x0000000080004a2c (0x31a84b13) xori    s6, a6, 794
core   0: 1 0x0000000080004a2c (0x31a84b13) x22 0x7ffffffffffffce5
core   0: 0x0000000080004a30 (0x417b0d3b) subw    s10, s6, s7
core   0: 1 0x0000000080004a30 (0x417b0d3b) x26 0xfffffffffffbfba5
core   0: 0x0000000080004a34 (0xf14b2b73) csrrs   s6, mhartid, s6
core   0: exception trap_illegal_instruction, epc 0x0000000080004a34
core   0:           tval 0x00000000f14b2b73
core   0: >>>>  $xrv64i2p1_m2p0_a2p1_f2p2_d2p2_zicsr2p0_zifencei2p0_zmmul1p0_zba1p0_zbb1p0_zbc1p0_zbs1p0
core   0: 0x0000000080004000 (0x0080006f) j       pc + 0x8
core   0: 3 0x0000000080004000 (0x0080006f)
core   0: >>>>  mmode_exception_handler
core   0: 0x0000000080004008 (0x00002c17) auipc   s8, 0x2
core   0: 3 0x0000000080004008 (0x00002c17) x24 0x0000000080006008
core   0: 0x000000008000400c (0x076c0c13) addi    s8, s8, 118
core   0: 3 0x000000008000400c (0x076c0c13) x24 0x000000008000607e
core   0: 0x0000000080004010 (0x000c00e7) jalr    s8
core   0: 3 0x0000000080004010 (0x000c00e7) x1  0x0000000080004014
core   0: >>>>  any_handler
core   0: 0x000000008000607e (0x341027f3) csrrs   a5, mepc, zero
core   0: 3 0x000000008000607e (0x341027f3) x15 0x0000000080004a34
core   0: 0x0000000080006082 (0x34202773) csrrs   a4, mcause, zero
core   0: 3 0x0000000080006082 (0x34202773) x14 0x0000000000000002
core   0: 0x0000000080006086 (0x142026f3) csrrs   a3, scause, zero
core   0: 3 0x0000000080006086 (0x142026f3) x13 0x0000000000000000
core   0: 0x000000008000608a (0x30402673) csrrs   a2, mie, zero
core   0: 3 0x000000008000608a (0x30402673) x12 0x0000000000000a00
core   0: 0x000000008000608e (0x344025f3) csrrs   a1, mip, zero
core   0: 3 0x000000008000608e (0x344025f3) x11 0x0000000000000080
core   0: 0x0000000080006092 (0x343025f3) csrrs   a1, mtval, zero
core   0: 3 0x0000000080006092 (0x343025f3) x11 0x00000000f14b2b73
core   0: 0x0000000080006096 (0x14302573) csrrs   a0, stval, zero
core   0: 3 0x0000000080006096 (0x14302573) x10 0x0000000000000000
core   0: 0x000000008000609a (0xb02024f3) csrrs   s1, minstret, zero
core   0: 3 0x000000008000609a (0xb02024f3) x9  0x0000000000000c31
core   0: 0x000000008000609e (0x0000a811) c.j     pc + 20
core   0: 3 0x000000008000609e (0xa811)
core   0: >>>>  mepc_4
core   0: 0x00000000800060b2 (0x00000791) c.addi  a5, 4
core   0: 3 0x00000000800060b2 (0x0791) x15 0x0000000080004a38
core   0: 0x00000000800060b4 (0x34179073) csrrw   zero, mepc, a5
core   0: 3 0x00000000800060b4 (0x34179073) c833_mepc 0x0000000080004a38
core   0: 0x00000000800060b8 (0x30200073) mret
core   0: 3 0x00000000800060b8 (0x30200073) c768_mstatus 0x8000000a00106080
core   0: 0x0000000080004a38 (0xc03ef1d3) fcvt.lu.s gp, ft9
core   0: 1 0x0000000080004a38 (0xc03ef1d3) c1_fflags 0x000000000000001f x3  0xffffffffffffffff
core   0: 0x0000000080004a3c (0x01f05b9b) srliw   s7, zero, 31
core   0: 1 0x0000000080004a3c (0x01f05b9b) x23 0x0000000000000000
core   0: 0x0000000080004a40 (0x420181d3) fcvt.d.s ft3, ft3
core   0: 1 0x0000000080004a40 (0x420181d3) f3  0x7ff8000000000000
core   0: 0x0000000080004a44 (0x4013f353) fcvt.s.d ft6, ft7
core   0: 1 0x0000000080004a44 (0x4013f353) f6  0xffffffff7fc00000
core   0: 0x0000000080004a48 (0x13fff7d3) fmul.d  fa5, ft11, ft11
core   0: 1 0x0000000080004a48 (0x13fff7d3) f15 0x7ff8000000000000
core   0: 0x0000000080004a4c (0x0ff0000f) fence   iorw,iorw
core   0: 1 0x0000000080004a4c (0x0ff0000f)
core   0: 0x0000000080004a50 (0x418155bb) sraw    a1, sp, s8
core   0: 1 0x0000000080004a50 (0x418155bb) x11 0x0000000000000000
core   0: 0x0000000080004a54 (0x014baeb3) slt     t4, s7, s4
core   0: 1 0x0000000080004a54 (0x014baeb3) x29 0x0000000000000000
core   0: 0x0000000080004a58 (0x0109999b) slliw   s3, s3, 16
core   0: 1 0x0000000080004a58 (0x0109999b) x19 0x0000000000000000
core   0: 0x0000000080004a5c (0x5c567417) auipc   s0, 0x5c567
core   0: 1 0x0000000080004a5c (0x5c567417) x8  0x00000000dc56ba5c
core   0: 0x0000000080004a60 (0x00000001) c.nop
core   0: 1 0x0000000080004a60 (0x0001)
core   0: 0x0000000080004a62 (0x22631153) fsgnjn.d ft2, ft6, ft6
core   0: 1 0x0000000080004a62 (0x22631153) f2  0x7fffffff7fc00000
core   0: 0x0000000080004a66 (0xc213f2d3) fcvt.wu.d t0, ft7
core   0: 1 0x0000000080004a66 (0xc213f2d3) c1_fflags 0x000000000000001f x5  0xffffffffffffffff
core   0: 0x0000000080004a6a (0x00741a1b) slliw   s4, s0, 7
core   0: 1 0x0000000080004a6a (0x00741a1b) x20 0x000000002b5d2e00
core   0: 0x0000000080004a6e (0x0008f913) andi    s2, a7, 0
core   0: 1 0x0000000080004a6e (0x0008f913) x18 0x0000000000000000
core   0: 0x0000000080004a72 (0xc0337753) fcvt.lu.s a4, ft6
core   0: 1 0x0000000080004a72 (0xc0337753) c1_fflags 0x000000000000001f x14 0xffffffffffffffff
core   0: 0x0000000080004a76 (0x43475793) srai    a5, a4, 52
core   0: 1 0x0000000080004a76 (0x43475793) x15 0xffffffffffffffff
core   0: 0x0000000080004a7a (0x7a2f71c7) fmsub.d ft3, ft10, ft2, fa5
core   0: 1 0x0000000080004a7a (0x7a2f71c7) f3  0x7ff8000000000000
core   0: 0x0000000080004a7e (0x417904b3) sub     s1, s2, s7
core   0: 1 0x0000000080004a7e (0x417904b3) x9  0x0000000000000000
core   0: 0x0000000080004a82 (0x022eaa33) mulhsu  s4, t4, sp
core   0: 1 0x0000000080004a82 (0x022eaa33) x20 0x0000000000000000
core   0: 0x0000000080004a86 (0x03838333) mul     t1, t2, s8
core   0: 1 0x0000000080004a86 (0x03838333) x6  0x96f994da0900f5e8
core   0: 0x0000000080004a8a (0x0349a6b3) mulhsu  a3, s3, s4
core   0: 1 0x0000000080004a8a (0x0349a6b3) x13 0x0000000000000000
core   0: 0x0000000080004a8e (0x13d17ed3) fmul.d  ft9, ft2, ft9
core   0: 1 0x0000000080004a8e (0x13d17ed3) f29 0x7ff8000000000000
core   0: 0x0000000080004a92 (0x00d4903b) sllw    zero, s1, a3
core   0: 1 0x0000000080004a92 (0x00d4903b)
core   0: 0x0000000080004a96 (0x016356bb) srlw    a3, t1, s6
core   0: 1 0x0000000080004a96 (0x016356bb) x13 0x00000000004807af
core   0: 0x0000000080004a9a (0xd036f9d3) fcvt.s.lu fs3, a3
core   0: 1 0x0000000080004a9a (0xd036f9d3) f19 0xffffffff4a900f5e
core   0: 0x0000000080004a9e (0x001024f3) csrrs   s1, fflags, zero
core   0: 1 0x0000000080004a9e (0x001024f3) x9  0x000000000000001f
core   0: 0x0000000080004aa2 (0xa3560853) fle.d   a6, fa2, fs5
core   0: 1 0x0000000080004aa2 (0xa3560853) c1_fflags 0x000000000000001f x16 0x0000000000000000
core   0: 0x0000000080004aa6 (0xa3bd8a53) fle.d   s4, fs11, fs11
core   0: 1 0x0000000080004aa6 (0xa3bd8a53) x20 0x0000000000000001
core   0: 0x0000000080004aaa (0x0115c433) xor     s0, a1, a7
core   0: 1 0x0000000080004aaa (0x0115c433) x8  0xffffffff7fff9f09
core   0: 0x0000000080004aae (0x40320e3b) subw    t3, tp, gp
core   0: 1 0x0000000080004aae (0x40320e3b) x28 0x0000000000000001
core   0: 0x0000000080004ab2 (0x41c90abb) subw    s5, s2, t3
core   0: 1 0x0000000080004ab2 (0x41c90abb) x21 0xffffffffffffffff
core   0: 0x0000000080004ab6 (0xfc62cc93) xori    s9, t0, -58
core   0: 1 0x0000000080004ab6 (0xfc62cc93) x25 0x0000000000000039
core   0: 0x0000000080004aba (0x0ff0000f) fence   iorw,iorw
core   0: 1 0x0000000080004aba (0x0ff0000f)
core   0: 0x0000000080004abe (0x03cb7b33) remu    s6, s6, t3
core   0: 1 0x0000000080004abe (0x03cb7b33) x22 0x0000000000000000
core   0: 0x0000000080004ac2 (0x2bbb8bd3) fmin.d  fs7, fs7, fs11
core   0: 1 0x0000000080004ac2 (0x2bbb8bd3) f23 0xc3dffffffc88b13a
core   0: 0x0000000080004ac6 (0x03cb2233) mulhsu  tp, s6, t3
core   0: 1 0x0000000080004ac6 (0x03cb2233) x4  0x0000000000000000
core   0: 0x0000000080004aca (0x034269b3) rem     s3, tp, s4
core   0: 1 0x0000000080004aca (0x034269b3) x19 0x0000000000000000
core   0: 0x0000000080004ace (0x00b5d3bb) srlw    t2, a1, a1
core   0: 1 0x0000000080004ace (0x00b5d3bb) x7  0x0000000000000000
core   0: 0x0000000080004ad2 (0x00009eee) c.add   t4, s11
core   0: 1 0x0000000080004ad2 (0x9eee) x29 0x0000000000000000
core   0: 0x0000000080004ad4 (0x0666e037) lui     zero, 0x666e
core   0: 1 0x0000000080004ad4 (0x0666e037)
core   0: 0x0000000080004ad8 (0x41d6d6b3) sra     a3, a3, t4
core   0: 1 0x0000000080004ad8 (0x41d6d6b3) x13 0x00000000004807af
core   0: 0x0000000080004adc (0x40f982bb) subw    t0, s3, a5
core   0: 1 0x0000000080004adc (0x40f982bb) x5  0x0000000000000001
core   0: 0x0000000080004ae0 (0x411edd93) srai    s11, t4, 17
core   0: 1 0x0000000080004ae0 (0x411edd93) x27 0x0000000000000000
core   0: 0x0000000080004ae4 (0x4163531b) sraiw   t1, t1, 22
core   0: 1 0x0000000080004ae4 (0x4163531b) x6  0x0000000000000024
core   0: 0x0000000080004ae8 (0xc202f753) fcvt.w.d a4, ft5
core   0: 1 0x0000000080004ae8 (0xc202f753) x14 0x0000000000000000
core   0: 0x0000000080004aec (0x4204de13) srai    t3, s1, 32
core   0: 1 0x0000000080004aec (0x4204de13) x28 0x0000000000000000
core   0: 0x0000000080004af0 (0x4001d81b) sraiw   a6, gp, 0
core   0: 1 0x0000000080004af0 (0x4001d81b) x16 0xffffffffffffffff
core   0: 0x0000000080004af4 (0x0139973b) sllw    a4, s3, s3
core   0: 1 0x0000000080004af4 (0x0139973b) x14 0x0000000000000000
core   0: 0x0000000080004af8 (0x0019d213) srli    tp, s3, 1
core   0: 1 0x0000000080004af8 (0x0019d213) x4  0x0000000000000000
core   0: 0x0000000080004afc (0xd231f853) fcvt.d.lu fa6, gp
core   0: 1 0x0000000080004afc (0xd231f853) c1_fflags 0x000000000000001f f16 0x43efffffffffffff
core   0: 0x0000000080004b00 (0xd23a7553) fcvt.d.lu fa0, s4
core   0: 1 0x0000000080004b00 (0xd23a7553) f10 0x3ff0000000000000
core   0: 0x0000000080004b04 (0x006c52bb) srlw    t0, s8, t1
core   0: 1 0x0000000080004b04 (0x006c52bb) x5  0x0000000008000607
core   0: 0x0000000080004b08 (0xe20f0cd3) fmv.x.d s9, ft10
core   0: 1 0x0000000080004b08 (0xe20f0cd3) x25 0x7ff8000000000000
core   0: 0x0000000080004b0c (0x008bfbb3) and     s7, s7, s0
core   0: 1 0x0000000080004b0c (0x008bfbb3) x23 0x0000000000000000
core   0: 0x0000000080004b10 (0x00000001) c.nop
core   0: 1 0x0000000080004b10 (0x0001)
core   0: 0x0000000080004b12 (0x00184d13) xori    s10, a6, 1
core   0: 1 0x0000000080004b12 (0x00184d13) x26 0xfffffffffffffffe
core   0: 0x0000000080004b16 (0x4018fe53) fcvt.s.d ft8, fa7
core   0: 1 0x0000000080004b16 (0x4018fe53) f28 0xffffffff7fc00000
core   0: 0x0000000080004b1a (0x07c5d317) auipc   t1, 0x7c5d
core   0: 1 0x0000000080004b1a (0x07c5d317) x6  0x0000000087c61b1a
core   0: 0x0000000080004b1e (0x008d9db7) lui     s11, 0x8d9
core   0: 1 0x0000000080004b1e (0x008d9db7) x27 0x00000000008d9000
core   0: 0x0000000080004b22 (0x7b3d8d9b) addiw   s11, s11, 1971
core   0: 1 0x0000000080004b22 (0x7b3d8d9b) x27 0x00000000008d97b3
core   0: 0x0000000080004b26 (0x00000dbe) c.slli  s11, 15
core   0: 1 0x0000000080004b26 (0x0dbe) x27 0x00000046cbd98000
core   0: 0x0000000080004b28 (0x2d9d8d93) addi    s11, s11, 729
core   0: 1 0x0000000080004b28 (0x2d9d8d93) x27 0x00000046cbd982d9
core   0: 0x0000000080004b2c (0xd02dfb53) fcvt.s.l fs6, s11
core   0: 1 0x0000000080004b2c (0xd02dfb53) c1_fflags 0x000000000000001f f22 0xffffffff528d97b3
core   0: 0x0000000080004b30 (0x23e48053) fsgnj.d ft0, fs1, ft10
core   0: 1 0x0000000080004b30 (0x23e48053) f0  0x7ff8000000000000
core   0: 0x0000000080004b34 (0x7b0da3f3) csrrs   t2, dcsr, s11
core   0: exception trap_illegal_instruction, epc 0x0000000080004b34
core   0:           tval 0x000000007b0da3f3
core   0: >>>>  $xrv64i2p1_m2p0_a2p1_f2p2_d2p2_zicsr2p0_zifencei2p0_zmmul1p0_zba1p0_zbb1p0_zbc1p0_zbs1p0
core   0: 0x0000000080004000 (0x0080006f) j       pc + 0x8
core   0: 3 0x0000000080004000 (0x0080006f)
core   0: >>>>  mmode_exception_handler
core   0: 0x0000000080004008 (0x00002c17) auipc   s8, 0x2
core   0: 3 0x0000000080004008 (0x00002c17) x24 0x0000000080006008
core   0: 0x000000008000400c (0x076c0c13) addi    s8, s8, 118
core   0: 3 0x000000008000400c (0x076c0c13) x24 0x000000008000607e
core   0: 0x0000000080004010 (0x000c00e7) jalr    s8
core   0: 3 0x0000000080004010 (0x000c00e7) x1  0x0000000080004014
core   0: >>>>  any_handler
core   0: 0x000000008000607e (0x341027f3) csrrs   a5, mepc, zero
core   0: 3 0x000000008000607e (0x341027f3) x15 0x0000000080004b34
core   0: 0x0000000080006082 (0x34202773) csrrs   a4, mcause, zero
core   0: 3 0x0000000080006082 (0x34202773) x14 0x0000000000000002
core   0: 0x0000000080006086 (0x142026f3) csrrs   a3, scause, zero
core   0: 3 0x0000000080006086 (0x142026f3) x13 0x0000000000000000
core   0: 0x000000008000608a (0x30402673) csrrs   a2, mie, zero
core   0: 3 0x000000008000608a (0x30402673) x12 0x0000000000000a00
core   0: 0x000000008000608e (0x344025f3) csrrs   a1, mip, zero
core   0: 3 0x000000008000608e (0x344025f3) x11 0x0000000000000080
core   0: 0x0000000080006092 (0x343025f3) csrrs   a1, mtval, zero
core   0: 3 0x0000000080006092 (0x343025f3) x11 0x000000007b0da3f3
core   0: 0x0000000080006096 (0x14302573) csrrs   a0, stval, zero
core   0: 3 0x0000000080006096 (0x14302573) x10 0x0000000000000000
core   0: 0x000000008000609a (0xb02024f3) csrrs   s1, minstret, zero
core   0: 3 0x000000008000609a (0xb02024f3) x9  0x0000000000000c82
core   0: 0x000000008000609e (0x0000a811) c.j     pc + 20
core   0: 3 0x000000008000609e (0xa811)
core   0: >>>>  mepc_4
core   0: 0x00000000800060b2 (0x00000791) c.addi  a5, 4
core   0: 3 0x00000000800060b2 (0x0791) x15 0x0000000080004b38
core   0: 0x00000000800060b4 (0x34179073) csrrw   zero, mepc, a5
core   0: 3 0x00000000800060b4 (0x34179073) c833_mepc 0x0000000080004b38
core   0: 0x00000000800060b8 (0x30200073) mret
core   0: 3 0x00000000800060b8 (0x30200073) c768_mstatus 0x8000000a00106080
core   0: 0x0000000080004b38 (0x42d2d713) srai    a4, t0, 45
core   0: 1 0x0000000080004b38 (0x42d2d713) x14 0x0000000000000000
core   0: 0x0000000080004b3c (0x0ade76d3) fsub.d  fa3, ft8, fa3
core   0: 1 0x0000000080004b3c (0x0ade76d3) f13 0x7ff8000000000000
core   0: 0x0000000080004b40 (0x0136ee33) or      t3, a3, s3
core   0: 1 0x0000000080004b40 (0x0136ee33) x28 0x0000000000000000
core   0: 0x0000000080004b44 (0x0bc2f2d3) fsub.d  ft5, ft5, ft8
core   0: 1 0x0000000080004b44 (0x0bc2f2d3) f5  0x7ff8000000000000
core   0: 0x0000000080004b48 (0x40e284bb) subw    s1, t0, a4
core   0: 1 0x0000000080004b48 (0x40e284bb) x9  0x0000000008000607
core   0: 0x0000000080004b4c (0x002d9973) csrrw   s2, frm, s11
core   0: 1 0x0000000080004b4c (0x002d9973) x18 0x0000000000000002 c2_frm 0x0000000000000001
core   0: 0x0000000080004b50 (0xd21c8fd3) fcvt.d.wu ft11, s9
core   0: 1 0x0000000080004b50 (0xd21c8fd3) f31 0x0000000000000000
core   0: 0x0000000080004b54 (0xc020fdd3) fcvt.l.s s11, ft1
core   0: 1 0x0000000080004b54 (0xc020fdd3) c1_fflags 0x000000000000001f x27 0x7fffffffffffffff
core   0: 0x0000000080004b58 (0xf9490693) addi    a3, s2, -108
core   0: 1 0x0000000080004b58 (0xf9490693) x13 0xffffffffffffff96
core   0: 0x0000000080004b5c (0x23b896d3) fsgnjn.d fa3, fa7, fs11
core   0: 1 0x0000000080004b5c (0x23b896d3) f13 0x7ff8000000000000
core   0: 0x0000000080004b60 (0xe20d8dd3) fmv.x.d s11, fs11
core   0: 1 0x0000000080004b60 (0xe20d8dd3) x27 0xc3dffffffc88b13a
core   0: 0x0000000080004b64 (0xd021fd53) fcvt.s.l fs10, gp
core   0: 1 0x0000000080004b64 (0xd021fd53) f26 0xffffffffbf800000
core   0: 0x0000000080004b68 (0x23082853) fsgnjx.d fa6, fa6, fa6
core   0: 1 0x0000000080004b68 (0x23082853) f16 0x43efffffffffffff
core   0: 0x0000000080004b6c (0x0260a333) mulhsu  t1, ra, t1
core   0: 1 0x0000000080004b6c (0x0260a333) x6  0x0000000000000000
core   0: 0x0000000080004b70 (0xd2207253) fcvt.d.l ft4, zero
core   0: 1 0x0000000080004b70 (0xd2207253) f4  0x0000000000000000
core   0: 0x0000000080004b74 (0xc2227ed3) fcvt.l.d t4, ft4
core   0: 1 0x0000000080004b74 (0xc2227ed3) x29 0x0000000000000000
core   0: 0x0000000080004b78 (0xc80ffc73) csrrci  s8, cycleh, 31
core   0: exception trap_illegal_instruction, epc 0x0000000080004b78
core   0:           tval 0x00000000c80ffc73
core   0: >>>>  $xrv64i2p1_m2p0_a2p1_f2p2_d2p2_zicsr2p0_zifencei2p0_zmmul1p0_zba1p0_zbb1p0_zbc1p0_zbs1p0
core   0: 0x0000000080004000 (0x0080006f) j       pc + 0x8
core   0: 3 0x0000000080004000 (0x0080006f)
core   0: >>>>  mmode_exception_handler
core   0: 0x0000000080004008 (0x00002c17) auipc   s8, 0x2
core   0: 3 0x0000000080004008 (0x00002c17) x24 0x0000000080006008
core   0: 0x000000008000400c (0x076c0c13) addi    s8, s8, 118
core   0: 3 0x000000008000400c (0x076c0c13) x24 0x000000008000607e
core   0: 0x0000000080004010 (0x000c00e7) jalr    s8
core   0: 3 0x0000000080004010 (0x000c00e7) x1  0x0000000080004014
core   0: >>>>  any_handler
core   0: 0x000000008000607e (0x341027f3) csrrs   a5, mepc, zero
core   0: 3 0x000000008000607e (0x341027f3) x15 0x0000000080004b78
core   0: 0x0000000080006082 (0x34202773) csrrs   a4, mcause, zero
core   0: 3 0x0000000080006082 (0x34202773) x14 0x0000000000000002
core   0: 0x0000000080006086 (0x142026f3) csrrs   a3, scause, zero
core   0: 3 0x0000000080006086 (0x142026f3) x13 0x0000000000000000
core   0: 0x000000008000608a (0x30402673) csrrs   a2, mie, zero
core   0: 3 0x000000008000608a (0x30402673) x12 0x0000000000000a00
core   0: 0x000000008000608e (0x344025f3) csrrs   a1, mip, zero
core   0: 3 0x000000008000608e (0x344025f3) x11 0x0000000000000080
core   0: 0x0000000080006092 (0x343025f3) csrrs   a1, mtval, zero
core   0: 3 0x0000000080006092 (0x343025f3) x11 0x00000000c80ffc73
core   0: 0x0000000080006096 (0x14302573) csrrs   a0, stval, zero
core   0: 3 0x0000000080006096 (0x14302573) x10 0x0000000000000000
core   0: 0x000000008000609a (0xb02024f3) csrrs   s1, minstret, zero
core   0: 3 0x000000008000609a (0xb02024f3) x9  0x0000000000000ca2
core   0: 0x000000008000609e (0x0000a811) c.j     pc + 20
core   0: 3 0x000000008000609e (0xa811)
core   0: >>>>  mepc_4
core   0: 0x00000000800060b2 (0x00000791) c.addi  a5, 4
core   0: 3 0x00000000800060b2 (0x0791) x15 0x0000000080004b7c
core   0: 0x00000000800060b4 (0x34179073) csrrw   zero, mepc, a5
core   0: 3 0x00000000800060b4 (0x34179073) c833_mepc 0x0000000080004b7c
core   0: 0x00000000800060b8 (0x30200073) mret
core   0: 3 0x00000000800060b8 (0x30200073) c768_mstatus 0x8000000a00106080
core   0: 0x0000000080004b7c (0x006a5ebb) srlw    t4, s4, t1
core   0: 1 0x0000000080004b7c (0x006a5ebb) x29 0x0000000000000001
core   0: 0x0000000080004b80 (0xc217f1d3) fcvt.wu.d gp, fa5
core   0: 1 0x0000000080004b80 (0xc217f1d3) c1_fflags 0x000000000000001f x3  0xffffffffffffffff
core   0: 0x0000000080004b84 (0x401c72d3) fcvt.s.d ft5, fs8
core   0: 1 0x0000000080004b84 (0x401c72d3) f5  0xffffffff00000000
core   0: 0x0000000080004b88 (0x02fd0133) mul     sp, s10, a5
core   0: 1 0x0000000080004b88 (0x02fd0133) x2  0xfffffffeffff6908
core   0: 0x0000000080004b8c (0x03f09513) slli    a0, ra, 63
core   0: 1 0x0000000080004b8c (0x03f09513) x10 0x0000000000000000
core   0: 0x0000000080004b90 (0x00102bf3) csrrs   s7, fflags, zero
core   0: 1 0x0000000080004b90 (0x00102bf3) x23 0x000000000000001f
core   0: 0x0000000080004b94 (0x003c1c3b) sllw    s8, s8, gp
core   0: 1 0x0000000080004b94 (0x003c1c3b) x24 0x0000000000000000
core   0: 0x0000000080004b98 (0x00044e93) xori    t4, s0, 0
core   0: 1 0x0000000080004b98 (0x00044e93) x29 0xffffffff7fff9f09
core   0: 0x0000000080004b9c (0x22501053) fsgnjn.d ft0, ft0, ft5
core   0: 1 0x0000000080004b9c (0x22501053) f0  0x7ff8000000000000
core   0: 0x0000000080004ba0 (0x0214e0b3) rem     ra, s1, ra
core   0: 1 0x0000000080004ba0 (0x0214e0b3) x1  0x0000000000000ca2
core   0: 0x0000000080004ba4 (0xd2098753) fcvt.d.w fa4, s3
core   0: 1 0x0000000080004ba4 (0xd2098753) f14 0x0000000000000000
core   0: 0x0000000080004ba8 (0x80097d13) andi    s10, s2, -2048
core   0: 1 0x0000000080004ba8 (0x80097d13) x26 0x0000000000000000
core   0: 0x0000000080004bac (0x01cede9b) srliw   t4, t4, 28
core   0: 1 0x0000000080004bac (0x01cede9b) x29 0x0000000000000007
core   0: 0x0000000080004bb0 (0x007b9a9b) slliw   s5, s7, 7
core   0: 1 0x0000000080004bb0 (0x007b9a9b) x21 0x0000000000000f80
core   0: 0x0000000080004bb4 (0x0107e333) or      t1, a5, a6
core   0: 1 0x0000000080004bb4 (0x0107e333) x6  0xffffffffffffffff
core   0: 0x0000000080004bb8 (0x420701d3) fcvt.d.s ft3, fa4
core   0: 1 0x0000000080004bb8 (0x420701d3) f3  0x7ff8000000000000
core   0: 0x0000000080004bbc (0x22748953) fsgnj.d fs2, fs1, ft7
core   0: 1 0x0000000080004bbc (0x22748953) f18 0xfff8000000000000
core   0: 0x0000000080004bc0 (0x78983c97) auipc   s9, 0x78983
core   0: 1 0x0000000080004bc0 (0x78983c97) x25 0x00000000f8987bc0
core   0: 0x0000000080004bc4 (0x019cceb3) xor     t4, s9, s9
core   0: 1 0x0000000080004bc4 (0x019cceb3) x29 0x0000000000000000
core   0: 0x0000000080004bc8 (0x30365217) auipc   tp, 0x30365
core   0: 1 0x0000000080004bc8 (0x30365217) x4  0x00000000b0369bc8
core   0: 0x0000000080004bcc (0x1b2577d3) fdiv.d  fa5, fa0, fs2
core   0: 1 0x0000000080004bcc (0x1b2577d3) f15 0x7ff8000000000000
core   0: 0x0000000080004bd0 (0x22e125d3) fsgnjx.d fa1, ft2, fa4
core   0: 1 0x0000000080004bd0 (0x22e125d3) f11 0x7fffffff7fc00000
core   0: 0x0000000080004bd4 (0xc215f7d3) fcvt.wu.d a5, fa1
core   0: 1 0x0000000080004bd4 (0xc215f7d3) c1_fflags 0x000000000000001f x15 0xffffffffffffffff
core   0: 0x0000000080004bd8 (0xd2237cd3) fcvt.d.l fs9, t1
core   0: 1 0x0000000080004bd8 (0xd2237cd3) f25 0xbff0000000000000
core   0: 0x0000000080004bdc (0xc0a2f917) auipc   s2, 0xc0a2f
core   0: 1 0x0000000080004bdc (0xc0a2f917) x18 0x0000000040a33bdc
core   0: 0x0000000080004be0 (0x00000001) c.nop
core   0: 1 0x0000000080004be0 (0x0001)
core   0: 0x0000000080004be2 (0x5a0df0d3) fsqrt.d ft1, fs11
core   0: 1 0x0000000080004be2 (0x5a0df0d3) c1_fflags 0x000000000000001f f1  0x7ff8000000000000
core   0: 0x0000000080004be6 (0xf20689d3) fmv.d.x fs3, a3
core   0: 1 0x0000000080004be6 (0xf20689d3) f19 0x0000000000000000
core   0: 0x0000000080004bea (0x005d1b1b) slliw   s6, s10, 5
core   0: 1 0x0000000080004bea (0x005d1b1b) x22 0x0000000000000000
core   0: 0x0000000080004bee (0x43525513) srai    a0, tp, 53
core   0: 1 0x0000000080004bee (0x43525513) x10 0x0000000000000000
core   0: 0x0000000080004bf2 (0x0180501b) srliw   zero, zero, 24
core   0: 1 0x0000000080004bf2 (0x0180501b)
core   0: 0x0000000080004bf6 (0x0139963b) sllw    a2, s3, s3
core   0: 1 0x0000000080004bf6 (0x0139963b) x12 0x0000000000000000
core   0: 0x0000000080004bfa (0x0010581b) srliw   a6, zero, 1
core   0: 1 0x0000000080004bfa (0x0010581b) x16 0x0000000000000000
core   0: 0x0000000080004bfe (0xf7989737) lui     a4, 0xf7989
core   0: 1 0x0000000080004bfe (0xf7989737) x14 0xfffffffff7989000
core   0: 0x0000000080004c02 (0x0118fbb3) and     s7, a7, a7
core   0: 1 0x0000000080004c02 (0x0118fbb3) x23 0xffffffff7fff9f09
core   0: 0x0000000080004c06 (0x7ffbc413) xori    s0, s7, 2047
core   0: 1 0x0000000080004c06 (0x7ffbc413) x8  0xffffffff7fff98f6
core   0: 0x0000000080004c0a (0x9a7ff3cf) fnmadd.d ft7, ft11, ft7, fs3
core   0: 1 0x0000000080004c0a (0x9a7ff3cf) f7  0x7ff8000000000000
core   0: 0x0000000080004c0e (0x01791933) sll     s2, s2, s7
core   0: 1 0x0000000080004c0e (0x01791933) x18 0x000000814677b800
core   0: 0x0000000080004c12 (0x063e35b7) lui     a1, 0x63e3
core   0: 1 0x0000000080004c12 (0x063e35b7) x11 0x00000000063e3000
core   0: 0x0000000080004c16 (0x6815859b) addiw   a1, a1, 1665
core   0: 1 0x0000000080004c16 (0x6815859b) x11 0x00000000063e3681
core   0: 0x0000000080004c1a (0x000005b2) c.slli  a1, 12
core   0: 1 0x0000000080004c1a (0x05b2) x11 0x00000063e3681000
core   0: 0x0000000080004c1c (0x74b58593) addi    a1, a1, 1867
core   0: 1 0x0000000080004c1c (0x74b58593) x11 0x00000063e368174b
core   0: 0x0000000080004c20 (0x02b692b3) mulh    t0, a3, a1
core   0: 1 0x0000000080004c20 (0x02b692b3) x5  0x0000000000000000
core   0: 0x0000000080004c24 (0x2bf39353) fmax.d  ft6, ft7, ft11
core   0: 1 0x0000000080004c24 (0x2bf39353) f6  0x0000000000000000
core   0: 0x0000000080004c28 (0x00c6163b) sllw    a2, a2, a2
core   0: 1 0x0000000080004c28 (0x00c6163b) x12 0x0000000000000000
core   0: 0x0000000080004c2c (0xc02870d3) fcvt.l.s ra, fa6
core   0: 1 0x0000000080004c2c (0xc02870d3) c1_fflags 0x000000000000001f x1  0x7fffffffffffffff
core   0: 0x0000000080004c30 (0x13def653) fmul.d  fa2, ft9, ft9
core   0: 1 0x0000000080004c30 (0x13def653) f12 0x7ff8000000000000
core   0: 0x0000000080004c34 (0x00b355bb) srlw    a1, t1, a1
core   0: 1 0x0000000080004c34 (0x00b355bb) x11 0x00000000001fffff
core   0: 0x0000000080004c38 (0xc0317d53) fcvt.lu.s s10, ft2
core   0: 1 0x0000000080004c38 (0xc0317d53) c1_fflags 0x000000000000001f x26 0xffffffffffffffff
core   0: 0x0000000080004c3c (0xc023fe53) fcvt.l.s t3, ft7
core   0: 1 0x0000000080004c3c (0xc023fe53) c1_fflags 0x000000000000001f x28 0x7fffffffffffffff
core   0: 0x0000000080004c40 (0x00191973) csrrw   s2, fflags, s2
core   0: 1 0x0000000080004c40 (0x00191973) x18 0x000000000000001f c1_fflags 0x0000000000000000
core   0: 0x0000000080004c44 (0x021e6533) rem     a0, t3, ra
core   0: 1 0x0000000080004c44 (0x021e6533) x10 0x0000000000000000
core   0: 0x0000000080004c48 (0xd02777d3) fcvt.s.l fa5, a4
core   0: 1 0x0000000080004c48 (0xd02777d3) f15 0xffffffffcd067700
core   0: 0x0000000080004c4c (0x1f60f793) andi    a5, ra, 502
core   0: 1 0x0000000080004c4c (0x1f60f793) x15 0x00000000000001f6
core   0: 0x0000000080004c50 (0xf2070ad3) fmv.d.x fs5, a4
core   0: 1 0x0000000080004c50 (0xf2070ad3) f21 0xfffffffff7989000
core   0: 0x0000000080004c54 (0x02a1e737) lui     a4, 0x2a1e
core   0: 1 0x0000000080004c54 (0x02a1e737) x14 0x0000000002a1e000
core   0: 0x0000000080004c58 (0x9ad7071b) addiw   a4, a4, -1619
core   0: 1 0x0000000080004c58 (0x9ad7071b) x14 0x0000000002a1d9ad
core   0: 0x0000000080004c5c (0x00000736) c.slli  a4, 13
core   0: 1 0x0000000080004c5c (0x0736) x14 0x000000543b35a000
core   0: 0x0000000080004c5e (0xb0370713) addi    a4, a4, -1277
core   0: 1 0x0000000080004c5e (0xb0370713) x14 0x000000543b359b03
core   0: 0x0000000080004c62 (0x01a769b3) or      s3, a4, s10
core   0: 1 0x0000000080004c62 (0x01a769b3) x19 0xffffffffffffffff
core   0: 0x0000000080004c66 (0x0149adb3) slt     s11, s3, s4
core   0: 1 0x0000000080004c66 (0x0149adb3) x27 0x0000000000000001
core   0: 0x0000000080004c6a (0x47817113) andi    sp, sp, 1144
core   0: 1 0x0000000080004c6a (0x47817113) x2  0x0000000000000008
core   0: 0x0000000080004c6e (0x0128c8b3) xor     a7, a7, s2
core   0: 1 0x0000000080004c6e (0x0128c8b3) x17 0xffffffff7fff9f16
core   0: 0x0000000080004c72 (0x0020503b) srlw    zero, zero, sp
core   0: 1 0x0000000080004c72 (0x0020503b)
core   0: 0x0000000080004c76 (0x2bd81d53) fmax.d  fs10, fa6, ft9
core   0: 1 0x0000000080004c76 (0x2bd81d53) f26 0x43efffffffffffff
core   0: 0x0000000080004c7a (0x12d476d3) fmul.d  fa3, fs0, fa3
core   0: 1 0x0000000080004c7a (0x12d476d3) f13 0x7ff8000000000000
core   0: 0x0000000080004c7e (0xf8e6f493) andi    s1, a3, -114
core   0: 1 0x0000000080004c7e (0xf8e6f493) x9  0x0000000000000000
core   0: 0x0000000080004c82 (0x1b38fe53) fdiv.d  ft8, fa7, fs3
core   0: 1 0x0000000080004c82 (0x1b38fe53) f28 0x7ff8000000000000
core   0: 0x0000000080004c86 (0xc236f553) fcvt.lu.d a0, fa3
core   0: 1 0x0000000080004c86 (0xc236f553) c1_fflags 0x0000000000000010 x10 0xffffffffffffffff
core   0: 0x0000000080004c8a (0x40e384b3) sub     s1, t2, a4
core   0: 1 0x0000000080004c8a (0x40e384b3) x9  0xffffffabc4ca64fd
core   0: 0x0000000080004c8e (0x00000001) c.nop
core   0: 1 0x0000000080004c8e (0x0001)
core   0: 0x0000000080004c90 (0x00000001) c.nop
core   0: 1 0x0000000080004c90 (0x0001)
core   0: 0x0000000080004c92 (0x0030d1bb) srlw    gp, ra, gp
core   0: 1 0x0000000080004c92 (0x0030d1bb) x3  0x0000000000000001
core   0: 0x0000000080004c96 (0x00000001) c.nop
core   0: 1 0x0000000080004c96 (0x0001)
core   0: 0x0000000080004c98 (0xf33cfbcb) fnmsub.d fs7, fs9, fs3, ft10
core   0: 1 0x0000000080004c98 (0xf33cfbcb) f23 0x7ff8000000000000
core   0: 0x0000000080004c9c (0x001e5e1b) srliw   t3, t3, 1
core   0: 1 0x0000000080004c9c (0x001e5e1b) x28 0x000000007fffffff
core   0: 0x0000000080004ca0 (0x0171923b) sllw    tp, gp, s7
core   0: 1 0x0000000080004ca0 (0x0171923b) x4  0x0000000000000200
core   0: 0x0000000080004ca4 (0x403d8bbb) subw    s7, s11, gp
core   0: 1 0x0000000080004ca4 (0x403d8bbb) x23 0x0000000000000000
core   0: 0x0000000080004ca8 (0x235d9ad3) fsgnjn.d fs5, fs11, fs5
core   0: 1 0x0000000080004ca8 (0x235d9ad3) f21 0x43dffffffc88b13a
core   0: 0x0000000080004cac (0xd0367b53) fcvt.s.lu fs6, a2
core   0: 1 0x0000000080004cac (0xd0367b53) f22 0xffffffff00000000
core   0: 0x0000000080004cb0 (0xd03df053) fcvt.s.lu ft0, s11
core   0: 1 0x0000000080004cb0 (0xd03df053) f0  0xffffffff3f800000
core   0: 0x0000000080004cb4 (0xfefb8d13) addi    s10, s7, -17
core   0: 1 0x0000000080004cb4 (0xfefb8d13) x26 0xffffffffffffffef
core   0: 0x0000000080004cb8 (0x2a6585d3) fmin.d  fa1, fa1, ft6
core   0: 1 0x0000000080004cb8 (0x2a6585d3) f11 0x0000000000000000
core   0: 0x0000000080004cbc (0x00261b73) csrrw   s6, frm, a2
core   0: 1 0x0000000080004cbc (0x00261b73) x22 0x0000000000000001 c2_frm 0x0000000000000000
core   0: 0x0000000080004cc0 (0xf3eb6713) ori     a4, s6, -194
core   0: 1 0x0000000080004cc0 (0xf3eb6713) x14 0xffffffffffffff3f
core   0: 0x0000000080004cc4 (0x031595b3) mulh    a1, a1, a7
core   0: 1 0x0000000080004cc4 (0x031595b3) x11 0xffffffffffffffff
core   0: 0x0000000080004cc8 (0x24894a97) auipc   s5, 0x24894
core   0: 1 0x0000000080004cc8 (0x24894a97) x21 0x00000000a4898cc8
core   0: 0x0000000080004ccc (0x0002583b) srlw    a6, tp, zero
core   0: 1 0x0000000080004ccc (0x0002583b) x16 0x0000000000000200
core   0: 0x0000000080004cd0 (0x00102e73) csrrs   t3, fflags, zero
core   0: 1 0x0000000080004cd0 (0x00102e73) x28 0x0000000000000010
core   0: 0x0000000080004cd4 (0x00e080bb) addw    ra, ra, a4
core   0: 1 0x0000000080004cd4 (0x00e080bb) x1  0xffffffffffffff3e
core   0: 0x0000000080004cd8 (0x0021123b) sllw    tp, sp, sp
core   0: 1 0x0000000080004cd8 (0x0021123b) x4  0x0000000000000800
core   0: 0x0000000080004cdc (0x01b05db3) srl     s11, zero, s11
core   0: 1 0x0000000080004cdc (0x01b05db3) x27 0x0000000000000000
core   0: 0x0000000080004ce0 (0x228f9ad3) fsgnjn.d fs5, ft11, fs0
core   0: 1 0x0000000080004ce0 (0x228f9ad3) f21 0x8000000000000000
core   0: 0x0000000080004ce4 (0xbee33537) lui     a0, 0xbee33
core   0: 1 0x0000000080004ce4 (0xbee33537) x10 0xffffffffbee33000
core   0: 0x0000000080004ce8 (0x00102af3) csrrs   s5, fflags, zero
core   0: 1 0x0000000080004ce8 (0x00102af3) x21 0x0000000000000010
core   0: 0x0000000080004cec (0x00000001) c.nop
core   0: 1 0x0000000080004cec (0x0001)
core   0: 0x0000000080004cee (0x018a5a33) srl     s4, s4, s8
core   0: 1 0x0000000080004cee (0x018a5a33) x20 0x0000000000000001
core   0: 0x0000000080004cf2 (0x019a6cb3) or      s9, s4, s9
core   0: 1 0x0000000080004cf2 (0x019a6cb3) x25 0x00000000f8987bc1
core   0: 0x0000000080004cf6 (0x4154863b) subw    a2, s1, s5
core   0: 1 0x0000000080004cf6 (0x4154863b) x12 0xffffffffc4ca64ed
core   0: 0x0000000080004cfa (0x000458b3) srl     a7, s0, zero
core   0: 1 0x0000000080004cfa (0x000458b3) x17 0xffffffff7fff98f6
core   0: 0x0000000080004cfe (0x00a55b33) srl     s6, a0, a0
core   0: 1 0x0000000080004cfe (0x00a55b33) x22 0xffffffffbee33000
core   0: 0x0000000080004d02 (0x001c1cf3) csrrw   s9, fflags, s8
core   0: 1 0x0000000080004d02 (0x001c1cf3) x25 0x0000000000000010 c1_fflags 0x0000000000000000
core   0: 0x0000000080004d06 (0x00102df3) csrrs   s11, fflags, zero
core   0: 1 0x0000000080004d06 (0x00102df3) x27 0x0000000000000000
core   0: 0x0000000080004d0a (0x4006de13) srai    t3, a3, 0
core   0: 1 0x0000000080004d0a (0x4006de13) x28 0x0000000000000000
core   0: 0x0000000080004d0e (0x02c96633) rem     a2, s2, a2
core   0: 1 0x0000000080004d0e (0x02c96633) x12 0x000000000000001f
core   0: 0x0000000080004d12 (0x4063533b) sraw    t1, t1, t1
core   0: 1 0x0000000080004d12 (0x4063533b) x6  0xffffffffffffffff
core   0: 0x0000000080004d16 (0xc03afbd3) fcvt.lu.s s7, fs5
core   0: 1 0x0000000080004d16 (0xc03afbd3) c1_fflags 0x0000000000000010 x23 0xffffffffffffffff
core   0: 0x0000000080004d1a (0x0ff0000f) fence   iorw,iorw
core   0: 1 0x0000000080004d1a (0x0ff0000f)
core   0: 0x0000000080004d1e (0xd22df953) fcvt.d.l fs2, s11
core   0: 1 0x0000000080004d1e (0xd22df953) f18 0x0000000000000000
core   0: 0x0000000080004d22 (0x018e8ebb) addw    t4, t4, s8
core   0: 1 0x0000000080004d22 (0x018e8ebb) x29 0x0000000000000000
core   0: 0x0000000080004d26 (0x40015033) sra     zero, sp, zero
core   0: 1 0x0000000080004d26 (0x40015033)
core   0: 0x0000000080004d2a (0x2bfc00d3) fmin.d  ft1, fs8, ft11
core   0: 1 0x0000000080004d2a (0x2bfc00d3) f1  0x0000000000000000
core   0: 0x0000000080004d2e (0xf20b8c53) fmv.d.x fs8, s7
core   0: 1 0x0000000080004d2e (0xf20b8c53) f24 0xffffffffffffffff
core   0: 0x0000000080004d32 (0x029bcd33) div     s10, s7, s1
core   0: 1 0x0000000080004d32 (0x029bcd33) x26 0x0000000000000000
core   0: 0x0000000080004d36 (0xe20c8c53) fmv.x.d s8, fs9
core   0: 1 0x0000000080004d36 (0xe20c8c53) x24 0xbff0000000000000
core   0: 0x0000000080004d3a (0x0098f633) and     a2, a7, s1
core   0: 1 0x0000000080004d3a (0x0098f633) x12 0xffffffab44ca00f4
core   0: 0x0000000080004d3e (0xc36c7fc7) fmsub.d ft11, fs8, fs6, fs8
core   0: 1 0x0000000080004d3e (0xc36c7fc7) f31 0x7ff8000000000000
core   0: 0x0000000080004d42 (0xc23ff4d3) fcvt.lu.d s1, ft11
core   0: 1 0x0000000080004d42 (0xc23ff4d3) c1_fflags 0x0000000000000010 x9  0xffffffffffffffff
core   0: 0x0000000080004d46 (0x0384d0bb) divuw   ra, s1, s8
core   0: 1 0x0000000080004d46 (0x0384d0bb) x1  0xffffffffffffffff
core   0: 0x0000000080004d4a (0x0000901b) slliw   zero, ra, 0
core   0: 1 0x0000000080004d4a (0x0000901b)
core   0: 0x0000000080004d4e (0x00821433) sll     s0, tp, s0
core   0: 1 0x0000000080004d4e (0x00821433) x8  0x0000000000000000
core   0: 0x0000000080004d52 (0x0201d1bb) divuw   gp, gp, zero
core   0: 1 0x0000000080004d52 (0x0201d1bb) x3  0xffffffffffffffff
core   0: 0x0000000080004d56 (0x0101db1b) srliw   s6, gp, 16
core   0: 1 0x0000000080004d56 (0x0101db1b) x22 0x000000000000ffff
core   0: 0x0000000080004d5a (0x4f7b7693) andi    a3, s6, 1271
core   0: 1 0x0000000080004d5a (0x4f7b7693) x13 0x00000000000004f7
core   0: 0x0000000080004d5e (0x41038b33) sub     s6, t2, a6
core   0: 1 0x0000000080004d5e (0x41038b33) x22 0xfffffffffffffe00
core   0: 0x0000000080004d62 (0xd026f4d3) fcvt.s.l fs1, a3
core   0: 1 0x0000000080004d62 (0xd026f4d3) f9  0xffffffff449ee000
core   0: 0x0000000080004d66 (0x0245b0b3) mulhu   ra, a1, tp
core   0: 1 0x0000000080004d66 (0x0245b0b3) x1  0x00000000000007ff
core   0: 0x0000000080004d6a (0x000eda13) srli    s4, t4, 0
core   0: 1 0x0000000080004d6a (0x000eda13) x20 0x0000000000000000
core   0: 0x0000000080004d6e (0xe20e0cd3) fmv.x.d s9, ft8
core   0: 1 0x0000000080004d6e (0xe20e0cd3) x25 0x7ff8000000000000
core   0: 0x0000000080004d72 (0x010c8333) add     t1, s9, a6
core   0: 1 0x0000000080004d72 (0x010c8333) x6  0x7ff8000000000200
core   0: 0x0000000080004d76 (0x231d0753) fsgnj.d fa4, fs10, fa7
core   0: 1 0x0000000080004d76 (0x231d0753) f14 0x43efffffffffffff
core   0: 0x0000000080004d7a (0x1b6a74d3) fdiv.d  fs1, fs4, fs6
core   0: 1 0x0000000080004d7a (0x1b6a74d3) f9  0x7ff8000000000000
core   0: 0x0000000080004d7e (0x4024d8b3) sra     a7, s1, sp
core   0: 1 0x0000000080004d7e (0x4024d8b3) x17 0xffffffffffffffff
core   0: 0x0000000080004d82 (0xa34f8ad3) fle.d   s5, ft11, fs4
core   0: 1 0x0000000080004d82 (0xa34f8ad3) c1_fflags 0x0000000000000010 x21 0x0000000000000000
core   0: 0x0000000080004d86 (0x7ff06413) ori     s0, zero, 2047
core   0: 1 0x0000000080004d86 (0x7ff06413) x8  0x00000000000007ff
core   0: 0x0000000080004d8a (0x00102a73) csrrs   s4, fflags, zero
core   0: 1 0x0000000080004d8a (0x00102a73) x20 0x0000000000000010
core   0: 0x0000000080004d8e (0x2a949753) fmax.d  fa4, fs1, fs1
core   0: 1 0x0000000080004d8e (0x2a949753) f14 0x7ff8000000000000
core   0: 0x0000000080004d92 (0x001691f3) csrrw   gp, fflags, a3
core   0: 1 0x0000000080004d92 (0x001691f3) x3  0x0000000000000010 c1_fflags 0x0000000000000017
core   0: 0x0000000080004d96 (0x02660333) mul     t1, a2, t1
core   0: 1 0x0000000080004d96 (0x02660333) x6  0xf85f56899401e800
core   0: 0x0000000080004d9a (0x01627033) and     zero, tp, s6
core   0: 1 0x0000000080004d9a (0x01627033)
core   0: 0x0000000080004d9e (0x01b1fd33) and     s10, gp, s11
core   0: 1 0x0000000080004d9e (0x01b1fd33) x26 0x0000000000000000
core   0: 0x0000000080004da2 (0xc02f78d3) fcvt.l.s a7, ft10
core   0: 1 0x0000000080004da2 (0xc02f78d3) c1_fflags 0x0000000000000017 x17 0x7fffffffffffffff
core   0: 0x0000000080004da6 (0xfffac313) not     t1, s5
core   0: 1 0x0000000080004da6 (0xfffac313) x6  0xffffffffffffffff
core   0: 0x0000000080004daa (0x01a8d43b) srlw    s0, a7, s10
core   0: 1 0x0000000080004daa (0x01a8d43b) x8  0xffffffffffffffff
core   0: 0x0000000080004dae (0x008925b3) slt     a1, s2, s0
core   0: 1 0x0000000080004dae (0x008925b3) x11 0x0000000000000000
core   0: 0x0000000080004db2 (0x808b8e1b) addiw   t3, s7, -2040
core   0: 1 0x0000000080004db2 (0x808b8e1b) x28 0xfffffffffffff807
core   0: 0x0000000080004db6 (0xe2070b53) fmv.x.d s6, fa4
core   0: 1 0x0000000080004db6 (0xe2070b53) x22 0x7ff8000000000000
core   0: 0x0000000080004dba (0x5a047253) fsqrt.d ft4, fs0
core   0: 1 0x0000000080004dba (0x5a047253) c1_fflags 0x0000000000000017 f4  0x40dcfdc2dce94633
core   0: 0x0000000080004dbe (0x0000915e) c.add   sp, s7
core   0: 1 0x0000000080004dbe (0x915e) x2  0x0000000000000007
core   0: 0x0000000080004dc0 (0xd20b80d3) fcvt.d.w ft1, s7
core   0: 1 0x0000000080004dc0 (0xd20b80d3) f1  0xbff0000000000000
core   0: 0x0000000080004dc4 (0x00000001) c.nop
core   0: 1 0x0000000080004dc4 (0x0001)
core   0: 0x0000000080004dc6 (0x002a6337) lui     t1, 0x2a6
core   0: 1 0x0000000080004dc6 (0x002a6337) x6  0x00000000002a6000
core   0: 0x0000000080004dca (0x6313031b) addiw   t1, t1, 1585
core   0: 1 0x0000000080004dca (0x6313031b) x6  0x00000000002a6631
core   0: 0x0000000080004dce (0x00000342) c.slli  t1, 16
core   0: 1 0x0000000080004dce (0x0342) x6  0x0000002a66310000
core   0: 0x0000000080004dd0 (0x9ac30313) addi    t1, t1, -1620
core   0: 1 0x0000000080004dd0 (0x9ac30313) x6  0x0000002a6630f9ac
core   0: 0x0000000080004dd4 (0x2a148b53) fmin.d  fs6, fs1, ft1
core   0: 1 0x0000000080004dd4 (0x2a148b53) f22 0xbff0000000000000
core   0: 0x0000000080004dd8 (0x406e04b3) sub     s1, t3, t1
core   0: 1 0x0000000080004dd8 (0x406e04b3) x9  0xffffffd599cefe5b
core   0: 0x0000000080004ddc (0x41520abb) subw    s5, tp, s5
core   0: 1 0x0000000080004ddc (0x41520abb) x21 0x0000000000000800
core   0: 0x0000000080004de0 (0x034b1713) slli    a4, s6, 52
core   0: 1 0x0000000080004de0 (0x034b1713) x14 0x0000000000000000
core   0: 0x0000000080004de4 (0x0366b7b3) mulhu   a5, a3, s6
core   0: 1 0x0000000080004de4 (0x0366b7b3) x15 0x000000000000027b
core   0: 0x0000000080004de8 (0x00000001) c.nop
core   0: 1 0x0000000080004de8 (0x0001)
core   0: 0x0000000080004dea (0x001029f3) csrrs   s3, fflags, zero
core   0: 1 0x0000000080004dea (0x001029f3) x19 0x0000000000000017
core   0: 0x0000000080004dee (0x0ff0000f) fence   iorw,iorw
core   0: 1 0x0000000080004dee (0x0ff0000f)
core   0: 0x0000000080004df2 (0xd687e893) ori     a7, a5, -664
core   0: 1 0x0000000080004df2 (0xd687e893) x17 0xffffffffffffff7b
core   0: 0x0000000080004df6 (0x12d88b13) addi    s6, a7, 301
core   0: 1 0x0000000080004df6 (0x12d88b13) x22 0x00000000000000a8
core   0: 0x0000000080004dfa (0x02c65933) divu    s2, a2, a2
core   0: 1 0x0000000080004dfa (0x02c65933) x18 0x0000000000000001
core   0: 0x0000000080004dfe (0x41105033) sra     zero, zero, a7
core   0: 1 0x0000000080004dfe (0x41105033)
core   0: 0x0000000080004e02 (0xe20901d3) fmv.x.d gp, fs2
core   0: 1 0x0000000080004e02 (0xe20901d3) x3  0x0000000000000000
core   0: 0x0000000080004e06 (0xebd4fbcf) fnmadd.d fs7, fs1, ft9, ft9
core   0: 1 0x0000000080004e06 (0xebd4fbcf) f23 0x7ff8000000000000
core   0: 0x0000000080004e0a (0xd23979d3) fcvt.d.lu fs3, s2
core   0: 1 0x0000000080004e0a (0xd23979d3) f19 0x3ff0000000000000
core   0: 0x0000000080004e0e (0x5a07fcd3) fsqrt.d fs9, fa5
core   0: 1 0x0000000080004e0e (0x5a07fcd3) f25 0x7ff8000000000000
core   0: 0x0000000080004e12 (0x40025db3) sra     s11, tp, zero
core   0: 1 0x0000000080004e12 (0x40025db3) x27 0x0000000000000800
core   0: 0x0000000080004e16 (0x03b0d3b3) divu    t2, ra, s11
core   0: 1 0x0000000080004e16 (0x03b0d3b3) x7  0x0000000000000000
core   0: 0x0000000080004e1a (0x001790f3) csrrw   ra, fflags, a5
core   0: 1 0x0000000080004e1a (0x001790f3) x1  0x0000000000000017 c1_fflags 0x000000000000001b
core   0: 0x0000000080004e1e (0x1330f6d3) fmul.d  fa3, ft1, fs3
core   0: 1 0x0000000080004e1e (0x1330f6d3) f13 0xbff0000000000000
core   0: 0x0000000080004e22 (0x413ed5bb) sraw    a1, t4, s3
core   0: 1 0x0000000080004e22 (0x413ed5bb) x11 0x0000000000000000
core   0: 0x0000000080004e26 (0x011ee8b3) or      a7, t4, a7
core   0: 1 0x0000000080004e26 (0x011ee8b3) x17 0xffffffffffffff7b
core   0: 0x0000000080004e2a (0x03a75433) divu    s0, a4, s10
core   0: 1 0x0000000080004e2a (0x03a75433) x8  0xffffffffffffffff
core   0: 0x0000000080004e2e (0x4016fe53) fcvt.s.d ft8, fa3
core   0: 1 0x0000000080004e2e (0x4016fe53) f28 0xffffffffbf800000
core   0: 0x0000000080004e32 (0x02867133) remu    sp, a2, s0
core   0: 1 0x0000000080004e32 (0x02867133) x2  0xffffffab44ca00f4
core   0: 0x0000000080004e36 (0x012a4bb3) xor     s7, s4, s2
core   0: 1 0x0000000080004e36 (0x012a4bb3) x23 0x0000000000000011
core   0: 0x0000000080004e3a (0x001029f3) csrrs   s3, fflags, zero
core   0: 1 0x0000000080004e3a (0x001029f3) x19 0x000000000000001b
core   0: 0x0000000080004e3e (0x40f15a1b) sraiw   s4, sp, 15
core   0: 1 0x0000000080004e3e (0x40f15a1b) x20 0x0000000000008994
core   0: 0x0000000080004e42 (0x23bc0f53) fsgnj.d ft10, fs8, fs11
core   0: 1 0x0000000080004e42 (0x23bc0f53) f30 0xffffffffffffffff
core   0: 0x0000000080004e46 (0xf2068f53) fmv.d.x ft10, a3
core   0: 1 0x0000000080004e46 (0xf2068f53) f30 0x00000000000004f7
core   0: 0x0000000080004e4a (0xa2d68ad3) fle.d   s5, fa3, fa3
core   0: 1 0x0000000080004e4a (0xa2d68ad3) x21 0x0000000000000001
core   0: 0x0000000080004e4e (0x00009f31) c.addw  a4, a2
core   0: 1 0x0000000080004e4e (0x9f31) x14 0x0000000044ca00f4
core   0: 0x0000000080004e50 (0x40035d9b) sraiw   s11, t1, 0
core   0: 1 0x0000000080004e50 (0x40035d9b) x27 0x000000006630f9ac
core   0: 0x0000000080004e54 (0x0378ebb3) rem     s7, a7, s7
core   0: 1 0x0000000080004e54 (0x0378ebb3) x23 0xfffffffffffffff2
core   0: 0x0000000080004e58 (0xc0237753) fcvt.l.s a4, ft6
core   0: 1 0x0000000080004e58 (0xc0237753) c1_fflags 0x000000000000001b x14 0x7fffffffffffffff
core   0: 0x0000000080004e5c (0x0161111b) slliw   sp, sp, 22
core   0: 1 0x0000000080004e5c (0x0161111b) x2  0x000000003d000000
core   0: 0x0000000080004e60 (0x01615d9b) srliw   s11, sp, 22
core   0: 1 0x0000000080004e60 (0x01615d9b) x27 0x00000000000000f4
core   0: 0x0000000080004e64 (0x23169853) fsgnjn.d fa6, fa3, fa7
core   0: 1 0x0000000080004e64 (0x23169853) f16 0xbff0000000000000
core   0: 0x0000000080004e68 (0xd036fad3) fcvt.s.lu fs5, a3
core   0: 1 0x0000000080004e68 (0xd036fad3) f21 0xffffffff449ee000
core   0: 0x0000000080004e6c (0x01bcd333) srl     t1, s9, s11
core   0: 1 0x0000000080004e6c (0x01bcd333) x6  0x00000000000007ff
core   0: 0x0000000080004e70 (0x00b200b3) add     ra, tp, a1
core   0: 1 0x0000000080004e70 (0x00b200b3) x1  0x0000000000000800
core   0: 0x0000000080004e74 (0xc23572d3) fcvt.lu.d t0, fa0
core   0: 1 0x0000000080004e74 (0xc23572d3) x5  0x0000000000000001
core   0: 0x0000000080004e78 (0x02c1c333) div     t1, gp, a2
core   0: 1 0x0000000080004e78 (0x02c1c333) x6  0x0000000000000000
core   0: 0x0000000080004e7c (0x5b61001b) addiw   zero, sp, 1462
core   0: 1 0x0000000080004e7c (0x5b61001b)
core   0: 0x0000000080004e80 (0x01a5053b) addw    a0, a0, s10
core   0: 1 0x0000000080004e80 (0x01a5053b) x10 0xffffffffbee33000
core   0: 0x0000000080004e84 (0xc200f9d3) fcvt.w.d s3, ft1
core   0: 1 0x0000000080004e84 (0xc200f9d3) x19 0xffffffffffffffff
core   0: 0x0000000080004e88 (0x00d9d433) srl     s0, s3, a3
core   0: 1 0x0000000080004e88 (0x00d9d433) x8  0x00000000000001ff
core   0: 0x0000000080004e8c (0x0120ae33) slt     t3, ra, s2
core   0: 1 0x0000000080004e8c (0x0120ae33) x28 0x0000000000000000
core   0: 0x0000000080004e90 (0xc22df8d3) fcvt.l.d a7, fs11
core   0: 1 0x0000000080004e90 (0xc22df8d3) x17 0x8000000ddd3b1800
core   0: 0x0000000080004e94 (0x00c71a9b) slliw   s5, a4, 12
core   0: 1 0x0000000080004e94 (0x00c71a9b) x21 0xfffffffffffff000
core   0: 0x0000000080004e98 (0x036641bb) divw    gp, a2, s6
core   0: 1 0x0000000080004e98 (0x036641bb) x3  0x000000000068d24a
core   0: 0x0000000080004e9c (0xc04cb373) csrrc   t1, hpmcounter4, s9
core   0: exception trap_illegal_instruction, epc 0x0000000080004e9c
core   0:           tval 0x00000000c04cb373
core   0: >>>>  $xrv64i2p1_m2p0_a2p1_f2p2_d2p2_zicsr2p0_zifencei2p0_zmmul1p0_zba1p0_zbb1p0_zbc1p0_zbs1p0
core   0: 0x0000000080004000 (0x0080006f) j       pc + 0x8
core   0: 3 0x0000000080004000 (0x0080006f)
core   0: >>>>  mmode_exception_handler
core   0: 0x0000000080004008 (0x00002c17) auipc   s8, 0x2
core   0: 3 0x0000000080004008 (0x00002c17) x24 0x0000000080006008
core   0: 0x000000008000400c (0x076c0c13) addi    s8, s8, 118
core   0: 3 0x000000008000400c (0x076c0c13) x24 0x000000008000607e
core   0: 0x0000000080004010 (0x000c00e7) jalr    s8
core   0: 3 0x0000000080004010 (0x000c00e7) x1  0x0000000080004014
core   0: >>>>  any_handler
core   0: 0x000000008000607e (0x341027f3) csrrs   a5, mepc, zero
core   0: 3 0x000000008000607e (0x341027f3) x15 0x0000000080004e9c
core   0: 0x0000000080006082 (0x34202773) csrrs   a4, mcause, zero
core   0: 3 0x0000000080006082 (0x34202773) x14 0x0000000000000002
core   0: 0x0000000080006086 (0x142026f3) csrrs   a3, scause, zero
core   0: 3 0x0000000080006086 (0x142026f3) x13 0x0000000000000000
core   0: 0x000000008000608a (0x30402673) csrrs   a2, mie, zero
core   0: 3 0x000000008000608a (0x30402673) x12 0x0000000000000a00
core   0: 0x000000008000608e (0x344025f3) csrrs   a1, mip, zero
core   0: 3 0x000000008000608e (0x344025f3) x11 0x0000000000000080
core   0: 0x0000000080006092 (0x343025f3) csrrs   a1, mtval, zero
core   0: 3 0x0000000080006092 (0x343025f3) x11 0x00000000c04cb373
core   0: 0x0000000080006096 (0x14302573) csrrs   a0, stval, zero
core   0: 3 0x0000000080006096 (0x14302573) x10 0x0000000000000000
core   0: 0x000000008000609a (0xb02024f3) csrrs   s1, minstret, zero
core   0: 3 0x000000008000609a (0xb02024f3) x9  0x0000000000000d80
core   0: 0x000000008000609e (0x0000a811) c.j     pc + 20
core   0: 3 0x000000008000609e (0xa811)
core   0: >>>>  mepc_4
core   0: 0x00000000800060b2 (0x00000791) c.addi  a5, 4
core   0: 3 0x00000000800060b2 (0x0791) x15 0x0000000080004ea0
core   0: 0x00000000800060b4 (0x34179073) csrrw   zero, mepc, a5
core   0: 3 0x00000000800060b4 (0x34179073) c833_mepc 0x0000000080004ea0
core   0: 0x00000000800060b8 (0x30200073) mret
core   0: 3 0x00000000800060b8 (0x30200073) c768_mstatus 0x8000000a00106080
core   0: 0x0000000080004ea0 (0x6a21714f) fnmadd.d ft2, ft2, ft2, fa3
core   0: 1 0x0000000080004ea0 (0x6a21714f) f2  0x7ff8000000000000
core   0: 0x0000000080004ea4 (0xd21b8a53) fcvt.d.wu fs4, s7
core   0: 1 0x0000000080004ea4 (0xd21b8a53) f20 0x41effffffe400000
core   0: 0x0000000080004ea8 (0xc23a7c53) fcvt.lu.d s8, fs4
core   0: 1 0x0000000080004ea8 (0xc23a7c53) x24 0x00000000fffffff2
core   0: 0x0000000080004eac (0x9a704293) xori    t0, zero, -1625
core   0: 1 0x0000000080004eac (0x9a704293) x5  0xfffffffffffff9a7
core   0: 0x0000000080004eb0 (0xc0237453) fcvt.l.s s0, ft6
core   0: 1 0x0000000080004eb0 (0xc0237453) c1_fflags 0x000000000000001b x8  0x7fffffffffffffff
core   0: 0x0000000080004eb4 (0x01175e9b) srliw   t4, a4, 17
core   0: 1 0x0000000080004eb4 (0x01175e9b) x29 0x0000000000000000
core   0: 0x0000000080004eb8 (0xc02a7253) fcvt.l.s tp, fs4
core   0: 1 0x0000000080004eb8 (0xc02a7253) c1_fflags 0x000000000000001b x4  0x7fffffffffffffff
core   0: 0x0000000080004ebc (0x5a0af853) fsqrt.d fa6, fs5
core   0: 1 0x0000000080004ebc (0x5a0af853) f16 0x7ff8000000000000
core   0: 0x0000000080004ec0 (0x00102cf3) csrrs   s9, fflags, zero
core   0: 1 0x0000000080004ec0 (0x00102cf3) x25 0x000000000000001b
core   0: 0x0000000080004ec4 (0x4018581b) sraiw   a6, a6, 1
core   0: 1 0x0000000080004ec4 (0x4018581b) x16 0x0000000000000100
core   0: 0x0000000080004ec8 (0x0196563b) srlw    a2, a2, s9
core   0: 1 0x0000000080004ec8 (0x0196563b) x12 0x0000000000000000
core   0: 0x0000000080004ecc (0x23de89d3) fsgnj.d fs3, ft9, ft9
core   0: 1 0x0000000080004ecc (0x23de89d3) f19 0x7ff8000000000000
core   0: 0x0000000080004ed0 (0xd22cf653) fcvt.d.l fa2, s9
core   0: 1 0x0000000080004ed0 (0xd22cf653) f12 0x403b000000000000
core   0: 0x0000000080004ed4 (0x02f1e1bb) remw    gp, gp, a5
core   0: 1 0x0000000080004ed4 (0x02f1e1bb) x3  0x000000000068d24a
core   0: 0x0000000080004ed8 (0x27436313) ori     t1, t1, 628
core   0: 1 0x0000000080004ed8 (0x27436313) x6  0x0000000000000274
core   0: 0x0000000080004edc (0x0026f133) and     sp, a3, sp
core   0: 1 0x0000000080004edc (0x0026f133) x2  0x0000000000000000
core   0: 0x0000000080004ee0 (0x0506a437) lui     s0, 0x506a
core   0: 1 0x0000000080004ee0 (0x0506a437) x8  0x000000000506a000
core   0: 0x0000000080004ee4 (0x1dd4041b) addiw   s0, s0, 477
core   0: 1 0x0000000080004ee4 (0x1dd4041b) x8  0x000000000506a1dd
core   0: 0x0000000080004ee8 (0x00000432) c.slli  s0, 12
core   0: 1 0x0000000080004ee8 (0x0432) x8  0x000000506a1dd000
core   0: 0x0000000080004eea (0x7b340413) addi    s0, s0, 1971
core   0: 1 0x0000000080004eea (0x7b340413) x8  0x000000506a1dd7b3
core   0: 0x0000000080004eee (0x00105a1b) srliw   s4, zero, 1
core   0: 1 0x0000000080004eee (0x00105a1b) x20 0x0000000000000000
core   0: 0x0000000080004ef2 (0x417151bb) sraw    gp, sp, s7
core   0: 1 0x0000000080004ef2 (0x417151bb) x3  0x0000000000000000
core   0: 0x0000000080004ef6 (0xeb66734b) fnmsub.d ft6, fa2, fs6, ft9
core   0: 1 0x0000000080004ef6 (0xeb66734b) f6  0x7ff8000000000000
core   0: 0x0000000080004efa (0x08a6f917) auipc   s2, 0x8a6f
core   0: 1 0x0000000080004efa (0x08a6f917) x18 0x0000000088a73efa
core   0: 0x0000000080004efe (0x2b630b53) fmin.d  fs6, ft6, fs6
core   0: 1 0x0000000080004efe (0x2b630b53) f22 0xbff0000000000000
core   0: 0x0000000080004f02 (0x6a19f3cf) fnmadd.d ft7, fs3, ft1, fa3
core   0: 1 0x0000000080004f02 (0x6a19f3cf) f7  0x7ff8000000000000
core   0: 0x0000000080004f06 (0xff755837) lui     a6, 0xff755
core   0: 1 0x0000000080004f06 (0xff755837) x16 0xffffffffff755000
core   0: 0x0000000080004f0a (0x0738081b) addiw   a6, a6, 115
core   0: 1 0x0000000080004f0a (0x0738081b) x16 0xffffffffff755073
core   0: 0x0000000080004f0e (0x00000836) c.slli  a6, 13
core   0: 1 0x0000000080004f0e (0x0836) x16 0xffffffeeaa0e6000
core   0: 0x0000000080004f10 (0x15980813) addi    a6, a6, 345
core   0: 1 0x0000000080004f10 (0x15980813) x16 0xffffffeeaa0e6159
core   0: 0x0000000080004f14 (0x00102cf3) csrrs   s9, fflags, zero
core   0: 1 0x0000000080004f14 (0x00102cf3) x25 0x000000000000001b
core   0: 0x0000000080004f18 (0x0ff0000f) fence   iorw,iorw
core   0: 1 0x0000000080004f18 (0x0ff0000f)
core   0: 0x0000000080004f1c (0xb36f7cc7) fmsub.d fs9, ft10, fs6, fs6
core   0: 1 0x0000000080004f1c (0xb36f7cc7) c1_fflags 0x000000000000001b f25 0x3ff0000000000000
core   0: 0x0000000080004f20 (0xc20b7753) fcvt.w.d a4, fs6
core   0: 1 0x0000000080004f20 (0xc20b7753) x14 0xffffffffffffffff
core   0: 0x0000000080004f24 (0x03b54dbb) divw    s11, a0, s11
core   0: 1 0x0000000080004f24 (0x03b54dbb) x27 0x0000000000000000
core   0: 0x0000000080004f28 (0x7ba57093) andi    ra, a0, 1978
core   0: 1 0x0000000080004f28 (0x7ba57093) x1  0x0000000000000000
core   0: 0x0000000080004f2c (0x00102773) csrrs   a4, fflags, zero
core   0: 1 0x0000000080004f2c (0x00102773) x14 0x000000000000001b
core   0: 0x0000000080004f30 (0x02ab9933) mulh    s2, s7, a0
core   0: 1 0x0000000080004f30 (0x02ab9933) x18 0x0000000000000000
core   0: 0x0000000080004f34 (0x2a7118d3) fmax.d  fa7, ft2, ft7
core   0: 1 0x0000000080004f34 (0x2a7118d3) f17 0x7ff8000000000000
core   0: 0x0000000080004f38 (0x2b688b53) fmin.d  fs6, fa7, fs6
core   0: 1 0x0000000080004f38 (0x2b688b53) f22 0xbff0000000000000
core   0: 0x0000000080004f3c (0xecb70d93) addi    s11, a4, -309
core   0: 1 0x0000000080004f3c (0xecb70d93) x27 0xfffffffffffffee6
core   0: 0x0000000080004f40 (0xf13ea7f3) csrrs   a5, mimpid, t4
core   0: exception trap_illegal_instruction, epc 0x0000000080004f40
core   0:           tval 0x00000000f13ea7f3
core   0: >>>>  $xrv64i2p1_m2p0_a2p1_f2p2_d2p2_zicsr2p0_zifencei2p0_zmmul1p0_zba1p0_zbb1p0_zbc1p0_zbs1p0
core   0: 0x0000000080004000 (0x0080006f) j       pc + 0x8
core   0: 3 0x0000000080004000 (0x0080006f)
core   0: >>>>  mmode_exception_handler
core   0: 0x0000000080004008 (0x00002c17) auipc   s8, 0x2
core   0: 3 0x0000000080004008 (0x00002c17) x24 0x0000000080006008
core   0: 0x000000008000400c (0x076c0c13) addi    s8, s8, 118
core   0: 3 0x000000008000400c (0x076c0c13) x24 0x000000008000607e
core   0: 0x0000000080004010 (0x000c00e7) jalr    s8
core   0: 3 0x0000000080004010 (0x000c00e7) x1  0x0000000080004014
core   0: >>>>  any_handler
core   0: 0x000000008000607e (0x341027f3) csrrs   a5, mepc, zero
core   0: 3 0x000000008000607e (0x341027f3) x15 0x0000000080004f40
core   0: 0x0000000080006082 (0x34202773) csrrs   a4, mcause, zero
core   0: 3 0x0000000080006082 (0x34202773) x14 0x0000000000000002
core   0: 0x0000000080006086 (0x142026f3) csrrs   a3, scause, zero
core   0: 3 0x0000000080006086 (0x142026f3) x13 0x0000000000000000
core   0: 0x000000008000608a (0x30402673) csrrs   a2, mie, zero
core   0: 3 0x000000008000608a (0x30402673) x12 0x0000000000000a00
core   0: 0x000000008000608e (0x344025f3) csrrs   a1, mip, zero
core   0: 3 0x000000008000608e (0x344025f3) x11 0x0000000000000080
core   0: 0x0000000080006092 (0x343025f3) csrrs   a1, mtval, zero
core   0: 3 0x0000000080006092 (0x343025f3) x11 0x00000000f13ea7f3
core   0: 0x0000000080006096 (0x14302573) csrrs   a0, stval, zero
core   0: 3 0x0000000080006096 (0x14302573) x10 0x0000000000000000
core   0: 0x000000008000609a (0xb02024f3) csrrs   s1, minstret, zero
core   0: 3 0x000000008000609a (0xb02024f3) x9  0x0000000000000db9
core   0: 0x000000008000609e (0x0000a811) c.j     pc + 20
core   0: 3 0x000000008000609e (0xa811)
core   0: >>>>  mepc_4
core   0: 0x00000000800060b2 (0x00000791) c.addi  a5, 4
core   0: 3 0x00000000800060b2 (0x0791) x15 0x0000000080004f44
core   0: 0x00000000800060b4 (0x34179073) csrrw   zero, mepc, a5
core   0: 3 0x00000000800060b4 (0x34179073) c833_mepc 0x0000000080004f44
core   0: 0x00000000800060b8 (0x30200073) mret
core   0: 3 0x00000000800060b8 (0x30200073) c768_mstatus 0x8000000a00106080
core   0: 0x0000000080004f44 (0x00f1e137) lui     sp, 0xf1e
core   0: 1 0x0000000080004f44 (0x00f1e137) x2  0x0000000000f1e000
core   0: 0x0000000080004f48 (0x1031011b) addiw   sp, sp, 259
core   0: 1 0x0000000080004f48 (0x1031011b) x2  0x0000000000f1e103
core   0: 0x0000000080004f4c (0x00000136) c.slli  sp, 13
core   0: 1 0x0000000080004f4c (0x0136) x2  0x0000001e3c206000
core   0: 0x0000000080004f4e (0x35a10113) addi    sp, sp, 858
core   0: 1 0x0000000080004f4e (0x35a10113) x2  0x0000001e3c20635a
core   0: 0x0000000080004f52 (0x402bd6b3) sra     a3, s7, sp
core   0: 1 0x0000000080004f52 (0x402bd6b3) x13 0xffffffffffffffff
core   0: 0x0000000080004f56 (0x410d8233) sub     tp, s11, a6
core   0: 1 0x0000000080004f56 (0x410d8233) x4  0x0000001155f19d8d
core   0: 0x0000000080004f5a (0xc81fddf3) csrrwi  s11, timeh, 31
core   0: exception trap_illegal_instruction, epc 0x0000000080004f5a
core   0:           tval 0x00000000c81fddf3
core   0: >>>>  $xrv64i2p1_m2p0_a2p1_f2p2_d2p2_zicsr2p0_zifencei2p0_zmmul1p0_zba1p0_zbb1p0_zbc1p0_zbs1p0
core   0: 0x0000000080004000 (0x0080006f) j       pc + 0x8
core   0: 3 0x0000000080004000 (0x0080006f)
core   0: >>>>  mmode_exception_handler
core   0: 0x0000000080004008 (0x00002c17) auipc   s8, 0x2
core   0: 3 0x0000000080004008 (0x00002c17) x24 0x0000000080006008
core   0: 0x000000008000400c (0x076c0c13) addi    s8, s8, 118
core   0: 3 0x000000008000400c (0x076c0c13) x24 0x000000008000607e
core   0: 0x0000000080004010 (0x000c00e7) jalr    s8
core   0: 3 0x0000000080004010 (0x000c00e7) x1  0x0000000080004014
core   0: >>>>  any_handler
core   0: 0x000000008000607e (0x341027f3) csrrs   a5, mepc, zero
core   0: 3 0x000000008000607e (0x341027f3) x15 0x0000000080004f5a
core   0: 0x0000000080006082 (0x34202773) csrrs   a4, mcause, zero
core   0: 3 0x0000000080006082 (0x34202773) x14 0x0000000000000002
core   0: 0x0000000080006086 (0x142026f3) csrrs   a3, scause, zero
core   0: 3 0x0000000080006086 (0x142026f3) x13 0x0000000000000000
core   0: 0x000000008000608a (0x30402673) csrrs   a2, mie, zero
core   0: 3 0x000000008000608a (0x30402673) x12 0x0000000000000a00
core   0: 0x000000008000608e (0x344025f3) csrrs   a1, mip, zero
core   0: 3 0x000000008000608e (0x344025f3) x11 0x0000000000000080
core   0: 0x0000000080006092 (0x343025f3) csrrs   a1, mtval, zero
core   0: 3 0x0000000080006092 (0x343025f3) x11 0x00000000c81fddf3
core   0: 0x0000000080006096 (0x14302573) csrrs   a0, stval, zero
core   0: 3 0x0000000080006096 (0x14302573) x10 0x0000000000000000
core   0: 0x000000008000609a (0xb02024f3) csrrs   s1, minstret, zero
core   0: 3 0x000000008000609a (0xb02024f3) x9  0x0000000000000dcf
core   0: 0x000000008000609e (0x0000a811) c.j     pc + 20
core   0: 3 0x000000008000609e (0xa811)
core   0: >>>>  mepc_4
core   0: 0x00000000800060b2 (0x00000791) c.addi  a5, 4
core   0: 3 0x00000000800060b2 (0x0791) x15 0x0000000080004f5e
core   0: 0x00000000800060b4 (0x34179073) csrrw   zero, mepc, a5
core   0: 3 0x00000000800060b4 (0x34179073) c833_mepc 0x0000000080004f5e
core   0: 0x00000000800060b8 (0x30200073) mret
core   0: 3 0x00000000800060b8 (0x30200073) c768_mstatus 0x8000000a00106080
core   0: 0x0000000080004f5e (0xa1324e13) xori    t3, tp, -1517
core   0: 1 0x0000000080004f5e (0xa1324e13) x28 0xffffffeeaa0e679e
core   0: 0x0000000080004f62 (0x00d91c3b) sllw    s8, s2, a3
core   0: 1 0x0000000080004f62 (0x00d91c3b) x24 0x0000000000000000
core   0: 0x0000000080004f66 (0xa3688cd3) fle.d   s9, fa7, fs6
core   0: 1 0x0000000080004f66 (0xa3688cd3) c1_fflags 0x000000000000001b x25 0x0000000000000000
core   0: 0x0000000080004f6a (0x00e71dbb) sllw    s11, a4, a4
core   0: 1 0x0000000080004f6a (0x00e71dbb) x27 0x0000000000000008
core   0: 0x0000000080004f6e (0x4b790293) addi    t0, s2, 1207
core   0: 1 0x0000000080004f6e (0x4b790293) x5  0x00000000000004b7
core   0: 0x0000000080004f72 (0x00ed843b) addw    s0, s11, a4
core   0: 1 0x0000000080004f72 (0x00ed843b) x8  0x000000000000000a
core   0: 0x0000000080004f76 (0x006ac933) xor     s2, s5, t1
core   0: 1 0x0000000080004f76 (0x006ac933) x18 0xfffffffffffff274
core   0: 0x0000000080004f7a (0x234388d3) fsgnj.d fa7, ft7, fs4
core   0: 1 0x0000000080004f7a (0x234388d3) f17 0x7ff8000000000000
core   0: 0x0000000080004f7e (0x00541cbb) sllw    s9, s0, t0
core   0: 1 0x0000000080004f7e (0x00541cbb) x25 0x0000000005000000
core   0: 0x0000000080004f82 (0xf20c8453) fmv.d.x fs0, s9
core   0: 1 0x0000000080004f82 (0xf20c8453) f8  0x0000000005000000
core   0: 0x0000000080004f86 (0x0ff0000f) fence   iorw,iorw
core   0: 1 0x0000000080004f86 (0x0ff0000f)
core   0: 0x0000000080004f8a (0x3033dd73) csrrwi  s10, mideleg, 7
core   0: exception trap_illegal_instruction, epc 0x0000000080004f8a
core   0:           tval 0x000000003033dd73
core   0: >>>>  $xrv64i2p1_m2p0_a2p1_f2p2_d2p2_zicsr2p0_zifencei2p0_zmmul1p0_zba1p0_zbb1p0_zbc1p0_zbs1p0
core   0: 0x0000000080004000 (0x0080006f) j       pc + 0x8
core   0: 3 0x0000000080004000 (0x0080006f)
core   0: >>>>  mmode_exception_handler
core   0: 0x0000000080004008 (0x00002c17) auipc   s8, 0x2
core   0: 3 0x0000000080004008 (0x00002c17) x24 0x0000000080006008
core   0: 0x000000008000400c (0x076c0c13) addi    s8, s8, 118
core   0: 3 0x000000008000400c (0x076c0c13) x24 0x000000008000607e
core   0: 0x0000000080004010 (0x000c00e7) jalr    s8
core   0: 3 0x0000000080004010 (0x000c00e7) x1  0x0000000080004014
core   0: >>>>  any_handler
core   0: 0x000000008000607e (0x341027f3) csrrs   a5, mepc, zero
core   0: 3 0x000000008000607e (0x341027f3) x15 0x0000000080004f8a
core   0: 0x0000000080006082 (0x34202773) csrrs   a4, mcause, zero
core   0: 3 0x0000000080006082 (0x34202773) x14 0x0000000000000002
core   0: 0x0000000080006086 (0x142026f3) csrrs   a3, scause, zero
core   0: 3 0x0000000080006086 (0x142026f3) x13 0x0000000000000000
core   0: 0x000000008000608a (0x30402673) csrrs   a2, mie, zero
core   0: 3 0x000000008000608a (0x30402673) x12 0x0000000000000a00
core   0: 0x000000008000608e (0x344025f3) csrrs   a1, mip, zero
core   0: 3 0x000000008000608e (0x344025f3) x11 0x0000000000000080
core   0: 0x0000000080006092 (0x343025f3) csrrs   a1, mtval, zero
core   0: 3 0x0000000080006092 (0x343025f3) x11 0x000000003033dd73
core   0: 0x0000000080006096 (0x14302573) csrrs   a0, stval, zero
core   0: 3 0x0000000080006096 (0x14302573) x10 0x0000000000000000
core   0: 0x000000008000609a (0xb02024f3) csrrs   s1, minstret, zero
core   0: 3 0x000000008000609a (0xb02024f3) x9  0x0000000000000dea
core   0: 0x000000008000609e (0x0000a811) c.j     pc + 20
core   0: 3 0x000000008000609e (0xa811)
core   0: >>>>  mepc_4
core   0: 0x00000000800060b2 (0x00000791) c.addi  a5, 4
core   0: 3 0x00000000800060b2 (0x0791) x15 0x0000000080004f8e
core   0: 0x00000000800060b4 (0x34179073) csrrw   zero, mepc, a5
core   0: 3 0x00000000800060b4 (0x34179073) c833_mepc 0x0000000080004f8e
core   0: 0x00000000800060b8 (0x30200073) mret
core   0: 3 0x00000000800060b8 (0x30200073) c768_mstatus 0x8000000a00106080
core   0: 0x0000000080004f8e (0x0306853b) mulw    a0, a3, a6
core   0: 1 0x0000000080004f8e (0x0306853b) x10 0x0000000000000000
core   0: 0x0000000080004f92 (0x0018811b) addiw   sp, a7, 1
core   0: 1 0x0000000080004f92 (0x0018811b) x2  0xffffffffdd3b1801
core   0: 0x0000000080004f96 (0xc20f1337) lui     t1, 0xc20f1
core   0: 1 0x0000000080004f96 (0xc20f1337) x6  0xffffffffc20f1000
core   0: 0x0000000080004f9a (0x002022f3) csrrs   t0, frm, zero
core   0: 1 0x0000000080004f9a (0x002022f3) x5  0x0000000000000000
core   0: 0x0000000080004f9e (0x0898fb13) andi    s6, a7, 137
core   0: 1 0x0000000080004f9e (0x0898fb13) x22 0x0000000000000000
core   0: 0x0000000080004fa2 (0x228ea0d3) fsgnjx.d ft1, ft9, fs0
core   0: 1 0x0000000080004fa2 (0x228ea0d3) f1  0x7ff8000000000000
core   0: 0x0000000080004fa6 (0x037b723b) remuw   tp, s6, s7
core   0: 1 0x0000000080004fa6 (0x037b723b) x4  0x0000000000000000
core   0: 0x0000000080004faa (0xc2047753) fcvt.w.d a4, fs0
core   0: 1 0x0000000080004faa (0xc2047753) c1_fflags 0x000000000000001b x14 0x0000000000000000
core   0: 0x0000000080004fae (0xfb137243) fmadd.d ft4, ft6, fa7, ft11
core   0: 1 0x0000000080004fae (0xfb137243) f4  0x7ff8000000000000
core   0: 0x0000000080004fb2 (0x00000001) c.nop
core   0: 1 0x0000000080004fb2 (0x0001)
core   0: 0x0000000080004fb4 (0xff3b99b7) lui     s3, 0xff3b9
core   0: 1 0x0000000080004fb4 (0xff3b99b7) x19 0xffffffffff3b9000
core   0: 0x0000000080004fb8 (0x0009e113) ori     sp, s3, 0
core   0: 1 0x0000000080004fb8 (0x0009e113) x2  0xffffffffff3b9000
core   0: 0x0000000080004fbc (0x00235333) srl     t1, t1, sp
core   0: 1 0x0000000080004fbc (0x00235333) x6  0xffffffffc20f1000
core   0: 0x0000000080004fc0 (0x02b71413) slli    s0, a4, 43
core   0: 1 0x0000000080004fc0 (0x02b71413) x8  0x0000000000000000
core   0: 0x0000000080004fc4 (0x0137553b) srlw    a0, a4, s3
core   0: 1 0x0000000080004fc4 (0x0137553b) x10 0x0000000000000000
core   0: 0x0000000080004fc8 (0x01ad9d3b) sllw    s10, s11, s10
core   0: 1 0x0000000080004fc8 (0x01ad9d3b) x26 0x0000000000000008
core   0: 0x0000000080004fcc (0x0174199b) slliw   s3, s0, 23
core   0: 1 0x0000000080004fcc (0x0174199b) x19 0x0000000000000000
core   0: 0x0000000080004fd0 (0xd039fb53) fcvt.s.lu fs6, s3
core   0: 1 0x0000000080004fd0 (0xd039fb53) f22 0xffffffff00000000
core   0: 0x0000000080004fd4 (0xc20875d3) fcvt.w.d a1, fa6
core   0: 1 0x0000000080004fd4 (0xc20875d3) c1_fflags 0x000000000000001b x11 0x000000007fffffff
core   0: 0x0000000080004fd8 (0x51dce697) auipc   a3, 0x51dce
core   0: 1 0x0000000080004fd8 (0x51dce697) x13 0x00000000d1dd2fd8
core   0: 0x0000000080004fdc (0x23b48753) fsgnj.d fa4, fs1, fs11
core   0: 1 0x0000000080004fdc (0x23b48753) f14 0xfff8000000000000
core   0: 0x0000000080004fe0 (0xd02af4d3) fcvt.s.l fs1, s5
core   0: 1 0x0000000080004fe0 (0xd02af4d3) f9  0xffffffffc5800000
core   0: 0x0000000080004fe4 (0x01ca9e33) sll     t3, s5, t3
core   0: 1 0x0000000080004fe4 (0x01ca9e33) x28 0xfffffc0000000000
core   0: 0x0000000080004fe8 (0xd20e0f53) fcvt.d.w ft10, t3
core   0: 1 0x0000000080004fe8 (0xd20e0f53) f30 0x0000000000000000
core   0: 0x0000000080004fec (0x231f28d3) fsgnjx.d fa7, ft10, fa7
core   0: 1 0x0000000080004fec (0x231f28d3) f17 0x0000000000000000
core   0: 0x0000000080004ff0 (0x03defcb3) remu    s9, t4, t4
core   0: 1 0x0000000080004ff0 (0x03defcb3) x25 0x0000000000000000
core   0: 0x0000000080004ff4 (0xd2168dd3) fcvt.d.wu fs11, a3
core   0: 1 0x0000000080004ff4 (0xd2168dd3) f27 0x41ea3ba5fb000000
core   0: 0x0000000080004ff8 (0xd21687d3) fcvt.d.wu fa5, a3
core   0: 1 0x0000000080004ff8 (0xd21687d3) f15 0x41ea3ba5fb000000
core   0: 0x0000000080004ffc (0xf2068353) fmv.d.x ft6, a3
core   0: 1 0x0000000080004ffc (0xf2068353) f6  0x00000000d1dd2fd8
core   0: 0x0000000080005000 (0x32b7ff43) fmadd.d ft10, fa5, fa1, ft6
core   0: 1 0x0000000080005000 (0x32b7ff43) f30 0x00000000d1dd2fd8
core   0: 0x0000000080005004 (0x01f8901b) slliw   zero, a7, 31
core   0: 1 0x0000000080005004 (0x01f8901b)
core   0: 0x0000000080005008 (0x4166d89b) sraiw   a7, a3, 22
core   0: 1 0x0000000080005008 (0x4166d89b) x17 0xffffffffffffff47
core   0: 0x000000008000500c (0x13f7ffd3) fmul.d  ft11, fa5, ft11
core   0: 1 0x000000008000500c (0x13f7ffd3) f31 0x7ff8000000000000
core   0: 0x0000000080005010 (0x415989bb) subw    s3, s3, s5
core   0: 1 0x0000000080005010 (0x415989bb) x19 0x0000000000001000
core   0: 0x0000000080005014 (0xc2347253) fcvt.lu.d tp, fs0
core   0: 1 0x0000000080005014 (0xc2347253) c1_fflags 0x000000000000001b x4  0x0000000000000000
core   0: 0x0000000080005018 (0x00d5e0b3) or      ra, a1, a3
core   0: 1 0x0000000080005018 (0x00d5e0b3) x1  0x00000000ffffffff
core   0: 0x000000008000501c (0x008e6633) or      a2, t3, s0
core   0: 1 0x000000008000501c (0x008e6633) x12 0xfffffc0000000000
core   0: 0x0000000080005020 (0x3fee841b) addiw   s0, t4, 1022
core   0: 1 0x0000000080005020 (0x3fee841b) x8  0x00000000000003fe
core   0: 0x0000000080005024 (0xd2247853) fcvt.d.l fa6, s0
core   0: 1 0x0000000080005024 (0xd2247853) f16 0x408ff00000000000
core   0: 0x0000000080005028 (0x02f43533) mulhu   a0, s0, a5
core   0: 1 0x0000000080005028 (0x02f43533) x10 0x0000000000000000
core   0: 0x000000008000502c (0x00f7923b) sllw    tp, a5, a5
core   0: 1 0x000000008000502c (0x00f7923b) x4  0x0000000013e38000
core   0: 0x0000000080005030 (0x00fbda3b) srlw    s4, s7, a5
core   0: 1 0x0000000080005030 (0x00fbda3b) x20 0x000000000003ffff
core   0: 0x0000000080005034 (0x40e5073b) subw    a4, a0, a4
core   0: 1 0x0000000080005034 (0x40e5073b) x14 0x0000000000000000
core   0: 0x0000000080005038 (0x8006061b) addiw   a2, a2, -2048
core   0: 1 0x0000000080005038 (0x8006061b) x12 0xfffffffffffff800
core   0: 0x000000008000503c (0xc22f76d3) fcvt.l.d a3, ft10
core   0: 1 0x000000008000503c (0xc22f76d3) c1_fflags 0x000000000000001b x13 0x0000000000000000
core   0: 0x0000000080005040 (0xd2168553) fcvt.d.wu fa0, a3
core   0: 1 0x0000000080005040 (0xd2168553) f10 0x0000000000000000
core   0: 0x0000000080005044 (0x6bfff6c3) fmadd.d fa3, ft11, ft11, fa3
core   0: 1 0x0000000080005044 (0x6bfff6c3) f13 0x7ff8000000000000
core   0: 0x0000000080005048 (0x2adc1c53) fmax.d  fs8, fs8, fa3
core   0: 1 0x0000000080005048 (0x2adc1c53) f24 0x7ff8000000000000
core   0: 0x000000008000504c (0x001610b3) sll     ra, a2, ra
core   0: 1 0x000000008000504c (0x001610b3) x1  0x0000000000000000
core   0: 0x0000000080005050 (0xd03774d3) fcvt.s.lu fs1, a4
core   0: 1 0x0000000080005050 (0xd03774d3) f9  0xffffffff00000000
core   0: 0x0000000080005054 (0x01361233) sll     tp, a2, s3
core   0: 1 0x0000000080005054 (0x01361233) x4  0xfffffffffffff800
core   0: 0x0000000080005058 (0x033e32b3) mulhu   t0, t3, s3
core   0: 1 0x0000000080005058 (0x033e32b3) x5  0x0000000000000fff
core   0: 0x000000008000505c (0x1228f147) fmsub.d ft2, fa7, ft2, ft2
core   0: 1 0x000000008000505c (0x1228f147) f2  0x7ff8000000000000
core   0: 0x0000000080005060 (0xd21686d3) fcvt.d.wu fa3, a3
core   0: 1 0x0000000080005060 (0xd21686d3) f13 0x0000000000000000
core   0: 0x0000000080005064 (0x024755b3) divu    a1, a4, tp
core   0: 1 0x0000000080005064 (0x024755b3) x11 0x0000000000000000
core   0: 0x0000000080005068 (0x0022d81b) srliw   a6, t0, 2
core   0: 1 0x0000000080005068 (0x0022d81b) x16 0x00000000000003ff
core   0: 0x000000008000506c (0xc233f153) fcvt.lu.d sp, ft7
core   0: 1 0x000000008000506c (0xc233f153) c1_fflags 0x000000000000001b x2  0xffffffffffffffff
core   0: 0x0000000080005070 (0x00008ca5) c.xor   s1, s1
core   0: 1 0x0000000080005070 (0x8ca5) x9  0x0000000000000000
core   0: 0x0000000080005072 (0xfa21724b) fnmsub.d ft4, ft2, ft2, ft11
core   0: 1 0x0000000080005072 (0xfa21724b) f4  0x7ff8000000000000
core   0: 0x0000000080005076 (0x017edebb) srlw    t4, t4, s7
core   0: 1 0x0000000080005076 (0x017edebb) x29 0x0000000000000000
core   0: 0x000000008000507a (0x7ba6c413) xori    s0, a3, 1978
core   0: 1 0x000000008000507a (0x7ba6c413) x8  0x00000000000007ba
core   0: 0x000000008000507e (0x2a621ad3) fmax.d  fs5, ft4, ft6
core   0: 1 0x000000008000507e (0x2a621ad3) f21 0x00000000d1dd2fd8
core   0: 0x0000000080005082 (0xd031ff53) fcvt.s.lu ft10, gp
core   0: 1 0x0000000080005082 (0xd031ff53) f30 0xffffffff00000000
core   0: 0x0000000080005086 (0x024af8bb) remuw   a7, s5, tp
core   0: 1 0x0000000080005086 (0x024af8bb) x17 0xfffffffffffff000
core   0: 0x000000008000508a (0x0b837cd3) fsub.d  fs9, ft6, fs8
core   0: 1 0x000000008000508a (0x0b837cd3) f25 0x7ff8000000000000
core   0: 0x000000008000508e (0x13eafcd3) fmul.d  fs9, fs5, ft10
core   0: 1 0x000000008000508e (0x13eafcd3) f25 0x7ff8000000000000
core   0: 0x0000000080005092 (0x037c443b) divw    s0, s8, s7
core   0: 1 0x0000000080005092 (0x037c443b) x8  0x0000000009248b64
core   0: 0x0000000080005096 (0x0039191b) slliw   s2, s2, 3
core   0: 1 0x0000000080005096 (0x0039191b) x18 0xffffffffffff93a0
core   0: 0x000000008000509a (0x2ad986d3) fmin.d  fa3, fs3, fa3
core   0: 1 0x000000008000509a (0x2ad986d3) f13 0x0000000000000000
core   0: 0x000000008000509e (0xc20e7cd3) fcvt.w.d s9, ft8
core   0: 1 0x000000008000509e (0xc20e7cd3) c1_fflags 0x000000000000001b x25 0x000000007fffffff
core   0: 0x00000000800050a2 (0x2b030853) fmin.d  fa6, ft6, fa6
core   0: 1 0x00000000800050a2 (0x2b030853) f16 0x00000000d1dd2fd8
core   0: 0x00000000800050a6 (0x00202673) csrrs   a2, frm, zero
core   0: 1 0x00000000800050a6 (0x00202673) x12 0x0000000000000000
core   0: 0x00000000800050aa (0x008a193b) sllw    s2, s4, s0
core   0: 1 0x00000000800050aa (0x008a193b) x18 0x00000000003ffff0
core   0: 0x00000000800050ae (0x02cd7333) remu    t1, s10, a2
core   0: 1 0x00000000800050ae (0x02cd7333) x6  0x0000000000000008
core   0: 0x00000000800050b2 (0x0000387d) c.addiw a6, -1
core   0: 1 0x00000000800050b2 (0x387d) x16 0x00000000000003fe
core   0: 0x00000000800050b4 (0x01fbdb93) srli    s7, s7, 31
core   0: 1 0x00000000800050b4 (0x01fbdb93) x23 0x00000001ffffffff
core   0: 0x00000000800050b8 (0x006404bb) addw    s1, s0, t1
core   0: 1 0x00000000800050b8 (0x006404bb) x9  0x0000000009248b6c
core   0: 0x00000000800050bc (0xc216f0d3) fcvt.wu.d ra, fa3
core   0: 1 0x00000000800050bc (0xc216f0d3) x1  0x0000000000000000
core   0: 0x00000000800050c0 (0xd02bf5d3) fcvt.s.l fa1, s7
core   0: 1 0x00000000800050c0 (0xd02bf5d3) c1_fflags 0x000000000000001b f11 0xffffffff50000000
core   0: 0x00000000800050c4 (0x0f3aea93) ori     s5, s5, 243
core   0: 1 0x00000000800050c4 (0x0f3aea93) x21 0xfffffffffffff0f3
core   0: 0x00000000800050c8 (0x4169521b) sraiw   tp, s2, 22
core   0: 1 0x00000000800050c8 (0x4169521b) x4  0x0000000000000000
core   0: 0x00000000800050cc (0x00f3f7b3) and     a5, t2, a5
core   0: 1 0x00000000800050cc (0x00f3f7b3) x15 0x0000000000000000
core   0: 0x00000000800050d0 (0x402edd3b) sraw    s10, t4, sp
core   0: 1 0x00000000800050d0 (0x402edd3b) x26 0x0000000000000000
core   0: 0x00000000800050d4 (0x0331713b) remuw   sp, sp, s3
core   0: 1 0x00000000800050d4 (0x0331713b) x2  0x0000000000000fff
core   0: 0x00000000800050d8 (0xf9f3b437) lui     s0, 0xf9f3b
core   0: 1 0x00000000800050d8 (0xf9f3b437) x8  0xfffffffff9f3b000
core   0: 0x00000000800050dc (0xd014041b) addiw   s0, s0, -767
core   0: 1 0x00000000800050dc (0xd014041b) x8  0xfffffffff9f3ad01
core   0: 0x00000000800050e0 (0x00000432) c.slli  s0, 12
core   0: 1 0x00000000800050e0 (0x0432) x8  0xffffff9f3ad01000
core   0: 0x00000000800050e2 (0x39440413) addi    s0, s0, 916
core   0: 1 0x00000000800050e2 (0x39440413) x8  0xffffff9f3ad01394
core   0: 0x00000000800050e6 (0xc8036673) csrrsi  a2, cycleh, 6
core   0: exception trap_illegal_instruction, epc 0x00000000800050e6
core   0:           tval 0x00000000c8036673
core   0: >>>>  $xrv64i2p1_m2p0_a2p1_f2p2_d2p2_zicsr2p0_zifencei2p0_zmmul1p0_zba1p0_zbb1p0_zbc1p0_zbs1p0
core   0: 0x0000000080004000 (0x0080006f) j       pc + 0x8
core   0: 3 0x0000000080004000 (0x0080006f)
core   0: >>>>  mmode_exception_handler
core   0: 0x0000000080004008 (0x00002c17) auipc   s8, 0x2
core   0: 3 0x0000000080004008 (0x00002c17) x24 0x0000000080006008
core   0: 0x000000008000400c (0x076c0c13) addi    s8, s8, 118
core   0: 3 0x000000008000400c (0x076c0c13) x24 0x000000008000607e
core   0: 0x0000000080004010 (0x000c00e7) jalr    s8
core   0: 3 0x0000000080004010 (0x000c00e7) x1  0x0000000080004014
core   0: >>>>  any_handler
core   0: 0x000000008000607e (0x341027f3) csrrs   a5, mepc, zero
core   0: 3 0x000000008000607e (0x341027f3) x15 0x00000000800050e6
core   0: 0x0000000080006082 (0x34202773) csrrs   a4, mcause, zero
core   0: 3 0x0000000080006082 (0x34202773) x14 0x0000000000000002
core   0: 0x0000000080006086 (0x142026f3) csrrs   a3, scause, zero
core   0: 3 0x0000000080006086 (0x142026f3) x13 0x0000000000000000
core   0: 0x000000008000608a (0x30402673) csrrs   a2, mie, zero
core   0: 3 0x000000008000608a (0x30402673) x12 0x0000000000000a00
core   0: 0x000000008000608e (0x344025f3) csrrs   a1, mip, zero
core   0: 3 0x000000008000608e (0x344025f3) x11 0x0000000000000080
core   0: 0x0000000080006092 (0x343025f3) csrrs   a1, mtval, zero
core   0: 3 0x0000000080006092 (0x343025f3) x11 0x00000000c8036673
core   0: 0x0000000080006096 (0x14302573) csrrs   a0, stval, zero
core   0: 3 0x0000000080006096 (0x14302573) x10 0x0000000000000000
core   0: 0x000000008000609a (0xb02024f3) csrrs   s1, minstret, zero
core   0: 3 0x000000008000609a (0xb02024f3) x9  0x0000000000000e52
core   0: 0x000000008000609e (0x0000a811) c.j     pc + 20
core   0: 3 0x000000008000609e (0xa811)
core   0: >>>>  mepc_4
core   0: 0x00000000800060b2 (0x00000791) c.addi  a5, 4
core   0: 3 0x00000000800060b2 (0x0791) x15 0x00000000800050ea
core   0: 0x00000000800060b4 (0x34179073) csrrw   zero, mepc, a5
core   0: 3 0x00000000800060b4 (0x34179073) c833_mepc 0x00000000800050ea
core   0: 0x00000000800060b8 (0x30200073) mret
core   0: 3 0x00000000800060b8 (0x30200073) c768_mstatus 0x8000000a00106080
core   0: 0x00000000800050ea (0x00c152b3) srl     t0, sp, a2
core   0: 1 0x00000000800050ea (0x00c152b3) x5  0x0000000000000fff
core   0: 0x00000000800050ee (0x00aed833) srl     a6, t4, a0
core   0: 1 0x00000000800050ee (0x00aed833) x16 0x0000000000000000
core   0: 0x00000000800050f2 (0x40970cbb) subw    s9, a4, s1
core   0: 1 0x00000000800050f2 (0x40970cbb) x25 0xfffffffffffff1b0
core   0: 0x00000000800050f6 (0x40ae0633) sub     a2, t3, a0
core   0: 1 0x00000000800050f6 (0x40ae0633) x12 0xfffffc0000000000
core   0: 0x00000000800050fa (0x002d57bb) srlw    a5, s10, sp
core   0: 1 0x00000000800050fa (0x002d57bb) x15 0x0000000000000000
core   0: 0x00000000800050fe (0x00b095b3) sll     a1, ra, a1
core   0: 1 0x00000000800050fe (0x00b095b3) x11 0x00a0000000000000
core   0: 0x0000000080005102 (0xf13459f3) csrrwi  s3, mimpid, 8
core   0: exception trap_illegal_instruction, epc 0x0000000080005102
core   0:           tval 0x00000000f13459f3
core   0: >>>>  $xrv64i2p1_m2p0_a2p1_f2p2_d2p2_zicsr2p0_zifencei2p0_zmmul1p0_zba1p0_zbb1p0_zbc1p0_zbs1p0
core   0: 0x0000000080004000 (0x0080006f) j       pc + 0x8
core   0: 3 0x0000000080004000 (0x0080006f)
core   0: >>>>  mmode_exception_handler
core   0: 0x0000000080004008 (0x00002c17) auipc   s8, 0x2
core   0: 3 0x0000000080004008 (0x00002c17) x24 0x0000000080006008
core   0: 0x000000008000400c (0x076c0c13) addi    s8, s8, 118
core   0: 3 0x000000008000400c (0x076c0c13) x24 0x000000008000607e
core   0: 0x0000000080004010 (0x000c00e7) jalr    s8
core   0: 3 0x0000000080004010 (0x000c00e7) x1  0x0000000080004014
core   0: >>>>  any_handler
core   0: 0x000000008000607e (0x341027f3) csrrs   a5, mepc, zero
core   0: 3 0x000000008000607e (0x341027f3) x15 0x0000000080005102
core   0: 0x0000000080006082 (0x34202773) csrrs   a4, mcause, zero
core   0: 3 0x0000000080006082 (0x34202773) x14 0x0000000000000002
core   0: 0x0000000080006086 (0x142026f3) csrrs   a3, scause, zero
core   0: 3 0x0000000080006086 (0x142026f3) x13 0x0000000000000000
core   0: 0x000000008000608a (0x30402673) csrrs   a2, mie, zero
core   0: 3 0x000000008000608a (0x30402673) x12 0x0000000000000a00
core   0: 0x000000008000608e (0x344025f3) csrrs   a1, mip, zero
core   0: 3 0x000000008000608e (0x344025f3) x11 0x0000000000000080
core   0: 0x0000000080006092 (0x343025f3) csrrs   a1, mtval, zero
core   0: 3 0x0000000080006092 (0x343025f3) x11 0x00000000f13459f3
core   0: 0x0000000080006096 (0x14302573) csrrs   a0, stval, zero
core   0: 3 0x0000000080006096 (0x14302573) x10 0x0000000000000000
core   0: 0x000000008000609a (0xb02024f3) csrrs   s1, minstret, zero
core   0: 3 0x000000008000609a (0xb02024f3) x9  0x0000000000000e68
core   0: 0x000000008000609e (0x0000a811) c.j     pc + 20
core   0: 3 0x000000008000609e (0xa811)
core   0: >>>>  mepc_4
core   0: 0x00000000800060b2 (0x00000791) c.addi  a5, 4
core   0: 3 0x00000000800060b2 (0x0791) x15 0x0000000080005106
core   0: 0x00000000800060b4 (0x34179073) csrrw   zero, mepc, a5
core   0: 3 0x00000000800060b4 (0x34179073) c833_mepc 0x0000000080005106
core   0: 0x00000000800060b8 (0x30200073) mret
core   0: 3 0x00000000800060b8 (0x30200073) c768_mstatus 0x8000000a00106080
core   0: 0x0000000080005106 (0x0045f5b3) and     a1, a1, tp
core   0: 1 0x0000000080005106 (0x0045f5b3) x11 0x0000000000000000
core   0: 0x000000008000510a (0x40a55433) sra     s0, a0, a0
core   0: 1 0x000000008000510a (0x40a55433) x8  0x0000000000000000
core   0: 0x000000008000510e (0x03ad5d3b) divuw   s10, s10, s10
core   0: 1 0x000000008000510e (0x03ad5d3b) x26 0xffffffffffffffff
core   0: 0x0000000080005112 (0xd0247853) fcvt.s.l fa6, s0
core   0: 1 0x0000000080005112 (0xd0247853) f16 0xffffffff00000000
core   0: 0x0000000080005116 (0x00f58b3b) addw    s6, a1, a5
core   0: 1 0x0000000080005116 (0x00f58b3b) x22 0xffffffff80005106
core   0: 0x000000008000511a (0x00f39033) sll     zero, t2, a5
core   0: 1 0x000000008000511a (0x00f39033)
core   0: 0x000000008000511e (0x222c2c53) fsgnjx.d fs8, fs8, ft2
core   0: 1 0x000000008000511e (0x222c2c53) f24 0x7ff8000000000000
core   0: 0x0000000080005122 (0x400b0533) sub     a0, s6, zero
core   0: 1 0x0000000080005122 (0x400b0533) x10 0xffffffff80005106
core   0: 0x0000000080005126 (0x138c7253) fmul.d  ft4, fs8, fs8
core   0: 1 0x0000000080005126 (0x138c7253) f4  0x7ff8000000000000
core   0: 0x000000008000512a (0x4144d61b) sraiw   a2, s1, 20
core   0: 1 0x000000008000512a (0x4144d61b) x12 0x0000000000000000
core   0: 0x000000008000512e (0xd21d8cd3) fcvt.d.wu fs9, s11
core   0: 1 0x000000008000512e (0xd21d8cd3) f25 0x4020000000000000
core   0: 0x0000000080005132 (0x0103833b) addw    t1, t2, a6
core   0: 1 0x0000000080005132 (0x0103833b) x6  0x0000000000000000
core   0: 0x0000000080005136 (0x5a0d7853) fsqrt.d fa6, fs10
core   0: 1 0x0000000080005136 (0x5a0d7853) c1_fflags 0x000000000000001b f16 0x41efffffffffffff
core   0: 0x000000008000513a (0xd41bf9b7) lui     s3, 0xd41bf
core   0: 1 0x000000008000513a (0xd41bf9b7) x19 0xffffffffd41bf000
core   0: 0x000000008000513e (0x401b86bb) subw    a3, s7, ra
core   0: 1 0x000000008000513e (0x401b86bb) x13 0x000000007fffbfeb
core   0: 0x0000000080005142 (0x0230f5b3) remu    a1, ra, gp
core   0: 1 0x0000000080005142 (0x0230f5b3) x11 0x0000000080004014
core   0: 0x0000000080005146 (0x23090953) fsgnj.d fs2, fs2, fa6
core   0: 1 0x0000000080005146 (0x23090953) f18 0x0000000000000000
core   0: 0x000000008000514a (0x00025713) srli    a4, tp, 0
core   0: 1 0x000000008000514a (0x00025713) x14 0x0000000000000000
core   0: 0x000000008000514e (0xc20970d3) fcvt.w.d ra, fs2
core   0: 1 0x000000008000514e (0xc20970d3) x1  0x0000000000000000
core   0: 0x0000000080005152 (0x000a8e9b) sext.w  t4, s5
core   0: 1 0x0000000080005152 (0x000a8e9b) x29 0xfffffffffffff0f3
core   0: 0x0000000080005156 (0x001a1d73) csrrw   s10, fflags, s4
core   0: 1 0x0000000080005156 (0x001a1d73) x26 0x000000000000001b c1_fflags 0x000000000000001f
core   0: 0x000000008000515a (0x33eb78c3) fmadd.d fa7, fs6, ft10, ft6
core   0: 1 0x000000008000515a (0x33eb78c3) f17 0x7ff8000000000000
core   0: 0x000000008000515e (0x10605073) csrrwi  zero, scounteren, 0
core   0: 1 0x000000008000515e (0x10605073) c262_scounteren 0x0000000000000000
core   0: 0x0000000080005162 (0x03297553) fadd.d  fa0, fs2, fs2
core   0: 1 0x0000000080005162 (0x03297553) f10 0x0000000000000000
core   0: 0x0000000080005166 (0x00ec5733) srl     a4, s8, a4
core   0: 1 0x0000000080005166 (0x00ec5733) x14 0x000000008000607e
core   0: 0x000000008000516a (0x00000001) c.nop
core   0: 1 0x000000008000516a (0x0001)
core   0: 0x000000008000516c (0x00f010bb) sllw    ra, zero, a5
core   0: 1 0x000000008000516c (0x00f010bb) x1  0x0000000000000000
core   0: 0x0000000080005170 (0x227897d3) fsgnjn.d fa5, fa7, ft7
core   0: 1 0x0000000080005170 (0x227897d3) f15 0xfff8000000000000
core   0: 0x0000000080005174 (0x2bed0853) fmin.d  fa6, fs10, ft10
core   0: 1 0x0000000080005174 (0x2bed0853) f16 0x43efffffffffffff
core   0: 0x0000000080005178 (0xc02874d3) fcvt.l.s s1, fa6
core   0: 1 0x0000000080005178 (0xc02874d3) c1_fflags 0x000000000000001f x9  0x7fffffffffffffff
core   0: 0x000000008000517c (0x0354a233) mulhsu  tp, s1, s5
core   0: 1 0x000000008000517c (0x0354a233) x4  0x7ffffffffffff878
core   0: 0x0000000080005180 (0xc2157e53) fcvt.wu.d t3, fa0
core   0: 1 0x0000000080005180 (0xc2157e53) x28 0x0000000000000000
core   0: 0x0000000080005184 (0xc211f8d3) fcvt.wu.d a7, ft3
core   0: 1 0x0000000080005184 (0xc211f8d3) c1_fflags 0x000000000000001f x17 0xffffffffffffffff
core   0: 0x0000000080005188 (0xfff26e93) ori     t4, tp, -1
core   0: 1 0x0000000080005188 (0xfff26e93) x29 0xffffffffffffffff
core   0: 0x000000008000518c (0x412b5033) sra     zero, s6, s2
core   0: 1 0x000000008000518c (0x412b5033)
core   0: 0x0000000080005190 (0x013087bb) addw    a5, ra, s3
core   0: 1 0x0000000080005190 (0x013087bb) x15 0xffffffffd41bf000
core   0: 0x0000000080005194 (0x02f3473b) divw    a4, t1, a5
core   0: 1 0x0000000080005194 (0x02f3473b) x14 0x0000000000000000
core   0: 0x0000000080005198 (0x02007a53) fadd.d  fs4, ft0, ft0
core   0: 1 0x0000000080005198 (0x02007a53) f20 0x7ff8000000000000
core   0: 0x000000008000519c (0xc2007453) fcvt.w.d s0, ft0
core   0: 1 0x000000008000519c (0xc2007453) c1_fflags 0x000000000000001f x8  0x000000007fffffff
core   0: 0x00000000800051a0 (0x00e1b037) lui     zero, 0xe1b
core   0: 1 0x00000000800051a0 (0x00e1b037)
core   0: 0x00000000800051a4 (0x55d0001b) addiw   zero, zero, 1373
core   0: 1 0x00000000800051a4 (0x55d0001b)
core   0: 0x00000000800051a8 (0x00f01013) slli    zero, zero, 15
core   0: 1 0x00000000800051a8 (0x00f01013)
core   0: 0x00000000800051ac (0xcc200013) li      zero, -830
core   0: 1 0x00000000800051ac (0xcc200013)
core   0: 0x00000000800051b0 (0x0107551b) srliw   a0, a4, 16
core   0: 1 0x00000000800051b0 (0x0107551b) x10 0x0000000000000000
core   0: 0x00000000800051b4 (0xaa427c4f) fnmadd.d fs8, ft4, ft4, fs5
core   0: 1 0x00000000800051b4 (0xaa427c4f) f24 0x7ff8000000000000
core   0: 0x00000000800051b8 (0xa2a504d3) fle.d   s1, fa0, fa0
core   0: 1 0x00000000800051b8 (0xa2a504d3) x9  0x0000000000000001
core   0: 0x00000000800051bc (0x4024d933) sra     s2, s1, sp
core   0: 1 0x00000000800051bc (0x4024d933) x18 0x0000000000000000
core   0: 0x00000000800051c0 (0xa34276cb) fnmsub.d fa3, ft4, fs4, fs4
core   0: 1 0x00000000800051c0 (0xa34276cb) f13 0x7ff8000000000000
core   0: 0x00000000800051c4 (0x02bc96b3) mulh    a3, s9, a1
core   0: 1 0x00000000800051c4 (0x02bc96b3) x13 0xffffffffffffffff
core   0: 0x00000000800051c8 (0xff96fc37) lui     s8, 0xff96f
core   0: 1 0x00000000800051c8 (0xff96fc37) x24 0xffffffffff96f000
core   0: 0x00000000800051cc (0x41fc0c1b) addiw   s8, s8, 1055
core   0: 1 0x00000000800051cc (0x41fc0c1b) x24 0xffffffffff96f41f
core   0: 0x00000000800051d0 (0x00000c32) c.slli  s8, 12
core   0: 1 0x00000000800051d0 (0x0c32) x24 0xfffffff96f41f000
core   0: 0x00000000800051d2 (0x753c0c13) addi    s8, s8, 1875
core   0: 1 0x00000000800051d2 (0x753c0c13) x24 0xfffffff96f41f753
core   0: 0x00000000800051d6 (0x2210a0d3) fsgnjx.d ft1, ft1, ft1
core   0: 1 0x00000000800051d6 (0x2210a0d3) f1  0x7ff8000000000000
core   0: 0x00000000800051da (0x0381f833) remu    a6, gp, s8
core   0: 1 0x00000000800051da (0x0381f833) x16 0x0000000000000000
core   0: 0x00000000800051de (0xfad02097) auipc   ra, 0xfad02
core   0: 1 0x00000000800051de (0xfad02097) x1  0x000000007ad071de
core   0: 0x00000000800051e2 (0x010191bb) sllw    gp, gp, a6
core   0: 1 0x00000000800051e2 (0x010191bb) x3  0x0000000000000000
core   0: 0x00000000800051e6 (0x02d176bb) remuw   a3, sp, a3
core   0: 1 0x00000000800051e6 (0x02d176bb) x13 0x0000000000000fff
core   0: 0x00000000800051ea (0x00f3531b) srliw   t1, t1, 15
core   0: 1 0x00000000800051ea (0x00f3531b) x6  0x0000000000000000
core   0: 0x00000000800051ee (0x026efebb) remuw   t4, t4, t1
core   0: 1 0x00000000800051ee (0x026efebb) x29 0xffffffffffffffff
core   0: 0x00000000800051f2 (0xdb754513) xori    a0, a0, -585
core   0: 1 0x00000000800051f2 (0xdb754513) x10 0xfffffffffffffdb7
core   0: 0x00000000800051f6 (0x0ff0000f) fence   iorw,iorw
core   0: 1 0x00000000800051f6 (0x0ff0000f)
core   0: 0x00000000800051fa (0x9bb9fdc7) fmsub.d fs11, fs3, fs11, fs3
core   0: 1 0x00000000800051fa (0x9bb9fdc7) f27 0x7ff8000000000000
core   0: 0x00000000800051fe (0xc05c5673) csrrwi  a2, hpmcounter5, 24
core   0: exception trap_illegal_instruction, epc 0x00000000800051fe
core   0:           tval 0x00000000c05c5673
core   0: >>>>  $xrv64i2p1_m2p0_a2p1_f2p2_d2p2_zicsr2p0_zifencei2p0_zmmul1p0_zba1p0_zbb1p0_zbc1p0_zbs1p0
core   0: 0x0000000080004000 (0x0080006f) j       pc + 0x8
core   0: 3 0x0000000080004000 (0x0080006f)
core   0: >>>>  mmode_exception_handler
core   0: 0x0000000080004008 (0x00002c17) auipc   s8, 0x2
core   0: 3 0x0000000080004008 (0x00002c17) x24 0x0000000080006008
core   0: 0x000000008000400c (0x076c0c13) addi    s8, s8, 118
core   0: 3 0x000000008000400c (0x076c0c13) x24 0x000000008000607e
core   0: 0x0000000080004010 (0x000c00e7) jalr    s8
core   0: 3 0x0000000080004010 (0x000c00e7) x1  0x0000000080004014
core   0: >>>>  any_handler
core   0: 0x000000008000607e (0x341027f3) csrrs   a5, mepc, zero
core   0: 3 0x000000008000607e (0x341027f3) x15 0x00000000800051fe
core   0: 0x0000000080006082 (0x34202773) csrrs   a4, mcause, zero
core   0: 3 0x0000000080006082 (0x34202773) x14 0x0000000000000002
core   0: 0x0000000080006086 (0x142026f3) csrrs   a3, scause, zero
core   0: 3 0x0000000080006086 (0x142026f3) x13 0x0000000000000000
core   0: 0x000000008000608a (0x30402673) csrrs   a2, mie, zero
core   0: 3 0x000000008000608a (0x30402673) x12 0x0000000000000a00
core   0: 0x000000008000608e (0x344025f3) csrrs   a1, mip, zero
core   0: 3 0x000000008000608e (0x344025f3) x11 0x0000000000000080
core   0: 0x0000000080006092 (0x343025f3) csrrs   a1, mtval, zero
core   0: 3 0x0000000080006092 (0x343025f3) x11 0x00000000c05c5673
core   0: 0x0000000080006096 (0x14302573) csrrs   a0, stval, zero
core   0: 3 0x0000000080006096 (0x14302573) x10 0x0000000000000000
core   0: 0x000000008000609a (0xb02024f3) csrrs   s1, minstret, zero
core   0: 3 0x000000008000609a (0xb02024f3) x9  0x0000000000000eb7
core   0: 0x000000008000609e (0x0000a811) c.j     pc + 20
core   0: 3 0x000000008000609e (0xa811)
core   0: >>>>  mepc_4
core   0: 0x00000000800060b2 (0x00000791) c.addi  a5, 4
core   0: 3 0x00000000800060b2 (0x0791) x15 0x0000000080005202
core   0: 0x00000000800060b4 (0x34179073) csrrw   zero, mepc, a5
core   0: 3 0x00000000800060b4 (0x34179073) c833_mepc 0x0000000080005202
core   0: 0x00000000800060b8 (0x30200073) mret
core   0: 3 0x00000000800060b8 (0x30200073) c768_mstatus 0x8000000a00106080
core   0: 0x0000000080005202 (0x016e9d3b) sllw    s10, t4, s6
core   0: 1 0x0000000080005202 (0x016e9d3b) x26 0xffffffffffffffc0
core   0: 0x0000000080005206 (0x001417f3) csrrw   a5, fflags, s0
core   0: 1 0x0000000080005206 (0x001417f3) x15 0x000000000000001f c1_fflags 0x000000000000001f
core   0: 0x000000008000520a (0x0057d2b3) srl     t0, a5, t0
core   0: 1 0x000000008000520a (0x0057d2b3) x5  0x0000000000000000
core   0: 0x000000008000520e (0x02cb75b3) remu    a1, s6, a2
core   0: 1 0x000000008000520e (0x02cb75b3) x11 0x0000000000000906
core   0: 0x0000000080005212 (0x4010fed3) fcvt.s.d ft9, ft1
core   0: 1 0x0000000080005212 (0x4010fed3) f29 0xffffffff7fc00000
core   0: 0x0000000080005216 (0x03777a33) remu    s4, a4, s7
core   0: 1 0x0000000080005216 (0x03777a33) x20 0x0000000000000002
core   0: 0x000000008000521a (0x00010e1b) sext.w  t3, sp
core   0: 1 0x000000008000521a (0x00010e1b) x28 0x0000000000000fff
core   0: 0x000000008000521e (0x03b75533) divu    a0, a4, s11
core   0: 1 0x000000008000521e (0x03b75533) x10 0x0000000000000000
core   0: 0x0000000080005222 (0x1249f253) fmul.d  ft4, fs3, ft4
core   0: 1 0x0000000080005222 (0x1249f253) f4  0x7ff8000000000000
core   0: 0x0000000080005226 (0x019c8bbb) addw    s7, s9, s9
core   0: 1 0x0000000080005226 (0x019c8bbb) x23 0xffffffffffffe360
core   0: 0x000000008000522a (0xa3d309d3) fle.d   s3, ft6, ft9
core   0: 1 0x000000008000522a (0xa3d309d3) c1_fflags 0x000000000000001f x19 0x0000000000000000
core   0: 0x000000008000522e (0x41295dbb) sraw    s11, s2, s2
core   0: 1 0x000000008000522e (0x41295dbb) x27 0x0000000000000000
core   0: 0x0000000080005232 (0x4123093b) subw    s2, t1, s2
core   0: 1 0x0000000080005232 (0x4123093b) x18 0x0000000000000000
core   0: 0x0000000080005236 (0x40e3d0bb) sraw    ra, t2, a4
core   0: 1 0x0000000080005236 (0x40e3d0bb) x1  0x0000000000000000
core   0: 0x000000008000523a (0x0ff0000f) fence   iorw,iorw
core   0: 1 0x000000008000523a (0x0ff0000f)
core   0: 0x000000008000523e (0x00000001) c.nop
core   0: 1 0x000000008000523e (0x0001)
core   0: 0x0000000080005240 (0x0070d8bb) srlw    a7, ra, t2
core   0: 1 0x0000000080005240 (0x0070d8bb) x17 0x0000000000000000
core   0: 0x0000000080005244 (0x034b083b) mulw    a6, s6, s4
core   0: 1 0x0000000080005244 (0x034b083b) x16 0x000000000000a20c
core   0: 0x0000000080005248 (0x03055833) divu    a6, a0, a6
core   0: 1 0x0000000080005248 (0x03055833) x16 0x0000000000000000
core   0: 0x000000008000524c (0xd20506d3) fcvt.d.w fa3, a0
core   0: 1 0x000000008000524c (0xd20506d3) f13 0x0000000000000000
core   0: 0x0000000080005250 (0x0392f73b) remuw   a4, t0, s9
core   0: 1 0x0000000080005250 (0x0392f73b) x14 0x0000000000000000
core   0: 0x0000000080005254 (0xd0040d13) addi    s10, s0, -768
core   0: 1 0x0000000080005254 (0xd0040d13) x26 0x000000007ffffcff
core   0: 0x0000000080005258 (0x00000001) c.nop
core   0: 1 0x0000000080005258 (0x0001)
core   0: 0x000000008000525a (0xc206f953) fcvt.w.d s2, fa3
core   0: 1 0x000000008000525a (0xc206f953) x18 0x0000000000000000
core   0: 0x000000008000525e (0x016600bb) addw    ra, a2, s6
core   0: 1 0x000000008000525e (0x016600bb) x1  0xffffffff80005b06
core   0: 0x0000000080005262 (0x014bdeb3) srl     t4, s7, s4
core   0: 1 0x0000000080005262 (0x014bdeb3) x29 0x3ffffffffffff8d8
core   0: 0x0000000080005266 (0x40fc549b) sraiw   s1, s8, 15
core   0: 1 0x0000000080005266 (0x40fc549b) x9  0xffffffffffff0000
core   0: 0x000000008000526a (0x00131373) csrrw   t1, fflags, t1
core   0: 1 0x000000008000526a (0x00131373) x6  0x000000000000001f c1_fflags 0x0000000000000000
core   0: 0x000000008000526e (0x01da4ab3) xor     s5, s4, t4
core   0: 1 0x000000008000526e (0x01da4ab3) x21 0x3ffffffffffff8da
core   0: 0x0000000080005272 (0xc23af9d3) fcvt.lu.d s3, fs5
core   0: 1 0x0000000080005272 (0xc23af9d3) c1_fflags 0x0000000000000001 x19 0x0000000000000000
core   0: 0x0000000080005276 (0x144065f3) csrrsi  a1, sip, 0
core   0: 1 0x0000000080005276 (0x144065f3) x11 0x0000000000000000
core   0: 0x000000008000527a (0x00202073) csrrs   zero, frm, zero
core   0: 1 0x000000008000527a (0x00202073)
core   0: 0x000000008000527e (0x0005153b) sllw    a0, a0, zero
core   0: 1 0x000000008000527e (0x0005153b) x10 0x0000000000000000
core   0: 0x0000000080005282 (0x12db7f53) fmul.d  ft10, fs6, fa3
core   0: 1 0x0000000080005282 (0x12db7f53) f30 0x7ff8000000000000
core   0: 0x0000000080005286 (0x0486cb93) xori    s7, a3, 72
core   0: 1 0x0000000080005286 (0x0486cb93) x23 0x0000000000000048
core   0: 0x000000008000528a (0x00840e3b) addw    t3, s0, s0
core   0: 1 0x000000008000528a (0x00840e3b) x28 0xfffffffffffffffe
core   0: 0x000000008000528e (0xd03bf4d3) fcvt.s.lu fs1, s7
core   0: 1 0x000000008000528e (0xd03bf4d3) f9  0xffffffff42900000
core   0: 0x0000000080005292 (0x41d5d09b) sraiw   ra, a1, 29
core   0: 1 0x0000000080005292 (0x41d5d09b) x1  0x0000000000000000
core   0: 0x0000000080005296 (0x40705e33) sra     t3, zero, t2
core   0: 1 0x0000000080005296 (0x40705e33) x28 0x0000000000000000
core   0: 0x000000008000529a (0x002a94f3) csrrw   s1, frm, s5
core   0: 1 0x000000008000529a (0x002a94f3) x9  0x0000000000000000 c2_frm 0x0000000000000002
core   0: 0x000000008000529e (0x007755b3) srl     a1, a4, t2
core   0: 1 0x000000008000529e (0x007755b3) x11 0x0000000000000000
core   0: 0x00000000800052a2 (0x22fda7d3) fsgnjx.d fa5, fs11, fa5
core   0: 1 0x00000000800052a2 (0x22fda7d3) f15 0xfff8000000000000
core   0: 0x00000000800052a6 (0xb2a7f347) fmsub.d ft6, fa5, fa0, fs6
core   0: 1 0x00000000800052a6 (0xb2a7f347) f6  0x7ff8000000000000
core   0: 0x00000000800052aa (0x03876e3b) remw    t3, a4, s8
core   0: 1 0x00000000800052aa (0x03876e3b) x28 0x0000000000000000
core   0: 0x00000000800052ae (0x5a0f7c53) fsqrt.d fs8, ft10
core   0: 1 0x00000000800052ae (0x5a0f7c53) f24 0x7ff8000000000000
core   0: 0x00000000800052b2 (0x0019ed93) ori     s11, s3, 1
core   0: 1 0x00000000800052b2 (0x0019ed93) x27 0x0000000000000001
core   0: 0x00000000800052b6 (0x034a5cb3) divu    s9, s4, s4
core   0: 1 0x00000000800052b6 (0x034a5cb3) x25 0x0000000000000001
core   0: 0x00000000800052ba (0x5a0c7253) fsqrt.d ft4, fs8
core   0: 1 0x00000000800052ba (0x5a0c7253) f4  0x7ff8000000000000
core   0: 0x00000000800052be (0x5a0c7853) fsqrt.d fa6, fs8
core   0: 1 0x00000000800052be (0x5a0c7853) f16 0x7ff8000000000000
core   0: 0x00000000800052c2 (0x49c6c2b7) lui     t0, 0x49c6c
core   0: 1 0x00000000800052c2 (0x49c6c2b7) x5  0x0000000049c6c000
core   0: 0x00000000800052c6 (0x401a7ad3) fcvt.s.d fs5, fs4
core   0: 1 0x00000000800052c6 (0x401a7ad3) f21 0xffffffff7fc00000
core   0: 0x00000000800052ca (0x018a5bbb) srlw    s7, s4, s8
core   0: 1 0x00000000800052ca (0x018a5bbb) x23 0x0000000000000000
core   0: 0x00000000800052ce (0x58665337) lui     t1, 0x58665
core   0: 1 0x00000000800052ce (0x58665337) x6  0x0000000058665000
core   0: 0x00000000800052d2 (0xd02572d3) fcvt.s.l ft5, a0
core   0: 1 0x00000000800052d2 (0xd02572d3) f5  0xffffffff00000000
core   0: 0x00000000800052d6 (0x00bcedb3) or      s11, s9, a1
core   0: 1 0x00000000800052d6 (0x00bcedb3) x27 0x0000000000000001
core   0: 0x00000000800052da (0x0305663b) remw    a2, a0, a6
core   0: 1 0x00000000800052da (0x0305663b) x12 0x0000000000000000
core   0: 0x00000000800052de (0x0018d993) srli    s3, a7, 1
core   0: 1 0x00000000800052de (0x0018d993) x19 0x0000000000000000
core   0: 0x00000000800052e2 (0x00214133) xor     sp, sp, sp
core   0: 1 0x00000000800052e2 (0x00214133) x2  0x0000000000000000
core   0: 0x00000000800052e6 (0x0ff0000f) fence   iorw,iorw
core   0: 1 0x00000000800052e6 (0x0ff0000f)
core   0: 0x00000000800052ea (0x41b98db3) sub     s11, s3, s11
core   0: 1 0x00000000800052ea (0x41b98db3) x27 0xffffffffffffffff
core   0: 0x00000000800052ee (0x0095023b) addw    tp, a0, s1
core   0: 1 0x00000000800052ee (0x0095023b) x4  0x0000000000000000
core   0: 0x00000000800052f2 (0x0352c1b3) div     gp, t0, s5
core   0: 1 0x00000000800052f2 (0x0352c1b3) x3  0x0000000000000000
core   0: 0x00000000800052f6 (0x0054843b) addw    s0, s1, t0
core   0: 1 0x00000000800052f6 (0x0054843b) x8  0x0000000049c6c000
core   0: 0x00000000800052fa (0x6962f113) andi    sp, t0, 1686
core   0: 1 0x00000000800052fa (0x6962f113) x2  0x0000000000000000
core   0: 0x00000000800052fe (0x409403b3) sub     t2, s0, s1
core   0: 1 0x00000000800052fe (0x409403b3) x7  0x0000000049c6c000
core   0: 0x0000000080005302 (0xd239f353) fcvt.d.lu ft6, s3
core   0: 1 0x0000000080005302 (0xd239f353) f6  0x0000000000000000
core   0: 0x0000000080005306 (0x01bc4b33) xor     s6, s8, s11
core   0: 1 0x0000000080005306 (0x01bc4b33) x22 0xffffffff7fff9f81
core   0: 0x000000008000530a (0xd20702d3) fcvt.d.w ft5, a4
core   0: 1 0x000000008000530a (0xd20702d3) f5  0x0000000000000000
core   0: 0x000000008000530e (0x025da233) mulhsu  tp, s11, t0
core   0: 1 0x000000008000530e (0x025da233) x4  0xffffffffffffffff
core   0: 0x0000000080005312 (0x00d3c6b3) xor     a3, t2, a3
core   0: 1 0x0000000080005312 (0x00d3c6b3) x13 0x0000000049c6c000
core   0: 0x0000000080005316 (0x8efc7617) auipc   a2, 0x8efc7
core   0: 1 0x0000000080005316 (0x8efc7617) x12 0x000000000efcc316
core   0: 0x000000008000531a (0x0146149b) slliw   s1, a2, 20
core   0: 1 0x000000008000531a (0x0146149b) x9  0x0000000031600000
core   0: 0x000000008000531e (0x0a727153) fsub.d  ft2, ft4, ft7
core   0: 1 0x000000008000531e (0x0a727153) f2  0x7ff8000000000000
core   0: 0x0000000080005322 (0xc02b74d3) fcvt.l.s s1, fs6
core   0: 1 0x0000000080005322 (0xc02b74d3) x9  0x0000000000000000
core   0: 0x0000000080005326 (0x020eedbb) remw    s11, t4, zero
core   0: 1 0x0000000080005326 (0x020eedbb) x27 0xfffffffffffff8d8
core   0: 0x000000008000532a (0xc202fbd3) fcvt.w.d s7, ft5
core   0: 1 0x000000008000532a (0xc202fbd3) x23 0x0000000000000000
core   0: 0x000000008000532e (0xc02b7ad3) fcvt.l.s s5, fs6
core   0: 1 0x000000008000532e (0xc02b7ad3) x21 0x0000000000000000
core   0: 0x0000000080005332 (0x03aa4cb3) div     s9, s4, s10
core   0: 1 0x0000000080005332 (0x03aa4cb3) x25 0x0000000000000000
core   0: 0x0000000080005336 (0x00586533) or      a0, a6, t0
core   0: 1 0x0000000080005336 (0x00586533) x10 0x0000000049c6c000
core   0: 0x000000008000533a (0x2c1e069b) addiw   a3, t3, 705
core   0: 1 0x000000008000533a (0x2c1e069b) x13 0x00000000000002c1
core   0: 0x000000008000533e (0x22d686d3) fsgnj.d fa3, fa3, fa3
core   0: 1 0x000000008000533e (0x22d686d3) f13 0x0000000000000000
core   0: 0x0000000080005342 (0x40055a9b) sraiw   s5, a0, 0
core   0: 1 0x0000000080005342 (0x40055a9b) x21 0x0000000049c6c000
core   0: 0x0000000080005346 (0x013a09bb) addw    s3, s4, s3
core   0: 1 0x0000000080005346 (0x013a09bb) x19 0x0000000000000002
core   0: 0x000000008000534a (0x0333093b) mulw    s2, t1, s3
core   0: 1 0x000000008000534a (0x0333093b) x18 0xffffffffb0cca000
core   0: 0x000000008000534e (0x00000001) c.nop
core   0: 1 0x000000008000534e (0x0001)
core   0: 0x0000000080005350 (0x2b8683d3) fmin.d  ft7, fa3, fs8
core   0: 1 0x0000000080005350 (0x2b8683d3) f7  0x0000000000000000
core   0: 0x0000000080005354 (0x001b9e93) slli    t4, s7, 1
core   0: 1 0x0000000080005354 (0x001b9e93) x29 0x0000000000000000
core   0: 0x0000000080005358 (0x000bd113) srli    sp, s7, 0
core   0: 1 0x0000000080005358 (0x000bd113) x2  0x0000000000000000
core   0: 0x000000008000535c (0x02677353) fadd.d  ft6, fa4, ft6
core   0: 1 0x000000008000535c (0x02677353) f6  0x7ff8000000000000
core   0: 0x0000000080005360 (0x02877cd3) fadd.d  fs9, fa4, fs0
core   0: 1 0x0000000080005360 (0x02877cd3) f25 0x7ff8000000000000
core   0: 0x0000000080005364 (0x00259673) csrrw   a2, frm, a1
core   0: 1 0x0000000080005364 (0x00259673) x12 0x0000000000000002 c2_frm 0x0000000000000000
core   0: 0x0000000080005368 (0x002b171b) slliw   a4, s6, 2
core   0: 1 0x0000000080005368 (0x002b171b) x14 0xfffffffffffe7e04
core   0: 0x000000008000536c (0x030819b3) mulh    s3, a6, a6
core   0: 1 0x000000008000536c (0x030819b3) x19 0x0000000000000000
core   0: 0x0000000080005370 (0x00000001) c.nop
core   0: 1 0x0000000080005370 (0x0001)
core   0: 0x0000000080005372 (0x001e139b) slliw   t2, t3, 1
core   0: 1 0x0000000080005372 (0x001e139b) x7  0x0000000000000000
core   0: 0x0000000080005376 (0x013b2833) slt     a6, s6, s3
core   0: 1 0x0000000080005376 (0x013b2833) x16 0x0000000000000001
core   0: 0x000000008000537a (0x8ac2784f) fnmadd.d fa6, ft4, fa2, fa7
core   0: 1 0x000000008000537a (0x8ac2784f) f16 0x7ff8000000000000
core   0: 0x000000008000537e (0x0326c433) div     s0, a3, s2
core   0: 1 0x000000008000537e (0x0326c433) x8  0x0000000000000000
core   0: 0x0000000080005382 (0xe3087c47) fmsub.d fs8, fa6, fa6, ft8
core   0: 1 0x0000000080005382 (0xe3087c47) f24 0x7ff8000000000000
core   0: 0x0000000080005386 (0x130c7853) fmul.d  fa6, fs8, fa6
core   0: 1 0x0000000080005386 (0x130c7853) f16 0x7ff8000000000000
core   0: 0x000000008000538a (0x00ebc433) xor     s0, s7, a4
core   0: 1 0x000000008000538a (0x00ebc433) x8  0xfffffffffffe7e04
core   0: 0x000000008000538e (0x4009d69b) sraiw   a3, s3, 0
core   0: 1 0x000000008000538e (0x4009d69b) x13 0x0000000000000000
core   0: 0x0000000080005392 (0xc252fcc3) fmadd.d fs9, ft5, ft5, fs8
core   0: 1 0x0000000080005392 (0xc252fcc3) f25 0x7ff8000000000000
core   0: 0x0000000080005396 (0x40f55a13) srai    s4, a0, 15
core   0: 1 0x0000000080005396 (0x40f55a13) x20 0x000000000000938d
core   0: 0x000000008000539a (0xe20804d3) fmv.x.d s1, fa6
core   0: 1 0x000000008000539a (0xe20804d3) x9  0x7ff8000000000000
core   0: 0x000000008000539e (0x02117d33) remu    s10, sp, ra
core   0: 1 0x000000008000539e (0x02117d33) x26 0x0000000000000000
core   0: 0x00000000800053a2 (0x0051ab33) slt     s6, gp, t0
core   0: 1 0x00000000800053a2 (0x0051ab33) x22 0x0000000000000001
core   0: 0x00000000800053a6 (0x0139a033) slt     zero, s3, s3
core   0: 1 0x00000000800053a6 (0x0139a033)
core   0: 0x00000000800053aa (0x8a987843) fmadd.d fa6, fa6, fs1, fa7
core   0: 1 0x00000000800053aa (0x8a987843) f16 0x7ff8000000000000
core   0: 0x00000000800053ae (0x01a490b3) sll     ra, s1, s10
core   0: 1 0x00000000800053ae (0x01a490b3) x1  0x7ff8000000000000
core   0: 0x00000000800053b2 (0x00000001) c.nop
core   0: 1 0x00000000800053b2 (0x0001)
core   0: 0x00000000800053b4 (0x0010c813) xori    a6, ra, 1
core   0: 1 0x00000000800053b4 (0x0010c813) x16 0x7ff8000000000001
core   0: 0x00000000800053b8 (0x016a121b) slliw   tp, s4, 22
core   0: 1 0x00000000800053b8 (0x016a121b) x4  0xffffffffe3400000
core   0: 0x00000000800053bc (0xf2040553) fmv.d.x fa0, s0
core   0: 1 0x00000000800053bc (0xf2040553) f10 0xfffffffffffe7e04
core   0: 0x00000000800053c0 (0x00000001) c.nop
core   0: 1 0x00000000800053c0 (0x0001)
core   0: 0x00000000800053c2 (0xed8e4913) xori    s2, t3, -296
core   0: 1 0x00000000800053c2 (0xed8e4913) x18 0xfffffffffffffed8
core   0: 0x00000000800053c6 (0xc23ffdd3) fcvt.lu.d s11, ft11
core   0: 1 0x00000000800053c6 (0xc23ffdd3) c1_fflags 0x0000000000000011 x27 0xffffffffffffffff
core   0: 0x00000000800053ca (0x03be5d3b) divuw   s10, t3, s11
core   0: 1 0x00000000800053ca (0x03be5d3b) x26 0x0000000000000000
core   0: 0x00000000800053ce (0x425edc93) srai    s9, t4, 37
core   0: 1 0x00000000800053ce (0x425edc93) x25 0x0000000000000000
core   0: 0x00000000800053d2 (0x1883f097) auipc   ra, 0x1883f
core   0: 1 0x00000000800053d2 (0x1883f097) x1  0x00000000988443d2
core   0: 0x00000000800053d6 (0x0ff0000f) fence   iorw,iorw
core   0: 1 0x00000000800053d6 (0x0ff0000f)
core   0: 0x00000000800053da (0x40a95533) sra     a0, s2, a0
core   0: 1 0x00000000800053da (0x40a95533) x10 0xfffffffffffffed8
core   0: 0x00000000800053de (0xe2058653) fmv.x.d a2, fa1
core   0: 1 0x00000000800053de (0xe2058653) x12 0xffffffff50000000
core   0: 0x00000000800053e2 (0xc20ef453) fcvt.w.d s0, ft9
core   0: 1 0x00000000800053e2 (0xc20ef453) c1_fflags 0x0000000000000011 x8  0x000000007fffffff
core   0: 0x00000000800053e6 (0x4018d413) srai    s0, a7, 1
core   0: 1 0x00000000800053e6 (0x4018d413) x8  0x0000000000000000
core   0: 0x00000000800053ea (0x00000001) c.nop
core   0: 1 0x00000000800053ea (0x0001)
core   0: 0x00000000800053ec (0x5a0e7fd3) fsqrt.d ft11, ft8
core   0: 1 0x00000000800053ec (0x5a0e7fd3) f31 0x7ff8000000000000
core   0: 0x00000000800053f0 (0xc32c7647) fmsub.d fa2, fs8, fs2, fs8
core   0: 1 0x00000000800053f0 (0xc32c7647) f12 0x7ff8000000000000
core   0: 0x00000000800053f4 (0x0129d61b) srliw   a2, s3, 18
core   0: 1 0x00000000800053f4 (0x0129d61b) x12 0x0000000000000000
core   0: 0x00000000800053f8 (0x3104b6f3) csrrc   a3, mstatush, s1
core   0: exception trap_illegal_instruction, epc 0x00000000800053f8
core   0:           tval 0x000000003104b6f3
core   0: >>>>  $xrv64i2p1_m2p0_a2p1_f2p2_d2p2_zicsr2p0_zifencei2p0_zmmul1p0_zba1p0_zbb1p0_zbc1p0_zbs1p0
core   0: 0x0000000080004000 (0x0080006f) j       pc + 0x8
core   0: 3 0x0000000080004000 (0x0080006f)
core   0: >>>>  mmode_exception_handler
core   0: 0x0000000080004008 (0x00002c17) auipc   s8, 0x2
core   0: 3 0x0000000080004008 (0x00002c17) x24 0x0000000080006008
core   0: 0x000000008000400c (0x076c0c13) addi    s8, s8, 118
core   0: 3 0x000000008000400c (0x076c0c13) x24 0x000000008000607e
core   0: 0x0000000080004010 (0x000c00e7) jalr    s8
core   0: 3 0x0000000080004010 (0x000c00e7) x1  0x0000000080004014
core   0: >>>>  any_handler
core   0: 0x000000008000607e (0x341027f3) csrrs   a5, mepc, zero
core   0: 3 0x000000008000607e (0x341027f3) x15 0x00000000800053f8
core   0: 0x0000000080006082 (0x34202773) csrrs   a4, mcause, zero
core   0: 3 0x0000000080006082 (0x34202773) x14 0x0000000000000002
core   0: 0x0000000080006086 (0x142026f3) csrrs   a3, scause, zero
core   0: 3 0x0000000080006086 (0x142026f3) x13 0x0000000000000000
core   0: 0x000000008000608a (0x30402673) csrrs   a2, mie, zero
core   0: 3 0x000000008000608a (0x30402673) x12 0x0000000000000a00
core   0: 0x000000008000608e (0x344025f3) csrrs   a1, mip, zero
core   0: 3 0x000000008000608e (0x344025f3) x11 0x0000000000000080
core   0: 0x0000000080006092 (0x343025f3) csrrs   a1, mtval, zero
core   0: 3 0x0000000080006092 (0x343025f3) x11 0x000000003104b6f3
core   0: 0x0000000080006096 (0x14302573) csrrs   a0, stval, zero
core   0: 3 0x0000000080006096 (0x14302573) x10 0x0000000000000000
core   0: 0x000000008000609a (0xb02024f3) csrrs   s1, minstret, zero
core   0: 3 0x000000008000609a (0xb02024f3) x9  0x0000000000000f48
core   0: 0x000000008000609e (0x0000a811) c.j     pc + 20
core   0: 3 0x000000008000609e (0xa811)
core   0: >>>>  mepc_4
core   0: 0x00000000800060b2 (0x00000791) c.addi  a5, 4
core   0: 3 0x00000000800060b2 (0x0791) x15 0x00000000800053fc
core   0: 0x00000000800060b4 (0x34179073) csrrw   zero, mepc, a5
core   0: 3 0x00000000800060b4 (0x34179073) c833_mepc 0x00000000800053fc
core   0: 0x00000000800060b8 (0x30200073) mret
core   0: 3 0x00000000800060b8 (0x30200073) c768_mstatus 0x8000000a00106080
core   0: 0x00000000800053fc (0xf2028353) fmv.d.x ft6, t0
core   0: 1 0x00000000800053fc (0xf2028353) f6  0x0000000049c6c000
core   0: 0x0000000080005400 (0x00b21c9b) slliw   s9, tp, 11
core   0: 1 0x0000000080005400 (0x00b21c9b) x25 0x0000000000000000
core   0: 0x0000000080005404 (0x226311d3) fsgnjn.d ft3, ft6, ft6
core   0: 1 0x0000000080005404 (0x226311d3) f3  0x8000000049c6c000
core   0: 0x0000000080005408 (0x02464233) div     tp, a2, tp
core   0: 1 0x0000000080005408 (0x02464233) x4  0x0000000000000000
core   0: 0x000000008000540c (0x402203b3) sub     t2, tp, sp
core   0: 1 0x000000008000540c (0x402203b3) x7  0x0000000000000000
core   0: 0x0000000080005410 (0x2a370b53) fmin.d  fs6, fa4, ft3
core   0: 1 0x0000000080005410 (0x2a370b53) f22 0x8000000049c6c000
core   0: 0x0000000080005414 (0x4062073b) subw    a4, tp, t1
core   0: 1 0x0000000080005414 (0x4062073b) x14 0xffffffffa799b000
core   0: 0x0000000080005418 (0x03d9eeb3) rem     t4, s3, t4
core   0: 1 0x0000000080005418 (0x03d9eeb3) x29 0x0000000000000000
core   0: 0x000000008000541c (0x02877dbb) remuw   s11, a4, s0
core   0: 1 0x000000008000541c (0x02877dbb) x27 0xffffffffa799b000
core   0: 0x0000000080005420 (0x1bb4f853) fdiv.d  fa6, fs1, fs11
core   0: 1 0x0000000080005420 (0x1bb4f853) f16 0x7ff8000000000000
core   0: 0x0000000080005424 (0x00870cb3) add     s9, a4, s0
core   0: 1 0x0000000080005424 (0x00870cb3) x25 0xffffffffa799b000
core   0: 0x0000000080005428 (0x028c7a33) remu    s4, s8, s0
core   0: 1 0x0000000080005428 (0x028c7a33) x20 0x000000008000607e
core   0: 0x000000008000542c (0xc02bf7d3) fcvt.l.s a5, fs7
core   0: 1 0x000000008000542c (0xc02bf7d3) c1_fflags 0x0000000000000011 x15 0x7fffffffffffffff
core   0: 0x0000000080005430 (0xd0217d53) fcvt.s.l fs10, sp
core   0: 1 0x0000000080005430 (0xd0217d53) f26 0xffffffff00000000
core   0: 0x0000000080005434 (0x001092f3) csrrw   t0, fflags, ra
core   0: 1 0x0000000080005434 (0x001092f3) x5  0x0000000000000011 c1_fflags 0x0000000000000014
core   0: 0x0000000080005438 (0x418d8cbb) subw    s9, s11, s8
core   0: 1 0x0000000080005438 (0x418d8cbb) x25 0x0000000027994f82
core   0: 0x000000008000543c (0x6ab5f24f) fnmadd.d ft4, fa1, fa1, fa3
core   0: 1 0x000000008000543c (0x6ab5f24f) f4  0x7ff8000000000000
core   0: 0x0000000080005440 (0x006c5533) srl     a0, s8, t1
core   0: 1 0x0000000080005440 (0x006c5533) x10 0x000000008000607e
core   0: 0x0000000080005444 (0x401677d3) fcvt.s.d fa5, fa2
core   0: 1 0x0000000080005444 (0x401677d3) f15 0xffffffff7fc00000
core   0: 0x0000000080005448 (0x02c53433) mulhu   s0, a0, a2
core   0: 1 0x0000000080005448 (0x02c53433) x8  0x0000000000000000
core   0: 0x000000008000544c (0xe20c0d53) fmv.x.d s10, fs8
core   0: 1 0x000000008000544c (0xe20c0d53) x26 0x7ff8000000000000
core   0: 0x0000000080005450 (0x01b20d33) add     s10, tp, s11
core   0: 1 0x0000000080005450 (0x01b20d33) x26 0xffffffffa799b000
core   0: 0x0000000080005454 (0xd233fc53) fcvt.d.lu fs8, t2
core   0: 1 0x0000000080005454 (0xd233fc53) f24 0x0000000000000000
core   0: 0x0000000080005458 (0x0008d89b) srliw   a7, a7, 0
core   0: 1 0x0000000080005458 (0x0008d89b) x17 0x0000000000000000
core   0: 0x000000008000545c (0xd2058a53) fcvt.d.w fs4, a1
core   0: 1 0x000000008000545c (0xd2058a53) f20 0x41c8825b79800000
core   0: 0x0000000080005460 (0x0317d7b3) divu    a5, a5, a7
core   0: 1 0x0000000080005460 (0x0317d7b3) x15 0xffffffffffffffff
core   0: 0x0000000080005464 (0xc233f8d3) fcvt.lu.d a7, ft7
core   0: 1 0x0000000080005464 (0xc233f8d3) x17 0x0000000000000000
core   0: 0x0000000080005468 (0x03c77c3b) remuw   s8, a4, t3
core   0: 1 0x0000000080005468 (0x03c77c3b) x24 0xffffffffa799b000
core   0: 0x000000008000546c (0x40e70b3b) subw    s6, a4, a4
core   0: 1 0x000000008000546c (0x40e70b3b) x22 0x0000000000000000
core   0: 0x0000000080005470 (0xfae258b7) lui     a7, 0xfae25
core   0: 1 0x0000000080005470 (0xfae258b7) x17 0xfffffffffae25000
core   0: 0x0000000080005474 (0xe3f8889b) addiw   a7, a7, -449
core   0: 1 0x0000000080005474 (0xe3f8889b) x17 0xfffffffffae24e3f
core   0: 0x0000000080005478 (0x000008b2) c.slli  a7, 12
core   0: 1 0x0000000080005478 (0x08b2) x17 0xffffffae24e3f000
core   0: 0x000000008000547a (0xe9788893) addi    a7, a7, -361
core   0: 1 0x000000008000547a (0xe9788893) x17 0xffffffae24e3ee97
core   0: 0x000000008000547e (0xf20b89d3) fmv.d.x fs3, s7
core   0: 1 0x000000008000547e (0xf20b89d3) f19 0x0000000000000000
core   0: 0x0000000080005482 (0x00030a9b) sext.w  s5, t1
core   0: 1 0x0000000080005482 (0x00030a9b) x21 0x0000000058665000
core   0: 0x0000000080005486 (0x026e6c33) rem     s8, t3, t1
core   0: 1 0x0000000080005486 (0x026e6c33) x24 0x0000000000000000
core   0: 0x000000008000548a (0x0170f1b3) and     gp, ra, s7
core   0: 1 0x000000008000548a (0x0170f1b3) x3  0x0000000000000000
core   0: 0x000000008000548e (0x0000992a) c.add   s2, a0
core   0: 1 0x000000008000548e (0x992a) x18 0x0000000080005f56
core   0: 0x0000000080005490 (0x2bc484d3) fmin.d  fs1, fs1, ft8
core   0: 1 0x0000000080005490 (0x2bc484d3) f9  0x7ff8000000000000
core   0: 0x0000000080005494 (0x4016d39b) sraiw   t2, a3, 1
core   0: 1 0x0000000080005494 (0x4016d39b) x7  0x0000000000000000
core   0: 0x0000000080005498 (0x02739733) mulh    a4, t2, t2
core   0: 1 0x0000000080005498 (0x02739733) x14 0x0000000000000000
core   0: 0x000000008000549c (0x413ede3b) sraw    t3, t4, s3
core   0: 1 0x000000008000549c (0x413ede3b) x28 0x0000000000000000
core   0: 0x00000000800054a0 (0xc219f653) fcvt.wu.d a2, fs3
core   0: 1 0x00000000800054a0 (0xc219f653) x12 0x0000000000000000
core   0: 0x00000000800054a4 (0x0ff0000f) fence   iorw,iorw
core   0: 1 0x00000000800054a4 (0x0ff0000f)
core   0: 0x00000000800054a8 (0x0ff0000f) fence   iorw,iorw
core   0: 1 0x00000000800054a8 (0x0ff0000f)
core   0: 0x00000000800054ac (0xc2187ad3) fcvt.wu.d s5, fa6
core   0: 1 0x00000000800054ac (0xc2187ad3) c1_fflags 0x0000000000000014 x21 0xffffffffffffffff
core   0: 0x00000000800054b0 (0x62847f4b) fnmsub.d ft10, fs0, fs0, fa2
core   0: 1 0x00000000800054b0 (0x62847f4b) f30 0x7ff8000000000000
core   0: 0x00000000800054b4 (0xfdebeb37) lui     s6, 0xfdebe
core   0: 1 0x00000000800054b4 (0xfdebeb37) x22 0xfffffffffdebe000
core   0: 0x00000000800054b8 (0x2a9617d3) fmax.d  fa5, fa2, fs1
core   0: 1 0x00000000800054b8 (0x2a9617d3) f15 0x7ff8000000000000
core   0: 0x00000000800054bc (0x01dc0cbb) addw    s9, s8, t4
core   0: 1 0x00000000800054bc (0x01dc0cbb) x25 0x0000000000000000
core   0: 0x00000000800054c0 (0x40e35eb3) sra     t4, t1, a4
core   0: 1 0x00000000800054c0 (0x40e35eb3) x29 0x0000000058665000
core   0: 0x00000000800054c4 (0x001194f3) csrrw   s1, fflags, gp
core   0: 1 0x00000000800054c4 (0x001194f3) x9  0x0000000000000014 c1_fflags 0x0000000000000000
core   0: 0x00000000800054c8 (0x423a5a13) srai    s4, s4, 35
core   0: 1 0x00000000800054c8 (0x423a5a13) x20 0x0000000000000000
core   0: 0x00000000800054cc (0x002020f3) csrrs   ra, frm, zero
core   0: 1 0x00000000800054cc (0x002020f3) x1  0x0000000000000000
core   0: 0x00000000800054d0 (0x0278f3b3) remu    t2, a7, t2
core   0: 1 0x00000000800054d0 (0x0278f3b3) x7  0xffffffae24e3ee97
core   0: 0x00000000800054d4 (0x415a8ab3) sub     s5, s5, s5
core   0: 1 0x00000000800054d4 (0x415a8ab3) x21 0x0000000000000000
core   0: 0x00000000800054d8 (0x00c2013b) addw    sp, tp, a2
core   0: 1 0x00000000800054d8 (0x00c2013b) x2  0x0000000000000000
core   0: 0x00000000800054dc (0x420182d3) fcvt.d.s ft5, ft3
core   0: 1 0x00000000800054dc (0x420182d3) f5  0x7ff8000000000000
core   0: 0x00000000800054e0 (0x2abc9353) fmax.d  ft6, fs9, fa1
core   0: 1 0x00000000800054e0 (0x2abc9353) f6  0x7ff8000000000000
core   0: 0x00000000800054e4 (0x0331a9b3) mulhsu  s3, gp, s3
core   0: 1 0x00000000800054e4 (0x0331a9b3) x19 0x0000000000000000
core   0: 0x00000000800054e8 (0x00000001) c.nop
core   0: 1 0x00000000800054e8 (0x0001)
core   0: 0x00000000800054ea (0xa3dd8d53) fle.d   s10, fs11, ft9
core   0: 1 0x00000000800054ea (0xa3dd8d53) c1_fflags 0x0000000000000010 x26 0x0000000000000000
core   0: 0x00000000800054ee (0xa25082d3) fle.d   t0, ft1, ft5
core   0: 1 0x00000000800054ee (0xa25082d3) c1_fflags 0x0000000000000010 x5  0x0000000000000000
core   0: 0x00000000800054f2 (0x02b5f5d3) fadd.d  fa1, fa1, fa1
core   0: 1 0x00000000800054f2 (0x02b5f5d3) f11 0x7ff8000000000000
core   0: 0x00000000800054f6 (0x41ddd01b) sraiw   zero, s11, 29
core   0: 1 0x00000000800054f6 (0x41ddd01b)
core   0: 0x00000000800054fa (0xa3180a53) fle.d   s4, fa6, fa7
core   0: 1 0x00000000800054fa (0xa3180a53) c1_fflags 0x0000000000000010 x20 0x0000000000000000
core   0: 0x00000000800054fe (0xd6fdeb37) lui     s6, 0xd6fde
core   0: 1 0x00000000800054fe (0xd6fdeb37) x22 0xffffffffd6fde000
core   0: 0x0000000080005502 (0x76c469b7) lui     s3, 0x76c46
core   0: 1 0x0000000080005502 (0x76c469b7) x19 0x0000000076c46000
core   0: 0x0000000080005506 (0x023c513b) divuw   sp, s8, gp
core   0: 1 0x0000000080005506 (0x023c513b) x2  0xffffffffffffffff
core   0: 0x000000008000550a (0x0200ff43) fmadd.d ft10, ft1, ft0, ft0
core   0: 1 0x000000008000550a (0x0200ff43) f30 0x7ff8000000000000
core   0: 0x000000008000550e (0x00c9969b) slliw   a3, s3, 12
core   0: 1 0x000000008000550e (0x00c9969b) x13 0x0000000046000000
core   0: 0x0000000080005512 (0x000e1033) sll     zero, t3, zero
core   0: 1 0x0000000080005512 (0x000e1033)
core   0: 0x0000000080005516 (0x000d83b3) add     t2, s11, zero
core   0: 1 0x0000000080005516 (0x000d83b3) x7  0xffffffffa799b000
core   0: 0x000000008000551a (0xfffd079b) addiw   a5, s10, -1
core   0: 1 0x000000008000551a (0xfffd079b) x15 0xffffffffffffffff
core   0: 0x000000008000551e (0x00451a3b) sllw    s4, a0, tp
core   0: 1 0x000000008000551e (0x00451a3b) x20 0xffffffff8000607e
core   0: 0x0000000080005522 (0x2a6689d3) fmin.d  fs3, fa3, ft6
core   0: 1 0x0000000080005522 (0x2a6689d3) f19 0x0000000000000000
core   0: 0x0000000080005526 (0x00000001) c.nop
core   0: 1 0x0000000080005526 (0x0001)
core   0: 0x0000000080005528 (0x00496a33) or      s4, s2, tp
core   0: 1 0x0000000080005528 (0x00496a33) x20 0x0000000080005f56
core   0: 0x000000008000552c (0x039ed713) srli    a4, t4, 57
core   0: 1 0x000000008000552c (0x039ed713) x14 0x0000000000000000
core   0: 0x0000000080005530 (0x01e55e13) srli    t3, a0, 30
core   0: 1 0x0000000080005530 (0x01e55e13) x28 0x0000000000000002
core   0: 0x0000000080005534 (0x9698081b) addiw   a6, a6, -1687
core   0: 1 0x0000000080005534 (0x9698081b) x16 0xfffffffffffff96a
core   0: 0x0000000080005538 (0x00fc0933) add     s2, s8, a5
core   0: 1 0x0000000080005538 (0x00fc0933) x18 0xffffffffffffffff
core   0: 0x000000008000553c (0x02f95b3b) divuw   s6, s2, a5
core   0: 1 0x000000008000553c (0x02f95b3b) x22 0x0000000000000001
core   0: 0x0000000080005540 (0x00102e73) csrrs   t3, fflags, zero
core   0: 1 0x0000000080005540 (0x00102e73) x28 0x0000000000000010
core   0: 0x0000000080005544 (0x003383bb) addw    t2, t2, gp
core   0: 1 0x0000000080005544 (0x003383bb) x7  0xffffffffa799b000
core   0: 0x0000000080005548 (0x22a423d3) fsgnjx.d ft7, fs0, fa0
core   0: 1 0x0000000080005548 (0x22a423d3) f7  0x8000000005000000
core   0: 0x000000008000554c (0x5a0d7053) fsqrt.d ft0, fs10
core   0: 1 0x000000008000554c (0x5a0d7053) f0  0x7ff8000000000000
core   0: 0x0000000080005550 (0x0000995e) c.add   s2, s7
core   0: 1 0x0000000080005550 (0x995e) x18 0xffffffffffffffff
core   0: 0x0000000080005552 (0x025bdb93) srli    s7, s7, 37
core   0: 1 0x0000000080005552 (0x025bdb93) x23 0x0000000000000000
core   0: 0x0000000080005556 (0x401e7f53) fcvt.s.d ft10, ft8
core   0: 1 0x0000000080005556 (0x401e7f53) f30 0xffffffff7fc00000
core   0: 0x000000008000555a (0x417088b3) sub     a7, ra, s7
core   0: 1 0x000000008000555a (0x417088b3) x17 0x0000000000000000
core   0: 0x000000008000555e (0xe3ecfacb) fnmsub.d fs5, fs9, ft10, ft8
core   0: 1 0x000000008000555e (0xe3ecfacb) f21 0x7ff8000000000000
core   0: 0x0000000080005562 (0x00000001) c.nop
core   0: 1 0x0000000080005562 (0x0001)
core   0: 0x0000000080005564 (0x0279f2b3) remu    t0, s3, t2
core   0: 1 0x0000000080005564 (0x0279f2b3) x5  0x0000000076c46000
core   0: 0x0000000080005568 (0xd022f953) fcvt.s.l fs2, t0
core   0: 1 0x0000000080005568 (0xd022f953) f18 0xffffffff4eed88c0
core   0: 0x000000008000556c (0x40f8d49b) sraiw   s1, a7, 15
core   0: 1 0x000000008000556c (0x40f8d49b) x9  0x0000000000000000
core   0: 0x0000000080005570 (0x0046561b) srliw   a2, a2, 4
core   0: 1 0x0000000080005570 (0x0046561b) x12 0x0000000000000000
core   0: 0x0000000080005574 (0x56fb0b1b) addiw   s6, s6, 1391
core   0: 1 0x0000000080005574 (0x56fb0b1b) x22 0x0000000000000570
core   0: 0x0000000080005578 (0x00202c73) csrrs   s8, frm, zero
core   0: 1 0x0000000080005578 (0x00202c73) x24 0x0000000000000000
core   0: 0x000000008000557c (0x02bc07b3) mul     a5, s8, a1
core   0: 1 0x000000008000557c (0x02bc07b3) x15 0x0000000000000000
core   0: 0x0000000080005580 (0xff202eb7) lui     t4, 0xff202
core   0: 1 0x0000000080005580 (0xff202eb7) x29 0xffffffffff202000
core   0: 0x0000000080005584 (0x727e8e9b) addiw   t4, t4, 1831
core   0: 1 0x0000000080005584 (0x727e8e9b) x29 0xffffffffff202727
core   0: 0x0000000080005588 (0x00000ebe) c.slli  t4, 15
core   0: 1 0x0000000080005588 (0x0ebe) x29 0xffffff9013938000
core   0: 0x000000008000558a (0x2ece8e93) addi    t4, t4, 748
core   0: 1 0x000000008000558a (0x2ece8e93) x29 0xffffff90139382ec
core   0: 0x000000008000558e (0x03545ab3) divu    s5, s0, s5
core   0: 1 0x000000008000558e (0x03545ab3) x21 0xffffffffffffffff
core   0: 0x0000000080005592 (0x00b11abb) sllw    s5, sp, a1
core   0: 1 0x0000000080005592 (0x00b11abb) x21 0xfffffffffff80000
core   0: 0x0000000080005596 (0x401876d3) fcvt.s.d fa3, fa6
core   0: 1 0x0000000080005596 (0x401876d3) f13 0xffffffff7fc00000
core   0: 0x000000008000559a (0x2a319a53) fmax.d  fs4, ft3, ft3
core   0: 1 0x000000008000559a (0x2a319a53) f20 0x8000000049c6c000
core   0: 0x000000008000559e (0x234392d3) fsgnjn.d ft5, ft7, fs4
core   0: 1 0x000000008000559e (0x234392d3) f5  0x0000000005000000
core   0: 0x00000000800055a2 (0x2b1f07d3) fmin.d  fa5, ft10, fa7
core   0: 1 0x00000000800055a2 (0x2b1f07d3) f15 0x7ff8000000000000
core   0: 0x00000000800055a6 (0x40830233) sub     tp, t1, s0
core   0: 1 0x00000000800055a6 (0x40830233) x4  0x0000000058665000
core   0: 0x00000000800055aa (0xf20b0ed3) fmv.d.x ft9, s6
core   0: 1 0x00000000800055aa (0xf20b0ed3) f29 0x0000000000000570
core   0: 0x00000000800055ae (0x0226f153) fadd.d  ft2, fa3, ft2
core   0: 1 0x00000000800055ae (0x0226f153) f2  0x7ff8000000000000
core   0: 0x00000000800055b2 (0x03085ebb) divuw   t4, a6, a6
core   0: 1 0x00000000800055b2 (0x03085ebb) x29 0x0000000000000001
core   0: 0x00000000800055b6 (0x41da8a3b) subw    s4, s5, t4
core   0: 1 0x00000000800055b6 (0x41da8a3b) x20 0xfffffffffff7ffff
core   0: 0x00000000800055ba (0xa3ba2317) auipc   t1, 0xa3ba2
core   0: 1 0x00000000800055ba (0xa3ba2317) x6  0x0000000023ba75ba
core   0: 0x00000000800055be (0x00648cbb) addw    s9, s1, t1
core   0: 1 0x00000000800055be (0x00648cbb) x25 0x0000000023ba75ba
core   0: 0x00000000800055c2 (0xe2098253) fmv.x.d tp, fs3
core   0: 1 0x00000000800055c2 (0xe2098253) x4  0x0000000000000000
core   0: 0x00000000800055c6 (0x00000001) c.nop
core   0: 1 0x00000000800055c6 (0x0001)
core   0: 0x00000000800055c8 (0xc03177d3) fcvt.lu.s a5, ft2
core   0: 1 0x00000000800055c8 (0xc03177d3) c1_fflags 0x0000000000000010 x15 0xffffffffffffffff
core   0: 0x00000000800055cc (0xd21b07d3) fcvt.d.wu fa5, s6
core   0: 1 0x00000000800055cc (0xd21b07d3) f15 0x4095c00000000000
core   0: 0x00000000800055d0 (0x00139973) csrrw   s2, fflags, t2
core   0: 1 0x00000000800055d0 (0x00139973) x18 0x0000000000000010 c1_fflags 0x0000000000000000
core   0: 0x00000000800055d4 (0x415a50bb) sraw    ra, s4, s5
core   0: 1 0x00000000800055d4 (0x415a50bb) x1  0xfffffffffff7ffff
core   0: 0x00000000800055d8 (0x41aad5bb) sraw    a1, s5, s10
core   0: 1 0x00000000800055d8 (0x41aad5bb) x11 0xfffffffffff80000
core   0: 0x00000000800055dc (0x2a1410d3) fmax.d  ft1, fs0, ft1
core   0: 1 0x00000000800055dc (0x2a1410d3) f1  0x0000000005000000
core   0: 0x00000000800055e0 (0x000081b2) c.mv    gp, a2
core   0: 1 0x00000000800055e0 (0x81b2) x3  0x0000000000000000
core   0: 0x00000000800055e2 (0xc23178d3) fcvt.lu.d a7, ft2
core   0: 1 0x00000000800055e2 (0xc23178d3) c1_fflags 0x0000000000000010 x17 0xffffffffffffffff
core   0: 0x00000000800055e6 (0x80020213) addi    tp, tp, -2048
core   0: 1 0x00000000800055e6 (0x80020213) x4  0xfffffffffffff800
core   0: 0x00000000800055ea (0xb7666617) auipc   a2, 0xb7666
core   0: 1 0x00000000800055ea (0xb7666617) x12 0x000000003766b5ea
core   0: 0x00000000800055ee (0x0003c393) xori    t2, t2, 0
core   0: 1 0x00000000800055ee (0x0003c393) x7  0xffffffffa799b000
core   0: 0x00000000800055f2 (0x025a9ab3) mulh    s5, s5, t0
core   0: 1 0x00000000800055f2 (0x025a9ab3) x21 0xffffffffffffffff
core   0: 0x00000000800055f6 (0x2218a753) fsgnjx.d fa4, fa7, ft1
core   0: 1 0x00000000800055f6 (0x2218a753) f14 0x7ff8000000000000
core   0: 0x00000000800055fa (0x40d181bb) subw    gp, gp, a3
core   0: 1 0x00000000800055fa (0x40d181bb) x3  0xffffffffba000000
core   0: 0x00000000800055fe (0x0ff0000f) fence   iorw,iorw
core   0: 1 0x00000000800055fe (0x0ff0000f)
core   0: 0x0000000080005602 (0x01f1d413) srli    s0, gp, 31
core   0: 1 0x0000000080005602 (0x01f1d413) x8  0x00000001ffffffff
core   0: 0x0000000080005606 (0x02a265bb) remw    a1, tp, a0
core   0: 1 0x0000000080005606 (0x02a265bb) x11 0xfffffffffffff800
core   0: 0x000000008000560a (0xc020f753) fcvt.l.s a4, ft1
core   0: 1 0x000000008000560a (0xc020f753) c1_fflags 0x0000000000000010 x14 0x7fffffffffffffff
core   0: 0x000000008000560e (0xc200f953) fcvt.w.d s2, ft1
core   0: 1 0x000000008000560e (0xc200f953) c1_fflags 0x0000000000000011 x18 0x0000000000000000
core   0: 0x0000000080005612 (0xf14a6793) ori     a5, s4, -236
core   0: 1 0x0000000080005612 (0xf14a6793) x15 0xffffffffffffffff
core   0: 0x0000000080005616 (0xd2088253) fcvt.d.w ft4, a7
core   0: 1 0x0000000080005616 (0xd2088253) f4  0xbff0000000000000
core   0: 0x000000008000561a (0x12ecf453) fmul.d  fs0, fs9, fa4
core   0: 1 0x000000008000561a (0x12ecf453) f8  0x7ff8000000000000
core   0: 0x000000008000561e (0x7ff9031b) addiw   t1, s2, 2047
core   0: 1 0x000000008000561e (0x7ff9031b) x6  0x00000000000007ff
core   0: 0x0000000080005622 (0x35188c13) addi    s8, a7, 849
core   0: 1 0x0000000080005622 (0x35188c13) x24 0x0000000000000350
core   0: 0x0000000080005626 (0x0110ecb3) or      s9, ra, a7
core   0: 1 0x0000000080005626 (0x0110ecb3) x25 0xffffffffffffffff
core   0: 0x000000008000562a (0x01155eb3) srl     t4, a0, a7
core   0: 1 0x000000008000562a (0x01155eb3) x29 0x0000000000000000
core   0: 0x000000008000562e (0xa3280353) fle.d   t1, fa6, fs2
core   0: 1 0x000000008000562e (0xa3280353) c1_fflags 0x0000000000000011 x6  0x0000000000000000
core   0: 0x0000000080005632 (0x00265537) lui     a0, 0x265
core   0: 1 0x0000000080005632 (0x00265537) x10 0x0000000000265000
core   0: 0x0000000080005636 (0x6bb5051b) addiw   a0, a0, 1723
core   0: 1 0x0000000080005636 (0x6bb5051b) x10 0x00000000002656bb
core   0: 0x000000008000563a (0x0000053e) c.slli  a0, 15
core   0: 1 0x000000008000563a (0x053e) x10 0x000000132b5d8000
core   0: 0x000000008000563c (0xf1850513) addi    a0, a0, -232
core   0: 1 0x000000008000563c (0xf1850513) x10 0x000000132b5d7f18
core   0: 0x0000000080005640 (0xc20877d3) fcvt.w.d a5, fa6
core   0: 1 0x0000000080005640 (0xc20877d3) c1_fflags 0x0000000000000011 x15 0x000000007fffffff
core   0: 0x0000000080005644 (0x420602d3) fcvt.d.s ft5, fa2
core   0: 1 0x0000000080005644 (0x420602d3) f5  0x7ff8000000000000
core   0: 0x0000000080005648 (0x03c2693b) remw    s2, tp, t3
core   0: 1 0x0000000080005648 (0x03c2693b) x18 0x0000000000000000
core   0: 0x000000008000564c (0x0270e3bb) remw    t2, ra, t2
core   0: 1 0x000000008000564c (0x0270e3bb) x7  0xfffffffffff7ffff
core   0: 0x0000000080005650 (0x0ff0000f) fence   iorw,iorw
core   0: 1 0x0000000080005650 (0x0ff0000f)
core   0: 0x0000000080005654 (0x006c549b) srliw   s1, s8, 6
core   0: 1 0x0000000080005654 (0x006c549b) x9  0x000000000000000d
core   0: 0x0000000080005658 (0x00475d3b) srlw    s10, a4, tp
core   0: 1 0x0000000080005658 (0x00475d3b) x26 0xffffffffffffffff
core   0: 0x000000008000565c (0x0144d233) srl     tp, s1, s4
core   0: 1 0x000000008000565c (0x0144d233) x4  0x0000000000000000
core   0: 0x0000000080005660 (0x00000001) c.nop
core   0: 1 0x0000000080005660 (0x0001)
core   0: 0x0000000080005662 (0x2b6f0453) fmin.d  fs0, ft10, fs6
core   0: 1 0x0000000080005662 (0x2b6f0453) f8  0x8000000049c6c000
core   0: 0x0000000080005666 (0x013b1433) sll     s0, s6, s3
core   0: 1 0x0000000080005666 (0x013b1433) x8  0x0000000000000570
core   0: 0x000000008000566a (0x0389f9c3) fmadd.d fs3, fs3, fs8, ft0
core   0: 1 0x000000008000566a (0x0389f9c3) f19 0x7ff8000000000000
core   0: 0x000000008000566e (0x400500bb) subw    ra, a0, zero
core   0: 1 0x000000008000566e (0x400500bb) x1  0x000000002b5d7f18
core   0: 0x0000000080005672 (0x40005393) srai    t2, zero, 0
core   0: 1 0x0000000080005672 (0x40005393) x7  0x0000000000000000
core   0: 0x0000000080005676 (0xe7317537) lui     a0, 0xe7317
core   0: 1 0x0000000080005676 (0xe7317537) x10 0xffffffffe7317000
core   0: 0x000000008000567a (0xd234f5d3) fcvt.d.lu fa1, s1
core   0: 1 0x000000008000567a (0xd234f5d3) f11 0x402a000000000000
core   0: 0x000000008000567e (0x72477047) fmsub.d ft0, fa4, ft4, fa4
core   0: 1 0x000000008000567e (0x72477047) f0  0x7ff8000000000000
core   0: 0x0000000080005682 (0xf20106d3) fmv.d.x fa3, sp
core   0: 1 0x0000000080005682 (0xf20106d3) f13 0xffffffffffffffff
core   0: 0x0000000080005686 (0x00000001) c.nop
core   0: 1 0x0000000080005686 (0x0001)
core   0: 0x0000000080005688 (0x80064c13) xori    s8, a2, -2048
core   0: 1 0x0000000080005688 (0x80064c13) x24 0xffffffffc8994dea
core   0: 0x000000008000568c (0x420789d3) fcvt.d.s fs3, fa5
core   0: 1 0x000000008000568c (0x420789d3) f19 0x7ff8000000000000
core   0: 0x0000000080005690 (0x418553b3) sra     t2, a0, s8
core   0: 1 0x0000000080005690 (0x418553b3) x7  0xffffffffffffffff
core   0: 0x0000000080005694 (0x02d6e83b) remw    a6, a3, a3
core   0: 1 0x0000000080005694 (0x02d6e83b) x16 0x0000000000000000
core   0: 0x0000000080005698 (0xc21c7e53) fcvt.wu.d t3, fs8
core   0: 1 0x0000000080005698 (0xc21c7e53) x28 0x0000000000000000
core   0: 0x000000008000569c (0x024e753b) remuw   a0, t3, tp
core   0: 1 0x000000008000569c (0x024e753b) x10 0x0000000000000000
core   0: 0x00000000800056a0 (0xc21a6893) ori     a7, s4, -991
core   0: 1 0x00000000800056a0 (0xc21a6893) x17 0xffffffffffffffff
core   0: 0x00000000800056a4 (0x0313e43b) remw    s0, t2, a7
core   0: 1 0x00000000800056a4 (0x0313e43b) x8  0x0000000000000000
core   0: 0x00000000800056a8 (0xc06bf5f3) csrrci  a1, hpmcounter6, 23
core   0: exception trap_illegal_instruction, epc 0x00000000800056a8
core   0:           tval 0x00000000c06bf5f3
core   0: >>>>  $xrv64i2p1_m2p0_a2p1_f2p2_d2p2_zicsr2p0_zifencei2p0_zmmul1p0_zba1p0_zbb1p0_zbc1p0_zbs1p0
core   0: 0x0000000080004000 (0x0080006f) j       pc + 0x8
core   0: 3 0x0000000080004000 (0x0080006f)
core   0: >>>>  mmode_exception_handler
core   0: 0x0000000080004008 (0x00002c17) auipc   s8, 0x2
core   0: 3 0x0000000080004008 (0x00002c17) x24 0x0000000080006008
core   0: 0x000000008000400c (0x076c0c13) addi    s8, s8, 118
core   0: 3 0x000000008000400c (0x076c0c13) x24 0x000000008000607e
core   0: 0x0000000080004010 (0x000c00e7) jalr    s8
core   0: 3 0x0000000080004010 (0x000c00e7) x1  0x0000000080004014
core   0: >>>>  any_handler
core   0: 0x000000008000607e (0x341027f3) csrrs   a5, mepc, zero
core   0: 3 0x000000008000607e (0x341027f3) x15 0x00000000800056a8
core   0: 0x0000000080006082 (0x34202773) csrrs   a4, mcause, zero
core   0: 3 0x0000000080006082 (0x34202773) x14 0x0000000000000002
core   0: 0x0000000080006086 (0x142026f3) csrrs   a3, scause, zero
core   0: 3 0x0000000080006086 (0x142026f3) x13 0x0000000000000000
core   0: 0x000000008000608a (0x30402673) csrrs   a2, mie, zero
core   0: 3 0x000000008000608a (0x30402673) x12 0x0000000000000a00
core   0: 0x000000008000608e (0x344025f3) csrrs   a1, mip, zero
core   0: 3 0x000000008000608e (0x344025f3) x11 0x0000000000000080
core   0: 0x0000000080006092 (0x343025f3) csrrs   a1, mtval, zero
core   0: 3 0x0000000080006092 (0x343025f3) x11 0x00000000c06bf5f3
core   0: 0x0000000080006096 (0x14302573) csrrs   a0, stval, zero
core   0: 3 0x0000000080006096 (0x14302573) x10 0x0000000000000000
core   0: 0x000000008000609a (0xb02024f3) csrrs   s1, minstret, zero
core   0: 3 0x000000008000609a (0xb02024f3) x9  0x0000000000001009
core   0: 0x000000008000609e (0x0000a811) c.j     pc + 20
core   0: 3 0x000000008000609e (0xa811)
core   0: >>>>  mepc_4
core   0: 0x00000000800060b2 (0x00000791) c.addi  a5, 4
core   0: 3 0x00000000800060b2 (0x0791) x15 0x00000000800056ac
core   0: 0x00000000800060b4 (0x34179073) csrrw   zero, mepc, a5
core   0: 3 0x00000000800060b4 (0x34179073) c833_mepc 0x00000000800056ac
core   0: 0x00000000800060b8 (0x30200073) mret
core   0: 3 0x00000000800060b8 (0x30200073) c768_mstatus 0x8000000a00106080
core   0: 0x00000000800056ac (0x02bad7bb) divuw   a5, s5, a1
core   0: 1 0x00000000800056ac (0x02bad7bb) x15 0x0000000000000001
core   0: 0x00000000800056b0 (0x03c6e433) rem     s0, a3, t3
core   0: 1 0x00000000800056b0 (0x03c6e433) x8  0x0000000000000000
core   0: 0x00000000800056b4 (0x414a0033) sub     zero, s4, s4
core   0: 1 0x00000000800056b4 (0x414a0033)
core   0: 0x00000000800056b8 (0x008a5833) srl     a6, s4, s0
core   0: 1 0x00000000800056b8 (0x008a5833) x16 0xfffffffffff7ffff
core   0: 0x00000000800056bc (0x00d8d433) srl     s0, a7, a3
core   0: 1 0x00000000800056bc (0x00d8d433) x8  0xffffffffffffffff
core   0: 0x00000000800056c0 (0x0012833b) addw    t1, t0, ra
core   0: 1 0x00000000800056c0 (0x0012833b) x6  0xfffffffff6c4a014
core   0: 0x00000000800056c4 (0x416b06bb) subw    a3, s6, s6
core   0: 1 0x00000000800056c4 (0x416b06bb) x13 0x0000000000000000
core   0: 0x00000000800056c8 (0x22b81053) fsgnjn.d ft0, fa6, fa1
core   0: 1 0x00000000800056c8 (0x22b81053) f0  0xfff8000000000000
core   0: 0x00000000800056cc (0x0094d03b) srlw    zero, s1, s1
core   0: 1 0x00000000800056cc (0x0094d03b)
core   0: 0x00000000800056d0 (0x01b52533) slt     a0, a0, s11
core   0: 1 0x00000000800056d0 (0x01b52533) x10 0x0000000000000000
core   0: 0x00000000800056d4 (0x41290bbb) subw    s7, s2, s2
core   0: 1 0x00000000800056d4 (0x41290bbb) x23 0x0000000000000000
core   0: 0x00000000800056d8 (0xc03e7ad3) fcvt.lu.s s5, ft8
core   0: 1 0x00000000800056d8 (0xc03e7ad3) c1_fflags 0x0000000000000011 x21 0x0000000000000000
core   0: 0x00000000800056dc (0x01ae1a3b) sllw    s4, t3, s10
core   0: 1 0x00000000800056dc (0x01ae1a3b) x20 0x0000000000000000
core   0: 0x00000000800056e0 (0x014150b3) srl     ra, sp, s4
core   0: 1 0x00000000800056e0 (0x014150b3) x1  0xffffffffffffffff
core   0: 0x00000000800056e4 (0x4eac071b) addiw   a4, s8, 1258
core   0: 1 0x00000000800056e4 (0x4eac071b) x14 0xffffffff80006568
core   0: 0x00000000800056e8 (0x4106053b) subw    a0, a2, a6
core   0: 1 0x00000000800056e8 (0x4106053b) x10 0x0000000000080a01
core   0: 0x00000000800056ec (0xd2277fd3) fcvt.d.l ft11, a4
core   0: 1 0x00000000800056ec (0xd2277fd3) f31 0xc1dfffe6a6000000
core   0: 0x00000000800056f0 (0x00e6f933) and     s2, a3, a4
core   0: 1 0x00000000800056f0 (0x00e6f933) x18 0x0000000000000000
core   0: 0x00000000800056f4 (0x416dda9b) sraiw   s5, s11, 22
core   0: 1 0x00000000800056f4 (0x416dda9b) x21 0xfffffffffffffe9e
core   0: 0x00000000800056f8 (0x0152d03b) srlw    zero, t0, s5
core   0: 1 0x00000000800056f8 (0x0152d03b)
core   0: 0x00000000800056fc (0x5a0dfdd3) fsqrt.d fs11, fs11
core   0: 1 0x00000000800056fc (0x5a0dfdd3) f27 0x7ff8000000000000
core   0: 0x0000000080005700 (0x18516437) lui     s0, 0x18516
core   0: 1 0x0000000080005700 (0x18516437) x8  0x0000000018516000
core   0: 0x0000000080005704 (0x40127153) fcvt.s.d ft2, ft4
core   0: 1 0x0000000080005704 (0x40127153) f2  0xffffffffbf800000
core   0: 0x0000000080005708 (0xa2e08953) fle.d   s2, ft1, fa4
core   0: 1 0x0000000080005708 (0xa2e08953) c1_fflags 0x0000000000000011 x18 0x0000000000000000
core   0: 0x000000008000570c (0x025a1593) slli    a1, s4, 37
core   0: 1 0x000000008000570c (0x025a1593) x11 0x0000000000000000
core   0: 0x0000000080005710 (0x00042c37) lui     s8, 0x42
core   0: 1 0x0000000080005710 (0x00042c37) x24 0x0000000000042000
core   0: 0x0000000080005714 (0x701c0c1b) addiw   s8, s8, 1793
core   0: 1 0x0000000080005714 (0x701c0c1b) x24 0x0000000000042701
core   0: 0x0000000080005718 (0x00000c52) c.slli  s8, 20
core   0: 1 0x0000000080005718 (0x0c52) x24 0x0000004270100000
core   0: 0x000000008000571a (0x3c2c0c13) addi    s8, s8, 962
core   0: 1 0x000000008000571a (0x3c2c0c13) x24 0x00000042701003c2
core   0: 0x000000008000571e (0x4050d0b3) sra     ra, ra, t0
core   0: 1 0x000000008000571e (0x4050d0b3) x1  0xffffffffffffffff
core   0: 0x0000000080005722 (0x0300893b) mulw    s2, ra, a6
core   0: 1 0x0000000080005722 (0x0300893b) x18 0x0000000000080001
core   0: 0x0000000080005726 (0x2b10f94f) fnmadd.d fs2, ft1, fa7, ft5
core   0: 1 0x0000000080005726 (0x2b10f94f) f18 0x7ff8000000000000
core   0: 0x000000008000572a (0x01029833) sll     a6, t0, a6
core   0: 1 0x000000008000572a (0x01029833) x16 0x0000000000000000
core   0: 0x000000008000572e (0x030341b3) div     gp, t1, a6
core   0: 1 0x000000008000572e (0x030341b3) x3  0xffffffffffffffff
core   0: 0x0000000080005732 (0xc051acf3) csrrs   s9, hpmcounter5, gp
core   0: exception trap_illegal_instruction, epc 0x0000000080005732
core   0:           tval 0x00000000c051acf3
core   0: >>>>  $xrv64i2p1_m2p0_a2p1_f2p2_d2p2_zicsr2p0_zifencei2p0_zmmul1p0_zba1p0_zbb1p0_zbc1p0_zbs1p0
core   0: 0x0000000080004000 (0x0080006f) j       pc + 0x8
core   0: 3 0x0000000080004000 (0x0080006f)
core   0: >>>>  mmode_exception_handler
core   0: 0x0000000080004008 (0x00002c17) auipc   s8, 0x2
core   0: 3 0x0000000080004008 (0x00002c17) x24 0x0000000080006008
core   0: 0x000000008000400c (0x076c0c13) addi    s8, s8, 118
core   0: 3 0x000000008000400c (0x076c0c13) x24 0x000000008000607e
core   0: 0x0000000080004010 (0x000c00e7) jalr    s8
core   0: 3 0x0000000080004010 (0x000c00e7) x1  0x0000000080004014
core   0: >>>>  any_handler
core   0: 0x000000008000607e (0x341027f3) csrrs   a5, mepc, zero
core   0: 3 0x000000008000607e (0x341027f3) x15 0x0000000080005732
core   0: 0x0000000080006082 (0x34202773) csrrs   a4, mcause, zero
core   0: 3 0x0000000080006082 (0x34202773) x14 0x0000000000000002
core   0: 0x0000000080006086 (0x142026f3) csrrs   a3, scause, zero
core   0: 3 0x0000000080006086 (0x142026f3) x13 0x0000000000000000
core   0: 0x000000008000608a (0x30402673) csrrs   a2, mie, zero
core   0: 3 0x000000008000608a (0x30402673) x12 0x0000000000000a00
core   0: 0x000000008000608e (0x344025f3) csrrs   a1, mip, zero
core   0: 3 0x000000008000608e (0x344025f3) x11 0x0000000000000080
core   0: 0x0000000080006092 (0x343025f3) csrrs   a1, mtval, zero
core   0: 3 0x0000000080006092 (0x343025f3) x11 0x00000000c051acf3
core   0: 0x0000000080006096 (0x14302573) csrrs   a0, stval, zero
core   0: 3 0x0000000080006096 (0x14302573) x10 0x0000000000000000
core   0: 0x000000008000609a (0xb02024f3) csrrs   s1, minstret, zero
core   0: 3 0x000000008000609a (0xb02024f3) x9  0x000000000000103b
core   0: 0x000000008000609e (0x0000a811) c.j     pc + 20
core   0: 3 0x000000008000609e (0xa811)
core   0: >>>>  mepc_4
core   0: 0x00000000800060b2 (0x00000791) c.addi  a5, 4
core   0: 3 0x00000000800060b2 (0x0791) x15 0x0000000080005736
core   0: 0x00000000800060b4 (0x34179073) csrrw   zero, mepc, a5
core   0: 3 0x00000000800060b4 (0x34179073) c833_mepc 0x0000000080005736
core   0: 0x00000000800060b8 (0x30200073) mret
core   0: 3 0x00000000800060b8 (0x30200073) c768_mstatus 0x8000000a00106080
core   0: 0x0000000080005736 (0x4017f053) fcvt.s.d ft0, fa5
core   0: 1 0x0000000080005736 (0x4017f053) f0  0xffffffff44ae0000
core   0: 0x000000008000573a (0xc205f4d3) fcvt.w.d s1, fa1
core   0: 1 0x000000008000573a (0xc205f4d3) x9  0x000000000000000d
core   0: 0x000000008000573e (0xd2048dd3) fcvt.d.w fs11, s1
core   0: 1 0x000000008000573e (0xd2048dd3) f27 0x402a000000000000
core   0: 0x0000000080005742 (0x2a429b53) fmax.d  fs6, ft5, ft4
core   0: 1 0x0000000080005742 (0x2a429b53) f22 0xbff0000000000000
core   0: 0x0000000080005746 (0x42028f53) fcvt.d.s ft10, ft5
core   0: 1 0x0000000080005746 (0x42028f53) f30 0x7ff8000000000000
core   0: 0x000000008000574a (0xc0445373) csrrwi  t1, hpmcounter4, 8
core   0: exception trap_illegal_instruction, epc 0x000000008000574a
core   0:           tval 0x00000000c0445373
core   0: >>>>  $xrv64i2p1_m2p0_a2p1_f2p2_d2p2_zicsr2p0_zifencei2p0_zmmul1p0_zba1p0_zbb1p0_zbc1p0_zbs1p0
core   0: 0x0000000080004000 (0x0080006f) j       pc + 0x8
core   0: 3 0x0000000080004000 (0x0080006f)
core   0: >>>>  mmode_exception_handler
core   0: 0x0000000080004008 (0x00002c17) auipc   s8, 0x2
core   0: 3 0x0000000080004008 (0x00002c17) x24 0x0000000080006008
core   0: 0x000000008000400c (0x076c0c13) addi    s8, s8, 118
core   0: 3 0x000000008000400c (0x076c0c13) x24 0x000000008000607e
core   0: 0x0000000080004010 (0x000c00e7) jalr    s8
core   0: 3 0x0000000080004010 (0x000c00e7) x1  0x0000000080004014
core   0: >>>>  any_handler
core   0: 0x000000008000607e (0x341027f3) csrrs   a5, mepc, zero
core   0: 3 0x000000008000607e (0x341027f3) x15 0x000000008000574a
core   0: 0x0000000080006082 (0x34202773) csrrs   a4, mcause, zero
core   0: 3 0x0000000080006082 (0x34202773) x14 0x0000000000000002
core   0: 0x0000000080006086 (0x142026f3) csrrs   a3, scause, zero
core   0: 3 0x0000000080006086 (0x142026f3) x13 0x0000000000000000
core   0: 0x000000008000608a (0x30402673) csrrs   a2, mie, zero
core   0: 3 0x000000008000608a (0x30402673) x12 0x0000000000000a00
core   0: 0x000000008000608e (0x344025f3) csrrs   a1, mip, zero
core   0: 3 0x000000008000608e (0x344025f3) x11 0x0000000000000080
core   0: 0x0000000080006092 (0x343025f3) csrrs   a1, mtval, zero
core   0: 3 0x0000000080006092 (0x343025f3) x11 0x00000000c0445373
core   0: 0x0000000080006096 (0x14302573) csrrs   a0, stval, zero
core   0: 3 0x0000000080006096 (0x14302573) x10 0x0000000000000000
core   0: 0x000000008000609a (0xb02024f3) csrrs   s1, minstret, zero
core   0: 3 0x000000008000609a (0xb02024f3) x9  0x0000000000001050
core   0: 0x000000008000609e (0x0000a811) c.j     pc + 20
core   0: 3 0x000000008000609e (0xa811)
core   0: >>>>  mepc_4
core   0: 0x00000000800060b2 (0x00000791) c.addi  a5, 4
core   0: 3 0x00000000800060b2 (0x0791) x15 0x000000008000574e
core   0: 0x00000000800060b4 (0x34179073) csrrw   zero, mepc, a5
core   0: 3 0x00000000800060b4 (0x34179073) c833_mepc 0x000000008000574e
core   0: 0x00000000800060b8 (0x30200073) mret
core   0: 3 0x00000000800060b8 (0x30200073) c768_mstatus 0x8000000a00106080
core   0: 0x000000008000574e (0x039492b3) mulh    t0, s1, s9
core   0: 1 0x000000008000574e (0x039492b3) x5  0xffffffffffffffff
core   0: 0x0000000080005752 (0x63b54513) xori    a0, a0, 1595
core   0: 1 0x0000000080005752 (0x63b54513) x10 0x000000000000063b
core   0: 0x0000000080005756 (0x00085c93) srli    s9, a6, 0
core   0: 1 0x0000000080005756 (0x00085c93) x25 0x0000000000000000
core   0: 0x000000008000575a (0x0108581b) srliw   a6, a6, 16
core   0: 1 0x000000008000575a (0x0108581b) x16 0x0000000000000000
core   0: 0x000000008000575e (0x4180d03b) sraw    zero, ra, s8
core   0: 1 0x000000008000575e (0x4180d03b)
core   0: 0x0000000080005762 (0xc03b70d3) fcvt.lu.s ra, fs6
core   0: 1 0x0000000080005762 (0xc03b70d3) c1_fflags 0x0000000000000011 x1  0xffffffffffffffff
core   0: 0x0000000080005766 (0x007403bb) addw    t2, s0, t2
core   0: 1 0x0000000080005766 (0x007403bb) x7  0x0000000018515fff
core   0: 0x000000008000576a (0x02860c33) mul     s8, a2, s0
core   0: 1 0x000000008000576a (0x02860c33) x24 0x000000f32dc00000
core   0: 0x000000008000576e (0x407554b3) sra     s1, a0, t2
core   0: 1 0x000000008000576e (0x407554b3) x9  0x0000000000000000
core   0: 0x0000000080005772 (0xc207fed3) fcvt.w.d t4, fa5
core   0: 1 0x0000000080005772 (0xc207fed3) x29 0x0000000000000570
core   0: 0x0000000080005776 (0x40f7de3b) sraw    t3, a5, a5
core   0: 1 0x0000000080005776 (0x40f7de3b) x28 0xfffffffffffe0001
core   0: 0x000000008000577a (0x01246933) or      s2, s0, s2
core   0: 1 0x000000008000577a (0x01246933) x18 0x0000000018596001
core   0: 0x000000008000577e (0x00069693) slli    a3, a3, 0
core   0: 1 0x000000008000577e (0x00069693) x13 0x0000000000000000
core   0: 0x0000000080005782 (0x028d4e33) div     t3, s10, s0
core   0: 1 0x0000000080005782 (0x028d4e33) x28 0x0000000000000000
core   0: 0x0000000080005786 (0xd29e011b) addiw   sp, t3, -727
core   0: 1 0x0000000080005786 (0xd29e011b) x2  0xfffffffffffffd29
core   0: 0x000000008000578a (0x0387893b) mulw    s2, a5, s8
core   0: 1 0x000000008000578a (0x0387893b) x18 0x0000000030800000
core   0: 0x000000008000578e (0x0157d7b3) srl     a5, a5, s5
core   0: 1 0x000000008000578e (0x0157d7b3) x15 0x0000000000000002
core   0: 0x0000000080005792 (0x00009d19) c.subw  a0, a4
core   0: 1 0x0000000080005792 (0x9d19) x10 0x0000000000000639
core   0: 0x0000000080005794 (0x01c3581b) srliw   a6, t1, 28
core   0: 1 0x0000000080005794 (0x01c3581b) x16 0x000000000000000f
core   0: 0x0000000080005798 (0x00094d93) xori    s11, s2, 0
core   0: 1 0x0000000080005798 (0x00094d93) x27 0x0000000030800000
core   0: 0x000000008000579c (0x00002685) c.addiw a3, 1
core   0: 1 0x000000008000579c (0x2685) x13 0x0000000000000001
core   0: 0x000000008000579e (0x032d9233) mulh    tp, s11, s2
core   0: 1 0x000000008000579e (0x032d9233) x4  0x0000000000000000
core   0: 0x00000000800057a2 (0x00dde733) or      a4, s11, a3
core   0: 1 0x00000000800057a2 (0x00dde733) x14 0x0000000030800001
core   0: 0x00000000800057a6 (0x00b793bb) sllw    t2, a5, a1
core   0: 1 0x00000000800057a6 (0x00b793bb) x7  0x0000000000100000
core   0: 0x00000000800057aa (0x234f1a53) fsgnjn.d fs4, ft10, fs4
core   0: 1 0x00000000800057aa (0x234f1a53) f20 0x7ff8000000000000
core   0: 0x00000000800057ae (0xd237fdd3) fcvt.d.lu fs11, a5
core   0: 1 0x00000000800057ae (0xd237fdd3) f27 0x4000000000000000
core   0: 0x00000000800057b2 (0x234d8253) fsgnj.d ft4, fs11, fs4
core   0: 1 0x00000000800057b2 (0x234d8253) f4  0x4000000000000000
core   0: 0x00000000800057b6 (0x00000001) c.nop
core   0: 1 0x00000000800057b6 (0x0001)
core   0: 0x00000000800057b8 (0x00102c73) csrrs   s8, fflags, zero
core   0: 1 0x00000000800057b8 (0x00102c73) x24 0x0000000000000011
core   0: 0x00000000800057bc (0x401c5013) srai    zero, s8, 1
core   0: 1 0x00000000800057bc (0x401c5013)
core   0: 0x00000000800057c0 (0xd2100853) fcvt.d.wu fa6, zero
core   0: 1 0x00000000800057c0 (0xd2100853) f16 0x0000000000000000
core   0: 0x00000000800057c4 (0x41540dbb) subw    s11, s0, s5
core   0: 1 0x00000000800057c4 (0x41540dbb) x27 0x0000000018516162
core   0: 0x00000000800057c8 (0x408284bb) subw    s1, t0, s0
core   0: 1 0x00000000800057c8 (0x408284bb) x9  0xffffffffe7ae9fff
core   0: 0x00000000800057cc (0x83d37a43) fmadd.d fs4, ft6, ft9, fa6
core   0: 1 0x00000000800057cc (0x83d37a43) f20 0x7ff8000000000000
core   0: 0x00000000800057d0 (0x027dda33) divu    s4, s11, t2
core   0: 1 0x00000000800057d0 (0x027dda33) x20 0x0000000000000185
core   0: 0x00000000800057d4 (0xd022f753) fcvt.s.l fa4, t0
core   0: 1 0x00000000800057d4 (0xd022f753) f14 0xffffffffbf800000
core   0: 0x00000000800057d8 (0x001a17f3) csrrw   a5, fflags, s4
core   0: 1 0x00000000800057d8 (0x001a17f3) x15 0x0000000000000011 c1_fflags 0x0000000000000005
core   0: 0x00000000800057dc (0x02f199b3) mulh    s3, gp, a5
core   0: 1 0x00000000800057dc (0x02f199b3) x19 0xffffffffffffffff
core   0: 0x00000000800057e0 (0x439bd013) srai    zero, s7, 57
core   0: 1 0x00000000800057e0 (0x439bd013)
core   0: 0x00000000800057e4 (0xd21b83d3) fcvt.d.wu ft7, s7
core   0: 1 0x00000000800057e4 (0xd21b83d3) f7  0x0000000000000000
core   0: 0x00000000800057e8 (0x016b9abb) sllw    s5, s7, s6
core   0: 1 0x00000000800057e8 (0x016b9abb) x21 0x0000000000000000
core   0: 0x00000000800057ec (0x03503db3) mulhu   s11, zero, s5
core   0: 1 0x00000000800057ec (0x03503db3) x27 0x0000000000000000
core   0: 0x00000000800057f0 (0x00291af3) csrrw   s5, frm, s2
core   0: 1 0x00000000800057f0 (0x00291af3) x21 0x0000000000000000 c2_frm 0x0000000000000000
core   0: 0x00000000800057f4 (0x123975d3) fmul.d  fa1, fs2, ft3
core   0: 1 0x00000000800057f4 (0x123975d3) f11 0x7ff8000000000000
core   0: 0x00000000800057f8 (0x037bddb3) divu    s11, s7, s7
core   0: 1 0x00000000800057f8 (0x037bddb3) x27 0xffffffffffffffff
core   0: 0x00000000800057fc (0x001dca93) xori    s5, s11, 1
core   0: 1 0x00000000800057fc (0x001dca93) x21 0xfffffffffffffffe
core   0: 0x0000000080005800 (0xc225fbd3) fcvt.l.d s7, fa1
core   0: 1 0x0000000080005800 (0xc225fbd3) c1_fflags 0x0000000000000015 x23 0x7fffffffffffffff
core   0: 0x0000000080005804 (0x23238853) fsgnj.d fa6, ft7, fs2
core   0: 1 0x0000000080005804 (0x23238853) f16 0x0000000000000000
core   0: 0x0000000080005808 (0x011e43b3) xor     t2, t3, a7
core   0: 1 0x0000000080005808 (0x011e43b3) x7  0xffffffffffffffff
core   0: 0x000000008000580c (0x0096c2b3) xor     t0, a3, s1
core   0: 1 0x000000008000580c (0x0096c2b3) x5  0xffffffffe7ae9ffe
core   0: 0x0000000080005810 (0x0198523b) srlw    tp, a6, s9
core   0: 1 0x0000000080005810 (0x0198523b) x4  0x000000000000000f
core   0: 0x0000000080005814 (0x03097453) fadd.d  fs0, fs2, fa6
core   0: 1 0x0000000080005814 (0x03097453) f8  0x7ff8000000000000
core   0: 0x0000000080005818 (0xf20785d3) fmv.d.x fa1, a5
core   0: 1 0x0000000080005818 (0xf20785d3) f11 0x0000000000000011
core   0: 0x000000008000581c (0x000099f6) c.add   s3, t4
core   0: 1 0x000000008000581c (0x99f6) x19 0x000000000000056f
core   0: 0x000000008000581e (0x227c89d3) fsgnj.d fs3, fs9, ft7
core   0: 1 0x000000008000581e (0x227c89d3) f19 0x7ff8000000000000
core   0: 0x0000000080005822 (0xc024f1d3) fcvt.l.s gp, fs1
core   0: 1 0x0000000080005822 (0xc024f1d3) c1_fflags 0x0000000000000015 x3  0x7fffffffffffffff
core   0: 0x0000000080005826 (0x02f59513) slli    a0, a1, 47
core   0: 1 0x0000000080005826 (0x02f59513) x10 0x29b9800000000000
core   0: 0x000000008000582a (0x049533b7) lui     t2, 0x4953
core   0: 1 0x000000008000582a (0x049533b7) x7  0x0000000004953000
core   0: 0x000000008000582e (0xf653839b) addiw   t2, t2, -155
core   0: 1 0x000000008000582e (0xf653839b) x7  0x0000000004952f65
core   0: 0x0000000080005832 (0x000003b2) c.slli  t2, 12
core   0: 1 0x0000000080005832 (0x03b2) x7  0x0000004952f65000
core   0: 0x0000000080005834 (0x000013d1) c.addi  t2, -12
core   0: 1 0x0000000080005834 (0x13d1) x7  0x0000004952f64ff4
core   0: 0x0000000080005836 (0x0ad67653) fsub.d  fa2, fa2, fa3
core   0: 1 0x0000000080005836 (0x0ad67653) f12 0x7ff8000000000000
core   0: 0x000000008000583a (0x8001c693) xori    a3, gp, -2048
core   0: 1 0x000000008000583a (0x8001c693) x13 0x80000000000007ff
core   0: 0x000000008000583e (0x22c78e53) fsgnj.d ft8, fa5, fa2
core   0: 1 0x000000008000583e (0x22c78e53) f28 0x4095c00000000000
core   0: 0x0000000080005842 (0x23b606d3) fsgnj.d fa3, fa2, fs11
core   0: 1 0x0000000080005842 (0x23b606d3) f13 0x7ff8000000000000
core   0: 0x0000000080005846 (0x40d6803b) subw    zero, a3, a3
core   0: 1 0x0000000080005846 (0x40d6803b)
core   0: 0x000000008000584a (0x014a0c3b) addw    s8, s4, s4
core   0: 1 0x000000008000584a (0x014a0c3b) x24 0x000000000000030a
core   0: 0x000000008000584e (0x03fc5513) srli    a0, s8, 63
core   0: 1 0x000000008000584e (0x03fc5513) x10 0x0000000000000000
core   0: 0x0000000080005852 (0x420382d3) fcvt.d.s ft5, ft7
core   0: 1 0x0000000080005852 (0x420382d3) f5  0x7ff8000000000000
core   0: 0x0000000080005856 (0x402a5a3b) sraw    s4, s4, sp
core   0: 1 0x0000000080005856 (0x402a5a3b) x20 0x0000000000000000
core   0: 0x000000008000585a (0xc236fe53) fcvt.lu.d t3, fa3
core   0: 1 0x000000008000585a (0xc236fe53) c1_fflags 0x0000000000000015 x28 0xffffffffffffffff
core   0: 0x000000008000585e (0x0132d93b) srlw    s2, t0, s3
core   0: 1 0x000000008000585e (0x0132d93b) x18 0x000000000001cf5d
core   0: 0x0000000080005862 (0x800be613) ori     a2, s7, -2048
core   0: 1 0x0000000080005862 (0x800be613) x12 0xffffffffffffffff
core   0: 0x0000000080005866 (0xd022f953) fcvt.s.l fs2, t0
core   0: 1 0x0000000080005866 (0xd022f953) c1_fflags 0x0000000000000015 f18 0xffffffffcdc28b00
core   0: 0x000000008000586a (0x001395f3) csrrw   a1, fflags, t2
core   0: 1 0x000000008000586a (0x001395f3) x11 0x0000000000000015 c1_fflags 0x0000000000000014
core   0: 0x000000008000586e (0xd02a7653) fcvt.s.l fa2, s4
core   0: 1 0x000000008000586e (0xd02a7653) f12 0xffffffff00000000
core   0: 0x0000000080005872 (0xc2267dd3) fcvt.l.d s11, fa2
core   0: 1 0x0000000080005872 (0xc2267dd3) c1_fflags 0x0000000000000014 x27 0x7fffffffffffffff
core   0: 0x0000000080005876 (0x0131e033) or      zero, gp, s3
core   0: 1 0x0000000080005876 (0x0131e033)
core   0: 0x000000008000587a (0x0009c933) xor     s2, s3, zero
core   0: 1 0x000000008000587a (0x0009c933) x18 0x000000000000056f
core   0: 0x000000008000587e (0xe01de7b7) lui     a5, 0xe01de
core   0: 1 0x000000008000587e (0xe01de7b7) x15 0xffffffffe01de000
core   0: 0x0000000080005882 (0x0273c3b3) div     t2, t2, t2
core   0: 1 0x0000000080005882 (0x0273c3b3) x7  0x0000000000000001
core   0: 0x0000000080005886 (0x4014d89b) sraiw   a7, s1, 1
core   0: 1 0x0000000080005886 (0x4014d89b) x17 0xfffffffff3d74fff
core   0: 0x000000008000588a (0x002717f3) csrrw   a5, frm, a4
core   0: 1 0x000000008000588a (0x002717f3) x15 0x0000000000000000 c2_frm 0x0000000000000001
core   0: 0x000000008000588e (0x22a628d3) fsgnjx.d fa7, fa2, fa0
core   0: 1 0x000000008000588e (0x22a628d3) f17 0x7fffffff00000000
core   0: 0x0000000080005892 (0x401271d3) fcvt.s.d ft3, ft4
core   0: 1 0x0000000080005892 (0x401271d3) f3  0xffffffff40000000
core   0: 0x0000000080005896 (0x41d3d83b) sraw    a6, t2, t4
core   0: 1 0x0000000080005896 (0x41d3d83b) x16 0x0000000000000000
core   0: 0x000000008000589a (0xa1628293) addi    t0, t0, -1514
core   0: 1 0x000000008000589a (0xa1628293) x5  0xffffffffe7ae9a14
core   0: 0x000000008000589e (0x01aef0b3) and     ra, t4, s10
core   0: 1 0x000000008000589e (0x01aef0b3) x1  0x0000000000000570
core   0: 0x00000000800058a2 (0xfe0d99b7) lui     s3, 0xfe0d9
core   0: 1 0x00000000800058a2 (0xfe0d99b7) x19 0xfffffffffe0d9000
core   0: 0x00000000800058a6 (0x2f39899b) addiw   s3, s3, 755
core   0: 1 0x00000000800058a6 (0x2f39899b) x19 0xfffffffffe0d92f3
core   0: 0x00000000800058aa (0x000009b2) c.slli  s3, 12
core   0: 1 0x00000000800058aa (0x09b2) x19 0xffffffe0d92f3000
core   0: 0x00000000800058ac (0x5da98993) addi    s3, s3, 1498
core   0: 1 0x00000000800058ac (0x5da98993) x19 0xffffffe0d92f35da
core   0: 0x00000000800058b0 (0xc2327553) fcvt.lu.d a0, ft4
core   0: 1 0x00000000800058b0 (0xc2327553) x10 0x0000000000000002
core   0: 0x00000000800058b4 (0x8ab0eb97) auipc   s7, 0x8ab0e
core   0: 1 0x00000000800058b4 (0x8ab0eb97) x23 0x000000000ab138b4
core   0: 0x00000000800058b8 (0x020bb8b3) mulhu   a7, s7, zero
core   0: 1 0x00000000800058b8 (0x020bb8b3) x17 0x0000000000000000
core   0: 0x00000000800058bc (0xd2020bd3) fcvt.d.w fs7, tp
core   0: 1 0x00000000800058bc (0xd2020bd3) f23 0x402e000000000000
core   0: 0x00000000800058c0 (0x40265733) sra     a4, a2, sp
core   0: 1 0x00000000800058c0 (0x40265733) x14 0xffffffffffffffff
core   0: 0x00000000800058c4 (0xc0192af3) csrrs   s5, time, s2
core   0: exception trap_illegal_instruction, epc 0x00000000800058c4
core   0:           tval 0x00000000c0192af3
core   0: >>>>  $xrv64i2p1_m2p0_a2p1_f2p2_d2p2_zicsr2p0_zifencei2p0_zmmul1p0_zba1p0_zbb1p0_zbc1p0_zbs1p0
core   0: 0x0000000080004000 (0x0080006f) j       pc + 0x8
core   0: 3 0x0000000080004000 (0x0080006f)
core   0: >>>>  mmode_exception_handler
core   0: 0x0000000080004008 (0x00002c17) auipc   s8, 0x2
core   0: 3 0x0000000080004008 (0x00002c17) x24 0x0000000080006008
core   0: 0x000000008000400c (0x076c0c13) addi    s8, s8, 118
core   0: 3 0x000000008000400c (0x076c0c13) x24 0x000000008000607e
core   0: 0x0000000080004010 (0x000c00e7) jalr    s8
core   0: 3 0x0000000080004010 (0x000c00e7) x1  0x0000000080004014
core   0: >>>>  any_handler
core   0: 0x000000008000607e (0x341027f3) csrrs   a5, mepc, zero
core   0: 3 0x000000008000607e (0x341027f3) x15 0x00000000800058c4
core   0: 0x0000000080006082 (0x34202773) csrrs   a4, mcause, zero
core   0: 3 0x0000000080006082 (0x34202773) x14 0x0000000000000002
core   0: 0x0000000080006086 (0x142026f3) csrrs   a3, scause, zero
core   0: 3 0x0000000080006086 (0x142026f3) x13 0x0000000000000000
core   0: 0x000000008000608a (0x30402673) csrrs   a2, mie, zero
core   0: 3 0x000000008000608a (0x30402673) x12 0x0000000000000a00
core   0: 0x000000008000608e (0x344025f3) csrrs   a1, mip, zero
core   0: 3 0x000000008000608e (0x344025f3) x11 0x0000000000000080
core   0: 0x0000000080006092 (0x343025f3) csrrs   a1, mtval, zero
core   0: 3 0x0000000080006092 (0x343025f3) x11 0x00000000c0192af3
core   0: 0x0000000080006096 (0x14302573) csrrs   a0, stval, zero
core   0: 3 0x0000000080006096 (0x14302573) x10 0x0000000000000000
core   0: 0x000000008000609a (0xb02024f3) csrrs   s1, minstret, zero
core   0: 3 0x000000008000609a (0xb02024f3) x9  0x00000000000010c1
core   0: 0x000000008000609e (0x0000a811) c.j     pc + 20
core   0: 3 0x000000008000609e (0xa811)
core   0: >>>>  mepc_4
core   0: 0x00000000800060b2 (0x00000791) c.addi  a5, 4
core   0: 3 0x00000000800060b2 (0x0791) x15 0x00000000800058c8
core   0: 0x00000000800060b4 (0x34179073) csrrw   zero, mepc, a5
core   0: 3 0x00000000800060b4 (0x34179073) c833_mepc 0x00000000800058c8
core   0: 0x00000000800060b8 (0x30200073) mret
core   0: 3 0x00000000800060b8 (0x30200073) c768_mstatus 0x8000000a00106080
core   0: 0x00000000800058c8 (0x2b278953) fmin.d  fs2, fa5, fs2
core   0: 1 0x00000000800058c8 (0x2b278953) f18 0x4095c00000000000
core   0: 0x00000000800058cc (0x7bdefacf) fnmadd.d fs5, ft9, ft9, fa5
core   0: 1 0x00000000800058cc (0x7bdefacf) c1_fflags 0x0000000000000015 f21 0xc095c00000000000
core   0: 0x00000000800058d0 (0x92ef7f43) fmadd.d ft10, ft10, fa4, fs2
core   0: 1 0x00000000800058d0 (0x92ef7f43) f30 0x7ff8000000000000
core   0: 0x00000000800058d4 (0x42008353) fcvt.d.s ft6, ft1
core   0: 1 0x00000000800058d4 (0x42008353) f6  0x7ff8000000000000
core   0: 0x00000000800058d8 (0x41f75c93) srai    s9, a4, 31
core   0: 1 0x00000000800058d8 (0x41f75c93) x25 0x0000000000000000
core   0: 0x00000000800058dc (0x0006d1b3) srl     gp, a3, zero
core   0: 1 0x00000000800058dc (0x0006d1b3) x3  0x0000000000000000
core   0: 0x00000000800058e0 (0x00000001) c.nop
core   0: 1 0x00000000800058e0 (0x0001)
core   0: 0x00000000800058e2 (0x00641613) slli    a2, s0, 6
core   0: 1 0x00000000800058e2 (0x00641613) x12 0x0000000614580000
core   0: 0x00000000800058e6 (0x415a883b) subw    a6, s5, s5
core   0: 1 0x00000000800058e6 (0x415a883b) x16 0x0000000000000000
core   0: 0x00000000800058ea (0xa3ef0153) fle.d   sp, ft10, ft10
core   0: 1 0x00000000800058ea (0xa3ef0153) c1_fflags 0x0000000000000015 x2  0x0000000000000000
core   0: 0x00000000800058ee (0x02050dbb) mulw    s11, a0, zero
core   0: 1 0x00000000800058ee (0x02050dbb) x27 0x0000000000000000
core   0: 0x00000000800058f2 (0xc20674d3) fcvt.w.d s1, fa2
core   0: 1 0x00000000800058f2 (0xc20674d3) c1_fflags 0x0000000000000015 x9  0x000000007fffffff
core   0: 0x00000000800058f6 (0x0294e6b3) rem     a3, s1, s1
core   0: 1 0x00000000800058f6 (0x0294e6b3) x13 0x0000000000000000
core   0: 0x00000000800058fa (0x41b8d833) sra     a6, a7, s11
core   0: 1 0x00000000800058fa (0x41b8d833) x16 0x0000000000000000
core   0: 0x00000000800058fe (0x22172b53) fsgnjx.d fs6, fa4, ft1
core   0: 1 0x00000000800058fe (0x22172b53) f22 0xffffffffbf800000
core   0: 0x0000000080005902 (0x00f71a9b) slliw   s5, a4, 15
core   0: 1 0x0000000080005902 (0x00f71a9b) x21 0x0000000000010000
core   0: 0x0000000080005906 (0x000b9b9b) slliw   s7, s7, 0
core   0: 1 0x0000000080005906 (0x000b9b9b) x23 0x000000000ab138b4
core   0: 0x000000008000590a (0x0373b633) mulhu   a2, t2, s7
core   0: 1 0x000000008000590a (0x0373b633) x12 0x0000000000000000
core   0: 0x000000008000590e (0x026989b3) mul     s3, s3, t1
core   0: 1 0x000000008000590e (0x026989b3) x19 0x1f96f55930407508
core   0: 0x0000000080005912 (0x015a8933) add     s2, s5, s5
core   0: 1 0x0000000080005912 (0x015a8933) x18 0x0000000000020000
core   0: 0x0000000080005916 (0x01238a3b) addw    s4, t2, s2
core   0: 1 0x0000000080005916 (0x01238a3b) x20 0x0000000000020001
core   0: 0x000000008000591a (0xd22071d3) fcvt.d.l ft3, zero
core   0: 1 0x000000008000591a (0xd22071d3) f3  0x0000000000000000
core   0: 0x000000008000591e (0x00000001) c.nop
core   0: 1 0x000000008000591e (0x0001)
core   0: 0x0000000080005920 (0x001025f3) csrrs   a1, fflags, zero
core   0: 1 0x0000000080005920 (0x001025f3) x11 0x0000000000000015
core   0: 0x0000000080005924 (0x129af853) fmul.d  fa6, fs5, fs1
core   0: 1 0x0000000080005924 (0x129af853) f16 0x7ff8000000000000
core   0: 0x0000000080005928 (0x403587bb) subw    a5, a1, gp
core   0: 1 0x0000000080005928 (0x403587bb) x15 0x0000000000000015
core   0: 0x000000008000592c (0x03b9d03b) divuw   zero, s3, s11
core   0: 1 0x000000008000592c (0x03b9d03b)
core   0: 0x0000000080005930 (0x1b26f253) fdiv.d  ft4, fa3, fs2
core   0: 1 0x0000000080005930 (0x1b26f253) f4  0x7ff8000000000000
core   0: 0x0000000080005934 (0x0162d03b) srlw    zero, t0, s6
core   0: 1 0x0000000080005934 (0x0162d03b)
core   0: 0x0000000080005938 (0xa3ba88d3) fle.d   a7, fs5, fs11
core   0: 1 0x0000000080005938 (0xa3ba88d3) x17 0x0000000000000001
core   0: 0x000000008000593c (0x0018f913) andi    s2, a7, 1
core   0: 1 0x000000008000593c (0x0018f913) x18 0x0000000000000001
core   0: 0x0000000080005940 (0x023ab633) mulhu   a2, s5, gp
core   0: 1 0x0000000080005940 (0x023ab633) x12 0x0000000000000000
core   0: 0x0000000080005944 (0x00c6deb3) srl     t4, a3, a2
core   0: 1 0x0000000080005944 (0x00c6deb3) x29 0x0000000000000000
core   0: 0x0000000080005948 (0x418a5a3b) sraw    s4, s4, s8
core   0: 1 0x0000000080005948 (0x418a5a3b) x20 0x0000000000000000
core   0: 0x000000008000594c (0x05401037) lui     zero, 0x5401
core   0: 1 0x000000008000594c (0x05401037)
core   0: 0x0000000080005950 (0x5650001b) addiw   zero, zero, 1381
core   0: 1 0x0000000080005950 (0x5650001b)
core   0: 0x0000000080005954 (0x00c01013) slli    zero, zero, 12
core   0: 1 0x0000000080005954 (0x00c01013)
core   0: 0x0000000080005958 (0x77600013) li      zero, 1910
core   0: 1 0x0000000080005958 (0x77600013)
core   0: 0x000000008000595c (0x837dfbc7) fmsub.d fs7, fs11, fs7, fa6
core   0: 1 0x000000008000595c (0x837dfbc7) f23 0x7ff8000000000000
core   0: 0x0000000080005960 (0x01f05a9b) srliw   s5, zero, 31
core   0: 1 0x0000000080005960 (0x01f05a9b) x21 0x0000000000000000
core   0: 0x0000000080005964 (0x0ff0000f) fence   iorw,iorw
core   0: 1 0x0000000080005964 (0x0ff0000f)
core   0: 0x0000000080005968 (0x000a8133) add     sp, s5, zero
core   0: 1 0x0000000080005968 (0x000a8133) x2  0x0000000000000000
core   0: 0x000000008000596c (0xc2397ed3) fcvt.lu.d t4, fs2
core   0: 1 0x000000008000596c (0xc2397ed3) x29 0x0000000000000570
core   0: 0x0000000080005970 (0x40b383b3) sub     t2, t2, a1
core   0: 1 0x0000000080005970 (0x40b383b3) x7  0xffffffffffffffec
core   0: 0x0000000080005974 (0x03d577b3) remu    a5, a0, t4
core   0: 1 0x0000000080005974 (0x03d577b3) x15 0x0000000000000000
core   0: 0x0000000080005978 (0x011588bb) addw    a7, a1, a7
core   0: 1 0x0000000080005978 (0x011588bb) x17 0x0000000000000016
core   0: 0x000000008000597c (0x0116ae33) slt     t3, a3, a7
core   0: 1 0x000000008000597c (0x0116ae33) x28 0x0000000000000001
core   0: 0x0000000080005980 (0x13267653) fmul.d  fa2, fa2, fs2
core   0: 1 0x0000000080005980 (0x13267653) f12 0x7ff8000000000000
core   0: 0x0000000080005984 (0xc21678d3) fcvt.wu.d a7, fa2
core   0: 1 0x0000000080005984 (0xc21678d3) c1_fflags 0x0000000000000015 x17 0xffffffffffffffff
core   0: 0x0000000080005988 (0x224bf14b) fnmsub.d ft2, fs7, ft4, ft4
core   0: 1 0x0000000080005988 (0x224bf14b) f2  0x7ff8000000000000
core   0: 0x000000008000598c (0x5a0dfbd3) fsqrt.d fs7, fs11
core   0: 1 0x000000008000598c (0x5a0dfbd3) c1_fflags 0x0000000000000015 f23 0x3ff6a09e667f3bcc
core   0: 0x0000000080005990 (0x002022f3) csrrs   t0, frm, zero
core   0: 1 0x0000000080005990 (0x002022f3) x5  0x0000000000000001
core   0: 0x0000000080005994 (0x8002831b) addiw   t1, t0, -2048
core   0: 1 0x0000000080005994 (0x8002831b) x6  0xfffffffffffff801
core   0: 0x0000000080005998 (0x0188539b) srliw   t2, a6, 24
core   0: 1 0x0000000080005998 (0x0188539b) x7  0x0000000000000000
core   0: 0x000000008000599c (0x00102373) csrrs   t1, fflags, zero
core   0: 1 0x000000008000599c (0x00102373) x6  0x0000000000000015
core   0: 0x00000000800059a0 (0x542a849b) addiw   s1, s5, 1346
core   0: 1 0x00000000800059a0 (0x542a849b) x9  0x0000000000000542
core   0: 0x00000000800059a4 (0x0154843b) addw    s0, s1, s5
core   0: 1 0x00000000800059a4 (0x0154843b) x8  0x0000000000000542
core   0: 0x00000000800059a8 (0xd22377d3) fcvt.d.l fa5, t1
core   0: 1 0x00000000800059a8 (0xd22377d3) f15 0x4035000000000000
core   0: 0x00000000800059ac (0x4151d03b) sraw    zero, gp, s5
core   0: 1 0x00000000800059ac (0x4151d03b)
core   0: 0x00000000800059b0 (0xd231fdd3) fcvt.d.lu fs11, gp
core   0: 1 0x00000000800059b0 (0xd231fdd3) f27 0x0000000000000000
core   0: 0x00000000800059b4 (0x410d0cbb) subw    s9, s10, a6
core   0: 1 0x00000000800059b4 (0x410d0cbb) x25 0xffffffffffffffff
core   0: 0x00000000800059b8 (0x4017f2d3) fcvt.s.d ft5, fa5
core   0: 1 0x00000000800059b8 (0x4017f2d3) f5  0xffffffff41a80000
core   0: 0x00000000800059bc (0x003d1793) slli    a5, s10, 3
core   0: 1 0x00000000800059bc (0x003d1793) x15 0xfffffffffffffff8
core   0: 0x00000000800059c0 (0x355bc313) xori    t1, s7, 853
core   0: 1 0x00000000800059c0 (0x355bc313) x6  0x000000000ab13be1
core   0: 0x00000000800059c4 (0xf20981d3) fmv.d.x ft3, s3
core   0: 1 0x00000000800059c4 (0xf20981d3) f3  0x1f96f55930407508
core   0: 0x00000000800059c8 (0x0266a933) mulhsu  s2, a3, t1
core   0: 1 0x00000000800059c8 (0x0266a933) x18 0x0000000000000000
core   0: 0x00000000800059cc (0x3ac5754f) fnmadd.d fa0, fa0, fa2, ft7
core   0: 1 0x00000000800059cc (0x3ac5754f) f10 0x7ff8000000000000
core   0: 0x00000000800059d0 (0x0724009b) addiw   ra, s0, 114
core   0: 1 0x00000000800059d0 (0x0724009b) x1  0x00000000000005b4
core   0: 0x00000000800059d4 (0x1050f373) csrrci  t1, stvec, 1
core   0: 1 0x00000000800059d4 (0x1050f373) x6  0x0000000000000000 c261_stvec 0x0000000000000000
core   0: 0x00000000800059d8 (0x0eb58213) addi    tp, a1, 235
core   0: 1 0x00000000800059d8 (0x0eb58213) x4  0x0000000000000100
core   0: 0x00000000800059dc (0x08852db7) lui     s11, 0x8852
core   0: 1 0x00000000800059dc (0x08852db7) x27 0x0000000008852000
core   0: 0x00000000800059e0 (0x015a9abb) sllw    s5, s5, s5
core   0: 1 0x00000000800059e0 (0x015a9abb) x21 0x0000000000000000
core   0: 0x00000000800059e4 (0x6327764f) fnmadd.d fa2, fa4, fs2, fa2
core   0: 1 0x00000000800059e4 (0x6327764f) f12 0x7ff8000000000000
core   0: 0x00000000800059e8 (0x2a1c0a53) fmin.d  fs4, fs8, ft1
core   0: 1 0x00000000800059e8 (0x2a1c0a53) f20 0x0000000000000000
core   0: 0x00000000800059ec (0x4010dd1b) sraiw   s10, ra, 1
core   0: 1 0x00000000800059ec (0x4010dd1b) x26 0x00000000000002da
core   0: 0x00000000800059f0 (0x02f72a37) lui     s4, 0x2f72
core   0: 1 0x00000000800059f0 (0x02f72a37) x20 0x0000000002f72000
core   0: 0x00000000800059f4 (0xaa3a0a1b) addiw   s4, s4, -1373
core   0: 1 0x00000000800059f4 (0xaa3a0a1b) x20 0x0000000002f71aa3
core   0: 0x00000000800059f8 (0x00000a32) c.slli  s4, 12
core   0: 1 0x00000000800059f8 (0x0a32) x20 0x0000002f71aa3000
core   0: 0x00000000800059fa (0xb95a0a13) addi    s4, s4, -1131
core   0: 1 0x00000000800059fa (0xb95a0a13) x20 0x0000002f71aa2b95
core   0: 0x00000000800059fe (0xa2c61ad3) flt.d   s5, fa2, fa2
core   0: 1 0x00000000800059fe (0xa2c61ad3) c1_fflags 0x0000000000000015 x21 0x0000000000000000
core   0: 0x0000000080005a02 (0x0b41f7d3) fsub.d  fa5, ft3, fs4
core   0: 1 0x0000000080005a02 (0x0b41f7d3) f15 0x1f96f55930407508
core   0: 0x0000000080005a06 (0x014a73b3) and     t2, s4, s4
core   0: 1 0x0000000080005a06 (0x014a73b3) x7  0x0000002f71aa2b95
core   0: 0x0000000080005a0a (0xc2217553) fcvt.l.d a0, ft2
core   0: 1 0x0000000080005a0a (0xc2217553) c1_fflags 0x0000000000000015 x10 0x7fffffffffffffff
core   0: 0x0000000080005a0e (0x00be5993) srli    s3, t3, 11
core   0: 1 0x0000000080005a0e (0x00be5993) x19 0x0000000000000000
core   0: 0x0000000080005a12 (0x61659497) auipc   s1, 0x61659
core   0: 1 0x0000000080005a12 (0x61659497) x9  0x00000000e165ea12
core   0: 0x0000000080005a16 (0x0074c1b3) xor     gp, s1, t2
core   0: 1 0x0000000080005a16 (0x0074c1b3) x3  0x0000002f90cfc187
core   0: 0x0000000080005a1a (0x409c50b3) sra     ra, s8, s1
core   0: 1 0x0000000080005a1a (0x409c50b3) x1  0x0000000000002000
core   0: 0x0000000080005a1e (0x41de5e1b) sraiw   t3, t3, 29
core   0: 1 0x0000000080005a1e (0x41de5e1b) x28 0x0000000000000000
core   0: 0x0000000080005a22 (0xfffc0d1b) addiw   s10, s8, -1
core   0: 1 0x0000000080005a22 (0xfffc0d1b) x26 0xffffffff8000607d
core   0: 0x0000000080005a26 (0xc037f153) fcvt.lu.s sp, fa5
core   0: 1 0x0000000080005a26 (0xc037f153) c1_fflags 0x0000000000000015 x2  0xffffffffffffffff
core   0: 0x0000000080005a2a (0xfd1fd9b7) lui     s3, 0xfd1fd
core   0: 1 0x0000000080005a2a (0xfd1fd9b7) x19 0xfffffffffd1fd000
core   0: 0x0000000080005a2e (0xbb59899b) addiw   s3, s3, -1099
core   0: 1 0x0000000080005a2e (0xbb59899b) x19 0xfffffffffd1fcbb5
core   0: 0x0000000080005a32 (0x000009b6) c.slli  s3, 13
core   0: 1 0x0000000080005a32 (0x09b6) x19 0xffffffa3f976a000
core   0: 0x0000000080005a34 (0xc4198993) addi    s3, s3, -959
core   0: 1 0x0000000080005a34 (0xc4198993) x19 0xffffffa3f9769c41
core   0: 0x0000000080005a38 (0xc02d7ed3) fcvt.l.s t4, fs10
core   0: 1 0x0000000080005a38 (0xc02d7ed3) x29 0x0000000000000000
core   0: 0x0000000080005a3c (0x401d581b) sraiw   a6, s10, 1
core   0: 1 0x0000000080005a3c (0x401d581b) x16 0xffffffffc000303e
core   0: 0x0000000080005a40 (0x033ed13b) divuw   sp, t4, s3
core   0: 1 0x0000000080005a40 (0x033ed13b) x2  0x0000000000000000
core   0: 0x0000000080005a44 (0x343a26f3) csrrs   a3, mtval, s4
core   0: exception trap_illegal_instruction, epc 0x0000000080005a44
core   0:           tval 0x00000000343a26f3
core   0: >>>>  $xrv64i2p1_m2p0_a2p1_f2p2_d2p2_zicsr2p0_zifencei2p0_zmmul1p0_zba1p0_zbb1p0_zbc1p0_zbs1p0
core   0: 0x0000000080004000 (0x0080006f) j       pc + 0x8
core   0: 3 0x0000000080004000 (0x0080006f)
core   0: >>>>  mmode_exception_handler
core   0: 0x0000000080004008 (0x00002c17) auipc   s8, 0x2
core   0: 3 0x0000000080004008 (0x00002c17) x24 0x0000000080006008
core   0: 0x000000008000400c (0x076c0c13) addi    s8, s8, 118
core   0: 3 0x000000008000400c (0x076c0c13) x24 0x000000008000607e
core   0: 0x0000000080004010 (0x000c00e7) jalr    s8
core   0: 3 0x0000000080004010 (0x000c00e7) x1  0x0000000080004014
core   0: >>>>  any_handler
core   0: 0x000000008000607e (0x341027f3) csrrs   a5, mepc, zero
core   0: 3 0x000000008000607e (0x341027f3) x15 0x0000000080005a44
core   0: 0x0000000080006082 (0x34202773) csrrs   a4, mcause, zero
core   0: 3 0x0000000080006082 (0x34202773) x14 0x0000000000000002
core   0: 0x0000000080006086 (0x142026f3) csrrs   a3, scause, zero
core   0: 3 0x0000000080006086 (0x142026f3) x13 0x0000000000000000
core   0: 0x000000008000608a (0x30402673) csrrs   a2, mie, zero
core   0: 3 0x000000008000608a (0x30402673) x12 0x0000000000000a00
core   0: 0x000000008000608e (0x344025f3) csrrs   a1, mip, zero
core   0: 3 0x000000008000608e (0x344025f3) x11 0x0000000000000080
core   0: 0x0000000080006092 (0x343025f3) csrrs   a1, mtval, zero
core   0: 3 0x0000000080006092 (0x343025f3) x11 0x00000000343a26f3
core   0: 0x0000000080006096 (0x14302573) csrrs   a0, stval, zero
core   0: 3 0x0000000080006096 (0x14302573) x10 0x0000000000000000
core   0: 0x000000008000609a (0xb02024f3) csrrs   s1, minstret, zero
core   0: 3 0x000000008000609a (0xb02024f3) x9  0x0000000000001132
core   0: 0x000000008000609e (0x0000a811) c.j     pc + 20
core   0: 3 0x000000008000609e (0xa811)
core   0: >>>>  mepc_4
core   0: 0x00000000800060b2 (0x00000791) c.addi  a5, 4
core   0: 3 0x00000000800060b2 (0x0791) x15 0x0000000080005a48
core   0: 0x00000000800060b4 (0x34179073) csrrw   zero, mepc, a5
core   0: 3 0x00000000800060b4 (0x34179073) c833_mepc 0x0000000080005a48
core   0: 0x00000000800060b8 (0x30200073) mret
core   0: 3 0x00000000800060b8 (0x30200073) c768_mstatus 0x8000000a00106080
core   0: 0x0000000080005a48 (0x63e1fdcb) fnmsub.d fs11, ft3, ft10, fa2
core   0: 1 0x0000000080005a48 (0x63e1fdcb) f27 0x7ff8000000000000
core   0: 0x0000000080005a4c (0x2aa61553) fmax.d  fa0, fa2, fa0
core   0: 1 0x0000000080005a4c (0x2aa61553) f10 0x7ff8000000000000
core   0: 0x0000000080005a50 (0x00ca1a1b) slliw   s4, s4, 12
core   0: 1 0x0000000080005a50 (0x00ca1a1b) x20 0xffffffffa2b95000
core   0: 0x0000000080005a54 (0x02b3e3b3) rem     t2, t2, a1
core   0: 1 0x0000000080005a54 (0x02b3e3b3) x7  0x000000001cf6df5d
core   0: 0x0000000080005a58 (0x00ca2233) slt     tp, s4, a2
core   0: 1 0x0000000080005a58 (0x00ca2233) x4  0x0000000000000001
core   0: 0x0000000080005a5c (0x013302bb) addw    t0, t1, s3
core   0: 1 0x0000000080005a5c (0x013302bb) x5  0xfffffffff9769c41
core   0: 0x0000000080005a60 (0x401e5b1b) sraiw   s6, t3, 1
core   0: 1 0x0000000080005a60 (0x401e5b1b) x22 0x0000000000000000
core   0: 0x0000000080005a64 (0x422b5193) srai    gp, s6, 34
core   0: 1 0x0000000080005a64 (0x422b5193) x3  0x0000000000000000
core   0: 0x0000000080005a68 (0x00202cf3) csrrs   s9, frm, zero
core   0: 1 0x0000000080005a68 (0x00202cf3) x25 0x0000000000000001
core   0: 0x0000000080005a6c (0x0222d713) srli    a4, t0, 34
core   0: 1 0x0000000080005a6c (0x0222d713) x14 0x000000003fffffff
core   0: 0x0000000080005a70 (0x420c0dd3) fcvt.d.s fs11, fs8
core   0: 1 0x0000000080005a70 (0x420c0dd3) f27 0x7ff8000000000000
core   0: 0x0000000080005a74 (0x001c861b) addiw   a2, s9, 1
core   0: 1 0x0000000080005a74 (0x001c861b) x12 0x0000000000000002
core   0: 0x0000000080005a78 (0x419601bb) subw    gp, a2, s9
core   0: 1 0x0000000080005a78 (0x419601bb) x3  0x0000000000000001
core   0: 0x0000000080005a7c (0x01335313) srli    t1, t1, 19
core   0: 1 0x0000000080005a7c (0x01335313) x6  0x0000000000000000
core   0: 0x0000000080005a80 (0x029947bb) divw    a5, s2, s1
core   0: 1 0x0000000080005a80 (0x029947bb) x15 0x0000000000000000
core   0: 0x0000000080005a84 (0x6397e613) ori     a2, a5, 1593
core   0: 1 0x0000000080005a84 (0x6397e613) x12 0x0000000000000639
core   0: 0x0000000080005a88 (0x0284f6b7) lui     a3, 0x284f
core   0: 1 0x0000000080005a88 (0x0284f6b7) x13 0x000000000284f000
core   0: 0x0000000080005a8c (0x00179a1b) slliw   s4, a5, 1
core   0: 1 0x0000000080005a8c (0x00179a1b) x20 0x0000000000000000
core   0: 0x0000000080005a90 (0x0256c2bb) divw    t0, a3, t0
core   0: 1 0x0000000080005a90 (0x0256c2bb) x5  0x0000000000000000
core   0: 0x0000000080005a94 (0x00c6c133) xor     sp, a3, a2
core   0: 1 0x0000000080005a94 (0x00c6c133) x2  0x000000000284f639
core   0: 0x0000000080005a98 (0x00000001) c.nop
core   0: 1 0x0000000080005a98 (0x0001)
core   0: 0x0000000080005a9a (0x800bc093) xori    ra, s7, -2048
core   0: 1 0x0000000080005a9a (0x800bc093) x1  0xfffffffff54ec0b4
core   0: 0x0000000080005a9e (0x00011c13) slli    s8, sp, 0
core   0: 1 0x0000000080005a9e (0x00011c13) x24 0x000000000284f639
core   0: 0x0000000080005aa2 (0x0ff0000f) fence   iorw,iorw
core   0: 1 0x0000000080005aa2 (0x0ff0000f)
core   0: 0x0000000080005aa6 (0x00202873) csrrs   a6, frm, zero
core   0: 1 0x0000000080005aa6 (0x00202873) x16 0x0000000000000001
core   0: 0x0000000080005aaa (0x4015d493) srai    s1, a1, 1
core   0: 1 0x0000000080005aaa (0x4015d493) x9  0x000000001a1d1379
core   0: 0x0000000080005aae (0x01884bb3) xor     s7, a6, s8
core   0: 1 0x0000000080005aae (0x01884bb3) x23 0x000000000284f638
core   0: 0x0000000080005ab2 (0x0121a933) slt     s2, gp, s2
core   0: 1 0x0000000080005ab2 (0x0121a933) x18 0x0000000000000000
core   0: 0x0000000080005ab6 (0x2b7781d3) fmin.d  ft3, fa5, fs7
core   0: 1 0x0000000080005ab6 (0x2b7781d3) f3  0x1f96f55930407508
core   0: 0x0000000080005aba (0x0397acb3) mulhsu  s9, a5, s9
core   0: 1 0x0000000080005aba (0x0397acb3) x25 0x0000000000000000
core   0: 0x0000000080005abe (0x2b7b9253) fmax.d  ft4, fs7, fs7
core   0: 1 0x0000000080005abe (0x2b7b9253) f4  0x3ff6a09e667f3bcc
core   0: 0x0000000080005ac2 (0x4034e017) auipc   zero, 0x4034e
core   0: 1 0x0000000080005ac2 (0x4034e017)
core   0: 0x0000000080005ac6 (0x012e4833) xor     a6, t3, s2
core   0: 1 0x0000000080005ac6 (0x012e4833) x16 0x0000000000000000
core   0: 0x0000000080005aca (0x00105a13) srli    s4, zero, 1
core   0: 1 0x0000000080005aca (0x00105a13) x20 0x0000000000000000
core   0: 0x0000000080005ace (0x02384933) div     s2, a6, gp
core   0: 1 0x0000000080005ace (0x02384933) x18 0x0000000000000000
core   0: 0x0000000080005ad2 (0xdbabf6cb) fnmsub.d fa3, fs7, fs10, fs11
core   0: 1 0x0000000080005ad2 (0xdbabf6cb) f13 0x7ff8000000000000
core   0: 0x0000000080005ad6 (0x4013549b) sraiw   s1, t1, 1
core   0: 1 0x0000000080005ad6 (0x4013549b) x9  0x0000000000000000
core   0: 0x0000000080005ada (0x002e1c73) csrrw   s8, frm, t3
core   0: 1 0x0000000080005ada (0x002e1c73) x24 0x0000000000000001 c2_frm 0x0000000000000000
core   0: 0x0000000080005ade (0x00000001) c.nop
core   0: 1 0x0000000080005ade (0x0001)
core   0: 0x0000000080005ae0 (0xd034fad3) fcvt.s.lu fs5, s1
core   0: 1 0x0000000080005ae0 (0xd034fad3) f21 0xffffffff00000000
core   0: 0x0000000080005ae4 (0x22658353) fsgnj.d ft6, fa1, ft6
core   0: 1 0x0000000080005ae4 (0x22658353) f6  0x0000000000000011
core   0: 0x0000000080005ae8 (0x41fad09b) sraiw   ra, s5, 31
core   0: 1 0x0000000080005ae8 (0x41fad09b) x1  0x0000000000000000
core   0: 0x0000000080005aec (0xfff64613) not     a2, a2
core   0: 1 0x0000000080005aec (0xfff64613) x12 0xfffffffffffff9c6
core   0: 0x0000000080005af0 (0x41bc843b) subw    s0, s9, s11
core   0: 1 0x0000000080005af0 (0x41bc843b) x8  0xfffffffff77ae000
core   0: 0x0000000080005af4 (0x02d46333) rem     t1, s0, a3
core   0: 1 0x0000000080005af4 (0x02d46333) x6  0xffffffffff09b000
core   0: 0x0000000080005af8 (0x00eb5a1b) srliw   s4, s6, 14
core   0: 1 0x0000000080005af8 (0x00eb5a1b) x20 0x0000000000000000
core   0: 0x0000000080005afc (0xf20e8453) fmv.d.x fs0, t4
core   0: 1 0x0000000080005afc (0xf20e8453) f8  0x0000000000000000
core   0: 0x0000000080005b00 (0x0004f593) andi    a1, s1, 0
core   0: 1 0x0000000080005b00 (0x0004f593) x11 0x0000000000000000
core   0: 0x0000000080005b04 (0xa2f300d3) fle.d   ra, ft6, fa5
core   0: 1 0x0000000080005b04 (0xa2f300d3) x1  0x0000000000000001
core   0: 0x0000000080005b08 (0xc021a873) csrrs   a6, instret, gp
core   0: exception trap_illegal_instruction, epc 0x0000000080005b08
core   0:           tval 0x00000000c021a873
core   0: >>>>  $xrv64i2p1_m2p0_a2p1_f2p2_d2p2_zicsr2p0_zifencei2p0_zmmul1p0_zba1p0_zbb1p0_zbc1p0_zbs1p0
core   0: 0x0000000080004000 (0x0080006f) j       pc + 0x8
core   0: 3 0x0000000080004000 (0x0080006f)
core   0: >>>>  mmode_exception_handler
core   0: 0x0000000080004008 (0x00002c17) auipc   s8, 0x2
core   0: 3 0x0000000080004008 (0x00002c17) x24 0x0000000080006008
core   0: 0x000000008000400c (0x076c0c13) addi    s8, s8, 118
core   0: 3 0x000000008000400c (0x076c0c13) x24 0x000000008000607e
core   0: 0x0000000080004010 (0x000c00e7) jalr    s8
core   0: 3 0x0000000080004010 (0x000c00e7) x1  0x0000000080004014
core   0: >>>>  any_handler
core   0: 0x000000008000607e (0x341027f3) csrrs   a5, mepc, zero
core   0: 3 0x000000008000607e (0x341027f3) x15 0x0000000080005b08
core   0: 0x0000000080006082 (0x34202773) csrrs   a4, mcause, zero
core   0: 3 0x0000000080006082 (0x34202773) x14 0x0000000000000002
core   0: 0x0000000080006086 (0x142026f3) csrrs   a3, scause, zero
core   0: 3 0x0000000080006086 (0x142026f3) x13 0x0000000000000000
core   0: 0x000000008000608a (0x30402673) csrrs   a2, mie, zero
core   0: 3 0x000000008000608a (0x30402673) x12 0x0000000000000a00
core   0: 0x000000008000608e (0x344025f3) csrrs   a1, mip, zero
core   0: 3 0x000000008000608e (0x344025f3) x11 0x0000000000000080
core   0: 0x0000000080006092 (0x343025f3) csrrs   a1, mtval, zero
core   0: 3 0x0000000080006092 (0x343025f3) x11 0x00000000c021a873
core   0: 0x0000000080006096 (0x14302573) csrrs   a0, stval, zero
core   0: 3 0x0000000080006096 (0x14302573) x10 0x0000000000000000
core   0: 0x000000008000609a (0xb02024f3) csrrs   s1, minstret, zero
core   0: 3 0x000000008000609a (0xb02024f3) x9  0x0000000000001173
core   0: 0x000000008000609e (0x0000a811) c.j     pc + 20
core   0: 3 0x000000008000609e (0xa811)
core   0: >>>>  mepc_4
core   0: 0x00000000800060b2 (0x00000791) c.addi  a5, 4
core   0: 3 0x00000000800060b2 (0x0791) x15 0x0000000080005b0c
core   0: 0x00000000800060b4 (0x34179073) csrrw   zero, mepc, a5
core   0: 3 0x00000000800060b4 (0x34179073) c833_mepc 0x0000000080005b0c
core   0: 0x00000000800060b8 (0x30200073) mret
core   0: 3 0x00000000800060b8 (0x30200073) c768_mstatus 0x8000000a00106080
core   0: 0x0000000080005b0c (0x02d51033) mulh    zero, a0, a3
core   0: 1 0x0000000080005b0c (0x02d51033)
core   0: 0x0000000080005b10 (0x96a803b7) lui     t2, 0x96a80
core   0: 1 0x0000000080005b10 (0x96a803b7) x7  0xffffffff96a80000
core   0: 0x0000000080005b14 (0x033cf9bb) remuw   s3, s9, s3
core   0: 1 0x0000000080005b14 (0x033cf9bb) x19 0x0000000000000000
core   0: 0x0000000080005b18 (0x04f86037) lui     zero, 0x4f86
core   0: 1 0x0000000080005b18 (0x04f86037)
core   0: 0x0000000080005b1c (0x69b0001b) addiw   zero, zero, 1691
core   0: 1 0x0000000080005b1c (0x69b0001b)
core   0: 0x0000000080005b20 (0x00c01013) slli    zero, zero, 12
core   0: 1 0x0000000080005b20 (0x00c01013)
core   0: 0x0000000080005b24 (0x02700013) li      zero, 39
core   0: 1 0x0000000080005b24 (0x02700013)
core   0: 0x0000000080005b28 (0x220c9cd3) fsgnjn.d fs9, fs9, ft0
core   0: 1 0x0000000080005b28 (0x220c9cd3) f25 0x7ff8000000000000
core   0: 0x0000000080005b2c (0x33d9f6c3) fmadd.d fa3, fs3, ft9, ft6
core   0: 1 0x0000000080005b2c (0x33d9f6c3) f13 0x7ff8000000000000
core   0: 0x0000000080005b30 (0x0079a233) slt     tp, s3, t2
core   0: 1 0x0000000080005b30 (0x0079a233) x4  0x0000000000000000
core   0: 0x0000000080005b34 (0x00046e93) ori     t4, s0, 0
core   0: 1 0x0000000080005b34 (0x00046e93) x29 0xfffffffff77ae000
core   0: 0x0000000080005b38 (0x02c1ca33) div     s4, gp, a2
core   0: 1 0x0000000080005b38 (0x02c1ca33) x20 0x0000000000000000
core   0: 0x0000000080005b3c (0xd033fe53) fcvt.s.lu ft8, t2
core   0: 1 0x0000000080005b3c (0xd033fe53) c1_fflags 0x0000000000000015 f28 0xffffffff5f800000
core   0: 0x0000000080005b40 (0x00000001) c.nop
core   0: 1 0x0000000080005b40 (0x0001)
core   0: 0x0000000080005b42 (0xe2d97347) fmsub.d ft6, fs2, fa3, ft8
core   0: 1 0x0000000080005b42 (0xe2d97347) f6  0x7ff8000000000000
core   0: 0x0000000080005b46 (0x2a7e13d3) fmax.d  ft7, ft8, ft7
core   0: 1 0x0000000080005b46 (0x2a7e13d3) f7  0x0000000000000000
core   0: 0x0000000080005b4a (0x40117dd3) fcvt.s.d fs11, ft2
core   0: 1 0x0000000080005b4a (0x40117dd3) f27 0xffffffff7fc00000
core   0: 0x0000000080005b4e (0xc21970d3) fcvt.wu.d ra, fs2
core   0: 1 0x0000000080005b4e (0xc21970d3) x1  0x0000000000000570
core   0: 0x0000000080005b52 (0x3a8bf04b) fnmsub.d ft0, fs7, fs0, ft7
core   0: 1 0x0000000080005b52 (0x3a8bf04b) f0  0x0000000000000000
core   0: 0x0000000080005b56 (0x01ca62b3) or      t0, s4, t3
core   0: 1 0x0000000080005b56 (0x01ca62b3) x5  0x0000000000000000
core   0: 0x0000000080005b5a (0x419857bb) sraw    a5, a6, s9
core   0: 1 0x0000000080005b5a (0x419857bb) x15 0x0000000000000000
core   0: 0x0000000080005b5e (0x127df6d3) fmul.d  fa3, fs11, ft7
core   0: 1 0x0000000080005b5e (0x127df6d3) f13 0x7ff8000000000000
core   0: 0x0000000080005b62 (0x3f938d1b) addiw   s10, t2, 1017
core   0: 1 0x0000000080005b62 (0x3f938d1b) x26 0xffffffff96a803f9
core   0: 0x0000000080005b66 (0x40055213) srai    tp, a0, 0
core   0: 1 0x0000000080005b66 (0x40055213) x4  0x0000000000000000
core   0: 0x0000000080005b6a (0x6af0f7cf) fnmadd.d fa5, ft1, fa5, fa3
core   0: 1 0x0000000080005b6a (0x6af0f7cf) f15 0x7ff8000000000000
core   0: 0x0000000080005b6e (0xa28e0c53) fle.d   s8, ft8, fs0
core   0: 1 0x0000000080005b6e (0xa28e0c53) c1_fflags 0x0000000000000015 x24 0x0000000000000000
core   0: 0x0000000080005b72 (0x002312f3) csrrw   t0, frm, t1
core   0: 1 0x0000000080005b72 (0x002312f3) x5  0x0000000000000000 c2_frm 0x0000000000000000
core   0: 0x0000000080005b76 (0x03f39e13) slli    t3, t2, 63
core   0: 1 0x0000000080005b76 (0x03f39e13) x28 0x0000000000000000
core   0: 0x0000000080005b7a (0x40d9013b) subw    sp, s2, a3
core   0: 1 0x0000000080005b7a (0x40d9013b) x2  0x0000000000000000
core   0: 0x0000000080005b7e (0x002292f3) csrrw   t0, frm, t0
core   0: 1 0x0000000080005b7e (0x002292f3) x5  0x0000000000000000 c2_frm 0x0000000000000000
core   0: 0x0000000080005b82 (0x016757bb) srlw    a5, a4, s6
core   0: 1 0x0000000080005b82 (0x016757bb) x15 0x0000000000000002
core   0: 0x0000000080005b86 (0xc2007153) fcvt.w.d sp, ft0
core   0: 1 0x0000000080005b86 (0xc2007153) x2  0x0000000000000000
core   0: 0x0000000080005b8a (0x00111e93) slli    t4, sp, 1
core   0: 1 0x0000000080005b8a (0x00111e93) x29 0x0000000000000000
core   0: 0x0000000080005b8e (0x034882b3) mul     t0, a7, s4
core   0: 1 0x0000000080005b8e (0x034882b3) x5  0x0000000000000000
core   0: 0x0000000080005b92 (0x000ba7b3) slt     a5, s7, zero
core   0: 1 0x0000000080005b92 (0x000ba7b3) x15 0x0000000000000000
core   0: 0x0000000080005b96 (0x0097d43b) srlw    s0, a5, s1
core   0: 1 0x0000000080005b96 (0x0097d43b) x8  0x0000000000000000
core   0: 0x0000000080005b9a (0x001e1c73) csrrw   s8, fflags, t3
core   0: 1 0x0000000080005b9a (0x001e1c73) x24 0x0000000000000015 c1_fflags 0x0000000000000000
core   0: 0x0000000080005b9e (0x40d85c9b) sraiw   s9, a6, 13
core   0: 1 0x0000000080005b9e (0x40d85c9b) x25 0x0000000000000000
core   0: 0x0000000080005ba2 (0x025ce5bb) remw    a1, s9, t0
core   0: 1 0x0000000080005ba2 (0x025ce5bb) x11 0x0000000000000000
core   0: 0x0000000080005ba6 (0x4150d433) sra     s0, ra, s5
core   0: 1 0x0000000080005ba6 (0x4150d433) x8  0x0000000000000570
core   0: 0x0000000080005baa (0x001022f3) csrrs   t0, fflags, zero
core   0: 1 0x0000000080005baa (0x001022f3) x5  0x0000000000000000
core   0: 0x0000000080005bae (0x0001151b) slliw   a0, sp, 0
core   0: 1 0x0000000080005bae (0x0001151b) x10 0x0000000000000000
core   0: 0x0000000080005bb2 (0xe2040b53) fmv.x.d s6, fs0
core   0: 1 0x0000000080005bb2 (0xe2040b53) x22 0x0000000000000000
core   0: 0x0000000080005bb6 (0x5bebf897) auipc   a7, 0x5bebf
core   0: 1 0x0000000080005bb6 (0x5bebf897) x17 0x00000000dbec4bb6
core   0: 0x0000000080005bba (0x039cd3b3) divu    t2, s9, s9
core   0: 1 0x0000000080005bba (0x039cd3b3) x7  0xffffffffffffffff
core   0: 0x0000000080005bbe (0x8bcd2117) auipc   sp, 0x8bcd2
core   0: 1 0x0000000080005bbe (0x8bcd2117) x2  0x000000000bcd7bbe
core   0: 0x0000000080005bc2 (0x3b8c7c4f) fnmadd.d fs8, fs8, fs8, ft7
core   0: 1 0x0000000080005bc2 (0x3b8c7c4f) f24 0x8000000000000000
core   0: 0x0000000080005bc6 (0x001027f3) csrrs   a5, fflags, zero
core   0: 1 0x0000000080005bc6 (0x001027f3) x15 0x0000000000000000
core   0: 0x0000000080005bca (0x0047de93) srli    t4, a5, 4
core   0: 1 0x0000000080005bca (0x0047de93) x29 0x0000000000000000
core   0: 0x0000000080005bce (0x1b55ff53) fdiv.d  ft10, fa1, fs5
core   0: 1 0x0000000080005bce (0x1b55ff53) f30 0x7ff8000000000000
core   0: 0x0000000080005bd2 (0x03ce3b33) mulhu   s6, t3, t3
core   0: 1 0x0000000080005bd2 (0x03ce3b33) x22 0x0000000000000000
core   0: 0x0000000080005bd6 (0x009b04bb) addw    s1, s6, s1
core   0: 1 0x0000000080005bd6 (0x009b04bb) x9  0x0000000000001173
core   0: 0x0000000080005bda (0x02b5f153) fadd.d  ft2, fa1, fa1
core   0: 1 0x0000000080005bda (0x02b5f153) f2  0x0000000000000022
core   0: 0x0000000080005bde (0x03b4f0bb) remuw   ra, s1, s11
core   0: 1 0x0000000080005bde (0x03b4f0bb) x1  0x0000000000001173
core   0: 0x0000000080005be2 (0xfff58e9b) addiw   t4, a1, -1
core   0: 1 0x0000000080005be2 (0xfff58e9b) x29 0xffffffffffffffff
core   0: 0x0000000080005be6 (0x400cdc9b) sraiw   s9, s9, 0
core   0: 1 0x0000000080005be6 (0x400cdc9b) x25 0x0000000000000000
core   0: 0x0000000080005bea (0x01750bbb) addw    s7, a0, s7
core   0: 1 0x0000000080005bea (0x01750bbb) x23 0x000000000284f638
core   0: 0x0000000080005bee (0x008bad33) slt     s10, s7, s0
core   0: 1 0x0000000080005bee (0x008bad33) x26 0x0000000000000000
core   0: 0x0000000080005bf2 (0x0ae772d3) fsub.d  ft5, fa4, fa4
core   0: 1 0x0000000080005bf2 (0x0ae772d3) f5  0x7ff8000000000000
core   0: 0x0000000080005bf6 (0x02306db3) rem     s11, zero, gp
core   0: 1 0x0000000080005bf6 (0x02306db3) x27 0x0000000000000000
core   0: 0x0000000080005bfa (0x03bd8db3) mul     s11, s11, s11
core   0: 1 0x0000000080005bfa (0x03bd8db3) x27 0x0000000000000000
core   0: 0x0000000080005bfe (0x037b853b) mulw    a0, s7, s7
core   0: 1 0x0000000080005bfe (0x037b853b) x10 0xffffffffb68fac40
core   0: 0x0000000080005c02 (0xfd4ca8b7) lui     a7, 0xfd4ca
core   0: 1 0x0000000080005c02 (0xfd4ca8b7) x17 0xfffffffffd4ca000
core   0: 0x0000000080005c06 (0x5318889b) addiw   a7, a7, 1329
core   0: 1 0x0000000080005c06 (0x5318889b) x17 0xfffffffffd4ca531
core   0: 0x0000000080005c0a (0x000008b6) c.slli  a7, 13
core   0: 1 0x0000000080005c0a (0x08b6) x17 0xffffffa994a62000
core   0: 0x0000000080005c0c (0xc9c88893) addi    a7, a7, -868
core   0: 1 0x0000000080005c0c (0xc9c88893) x17 0xffffffa994a61c9c
core   0: 0x0000000080005c10 (0x037dfeb3) remu    t4, s11, s7
core   0: 1 0x0000000080005c10 (0x037dfeb3) x29 0x0000000000000000
core   0: 0x0000000080005c14 (0x0103d533) srl     a0, t2, a6
core   0: 1 0x0000000080005c14 (0x0103d533) x10 0xffffffffffffffff
core   0: 0x0000000080005c18 (0x00000001) c.nop
core   0: 1 0x0000000080005c18 (0x0001)
core   0: 0x0000000080005c1a (0xd231f453) fcvt.d.lu fs0, gp
core   0: 1 0x0000000080005c1a (0xd231f453) f8  0x3ff0000000000000
core   0: 0x0000000080005c1e (0x8001ec13) ori     s8, gp, -2048
core   0: 1 0x0000000080005c1e (0x8001ec13) x24 0xfffffffffffff801
core   0: 0x0000000080005c22 (0xf2028253) fmv.d.x ft4, t0
core   0: 1 0x0000000080005c22 (0xf2028253) f4  0x0000000000000000
core   0: 0x0000000080005c26 (0x00000001) c.nop
core   0: 1 0x0000000080005c26 (0x0001)
core   0: 0x0000000080005c28 (0x40107b53) fcvt.s.d fs6, ft0
core   0: 1 0x0000000080005c28 (0x40107b53) f22 0xffffffff00000000
core   0: 0x0000000080005c2c (0x2aeb8753) fmin.d  fa4, fs7, fa4
core   0: 1 0x0000000080005c2c (0x2aeb8753) f14 0x3ff6a09e667f3bcc
core   0: 0x0000000080005c30 (0x0231d3bb) divuw   t2, gp, gp
core   0: 1 0x0000000080005c30 (0x0231d3bb) x7  0x0000000000000001
core   0: 0x0000000080005c34 (0xc2177253) fcvt.wu.d tp, fa4
core   0: 1 0x0000000080005c34 (0xc2177253) c1_fflags 0x0000000000000001 x4  0x0000000000000001
core   0: 0x0000000080005c38 (0x02f917b3) mulh    a5, s2, a5
core   0: 1 0x0000000080005c38 (0x02f917b3) x15 0x0000000000000000
core   0: 0x0000000080005c3c (0x2bd18153) fmin.d  ft2, ft3, ft9
core   0: 1 0x0000000080005c3c (0x2bd18153) f2  0x0000000000000570
core   0: 0x0000000080005c40 (0xc20efcd3) fcvt.w.d s9, ft9
core   0: 1 0x0000000080005c40 (0xc20efcd3) c1_fflags 0x0000000000000001 x25 0x0000000000000000
core   0: 0x0000000080005c44 (0x4132de33) sra     t3, t0, s3
core   0: 1 0x0000000080005c44 (0x4132de33) x28 0x0000000000000000
core   0: 0x0000000080005c48 (0x221e21d3) fsgnjx.d ft3, ft8, ft1
core   0: 1 0x0000000080005c48 (0x221e21d3) f3  0xffffffff5f800000
core   0: 0x0000000080005c4c (0x020e0c3b) mulw    s8, t3, zero
core   0: 1 0x0000000080005c4c (0x020e0c3b) x24 0x0000000000000000
core   0: 0x0000000080005c50 (0x638870cb) fnmsub.d ft1, fa6, fs8, fa2
core   0: 1 0x0000000080005c50 (0x638870cb) f1  0x7ff8000000000000
core   0: 0x0000000080005c54 (0xe8097913) andi    s2, s2, -384
core   0: 1 0x0000000080005c54 (0xe8097913) x18 0x0000000000000000
core   0: 0x0000000080005c58 (0x0001909b) slliw   ra, gp, 0
core   0: 1 0x0000000080005c58 (0x0001909b) x1  0x0000000000000001
core   0: 0x0000000080005c5c (0x00000001) c.nop
core   0: 1 0x0000000080005c5c (0x0001)
core   0: 0x0000000080005c5e (0xe2050153) fmv.x.d sp, fa0
core   0: 1 0x0000000080005c5e (0xe2050153) x2  0x7ff8000000000000
core   0: 0x0000000080005c62 (0x0035c633) xor     a2, a1, gp
core   0: 1 0x0000000080005c62 (0x0035c633) x12 0x0000000000000001
core   0: 0x0000000080005c66 (0x00102df3) csrrs   s11, fflags, zero
core   0: 1 0x0000000080005c66 (0x00102df3) x27 0x0000000000000001
core   0: 0x0000000080005c6a (0x010eddb3) srl     s11, t4, a6
core   0: 1 0x0000000080005c6a (0x010eddb3) x27 0x0000000000000000
core   0: 0x0000000080005c6e (0x4068d11b) sraiw   sp, a7, 6
core   0: 1 0x0000000080005c6e (0x4068d11b) x2  0xfffffffffe529872
core   0: 0x0000000080005c72 (0xf2090d53) fmv.d.x fs10, s2
core   0: 1 0x0000000080005c72 (0xf2090d53) f26 0x0000000000000000
core   0: 0x0000000080005c76 (0xc3c57c4b) fnmsub.d fs8, fa0, ft8, fs8
core   0: 1 0x0000000080005c76 (0xc3c57c4b) f24 0x7ff8000000000000
core   0: 0x0000000080005c7a (0x001c9c9b) slliw   s9, s9, 1
core   0: 1 0x0000000080005c7a (0x001c9c9b) x25 0x0000000000000000
core   0: 0x0000000080005c7e (0x9fb4f1b7) lui     gp, 0x9fb4f
core   0: 1 0x0000000080005c7e (0x9fb4f1b7) x3  0xffffffff9fb4f000
core   0: 0x0000000080005c82 (0x01fddd9b) srliw   s11, s11, 31
core   0: 1 0x0000000080005c82 (0x01fddd9b) x27 0x0000000000000000
core   0: 0x0000000080005c86 (0x01be75b3) and     a1, t3, s11
core   0: 1 0x0000000080005c86 (0x01be75b3) x11 0x0000000000000000
core   0: 0x0000000080005c8a (0x014a9a9b) slliw   s5, s5, 20
core   0: 1 0x0000000080005c8a (0x014a9a9b) x21 0x0000000000000000
core   0: 0x0000000080005c8e (0x7ff37213) andi    tp, t1, 2047
core   0: 1 0x0000000080005c8e (0x7ff37213) x4  0x0000000000000000
core   0: 0x0000000080005c92 (0x4038583b) sraw    a6, a6, gp
core   0: 1 0x0000000080005c92 (0x4038583b) x16 0x0000000000000000
core   0: 0x0000000080005c96 (0x18567917) auipc   s2, 0x18567
core   0: 1 0x0000000080005c96 (0x18567917) x18 0x000000009856cc96
core   0: 0x0000000080005c9a (0x001b199b) slliw   s3, s6, 1
core   0: 1 0x0000000080005c9a (0x001b199b) x19 0x0000000000000000
core   0: 0x0000000080005c9e (0x01b9adb3) slt     s11, s3, s11
core   0: 1 0x0000000080005c9e (0x01b9adb3) x27 0x0000000000000000
core   0: 0x0000000080005ca2 (0x42038dd3) fcvt.d.s fs11, ft7
core   0: 1 0x0000000080005ca2 (0x42038dd3) f27 0x7ff8000000000000
core   0: 0x0000000080005ca6 (0xdbbc76c3) fmadd.d fa3, fs8, fs11, fs11
core   0: 1 0x0000000080005ca6 (0xdbbc76c3) f13 0x7ff8000000000000
core   0: 0x0000000080005caa (0xd03273d3) fcvt.s.lu ft7, tp
core   0: 1 0x0000000080005caa (0xd03273d3) f7  0xffffffff00000000
core   0: 0x0000000080005cae (0xa55b8693) addi    a3, s7, -1451
core   0: 1 0x0000000080005cae (0xa55b8693) x13 0x000000000284f08d
core   0: 0x0000000080005cb2 (0x008cdcbb) srlw    s9, s9, s0
core   0: 1 0x0000000080005cb2 (0x008cdcbb) x25 0x0000000000000000
core   0: 0x0000000080005cb6 (0x00111313) slli    t1, sp, 1
core   0: 1 0x0000000080005cb6 (0x00111313) x6  0xfffffffffca530e4
core   0: 0x0000000080005cba (0x01d49193) slli    gp, s1, 29
core   0: 1 0x0000000080005cba (0x01d49193) x3  0x0000022e60000000
core   0: 0x0000000080005cbe (0x0ff0000f) fence   iorw,iorw
core   0: 1 0x0000000080005cbe (0x0ff0000f)
core   0: 0x0000000080005cc2 (0x419ed91b) sraiw   s2, t4, 25
core   0: 1 0x0000000080005cc2 (0x419ed91b) x18 0x0000000000000000
core   0: 0x0000000080005cc6 (0xff4c4037) lui     zero, 0xff4c4
core   0: 1 0x0000000080005cc6 (0xff4c4037)
core   0: 0x0000000080005cca (0xb730001b) addiw   zero, zero, -1165
core   0: 1 0x0000000080005cca (0xb730001b)
core   0: 0x0000000080005cce (0x00e01013) slli    zero, zero, 14
core   0: 1 0x0000000080005cce (0x00e01013)
core   0: 0x0000000080005cd2 (0xd6b00013) li      zero, -661
core   0: 1 0x0000000080005cd2 (0xd6b00013)
core   0: 0x0000000080005cd6 (0x00886ab3) or      s5, a6, s0
core   0: 1 0x0000000080005cd6 (0x00886ab3) x21 0x0000000000000570
core   0: 0x0000000080005cda (0x010809b3) add     s3, a6, a6
core   0: 1 0x0000000080005cda (0x010809b3) x19 0x0000000000000000
core   0: 0x0000000080005cde (0x01cb8bbb) addw    s7, s7, t3
core   0: 1 0x0000000080005cde (0x01cb8bbb) x23 0x000000000284f638
core   0: 0x0000000080005ce2 (0x03ac073b) mulw    a4, s8, s10
core   0: 1 0x0000000080005ce2 (0x03ac073b) x14 0x0000000000000000
core   0: 0x0000000080005ce6 (0xd0357353) fcvt.s.lu ft6, a0
core   0: 1 0x0000000080005ce6 (0xd0357353) c1_fflags 0x0000000000000001 f6  0xffffffff5f800000
core   0: 0x0000000080005cea (0xc2137d53) fcvt.wu.d s10, ft6
core   0: 1 0x0000000080005cea (0xc2137d53) c1_fflags 0x0000000000000011 x26 0xffffffffffffffff
core   0: 0x0000000080005cee (0x00102e73) csrrs   t3, fflags, zero
core   0: 1 0x0000000080005cee (0x00102e73) x28 0x0000000000000011
core   0: 0x0000000080005cf2 (0x036c1d93) slli    s11, s8, 54
core   0: 1 0x0000000080005cf2 (0x036c1d93) x27 0x0000000000000000
core   0: 0x0000000080005cf6 (0x22708853) fsgnj.d fa6, ft1, ft7
core   0: 1 0x0000000080005cf6 (0x22708853) f16 0xfff8000000000000
core   0: 0x0000000080005cfa (0x017dc633) xor     a2, s11, s7
core   0: 1 0x0000000080005cfa (0x017dc633) x12 0x000000000284f638
core   0: 0x0000000080005cfe (0x0068dbb3) srl     s7, a7, t1
core   0: 1 0x0000000080005cfe (0x0068dbb3) x23 0x000000000ffffffa
core   0: 0x0000000080005d02 (0x001023f3) csrrs   t2, fflags, zero
core   0: 1 0x0000000080005d02 (0x001023f3) x7  0x0000000000000011
core   0: 0x0000000080005d06 (0x5a0e7953) fsqrt.d fs2, ft8
core   0: 1 0x0000000080005d06 (0x5a0e7953) f18 0x7ff8000000000000
core   0: 0x0000000080005d0a (0x0ff0000f) fence   iorw,iorw
core   0: 1 0x0000000080005d0a (0x0ff0000f)
core   0: 0x0000000080005d0e (0x00ce1d37) lui     s10, 0xce1
core   0: 1 0x0000000080005d0e (0x00ce1d37) x26 0x0000000000ce1000
core   0: 0x0000000080005d12 (0x761d0d1b) addiw   s10, s10, 1889
core   0: 1 0x0000000080005d12 (0x761d0d1b) x26 0x0000000000ce1761
core   0: 0x0000000080005d16 (0x00000d36) c.slli  s10, 13
core   0: 1 0x0000000080005d16 (0x0d36) x26 0x00000019c2ec2000
core   0: 0x0000000080005d18 (0x385d0d13) addi    s10, s10, 901
core   0: 1 0x0000000080005d18 (0x385d0d13) x26 0x00000019c2ec2385
core   0: 0x0000000080005d1c (0x232394d3) fsgnjn.d fs1, ft7, fs2
core   0: 1 0x0000000080005d1c (0x232394d3) f9  0xffffffff00000000
core   0: 0x0000000080005d20 (0xd23e77d3) fcvt.d.lu fa5, t3
core   0: 1 0x0000000080005d20 (0xd23e77d3) f15 0x4031000000000000
core   0: 0x0000000080005d24 (0x40dad29b) sraiw   t0, s5, 13
core   0: 1 0x0000000080005d24 (0x40dad29b) x5  0x0000000000000000
core   0: 0x0000000080005d28 (0x0007d89b) srliw   a7, a5, 0
core   0: 1 0x0000000080005d28 (0x0007d89b) x17 0x0000000000000000
core   0: 0x0000000080005d2c (0x0b4df853) fsub.d  fa6, fs11, fs4
core   0: 1 0x0000000080005d2c (0x0b4df853) f16 0x7ff8000000000000
core   0: 0x0000000080005d30 (0x91a22337) lui     t1, 0x91a22
core   0: 1 0x0000000080005d30 (0x91a22337) x6  0xffffffff91a22000
core   0: 0x0000000080005d34 (0xd20e8953) fcvt.d.w fs2, t4
core   0: 1 0x0000000080005d34 (0xd20e8953) f18 0x0000000000000000
core   0: 0x0000000080005d38 (0x0348c9b3) div     s3, a7, s4
core   0: 1 0x0000000080005d38 (0x0348c9b3) x19 0xffffffffffffffff
core   0: 0x0000000080005d3c (0x0204f03b) remuw   zero, s1, zero
core   0: 1 0x0000000080005d3c (0x0204f03b)
core   0: 0x0000000080005d40 (0xc026f5d3) fcvt.l.s a1, fa3
core   0: 1 0x0000000080005d40 (0xc026f5d3) c1_fflags 0x0000000000000011 x11 0x7fffffffffffffff
core   0: 0x0000000080005d44 (0xc0287ed3) fcvt.l.s t4, fa6
core   0: 1 0x0000000080005d44 (0xc0287ed3) c1_fflags 0x0000000000000011 x29 0x7fffffffffffffff
core   0: 0x0000000080005d48 (0x301d6c17) auipc   s8, 0x301d6
core   0: 1 0x0000000080005d48 (0x301d6c17) x24 0x00000000b01dbd48
core   0: 0x0000000080005d4c (0x2b009b53) fmax.d  fs6, ft1, fa6
core   0: 1 0x0000000080005d4c (0x2b009b53) f22 0x7ff8000000000000
core   0: 0x0000000080005d50 (0x011a9233) sll     tp, s5, a7
core   0: 1 0x0000000080005d50 (0x011a9233) x4  0x0000000000000570
core   0: 0x0000000080005d54 (0x03a24bb3) div     s7, tp, s10
core   0: 1 0x0000000080005d54 (0x03a24bb3) x23 0x0000000000000000
core   0: 0x0000000080005d58 (0x009524b3) slt     s1, a0, s1
core   0: 1 0x0000000080005d58 (0x009524b3) x9  0x0000000000000001
core   0: 0x0000000080005d5c (0x00b61b9b) slliw   s7, a2, 11
core   0: 1 0x0000000080005d5c (0x00b61b9b) x23 0x0000000027b1c000
core   0: 0x0000000080005d60 (0x00bca2b3) slt     t0, s9, a1
core   0: 1 0x0000000080005d60 (0x00bca2b3) x5  0x0000000000000001
core   0: 0x0000000080005d64 (0xd21887d3) fcvt.d.wu fa5, a7
core   0: 1 0x0000000080005d64 (0xd21887d3) f15 0x0000000000000000
core   0: 0x0000000080005d68 (0x00209c73) csrrw   s8, frm, ra
core   0: 1 0x0000000080005d68 (0x00209c73) x24 0x0000000000000000 c2_frm 0x0000000000000001
core   0: 0x0000000080005d6c (0x02662eb3) mulhsu  t4, a2, t1
core   0: 1 0x0000000080005d6c (0x02662eb3) x29 0x000000000284f637
core   0: 0x0000000080005d70 (0xe2050553) fmv.x.d a0, fa0
core   0: 1 0x0000000080005d70 (0xe2050553) x10 0x7ff8000000000000
core   0: 0x0000000080005d74 (0xbcbdac93) slti    s9, s11, -1077
core   0: 1 0x0000000080005d74 (0xbcbdac93) x25 0x0000000000000000
core   0: 0x0000000080005d78 (0x01ad5133) srl     sp, s10, s10
core   0: 1 0x0000000080005d78 (0x01ad5133) x2  0x00000000ce17611c
core   0: 0x0000000080005d7c (0x028611b3) mulh    gp, a2, s0
core   0: 1 0x0000000080005d7c (0x028611b3) x3  0x0000000000000000
core   0: 0x0000000080005d80 (0x41d25d1b) sraiw   s10, tp, 29
core   0: 1 0x0000000080005d80 (0x41d25d1b) x26 0x0000000000000000
core   0: 0x0000000080005d84 (0x009352bb) srlw    t0, t1, s1
core   0: 1 0x0000000080005d84 (0x009352bb) x5  0x0000000048d11000
core   0: 0x0000000080005d88 (0x00002e85) c.addiw t4, 1
core   0: 1 0x0000000080005d88 (0x2e85) x29 0x000000000284f638
core   0: 0x0000000080005d8a (0x0259b6b3) mulhu   a3, s3, t0
core   0: 1 0x0000000080005d8a (0x0259b6b3) x13 0x0000000048d10fff
core   0: 0x0000000080005d8e (0x00102b73) csrrs   s6, fflags, zero
core   0: 1 0x0000000080005d8e (0x00102b73) x22 0x0000000000000011
core   0: 0x0000000080005d92 (0x003a121b) slliw   tp, s4, 3
core   0: 1 0x0000000080005d92 (0x003a121b) x4  0x0000000000000000
core   0: 0x0000000080005d96 (0x000001da) c.slli  gp, 22
core   0: 1 0x0000000080005d96 (0x01da) x3  0x0000000000000000
core   0: 0x0000000080005d98 (0x022b86bb) mulw    a3, s7, sp
core   0: 1 0x0000000080005d98 (0x022b86bb) x13 0xfffffffff1310000
core   0: 0x0000000080005d9c (0x40b75933) sra     s2, a4, a1
core   0: 1 0x0000000080005d9c (0x40b75933) x18 0x0000000000000000
core   0: 0x0000000080005da0 (0x2da64e37) lui     t3, 0x2da64
core   0: 1 0x0000000080005da0 (0x2da64e37) x28 0x000000002da64000
core   0: 0x0000000080005da4 (0x03a9003b) mulw    zero, s2, s10
core   0: 1 0x0000000080005da4 (0x03a9003b)
core   0: 0x0000000080005da8 (0x2b119853) fmax.d  fa6, ft3, fa7
core   0: 1 0x0000000080005da8 (0x2b119853) f16 0x7ff8000000000000
core   0: 0x0000000080005dac (0x7ffe6c13) ori     s8, t3, 2047
core   0: 1 0x0000000080005dac (0x7ffe6c13) x24 0x000000002da647ff
core   0: 0x0000000080005db0 (0xb8206273) csrrsi  tp, minstreth, 0
core   0: exception trap_illegal_instruction, epc 0x0000000080005db0
core   0:           tval 0x00000000b8206273
core   0: >>>>  $xrv64i2p1_m2p0_a2p1_f2p2_d2p2_zicsr2p0_zifencei2p0_zmmul1p0_zba1p0_zbb1p0_zbc1p0_zbs1p0
core   0: 0x0000000080004000 (0x0080006f) j       pc + 0x8
core   0: 3 0x0000000080004000 (0x0080006f)
core   0: >>>>  mmode_exception_handler
core   0: 0x0000000080004008 (0x00002c17) auipc   s8, 0x2
core   0: 3 0x0000000080004008 (0x00002c17) x24 0x0000000080006008
core   0: 0x000000008000400c (0x076c0c13) addi    s8, s8, 118
core   0: 3 0x000000008000400c (0x076c0c13) x24 0x000000008000607e
core   0: 0x0000000080004010 (0x000c00e7) jalr    s8
core   0: 3 0x0000000080004010 (0x000c00e7) x1  0x0000000080004014
core   0: >>>>  any_handler
core   0: 0x000000008000607e (0x341027f3) csrrs   a5, mepc, zero
core   0: 3 0x000000008000607e (0x341027f3) x15 0x0000000080005db0
core   0: 0x0000000080006082 (0x34202773) csrrs   a4, mcause, zero
core   0: 3 0x0000000080006082 (0x34202773) x14 0x0000000000000002
core   0: 0x0000000080006086 (0x142026f3) csrrs   a3, scause, zero
core   0: 3 0x0000000080006086 (0x142026f3) x13 0x0000000000000000
core   0: 0x000000008000608a (0x30402673) csrrs   a2, mie, zero
core   0: 3 0x000000008000608a (0x30402673) x12 0x0000000000000a00
core   0: 0x000000008000608e (0x344025f3) csrrs   a1, mip, zero
core   0: 3 0x000000008000608e (0x344025f3) x11 0x0000000000000080
core   0: 0x0000000080006092 (0x343025f3) csrrs   a1, mtval, zero
core   0: 3 0x0000000080006092 (0x343025f3) x11 0x00000000b8206273
core   0: 0x0000000080006096 (0x14302573) csrrs   a0, stval, zero
core   0: 3 0x0000000080006096 (0x14302573) x10 0x0000000000000000
core   0: 0x000000008000609a (0xb02024f3) csrrs   s1, minstret, zero
core   0: 3 0x000000008000609a (0xb02024f3) x9  0x0000000000001230
core   0: 0x000000008000609e (0x0000a811) c.j     pc + 20
core   0: 3 0x000000008000609e (0xa811)
core   0: >>>>  mepc_4
core   0: 0x00000000800060b2 (0x00000791) c.addi  a5, 4
core   0: 3 0x00000000800060b2 (0x0791) x15 0x0000000080005db4
core   0: 0x00000000800060b4 (0x34179073) csrrw   zero, mepc, a5
core   0: 3 0x00000000800060b4 (0x34179073) c833_mepc 0x0000000080005db4
core   0: 0x00000000800060b8 (0x30200073) mret
core   0: 3 0x00000000800060b8 (0x30200073) c768_mstatus 0x8000000a00106080
core   0: 0x0000000080005db4 (0xd22ef053) fcvt.d.l ft0, t4
core   0: 1 0x0000000080005db4 (0xd22ef053) f0  0x418427b1c0000000
core   0: 0x0000000080005db8 (0xd23ef0d3) fcvt.d.lu ft1, t4
core   0: 1 0x0000000080005db8 (0xd23ef0d3) f1  0x418427b1c0000000
core   0: 0x0000000080005dbc (0x40cad593) srai    a1, s5, 12
core   0: 1 0x0000000080005dbc (0x40cad593) x11 0x0000000000000000
core   0: 0x0000000080005dc0 (0xd20206d3) fcvt.d.w fa3, tp
core   0: 1 0x0000000080005dc0 (0xd20206d3) f13 0x0000000000000000
core   0: 0x0000000080005dc4 (0x40ad569b) sraiw   a3, s10, 10
core   0: 1 0x0000000080005dc4 (0x40ad569b) x13 0x0000000000000000
core   0: 0x0000000080005dc8 (0x0259e93b) remw    s2, s3, t0
core   0: 1 0x0000000080005dc8 (0x0259e93b) x18 0xffffffffffffffff
core   0: 0x0000000080005dcc (0x1bf6f7d3) fdiv.d  fa5, fa3, ft11
core   0: 1 0x0000000080005dcc (0x1bf6f7d3) f15 0x8000000000000000
core   0: 0x0000000080005dd0 (0x40c45333) sra     t1, s0, a2
core   0: 1 0x0000000080005dd0 (0x40c45333) x6  0x0000000000000570
core   0: 0x0000000080005dd4 (0x2523eb13) ori     s6, t2, 594
core   0: 1 0x0000000080005dd4 (0x2523eb13) x22 0x0000000000000253
core   0: 0x0000000080005dd8 (0x9ad44017) auipc   zero, 0x9ad44
core   0: 1 0x0000000080005dd8 (0x9ad44017)
core   0: 0x0000000080005ddc (0x5a0c7053) fsqrt.d ft0, fs8
core   0: 1 0x0000000080005ddc (0x5a0c7053) f0  0x7ff8000000000000
core   0: 0x0000000080005de0 (0x6e44e913) ori     s2, s1, 1764
core   0: 1 0x0000000080005de0 (0x6e44e913) x18 0x00000000000016f4
core   0: 0x0000000080005de4 (0x00e2e2b3) or      t0, t0, a4
core   0: 1 0x0000000080005de4 (0x00e2e2b3) x5  0x0000000048d11002
core   0: 0x0000000080005de8 (0x02fef2d3) fadd.d  ft5, ft9, fa5
core   0: 1 0x0000000080005de8 (0x02fef2d3) f5  0x0000000000000570
core   0: 0x0000000080005dec (0x00000001) c.nop
core   0: 1 0x0000000080005dec (0x0001)
core   0: 0x0000000080005dee (0x0091023b) addw    tp, sp, s1
core   0: 1 0x0000000080005dee (0x0091023b) x4  0xffffffffce17734c
core   0: 0x0000000080005df2 (0x02c1beb3) mulhu   t4, gp, a2
core   0: 1 0x0000000080005df2 (0x02c1beb3) x29 0x0000000000000000
core   0: 0x0000000080005df6 (0x01fd5b1b) srliw   s6, s10, 31
core   0: 1 0x0000000080005df6 (0x01fd5b1b) x22 0x0000000000000000
core   0: 0x0000000080005dfa (0x1b2770d3) fdiv.d  ft1, fa4, fs2
core   0: 1 0x0000000080005dfa (0x1b2770d3) c1_fflags 0x0000000000000019 f1  0x7ff0000000000000
core   0: 0x0000000080005dfe (0x0bef7f53) fsub.d  ft10, ft10, ft10
core   0: 1 0x0000000080005dfe (0x0bef7f53) f30 0x7ff8000000000000
core   0: 0x0000000080005e02 (0x0ff0000f) fence   iorw,iorw
core   0: 1 0x0000000080005e02 (0x0ff0000f)
core   0: 0x0000000080005e06 (0xc20f75d3) fcvt.w.d a1, ft10
core   0: 1 0x0000000080005e06 (0xc20f75d3) c1_fflags 0x0000000000000019 x11 0x000000007fffffff
core   0: 0x0000000080005e0a (0xc03f7ed3) fcvt.lu.s t4, ft10
core   0: 1 0x0000000080005e0a (0xc03f7ed3) c1_fflags 0x0000000000000019 x29 0xffffffffffffffff
core   0: 0x0000000080005e0e (0xc22873d3) fcvt.l.d t2, fa6
core   0: 1 0x0000000080005e0e (0xc22873d3) c1_fflags 0x0000000000000019 x7  0x7fffffffffffffff
core   0: 0x0000000080005e12 (0x42020ad3) fcvt.d.s fs5, ft4
core   0: 1 0x0000000080005e12 (0x42020ad3) f21 0x7ff8000000000000
core   0: 0x0000000080005e16 (0x03f11913) slli    s2, sp, 63
core   0: 1 0x0000000080005e16 (0x03f11913) x18 0x0000000000000000
core   0: 0x0000000080005e1a (0xc03afd53) fcvt.lu.s s10, fs5
core   0: 1 0x0000000080005e1a (0xc03afd53) c1_fflags 0x0000000000000019 x26 0xffffffffffffffff
core   0: 0x0000000080005e1e (0x400dd813) srai    a6, s11, 0
core   0: 1 0x0000000080005e1e (0x400dd813) x16 0x0000000000000000
core   0: 0x0000000080005e22 (0x0b077253) fsub.d  ft4, fa4, fa6
core   0: 1 0x0000000080005e22 (0x0b077253) f4  0x7ff8000000000000
core   0: 0x0000000080005e26 (0xd23379d3) fcvt.d.lu fs3, t1
core   0: 1 0x0000000080005e26 (0xd23379d3) f19 0x4095c00000000000
core   0: 0x0000000080005e2a (0x030e08b3) mul     a7, t3, a6
core   0: 1 0x0000000080005e2a (0x030e08b3) x17 0x0000000000000000
core   0: 0x0000000080005e2e (0x00202073) csrrs   zero, frm, zero
core   0: 1 0x0000000080005e2e (0x00202073)
core   0: 0x0000000080005e32 (0x401479d3) fcvt.s.d fs3, fs0
core   0: 1 0x0000000080005e32 (0x401479d3) f19 0xffffffff3f800000
core   0: 0x0000000080005e36 (0xc2097cd3) fcvt.w.d s9, fs2
core   0: 1 0x0000000080005e36 (0xc2097cd3) x25 0x0000000000000000
core   0: 0x0000000080005e3a (0x12027e53) fmul.d  ft8, ft4, ft0
core   0: 1 0x0000000080005e3a (0x12027e53) f28 0x7ff8000000000000
core   0: 0x0000000080005e3e (0x03d1613b) remw    sp, sp, t4
core   0: 1 0x0000000080005e3e (0x03d1613b) x2  0x0000000000000000
core   0: 0x0000000080005e42 (0x01bed913) srli    s2, t4, 27
core   0: 1 0x0000000080005e42 (0x01bed913) x18 0x0000001fffffffff
core   0: 0x0000000080005e46 (0x0291e1b3) rem     gp, gp, s1
core   0: 1 0x0000000080005e46 (0x0291e1b3) x3  0x0000000000000000
core   0: 0x0000000080005e4a (0x01481bbb) sllw    s7, a6, s4
core   0: 1 0x0000000080005e4a (0x01481bbb) x23 0x0000000000000000
core   0: 0x0000000080005e4e (0x039a40bb) divw    ra, s4, s9
core   0: 1 0x0000000080005e4e (0x039a40bb) x1  0xffffffffffffffff
core   0: 0x0000000080005e52 (0xd03a7953) fcvt.s.lu fs2, s4
core   0: 1 0x0000000080005e52 (0xd03a7953) f18 0xffffffff00000000
core   0: 0x0000000080005e56 (0x01a0dd1b) srliw   s10, ra, 26
core   0: 1 0x0000000080005e56 (0x01a0dd1b) x26 0x000000000000003f
core   0: 0x0000000080005e5a (0x2a1e1953) fmax.d  fs2, ft8, ft1
core   0: 1 0x0000000080005e5a (0x2a1e1953) f18 0x7ff0000000000000
core   0: 0x0000000080005e5e (0x003e1433) sll     s0, t3, gp
core   0: 1 0x0000000080005e5e (0x003e1433) x8  0x000000002da64000
core   0: 0x0000000080005e62 (0x00202573) csrrs   a0, frm, zero
core   0: 1 0x0000000080005e62 (0x00202573) x10 0x0000000000000001
core   0: 0x0000000080005e66 (0x0143d6bb) srlw    a3, t2, s4
core   0: 1 0x0000000080005e66 (0x0143d6bb) x13 0xffffffffffffffff
core   0: 0x0000000080005e6a (0x02089b33) mulh    s6, a7, zero
core   0: 1 0x0000000080005e6a (0x02089b33) x22 0x0000000000000000
core   0: 0x0000000080005e6e (0x5052f093) andi    ra, t0, 1285
core   0: 1 0x0000000080005e6e (0x5052f093) x1  0x0000000000000000
core   0: 0x0000000080005e72 (0x0adc7453) fsub.d  fs0, fs8, fa3
core   0: 1 0x0000000080005e72 (0x0adc7453) f8  0x7ff8000000000000
core   0: 0x0000000080005e76 (0x0011139b) slliw   t2, sp, 1
core   0: 1 0x0000000080005e76 (0x0011139b) x7  0x0000000000000000
core   0: 0x0000000080005e7a (0x001d7513) andi    a0, s10, 1
core   0: 1 0x0000000080005e7a (0x001d7513) x10 0x0000000000000001
core   0: 0x0000000080005e7e (0x40155613) srai    a2, a0, 1
core   0: 1 0x0000000080005e7e (0x40155613) x12 0x0000000000000000
core   0: 0x0000000080005e82 (0xd2068dd3) fcvt.d.w fs11, a3
core   0: 1 0x0000000080005e82 (0xd2068dd3) f27 0xbff0000000000000
core   0: 0x0000000080005e86 (0x001c0b3b) addw    s6, s8, ra
core   0: 1 0x0000000080005e86 (0x001c0b3b) x22 0xffffffff8000607e
core   0: 0x0000000080005e8a (0x001393f3) csrrw   t2, fflags, t2
core   0: 1 0x0000000080005e8a (0x001393f3) x7  0x0000000000000019 c1_fflags 0x0000000000000000
core   0: 0x0000000080005e8e (0x02711eb3) mulh    t4, sp, t2
core   0: 1 0x0000000080005e8e (0x02711eb3) x29 0x0000000000000000
core   0: 0x0000000080005e92 (0x0061143b) sllw    s0, sp, t1
core   0: 1 0x0000000080005e92 (0x0061143b) x8  0x0000000000000000
core   0: 0x0000000080005e96 (0x401eda1b) sraiw   s4, t4, 1
core   0: 1 0x0000000080005e96 (0x401eda1b) x20 0x0000000000000000
core   0: 0x0000000080005e9a (0x00420e33) add     t3, tp, tp
core   0: 1 0x0000000080005e9a (0x00420e33) x28 0xffffffff9c2ee698
core   0: 0x0000000080005e9e (0xd22970d3) fcvt.d.l ft1, s2
core   0: 1 0x0000000080005e9e (0xd22970d3) f1  0x423fffffffff0000
core   0: 0x0000000080005ea2 (0x00102873) csrrs   a6, fflags, zero
core   0: 1 0x0000000080005ea2 (0x00102873) x16 0x0000000000000000
core   0: 0x0000000080005ea6 (0xc027f2d3) fcvt.l.s t0, fa5
core   0: 1 0x0000000080005ea6 (0xc027f2d3) c1_fflags 0x0000000000000010 x5  0x7fffffffffffffff
core   0: 0x0000000080005eaa (0xc02436f3) csrrc   a3, instret, s0
core   0: exception trap_illegal_instruction, epc 0x0000000080005eaa
core   0:           tval 0x00000000c02436f3
core   0: >>>>  $xrv64i2p1_m2p0_a2p1_f2p2_d2p2_zicsr2p0_zifencei2p0_zmmul1p0_zba1p0_zbb1p0_zbc1p0_zbs1p0
core   0: 0x0000000080004000 (0x0080006f) j       pc + 0x8
core   0: 3 0x0000000080004000 (0x0080006f)
core   0: >>>>  mmode_exception_handler
core   0: 0x0000000080004008 (0x00002c17) auipc   s8, 0x2
core   0: 3 0x0000000080004008 (0x00002c17) x24 0x0000000080006008
core   0: 0x000000008000400c (0x076c0c13) addi    s8, s8, 118
core   0: 3 0x000000008000400c (0x076c0c13) x24 0x000000008000607e
core   0: 0x0000000080004010 (0x000c00e7) jalr    s8
core   0: 3 0x0000000080004010 (0x000c00e7) x1  0x0000000080004014
core   0: >>>>  any_handler
core   0: 0x000000008000607e (0x341027f3) csrrs   a5, mepc, zero
core   0: 3 0x000000008000607e (0x341027f3) x15 0x0000000080005eaa
core   0: 0x0000000080006082 (0x34202773) csrrs   a4, mcause, zero
core   0: 3 0x0000000080006082 (0x34202773) x14 0x0000000000000002
core   0: 0x0000000080006086 (0x142026f3) csrrs   a3, scause, zero
core   0: 3 0x0000000080006086 (0x142026f3) x13 0x0000000000000000
core   0: 0x000000008000608a (0x30402673) csrrs   a2, mie, zero
core   0: 3 0x000000008000608a (0x30402673) x12 0x0000000000000a00
core   0: 0x000000008000608e (0x344025f3) csrrs   a1, mip, zero
core   0: 3 0x000000008000608e (0x344025f3) x11 0x0000000000000080
core   0: 0x0000000080006092 (0x343025f3) csrrs   a1, mtval, zero
core   0: 3 0x0000000080006092 (0x343025f3) x11 0x00000000c02436f3
core   0: 0x0000000080006096 (0x14302573) csrrs   a0, stval, zero
core   0: 3 0x0000000080006096 (0x14302573) x10 0x0000000000000000
core   0: 0x000000008000609a (0xb02024f3) csrrs   s1, minstret, zero
core   0: 3 0x000000008000609a (0xb02024f3) x9  0x000000000000127e
core   0: 0x000000008000609e (0x0000a811) c.j     pc + 20
core   0: 3 0x000000008000609e (0xa811)
core   0: >>>>  mepc_4
core   0: 0x00000000800060b2 (0x00000791) c.addi  a5, 4
core   0: 3 0x00000000800060b2 (0x0791) x15 0x0000000080005eae
core   0: 0x00000000800060b4 (0x34179073) csrrw   zero, mepc, a5
core   0: 3 0x00000000800060b4 (0x34179073) c833_mepc 0x0000000080005eae
core   0: 0x00000000800060b8 (0x30200073) mret
core   0: 3 0x00000000800060b8 (0x30200073) c768_mstatus 0x8000000a00106080
core   0: 0x0000000080005eae (0x00e70cbb) addw    s9, a4, a4
core   0: 1 0x0000000080005eae (0x00e70cbb) x25 0x0000000000000004
core   0: 0x0000000080005eb2 (0x02b4443b) divw    s0, s0, a1
core   0: 1 0x0000000080005eb2 (0x02b4443b) x8  0x0000000000000000
core   0: 0x0000000080005eb6 (0x0062c533) xor     a0, t0, t1
core   0: 1 0x0000000080005eb6 (0x0062c533) x10 0x7ffffffffffffa8f
core   0: 0x0000000080005eba (0x0004541b) srliw   s0, s0, 0
core   0: 1 0x0000000080005eba (0x0004541b) x8  0x0000000000000000
core   0: 0x0000000080005ebe (0x7f801517) auipc   a0, 0x7f801
core   0: 1 0x0000000080005ebe (0x7f801517) x10 0x00000000ff806ebe
core   0: 0x0000000080005ec2 (0xc207fb53) fcvt.w.d s6, fa5
core   0: 1 0x0000000080005ec2 (0xc207fb53) x22 0x0000000000000000
core   0: 0x0000000080005ec6 (0x02f17ad3) fadd.d  fs5, ft2, fa5
core   0: 1 0x0000000080005ec6 (0x02f17ad3) f21 0x0000000000000570
core   0: 0x0000000080005eca (0x01a38d3b) addw    s10, t2, s10
core   0: 1 0x0000000080005eca (0x01a38d3b) x26 0x0000000000000058
core   0: 0x0000000080005ece (0x007bc4b3) xor     s1, s7, t2
core   0: 1 0x0000000080005ece (0x007bc4b3) x9  0x0000000000000019
core   0: 0x0000000080005ed2 (0x03cb0233) mul     tp, s6, t3
core   0: 1 0x0000000080005ed2 (0x03cb0233) x4  0x0000000000000000
core   0: 0x0000000080005ed6 (0x014a7ab3) and     s5, s4, s4
core   0: 1 0x0000000080005ed6 (0x014a7ab3) x21 0x0000000000000000
core   0: 0x0000000080005eda (0xd21e0e53) fcvt.d.wu ft8, t3
core   0: 1 0x0000000080005eda (0xd21e0e53) f28 0x41e385dcd3000000
core   0: 0x0000000080005ede (0x7b7be213) ori     tp, s7, 1975
core   0: 1 0x0000000080005ede (0x7b7be213) x4  0x00000000000007b7
core   0: 0x0000000080005ee2 (0x01641b3b) sllw    s6, s0, s6
core   0: 1 0x0000000080005ee2 (0x01641b3b) x22 0x0000000000000000
core   0: 0x0000000080005ee6 (0x014d5a3b) srlw    s4, s10, s4
core   0: 1 0x0000000080005ee6 (0x014d5a3b) x20 0x0000000000000058
core   0: 0x0000000080005eea (0x00a2c2b3) xor     t0, t0, a0
core   0: 1 0x0000000080005eea (0x00a2c2b3) x5  0x7fffffff007f9141
core   0: 0x0000000080005eee (0x3bce7047) fmsub.d ft0, ft8, ft8, ft7
core   0: 1 0x0000000080005eee (0x3bce7047) f0  0x7ff8000000000000
core   0: 0x0000000080005ef2 (0x000455b3) srl     a1, s0, zero
core   0: 1 0x0000000080005ef2 (0x000455b3) x11 0x0000000000000000
core   0: 0x0000000080005ef6 (0x40f8d893) srai    a7, a7, 15
core   0: 1 0x0000000080005ef6 (0x40f8d893) x17 0x0000000000000000
core   0: 0x0000000080005efa (0x0236cc33) div     s8, a3, gp
core   0: 1 0x0000000080005efa (0x0236cc33) x24 0xffffffffffffffff
core   0: 0x0000000080005efe (0x10598297) auipc   t0, 0x10598
core   0: 1 0x0000000080005efe (0x10598297) x5  0x000000009059defe
core   0: 0x0000000080005f02 (0x4013da13) srai    s4, t2, 1
core   0: 1 0x0000000080005f02 (0x4013da13) x20 0x000000000000000c
core   0: 0x0000000080005f06 (0x0ae07853) fsub.d  fa6, ft0, fa4
core   0: 1 0x0000000080005f06 (0x0ae07853) f16 0x7ff8000000000000
core   0: 0x0000000080005f0a (0x02b69913) slli    s2, a3, 43
core   0: 1 0x0000000080005f0a (0x02b69913) x18 0x0000000000000000
core   0: 0x0000000080005f0e (0x12857553) fmul.d  fa0, fa0, fs0
core   0: 1 0x0000000080005f0e (0x12857553) f10 0x7ff8000000000000
core   0: 0x0000000080005f12 (0x2b6b12d3) fmax.d  ft5, fs6, fs6
core   0: 1 0x0000000080005f12 (0x2b6b12d3) f5  0x7ff8000000000000
core   0: 0x0000000080005f16 (0x00202473) csrrs   s0, frm, zero
core   0: 1 0x0000000080005f16 (0x00202473) x8  0x0000000000000001
core   0: 0x0000000080005f1a (0x22079253) fsgnjn.d ft4, fa5, ft0
core   0: 1 0x0000000080005f1a (0x22079253) f4  0x8000000000000000
core   0: 0x0000000080005f1e (0x77d60513) addi    a0, a2, 1917
core   0: 1 0x0000000080005f1e (0x77d60513) x10 0x000000000000117d
core   0: 0x0000000080005f22 (0xd0357f53) fcvt.s.lu ft10, a0
core   0: 1 0x0000000080005f22 (0xd0357f53) f30 0xffffffff458be800
core   0: 0x0000000080005f26 (0x00510a33) add     s4, sp, t0
core   0: 1 0x0000000080005f26 (0x00510a33) x20 0x000000009059defe
core   0: 0x0000000080005f2a (0xa2ff0453) fle.d   s0, ft10, fa5
core   0: 1 0x0000000080005f2a (0xa2ff0453) c1_fflags 0x0000000000000010 x8  0x0000000000000000
core   0: 0x0000000080005f2e (0x02c67653) fadd.d  fa2, fa2, fa2
core   0: 1 0x0000000080005f2e (0x02c67653) f12 0x7ff8000000000000
core   0: 0x0000000080005f32 (0x00202973) csrrs   s2, frm, zero
core   0: 1 0x0000000080005f32 (0x00202973) x18 0x0000000000000001
core   0: 0x0000000080005f36 (0x0002989b) slliw   a7, t0, 0
core   0: 1 0x0000000080005f36 (0x0002989b) x17 0xffffffff9059defe
core   0: 0x0000000080005f3a (0xc22977d3) fcvt.l.d a5, fs2
core   0: 1 0x0000000080005f3a (0xc22977d3) c1_fflags 0x0000000000000010 x15 0x7fffffffffffffff
core   0: 0x0000000080005f3e (0x01ce1cb3) sll     s9, t3, t3
core   0: 1 0x0000000080005f3e (0x01ce1cb3) x25 0xff9c2ee698000000
core   0: 0x0000000080005f42 (0x40157fd3) fcvt.s.d ft11, fa0
core   0: 1 0x0000000080005f42 (0x40157fd3) f31 0xffffffff7fc00000
core   0: 0x0000000080005f46 (0x00000001) c.nop
core   0: 1 0x0000000080005f46 (0x0001)
core   0: 0x0000000080005f48 (0x022b65b3) rem     a1, s6, sp
core   0: 1 0x0000000080005f48 (0x022b65b3) x11 0x0000000000000000
core   0: 0x0000000080005f4c (0x40f5d53b) sraw    a0, a1, a5
core   0: 1 0x0000000080005f4c (0x40f5d53b) x10 0x0000000000000000
core   0: 0x0000000080005f50 (0x02bd47b3) div     a5, s10, a1
core   0: 1 0x0000000080005f50 (0x02bd47b3) x15 0xffffffffffffffff
core   0: 0x0000000080005f54 (0x00e7573b) srlw    a4, a4, a4
core   0: 1 0x0000000080005f54 (0x00e7573b) x14 0x0000000000000000
core   0: 0x0000000080005f58 (0xd23178d3) fcvt.d.lu fa7, sp
core   0: 1 0x0000000080005f58 (0xd23178d3) f17 0x0000000000000000
core   0: 0x0000000080005f5c (0xd028f053) fcvt.s.l ft0, a7
core   0: 1 0x0000000080005f5c (0xd028f053) c1_fflags 0x0000000000000011 f0  0xffffffffcedf4c42
core   0: 0x0000000080005f60 (0x02586d3b) remw    s10, a6, t0
core   0: 1 0x0000000080005f60 (0x02586d3b) x26 0x0000000000000000
core   0: 0x0000000080005f64 (0x41758bb3) sub     s7, a1, s7
core   0: 1 0x0000000080005f64 (0x41758bb3) x23 0x0000000000000000
core   0: 0x0000000080005f68 (0x00a35413) srli    s0, t1, 10
core   0: 1 0x0000000080005f68 (0x00a35413) x8  0x0000000000000001
core   0: 0x0000000080005f6c (0x0206f6d3) fadd.d  fa3, fa3, ft0
core   0: 1 0x0000000080005f6c (0x0206f6d3) f13 0x7ff8000000000000
core   0: 0x0000000080005f70 (0x02fbb833) mulhu   a6, s7, a5
core   0: 1 0x0000000080005f70 (0x02fbb833) x16 0x0000000000000000
core   0: 0x0000000080005f74 (0x00582e33) slt     t3, a6, t0
core   0: 1 0x0000000080005f74 (0x00582e33) x28 0x0000000000000001
core   0: 0x0000000080005f78 (0x01c6d8bb) srlw    a7, a3, t3
core   0: 1 0x0000000080005f78 (0x01c6d8bb) x17 0x0000000000000000
core   0: 0x0000000080005f7c (0x017e9ebb) sllw    t4, t4, s7
core   0: 1 0x0000000080005f7c (0x017e9ebb) x29 0x0000000000000000
core   0: 0x0000000080005f80 (0x018500b3) add     ra, a0, s8
core   0: 1 0x0000000080005f80 (0x018500b3) x1  0xffffffffffffffff
core   0: 0x0000000080005f84 (0xc06065f3) csrrsi  a1, hpmcounter6, 0
core   0: exception trap_illegal_instruction, epc 0x0000000080005f84
core   0:           tval 0x00000000c06065f3
core   0: >>>>  $xrv64i2p1_m2p0_a2p1_f2p2_d2p2_zicsr2p0_zifencei2p0_zmmul1p0_zba1p0_zbb1p0_zbc1p0_zbs1p0
core   0: 0x0000000080004000 (0x0080006f) j       pc + 0x8
core   0: 3 0x0000000080004000 (0x0080006f)
core   0: >>>>  mmode_exception_handler
core   0: 0x0000000080004008 (0x00002c17) auipc   s8, 0x2
core   0: 3 0x0000000080004008 (0x00002c17) x24 0x0000000080006008
core   0: 0x000000008000400c (0x076c0c13) addi    s8, s8, 118
core   0: 3 0x000000008000400c (0x076c0c13) x24 0x000000008000607e
core   0: 0x0000000080004010 (0x000c00e7) jalr    s8
core   0: 3 0x0000000080004010 (0x000c00e7) x1  0x0000000080004014
core   0: >>>>  any_handler
core   0: 0x000000008000607e (0x341027f3) csrrs   a5, mepc, zero
core   0: 3 0x000000008000607e (0x341027f3) x15 0x0000000080005f84
core   0: 0x0000000080006082 (0x34202773) csrrs   a4, mcause, zero
core   0: 3 0x0000000080006082 (0x34202773) x14 0x0000000000000002
core   0: 0x0000000080006086 (0x142026f3) csrrs   a3, scause, zero
core   0: 3 0x0000000080006086 (0x142026f3) x13 0x0000000000000000
core   0: 0x000000008000608a (0x30402673) csrrs   a2, mie, zero
core   0: 3 0x000000008000608a (0x30402673) x12 0x0000000000000a00
core   0: 0x000000008000608e (0x344025f3) csrrs   a1, mip, zero
core   0: 3 0x000000008000608e (0x344025f3) x11 0x0000000000000080
core   0: 0x0000000080006092 (0x343025f3) csrrs   a1, mtval, zero
core   0: 3 0x0000000080006092 (0x343025f3) x11 0x00000000c06065f3
core   0: 0x0000000080006096 (0x14302573) csrrs   a0, stval, zero
core   0: 3 0x0000000080006096 (0x14302573) x10 0x0000000000000000
core   0: 0x000000008000609a (0xb02024f3) csrrs   s1, minstret, zero
core   0: 3 0x000000008000609a (0xb02024f3) x9  0x00000000000012c4
core   0: 0x000000008000609e (0x0000a811) c.j     pc + 20
core   0: 3 0x000000008000609e (0xa811)
core   0: >>>>  mepc_4
core   0: 0x00000000800060b2 (0x00000791) c.addi  a5, 4
core   0: 3 0x00000000800060b2 (0x0791) x15 0x0000000080005f88
core   0: 0x00000000800060b4 (0x34179073) csrrw   zero, mepc, a5
core   0: 3 0x00000000800060b4 (0x34179073) c833_mepc 0x0000000080005f88
core   0: 0x00000000800060b8 (0x30200073) mret
core   0: 3 0x00000000800060b8 (0x30200073) c768_mstatus 0x8000000a00106080
core   0: 0x0000000080005f88 (0x021dd133) divu    sp, s11, ra
core   0: 1 0x0000000080005f88 (0x021dd133) x2  0x0000000000000000
core   0: 0x0000000080005f8c (0x418484bb) subw    s1, s1, s8
core   0: 1 0x0000000080005f8c (0x418484bb) x9  0x000000007fffb246
core   0: 0x0000000080005f90 (0x404e01bb) subw    gp, t3, tp
core   0: 1 0x0000000080005f90 (0x404e01bb) x3  0xfffffffffffff84a
core   0: 0x0000000080005f94 (0x40125eb3) sra     t4, tp, ra
core   0: 1 0x0000000080005f94 (0x40125eb3) x29 0x0000000000000000
core   0: 0x0000000080005f98 (0x00915333) srl     t1, sp, s1
core   0: 1 0x0000000080005f98 (0x00915333) x6  0x0000000000000000
core   0: 0x0000000080005f9c (0xe2050b53) fmv.x.d s6, fa0
core   0: 1 0x0000000080005f9c (0xe2050b53) x22 0x7ff8000000000000
core   0: 0x0000000080005fa0 (0x0007d49b) srliw   s1, a5, 0
core   0: 1 0x0000000080005fa0 (0x0007d49b) x9  0xffffffff80005f88
core   0: 0x0000000080005fa4 (0x016e95bb) sllw    a1, t4, s6
core   0: 1 0x0000000080005fa4 (0x016e95bb) x11 0x0000000000000000
core   0: 0x0000000080005fa8 (0x001028f3) csrrs   a7, fflags, zero
core   0: 1 0x0000000080005fa8 (0x001028f3) x17 0x0000000000000011
core   0: 0x0000000080005fac (0x74705673) csrrwi  a2, mseccfg, 0
core   0: exception trap_illegal_instruction, epc 0x0000000080005fac
core   0:           tval 0x0000000074705673
core   0: >>>>  $xrv64i2p1_m2p0_a2p1_f2p2_d2p2_zicsr2p0_zifencei2p0_zmmul1p0_zba1p0_zbb1p0_zbc1p0_zbs1p0
core   0: 0x0000000080004000 (0x0080006f) j       pc + 0x8
core   0: 3 0x0000000080004000 (0x0080006f)
core   0: >>>>  mmode_exception_handler
core   0: 0x0000000080004008 (0x00002c17) auipc   s8, 0x2
core   0: 3 0x0000000080004008 (0x00002c17) x24 0x0000000080006008
core   0: 0x000000008000400c (0x076c0c13) addi    s8, s8, 118
core   0: 3 0x000000008000400c (0x076c0c13) x24 0x000000008000607e
core   0: 0x0000000080004010 (0x000c00e7) jalr    s8
core   0: 3 0x0000000080004010 (0x000c00e7) x1  0x0000000080004014
core   0: >>>>  any_handler
core   0: 0x000000008000607e (0x341027f3) csrrs   a5, mepc, zero
core   0: 3 0x000000008000607e (0x341027f3) x15 0x0000000080005fac
core   0: 0x0000000080006082 (0x34202773) csrrs   a4, mcause, zero
core   0: 3 0x0000000080006082 (0x34202773) x14 0x0000000000000002
core   0: 0x0000000080006086 (0x142026f3) csrrs   a3, scause, zero
core   0: 3 0x0000000080006086 (0x142026f3) x13 0x0000000000000000
core   0: 0x000000008000608a (0x30402673) csrrs   a2, mie, zero
core   0: 3 0x000000008000608a (0x30402673) x12 0x0000000000000a00
core   0: 0x000000008000608e (0x344025f3) csrrs   a1, mip, zero
core   0: 3 0x000000008000608e (0x344025f3) x11 0x0000000000000080
core   0: 0x0000000080006092 (0x343025f3) csrrs   a1, mtval, zero
core   0: 3 0x0000000080006092 (0x343025f3) x11 0x0000000074705673
core   0: 0x0000000080006096 (0x14302573) csrrs   a0, stval, zero
core   0: 3 0x0000000080006096 (0x14302573) x10 0x0000000000000000
core   0: 0x000000008000609a (0xb02024f3) csrrs   s1, minstret, zero
core   0: 3 0x000000008000609a (0xb02024f3) x9  0x00000000000012dd
core   0: 0x000000008000609e (0x0000a811) c.j     pc + 20
core   0: 3 0x000000008000609e (0xa811)
core   0: >>>>  mepc_4
core   0: 0x00000000800060b2 (0x00000791) c.addi  a5, 4
core   0: 3 0x00000000800060b2 (0x0791) x15 0x0000000080005fb0
core   0: 0x00000000800060b4 (0x34179073) csrrw   zero, mepc, a5
core   0: 3 0x00000000800060b4 (0x34179073) c833_mepc 0x0000000080005fb0
core   0: 0x00000000800060b8 (0x30200073) mret
core   0: 3 0x00000000800060b8 (0x30200073) c768_mstatus 0x8000000a00106080
core   0: 0x0000000080005fb0 (0x0ff0000f) fence   iorw,iorw
core   0: 1 0x0000000080005fb0 (0x0ff0000f)
core   0: 0x0000000080005fb4 (0x00000001) c.nop
core   0: 1 0x0000000080005fb4 (0x0001)
core   0: 0x0000000080005fb6 (0x001714f3) csrrw   s1, fflags, a4
core   0: 1 0x0000000080005fb6 (0x001714f3) x9  0x0000000000000011 c1_fflags 0x0000000000000002
core   0: 0x0000000080005fba (0x04864037) lui     zero, 0x4864
core   0: 1 0x0000000080005fba (0x04864037)
core   0: 0x0000000080005fbe (0xb270001b) addiw   zero, zero, -1241
core   0: 1 0x0000000080005fbe (0xb270001b)
core   0: 0x0000000080005fc2 (0x00c01013) slli    zero, zero, 12
core   0: 1 0x0000000080005fc2 (0x00c01013)
core   0: 0x0000000080005fc6 (0x51000013) li      zero, 1296
core   0: 1 0x0000000080005fc6 (0x51000013)
core   0: 0x0000000080005fca (0x031458bb) divuw   a7, s0, a7
core   0: 1 0x0000000080005fca (0x031458bb) x17 0x0000000000000000
core   0: 0x0000000080005fce (0x0b607553) fsub.d  fa0, ft0, fs6
core   0: 1 0x0000000080005fce (0x0b607553) f10 0x7ff8000000000000
core   0: 0x0000000080005fd2 (0x4056563b) sraw    a2, a2, t0
core   0: 1 0x0000000080005fd2 (0x4056563b) x12 0x0000000000000000
core   0: 0x0000000080005fd6 (0x00c2c0b3) xor     ra, t0, a2
core   0: 1 0x0000000080005fd6 (0x00c2c0b3) x1  0x000000009059defe
core   0: 0x0000000080005fda (0x00009e11) c.subw  a2, a2
core   0: 1 0x0000000080005fda (0x9e11) x12 0x0000000000000000
core   0: 0x0000000080005fdc (0x012191bb) sllw    gp, gp, s2
core   0: 1 0x0000000080005fdc (0x012191bb) x3  0xfffffffffffff094
core   0: 0x0000000080005fe0 (0x420a8ad3) fcvt.d.s fs5, fs5
core   0: 1 0x0000000080005fe0 (0x420a8ad3) f21 0x7ff8000000000000
core   0: 0x0000000080005fe4 (0x0219ea3b) remw    s4, s3, ra
core   0: 1 0x0000000080005fe4 (0x0219ea3b) x20 0xffffffffffffffff
core   0: 0x0000000080005fe8 (0x00099713) slli    a4, s3, 0
core   0: 1 0x0000000080005fe8 (0x00099713) x14 0xffffffffffffffff
core   0: 0x0000000080005fec (0x034812b3) mulh    t0, a6, s4
core   0: 1 0x0000000080005fec (0x034812b3) x5  0x0000000000000000
core   0: 0x0000000080005ff0 (0xc032f1d3) fcvt.lu.s gp, ft5
core   0: 1 0x0000000080005ff0 (0xc032f1d3) c1_fflags 0x0000000000000012 x3  0xffffffffffffffff
core   0: 0x0000000080005ff4 (0x0056c0b3) xor     ra, a3, t0
core   0: 1 0x0000000080005ff4 (0x0056c0b3) x1  0x0000000000000000
core   0: 0x0000000080005ff8 (0x420a8f53) fcvt.d.s ft10, fs5
core   0: 1 0x0000000080005ff8 (0x420a8f53) f30 0x7ff8000000000000
core   0: 0x0000000080005ffc (0x02109b33) mulh    s6, ra, ra
core   0: 1 0x0000000080005ffc (0x02109b33) x22 0x0000000000000000
core   0: 0x0000000080006000 (0x00008d15) c.sub   a0, a3
core   0: 1 0x0000000080006000 (0x8d15) x10 0x0000000000000000
core   0: 0x0000000080006002 (0xc22af1d3) fcvt.l.d gp, fs5
core   0: 1 0x0000000080006002 (0xc22af1d3) c1_fflags 0x0000000000000012 x3  0x7fffffffffffffff
core   0: 0x0000000080006006 (0x6f57e713) ori     a4, a5, 1781
core   0: 1 0x0000000080006006 (0x6f57e713) x14 0x0000000080005ff5
core   0: 0x000000008000600a (0xc226f353) fcvt.l.d t1, fa3
core   0: 1 0x000000008000600a (0xc226f353) c1_fflags 0x0000000000000012 x6  0x7fffffffffffffff
core   0: 0x000000008000600e (0x13af74d3) fmul.d  fs1, ft10, fs10
core   0: 1 0x000000008000600e (0x13af74d3) f9  0x7ff8000000000000
core   0: 0x0000000080006012 (0x002023f3) csrrs   t2, frm, zero
core   0: 1 0x0000000080006012 (0x002023f3) x7  0x0000000000000001
core   0: 0x0000000080006016 (0xc03d73d3) fcvt.lu.s t2, fs10
core   0: 1 0x0000000080006016 (0xc03d73d3) c1_fflags 0x0000000000000012 x7  0xffffffffffffffff
core   0: 0x000000008000601a (0x4007d9b3) sra     s3, a5, zero
core   0: 1 0x000000008000601a (0x4007d9b3) x19 0x0000000080005fb0
core   0: 0x000000008000601e (0x03a461bb) remw    gp, s0, s10
core   0: 1 0x000000008000601e (0x03a461bb) x3  0x0000000000000001
core   0: 0x0000000080006022 (0x025ed093) srli    ra, t4, 37
core   0: 1 0x0000000080006022 (0x025ed093) x1  0x0000000000000000
core   0: 0x0000000080006026 (0x02f376bb) remuw   a3, t1, a5
core   0: 1 0x0000000080006026 (0x02f376bb) x13 0x000000007fffa04f
core   0: 0x000000008000602a (0x0320f1bb) remuw   gp, ra, s2
core   0: 1 0x000000008000602a (0x0320f1bb) x3  0x0000000000000000
core   0: 0x000000008000602e (0xb35179c7) fmsub.d fs3, ft2, fs5, fs6
core   0: 1 0x000000008000602e (0xb35179c7) f19 0x7ff8000000000000
core   0: 0x0000000080006032 (0x039c9ab3) mulh    s5, s9, s9
core   0: 1 0x0000000080006032 (0x039c9ab3) x21 0x000026eb6470ee55
core   0: 0x0000000080006036 (0x4001db9b) sraiw   s7, gp, 0
core   0: 1 0x0000000080006036 (0x4001db9b) x23 0x0000000000000000
core   0: 0x000000008000603a (0x403d8d3b) subw    s10, s11, gp
core   0: 1 0x000000008000603a (0x403d8d3b) x26 0x0000000000000000
core   0: 0x000000008000603e (0xc052f8f3) csrrci  a7, hpmcounter5, 5
core   0: exception trap_illegal_instruction, epc 0x000000008000603e
core   0:           tval 0x00000000c052f8f3
core   0: >>>>  $xrv64i2p1_m2p0_a2p1_f2p2_d2p2_zicsr2p0_zifencei2p0_zmmul1p0_zba1p0_zbb1p0_zbc1p0_zbs1p0
core   0: 0x0000000080004000 (0x0080006f) j       pc + 0x8
core   0: 3 0x0000000080004000 (0x0080006f)
core   0: >>>>  mmode_exception_handler
core   0: 0x0000000080004008 (0x00002c17) auipc   s8, 0x2
core   0: 3 0x0000000080004008 (0x00002c17) x24 0x0000000080006008
core   0: 0x000000008000400c (0x076c0c13) addi    s8, s8, 118
core   0: 3 0x000000008000400c (0x076c0c13) x24 0x000000008000607e
core   0: 0x0000000080004010 (0x000c00e7) jalr    s8
core   0: 3 0x0000000080004010 (0x000c00e7) x1  0x0000000080004014
core   0: >>>>  any_handler
core   0: 0x000000008000607e (0x341027f3) csrrs   a5, mepc, zero
core   0: 3 0x000000008000607e (0x341027f3) x15 0x000000008000603e
core   0: 0x0000000080006082 (0x34202773) csrrs   a4, mcause, zero
core   0: 3 0x0000000080006082 (0x34202773) x14 0x0000000000000002
core   0: 0x0000000080006086 (0x142026f3) csrrs   a3, scause, zero
core   0: 3 0x0000000080006086 (0x142026f3) x13 0x0000000000000000
core   0: 0x000000008000608a (0x30402673) csrrs   a2, mie, zero
core   0: 3 0x000000008000608a (0x30402673) x12 0x0000000000000a00
core   0: 0x000000008000608e (0x344025f3) csrrs   a1, mip, zero
core   0: 3 0x000000008000608e (0x344025f3) x11 0x0000000000000080
core   0: 0x0000000080006092 (0x343025f3) csrrs   a1, mtval, zero
core   0: 3 0x0000000080006092 (0x343025f3) x11 0x00000000c052f8f3
core   0: 0x0000000080006096 (0x14302573) csrrs   a0, stval, zero
core   0: 3 0x0000000080006096 (0x14302573) x10 0x0000000000000000
core   0: 0x000000008000609a (0xb02024f3) csrrs   s1, minstret, zero
core   0: 3 0x000000008000609a (0xb02024f3) x9  0x0000000000001312
core   0: 0x000000008000609e (0x0000a811) c.j     pc + 20
core   0: 3 0x000000008000609e (0xa811)
core   0: >>>>  mepc_4
core   0: 0x00000000800060b2 (0x00000791) c.addi  a5, 4
core   0: 3 0x00000000800060b2 (0x0791) x15 0x0000000080006042
core   0: 0x00000000800060b4 (0x34179073) csrrw   zero, mepc, a5
core   0: 3 0x00000000800060b4 (0x34179073) c833_mepc 0x0000000080006042
core   0: 0x00000000800060b8 (0x30200073) mret
core   0: 3 0x00000000800060b8 (0x30200073) c768_mstatus 0x8000000a00106080
core   0: 0x0000000080006042 (0xd034fb53) fcvt.s.lu fs6, s1
core   0: 1 0x0000000080006042 (0xd034fb53) f22 0xffffffff45989000
core   0: 0x0000000080006046 (0x43a8d213) srai    tp, a7, 58
core   0: 1 0x0000000080006046 (0x43a8d213) x4  0x0000000000000000
core   0: 0x000000008000604a (0x3b4ef3cf) fnmadd.d ft7, ft9, fs4, ft7
core   0: 1 0x000000008000604a (0x3b4ef3cf) f7  0x7ff8000000000000
core   0: 0x000000008000604e (0x0110d0b3) srl     ra, ra, a7
core   0: 1 0x000000008000604e (0x0110d0b3) x1  0x0000000080004014
core   0: 0x0000000080006052 (0xd288f443) fmadd.d fs0, fa7, fs0, fs10
core   0: 1 0x0000000080006052 (0xd288f443) f8  0x7ff8000000000000
core   0: 0x0000000080006056 (0x0b33f54b) fnmsub.d fa0, ft7, fs3, ft1
core   0: 1 0x0000000080006056 (0x0b33f54b) f10 0x7ff8000000000000
core   0: 0x000000008000605a (0x02ce2833) mulhsu  a6, t3, a2
core   0: 1 0x000000008000605a (0x02ce2833) x16 0x0000000000000000
core   0: 0x000000008000605e (0x00000001) c.nop
core   0: 1 0x000000008000605e (0x0001)
core   0: 0x0000000080006060 (0x48510a93) addi    s5, sp, 1157
core   0: 1 0x0000000080006060 (0x48510a93) x21 0x0000000000000485
core   0: 0x0000000080006064 (0xe20b0b53) fmv.x.d s6, fs6
core   0: 1 0x0000000080006064 (0xe20b0b53) x22 0xffffffff45989000
core   0: 0x0000000080006068 (0xc039f553) fcvt.lu.s a0, fs3
core   0: 1 0x0000000080006068 (0xc039f553) c1_fflags 0x0000000000000012 x10 0xffffffffffffffff
core   0: 0x000000008000606c (0x02bb6b3b) remw    s6, s6, a1
core   0: 1 0x000000008000606c (0x02bb6b3b) x22 0x0000000005eb88f3
core   0: 0x0000000080006070 (0x00091e1b) slliw   t3, s2, 0
core   0: 1 0x0000000080006070 (0x00091e1b) x28 0x0000000000000001
core   0: 0x0000000080006074 (0x016e4833) xor     a6, t3, s6
core   0: 1 0x0000000080006074 (0x016e4833) x16 0x0000000005eb88f2
core   0: >>>>  write_tohost
core   0: 0x0000000080006078 (0x96cfa0ef) jal     pc - 0x5e94
core   0: 1 0x0000000080006078 (0x96cfa0ef) x1  0x000000008000607c
core   0: >>>>  _exit
core   0: 0x00000000800001e4 (0x00004505) c.li    a0, 1
core   0: 1 0x00000000800001e4 (0x4505) x10 0x0000000000000001
core   0: 0x00000000800001e6 (0x00001f17) auipc   t5, 0x1
core   0: 1 0x00000000800001e6 (0x00001f17) x30 0x00000000800011e6
core   0: 0x00000000800001ea (0xe0af2d23) sw      a0, -486(t5)
core   0: 1 0x00000000800001ea (0xe0af2d23) mem 0x0000000080001000 0x00000001
cp /home/server/RISCV/cva6/verif/sim/out/seed_1159/spike_sim/new_seeds_1159_.cv64a6_imafdc_sv39.log.iss /home/server/RISCV/cva6/verif/sim/out/seed_1159/spike_sim/new_seeds_1159_.cv64a6_imafdc_sv39.log
