Makefile:14: must set CVA6_REPO_DIR to point at the root of CVA6 sources and CVA6_TB_DIR to point here -- doing it for you...
LD_LIBRARY_PATH="$(realpath ../../tools/spike/lib):$LD_LIBRARY_PATH" \
	/home/server/RISCV/cva6/tools/spike/bin/spike --steps=2000000  --log-commits --isa=rv64gc_zba_zbb_zbs_zbc_zicsr_zifencei --priv=msu -l /home/server/RISCV/cva6/verif/sim/out/seed_1177/directed_asm_tests/new_seeds_1177_.o
[SPIKE] Max simulation steps: 2000000
[SPIKE] Proc 0 | ISA: rv64gc_zba_zbb_zbs_zbc_zicsr_zifencei PRIV: msu
[SPIKE] Initializing memories...
core   0: 0x0000000000010000 (0x00100413) li      s0, 1
core   0: 3 0x0000000000010000 (0x00100413) x8  0x0000000000000001
core   0: 0x0000000000010004 (0x01f41413) slli    s0, s0, 31
core   0: 3 0x0000000000010004 (0x01f41413) x8  0x0000000080000000
core   0: 0x0000000000010008 (0xf1402573) csrrs   a0, mhartid, zero
core   0: 3 0x0000000000010008 (0xf1402573) x10 0x0000000000000000
core   0: 0x000000000001000c (0x00000597) auipc   a1, 0x0
core   0: 3 0x000000000001000c (0x00000597) x11 0x000000000001000c
core   0: 0x0000000000010010 (0x07458593) addi    a1, a1, 116
core   0: 3 0x0000000000010010 (0x07458593) x11 0x0000000000010080
core   0: 0x0000000000010014 (0x00040067) jr      s0
core   0: 3 0x0000000000010014 (0x00040067)
core   0: >>>>  _start
core   0: 0x0000000080000000 (0x00004081) c.li    ra, 0
core   0: 3 0x0000000080000000 (0x4081) x1  0x0000000000000000
core   0: 0x0000000080000002 (0x00004101) c.li    sp, 0
core   0: 3 0x0000000080000002 (0x4101) x2  0x0000000000000000
core   0: 0x0000000080000004 (0x00004181) c.li    gp, 0
core   0: 3 0x0000000080000004 (0x4181) x3  0x0000000000000000
core   0: 0x0000000080000006 (0x00004201) c.li    tp, 0
core   0: 3 0x0000000080000006 (0x4201) x4  0x0000000000000000
core   0: 0x0000000080000008 (0x00004281) c.li    t0, 0
core   0: 3 0x0000000080000008 (0x4281) x5  0x0000000000000000
core   0: 0x000000008000000a (0x00004301) c.li    t1, 0
core   0: 3 0x000000008000000a (0x4301) x6  0x0000000000000000
core   0: 0x000000008000000c (0x00004381) c.li    t2, 0
core   0: 3 0x000000008000000c (0x4381) x7  0x0000000000000000
core   0: 0x000000008000000e (0x00004401) c.li    s0, 0
core   0: 3 0x000000008000000e (0x4401) x8  0x0000000000000000
core   0: 0x0000000080000010 (0x00004481) c.li    s1, 0
core   0: 3 0x0000000080000010 (0x4481) x9  0x0000000000000000
core   0: 0x0000000080000012 (0x00004501) c.li    a0, 0
core   0: 3 0x0000000080000012 (0x4501) x10 0x0000000000000000
core   0: 0x0000000080000014 (0x00004581) c.li    a1, 0
core   0: 3 0x0000000080000014 (0x4581) x11 0x0000000000000000
core   0: 0x0000000080000016 (0x00004601) c.li    a2, 0
core   0: 3 0x0000000080000016 (0x4601) x12 0x0000000000000000
core   0: 0x0000000080000018 (0x00004681) c.li    a3, 0
core   0: 3 0x0000000080000018 (0x4681) x13 0x0000000000000000
core   0: 0x000000008000001a (0x00004701) c.li    a4, 0
core   0: 3 0x000000008000001a (0x4701) x14 0x0000000000000000
core   0: 0x000000008000001c (0x00004781) c.li    a5, 0
core   0: 3 0x000000008000001c (0x4781) x15 0x0000000000000000
core   0: 0x000000008000001e (0x00004801) c.li    a6, 0
core   0: 3 0x000000008000001e (0x4801) x16 0x0000000000000000
core   0: 0x0000000080000020 (0x00004881) c.li    a7, 0
core   0: 3 0x0000000080000020 (0x4881) x17 0x0000000000000000
core   0: 0x0000000080000022 (0x00004901) c.li    s2, 0
core   0: 3 0x0000000080000022 (0x4901) x18 0x0000000000000000
core   0: 0x0000000080000024 (0x00004981) c.li    s3, 0
core   0: 3 0x0000000080000024 (0x4981) x19 0x0000000000000000
core   0: 0x0000000080000026 (0x00004a01) c.li    s4, 0
core   0: 3 0x0000000080000026 (0x4a01) x20 0x0000000000000000
core   0: 0x0000000080000028 (0x00004a81) c.li    s5, 0
core   0: 3 0x0000000080000028 (0x4a81) x21 0x0000000000000000
core   0: 0x000000008000002a (0x00004b01) c.li    s6, 0
core   0: 3 0x000000008000002a (0x4b01) x22 0x0000000000000000
core   0: 0x000000008000002c (0x00004b81) c.li    s7, 0
core   0: 3 0x000000008000002c (0x4b81) x23 0x0000000000000000
core   0: 0x000000008000002e (0x00004c01) c.li    s8, 0
core   0: 3 0x000000008000002e (0x4c01) x24 0x0000000000000000
core   0: 0x0000000080000030 (0x00004c81) c.li    s9, 0
core   0: 3 0x0000000080000030 (0x4c81) x25 0x0000000000000000
core   0: 0x0000000080000032 (0x00004d01) c.li    s10, 0
core   0: 3 0x0000000080000032 (0x4d01) x26 0x0000000000000000
core   0: 0x0000000080000034 (0x00004d81) c.li    s11, 0
core   0: 3 0x0000000080000034 (0x4d81) x27 0x0000000000000000
core   0: 0x0000000080000036 (0x00004e01) c.li    t3, 0
core   0: 3 0x0000000080000036 (0x4e01) x28 0x0000000000000000
core   0: 0x0000000080000038 (0x00004e81) c.li    t4, 0
core   0: 3 0x0000000080000038 (0x4e81) x29 0x0000000000000000
core   0: 0x000000008000003a (0x00004f01) c.li    t5, 0
core   0: 3 0x000000008000003a (0x4f01) x30 0x0000000000000000
core   0: 0x000000008000003c (0x00004f81) c.li    t6, 0
core   0: 3 0x000000008000003c (0x4f81) x31 0x0000000000000000
core   0: 0x000000008000003e (0x000062f9) c.lui   t0, 0x1e
core   0: 3 0x000000008000003e (0x62f9) x5  0x000000000001e000
core   0: 0x0000000080000040 (0x3002a073) csrrs   zero, mstatus, t0
core   0: 3 0x0000000080000040 (0x3002a073) c768_mstatus 0x8000000a00006000
core   0: 0x0000000080000044 (0x00004285) c.li    t0, 1
core   0: 3 0x0000000080000044 (0x4285) x5  0x0000000000000001
core   0: 0x0000000080000046 (0x000002fe) c.slli  t0, 31
core   0: 3 0x0000000080000046 (0x02fe) x5  0x0000000080000000
core   0: 0x0000000080000048 (0x0002d863) bge     t0, zero, pc + 16
core   0: 3 0x0000000080000048 (0x0002d863)
core   0: 0x0000000080000058 (0x00000297) auipc   t0, 0x0
core   0: 3 0x0000000080000058 (0x00000297) x5  0x0000000080000058
core   0: 0x000000008000005c (0x09028293) addi    t0, t0, 144
core   0: 3 0x000000008000005c (0x09028293) x5  0x00000000800000e8
core   0: 0x0000000080000060 (0x30529073) csrrw   zero, mtvec, t0
core   0: 3 0x0000000080000060 (0x30529073) c773_mtvec 0x00000000800000e8
core   0: 0x0000000080000064 (0x00301073) csrrw   zero, fcsr, zero
core   0: 3 0x0000000080000064 (0x00301073) c1_fflags 0x0000000000000000 c2_frm 0x0000000000000000
core   0: 0x0000000080000068 (0xf0000053) fmv.w.x ft0, zero
core   0: 3 0x0000000080000068 (0xf0000053) f0  0xffffffff00000000
core   0: 0x000000008000006c (0xf00000d3) fmv.w.x ft1, zero
core   0: 3 0x000000008000006c (0xf00000d3) f1  0xffffffff00000000
core   0: 0x0000000080000070 (0xf0000153) fmv.w.x ft2, zero
core   0: 3 0x0000000080000070 (0xf0000153) f2  0xffffffff00000000
core   0: 0x0000000080000074 (0xf00001d3) fmv.w.x ft3, zero
core   0: 3 0x0000000080000074 (0xf00001d3) f3  0xffffffff00000000
core   0: 0x0000000080000078 (0xf0000253) fmv.w.x ft4, zero
core   0: 3 0x0000000080000078 (0xf0000253) f4  0xffffffff00000000
core   0: 0x000000008000007c (0xf00002d3) fmv.w.x ft5, zero
core   0: 3 0x000000008000007c (0xf00002d3) f5  0xffffffff00000000
core   0: 0x0000000080000080 (0xf0000353) fmv.w.x ft6, zero
core   0: 3 0x0000000080000080 (0xf0000353) f6  0xffffffff00000000
core   0: 0x0000000080000084 (0xf00003d3) fmv.w.x ft7, zero
core   0: 3 0x0000000080000084 (0xf00003d3) f7  0xffffffff00000000
core   0: 0x0000000080000088 (0xf0000453) fmv.w.x fs0, zero
core   0: 3 0x0000000080000088 (0xf0000453) f8  0xffffffff00000000
core   0: 0x000000008000008c (0xf00004d3) fmv.w.x fs1, zero
core   0: 3 0x000000008000008c (0xf00004d3) f9  0xffffffff00000000
core   0: 0x0000000080000090 (0xf0000553) fmv.w.x fa0, zero
core   0: 3 0x0000000080000090 (0xf0000553) f10 0xffffffff00000000
core   0: 0x0000000080000094 (0xf00005d3) fmv.w.x fa1, zero
core   0: 3 0x0000000080000094 (0xf00005d3) f11 0xffffffff00000000
core   0: 0x0000000080000098 (0xf0000653) fmv.w.x fa2, zero
core   0: 3 0x0000000080000098 (0xf0000653) f12 0xffffffff00000000
core   0: 0x000000008000009c (0xf00006d3) fmv.w.x fa3, zero
core   0: 3 0x000000008000009c (0xf00006d3) f13 0xffffffff00000000
core   0: 0x00000000800000a0 (0xf0000753) fmv.w.x fa4, zero
core   0: 3 0x00000000800000a0 (0xf0000753) f14 0xffffffff00000000
core   0: 0x00000000800000a4 (0xf00007d3) fmv.w.x fa5, zero
core   0: 3 0x00000000800000a4 (0xf00007d3) f15 0xffffffff00000000
core   0: 0x00000000800000a8 (0xf0000853) fmv.w.x fa6, zero
core   0: 3 0x00000000800000a8 (0xf0000853) f16 0xffffffff00000000
core   0: 0x00000000800000ac (0xf00008d3) fmv.w.x fa7, zero
core   0: 3 0x00000000800000ac (0xf00008d3) f17 0xffffffff00000000
core   0: 0x00000000800000b0 (0xf0000953) fmv.w.x fs2, zero
core   0: 3 0x00000000800000b0 (0xf0000953) f18 0xffffffff00000000
core   0: 0x00000000800000b4 (0xf00009d3) fmv.w.x fs3, zero
core   0: 3 0x00000000800000b4 (0xf00009d3) f19 0xffffffff00000000
core   0: 0x00000000800000b8 (0xf0000a53) fmv.w.x fs4, zero
core   0: 3 0x00000000800000b8 (0xf0000a53) f20 0xffffffff00000000
core   0: 0x00000000800000bc (0xf0000ad3) fmv.w.x fs5, zero
core   0: 3 0x00000000800000bc (0xf0000ad3) f21 0xffffffff00000000
core   0: 0x00000000800000c0 (0xf0000b53) fmv.w.x fs6, zero
core   0: 3 0x00000000800000c0 (0xf0000b53) f22 0xffffffff00000000
core   0: 0x00000000800000c4 (0xf0000bd3) fmv.w.x fs7, zero
core   0: 3 0x00000000800000c4 (0xf0000bd3) f23 0xffffffff00000000
core   0: 0x00000000800000c8 (0xf0000c53) fmv.w.x fs8, zero
core   0: 3 0x00000000800000c8 (0xf0000c53) f24 0xffffffff00000000
core   0: 0x00000000800000cc (0xf0000cd3) fmv.w.x fs9, zero
core   0: 3 0x00000000800000cc (0xf0000cd3) f25 0xffffffff00000000
core   0: 0x00000000800000d0 (0xf0000d53) fmv.w.x fs10, zero
core   0: 3 0x00000000800000d0 (0xf0000d53) f26 0xffffffff00000000
core   0: 0x00000000800000d4 (0xf0000dd3) fmv.w.x fs11, zero
core   0: 3 0x00000000800000d4 (0xf0000dd3) f27 0xffffffff00000000
core   0: 0x00000000800000d8 (0xf0000e53) fmv.w.x ft8, zero
core   0: 3 0x00000000800000d8 (0xf0000e53) f28 0xffffffff00000000
core   0: 0x00000000800000dc (0xf0000ed3) fmv.w.x ft9, zero
core   0: 3 0x00000000800000dc (0xf0000ed3) f29 0xffffffff00000000
core   0: 0x00000000800000e0 (0xf0000f53) fmv.w.x ft10, zero
core   0: 3 0x00000000800000e0 (0xf0000f53) f30 0xffffffff00000000
core   0: 0x00000000800000e4 (0xf0000fd3) fmv.w.x ft11, zero
core   0: 3 0x00000000800000e4 (0xf0000fd3) f31 0xffffffff00000000
core   0: 0x00000000800000e8 (0x00000297) auipc   t0, 0x0
core   0: 3 0x00000000800000e8 (0x00000297) x5  0x00000000800000e8
core   0: 0x00000000800000ec (0x03c28293) addi    t0, t0, 60
core   0: 3 0x00000000800000ec (0x03c28293) x5  0x0000000080000124
core   0: 0x00000000800000f0 (0x30529073) csrrw   zero, mtvec, t0
core   0: 3 0x00000000800000f0 (0x30529073) c773_mtvec 0x0000000080000124
core   0: 0x00000000800000f4 (0x00012197) auipc   gp, 0x12
core   0: 3 0x00000000800000f4 (0x00012197) x3  0x00000000800120f4
core   0: 0x00000000800000f8 (0x73418193) addi    gp, gp, 1844
core   0: 3 0x00000000800000f8 (0x73418193) x3  0x0000000080012828
core   0: 0x00000000800000fc (0x00012217) auipc   tp, 0x12
core   0: 3 0x00000000800000fc (0x00012217) x4  0x00000000800120fc
core   0: 0x0000000080000100 (0xf8320213) addi    tp, tp, -125
core   0: 3 0x0000000080000100 (0xf8320213) x4  0x000000008001207f
core   0: 0x0000000080000104 (0xfc027213) andi    tp, tp, -64
core   0: 3 0x0000000080000104 (0xfc027213) x4  0x0000000080012040
core   0: 0x0000000080000108 (0xf1402573) csrrs   a0, mhartid, zero
core   0: 3 0x0000000080000108 (0xf1402573) x10 0x0000000000000000
core   0: 0x000000008000010c (0x00004585) c.li    a1, 1
core   0: 3 0x000000008000010c (0x4585) x11 0x0000000000000001
core   0: 0x000000008000010e (0x00b57063) bgeu    a0, a1, pc + 0
core   0: 3 0x000000008000010e (0x00b57063)
core   0: 0x0000000080000112 (0x00150113) addi    sp, a0, 1
core   0: 3 0x0000000080000112 (0x00150113) x2  0x0000000000000001
core   0: 0x0000000080000116 (0x00000146) c.slli  sp, 17
core   0: 3 0x0000000080000116 (0x0146) x2  0x0000000000020000
core   0: 0x0000000080000118 (0x00009112) c.add   sp, tp
core   0: 3 0x0000000080000118 (0x9112) x2  0x0000000080032040
core   0: 0x000000008000011a (0x01151613) slli    a2, a0, 17
core   0: 3 0x000000008000011a (0x01151613) x12 0x0000000000000000
core   0: 0x000000008000011e (0x00009232) c.add   tp, a2
core   0: 3 0x000000008000011e (0x9232) x4  0x0000000080012040
core   0: 0x0000000080000120 (0x35c0f06f) j       pc + 0xf35c
core   0: 3 0x0000000080000120 (0x35c0f06f)
core   0: >>>>  _init
core   0: 0x000000008000f47c (0x00007171) c.addi16sp sp, -176
core   0: 3 0x000000008000f47c (0x7171) x2  0x0000000080031f90
core   0: 0x000000008000f47e (0x0000f506) c.sdsp  ra, 168(sp)
core   0: 3 0x000000008000f47e (0xf506) mem 0x0000000080032038 0x0000000000000000
core   0: 0x000000008000f480 (0x0000f122) c.sdsp  s0, 160(sp)
core   0: 3 0x000000008000f480 (0xf122) mem 0x0000000080032030 0x0000000000000000
core   0: 0x000000008000f482 (0x0000ed26) c.sdsp  s1, 152(sp)
core   0: 3 0x000000008000f482 (0xed26) mem 0x0000000080032028 0x0000000000000000
core   0: 0x000000008000f484 (0x00001900) c.addi4spn s0, sp, 176
core   0: 3 0x000000008000f484 (0x1900) x8  0x0000000080032040
core   0: 0x000000008000f486 (0x000087aa) c.mv    a5, a0
core   0: 3 0x000000008000f486 (0x87aa) x15 0x0000000000000000
core   0: 0x000000008000f488 (0x0000872e) c.mv    a4, a1
core   0: 3 0x000000008000f488 (0x872e) x14 0x0000000000000001
core   0: 0x000000008000f48a (0xf4f42e23) sw      a5, -164(s0)
core   0: 3 0x000000008000f48a (0xf4f42e23) mem 0x0000000080031f9c 0x00000000
core   0: 0x000000008000f48e (0x000087ba) c.mv    a5, a4
core   0: 3 0x000000008000f48e (0x87ba) x15 0x0000000000000001
core   0: 0x000000008000f490 (0xf4f42c23) sw      a5, -168(s0)
core   0: 3 0x000000008000f490 (0xf4f42c23) mem 0x0000000080031f98 0x00000001
core   0: 0x000000008000f494 (0xfe040793) addi    a5, s0, -32
core   0: 3 0x000000008000f494 (0xfe040793) x15 0x0000000080032020
core   0: 0x000000008000f498 (0xf4f43823) sd      a5, -176(s0)
core   0: 3 0x000000008000f498 (0xf4f43823) mem 0x0000000080031f90 0x0000000080032020
core   0: 0x000000008000f49c (0xf5043783) ld      a5, -176(s0)
core   0: 3 0x000000008000f49c (0xf5043783) x15 0x0000000080032020 mem 0x0000000080031f90
core   0: 0x000000008000f4a0 (0xf8078793) addi    a5, a5, -128
core   0: 3 0x000000008000f4a0 (0xf8078793) x15 0x0000000080031fa0
core   0: 0x000000008000f4a4 (0x03f78793) addi    a5, a5, 63
core   0: 3 0x000000008000f4a4 (0x03f78793) x15 0x0000000080031fdf
core   0: 0x000000008000f4a8 (0x00008399) c.srli  a5, 6
core   0: 3 0x000000008000f4a8 (0x8399) x15 0x0000000002000c7f
core   0: 0x000000008000f4aa (0x00679493) slli    s1, a5, 6
core   0: 3 0x000000008000f4aa (0x00679493) x9  0x0000000080031fc0
core   0: 0x000000008000f4ae (0xf65ff0ef) jal     pc - 0x9c
core   0: 3 0x000000008000f4ae (0xf65ff0ef) x1  0x000000008000f4b2
core   0: >>>>  init_tls
core   0: 0x000000008000f412 (0x00001101) c.addi  sp, -32
core   0: 3 0x000000008000f412 (0x1101) x2  0x0000000080031f70
core   0: 0x000000008000f414 (0x0000ec06) c.sdsp  ra, 24(sp)
core   0: 3 0x000000008000f414 (0xec06) mem 0x0000000080031f88 0x000000008000f4b2
core   0: 0x000000008000f416 (0x0000e822) c.sdsp  s0, 16(sp)
core   0: 3 0x000000008000f416 (0xe822) mem 0x0000000080031f80 0x0000000080032040
core   0: 0x000000008000f418 (0x00001000) c.addi4spn s0, sp, 32
core   0: 3 0x000000008000f418 (0x1000) x8  0x0000000080031f90
core   0: 0x000000008000f41a (0x00003717) auipc   a4, 0x3
core   0: 3 0x000000008000f41a (0x00003717) x14 0x000000008001241a
core   0: 0x000000008000f41e (0xc0e70713) addi    a4, a4, -1010
core   0: 3 0x000000008000f41e (0xc0e70713) x14 0x0000000080012028
core   0: 0x000000008000f422 (0x00003797) auipc   a5, 0x3
core   0: 3 0x000000008000f422 (0x00003797) x15 0x0000000080012422
core   0: 0x000000008000f426 (0xc0678793) addi    a5, a5, -1018
core   0: 3 0x000000008000f426 (0xc0678793) x15 0x0000000080012028
core   0: 0x000000008000f42a (0x40f707b3) sub     a5, a4, a5
core   0: 3 0x000000008000f42a (0x40f707b3) x15 0x0000000000000000
core   0: 0x000000008000f42e (0xfef43423) sd      a5, -24(s0)
core   0: 3 0x000000008000f42e (0xfef43423) mem 0x0000000080031f78 0x0000000000000000
core   0: 0x000000008000f432 (0x00008792) c.mv    a5, tp
core   0: 3 0x000000008000f432 (0x8792) x15 0x0000000080012040
core   0: 0x000000008000f434 (0xfe843603) ld      a2, -24(s0)
core   0: 3 0x000000008000f434 (0xfe843603) x12 0x0000000000000000 mem 0x0000000080031f78
core   0: 0x000000008000f438 (0x00003597) auipc   a1, 0x3
core   0: 3 0x000000008000f438 (0x00003597) x11 0x0000000080012438
core   0: 0x000000008000f43c (0xbf058593) addi    a1, a1, -1040
core   0: 3 0x000000008000f43c (0xbf058593) x11 0x0000000080012028
core   0: 0x000000008000f440 (0x0000853e) c.mv    a0, a5
core   0: 3 0x000000008000f440 (0x853e) x10 0x0000000080012040
core   0: 0x000000008000f442 (0x0f9000ef) jal     pc + 0x8f8
core   0: 3 0x000000008000f442 (0x0f9000ef) x1  0x000000008000f446
core   0: >>>>  memcpy
core   0: 0x000000008000fd3a (0x0000715d) c.addi16sp sp, -80
core   0: 3 0x000000008000fd3a (0x715d) x2  0x0000000080031f20
core   0: 0x000000008000fd3c (0x0000e4a2) c.sdsp  s0, 72(sp)
core   0: 3 0x000000008000fd3c (0xe4a2) mem 0x0000000080031f68 0x0000000080031f90
core   0: 0x000000008000fd3e (0x00000880) c.addi4spn s0, sp, 80
core   0: 3 0x000000008000fd3e (0x0880) x8  0x0000000080031f70
core   0: 0x000000008000fd40 (0xfca43423) sd      a0, -56(s0)
core   0: 3 0x000000008000fd40 (0xfca43423) mem 0x0000000080031f38 0x0000000080012040
core   0: 0x000000008000fd44 (0xfcb43023) sd      a1, -64(s0)
core   0: 3 0x000000008000fd44 (0xfcb43023) mem 0x0000000080031f30 0x0000000080012028
core   0: 0x000000008000fd48 (0xfac43c23) sd      a2, -72(s0)
core   0: 3 0x000000008000fd48 (0xfac43c23) mem 0x0000000080031f28 0x0000000000000000
core   0: 0x000000008000fd4c (0xfc843703) ld      a4, -56(s0)
core   0: 3 0x000000008000fd4c (0xfc843703) x14 0x0000000080012040 mem 0x0000000080031f38
core   0: 0x000000008000fd50 (0xfc043783) ld      a5, -64(s0)
core   0: 3 0x000000008000fd50 (0xfc043783) x15 0x0000000080012028 mem 0x0000000080031f30
core   0: 0x000000008000fd54 (0x00008f5d) c.or    a4, a5
core   0: 3 0x000000008000fd54 (0x8f5d) x14 0x0000000080012068
core   0: 0x000000008000fd56 (0xfb843783) ld      a5, -72(s0)
core   0: 3 0x000000008000fd56 (0xfb843783) x15 0x0000000000000000 mem 0x0000000080031f28
core   0: 0x000000008000fd5a (0x00008fd9) c.or    a5, a4
core   0: 3 0x000000008000fd5a (0x8fd9) x15 0x0000000080012068
core   0: 0x000000008000fd5c (0x00008b9d) c.andi  a5, 7
core   0: 3 0x000000008000fd5c (0x8b9d) x15 0x0000000000000000
core   0: 0x000000008000fd5e (0x0000e3b1) c.bnez  a5, pc + 68
core   0: 3 0x000000008000fd5e (0xe3b1)
core   0: 0x000000008000fd60 (0xfc043783) ld      a5, -64(s0)
core   0: 3 0x000000008000fd60 (0xfc043783) x15 0x0000000080012028 mem 0x0000000080031f30
core   0: 0x000000008000fd64 (0xfef43423) sd      a5, -24(s0)
core   0: 3 0x000000008000fd64 (0xfef43423) mem 0x0000000080031f58 0x0000000080012028
core   0: 0x000000008000fd68 (0xfc843783) ld      a5, -56(s0)
core   0: 3 0x000000008000fd68 (0xfc843783) x15 0x0000000080012040 mem 0x0000000080031f38
core   0: 0x000000008000fd6c (0xfef43023) sd      a5, -32(s0)
core   0: 3 0x000000008000fd6c (0xfef43023) mem 0x0000000080031f50 0x0000000080012040
core   0: 0x000000008000fd70 (0x0000a839) c.j     pc + 30
core   0: 3 0x000000008000fd70 (0xa839)
core   0: 0x000000008000fd8e (0xfc843703) ld      a4, -56(s0)
core   0: 3 0x000000008000fd8e (0xfc843703) x14 0x0000000080012040 mem 0x0000000080031f38
core   0: 0x000000008000fd92 (0xfb843783) ld      a5, -72(s0)
core   0: 3 0x000000008000fd92 (0xfb843783) x15 0x0000000000000000 mem 0x0000000080031f28
core   0: 0x000000008000fd96 (0x000097ba) c.add   a5, a4
core   0: 3 0x000000008000fd96 (0x97ba) x15 0x0000000080012040
core   0: 0x000000008000fd98 (0xfe043703) ld      a4, -32(s0)
core   0: 3 0x000000008000fd98 (0xfe043703) x14 0x0000000080012040 mem 0x0000000080031f50
core   0: 0x000000008000fd9c (0xfcf76be3) bltu    a4, a5, pc - 42
core   0: 3 0x000000008000fd9c (0xfcf76be3)
core   0: 0x000000008000fda0 (0x0000a099) c.j     pc + 70
core   0: 3 0x000000008000fda0 (0xa099)
core   0: 0x000000008000fde6 (0xfc843783) ld      a5, -56(s0)
core   0: 3 0x000000008000fde6 (0xfc843783) x15 0x0000000080012040 mem 0x0000000080031f38
core   0: 0x000000008000fdea (0x0000853e) c.mv    a0, a5
core   0: 3 0x000000008000fdea (0x853e) x10 0x0000000080012040
core   0: 0x000000008000fdec (0x00006426) c.ldsp  s0, 72(sp)
core   0: 3 0x000000008000fdec (0x6426) x8  0x0000000080031f90 mem 0x0000000080031f68
core   0: 0x000000008000fdee (0x00006161) c.addi16sp sp, 80
core   0: 3 0x000000008000fdee (0x6161) x2  0x0000000080031f70
core   0: 0x000000008000fdf0 (0x00008082) ret
core   0: 3 0x000000008000fdf0 (0x8082)
core   0: 0x000000008000f446 (0x00003717) auipc   a4, 0x3
core   0: 3 0x000000008000f446 (0x00003717) x14 0x0000000080012446
core   0: 0x000000008000f44a (0xc7e70713) addi    a4, a4, -898
core   0: 3 0x000000008000f44a (0xc7e70713) x14 0x00000000800120c4
core   0: 0x000000008000f44e (0x00003797) auipc   a5, 0x3
core   0: 3 0x000000008000f44e (0x00003797) x15 0x000000008001244e
core   0: 0x000000008000f452 (0xbda78793) addi    a5, a5, -1062
core   0: 3 0x000000008000f452 (0xbda78793) x15 0x0000000080012028
core   0: 0x000000008000f456 (0x40f707b3) sub     a5, a4, a5
core   0: 3 0x000000008000f456 (0x40f707b3) x15 0x000000000000009c
core   0: 0x000000008000f45a (0xfef43023) sd      a5, -32(s0)
core   0: 3 0x000000008000f45a (0xfef43023) mem 0x0000000080031f70 0x000000000000009c
core   0: 0x000000008000f45e (0x00008712) c.mv    a4, tp
core   0: 3 0x000000008000f45e (0x8712) x14 0x0000000080012040
core   0: 0x000000008000f460 (0xfe843783) ld      a5, -24(s0)
core   0: 3 0x000000008000f460 (0xfe843783) x15 0x0000000000000000 mem 0x0000000080031f78
core   0: 0x000000008000f464 (0x000097ba) c.add   a5, a4
core   0: 3 0x000000008000f464 (0x97ba) x15 0x0000000080012040
core   0: 0x000000008000f466 (0xfe043603) ld      a2, -32(s0)
core   0: 3 0x000000008000f466 (0xfe043603) x12 0x000000000000009c mem 0x0000000080031f70
core   0: 0x000000008000f46a (0x00004581) c.li    a1, 0
core   0: 3 0x000000008000f46a (0x4581) x11 0x0000000000000000
core   0: 0x000000008000f46c (0x0000853e) c.mv    a0, a5
core   0: 3 0x000000008000f46c (0x853e) x10 0x0000000080012040
core   0: 0x000000008000f46e (0x185000ef) jal     pc + 0x984
core   0: 3 0x000000008000f46e (0x185000ef) x1  0x000000008000f472
core   0: >>>>  memset
core   0: 0x000000008000fdf2 (0x0000715d) c.addi16sp sp, -80
core   0: 3 0x000000008000fdf2 (0x715d) x2  0x0000000080031f20
core   0: 0x000000008000fdf4 (0x0000e4a2) c.sdsp  s0, 72(sp)
core   0: 3 0x000000008000fdf4 (0xe4a2) mem 0x0000000080031f68 0x0000000080031f90
core   0: 0x000000008000fdf6 (0x00000880) c.addi4spn s0, sp, 80
core   0: 3 0x000000008000fdf6 (0x0880) x8  0x0000000080031f70
core   0: 0x000000008000fdf8 (0xfca43423) sd      a0, -56(s0)
core   0: 3 0x000000008000fdf8 (0xfca43423) mem 0x0000000080031f38 0x0000000080012040
core   0: 0x000000008000fdfc (0x000087ae) c.mv    a5, a1
core   0: 3 0x000000008000fdfc (0x87ae) x15 0x0000000000000000
core   0: 0x000000008000fdfe (0xfac43c23) sd      a2, -72(s0)
core   0: 3 0x000000008000fdfe (0xfac43c23) mem 0x0000000080031f28 0x000000000000009c
core   0: 0x000000008000fe02 (0xfcf42223) sw      a5, -60(s0)
core   0: 3 0x000000008000fe02 (0xfcf42223) mem 0x0000000080031f34 0x00000000
core   0: 0x000000008000fe06 (0xfc843703) ld      a4, -56(s0)
core   0: 3 0x000000008000fe06 (0xfc843703) x14 0x0000000080012040 mem 0x0000000080031f38
core   0: 0x000000008000fe0a (0xfb843783) ld      a5, -72(s0)
core   0: 3 0x000000008000fe0a (0xfb843783) x15 0x000000000000009c mem 0x0000000080031f28
core   0: 0x000000008000fe0e (0x00008fd9) c.or    a5, a4
core   0: 3 0x000000008000fe0e (0x8fd9) x15 0x00000000800120dc
core   0: 0x000000008000fe10 (0x00008b9d) c.andi  a5, 7
core   0: 3 0x000000008000fe10 (0x8b9d) x15 0x0000000000000004
core   0: 0x000000008000fe12 (0x0000e7bd) c.bnez  a5, pc + 110
core   0: 3 0x000000008000fe12 (0xe7bd)
core   0: 0x000000008000fe80 (0xfc843783) ld      a5, -56(s0)
core   0: 3 0x000000008000fe80 (0xfc843783) x15 0x0000000080012040 mem 0x0000000080031f38
core   0: 0x000000008000fe84 (0xfef43023) sd      a5, -32(s0)
core   0: 3 0x000000008000fe84 (0xfef43023) mem 0x0000000080031f50 0x0000000080012040
core   0: 0x000000008000fe88 (0x0000a829) c.j     pc + 26
core   0: 3 0x000000008000fe88 (0xa829)
core   0: 0x000000008000fea2 (0xfc843703) ld      a4, -56(s0)
core   0: 3 0x000000008000fea2 (0xfc843703) x14 0x0000000080012040 mem 0x0000000080031f38
core   0: 0x000000008000fea6 (0xfb843783) ld      a5, -72(s0)
core   0: 3 0x000000008000fea6 (0xfb843783) x15 0x000000000000009c mem 0x0000000080031f28
core   0: 0x000000008000feaa (0x000097ba) c.add   a5, a4
core   0: 3 0x000000008000feaa (0x97ba) x15 0x00000000800120dc
core   0: 0x000000008000feac (0xfe043703) ld      a4, -32(s0)
core   0: 3 0x000000008000feac (0xfe043703) x14 0x0000000080012040 mem 0x0000000080031f50
core   0: 0x000000008000feb0 (0xfcf76de3) bltu    a4, a5, pc - 38
core   0: 3 0x000000008000feb0 (0xfcf76de3)
core   0: 0x000000008000fe8a (0xfe043783) ld      a5, -32(s0)
core   0: 3 0x000000008000fe8a (0xfe043783) x15 0x0000000080012040 mem 0x0000000080031f50
core   0: 0x000000008000fe8e (0x00178713) addi    a4, a5, 1
core   0: 3 0x000000008000fe8e (0x00178713) x14 0x0000000080012041
core   0: 0x000000008000fe92 (0xfee43023) sd      a4, -32(s0)
core   0: 3 0x000000008000fe92 (0xfee43023) mem 0x0000000080031f50 0x0000000080012041
core   0: 0x000000008000fe96 (0xfc442703) lw      a4, -60(s0)
core   0: 3 0x000000008000fe96 (0xfc442703) x14 0x0000000000000000 mem 0x0000000080031f34
core   0: 0x000000008000fe9a (0x0ff77713) andi    a4, a4, 255
core   0: 3 0x000000008000fe9a (0x0ff77713) x14 0x0000000000000000
core   0: 0x000000008000fe9e (0x00e78023) sb      a4, 0(a5)
core   0: 3 0x000000008000fe9e (0x00e78023) mem 0x0000000080012040 0x00
core   0: 0x000000008000fea2 (0xfc843703) ld      a4, -56(s0)
core   0: 3 0x000000008000fea2 (0xfc843703) x14 0x0000000080012040 mem 0x0000000080031f38
core   0: 0x000000008000fea6 (0xfb843783) ld      a5, -72(s0)
core   0: 3 0x000000008000fea6 (0xfb843783) x15 0x000000000000009c mem 0x0000000080031f28
core   0: 0x000000008000feaa (0x000097ba) c.add   a5, a4
core   0: 3 0x000000008000feaa (0x97ba) x15 0x00000000800120dc
core   0: 0x000000008000feac (0xfe043703) ld      a4, -32(s0)
core   0: 3 0x000000008000feac (0xfe043703) x14 0x0000000080012041 mem 0x0000000080031f50
core   0: 0x000000008000feb0 (0xfcf76de3) bltu    a4, a5, pc - 38
core   0: 3 0x000000008000feb0 (0xfcf76de3)
core   0: 0x000000008000fe8a (0xfe043783) ld      a5, -32(s0)
core   0: 3 0x000000008000fe8a (0xfe043783) x15 0x0000000080012041 mem 0x0000000080031f50
core   0: 0x000000008000fe8e (0x00178713) addi    a4, a5, 1
core   0: 3 0x000000008000fe8e (0x00178713) x14 0x0000000080012042
core   0: 0x000000008000fe92 (0xfee43023) sd      a4, -32(s0)
core   0: 3 0x000000008000fe92 (0xfee43023) mem 0x0000000080031f50 0x0000000080012042
core   0: 0x000000008000fe96 (0xfc442703) lw      a4, -60(s0)
core   0: 3 0x000000008000fe96 (0xfc442703) x14 0x0000000000000000 mem 0x0000000080031f34
core   0: 0x000000008000fe9a (0x0ff77713) andi    a4, a4, 255
core   0: 3 0x000000008000fe9a (0x0ff77713) x14 0x0000000000000000
core   0: 0x000000008000fe9e (0x00e78023) sb      a4, 0(a5)
core   0: 3 0x000000008000fe9e (0x00e78023) mem 0x0000000080012041 0x00
core   0: 0x000000008000fea2 (0xfc843703) ld      a4, -56(s0)
core   0: 3 0x000000008000fea2 (0xfc843703) x14 0x0000000080012040 mem 0x0000000080031f38
core   0: 0x000000008000fea6 (0xfb843783) ld      a5, -72(s0)
core   0: 3 0x000000008000fea6 (0xfb843783) x15 0x000000000000009c mem 0x0000000080031f28
core   0: 0x000000008000feaa (0x000097ba) c.add   a5, a4
core   0: 3 0x000000008000feaa (0x97ba) x15 0x00000000800120dc
core   0: 0x000000008000feac (0xfe043703) ld      a4, -32(s0)
core   0: 3 0x000000008000feac (0xfe043703) x14 0x0000000080012042 mem 0x0000000080031f50
core   0: 0x000000008000feb0 (0xfcf76de3) bltu    a4, a5, pc - 38
core   0: 3 0x000000008000feb0 (0xfcf76de3)
core   0: 0x000000008000fe8a (0xfe043783) ld      a5, -32(s0)
core   0: 3 0x000000008000fe8a (0xfe043783) x15 0x0000000080012042 mem 0x0000000080031f50
core   0: 0x000000008000fe8e (0x00178713) addi    a4, a5, 1
core   0: 3 0x000000008000fe8e (0x00178713) x14 0x0000000080012043
core   0: 0x000000008000fe92 (0xfee43023) sd      a4, -32(s0)
core   0: 3 0x000000008000fe92 (0xfee43023) mem 0x0000000080031f50 0x0000000080012043
core   0: 0x000000008000fe96 (0xfc442703) lw      a4, -60(s0)
core   0: 3 0x000000008000fe96 (0xfc442703) x14 0x0000000000000000 mem 0x0000000080031f34
core   0: 0x000000008000fe9a (0x0ff77713) andi    a4, a4, 255
core   0: 3 0x000000008000fe9a (0x0ff77713) x14 0x0000000000000000
core   0: 0x000000008000fe9e (0x00e78023) sb      a4, 0(a5)
core   0: 3 0x000000008000fe9e (0x00e78023) mem 0x0000000080012042 0x00
core   0: 0x000000008000fea2 (0xfc843703) ld      a4, -56(s0)
core   0: 3 0x000000008000fea2 (0xfc843703) x14 0x0000000080012040 mem 0x0000000080031f38
core   0: 0x000000008000fea6 (0xfb843783) ld      a5, -72(s0)
core   0: 3 0x000000008000fea6 (0xfb843783) x15 0x000000000000009c mem 0x0000000080031f28
core   0: 0x000000008000feaa (0x000097ba) c.add   a5, a4
core   0: 3 0x000000008000feaa (0x97ba) x15 0x00000000800120dc
core   0: 0x000000008000feac (0xfe043703) ld      a4, -32(s0)
core   0: 3 0x000000008000feac (0xfe043703) x14 0x0000000080012043 mem 0x0000000080031f50
core   0: 0x000000008000feb0 (0xfcf76de3) bltu    a4, a5, pc - 38
core   0: 3 0x000000008000feb0 (0xfcf76de3)
core   0: 0x000000008000fe8a (0xfe043783) ld      a5, -32(s0)
core   0: 3 0x000000008000fe8a (0xfe043783) x15 0x0000000080012043 mem 0x0000000080031f50
core   0: 0x000000008000fe8e (0x00178713) addi    a4, a5, 1
core   0: 3 0x000000008000fe8e (0x00178713) x14 0x0000000080012044
core   0: 0x000000008000fe92 (0xfee43023) sd      a4, -32(s0)
core   0: 3 0x000000008000fe92 (0xfee43023) mem 0x0000000080031f50 0x0000000080012044
core   0: 0x000000008000fe96 (0xfc442703) lw      a4, -60(s0)
core   0: 3 0x000000008000fe96 (0xfc442703) x14 0x0000000000000000 mem 0x0000000080031f34
core   0: 0x000000008000fe9a (0x0ff77713) andi    a4, a4, 255
core   0: 3 0x000000008000fe9a (0x0ff77713) x14 0x0000000000000000
core   0: 0x000000008000fe9e (0x00e78023) sb      a4, 0(a5)
core   0: 3 0x000000008000fe9e (0x00e78023) mem 0x0000000080012043 0x00
core   0: 0x000000008000fea2 (0xfc843703) ld      a4, -56(s0)
core   0: 3 0x000000008000fea2 (0xfc843703) x14 0x0000000080012040 mem 0x0000000080031f38
core   0: 0x000000008000fea6 (0xfb843783) ld      a5, -72(s0)
core   0: 3 0x000000008000fea6 (0xfb843783) x15 0x000000000000009c mem 0x0000000080031f28
core   0: 0x000000008000feaa (0x000097ba) c.add   a5, a4
core   0: 3 0x000000008000feaa (0x97ba) x15 0x00000000800120dc
core   0: 0x000000008000feac (0xfe043703) ld      a4, -32(s0)
core   0: 3 0x000000008000feac (0xfe043703) x14 0x0000000080012044 mem 0x0000000080031f50
core   0: 0x000000008000feb0 (0xfcf76de3) bltu    a4, a5, pc - 38
core   0: 3 0x000000008000feb0 (0xfcf76de3)
core   0: 0x000000008000fe8a (0xfe043783) ld      a5, -32(s0)
core   0: 3 0x000000008000fe8a (0xfe043783) x15 0x0000000080012044 mem 0x0000000080031f50
core   0: 0x000000008000fe8e (0x00178713) addi    a4, a5, 1
core   0: 3 0x000000008000fe8e (0x00178713) x14 0x0000000080012045
core   0: 0x000000008000fe92 (0xfee43023) sd      a4, -32(s0)
core   0: 3 0x000000008000fe92 (0xfee43023) mem 0x0000000080031f50 0x0000000080012045
core   0: 0x000000008000fe96 (0xfc442703) lw      a4, -60(s0)
core   0: 3 0x000000008000fe96 (0xfc442703) x14 0x0000000000000000 mem 0x0000000080031f34
core   0: 0x000000008000fe9a (0x0ff77713) andi    a4, a4, 255
core   0: 3 0x000000008000fe9a (0x0ff77713) x14 0x0000000000000000
core   0: 0x000000008000fe9e (0x00e78023) sb      a4, 0(a5)
core   0: 3 0x000000008000fe9e (0x00e78023) mem 0x0000000080012044 0x00
core   0: 0x000000008000fea2 (0xfc843703) ld      a4, -56(s0)
core   0: 3 0x000000008000fea2 (0xfc843703) x14 0x0000000080012040 mem 0x0000000080031f38
core   0: 0x000000008000fea6 (0xfb843783) ld      a5, -72(s0)
core   0: 3 0x000000008000fea6 (0xfb843783) x15 0x000000000000009c mem 0x0000000080031f28
core   0: 0x000000008000feaa (0x000097ba) c.add   a5, a4
core   0: 3 0x000000008000feaa (0x97ba) x15 0x00000000800120dc
core   0: 0x000000008000feac (0xfe043703) ld      a4, -32(s0)
core   0: 3 0x000000008000feac (0xfe043703) x14 0x0000000080012045 mem 0x0000000080031f50
core   0: 0x000000008000feb0 (0xfcf76de3) bltu    a4, a5, pc - 38
core   0: 3 0x000000008000feb0 (0xfcf76de3)
core   0: 0x000000008000fe8a (0xfe043783) ld      a5, -32(s0)
core   0: 3 0x000000008000fe8a (0xfe043783) x15 0x0000000080012045 mem 0x0000000080031f50
core   0: 0x000000008000fe8e (0x00178713) addi    a4, a5, 1
core   0: 3 0x000000008000fe8e (0x00178713) x14 0x0000000080012046
core   0: 0x000000008000fe92 (0xfee43023) sd      a4, -32(s0)
core   0: 3 0x000000008000fe92 (0xfee43023) mem 0x0000000080031f50 0x0000000080012046
core   0: 0x000000008000fe96 (0xfc442703) lw      a4, -60(s0)
core   0: 3 0x000000008000fe96 (0xfc442703) x14 0x0000000000000000 mem 0x0000000080031f34
core   0: 0x000000008000fe9a (0x0ff77713) andi    a4, a4, 255
core   0: 3 0x000000008000fe9a (0x0ff77713) x14 0x0000000000000000
core   0: 0x000000008000fe9e (0x00e78023) sb      a4, 0(a5)
core   0: 3 0x000000008000fe9e (0x00e78023) mem 0x0000000080012045 0x00
core   0: 0x000000008000fea2 (0xfc843703) ld      a4, -56(s0)
core   0: 3 0x000000008000fea2 (0xfc843703) x14 0x0000000080012040 mem 0x0000000080031f38
core   0: 0x000000008000fea6 (0xfb843783) ld      a5, -72(s0)
core   0: 3 0x000000008000fea6 (0xfb843783) x15 0x000000000000009c mem 0x0000000080031f28
core   0: 0x000000008000feaa (0x000097ba) c.add   a5, a4
core   0: 3 0x000000008000feaa (0x97ba) x15 0x00000000800120dc
core   0: 0x000000008000feac (0xfe043703) ld      a4, -32(s0)
core   0: 3 0x000000008000feac (0xfe043703) x14 0x0000000080012046 mem 0x0000000080031f50
core   0: 0x000000008000feb0 (0xfcf76de3) bltu    a4, a5, pc - 38
core   0: 3 0x000000008000feb0 (0xfcf76de3)
core   0: 0x000000008000fe8a (0xfe043783) ld      a5, -32(s0)
core   0: 3 0x000000008000fe8a (0xfe043783) x15 0x0000000080012046 mem 0x0000000080031f50
core   0: 0x000000008000fe8e (0x00178713) addi    a4, a5, 1
core   0: 3 0x000000008000fe8e (0x00178713) x14 0x0000000080012047
core   0: 0x000000008000fe92 (0xfee43023) sd      a4, -32(s0)
core   0: 3 0x000000008000fe92 (0xfee43023) mem 0x0000000080031f50 0x0000000080012047
core   0: 0x000000008000fe96 (0xfc442703) lw      a4, -60(s0)
core   0: 3 0x000000008000fe96 (0xfc442703) x14 0x0000000000000000 mem 0x0000000080031f34
core   0: 0x000000008000fe9a (0x0ff77713) andi    a4, a4, 255
core   0: 3 0x000000008000fe9a (0x0ff77713) x14 0x0000000000000000
core   0: 0x000000008000fe9e (0x00e78023) sb      a4, 0(a5)
core   0: 3 0x000000008000fe9e (0x00e78023) mem 0x0000000080012046 0x00
core   0: 0x000000008000fea2 (0xfc843703) ld      a4, -56(s0)
core   0: 3 0x000000008000fea2 (0xfc843703) x14 0x0000000080012040 mem 0x0000000080031f38
core   0: 0x000000008000fea6 (0xfb843783) ld      a5, -72(s0)
core   0: 3 0x000000008000fea6 (0xfb843783) x15 0x000000000000009c mem 0x0000000080031f28
core   0: 0x000000008000feaa (0x000097ba) c.add   a5, a4
core   0: 3 0x000000008000feaa (0x97ba) x15 0x00000000800120dc
core   0: 0x000000008000feac (0xfe043703) ld      a4, -32(s0)
core   0: 3 0x000000008000feac (0xfe043703) x14 0x0000000080012047 mem 0x0000000080031f50
core   0: 0x000000008000feb0 (0xfcf76de3) bltu    a4, a5, pc - 38
core   0: 3 0x000000008000feb0 (0xfcf76de3)
core   0: 0x000000008000fe8a (0xfe043783) ld      a5, -32(s0)
core   0: 3 0x000000008000fe8a (0xfe043783) x15 0x0000000080012047 mem 0x0000000080031f50
core   0: 0x000000008000fe8e (0x00178713) addi    a4, a5, 1
core   0: 3 0x000000008000fe8e (0x00178713) x14 0x0000000080012048
core   0: 0x000000008000fe92 (0xfee43023) sd      a4, -32(s0)
core   0: 3 0x000000008000fe92 (0xfee43023) mem 0x0000000080031f50 0x0000000080012048
core   0: 0x000000008000fe96 (0xfc442703) lw      a4, -60(s0)
core   0: 3 0x000000008000fe96 (0xfc442703) x14 0x0000000000000000 mem 0x0000000080031f34
core   0: 0x000000008000fe9a (0x0ff77713) andi    a4, a4, 255
core   0: 3 0x000000008000fe9a (0x0ff77713) x14 0x0000000000000000
core   0: 0x000000008000fe9e (0x00e78023) sb      a4, 0(a5)
core   0: 3 0x000000008000fe9e (0x00e78023) mem 0x0000000080012047 0x00
core   0: 0x000000008000fea2 (0xfc843703) ld      a4, -56(s0)
core   0: 3 0x000000008000fea2 (0xfc843703) x14 0x0000000080012040 mem 0x0000000080031f38
core   0: 0x000000008000fea6 (0xfb843783) ld      a5, -72(s0)
core   0: 3 0x000000008000fea6 (0xfb843783) x15 0x000000000000009c mem 0x0000000080031f28
core   0: 0x000000008000feaa (0x000097ba) c.add   a5, a4
core   0: 3 0x000000008000feaa (0x97ba) x15 0x00000000800120dc
core   0: 0x000000008000feac (0xfe043703) ld      a4, -32(s0)
core   0: 3 0x000000008000feac (0xfe043703) x14 0x0000000080012048 mem 0x0000000080031f50
core   0: 0x000000008000feb0 (0xfcf76de3) bltu    a4, a5, pc - 38
core   0: 3 0x000000008000feb0 (0xfcf76de3)
core   0: 0x000000008000fe8a (0xfe043783) ld      a5, -32(s0)
core   0: 3 0x000000008000fe8a (0xfe043783) x15 0x0000000080012048 mem 0x0000000080031f50
core   0: 0x000000008000fe8e (0x00178713) addi    a4, a5, 1
core   0: 3 0x000000008000fe8e (0x00178713) x14 0x0000000080012049
core   0: 0x000000008000fe92 (0xfee43023) sd      a4, -32(s0)
core   0: 3 0x000000008000fe92 (0xfee43023) mem 0x0000000080031f50 0x0000000080012049
core   0: 0x000000008000fe96 (0xfc442703) lw      a4, -60(s0)
core   0: 3 0x000000008000fe96 (0xfc442703) x14 0x0000000000000000 mem 0x0000000080031f34
core   0: 0x000000008000fe9a (0x0ff77713) andi    a4, a4, 255
core   0: 3 0x000000008000fe9a (0x0ff77713) x14 0x0000000000000000
core   0: 0x000000008000fe9e (0x00e78023) sb      a4, 0(a5)
core   0: 3 0x000000008000fe9e (0x00e78023) mem 0x0000000080012048 0x00
core   0: 0x000000008000fea2 (0xfc843703) ld      a4, -56(s0)
core   0: 3 0x000000008000fea2 (0xfc843703) x14 0x0000000080012040 mem 0x0000000080031f38
core   0: 0x000000008000fea6 (0xfb843783) ld      a5, -72(s0)
core   0: 3 0x000000008000fea6 (0xfb843783) x15 0x000000000000009c mem 0x0000000080031f28
core   0: 0x000000008000feaa (0x000097ba) c.add   a5, a4
core   0: 3 0x000000008000feaa (0x97ba) x15 0x00000000800120dc
core   0: 0x000000008000feac (0xfe043703) ld      a4, -32(s0)
core   0: 3 0x000000008000feac (0xfe043703) x14 0x0000000080012049 mem 0x0000000080031f50
core   0: 0x000000008000feb0 (0xfcf76de3) bltu    a4, a5, pc - 38
core   0: 3 0x000000008000feb0 (0xfcf76de3)
core   0: 0x000000008000fe8a (0xfe043783) ld      a5, -32(s0)
core   0: 3 0x000000008000fe8a (0xfe043783) x15 0x0000000080012049 mem 0x0000000080031f50
core   0: 0x000000008000fe8e (0x00178713) addi    a4, a5, 1
core   0: 3 0x000000008000fe8e (0x00178713) x14 0x000000008001204a
core   0: 0x000000008000fe92 (0xfee43023) sd      a4, -32(s0)
core   0: 3 0x000000008000fe92 (0xfee43023) mem 0x0000000080031f50 0x000000008001204a
core   0: 0x000000008000fe96 (0xfc442703) lw      a4, -60(s0)
core   0: 3 0x000000008000fe96 (0xfc442703) x14 0x0000000000000000 mem 0x0000000080031f34
core   0: 0x000000008000fe9a (0x0ff77713) andi    a4, a4, 255
core   0: 3 0x000000008000fe9a (0x0ff77713) x14 0x0000000000000000
core   0: 0x000000008000fe9e (0x00e78023) sb      a4, 0(a5)
core   0: 3 0x000000008000fe9e (0x00e78023) mem 0x0000000080012049 0x00
core   0: 0x000000008000fea2 (0xfc843703) ld      a4, -56(s0)
core   0: 3 0x000000008000fea2 (0xfc843703) x14 0x0000000080012040 mem 0x0000000080031f38
core   0: 0x000000008000fea6 (0xfb843783) ld      a5, -72(s0)
core   0: 3 0x000000008000fea6 (0xfb843783) x15 0x000000000000009c mem 0x0000000080031f28
core   0: 0x000000008000feaa (0x000097ba) c.add   a5, a4
core   0: 3 0x000000008000feaa (0x97ba) x15 0x00000000800120dc
core   0: 0x000000008000feac (0xfe043703) ld      a4, -32(s0)
core   0: 3 0x000000008000feac (0xfe043703) x14 0x000000008001204a mem 0x0000000080031f50
core   0: 0x000000008000feb0 (0xfcf76de3) bltu    a4, a5, pc - 38
core   0: 3 0x000000008000feb0 (0xfcf76de3)
core   0: 0x000000008000fe8a (0xfe043783) ld      a5, -32(s0)
core   0: 3 0x000000008000fe8a (0xfe043783) x15 0x000000008001204a mem 0x0000000080031f50
core   0: 0x000000008000fe8e (0x00178713) addi    a4, a5, 1
core   0: 3 0x000000008000fe8e (0x00178713) x14 0x000000008001204b
core   0: 0x000000008000fe92 (0xfee43023) sd      a4, -32(s0)
core   0: 3 0x000000008000fe92 (0xfee43023) mem 0x0000000080031f50 0x000000008001204b
core   0: 0x000000008000fe96 (0xfc442703) lw      a4, -60(s0)
core   0: 3 0x000000008000fe96 (0xfc442703) x14 0x0000000000000000 mem 0x0000000080031f34
core   0: 0x000000008000fe9a (0x0ff77713) andi    a4, a4, 255
core   0: 3 0x000000008000fe9a (0x0ff77713) x14 0x0000000000000000
core   0: 0x000000008000fe9e (0x00e78023) sb      a4, 0(a5)
core   0: 3 0x000000008000fe9e (0x00e78023) mem 0x000000008001204a 0x00
core   0: 0x000000008000fea2 (0xfc843703) ld      a4, -56(s0)
core   0: 3 0x000000008000fea2 (0xfc843703) x14 0x0000000080012040 mem 0x0000000080031f38
core   0: 0x000000008000fea6 (0xfb843783) ld      a5, -72(s0)
core   0: 3 0x000000008000fea6 (0xfb843783) x15 0x000000000000009c mem 0x0000000080031f28
core   0: 0x000000008000feaa (0x000097ba) c.add   a5, a4
core   0: 3 0x000000008000feaa (0x97ba) x15 0x00000000800120dc
core   0: 0x000000008000feac (0xfe043703) ld      a4, -32(s0)
core   0: 3 0x000000008000feac (0xfe043703) x14 0x000000008001204b mem 0x0000000080031f50
core   0: 0x000000008000feb0 (0xfcf76de3) bltu    a4, a5, pc - 38
core   0: 3 0x000000008000feb0 (0xfcf76de3)
core   0: 0x000000008000fe8a (0xfe043783) ld      a5, -32(s0)
core   0: 3 0x000000008000fe8a (0xfe043783) x15 0x000000008001204b mem 0x0000000080031f50
core   0: 0x000000008000fe8e (0x00178713) addi    a4, a5, 1
core   0: 3 0x000000008000fe8e (0x00178713) x14 0x000000008001204c
core   0: 0x000000008000fe92 (0xfee43023) sd      a4, -32(s0)
core   0: 3 0x000000008000fe92 (0xfee43023) mem 0x0000000080031f50 0x000000008001204c
core   0: 0x000000008000fe96 (0xfc442703) lw      a4, -60(s0)
core   0: 3 0x000000008000fe96 (0xfc442703) x14 0x0000000000000000 mem 0x0000000080031f34
core   0: 0x000000008000fe9a (0x0ff77713) andi    a4, a4, 255
core   0: 3 0x000000008000fe9a (0x0ff77713) x14 0x0000000000000000
core   0: 0x000000008000fe9e (0x00e78023) sb      a4, 0(a5)
core   0: 3 0x000000008000fe9e (0x00e78023) mem 0x000000008001204b 0x00
core   0: 0x000000008000fea2 (0xfc843703) ld      a4, -56(s0)
core   0: 3 0x000000008000fea2 (0xfc843703) x14 0x0000000080012040 mem 0x0000000080031f38
core   0: 0x000000008000fea6 (0xfb843783) ld      a5, -72(s0)
core   0: 3 0x000000008000fea6 (0xfb843783) x15 0x000000000000009c mem 0x0000000080031f28
core   0: 0x000000008000feaa (0x000097ba) c.add   a5, a4
core   0: 3 0x000000008000feaa (0x97ba) x15 0x00000000800120dc
core   0: 0x000000008000feac (0xfe043703) ld      a4, -32(s0)
core   0: 3 0x000000008000feac (0xfe043703) x14 0x000000008001204c mem 0x0000000080031f50
core   0: 0x000000008000feb0 (0xfcf76de3) bltu    a4, a5, pc - 38
core   0: 3 0x000000008000feb0 (0xfcf76de3)
core   0: 0x000000008000fe8a (0xfe043783) ld      a5, -32(s0)
core   0: 3 0x000000008000fe8a (0xfe043783) x15 0x000000008001204c mem 0x0000000080031f50
core   0: 0x000000008000fe8e (0x00178713) addi    a4, a5, 1
core   0: 3 0x000000008000fe8e (0x00178713) x14 0x000000008001204d
core   0: 0x000000008000fe92 (0xfee43023) sd      a4, -32(s0)
core   0: 3 0x000000008000fe92 (0xfee43023) mem 0x0000000080031f50 0x000000008001204d
core   0: 0x000000008000fe96 (0xfc442703) lw      a4, -60(s0)
core   0: 3 0x000000008000fe96 (0xfc442703) x14 0x0000000000000000 mem 0x0000000080031f34
core   0: 0x000000008000fe9a (0x0ff77713) andi    a4, a4, 255
core   0: 3 0x000000008000fe9a (0x0ff77713) x14 0x0000000000000000
core   0: 0x000000008000fe9e (0x00e78023) sb      a4, 0(a5)
core   0: 3 0x000000008000fe9e (0x00e78023) mem 0x000000008001204c 0x00
core   0: 0x000000008000fea2 (0xfc843703) ld      a4, -56(s0)
core   0: 3 0x000000008000fea2 (0xfc843703) x14 0x0000000080012040 mem 0x0000000080031f38
core   0: 0x000000008000fea6 (0xfb843783) ld      a5, -72(s0)
core   0: 3 0x000000008000fea6 (0xfb843783) x15 0x000000000000009c mem 0x0000000080031f28
core   0: 0x000000008000feaa (0x000097ba) c.add   a5, a4
core   0: 3 0x000000008000feaa (0x97ba) x15 0x00000000800120dc
core   0: 0x000000008000feac (0xfe043703) ld      a4, -32(s0)
core   0: 3 0x000000008000feac (0xfe043703) x14 0x000000008001204d mem 0x0000000080031f50
core   0: 0x000000008000feb0 (0xfcf76de3) bltu    a4, a5, pc - 38
core   0: 3 0x000000008000feb0 (0xfcf76de3)
core   0: 0x000000008000fe8a (0xfe043783) ld      a5, -32(s0)
core   0: 3 0x000000008000fe8a (0xfe043783) x15 0x000000008001204d mem 0x0000000080031f50
core   0: 0x000000008000fe8e (0x00178713) addi    a4, a5, 1
core   0: 3 0x000000008000fe8e (0x00178713) x14 0x000000008001204e
core   0: 0x000000008000fe92 (0xfee43023) sd      a4, -32(s0)
core   0: 3 0x000000008000fe92 (0xfee43023) mem 0x0000000080031f50 0x000000008001204e
core   0: 0x000000008000fe96 (0xfc442703) lw      a4, -60(s0)
core   0: 3 0x000000008000fe96 (0xfc442703) x14 0x0000000000000000 mem 0x0000000080031f34
core   0: 0x000000008000fe9a (0x0ff77713) andi    a4, a4, 255
core   0: 3 0x000000008000fe9a (0x0ff77713) x14 0x0000000000000000
core   0: 0x000000008000fe9e (0x00e78023) sb      a4, 0(a5)
core   0: 3 0x000000008000fe9e (0x00e78023) mem 0x000000008001204d 0x00
core   0: 0x000000008000fea2 (0xfc843703) ld      a4, -56(s0)
core   0: 3 0x000000008000fea2 (0xfc843703) x14 0x0000000080012040 mem 0x0000000080031f38
core   0: 0x000000008000fea6 (0xfb843783) ld      a5, -72(s0)
core   0: 3 0x000000008000fea6 (0xfb843783) x15 0x000000000000009c mem 0x0000000080031f28
core   0: 0x000000008000feaa (0x000097ba) c.add   a5, a4
core   0: 3 0x000000008000feaa (0x97ba) x15 0x00000000800120dc
core   0: 0x000000008000feac (0xfe043703) ld      a4, -32(s0)
core   0: 3 0x000000008000feac (0xfe043703) x14 0x000000008001204e mem 0x0000000080031f50
core   0: 0x000000008000feb0 (0xfcf76de3) bltu    a4, a5, pc - 38
core   0: 3 0x000000008000feb0 (0xfcf76de3)
core   0: 0x000000008000fe8a (0xfe043783) ld      a5, -32(s0)
core   0: 3 0x000000008000fe8a (0xfe043783) x15 0x000000008001204e mem 0x0000000080031f50
core   0: 0x000000008000fe8e (0x00178713) addi    a4, a5, 1
core   0: 3 0x000000008000fe8e (0x00178713) x14 0x000000008001204f
core   0: 0x000000008000fe92 (0xfee43023) sd      a4, -32(s0)
core   0: 3 0x000000008000fe92 (0xfee43023) mem 0x0000000080031f50 0x000000008001204f
core   0: 0x000000008000fe96 (0xfc442703) lw      a4, -60(s0)
core   0: 3 0x000000008000fe96 (0xfc442703) x14 0x0000000000000000 mem 0x0000000080031f34
core   0: 0x000000008000fe9a (0x0ff77713) andi    a4, a4, 255
core   0: 3 0x000000008000fe9a (0x0ff77713) x14 0x0000000000000000
core   0: 0x000000008000fe9e (0x00e78023) sb      a4, 0(a5)
core   0: 3 0x000000008000fe9e (0x00e78023) mem 0x000000008001204e 0x00
core   0: 0x000000008000fea2 (0xfc843703) ld      a4, -56(s0)
core   0: 3 0x000000008000fea2 (0xfc843703) x14 0x0000000080012040 mem 0x0000000080031f38
core   0: 0x000000008000fea6 (0xfb843783) ld      a5, -72(s0)
core   0: 3 0x000000008000fea6 (0xfb843783) x15 0x000000000000009c mem 0x0000000080031f28
core   0: 0x000000008000feaa (0x000097ba) c.add   a5, a4
core   0: 3 0x000000008000feaa (0x97ba) x15 0x00000000800120dc
core   0: 0x000000008000feac (0xfe043703) ld      a4, -32(s0)
core   0: 3 0x000000008000feac (0xfe043703) x14 0x000000008001204f mem 0x0000000080031f50
core   0: 0x000000008000feb0 (0xfcf76de3) bltu    a4, a5, pc - 38
core   0: 3 0x000000008000feb0 (0xfcf76de3)
core   0: 0x000000008000fe8a (0xfe043783) ld      a5, -32(s0)
core   0: 3 0x000000008000fe8a (0xfe043783) x15 0x000000008001204f mem 0x0000000080031f50
core   0: 0x000000008000fe8e (0x00178713) addi    a4, a5, 1
core   0: 3 0x000000008000fe8e (0x00178713) x14 0x0000000080012050
core   0: 0x000000008000fe92 (0xfee43023) sd      a4, -32(s0)
core   0: 3 0x000000008000fe92 (0xfee43023) mem 0x0000000080031f50 0x0000000080012050
core   0: 0x000000008000fe96 (0xfc442703) lw      a4, -60(s0)
core   0: 3 0x000000008000fe96 (0xfc442703) x14 0x0000000000000000 mem 0x0000000080031f34
core   0: 0x000000008000fe9a (0x0ff77713) andi    a4, a4, 255
core   0: 3 0x000000008000fe9a (0x0ff77713) x14 0x0000000000000000
core   0: 0x000000008000fe9e (0x00e78023) sb      a4, 0(a5)
core   0: 3 0x000000008000fe9e (0x00e78023) mem 0x000000008001204f 0x00
core   0: 0x000000008000fea2 (0xfc843703) ld      a4, -56(s0)
core   0: 3 0x000000008000fea2 (0xfc843703) x14 0x0000000080012040 mem 0x0000000080031f38
core   0: 0x000000008000fea6 (0xfb843783) ld      a5, -72(s0)
core   0: 3 0x000000008000fea6 (0xfb843783) x15 0x000000000000009c mem 0x0000000080031f28
core   0: 0x000000008000feaa (0x000097ba) c.add   a5, a4
core   0: 3 0x000000008000feaa (0x97ba) x15 0x00000000800120dc
core   0: 0x000000008000feac (0xfe043703) ld      a4, -32(s0)
core   0: 3 0x000000008000feac (0xfe043703) x14 0x0000000080012050 mem 0x0000000080031f50
core   0: 0x000000008000feb0 (0xfcf76de3) bltu    a4, a5, pc - 38
core   0: 3 0x000000008000feb0 (0xfcf76de3)
core   0: 0x000000008000fe8a (0xfe043783) ld      a5, -32(s0)
core   0: 3 0x000000008000fe8a (0xfe043783) x15 0x0000000080012050 mem 0x0000000080031f50
core   0: 0x000000008000fe8e (0x00178713) addi    a4, a5, 1
core   0: 3 0x000000008000fe8e (0x00178713) x14 0x0000000080012051
core   0: 0x000000008000fe92 (0xfee43023) sd      a4, -32(s0)
core   0: 3 0x000000008000fe92 (0xfee43023) mem 0x0000000080031f50 0x0000000080012051
core   0: 0x000000008000fe96 (0xfc442703) lw      a4, -60(s0)
core   0: 3 0x000000008000fe96 (0xfc442703) x14 0x0000000000000000 mem 0x0000000080031f34
core   0: 0x000000008000fe9a (0x0ff77713) andi    a4, a4, 255
core   0: 3 0x000000008000fe9a (0x0ff77713) x14 0x0000000000000000
core   0: 0x000000008000fe9e (0x00e78023) sb      a4, 0(a5)
core   0: 3 0x000000008000fe9e (0x00e78023) mem 0x0000000080012050 0x00
core   0: 0x000000008000fea2 (0xfc843703) ld      a4, -56(s0)
core   0: 3 0x000000008000fea2 (0xfc843703) x14 0x0000000080012040 mem 0x0000000080031f38
core   0: 0x000000008000fea6 (0xfb843783) ld      a5, -72(s0)
core   0: 3 0x000000008000fea6 (0xfb843783) x15 0x000000000000009c mem 0x0000000080031f28
core   0: 0x000000008000feaa (0x000097ba) c.add   a5, a4
core   0: 3 0x000000008000feaa (0x97ba) x15 0x00000000800120dc
core   0: 0x000000008000feac (0xfe043703) ld      a4, -32(s0)
core   0: 3 0x000000008000feac (0xfe043703) x14 0x0000000080012051 mem 0x0000000080031f50
core   0: 0x000000008000feb0 (0xfcf76de3) bltu    a4, a5, pc - 38
core   0: 3 0x000000008000feb0 (0xfcf76de3)
core   0: 0x000000008000fe8a (0xfe043783) ld      a5, -32(s0)
core   0: 3 0x000000008000fe8a (0xfe043783) x15 0x0000000080012051 mem 0x0000000080031f50
core   0: 0x000000008000fe8e (0x00178713) addi    a4, a5, 1
core   0: 3 0x000000008000fe8e (0x00178713) x14 0x0000000080012052
core   0: 0x000000008000fe92 (0xfee43023) sd      a4, -32(s0)
core   0: 3 0x000000008000fe92 (0xfee43023) mem 0x0000000080031f50 0x0000000080012052
core   0: 0x000000008000fe96 (0xfc442703) lw      a4, -60(s0)
core   0: 3 0x000000008000fe96 (0xfc442703) x14 0x0000000000000000 mem 0x0000000080031f34
core   0: 0x000000008000fe9a (0x0ff77713) andi    a4, a4, 255
core   0: 3 0x000000008000fe9a (0x0ff77713) x14 0x0000000000000000
core   0: 0x000000008000fe9e (0x00e78023) sb      a4, 0(a5)
core   0: 3 0x000000008000fe9e (0x00e78023) mem 0x0000000080012051 0x00
core   0: 0x000000008000fea2 (0xfc843703) ld      a4, -56(s0)
core   0: 3 0x000000008000fea2 (0xfc843703) x14 0x0000000080012040 mem 0x0000000080031f38
core   0: 0x000000008000fea6 (0xfb843783) ld      a5, -72(s0)
core   0: 3 0x000000008000fea6 (0xfb843783) x15 0x000000000000009c mem 0x0000000080031f28
core   0: 0x000000008000feaa (0x000097ba) c.add   a5, a4
core   0: 3 0x000000008000feaa (0x97ba) x15 0x00000000800120dc
core   0: 0x000000008000feac (0xfe043703) ld      a4, -32(s0)
core   0: 3 0x000000008000feac (0xfe043703) x14 0x0000000080012052 mem 0x0000000080031f50
core   0: 0x000000008000feb0 (0xfcf76de3) bltu    a4, a5, pc - 38
core   0: 3 0x000000008000feb0 (0xfcf76de3)
core   0: 0x000000008000fe8a (0xfe043783) ld      a5, -32(s0)
core   0: 3 0x000000008000fe8a (0xfe043783) x15 0x0000000080012052 mem 0x0000000080031f50
core   0: 0x000000008000fe8e (0x00178713) addi    a4, a5, 1
core   0: 3 0x000000008000fe8e (0x00178713) x14 0x0000000080012053
core   0: 0x000000008000fe92 (0xfee43023) sd      a4, -32(s0)
core   0: 3 0x000000008000fe92 (0xfee43023) mem 0x0000000080031f50 0x0000000080012053
core   0: 0x000000008000fe96 (0xfc442703) lw      a4, -60(s0)
core   0: 3 0x000000008000fe96 (0xfc442703) x14 0x0000000000000000 mem 0x0000000080031f34
core   0: 0x000000008000fe9a (0x0ff77713) andi    a4, a4, 255
core   0: 3 0x000000008000fe9a (0x0ff77713) x14 0x0000000000000000
core   0: 0x000000008000fe9e (0x00e78023) sb      a4, 0(a5)
core   0: 3 0x000000008000fe9e (0x00e78023) mem 0x0000000080012052 0x00
core   0: 0x000000008000fea2 (0xfc843703) ld      a4, -56(s0)
core   0: 3 0x000000008000fea2 (0xfc843703) x14 0x0000000080012040 mem 0x0000000080031f38
core   0: 0x000000008000fea6 (0xfb843783) ld      a5, -72(s0)
core   0: 3 0x000000008000fea6 (0xfb843783) x15 0x000000000000009c mem 0x0000000080031f28
core   0: 0x000000008000feaa (0x000097ba) c.add   a5, a4
core   0: 3 0x000000008000feaa (0x97ba) x15 0x00000000800120dc
core   0: 0x000000008000feac (0xfe043703) ld      a4, -32(s0)
core   0: 3 0x000000008000feac (0xfe043703) x14 0x0000000080012053 mem 0x0000000080031f50
core   0: 0x000000008000feb0 (0xfcf76de3) bltu    a4, a5, pc - 38
core   0: 3 0x000000008000feb0 (0xfcf76de3)
core   0: 0x000000008000fe8a (0xfe043783) ld      a5, -32(s0)
core   0: 3 0x000000008000fe8a (0xfe043783) x15 0x0000000080012053 mem 0x0000000080031f50
core   0: 0x000000008000fe8e (0x00178713) addi    a4, a5, 1
core   0: 3 0x000000008000fe8e (0x00178713) x14 0x0000000080012054
core   0: 0x000000008000fe92 (0xfee43023) sd      a4, -32(s0)
core   0: 3 0x000000008000fe92 (0xfee43023) mem 0x0000000080031f50 0x0000000080012054
core   0: 0x000000008000fe96 (0xfc442703) lw      a4, -60(s0)
core   0: 3 0x000000008000fe96 (0xfc442703) x14 0x0000000000000000 mem 0x0000000080031f34
core   0: 0x000000008000fe9a (0x0ff77713) andi    a4, a4, 255
core   0: 3 0x000000008000fe9a (0x0ff77713) x14 0x0000000000000000
core   0: 0x000000008000fe9e (0x00e78023) sb      a4, 0(a5)
core   0: 3 0x000000008000fe9e (0x00e78023) mem 0x0000000080012053 0x00
core   0: 0x000000008000fea2 (0xfc843703) ld      a4, -56(s0)
core   0: 3 0x000000008000fea2 (0xfc843703) x14 0x0000000080012040 mem 0x0000000080031f38
core   0: 0x000000008000fea6 (0xfb843783) ld      a5, -72(s0)
core   0: 3 0x000000008000fea6 (0xfb843783) x15 0x000000000000009c mem 0x0000000080031f28
core   0: 0x000000008000feaa (0x000097ba) c.add   a5, a4
core   0: 3 0x000000008000feaa (0x97ba) x15 0x00000000800120dc
core   0: 0x000000008000feac (0xfe043703) ld      a4, -32(s0)
core   0: 3 0x000000008000feac (0xfe043703) x14 0x0000000080012054 mem 0x0000000080031f50
core   0: 0x000000008000feb0 (0xfcf76de3) bltu    a4, a5, pc - 38
core   0: 3 0x000000008000feb0 (0xfcf76de3)
core   0: 0x000000008000fe8a (0xfe043783) ld      a5, -32(s0)
core   0: 3 0x000000008000fe8a (0xfe043783) x15 0x0000000080012054 mem 0x0000000080031f50
core   0: 0x000000008000fe8e (0x00178713) addi    a4, a5, 1
core   0: 3 0x000000008000fe8e (0x00178713) x14 0x0000000080012055
core   0: 0x000000008000fe92 (0xfee43023) sd      a4, -32(s0)
core   0: 3 0x000000008000fe92 (0xfee43023) mem 0x0000000080031f50 0x0000000080012055
core   0: 0x000000008000fe96 (0xfc442703) lw      a4, -60(s0)
core   0: 3 0x000000008000fe96 (0xfc442703) x14 0x0000000000000000 mem 0x0000000080031f34
core   0: 0x000000008000fe9a (0x0ff77713) andi    a4, a4, 255
core   0: 3 0x000000008000fe9a (0x0ff77713) x14 0x0000000000000000
core   0: 0x000000008000fe9e (0x00e78023) sb      a4, 0(a5)
core   0: 3 0x000000008000fe9e (0x00e78023) mem 0x0000000080012054 0x00
core   0: 0x000000008000fea2 (0xfc843703) ld      a4, -56(s0)
core   0: 3 0x000000008000fea2 (0xfc843703) x14 0x0000000080012040 mem 0x0000000080031f38
core   0: 0x000000008000fea6 (0xfb843783) ld      a5, -72(s0)
core   0: 3 0x000000008000fea6 (0xfb843783) x15 0x000000000000009c mem 0x0000000080031f28
core   0: 0x000000008000feaa (0x000097ba) c.add   a5, a4
core   0: 3 0x000000008000feaa (0x97ba) x15 0x00000000800120dc
core   0: 0x000000008000feac (0xfe043703) ld      a4, -32(s0)
core   0: 3 0x000000008000feac (0xfe043703) x14 0x0000000080012055 mem 0x0000000080031f50
core   0: 0x000000008000feb0 (0xfcf76de3) bltu    a4, a5, pc - 38
core   0: 3 0x000000008000feb0 (0xfcf76de3)
core   0: 0x000000008000fe8a (0xfe043783) ld      a5, -32(s0)
core   0: 3 0x000000008000fe8a (0xfe043783) x15 0x0000000080012055 mem 0x0000000080031f50
core   0: 0x000000008000fe8e (0x00178713) addi    a4, a5, 1
core   0: 3 0x000000008000fe8e (0x00178713) x14 0x0000000080012056
core   0: 0x000000008000fe92 (0xfee43023) sd      a4, -32(s0)
core   0: 3 0x000000008000fe92 (0xfee43023) mem 0x0000000080031f50 0x0000000080012056
core   0: 0x000000008000fe96 (0xfc442703) lw      a4, -60(s0)
core   0: 3 0x000000008000fe96 (0xfc442703) x14 0x0000000000000000 mem 0x0000000080031f34
core   0: 0x000000008000fe9a (0x0ff77713) andi    a4, a4, 255
core   0: 3 0x000000008000fe9a (0x0ff77713) x14 0x0000000000000000
core   0: 0x000000008000fe9e (0x00e78023) sb      a4, 0(a5)
core   0: 3 0x000000008000fe9e (0x00e78023) mem 0x0000000080012055 0x00
core   0: 0x000000008000fea2 (0xfc843703) ld      a4, -56(s0)
core   0: 3 0x000000008000fea2 (0xfc843703) x14 0x0000000080012040 mem 0x0000000080031f38
core   0: 0x000000008000fea6 (0xfb843783) ld      a5, -72(s0)
core   0: 3 0x000000008000fea6 (0xfb843783) x15 0x000000000000009c mem 0x0000000080031f28
core   0: 0x000000008000feaa (0x000097ba) c.add   a5, a4
core   0: 3 0x000000008000feaa (0x97ba) x15 0x00000000800120dc
core   0: 0x000000008000feac (0xfe043703) ld      a4, -32(s0)
core   0: 3 0x000000008000feac (0xfe043703) x14 0x0000000080012056 mem 0x0000000080031f50
core   0: 0x000000008000feb0 (0xfcf76de3) bltu    a4, a5, pc - 38
core   0: 3 0x000000008000feb0 (0xfcf76de3)
core   0: 0x000000008000fe8a (0xfe043783) ld      a5, -32(s0)
core   0: 3 0x000000008000fe8a (0xfe043783) x15 0x0000000080012056 mem 0x0000000080031f50
core   0: 0x000000008000fe8e (0x00178713) addi    a4, a5, 1
core   0: 3 0x000000008000fe8e (0x00178713) x14 0x0000000080012057
core   0: 0x000000008000fe92 (0xfee43023) sd      a4, -32(s0)
core   0: 3 0x000000008000fe92 (0xfee43023) mem 0x0000000080031f50 0x0000000080012057
core   0: 0x000000008000fe96 (0xfc442703) lw      a4, -60(s0)
core   0: 3 0x000000008000fe96 (0xfc442703) x14 0x0000000000000000 mem 0x0000000080031f34
core   0: 0x000000008000fe9a (0x0ff77713) andi    a4, a4, 255
core   0: 3 0x000000008000fe9a (0x0ff77713) x14 0x0000000000000000
core   0: 0x000000008000fe9e (0x00e78023) sb      a4, 0(a5)
core   0: 3 0x000000008000fe9e (0x00e78023) mem 0x0000000080012056 0x00
core   0: 0x000000008000fea2 (0xfc843703) ld      a4, -56(s0)
core   0: 3 0x000000008000fea2 (0xfc843703) x14 0x0000000080012040 mem 0x0000000080031f38
core   0: 0x000000008000fea6 (0xfb843783) ld      a5, -72(s0)
core   0: 3 0x000000008000fea6 (0xfb843783) x15 0x000000000000009c mem 0x0000000080031f28
core   0: 0x000000008000feaa (0x000097ba) c.add   a5, a4
core   0: 3 0x000000008000feaa (0x97ba) x15 0x00000000800120dc
core   0: 0x000000008000feac (0xfe043703) ld      a4, -32(s0)
core   0: 3 0x000000008000feac (0xfe043703) x14 0x0000000080012057 mem 0x0000000080031f50
core   0: 0x000000008000feb0 (0xfcf76de3) bltu    a4, a5, pc - 38
core   0: 3 0x000000008000feb0 (0xfcf76de3)
core   0: 0x000000008000fe8a (0xfe043783) ld      a5, -32(s0)
core   0: 3 0x000000008000fe8a (0xfe043783) x15 0x0000000080012057 mem 0x0000000080031f50
core   0: 0x000000008000fe8e (0x00178713) addi    a4, a5, 1
core   0: 3 0x000000008000fe8e (0x00178713) x14 0x0000000080012058
core   0: 0x000000008000fe92 (0xfee43023) sd      a4, -32(s0)
core   0: 3 0x000000008000fe92 (0xfee43023) mem 0x0000000080031f50 0x0000000080012058
core   0: 0x000000008000fe96 (0xfc442703) lw      a4, -60(s0)
core   0: 3 0x000000008000fe96 (0xfc442703) x14 0x0000000000000000 mem 0x0000000080031f34
core   0: 0x000000008000fe9a (0x0ff77713) andi    a4, a4, 255
core   0: 3 0x000000008000fe9a (0x0ff77713) x14 0x0000000000000000
core   0: 0x000000008000fe9e (0x00e78023) sb      a4, 0(a5)
core   0: 3 0x000000008000fe9e (0x00e78023) mem 0x0000000080012057 0x00
core   0: 0x000000008000fea2 (0xfc843703) ld      a4, -56(s0)
core   0: 3 0x000000008000fea2 (0xfc843703) x14 0x0000000080012040 mem 0x0000000080031f38
core   0: 0x000000008000fea6 (0xfb843783) ld      a5, -72(s0)
core   0: 3 0x000000008000fea6 (0xfb843783) x15 0x000000000000009c mem 0x0000000080031f28
core   0: 0x000000008000feaa (0x000097ba) c.add   a5, a4
core   0: 3 0x000000008000feaa (0x97ba) x15 0x00000000800120dc
core   0: 0x000000008000feac (0xfe043703) ld      a4, -32(s0)
core   0: 3 0x000000008000feac (0xfe043703) x14 0x0000000080012058 mem 0x0000000080031f50
core   0: 0x000000008000feb0 (0xfcf76de3) bltu    a4, a5, pc - 38
core   0: 3 0x000000008000feb0 (0xfcf76de3)
core   0: 0x000000008000fe8a (0xfe043783) ld      a5, -32(s0)
core   0: 3 0x000000008000fe8a (0xfe043783) x15 0x0000000080012058 mem 0x0000000080031f50
core   0: 0x000000008000fe8e (0x00178713) addi    a4, a5, 1
core   0: 3 0x000000008000fe8e (0x00178713) x14 0x0000000080012059
core   0: 0x000000008000fe92 (0xfee43023) sd      a4, -32(s0)
core   0: 3 0x000000008000fe92 (0xfee43023) mem 0x0000000080031f50 0x0000000080012059
core   0: 0x000000008000fe96 (0xfc442703) lw      a4, -60(s0)
core   0: 3 0x000000008000fe96 (0xfc442703) x14 0x0000000000000000 mem 0x0000000080031f34
core   0: 0x000000008000fe9a (0x0ff77713) andi    a4, a4, 255
core   0: 3 0x000000008000fe9a (0x0ff77713) x14 0x0000000000000000
core   0: 0x000000008000fe9e (0x00e78023) sb      a4, 0(a5)
core   0: 3 0x000000008000fe9e (0x00e78023) mem 0x0000000080012058 0x00
core   0: 0x000000008000fea2 (0xfc843703) ld      a4, -56(s0)
core   0: 3 0x000000008000fea2 (0xfc843703) x14 0x0000000080012040 mem 0x0000000080031f38
core   0: 0x000000008000fea6 (0xfb843783) ld      a5, -72(s0)
core   0: 3 0x000000008000fea6 (0xfb843783) x15 0x000000000000009c mem 0x0000000080031f28
core   0: 0x000000008000feaa (0x000097ba) c.add   a5, a4
core   0: 3 0x000000008000feaa (0x97ba) x15 0x00000000800120dc
core   0: 0x000000008000feac (0xfe043703) ld      a4, -32(s0)
core   0: 3 0x000000008000feac (0xfe043703) x14 0x0000000080012059 mem 0x0000000080031f50
core   0: 0x000000008000feb0 (0xfcf76de3) bltu    a4, a5, pc - 38
core   0: 3 0x000000008000feb0 (0xfcf76de3)
core   0: 0x000000008000fe8a (0xfe043783) ld      a5, -32(s0)
core   0: 3 0x000000008000fe8a (0xfe043783) x15 0x0000000080012059 mem 0x0000000080031f50
core   0: 0x000000008000fe8e (0x00178713) addi    a4, a5, 1
core   0: 3 0x000000008000fe8e (0x00178713) x14 0x000000008001205a
core   0: 0x000000008000fe92 (0xfee43023) sd      a4, -32(s0)
core   0: 3 0x000000008000fe92 (0xfee43023) mem 0x0000000080031f50 0x000000008001205a
core   0: 0x000000008000fe96 (0xfc442703) lw      a4, -60(s0)
core   0: 3 0x000000008000fe96 (0xfc442703) x14 0x0000000000000000 mem 0x0000000080031f34
core   0: 0x000000008000fe9a (0x0ff77713) andi    a4, a4, 255
core   0: 3 0x000000008000fe9a (0x0ff77713) x14 0x0000000000000000
core   0: 0x000000008000fe9e (0x00e78023) sb      a4, 0(a5)
core   0: 3 0x000000008000fe9e (0x00e78023) mem 0x0000000080012059 0x00
core   0: 0x000000008000fea2 (0xfc843703) ld      a4, -56(s0)
core   0: 3 0x000000008000fea2 (0xfc843703) x14 0x0000000080012040 mem 0x0000000080031f38
core   0: 0x000000008000fea6 (0xfb843783) ld      a5, -72(s0)
core   0: 3 0x000000008000fea6 (0xfb843783) x15 0x000000000000009c mem 0x0000000080031f28
core   0: 0x000000008000feaa (0x000097ba) c.add   a5, a4
core   0: 3 0x000000008000feaa (0x97ba) x15 0x00000000800120dc
core   0: 0x000000008000feac (0xfe043703) ld      a4, -32(s0)
core   0: 3 0x000000008000feac (0xfe043703) x14 0x000000008001205a mem 0x0000000080031f50
core   0: 0x000000008000feb0 (0xfcf76de3) bltu    a4, a5, pc - 38
core   0: 3 0x000000008000feb0 (0xfcf76de3)
core   0: 0x000000008000fe8a (0xfe043783) ld      a5, -32(s0)
core   0: 3 0x000000008000fe8a (0xfe043783) x15 0x000000008001205a mem 0x0000000080031f50
core   0: 0x000000008000fe8e (0x00178713) addi    a4, a5, 1
core   0: 3 0x000000008000fe8e (0x00178713) x14 0x000000008001205b
core   0: 0x000000008000fe92 (0xfee43023) sd      a4, -32(s0)
core   0: 3 0x000000008000fe92 (0xfee43023) mem 0x0000000080031f50 0x000000008001205b
core   0: 0x000000008000fe96 (0xfc442703) lw      a4, -60(s0)
core   0: 3 0x000000008000fe96 (0xfc442703) x14 0x0000000000000000 mem 0x0000000080031f34
core   0: 0x000000008000fe9a (0x0ff77713) andi    a4, a4, 255
core   0: 3 0x000000008000fe9a (0x0ff77713) x14 0x0000000000000000
core   0: 0x000000008000fe9e (0x00e78023) sb      a4, 0(a5)
core   0: 3 0x000000008000fe9e (0x00e78023) mem 0x000000008001205a 0x00
core   0: 0x000000008000fea2 (0xfc843703) ld      a4, -56(s0)
core   0: 3 0x000000008000fea2 (0xfc843703) x14 0x0000000080012040 mem 0x0000000080031f38
core   0: 0x000000008000fea6 (0xfb843783) ld      a5, -72(s0)
core   0: 3 0x000000008000fea6 (0xfb843783) x15 0x000000000000009c mem 0x0000000080031f28
core   0: 0x000000008000feaa (0x000097ba) c.add   a5, a4
core   0: 3 0x000000008000feaa (0x97ba) x15 0x00000000800120dc
core   0: 0x000000008000feac (0xfe043703) ld      a4, -32(s0)
core   0: 3 0x000000008000feac (0xfe043703) x14 0x000000008001205b mem 0x0000000080031f50
core   0: 0x000000008000feb0 (0xfcf76de3) bltu    a4, a5, pc - 38
core   0: 3 0x000000008000feb0 (0xfcf76de3)
core   0: 0x000000008000fe8a (0xfe043783) ld      a5, -32(s0)
core   0: 3 0x000000008000fe8a (0xfe043783) x15 0x000000008001205b mem 0x0000000080031f50
core   0: 0x000000008000fe8e (0x00178713) addi    a4, a5, 1
core   0: 3 0x000000008000fe8e (0x00178713) x14 0x000000008001205c
core   0: 0x000000008000fe92 (0xfee43023) sd      a4, -32(s0)
core   0: 3 0x000000008000fe92 (0xfee43023) mem 0x0000000080031f50 0x000000008001205c
core   0: 0x000000008000fe96 (0xfc442703) lw      a4, -60(s0)
core   0: 3 0x000000008000fe96 (0xfc442703) x14 0x0000000000000000 mem 0x0000000080031f34
core   0: 0x000000008000fe9a (0x0ff77713) andi    a4, a4, 255
core   0: 3 0x000000008000fe9a (0x0ff77713) x14 0x0000000000000000
core   0: 0x000000008000fe9e (0x00e78023) sb      a4, 0(a5)
core   0: 3 0x000000008000fe9e (0x00e78023) mem 0x000000008001205b 0x00
core   0: 0x000000008000fea2 (0xfc843703) ld      a4, -56(s0)
core   0: 3 0x000000008000fea2 (0xfc843703) x14 0x0000000080012040 mem 0x0000000080031f38
core   0: 0x000000008000fea6 (0xfb843783) ld      a5, -72(s0)
core   0: 3 0x000000008000fea6 (0xfb843783) x15 0x000000000000009c mem 0x0000000080031f28
core   0: 0x000000008000feaa (0x000097ba) c.add   a5, a4
core   0: 3 0x000000008000feaa (0x97ba) x15 0x00000000800120dc
core   0: 0x000000008000feac (0xfe043703) ld      a4, -32(s0)
core   0: 3 0x000000008000feac (0xfe043703) x14 0x000000008001205c mem 0x0000000080031f50
core   0: 0x000000008000feb0 (0xfcf76de3) bltu    a4, a5, pc - 38
core   0: 3 0x000000008000feb0 (0xfcf76de3)
core   0: 0x000000008000fe8a (0xfe043783) ld      a5, -32(s0)
core   0: 3 0x000000008000fe8a (0xfe043783) x15 0x000000008001205c mem 0x0000000080031f50
core   0: 0x000000008000fe8e (0x00178713) addi    a4, a5, 1
core   0: 3 0x000000008000fe8e (0x00178713) x14 0x000000008001205d
core   0: 0x000000008000fe92 (0xfee43023) sd      a4, -32(s0)
core   0: 3 0x000000008000fe92 (0xfee43023) mem 0x0000000080031f50 0x000000008001205d
core   0: 0x000000008000fe96 (0xfc442703) lw      a4, -60(s0)
core   0: 3 0x000000008000fe96 (0xfc442703) x14 0x0000000000000000 mem 0x0000000080031f34
core   0: 0x000000008000fe9a (0x0ff77713) andi    a4, a4, 255
core   0: 3 0x000000008000fe9a (0x0ff77713) x14 0x0000000000000000
core   0: 0x000000008000fe9e (0x00e78023) sb      a4, 0(a5)
core   0: 3 0x000000008000fe9e (0x00e78023) mem 0x000000008001205c 0x00
core   0: 0x000000008000fea2 (0xfc843703) ld      a4, -56(s0)
core   0: 3 0x000000008000fea2 (0xfc843703) x14 0x0000000080012040 mem 0x0000000080031f38
core   0: 0x000000008000fea6 (0xfb843783) ld      a5, -72(s0)
core   0: 3 0x000000008000fea6 (0xfb843783) x15 0x000000000000009c mem 0x0000000080031f28
core   0: 0x000000008000feaa (0x000097ba) c.add   a5, a4
core   0: 3 0x000000008000feaa (0x97ba) x15 0x00000000800120dc
core   0: 0x000000008000feac (0xfe043703) ld      a4, -32(s0)
core   0: 3 0x000000008000feac (0xfe043703) x14 0x000000008001205d mem 0x0000000080031f50
core   0: 0x000000008000feb0 (0xfcf76de3) bltu    a4, a5, pc - 38
core   0: 3 0x000000008000feb0 (0xfcf76de3)
core   0: 0x000000008000fe8a (0xfe043783) ld      a5, -32(s0)
core   0: 3 0x000000008000fe8a (0xfe043783) x15 0x000000008001205d mem 0x0000000080031f50
core   0: 0x000000008000fe8e (0x00178713) addi    a4, a5, 1
core   0: 3 0x000000008000fe8e (0x00178713) x14 0x000000008001205e
core   0: 0x000000008000fe92 (0xfee43023) sd      a4, -32(s0)
core   0: 3 0x000000008000fe92 (0xfee43023) mem 0x0000000080031f50 0x000000008001205e
core   0: 0x000000008000fe96 (0xfc442703) lw      a4, -60(s0)
core   0: 3 0x000000008000fe96 (0xfc442703) x14 0x0000000000000000 mem 0x0000000080031f34
core   0: 0x000000008000fe9a (0x0ff77713) andi    a4, a4, 255
core   0: 3 0x000000008000fe9a (0x0ff77713) x14 0x0000000000000000
core   0: 0x000000008000fe9e (0x00e78023) sb      a4, 0(a5)
core   0: 3 0x000000008000fe9e (0x00e78023) mem 0x000000008001205d 0x00
core   0: 0x000000008000fea2 (0xfc843703) ld      a4, -56(s0)
core   0: 3 0x000000008000fea2 (0xfc843703) x14 0x0000000080012040 mem 0x0000000080031f38
core   0: 0x000000008000fea6 (0xfb843783) ld      a5, -72(s0)
core   0: 3 0x000000008000fea6 (0xfb843783) x15 0x000000000000009c mem 0x0000000080031f28
core   0: 0x000000008000feaa (0x000097ba) c.add   a5, a4
core   0: 3 0x000000008000feaa (0x97ba) x15 0x00000000800120dc
core   0: 0x000000008000feac (0xfe043703) ld      a4, -32(s0)
core   0: 3 0x000000008000feac (0xfe043703) x14 0x000000008001205e mem 0x0000000080031f50
core   0: 0x000000008000feb0 (0xfcf76de3) bltu    a4, a5, pc - 38
core   0: 3 0x000000008000feb0 (0xfcf76de3)
core   0: 0x000000008000fe8a (0xfe043783) ld      a5, -32(s0)
core   0: 3 0x000000008000fe8a (0xfe043783) x15 0x000000008001205e mem 0x0000000080031f50
core   0: 0x000000008000fe8e (0x00178713) addi    a4, a5, 1
core   0: 3 0x000000008000fe8e (0x00178713) x14 0x000000008001205f
core   0: 0x000000008000fe92 (0xfee43023) sd      a4, -32(s0)
core   0: 3 0x000000008000fe92 (0xfee43023) mem 0x0000000080031f50 0x000000008001205f
core   0: 0x000000008000fe96 (0xfc442703) lw      a4, -60(s0)
core   0: 3 0x000000008000fe96 (0xfc442703) x14 0x0000000000000000 mem 0x0000000080031f34
core   0: 0x000000008000fe9a (0x0ff77713) andi    a4, a4, 255
core   0: 3 0x000000008000fe9a (0x0ff77713) x14 0x0000000000000000
core   0: 0x000000008000fe9e (0x00e78023) sb      a4, 0(a5)
core   0: 3 0x000000008000fe9e (0x00e78023) mem 0x000000008001205e 0x00
core   0: 0x000000008000fea2 (0xfc843703) ld      a4, -56(s0)
core   0: 3 0x000000008000fea2 (0xfc843703) x14 0x0000000080012040 mem 0x0000000080031f38
core   0: 0x000000008000fea6 (0xfb843783) ld      a5, -72(s0)
core   0: 3 0x000000008000fea6 (0xfb843783) x15 0x000000000000009c mem 0x0000000080031f28
core   0: 0x000000008000feaa (0x000097ba) c.add   a5, a4
core   0: 3 0x000000008000feaa (0x97ba) x15 0x00000000800120dc
core   0: 0x000000008000feac (0xfe043703) ld      a4, -32(s0)
core   0: 3 0x000000008000feac (0xfe043703) x14 0x000000008001205f mem 0x0000000080031f50
core   0: 0x000000008000feb0 (0xfcf76de3) bltu    a4, a5, pc - 38
core   0: 3 0x000000008000feb0 (0xfcf76de3)
core   0: 0x000000008000fe8a (0xfe043783) ld      a5, -32(s0)
core   0: 3 0x000000008000fe8a (0xfe043783) x15 0x000000008001205f mem 0x0000000080031f50
core   0: 0x000000008000fe8e (0x00178713) addi    a4, a5, 1
core   0: 3 0x000000008000fe8e (0x00178713) x14 0x0000000080012060
core   0: 0x000000008000fe92 (0xfee43023) sd      a4, -32(s0)
core   0: 3 0x000000008000fe92 (0xfee43023) mem 0x0000000080031f50 0x0000000080012060
core   0: 0x000000008000fe96 (0xfc442703) lw      a4, -60(s0)
core   0: 3 0x000000008000fe96 (0xfc442703) x14 0x0000000000000000 mem 0x0000000080031f34
core   0: 0x000000008000fe9a (0x0ff77713) andi    a4, a4, 255
core   0: 3 0x000000008000fe9a (0x0ff77713) x14 0x0000000000000000
core   0: 0x000000008000fe9e (0x00e78023) sb      a4, 0(a5)
core   0: 3 0x000000008000fe9e (0x00e78023) mem 0x000000008001205f 0x00
core   0: 0x000000008000fea2 (0xfc843703) ld      a4, -56(s0)
core   0: 3 0x000000008000fea2 (0xfc843703) x14 0x0000000080012040 mem 0x0000000080031f38
core   0: 0x000000008000fea6 (0xfb843783) ld      a5, -72(s0)
core   0: 3 0x000000008000fea6 (0xfb843783) x15 0x000000000000009c mem 0x0000000080031f28
core   0: 0x000000008000feaa (0x000097ba) c.add   a5, a4
core   0: 3 0x000000008000feaa (0x97ba) x15 0x00000000800120dc
core   0: 0x000000008000feac (0xfe043703) ld      a4, -32(s0)
core   0: 3 0x000000008000feac (0xfe043703) x14 0x0000000080012060 mem 0x0000000080031f50
core   0: 0x000000008000feb0 (0xfcf76de3) bltu    a4, a5, pc - 38
core   0: 3 0x000000008000feb0 (0xfcf76de3)
core   0: 0x000000008000fe8a (0xfe043783) ld      a5, -32(s0)
core   0: 3 0x000000008000fe8a (0xfe043783) x15 0x0000000080012060 mem 0x0000000080031f50
core   0: 0x000000008000fe8e (0x00178713) addi    a4, a5, 1
core   0: 3 0x000000008000fe8e (0x00178713) x14 0x0000000080012061
core   0: 0x000000008000fe92 (0xfee43023) sd      a4, -32(s0)
core   0: 3 0x000000008000fe92 (0xfee43023) mem 0x0000000080031f50 0x0000000080012061
core   0: 0x000000008000fe96 (0xfc442703) lw      a4, -60(s0)
core   0: 3 0x000000008000fe96 (0xfc442703) x14 0x0000000000000000 mem 0x0000000080031f34
core   0: 0x000000008000fe9a (0x0ff77713) andi    a4, a4, 255
core   0: 3 0x000000008000fe9a (0x0ff77713) x14 0x0000000000000000
core   0: 0x000000008000fe9e (0x00e78023) sb      a4, 0(a5)
core   0: 3 0x000000008000fe9e (0x00e78023) mem 0x0000000080012060 0x00
core   0: 0x000000008000fea2 (0xfc843703) ld      a4, -56(s0)
core   0: 3 0x000000008000fea2 (0xfc843703) x14 0x0000000080012040 mem 0x0000000080031f38
core   0: 0x000000008000fea6 (0xfb843783) ld      a5, -72(s0)
core   0: 3 0x000000008000fea6 (0xfb843783) x15 0x000000000000009c mem 0x0000000080031f28
core   0: 0x000000008000feaa (0x000097ba) c.add   a5, a4
core   0: 3 0x000000008000feaa (0x97ba) x15 0x00000000800120dc
core   0: 0x000000008000feac (0xfe043703) ld      a4, -32(s0)
core   0: 3 0x000000008000feac (0xfe043703) x14 0x0000000080012061 mem 0x0000000080031f50
core   0: 0x000000008000feb0 (0xfcf76de3) bltu    a4, a5, pc - 38
core   0: 3 0x000000008000feb0 (0xfcf76de3)
core   0: 0x000000008000fe8a (0xfe043783) ld      a5, -32(s0)
core   0: 3 0x000000008000fe8a (0xfe043783) x15 0x0000000080012061 mem 0x0000000080031f50
core   0: 0x000000008000fe8e (0x00178713) addi    a4, a5, 1
core   0: 3 0x000000008000fe8e (0x00178713) x14 0x0000000080012062
core   0: 0x000000008000fe92 (0xfee43023) sd      a4, -32(s0)
core   0: 3 0x000000008000fe92 (0xfee43023) mem 0x0000000080031f50 0x0000000080012062
core   0: 0x000000008000fe96 (0xfc442703) lw      a4, -60(s0)
core   0: 3 0x000000008000fe96 (0xfc442703) x14 0x0000000000000000 mem 0x0000000080031f34
core   0: 0x000000008000fe9a (0x0ff77713) andi    a4, a4, 255
core   0: 3 0x000000008000fe9a (0x0ff77713) x14 0x0000000000000000
core   0: 0x000000008000fe9e (0x00e78023) sb      a4, 0(a5)
core   0: 3 0x000000008000fe9e (0x00e78023) mem 0x0000000080012061 0x00
core   0: 0x000000008000fea2 (0xfc843703) ld      a4, -56(s0)
core   0: 3 0x000000008000fea2 (0xfc843703) x14 0x0000000080012040 mem 0x0000000080031f38
core   0: 0x000000008000fea6 (0xfb843783) ld      a5, -72(s0)
core   0: 3 0x000000008000fea6 (0xfb843783) x15 0x000000000000009c mem 0x0000000080031f28
core   0: 0x000000008000feaa (0x000097ba) c.add   a5, a4
core   0: 3 0x000000008000feaa (0x97ba) x15 0x00000000800120dc
core   0: 0x000000008000feac (0xfe043703) ld      a4, -32(s0)
core   0: 3 0x000000008000feac (0xfe043703) x14 0x0000000080012062 mem 0x0000000080031f50
core   0: 0x000000008000feb0 (0xfcf76de3) bltu    a4, a5, pc - 38
core   0: 3 0x000000008000feb0 (0xfcf76de3)
core   0: 0x000000008000fe8a (0xfe043783) ld      a5, -32(s0)
core   0: 3 0x000000008000fe8a (0xfe043783) x15 0x0000000080012062 mem 0x0000000080031f50
core   0: 0x000000008000fe8e (0x00178713) addi    a4, a5, 1
core   0: 3 0x000000008000fe8e (0x00178713) x14 0x0000000080012063
core   0: 0x000000008000fe92 (0xfee43023) sd      a4, -32(s0)
core   0: 3 0x000000008000fe92 (0xfee43023) mem 0x0000000080031f50 0x0000000080012063
core   0: 0x000000008000fe96 (0xfc442703) lw      a4, -60(s0)
core   0: 3 0x000000008000fe96 (0xfc442703) x14 0x0000000000000000 mem 0x0000000080031f34
core   0: 0x000000008000fe9a (0x0ff77713) andi    a4, a4, 255
core   0: 3 0x000000008000fe9a (0x0ff77713) x14 0x0000000000000000
core   0: 0x000000008000fe9e (0x00e78023) sb      a4, 0(a5)
core   0: 3 0x000000008000fe9e (0x00e78023) mem 0x0000000080012062 0x00
core   0: 0x000000008000fea2 (0xfc843703) ld      a4, -56(s0)
core   0: 3 0x000000008000fea2 (0xfc843703) x14 0x0000000080012040 mem 0x0000000080031f38
core   0: 0x000000008000fea6 (0xfb843783) ld      a5, -72(s0)
core   0: 3 0x000000008000fea6 (0xfb843783) x15 0x000000000000009c mem 0x0000000080031f28
core   0: 0x000000008000feaa (0x000097ba) c.add   a5, a4
core   0: 3 0x000000008000feaa (0x97ba) x15 0x00000000800120dc
core   0: 0x000000008000feac (0xfe043703) ld      a4, -32(s0)
core   0: 3 0x000000008000feac (0xfe043703) x14 0x0000000080012063 mem 0x0000000080031f50
core   0: 0x000000008000feb0 (0xfcf76de3) bltu    a4, a5, pc - 38
core   0: 3 0x000000008000feb0 (0xfcf76de3)
core   0: 0x000000008000fe8a (0xfe043783) ld      a5, -32(s0)
core   0: 3 0x000000008000fe8a (0xfe043783) x15 0x0000000080012063 mem 0x0000000080031f50
core   0: 0x000000008000fe8e (0x00178713) addi    a4, a5, 1
core   0: 3 0x000000008000fe8e (0x00178713) x14 0x0000000080012064
core   0: 0x000000008000fe92 (0xfee43023) sd      a4, -32(s0)
core   0: 3 0x000000008000fe92 (0xfee43023) mem 0x0000000080031f50 0x0000000080012064
core   0: 0x000000008000fe96 (0xfc442703) lw      a4, -60(s0)
core   0: 3 0x000000008000fe96 (0xfc442703) x14 0x0000000000000000 mem 0x0000000080031f34
core   0: 0x000000008000fe9a (0x0ff77713) andi    a4, a4, 255
core   0: 3 0x000000008000fe9a (0x0ff77713) x14 0x0000000000000000
core   0: 0x000000008000fe9e (0x00e78023) sb      a4, 0(a5)
core   0: 3 0x000000008000fe9e (0x00e78023) mem 0x0000000080012063 0x00
core   0: 0x000000008000fea2 (0xfc843703) ld      a4, -56(s0)
core   0: 3 0x000000008000fea2 (0xfc843703) x14 0x0000000080012040 mem 0x0000000080031f38
core   0: 0x000000008000fea6 (0xfb843783) ld      a5, -72(s0)
core   0: 3 0x000000008000fea6 (0xfb843783) x15 0x000000000000009c mem 0x0000000080031f28
core   0: 0x000000008000feaa (0x000097ba) c.add   a5, a4
core   0: 3 0x000000008000feaa (0x97ba) x15 0x00000000800120dc
core   0: 0x000000008000feac (0xfe043703) ld      a4, -32(s0)
core   0: 3 0x000000008000feac (0xfe043703) x14 0x0000000080012064 mem 0x0000000080031f50
core   0: 0x000000008000feb0 (0xfcf76de3) bltu    a4, a5, pc - 38
core   0: 3 0x000000008000feb0 (0xfcf76de3)
core   0: 0x000000008000fe8a (0xfe043783) ld      a5, -32(s0)
core   0: 3 0x000000008000fe8a (0xfe043783) x15 0x0000000080012064 mem 0x0000000080031f50
core   0: 0x000000008000fe8e (0x00178713) addi    a4, a5, 1
core   0: 3 0x000000008000fe8e (0x00178713) x14 0x0000000080012065
core   0: 0x000000008000fe92 (0xfee43023) sd      a4, -32(s0)
core   0: 3 0x000000008000fe92 (0xfee43023) mem 0x0000000080031f50 0x0000000080012065
core   0: 0x000000008000fe96 (0xfc442703) lw      a4, -60(s0)
core   0: 3 0x000000008000fe96 (0xfc442703) x14 0x0000000000000000 mem 0x0000000080031f34
core   0: 0x000000008000fe9a (0x0ff77713) andi    a4, a4, 255
core   0: 3 0x000000008000fe9a (0x0ff77713) x14 0x0000000000000000
core   0: 0x000000008000fe9e (0x00e78023) sb      a4, 0(a5)
core   0: 3 0x000000008000fe9e (0x00e78023) mem 0x0000000080012064 0x00
core   0: 0x000000008000fea2 (0xfc843703) ld      a4, -56(s0)
core   0: 3 0x000000008000fea2 (0xfc843703) x14 0x0000000080012040 mem 0x0000000080031f38
core   0: 0x000000008000fea6 (0xfb843783) ld      a5, -72(s0)
core   0: 3 0x000000008000fea6 (0xfb843783) x15 0x000000000000009c mem 0x0000000080031f28
core   0: 0x000000008000feaa (0x000097ba) c.add   a5, a4
core   0: 3 0x000000008000feaa (0x97ba) x15 0x00000000800120dc
core   0: 0x000000008000feac (0xfe043703) ld      a4, -32(s0)
core   0: 3 0x000000008000feac (0xfe043703) x14 0x0000000080012065 mem 0x0000000080031f50
core   0: 0x000000008000feb0 (0xfcf76de3) bltu    a4, a5, pc - 38
core   0: 3 0x000000008000feb0 (0xfcf76de3)
core   0: 0x000000008000fe8a (0xfe043783) ld      a5, -32(s0)
core   0: 3 0x000000008000fe8a (0xfe043783) x15 0x0000000080012065 mem 0x0000000080031f50
core   0: 0x000000008000fe8e (0x00178713) addi    a4, a5, 1
core   0: 3 0x000000008000fe8e (0x00178713) x14 0x0000000080012066
core   0: 0x000000008000fe92 (0xfee43023) sd      a4, -32(s0)
core   0: 3 0x000000008000fe92 (0xfee43023) mem 0x0000000080031f50 0x0000000080012066
core   0: 0x000000008000fe96 (0xfc442703) lw      a4, -60(s0)
core   0: 3 0x000000008000fe96 (0xfc442703) x14 0x0000000000000000 mem 0x0000000080031f34
core   0: 0x000000008000fe9a (0x0ff77713) andi    a4, a4, 255
core   0: 3 0x000000008000fe9a (0x0ff77713) x14 0x0000000000000000
core   0: 0x000000008000fe9e (0x00e78023) sb      a4, 0(a5)
core   0: 3 0x000000008000fe9e (0x00e78023) mem 0x0000000080012065 0x00
core   0: 0x000000008000fea2 (0xfc843703) ld      a4, -56(s0)
core   0: 3 0x000000008000fea2 (0xfc843703) x14 0x0000000080012040 mem 0x0000000080031f38
core   0: 0x000000008000fea6 (0xfb843783) ld      a5, -72(s0)
core   0: 3 0x000000008000fea6 (0xfb843783) x15 0x000000000000009c mem 0x0000000080031f28
core   0: 0x000000008000feaa (0x000097ba) c.add   a5, a4
core   0: 3 0x000000008000feaa (0x97ba) x15 0x00000000800120dc
core   0: 0x000000008000feac (0xfe043703) ld      a4, -32(s0)
core   0: 3 0x000000008000feac (0xfe043703) x14 0x0000000080012066 mem 0x0000000080031f50
core   0: 0x000000008000feb0 (0xfcf76de3) bltu    a4, a5, pc - 38
core   0: 3 0x000000008000feb0 (0xfcf76de3)
core   0: 0x000000008000fe8a (0xfe043783) ld      a5, -32(s0)
core   0: 3 0x000000008000fe8a (0xfe043783) x15 0x0000000080012066 mem 0x0000000080031f50
core   0: 0x000000008000fe8e (0x00178713) addi    a4, a5, 1
core   0: 3 0x000000008000fe8e (0x00178713) x14 0x0000000080012067
core   0: 0x000000008000fe92 (0xfee43023) sd      a4, -32(s0)
core   0: 3 0x000000008000fe92 (0xfee43023) mem 0x0000000080031f50 0x0000000080012067
core   0: 0x000000008000fe96 (0xfc442703) lw      a4, -60(s0)
core   0: 3 0x000000008000fe96 (0xfc442703) x14 0x0000000000000000 mem 0x0000000080031f34
core   0: 0x000000008000fe9a (0x0ff77713) andi    a4, a4, 255
core   0: 3 0x000000008000fe9a (0x0ff77713) x14 0x0000000000000000
core   0: 0x000000008000fe9e (0x00e78023) sb      a4, 0(a5)
core   0: 3 0x000000008000fe9e (0x00e78023) mem 0x0000000080012066 0x00
core   0: 0x000000008000fea2 (0xfc843703) ld      a4, -56(s0)
core   0: 3 0x000000008000fea2 (0xfc843703) x14 0x0000000080012040 mem 0x0000000080031f38
core   0: 0x000000008000fea6 (0xfb843783) ld      a5, -72(s0)
core   0: 3 0x000000008000fea6 (0xfb843783) x15 0x000000000000009c mem 0x0000000080031f28
core   0: 0x000000008000feaa (0x000097ba) c.add   a5, a4
core   0: 3 0x000000008000feaa (0x97ba) x15 0x00000000800120dc
core   0: 0x000000008000feac (0xfe043703) ld      a4, -32(s0)
core   0: 3 0x000000008000feac (0xfe043703) x14 0x0000000080012067 mem 0x0000000080031f50
core   0: 0x000000008000feb0 (0xfcf76de3) bltu    a4, a5, pc - 38
core   0: 3 0x000000008000feb0 (0xfcf76de3)
core   0: 0x000000008000fe8a (0xfe043783) ld      a5, -32(s0)
core   0: 3 0x000000008000fe8a (0xfe043783) x15 0x0000000080012067 mem 0x0000000080031f50
core   0: 0x000000008000fe8e (0x00178713) addi    a4, a5, 1
core   0: 3 0x000000008000fe8e (0x00178713) x14 0x0000000080012068
core   0: 0x000000008000fe92 (0xfee43023) sd      a4, -32(s0)
core   0: 3 0x000000008000fe92 (0xfee43023) mem 0x0000000080031f50 0x0000000080012068
core   0: 0x000000008000fe96 (0xfc442703) lw      a4, -60(s0)
core   0: 3 0x000000008000fe96 (0xfc442703) x14 0x0000000000000000 mem 0x0000000080031f34
core   0: 0x000000008000fe9a (0x0ff77713) andi    a4, a4, 255
core   0: 3 0x000000008000fe9a (0x0ff77713) x14 0x0000000000000000
core   0: 0x000000008000fe9e (0x00e78023) sb      a4, 0(a5)
core   0: 3 0x000000008000fe9e (0x00e78023) mem 0x0000000080012067 0x00
core   0: 0x000000008000fea2 (0xfc843703) ld      a4, -56(s0)
core   0: 3 0x000000008000fea2 (0xfc843703) x14 0x0000000080012040 mem 0x0000000080031f38
core   0: 0x000000008000fea6 (0xfb843783) ld      a5, -72(s0)
core   0: 3 0x000000008000fea6 (0xfb843783) x15 0x000000000000009c mem 0x0000000080031f28
core   0: 0x000000008000feaa (0x000097ba) c.add   a5, a4
core   0: 3 0x000000008000feaa (0x97ba) x15 0x00000000800120dc
core   0: 0x000000008000feac (0xfe043703) ld      a4, -32(s0)
core   0: 3 0x000000008000feac (0xfe043703) x14 0x0000000080012068 mem 0x0000000080031f50
core   0: 0x000000008000feb0 (0xfcf76de3) bltu    a4, a5, pc - 38
core   0: 3 0x000000008000feb0 (0xfcf76de3)
core   0: 0x000000008000fe8a (0xfe043783) ld      a5, -32(s0)
core   0: 3 0x000000008000fe8a (0xfe043783) x15 0x0000000080012068 mem 0x0000000080031f50
core   0: 0x000000008000fe8e (0x00178713) addi    a4, a5, 1
core   0: 3 0x000000008000fe8e (0x00178713) x14 0x0000000080012069
core   0: 0x000000008000fe92 (0xfee43023) sd      a4, -32(s0)
core   0: 3 0x000000008000fe92 (0xfee43023) mem 0x0000000080031f50 0x0000000080012069
core   0: 0x000000008000fe96 (0xfc442703) lw      a4, -60(s0)
core   0: 3 0x000000008000fe96 (0xfc442703) x14 0x0000000000000000 mem 0x0000000080031f34
core   0: 0x000000008000fe9a (0x0ff77713) andi    a4, a4, 255
core   0: 3 0x000000008000fe9a (0x0ff77713) x14 0x0000000000000000
core   0: 0x000000008000fe9e (0x00e78023) sb      a4, 0(a5)
core   0: 3 0x000000008000fe9e (0x00e78023) mem 0x0000000080012068 0x00
core   0: 0x000000008000fea2 (0xfc843703) ld      a4, -56(s0)
core   0: 3 0x000000008000fea2 (0xfc843703) x14 0x0000000080012040 mem 0x0000000080031f38
core   0: 0x000000008000fea6 (0xfb843783) ld      a5, -72(s0)
core   0: 3 0x000000008000fea6 (0xfb843783) x15 0x000000000000009c mem 0x0000000080031f28
core   0: 0x000000008000feaa (0x000097ba) c.add   a5, a4
core   0: 3 0x000000008000feaa (0x97ba) x15 0x00000000800120dc
core   0: 0x000000008000feac (0xfe043703) ld      a4, -32(s0)
core   0: 3 0x000000008000feac (0xfe043703) x14 0x0000000080012069 mem 0x0000000080031f50
core   0: 0x000000008000feb0 (0xfcf76de3) bltu    a4, a5, pc - 38
core   0: 3 0x000000008000feb0 (0xfcf76de3)
core   0: 0x000000008000fe8a (0xfe043783) ld      a5, -32(s0)
core   0: 3 0x000000008000fe8a (0xfe043783) x15 0x0000000080012069 mem 0x0000000080031f50
core   0: 0x000000008000fe8e (0x00178713) addi    a4, a5, 1
core   0: 3 0x000000008000fe8e (0x00178713) x14 0x000000008001206a
core   0: 0x000000008000fe92 (0xfee43023) sd      a4, -32(s0)
core   0: 3 0x000000008000fe92 (0xfee43023) mem 0x0000000080031f50 0x000000008001206a
core   0: 0x000000008000fe96 (0xfc442703) lw      a4, -60(s0)
core   0: 3 0x000000008000fe96 (0xfc442703) x14 0x0000000000000000 mem 0x0000000080031f34
core   0: 0x000000008000fe9a (0x0ff77713) andi    a4, a4, 255
core   0: 3 0x000000008000fe9a (0x0ff77713) x14 0x0000000000000000
core   0: 0x000000008000fe9e (0x00e78023) sb      a4, 0(a5)
core   0: 3 0x000000008000fe9e (0x00e78023) mem 0x0000000080012069 0x00
core   0: 0x000000008000fea2 (0xfc843703) ld      a4, -56(s0)
core   0: 3 0x000000008000fea2 (0xfc843703) x14 0x0000000080012040 mem 0x0000000080031f38
core   0: 0x000000008000fea6 (0xfb843783) ld      a5, -72(s0)
core   0: 3 0x000000008000fea6 (0xfb843783) x15 0x000000000000009c mem 0x0000000080031f28
core   0: 0x000000008000feaa (0x000097ba) c.add   a5, a4
core   0: 3 0x000000008000feaa (0x97ba) x15 0x00000000800120dc
core   0: 0x000000008000feac (0xfe043703) ld      a4, -32(s0)
core   0: 3 0x000000008000feac (0xfe043703) x14 0x000000008001206a mem 0x0000000080031f50
core   0: 0x000000008000feb0 (0xfcf76de3) bltu    a4, a5, pc - 38
core   0: 3 0x000000008000feb0 (0xfcf76de3)
core   0: 0x000000008000fe8a (0xfe043783) ld      a5, -32(s0)
core   0: 3 0x000000008000fe8a (0xfe043783) x15 0x000000008001206a mem 0x0000000080031f50
core   0: 0x000000008000fe8e (0x00178713) addi    a4, a5, 1
core   0: 3 0x000000008000fe8e (0x00178713) x14 0x000000008001206b
core   0: 0x000000008000fe92 (0xfee43023) sd      a4, -32(s0)
core   0: 3 0x000000008000fe92 (0xfee43023) mem 0x0000000080031f50 0x000000008001206b
core   0: 0x000000008000fe96 (0xfc442703) lw      a4, -60(s0)
core   0: 3 0x000000008000fe96 (0xfc442703) x14 0x0000000000000000 mem 0x0000000080031f34
core   0: 0x000000008000fe9a (0x0ff77713) andi    a4, a4, 255
core   0: 3 0x000000008000fe9a (0x0ff77713) x14 0x0000000000000000
core   0: 0x000000008000fe9e (0x00e78023) sb      a4, 0(a5)
core   0: 3 0x000000008000fe9e (0x00e78023) mem 0x000000008001206a 0x00
core   0: 0x000000008000fea2 (0xfc843703) ld      a4, -56(s0)
core   0: 3 0x000000008000fea2 (0xfc843703) x14 0x0000000080012040 mem 0x0000000080031f38
core   0: 0x000000008000fea6 (0xfb843783) ld      a5, -72(s0)
core   0: 3 0x000000008000fea6 (0xfb843783) x15 0x000000000000009c mem 0x0000000080031f28
core   0: 0x000000008000feaa (0x000097ba) c.add   a5, a4
core   0: 3 0x000000008000feaa (0x97ba) x15 0x00000000800120dc
core   0: 0x000000008000feac (0xfe043703) ld      a4, -32(s0)
core   0: 3 0x000000008000feac (0xfe043703) x14 0x000000008001206b mem 0x0000000080031f50
core   0: 0x000000008000feb0 (0xfcf76de3) bltu    a4, a5, pc - 38
core   0: 3 0x000000008000feb0 (0xfcf76de3)
core   0: 0x000000008000fe8a (0xfe043783) ld      a5, -32(s0)
core   0: 3 0x000000008000fe8a (0xfe043783) x15 0x000000008001206b mem 0x0000000080031f50
core   0: 0x000000008000fe8e (0x00178713) addi    a4, a5, 1
core   0: 3 0x000000008000fe8e (0x00178713) x14 0x000000008001206c
core   0: 0x000000008000fe92 (0xfee43023) sd      a4, -32(s0)
core   0: 3 0x000000008000fe92 (0xfee43023) mem 0x0000000080031f50 0x000000008001206c
core   0: 0x000000008000fe96 (0xfc442703) lw      a4, -60(s0)
core   0: 3 0x000000008000fe96 (0xfc442703) x14 0x0000000000000000 mem 0x0000000080031f34
core   0: 0x000000008000fe9a (0x0ff77713) andi    a4, a4, 255
core   0: 3 0x000000008000fe9a (0x0ff77713) x14 0x0000000000000000
core   0: 0x000000008000fe9e (0x00e78023) sb      a4, 0(a5)
core   0: 3 0x000000008000fe9e (0x00e78023) mem 0x000000008001206b 0x00
core   0: 0x000000008000fea2 (0xfc843703) ld      a4, -56(s0)
core   0: 3 0x000000008000fea2 (0xfc843703) x14 0x0000000080012040 mem 0x0000000080031f38
core   0: 0x000000008000fea6 (0xfb843783) ld      a5, -72(s0)
core   0: 3 0x000000008000fea6 (0xfb843783) x15 0x000000000000009c mem 0x0000000080031f28
core   0: 0x000000008000feaa (0x000097ba) c.add   a5, a4
core   0: 3 0x000000008000feaa (0x97ba) x15 0x00000000800120dc
core   0: 0x000000008000feac (0xfe043703) ld      a4, -32(s0)
core   0: 3 0x000000008000feac (0xfe043703) x14 0x000000008001206c mem 0x0000000080031f50
core   0: 0x000000008000feb0 (0xfcf76de3) bltu    a4, a5, pc - 38
core   0: 3 0x000000008000feb0 (0xfcf76de3)
core   0: 0x000000008000fe8a (0xfe043783) ld      a5, -32(s0)
core   0: 3 0x000000008000fe8a (0xfe043783) x15 0x000000008001206c mem 0x0000000080031f50
core   0: 0x000000008000fe8e (0x00178713) addi    a4, a5, 1
core   0: 3 0x000000008000fe8e (0x00178713) x14 0x000000008001206d
core   0: 0x000000008000fe92 (0xfee43023) sd      a4, -32(s0)
core   0: 3 0x000000008000fe92 (0xfee43023) mem 0x0000000080031f50 0x000000008001206d
core   0: 0x000000008000fe96 (0xfc442703) lw      a4, -60(s0)
core   0: 3 0x000000008000fe96 (0xfc442703) x14 0x0000000000000000 mem 0x0000000080031f34
core   0: 0x000000008000fe9a (0x0ff77713) andi    a4, a4, 255
core   0: 3 0x000000008000fe9a (0x0ff77713) x14 0x0000000000000000
core   0: 0x000000008000fe9e (0x00e78023) sb      a4, 0(a5)
core   0: 3 0x000000008000fe9e (0x00e78023) mem 0x000000008001206c 0x00
core   0: 0x000000008000fea2 (0xfc843703) ld      a4, -56(s0)
core   0: 3 0x000000008000fea2 (0xfc843703) x14 0x0000000080012040 mem 0x0000000080031f38
core   0: 0x000000008000fea6 (0xfb843783) ld      a5, -72(s0)
core   0: 3 0x000000008000fea6 (0xfb843783) x15 0x000000000000009c mem 0x0000000080031f28
core   0: 0x000000008000feaa (0x000097ba) c.add   a5, a4
core   0: 3 0x000000008000feaa (0x97ba) x15 0x00000000800120dc
core   0: 0x000000008000feac (0xfe043703) ld      a4, -32(s0)
core   0: 3 0x000000008000feac (0xfe043703) x14 0x000000008001206d mem 0x0000000080031f50
core   0: 0x000000008000feb0 (0xfcf76de3) bltu    a4, a5, pc - 38
core   0: 3 0x000000008000feb0 (0xfcf76de3)
core   0: 0x000000008000fe8a (0xfe043783) ld      a5, -32(s0)
core   0: 3 0x000000008000fe8a (0xfe043783) x15 0x000000008001206d mem 0x0000000080031f50
core   0: 0x000000008000fe8e (0x00178713) addi    a4, a5, 1
core   0: 3 0x000000008000fe8e (0x00178713) x14 0x000000008001206e
core   0: 0x000000008000fe92 (0xfee43023) sd      a4, -32(s0)
core   0: 3 0x000000008000fe92 (0xfee43023) mem 0x0000000080031f50 0x000000008001206e
core   0: 0x000000008000fe96 (0xfc442703) lw      a4, -60(s0)
core   0: 3 0x000000008000fe96 (0xfc442703) x14 0x0000000000000000 mem 0x0000000080031f34
core   0: 0x000000008000fe9a (0x0ff77713) andi    a4, a4, 255
core   0: 3 0x000000008000fe9a (0x0ff77713) x14 0x0000000000000000
core   0: 0x000000008000fe9e (0x00e78023) sb      a4, 0(a5)
core   0: 3 0x000000008000fe9e (0x00e78023) mem 0x000000008001206d 0x00
core   0: 0x000000008000fea2 (0xfc843703) ld      a4, -56(s0)
core   0: 3 0x000000008000fea2 (0xfc843703) x14 0x0000000080012040 mem 0x0000000080031f38
core   0: 0x000000008000fea6 (0xfb843783) ld      a5, -72(s0)
core   0: 3 0x000000008000fea6 (0xfb843783) x15 0x000000000000009c mem 0x0000000080031f28
core   0: 0x000000008000feaa (0x000097ba) c.add   a5, a4
core   0: 3 0x000000008000feaa (0x97ba) x15 0x00000000800120dc
core   0: 0x000000008000feac (0xfe043703) ld      a4, -32(s0)
core   0: 3 0x000000008000feac (0xfe043703) x14 0x000000008001206e mem 0x0000000080031f50
core   0: 0x000000008000feb0 (0xfcf76de3) bltu    a4, a5, pc - 38
core   0: 3 0x000000008000feb0 (0xfcf76de3)
core   0: 0x000000008000fe8a (0xfe043783) ld      a5, -32(s0)
core   0: 3 0x000000008000fe8a (0xfe043783) x15 0x000000008001206e mem 0x0000000080031f50
core   0: 0x000000008000fe8e (0x00178713) addi    a4, a5, 1
core   0: 3 0x000000008000fe8e (0x00178713) x14 0x000000008001206f
core   0: 0x000000008000fe92 (0xfee43023) sd      a4, -32(s0)
core   0: 3 0x000000008000fe92 (0xfee43023) mem 0x0000000080031f50 0x000000008001206f
core   0: 0x000000008000fe96 (0xfc442703) lw      a4, -60(s0)
core   0: 3 0x000000008000fe96 (0xfc442703) x14 0x0000000000000000 mem 0x0000000080031f34
core   0: 0x000000008000fe9a (0x0ff77713) andi    a4, a4, 255
core   0: 3 0x000000008000fe9a (0x0ff77713) x14 0x0000000000000000
core   0: 0x000000008000fe9e (0x00e78023) sb      a4, 0(a5)
core   0: 3 0x000000008000fe9e (0x00e78023) mem 0x000000008001206e 0x00
core   0: 0x000000008000fea2 (0xfc843703) ld      a4, -56(s0)
core   0: 3 0x000000008000fea2 (0xfc843703) x14 0x0000000080012040 mem 0x0000000080031f38
core   0: 0x000000008000fea6 (0xfb843783) ld      a5, -72(s0)
core   0: 3 0x000000008000fea6 (0xfb843783) x15 0x000000000000009c mem 0x0000000080031f28
core   0: 0x000000008000feaa (0x000097ba) c.add   a5, a4
core   0: 3 0x000000008000feaa (0x97ba) x15 0x00000000800120dc
core   0: 0x000000008000feac (0xfe043703) ld      a4, -32(s0)
core   0: 3 0x000000008000feac (0xfe043703) x14 0x000000008001206f mem 0x0000000080031f50
core   0: 0x000000008000feb0 (0xfcf76de3) bltu    a4, a5, pc - 38
core   0: 3 0x000000008000feb0 (0xfcf76de3)
core   0: 0x000000008000fe8a (0xfe043783) ld      a5, -32(s0)
core   0: 3 0x000000008000fe8a (0xfe043783) x15 0x000000008001206f mem 0x0000000080031f50
core   0: 0x000000008000fe8e (0x00178713) addi    a4, a5, 1
core   0: 3 0x000000008000fe8e (0x00178713) x14 0x0000000080012070
core   0: 0x000000008000fe92 (0xfee43023) sd      a4, -32(s0)
core   0: 3 0x000000008000fe92 (0xfee43023) mem 0x0000000080031f50 0x0000000080012070
core   0: 0x000000008000fe96 (0xfc442703) lw      a4, -60(s0)
core   0: 3 0x000000008000fe96 (0xfc442703) x14 0x0000000000000000 mem 0x0000000080031f34
core   0: 0x000000008000fe9a (0x0ff77713) andi    a4, a4, 255
core   0: 3 0x000000008000fe9a (0x0ff77713) x14 0x0000000000000000
core   0: 0x000000008000fe9e (0x00e78023) sb      a4, 0(a5)
core   0: 3 0x000000008000fe9e (0x00e78023) mem 0x000000008001206f 0x00
core   0: 0x000000008000fea2 (0xfc843703) ld      a4, -56(s0)
core   0: 3 0x000000008000fea2 (0xfc843703) x14 0x0000000080012040 mem 0x0000000080031f38
core   0: 0x000000008000fea6 (0xfb843783) ld      a5, -72(s0)
core   0: 3 0x000000008000fea6 (0xfb843783) x15 0x000000000000009c mem 0x0000000080031f28
core   0: 0x000000008000feaa (0x000097ba) c.add   a5, a4
core   0: 3 0x000000008000feaa (0x97ba) x15 0x00000000800120dc
core   0: 0x000000008000feac (0xfe043703) ld      a4, -32(s0)
core   0: 3 0x000000008000feac (0xfe043703) x14 0x0000000080012070 mem 0x0000000080031f50
core   0: 0x000000008000feb0 (0xfcf76de3) bltu    a4, a5, pc - 38
core   0: 3 0x000000008000feb0 (0xfcf76de3)
core   0: 0x000000008000fe8a (0xfe043783) ld      a5, -32(s0)
core   0: 3 0x000000008000fe8a (0xfe043783) x15 0x0000000080012070 mem 0x0000000080031f50
core   0: 0x000000008000fe8e (0x00178713) addi    a4, a5, 1
core   0: 3 0x000000008000fe8e (0x00178713) x14 0x0000000080012071
core   0: 0x000000008000fe92 (0xfee43023) sd      a4, -32(s0)
core   0: 3 0x000000008000fe92 (0xfee43023) mem 0x0000000080031f50 0x0000000080012071
core   0: 0x000000008000fe96 (0xfc442703) lw      a4, -60(s0)
core   0: 3 0x000000008000fe96 (0xfc442703) x14 0x0000000000000000 mem 0x0000000080031f34
core   0: 0x000000008000fe9a (0x0ff77713) andi    a4, a4, 255
core   0: 3 0x000000008000fe9a (0x0ff77713) x14 0x0000000000000000
core   0: 0x000000008000fe9e (0x00e78023) sb      a4, 0(a5)
core   0: 3 0x000000008000fe9e (0x00e78023) mem 0x0000000080012070 0x00
core   0: 0x000000008000fea2 (0xfc843703) ld      a4, -56(s0)
core   0: 3 0x000000008000fea2 (0xfc843703) x14 0x0000000080012040 mem 0x0000000080031f38
core   0: 0x000000008000fea6 (0xfb843783) ld      a5, -72(s0)
core   0: 3 0x000000008000fea6 (0xfb843783) x15 0x000000000000009c mem 0x0000000080031f28
core   0: 0x000000008000feaa (0x000097ba) c.add   a5, a4
core   0: 3 0x000000008000feaa (0x97ba) x15 0x00000000800120dc
core   0: 0x000000008000feac (0xfe043703) ld      a4, -32(s0)
core   0: 3 0x000000008000feac (0xfe043703) x14 0x0000000080012071 mem 0x0000000080031f50
core   0: 0x000000008000feb0 (0xfcf76de3) bltu    a4, a5, pc - 38
core   0: 3 0x000000008000feb0 (0xfcf76de3)
core   0: 0x000000008000fe8a (0xfe043783) ld      a5, -32(s0)
core   0: 3 0x000000008000fe8a (0xfe043783) x15 0x0000000080012071 mem 0x0000000080031f50
core   0: 0x000000008000fe8e (0x00178713) addi    a4, a5, 1
core   0: 3 0x000000008000fe8e (0x00178713) x14 0x0000000080012072
core   0: 0x000000008000fe92 (0xfee43023) sd      a4, -32(s0)
core   0: 3 0x000000008000fe92 (0xfee43023) mem 0x0000000080031f50 0x0000000080012072
core   0: 0x000000008000fe96 (0xfc442703) lw      a4, -60(s0)
core   0: 3 0x000000008000fe96 (0xfc442703) x14 0x0000000000000000 mem 0x0000000080031f34
core   0: 0x000000008000fe9a (0x0ff77713) andi    a4, a4, 255
core   0: 3 0x000000008000fe9a (0x0ff77713) x14 0x0000000000000000
core   0: 0x000000008000fe9e (0x00e78023) sb      a4, 0(a5)
core   0: 3 0x000000008000fe9e (0x00e78023) mem 0x0000000080012071 0x00
core   0: 0x000000008000fea2 (0xfc843703) ld      a4, -56(s0)
core   0: 3 0x000000008000fea2 (0xfc843703) x14 0x0000000080012040 mem 0x0000000080031f38
core   0: 0x000000008000fea6 (0xfb843783) ld      a5, -72(s0)
core   0: 3 0x000000008000fea6 (0xfb843783) x15 0x000000000000009c mem 0x0000000080031f28
core   0: 0x000000008000feaa (0x000097ba) c.add   a5, a4
core   0: 3 0x000000008000feaa (0x97ba) x15 0x00000000800120dc
core   0: 0x000000008000feac (0xfe043703) ld      a4, -32(s0)
core   0: 3 0x000000008000feac (0xfe043703) x14 0x0000000080012072 mem 0x0000000080031f50
core   0: 0x000000008000feb0 (0xfcf76de3) bltu    a4, a5, pc - 38
core   0: 3 0x000000008000feb0 (0xfcf76de3)
core   0: 0x000000008000fe8a (0xfe043783) ld      a5, -32(s0)
core   0: 3 0x000000008000fe8a (0xfe043783) x15 0x0000000080012072 mem 0x0000000080031f50
core   0: 0x000000008000fe8e (0x00178713) addi    a4, a5, 1
core   0: 3 0x000000008000fe8e (0x00178713) x14 0x0000000080012073
core   0: 0x000000008000fe92 (0xfee43023) sd      a4, -32(s0)
core   0: 3 0x000000008000fe92 (0xfee43023) mem 0x0000000080031f50 0x0000000080012073
core   0: 0x000000008000fe96 (0xfc442703) lw      a4, -60(s0)
core   0: 3 0x000000008000fe96 (0xfc442703) x14 0x0000000000000000 mem 0x0000000080031f34
core   0: 0x000000008000fe9a (0x0ff77713) andi    a4, a4, 255
core   0: 3 0x000000008000fe9a (0x0ff77713) x14 0x0000000000000000
core   0: 0x000000008000fe9e (0x00e78023) sb      a4, 0(a5)
core   0: 3 0x000000008000fe9e (0x00e78023) mem 0x0000000080012072 0x00
core   0: 0x000000008000fea2 (0xfc843703) ld      a4, -56(s0)
core   0: 3 0x000000008000fea2 (0xfc843703) x14 0x0000000080012040 mem 0x0000000080031f38
core   0: 0x000000008000fea6 (0xfb843783) ld      a5, -72(s0)
core   0: 3 0x000000008000fea6 (0xfb843783) x15 0x000000000000009c mem 0x0000000080031f28
core   0: 0x000000008000feaa (0x000097ba) c.add   a5, a4
core   0: 3 0x000000008000feaa (0x97ba) x15 0x00000000800120dc
core   0: 0x000000008000feac (0xfe043703) ld      a4, -32(s0)
core   0: 3 0x000000008000feac (0xfe043703) x14 0x0000000080012073 mem 0x0000000080031f50
core   0: 0x000000008000feb0 (0xfcf76de3) bltu    a4, a5, pc - 38
core   0: 3 0x000000008000feb0 (0xfcf76de3)
core   0: 0x000000008000fe8a (0xfe043783) ld      a5, -32(s0)
core   0: 3 0x000000008000fe8a (0xfe043783) x15 0x0000000080012073 mem 0x0000000080031f50
core   0: 0x000000008000fe8e (0x00178713) addi    a4, a5, 1
core   0: 3 0x000000008000fe8e (0x00178713) x14 0x0000000080012074
core   0: 0x000000008000fe92 (0xfee43023) sd      a4, -32(s0)
core   0: 3 0x000000008000fe92 (0xfee43023) mem 0x0000000080031f50 0x0000000080012074
core   0: 0x000000008000fe96 (0xfc442703) lw      a4, -60(s0)
core   0: 3 0x000000008000fe96 (0xfc442703) x14 0x0000000000000000 mem 0x0000000080031f34
core   0: 0x000000008000fe9a (0x0ff77713) andi    a4, a4, 255
core   0: 3 0x000000008000fe9a (0x0ff77713) x14 0x0000000000000000
core   0: 0x000000008000fe9e (0x00e78023) sb      a4, 0(a5)
core   0: 3 0x000000008000fe9e (0x00e78023) mem 0x0000000080012073 0x00
core   0: 0x000000008000fea2 (0xfc843703) ld      a4, -56(s0)
core   0: 3 0x000000008000fea2 (0xfc843703) x14 0x0000000080012040 mem 0x0000000080031f38
core   0: 0x000000008000fea6 (0xfb843783) ld      a5, -72(s0)
core   0: 3 0x000000008000fea6 (0xfb843783) x15 0x000000000000009c mem 0x0000000080031f28
core   0: 0x000000008000feaa (0x000097ba) c.add   a5, a4
core   0: 3 0x000000008000feaa (0x97ba) x15 0x00000000800120dc
core   0: 0x000000008000feac (0xfe043703) ld      a4, -32(s0)
core   0: 3 0x000000008000feac (0xfe043703) x14 0x0000000080012074 mem 0x0000000080031f50
core   0: 0x000000008000feb0 (0xfcf76de3) bltu    a4, a5, pc - 38
core   0: 3 0x000000008000feb0 (0xfcf76de3)
core   0: 0x000000008000fe8a (0xfe043783) ld      a5, -32(s0)
core   0: 3 0x000000008000fe8a (0xfe043783) x15 0x0000000080012074 mem 0x0000000080031f50
core   0: 0x000000008000fe8e (0x00178713) addi    a4, a5, 1
core   0: 3 0x000000008000fe8e (0x00178713) x14 0x0000000080012075
core   0: 0x000000008000fe92 (0xfee43023) sd      a4, -32(s0)
core   0: 3 0x000000008000fe92 (0xfee43023) mem 0x0000000080031f50 0x0000000080012075
core   0: 0x000000008000fe96 (0xfc442703) lw      a4, -60(s0)
core   0: 3 0x000000008000fe96 (0xfc442703) x14 0x0000000000000000 mem 0x0000000080031f34
core   0: 0x000000008000fe9a (0x0ff77713) andi    a4, a4, 255
core   0: 3 0x000000008000fe9a (0x0ff77713) x14 0x0000000000000000
core   0: 0x000000008000fe9e (0x00e78023) sb      a4, 0(a5)
core   0: 3 0x000000008000fe9e (0x00e78023) mem 0x0000000080012074 0x00
core   0: 0x000000008000fea2 (0xfc843703) ld      a4, -56(s0)
core   0: 3 0x000000008000fea2 (0xfc843703) x14 0x0000000080012040 mem 0x0000000080031f38
core   0: 0x000000008000fea6 (0xfb843783) ld      a5, -72(s0)
core   0: 3 0x000000008000fea6 (0xfb843783) x15 0x000000000000009c mem 0x0000000080031f28
core   0: 0x000000008000feaa (0x000097ba) c.add   a5, a4
core   0: 3 0x000000008000feaa (0x97ba) x15 0x00000000800120dc
core   0: 0x000000008000feac (0xfe043703) ld      a4, -32(s0)
core   0: 3 0x000000008000feac (0xfe043703) x14 0x0000000080012075 mem 0x0000000080031f50
core   0: 0x000000008000feb0 (0xfcf76de3) bltu    a4, a5, pc - 38
core   0: 3 0x000000008000feb0 (0xfcf76de3)
core   0: 0x000000008000fe8a (0xfe043783) ld      a5, -32(s0)
core   0: 3 0x000000008000fe8a (0xfe043783) x15 0x0000000080012075 mem 0x0000000080031f50
core   0: 0x000000008000fe8e (0x00178713) addi    a4, a5, 1
core   0: 3 0x000000008000fe8e (0x00178713) x14 0x0000000080012076
core   0: 0x000000008000fe92 (0xfee43023) sd      a4, -32(s0)
core   0: 3 0x000000008000fe92 (0xfee43023) mem 0x0000000080031f50 0x0000000080012076
core   0: 0x000000008000fe96 (0xfc442703) lw      a4, -60(s0)
core   0: 3 0x000000008000fe96 (0xfc442703) x14 0x0000000000000000 mem 0x0000000080031f34
core   0: 0x000000008000fe9a (0x0ff77713) andi    a4, a4, 255
core   0: 3 0x000000008000fe9a (0x0ff77713) x14 0x0000000000000000
core   0: 0x000000008000fe9e (0x00e78023) sb      a4, 0(a5)
core   0: 3 0x000000008000fe9e (0x00e78023) mem 0x0000000080012075 0x00
core   0: 0x000000008000fea2 (0xfc843703) ld      a4, -56(s0)
core   0: 3 0x000000008000fea2 (0xfc843703) x14 0x0000000080012040 mem 0x0000000080031f38
core   0: 0x000000008000fea6 (0xfb843783) ld      a5, -72(s0)
core   0: 3 0x000000008000fea6 (0xfb843783) x15 0x000000000000009c mem 0x0000000080031f28
core   0: 0x000000008000feaa (0x000097ba) c.add   a5, a4
core   0: 3 0x000000008000feaa (0x97ba) x15 0x00000000800120dc
core   0: 0x000000008000feac (0xfe043703) ld      a4, -32(s0)
core   0: 3 0x000000008000feac (0xfe043703) x14 0x0000000080012076 mem 0x0000000080031f50
core   0: 0x000000008000feb0 (0xfcf76de3) bltu    a4, a5, pc - 38
core   0: 3 0x000000008000feb0 (0xfcf76de3)
core   0: 0x000000008000fe8a (0xfe043783) ld      a5, -32(s0)
core   0: 3 0x000000008000fe8a (0xfe043783) x15 0x0000000080012076 mem 0x0000000080031f50
core   0: 0x000000008000fe8e (0x00178713) addi    a4, a5, 1
core   0: 3 0x000000008000fe8e (0x00178713) x14 0x0000000080012077
core   0: 0x000000008000fe92 (0xfee43023) sd      a4, -32(s0)
core   0: 3 0x000000008000fe92 (0xfee43023) mem 0x0000000080031f50 0x0000000080012077
core   0: 0x000000008000fe96 (0xfc442703) lw      a4, -60(s0)
core   0: 3 0x000000008000fe96 (0xfc442703) x14 0x0000000000000000 mem 0x0000000080031f34
core   0: 0x000000008000fe9a (0x0ff77713) andi    a4, a4, 255
core   0: 3 0x000000008000fe9a (0x0ff77713) x14 0x0000000000000000
core   0: 0x000000008000fe9e (0x00e78023) sb      a4, 0(a5)
core   0: 3 0x000000008000fe9e (0x00e78023) mem 0x0000000080012076 0x00
core   0: 0x000000008000fea2 (0xfc843703) ld      a4, -56(s0)
core   0: 3 0x000000008000fea2 (0xfc843703) x14 0x0000000080012040 mem 0x0000000080031f38
core   0: 0x000000008000fea6 (0xfb843783) ld      a5, -72(s0)
core   0: 3 0x000000008000fea6 (0xfb843783) x15 0x000000000000009c mem 0x0000000080031f28
core   0: 0x000000008000feaa (0x000097ba) c.add   a5, a4
core   0: 3 0x000000008000feaa (0x97ba) x15 0x00000000800120dc
core   0: 0x000000008000feac (0xfe043703) ld      a4, -32(s0)
core   0: 3 0x000000008000feac (0xfe043703) x14 0x0000000080012077 mem 0x0000000080031f50
core   0: 0x000000008000feb0 (0xfcf76de3) bltu    a4, a5, pc - 38
core   0: 3 0x000000008000feb0 (0xfcf76de3)
core   0: 0x000000008000fe8a (0xfe043783) ld      a5, -32(s0)
core   0: 3 0x000000008000fe8a (0xfe043783) x15 0x0000000080012077 mem 0x0000000080031f50
core   0: 0x000000008000fe8e (0x00178713) addi    a4, a5, 1
core   0: 3 0x000000008000fe8e (0x00178713) x14 0x0000000080012078
core   0: 0x000000008000fe92 (0xfee43023) sd      a4, -32(s0)
core   0: 3 0x000000008000fe92 (0xfee43023) mem 0x0000000080031f50 0x0000000080012078
core   0: 0x000000008000fe96 (0xfc442703) lw      a4, -60(s0)
core   0: 3 0x000000008000fe96 (0xfc442703) x14 0x0000000000000000 mem 0x0000000080031f34
core   0: 0x000000008000fe9a (0x0ff77713) andi    a4, a4, 255
core   0: 3 0x000000008000fe9a (0x0ff77713) x14 0x0000000000000000
core   0: 0x000000008000fe9e (0x00e78023) sb      a4, 0(a5)
core   0: 3 0x000000008000fe9e (0x00e78023) mem 0x0000000080012077 0x00
core   0: 0x000000008000fea2 (0xfc843703) ld      a4, -56(s0)
core   0: 3 0x000000008000fea2 (0xfc843703) x14 0x0000000080012040 mem 0x0000000080031f38
core   0: 0x000000008000fea6 (0xfb843783) ld      a5, -72(s0)
core   0: 3 0x000000008000fea6 (0xfb843783) x15 0x000000000000009c mem 0x0000000080031f28
core   0: 0x000000008000feaa (0x000097ba) c.add   a5, a4
core   0: 3 0x000000008000feaa (0x97ba) x15 0x00000000800120dc
core   0: 0x000000008000feac (0xfe043703) ld      a4, -32(s0)
core   0: 3 0x000000008000feac (0xfe043703) x14 0x0000000080012078 mem 0x0000000080031f50
core   0: 0x000000008000feb0 (0xfcf76de3) bltu    a4, a5, pc - 38
core   0: 3 0x000000008000feb0 (0xfcf76de3)
core   0: 0x000000008000fe8a (0xfe043783) ld      a5, -32(s0)
core   0: 3 0x000000008000fe8a (0xfe043783) x15 0x0000000080012078 mem 0x0000000080031f50
core   0: 0x000000008000fe8e (0x00178713) addi    a4, a5, 1
core   0: 3 0x000000008000fe8e (0x00178713) x14 0x0000000080012079
core   0: 0x000000008000fe92 (0xfee43023) sd      a4, -32(s0)
core   0: 3 0x000000008000fe92 (0xfee43023) mem 0x0000000080031f50 0x0000000080012079
core   0: 0x000000008000fe96 (0xfc442703) lw      a4, -60(s0)
core   0: 3 0x000000008000fe96 (0xfc442703) x14 0x0000000000000000 mem 0x0000000080031f34
core   0: 0x000000008000fe9a (0x0ff77713) andi    a4, a4, 255
core   0: 3 0x000000008000fe9a (0x0ff77713) x14 0x0000000000000000
core   0: 0x000000008000fe9e (0x00e78023) sb      a4, 0(a5)
core   0: 3 0x000000008000fe9e (0x00e78023) mem 0x0000000080012078 0x00
core   0: 0x000000008000fea2 (0xfc843703) ld      a4, -56(s0)
core   0: 3 0x000000008000fea2 (0xfc843703) x14 0x0000000080012040 mem 0x0000000080031f38
core   0: 0x000000008000fea6 (0xfb843783) ld      a5, -72(s0)
core   0: 3 0x000000008000fea6 (0xfb843783) x15 0x000000000000009c mem 0x0000000080031f28
core   0: 0x000000008000feaa (0x000097ba) c.add   a5, a4
core   0: 3 0x000000008000feaa (0x97ba) x15 0x00000000800120dc
core   0: 0x000000008000feac (0xfe043703) ld      a4, -32(s0)
core   0: 3 0x000000008000feac (0xfe043703) x14 0x0000000080012079 mem 0x0000000080031f50
core   0: 0x000000008000feb0 (0xfcf76de3) bltu    a4, a5, pc - 38
core   0: 3 0x000000008000feb0 (0xfcf76de3)
core   0: 0x000000008000fe8a (0xfe043783) ld      a5, -32(s0)
core   0: 3 0x000000008000fe8a (0xfe043783) x15 0x0000000080012079 mem 0x0000000080031f50
core   0: 0x000000008000fe8e (0x00178713) addi    a4, a5, 1
core   0: 3 0x000000008000fe8e (0x00178713) x14 0x000000008001207a
core   0: 0x000000008000fe92 (0xfee43023) sd      a4, -32(s0)
core   0: 3 0x000000008000fe92 (0xfee43023) mem 0x0000000080031f50 0x000000008001207a
core   0: 0x000000008000fe96 (0xfc442703) lw      a4, -60(s0)
core   0: 3 0x000000008000fe96 (0xfc442703) x14 0x0000000000000000 mem 0x0000000080031f34
core   0: 0x000000008000fe9a (0x0ff77713) andi    a4, a4, 255
core   0: 3 0x000000008000fe9a (0x0ff77713) x14 0x0000000000000000
core   0: 0x000000008000fe9e (0x00e78023) sb      a4, 0(a5)
core   0: 3 0x000000008000fe9e (0x00e78023) mem 0x0000000080012079 0x00
core   0: 0x000000008000fea2 (0xfc843703) ld      a4, -56(s0)
core   0: 3 0x000000008000fea2 (0xfc843703) x14 0x0000000080012040 mem 0x0000000080031f38
core   0: 0x000000008000fea6 (0xfb843783) ld      a5, -72(s0)
core   0: 3 0x000000008000fea6 (0xfb843783) x15 0x000000000000009c mem 0x0000000080031f28
core   0: 0x000000008000feaa (0x000097ba) c.add   a5, a4
core   0: 3 0x000000008000feaa (0x97ba) x15 0x00000000800120dc
core   0: 0x000000008000feac (0xfe043703) ld      a4, -32(s0)
core   0: 3 0x000000008000feac (0xfe043703) x14 0x000000008001207a mem 0x0000000080031f50
core   0: 0x000000008000feb0 (0xfcf76de3) bltu    a4, a5, pc - 38
core   0: 3 0x000000008000feb0 (0xfcf76de3)
core   0: 0x000000008000fe8a (0xfe043783) ld      a5, -32(s0)
core   0: 3 0x000000008000fe8a (0xfe043783) x15 0x000000008001207a mem 0x0000000080031f50
core   0: 0x000000008000fe8e (0x00178713) addi    a4, a5, 1
core   0: 3 0x000000008000fe8e (0x00178713) x14 0x000000008001207b
core   0: 0x000000008000fe92 (0xfee43023) sd      a4, -32(s0)
core   0: 3 0x000000008000fe92 (0xfee43023) mem 0x0000000080031f50 0x000000008001207b
core   0: 0x000000008000fe96 (0xfc442703) lw      a4, -60(s0)
core   0: 3 0x000000008000fe96 (0xfc442703) x14 0x0000000000000000 mem 0x0000000080031f34
core   0: 0x000000008000fe9a (0x0ff77713) andi    a4, a4, 255
core   0: 3 0x000000008000fe9a (0x0ff77713) x14 0x0000000000000000
core   0: 0x000000008000fe9e (0x00e78023) sb      a4, 0(a5)
core   0: 3 0x000000008000fe9e (0x00e78023) mem 0x000000008001207a 0x00
core   0: 0x000000008000fea2 (0xfc843703) ld      a4, -56(s0)
core   0: 3 0x000000008000fea2 (0xfc843703) x14 0x0000000080012040 mem 0x0000000080031f38
core   0: 0x000000008000fea6 (0xfb843783) ld      a5, -72(s0)
core   0: 3 0x000000008000fea6 (0xfb843783) x15 0x000000000000009c mem 0x0000000080031f28
core   0: 0x000000008000feaa (0x000097ba) c.add   a5, a4
core   0: 3 0x000000008000feaa (0x97ba) x15 0x00000000800120dc
core   0: 0x000000008000feac (0xfe043703) ld      a4, -32(s0)
core   0: 3 0x000000008000feac (0xfe043703) x14 0x000000008001207b mem 0x0000000080031f50
core   0: 0x000000008000feb0 (0xfcf76de3) bltu    a4, a5, pc - 38
core   0: 3 0x000000008000feb0 (0xfcf76de3)
core   0: 0x000000008000fe8a (0xfe043783) ld      a5, -32(s0)
core   0: 3 0x000000008000fe8a (0xfe043783) x15 0x000000008001207b mem 0x0000000080031f50
core   0: 0x000000008000fe8e (0x00178713) addi    a4, a5, 1
core   0: 3 0x000000008000fe8e (0x00178713) x14 0x000000008001207c
core   0: 0x000000008000fe92 (0xfee43023) sd      a4, -32(s0)
core   0: 3 0x000000008000fe92 (0xfee43023) mem 0x0000000080031f50 0x000000008001207c
core   0: 0x000000008000fe96 (0xfc442703) lw      a4, -60(s0)
core   0: 3 0x000000008000fe96 (0xfc442703) x14 0x0000000000000000 mem 0x0000000080031f34
core   0: 0x000000008000fe9a (0x0ff77713) andi    a4, a4, 255
core   0: 3 0x000000008000fe9a (0x0ff77713) x14 0x0000000000000000
core   0: 0x000000008000fe9e (0x00e78023) sb      a4, 0(a5)
core   0: 3 0x000000008000fe9e (0x00e78023) mem 0x000000008001207b 0x00
core   0: 0x000000008000fea2 (0xfc843703) ld      a4, -56(s0)
core   0: 3 0x000000008000fea2 (0xfc843703) x14 0x0000000080012040 mem 0x0000000080031f38
core   0: 0x000000008000fea6 (0xfb843783) ld      a5, -72(s0)
core   0: 3 0x000000008000fea6 (0xfb843783) x15 0x000000000000009c mem 0x0000000080031f28
core   0: 0x000000008000feaa (0x000097ba) c.add   a5, a4
core   0: 3 0x000000008000feaa (0x97ba) x15 0x00000000800120dc
core   0: 0x000000008000feac (0xfe043703) ld      a4, -32(s0)
core   0: 3 0x000000008000feac (0xfe043703) x14 0x000000008001207c mem 0x0000000080031f50
core   0: 0x000000008000feb0 (0xfcf76de3) bltu    a4, a5, pc - 38
core   0: 3 0x000000008000feb0 (0xfcf76de3)
core   0: 0x000000008000fe8a (0xfe043783) ld      a5, -32(s0)
core   0: 3 0x000000008000fe8a (0xfe043783) x15 0x000000008001207c mem 0x0000000080031f50
core   0: 0x000000008000fe8e (0x00178713) addi    a4, a5, 1
core   0: 3 0x000000008000fe8e (0x00178713) x14 0x000000008001207d
core   0: 0x000000008000fe92 (0xfee43023) sd      a4, -32(s0)
core   0: 3 0x000000008000fe92 (0xfee43023) mem 0x0000000080031f50 0x000000008001207d
core   0: 0x000000008000fe96 (0xfc442703) lw      a4, -60(s0)
core   0: 3 0x000000008000fe96 (0xfc442703) x14 0x0000000000000000 mem 0x0000000080031f34
core   0: 0x000000008000fe9a (0x0ff77713) andi    a4, a4, 255
core   0: 3 0x000000008000fe9a (0x0ff77713) x14 0x0000000000000000
core   0: 0x000000008000fe9e (0x00e78023) sb      a4, 0(a5)
core   0: 3 0x000000008000fe9e (0x00e78023) mem 0x000000008001207c 0x00
core   0: 0x000000008000fea2 (0xfc843703) ld      a4, -56(s0)
core   0: 3 0x000000008000fea2 (0xfc843703) x14 0x0000000080012040 mem 0x0000000080031f38
core   0: 0x000000008000fea6 (0xfb843783) ld      a5, -72(s0)
core   0: 3 0x000000008000fea6 (0xfb843783) x15 0x000000000000009c mem 0x0000000080031f28
core   0: 0x000000008000feaa (0x000097ba) c.add   a5, a4
core   0: 3 0x000000008000feaa (0x97ba) x15 0x00000000800120dc
core   0: 0x000000008000feac (0xfe043703) ld      a4, -32(s0)
core   0: 3 0x000000008000feac (0xfe043703) x14 0x000000008001207d mem 0x0000000080031f50
core   0: 0x000000008000feb0 (0xfcf76de3) bltu    a4, a5, pc - 38
core   0: 3 0x000000008000feb0 (0xfcf76de3)
core   0: 0x000000008000fe8a (0xfe043783) ld      a5, -32(s0)
core   0: 3 0x000000008000fe8a (0xfe043783) x15 0x000000008001207d mem 0x0000000080031f50
core   0: 0x000000008000fe8e (0x00178713) addi    a4, a5, 1
core   0: 3 0x000000008000fe8e (0x00178713) x14 0x000000008001207e
core   0: 0x000000008000fe92 (0xfee43023) sd      a4, -32(s0)
core   0: 3 0x000000008000fe92 (0xfee43023) mem 0x0000000080031f50 0x000000008001207e
core   0: 0x000000008000fe96 (0xfc442703) lw      a4, -60(s0)
core   0: 3 0x000000008000fe96 (0xfc442703) x14 0x0000000000000000 mem 0x0000000080031f34
core   0: 0x000000008000fe9a (0x0ff77713) andi    a4, a4, 255
core   0: 3 0x000000008000fe9a (0x0ff77713) x14 0x0000000000000000
core   0: 0x000000008000fe9e (0x00e78023) sb      a4, 0(a5)
core   0: 3 0x000000008000fe9e (0x00e78023) mem 0x000000008001207d 0x00
core   0: 0x000000008000fea2 (0xfc843703) ld      a4, -56(s0)
core   0: 3 0x000000008000fea2 (0xfc843703) x14 0x0000000080012040 mem 0x0000000080031f38
core   0: 0x000000008000fea6 (0xfb843783) ld      a5, -72(s0)
core   0: 3 0x000000008000fea6 (0xfb843783) x15 0x000000000000009c mem 0x0000000080031f28
core   0: 0x000000008000feaa (0x000097ba) c.add   a5, a4
core   0: 3 0x000000008000feaa (0x97ba) x15 0x00000000800120dc
core   0: 0x000000008000feac (0xfe043703) ld      a4, -32(s0)
core   0: 3 0x000000008000feac (0xfe043703) x14 0x000000008001207e mem 0x0000000080031f50
core   0: 0x000000008000feb0 (0xfcf76de3) bltu    a4, a5, pc - 38
core   0: 3 0x000000008000feb0 (0xfcf76de3)
core   0: 0x000000008000fe8a (0xfe043783) ld      a5, -32(s0)
core   0: 3 0x000000008000fe8a (0xfe043783) x15 0x000000008001207e mem 0x0000000080031f50
core   0: 0x000000008000fe8e (0x00178713) addi    a4, a5, 1
core   0: 3 0x000000008000fe8e (0x00178713) x14 0x000000008001207f
core   0: 0x000000008000fe92 (0xfee43023) sd      a4, -32(s0)
core   0: 3 0x000000008000fe92 (0xfee43023) mem 0x0000000080031f50 0x000000008001207f
core   0: 0x000000008000fe96 (0xfc442703) lw      a4, -60(s0)
core   0: 3 0x000000008000fe96 (0xfc442703) x14 0x0000000000000000 mem 0x0000000080031f34
core   0: 0x000000008000fe9a (0x0ff77713) andi    a4, a4, 255
core   0: 3 0x000000008000fe9a (0x0ff77713) x14 0x0000000000000000
core   0: 0x000000008000fe9e (0x00e78023) sb      a4, 0(a5)
core   0: 3 0x000000008000fe9e (0x00e78023) mem 0x000000008001207e 0x00
core   0: 0x000000008000fea2 (0xfc843703) ld      a4, -56(s0)
core   0: 3 0x000000008000fea2 (0xfc843703) x14 0x0000000080012040 mem 0x0000000080031f38
core   0: 0x000000008000fea6 (0xfb843783) ld      a5, -72(s0)
core   0: 3 0x000000008000fea6 (0xfb843783) x15 0x000000000000009c mem 0x0000000080031f28
core   0: 0x000000008000feaa (0x000097ba) c.add   a5, a4
core   0: 3 0x000000008000feaa (0x97ba) x15 0x00000000800120dc
core   0: 0x000000008000feac (0xfe043703) ld      a4, -32(s0)
core   0: 3 0x000000008000feac (0xfe043703) x14 0x000000008001207f mem 0x0000000080031f50
core   0: 0x000000008000feb0 (0xfcf76de3) bltu    a4, a5, pc - 38
core   0: 3 0x000000008000feb0 (0xfcf76de3)
core   0: 0x000000008000fe8a (0xfe043783) ld      a5, -32(s0)
core   0: 3 0x000000008000fe8a (0xfe043783) x15 0x000000008001207f mem 0x0000000080031f50
core   0: 0x000000008000fe8e (0x00178713) addi    a4, a5, 1
core   0: 3 0x000000008000fe8e (0x00178713) x14 0x0000000080012080
core   0: 0x000000008000fe92 (0xfee43023) sd      a4, -32(s0)
core   0: 3 0x000000008000fe92 (0xfee43023) mem 0x0000000080031f50 0x0000000080012080
core   0: 0x000000008000fe96 (0xfc442703) lw      a4, -60(s0)
core   0: 3 0x000000008000fe96 (0xfc442703) x14 0x0000000000000000 mem 0x0000000080031f34
core   0: 0x000000008000fe9a (0x0ff77713) andi    a4, a4, 255
core   0: 3 0x000000008000fe9a (0x0ff77713) x14 0x0000000000000000
core   0: 0x000000008000fe9e (0x00e78023) sb      a4, 0(a5)
core   0: 3 0x000000008000fe9e (0x00e78023) mem 0x000000008001207f 0x00
core   0: 0x000000008000fea2 (0xfc843703) ld      a4, -56(s0)
core   0: 3 0x000000008000fea2 (0xfc843703) x14 0x0000000080012040 mem 0x0000000080031f38
core   0: 0x000000008000fea6 (0xfb843783) ld      a5, -72(s0)
core   0: 3 0x000000008000fea6 (0xfb843783) x15 0x000000000000009c mem 0x0000000080031f28
core   0: 0x000000008000feaa (0x000097ba) c.add   a5, a4
core   0: 3 0x000000008000feaa (0x97ba) x15 0x00000000800120dc
core   0: 0x000000008000feac (0xfe043703) ld      a4, -32(s0)
core   0: 3 0x000000008000feac (0xfe043703) x14 0x0000000080012080 mem 0x0000000080031f50
core   0: 0x000000008000feb0 (0xfcf76de3) bltu    a4, a5, pc - 38
core   0: 3 0x000000008000feb0 (0xfcf76de3)
core   0: 0x000000008000fe8a (0xfe043783) ld      a5, -32(s0)
core   0: 3 0x000000008000fe8a (0xfe043783) x15 0x0000000080012080 mem 0x0000000080031f50
core   0: 0x000000008000fe8e (0x00178713) addi    a4, a5, 1
core   0: 3 0x000000008000fe8e (0x00178713) x14 0x0000000080012081
core   0: 0x000000008000fe92 (0xfee43023) sd      a4, -32(s0)
core   0: 3 0x000000008000fe92 (0xfee43023) mem 0x0000000080031f50 0x0000000080012081
core   0: 0x000000008000fe96 (0xfc442703) lw      a4, -60(s0)
core   0: 3 0x000000008000fe96 (0xfc442703) x14 0x0000000000000000 mem 0x0000000080031f34
core   0: 0x000000008000fe9a (0x0ff77713) andi    a4, a4, 255
core   0: 3 0x000000008000fe9a (0x0ff77713) x14 0x0000000000000000
core   0: 0x000000008000fe9e (0x00e78023) sb      a4, 0(a5)
core   0: 3 0x000000008000fe9e (0x00e78023) mem 0x0000000080012080 0x00
core   0: 0x000000008000fea2 (0xfc843703) ld      a4, -56(s0)
core   0: 3 0x000000008000fea2 (0xfc843703) x14 0x0000000080012040 mem 0x0000000080031f38
core   0: 0x000000008000fea6 (0xfb843783) ld      a5, -72(s0)
core   0: 3 0x000000008000fea6 (0xfb843783) x15 0x000000000000009c mem 0x0000000080031f28
core   0: 0x000000008000feaa (0x000097ba) c.add   a5, a4
core   0: 3 0x000000008000feaa (0x97ba) x15 0x00000000800120dc
core   0: 0x000000008000feac (0xfe043703) ld      a4, -32(s0)
core   0: 3 0x000000008000feac (0xfe043703) x14 0x0000000080012081 mem 0x0000000080031f50
core   0: 0x000000008000feb0 (0xfcf76de3) bltu    a4, a5, pc - 38
core   0: 3 0x000000008000feb0 (0xfcf76de3)
core   0: 0x000000008000fe8a (0xfe043783) ld      a5, -32(s0)
core   0: 3 0x000000008000fe8a (0xfe043783) x15 0x0000000080012081 mem 0x0000000080031f50
core   0: 0x000000008000fe8e (0x00178713) addi    a4, a5, 1
core   0: 3 0x000000008000fe8e (0x00178713) x14 0x0000000080012082
core   0: 0x000000008000fe92 (0xfee43023) sd      a4, -32(s0)
core   0: 3 0x000000008000fe92 (0xfee43023) mem 0x0000000080031f50 0x0000000080012082
core   0: 0x000000008000fe96 (0xfc442703) lw      a4, -60(s0)
core   0: 3 0x000000008000fe96 (0xfc442703) x14 0x0000000000000000 mem 0x0000000080031f34
core   0: 0x000000008000fe9a (0x0ff77713) andi    a4, a4, 255
core   0: 3 0x000000008000fe9a (0x0ff77713) x14 0x0000000000000000
core   0: 0x000000008000fe9e (0x00e78023) sb      a4, 0(a5)
core   0: 3 0x000000008000fe9e (0x00e78023) mem 0x0000000080012081 0x00
core   0: 0x000000008000fea2 (0xfc843703) ld      a4, -56(s0)
core   0: 3 0x000000008000fea2 (0xfc843703) x14 0x0000000080012040 mem 0x0000000080031f38
core   0: 0x000000008000fea6 (0xfb843783) ld      a5, -72(s0)
core   0: 3 0x000000008000fea6 (0xfb843783) x15 0x000000000000009c mem 0x0000000080031f28
core   0: 0x000000008000feaa (0x000097ba) c.add   a5, a4
core   0: 3 0x000000008000feaa (0x97ba) x15 0x00000000800120dc
core   0: 0x000000008000feac (0xfe043703) ld      a4, -32(s0)
core   0: 3 0x000000008000feac (0xfe043703) x14 0x0000000080012082 mem 0x0000000080031f50
core   0: 0x000000008000feb0 (0xfcf76de3) bltu    a4, a5, pc - 38
core   0: 3 0x000000008000feb0 (0xfcf76de3)
core   0: 0x000000008000fe8a (0xfe043783) ld      a5, -32(s0)
core   0: 3 0x000000008000fe8a (0xfe043783) x15 0x0000000080012082 mem 0x0000000080031f50
core   0: 0x000000008000fe8e (0x00178713) addi    a4, a5, 1
core   0: 3 0x000000008000fe8e (0x00178713) x14 0x0000000080012083
core   0: 0x000000008000fe92 (0xfee43023) sd      a4, -32(s0)
core   0: 3 0x000000008000fe92 (0xfee43023) mem 0x0000000080031f50 0x0000000080012083
core   0: 0x000000008000fe96 (0xfc442703) lw      a4, -60(s0)
core   0: 3 0x000000008000fe96 (0xfc442703) x14 0x0000000000000000 mem 0x0000000080031f34
core   0: 0x000000008000fe9a (0x0ff77713) andi    a4, a4, 255
core   0: 3 0x000000008000fe9a (0x0ff77713) x14 0x0000000000000000
core   0: 0x000000008000fe9e (0x00e78023) sb      a4, 0(a5)
core   0: 3 0x000000008000fe9e (0x00e78023) mem 0x0000000080012082 0x00
core   0: 0x000000008000fea2 (0xfc843703) ld      a4, -56(s0)
core   0: 3 0x000000008000fea2 (0xfc843703) x14 0x0000000080012040 mem 0x0000000080031f38
core   0: 0x000000008000fea6 (0xfb843783) ld      a5, -72(s0)
core   0: 3 0x000000008000fea6 (0xfb843783) x15 0x000000000000009c mem 0x0000000080031f28
core   0: 0x000000008000feaa (0x000097ba) c.add   a5, a4
core   0: 3 0x000000008000feaa (0x97ba) x15 0x00000000800120dc
core   0: 0x000000008000feac (0xfe043703) ld      a4, -32(s0)
core   0: 3 0x000000008000feac (0xfe043703) x14 0x0000000080012083 mem 0x0000000080031f50
core   0: 0x000000008000feb0 (0xfcf76de3) bltu    a4, a5, pc - 38
core   0: 3 0x000000008000feb0 (0xfcf76de3)
core   0: 0x000000008000fe8a (0xfe043783) ld      a5, -32(s0)
core   0: 3 0x000000008000fe8a (0xfe043783) x15 0x0000000080012083 mem 0x0000000080031f50
core   0: 0x000000008000fe8e (0x00178713) addi    a4, a5, 1
core   0: 3 0x000000008000fe8e (0x00178713) x14 0x0000000080012084
core   0: 0x000000008000fe92 (0xfee43023) sd      a4, -32(s0)
core   0: 3 0x000000008000fe92 (0xfee43023) mem 0x0000000080031f50 0x0000000080012084
core   0: 0x000000008000fe96 (0xfc442703) lw      a4, -60(s0)
core   0: 3 0x000000008000fe96 (0xfc442703) x14 0x0000000000000000 mem 0x0000000080031f34
core   0: 0x000000008000fe9a (0x0ff77713) andi    a4, a4, 255
core   0: 3 0x000000008000fe9a (0x0ff77713) x14 0x0000000000000000
core   0: 0x000000008000fe9e (0x00e78023) sb      a4, 0(a5)
core   0: 3 0x000000008000fe9e (0x00e78023) mem 0x0000000080012083 0x00
core   0: 0x000000008000fea2 (0xfc843703) ld      a4, -56(s0)
core   0: 3 0x000000008000fea2 (0xfc843703) x14 0x0000000080012040 mem 0x0000000080031f38
core   0: 0x000000008000fea6 (0xfb843783) ld      a5, -72(s0)
core   0: 3 0x000000008000fea6 (0xfb843783) x15 0x000000000000009c mem 0x0000000080031f28
core   0: 0x000000008000feaa (0x000097ba) c.add   a5, a4
core   0: 3 0x000000008000feaa (0x97ba) x15 0x00000000800120dc
core   0: 0x000000008000feac (0xfe043703) ld      a4, -32(s0)
core   0: 3 0x000000008000feac (0xfe043703) x14 0x0000000080012084 mem 0x0000000080031f50
core   0: 0x000000008000feb0 (0xfcf76de3) bltu    a4, a5, pc - 38
core   0: 3 0x000000008000feb0 (0xfcf76de3)
core   0: 0x000000008000fe8a (0xfe043783) ld      a5, -32(s0)
core   0: 3 0x000000008000fe8a (0xfe043783) x15 0x0000000080012084 mem 0x0000000080031f50
core   0: 0x000000008000fe8e (0x00178713) addi    a4, a5, 1
core   0: 3 0x000000008000fe8e (0x00178713) x14 0x0000000080012085
core   0: 0x000000008000fe92 (0xfee43023) sd      a4, -32(s0)
core   0: 3 0x000000008000fe92 (0xfee43023) mem 0x0000000080031f50 0x0000000080012085
core   0: 0x000000008000fe96 (0xfc442703) lw      a4, -60(s0)
core   0: 3 0x000000008000fe96 (0xfc442703) x14 0x0000000000000000 mem 0x0000000080031f34
core   0: 0x000000008000fe9a (0x0ff77713) andi    a4, a4, 255
core   0: 3 0x000000008000fe9a (0x0ff77713) x14 0x0000000000000000
core   0: 0x000000008000fe9e (0x00e78023) sb      a4, 0(a5)
core   0: 3 0x000000008000fe9e (0x00e78023) mem 0x0000000080012084 0x00
core   0: 0x000000008000fea2 (0xfc843703) ld      a4, -56(s0)
core   0: 3 0x000000008000fea2 (0xfc843703) x14 0x0000000080012040 mem 0x0000000080031f38
core   0: 0x000000008000fea6 (0xfb843783) ld      a5, -72(s0)
core   0: 3 0x000000008000fea6 (0xfb843783) x15 0x000000000000009c mem 0x0000000080031f28
core   0: 0x000000008000feaa (0x000097ba) c.add   a5, a4
core   0: 3 0x000000008000feaa (0x97ba) x15 0x00000000800120dc
core   0: 0x000000008000feac (0xfe043703) ld      a4, -32(s0)
core   0: 3 0x000000008000feac (0xfe043703) x14 0x0000000080012085 mem 0x0000000080031f50
core   0: 0x000000008000feb0 (0xfcf76de3) bltu    a4, a5, pc - 38
core   0: 3 0x000000008000feb0 (0xfcf76de3)
core   0: 0x000000008000fe8a (0xfe043783) ld      a5, -32(s0)
core   0: 3 0x000000008000fe8a (0xfe043783) x15 0x0000000080012085 mem 0x0000000080031f50
core   0: 0x000000008000fe8e (0x00178713) addi    a4, a5, 1
core   0: 3 0x000000008000fe8e (0x00178713) x14 0x0000000080012086
core   0: 0x000000008000fe92 (0xfee43023) sd      a4, -32(s0)
core   0: 3 0x000000008000fe92 (0xfee43023) mem 0x0000000080031f50 0x0000000080012086
core   0: 0x000000008000fe96 (0xfc442703) lw      a4, -60(s0)
core   0: 3 0x000000008000fe96 (0xfc442703) x14 0x0000000000000000 mem 0x0000000080031f34
core   0: 0x000000008000fe9a (0x0ff77713) andi    a4, a4, 255
core   0: 3 0x000000008000fe9a (0x0ff77713) x14 0x0000000000000000
core   0: 0x000000008000fe9e (0x00e78023) sb      a4, 0(a5)
core   0: 3 0x000000008000fe9e (0x00e78023) mem 0x0000000080012085 0x00
core   0: 0x000000008000fea2 (0xfc843703) ld      a4, -56(s0)
core   0: 3 0x000000008000fea2 (0xfc843703) x14 0x0000000080012040 mem 0x0000000080031f38
core   0: 0x000000008000fea6 (0xfb843783) ld      a5, -72(s0)
core   0: 3 0x000000008000fea6 (0xfb843783) x15 0x000000000000009c mem 0x0000000080031f28
core   0: 0x000000008000feaa (0x000097ba) c.add   a5, a4
core   0: 3 0x000000008000feaa (0x97ba) x15 0x00000000800120dc
core   0: 0x000000008000feac (0xfe043703) ld      a4, -32(s0)
core   0: 3 0x000000008000feac (0xfe043703) x14 0x0000000080012086 mem 0x0000000080031f50
core   0: 0x000000008000feb0 (0xfcf76de3) bltu    a4, a5, pc - 38
core   0: 3 0x000000008000feb0 (0xfcf76de3)
core   0: 0x000000008000fe8a (0xfe043783) ld      a5, -32(s0)
core   0: 3 0x000000008000fe8a (0xfe043783) x15 0x0000000080012086 mem 0x0000000080031f50
core   0: 0x000000008000fe8e (0x00178713) addi    a4, a5, 1
core   0: 3 0x000000008000fe8e (0x00178713) x14 0x0000000080012087
core   0: 0x000000008000fe92 (0xfee43023) sd      a4, -32(s0)
core   0: 3 0x000000008000fe92 (0xfee43023) mem 0x0000000080031f50 0x0000000080012087
core   0: 0x000000008000fe96 (0xfc442703) lw      a4, -60(s0)
core   0: 3 0x000000008000fe96 (0xfc442703) x14 0x0000000000000000 mem 0x0000000080031f34
core   0: 0x000000008000fe9a (0x0ff77713) andi    a4, a4, 255
core   0: 3 0x000000008000fe9a (0x0ff77713) x14 0x0000000000000000
core   0: 0x000000008000fe9e (0x00e78023) sb      a4, 0(a5)
core   0: 3 0x000000008000fe9e (0x00e78023) mem 0x0000000080012086 0x00
core   0: 0x000000008000fea2 (0xfc843703) ld      a4, -56(s0)
core   0: 3 0x000000008000fea2 (0xfc843703) x14 0x0000000080012040 mem 0x0000000080031f38
core   0: 0x000000008000fea6 (0xfb843783) ld      a5, -72(s0)
core   0: 3 0x000000008000fea6 (0xfb843783) x15 0x000000000000009c mem 0x0000000080031f28
core   0: 0x000000008000feaa (0x000097ba) c.add   a5, a4
core   0: 3 0x000000008000feaa (0x97ba) x15 0x00000000800120dc
core   0: 0x000000008000feac (0xfe043703) ld      a4, -32(s0)
core   0: 3 0x000000008000feac (0xfe043703) x14 0x0000000080012087 mem 0x0000000080031f50
core   0: 0x000000008000feb0 (0xfcf76de3) bltu    a4, a5, pc - 38
core   0: 3 0x000000008000feb0 (0xfcf76de3)
core   0: 0x000000008000fe8a (0xfe043783) ld      a5, -32(s0)
core   0: 3 0x000000008000fe8a (0xfe043783) x15 0x0000000080012087 mem 0x0000000080031f50
core   0: 0x000000008000fe8e (0x00178713) addi    a4, a5, 1
core   0: 3 0x000000008000fe8e (0x00178713) x14 0x0000000080012088
core   0: 0x000000008000fe92 (0xfee43023) sd      a4, -32(s0)
core   0: 3 0x000000008000fe92 (0xfee43023) mem 0x0000000080031f50 0x0000000080012088
core   0: 0x000000008000fe96 (0xfc442703) lw      a4, -60(s0)
core   0: 3 0x000000008000fe96 (0xfc442703) x14 0x0000000000000000 mem 0x0000000080031f34
core   0: 0x000000008000fe9a (0x0ff77713) andi    a4, a4, 255
core   0: 3 0x000000008000fe9a (0x0ff77713) x14 0x0000000000000000
core   0: 0x000000008000fe9e (0x00e78023) sb      a4, 0(a5)
core   0: 3 0x000000008000fe9e (0x00e78023) mem 0x0000000080012087 0x00
core   0: 0x000000008000fea2 (0xfc843703) ld      a4, -56(s0)
core   0: 3 0x000000008000fea2 (0xfc843703) x14 0x0000000080012040 mem 0x0000000080031f38
core   0: 0x000000008000fea6 (0xfb843783) ld      a5, -72(s0)
core   0: 3 0x000000008000fea6 (0xfb843783) x15 0x000000000000009c mem 0x0000000080031f28
core   0: 0x000000008000feaa (0x000097ba) c.add   a5, a4
core   0: 3 0x000000008000feaa (0x97ba) x15 0x00000000800120dc
core   0: 0x000000008000feac (0xfe043703) ld      a4, -32(s0)
core   0: 3 0x000000008000feac (0xfe043703) x14 0x0000000080012088 mem 0x0000000080031f50
core   0: 0x000000008000feb0 (0xfcf76de3) bltu    a4, a5, pc - 38
core   0: 3 0x000000008000feb0 (0xfcf76de3)
core   0: 0x000000008000fe8a (0xfe043783) ld      a5, -32(s0)
core   0: 3 0x000000008000fe8a (0xfe043783) x15 0x0000000080012088 mem 0x0000000080031f50
core   0: 0x000000008000fe8e (0x00178713) addi    a4, a5, 1
core   0: 3 0x000000008000fe8e (0x00178713) x14 0x0000000080012089
core   0: 0x000000008000fe92 (0xfee43023) sd      a4, -32(s0)
core   0: 3 0x000000008000fe92 (0xfee43023) mem 0x0000000080031f50 0x0000000080012089
core   0: 0x000000008000fe96 (0xfc442703) lw      a4, -60(s0)
core   0: 3 0x000000008000fe96 (0xfc442703) x14 0x0000000000000000 mem 0x0000000080031f34
core   0: 0x000000008000fe9a (0x0ff77713) andi    a4, a4, 255
core   0: 3 0x000000008000fe9a (0x0ff77713) x14 0x0000000000000000
core   0: 0x000000008000fe9e (0x00e78023) sb      a4, 0(a5)
core   0: 3 0x000000008000fe9e (0x00e78023) mem 0x0000000080012088 0x00
core   0: 0x000000008000fea2 (0xfc843703) ld      a4, -56(s0)
core   0: 3 0x000000008000fea2 (0xfc843703) x14 0x0000000080012040 mem 0x0000000080031f38
core   0: 0x000000008000fea6 (0xfb843783) ld      a5, -72(s0)
core   0: 3 0x000000008000fea6 (0xfb843783) x15 0x000000000000009c mem 0x0000000080031f28
core   0: 0x000000008000feaa (0x000097ba) c.add   a5, a4
core   0: 3 0x000000008000feaa (0x97ba) x15 0x00000000800120dc
core   0: 0x000000008000feac (0xfe043703) ld      a4, -32(s0)
core   0: 3 0x000000008000feac (0xfe043703) x14 0x0000000080012089 mem 0x0000000080031f50
core   0: 0x000000008000feb0 (0xfcf76de3) bltu    a4, a5, pc - 38
core   0: 3 0x000000008000feb0 (0xfcf76de3)
core   0: 0x000000008000fe8a (0xfe043783) ld      a5, -32(s0)
core   0: 3 0x000000008000fe8a (0xfe043783) x15 0x0000000080012089 mem 0x0000000080031f50
core   0: 0x000000008000fe8e (0x00178713) addi    a4, a5, 1
core   0: 3 0x000000008000fe8e (0x00178713) x14 0x000000008001208a
core   0: 0x000000008000fe92 (0xfee43023) sd      a4, -32(s0)
core   0: 3 0x000000008000fe92 (0xfee43023) mem 0x0000000080031f50 0x000000008001208a
core   0: 0x000000008000fe96 (0xfc442703) lw      a4, -60(s0)
core   0: 3 0x000000008000fe96 (0xfc442703) x14 0x0000000000000000 mem 0x0000000080031f34
core   0: 0x000000008000fe9a (0x0ff77713) andi    a4, a4, 255
core   0: 3 0x000000008000fe9a (0x0ff77713) x14 0x0000000000000000
core   0: 0x000000008000fe9e (0x00e78023) sb      a4, 0(a5)
core   0: 3 0x000000008000fe9e (0x00e78023) mem 0x0000000080012089 0x00
core   0: 0x000000008000fea2 (0xfc843703) ld      a4, -56(s0)
core   0: 3 0x000000008000fea2 (0xfc843703) x14 0x0000000080012040 mem 0x0000000080031f38
core   0: 0x000000008000fea6 (0xfb843783) ld      a5, -72(s0)
core   0: 3 0x000000008000fea6 (0xfb843783) x15 0x000000000000009c mem 0x0000000080031f28
core   0: 0x000000008000feaa (0x000097ba) c.add   a5, a4
core   0: 3 0x000000008000feaa (0x97ba) x15 0x00000000800120dc
core   0: 0x000000008000feac (0xfe043703) ld      a4, -32(s0)
core   0: 3 0x000000008000feac (0xfe043703) x14 0x000000008001208a mem 0x0000000080031f50
core   0: 0x000000008000feb0 (0xfcf76de3) bltu    a4, a5, pc - 38
core   0: 3 0x000000008000feb0 (0xfcf76de3)
core   0: 0x000000008000fe8a (0xfe043783) ld      a5, -32(s0)
core   0: 3 0x000000008000fe8a (0xfe043783) x15 0x000000008001208a mem 0x0000000080031f50
core   0: 0x000000008000fe8e (0x00178713) addi    a4, a5, 1
core   0: 3 0x000000008000fe8e (0x00178713) x14 0x000000008001208b
core   0: 0x000000008000fe92 (0xfee43023) sd      a4, -32(s0)
core   0: 3 0x000000008000fe92 (0xfee43023) mem 0x0000000080031f50 0x000000008001208b
core   0: 0x000000008000fe96 (0xfc442703) lw      a4, -60(s0)
core   0: 3 0x000000008000fe96 (0xfc442703) x14 0x0000000000000000 mem 0x0000000080031f34
core   0: 0x000000008000fe9a (0x0ff77713) andi    a4, a4, 255
core   0: 3 0x000000008000fe9a (0x0ff77713) x14 0x0000000000000000
core   0: 0x000000008000fe9e (0x00e78023) sb      a4, 0(a5)
core   0: 3 0x000000008000fe9e (0x00e78023) mem 0x000000008001208a 0x00
core   0: 0x000000008000fea2 (0xfc843703) ld      a4, -56(s0)
core   0: 3 0x000000008000fea2 (0xfc843703) x14 0x0000000080012040 mem 0x0000000080031f38
core   0: 0x000000008000fea6 (0xfb843783) ld      a5, -72(s0)
core   0: 3 0x000000008000fea6 (0xfb843783) x15 0x000000000000009c mem 0x0000000080031f28
core   0: 0x000000008000feaa (0x000097ba) c.add   a5, a4
core   0: 3 0x000000008000feaa (0x97ba) x15 0x00000000800120dc
core   0: 0x000000008000feac (0xfe043703) ld      a4, -32(s0)
core   0: 3 0x000000008000feac (0xfe043703) x14 0x000000008001208b mem 0x0000000080031f50
core   0: 0x000000008000feb0 (0xfcf76de3) bltu    a4, a5, pc - 38
core   0: 3 0x000000008000feb0 (0xfcf76de3)
core   0: 0x000000008000fe8a (0xfe043783) ld      a5, -32(s0)
core   0: 3 0x000000008000fe8a (0xfe043783) x15 0x000000008001208b mem 0x0000000080031f50
core   0: 0x000000008000fe8e (0x00178713) addi    a4, a5, 1
core   0: 3 0x000000008000fe8e (0x00178713) x14 0x000000008001208c
core   0: 0x000000008000fe92 (0xfee43023) sd      a4, -32(s0)
core   0: 3 0x000000008000fe92 (0xfee43023) mem 0x0000000080031f50 0x000000008001208c
core   0: 0x000000008000fe96 (0xfc442703) lw      a4, -60(s0)
core   0: 3 0x000000008000fe96 (0xfc442703) x14 0x0000000000000000 mem 0x0000000080031f34
core   0: 0x000000008000fe9a (0x0ff77713) andi    a4, a4, 255
core   0: 3 0x000000008000fe9a (0x0ff77713) x14 0x0000000000000000
core   0: 0x000000008000fe9e (0x00e78023) sb      a4, 0(a5)
core   0: 3 0x000000008000fe9e (0x00e78023) mem 0x000000008001208b 0x00
core   0: 0x000000008000fea2 (0xfc843703) ld      a4, -56(s0)
core   0: 3 0x000000008000fea2 (0xfc843703) x14 0x0000000080012040 mem 0x0000000080031f38
core   0: 0x000000008000fea6 (0xfb843783) ld      a5, -72(s0)
core   0: 3 0x000000008000fea6 (0xfb843783) x15 0x000000000000009c mem 0x0000000080031f28
core   0: 0x000000008000feaa (0x000097ba) c.add   a5, a4
core   0: 3 0x000000008000feaa (0x97ba) x15 0x00000000800120dc
core   0: 0x000000008000feac (0xfe043703) ld      a4, -32(s0)
core   0: 3 0x000000008000feac (0xfe043703) x14 0x000000008001208c mem 0x0000000080031f50
core   0: 0x000000008000feb0 (0xfcf76de3) bltu    a4, a5, pc - 38
core   0: 3 0x000000008000feb0 (0xfcf76de3)
core   0: 0x000000008000fe8a (0xfe043783) ld      a5, -32(s0)
core   0: 3 0x000000008000fe8a (0xfe043783) x15 0x000000008001208c mem 0x0000000080031f50
core   0: 0x000000008000fe8e (0x00178713) addi    a4, a5, 1
core   0: 3 0x000000008000fe8e (0x00178713) x14 0x000000008001208d
core   0: 0x000000008000fe92 (0xfee43023) sd      a4, -32(s0)
core   0: 3 0x000000008000fe92 (0xfee43023) mem 0x0000000080031f50 0x000000008001208d
core   0: 0x000000008000fe96 (0xfc442703) lw      a4, -60(s0)
core   0: 3 0x000000008000fe96 (0xfc442703) x14 0x0000000000000000 mem 0x0000000080031f34
core   0: 0x000000008000fe9a (0x0ff77713) andi    a4, a4, 255
core   0: 3 0x000000008000fe9a (0x0ff77713) x14 0x0000000000000000
core   0: 0x000000008000fe9e (0x00e78023) sb      a4, 0(a5)
core   0: 3 0x000000008000fe9e (0x00e78023) mem 0x000000008001208c 0x00
core   0: 0x000000008000fea2 (0xfc843703) ld      a4, -56(s0)
core   0: 3 0x000000008000fea2 (0xfc843703) x14 0x0000000080012040 mem 0x0000000080031f38
core   0: 0x000000008000fea6 (0xfb843783) ld      a5, -72(s0)
core   0: 3 0x000000008000fea6 (0xfb843783) x15 0x000000000000009c mem 0x0000000080031f28
core   0: 0x000000008000feaa (0x000097ba) c.add   a5, a4
core   0: 3 0x000000008000feaa (0x97ba) x15 0x00000000800120dc
core   0: 0x000000008000feac (0xfe043703) ld      a4, -32(s0)
core   0: 3 0x000000008000feac (0xfe043703) x14 0x000000008001208d mem 0x0000000080031f50
core   0: 0x000000008000feb0 (0xfcf76de3) bltu    a4, a5, pc - 38
core   0: 3 0x000000008000feb0 (0xfcf76de3)
core   0: 0x000000008000fe8a (0xfe043783) ld      a5, -32(s0)
core   0: 3 0x000000008000fe8a (0xfe043783) x15 0x000000008001208d mem 0x0000000080031f50
core   0: 0x000000008000fe8e (0x00178713) addi    a4, a5, 1
core   0: 3 0x000000008000fe8e (0x00178713) x14 0x000000008001208e
core   0: 0x000000008000fe92 (0xfee43023) sd      a4, -32(s0)
core   0: 3 0x000000008000fe92 (0xfee43023) mem 0x0000000080031f50 0x000000008001208e
core   0: 0x000000008000fe96 (0xfc442703) lw      a4, -60(s0)
core   0: 3 0x000000008000fe96 (0xfc442703) x14 0x0000000000000000 mem 0x0000000080031f34
core   0: 0x000000008000fe9a (0x0ff77713) andi    a4, a4, 255
core   0: 3 0x000000008000fe9a (0x0ff77713) x14 0x0000000000000000
core   0: 0x000000008000fe9e (0x00e78023) sb      a4, 0(a5)
core   0: 3 0x000000008000fe9e (0x00e78023) mem 0x000000008001208d 0x00
core   0: 0x000000008000fea2 (0xfc843703) ld      a4, -56(s0)
core   0: 3 0x000000008000fea2 (0xfc843703) x14 0x0000000080012040 mem 0x0000000080031f38
core   0: 0x000000008000fea6 (0xfb843783) ld      a5, -72(s0)
core   0: 3 0x000000008000fea6 (0xfb843783) x15 0x000000000000009c mem 0x0000000080031f28
core   0: 0x000000008000feaa (0x000097ba) c.add   a5, a4
core   0: 3 0x000000008000feaa (0x97ba) x15 0x00000000800120dc
core   0: 0x000000008000feac (0xfe043703) ld      a4, -32(s0)
core   0: 3 0x000000008000feac (0xfe043703) x14 0x000000008001208e mem 0x0000000080031f50
core   0: 0x000000008000feb0 (0xfcf76de3) bltu    a4, a5, pc - 38
core   0: 3 0x000000008000feb0 (0xfcf76de3)
core   0: 0x000000008000fe8a (0xfe043783) ld      a5, -32(s0)
core   0: 3 0x000000008000fe8a (0xfe043783) x15 0x000000008001208e mem 0x0000000080031f50
core   0: 0x000000008000fe8e (0x00178713) addi    a4, a5, 1
core   0: 3 0x000000008000fe8e (0x00178713) x14 0x000000008001208f
core   0: 0x000000008000fe92 (0xfee43023) sd      a4, -32(s0)
core   0: 3 0x000000008000fe92 (0xfee43023) mem 0x0000000080031f50 0x000000008001208f
core   0: 0x000000008000fe96 (0xfc442703) lw      a4, -60(s0)
core   0: 3 0x000000008000fe96 (0xfc442703) x14 0x0000000000000000 mem 0x0000000080031f34
core   0: 0x000000008000fe9a (0x0ff77713) andi    a4, a4, 255
core   0: 3 0x000000008000fe9a (0x0ff77713) x14 0x0000000000000000
core   0: 0x000000008000fe9e (0x00e78023) sb      a4, 0(a5)
core   0: 3 0x000000008000fe9e (0x00e78023) mem 0x000000008001208e 0x00
core   0: 0x000000008000fea2 (0xfc843703) ld      a4, -56(s0)
core   0: 3 0x000000008000fea2 (0xfc843703) x14 0x0000000080012040 mem 0x0000000080031f38
core   0: 0x000000008000fea6 (0xfb843783) ld      a5, -72(s0)
core   0: 3 0x000000008000fea6 (0xfb843783) x15 0x000000000000009c mem 0x0000000080031f28
core   0: 0x000000008000feaa (0x000097ba) c.add   a5, a4
core   0: 3 0x000000008000feaa (0x97ba) x15 0x00000000800120dc
core   0: 0x000000008000feac (0xfe043703) ld      a4, -32(s0)
core   0: 3 0x000000008000feac (0xfe043703) x14 0x000000008001208f mem 0x0000000080031f50
core   0: 0x000000008000feb0 (0xfcf76de3) bltu    a4, a5, pc - 38
core   0: 3 0x000000008000feb0 (0xfcf76de3)
core   0: 0x000000008000fe8a (0xfe043783) ld      a5, -32(s0)
core   0: 3 0x000000008000fe8a (0xfe043783) x15 0x000000008001208f mem 0x0000000080031f50
core   0: 0x000000008000fe8e (0x00178713) addi    a4, a5, 1
core   0: 3 0x000000008000fe8e (0x00178713) x14 0x0000000080012090
core   0: 0x000000008000fe92 (0xfee43023) sd      a4, -32(s0)
core   0: 3 0x000000008000fe92 (0xfee43023) mem 0x0000000080031f50 0x0000000080012090
core   0: 0x000000008000fe96 (0xfc442703) lw      a4, -60(s0)
core   0: 3 0x000000008000fe96 (0xfc442703) x14 0x0000000000000000 mem 0x0000000080031f34
core   0: 0x000000008000fe9a (0x0ff77713) andi    a4, a4, 255
core   0: 3 0x000000008000fe9a (0x0ff77713) x14 0x0000000000000000
core   0: 0x000000008000fe9e (0x00e78023) sb      a4, 0(a5)
core   0: 3 0x000000008000fe9e (0x00e78023) mem 0x000000008001208f 0x00
core   0: 0x000000008000fea2 (0xfc843703) ld      a4, -56(s0)
core   0: 3 0x000000008000fea2 (0xfc843703) x14 0x0000000080012040 mem 0x0000000080031f38
core   0: 0x000000008000fea6 (0xfb843783) ld      a5, -72(s0)
core   0: 3 0x000000008000fea6 (0xfb843783) x15 0x000000000000009c mem 0x0000000080031f28
core   0: 0x000000008000feaa (0x000097ba) c.add   a5, a4
core   0: 3 0x000000008000feaa (0x97ba) x15 0x00000000800120dc
core   0: 0x000000008000feac (0xfe043703) ld      a4, -32(s0)
core   0: 3 0x000000008000feac (0xfe043703) x14 0x0000000080012090 mem 0x0000000080031f50
core   0: 0x000000008000feb0 (0xfcf76de3) bltu    a4, a5, pc - 38
core   0: 3 0x000000008000feb0 (0xfcf76de3)
core   0: 0x000000008000fe8a (0xfe043783) ld      a5, -32(s0)
core   0: 3 0x000000008000fe8a (0xfe043783) x15 0x0000000080012090 mem 0x0000000080031f50
core   0: 0x000000008000fe8e (0x00178713) addi    a4, a5, 1
core   0: 3 0x000000008000fe8e (0x00178713) x14 0x0000000080012091
core   0: 0x000000008000fe92 (0xfee43023) sd      a4, -32(s0)
core   0: 3 0x000000008000fe92 (0xfee43023) mem 0x0000000080031f50 0x0000000080012091
core   0: 0x000000008000fe96 (0xfc442703) lw      a4, -60(s0)
core   0: 3 0x000000008000fe96 (0xfc442703) x14 0x0000000000000000 mem 0x0000000080031f34
core   0: 0x000000008000fe9a (0x0ff77713) andi    a4, a4, 255
core   0: 3 0x000000008000fe9a (0x0ff77713) x14 0x0000000000000000
core   0: 0x000000008000fe9e (0x00e78023) sb      a4, 0(a5)
core   0: 3 0x000000008000fe9e (0x00e78023) mem 0x0000000080012090 0x00
core   0: 0x000000008000fea2 (0xfc843703) ld      a4, -56(s0)
core   0: 3 0x000000008000fea2 (0xfc843703) x14 0x0000000080012040 mem 0x0000000080031f38
core   0: 0x000000008000fea6 (0xfb843783) ld      a5, -72(s0)
core   0: 3 0x000000008000fea6 (0xfb843783) x15 0x000000000000009c mem 0x0000000080031f28
core   0: 0x000000008000feaa (0x000097ba) c.add   a5, a4
core   0: 3 0x000000008000feaa (0x97ba) x15 0x00000000800120dc
core   0: 0x000000008000feac (0xfe043703) ld      a4, -32(s0)
core   0: 3 0x000000008000feac (0xfe043703) x14 0x0000000080012091 mem 0x0000000080031f50
core   0: 0x000000008000feb0 (0xfcf76de3) bltu    a4, a5, pc - 38
core   0: 3 0x000000008000feb0 (0xfcf76de3)
core   0: 0x000000008000fe8a (0xfe043783) ld      a5, -32(s0)
core   0: 3 0x000000008000fe8a (0xfe043783) x15 0x0000000080012091 mem 0x0000000080031f50
core   0: 0x000000008000fe8e (0x00178713) addi    a4, a5, 1
core   0: 3 0x000000008000fe8e (0x00178713) x14 0x0000000080012092
core   0: 0x000000008000fe92 (0xfee43023) sd      a4, -32(s0)
core   0: 3 0x000000008000fe92 (0xfee43023) mem 0x0000000080031f50 0x0000000080012092
core   0: 0x000000008000fe96 (0xfc442703) lw      a4, -60(s0)
core   0: 3 0x000000008000fe96 (0xfc442703) x14 0x0000000000000000 mem 0x0000000080031f34
core   0: 0x000000008000fe9a (0x0ff77713) andi    a4, a4, 255
core   0: 3 0x000000008000fe9a (0x0ff77713) x14 0x0000000000000000
core   0: 0x000000008000fe9e (0x00e78023) sb      a4, 0(a5)
core   0: 3 0x000000008000fe9e (0x00e78023) mem 0x0000000080012091 0x00
core   0: 0x000000008000fea2 (0xfc843703) ld      a4, -56(s0)
core   0: 3 0x000000008000fea2 (0xfc843703) x14 0x0000000080012040 mem 0x0000000080031f38
core   0: 0x000000008000fea6 (0xfb843783) ld      a5, -72(s0)
core   0: 3 0x000000008000fea6 (0xfb843783) x15 0x000000000000009c mem 0x0000000080031f28
core   0: 0x000000008000feaa (0x000097ba) c.add   a5, a4
core   0: 3 0x000000008000feaa (0x97ba) x15 0x00000000800120dc
core   0: 0x000000008000feac (0xfe043703) ld      a4, -32(s0)
core   0: 3 0x000000008000feac (0xfe043703) x14 0x0000000080012092 mem 0x0000000080031f50
core   0: 0x000000008000feb0 (0xfcf76de3) bltu    a4, a5, pc - 38
core   0: 3 0x000000008000feb0 (0xfcf76de3)
core   0: 0x000000008000fe8a (0xfe043783) ld      a5, -32(s0)
core   0: 3 0x000000008000fe8a (0xfe043783) x15 0x0000000080012092 mem 0x0000000080031f50
core   0: 0x000000008000fe8e (0x00178713) addi    a4, a5, 1
core   0: 3 0x000000008000fe8e (0x00178713) x14 0x0000000080012093
core   0: 0x000000008000fe92 (0xfee43023) sd      a4, -32(s0)
core   0: 3 0x000000008000fe92 (0xfee43023) mem 0x0000000080031f50 0x0000000080012093
core   0: 0x000000008000fe96 (0xfc442703) lw      a4, -60(s0)
core   0: 3 0x000000008000fe96 (0xfc442703) x14 0x0000000000000000 mem 0x0000000080031f34
core   0: 0x000000008000fe9a (0x0ff77713) andi    a4, a4, 255
core   0: 3 0x000000008000fe9a (0x0ff77713) x14 0x0000000000000000
core   0: 0x000000008000fe9e (0x00e78023) sb      a4, 0(a5)
core   0: 3 0x000000008000fe9e (0x00e78023) mem 0x0000000080012092 0x00
core   0: 0x000000008000fea2 (0xfc843703) ld      a4, -56(s0)
core   0: 3 0x000000008000fea2 (0xfc843703) x14 0x0000000080012040 mem 0x0000000080031f38
core   0: 0x000000008000fea6 (0xfb843783) ld      a5, -72(s0)
core   0: 3 0x000000008000fea6 (0xfb843783) x15 0x000000000000009c mem 0x0000000080031f28
core   0: 0x000000008000feaa (0x000097ba) c.add   a5, a4
core   0: 3 0x000000008000feaa (0x97ba) x15 0x00000000800120dc
core   0: 0x000000008000feac (0xfe043703) ld      a4, -32(s0)
core   0: 3 0x000000008000feac (0xfe043703) x14 0x0000000080012093 mem 0x0000000080031f50
core   0: 0x000000008000feb0 (0xfcf76de3) bltu    a4, a5, pc - 38
core   0: 3 0x000000008000feb0 (0xfcf76de3)
core   0: 0x000000008000fe8a (0xfe043783) ld      a5, -32(s0)
core   0: 3 0x000000008000fe8a (0xfe043783) x15 0x0000000080012093 mem 0x0000000080031f50
core   0: 0x000000008000fe8e (0x00178713) addi    a4, a5, 1
core   0: 3 0x000000008000fe8e (0x00178713) x14 0x0000000080012094
core   0: 0x000000008000fe92 (0xfee43023) sd      a4, -32(s0)
core   0: 3 0x000000008000fe92 (0xfee43023) mem 0x0000000080031f50 0x0000000080012094
core   0: 0x000000008000fe96 (0xfc442703) lw      a4, -60(s0)
core   0: 3 0x000000008000fe96 (0xfc442703) x14 0x0000000000000000 mem 0x0000000080031f34
core   0: 0x000000008000fe9a (0x0ff77713) andi    a4, a4, 255
core   0: 3 0x000000008000fe9a (0x0ff77713) x14 0x0000000000000000
core   0: 0x000000008000fe9e (0x00e78023) sb      a4, 0(a5)
core   0: 3 0x000000008000fe9e (0x00e78023) mem 0x0000000080012093 0x00
core   0: 0x000000008000fea2 (0xfc843703) ld      a4, -56(s0)
core   0: 3 0x000000008000fea2 (0xfc843703) x14 0x0000000080012040 mem 0x0000000080031f38
core   0: 0x000000008000fea6 (0xfb843783) ld      a5, -72(s0)
core   0: 3 0x000000008000fea6 (0xfb843783) x15 0x000000000000009c mem 0x0000000080031f28
core   0: 0x000000008000feaa (0x000097ba) c.add   a5, a4
core   0: 3 0x000000008000feaa (0x97ba) x15 0x00000000800120dc
core   0: 0x000000008000feac (0xfe043703) ld      a4, -32(s0)
core   0: 3 0x000000008000feac (0xfe043703) x14 0x0000000080012094 mem 0x0000000080031f50
core   0: 0x000000008000feb0 (0xfcf76de3) bltu    a4, a5, pc - 38
core   0: 3 0x000000008000feb0 (0xfcf76de3)
core   0: 0x000000008000fe8a (0xfe043783) ld      a5, -32(s0)
core   0: 3 0x000000008000fe8a (0xfe043783) x15 0x0000000080012094 mem 0x0000000080031f50
core   0: 0x000000008000fe8e (0x00178713) addi    a4, a5, 1
core   0: 3 0x000000008000fe8e (0x00178713) x14 0x0000000080012095
core   0: 0x000000008000fe92 (0xfee43023) sd      a4, -32(s0)
core   0: 3 0x000000008000fe92 (0xfee43023) mem 0x0000000080031f50 0x0000000080012095
core   0: 0x000000008000fe96 (0xfc442703) lw      a4, -60(s0)
core   0: 3 0x000000008000fe96 (0xfc442703) x14 0x0000000000000000 mem 0x0000000080031f34
core   0: 0x000000008000fe9a (0x0ff77713) andi    a4, a4, 255
core   0: 3 0x000000008000fe9a (0x0ff77713) x14 0x0000000000000000
core   0: 0x000000008000fe9e (0x00e78023) sb      a4, 0(a5)
core   0: 3 0x000000008000fe9e (0x00e78023) mem 0x0000000080012094 0x00
core   0: 0x000000008000fea2 (0xfc843703) ld      a4, -56(s0)
core   0: 3 0x000000008000fea2 (0xfc843703) x14 0x0000000080012040 mem 0x0000000080031f38
core   0: 0x000000008000fea6 (0xfb843783) ld      a5, -72(s0)
core   0: 3 0x000000008000fea6 (0xfb843783) x15 0x000000000000009c mem 0x0000000080031f28
core   0: 0x000000008000feaa (0x000097ba) c.add   a5, a4
core   0: 3 0x000000008000feaa (0x97ba) x15 0x00000000800120dc
core   0: 0x000000008000feac (0xfe043703) ld      a4, -32(s0)
core   0: 3 0x000000008000feac (0xfe043703) x14 0x0000000080012095 mem 0x0000000080031f50
core   0: 0x000000008000feb0 (0xfcf76de3) bltu    a4, a5, pc - 38
core   0: 3 0x000000008000feb0 (0xfcf76de3)
core   0: 0x000000008000fe8a (0xfe043783) ld      a5, -32(s0)
core   0: 3 0x000000008000fe8a (0xfe043783) x15 0x0000000080012095 mem 0x0000000080031f50
core   0: 0x000000008000fe8e (0x00178713) addi    a4, a5, 1
core   0: 3 0x000000008000fe8e (0x00178713) x14 0x0000000080012096
core   0: 0x000000008000fe92 (0xfee43023) sd      a4, -32(s0)
core   0: 3 0x000000008000fe92 (0xfee43023) mem 0x0000000080031f50 0x0000000080012096
core   0: 0x000000008000fe96 (0xfc442703) lw      a4, -60(s0)
core   0: 3 0x000000008000fe96 (0xfc442703) x14 0x0000000000000000 mem 0x0000000080031f34
core   0: 0x000000008000fe9a (0x0ff77713) andi    a4, a4, 255
core   0: 3 0x000000008000fe9a (0x0ff77713) x14 0x0000000000000000
core   0: 0x000000008000fe9e (0x00e78023) sb      a4, 0(a5)
core   0: 3 0x000000008000fe9e (0x00e78023) mem 0x0000000080012095 0x00
core   0: 0x000000008000fea2 (0xfc843703) ld      a4, -56(s0)
core   0: 3 0x000000008000fea2 (0xfc843703) x14 0x0000000080012040 mem 0x0000000080031f38
core   0: 0x000000008000fea6 (0xfb843783) ld      a5, -72(s0)
core   0: 3 0x000000008000fea6 (0xfb843783) x15 0x000000000000009c mem 0x0000000080031f28
core   0: 0x000000008000feaa (0x000097ba) c.add   a5, a4
core   0: 3 0x000000008000feaa (0x97ba) x15 0x00000000800120dc
core   0: 0x000000008000feac (0xfe043703) ld      a4, -32(s0)
core   0: 3 0x000000008000feac (0xfe043703) x14 0x0000000080012096 mem 0x0000000080031f50
core   0: 0x000000008000feb0 (0xfcf76de3) bltu    a4, a5, pc - 38
core   0: 3 0x000000008000feb0 (0xfcf76de3)
core   0: 0x000000008000fe8a (0xfe043783) ld      a5, -32(s0)
core   0: 3 0x000000008000fe8a (0xfe043783) x15 0x0000000080012096 mem 0x0000000080031f50
core   0: 0x000000008000fe8e (0x00178713) addi    a4, a5, 1
core   0: 3 0x000000008000fe8e (0x00178713) x14 0x0000000080012097
core   0: 0x000000008000fe92 (0xfee43023) sd      a4, -32(s0)
core   0: 3 0x000000008000fe92 (0xfee43023) mem 0x0000000080031f50 0x0000000080012097
core   0: 0x000000008000fe96 (0xfc442703) lw      a4, -60(s0)
core   0: 3 0x000000008000fe96 (0xfc442703) x14 0x0000000000000000 mem 0x0000000080031f34
core   0: 0x000000008000fe9a (0x0ff77713) andi    a4, a4, 255
core   0: 3 0x000000008000fe9a (0x0ff77713) x14 0x0000000000000000
core   0: 0x000000008000fe9e (0x00e78023) sb      a4, 0(a5)
core   0: 3 0x000000008000fe9e (0x00e78023) mem 0x0000000080012096 0x00
core   0: 0x000000008000fea2 (0xfc843703) ld      a4, -56(s0)
core   0: 3 0x000000008000fea2 (0xfc843703) x14 0x0000000080012040 mem 0x0000000080031f38
core   0: 0x000000008000fea6 (0xfb843783) ld      a5, -72(s0)
core   0: 3 0x000000008000fea6 (0xfb843783) x15 0x000000000000009c mem 0x0000000080031f28
core   0: 0x000000008000feaa (0x000097ba) c.add   a5, a4
core   0: 3 0x000000008000feaa (0x97ba) x15 0x00000000800120dc
core   0: 0x000000008000feac (0xfe043703) ld      a4, -32(s0)
core   0: 3 0x000000008000feac (0xfe043703) x14 0x0000000080012097 mem 0x0000000080031f50
core   0: 0x000000008000feb0 (0xfcf76de3) bltu    a4, a5, pc - 38
core   0: 3 0x000000008000feb0 (0xfcf76de3)
core   0: 0x000000008000fe8a (0xfe043783) ld      a5, -32(s0)
core   0: 3 0x000000008000fe8a (0xfe043783) x15 0x0000000080012097 mem 0x0000000080031f50
core   0: 0x000000008000fe8e (0x00178713) addi    a4, a5, 1
core   0: 3 0x000000008000fe8e (0x00178713) x14 0x0000000080012098
core   0: 0x000000008000fe92 (0xfee43023) sd      a4, -32(s0)
core   0: 3 0x000000008000fe92 (0xfee43023) mem 0x0000000080031f50 0x0000000080012098
core   0: 0x000000008000fe96 (0xfc442703) lw      a4, -60(s0)
core   0: 3 0x000000008000fe96 (0xfc442703) x14 0x0000000000000000 mem 0x0000000080031f34
core   0: 0x000000008000fe9a (0x0ff77713) andi    a4, a4, 255
core   0: 3 0x000000008000fe9a (0x0ff77713) x14 0x0000000000000000
core   0: 0x000000008000fe9e (0x00e78023) sb      a4, 0(a5)
core   0: 3 0x000000008000fe9e (0x00e78023) mem 0x0000000080012097 0x00
core   0: 0x000000008000fea2 (0xfc843703) ld      a4, -56(s0)
core   0: 3 0x000000008000fea2 (0xfc843703) x14 0x0000000080012040 mem 0x0000000080031f38
core   0: 0x000000008000fea6 (0xfb843783) ld      a5, -72(s0)
core   0: 3 0x000000008000fea6 (0xfb843783) x15 0x000000000000009c mem 0x0000000080031f28
core   0: 0x000000008000feaa (0x000097ba) c.add   a5, a4
core   0: 3 0x000000008000feaa (0x97ba) x15 0x00000000800120dc
core   0: 0x000000008000feac (0xfe043703) ld      a4, -32(s0)
core   0: 3 0x000000008000feac (0xfe043703) x14 0x0000000080012098 mem 0x0000000080031f50
core   0: 0x000000008000feb0 (0xfcf76de3) bltu    a4, a5, pc - 38
core   0: 3 0x000000008000feb0 (0xfcf76de3)
core   0: 0x000000008000fe8a (0xfe043783) ld      a5, -32(s0)
core   0: 3 0x000000008000fe8a (0xfe043783) x15 0x0000000080012098 mem 0x0000000080031f50
core   0: 0x000000008000fe8e (0x00178713) addi    a4, a5, 1
core   0: 3 0x000000008000fe8e (0x00178713) x14 0x0000000080012099
core   0: 0x000000008000fe92 (0xfee43023) sd      a4, -32(s0)
core   0: 3 0x000000008000fe92 (0xfee43023) mem 0x0000000080031f50 0x0000000080012099
core   0: 0x000000008000fe96 (0xfc442703) lw      a4, -60(s0)
core   0: 3 0x000000008000fe96 (0xfc442703) x14 0x0000000000000000 mem 0x0000000080031f34
core   0: 0x000000008000fe9a (0x0ff77713) andi    a4, a4, 255
core   0: 3 0x000000008000fe9a (0x0ff77713) x14 0x0000000000000000
core   0: 0x000000008000fe9e (0x00e78023) sb      a4, 0(a5)
core   0: 3 0x000000008000fe9e (0x00e78023) mem 0x0000000080012098 0x00
core   0: 0x000000008000fea2 (0xfc843703) ld      a4, -56(s0)
core   0: 3 0x000000008000fea2 (0xfc843703) x14 0x0000000080012040 mem 0x0000000080031f38
core   0: 0x000000008000fea6 (0xfb843783) ld      a5, -72(s0)
core   0: 3 0x000000008000fea6 (0xfb843783) x15 0x000000000000009c mem 0x0000000080031f28
core   0: 0x000000008000feaa (0x000097ba) c.add   a5, a4
core   0: 3 0x000000008000feaa (0x97ba) x15 0x00000000800120dc
core   0: 0x000000008000feac (0xfe043703) ld      a4, -32(s0)
core   0: 3 0x000000008000feac (0xfe043703) x14 0x0000000080012099 mem 0x0000000080031f50
core   0: 0x000000008000feb0 (0xfcf76de3) bltu    a4, a5, pc - 38
core   0: 3 0x000000008000feb0 (0xfcf76de3)
core   0: 0x000000008000fe8a (0xfe043783) ld      a5, -32(s0)
core   0: 3 0x000000008000fe8a (0xfe043783) x15 0x0000000080012099 mem 0x0000000080031f50
core   0: 0x000000008000fe8e (0x00178713) addi    a4, a5, 1
core   0: 3 0x000000008000fe8e (0x00178713) x14 0x000000008001209a
core   0: 0x000000008000fe92 (0xfee43023) sd      a4, -32(s0)
core   0: 3 0x000000008000fe92 (0xfee43023) mem 0x0000000080031f50 0x000000008001209a
core   0: 0x000000008000fe96 (0xfc442703) lw      a4, -60(s0)
core   0: 3 0x000000008000fe96 (0xfc442703) x14 0x0000000000000000 mem 0x0000000080031f34
core   0: 0x000000008000fe9a (0x0ff77713) andi    a4, a4, 255
core   0: 3 0x000000008000fe9a (0x0ff77713) x14 0x0000000000000000
core   0: 0x000000008000fe9e (0x00e78023) sb      a4, 0(a5)
core   0: 3 0x000000008000fe9e (0x00e78023) mem 0x0000000080012099 0x00
core   0: 0x000000008000fea2 (0xfc843703) ld      a4, -56(s0)
core   0: 3 0x000000008000fea2 (0xfc843703) x14 0x0000000080012040 mem 0x0000000080031f38
core   0: 0x000000008000fea6 (0xfb843783) ld      a5, -72(s0)
core   0: 3 0x000000008000fea6 (0xfb843783) x15 0x000000000000009c mem 0x0000000080031f28
core   0: 0x000000008000feaa (0x000097ba) c.add   a5, a4
core   0: 3 0x000000008000feaa (0x97ba) x15 0x00000000800120dc
core   0: 0x000000008000feac (0xfe043703) ld      a4, -32(s0)
core   0: 3 0x000000008000feac (0xfe043703) x14 0x000000008001209a mem 0x0000000080031f50
core   0: 0x000000008000feb0 (0xfcf76de3) bltu    a4, a5, pc - 38
core   0: 3 0x000000008000feb0 (0xfcf76de3)
core   0: 0x000000008000fe8a (0xfe043783) ld      a5, -32(s0)
core   0: 3 0x000000008000fe8a (0xfe043783) x15 0x000000008001209a mem 0x0000000080031f50
core   0: 0x000000008000fe8e (0x00178713) addi    a4, a5, 1
core   0: 3 0x000000008000fe8e (0x00178713) x14 0x000000008001209b
core   0: 0x000000008000fe92 (0xfee43023) sd      a4, -32(s0)
core   0: 3 0x000000008000fe92 (0xfee43023) mem 0x0000000080031f50 0x000000008001209b
core   0: 0x000000008000fe96 (0xfc442703) lw      a4, -60(s0)
core   0: 3 0x000000008000fe96 (0xfc442703) x14 0x0000000000000000 mem 0x0000000080031f34
core   0: 0x000000008000fe9a (0x0ff77713) andi    a4, a4, 255
core   0: 3 0x000000008000fe9a (0x0ff77713) x14 0x0000000000000000
core   0: 0x000000008000fe9e (0x00e78023) sb      a4, 0(a5)
core   0: 3 0x000000008000fe9e (0x00e78023) mem 0x000000008001209a 0x00
core   0: 0x000000008000fea2 (0xfc843703) ld      a4, -56(s0)
core   0: 3 0x000000008000fea2 (0xfc843703) x14 0x0000000080012040 mem 0x0000000080031f38
core   0: 0x000000008000fea6 (0xfb843783) ld      a5, -72(s0)
core   0: 3 0x000000008000fea6 (0xfb843783) x15 0x000000000000009c mem 0x0000000080031f28
core   0: 0x000000008000feaa (0x000097ba) c.add   a5, a4
core   0: 3 0x000000008000feaa (0x97ba) x15 0x00000000800120dc
core   0: 0x000000008000feac (0xfe043703) ld      a4, -32(s0)
core   0: 3 0x000000008000feac (0xfe043703) x14 0x000000008001209b mem 0x0000000080031f50
core   0: 0x000000008000feb0 (0xfcf76de3) bltu    a4, a5, pc - 38
core   0: 3 0x000000008000feb0 (0xfcf76de3)
core   0: 0x000000008000fe8a (0xfe043783) ld      a5, -32(s0)
core   0: 3 0x000000008000fe8a (0xfe043783) x15 0x000000008001209b mem 0x0000000080031f50
core   0: 0x000000008000fe8e (0x00178713) addi    a4, a5, 1
core   0: 3 0x000000008000fe8e (0x00178713) x14 0x000000008001209c
core   0: 0x000000008000fe92 (0xfee43023) sd      a4, -32(s0)
core   0: 3 0x000000008000fe92 (0xfee43023) mem 0x0000000080031f50 0x000000008001209c
core   0: 0x000000008000fe96 (0xfc442703) lw      a4, -60(s0)
core   0: 3 0x000000008000fe96 (0xfc442703) x14 0x0000000000000000 mem 0x0000000080031f34
core   0: 0x000000008000fe9a (0x0ff77713) andi    a4, a4, 255
core   0: 3 0x000000008000fe9a (0x0ff77713) x14 0x0000000000000000
core   0: 0x000000008000fe9e (0x00e78023) sb      a4, 0(a5)
core   0: 3 0x000000008000fe9e (0x00e78023) mem 0x000000008001209b 0x00
core   0: 0x000000008000fea2 (0xfc843703) ld      a4, -56(s0)
core   0: 3 0x000000008000fea2 (0xfc843703) x14 0x0000000080012040 mem 0x0000000080031f38
core   0: 0x000000008000fea6 (0xfb843783) ld      a5, -72(s0)
core   0: 3 0x000000008000fea6 (0xfb843783) x15 0x000000000000009c mem 0x0000000080031f28
core   0: 0x000000008000feaa (0x000097ba) c.add   a5, a4
core   0: 3 0x000000008000feaa (0x97ba) x15 0x00000000800120dc
core   0: 0x000000008000feac (0xfe043703) ld      a4, -32(s0)
core   0: 3 0x000000008000feac (0xfe043703) x14 0x000000008001209c mem 0x0000000080031f50
core   0: 0x000000008000feb0 (0xfcf76de3) bltu    a4, a5, pc - 38
core   0: 3 0x000000008000feb0 (0xfcf76de3)
core   0: 0x000000008000fe8a (0xfe043783) ld      a5, -32(s0)
core   0: 3 0x000000008000fe8a (0xfe043783) x15 0x000000008001209c mem 0x0000000080031f50
core   0: 0x000000008000fe8e (0x00178713) addi    a4, a5, 1
core   0: 3 0x000000008000fe8e (0x00178713) x14 0x000000008001209d
core   0: 0x000000008000fe92 (0xfee43023) sd      a4, -32(s0)
core   0: 3 0x000000008000fe92 (0xfee43023) mem 0x0000000080031f50 0x000000008001209d
core   0: 0x000000008000fe96 (0xfc442703) lw      a4, -60(s0)
core   0: 3 0x000000008000fe96 (0xfc442703) x14 0x0000000000000000 mem 0x0000000080031f34
core   0: 0x000000008000fe9a (0x0ff77713) andi    a4, a4, 255
core   0: 3 0x000000008000fe9a (0x0ff77713) x14 0x0000000000000000
core   0: 0x000000008000fe9e (0x00e78023) sb      a4, 0(a5)
core   0: 3 0x000000008000fe9e (0x00e78023) mem 0x000000008001209c 0x00
core   0: 0x000000008000fea2 (0xfc843703) ld      a4, -56(s0)
core   0: 3 0x000000008000fea2 (0xfc843703) x14 0x0000000080012040 mem 0x0000000080031f38
core   0: 0x000000008000fea6 (0xfb843783) ld      a5, -72(s0)
core   0: 3 0x000000008000fea6 (0xfb843783) x15 0x000000000000009c mem 0x0000000080031f28
core   0: 0x000000008000feaa (0x000097ba) c.add   a5, a4
core   0: 3 0x000000008000feaa (0x97ba) x15 0x00000000800120dc
core   0: 0x000000008000feac (0xfe043703) ld      a4, -32(s0)
core   0: 3 0x000000008000feac (0xfe043703) x14 0x000000008001209d mem 0x0000000080031f50
core   0: 0x000000008000feb0 (0xfcf76de3) bltu    a4, a5, pc - 38
core   0: 3 0x000000008000feb0 (0xfcf76de3)
core   0: 0x000000008000fe8a (0xfe043783) ld      a5, -32(s0)
core   0: 3 0x000000008000fe8a (0xfe043783) x15 0x000000008001209d mem 0x0000000080031f50
core   0: 0x000000008000fe8e (0x00178713) addi    a4, a5, 1
core   0: 3 0x000000008000fe8e (0x00178713) x14 0x000000008001209e
core   0: 0x000000008000fe92 (0xfee43023) sd      a4, -32(s0)
core   0: 3 0x000000008000fe92 (0xfee43023) mem 0x0000000080031f50 0x000000008001209e
core   0: 0x000000008000fe96 (0xfc442703) lw      a4, -60(s0)
core   0: 3 0x000000008000fe96 (0xfc442703) x14 0x0000000000000000 mem 0x0000000080031f34
core   0: 0x000000008000fe9a (0x0ff77713) andi    a4, a4, 255
core   0: 3 0x000000008000fe9a (0x0ff77713) x14 0x0000000000000000
core   0: 0x000000008000fe9e (0x00e78023) sb      a4, 0(a5)
core   0: 3 0x000000008000fe9e (0x00e78023) mem 0x000000008001209d 0x00
core   0: 0x000000008000fea2 (0xfc843703) ld      a4, -56(s0)
core   0: 3 0x000000008000fea2 (0xfc843703) x14 0x0000000080012040 mem 0x0000000080031f38
core   0: 0x000000008000fea6 (0xfb843783) ld      a5, -72(s0)
core   0: 3 0x000000008000fea6 (0xfb843783) x15 0x000000000000009c mem 0x0000000080031f28
core   0: 0x000000008000feaa (0x000097ba) c.add   a5, a4
core   0: 3 0x000000008000feaa (0x97ba) x15 0x00000000800120dc
core   0: 0x000000008000feac (0xfe043703) ld      a4, -32(s0)
core   0: 3 0x000000008000feac (0xfe043703) x14 0x000000008001209e mem 0x0000000080031f50
core   0: 0x000000008000feb0 (0xfcf76de3) bltu    a4, a5, pc - 38
core   0: 3 0x000000008000feb0 (0xfcf76de3)
core   0: 0x000000008000fe8a (0xfe043783) ld      a5, -32(s0)
core   0: 3 0x000000008000fe8a (0xfe043783) x15 0x000000008001209e mem 0x0000000080031f50
core   0: 0x000000008000fe8e (0x00178713) addi    a4, a5, 1
core   0: 3 0x000000008000fe8e (0x00178713) x14 0x000000008001209f
core   0: 0x000000008000fe92 (0xfee43023) sd      a4, -32(s0)
core   0: 3 0x000000008000fe92 (0xfee43023) mem 0x0000000080031f50 0x000000008001209f
core   0: 0x000000008000fe96 (0xfc442703) lw      a4, -60(s0)
core   0: 3 0x000000008000fe96 (0xfc442703) x14 0x0000000000000000 mem 0x0000000080031f34
core   0: 0x000000008000fe9a (0x0ff77713) andi    a4, a4, 255
core   0: 3 0x000000008000fe9a (0x0ff77713) x14 0x0000000000000000
core   0: 0x000000008000fe9e (0x00e78023) sb      a4, 0(a5)
core   0: 3 0x000000008000fe9e (0x00e78023) mem 0x000000008001209e 0x00
core   0: 0x000000008000fea2 (0xfc843703) ld      a4, -56(s0)
core   0: 3 0x000000008000fea2 (0xfc843703) x14 0x0000000080012040 mem 0x0000000080031f38
core   0: 0x000000008000fea6 (0xfb843783) ld      a5, -72(s0)
core   0: 3 0x000000008000fea6 (0xfb843783) x15 0x000000000000009c mem 0x0000000080031f28
core   0: 0x000000008000feaa (0x000097ba) c.add   a5, a4
core   0: 3 0x000000008000feaa (0x97ba) x15 0x00000000800120dc
core   0: 0x000000008000feac (0xfe043703) ld      a4, -32(s0)
core   0: 3 0x000000008000feac (0xfe043703) x14 0x000000008001209f mem 0x0000000080031f50
core   0: 0x000000008000feb0 (0xfcf76de3) bltu    a4, a5, pc - 38
core   0: 3 0x000000008000feb0 (0xfcf76de3)
core   0: 0x000000008000fe8a (0xfe043783) ld      a5, -32(s0)
core   0: 3 0x000000008000fe8a (0xfe043783) x15 0x000000008001209f mem 0x0000000080031f50
core   0: 0x000000008000fe8e (0x00178713) addi    a4, a5, 1
core   0: 3 0x000000008000fe8e (0x00178713) x14 0x00000000800120a0
core   0: 0x000000008000fe92 (0xfee43023) sd      a4, -32(s0)
core   0: 3 0x000000008000fe92 (0xfee43023) mem 0x0000000080031f50 0x00000000800120a0
core   0: 0x000000008000fe96 (0xfc442703) lw      a4, -60(s0)
core   0: 3 0x000000008000fe96 (0xfc442703) x14 0x0000000000000000 mem 0x0000000080031f34
core   0: 0x000000008000fe9a (0x0ff77713) andi    a4, a4, 255
core   0: 3 0x000000008000fe9a (0x0ff77713) x14 0x0000000000000000
core   0: 0x000000008000fe9e (0x00e78023) sb      a4, 0(a5)
core   0: 3 0x000000008000fe9e (0x00e78023) mem 0x000000008001209f 0x00
core   0: 0x000000008000fea2 (0xfc843703) ld      a4, -56(s0)
core   0: 3 0x000000008000fea2 (0xfc843703) x14 0x0000000080012040 mem 0x0000000080031f38
core   0: 0x000000008000fea6 (0xfb843783) ld      a5, -72(s0)
core   0: 3 0x000000008000fea6 (0xfb843783) x15 0x000000000000009c mem 0x0000000080031f28
core   0: 0x000000008000feaa (0x000097ba) c.add   a5, a4
core   0: 3 0x000000008000feaa (0x97ba) x15 0x00000000800120dc
core   0: 0x000000008000feac (0xfe043703) ld      a4, -32(s0)
core   0: 3 0x000000008000feac (0xfe043703) x14 0x00000000800120a0 mem 0x0000000080031f50
core   0: 0x000000008000feb0 (0xfcf76de3) bltu    a4, a5, pc - 38
core   0: 3 0x000000008000feb0 (0xfcf76de3)
core   0: 0x000000008000fe8a (0xfe043783) ld      a5, -32(s0)
core   0: 3 0x000000008000fe8a (0xfe043783) x15 0x00000000800120a0 mem 0x0000000080031f50
core   0: 0x000000008000fe8e (0x00178713) addi    a4, a5, 1
core   0: 3 0x000000008000fe8e (0x00178713) x14 0x00000000800120a1
core   0: 0x000000008000fe92 (0xfee43023) sd      a4, -32(s0)
core   0: 3 0x000000008000fe92 (0xfee43023) mem 0x0000000080031f50 0x00000000800120a1
core   0: 0x000000008000fe96 (0xfc442703) lw      a4, -60(s0)
core   0: 3 0x000000008000fe96 (0xfc442703) x14 0x0000000000000000 mem 0x0000000080031f34
core   0: 0x000000008000fe9a (0x0ff77713) andi    a4, a4, 255
core   0: 3 0x000000008000fe9a (0x0ff77713) x14 0x0000000000000000
core   0: 0x000000008000fe9e (0x00e78023) sb      a4, 0(a5)
core   0: 3 0x000000008000fe9e (0x00e78023) mem 0x00000000800120a0 0x00
core   0: 0x000000008000fea2 (0xfc843703) ld      a4, -56(s0)
core   0: 3 0x000000008000fea2 (0xfc843703) x14 0x0000000080012040 mem 0x0000000080031f38
core   0: 0x000000008000fea6 (0xfb843783) ld      a5, -72(s0)
core   0: 3 0x000000008000fea6 (0xfb843783) x15 0x000000000000009c mem 0x0000000080031f28
core   0: 0x000000008000feaa (0x000097ba) c.add   a5, a4
core   0: 3 0x000000008000feaa (0x97ba) x15 0x00000000800120dc
core   0: 0x000000008000feac (0xfe043703) ld      a4, -32(s0)
core   0: 3 0x000000008000feac (0xfe043703) x14 0x00000000800120a1 mem 0x0000000080031f50
core   0: 0x000000008000feb0 (0xfcf76de3) bltu    a4, a5, pc - 38
core   0: 3 0x000000008000feb0 (0xfcf76de3)
core   0: 0x000000008000fe8a (0xfe043783) ld      a5, -32(s0)
core   0: 3 0x000000008000fe8a (0xfe043783) x15 0x00000000800120a1 mem 0x0000000080031f50
core   0: 0x000000008000fe8e (0x00178713) addi    a4, a5, 1
core   0: 3 0x000000008000fe8e (0x00178713) x14 0x00000000800120a2
core   0: 0x000000008000fe92 (0xfee43023) sd      a4, -32(s0)
core   0: 3 0x000000008000fe92 (0xfee43023) mem 0x0000000080031f50 0x00000000800120a2
core   0: 0x000000008000fe96 (0xfc442703) lw      a4, -60(s0)
core   0: 3 0x000000008000fe96 (0xfc442703) x14 0x0000000000000000 mem 0x0000000080031f34
core   0: 0x000000008000fe9a (0x0ff77713) andi    a4, a4, 255
core   0: 3 0x000000008000fe9a (0x0ff77713) x14 0x0000000000000000
core   0: 0x000000008000fe9e (0x00e78023) sb      a4, 0(a5)
core   0: 3 0x000000008000fe9e (0x00e78023) mem 0x00000000800120a1 0x00
core   0: 0x000000008000fea2 (0xfc843703) ld      a4, -56(s0)
core   0: 3 0x000000008000fea2 (0xfc843703) x14 0x0000000080012040 mem 0x0000000080031f38
core   0: 0x000000008000fea6 (0xfb843783) ld      a5, -72(s0)
core   0: 3 0x000000008000fea6 (0xfb843783) x15 0x000000000000009c mem 0x0000000080031f28
core   0: 0x000000008000feaa (0x000097ba) c.add   a5, a4
core   0: 3 0x000000008000feaa (0x97ba) x15 0x00000000800120dc
core   0: 0x000000008000feac (0xfe043703) ld      a4, -32(s0)
core   0: 3 0x000000008000feac (0xfe043703) x14 0x00000000800120a2 mem 0x0000000080031f50
core   0: 0x000000008000feb0 (0xfcf76de3) bltu    a4, a5, pc - 38
core   0: 3 0x000000008000feb0 (0xfcf76de3)
core   0: 0x000000008000fe8a (0xfe043783) ld      a5, -32(s0)
core   0: 3 0x000000008000fe8a (0xfe043783) x15 0x00000000800120a2 mem 0x0000000080031f50
core   0: 0x000000008000fe8e (0x00178713) addi    a4, a5, 1
core   0: 3 0x000000008000fe8e (0x00178713) x14 0x00000000800120a3
core   0: 0x000000008000fe92 (0xfee43023) sd      a4, -32(s0)
core   0: 3 0x000000008000fe92 (0xfee43023) mem 0x0000000080031f50 0x00000000800120a3
core   0: 0x000000008000fe96 (0xfc442703) lw      a4, -60(s0)
core   0: 3 0x000000008000fe96 (0xfc442703) x14 0x0000000000000000 mem 0x0000000080031f34
core   0: 0x000000008000fe9a (0x0ff77713) andi    a4, a4, 255
core   0: 3 0x000000008000fe9a (0x0ff77713) x14 0x0000000000000000
core   0: 0x000000008000fe9e (0x00e78023) sb      a4, 0(a5)
core   0: 3 0x000000008000fe9e (0x00e78023) mem 0x00000000800120a2 0x00
core   0: 0x000000008000fea2 (0xfc843703) ld      a4, -56(s0)
core   0: 3 0x000000008000fea2 (0xfc843703) x14 0x0000000080012040 mem 0x0000000080031f38
core   0: 0x000000008000fea6 (0xfb843783) ld      a5, -72(s0)
core   0: 3 0x000000008000fea6 (0xfb843783) x15 0x000000000000009c mem 0x0000000080031f28
core   0: 0x000000008000feaa (0x000097ba) c.add   a5, a4
core   0: 3 0x000000008000feaa (0x97ba) x15 0x00000000800120dc
core   0: 0x000000008000feac (0xfe043703) ld      a4, -32(s0)
core   0: 3 0x000000008000feac (0xfe043703) x14 0x00000000800120a3 mem 0x0000000080031f50
core   0: 0x000000008000feb0 (0xfcf76de3) bltu    a4, a5, pc - 38
core   0: 3 0x000000008000feb0 (0xfcf76de3)
core   0: 0x000000008000fe8a (0xfe043783) ld      a5, -32(s0)
core   0: 3 0x000000008000fe8a (0xfe043783) x15 0x00000000800120a3 mem 0x0000000080031f50
core   0: 0x000000008000fe8e (0x00178713) addi    a4, a5, 1
core   0: 3 0x000000008000fe8e (0x00178713) x14 0x00000000800120a4
core   0: 0x000000008000fe92 (0xfee43023) sd      a4, -32(s0)
core   0: 3 0x000000008000fe92 (0xfee43023) mem 0x0000000080031f50 0x00000000800120a4
core   0: 0x000000008000fe96 (0xfc442703) lw      a4, -60(s0)
core   0: 3 0x000000008000fe96 (0xfc442703) x14 0x0000000000000000 mem 0x0000000080031f34
core   0: 0x000000008000fe9a (0x0ff77713) andi    a4, a4, 255
core   0: 3 0x000000008000fe9a (0x0ff77713) x14 0x0000000000000000
core   0: 0x000000008000fe9e (0x00e78023) sb      a4, 0(a5)
core   0: 3 0x000000008000fe9e (0x00e78023) mem 0x00000000800120a3 0x00
core   0: 0x000000008000fea2 (0xfc843703) ld      a4, -56(s0)
core   0: 3 0x000000008000fea2 (0xfc843703) x14 0x0000000080012040 mem 0x0000000080031f38
core   0: 0x000000008000fea6 (0xfb843783) ld      a5, -72(s0)
core   0: 3 0x000000008000fea6 (0xfb843783) x15 0x000000000000009c mem 0x0000000080031f28
core   0: 0x000000008000feaa (0x000097ba) c.add   a5, a4
core   0: 3 0x000000008000feaa (0x97ba) x15 0x00000000800120dc
core   0: 0x000000008000feac (0xfe043703) ld      a4, -32(s0)
core   0: 3 0x000000008000feac (0xfe043703) x14 0x00000000800120a4 mem 0x0000000080031f50
core   0: 0x000000008000feb0 (0xfcf76de3) bltu    a4, a5, pc - 38
core   0: 3 0x000000008000feb0 (0xfcf76de3)
core   0: 0x000000008000fe8a (0xfe043783) ld      a5, -32(s0)
core   0: 3 0x000000008000fe8a (0xfe043783) x15 0x00000000800120a4 mem 0x0000000080031f50
core   0: 0x000000008000fe8e (0x00178713) addi    a4, a5, 1
core   0: 3 0x000000008000fe8e (0x00178713) x14 0x00000000800120a5
core   0: 0x000000008000fe92 (0xfee43023) sd      a4, -32(s0)
core   0: 3 0x000000008000fe92 (0xfee43023) mem 0x0000000080031f50 0x00000000800120a5
core   0: 0x000000008000fe96 (0xfc442703) lw      a4, -60(s0)
core   0: 3 0x000000008000fe96 (0xfc442703) x14 0x0000000000000000 mem 0x0000000080031f34
core   0: 0x000000008000fe9a (0x0ff77713) andi    a4, a4, 255
core   0: 3 0x000000008000fe9a (0x0ff77713) x14 0x0000000000000000
core   0: 0x000000008000fe9e (0x00e78023) sb      a4, 0(a5)
core   0: 3 0x000000008000fe9e (0x00e78023) mem 0x00000000800120a4 0x00
core   0: 0x000000008000fea2 (0xfc843703) ld      a4, -56(s0)
core   0: 3 0x000000008000fea2 (0xfc843703) x14 0x0000000080012040 mem 0x0000000080031f38
core   0: 0x000000008000fea6 (0xfb843783) ld      a5, -72(s0)
core   0: 3 0x000000008000fea6 (0xfb843783) x15 0x000000000000009c mem 0x0000000080031f28
core   0: 0x000000008000feaa (0x000097ba) c.add   a5, a4
core   0: 3 0x000000008000feaa (0x97ba) x15 0x00000000800120dc
core   0: 0x000000008000feac (0xfe043703) ld      a4, -32(s0)
core   0: 3 0x000000008000feac (0xfe043703) x14 0x00000000800120a5 mem 0x0000000080031f50
core   0: 0x000000008000feb0 (0xfcf76de3) bltu    a4, a5, pc - 38
core   0: 3 0x000000008000feb0 (0xfcf76de3)
core   0: 0x000000008000fe8a (0xfe043783) ld      a5, -32(s0)
core   0: 3 0x000000008000fe8a (0xfe043783) x15 0x00000000800120a5 mem 0x0000000080031f50
core   0: 0x000000008000fe8e (0x00178713) addi    a4, a5, 1
core   0: 3 0x000000008000fe8e (0x00178713) x14 0x00000000800120a6
core   0: 0x000000008000fe92 (0xfee43023) sd      a4, -32(s0)
core   0: 3 0x000000008000fe92 (0xfee43023) mem 0x0000000080031f50 0x00000000800120a6
core   0: 0x000000008000fe96 (0xfc442703) lw      a4, -60(s0)
core   0: 3 0x000000008000fe96 (0xfc442703) x14 0x0000000000000000 mem 0x0000000080031f34
core   0: 0x000000008000fe9a (0x0ff77713) andi    a4, a4, 255
core   0: 3 0x000000008000fe9a (0x0ff77713) x14 0x0000000000000000
core   0: 0x000000008000fe9e (0x00e78023) sb      a4, 0(a5)
core   0: 3 0x000000008000fe9e (0x00e78023) mem 0x00000000800120a5 0x00
core   0: 0x000000008000fea2 (0xfc843703) ld      a4, -56(s0)
core   0: 3 0x000000008000fea2 (0xfc843703) x14 0x0000000080012040 mem 0x0000000080031f38
core   0: 0x000000008000fea6 (0xfb843783) ld      a5, -72(s0)
core   0: 3 0x000000008000fea6 (0xfb843783) x15 0x000000000000009c mem 0x0000000080031f28
core   0: 0x000000008000feaa (0x000097ba) c.add   a5, a4
core   0: 3 0x000000008000feaa (0x97ba) x15 0x00000000800120dc
core   0: 0x000000008000feac (0xfe043703) ld      a4, -32(s0)
core   0: 3 0x000000008000feac (0xfe043703) x14 0x00000000800120a6 mem 0x0000000080031f50
core   0: 0x000000008000feb0 (0xfcf76de3) bltu    a4, a5, pc - 38
core   0: 3 0x000000008000feb0 (0xfcf76de3)
core   0: 0x000000008000fe8a (0xfe043783) ld      a5, -32(s0)
core   0: 3 0x000000008000fe8a (0xfe043783) x15 0x00000000800120a6 mem 0x0000000080031f50
core   0: 0x000000008000fe8e (0x00178713) addi    a4, a5, 1
core   0: 3 0x000000008000fe8e (0x00178713) x14 0x00000000800120a7
core   0: 0x000000008000fe92 (0xfee43023) sd      a4, -32(s0)
core   0: 3 0x000000008000fe92 (0xfee43023) mem 0x0000000080031f50 0x00000000800120a7
core   0: 0x000000008000fe96 (0xfc442703) lw      a4, -60(s0)
core   0: 3 0x000000008000fe96 (0xfc442703) x14 0x0000000000000000 mem 0x0000000080031f34
core   0: 0x000000008000fe9a (0x0ff77713) andi    a4, a4, 255
core   0: 3 0x000000008000fe9a (0x0ff77713) x14 0x0000000000000000
core   0: 0x000000008000fe9e (0x00e78023) sb      a4, 0(a5)
core   0: 3 0x000000008000fe9e (0x00e78023) mem 0x00000000800120a6 0x00
core   0: 0x000000008000fea2 (0xfc843703) ld      a4, -56(s0)
core   0: 3 0x000000008000fea2 (0xfc843703) x14 0x0000000080012040 mem 0x0000000080031f38
core   0: 0x000000008000fea6 (0xfb843783) ld      a5, -72(s0)
core   0: 3 0x000000008000fea6 (0xfb843783) x15 0x000000000000009c mem 0x0000000080031f28
core   0: 0x000000008000feaa (0x000097ba) c.add   a5, a4
core   0: 3 0x000000008000feaa (0x97ba) x15 0x00000000800120dc
core   0: 0x000000008000feac (0xfe043703) ld      a4, -32(s0)
core   0: 3 0x000000008000feac (0xfe043703) x14 0x00000000800120a7 mem 0x0000000080031f50
core   0: 0x000000008000feb0 (0xfcf76de3) bltu    a4, a5, pc - 38
core   0: 3 0x000000008000feb0 (0xfcf76de3)
core   0: 0x000000008000fe8a (0xfe043783) ld      a5, -32(s0)
core   0: 3 0x000000008000fe8a (0xfe043783) x15 0x00000000800120a7 mem 0x0000000080031f50
core   0: 0x000000008000fe8e (0x00178713) addi    a4, a5, 1
core   0: 3 0x000000008000fe8e (0x00178713) x14 0x00000000800120a8
core   0: 0x000000008000fe92 (0xfee43023) sd      a4, -32(s0)
core   0: 3 0x000000008000fe92 (0xfee43023) mem 0x0000000080031f50 0x00000000800120a8
core   0: 0x000000008000fe96 (0xfc442703) lw      a4, -60(s0)
core   0: 3 0x000000008000fe96 (0xfc442703) x14 0x0000000000000000 mem 0x0000000080031f34
core   0: 0x000000008000fe9a (0x0ff77713) andi    a4, a4, 255
core   0: 3 0x000000008000fe9a (0x0ff77713) x14 0x0000000000000000
core   0: 0x000000008000fe9e (0x00e78023) sb      a4, 0(a5)
core   0: 3 0x000000008000fe9e (0x00e78023) mem 0x00000000800120a7 0x00
core   0: 0x000000008000fea2 (0xfc843703) ld      a4, -56(s0)
core   0: 3 0x000000008000fea2 (0xfc843703) x14 0x0000000080012040 mem 0x0000000080031f38
core   0: 0x000000008000fea6 (0xfb843783) ld      a5, -72(s0)
core   0: 3 0x000000008000fea6 (0xfb843783) x15 0x000000000000009c mem 0x0000000080031f28
core   0: 0x000000008000feaa (0x000097ba) c.add   a5, a4
core   0: 3 0x000000008000feaa (0x97ba) x15 0x00000000800120dc
core   0: 0x000000008000feac (0xfe043703) ld      a4, -32(s0)
core   0: 3 0x000000008000feac (0xfe043703) x14 0x00000000800120a8 mem 0x0000000080031f50
core   0: 0x000000008000feb0 (0xfcf76de3) bltu    a4, a5, pc - 38
core   0: 3 0x000000008000feb0 (0xfcf76de3)
core   0: 0x000000008000fe8a (0xfe043783) ld      a5, -32(s0)
core   0: 3 0x000000008000fe8a (0xfe043783) x15 0x00000000800120a8 mem 0x0000000080031f50
core   0: 0x000000008000fe8e (0x00178713) addi    a4, a5, 1
core   0: 3 0x000000008000fe8e (0x00178713) x14 0x00000000800120a9
core   0: 0x000000008000fe92 (0xfee43023) sd      a4, -32(s0)
core   0: 3 0x000000008000fe92 (0xfee43023) mem 0x0000000080031f50 0x00000000800120a9
core   0: 0x000000008000fe96 (0xfc442703) lw      a4, -60(s0)
core   0: 3 0x000000008000fe96 (0xfc442703) x14 0x0000000000000000 mem 0x0000000080031f34
core   0: 0x000000008000fe9a (0x0ff77713) andi    a4, a4, 255
core   0: 3 0x000000008000fe9a (0x0ff77713) x14 0x0000000000000000
core   0: 0x000000008000fe9e (0x00e78023) sb      a4, 0(a5)
core   0: 3 0x000000008000fe9e (0x00e78023) mem 0x00000000800120a8 0x00
core   0: 0x000000008000fea2 (0xfc843703) ld      a4, -56(s0)
core   0: 3 0x000000008000fea2 (0xfc843703) x14 0x0000000080012040 mem 0x0000000080031f38
core   0: 0x000000008000fea6 (0xfb843783) ld      a5, -72(s0)
core   0: 3 0x000000008000fea6 (0xfb843783) x15 0x000000000000009c mem 0x0000000080031f28
core   0: 0x000000008000feaa (0x000097ba) c.add   a5, a4
core   0: 3 0x000000008000feaa (0x97ba) x15 0x00000000800120dc
core   0: 0x000000008000feac (0xfe043703) ld      a4, -32(s0)
core   0: 3 0x000000008000feac (0xfe043703) x14 0x00000000800120a9 mem 0x0000000080031f50
core   0: 0x000000008000feb0 (0xfcf76de3) bltu    a4, a5, pc - 38
core   0: 3 0x000000008000feb0 (0xfcf76de3)
core   0: 0x000000008000fe8a (0xfe043783) ld      a5, -32(s0)
core   0: 3 0x000000008000fe8a (0xfe043783) x15 0x00000000800120a9 mem 0x0000000080031f50
core   0: 0x000000008000fe8e (0x00178713) addi    a4, a5, 1
core   0: 3 0x000000008000fe8e (0x00178713) x14 0x00000000800120aa
core   0: 0x000000008000fe92 (0xfee43023) sd      a4, -32(s0)
core   0: 3 0x000000008000fe92 (0xfee43023) mem 0x0000000080031f50 0x00000000800120aa
core   0: 0x000000008000fe96 (0xfc442703) lw      a4, -60(s0)
core   0: 3 0x000000008000fe96 (0xfc442703) x14 0x0000000000000000 mem 0x0000000080031f34
core   0: 0x000000008000fe9a (0x0ff77713) andi    a4, a4, 255
core   0: 3 0x000000008000fe9a (0x0ff77713) x14 0x0000000000000000
core   0: 0x000000008000fe9e (0x00e78023) sb      a4, 0(a5)
core   0: 3 0x000000008000fe9e (0x00e78023) mem 0x00000000800120a9 0x00
core   0: 0x000000008000fea2 (0xfc843703) ld      a4, -56(s0)
core   0: 3 0x000000008000fea2 (0xfc843703) x14 0x0000000080012040 mem 0x0000000080031f38
core   0: 0x000000008000fea6 (0xfb843783) ld      a5, -72(s0)
core   0: 3 0x000000008000fea6 (0xfb843783) x15 0x000000000000009c mem 0x0000000080031f28
core   0: 0x000000008000feaa (0x000097ba) c.add   a5, a4
core   0: 3 0x000000008000feaa (0x97ba) x15 0x00000000800120dc
core   0: 0x000000008000feac (0xfe043703) ld      a4, -32(s0)
core   0: 3 0x000000008000feac (0xfe043703) x14 0x00000000800120aa mem 0x0000000080031f50
core   0: 0x000000008000feb0 (0xfcf76de3) bltu    a4, a5, pc - 38
core   0: 3 0x000000008000feb0 (0xfcf76de3)
core   0: 0x000000008000fe8a (0xfe043783) ld      a5, -32(s0)
core   0: 3 0x000000008000fe8a (0xfe043783) x15 0x00000000800120aa mem 0x0000000080031f50
core   0: 0x000000008000fe8e (0x00178713) addi    a4, a5, 1
core   0: 3 0x000000008000fe8e (0x00178713) x14 0x00000000800120ab
core   0: 0x000000008000fe92 (0xfee43023) sd      a4, -32(s0)
core   0: 3 0x000000008000fe92 (0xfee43023) mem 0x0000000080031f50 0x00000000800120ab
core   0: 0x000000008000fe96 (0xfc442703) lw      a4, -60(s0)
core   0: 3 0x000000008000fe96 (0xfc442703) x14 0x0000000000000000 mem 0x0000000080031f34
core   0: 0x000000008000fe9a (0x0ff77713) andi    a4, a4, 255
core   0: 3 0x000000008000fe9a (0x0ff77713) x14 0x0000000000000000
core   0: 0x000000008000fe9e (0x00e78023) sb      a4, 0(a5)
core   0: 3 0x000000008000fe9e (0x00e78023) mem 0x00000000800120aa 0x00
core   0: 0x000000008000fea2 (0xfc843703) ld      a4, -56(s0)
core   0: 3 0x000000008000fea2 (0xfc843703) x14 0x0000000080012040 mem 0x0000000080031f38
core   0: 0x000000008000fea6 (0xfb843783) ld      a5, -72(s0)
core   0: 3 0x000000008000fea6 (0xfb843783) x15 0x000000000000009c mem 0x0000000080031f28
core   0: 0x000000008000feaa (0x000097ba) c.add   a5, a4
core   0: 3 0x000000008000feaa (0x97ba) x15 0x00000000800120dc
core   0: 0x000000008000feac (0xfe043703) ld      a4, -32(s0)
core   0: 3 0x000000008000feac (0xfe043703) x14 0x00000000800120ab mem 0x0000000080031f50
core   0: 0x000000008000feb0 (0xfcf76de3) bltu    a4, a5, pc - 38
core   0: 3 0x000000008000feb0 (0xfcf76de3)
core   0: 0x000000008000fe8a (0xfe043783) ld      a5, -32(s0)
core   0: 3 0x000000008000fe8a (0xfe043783) x15 0x00000000800120ab mem 0x0000000080031f50
core   0: 0x000000008000fe8e (0x00178713) addi    a4, a5, 1
core   0: 3 0x000000008000fe8e (0x00178713) x14 0x00000000800120ac
core   0: 0x000000008000fe92 (0xfee43023) sd      a4, -32(s0)
core   0: 3 0x000000008000fe92 (0xfee43023) mem 0x0000000080031f50 0x00000000800120ac
core   0: 0x000000008000fe96 (0xfc442703) lw      a4, -60(s0)
core   0: 3 0x000000008000fe96 (0xfc442703) x14 0x0000000000000000 mem 0x0000000080031f34
core   0: 0x000000008000fe9a (0x0ff77713) andi    a4, a4, 255
core   0: 3 0x000000008000fe9a (0x0ff77713) x14 0x0000000000000000
core   0: 0x000000008000fe9e (0x00e78023) sb      a4, 0(a5)
core   0: 3 0x000000008000fe9e (0x00e78023) mem 0x00000000800120ab 0x00
core   0: 0x000000008000fea2 (0xfc843703) ld      a4, -56(s0)
core   0: 3 0x000000008000fea2 (0xfc843703) x14 0x0000000080012040 mem 0x0000000080031f38
core   0: 0x000000008000fea6 (0xfb843783) ld      a5, -72(s0)
core   0: 3 0x000000008000fea6 (0xfb843783) x15 0x000000000000009c mem 0x0000000080031f28
core   0: 0x000000008000feaa (0x000097ba) c.add   a5, a4
core   0: 3 0x000000008000feaa (0x97ba) x15 0x00000000800120dc
core   0: 0x000000008000feac (0xfe043703) ld      a4, -32(s0)
core   0: 3 0x000000008000feac (0xfe043703) x14 0x00000000800120ac mem 0x0000000080031f50
core   0: 0x000000008000feb0 (0xfcf76de3) bltu    a4, a5, pc - 38
core   0: 3 0x000000008000feb0 (0xfcf76de3)
core   0: 0x000000008000fe8a (0xfe043783) ld      a5, -32(s0)
core   0: 3 0x000000008000fe8a (0xfe043783) x15 0x00000000800120ac mem 0x0000000080031f50
core   0: 0x000000008000fe8e (0x00178713) addi    a4, a5, 1
core   0: 3 0x000000008000fe8e (0x00178713) x14 0x00000000800120ad
core   0: 0x000000008000fe92 (0xfee43023) sd      a4, -32(s0)
core   0: 3 0x000000008000fe92 (0xfee43023) mem 0x0000000080031f50 0x00000000800120ad
core   0: 0x000000008000fe96 (0xfc442703) lw      a4, -60(s0)
core   0: 3 0x000000008000fe96 (0xfc442703) x14 0x0000000000000000 mem 0x0000000080031f34
core   0: 0x000000008000fe9a (0x0ff77713) andi    a4, a4, 255
core   0: 3 0x000000008000fe9a (0x0ff77713) x14 0x0000000000000000
core   0: 0x000000008000fe9e (0x00e78023) sb      a4, 0(a5)
core   0: 3 0x000000008000fe9e (0x00e78023) mem 0x00000000800120ac 0x00
core   0: 0x000000008000fea2 (0xfc843703) ld      a4, -56(s0)
core   0: 3 0x000000008000fea2 (0xfc843703) x14 0x0000000080012040 mem 0x0000000080031f38
core   0: 0x000000008000fea6 (0xfb843783) ld      a5, -72(s0)
core   0: 3 0x000000008000fea6 (0xfb843783) x15 0x000000000000009c mem 0x0000000080031f28
core   0: 0x000000008000feaa (0x000097ba) c.add   a5, a4
core   0: 3 0x000000008000feaa (0x97ba) x15 0x00000000800120dc
core   0: 0x000000008000feac (0xfe043703) ld      a4, -32(s0)
core   0: 3 0x000000008000feac (0xfe043703) x14 0x00000000800120ad mem 0x0000000080031f50
core   0: 0x000000008000feb0 (0xfcf76de3) bltu    a4, a5, pc - 38
core   0: 3 0x000000008000feb0 (0xfcf76de3)
core   0: 0x000000008000fe8a (0xfe043783) ld      a5, -32(s0)
core   0: 3 0x000000008000fe8a (0xfe043783) x15 0x00000000800120ad mem 0x0000000080031f50
core   0: 0x000000008000fe8e (0x00178713) addi    a4, a5, 1
core   0: 3 0x000000008000fe8e (0x00178713) x14 0x00000000800120ae
core   0: 0x000000008000fe92 (0xfee43023) sd      a4, -32(s0)
core   0: 3 0x000000008000fe92 (0xfee43023) mem 0x0000000080031f50 0x00000000800120ae
core   0: 0x000000008000fe96 (0xfc442703) lw      a4, -60(s0)
core   0: 3 0x000000008000fe96 (0xfc442703) x14 0x0000000000000000 mem 0x0000000080031f34
core   0: 0x000000008000fe9a (0x0ff77713) andi    a4, a4, 255
core   0: 3 0x000000008000fe9a (0x0ff77713) x14 0x0000000000000000
core   0: 0x000000008000fe9e (0x00e78023) sb      a4, 0(a5)
core   0: 3 0x000000008000fe9e (0x00e78023) mem 0x00000000800120ad 0x00
core   0: 0x000000008000fea2 (0xfc843703) ld      a4, -56(s0)
core   0: 3 0x000000008000fea2 (0xfc843703) x14 0x0000000080012040 mem 0x0000000080031f38
core   0: 0x000000008000fea6 (0xfb843783) ld      a5, -72(s0)
core   0: 3 0x000000008000fea6 (0xfb843783) x15 0x000000000000009c mem 0x0000000080031f28
core   0: 0x000000008000feaa (0x000097ba) c.add   a5, a4
core   0: 3 0x000000008000feaa (0x97ba) x15 0x00000000800120dc
core   0: 0x000000008000feac (0xfe043703) ld      a4, -32(s0)
core   0: 3 0x000000008000feac (0xfe043703) x14 0x00000000800120ae mem 0x0000000080031f50
core   0: 0x000000008000feb0 (0xfcf76de3) bltu    a4, a5, pc - 38
core   0: 3 0x000000008000feb0 (0xfcf76de3)
core   0: 0x000000008000fe8a (0xfe043783) ld      a5, -32(s0)
core   0: 3 0x000000008000fe8a (0xfe043783) x15 0x00000000800120ae mem 0x0000000080031f50
core   0: 0x000000008000fe8e (0x00178713) addi    a4, a5, 1
core   0: 3 0x000000008000fe8e (0x00178713) x14 0x00000000800120af
core   0: 0x000000008000fe92 (0xfee43023) sd      a4, -32(s0)
core   0: 3 0x000000008000fe92 (0xfee43023) mem 0x0000000080031f50 0x00000000800120af
core   0: 0x000000008000fe96 (0xfc442703) lw      a4, -60(s0)
core   0: 3 0x000000008000fe96 (0xfc442703) x14 0x0000000000000000 mem 0x0000000080031f34
core   0: 0x000000008000fe9a (0x0ff77713) andi    a4, a4, 255
core   0: 3 0x000000008000fe9a (0x0ff77713) x14 0x0000000000000000
core   0: 0x000000008000fe9e (0x00e78023) sb      a4, 0(a5)
core   0: 3 0x000000008000fe9e (0x00e78023) mem 0x00000000800120ae 0x00
core   0: 0x000000008000fea2 (0xfc843703) ld      a4, -56(s0)
core   0: 3 0x000000008000fea2 (0xfc843703) x14 0x0000000080012040 mem 0x0000000080031f38
core   0: 0x000000008000fea6 (0xfb843783) ld      a5, -72(s0)
core   0: 3 0x000000008000fea6 (0xfb843783) x15 0x000000000000009c mem 0x0000000080031f28
core   0: 0x000000008000feaa (0x000097ba) c.add   a5, a4
core   0: 3 0x000000008000feaa (0x97ba) x15 0x00000000800120dc
core   0: 0x000000008000feac (0xfe043703) ld      a4, -32(s0)
core   0: 3 0x000000008000feac (0xfe043703) x14 0x00000000800120af mem 0x0000000080031f50
core   0: 0x000000008000feb0 (0xfcf76de3) bltu    a4, a5, pc - 38
core   0: 3 0x000000008000feb0 (0xfcf76de3)
core   0: 0x000000008000fe8a (0xfe043783) ld      a5, -32(s0)
core   0: 3 0x000000008000fe8a (0xfe043783) x15 0x00000000800120af mem 0x0000000080031f50
core   0: 0x000000008000fe8e (0x00178713) addi    a4, a5, 1
core   0: 3 0x000000008000fe8e (0x00178713) x14 0x00000000800120b0
core   0: 0x000000008000fe92 (0xfee43023) sd      a4, -32(s0)
core   0: 3 0x000000008000fe92 (0xfee43023) mem 0x0000000080031f50 0x00000000800120b0
core   0: 0x000000008000fe96 (0xfc442703) lw      a4, -60(s0)
core   0: 3 0x000000008000fe96 (0xfc442703) x14 0x0000000000000000 mem 0x0000000080031f34
core   0: 0x000000008000fe9a (0x0ff77713) andi    a4, a4, 255
core   0: 3 0x000000008000fe9a (0x0ff77713) x14 0x0000000000000000
core   0: 0x000000008000fe9e (0x00e78023) sb      a4, 0(a5)
core   0: 3 0x000000008000fe9e (0x00e78023) mem 0x00000000800120af 0x00
core   0: 0x000000008000fea2 (0xfc843703) ld      a4, -56(s0)
core   0: 3 0x000000008000fea2 (0xfc843703) x14 0x0000000080012040 mem 0x0000000080031f38
core   0: 0x000000008000fea6 (0xfb843783) ld      a5, -72(s0)
core   0: 3 0x000000008000fea6 (0xfb843783) x15 0x000000000000009c mem 0x0000000080031f28
core   0: 0x000000008000feaa (0x000097ba) c.add   a5, a4
core   0: 3 0x000000008000feaa (0x97ba) x15 0x00000000800120dc
core   0: 0x000000008000feac (0xfe043703) ld      a4, -32(s0)
core   0: 3 0x000000008000feac (0xfe043703) x14 0x00000000800120b0 mem 0x0000000080031f50
core   0: 0x000000008000feb0 (0xfcf76de3) bltu    a4, a5, pc - 38
core   0: 3 0x000000008000feb0 (0xfcf76de3)
core   0: 0x000000008000fe8a (0xfe043783) ld      a5, -32(s0)
core   0: 3 0x000000008000fe8a (0xfe043783) x15 0x00000000800120b0 mem 0x0000000080031f50
core   0: 0x000000008000fe8e (0x00178713) addi    a4, a5, 1
core   0: 3 0x000000008000fe8e (0x00178713) x14 0x00000000800120b1
core   0: 0x000000008000fe92 (0xfee43023) sd      a4, -32(s0)
core   0: 3 0x000000008000fe92 (0xfee43023) mem 0x0000000080031f50 0x00000000800120b1
core   0: 0x000000008000fe96 (0xfc442703) lw      a4, -60(s0)
core   0: 3 0x000000008000fe96 (0xfc442703) x14 0x0000000000000000 mem 0x0000000080031f34
core   0: 0x000000008000fe9a (0x0ff77713) andi    a4, a4, 255
core   0: 3 0x000000008000fe9a (0x0ff77713) x14 0x0000000000000000
core   0: 0x000000008000fe9e (0x00e78023) sb      a4, 0(a5)
core   0: 3 0x000000008000fe9e (0x00e78023) mem 0x00000000800120b0 0x00
core   0: 0x000000008000fea2 (0xfc843703) ld      a4, -56(s0)
core   0: 3 0x000000008000fea2 (0xfc843703) x14 0x0000000080012040 mem 0x0000000080031f38
core   0: 0x000000008000fea6 (0xfb843783) ld      a5, -72(s0)
core   0: 3 0x000000008000fea6 (0xfb843783) x15 0x000000000000009c mem 0x0000000080031f28
core   0: 0x000000008000feaa (0x000097ba) c.add   a5, a4
core   0: 3 0x000000008000feaa (0x97ba) x15 0x00000000800120dc
core   0: 0x000000008000feac (0xfe043703) ld      a4, -32(s0)
core   0: 3 0x000000008000feac (0xfe043703) x14 0x00000000800120b1 mem 0x0000000080031f50
core   0: 0x000000008000feb0 (0xfcf76de3) bltu    a4, a5, pc - 38
core   0: 3 0x000000008000feb0 (0xfcf76de3)
core   0: 0x000000008000fe8a (0xfe043783) ld      a5, -32(s0)
core   0: 3 0x000000008000fe8a (0xfe043783) x15 0x00000000800120b1 mem 0x0000000080031f50
core   0: 0x000000008000fe8e (0x00178713) addi    a4, a5, 1
core   0: 3 0x000000008000fe8e (0x00178713) x14 0x00000000800120b2
core   0: 0x000000008000fe92 (0xfee43023) sd      a4, -32(s0)
core   0: 3 0x000000008000fe92 (0xfee43023) mem 0x0000000080031f50 0x00000000800120b2
core   0: 0x000000008000fe96 (0xfc442703) lw      a4, -60(s0)
core   0: 3 0x000000008000fe96 (0xfc442703) x14 0x0000000000000000 mem 0x0000000080031f34
core   0: 0x000000008000fe9a (0x0ff77713) andi    a4, a4, 255
core   0: 3 0x000000008000fe9a (0x0ff77713) x14 0x0000000000000000
core   0: 0x000000008000fe9e (0x00e78023) sb      a4, 0(a5)
core   0: 3 0x000000008000fe9e (0x00e78023) mem 0x00000000800120b1 0x00
core   0: 0x000000008000fea2 (0xfc843703) ld      a4, -56(s0)
core   0: 3 0x000000008000fea2 (0xfc843703) x14 0x0000000080012040 mem 0x0000000080031f38
core   0: 0x000000008000fea6 (0xfb843783) ld      a5, -72(s0)
core   0: 3 0x000000008000fea6 (0xfb843783) x15 0x000000000000009c mem 0x0000000080031f28
core   0: 0x000000008000feaa (0x000097ba) c.add   a5, a4
core   0: 3 0x000000008000feaa (0x97ba) x15 0x00000000800120dc
core   0: 0x000000008000feac (0xfe043703) ld      a4, -32(s0)
core   0: 3 0x000000008000feac (0xfe043703) x14 0x00000000800120b2 mem 0x0000000080031f50
core   0: 0x000000008000feb0 (0xfcf76de3) bltu    a4, a5, pc - 38
core   0: 3 0x000000008000feb0 (0xfcf76de3)
core   0: 0x000000008000fe8a (0xfe043783) ld      a5, -32(s0)
core   0: 3 0x000000008000fe8a (0xfe043783) x15 0x00000000800120b2 mem 0x0000000080031f50
core   0: 0x000000008000fe8e (0x00178713) addi    a4, a5, 1
core   0: 3 0x000000008000fe8e (0x00178713) x14 0x00000000800120b3
core   0: 0x000000008000fe92 (0xfee43023) sd      a4, -32(s0)
core   0: 3 0x000000008000fe92 (0xfee43023) mem 0x0000000080031f50 0x00000000800120b3
core   0: 0x000000008000fe96 (0xfc442703) lw      a4, -60(s0)
core   0: 3 0x000000008000fe96 (0xfc442703) x14 0x0000000000000000 mem 0x0000000080031f34
core   0: 0x000000008000fe9a (0x0ff77713) andi    a4, a4, 255
core   0: 3 0x000000008000fe9a (0x0ff77713) x14 0x0000000000000000
core   0: 0x000000008000fe9e (0x00e78023) sb      a4, 0(a5)
core   0: 3 0x000000008000fe9e (0x00e78023) mem 0x00000000800120b2 0x00
core   0: 0x000000008000fea2 (0xfc843703) ld      a4, -56(s0)
core   0: 3 0x000000008000fea2 (0xfc843703) x14 0x0000000080012040 mem 0x0000000080031f38
core   0: 0x000000008000fea6 (0xfb843783) ld      a5, -72(s0)
core   0: 3 0x000000008000fea6 (0xfb843783) x15 0x000000000000009c mem 0x0000000080031f28
core   0: 0x000000008000feaa (0x000097ba) c.add   a5, a4
core   0: 3 0x000000008000feaa (0x97ba) x15 0x00000000800120dc
core   0: 0x000000008000feac (0xfe043703) ld      a4, -32(s0)
core   0: 3 0x000000008000feac (0xfe043703) x14 0x00000000800120b3 mem 0x0000000080031f50
core   0: 0x000000008000feb0 (0xfcf76de3) bltu    a4, a5, pc - 38
core   0: 3 0x000000008000feb0 (0xfcf76de3)
core   0: 0x000000008000fe8a (0xfe043783) ld      a5, -32(s0)
core   0: 3 0x000000008000fe8a (0xfe043783) x15 0x00000000800120b3 mem 0x0000000080031f50
core   0: 0x000000008000fe8e (0x00178713) addi    a4, a5, 1
core   0: 3 0x000000008000fe8e (0x00178713) x14 0x00000000800120b4
core   0: 0x000000008000fe92 (0xfee43023) sd      a4, -32(s0)
core   0: 3 0x000000008000fe92 (0xfee43023) mem 0x0000000080031f50 0x00000000800120b4
core   0: 0x000000008000fe96 (0xfc442703) lw      a4, -60(s0)
core   0: 3 0x000000008000fe96 (0xfc442703) x14 0x0000000000000000 mem 0x0000000080031f34
core   0: 0x000000008000fe9a (0x0ff77713) andi    a4, a4, 255
core   0: 3 0x000000008000fe9a (0x0ff77713) x14 0x0000000000000000
core   0: 0x000000008000fe9e (0x00e78023) sb      a4, 0(a5)
core   0: 3 0x000000008000fe9e (0x00e78023) mem 0x00000000800120b3 0x00
core   0: 0x000000008000fea2 (0xfc843703) ld      a4, -56(s0)
core   0: 3 0x000000008000fea2 (0xfc843703) x14 0x0000000080012040 mem 0x0000000080031f38
core   0: 0x000000008000fea6 (0xfb843783) ld      a5, -72(s0)
core   0: 3 0x000000008000fea6 (0xfb843783) x15 0x000000000000009c mem 0x0000000080031f28
core   0: 0x000000008000feaa (0x000097ba) c.add   a5, a4
core   0: 3 0x000000008000feaa (0x97ba) x15 0x00000000800120dc
core   0: 0x000000008000feac (0xfe043703) ld      a4, -32(s0)
core   0: 3 0x000000008000feac (0xfe043703) x14 0x00000000800120b4 mem 0x0000000080031f50
core   0: 0x000000008000feb0 (0xfcf76de3) bltu    a4, a5, pc - 38
core   0: 3 0x000000008000feb0 (0xfcf76de3)
core   0: 0x000000008000fe8a (0xfe043783) ld      a5, -32(s0)
core   0: 3 0x000000008000fe8a (0xfe043783) x15 0x00000000800120b4 mem 0x0000000080031f50
core   0: 0x000000008000fe8e (0x00178713) addi    a4, a5, 1
core   0: 3 0x000000008000fe8e (0x00178713) x14 0x00000000800120b5
core   0: 0x000000008000fe92 (0xfee43023) sd      a4, -32(s0)
core   0: 3 0x000000008000fe92 (0xfee43023) mem 0x0000000080031f50 0x00000000800120b5
core   0: 0x000000008000fe96 (0xfc442703) lw      a4, -60(s0)
core   0: 3 0x000000008000fe96 (0xfc442703) x14 0x0000000000000000 mem 0x0000000080031f34
core   0: 0x000000008000fe9a (0x0ff77713) andi    a4, a4, 255
core   0: 3 0x000000008000fe9a (0x0ff77713) x14 0x0000000000000000
core   0: 0x000000008000fe9e (0x00e78023) sb      a4, 0(a5)
core   0: 3 0x000000008000fe9e (0x00e78023) mem 0x00000000800120b4 0x00
core   0: 0x000000008000fea2 (0xfc843703) ld      a4, -56(s0)
core   0: 3 0x000000008000fea2 (0xfc843703) x14 0x0000000080012040 mem 0x0000000080031f38
core   0: 0x000000008000fea6 (0xfb843783) ld      a5, -72(s0)
core   0: 3 0x000000008000fea6 (0xfb843783) x15 0x000000000000009c mem 0x0000000080031f28
core   0: 0x000000008000feaa (0x000097ba) c.add   a5, a4
core   0: 3 0x000000008000feaa (0x97ba) x15 0x00000000800120dc
core   0: 0x000000008000feac (0xfe043703) ld      a4, -32(s0)
core   0: 3 0x000000008000feac (0xfe043703) x14 0x00000000800120b5 mem 0x0000000080031f50
core   0: 0x000000008000feb0 (0xfcf76de3) bltu    a4, a5, pc - 38
core   0: 3 0x000000008000feb0 (0xfcf76de3)
core   0: 0x000000008000fe8a (0xfe043783) ld      a5, -32(s0)
core   0: 3 0x000000008000fe8a (0xfe043783) x15 0x00000000800120b5 mem 0x0000000080031f50
core   0: 0x000000008000fe8e (0x00178713) addi    a4, a5, 1
core   0: 3 0x000000008000fe8e (0x00178713) x14 0x00000000800120b6
core   0: 0x000000008000fe92 (0xfee43023) sd      a4, -32(s0)
core   0: 3 0x000000008000fe92 (0xfee43023) mem 0x0000000080031f50 0x00000000800120b6
core   0: 0x000000008000fe96 (0xfc442703) lw      a4, -60(s0)
core   0: 3 0x000000008000fe96 (0xfc442703) x14 0x0000000000000000 mem 0x0000000080031f34
core   0: 0x000000008000fe9a (0x0ff77713) andi    a4, a4, 255
core   0: 3 0x000000008000fe9a (0x0ff77713) x14 0x0000000000000000
core   0: 0x000000008000fe9e (0x00e78023) sb      a4, 0(a5)
core   0: 3 0x000000008000fe9e (0x00e78023) mem 0x00000000800120b5 0x00
core   0: 0x000000008000fea2 (0xfc843703) ld      a4, -56(s0)
core   0: 3 0x000000008000fea2 (0xfc843703) x14 0x0000000080012040 mem 0x0000000080031f38
core   0: 0x000000008000fea6 (0xfb843783) ld      a5, -72(s0)
core   0: 3 0x000000008000fea6 (0xfb843783) x15 0x000000000000009c mem 0x0000000080031f28
core   0: 0x000000008000feaa (0x000097ba) c.add   a5, a4
core   0: 3 0x000000008000feaa (0x97ba) x15 0x00000000800120dc
core   0: 0x000000008000feac (0xfe043703) ld      a4, -32(s0)
core   0: 3 0x000000008000feac (0xfe043703) x14 0x00000000800120b6 mem 0x0000000080031f50
core   0: 0x000000008000feb0 (0xfcf76de3) bltu    a4, a5, pc - 38
core   0: 3 0x000000008000feb0 (0xfcf76de3)
core   0: 0x000000008000fe8a (0xfe043783) ld      a5, -32(s0)
core   0: 3 0x000000008000fe8a (0xfe043783) x15 0x00000000800120b6 mem 0x0000000080031f50
core   0: 0x000000008000fe8e (0x00178713) addi    a4, a5, 1
core   0: 3 0x000000008000fe8e (0x00178713) x14 0x00000000800120b7
core   0: 0x000000008000fe92 (0xfee43023) sd      a4, -32(s0)
core   0: 3 0x000000008000fe92 (0xfee43023) mem 0x0000000080031f50 0x00000000800120b7
core   0: 0x000000008000fe96 (0xfc442703) lw      a4, -60(s0)
core   0: 3 0x000000008000fe96 (0xfc442703) x14 0x0000000000000000 mem 0x0000000080031f34
core   0: 0x000000008000fe9a (0x0ff77713) andi    a4, a4, 255
core   0: 3 0x000000008000fe9a (0x0ff77713) x14 0x0000000000000000
core   0: 0x000000008000fe9e (0x00e78023) sb      a4, 0(a5)
core   0: 3 0x000000008000fe9e (0x00e78023) mem 0x00000000800120b6 0x00
core   0: 0x000000008000fea2 (0xfc843703) ld      a4, -56(s0)
core   0: 3 0x000000008000fea2 (0xfc843703) x14 0x0000000080012040 mem 0x0000000080031f38
core   0: 0x000000008000fea6 (0xfb843783) ld      a5, -72(s0)
core   0: 3 0x000000008000fea6 (0xfb843783) x15 0x000000000000009c mem 0x0000000080031f28
core   0: 0x000000008000feaa (0x000097ba) c.add   a5, a4
core   0: 3 0x000000008000feaa (0x97ba) x15 0x00000000800120dc
core   0: 0x000000008000feac (0xfe043703) ld      a4, -32(s0)
core   0: 3 0x000000008000feac (0xfe043703) x14 0x00000000800120b7 mem 0x0000000080031f50
core   0: 0x000000008000feb0 (0xfcf76de3) bltu    a4, a5, pc - 38
core   0: 3 0x000000008000feb0 (0xfcf76de3)
core   0: 0x000000008000fe8a (0xfe043783) ld      a5, -32(s0)
core   0: 3 0x000000008000fe8a (0xfe043783) x15 0x00000000800120b7 mem 0x0000000080031f50
core   0: 0x000000008000fe8e (0x00178713) addi    a4, a5, 1
core   0: 3 0x000000008000fe8e (0x00178713) x14 0x00000000800120b8
core   0: 0x000000008000fe92 (0xfee43023) sd      a4, -32(s0)
core   0: 3 0x000000008000fe92 (0xfee43023) mem 0x0000000080031f50 0x00000000800120b8
core   0: 0x000000008000fe96 (0xfc442703) lw      a4, -60(s0)
core   0: 3 0x000000008000fe96 (0xfc442703) x14 0x0000000000000000 mem 0x0000000080031f34
core   0: 0x000000008000fe9a (0x0ff77713) andi    a4, a4, 255
core   0: 3 0x000000008000fe9a (0x0ff77713) x14 0x0000000000000000
core   0: 0x000000008000fe9e (0x00e78023) sb      a4, 0(a5)
core   0: 3 0x000000008000fe9e (0x00e78023) mem 0x00000000800120b7 0x00
core   0: 0x000000008000fea2 (0xfc843703) ld      a4, -56(s0)
core   0: 3 0x000000008000fea2 (0xfc843703) x14 0x0000000080012040 mem 0x0000000080031f38
core   0: 0x000000008000fea6 (0xfb843783) ld      a5, -72(s0)
core   0: 3 0x000000008000fea6 (0xfb843783) x15 0x000000000000009c mem 0x0000000080031f28
core   0: 0x000000008000feaa (0x000097ba) c.add   a5, a4
core   0: 3 0x000000008000feaa (0x97ba) x15 0x00000000800120dc
core   0: 0x000000008000feac (0xfe043703) ld      a4, -32(s0)
core   0: 3 0x000000008000feac (0xfe043703) x14 0x00000000800120b8 mem 0x0000000080031f50
core   0: 0x000000008000feb0 (0xfcf76de3) bltu    a4, a5, pc - 38
core   0: 3 0x000000008000feb0 (0xfcf76de3)
core   0: 0x000000008000fe8a (0xfe043783) ld      a5, -32(s0)
core   0: 3 0x000000008000fe8a (0xfe043783) x15 0x00000000800120b8 mem 0x0000000080031f50
core   0: 0x000000008000fe8e (0x00178713) addi    a4, a5, 1
core   0: 3 0x000000008000fe8e (0x00178713) x14 0x00000000800120b9
core   0: 0x000000008000fe92 (0xfee43023) sd      a4, -32(s0)
core   0: 3 0x000000008000fe92 (0xfee43023) mem 0x0000000080031f50 0x00000000800120b9
core   0: 0x000000008000fe96 (0xfc442703) lw      a4, -60(s0)
core   0: 3 0x000000008000fe96 (0xfc442703) x14 0x0000000000000000 mem 0x0000000080031f34
core   0: 0x000000008000fe9a (0x0ff77713) andi    a4, a4, 255
core   0: 3 0x000000008000fe9a (0x0ff77713) x14 0x0000000000000000
core   0: 0x000000008000fe9e (0x00e78023) sb      a4, 0(a5)
core   0: 3 0x000000008000fe9e (0x00e78023) mem 0x00000000800120b8 0x00
core   0: 0x000000008000fea2 (0xfc843703) ld      a4, -56(s0)
core   0: 3 0x000000008000fea2 (0xfc843703) x14 0x0000000080012040 mem 0x0000000080031f38
core   0: 0x000000008000fea6 (0xfb843783) ld      a5, -72(s0)
core   0: 3 0x000000008000fea6 (0xfb843783) x15 0x000000000000009c mem 0x0000000080031f28
core   0: 0x000000008000feaa (0x000097ba) c.add   a5, a4
core   0: 3 0x000000008000feaa (0x97ba) x15 0x00000000800120dc
core   0: 0x000000008000feac (0xfe043703) ld      a4, -32(s0)
core   0: 3 0x000000008000feac (0xfe043703) x14 0x00000000800120b9 mem 0x0000000080031f50
core   0: 0x000000008000feb0 (0xfcf76de3) bltu    a4, a5, pc - 38
core   0: 3 0x000000008000feb0 (0xfcf76de3)
core   0: 0x000000008000fe8a (0xfe043783) ld      a5, -32(s0)
core   0: 3 0x000000008000fe8a (0xfe043783) x15 0x00000000800120b9 mem 0x0000000080031f50
core   0: 0x000000008000fe8e (0x00178713) addi    a4, a5, 1
core   0: 3 0x000000008000fe8e (0x00178713) x14 0x00000000800120ba
core   0: 0x000000008000fe92 (0xfee43023) sd      a4, -32(s0)
core   0: 3 0x000000008000fe92 (0xfee43023) mem 0x0000000080031f50 0x00000000800120ba
core   0: 0x000000008000fe96 (0xfc442703) lw      a4, -60(s0)
core   0: 3 0x000000008000fe96 (0xfc442703) x14 0x0000000000000000 mem 0x0000000080031f34
core   0: 0x000000008000fe9a (0x0ff77713) andi    a4, a4, 255
core   0: 3 0x000000008000fe9a (0x0ff77713) x14 0x0000000000000000
core   0: 0x000000008000fe9e (0x00e78023) sb      a4, 0(a5)
core   0: 3 0x000000008000fe9e (0x00e78023) mem 0x00000000800120b9 0x00
core   0: 0x000000008000fea2 (0xfc843703) ld      a4, -56(s0)
core   0: 3 0x000000008000fea2 (0xfc843703) x14 0x0000000080012040 mem 0x0000000080031f38
core   0: 0x000000008000fea6 (0xfb843783) ld      a5, -72(s0)
core   0: 3 0x000000008000fea6 (0xfb843783) x15 0x000000000000009c mem 0x0000000080031f28
core   0: 0x000000008000feaa (0x000097ba) c.add   a5, a4
core   0: 3 0x000000008000feaa (0x97ba) x15 0x00000000800120dc
core   0: 0x000000008000feac (0xfe043703) ld      a4, -32(s0)
core   0: 3 0x000000008000feac (0xfe043703) x14 0x00000000800120ba mem 0x0000000080031f50
core   0: 0x000000008000feb0 (0xfcf76de3) bltu    a4, a5, pc - 38
core   0: 3 0x000000008000feb0 (0xfcf76de3)
core   0: 0x000000008000fe8a (0xfe043783) ld      a5, -32(s0)
core   0: 3 0x000000008000fe8a (0xfe043783) x15 0x00000000800120ba mem 0x0000000080031f50
core   0: 0x000000008000fe8e (0x00178713) addi    a4, a5, 1
core   0: 3 0x000000008000fe8e (0x00178713) x14 0x00000000800120bb
core   0: 0x000000008000fe92 (0xfee43023) sd      a4, -32(s0)
core   0: 3 0x000000008000fe92 (0xfee43023) mem 0x0000000080031f50 0x00000000800120bb
core   0: 0x000000008000fe96 (0xfc442703) lw      a4, -60(s0)
core   0: 3 0x000000008000fe96 (0xfc442703) x14 0x0000000000000000 mem 0x0000000080031f34
core   0: 0x000000008000fe9a (0x0ff77713) andi    a4, a4, 255
core   0: 3 0x000000008000fe9a (0x0ff77713) x14 0x0000000000000000
core   0: 0x000000008000fe9e (0x00e78023) sb      a4, 0(a5)
core   0: 3 0x000000008000fe9e (0x00e78023) mem 0x00000000800120ba 0x00
core   0: 0x000000008000fea2 (0xfc843703) ld      a4, -56(s0)
core   0: 3 0x000000008000fea2 (0xfc843703) x14 0x0000000080012040 mem 0x0000000080031f38
core   0: 0x000000008000fea6 (0xfb843783) ld      a5, -72(s0)
core   0: 3 0x000000008000fea6 (0xfb843783) x15 0x000000000000009c mem 0x0000000080031f28
core   0: 0x000000008000feaa (0x000097ba) c.add   a5, a4
core   0: 3 0x000000008000feaa (0x97ba) x15 0x00000000800120dc
core   0: 0x000000008000feac (0xfe043703) ld      a4, -32(s0)
core   0: 3 0x000000008000feac (0xfe043703) x14 0x00000000800120bb mem 0x0000000080031f50
core   0: 0x000000008000feb0 (0xfcf76de3) bltu    a4, a5, pc - 38
core   0: 3 0x000000008000feb0 (0xfcf76de3)
core   0: 0x000000008000fe8a (0xfe043783) ld      a5, -32(s0)
core   0: 3 0x000000008000fe8a (0xfe043783) x15 0x00000000800120bb mem 0x0000000080031f50
core   0: 0x000000008000fe8e (0x00178713) addi    a4, a5, 1
core   0: 3 0x000000008000fe8e (0x00178713) x14 0x00000000800120bc
core   0: 0x000000008000fe92 (0xfee43023) sd      a4, -32(s0)
core   0: 3 0x000000008000fe92 (0xfee43023) mem 0x0000000080031f50 0x00000000800120bc
core   0: 0x000000008000fe96 (0xfc442703) lw      a4, -60(s0)
core   0: 3 0x000000008000fe96 (0xfc442703) x14 0x0000000000000000 mem 0x0000000080031f34
core   0: 0x000000008000fe9a (0x0ff77713) andi    a4, a4, 255
core   0: 3 0x000000008000fe9a (0x0ff77713) x14 0x0000000000000000
core   0: 0x000000008000fe9e (0x00e78023) sb      a4, 0(a5)
core   0: 3 0x000000008000fe9e (0x00e78023) mem 0x00000000800120bb 0x00
core   0: 0x000000008000fea2 (0xfc843703) ld      a4, -56(s0)
core   0: 3 0x000000008000fea2 (0xfc843703) x14 0x0000000080012040 mem 0x0000000080031f38
core   0: 0x000000008000fea6 (0xfb843783) ld      a5, -72(s0)
core   0: 3 0x000000008000fea6 (0xfb843783) x15 0x000000000000009c mem 0x0000000080031f28
core   0: 0x000000008000feaa (0x000097ba) c.add   a5, a4
core   0: 3 0x000000008000feaa (0x97ba) x15 0x00000000800120dc
core   0: 0x000000008000feac (0xfe043703) ld      a4, -32(s0)
core   0: 3 0x000000008000feac (0xfe043703) x14 0x00000000800120bc mem 0x0000000080031f50
core   0: 0x000000008000feb0 (0xfcf76de3) bltu    a4, a5, pc - 38
core   0: 3 0x000000008000feb0 (0xfcf76de3)
core   0: 0x000000008000fe8a (0xfe043783) ld      a5, -32(s0)
core   0: 3 0x000000008000fe8a (0xfe043783) x15 0x00000000800120bc mem 0x0000000080031f50
core   0: 0x000000008000fe8e (0x00178713) addi    a4, a5, 1
core   0: 3 0x000000008000fe8e (0x00178713) x14 0x00000000800120bd
core   0: 0x000000008000fe92 (0xfee43023) sd      a4, -32(s0)
core   0: 3 0x000000008000fe92 (0xfee43023) mem 0x0000000080031f50 0x00000000800120bd
core   0: 0x000000008000fe96 (0xfc442703) lw      a4, -60(s0)
core   0: 3 0x000000008000fe96 (0xfc442703) x14 0x0000000000000000 mem 0x0000000080031f34
core   0: 0x000000008000fe9a (0x0ff77713) andi    a4, a4, 255
core   0: 3 0x000000008000fe9a (0x0ff77713) x14 0x0000000000000000
core   0: 0x000000008000fe9e (0x00e78023) sb      a4, 0(a5)
core   0: 3 0x000000008000fe9e (0x00e78023) mem 0x00000000800120bc 0x00
core   0: 0x000000008000fea2 (0xfc843703) ld      a4, -56(s0)
core   0: 3 0x000000008000fea2 (0xfc843703) x14 0x0000000080012040 mem 0x0000000080031f38
core   0: 0x000000008000fea6 (0xfb843783) ld      a5, -72(s0)
core   0: 3 0x000000008000fea6 (0xfb843783) x15 0x000000000000009c mem 0x0000000080031f28
core   0: 0x000000008000feaa (0x000097ba) c.add   a5, a4
core   0: 3 0x000000008000feaa (0x97ba) x15 0x00000000800120dc
core   0: 0x000000008000feac (0xfe043703) ld      a4, -32(s0)
core   0: 3 0x000000008000feac (0xfe043703) x14 0x00000000800120bd mem 0x0000000080031f50
core   0: 0x000000008000feb0 (0xfcf76de3) bltu    a4, a5, pc - 38
core   0: 3 0x000000008000feb0 (0xfcf76de3)
core   0: 0x000000008000fe8a (0xfe043783) ld      a5, -32(s0)
core   0: 3 0x000000008000fe8a (0xfe043783) x15 0x00000000800120bd mem 0x0000000080031f50
core   0: 0x000000008000fe8e (0x00178713) addi    a4, a5, 1
core   0: 3 0x000000008000fe8e (0x00178713) x14 0x00000000800120be
core   0: 0x000000008000fe92 (0xfee43023) sd      a4, -32(s0)
core   0: 3 0x000000008000fe92 (0xfee43023) mem 0x0000000080031f50 0x00000000800120be
core   0: 0x000000008000fe96 (0xfc442703) lw      a4, -60(s0)
core   0: 3 0x000000008000fe96 (0xfc442703) x14 0x0000000000000000 mem 0x0000000080031f34
core   0: 0x000000008000fe9a (0x0ff77713) andi    a4, a4, 255
core   0: 3 0x000000008000fe9a (0x0ff77713) x14 0x0000000000000000
core   0: 0x000000008000fe9e (0x00e78023) sb      a4, 0(a5)
core   0: 3 0x000000008000fe9e (0x00e78023) mem 0x00000000800120bd 0x00
core   0: 0x000000008000fea2 (0xfc843703) ld      a4, -56(s0)
core   0: 3 0x000000008000fea2 (0xfc843703) x14 0x0000000080012040 mem 0x0000000080031f38
core   0: 0x000000008000fea6 (0xfb843783) ld      a5, -72(s0)
core   0: 3 0x000000008000fea6 (0xfb843783) x15 0x000000000000009c mem 0x0000000080031f28
core   0: 0x000000008000feaa (0x000097ba) c.add   a5, a4
core   0: 3 0x000000008000feaa (0x97ba) x15 0x00000000800120dc
core   0: 0x000000008000feac (0xfe043703) ld      a4, -32(s0)
core   0: 3 0x000000008000feac (0xfe043703) x14 0x00000000800120be mem 0x0000000080031f50
core   0: 0x000000008000feb0 (0xfcf76de3) bltu    a4, a5, pc - 38
core   0: 3 0x000000008000feb0 (0xfcf76de3)
core   0: 0x000000008000fe8a (0xfe043783) ld      a5, -32(s0)
core   0: 3 0x000000008000fe8a (0xfe043783) x15 0x00000000800120be mem 0x0000000080031f50
core   0: 0x000000008000fe8e (0x00178713) addi    a4, a5, 1
core   0: 3 0x000000008000fe8e (0x00178713) x14 0x00000000800120bf
core   0: 0x000000008000fe92 (0xfee43023) sd      a4, -32(s0)
core   0: 3 0x000000008000fe92 (0xfee43023) mem 0x0000000080031f50 0x00000000800120bf
core   0: 0x000000008000fe96 (0xfc442703) lw      a4, -60(s0)
core   0: 3 0x000000008000fe96 (0xfc442703) x14 0x0000000000000000 mem 0x0000000080031f34
core   0: 0x000000008000fe9a (0x0ff77713) andi    a4, a4, 255
core   0: 3 0x000000008000fe9a (0x0ff77713) x14 0x0000000000000000
core   0: 0x000000008000fe9e (0x00e78023) sb      a4, 0(a5)
core   0: 3 0x000000008000fe9e (0x00e78023) mem 0x00000000800120be 0x00
core   0: 0x000000008000fea2 (0xfc843703) ld      a4, -56(s0)
core   0: 3 0x000000008000fea2 (0xfc843703) x14 0x0000000080012040 mem 0x0000000080031f38
core   0: 0x000000008000fea6 (0xfb843783) ld      a5, -72(s0)
core   0: 3 0x000000008000fea6 (0xfb843783) x15 0x000000000000009c mem 0x0000000080031f28
core   0: 0x000000008000feaa (0x000097ba) c.add   a5, a4
core   0: 3 0x000000008000feaa (0x97ba) x15 0x00000000800120dc
core   0: 0x000000008000feac (0xfe043703) ld      a4, -32(s0)
core   0: 3 0x000000008000feac (0xfe043703) x14 0x00000000800120bf mem 0x0000000080031f50
core   0: 0x000000008000feb0 (0xfcf76de3) bltu    a4, a5, pc - 38
core   0: 3 0x000000008000feb0 (0xfcf76de3)
core   0: 0x000000008000fe8a (0xfe043783) ld      a5, -32(s0)
core   0: 3 0x000000008000fe8a (0xfe043783) x15 0x00000000800120bf mem 0x0000000080031f50
core   0: 0x000000008000fe8e (0x00178713) addi    a4, a5, 1
core   0: 3 0x000000008000fe8e (0x00178713) x14 0x00000000800120c0
core   0: 0x000000008000fe92 (0xfee43023) sd      a4, -32(s0)
core   0: 3 0x000000008000fe92 (0xfee43023) mem 0x0000000080031f50 0x00000000800120c0
core   0: 0x000000008000fe96 (0xfc442703) lw      a4, -60(s0)
core   0: 3 0x000000008000fe96 (0xfc442703) x14 0x0000000000000000 mem 0x0000000080031f34
core   0: 0x000000008000fe9a (0x0ff77713) andi    a4, a4, 255
core   0: 3 0x000000008000fe9a (0x0ff77713) x14 0x0000000000000000
core   0: 0x000000008000fe9e (0x00e78023) sb      a4, 0(a5)
core   0: 3 0x000000008000fe9e (0x00e78023) mem 0x00000000800120bf 0x00
core   0: 0x000000008000fea2 (0xfc843703) ld      a4, -56(s0)
core   0: 3 0x000000008000fea2 (0xfc843703) x14 0x0000000080012040 mem 0x0000000080031f38
core   0: 0x000000008000fea6 (0xfb843783) ld      a5, -72(s0)
core   0: 3 0x000000008000fea6 (0xfb843783) x15 0x000000000000009c mem 0x0000000080031f28
core   0: 0x000000008000feaa (0x000097ba) c.add   a5, a4
core   0: 3 0x000000008000feaa (0x97ba) x15 0x00000000800120dc
core   0: 0x000000008000feac (0xfe043703) ld      a4, -32(s0)
core   0: 3 0x000000008000feac (0xfe043703) x14 0x00000000800120c0 mem 0x0000000080031f50
core   0: 0x000000008000feb0 (0xfcf76de3) bltu    a4, a5, pc - 38
core   0: 3 0x000000008000feb0 (0xfcf76de3)
core   0: 0x000000008000fe8a (0xfe043783) ld      a5, -32(s0)
core   0: 3 0x000000008000fe8a (0xfe043783) x15 0x00000000800120c0 mem 0x0000000080031f50
core   0: 0x000000008000fe8e (0x00178713) addi    a4, a5, 1
core   0: 3 0x000000008000fe8e (0x00178713) x14 0x00000000800120c1
core   0: 0x000000008000fe92 (0xfee43023) sd      a4, -32(s0)
core   0: 3 0x000000008000fe92 (0xfee43023) mem 0x0000000080031f50 0x00000000800120c1
core   0: 0x000000008000fe96 (0xfc442703) lw      a4, -60(s0)
core   0: 3 0x000000008000fe96 (0xfc442703) x14 0x0000000000000000 mem 0x0000000080031f34
core   0: 0x000000008000fe9a (0x0ff77713) andi    a4, a4, 255
core   0: 3 0x000000008000fe9a (0x0ff77713) x14 0x0000000000000000
core   0: 0x000000008000fe9e (0x00e78023) sb      a4, 0(a5)
core   0: 3 0x000000008000fe9e (0x00e78023) mem 0x00000000800120c0 0x00
core   0: 0x000000008000fea2 (0xfc843703) ld      a4, -56(s0)
core   0: 3 0x000000008000fea2 (0xfc843703) x14 0x0000000080012040 mem 0x0000000080031f38
core   0: 0x000000008000fea6 (0xfb843783) ld      a5, -72(s0)
core   0: 3 0x000000008000fea6 (0xfb843783) x15 0x000000000000009c mem 0x0000000080031f28
core   0: 0x000000008000feaa (0x000097ba) c.add   a5, a4
core   0: 3 0x000000008000feaa (0x97ba) x15 0x00000000800120dc
core   0: 0x000000008000feac (0xfe043703) ld      a4, -32(s0)
core   0: 3 0x000000008000feac (0xfe043703) x14 0x00000000800120c1 mem 0x0000000080031f50
core   0: 0x000000008000feb0 (0xfcf76de3) bltu    a4, a5, pc - 38
core   0: 3 0x000000008000feb0 (0xfcf76de3)
core   0: 0x000000008000fe8a (0xfe043783) ld      a5, -32(s0)
core   0: 3 0x000000008000fe8a (0xfe043783) x15 0x00000000800120c1 mem 0x0000000080031f50
core   0: 0x000000008000fe8e (0x00178713) addi    a4, a5, 1
core   0: 3 0x000000008000fe8e (0x00178713) x14 0x00000000800120c2
core   0: 0x000000008000fe92 (0xfee43023) sd      a4, -32(s0)
core   0: 3 0x000000008000fe92 (0xfee43023) mem 0x0000000080031f50 0x00000000800120c2
core   0: 0x000000008000fe96 (0xfc442703) lw      a4, -60(s0)
core   0: 3 0x000000008000fe96 (0xfc442703) x14 0x0000000000000000 mem 0x0000000080031f34
core   0: 0x000000008000fe9a (0x0ff77713) andi    a4, a4, 255
core   0: 3 0x000000008000fe9a (0x0ff77713) x14 0x0000000000000000
core   0: 0x000000008000fe9e (0x00e78023) sb      a4, 0(a5)
core   0: 3 0x000000008000fe9e (0x00e78023) mem 0x00000000800120c1 0x00
core   0: 0x000000008000fea2 (0xfc843703) ld      a4, -56(s0)
core   0: 3 0x000000008000fea2 (0xfc843703) x14 0x0000000080012040 mem 0x0000000080031f38
core   0: 0x000000008000fea6 (0xfb843783) ld      a5, -72(s0)
core   0: 3 0x000000008000fea6 (0xfb843783) x15 0x000000000000009c mem 0x0000000080031f28
core   0: 0x000000008000feaa (0x000097ba) c.add   a5, a4
core   0: 3 0x000000008000feaa (0x97ba) x15 0x00000000800120dc
core   0: 0x000000008000feac (0xfe043703) ld      a4, -32(s0)
core   0: 3 0x000000008000feac (0xfe043703) x14 0x00000000800120c2 mem 0x0000000080031f50
core   0: 0x000000008000feb0 (0xfcf76de3) bltu    a4, a5, pc - 38
core   0: 3 0x000000008000feb0 (0xfcf76de3)
core   0: 0x000000008000fe8a (0xfe043783) ld      a5, -32(s0)
core   0: 3 0x000000008000fe8a (0xfe043783) x15 0x00000000800120c2 mem 0x0000000080031f50
core   0: 0x000000008000fe8e (0x00178713) addi    a4, a5, 1
core   0: 3 0x000000008000fe8e (0x00178713) x14 0x00000000800120c3
core   0: 0x000000008000fe92 (0xfee43023) sd      a4, -32(s0)
core   0: 3 0x000000008000fe92 (0xfee43023) mem 0x0000000080031f50 0x00000000800120c3
core   0: 0x000000008000fe96 (0xfc442703) lw      a4, -60(s0)
core   0: 3 0x000000008000fe96 (0xfc442703) x14 0x0000000000000000 mem 0x0000000080031f34
core   0: 0x000000008000fe9a (0x0ff77713) andi    a4, a4, 255
core   0: 3 0x000000008000fe9a (0x0ff77713) x14 0x0000000000000000
core   0: 0x000000008000fe9e (0x00e78023) sb      a4, 0(a5)
core   0: 3 0x000000008000fe9e (0x00e78023) mem 0x00000000800120c2 0x00
core   0: 0x000000008000fea2 (0xfc843703) ld      a4, -56(s0)
core   0: 3 0x000000008000fea2 (0xfc843703) x14 0x0000000080012040 mem 0x0000000080031f38
core   0: 0x000000008000fea6 (0xfb843783) ld      a5, -72(s0)
core   0: 3 0x000000008000fea6 (0xfb843783) x15 0x000000000000009c mem 0x0000000080031f28
core   0: 0x000000008000feaa (0x000097ba) c.add   a5, a4
core   0: 3 0x000000008000feaa (0x97ba) x15 0x00000000800120dc
core   0: 0x000000008000feac (0xfe043703) ld      a4, -32(s0)
core   0: 3 0x000000008000feac (0xfe043703) x14 0x00000000800120c3 mem 0x0000000080031f50
core   0: 0x000000008000feb0 (0xfcf76de3) bltu    a4, a5, pc - 38
core   0: 3 0x000000008000feb0 (0xfcf76de3)
core   0: 0x000000008000fe8a (0xfe043783) ld      a5, -32(s0)
core   0: 3 0x000000008000fe8a (0xfe043783) x15 0x00000000800120c3 mem 0x0000000080031f50
core   0: 0x000000008000fe8e (0x00178713) addi    a4, a5, 1
core   0: 3 0x000000008000fe8e (0x00178713) x14 0x00000000800120c4
core   0: 0x000000008000fe92 (0xfee43023) sd      a4, -32(s0)
core   0: 3 0x000000008000fe92 (0xfee43023) mem 0x0000000080031f50 0x00000000800120c4
core   0: 0x000000008000fe96 (0xfc442703) lw      a4, -60(s0)
core   0: 3 0x000000008000fe96 (0xfc442703) x14 0x0000000000000000 mem 0x0000000080031f34
core   0: 0x000000008000fe9a (0x0ff77713) andi    a4, a4, 255
core   0: 3 0x000000008000fe9a (0x0ff77713) x14 0x0000000000000000
core   0: 0x000000008000fe9e (0x00e78023) sb      a4, 0(a5)
core   0: 3 0x000000008000fe9e (0x00e78023) mem 0x00000000800120c3 0x00
core   0: 0x000000008000fea2 (0xfc843703) ld      a4, -56(s0)
core   0: 3 0x000000008000fea2 (0xfc843703) x14 0x0000000080012040 mem 0x0000000080031f38
core   0: 0x000000008000fea6 (0xfb843783) ld      a5, -72(s0)
core   0: 3 0x000000008000fea6 (0xfb843783) x15 0x000000000000009c mem 0x0000000080031f28
core   0: 0x000000008000feaa (0x000097ba) c.add   a5, a4
core   0: 3 0x000000008000feaa (0x97ba) x15 0x00000000800120dc
core   0: 0x000000008000feac (0xfe043703) ld      a4, -32(s0)
core   0: 3 0x000000008000feac (0xfe043703) x14 0x00000000800120c4 mem 0x0000000080031f50
core   0: 0x000000008000feb0 (0xfcf76de3) bltu    a4, a5, pc - 38
core   0: 3 0x000000008000feb0 (0xfcf76de3)
core   0: 0x000000008000fe8a (0xfe043783) ld      a5, -32(s0)
core   0: 3 0x000000008000fe8a (0xfe043783) x15 0x00000000800120c4 mem 0x0000000080031f50
core   0: 0x000000008000fe8e (0x00178713) addi    a4, a5, 1
core   0: 3 0x000000008000fe8e (0x00178713) x14 0x00000000800120c5
core   0: 0x000000008000fe92 (0xfee43023) sd      a4, -32(s0)
core   0: 3 0x000000008000fe92 (0xfee43023) mem 0x0000000080031f50 0x00000000800120c5
core   0: 0x000000008000fe96 (0xfc442703) lw      a4, -60(s0)
core   0: 3 0x000000008000fe96 (0xfc442703) x14 0x0000000000000000 mem 0x0000000080031f34
core   0: 0x000000008000fe9a (0x0ff77713) andi    a4, a4, 255
core   0: 3 0x000000008000fe9a (0x0ff77713) x14 0x0000000000000000
core   0: 0x000000008000fe9e (0x00e78023) sb      a4, 0(a5)
core   0: 3 0x000000008000fe9e (0x00e78023) mem 0x00000000800120c4 0x00
core   0: 0x000000008000fea2 (0xfc843703) ld      a4, -56(s0)
core   0: 3 0x000000008000fea2 (0xfc843703) x14 0x0000000080012040 mem 0x0000000080031f38
core   0: 0x000000008000fea6 (0xfb843783) ld      a5, -72(s0)
core   0: 3 0x000000008000fea6 (0xfb843783) x15 0x000000000000009c mem 0x0000000080031f28
core   0: 0x000000008000feaa (0x000097ba) c.add   a5, a4
core   0: 3 0x000000008000feaa (0x97ba) x15 0x00000000800120dc
core   0: 0x000000008000feac (0xfe043703) ld      a4, -32(s0)
core   0: 3 0x000000008000feac (0xfe043703) x14 0x00000000800120c5 mem 0x0000000080031f50
core   0: 0x000000008000feb0 (0xfcf76de3) bltu    a4, a5, pc - 38
core   0: 3 0x000000008000feb0 (0xfcf76de3)
core   0: 0x000000008000fe8a (0xfe043783) ld      a5, -32(s0)
core   0: 3 0x000000008000fe8a (0xfe043783) x15 0x00000000800120c5 mem 0x0000000080031f50
core   0: 0x000000008000fe8e (0x00178713) addi    a4, a5, 1
core   0: 3 0x000000008000fe8e (0x00178713) x14 0x00000000800120c6
core   0: 0x000000008000fe92 (0xfee43023) sd      a4, -32(s0)
core   0: 3 0x000000008000fe92 (0xfee43023) mem 0x0000000080031f50 0x00000000800120c6
core   0: 0x000000008000fe96 (0xfc442703) lw      a4, -60(s0)
core   0: 3 0x000000008000fe96 (0xfc442703) x14 0x0000000000000000 mem 0x0000000080031f34
core   0: 0x000000008000fe9a (0x0ff77713) andi    a4, a4, 255
core   0: 3 0x000000008000fe9a (0x0ff77713) x14 0x0000000000000000
core   0: 0x000000008000fe9e (0x00e78023) sb      a4, 0(a5)
core   0: 3 0x000000008000fe9e (0x00e78023) mem 0x00000000800120c5 0x00
core   0: 0x000000008000fea2 (0xfc843703) ld      a4, -56(s0)
core   0: 3 0x000000008000fea2 (0xfc843703) x14 0x0000000080012040 mem 0x0000000080031f38
core   0: 0x000000008000fea6 (0xfb843783) ld      a5, -72(s0)
core   0: 3 0x000000008000fea6 (0xfb843783) x15 0x000000000000009c mem 0x0000000080031f28
core   0: 0x000000008000feaa (0x000097ba) c.add   a5, a4
core   0: 3 0x000000008000feaa (0x97ba) x15 0x00000000800120dc
core   0: 0x000000008000feac (0xfe043703) ld      a4, -32(s0)
core   0: 3 0x000000008000feac (0xfe043703) x14 0x00000000800120c6 mem 0x0000000080031f50
core   0: 0x000000008000feb0 (0xfcf76de3) bltu    a4, a5, pc - 38
core   0: 3 0x000000008000feb0 (0xfcf76de3)
core   0: 0x000000008000fe8a (0xfe043783) ld      a5, -32(s0)
core   0: 3 0x000000008000fe8a (0xfe043783) x15 0x00000000800120c6 mem 0x0000000080031f50
core   0: 0x000000008000fe8e (0x00178713) addi    a4, a5, 1
core   0: 3 0x000000008000fe8e (0x00178713) x14 0x00000000800120c7
core   0: 0x000000008000fe92 (0xfee43023) sd      a4, -32(s0)
core   0: 3 0x000000008000fe92 (0xfee43023) mem 0x0000000080031f50 0x00000000800120c7
core   0: 0x000000008000fe96 (0xfc442703) lw      a4, -60(s0)
core   0: 3 0x000000008000fe96 (0xfc442703) x14 0x0000000000000000 mem 0x0000000080031f34
core   0: 0x000000008000fe9a (0x0ff77713) andi    a4, a4, 255
core   0: 3 0x000000008000fe9a (0x0ff77713) x14 0x0000000000000000
core   0: 0x000000008000fe9e (0x00e78023) sb      a4, 0(a5)
core   0: 3 0x000000008000fe9e (0x00e78023) mem 0x00000000800120c6 0x00
core   0: 0x000000008000fea2 (0xfc843703) ld      a4, -56(s0)
core   0: 3 0x000000008000fea2 (0xfc843703) x14 0x0000000080012040 mem 0x0000000080031f38
core   0: 0x000000008000fea6 (0xfb843783) ld      a5, -72(s0)
core   0: 3 0x000000008000fea6 (0xfb843783) x15 0x000000000000009c mem 0x0000000080031f28
core   0: 0x000000008000feaa (0x000097ba) c.add   a5, a4
core   0: 3 0x000000008000feaa (0x97ba) x15 0x00000000800120dc
core   0: 0x000000008000feac (0xfe043703) ld      a4, -32(s0)
core   0: 3 0x000000008000feac (0xfe043703) x14 0x00000000800120c7 mem 0x0000000080031f50
core   0: 0x000000008000feb0 (0xfcf76de3) bltu    a4, a5, pc - 38
core   0: 3 0x000000008000feb0 (0xfcf76de3)
core   0: 0x000000008000fe8a (0xfe043783) ld      a5, -32(s0)
core   0: 3 0x000000008000fe8a (0xfe043783) x15 0x00000000800120c7 mem 0x0000000080031f50
core   0: 0x000000008000fe8e (0x00178713) addi    a4, a5, 1
core   0: 3 0x000000008000fe8e (0x00178713) x14 0x00000000800120c8
core   0: 0x000000008000fe92 (0xfee43023) sd      a4, -32(s0)
core   0: 3 0x000000008000fe92 (0xfee43023) mem 0x0000000080031f50 0x00000000800120c8
core   0: 0x000000008000fe96 (0xfc442703) lw      a4, -60(s0)
core   0: 3 0x000000008000fe96 (0xfc442703) x14 0x0000000000000000 mem 0x0000000080031f34
core   0: 0x000000008000fe9a (0x0ff77713) andi    a4, a4, 255
core   0: 3 0x000000008000fe9a (0x0ff77713) x14 0x0000000000000000
core   0: 0x000000008000fe9e (0x00e78023) sb      a4, 0(a5)
core   0: 3 0x000000008000fe9e (0x00e78023) mem 0x00000000800120c7 0x00
core   0: 0x000000008000fea2 (0xfc843703) ld      a4, -56(s0)
core   0: 3 0x000000008000fea2 (0xfc843703) x14 0x0000000080012040 mem 0x0000000080031f38
core   0: 0x000000008000fea6 (0xfb843783) ld      a5, -72(s0)
core   0: 3 0x000000008000fea6 (0xfb843783) x15 0x000000000000009c mem 0x0000000080031f28
core   0: 0x000000008000feaa (0x000097ba) c.add   a5, a4
core   0: 3 0x000000008000feaa (0x97ba) x15 0x00000000800120dc
core   0: 0x000000008000feac (0xfe043703) ld      a4, -32(s0)
core   0: 3 0x000000008000feac (0xfe043703) x14 0x00000000800120c8 mem 0x0000000080031f50
core   0: 0x000000008000feb0 (0xfcf76de3) bltu    a4, a5, pc - 38
core   0: 3 0x000000008000feb0 (0xfcf76de3)
core   0: 0x000000008000fe8a (0xfe043783) ld      a5, -32(s0)
core   0: 3 0x000000008000fe8a (0xfe043783) x15 0x00000000800120c8 mem 0x0000000080031f50
core   0: 0x000000008000fe8e (0x00178713) addi    a4, a5, 1
core   0: 3 0x000000008000fe8e (0x00178713) x14 0x00000000800120c9
core   0: 0x000000008000fe92 (0xfee43023) sd      a4, -32(s0)
core   0: 3 0x000000008000fe92 (0xfee43023) mem 0x0000000080031f50 0x00000000800120c9
core   0: 0x000000008000fe96 (0xfc442703) lw      a4, -60(s0)
core   0: 3 0x000000008000fe96 (0xfc442703) x14 0x0000000000000000 mem 0x0000000080031f34
core   0: 0x000000008000fe9a (0x0ff77713) andi    a4, a4, 255
core   0: 3 0x000000008000fe9a (0x0ff77713) x14 0x0000000000000000
core   0: 0x000000008000fe9e (0x00e78023) sb      a4, 0(a5)
core   0: 3 0x000000008000fe9e (0x00e78023) mem 0x00000000800120c8 0x00
core   0: 0x000000008000fea2 (0xfc843703) ld      a4, -56(s0)
core   0: 3 0x000000008000fea2 (0xfc843703) x14 0x0000000080012040 mem 0x0000000080031f38
core   0: 0x000000008000fea6 (0xfb843783) ld      a5, -72(s0)
core   0: 3 0x000000008000fea6 (0xfb843783) x15 0x000000000000009c mem 0x0000000080031f28
core   0: 0x000000008000feaa (0x000097ba) c.add   a5, a4
core   0: 3 0x000000008000feaa (0x97ba) x15 0x00000000800120dc
core   0: 0x000000008000feac (0xfe043703) ld      a4, -32(s0)
core   0: 3 0x000000008000feac (0xfe043703) x14 0x00000000800120c9 mem 0x0000000080031f50
core   0: 0x000000008000feb0 (0xfcf76de3) bltu    a4, a5, pc - 38
core   0: 3 0x000000008000feb0 (0xfcf76de3)
core   0: 0x000000008000fe8a (0xfe043783) ld      a5, -32(s0)
core   0: 3 0x000000008000fe8a (0xfe043783) x15 0x00000000800120c9 mem 0x0000000080031f50
core   0: 0x000000008000fe8e (0x00178713) addi    a4, a5, 1
core   0: 3 0x000000008000fe8e (0x00178713) x14 0x00000000800120ca
core   0: 0x000000008000fe92 (0xfee43023) sd      a4, -32(s0)
core   0: 3 0x000000008000fe92 (0xfee43023) mem 0x0000000080031f50 0x00000000800120ca
core   0: 0x000000008000fe96 (0xfc442703) lw      a4, -60(s0)
core   0: 3 0x000000008000fe96 (0xfc442703) x14 0x0000000000000000 mem 0x0000000080031f34
core   0: 0x000000008000fe9a (0x0ff77713) andi    a4, a4, 255
core   0: 3 0x000000008000fe9a (0x0ff77713) x14 0x0000000000000000
core   0: 0x000000008000fe9e (0x00e78023) sb      a4, 0(a5)
core   0: 3 0x000000008000fe9e (0x00e78023) mem 0x00000000800120c9 0x00
core   0: 0x000000008000fea2 (0xfc843703) ld      a4, -56(s0)
core   0: 3 0x000000008000fea2 (0xfc843703) x14 0x0000000080012040 mem 0x0000000080031f38
core   0: 0x000000008000fea6 (0xfb843783) ld      a5, -72(s0)
core   0: 3 0x000000008000fea6 (0xfb843783) x15 0x000000000000009c mem 0x0000000080031f28
core   0: 0x000000008000feaa (0x000097ba) c.add   a5, a4
core   0: 3 0x000000008000feaa (0x97ba) x15 0x00000000800120dc
core   0: 0x000000008000feac (0xfe043703) ld      a4, -32(s0)
core   0: 3 0x000000008000feac (0xfe043703) x14 0x00000000800120ca mem 0x0000000080031f50
core   0: 0x000000008000feb0 (0xfcf76de3) bltu    a4, a5, pc - 38
core   0: 3 0x000000008000feb0 (0xfcf76de3)
core   0: 0x000000008000fe8a (0xfe043783) ld      a5, -32(s0)
core   0: 3 0x000000008000fe8a (0xfe043783) x15 0x00000000800120ca mem 0x0000000080031f50
core   0: 0x000000008000fe8e (0x00178713) addi    a4, a5, 1
core   0: 3 0x000000008000fe8e (0x00178713) x14 0x00000000800120cb
core   0: 0x000000008000fe92 (0xfee43023) sd      a4, -32(s0)
core   0: 3 0x000000008000fe92 (0xfee43023) mem 0x0000000080031f50 0x00000000800120cb
core   0: 0x000000008000fe96 (0xfc442703) lw      a4, -60(s0)
core   0: 3 0x000000008000fe96 (0xfc442703) x14 0x0000000000000000 mem 0x0000000080031f34
core   0: 0x000000008000fe9a (0x0ff77713) andi    a4, a4, 255
core   0: 3 0x000000008000fe9a (0x0ff77713) x14 0x0000000000000000
core   0: 0x000000008000fe9e (0x00e78023) sb      a4, 0(a5)
core   0: 3 0x000000008000fe9e (0x00e78023) mem 0x00000000800120ca 0x00
core   0: 0x000000008000fea2 (0xfc843703) ld      a4, -56(s0)
core   0: 3 0x000000008000fea2 (0xfc843703) x14 0x0000000080012040 mem 0x0000000080031f38
core   0: 0x000000008000fea6 (0xfb843783) ld      a5, -72(s0)
core   0: 3 0x000000008000fea6 (0xfb843783) x15 0x000000000000009c mem 0x0000000080031f28
core   0: 0x000000008000feaa (0x000097ba) c.add   a5, a4
core   0: 3 0x000000008000feaa (0x97ba) x15 0x00000000800120dc
core   0: 0x000000008000feac (0xfe043703) ld      a4, -32(s0)
core   0: 3 0x000000008000feac (0xfe043703) x14 0x00000000800120cb mem 0x0000000080031f50
core   0: 0x000000008000feb0 (0xfcf76de3) bltu    a4, a5, pc - 38
core   0: 3 0x000000008000feb0 (0xfcf76de3)
core   0: 0x000000008000fe8a (0xfe043783) ld      a5, -32(s0)
core   0: 3 0x000000008000fe8a (0xfe043783) x15 0x00000000800120cb mem 0x0000000080031f50
core   0: 0x000000008000fe8e (0x00178713) addi    a4, a5, 1
core   0: 3 0x000000008000fe8e (0x00178713) x14 0x00000000800120cc
core   0: 0x000000008000fe92 (0xfee43023) sd      a4, -32(s0)
core   0: 3 0x000000008000fe92 (0xfee43023) mem 0x0000000080031f50 0x00000000800120cc
core   0: 0x000000008000fe96 (0xfc442703) lw      a4, -60(s0)
core   0: 3 0x000000008000fe96 (0xfc442703) x14 0x0000000000000000 mem 0x0000000080031f34
core   0: 0x000000008000fe9a (0x0ff77713) andi    a4, a4, 255
core   0: 3 0x000000008000fe9a (0x0ff77713) x14 0x0000000000000000
core   0: 0x000000008000fe9e (0x00e78023) sb      a4, 0(a5)
core   0: 3 0x000000008000fe9e (0x00e78023) mem 0x00000000800120cb 0x00
core   0: 0x000000008000fea2 (0xfc843703) ld      a4, -56(s0)
core   0: 3 0x000000008000fea2 (0xfc843703) x14 0x0000000080012040 mem 0x0000000080031f38
core   0: 0x000000008000fea6 (0xfb843783) ld      a5, -72(s0)
core   0: 3 0x000000008000fea6 (0xfb843783) x15 0x000000000000009c mem 0x0000000080031f28
core   0: 0x000000008000feaa (0x000097ba) c.add   a5, a4
core   0: 3 0x000000008000feaa (0x97ba) x15 0x00000000800120dc
core   0: 0x000000008000feac (0xfe043703) ld      a4, -32(s0)
core   0: 3 0x000000008000feac (0xfe043703) x14 0x00000000800120cc mem 0x0000000080031f50
core   0: 0x000000008000feb0 (0xfcf76de3) bltu    a4, a5, pc - 38
core   0: 3 0x000000008000feb0 (0xfcf76de3)
core   0: 0x000000008000fe8a (0xfe043783) ld      a5, -32(s0)
core   0: 3 0x000000008000fe8a (0xfe043783) x15 0x00000000800120cc mem 0x0000000080031f50
core   0: 0x000000008000fe8e (0x00178713) addi    a4, a5, 1
core   0: 3 0x000000008000fe8e (0x00178713) x14 0x00000000800120cd
core   0: 0x000000008000fe92 (0xfee43023) sd      a4, -32(s0)
core   0: 3 0x000000008000fe92 (0xfee43023) mem 0x0000000080031f50 0x00000000800120cd
core   0: 0x000000008000fe96 (0xfc442703) lw      a4, -60(s0)
core   0: 3 0x000000008000fe96 (0xfc442703) x14 0x0000000000000000 mem 0x0000000080031f34
core   0: 0x000000008000fe9a (0x0ff77713) andi    a4, a4, 255
core   0: 3 0x000000008000fe9a (0x0ff77713) x14 0x0000000000000000
core   0: 0x000000008000fe9e (0x00e78023) sb      a4, 0(a5)
core   0: 3 0x000000008000fe9e (0x00e78023) mem 0x00000000800120cc 0x00
core   0: 0x000000008000fea2 (0xfc843703) ld      a4, -56(s0)
core   0: 3 0x000000008000fea2 (0xfc843703) x14 0x0000000080012040 mem 0x0000000080031f38
core   0: 0x000000008000fea6 (0xfb843783) ld      a5, -72(s0)
core   0: 3 0x000000008000fea6 (0xfb843783) x15 0x000000000000009c mem 0x0000000080031f28
core   0: 0x000000008000feaa (0x000097ba) c.add   a5, a4
core   0: 3 0x000000008000feaa (0x97ba) x15 0x00000000800120dc
core   0: 0x000000008000feac (0xfe043703) ld      a4, -32(s0)
core   0: 3 0x000000008000feac (0xfe043703) x14 0x00000000800120cd mem 0x0000000080031f50
core   0: 0x000000008000feb0 (0xfcf76de3) bltu    a4, a5, pc - 38
core   0: 3 0x000000008000feb0 (0xfcf76de3)
core   0: 0x000000008000fe8a (0xfe043783) ld      a5, -32(s0)
core   0: 3 0x000000008000fe8a (0xfe043783) x15 0x00000000800120cd mem 0x0000000080031f50
core   0: 0x000000008000fe8e (0x00178713) addi    a4, a5, 1
core   0: 3 0x000000008000fe8e (0x00178713) x14 0x00000000800120ce
core   0: 0x000000008000fe92 (0xfee43023) sd      a4, -32(s0)
core   0: 3 0x000000008000fe92 (0xfee43023) mem 0x0000000080031f50 0x00000000800120ce
core   0: 0x000000008000fe96 (0xfc442703) lw      a4, -60(s0)
core   0: 3 0x000000008000fe96 (0xfc442703) x14 0x0000000000000000 mem 0x0000000080031f34
core   0: 0x000000008000fe9a (0x0ff77713) andi    a4, a4, 255
core   0: 3 0x000000008000fe9a (0x0ff77713) x14 0x0000000000000000
core   0: 0x000000008000fe9e (0x00e78023) sb      a4, 0(a5)
core   0: 3 0x000000008000fe9e (0x00e78023) mem 0x00000000800120cd 0x00
core   0: 0x000000008000fea2 (0xfc843703) ld      a4, -56(s0)
core   0: 3 0x000000008000fea2 (0xfc843703) x14 0x0000000080012040 mem 0x0000000080031f38
core   0: 0x000000008000fea6 (0xfb843783) ld      a5, -72(s0)
core   0: 3 0x000000008000fea6 (0xfb843783) x15 0x000000000000009c mem 0x0000000080031f28
core   0: 0x000000008000feaa (0x000097ba) c.add   a5, a4
core   0: 3 0x000000008000feaa (0x97ba) x15 0x00000000800120dc
core   0: 0x000000008000feac (0xfe043703) ld      a4, -32(s0)
core   0: 3 0x000000008000feac (0xfe043703) x14 0x00000000800120ce mem 0x0000000080031f50
core   0: 0x000000008000feb0 (0xfcf76de3) bltu    a4, a5, pc - 38
core   0: 3 0x000000008000feb0 (0xfcf76de3)
core   0: 0x000000008000fe8a (0xfe043783) ld      a5, -32(s0)
core   0: 3 0x000000008000fe8a (0xfe043783) x15 0x00000000800120ce mem 0x0000000080031f50
core   0: 0x000000008000fe8e (0x00178713) addi    a4, a5, 1
core   0: 3 0x000000008000fe8e (0x00178713) x14 0x00000000800120cf
core   0: 0x000000008000fe92 (0xfee43023) sd      a4, -32(s0)
core   0: 3 0x000000008000fe92 (0xfee43023) mem 0x0000000080031f50 0x00000000800120cf
core   0: 0x000000008000fe96 (0xfc442703) lw      a4, -60(s0)
core   0: 3 0x000000008000fe96 (0xfc442703) x14 0x0000000000000000 mem 0x0000000080031f34
core   0: 0x000000008000fe9a (0x0ff77713) andi    a4, a4, 255
core   0: 3 0x000000008000fe9a (0x0ff77713) x14 0x0000000000000000
core   0: 0x000000008000fe9e (0x00e78023) sb      a4, 0(a5)
core   0: 3 0x000000008000fe9e (0x00e78023) mem 0x00000000800120ce 0x00
core   0: 0x000000008000fea2 (0xfc843703) ld      a4, -56(s0)
core   0: 3 0x000000008000fea2 (0xfc843703) x14 0x0000000080012040 mem 0x0000000080031f38
core   0: 0x000000008000fea6 (0xfb843783) ld      a5, -72(s0)
core   0: 3 0x000000008000fea6 (0xfb843783) x15 0x000000000000009c mem 0x0000000080031f28
core   0: 0x000000008000feaa (0x000097ba) c.add   a5, a4
core   0: 3 0x000000008000feaa (0x97ba) x15 0x00000000800120dc
core   0: 0x000000008000feac (0xfe043703) ld      a4, -32(s0)
core   0: 3 0x000000008000feac (0xfe043703) x14 0x00000000800120cf mem 0x0000000080031f50
core   0: 0x000000008000feb0 (0xfcf76de3) bltu    a4, a5, pc - 38
core   0: 3 0x000000008000feb0 (0xfcf76de3)
core   0: 0x000000008000fe8a (0xfe043783) ld      a5, -32(s0)
core   0: 3 0x000000008000fe8a (0xfe043783) x15 0x00000000800120cf mem 0x0000000080031f50
core   0: 0x000000008000fe8e (0x00178713) addi    a4, a5, 1
core   0: 3 0x000000008000fe8e (0x00178713) x14 0x00000000800120d0
core   0: 0x000000008000fe92 (0xfee43023) sd      a4, -32(s0)
core   0: 3 0x000000008000fe92 (0xfee43023) mem 0x0000000080031f50 0x00000000800120d0
core   0: 0x000000008000fe96 (0xfc442703) lw      a4, -60(s0)
core   0: 3 0x000000008000fe96 (0xfc442703) x14 0x0000000000000000 mem 0x0000000080031f34
core   0: 0x000000008000fe9a (0x0ff77713) andi    a4, a4, 255
core   0: 3 0x000000008000fe9a (0x0ff77713) x14 0x0000000000000000
core   0: 0x000000008000fe9e (0x00e78023) sb      a4, 0(a5)
core   0: 3 0x000000008000fe9e (0x00e78023) mem 0x00000000800120cf 0x00
core   0: 0x000000008000fea2 (0xfc843703) ld      a4, -56(s0)
core   0: 3 0x000000008000fea2 (0xfc843703) x14 0x0000000080012040 mem 0x0000000080031f38
core   0: 0x000000008000fea6 (0xfb843783) ld      a5, -72(s0)
core   0: 3 0x000000008000fea6 (0xfb843783) x15 0x000000000000009c mem 0x0000000080031f28
core   0: 0x000000008000feaa (0x000097ba) c.add   a5, a4
core   0: 3 0x000000008000feaa (0x97ba) x15 0x00000000800120dc
core   0: 0x000000008000feac (0xfe043703) ld      a4, -32(s0)
core   0: 3 0x000000008000feac (0xfe043703) x14 0x00000000800120d0 mem 0x0000000080031f50
core   0: 0x000000008000feb0 (0xfcf76de3) bltu    a4, a5, pc - 38
core   0: 3 0x000000008000feb0 (0xfcf76de3)
core   0: 0x000000008000fe8a (0xfe043783) ld      a5, -32(s0)
core   0: 3 0x000000008000fe8a (0xfe043783) x15 0x00000000800120d0 mem 0x0000000080031f50
core   0: 0x000000008000fe8e (0x00178713) addi    a4, a5, 1
core   0: 3 0x000000008000fe8e (0x00178713) x14 0x00000000800120d1
core   0: 0x000000008000fe92 (0xfee43023) sd      a4, -32(s0)
core   0: 3 0x000000008000fe92 (0xfee43023) mem 0x0000000080031f50 0x00000000800120d1
core   0: 0x000000008000fe96 (0xfc442703) lw      a4, -60(s0)
core   0: 3 0x000000008000fe96 (0xfc442703) x14 0x0000000000000000 mem 0x0000000080031f34
core   0: 0x000000008000fe9a (0x0ff77713) andi    a4, a4, 255
core   0: 3 0x000000008000fe9a (0x0ff77713) x14 0x0000000000000000
core   0: 0x000000008000fe9e (0x00e78023) sb      a4, 0(a5)
core   0: 3 0x000000008000fe9e (0x00e78023) mem 0x00000000800120d0 0x00
core   0: 0x000000008000fea2 (0xfc843703) ld      a4, -56(s0)
core   0: 3 0x000000008000fea2 (0xfc843703) x14 0x0000000080012040 mem 0x0000000080031f38
core   0: 0x000000008000fea6 (0xfb843783) ld      a5, -72(s0)
core   0: 3 0x000000008000fea6 (0xfb843783) x15 0x000000000000009c mem 0x0000000080031f28
core   0: 0x000000008000feaa (0x000097ba) c.add   a5, a4
core   0: 3 0x000000008000feaa (0x97ba) x15 0x00000000800120dc
core   0: 0x000000008000feac (0xfe043703) ld      a4, -32(s0)
core   0: 3 0x000000008000feac (0xfe043703) x14 0x00000000800120d1 mem 0x0000000080031f50
core   0: 0x000000008000feb0 (0xfcf76de3) bltu    a4, a5, pc - 38
core   0: 3 0x000000008000feb0 (0xfcf76de3)
core   0: 0x000000008000fe8a (0xfe043783) ld      a5, -32(s0)
core   0: 3 0x000000008000fe8a (0xfe043783) x15 0x00000000800120d1 mem 0x0000000080031f50
core   0: 0x000000008000fe8e (0x00178713) addi    a4, a5, 1
core   0: 3 0x000000008000fe8e (0x00178713) x14 0x00000000800120d2
core   0: 0x000000008000fe92 (0xfee43023) sd      a4, -32(s0)
core   0: 3 0x000000008000fe92 (0xfee43023) mem 0x0000000080031f50 0x00000000800120d2
core   0: 0x000000008000fe96 (0xfc442703) lw      a4, -60(s0)
core   0: 3 0x000000008000fe96 (0xfc442703) x14 0x0000000000000000 mem 0x0000000080031f34
core   0: 0x000000008000fe9a (0x0ff77713) andi    a4, a4, 255
core   0: 3 0x000000008000fe9a (0x0ff77713) x14 0x0000000000000000
core   0: 0x000000008000fe9e (0x00e78023) sb      a4, 0(a5)
core   0: 3 0x000000008000fe9e (0x00e78023) mem 0x00000000800120d1 0x00
core   0: 0x000000008000fea2 (0xfc843703) ld      a4, -56(s0)
core   0: 3 0x000000008000fea2 (0xfc843703) x14 0x0000000080012040 mem 0x0000000080031f38
core   0: 0x000000008000fea6 (0xfb843783) ld      a5, -72(s0)
core   0: 3 0x000000008000fea6 (0xfb843783) x15 0x000000000000009c mem 0x0000000080031f28
core   0: 0x000000008000feaa (0x000097ba) c.add   a5, a4
core   0: 3 0x000000008000feaa (0x97ba) x15 0x00000000800120dc
core   0: 0x000000008000feac (0xfe043703) ld      a4, -32(s0)
core   0: 3 0x000000008000feac (0xfe043703) x14 0x00000000800120d2 mem 0x0000000080031f50
core   0: 0x000000008000feb0 (0xfcf76de3) bltu    a4, a5, pc - 38
core   0: 3 0x000000008000feb0 (0xfcf76de3)
core   0: 0x000000008000fe8a (0xfe043783) ld      a5, -32(s0)
core   0: 3 0x000000008000fe8a (0xfe043783) x15 0x00000000800120d2 mem 0x0000000080031f50
core   0: 0x000000008000fe8e (0x00178713) addi    a4, a5, 1
core   0: 3 0x000000008000fe8e (0x00178713) x14 0x00000000800120d3
core   0: 0x000000008000fe92 (0xfee43023) sd      a4, -32(s0)
core   0: 3 0x000000008000fe92 (0xfee43023) mem 0x0000000080031f50 0x00000000800120d3
core   0: 0x000000008000fe96 (0xfc442703) lw      a4, -60(s0)
core   0: 3 0x000000008000fe96 (0xfc442703) x14 0x0000000000000000 mem 0x0000000080031f34
core   0: 0x000000008000fe9a (0x0ff77713) andi    a4, a4, 255
core   0: 3 0x000000008000fe9a (0x0ff77713) x14 0x0000000000000000
core   0: 0x000000008000fe9e (0x00e78023) sb      a4, 0(a5)
core   0: 3 0x000000008000fe9e (0x00e78023) mem 0x00000000800120d2 0x00
core   0: 0x000000008000fea2 (0xfc843703) ld      a4, -56(s0)
core   0: 3 0x000000008000fea2 (0xfc843703) x14 0x0000000080012040 mem 0x0000000080031f38
core   0: 0x000000008000fea6 (0xfb843783) ld      a5, -72(s0)
core   0: 3 0x000000008000fea6 (0xfb843783) x15 0x000000000000009c mem 0x0000000080031f28
core   0: 0x000000008000feaa (0x000097ba) c.add   a5, a4
core   0: 3 0x000000008000feaa (0x97ba) x15 0x00000000800120dc
core   0: 0x000000008000feac (0xfe043703) ld      a4, -32(s0)
core   0: 3 0x000000008000feac (0xfe043703) x14 0x00000000800120d3 mem 0x0000000080031f50
core   0: 0x000000008000feb0 (0xfcf76de3) bltu    a4, a5, pc - 38
core   0: 3 0x000000008000feb0 (0xfcf76de3)
core   0: 0x000000008000fe8a (0xfe043783) ld      a5, -32(s0)
core   0: 3 0x000000008000fe8a (0xfe043783) x15 0x00000000800120d3 mem 0x0000000080031f50
core   0: 0x000000008000fe8e (0x00178713) addi    a4, a5, 1
core   0: 3 0x000000008000fe8e (0x00178713) x14 0x00000000800120d4
core   0: 0x000000008000fe92 (0xfee43023) sd      a4, -32(s0)
core   0: 3 0x000000008000fe92 (0xfee43023) mem 0x0000000080031f50 0x00000000800120d4
core   0: 0x000000008000fe96 (0xfc442703) lw      a4, -60(s0)
core   0: 3 0x000000008000fe96 (0xfc442703) x14 0x0000000000000000 mem 0x0000000080031f34
core   0: 0x000000008000fe9a (0x0ff77713) andi    a4, a4, 255
core   0: 3 0x000000008000fe9a (0x0ff77713) x14 0x0000000000000000
core   0: 0x000000008000fe9e (0x00e78023) sb      a4, 0(a5)
core   0: 3 0x000000008000fe9e (0x00e78023) mem 0x00000000800120d3 0x00
core   0: 0x000000008000fea2 (0xfc843703) ld      a4, -56(s0)
core   0: 3 0x000000008000fea2 (0xfc843703) x14 0x0000000080012040 mem 0x0000000080031f38
core   0: 0x000000008000fea6 (0xfb843783) ld      a5, -72(s0)
core   0: 3 0x000000008000fea6 (0xfb843783) x15 0x000000000000009c mem 0x0000000080031f28
core   0: 0x000000008000feaa (0x000097ba) c.add   a5, a4
core   0: 3 0x000000008000feaa (0x97ba) x15 0x00000000800120dc
core   0: 0x000000008000feac (0xfe043703) ld      a4, -32(s0)
core   0: 3 0x000000008000feac (0xfe043703) x14 0x00000000800120d4 mem 0x0000000080031f50
core   0: 0x000000008000feb0 (0xfcf76de3) bltu    a4, a5, pc - 38
core   0: 3 0x000000008000feb0 (0xfcf76de3)
core   0: 0x000000008000fe8a (0xfe043783) ld      a5, -32(s0)
core   0: 3 0x000000008000fe8a (0xfe043783) x15 0x00000000800120d4 mem 0x0000000080031f50
core   0: 0x000000008000fe8e (0x00178713) addi    a4, a5, 1
core   0: 3 0x000000008000fe8e (0x00178713) x14 0x00000000800120d5
core   0: 0x000000008000fe92 (0xfee43023) sd      a4, -32(s0)
core   0: 3 0x000000008000fe92 (0xfee43023) mem 0x0000000080031f50 0x00000000800120d5
core   0: 0x000000008000fe96 (0xfc442703) lw      a4, -60(s0)
core   0: 3 0x000000008000fe96 (0xfc442703) x14 0x0000000000000000 mem 0x0000000080031f34
core   0: 0x000000008000fe9a (0x0ff77713) andi    a4, a4, 255
core   0: 3 0x000000008000fe9a (0x0ff77713) x14 0x0000000000000000
core   0: 0x000000008000fe9e (0x00e78023) sb      a4, 0(a5)
core   0: 3 0x000000008000fe9e (0x00e78023) mem 0x00000000800120d4 0x00
core   0: 0x000000008000fea2 (0xfc843703) ld      a4, -56(s0)
core   0: 3 0x000000008000fea2 (0xfc843703) x14 0x0000000080012040 mem 0x0000000080031f38
core   0: 0x000000008000fea6 (0xfb843783) ld      a5, -72(s0)
core   0: 3 0x000000008000fea6 (0xfb843783) x15 0x000000000000009c mem 0x0000000080031f28
core   0: 0x000000008000feaa (0x000097ba) c.add   a5, a4
core   0: 3 0x000000008000feaa (0x97ba) x15 0x00000000800120dc
core   0: 0x000000008000feac (0xfe043703) ld      a4, -32(s0)
core   0: 3 0x000000008000feac (0xfe043703) x14 0x00000000800120d5 mem 0x0000000080031f50
core   0: 0x000000008000feb0 (0xfcf76de3) bltu    a4, a5, pc - 38
core   0: 3 0x000000008000feb0 (0xfcf76de3)
core   0: 0x000000008000fe8a (0xfe043783) ld      a5, -32(s0)
core   0: 3 0x000000008000fe8a (0xfe043783) x15 0x00000000800120d5 mem 0x0000000080031f50
core   0: 0x000000008000fe8e (0x00178713) addi    a4, a5, 1
core   0: 3 0x000000008000fe8e (0x00178713) x14 0x00000000800120d6
core   0: 0x000000008000fe92 (0xfee43023) sd      a4, -32(s0)
core   0: 3 0x000000008000fe92 (0xfee43023) mem 0x0000000080031f50 0x00000000800120d6
core   0: 0x000000008000fe96 (0xfc442703) lw      a4, -60(s0)
core   0: 3 0x000000008000fe96 (0xfc442703) x14 0x0000000000000000 mem 0x0000000080031f34
core   0: 0x000000008000fe9a (0x0ff77713) andi    a4, a4, 255
core   0: 3 0x000000008000fe9a (0x0ff77713) x14 0x0000000000000000
core   0: 0x000000008000fe9e (0x00e78023) sb      a4, 0(a5)
core   0: 3 0x000000008000fe9e (0x00e78023) mem 0x00000000800120d5 0x00
core   0: 0x000000008000fea2 (0xfc843703) ld      a4, -56(s0)
core   0: 3 0x000000008000fea2 (0xfc843703) x14 0x0000000080012040 mem 0x0000000080031f38
core   0: 0x000000008000fea6 (0xfb843783) ld      a5, -72(s0)
core   0: 3 0x000000008000fea6 (0xfb843783) x15 0x000000000000009c mem 0x0000000080031f28
core   0: 0x000000008000feaa (0x000097ba) c.add   a5, a4
core   0: 3 0x000000008000feaa (0x97ba) x15 0x00000000800120dc
core   0: 0x000000008000feac (0xfe043703) ld      a4, -32(s0)
core   0: 3 0x000000008000feac (0xfe043703) x14 0x00000000800120d6 mem 0x0000000080031f50
core   0: 0x000000008000feb0 (0xfcf76de3) bltu    a4, a5, pc - 38
core   0: 3 0x000000008000feb0 (0xfcf76de3)
core   0: 0x000000008000fe8a (0xfe043783) ld      a5, -32(s0)
core   0: 3 0x000000008000fe8a (0xfe043783) x15 0x00000000800120d6 mem 0x0000000080031f50
core   0: 0x000000008000fe8e (0x00178713) addi    a4, a5, 1
core   0: 3 0x000000008000fe8e (0x00178713) x14 0x00000000800120d7
core   0: 0x000000008000fe92 (0xfee43023) sd      a4, -32(s0)
core   0: 3 0x000000008000fe92 (0xfee43023) mem 0x0000000080031f50 0x00000000800120d7
core   0: 0x000000008000fe96 (0xfc442703) lw      a4, -60(s0)
core   0: 3 0x000000008000fe96 (0xfc442703) x14 0x0000000000000000 mem 0x0000000080031f34
core   0: 0x000000008000fe9a (0x0ff77713) andi    a4, a4, 255
core   0: 3 0x000000008000fe9a (0x0ff77713) x14 0x0000000000000000
core   0: 0x000000008000fe9e (0x00e78023) sb      a4, 0(a5)
core   0: 3 0x000000008000fe9e (0x00e78023) mem 0x00000000800120d6 0x00
core   0: 0x000000008000fea2 (0xfc843703) ld      a4, -56(s0)
core   0: 3 0x000000008000fea2 (0xfc843703) x14 0x0000000080012040 mem 0x0000000080031f38
core   0: 0x000000008000fea6 (0xfb843783) ld      a5, -72(s0)
core   0: 3 0x000000008000fea6 (0xfb843783) x15 0x000000000000009c mem 0x0000000080031f28
core   0: 0x000000008000feaa (0x000097ba) c.add   a5, a4
core   0: 3 0x000000008000feaa (0x97ba) x15 0x00000000800120dc
core   0: 0x000000008000feac (0xfe043703) ld      a4, -32(s0)
core   0: 3 0x000000008000feac (0xfe043703) x14 0x00000000800120d7 mem 0x0000000080031f50
core   0: 0x000000008000feb0 (0xfcf76de3) bltu    a4, a5, pc - 38
core   0: 3 0x000000008000feb0 (0xfcf76de3)
core   0: 0x000000008000fe8a (0xfe043783) ld      a5, -32(s0)
core   0: 3 0x000000008000fe8a (0xfe043783) x15 0x00000000800120d7 mem 0x0000000080031f50
core   0: 0x000000008000fe8e (0x00178713) addi    a4, a5, 1
core   0: 3 0x000000008000fe8e (0x00178713) x14 0x00000000800120d8
core   0: 0x000000008000fe92 (0xfee43023) sd      a4, -32(s0)
core   0: 3 0x000000008000fe92 (0xfee43023) mem 0x0000000080031f50 0x00000000800120d8
core   0: 0x000000008000fe96 (0xfc442703) lw      a4, -60(s0)
core   0: 3 0x000000008000fe96 (0xfc442703) x14 0x0000000000000000 mem 0x0000000080031f34
core   0: 0x000000008000fe9a (0x0ff77713) andi    a4, a4, 255
core   0: 3 0x000000008000fe9a (0x0ff77713) x14 0x0000000000000000
core   0: 0x000000008000fe9e (0x00e78023) sb      a4, 0(a5)
core   0: 3 0x000000008000fe9e (0x00e78023) mem 0x00000000800120d7 0x00
core   0: 0x000000008000fea2 (0xfc843703) ld      a4, -56(s0)
core   0: 3 0x000000008000fea2 (0xfc843703) x14 0x0000000080012040 mem 0x0000000080031f38
core   0: 0x000000008000fea6 (0xfb843783) ld      a5, -72(s0)
core   0: 3 0x000000008000fea6 (0xfb843783) x15 0x000000000000009c mem 0x0000000080031f28
core   0: 0x000000008000feaa (0x000097ba) c.add   a5, a4
core   0: 3 0x000000008000feaa (0x97ba) x15 0x00000000800120dc
core   0: 0x000000008000feac (0xfe043703) ld      a4, -32(s0)
core   0: 3 0x000000008000feac (0xfe043703) x14 0x00000000800120d8 mem 0x0000000080031f50
core   0: 0x000000008000feb0 (0xfcf76de3) bltu    a4, a5, pc - 38
core   0: 3 0x000000008000feb0 (0xfcf76de3)
core   0: 0x000000008000fe8a (0xfe043783) ld      a5, -32(s0)
core   0: 3 0x000000008000fe8a (0xfe043783) x15 0x00000000800120d8 mem 0x0000000080031f50
core   0: 0x000000008000fe8e (0x00178713) addi    a4, a5, 1
core   0: 3 0x000000008000fe8e (0x00178713) x14 0x00000000800120d9
core   0: 0x000000008000fe92 (0xfee43023) sd      a4, -32(s0)
core   0: 3 0x000000008000fe92 (0xfee43023) mem 0x0000000080031f50 0x00000000800120d9
core   0: 0x000000008000fe96 (0xfc442703) lw      a4, -60(s0)
core   0: 3 0x000000008000fe96 (0xfc442703) x14 0x0000000000000000 mem 0x0000000080031f34
core   0: 0x000000008000fe9a (0x0ff77713) andi    a4, a4, 255
core   0: 3 0x000000008000fe9a (0x0ff77713) x14 0x0000000000000000
core   0: 0x000000008000fe9e (0x00e78023) sb      a4, 0(a5)
core   0: 3 0x000000008000fe9e (0x00e78023) mem 0x00000000800120d8 0x00
core   0: 0x000000008000fea2 (0xfc843703) ld      a4, -56(s0)
core   0: 3 0x000000008000fea2 (0xfc843703) x14 0x0000000080012040 mem 0x0000000080031f38
core   0: 0x000000008000fea6 (0xfb843783) ld      a5, -72(s0)
core   0: 3 0x000000008000fea6 (0xfb843783) x15 0x000000000000009c mem 0x0000000080031f28
core   0: 0x000000008000feaa (0x000097ba) c.add   a5, a4
core   0: 3 0x000000008000feaa (0x97ba) x15 0x00000000800120dc
core   0: 0x000000008000feac (0xfe043703) ld      a4, -32(s0)
core   0: 3 0x000000008000feac (0xfe043703) x14 0x00000000800120d9 mem 0x0000000080031f50
core   0: 0x000000008000feb0 (0xfcf76de3) bltu    a4, a5, pc - 38
core   0: 3 0x000000008000feb0 (0xfcf76de3)
core   0: 0x000000008000fe8a (0xfe043783) ld      a5, -32(s0)
core   0: 3 0x000000008000fe8a (0xfe043783) x15 0x00000000800120d9 mem 0x0000000080031f50
core   0: 0x000000008000fe8e (0x00178713) addi    a4, a5, 1
core   0: 3 0x000000008000fe8e (0x00178713) x14 0x00000000800120da
core   0: 0x000000008000fe92 (0xfee43023) sd      a4, -32(s0)
core   0: 3 0x000000008000fe92 (0xfee43023) mem 0x0000000080031f50 0x00000000800120da
core   0: 0x000000008000fe96 (0xfc442703) lw      a4, -60(s0)
core   0: 3 0x000000008000fe96 (0xfc442703) x14 0x0000000000000000 mem 0x0000000080031f34
core   0: 0x000000008000fe9a (0x0ff77713) andi    a4, a4, 255
core   0: 3 0x000000008000fe9a (0x0ff77713) x14 0x0000000000000000
core   0: 0x000000008000fe9e (0x00e78023) sb      a4, 0(a5)
core   0: 3 0x000000008000fe9e (0x00e78023) mem 0x00000000800120d9 0x00
core   0: 0x000000008000fea2 (0xfc843703) ld      a4, -56(s0)
core   0: 3 0x000000008000fea2 (0xfc843703) x14 0x0000000080012040 mem 0x0000000080031f38
core   0: 0x000000008000fea6 (0xfb843783) ld      a5, -72(s0)
core   0: 3 0x000000008000fea6 (0xfb843783) x15 0x000000000000009c mem 0x0000000080031f28
core   0: 0x000000008000feaa (0x000097ba) c.add   a5, a4
core   0: 3 0x000000008000feaa (0x97ba) x15 0x00000000800120dc
core   0: 0x000000008000feac (0xfe043703) ld      a4, -32(s0)
core   0: 3 0x000000008000feac (0xfe043703) x14 0x00000000800120da mem 0x0000000080031f50
core   0: 0x000000008000feb0 (0xfcf76de3) bltu    a4, a5, pc - 38
core   0: 3 0x000000008000feb0 (0xfcf76de3)
core   0: 0x000000008000fe8a (0xfe043783) ld      a5, -32(s0)
core   0: 3 0x000000008000fe8a (0xfe043783) x15 0x00000000800120da mem 0x0000000080031f50
core   0: 0x000000008000fe8e (0x00178713) addi    a4, a5, 1
core   0: 3 0x000000008000fe8e (0x00178713) x14 0x00000000800120db
core   0: 0x000000008000fe92 (0xfee43023) sd      a4, -32(s0)
core   0: 3 0x000000008000fe92 (0xfee43023) mem 0x0000000080031f50 0x00000000800120db
core   0: 0x000000008000fe96 (0xfc442703) lw      a4, -60(s0)
core   0: 3 0x000000008000fe96 (0xfc442703) x14 0x0000000000000000 mem 0x0000000080031f34
core   0: 0x000000008000fe9a (0x0ff77713) andi    a4, a4, 255
core   0: 3 0x000000008000fe9a (0x0ff77713) x14 0x0000000000000000
core   0: 0x000000008000fe9e (0x00e78023) sb      a4, 0(a5)
core   0: 3 0x000000008000fe9e (0x00e78023) mem 0x00000000800120da 0x00
core   0: 0x000000008000fea2 (0xfc843703) ld      a4, -56(s0)
core   0: 3 0x000000008000fea2 (0xfc843703) x14 0x0000000080012040 mem 0x0000000080031f38
core   0: 0x000000008000fea6 (0xfb843783) ld      a5, -72(s0)
core   0: 3 0x000000008000fea6 (0xfb843783) x15 0x000000000000009c mem 0x0000000080031f28
core   0: 0x000000008000feaa (0x000097ba) c.add   a5, a4
core   0: 3 0x000000008000feaa (0x97ba) x15 0x00000000800120dc
core   0: 0x000000008000feac (0xfe043703) ld      a4, -32(s0)
core   0: 3 0x000000008000feac (0xfe043703) x14 0x00000000800120db mem 0x0000000080031f50
core   0: 0x000000008000feb0 (0xfcf76de3) bltu    a4, a5, pc - 38
core   0: 3 0x000000008000feb0 (0xfcf76de3)
core   0: 0x000000008000fe8a (0xfe043783) ld      a5, -32(s0)
core   0: 3 0x000000008000fe8a (0xfe043783) x15 0x00000000800120db mem 0x0000000080031f50
core   0: 0x000000008000fe8e (0x00178713) addi    a4, a5, 1
core   0: 3 0x000000008000fe8e (0x00178713) x14 0x00000000800120dc
core   0: 0x000000008000fe92 (0xfee43023) sd      a4, -32(s0)
core   0: 3 0x000000008000fe92 (0xfee43023) mem 0x0000000080031f50 0x00000000800120dc
core   0: 0x000000008000fe96 (0xfc442703) lw      a4, -60(s0)
core   0: 3 0x000000008000fe96 (0xfc442703) x14 0x0000000000000000 mem 0x0000000080031f34
core   0: 0x000000008000fe9a (0x0ff77713) andi    a4, a4, 255
core   0: 3 0x000000008000fe9a (0x0ff77713) x14 0x0000000000000000
core   0: 0x000000008000fe9e (0x00e78023) sb      a4, 0(a5)
core   0: 3 0x000000008000fe9e (0x00e78023) mem 0x00000000800120db 0x00
core   0: 0x000000008000fea2 (0xfc843703) ld      a4, -56(s0)
core   0: 3 0x000000008000fea2 (0xfc843703) x14 0x0000000080012040 mem 0x0000000080031f38
core   0: 0x000000008000fea6 (0xfb843783) ld      a5, -72(s0)
core   0: 3 0x000000008000fea6 (0xfb843783) x15 0x000000000000009c mem 0x0000000080031f28
core   0: 0x000000008000feaa (0x000097ba) c.add   a5, a4
core   0: 3 0x000000008000feaa (0x97ba) x15 0x00000000800120dc
core   0: 0x000000008000feac (0xfe043703) ld      a4, -32(s0)
core   0: 3 0x000000008000feac (0xfe043703) x14 0x00000000800120dc mem 0x0000000080031f50
core   0: 0x000000008000feb0 (0xfcf76de3) bltu    a4, a5, pc - 38
core   0: 3 0x000000008000feb0 (0xfcf76de3)
core   0: 0x000000008000feb4 (0xfc843783) ld      a5, -56(s0)
core   0: 3 0x000000008000feb4 (0xfc843783) x15 0x0000000080012040 mem 0x0000000080031f38
core   0: 0x000000008000feb8 (0x0000853e) c.mv    a0, a5
core   0: 3 0x000000008000feb8 (0x853e) x10 0x0000000080012040
core   0: 0x000000008000feba (0x00006426) c.ldsp  s0, 72(sp)
core   0: 3 0x000000008000feba (0x6426) x8  0x0000000080031f90 mem 0x0000000080031f68
core   0: 0x000000008000febc (0x00006161) c.addi16sp sp, 80
core   0: 3 0x000000008000febc (0x6161) x2  0x0000000080031f70
core   0: 0x000000008000febe (0x00008082) ret
core   0: 3 0x000000008000febe (0x8082)
core   0: 0x000000008000f472 (0x00000001) c.nop
core   0: 3 0x000000008000f472 (0x0001)
core   0: 0x000000008000f474 (0x000060e2) c.ldsp  ra, 24(sp)
core   0: 3 0x000000008000f474 (0x60e2) x1  0x000000008000f4b2 mem 0x0000000080031f88
core   0: 0x000000008000f476 (0x00006442) c.ldsp  s0, 16(sp)
core   0: 3 0x000000008000f476 (0x6442) x8  0x0000000080032040 mem 0x0000000080031f80
core   0: 0x000000008000f478 (0x00006105) c.addi16sp sp, 32
core   0: 3 0x000000008000f478 (0x6105) x2  0x0000000080031f90
core   0: 0x000000008000f47a (0x00008082) ret
core   0: 3 0x000000008000f47a (0x8082)
core   0: 0x000000008000f4b2 (0xf5842703) lw      a4, -168(s0)
core   0: 3 0x000000008000f4b2 (0xf5842703) x14 0x0000000000000001 mem 0x0000000080031f98
core   0: 0x000000008000f4b6 (0xf5c42783) lw      a5, -164(s0)
core   0: 3 0x000000008000f4b6 (0xf5c42783) x15 0x0000000000000000 mem 0x0000000080031f9c
core   0: 0x000000008000f4ba (0x000085ba) c.mv    a1, a4
core   0: 3 0x000000008000f4ba (0x85ba) x11 0x0000000000000001
core   0: 0x000000008000f4bc (0x0000853e) c.mv    a0, a5
core   0: 3 0x000000008000f4bc (0x853e) x10 0x0000000000000000
core   0: 0x000000008000f4be (0xf03ff0ef) jal     pc - 0xfe
core   0: 3 0x000000008000f4be (0xf03ff0ef) x1  0x000000008000f4c2
core   0: >>>>  thread_entry
core   0: 0x000000008000f3c0 (0x00001101) c.addi  sp, -32
core   0: 3 0x000000008000f3c0 (0x1101) x2  0x0000000080031f70
core   0: 0x000000008000f3c2 (0x0000ec22) c.sdsp  s0, 24(sp)
core   0: 3 0x000000008000f3c2 (0xec22) mem 0x0000000080031f88 0x0000000080032040
core   0: 0x000000008000f3c4 (0x00001000) c.addi4spn s0, sp, 32
core   0: 3 0x000000008000f3c4 (0x1000) x8  0x0000000080031f90
core   0: 0x000000008000f3c6 (0x000087aa) c.mv    a5, a0
core   0: 3 0x000000008000f3c6 (0x87aa) x15 0x0000000000000000
core   0: 0x000000008000f3c8 (0x0000872e) c.mv    a4, a1
core   0: 3 0x000000008000f3c8 (0x872e) x14 0x0000000000000001
core   0: 0x000000008000f3ca (0xfef42623) sw      a5, -20(s0)
core   0: 3 0x000000008000f3ca (0xfef42623) mem 0x0000000080031f7c 0x00000000
core   0: 0x000000008000f3ce (0x000087ba) c.mv    a5, a4
core   0: 3 0x000000008000f3ce (0x87ba) x15 0x0000000000000001
core   0: 0x000000008000f3d0 (0xfef42423) sw      a5, -24(s0)
core   0: 3 0x000000008000f3d0 (0xfef42423) mem 0x0000000080031f78 0x00000001
core   0: 0x000000008000f3d4 (0x00000001) c.nop
core   0: 3 0x000000008000f3d4 (0x0001)
core   0: 0x000000008000f3d6 (0xfec42783) lw      a5, -20(s0)
core   0: 3 0x000000008000f3d6 (0xfec42783) x15 0x0000000000000000 mem 0x0000000080031f7c
core   0: 0x000000008000f3da (0x00002781) c.addiw a5, 0
core   0: 3 0x000000008000f3da (0x2781) x15 0x0000000000000000
core   0: 0x000000008000f3dc (0x0000ffed) c.bnez  a5, pc - 6
core   0: 3 0x000000008000f3dc (0xffed)
core   0: 0x000000008000f3de (0x00000001) c.nop
core   0: 3 0x000000008000f3de (0x0001)
core   0: 0x000000008000f3e0 (0x00000001) c.nop
core   0: 3 0x000000008000f3e0 (0x0001)
core   0: 0x000000008000f3e2 (0x00006462) c.ldsp  s0, 24(sp)
core   0: 3 0x000000008000f3e2 (0x6462) x8  0x0000000080032040 mem 0x0000000080031f88
core   0: 0x000000008000f3e4 (0x00006105) c.addi16sp sp, 32
core   0: 3 0x000000008000f3e4 (0x6105) x2  0x0000000080031f90
core   0: 0x000000008000f3e6 (0x00008082) ret
core   0: 3 0x000000008000f3e6 (0x8082)
core   0: 0x000000008000f4c2 (0x00004581) c.li    a1, 0
core   0: 3 0x000000008000f4c2 (0x4581) x11 0x0000000000000000
core   0: 0x000000008000f4c4 (0x00004501) c.li    a0, 0
core   0: 3 0x000000008000f4c4 (0x4501) x10 0x0000000000000000
core   0: 0x000000008000f4c6 (0xb3bf20ef) jal     pc - 0xd4c6
core   0: 3 0x000000008000f4c6 (0xb3bf20ef) x1  0x000000008000f4ca
core   0: >>>>  main
core   0: 0x0000000080002000 (0x00000001) c.nop
core   0: 3 0x0000000080002000 (0x0001)
core   0: >>>>  trap_vec_init
core   0: 0x0000000080002002 (0x00002797) auipc   a5, 0x2
core   0: 3 0x0000000080002002 (0x00002797) x15 0x0000000080004002
core   0: 0x0000000080002006 (0xffe78793) addi    a5, a5, -2
core   0: 3 0x0000000080002006 (0xffe78793) x15 0x0000000080004000
core   0: 0x000000008000200a (0x30579073) csrrw   zero, mtvec, a5
core   0: 3 0x000000008000200a (0x30579073) c773_mtvec 0x0000000080004000
core   0: >>>>  pmp_setup
core   0: 0x000000008000200e (0x00002c17) auipc   s8, 0x2
core   0: 3 0x000000008000200e (0x00002c17) x24 0x000000008000400e
core   0: 0x0000000080002012 (0x022c0c13) addi    s8, s8, 34
core   0: 3 0x0000000080002012 (0x022c0c13) x24 0x0000000080004030
core   0: 0x0000000080002016 (0x00004781) c.li    a5, 0
core   0: 3 0x0000000080002016 (0x4781) x15 0x0000000000000000
core   0: 0x0000000080002018 (0x00009c3e) c.add   s8, a5
core   0: 3 0x0000000080002018 (0x9c3e) x24 0x0000000080004030
core   0: 0x000000008000201a (0x3b0c1073) csrrw   zero, pmpaddr0, s8
core   0: 3 0x000000008000201a (0x3b0c1073) c944_pmpaddr0 0x0000000080004030
core   0: 0x000000008000201e (0x00004c3d) c.li    s8, 15
core   0: 3 0x000000008000201e (0x4c3d) x24 0x000000000000000f
core   0: 0x0000000080002020 (0x3a0c1073) csrrw   zero, pmpcfg0, s8
core   0: 3 0x0000000080002020 (0x3a0c1073) c928_pmpcfg0 0x000000000000000f
core   0: 0x0000000080002024 (0x12000073) sfence.vma zero, zero
core   0: 3 0x0000000080002024 (0x12000073)
core   0: >>>>  mepc_setup
core   0: 0x0000000080002028 (0x00002797) auipc   a5, 0x2
core   0: 3 0x0000000080002028 (0x00002797) x15 0x0000000080004028
core   0: 0x000000008000202c (0x00878793) addi    a5, a5, 8
core   0: 3 0x000000008000202c (0x00878793) x15 0x0000000080004030
core   0: 0x0000000080002030 (0x34179073) csrrw   zero, mepc, a5
core   0: 3 0x0000000080002030 (0x34179073) c833_mepc 0x0000000080004030
core   0: >>>>  custom_csr_setup
core   0: 0x0000000080002034 (0x00100f9b) addiw   t6, zero, 1
core   0: 3 0x0000000080002034 (0x00100f9b) x31 0x0000000000000001
core   0: 0x0000000080002038 (0x00000ffe) c.slli  t6, 31
core   0: 3 0x0000000080002038 (0x0ffe) x31 0x0000000080000000
core   0: 0x000000008000203a (0x00000001) c.nop
core   0: 3 0x000000008000203a (0x0001)
core   0: >>>>  init_s_mode
core   0: 0x000000008000203c (0xfff0079b) addiw   a5, zero, -1
core   0: 3 0x000000008000203c (0xfff0079b) x15 0xffffffffffffffff
core   0: 0x0000000080002040 (0x000017fe) c.slli  a5, 63
core   0: 3 0x0000000080002040 (0x17fe) x15 0x8000000000000000
core   0: 0x0000000080002042 (0x18079073) csrrw   zero, satp, a5
core   0: 3 0x0000000080002042 (0x18079073) c384_satp 0x8000000000000000
core   0: 0x0000000080002046 (0x0000f797) auipc   a5, 0xf
core   0: 3 0x0000000080002046 (0x0000f797) x15 0x0000000080011046
core   0: 0x000000008000204a (0xfba78793) addi    a5, a5, -70
core   0: 3 0x000000008000204a (0xfba78793) x15 0x0000000080011000
core   0: 0x000000008000204e (0x000083b1) c.srli  a5, 12
core   0: 3 0x000000008000204e (0x83b1) x15 0x0000000000080011
core   0: 0x0000000080002050 (0x0010061b) addiw   a2, zero, 1
core   0: 3 0x0000000080002050 (0x0010061b) x12 0x0000000000000001
core   0: 0x0000000080002054 (0x00001632) c.slli  a2, 44
core   0: 3 0x0000000080002054 (0x1632) x12 0x0000100000000000
core   0: 0x0000000080002056 (0x0000167d) c.addi  a2, -1
core   0: 3 0x0000000080002056 (0x167d) x12 0x00000fffffffffff
core   0: 0x0000000080002058 (0x00008ff1) c.and   a5, a2
core   0: 3 0x0000000080002058 (0x8ff1) x15 0x0000000000080011
core   0: 0x000000008000205a (0x1807a073) csrrs   zero, satp, a5
core   0: 3 0x000000008000205a (0x1807a073) c384_satp 0x8000000000080011
core   0: 0x000000008000205e (0x00a005b7) lui     a1, 0xa00
core   0: 3 0x000000008000205e (0x00a005b7) x11 0x0000000000a00000
core   0: 0x0000000080002062 (0x10b5859b) addiw   a1, a1, 267
core   0: 3 0x0000000080002062 (0x10b5859b) x11 0x0000000000a0010b
core   0: 0x0000000080002066 (0x000005b2) c.slli  a1, 12
core   0: 3 0x0000000080002066 (0x05b2) x11 0x0000000a0010b000
core   0: 0x0000000080002068 (0xa0058593) addi    a1, a1, -1536
core   0: 3 0x0000000080002068 (0xa0058593) x11 0x0000000a0010aa00
core   0: 0x000000008000206c (0x30059073) csrrw   zero, mstatus, a1
core   0: 3 0x000000008000206c (0x30059073) c768_mstatus 0x0000000a00102800
core   0: 0x0000000080002070 (0x30459073) csrrw   zero, mie, a1
core   0: 3 0x0000000080002070 (0x30459073) c772_mie 0x0000000000000a00
core   0: 0x0000000080002074 (0x00a005b7) lui     a1, 0xa00
core   0: 3 0x0000000080002074 (0x00a005b7) x11 0x0000000000a00000
core   0: 0x0000000080002078 (0x10b5859b) addiw   a1, a1, 267
core   0: 3 0x0000000080002078 (0x10b5859b) x11 0x0000000000a0010b
core   0: 0x000000008000207c (0x000005b2) c.slli  a1, 12
core   0: 3 0x000000008000207c (0x05b2) x11 0x0000000a0010b000
core   0: 0x000000008000207e (0xa0058593) addi    a1, a1, -1536
core   0: 3 0x000000008000207e (0xa0058593) x11 0x0000000a0010aa00
core   0: 0x0000000080002082 (0x10059073) csrrw   zero, sstatus, a1
core   0: 3 0x0000000080002082 (0x10059073) c768_mstatus 0x0000000a00102800
core   0: 0x0000000080002086 (0x10459073) csrrw   zero, sie, a1
core   0: 3 0x0000000080002086 (0x10459073) c772_mie 0x0000000000000a00
core   0: 0x000000008000208a (0x30200073) mret
core   0: 3 0x000000008000208a (0x30200073) c768_mstatus 0x0000000a00102080
core   0: >>>>  main_g
core   0: 0x0000000080004030 (0x030d84b3) mul     s1, s11, a6
core   0: 1 0x0000000080004030 (0x030d84b3) x9  0x0000000000000000
core   0: 0x0000000080004034 (0x00000001) c.nop
core   0: 1 0x0000000080004034 (0x0001)
core   0: 0x0000000080004036 (0xa0081a17) auipc   s4, 0xa0081
core   0: 1 0x0000000080004036 (0xa0081a17) x20 0x0000000020085036
core   0: 0x000000008000403a (0xc810e873) csrrsi  a6, timeh, 1
core   0: exception trap_illegal_instruction, epc 0x000000008000403a
core   0:           tval 0x00000000c810e873
core   0: >>>>  $xrv64i2p1_m2p0_a2p1_f2p2_d2p2_zicsr2p0_zifencei2p0_zmmul1p0_zba1p0_zbb1p0_zbc1p0_zbs1p0
core   0: 0x0000000080004000 (0x0080006f) j       pc + 0x8
core   0: 3 0x0000000080004000 (0x0080006f)
core   0: >>>>  mmode_exception_handler
core   0: 0x0000000080004008 (0x00002c17) auipc   s8, 0x2
core   0: 3 0x0000000080004008 (0x00002c17) x24 0x0000000080006008
core   0: 0x000000008000400c (0x0c8c0c13) addi    s8, s8, 200
core   0: 3 0x000000008000400c (0x0c8c0c13) x24 0x00000000800060d0
core   0: 0x0000000080004010 (0x000c00e7) jalr    s8
core   0: 3 0x0000000080004010 (0x000c00e7) x1  0x0000000080004014
core   0: >>>>  any_handler
core   0: 0x00000000800060d0 (0x341027f3) csrrs   a5, mepc, zero
core   0: 3 0x00000000800060d0 (0x341027f3) x15 0x000000008000403a
core   0: 0x00000000800060d4 (0x34202773) csrrs   a4, mcause, zero
core   0: 3 0x00000000800060d4 (0x34202773) x14 0x0000000000000002
core   0: 0x00000000800060d8 (0x142026f3) csrrs   a3, scause, zero
core   0: 3 0x00000000800060d8 (0x142026f3) x13 0x0000000000000000
core   0: 0x00000000800060dc (0x30402673) csrrs   a2, mie, zero
core   0: 3 0x00000000800060dc (0x30402673) x12 0x0000000000000a00
core   0: 0x00000000800060e0 (0x344025f3) csrrs   a1, mip, zero
core   0: 3 0x00000000800060e0 (0x344025f3) x11 0x0000000000000080
core   0: 0x00000000800060e4 (0x343025f3) csrrs   a1, mtval, zero
core   0: 3 0x00000000800060e4 (0x343025f3) x11 0x00000000c810e873
core   0: 0x00000000800060e8 (0x14302573) csrrs   a0, stval, zero
core   0: 3 0x00000000800060e8 (0x14302573) x10 0x0000000000000000
core   0: 0x00000000800060ec (0xb02024f3) csrrs   s1, minstret, zero
core   0: 3 0x00000000800060ec (0xb02024f3) x9  0x00000000000007ce
core   0: 0x00000000800060f0 (0x0000a811) c.j     pc + 20
core   0: 3 0x00000000800060f0 (0xa811)
core   0: >>>>  mepc_4
core   0: 0x0000000080006104 (0x00000791) c.addi  a5, 4
core   0: 3 0x0000000080006104 (0x0791) x15 0x000000008000403e
core   0: 0x0000000080006106 (0x34179073) csrrw   zero, mepc, a5
core   0: 3 0x0000000080006106 (0x34179073) c833_mepc 0x000000008000403e
core   0: 0x000000008000610a (0x30200073) mret
core   0: 3 0x000000008000610a (0x30200073) c768_mstatus 0x0000000a00102080
core   0: 0x000000008000403e (0x00289173) csrrw   sp, frm, a7
core   0: 1 0x000000008000403e (0x00289173) x2  0x0000000000000000 c2_frm 0x0000000000000000 c768_mstatus 0x8000000a00106080
core   0: 0x0000000080004042 (0xf2058253) fmv.d.x ft4, a1
core   0: 1 0x0000000080004042 (0xf2058253) f4  0x00000000c810e873
core   0: 0x0000000080004046 (0x4009d913) srai    s2, s3, 0
core   0: 1 0x0000000080004046 (0x4009d913) x18 0x0000000000000000
core   0: 0x000000008000404a (0x00000001) c.nop
core   0: 1 0x000000008000404a (0x0001)
core   0: 0x000000008000404c (0x6a43fd47) fmsub.d fs10, ft7, ft4, fa3
core   0: 1 0x000000008000404c (0x6a43fd47) f26 0x7ff8000000000000
core   0: 0x0000000080004050 (0x0b3e7bd3) fsub.d  fs7, ft8, fs3
core   0: 1 0x0000000080004050 (0x0b3e7bd3) f23 0x7ff8000000000000
core   0: 0x0000000080004054 (0xc206f7d3) fcvt.w.d a5, fa3
core   0: 1 0x0000000080004054 (0xc206f7d3) c1_fflags 0x0000000000000010 x15 0x000000007fffffff
core   0: 0x0000000080004058 (0x008890bb) sllw    ra, a7, s0
core   0: 1 0x0000000080004058 (0x008890bb) x1  0x0000000000000000
core   0: 0x000000008000405c (0xd02df0d3) fcvt.s.l ft1, s11
core   0: 1 0x000000008000405c (0xd02df0d3) f1  0xffffffff00000000
core   0: 0x0000000080004060 (0x106da073) csrrs   zero, scounteren, s11
core   0: 1 0x0000000080004060 (0x106da073) c262_scounteren 0x0000000000000000
core   0: 0x0000000080004064 (0x03c6503b) divuw   zero, a2, t3
core   0: 1 0x0000000080004064 (0x03c6503b)
core   0: 0x0000000080004068 (0x01c1d333) srl     t1, gp, t3
core   0: 1 0x0000000080004068 (0x01c1d333) x6  0x0000000080012828
core   0: 0x000000008000406c (0x015123b3) slt     t2, sp, s5
core   0: 1 0x000000008000406c (0x015123b3) x7  0x0000000000000000
core   0: 0x0000000080004070 (0x61c44a13) xori    s4, s0, 1564
core   0: 1 0x0000000080004070 (0x61c44a13) x20 0x000000008003265c
core   0: 0x0000000080004074 (0x411388bb) subw    a7, t2, a7
core   0: 1 0x0000000080004074 (0x411388bb) x17 0x0000000000000000
core   0: 0x0000000080004078 (0x03a25e13) srli    t3, tp, 58
core   0: 1 0x0000000080004078 (0x03a25e13) x28 0x0000000000000000
core   0: 0x000000008000407c (0xd21e08d3) fcvt.d.wu fa7, t3
core   0: 1 0x000000008000407c (0xd21e08d3) f17 0x0000000000000000
core   0: 0x0000000080004080 (0x238d2a53) fsgnjx.d fs4, fs10, fs8
core   0: 1 0x0000000080004080 (0x238d2a53) f20 0xfff8000000000000
core   0: 0x0000000080004084 (0x01dcdc9b) srliw   s9, s9, 29
core   0: 1 0x0000000080004084 (0x01dcdc9b) x25 0x0000000000000000
core   0: 0x0000000080004088 (0x01697e33) and     t3, s2, s6
core   0: 1 0x0000000080004088 (0x01697e33) x28 0x0000000000000000
core   0: 0x000000008000408c (0x40305bbb) sraw    s7, zero, gp
core   0: 1 0x000000008000408c (0x40305bbb) x23 0x0000000000000000
core   0: 0x0000000080004090 (0x037b403b) divw    zero, s6, s7
core   0: 1 0x0000000080004090 (0x037b403b)
core   0: 0x0000000080004094 (0x0b95f5d3) fsub.d  fa1, fa1, fs9
core   0: 1 0x0000000080004094 (0x0b95f5d3) f11 0x7ff8000000000000
core   0: 0x0000000080004098 (0xfffdee13) ori     t3, s11, -1
core   0: 1 0x0000000080004098 (0xfffdee13) x28 0xffffffffffffffff
core   0: 0x000000008000409c (0x41b0ddbb) sraw    s11, ra, s11
core   0: 1 0x000000008000409c (0x41b0ddbb) x27 0x0000000000000000
core   0: 0x00000000800040a0 (0x02dc29b3) mulhsu  s3, s8, a3
core   0: 1 0x00000000800040a0 (0x02dc29b3) x19 0x0000000000000000
core   0: 0x00000000800040a4 (0x01b8da3b) srlw    s4, a7, s11
core   0: 1 0x00000000800040a4 (0x01b8da3b) x20 0x0000000000000000
core   0: 0x00000000800040a8 (0x00a7debb) srlw    t4, a5, a0
core   0: 1 0x00000000800040a8 (0x00a7debb) x29 0x000000007fffffff
core   0: 0x00000000800040ac (0x00000001) c.nop
core   0: 1 0x00000000800040ac (0x0001)
core   0: 0x00000000800040ae (0x00111573) csrrw   a0, fflags, sp
core   0: 1 0x00000000800040ae (0x00111573) x10 0x0000000000000010 c1_fflags 0x0000000000000000
core   0: 0x00000000800040b2 (0xd2150cd3) fcvt.d.wu fs9, a0
core   0: 1 0x00000000800040b2 (0xd2150cd3) f25 0x4030000000000000
core   0: 0x00000000800040b6 (0x0003db93) srli    s7, t2, 0
core   0: 1 0x00000000800040b6 (0x0003db93) x23 0x0000000000000000
core   0: 0x00000000800040ba (0x01468cbb) addw    s9, a3, s4
core   0: 1 0x00000000800040ba (0x01468cbb) x25 0x0000000000000000
core   0: 0x00000000800040be (0xc216f153) fcvt.wu.d sp, fa3
core   0: 1 0x00000000800040be (0xc216f153) c1_fflags 0x0000000000000010 x2  0xffffffffffffffff
core   0: 0x00000000800040c2 (0x00000001) c.nop
core   0: 1 0x00000000800040c2 (0x0001)
core   0: 0x00000000800040c4 (0x23ef1bd3) fsgnjn.d fs7, ft10, ft10
core   0: 1 0x00000000800040c4 (0x23ef1bd3) f23 0x7fffffff00000000
core   0: 0x00000000800040c8 (0x000090ba) c.add   ra, a4
core   0: 1 0x00000000800040c8 (0x90ba) x1  0x0000000000000002
core   0: 0x00000000800040ca (0x009b7d33) and     s10, s6, s1
core   0: 1 0x00000000800040ca (0x009b7d33) x26 0x0000000000000000
core   0: 0x00000000800040ce (0x1be3f443) fmadd.d fs0, ft7, ft10, ft3
core   0: 1 0x00000000800040ce (0x1be3f443) f8  0x7ff8000000000000
core   0: 0x00000000800040d2 (0x0349f3d3) fadd.d  ft7, fs3, fs4
core   0: 1 0x00000000800040d2 (0x0349f3d3) f7  0x7ff8000000000000
core   0: 0x00000000800040d6 (0x0ff0000f) fence   iorw,iorw
core   0: 1 0x00000000800040d6 (0x0ff0000f)
core   0: 0x00000000800040da (0x420b8ed3) fcvt.d.s ft9, fs7
core   0: 1 0x00000000800040da (0x420b8ed3) f29 0x7ff8000000000000
core   0: 0x00000000800040de (0x02c35633) divu    a2, t1, a2
core   0: 1 0x00000000800040de (0x02c35633) x12 0x00000000000cccea
core   0: 0x00000000800040e2 (0x1251f753) fmul.d  fa4, ft3, ft5
core   0: 1 0x00000000800040e2 (0x1251f753) f14 0x7ff8000000000000
core   0: 0x00000000800040e6 (0x40d6debb) sraw    t4, a3, a3
core   0: 1 0x00000000800040e6 (0x40d6debb) x29 0x0000000000000000
core   0: 0x00000000800040ea (0x4040583b) sraw    a6, zero, tp
core   0: 1 0x00000000800040ea (0x4040583b) x16 0x0000000000000000
core   0: 0x00000000800040ee (0x41f2569b) sraiw   a3, tp, 31
core   0: 1 0x00000000800040ee (0x41f2569b) x13 0xffffffffffffffff
core   0: 0x00000000800040f2 (0x00dc1c33) sll     s8, s8, a3
core   0: 1 0x00000000800040f2 (0x00dc1c33) x24 0x0000000000000000
core   0: 0x00000000800040f6 (0xd2387253) fcvt.d.lu ft4, a6
core   0: 1 0x00000000800040f6 (0xd2387253) f4  0x0000000000000000
core   0: 0x00000000800040fa (0x2249f0cb) fnmsub.d ft1, fs3, ft4, ft4
core   0: 1 0x00000000800040fa (0x2249f0cb) f1  0x7ff8000000000000
core   0: 0x00000000800040fe (0x03eff653) fadd.d  fa2, ft11, ft10
core   0: 1 0x00000000800040fe (0x03eff653) f12 0x7ff8000000000000
core   0: 0x0000000080004102 (0x0012549b) srliw   s1, tp, 1
core   0: 1 0x0000000080004102 (0x0012549b) x9  0x0000000040009020
core   0: 0x0000000080004106 (0x00149af3) csrrw   s5, fflags, s1
core   0: 1 0x0000000080004106 (0x00149af3) x21 0x0000000000000010 c1_fflags 0x0000000000000000
core   0: 0x000000008000410a (0x4bd3e793) ori     a5, t2, 1213
core   0: 1 0x000000008000410a (0x4bd3e793) x15 0x00000000000004bd
core   0: 0x000000008000410e (0x00fb12b3) sll     t0, s6, a5
core   0: 1 0x000000008000410e (0x00fb12b3) x5  0x0000000000000000
core   0: 0x0000000080004112 (0x008185b3) add     a1, gp, s0
core   0: 1 0x0000000080004112 (0x008185b3) x11 0x0000000100044868
core   0: 0x0000000080004116 (0x0108dabb) srlw    s5, a7, a6
core   0: 1 0x0000000080004116 (0x0108dabb) x21 0x0000000000000000
core   0: 0x000000008000411a (0x00e822b3) slt     t0, a6, a4
core   0: 1 0x000000008000411a (0x00e822b3) x5  0x0000000000000001
core   0: 0x000000008000411e (0x0322f933) remu    s2, t0, s2
core   0: 1 0x000000008000411e (0x0322f933) x18 0x0000000000000001
core   0: 0x0000000080004122 (0xc030f753) fcvt.lu.s a4, ft1
core   0: 1 0x0000000080004122 (0xc030f753) c1_fflags 0x0000000000000010 x14 0xffffffffffffffff
core   0: 0x0000000080004126 (0xf3e3714f) fnmadd.d ft2, ft6, ft10, ft10
core   0: 1 0x0000000080004126 (0xf3e3714f) f2  0x7ff8000000000000
core   0: 0x000000008000412a (0x002d1873) csrrw   a6, frm, s10
core   0: 1 0x000000008000412a (0x002d1873) x16 0x0000000000000000 c2_frm 0x0000000000000000
core   0: 0x000000008000412e (0x02456433) rem     s0, a0, tp
core   0: 1 0x000000008000412e (0x02456433) x8  0x0000000000000010
core   0: 0x0000000080004132 (0x408a8ab3) sub     s5, s5, s0
core   0: 1 0x0000000080004132 (0x408a8ab3) x21 0xfffffffffffffff0
core   0: 0x0000000080004136 (0x00f2d29b) srliw   t0, t0, 15
core   0: 1 0x0000000080004136 (0x00f2d29b) x5  0x0000000000000000
core   0: 0x000000008000413a (0x68d0deb7) lui     t4, 0x68d0d
core   0: 1 0x000000008000413a (0x68d0deb7) x29 0x0000000068d0d000
core   0: 0x000000008000413e (0x00f6d1b3) srl     gp, a3, a5
core   0: 1 0x000000008000413e (0x00f6d1b3) x3  0x0000000000000007
core   0: 0x0000000080004142 (0x002319f3) csrrw   s3, frm, t1
core   0: 1 0x0000000080004142 (0x002319f3) x19 0x0000000000000000 c2_frm 0x0000000000000000
core   0: 0x0000000080004146 (0x000c9493) slli    s1, s9, 0
core   0: 1 0x0000000080004146 (0x000c9493) x9  0x0000000000000000
core   0: 0x000000008000414a (0x00975c93) srli    s9, a4, 9
core   0: 1 0x000000008000414a (0x00975c93) x25 0x007fffffffffffff
core   0: 0x000000008000414e (0x0011571b) srliw   a4, sp, 1
core   0: 1 0x000000008000414e (0x0011571b) x14 0x000000007fffffff
core   0: 0x0000000080004152 (0x00102673) csrrs   a2, fflags, zero
core   0: 1 0x0000000080004152 (0x00102673) x12 0x0000000000000010
core   0: 0x0000000080004156 (0xd021fed3) fcvt.s.l ft9, gp
core   0: 1 0x0000000080004156 (0xd021fed3) f29 0xffffffff40e00000
core   0: 0x000000008000415a (0x2a911753) fmax.d  fa4, ft2, fs1
core   0: 1 0x000000008000415a (0x2a911753) f14 0x7ff8000000000000
core   0: 0x000000008000415e (0x00d498b3) sll     a7, s1, a3
core   0: 1 0x000000008000415e (0x00d498b3) x17 0x0000000000000000
core   0: 0x0000000080004162 (0xfdf48137) lui     sp, 0xfdf48
core   0: 1 0x0000000080004162 (0xfdf48137) x2  0xfffffffffdf48000
core   0: 0x0000000080004166 (0xf371011b) addiw   sp, sp, -201
core   0: 1 0x0000000080004166 (0xf371011b) x2  0xfffffffffdf47f37
core   0: 0x000000008000416a (0x00000132) c.slli  sp, 12
core   0: 1 0x000000008000416a (0x0132) x2  0xffffffdf47f37000
core   0: 0x000000008000416c (0x81510113) addi    sp, sp, -2027
core   0: 1 0x000000008000416c (0x81510113) x2  0xffffffdf47f36815
core   0: 0x0000000080004170 (0x00101c93) slli    s9, zero, 1
core   0: 1 0x0000000080004170 (0x00101c93) x25 0x0000000000000000
core   0: 0x0000000080004174 (0x1b227253) fdiv.d  ft4, ft4, fs2
core   0: 1 0x0000000080004174 (0x1b227253) f4  0x7ff8000000000000
core   0: 0x0000000080004178 (0x0ff0000f) fence   iorw,iorw
core   0: 1 0x0000000080004178 (0x0ff0000f)
core   0: 0x000000008000417c (0x238207d3) fsgnj.d fa5, ft4, fs8
core   0: 1 0x000000008000417c (0x238207d3) f15 0xfff8000000000000
core   0: 0x0000000080004180 (0x4a69819b) addiw   gp, s3, 1190
core   0: 1 0x0000000080004180 (0x4a69819b) x3  0x00000000000004a6
core   0: 0x0000000080004184 (0xc21673d3) fcvt.wu.d t2, fa2
core   0: 1 0x0000000080004184 (0xc21673d3) c1_fflags 0x0000000000000010 x7  0xffffffffffffffff
core   0: 0x0000000080004188 (0xe20c09d3) fmv.x.d s3, fs8
core   0: 1 0x0000000080004188 (0xe20c09d3) x19 0xffffffff00000000
core   0: 0x000000008000418c (0xd03bf9d3) fcvt.s.lu fs3, s7
core   0: 1 0x000000008000418c (0xd03bf9d3) f19 0xffffffff00000000
core   0: 0x0000000080004190 (0x03c89b33) mulh    s6, a7, t3
core   0: 1 0x0000000080004190 (0x03c89b33) x22 0x0000000000000000
core   0: 0x0000000080004194 (0x0315a033) mulhsu  zero, a1, a7
core   0: 1 0x0000000080004194 (0x0315a033)
core   0: 0x0000000080004198 (0xfda786b7) lui     a3, 0xfda78
core   0: 1 0x0000000080004198 (0xfda786b7) x13 0xfffffffffda78000
core   0: 0x000000008000419c (0xd2f6869b) addiw   a3, a3, -721
core   0: 1 0x000000008000419c (0xd2f6869b) x13 0xfffffffffda77d2f
core   0: 0x00000000800041a0 (0x000006b6) c.slli  a3, 13
core   0: 1 0x00000000800041a0 (0x06b6) x13 0xffffffb4efa5e000
core   0: 0x00000000800041a2 (0xef368693) addi    a3, a3, -269
core   0: 1 0x00000000800041a2 (0xef368693) x13 0xffffffb4efa5def3
core   0: 0x00000000800041a6 (0x02351613) slli    a2, a0, 35
core   0: 1 0x00000000800041a6 (0x02351613) x12 0x0000008000000000
core   0: 0x00000000800041aa (0x00102c73) csrrs   s8, fflags, zero
core   0: 1 0x00000000800041aa (0x00102c73) x24 0x0000000000000010
core   0: 0x00000000800041ae (0x4a64f443) fmadd.d fs0, fs1, ft6, fs1
core   0: 1 0x00000000800041ae (0x4a64f443) f8  0x7ff8000000000000
core   0: 0x00000000800041b2 (0xd2178b53) fcvt.d.wu fs6, a5
core   0: 1 0x00000000800041b2 (0xd2178b53) f22 0x4092f40000000000
core   0: 0x00000000800041b6 (0x00202573) csrrs   a0, frm, zero
core   0: 1 0x00000000800041b6 (0x00202573) x10 0x0000000000000000
core   0: 0x00000000800041ba (0xa22983d3) fle.d   t2, fs3, ft2
core   0: 1 0x00000000800041ba (0xa22983d3) c1_fflags 0x0000000000000010 x7  0x0000000000000000
core   0: 0x00000000800041be (0x41775c33) sra     s8, a4, s7
core   0: 1 0x00000000800041be (0x41775c33) x24 0x000000007fffffff
core   0: 0x00000000800041c2 (0xc22b76d3) fcvt.l.d a3, fs6
core   0: 1 0x00000000800041c2 (0xc22b76d3) x13 0x00000000000004bd
core   0: 0x00000000800041c6 (0x191b4b13) xori    s6, s6, 401
core   0: 1 0x00000000800041c6 (0x191b4b13) x22 0x0000000000000191
core   0: 0x00000000800041ca (0x02c60633) mul     a2, a2, a2
core   0: 1 0x00000000800041ca (0x02c60633) x12 0x0000000000000000
core   0: 0x00000000800041ce (0x00161cbb) sllw    s9, a2, ra
core   0: 1 0x00000000800041ce (0x00161cbb) x25 0x0000000000000000
core   0: 0x00000000800041d2 (0x0ff0000f) fence   iorw,iorw
core   0: 1 0x00000000800041d2 (0x0ff0000f)
core   0: 0x00000000800041d6 (0x00005ab3) srl     s5, zero, zero
core   0: 1 0x00000000800041d6 (0x00005ab3) x21 0x0000000000000000
core   0: 0x00000000800041da (0x4088d933) sra     s2, a7, s0
core   0: 1 0x00000000800041da (0x4088d933) x18 0x0000000000000000
core   0: 0x00000000800041de (0x4176519b) sraiw   gp, a2, 23
core   0: 1 0x00000000800041de (0x4176519b) x3  0x0000000000000000
core   0: 0x00000000800041e2 (0x0011dc9b) srliw   s9, gp, 1
core   0: 1 0x00000000800041e2 (0x0011dc9b) x25 0x0000000000000000
core   0: 0x00000000800041e6 (0x415c893b) subw    s2, s9, s5
core   0: 1 0x00000000800041e6 (0x415c893b) x18 0x0000000000000000
core   0: 0x00000000800041ea (0x010cd333) srl     t1, s9, a6
core   0: 1 0x00000000800041ea (0x010cd333) x6  0x0000000000000000
core   0: 0x00000000800041ee (0xc03ef853) fcvt.lu.s a6, ft9
core   0: 1 0x00000000800041ee (0xc03ef853) x16 0x0000000000000007
core   0: 0x00000000800041f2 (0x1d6e6893) ori     a7, t3, 470
core   0: 1 0x00000000800041f2 (0x1d6e6893) x17 0xffffffffffffffff
core   0: 0x00000000800041f6 (0x02d8e3b3) rem     t2, a7, a3
core   0: 1 0x00000000800041f6 (0x02d8e3b3) x7  0xffffffffffffffff
core   0: 0x00000000800041fa (0x01a62c33) slt     s8, a2, s10
core   0: 1 0x00000000800041fa (0x01a62c33) x24 0x0000000000000000
core   0: 0x00000000800041fe (0xd22cf453) fcvt.d.l fs0, s9
core   0: 1 0x00000000800041fe (0xd22cf453) f8  0x0000000000000000
core   0: 0x0000000080004202 (0xfb05ffc3) fmadd.d ft11, fa1, fa6, ft11
core   0: 1 0x0000000080004202 (0xfb05ffc3) f31 0x7ff8000000000000
core   0: 0x0000000080004206 (0x09ca8697) auipc   a3, 0x9ca8
core   0: 1 0x0000000080004206 (0x09ca8697) x13 0x0000000089cac206
core   0: 0x000000008000420a (0x00001546) c.slli  a0, 49
core   0: 1 0x000000008000420a (0x1546) x10 0x0000000000000000
core   0: 0x000000008000420c (0xd23afc53) fcvt.d.lu fs8, s5
core   0: 1 0x000000008000420c (0xd23afc53) f24 0x0000000000000000
core   0: 0x0000000080004210 (0xd020fad3) fcvt.s.l fs5, ra
core   0: 1 0x0000000080004210 (0xd020fad3) f21 0xffffffff40000000
core   0: 0x0000000080004214 (0xd024f2d3) fcvt.s.l ft5, s1
core   0: 1 0x0000000080004214 (0xd024f2d3) f5  0xffffffff00000000
core   0: 0x0000000080004218 (0x0004da1b) srliw   s4, s1, 0
core   0: 1 0x0000000080004218 (0x0004da1b) x20 0x0000000000000000
core   0: 0x000000008000421c (0xe20d0ed3) fmv.x.d t4, fs10
core   0: 1 0x000000008000421c (0xe20d0ed3) x29 0x7ff8000000000000
core   0: 0x0000000080004220 (0x40d0d213) srai    tp, ra, 13
core   0: 1 0x0000000080004220 (0x40d0d213) x4  0x0000000000000000
core   0: 0x0000000080004224 (0x004953bb) srlw    t2, s2, tp
core   0: 1 0x0000000080004224 (0x004953bb) x7  0x0000000000000000
core   0: 0x0000000080004228 (0x0231ed33) rem     s10, gp, gp
core   0: 1 0x0000000080004228 (0x0231ed33) x26 0x0000000000000000
core   0: 0x000000008000422c (0xf120f273) csrrci  tp, marchid, 1
core   0: exception trap_illegal_instruction, epc 0x000000008000422c
core   0:           tval 0x00000000f120f273
core   0: >>>>  $xrv64i2p1_m2p0_a2p1_f2p2_d2p2_zicsr2p0_zifencei2p0_zmmul1p0_zba1p0_zbb1p0_zbc1p0_zbs1p0
core   0: 0x0000000080004000 (0x0080006f) j       pc + 0x8
core   0: 3 0x0000000080004000 (0x0080006f)
core   0: >>>>  mmode_exception_handler
core   0: 0x0000000080004008 (0x00002c17) auipc   s8, 0x2
core   0: 3 0x0000000080004008 (0x00002c17) x24 0x0000000080006008
core   0: 0x000000008000400c (0x0c8c0c13) addi    s8, s8, 200
core   0: 3 0x000000008000400c (0x0c8c0c13) x24 0x00000000800060d0
core   0: 0x0000000080004010 (0x000c00e7) jalr    s8
core   0: 3 0x0000000080004010 (0x000c00e7) x1  0x0000000080004014
core   0: >>>>  any_handler
core   0: 0x00000000800060d0 (0x341027f3) csrrs   a5, mepc, zero
core   0: 3 0x00000000800060d0 (0x341027f3) x15 0x000000008000422c
core   0: 0x00000000800060d4 (0x34202773) csrrs   a4, mcause, zero
core   0: 3 0x00000000800060d4 (0x34202773) x14 0x0000000000000002
core   0: 0x00000000800060d8 (0x142026f3) csrrs   a3, scause, zero
core   0: 3 0x00000000800060d8 (0x142026f3) x13 0x0000000000000000
core   0: 0x00000000800060dc (0x30402673) csrrs   a2, mie, zero
core   0: 3 0x00000000800060dc (0x30402673) x12 0x0000000000000a00
core   0: 0x00000000800060e0 (0x344025f3) csrrs   a1, mip, zero
core   0: 3 0x00000000800060e0 (0x344025f3) x11 0x0000000000000080
core   0: 0x00000000800060e4 (0x343025f3) csrrs   a1, mtval, zero
core   0: 3 0x00000000800060e4 (0x343025f3) x11 0x00000000f120f273
core   0: 0x00000000800060e8 (0x14302573) csrrs   a0, stval, zero
core   0: 3 0x00000000800060e8 (0x14302573) x10 0x0000000000000000
core   0: 0x00000000800060ec (0xb02024f3) csrrs   s1, minstret, zero
core   0: 3 0x00000000800060ec (0xb02024f3) x9  0x000000000000085d
core   0: 0x00000000800060f0 (0x0000a811) c.j     pc + 20
core   0: 3 0x00000000800060f0 (0xa811)
core   0: >>>>  mepc_4
core   0: 0x0000000080006104 (0x00000791) c.addi  a5, 4
core   0: 3 0x0000000080006104 (0x0791) x15 0x0000000080004230
core   0: 0x0000000080006106 (0x34179073) csrrw   zero, mepc, a5
core   0: 3 0x0000000080006106 (0x34179073) c833_mepc 0x0000000080004230
core   0: 0x000000008000610a (0x30200073) mret
core   0: 3 0x000000008000610a (0x30200073) c768_mstatus 0x8000000a00106080
core   0: 0x0000000080004230 (0xffba2b37) lui     s6, 0xffba2
core   0: 1 0x0000000080004230 (0xffba2b37) x22 0xffffffffffba2000
core   0: 0x0000000080004234 (0x231b0b1b) addiw   s6, s6, 561
core   0: 1 0x0000000080004234 (0x231b0b1b) x22 0xffffffffffba2231
core   0: 0x0000000080004238 (0x00000b42) c.slli  s6, 16
core   0: 1 0x0000000080004238 (0x0b42) x22 0xffffffba22310000
core   0: 0x000000008000423a (0xe4fb0b13) addi    s6, s6, -433
core   0: 1 0x000000008000423a (0xe4fb0b13) x22 0xffffffba2230fe4f
core   0: 0x000000008000423e (0x001e5a1b) srliw   s4, t3, 1
core   0: 1 0x000000008000423e (0x001e5a1b) x20 0x000000007fffffff
core   0: 0x0000000080004242 (0x0ff0000f) fence   iorw,iorw
core   0: 1 0x0000000080004242 (0x0ff0000f)
core   0: 0x0000000080004246 (0x0156d3bb) srlw    t2, a3, s5
core   0: 1 0x0000000080004246 (0x0156d3bb) x7  0x0000000000000000
core   0: 0x000000008000424a (0xc208f253) fcvt.w.d tp, fa7
core   0: 1 0x000000008000424a (0xc208f253) x4  0x0000000000000000
core   0: 0x000000008000424e (0x438472c7) fmsub.d ft5, fs0, fs8, fs0
core   0: 1 0x000000008000424e (0x438472c7) f5  0x0000000000000000
core   0: 0x0000000080004252 (0x03f01613) slli    a2, zero, 63
core   0: 1 0x0000000080004252 (0x03f01613) x12 0x0000000000000000
core   0: 0x0000000080004256 (0x00009671) c.srai  a2, 60
core   0: 1 0x0000000080004256 (0x9671) x12 0x0000000000000000
core   0: 0x0000000080004258 (0x025172bb) remuw   t0, sp, t0
core   0: 1 0x0000000080004258 (0x025172bb) x5  0x0000000047f36815
core   0: 0x000000008000425c (0x000246b3) xor     a3, tp, zero
core   0: 1 0x000000008000425c (0x000246b3) x13 0x0000000000000000
core   0: 0x0000000080004260 (0x025b453b) divw    a0, s6, t0
core   0: 1 0x0000000080004260 (0x025b453b) x10 0x0000000000000000
core   0: 0x0000000080004264 (0xd224fb53) fcvt.d.l fs6, s1
core   0: 1 0x0000000080004264 (0xd224fb53) f22 0x40a0ba0000000000
core   0: 0x0000000080004268 (0x140b1bf3) csrrw   s7, sscratch, s6
core   0: 1 0x0000000080004268 (0x140b1bf3) x23 0x0000000000000000 c320_sscratch 0xffffffba2230fe4f
core   0: 0x000000008000426c (0x02bc4dbb) divw    s11, s8, a1
core   0: 1 0x000000008000426c (0x02bc4dbb) x27 0x0000000000000008
core   0: 0x0000000080004270 (0x01cd59bb) srlw    s3, s10, t3
core   0: 1 0x0000000080004270 (0x01cd59bb) x19 0x0000000000000000
core   0: 0x0000000080004274 (0xdf26fb93) andi    s7, a3, -526
core   0: 1 0x0000000080004274 (0xdf26fb93) x23 0x0000000000000000
core   0: 0x0000000080004278 (0x01312933) slt     s2, sp, s3
core   0: 1 0x0000000080004278 (0x01312933) x18 0x0000000000000001
core   0: 0x000000008000427c (0x03b1723b) remuw   tp, sp, s11
core   0: 1 0x000000008000427c (0x03b1723b) x4  0x0000000000000005
core   0: 0x0000000080004280 (0x0201da13) srli    s4, gp, 32
core   0: 1 0x0000000080004280 (0x0201da13) x20 0x0000000000000000
core   0: 0x0000000080004284 (0xc03275d3) fcvt.lu.s a1, ft4
core   0: 1 0x0000000080004284 (0xc03275d3) c1_fflags 0x0000000000000010 x11 0xffffffffffffffff
core   0: 0x0000000080004288 (0xd0327ed3) fcvt.s.lu ft9, tp
core   0: 1 0x0000000080004288 (0xd0327ed3) f29 0xffffffff40a00000
core   0: 0x000000008000428c (0x63f8ffcf) fnmadd.d ft11, fa7, ft11, fa2
core   0: 1 0x000000008000428c (0x63f8ffcf) f31 0x7ff8000000000000
core   0: 0x0000000080004290 (0x0355f533) remu    a0, a1, s5
core   0: 1 0x0000000080004290 (0x0355f533) x10 0xffffffffffffffff
core   0: 0x0000000080004294 (0x0017073b) addw    a4, a4, ra
core   0: 1 0x0000000080004294 (0x0017073b) x14 0xffffffff80004016
core   0: 0x0000000080004298 (0xd236f0d3) fcvt.d.lu ft1, a3
core   0: 1 0x0000000080004298 (0xd236f0d3) f1  0x0000000000000000
core   0: 0x000000008000429c (0x40b1db3b) sraw    s6, gp, a1
core   0: 1 0x000000008000429c (0x40b1db3b) x22 0x0000000000000000
core   0: 0x00000000800042a0 (0x02a0f2d3) fadd.d  ft5, ft1, fa0
core   0: 1 0x00000000800042a0 (0x02a0f2d3) f5  0x7ff8000000000000
core   0: 0x00000000800042a4 (0x401efed3) fcvt.s.d ft9, ft9
core   0: 1 0x00000000800042a4 (0x401efed3) f29 0xffffffff7fc00000
core   0: 0x00000000800042a8 (0x0be0f153) fsub.d  ft2, ft1, ft10
core   0: 1 0x00000000800042a8 (0x0be0f153) f2  0x7ff8000000000000
core   0: 0x00000000800042ac (0x013219bb) sllw    s3, tp, s3
core   0: 1 0x00000000800042ac (0x013219bb) x19 0x0000000000000005
core   0: 0x00000000800042b0 (0xf2060d53) fmv.d.x fs10, a2
core   0: 1 0x00000000800042b0 (0xf2060d53) f26 0x0000000000000000
core   0: 0x00000000800042b4 (0x016c61b3) or      gp, s8, s6
core   0: 1 0x00000000800042b4 (0x016c61b3) x3  0x00000000800060d0
core   0: 0x00000000800042b8 (0x0a467653) fsub.d  fa2, fa2, ft4
core   0: 1 0x00000000800042b8 (0x0a467653) f12 0x7ff8000000000000
core   0: 0x00000000800042bc (0xfe8ee4b7) lui     s1, 0xfe8ee
core   0: 1 0x00000000800042bc (0xfe8ee4b7) x9  0xfffffffffe8ee000
core   0: 0x00000000800042c0 (0x0318dab3) divu    s5, a7, a7
core   0: 1 0x00000000800042c0 (0x0318dab3) x21 0x0000000000000001
core   0: 0x00000000800042c4 (0x8004c913) xori    s2, s1, -2048
core   0: 1 0x00000000800042c4 (0x8004c913) x18 0x0000000001711800
core   0: 0x00000000800042c8 (0xc03477d3) fcvt.lu.s a5, fs0
core   0: 1 0x00000000800042c8 (0xc03477d3) c1_fflags 0x0000000000000010 x15 0xffffffffffffffff
core   0: 0x00000000800042cc (0x4006da1b) sraiw   s4, a3, 0
core   0: 1 0x00000000800042cc (0x4006da1b) x20 0x0000000000000000
core   0: 0x00000000800042d0 (0x00e84233) xor     tp, a6, a4
core   0: 1 0x00000000800042d0 (0x00e84233) x4  0xffffffff80004011
core   0: 0x00000000800042d4 (0x419a541b) sraiw   s0, s4, 25
core   0: 1 0x00000000800042d4 (0x419a541b) x8  0x0000000000000000
core   0: 0x00000000800042d8 (0x6221714b) fnmsub.d ft2, ft2, ft2, fa2
core   0: 1 0x00000000800042d8 (0x6221714b) f2  0x7ff8000000000000
core   0: 0x00000000800042dc (0x5a017f53) fsqrt.d ft10, ft2
core   0: 1 0x00000000800042dc (0x5a017f53) f30 0x7ff8000000000000
core   0: 0x00000000800042e0 (0x00102ef3) csrrs   t4, fflags, zero
core   0: 1 0x00000000800042e0 (0x00102ef3) x29 0x0000000000000010
core   0: 0x00000000800042e4 (0x1a42fbd3) fdiv.d  fs7, ft5, ft4
core   0: 1 0x00000000800042e4 (0x1a42fbd3) f23 0x7ff8000000000000
core   0: 0x00000000800042e8 (0x02f63133) mulhu   sp, a2, a5
core   0: 1 0x00000000800042e8 (0x02f63133) x2  0x0000000000000000
core   0: 0x00000000800042ec (0x1b17f193) andi    gp, a5, 433
core   0: 1 0x00000000800042ec (0x1b17f193) x3  0x00000000000001b1
core   0: 0x00000000800042f0 (0xca2efcc7) fmsub.d fs9, ft9, ft2, fs9
core   0: 1 0x00000000800042f0 (0xca2efcc7) f25 0x7ff8000000000000
core   0: 0x00000000800042f4 (0xa3487d47) fmsub.d fs10, fa6, fs4, fs4
core   0: 1 0x00000000800042f4 (0xa3487d47) f26 0x7ff8000000000000
core   0: 0x00000000800042f8 (0xd222fbd3) fcvt.d.l fs7, t0
core   0: 1 0x00000000800042f8 (0xd222fbd3) f23 0x41d1fcda05400000
core   0: 0x00000000800042fc (0x01315d1b) srliw   s10, sp, 19
core   0: 1 0x00000000800042fc (0x01315d1b) x26 0x0000000000000000
core   0: 0x0000000080004300 (0x323e77f3) csrrci  a5, mhpmevent3, 28
core   0: exception trap_illegal_instruction, epc 0x0000000080004300
core   0:           tval 0x00000000323e77f3
core   0: >>>>  $xrv64i2p1_m2p0_a2p1_f2p2_d2p2_zicsr2p0_zifencei2p0_zmmul1p0_zba1p0_zbb1p0_zbc1p0_zbs1p0
core   0: 0x0000000080004000 (0x0080006f) j       pc + 0x8
core   0: 3 0x0000000080004000 (0x0080006f)
core   0: >>>>  mmode_exception_handler
core   0: 0x0000000080004008 (0x00002c17) auipc   s8, 0x2
core   0: 3 0x0000000080004008 (0x00002c17) x24 0x0000000080006008
core   0: 0x000000008000400c (0x0c8c0c13) addi    s8, s8, 200
core   0: 3 0x000000008000400c (0x0c8c0c13) x24 0x00000000800060d0
core   0: 0x0000000080004010 (0x000c00e7) jalr    s8
core   0: 3 0x0000000080004010 (0x000c00e7) x1  0x0000000080004014
core   0: >>>>  any_handler
core   0: 0x00000000800060d0 (0x341027f3) csrrs   a5, mepc, zero
core   0: 3 0x00000000800060d0 (0x341027f3) x15 0x0000000080004300
core   0: 0x00000000800060d4 (0x34202773) csrrs   a4, mcause, zero
core   0: 3 0x00000000800060d4 (0x34202773) x14 0x0000000000000002
core   0: 0x00000000800060d8 (0x142026f3) csrrs   a3, scause, zero
core   0: 3 0x00000000800060d8 (0x142026f3) x13 0x0000000000000000
core   0: 0x00000000800060dc (0x30402673) csrrs   a2, mie, zero
core   0: 3 0x00000000800060dc (0x30402673) x12 0x0000000000000a00
core   0: 0x00000000800060e0 (0x344025f3) csrrs   a1, mip, zero
core   0: 3 0x00000000800060e0 (0x344025f3) x11 0x0000000000000080
core   0: 0x00000000800060e4 (0x343025f3) csrrs   a1, mtval, zero
core   0: 3 0x00000000800060e4 (0x343025f3) x11 0x00000000323e77f3
core   0: 0x00000000800060e8 (0x14302573) csrrs   a0, stval, zero
core   0: 3 0x00000000800060e8 (0x14302573) x10 0x0000000000000000
core   0: 0x00000000800060ec (0xb02024f3) csrrs   s1, minstret, zero
core   0: 3 0x00000000800060ec (0xb02024f3) x9  0x00000000000008a2
core   0: 0x00000000800060f0 (0x0000a811) c.j     pc + 20
core   0: 3 0x00000000800060f0 (0xa811)
core   0: >>>>  mepc_4
core   0: 0x0000000080006104 (0x00000791) c.addi  a5, 4
core   0: 3 0x0000000080006104 (0x0791) x15 0x0000000080004304
core   0: 0x0000000080006106 (0x34179073) csrrw   zero, mepc, a5
core   0: 3 0x0000000080006106 (0x34179073) c833_mepc 0x0000000080004304
core   0: 0x000000008000610a (0x30200073) mret
core   0: 3 0x000000008000610a (0x30200073) c768_mstatus 0x8000000a00106080
core   0: 0x0000000080004304 (0xa44c8e9b) addiw   t4, s9, -1468
core   0: 1 0x0000000080004304 (0xa44c8e9b) x29 0xfffffffffffffa44
core   0: 0x0000000080004308 (0xe20404d3) fmv.x.d s1, fs0
core   0: 1 0x0000000080004308 (0xe20404d3) x9  0x0000000000000000
core   0: 0x000000008000430c (0x4031d193) srai    gp, gp, 3
core   0: 1 0x000000008000430c (0x4031d193) x3  0x0000000000000036
core   0: 0x0000000080004310 (0x40117e53) fcvt.s.d ft8, ft2
core   0: 1 0x0000000080004310 (0x40117e53) f28 0xffffffff7fc00000
core   0: 0x0000000080004314 (0x40bd52b3) sra     t0, s10, a1
core   0: 1 0x0000000080004314 (0x40bd52b3) x5  0x0000000000000000
core   0: 0x0000000080004318 (0x01aa7e33) and     t3, s4, s10
core   0: 1 0x0000000080004318 (0x01aa7e33) x28 0x0000000000000000
core   0: 0x000000008000431c (0x41600cbb) subw    s9, zero, s6
core   0: 1 0x000000008000431c (0x41600cbb) x25 0x0000000000000000
core   0: 0x0000000080004320 (0x03607cbb) remuw   s9, zero, s6
core   0: 1 0x0000000080004320 (0x03607cbb) x25 0x0000000000000000
core   0: 0x0000000080004324 (0x420784d3) fcvt.d.s fs1, fa5
core   0: 1 0x0000000080004324 (0x420784d3) f9  0x7ff8000000000000
core   0: 0x0000000080004328 (0x232ba0d3) fsgnjx.d ft1, fs7, fs2
core   0: 1 0x0000000080004328 (0x232ba0d3) f1  0xc1d1fcda05400000
core   0: 0x000000008000432c (0x02ec3733) mulhu   a4, s8, a4
core   0: 1 0x000000008000432c (0x02ec3733) x14 0x0000000000000000
core   0: 0x0000000080004330 (0x2a208853) fmin.d  fa6, ft1, ft2
core   0: 1 0x0000000080004330 (0x2a208853) f16 0xc1d1fcda05400000
core   0: 0x0000000080004334 (0x0ff0000f) fence   iorw,iorw
core   0: 1 0x0000000080004334 (0x0ff0000f)
core   0: 0x0000000080004338 (0x053301b7) lui     gp, 0x5330
core   0: 1 0x0000000080004338 (0x053301b7) x3  0x0000000005330000
core   0: 0x000000008000433c (0x82f1819b) addiw   gp, gp, -2001
core   0: 1 0x000000008000433c (0x82f1819b) x3  0x000000000532f82f
core   0: 0x0000000080004340 (0x000001b2) c.slli  gp, 12
core   0: 1 0x0000000080004340 (0x01b2) x3  0x000000532f82f000
core   0: 0x0000000080004342 (0x49418193) addi    gp, gp, 1172
core   0: 1 0x0000000080004342 (0x49418193) x3  0x000000532f82f494
core   0: 0x0000000080004346 (0x00681433) sll     s0, a6, t1
core   0: 1 0x0000000080004346 (0x00681433) x8  0x0000000000000007
core   0: 0x000000008000434a (0x00000001) c.nop
core   0: 1 0x000000008000434a (0x0001)
core   0: 0x000000008000434c (0x008adc3b) srlw    s8, s5, s0
core   0: 1 0x000000008000434c (0x008adc3b) x24 0x0000000000000000
core   0: 0x0000000080004350 (0x39adeb93) ori     s7, s11, 922
core   0: 1 0x0000000080004350 (0x39adeb93) x23 0x000000000000039a
core   0: 0x0000000080004354 (0xfead24b7) lui     s1, 0xfead2
core   0: 1 0x0000000080004354 (0xfead24b7) x9  0xfffffffffead2000
core   0: 0x0000000080004358 (0x6754849b) addiw   s1, s1, 1653
core   0: 1 0x0000000080004358 (0x6754849b) x9  0xfffffffffead2675
core   0: 0x000000008000435c (0x000004b2) c.slli  s1, 12
core   0: 1 0x000000008000435c (0x04b2) x9  0xffffffead2675000
core   0: 0x000000008000435e (0xbf148493) addi    s1, s1, -1039
core   0: 1 0x000000008000435e (0xbf148493) x9  0xffffffead2674bf1
core   0: 0x0000000080004362 (0x023d6d33) rem     s10, s10, gp
core   0: 1 0x0000000080004362 (0x023d6d33) x26 0x0000000000000000
core   0: 0x0000000080004366 (0xd36970c3) fmadd.d ft1, fs2, fs6, fs10
core   0: 1 0x0000000080004366 (0xd36970c3) f1  0x7ff8000000000000
core   0: 0x000000008000436a (0x574b2217) auipc   tp, 0x574b2
core   0: 1 0x000000008000436a (0x574b2217) x4  0x00000000d74b636a
core   0: 0x000000008000436e (0x0361d03b) divuw   zero, gp, s6
core   0: 1 0x000000008000436e (0x0361d03b)
core   0: 0x0000000080004372 (0x02485a3b) divuw   s4, a6, tp
core   0: 1 0x0000000080004372 (0x02485a3b) x20 0x0000000000000000
core   0: 0x0000000080004376 (0x7ffa061b) addiw   a2, s4, 2047
core   0: 1 0x0000000080004376 (0x7ffa061b) x12 0x00000000000007ff
core   0: 0x000000008000437a (0x0ff0000f) fence   iorw,iorw
core   0: 1 0x000000008000437a (0x0ff0000f)
core   0: 0x000000008000437e (0x03aea133) mulhsu  sp, t4, s10
core   0: 1 0x000000008000437e (0x03aea133) x2  0x0000000000000000
core   0: 0x0000000080004382 (0x001eee33) or      t3, t4, ra
core   0: 1 0x0000000080004382 (0x001eee33) x28 0xfffffffffffffa54
core   0: 0x0000000080004386 (0x001099f3) csrrw   s3, fflags, ra
core   0: 1 0x0000000080004386 (0x001099f3) x19 0x0000000000000010 c1_fflags 0x0000000000000014
core   0: 0x000000008000438a (0x01c9193b) sllw    s2, s2, t3
core   0: 1 0x000000008000438a (0x01c9193b) x18 0xffffffff80000000
core   0: 0x000000008000438e (0xbff1e037) lui     zero, 0xbff1e
core   0: 1 0x000000008000438e (0xbff1e037)
core   0: 0x0000000080004392 (0x0342c43b) divw    s0, t0, s4
core   0: 1 0x0000000080004392 (0x0342c43b) x8  0xffffffffffffffff
core   0: 0x0000000080004396 (0x024d07bb) mulw    a5, s10, tp
core   0: 1 0x0000000080004396 (0x024d07bb) x15 0x0000000000000000
core   0: 0x000000008000439a (0xd027f6d3) fcvt.s.l fa3, a5
core   0: 1 0x000000008000439a (0xd027f6d3) f13 0xffffffff00000000
core   0: 0x000000008000439e (0x5a02f1d3) fsqrt.d ft3, ft5
core   0: 1 0x000000008000439e (0x5a02f1d3) f3  0x7ff8000000000000
core   0: 0x00000000800043a2 (0xb02cfc73) csrrci  s8, minstret, 25
core   0: exception trap_illegal_instruction, epc 0x00000000800043a2
core   0:           tval 0x00000000b02cfc73
core   0: >>>>  $xrv64i2p1_m2p0_a2p1_f2p2_d2p2_zicsr2p0_zifencei2p0_zmmul1p0_zba1p0_zbb1p0_zbc1p0_zbs1p0
core   0: 0x0000000080004000 (0x0080006f) j       pc + 0x8
core   0: 3 0x0000000080004000 (0x0080006f)
core   0: >>>>  mmode_exception_handler
core   0: 0x0000000080004008 (0x00002c17) auipc   s8, 0x2
core   0: 3 0x0000000080004008 (0x00002c17) x24 0x0000000080006008
core   0: 0x000000008000400c (0x0c8c0c13) addi    s8, s8, 200
core   0: 3 0x000000008000400c (0x0c8c0c13) x24 0x00000000800060d0
core   0: 0x0000000080004010 (0x000c00e7) jalr    s8
core   0: 3 0x0000000080004010 (0x000c00e7) x1  0x0000000080004014
core   0: >>>>  any_handler
core   0: 0x00000000800060d0 (0x341027f3) csrrs   a5, mepc, zero
core   0: 3 0x00000000800060d0 (0x341027f3) x15 0x00000000800043a2
core   0: 0x00000000800060d4 (0x34202773) csrrs   a4, mcause, zero
core   0: 3 0x00000000800060d4 (0x34202773) x14 0x0000000000000002
core   0: 0x00000000800060d8 (0x142026f3) csrrs   a3, scause, zero
core   0: 3 0x00000000800060d8 (0x142026f3) x13 0x0000000000000000
core   0: 0x00000000800060dc (0x30402673) csrrs   a2, mie, zero
core   0: 3 0x00000000800060dc (0x30402673) x12 0x0000000000000a00
core   0: 0x00000000800060e0 (0x344025f3) csrrs   a1, mip, zero
core   0: 3 0x00000000800060e0 (0x344025f3) x11 0x0000000000000080
core   0: 0x00000000800060e4 (0x343025f3) csrrs   a1, mtval, zero
core   0: 3 0x00000000800060e4 (0x343025f3) x11 0x00000000b02cfc73
core   0: 0x00000000800060e8 (0x14302573) csrrs   a0, stval, zero
core   0: 3 0x00000000800060e8 (0x14302573) x10 0x0000000000000000
core   0: 0x00000000800060ec (0xb02024f3) csrrs   s1, minstret, zero
core   0: 3 0x00000000800060ec (0xb02024f3) x9  0x00000000000008db
core   0: 0x00000000800060f0 (0x0000a811) c.j     pc + 20
core   0: 3 0x00000000800060f0 (0xa811)
core   0: >>>>  mepc_4
core   0: 0x0000000080006104 (0x00000791) c.addi  a5, 4
core   0: 3 0x0000000080006104 (0x0791) x15 0x00000000800043a6
core   0: 0x0000000080006106 (0x34179073) csrrw   zero, mepc, a5
core   0: 3 0x0000000080006106 (0x34179073) c833_mepc 0x00000000800043a6
core   0: 0x000000008000610a (0x30200073) mret
core   0: 3 0x000000008000610a (0x30200073) c768_mstatus 0x8000000a00106080
core   0: 0x00000000800043a6 (0xd20b0153) fcvt.d.w ft2, s6
core   0: 1 0x00000000800043a6 (0xd20b0153) f2  0x0000000000000000
core   0: 0x00000000800043aa (0xb3c17b43) fmadd.d fs6, ft2, ft8, fs6
core   0: 1 0x00000000800043aa (0xb3c17b43) f22 0x7ff8000000000000
core   0: 0x00000000800043ae (0x00079993) slli    s3, a5, 0
core   0: 1 0x00000000800043ae (0x00079993) x19 0x00000000800043a6
core   0: 0x00000000800043b2 (0x03357533) remu    a0, a0, s3
core   0: 1 0x00000000800043b2 (0x03357533) x10 0x0000000000000000
core   0: 0x00000000800043b6 (0x0675fc93) andi    s9, a1, 103
core   0: 1 0x00000000800043b6 (0x0675fc93) x25 0x0000000000000063
core   0: 0x00000000800043ba (0x0072c7b3) xor     a5, t0, t2
core   0: 1 0x00000000800043ba (0x0072c7b3) x15 0x0000000000000000
core   0: 0x00000000800043be (0x22a61cd3) fsgnjn.d fs9, fa2, fa0
core   0: 1 0x00000000800043be (0x22a61cd3) f25 0x7ff8000000000000
core   0: 0x00000000800043c2 (0xfdee8997) auipc   s3, 0xfdee8
core   0: 1 0x00000000800043c2 (0xfdee8997) x19 0x000000007deec3c2
core   0: 0x00000000800043c6 (0x00cc863b) addw    a2, s9, a2
core   0: 1 0x00000000800043c6 (0x00cc863b) x12 0x0000000000000a63
core   0: 0x00000000800043ca (0x00b46533) or      a0, s0, a1
core   0: 1 0x00000000800043ca (0x00b46533) x10 0xffffffffffffffff
core   0: 0x00000000800043ce (0x0379b9b3) mulhu   s3, s3, s7
core   0: 1 0x00000000800043ce (0x0379b9b3) x19 0x0000000000000000
core   0: 0x00000000800043d2 (0xa2767a4f) fnmadd.d fs4, fa2, ft7, fs4
core   0: 1 0x00000000800043d2 (0xa2767a4f) f20 0x7ff8000000000000
core   0: 0x00000000800043d6 (0x00202773) csrrs   a4, frm, zero
core   0: 1 0x00000000800043d6 (0x00202773) x14 0x0000000000000000
core   0: 0x00000000800043da (0x0020dc9b) srliw   s9, ra, 2
core   0: 1 0x00000000800043da (0x0020dc9b) x25 0x0000000020001005
core   0: 0x00000000800043de (0xd02cf1d3) fcvt.s.l ft3, s9
core   0: 1 0x00000000800043de (0xd02cf1d3) c1_fflags 0x0000000000000015 f3  0xffffffff4e000040
core   0: 0x00000000800043e2 (0x410a87b3) sub     a5, s5, a6
core   0: 1 0x00000000800043e2 (0x410a87b3) x15 0xfffffffffffffffa
core   0: 0x00000000800043e6 (0x0200f033) remu    zero, ra, zero
core   0: 1 0x00000000800043e6 (0x0200f033)
core   0: 0x00000000800043ea (0x1cb6fb93) andi    s7, a3, 459
core   0: 1 0x00000000800043ea (0x1cb6fb93) x23 0x0000000000000000
core   0: 0x00000000800043ee (0x01945cb3) srl     s9, s0, s9
core   0: 1 0x00000000800043ee (0x01945cb3) x25 0x07ffffffffffffff
core   0: 0x00000000800043f2 (0xd22473d3) fcvt.d.l ft7, s0
core   0: 1 0x00000000800043f2 (0xd22473d3) f7  0xbff0000000000000
core   0: 0x00000000800043f6 (0x000cddb3) srl     s11, s9, zero
core   0: 1 0x00000000800043f6 (0x000cddb3) x27 0x07ffffffffffffff
core   0: 0x00000000800043fa (0x23c482d3) fsgnj.d ft5, fs1, ft8
core   0: 1 0x00000000800043fa (0x23c482d3) f5  0xfff8000000000000
core   0: 0x00000000800043fe (0x01bdd533) srl     a0, s11, s11
core   0: 1 0x00000000800043fe (0x01bdd533) x10 0x0000000000000000
core   0: 0x0000000080004402 (0x004e9b1b) slliw   s6, t4, 4
core   0: 1 0x0000000080004402 (0x004e9b1b) x22 0xffffffffffffa440
core   0: 0x0000000080004406 (0x038d9833) mulh    a6, s11, s8
core   0: 1 0x0000000080004406 (0x038d9833) x16 0x0000000004000306
core   0: 0x000000008000440a (0xfc0afab7) lui     s5, 0xfc0af
core   0: 1 0x000000008000440a (0xfc0afab7) x21 0xfffffffffc0af000
core   0: 0x000000008000440e (0xd2ba8a9b) addiw   s5, s5, -725
core   0: 1 0x000000008000440e (0xd2ba8a9b) x21 0xfffffffffc0aed2b
core   0: 0x0000000080004412 (0x00000ab2) c.slli  s5, 12
core   0: 1 0x0000000080004412 (0x0ab2) x21 0xffffffc0aed2b000
core   0: 0x0000000080004414 (0xedea8a93) addi    s5, s5, -290
core   0: 1 0x0000000080004414 (0xedea8a93) x21 0xffffffc0aed2aede
core   0: 0x0000000080004418 (0x1a38f753) fdiv.d  fa4, fa7, ft3
core   0: 1 0x0000000080004418 (0x1a38f753) f14 0x7ff8000000000000
core   0: 0x000000008000441c (0x40137853) fcvt.s.d fa6, ft6
core   0: 1 0x000000008000441c (0x40137853) f16 0xffffffff7fc00000
core   0: 0x0000000080004420 (0x001a9c3b) sllw    s8, s5, ra
core   0: 1 0x0000000080004420 (0x001a9c3b) x24 0xffffffffede00000
core   0: 0x0000000080004424 (0x02858633) mul     a2, a1, s0
core   0: 1 0x0000000080004424 (0x02858633) x12 0xffffffff4fd3038d
core   0: 0x0000000080004428 (0x2a4b0253) fmin.d  ft4, fs6, ft4
core   0: 1 0x0000000080004428 (0x2a4b0253) f4  0x7ff8000000000000
core   0: 0x000000008000442c (0x0b74f0d3) fsub.d  ft1, fs1, fs7
core   0: 1 0x000000008000442c (0x0b74f0d3) f1  0x7ff8000000000000
core   0: 0x0000000080004430 (0x01cb043b) addw    s0, s6, t3
core   0: 1 0x0000000080004430 (0x01cb043b) x8  0xffffffffffff9e94
core   0: 0x0000000080004434 (0x32417343) fmadd.d ft6, ft2, ft4, ft6
core   0: 1 0x0000000080004434 (0x32417343) f6  0x7ff8000000000000
core   0: 0x0000000080004438 (0x0128959b) slliw   a1, a7, 18
core   0: 1 0x0000000080004438 (0x0128959b) x11 0xfffffffffffc0000
core   0: 0x000000008000443c (0x00102773) csrrs   a4, fflags, zero
core   0: 1 0x000000008000443c (0x00102773) x14 0x0000000000000015
core   0: 0x0000000080004440 (0x23622b53) fsgnjx.d fs6, ft4, fs6
core   0: 1 0x0000000080004440 (0x23622b53) f22 0x7ff8000000000000
core   0: 0x0000000080004444 (0x03404433) div     s0, zero, s4
core   0: 1 0x0000000080004444 (0x03404433) x8  0xffffffffffffffff
core   0: 0x0000000080004448 (0x80017613) andi    a2, sp, -2048
core   0: 1 0x0000000080004448 (0x80017613) x12 0x0000000000000000
core   0: 0x000000008000444c (0xa9be7813) andi    a6, t3, -1381
core   0: 1 0x000000008000444c (0xa9be7813) x16 0xfffffffffffffa10
core   0: 0x0000000080004450 (0xf20805d3) fmv.d.x fa1, a6
core   0: 1 0x0000000080004450 (0xf20805d3) f11 0xfffffffffffffa10
core   0: 0x0000000080004454 (0x002022f3) csrrs   t0, frm, zero
core   0: 1 0x0000000080004454 (0x002022f3) x5  0x0000000000000000
core   0: 0x0000000080004458 (0x00f2de13) srli    t3, t0, 15
core   0: 1 0x0000000080004458 (0x00f2de13) x28 0x0000000000000000
core   0: 0x000000008000445c (0x23769d53) fsgnjn.d fs10, fa3, fs7
core   0: 1 0x000000008000445c (0x23769d53) f26 0xffffffff00000000
core   0: 0x0000000080004460 (0x41c304bb) subw    s1, t1, t3
core   0: 1 0x0000000080004460 (0x41c304bb) x9  0x0000000000000000
core   0: 0x0000000080004464 (0x0244c133) div     sp, s1, tp
core   0: 1 0x0000000080004464 (0x0244c133) x2  0x0000000000000000
core   0: 0x0000000080004468 (0x41340433) sub     s0, s0, s3
core   0: 1 0x0000000080004468 (0x41340433) x8  0xffffffffffffffff
core   0: 0x000000008000446c (0x6c947113) andi    sp, s0, 1737
core   0: 1 0x000000008000446c (0x6c947113) x2  0x00000000000006c9
core   0: 0x0000000080004470 (0x000b1593) slli    a1, s6, 0
core   0: 1 0x0000000080004470 (0x000b1593) x11 0xffffffffffffa440
core   0: 0x0000000080004474 (0x00202673) csrrs   a2, frm, zero
core   0: 1 0x0000000080004474 (0x00202673) x12 0x0000000000000000
core   0: 0x0000000080004478 (0x6adcfdc7) fmsub.d fs11, fs9, fa3, fa3
core   0: 1 0x0000000080004478 (0x6adcfdc7) f27 0x7ff8000000000000
core   0: 0x000000008000447c (0x0a5df2d3) fsub.d  ft5, fs11, ft5
core   0: 1 0x000000008000447c (0x0a5df2d3) f5  0x7ff8000000000000
core   0: 0x0000000080004480 (0x00cd73b3) and     t2, s10, a2
core   0: 1 0x0000000080004480 (0x00cd73b3) x7  0x0000000000000000
core   0: 0x0000000080004484 (0x0a5dfed3) fsub.d  ft9, fs11, ft5
core   0: 1 0x0000000080004484 (0x0a5dfed3) f29 0x7ff8000000000000
core   0: 0x0000000080004488 (0x2b6013d3) fmax.d  ft7, ft0, fs6
core   0: 1 0x0000000080004488 (0x2b6013d3) f7  0x7ff8000000000000
core   0: 0x000000008000448c (0xc21b7bd3) fcvt.wu.d s7, fs6
core   0: 1 0x000000008000448c (0xc21b7bd3) c1_fflags 0x0000000000000015 x23 0xffffffffffffffff
core   0: 0x0000000080004490 (0x417bd33b) sraw    t1, s7, s7
core   0: 1 0x0000000080004490 (0x417bd33b) x6  0xffffffffffffffff
core   0: 0x0000000080004494 (0x00000001) c.nop
core   0: 1 0x0000000080004494 (0x0001)
core   0: 0x0000000080004496 (0x5a04f7d3) fsqrt.d fa5, fs1
core   0: 1 0x0000000080004496 (0x5a04f7d3) f15 0x7ff8000000000000
core   0: 0x000000008000449a (0x020d7a53) fadd.d  fs4, fs10, ft0
core   0: 1 0x000000008000449a (0x020d7a53) f20 0x7ff8000000000000
core   0: 0x000000008000449e (0x02fe44b3) div     s1, t3, a5
core   0: 1 0x000000008000449e (0x02fe44b3) x9  0x0000000000000000
core   0: 0x00000000800044a2 (0x00a3581b) srliw   a6, t1, 10
core   0: 1 0x00000000800044a2 (0x00a3581b) x16 0x00000000003fffff
core   0: 0x00000000800044a6 (0xd2080553) fcvt.d.w fa0, a6
core   0: 1 0x00000000800044a6 (0xd2080553) f10 0x414fffff80000000
core   0: 0x00000000800044aa (0x1ab57653) fdiv.d  fa2, fa0, fa1
core   0: 1 0x00000000800044aa (0x1ab57653) f12 0x7ff8000000000000
core   0: 0x00000000800044ae (0x3233e7f3) csrrsi  a5, mhpmevent3, 7
core   0: exception trap_illegal_instruction, epc 0x00000000800044ae
core   0:           tval 0x000000003233e7f3
core   0: >>>>  $xrv64i2p1_m2p0_a2p1_f2p2_d2p2_zicsr2p0_zifencei2p0_zmmul1p0_zba1p0_zbb1p0_zbc1p0_zbs1p0
core   0: 0x0000000080004000 (0x0080006f) j       pc + 0x8
core   0: 3 0x0000000080004000 (0x0080006f)
core   0: >>>>  mmode_exception_handler
core   0: 0x0000000080004008 (0x00002c17) auipc   s8, 0x2
core   0: 3 0x0000000080004008 (0x00002c17) x24 0x0000000080006008
core   0: 0x000000008000400c (0x0c8c0c13) addi    s8, s8, 200
core   0: 3 0x000000008000400c (0x0c8c0c13) x24 0x00000000800060d0
core   0: 0x0000000080004010 (0x000c00e7) jalr    s8
core   0: 3 0x0000000080004010 (0x000c00e7) x1  0x0000000080004014
core   0: >>>>  any_handler
core   0: 0x00000000800060d0 (0x341027f3) csrrs   a5, mepc, zero
core   0: 3 0x00000000800060d0 (0x341027f3) x15 0x00000000800044ae
core   0: 0x00000000800060d4 (0x34202773) csrrs   a4, mcause, zero
core   0: 3 0x00000000800060d4 (0x34202773) x14 0x0000000000000002
core   0: 0x00000000800060d8 (0x142026f3) csrrs   a3, scause, zero
core   0: 3 0x00000000800060d8 (0x142026f3) x13 0x0000000000000000
core   0: 0x00000000800060dc (0x30402673) csrrs   a2, mie, zero
core   0: 3 0x00000000800060dc (0x30402673) x12 0x0000000000000a00
core   0: 0x00000000800060e0 (0x344025f3) csrrs   a1, mip, zero
core   0: 3 0x00000000800060e0 (0x344025f3) x11 0x0000000000000080
core   0: 0x00000000800060e4 (0x343025f3) csrrs   a1, mtval, zero
core   0: 3 0x00000000800060e4 (0x343025f3) x11 0x000000003233e7f3
core   0: 0x00000000800060e8 (0x14302573) csrrs   a0, stval, zero
core   0: 3 0x00000000800060e8 (0x14302573) x10 0x0000000000000000
core   0: 0x00000000800060ec (0xb02024f3) csrrs   s1, minstret, zero
core   0: 3 0x00000000800060ec (0xb02024f3) x9  0x000000000000092e
core   0: 0x00000000800060f0 (0x0000a811) c.j     pc + 20
core   0: 3 0x00000000800060f0 (0xa811)
core   0: >>>>  mepc_4
core   0: 0x0000000080006104 (0x00000791) c.addi  a5, 4
core   0: 3 0x0000000080006104 (0x0791) x15 0x00000000800044b2
core   0: 0x0000000080006106 (0x34179073) csrrw   zero, mepc, a5
core   0: 3 0x0000000080006106 (0x34179073) c833_mepc 0x00000000800044b2
core   0: 0x000000008000610a (0x30200073) mret
core   0: 3 0x000000008000610a (0x30200073) c768_mstatus 0x8000000a00106080
core   0: 0x00000000800044b2 (0x00102d73) csrrs   s10, fflags, zero
core   0: 1 0x00000000800044b2 (0x00102d73) x26 0x0000000000000015
core   0: 0x00000000800044b6 (0x018bdcb3) srl     s9, s7, s8
core   0: 1 0x00000000800044b6 (0x018bdcb3) x25 0x0000ffffffffffff
core   0: 0x00000000800044ba (0x0230f417) auipc   s0, 0x230f
core   0: 1 0x00000000800044ba (0x0230f417) x8  0x00000000823134ba
core   0: 0x00000000800044be (0xc236f153) fcvt.lu.d sp, fa3
core   0: 1 0x00000000800044be (0xc236f153) c1_fflags 0x0000000000000015 x2  0xffffffffffffffff
core   0: 0x00000000800044c2 (0x23ed1853) fsgnjn.d fa6, fs10, ft10
core   0: 1 0x00000000800044c2 (0x23ed1853) f16 0xffffffff00000000
core   0: 0x00000000800044c6 (0x63e9f9c3) fmadd.d fs3, fs3, ft10, fa2
core   0: 1 0x00000000800044c6 (0x63e9f9c3) f19 0x7ff8000000000000
core   0: 0x00000000800044ca (0x40d458bb) sraw    a7, s0, a3
core   0: 1 0x00000000800044ca (0x40d458bb) x17 0xffffffff823134ba
core   0: 0x00000000800044ce (0x61014d97) auipc   s11, 0x61014
core   0: 1 0x00000000800044ce (0x61014d97) x27 0x00000000e10184ce
core   0: 0x00000000800044d2 (0x03182a33) mulhsu  s4, a6, a7
core   0: 1 0x00000000800044d2 (0x03182a33) x20 0x00000000003ffffe
core   0: 0x00000000800044d6 (0x026f66b7) lui     a3, 0x26f6
core   0: 1 0x00000000800044d6 (0x026f66b7) x13 0x00000000026f6000
core   0: 0x00000000800044da (0x11f6869b) addiw   a3, a3, 287
core   0: 1 0x00000000800044da (0x11f6869b) x13 0x00000000026f611f
core   0: 0x00000000800044de (0x000006b6) c.slli  a3, 13
core   0: 1 0x00000000800044de (0x06b6) x13 0x0000004dec23e000
core   0: 0x00000000800044e0 (0x50068693) addi    a3, a3, 1280
core   0: 1 0x00000000800044e0 (0x50068693) x13 0x0000004dec23e500
core   0: 0x00000000800044e4 (0x037b01bb) mulw    gp, s6, s7
core   0: 1 0x00000000800044e4 (0x037b01bb) x3  0x0000000000005bc0
core   0: 0x00000000800044e8 (0x00202c73) csrrs   s8, frm, zero
core   0: 1 0x00000000800044e8 (0x00202c73) x24 0x0000000000000000
core   0: 0x00000000800044ec (0x2b4a8ad3) fmin.d  fs5, fs5, fs4
core   0: 1 0x00000000800044ec (0x2b4a8ad3) f21 0x7ff8000000000000
core   0: 0x00000000800044f0 (0xf11e9a73) csrrw   s4, mvendorid, t4
core   0: exception trap_illegal_instruction, epc 0x00000000800044f0
core   0:           tval 0x00000000f11e9a73
core   0: >>>>  $xrv64i2p1_m2p0_a2p1_f2p2_d2p2_zicsr2p0_zifencei2p0_zmmul1p0_zba1p0_zbb1p0_zbc1p0_zbs1p0
core   0: 0x0000000080004000 (0x0080006f) j       pc + 0x8
core   0: 3 0x0000000080004000 (0x0080006f)
core   0: >>>>  mmode_exception_handler
core   0: 0x0000000080004008 (0x00002c17) auipc   s8, 0x2
core   0: 3 0x0000000080004008 (0x00002c17) x24 0x0000000080006008
core   0: 0x000000008000400c (0x0c8c0c13) addi    s8, s8, 200
core   0: 3 0x000000008000400c (0x0c8c0c13) x24 0x00000000800060d0
core   0: 0x0000000080004010 (0x000c00e7) jalr    s8
core   0: 3 0x0000000080004010 (0x000c00e7) x1  0x0000000080004014
core   0: >>>>  any_handler
core   0: 0x00000000800060d0 (0x341027f3) csrrs   a5, mepc, zero
core   0: 3 0x00000000800060d0 (0x341027f3) x15 0x00000000800044f0
core   0: 0x00000000800060d4 (0x34202773) csrrs   a4, mcause, zero
core   0: 3 0x00000000800060d4 (0x34202773) x14 0x0000000000000002
core   0: 0x00000000800060d8 (0x142026f3) csrrs   a3, scause, zero
core   0: 3 0x00000000800060d8 (0x142026f3) x13 0x0000000000000000
core   0: 0x00000000800060dc (0x30402673) csrrs   a2, mie, zero
core   0: 3 0x00000000800060dc (0x30402673) x12 0x0000000000000a00
core   0: 0x00000000800060e0 (0x344025f3) csrrs   a1, mip, zero
core   0: 3 0x00000000800060e0 (0x344025f3) x11 0x0000000000000080
core   0: 0x00000000800060e4 (0x343025f3) csrrs   a1, mtval, zero
core   0: 3 0x00000000800060e4 (0x343025f3) x11 0x00000000f11e9a73
core   0: 0x00000000800060e8 (0x14302573) csrrs   a0, stval, zero
core   0: 3 0x00000000800060e8 (0x14302573) x10 0x0000000000000000
core   0: 0x00000000800060ec (0xb02024f3) csrrs   s1, minstret, zero
core   0: 3 0x00000000800060ec (0xb02024f3) x9  0x000000000000094e
core   0: 0x00000000800060f0 (0x0000a811) c.j     pc + 20
core   0: 3 0x00000000800060f0 (0xa811)
core   0: >>>>  mepc_4
core   0: 0x0000000080006104 (0x00000791) c.addi  a5, 4
core   0: 3 0x0000000080006104 (0x0791) x15 0x00000000800044f4
core   0: 0x0000000080006106 (0x34179073) csrrw   zero, mepc, a5
core   0: 3 0x0000000080006106 (0x34179073) c833_mepc 0x00000000800044f4
core   0: 0x000000008000610a (0x30200073) mret
core   0: 3 0x000000008000610a (0x30200073) c768_mstatus 0x8000000a00106080
core   0: 0x00000000800044f4 (0x1b0a70d3) fdiv.d  ft1, fs4, fa6
core   0: 1 0x00000000800044f4 (0x1b0a70d3) f1  0x7ff8000000000000
core   0: 0x00000000800044f8 (0x016a17b3) sll     a5, s4, s6
core   0: 1 0x00000000800044f8 (0x016a17b3) x15 0x00000000003ffffe
core   0: 0x00000000800044fc (0x00a9a533) slt     a0, s3, a0
core   0: 1 0x00000000800044fc (0x00a9a533) x10 0x0000000000000000
core   0: 0x0000000080004500 (0x473d7e93) andi    t4, s10, 1139
core   0: 1 0x0000000080004500 (0x473d7e93) x29 0x0000000000000011
core   0: 0x0000000080004504 (0x01b56933) or      s2, a0, s11
core   0: 1 0x0000000080004504 (0x01b56933) x18 0x00000000e10184ce
core   0: 0x0000000080004508 (0x002028f3) csrrs   a7, frm, zero
core   0: 1 0x0000000080004508 (0x002028f3) x17 0x0000000000000000
core   0: 0x000000008000450c (0x028b7433) remu    s0, s6, s0
core   0: 1 0x000000008000450c (0x028b7433) x8  0x000000000b66faba
core   0: 0x0000000080004510 (0xd038fad3) fcvt.s.lu fs5, a7
core   0: 1 0x0000000080004510 (0xd038fad3) f21 0xffffffff00000000
core   0: 0x0000000080004514 (0x139cf0d3) fmul.d  ft1, fs9, fs9
core   0: 1 0x0000000080004514 (0x139cf0d3) f1  0x7ff8000000000000
core   0: 0x0000000080004518 (0x220b24d3) fsgnjx.d fs1, fs6, ft0
core   0: 1 0x0000000080004518 (0x220b24d3) f9  0xfff8000000000000
core   0: 0x000000008000451c (0x00177737) lui     a4, 0x177
core   0: 1 0x000000008000451c (0x00177737) x14 0x0000000000177000
core   0: 0x0000000080004520 (0x1d97071b) addiw   a4, a4, 473
core   0: 1 0x0000000080004520 (0x1d97071b) x14 0x00000000001771d9
core   0: 0x0000000080004524 (0x0000073a) c.slli  a4, 14
core   0: 1 0x0000000080004524 (0x073a) x14 0x00000005dc764000
core   0: 0x0000000080004526 (0x1a670713) addi    a4, a4, 422
core   0: 1 0x0000000080004526 (0x1a670713) x14 0x00000005dc7641a6
core   0: 0x000000008000452a (0x03636d33) rem     s10, t1, s6
core   0: 1 0x000000008000452a (0x03636d33) x26 0xffffffffffffffff
core   0: 0x000000008000452e (0xd20b0953) fcvt.d.w fs2, s6
core   0: 1 0x000000008000452e (0xd20b0953) f18 0xc0d6f00000000000
core   0: 0x0000000080004532 (0x7ff7001b) addiw   zero, a4, 2047
core   0: 1 0x0000000080004532 (0x7ff7001b)
core   0: 0x0000000080004536 (0x18162b17) auipc   s6, 0x18162
core   0: 1 0x0000000080004536 (0x18162b17) x22 0x0000000098166536
core   0: 0x000000008000453a (0x013fe217) auipc   tp, 0x13fe
core   0: 1 0x000000008000453a (0x013fe217) x4  0x000000008140253a
core   0: 0x000000008000453e (0x02dc1c33) mulh    s8, s8, a3
core   0: 1 0x000000008000453e (0x02dc1c33) x24 0x0000000000000000
core   0: 0x0000000080004542 (0x232a76cb) fnmsub.d fa3, fs4, fs2, ft4
core   0: 1 0x0000000080004542 (0x232a76cb) f13 0x7ff8000000000000
core   0: 0x0000000080004546 (0x7ff80393) addi    t2, a6, 2047
core   0: 1 0x0000000080004546 (0x7ff80393) x7  0x00000000004007fe
core   0: 0x000000008000454a (0x0166d5b3) srl     a1, a3, s6
core   0: 1 0x000000008000454a (0x0166d5b3) x11 0x0000000000000000
core   0: 0x000000008000454e (0x40b3d71b) sraiw   a4, t2, 11
core   0: 1 0x000000008000454e (0x40b3d71b) x14 0x0000000000000800
core   0: 0x0000000080004552 (0x0141c1b3) xor     gp, gp, s4
core   0: 1 0x0000000080004552 (0x0141c1b3) x3  0x00000000003fa43e
core   0: 0x0000000080004556 (0x621670c3) fmadd.d ft1, fa2, ft1, fa2
core   0: 1 0x0000000080004556 (0x621670c3) f1  0x7ff8000000000000
core   0: 0x000000008000455a (0x005a1bbb) sllw    s7, s4, t0
core   0: 1 0x000000008000455a (0x005a1bbb) x23 0x00000000003ffffe
core   0: 0x000000008000455e (0x0a397053) fsub.d  ft0, fs2, ft3
core   0: 1 0x000000008000455e (0x0a397053) f0  0x7ff8000000000000
core   0: 0x0000000080004562 (0x188d7d13) andi    s10, s10, 392
core   0: 1 0x0000000080004562 (0x188d7d13) x26 0x0000000000000188
core   0: 0x0000000080004566 (0x02528e33) mul     t3, t0, t0
core   0: 1 0x0000000080004566 (0x02528e33) x28 0x0000000000000000
core   0: 0x000000008000456a (0xe3fdffcf) fnmadd.d ft11, fs11, ft11, ft8
core   0: 1 0x000000008000456a (0xe3fdffcf) f31 0x7ff8000000000000
core   0: 0x000000008000456e (0x001d569b) srliw   a3, s10, 1
core   0: 1 0x000000008000456e (0x001d569b) x13 0x00000000000000c4
core   0: 0x0000000080004572 (0x015e571b) srliw   a4, t3, 21
core   0: 1 0x0000000080004572 (0x015e571b) x14 0x0000000000000000
core   0: 0x0000000080004576 (0x00009b56) c.add   s6, s5
core   0: 1 0x0000000080004576 (0x9b56) x22 0xffffffc146e91414
core   0: 0x0000000080004578 (0x40c704bb) subw    s1, a4, a2
core   0: 1 0x0000000080004578 (0x40c704bb) x9  0xfffffffffffff600
core   0: 0x000000008000457c (0x00b8d69b) srliw   a3, a7, 11
core   0: 1 0x000000008000457c (0x00b8d69b) x13 0x0000000000000000
core   0: 0x0000000080004580 (0x416edb3b) sraw    s6, t4, s6
core   0: 1 0x0000000080004580 (0x416edb3b) x22 0x0000000000000000
core   0: 0x0000000080004584 (0xc02e7753) fcvt.l.s a4, ft8
core   0: 1 0x0000000080004584 (0xc02e7753) c1_fflags 0x0000000000000015 x14 0x7fffffffffffffff
core   0: 0x0000000080004588 (0x03669593) slli    a1, a3, 54
core   0: 1 0x0000000080004588 (0x03669593) x11 0x0000000000000000
core   0: 0x000000008000458c (0xf20581d3) fmv.d.x ft3, a1
core   0: 1 0x000000008000458c (0xf20581d3) f3  0x0000000000000000
core   0: 0x0000000080004590 (0xc02b71d3) fcvt.l.s gp, fs6
core   0: 1 0x0000000080004590 (0xc02b71d3) c1_fflags 0x0000000000000015 x3  0x7fffffffffffffff
core   0: 0x0000000080004594 (0x021a41b3) div     gp, s4, ra
core   0: 1 0x0000000080004594 (0x021a41b3) x3  0x0000000000000000
core   0: 0x0000000080004598 (0x40c8823b) subw    tp, a7, a2
core   0: 1 0x0000000080004598 (0x40c8823b) x4  0xfffffffffffff600
core   0: 0x000000008000459c (0x0158eab3) or      s5, a7, s5
core   0: 1 0x000000008000459c (0x0158eab3) x21 0xffffffc0aed2aede
core   0: 0x00000000800045a0 (0x0046feb3) and     t4, a3, tp
core   0: 1 0x00000000800045a0 (0x0046feb3) x29 0x0000000000000000
core   0: 0x00000000800045a4 (0x015e853b) addw    a0, t4, s5
core   0: 1 0x00000000800045a4 (0x015e853b) x10 0xffffffffaed2aede
core   0: 0x00000000800045a8 (0xf25c7a4b) fnmsub.d fs4, fs8, ft5, ft10
core   0: 1 0x00000000800045a8 (0xf25c7a4b) f20 0x7ff8000000000000
core   0: 0x00000000800045ac (0x1b2a73d3) fdiv.d  ft7, fs4, fs2
core   0: 1 0x00000000800045ac (0x1b2a73d3) f7  0x7ff8000000000000
core   0: 0x00000000800045b0 (0xc22c7653) fcvt.l.d a2, fs8
core   0: 1 0x00000000800045b0 (0xc22c7653) x12 0x0000000000000000
core   0: 0x00000000800045b4 (0xc20f7153) fcvt.w.d sp, ft10
core   0: 1 0x00000000800045b4 (0xc20f7153) c1_fflags 0x0000000000000015 x2  0x000000007fffffff
core   0: 0x00000000800045b8 (0x00e81ebb) sllw    t4, a6, a4
core   0: 1 0x00000000800045b8 (0x00e81ebb) x29 0xffffffff80000000
core   0: 0x00000000800045bc (0x00008d75) c.and   a0, a3
core   0: 1 0x00000000800045bc (0x8d75) x10 0x0000000000000000
core   0: 0x00000000800045be (0x0000123b) sllw    tp, zero, zero
core   0: 1 0x00000000800045be (0x0000123b) x4  0x0000000000000000
core   0: 0x00000000800045c2 (0x00121973) csrrw   s2, fflags, tp
core   0: 1 0x00000000800045c2 (0x00121973) x18 0x0000000000000015 c1_fflags 0x0000000000000000
core   0: 0x00000000800045c6 (0x77980797) auipc   a5, 0x77980
core   0: 1 0x00000000800045c6 (0x77980797) x15 0x00000000f79845c6
core   0: 0x00000000800045ca (0x00000001) c.nop
core   0: 1 0x00000000800045ca (0x0001)
core   0: 0x00000000800045cc (0x9311f04b) fnmsub.d ft0, ft3, fa7, fs2
core   0: 1 0x00000000800045cc (0x9311f04b) f0  0xc0d6f00000000000
core   0: 0x00000000800045d0 (0xd2178653) fcvt.d.wu fa2, a5
core   0: 1 0x00000000800045d0 (0xd2178653) f12 0x41eef308b8c00000
core   0: 0x00000000800045d4 (0x41d45a33) sra     s4, s0, t4
core   0: 1 0x00000000800045d4 (0x41d45a33) x20 0x000000000b66faba
core   0: 0x00000000800045d8 (0x800a029b) addiw   t0, s4, -2048
core   0: 1 0x00000000800045d8 (0x800a029b) x5  0x000000000b66f2ba
core   0: 0x00000000800045dc (0x1430dcf3) csrrwi  s9, stval, 1
core   0: 1 0x00000000800045dc (0x1430dcf3) x25 0x0000000000000000 c323_stval 0x0000000000000001
core   0: 0x00000000800045e0 (0x036dadb3) mulhsu  s11, s11, s6
core   0: 1 0x00000000800045e0 (0x036dadb3) x27 0x0000000000000000
core   0: 0x00000000800045e4 (0xd20d8e53) fcvt.d.w ft8, s11
core   0: 1 0x00000000800045e4 (0xd20d8e53) f28 0x0000000000000000
core   0: 0x00000000800045e8 (0x02d3d5b3) divu    a1, t2, a3
core   0: 1 0x00000000800045e8 (0x02d3d5b3) x11 0xffffffffffffffff
core   0: 0x00000000800045ec (0x0000347d) c.addiw s0, -1
core   0: 1 0x00000000800045ec (0x347d) x8  0x000000000b66fab9
core   0: 0x00000000800045ee (0x016d91b3) sll     gp, s11, s6
core   0: 1 0x00000000800045ee (0x016d91b3) x3  0x0000000000000000
core   0: 0x00000000800045f2 (0x005e0433) add     s0, t3, t0
core   0: 1 0x00000000800045f2 (0x005e0433) x8  0x000000000b66f2ba
core   0: 0x00000000800045f6 (0x52f574c7) fmsub.d fs1, fa0, fa5, fa0
core   0: 1 0x00000000800045f6 (0x52f574c7) f9  0x7ff8000000000000
core   0: 0x00000000800045fa (0xfff4039b) addiw   t2, s0, -1
core   0: 1 0x00000000800045fa (0xfff4039b) x7  0x000000000b66f2b9
core   0: 0x00000000800045fe (0x007e06bb) addw    a3, t3, t2
core   0: 1 0x00000000800045fe (0x007e06bb) x13 0x000000000b66f2b9
core   0: 0x0000000080004602 (0x02b477b3) remu    a5, s0, a1
core   0: 1 0x0000000080004602 (0x02b477b3) x15 0x000000000b66f2ba
core   0: 0x0000000080004606 (0x10aa2073) csrrs   zero, senvcfg, s4
core   0: 1 0x0000000080004606 (0x10aa2073) c266_senvcfg 0x0000000000000000
core   0: 0x000000008000460a (0x40a28cbb) subw    s9, t0, a0
core   0: 1 0x000000008000460a (0x40a28cbb) x25 0x000000000b66f2ba
core   0: 0x000000008000460e (0x003181bb) addw    gp, gp, gp
core   0: 1 0x000000008000460e (0x003181bb) x3  0x0000000000000000
core   0: 0x0000000080004612 (0x035aeab3) rem     s5, s5, s5
core   0: 1 0x0000000080004612 (0x035aeab3) x21 0x0000000000000000
core   0: 0x0000000080004616 (0x0ad4f2d3) fsub.d  ft5, fs1, fa3
core   0: 1 0x0000000080004616 (0x0ad4f2d3) f5  0x7ff8000000000000
core   0: 0x000000008000461a (0xc22578d3) fcvt.l.d a7, fa0
core   0: 1 0x000000008000461a (0xc22578d3) x17 0x00000000003fffff
core   0: 0x000000008000461e (0xba708d93) addi    s11, ra, -1113
core   0: 1 0x000000008000461e (0xba708d93) x27 0x0000000080003bbb
core   0: 0x0000000080004622 (0x018eac33) slt     s8, t4, s8
core   0: 1 0x0000000080004622 (0x018eac33) x24 0x0000000000000001
core   0: 0x0000000080004626 (0x0004da93) srli    s5, s1, 0
core   0: 1 0x0000000080004626 (0x0004da93) x21 0xfffffffffffff600
core   0: 0x000000008000462a (0xc024f053) fcvt.l.s zero, fs1
core   0: 1 0x000000008000462a (0xc024f053) c1_fflags 0x0000000000000010
core   0: 0x000000008000462e (0x016b563b) srlw    a2, s6, s6
core   0: 1 0x000000008000462e (0x016b563b) x12 0x0000000000000000
core   0: 0x0000000080004632 (0x40710333) sub     t1, sp, t2
core   0: 1 0x0000000080004632 (0x40710333) x6  0x0000000074990d46
core   0: 0x0000000080004636 (0xc02ef453) fcvt.l.s s0, ft9
core   0: 1 0x0000000080004636 (0xc02ef453) c1_fflags 0x0000000000000010 x8  0x7fffffffffffffff
core   0: 0x000000008000463a (0x4163033b) subw    t1, t1, s6
core   0: 1 0x000000008000463a (0x4163033b) x6  0x0000000074990d46
core   0: 0x000000008000463e (0xbbb2f9cf) fnmadd.d fs3, ft5, fs11, fs7
core   0: 1 0x000000008000463e (0xbbb2f9cf) f19 0x7ff8000000000000
core   0: 0x0000000080004642 (0x03c55193) srli    gp, a0, 60
core   0: 1 0x0000000080004642 (0x03c55193) x3  0x0000000000000000
core   0: 0x0000000080004646 (0x012902b3) add     t0, s2, s2
core   0: 1 0x0000000080004646 (0x012902b3) x5  0x000000000000002a
core   0: 0x000000008000464a (0x008180bb) addw    ra, gp, s0
core   0: 1 0x000000008000464a (0x008180bb) x1  0xffffffffffffffff
core   0: 0x000000008000464e (0x4013f653) fcvt.s.d fa2, ft7
core   0: 1 0x000000008000464e (0x4013f653) f12 0xffffffff7fc00000
core   0: 0x0000000080004652 (0x0f697b13) andi    s6, s2, 246
core   0: 1 0x0000000080004652 (0x0f697b13) x22 0x0000000000000014
core   0: 0x0000000080004656 (0xd20d8153) fcvt.d.w ft2, s11
core   0: 1 0x0000000080004656 (0xd20d8153) f2  0xc1dffff111400000
core   0: 0x000000008000465a (0x2aa68c53) fmin.d  fs8, fa3, fa0
core   0: 1 0x000000008000465a (0x2aa68c53) f24 0x414fffff80000000
core   0: 0x000000008000465e (0x00c0d7bb) srlw    a5, ra, a2
core   0: 1 0x000000008000465e (0x00c0d7bb) x15 0xffffffffffffffff
core   0: 0x0000000080004662 (0xead876cf) fnmadd.d fa3, fa6, fa3, ft9
core   0: 1 0x0000000080004662 (0xead876cf) f13 0x7ff8000000000000
core   0: 0x0000000080004666 (0x1b807053) fdiv.d  ft0, ft0, fs8
core   0: 1 0x0000000080004666 (0x1b807053) c1_fflags 0x0000000000000011 f0  0xbf76f0005bc0016f
core   0: 0x000000008000466a (0x800ce613) ori     a2, s9, -2048
core   0: 1 0x000000008000466a (0x800ce613) x12 0xfffffffffffffaba
core   0: 0x000000008000466e (0xd2178fd3) fcvt.d.wu ft11, a5
core   0: 1 0x000000008000466e (0xd2178fd3) f31 0x41efffffffe00000
core   0: 0x0000000080004672 (0x0006181b) slliw   a6, a2, 0
core   0: 1 0x0000000080004672 (0x0006181b) x16 0xfffffffffffffaba
core   0: 0x0000000080004676 (0x415602bb) subw    t0, a2, s5
core   0: 1 0x0000000080004676 (0x415602bb) x5  0x00000000000004ba
core   0: 0x000000008000467a (0xa21d05d3) fle.d   a1, fs10, ft1
core   0: 1 0x000000008000467a (0xa21d05d3) c1_fflags 0x0000000000000011 x11 0x0000000000000000
core   0: 0x000000008000467e (0x033e09b3) mul     s3, t3, s3
core   0: 1 0x000000008000467e (0x033e09b3) x19 0x0000000000000000
core   0: 0x0000000080004682 (0x0369f253) fadd.d  ft4, fs3, fs6
core   0: 1 0x0000000080004682 (0x0369f253) f4  0x7ff8000000000000
core   0: 0x0000000080004686 (0xc21ff453) fcvt.wu.d s0, ft11
core   0: 1 0x0000000080004686 (0xc21ff453) x8  0xffffffffffffffff
core   0: 0x000000008000468a (0x233482d3) fsgnj.d ft5, fs1, fs3
core   0: 1 0x000000008000468a (0x233482d3) f5  0x7ff8000000000000
core   0: 0x000000008000468e (0x009a14b3) sll     s1, s4, s1
core   0: 1 0x000000008000468e (0x009a14b3) x9  0x000000000b66faba
core   0: 0x0000000080004692 (0x22109853) fsgnjn.d fa6, ft1, ft1
core   0: 1 0x0000000080004692 (0x22109853) f16 0xfff8000000000000
core   0: 0x0000000080004696 (0x0141111b) slliw   sp, sp, 20
core   0: 1 0x0000000080004696 (0x0141111b) x2  0xfffffffffff00000
core   0: 0x000000008000469a (0x409183b3) sub     t2, gp, s1
core   0: 1 0x000000008000469a (0x409183b3) x7  0xfffffffff4990546
core   0: 0x000000008000469e (0xfef38113) addi    sp, t2, -17
core   0: 1 0x000000008000469e (0xfef38113) x2  0xfffffffff4990535
core   0: 0x00000000800046a2 (0x01241db3) sll     s11, s0, s2
core   0: 1 0x00000000800046a2 (0x01241db3) x27 0xffffffffffe00000
core   0: 0x00000000800046a6 (0x00008e9b) sext.w  t4, ra
core   0: 1 0x00000000800046a6 (0x00008e9b) x29 0xffffffffffffffff
core   0: 0x00000000800046aa (0x03defbbb) remuw   s7, t4, t4
core   0: 1 0x00000000800046aa (0x03defbbb) x23 0x0000000000000000
core   0: 0x00000000800046ae (0x00102cf3) csrrs   s9, fflags, zero
core   0: 1 0x00000000800046ae (0x00102cf3) x25 0x0000000000000011
core   0: 0x00000000800046b2 (0xd20c8fd3) fcvt.d.w ft11, s9
core   0: 1 0x00000000800046b2 (0xd20c8fd3) f31 0x4031000000000000
core   0: 0x00000000800046b6 (0xf20e02d3) fmv.d.x ft5, t3
core   0: 1 0x00000000800046b6 (0xf20e02d3) f5  0x0000000000000000
core   0: 0x00000000800046ba (0x320ca7f3) csrrs   a5, mcountinhibit, s9
core   0: exception trap_illegal_instruction, epc 0x00000000800046ba
core   0:           tval 0x00000000320ca7f3
core   0: >>>>  $xrv64i2p1_m2p0_a2p1_f2p2_d2p2_zicsr2p0_zifencei2p0_zmmul1p0_zba1p0_zbb1p0_zbc1p0_zbs1p0
core   0: 0x0000000080004000 (0x0080006f) j       pc + 0x8
core   0: 3 0x0000000080004000 (0x0080006f)
core   0: >>>>  mmode_exception_handler
core   0: 0x0000000080004008 (0x00002c17) auipc   s8, 0x2
core   0: 3 0x0000000080004008 (0x00002c17) x24 0x0000000080006008
core   0: 0x000000008000400c (0x0c8c0c13) addi    s8, s8, 200
core   0: 3 0x000000008000400c (0x0c8c0c13) x24 0x00000000800060d0
core   0: 0x0000000080004010 (0x000c00e7) jalr    s8
core   0: 3 0x0000000080004010 (0x000c00e7) x1  0x0000000080004014
core   0: >>>>  any_handler
core   0: 0x00000000800060d0 (0x341027f3) csrrs   a5, mepc, zero
core   0: 3 0x00000000800060d0 (0x341027f3) x15 0x00000000800046ba
core   0: 0x00000000800060d4 (0x34202773) csrrs   a4, mcause, zero
core   0: 3 0x00000000800060d4 (0x34202773) x14 0x0000000000000002
core   0: 0x00000000800060d8 (0x142026f3) csrrs   a3, scause, zero
core   0: 3 0x00000000800060d8 (0x142026f3) x13 0x0000000000000000
core   0: 0x00000000800060dc (0x30402673) csrrs   a2, mie, zero
core   0: 3 0x00000000800060dc (0x30402673) x12 0x0000000000000a00
core   0: 0x00000000800060e0 (0x344025f3) csrrs   a1, mip, zero
core   0: 3 0x00000000800060e0 (0x344025f3) x11 0x0000000000000080
core   0: 0x00000000800060e4 (0x343025f3) csrrs   a1, mtval, zero
core   0: 3 0x00000000800060e4 (0x343025f3) x11 0x00000000320ca7f3
core   0: 0x00000000800060e8 (0x14302573) csrrs   a0, stval, zero
core   0: 3 0x00000000800060e8 (0x14302573) x10 0x0000000000000001
core   0: 0x00000000800060ec (0xb02024f3) csrrs   s1, minstret, zero
core   0: 3 0x00000000800060ec (0xb02024f3) x9  0x00000000000009d2
core   0: 0x00000000800060f0 (0x0000a811) c.j     pc + 20
core   0: 3 0x00000000800060f0 (0xa811)
core   0: >>>>  mepc_4
core   0: 0x0000000080006104 (0x00000791) c.addi  a5, 4
core   0: 3 0x0000000080006104 (0x0791) x15 0x00000000800046be
core   0: 0x0000000080006106 (0x34179073) csrrw   zero, mepc, a5
core   0: 3 0x0000000080006106 (0x34179073) c833_mepc 0x00000000800046be
core   0: 0x000000008000610a (0x30200073) mret
core   0: 3 0x000000008000610a (0x30200073) c768_mstatus 0x8000000a00106080
core   0: 0x00000000800046be (0xe20c0ad3) fmv.x.d s5, fs8
core   0: 1 0x00000000800046be (0xe20c0ad3) x21 0x414fffff80000000
core   0: 0x00000000800046c2 (0xdaf2f447) fmsub.d fs0, ft5, fa5, fs11
core   0: 1 0x00000000800046c2 (0xdaf2f447) f8  0x7ff8000000000000
core   0: 0x00000000800046c6 (0xc035a5f3) csrrs   a1, hpmcounter3, a1
core   0: exception trap_illegal_instruction, epc 0x00000000800046c6
core   0:           tval 0x00000000c035a5f3
core   0: >>>>  $xrv64i2p1_m2p0_a2p1_f2p2_d2p2_zicsr2p0_zifencei2p0_zmmul1p0_zba1p0_zbb1p0_zbc1p0_zbs1p0
core   0: 0x0000000080004000 (0x0080006f) j       pc + 0x8
core   0: 3 0x0000000080004000 (0x0080006f)
core   0: >>>>  mmode_exception_handler
core   0: 0x0000000080004008 (0x00002c17) auipc   s8, 0x2
core   0: 3 0x0000000080004008 (0x00002c17) x24 0x0000000080006008
core   0: 0x000000008000400c (0x0c8c0c13) addi    s8, s8, 200
core   0: 3 0x000000008000400c (0x0c8c0c13) x24 0x00000000800060d0
core   0: 0x0000000080004010 (0x000c00e7) jalr    s8
core   0: 3 0x0000000080004010 (0x000c00e7) x1  0x0000000080004014
core   0: >>>>  any_handler
core   0: 0x00000000800060d0 (0x341027f3) csrrs   a5, mepc, zero
core   0: 3 0x00000000800060d0 (0x341027f3) x15 0x00000000800046c6
core   0: 0x00000000800060d4 (0x34202773) csrrs   a4, mcause, zero
core   0: 3 0x00000000800060d4 (0x34202773) x14 0x0000000000000002
core   0: 0x00000000800060d8 (0x142026f3) csrrs   a3, scause, zero
core   0: 3 0x00000000800060d8 (0x142026f3) x13 0x0000000000000000
core   0: 0x00000000800060dc (0x30402673) csrrs   a2, mie, zero
core   0: 3 0x00000000800060dc (0x30402673) x12 0x0000000000000a00
core   0: 0x00000000800060e0 (0x344025f3) csrrs   a1, mip, zero
core   0: 3 0x00000000800060e0 (0x344025f3) x11 0x0000000000000080
core   0: 0x00000000800060e4 (0x343025f3) csrrs   a1, mtval, zero
core   0: 3 0x00000000800060e4 (0x343025f3) x11 0x00000000c035a5f3
core   0: 0x00000000800060e8 (0x14302573) csrrs   a0, stval, zero
core   0: 3 0x00000000800060e8 (0x14302573) x10 0x0000000000000001
core   0: 0x00000000800060ec (0xb02024f3) csrrs   s1, minstret, zero
core   0: 3 0x00000000800060ec (0xb02024f3) x9  0x00000000000009e4
core   0: 0x00000000800060f0 (0x0000a811) c.j     pc + 20
core   0: 3 0x00000000800060f0 (0xa811)
core   0: >>>>  mepc_4
core   0: 0x0000000080006104 (0x00000791) c.addi  a5, 4
core   0: 3 0x0000000080006104 (0x0791) x15 0x00000000800046ca
core   0: 0x0000000080006106 (0x34179073) csrrw   zero, mepc, a5
core   0: 3 0x0000000080006106 (0x34179073) c833_mepc 0x00000000800046ca
core   0: 0x000000008000610a (0x30200073) mret
core   0: 3 0x000000008000610a (0x30200073) c768_mstatus 0x8000000a00106080
core   0: 0x00000000800046ca (0x00c37633) and     a2, t1, a2
core   0: 1 0x00000000800046ca (0x00c37633) x12 0x0000000000000800
core   0: 0x00000000800046ce (0x00202173) csrrs   sp, frm, zero
core   0: 1 0x00000000800046ce (0x00202173) x2  0x0000000000000000
core   0: 0x00000000800046d2 (0x0293b3b3) mulhu   t2, t2, s1
core   0: 1 0x00000000800046d2 (0x0293b3b3) x7  0x00000000000009e3
core   0: 0x00000000800046d6 (0xe20e80d3) fmv.x.d ra, ft9
core   0: 1 0x00000000800046d6 (0xe20e80d3) x1  0x7ff8000000000000
core   0: 0x00000000800046da (0x00000001) c.nop
core   0: 1 0x00000000800046da (0x0001)
core   0: 0x00000000800046dc (0x027a4033) div     zero, s4, t2
core   0: 1 0x00000000800046dc (0x027a4033)
core   0: 0x00000000800046e0 (0x23c20253) fsgnj.d ft4, ft4, ft8
core   0: 1 0x00000000800046e0 (0x23c20253) f4  0x7ff8000000000000
core   0: 0x00000000800046e4 (0x00cd4233) xor     tp, s10, a2
core   0: 1 0x00000000800046e4 (0x00cd4233) x4  0x0000000000000988
core   0: 0x00000000800046e8 (0x01264c33) xor     s8, a2, s2
core   0: 1 0x00000000800046e8 (0x01264c33) x24 0x0000000000000815
core   0: 0x00000000800046ec (0xc295871b) addiw   a4, a1, -983
core   0: 1 0x00000000800046ec (0xc295871b) x14 0xffffffffc035a21c
core   0: 0x00000000800046f0 (0x00000001) c.nop
core   0: 1 0x00000000800046f0 (0x0001)
core   0: 0x00000000800046f2 (0x0a83f753) fsub.d  fa4, ft7, fs0
core   0: 1 0x00000000800046f2 (0x0a83f753) f14 0x7ff8000000000000
core   0: 0x00000000800046f6 (0x03c99e33) mulh    t3, s3, t3
core   0: 1 0x00000000800046f6 (0x03c99e33) x28 0x0000000000000000
core   0: 0x00000000800046fa (0x02546233) rem     tp, s0, t0
core   0: 1 0x00000000800046fa (0x02546233) x4  0xffffffffffffffff
core   0: 0x00000000800046fe (0x00000001) c.nop
core   0: 1 0x00000000800046fe (0x0001)
core   0: 0x0000000080004700 (0xc233f0d3) fcvt.lu.d ra, ft7
core   0: 1 0x0000000080004700 (0xc233f0d3) c1_fflags 0x0000000000000011 x1  0xffffffffffffffff
core   0: 0x0000000080004704 (0x1040e1f3) csrrsi  gp, sie, 1
core   0: 1 0x0000000080004704 (0x1040e1f3) x3  0x0000000000000000 c772_mie 0x0000000000000a00
core   0: 0x0000000080004708 (0x01348133) add     sp, s1, s3
core   0: 1 0x0000000080004708 (0x01348133) x2  0x00000000000009e4
core   0: 0x000000008000470c (0x1a0d77d3) fdiv.d  fa5, fs10, ft0
core   0: 1 0x000000008000470c (0x1a0d77d3) f15 0x7ff8000000000000
core   0: 0x0000000080004710 (0xd2170ed3) fcvt.d.wu ft9, a4
core   0: 1 0x0000000080004710 (0xd2170ed3) f29 0x41e806b443800000
core   0: 0x0000000080004714 (0x01317533) and     a0, sp, s3
core   0: 1 0x0000000080004714 (0x01317533) x10 0x0000000000000000
core   0: 0x0000000080004718 (0x00a12533) slt     a0, sp, a0
core   0: 1 0x0000000080004718 (0x00a12533) x10 0x0000000000000000
core   0: 0x000000008000471c (0x41ab0e3b) subw    t3, s6, s10
core   0: 1 0x000000008000471c (0x41ab0e3b) x28 0xfffffffffffffe8c
core   0: 0x0000000080004720 (0xc36874cb) fnmsub.d fs1, fa6, fs6, fs8
core   0: 1 0x0000000080004720 (0xc36874cb) f9  0x7ff8000000000000
core   0: 0x0000000080004724 (0x02ba60b3) rem     ra, s4, a1
core   0: 1 0x0000000080004724 (0x02ba60b3) x1  0x000000000b66faba
core   0: 0x0000000080004728 (0x00dedb3b) srlw    s6, t4, a3
core   0: 1 0x0000000080004728 (0x00dedb3b) x22 0xffffffffffffffff
core   0: 0x000000008000472c (0x00704133) xor     sp, zero, t2
core   0: 1 0x000000008000472c (0x00704133) x2  0x00000000000009e3
core   0: 0x0000000080004730 (0x41715d93) srai    s11, sp, 23
core   0: 1 0x0000000080004730 (0x41715d93) x27 0x0000000000000000
core   0: 0x0000000080004734 (0x52317d13) andi    s10, sp, 1315
core   0: 1 0x0000000080004734 (0x52317d13) x26 0x0000000000000123
core   0: 0x0000000080004738 (0x22d6a953) fsgnjx.d fs2, fa3, fa3
core   0: 1 0x0000000080004738 (0x22d6a953) f18 0x7ff8000000000000
core   0: 0x000000008000473c (0xa7cda6b7) lui     a3, 0xa7cda
core   0: 1 0x000000008000473c (0xa7cda6b7) x13 0xffffffffa7cda000
core   0: 0x0000000080004740 (0xe2068153) fmv.x.d sp, fa3
core   0: 1 0x0000000080004740 (0xe2068153) x2  0x7ff8000000000000
core   0: 0x0000000080004744 (0x40bb8bbb) subw    s7, s7, a1
core   0: 1 0x0000000080004744 (0x40bb8bbb) x23 0x000000003fca5a0d
core   0: 0x0000000080004748 (0x227f83d3) fsgnj.d ft7, ft11, ft7
core   0: 1 0x0000000080004748 (0x227f83d3) f7  0x4031000000000000
core   0: 0x000000008000474c (0x0050503b) srlw    zero, zero, t0
core   0: 1 0x000000008000474c (0x0050503b)
core   0: 0x0000000080004750 (0xc203fcd3) fcvt.w.d s9, ft7
core   0: 1 0x0000000080004750 (0xc203fcd3) x25 0x0000000000000011
core   0: 0x0000000080004754 (0x00d2d133) srl     sp, t0, a3
core   0: 1 0x0000000080004754 (0x00d2d133) x2  0x00000000000004ba
core   0: 0x0000000080004758 (0x40b65b93) srai    s7, a2, 11
core   0: 1 0x0000000080004758 (0x40b65b93) x23 0x0000000000000001
core   0: 0x000000008000475c (0x0000976e) c.add   a4, s11
core   0: 1 0x000000008000475c (0x976e) x14 0xffffffffc035a21c
core   0: 0x000000008000475e (0x00202473) csrrs   s0, frm, zero
core   0: 1 0x000000008000475e (0x00202473) x8  0x0000000000000000
core   0: 0x0000000080004762 (0x4002d39b) sraiw   t2, t0, 0
core   0: 1 0x0000000080004762 (0x4002d39b) x7  0x00000000000004ba
core   0: 0x0000000080004766 (0x0294c03b) divw    zero, s1, s1
core   0: 1 0x0000000080004766 (0x0294c03b)
core   0: 0x000000008000476a (0x00070433) add     s0, a4, zero
core   0: 1 0x000000008000476a (0x00070433) x8  0xffffffffc035a21c
core   0: 0x000000008000476e (0x03305633) divu    a2, zero, s3
core   0: 1 0x000000008000476e (0x03305633) x12 0xffffffffffffffff
core   0: 0x0000000080004772 (0xd20009d3) fcvt.d.w fs3, zero
core   0: 1 0x0000000080004772 (0xd20009d3) f19 0x0000000000000000
core   0: 0x0000000080004776 (0x02f447b3) div     a5, s0, a5
core   0: 1 0x0000000080004776 (0x02f447b3) x15 0x0000000000000000
core   0: 0x000000008000477a (0x3b6e889b) addiw   a7, t4, 950
core   0: 1 0x000000008000477a (0x3b6e889b) x17 0x00000000000003b5
core   0: 0x000000008000477e (0x4007d21b) sraiw   tp, a5, 0
core   0: 1 0x000000008000477e (0x4007d21b) x4  0x0000000000000000
core   0: 0x0000000080004782 (0x011261b3) or      gp, tp, a7
core   0: 1 0x0000000080004782 (0x011261b3) x3  0x00000000000003b5
core   0: 0x0000000080004786 (0x1b39fbd3) fdiv.d  fs7, fs3, fs3
core   0: 1 0x0000000080004786 (0x1b39fbd3) c1_fflags 0x0000000000000011 f23 0x7ff8000000000000
core   0: 0x000000008000478a (0x00339533) sll     a0, t2, gp
core   0: 1 0x000000008000478a (0x00339533) x10 0x9740000000000000
core   0: 0x000000008000478e (0x23361653) fsgnjn.d fa2, fa2, fs3
core   0: 1 0x000000008000478e (0x23361653) f12 0xffffffff7fc00000
core   0: 0x0000000080004792 (0x22551553) fsgnjn.d fa0, fa0, ft5
core   0: 1 0x0000000080004792 (0x22551553) f10 0xc14fffff80000000
core   0: 0x0000000080004796 (0xf2078dd3) fmv.d.x fs11, a5
core   0: 1 0x0000000080004796 (0xf2078dd3) f27 0x0000000000000000
core   0: 0x000000008000479a (0x2a639b53) fmax.d  fs6, ft7, ft6
core   0: 1 0x000000008000479a (0x2a639b53) f22 0x4031000000000000
core   0: 0x000000008000479e (0x00261673) csrrw   a2, frm, a2
core   0: 1 0x000000008000479e (0x00261673) x12 0x0000000000000000 c2_frm 0x0000000000000007
core   0: 0x00000000800047a2 (0x2bdb72c3) fmadd.d ft5, fs6, ft9, ft5
core   0: exception trap_illegal_instruction, epc 0x00000000800047a2
core   0:           tval 0x000000002bdb72c3
core   0: >>>>  $xrv64i2p1_m2p0_a2p1_f2p2_d2p2_zicsr2p0_zifencei2p0_zmmul1p0_zba1p0_zbb1p0_zbc1p0_zbs1p0
core   0: 0x0000000080004000 (0x0080006f) j       pc + 0x8
core   0: 3 0x0000000080004000 (0x0080006f)
core   0: >>>>  mmode_exception_handler
core   0: 0x0000000080004008 (0x00002c17) auipc   s8, 0x2
core   0: 3 0x0000000080004008 (0x00002c17) x24 0x0000000080006008
core   0: 0x000000008000400c (0x0c8c0c13) addi    s8, s8, 200
core   0: 3 0x000000008000400c (0x0c8c0c13) x24 0x00000000800060d0
core   0: 0x0000000080004010 (0x000c00e7) jalr    s8
core   0: 3 0x0000000080004010 (0x000c00e7) x1  0x0000000080004014
core   0: >>>>  any_handler
core   0: 0x00000000800060d0 (0x341027f3) csrrs   a5, mepc, zero
core   0: 3 0x00000000800060d0 (0x341027f3) x15 0x00000000800047a2
core   0: 0x00000000800060d4 (0x34202773) csrrs   a4, mcause, zero
core   0: 3 0x00000000800060d4 (0x34202773) x14 0x0000000000000002
core   0: 0x00000000800060d8 (0x142026f3) csrrs   a3, scause, zero
core   0: 3 0x00000000800060d8 (0x142026f3) x13 0x0000000000000000
core   0: 0x00000000800060dc (0x30402673) csrrs   a2, mie, zero
core   0: 3 0x00000000800060dc (0x30402673) x12 0x0000000000000a00
core   0: 0x00000000800060e0 (0x344025f3) csrrs   a1, mip, zero
core   0: 3 0x00000000800060e0 (0x344025f3) x11 0x0000000000000080
core   0: 0x00000000800060e4 (0x343025f3) csrrs   a1, mtval, zero
core   0: 3 0x00000000800060e4 (0x343025f3) x11 0x000000002bdb72c3
core   0: 0x00000000800060e8 (0x14302573) csrrs   a0, stval, zero
core   0: 3 0x00000000800060e8 (0x14302573) x10 0x0000000000000001
core   0: 0x00000000800060ec (0xb02024f3) csrrs   s1, minstret, zero
core   0: 3 0x00000000800060ec (0xb02024f3) x9  0x0000000000000a2c
core   0: 0x00000000800060f0 (0x0000a811) c.j     pc + 20
core   0: 3 0x00000000800060f0 (0xa811)
core   0: >>>>  mepc_4
core   0: 0x0000000080006104 (0x00000791) c.addi  a5, 4
core   0: 3 0x0000000080006104 (0x0791) x15 0x00000000800047a6
core   0: 0x0000000080006106 (0x34179073) csrrw   zero, mepc, a5
core   0: 3 0x0000000080006106 (0x34179073) c833_mepc 0x00000000800047a6
core   0: 0x000000008000610a (0x30200073) mret
core   0: 3 0x000000008000610a (0x30200073) c768_mstatus 0x8000000a00106080
core   0: 0x00000000800047a6 (0x00844eb3) xor     t4, s0, s0
core   0: 1 0x00000000800047a6 (0x00844eb3) x29 0x0000000000000000
core   0: 0x00000000800047aa (0x001e919b) slliw   gp, t4, 1
core   0: 1 0x00000000800047aa (0x001e919b) x3  0x0000000000000000
core   0: 0x00000000800047ae (0x00000001) c.nop
core   0: 1 0x00000000800047ae (0x0001)
core   0: 0x00000000800047b0 (0xa2108953) fle.d   s2, ft1, ft1
core   0: 1 0x00000000800047b0 (0xa2108953) c1_fflags 0x0000000000000011 x18 0x0000000000000000
core   0: 0x00000000800047b4 (0x41d15b93) srai    s7, sp, 29
core   0: 1 0x00000000800047b4 (0x41d15b93) x23 0x0000000000000000
core   0: 0x00000000800047b8 (0xf465cc37) lui     s8, 0xf465c
core   0: 1 0x00000000800047b8 (0xf465cc37) x24 0xfffffffff465c000
core   0: 0x00000000800047bc (0x400ada93) srai    s5, s5, 0
core   0: 1 0x00000000800047bc (0x400ada93) x21 0x414fffff80000000
core   0: 0x00000000800047c0 (0x02c291b3) mulh    gp, t0, a2
core   0: 1 0x00000000800047c0 (0x02c291b3) x3  0x0000000000000000
core   0: 0x00000000800047c4 (0x019c5c3b) srlw    s8, s8, s9
core   0: 1 0x00000000800047c4 (0x019c5c3b) x24 0x0000000000007a32
core   0: 0x00000000800047c8 (0xd02cf1d3) fcvt.s.l ft3, s9
core   0: exception trap_illegal_instruction, epc 0x00000000800047c8
core   0:           tval 0x00000000d02cf1d3
core   0: >>>>  $xrv64i2p1_m2p0_a2p1_f2p2_d2p2_zicsr2p0_zifencei2p0_zmmul1p0_zba1p0_zbb1p0_zbc1p0_zbs1p0
core   0: 0x0000000080004000 (0x0080006f) j       pc + 0x8
core   0: 3 0x0000000080004000 (0x0080006f)
core   0: >>>>  mmode_exception_handler
core   0: 0x0000000080004008 (0x00002c17) auipc   s8, 0x2
core   0: 3 0x0000000080004008 (0x00002c17) x24 0x0000000080006008
core   0: 0x000000008000400c (0x0c8c0c13) addi    s8, s8, 200
core   0: 3 0x000000008000400c (0x0c8c0c13) x24 0x00000000800060d0
core   0: 0x0000000080004010 (0x000c00e7) jalr    s8
core   0: 3 0x0000000080004010 (0x000c00e7) x1  0x0000000080004014
core   0: >>>>  any_handler
core   0: 0x00000000800060d0 (0x341027f3) csrrs   a5, mepc, zero
core   0: 3 0x00000000800060d0 (0x341027f3) x15 0x00000000800047c8
core   0: 0x00000000800060d4 (0x34202773) csrrs   a4, mcause, zero
core   0: 3 0x00000000800060d4 (0x34202773) x14 0x0000000000000002
core   0: 0x00000000800060d8 (0x142026f3) csrrs   a3, scause, zero
core   0: 3 0x00000000800060d8 (0x142026f3) x13 0x0000000000000000
core   0: 0x00000000800060dc (0x30402673) csrrs   a2, mie, zero
core   0: 3 0x00000000800060dc (0x30402673) x12 0x0000000000000a00
core   0: 0x00000000800060e0 (0x344025f3) csrrs   a1, mip, zero
core   0: 3 0x00000000800060e0 (0x344025f3) x11 0x0000000000000080
core   0: 0x00000000800060e4 (0x343025f3) csrrs   a1, mtval, zero
core   0: 3 0x00000000800060e4 (0x343025f3) x11 0x00000000d02cf1d3
core   0: 0x00000000800060e8 (0x14302573) csrrs   a0, stval, zero
core   0: 3 0x00000000800060e8 (0x14302573) x10 0x0000000000000001
core   0: 0x00000000800060ec (0xb02024f3) csrrs   s1, minstret, zero
core   0: 3 0x00000000800060ec (0xb02024f3) x9  0x0000000000000a45
core   0: 0x00000000800060f0 (0x0000a811) c.j     pc + 20
core   0: 3 0x00000000800060f0 (0xa811)
core   0: >>>>  mepc_4
core   0: 0x0000000080006104 (0x00000791) c.addi  a5, 4
core   0: 3 0x0000000080006104 (0x0791) x15 0x00000000800047cc
core   0: 0x0000000080006106 (0x34179073) csrrw   zero, mepc, a5
core   0: 3 0x0000000080006106 (0x34179073) c833_mepc 0x00000000800047cc
core   0: 0x000000008000610a (0x30200073) mret
core   0: 3 0x000000008000610a (0x30200073) c768_mstatus 0x8000000a00106080
core   0: 0x00000000800047cc (0x41ce58b3) sra     a7, t3, t3
core   0: 1 0x00000000800047cc (0x41ce58b3) x17 0xffffffffffffffff
core   0: 0x00000000800047d0 (0xd2010c53) fcvt.d.w fs8, sp
core   0: 1 0x00000000800047d0 (0xd2010c53) f24 0x4092e80000000000
core   0: 0x00000000800047d4 (0x0128d43b) srlw    s0, a7, s2
core   0: 1 0x00000000800047d4 (0x0128d43b) x8  0xffffffffffffffff
core   0: 0x00000000800047d8 (0x02d9d513) srli    a0, s3, 45
core   0: 1 0x00000000800047d8 (0x02d9d513) x10 0x0000000000000000
core   0: 0x00000000800047dc (0x0009d31b) srliw   t1, s3, 0
core   0: 1 0x00000000800047dc (0x0009d31b) x6  0x0000000000000000
core   0: 0x00000000800047e0 (0x409d0abb) subw    s5, s10, s1
core   0: 1 0x00000000800047e0 (0x409d0abb) x21 0xfffffffffffff6de
core   0: 0x00000000800047e4 (0x2a9495d3) fmax.d  fa1, fs1, fs1
core   0: 1 0x00000000800047e4 (0x2a9495d3) f11 0x7ff8000000000000
core   0: 0x00000000800047e8 (0x0157db33) srl     s6, a5, s5
core   0: 1 0x00000000800047e8 (0x0157db33) x22 0x0000000000000002
core   0: 0x00000000800047ec (0x00ab953b) sllw    a0, s7, a0
core   0: 1 0x00000000800047ec (0x00ab953b) x10 0x0000000000000000
core   0: 0x00000000800047f0 (0x40608e33) sub     t3, ra, t1
core   0: 1 0x00000000800047f0 (0x40608e33) x28 0x0000000080004014
core   0: 0x00000000800047f4 (0xd020f8d3) fcvt.s.l fa7, ra
core   0: exception trap_illegal_instruction, epc 0x00000000800047f4
core   0:           tval 0x00000000d020f8d3
core   0: >>>>  $xrv64i2p1_m2p0_a2p1_f2p2_d2p2_zicsr2p0_zifencei2p0_zmmul1p0_zba1p0_zbb1p0_zbc1p0_zbs1p0
core   0: 0x0000000080004000 (0x0080006f) j       pc + 0x8
core   0: 3 0x0000000080004000 (0x0080006f)
core   0: >>>>  mmode_exception_handler
core   0: 0x0000000080004008 (0x00002c17) auipc   s8, 0x2
core   0: 3 0x0000000080004008 (0x00002c17) x24 0x0000000080006008
core   0: 0x000000008000400c (0x0c8c0c13) addi    s8, s8, 200
core   0: 3 0x000000008000400c (0x0c8c0c13) x24 0x00000000800060d0
core   0: 0x0000000080004010 (0x000c00e7) jalr    s8
core   0: 3 0x0000000080004010 (0x000c00e7) x1  0x0000000080004014
core   0: >>>>  any_handler
core   0: 0x00000000800060d0 (0x341027f3) csrrs   a5, mepc, zero
core   0: 3 0x00000000800060d0 (0x341027f3) x15 0x00000000800047f4
core   0: 0x00000000800060d4 (0x34202773) csrrs   a4, mcause, zero
core   0: 3 0x00000000800060d4 (0x34202773) x14 0x0000000000000002
core   0: 0x00000000800060d8 (0x142026f3) csrrs   a3, scause, zero
core   0: 3 0x00000000800060d8 (0x142026f3) x13 0x0000000000000000
core   0: 0x00000000800060dc (0x30402673) csrrs   a2, mie, zero
core   0: 3 0x00000000800060dc (0x30402673) x12 0x0000000000000a00
core   0: 0x00000000800060e0 (0x344025f3) csrrs   a1, mip, zero
core   0: 3 0x00000000800060e0 (0x344025f3) x11 0x0000000000000080
core   0: 0x00000000800060e4 (0x343025f3) csrrs   a1, mtval, zero
core   0: 3 0x00000000800060e4 (0x343025f3) x11 0x00000000d020f8d3
core   0: 0x00000000800060e8 (0x14302573) csrrs   a0, stval, zero
core   0: 3 0x00000000800060e8 (0x14302573) x10 0x0000000000000001
core   0: 0x00000000800060ec (0xb02024f3) csrrs   s1, minstret, zero
core   0: 3 0x00000000800060ec (0xb02024f3) x9  0x0000000000000a5f
core   0: 0x00000000800060f0 (0x0000a811) c.j     pc + 20
core   0: 3 0x00000000800060f0 (0xa811)
core   0: >>>>  mepc_4
core   0: 0x0000000080006104 (0x00000791) c.addi  a5, 4
core   0: 3 0x0000000080006104 (0x0791) x15 0x00000000800047f8
core   0: 0x0000000080006106 (0x34179073) csrrw   zero, mepc, a5
core   0: 3 0x0000000080006106 (0x34179073) c833_mepc 0x00000000800047f8
core   0: 0x000000008000610a (0x30200073) mret
core   0: 3 0x000000008000610a (0x30200073) c768_mstatus 0x8000000a00106080
core   0: 0x00000000800047f8 (0x31afe473) csrrsi  s0, menvcfgh, 31
core   0: exception trap_illegal_instruction, epc 0x00000000800047f8
core   0:           tval 0x0000000031afe473
core   0: >>>>  $xrv64i2p1_m2p0_a2p1_f2p2_d2p2_zicsr2p0_zifencei2p0_zmmul1p0_zba1p0_zbb1p0_zbc1p0_zbs1p0
core   0: 0x0000000080004000 (0x0080006f) j       pc + 0x8
core   0: 3 0x0000000080004000 (0x0080006f)
core   0: >>>>  mmode_exception_handler
core   0: 0x0000000080004008 (0x00002c17) auipc   s8, 0x2
core   0: 3 0x0000000080004008 (0x00002c17) x24 0x0000000080006008
core   0: 0x000000008000400c (0x0c8c0c13) addi    s8, s8, 200
core   0: 3 0x000000008000400c (0x0c8c0c13) x24 0x00000000800060d0
core   0: 0x0000000080004010 (0x000c00e7) jalr    s8
core   0: 3 0x0000000080004010 (0x000c00e7) x1  0x0000000080004014
core   0: >>>>  any_handler
core   0: 0x00000000800060d0 (0x341027f3) csrrs   a5, mepc, zero
core   0: 3 0x00000000800060d0 (0x341027f3) x15 0x00000000800047f8
core   0: 0x00000000800060d4 (0x34202773) csrrs   a4, mcause, zero
core   0: 3 0x00000000800060d4 (0x34202773) x14 0x0000000000000002
core   0: 0x00000000800060d8 (0x142026f3) csrrs   a3, scause, zero
core   0: 3 0x00000000800060d8 (0x142026f3) x13 0x0000000000000000
core   0: 0x00000000800060dc (0x30402673) csrrs   a2, mie, zero
core   0: 3 0x00000000800060dc (0x30402673) x12 0x0000000000000a00
core   0: 0x00000000800060e0 (0x344025f3) csrrs   a1, mip, zero
core   0: 3 0x00000000800060e0 (0x344025f3) x11 0x0000000000000080
core   0: 0x00000000800060e4 (0x343025f3) csrrs   a1, mtval, zero
core   0: 3 0x00000000800060e4 (0x343025f3) x11 0x0000000031afe473
core   0: 0x00000000800060e8 (0x14302573) csrrs   a0, stval, zero
core   0: 3 0x00000000800060e8 (0x14302573) x10 0x0000000000000001
core   0: 0x00000000800060ec (0xb02024f3) csrrs   s1, minstret, zero
core   0: 3 0x00000000800060ec (0xb02024f3) x9  0x0000000000000a6f
core   0: 0x00000000800060f0 (0x0000a811) c.j     pc + 20
core   0: 3 0x00000000800060f0 (0xa811)
core   0: >>>>  mepc_4
core   0: 0x0000000080006104 (0x00000791) c.addi  a5, 4
core   0: 3 0x0000000080006104 (0x0791) x15 0x00000000800047fc
core   0: 0x0000000080006106 (0x34179073) csrrw   zero, mepc, a5
core   0: 3 0x0000000080006106 (0x34179073) c833_mepc 0x00000000800047fc
core   0: 0x000000008000610a (0x30200073) mret
core   0: 3 0x000000008000610a (0x30200073) c768_mstatus 0x8000000a00106080
core   0: 0x00000000800047fc (0x4014f3d3) fcvt.s.d ft7, fs1
core   0: exception trap_illegal_instruction, epc 0x00000000800047fc
core   0:           tval 0x000000004014f3d3
core   0: >>>>  $xrv64i2p1_m2p0_a2p1_f2p2_d2p2_zicsr2p0_zifencei2p0_zmmul1p0_zba1p0_zbb1p0_zbc1p0_zbs1p0
core   0: 0x0000000080004000 (0x0080006f) j       pc + 0x8
core   0: 3 0x0000000080004000 (0x0080006f)
core   0: >>>>  mmode_exception_handler
core   0: 0x0000000080004008 (0x00002c17) auipc   s8, 0x2
core   0: 3 0x0000000080004008 (0x00002c17) x24 0x0000000080006008
core   0: 0x000000008000400c (0x0c8c0c13) addi    s8, s8, 200
core   0: 3 0x000000008000400c (0x0c8c0c13) x24 0x00000000800060d0
core   0: 0x0000000080004010 (0x000c00e7) jalr    s8
core   0: 3 0x0000000080004010 (0x000c00e7) x1  0x0000000080004014
core   0: >>>>  any_handler
core   0: 0x00000000800060d0 (0x341027f3) csrrs   a5, mepc, zero
core   0: 3 0x00000000800060d0 (0x341027f3) x15 0x00000000800047fc
core   0: 0x00000000800060d4 (0x34202773) csrrs   a4, mcause, zero
core   0: 3 0x00000000800060d4 (0x34202773) x14 0x0000000000000002
core   0: 0x00000000800060d8 (0x142026f3) csrrs   a3, scause, zero
core   0: 3 0x00000000800060d8 (0x142026f3) x13 0x0000000000000000
core   0: 0x00000000800060dc (0x30402673) csrrs   a2, mie, zero
core   0: 3 0x00000000800060dc (0x30402673) x12 0x0000000000000a00
core   0: 0x00000000800060e0 (0x344025f3) csrrs   a1, mip, zero
core   0: 3 0x00000000800060e0 (0x344025f3) x11 0x0000000000000080
core   0: 0x00000000800060e4 (0x343025f3) csrrs   a1, mtval, zero
core   0: 3 0x00000000800060e4 (0x343025f3) x11 0x000000004014f3d3
core   0: 0x00000000800060e8 (0x14302573) csrrs   a0, stval, zero
core   0: 3 0x00000000800060e8 (0x14302573) x10 0x0000000000000001
core   0: 0x00000000800060ec (0xb02024f3) csrrs   s1, minstret, zero
core   0: 3 0x00000000800060ec (0xb02024f3) x9  0x0000000000000a7f
core   0: 0x00000000800060f0 (0x0000a811) c.j     pc + 20
core   0: 3 0x00000000800060f0 (0xa811)
core   0: >>>>  mepc_4
core   0: 0x0000000080006104 (0x00000791) c.addi  a5, 4
core   0: 3 0x0000000080006104 (0x0791) x15 0x0000000080004800
core   0: 0x0000000080006106 (0x34179073) csrrw   zero, mepc, a5
core   0: 3 0x0000000080006106 (0x34179073) c833_mepc 0x0000000080004800
core   0: 0x000000008000610a (0x30200073) mret
core   0: 3 0x000000008000610a (0x30200073) c768_mstatus 0x8000000a00106080
core   0: 0x0000000080004800 (0x00141973) csrrw   s2, fflags, s0
core   0: 1 0x0000000080004800 (0x00141973) x18 0x0000000000000011 c1_fflags 0x000000000000001f
core   0: 0x0000000080004804 (0x01617833) and     a6, sp, s6
core   0: 1 0x0000000080004804 (0x01617833) x16 0x0000000000000002
core   0: 0x0000000080004808 (0x0000da9b) srliw   s5, ra, 0
core   0: 1 0x0000000080004808 (0x0000da9b) x21 0xffffffff80004014
core   0: 0x000000008000480c (0x400ddd9b) sraiw   s11, s11, 0
core   0: 1 0x000000008000480c (0x400ddd9b) x27 0x0000000000000000
core   0: 0x0000000080004810 (0x41c3d3bb) sraw    t2, t2, t3
core   0: 1 0x0000000080004810 (0x41c3d3bb) x7  0x0000000000000000
core   0: 0x0000000080004814 (0x01a65e33) srl     t3, a2, s10
core   0: 1 0x0000000080004814 (0x01a65e33) x28 0x0000000000000000
core   0: 0x0000000080004818 (0x01f1151b) slliw   a0, sp, 31
core   0: 1 0x0000000080004818 (0x01f1151b) x10 0x0000000000000000
core   0: 0x000000008000481c (0x8206f04f) fnmadd.d ft0, fa3, ft0, fa6
core   0: exception trap_illegal_instruction, epc 0x000000008000481c
core   0:           tval 0x000000008206f04f
core   0: >>>>  $xrv64i2p1_m2p0_a2p1_f2p2_d2p2_zicsr2p0_zifencei2p0_zmmul1p0_zba1p0_zbb1p0_zbc1p0_zbs1p0
core   0: 0x0000000080004000 (0x0080006f) j       pc + 0x8
core   0: 3 0x0000000080004000 (0x0080006f)
core   0: >>>>  mmode_exception_handler
core   0: 0x0000000080004008 (0x00002c17) auipc   s8, 0x2
core   0: 3 0x0000000080004008 (0x00002c17) x24 0x0000000080006008
core   0: 0x000000008000400c (0x0c8c0c13) addi    s8, s8, 200
core   0: 3 0x000000008000400c (0x0c8c0c13) x24 0x00000000800060d0
core   0: 0x0000000080004010 (0x000c00e7) jalr    s8
core   0: 3 0x0000000080004010 (0x000c00e7) x1  0x0000000080004014
core   0: >>>>  any_handler
core   0: 0x00000000800060d0 (0x341027f3) csrrs   a5, mepc, zero
core   0: 3 0x00000000800060d0 (0x341027f3) x15 0x000000008000481c
core   0: 0x00000000800060d4 (0x34202773) csrrs   a4, mcause, zero
core   0: 3 0x00000000800060d4 (0x34202773) x14 0x0000000000000002
core   0: 0x00000000800060d8 (0x142026f3) csrrs   a3, scause, zero
core   0: 3 0x00000000800060d8 (0x142026f3) x13 0x0000000000000000
core   0: 0x00000000800060dc (0x30402673) csrrs   a2, mie, zero
core   0: 3 0x00000000800060dc (0x30402673) x12 0x0000000000000a00
core   0: 0x00000000800060e0 (0x344025f3) csrrs   a1, mip, zero
core   0: 3 0x00000000800060e0 (0x344025f3) x11 0x0000000000000080
core   0: 0x00000000800060e4 (0x343025f3) csrrs   a1, mtval, zero
core   0: 3 0x00000000800060e4 (0x343025f3) x11 0x000000008206f04f
core   0: 0x00000000800060e8 (0x14302573) csrrs   a0, stval, zero
core   0: 3 0x00000000800060e8 (0x14302573) x10 0x0000000000000001
core   0: 0x00000000800060ec (0xb02024f3) csrrs   s1, minstret, zero
core   0: 3 0x00000000800060ec (0xb02024f3) x9  0x0000000000000a96
core   0: 0x00000000800060f0 (0x0000a811) c.j     pc + 20
core   0: 3 0x00000000800060f0 (0xa811)
core   0: >>>>  mepc_4
core   0: 0x0000000080006104 (0x00000791) c.addi  a5, 4
core   0: 3 0x0000000080006104 (0x0791) x15 0x0000000080004820
core   0: 0x0000000080006106 (0x34179073) csrrw   zero, mepc, a5
core   0: 3 0x0000000080006106 (0x34179073) c833_mepc 0x0000000080004820
core   0: 0x000000008000610a (0x30200073) mret
core   0: 3 0x000000008000610a (0x30200073) c768_mstatus 0x8000000a00106080
core   0: 0x0000000080004820 (0x00cdd63b) srlw    a2, s11, a2
core   0: 1 0x0000000080004820 (0x00cdd63b) x12 0x0000000000000000
core   0: 0x0000000080004824 (0x02b0d0b3) divu    ra, ra, a1
core   0: 1 0x0000000080004824 (0x02b0d0b3) x1  0x0000000000000000
core   0: 0x0000000080004828 (0x01b6de3b) srlw    t3, a3, s11
core   0: 1 0x0000000080004828 (0x01b6de3b) x28 0x0000000000000000
core   0: 0x000000008000482c (0x00bc65b3) or      a1, s8, a1
core   0: 1 0x000000008000482c (0x00bc65b3) x11 0x000000008206f0df
core   0: 0x0000000080004830 (0x00bd22b3) slt     t0, s10, a1
core   0: 1 0x0000000080004830 (0x00bd22b3) x5  0x0000000000000001
core   0: 0x0000000080004834 (0x0256f6bb) remuw   a3, a3, t0
core   0: 1 0x0000000080004834 (0x0256f6bb) x13 0x0000000000000000
core   0: 0x0000000080004838 (0x40107453) fcvt.s.d fs0, ft0
core   0: exception trap_illegal_instruction, epc 0x0000000080004838
core   0:           tval 0x0000000040107453
core   0: >>>>  $xrv64i2p1_m2p0_a2p1_f2p2_d2p2_zicsr2p0_zifencei2p0_zmmul1p0_zba1p0_zbb1p0_zbc1p0_zbs1p0
core   0: 0x0000000080004000 (0x0080006f) j       pc + 0x8
core   0: 3 0x0000000080004000 (0x0080006f)
core   0: >>>>  mmode_exception_handler
core   0: 0x0000000080004008 (0x00002c17) auipc   s8, 0x2
core   0: 3 0x0000000080004008 (0x00002c17) x24 0x0000000080006008
core   0: 0x000000008000400c (0x0c8c0c13) addi    s8, s8, 200
core   0: 3 0x000000008000400c (0x0c8c0c13) x24 0x00000000800060d0
core   0: 0x0000000080004010 (0x000c00e7) jalr    s8
core   0: 3 0x0000000080004010 (0x000c00e7) x1  0x0000000080004014
core   0: >>>>  any_handler
core   0: 0x00000000800060d0 (0x341027f3) csrrs   a5, mepc, zero
core   0: 3 0x00000000800060d0 (0x341027f3) x15 0x0000000080004838
core   0: 0x00000000800060d4 (0x34202773) csrrs   a4, mcause, zero
core   0: 3 0x00000000800060d4 (0x34202773) x14 0x0000000000000002
core   0: 0x00000000800060d8 (0x142026f3) csrrs   a3, scause, zero
core   0: 3 0x00000000800060d8 (0x142026f3) x13 0x0000000000000000
core   0: 0x00000000800060dc (0x30402673) csrrs   a2, mie, zero
core   0: 3 0x00000000800060dc (0x30402673) x12 0x0000000000000a00
core   0: 0x00000000800060e0 (0x344025f3) csrrs   a1, mip, zero
core   0: 3 0x00000000800060e0 (0x344025f3) x11 0x0000000000000080
core   0: 0x00000000800060e4 (0x343025f3) csrrs   a1, mtval, zero
core   0: 3 0x00000000800060e4 (0x343025f3) x11 0x0000000040107453
core   0: 0x00000000800060e8 (0x14302573) csrrs   a0, stval, zero
core   0: 3 0x00000000800060e8 (0x14302573) x10 0x0000000000000001
core   0: 0x00000000800060ec (0xb02024f3) csrrs   s1, minstret, zero
core   0: 3 0x00000000800060ec (0xb02024f3) x9  0x0000000000000aac
core   0: 0x00000000800060f0 (0x0000a811) c.j     pc + 20
core   0: 3 0x00000000800060f0 (0xa811)
core   0: >>>>  mepc_4
core   0: 0x0000000080006104 (0x00000791) c.addi  a5, 4
core   0: 3 0x0000000080006104 (0x0791) x15 0x000000008000483c
core   0: 0x0000000080006106 (0x34179073) csrrw   zero, mepc, a5
core   0: 3 0x0000000080006106 (0x34179073) c833_mepc 0x000000008000483c
core   0: 0x000000008000610a (0x30200073) mret
core   0: 3 0x000000008000610a (0x30200073) c768_mstatus 0x8000000a00106080
core   0: 0x000000008000483c (0xf2020d53) fmv.d.x fs10, tp
core   0: 1 0x000000008000483c (0xf2020d53) f26 0x0000000000000000
core   0: 0x0000000080004840 (0x02d338b3) mulhu   a7, t1, a3
core   0: 1 0x0000000080004840 (0x02d338b3) x17 0x0000000000000000
core   0: 0x0000000080004844 (0x001daeb3) slt     t4, s11, ra
core   0: 1 0x0000000080004844 (0x001daeb3) x29 0x0000000000000001
core   0: 0x0000000080004848 (0x22210553) fsgnj.d fa0, ft2, ft2
core   0: 1 0x0000000080004848 (0x22210553) f10 0xc1dffff111400000
core   0: 0x000000008000484c (0x2b809653) fmax.d  fa2, ft1, fs8
core   0: 1 0x000000008000484c (0x2b809653) f12 0x4092e80000000000
core   0: 0x0000000080004850 (0x2b930253) fmin.d  ft4, ft6, fs9
core   0: 1 0x0000000080004850 (0x2b930253) f4  0x7ff8000000000000
core   0: 0x0000000080004854 (0xf13810f3) csrrw   ra, mimpid, a6
core   0: exception trap_illegal_instruction, epc 0x0000000080004854
core   0:           tval 0x00000000f13810f3
core   0: >>>>  $xrv64i2p1_m2p0_a2p1_f2p2_d2p2_zicsr2p0_zifencei2p0_zmmul1p0_zba1p0_zbb1p0_zbc1p0_zbs1p0
core   0: 0x0000000080004000 (0x0080006f) j       pc + 0x8
core   0: 3 0x0000000080004000 (0x0080006f)
core   0: >>>>  mmode_exception_handler
core   0: 0x0000000080004008 (0x00002c17) auipc   s8, 0x2
core   0: 3 0x0000000080004008 (0x00002c17) x24 0x0000000080006008
core   0: 0x000000008000400c (0x0c8c0c13) addi    s8, s8, 200
core   0: 3 0x000000008000400c (0x0c8c0c13) x24 0x00000000800060d0
core   0: 0x0000000080004010 (0x000c00e7) jalr    s8
core   0: 3 0x0000000080004010 (0x000c00e7) x1  0x0000000080004014
core   0: >>>>  any_handler
core   0: 0x00000000800060d0 (0x341027f3) csrrs   a5, mepc, zero
core   0: 3 0x00000000800060d0 (0x341027f3) x15 0x0000000080004854
core   0: 0x00000000800060d4 (0x34202773) csrrs   a4, mcause, zero
core   0: 3 0x00000000800060d4 (0x34202773) x14 0x0000000000000002
core   0: 0x00000000800060d8 (0x142026f3) csrrs   a3, scause, zero
core   0: 3 0x00000000800060d8 (0x142026f3) x13 0x0000000000000000
core   0: 0x00000000800060dc (0x30402673) csrrs   a2, mie, zero
core   0: 3 0x00000000800060dc (0x30402673) x12 0x0000000000000a00
core   0: 0x00000000800060e0 (0x344025f3) csrrs   a1, mip, zero
core   0: 3 0x00000000800060e0 (0x344025f3) x11 0x0000000000000080
core   0: 0x00000000800060e4 (0x343025f3) csrrs   a1, mtval, zero
core   0: 3 0x00000000800060e4 (0x343025f3) x11 0x00000000f13810f3
core   0: 0x00000000800060e8 (0x14302573) csrrs   a0, stval, zero
core   0: 3 0x00000000800060e8 (0x14302573) x10 0x0000000000000001
core   0: 0x00000000800060ec (0xb02024f3) csrrs   s1, minstret, zero
core   0: 3 0x00000000800060ec (0xb02024f3) x9  0x0000000000000ac2
core   0: 0x00000000800060f0 (0x0000a811) c.j     pc + 20
core   0: 3 0x00000000800060f0 (0xa811)
core   0: >>>>  mepc_4
core   0: 0x0000000080006104 (0x00000791) c.addi  a5, 4
core   0: 3 0x0000000080006104 (0x0791) x15 0x0000000080004858
core   0: 0x0000000080006106 (0x34179073) csrrw   zero, mepc, a5
core   0: 3 0x0000000080006106 (0x34179073) c833_mepc 0x0000000080004858
core   0: 0x000000008000610a (0x30200073) mret
core   0: 3 0x000000008000610a (0x30200073) c768_mstatus 0x8000000a00106080
core   0: 0x0000000080004858 (0x1ef1cb13) xori    s6, gp, 495
core   0: 1 0x0000000080004858 (0x1ef1cb13) x22 0x00000000000001ef
core   0: 0x000000008000485c (0x018114b3) sll     s1, sp, s8
core   0: 1 0x000000008000485c (0x018114b3) x9  0x0000000004ba0000
core   0: 0x0000000080004860 (0x001a1d73) csrrw   s10, fflags, s4
core   0: 1 0x0000000080004860 (0x001a1d73) x26 0x000000000000001f c1_fflags 0x000000000000001a
core   0: 0x0000000080004864 (0xa2c50c53) fle.d   s8, fa0, fa2
core   0: 1 0x0000000080004864 (0xa2c50c53) x24 0x0000000000000001
core   0: 0x0000000080004868 (0xe3e3fc93) andi    s9, t2, -450
core   0: 1 0x0000000080004868 (0xe3e3fc93) x25 0x0000000000000000
core   0: 0x000000008000486c (0x00000001) c.nop
core   0: 1 0x000000008000486c (0x0001)
core   0: 0x000000008000486e (0xc0337d53) fcvt.lu.s s10, ft6
core   0: exception trap_illegal_instruction, epc 0x000000008000486e
core   0:           tval 0x00000000c0337d53
core   0: >>>>  $xrv64i2p1_m2p0_a2p1_f2p2_d2p2_zicsr2p0_zifencei2p0_zmmul1p0_zba1p0_zbb1p0_zbc1p0_zbs1p0
core   0: 0x0000000080004000 (0x0080006f) j       pc + 0x8
core   0: 3 0x0000000080004000 (0x0080006f)
core   0: >>>>  mmode_exception_handler
core   0: 0x0000000080004008 (0x00002c17) auipc   s8, 0x2
core   0: 3 0x0000000080004008 (0x00002c17) x24 0x0000000080006008
core   0: 0x000000008000400c (0x0c8c0c13) addi    s8, s8, 200
core   0: 3 0x000000008000400c (0x0c8c0c13) x24 0x00000000800060d0
core   0: 0x0000000080004010 (0x000c00e7) jalr    s8
core   0: 3 0x0000000080004010 (0x000c00e7) x1  0x0000000080004014
core   0: >>>>  any_handler
core   0: 0x00000000800060d0 (0x341027f3) csrrs   a5, mepc, zero
core   0: 3 0x00000000800060d0 (0x341027f3) x15 0x000000008000486e
core   0: 0x00000000800060d4 (0x34202773) csrrs   a4, mcause, zero
core   0: 3 0x00000000800060d4 (0x34202773) x14 0x0000000000000002
core   0: 0x00000000800060d8 (0x142026f3) csrrs   a3, scause, zero
core   0: 3 0x00000000800060d8 (0x142026f3) x13 0x0000000000000000
core   0: 0x00000000800060dc (0x30402673) csrrs   a2, mie, zero
core   0: 3 0x00000000800060dc (0x30402673) x12 0x0000000000000a00
core   0: 0x00000000800060e0 (0x344025f3) csrrs   a1, mip, zero
core   0: 3 0x00000000800060e0 (0x344025f3) x11 0x0000000000000080
core   0: 0x00000000800060e4 (0x343025f3) csrrs   a1, mtval, zero
core   0: 3 0x00000000800060e4 (0x343025f3) x11 0x00000000c0337d53
core   0: 0x00000000800060e8 (0x14302573) csrrs   a0, stval, zero
core   0: 3 0x00000000800060e8 (0x14302573) x10 0x0000000000000001
core   0: 0x00000000800060ec (0xb02024f3) csrrs   s1, minstret, zero
core   0: 3 0x00000000800060ec (0xb02024f3) x9  0x0000000000000ad8
core   0: 0x00000000800060f0 (0x0000a811) c.j     pc + 20
core   0: 3 0x00000000800060f0 (0xa811)
core   0: >>>>  mepc_4
core   0: 0x0000000080006104 (0x00000791) c.addi  a5, 4
core   0: 3 0x0000000080006104 (0x0791) x15 0x0000000080004872
core   0: 0x0000000080006106 (0x34179073) csrrw   zero, mepc, a5
core   0: 3 0x0000000080006106 (0x34179073) c833_mepc 0x0000000080004872
core   0: 0x000000008000610a (0x30200073) mret
core   0: 3 0x000000008000610a (0x30200073) c768_mstatus 0x8000000a00106080
core   0: 0x0000000080004872 (0x026f78c3) fmadd.d fa7, ft10, ft6, ft0
core   0: exception trap_illegal_instruction, epc 0x0000000080004872
core   0:           tval 0x00000000026f78c3
core   0: >>>>  $xrv64i2p1_m2p0_a2p1_f2p2_d2p2_zicsr2p0_zifencei2p0_zmmul1p0_zba1p0_zbb1p0_zbc1p0_zbs1p0
core   0: 0x0000000080004000 (0x0080006f) j       pc + 0x8
core   0: 3 0x0000000080004000 (0x0080006f)
core   0: >>>>  mmode_exception_handler
core   0: 0x0000000080004008 (0x00002c17) auipc   s8, 0x2
core   0: 3 0x0000000080004008 (0x00002c17) x24 0x0000000080006008
core   0: 0x000000008000400c (0x0c8c0c13) addi    s8, s8, 200
core   0: 3 0x000000008000400c (0x0c8c0c13) x24 0x00000000800060d0
core   0: 0x0000000080004010 (0x000c00e7) jalr    s8
core   0: 3 0x0000000080004010 (0x000c00e7) x1  0x0000000080004014
core   0: >>>>  any_handler
core   0: 0x00000000800060d0 (0x341027f3) csrrs   a5, mepc, zero
core   0: 3 0x00000000800060d0 (0x341027f3) x15 0x0000000080004872
core   0: 0x00000000800060d4 (0x34202773) csrrs   a4, mcause, zero
core   0: 3 0x00000000800060d4 (0x34202773) x14 0x0000000000000002
core   0: 0x00000000800060d8 (0x142026f3) csrrs   a3, scause, zero
core   0: 3 0x00000000800060d8 (0x142026f3) x13 0x0000000000000000
core   0: 0x00000000800060dc (0x30402673) csrrs   a2, mie, zero
core   0: 3 0x00000000800060dc (0x30402673) x12 0x0000000000000a00
core   0: 0x00000000800060e0 (0x344025f3) csrrs   a1, mip, zero
core   0: 3 0x00000000800060e0 (0x344025f3) x11 0x0000000000000080
core   0: 0x00000000800060e4 (0x343025f3) csrrs   a1, mtval, zero
core   0: 3 0x00000000800060e4 (0x343025f3) x11 0x00000000026f78c3
core   0: 0x00000000800060e8 (0x14302573) csrrs   a0, stval, zero
core   0: 3 0x00000000800060e8 (0x14302573) x10 0x0000000000000001
core   0: 0x00000000800060ec (0xb02024f3) csrrs   s1, minstret, zero
core   0: 3 0x00000000800060ec (0xb02024f3) x9  0x0000000000000ae8
core   0: 0x00000000800060f0 (0x0000a811) c.j     pc + 20
core   0: 3 0x00000000800060f0 (0xa811)
core   0: >>>>  mepc_4
core   0: 0x0000000080006104 (0x00000791) c.addi  a5, 4
core   0: 3 0x0000000080006104 (0x0791) x15 0x0000000080004876
core   0: 0x0000000080006106 (0x34179073) csrrw   zero, mepc, a5
core   0: 3 0x0000000080006106 (0x34179073) c833_mepc 0x0000000080004876
core   0: 0x000000008000610a (0x30200073) mret
core   0: 3 0x000000008000610a (0x30200073) c768_mstatus 0x8000000a00106080
core   0: 0x0000000080004876 (0x0068d893) srli    a7, a7, 6
core   0: 1 0x0000000080004876 (0x0068d893) x17 0x0000000000000000
core   0: 0x000000008000487a (0x3a0efec3) fmadd.d ft9, ft9, ft0, ft7
core   0: exception trap_illegal_instruction, epc 0x000000008000487a
core   0:           tval 0x000000003a0efec3
core   0: >>>>  $xrv64i2p1_m2p0_a2p1_f2p2_d2p2_zicsr2p0_zifencei2p0_zmmul1p0_zba1p0_zbb1p0_zbc1p0_zbs1p0
core   0: 0x0000000080004000 (0x0080006f) j       pc + 0x8
core   0: 3 0x0000000080004000 (0x0080006f)
core   0: >>>>  mmode_exception_handler
core   0: 0x0000000080004008 (0x00002c17) auipc   s8, 0x2
core   0: 3 0x0000000080004008 (0x00002c17) x24 0x0000000080006008
core   0: 0x000000008000400c (0x0c8c0c13) addi    s8, s8, 200
core   0: 3 0x000000008000400c (0x0c8c0c13) x24 0x00000000800060d0
core   0: 0x0000000080004010 (0x000c00e7) jalr    s8
core   0: 3 0x0000000080004010 (0x000c00e7) x1  0x0000000080004014
core   0: >>>>  any_handler
core   0: 0x00000000800060d0 (0x341027f3) csrrs   a5, mepc, zero
core   0: 3 0x00000000800060d0 (0x341027f3) x15 0x000000008000487a
core   0: 0x00000000800060d4 (0x34202773) csrrs   a4, mcause, zero
core   0: 3 0x00000000800060d4 (0x34202773) x14 0x0000000000000002
core   0: 0x00000000800060d8 (0x142026f3) csrrs   a3, scause, zero
core   0: 3 0x00000000800060d8 (0x142026f3) x13 0x0000000000000000
core   0: 0x00000000800060dc (0x30402673) csrrs   a2, mie, zero
core   0: 3 0x00000000800060dc (0x30402673) x12 0x0000000000000a00
core   0: 0x00000000800060e0 (0x344025f3) csrrs   a1, mip, zero
core   0: 3 0x00000000800060e0 (0x344025f3) x11 0x0000000000000080
core   0: 0x00000000800060e4 (0x343025f3) csrrs   a1, mtval, zero
core   0: 3 0x00000000800060e4 (0x343025f3) x11 0x000000003a0efec3
core   0: 0x00000000800060e8 (0x14302573) csrrs   a0, stval, zero
core   0: 3 0x00000000800060e8 (0x14302573) x10 0x0000000000000001
core   0: 0x00000000800060ec (0xb02024f3) csrrs   s1, minstret, zero
core   0: 3 0x00000000800060ec (0xb02024f3) x9  0x0000000000000af9
core   0: 0x00000000800060f0 (0x0000a811) c.j     pc + 20
core   0: 3 0x00000000800060f0 (0xa811)
core   0: >>>>  mepc_4
core   0: 0x0000000080006104 (0x00000791) c.addi  a5, 4
core   0: 3 0x0000000080006104 (0x0791) x15 0x000000008000487e
core   0: 0x0000000080006106 (0x34179073) csrrw   zero, mepc, a5
core   0: 3 0x0000000080006106 (0x34179073) c833_mepc 0x000000008000487e
core   0: 0x000000008000610a (0x30200073) mret
core   0: 3 0x000000008000610a (0x30200073) c768_mstatus 0x8000000a00106080
core   0: 0x000000008000487e (0x0396a2b3) mulhsu  t0, a3, s9
core   0: 1 0x000000008000487e (0x0396a2b3) x5  0x0000000000000000
core   0: 0x0000000080004882 (0x5a0673d3) fsqrt.d ft7, fa2
core   0: exception trap_illegal_instruction, epc 0x0000000080004882
core   0:           tval 0x000000005a0673d3
core   0: >>>>  $xrv64i2p1_m2p0_a2p1_f2p2_d2p2_zicsr2p0_zifencei2p0_zmmul1p0_zba1p0_zbb1p0_zbc1p0_zbs1p0
core   0: 0x0000000080004000 (0x0080006f) j       pc + 0x8
core   0: 3 0x0000000080004000 (0x0080006f)
core   0: >>>>  mmode_exception_handler
core   0: 0x0000000080004008 (0x00002c17) auipc   s8, 0x2
core   0: 3 0x0000000080004008 (0x00002c17) x24 0x0000000080006008
core   0: 0x000000008000400c (0x0c8c0c13) addi    s8, s8, 200
core   0: 3 0x000000008000400c (0x0c8c0c13) x24 0x00000000800060d0
core   0: 0x0000000080004010 (0x000c00e7) jalr    s8
core   0: 3 0x0000000080004010 (0x000c00e7) x1  0x0000000080004014
core   0: >>>>  any_handler
core   0: 0x00000000800060d0 (0x341027f3) csrrs   a5, mepc, zero
core   0: 3 0x00000000800060d0 (0x341027f3) x15 0x0000000080004882
core   0: 0x00000000800060d4 (0x34202773) csrrs   a4, mcause, zero
core   0: 3 0x00000000800060d4 (0x34202773) x14 0x0000000000000002
core   0: 0x00000000800060d8 (0x142026f3) csrrs   a3, scause, zero
core   0: 3 0x00000000800060d8 (0x142026f3) x13 0x0000000000000000
core   0: 0x00000000800060dc (0x30402673) csrrs   a2, mie, zero
core   0: 3 0x00000000800060dc (0x30402673) x12 0x0000000000000a00
core   0: 0x00000000800060e0 (0x344025f3) csrrs   a1, mip, zero
core   0: 3 0x00000000800060e0 (0x344025f3) x11 0x0000000000000080
core   0: 0x00000000800060e4 (0x343025f3) csrrs   a1, mtval, zero
core   0: 3 0x00000000800060e4 (0x343025f3) x11 0x000000005a0673d3
core   0: 0x00000000800060e8 (0x14302573) csrrs   a0, stval, zero
core   0: 3 0x00000000800060e8 (0x14302573) x10 0x0000000000000001
core   0: 0x00000000800060ec (0xb02024f3) csrrs   s1, minstret, zero
core   0: 3 0x00000000800060ec (0xb02024f3) x9  0x0000000000000b0a
core   0: 0x00000000800060f0 (0x0000a811) c.j     pc + 20
core   0: 3 0x00000000800060f0 (0xa811)
core   0: >>>>  mepc_4
core   0: 0x0000000080006104 (0x00000791) c.addi  a5, 4
core   0: 3 0x0000000080006104 (0x0791) x15 0x0000000080004886
core   0: 0x0000000080006106 (0x34179073) csrrw   zero, mepc, a5
core   0: 3 0x0000000080006106 (0x34179073) c833_mepc 0x0000000080004886
core   0: 0x000000008000610a (0x30200073) mret
core   0: 3 0x000000008000610a (0x30200073) c768_mstatus 0x8000000a00106080
core   0: 0x0000000080004886 (0xc20175d3) fcvt.w.d a1, ft2
core   0: exception trap_illegal_instruction, epc 0x0000000080004886
core   0:           tval 0x00000000c20175d3
core   0: >>>>  $xrv64i2p1_m2p0_a2p1_f2p2_d2p2_zicsr2p0_zifencei2p0_zmmul1p0_zba1p0_zbb1p0_zbc1p0_zbs1p0
core   0: 0x0000000080004000 (0x0080006f) j       pc + 0x8
core   0: 3 0x0000000080004000 (0x0080006f)
core   0: >>>>  mmode_exception_handler
core   0: 0x0000000080004008 (0x00002c17) auipc   s8, 0x2
core   0: 3 0x0000000080004008 (0x00002c17) x24 0x0000000080006008
core   0: 0x000000008000400c (0x0c8c0c13) addi    s8, s8, 200
core   0: 3 0x000000008000400c (0x0c8c0c13) x24 0x00000000800060d0
core   0: 0x0000000080004010 (0x000c00e7) jalr    s8
core   0: 3 0x0000000080004010 (0x000c00e7) x1  0x0000000080004014
core   0: >>>>  any_handler
core   0: 0x00000000800060d0 (0x341027f3) csrrs   a5, mepc, zero
core   0: 3 0x00000000800060d0 (0x341027f3) x15 0x0000000080004886
core   0: 0x00000000800060d4 (0x34202773) csrrs   a4, mcause, zero
core   0: 3 0x00000000800060d4 (0x34202773) x14 0x0000000000000002
core   0: 0x00000000800060d8 (0x142026f3) csrrs   a3, scause, zero
core   0: 3 0x00000000800060d8 (0x142026f3) x13 0x0000000000000000
core   0: 0x00000000800060dc (0x30402673) csrrs   a2, mie, zero
core   0: 3 0x00000000800060dc (0x30402673) x12 0x0000000000000a00
core   0: 0x00000000800060e0 (0x344025f3) csrrs   a1, mip, zero
core   0: 3 0x00000000800060e0 (0x344025f3) x11 0x0000000000000080
core   0: 0x00000000800060e4 (0x343025f3) csrrs   a1, mtval, zero
core   0: 3 0x00000000800060e4 (0x343025f3) x11 0x00000000c20175d3
core   0: 0x00000000800060e8 (0x14302573) csrrs   a0, stval, zero
core   0: 3 0x00000000800060e8 (0x14302573) x10 0x0000000000000001
core   0: 0x00000000800060ec (0xb02024f3) csrrs   s1, minstret, zero
core   0: 3 0x00000000800060ec (0xb02024f3) x9  0x0000000000000b1a
core   0: 0x00000000800060f0 (0x0000a811) c.j     pc + 20
core   0: 3 0x00000000800060f0 (0xa811)
core   0: >>>>  mepc_4
core   0: 0x0000000080006104 (0x00000791) c.addi  a5, 4
core   0: 3 0x0000000080006104 (0x0791) x15 0x000000008000488a
core   0: 0x0000000080006106 (0x34179073) csrrw   zero, mepc, a5
core   0: 3 0x0000000080006106 (0x34179073) c833_mepc 0x000000008000488a
core   0: 0x000000008000610a (0x30200073) mret
core   0: 3 0x000000008000610a (0x30200073) c768_mstatus 0x8000000a00106080
core   0: 0x000000008000488a (0xd20689d3) fcvt.d.w fs3, a3
core   0: 1 0x000000008000488a (0xd20689d3) f19 0x0000000000000000
core   0: 0x000000008000488e (0x00198c1b) addiw   s8, s3, 1
core   0: 1 0x000000008000488e (0x00198c1b) x24 0x0000000000000001
core   0: 0x0000000080004892 (0xc229fed3) fcvt.l.d t4, fs3
core   0: exception trap_illegal_instruction, epc 0x0000000080004892
core   0:           tval 0x00000000c229fed3
core   0: >>>>  $xrv64i2p1_m2p0_a2p1_f2p2_d2p2_zicsr2p0_zifencei2p0_zmmul1p0_zba1p0_zbb1p0_zbc1p0_zbs1p0
core   0: 0x0000000080004000 (0x0080006f) j       pc + 0x8
core   0: 3 0x0000000080004000 (0x0080006f)
core   0: >>>>  mmode_exception_handler
core   0: 0x0000000080004008 (0x00002c17) auipc   s8, 0x2
core   0: 3 0x0000000080004008 (0x00002c17) x24 0x0000000080006008
core   0: 0x000000008000400c (0x0c8c0c13) addi    s8, s8, 200
core   0: 3 0x000000008000400c (0x0c8c0c13) x24 0x00000000800060d0
core   0: 0x0000000080004010 (0x000c00e7) jalr    s8
core   0: 3 0x0000000080004010 (0x000c00e7) x1  0x0000000080004014
core   0: >>>>  any_handler
core   0: 0x00000000800060d0 (0x341027f3) csrrs   a5, mepc, zero
core   0: 3 0x00000000800060d0 (0x341027f3) x15 0x0000000080004892
core   0: 0x00000000800060d4 (0x34202773) csrrs   a4, mcause, zero
core   0: 3 0x00000000800060d4 (0x34202773) x14 0x0000000000000002
core   0: 0x00000000800060d8 (0x142026f3) csrrs   a3, scause, zero
core   0: 3 0x00000000800060d8 (0x142026f3) x13 0x0000000000000000
core   0: 0x00000000800060dc (0x30402673) csrrs   a2, mie, zero
core   0: 3 0x00000000800060dc (0x30402673) x12 0x0000000000000a00
core   0: 0x00000000800060e0 (0x344025f3) csrrs   a1, mip, zero
core   0: 3 0x00000000800060e0 (0x344025f3) x11 0x0000000000000080
core   0: 0x00000000800060e4 (0x343025f3) csrrs   a1, mtval, zero
core   0: 3 0x00000000800060e4 (0x343025f3) x11 0x00000000c229fed3
core   0: 0x00000000800060e8 (0x14302573) csrrs   a0, stval, zero
core   0: 3 0x00000000800060e8 (0x14302573) x10 0x0000000000000001
core   0: 0x00000000800060ec (0xb02024f3) csrrs   s1, minstret, zero
core   0: 3 0x00000000800060ec (0xb02024f3) x9  0x0000000000000b2c
core   0: 0x00000000800060f0 (0x0000a811) c.j     pc + 20
core   0: 3 0x00000000800060f0 (0xa811)
core   0: >>>>  mepc_4
core   0: 0x0000000080006104 (0x00000791) c.addi  a5, 4
core   0: 3 0x0000000080006104 (0x0791) x15 0x0000000080004896
core   0: 0x0000000080006106 (0x34179073) csrrw   zero, mepc, a5
core   0: 3 0x0000000080006106 (0x34179073) c833_mepc 0x0000000080004896
core   0: 0x000000008000610a (0x30200073) mret
core   0: 3 0x000000008000610a (0x30200073) c768_mstatus 0x8000000a00106080
core   0: 0x0000000080004896 (0x000bfb93) andi    s7, s7, 0
core   0: 1 0x0000000080004896 (0x000bfb93) x23 0x0000000000000000
core   0: 0x000000008000489a (0x001bdd13) srli    s10, s7, 1
core   0: 1 0x000000008000489a (0x001bdd13) x26 0x0000000000000000
core   0: 0x000000008000489e (0x0ff0000f) fence   iorw,iorw
core   0: 1 0x000000008000489e (0x0ff0000f)
core   0: 0x00000000800048a2 (0x02eb9bb3) mulh    s7, s7, a4
core   0: 1 0x00000000800048a2 (0x02eb9bb3) x23 0x0000000000000000
core   0: 0x00000000800048a6 (0x0376e5bb) remw    a1, a3, s7
core   0: 1 0x00000000800048a6 (0x0376e5bb) x11 0x0000000000000000
core   0: 0x00000000800048aa (0x4085d23b) sraw    tp, a1, s0
core   0: 1 0x00000000800048aa (0x4085d23b) x4  0x0000000000000000
core   0: 0x00000000800048ae (0x23371ad3) fsgnjn.d fs5, fa4, fs3
core   0: 1 0x00000000800048ae (0x23371ad3) f21 0xfff8000000000000
core   0: 0x00000000800048b2 (0x02970db3) mul     s11, a4, s1
core   0: 1 0x00000000800048b2 (0x02970db3) x27 0x0000000000001658
core   0: 0x00000000800048b6 (0xaa390113) addi    sp, s2, -1373
core   0: 1 0x00000000800048b6 (0xaa390113) x2  0xfffffffffffffab4
core   0: 0x00000000800048ba (0x0208f837) lui     a6, 0x208f
core   0: 1 0x00000000800048ba (0x0208f837) x16 0x000000000208f000
core   0: 0x00000000800048be (0x0c78081b) addiw   a6, a6, 199
core   0: 1 0x00000000800048be (0x0c78081b) x16 0x000000000208f0c7
core   0: 0x00000000800048c2 (0x00000832) c.slli  a6, 12
core   0: 1 0x00000000800048c2 (0x0832) x16 0x000000208f0c7000
core   0: 0x00000000800048c4 (0x77880813) addi    a6, a6, 1912
core   0: 1 0x00000000800048c4 (0x77880813) x16 0x000000208f0c7778
core   0: 0x00000000800048c8 (0x0ff0000f) fence   iorw,iorw
core   0: 1 0x00000000800048c8 (0x0ff0000f)
core   0: 0x00000000800048cc (0x022cfb3b) remuw   s6, s9, sp
core   0: 1 0x00000000800048cc (0x022cfb3b) x22 0x0000000000000000
core   0: 0x00000000800048d0 (0x4019f9d3) fcvt.s.d fs3, fs3
core   0: exception trap_illegal_instruction, epc 0x00000000800048d0
core   0:           tval 0x000000004019f9d3
core   0: >>>>  $xrv64i2p1_m2p0_a2p1_f2p2_d2p2_zicsr2p0_zifencei2p0_zmmul1p0_zba1p0_zbb1p0_zbc1p0_zbs1p0
core   0: 0x0000000080004000 (0x0080006f) j       pc + 0x8
core   0: 3 0x0000000080004000 (0x0080006f)
core   0: >>>>  mmode_exception_handler
core   0: 0x0000000080004008 (0x00002c17) auipc   s8, 0x2
core   0: 3 0x0000000080004008 (0x00002c17) x24 0x0000000080006008
core   0: 0x000000008000400c (0x0c8c0c13) addi    s8, s8, 200
core   0: 3 0x000000008000400c (0x0c8c0c13) x24 0x00000000800060d0
core   0: 0x0000000080004010 (0x000c00e7) jalr    s8
core   0: 3 0x0000000080004010 (0x000c00e7) x1  0x0000000080004014
core   0: >>>>  any_handler
core   0: 0x00000000800060d0 (0x341027f3) csrrs   a5, mepc, zero
core   0: 3 0x00000000800060d0 (0x341027f3) x15 0x00000000800048d0
core   0: 0x00000000800060d4 (0x34202773) csrrs   a4, mcause, zero
core   0: 3 0x00000000800060d4 (0x34202773) x14 0x0000000000000002
core   0: 0x00000000800060d8 (0x142026f3) csrrs   a3, scause, zero
core   0: 3 0x00000000800060d8 (0x142026f3) x13 0x0000000000000000
core   0: 0x00000000800060dc (0x30402673) csrrs   a2, mie, zero
core   0: 3 0x00000000800060dc (0x30402673) x12 0x0000000000000a00
core   0: 0x00000000800060e0 (0x344025f3) csrrs   a1, mip, zero
core   0: 3 0x00000000800060e0 (0x344025f3) x11 0x0000000000000080
core   0: 0x00000000800060e4 (0x343025f3) csrrs   a1, mtval, zero
core   0: 3 0x00000000800060e4 (0x343025f3) x11 0x000000004019f9d3
core   0: 0x00000000800060e8 (0x14302573) csrrs   a0, stval, zero
core   0: 3 0x00000000800060e8 (0x14302573) x10 0x0000000000000001
core   0: 0x00000000800060ec (0xb02024f3) csrrs   s1, minstret, zero
core   0: 3 0x00000000800060ec (0xb02024f3) x9  0x0000000000000b4b
core   0: 0x00000000800060f0 (0x0000a811) c.j     pc + 20
core   0: 3 0x00000000800060f0 (0xa811)
core   0: >>>>  mepc_4
core   0: 0x0000000080006104 (0x00000791) c.addi  a5, 4
core   0: 3 0x0000000080006104 (0x0791) x15 0x00000000800048d4
core   0: 0x0000000080006106 (0x34179073) csrrw   zero, mepc, a5
core   0: 3 0x0000000080006106 (0x34179073) c833_mepc 0x00000000800048d4
core   0: 0x000000008000610a (0x30200073) mret
core   0: 3 0x000000008000610a (0x30200073) c768_mstatus 0x8000000a00106080
core   0: 0x00000000800048d4 (0xbd44089b) addiw   a7, s0, -1068
core   0: 1 0x00000000800048d4 (0xbd44089b) x17 0xfffffffffffffbd3
core   0: 0x00000000800048d8 (0x0ff0000f) fence   iorw,iorw
core   0: 1 0x00000000800048d8 (0x0ff0000f)
core   0: 0x00000000800048dc (0x414d8db3) sub     s11, s11, s4
core   0: 1 0x00000000800048dc (0x414d8db3) x27 0xfffffffff4991b9e
core   0: 0x00000000800048e0 (0x01b07a33) and     s4, zero, s11
core   0: 1 0x00000000800048e0 (0x01b07a33) x20 0x0000000000000000
core   0: 0x00000000800048e4 (0x529f7b43) fmadd.d fs6, ft10, fs1, fa0
core   0: exception trap_illegal_instruction, epc 0x00000000800048e4
core   0:           tval 0x00000000529f7b43
core   0: >>>>  $xrv64i2p1_m2p0_a2p1_f2p2_d2p2_zicsr2p0_zifencei2p0_zmmul1p0_zba1p0_zbb1p0_zbc1p0_zbs1p0
core   0: 0x0000000080004000 (0x0080006f) j       pc + 0x8
core   0: 3 0x0000000080004000 (0x0080006f)
core   0: >>>>  mmode_exception_handler
core   0: 0x0000000080004008 (0x00002c17) auipc   s8, 0x2
core   0: 3 0x0000000080004008 (0x00002c17) x24 0x0000000080006008
core   0: 0x000000008000400c (0x0c8c0c13) addi    s8, s8, 200
core   0: 3 0x000000008000400c (0x0c8c0c13) x24 0x00000000800060d0
core   0: 0x0000000080004010 (0x000c00e7) jalr    s8
core   0: 3 0x0000000080004010 (0x000c00e7) x1  0x0000000080004014
core   0: >>>>  any_handler
core   0: 0x00000000800060d0 (0x341027f3) csrrs   a5, mepc, zero
core   0: 3 0x00000000800060d0 (0x341027f3) x15 0x00000000800048e4
core   0: 0x00000000800060d4 (0x34202773) csrrs   a4, mcause, zero
core   0: 3 0x00000000800060d4 (0x34202773) x14 0x0000000000000002
core   0: 0x00000000800060d8 (0x142026f3) csrrs   a3, scause, zero
core   0: 3 0x00000000800060d8 (0x142026f3) x13 0x0000000000000000
core   0: 0x00000000800060dc (0x30402673) csrrs   a2, mie, zero
core   0: 3 0x00000000800060dc (0x30402673) x12 0x0000000000000a00
core   0: 0x00000000800060e0 (0x344025f3) csrrs   a1, mip, zero
core   0: 3 0x00000000800060e0 (0x344025f3) x11 0x0000000000000080
core   0: 0x00000000800060e4 (0x343025f3) csrrs   a1, mtval, zero
core   0: 3 0x00000000800060e4 (0x343025f3) x11 0x00000000529f7b43
core   0: 0x00000000800060e8 (0x14302573) csrrs   a0, stval, zero
core   0: 3 0x00000000800060e8 (0x14302573) x10 0x0000000000000001
core   0: 0x00000000800060ec (0xb02024f3) csrrs   s1, minstret, zero
core   0: 3 0x00000000800060ec (0xb02024f3) x9  0x0000000000000b5f
core   0: 0x00000000800060f0 (0x0000a811) c.j     pc + 20
core   0: 3 0x00000000800060f0 (0xa811)
core   0: >>>>  mepc_4
core   0: 0x0000000080006104 (0x00000791) c.addi  a5, 4
core   0: 3 0x0000000080006104 (0x0791) x15 0x00000000800048e8
core   0: 0x0000000080006106 (0x34179073) csrrw   zero, mepc, a5
core   0: 3 0x0000000080006106 (0x34179073) c833_mepc 0x00000000800048e8
core   0: 0x000000008000610a (0x30200073) mret
core   0: 3 0x000000008000610a (0x30200073) c768_mstatus 0x8000000a00106080
core   0: 0x00000000800048e8 (0xa3e506d3) fle.d   a3, fa0, ft10
core   0: 1 0x00000000800048e8 (0xa3e506d3) c1_fflags 0x000000000000001a x13 0x0000000000000000
core   0: 0x00000000800048ec (0x0160013b) addw    sp, zero, s6
core   0: 1 0x00000000800048ec (0x0160013b) x2  0x0000000000000000
core   0: 0x00000000800048f0 (0x930972c3) fmadd.d ft5, fs2, fa6, fs2
core   0: exception trap_illegal_instruction, epc 0x00000000800048f0
core   0:           tval 0x00000000930972c3
core   0: >>>>  $xrv64i2p1_m2p0_a2p1_f2p2_d2p2_zicsr2p0_zifencei2p0_zmmul1p0_zba1p0_zbb1p0_zbc1p0_zbs1p0
core   0: 0x0000000080004000 (0x0080006f) j       pc + 0x8
core   0: 3 0x0000000080004000 (0x0080006f)
core   0: >>>>  mmode_exception_handler
core   0: 0x0000000080004008 (0x00002c17) auipc   s8, 0x2
core   0: 3 0x0000000080004008 (0x00002c17) x24 0x0000000080006008
core   0: 0x000000008000400c (0x0c8c0c13) addi    s8, s8, 200
core   0: 3 0x000000008000400c (0x0c8c0c13) x24 0x00000000800060d0
core   0: 0x0000000080004010 (0x000c00e7) jalr    s8
core   0: 3 0x0000000080004010 (0x000c00e7) x1  0x0000000080004014
core   0: >>>>  any_handler
core   0: 0x00000000800060d0 (0x341027f3) csrrs   a5, mepc, zero
core   0: 3 0x00000000800060d0 (0x341027f3) x15 0x00000000800048f0
core   0: 0x00000000800060d4 (0x34202773) csrrs   a4, mcause, zero
core   0: 3 0x00000000800060d4 (0x34202773) x14 0x0000000000000002
core   0: 0x00000000800060d8 (0x142026f3) csrrs   a3, scause, zero
core   0: 3 0x00000000800060d8 (0x142026f3) x13 0x0000000000000000
core   0: 0x00000000800060dc (0x30402673) csrrs   a2, mie, zero
core   0: 3 0x00000000800060dc (0x30402673) x12 0x0000000000000a00
core   0: 0x00000000800060e0 (0x344025f3) csrrs   a1, mip, zero
core   0: 3 0x00000000800060e0 (0x344025f3) x11 0x0000000000000080
core   0: 0x00000000800060e4 (0x343025f3) csrrs   a1, mtval, zero
core   0: 3 0x00000000800060e4 (0x343025f3) x11 0x00000000930972c3
core   0: 0x00000000800060e8 (0x14302573) csrrs   a0, stval, zero
core   0: 3 0x00000000800060e8 (0x14302573) x10 0x0000000000000001
core   0: 0x00000000800060ec (0xb02024f3) csrrs   s1, minstret, zero
core   0: 3 0x00000000800060ec (0xb02024f3) x9  0x0000000000000b71
core   0: 0x00000000800060f0 (0x0000a811) c.j     pc + 20
core   0: 3 0x00000000800060f0 (0xa811)
core   0: >>>>  mepc_4
core   0: 0x0000000080006104 (0x00000791) c.addi  a5, 4
core   0: 3 0x0000000080006104 (0x0791) x15 0x00000000800048f4
core   0: 0x0000000080006106 (0x34179073) csrrw   zero, mepc, a5
core   0: 3 0x0000000080006106 (0x34179073) c833_mepc 0x00000000800048f4
core   0: 0x000000008000610a (0x30200073) mret
core   0: 3 0x000000008000610a (0x30200073) c768_mstatus 0x8000000a00106080
core   0: 0x00000000800048f4 (0x1421b3f3) csrrc   t2, scause, gp
core   0: 1 0x00000000800048f4 (0x1421b3f3) x7  0x0000000000000000 c322_scause 0x0000000000000000
core   0: 0x00000000800048f8 (0x0079de3b) srlw    t3, s3, t2
core   0: 1 0x00000000800048f8 (0x0079de3b) x28 0x0000000000000000
core   0: 0x00000000800048fc (0x2aa086d3) fmin.d  fa3, ft1, fa0
core   0: 1 0x00000000800048fc (0x2aa086d3) f13 0xc1dffff111400000
core   0: 0x0000000080004900 (0x00a98cbb) addw    s9, s3, a0
core   0: 1 0x0000000080004900 (0x00a98cbb) x25 0x0000000000000001
core   0: 0x0000000080004904 (0x414282bb) subw    t0, t0, s4
core   0: 1 0x0000000080004904 (0x414282bb) x5  0x0000000000000000
core   0: 0x0000000080004908 (0xd0257853) fcvt.s.l fa6, a0
core   0: exception trap_illegal_instruction, epc 0x0000000080004908
core   0:           tval 0x00000000d0257853
core   0: >>>>  $xrv64i2p1_m2p0_a2p1_f2p2_d2p2_zicsr2p0_zifencei2p0_zmmul1p0_zba1p0_zbb1p0_zbc1p0_zbs1p0
core   0: 0x0000000080004000 (0x0080006f) j       pc + 0x8
core   0: 3 0x0000000080004000 (0x0080006f)
core   0: >>>>  mmode_exception_handler
core   0: 0x0000000080004008 (0x00002c17) auipc   s8, 0x2
core   0: 3 0x0000000080004008 (0x00002c17) x24 0x0000000080006008
core   0: 0x000000008000400c (0x0c8c0c13) addi    s8, s8, 200
core   0: 3 0x000000008000400c (0x0c8c0c13) x24 0x00000000800060d0
core   0: 0x0000000080004010 (0x000c00e7) jalr    s8
core   0: 3 0x0000000080004010 (0x000c00e7) x1  0x0000000080004014
core   0: >>>>  any_handler
core   0: 0x00000000800060d0 (0x341027f3) csrrs   a5, mepc, zero
core   0: 3 0x00000000800060d0 (0x341027f3) x15 0x0000000080004908
core   0: 0x00000000800060d4 (0x34202773) csrrs   a4, mcause, zero
core   0: 3 0x00000000800060d4 (0x34202773) x14 0x0000000000000002
core   0: 0x00000000800060d8 (0x142026f3) csrrs   a3, scause, zero
core   0: 3 0x00000000800060d8 (0x142026f3) x13 0x0000000000000000
core   0: 0x00000000800060dc (0x30402673) csrrs   a2, mie, zero
core   0: 3 0x00000000800060dc (0x30402673) x12 0x0000000000000a00
core   0: 0x00000000800060e0 (0x344025f3) csrrs   a1, mip, zero
core   0: 3 0x00000000800060e0 (0x344025f3) x11 0x0000000000000080
core   0: 0x00000000800060e4 (0x343025f3) csrrs   a1, mtval, zero
core   0: 3 0x00000000800060e4 (0x343025f3) x11 0x00000000d0257853
core   0: 0x00000000800060e8 (0x14302573) csrrs   a0, stval, zero
core   0: 3 0x00000000800060e8 (0x14302573) x10 0x0000000000000001
core   0: 0x00000000800060ec (0xb02024f3) csrrs   s1, minstret, zero
core   0: 3 0x00000000800060ec (0xb02024f3) x9  0x0000000000000b86
core   0: 0x00000000800060f0 (0x0000a811) c.j     pc + 20
core   0: 3 0x00000000800060f0 (0xa811)
core   0: >>>>  mepc_4
core   0: 0x0000000080006104 (0x00000791) c.addi  a5, 4
core   0: 3 0x0000000080006104 (0x0791) x15 0x000000008000490c
core   0: 0x0000000080006106 (0x34179073) csrrw   zero, mepc, a5
core   0: 3 0x0000000080006106 (0x34179073) c833_mepc 0x000000008000490c
core   0: 0x000000008000610a (0x30200073) mret
core   0: 3 0x000000008000610a (0x30200073) c768_mstatus 0x8000000a00106080
core   0: 0x000000008000490c (0x104a3273) csrrc   tp, sie, s4
core   0: 1 0x000000008000490c (0x104a3273) x4  0x0000000000000000 c772_mie 0x0000000000000a00
core   0: 0x0000000080004910 (0x019b6cb3) or      s9, s6, s9
core   0: 1 0x0000000080004910 (0x019b6cb3) x25 0x0000000000000001
core   0: 0x0000000080004914 (0xd03c7d53) fcvt.s.lu fs10, s8
core   0: exception trap_illegal_instruction, epc 0x0000000080004914
core   0:           tval 0x00000000d03c7d53
core   0: >>>>  $xrv64i2p1_m2p0_a2p1_f2p2_d2p2_zicsr2p0_zifencei2p0_zmmul1p0_zba1p0_zbb1p0_zbc1p0_zbs1p0
core   0: 0x0000000080004000 (0x0080006f) j       pc + 0x8
core   0: 3 0x0000000080004000 (0x0080006f)
core   0: >>>>  mmode_exception_handler
core   0: 0x0000000080004008 (0x00002c17) auipc   s8, 0x2
core   0: 3 0x0000000080004008 (0x00002c17) x24 0x0000000080006008
core   0: 0x000000008000400c (0x0c8c0c13) addi    s8, s8, 200
core   0: 3 0x000000008000400c (0x0c8c0c13) x24 0x00000000800060d0
core   0: 0x0000000080004010 (0x000c00e7) jalr    s8
core   0: 3 0x0000000080004010 (0x000c00e7) x1  0x0000000080004014
core   0: >>>>  any_handler
core   0: 0x00000000800060d0 (0x341027f3) csrrs   a5, mepc, zero
core   0: 3 0x00000000800060d0 (0x341027f3) x15 0x0000000080004914
core   0: 0x00000000800060d4 (0x34202773) csrrs   a4, mcause, zero
core   0: 3 0x00000000800060d4 (0x34202773) x14 0x0000000000000002
core   0: 0x00000000800060d8 (0x142026f3) csrrs   a3, scause, zero
core   0: 3 0x00000000800060d8 (0x142026f3) x13 0x0000000000000000
core   0: 0x00000000800060dc (0x30402673) csrrs   a2, mie, zero
core   0: 3 0x00000000800060dc (0x30402673) x12 0x0000000000000a00
core   0: 0x00000000800060e0 (0x344025f3) csrrs   a1, mip, zero
core   0: 3 0x00000000800060e0 (0x344025f3) x11 0x0000000000000080
core   0: 0x00000000800060e4 (0x343025f3) csrrs   a1, mtval, zero
core   0: 3 0x00000000800060e4 (0x343025f3) x11 0x00000000d03c7d53
core   0: 0x00000000800060e8 (0x14302573) csrrs   a0, stval, zero
core   0: 3 0x00000000800060e8 (0x14302573) x10 0x0000000000000001
core   0: 0x00000000800060ec (0xb02024f3) csrrs   s1, minstret, zero
core   0: 3 0x00000000800060ec (0xb02024f3) x9  0x0000000000000b98
core   0: 0x00000000800060f0 (0x0000a811) c.j     pc + 20
core   0: 3 0x00000000800060f0 (0xa811)
core   0: >>>>  mepc_4
core   0: 0x0000000080006104 (0x00000791) c.addi  a5, 4
core   0: 3 0x0000000080006104 (0x0791) x15 0x0000000080004918
core   0: 0x0000000080006106 (0x34179073) csrrw   zero, mepc, a5
core   0: 3 0x0000000080006106 (0x34179073) c833_mepc 0x0000000080004918
core   0: 0x000000008000610a (0x30200073) mret
core   0: 3 0x000000008000610a (0x30200073) c768_mstatus 0x8000000a00106080
core   0: 0x0000000080004918 (0x00000001) c.nop
core   0: 1 0x0000000080004918 (0x0001)
core   0: 0x000000008000491a (0x00071e93) slli    t4, a4, 0
core   0: 1 0x000000008000491a (0x00071e93) x29 0x0000000000000002
core   0: 0x000000008000491e (0x43b0d093) srai    ra, ra, 59
core   0: 1 0x000000008000491e (0x43b0d093) x1  0x0000000000000000
core   0: 0x0000000080004922 (0x002195f3) csrrw   a1, frm, gp
core   0: 1 0x0000000080004922 (0x002195f3) x11 0x0000000000000007 c2_frm 0x0000000000000000
core   0: 0x0000000080004926 (0x222d2153) fsgnjx.d ft2, fs10, ft2
core   0: 1 0x0000000080004926 (0x222d2153) f2  0x8000000000000000
core   0: 0x000000008000492a (0x40110bbb) subw    s7, sp, ra
core   0: 1 0x000000008000492a (0x40110bbb) x23 0x0000000000000000
core   0: 0x000000008000492e (0x72bf6537) lui     a0, 0x72bf6
core   0: 1 0x000000008000492e (0x72bf6537) x10 0x0000000072bf6000
core   0: 0x0000000080004932 (0xc20bf3d3) fcvt.w.d t2, fs7
core   0: 1 0x0000000080004932 (0xc20bf3d3) c1_fflags 0x000000000000001a x7  0x000000007fffffff
core   0: 0x0000000080004936 (0x41c45d9b) sraiw   s11, s0, 28
core   0: 1 0x0000000080004936 (0x41c45d9b) x27 0xffffffffffffffff
core   0: 0x000000008000493a (0x00000001) c.nop
core   0: 1 0x000000008000493a (0x0001)
core   0: 0x000000008000493c (0x03f95a13) srli    s4, s2, 63
core   0: 1 0x000000008000493c (0x03f95a13) x20 0x0000000000000000
core   0: 0x0000000080004940 (0xd0297553) fcvt.s.l fa0, s2
core   0: 1 0x0000000080004940 (0xd0297553) f10 0xffffffff41880000
core   0: 0x0000000080004944 (0xbb467c47) fmsub.d fs8, fa2, fs4, fs7
core   0: 1 0x0000000080004944 (0xbb467c47) f24 0x7ff8000000000000
core   0: 0x0000000080004948 (0x0147573b) srlw    a4, a4, s4
core   0: 1 0x0000000080004948 (0x0147573b) x14 0x0000000000000002
core   0: 0x000000008000494c (0xd2277953) fcvt.d.l fs2, a4
core   0: 1 0x000000008000494c (0xd2277953) f18 0x4000000000000000
core   0: 0x0000000080004950 (0xc21bf7d3) fcvt.wu.d a5, fs7
core   0: 1 0x0000000080004950 (0xc21bf7d3) c1_fflags 0x000000000000001a x15 0xffffffffffffffff
core   0: 0x0000000080004954 (0xba88e893) ori     a7, a7, -1112
core   0: 1 0x0000000080004954 (0xba88e893) x17 0xfffffffffffffbfb
core   0: 0x0000000080004958 (0x0152563b) srlw    a2, tp, s5
core   0: 1 0x0000000080004958 (0x0152563b) x12 0x0000000000000000
core   0: 0x000000008000495c (0xd2120b53) fcvt.d.wu fs6, tp
core   0: 1 0x000000008000495c (0xd2120b53) f22 0x0000000000000000
core   0: 0x0000000080004960 (0x018a0ebb) addw    t4, s4, s8
core   0: 1 0x0000000080004960 (0x018a0ebb) x29 0xffffffff800060d0
core   0: 0x0000000080004964 (0x22dc8dd3) fsgnj.d fs11, fs9, fa3
core   0: 1 0x0000000080004964 (0x22dc8dd3) f27 0xfff8000000000000
core   0: 0x0000000080004968 (0x02e1e73b) remw    a4, gp, a4
core   0: 1 0x0000000080004968 (0x02e1e73b) x14 0x0000000000000000
core   0: 0x000000008000496c (0x00f1c233) xor     tp, gp, a5
core   0: 1 0x000000008000496c (0x00f1c233) x4  0xffffffffffffffff
core   0: 0x0000000080004970 (0x01087d33) and     s10, a6, a6
core   0: 1 0x0000000080004970 (0x01087d33) x26 0x000000208f0c7778
core   0: 0x0000000080004974 (0x0155053b) addw    a0, a0, s5
core   0: 1 0x0000000080004974 (0x0155053b) x10 0xfffffffff2bfa014
core   0: 0x0000000080004978 (0x22d50553) fsgnj.d fa0, fa0, fa3
core   0: 1 0x0000000080004978 (0x22d50553) f10 0xffffffff41880000
core   0: 0x000000008000497c (0x00102473) csrrs   s0, fflags, zero
core   0: 1 0x000000008000497c (0x00102473) x8  0x000000000000001a
core   0: 0x0000000080004980 (0x002895f3) csrrw   a1, frm, a7
core   0: 1 0x0000000080004980 (0x002895f3) x11 0x0000000000000000 c2_frm 0x0000000000000003
core   0: 0x0000000080004984 (0x00000001) c.nop
core   0: 1 0x0000000080004984 (0x0001)
core   0: 0x0000000080004986 (0xd03b78d3) fcvt.s.lu fa7, s6
core   0: 1 0x0000000080004986 (0xd03b78d3) f17 0xffffffff00000000
core   0: 0x000000008000498a (0x401df553) fcvt.s.d fa0, fs11
core   0: 1 0x000000008000498a (0x401df553) f10 0xffffffff7fc00000
core   0: 0x000000008000498e (0x000016fe) c.slli  a3, 63
core   0: 1 0x000000008000498e (0x16fe) x13 0x0000000000000000
core   0: 0x0000000080004990 (0x01638e33) add     t3, t2, s6
core   0: 1 0x0000000080004990 (0x01638e33) x28 0x000000007fffffff
core   0: 0x0000000080004994 (0x419adcb3) sra     s9, s5, s9
core   0: 1 0x0000000080004994 (0x419adcb3) x25 0xffffffffc000200a
core   0: 0x0000000080004998 (0x0245f1b3) remu    gp, a1, tp
core   0: 1 0x0000000080004998 (0x0245f1b3) x3  0x0000000000000000
core   0: 0x000000008000499c (0x0ff0000f) fence   iorw,iorw
core   0: 1 0x000000008000499c (0x0ff0000f)
core   0: 0x00000000800049a0 (0xd20482d3) fcvt.d.w ft5, s1
core   0: 1 0x00000000800049a0 (0xd20482d3) f5  0x40a7300000000000
core   0: 0x00000000800049a4 (0x4344d313) srai    t1, s1, 52
core   0: 1 0x00000000800049a4 (0x4344d313) x6  0x0000000000000000
core   0: 0x00000000800049a8 (0x03bdc0b3) div     ra, s11, s11
core   0: 1 0x00000000800049a8 (0x03bdc0b3) x1  0x0000000000000001
core   0: 0x00000000800049ac (0x00001793) slli    a5, zero, 0
core   0: 1 0x00000000800049ac (0x00001793) x15 0x0000000000000000
core   0: 0x00000000800049b0 (0xcaa574cf) fnmadd.d fs1, fa0, fa0, fs9
core   0: 1 0x00000000800049b0 (0xcaa574cf) f9  0x7ff8000000000000
core   0: 0x00000000800049b4 (0x03d88bb3) mul     s7, a7, t4
core   0: 1 0x00000000800049b4 (0x03d88bb3) x23 0x000002027e7adbf0
core   0: 0x00000000800049b8 (0xc224f153) fcvt.l.d sp, fs1
core   0: 1 0x00000000800049b8 (0xc224f153) c1_fflags 0x000000000000001a x2  0x7fffffffffffffff
core   0: 0x00000000800049bc (0x01bb133b) sllw    t1, s6, s11
core   0: 1 0x00000000800049bc (0x01bb133b) x6  0x0000000000000000
core   0: 0x00000000800049c0 (0x6d2d19b7) lui     s3, 0x6d2d1
core   0: 1 0x00000000800049c0 (0x6d2d19b7) x19 0x000000006d2d1000
core   0: 0x00000000800049c4 (0x000a1b13) slli    s6, s4, 0
core   0: 1 0x00000000800049c4 (0x000a1b13) x22 0x0000000000000000
core   0: 0x00000000800049c8 (0x036bed3b) remw    s10, s7, s6
core   0: 1 0x00000000800049c8 (0x036bed3b) x26 0x000000007e7adbf0
core   0: 0x00000000800049cc (0x23e6aed3) fsgnjx.d ft9, fa3, ft10
core   0: 1 0x00000000800049cc (0x23e6aed3) f29 0xc1dffff111400000
core   0: 0x00000000800049d0 (0x43fcd913) srai    s2, s9, 63
core   0: 1 0x00000000800049d0 (0x43fcd913) x18 0xffffffffffffffff
core   0: 0x00000000800049d4 (0x41878e3b) subw    t3, a5, s8
core   0: 1 0x00000000800049d4 (0x41878e3b) x28 0x000000007fff9f30
core   0: 0x00000000800049d8 (0xe20c12d3) fclass.d t0, fs8
core   0: 1 0x00000000800049d8 (0xe20c12d3) x5  0x0000000000000200
core   0: 0x00000000800049dc (0x00b7fdb3) and     s11, a5, a1
core   0: 1 0x00000000800049dc (0x00b7fdb3) x27 0x0000000000000000
core   0: 0x00000000800049e0 (0x03ba8c33) mul     s8, s5, s11
core   0: 1 0x00000000800049e0 (0x03ba8c33) x24 0x0000000000000000
core   0: 0x00000000800049e4 (0x007e1313) slli    t1, t3, 7
core   0: 1 0x00000000800049e4 (0x007e1313) x6  0x0000003fffcf9800
core   0: 0x00000000800049e8 (0xf13cddf3) csrrwi  s11, mimpid, 25
core   0: exception trap_illegal_instruction, epc 0x00000000800049e8
core   0:           tval 0x00000000f13cddf3
core   0: >>>>  $xrv64i2p1_m2p0_a2p1_f2p2_d2p2_zicsr2p0_zifencei2p0_zmmul1p0_zba1p0_zbb1p0_zbc1p0_zbs1p0
core   0: 0x0000000080004000 (0x0080006f) j       pc + 0x8
core   0: 3 0x0000000080004000 (0x0080006f)
core   0: >>>>  mmode_exception_handler
core   0: 0x0000000080004008 (0x00002c17) auipc   s8, 0x2
core   0: 3 0x0000000080004008 (0x00002c17) x24 0x0000000080006008
core   0: 0x000000008000400c (0x0c8c0c13) addi    s8, s8, 200
core   0: 3 0x000000008000400c (0x0c8c0c13) x24 0x00000000800060d0
core   0: 0x0000000080004010 (0x000c00e7) jalr    s8
core   0: 3 0x0000000080004010 (0x000c00e7) x1  0x0000000080004014
core   0: >>>>  any_handler
core   0: 0x00000000800060d0 (0x341027f3) csrrs   a5, mepc, zero
core   0: 3 0x00000000800060d0 (0x341027f3) x15 0x00000000800049e8
core   0: 0x00000000800060d4 (0x34202773) csrrs   a4, mcause, zero
core   0: 3 0x00000000800060d4 (0x34202773) x14 0x0000000000000002
core   0: 0x00000000800060d8 (0x142026f3) csrrs   a3, scause, zero
core   0: 3 0x00000000800060d8 (0x142026f3) x13 0x0000000000000000
core   0: 0x00000000800060dc (0x30402673) csrrs   a2, mie, zero
core   0: 3 0x00000000800060dc (0x30402673) x12 0x0000000000000a00
core   0: 0x00000000800060e0 (0x344025f3) csrrs   a1, mip, zero
core   0: 3 0x00000000800060e0 (0x344025f3) x11 0x0000000000000080
core   0: 0x00000000800060e4 (0x343025f3) csrrs   a1, mtval, zero
core   0: 3 0x00000000800060e4 (0x343025f3) x11 0x00000000f13cddf3
core   0: 0x00000000800060e8 (0x14302573) csrrs   a0, stval, zero
core   0: 3 0x00000000800060e8 (0x14302573) x10 0x0000000000000001
core   0: 0x00000000800060ec (0xb02024f3) csrrs   s1, minstret, zero
core   0: 3 0x00000000800060ec (0xb02024f3) x9  0x0000000000000bde
core   0: 0x00000000800060f0 (0x0000a811) c.j     pc + 20
core   0: 3 0x00000000800060f0 (0xa811)
core   0: >>>>  mepc_4
core   0: 0x0000000080006104 (0x00000791) c.addi  a5, 4
core   0: 3 0x0000000080006104 (0x0791) x15 0x00000000800049ec
core   0: 0x0000000080006106 (0x34179073) csrrw   zero, mepc, a5
core   0: 3 0x0000000080006106 (0x34179073) c833_mepc 0x00000000800049ec
core   0: 0x000000008000610a (0x30200073) mret
core   0: 3 0x000000008000610a (0x30200073) c768_mstatus 0x8000000a00106080
core   0: 0x00000000800049ec (0x03b343bb) divw    t2, t1, s11
core   0: 1 0x00000000800049ec (0x03b343bb) x7  0xffffffffffffffff
core   0: 0x00000000800049f0 (0x03917ab3) remu    s5, sp, s9
core   0: 1 0x00000000800049f0 (0x03917ab3) x21 0x7fffffffffffffff
core   0: 0x00000000800049f4 (0x00d45e93) srli    t4, s0, 13
core   0: 1 0x00000000800049f4 (0x00d45e93) x29 0x0000000000000000
core   0: 0x00000000800049f8 (0x4154823b) subw    tp, s1, s5
core   0: 1 0x00000000800049f8 (0x4154823b) x4  0x0000000000000bdf
core   0: 0x00000000800049fc (0x0ff0000f) fence   iorw,iorw
core   0: 1 0x00000000800049fc (0x0ff0000f)
core   0: 0x0000000080004a00 (0x0312583b) divuw   a6, tp, a7
core   0: 1 0x0000000080004a00 (0x0312583b) x16 0x0000000000000000
core   0: 0x0000000080004a04 (0x0311ca3b) divw    s4, gp, a7
core   0: 1 0x0000000080004a04 (0x0311ca3b) x20 0x0000000000000000
core   0: 0x0000000080004a08 (0x40805133) sra     sp, zero, s0
core   0: 1 0x0000000080004a08 (0x40805133) x2  0x0000000000000000
core   0: 0x0000000080004a0c (0x23ef0f53) fsgnj.d ft10, ft10, ft10
core   0: 1 0x0000000080004a0c (0x23ef0f53) f30 0x7ff8000000000000
core   0: 0x0000000080004a10 (0x01a5d013) srli    zero, a1, 26
core   0: 1 0x0000000080004a10 (0x01a5d013)
core   0: 0x0000000080004a14 (0x01e25c1b) srliw   s8, tp, 30
core   0: 1 0x0000000080004a14 (0x01e25c1b) x24 0x0000000000000000
core   0: 0x0000000080004a18 (0x00121173) csrrw   sp, fflags, tp
core   0: 1 0x0000000080004a18 (0x00121173) x2  0x000000000000001a c1_fflags 0x000000000000001f
core   0: 0x0000000080004a1c (0x02826cbb) remw    s9, tp, s0
core   0: 1 0x0000000080004a1c (0x02826cbb) x25 0x0000000000000017
core   0: 0x0000000080004a20 (0x413ed8b3) sra     a7, t4, s3
core   0: 1 0x0000000080004a20 (0x413ed8b3) x17 0x0000000000000000
core   0: 0x0000000080004a24 (0x00689093) slli    ra, a7, 6
core   0: 1 0x0000000080004a24 (0x00689093) x1  0x0000000000000000
core   0: 0x0000000080004a28 (0x00c5d81b) srliw   a6, a1, 12
core   0: 1 0x0000000080004a28 (0x00c5d81b) x16 0x00000000000f13cd
core   0: 0x0000000080004a2c (0x0248aab3) mulhsu  s5, a7, tp
core   0: 1 0x0000000080004a2c (0x0248aab3) x21 0x0000000000000000
core   0: 0x0000000080004a30 (0x00000001) c.nop
core   0: 1 0x0000000080004a30 (0x0001)
core   0: 0x0000000080004a32 (0x0018571b) srliw   a4, a6, 1
core   0: 1 0x0000000080004a32 (0x0018571b) x14 0x00000000000789e6
core   0: 0x0000000080004a36 (0xe89b7917) auipc   s2, 0xe89b7
core   0: 1 0x0000000080004a36 (0xe89b7917) x18 0x00000000689bba36
core   0: 0x0000000080004a3a (0x028ec0bb) divw    ra, t4, s0
core   0: 1 0x0000000080004a3a (0x028ec0bb) x1  0x0000000000000000
core   0: 0x0000000080004a3e (0xd0217fd3) fcvt.s.l ft11, sp
core   0: 1 0x0000000080004a3e (0xd0217fd3) f31 0xffffffff41d00000
core   0: 0x0000000080004a42 (0x011b99bb) sllw    s3, s7, a7
core   0: 1 0x0000000080004a42 (0x011b99bb) x19 0x000000007e7adbf0
core   0: 0x0000000080004a46 (0x03b24733) div     a4, tp, s11
core   0: 1 0x0000000080004a46 (0x03b24733) x14 0xffffffffffffffff
core   0: 0x0000000080004a4a (0xa29c84d3) fle.d   s1, fs9, fs1
core   0: 1 0x0000000080004a4a (0xa29c84d3) c1_fflags 0x000000000000001f x9  0x0000000000000000
core   0: 0x0000000080004a4e (0x01d4a533) slt     a0, s1, t4
core   0: 1 0x0000000080004a4e (0x01d4a533) x10 0x0000000000000000
core   0: 0x0000000080004a52 (0x02e0fb3b) remuw   s6, ra, a4
core   0: 1 0x0000000080004a52 (0x02e0fb3b) x22 0x0000000000000000
core   0: 0x0000000080004a56 (0xd030f253) fcvt.s.lu ft4, ra
core   0: 1 0x0000000080004a56 (0xd030f253) f4  0xffffffff00000000
core   0: 0x0000000080004a5a (0x418d023b) subw    tp, s10, s8
core   0: 1 0x0000000080004a5a (0x418d023b) x4  0x000000007e7adbf0
core   0: 0x0000000080004a5e (0x2bf21553) fmax.d  fa0, ft4, ft11
core   0: 1 0x0000000080004a5e (0x2bf21553) f10 0x7ff8000000000000
core   0: 0x0000000080004a62 (0xa2440bd3) fle.d   s7, fs0, ft4
core   0: 1 0x0000000080004a62 (0xa2440bd3) c1_fflags 0x000000000000001f x23 0x0000000000000000
core   0: 0x0000000080004a66 (0x009779b3) and     s3, a4, s1
core   0: 1 0x0000000080004a66 (0x009779b3) x19 0x0000000000000000
core   0: 0x0000000080004a6a (0x41e5551b) sraiw   a0, a0, 30
core   0: 1 0x0000000080004a6a (0x41e5551b) x10 0x0000000000000000
core   0: 0x0000000080004a6e (0x00b9d9bb) srlw    s3, s3, a1
core   0: 1 0x0000000080004a6e (0x00b9d9bb) x19 0x0000000000000000
core   0: 0x0000000080004a72 (0x8006e413) ori     s0, a3, -2048
core   0: 1 0x0000000080004a72 (0x8006e413) x8  0xfffffffffffff800
core   0: 0x0000000080004a76 (0xc03cf9d3) fcvt.lu.s s3, fs9
core   0: 1 0x0000000080004a76 (0xc03cf9d3) c1_fflags 0x000000000000001f x19 0xffffffffffffffff
core   0: 0x0000000080004a7a (0xd20107d3) fcvt.d.w fa5, sp
core   0: 1 0x0000000080004a7a (0xd20107d3) f15 0x403a000000000000
core   0: 0x0000000080004a7e (0xf3f1fc43) fmadd.d fs8, ft3, ft11, ft10
core   0: 1 0x0000000080004a7e (0xf3f1fc43) f24 0x7ff8000000000000
core   0: 0x0000000080004a82 (0x00087633) and     a2, a6, zero
core   0: 1 0x0000000080004a82 (0x00087633) x12 0x0000000000000000
core   0: 0x0000000080004a86 (0x00c61e3b) sllw    t3, a2, a2
core   0: 1 0x0000000080004a86 (0x00c61e3b) x28 0x0000000000000000
core   0: 0x0000000080004a8a (0x012c9133) sll     sp, s9, s2
core   0: 1 0x0000000080004a8a (0x012c9133) x2  0x05c0000000000000
core   0: 0x0000000080004a8e (0x5a0c71d3) fsqrt.d ft3, fs8
core   0: 1 0x0000000080004a8e (0x5a0c71d3) f3  0x7ff8000000000000
core   0: 0x0000000080004a92 (0x00b1d5bb) srlw    a1, gp, a1
core   0: 1 0x0000000080004a92 (0x00b1d5bb) x11 0x0000000000000000
core   0: 0x0000000080004a96 (0x00a503b3) add     t2, a0, a0
core   0: 1 0x0000000080004a96 (0x00a503b3) x7  0x0000000000000000
core   0: 0x0000000080004a9a (0x03252b33) mulhsu  s6, a0, s2
core   0: 1 0x0000000080004a9a (0x03252b33) x22 0x0000000000000000
core   0: 0x0000000080004a9e (0x01d7979b) slliw   a5, a5, 29
core   0: 1 0x0000000080004a9e (0x01d7979b) x15 0xffffffff80000000
core   0: 0x0000000080004aa2 (0x00189473) csrrw   s0, fflags, a7
core   0: 1 0x0000000080004aa2 (0x00189473) x8  0x000000000000001f c1_fflags 0x0000000000000000
core   0: 0x0000000080004aa6 (0x01fb951b) slliw   a0, s7, 31
core   0: 1 0x0000000080004aa6 (0x01fb951b) x10 0x0000000000000000
core   0: 0x0000000080004aaa (0x95ef80b7) lui     ra, 0x95ef8
core   0: 1 0x0000000080004aaa (0x95ef80b7) x1  0xffffffff95ef8000
core   0: 0x0000000080004aae (0x2c10809b) addiw   ra, ra, 705
core   0: 1 0x0000000080004aae (0x2c10809b) x1  0xffffffff95ef82c1
core   0: 0x0000000080004ab2 (0xc22075d3) fcvt.l.d a1, ft0
core   0: 1 0x0000000080004ab2 (0xc22075d3) c1_fflags 0x0000000000000001 x11 0x0000000000000000
core   0: 0x0000000080004ab6 (0x411ddd93) srai    s11, s11, 17
core   0: 1 0x0000000080004ab6 (0x411ddd93) x27 0x0000000000000000
core   0: 0x0000000080004aba (0x0111171b) slliw   a4, sp, 17
core   0: 1 0x0000000080004aba (0x0111171b) x14 0x0000000000000000
core   0: 0x0000000080004abe (0x008aac33) slt     s8, s5, s0
core   0: 1 0x0000000080004abe (0x008aac33) x24 0x0000000000000001
core   0: 0x0000000080004ac2 (0x7ff44713) xori    a4, s0, 2047
core   0: 1 0x0000000080004ac2 (0x7ff44713) x14 0x00000000000007e0
core   0: 0x0000000080004ac6 (0x34b90493) addi    s1, s2, 843
core   0: 1 0x0000000080004ac6 (0x34b90493) x9  0x00000000689bbd81
core   0: 0x0000000080004aca (0x01859533) sll     a0, a1, s8
core   0: 1 0x0000000080004aca (0x01859533) x10 0x0000000000000000
core   0: 0x0000000080004ace (0x007adabb) srlw    s5, s5, t2
core   0: 1 0x0000000080004ace (0x007adabb) x21 0x0000000000000000
core   0: 0x0000000080004ad2 (0xd0367bd3) fcvt.s.lu fs7, a2
core   0: 1 0x0000000080004ad2 (0xd0367bd3) f23 0xffffffff00000000
core   0: 0x0000000080004ad6 (0x038fffd3) fadd.d  ft11, ft11, fs8
core   0: 1 0x0000000080004ad6 (0x038fffd3) f31 0x7ff8000000000000
core   0: 0x0000000080004ada (0xc21c73d3) fcvt.wu.d t2, fs8
core   0: 1 0x0000000080004ada (0xc21c73d3) c1_fflags 0x0000000000000011 x7  0xffffffffffffffff
core   0: 0x0000000080004ade (0x5a07f3d3) fsqrt.d ft7, fa5
core   0: 1 0x0000000080004ade (0x5a07f3d3) c1_fflags 0x0000000000000011 f7  0x401465655f122ff7
core   0: 0x0000000080004ae2 (0x0149e7b3) or      a5, s3, s4
core   0: 1 0x0000000080004ae2 (0x0149e7b3) x15 0xffffffffffffffff
core   0: 0x0000000080004ae6 (0x005b83bb) addw    t2, s7, t0
core   0: 1 0x0000000080004ae6 (0x005b83bb) x7  0x0000000000000200
core   0: 0x0000000080004aea (0x40b5d5b3) sra     a1, a1, a1
core   0: 1 0x0000000080004aea (0x40b5d5b3) x11 0x0000000000000000
core   0: 0x0000000080004aee (0x01a5969b) slliw   a3, a1, 26
core   0: 1 0x0000000080004aee (0x01a5969b) x13 0x0000000000000000
core   0: 0x0000000080004af2 (0x0644bbb7) lui     s7, 0x644b
core   0: 1 0x0000000080004af2 (0x0644bbb7) x23 0x000000000644b000
core   0: 0x0000000080004af6 (0x1e7b8b9b) addiw   s7, s7, 487
core   0: 1 0x0000000080004af6 (0x1e7b8b9b) x23 0x000000000644b1e7
core   0: 0x0000000080004afa (0x00000bb2) c.slli  s7, 12
core   0: 1 0x0000000080004afa (0x0bb2) x23 0x000000644b1e7000
core   0: 0x0000000080004afc (0x3beb8b93) addi    s7, s7, 958
core   0: 1 0x0000000080004afc (0x3beb8b93) x23 0x000000644b1e73be
core   0: 0x0000000080004b00 (0x00008296) c.mv    t0, t0
core   0: 1 0x0000000080004b00 (0x8296) x5  0x0000000000000200
core   0: 0x0000000080004b02 (0x22701253) fsgnjn.d ft4, ft0, ft7
core   0: 1 0x0000000080004b02 (0x22701253) f4  0xbf76f0005bc0016f
core   0: 0x0000000080004b06 (0x2bf301d3) fmin.d  ft3, ft6, ft11
core   0: 1 0x0000000080004b06 (0x2bf301d3) f3  0x7ff8000000000000
core   0: 0x0000000080004b0a (0x001b8c9b) addiw   s9, s7, 1
core   0: 1 0x0000000080004b0a (0x001b8c9b) x25 0x000000004b1e73bf
core   0: 0x0000000080004b0e (0xfffcfe93) andi    t4, s9, -1
core   0: 1 0x0000000080004b0e (0xfffcfe93) x29 0x000000004b1e73bf
core   0: 0x0000000080004b12 (0xd03072d3) fcvt.s.lu ft5, zero
core   0: 1 0x0000000080004b12 (0xd03072d3) f5  0xffffffff00000000
core   0: 0x0000000080004b16 (0x22018dd3) fsgnj.d fs11, ft3, ft0
core   0: 1 0x0000000080004b16 (0x22018dd3) f27 0xfff8000000000000
core   0: 0x0000000080004b1a (0x00f37433) and     s0, t1, a5
core   0: 1 0x0000000080004b1a (0x00f37433) x8  0x0000003fffcf9800
core   0: 0x0000000080004b1e (0x0379abb3) mulhsu  s7, s3, s7
core   0: 1 0x0000000080004b1e (0x0379abb3) x23 0xffffffffffffffff
core   0: 0x0000000080004b22 (0x028229b3) mulhsu  s3, tp, s0
core   0: 1 0x0000000080004b22 (0x028229b3) x19 0x000000000000001f
core   0: 0x0000000080004b26 (0x03002933) mulhsu  s2, zero, a6
core   0: 1 0x0000000080004b26 (0x03002933) x18 0x0000000000000000
core   0: 0x0000000080004b2a (0x2a719ad3) fmax.d  fs5, ft3, ft7
core   0: 1 0x0000000080004b2a (0x2a719ad3) f21 0x401465655f122ff7
core   0: 0x0000000080004b2e (0x0009d79b) srliw   a5, s3, 0
core   0: 1 0x0000000080004b2e (0x0009d79b) x15 0x000000000000001f
core   0: 0x0000000080004b32 (0xd0207253) fcvt.s.l ft4, zero
core   0: 1 0x0000000080004b32 (0xd0207253) f4  0xffffffff00000000
core   0: 0x0000000080004b36 (0x401a5a1b) sraiw   s4, s4, 1
core   0: 1 0x0000000080004b36 (0x401a5a1b) x20 0x0000000000000000
core   0: 0x0000000080004b3a (0xd20e8d53) fcvt.d.w fs10, t4
core   0: 1 0x0000000080004b3a (0xd20e8d53) f26 0x41d2c79cefc00000
core   0: 0x0000000080004b3e (0x02a6f6d3) fadd.d  fa3, fa3, fa0
core   0: 1 0x0000000080004b3e (0x02a6f6d3) f13 0x7ff8000000000000
core   0: 0x0000000080004b42 (0x7ffbce13) xori    t3, s7, 2047
core   0: 1 0x0000000080004b42 (0x7ffbce13) x28 0xfffffffffffff800
core   0: 0x0000000080004b46 (0x01a41dbb) sllw    s11, s0, s10
core   0: 1 0x0000000080004b46 (0x01a41dbb) x27 0xffffffff98000000
core   0: 0x0000000080004b4a (0x400d5a1b) sraiw   s4, s10, 0
core   0: 1 0x0000000080004b4a (0x400d5a1b) x20 0x000000007e7adbf0
core   0: 0x0000000080004b4e (0x000d9e9b) slliw   t4, s11, 0
core   0: 1 0x0000000080004b4e (0x000d9e9b) x29 0xffffffff98000000
core   0: 0x0000000080004b52 (0x41c88233) sub     tp, a7, t3
core   0: 1 0x0000000080004b52 (0x41c88233) x4  0x0000000000000800
core   0: 0x0000000080004b56 (0x024d6a33) rem     s4, s10, tp
core   0: 1 0x0000000080004b56 (0x024d6a33) x20 0x00000000000003f0
core   0: 0x0000000080004b5a (0x0342abb3) mulhsu  s7, t0, s4
core   0: 1 0x0000000080004b5a (0x0342abb3) x23 0x0000000000000000
core   0: 0x0000000080004b5e (0x0377b4b3) mulhu   s1, a5, s7
core   0: 1 0x0000000080004b5e (0x0377b4b3) x9  0x0000000000000000
core   0: 0x0000000080004b62 (0x401a5393) srai    t2, s4, 1
core   0: 1 0x0000000080004b62 (0x401a5393) x7  0x00000000000001f8
core   0: 0x0000000080004b66 (0x01969733) sll     a4, a3, s9
core   0: 1 0x0000000080004b66 (0x01969733) x14 0x0000000000000000
core   0: 0x0000000080004b6a (0x40025d13) srai    s10, tp, 0
core   0: 1 0x0000000080004b6a (0x40025d13) x26 0x0000000000000800
core   0: 0x0000000080004b6e (0x00e1513b) srlw    sp, sp, a4
core   0: 1 0x0000000080004b6e (0x00e1513b) x2  0x0000000000000000
core   0: 0x0000000080004b72 (0xa24d06d3) fle.d   a3, fs10, ft4
core   0: 1 0x0000000080004b72 (0xa24d06d3) c1_fflags 0x0000000000000011 x13 0x0000000000000000
core   0: 0x0000000080004b76 (0x41505a9b) sraiw   s5, zero, 21
core   0: 1 0x0000000080004b76 (0x41505a9b) x21 0x0000000000000000
core   0: 0x0000000080004b7a (0xc2357bd3) fcvt.lu.d s7, fa0
core   0: 1 0x0000000080004b7a (0xc2357bd3) c1_fflags 0x0000000000000011 x23 0xffffffffffffffff
core   0: 0x0000000080004b7e (0xc237f753) fcvt.lu.d a4, fa5
core   0: 1 0x0000000080004b7e (0xc237f753) x14 0x000000000000001a
core   0: 0x0000000080004b82 (0x0005d313) srli    t1, a1, 0
core   0: 1 0x0000000080004b82 (0x0005d313) x6  0x0000000000000000
core   0: 0x0000000080004b86 (0xc233f1d3) fcvt.lu.d gp, ft7
core   0: 1 0x0000000080004b86 (0xc233f1d3) c1_fflags 0x0000000000000011 x3  0x0000000000000006
core   0: 0x0000000080004b8a (0x00000001) c.nop
core   0: 1 0x0000000080004b8a (0x0001)
core   0: 0x0000000080004b8c (0x0ebce413) ori     s0, s9, 235
core   0: 1 0x0000000080004b8c (0x0ebce413) x8  0x000000004b1e73ff
core   0: 0x0000000080004b90 (0x00000001) c.nop
core   0: 1 0x0000000080004b90 (0x0001)
core   0: 0x0000000080004b92 (0x416a0a3b) subw    s4, s4, s6
core   0: 1 0x0000000080004b92 (0x416a0a3b) x20 0x00000000000003f0
core   0: 0x0000000080004b96 (0x015a77b3) and     a5, s4, s5
core   0: 1 0x0000000080004b96 (0x015a77b3) x15 0x0000000000000000
core   0: 0x0000000080004b9a (0x1ad6fad3) fdiv.d  fs5, fa3, fa3
core   0: 1 0x0000000080004b9a (0x1ad6fad3) f21 0x7ff8000000000000
core   0: 0x0000000080004b9e (0xd0802b97) auipc   s7, 0xd0802
core   0: 1 0x0000000080004b9e (0xd0802b97) x23 0x0000000050806b9e
core   0: 0x0000000080004ba2 (0xc3d9ed93) ori     s11, s3, -963
core   0: 1 0x0000000080004ba2 (0xc3d9ed93) x27 0xfffffffffffffc3f
core   0: 0x0000000080004ba6 (0xd02078d3) fcvt.s.l fa7, zero
core   0: 1 0x0000000080004ba6 (0xd02078d3) f17 0xffffffff00000000
core   0: 0x0000000080004baa (0x00202b73) csrrs   s6, frm, zero
core   0: 1 0x0000000080004baa (0x00202b73) x22 0x0000000000000003
core   0: 0x0000000080004bae (0x4003dd9b) sraiw   s11, t2, 0
core   0: 1 0x0000000080004bae (0x4003dd9b) x27 0x00000000000001f8
core   0: 0x0000000080004bb2 (0xd2138e53) fcvt.d.wu ft8, t2
core   0: 1 0x0000000080004bb2 (0xd2138e53) f28 0x407f800000000000
core   0: 0x0000000080004bb6 (0x00ae9e33) sll     t3, t4, a0
core   0: 1 0x0000000080004bb6 (0x00ae9e33) x28 0xffffffff98000000
core   0: 0x0000000080004bba (0x8c31021b) addiw   tp, sp, -1853
core   0: 1 0x0000000080004bba (0x8c31021b) x4  0xfffffffffffff8c3
core   0: 0x0000000080004bbe (0x00430ab3) add     s5, t1, tp
core   0: 1 0x0000000080004bbe (0x00430ab3) x21 0xfffffffffffff8c3
core   0: 0x0000000080004bc2 (0xc209fed3) fcvt.w.d t4, fs3
core   0: 1 0x0000000080004bc2 (0xc209fed3) x29 0x0000000000000000
core   0: 0x0000000080004bc6 (0x1bc1ffd3) fdiv.d  ft11, ft3, ft8
core   0: 1 0x0000000080004bc6 (0x1bc1ffd3) f31 0x7ff8000000000000
core   0: 0x0000000080004bca (0xc0247553) fcvt.l.s a0, fs0
core   0: 1 0x0000000080004bca (0xc0247553) c1_fflags 0x0000000000000011 x10 0x7fffffffffffffff
core   0: 0x0000000080004bce (0x40147cd3) fcvt.s.d fs9, fs0
core   0: 1 0x0000000080004bce (0x40147cd3) f25 0xffffffff7fc00000
core   0: 0x0000000080004bd2 (0x8b63fb13) andi    s6, t2, -1866
core   0: 1 0x0000000080004bd2 (0x8b63fb13) x22 0x00000000000000b0
core   0: 0x0000000080004bd6 (0xd23c7d53) fcvt.d.lu fs10, s8
core   0: 1 0x0000000080004bd6 (0xd23c7d53) f26 0x3ff0000000000000
core   0: 0x0000000080004bda (0xd0247953) fcvt.s.l fs2, s0
core   0: 1 0x0000000080004bda (0xd0247953) c1_fflags 0x0000000000000011 f18 0xffffffff4e963ce8
core   0: 0x0000000080004bde (0xabaafacf) fnmadd.d fs5, fs5, fs10, fs5
core   0: 1 0x0000000080004bde (0xabaafacf) f21 0x7ff8000000000000
core   0: 0x0000000080004be2 (0x03c55533) divu    a0, a0, t3
core   0: 1 0x0000000080004be2 (0x03c55533) x10 0x0000000000000000
core   0: 0x0000000080004be6 (0xc230fe53) fcvt.lu.d t3, ft1
core   0: 1 0x0000000080004be6 (0xc230fe53) c1_fflags 0x0000000000000011 x28 0xffffffffffffffff
core   0: 0x0000000080004bea (0xd2357f53) fcvt.d.lu ft10, a0
core   0: 1 0x0000000080004bea (0xd2357f53) f30 0x0000000000000000
core   0: 0x0000000080004bee (0x00102cf3) csrrs   s9, fflags, zero
core   0: 1 0x0000000080004bee (0x00102cf3) x25 0x0000000000000011
core   0: 0x0000000080004bf2 (0x00759913) slli    s2, a1, 7
core   0: 1 0x0000000080004bf2 (0x00759913) x18 0x0000000000000000
core   0: 0x0000000080004bf6 (0x13bdf553) fmul.d  fa0, fs11, fs11
core   0: 1 0x0000000080004bf6 (0x13bdf553) f10 0x7ff8000000000000
core   0: 0x0000000080004bfa (0x2aa10fd3) fmin.d  ft11, ft2, fa0
core   0: 1 0x0000000080004bfa (0x2aa10fd3) f31 0x8000000000000000
core   0: 0x0000000080004bfe (0x032a8ab3) mul     s5, s5, s2
core   0: 1 0x0000000080004bfe (0x032a8ab3) x21 0x0000000000000000
core   0: 0x0000000080004c02 (0x41abd913) srai    s2, s7, 26
core   0: 1 0x0000000080004c02 (0x41abd913) x18 0x0000000000000014
core   0: 0x0000000080004c06 (0x00202473) csrrs   s0, frm, zero
core   0: 1 0x0000000080004c06 (0x00202473) x8  0x0000000000000003
core   0: 0x0000000080004c0a (0xc202f9d3) fcvt.w.d s3, ft5
core   0: 1 0x0000000080004c0a (0xc202f9d3) c1_fflags 0x0000000000000011 x19 0x000000007fffffff
core   0: 0x0000000080004c0e (0x039c82b3) mul     t0, s9, s9
core   0: 1 0x0000000080004c0e (0x039c82b3) x5  0x0000000000000121
core   0: 0x0000000080004c12 (0x012bcbb3) xor     s7, s7, s2
core   0: 1 0x0000000080004c12 (0x012bcbb3) x23 0x0000000050806b8a
core   0: 0x0000000080004c16 (0x076a059b) addiw   a1, s4, 118
core   0: 1 0x0000000080004c16 (0x076a059b) x11 0x0000000000000466
core   0: 0x0000000080004c1a (0x42bad793) srai    a5, s5, 43
core   0: 1 0x0000000080004c1a (0x42bad793) x15 0x0000000000000000
core   0: 0x0000000080004c1e (0x420a0e53) fcvt.d.s ft8, fs4
core   0: 1 0x0000000080004c1e (0x420a0e53) f28 0x7ff8000000000000
core   0: 0x0000000080004c22 (0x2bbc1b53) fmax.d  fs6, fs8, fs11
core   0: 1 0x0000000080004c22 (0x2bbc1b53) f22 0x7ff8000000000000
core   0: 0x0000000080004c26 (0x00906833) or      a6, zero, s1
core   0: 1 0x0000000080004c26 (0x00906833) x16 0x0000000000000000
core   0: 0x0000000080004c2a (0x00387cb3) and     s9, a6, gp
core   0: 1 0x0000000080004c2a (0x00387cb3) x25 0x0000000000000000
core   0: 0x0000000080004c2e (0xd2018e53) fcvt.d.w ft8, gp
core   0: 1 0x0000000080004c2e (0xd2018e53) f28 0x4018000000000000
core   0: 0x0000000080004c32 (0x038f7f53) fadd.d  ft10, ft10, fs8
core   0: 1 0x0000000080004c32 (0x038f7f53) f30 0x7ff8000000000000
core   0: 0x0000000080004c36 (0x03ce7353) fadd.d  ft6, ft8, ft8
core   0: 1 0x0000000080004c36 (0x03ce7353) f6  0x4028000000000000
core   0: 0x0000000080004c3a (0xc224fe53) fcvt.l.d t3, fs1
core   0: 1 0x0000000080004c3a (0xc224fe53) c1_fflags 0x0000000000000011 x28 0x7fffffffffffffff
core   0: 0x0000000080004c3e (0x002c6a33) or      s4, s8, sp
core   0: 1 0x0000000080004c3e (0x002c6a33) x20 0x0000000000000001
core   0: 0x0000000080004c42 (0x00000001) c.nop
core   0: 1 0x0000000080004c42 (0x0001)
core   0: 0x0000000080004c44 (0x014999b3) sll     s3, s3, s4
core   0: 1 0x0000000080004c44 (0x014999b3) x19 0x00000000fffffffe
core   0: 0x0000000080004c48 (0x1bd0fe53) fdiv.d  ft8, ft1, ft9
core   0: 1 0x0000000080004c48 (0x1bd0fe53) f28 0x7ff8000000000000
core   0: 0x0000000080004c4c (0xd222f1d3) fcvt.d.l ft3, t0
core   0: 1 0x0000000080004c4c (0xd222f1d3) f3  0x4072100000000000
core   0: 0x0000000080004c50 (0x018cd21b) srliw   tp, s9, 24
core   0: 1 0x0000000080004c50 (0x018cd21b) x4  0x0000000000000000
core   0: 0x0000000080004c54 (0x01f5959b) slliw   a1, a1, 31
core   0: 1 0x0000000080004c54 (0x01f5959b) x11 0x0000000000000000
core   0: 0x0000000080004c58 (0x4084543b) sraw    s0, s0, s0
core   0: 1 0x0000000080004c58 (0x4084543b) x8  0x0000000000000000
core   0: 0x0000000080004c5c (0xfff4019b) addiw   gp, s0, -1
core   0: 1 0x0000000080004c5c (0xfff4019b) x3  0xffffffffffffffff
core   0: 0x0000000080004c60 (0x00000001) c.nop
core   0: 1 0x0000000080004c60 (0x0001)
core   0: 0x0000000080004c62 (0x7cd7ce93) xori    t4, a5, 1997
core   0: 1 0x0000000080004c62 (0x7cd7ce93) x29 0x00000000000007cd
core   0: 0x0000000080004c66 (0xc214fd53) fcvt.wu.d s10, fs1
core   0: 1 0x0000000080004c66 (0xc214fd53) c1_fflags 0x0000000000000011 x26 0xffffffffffffffff
core   0: 0x0000000080004c6a (0x00102473) csrrs   s0, fflags, zero
core   0: 1 0x0000000080004c6a (0x00102473) x8  0x0000000000000011
core   0: 0x0000000080004c6e (0x001c30b3) sltu    ra, s8, ra
core   0: 1 0x0000000080004c6e (0x001c30b3) x1  0x0000000000000001
core   0: 0x0000000080004c72 (0x02319ab3) mulh    s5, gp, gp
core   0: 1 0x0000000080004c72 (0x02319ab3) x21 0x0000000000000000
core   0: 0x0000000080004c76 (0x0b137653) fsub.d  fa2, ft6, fa7
core   0: 1 0x0000000080004c76 (0x0b137653) f12 0x7ff8000000000000
core   0: 0x0000000080004c7a (0x4107803b) subw    zero, a5, a6
core   0: 1 0x0000000080004c7a (0x4107803b)
core   0: 0x0000000080004c7e (0x40705c1b) sraiw   s8, zero, 7
core   0: 1 0x0000000080004c7e (0x40705c1b) x24 0x0000000000000000
core   0: 0x0000000080004c82 (0xc030f4d3) fcvt.lu.s s1, ft1
core   0: 1 0x0000000080004c82 (0xc030f4d3) c1_fflags 0x0000000000000011 x9  0xffffffffffffffff
core   0: 0x0000000080004c86 (0xba667147) fmsub.d ft2, fa2, ft6, fs7
core   0: 1 0x0000000080004c86 (0xba667147) f2  0x7ff8000000000000
core   0: 0x0000000080004c8a (0x2b9b1b53) fmax.d  fs6, fs6, fs9
core   0: 1 0x0000000080004c8a (0x2b9b1b53) f22 0x7ff8000000000000
core   0: 0x0000000080004c8e (0x01f4969b) slliw   a3, s1, 31
core   0: 1 0x0000000080004c8e (0x01f4969b) x13 0xffffffff80000000
core   0: 0x0000000080004c92 (0xc02ff1d3) fcvt.l.s gp, ft11
core   0: 1 0x0000000080004c92 (0xc02ff1d3) c1_fflags 0x0000000000000011 x3  0x7fffffffffffffff
core   0: 0x0000000080004c96 (0xc028f7d3) fcvt.l.s a5, fa7
core   0: 1 0x0000000080004c96 (0xc028f7d3) x15 0x0000000000000000
core   0: 0x0000000080004c9a (0x023882b3) mul     t0, a7, gp
core   0: 1 0x0000000080004c9a (0x023882b3) x5  0x0000000000000000
core   0: 0x0000000080004c9e (0xc03cf553) fcvt.lu.s a0, fs9
core   0: 1 0x0000000080004c9e (0xc03cf553) c1_fflags 0x0000000000000011 x10 0xffffffffffffffff
core   0: 0x0000000080004ca2 (0xf2050e53) fmv.d.x ft8, a0
core   0: 1 0x0000000080004ca2 (0xf2050e53) f28 0xffffffffffffffff
core   0: 0x0000000080004ca6 (0xe824dab7) lui     s5, 0xe824d
core   0: 1 0x0000000080004ca6 (0xe824dab7) x21 0xffffffffe824d000
core   0: 0x0000000080004caa (0x014485b3) add     a1, s1, s4
core   0: 1 0x0000000080004caa (0x014485b3) x11 0x0000000000000000
core   0: 0x0000000080004cae (0x01d79bb3) sll     s7, a5, t4
core   0: 1 0x0000000080004cae (0x01d79bb3) x23 0x0000000000000000
core   0: 0x0000000080004cb2 (0x003611b3) sll     gp, a2, gp
core   0: 1 0x0000000080004cb2 (0x003611b3) x3  0x0000000000000000
core   0: 0x0000000080004cb6 (0x00202a73) csrrs   s4, frm, zero
core   0: 1 0x0000000080004cb6 (0x00202a73) x20 0x0000000000000003
core   0: 0x0000000080004cba (0xbfa1011b) addiw   sp, sp, -1030
core   0: 1 0x0000000080004cba (0xbfa1011b) x2  0xfffffffffffffbfa
core   0: 0x0000000080004cbe (0x420f0653) fcvt.d.s fa2, ft10
core   0: 1 0x0000000080004cbe (0x420f0653) f12 0x7ff8000000000000
core   0: 0x0000000080004cc2 (0x0ac67853) fsub.d  fa6, fa2, fa2
core   0: 1 0x0000000080004cc2 (0x0ac67853) f16 0x7ff8000000000000
core   0: 0x0000000080004cc6 (0xff724eb7) lui     t4, 0xff724
core   0: 1 0x0000000080004cc6 (0xff724eb7) x29 0xffffffffff724000
core   0: 0x0000000080004cca (0x2e9e8e9b) addiw   t4, t4, 745
core   0: 1 0x0000000080004cca (0x2e9e8e9b) x29 0xffffffffff7242e9
core   0: 0x0000000080004cce (0x00000eb2) c.slli  t4, 12
core   0: 1 0x0000000080004cce (0x0eb2) x29 0xfffffff7242e9000
core   0: 0x0000000080004cd0 (0x373e8e93) addi    t4, t4, 883
core   0: 1 0x0000000080004cd0 (0x373e8e93) x29 0xfffffff7242e9373
core   0: 0x0000000080004cd4 (0x13987cd3) fmul.d  fs9, fa6, fs9
core   0: 1 0x0000000080004cd4 (0x13987cd3) f25 0x7ff8000000000000
core   0: 0x0000000080004cd8 (0xd22171d3) fcvt.d.l ft3, sp
core   0: 1 0x0000000080004cd8 (0xd22171d3) f3  0xc090180000000000
core   0: 0x0000000080004cdc (0x00000001) c.nop
core   0: 1 0x0000000080004cdc (0x0001)
core   0: 0x0000000080004cde (0x6af56393) ori     t2, a0, 1711
core   0: 1 0x0000000080004cde (0x6af56393) x7  0xffffffffffffffff
core   0: 0x0000000080004ce2 (0x0019db93) srli    s7, s3, 1
core   0: 1 0x0000000080004ce2 (0x0019db93) x23 0x000000007fffffff
core   0: 0x0000000080004ce6 (0x22418bd3) fsgnj.d fs7, ft3, ft4
core   0: 1 0x0000000080004ce6 (0x22418bd3) f23 0xc090180000000000
core   0: 0x0000000080004cea (0x005552bb) srlw    t0, a0, t0
core   0: 1 0x0000000080004cea (0x005552bb) x5  0xffffffffffffffff
core   0: 0x0000000080004cee (0x436d5d13) srai    s10, s10, 54
core   0: 1 0x0000000080004cee (0x436d5d13) x26 0xffffffffffffffff
core   0: 0x0000000080004cf2 (0x005080bb) addw    ra, ra, t0
core   0: 1 0x0000000080004cf2 (0x005080bb) x1  0x0000000000000000
core   0: 0x0000000080004cf6 (0x235c8dd3) fsgnj.d fs11, fs9, fs5
core   0: 1 0x0000000080004cf6 (0x235c8dd3) f27 0x7ff8000000000000
core   0: 0x0000000080004cfa (0xd030f0d3) fcvt.s.lu ft1, ra
core   0: 1 0x0000000080004cfa (0xd030f0d3) f1  0xffffffff00000000
core   0: 0x0000000080004cfe (0xd02df0d3) fcvt.s.l ft1, s11
core   0: 1 0x0000000080004cfe (0xd02df0d3) f1  0xffffffff43fc0000
core   0: 0x0000000080004d02 (0x0ff0000f) fence   iorw,iorw
core   0: 1 0x0000000080004d02 (0x0ff0000f)
core   0: 0x0000000080004d06 (0xd2008553) fcvt.d.w fa0, ra
core   0: 1 0x0000000080004d06 (0xd2008553) f10 0x0000000000000000
core   0: 0x0000000080004d0a (0x00109b73) csrrw   s6, fflags, ra
core   0: 1 0x0000000080004d0a (0x00109b73) x22 0x0000000000000011 c1_fflags 0x0000000000000000
core   0: 0x0000000080004d0e (0xfc52a237) lui     tp, 0xfc52a
core   0: 1 0x0000000080004d0e (0xfc52a237) x4  0xfffffffffc52a000
core   0: 0x0000000080004d12 (0xa2d2021b) addiw   tp, tp, -1491
core   0: 1 0x0000000080004d12 (0xa2d2021b) x4  0xfffffffffc529a2d
core   0: 0x0000000080004d16 (0x00000232) c.slli  tp, 12
core   0: 1 0x0000000080004d16 (0x0232) x4  0xffffffc529a2d000
core   0: 0x0000000080004d18 (0x3ac20213) addi    tp, tp, 940
core   0: 1 0x0000000080004d18 (0x3ac20213) x4  0xffffffc529a2d3ac
core   0: 0x0000000080004d1c (0x03331533) mulh    a0, t1, s3
core   0: 1 0x0000000080004d1c (0x03331533) x10 0x0000000000000000
core   0: 0x0000000080004d20 (0x467cf2b7) lui     t0, 0x467cf
core   0: 1 0x0000000080004d20 (0x467cf2b7) x5  0x00000000467cf000
core   0: 0x0000000080004d24 (0x0005e893) ori     a7, a1, 0
core   0: 1 0x0000000080004d24 (0x0005e893) x17 0x0000000000000000
core   0: 0x0000000080004d28 (0x4096883b) subw    a6, a3, s1
core   0: 1 0x0000000080004d28 (0x4096883b) x16 0xffffffff80000001
core   0: 0x0000000080004d2c (0x1413ec73) csrrsi  s8, sepc, 7
core   0: 1 0x0000000080004d2c (0x1413ec73) x24 0x0000000000000000 c321_sepc 0x0000000000000006
core   0: 0x0000000080004d30 (0x00e810b3) sll     ra, a6, a4
core   0: 1 0x0000000080004d30 (0x00e810b3) x1  0xfe00000004000000
core   0: 0x0000000080004d34 (0x0180d01b) srliw   zero, ra, 24
core   0: 1 0x0000000080004d34 (0x0180d01b)
core   0: 0x0000000080004d38 (0xfacac293) xori    t0, s5, -84
core   0: 1 0x0000000080004d38 (0xfacac293) x5  0x0000000017db2fac
core   0: 0x0000000080004d3c (0x01676eb3) or      t4, a4, s6
core   0: 1 0x0000000080004d3c (0x01676eb3) x29 0x000000000000001b
core   0: 0x0000000080004d40 (0xc89e8d9b) addiw   s11, t4, -887
core   0: 1 0x0000000080004d40 (0xc89e8d9b) x27 0xfffffffffffffca4
core   0: 0x0000000080004d44 (0x01d255b3) srl     a1, tp, t4
core   0: 1 0x0000000080004d44 (0x01d255b3) x11 0x0000001ffffff8a5
core   0: 0x0000000080004d48 (0x000ed31b) srliw   t1, t4, 0
core   0: 1 0x0000000080004d48 (0x000ed31b) x6  0x000000000000001b
core   0: 0x0000000080004d4c (0x01962633) slt     a2, a2, s9
core   0: 1 0x0000000080004d4c (0x01962633) x12 0x0000000000000000
core   0: 0x0000000080004d50 (0x010e533b) srlw    t1, t3, a6
core   0: 1 0x0000000080004d50 (0x010e533b) x6  0x000000007fffffff
core   0: 0x0000000080004d54 (0x02b305b3) mul     a1, t1, a1
core   0: 1 0x0000000080004d54 (0x02b305b3) x11 0xfffffc328000075b
core   0: 0x0000000080004d58 (0xc020f453) fcvt.l.s s0, ft1
core   0: 1 0x0000000080004d58 (0xc020f453) x8  0x00000000000001f8
core   0: 0x0000000080004d5c (0x07f44293) xori    t0, s0, 127
core   0: 1 0x0000000080004d5c (0x07f44293) x5  0x0000000000000187
core   0: 0x0000000080004d60 (0xf2040bd3) fmv.d.x fs7, s0
core   0: 1 0x0000000080004d60 (0xf2040bd3) f23 0x00000000000001f8
core   0: 0x0000000080004d64 (0x03825713) srli    a4, tp, 56
core   0: 1 0x0000000080004d64 (0x03825713) x14 0x00000000000000ff
core   0: 0x0000000080004d68 (0x00009e4a) c.add   t3, s2
core   0: 1 0x0000000080004d68 (0x9e4a) x28 0x8000000000000013
core   0: 0x0000000080004d6a (0x0060161b) slliw   a2, zero, 6
core   0: 1 0x0000000080004d6a (0x0060161b) x12 0x0000000000000000
core   0: 0x0000000080004d6e (0x00cd6eb3) or      t4, s10, a2
core   0: 1 0x0000000080004d6e (0x00cd6eb3) x29 0xffffffffffffffff
core   0: 0x0000000080004d72 (0xe20582d3) fmv.x.d t0, fa1
core   0: 1 0x0000000080004d72 (0xe20582d3) x5  0x7ff8000000000000
core   0: 0x0000000080004d76 (0x02a14133) div     sp, sp, a0
core   0: 1 0x0000000080004d76 (0x02a14133) x2  0xffffffffffffffff
core   0: 0x0000000080004d7a (0xf2050fd3) fmv.d.x ft11, a0
core   0: 1 0x0000000080004d7a (0xf2050fd3) f31 0x0000000000000000
core   0: 0x0000000080004d7e (0x4130d03b) sraw    zero, ra, s3
core   0: 1 0x0000000080004d7e (0x4130d03b)
core   0: 0x0000000080004d82 (0x6e0d8413) addi    s0, s11, 1760
core   0: 1 0x0000000080004d82 (0x6e0d8413) x8  0x0000000000000384
core   0: 0x0000000080004d86 (0xc20df353) fcvt.w.d t1, fs11
core   0: 1 0x0000000080004d86 (0xc20df353) c1_fflags 0x0000000000000010 x6  0x000000007fffffff
core   0: 0x0000000080004d8a (0x12c17543) fmadd.d fa0, ft2, fa2, ft2
core   0: 1 0x0000000080004d8a (0x12c17543) f10 0x7ff8000000000000
core   0: 0x0000000080004d8e (0xc2367bd3) fcvt.lu.d s7, fa2
core   0: 1 0x0000000080004d8e (0xc2367bd3) c1_fflags 0x0000000000000010 x23 0xffffffffffffffff
core   0: 0x0000000080004d92 (0x02ee473b) divw    a4, t3, a4
core   0: 1 0x0000000080004d92 (0x02ee473b) x14 0x0000000000000000
core   0: 0x0000000080004d96 (0x03f21313) slli    t1, tp, 63
core   0: 1 0x0000000080004d96 (0x03f21313) x6  0x0000000000000000
core   0: 0x0000000080004d9a (0x025ee53b) remw    a0, t4, t0
core   0: 1 0x0000000080004d9a (0x025ee53b) x10 0xffffffffffffffff
core   0: 0x0000000080004d9e (0x0098dd9b) srliw   s11, a7, 9
core   0: 1 0x0000000080004d9e (0x0098dd9b) x27 0x0000000000000000
core   0: 0x0000000080004da2 (0x000fc437) lui     s0, 0xfc
core   0: 1 0x0000000080004da2 (0x000fc437) x8  0x00000000000fc000
core   0: 0x0000000080004da6 (0xf974041b) addiw   s0, s0, -105
core   0: 1 0x0000000080004da6 (0xf974041b) x8  0x00000000000fbf97
core   0: 0x0000000080004daa (0x00000446) c.slli  s0, 17
core   0: 1 0x0000000080004daa (0x0446) x8  0x0000001f7f2e0000
core   0: 0x0000000080004dac (0xbfc40413) addi    s0, s0, -1028
core   0: 1 0x0000000080004dac (0xbfc40413) x8  0x0000001f7f2dfbfc
core   0: 0x0000000080004db0 (0x000092a2) c.add   t0, s0
core   0: 1 0x0000000080004db0 (0x92a2) x5  0x7ff8001f7f2dfbfc
core   0: 0x0000000080004db2 (0xd03df453) fcvt.s.lu fs0, s11
core   0: 1 0x0000000080004db2 (0xd03df453) f8  0xffffffff00000000
core   0: 0x0000000080004db6 (0x028d77b3) remu    a5, s10, s0
core   0: 1 0x0000000080004db6 (0x028d77b3) x15 0x00000013c153c0df
core   0: 0x0000000080004dba (0x00f69abb) sllw    s5, a3, a5
core   0: 1 0x0000000080004dba (0x00f69abb) x21 0x0000000000000000
core   0: 0x0000000080004dbe (0xf2068753) fmv.d.x fa4, a3
core   0: 1 0x0000000080004dbe (0xf2068753) f14 0xffffffff80000000
core   0: 0x0000000080004dc2 (0x415a8cb3) sub     s9, s5, s5
core   0: 1 0x0000000080004dc2 (0x415a8cb3) x25 0x0000000000000000
core   0: 0x0000000080004dc6 (0x031df2d3) fadd.d  ft5, fs11, fa7
core   0: 1 0x0000000080004dc6 (0x031df2d3) f5  0x7ff8000000000000
core   0: 0x0000000080004dca (0x2b550b53) fmin.d  fs6, fa0, fs5
core   0: 1 0x0000000080004dca (0x2b550b53) f22 0x7ff8000000000000
core   0: 0x0000000080004dce (0xec73b797) auipc   a5, 0xec73b
core   0: 1 0x0000000080004dce (0xec73b797) x15 0x000000006c73fdce
core   0: 0x0000000080004dd2 (0xf56b5517) auipc   a0, 0xf56b5
core   0: 1 0x0000000080004dd2 (0xf56b5517) x10 0x00000000756b9dd2
core   0: 0x0000000080004dd6 (0x225ea253) fsgnjx.d ft4, ft9, ft5
core   0: 1 0x0000000080004dd6 (0x225ea253) f4  0xc1dffff111400000
core   0: 0x0000000080004dda (0x800e0e13) addi    t3, t3, -2048
core   0: 1 0x0000000080004dda (0x800e0e13) x28 0x7ffffffffffff813
core   0: 0x0000000080004dde (0x3200daf3) csrrwi  s5, mcountinhibit, 1
core   0: exception trap_illegal_instruction, epc 0x0000000080004dde
core   0:           tval 0x000000003200daf3
core   0: >>>>  $xrv64i2p1_m2p0_a2p1_f2p2_d2p2_zicsr2p0_zifencei2p0_zmmul1p0_zba1p0_zbb1p0_zbc1p0_zbs1p0
core   0: 0x0000000080004000 (0x0080006f) j       pc + 0x8
core   0: 3 0x0000000080004000 (0x0080006f)
core   0: >>>>  mmode_exception_handler
core   0: 0x0000000080004008 (0x00002c17) auipc   s8, 0x2
core   0: 3 0x0000000080004008 (0x00002c17) x24 0x0000000080006008
core   0: 0x000000008000400c (0x0c8c0c13) addi    s8, s8, 200
core   0: 3 0x000000008000400c (0x0c8c0c13) x24 0x00000000800060d0
core   0: 0x0000000080004010 (0x000c00e7) jalr    s8
core   0: 3 0x0000000080004010 (0x000c00e7) x1  0x0000000080004014
core   0: >>>>  any_handler
core   0: 0x00000000800060d0 (0x341027f3) csrrs   a5, mepc, zero
core   0: 3 0x00000000800060d0 (0x341027f3) x15 0x0000000080004dde
core   0: 0x00000000800060d4 (0x34202773) csrrs   a4, mcause, zero
core   0: 3 0x00000000800060d4 (0x34202773) x14 0x0000000000000002
core   0: 0x00000000800060d8 (0x142026f3) csrrs   a3, scause, zero
core   0: 3 0x00000000800060d8 (0x142026f3) x13 0x0000000000000000
core   0: 0x00000000800060dc (0x30402673) csrrs   a2, mie, zero
core   0: 3 0x00000000800060dc (0x30402673) x12 0x0000000000000a00
core   0: 0x00000000800060e0 (0x344025f3) csrrs   a1, mip, zero
core   0: 3 0x00000000800060e0 (0x344025f3) x11 0x0000000000000080
core   0: 0x00000000800060e4 (0x343025f3) csrrs   a1, mtval, zero
core   0: 3 0x00000000800060e4 (0x343025f3) x11 0x000000003200daf3
core   0: 0x00000000800060e8 (0x14302573) csrrs   a0, stval, zero
core   0: 3 0x00000000800060e8 (0x14302573) x10 0x0000000000000001
core   0: 0x00000000800060ec (0xb02024f3) csrrs   s1, minstret, zero
core   0: 3 0x00000000800060ec (0xb02024f3) x9  0x0000000000000cf1
core   0: 0x00000000800060f0 (0x0000a811) c.j     pc + 20
core   0: 3 0x00000000800060f0 (0xa811)
core   0: >>>>  mepc_4
core   0: 0x0000000080006104 (0x00000791) c.addi  a5, 4
core   0: 3 0x0000000080006104 (0x0791) x15 0x0000000080004de2
core   0: 0x0000000080006106 (0x34179073) csrrw   zero, mepc, a5
core   0: 3 0x0000000080006106 (0x34179073) c833_mepc 0x0000000080004de2
core   0: 0x000000008000610a (0x30200073) mret
core   0: 3 0x000000008000610a (0x30200073) c768_mstatus 0x8000000a00106080
core   0: 0x0000000080004de2 (0x22a506d3) fsgnj.d fa3, fa0, fa0
core   0: 1 0x0000000080004de2 (0x22a506d3) f13 0x7ff8000000000000
core   0: 0x0000000080004de6 (0x00000001) c.nop
core   0: 1 0x0000000080004de6 (0x0001)
core   0: 0x0000000080004de8 (0x02952bb3) mulhsu  s7, a0, s1
core   0: 1 0x0000000080004de8 (0x02952bb3) x23 0x0000000000000000
core   0: 0x0000000080004dec (0x0159a1b3) slt     gp, s3, s5
core   0: 1 0x0000000080004dec (0x0159a1b3) x3  0x0000000000000000
core   0: 0x0000000080004df0 (0xc0327753) fcvt.lu.s a4, ft4
core   0: 1 0x0000000080004df0 (0xc0327753) c1_fflags 0x0000000000000010 x14 0xffffffffffffffff
core   0: 0x0000000080004df4 (0x4141d1b3) sra     gp, gp, s4
core   0: 1 0x0000000080004df4 (0x4141d1b3) x3  0x0000000000000000
core   0: 0x0000000080004df8 (0x01f8989b) slliw   a7, a7, 31
core   0: 1 0x0000000080004df8 (0x01f8989b) x17 0x0000000000000000
core   0: 0x0000000080004dfc (0x0ff0000f) fence   iorw,iorw
core   0: 1 0x0000000080004dfc (0x0ff0000f)
core   0: 0x0000000080004e00 (0x4004db93) srai    s7, s1, 0
core   0: 1 0x0000000080004e00 (0x4004db93) x23 0x0000000000000cf1
core   0: 0x0000000080004e04 (0x3f0c8e1b) addiw   t3, s9, 1008
core   0: 1 0x0000000080004e04 (0x3f0c8e1b) x28 0x00000000000003f0
core   0: 0x0000000080004e08 (0x0018f113) andi    sp, a7, 1
core   0: 1 0x0000000080004e08 (0x0018f113) x2  0x0000000000000000
core   0: 0x0000000080004e0c (0xe2020353) fmv.x.d t1, ft4
core   0: 1 0x0000000080004e0c (0xe2020353) x6  0xc1dffff111400000
core   0: 0x0000000080004e10 (0xa34b0d53) fle.d   s10, fs6, fs4
core   0: 1 0x0000000080004e10 (0xa34b0d53) c1_fflags 0x0000000000000010 x26 0x0000000000000000
core   0: 0x0000000080004e14 (0x01d65eb3) srl     t4, a2, t4
core   0: 1 0x0000000080004e14 (0x01d65eb3) x29 0x0000000000000000
core   0: 0x0000000080004e18 (0x9b41f443) fmadd.d fs0, ft3, fs4, fs3
core   0: 1 0x0000000080004e18 (0x9b41f443) f8  0x7ff8000000000000
core   0: 0x0000000080004e1c (0x41dd5033) sra     zero, s10, t4
core   0: 1 0x0000000080004e1c (0x41dd5033)
core   0: 0x0000000080004e20 (0x013869b3) or      s3, a6, s3
core   0: 1 0x0000000080004e20 (0x013869b3) x19 0xffffffffffffffff
core   0: 0x0000000080004e24 (0xd20b0f53) fcvt.d.w ft10, s6
core   0: 1 0x0000000080004e24 (0xd20b0f53) f30 0x4031000000000000
core   0: 0x0000000080004e28 (0x6b790117) auipc   sp, 0x6b790
core   0: 1 0x0000000080004e28 (0x6b790117) x2  0x00000000eb794e28
core   0: 0x0000000080004e2c (0x03f9d393) srli    t2, s3, 63
core   0: 1 0x0000000080004e2c (0x03f9d393) x7  0x0000000000000001
core   0: 0x0000000080004e30 (0x0261cbb3) div     s7, gp, t1
core   0: 1 0x0000000080004e30 (0x0261cbb3) x23 0x0000000000000000
core   0: 0x0000000080004e34 (0x010dfe33) and     t3, s11, a6
core   0: 1 0x0000000080004e34 (0x010dfe33) x28 0x0000000000000000
core   0: 0x0000000080004e38 (0x02c18733) mul     a4, gp, a2
core   0: 1 0x0000000080004e38 (0x02c18733) x14 0x0000000000000000
core   0: 0x0000000080004e3c (0x00a75913) srli    s2, a4, 10
core   0: 1 0x0000000080004e3c (0x00a75913) x18 0x0000000000000000
core   0: 0x0000000080004e40 (0x8007029b) addiw   t0, a4, -2048
core   0: 1 0x0000000080004e40 (0x8007029b) x5  0xfffffffffffff800
core   0: 0x0000000080004e44 (0xc2247ad3) fcvt.l.d s5, fs0
core   0: 1 0x0000000080004e44 (0xc2247ad3) c1_fflags 0x0000000000000010 x21 0x7fffffffffffffff
core   0: 0x0000000080004e48 (0x01759433) sll     s0, a1, s7
core   0: 1 0x0000000080004e48 (0x01759433) x8  0x000000003200daf3
core   0: 0x0000000080004e4c (0x0ad47d53) fsub.d  fs10, fs0, fa3
core   0: 1 0x0000000080004e4c (0x0ad47d53) f26 0x7ff8000000000000
core   0: 0x0000000080004e50 (0xc23ef653) fcvt.lu.d a2, ft9
core   0: 1 0x0000000080004e50 (0xc23ef653) c1_fflags 0x0000000000000010 x12 0x0000000000000000
core   0: 0x0000000080004e54 (0x015c5933) srl     s2, s8, s5
core   0: 1 0x0000000080004e54 (0x015c5933) x18 0x0000000000000000
core   0: 0x0000000080004e58 (0x5a0d73d3) fsqrt.d ft7, fs10
core   0: 1 0x0000000080004e58 (0x5a0d73d3) f7  0x7ff8000000000000
core   0: 0x0000000080004e5c (0x00ab1b33) sll     s6, s6, a0
core   0: 1 0x0000000080004e5c (0x00ab1b33) x22 0x0000000000000022
core   0: 0x0000000080004e60 (0x03258db3) mul     s11, a1, s2
core   0: 1 0x0000000080004e60 (0x03258db3) x27 0x0000000000000000
core   0: 0x0000000080004e64 (0x10a59073) csrrw   zero, senvcfg, a1
core   0: 1 0x0000000080004e64 (0x10a59073) c266_senvcfg 0x0000000000000000
core   0: 0x0000000080004e68 (0xd20b0453) fcvt.d.w fs0, s6
core   0: 1 0x0000000080004e68 (0xd20b0453) f8  0x4041000000000000
core   0: 0x0000000080004e6c (0x00119673) csrrw   a2, fflags, gp
core   0: 1 0x0000000080004e6c (0x00119673) x12 0x0000000000000010 c1_fflags 0x0000000000000000
core   0: 0x0000000080004e70 (0x414c5a9b) sraiw   s5, s8, 20
core   0: 1 0x0000000080004e70 (0x414c5a9b) x21 0xfffffffffffff800
core   0: 0x0000000080004e74 (0x00c547b3) xor     a5, a0, a2
core   0: 1 0x0000000080004e74 (0x00c547b3) x15 0x0000000000000011
core   0: 0x0000000080004e78 (0x037bdd33) divu    s10, s7, s7
core   0: 1 0x0000000080004e78 (0x037bdd33) x26 0xffffffffffffffff
core   0: 0x0000000080004e7c (0x628ff4c3) fmadd.d fs1, ft11, fs0, fa2
core   0: 1 0x0000000080004e7c (0x628ff4c3) f9  0x7ff8000000000000
core   0: 0x0000000080004e80 (0x023e8eb3) mul     t4, t4, gp
core   0: 1 0x0000000080004e80 (0x023e8eb3) x29 0x0000000000000000
core   0: 0x0000000080004e84 (0x4079591b) sraiw   s2, s2, 7
core   0: 1 0x0000000080004e84 (0x4079591b) x18 0x0000000000000000
core   0: 0x0000000080004e88 (0x223898d3) fsgnjn.d fa7, fa7, ft3
core   0: 1 0x0000000080004e88 (0x223898d3) f17 0x7fffffff00000000
core   0: 0x0000000080004e8c (0xd236f9d3) fcvt.d.lu fs3, a3
core   0: 1 0x0000000080004e8c (0xd236f9d3) f19 0x0000000000000000
core   0: 0x0000000080004e90 (0x8b59f147) fmsub.d ft2, fs3, fs5, fa7
core   0: 1 0x0000000080004e90 (0x8b59f147) f2  0x7ff8000000000000
core   0: 0x0000000080004e94 (0x00dd89bb) addw    s3, s11, a3
core   0: 1 0x0000000080004e94 (0x00dd89bb) x19 0x0000000000000000
core   0: 0x0000000080004e98 (0x012ede3b) srlw    t3, t4, s2
core   0: 1 0x0000000080004e98 (0x012ede3b) x28 0x0000000000000000
core   0: 0x0000000080004e9c (0x03c82433) mulhsu  s0, a6, t3
core   0: 1 0x0000000080004e9c (0x03c82433) x8  0x0000000000000000
core   0: 0x0000000080004ea0 (0xd0347453) fcvt.s.lu fs0, s0
core   0: 1 0x0000000080004ea0 (0xd0347453) f8  0xffffffff00000000
core   0: 0x0000000080004ea4 (0x001e521b) srliw   tp, t3, 1
core   0: 1 0x0000000080004ea4 (0x001e521b) x4  0x0000000000000000
core   0: 0x0000000080004ea8 (0x0bb8f9d3) fsub.d  fs3, fa7, fs11
core   0: 1 0x0000000080004ea8 (0x0bb8f9d3) f19 0x7ff8000000000000
core   0: 0x0000000080004eac (0xc03e74d3) fcvt.lu.s s1, ft8
core   0: 1 0x0000000080004eac (0xc03e74d3) c1_fflags 0x0000000000000010 x9  0xffffffffffffffff
core   0: 0x0000000080004eb0 (0x0054d0b3) srl     ra, s1, t0
core   0: 1 0x0000000080004eb0 (0x0054d0b3) x1  0xffffffffffffffff
core   0: 0x0000000080004eb4 (0x800dcc13) xori    s8, s11, -2048
core   0: 1 0x0000000080004eb4 (0x800dcc13) x24 0xfffffffffffff800
core   0: 0x0000000080004eb8 (0xd232fd53) fcvt.d.lu fs10, t0
core   0: 1 0x0000000080004eb8 (0xd232fd53) f26 0x43efffffffffffff
core   0: 0x0000000080004ebc (0x0258d8b3) divu    a7, a7, t0
core   0: 1 0x0000000080004ebc (0x0258d8b3) x17 0x0000000000000000
core   0: 0x0000000080004ec0 (0x010920b3) slt     ra, s2, a6
core   0: 1 0x0000000080004ec0 (0x010920b3) x1  0x0000000000000000
core   0: 0x0000000080004ec4 (0x400ada9b) sraiw   s5, s5, 0
core   0: 1 0x0000000080004ec4 (0x400ada9b) x21 0xfffffffffffff800
core   0: 0x0000000080004ec8 (0x420209d3) fcvt.d.s fs3, ft4
core   0: 1 0x0000000080004ec8 (0x420209d3) f19 0x7ff8000000000000
core   0: 0x0000000080004ecc (0x0069a333) slt     t1, s3, t1
core   0: 1 0x0000000080004ecc (0x0069a333) x6  0x0000000000000000
core   0: 0x0000000080004ed0 (0x00bc501b) srliw   zero, s8, 11
core   0: 1 0x0000000080004ed0 (0x00bc501b)
core   0: 0x0000000080004ed4 (0xf2000dd3) fmv.d.x fs11, zero
core   0: 1 0x0000000080004ed4 (0xf2000dd3) f27 0x0000000000000000
core   0: 0x0000000080004ed8 (0x03167b3b) remuw   s6, a2, a7
core   0: 1 0x0000000080004ed8 (0x03167b3b) x22 0x0000000000000010
core   0: 0x0000000080004edc (0x002898f3) csrrw   a7, frm, a7
core   0: 1 0x0000000080004edc (0x002898f3) x17 0x0000000000000003 c2_frm 0x0000000000000000
core   0: 0x0000000080004ee0 (0x23d9aed3) fsgnjx.d ft9, fs3, ft9
core   0: 1 0x0000000080004ee0 (0x23d9aed3) f29 0xfff8000000000000
core   0: 0x0000000080004ee4 (0x0ada72d3) fsub.d  ft5, fs4, fa3
core   0: 1 0x0000000080004ee4 (0x0ada72d3) f5  0x7ff8000000000000
core   0: 0x0000000080004ee8 (0xd228f153) fcvt.d.l ft2, a7
core   0: 1 0x0000000080004ee8 (0xd228f153) f2  0x4008000000000000
core   0: 0x0000000080004eec (0x403e8ab3) sub     s5, t4, gp
core   0: 1 0x0000000080004eec (0x403e8ab3) x21 0x0000000000000000
core   0: 0x0000000080004ef0 (0xc025f253) fcvt.l.s tp, fa1
core   0: 1 0x0000000080004ef0 (0xc025f253) c1_fflags 0x0000000000000010 x4  0x7fffffffffffffff
core   0: 0x0000000080004ef4 (0x40425613) srai    a2, tp, 4
core   0: 1 0x0000000080004ef4 (0x40425613) x12 0x07ffffffffffffff
core   0: 0x0000000080004ef8 (0xc022fdd3) fcvt.l.s s11, ft5
core   0: 1 0x0000000080004ef8 (0xc022fdd3) c1_fflags 0x0000000000000010 x27 0x7fffffffffffffff
core   0: 0x0000000080004efc (0xc20dfbd3) fcvt.w.d s7, fs11
core   0: 1 0x0000000080004efc (0xc20dfbd3) x23 0x0000000000000000
core   0: 0x0000000080004f00 (0x7b0c75f3) csrrci  a1, dcsr, 24
core   0: exception trap_illegal_instruction, epc 0x0000000080004f00
core   0:           tval 0x000000007b0c75f3
core   0: >>>>  $xrv64i2p1_m2p0_a2p1_f2p2_d2p2_zicsr2p0_zifencei2p0_zmmul1p0_zba1p0_zbb1p0_zbc1p0_zbs1p0
core   0: 0x0000000080004000 (0x0080006f) j       pc + 0x8
core   0: 3 0x0000000080004000 (0x0080006f)
core   0: >>>>  mmode_exception_handler
core   0: 0x0000000080004008 (0x00002c17) auipc   s8, 0x2
core   0: 3 0x0000000080004008 (0x00002c17) x24 0x0000000080006008
core   0: 0x000000008000400c (0x0c8c0c13) addi    s8, s8, 200
core   0: 3 0x000000008000400c (0x0c8c0c13) x24 0x00000000800060d0
core   0: 0x0000000080004010 (0x000c00e7) jalr    s8
core   0: 3 0x0000000080004010 (0x000c00e7) x1  0x0000000080004014
core   0: >>>>  any_handler
core   0: 0x00000000800060d0 (0x341027f3) csrrs   a5, mepc, zero
core   0: 3 0x00000000800060d0 (0x341027f3) x15 0x0000000080004f00
core   0: 0x00000000800060d4 (0x34202773) csrrs   a4, mcause, zero
core   0: 3 0x00000000800060d4 (0x34202773) x14 0x0000000000000002
core   0: 0x00000000800060d8 (0x142026f3) csrrs   a3, scause, zero
core   0: 3 0x00000000800060d8 (0x142026f3) x13 0x0000000000000000
core   0: 0x00000000800060dc (0x30402673) csrrs   a2, mie, zero
core   0: 3 0x00000000800060dc (0x30402673) x12 0x0000000000000a00
core   0: 0x00000000800060e0 (0x344025f3) csrrs   a1, mip, zero
core   0: 3 0x00000000800060e0 (0x344025f3) x11 0x0000000000000080
core   0: 0x00000000800060e4 (0x343025f3) csrrs   a1, mtval, zero
core   0: 3 0x00000000800060e4 (0x343025f3) x11 0x000000007b0c75f3
core   0: 0x00000000800060e8 (0x14302573) csrrs   a0, stval, zero
core   0: 3 0x00000000800060e8 (0x14302573) x10 0x0000000000000001
core   0: 0x00000000800060ec (0xb02024f3) csrrs   s1, minstret, zero
core   0: 3 0x00000000800060ec (0xb02024f3) x9  0x0000000000000d49
core   0: 0x00000000800060f0 (0x0000a811) c.j     pc + 20
core   0: 3 0x00000000800060f0 (0xa811)
core   0: >>>>  mepc_4
core   0: 0x0000000080006104 (0x00000791) c.addi  a5, 4
core   0: 3 0x0000000080006104 (0x0791) x15 0x0000000080004f04
core   0: 0x0000000080006106 (0x34179073) csrrw   zero, mepc, a5
core   0: 3 0x0000000080006106 (0x34179073) c833_mepc 0x0000000080004f04
core   0: 0x000000008000610a (0x30200073) mret
core   0: 3 0x000000008000610a (0x30200073) c768_mstatus 0x8000000a00106080
core   0: 0x0000000080004f04 (0x017dd23b) srlw    tp, s11, s7
core   0: 1 0x0000000080004f04 (0x017dd23b) x4  0xffffffffffffffff
core   0: 0x0000000080004f08 (0x1a8bf253) fdiv.d  ft4, fs7, fs0
core   0: 1 0x0000000080004f08 (0x1a8bf253) f4  0x7ff8000000000000
core   0: 0x0000000080004f0c (0xe20a8cd3) fmv.x.d s9, fs5
core   0: 1 0x0000000080004f0c (0xe20a8cd3) x25 0x7ff8000000000000
core   0: 0x0000000080004f10 (0x02527e3b) remuw   t3, tp, t0
core   0: 1 0x0000000080004f10 (0x02527e3b) x28 0x00000000000007ff
core   0: 0x0000000080004f14 (0x012895b3) sll     a1, a7, s2
core   0: 1 0x0000000080004f14 (0x012895b3) x11 0x0000000000000003
core   0: 0x0000000080004f18 (0x0005923b) sllw    tp, a1, zero
core   0: 1 0x0000000080004f18 (0x0005923b) x4  0x0000000000000003
core   0: 0x0000000080004f1c (0xfff3889b) addiw   a7, t2, -1
core   0: 1 0x0000000080004f1c (0xfff3889b) x17 0x0000000000000000
core   0: 0x0000000080004f20 (0x13947cd3) fmul.d  fs9, fs0, fs9
core   0: 1 0x0000000080004f20 (0x13947cd3) f25 0x7ff8000000000000
core   0: 0x0000000080004f24 (0x0008f413) andi    s0, a7, 0
core   0: 1 0x0000000080004f24 (0x0008f413) x8  0x0000000000000000
core   0: 0x0000000080004f28 (0x2a9c0bd3) fmin.d  fs7, fs8, fs1
core   0: 1 0x0000000080004f28 (0x2a9c0bd3) f23 0x7ff8000000000000
core   0: 0x0000000080004f2c (0x0009109b) slliw   ra, s2, 0
core   0: 1 0x0000000080004f2c (0x0009109b) x1  0x0000000000000000
core   0: 0x0000000080004f30 (0x22fc97d3) fsgnjn.d fa5, fs9, fa5
core   0: 1 0x0000000080004f30 (0x22fc97d3) f15 0xfff8000000000000
core   0: 0x0000000080004f34 (0xfff08a13) addi    s4, ra, -1
core   0: 1 0x0000000080004f34 (0xfff08a13) x20 0xffffffffffffffff
core   0: 0x0000000080004f38 (0x001b96f3) csrrw   a3, fflags, s7
core   0: 1 0x0000000080004f38 (0x001b96f3) x13 0x0000000000000010 c1_fflags 0x0000000000000000
core   0: 0x0000000080004f3c (0x80028393) addi    t2, t0, -2048
core   0: 1 0x0000000080004f3c (0x80028393) x7  0xfffffffffffff000
core   0: 0x0000000080004f40 (0x5d8d8197) auipc   gp, 0x5d8d8
core   0: 1 0x0000000080004f40 (0x5d8d8197) x3  0x00000000dd8dcf40
core   0: 0x0000000080004f44 (0x237826d3) fsgnjx.d fa3, fa6, fs7
core   0: 1 0x0000000080004f44 (0x237826d3) f13 0x7ff8000000000000
core   0: 0x0000000080004f48 (0x00108613) addi    a2, ra, 1
core   0: 1 0x0000000080004f48 (0x00108613) x12 0x0000000000000001
core   0: 0x0000000080004f4c (0xc38578cf) fnmadd.d fa7, fa0, fs8, fs8
core   0: 1 0x0000000080004f4c (0xc38578cf) f17 0x7ff8000000000000
core   0: 0x0000000080004f50 (0x029af3bb) remuw   t2, s5, s1
core   0: 1 0x0000000080004f50 (0x029af3bb) x7  0x0000000000000000
core   0: 0x0000000080004f54 (0x02ba15b3) mulh    a1, s4, a1
core   0: 1 0x0000000080004f54 (0x02ba15b3) x11 0xffffffffffffffff
core   0: 0x0000000080004f58 (0xab16f2cf) fnmadd.d ft5, fa3, fa7, fs5
core   0: 1 0x0000000080004f58 (0xab16f2cf) f5  0x7ff8000000000000
core   0: 0x0000000080004f5c (0xa25688d3) fle.d   a7, fa3, ft5
core   0: 1 0x0000000080004f5c (0xa25688d3) c1_fflags 0x0000000000000010 x17 0x0000000000000000
core   0: 0x0000000080004f60 (0x612ce837) lui     a6, 0x612ce
core   0: 1 0x0000000080004f60 (0x612ce837) x16 0x00000000612ce000
core   0: 0x0000000080004f64 (0x00102573) csrrs   a0, fflags, zero
core   0: 1 0x0000000080004f64 (0x00102573) x10 0x0000000000000010
core   0: 0x0000000080004f68 (0x00a47cb3) and     s9, s0, a0
core   0: 1 0x0000000080004f68 (0x00a47cb3) x25 0x0000000000000000
core   0: 0x0000000080004f6c (0x74292497) auipc   s1, 0x74292
core   0: 1 0x0000000080004f6c (0x74292497) x9  0x00000000f4296f6c
core   0: 0x0000000080004f70 (0x005152b3) srl     t0, sp, t0
core   0: 1 0x0000000080004f70 (0x005152b3) x5  0x00000000eb794e28
core   0: 0x0000000080004f74 (0x7ff5eb93) ori     s7, a1, 2047
core   0: 1 0x0000000080004f74 (0x7ff5eb93) x23 0xffffffffffffffff
core   0: 0x0000000080004f78 (0x2b818553) fmin.d  fa0, ft3, fs8
core   0: 1 0x0000000080004f78 (0x2b818553) f10 0xc090180000000000
core   0: 0x0000000080004f7c (0x01329a1b) slliw   s4, t0, 19
core   0: 1 0x0000000080004f7c (0x01329a1b) x20 0x0000000071400000
core   0: 0x0000000080004f80 (0x004a0633) add     a2, s4, tp
core   0: 1 0x0000000080004f80 (0x004a0633) x12 0x0000000071400003
core   0: 0x0000000080004f84 (0x0605d737) lui     a4, 0x605d
core   0: 1 0x0000000080004f84 (0x0605d737) x14 0x000000000605d000
core   0: 0x0000000080004f88 (0x7477071b) addiw   a4, a4, 1863
core   0: 1 0x0000000080004f88 (0x7477071b) x14 0x000000000605d747
core   0: 0x0000000080004f8c (0x00000732) c.slli  a4, 12
core   0: 1 0x0000000080004f8c (0x0732) x14 0x000000605d747000
core   0: 0x0000000080004f8e (0x24870713) addi    a4, a4, 584
core   0: 1 0x0000000080004f8e (0x24870713) x14 0x000000605d747248
core   0: 0x0000000080004f92 (0x000c141b) slliw   s0, s8, 0
core   0: 1 0x0000000080004f92 (0x000c141b) x8  0xffffffff800060d0
core   0: 0x0000000080004f96 (0xc202f953) fcvt.w.d s2, ft5
core   0: 1 0x0000000080004f96 (0xc202f953) c1_fflags 0x0000000000000010 x18 0x000000007fffffff
core   0: 0x0000000080004f9a (0x015d93b3) sll     t2, s11, s5
core   0: 1 0x0000000080004f9a (0x015d93b3) x7  0x7fffffffffffffff
core   0: 0x0000000080004f9e (0x01f0909b) slliw   ra, ra, 31
core   0: 1 0x0000000080004f9e (0x01f0909b) x1  0x0000000000000000
core   0: 0x0000000080004fa2 (0x001027f3) csrrs   a5, fflags, zero
core   0: 1 0x0000000080004fa2 (0x001027f3) x15 0x0000000000000010
core   0: 0x0000000080004fa6 (0x4000d49b) sraiw   s1, ra, 0
core   0: 1 0x0000000080004fa6 (0x4000d49b) x9  0x0000000000000000
core   0: 0x0000000080004faa (0xe20983d3) fmv.x.d t2, fs3
core   0: 1 0x0000000080004faa (0xe20983d3) x7  0x7ff8000000000000
core   0: 0x0000000080004fae (0x2232aa53) fsgnjx.d fs4, ft5, ft3
core   0: 1 0x0000000080004fae (0x2232aa53) f20 0xfff8000000000000
core   0: 0x0000000080004fb2 (0x036585bb) mulw    a1, a1, s6
core   0: 1 0x0000000080004fb2 (0x036585bb) x11 0xfffffffffffffff0
core   0: 0x0000000080004fb6 (0x03f5d193) srli    gp, a1, 63
core   0: 1 0x0000000080004fb6 (0x03f5d193) x3  0x0000000000000001
core   0: 0x0000000080004fba (0x0051a133) slt     sp, gp, t0
core   0: 1 0x0000000080004fba (0x0051a133) x2  0x0000000000000001
core   0: 0x0000000080004fbe (0x015d15b3) sll     a1, s10, s5
core   0: 1 0x0000000080004fbe (0x015d15b3) x11 0xffffffffffffffff
core   0: 0x0000000080004fc2 (0x234b8ad3) fsgnj.d fs5, fs7, fs4
core   0: 1 0x0000000080004fc2 (0x234b8ad3) f21 0xfff8000000000000
core   0: 0x0000000080004fc6 (0x0366d13b) divuw   sp, a3, s6
core   0: 1 0x0000000080004fc6 (0x0366d13b) x2  0x0000000000000001
core   0: 0x0000000080004fca (0x01c5f3b3) and     t2, a1, t3
core   0: 1 0x0000000080004fca (0x01c5f3b3) x7  0x00000000000007ff
core   0: 0x0000000080004fce (0xc208f8d3) fcvt.w.d a7, fa7
core   0: 1 0x0000000080004fce (0xc208f8d3) c1_fflags 0x0000000000000010 x17 0x000000007fffffff
core   0: 0x0000000080004fd2 (0x22ab23d3) fsgnjx.d ft7, fs6, fa0
core   0: 1 0x0000000080004fd2 (0x22ab23d3) f7  0xfff8000000000000
core   0: 0x0000000080004fd6 (0x00000001) c.nop
core   0: 1 0x0000000080004fd6 (0x0001)
core   0: 0x0000000080004fd8 (0x00f7c9b3) xor     s3, a5, a5
core   0: 1 0x0000000080004fd8 (0x00f7c9b3) x19 0x0000000000000000
core   0: 0x0000000080004fdc (0x00000001) c.nop
core   0: 1 0x0000000080004fdc (0x0001)
core   0: 0x0000000080004fde (0x014a49b3) xor     s3, s4, s4
core   0: 1 0x0000000080004fde (0x014a49b3) x19 0x0000000000000000
core   0: 0x0000000080004fe2 (0x01b99713) slli    a4, s3, 27
core   0: 1 0x0000000080004fe2 (0x01b99713) x14 0x0000000000000000
core   0: 0x0000000080004fe6 (0x0007599b) srliw   s3, a4, 0
core   0: 1 0x0000000080004fe6 (0x0007599b) x19 0x0000000000000000
core   0: 0x0000000080004fea (0x00e1803b) addw    zero, gp, a4
core   0: 1 0x0000000080004fea (0x00e1803b)
core   0: 0x0000000080004fee (0x40e705bb) subw    a1, a4, a4
core   0: 1 0x0000000080004fee (0x40e705bb) x11 0x0000000000000000
core   0: 0x0000000080004ff2 (0xd025fe53) fcvt.s.l ft8, a1
core   0: 1 0x0000000080004ff2 (0xd025fe53) f28 0xffffffff00000000
core   0: 0x0000000080004ff6 (0xb533f393) andi    t2, t2, -1197
core   0: 1 0x0000000080004ff6 (0xb533f393) x7  0x0000000000000353
core   0: 0x0000000080004ffa (0x8a31facb) fnmsub.d fs5, ft3, ft3, fa7
core   0: 1 0x0000000080004ffa (0x8a31facb) f21 0x7ff8000000000000
core   0: 0x0000000080004ffe (0x98f2fb93) andi    s7, t0, -1649
core   0: 1 0x0000000080004ffe (0x98f2fb93) x23 0x00000000eb794808
core   0: 0x0000000080005002 (0x2baa8d53) fmin.d  fs10, fs5, fs10
core   0: 1 0x0000000080005002 (0x2baa8d53) f26 0x43efffffffffffff
core   0: 0x0000000080005006 (0xd035f753) fcvt.s.lu fa4, a1
core   0: 1 0x0000000080005006 (0xd035f753) f14 0xffffffff00000000
core   0: 0x000000008000500a (0x40c6d6b3) sra     a3, a3, a2
core   0: 1 0x000000008000500a (0x40c6d6b3) x13 0x0000000000000002
core   0: 0x000000008000500e (0x02006033) rem     zero, zero, zero
core   0: 1 0x000000008000500e (0x02006033)
core   0: 0x0000000080005012 (0x13cb73d3) fmul.d  ft7, fs6, ft8
core   0: 1 0x0000000080005012 (0x13cb73d3) f7  0x7ff8000000000000
core   0: 0x0000000080005016 (0xd225fe53) fcvt.d.l ft8, a1
core   0: 1 0x0000000080005016 (0xd225fe53) f28 0x0000000000000000
core   0: 0x000000008000501a (0x03247c53) fadd.d  fs8, fs0, fs2
core   0: 1 0x000000008000501a (0x03247c53) f24 0x7ff8000000000000
core   0: 0x000000008000501e (0x0011dc13) srli    s8, gp, 1
core   0: 1 0x000000008000501e (0x0011dc13) x24 0x0000000000000000
core   0: 0x0000000080005022 (0xdb2a039b) addiw   t2, s4, -590
core   0: 1 0x0000000080005022 (0xdb2a039b) x7  0x00000000713ffdb2
core   0: 0x0000000080005026 (0xe20401d3) fmv.x.d gp, fs0
core   0: 1 0x0000000080005026 (0xe20401d3) x3  0xffffffff00000000
core   0: 0x000000008000502a (0x006222b3) slt     t0, tp, t1
core   0: 1 0x000000008000502a (0x006222b3) x5  0x0000000000000000
core   0: 0x000000008000502e (0x4188083b) subw    a6, a6, s8
core   0: 1 0x000000008000502e (0x4188083b) x16 0x00000000612ce000
core   0: 0x0000000080005032 (0xd2297b53) fcvt.d.l fs6, s2
core   0: 1 0x0000000080005032 (0xd2297b53) f22 0x41dfffffffc00000
core   0: 0x0000000080005036 (0x01916033) or      zero, sp, s9
core   0: 1 0x0000000080005036 (0x01916033)
core   0: 0x000000008000503a (0x0225b833) mulhu   a6, a1, sp
core   0: 1 0x000000008000503a (0x0225b833) x16 0x0000000000000000
core   0: 0x000000008000503e (0x01fa9a9b) slliw   s5, s5, 31
core   0: 1 0x000000008000503e (0x01fa9a9b) x21 0x0000000000000000
core   0: 0x0000000080005042 (0x00ad931b) slliw   t1, s11, 10
core   0: 1 0x0000000080005042 (0x00ad931b) x6  0xfffffffffffffc00
core   0: 0x0000000080005046 (0x41f4d99b) sraiw   s3, s1, 31
core   0: 1 0x0000000080005046 (0x41f4d99b) x19 0x0000000000000000
core   0: 0x000000008000504a (0xf2090353) fmv.d.x ft6, s2
core   0: 1 0x000000008000504a (0xf2090353) f6  0x000000007fffffff
core   0: 0x000000008000504e (0xa23c00d3) fle.d   ra, fs8, ft3
core   0: 1 0x000000008000504e (0xa23c00d3) c1_fflags 0x0000000000000010 x1  0x0000000000000000
core   0: 0x0000000080005052 (0x5b05f84f) fnmadd.d fa6, fa1, fa6, fa1
core   0: 1 0x0000000080005052 (0x5b05f84f) f16 0x7ff8000000000000
core   0: 0x0000000080005056 (0x3baffa43) fmadd.d fs4, ft11, fs10, ft7
core   0: 1 0x0000000080005056 (0x3baffa43) f20 0x7ff8000000000000
core   0: 0x000000008000505a (0x51212a97) auipc   s5, 0x51212
core   0: 1 0x000000008000505a (0x51212a97) x21 0x00000000d121705a
core   0: 0x000000008000505e (0xc033fed3) fcvt.lu.s t4, ft7
core   0: 1 0x000000008000505e (0xc033fed3) c1_fflags 0x0000000000000010 x29 0xffffffffffffffff
core   0: 0x0000000080005062 (0x002023f3) csrrs   t2, frm, zero
core   0: 1 0x0000000080005062 (0x002023f3) x7  0x0000000000000000
core   0: 0x0000000080005066 (0x40f8d433) sra     s0, a7, a5
core   0: 1 0x0000000080005066 (0x40f8d433) x8  0x0000000000007fff
core   0: 0x000000008000506a (0x031dee33) rem     t3, s11, a7
core   0: 1 0x000000008000506a (0x031dee33) x28 0x0000000000000001
core   0: 0x000000008000506e (0xa3460d53) fle.d   s10, fa2, fs4
core   0: 1 0x000000008000506e (0xa3460d53) c1_fflags 0x0000000000000010 x26 0x0000000000000000
core   0: 0x0000000080005072 (0x02fcdd33) divu    s10, s9, a5
core   0: 1 0x0000000080005072 (0x02fcdd33) x26 0x0000000000000000
core   0: 0x0000000080005076 (0xe2028453) fmv.x.d s0, ft5
core   0: 1 0x0000000080005076 (0xe2028453) x8  0x7ff8000000000000
core   0: 0x000000008000507a (0x01a5d313) srli    t1, a1, 26
core   0: 1 0x000000008000507a (0x01a5d313) x6  0x0000000000000000
core   0: 0x000000008000507e (0x000036fd) c.addiw a3, -1
core   0: 1 0x000000008000507e (0x36fd) x13 0x0000000000000001
core   0: 0x0000000080005080 (0x01fe151b) slliw   a0, t3, 31
core   0: 1 0x0000000080005080 (0x01fe151b) x10 0xffffffff80000000
core   0: 0x0000000080005084 (0x013dc9b3) xor     s3, s11, s3
core   0: 1 0x0000000080005084 (0x013dc9b3) x19 0x7fffffffffffffff
core   0: 0x0000000080005088 (0x2ad682d3) fmin.d  ft5, fa3, fa3
core   0: 1 0x0000000080005088 (0x2ad682d3) f5  0x7ff8000000000000
core   0: 0x000000008000508c (0xc037f1d3) fcvt.lu.s gp, fa5
core   0: 1 0x000000008000508c (0xc037f1d3) c1_fflags 0x0000000000000010 x3  0xffffffffffffffff
core   0: 0x0000000080005090 (0x034e8cbb) mulw    s9, t4, s4
core   0: 1 0x0000000080005090 (0x034e8cbb) x25 0xffffffff8ec00000
core   0: 0x0000000080005094 (0x00f9d7b3) srl     a5, s3, a5
core   0: 1 0x0000000080005094 (0x00f9d7b3) x15 0x00007fffffffffff
core   0: 0x0000000080005098 (0x401efed3) fcvt.s.d ft9, ft9
core   0: 1 0x0000000080005098 (0x401efed3) f29 0xffffffff7fc00000
core   0: 0x000000008000509c (0x1324fd53) fmul.d  fs10, fs1, fs2
core   0: 1 0x000000008000509c (0x1324fd53) f26 0x7ff8000000000000
core   0: 0x00000000800050a0 (0x02f2503b) divuw   zero, tp, a5
core   0: 1 0x00000000800050a0 (0x02f2503b)
core   0: 0x00000000800050a4 (0x419c80bb) subw    ra, s9, s9
core   0: 1 0x00000000800050a4 (0x419c80bb) x1  0x0000000000000000
core   0: 0x00000000800050a8 (0xd2168f53) fcvt.d.wu ft10, a3
core   0: 1 0x00000000800050a8 (0xd2168f53) f30 0x3ff0000000000000
core   0: 0x00000000800050ac (0x001d4433) xor     s0, s10, ra
core   0: 1 0x00000000800050ac (0x001d4433) x8  0x0000000000000000
core   0: 0x00000000800050b0 (0x2bbe8353) fmin.d  ft6, ft9, fs11
core   0: 1 0x00000000800050b0 (0x2bbe8353) f6  0x0000000000000000
core   0: 0x00000000800050b4 (0x00102ef3) csrrs   t4, fflags, zero
core   0: 1 0x00000000800050b4 (0x00102ef3) x29 0x0000000000000010
core   0: 0x00000000800050b8 (0x03cd8db3) mul     s11, s11, t3
core   0: 1 0x00000000800050b8 (0x03cd8db3) x27 0x7fffffffffffffff
core   0: 0x00000000800050bc (0x008353bb) srlw    t2, t1, s0
core   0: 1 0x00000000800050bc (0x008353bb) x7  0x0000000000000000
core   0: 0x00000000800050c0 (0x01fddc9b) srliw   s9, s11, 31
core   0: 1 0x00000000800050c0 (0x01fddc9b) x25 0x0000000000000001
core   0: 0x00000000800050c4 (0x2b650453) fmin.d  fs0, fa0, fs6
core   0: 1 0x00000000800050c4 (0x2b650453) f8  0xc090180000000000
core   0: 0x00000000800050c8 (0xd03470d3) fcvt.s.lu ft1, s0
core   0: 1 0x00000000800050c8 (0xd03470d3) f1  0xffffffff00000000
core   0: 0x00000000800050cc (0x00b39533) sll     a0, t2, a1
core   0: 1 0x00000000800050cc (0x00b39533) x10 0x0000000000000000
core   0: 0x00000000800050d0 (0x00149093) slli    ra, s1, 1
core   0: 1 0x00000000800050d0 (0x00149093) x1  0x0000000000000000
core   0: 0x00000000800050d4 (0x01791d1b) slliw   s10, s2, 23
core   0: 1 0x00000000800050d4 (0x01791d1b) x26 0xffffffffff800000
core   0: 0x00000000800050d8 (0x0270403b) divw    zero, zero, t2
core   0: 1 0x00000000800050d8 (0x0270403b)
core   0: 0x00000000800050dc (0x013652b3) srl     t0, a2, s3
core   0: 1 0x00000000800050dc (0x013652b3) x5  0x0000000000000000
core   0: 0x00000000800050e0 (0x00202873) csrrs   a6, frm, zero
core   0: 1 0x00000000800050e0 (0x00202873) x16 0x0000000000000000
core   0: 0x00000000800050e4 (0xa3b04c13) xori    s8, zero, -1477
core   0: 1 0x00000000800050e4 (0xa3b04c13) x24 0xfffffffffffffa3b
core   0: 0x00000000800050e8 (0x00071493) slli    s1, a4, 0
core   0: 1 0x00000000800050e8 (0x00071493) x9  0x0000000000000000
core   0: 0x00000000800050ec (0xfae55ab7) lui     s5, 0xfae55
core   0: 1 0x00000000800050ec (0xfae55ab7) x21 0xfffffffffae55000
core   0: 0x00000000800050f0 (0xb95a8a9b) addiw   s5, s5, -1131
core   0: 1 0x00000000800050f0 (0xb95a8a9b) x21 0xfffffffffae54b95
core   0: 0x00000000800050f4 (0x00000ab2) c.slli  s5, 12
core   0: 1 0x00000000800050f4 (0x0ab2) x21 0xffffffae54b95000
core   0: 0x00000000800050f6 (0x577a8a93) addi    s5, s5, 1399
core   0: 1 0x00000000800050f6 (0x577a8a93) x21 0xffffffae54b95577
core   0: 0x00000000800050fa (0x001b04bb) addw    s1, s6, ra
core   0: 1 0x00000000800050fa (0x001b04bb) x9  0x0000000000000010
core   0: 0x00000000800050fe (0xf85c6237) lui     tp, 0xf85c6
core   0: 1 0x00000000800050fe (0xf85c6237) x4  0xfffffffff85c6000
core   0: 0x0000000080005102 (0x6bd2021b) addiw   tp, tp, 1725
core   0: 1 0x0000000080005102 (0x6bd2021b) x4  0xfffffffff85c66bd
core   0: 0x0000000080005106 (0x00000232) c.slli  tp, 12
core   0: 1 0x0000000080005106 (0x0232) x4  0xffffff85c66bd000
core   0: 0x0000000080005108 (0x71520213) addi    tp, tp, 1813
core   0: 1 0x0000000080005108 (0x71520213) x4  0xffffff85c66bd715
core   0: 0x000000008000510c (0xb022bdf3) csrrc   s11, minstret, t0
core   0: exception trap_illegal_instruction, epc 0x000000008000510c
core   0:           tval 0x00000000b022bdf3
core   0: >>>>  $xrv64i2p1_m2p0_a2p1_f2p2_d2p2_zicsr2p0_zifencei2p0_zmmul1p0_zba1p0_zbb1p0_zbc1p0_zbs1p0
core   0: 0x0000000080004000 (0x0080006f) j       pc + 0x8
core   0: 3 0x0000000080004000 (0x0080006f)
core   0: >>>>  mmode_exception_handler
core   0: 0x0000000080004008 (0x00002c17) auipc   s8, 0x2
core   0: 3 0x0000000080004008 (0x00002c17) x24 0x0000000080006008
core   0: 0x000000008000400c (0x0c8c0c13) addi    s8, s8, 200
core   0: 3 0x000000008000400c (0x0c8c0c13) x24 0x00000000800060d0
core   0: 0x0000000080004010 (0x000c00e7) jalr    s8
core   0: 3 0x0000000080004010 (0x000c00e7) x1  0x0000000080004014
core   0: >>>>  any_handler
core   0: 0x00000000800060d0 (0x341027f3) csrrs   a5, mepc, zero
core   0: 3 0x00000000800060d0 (0x341027f3) x15 0x000000008000510c
core   0: 0x00000000800060d4 (0x34202773) csrrs   a4, mcause, zero
core   0: 3 0x00000000800060d4 (0x34202773) x14 0x0000000000000002
core   0: 0x00000000800060d8 (0x142026f3) csrrs   a3, scause, zero
core   0: 3 0x00000000800060d8 (0x142026f3) x13 0x0000000000000000
core   0: 0x00000000800060dc (0x30402673) csrrs   a2, mie, zero
core   0: 3 0x00000000800060dc (0x30402673) x12 0x0000000000000a00
core   0: 0x00000000800060e0 (0x344025f3) csrrs   a1, mip, zero
core   0: 3 0x00000000800060e0 (0x344025f3) x11 0x0000000000000080
core   0: 0x00000000800060e4 (0x343025f3) csrrs   a1, mtval, zero
core   0: 3 0x00000000800060e4 (0x343025f3) x11 0x00000000b022bdf3
core   0: 0x00000000800060e8 (0x14302573) csrrs   a0, stval, zero
core   0: 3 0x00000000800060e8 (0x14302573) x10 0x0000000000000001
core   0: 0x00000000800060ec (0xb02024f3) csrrs   s1, minstret, zero
core   0: 3 0x00000000800060ec (0xb02024f3) x9  0x0000000000000dde
core   0: 0x00000000800060f0 (0x0000a811) c.j     pc + 20
core   0: 3 0x00000000800060f0 (0xa811)
core   0: >>>>  mepc_4
core   0: 0x0000000080006104 (0x00000791) c.addi  a5, 4
core   0: 3 0x0000000080006104 (0x0791) x15 0x0000000080005110
core   0: 0x0000000080006106 (0x34179073) csrrw   zero, mepc, a5
core   0: 3 0x0000000080006106 (0x34179073) c833_mepc 0x0000000080005110
core   0: 0x000000008000610a (0x30200073) mret
core   0: 3 0x000000008000610a (0x30200073) c768_mstatus 0x8000000a00106080
core   0: 0x0000000080005110 (0xade2c913) xori    s2, t0, -1314
core   0: 1 0x0000000080005110 (0xade2c913) x18 0xfffffffffffffade
core   0: 0x0000000080005114 (0x001597f3) csrrw   a5, fflags, a1
core   0: 1 0x0000000080005114 (0x001597f3) x15 0x0000000000000010 c1_fflags 0x0000000000000013
core   0: 0x0000000080005118 (0x00a9d53b) srlw    a0, s3, a0
core   0: 1 0x0000000080005118 (0x00a9d53b) x10 0x000000007fffffff
core   0: 0x000000008000511c (0x771c50b7) lui     ra, 0x771c5
core   0: 1 0x000000008000511c (0x771c50b7) x1  0x00000000771c5000
core   0: 0x0000000080005120 (0x024c723b) remuw   tp, s8, tp
core   0: 1 0x0000000080005120 (0x024c723b) x4  0xffffffff800060d0
core   0: 0x0000000080005124 (0xc3660337) lui     t1, 0xc3660
core   0: 1 0x0000000080005124 (0xc3660337) x6  0xffffffffc3660000
core   0: 0x0000000080005128 (0xd02a7ad3) fcvt.s.l fs5, s4
core   0: 1 0x0000000080005128 (0xd02a7ad3) f21 0xffffffff4ee28000
core   0: 0x000000008000512c (0x0118119b) slliw   gp, a6, 17
core   0: 1 0x000000008000512c (0x0118119b) x3  0x0000000000000000
core   0: 0x0000000080005130 (0x0ff0000f) fence   iorw,iorw
core   0: 1 0x0000000080005130 (0x0ff0000f)
core   0: 0x0000000080005134 (0x5a037a53) fsqrt.d fs4, ft6
core   0: 1 0x0000000080005134 (0x5a037a53) f20 0x0000000000000000
core   0: 0x0000000080005138 (0x0121e733) or      a4, gp, s2
core   0: 1 0x0000000080005138 (0x0121e733) x14 0xfffffffffffffade
core   0: 0x000000008000513c (0x2a459f53) fmax.d  ft10, fa1, ft4
core   0: 1 0x000000008000513c (0x2a459f53) f30 0x7ff8000000000000
core   0: 0x0000000080005140 (0x419b5c1b) sraiw   s8, s6, 25
core   0: 1 0x0000000080005140 (0x419b5c1b) x24 0x0000000000000000
core   0: 0x0000000080005144 (0x40d1d19b) sraiw   gp, gp, 13
core   0: 1 0x0000000080005144 (0x40d1d19b) x3  0x0000000000000000
core   0: 0x0000000080005148 (0x22ef8fd3) fsgnj.d ft11, ft11, fa4
core   0: 1 0x0000000080005148 (0x22ef8fd3) f31 0x8000000000000000
core   0: 0x000000008000514c (0x5a67f0c3) fmadd.d ft1, fa5, ft6, fa1
core   0: 1 0x000000008000514c (0x5a67f0c3) f1  0x7ff8000000000000
core   0: 0x0000000080005150 (0x40445e33) sra     t3, s0, tp
core   0: 1 0x0000000080005150 (0x40445e33) x28 0x0000000000000000
core   0: 0x0000000080005154 (0x10cd2517) auipc   a0, 0x10cd2
core   0: 1 0x0000000080005154 (0x10cd2517) x10 0x0000000090cd7154
core   0: 0x0000000080005158 (0x0001579b) srliw   a5, sp, 0
core   0: 1 0x0000000080005158 (0x0001579b) x15 0x0000000000000001
core   0: 0x000000008000515c (0x02944433) div     s0, s0, s1
core   0: 1 0x000000008000515c (0x02944433) x8  0x0000000000000000
core   0: 0x0000000080005160 (0x0008d993) srli    s3, a7, 0
core   0: 1 0x0000000080005160 (0x0008d993) x19 0x000000007fffffff
core   0: 0x0000000080005164 (0x2b999bd3) fmax.d  fs7, fs3, fs9
core   0: 1 0x0000000080005164 (0x2b999bd3) f23 0x7ff8000000000000
core   0: 0x0000000080005168 (0x00834a33) xor     s4, t1, s0
core   0: 1 0x0000000080005168 (0x00834a33) x20 0xffffffffc3660000
core   0: 0x000000008000516c (0x1ced9217) auipc   tp, 0x1ced9
core   0: 1 0x000000008000516c (0x1ced9217) x4  0x000000009cede16c
core   0: 0x0000000080005170 (0x41605abb) sraw    s5, zero, s6
core   0: 1 0x0000000080005170 (0x41605abb) x21 0x0000000000000000
core   0: 0x0000000080005174 (0x420e8153) fcvt.d.s ft2, ft9
core   0: 1 0x0000000080005174 (0x420e8153) f2  0x7ff8000000000000
core   0: 0x0000000080005178 (0x001024f3) csrrs   s1, fflags, zero
core   0: 1 0x0000000080005178 (0x001024f3) x9  0x0000000000000013
core   0: 0x000000008000517c (0xad2afe13) andi    t3, s5, -1326
core   0: 1 0x000000008000517c (0xad2afe13) x28 0x0000000000000000
core   0: 0x0000000080005180 (0x022ef953) fadd.d  fs2, ft9, ft2
core   0: 1 0x0000000080005180 (0x022ef953) f18 0x7ff8000000000000
core   0: 0x0000000080005184 (0x222106d3) fsgnj.d fa3, ft2, ft2
core   0: 1 0x0000000080005184 (0x222106d3) f13 0x7ff8000000000000
core   0: 0x0000000080005188 (0x40c90cbb) subw    s9, s2, a2
core   0: 1 0x0000000080005188 (0x40c90cbb) x25 0xfffffffffffff0de
core   0: 0x000000008000518c (0x01956d33) or      s10, a0, s9
core   0: 1 0x000000008000518c (0x01956d33) x26 0xfffffffffffff1de
core   0: 0x0000000080005190 (0x40c6083b) subw    a6, a2, a2
core   0: 1 0x0000000080005190 (0x40c6083b) x16 0x0000000000000000
core   0: 0x0000000080005194 (0x2ad2fec7) fmsub.d ft9, ft5, fa3, ft5
core   0: 1 0x0000000080005194 (0x2ad2fec7) f29 0x7ff8000000000000
core   0: 0x0000000080005198 (0x00000001) c.nop
core   0: 1 0x0000000080005198 (0x0001)
core   0: 0x000000008000519a (0x53d6ff4f) fnmadd.d ft10, fa3, ft9, fa0
core   0: 1 0x000000008000519a (0x53d6ff4f) f30 0x7ff8000000000000
core   0: 0x000000008000519e (0x00279173) csrrw   sp, frm, a5
core   0: 1 0x000000008000519e (0x00279173) x2  0x0000000000000000 c2_frm 0x0000000000000001
core   0: 0x00000000800051a2 (0xd035fdd3) fcvt.s.lu fs11, a1
core   0: 1 0x00000000800051a2 (0xd035fdd3) c1_fflags 0x0000000000000013 f27 0xffffffff4f3022bd
core   0: 0x00000000800051a6 (0x03723ab3) mulhu   s5, tp, s7
core   0: 1 0x00000000800051a6 (0x03723ab3) x21 0x0000000000000000
core   0: 0x00000000800051aa (0x00ca9d1b) slliw   s10, s5, 12
core   0: 1 0x00000000800051aa (0x00ca9d1b) x26 0x0000000000000000
core   0: 0x00000000800051ae (0x420c82d3) fcvt.d.s ft5, fs9
core   0: 1 0x00000000800051ae (0x420c82d3) f5  0x7ff8000000000000
core   0: 0x00000000800051b2 (0x420d8253) fcvt.d.s ft4, fs11
core   0: 1 0x00000000800051b2 (0x420d8253) f4  0x41e60457a0000000
core   0: 0x00000000800051b6 (0x41abd6b3) sra     a3, s7, s10
core   0: 1 0x00000000800051b6 (0x41abd6b3) x13 0x00000000eb794808
core   0: 0x00000000800051ba (0x00000001) c.nop
core   0: 1 0x00000000800051ba (0x0001)
core   0: 0x00000000800051bc (0x001ad99b) srliw   s3, s5, 1
core   0: 1 0x00000000800051bc (0x001ad99b) x19 0x0000000000000000
core   0: 0x00000000800051c0 (0x03a3e33b) remw    t1, t2, s10
core   0: 1 0x00000000800051c0 (0x03a3e33b) x6  0x0000000000000000
core   0: 0x00000000800051c4 (0x0270f453) fadd.d  fs0, ft1, ft7
core   0: 1 0x00000000800051c4 (0x0270f453) f8  0x7ff8000000000000
core   0: 0x00000000800051c8 (0x2a188153) fmin.d  ft2, fa7, ft1
core   0: 1 0x00000000800051c8 (0x2a188153) f2  0x7ff8000000000000
core   0: 0x00000000800051cc (0x01b15dbb) srlw    s11, sp, s11
core   0: 1 0x00000000800051cc (0x01b15dbb) x27 0x0000000000000000
core   0: 0x00000000800051d0 (0x41bb5b3b) sraw    s6, s6, s11
core   0: 1 0x00000000800051d0 (0x41bb5b3b) x22 0x0000000000000010
core   0: 0x00000000800051d4 (0x1a267653) fdiv.d  fa2, fa2, ft2
core   0: 1 0x00000000800051d4 (0x1a267653) f12 0x7ff8000000000000
core   0: 0x00000000800051d8 (0x5a0af9d3) fsqrt.d fs3, fs5
core   0: 1 0x00000000800051d8 (0x5a0af9d3) f19 0x7ff8000000000000
core   0: 0x00000000800051dc (0xc20a7453) fcvt.w.d s0, fs4
core   0: 1 0x00000000800051dc (0xc20a7453) x8  0x0000000000000000
core   0: 0x00000000800051e0 (0x036798b3) mulh    a7, a5, s6
core   0: 1 0x00000000800051e0 (0x036798b3) x17 0x0000000000000000
core   0: 0x00000000800051e4 (0x0ff0000f) fence   iorw,iorw
core   0: 1 0x00000000800051e4 (0x0ff0000f)
core   0: 0x00000000800051e8 (0x2a2f9fd3) fmax.d  ft11, ft11, ft2
core   0: 1 0x00000000800051e8 (0x2a2f9fd3) f31 0x8000000000000000
core   0: 0x00000000800051ec (0x02adbc33) mulhu   s8, s11, a0
core   0: 1 0x00000000800051ec (0x02adbc33) x24 0x0000000000000000
core   0: 0x00000000800051f0 (0x222ca553) fsgnjx.d fa0, fs9, ft2
core   0: 1 0x00000000800051f0 (0x222ca553) f10 0x7ff8000000000000
core   0: 0x00000000800051f4 (0xb4b5b5b7) lui     a1, 0xb4b5b
core   0: 1 0x00000000800051f4 (0xb4b5b5b7) x11 0xffffffffb4b5b000
core   0: 0x00000000800051f8 (0x0157d63b) srlw    a2, a5, s5
core   0: 1 0x00000000800051f8 (0x0157d63b) x12 0x0000000000000001
core   0: 0x00000000800051fc (0x01fa5713) srli    a4, s4, 31
core   0: 1 0x00000000800051fc (0x01fa5713) x14 0x00000001ffffffff
core   0: 0x0000000080005200 (0x03b6853b) mulw    a0, a3, s11
core   0: 1 0x0000000080005200 (0x03b6853b) x10 0x0000000000000000
core   0: 0x0000000080005204 (0xcefa4393) xori    t2, s4, -785
core   0: 1 0x0000000080005204 (0xcefa4393) x7  0x000000003c99fcef
core   0: 0x0000000080005208 (0x02215bbb) divuw   s7, sp, sp
core   0: 1 0x0000000080005208 (0x02215bbb) x23 0xffffffffffffffff
core   0: 0x000000008000520c (0x4ad00193) li      gp, 1197
core   0: 1 0x000000008000520c (0x4ad00193) x3  0x00000000000004ad
core   0: 0x0000000080005210 (0x00c05833) srl     a6, zero, a2
core   0: 1 0x0000000080005210 (0x00c05833) x16 0x0000000000000000
core   0: 0x0000000080005214 (0x0a2ffd53) fsub.d  fs10, ft11, ft2
core   0: 1 0x0000000080005214 (0x0a2ffd53) f26 0x7ff8000000000000
core   0: 0x0000000080005218 (0x001022f3) csrrs   t0, fflags, zero
core   0: 1 0x0000000080005218 (0x001022f3) x5  0x0000000000000013
core   0: 0x000000008000521c (0x0140503b) srlw    zero, zero, s4
core   0: 1 0x000000008000521c (0x0140503b)
core   0: 0x0000000080005220 (0x00229773) csrrw   a4, frm, t0
core   0: 1 0x0000000080005220 (0x00229773) x14 0x0000000000000001 c2_frm 0x0000000000000003
core   0: 0x0000000080005224 (0xa80b8b93) addi    s7, s7, -1408
core   0: 1 0x0000000080005224 (0xa80b8b93) x23 0xfffffffffffffa7f
core   0: 0x0000000080005228 (0x022bb6b3) mulhu   a3, s7, sp
core   0: 1 0x0000000080005228 (0x022bb6b3) x13 0x0000000000000000
core   0: 0x000000008000522c (0xa3a104d3) fle.d   s1, ft2, fs10
core   0: 1 0x000000008000522c (0xa3a104d3) c1_fflags 0x0000000000000013 x9  0x0000000000000000
core   0: 0x0000000080005230 (0x037ee6b3) rem     a3, t4, s7
core   0: 1 0x0000000080005230 (0x037ee6b3) x13 0x0000000000000010
core   0: 0x0000000080005234 (0x4004d413) srai    s0, s1, 0
core   0: 1 0x0000000080005234 (0x4004d413) x8  0x0000000000000000
core   0: 0x0000000080005238 (0x039cdbb3) divu    s7, s9, s9
core   0: 1 0x0000000080005238 (0x039cdbb3) x23 0x0000000000000001
core   0: 0x000000008000523c (0x03a57853) fadd.d  fa6, fa0, fs10
core   0: 1 0x000000008000523c (0x03a57853) f16 0x7ff8000000000000
core   0: 0x0000000080005240 (0x0b1e7b53) fsub.d  fs6, ft8, fa7
core   0: 1 0x0000000080005240 (0x0b1e7b53) f22 0x7ff8000000000000
core   0: 0x0000000080005244 (0x413909bb) subw    s3, s2, s3
core   0: 1 0x0000000080005244 (0x413909bb) x19 0xfffffffffffffade
core   0: 0x0000000080005248 (0x00a3dcbb) srlw    s9, t2, a0
core   0: 1 0x0000000080005248 (0x00a3dcbb) x25 0x000000003c99fcef
core   0: 0x000000008000524c (0x93297647) fmsub.d fa2, fs2, fs2, fs2
core   0: 1 0x000000008000524c (0x93297647) f12 0x7ff8000000000000
core   0: 0x0000000080005250 (0x009cd593) srli    a1, s9, 9
core   0: 1 0x0000000080005250 (0x009cd593) x11 0x00000000001e4cfe
core   0: 0x0000000080005254 (0x01ad87bb) addw    a5, s11, s10
core   0: 1 0x0000000080005254 (0x01ad87bb) x15 0x0000000000000000
core   0: 0x0000000080005258 (0x41b7de33) sra     t3, a5, s11
core   0: 1 0x0000000080005258 (0x41b7de33) x28 0x0000000000000000
core   0: 0x000000008000525c (0x33ee6293) ori     t0, t3, 830
core   0: 1 0x000000008000525c (0x33ee6293) x5  0x000000000000033e
core   0: 0x0000000080005260 (0x00000001) c.nop
core   0: 1 0x0000000080005260 (0x0001)
core   0: 0x0000000080005262 (0x41f7571b) sraiw   a4, a4, 31
core   0: 1 0x0000000080005262 (0x41f7571b) x14 0x0000000000000000
core   0: 0x0000000080005266 (0x02e5843b) mulw    s0, a1, a4
core   0: 1 0x0000000080005266 (0x02e5843b) x8  0x0000000000000000
core   0: 0x000000008000526a (0x0284d833) divu    a6, s1, s0
core   0: 1 0x000000008000526a (0x0284d833) x16 0xffffffffffffffff
core   0: 0x000000008000526e (0x5a067e53) fsqrt.d ft8, fa2
core   0: 1 0x000000008000526e (0x5a067e53) f28 0x7ff8000000000000
core   0: 0x0000000080005272 (0x0286eebb) remw    t4, a3, s0
core   0: 1 0x0000000080005272 (0x0286eebb) x29 0x0000000000000010
core   0: 0x0000000080005276 (0x00009cca) c.add   s9, s2
core   0: 1 0x0000000080005276 (0x9cca) x25 0x000000003c99f7cd
core   0: 0x0000000080005278 (0x0177c2b3) xor     t0, a5, s7
core   0: 1 0x0000000080005278 (0x0177c2b3) x5  0x0000000000000001
core   0: 0x000000008000527c (0x419d80b3) sub     ra, s11, s9
core   0: 1 0x000000008000527c (0x419d80b3) x1  0xffffffffc3660833
core   0: 0x0000000080005280 (0xd2c673c3) fmadd.d ft7, fa2, fa2, fs10
core   0: 1 0x0000000080005280 (0xd2c673c3) f7  0x7ff8000000000000
core   0: 0x0000000080005284 (0x00139993) slli    s3, t2, 1
core   0: 1 0x0000000080005284 (0x00139993) x19 0x000000007933f9de
core   0: 0x0000000080005288 (0x0019881b) addiw   a6, s3, 1
core   0: 1 0x0000000080005288 (0x0019881b) x16 0x000000007933f9df
core   0: 0x000000008000528c (0x0002d713) srli    a4, t0, 0
core   0: 1 0x000000008000528c (0x0002d713) x14 0x0000000000000001
core   0: 0x0000000080005290 (0x017c5133) srl     sp, s8, s7
core   0: 1 0x0000000080005290 (0x017c5133) x2  0x0000000000000000
core   0: 0x0000000080005294 (0x00000001) c.nop
core   0: 1 0x0000000080005294 (0x0001)
core   0: 0x0000000080005296 (0xd22bfcd3) fcvt.d.l fs9, s7
core   0: 1 0x0000000080005296 (0xd22bfcd3) f25 0x3ff0000000000000
core   0: 0x000000008000529a (0x00202273) csrrs   tp, frm, zero
core   0: 1 0x000000008000529a (0x00202273) x4  0x0000000000000003
core   0: 0x000000008000529e (0x002b803b) addw    zero, s7, sp
core   0: 1 0x000000008000529e (0x002b803b)
core   0: 0x00000000800052a2 (0xc203f7d3) fcvt.w.d a5, ft7
core   0: 1 0x00000000800052a2 (0xc203f7d3) c1_fflags 0x0000000000000013 x15 0x000000007fffffff
core   0: 0x00000000800052a6 (0x0130c033) xor     zero, ra, s3
core   0: 1 0x00000000800052a6 (0x0130c033)
core   0: 0x00000000800052aa (0xc03cf0d3) fcvt.lu.s ra, fs9
core   0: 1 0x00000000800052aa (0xc03cf0d3) c1_fflags 0x0000000000000013 x1  0xffffffffffffffff
core   0: 0x00000000800052ae (0x405a5a3b) sraw    s4, s4, t0
core   0: 1 0x00000000800052ae (0x405a5a3b) x20 0xffffffffe1b30000
core   0: 0x00000000800052b2 (0x41728d33) sub     s10, t0, s7
core   0: 1 0x00000000800052b2 (0x41728d33) x26 0x0000000000000000
core   0: 0x00000000800052b6 (0x00102bf3) csrrs   s7, fflags, zero
core   0: 1 0x00000000800052b6 (0x00102bf3) x23 0x0000000000000013
core   0: 0x00000000800052ba (0x0a10704f) fnmadd.d ft0, ft0, ft1, ft1
core   0: 1 0x00000000800052ba (0x0a10704f) f0  0x7ff8000000000000
core   0: 0x00000000800052be (0x22249153) fsgnjn.d ft2, fs1, ft2
core   0: 1 0x00000000800052be (0x22249153) f2  0xfff8000000000000
core   0: 0x00000000800052c2 (0x22e02753) fsgnjx.d fa4, ft0, fa4
core   0: 1 0x00000000800052c2 (0x22e02753) f14 0xfff8000000000000
core   0: 0x00000000800052c6 (0x02cc663b) remw    a2, s8, a2
core   0: 1 0x00000000800052c6 (0x02cc663b) x12 0x0000000000000000
core   0: 0x00000000800052ca (0x2add1d53) fmax.d  fs10, fs10, fa3
core   0: 1 0x00000000800052ca (0x2add1d53) f26 0x7ff8000000000000
core   0: 0x00000000800052ce (0x01bc7a33) and     s4, s8, s11
core   0: 1 0x00000000800052ce (0x01bc7a33) x20 0x0000000000000000
core   0: 0x00000000800052d2 (0x02c43433) mulhu   s0, s0, a2
core   0: 1 0x00000000800052d2 (0x02c43433) x8  0x0000000000000000
core   0: 0x00000000800052d6 (0xcaad724b) fnmsub.d ft4, fs10, fa0, fs9
core   0: 1 0x00000000800052d6 (0xcaad724b) f4  0x7ff8000000000000
core   0: 0x00000000800052da (0xc21ef453) fcvt.wu.d s0, ft9
core   0: 1 0x00000000800052da (0xc21ef453) c1_fflags 0x0000000000000013 x8  0xffffffffffffffff
core   0: 0x00000000800052de (0xb8ca0813) addi    a6, s4, -1140
core   0: 1 0x00000000800052de (0xb8ca0813) x16 0xfffffffffffffb8c
core   0: 0x00000000800052e2 (0x0107073b) addw    a4, a4, a6
core   0: 1 0x00000000800052e2 (0x0107073b) x14 0xfffffffffffffb8d
core   0: 0x00000000800052e6 (0x00da7b33) and     s6, s4, a3
core   0: 1 0x00000000800052e6 (0x00da7b33) x22 0x0000000000000000
core   0: 0x00000000800052ea (0xd20a0ed3) fcvt.d.w ft9, s4
core   0: 1 0x00000000800052ea (0xd20a0ed3) f29 0x0000000000000000
core   0: 0x00000000800052ee (0x000d969b) slliw   a3, s11, 0
core   0: 1 0x00000000800052ee (0x000d969b) x13 0x0000000000000000
core   0: 0x00000000800052f2 (0x40acdd33) sra     s10, s9, a0
core   0: 1 0x00000000800052f2 (0x40acdd33) x26 0x000000003c99f7cd
core   0: 0x00000000800052f6 (0x1043b9f3) csrrc   s3, sie, t2
core   0: 1 0x00000000800052f6 (0x1043b9f3) x19 0x0000000000000000 c772_mie 0x0000000000000a00
core   0: 0x00000000800052fa (0xc0387e53) fcvt.lu.s t3, fa6
core   0: 1 0x00000000800052fa (0xc0387e53) c1_fflags 0x0000000000000013 x28 0xffffffffffffffff
core   0: 0x00000000800052fe (0x001026f3) csrrs   a3, fflags, zero
core   0: 1 0x00000000800052fe (0x001026f3) x13 0x0000000000000013
core   0: 0x0000000080005302 (0x14396173) csrrsi  sp, stval, 18
core   0: 1 0x0000000080005302 (0x14396173) x2  0x0000000000000001 c323_stval 0x0000000000000013
core   0: 0x0000000080005306 (0x02d425b7) lui     a1, 0x2d42
core   0: 1 0x0000000080005306 (0x02d425b7) x11 0x0000000002d42000
core   0: 0x000000008000530a (0xc5b5859b) addiw   a1, a1, -933
core   0: 1 0x000000008000530a (0xc5b5859b) x11 0x0000000002d41c5b
core   0: 0x000000008000530e (0x000005b6) c.slli  a1, 13
core   0: 1 0x000000008000530e (0x05b6) x11 0x0000005a838b6000
core   0: 0x0000000080005310 (0x36a58593) addi    a1, a1, 874
core   0: 1 0x0000000080005310 (0x36a58593) x11 0x0000005a838b636a
core   0: 0x0000000080005314 (0x03a5f3bb) remuw   t2, a1, s10
core   0: 1 0x0000000080005314 (0x03a5f3bb) x7  0x000000000a5773d0
core   0: 0x0000000080005318 (0x00c38e3b) addw    t3, t2, a2
core   0: 1 0x0000000080005318 (0x00c38e3b) x28 0x000000000a5773d0
core   0: 0x000000008000531c (0x74964413) xori    s0, a2, 1865
core   0: 1 0x000000008000531c (0x74964413) x8  0x0000000000000749
core   0: 0x0000000080005320 (0xbefb4c93) xori    s9, s6, -1041
core   0: 1 0x0000000080005320 (0xbefb4c93) x25 0xfffffffffffffbef
core   0: 0x0000000080005324 (0x45826893) ori     a7, tp, 1112
core   0: 1 0x0000000080005324 (0x45826893) x17 0x000000000000045b
core   0: 0x0000000080005328 (0x01c8fc33) and     s8, a7, t3
core   0: 1 0x0000000080005328 (0x01c8fc33) x24 0x0000000000000050
core   0: 0x000000008000532c (0x016b02b3) add     t0, s6, s6
core   0: 1 0x000000008000532c (0x016b02b3) x5  0x0000000000000000
core   0: 0x0000000080005330 (0x0002949b) slliw   s1, t0, 0
core   0: 1 0x0000000080005330 (0x0002949b) x9  0x0000000000000000
core   0: 0x0000000080005334 (0x02064533) div     a0, a2, zero
core   0: 1 0x0000000080005334 (0x02064533) x10 0xffffffffffffffff
core   0: 0x0000000080005338 (0x009716bb) sllw    a3, a4, s1
core   0: 1 0x0000000080005338 (0x009716bb) x13 0xfffffffffffffb8d
core   0: 0x000000008000533c (0x0135a433) slt     s0, a1, s3
core   0: 1 0x000000008000533c (0x0135a433) x8  0x0000000000000000
core   0: 0x0000000080005340 (0xbbdc7bcb) fnmsub.d fs7, fs8, ft9, fs7
core   0: 1 0x0000000080005340 (0xbbdc7bcb) f23 0x7ff8000000000000
core   0: 0x0000000080005344 (0xf20505d3) fmv.d.x fa1, a0
core   0: 1 0x0000000080005344 (0xf20505d3) f11 0xffffffffffffffff
core   0: 0x0000000080005348 (0x01b880b3) add     ra, a7, s11
core   0: 1 0x0000000080005348 (0x01b880b3) x1  0x000000000000045b
core   0: 0x000000008000534c (0x235d0253) fsgnj.d ft4, fs10, fs5
core   0: 1 0x000000008000534c (0x235d0253) f4  0xfff8000000000000
core   0: 0x0000000080005350 (0x02c644b3) div     s1, a2, a2
core   0: 1 0x0000000080005350 (0x02c644b3) x9  0xffffffffffffffff
core   0: 0x0000000080005354 (0x4047d73b) sraw    a4, a5, tp
core   0: 1 0x0000000080005354 (0x4047d73b) x14 0x000000000fffffff
core   0: 0x0000000080005358 (0x1b7a7b53) fdiv.d  fs6, fs4, fs7
core   0: 1 0x0000000080005358 (0x1b7a7b53) f22 0x7ff8000000000000
core   0: 0x000000008000535c (0x5a05f953) fsqrt.d fs2, fa1
core   0: 1 0x000000008000535c (0x5a05f953) f18 0x7ff8000000000000
core   0: 0x0000000080005360 (0xd0377cd3) fcvt.s.lu fs9, a4
core   0: 1 0x0000000080005360 (0xd0377cd3) c1_fflags 0x0000000000000013 f25 0xffffffff4d800000
core   0: 0x0000000080005364 (0x03774e3b) divw    t3, a4, s7
core   0: 1 0x0000000080005364 (0x03774e3b) x28 0x0000000000d79435
core   0: 0x0000000080005368 (0xc21372d3) fcvt.wu.d t0, ft6
core   0: 1 0x0000000080005368 (0xc21372d3) x5  0x0000000000000000
core   0: 0x000000008000536c (0x012341b3) xor     gp, t1, s2
core   0: 1 0x000000008000536c (0x012341b3) x3  0xfffffffffffffade
core   0: 0x0000000080005370 (0xc02a7ad3) fcvt.l.s s5, fs4
core   0: 1 0x0000000080005370 (0xc02a7ad3) c1_fflags 0x0000000000000013 x21 0x7fffffffffffffff
core   0: 0x0000000080005374 (0x02bab5b3) mulhu   a1, s5, a1
core   0: 1 0x0000000080005374 (0x02bab5b3) x11 0x0000002d41c5b1b4
core   0: 0x0000000080005378 (0x015913b3) sll     t2, s2, s5
core   0: 1 0x0000000080005378 (0x015913b3) x7  0x0000000000000000
core   0: 0x000000008000537c (0x014a1513) slli    a0, s4, 20
core   0: 1 0x000000008000537c (0x014a1513) x10 0x0000000000000000
core   0: 0x0000000080005380 (0x420b85d3) fcvt.d.s fa1, fs7
core   0: 1 0x0000000080005380 (0x420b85d3) f11 0x7ff8000000000000
core   0: 0x0000000080005384 (0x401e529b) sraiw   t0, t3, 1
core   0: 1 0x0000000080005384 (0x401e529b) x5  0x00000000006bca1a
core   0: 0x0000000080005388 (0x01560b3b) addw    s6, a2, s5
core   0: 1 0x0000000080005388 (0x01560b3b) x22 0xffffffffffffffff
core   0: 0x000000008000538c (0x023787bb) mulw    a5, a5, gp
core   0: 1 0x000000008000538c (0x023787bb) x15 0x0000000000000522
core   0: 0x0000000080005390 (0x00000001) c.nop
core   0: 1 0x0000000080005390 (0x0001)
core   0: 0x0000000080005392 (0x1a56ffd3) fdiv.d  ft11, fa3, ft5
core   0: 1 0x0000000080005392 (0x1a56ffd3) f31 0x7ff8000000000000
core   0: 0x0000000080005396 (0xfed3829b) addiw   t0, t2, -19
core   0: 1 0x0000000080005396 (0xfed3829b) x5  0xffffffffffffffed
core   0: 0x000000008000539a (0x012c9d1b) slliw   s10, s9, 18
core   0: 1 0x000000008000539a (0x012c9d1b) x26 0xffffffffefbc0000
core   0: 0x000000008000539e (0x0be9f9d3) fsub.d  fs3, fs3, ft10
core   0: 1 0x000000008000539e (0x0be9f9d3) f19 0x7ff8000000000000
core   0: 0x00000000800053a2 (0x40175d1b) sraiw   s10, a4, 1
core   0: 1 0x00000000800053a2 (0x40175d1b) x26 0x0000000007ffffff
core   0: 0x00000000800053a6 (0xeb4d7343) fmadd.d ft6, fs10, fs4, ft9
core   0: 1 0x00000000800053a6 (0xeb4d7343) f6  0x7ff8000000000000
core   0: 0x00000000800053aa (0x00000001) c.nop
core   0: 1 0x00000000800053aa (0x0001)
core   0: 0x00000000800053ac (0x01de81bb) addw    gp, t4, t4
core   0: 1 0x00000000800053ac (0x01de81bb) x3  0x0000000000000020
core   0: 0x00000000800053b0 (0x02d69cb3) mulh    s9, a3, a3
core   0: 1 0x00000000800053b0 (0x02d69cb3) x25 0x0000000000000000
core   0: 0x00000000800053b4 (0x00000001) c.nop
core   0: 1 0x00000000800053b4 (0x0001)
core   0: 0x00000000800053b6 (0x4097de3b) sraw    t3, a5, s1
core   0: 1 0x00000000800053b6 (0x4097de3b) x28 0x0000000000000000
core   0: 0x00000000800053ba (0x6a75f593) andi    a1, a1, 1703
core   0: 1 0x00000000800053ba (0x6a75f593) x11 0x00000000000000a4
core   0: 0x00000000800053be (0x00b58333) add     t1, a1, a1
core   0: 1 0x00000000800053be (0x00b58333) x6  0x0000000000000148
core   0: 0x00000000800053c2 (0x00008452) c.mv    s0, s4
core   0: 1 0x00000000800053c2 (0x8452) x8  0x0000000000000000
core   0: 0x00000000800053c4 (0x020b7d47) fmsub.d fs10, fs6, ft0, ft0
core   0: 1 0x00000000800053c4 (0x020b7d47) f26 0x7ff8000000000000
core   0: 0x00000000800053c8 (0x032c0533) mul     a0, s8, s2
core   0: 1 0x00000000800053c8 (0x032c0533) x10 0xfffffffffffe6560
core   0: 0x00000000800053cc (0xa2230a53) fle.d   s4, ft6, ft2
core   0: 1 0x00000000800053cc (0xa2230a53) c1_fflags 0x0000000000000013 x20 0x0000000000000000
core   0: 0x00000000800053d0 (0x02aa7753) fadd.d  fa4, fs4, fa0
core   0: 1 0x00000000800053d0 (0x02aa7753) f14 0x7ff8000000000000
core   0: 0x00000000800053d4 (0x52cc8913) addi    s2, s9, 1324
core   0: 1 0x00000000800053d4 (0x52cc8913) x18 0x000000000000052c
core   0: 0x00000000800053d8 (0x012659bb) srlw    s3, a2, s2
core   0: 1 0x00000000800053d8 (0x012659bb) x19 0x0000000000000000
core   0: 0x00000000800053dc (0x2b7591d3) fmax.d  ft3, fa1, fs7
core   0: 1 0x00000000800053dc (0x2b7591d3) f3  0x7ff8000000000000
core   0: 0x00000000800053e0 (0x00000001) c.nop
core   0: 1 0x00000000800053e0 (0x0001)
core   0: 0x00000000800053e2 (0x40c080bb) subw    ra, ra, a2
core   0: 1 0x00000000800053e2 (0x40c080bb) x1  0x000000000000045b
core   0: 0x00000000800053e6 (0xe20b0b53) fmv.x.d s6, fs6
core   0: 1 0x00000000800053e6 (0xe20b0b53) x22 0x7ff8000000000000
core   0: 0x00000000800053ea (0x03425a33) divu    s4, tp, s4
core   0: 1 0x00000000800053ea (0x03425a33) x20 0xffffffffffffffff
core   0: 0x00000000800053ee (0x232423b7) lui     t2, 0x23242
core   0: 1 0x00000000800053ee (0x232423b7) x7  0x0000000023242000
core   0: 0x00000000800053f2 (0x0ff0000f) fence   iorw,iorw
core   0: 1 0x00000000800053f2 (0x0ff0000f)
core   0: 0x00000000800053f6 (0x00087833) and     a6, a6, zero
core   0: 1 0x00000000800053f6 (0x00087833) x16 0x0000000000000000
core   0: 0x00000000800053fa (0x2484f4b7) lui     s1, 0x2484f
core   0: 1 0x00000000800053fa (0x2484f4b7) x9  0x000000002484f000
core   0: 0x00000000800053fe (0x00a1f1b3) and     gp, gp, a0
core   0: 1 0x00000000800053fe (0x00a1f1b3) x3  0x0000000000000020
core   0: 0x0000000080005402 (0x04931217) auipc   tp, 0x4931
core   0: 1 0x0000000080005402 (0x04931217) x4  0x0000000084936402
core   0: 0x0000000080005406 (0x0030b2b7) lui     t0, 0x30b
core   0: 1 0x0000000080005406 (0x0030b2b7) x5  0x000000000030b000
core   0: 0x000000008000540a (0x8f12829b) addiw   t0, t0, -1807
core   0: 1 0x000000008000540a (0x8f12829b) x5  0x000000000030a8f1
core   0: 0x000000008000540e (0x000002b2) c.slli  t0, 12
core   0: 1 0x000000008000540e (0x02b2) x5  0x000000030a8f1000
core   0: 0x0000000080005410 (0x2a828293) addi    t0, t0, 680
core   0: 1 0x0000000080005410 (0x2a828293) x5  0x000000030a8f12a8
core   0: 0x0000000080005414 (0xd8118e1b) addiw   t3, gp, -639
core   0: 1 0x0000000080005414 (0xd8118e1b) x28 0xfffffffffffffda1
core   0: 0x0000000080005418 (0xd236f7d3) fcvt.d.lu fa5, a3
core   0: 1 0x0000000080005418 (0xd236f7d3) c1_fflags 0x0000000000000013 f15 0x43f0000000000000
core   0: 0x000000008000541c (0x417986b3) sub     a3, s3, s7
core   0: 1 0x000000008000541c (0x417986b3) x13 0xffffffffffffffed
core   0: 0x0000000080005420 (0x00580db3) add     s11, a6, t0
core   0: 1 0x0000000080005420 (0x00580db3) x27 0x000000030a8f12a8
core   0: 0x0000000080005424 (0xd23df4d3) fcvt.d.lu fs1, s11
core   0: 1 0x0000000080005424 (0xd23df4d3) f9  0x4208547895400000
core   0: 0x0000000080005428 (0x03b8403b) divw    zero, a6, s11
core   0: 1 0x0000000080005428 (0x03b8403b)
core   0: 0x000000008000542c (0x42935813) srai    a6, t1, 41
core   0: 1 0x000000008000542c (0x42935813) x16 0x0000000000000000
core   0: 0x0000000080005430 (0x0ff0000f) fence   iorw,iorw
core   0: 1 0x0000000080005430 (0x0ff0000f)
core   0: 0x0000000080005434 (0xc2217653) fcvt.l.d a2, ft2
core   0: 1 0x0000000080005434 (0xc2217653) c1_fflags 0x0000000000000013 x12 0x7fffffffffffffff
core   0: 0x0000000080005438 (0x034477d3) fadd.d  fa5, fs0, fs4
core   0: 1 0x0000000080005438 (0x034477d3) f15 0x7ff8000000000000
core   0: 0x000000008000543c (0xfb60091b) addiw   s2, zero, -74
core   0: 1 0x000000008000543c (0xfb60091b) x18 0xffffffffffffffb6
core   0: 0x0000000080005440 (0x4002599b) sraiw   s3, tp, 0
core   0: 1 0x0000000080005440 (0x4002599b) x19 0xffffffff84936402
core   0: 0x0000000080005444 (0x00000001) c.nop
core   0: 1 0x0000000080005444 (0x0001)
core   0: 0x0000000080005446 (0x401cf453) fcvt.s.d fs0, fs9
core   0: 1 0x0000000080005446 (0x401cf453) f8  0xffffffff7fc00000
core   0: 0x000000008000544a (0x003986bb) addw    a3, s3, gp
core   0: 1 0x000000008000544a (0x003986bb) x13 0xffffffff84936422
core   0: 0x000000008000544e (0x1b447a53) fdiv.d  fs4, fs0, fs4
core   0: 1 0x000000008000544e (0x1b447a53) f20 0x7ff8000000000000
core   0: 0x0000000080005452 (0x4078583b) sraw    a6, a6, t2
core   0: 1 0x0000000080005452 (0x4078583b) x16 0x0000000000000000
core   0: 0x0000000080005456 (0x001199f3) csrrw   s3, fflags, gp
core   0: 1 0x0000000080005456 (0x001199f3) x19 0x0000000000000013 c1_fflags 0x0000000000000000
core   0: 0x000000008000545a (0xd2387fd3) fcvt.d.lu ft11, a6
core   0: 1 0x000000008000545a (0xd2387fd3) f31 0x0000000000000000
core   0: 0x000000008000545e (0x00a19d93) slli    s11, gp, 10
core   0: 1 0x000000008000545e (0x00a19d93) x27 0x0000000000008000
core   0: 0x0000000080005462 (0x02155693) srli    a3, a0, 33
core   0: 1 0x0000000080005462 (0x02155693) x13 0x000000007fffffff
core   0: 0x0000000080005466 (0xa3498ed3) fle.d   t4, fs3, fs4
core   0: 1 0x0000000080005466 (0xa3498ed3) c1_fflags 0x0000000000000010 x29 0x0000000000000000
core   0: 0x000000008000546a (0x02cde633) rem     a2, s11, a2
core   0: 1 0x000000008000546a (0x02cde633) x12 0x0000000000008000
core   0: 0x000000008000546e (0x5a0a75d3) fsqrt.d fa1, fs4
core   0: 1 0x000000008000546e (0x5a0a75d3) f11 0x7ff8000000000000
core   0: 0x0000000080005472 (0x401d5e1b) sraiw   t3, s10, 1
core   0: 1 0x0000000080005472 (0x401d5e1b) x28 0x0000000003ffffff
core   0: 0x0000000080005476 (0x03dea1b3) mulhsu  gp, t4, t4
core   0: 1 0x0000000080005476 (0x03dea1b3) x3  0x0000000000000000
core   0: 0x000000008000547a (0x031a68bb) remw    a7, s4, a7
core   0: 1 0x000000008000547a (0x031a68bb) x17 0xffffffffffffffff
core   0: 0x000000008000547e (0x13147b53) fmul.d  fs6, fs0, fa7
core   0: 1 0x000000008000547e (0x13147b53) f22 0x7ff8000000000000
core   0: 0x0000000080005482 (0x03027e33) remu    t3, tp, a6
core   0: 1 0x0000000080005482 (0x03027e33) x28 0x0000000084936402
core   0: 0x0000000080005486 (0xd029ffd3) fcvt.s.l ft11, s3
core   0: 1 0x0000000080005486 (0xd029ffd3) f31 0xffffffff41980000
core   0: 0x000000008000548a (0xd03bf853) fcvt.s.lu fa6, s7
core   0: 1 0x000000008000548a (0xd03bf853) f16 0xffffffff41980000
core   0: 0x000000008000548e (0x00202373) csrrs   t1, frm, zero
core   0: 1 0x000000008000548e (0x00202373) x6  0x0000000000000003
core   0: 0x0000000080005492 (0x41fad11b) sraiw   sp, s5, 31
core   0: 1 0x0000000080005492 (0x41fad11b) x2  0xffffffffffffffff
core   0: 0x0000000080005496 (0x00947eb3) and     t4, s0, s1
core   0: 1 0x0000000080005496 (0x00947eb3) x29 0x0000000000000000
core   0: 0x000000008000549a (0x41d90533) sub     a0, s2, t4
core   0: 1 0x000000008000549a (0x41d90533) x10 0xffffffffffffffb6
core   0: 0x000000008000549e (0xc21afad3) fcvt.wu.d s5, fs5
core   0: 1 0x000000008000549e (0xc21afad3) c1_fflags 0x0000000000000010 x21 0xffffffffffffffff
core   0: 0x00000000800054a2 (0x01b848b3) xor     a7, a6, s11
core   0: 1 0x00000000800054a2 (0x01b848b3) x17 0x0000000000008000
core   0: 0x00000000800054a6 (0x03140a33) mul     s4, s0, a7
core   0: 1 0x00000000800054a6 (0x03140a33) x20 0x0000000000000000
core   0: 0x00000000800054aa (0xc2287e53) fcvt.l.d t3, fa6
core   0: 1 0x00000000800054aa (0xc2287e53) c1_fflags 0x0000000000000010 x28 0x7fffffffffffffff
core   0: 0x00000000800054ae (0x00bd4633) xor     a2, s10, a1
core   0: 1 0x00000000800054ae (0x00bd4633) x12 0x0000000007ffff5b
core   0: 0x00000000800054b2 (0xc22af1d3) fcvt.l.d gp, fs5
core   0: 1 0x00000000800054b2 (0xc22af1d3) c1_fflags 0x0000000000000010 x3  0x7fffffffffffffff
core   0: 0x00000000800054b6 (0x22d8a953) fsgnjx.d fs2, fa7, fa3
core   0: 1 0x00000000800054b6 (0x22d8a953) f18 0x7ff8000000000000
core   0: 0x00000000800054ba (0x031a6133) rem     sp, s4, a7
core   0: 1 0x00000000800054ba (0x031a6133) x2  0x0000000000000000
core   0: 0x00000000800054be (0xc23bf553) fcvt.lu.d a0, fs7
core   0: 1 0x00000000800054be (0xc23bf553) c1_fflags 0x0000000000000010 x10 0xffffffffffffffff
core   0: 0x00000000800054c2 (0x03b7e7bb) remw    a5, a5, s11
core   0: 1 0x00000000800054c2 (0x03b7e7bb) x15 0x0000000000000522
core   0: 0x00000000800054c6 (0x0027e2b3) or      t0, a5, sp
core   0: 1 0x00000000800054c6 (0x0027e2b3) x5  0x0000000000000522
core   0: 0x00000000800054ca (0xd2317d53) fcvt.d.lu fs10, sp
core   0: 1 0x00000000800054ca (0xd2317d53) f26 0x0000000000000000
core   0: 0x00000000800054ce (0x00b5149b) slliw   s1, a0, 11
core   0: 1 0x00000000800054ce (0x00b5149b) x9  0xfffffffffffff800
core   0: 0x00000000800054d2 (0x025e5e33) divu    t3, t3, t0
core   0: 1 0x00000000800054d2 (0x025e5e33) x28 0x0018f0063c018f00
core   0: 0x00000000800054d6 (0xc22b1bb7) lui     s7, 0xc22b1
core   0: 1 0x00000000800054d6 (0xc22b1bb7) x23 0xffffffffc22b1000
core   0: 0x00000000800054da (0x018e15b3) sll     a1, t3, s8
core   0: 1 0x00000000800054da (0x018e15b3) x11 0xf0063c018f000000
core   0: 0x00000000800054de (0x1b2af9d3) fdiv.d  fs3, fs5, fs2
core   0: 1 0x00000000800054de (0x1b2af9d3) f19 0x7ff8000000000000
core   0: 0x00000000800054e2 (0x03287f53) fadd.d  ft10, fa6, fs2
core   0: 1 0x00000000800054e2 (0x03287f53) f30 0x7ff8000000000000
core   0: 0x00000000800054e6 (0x02ac5c93) srli    s9, s8, 42
core   0: 1 0x00000000800054e6 (0x02ac5c93) x25 0x0000000000000000
core   0: 0x00000000800054ea (0x5a05fdd3) fsqrt.d fs11, fa1
core   0: 1 0x00000000800054ea (0x5a05fdd3) f27 0x7ff8000000000000
core   0: 0x00000000800054ee (0x02221733) mulh    a4, tp, sp
core   0: 1 0x00000000800054ee (0x02221733) x14 0x0000000000000000
core   0: 0x00000000800054f2 (0x02321b93) slli    s7, tp, 35
core   0: 1 0x00000000800054f2 (0x02321b93) x23 0x249b201000000000
core   0: 0x00000000800054f6 (0x5a0f7c53) fsqrt.d fs8, ft10
core   0: 1 0x00000000800054f6 (0x5a0f7c53) f24 0x7ff8000000000000
core   0: 0x00000000800054fa (0xa43b8793) addi    a5, s7, -1469
core   0: 1 0x00000000800054fa (0xa43b8793) x15 0x249b200ffffffa43
core   0: 0x00000000800054fe (0x008b7433) and     s0, s6, s0
core   0: 1 0x00000000800054fe (0x008b7433) x8  0x0000000000000000
core   0: 0x0000000080005502 (0x238f7ecb) fnmsub.d ft9, ft10, fs8, ft4
core   0: 1 0x0000000080005502 (0x238f7ecb) f29 0x7ff8000000000000
core   0: 0x0000000080005506 (0x401c7153) fcvt.s.d ft2, fs8
core   0: 1 0x0000000080005506 (0x401c7153) f2  0xffffffff7fc00000
core   0: 0x000000008000550a (0x01680e33) add     t3, a6, s6
core   0: 1 0x000000008000550a (0x01680e33) x28 0x7ff8000000000000
core   0: 0x000000008000550e (0xd20e03d3) fcvt.d.w ft7, t3
core   0: 1 0x000000008000550e (0xd20e03d3) f7  0x0000000000000000
core   0: 0x0000000080005512 (0x011e5113) srli    sp, t3, 17
core   0: 1 0x0000000080005512 (0x011e5113) x2  0x00003ffc00000000
core   0: 0x0000000080005516 (0x40ccd49b) sraiw   s1, s9, 12
core   0: 1 0x0000000080005516 (0x40ccd49b) x9  0x0000000000000000
core   0: 0x000000008000551a (0x0004d61b) srliw   a2, s1, 0
core   0: 1 0x000000008000551a (0x0004d61b) x12 0x0000000000000000
core   0: 0x000000008000551e (0x03f49513) slli    a0, s1, 63
core   0: 1 0x000000008000551e (0x03f49513) x10 0x0000000000000000
core   0: 0x0000000080005522 (0x3428f773) csrrci  a4, mcause, 17
core   0: exception trap_illegal_instruction, epc 0x0000000080005522
core   0:           tval 0x000000003428f773
core   0: >>>>  $xrv64i2p1_m2p0_a2p1_f2p2_d2p2_zicsr2p0_zifencei2p0_zmmul1p0_zba1p0_zbb1p0_zbc1p0_zbs1p0
core   0: 0x0000000080004000 (0x0080006f) j       pc + 0x8
core   0: 3 0x0000000080004000 (0x0080006f)
core   0: >>>>  mmode_exception_handler
core   0: 0x0000000080004008 (0x00002c17) auipc   s8, 0x2
core   0: 3 0x0000000080004008 (0x00002c17) x24 0x0000000080006008
core   0: 0x000000008000400c (0x0c8c0c13) addi    s8, s8, 200
core   0: 3 0x000000008000400c (0x0c8c0c13) x24 0x00000000800060d0
core   0: 0x0000000080004010 (0x000c00e7) jalr    s8
core   0: 3 0x0000000080004010 (0x000c00e7) x1  0x0000000080004014
core   0: >>>>  any_handler
core   0: 0x00000000800060d0 (0x341027f3) csrrs   a5, mepc, zero
core   0: 3 0x00000000800060d0 (0x341027f3) x15 0x0000000080005522
core   0: 0x00000000800060d4 (0x34202773) csrrs   a4, mcause, zero
core   0: 3 0x00000000800060d4 (0x34202773) x14 0x0000000000000002
core   0: 0x00000000800060d8 (0x142026f3) csrrs   a3, scause, zero
core   0: 3 0x00000000800060d8 (0x142026f3) x13 0x0000000000000000
core   0: 0x00000000800060dc (0x30402673) csrrs   a2, mie, zero
core   0: 3 0x00000000800060dc (0x30402673) x12 0x0000000000000a00
core   0: 0x00000000800060e0 (0x344025f3) csrrs   a1, mip, zero
core   0: 3 0x00000000800060e0 (0x344025f3) x11 0x0000000000000080
core   0: 0x00000000800060e4 (0x343025f3) csrrs   a1, mtval, zero
core   0: 3 0x00000000800060e4 (0x343025f3) x11 0x000000003428f773
core   0: 0x00000000800060e8 (0x14302573) csrrs   a0, stval, zero
core   0: 3 0x00000000800060e8 (0x14302573) x10 0x0000000000000013
core   0: 0x00000000800060ec (0xb02024f3) csrrs   s1, minstret, zero
core   0: 3 0x00000000800060ec (0xb02024f3) x9  0x0000000000000ef9
core   0: 0x00000000800060f0 (0x0000a811) c.j     pc + 20
core   0: 3 0x00000000800060f0 (0xa811)
core   0: >>>>  mepc_4
core   0: 0x0000000080006104 (0x00000791) c.addi  a5, 4
core   0: 3 0x0000000080006104 (0x0791) x15 0x0000000080005526
core   0: 0x0000000080006106 (0x34179073) csrrw   zero, mepc, a5
core   0: 3 0x0000000080006106 (0x34179073) c833_mepc 0x0000000080005526
core   0: 0x000000008000610a (0x30200073) mret
core   0: 3 0x000000008000610a (0x30200073) c768_mstatus 0x8000000a00106080
core   0: 0x0000000080005526 (0x03bc0eb3) mul     t4, s8, s11
core   0: 1 0x0000000080005526 (0x03bc0eb3) x29 0x0000400030680000
core   0: 0x000000008000552a (0x011748b3) xor     a7, a4, a7
core   0: 1 0x000000008000552a (0x011748b3) x17 0x0000000000008002
core   0: 0x000000008000552e (0x0ab3f653) fsub.d  fa2, ft7, fa1
core   0: 1 0x000000008000552e (0x0ab3f653) f12 0x7ff8000000000000
core   0: 0x0000000080005532 (0x229e2a53) fsgnjx.d fs4, ft8, fs1
core   0: 1 0x0000000080005532 (0x229e2a53) f20 0x7ff8000000000000
core   0: 0x0000000080005536 (0x02404733) div     a4, zero, tp
core   0: 1 0x0000000080005536 (0x02404733) x14 0x0000000000000000
core   0: 0x000000008000553a (0x01068ebb) addw    t4, a3, a6
core   0: 1 0x000000008000553a (0x01068ebb) x29 0x0000000000000000
core   0: 0x000000008000553e (0x23c7a9d3) fsgnjx.d fs3, fa5, ft8
core   0: 1 0x000000008000553e (0x23c7a9d3) f19 0x7ff8000000000000
core   0: 0x0000000080005542 (0x001398b3) sll     a7, t2, ra
core   0: 1 0x0000000080005542 (0x001398b3) x17 0x0002324200000000
core   0: 0x0000000080005546 (0x0ff0000f) fence   iorw,iorw
core   0: 1 0x0000000080005546 (0x0ff0000f)
core   0: 0x000000008000554a (0xd20c0653) fcvt.d.w fa2, s8
core   0: 1 0x000000008000554a (0xd20c0653) f12 0xc1dfffe7cc000000
core   0: 0x000000008000554e (0xd21e8ad3) fcvt.d.wu fs5, t4
core   0: 1 0x000000008000554e (0xd21e8ad3) f21 0x0000000000000000
core   0: 0x0000000080005552 (0x0070dbbb) srlw    s7, ra, t2
core   0: 1 0x0000000080005552 (0x0070dbbb) x23 0xffffffff80004014
core   0: 0x0000000080005556 (0xf1f83c17) auipc   s8, 0xf1f83
core   0: 1 0x0000000080005556 (0xf1f83c17) x24 0x0000000071f88556
core   0: 0x000000008000555a (0x0201533b) divuw   t1, sp, zero
core   0: 1 0x000000008000555a (0x0201533b) x6  0xffffffffffffffff
core   0: 0x000000008000555e (0x01c805bb) addw    a1, a6, t3
core   0: 1 0x000000008000555e (0x01c805bb) x11 0x0000000000000000
core   0: 0x0000000080005562 (0xd21b8c53) fcvt.d.wu fs8, s7
core   0: 1 0x0000000080005562 (0xd21b8c53) f24 0x41e0000802800000
core   0: 0x0000000080005566 (0x00b6a6b3) slt     a3, a3, a1
core   0: 1 0x0000000080005566 (0x00b6a6b3) x13 0x0000000000000000
core   0: 0x000000008000556a (0x01c5803b) addw    zero, a1, t3
core   0: 1 0x000000008000556a (0x01c5803b)
core   0: 0x000000008000556e (0x4148d49b) sraiw   s1, a7, 20
core   0: 1 0x000000008000556e (0x4148d49b) x9  0x0000000000000000
core   0: 0x0000000080005572 (0x01285abb) srlw    s5, a6, s2
core   0: 1 0x0000000080005572 (0x01285abb) x21 0x0000000000000000
core   0: 0x0000000080005576 (0x420c8cd3) fcvt.d.s fs9, fs9
core   0: 1 0x0000000080005576 (0x420c8cd3) f25 0x41b0000000000000
core   0: 0x000000008000557a (0x00000001) c.nop
core   0: 1 0x000000008000557a (0x0001)
core   0: 0x000000008000557c (0x0125e933) or      s2, a1, s2
core   0: 1 0x000000008000557c (0x0125e933) x18 0xffffffffffffffb6
core   0: 0x0000000080005580 (0x0006949b) slliw   s1, a3, 0
core   0: 1 0x0000000080005580 (0x0006949b) x9  0x0000000000000000
core   0: 0x0000000080005584 (0x00a0141b) slliw   s0, zero, 10
core   0: 1 0x0000000080005584 (0x00a0141b) x8  0x0000000000000000
core   0: 0x0000000080005588 (0x00026693) ori     a3, tp, 0
core   0: 1 0x0000000080005588 (0x00026693) x13 0x0000000084936402
core   0: 0x000000008000558c (0x0284503b) divuw   zero, s0, s0
core   0: 1 0x000000008000558c (0x0284503b)
core   0: 0x0000000080005590 (0xf14057f3) csrrwi  a5, mhartid, 0
core   0: exception trap_illegal_instruction, epc 0x0000000080005590
core   0:           tval 0x00000000f14057f3
core   0: >>>>  $xrv64i2p1_m2p0_a2p1_f2p2_d2p2_zicsr2p0_zifencei2p0_zmmul1p0_zba1p0_zbb1p0_zbc1p0_zbs1p0
core   0: 0x0000000080004000 (0x0080006f) j       pc + 0x8
core   0: 3 0x0000000080004000 (0x0080006f)
core   0: >>>>  mmode_exception_handler
core   0: 0x0000000080004008 (0x00002c17) auipc   s8, 0x2
core   0: 3 0x0000000080004008 (0x00002c17) x24 0x0000000080006008
core   0: 0x000000008000400c (0x0c8c0c13) addi    s8, s8, 200
core   0: 3 0x000000008000400c (0x0c8c0c13) x24 0x00000000800060d0
core   0: 0x0000000080004010 (0x000c00e7) jalr    s8
core   0: 3 0x0000000080004010 (0x000c00e7) x1  0x0000000080004014
core   0: >>>>  any_handler
core   0: 0x00000000800060d0 (0x341027f3) csrrs   a5, mepc, zero
core   0: 3 0x00000000800060d0 (0x341027f3) x15 0x0000000080005590
core   0: 0x00000000800060d4 (0x34202773) csrrs   a4, mcause, zero
core   0: 3 0x00000000800060d4 (0x34202773) x14 0x0000000000000002
core   0: 0x00000000800060d8 (0x142026f3) csrrs   a3, scause, zero
core   0: 3 0x00000000800060d8 (0x142026f3) x13 0x0000000000000000
core   0: 0x00000000800060dc (0x30402673) csrrs   a2, mie, zero
core   0: 3 0x00000000800060dc (0x30402673) x12 0x0000000000000a00
core   0: 0x00000000800060e0 (0x344025f3) csrrs   a1, mip, zero
core   0: 3 0x00000000800060e0 (0x344025f3) x11 0x0000000000000080
core   0: 0x00000000800060e4 (0x343025f3) csrrs   a1, mtval, zero
core   0: 3 0x00000000800060e4 (0x343025f3) x11 0x00000000f14057f3
core   0: 0x00000000800060e8 (0x14302573) csrrs   a0, stval, zero
core   0: 3 0x00000000800060e8 (0x14302573) x10 0x0000000000000013
core   0: 0x00000000800060ec (0xb02024f3) csrrs   s1, minstret, zero
core   0: 3 0x00000000800060ec (0xb02024f3) x9  0x0000000000000f24
core   0: 0x00000000800060f0 (0x0000a811) c.j     pc + 20
core   0: 3 0x00000000800060f0 (0xa811)
core   0: >>>>  mepc_4
core   0: 0x0000000080006104 (0x00000791) c.addi  a5, 4
core   0: 3 0x0000000080006104 (0x0791) x15 0x0000000080005594
core   0: 0x0000000080006106 (0x34179073) csrrw   zero, mepc, a5
core   0: 3 0x0000000080006106 (0x34179073) c833_mepc 0x0000000080005594
core   0: 0x000000008000610a (0x30200073) mret
core   0: 3 0x000000008000610a (0x30200073) c768_mstatus 0x8000000a00106080
core   0: 0x0000000080005594 (0x01215a1b) srliw   s4, sp, 18
core   0: 1 0x0000000080005594 (0x01215a1b) x20 0x0000000000000000
core   0: 0x0000000080005598 (0x0b2971d3) fsub.d  ft3, fs2, fs2
core   0: 1 0x0000000080005598 (0x0b2971d3) f3  0x7ff8000000000000
core   0: 0x000000008000559c (0x22319c53) fsgnjn.d fs8, ft3, ft3
core   0: 1 0x000000008000559c (0x22319c53) f24 0xfff8000000000000
core   0: 0x00000000800055a0 (0x01929cb3) sll     s9, t0, s9
core   0: 1 0x00000000800055a0 (0x01929cb3) x25 0x0000000000000522
core   0: 0x00000000800055a4 (0x0070d93b) srlw    s2, ra, t2
core   0: 1 0x00000000800055a4 (0x0070d93b) x18 0xffffffff80004014
core   0: 0x00000000800055a8 (0x019a521b) srliw   tp, s4, 25
core   0: 1 0x00000000800055a8 (0x019a521b) x4  0x0000000000000000
core   0: 0x00000000800055ac (0x0111f9b3) and     s3, gp, a7
core   0: 1 0x00000000800055ac (0x0111f9b3) x19 0x0002324200000000
core   0: 0x00000000800055b0 (0x738a7fcb) fnmsub.d ft11, fs4, fs8, fa4
core   0: 1 0x00000000800055b0 (0x738a7fcb) f31 0x7ff8000000000000
core   0: 0x00000000800055b4 (0x00000001) c.nop
core   0: 1 0x00000000800055b4 (0x0001)
core   0: 0x00000000800055b6 (0x1bf9f5d3) fdiv.d  fa1, fs3, ft11
core   0: 1 0x00000000800055b6 (0x1bf9f5d3) f11 0x7ff8000000000000
core   0: 0x00000000800055ba (0x021e74b3) remu    s1, t3, ra
core   0: 1 0x00000000800055ba (0x021e74b3) x9  0x0000000021520280
core   0: 0x00000000800055be (0xc0237453) fcvt.l.s s0, ft6
core   0: 1 0x00000000800055be (0xc0237453) c1_fflags 0x0000000000000010 x8  0x7fffffffffffffff
core   0: 0x00000000800055c2 (0x00891abb) sllw    s5, s2, s0
core   0: 1 0x00000000800055c2 (0x00891abb) x21 0x0000000000000000
core   0: 0x00000000800055c6 (0x43f2d793) srai    a5, t0, 63
core   0: 1 0x00000000800055c6 (0x43f2d793) x15 0x0000000000000000
core   0: 0x00000000800055ca (0xa5111317) auipc   t1, 0xa5111
core   0: 1 0x00000000800055ca (0xa5111317) x6  0x00000000251165ca
core   0: 0x00000000800055ce (0x0254a4b3) mulhsu  s1, s1, t0
core   0: 1 0x00000000800055ce (0x0254a4b3) x9  0x0000000000000000
core   0: 0x00000000800055d2 (0x07b4b897) auipc   a7, 0x7b4b
core   0: 1 0x00000000800055d2 (0x07b4b897) x17 0x0000000087b505d2
core   0: 0x00000000800055d6 (0x02ad3cb3) mulhu   s9, s10, a0
core   0: 1 0x00000000800055d6 (0x02ad3cb3) x25 0x0000000000000000
core   0: 0x00000000800055da (0x006dddbb) srlw    s11, s11, t1
core   0: 1 0x00000000800055da (0x006dddbb) x27 0x0000000000000020
core   0: 0x00000000800055de (0x3358f8c3) fmadd.d fa7, fa7, fs5, ft6
core   0: 1 0x00000000800055de (0x3358f8c3) f17 0x7ff8000000000000
core   0: 0x00000000800055e2 (0x231f8cd3) fsgnj.d fs9, ft11, fa7
core   0: 1 0x00000000800055e2 (0x231f8cd3) f25 0x7ff8000000000000
core   0: 0x00000000800055e6 (0x8b15f34b) fnmsub.d ft6, fa1, fa7, fa7
core   0: 1 0x00000000800055e6 (0x8b15f34b) f6  0x7ff8000000000000
core   0: 0x00000000800055ea (0xa3050853) fle.d   a6, fa0, fa6
core   0: 1 0x00000000800055ea (0xa3050853) c1_fflags 0x0000000000000010 x16 0x0000000000000000
core   0: 0x00000000800055ee (0x40045593) srai    a1, s0, 0
core   0: 1 0x00000000800055ee (0x40045593) x11 0x7fffffffffffffff
core   0: 0x00000000800055f2 (0xc23ff8d3) fcvt.lu.d a7, ft11
core   0: 1 0x00000000800055f2 (0xc23ff8d3) c1_fflags 0x0000000000000010 x17 0xffffffffffffffff
core   0: 0x00000000800055f6 (0xa2bf80d3) fle.d   ra, ft11, fa1
core   0: 1 0x00000000800055f6 (0xa2bf80d3) c1_fflags 0x0000000000000010 x1  0x0000000000000000
core   0: 0x00000000800055fa (0x0014ea13) ori     s4, s1, 1
core   0: 1 0x00000000800055fa (0x0014ea13) x20 0x0000000000000001
core   0: 0x00000000800055fe (0x0362d2bb) divuw   t0, t0, s6
core   0: 1 0x00000000800055fe (0x0362d2bb) x5  0xffffffffffffffff
core   0: 0x0000000080005602 (0x7266d317) auipc   t1, 0x7266d
core   0: 1 0x0000000080005602 (0x7266d317) x6  0x00000000f2672602
core   0: 0x0000000080005606 (0x401dde13) srai    t3, s11, 1
core   0: 1 0x0000000080005606 (0x401dde13) x28 0x0000000000000010
core   0: 0x000000008000560a (0xc235f3d3) fcvt.lu.d t2, fa1
core   0: 1 0x000000008000560a (0xc235f3d3) c1_fflags 0x0000000000000010 x7  0xffffffffffffffff
core   0: 0x000000008000560e (0x00000001) c.nop
core   0: 1 0x000000008000560e (0x0001)
core   0: 0x0000000080005610 (0xd02372d3) fcvt.s.l ft5, t1
core   0: 1 0x0000000080005610 (0xd02372d3) c1_fflags 0x0000000000000011 f5  0xffffffff4f726727
core   0: 0x0000000080005614 (0x0ad07a53) fsub.d  fs4, ft0, fa3
core   0: 1 0x0000000080005614 (0x0ad07a53) f20 0x7ff8000000000000
core   0: 0x0000000080005618 (0x002027f3) csrrs   a5, frm, zero
core   0: 1 0x0000000080005618 (0x002027f3) x15 0x0000000000000003
core   0: 0x000000008000561c (0x00e51313) slli    t1, a0, 14
core   0: 1 0x000000008000561c (0x00e51313) x6  0x000000000004c000
core   0: 0x0000000080005620 (0x01421b3b) sllw    s6, tp, s4
core   0: 1 0x0000000080005620 (0x01421b3b) x22 0x0000000000000000
core   0: 0x0000000080005624 (0x225a2ed3) fsgnjx.d ft9, fs4, ft5
core   0: 1 0x0000000080005624 (0x225a2ed3) f29 0xfff8000000000000
core   0: 0x0000000080005628 (0x01a9d29b) srliw   t0, s3, 26
core   0: 1 0x0000000080005628 (0x01a9d29b) x5  0x0000000000000000
core   0: 0x000000008000562c (0xf2020e53) fmv.d.x ft8, tp
core   0: 1 0x000000008000562c (0xf2020e53) f28 0x0000000000000000
core   0: 0x0000000080005630 (0x0ff0000f) fence   iorw,iorw
core   0: 1 0x0000000080005630 (0x0ff0000f)
core   0: 0x0000000080005634 (0x2bf99853) fmax.d  fa6, fs3, ft11
core   0: 1 0x0000000080005634 (0x2bf99853) f16 0x7ff8000000000000
core   0: 0x0000000080005638 (0x001c1cf3) csrrw   s9, fflags, s8
core   0: 1 0x0000000080005638 (0x001c1cf3) x25 0x0000000000000011 c1_fflags 0x0000000000000010
core   0: 0x000000008000563c (0x029e9533) mulh    a0, t4, s1
core   0: 1 0x000000008000563c (0x029e9533) x10 0x0000000000000000
core   0: 0x0000000080005640 (0x035afad3) fadd.d  fs5, fs5, fs5
core   0: 1 0x0000000080005640 (0x035afad3) f21 0x0000000000000000
core   0: 0x0000000080005644 (0x00019e13) slli    t3, gp, 0
core   0: 1 0x0000000080005644 (0x00019e13) x28 0x7fffffffffffffff
core   0: 0x0000000080005648 (0x010be833) or      a6, s7, a6
core   0: 1 0x0000000080005648 (0x010be833) x16 0xffffffff80004014
core   0: 0x000000008000564c (0x0137513b) srlw    sp, a4, s3
core   0: 1 0x000000008000564c (0x0137513b) x2  0x0000000000000002
core   0: 0x0000000080005650 (0x02507e3b) remuw   t3, zero, t0
core   0: 1 0x0000000080005650 (0x02507e3b) x28 0x0000000000000000
core   0: 0x0000000080005654 (0xd03c7053) fcvt.s.lu ft0, s8
core   0: 1 0x0000000080005654 (0xd03c7053) c1_fflags 0x0000000000000011 f0  0xffffffff4f000061
core   0: 0x0000000080005658 (0xa3d202d3) fle.d   t0, ft4, ft9
core   0: 1 0x0000000080005658 (0xa3d202d3) c1_fflags 0x0000000000000011 x5  0x0000000000000000
core   0: 0x000000008000565c (0x000099b6) c.add   s3, a3
core   0: 1 0x000000008000565c (0x99b6) x19 0x0002324200000000
core   0: 0x000000008000565e (0x40197d53) fcvt.s.d fs10, fs2
core   0: 1 0x000000008000565e (0x40197d53) f26 0xffffffff7fc00000
core   0: 0x0000000080005662 (0xc20bf653) fcvt.w.d a2, fs7
core   0: 1 0x0000000080005662 (0xc20bf653) c1_fflags 0x0000000000000011 x12 0x000000007fffffff
core   0: 0x0000000080005666 (0x000cdd1b) srliw   s10, s9, 0
core   0: 1 0x0000000080005666 (0x000cdd1b) x26 0x0000000000000011
core   0: 0x000000008000566a (0x00000001) c.nop
core   0: 1 0x000000008000566a (0x0001)
core   0: 0x000000008000566c (0x019d4b33) xor     s6, s10, s9
core   0: 1 0x000000008000566c (0x019d4b33) x22 0x0000000000000000
core   0: 0x0000000080005670 (0x5a0d7053) fsqrt.d ft0, fs10
core   0: 1 0x0000000080005670 (0x5a0d7053) f0  0x7ff8000000000000
core   0: 0x0000000080005674 (0x4015d5bb) sraw    a1, a1, ra
core   0: 1 0x0000000080005674 (0x4015d5bb) x11 0xffffffffffffffff
core   0: 0x0000000080005678 (0x13bdfdd3) fmul.d  fs11, fs11, fs11
core   0: 1 0x0000000080005678 (0x13bdfdd3) f27 0x7ff8000000000000
core   0: 0x000000008000567c (0x402c5d33) sra     s10, s8, sp
core   0: 1 0x000000008000567c (0x402c5d33) x26 0x0000000020001834
core   0: 0x0000000080005680 (0xd20e0ad3) fcvt.d.w fs5, t3
core   0: 1 0x0000000080005680 (0xd20e0ad3) f21 0x0000000000000000
core   0: 0x0000000080005684 (0x00000001) c.nop
core   0: 1 0x0000000080005684 (0x0001)
core   0: 0x0000000080005686 (0x02caf3d3) fadd.d  ft7, fs5, fa2
core   0: 1 0x0000000080005686 (0x02caf3d3) f7  0xc1dfffe7cc000000
core   0: 0x000000008000568a (0x02fc433b) divw    t1, s8, a5
core   0: 1 0x000000008000568a (0x02fc433b) x6  0xffffffffd555759b
core   0: 0x000000008000568e (0x0265f9bb) remuw   s3, a1, t1
core   0: 1 0x000000008000568e (0x0265f9bb) x19 0x000000002aaa8a64
core   0: 0x0000000080005692 (0x00bc1c1b) slliw   s8, s8, 11
core   0: 1 0x0000000080005692 (0x00bc1c1b) x24 0x0000000003068000
core   0: 0x0000000080005696 (0xb4c58313) addi    t1, a1, -1204
core   0: 1 0x0000000080005696 (0xb4c58313) x6  0xfffffffffffffb4b
core   0: 0x000000008000569a (0xa1d1e797) auipc   a5, 0xa1d1e
core   0: 1 0x000000008000569a (0xa1d1e797) x15 0x0000000021d2369a
core   0: 0x000000008000569e (0xc21af3d3) fcvt.wu.d t2, fs5
core   0: 1 0x000000008000569e (0xc21af3d3) x7  0x0000000000000000
core   0: 0x00000000800056a2 (0x40c3d7b3) sra     a5, t2, a2
core   0: 1 0x00000000800056a2 (0x40c3d7b3) x15 0x0000000000000000
core   0: 0x00000000800056a6 (0x00fd7833) and     a6, s10, a5
core   0: 1 0x00000000800056a6 (0x00fd7833) x16 0x0000000000000000
core   0: 0x00000000800056aa (0x0bb57353) fsub.d  ft6, fa0, fs11
core   0: 1 0x00000000800056aa (0x0bb57353) f6  0x7ff8000000000000
core   0: 0x00000000800056ae (0x0092013b) addw    sp, tp, s1
core   0: 1 0x00000000800056ae (0x0092013b) x2  0x0000000000000000
core   0: 0x00000000800056b2 (0x0112e8b3) or      a7, t0, a7
core   0: 1 0x00000000800056b2 (0x0112e8b3) x17 0xffffffffffffffff
core   0: 0x00000000800056b6 (0xd23474d3) fcvt.d.lu fs1, s0
core   0: 1 0x00000000800056b6 (0xd23474d3) c1_fflags 0x0000000000000011 f9  0x43e0000000000000
core   0: 0x00000000800056ba (0x0a037047) fmsub.d ft0, ft6, ft0, ft1
core   0: 1 0x00000000800056ba (0x0a037047) f0  0x7ff8000000000000
core   0: 0x00000000800056be (0xd2217ad3) fcvt.d.l fs5, sp
core   0: 1 0x00000000800056be (0xd2217ad3) f21 0x0000000000000000
core   0: 0x00000000800056c2 (0x01a9da33) srl     s4, s3, s10
core   0: 1 0x00000000800056c2 (0x01a9da33) x20 0x0000000000000000
core   0: 0x00000000800056c6 (0x235e0e53) fsgnj.d ft8, ft8, fs5
core   0: 1 0x00000000800056c6 (0x235e0e53) f28 0x0000000000000000
core   0: 0x00000000800056ca (0x0ff0000f) fence   iorw,iorw
core   0: 1 0x00000000800056ca (0x0ff0000f)
core   0: 0x00000000800056ce (0x03ce49bb) divw    s3, t3, t3
core   0: 1 0x00000000800056ce (0x03ce49bb) x19 0xffffffffffffffff
core   0: 0x00000000800056d2 (0x13c07153) fmul.d  ft2, ft0, ft8
core   0: 1 0x00000000800056d2 (0x13c07153) f2  0x7ff8000000000000
core   0: 0x00000000800056d6 (0x031a05bb) mulw    a1, s4, a7
core   0: 1 0x00000000800056d6 (0x031a05bb) x11 0x0000000000000000
core   0: 0x00000000800056da (0x00e146b3) xor     a3, sp, a4
core   0: 1 0x00000000800056da (0x00e146b3) x13 0x0000000000000002
core   0: 0x00000000800056de (0x03188ebb) mulw    t4, a7, a7
core   0: 1 0x00000000800056de (0x03188ebb) x29 0x0000000000000001
core   0: 0x00000000800056e2 (0x343d7273) csrrci  tp, mtval, 26
core   0: exception trap_illegal_instruction, epc 0x00000000800056e2
core   0:           tval 0x00000000343d7273
core   0: >>>>  $xrv64i2p1_m2p0_a2p1_f2p2_d2p2_zicsr2p0_zifencei2p0_zmmul1p0_zba1p0_zbb1p0_zbc1p0_zbs1p0
core   0: 0x0000000080004000 (0x0080006f) j       pc + 0x8
core   0: 3 0x0000000080004000 (0x0080006f)
core   0: >>>>  mmode_exception_handler
core   0: 0x0000000080004008 (0x00002c17) auipc   s8, 0x2
core   0: 3 0x0000000080004008 (0x00002c17) x24 0x0000000080006008
core   0: 0x000000008000400c (0x0c8c0c13) addi    s8, s8, 200
core   0: 3 0x000000008000400c (0x0c8c0c13) x24 0x00000000800060d0
core   0: 0x0000000080004010 (0x000c00e7) jalr    s8
core   0: 3 0x0000000080004010 (0x000c00e7) x1  0x0000000080004014
core   0: >>>>  any_handler
core   0: 0x00000000800060d0 (0x341027f3) csrrs   a5, mepc, zero
core   0: 3 0x00000000800060d0 (0x341027f3) x15 0x00000000800056e2
core   0: 0x00000000800060d4 (0x34202773) csrrs   a4, mcause, zero
core   0: 3 0x00000000800060d4 (0x34202773) x14 0x0000000000000002
core   0: 0x00000000800060d8 (0x142026f3) csrrs   a3, scause, zero
core   0: 3 0x00000000800060d8 (0x142026f3) x13 0x0000000000000000
core   0: 0x00000000800060dc (0x30402673) csrrs   a2, mie, zero
core   0: 3 0x00000000800060dc (0x30402673) x12 0x0000000000000a00
core   0: 0x00000000800060e0 (0x344025f3) csrrs   a1, mip, zero
core   0: 3 0x00000000800060e0 (0x344025f3) x11 0x0000000000000080
core   0: 0x00000000800060e4 (0x343025f3) csrrs   a1, mtval, zero
core   0: 3 0x00000000800060e4 (0x343025f3) x11 0x00000000343d7273
core   0: 0x00000000800060e8 (0x14302573) csrrs   a0, stval, zero
core   0: 3 0x00000000800060e8 (0x14302573) x10 0x0000000000000013
core   0: 0x00000000800060ec (0xb02024f3) csrrs   s1, minstret, zero
core   0: 3 0x00000000800060ec (0xb02024f3) x9  0x0000000000000f8a
core   0: 0x00000000800060f0 (0x0000a811) c.j     pc + 20
core   0: 3 0x00000000800060f0 (0xa811)
core   0: >>>>  mepc_4
core   0: 0x0000000080006104 (0x00000791) c.addi  a5, 4
core   0: 3 0x0000000080006104 (0x0791) x15 0x00000000800056e6
core   0: 0x0000000080006106 (0x34179073) csrrw   zero, mepc, a5
core   0: 3 0x0000000080006106 (0x34179073) c833_mepc 0x00000000800056e6
core   0: 0x000000008000610a (0x30200073) mret
core   0: 3 0x000000008000610a (0x30200073) c768_mstatus 0x8000000a00106080
core   0: 0x00000000800056e6 (0x03ce0d3b) mulw    s10, t3, t3
core   0: 1 0x00000000800056e6 (0x03ce0d3b) x26 0x0000000000000000
core   0: 0x00000000800056ea (0x41ca531b) sraiw   t1, s4, 28
core   0: 1 0x00000000800056ea (0x41ca531b) x6  0x0000000000000000
core   0: 0x00000000800056ee (0x030e4e33) div     t3, t3, a6
core   0: 1 0x00000000800056ee (0x030e4e33) x28 0xffffffffffffffff
core   0: 0x00000000800056f2 (0x4094d63b) sraw    a2, s1, s1
core   0: 1 0x00000000800056f2 (0x4094d63b) x12 0x0000000000000003
core   0: 0x00000000800056f6 (0x57d4c393) xori    t2, s1, 1405
core   0: 1 0x00000000800056f6 (0x57d4c393) x7  0x0000000000000af7
core   0: 0x00000000800056fa (0x403154b3) sra     s1, sp, gp
core   0: 1 0x00000000800056fa (0x403154b3) x9  0x0000000000000000
core   0: 0x00000000800056fe (0x413bdc9b) sraiw   s9, s7, 19
core   0: 1 0x00000000800056fe (0x413bdc9b) x25 0xfffffffffffff000
core   0: 0x0000000080005702 (0x03171413) slli    s0, a4, 49
core   0: 1 0x0000000080005702 (0x03171413) x8  0x0004000000000000
core   0: 0x0000000080005706 (0xe3caf54f) fnmadd.d fa0, fs5, ft8, ft8
core   0: 1 0x0000000080005706 (0xe3caf54f) f10 0x8000000000000000
core   0: 0x000000008000570a (0x004b56bb) srlw    a3, s6, tp
core   0: 1 0x000000008000570a (0x004b56bb) x13 0x0000000000000000
core   0: 0x000000008000570e (0x013babb3) slt     s7, s7, s3
core   0: 1 0x000000008000570e (0x013babb3) x23 0x0000000000000001
core   0: 0x0000000080005712 (0x03f91813) slli    a6, s2, 63
core   0: 1 0x0000000080005712 (0x03f91813) x16 0x0000000000000000
core   0: 0x0000000080005716 (0xc03e7ad3) fcvt.lu.s s5, ft8
core   0: 1 0x0000000080005716 (0xc03e7ad3) c1_fflags 0x0000000000000011 x21 0xffffffffffffffff
core   0: 0x000000008000571a (0x4c334d17) auipc   s10, 0x4c334
core   0: 1 0x000000008000571a (0x4c334d17) x26 0x00000000cc33971a
core   0: 0x000000008000571e (0x0011ad33) slt     s10, gp, ra
core   0: 1 0x000000008000571e (0x0011ad33) x26 0x0000000000000000
core   0: 0x0000000080005722 (0x00d3133b) sllw    t1, t1, a3
core   0: 1 0x0000000080005722 (0x00d3133b) x6  0x0000000000000000
core   0: 0x0000000080005726 (0x1e65891b) addiw   s2, a1, 486
core   0: 1 0x0000000080005726 (0x1e65891b) x18 0x00000000343d7459
core   0: 0x000000008000572a (0xc23afb53) fcvt.lu.d s6, fs5
core   0: 1 0x000000008000572a (0xc23afb53) x22 0x0000000000000000
core   0: 0x000000008000572e (0x01631e33) sll     t3, t1, s6
core   0: 1 0x000000008000572e (0x01631e33) x28 0x0000000000000000
core   0: 0x0000000080005732 (0x00b0063b) addw    a2, zero, a1
core   0: 1 0x0000000080005732 (0x00b0063b) x12 0x00000000343d7273
core   0: 0x0000000080005736 (0x0125949b) slliw   s1, a1, 18
core   0: 1 0x0000000080005736 (0x0125949b) x9  0xffffffffc9cc0000
core   0: 0x000000008000573a (0x00202e73) csrrs   t3, frm, zero
core   0: 1 0x000000008000573a (0x00202e73) x28 0x0000000000000003
core   0: 0x000000008000573e (0x2b090953) fmin.d  fs2, fs2, fa6
core   0: 1 0x000000008000573e (0x2b090953) f18 0x7ff8000000000000
core   0: 0x0000000080005742 (0x127475d3) fmul.d  fa1, fs0, ft7
core   0: 1 0x0000000080005742 (0x127475d3) f11 0x7ff8000000000000
core   0: 0x0000000080005746 (0x002d9773) csrrw   a4, frm, s11
core   0: 1 0x0000000080005746 (0x002d9773) x14 0x0000000000000003 c2_frm 0x0000000000000000
core   0: 0x000000008000574a (0x125dfdd3) fmul.d  fs11, fs11, ft5
core   0: 1 0x000000008000574a (0x125dfdd3) f27 0x7ff8000000000000
core   0: 0x000000008000574e (0x011598bb) sllw    a7, a1, a7
core   0: 1 0x000000008000574e (0x011598bb) x17 0xffffffff80000000
core   0: 0x0000000080005752 (0x01752e33) slt     t3, a0, s7
core   0: 1 0x0000000080005752 (0x01752e33) x28 0x0000000000000000
core   0: 0x0000000080005756 (0x0320493b) divw    s2, zero, s2
core   0: 1 0x0000000080005756 (0x0320493b) x18 0x0000000000000000
core   0: 0x000000008000575a (0xa38803d3) fle.d   t2, fa6, fs8
core   0: 1 0x000000008000575a (0xa38803d3) c1_fflags 0x0000000000000011 x7  0x0000000000000000
core   0: 0x000000008000575e (0x00000001) c.nop
core   0: 1 0x000000008000575e (0x0001)
core   0: 0x0000000080005760 (0x0328cdb3) div     s11, a7, s2
core   0: 1 0x0000000080005760 (0x0328cdb3) x27 0xffffffffffffffff
core   0: 0x0000000080005764 (0x002027f3) csrrs   a5, frm, zero
core   0: 1 0x0000000080005764 (0x002027f3) x15 0x0000000000000000
core   0: 0x0000000080005768 (0x001a1173) csrrw   sp, fflags, s4
core   0: 1 0x0000000080005768 (0x001a1173) x2  0x0000000000000011 c1_fflags 0x0000000000000000
core   0: 0x000000008000576c (0x22c589d3) fsgnj.d fs3, fa1, fa2
core   0: 1 0x000000008000576c (0x22c589d3) f19 0xfff8000000000000
core   0: 0x0000000080005770 (0x22c424d3) fsgnjx.d fs1, fs0, fa2
core   0: 1 0x0000000080005770 (0x22c424d3) f9  0x7fffffff7fc00000
core   0: 0x0000000080005774 (0x5a0d7d53) fsqrt.d fs10, fs10
core   0: 1 0x0000000080005774 (0x5a0d7d53) f26 0x7ff8000000000000
core   0: 0x0000000080005778 (0x2a3f71cb) fnmsub.d ft3, ft10, ft3, ft5
core   0: 1 0x0000000080005778 (0x2a3f71cb) f3  0x7ff8000000000000
core   0: 0x000000008000577c (0x02211733) mulh    a4, sp, sp
core   0: 1 0x000000008000577c (0x02211733) x14 0x0000000000000000
core   0: 0x0000000080005780 (0xf1489bf3) csrrw   s7, mhartid, a7
core   0: exception trap_illegal_instruction, epc 0x0000000080005780
core   0:           tval 0x00000000f1489bf3
core   0: >>>>  $xrv64i2p1_m2p0_a2p1_f2p2_d2p2_zicsr2p0_zifencei2p0_zmmul1p0_zba1p0_zbb1p0_zbc1p0_zbs1p0
core   0: 0x0000000080004000 (0x0080006f) j       pc + 0x8
core   0: 3 0x0000000080004000 (0x0080006f)
core   0: >>>>  mmode_exception_handler
core   0: 0x0000000080004008 (0x00002c17) auipc   s8, 0x2
core   0: 3 0x0000000080004008 (0x00002c17) x24 0x0000000080006008
core   0: 0x000000008000400c (0x0c8c0c13) addi    s8, s8, 200
core   0: 3 0x000000008000400c (0x0c8c0c13) x24 0x00000000800060d0
core   0: 0x0000000080004010 (0x000c00e7) jalr    s8
core   0: 3 0x0000000080004010 (0x000c00e7) x1  0x0000000080004014
core   0: >>>>  any_handler
core   0: 0x00000000800060d0 (0x341027f3) csrrs   a5, mepc, zero
core   0: 3 0x00000000800060d0 (0x341027f3) x15 0x0000000080005780
core   0: 0x00000000800060d4 (0x34202773) csrrs   a4, mcause, zero
core   0: 3 0x00000000800060d4 (0x34202773) x14 0x0000000000000002
core   0: 0x00000000800060d8 (0x142026f3) csrrs   a3, scause, zero
core   0: 3 0x00000000800060d8 (0x142026f3) x13 0x0000000000000000
core   0: 0x00000000800060dc (0x30402673) csrrs   a2, mie, zero
core   0: 3 0x00000000800060dc (0x30402673) x12 0x0000000000000a00
core   0: 0x00000000800060e0 (0x344025f3) csrrs   a1, mip, zero
core   0: 3 0x00000000800060e0 (0x344025f3) x11 0x0000000000000080
core   0: 0x00000000800060e4 (0x343025f3) csrrs   a1, mtval, zero
core   0: 3 0x00000000800060e4 (0x343025f3) x11 0x00000000f1489bf3
core   0: 0x00000000800060e8 (0x14302573) csrrs   a0, stval, zero
core   0: 3 0x00000000800060e8 (0x14302573) x10 0x0000000000000013
core   0: 0x00000000800060ec (0xb02024f3) csrrs   s1, minstret, zero
core   0: 3 0x00000000800060ec (0xb02024f3) x9  0x0000000000000fc1
core   0: 0x00000000800060f0 (0x0000a811) c.j     pc + 20
core   0: 3 0x00000000800060f0 (0xa811)
core   0: >>>>  mepc_4
core   0: 0x0000000080006104 (0x00000791) c.addi  a5, 4
core   0: 3 0x0000000080006104 (0x0791) x15 0x0000000080005784
core   0: 0x0000000080006106 (0x34179073) csrrw   zero, mepc, a5
core   0: 3 0x0000000080006106 (0x34179073) c833_mepc 0x0000000080005784
core   0: 0x000000008000610a (0x30200073) mret
core   0: 3 0x000000008000610a (0x30200073) c768_mstatus 0x8000000a00106080
core   0: 0x0000000080005784 (0x00000001) c.nop
core   0: 1 0x0000000080005784 (0x0001)
core   0: 0x0000000080005786 (0x400adb13) srai    s6, s5, 0
core   0: 1 0x0000000080005786 (0x400adb13) x22 0xffffffffffffffff
core   0: 0x000000008000578a (0x0082143b) sllw    s0, tp, s0
core   0: 1 0x000000008000578a (0x0082143b) x8  0x0000000000000000
core   0: 0x000000008000578e (0x01650a3b) addw    s4, a0, s6
core   0: 1 0x000000008000578e (0x01650a3b) x20 0x0000000000000012
core   0: 0x0000000080005792 (0xd02479d3) fcvt.s.l fs3, s0
core   0: 1 0x0000000080005792 (0xd02479d3) f19 0xffffffff00000000
core   0: 0x0000000080005796 (0x000c1a13) slli    s4, s8, 0
core   0: 1 0x0000000080005796 (0x000c1a13) x20 0x00000000800060d0
core   0: 0x000000008000579a (0x021b0533) mul     a0, s6, ra
core   0: 1 0x000000008000579a (0x021b0533) x10 0xffffffff7fffbfec
core   0: 0x000000008000579e (0x029c1d37) lui     s10, 0x29c1
core   0: 1 0x000000008000579e (0x029c1d37) x26 0x00000000029c1000
core   0: 0x00000000800057a2 (0xf83d0d1b) addiw   s10, s10, -125
core   0: 1 0x00000000800057a2 (0xf83d0d1b) x26 0x00000000029c0f83
core   0: 0x00000000800057a6 (0x00000d32) c.slli  s10, 12
core   0: 1 0x00000000800057a6 (0x0d32) x26 0x00000029c0f83000
core   0: 0x00000000800057a8 (0x451d0d13) addi    s10, s10, 1105
core   0: 1 0x00000000800057a8 (0x451d0d13) x26 0x00000029c0f83451
core   0: 0x00000000800057ac (0x5a037fd3) fsqrt.d ft11, ft6
core   0: 1 0x00000000800057ac (0x5a037fd3) f31 0x7ff8000000000000
core   0: 0x00000000800057b0 (0x01c0131b) slliw   t1, zero, 28
core   0: 1 0x00000000800057b0 (0x01c0131b) x6  0x0000000000000000
core   0: 0x00000000800057b4 (0x01ac6db3) or      s11, s8, s10
core   0: 1 0x00000000800057b4 (0x01ac6db3) x27 0x00000029c0f874d1
core   0: 0x00000000800057b8 (0x43f9d493) srai    s1, s3, 63
core   0: 1 0x00000000800057b8 (0x43f9d493) x9  0xffffffffffffffff
core   0: 0x00000000800057bc (0x0249b033) mulhu   zero, s3, tp
core   0: 1 0x00000000800057bc (0x0249b033)
core   0: 0x00000000800057c0 (0x00015dbb) srlw    s11, sp, zero
core   0: 1 0x00000000800057c0 (0x00015dbb) x27 0x0000000000000011
core   0: 0x00000000800057c4 (0x02a9593b) divuw   s2, s2, a0
core   0: 1 0x00000000800057c4 (0x02a9593b) x18 0x0000000000000000
core   0: 0x00000000800057c8 (0x4d236b13) ori     s6, t1, 1234
core   0: 1 0x00000000800057c8 (0x4d236b13) x22 0x00000000000004d2
core   0: 0x00000000800057cc (0x44b3831b) addiw   t1, t2, 1099
core   0: 1 0x00000000800057cc (0x44b3831b) x6  0x000000000000044b
core   0: 0x00000000800057d0 (0x439e5613) srai    a2, t3, 57
core   0: 1 0x00000000800057d0 (0x439e5613) x12 0x0000000000000000
core   0: 0x00000000800057d4 (0x005413bb) sllw    t2, s0, t0
core   0: 1 0x00000000800057d4 (0x005413bb) x7  0x0000000000000000
core   0: 0x00000000800057d8 (0x035a91b3) mulh    gp, s5, s5
core   0: 1 0x00000000800057d8 (0x035a91b3) x3  0x0000000000000000
core   0: 0x00000000800057dc (0x01d4deb3) srl     t4, s1, t4
core   0: 1 0x00000000800057dc (0x01d4deb3) x29 0x7fffffffffffffff
core   0: 0x00000000800057e0 (0x4007d89b) sraiw   a7, a5, 0
core   0: 1 0x00000000800057e0 (0x4007d89b) x17 0xffffffff80005784
core   0: 0x00000000800057e4 (0xd2090253) fcvt.d.w ft4, s2
core   0: 1 0x00000000800057e4 (0xd2090253) f4  0x0000000000000000
core   0: 0x00000000800057e8 (0xf20a8053) fmv.d.x ft0, s5
core   0: 1 0x00000000800057e8 (0xf20a8053) f0  0xffffffffffffffff
core   0: 0x00000000800057ec (0x2b5a9b53) fmax.d  fs6, fs5, fs5
core   0: 1 0x00000000800057ec (0x2b5a9b53) f22 0x0000000000000000
core   0: 0x00000000800057f0 (0x00000001) c.nop
core   0: 1 0x00000000800057f0 (0x0001)
core   0: 0x00000000800057f2 (0x22fca3d3) fsgnjx.d ft7, fs9, fa5
core   0: 1 0x00000000800057f2 (0x22fca3d3) f7  0x7ff8000000000000
core   0: 0x00000000800057f6 (0x00129df3) csrrw   s11, fflags, t0
core   0: 1 0x00000000800057f6 (0x00129df3) x27 0x0000000000000000 c1_fflags 0x0000000000000000
core   0: 0x00000000800057fa (0x800a039b) addiw   t2, s4, -2048
core   0: 1 0x00000000800057fa (0x800a039b) x7  0xffffffff800058d0
core   0: 0x00000000800057fe (0x5a0f70d3) fsqrt.d ft1, ft10
core   0: 1 0x00000000800057fe (0x5a0f70d3) f1  0x7ff8000000000000
core   0: 0x0000000080005802 (0x01d8121b) slliw   tp, a6, 29
core   0: 1 0x0000000080005802 (0x01d8121b) x4  0x0000000000000000
core   0: 0x0000000080005806 (0x03745293) srli    t0, s0, 55
core   0: 1 0x0000000080005806 (0x03745293) x5  0x0000000000000000
core   0: 0x000000008000580a (0x2392aad3) fsgnjx.d fs5, ft5, fs9
core   0: 1 0x000000008000580a (0x2392aad3) f21 0xffffffff4f726727
core   0: 0x000000008000580e (0x038e45b3) div     a1, t3, s8
core   0: 1 0x000000008000580e (0x038e45b3) x11 0x0000000000000000
core   0: 0x0000000080005812 (0xc02cf753) fcvt.l.s a4, fs9
core   0: 1 0x0000000080005812 (0xc02cf753) c1_fflags 0x0000000000000010 x14 0x7fffffffffffffff
core   0: 0x0000000080005816 (0x00202473) csrrs   s0, frm, zero
core   0: 1 0x0000000080005816 (0x00202473) x8  0x0000000000000000
core   0: 0x000000008000581a (0x02e519b3) mulh    s3, a0, a4
core   0: 1 0x000000008000581a (0x02e519b3) x19 0xffffffffbfffdff6
core   0: 0x000000008000581e (0x418c063b) subw    a2, s8, s8
core   0: 1 0x000000008000581e (0x418c063b) x12 0x0000000000000000
core   0: 0x0000000080005822 (0x237a94d3) fsgnjn.d fs1, fs5, fs7
core   0: 1 0x0000000080005822 (0x237a94d3) f9  0xffffffff4f726727
core   0: 0x0000000080005826 (0x000ddc1b) srliw   s8, s11, 0
core   0: 1 0x0000000080005826 (0x000ddc1b) x24 0x0000000000000000
core   0: 0x000000008000582a (0x035bb7b3) mulhu   a5, s7, s5
core   0: 1 0x000000008000582a (0x035bb7b3) x15 0x0000000000000000
core   0: 0x000000008000582e (0x40127053) fcvt.s.d ft0, ft4
core   0: 1 0x000000008000582e (0x40127053) f0  0xffffffff00000000
core   0: 0x0000000080005832 (0x03842c33) mulhsu  s8, s0, s8
core   0: 1 0x0000000080005832 (0x03842c33) x24 0x0000000000000000
core   0: 0x0000000080005836 (0x0ff0000f) fence   iorw,iorw
core   0: 1 0x0000000080005836 (0x0ff0000f)
core   0: 0x000000008000583a (0xc2227653) fcvt.l.d a2, ft4
core   0: 1 0x000000008000583a (0xc2227653) x12 0x0000000000000000
core   0: 0x000000008000583e (0x1aadf153) fdiv.d  ft2, fs11, fa0
core   0: 1 0x000000008000583e (0x1aadf153) f2  0x7ff8000000000000
core   0: 0x0000000080005842 (0x016b6b33) or      s6, s6, s6
core   0: 1 0x0000000080005842 (0x016b6b33) x22 0x00000000000004d2
core   0: 0x0000000080005846 (0xdd4b0393) addi    t2, s6, -556
core   0: 1 0x0000000080005846 (0xdd4b0393) x7  0x00000000000002a6
core   0: 0x000000008000584a (0x00738bbb) addw    s7, t2, t2
core   0: 1 0x000000008000584a (0x00738bbb) x23 0x000000000000054c
core   0: 0x000000008000584e (0x0b0873d3) fsub.d  ft7, fa6, fa6
core   0: 1 0x000000008000584e (0x0b0873d3) f7  0x7ff8000000000000
core   0: 0x0000000080005852 (0xc23277d3) fcvt.lu.d a5, ft4
core   0: 1 0x0000000080005852 (0xc23277d3) x15 0x0000000000000000
core   0: 0x0000000080005856 (0x000a8eb3) add     t4, s5, zero
core   0: 1 0x0000000080005856 (0x000a8eb3) x29 0xffffffffffffffff
core   0: 0x000000008000585a (0x82495397) auipc   t2, 0x82495
core   0: 1 0x000000008000585a (0x82495397) x7  0x000000000249a85a
core   0: 0x000000008000585e (0x401ed79b) sraiw   a5, t4, 1
core   0: 1 0x000000008000585e (0x401ed79b) x15 0xffffffffffffffff
core   0: 0x0000000080005862 (0x2a707e4f) fnmadd.d ft8, ft0, ft7, ft5
core   0: 1 0x0000000080005862 (0x2a707e4f) f28 0x7ff8000000000000
core   0: 0x0000000080005866 (0xd20c07d3) fcvt.d.w fa5, s8
core   0: 1 0x0000000080005866 (0xd20c07d3) f15 0x0000000000000000
core   0: 0x000000008000586a (0xd03efdd3) fcvt.s.lu fs11, t4
core   0: 1 0x000000008000586a (0xd03efdd3) c1_fflags 0x0000000000000011 f27 0xffffffff5f800000
core   0: 0x000000008000586e (0x41828c3b) subw    s8, t0, s8
core   0: 1 0x000000008000586e (0x41828c3b) x24 0x0000000000000000
core   0: 0x0000000080005872 (0xee827397) auipc   t2, 0xee827
core   0: 1 0x0000000080005872 (0xee827397) x7  0x000000006e82c872
core   0: 0x0000000080005876 (0x306c2e73) csrrs   t3, mcounteren, s8
core   0: exception trap_illegal_instruction, epc 0x0000000080005876
core   0:           tval 0x00000000306c2e73
core   0: >>>>  $xrv64i2p1_m2p0_a2p1_f2p2_d2p2_zicsr2p0_zifencei2p0_zmmul1p0_zba1p0_zbb1p0_zbc1p0_zbs1p0
core   0: 0x0000000080004000 (0x0080006f) j       pc + 0x8
core   0: 3 0x0000000080004000 (0x0080006f)
core   0: >>>>  mmode_exception_handler
core   0: 0x0000000080004008 (0x00002c17) auipc   s8, 0x2
core   0: 3 0x0000000080004008 (0x00002c17) x24 0x0000000080006008
core   0: 0x000000008000400c (0x0c8c0c13) addi    s8, s8, 200
core   0: 3 0x000000008000400c (0x0c8c0c13) x24 0x00000000800060d0
core   0: 0x0000000080004010 (0x000c00e7) jalr    s8
core   0: 3 0x0000000080004010 (0x000c00e7) x1  0x0000000080004014
core   0: >>>>  any_handler
core   0: 0x00000000800060d0 (0x341027f3) csrrs   a5, mepc, zero
core   0: 3 0x00000000800060d0 (0x341027f3) x15 0x0000000080005876
core   0: 0x00000000800060d4 (0x34202773) csrrs   a4, mcause, zero
core   0: 3 0x00000000800060d4 (0x34202773) x14 0x0000000000000002
core   0: 0x00000000800060d8 (0x142026f3) csrrs   a3, scause, zero
core   0: 3 0x00000000800060d8 (0x142026f3) x13 0x0000000000000000
core   0: 0x00000000800060dc (0x30402673) csrrs   a2, mie, zero
core   0: 3 0x00000000800060dc (0x30402673) x12 0x0000000000000a00
core   0: 0x00000000800060e0 (0x344025f3) csrrs   a1, mip, zero
core   0: 3 0x00000000800060e0 (0x344025f3) x11 0x0000000000000080
core   0: 0x00000000800060e4 (0x343025f3) csrrs   a1, mtval, zero
core   0: 3 0x00000000800060e4 (0x343025f3) x11 0x00000000306c2e73
core   0: 0x00000000800060e8 (0x14302573) csrrs   a0, stval, zero
core   0: 3 0x00000000800060e8 (0x14302573) x10 0x0000000000000013
core   0: 0x00000000800060ec (0xb02024f3) csrrs   s1, minstret, zero
core   0: 3 0x00000000800060ec (0xb02024f3) x9  0x000000000000100f
core   0: 0x00000000800060f0 (0x0000a811) c.j     pc + 20
core   0: 3 0x00000000800060f0 (0xa811)
core   0: >>>>  mepc_4
core   0: 0x0000000080006104 (0x00000791) c.addi  a5, 4
core   0: 3 0x0000000080006104 (0x0791) x15 0x000000008000587a
core   0: 0x0000000080006106 (0x34179073) csrrw   zero, mepc, a5
core   0: 3 0x0000000080006106 (0x34179073) c833_mepc 0x000000008000587a
core   0: 0x000000008000610a (0x30200073) mret
core   0: 3 0x000000008000610a (0x30200073) c768_mstatus 0x8000000a00106080
core   0: 0x000000008000587a (0xa26d84d3) fle.d   s1, fs11, ft6
core   0: 1 0x000000008000587a (0xa26d84d3) c1_fflags 0x0000000000000011 x9  0x0000000000000000
core   0: 0x000000008000587e (0x0ff0000f) fence   iorw,iorw
core   0: 1 0x000000008000587e (0x0ff0000f)
core   0: 0x0000000080005882 (0xd2188953) fcvt.d.wu fs2, a7
core   0: 1 0x0000000080005882 (0xd2188953) f18 0x41e0000af0800000
core   0: 0x0000000080005886 (0x42060653) fcvt.d.s fa2, fa2
core   0: 1 0x0000000080005886 (0x42060653) f12 0x7ff8000000000000
core   0: 0x000000008000588a (0x40b7d21b) sraiw   tp, a5, 11
core   0: 1 0x000000008000588a (0x40b7d21b) x4  0xfffffffffff0000b
core   0: 0x000000008000588e (0x4170d09b) sraiw   ra, ra, 23
core   0: 1 0x000000008000588e (0x4170d09b) x1  0xffffffffffffff00
core   0: 0x0000000080005892 (0x0008181b) slliw   a6, a6, 0
core   0: 1 0x0000000080005892 (0x0008181b) x16 0x0000000000000000
core   0: 0x0000000080005896 (0x5abe7dc3) fmadd.d fs11, ft8, fa1, fa1
core   0: 1 0x0000000080005896 (0x5abe7dc3) f27 0x7ff8000000000000
core   0: 0x000000008000589a (0x01a11793) slli    a5, sp, 26
core   0: 1 0x000000008000589a (0x01a11793) x15 0x0000000044000000
core   0: 0x000000008000589e (0xc2357a53) fcvt.lu.d s4, fa0
core   0: 1 0x000000008000589e (0xc2357a53) x20 0x0000000000000000
core   0: 0x00000000800058a2 (0x4121593b) sraw    s2, sp, s2
core   0: 1 0x00000000800058a2 (0x4121593b) x18 0x0000000000000011
core   0: 0x00000000800058a6 (0x40f2843b) subw    s0, t0, a5
core   0: 1 0x00000000800058a6 (0x40f2843b) x8  0xffffffffbc000000
core   0: 0x00000000800058aa (0xc02676d3) fcvt.l.s a3, fa2
core   0: 1 0x00000000800058aa (0xc02676d3) c1_fflags 0x0000000000000011 x13 0x7fffffffffffffff
core   0: 0x00000000800058ae (0x7b022e73) csrrs   t3, dcsr, tp
core   0: exception trap_illegal_instruction, epc 0x00000000800058ae
core   0:           tval 0x000000007b022e73
core   0: >>>>  $xrv64i2p1_m2p0_a2p1_f2p2_d2p2_zicsr2p0_zifencei2p0_zmmul1p0_zba1p0_zbb1p0_zbc1p0_zbs1p0
core   0: 0x0000000080004000 (0x0080006f) j       pc + 0x8
core   0: 3 0x0000000080004000 (0x0080006f)
core   0: >>>>  mmode_exception_handler
core   0: 0x0000000080004008 (0x00002c17) auipc   s8, 0x2
core   0: 3 0x0000000080004008 (0x00002c17) x24 0x0000000080006008
core   0: 0x000000008000400c (0x0c8c0c13) addi    s8, s8, 200
core   0: 3 0x000000008000400c (0x0c8c0c13) x24 0x00000000800060d0
core   0: 0x0000000080004010 (0x000c00e7) jalr    s8
core   0: 3 0x0000000080004010 (0x000c00e7) x1  0x0000000080004014
core   0: >>>>  any_handler
core   0: 0x00000000800060d0 (0x341027f3) csrrs   a5, mepc, zero
core   0: 3 0x00000000800060d0 (0x341027f3) x15 0x00000000800058ae
core   0: 0x00000000800060d4 (0x34202773) csrrs   a4, mcause, zero
core   0: 3 0x00000000800060d4 (0x34202773) x14 0x0000000000000002
core   0: 0x00000000800060d8 (0x142026f3) csrrs   a3, scause, zero
core   0: 3 0x00000000800060d8 (0x142026f3) x13 0x0000000000000000
core   0: 0x00000000800060dc (0x30402673) csrrs   a2, mie, zero
core   0: 3 0x00000000800060dc (0x30402673) x12 0x0000000000000a00
core   0: 0x00000000800060e0 (0x344025f3) csrrs   a1, mip, zero
core   0: 3 0x00000000800060e0 (0x344025f3) x11 0x0000000000000080
core   0: 0x00000000800060e4 (0x343025f3) csrrs   a1, mtval, zero
core   0: 3 0x00000000800060e4 (0x343025f3) x11 0x000000007b022e73
core   0: 0x00000000800060e8 (0x14302573) csrrs   a0, stval, zero
core   0: 3 0x00000000800060e8 (0x14302573) x10 0x0000000000000013
core   0: 0x00000000800060ec (0xb02024f3) csrrs   s1, minstret, zero
core   0: 3 0x00000000800060ec (0xb02024f3) x9  0x000000000000102c
core   0: 0x00000000800060f0 (0x0000a811) c.j     pc + 20
core   0: 3 0x00000000800060f0 (0xa811)
core   0: >>>>  mepc_4
core   0: 0x0000000080006104 (0x00000791) c.addi  a5, 4
core   0: 3 0x0000000080006104 (0x0791) x15 0x00000000800058b2
core   0: 0x0000000080006106 (0x34179073) csrrw   zero, mepc, a5
core   0: 3 0x0000000080006106 (0x34179073) c833_mepc 0x00000000800058b2
core   0: 0x000000008000610a (0x30200073) mret
core   0: 3 0x000000008000610a (0x30200073) c768_mstatus 0x8000000a00106080
core   0: 0x00000000800058b2 (0x002e5733) srl     a4, t3, sp
core   0: 1 0x00000000800058b2 (0x002e5733) x14 0x0000000000000000
core   0: 0x00000000800058b6 (0xc02dfa53) fcvt.l.s s4, fs11
core   0: 1 0x00000000800058b6 (0xc02dfa53) c1_fflags 0x0000000000000011 x20 0x7fffffffffffffff
core   0: 0x00000000800058ba (0xc235f353) fcvt.lu.d t1, fa1
core   0: 1 0x00000000800058ba (0xc235f353) c1_fflags 0x0000000000000011 x6  0xffffffffffffffff
core   0: 0x00000000800058be (0x00000001) c.nop
core   0: 1 0x00000000800058be (0x0001)
core   0: 0x00000000800058c0 (0x00755937) lui     s2, 0x755
core   0: 1 0x00000000800058c0 (0x00755937) x18 0x0000000000755000
core   0: 0x00000000800058c4 (0xc4d9091b) addiw   s2, s2, -947
core   0: 1 0x00000000800058c4 (0xc4d9091b) x18 0x0000000000754c4d
core   0: 0x00000000800058c8 (0x00000942) c.slli  s2, 16
core   0: 1 0x00000000800058c8 (0x0942) x18 0x000000754c4d0000
core   0: 0x00000000800058ca (0x3c590913) addi    s2, s2, 965
core   0: 1 0x00000000800058ca (0x3c590913) x18 0x000000754c4d03c5
core   0: 0x00000000800058ce (0x02290133) mul     sp, s2, sp
core   0: 1 0x00000000800058ce (0x02290133) x2  0x000007ca111d4015
core   0: 0x00000000800058d2 (0x4201dc13) srai    s8, gp, 32
core   0: 1 0x00000000800058d2 (0x4201dc13) x24 0x0000000000000000
core   0: 0x00000000800058d6 (0x00e74933) xor     s2, a4, a4
core   0: 1 0x00000000800058d6 (0x00e74933) x18 0x0000000000000000
core   0: 0x00000000800058da (0x02c37053) fadd.d  ft0, ft6, fa2
core   0: 1 0x00000000800058da (0x02c37053) f0  0x7ff8000000000000
core   0: 0x00000000800058de (0xc215f253) fcvt.wu.d tp, fa1
core   0: 1 0x00000000800058de (0xc215f253) c1_fflags 0x0000000000000011 x4  0xffffffffffffffff
core   0: 0x00000000800058e2 (0x001d1293) slli    t0, s10, 1
core   0: 1 0x00000000800058e2 (0x001d1293) x5  0x0000005381f068a2
core   0: 0x00000000800058e6 (0x005a2cb3) slt     s9, s4, t0
core   0: 1 0x00000000800058e6 (0x005a2cb3) x25 0x0000000000000000
core   0: 0x00000000800058ea (0xd23a73d3) fcvt.d.lu ft7, s4
core   0: 1 0x00000000800058ea (0xd23a73d3) c1_fflags 0x0000000000000011 f7  0x43e0000000000000
core   0: 0x00000000800058ee (0x8a99c237) lui     tp, 0x8a99c
core   0: 1 0x00000000800058ee (0x8a99c237) x4  0xffffffff8a99c000
core   0: 0x00000000800058f2 (0x023b5833) divu    a6, s6, gp
core   0: 1 0x00000000800058f2 (0x023b5833) x16 0xffffffffffffffff
core   0: 0x00000000800058f6 (0x0031013b) addw    sp, sp, gp
core   0: 1 0x00000000800058f6 (0x0031013b) x2  0x00000000111d4015
core   0: 0x00000000800058fa (0xc21071d3) fcvt.wu.d gp, ft0
core   0: 1 0x00000000800058fa (0xc21071d3) c1_fflags 0x0000000000000011 x3  0xffffffffffffffff
core   0: 0x00000000800058fe (0xfff14293) not     t0, sp
core   0: 1 0x00000000800058fe (0xfff14293) x5  0xffffffffeee2bfea
core   0: 0x0000000080005902 (0x4012f8d3) fcvt.s.d fa7, ft5
core   0: 1 0x0000000080005902 (0x4012f8d3) f17 0xffffffff7fc00000
core   0: 0x0000000080005906 (0x23c00053) fsgnj.d ft0, ft0, ft8
core   0: 1 0x0000000080005906 (0x23c00053) f0  0x7ff8000000000000
core   0: 0x000000008000590a (0xd2128253) fcvt.d.wu ft4, t0
core   0: 1 0x000000008000590a (0xd2128253) f4  0x41eddc57fd400000
core   0: 0x000000008000590e (0x006bd6bb) srlw    a3, s7, t1
core   0: 1 0x000000008000590e (0x006bd6bb) x13 0x0000000000000000
core   0: 0x0000000080005912 (0xffecb537) lui     a0, 0xffecb
core   0: 1 0x0000000080005912 (0xffecb537) x10 0xffffffffffecb000
core   0: 0x0000000080005916 (0xad15051b) addiw   a0, a0, -1327
core   0: 1 0x0000000080005916 (0xad15051b) x10 0xffffffffffecaad1
core   0: 0x000000008000591a (0x0000053e) c.slli  a0, 15
core   0: 1 0x000000008000591a (0x053e) x10 0xfffffff655688000
core   0: 0x000000008000591c (0x48150513) addi    a0, a0, 1153
core   0: 1 0x000000008000591c (0x48150513) x10 0xfffffff655688481
core   0: 0x0000000080005920 (0x00068e1b) sext.w  t3, a3
core   0: 1 0x0000000080005920 (0x00068e1b) x28 0x0000000000000000
core   0: 0x0000000080005924 (0x00a6a933) slt     s2, a3, a0
core   0: 1 0x0000000080005924 (0x00a6a933) x18 0x0000000000000000
core   0: 0x0000000080005928 (0x000d919b) slliw   gp, s11, 0
core   0: 1 0x0000000080005928 (0x000d919b) x3  0x0000000000000000
core   0: 0x000000008000592c (0x42080853) fcvt.d.s fa6, fa6
core   0: 1 0x000000008000592c (0x42080853) f16 0x7ff8000000000000
core   0: 0x0000000080005930 (0x0321f13b) remuw   sp, gp, s2
core   0: 1 0x0000000080005930 (0x0321f13b) x2  0x0000000000000000
core   0: 0x0000000080005934 (0x0a447253) fsub.d  ft4, fs0, ft4
core   0: 1 0x0000000080005934 (0x0a447253) f4  0x7ff8000000000000
core   0: 0x0000000080005938 (0x0277e5b3) rem     a1, a5, t2
core   0: 1 0x0000000080005938 (0x0277e5b3) x11 0x00000000117d9040
core   0: 0x000000008000593c (0x1eeb5e17) auipc   t3, 0x1eeb5
core   0: 1 0x000000008000593c (0x1eeb5e17) x28 0x000000009eeba93c
core   0: 0x0000000080005940 (0x00f51c33) sll     s8, a0, a5
core   0: 1 0x0000000080005940 (0x00f51c33) x24 0x1204000000000000
core   0: 0x0000000080005944 (0xd20c06d3) fcvt.d.w fa3, s8
core   0: 1 0x0000000080005944 (0xd20c06d3) f13 0x0000000000000000
core   0: 0x0000000080005948 (0x415b873b) subw    a4, s7, s5
core   0: 1 0x0000000080005948 (0x415b873b) x14 0x000000000000054d
core   0: 0x000000008000594c (0x4000d093) srai    ra, ra, 0
core   0: 1 0x000000008000594c (0x4000d093) x1  0x0000000080004014
core   0: 0x0000000080005950 (0x02c75633) divu    a2, a4, a2
core   0: 1 0x0000000080005950 (0x02c75633) x12 0x0000000000000000
core   0: 0x0000000080005954 (0x02165d33) divu    s10, a2, ra
core   0: 1 0x0000000080005954 (0x02165d33) x26 0x0000000000000000
core   0: 0x0000000080005958 (0x00081d1b) slliw   s10, a6, 0
core   0: 1 0x0000000080005958 (0x00081d1b) x26 0xffffffffffffffff
core   0: 0x000000008000595c (0xf20502d3) fmv.d.x ft5, a0
core   0: 1 0x000000008000595c (0xf20502d3) f5  0xfffffff655688481
core   0: 0x0000000080005960 (0x00000001) c.nop
core   0: 1 0x0000000080005960 (0x0001)
core   0: 0x0000000080005962 (0x0ff0000f) fence   iorw,iorw
core   0: 1 0x0000000080005962 (0x0ff0000f)
core   0: 0x0000000080005966 (0x3257f7cb) fnmsub.d fa5, fa5, ft5, ft6
core   0: 1 0x0000000080005966 (0x3257f7cb) f15 0x7ff8000000000000
core   0: 0x000000008000596a (0x01f2181b) slliw   a6, tp, 31
core   0: 1 0x000000008000596a (0x01f2181b) x16 0x0000000000000000
core   0: 0x000000008000596e (0x02430b3b) mulw    s6, t1, tp
core   0: 1 0x000000008000596e (0x02430b3b) x22 0x0000000075664000
core   0: 0x0000000080005972 (0x5a0ef3d3) fsqrt.d ft7, ft9
core   0: 1 0x0000000080005972 (0x5a0ef3d3) f7  0x7ff8000000000000
core   0: 0x0000000080005976 (0x4194d99b) sraiw   s3, s1, 25
core   0: 1 0x0000000080005976 (0x4194d99b) x19 0x0000000000000000
core   0: 0x000000008000597a (0xa2d69ed3) flt.d   t4, fa3, fa3
core   0: 1 0x000000008000597a (0xa2d69ed3) x29 0x0000000000000000
core   0: 0x000000008000597e (0x60aa8113) addi    sp, s5, 1546
core   0: 1 0x000000008000597e (0x60aa8113) x2  0x0000000000000609
core   0: 0x0000000080005982 (0x03730eb3) mul     t4, t1, s7
core   0: 1 0x0000000080005982 (0x03730eb3) x29 0xfffffffffffffab4
core   0: 0x0000000080005986 (0x00000001) c.nop
core   0: 1 0x0000000080005986 (0x0001)
core   0: 0x0000000080005988 (0x407e86bb) subw    a3, t4, t2
core   0: 1 0x0000000080005988 (0x407e86bb) x13 0xffffffff917d3242
core   0: 0x000000008000598c (0x012d7233) and     tp, s10, s2
core   0: 1 0x000000008000598c (0x012d7233) x4  0x0000000000000000
core   0: 0x0000000080005990 (0x22d3a853) fsgnjx.d fa6, ft7, fa3
core   0: 1 0x0000000080005990 (0x22d3a853) f16 0x7ff8000000000000
core   0: 0x0000000080005994 (0xfffd0b9b) addiw   s7, s10, -1
core   0: 1 0x0000000080005994 (0xfffd0b9b) x23 0xfffffffffffffffe
core   0: 0x0000000080005998 (0x00ab9c33) sll     s8, s7, a0
core   0: 1 0x0000000080005998 (0x00ab9c33) x24 0xfffffffffffffffc
core   0: 0x000000008000599c (0x02ced393) srli    t2, t4, 44
core   0: 1 0x000000008000599c (0x02ced393) x7  0x00000000000fffff
core   0: 0x00000000800059a0 (0x415adab3) sra     s5, s5, s5
core   0: 1 0x00000000800059a0 (0x415adab3) x21 0xffffffffffffffff
core   0: 0x00000000800059a4 (0xc22df9d3) fcvt.l.d s3, fs11
core   0: 1 0x00000000800059a4 (0xc22df9d3) c1_fflags 0x0000000000000011 x19 0x7fffffffffffffff
core   0: 0x00000000800059a8 (0x0385c733) div     a4, a1, s8
core   0: 1 0x00000000800059a8 (0x0385c733) x14 0xfffffffffba09bf0
core   0: 0x00000000800059ac (0x01a15b9b) srliw   s7, sp, 26
core   0: 1 0x00000000800059ac (0x01a15b9b) x23 0x0000000000000000
core   0: 0x00000000800059b0 (0x22778ed3) fsgnj.d ft9, fa5, ft7
core   0: 1 0x00000000800059b0 (0x22778ed3) f29 0x7ff8000000000000
core   0: 0x00000000800059b4 (0xe358facb) fnmsub.d fs5, fa7, fs5, ft8
core   0: 1 0x00000000800059b4 (0xe358facb) f21 0x7ff8000000000000
core   0: 0x00000000800059b8 (0x401cf153) fcvt.s.d ft2, fs9
core   0: 1 0x00000000800059b8 (0x401cf153) f2  0xffffffff7fc00000
core   0: 0x00000000800059bc (0x03761393) slli    t2, a2, 55
core   0: 1 0x00000000800059bc (0x03761393) x7  0x0000000000000000
core   0: 0x00000000800059c0 (0x007e1cbb) sllw    s9, t3, t2
core   0: 1 0x00000000800059c0 (0x007e1cbb) x25 0xffffffff9eeba93c
core   0: 0x00000000800059c4 (0x040b3637) lui     a2, 0x40b3
core   0: 1 0x00000000800059c4 (0x040b3637) x12 0x00000000040b3000
core   0: 0x00000000800059c8 (0x4d56061b) addiw   a2, a2, 1237
core   0: 1 0x00000000800059c8 (0x4d56061b) x12 0x00000000040b34d5
core   0: 0x00000000800059cc (0x00000632) c.slli  a2, 12
core   0: 1 0x00000000800059cc (0x0632) x12 0x00000040b34d5000
core   0: 0x00000000800059ce (0x99360613) addi    a2, a2, -1645
core   0: 1 0x00000000800059ce (0x99360613) x12 0x00000040b34d4993
core   0: 0x00000000800059d2 (0x105a3e73) csrrc   t3, stvec, s4
core   0: 1 0x00000000800059d2 (0x105a3e73) x28 0x0000000000000000 c261_stvec 0x0000000000000000
core   0: 0x00000000800059d6 (0x01ce5933) srl     s2, t3, t3
core   0: 1 0x00000000800059d6 (0x01ce5933) x18 0x0000000000000000
core   0: 0x00000000800059da (0x005e1c13) slli    s8, t3, 5
core   0: 1 0x00000000800059da (0x005e1c13) x24 0x0000000000000000
core   0: 0x00000000800059de (0x0180503b) srlw    zero, zero, s8
core   0: 1 0x00000000800059de (0x0180503b)
core   0: 0x00000000800059e2 (0xf20186d3) fmv.d.x fa3, gp
core   0: 1 0x00000000800059e2 (0xf20186d3) f13 0x0000000000000000
core   0: 0x00000000800059e6 (0x0184543b) srlw    s0, s0, s8
core   0: 1 0x00000000800059e6 (0x0184543b) x8  0xffffffffbc000000
core   0: 0x00000000800059ea (0xf20108d3) fmv.d.x fa7, sp
core   0: 1 0x00000000800059ea (0xf20108d3) f17 0x0000000000000609
core   0: 0x00000000800059ee (0x43915e93) srai    t4, sp, 57
core   0: 1 0x00000000800059ee (0x43915e93) x29 0x0000000000000000
core   0: 0x00000000800059f2 (0xc21d7ad3) fcvt.wu.d s5, fs10
core   0: 1 0x00000000800059f2 (0xc21d7ad3) c1_fflags 0x0000000000000011 x21 0xffffffffffffffff
core   0: 0x00000000800059f6 (0x00099493) slli    s1, s3, 0
core   0: 1 0x00000000800059f6 (0x00099493) x9  0x7fffffffffffffff
core   0: 0x00000000800059fa (0x018cacb7) lui     s9, 0x18ca
core   0: 1 0x00000000800059fa (0x018cacb7) x25 0x00000000018ca000
core   0: 0x00000000800059fe (0xdd1c8c9b) addiw   s9, s9, -559
core   0: 1 0x00000000800059fe (0xdd1c8c9b) x25 0x00000000018c9dd1
core   0: 0x0000000080005a02 (0x00000cb2) c.slli  s9, 12
core   0: 1 0x0000000080005a02 (0x0cb2) x25 0x00000018c9dd1000
core   0: 0x0000000080005a04 (0x63ec8c93) addi    s9, s9, 1598
core   0: 1 0x0000000080005a04 (0x63ec8c93) x25 0x00000018c9dd163e
core   0: 0x0000000080005a08 (0x0159fab3) and     s5, s3, s5
core   0: 1 0x0000000080005a08 (0x0159fab3) x21 0x7fffffffffffffff
core   0: 0x0000000080005a0c (0xc23f7dd3) fcvt.lu.d s11, ft10
core   0: 1 0x0000000080005a0c (0xc23f7dd3) c1_fflags 0x0000000000000011 x27 0xffffffffffffffff
core   0: 0x0000000080005a10 (0x02c3b733) mulhu   a4, t2, a2
core   0: 1 0x0000000080005a10 (0x02c3b733) x14 0x0000000000000000
core   0: 0x0000000080005a14 (0x1ab7fb53) fdiv.d  fs6, fa5, fa1
core   0: 1 0x0000000080005a14 (0x1ab7fb53) f22 0x7ff8000000000000
core   0: 0x0000000080005a18 (0x0106d53b) srlw    a0, a3, a6
core   0: 1 0x0000000080005a18 (0x0106d53b) x10 0xffffffff917d3242
core   0: 0x0000000080005a1c (0x14055173) csrrwi  sp, sscratch, 10
core   0: 1 0x0000000080005a1c (0x14055173) x2  0xffffffba2230fe4f c320_sscratch 0x000000000000000a
core   0: 0x0000000080005a20 (0x001290b3) sll     ra, t0, ra
core   0: 1 0x0000000080005a20 (0x001290b3) x1  0xfffeee2bfea00000
core   0: 0x0000000080005a24 (0x4081543b) sraw    s0, sp, s0
core   0: 1 0x0000000080005a24 (0x4081543b) x8  0x000000002230fe4f
core   0: 0x0000000080005a28 (0x408b863b) subw    a2, s7, s0
core   0: 1 0x0000000080005a28 (0x408b863b) x12 0xffffffffddcf01b1
core   0: 0x0000000080005a2c (0x414e503b) sraw    zero, t3, s4
core   0: 1 0x0000000080005a2c (0x414e503b)
core   0: 0x0000000080005a30 (0x23f18fd3) fsgnj.d ft11, ft3, ft11
core   0: 1 0x0000000080005a30 (0x23f18fd3) f31 0x7ff8000000000000
core   0: 0x0000000080005a34 (0x2bf51d53) fmax.d  fs10, fa0, ft11
core   0: 1 0x0000000080005a34 (0x2bf51d53) f26 0x8000000000000000
core   0: 0x0000000080005a38 (0x40c7d63b) sraw    a2, a5, a2
core   0: 1 0x0000000080005a38 (0x40c7d63b) x12 0xffffffffffffc000
core   0: 0x0000000080005a3c (0x5f368113) addi    sp, a3, 1523
core   0: 1 0x0000000080005a3c (0x5f368113) x2  0xffffffff917d3835
core   0: 0x0000000080005a40 (0xc201fad3) fcvt.w.d s5, ft3
core   0: 1 0x0000000080005a40 (0xc201fad3) c1_fflags 0x0000000000000011 x21 0x000000007fffffff
core   0: 0x0000000080005a44 (0x4018f553) fcvt.s.d fa0, fa7
core   0: 1 0x0000000080005a44 (0x4018f553) c1_fflags 0x0000000000000013 f10 0xffffffff00000000
core   0: 0x0000000080005a48 (0x00cac633) xor     a2, s5, a2
core   0: 1 0x0000000080005a48 (0x00cac633) x12 0xffffffff80003fff
core   0: 0x0000000080005a4c (0xe2020953) fmv.x.d s2, ft4
core   0: 1 0x0000000080005a4c (0xe2020953) x18 0x7ff8000000000000
core   0: 0x0000000080005a50 (0x03d69113) slli    sp, a3, 61
core   0: 1 0x0000000080005a50 (0x03d69113) x2  0x4000000000000000
core   0: 0x0000000080005a54 (0x00caa8b3) slt     a7, s5, a2
core   0: 1 0x0000000080005a54 (0x00caa8b3) x17 0x0000000000000000
core   0: 0x0000000080005a58 (0x0198f433) and     s0, a7, s9
core   0: 1 0x0000000080005a58 (0x0198f433) x8  0x0000000000000000
core   0: 0x0000000080005a5c (0x4288d093) srai    ra, a7, 40
core   0: 1 0x0000000080005a5c (0x4288d093) x1  0x0000000000000000
core   0: 0x0000000080005a60 (0x00cbd633) srl     a2, s7, a2
core   0: 1 0x0000000080005a60 (0x00cbd633) x12 0x0000000000000000
core   0: 0x0000000080005a64 (0x01c1a433) slt     s0, gp, t3
core   0: 1 0x0000000080005a64 (0x01c1a433) x8  0x0000000000000000
core   0: 0x0000000080005a68 (0x000e5993) srli    s3, t3, 0
core   0: 1 0x0000000080005a68 (0x000e5993) x19 0x0000000000000000
core   0: 0x0000000080005a6c (0x98c8889b) addiw   a7, a7, -1652
core   0: 1 0x0000000080005a6c (0x98c8889b) x17 0xfffffffffffff98c
core   0: 0x0000000080005a70 (0xc023f653) fcvt.l.s a2, ft7
core   0: 1 0x0000000080005a70 (0xc023f653) c1_fflags 0x0000000000000013 x12 0x7fffffffffffffff
core   0: 0x0000000080005a74 (0xc0287153) fcvt.l.s sp, fa6
core   0: 1 0x0000000080005a74 (0xc0287153) c1_fflags 0x0000000000000013 x2  0x7fffffffffffffff
core   0: 0x0000000080005a78 (0x01bd84bb) addw    s1, s11, s11
core   0: 1 0x0000000080005a78 (0x01bd84bb) x9  0xfffffffffffffffe
core   0: 0x0000000080005a7c (0x031e77bb) remuw   a5, t3, a7
core   0: 1 0x0000000080005a7c (0x031e77bb) x15 0x0000000000000000
core   0: 0x0000000080005a80 (0x00102273) csrrs   tp, fflags, zero
core   0: 1 0x0000000080005a80 (0x00102273) x4  0x0000000000000013
core   0: 0x0000000080005a84 (0x22ee0e53) fsgnj.d ft8, ft8, fa4
core   0: 1 0x0000000080005a84 (0x22ee0e53) f28 0x7ff8000000000000
core   0: 0x0000000080005a88 (0x22c01153) fsgnjn.d ft2, ft0, fa2
core   0: 1 0x0000000080005a88 (0x22c01153) f2  0xfff8000000000000
core   0: 0x0000000080005a8c (0x408ed4bb) sraw    s1, t4, s0
core   0: 1 0x0000000080005a8c (0x408ed4bb) x9  0x0000000000000000
core   0: 0x0000000080005a90 (0x038a23b3) mulhsu  t2, s4, s8
core   0: 1 0x0000000080005a90 (0x038a23b3) x7  0x0000000000000000
core   0: 0x0000000080005a94 (0x010c4833) xor     a6, s8, a6
core   0: 1 0x0000000080005a94 (0x010c4833) x16 0x0000000000000000
core   0: 0x0000000080005a98 (0x006b0c3b) addw    s8, s6, t1
core   0: 1 0x0000000080005a98 (0x006b0c3b) x24 0x0000000075663fff
core   0: 0x0000000080005a9c (0x0057c333) xor     t1, a5, t0
core   0: 1 0x0000000080005a9c (0x0057c333) x6  0xffffffffeee2bfea
core   0: 0x0000000080005aa0 (0x00169913) slli    s2, a3, 1
core   0: 1 0x0000000080005aa0 (0x00169913) x18 0xffffffff22fa6484
core   0: 0x0000000080005aa4 (0x00190d3b) addw    s10, s2, ra
core   0: 1 0x0000000080005aa4 (0x00190d3b) x26 0x0000000022fa6484
core   0: 0x0000000080005aa8 (0xc041ecf3) csrrsi  s9, hpmcounter4, 3
core   0: exception trap_illegal_instruction, epc 0x0000000080005aa8
core   0:           tval 0x00000000c041ecf3
core   0: >>>>  $xrv64i2p1_m2p0_a2p1_f2p2_d2p2_zicsr2p0_zifencei2p0_zmmul1p0_zba1p0_zbb1p0_zbc1p0_zbs1p0
core   0: 0x0000000080004000 (0x0080006f) j       pc + 0x8
core   0: 3 0x0000000080004000 (0x0080006f)
core   0: >>>>  mmode_exception_handler
core   0: 0x0000000080004008 (0x00002c17) auipc   s8, 0x2
core   0: 3 0x0000000080004008 (0x00002c17) x24 0x0000000080006008
core   0: 0x000000008000400c (0x0c8c0c13) addi    s8, s8, 200
core   0: 3 0x000000008000400c (0x0c8c0c13) x24 0x00000000800060d0
core   0: 0x0000000080004010 (0x000c00e7) jalr    s8
core   0: 3 0x0000000080004010 (0x000c00e7) x1  0x0000000080004014
core   0: >>>>  any_handler
core   0: 0x00000000800060d0 (0x341027f3) csrrs   a5, mepc, zero
core   0: 3 0x00000000800060d0 (0x341027f3) x15 0x0000000080005aa8
core   0: 0x00000000800060d4 (0x34202773) csrrs   a4, mcause, zero
core   0: 3 0x00000000800060d4 (0x34202773) x14 0x0000000000000002
core   0: 0x00000000800060d8 (0x142026f3) csrrs   a3, scause, zero
core   0: 3 0x00000000800060d8 (0x142026f3) x13 0x0000000000000000
core   0: 0x00000000800060dc (0x30402673) csrrs   a2, mie, zero
core   0: 3 0x00000000800060dc (0x30402673) x12 0x0000000000000a00
core   0: 0x00000000800060e0 (0x344025f3) csrrs   a1, mip, zero
core   0: 3 0x00000000800060e0 (0x344025f3) x11 0x0000000000000080
core   0: 0x00000000800060e4 (0x343025f3) csrrs   a1, mtval, zero
core   0: 3 0x00000000800060e4 (0x343025f3) x11 0x00000000c041ecf3
core   0: 0x00000000800060e8 (0x14302573) csrrs   a0, stval, zero
core   0: 3 0x00000000800060e8 (0x14302573) x10 0x0000000000000013
core   0: 0x00000000800060ec (0xb02024f3) csrrs   s1, minstret, zero
core   0: 3 0x00000000800060ec (0xb02024f3) x9  0x00000000000010bd
core   0: 0x00000000800060f0 (0x0000a811) c.j     pc + 20
core   0: 3 0x00000000800060f0 (0xa811)
core   0: >>>>  mepc_4
core   0: 0x0000000080006104 (0x00000791) c.addi  a5, 4
core   0: 3 0x0000000080006104 (0x0791) x15 0x0000000080005aac
core   0: 0x0000000080006106 (0x34179073) csrrw   zero, mepc, a5
core   0: 3 0x0000000080006106 (0x34179073) c833_mepc 0x0000000080005aac
core   0: 0x000000008000610a (0x30200073) mret
core   0: 3 0x000000008000610a (0x30200073) c768_mstatus 0x8000000a00106080
core   0: 0x0000000080005aac (0x41fc5c9b) sraiw   s9, s8, 31
core   0: 1 0x0000000080005aac (0x41fc5c9b) x25 0xffffffffffffffff
core   0: 0x0000000080005ab0 (0x2aca9953) fmax.d  fs2, fs5, fa2
core   0: 1 0x0000000080005ab0 (0x2aca9953) f18 0x7ff8000000000000
core   0: 0x0000000080005ab4 (0x000017ae) c.slli  a5, 43
core   0: 1 0x0000000080005ab4 (0x17ae) x15 0x02d5600000000000
core   0: 0x0000000080005ab6 (0x00151c1b) slliw   s8, a0, 1
core   0: 1 0x0000000080005ab6 (0x00151c1b) x24 0x0000000000000026
core   0: 0x0000000080005aba (0x4193503b) sraw    zero, t1, s9
core   0: 1 0x0000000080005aba (0x4193503b)
core   0: 0x0000000080005abe (0x00001293) slli    t0, zero, 0
core   0: 1 0x0000000080005abe (0x00001293) x5  0x0000000000000000
core   0: 0x0000000080005ac2 (0x0202ebbb) remw    s7, t0, zero
core   0: 1 0x0000000080005ac2 (0x0202ebbb) x23 0x0000000000000000
core   0: 0x0000000080005ac6 (0x01a4d49b) srliw   s1, s1, 26
core   0: 1 0x0000000080005ac6 (0x01a4d49b) x9  0x0000000000000000
core   0: 0x0000000080005aca (0x03de06bb) mulw    a3, t3, t4
core   0: 1 0x0000000080005aca (0x03de06bb) x13 0x0000000000000000
core   0: 0x0000000080005ace (0x2b1c9e17) auipc   t3, 0x2b1c9
core   0: 1 0x0000000080005ace (0x2b1c9e17) x28 0x00000000ab1ceace
core   0: 0x0000000080005ad2 (0x00000001) c.nop
core   0: 1 0x0000000080005ad2 (0x0001)
core   0: 0x0000000080005ad4 (0x018e4c33) xor     s8, t3, s8
core   0: 1 0x0000000080005ad4 (0x018e4c33) x24 0x00000000ab1ceae8
core   0: 0x0000000080005ad8 (0xfe36c113) xori    sp, a3, -29
core   0: 1 0x0000000080005ad8 (0xfe36c113) x2  0xffffffffffffffe3
core   0: 0x0000000080005adc (0x002d5d3b) srlw    s10, s10, sp
core   0: 1 0x0000000080005adc (0x002d5d3b) x26 0x00000000045f4c90
core   0: 0x0000000080005ae0 (0x33cafb17) auipc   s6, 0x33caf
core   0: 1 0x0000000080005ae0 (0x33cafb17) x22 0x00000000b3cb4ae0
core   0: 0x0000000080005ae4 (0xd2050e53) fcvt.d.w ft8, a0
core   0: 1 0x0000000080005ae4 (0xd2050e53) f28 0x4033000000000000
core   0: 0x0000000080005ae8 (0x001024f3) csrrs   s1, fflags, zero
core   0: 1 0x0000000080005ae8 (0x001024f3) x9  0x0000000000000013
core   0: 0x0000000080005aec (0x000adb93) srli    s7, s5, 0
core   0: 1 0x0000000080005aec (0x000adb93) x23 0x000000007fffffff
core   0: 0x0000000080005af0 (0x0094e633) or      a2, s1, s1
core   0: 1 0x0000000080005af0 (0x0094e633) x12 0x0000000000000013
core   0: 0x0000000080005af4 (0x409b06bb) subw    a3, s6, s1
core   0: 1 0x0000000080005af4 (0x409b06bb) x13 0xffffffffb3cb4acd
core   0: 0x0000000080005af8 (0x001c6c13) ori     s8, s8, 1
core   0: 1 0x0000000080005af8 (0x001c6c13) x24 0x00000000ab1ceae9
core   0: 0x0000000080005afc (0x2a451f53) fmax.d  ft10, fa0, ft4
core   0: 1 0x0000000080005afc (0x2a451f53) f30 0x7ff8000000000000
core   0: 0x0000000080005b00 (0x00000001) c.nop
core   0: 1 0x0000000080005b00 (0x0001)
core   0: 0x0000000080005b02 (0x03805133) divu    sp, zero, s8
core   0: 1 0x0000000080005b02 (0x03805133) x2  0x0000000000000000
core   0: 0x0000000080005b06 (0xd21c0153) fcvt.d.wu ft2, s8
core   0: 1 0x0000000080005b06 (0xd21c0153) f2  0x41e5639d5d200000
core   0: 0x0000000080005b0a (0x5b5288b7) lui     a7, 0x5b528
core   0: 1 0x0000000080005b0a (0x5b5288b7) x17 0x000000005b528000
core   0: 0x0000000080005b0e (0x00000001) c.nop
core   0: 1 0x0000000080005b0e (0x0001)
core   0: 0x0000000080005b10 (0x7ff0e793) ori     a5, ra, 2047
core   0: 1 0x0000000080005b10 (0x7ff0e793) x15 0x00000000800047ff
core   0: 0x0000000080005b14 (0x4008da13) srai    s4, a7, 0
core   0: 1 0x0000000080005b14 (0x4008da13) x20 0x000000005b528000
core   0: 0x0000000080005b18 (0x66a8851b) addiw   a0, a7, 1642
core   0: 1 0x0000000080005b18 (0x66a8851b) x10 0x000000005b52866a
core   0: 0x0000000080005b1c (0x039ca0b3) mulhsu  ra, s9, s9
core   0: 1 0x0000000080005b1c (0x039ca0b3) x1  0xffffffffffffffff
core   0: 0x0000000080005b20 (0x0ff0000f) fence   iorw,iorw
core   0: 1 0x0000000080005b20 (0x0ff0000f)
core   0: 0x0000000080005b24 (0x002b923b) sllw    tp, s7, sp
core   0: 1 0x0000000080005b24 (0x002b923b) x4  0x000000007fffffff
core   0: 0x0000000080005b28 (0x10a87073) csrrci  zero, senvcfg, 16
core   0: 1 0x0000000080005b28 (0x10a87073) c266_senvcfg 0x0000000000000000
core   0: 0x0000000080005b2c (0x00617333) and     t1, sp, t1
core   0: 1 0x0000000080005b2c (0x00617333) x6  0x0000000000000000
core   0: 0x0000000080005b30 (0xd02dfdd3) fcvt.s.l fs11, s11
core   0: 1 0x0000000080005b30 (0xd02dfdd3) f27 0xffffffffbf800000
core   0: 0x0000000080005b34 (0xa3ab0e53) fle.d   t3, fs6, fs10
core   0: 1 0x0000000080005b34 (0xa3ab0e53) c1_fflags 0x0000000000000013 x28 0x0000000000000000
core   0: 0x0000000080005b38 (0x014a6a33) or      s4, s4, s4
core   0: 1 0x0000000080005b38 (0x014a6a33) x20 0x000000005b528000
core   0: 0x0000000080005b3c (0x40e508b3) sub     a7, a0, a4
core   0: 1 0x0000000080005b3c (0x40e508b3) x17 0x000000005b528668
core   0: 0x0000000080005b40 (0x4000d013) srai    zero, ra, 0
core   0: 1 0x0000000080005b40 (0x4000d013)
core   0: 0x0000000080005b44 (0x0320f833) remu    a6, ra, s2
core   0: 1 0x0000000080005b44 (0x0320f833) x16 0x00000000dd059b7b
core   0: 0x0000000080005b48 (0x2bbb13d3) fmax.d  ft7, fs6, fs11
core   0: 1 0x0000000080005b48 (0x2bbb13d3) f7  0x7ff8000000000000
core   0: 0x0000000080005b4c (0x03f95613) srli    a2, s2, 63
core   0: 1 0x0000000080005b4c (0x03f95613) x12 0x0000000000000001
core   0: 0x0000000080005b50 (0xd233f6d3) fcvt.d.lu fa3, t2
core   0: 1 0x0000000080005b50 (0xd233f6d3) f13 0x0000000000000000
core   0: 0x0000000080005b54 (0x0ff0000f) fence   iorw,iorw
core   0: 1 0x0000000080005b54 (0x0ff0000f)
core   0: 0x0000000080005b58 (0xc21af2d3) fcvt.wu.d t0, fs5
core   0: 1 0x0000000080005b58 (0xc21af2d3) c1_fflags 0x0000000000000013 x5  0xffffffffffffffff
core   0: 0x0000000080005b5c (0x001b98f3) csrrw   a7, fflags, s7
core   0: 1 0x0000000080005b5c (0x001b98f3) x17 0x0000000000000013 c1_fflags 0x000000000000001f
core   0: 0x0000000080005b60 (0x02799e33) mulh    t3, s3, t2
core   0: 1 0x0000000080005b60 (0x02799e33) x28 0x0000000000000000
core   0: 0x0000000080005b64 (0x02a20abb) mulw    s5, tp, a0
core   0: 1 0x0000000080005b64 (0x02a20abb) x21 0xffffffffa4ad7996
core   0: 0x0000000080005b68 (0x1225f2d3) fmul.d  ft5, fa1, ft2
core   0: 1 0x0000000080005b68 (0x1225f2d3) f5  0x7ff8000000000000
core   0: 0x0000000080005b6c (0xc20f78d3) fcvt.w.d a7, ft10
core   0: 1 0x0000000080005b6c (0xc20f78d3) c1_fflags 0x000000000000001f x17 0x000000007fffffff
core   0: 0x0000000080005b70 (0x14195b73) csrrwi  s6, sepc, 18
core   0: 1 0x0000000080005b70 (0x14195b73) x22 0x0000000000000006 c321_sepc 0x0000000000000012
core   0: 0x0000000080005b74 (0x0029e133) or      sp, s3, sp
core   0: 1 0x0000000080005b74 (0x0029e133) x2  0x0000000000000000
core   0: 0x0000000080005b78 (0x03d280b3) mul     ra, t0, t4
core   0: 1 0x0000000080005b78 (0x03d280b3) x1  0x0000000000000000
core   0: 0x0000000080005b7c (0xd03d75d3) fcvt.s.lu fa1, s10
core   0: 1 0x0000000080005b7c (0xd03d75d3) f11 0xffffffff4c8be992
core   0: 0x0000000080005b80 (0x00000001) c.nop
core   0: 1 0x0000000080005b80 (0x0001)
core   0: 0x0000000080005b82 (0x01b11db3) sll     s11, sp, s11
core   0: 1 0x0000000080005b82 (0x01b11db3) x27 0x0000000000000000
core   0: 0x0000000080005b86 (0x2a220cd3) fmin.d  fs9, ft4, ft2
core   0: 1 0x0000000080005b86 (0x2a220cd3) f25 0x41e5639d5d200000
core   0: 0x0000000080005b8a (0x2aa708d3) fmin.d  fa7, fa4, fa0
core   0: 1 0x0000000080005b8a (0x2aa708d3) f17 0x7ff8000000000000
core   0: 0x0000000080005b8e (0x5b89794f) fnmadd.d fs2, fs2, fs8, fa1
core   0: 1 0x0000000080005b8e (0x5b89794f) f18 0x7ff8000000000000
core   0: 0x0000000080005b92 (0x23459fd3) fsgnjn.d ft11, fa1, fs4
core   0: 1 0x0000000080005b92 (0x23459fd3) f31 0xffffffff4c8be992
core   0: 0x0000000080005b96 (0x22fb84d3) fsgnj.d fs1, fs7, fa5
core   0: 1 0x0000000080005b96 (0x22fb84d3) f9  0x7ff8000000000000
core   0: 0x0000000080005b9a (0x4aa8fc43) fmadd.d fs8, fa7, fa0, fs1
core   0: 1 0x0000000080005b9a (0x4aa8fc43) f24 0x7ff8000000000000
core   0: 0x0000000080005b9e (0x0a8dfc13) andi    s8, s11, 168
core   0: 1 0x0000000080005b9e (0x0a8dfc13) x24 0x0000000000000000
core   0: 0x0000000080005ba2 (0x01605993) srli    s3, zero, 22
core   0: 1 0x0000000080005ba2 (0x01605993) x19 0x0000000000000000
core   0: 0x0000000080005ba6 (0x1338f9d3) fmul.d  fs3, fa7, fs3
core   0: 1 0x0000000080005ba6 (0x1338f9d3) f19 0x7ff8000000000000
core   0: 0x0000000080005baa (0x4073da3b) sraw    s4, t2, t2
core   0: 1 0x0000000080005baa (0x4073da3b) x20 0x0000000000000000
core   0: 0x0000000080005bae (0x4059509b) sraiw   ra, s2, 5
core   0: 1 0x0000000080005bae (0x4059509b) x1  0x000000000117d324
core   0: 0x0000000080005bb2 (0x2b230ed3) fmin.d  ft9, ft6, fs2
core   0: 1 0x0000000080005bb2 (0x2b230ed3) f29 0x7ff8000000000000
core   0: 0x0000000080005bb6 (0xd2060553) fcvt.d.w fa0, a2
core   0: 1 0x0000000080005bb6 (0xd2060553) f10 0x3ff0000000000000
core   0: 0x0000000080005bba (0x001028f3) csrrs   a7, fflags, zero
core   0: 1 0x0000000080005bba (0x001028f3) x17 0x000000000000001f
core   0: 0x0000000080005bbe (0x0090561b) srliw   a2, zero, 9
core   0: 1 0x0000000080005bbe (0x0090561b) x12 0x0000000000000000
core   0: 0x0000000080005bc2 (0x0028583b) srlw    a6, a6, sp
core   0: 1 0x0000000080005bc2 (0x0028583b) x16 0xffffffffdd059b7b
core   0: 0x0000000080005bc6 (0x00202673) csrrs   a2, frm, zero
core   0: 1 0x0000000080005bc6 (0x00202673) x12 0x0000000000000000
core   0: 0x0000000080005bca (0xc2027c53) fcvt.w.d s8, ft4
core   0: 1 0x0000000080005bca (0xc2027c53) c1_fflags 0x000000000000001f x24 0x000000007fffffff
core   0: 0x0000000080005bce (0x013d1113) slli    sp, s10, 19
core   0: 1 0x0000000080005bce (0x013d1113) x2  0x000022fa64800000
core   0: 0x0000000080005bd2 (0x03a4d033) divu    zero, s1, s10
core   0: 1 0x0000000080005bd2 (0x03a4d033)
core   0: 0x0000000080005bd6 (0x40175293) srai    t0, a4, 1
core   0: 1 0x0000000080005bd6 (0x40175293) x5  0x0000000000000001
core   0: 0x0000000080005bda (0x002024f3) csrrs   s1, frm, zero
core   0: 1 0x0000000080005bda (0x002024f3) x9  0x0000000000000000
core   0: 0x0000000080005bde (0x0177d613) srli    a2, a5, 23
core   0: 1 0x0000000080005bde (0x0177d613) x12 0x0000000000000100
core   0: 0x0000000080005be2 (0x022be6bb) remw    a3, s7, sp
core   0: 1 0x0000000080005be2 (0x022be6bb) x13 0x000000001b7fffff
core   0: 0x0000000080005be6 (0x01a42a33) slt     s4, s0, s10
core   0: 1 0x0000000080005be6 (0x01a42a33) x20 0x0000000000000001
core   0: 0x0000000080005bea (0x40f1d333) sra     t1, gp, a5
core   0: 1 0x0000000080005bea (0x40f1d333) x6  0x0000000000000000
core   0: 0x0000000080005bee (0xc2d3fd43) fmadd.d fs10, ft7, fa3, fs8
core   0: 1 0x0000000080005bee (0xc2d3fd43) f26 0x7ff8000000000000
core   0: 0x0000000080005bf2 (0xe20f8a53) fmv.x.d s4, ft11
core   0: 1 0x0000000080005bf2 (0xe20f8a53) x20 0xffffffff4c8be992
core   0: 0x0000000080005bf6 (0x01816333) or      t1, sp, s8
core   0: 1 0x0000000080005bf6 (0x01816333) x6  0x000022fa7fffffff
core   0: 0x0000000080005bfa (0x03827bb3) remu    s7, tp, s8
core   0: 1 0x0000000080005bfa (0x03827bb3) x23 0x0000000000000000
core   0: 0x0000000080005bfe (0x0ff0000f) fence   iorw,iorw
core   0: 1 0x0000000080005bfe (0x0ff0000f)
core   0: 0x0000000080005c02 (0x238b8bd3) fsgnj.d fs7, fs7, fs8
core   0: 1 0x0000000080005c02 (0x238b8bd3) f23 0x7ff8000000000000
core   0: 0x0000000080005c06 (0x001024f3) csrrs   s1, fflags, zero
core   0: 1 0x0000000080005c06 (0x001024f3) x9  0x000000000000001f
core   0: 0x0000000080005c0a (0x0004dc93) srli    s9, s1, 0
core   0: 1 0x0000000080005c0a (0x0004dc93) x25 0x000000000000001f
core   0: 0x0000000080005c0e (0x00b55533) srl     a0, a0, a1
core   0: 1 0x0000000080005c0e (0x00b55533) x10 0x0000000000000000
core   0: 0x0000000080005c12 (0x0011d19b) srliw   gp, gp, 1
core   0: 1 0x0000000080005c12 (0x0011d19b) x3  0x0000000000000000
core   0: 0x0000000080005c16 (0xd20182d3) fcvt.d.w ft5, gp
core   0: 1 0x0000000080005c16 (0xd20182d3) f5  0x0000000000000000
core   0: 0x0000000080005c1a (0x03bdabb3) mulhsu  s7, s11, s11
core   0: 1 0x0000000080005c1a (0x03bdabb3) x23 0x0000000000000000
core   0: 0x0000000080005c1e (0x009cd093) srli    ra, s9, 9
core   0: 1 0x0000000080005c1e (0x009cd093) x1  0x0000000000000000
core   0: 0x0000000080005c22 (0x010b13bb) sllw    t2, s6, a6
core   0: 1 0x0000000080005c22 (0x010b13bb) x7  0x0000000030000000
core   0: 0x0000000080005c26 (0x22fc9053) fsgnjn.d ft0, fs9, fa5
core   0: 1 0x0000000080005c26 (0x22fc9053) f0  0xc1e5639d5d200000
core   0: 0x0000000080005c2a (0x031168bb) remw    a7, sp, a7
core   0: 1 0x0000000080005c2a (0x031168bb) x17 0x000000000000001b
core   0: 0x0000000080005c2e (0x40510bbb) subw    s7, sp, t0
core   0: 1 0x0000000080005c2e (0x40510bbb) x23 0x00000000647fffff
core   0: 0x0000000080005c32 (0x03441a13) slli    s4, s0, 52
core   0: 1 0x0000000080005c32 (0x03441a13) x20 0x0000000000000000
core   0: 0x0000000080005c36 (0x00ea5733) srl     a4, s4, a4
core   0: 1 0x0000000080005c36 (0x00ea5733) x14 0x0000000000000000
core   0: 0x0000000080005c3a (0x035aeeb3) rem     t4, s5, s5
core   0: 1 0x0000000080005c3a (0x035aeeb3) x29 0x0000000000000000
core   0: 0x0000000080005c3e (0x03de8933) mul     s2, t4, t4
core   0: 1 0x0000000080005c3e (0x03de8933) x18 0x0000000000000000
core   0: 0x0000000080005c42 (0x83b27213) andi    tp, tp, -1989
core   0: 1 0x0000000080005c42 (0x83b27213) x4  0x000000007ffff83b
core   0: 0x0000000080005c46 (0x03595abb) divuw   s5, s2, s5
core   0: 1 0x0000000080005c46 (0x03595abb) x21 0x0000000000000000
core   0: 0x0000000080005c4a (0x0205d633) divu    a2, a1, zero
core   0: 1 0x0000000080005c4a (0x0205d633) x12 0xffffffffffffffff
core   0: 0x0000000080005c4e (0x00b0c433) xor     s0, ra, a1
core   0: 1 0x0000000080005c4e (0x00b0c433) x8  0x00000000c041ecf3
core   0: 0x0000000080005c52 (0x40c0d833) sra     a6, ra, a2
core   0: 1 0x0000000080005c52 (0x40c0d833) x16 0x0000000000000000
core   0: 0x0000000080005c56 (0xc2307353) fcvt.lu.d t1, ft0
core   0: 1 0x0000000080005c56 (0xc2307353) c1_fflags 0x000000000000001f x6  0x0000000000000000
core   0: 0x0000000080005c5a (0x2bea8713) addi    a4, s5, 702
core   0: 1 0x0000000080005c5a (0x2bea8713) x14 0x00000000000002be
core   0: 0x0000000080005c5e (0xf2070553) fmv.d.x fa0, a4
core   0: 1 0x0000000080005c5e (0xf2070553) f10 0x00000000000002be
core   0: 0x0000000080005c62 (0x00000001) c.nop
core   0: 1 0x0000000080005c62 (0x0001)
core   0: 0x0000000080005c64 (0x0b4974d3) fsub.d  fs1, fs2, fs4
core   0: 1 0x0000000080005c64 (0x0b4974d3) f9  0x7ff8000000000000
core   0: 0x0000000080005c68 (0x1b5dfb53) fdiv.d  fs6, fs11, fs5
core   0: 1 0x0000000080005c68 (0x1b5dfb53) f22 0x7ff8000000000000
core   0: 0x0000000080005c6c (0x0294dabb) divuw   s5, s1, s1
core   0: 1 0x0000000080005c6c (0x0294dabb) x21 0x0000000000000001
core   0: 0x0000000080005c70 (0x4005d593) srai    a1, a1, 0
core   0: 1 0x0000000080005c70 (0x4005d593) x11 0x00000000c041ecf3
core   0: 0x0000000080005c74 (0xd2128753) fcvt.d.wu fa4, t0
core   0: 1 0x0000000080005c74 (0xd2128753) f14 0x3ff0000000000000
core   0: 0x0000000080005c78 (0xacd16113) ori     sp, sp, -1331
core   0: 1 0x0000000080005c78 (0xacd16113) x2  0xfffffffffffffacd
core   0: 0x0000000080005c7c (0x031318b3) mulh    a7, t1, a7
core   0: 1 0x0000000080005c7c (0x031318b3) x17 0x0000000000000000
core   0: 0x0000000080005c80 (0xd2188853) fcvt.d.wu fa6, a7
core   0: 1 0x0000000080005c80 (0xd2188853) f16 0x0000000000000000
core   0: 0x0000000080005c84 (0x41275c33) sra     s8, a4, s2
core   0: 1 0x0000000080005c84 (0x41275c33) x24 0x00000000000002be
core   0: 0x0000000080005c88 (0xa3970853) fle.d   a6, fa4, fs9
core   0: 1 0x0000000080005c88 (0xa3970853) x16 0x0000000000000001
core   0: 0x0000000080005c8c (0x416c533b) sraw    t1, s8, s6
core   0: 1 0x0000000080005c8c (0x416c533b) x6  0x000000000000000a
core   0: 0x0000000080005c90 (0x03f85d13) srli    s10, a6, 63
core   0: 1 0x0000000080005c90 (0x03f85d13) x26 0x0000000000000000
core   0: 0x0000000080005c94 (0xd21808d3) fcvt.d.wu fa7, a6
core   0: 1 0x0000000080005c94 (0xd21808d3) f17 0x3ff0000000000000
core   0: 0x0000000080005c98 (0x03a0c0bb) divw    ra, ra, s10
core   0: 1 0x0000000080005c98 (0x03a0c0bb) x1  0xffffffffffffffff
core   0: 0x0000000080005c9c (0x00102973) csrrs   s2, fflags, zero
core   0: 1 0x0000000080005c9c (0x00102973) x18 0x000000000000001f
core   0: 0x0000000080005ca0 (0x420889d3) fcvt.d.s fs3, fa7
core   0: 1 0x0000000080005ca0 (0x420889d3) f19 0x7ff8000000000000
core   0: 0x0000000080005ca4 (0x006365b3) or      a1, t1, t1
core   0: 1 0x0000000080005ca4 (0x006365b3) x11 0x000000000000000a
core   0: 0x0000000080005ca8 (0x01c35b1b) srliw   s6, t1, 28
core   0: 1 0x0000000080005ca8 (0x01c35b1b) x22 0x0000000000000000
core   0: 0x0000000080005cac (0x00000001) c.nop
core   0: 1 0x0000000080005cac (0x0001)
core   0: 0x0000000080005cae (0xd23bf153) fcvt.d.lu ft2, s7
core   0: 1 0x0000000080005cae (0xd23bf153) f2  0x41d91fffffc00000
core   0: 0x0000000080005cb2 (0x00dbe4b3) or      s1, s7, a3
core   0: 1 0x0000000080005cb2 (0x00dbe4b3) x9  0x000000007f7fffff
core   0: 0x0000000080005cb6 (0x41f4d79b) sraiw   a5, s1, 31
core   0: 1 0x0000000080005cb6 (0x41f4d79b) x15 0x0000000000000000
core   0: 0x0000000080005cba (0xd224fcd3) fcvt.d.l fs9, s1
core   0: 1 0x0000000080005cba (0xd224fcd3) f25 0x41dfdfffffc00000
core   0: 0x0000000080005cbe (0xa2020153) fle.d   sp, ft4, ft0
core   0: 1 0x0000000080005cbe (0xa2020153) c1_fflags 0x000000000000001f x2  0x0000000000000000
core   0: 0x0000000080005cc2 (0x41be541b) sraiw   s0, t3, 27
core   0: 1 0x0000000080005cc2 (0x41be541b) x8  0x0000000000000000
core   0: 0x0000000080005cc6 (0xa780fe13) andi    t3, ra, -1416
core   0: 1 0x0000000080005cc6 (0xa780fe13) x28 0xfffffffffffffa78
core   0: 0x0000000080005cca (0x0009e413) ori     s0, s3, 0
core   0: 1 0x0000000080005cca (0x0009e413) x8  0x0000000000000000
core   0: 0x0000000080005cce (0x01ce4533) xor     a0, t3, t3
core   0: 1 0x0000000080005cce (0x01ce4533) x10 0x0000000000000000
core   0: 0x0000000080005cd2 (0x43d45d13) srai    s10, s0, 61
core   0: 1 0x0000000080005cd2 (0x43d45d13) x26 0x0000000000000000
core   0: 0x0000000080005cd6 (0x414d50bb) sraw    ra, s10, s4
core   0: 1 0x0000000080005cd6 (0x414d50bb) x1  0x0000000000000000
core   0: 0x0000000080005cda (0x1a2cf453) fdiv.d  fs0, fs9, ft2
core   0: 1 0x0000000080005cda (0x1a2cf453) c1_fflags 0x000000000000001f f8  0x3ff44c6afc38ccd8
core   0: 0x0000000080005cde (0x014d189b) slliw   a7, s10, 20
core   0: 1 0x0000000080005cde (0x014d189b) x17 0x0000000000000000
core   0: 0x0000000080005ce2 (0x61487c13) andi    s8, a6, 1556
core   0: 1 0x0000000080005ce2 (0x61487c13) x24 0x0000000000000000
core   0: 0x0000000080005ce6 (0x017727b3) slt     a5, a4, s7
core   0: 1 0x0000000080005ce6 (0x017727b3) x15 0x0000000000000001
core   0: 0x0000000080005cea (0x02af7f53) fadd.d  ft10, ft10, fa0
core   0: 1 0x0000000080005cea (0x02af7f53) f30 0x7ff8000000000000
core   0: 0x0000000080005cee (0xa2a182d3) fle.d   t0, ft3, fa0
core   0: 1 0x0000000080005cee (0xa2a182d3) c1_fflags 0x000000000000001f x5  0x0000000000000000
core   0: 0x0000000080005cf2 (0x00129df3) csrrw   s11, fflags, t0
core   0: 1 0x0000000080005cf2 (0x00129df3) x27 0x000000000000001f c1_fflags 0x0000000000000000
core   0: 0x0000000080005cf6 (0xd0247253) fcvt.s.l ft4, s0
core   0: 1 0x0000000080005cf6 (0xd0247253) f4  0xffffffff00000000
core   0: 0x0000000080005cfa (0x0ff0000f) fence   iorw,iorw
core   0: 1 0x0000000080005cfa (0x0ff0000f)
core   0: 0x0000000080005cfe (0x41b507b3) sub     a5, a0, s11
core   0: 1 0x0000000080005cfe (0x41b507b3) x15 0xffffffffffffffe1
core   0: 0x0000000080005d02 (0x03f0d493) srli    s1, ra, 63
core   0: 1 0x0000000080005d02 (0x03f0d493) x9  0x0000000000000000
core   0: 0x0000000080005d06 (0x00f508bb) addw    a7, a0, a5
core   0: 1 0x0000000080005d06 (0x00f508bb) x17 0xffffffffffffffe1
core   0: 0x0000000080005d0a (0x41628b3b) subw    s6, t0, s6
core   0: 1 0x0000000080005d0a (0x41628b3b) x22 0x0000000000000000
core   0: 0x0000000080005d0e (0x00e0d9b3) srl     s3, ra, a4
core   0: 1 0x0000000080005d0e (0x00e0d9b3) x19 0x0000000000000000
core   0: 0x0000000080005d12 (0x419b8bb3) sub     s7, s7, s9
core   0: 1 0x0000000080005d12 (0x419b8bb3) x23 0x00000000647fffe0
core   0: 0x0000000080005d16 (0x01368037) lui     zero, 0x1368
core   0: 1 0x0000000080005d16 (0x01368037)
core   0: 0x0000000080005d1a (0xc270001b) addiw   zero, zero, -985
core   0: 1 0x0000000080005d1a (0xc270001b)
core   0: 0x0000000080005d1e (0x00d01013) slli    zero, zero, 13
core   0: 1 0x0000000080005d1e (0x00d01013)
core   0: 0x0000000080005d22 (0x23500013) li      zero, 565
core   0: 1 0x0000000080005d22 (0x23500013)
core   0: 0x0000000080005d26 (0x0130d2b3) srl     t0, ra, s3
core   0: 1 0x0000000080005d26 (0x0130d2b3) x5  0x0000000000000000
core   0: 0x0000000080005d2a (0x01fade9b) srliw   t4, s5, 31
core   0: 1 0x0000000080005d2a (0x01fade9b) x29 0x0000000000000000
core   0: 0x0000000080005d2e (0x02eb473b) divw    a4, s6, a4
core   0: 1 0x0000000080005d2e (0x02eb473b) x14 0x0000000000000000
core   0: 0x0000000080005d32 (0xc0387cd3) fcvt.lu.s s9, fa6
core   0: 1 0x0000000080005d32 (0xc0387cd3) c1_fflags 0x0000000000000010 x25 0xffffffffffffffff
core   0: 0x0000000080005d36 (0x42010ad3) fcvt.d.s fs5, ft2
core   0: 1 0x0000000080005d36 (0x42010ad3) f21 0x7ff8000000000000
core   0: 0x0000000080005d3a (0x0013d09b) srliw   ra, t2, 1
core   0: 1 0x0000000080005d3a (0x0013d09b) x1  0x0000000018000000
core   0: 0x0000000080005d3e (0x932074cf) fnmadd.d fs1, ft0, fs2, fs2
core   0: 1 0x0000000080005d3e (0x932074cf) f9  0x7ff8000000000000
core   0: 0x0000000080005d42 (0x7ff3fa93) andi    s5, t2, 2047
core   0: 1 0x0000000080005d42 (0x7ff3fa93) x21 0x0000000000000000
core   0: 0x0000000080005d46 (0xc020aaf3) csrrs   s5, instret, ra
core   0: exception trap_illegal_instruction, epc 0x0000000080005d46
core   0:           tval 0x00000000c020aaf3
core   0: >>>>  $xrv64i2p1_m2p0_a2p1_f2p2_d2p2_zicsr2p0_zifencei2p0_zmmul1p0_zba1p0_zbb1p0_zbc1p0_zbs1p0
core   0: 0x0000000080004000 (0x0080006f) j       pc + 0x8
core   0: 3 0x0000000080004000 (0x0080006f)
core   0: >>>>  mmode_exception_handler
core   0: 0x0000000080004008 (0x00002c17) auipc   s8, 0x2
core   0: 3 0x0000000080004008 (0x00002c17) x24 0x0000000080006008
core   0: 0x000000008000400c (0x0c8c0c13) addi    s8, s8, 200
core   0: 3 0x000000008000400c (0x0c8c0c13) x24 0x00000000800060d0
core   0: 0x0000000080004010 (0x000c00e7) jalr    s8
core   0: 3 0x0000000080004010 (0x000c00e7) x1  0x0000000080004014
core   0: >>>>  any_handler
core   0: 0x00000000800060d0 (0x341027f3) csrrs   a5, mepc, zero
core   0: 3 0x00000000800060d0 (0x341027f3) x15 0x0000000080005d46
core   0: 0x00000000800060d4 (0x34202773) csrrs   a4, mcause, zero
core   0: 3 0x00000000800060d4 (0x34202773) x14 0x0000000000000002
core   0: 0x00000000800060d8 (0x142026f3) csrrs   a3, scause, zero
core   0: 3 0x00000000800060d8 (0x142026f3) x13 0x0000000000000000
core   0: 0x00000000800060dc (0x30402673) csrrs   a2, mie, zero
core   0: 3 0x00000000800060dc (0x30402673) x12 0x0000000000000a00
core   0: 0x00000000800060e0 (0x344025f3) csrrs   a1, mip, zero
core   0: 3 0x00000000800060e0 (0x344025f3) x11 0x0000000000000080
core   0: 0x00000000800060e4 (0x343025f3) csrrs   a1, mtval, zero
core   0: 3 0x00000000800060e4 (0x343025f3) x11 0x00000000c020aaf3
core   0: 0x00000000800060e8 (0x14302573) csrrs   a0, stval, zero
core   0: 3 0x00000000800060e8 (0x14302573) x10 0x0000000000000013
core   0: 0x00000000800060ec (0xb02024f3) csrrs   s1, minstret, zero
core   0: 3 0x00000000800060ec (0xb02024f3) x9  0x0000000000001177
core   0: 0x00000000800060f0 (0x0000a811) c.j     pc + 20
core   0: 3 0x00000000800060f0 (0xa811)
core   0: >>>>  mepc_4
core   0: 0x0000000080006104 (0x00000791) c.addi  a5, 4
core   0: 3 0x0000000080006104 (0x0791) x15 0x0000000080005d4a
core   0: 0x0000000080006106 (0x34179073) csrrw   zero, mepc, a5
core   0: 3 0x0000000080006106 (0x34179073) c833_mepc 0x0000000080005d4a
core   0: 0x000000008000610a (0x30200073) mret
core   0: 3 0x000000008000610a (0x30200073) c768_mstatus 0x8000000a00106080
core   0: 0x0000000080005d4a (0x235f85d3) fsgnj.d fa1, ft11, fs5
core   0: 1 0x0000000080005d4a (0x235f85d3) f11 0x7fffffff4c8be992
core   0: 0x0000000080005d4e (0x010adc33) srl     s8, s5, a6
core   0: 1 0x0000000080005d4e (0x010adc33) x24 0x0000000000000000
core   0: 0x0000000080005d52 (0x1663859b) addiw   a1, t2, 358
core   0: 1 0x0000000080005d52 (0x1663859b) x11 0x0000000030000166
core   0: 0x0000000080005d56 (0xf2018dd3) fmv.d.x fs11, gp
core   0: 1 0x0000000080005d56 (0xf2018dd3) f27 0x0000000000000000
core   0: 0x0000000080005d5a (0x0015d2bb) srlw    t0, a1, ra
core   0: 1 0x0000000080005d5a (0x0015d2bb) x5  0x0000000000000300
core   0: 0x0000000080005d5e (0x4009de9b) sraiw   t4, s3, 0
core   0: 1 0x0000000080005d5e (0x4009de9b) x29 0x0000000000000000
core   0: 0x0000000080005d62 (0x723378c3) fmadd.d fa7, ft6, ft3, fa4
core   0: 1 0x0000000080005d62 (0x723378c3) f17 0x7ff8000000000000
core   0: 0x0000000080005d66 (0x00557b33) and     s6, a0, t0
core   0: 1 0x0000000080005d66 (0x00557b33) x22 0x0000000000000000
core   0: 0x0000000080005d6a (0xc202fc53) fcvt.w.d s8, ft5
core   0: 1 0x0000000080005d6a (0xc202fc53) x24 0x0000000000000000
core   0: 0x0000000080005d6e (0x038c09b3) mul     s3, s8, s8
core   0: 1 0x0000000080005d6e (0x038c09b3) x19 0x0000000000000000
core   0: 0x0000000080005d72 (0x0329cebb) divw    t4, s3, s2
core   0: 1 0x0000000080005d72 (0x0329cebb) x29 0x0000000000000000
core   0: 0x0000000080005d76 (0xc035f253) fcvt.lu.s tp, fa1
core   0: 1 0x0000000080005d76 (0xc035f253) c1_fflags 0x0000000000000010 x4  0xffffffffffffffff
core   0: 0x0000000080005d7a (0x5a0dfbd3) fsqrt.d fs7, fs11
core   0: 1 0x0000000080005d7a (0x5a0dfbd3) f23 0x0000000000000000
core   0: 0x0000000080005d7e (0xd02176d3) fcvt.s.l fa3, sp
core   0: 1 0x0000000080005d7e (0xd02176d3) f13 0xffffffff00000000
core   0: 0x0000000080005d82 (0x2b78fab7) lui     s5, 0x2b78f
core   0: 1 0x0000000080005d82 (0x2b78fab7) x21 0x000000002b78f000
core   0: 0x0000000080005d86 (0x0397e0b3) rem     ra, a5, s9
core   0: 1 0x0000000080005d86 (0x0397e0b3) x1  0x0000000000000000
core   0: 0x0000000080005d8a (0xfe7e69b7) lui     s3, 0xfe7e6
core   0: 1 0x0000000080005d8a (0xfe7e69b7) x19 0xfffffffffe7e6000
core   0: 0x0000000080005d8e (0x8439899b) addiw   s3, s3, -1981
core   0: 1 0x0000000080005d8e (0x8439899b) x19 0xfffffffffe7e5843
core   0: 0x0000000080005d92 (0x000009b2) c.slli  s3, 12
core   0: 1 0x0000000080005d92 (0x09b2) x19 0xffffffe7e5843000
core   0: 0x0000000080005d94 (0xbbe98993) addi    s3, s3, -1090
core   0: 1 0x0000000080005d94 (0xbbe98993) x19 0xffffffe7e5842bbe
core   0: 0x0000000080005d98 (0x0ff0000f) fence   iorw,iorw
core   0: 1 0x0000000080005d98 (0x0ff0000f)
core   0: 0x0000000080005d9c (0xc21df053) fcvt.wu.d zero, fs11
core   0: 1 0x0000000080005d9c (0xc21df053)
core   0: 0x0000000080005da0 (0x03ac7233) remu    tp, s8, s10
core   0: 1 0x0000000080005da0 (0x03ac7233) x4  0x0000000000000000
core   0: 0x0000000080005da4 (0xc22bf3d3) fcvt.l.d t2, fs7
core   0: 1 0x0000000080005da4 (0xc22bf3d3) x7  0x0000000000000000
core   0: 0x0000000080005da8 (0x007e5833) srl     a6, t3, t2
core   0: 1 0x0000000080005da8 (0x007e5833) x16 0xfffffffffffffa78
core   0: 0x0000000080005dac (0x0003f093) andi    ra, t2, 0
core   0: 1 0x0000000080005dac (0x0003f093) x1  0x0000000000000000
core   0: 0x0000000080005db0 (0x020b9033) mulh    zero, s7, zero
core   0: 1 0x0000000080005db0 (0x020b9033)
core   0: 0x0000000080005db4 (0x4026dd3b) sraw    s10, a3, sp
core   0: 1 0x0000000080005db4 (0x4026dd3b) x26 0x0000000000000000
core   0: 0x0000000080005db8 (0xecd40b1b) addiw   s6, s0, -307
core   0: 1 0x0000000080005db8 (0xecd40b1b) x22 0xfffffffffffffecd
core   0: 0x0000000080005dbc (0x03472033) mulhsu  zero, a4, s4
core   0: 1 0x0000000080005dbc (0x03472033)
core   0: 0x0000000080005dc0 (0x000e9e9b) slliw   t4, t4, 0
core   0: 1 0x0000000080005dc0 (0x000e9e9b) x29 0x0000000000000000
core   0: 0x0000000080005dc4 (0x22dcacd3) fsgnjx.d fs9, fs9, fa3
core   0: 1 0x0000000080005dc4 (0x22dcacd3) f25 0xc1dfdfffffc00000
core   0: 0x0000000080005dc8 (0x41c65293) srai    t0, a2, 28
core   0: 1 0x0000000080005dc8 (0x41c65293) x5  0x0000000000000000
core   0: 0x0000000080005dcc (0x028d6d3b) remw    s10, s10, s0
core   0: 1 0x0000000080005dcc (0x028d6d3b) x26 0x0000000000000000
core   0: 0x0000000080005dd0 (0x01adcd33) xor     s10, s11, s10
core   0: 1 0x0000000080005dd0 (0x01adcd33) x26 0x000000000000001f
core   0: 0x0000000080005dd4 (0x00b37933) and     s2, t1, a1
core   0: 1 0x0000000080005dd4 (0x00b37933) x18 0x0000000000000002
core   0: 0x0000000080005dd8 (0x0327703b) remuw   zero, a4, s2
core   0: 1 0x0000000080005dd8 (0x0327703b)
core   0: 0x0000000080005ddc (0xd2108ad3) fcvt.d.wu fs5, ra
core   0: 1 0x0000000080005ddc (0xd2108ad3) f21 0x0000000000000000
core   0: 0x0000000080005de0 (0xf20d00d3) fmv.d.x ft1, s10
core   0: 1 0x0000000080005de0 (0xf20d00d3) f1  0x000000000000001f
core   0: 0x0000000080005de4 (0xc22af9d3) fcvt.l.d s3, fs5
core   0: 1 0x0000000080005de4 (0xc22af9d3) x19 0x0000000000000000
core   0: 0x0000000080005de8 (0x00099c13) slli    s8, s3, 0
core   0: 1 0x0000000080005de8 (0x00099c13) x24 0x0000000000000000
core   0: 0x0000000080005dec (0x40197e53) fcvt.s.d ft8, fs2
core   0: 1 0x0000000080005dec (0x40197e53) f28 0xffffffff7fc00000
core   0: 0x0000000080005df0 (0x03d57ebb) remuw   t4, a0, t4
core   0: 1 0x0000000080005df0 (0x03d57ebb) x29 0x0000000000000013
core   0: 0x0000000080005df4 (0x420787d3) fcvt.d.s fa5, fa5
core   0: 1 0x0000000080005df4 (0x420787d3) f15 0x7ff8000000000000
core   0: 0x0000000080005df8 (0x000c6193) ori     gp, s8, 0
core   0: 1 0x0000000080005df8 (0x000c6193) x3  0x0000000000000000
core   0: 0x0000000080005dfc (0xa46a4393) xori    t2, s4, -1466
core   0: 1 0x0000000080005dfc (0xa46a4393) x7  0xfffffffffffffa46
core   0: 0x0000000080005e00 (0x01844bb3) xor     s7, s0, s8
core   0: 1 0x0000000080005e00 (0x01844bb3) x23 0x0000000000000000
core   0: 0x0000000080005e04 (0x01ded333) srl     t1, t4, t4
core   0: 1 0x0000000080005e04 (0x01ded333) x6  0x0000000000000000
core   0: 0x0000000080005e08 (0x03ec7c4f) fnmadd.d fs8, fs8, ft10, ft0
core   0: 1 0x0000000080005e08 (0x03ec7c4f) f24 0x7ff8000000000000
core   0: 0x0000000080005e0c (0xadf08d17) auipc   s10, 0xadf08
core   0: 1 0x0000000080005e0c (0xadf08d17) x26 0x000000002df0de0c
core   0: 0x0000000080005e10 (0x19c3e993) ori     s3, t2, 412
core   0: 1 0x0000000080005e10 (0x19c3e993) x19 0xfffffffffffffbde
core   0: 0x0000000080005e14 (0x1a3f7053) fdiv.d  ft0, ft10, ft3
core   0: 1 0x0000000080005e14 (0x1a3f7053) f0  0x7ff8000000000000
core   0: 0x0000000080005e18 (0x0139923b) sllw    tp, s3, s3
core   0: 1 0x0000000080005e18 (0x0139923b) x4  0xffffffff80000000
core   0: 0x0000000080005e1c (0x00000001) c.nop
core   0: 1 0x0000000080005e1c (0x0001)
core   0: 0x0000000080005e1e (0x4072573b) sraw    a4, tp, t2
core   0: 1 0x0000000080005e1e (0x4072573b) x14 0xfffffffffe000000
core   0: 0x0000000080005e22 (0x023abab3) mulhu   s5, s5, gp
core   0: 1 0x0000000080005e22 (0x023abab3) x21 0x0000000000000000
core   0: 0x0000000080005e26 (0x000b911b) slliw   sp, s7, 0
core   0: 1 0x0000000080005e26 (0x000b911b) x2  0x0000000000000000
core   0: 0x0000000080005e2a (0xa20f09d3) fle.d   s3, ft10, ft0
core   0: 1 0x0000000080005e2a (0xa20f09d3) c1_fflags 0x0000000000000010 x19 0x0000000000000000
core   0: 0x0000000080005e2e (0x4010f753) fcvt.s.d fa4, ft1
core   0: 1 0x0000000080005e2e (0x4010f753) c1_fflags 0x0000000000000013 f14 0xffffffff00000000
core   0: 0x0000000080005e32 (0x01ccf733) and     a4, s9, t3
core   0: 1 0x0000000080005e32 (0x01ccf733) x14 0xfffffffffffffa78
core   0: 0x0000000080005e36 (0xd26ffb4f) fnmadd.d fs6, ft11, ft6, fs10
core   0: 1 0x0000000080005e36 (0xd26ffb4f) f22 0x7ff8000000000000
core   0: 0x0000000080005e3a (0xc02ef3d3) fcvt.l.s t2, ft9
core   0: 1 0x0000000080005e3a (0xc02ef3d3) c1_fflags 0x0000000000000013 x7  0x7fffffffffffffff
core   0: 0x0000000080005e3e (0xe2020553) fmv.x.d a0, ft4
core   0: 1 0x0000000080005e3e (0xe2020553) x10 0xffffffff00000000
core   0: 0x0000000080005e42 (0x2a251153) fmax.d  ft2, fa0, ft2
core   0: 1 0x0000000080005e42 (0x2a251153) f2  0x41d91fffffc00000
core   0: 0x0000000080005e46 (0x00651dbb) sllw    s11, a0, t1
core   0: 1 0x0000000080005e46 (0x00651dbb) x27 0x0000000000000000
core   0: 0x0000000080005e4a (0xc03f7053) fcvt.lu.s zero, ft10
core   0: 1 0x0000000080005e4a (0xc03f7053) c1_fflags 0x0000000000000013
core   0: 0x0000000080005e4e (0x00505bbb) srlw    s7, zero, t0
core   0: 1 0x0000000080005e4e (0x00505bbb) x23 0x0000000000000000
core   0: 0x0000000080005e52 (0x0a30f0cb) fnmsub.d ft1, ft1, ft3, ft1
core   0: 1 0x0000000080005e52 (0x0a30f0cb) f1  0x7ff8000000000000
core   0: 0x0000000080005e56 (0xc229f0d3) fcvt.l.d ra, fs3
core   0: 1 0x0000000080005e56 (0xc229f0d3) c1_fflags 0x0000000000000013 x1  0x7fffffffffffffff
core   0: 0x0000000080005e5a (0x03c2e533) rem     a0, t0, t3
core   0: 1 0x0000000080005e5a (0x03c2e533) x10 0x0000000000000000
core   0: 0x0000000080005e5e (0xc0366273) csrrsi  tp, hpmcounter3, 12
core   0: exception trap_illegal_instruction, epc 0x0000000080005e5e
core   0:           tval 0x00000000c0366273
core   0: >>>>  $xrv64i2p1_m2p0_a2p1_f2p2_d2p2_zicsr2p0_zifencei2p0_zmmul1p0_zba1p0_zbb1p0_zbc1p0_zbs1p0
core   0: 0x0000000080004000 (0x0080006f) j       pc + 0x8
core   0: 3 0x0000000080004000 (0x0080006f)
core   0: >>>>  mmode_exception_handler
core   0: 0x0000000080004008 (0x00002c17) auipc   s8, 0x2
core   0: 3 0x0000000080004008 (0x00002c17) x24 0x0000000080006008
core   0: 0x000000008000400c (0x0c8c0c13) addi    s8, s8, 200
core   0: 3 0x000000008000400c (0x0c8c0c13) x24 0x00000000800060d0
core   0: 0x0000000080004010 (0x000c00e7) jalr    s8
core   0: 3 0x0000000080004010 (0x000c00e7) x1  0x0000000080004014
core   0: >>>>  any_handler
core   0: 0x00000000800060d0 (0x341027f3) csrrs   a5, mepc, zero
core   0: 3 0x00000000800060d0 (0x341027f3) x15 0x0000000080005e5e
core   0: 0x00000000800060d4 (0x34202773) csrrs   a4, mcause, zero
core   0: 3 0x00000000800060d4 (0x34202773) x14 0x0000000000000002
core   0: 0x00000000800060d8 (0x142026f3) csrrs   a3, scause, zero
core   0: 3 0x00000000800060d8 (0x142026f3) x13 0x0000000000000000
core   0: 0x00000000800060dc (0x30402673) csrrs   a2, mie, zero
core   0: 3 0x00000000800060dc (0x30402673) x12 0x0000000000000a00
core   0: 0x00000000800060e0 (0x344025f3) csrrs   a1, mip, zero
core   0: 3 0x00000000800060e0 (0x344025f3) x11 0x0000000000000080
core   0: 0x00000000800060e4 (0x343025f3) csrrs   a1, mtval, zero
core   0: 3 0x00000000800060e4 (0x343025f3) x11 0x00000000c0366273
core   0: 0x00000000800060e8 (0x14302573) csrrs   a0, stval, zero
core   0: 3 0x00000000800060e8 (0x14302573) x10 0x0000000000000013
core   0: 0x00000000800060ec (0xb02024f3) csrrs   s1, minstret, zero
core   0: 3 0x00000000800060ec (0xb02024f3) x9  0x00000000000011cd
core   0: 0x00000000800060f0 (0x0000a811) c.j     pc + 20
core   0: 3 0x00000000800060f0 (0xa811)
core   0: >>>>  mepc_4
core   0: 0x0000000080006104 (0x00000791) c.addi  a5, 4
core   0: 3 0x0000000080006104 (0x0791) x15 0x0000000080005e62
core   0: 0x0000000080006106 (0x34179073) csrrw   zero, mepc, a5
core   0: 3 0x0000000080006106 (0x34179073) c833_mepc 0x0000000080005e62
core   0: 0x000000008000610a (0x30200073) mret
core   0: 3 0x000000008000610a (0x30200073) c768_mstatus 0x8000000a00106080
core   0: 0x0000000080005e62 (0xa2c00453) fle.d   s0, ft0, fa2
core   0: 1 0x0000000080005e62 (0xa2c00453) c1_fflags 0x0000000000000013 x8  0x0000000000000000
core   0: 0x0000000080005e66 (0xa3398853) fle.d   a6, fs3, fs3
core   0: 1 0x0000000080005e66 (0xa3398853) c1_fflags 0x0000000000000013 x16 0x0000000000000000
core   0: 0x0000000080005e6a (0x03b6fdbb) remuw   s11, a3, s11
core   0: 1 0x0000000080005e6a (0x03b6fdbb) x27 0x0000000000000000
core   0: 0x0000000080005e6e (0x40ecd23b) sraw    tp, s9, a4
core   0: 1 0x0000000080005e6e (0x40ecd23b) x4  0xffffffffffffffff
core   0: 0x0000000080005e72 (0x023d3db3) mulhu   s11, s10, gp
core   0: 1 0x0000000080005e72 (0x023d3db3) x27 0x0000000000000000
core   0: 0x0000000080005e76 (0x408d8b3b) subw    s6, s11, s0
core   0: 1 0x0000000080005e76 (0x408d8b3b) x22 0x0000000000000000
core   0: 0x0000000080005e7a (0x037d843b) mulw    s0, s11, s7
core   0: 1 0x0000000080005e7a (0x037d843b) x8  0x0000000000000000
core   0: 0x0000000080005e7e (0xc02b7cd3) fcvt.l.s s9, fs6
core   0: 1 0x0000000080005e7e (0xc02b7cd3) c1_fflags 0x0000000000000013 x25 0x7fffffffffffffff
core   0: 0x0000000080005e82 (0x0147169b) slliw   a3, a4, 20
core   0: 1 0x0000000080005e82 (0x0147169b) x13 0x0000000000200000
core   0: 0x0000000080005e86 (0x222b00d3) fsgnj.d ft1, fs6, ft2
core   0: 1 0x0000000080005e86 (0x222b00d3) f1  0x7ff8000000000000
core   0: 0x0000000080005e8a (0x00c5f1b3) and     gp, a1, a2
core   0: 1 0x0000000080005e8a (0x00c5f1b3) x3  0x0000000000000200
core   0: 0x0000000080005e8e (0x002e9cf3) csrrw   s9, frm, t4
core   0: 1 0x0000000080005e8e (0x002e9cf3) x25 0x0000000000000000 c2_frm 0x0000000000000003
core   0: 0x0000000080005e92 (0x01f6dd9b) srliw   s11, a3, 31
core   0: 1 0x0000000080005e92 (0x01f6dd9b) x27 0x0000000000000000
core   0: 0x0000000080005e96 (0x038219b3) mulh    s3, tp, s8
core   0: 1 0x0000000080005e96 (0x038219b3) x19 0xffffffffffffffff
core   0: 0x0000000080005e9a (0xf94bfd37) lui     s10, 0xf94bf
core   0: 1 0x0000000080005e9a (0xf94bfd37) x26 0xfffffffff94bf000
core   0: 0x0000000080005e9e (0x177d0d1b) addiw   s10, s10, 375
core   0: 1 0x0000000080005e9e (0x177d0d1b) x26 0xfffffffff94bf177
core   0: 0x0000000080005ea2 (0x00000d32) c.slli  s10, 12
core   0: 1 0x0000000080005ea2 (0x0d32) x26 0xffffff94bf177000
core   0: 0x0000000080005ea4 (0x2c0d0d13) addi    s10, s10, 704
core   0: 1 0x0000000080005ea4 (0x2c0d0d13) x26 0xffffff94bf1772c0
core   0: 0x0000000080005ea8 (0x22361dd3) fsgnjn.d fs11, fa2, ft3
core   0: 1 0x0000000080005ea8 (0x22361dd3) f27 0xfff8000000000000
core   0: 0x0000000080005eac (0x23b595d3) fsgnjn.d fa1, fa1, fs11
core   0: 1 0x0000000080005eac (0x23b595d3) f11 0x7fffffff4c8be992
core   0: 0x0000000080005eb0 (0x000d5893) srli    a7, s10, 0
core   0: 1 0x0000000080005eb0 (0x000d5893) x17 0xffffff94bf1772c0
core   0: 0x0000000080005eb4 (0x03ebd713) srli    a4, s7, 62
core   0: 1 0x0000000080005eb4 (0x03ebd713) x14 0x0000000000000000
core   0: 0x0000000080005eb8 (0x42038e53) fcvt.d.s ft8, ft7
core   0: 1 0x0000000080005eb8 (0x42038e53) f28 0x7ff8000000000000
core   0: 0x0000000080005ebc (0x001c9a73) csrrw   s4, fflags, s9
core   0: 1 0x0000000080005ebc (0x001c9a73) x20 0x0000000000000013 c1_fflags 0x0000000000000000
core   0: 0x0000000080005ec0 (0x02239933) mulh    s2, t2, sp
core   0: 1 0x0000000080005ec0 (0x02239933) x18 0x0000000000000000
core   0: 0x0000000080005ec4 (0x004902bb) addw    t0, s2, tp
core   0: 1 0x0000000080005ec4 (0x004902bb) x5  0xffffffffffffffff
core   0: 0x0000000080005ec8 (0x0366d513) srli    a0, a3, 54
core   0: 1 0x0000000080005ec8 (0x0366d513) x10 0x0000000000000000
core   0: 0x0000000080005ecc (0x6f409937) lui     s2, 0x6f409
core   0: 1 0x0000000080005ecc (0x6f409937) x18 0x000000006f409000
core   0: 0x0000000080005ed0 (0xfeb3f8b7) lui     a7, 0xfeb3f
core   0: 1 0x0000000080005ed0 (0xfeb3f8b7) x17 0xfffffffffeb3f000
core   0: 0x0000000080005ed4 (0xb218889b) addiw   a7, a7, -1247
core   0: 1 0x0000000080005ed4 (0xb218889b) x17 0xfffffffffeb3eb21
core   0: 0x0000000080005ed8 (0x000008b6) c.slli  a7, 13
core   0: 1 0x0000000080005ed8 (0x08b6) x17 0xffffffd67d642000
core   0: 0x0000000080005eda (0x95988893) addi    a7, a7, -1703
core   0: 1 0x0000000080005eda (0x95988893) x17 0xffffffd67d641959
core   0: 0x0000000080005ede (0xd220f853) fcvt.d.l fa6, ra
core   0: 1 0x0000000080005ede (0xd220f853) f16 0x41e0000802800000
core   0: 0x0000000080005ee2 (0xc025f7d3) fcvt.l.s a5, fa1
core   0: 1 0x0000000080005ee2 (0xc025f7d3) c1_fflags 0x0000000000000010 x15 0x7fffffffffffffff
core   0: 0x0000000080005ee6 (0x012e0a3b) addw    s4, t3, s2
core   0: 1 0x0000000080005ee6 (0x012e0a3b) x20 0x000000006f408a78
core   0: 0x0000000080005eea (0x0253c2bb) divw    t0, t2, t0
core   0: 1 0x0000000080005eea (0x0253c2bb) x5  0x0000000000000001
core   0: 0x0000000080005eee (0x006b54bb) srlw    s1, s6, t1
core   0: 1 0x0000000080005eee (0x006b54bb) x9  0x0000000000000000
core   0: 0x0000000080005ef2 (0x01648533) add     a0, s1, s6
core   0: 1 0x0000000080005ef2 (0x01648533) x10 0x0000000000000000
core   0: 0x0000000080005ef6 (0xc219f6d3) fcvt.wu.d a3, fs3
core   0: 1 0x0000000080005ef6 (0xc219f6d3) c1_fflags 0x0000000000000010 x13 0xffffffffffffffff
core   0: 0x0000000080005efa (0x400a5e3b) sraw    t3, s4, zero
core   0: 1 0x0000000080005efa (0x400a5e3b) x28 0x000000006f408a78
core   0: 0x0000000080005efe (0x5a057a53) fsqrt.d fs4, fa0
core   0: 1 0x0000000080005efe (0x5a057a53) c1_fflags 0x0000000000000011 f20 0x1eaa7ecad724e986
core   0: 0x0000000080005f02 (0x00f310bb) sllw    ra, t1, a5
core   0: 1 0x0000000080005f02 (0x00f310bb) x1  0x0000000000000000
core   0: 0x0000000080005f06 (0x7ff6e693) ori     a3, a3, 2047
core   0: 1 0x0000000080005f06 (0x7ff6e693) x13 0xffffffffffffffff
core   0: 0x0000000080005f0a (0x03d0e8b3) rem     a7, ra, t4
core   0: 1 0x0000000080005f0a (0x03d0e8b3) x17 0x0000000000000000
core   0: 0x0000000080005f0e (0x7ff06513) ori     a0, zero, 2047
core   0: 1 0x0000000080005f0e (0x7ff06513) x10 0x00000000000007ff
core   0: 0x0000000080005f12 (0xd21683d3) fcvt.d.wu ft7, a3
core   0: 1 0x0000000080005f12 (0xd21683d3) f7  0x41efffffffe00000
core   0: 0x0000000080005f16 (0x00d37c33) and     s8, t1, a3
core   0: 1 0x0000000080005f16 (0x00d37c33) x24 0x0000000000000000
core   0: 0x0000000080005f1a (0x014897bb) sllw    a5, a7, s4
core   0: 1 0x0000000080005f1a (0x014897bb) x15 0x0000000000000000
core   0: 0x0000000080005f1e (0xfff1871b) addiw   a4, gp, -1
core   0: 1 0x0000000080005f1e (0xfff1871b) x14 0x00000000000001ff
core   0: 0x0000000080005f22 (0xf9a2f537) lui     a0, 0xf9a2f
core   0: 1 0x0000000080005f22 (0xf9a2f537) x10 0xfffffffff9a2f000
core   0: 0x0000000080005f26 (0x0aa57c53) fsub.d  fs8, fa0, fa0
core   0: 1 0x0000000080005f26 (0x0aa57c53) f24 0x0000000000000000
core   0: 0x0000000080005f2a (0xfe95ea37) lui     s4, 0xfe95e
core   0: 1 0x0000000080005f2a (0xfe95ea37) x20 0xfffffffffe95e000
core   0: 0x0000000080005f2e (0x4d1a0a1b) addiw   s4, s4, 1233
core   0: 1 0x0000000080005f2e (0x4d1a0a1b) x20 0xfffffffffe95e4d1
core   0: 0x0000000080005f32 (0x00000a36) c.slli  s4, 13
core   0: 1 0x0000000080005f32 (0x0a36) x20 0xffffffd2bc9a2000
core   0: 0x0000000080005f34 (0xb33a0a13) addi    s4, s4, -1229
core   0: 1 0x0000000080005f34 (0xb33a0a13) x20 0xffffffd2bc9a1b33
core   0: 0x0000000080005f38 (0x43fe5893) srai    a7, t3, 63
core   0: 1 0x0000000080005f38 (0x43fe5893) x17 0x0000000000000000
core   0: 0x0000000080005f3c (0x037585b3) mul     a1, a1, s7
core   0: 1 0x0000000080005f3c (0x037585b3) x11 0x0000000000000000
core   0: 0x0000000080005f40 (0x002c973b) sllw    a4, s9, sp
core   0: 1 0x0000000080005f40 (0x002c973b) x14 0x0000000000000000
core   0: 0x0000000080005f44 (0x406ddbb3) sra     s7, s11, t1
core   0: 1 0x0000000080005f44 (0x406ddbb3) x23 0x0000000000000000
core   0: 0x0000000080005f48 (0x43f05013) srai    zero, zero, 63
core   0: 1 0x0000000080005f48 (0x43f05013)
core   0: 0x0000000080005f4c (0x2bf69fd3) fmax.d  ft11, fa3, ft11
core   0: 1 0x0000000080005f4c (0x2bf69fd3) f31 0x7ff8000000000000
core   0: 0x0000000080005f50 (0x00801b13) slli    s6, zero, 8
core   0: 1 0x0000000080005f50 (0x00801b13) x22 0x0000000000000000
core   0: 0x0000000080005f54 (0x5a0cf253) fsqrt.d ft4, fs9
core   0: 1 0x0000000080005f54 (0x5a0cf253) c1_fflags 0x0000000000000011 f4  0x7ff8000000000000
core   0: 0x0000000080005f58 (0x42020953) fcvt.d.s fs2, ft4
core   0: 1 0x0000000080005f58 (0x42020953) f18 0x7ff8000000000000
core   0: 0x0000000080005f5c (0x41cb8a33) sub     s4, s7, t3
core   0: 1 0x0000000080005f5c (0x41cb8a33) x20 0xffffffff90bf7588
core   0: 0x0000000080005f60 (0x002a99f3) csrrw   s3, frm, s5
core   0: 1 0x0000000080005f60 (0x002a99f3) x19 0x0000000000000003 c2_frm 0x0000000000000000
core   0: 0x0000000080005f64 (0x5a0b76d3) fsqrt.d fa3, fs6
core   0: 1 0x0000000080005f64 (0x5a0b76d3) f13 0x7ff8000000000000
core   0: 0x0000000080005f68 (0x0ff0000f) fence   iorw,iorw
core   0: 1 0x0000000080005f68 (0x0ff0000f)
core   0: 0x0000000080005f6c (0xa6f46213) ori     tp, s0, -1425
core   0: 1 0x0000000080005f6c (0xa6f46213) x4  0xfffffffffffffa6f
core   0: 0x0000000080005f70 (0xc03f76d3) fcvt.lu.s a3, ft10
core   0: 1 0x0000000080005f70 (0xc03f76d3) c1_fflags 0x0000000000000011 x13 0xffffffffffffffff
core   0: 0x0000000080005f74 (0x7605e413) ori     s0, a1, 1888
core   0: 1 0x0000000080005f74 (0x7605e413) x8  0x0000000000000760
core   0: 0x0000000080005f78 (0x420a0d53) fcvt.d.s fs10, fs4
core   0: 1 0x0000000080005f78 (0x420a0d53) f26 0x7ff8000000000000
core   0: 0x0000000080005f7c (0x232a1e53) fsgnjn.d ft8, fs4, fs2
core   0: 1 0x0000000080005f7c (0x232a1e53) f28 0x9eaa7ecad724e986
core   0: 0x0000000080005f80 (0x001026f3) csrrs   a3, fflags, zero
core   0: 1 0x0000000080005f80 (0x001026f3) x13 0x0000000000000011
core   0: 0x0000000080005f84 (0x0178571b) srliw   a4, a6, 23
core   0: 1 0x0000000080005f84 (0x0178571b) x14 0x0000000000000000
core   0: 0x0000000080005f88 (0xd2387ad3) fcvt.d.lu fs5, a6
core   0: 1 0x0000000080005f88 (0xd2387ad3) f21 0x0000000000000000
core   0: 0x0000000080005f8c (0x00d6ae33) slt     t3, a3, a3
core   0: 1 0x0000000080005f8c (0x00d6ae33) x28 0x0000000000000000
core   0: 0x0000000080005f90 (0x007c67b3) or      a5, s8, t2
core   0: 1 0x0000000080005f90 (0x007c67b3) x15 0x7fffffffffffffff
core   0: 0x0000000080005f94 (0xc21ef053) fcvt.wu.d zero, ft9
core   0: 1 0x0000000080005f94 (0xc21ef053) c1_fflags 0x0000000000000011
core   0: 0x0000000080005f98 (0x00000001) c.nop
core   0: 1 0x0000000080005f98 (0x0001)
core   0: 0x0000000080005f9a (0x02b7c9b3) div     s3, a5, a1
core   0: 1 0x0000000080005f9a (0x02b7c9b3) x19 0xffffffffffffffff
core   0: 0x0000000080005f9e (0x0009d71b) srliw   a4, s3, 0
core   0: 1 0x0000000080005f9e (0x0009d71b) x14 0xffffffffffffffff
core   0: 0x0000000080005fa2 (0x03ad3433) mulhu   s0, s10, s10
core   0: 1 0x0000000080005fa2 (0x03ad3433) x8  0xffffff297e2f126f
core   0: 0x0000000080005fa6 (0x01a5931b) slliw   t1, a1, 26
core   0: 1 0x0000000080005fa6 (0x01a5931b) x6  0x0000000000000000
core   0: 0x0000000080005faa (0xd23570d3) fcvt.d.lu ft1, a0
core   0: 1 0x0000000080005faa (0xd23570d3) f1  0x43efffffffff345e
core   0: 0x0000000080005fae (0xc03af3d3) fcvt.lu.s t2, fs5
core   0: 1 0x0000000080005fae (0xc03af3d3) c1_fflags 0x0000000000000011 x7  0xffffffffffffffff
core   0: 0x0000000080005fb2 (0x0275f43b) remuw   s0, a1, t2
core   0: 1 0x0000000080005fb2 (0x0275f43b) x8  0x0000000000000000
core   0: 0x0000000080005fb6 (0x00008e61) c.and   a2, s0
core   0: 1 0x0000000080005fb6 (0x8e61) x12 0x0000000000000000
core   0: 0x0000000080005fb8 (0x40a55213) srai    tp, a0, 10
core   0: 1 0x0000000080005fb8 (0x40a55213) x4  0xfffffffffffe68bc
core   0: 0x0000000080005fbc (0x63def647) fmsub.d fa2, ft9, ft9, fa2
core   0: 1 0x0000000080005fbc (0x63def647) f12 0x7ff8000000000000
core   0: 0x0000000080005fc0 (0x03defdb3) remu    s11, t4, t4
core   0: 1 0x0000000080005fc0 (0x03defdb3) x27 0x0000000000000000
core   0: 0x0000000080005fc4 (0x00a51a33) sll     s4, a0, a0
core   0: 1 0x0000000080005fc4 (0x00a51a33) x20 0xfffffffff9a2f000
core   0: 0x0000000080005fc8 (0x414dd8bb) sraw    a7, s11, s4
core   0: 1 0x0000000080005fc8 (0x414dd8bb) x17 0x0000000000000000
core   0: 0x0000000080005fcc (0x03dc9813) slli    a6, s9, 61
core   0: 1 0x0000000080005fcc (0x03dc9813) x16 0x0000000000000000
core   0: 0x0000000080005fd0 (0x4094d33b) sraw    t1, s1, s1
core   0: 1 0x0000000080005fd0 (0x4094d33b) x6  0x0000000000000000
core   0: 0x0000000080005fd4 (0x00000001) c.nop
core   0: 1 0x0000000080005fd4 (0x0001)
core   0: 0x0000000080005fd6 (0x00102ef3) csrrs   t4, fflags, zero
core   0: 1 0x0000000080005fd6 (0x00102ef3) x29 0x0000000000000011
core   0: 0x0000000080005fda (0x0264a7b3) mulhsu  a5, s1, t1
core   0: 1 0x0000000080005fda (0x0264a7b3) x15 0x0000000000000000
core   0: 0x0000000080005fde (0x03595893) srli    a7, s2, 53
core   0: 1 0x0000000080005fde (0x03595893) x17 0x0000000000000000
core   0: 0x0000000080005fe2 (0x90a2ea13) ori     s4, t0, -1782
core   0: 1 0x0000000080005fe2 (0x90a2ea13) x20 0xfffffffffffff90b
core   0: 0x0000000080005fe6 (0xd23a7cd3) fcvt.d.lu fs9, s4
core   0: 1 0x0000000080005fe6 (0xd23a7cd3) c1_fflags 0x0000000000000011 f25 0x43efffffffffffff
core   0: 0x0000000080005fea (0x020bd793) srli    a5, s7, 32
core   0: 1 0x0000000080005fea (0x020bd793) x15 0x0000000000000000
core   0: 0x0000000080005fee (0x00199973) csrrw   s2, fflags, s3
core   0: 1 0x0000000080005fee (0x00199973) x18 0x0000000000000011 c1_fflags 0x000000000000001f
core   0: 0x0000000080005ff2 (0x00002db3) slt     s11, zero, zero
core   0: 1 0x0000000080005ff2 (0x00002db3) x27 0x0000000000000000
core   0: 0x0000000080005ff6 (0x03f49b93) slli    s7, s1, 63
core   0: 1 0x0000000080005ff6 (0x03f49b93) x23 0x0000000000000000
core   0: 0x0000000080005ffa (0x02866c3b) remw    s8, a2, s0
core   0: 1 0x0000000080005ffa (0x02866c3b) x24 0x0000000000000000
core   0: 0x0000000080005ffe (0x401f72d3) fcvt.s.d ft5, ft10
core   0: 1 0x0000000080005ffe (0x401f72d3) f5  0xffffffff7fc00000
core   0: 0x0000000080006002 (0x4165573b) sraw    a4, a0, s6
core   0: 1 0x0000000080006002 (0x4165573b) x14 0xfffffffff9a2f000
core   0: 0x0000000080006006 (0x016c7bb3) and     s7, s8, s6
core   0: 1 0x0000000080006006 (0x016c7bb3) x23 0x0000000000000000
core   0: 0x000000008000600a (0x00bcd333) srl     t1, s9, a1
core   0: 1 0x000000008000600a (0x00bcd333) x6  0x0000000000000000
core   0: 0x000000008000600e (0xdec57613) andi    a2, a0, -532
core   0: 1 0x000000008000600e (0xdec57613) x12 0xfffffffff9a2f000
core   0: 0x0000000080006012 (0x41a65213) srai    tp, a2, 26
core   0: 1 0x0000000080006012 (0x41a65213) x4  0xfffffffffffffffe
core   0: 0x0000000080006016 (0x401cfbd3) fcvt.s.d fs7, fs9
core   0: 1 0x0000000080006016 (0x401cfbd3) c1_fflags 0x000000000000001f f23 0xffffffff5f800000
core   0: 0x000000008000601a (0x0241d1bb) divuw   gp, gp, tp
core   0: 1 0x000000008000601a (0x0241d1bb) x3  0x0000000000000000
core   0: 0x000000008000601e (0x00a688bb) addw    a7, a3, a0
core   0: 1 0x000000008000601e (0x00a688bb) x17 0xfffffffff9a2f011
core   0: 0x0000000080006022 (0x03c494b3) mulh    s1, s1, t3
core   0: 1 0x0000000080006022 (0x03c494b3) x9  0x0000000000000000
core   0: 0x0000000080006026 (0xd031f0d3) fcvt.s.lu ft1, gp
core   0: 1 0x0000000080006026 (0xd031f0d3) f1  0xffffffff00000000
core   0: 0x000000008000602a (0x002020f3) csrrs   ra, frm, zero
core   0: 1 0x000000008000602a (0x002020f3) x1  0x0000000000000000
core   0: 0x000000008000602e (0x2769ee37) lui     t3, 0x2769e
core   0: 1 0x000000008000602e (0x2769ee37) x28 0x000000002769e000
core   0: 0x0000000080006032 (0x02f11b33) mulh    s6, sp, a5
core   0: 1 0x0000000080006032 (0x02f11b33) x22 0x0000000000000000
core   0: 0x0000000080006036 (0x02645db7) lui     s11, 0x2645
core   0: 1 0x0000000080006036 (0x02645db7) x27 0x0000000002645000
core   0: 0x000000008000603a (0x831d8d9b) addiw   s11, s11, -1999
core   0: 1 0x000000008000603a (0x831d8d9b) x27 0x0000000002644831
core   0: 0x000000008000603e (0x00000db6) c.slli  s11, 13
core   0: 1 0x000000008000603e (0x0db6) x27 0x0000004c89062000
core   0: 0x0000000080006040 (0xd73d8d93) addi    s11, s11, -653
core   0: 1 0x0000000080006040 (0xd73d8d93) x27 0x0000004c89061d73
core   0: 0x0000000080006044 (0xc2237cd3) fcvt.l.d s9, ft6
core   0: 1 0x0000000080006044 (0xc2237cd3) c1_fflags 0x000000000000001f x25 0x7fffffffffffffff
core   0: 0x0000000080006048 (0x4198d8b3) sra     a7, a7, s9
core   0: 1 0x0000000080006048 (0x4198d8b3) x17 0xffffffffffffffff
core   0: 0x000000008000604c (0xc22a7a53) fcvt.l.d s4, fs4
core   0: 1 0x000000008000604c (0xc22a7a53) c1_fflags 0x000000000000001f x20 0x0000000000000000
core   0: 0x0000000080006050 (0x03aff5d3) fadd.d  fa1, ft11, fs10
core   0: 1 0x0000000080006050 (0x03aff5d3) f11 0x7ff8000000000000
core   0: 0x0000000080006054 (0x40168933) sub     s2, a3, ra
core   0: 1 0x0000000080006054 (0x40168933) x18 0x0000000000000011
core   0: 0x0000000080006058 (0x00161ab3) sll     s5, a2, ra
core   0: 1 0x0000000080006058 (0x00161ab3) x21 0xfffffffff9a2f000
core   0: 0x000000008000605c (0x310f7173) csrrci  sp, mstatush, 30
core   0: exception trap_illegal_instruction, epc 0x000000008000605c
core   0:           tval 0x00000000310f7173
core   0: >>>>  $xrv64i2p1_m2p0_a2p1_f2p2_d2p2_zicsr2p0_zifencei2p0_zmmul1p0_zba1p0_zbb1p0_zbc1p0_zbs1p0
core   0: 0x0000000080004000 (0x0080006f) j       pc + 0x8
core   0: 3 0x0000000080004000 (0x0080006f)
core   0: >>>>  mmode_exception_handler
core   0: 0x0000000080004008 (0x00002c17) auipc   s8, 0x2
core   0: 3 0x0000000080004008 (0x00002c17) x24 0x0000000080006008
core   0: 0x000000008000400c (0x0c8c0c13) addi    s8, s8, 200
core   0: 3 0x000000008000400c (0x0c8c0c13) x24 0x00000000800060d0
core   0: 0x0000000080004010 (0x000c00e7) jalr    s8
core   0: 3 0x0000000080004010 (0x000c00e7) x1  0x0000000080004014
core   0: >>>>  any_handler
core   0: 0x00000000800060d0 (0x341027f3) csrrs   a5, mepc, zero
core   0: 3 0x00000000800060d0 (0x341027f3) x15 0x000000008000605c
core   0: 0x00000000800060d4 (0x34202773) csrrs   a4, mcause, zero
core   0: 3 0x00000000800060d4 (0x34202773) x14 0x0000000000000002
core   0: 0x00000000800060d8 (0x142026f3) csrrs   a3, scause, zero
core   0: 3 0x00000000800060d8 (0x142026f3) x13 0x0000000000000000
core   0: 0x00000000800060dc (0x30402673) csrrs   a2, mie, zero
core   0: 3 0x00000000800060dc (0x30402673) x12 0x0000000000000a00
core   0: 0x00000000800060e0 (0x344025f3) csrrs   a1, mip, zero
core   0: 3 0x00000000800060e0 (0x344025f3) x11 0x0000000000000080
core   0: 0x00000000800060e4 (0x343025f3) csrrs   a1, mtval, zero
core   0: 3 0x00000000800060e4 (0x343025f3) x11 0x00000000310f7173
core   0: 0x00000000800060e8 (0x14302573) csrrs   a0, stval, zero
core   0: 3 0x00000000800060e8 (0x14302573) x10 0x0000000000000013
core   0: 0x00000000800060ec (0xb02024f3) csrrs   s1, minstret, zero
core   0: 3 0x00000000800060ec (0xb02024f3) x9  0x000000000000125f
core   0: 0x00000000800060f0 (0x0000a811) c.j     pc + 20
core   0: 3 0x00000000800060f0 (0xa811)
core   0: >>>>  mepc_4
core   0: 0x0000000080006104 (0x00000791) c.addi  a5, 4
core   0: 3 0x0000000080006104 (0x0791) x15 0x0000000080006060
core   0: 0x0000000080006106 (0x34179073) csrrw   zero, mepc, a5
core   0: 3 0x0000000080006106 (0x34179073) c833_mepc 0x0000000080006060
core   0: 0x000000008000610a (0x30200073) mret
core   0: 3 0x000000008000610a (0x30200073) c768_mstatus 0x8000000a00106080
core   0: 0x0000000080006060 (0xd03af1d3) fcvt.s.lu ft3, s5
core   0: 1 0x0000000080006060 (0xd03af1d3) c1_fflags 0x000000000000001f f3  0xffffffff5f800000
core   0: 0x0000000080006064 (0x0315d7bb) divuw   a5, a1, a7
core   0: 1 0x0000000080006064 (0x0315d7bb) x15 0x0000000000000000
core   0: 0x0000000080006068 (0x02d6ed3b) remw    s10, a3, a3
core   0: 1 0x0000000080006068 (0x02d6ed3b) x26 0x0000000000000000
core   0: 0x000000008000606c (0x039bebbb) remw    s7, s7, s9
core   0: 1 0x000000008000606c (0x039bebbb) x23 0x0000000000000000
core   0: 0x0000000080006070 (0x1af170d3) fdiv.d  ft1, ft2, fa5
core   0: 1 0x0000000080006070 (0x1af170d3) f1  0x7ff8000000000000
core   0: 0x0000000080006074 (0x035813b3) mulh    t2, a6, s5
core   0: 1 0x0000000080006074 (0x035813b3) x7  0x0000000000000000
core   0: 0x0000000080006078 (0x013c49b3) xor     s3, s8, s3
core   0: 1 0x0000000080006078 (0x013c49b3) x19 0xffffffff7fff9f2f
core   0: 0x000000008000607c (0x0160d0bb) srlw    ra, ra, s6
core   0: 1 0x000000008000607c (0x0160d0bb) x1  0xffffffff80004014
core   0: 0x0000000080006080 (0x400cd393) srai    t2, s9, 0
core   0: 1 0x0000000080006080 (0x400cd393) x7  0x7fffffffffffffff
core   0: 0x0000000080006084 (0x002027f3) csrrs   a5, frm, zero
core   0: 1 0x0000000080006084 (0x002027f3) x15 0x0000000000000000
core   0: 0x0000000080006088 (0xd038f653) fcvt.s.lu fa2, a7
core   0: 1 0x0000000080006088 (0xd038f653) c1_fflags 0x000000000000001f f12 0xffffffff5f800000
core   0: 0x000000008000608c (0x00e000b7) lui     ra, 0xe00
core   0: 1 0x000000008000608c (0x00e000b7) x1  0x0000000000e00000
core   0: 0x0000000080006090 (0x9950809b) addiw   ra, ra, -1643
core   0: 1 0x0000000080006090 (0x9950809b) x1  0x0000000000dff995
core   0: 0x0000000080006094 (0x000000b2) c.slli  ra, 12
core   0: 1 0x0000000080006094 (0x00b2) x1  0x0000000dff995000
core   0: 0x0000000080006096 (0x54508093) addi    ra, ra, 1349
core   0: 1 0x0000000080006096 (0x54508093) x1  0x0000000dff995545
core   0: 0x000000008000609a (0xf110b2f3) csrrc   t0, mvendorid, ra
core   0: exception trap_illegal_instruction, epc 0x000000008000609a
core   0:           tval 0x00000000f110b2f3
core   0: >>>>  $xrv64i2p1_m2p0_a2p1_f2p2_d2p2_zicsr2p0_zifencei2p0_zmmul1p0_zba1p0_zbb1p0_zbc1p0_zbs1p0
core   0: 0x0000000080004000 (0x0080006f) j       pc + 0x8
core   0: 3 0x0000000080004000 (0x0080006f)
core   0: >>>>  mmode_exception_handler
core   0: 0x0000000080004008 (0x00002c17) auipc   s8, 0x2
core   0: 3 0x0000000080004008 (0x00002c17) x24 0x0000000080006008
core   0: 0x000000008000400c (0x0c8c0c13) addi    s8, s8, 200
core   0: 3 0x000000008000400c (0x0c8c0c13) x24 0x00000000800060d0
core   0: 0x0000000080004010 (0x000c00e7) jalr    s8
core   0: 3 0x0000000080004010 (0x000c00e7) x1  0x0000000080004014
core   0: >>>>  any_handler
core   0: 0x00000000800060d0 (0x341027f3) csrrs   a5, mepc, zero
core   0: 3 0x00000000800060d0 (0x341027f3) x15 0x000000008000609a
core   0: 0x00000000800060d4 (0x34202773) csrrs   a4, mcause, zero
core   0: 3 0x00000000800060d4 (0x34202773) x14 0x0000000000000002
core   0: 0x00000000800060d8 (0x142026f3) csrrs   a3, scause, zero
core   0: 3 0x00000000800060d8 (0x142026f3) x13 0x0000000000000000
core   0: 0x00000000800060dc (0x30402673) csrrs   a2, mie, zero
core   0: 3 0x00000000800060dc (0x30402673) x12 0x0000000000000a00
core   0: 0x00000000800060e0 (0x344025f3) csrrs   a1, mip, zero
core   0: 3 0x00000000800060e0 (0x344025f3) x11 0x0000000000000080
core   0: 0x00000000800060e4 (0x343025f3) csrrs   a1, mtval, zero
core   0: 3 0x00000000800060e4 (0x343025f3) x11 0x00000000f110b2f3
core   0: 0x00000000800060e8 (0x14302573) csrrs   a0, stval, zero
core   0: 3 0x00000000800060e8 (0x14302573) x10 0x0000000000000013
core   0: 0x00000000800060ec (0xb02024f3) csrrs   s1, minstret, zero
core   0: 3 0x00000000800060ec (0xb02024f3) x9  0x000000000000127e
core   0: 0x00000000800060f0 (0x0000a811) c.j     pc + 20
core   0: 3 0x00000000800060f0 (0xa811)
core   0: >>>>  mepc_4
core   0: 0x0000000080006104 (0x00000791) c.addi  a5, 4
core   0: 3 0x0000000080006104 (0x0791) x15 0x000000008000609e
core   0: 0x0000000080006106 (0x34179073) csrrw   zero, mepc, a5
core   0: 3 0x0000000080006106 (0x34179073) c833_mepc 0x000000008000609e
core   0: 0x000000008000610a (0x30200073) mret
core   0: 3 0x000000008000610a (0x30200073) c768_mstatus 0x8000000a00106080
core   0: 0x000000008000609e (0x697c099b) addiw   s3, s8, 1687
core   0: 1 0x000000008000609e (0x697c099b) x19 0xffffffff80006767
core   0: 0x00000000800060a2 (0x0b83fc53) fsub.d  fs8, ft7, fs8
core   0: 1 0x00000000800060a2 (0x0b83fc53) f24 0x41efffffffe00000
core   0: 0x00000000800060a6 (0xd2058d53) fcvt.d.w fs10, a1
core   0: 1 0x00000000800060a6 (0xd2058d53) f26 0xc1adde9a1a000000
core   0: 0x00000000800060aa (0x1a6e7ad3) fdiv.d  fs5, ft8, ft6
core   0: 1 0x00000000800060aa (0x1a6e7ad3) f21 0x7ff8000000000000
core   0: 0x00000000800060ae (0x02103e33) mulhu   t3, zero, ra
core   0: 1 0x00000000800060ae (0x02103e33) x28 0x0000000000000000
core   0: 0x00000000800060b2 (0x011e4533) xor     a0, t3, a7
core   0: 1 0x00000000800060b2 (0x011e4533) x10 0xffffffffffffffff
core   0: 0x00000000800060b6 (0xf13324f3) csrrs   s1, mimpid, t1
core   0: exception trap_illegal_instruction, epc 0x00000000800060b6
core   0:           tval 0x00000000f13324f3
core   0: >>>>  $xrv64i2p1_m2p0_a2p1_f2p2_d2p2_zicsr2p0_zifencei2p0_zmmul1p0_zba1p0_zbb1p0_zbc1p0_zbs1p0
core   0: 0x0000000080004000 (0x0080006f) j       pc + 0x8
core   0: 3 0x0000000080004000 (0x0080006f)
core   0: >>>>  mmode_exception_handler
core   0: 0x0000000080004008 (0x00002c17) auipc   s8, 0x2
core   0: 3 0x0000000080004008 (0x00002c17) x24 0x0000000080006008
core   0: 0x000000008000400c (0x0c8c0c13) addi    s8, s8, 200
core   0: 3 0x000000008000400c (0x0c8c0c13) x24 0x00000000800060d0
core   0: 0x0000000080004010 (0x000c00e7) jalr    s8
core   0: 3 0x0000000080004010 (0x000c00e7) x1  0x0000000080004014
core   0: >>>>  any_handler
core   0: 0x00000000800060d0 (0x341027f3) csrrs   a5, mepc, zero
core   0: 3 0x00000000800060d0 (0x341027f3) x15 0x00000000800060b6
core   0: 0x00000000800060d4 (0x34202773) csrrs   a4, mcause, zero
core   0: 3 0x00000000800060d4 (0x34202773) x14 0x0000000000000002
core   0: 0x00000000800060d8 (0x142026f3) csrrs   a3, scause, zero
core   0: 3 0x00000000800060d8 (0x142026f3) x13 0x0000000000000000
core   0: 0x00000000800060dc (0x30402673) csrrs   a2, mie, zero
core   0: 3 0x00000000800060dc (0x30402673) x12 0x0000000000000a00
core   0: 0x00000000800060e0 (0x344025f3) csrrs   a1, mip, zero
core   0: 3 0x00000000800060e0 (0x344025f3) x11 0x0000000000000080
core   0: 0x00000000800060e4 (0x343025f3) csrrs   a1, mtval, zero
core   0: 3 0x00000000800060e4 (0x343025f3) x11 0x00000000f13324f3
core   0: 0x00000000800060e8 (0x14302573) csrrs   a0, stval, zero
core   0: 3 0x00000000800060e8 (0x14302573) x10 0x0000000000000013
core   0: 0x00000000800060ec (0xb02024f3) csrrs   s1, minstret, zero
core   0: 3 0x00000000800060ec (0xb02024f3) x9  0x0000000000001294
core   0: 0x00000000800060f0 (0x0000a811) c.j     pc + 20
core   0: 3 0x00000000800060f0 (0xa811)
core   0: >>>>  mepc_4
core   0: 0x0000000080006104 (0x00000791) c.addi  a5, 4
core   0: 3 0x0000000080006104 (0x0791) x15 0x00000000800060ba
core   0: 0x0000000080006106 (0x34179073) csrrw   zero, mepc, a5
core   0: 3 0x0000000080006106 (0x34179073) c833_mepc 0x00000000800060ba
core   0: 0x000000008000610a (0x30200073) mret
core   0: 3 0x000000008000610a (0x30200073) c768_mstatus 0x8000000a00106080
core   0: 0x00000000800060ba (0xd229f053) fcvt.d.l ft0, s3
core   0: 1 0x00000000800060ba (0xd229f053) f0  0xc1dfffe626400000
core   0: 0x00000000800060be (0xd029f4d3) fcvt.s.l fs1, s3
core   0: 1 0x00000000800060be (0xd029f4d3) c1_fflags 0x000000000000001f f9  0xffffffffceffff31
core   0: 0x00000000800060c2 (0x0299803b) mulw    zero, s3, s1
core   0: 1 0x00000000800060c2 (0x0299803b)
core   0: 0x00000000800060c6 (0x40bcd5b3) sra     a1, s9, a1
core   0: 1 0x00000000800060c6 (0x40bcd5b3) x11 0x0000000000000fff
core   0: >>>>  write_tohost
core   0: 0x00000000800060ca (0x91afa0ef) jal     pc - 0x5ee6
core   0: 1 0x00000000800060ca (0x91afa0ef) x1  0x00000000800060ce
core   0: >>>>  _exit
core   0: 0x00000000800001e4 (0x00004505) c.li    a0, 1
core   0: 1 0x00000000800001e4 (0x4505) x10 0x0000000000000001
core   0: 0x00000000800001e6 (0x00001f17) auipc   t5, 0x1
core   0: 1 0x00000000800001e6 (0x00001f17) x30 0x00000000800011e6
core   0: 0x00000000800001ea (0xe0af2d23) sw      a0, -486(t5)
core   0: 1 0x00000000800001ea (0xe0af2d23) mem 0x0000000080001000 0x00000001
cp /home/server/RISCV/cva6/verif/sim/out/seed_1177/spike_sim/new_seeds_1177_.cv64a6_imafdc_sv39.log.iss /home/server/RISCV/cva6/verif/sim/out/seed_1177/spike_sim/new_seeds_1177_.cv64a6_imafdc_sv39.log
