Makefile:14: must set CVA6_REPO_DIR to point at the root of CVA6 sources and CVA6_TB_DIR to point here -- doing it for you...
LD_LIBRARY_PATH="$(realpath ../../tools/spike/lib):$LD_LIBRARY_PATH" \
	/home/server/RISCV/cva6/tools/spike/bin/spike --steps=2000000  --log-commits --isa=rv64gc_zba_zbb_zbs_zbc_zicsr_zifencei --priv=msu -l /home/server/RISCV/cva6/verif/sim/out/seed_112/directed_asm_tests/new_seeds_112_.o
[SPIKE] Max simulation steps: 2000000
[SPIKE] Proc 0 | ISA: rv64gc_zba_zbb_zbs_zbc_zicsr_zifencei PRIV: msu
[SPIKE] Initializing memories...
core   0: 0x0000000000010000 (0x00100413) li      s0, 1
core   0: 3 0x0000000000010000 (0x00100413) x8  0x0000000000000001
core   0: 0x0000000000010004 (0x01f41413) slli    s0, s0, 31
core   0: 3 0x0000000000010004 (0x01f41413) x8  0x0000000080000000
core   0: 0x0000000000010008 (0xf1402573) csrrs   a0, mhartid, zero
core   0: 3 0x0000000000010008 (0xf1402573) x10 0x0000000000000000
core   0: 0x000000000001000c (0x00000597) auipc   a1, 0x0
core   0: 3 0x000000000001000c (0x00000597) x11 0x000000000001000c
core   0: 0x0000000000010010 (0x07458593) addi    a1, a1, 116
core   0: 3 0x0000000000010010 (0x07458593) x11 0x0000000000010080
core   0: 0x0000000000010014 (0x00040067) jr      s0
core   0: 3 0x0000000000010014 (0x00040067)
core   0: >>>>  _start
core   0: 0x0000000080000000 (0x00004081) c.li    ra, 0
core   0: 3 0x0000000080000000 (0x4081) x1  0x0000000000000000
core   0: 0x0000000080000002 (0x00004101) c.li    sp, 0
core   0: 3 0x0000000080000002 (0x4101) x2  0x0000000000000000
core   0: 0x0000000080000004 (0x00004181) c.li    gp, 0
core   0: 3 0x0000000080000004 (0x4181) x3  0x0000000000000000
core   0: 0x0000000080000006 (0x00004201) c.li    tp, 0
core   0: 3 0x0000000080000006 (0x4201) x4  0x0000000000000000
core   0: 0x0000000080000008 (0x00004281) c.li    t0, 0
core   0: 3 0x0000000080000008 (0x4281) x5  0x0000000000000000
core   0: 0x000000008000000a (0x00004301) c.li    t1, 0
core   0: 3 0x000000008000000a (0x4301) x6  0x0000000000000000
core   0: 0x000000008000000c (0x00004381) c.li    t2, 0
core   0: 3 0x000000008000000c (0x4381) x7  0x0000000000000000
core   0: 0x000000008000000e (0x00004401) c.li    s0, 0
core   0: 3 0x000000008000000e (0x4401) x8  0x0000000000000000
core   0: 0x0000000080000010 (0x00004481) c.li    s1, 0
core   0: 3 0x0000000080000010 (0x4481) x9  0x0000000000000000
core   0: 0x0000000080000012 (0x00004501) c.li    a0, 0
core   0: 3 0x0000000080000012 (0x4501) x10 0x0000000000000000
core   0: 0x0000000080000014 (0x00004581) c.li    a1, 0
core   0: 3 0x0000000080000014 (0x4581) x11 0x0000000000000000
core   0: 0x0000000080000016 (0x00004601) c.li    a2, 0
core   0: 3 0x0000000080000016 (0x4601) x12 0x0000000000000000
core   0: 0x0000000080000018 (0x00004681) c.li    a3, 0
core   0: 3 0x0000000080000018 (0x4681) x13 0x0000000000000000
core   0: 0x000000008000001a (0x00004701) c.li    a4, 0
core   0: 3 0x000000008000001a (0x4701) x14 0x0000000000000000
core   0: 0x000000008000001c (0x00004781) c.li    a5, 0
core   0: 3 0x000000008000001c (0x4781) x15 0x0000000000000000
core   0: 0x000000008000001e (0x00004801) c.li    a6, 0
core   0: 3 0x000000008000001e (0x4801) x16 0x0000000000000000
core   0: 0x0000000080000020 (0x00004881) c.li    a7, 0
core   0: 3 0x0000000080000020 (0x4881) x17 0x0000000000000000
core   0: 0x0000000080000022 (0x00004901) c.li    s2, 0
core   0: 3 0x0000000080000022 (0x4901) x18 0x0000000000000000
core   0: 0x0000000080000024 (0x00004981) c.li    s3, 0
core   0: 3 0x0000000080000024 (0x4981) x19 0x0000000000000000
core   0: 0x0000000080000026 (0x00004a01) c.li    s4, 0
core   0: 3 0x0000000080000026 (0x4a01) x20 0x0000000000000000
core   0: 0x0000000080000028 (0x00004a81) c.li    s5, 0
core   0: 3 0x0000000080000028 (0x4a81) x21 0x0000000000000000
core   0: 0x000000008000002a (0x00004b01) c.li    s6, 0
core   0: 3 0x000000008000002a (0x4b01) x22 0x0000000000000000
core   0: 0x000000008000002c (0x00004b81) c.li    s7, 0
core   0: 3 0x000000008000002c (0x4b81) x23 0x0000000000000000
core   0: 0x000000008000002e (0x00004c01) c.li    s8, 0
core   0: 3 0x000000008000002e (0x4c01) x24 0x0000000000000000
core   0: 0x0000000080000030 (0x00004c81) c.li    s9, 0
core   0: 3 0x0000000080000030 (0x4c81) x25 0x0000000000000000
core   0: 0x0000000080000032 (0x00004d01) c.li    s10, 0
core   0: 3 0x0000000080000032 (0x4d01) x26 0x0000000000000000
core   0: 0x0000000080000034 (0x00004d81) c.li    s11, 0
core   0: 3 0x0000000080000034 (0x4d81) x27 0x0000000000000000
core   0: 0x0000000080000036 (0x00004e01) c.li    t3, 0
core   0: 3 0x0000000080000036 (0x4e01) x28 0x0000000000000000
core   0: 0x0000000080000038 (0x00004e81) c.li    t4, 0
core   0: 3 0x0000000080000038 (0x4e81) x29 0x0000000000000000
core   0: 0x000000008000003a (0x00004f01) c.li    t5, 0
core   0: 3 0x000000008000003a (0x4f01) x30 0x0000000000000000
core   0: 0x000000008000003c (0x00004f81) c.li    t6, 0
core   0: 3 0x000000008000003c (0x4f81) x31 0x0000000000000000
core   0: 0x000000008000003e (0x000062f9) c.lui   t0, 0x1e
core   0: 3 0x000000008000003e (0x62f9) x5  0x000000000001e000
core   0: 0x0000000080000040 (0x3002a073) csrrs   zero, mstatus, t0
core   0: 3 0x0000000080000040 (0x3002a073) c768_mstatus 0x8000000a00006000
core   0: 0x0000000080000044 (0x00004285) c.li    t0, 1
core   0: 3 0x0000000080000044 (0x4285) x5  0x0000000000000001
core   0: 0x0000000080000046 (0x000002fe) c.slli  t0, 31
core   0: 3 0x0000000080000046 (0x02fe) x5  0x0000000080000000
core   0: 0x0000000080000048 (0x0002d863) bge     t0, zero, pc + 16
core   0: 3 0x0000000080000048 (0x0002d863)
core   0: 0x0000000080000058 (0x00000297) auipc   t0, 0x0
core   0: 3 0x0000000080000058 (0x00000297) x5  0x0000000080000058
core   0: 0x000000008000005c (0x09028293) addi    t0, t0, 144
core   0: 3 0x000000008000005c (0x09028293) x5  0x00000000800000e8
core   0: 0x0000000080000060 (0x30529073) csrrw   zero, mtvec, t0
core   0: 3 0x0000000080000060 (0x30529073) c773_mtvec 0x00000000800000e8
core   0: 0x0000000080000064 (0x00301073) csrrw   zero, fcsr, zero
core   0: 3 0x0000000080000064 (0x00301073) c1_fflags 0x0000000000000000 c2_frm 0x0000000000000000
core   0: 0x0000000080000068 (0xf0000053) fmv.w.x ft0, zero
core   0: 3 0x0000000080000068 (0xf0000053) f0  0xffffffff00000000
core   0: 0x000000008000006c (0xf00000d3) fmv.w.x ft1, zero
core   0: 3 0x000000008000006c (0xf00000d3) f1  0xffffffff00000000
core   0: 0x0000000080000070 (0xf0000153) fmv.w.x ft2, zero
core   0: 3 0x0000000080000070 (0xf0000153) f2  0xffffffff00000000
core   0: 0x0000000080000074 (0xf00001d3) fmv.w.x ft3, zero
core   0: 3 0x0000000080000074 (0xf00001d3) f3  0xffffffff00000000
core   0: 0x0000000080000078 (0xf0000253) fmv.w.x ft4, zero
core   0: 3 0x0000000080000078 (0xf0000253) f4  0xffffffff00000000
core   0: 0x000000008000007c (0xf00002d3) fmv.w.x ft5, zero
core   0: 3 0x000000008000007c (0xf00002d3) f5  0xffffffff00000000
core   0: 0x0000000080000080 (0xf0000353) fmv.w.x ft6, zero
core   0: 3 0x0000000080000080 (0xf0000353) f6  0xffffffff00000000
core   0: 0x0000000080000084 (0xf00003d3) fmv.w.x ft7, zero
core   0: 3 0x0000000080000084 (0xf00003d3) f7  0xffffffff00000000
core   0: 0x0000000080000088 (0xf0000453) fmv.w.x fs0, zero
core   0: 3 0x0000000080000088 (0xf0000453) f8  0xffffffff00000000
core   0: 0x000000008000008c (0xf00004d3) fmv.w.x fs1, zero
core   0: 3 0x000000008000008c (0xf00004d3) f9  0xffffffff00000000
core   0: 0x0000000080000090 (0xf0000553) fmv.w.x fa0, zero
core   0: 3 0x0000000080000090 (0xf0000553) f10 0xffffffff00000000
core   0: 0x0000000080000094 (0xf00005d3) fmv.w.x fa1, zero
core   0: 3 0x0000000080000094 (0xf00005d3) f11 0xffffffff00000000
core   0: 0x0000000080000098 (0xf0000653) fmv.w.x fa2, zero
core   0: 3 0x0000000080000098 (0xf0000653) f12 0xffffffff00000000
core   0: 0x000000008000009c (0xf00006d3) fmv.w.x fa3, zero
core   0: 3 0x000000008000009c (0xf00006d3) f13 0xffffffff00000000
core   0: 0x00000000800000a0 (0xf0000753) fmv.w.x fa4, zero
core   0: 3 0x00000000800000a0 (0xf0000753) f14 0xffffffff00000000
core   0: 0x00000000800000a4 (0xf00007d3) fmv.w.x fa5, zero
core   0: 3 0x00000000800000a4 (0xf00007d3) f15 0xffffffff00000000
core   0: 0x00000000800000a8 (0xf0000853) fmv.w.x fa6, zero
core   0: 3 0x00000000800000a8 (0xf0000853) f16 0xffffffff00000000
core   0: 0x00000000800000ac (0xf00008d3) fmv.w.x fa7, zero
core   0: 3 0x00000000800000ac (0xf00008d3) f17 0xffffffff00000000
core   0: 0x00000000800000b0 (0xf0000953) fmv.w.x fs2, zero
core   0: 3 0x00000000800000b0 (0xf0000953) f18 0xffffffff00000000
core   0: 0x00000000800000b4 (0xf00009d3) fmv.w.x fs3, zero
core   0: 3 0x00000000800000b4 (0xf00009d3) f19 0xffffffff00000000
core   0: 0x00000000800000b8 (0xf0000a53) fmv.w.x fs4, zero
core   0: 3 0x00000000800000b8 (0xf0000a53) f20 0xffffffff00000000
core   0: 0x00000000800000bc (0xf0000ad3) fmv.w.x fs5, zero
core   0: 3 0x00000000800000bc (0xf0000ad3) f21 0xffffffff00000000
core   0: 0x00000000800000c0 (0xf0000b53) fmv.w.x fs6, zero
core   0: 3 0x00000000800000c0 (0xf0000b53) f22 0xffffffff00000000
core   0: 0x00000000800000c4 (0xf0000bd3) fmv.w.x fs7, zero
core   0: 3 0x00000000800000c4 (0xf0000bd3) f23 0xffffffff00000000
core   0: 0x00000000800000c8 (0xf0000c53) fmv.w.x fs8, zero
core   0: 3 0x00000000800000c8 (0xf0000c53) f24 0xffffffff00000000
core   0: 0x00000000800000cc (0xf0000cd3) fmv.w.x fs9, zero
core   0: 3 0x00000000800000cc (0xf0000cd3) f25 0xffffffff00000000
core   0: 0x00000000800000d0 (0xf0000d53) fmv.w.x fs10, zero
core   0: 3 0x00000000800000d0 (0xf0000d53) f26 0xffffffff00000000
core   0: 0x00000000800000d4 (0xf0000dd3) fmv.w.x fs11, zero
core   0: 3 0x00000000800000d4 (0xf0000dd3) f27 0xffffffff00000000
core   0: 0x00000000800000d8 (0xf0000e53) fmv.w.x ft8, zero
core   0: 3 0x00000000800000d8 (0xf0000e53) f28 0xffffffff00000000
core   0: 0x00000000800000dc (0xf0000ed3) fmv.w.x ft9, zero
core   0: 3 0x00000000800000dc (0xf0000ed3) f29 0xffffffff00000000
core   0: 0x00000000800000e0 (0xf0000f53) fmv.w.x ft10, zero
core   0: 3 0x00000000800000e0 (0xf0000f53) f30 0xffffffff00000000
core   0: 0x00000000800000e4 (0xf0000fd3) fmv.w.x ft11, zero
core   0: 3 0x00000000800000e4 (0xf0000fd3) f31 0xffffffff00000000
core   0: 0x00000000800000e8 (0x00000297) auipc   t0, 0x0
core   0: 3 0x00000000800000e8 (0x00000297) x5  0x00000000800000e8
core   0: 0x00000000800000ec (0x03c28293) addi    t0, t0, 60
core   0: 3 0x00000000800000ec (0x03c28293) x5  0x0000000080000124
core   0: 0x00000000800000f0 (0x30529073) csrrw   zero, mtvec, t0
core   0: 3 0x00000000800000f0 (0x30529073) c773_mtvec 0x0000000080000124
core   0: 0x00000000800000f4 (0x00012197) auipc   gp, 0x12
core   0: 3 0x00000000800000f4 (0x00012197) x3  0x00000000800120f4
core   0: 0x00000000800000f8 (0x73418193) addi    gp, gp, 1844
core   0: 3 0x00000000800000f8 (0x73418193) x3  0x0000000080012828
core   0: 0x00000000800000fc (0x00012217) auipc   tp, 0x12
core   0: 3 0x00000000800000fc (0x00012217) x4  0x00000000800120fc
core   0: 0x0000000080000100 (0xf8320213) addi    tp, tp, -125
core   0: 3 0x0000000080000100 (0xf8320213) x4  0x000000008001207f
core   0: 0x0000000080000104 (0xfc027213) andi    tp, tp, -64
core   0: 3 0x0000000080000104 (0xfc027213) x4  0x0000000080012040
core   0: 0x0000000080000108 (0xf1402573) csrrs   a0, mhartid, zero
core   0: 3 0x0000000080000108 (0xf1402573) x10 0x0000000000000000
core   0: 0x000000008000010c (0x00004585) c.li    a1, 1
core   0: 3 0x000000008000010c (0x4585) x11 0x0000000000000001
core   0: 0x000000008000010e (0x00b57063) bgeu    a0, a1, pc + 0
core   0: 3 0x000000008000010e (0x00b57063)
core   0: 0x0000000080000112 (0x00150113) addi    sp, a0, 1
core   0: 3 0x0000000080000112 (0x00150113) x2  0x0000000000000001
core   0: 0x0000000080000116 (0x00000146) c.slli  sp, 17
core   0: 3 0x0000000080000116 (0x0146) x2  0x0000000000020000
core   0: 0x0000000080000118 (0x00009112) c.add   sp, tp
core   0: 3 0x0000000080000118 (0x9112) x2  0x0000000080032040
core   0: 0x000000008000011a (0x01151613) slli    a2, a0, 17
core   0: 3 0x000000008000011a (0x01151613) x12 0x0000000000000000
core   0: 0x000000008000011e (0x00009232) c.add   tp, a2
core   0: 3 0x000000008000011e (0x9232) x4  0x0000000080012040
core   0: 0x0000000080000120 (0x3b60f06f) j       pc + 0xf3b6
core   0: 3 0x0000000080000120 (0x3b60f06f)
core   0: >>>>  _init
core   0: 0x000000008000f4d6 (0x00007171) c.addi16sp sp, -176
core   0: 3 0x000000008000f4d6 (0x7171) x2  0x0000000080031f90
core   0: 0x000000008000f4d8 (0x0000f506) c.sdsp  ra, 168(sp)
core   0: 3 0x000000008000f4d8 (0xf506) mem 0x0000000080032038 0x0000000000000000
core   0: 0x000000008000f4da (0x0000f122) c.sdsp  s0, 160(sp)
core   0: 3 0x000000008000f4da (0xf122) mem 0x0000000080032030 0x0000000000000000
core   0: 0x000000008000f4dc (0x0000ed26) c.sdsp  s1, 152(sp)
core   0: 3 0x000000008000f4dc (0xed26) mem 0x0000000080032028 0x0000000000000000
core   0: 0x000000008000f4de (0x00001900) c.addi4spn s0, sp, 176
core   0: 3 0x000000008000f4de (0x1900) x8  0x0000000080032040
core   0: 0x000000008000f4e0 (0x000087aa) c.mv    a5, a0
core   0: 3 0x000000008000f4e0 (0x87aa) x15 0x0000000000000000
core   0: 0x000000008000f4e2 (0x0000872e) c.mv    a4, a1
core   0: 3 0x000000008000f4e2 (0x872e) x14 0x0000000000000001
core   0: 0x000000008000f4e4 (0xf4f42e23) sw      a5, -164(s0)
core   0: 3 0x000000008000f4e4 (0xf4f42e23) mem 0x0000000080031f9c 0x00000000
core   0: 0x000000008000f4e8 (0x000087ba) c.mv    a5, a4
core   0: 3 0x000000008000f4e8 (0x87ba) x15 0x0000000000000001
core   0: 0x000000008000f4ea (0xf4f42c23) sw      a5, -168(s0)
core   0: 3 0x000000008000f4ea (0xf4f42c23) mem 0x0000000080031f98 0x00000001
core   0: 0x000000008000f4ee (0xfe040793) addi    a5, s0, -32
core   0: 3 0x000000008000f4ee (0xfe040793) x15 0x0000000080032020
core   0: 0x000000008000f4f2 (0xf4f43823) sd      a5, -176(s0)
core   0: 3 0x000000008000f4f2 (0xf4f43823) mem 0x0000000080031f90 0x0000000080032020
core   0: 0x000000008000f4f6 (0xf5043783) ld      a5, -176(s0)
core   0: 3 0x000000008000f4f6 (0xf5043783) x15 0x0000000080032020 mem 0x0000000080031f90
core   0: 0x000000008000f4fa (0xf8078793) addi    a5, a5, -128
core   0: 3 0x000000008000f4fa (0xf8078793) x15 0x0000000080031fa0
core   0: 0x000000008000f4fe (0x03f78793) addi    a5, a5, 63
core   0: 3 0x000000008000f4fe (0x03f78793) x15 0x0000000080031fdf
core   0: 0x000000008000f502 (0x00008399) c.srli  a5, 6
core   0: 3 0x000000008000f502 (0x8399) x15 0x0000000002000c7f
core   0: 0x000000008000f504 (0x00679493) slli    s1, a5, 6
core   0: 3 0x000000008000f504 (0x00679493) x9  0x0000000080031fc0
core   0: 0x000000008000f508 (0xf65ff0ef) jal     pc - 0x9c
core   0: 3 0x000000008000f508 (0xf65ff0ef) x1  0x000000008000f50c
core   0: >>>>  init_tls
core   0: 0x000000008000f46c (0x00001101) c.addi  sp, -32
core   0: 3 0x000000008000f46c (0x1101) x2  0x0000000080031f70
core   0: 0x000000008000f46e (0x0000ec06) c.sdsp  ra, 24(sp)
core   0: 3 0x000000008000f46e (0xec06) mem 0x0000000080031f88 0x000000008000f50c
core   0: 0x000000008000f470 (0x0000e822) c.sdsp  s0, 16(sp)
core   0: 3 0x000000008000f470 (0xe822) mem 0x0000000080031f80 0x0000000080032040
core   0: 0x000000008000f472 (0x00001000) c.addi4spn s0, sp, 32
core   0: 3 0x000000008000f472 (0x1000) x8  0x0000000080031f90
core   0: 0x000000008000f474 (0x00003717) auipc   a4, 0x3
core   0: 3 0x000000008000f474 (0x00003717) x14 0x0000000080012474
core   0: 0x000000008000f478 (0xbb470713) addi    a4, a4, -1100
core   0: 3 0x000000008000f478 (0xbb470713) x14 0x0000000080012028
core   0: 0x000000008000f47c (0x00003797) auipc   a5, 0x3
core   0: 3 0x000000008000f47c (0x00003797) x15 0x000000008001247c
core   0: 0x000000008000f480 (0xbac78793) addi    a5, a5, -1108
core   0: 3 0x000000008000f480 (0xbac78793) x15 0x0000000080012028
core   0: 0x000000008000f484 (0x40f707b3) sub     a5, a4, a5
core   0: 3 0x000000008000f484 (0x40f707b3) x15 0x0000000000000000
core   0: 0x000000008000f488 (0xfef43423) sd      a5, -24(s0)
core   0: 3 0x000000008000f488 (0xfef43423) mem 0x0000000080031f78 0x0000000000000000
core   0: 0x000000008000f48c (0x00008792) c.mv    a5, tp
core   0: 3 0x000000008000f48c (0x8792) x15 0x0000000080012040
core   0: 0x000000008000f48e (0xfe843603) ld      a2, -24(s0)
core   0: 3 0x000000008000f48e (0xfe843603) x12 0x0000000000000000 mem 0x0000000080031f78
core   0: 0x000000008000f492 (0x00003597) auipc   a1, 0x3
core   0: 3 0x000000008000f492 (0x00003597) x11 0x0000000080012492
core   0: 0x000000008000f496 (0xb9658593) addi    a1, a1, -1130
core   0: 3 0x000000008000f496 (0xb9658593) x11 0x0000000080012028
core   0: 0x000000008000f49a (0x0000853e) c.mv    a0, a5
core   0: 3 0x000000008000f49a (0x853e) x10 0x0000000080012040
core   0: 0x000000008000f49c (0x0f9000ef) jal     pc + 0x8f8
core   0: 3 0x000000008000f49c (0x0f9000ef) x1  0x000000008000f4a0
core   0: >>>>  memcpy
core   0: 0x000000008000fd94 (0x0000715d) c.addi16sp sp, -80
core   0: 3 0x000000008000fd94 (0x715d) x2  0x0000000080031f20
core   0: 0x000000008000fd96 (0x0000e4a2) c.sdsp  s0, 72(sp)
core   0: 3 0x000000008000fd96 (0xe4a2) mem 0x0000000080031f68 0x0000000080031f90
core   0: 0x000000008000fd98 (0x00000880) c.addi4spn s0, sp, 80
core   0: 3 0x000000008000fd98 (0x0880) x8  0x0000000080031f70
core   0: 0x000000008000fd9a (0xfca43423) sd      a0, -56(s0)
core   0: 3 0x000000008000fd9a (0xfca43423) mem 0x0000000080031f38 0x0000000080012040
core   0: 0x000000008000fd9e (0xfcb43023) sd      a1, -64(s0)
core   0: 3 0x000000008000fd9e (0xfcb43023) mem 0x0000000080031f30 0x0000000080012028
core   0: 0x000000008000fda2 (0xfac43c23) sd      a2, -72(s0)
core   0: 3 0x000000008000fda2 (0xfac43c23) mem 0x0000000080031f28 0x0000000000000000
core   0: 0x000000008000fda6 (0xfc843703) ld      a4, -56(s0)
core   0: 3 0x000000008000fda6 (0xfc843703) x14 0x0000000080012040 mem 0x0000000080031f38
core   0: 0x000000008000fdaa (0xfc043783) ld      a5, -64(s0)
core   0: 3 0x000000008000fdaa (0xfc043783) x15 0x0000000080012028 mem 0x0000000080031f30
core   0: 0x000000008000fdae (0x00008f5d) c.or    a4, a5
core   0: 3 0x000000008000fdae (0x8f5d) x14 0x0000000080012068
core   0: 0x000000008000fdb0 (0xfb843783) ld      a5, -72(s0)
core   0: 3 0x000000008000fdb0 (0xfb843783) x15 0x0000000000000000 mem 0x0000000080031f28
core   0: 0x000000008000fdb4 (0x00008fd9) c.or    a5, a4
core   0: 3 0x000000008000fdb4 (0x8fd9) x15 0x0000000080012068
core   0: 0x000000008000fdb6 (0x00008b9d) c.andi  a5, 7
core   0: 3 0x000000008000fdb6 (0x8b9d) x15 0x0000000000000000
core   0: 0x000000008000fdb8 (0x0000e3b1) c.bnez  a5, pc + 68
core   0: 3 0x000000008000fdb8 (0xe3b1)
core   0: 0x000000008000fdba (0xfc043783) ld      a5, -64(s0)
core   0: 3 0x000000008000fdba (0xfc043783) x15 0x0000000080012028 mem 0x0000000080031f30
core   0: 0x000000008000fdbe (0xfef43423) sd      a5, -24(s0)
core   0: 3 0x000000008000fdbe (0xfef43423) mem 0x0000000080031f58 0x0000000080012028
core   0: 0x000000008000fdc2 (0xfc843783) ld      a5, -56(s0)
core   0: 3 0x000000008000fdc2 (0xfc843783) x15 0x0000000080012040 mem 0x0000000080031f38
core   0: 0x000000008000fdc6 (0xfef43023) sd      a5, -32(s0)
core   0: 3 0x000000008000fdc6 (0xfef43023) mem 0x0000000080031f50 0x0000000080012040
core   0: 0x000000008000fdca (0x0000a839) c.j     pc + 30
core   0: 3 0x000000008000fdca (0xa839)
core   0: 0x000000008000fde8 (0xfc843703) ld      a4, -56(s0)
core   0: 3 0x000000008000fde8 (0xfc843703) x14 0x0000000080012040 mem 0x0000000080031f38
core   0: 0x000000008000fdec (0xfb843783) ld      a5, -72(s0)
core   0: 3 0x000000008000fdec (0xfb843783) x15 0x0000000000000000 mem 0x0000000080031f28
core   0: 0x000000008000fdf0 (0x000097ba) c.add   a5, a4
core   0: 3 0x000000008000fdf0 (0x97ba) x15 0x0000000080012040
core   0: 0x000000008000fdf2 (0xfe043703) ld      a4, -32(s0)
core   0: 3 0x000000008000fdf2 (0xfe043703) x14 0x0000000080012040 mem 0x0000000080031f50
core   0: 0x000000008000fdf6 (0xfcf76be3) bltu    a4, a5, pc - 42
core   0: 3 0x000000008000fdf6 (0xfcf76be3)
core   0: 0x000000008000fdfa (0x0000a099) c.j     pc + 70
core   0: 3 0x000000008000fdfa (0xa099)
core   0: 0x000000008000fe40 (0xfc843783) ld      a5, -56(s0)
core   0: 3 0x000000008000fe40 (0xfc843783) x15 0x0000000080012040 mem 0x0000000080031f38
core   0: 0x000000008000fe44 (0x0000853e) c.mv    a0, a5
core   0: 3 0x000000008000fe44 (0x853e) x10 0x0000000080012040
core   0: 0x000000008000fe46 (0x00006426) c.ldsp  s0, 72(sp)
core   0: 3 0x000000008000fe46 (0x6426) x8  0x0000000080031f90 mem 0x0000000080031f68
core   0: 0x000000008000fe48 (0x00006161) c.addi16sp sp, 80
core   0: 3 0x000000008000fe48 (0x6161) x2  0x0000000080031f70
core   0: 0x000000008000fe4a (0x00008082) ret
core   0: 3 0x000000008000fe4a (0x8082)
core   0: 0x000000008000f4a0 (0x00003717) auipc   a4, 0x3
core   0: 3 0x000000008000f4a0 (0x00003717) x14 0x00000000800124a0
core   0: 0x000000008000f4a4 (0xc2470713) addi    a4, a4, -988
core   0: 3 0x000000008000f4a4 (0xc2470713) x14 0x00000000800120c4
core   0: 0x000000008000f4a8 (0x00003797) auipc   a5, 0x3
core   0: 3 0x000000008000f4a8 (0x00003797) x15 0x00000000800124a8
core   0: 0x000000008000f4ac (0xb8078793) addi    a5, a5, -1152
core   0: 3 0x000000008000f4ac (0xb8078793) x15 0x0000000080012028
core   0: 0x000000008000f4b0 (0x40f707b3) sub     a5, a4, a5
core   0: 3 0x000000008000f4b0 (0x40f707b3) x15 0x000000000000009c
core   0: 0x000000008000f4b4 (0xfef43023) sd      a5, -32(s0)
core   0: 3 0x000000008000f4b4 (0xfef43023) mem 0x0000000080031f70 0x000000000000009c
core   0: 0x000000008000f4b8 (0x00008712) c.mv    a4, tp
core   0: 3 0x000000008000f4b8 (0x8712) x14 0x0000000080012040
core   0: 0x000000008000f4ba (0xfe843783) ld      a5, -24(s0)
core   0: 3 0x000000008000f4ba (0xfe843783) x15 0x0000000000000000 mem 0x0000000080031f78
core   0: 0x000000008000f4be (0x000097ba) c.add   a5, a4
core   0: 3 0x000000008000f4be (0x97ba) x15 0x0000000080012040
core   0: 0x000000008000f4c0 (0xfe043603) ld      a2, -32(s0)
core   0: 3 0x000000008000f4c0 (0xfe043603) x12 0x000000000000009c mem 0x0000000080031f70
core   0: 0x000000008000f4c4 (0x00004581) c.li    a1, 0
core   0: 3 0x000000008000f4c4 (0x4581) x11 0x0000000000000000
core   0: 0x000000008000f4c6 (0x0000853e) c.mv    a0, a5
core   0: 3 0x000000008000f4c6 (0x853e) x10 0x0000000080012040
core   0: 0x000000008000f4c8 (0x185000ef) jal     pc + 0x984
core   0: 3 0x000000008000f4c8 (0x185000ef) x1  0x000000008000f4cc
core   0: >>>>  memset
core   0: 0x000000008000fe4c (0x0000715d) c.addi16sp sp, -80
core   0: 3 0x000000008000fe4c (0x715d) x2  0x0000000080031f20
core   0: 0x000000008000fe4e (0x0000e4a2) c.sdsp  s0, 72(sp)
core   0: 3 0x000000008000fe4e (0xe4a2) mem 0x0000000080031f68 0x0000000080031f90
core   0: 0x000000008000fe50 (0x00000880) c.addi4spn s0, sp, 80
core   0: 3 0x000000008000fe50 (0x0880) x8  0x0000000080031f70
core   0: 0x000000008000fe52 (0xfca43423) sd      a0, -56(s0)
core   0: 3 0x000000008000fe52 (0xfca43423) mem 0x0000000080031f38 0x0000000080012040
core   0: 0x000000008000fe56 (0x000087ae) c.mv    a5, a1
core   0: 3 0x000000008000fe56 (0x87ae) x15 0x0000000000000000
core   0: 0x000000008000fe58 (0xfac43c23) sd      a2, -72(s0)
core   0: 3 0x000000008000fe58 (0xfac43c23) mem 0x0000000080031f28 0x000000000000009c
core   0: 0x000000008000fe5c (0xfcf42223) sw      a5, -60(s0)
core   0: 3 0x000000008000fe5c (0xfcf42223) mem 0x0000000080031f34 0x00000000
core   0: 0x000000008000fe60 (0xfc843703) ld      a4, -56(s0)
core   0: 3 0x000000008000fe60 (0xfc843703) x14 0x0000000080012040 mem 0x0000000080031f38
core   0: 0x000000008000fe64 (0xfb843783) ld      a5, -72(s0)
core   0: 3 0x000000008000fe64 (0xfb843783) x15 0x000000000000009c mem 0x0000000080031f28
core   0: 0x000000008000fe68 (0x00008fd9) c.or    a5, a4
core   0: 3 0x000000008000fe68 (0x8fd9) x15 0x00000000800120dc
core   0: 0x000000008000fe6a (0x00008b9d) c.andi  a5, 7
core   0: 3 0x000000008000fe6a (0x8b9d) x15 0x0000000000000004
core   0: 0x000000008000fe6c (0x0000e7bd) c.bnez  a5, pc + 110
core   0: 3 0x000000008000fe6c (0xe7bd)
core   0: 0x000000008000feda (0xfc843783) ld      a5, -56(s0)
core   0: 3 0x000000008000feda (0xfc843783) x15 0x0000000080012040 mem 0x0000000080031f38
core   0: 0x000000008000fede (0xfef43023) sd      a5, -32(s0)
core   0: 3 0x000000008000fede (0xfef43023) mem 0x0000000080031f50 0x0000000080012040
core   0: 0x000000008000fee2 (0x0000a829) c.j     pc + 26
core   0: 3 0x000000008000fee2 (0xa829)
core   0: 0x000000008000fefc (0xfc843703) ld      a4, -56(s0)
core   0: 3 0x000000008000fefc (0xfc843703) x14 0x0000000080012040 mem 0x0000000080031f38
core   0: 0x000000008000ff00 (0xfb843783) ld      a5, -72(s0)
core   0: 3 0x000000008000ff00 (0xfb843783) x15 0x000000000000009c mem 0x0000000080031f28
core   0: 0x000000008000ff04 (0x000097ba) c.add   a5, a4
core   0: 3 0x000000008000ff04 (0x97ba) x15 0x00000000800120dc
core   0: 0x000000008000ff06 (0xfe043703) ld      a4, -32(s0)
core   0: 3 0x000000008000ff06 (0xfe043703) x14 0x0000000080012040 mem 0x0000000080031f50
core   0: 0x000000008000ff0a (0xfcf76de3) bltu    a4, a5, pc - 38
core   0: 3 0x000000008000ff0a (0xfcf76de3)
core   0: 0x000000008000fee4 (0xfe043783) ld      a5, -32(s0)
core   0: 3 0x000000008000fee4 (0xfe043783) x15 0x0000000080012040 mem 0x0000000080031f50
core   0: 0x000000008000fee8 (0x00178713) addi    a4, a5, 1
core   0: 3 0x000000008000fee8 (0x00178713) x14 0x0000000080012041
core   0: 0x000000008000feec (0xfee43023) sd      a4, -32(s0)
core   0: 3 0x000000008000feec (0xfee43023) mem 0x0000000080031f50 0x0000000080012041
core   0: 0x000000008000fef0 (0xfc442703) lw      a4, -60(s0)
core   0: 3 0x000000008000fef0 (0xfc442703) x14 0x0000000000000000 mem 0x0000000080031f34
core   0: 0x000000008000fef4 (0x0ff77713) andi    a4, a4, 255
core   0: 3 0x000000008000fef4 (0x0ff77713) x14 0x0000000000000000
core   0: 0x000000008000fef8 (0x00e78023) sb      a4, 0(a5)
core   0: 3 0x000000008000fef8 (0x00e78023) mem 0x0000000080012040 0x00
core   0: 0x000000008000fefc (0xfc843703) ld      a4, -56(s0)
core   0: 3 0x000000008000fefc (0xfc843703) x14 0x0000000080012040 mem 0x0000000080031f38
core   0: 0x000000008000ff00 (0xfb843783) ld      a5, -72(s0)
core   0: 3 0x000000008000ff00 (0xfb843783) x15 0x000000000000009c mem 0x0000000080031f28
core   0: 0x000000008000ff04 (0x000097ba) c.add   a5, a4
core   0: 3 0x000000008000ff04 (0x97ba) x15 0x00000000800120dc
core   0: 0x000000008000ff06 (0xfe043703) ld      a4, -32(s0)
core   0: 3 0x000000008000ff06 (0xfe043703) x14 0x0000000080012041 mem 0x0000000080031f50
core   0: 0x000000008000ff0a (0xfcf76de3) bltu    a4, a5, pc - 38
core   0: 3 0x000000008000ff0a (0xfcf76de3)
core   0: 0x000000008000fee4 (0xfe043783) ld      a5, -32(s0)
core   0: 3 0x000000008000fee4 (0xfe043783) x15 0x0000000080012041 mem 0x0000000080031f50
core   0: 0x000000008000fee8 (0x00178713) addi    a4, a5, 1
core   0: 3 0x000000008000fee8 (0x00178713) x14 0x0000000080012042
core   0: 0x000000008000feec (0xfee43023) sd      a4, -32(s0)
core   0: 3 0x000000008000feec (0xfee43023) mem 0x0000000080031f50 0x0000000080012042
core   0: 0x000000008000fef0 (0xfc442703) lw      a4, -60(s0)
core   0: 3 0x000000008000fef0 (0xfc442703) x14 0x0000000000000000 mem 0x0000000080031f34
core   0: 0x000000008000fef4 (0x0ff77713) andi    a4, a4, 255
core   0: 3 0x000000008000fef4 (0x0ff77713) x14 0x0000000000000000
core   0: 0x000000008000fef8 (0x00e78023) sb      a4, 0(a5)
core   0: 3 0x000000008000fef8 (0x00e78023) mem 0x0000000080012041 0x00
core   0: 0x000000008000fefc (0xfc843703) ld      a4, -56(s0)
core   0: 3 0x000000008000fefc (0xfc843703) x14 0x0000000080012040 mem 0x0000000080031f38
core   0: 0x000000008000ff00 (0xfb843783) ld      a5, -72(s0)
core   0: 3 0x000000008000ff00 (0xfb843783) x15 0x000000000000009c mem 0x0000000080031f28
core   0: 0x000000008000ff04 (0x000097ba) c.add   a5, a4
core   0: 3 0x000000008000ff04 (0x97ba) x15 0x00000000800120dc
core   0: 0x000000008000ff06 (0xfe043703) ld      a4, -32(s0)
core   0: 3 0x000000008000ff06 (0xfe043703) x14 0x0000000080012042 mem 0x0000000080031f50
core   0: 0x000000008000ff0a (0xfcf76de3) bltu    a4, a5, pc - 38
core   0: 3 0x000000008000ff0a (0xfcf76de3)
core   0: 0x000000008000fee4 (0xfe043783) ld      a5, -32(s0)
core   0: 3 0x000000008000fee4 (0xfe043783) x15 0x0000000080012042 mem 0x0000000080031f50
core   0: 0x000000008000fee8 (0x00178713) addi    a4, a5, 1
core   0: 3 0x000000008000fee8 (0x00178713) x14 0x0000000080012043
core   0: 0x000000008000feec (0xfee43023) sd      a4, -32(s0)
core   0: 3 0x000000008000feec (0xfee43023) mem 0x0000000080031f50 0x0000000080012043
core   0: 0x000000008000fef0 (0xfc442703) lw      a4, -60(s0)
core   0: 3 0x000000008000fef0 (0xfc442703) x14 0x0000000000000000 mem 0x0000000080031f34
core   0: 0x000000008000fef4 (0x0ff77713) andi    a4, a4, 255
core   0: 3 0x000000008000fef4 (0x0ff77713) x14 0x0000000000000000
core   0: 0x000000008000fef8 (0x00e78023) sb      a4, 0(a5)
core   0: 3 0x000000008000fef8 (0x00e78023) mem 0x0000000080012042 0x00
core   0: 0x000000008000fefc (0xfc843703) ld      a4, -56(s0)
core   0: 3 0x000000008000fefc (0xfc843703) x14 0x0000000080012040 mem 0x0000000080031f38
core   0: 0x000000008000ff00 (0xfb843783) ld      a5, -72(s0)
core   0: 3 0x000000008000ff00 (0xfb843783) x15 0x000000000000009c mem 0x0000000080031f28
core   0: 0x000000008000ff04 (0x000097ba) c.add   a5, a4
core   0: 3 0x000000008000ff04 (0x97ba) x15 0x00000000800120dc
core   0: 0x000000008000ff06 (0xfe043703) ld      a4, -32(s0)
core   0: 3 0x000000008000ff06 (0xfe043703) x14 0x0000000080012043 mem 0x0000000080031f50
core   0: 0x000000008000ff0a (0xfcf76de3) bltu    a4, a5, pc - 38
core   0: 3 0x000000008000ff0a (0xfcf76de3)
core   0: 0x000000008000fee4 (0xfe043783) ld      a5, -32(s0)
core   0: 3 0x000000008000fee4 (0xfe043783) x15 0x0000000080012043 mem 0x0000000080031f50
core   0: 0x000000008000fee8 (0x00178713) addi    a4, a5, 1
core   0: 3 0x000000008000fee8 (0x00178713) x14 0x0000000080012044
core   0: 0x000000008000feec (0xfee43023) sd      a4, -32(s0)
core   0: 3 0x000000008000feec (0xfee43023) mem 0x0000000080031f50 0x0000000080012044
core   0: 0x000000008000fef0 (0xfc442703) lw      a4, -60(s0)
core   0: 3 0x000000008000fef0 (0xfc442703) x14 0x0000000000000000 mem 0x0000000080031f34
core   0: 0x000000008000fef4 (0x0ff77713) andi    a4, a4, 255
core   0: 3 0x000000008000fef4 (0x0ff77713) x14 0x0000000000000000
core   0: 0x000000008000fef8 (0x00e78023) sb      a4, 0(a5)
core   0: 3 0x000000008000fef8 (0x00e78023) mem 0x0000000080012043 0x00
core   0: 0x000000008000fefc (0xfc843703) ld      a4, -56(s0)
core   0: 3 0x000000008000fefc (0xfc843703) x14 0x0000000080012040 mem 0x0000000080031f38
core   0: 0x000000008000ff00 (0xfb843783) ld      a5, -72(s0)
core   0: 3 0x000000008000ff00 (0xfb843783) x15 0x000000000000009c mem 0x0000000080031f28
core   0: 0x000000008000ff04 (0x000097ba) c.add   a5, a4
core   0: 3 0x000000008000ff04 (0x97ba) x15 0x00000000800120dc
core   0: 0x000000008000ff06 (0xfe043703) ld      a4, -32(s0)
core   0: 3 0x000000008000ff06 (0xfe043703) x14 0x0000000080012044 mem 0x0000000080031f50
core   0: 0x000000008000ff0a (0xfcf76de3) bltu    a4, a5, pc - 38
core   0: 3 0x000000008000ff0a (0xfcf76de3)
core   0: 0x000000008000fee4 (0xfe043783) ld      a5, -32(s0)
core   0: 3 0x000000008000fee4 (0xfe043783) x15 0x0000000080012044 mem 0x0000000080031f50
core   0: 0x000000008000fee8 (0x00178713) addi    a4, a5, 1
core   0: 3 0x000000008000fee8 (0x00178713) x14 0x0000000080012045
core   0: 0x000000008000feec (0xfee43023) sd      a4, -32(s0)
core   0: 3 0x000000008000feec (0xfee43023) mem 0x0000000080031f50 0x0000000080012045
core   0: 0x000000008000fef0 (0xfc442703) lw      a4, -60(s0)
core   0: 3 0x000000008000fef0 (0xfc442703) x14 0x0000000000000000 mem 0x0000000080031f34
core   0: 0x000000008000fef4 (0x0ff77713) andi    a4, a4, 255
core   0: 3 0x000000008000fef4 (0x0ff77713) x14 0x0000000000000000
core   0: 0x000000008000fef8 (0x00e78023) sb      a4, 0(a5)
core   0: 3 0x000000008000fef8 (0x00e78023) mem 0x0000000080012044 0x00
core   0: 0x000000008000fefc (0xfc843703) ld      a4, -56(s0)
core   0: 3 0x000000008000fefc (0xfc843703) x14 0x0000000080012040 mem 0x0000000080031f38
core   0: 0x000000008000ff00 (0xfb843783) ld      a5, -72(s0)
core   0: 3 0x000000008000ff00 (0xfb843783) x15 0x000000000000009c mem 0x0000000080031f28
core   0: 0x000000008000ff04 (0x000097ba) c.add   a5, a4
core   0: 3 0x000000008000ff04 (0x97ba) x15 0x00000000800120dc
core   0: 0x000000008000ff06 (0xfe043703) ld      a4, -32(s0)
core   0: 3 0x000000008000ff06 (0xfe043703) x14 0x0000000080012045 mem 0x0000000080031f50
core   0: 0x000000008000ff0a (0xfcf76de3) bltu    a4, a5, pc - 38
core   0: 3 0x000000008000ff0a (0xfcf76de3)
core   0: 0x000000008000fee4 (0xfe043783) ld      a5, -32(s0)
core   0: 3 0x000000008000fee4 (0xfe043783) x15 0x0000000080012045 mem 0x0000000080031f50
core   0: 0x000000008000fee8 (0x00178713) addi    a4, a5, 1
core   0: 3 0x000000008000fee8 (0x00178713) x14 0x0000000080012046
core   0: 0x000000008000feec (0xfee43023) sd      a4, -32(s0)
core   0: 3 0x000000008000feec (0xfee43023) mem 0x0000000080031f50 0x0000000080012046
core   0: 0x000000008000fef0 (0xfc442703) lw      a4, -60(s0)
core   0: 3 0x000000008000fef0 (0xfc442703) x14 0x0000000000000000 mem 0x0000000080031f34
core   0: 0x000000008000fef4 (0x0ff77713) andi    a4, a4, 255
core   0: 3 0x000000008000fef4 (0x0ff77713) x14 0x0000000000000000
core   0: 0x000000008000fef8 (0x00e78023) sb      a4, 0(a5)
core   0: 3 0x000000008000fef8 (0x00e78023) mem 0x0000000080012045 0x00
core   0: 0x000000008000fefc (0xfc843703) ld      a4, -56(s0)
core   0: 3 0x000000008000fefc (0xfc843703) x14 0x0000000080012040 mem 0x0000000080031f38
core   0: 0x000000008000ff00 (0xfb843783) ld      a5, -72(s0)
core   0: 3 0x000000008000ff00 (0xfb843783) x15 0x000000000000009c mem 0x0000000080031f28
core   0: 0x000000008000ff04 (0x000097ba) c.add   a5, a4
core   0: 3 0x000000008000ff04 (0x97ba) x15 0x00000000800120dc
core   0: 0x000000008000ff06 (0xfe043703) ld      a4, -32(s0)
core   0: 3 0x000000008000ff06 (0xfe043703) x14 0x0000000080012046 mem 0x0000000080031f50
core   0: 0x000000008000ff0a (0xfcf76de3) bltu    a4, a5, pc - 38
core   0: 3 0x000000008000ff0a (0xfcf76de3)
core   0: 0x000000008000fee4 (0xfe043783) ld      a5, -32(s0)
core   0: 3 0x000000008000fee4 (0xfe043783) x15 0x0000000080012046 mem 0x0000000080031f50
core   0: 0x000000008000fee8 (0x00178713) addi    a4, a5, 1
core   0: 3 0x000000008000fee8 (0x00178713) x14 0x0000000080012047
core   0: 0x000000008000feec (0xfee43023) sd      a4, -32(s0)
core   0: 3 0x000000008000feec (0xfee43023) mem 0x0000000080031f50 0x0000000080012047
core   0: 0x000000008000fef0 (0xfc442703) lw      a4, -60(s0)
core   0: 3 0x000000008000fef0 (0xfc442703) x14 0x0000000000000000 mem 0x0000000080031f34
core   0: 0x000000008000fef4 (0x0ff77713) andi    a4, a4, 255
core   0: 3 0x000000008000fef4 (0x0ff77713) x14 0x0000000000000000
core   0: 0x000000008000fef8 (0x00e78023) sb      a4, 0(a5)
core   0: 3 0x000000008000fef8 (0x00e78023) mem 0x0000000080012046 0x00
core   0: 0x000000008000fefc (0xfc843703) ld      a4, -56(s0)
core   0: 3 0x000000008000fefc (0xfc843703) x14 0x0000000080012040 mem 0x0000000080031f38
core   0: 0x000000008000ff00 (0xfb843783) ld      a5, -72(s0)
core   0: 3 0x000000008000ff00 (0xfb843783) x15 0x000000000000009c mem 0x0000000080031f28
core   0: 0x000000008000ff04 (0x000097ba) c.add   a5, a4
core   0: 3 0x000000008000ff04 (0x97ba) x15 0x00000000800120dc
core   0: 0x000000008000ff06 (0xfe043703) ld      a4, -32(s0)
core   0: 3 0x000000008000ff06 (0xfe043703) x14 0x0000000080012047 mem 0x0000000080031f50
core   0: 0x000000008000ff0a (0xfcf76de3) bltu    a4, a5, pc - 38
core   0: 3 0x000000008000ff0a (0xfcf76de3)
core   0: 0x000000008000fee4 (0xfe043783) ld      a5, -32(s0)
core   0: 3 0x000000008000fee4 (0xfe043783) x15 0x0000000080012047 mem 0x0000000080031f50
core   0: 0x000000008000fee8 (0x00178713) addi    a4, a5, 1
core   0: 3 0x000000008000fee8 (0x00178713) x14 0x0000000080012048
core   0: 0x000000008000feec (0xfee43023) sd      a4, -32(s0)
core   0: 3 0x000000008000feec (0xfee43023) mem 0x0000000080031f50 0x0000000080012048
core   0: 0x000000008000fef0 (0xfc442703) lw      a4, -60(s0)
core   0: 3 0x000000008000fef0 (0xfc442703) x14 0x0000000000000000 mem 0x0000000080031f34
core   0: 0x000000008000fef4 (0x0ff77713) andi    a4, a4, 255
core   0: 3 0x000000008000fef4 (0x0ff77713) x14 0x0000000000000000
core   0: 0x000000008000fef8 (0x00e78023) sb      a4, 0(a5)
core   0: 3 0x000000008000fef8 (0x00e78023) mem 0x0000000080012047 0x00
core   0: 0x000000008000fefc (0xfc843703) ld      a4, -56(s0)
core   0: 3 0x000000008000fefc (0xfc843703) x14 0x0000000080012040 mem 0x0000000080031f38
core   0: 0x000000008000ff00 (0xfb843783) ld      a5, -72(s0)
core   0: 3 0x000000008000ff00 (0xfb843783) x15 0x000000000000009c mem 0x0000000080031f28
core   0: 0x000000008000ff04 (0x000097ba) c.add   a5, a4
core   0: 3 0x000000008000ff04 (0x97ba) x15 0x00000000800120dc
core   0: 0x000000008000ff06 (0xfe043703) ld      a4, -32(s0)
core   0: 3 0x000000008000ff06 (0xfe043703) x14 0x0000000080012048 mem 0x0000000080031f50
core   0: 0x000000008000ff0a (0xfcf76de3) bltu    a4, a5, pc - 38
core   0: 3 0x000000008000ff0a (0xfcf76de3)
core   0: 0x000000008000fee4 (0xfe043783) ld      a5, -32(s0)
core   0: 3 0x000000008000fee4 (0xfe043783) x15 0x0000000080012048 mem 0x0000000080031f50
core   0: 0x000000008000fee8 (0x00178713) addi    a4, a5, 1
core   0: 3 0x000000008000fee8 (0x00178713) x14 0x0000000080012049
core   0: 0x000000008000feec (0xfee43023) sd      a4, -32(s0)
core   0: 3 0x000000008000feec (0xfee43023) mem 0x0000000080031f50 0x0000000080012049
core   0: 0x000000008000fef0 (0xfc442703) lw      a4, -60(s0)
core   0: 3 0x000000008000fef0 (0xfc442703) x14 0x0000000000000000 mem 0x0000000080031f34
core   0: 0x000000008000fef4 (0x0ff77713) andi    a4, a4, 255
core   0: 3 0x000000008000fef4 (0x0ff77713) x14 0x0000000000000000
core   0: 0x000000008000fef8 (0x00e78023) sb      a4, 0(a5)
core   0: 3 0x000000008000fef8 (0x00e78023) mem 0x0000000080012048 0x00
core   0: 0x000000008000fefc (0xfc843703) ld      a4, -56(s0)
core   0: 3 0x000000008000fefc (0xfc843703) x14 0x0000000080012040 mem 0x0000000080031f38
core   0: 0x000000008000ff00 (0xfb843783) ld      a5, -72(s0)
core   0: 3 0x000000008000ff00 (0xfb843783) x15 0x000000000000009c mem 0x0000000080031f28
core   0: 0x000000008000ff04 (0x000097ba) c.add   a5, a4
core   0: 3 0x000000008000ff04 (0x97ba) x15 0x00000000800120dc
core   0: 0x000000008000ff06 (0xfe043703) ld      a4, -32(s0)
core   0: 3 0x000000008000ff06 (0xfe043703) x14 0x0000000080012049 mem 0x0000000080031f50
core   0: 0x000000008000ff0a (0xfcf76de3) bltu    a4, a5, pc - 38
core   0: 3 0x000000008000ff0a (0xfcf76de3)
core   0: 0x000000008000fee4 (0xfe043783) ld      a5, -32(s0)
core   0: 3 0x000000008000fee4 (0xfe043783) x15 0x0000000080012049 mem 0x0000000080031f50
core   0: 0x000000008000fee8 (0x00178713) addi    a4, a5, 1
core   0: 3 0x000000008000fee8 (0x00178713) x14 0x000000008001204a
core   0: 0x000000008000feec (0xfee43023) sd      a4, -32(s0)
core   0: 3 0x000000008000feec (0xfee43023) mem 0x0000000080031f50 0x000000008001204a
core   0: 0x000000008000fef0 (0xfc442703) lw      a4, -60(s0)
core   0: 3 0x000000008000fef0 (0xfc442703) x14 0x0000000000000000 mem 0x0000000080031f34
core   0: 0x000000008000fef4 (0x0ff77713) andi    a4, a4, 255
core   0: 3 0x000000008000fef4 (0x0ff77713) x14 0x0000000000000000
core   0: 0x000000008000fef8 (0x00e78023) sb      a4, 0(a5)
core   0: 3 0x000000008000fef8 (0x00e78023) mem 0x0000000080012049 0x00
core   0: 0x000000008000fefc (0xfc843703) ld      a4, -56(s0)
core   0: 3 0x000000008000fefc (0xfc843703) x14 0x0000000080012040 mem 0x0000000080031f38
core   0: 0x000000008000ff00 (0xfb843783) ld      a5, -72(s0)
core   0: 3 0x000000008000ff00 (0xfb843783) x15 0x000000000000009c mem 0x0000000080031f28
core   0: 0x000000008000ff04 (0x000097ba) c.add   a5, a4
core   0: 3 0x000000008000ff04 (0x97ba) x15 0x00000000800120dc
core   0: 0x000000008000ff06 (0xfe043703) ld      a4, -32(s0)
core   0: 3 0x000000008000ff06 (0xfe043703) x14 0x000000008001204a mem 0x0000000080031f50
core   0: 0x000000008000ff0a (0xfcf76de3) bltu    a4, a5, pc - 38
core   0: 3 0x000000008000ff0a (0xfcf76de3)
core   0: 0x000000008000fee4 (0xfe043783) ld      a5, -32(s0)
core   0: 3 0x000000008000fee4 (0xfe043783) x15 0x000000008001204a mem 0x0000000080031f50
core   0: 0x000000008000fee8 (0x00178713) addi    a4, a5, 1
core   0: 3 0x000000008000fee8 (0x00178713) x14 0x000000008001204b
core   0: 0x000000008000feec (0xfee43023) sd      a4, -32(s0)
core   0: 3 0x000000008000feec (0xfee43023) mem 0x0000000080031f50 0x000000008001204b
core   0: 0x000000008000fef0 (0xfc442703) lw      a4, -60(s0)
core   0: 3 0x000000008000fef0 (0xfc442703) x14 0x0000000000000000 mem 0x0000000080031f34
core   0: 0x000000008000fef4 (0x0ff77713) andi    a4, a4, 255
core   0: 3 0x000000008000fef4 (0x0ff77713) x14 0x0000000000000000
core   0: 0x000000008000fef8 (0x00e78023) sb      a4, 0(a5)
core   0: 3 0x000000008000fef8 (0x00e78023) mem 0x000000008001204a 0x00
core   0: 0x000000008000fefc (0xfc843703) ld      a4, -56(s0)
core   0: 3 0x000000008000fefc (0xfc843703) x14 0x0000000080012040 mem 0x0000000080031f38
core   0: 0x000000008000ff00 (0xfb843783) ld      a5, -72(s0)
core   0: 3 0x000000008000ff00 (0xfb843783) x15 0x000000000000009c mem 0x0000000080031f28
core   0: 0x000000008000ff04 (0x000097ba) c.add   a5, a4
core   0: 3 0x000000008000ff04 (0x97ba) x15 0x00000000800120dc
core   0: 0x000000008000ff06 (0xfe043703) ld      a4, -32(s0)
core   0: 3 0x000000008000ff06 (0xfe043703) x14 0x000000008001204b mem 0x0000000080031f50
core   0: 0x000000008000ff0a (0xfcf76de3) bltu    a4, a5, pc - 38
core   0: 3 0x000000008000ff0a (0xfcf76de3)
core   0: 0x000000008000fee4 (0xfe043783) ld      a5, -32(s0)
core   0: 3 0x000000008000fee4 (0xfe043783) x15 0x000000008001204b mem 0x0000000080031f50
core   0: 0x000000008000fee8 (0x00178713) addi    a4, a5, 1
core   0: 3 0x000000008000fee8 (0x00178713) x14 0x000000008001204c
core   0: 0x000000008000feec (0xfee43023) sd      a4, -32(s0)
core   0: 3 0x000000008000feec (0xfee43023) mem 0x0000000080031f50 0x000000008001204c
core   0: 0x000000008000fef0 (0xfc442703) lw      a4, -60(s0)
core   0: 3 0x000000008000fef0 (0xfc442703) x14 0x0000000000000000 mem 0x0000000080031f34
core   0: 0x000000008000fef4 (0x0ff77713) andi    a4, a4, 255
core   0: 3 0x000000008000fef4 (0x0ff77713) x14 0x0000000000000000
core   0: 0x000000008000fef8 (0x00e78023) sb      a4, 0(a5)
core   0: 3 0x000000008000fef8 (0x00e78023) mem 0x000000008001204b 0x00
core   0: 0x000000008000fefc (0xfc843703) ld      a4, -56(s0)
core   0: 3 0x000000008000fefc (0xfc843703) x14 0x0000000080012040 mem 0x0000000080031f38
core   0: 0x000000008000ff00 (0xfb843783) ld      a5, -72(s0)
core   0: 3 0x000000008000ff00 (0xfb843783) x15 0x000000000000009c mem 0x0000000080031f28
core   0: 0x000000008000ff04 (0x000097ba) c.add   a5, a4
core   0: 3 0x000000008000ff04 (0x97ba) x15 0x00000000800120dc
core   0: 0x000000008000ff06 (0xfe043703) ld      a4, -32(s0)
core   0: 3 0x000000008000ff06 (0xfe043703) x14 0x000000008001204c mem 0x0000000080031f50
core   0: 0x000000008000ff0a (0xfcf76de3) bltu    a4, a5, pc - 38
core   0: 3 0x000000008000ff0a (0xfcf76de3)
core   0: 0x000000008000fee4 (0xfe043783) ld      a5, -32(s0)
core   0: 3 0x000000008000fee4 (0xfe043783) x15 0x000000008001204c mem 0x0000000080031f50
core   0: 0x000000008000fee8 (0x00178713) addi    a4, a5, 1
core   0: 3 0x000000008000fee8 (0x00178713) x14 0x000000008001204d
core   0: 0x000000008000feec (0xfee43023) sd      a4, -32(s0)
core   0: 3 0x000000008000feec (0xfee43023) mem 0x0000000080031f50 0x000000008001204d
core   0: 0x000000008000fef0 (0xfc442703) lw      a4, -60(s0)
core   0: 3 0x000000008000fef0 (0xfc442703) x14 0x0000000000000000 mem 0x0000000080031f34
core   0: 0x000000008000fef4 (0x0ff77713) andi    a4, a4, 255
core   0: 3 0x000000008000fef4 (0x0ff77713) x14 0x0000000000000000
core   0: 0x000000008000fef8 (0x00e78023) sb      a4, 0(a5)
core   0: 3 0x000000008000fef8 (0x00e78023) mem 0x000000008001204c 0x00
core   0: 0x000000008000fefc (0xfc843703) ld      a4, -56(s0)
core   0: 3 0x000000008000fefc (0xfc843703) x14 0x0000000080012040 mem 0x0000000080031f38
core   0: 0x000000008000ff00 (0xfb843783) ld      a5, -72(s0)
core   0: 3 0x000000008000ff00 (0xfb843783) x15 0x000000000000009c mem 0x0000000080031f28
core   0: 0x000000008000ff04 (0x000097ba) c.add   a5, a4
core   0: 3 0x000000008000ff04 (0x97ba) x15 0x00000000800120dc
core   0: 0x000000008000ff06 (0xfe043703) ld      a4, -32(s0)
core   0: 3 0x000000008000ff06 (0xfe043703) x14 0x000000008001204d mem 0x0000000080031f50
core   0: 0x000000008000ff0a (0xfcf76de3) bltu    a4, a5, pc - 38
core   0: 3 0x000000008000ff0a (0xfcf76de3)
core   0: 0x000000008000fee4 (0xfe043783) ld      a5, -32(s0)
core   0: 3 0x000000008000fee4 (0xfe043783) x15 0x000000008001204d mem 0x0000000080031f50
core   0: 0x000000008000fee8 (0x00178713) addi    a4, a5, 1
core   0: 3 0x000000008000fee8 (0x00178713) x14 0x000000008001204e
core   0: 0x000000008000feec (0xfee43023) sd      a4, -32(s0)
core   0: 3 0x000000008000feec (0xfee43023) mem 0x0000000080031f50 0x000000008001204e
core   0: 0x000000008000fef0 (0xfc442703) lw      a4, -60(s0)
core   0: 3 0x000000008000fef0 (0xfc442703) x14 0x0000000000000000 mem 0x0000000080031f34
core   0: 0x000000008000fef4 (0x0ff77713) andi    a4, a4, 255
core   0: 3 0x000000008000fef4 (0x0ff77713) x14 0x0000000000000000
core   0: 0x000000008000fef8 (0x00e78023) sb      a4, 0(a5)
core   0: 3 0x000000008000fef8 (0x00e78023) mem 0x000000008001204d 0x00
core   0: 0x000000008000fefc (0xfc843703) ld      a4, -56(s0)
core   0: 3 0x000000008000fefc (0xfc843703) x14 0x0000000080012040 mem 0x0000000080031f38
core   0: 0x000000008000ff00 (0xfb843783) ld      a5, -72(s0)
core   0: 3 0x000000008000ff00 (0xfb843783) x15 0x000000000000009c mem 0x0000000080031f28
core   0: 0x000000008000ff04 (0x000097ba) c.add   a5, a4
core   0: 3 0x000000008000ff04 (0x97ba) x15 0x00000000800120dc
core   0: 0x000000008000ff06 (0xfe043703) ld      a4, -32(s0)
core   0: 3 0x000000008000ff06 (0xfe043703) x14 0x000000008001204e mem 0x0000000080031f50
core   0: 0x000000008000ff0a (0xfcf76de3) bltu    a4, a5, pc - 38
core   0: 3 0x000000008000ff0a (0xfcf76de3)
core   0: 0x000000008000fee4 (0xfe043783) ld      a5, -32(s0)
core   0: 3 0x000000008000fee4 (0xfe043783) x15 0x000000008001204e mem 0x0000000080031f50
core   0: 0x000000008000fee8 (0x00178713) addi    a4, a5, 1
core   0: 3 0x000000008000fee8 (0x00178713) x14 0x000000008001204f
core   0: 0x000000008000feec (0xfee43023) sd      a4, -32(s0)
core   0: 3 0x000000008000feec (0xfee43023) mem 0x0000000080031f50 0x000000008001204f
core   0: 0x000000008000fef0 (0xfc442703) lw      a4, -60(s0)
core   0: 3 0x000000008000fef0 (0xfc442703) x14 0x0000000000000000 mem 0x0000000080031f34
core   0: 0x000000008000fef4 (0x0ff77713) andi    a4, a4, 255
core   0: 3 0x000000008000fef4 (0x0ff77713) x14 0x0000000000000000
core   0: 0x000000008000fef8 (0x00e78023) sb      a4, 0(a5)
core   0: 3 0x000000008000fef8 (0x00e78023) mem 0x000000008001204e 0x00
core   0: 0x000000008000fefc (0xfc843703) ld      a4, -56(s0)
core   0: 3 0x000000008000fefc (0xfc843703) x14 0x0000000080012040 mem 0x0000000080031f38
core   0: 0x000000008000ff00 (0xfb843783) ld      a5, -72(s0)
core   0: 3 0x000000008000ff00 (0xfb843783) x15 0x000000000000009c mem 0x0000000080031f28
core   0: 0x000000008000ff04 (0x000097ba) c.add   a5, a4
core   0: 3 0x000000008000ff04 (0x97ba) x15 0x00000000800120dc
core   0: 0x000000008000ff06 (0xfe043703) ld      a4, -32(s0)
core   0: 3 0x000000008000ff06 (0xfe043703) x14 0x000000008001204f mem 0x0000000080031f50
core   0: 0x000000008000ff0a (0xfcf76de3) bltu    a4, a5, pc - 38
core   0: 3 0x000000008000ff0a (0xfcf76de3)
core   0: 0x000000008000fee4 (0xfe043783) ld      a5, -32(s0)
core   0: 3 0x000000008000fee4 (0xfe043783) x15 0x000000008001204f mem 0x0000000080031f50
core   0: 0x000000008000fee8 (0x00178713) addi    a4, a5, 1
core   0: 3 0x000000008000fee8 (0x00178713) x14 0x0000000080012050
core   0: 0x000000008000feec (0xfee43023) sd      a4, -32(s0)
core   0: 3 0x000000008000feec (0xfee43023) mem 0x0000000080031f50 0x0000000080012050
core   0: 0x000000008000fef0 (0xfc442703) lw      a4, -60(s0)
core   0: 3 0x000000008000fef0 (0xfc442703) x14 0x0000000000000000 mem 0x0000000080031f34
core   0: 0x000000008000fef4 (0x0ff77713) andi    a4, a4, 255
core   0: 3 0x000000008000fef4 (0x0ff77713) x14 0x0000000000000000
core   0: 0x000000008000fef8 (0x00e78023) sb      a4, 0(a5)
core   0: 3 0x000000008000fef8 (0x00e78023) mem 0x000000008001204f 0x00
core   0: 0x000000008000fefc (0xfc843703) ld      a4, -56(s0)
core   0: 3 0x000000008000fefc (0xfc843703) x14 0x0000000080012040 mem 0x0000000080031f38
core   0: 0x000000008000ff00 (0xfb843783) ld      a5, -72(s0)
core   0: 3 0x000000008000ff00 (0xfb843783) x15 0x000000000000009c mem 0x0000000080031f28
core   0: 0x000000008000ff04 (0x000097ba) c.add   a5, a4
core   0: 3 0x000000008000ff04 (0x97ba) x15 0x00000000800120dc
core   0: 0x000000008000ff06 (0xfe043703) ld      a4, -32(s0)
core   0: 3 0x000000008000ff06 (0xfe043703) x14 0x0000000080012050 mem 0x0000000080031f50
core   0: 0x000000008000ff0a (0xfcf76de3) bltu    a4, a5, pc - 38
core   0: 3 0x000000008000ff0a (0xfcf76de3)
core   0: 0x000000008000fee4 (0xfe043783) ld      a5, -32(s0)
core   0: 3 0x000000008000fee4 (0xfe043783) x15 0x0000000080012050 mem 0x0000000080031f50
core   0: 0x000000008000fee8 (0x00178713) addi    a4, a5, 1
core   0: 3 0x000000008000fee8 (0x00178713) x14 0x0000000080012051
core   0: 0x000000008000feec (0xfee43023) sd      a4, -32(s0)
core   0: 3 0x000000008000feec (0xfee43023) mem 0x0000000080031f50 0x0000000080012051
core   0: 0x000000008000fef0 (0xfc442703) lw      a4, -60(s0)
core   0: 3 0x000000008000fef0 (0xfc442703) x14 0x0000000000000000 mem 0x0000000080031f34
core   0: 0x000000008000fef4 (0x0ff77713) andi    a4, a4, 255
core   0: 3 0x000000008000fef4 (0x0ff77713) x14 0x0000000000000000
core   0: 0x000000008000fef8 (0x00e78023) sb      a4, 0(a5)
core   0: 3 0x000000008000fef8 (0x00e78023) mem 0x0000000080012050 0x00
core   0: 0x000000008000fefc (0xfc843703) ld      a4, -56(s0)
core   0: 3 0x000000008000fefc (0xfc843703) x14 0x0000000080012040 mem 0x0000000080031f38
core   0: 0x000000008000ff00 (0xfb843783) ld      a5, -72(s0)
core   0: 3 0x000000008000ff00 (0xfb843783) x15 0x000000000000009c mem 0x0000000080031f28
core   0: 0x000000008000ff04 (0x000097ba) c.add   a5, a4
core   0: 3 0x000000008000ff04 (0x97ba) x15 0x00000000800120dc
core   0: 0x000000008000ff06 (0xfe043703) ld      a4, -32(s0)
core   0: 3 0x000000008000ff06 (0xfe043703) x14 0x0000000080012051 mem 0x0000000080031f50
core   0: 0x000000008000ff0a (0xfcf76de3) bltu    a4, a5, pc - 38
core   0: 3 0x000000008000ff0a (0xfcf76de3)
core   0: 0x000000008000fee4 (0xfe043783) ld      a5, -32(s0)
core   0: 3 0x000000008000fee4 (0xfe043783) x15 0x0000000080012051 mem 0x0000000080031f50
core   0: 0x000000008000fee8 (0x00178713) addi    a4, a5, 1
core   0: 3 0x000000008000fee8 (0x00178713) x14 0x0000000080012052
core   0: 0x000000008000feec (0xfee43023) sd      a4, -32(s0)
core   0: 3 0x000000008000feec (0xfee43023) mem 0x0000000080031f50 0x0000000080012052
core   0: 0x000000008000fef0 (0xfc442703) lw      a4, -60(s0)
core   0: 3 0x000000008000fef0 (0xfc442703) x14 0x0000000000000000 mem 0x0000000080031f34
core   0: 0x000000008000fef4 (0x0ff77713) andi    a4, a4, 255
core   0: 3 0x000000008000fef4 (0x0ff77713) x14 0x0000000000000000
core   0: 0x000000008000fef8 (0x00e78023) sb      a4, 0(a5)
core   0: 3 0x000000008000fef8 (0x00e78023) mem 0x0000000080012051 0x00
core   0: 0x000000008000fefc (0xfc843703) ld      a4, -56(s0)
core   0: 3 0x000000008000fefc (0xfc843703) x14 0x0000000080012040 mem 0x0000000080031f38
core   0: 0x000000008000ff00 (0xfb843783) ld      a5, -72(s0)
core   0: 3 0x000000008000ff00 (0xfb843783) x15 0x000000000000009c mem 0x0000000080031f28
core   0: 0x000000008000ff04 (0x000097ba) c.add   a5, a4
core   0: 3 0x000000008000ff04 (0x97ba) x15 0x00000000800120dc
core   0: 0x000000008000ff06 (0xfe043703) ld      a4, -32(s0)
core   0: 3 0x000000008000ff06 (0xfe043703) x14 0x0000000080012052 mem 0x0000000080031f50
core   0: 0x000000008000ff0a (0xfcf76de3) bltu    a4, a5, pc - 38
core   0: 3 0x000000008000ff0a (0xfcf76de3)
core   0: 0x000000008000fee4 (0xfe043783) ld      a5, -32(s0)
core   0: 3 0x000000008000fee4 (0xfe043783) x15 0x0000000080012052 mem 0x0000000080031f50
core   0: 0x000000008000fee8 (0x00178713) addi    a4, a5, 1
core   0: 3 0x000000008000fee8 (0x00178713) x14 0x0000000080012053
core   0: 0x000000008000feec (0xfee43023) sd      a4, -32(s0)
core   0: 3 0x000000008000feec (0xfee43023) mem 0x0000000080031f50 0x0000000080012053
core   0: 0x000000008000fef0 (0xfc442703) lw      a4, -60(s0)
core   0: 3 0x000000008000fef0 (0xfc442703) x14 0x0000000000000000 mem 0x0000000080031f34
core   0: 0x000000008000fef4 (0x0ff77713) andi    a4, a4, 255
core   0: 3 0x000000008000fef4 (0x0ff77713) x14 0x0000000000000000
core   0: 0x000000008000fef8 (0x00e78023) sb      a4, 0(a5)
core   0: 3 0x000000008000fef8 (0x00e78023) mem 0x0000000080012052 0x00
core   0: 0x000000008000fefc (0xfc843703) ld      a4, -56(s0)
core   0: 3 0x000000008000fefc (0xfc843703) x14 0x0000000080012040 mem 0x0000000080031f38
core   0: 0x000000008000ff00 (0xfb843783) ld      a5, -72(s0)
core   0: 3 0x000000008000ff00 (0xfb843783) x15 0x000000000000009c mem 0x0000000080031f28
core   0: 0x000000008000ff04 (0x000097ba) c.add   a5, a4
core   0: 3 0x000000008000ff04 (0x97ba) x15 0x00000000800120dc
core   0: 0x000000008000ff06 (0xfe043703) ld      a4, -32(s0)
core   0: 3 0x000000008000ff06 (0xfe043703) x14 0x0000000080012053 mem 0x0000000080031f50
core   0: 0x000000008000ff0a (0xfcf76de3) bltu    a4, a5, pc - 38
core   0: 3 0x000000008000ff0a (0xfcf76de3)
core   0: 0x000000008000fee4 (0xfe043783) ld      a5, -32(s0)
core   0: 3 0x000000008000fee4 (0xfe043783) x15 0x0000000080012053 mem 0x0000000080031f50
core   0: 0x000000008000fee8 (0x00178713) addi    a4, a5, 1
core   0: 3 0x000000008000fee8 (0x00178713) x14 0x0000000080012054
core   0: 0x000000008000feec (0xfee43023) sd      a4, -32(s0)
core   0: 3 0x000000008000feec (0xfee43023) mem 0x0000000080031f50 0x0000000080012054
core   0: 0x000000008000fef0 (0xfc442703) lw      a4, -60(s0)
core   0: 3 0x000000008000fef0 (0xfc442703) x14 0x0000000000000000 mem 0x0000000080031f34
core   0: 0x000000008000fef4 (0x0ff77713) andi    a4, a4, 255
core   0: 3 0x000000008000fef4 (0x0ff77713) x14 0x0000000000000000
core   0: 0x000000008000fef8 (0x00e78023) sb      a4, 0(a5)
core   0: 3 0x000000008000fef8 (0x00e78023) mem 0x0000000080012053 0x00
core   0: 0x000000008000fefc (0xfc843703) ld      a4, -56(s0)
core   0: 3 0x000000008000fefc (0xfc843703) x14 0x0000000080012040 mem 0x0000000080031f38
core   0: 0x000000008000ff00 (0xfb843783) ld      a5, -72(s0)
core   0: 3 0x000000008000ff00 (0xfb843783) x15 0x000000000000009c mem 0x0000000080031f28
core   0: 0x000000008000ff04 (0x000097ba) c.add   a5, a4
core   0: 3 0x000000008000ff04 (0x97ba) x15 0x00000000800120dc
core   0: 0x000000008000ff06 (0xfe043703) ld      a4, -32(s0)
core   0: 3 0x000000008000ff06 (0xfe043703) x14 0x0000000080012054 mem 0x0000000080031f50
core   0: 0x000000008000ff0a (0xfcf76de3) bltu    a4, a5, pc - 38
core   0: 3 0x000000008000ff0a (0xfcf76de3)
core   0: 0x000000008000fee4 (0xfe043783) ld      a5, -32(s0)
core   0: 3 0x000000008000fee4 (0xfe043783) x15 0x0000000080012054 mem 0x0000000080031f50
core   0: 0x000000008000fee8 (0x00178713) addi    a4, a5, 1
core   0: 3 0x000000008000fee8 (0x00178713) x14 0x0000000080012055
core   0: 0x000000008000feec (0xfee43023) sd      a4, -32(s0)
core   0: 3 0x000000008000feec (0xfee43023) mem 0x0000000080031f50 0x0000000080012055
core   0: 0x000000008000fef0 (0xfc442703) lw      a4, -60(s0)
core   0: 3 0x000000008000fef0 (0xfc442703) x14 0x0000000000000000 mem 0x0000000080031f34
core   0: 0x000000008000fef4 (0x0ff77713) andi    a4, a4, 255
core   0: 3 0x000000008000fef4 (0x0ff77713) x14 0x0000000000000000
core   0: 0x000000008000fef8 (0x00e78023) sb      a4, 0(a5)
core   0: 3 0x000000008000fef8 (0x00e78023) mem 0x0000000080012054 0x00
core   0: 0x000000008000fefc (0xfc843703) ld      a4, -56(s0)
core   0: 3 0x000000008000fefc (0xfc843703) x14 0x0000000080012040 mem 0x0000000080031f38
core   0: 0x000000008000ff00 (0xfb843783) ld      a5, -72(s0)
core   0: 3 0x000000008000ff00 (0xfb843783) x15 0x000000000000009c mem 0x0000000080031f28
core   0: 0x000000008000ff04 (0x000097ba) c.add   a5, a4
core   0: 3 0x000000008000ff04 (0x97ba) x15 0x00000000800120dc
core   0: 0x000000008000ff06 (0xfe043703) ld      a4, -32(s0)
core   0: 3 0x000000008000ff06 (0xfe043703) x14 0x0000000080012055 mem 0x0000000080031f50
core   0: 0x000000008000ff0a (0xfcf76de3) bltu    a4, a5, pc - 38
core   0: 3 0x000000008000ff0a (0xfcf76de3)
core   0: 0x000000008000fee4 (0xfe043783) ld      a5, -32(s0)
core   0: 3 0x000000008000fee4 (0xfe043783) x15 0x0000000080012055 mem 0x0000000080031f50
core   0: 0x000000008000fee8 (0x00178713) addi    a4, a5, 1
core   0: 3 0x000000008000fee8 (0x00178713) x14 0x0000000080012056
core   0: 0x000000008000feec (0xfee43023) sd      a4, -32(s0)
core   0: 3 0x000000008000feec (0xfee43023) mem 0x0000000080031f50 0x0000000080012056
core   0: 0x000000008000fef0 (0xfc442703) lw      a4, -60(s0)
core   0: 3 0x000000008000fef0 (0xfc442703) x14 0x0000000000000000 mem 0x0000000080031f34
core   0: 0x000000008000fef4 (0x0ff77713) andi    a4, a4, 255
core   0: 3 0x000000008000fef4 (0x0ff77713) x14 0x0000000000000000
core   0: 0x000000008000fef8 (0x00e78023) sb      a4, 0(a5)
core   0: 3 0x000000008000fef8 (0x00e78023) mem 0x0000000080012055 0x00
core   0: 0x000000008000fefc (0xfc843703) ld      a4, -56(s0)
core   0: 3 0x000000008000fefc (0xfc843703) x14 0x0000000080012040 mem 0x0000000080031f38
core   0: 0x000000008000ff00 (0xfb843783) ld      a5, -72(s0)
core   0: 3 0x000000008000ff00 (0xfb843783) x15 0x000000000000009c mem 0x0000000080031f28
core   0: 0x000000008000ff04 (0x000097ba) c.add   a5, a4
core   0: 3 0x000000008000ff04 (0x97ba) x15 0x00000000800120dc
core   0: 0x000000008000ff06 (0xfe043703) ld      a4, -32(s0)
core   0: 3 0x000000008000ff06 (0xfe043703) x14 0x0000000080012056 mem 0x0000000080031f50
core   0: 0x000000008000ff0a (0xfcf76de3) bltu    a4, a5, pc - 38
core   0: 3 0x000000008000ff0a (0xfcf76de3)
core   0: 0x000000008000fee4 (0xfe043783) ld      a5, -32(s0)
core   0: 3 0x000000008000fee4 (0xfe043783) x15 0x0000000080012056 mem 0x0000000080031f50
core   0: 0x000000008000fee8 (0x00178713) addi    a4, a5, 1
core   0: 3 0x000000008000fee8 (0x00178713) x14 0x0000000080012057
core   0: 0x000000008000feec (0xfee43023) sd      a4, -32(s0)
core   0: 3 0x000000008000feec (0xfee43023) mem 0x0000000080031f50 0x0000000080012057
core   0: 0x000000008000fef0 (0xfc442703) lw      a4, -60(s0)
core   0: 3 0x000000008000fef0 (0xfc442703) x14 0x0000000000000000 mem 0x0000000080031f34
core   0: 0x000000008000fef4 (0x0ff77713) andi    a4, a4, 255
core   0: 3 0x000000008000fef4 (0x0ff77713) x14 0x0000000000000000
core   0: 0x000000008000fef8 (0x00e78023) sb      a4, 0(a5)
core   0: 3 0x000000008000fef8 (0x00e78023) mem 0x0000000080012056 0x00
core   0: 0x000000008000fefc (0xfc843703) ld      a4, -56(s0)
core   0: 3 0x000000008000fefc (0xfc843703) x14 0x0000000080012040 mem 0x0000000080031f38
core   0: 0x000000008000ff00 (0xfb843783) ld      a5, -72(s0)
core   0: 3 0x000000008000ff00 (0xfb843783) x15 0x000000000000009c mem 0x0000000080031f28
core   0: 0x000000008000ff04 (0x000097ba) c.add   a5, a4
core   0: 3 0x000000008000ff04 (0x97ba) x15 0x00000000800120dc
core   0: 0x000000008000ff06 (0xfe043703) ld      a4, -32(s0)
core   0: 3 0x000000008000ff06 (0xfe043703) x14 0x0000000080012057 mem 0x0000000080031f50
core   0: 0x000000008000ff0a (0xfcf76de3) bltu    a4, a5, pc - 38
core   0: 3 0x000000008000ff0a (0xfcf76de3)
core   0: 0x000000008000fee4 (0xfe043783) ld      a5, -32(s0)
core   0: 3 0x000000008000fee4 (0xfe043783) x15 0x0000000080012057 mem 0x0000000080031f50
core   0: 0x000000008000fee8 (0x00178713) addi    a4, a5, 1
core   0: 3 0x000000008000fee8 (0x00178713) x14 0x0000000080012058
core   0: 0x000000008000feec (0xfee43023) sd      a4, -32(s0)
core   0: 3 0x000000008000feec (0xfee43023) mem 0x0000000080031f50 0x0000000080012058
core   0: 0x000000008000fef0 (0xfc442703) lw      a4, -60(s0)
core   0: 3 0x000000008000fef0 (0xfc442703) x14 0x0000000000000000 mem 0x0000000080031f34
core   0: 0x000000008000fef4 (0x0ff77713) andi    a4, a4, 255
core   0: 3 0x000000008000fef4 (0x0ff77713) x14 0x0000000000000000
core   0: 0x000000008000fef8 (0x00e78023) sb      a4, 0(a5)
core   0: 3 0x000000008000fef8 (0x00e78023) mem 0x0000000080012057 0x00
core   0: 0x000000008000fefc (0xfc843703) ld      a4, -56(s0)
core   0: 3 0x000000008000fefc (0xfc843703) x14 0x0000000080012040 mem 0x0000000080031f38
core   0: 0x000000008000ff00 (0xfb843783) ld      a5, -72(s0)
core   0: 3 0x000000008000ff00 (0xfb843783) x15 0x000000000000009c mem 0x0000000080031f28
core   0: 0x000000008000ff04 (0x000097ba) c.add   a5, a4
core   0: 3 0x000000008000ff04 (0x97ba) x15 0x00000000800120dc
core   0: 0x000000008000ff06 (0xfe043703) ld      a4, -32(s0)
core   0: 3 0x000000008000ff06 (0xfe043703) x14 0x0000000080012058 mem 0x0000000080031f50
core   0: 0x000000008000ff0a (0xfcf76de3) bltu    a4, a5, pc - 38
core   0: 3 0x000000008000ff0a (0xfcf76de3)
core   0: 0x000000008000fee4 (0xfe043783) ld      a5, -32(s0)
core   0: 3 0x000000008000fee4 (0xfe043783) x15 0x0000000080012058 mem 0x0000000080031f50
core   0: 0x000000008000fee8 (0x00178713) addi    a4, a5, 1
core   0: 3 0x000000008000fee8 (0x00178713) x14 0x0000000080012059
core   0: 0x000000008000feec (0xfee43023) sd      a4, -32(s0)
core   0: 3 0x000000008000feec (0xfee43023) mem 0x0000000080031f50 0x0000000080012059
core   0: 0x000000008000fef0 (0xfc442703) lw      a4, -60(s0)
core   0: 3 0x000000008000fef0 (0xfc442703) x14 0x0000000000000000 mem 0x0000000080031f34
core   0: 0x000000008000fef4 (0x0ff77713) andi    a4, a4, 255
core   0: 3 0x000000008000fef4 (0x0ff77713) x14 0x0000000000000000
core   0: 0x000000008000fef8 (0x00e78023) sb      a4, 0(a5)
core   0: 3 0x000000008000fef8 (0x00e78023) mem 0x0000000080012058 0x00
core   0: 0x000000008000fefc (0xfc843703) ld      a4, -56(s0)
core   0: 3 0x000000008000fefc (0xfc843703) x14 0x0000000080012040 mem 0x0000000080031f38
core   0: 0x000000008000ff00 (0xfb843783) ld      a5, -72(s0)
core   0: 3 0x000000008000ff00 (0xfb843783) x15 0x000000000000009c mem 0x0000000080031f28
core   0: 0x000000008000ff04 (0x000097ba) c.add   a5, a4
core   0: 3 0x000000008000ff04 (0x97ba) x15 0x00000000800120dc
core   0: 0x000000008000ff06 (0xfe043703) ld      a4, -32(s0)
core   0: 3 0x000000008000ff06 (0xfe043703) x14 0x0000000080012059 mem 0x0000000080031f50
core   0: 0x000000008000ff0a (0xfcf76de3) bltu    a4, a5, pc - 38
core   0: 3 0x000000008000ff0a (0xfcf76de3)
core   0: 0x000000008000fee4 (0xfe043783) ld      a5, -32(s0)
core   0: 3 0x000000008000fee4 (0xfe043783) x15 0x0000000080012059 mem 0x0000000080031f50
core   0: 0x000000008000fee8 (0x00178713) addi    a4, a5, 1
core   0: 3 0x000000008000fee8 (0x00178713) x14 0x000000008001205a
core   0: 0x000000008000feec (0xfee43023) sd      a4, -32(s0)
core   0: 3 0x000000008000feec (0xfee43023) mem 0x0000000080031f50 0x000000008001205a
core   0: 0x000000008000fef0 (0xfc442703) lw      a4, -60(s0)
core   0: 3 0x000000008000fef0 (0xfc442703) x14 0x0000000000000000 mem 0x0000000080031f34
core   0: 0x000000008000fef4 (0x0ff77713) andi    a4, a4, 255
core   0: 3 0x000000008000fef4 (0x0ff77713) x14 0x0000000000000000
core   0: 0x000000008000fef8 (0x00e78023) sb      a4, 0(a5)
core   0: 3 0x000000008000fef8 (0x00e78023) mem 0x0000000080012059 0x00
core   0: 0x000000008000fefc (0xfc843703) ld      a4, -56(s0)
core   0: 3 0x000000008000fefc (0xfc843703) x14 0x0000000080012040 mem 0x0000000080031f38
core   0: 0x000000008000ff00 (0xfb843783) ld      a5, -72(s0)
core   0: 3 0x000000008000ff00 (0xfb843783) x15 0x000000000000009c mem 0x0000000080031f28
core   0: 0x000000008000ff04 (0x000097ba) c.add   a5, a4
core   0: 3 0x000000008000ff04 (0x97ba) x15 0x00000000800120dc
core   0: 0x000000008000ff06 (0xfe043703) ld      a4, -32(s0)
core   0: 3 0x000000008000ff06 (0xfe043703) x14 0x000000008001205a mem 0x0000000080031f50
core   0: 0x000000008000ff0a (0xfcf76de3) bltu    a4, a5, pc - 38
core   0: 3 0x000000008000ff0a (0xfcf76de3)
core   0: 0x000000008000fee4 (0xfe043783) ld      a5, -32(s0)
core   0: 3 0x000000008000fee4 (0xfe043783) x15 0x000000008001205a mem 0x0000000080031f50
core   0: 0x000000008000fee8 (0x00178713) addi    a4, a5, 1
core   0: 3 0x000000008000fee8 (0x00178713) x14 0x000000008001205b
core   0: 0x000000008000feec (0xfee43023) sd      a4, -32(s0)
core   0: 3 0x000000008000feec (0xfee43023) mem 0x0000000080031f50 0x000000008001205b
core   0: 0x000000008000fef0 (0xfc442703) lw      a4, -60(s0)
core   0: 3 0x000000008000fef0 (0xfc442703) x14 0x0000000000000000 mem 0x0000000080031f34
core   0: 0x000000008000fef4 (0x0ff77713) andi    a4, a4, 255
core   0: 3 0x000000008000fef4 (0x0ff77713) x14 0x0000000000000000
core   0: 0x000000008000fef8 (0x00e78023) sb      a4, 0(a5)
core   0: 3 0x000000008000fef8 (0x00e78023) mem 0x000000008001205a 0x00
core   0: 0x000000008000fefc (0xfc843703) ld      a4, -56(s0)
core   0: 3 0x000000008000fefc (0xfc843703) x14 0x0000000080012040 mem 0x0000000080031f38
core   0: 0x000000008000ff00 (0xfb843783) ld      a5, -72(s0)
core   0: 3 0x000000008000ff00 (0xfb843783) x15 0x000000000000009c mem 0x0000000080031f28
core   0: 0x000000008000ff04 (0x000097ba) c.add   a5, a4
core   0: 3 0x000000008000ff04 (0x97ba) x15 0x00000000800120dc
core   0: 0x000000008000ff06 (0xfe043703) ld      a4, -32(s0)
core   0: 3 0x000000008000ff06 (0xfe043703) x14 0x000000008001205b mem 0x0000000080031f50
core   0: 0x000000008000ff0a (0xfcf76de3) bltu    a4, a5, pc - 38
core   0: 3 0x000000008000ff0a (0xfcf76de3)
core   0: 0x000000008000fee4 (0xfe043783) ld      a5, -32(s0)
core   0: 3 0x000000008000fee4 (0xfe043783) x15 0x000000008001205b mem 0x0000000080031f50
core   0: 0x000000008000fee8 (0x00178713) addi    a4, a5, 1
core   0: 3 0x000000008000fee8 (0x00178713) x14 0x000000008001205c
core   0: 0x000000008000feec (0xfee43023) sd      a4, -32(s0)
core   0: 3 0x000000008000feec (0xfee43023) mem 0x0000000080031f50 0x000000008001205c
core   0: 0x000000008000fef0 (0xfc442703) lw      a4, -60(s0)
core   0: 3 0x000000008000fef0 (0xfc442703) x14 0x0000000000000000 mem 0x0000000080031f34
core   0: 0x000000008000fef4 (0x0ff77713) andi    a4, a4, 255
core   0: 3 0x000000008000fef4 (0x0ff77713) x14 0x0000000000000000
core   0: 0x000000008000fef8 (0x00e78023) sb      a4, 0(a5)
core   0: 3 0x000000008000fef8 (0x00e78023) mem 0x000000008001205b 0x00
core   0: 0x000000008000fefc (0xfc843703) ld      a4, -56(s0)
core   0: 3 0x000000008000fefc (0xfc843703) x14 0x0000000080012040 mem 0x0000000080031f38
core   0: 0x000000008000ff00 (0xfb843783) ld      a5, -72(s0)
core   0: 3 0x000000008000ff00 (0xfb843783) x15 0x000000000000009c mem 0x0000000080031f28
core   0: 0x000000008000ff04 (0x000097ba) c.add   a5, a4
core   0: 3 0x000000008000ff04 (0x97ba) x15 0x00000000800120dc
core   0: 0x000000008000ff06 (0xfe043703) ld      a4, -32(s0)
core   0: 3 0x000000008000ff06 (0xfe043703) x14 0x000000008001205c mem 0x0000000080031f50
core   0: 0x000000008000ff0a (0xfcf76de3) bltu    a4, a5, pc - 38
core   0: 3 0x000000008000ff0a (0xfcf76de3)
core   0: 0x000000008000fee4 (0xfe043783) ld      a5, -32(s0)
core   0: 3 0x000000008000fee4 (0xfe043783) x15 0x000000008001205c mem 0x0000000080031f50
core   0: 0x000000008000fee8 (0x00178713) addi    a4, a5, 1
core   0: 3 0x000000008000fee8 (0x00178713) x14 0x000000008001205d
core   0: 0x000000008000feec (0xfee43023) sd      a4, -32(s0)
core   0: 3 0x000000008000feec (0xfee43023) mem 0x0000000080031f50 0x000000008001205d
core   0: 0x000000008000fef0 (0xfc442703) lw      a4, -60(s0)
core   0: 3 0x000000008000fef0 (0xfc442703) x14 0x0000000000000000 mem 0x0000000080031f34
core   0: 0x000000008000fef4 (0x0ff77713) andi    a4, a4, 255
core   0: 3 0x000000008000fef4 (0x0ff77713) x14 0x0000000000000000
core   0: 0x000000008000fef8 (0x00e78023) sb      a4, 0(a5)
core   0: 3 0x000000008000fef8 (0x00e78023) mem 0x000000008001205c 0x00
core   0: 0x000000008000fefc (0xfc843703) ld      a4, -56(s0)
core   0: 3 0x000000008000fefc (0xfc843703) x14 0x0000000080012040 mem 0x0000000080031f38
core   0: 0x000000008000ff00 (0xfb843783) ld      a5, -72(s0)
core   0: 3 0x000000008000ff00 (0xfb843783) x15 0x000000000000009c mem 0x0000000080031f28
core   0: 0x000000008000ff04 (0x000097ba) c.add   a5, a4
core   0: 3 0x000000008000ff04 (0x97ba) x15 0x00000000800120dc
core   0: 0x000000008000ff06 (0xfe043703) ld      a4, -32(s0)
core   0: 3 0x000000008000ff06 (0xfe043703) x14 0x000000008001205d mem 0x0000000080031f50
core   0: 0x000000008000ff0a (0xfcf76de3) bltu    a4, a5, pc - 38
core   0: 3 0x000000008000ff0a (0xfcf76de3)
core   0: 0x000000008000fee4 (0xfe043783) ld      a5, -32(s0)
core   0: 3 0x000000008000fee4 (0xfe043783) x15 0x000000008001205d mem 0x0000000080031f50
core   0: 0x000000008000fee8 (0x00178713) addi    a4, a5, 1
core   0: 3 0x000000008000fee8 (0x00178713) x14 0x000000008001205e
core   0: 0x000000008000feec (0xfee43023) sd      a4, -32(s0)
core   0: 3 0x000000008000feec (0xfee43023) mem 0x0000000080031f50 0x000000008001205e
core   0: 0x000000008000fef0 (0xfc442703) lw      a4, -60(s0)
core   0: 3 0x000000008000fef0 (0xfc442703) x14 0x0000000000000000 mem 0x0000000080031f34
core   0: 0x000000008000fef4 (0x0ff77713) andi    a4, a4, 255
core   0: 3 0x000000008000fef4 (0x0ff77713) x14 0x0000000000000000
core   0: 0x000000008000fef8 (0x00e78023) sb      a4, 0(a5)
core   0: 3 0x000000008000fef8 (0x00e78023) mem 0x000000008001205d 0x00
core   0: 0x000000008000fefc (0xfc843703) ld      a4, -56(s0)
core   0: 3 0x000000008000fefc (0xfc843703) x14 0x0000000080012040 mem 0x0000000080031f38
core   0: 0x000000008000ff00 (0xfb843783) ld      a5, -72(s0)
core   0: 3 0x000000008000ff00 (0xfb843783) x15 0x000000000000009c mem 0x0000000080031f28
core   0: 0x000000008000ff04 (0x000097ba) c.add   a5, a4
core   0: 3 0x000000008000ff04 (0x97ba) x15 0x00000000800120dc
core   0: 0x000000008000ff06 (0xfe043703) ld      a4, -32(s0)
core   0: 3 0x000000008000ff06 (0xfe043703) x14 0x000000008001205e mem 0x0000000080031f50
core   0: 0x000000008000ff0a (0xfcf76de3) bltu    a4, a5, pc - 38
core   0: 3 0x000000008000ff0a (0xfcf76de3)
core   0: 0x000000008000fee4 (0xfe043783) ld      a5, -32(s0)
core   0: 3 0x000000008000fee4 (0xfe043783) x15 0x000000008001205e mem 0x0000000080031f50
core   0: 0x000000008000fee8 (0x00178713) addi    a4, a5, 1
core   0: 3 0x000000008000fee8 (0x00178713) x14 0x000000008001205f
core   0: 0x000000008000feec (0xfee43023) sd      a4, -32(s0)
core   0: 3 0x000000008000feec (0xfee43023) mem 0x0000000080031f50 0x000000008001205f
core   0: 0x000000008000fef0 (0xfc442703) lw      a4, -60(s0)
core   0: 3 0x000000008000fef0 (0xfc442703) x14 0x0000000000000000 mem 0x0000000080031f34
core   0: 0x000000008000fef4 (0x0ff77713) andi    a4, a4, 255
core   0: 3 0x000000008000fef4 (0x0ff77713) x14 0x0000000000000000
core   0: 0x000000008000fef8 (0x00e78023) sb      a4, 0(a5)
core   0: 3 0x000000008000fef8 (0x00e78023) mem 0x000000008001205e 0x00
core   0: 0x000000008000fefc (0xfc843703) ld      a4, -56(s0)
core   0: 3 0x000000008000fefc (0xfc843703) x14 0x0000000080012040 mem 0x0000000080031f38
core   0: 0x000000008000ff00 (0xfb843783) ld      a5, -72(s0)
core   0: 3 0x000000008000ff00 (0xfb843783) x15 0x000000000000009c mem 0x0000000080031f28
core   0: 0x000000008000ff04 (0x000097ba) c.add   a5, a4
core   0: 3 0x000000008000ff04 (0x97ba) x15 0x00000000800120dc
core   0: 0x000000008000ff06 (0xfe043703) ld      a4, -32(s0)
core   0: 3 0x000000008000ff06 (0xfe043703) x14 0x000000008001205f mem 0x0000000080031f50
core   0: 0x000000008000ff0a (0xfcf76de3) bltu    a4, a5, pc - 38
core   0: 3 0x000000008000ff0a (0xfcf76de3)
core   0: 0x000000008000fee4 (0xfe043783) ld      a5, -32(s0)
core   0: 3 0x000000008000fee4 (0xfe043783) x15 0x000000008001205f mem 0x0000000080031f50
core   0: 0x000000008000fee8 (0x00178713) addi    a4, a5, 1
core   0: 3 0x000000008000fee8 (0x00178713) x14 0x0000000080012060
core   0: 0x000000008000feec (0xfee43023) sd      a4, -32(s0)
core   0: 3 0x000000008000feec (0xfee43023) mem 0x0000000080031f50 0x0000000080012060
core   0: 0x000000008000fef0 (0xfc442703) lw      a4, -60(s0)
core   0: 3 0x000000008000fef0 (0xfc442703) x14 0x0000000000000000 mem 0x0000000080031f34
core   0: 0x000000008000fef4 (0x0ff77713) andi    a4, a4, 255
core   0: 3 0x000000008000fef4 (0x0ff77713) x14 0x0000000000000000
core   0: 0x000000008000fef8 (0x00e78023) sb      a4, 0(a5)
core   0: 3 0x000000008000fef8 (0x00e78023) mem 0x000000008001205f 0x00
core   0: 0x000000008000fefc (0xfc843703) ld      a4, -56(s0)
core   0: 3 0x000000008000fefc (0xfc843703) x14 0x0000000080012040 mem 0x0000000080031f38
core   0: 0x000000008000ff00 (0xfb843783) ld      a5, -72(s0)
core   0: 3 0x000000008000ff00 (0xfb843783) x15 0x000000000000009c mem 0x0000000080031f28
core   0: 0x000000008000ff04 (0x000097ba) c.add   a5, a4
core   0: 3 0x000000008000ff04 (0x97ba) x15 0x00000000800120dc
core   0: 0x000000008000ff06 (0xfe043703) ld      a4, -32(s0)
core   0: 3 0x000000008000ff06 (0xfe043703) x14 0x0000000080012060 mem 0x0000000080031f50
core   0: 0x000000008000ff0a (0xfcf76de3) bltu    a4, a5, pc - 38
core   0: 3 0x000000008000ff0a (0xfcf76de3)
core   0: 0x000000008000fee4 (0xfe043783) ld      a5, -32(s0)
core   0: 3 0x000000008000fee4 (0xfe043783) x15 0x0000000080012060 mem 0x0000000080031f50
core   0: 0x000000008000fee8 (0x00178713) addi    a4, a5, 1
core   0: 3 0x000000008000fee8 (0x00178713) x14 0x0000000080012061
core   0: 0x000000008000feec (0xfee43023) sd      a4, -32(s0)
core   0: 3 0x000000008000feec (0xfee43023) mem 0x0000000080031f50 0x0000000080012061
core   0: 0x000000008000fef0 (0xfc442703) lw      a4, -60(s0)
core   0: 3 0x000000008000fef0 (0xfc442703) x14 0x0000000000000000 mem 0x0000000080031f34
core   0: 0x000000008000fef4 (0x0ff77713) andi    a4, a4, 255
core   0: 3 0x000000008000fef4 (0x0ff77713) x14 0x0000000000000000
core   0: 0x000000008000fef8 (0x00e78023) sb      a4, 0(a5)
core   0: 3 0x000000008000fef8 (0x00e78023) mem 0x0000000080012060 0x00
core   0: 0x000000008000fefc (0xfc843703) ld      a4, -56(s0)
core   0: 3 0x000000008000fefc (0xfc843703) x14 0x0000000080012040 mem 0x0000000080031f38
core   0: 0x000000008000ff00 (0xfb843783) ld      a5, -72(s0)
core   0: 3 0x000000008000ff00 (0xfb843783) x15 0x000000000000009c mem 0x0000000080031f28
core   0: 0x000000008000ff04 (0x000097ba) c.add   a5, a4
core   0: 3 0x000000008000ff04 (0x97ba) x15 0x00000000800120dc
core   0: 0x000000008000ff06 (0xfe043703) ld      a4, -32(s0)
core   0: 3 0x000000008000ff06 (0xfe043703) x14 0x0000000080012061 mem 0x0000000080031f50
core   0: 0x000000008000ff0a (0xfcf76de3) bltu    a4, a5, pc - 38
core   0: 3 0x000000008000ff0a (0xfcf76de3)
core   0: 0x000000008000fee4 (0xfe043783) ld      a5, -32(s0)
core   0: 3 0x000000008000fee4 (0xfe043783) x15 0x0000000080012061 mem 0x0000000080031f50
core   0: 0x000000008000fee8 (0x00178713) addi    a4, a5, 1
core   0: 3 0x000000008000fee8 (0x00178713) x14 0x0000000080012062
core   0: 0x000000008000feec (0xfee43023) sd      a4, -32(s0)
core   0: 3 0x000000008000feec (0xfee43023) mem 0x0000000080031f50 0x0000000080012062
core   0: 0x000000008000fef0 (0xfc442703) lw      a4, -60(s0)
core   0: 3 0x000000008000fef0 (0xfc442703) x14 0x0000000000000000 mem 0x0000000080031f34
core   0: 0x000000008000fef4 (0x0ff77713) andi    a4, a4, 255
core   0: 3 0x000000008000fef4 (0x0ff77713) x14 0x0000000000000000
core   0: 0x000000008000fef8 (0x00e78023) sb      a4, 0(a5)
core   0: 3 0x000000008000fef8 (0x00e78023) mem 0x0000000080012061 0x00
core   0: 0x000000008000fefc (0xfc843703) ld      a4, -56(s0)
core   0: 3 0x000000008000fefc (0xfc843703) x14 0x0000000080012040 mem 0x0000000080031f38
core   0: 0x000000008000ff00 (0xfb843783) ld      a5, -72(s0)
core   0: 3 0x000000008000ff00 (0xfb843783) x15 0x000000000000009c mem 0x0000000080031f28
core   0: 0x000000008000ff04 (0x000097ba) c.add   a5, a4
core   0: 3 0x000000008000ff04 (0x97ba) x15 0x00000000800120dc
core   0: 0x000000008000ff06 (0xfe043703) ld      a4, -32(s0)
core   0: 3 0x000000008000ff06 (0xfe043703) x14 0x0000000080012062 mem 0x0000000080031f50
core   0: 0x000000008000ff0a (0xfcf76de3) bltu    a4, a5, pc - 38
core   0: 3 0x000000008000ff0a (0xfcf76de3)
core   0: 0x000000008000fee4 (0xfe043783) ld      a5, -32(s0)
core   0: 3 0x000000008000fee4 (0xfe043783) x15 0x0000000080012062 mem 0x0000000080031f50
core   0: 0x000000008000fee8 (0x00178713) addi    a4, a5, 1
core   0: 3 0x000000008000fee8 (0x00178713) x14 0x0000000080012063
core   0: 0x000000008000feec (0xfee43023) sd      a4, -32(s0)
core   0: 3 0x000000008000feec (0xfee43023) mem 0x0000000080031f50 0x0000000080012063
core   0: 0x000000008000fef0 (0xfc442703) lw      a4, -60(s0)
core   0: 3 0x000000008000fef0 (0xfc442703) x14 0x0000000000000000 mem 0x0000000080031f34
core   0: 0x000000008000fef4 (0x0ff77713) andi    a4, a4, 255
core   0: 3 0x000000008000fef4 (0x0ff77713) x14 0x0000000000000000
core   0: 0x000000008000fef8 (0x00e78023) sb      a4, 0(a5)
core   0: 3 0x000000008000fef8 (0x00e78023) mem 0x0000000080012062 0x00
core   0: 0x000000008000fefc (0xfc843703) ld      a4, -56(s0)
core   0: 3 0x000000008000fefc (0xfc843703) x14 0x0000000080012040 mem 0x0000000080031f38
core   0: 0x000000008000ff00 (0xfb843783) ld      a5, -72(s0)
core   0: 3 0x000000008000ff00 (0xfb843783) x15 0x000000000000009c mem 0x0000000080031f28
core   0: 0x000000008000ff04 (0x000097ba) c.add   a5, a4
core   0: 3 0x000000008000ff04 (0x97ba) x15 0x00000000800120dc
core   0: 0x000000008000ff06 (0xfe043703) ld      a4, -32(s0)
core   0: 3 0x000000008000ff06 (0xfe043703) x14 0x0000000080012063 mem 0x0000000080031f50
core   0: 0x000000008000ff0a (0xfcf76de3) bltu    a4, a5, pc - 38
core   0: 3 0x000000008000ff0a (0xfcf76de3)
core   0: 0x000000008000fee4 (0xfe043783) ld      a5, -32(s0)
core   0: 3 0x000000008000fee4 (0xfe043783) x15 0x0000000080012063 mem 0x0000000080031f50
core   0: 0x000000008000fee8 (0x00178713) addi    a4, a5, 1
core   0: 3 0x000000008000fee8 (0x00178713) x14 0x0000000080012064
core   0: 0x000000008000feec (0xfee43023) sd      a4, -32(s0)
core   0: 3 0x000000008000feec (0xfee43023) mem 0x0000000080031f50 0x0000000080012064
core   0: 0x000000008000fef0 (0xfc442703) lw      a4, -60(s0)
core   0: 3 0x000000008000fef0 (0xfc442703) x14 0x0000000000000000 mem 0x0000000080031f34
core   0: 0x000000008000fef4 (0x0ff77713) andi    a4, a4, 255
core   0: 3 0x000000008000fef4 (0x0ff77713) x14 0x0000000000000000
core   0: 0x000000008000fef8 (0x00e78023) sb      a4, 0(a5)
core   0: 3 0x000000008000fef8 (0x00e78023) mem 0x0000000080012063 0x00
core   0: 0x000000008000fefc (0xfc843703) ld      a4, -56(s0)
core   0: 3 0x000000008000fefc (0xfc843703) x14 0x0000000080012040 mem 0x0000000080031f38
core   0: 0x000000008000ff00 (0xfb843783) ld      a5, -72(s0)
core   0: 3 0x000000008000ff00 (0xfb843783) x15 0x000000000000009c mem 0x0000000080031f28
core   0: 0x000000008000ff04 (0x000097ba) c.add   a5, a4
core   0: 3 0x000000008000ff04 (0x97ba) x15 0x00000000800120dc
core   0: 0x000000008000ff06 (0xfe043703) ld      a4, -32(s0)
core   0: 3 0x000000008000ff06 (0xfe043703) x14 0x0000000080012064 mem 0x0000000080031f50
core   0: 0x000000008000ff0a (0xfcf76de3) bltu    a4, a5, pc - 38
core   0: 3 0x000000008000ff0a (0xfcf76de3)
core   0: 0x000000008000fee4 (0xfe043783) ld      a5, -32(s0)
core   0: 3 0x000000008000fee4 (0xfe043783) x15 0x0000000080012064 mem 0x0000000080031f50
core   0: 0x000000008000fee8 (0x00178713) addi    a4, a5, 1
core   0: 3 0x000000008000fee8 (0x00178713) x14 0x0000000080012065
core   0: 0x000000008000feec (0xfee43023) sd      a4, -32(s0)
core   0: 3 0x000000008000feec (0xfee43023) mem 0x0000000080031f50 0x0000000080012065
core   0: 0x000000008000fef0 (0xfc442703) lw      a4, -60(s0)
core   0: 3 0x000000008000fef0 (0xfc442703) x14 0x0000000000000000 mem 0x0000000080031f34
core   0: 0x000000008000fef4 (0x0ff77713) andi    a4, a4, 255
core   0: 3 0x000000008000fef4 (0x0ff77713) x14 0x0000000000000000
core   0: 0x000000008000fef8 (0x00e78023) sb      a4, 0(a5)
core   0: 3 0x000000008000fef8 (0x00e78023) mem 0x0000000080012064 0x00
core   0: 0x000000008000fefc (0xfc843703) ld      a4, -56(s0)
core   0: 3 0x000000008000fefc (0xfc843703) x14 0x0000000080012040 mem 0x0000000080031f38
core   0: 0x000000008000ff00 (0xfb843783) ld      a5, -72(s0)
core   0: 3 0x000000008000ff00 (0xfb843783) x15 0x000000000000009c mem 0x0000000080031f28
core   0: 0x000000008000ff04 (0x000097ba) c.add   a5, a4
core   0: 3 0x000000008000ff04 (0x97ba) x15 0x00000000800120dc
core   0: 0x000000008000ff06 (0xfe043703) ld      a4, -32(s0)
core   0: 3 0x000000008000ff06 (0xfe043703) x14 0x0000000080012065 mem 0x0000000080031f50
core   0: 0x000000008000ff0a (0xfcf76de3) bltu    a4, a5, pc - 38
core   0: 3 0x000000008000ff0a (0xfcf76de3)
core   0: 0x000000008000fee4 (0xfe043783) ld      a5, -32(s0)
core   0: 3 0x000000008000fee4 (0xfe043783) x15 0x0000000080012065 mem 0x0000000080031f50
core   0: 0x000000008000fee8 (0x00178713) addi    a4, a5, 1
core   0: 3 0x000000008000fee8 (0x00178713) x14 0x0000000080012066
core   0: 0x000000008000feec (0xfee43023) sd      a4, -32(s0)
core   0: 3 0x000000008000feec (0xfee43023) mem 0x0000000080031f50 0x0000000080012066
core   0: 0x000000008000fef0 (0xfc442703) lw      a4, -60(s0)
core   0: 3 0x000000008000fef0 (0xfc442703) x14 0x0000000000000000 mem 0x0000000080031f34
core   0: 0x000000008000fef4 (0x0ff77713) andi    a4, a4, 255
core   0: 3 0x000000008000fef4 (0x0ff77713) x14 0x0000000000000000
core   0: 0x000000008000fef8 (0x00e78023) sb      a4, 0(a5)
core   0: 3 0x000000008000fef8 (0x00e78023) mem 0x0000000080012065 0x00
core   0: 0x000000008000fefc (0xfc843703) ld      a4, -56(s0)
core   0: 3 0x000000008000fefc (0xfc843703) x14 0x0000000080012040 mem 0x0000000080031f38
core   0: 0x000000008000ff00 (0xfb843783) ld      a5, -72(s0)
core   0: 3 0x000000008000ff00 (0xfb843783) x15 0x000000000000009c mem 0x0000000080031f28
core   0: 0x000000008000ff04 (0x000097ba) c.add   a5, a4
core   0: 3 0x000000008000ff04 (0x97ba) x15 0x00000000800120dc
core   0: 0x000000008000ff06 (0xfe043703) ld      a4, -32(s0)
core   0: 3 0x000000008000ff06 (0xfe043703) x14 0x0000000080012066 mem 0x0000000080031f50
core   0: 0x000000008000ff0a (0xfcf76de3) bltu    a4, a5, pc - 38
core   0: 3 0x000000008000ff0a (0xfcf76de3)
core   0: 0x000000008000fee4 (0xfe043783) ld      a5, -32(s0)
core   0: 3 0x000000008000fee4 (0xfe043783) x15 0x0000000080012066 mem 0x0000000080031f50
core   0: 0x000000008000fee8 (0x00178713) addi    a4, a5, 1
core   0: 3 0x000000008000fee8 (0x00178713) x14 0x0000000080012067
core   0: 0x000000008000feec (0xfee43023) sd      a4, -32(s0)
core   0: 3 0x000000008000feec (0xfee43023) mem 0x0000000080031f50 0x0000000080012067
core   0: 0x000000008000fef0 (0xfc442703) lw      a4, -60(s0)
core   0: 3 0x000000008000fef0 (0xfc442703) x14 0x0000000000000000 mem 0x0000000080031f34
core   0: 0x000000008000fef4 (0x0ff77713) andi    a4, a4, 255
core   0: 3 0x000000008000fef4 (0x0ff77713) x14 0x0000000000000000
core   0: 0x000000008000fef8 (0x00e78023) sb      a4, 0(a5)
core   0: 3 0x000000008000fef8 (0x00e78023) mem 0x0000000080012066 0x00
core   0: 0x000000008000fefc (0xfc843703) ld      a4, -56(s0)
core   0: 3 0x000000008000fefc (0xfc843703) x14 0x0000000080012040 mem 0x0000000080031f38
core   0: 0x000000008000ff00 (0xfb843783) ld      a5, -72(s0)
core   0: 3 0x000000008000ff00 (0xfb843783) x15 0x000000000000009c mem 0x0000000080031f28
core   0: 0x000000008000ff04 (0x000097ba) c.add   a5, a4
core   0: 3 0x000000008000ff04 (0x97ba) x15 0x00000000800120dc
core   0: 0x000000008000ff06 (0xfe043703) ld      a4, -32(s0)
core   0: 3 0x000000008000ff06 (0xfe043703) x14 0x0000000080012067 mem 0x0000000080031f50
core   0: 0x000000008000ff0a (0xfcf76de3) bltu    a4, a5, pc - 38
core   0: 3 0x000000008000ff0a (0xfcf76de3)
core   0: 0x000000008000fee4 (0xfe043783) ld      a5, -32(s0)
core   0: 3 0x000000008000fee4 (0xfe043783) x15 0x0000000080012067 mem 0x0000000080031f50
core   0: 0x000000008000fee8 (0x00178713) addi    a4, a5, 1
core   0: 3 0x000000008000fee8 (0x00178713) x14 0x0000000080012068
core   0: 0x000000008000feec (0xfee43023) sd      a4, -32(s0)
core   0: 3 0x000000008000feec (0xfee43023) mem 0x0000000080031f50 0x0000000080012068
core   0: 0x000000008000fef0 (0xfc442703) lw      a4, -60(s0)
core   0: 3 0x000000008000fef0 (0xfc442703) x14 0x0000000000000000 mem 0x0000000080031f34
core   0: 0x000000008000fef4 (0x0ff77713) andi    a4, a4, 255
core   0: 3 0x000000008000fef4 (0x0ff77713) x14 0x0000000000000000
core   0: 0x000000008000fef8 (0x00e78023) sb      a4, 0(a5)
core   0: 3 0x000000008000fef8 (0x00e78023) mem 0x0000000080012067 0x00
core   0: 0x000000008000fefc (0xfc843703) ld      a4, -56(s0)
core   0: 3 0x000000008000fefc (0xfc843703) x14 0x0000000080012040 mem 0x0000000080031f38
core   0: 0x000000008000ff00 (0xfb843783) ld      a5, -72(s0)
core   0: 3 0x000000008000ff00 (0xfb843783) x15 0x000000000000009c mem 0x0000000080031f28
core   0: 0x000000008000ff04 (0x000097ba) c.add   a5, a4
core   0: 3 0x000000008000ff04 (0x97ba) x15 0x00000000800120dc
core   0: 0x000000008000ff06 (0xfe043703) ld      a4, -32(s0)
core   0: 3 0x000000008000ff06 (0xfe043703) x14 0x0000000080012068 mem 0x0000000080031f50
core   0: 0x000000008000ff0a (0xfcf76de3) bltu    a4, a5, pc - 38
core   0: 3 0x000000008000ff0a (0xfcf76de3)
core   0: 0x000000008000fee4 (0xfe043783) ld      a5, -32(s0)
core   0: 3 0x000000008000fee4 (0xfe043783) x15 0x0000000080012068 mem 0x0000000080031f50
core   0: 0x000000008000fee8 (0x00178713) addi    a4, a5, 1
core   0: 3 0x000000008000fee8 (0x00178713) x14 0x0000000080012069
core   0: 0x000000008000feec (0xfee43023) sd      a4, -32(s0)
core   0: 3 0x000000008000feec (0xfee43023) mem 0x0000000080031f50 0x0000000080012069
core   0: 0x000000008000fef0 (0xfc442703) lw      a4, -60(s0)
core   0: 3 0x000000008000fef0 (0xfc442703) x14 0x0000000000000000 mem 0x0000000080031f34
core   0: 0x000000008000fef4 (0x0ff77713) andi    a4, a4, 255
core   0: 3 0x000000008000fef4 (0x0ff77713) x14 0x0000000000000000
core   0: 0x000000008000fef8 (0x00e78023) sb      a4, 0(a5)
core   0: 3 0x000000008000fef8 (0x00e78023) mem 0x0000000080012068 0x00
core   0: 0x000000008000fefc (0xfc843703) ld      a4, -56(s0)
core   0: 3 0x000000008000fefc (0xfc843703) x14 0x0000000080012040 mem 0x0000000080031f38
core   0: 0x000000008000ff00 (0xfb843783) ld      a5, -72(s0)
core   0: 3 0x000000008000ff00 (0xfb843783) x15 0x000000000000009c mem 0x0000000080031f28
core   0: 0x000000008000ff04 (0x000097ba) c.add   a5, a4
core   0: 3 0x000000008000ff04 (0x97ba) x15 0x00000000800120dc
core   0: 0x000000008000ff06 (0xfe043703) ld      a4, -32(s0)
core   0: 3 0x000000008000ff06 (0xfe043703) x14 0x0000000080012069 mem 0x0000000080031f50
core   0: 0x000000008000ff0a (0xfcf76de3) bltu    a4, a5, pc - 38
core   0: 3 0x000000008000ff0a (0xfcf76de3)
core   0: 0x000000008000fee4 (0xfe043783) ld      a5, -32(s0)
core   0: 3 0x000000008000fee4 (0xfe043783) x15 0x0000000080012069 mem 0x0000000080031f50
core   0: 0x000000008000fee8 (0x00178713) addi    a4, a5, 1
core   0: 3 0x000000008000fee8 (0x00178713) x14 0x000000008001206a
core   0: 0x000000008000feec (0xfee43023) sd      a4, -32(s0)
core   0: 3 0x000000008000feec (0xfee43023) mem 0x0000000080031f50 0x000000008001206a
core   0: 0x000000008000fef0 (0xfc442703) lw      a4, -60(s0)
core   0: 3 0x000000008000fef0 (0xfc442703) x14 0x0000000000000000 mem 0x0000000080031f34
core   0: 0x000000008000fef4 (0x0ff77713) andi    a4, a4, 255
core   0: 3 0x000000008000fef4 (0x0ff77713) x14 0x0000000000000000
core   0: 0x000000008000fef8 (0x00e78023) sb      a4, 0(a5)
core   0: 3 0x000000008000fef8 (0x00e78023) mem 0x0000000080012069 0x00
core   0: 0x000000008000fefc (0xfc843703) ld      a4, -56(s0)
core   0: 3 0x000000008000fefc (0xfc843703) x14 0x0000000080012040 mem 0x0000000080031f38
core   0: 0x000000008000ff00 (0xfb843783) ld      a5, -72(s0)
core   0: 3 0x000000008000ff00 (0xfb843783) x15 0x000000000000009c mem 0x0000000080031f28
core   0: 0x000000008000ff04 (0x000097ba) c.add   a5, a4
core   0: 3 0x000000008000ff04 (0x97ba) x15 0x00000000800120dc
core   0: 0x000000008000ff06 (0xfe043703) ld      a4, -32(s0)
core   0: 3 0x000000008000ff06 (0xfe043703) x14 0x000000008001206a mem 0x0000000080031f50
core   0: 0x000000008000ff0a (0xfcf76de3) bltu    a4, a5, pc - 38
core   0: 3 0x000000008000ff0a (0xfcf76de3)
core   0: 0x000000008000fee4 (0xfe043783) ld      a5, -32(s0)
core   0: 3 0x000000008000fee4 (0xfe043783) x15 0x000000008001206a mem 0x0000000080031f50
core   0: 0x000000008000fee8 (0x00178713) addi    a4, a5, 1
core   0: 3 0x000000008000fee8 (0x00178713) x14 0x000000008001206b
core   0: 0x000000008000feec (0xfee43023) sd      a4, -32(s0)
core   0: 3 0x000000008000feec (0xfee43023) mem 0x0000000080031f50 0x000000008001206b
core   0: 0x000000008000fef0 (0xfc442703) lw      a4, -60(s0)
core   0: 3 0x000000008000fef0 (0xfc442703) x14 0x0000000000000000 mem 0x0000000080031f34
core   0: 0x000000008000fef4 (0x0ff77713) andi    a4, a4, 255
core   0: 3 0x000000008000fef4 (0x0ff77713) x14 0x0000000000000000
core   0: 0x000000008000fef8 (0x00e78023) sb      a4, 0(a5)
core   0: 3 0x000000008000fef8 (0x00e78023) mem 0x000000008001206a 0x00
core   0: 0x000000008000fefc (0xfc843703) ld      a4, -56(s0)
core   0: 3 0x000000008000fefc (0xfc843703) x14 0x0000000080012040 mem 0x0000000080031f38
core   0: 0x000000008000ff00 (0xfb843783) ld      a5, -72(s0)
core   0: 3 0x000000008000ff00 (0xfb843783) x15 0x000000000000009c mem 0x0000000080031f28
core   0: 0x000000008000ff04 (0x000097ba) c.add   a5, a4
core   0: 3 0x000000008000ff04 (0x97ba) x15 0x00000000800120dc
core   0: 0x000000008000ff06 (0xfe043703) ld      a4, -32(s0)
core   0: 3 0x000000008000ff06 (0xfe043703) x14 0x000000008001206b mem 0x0000000080031f50
core   0: 0x000000008000ff0a (0xfcf76de3) bltu    a4, a5, pc - 38
core   0: 3 0x000000008000ff0a (0xfcf76de3)
core   0: 0x000000008000fee4 (0xfe043783) ld      a5, -32(s0)
core   0: 3 0x000000008000fee4 (0xfe043783) x15 0x000000008001206b mem 0x0000000080031f50
core   0: 0x000000008000fee8 (0x00178713) addi    a4, a5, 1
core   0: 3 0x000000008000fee8 (0x00178713) x14 0x000000008001206c
core   0: 0x000000008000feec (0xfee43023) sd      a4, -32(s0)
core   0: 3 0x000000008000feec (0xfee43023) mem 0x0000000080031f50 0x000000008001206c
core   0: 0x000000008000fef0 (0xfc442703) lw      a4, -60(s0)
core   0: 3 0x000000008000fef0 (0xfc442703) x14 0x0000000000000000 mem 0x0000000080031f34
core   0: 0x000000008000fef4 (0x0ff77713) andi    a4, a4, 255
core   0: 3 0x000000008000fef4 (0x0ff77713) x14 0x0000000000000000
core   0: 0x000000008000fef8 (0x00e78023) sb      a4, 0(a5)
core   0: 3 0x000000008000fef8 (0x00e78023) mem 0x000000008001206b 0x00
core   0: 0x000000008000fefc (0xfc843703) ld      a4, -56(s0)
core   0: 3 0x000000008000fefc (0xfc843703) x14 0x0000000080012040 mem 0x0000000080031f38
core   0: 0x000000008000ff00 (0xfb843783) ld      a5, -72(s0)
core   0: 3 0x000000008000ff00 (0xfb843783) x15 0x000000000000009c mem 0x0000000080031f28
core   0: 0x000000008000ff04 (0x000097ba) c.add   a5, a4
core   0: 3 0x000000008000ff04 (0x97ba) x15 0x00000000800120dc
core   0: 0x000000008000ff06 (0xfe043703) ld      a4, -32(s0)
core   0: 3 0x000000008000ff06 (0xfe043703) x14 0x000000008001206c mem 0x0000000080031f50
core   0: 0x000000008000ff0a (0xfcf76de3) bltu    a4, a5, pc - 38
core   0: 3 0x000000008000ff0a (0xfcf76de3)
core   0: 0x000000008000fee4 (0xfe043783) ld      a5, -32(s0)
core   0: 3 0x000000008000fee4 (0xfe043783) x15 0x000000008001206c mem 0x0000000080031f50
core   0: 0x000000008000fee8 (0x00178713) addi    a4, a5, 1
core   0: 3 0x000000008000fee8 (0x00178713) x14 0x000000008001206d
core   0: 0x000000008000feec (0xfee43023) sd      a4, -32(s0)
core   0: 3 0x000000008000feec (0xfee43023) mem 0x0000000080031f50 0x000000008001206d
core   0: 0x000000008000fef0 (0xfc442703) lw      a4, -60(s0)
core   0: 3 0x000000008000fef0 (0xfc442703) x14 0x0000000000000000 mem 0x0000000080031f34
core   0: 0x000000008000fef4 (0x0ff77713) andi    a4, a4, 255
core   0: 3 0x000000008000fef4 (0x0ff77713) x14 0x0000000000000000
core   0: 0x000000008000fef8 (0x00e78023) sb      a4, 0(a5)
core   0: 3 0x000000008000fef8 (0x00e78023) mem 0x000000008001206c 0x00
core   0: 0x000000008000fefc (0xfc843703) ld      a4, -56(s0)
core   0: 3 0x000000008000fefc (0xfc843703) x14 0x0000000080012040 mem 0x0000000080031f38
core   0: 0x000000008000ff00 (0xfb843783) ld      a5, -72(s0)
core   0: 3 0x000000008000ff00 (0xfb843783) x15 0x000000000000009c mem 0x0000000080031f28
core   0: 0x000000008000ff04 (0x000097ba) c.add   a5, a4
core   0: 3 0x000000008000ff04 (0x97ba) x15 0x00000000800120dc
core   0: 0x000000008000ff06 (0xfe043703) ld      a4, -32(s0)
core   0: 3 0x000000008000ff06 (0xfe043703) x14 0x000000008001206d mem 0x0000000080031f50
core   0: 0x000000008000ff0a (0xfcf76de3) bltu    a4, a5, pc - 38
core   0: 3 0x000000008000ff0a (0xfcf76de3)
core   0: 0x000000008000fee4 (0xfe043783) ld      a5, -32(s0)
core   0: 3 0x000000008000fee4 (0xfe043783) x15 0x000000008001206d mem 0x0000000080031f50
core   0: 0x000000008000fee8 (0x00178713) addi    a4, a5, 1
core   0: 3 0x000000008000fee8 (0x00178713) x14 0x000000008001206e
core   0: 0x000000008000feec (0xfee43023) sd      a4, -32(s0)
core   0: 3 0x000000008000feec (0xfee43023) mem 0x0000000080031f50 0x000000008001206e
core   0: 0x000000008000fef0 (0xfc442703) lw      a4, -60(s0)
core   0: 3 0x000000008000fef0 (0xfc442703) x14 0x0000000000000000 mem 0x0000000080031f34
core   0: 0x000000008000fef4 (0x0ff77713) andi    a4, a4, 255
core   0: 3 0x000000008000fef4 (0x0ff77713) x14 0x0000000000000000
core   0: 0x000000008000fef8 (0x00e78023) sb      a4, 0(a5)
core   0: 3 0x000000008000fef8 (0x00e78023) mem 0x000000008001206d 0x00
core   0: 0x000000008000fefc (0xfc843703) ld      a4, -56(s0)
core   0: 3 0x000000008000fefc (0xfc843703) x14 0x0000000080012040 mem 0x0000000080031f38
core   0: 0x000000008000ff00 (0xfb843783) ld      a5, -72(s0)
core   0: 3 0x000000008000ff00 (0xfb843783) x15 0x000000000000009c mem 0x0000000080031f28
core   0: 0x000000008000ff04 (0x000097ba) c.add   a5, a4
core   0: 3 0x000000008000ff04 (0x97ba) x15 0x00000000800120dc
core   0: 0x000000008000ff06 (0xfe043703) ld      a4, -32(s0)
core   0: 3 0x000000008000ff06 (0xfe043703) x14 0x000000008001206e mem 0x0000000080031f50
core   0: 0x000000008000ff0a (0xfcf76de3) bltu    a4, a5, pc - 38
core   0: 3 0x000000008000ff0a (0xfcf76de3)
core   0: 0x000000008000fee4 (0xfe043783) ld      a5, -32(s0)
core   0: 3 0x000000008000fee4 (0xfe043783) x15 0x000000008001206e mem 0x0000000080031f50
core   0: 0x000000008000fee8 (0x00178713) addi    a4, a5, 1
core   0: 3 0x000000008000fee8 (0x00178713) x14 0x000000008001206f
core   0: 0x000000008000feec (0xfee43023) sd      a4, -32(s0)
core   0: 3 0x000000008000feec (0xfee43023) mem 0x0000000080031f50 0x000000008001206f
core   0: 0x000000008000fef0 (0xfc442703) lw      a4, -60(s0)
core   0: 3 0x000000008000fef0 (0xfc442703) x14 0x0000000000000000 mem 0x0000000080031f34
core   0: 0x000000008000fef4 (0x0ff77713) andi    a4, a4, 255
core   0: 3 0x000000008000fef4 (0x0ff77713) x14 0x0000000000000000
core   0: 0x000000008000fef8 (0x00e78023) sb      a4, 0(a5)
core   0: 3 0x000000008000fef8 (0x00e78023) mem 0x000000008001206e 0x00
core   0: 0x000000008000fefc (0xfc843703) ld      a4, -56(s0)
core   0: 3 0x000000008000fefc (0xfc843703) x14 0x0000000080012040 mem 0x0000000080031f38
core   0: 0x000000008000ff00 (0xfb843783) ld      a5, -72(s0)
core   0: 3 0x000000008000ff00 (0xfb843783) x15 0x000000000000009c mem 0x0000000080031f28
core   0: 0x000000008000ff04 (0x000097ba) c.add   a5, a4
core   0: 3 0x000000008000ff04 (0x97ba) x15 0x00000000800120dc
core   0: 0x000000008000ff06 (0xfe043703) ld      a4, -32(s0)
core   0: 3 0x000000008000ff06 (0xfe043703) x14 0x000000008001206f mem 0x0000000080031f50
core   0: 0x000000008000ff0a (0xfcf76de3) bltu    a4, a5, pc - 38
core   0: 3 0x000000008000ff0a (0xfcf76de3)
core   0: 0x000000008000fee4 (0xfe043783) ld      a5, -32(s0)
core   0: 3 0x000000008000fee4 (0xfe043783) x15 0x000000008001206f mem 0x0000000080031f50
core   0: 0x000000008000fee8 (0x00178713) addi    a4, a5, 1
core   0: 3 0x000000008000fee8 (0x00178713) x14 0x0000000080012070
core   0: 0x000000008000feec (0xfee43023) sd      a4, -32(s0)
core   0: 3 0x000000008000feec (0xfee43023) mem 0x0000000080031f50 0x0000000080012070
core   0: 0x000000008000fef0 (0xfc442703) lw      a4, -60(s0)
core   0: 3 0x000000008000fef0 (0xfc442703) x14 0x0000000000000000 mem 0x0000000080031f34
core   0: 0x000000008000fef4 (0x0ff77713) andi    a4, a4, 255
core   0: 3 0x000000008000fef4 (0x0ff77713) x14 0x0000000000000000
core   0: 0x000000008000fef8 (0x00e78023) sb      a4, 0(a5)
core   0: 3 0x000000008000fef8 (0x00e78023) mem 0x000000008001206f 0x00
core   0: 0x000000008000fefc (0xfc843703) ld      a4, -56(s0)
core   0: 3 0x000000008000fefc (0xfc843703) x14 0x0000000080012040 mem 0x0000000080031f38
core   0: 0x000000008000ff00 (0xfb843783) ld      a5, -72(s0)
core   0: 3 0x000000008000ff00 (0xfb843783) x15 0x000000000000009c mem 0x0000000080031f28
core   0: 0x000000008000ff04 (0x000097ba) c.add   a5, a4
core   0: 3 0x000000008000ff04 (0x97ba) x15 0x00000000800120dc
core   0: 0x000000008000ff06 (0xfe043703) ld      a4, -32(s0)
core   0: 3 0x000000008000ff06 (0xfe043703) x14 0x0000000080012070 mem 0x0000000080031f50
core   0: 0x000000008000ff0a (0xfcf76de3) bltu    a4, a5, pc - 38
core   0: 3 0x000000008000ff0a (0xfcf76de3)
core   0: 0x000000008000fee4 (0xfe043783) ld      a5, -32(s0)
core   0: 3 0x000000008000fee4 (0xfe043783) x15 0x0000000080012070 mem 0x0000000080031f50
core   0: 0x000000008000fee8 (0x00178713) addi    a4, a5, 1
core   0: 3 0x000000008000fee8 (0x00178713) x14 0x0000000080012071
core   0: 0x000000008000feec (0xfee43023) sd      a4, -32(s0)
core   0: 3 0x000000008000feec (0xfee43023) mem 0x0000000080031f50 0x0000000080012071
core   0: 0x000000008000fef0 (0xfc442703) lw      a4, -60(s0)
core   0: 3 0x000000008000fef0 (0xfc442703) x14 0x0000000000000000 mem 0x0000000080031f34
core   0: 0x000000008000fef4 (0x0ff77713) andi    a4, a4, 255
core   0: 3 0x000000008000fef4 (0x0ff77713) x14 0x0000000000000000
core   0: 0x000000008000fef8 (0x00e78023) sb      a4, 0(a5)
core   0: 3 0x000000008000fef8 (0x00e78023) mem 0x0000000080012070 0x00
core   0: 0x000000008000fefc (0xfc843703) ld      a4, -56(s0)
core   0: 3 0x000000008000fefc (0xfc843703) x14 0x0000000080012040 mem 0x0000000080031f38
core   0: 0x000000008000ff00 (0xfb843783) ld      a5, -72(s0)
core   0: 3 0x000000008000ff00 (0xfb843783) x15 0x000000000000009c mem 0x0000000080031f28
core   0: 0x000000008000ff04 (0x000097ba) c.add   a5, a4
core   0: 3 0x000000008000ff04 (0x97ba) x15 0x00000000800120dc
core   0: 0x000000008000ff06 (0xfe043703) ld      a4, -32(s0)
core   0: 3 0x000000008000ff06 (0xfe043703) x14 0x0000000080012071 mem 0x0000000080031f50
core   0: 0x000000008000ff0a (0xfcf76de3) bltu    a4, a5, pc - 38
core   0: 3 0x000000008000ff0a (0xfcf76de3)
core   0: 0x000000008000fee4 (0xfe043783) ld      a5, -32(s0)
core   0: 3 0x000000008000fee4 (0xfe043783) x15 0x0000000080012071 mem 0x0000000080031f50
core   0: 0x000000008000fee8 (0x00178713) addi    a4, a5, 1
core   0: 3 0x000000008000fee8 (0x00178713) x14 0x0000000080012072
core   0: 0x000000008000feec (0xfee43023) sd      a4, -32(s0)
core   0: 3 0x000000008000feec (0xfee43023) mem 0x0000000080031f50 0x0000000080012072
core   0: 0x000000008000fef0 (0xfc442703) lw      a4, -60(s0)
core   0: 3 0x000000008000fef0 (0xfc442703) x14 0x0000000000000000 mem 0x0000000080031f34
core   0: 0x000000008000fef4 (0x0ff77713) andi    a4, a4, 255
core   0: 3 0x000000008000fef4 (0x0ff77713) x14 0x0000000000000000
core   0: 0x000000008000fef8 (0x00e78023) sb      a4, 0(a5)
core   0: 3 0x000000008000fef8 (0x00e78023) mem 0x0000000080012071 0x00
core   0: 0x000000008000fefc (0xfc843703) ld      a4, -56(s0)
core   0: 3 0x000000008000fefc (0xfc843703) x14 0x0000000080012040 mem 0x0000000080031f38
core   0: 0x000000008000ff00 (0xfb843783) ld      a5, -72(s0)
core   0: 3 0x000000008000ff00 (0xfb843783) x15 0x000000000000009c mem 0x0000000080031f28
core   0: 0x000000008000ff04 (0x000097ba) c.add   a5, a4
core   0: 3 0x000000008000ff04 (0x97ba) x15 0x00000000800120dc
core   0: 0x000000008000ff06 (0xfe043703) ld      a4, -32(s0)
core   0: 3 0x000000008000ff06 (0xfe043703) x14 0x0000000080012072 mem 0x0000000080031f50
core   0: 0x000000008000ff0a (0xfcf76de3) bltu    a4, a5, pc - 38
core   0: 3 0x000000008000ff0a (0xfcf76de3)
core   0: 0x000000008000fee4 (0xfe043783) ld      a5, -32(s0)
core   0: 3 0x000000008000fee4 (0xfe043783) x15 0x0000000080012072 mem 0x0000000080031f50
core   0: 0x000000008000fee8 (0x00178713) addi    a4, a5, 1
core   0: 3 0x000000008000fee8 (0x00178713) x14 0x0000000080012073
core   0: 0x000000008000feec (0xfee43023) sd      a4, -32(s0)
core   0: 3 0x000000008000feec (0xfee43023) mem 0x0000000080031f50 0x0000000080012073
core   0: 0x000000008000fef0 (0xfc442703) lw      a4, -60(s0)
core   0: 3 0x000000008000fef0 (0xfc442703) x14 0x0000000000000000 mem 0x0000000080031f34
core   0: 0x000000008000fef4 (0x0ff77713) andi    a4, a4, 255
core   0: 3 0x000000008000fef4 (0x0ff77713) x14 0x0000000000000000
core   0: 0x000000008000fef8 (0x00e78023) sb      a4, 0(a5)
core   0: 3 0x000000008000fef8 (0x00e78023) mem 0x0000000080012072 0x00
core   0: 0x000000008000fefc (0xfc843703) ld      a4, -56(s0)
core   0: 3 0x000000008000fefc (0xfc843703) x14 0x0000000080012040 mem 0x0000000080031f38
core   0: 0x000000008000ff00 (0xfb843783) ld      a5, -72(s0)
core   0: 3 0x000000008000ff00 (0xfb843783) x15 0x000000000000009c mem 0x0000000080031f28
core   0: 0x000000008000ff04 (0x000097ba) c.add   a5, a4
core   0: 3 0x000000008000ff04 (0x97ba) x15 0x00000000800120dc
core   0: 0x000000008000ff06 (0xfe043703) ld      a4, -32(s0)
core   0: 3 0x000000008000ff06 (0xfe043703) x14 0x0000000080012073 mem 0x0000000080031f50
core   0: 0x000000008000ff0a (0xfcf76de3) bltu    a4, a5, pc - 38
core   0: 3 0x000000008000ff0a (0xfcf76de3)
core   0: 0x000000008000fee4 (0xfe043783) ld      a5, -32(s0)
core   0: 3 0x000000008000fee4 (0xfe043783) x15 0x0000000080012073 mem 0x0000000080031f50
core   0: 0x000000008000fee8 (0x00178713) addi    a4, a5, 1
core   0: 3 0x000000008000fee8 (0x00178713) x14 0x0000000080012074
core   0: 0x000000008000feec (0xfee43023) sd      a4, -32(s0)
core   0: 3 0x000000008000feec (0xfee43023) mem 0x0000000080031f50 0x0000000080012074
core   0: 0x000000008000fef0 (0xfc442703) lw      a4, -60(s0)
core   0: 3 0x000000008000fef0 (0xfc442703) x14 0x0000000000000000 mem 0x0000000080031f34
core   0: 0x000000008000fef4 (0x0ff77713) andi    a4, a4, 255
core   0: 3 0x000000008000fef4 (0x0ff77713) x14 0x0000000000000000
core   0: 0x000000008000fef8 (0x00e78023) sb      a4, 0(a5)
core   0: 3 0x000000008000fef8 (0x00e78023) mem 0x0000000080012073 0x00
core   0: 0x000000008000fefc (0xfc843703) ld      a4, -56(s0)
core   0: 3 0x000000008000fefc (0xfc843703) x14 0x0000000080012040 mem 0x0000000080031f38
core   0: 0x000000008000ff00 (0xfb843783) ld      a5, -72(s0)
core   0: 3 0x000000008000ff00 (0xfb843783) x15 0x000000000000009c mem 0x0000000080031f28
core   0: 0x000000008000ff04 (0x000097ba) c.add   a5, a4
core   0: 3 0x000000008000ff04 (0x97ba) x15 0x00000000800120dc
core   0: 0x000000008000ff06 (0xfe043703) ld      a4, -32(s0)
core   0: 3 0x000000008000ff06 (0xfe043703) x14 0x0000000080012074 mem 0x0000000080031f50
core   0: 0x000000008000ff0a (0xfcf76de3) bltu    a4, a5, pc - 38
core   0: 3 0x000000008000ff0a (0xfcf76de3)
core   0: 0x000000008000fee4 (0xfe043783) ld      a5, -32(s0)
core   0: 3 0x000000008000fee4 (0xfe043783) x15 0x0000000080012074 mem 0x0000000080031f50
core   0: 0x000000008000fee8 (0x00178713) addi    a4, a5, 1
core   0: 3 0x000000008000fee8 (0x00178713) x14 0x0000000080012075
core   0: 0x000000008000feec (0xfee43023) sd      a4, -32(s0)
core   0: 3 0x000000008000feec (0xfee43023) mem 0x0000000080031f50 0x0000000080012075
core   0: 0x000000008000fef0 (0xfc442703) lw      a4, -60(s0)
core   0: 3 0x000000008000fef0 (0xfc442703) x14 0x0000000000000000 mem 0x0000000080031f34
core   0: 0x000000008000fef4 (0x0ff77713) andi    a4, a4, 255
core   0: 3 0x000000008000fef4 (0x0ff77713) x14 0x0000000000000000
core   0: 0x000000008000fef8 (0x00e78023) sb      a4, 0(a5)
core   0: 3 0x000000008000fef8 (0x00e78023) mem 0x0000000080012074 0x00
core   0: 0x000000008000fefc (0xfc843703) ld      a4, -56(s0)
core   0: 3 0x000000008000fefc (0xfc843703) x14 0x0000000080012040 mem 0x0000000080031f38
core   0: 0x000000008000ff00 (0xfb843783) ld      a5, -72(s0)
core   0: 3 0x000000008000ff00 (0xfb843783) x15 0x000000000000009c mem 0x0000000080031f28
core   0: 0x000000008000ff04 (0x000097ba) c.add   a5, a4
core   0: 3 0x000000008000ff04 (0x97ba) x15 0x00000000800120dc
core   0: 0x000000008000ff06 (0xfe043703) ld      a4, -32(s0)
core   0: 3 0x000000008000ff06 (0xfe043703) x14 0x0000000080012075 mem 0x0000000080031f50
core   0: 0x000000008000ff0a (0xfcf76de3) bltu    a4, a5, pc - 38
core   0: 3 0x000000008000ff0a (0xfcf76de3)
core   0: 0x000000008000fee4 (0xfe043783) ld      a5, -32(s0)
core   0: 3 0x000000008000fee4 (0xfe043783) x15 0x0000000080012075 mem 0x0000000080031f50
core   0: 0x000000008000fee8 (0x00178713) addi    a4, a5, 1
core   0: 3 0x000000008000fee8 (0x00178713) x14 0x0000000080012076
core   0: 0x000000008000feec (0xfee43023) sd      a4, -32(s0)
core   0: 3 0x000000008000feec (0xfee43023) mem 0x0000000080031f50 0x0000000080012076
core   0: 0x000000008000fef0 (0xfc442703) lw      a4, -60(s0)
core   0: 3 0x000000008000fef0 (0xfc442703) x14 0x0000000000000000 mem 0x0000000080031f34
core   0: 0x000000008000fef4 (0x0ff77713) andi    a4, a4, 255
core   0: 3 0x000000008000fef4 (0x0ff77713) x14 0x0000000000000000
core   0: 0x000000008000fef8 (0x00e78023) sb      a4, 0(a5)
core   0: 3 0x000000008000fef8 (0x00e78023) mem 0x0000000080012075 0x00
core   0: 0x000000008000fefc (0xfc843703) ld      a4, -56(s0)
core   0: 3 0x000000008000fefc (0xfc843703) x14 0x0000000080012040 mem 0x0000000080031f38
core   0: 0x000000008000ff00 (0xfb843783) ld      a5, -72(s0)
core   0: 3 0x000000008000ff00 (0xfb843783) x15 0x000000000000009c mem 0x0000000080031f28
core   0: 0x000000008000ff04 (0x000097ba) c.add   a5, a4
core   0: 3 0x000000008000ff04 (0x97ba) x15 0x00000000800120dc
core   0: 0x000000008000ff06 (0xfe043703) ld      a4, -32(s0)
core   0: 3 0x000000008000ff06 (0xfe043703) x14 0x0000000080012076 mem 0x0000000080031f50
core   0: 0x000000008000ff0a (0xfcf76de3) bltu    a4, a5, pc - 38
core   0: 3 0x000000008000ff0a (0xfcf76de3)
core   0: 0x000000008000fee4 (0xfe043783) ld      a5, -32(s0)
core   0: 3 0x000000008000fee4 (0xfe043783) x15 0x0000000080012076 mem 0x0000000080031f50
core   0: 0x000000008000fee8 (0x00178713) addi    a4, a5, 1
core   0: 3 0x000000008000fee8 (0x00178713) x14 0x0000000080012077
core   0: 0x000000008000feec (0xfee43023) sd      a4, -32(s0)
core   0: 3 0x000000008000feec (0xfee43023) mem 0x0000000080031f50 0x0000000080012077
core   0: 0x000000008000fef0 (0xfc442703) lw      a4, -60(s0)
core   0: 3 0x000000008000fef0 (0xfc442703) x14 0x0000000000000000 mem 0x0000000080031f34
core   0: 0x000000008000fef4 (0x0ff77713) andi    a4, a4, 255
core   0: 3 0x000000008000fef4 (0x0ff77713) x14 0x0000000000000000
core   0: 0x000000008000fef8 (0x00e78023) sb      a4, 0(a5)
core   0: 3 0x000000008000fef8 (0x00e78023) mem 0x0000000080012076 0x00
core   0: 0x000000008000fefc (0xfc843703) ld      a4, -56(s0)
core   0: 3 0x000000008000fefc (0xfc843703) x14 0x0000000080012040 mem 0x0000000080031f38
core   0: 0x000000008000ff00 (0xfb843783) ld      a5, -72(s0)
core   0: 3 0x000000008000ff00 (0xfb843783) x15 0x000000000000009c mem 0x0000000080031f28
core   0: 0x000000008000ff04 (0x000097ba) c.add   a5, a4
core   0: 3 0x000000008000ff04 (0x97ba) x15 0x00000000800120dc
core   0: 0x000000008000ff06 (0xfe043703) ld      a4, -32(s0)
core   0: 3 0x000000008000ff06 (0xfe043703) x14 0x0000000080012077 mem 0x0000000080031f50
core   0: 0x000000008000ff0a (0xfcf76de3) bltu    a4, a5, pc - 38
core   0: 3 0x000000008000ff0a (0xfcf76de3)
core   0: 0x000000008000fee4 (0xfe043783) ld      a5, -32(s0)
core   0: 3 0x000000008000fee4 (0xfe043783) x15 0x0000000080012077 mem 0x0000000080031f50
core   0: 0x000000008000fee8 (0x00178713) addi    a4, a5, 1
core   0: 3 0x000000008000fee8 (0x00178713) x14 0x0000000080012078
core   0: 0x000000008000feec (0xfee43023) sd      a4, -32(s0)
core   0: 3 0x000000008000feec (0xfee43023) mem 0x0000000080031f50 0x0000000080012078
core   0: 0x000000008000fef0 (0xfc442703) lw      a4, -60(s0)
core   0: 3 0x000000008000fef0 (0xfc442703) x14 0x0000000000000000 mem 0x0000000080031f34
core   0: 0x000000008000fef4 (0x0ff77713) andi    a4, a4, 255
core   0: 3 0x000000008000fef4 (0x0ff77713) x14 0x0000000000000000
core   0: 0x000000008000fef8 (0x00e78023) sb      a4, 0(a5)
core   0: 3 0x000000008000fef8 (0x00e78023) mem 0x0000000080012077 0x00
core   0: 0x000000008000fefc (0xfc843703) ld      a4, -56(s0)
core   0: 3 0x000000008000fefc (0xfc843703) x14 0x0000000080012040 mem 0x0000000080031f38
core   0: 0x000000008000ff00 (0xfb843783) ld      a5, -72(s0)
core   0: 3 0x000000008000ff00 (0xfb843783) x15 0x000000000000009c mem 0x0000000080031f28
core   0: 0x000000008000ff04 (0x000097ba) c.add   a5, a4
core   0: 3 0x000000008000ff04 (0x97ba) x15 0x00000000800120dc
core   0: 0x000000008000ff06 (0xfe043703) ld      a4, -32(s0)
core   0: 3 0x000000008000ff06 (0xfe043703) x14 0x0000000080012078 mem 0x0000000080031f50
core   0: 0x000000008000ff0a (0xfcf76de3) bltu    a4, a5, pc - 38
core   0: 3 0x000000008000ff0a (0xfcf76de3)
core   0: 0x000000008000fee4 (0xfe043783) ld      a5, -32(s0)
core   0: 3 0x000000008000fee4 (0xfe043783) x15 0x0000000080012078 mem 0x0000000080031f50
core   0: 0x000000008000fee8 (0x00178713) addi    a4, a5, 1
core   0: 3 0x000000008000fee8 (0x00178713) x14 0x0000000080012079
core   0: 0x000000008000feec (0xfee43023) sd      a4, -32(s0)
core   0: 3 0x000000008000feec (0xfee43023) mem 0x0000000080031f50 0x0000000080012079
core   0: 0x000000008000fef0 (0xfc442703) lw      a4, -60(s0)
core   0: 3 0x000000008000fef0 (0xfc442703) x14 0x0000000000000000 mem 0x0000000080031f34
core   0: 0x000000008000fef4 (0x0ff77713) andi    a4, a4, 255
core   0: 3 0x000000008000fef4 (0x0ff77713) x14 0x0000000000000000
core   0: 0x000000008000fef8 (0x00e78023) sb      a4, 0(a5)
core   0: 3 0x000000008000fef8 (0x00e78023) mem 0x0000000080012078 0x00
core   0: 0x000000008000fefc (0xfc843703) ld      a4, -56(s0)
core   0: 3 0x000000008000fefc (0xfc843703) x14 0x0000000080012040 mem 0x0000000080031f38
core   0: 0x000000008000ff00 (0xfb843783) ld      a5, -72(s0)
core   0: 3 0x000000008000ff00 (0xfb843783) x15 0x000000000000009c mem 0x0000000080031f28
core   0: 0x000000008000ff04 (0x000097ba) c.add   a5, a4
core   0: 3 0x000000008000ff04 (0x97ba) x15 0x00000000800120dc
core   0: 0x000000008000ff06 (0xfe043703) ld      a4, -32(s0)
core   0: 3 0x000000008000ff06 (0xfe043703) x14 0x0000000080012079 mem 0x0000000080031f50
core   0: 0x000000008000ff0a (0xfcf76de3) bltu    a4, a5, pc - 38
core   0: 3 0x000000008000ff0a (0xfcf76de3)
core   0: 0x000000008000fee4 (0xfe043783) ld      a5, -32(s0)
core   0: 3 0x000000008000fee4 (0xfe043783) x15 0x0000000080012079 mem 0x0000000080031f50
core   0: 0x000000008000fee8 (0x00178713) addi    a4, a5, 1
core   0: 3 0x000000008000fee8 (0x00178713) x14 0x000000008001207a
core   0: 0x000000008000feec (0xfee43023) sd      a4, -32(s0)
core   0: 3 0x000000008000feec (0xfee43023) mem 0x0000000080031f50 0x000000008001207a
core   0: 0x000000008000fef0 (0xfc442703) lw      a4, -60(s0)
core   0: 3 0x000000008000fef0 (0xfc442703) x14 0x0000000000000000 mem 0x0000000080031f34
core   0: 0x000000008000fef4 (0x0ff77713) andi    a4, a4, 255
core   0: 3 0x000000008000fef4 (0x0ff77713) x14 0x0000000000000000
core   0: 0x000000008000fef8 (0x00e78023) sb      a4, 0(a5)
core   0: 3 0x000000008000fef8 (0x00e78023) mem 0x0000000080012079 0x00
core   0: 0x000000008000fefc (0xfc843703) ld      a4, -56(s0)
core   0: 3 0x000000008000fefc (0xfc843703) x14 0x0000000080012040 mem 0x0000000080031f38
core   0: 0x000000008000ff00 (0xfb843783) ld      a5, -72(s0)
core   0: 3 0x000000008000ff00 (0xfb843783) x15 0x000000000000009c mem 0x0000000080031f28
core   0: 0x000000008000ff04 (0x000097ba) c.add   a5, a4
core   0: 3 0x000000008000ff04 (0x97ba) x15 0x00000000800120dc
core   0: 0x000000008000ff06 (0xfe043703) ld      a4, -32(s0)
core   0: 3 0x000000008000ff06 (0xfe043703) x14 0x000000008001207a mem 0x0000000080031f50
core   0: 0x000000008000ff0a (0xfcf76de3) bltu    a4, a5, pc - 38
core   0: 3 0x000000008000ff0a (0xfcf76de3)
core   0: 0x000000008000fee4 (0xfe043783) ld      a5, -32(s0)
core   0: 3 0x000000008000fee4 (0xfe043783) x15 0x000000008001207a mem 0x0000000080031f50
core   0: 0x000000008000fee8 (0x00178713) addi    a4, a5, 1
core   0: 3 0x000000008000fee8 (0x00178713) x14 0x000000008001207b
core   0: 0x000000008000feec (0xfee43023) sd      a4, -32(s0)
core   0: 3 0x000000008000feec (0xfee43023) mem 0x0000000080031f50 0x000000008001207b
core   0: 0x000000008000fef0 (0xfc442703) lw      a4, -60(s0)
core   0: 3 0x000000008000fef0 (0xfc442703) x14 0x0000000000000000 mem 0x0000000080031f34
core   0: 0x000000008000fef4 (0x0ff77713) andi    a4, a4, 255
core   0: 3 0x000000008000fef4 (0x0ff77713) x14 0x0000000000000000
core   0: 0x000000008000fef8 (0x00e78023) sb      a4, 0(a5)
core   0: 3 0x000000008000fef8 (0x00e78023) mem 0x000000008001207a 0x00
core   0: 0x000000008000fefc (0xfc843703) ld      a4, -56(s0)
core   0: 3 0x000000008000fefc (0xfc843703) x14 0x0000000080012040 mem 0x0000000080031f38
core   0: 0x000000008000ff00 (0xfb843783) ld      a5, -72(s0)
core   0: 3 0x000000008000ff00 (0xfb843783) x15 0x000000000000009c mem 0x0000000080031f28
core   0: 0x000000008000ff04 (0x000097ba) c.add   a5, a4
core   0: 3 0x000000008000ff04 (0x97ba) x15 0x00000000800120dc
core   0: 0x000000008000ff06 (0xfe043703) ld      a4, -32(s0)
core   0: 3 0x000000008000ff06 (0xfe043703) x14 0x000000008001207b mem 0x0000000080031f50
core   0: 0x000000008000ff0a (0xfcf76de3) bltu    a4, a5, pc - 38
core   0: 3 0x000000008000ff0a (0xfcf76de3)
core   0: 0x000000008000fee4 (0xfe043783) ld      a5, -32(s0)
core   0: 3 0x000000008000fee4 (0xfe043783) x15 0x000000008001207b mem 0x0000000080031f50
core   0: 0x000000008000fee8 (0x00178713) addi    a4, a5, 1
core   0: 3 0x000000008000fee8 (0x00178713) x14 0x000000008001207c
core   0: 0x000000008000feec (0xfee43023) sd      a4, -32(s0)
core   0: 3 0x000000008000feec (0xfee43023) mem 0x0000000080031f50 0x000000008001207c
core   0: 0x000000008000fef0 (0xfc442703) lw      a4, -60(s0)
core   0: 3 0x000000008000fef0 (0xfc442703) x14 0x0000000000000000 mem 0x0000000080031f34
core   0: 0x000000008000fef4 (0x0ff77713) andi    a4, a4, 255
core   0: 3 0x000000008000fef4 (0x0ff77713) x14 0x0000000000000000
core   0: 0x000000008000fef8 (0x00e78023) sb      a4, 0(a5)
core   0: 3 0x000000008000fef8 (0x00e78023) mem 0x000000008001207b 0x00
core   0: 0x000000008000fefc (0xfc843703) ld      a4, -56(s0)
core   0: 3 0x000000008000fefc (0xfc843703) x14 0x0000000080012040 mem 0x0000000080031f38
core   0: 0x000000008000ff00 (0xfb843783) ld      a5, -72(s0)
core   0: 3 0x000000008000ff00 (0xfb843783) x15 0x000000000000009c mem 0x0000000080031f28
core   0: 0x000000008000ff04 (0x000097ba) c.add   a5, a4
core   0: 3 0x000000008000ff04 (0x97ba) x15 0x00000000800120dc
core   0: 0x000000008000ff06 (0xfe043703) ld      a4, -32(s0)
core   0: 3 0x000000008000ff06 (0xfe043703) x14 0x000000008001207c mem 0x0000000080031f50
core   0: 0x000000008000ff0a (0xfcf76de3) bltu    a4, a5, pc - 38
core   0: 3 0x000000008000ff0a (0xfcf76de3)
core   0: 0x000000008000fee4 (0xfe043783) ld      a5, -32(s0)
core   0: 3 0x000000008000fee4 (0xfe043783) x15 0x000000008001207c mem 0x0000000080031f50
core   0: 0x000000008000fee8 (0x00178713) addi    a4, a5, 1
core   0: 3 0x000000008000fee8 (0x00178713) x14 0x000000008001207d
core   0: 0x000000008000feec (0xfee43023) sd      a4, -32(s0)
core   0: 3 0x000000008000feec (0xfee43023) mem 0x0000000080031f50 0x000000008001207d
core   0: 0x000000008000fef0 (0xfc442703) lw      a4, -60(s0)
core   0: 3 0x000000008000fef0 (0xfc442703) x14 0x0000000000000000 mem 0x0000000080031f34
core   0: 0x000000008000fef4 (0x0ff77713) andi    a4, a4, 255
core   0: 3 0x000000008000fef4 (0x0ff77713) x14 0x0000000000000000
core   0: 0x000000008000fef8 (0x00e78023) sb      a4, 0(a5)
core   0: 3 0x000000008000fef8 (0x00e78023) mem 0x000000008001207c 0x00
core   0: 0x000000008000fefc (0xfc843703) ld      a4, -56(s0)
core   0: 3 0x000000008000fefc (0xfc843703) x14 0x0000000080012040 mem 0x0000000080031f38
core   0: 0x000000008000ff00 (0xfb843783) ld      a5, -72(s0)
core   0: 3 0x000000008000ff00 (0xfb843783) x15 0x000000000000009c mem 0x0000000080031f28
core   0: 0x000000008000ff04 (0x000097ba) c.add   a5, a4
core   0: 3 0x000000008000ff04 (0x97ba) x15 0x00000000800120dc
core   0: 0x000000008000ff06 (0xfe043703) ld      a4, -32(s0)
core   0: 3 0x000000008000ff06 (0xfe043703) x14 0x000000008001207d mem 0x0000000080031f50
core   0: 0x000000008000ff0a (0xfcf76de3) bltu    a4, a5, pc - 38
core   0: 3 0x000000008000ff0a (0xfcf76de3)
core   0: 0x000000008000fee4 (0xfe043783) ld      a5, -32(s0)
core   0: 3 0x000000008000fee4 (0xfe043783) x15 0x000000008001207d mem 0x0000000080031f50
core   0: 0x000000008000fee8 (0x00178713) addi    a4, a5, 1
core   0: 3 0x000000008000fee8 (0x00178713) x14 0x000000008001207e
core   0: 0x000000008000feec (0xfee43023) sd      a4, -32(s0)
core   0: 3 0x000000008000feec (0xfee43023) mem 0x0000000080031f50 0x000000008001207e
core   0: 0x000000008000fef0 (0xfc442703) lw      a4, -60(s0)
core   0: 3 0x000000008000fef0 (0xfc442703) x14 0x0000000000000000 mem 0x0000000080031f34
core   0: 0x000000008000fef4 (0x0ff77713) andi    a4, a4, 255
core   0: 3 0x000000008000fef4 (0x0ff77713) x14 0x0000000000000000
core   0: 0x000000008000fef8 (0x00e78023) sb      a4, 0(a5)
core   0: 3 0x000000008000fef8 (0x00e78023) mem 0x000000008001207d 0x00
core   0: 0x000000008000fefc (0xfc843703) ld      a4, -56(s0)
core   0: 3 0x000000008000fefc (0xfc843703) x14 0x0000000080012040 mem 0x0000000080031f38
core   0: 0x000000008000ff00 (0xfb843783) ld      a5, -72(s0)
core   0: 3 0x000000008000ff00 (0xfb843783) x15 0x000000000000009c mem 0x0000000080031f28
core   0: 0x000000008000ff04 (0x000097ba) c.add   a5, a4
core   0: 3 0x000000008000ff04 (0x97ba) x15 0x00000000800120dc
core   0: 0x000000008000ff06 (0xfe043703) ld      a4, -32(s0)
core   0: 3 0x000000008000ff06 (0xfe043703) x14 0x000000008001207e mem 0x0000000080031f50
core   0: 0x000000008000ff0a (0xfcf76de3) bltu    a4, a5, pc - 38
core   0: 3 0x000000008000ff0a (0xfcf76de3)
core   0: 0x000000008000fee4 (0xfe043783) ld      a5, -32(s0)
core   0: 3 0x000000008000fee4 (0xfe043783) x15 0x000000008001207e mem 0x0000000080031f50
core   0: 0x000000008000fee8 (0x00178713) addi    a4, a5, 1
core   0: 3 0x000000008000fee8 (0x00178713) x14 0x000000008001207f
core   0: 0x000000008000feec (0xfee43023) sd      a4, -32(s0)
core   0: 3 0x000000008000feec (0xfee43023) mem 0x0000000080031f50 0x000000008001207f
core   0: 0x000000008000fef0 (0xfc442703) lw      a4, -60(s0)
core   0: 3 0x000000008000fef0 (0xfc442703) x14 0x0000000000000000 mem 0x0000000080031f34
core   0: 0x000000008000fef4 (0x0ff77713) andi    a4, a4, 255
core   0: 3 0x000000008000fef4 (0x0ff77713) x14 0x0000000000000000
core   0: 0x000000008000fef8 (0x00e78023) sb      a4, 0(a5)
core   0: 3 0x000000008000fef8 (0x00e78023) mem 0x000000008001207e 0x00
core   0: 0x000000008000fefc (0xfc843703) ld      a4, -56(s0)
core   0: 3 0x000000008000fefc (0xfc843703) x14 0x0000000080012040 mem 0x0000000080031f38
core   0: 0x000000008000ff00 (0xfb843783) ld      a5, -72(s0)
core   0: 3 0x000000008000ff00 (0xfb843783) x15 0x000000000000009c mem 0x0000000080031f28
core   0: 0x000000008000ff04 (0x000097ba) c.add   a5, a4
core   0: 3 0x000000008000ff04 (0x97ba) x15 0x00000000800120dc
core   0: 0x000000008000ff06 (0xfe043703) ld      a4, -32(s0)
core   0: 3 0x000000008000ff06 (0xfe043703) x14 0x000000008001207f mem 0x0000000080031f50
core   0: 0x000000008000ff0a (0xfcf76de3) bltu    a4, a5, pc - 38
core   0: 3 0x000000008000ff0a (0xfcf76de3)
core   0: 0x000000008000fee4 (0xfe043783) ld      a5, -32(s0)
core   0: 3 0x000000008000fee4 (0xfe043783) x15 0x000000008001207f mem 0x0000000080031f50
core   0: 0x000000008000fee8 (0x00178713) addi    a4, a5, 1
core   0: 3 0x000000008000fee8 (0x00178713) x14 0x0000000080012080
core   0: 0x000000008000feec (0xfee43023) sd      a4, -32(s0)
core   0: 3 0x000000008000feec (0xfee43023) mem 0x0000000080031f50 0x0000000080012080
core   0: 0x000000008000fef0 (0xfc442703) lw      a4, -60(s0)
core   0: 3 0x000000008000fef0 (0xfc442703) x14 0x0000000000000000 mem 0x0000000080031f34
core   0: 0x000000008000fef4 (0x0ff77713) andi    a4, a4, 255
core   0: 3 0x000000008000fef4 (0x0ff77713) x14 0x0000000000000000
core   0: 0x000000008000fef8 (0x00e78023) sb      a4, 0(a5)
core   0: 3 0x000000008000fef8 (0x00e78023) mem 0x000000008001207f 0x00
core   0: 0x000000008000fefc (0xfc843703) ld      a4, -56(s0)
core   0: 3 0x000000008000fefc (0xfc843703) x14 0x0000000080012040 mem 0x0000000080031f38
core   0: 0x000000008000ff00 (0xfb843783) ld      a5, -72(s0)
core   0: 3 0x000000008000ff00 (0xfb843783) x15 0x000000000000009c mem 0x0000000080031f28
core   0: 0x000000008000ff04 (0x000097ba) c.add   a5, a4
core   0: 3 0x000000008000ff04 (0x97ba) x15 0x00000000800120dc
core   0: 0x000000008000ff06 (0xfe043703) ld      a4, -32(s0)
core   0: 3 0x000000008000ff06 (0xfe043703) x14 0x0000000080012080 mem 0x0000000080031f50
core   0: 0x000000008000ff0a (0xfcf76de3) bltu    a4, a5, pc - 38
core   0: 3 0x000000008000ff0a (0xfcf76de3)
core   0: 0x000000008000fee4 (0xfe043783) ld      a5, -32(s0)
core   0: 3 0x000000008000fee4 (0xfe043783) x15 0x0000000080012080 mem 0x0000000080031f50
core   0: 0x000000008000fee8 (0x00178713) addi    a4, a5, 1
core   0: 3 0x000000008000fee8 (0x00178713) x14 0x0000000080012081
core   0: 0x000000008000feec (0xfee43023) sd      a4, -32(s0)
core   0: 3 0x000000008000feec (0xfee43023) mem 0x0000000080031f50 0x0000000080012081
core   0: 0x000000008000fef0 (0xfc442703) lw      a4, -60(s0)
core   0: 3 0x000000008000fef0 (0xfc442703) x14 0x0000000000000000 mem 0x0000000080031f34
core   0: 0x000000008000fef4 (0x0ff77713) andi    a4, a4, 255
core   0: 3 0x000000008000fef4 (0x0ff77713) x14 0x0000000000000000
core   0: 0x000000008000fef8 (0x00e78023) sb      a4, 0(a5)
core   0: 3 0x000000008000fef8 (0x00e78023) mem 0x0000000080012080 0x00
core   0: 0x000000008000fefc (0xfc843703) ld      a4, -56(s0)
core   0: 3 0x000000008000fefc (0xfc843703) x14 0x0000000080012040 mem 0x0000000080031f38
core   0: 0x000000008000ff00 (0xfb843783) ld      a5, -72(s0)
core   0: 3 0x000000008000ff00 (0xfb843783) x15 0x000000000000009c mem 0x0000000080031f28
core   0: 0x000000008000ff04 (0x000097ba) c.add   a5, a4
core   0: 3 0x000000008000ff04 (0x97ba) x15 0x00000000800120dc
core   0: 0x000000008000ff06 (0xfe043703) ld      a4, -32(s0)
core   0: 3 0x000000008000ff06 (0xfe043703) x14 0x0000000080012081 mem 0x0000000080031f50
core   0: 0x000000008000ff0a (0xfcf76de3) bltu    a4, a5, pc - 38
core   0: 3 0x000000008000ff0a (0xfcf76de3)
core   0: 0x000000008000fee4 (0xfe043783) ld      a5, -32(s0)
core   0: 3 0x000000008000fee4 (0xfe043783) x15 0x0000000080012081 mem 0x0000000080031f50
core   0: 0x000000008000fee8 (0x00178713) addi    a4, a5, 1
core   0: 3 0x000000008000fee8 (0x00178713) x14 0x0000000080012082
core   0: 0x000000008000feec (0xfee43023) sd      a4, -32(s0)
core   0: 3 0x000000008000feec (0xfee43023) mem 0x0000000080031f50 0x0000000080012082
core   0: 0x000000008000fef0 (0xfc442703) lw      a4, -60(s0)
core   0: 3 0x000000008000fef0 (0xfc442703) x14 0x0000000000000000 mem 0x0000000080031f34
core   0: 0x000000008000fef4 (0x0ff77713) andi    a4, a4, 255
core   0: 3 0x000000008000fef4 (0x0ff77713) x14 0x0000000000000000
core   0: 0x000000008000fef8 (0x00e78023) sb      a4, 0(a5)
core   0: 3 0x000000008000fef8 (0x00e78023) mem 0x0000000080012081 0x00
core   0: 0x000000008000fefc (0xfc843703) ld      a4, -56(s0)
core   0: 3 0x000000008000fefc (0xfc843703) x14 0x0000000080012040 mem 0x0000000080031f38
core   0: 0x000000008000ff00 (0xfb843783) ld      a5, -72(s0)
core   0: 3 0x000000008000ff00 (0xfb843783) x15 0x000000000000009c mem 0x0000000080031f28
core   0: 0x000000008000ff04 (0x000097ba) c.add   a5, a4
core   0: 3 0x000000008000ff04 (0x97ba) x15 0x00000000800120dc
core   0: 0x000000008000ff06 (0xfe043703) ld      a4, -32(s0)
core   0: 3 0x000000008000ff06 (0xfe043703) x14 0x0000000080012082 mem 0x0000000080031f50
core   0: 0x000000008000ff0a (0xfcf76de3) bltu    a4, a5, pc - 38
core   0: 3 0x000000008000ff0a (0xfcf76de3)
core   0: 0x000000008000fee4 (0xfe043783) ld      a5, -32(s0)
core   0: 3 0x000000008000fee4 (0xfe043783) x15 0x0000000080012082 mem 0x0000000080031f50
core   0: 0x000000008000fee8 (0x00178713) addi    a4, a5, 1
core   0: 3 0x000000008000fee8 (0x00178713) x14 0x0000000080012083
core   0: 0x000000008000feec (0xfee43023) sd      a4, -32(s0)
core   0: 3 0x000000008000feec (0xfee43023) mem 0x0000000080031f50 0x0000000080012083
core   0: 0x000000008000fef0 (0xfc442703) lw      a4, -60(s0)
core   0: 3 0x000000008000fef0 (0xfc442703) x14 0x0000000000000000 mem 0x0000000080031f34
core   0: 0x000000008000fef4 (0x0ff77713) andi    a4, a4, 255
core   0: 3 0x000000008000fef4 (0x0ff77713) x14 0x0000000000000000
core   0: 0x000000008000fef8 (0x00e78023) sb      a4, 0(a5)
core   0: 3 0x000000008000fef8 (0x00e78023) mem 0x0000000080012082 0x00
core   0: 0x000000008000fefc (0xfc843703) ld      a4, -56(s0)
core   0: 3 0x000000008000fefc (0xfc843703) x14 0x0000000080012040 mem 0x0000000080031f38
core   0: 0x000000008000ff00 (0xfb843783) ld      a5, -72(s0)
core   0: 3 0x000000008000ff00 (0xfb843783) x15 0x000000000000009c mem 0x0000000080031f28
core   0: 0x000000008000ff04 (0x000097ba) c.add   a5, a4
core   0: 3 0x000000008000ff04 (0x97ba) x15 0x00000000800120dc
core   0: 0x000000008000ff06 (0xfe043703) ld      a4, -32(s0)
core   0: 3 0x000000008000ff06 (0xfe043703) x14 0x0000000080012083 mem 0x0000000080031f50
core   0: 0x000000008000ff0a (0xfcf76de3) bltu    a4, a5, pc - 38
core   0: 3 0x000000008000ff0a (0xfcf76de3)
core   0: 0x000000008000fee4 (0xfe043783) ld      a5, -32(s0)
core   0: 3 0x000000008000fee4 (0xfe043783) x15 0x0000000080012083 mem 0x0000000080031f50
core   0: 0x000000008000fee8 (0x00178713) addi    a4, a5, 1
core   0: 3 0x000000008000fee8 (0x00178713) x14 0x0000000080012084
core   0: 0x000000008000feec (0xfee43023) sd      a4, -32(s0)
core   0: 3 0x000000008000feec (0xfee43023) mem 0x0000000080031f50 0x0000000080012084
core   0: 0x000000008000fef0 (0xfc442703) lw      a4, -60(s0)
core   0: 3 0x000000008000fef0 (0xfc442703) x14 0x0000000000000000 mem 0x0000000080031f34
core   0: 0x000000008000fef4 (0x0ff77713) andi    a4, a4, 255
core   0: 3 0x000000008000fef4 (0x0ff77713) x14 0x0000000000000000
core   0: 0x000000008000fef8 (0x00e78023) sb      a4, 0(a5)
core   0: 3 0x000000008000fef8 (0x00e78023) mem 0x0000000080012083 0x00
core   0: 0x000000008000fefc (0xfc843703) ld      a4, -56(s0)
core   0: 3 0x000000008000fefc (0xfc843703) x14 0x0000000080012040 mem 0x0000000080031f38
core   0: 0x000000008000ff00 (0xfb843783) ld      a5, -72(s0)
core   0: 3 0x000000008000ff00 (0xfb843783) x15 0x000000000000009c mem 0x0000000080031f28
core   0: 0x000000008000ff04 (0x000097ba) c.add   a5, a4
core   0: 3 0x000000008000ff04 (0x97ba) x15 0x00000000800120dc
core   0: 0x000000008000ff06 (0xfe043703) ld      a4, -32(s0)
core   0: 3 0x000000008000ff06 (0xfe043703) x14 0x0000000080012084 mem 0x0000000080031f50
core   0: 0x000000008000ff0a (0xfcf76de3) bltu    a4, a5, pc - 38
core   0: 3 0x000000008000ff0a (0xfcf76de3)
core   0: 0x000000008000fee4 (0xfe043783) ld      a5, -32(s0)
core   0: 3 0x000000008000fee4 (0xfe043783) x15 0x0000000080012084 mem 0x0000000080031f50
core   0: 0x000000008000fee8 (0x00178713) addi    a4, a5, 1
core   0: 3 0x000000008000fee8 (0x00178713) x14 0x0000000080012085
core   0: 0x000000008000feec (0xfee43023) sd      a4, -32(s0)
core   0: 3 0x000000008000feec (0xfee43023) mem 0x0000000080031f50 0x0000000080012085
core   0: 0x000000008000fef0 (0xfc442703) lw      a4, -60(s0)
core   0: 3 0x000000008000fef0 (0xfc442703) x14 0x0000000000000000 mem 0x0000000080031f34
core   0: 0x000000008000fef4 (0x0ff77713) andi    a4, a4, 255
core   0: 3 0x000000008000fef4 (0x0ff77713) x14 0x0000000000000000
core   0: 0x000000008000fef8 (0x00e78023) sb      a4, 0(a5)
core   0: 3 0x000000008000fef8 (0x00e78023) mem 0x0000000080012084 0x00
core   0: 0x000000008000fefc (0xfc843703) ld      a4, -56(s0)
core   0: 3 0x000000008000fefc (0xfc843703) x14 0x0000000080012040 mem 0x0000000080031f38
core   0: 0x000000008000ff00 (0xfb843783) ld      a5, -72(s0)
core   0: 3 0x000000008000ff00 (0xfb843783) x15 0x000000000000009c mem 0x0000000080031f28
core   0: 0x000000008000ff04 (0x000097ba) c.add   a5, a4
core   0: 3 0x000000008000ff04 (0x97ba) x15 0x00000000800120dc
core   0: 0x000000008000ff06 (0xfe043703) ld      a4, -32(s0)
core   0: 3 0x000000008000ff06 (0xfe043703) x14 0x0000000080012085 mem 0x0000000080031f50
core   0: 0x000000008000ff0a (0xfcf76de3) bltu    a4, a5, pc - 38
core   0: 3 0x000000008000ff0a (0xfcf76de3)
core   0: 0x000000008000fee4 (0xfe043783) ld      a5, -32(s0)
core   0: 3 0x000000008000fee4 (0xfe043783) x15 0x0000000080012085 mem 0x0000000080031f50
core   0: 0x000000008000fee8 (0x00178713) addi    a4, a5, 1
core   0: 3 0x000000008000fee8 (0x00178713) x14 0x0000000080012086
core   0: 0x000000008000feec (0xfee43023) sd      a4, -32(s0)
core   0: 3 0x000000008000feec (0xfee43023) mem 0x0000000080031f50 0x0000000080012086
core   0: 0x000000008000fef0 (0xfc442703) lw      a4, -60(s0)
core   0: 3 0x000000008000fef0 (0xfc442703) x14 0x0000000000000000 mem 0x0000000080031f34
core   0: 0x000000008000fef4 (0x0ff77713) andi    a4, a4, 255
core   0: 3 0x000000008000fef4 (0x0ff77713) x14 0x0000000000000000
core   0: 0x000000008000fef8 (0x00e78023) sb      a4, 0(a5)
core   0: 3 0x000000008000fef8 (0x00e78023) mem 0x0000000080012085 0x00
core   0: 0x000000008000fefc (0xfc843703) ld      a4, -56(s0)
core   0: 3 0x000000008000fefc (0xfc843703) x14 0x0000000080012040 mem 0x0000000080031f38
core   0: 0x000000008000ff00 (0xfb843783) ld      a5, -72(s0)
core   0: 3 0x000000008000ff00 (0xfb843783) x15 0x000000000000009c mem 0x0000000080031f28
core   0: 0x000000008000ff04 (0x000097ba) c.add   a5, a4
core   0: 3 0x000000008000ff04 (0x97ba) x15 0x00000000800120dc
core   0: 0x000000008000ff06 (0xfe043703) ld      a4, -32(s0)
core   0: 3 0x000000008000ff06 (0xfe043703) x14 0x0000000080012086 mem 0x0000000080031f50
core   0: 0x000000008000ff0a (0xfcf76de3) bltu    a4, a5, pc - 38
core   0: 3 0x000000008000ff0a (0xfcf76de3)
core   0: 0x000000008000fee4 (0xfe043783) ld      a5, -32(s0)
core   0: 3 0x000000008000fee4 (0xfe043783) x15 0x0000000080012086 mem 0x0000000080031f50
core   0: 0x000000008000fee8 (0x00178713) addi    a4, a5, 1
core   0: 3 0x000000008000fee8 (0x00178713) x14 0x0000000080012087
core   0: 0x000000008000feec (0xfee43023) sd      a4, -32(s0)
core   0: 3 0x000000008000feec (0xfee43023) mem 0x0000000080031f50 0x0000000080012087
core   0: 0x000000008000fef0 (0xfc442703) lw      a4, -60(s0)
core   0: 3 0x000000008000fef0 (0xfc442703) x14 0x0000000000000000 mem 0x0000000080031f34
core   0: 0x000000008000fef4 (0x0ff77713) andi    a4, a4, 255
core   0: 3 0x000000008000fef4 (0x0ff77713) x14 0x0000000000000000
core   0: 0x000000008000fef8 (0x00e78023) sb      a4, 0(a5)
core   0: 3 0x000000008000fef8 (0x00e78023) mem 0x0000000080012086 0x00
core   0: 0x000000008000fefc (0xfc843703) ld      a4, -56(s0)
core   0: 3 0x000000008000fefc (0xfc843703) x14 0x0000000080012040 mem 0x0000000080031f38
core   0: 0x000000008000ff00 (0xfb843783) ld      a5, -72(s0)
core   0: 3 0x000000008000ff00 (0xfb843783) x15 0x000000000000009c mem 0x0000000080031f28
core   0: 0x000000008000ff04 (0x000097ba) c.add   a5, a4
core   0: 3 0x000000008000ff04 (0x97ba) x15 0x00000000800120dc
core   0: 0x000000008000ff06 (0xfe043703) ld      a4, -32(s0)
core   0: 3 0x000000008000ff06 (0xfe043703) x14 0x0000000080012087 mem 0x0000000080031f50
core   0: 0x000000008000ff0a (0xfcf76de3) bltu    a4, a5, pc - 38
core   0: 3 0x000000008000ff0a (0xfcf76de3)
core   0: 0x000000008000fee4 (0xfe043783) ld      a5, -32(s0)
core   0: 3 0x000000008000fee4 (0xfe043783) x15 0x0000000080012087 mem 0x0000000080031f50
core   0: 0x000000008000fee8 (0x00178713) addi    a4, a5, 1
core   0: 3 0x000000008000fee8 (0x00178713) x14 0x0000000080012088
core   0: 0x000000008000feec (0xfee43023) sd      a4, -32(s0)
core   0: 3 0x000000008000feec (0xfee43023) mem 0x0000000080031f50 0x0000000080012088
core   0: 0x000000008000fef0 (0xfc442703) lw      a4, -60(s0)
core   0: 3 0x000000008000fef0 (0xfc442703) x14 0x0000000000000000 mem 0x0000000080031f34
core   0: 0x000000008000fef4 (0x0ff77713) andi    a4, a4, 255
core   0: 3 0x000000008000fef4 (0x0ff77713) x14 0x0000000000000000
core   0: 0x000000008000fef8 (0x00e78023) sb      a4, 0(a5)
core   0: 3 0x000000008000fef8 (0x00e78023) mem 0x0000000080012087 0x00
core   0: 0x000000008000fefc (0xfc843703) ld      a4, -56(s0)
core   0: 3 0x000000008000fefc (0xfc843703) x14 0x0000000080012040 mem 0x0000000080031f38
core   0: 0x000000008000ff00 (0xfb843783) ld      a5, -72(s0)
core   0: 3 0x000000008000ff00 (0xfb843783) x15 0x000000000000009c mem 0x0000000080031f28
core   0: 0x000000008000ff04 (0x000097ba) c.add   a5, a4
core   0: 3 0x000000008000ff04 (0x97ba) x15 0x00000000800120dc
core   0: 0x000000008000ff06 (0xfe043703) ld      a4, -32(s0)
core   0: 3 0x000000008000ff06 (0xfe043703) x14 0x0000000080012088 mem 0x0000000080031f50
core   0: 0x000000008000ff0a (0xfcf76de3) bltu    a4, a5, pc - 38
core   0: 3 0x000000008000ff0a (0xfcf76de3)
core   0: 0x000000008000fee4 (0xfe043783) ld      a5, -32(s0)
core   0: 3 0x000000008000fee4 (0xfe043783) x15 0x0000000080012088 mem 0x0000000080031f50
core   0: 0x000000008000fee8 (0x00178713) addi    a4, a5, 1
core   0: 3 0x000000008000fee8 (0x00178713) x14 0x0000000080012089
core   0: 0x000000008000feec (0xfee43023) sd      a4, -32(s0)
core   0: 3 0x000000008000feec (0xfee43023) mem 0x0000000080031f50 0x0000000080012089
core   0: 0x000000008000fef0 (0xfc442703) lw      a4, -60(s0)
core   0: 3 0x000000008000fef0 (0xfc442703) x14 0x0000000000000000 mem 0x0000000080031f34
core   0: 0x000000008000fef4 (0x0ff77713) andi    a4, a4, 255
core   0: 3 0x000000008000fef4 (0x0ff77713) x14 0x0000000000000000
core   0: 0x000000008000fef8 (0x00e78023) sb      a4, 0(a5)
core   0: 3 0x000000008000fef8 (0x00e78023) mem 0x0000000080012088 0x00
core   0: 0x000000008000fefc (0xfc843703) ld      a4, -56(s0)
core   0: 3 0x000000008000fefc (0xfc843703) x14 0x0000000080012040 mem 0x0000000080031f38
core   0: 0x000000008000ff00 (0xfb843783) ld      a5, -72(s0)
core   0: 3 0x000000008000ff00 (0xfb843783) x15 0x000000000000009c mem 0x0000000080031f28
core   0: 0x000000008000ff04 (0x000097ba) c.add   a5, a4
core   0: 3 0x000000008000ff04 (0x97ba) x15 0x00000000800120dc
core   0: 0x000000008000ff06 (0xfe043703) ld      a4, -32(s0)
core   0: 3 0x000000008000ff06 (0xfe043703) x14 0x0000000080012089 mem 0x0000000080031f50
core   0: 0x000000008000ff0a (0xfcf76de3) bltu    a4, a5, pc - 38
core   0: 3 0x000000008000ff0a (0xfcf76de3)
core   0: 0x000000008000fee4 (0xfe043783) ld      a5, -32(s0)
core   0: 3 0x000000008000fee4 (0xfe043783) x15 0x0000000080012089 mem 0x0000000080031f50
core   0: 0x000000008000fee8 (0x00178713) addi    a4, a5, 1
core   0: 3 0x000000008000fee8 (0x00178713) x14 0x000000008001208a
core   0: 0x000000008000feec (0xfee43023) sd      a4, -32(s0)
core   0: 3 0x000000008000feec (0xfee43023) mem 0x0000000080031f50 0x000000008001208a
core   0: 0x000000008000fef0 (0xfc442703) lw      a4, -60(s0)
core   0: 3 0x000000008000fef0 (0xfc442703) x14 0x0000000000000000 mem 0x0000000080031f34
core   0: 0x000000008000fef4 (0x0ff77713) andi    a4, a4, 255
core   0: 3 0x000000008000fef4 (0x0ff77713) x14 0x0000000000000000
core   0: 0x000000008000fef8 (0x00e78023) sb      a4, 0(a5)
core   0: 3 0x000000008000fef8 (0x00e78023) mem 0x0000000080012089 0x00
core   0: 0x000000008000fefc (0xfc843703) ld      a4, -56(s0)
core   0: 3 0x000000008000fefc (0xfc843703) x14 0x0000000080012040 mem 0x0000000080031f38
core   0: 0x000000008000ff00 (0xfb843783) ld      a5, -72(s0)
core   0: 3 0x000000008000ff00 (0xfb843783) x15 0x000000000000009c mem 0x0000000080031f28
core   0: 0x000000008000ff04 (0x000097ba) c.add   a5, a4
core   0: 3 0x000000008000ff04 (0x97ba) x15 0x00000000800120dc
core   0: 0x000000008000ff06 (0xfe043703) ld      a4, -32(s0)
core   0: 3 0x000000008000ff06 (0xfe043703) x14 0x000000008001208a mem 0x0000000080031f50
core   0: 0x000000008000ff0a (0xfcf76de3) bltu    a4, a5, pc - 38
core   0: 3 0x000000008000ff0a (0xfcf76de3)
core   0: 0x000000008000fee4 (0xfe043783) ld      a5, -32(s0)
core   0: 3 0x000000008000fee4 (0xfe043783) x15 0x000000008001208a mem 0x0000000080031f50
core   0: 0x000000008000fee8 (0x00178713) addi    a4, a5, 1
core   0: 3 0x000000008000fee8 (0x00178713) x14 0x000000008001208b
core   0: 0x000000008000feec (0xfee43023) sd      a4, -32(s0)
core   0: 3 0x000000008000feec (0xfee43023) mem 0x0000000080031f50 0x000000008001208b
core   0: 0x000000008000fef0 (0xfc442703) lw      a4, -60(s0)
core   0: 3 0x000000008000fef0 (0xfc442703) x14 0x0000000000000000 mem 0x0000000080031f34
core   0: 0x000000008000fef4 (0x0ff77713) andi    a4, a4, 255
core   0: 3 0x000000008000fef4 (0x0ff77713) x14 0x0000000000000000
core   0: 0x000000008000fef8 (0x00e78023) sb      a4, 0(a5)
core   0: 3 0x000000008000fef8 (0x00e78023) mem 0x000000008001208a 0x00
core   0: 0x000000008000fefc (0xfc843703) ld      a4, -56(s0)
core   0: 3 0x000000008000fefc (0xfc843703) x14 0x0000000080012040 mem 0x0000000080031f38
core   0: 0x000000008000ff00 (0xfb843783) ld      a5, -72(s0)
core   0: 3 0x000000008000ff00 (0xfb843783) x15 0x000000000000009c mem 0x0000000080031f28
core   0: 0x000000008000ff04 (0x000097ba) c.add   a5, a4
core   0: 3 0x000000008000ff04 (0x97ba) x15 0x00000000800120dc
core   0: 0x000000008000ff06 (0xfe043703) ld      a4, -32(s0)
core   0: 3 0x000000008000ff06 (0xfe043703) x14 0x000000008001208b mem 0x0000000080031f50
core   0: 0x000000008000ff0a (0xfcf76de3) bltu    a4, a5, pc - 38
core   0: 3 0x000000008000ff0a (0xfcf76de3)
core   0: 0x000000008000fee4 (0xfe043783) ld      a5, -32(s0)
core   0: 3 0x000000008000fee4 (0xfe043783) x15 0x000000008001208b mem 0x0000000080031f50
core   0: 0x000000008000fee8 (0x00178713) addi    a4, a5, 1
core   0: 3 0x000000008000fee8 (0x00178713) x14 0x000000008001208c
core   0: 0x000000008000feec (0xfee43023) sd      a4, -32(s0)
core   0: 3 0x000000008000feec (0xfee43023) mem 0x0000000080031f50 0x000000008001208c
core   0: 0x000000008000fef0 (0xfc442703) lw      a4, -60(s0)
core   0: 3 0x000000008000fef0 (0xfc442703) x14 0x0000000000000000 mem 0x0000000080031f34
core   0: 0x000000008000fef4 (0x0ff77713) andi    a4, a4, 255
core   0: 3 0x000000008000fef4 (0x0ff77713) x14 0x0000000000000000
core   0: 0x000000008000fef8 (0x00e78023) sb      a4, 0(a5)
core   0: 3 0x000000008000fef8 (0x00e78023) mem 0x000000008001208b 0x00
core   0: 0x000000008000fefc (0xfc843703) ld      a4, -56(s0)
core   0: 3 0x000000008000fefc (0xfc843703) x14 0x0000000080012040 mem 0x0000000080031f38
core   0: 0x000000008000ff00 (0xfb843783) ld      a5, -72(s0)
core   0: 3 0x000000008000ff00 (0xfb843783) x15 0x000000000000009c mem 0x0000000080031f28
core   0: 0x000000008000ff04 (0x000097ba) c.add   a5, a4
core   0: 3 0x000000008000ff04 (0x97ba) x15 0x00000000800120dc
core   0: 0x000000008000ff06 (0xfe043703) ld      a4, -32(s0)
core   0: 3 0x000000008000ff06 (0xfe043703) x14 0x000000008001208c mem 0x0000000080031f50
core   0: 0x000000008000ff0a (0xfcf76de3) bltu    a4, a5, pc - 38
core   0: 3 0x000000008000ff0a (0xfcf76de3)
core   0: 0x000000008000fee4 (0xfe043783) ld      a5, -32(s0)
core   0: 3 0x000000008000fee4 (0xfe043783) x15 0x000000008001208c mem 0x0000000080031f50
core   0: 0x000000008000fee8 (0x00178713) addi    a4, a5, 1
core   0: 3 0x000000008000fee8 (0x00178713) x14 0x000000008001208d
core   0: 0x000000008000feec (0xfee43023) sd      a4, -32(s0)
core   0: 3 0x000000008000feec (0xfee43023) mem 0x0000000080031f50 0x000000008001208d
core   0: 0x000000008000fef0 (0xfc442703) lw      a4, -60(s0)
core   0: 3 0x000000008000fef0 (0xfc442703) x14 0x0000000000000000 mem 0x0000000080031f34
core   0: 0x000000008000fef4 (0x0ff77713) andi    a4, a4, 255
core   0: 3 0x000000008000fef4 (0x0ff77713) x14 0x0000000000000000
core   0: 0x000000008000fef8 (0x00e78023) sb      a4, 0(a5)
core   0: 3 0x000000008000fef8 (0x00e78023) mem 0x000000008001208c 0x00
core   0: 0x000000008000fefc (0xfc843703) ld      a4, -56(s0)
core   0: 3 0x000000008000fefc (0xfc843703) x14 0x0000000080012040 mem 0x0000000080031f38
core   0: 0x000000008000ff00 (0xfb843783) ld      a5, -72(s0)
core   0: 3 0x000000008000ff00 (0xfb843783) x15 0x000000000000009c mem 0x0000000080031f28
core   0: 0x000000008000ff04 (0x000097ba) c.add   a5, a4
core   0: 3 0x000000008000ff04 (0x97ba) x15 0x00000000800120dc
core   0: 0x000000008000ff06 (0xfe043703) ld      a4, -32(s0)
core   0: 3 0x000000008000ff06 (0xfe043703) x14 0x000000008001208d mem 0x0000000080031f50
core   0: 0x000000008000ff0a (0xfcf76de3) bltu    a4, a5, pc - 38
core   0: 3 0x000000008000ff0a (0xfcf76de3)
core   0: 0x000000008000fee4 (0xfe043783) ld      a5, -32(s0)
core   0: 3 0x000000008000fee4 (0xfe043783) x15 0x000000008001208d mem 0x0000000080031f50
core   0: 0x000000008000fee8 (0x00178713) addi    a4, a5, 1
core   0: 3 0x000000008000fee8 (0x00178713) x14 0x000000008001208e
core   0: 0x000000008000feec (0xfee43023) sd      a4, -32(s0)
core   0: 3 0x000000008000feec (0xfee43023) mem 0x0000000080031f50 0x000000008001208e
core   0: 0x000000008000fef0 (0xfc442703) lw      a4, -60(s0)
core   0: 3 0x000000008000fef0 (0xfc442703) x14 0x0000000000000000 mem 0x0000000080031f34
core   0: 0x000000008000fef4 (0x0ff77713) andi    a4, a4, 255
core   0: 3 0x000000008000fef4 (0x0ff77713) x14 0x0000000000000000
core   0: 0x000000008000fef8 (0x00e78023) sb      a4, 0(a5)
core   0: 3 0x000000008000fef8 (0x00e78023) mem 0x000000008001208d 0x00
core   0: 0x000000008000fefc (0xfc843703) ld      a4, -56(s0)
core   0: 3 0x000000008000fefc (0xfc843703) x14 0x0000000080012040 mem 0x0000000080031f38
core   0: 0x000000008000ff00 (0xfb843783) ld      a5, -72(s0)
core   0: 3 0x000000008000ff00 (0xfb843783) x15 0x000000000000009c mem 0x0000000080031f28
core   0: 0x000000008000ff04 (0x000097ba) c.add   a5, a4
core   0: 3 0x000000008000ff04 (0x97ba) x15 0x00000000800120dc
core   0: 0x000000008000ff06 (0xfe043703) ld      a4, -32(s0)
core   0: 3 0x000000008000ff06 (0xfe043703) x14 0x000000008001208e mem 0x0000000080031f50
core   0: 0x000000008000ff0a (0xfcf76de3) bltu    a4, a5, pc - 38
core   0: 3 0x000000008000ff0a (0xfcf76de3)
core   0: 0x000000008000fee4 (0xfe043783) ld      a5, -32(s0)
core   0: 3 0x000000008000fee4 (0xfe043783) x15 0x000000008001208e mem 0x0000000080031f50
core   0: 0x000000008000fee8 (0x00178713) addi    a4, a5, 1
core   0: 3 0x000000008000fee8 (0x00178713) x14 0x000000008001208f
core   0: 0x000000008000feec (0xfee43023) sd      a4, -32(s0)
core   0: 3 0x000000008000feec (0xfee43023) mem 0x0000000080031f50 0x000000008001208f
core   0: 0x000000008000fef0 (0xfc442703) lw      a4, -60(s0)
core   0: 3 0x000000008000fef0 (0xfc442703) x14 0x0000000000000000 mem 0x0000000080031f34
core   0: 0x000000008000fef4 (0x0ff77713) andi    a4, a4, 255
core   0: 3 0x000000008000fef4 (0x0ff77713) x14 0x0000000000000000
core   0: 0x000000008000fef8 (0x00e78023) sb      a4, 0(a5)
core   0: 3 0x000000008000fef8 (0x00e78023) mem 0x000000008001208e 0x00
core   0: 0x000000008000fefc (0xfc843703) ld      a4, -56(s0)
core   0: 3 0x000000008000fefc (0xfc843703) x14 0x0000000080012040 mem 0x0000000080031f38
core   0: 0x000000008000ff00 (0xfb843783) ld      a5, -72(s0)
core   0: 3 0x000000008000ff00 (0xfb843783) x15 0x000000000000009c mem 0x0000000080031f28
core   0: 0x000000008000ff04 (0x000097ba) c.add   a5, a4
core   0: 3 0x000000008000ff04 (0x97ba) x15 0x00000000800120dc
core   0: 0x000000008000ff06 (0xfe043703) ld      a4, -32(s0)
core   0: 3 0x000000008000ff06 (0xfe043703) x14 0x000000008001208f mem 0x0000000080031f50
core   0: 0x000000008000ff0a (0xfcf76de3) bltu    a4, a5, pc - 38
core   0: 3 0x000000008000ff0a (0xfcf76de3)
core   0: 0x000000008000fee4 (0xfe043783) ld      a5, -32(s0)
core   0: 3 0x000000008000fee4 (0xfe043783) x15 0x000000008001208f mem 0x0000000080031f50
core   0: 0x000000008000fee8 (0x00178713) addi    a4, a5, 1
core   0: 3 0x000000008000fee8 (0x00178713) x14 0x0000000080012090
core   0: 0x000000008000feec (0xfee43023) sd      a4, -32(s0)
core   0: 3 0x000000008000feec (0xfee43023) mem 0x0000000080031f50 0x0000000080012090
core   0: 0x000000008000fef0 (0xfc442703) lw      a4, -60(s0)
core   0: 3 0x000000008000fef0 (0xfc442703) x14 0x0000000000000000 mem 0x0000000080031f34
core   0: 0x000000008000fef4 (0x0ff77713) andi    a4, a4, 255
core   0: 3 0x000000008000fef4 (0x0ff77713) x14 0x0000000000000000
core   0: 0x000000008000fef8 (0x00e78023) sb      a4, 0(a5)
core   0: 3 0x000000008000fef8 (0x00e78023) mem 0x000000008001208f 0x00
core   0: 0x000000008000fefc (0xfc843703) ld      a4, -56(s0)
core   0: 3 0x000000008000fefc (0xfc843703) x14 0x0000000080012040 mem 0x0000000080031f38
core   0: 0x000000008000ff00 (0xfb843783) ld      a5, -72(s0)
core   0: 3 0x000000008000ff00 (0xfb843783) x15 0x000000000000009c mem 0x0000000080031f28
core   0: 0x000000008000ff04 (0x000097ba) c.add   a5, a4
core   0: 3 0x000000008000ff04 (0x97ba) x15 0x00000000800120dc
core   0: 0x000000008000ff06 (0xfe043703) ld      a4, -32(s0)
core   0: 3 0x000000008000ff06 (0xfe043703) x14 0x0000000080012090 mem 0x0000000080031f50
core   0: 0x000000008000ff0a (0xfcf76de3) bltu    a4, a5, pc - 38
core   0: 3 0x000000008000ff0a (0xfcf76de3)
core   0: 0x000000008000fee4 (0xfe043783) ld      a5, -32(s0)
core   0: 3 0x000000008000fee4 (0xfe043783) x15 0x0000000080012090 mem 0x0000000080031f50
core   0: 0x000000008000fee8 (0x00178713) addi    a4, a5, 1
core   0: 3 0x000000008000fee8 (0x00178713) x14 0x0000000080012091
core   0: 0x000000008000feec (0xfee43023) sd      a4, -32(s0)
core   0: 3 0x000000008000feec (0xfee43023) mem 0x0000000080031f50 0x0000000080012091
core   0: 0x000000008000fef0 (0xfc442703) lw      a4, -60(s0)
core   0: 3 0x000000008000fef0 (0xfc442703) x14 0x0000000000000000 mem 0x0000000080031f34
core   0: 0x000000008000fef4 (0x0ff77713) andi    a4, a4, 255
core   0: 3 0x000000008000fef4 (0x0ff77713) x14 0x0000000000000000
core   0: 0x000000008000fef8 (0x00e78023) sb      a4, 0(a5)
core   0: 3 0x000000008000fef8 (0x00e78023) mem 0x0000000080012090 0x00
core   0: 0x000000008000fefc (0xfc843703) ld      a4, -56(s0)
core   0: 3 0x000000008000fefc (0xfc843703) x14 0x0000000080012040 mem 0x0000000080031f38
core   0: 0x000000008000ff00 (0xfb843783) ld      a5, -72(s0)
core   0: 3 0x000000008000ff00 (0xfb843783) x15 0x000000000000009c mem 0x0000000080031f28
core   0: 0x000000008000ff04 (0x000097ba) c.add   a5, a4
core   0: 3 0x000000008000ff04 (0x97ba) x15 0x00000000800120dc
core   0: 0x000000008000ff06 (0xfe043703) ld      a4, -32(s0)
core   0: 3 0x000000008000ff06 (0xfe043703) x14 0x0000000080012091 mem 0x0000000080031f50
core   0: 0x000000008000ff0a (0xfcf76de3) bltu    a4, a5, pc - 38
core   0: 3 0x000000008000ff0a (0xfcf76de3)
core   0: 0x000000008000fee4 (0xfe043783) ld      a5, -32(s0)
core   0: 3 0x000000008000fee4 (0xfe043783) x15 0x0000000080012091 mem 0x0000000080031f50
core   0: 0x000000008000fee8 (0x00178713) addi    a4, a5, 1
core   0: 3 0x000000008000fee8 (0x00178713) x14 0x0000000080012092
core   0: 0x000000008000feec (0xfee43023) sd      a4, -32(s0)
core   0: 3 0x000000008000feec (0xfee43023) mem 0x0000000080031f50 0x0000000080012092
core   0: 0x000000008000fef0 (0xfc442703) lw      a4, -60(s0)
core   0: 3 0x000000008000fef0 (0xfc442703) x14 0x0000000000000000 mem 0x0000000080031f34
core   0: 0x000000008000fef4 (0x0ff77713) andi    a4, a4, 255
core   0: 3 0x000000008000fef4 (0x0ff77713) x14 0x0000000000000000
core   0: 0x000000008000fef8 (0x00e78023) sb      a4, 0(a5)
core   0: 3 0x000000008000fef8 (0x00e78023) mem 0x0000000080012091 0x00
core   0: 0x000000008000fefc (0xfc843703) ld      a4, -56(s0)
core   0: 3 0x000000008000fefc (0xfc843703) x14 0x0000000080012040 mem 0x0000000080031f38
core   0: 0x000000008000ff00 (0xfb843783) ld      a5, -72(s0)
core   0: 3 0x000000008000ff00 (0xfb843783) x15 0x000000000000009c mem 0x0000000080031f28
core   0: 0x000000008000ff04 (0x000097ba) c.add   a5, a4
core   0: 3 0x000000008000ff04 (0x97ba) x15 0x00000000800120dc
core   0: 0x000000008000ff06 (0xfe043703) ld      a4, -32(s0)
core   0: 3 0x000000008000ff06 (0xfe043703) x14 0x0000000080012092 mem 0x0000000080031f50
core   0: 0x000000008000ff0a (0xfcf76de3) bltu    a4, a5, pc - 38
core   0: 3 0x000000008000ff0a (0xfcf76de3)
core   0: 0x000000008000fee4 (0xfe043783) ld      a5, -32(s0)
core   0: 3 0x000000008000fee4 (0xfe043783) x15 0x0000000080012092 mem 0x0000000080031f50
core   0: 0x000000008000fee8 (0x00178713) addi    a4, a5, 1
core   0: 3 0x000000008000fee8 (0x00178713) x14 0x0000000080012093
core   0: 0x000000008000feec (0xfee43023) sd      a4, -32(s0)
core   0: 3 0x000000008000feec (0xfee43023) mem 0x0000000080031f50 0x0000000080012093
core   0: 0x000000008000fef0 (0xfc442703) lw      a4, -60(s0)
core   0: 3 0x000000008000fef0 (0xfc442703) x14 0x0000000000000000 mem 0x0000000080031f34
core   0: 0x000000008000fef4 (0x0ff77713) andi    a4, a4, 255
core   0: 3 0x000000008000fef4 (0x0ff77713) x14 0x0000000000000000
core   0: 0x000000008000fef8 (0x00e78023) sb      a4, 0(a5)
core   0: 3 0x000000008000fef8 (0x00e78023) mem 0x0000000080012092 0x00
core   0: 0x000000008000fefc (0xfc843703) ld      a4, -56(s0)
core   0: 3 0x000000008000fefc (0xfc843703) x14 0x0000000080012040 mem 0x0000000080031f38
core   0: 0x000000008000ff00 (0xfb843783) ld      a5, -72(s0)
core   0: 3 0x000000008000ff00 (0xfb843783) x15 0x000000000000009c mem 0x0000000080031f28
core   0: 0x000000008000ff04 (0x000097ba) c.add   a5, a4
core   0: 3 0x000000008000ff04 (0x97ba) x15 0x00000000800120dc
core   0: 0x000000008000ff06 (0xfe043703) ld      a4, -32(s0)
core   0: 3 0x000000008000ff06 (0xfe043703) x14 0x0000000080012093 mem 0x0000000080031f50
core   0: 0x000000008000ff0a (0xfcf76de3) bltu    a4, a5, pc - 38
core   0: 3 0x000000008000ff0a (0xfcf76de3)
core   0: 0x000000008000fee4 (0xfe043783) ld      a5, -32(s0)
core   0: 3 0x000000008000fee4 (0xfe043783) x15 0x0000000080012093 mem 0x0000000080031f50
core   0: 0x000000008000fee8 (0x00178713) addi    a4, a5, 1
core   0: 3 0x000000008000fee8 (0x00178713) x14 0x0000000080012094
core   0: 0x000000008000feec (0xfee43023) sd      a4, -32(s0)
core   0: 3 0x000000008000feec (0xfee43023) mem 0x0000000080031f50 0x0000000080012094
core   0: 0x000000008000fef0 (0xfc442703) lw      a4, -60(s0)
core   0: 3 0x000000008000fef0 (0xfc442703) x14 0x0000000000000000 mem 0x0000000080031f34
core   0: 0x000000008000fef4 (0x0ff77713) andi    a4, a4, 255
core   0: 3 0x000000008000fef4 (0x0ff77713) x14 0x0000000000000000
core   0: 0x000000008000fef8 (0x00e78023) sb      a4, 0(a5)
core   0: 3 0x000000008000fef8 (0x00e78023) mem 0x0000000080012093 0x00
core   0: 0x000000008000fefc (0xfc843703) ld      a4, -56(s0)
core   0: 3 0x000000008000fefc (0xfc843703) x14 0x0000000080012040 mem 0x0000000080031f38
core   0: 0x000000008000ff00 (0xfb843783) ld      a5, -72(s0)
core   0: 3 0x000000008000ff00 (0xfb843783) x15 0x000000000000009c mem 0x0000000080031f28
core   0: 0x000000008000ff04 (0x000097ba) c.add   a5, a4
core   0: 3 0x000000008000ff04 (0x97ba) x15 0x00000000800120dc
core   0: 0x000000008000ff06 (0xfe043703) ld      a4, -32(s0)
core   0: 3 0x000000008000ff06 (0xfe043703) x14 0x0000000080012094 mem 0x0000000080031f50
core   0: 0x000000008000ff0a (0xfcf76de3) bltu    a4, a5, pc - 38
core   0: 3 0x000000008000ff0a (0xfcf76de3)
core   0: 0x000000008000fee4 (0xfe043783) ld      a5, -32(s0)
core   0: 3 0x000000008000fee4 (0xfe043783) x15 0x0000000080012094 mem 0x0000000080031f50
core   0: 0x000000008000fee8 (0x00178713) addi    a4, a5, 1
core   0: 3 0x000000008000fee8 (0x00178713) x14 0x0000000080012095
core   0: 0x000000008000feec (0xfee43023) sd      a4, -32(s0)
core   0: 3 0x000000008000feec (0xfee43023) mem 0x0000000080031f50 0x0000000080012095
core   0: 0x000000008000fef0 (0xfc442703) lw      a4, -60(s0)
core   0: 3 0x000000008000fef0 (0xfc442703) x14 0x0000000000000000 mem 0x0000000080031f34
core   0: 0x000000008000fef4 (0x0ff77713) andi    a4, a4, 255
core   0: 3 0x000000008000fef4 (0x0ff77713) x14 0x0000000000000000
core   0: 0x000000008000fef8 (0x00e78023) sb      a4, 0(a5)
core   0: 3 0x000000008000fef8 (0x00e78023) mem 0x0000000080012094 0x00
core   0: 0x000000008000fefc (0xfc843703) ld      a4, -56(s0)
core   0: 3 0x000000008000fefc (0xfc843703) x14 0x0000000080012040 mem 0x0000000080031f38
core   0: 0x000000008000ff00 (0xfb843783) ld      a5, -72(s0)
core   0: 3 0x000000008000ff00 (0xfb843783) x15 0x000000000000009c mem 0x0000000080031f28
core   0: 0x000000008000ff04 (0x000097ba) c.add   a5, a4
core   0: 3 0x000000008000ff04 (0x97ba) x15 0x00000000800120dc
core   0: 0x000000008000ff06 (0xfe043703) ld      a4, -32(s0)
core   0: 3 0x000000008000ff06 (0xfe043703) x14 0x0000000080012095 mem 0x0000000080031f50
core   0: 0x000000008000ff0a (0xfcf76de3) bltu    a4, a5, pc - 38
core   0: 3 0x000000008000ff0a (0xfcf76de3)
core   0: 0x000000008000fee4 (0xfe043783) ld      a5, -32(s0)
core   0: 3 0x000000008000fee4 (0xfe043783) x15 0x0000000080012095 mem 0x0000000080031f50
core   0: 0x000000008000fee8 (0x00178713) addi    a4, a5, 1
core   0: 3 0x000000008000fee8 (0x00178713) x14 0x0000000080012096
core   0: 0x000000008000feec (0xfee43023) sd      a4, -32(s0)
core   0: 3 0x000000008000feec (0xfee43023) mem 0x0000000080031f50 0x0000000080012096
core   0: 0x000000008000fef0 (0xfc442703) lw      a4, -60(s0)
core   0: 3 0x000000008000fef0 (0xfc442703) x14 0x0000000000000000 mem 0x0000000080031f34
core   0: 0x000000008000fef4 (0x0ff77713) andi    a4, a4, 255
core   0: 3 0x000000008000fef4 (0x0ff77713) x14 0x0000000000000000
core   0: 0x000000008000fef8 (0x00e78023) sb      a4, 0(a5)
core   0: 3 0x000000008000fef8 (0x00e78023) mem 0x0000000080012095 0x00
core   0: 0x000000008000fefc (0xfc843703) ld      a4, -56(s0)
core   0: 3 0x000000008000fefc (0xfc843703) x14 0x0000000080012040 mem 0x0000000080031f38
core   0: 0x000000008000ff00 (0xfb843783) ld      a5, -72(s0)
core   0: 3 0x000000008000ff00 (0xfb843783) x15 0x000000000000009c mem 0x0000000080031f28
core   0: 0x000000008000ff04 (0x000097ba) c.add   a5, a4
core   0: 3 0x000000008000ff04 (0x97ba) x15 0x00000000800120dc
core   0: 0x000000008000ff06 (0xfe043703) ld      a4, -32(s0)
core   0: 3 0x000000008000ff06 (0xfe043703) x14 0x0000000080012096 mem 0x0000000080031f50
core   0: 0x000000008000ff0a (0xfcf76de3) bltu    a4, a5, pc - 38
core   0: 3 0x000000008000ff0a (0xfcf76de3)
core   0: 0x000000008000fee4 (0xfe043783) ld      a5, -32(s0)
core   0: 3 0x000000008000fee4 (0xfe043783) x15 0x0000000080012096 mem 0x0000000080031f50
core   0: 0x000000008000fee8 (0x00178713) addi    a4, a5, 1
core   0: 3 0x000000008000fee8 (0x00178713) x14 0x0000000080012097
core   0: 0x000000008000feec (0xfee43023) sd      a4, -32(s0)
core   0: 3 0x000000008000feec (0xfee43023) mem 0x0000000080031f50 0x0000000080012097
core   0: 0x000000008000fef0 (0xfc442703) lw      a4, -60(s0)
core   0: 3 0x000000008000fef0 (0xfc442703) x14 0x0000000000000000 mem 0x0000000080031f34
core   0: 0x000000008000fef4 (0x0ff77713) andi    a4, a4, 255
core   0: 3 0x000000008000fef4 (0x0ff77713) x14 0x0000000000000000
core   0: 0x000000008000fef8 (0x00e78023) sb      a4, 0(a5)
core   0: 3 0x000000008000fef8 (0x00e78023) mem 0x0000000080012096 0x00
core   0: 0x000000008000fefc (0xfc843703) ld      a4, -56(s0)
core   0: 3 0x000000008000fefc (0xfc843703) x14 0x0000000080012040 mem 0x0000000080031f38
core   0: 0x000000008000ff00 (0xfb843783) ld      a5, -72(s0)
core   0: 3 0x000000008000ff00 (0xfb843783) x15 0x000000000000009c mem 0x0000000080031f28
core   0: 0x000000008000ff04 (0x000097ba) c.add   a5, a4
core   0: 3 0x000000008000ff04 (0x97ba) x15 0x00000000800120dc
core   0: 0x000000008000ff06 (0xfe043703) ld      a4, -32(s0)
core   0: 3 0x000000008000ff06 (0xfe043703) x14 0x0000000080012097 mem 0x0000000080031f50
core   0: 0x000000008000ff0a (0xfcf76de3) bltu    a4, a5, pc - 38
core   0: 3 0x000000008000ff0a (0xfcf76de3)
core   0: 0x000000008000fee4 (0xfe043783) ld      a5, -32(s0)
core   0: 3 0x000000008000fee4 (0xfe043783) x15 0x0000000080012097 mem 0x0000000080031f50
core   0: 0x000000008000fee8 (0x00178713) addi    a4, a5, 1
core   0: 3 0x000000008000fee8 (0x00178713) x14 0x0000000080012098
core   0: 0x000000008000feec (0xfee43023) sd      a4, -32(s0)
core   0: 3 0x000000008000feec (0xfee43023) mem 0x0000000080031f50 0x0000000080012098
core   0: 0x000000008000fef0 (0xfc442703) lw      a4, -60(s0)
core   0: 3 0x000000008000fef0 (0xfc442703) x14 0x0000000000000000 mem 0x0000000080031f34
core   0: 0x000000008000fef4 (0x0ff77713) andi    a4, a4, 255
core   0: 3 0x000000008000fef4 (0x0ff77713) x14 0x0000000000000000
core   0: 0x000000008000fef8 (0x00e78023) sb      a4, 0(a5)
core   0: 3 0x000000008000fef8 (0x00e78023) mem 0x0000000080012097 0x00
core   0: 0x000000008000fefc (0xfc843703) ld      a4, -56(s0)
core   0: 3 0x000000008000fefc (0xfc843703) x14 0x0000000080012040 mem 0x0000000080031f38
core   0: 0x000000008000ff00 (0xfb843783) ld      a5, -72(s0)
core   0: 3 0x000000008000ff00 (0xfb843783) x15 0x000000000000009c mem 0x0000000080031f28
core   0: 0x000000008000ff04 (0x000097ba) c.add   a5, a4
core   0: 3 0x000000008000ff04 (0x97ba) x15 0x00000000800120dc
core   0: 0x000000008000ff06 (0xfe043703) ld      a4, -32(s0)
core   0: 3 0x000000008000ff06 (0xfe043703) x14 0x0000000080012098 mem 0x0000000080031f50
core   0: 0x000000008000ff0a (0xfcf76de3) bltu    a4, a5, pc - 38
core   0: 3 0x000000008000ff0a (0xfcf76de3)
core   0: 0x000000008000fee4 (0xfe043783) ld      a5, -32(s0)
core   0: 3 0x000000008000fee4 (0xfe043783) x15 0x0000000080012098 mem 0x0000000080031f50
core   0: 0x000000008000fee8 (0x00178713) addi    a4, a5, 1
core   0: 3 0x000000008000fee8 (0x00178713) x14 0x0000000080012099
core   0: 0x000000008000feec (0xfee43023) sd      a4, -32(s0)
core   0: 3 0x000000008000feec (0xfee43023) mem 0x0000000080031f50 0x0000000080012099
core   0: 0x000000008000fef0 (0xfc442703) lw      a4, -60(s0)
core   0: 3 0x000000008000fef0 (0xfc442703) x14 0x0000000000000000 mem 0x0000000080031f34
core   0: 0x000000008000fef4 (0x0ff77713) andi    a4, a4, 255
core   0: 3 0x000000008000fef4 (0x0ff77713) x14 0x0000000000000000
core   0: 0x000000008000fef8 (0x00e78023) sb      a4, 0(a5)
core   0: 3 0x000000008000fef8 (0x00e78023) mem 0x0000000080012098 0x00
core   0: 0x000000008000fefc (0xfc843703) ld      a4, -56(s0)
core   0: 3 0x000000008000fefc (0xfc843703) x14 0x0000000080012040 mem 0x0000000080031f38
core   0: 0x000000008000ff00 (0xfb843783) ld      a5, -72(s0)
core   0: 3 0x000000008000ff00 (0xfb843783) x15 0x000000000000009c mem 0x0000000080031f28
core   0: 0x000000008000ff04 (0x000097ba) c.add   a5, a4
core   0: 3 0x000000008000ff04 (0x97ba) x15 0x00000000800120dc
core   0: 0x000000008000ff06 (0xfe043703) ld      a4, -32(s0)
core   0: 3 0x000000008000ff06 (0xfe043703) x14 0x0000000080012099 mem 0x0000000080031f50
core   0: 0x000000008000ff0a (0xfcf76de3) bltu    a4, a5, pc - 38
core   0: 3 0x000000008000ff0a (0xfcf76de3)
core   0: 0x000000008000fee4 (0xfe043783) ld      a5, -32(s0)
core   0: 3 0x000000008000fee4 (0xfe043783) x15 0x0000000080012099 mem 0x0000000080031f50
core   0: 0x000000008000fee8 (0x00178713) addi    a4, a5, 1
core   0: 3 0x000000008000fee8 (0x00178713) x14 0x000000008001209a
core   0: 0x000000008000feec (0xfee43023) sd      a4, -32(s0)
core   0: 3 0x000000008000feec (0xfee43023) mem 0x0000000080031f50 0x000000008001209a
core   0: 0x000000008000fef0 (0xfc442703) lw      a4, -60(s0)
core   0: 3 0x000000008000fef0 (0xfc442703) x14 0x0000000000000000 mem 0x0000000080031f34
core   0: 0x000000008000fef4 (0x0ff77713) andi    a4, a4, 255
core   0: 3 0x000000008000fef4 (0x0ff77713) x14 0x0000000000000000
core   0: 0x000000008000fef8 (0x00e78023) sb      a4, 0(a5)
core   0: 3 0x000000008000fef8 (0x00e78023) mem 0x0000000080012099 0x00
core   0: 0x000000008000fefc (0xfc843703) ld      a4, -56(s0)
core   0: 3 0x000000008000fefc (0xfc843703) x14 0x0000000080012040 mem 0x0000000080031f38
core   0: 0x000000008000ff00 (0xfb843783) ld      a5, -72(s0)
core   0: 3 0x000000008000ff00 (0xfb843783) x15 0x000000000000009c mem 0x0000000080031f28
core   0: 0x000000008000ff04 (0x000097ba) c.add   a5, a4
core   0: 3 0x000000008000ff04 (0x97ba) x15 0x00000000800120dc
core   0: 0x000000008000ff06 (0xfe043703) ld      a4, -32(s0)
core   0: 3 0x000000008000ff06 (0xfe043703) x14 0x000000008001209a mem 0x0000000080031f50
core   0: 0x000000008000ff0a (0xfcf76de3) bltu    a4, a5, pc - 38
core   0: 3 0x000000008000ff0a (0xfcf76de3)
core   0: 0x000000008000fee4 (0xfe043783) ld      a5, -32(s0)
core   0: 3 0x000000008000fee4 (0xfe043783) x15 0x000000008001209a mem 0x0000000080031f50
core   0: 0x000000008000fee8 (0x00178713) addi    a4, a5, 1
core   0: 3 0x000000008000fee8 (0x00178713) x14 0x000000008001209b
core   0: 0x000000008000feec (0xfee43023) sd      a4, -32(s0)
core   0: 3 0x000000008000feec (0xfee43023) mem 0x0000000080031f50 0x000000008001209b
core   0: 0x000000008000fef0 (0xfc442703) lw      a4, -60(s0)
core   0: 3 0x000000008000fef0 (0xfc442703) x14 0x0000000000000000 mem 0x0000000080031f34
core   0: 0x000000008000fef4 (0x0ff77713) andi    a4, a4, 255
core   0: 3 0x000000008000fef4 (0x0ff77713) x14 0x0000000000000000
core   0: 0x000000008000fef8 (0x00e78023) sb      a4, 0(a5)
core   0: 3 0x000000008000fef8 (0x00e78023) mem 0x000000008001209a 0x00
core   0: 0x000000008000fefc (0xfc843703) ld      a4, -56(s0)
core   0: 3 0x000000008000fefc (0xfc843703) x14 0x0000000080012040 mem 0x0000000080031f38
core   0: 0x000000008000ff00 (0xfb843783) ld      a5, -72(s0)
core   0: 3 0x000000008000ff00 (0xfb843783) x15 0x000000000000009c mem 0x0000000080031f28
core   0: 0x000000008000ff04 (0x000097ba) c.add   a5, a4
core   0: 3 0x000000008000ff04 (0x97ba) x15 0x00000000800120dc
core   0: 0x000000008000ff06 (0xfe043703) ld      a4, -32(s0)
core   0: 3 0x000000008000ff06 (0xfe043703) x14 0x000000008001209b mem 0x0000000080031f50
core   0: 0x000000008000ff0a (0xfcf76de3) bltu    a4, a5, pc - 38
core   0: 3 0x000000008000ff0a (0xfcf76de3)
core   0: 0x000000008000fee4 (0xfe043783) ld      a5, -32(s0)
core   0: 3 0x000000008000fee4 (0xfe043783) x15 0x000000008001209b mem 0x0000000080031f50
core   0: 0x000000008000fee8 (0x00178713) addi    a4, a5, 1
core   0: 3 0x000000008000fee8 (0x00178713) x14 0x000000008001209c
core   0: 0x000000008000feec (0xfee43023) sd      a4, -32(s0)
core   0: 3 0x000000008000feec (0xfee43023) mem 0x0000000080031f50 0x000000008001209c
core   0: 0x000000008000fef0 (0xfc442703) lw      a4, -60(s0)
core   0: 3 0x000000008000fef0 (0xfc442703) x14 0x0000000000000000 mem 0x0000000080031f34
core   0: 0x000000008000fef4 (0x0ff77713) andi    a4, a4, 255
core   0: 3 0x000000008000fef4 (0x0ff77713) x14 0x0000000000000000
core   0: 0x000000008000fef8 (0x00e78023) sb      a4, 0(a5)
core   0: 3 0x000000008000fef8 (0x00e78023) mem 0x000000008001209b 0x00
core   0: 0x000000008000fefc (0xfc843703) ld      a4, -56(s0)
core   0: 3 0x000000008000fefc (0xfc843703) x14 0x0000000080012040 mem 0x0000000080031f38
core   0: 0x000000008000ff00 (0xfb843783) ld      a5, -72(s0)
core   0: 3 0x000000008000ff00 (0xfb843783) x15 0x000000000000009c mem 0x0000000080031f28
core   0: 0x000000008000ff04 (0x000097ba) c.add   a5, a4
core   0: 3 0x000000008000ff04 (0x97ba) x15 0x00000000800120dc
core   0: 0x000000008000ff06 (0xfe043703) ld      a4, -32(s0)
core   0: 3 0x000000008000ff06 (0xfe043703) x14 0x000000008001209c mem 0x0000000080031f50
core   0: 0x000000008000ff0a (0xfcf76de3) bltu    a4, a5, pc - 38
core   0: 3 0x000000008000ff0a (0xfcf76de3)
core   0: 0x000000008000fee4 (0xfe043783) ld      a5, -32(s0)
core   0: 3 0x000000008000fee4 (0xfe043783) x15 0x000000008001209c mem 0x0000000080031f50
core   0: 0x000000008000fee8 (0x00178713) addi    a4, a5, 1
core   0: 3 0x000000008000fee8 (0x00178713) x14 0x000000008001209d
core   0: 0x000000008000feec (0xfee43023) sd      a4, -32(s0)
core   0: 3 0x000000008000feec (0xfee43023) mem 0x0000000080031f50 0x000000008001209d
core   0: 0x000000008000fef0 (0xfc442703) lw      a4, -60(s0)
core   0: 3 0x000000008000fef0 (0xfc442703) x14 0x0000000000000000 mem 0x0000000080031f34
core   0: 0x000000008000fef4 (0x0ff77713) andi    a4, a4, 255
core   0: 3 0x000000008000fef4 (0x0ff77713) x14 0x0000000000000000
core   0: 0x000000008000fef8 (0x00e78023) sb      a4, 0(a5)
core   0: 3 0x000000008000fef8 (0x00e78023) mem 0x000000008001209c 0x00
core   0: 0x000000008000fefc (0xfc843703) ld      a4, -56(s0)
core   0: 3 0x000000008000fefc (0xfc843703) x14 0x0000000080012040 mem 0x0000000080031f38
core   0: 0x000000008000ff00 (0xfb843783) ld      a5, -72(s0)
core   0: 3 0x000000008000ff00 (0xfb843783) x15 0x000000000000009c mem 0x0000000080031f28
core   0: 0x000000008000ff04 (0x000097ba) c.add   a5, a4
core   0: 3 0x000000008000ff04 (0x97ba) x15 0x00000000800120dc
core   0: 0x000000008000ff06 (0xfe043703) ld      a4, -32(s0)
core   0: 3 0x000000008000ff06 (0xfe043703) x14 0x000000008001209d mem 0x0000000080031f50
core   0: 0x000000008000ff0a (0xfcf76de3) bltu    a4, a5, pc - 38
core   0: 3 0x000000008000ff0a (0xfcf76de3)
core   0: 0x000000008000fee4 (0xfe043783) ld      a5, -32(s0)
core   0: 3 0x000000008000fee4 (0xfe043783) x15 0x000000008001209d mem 0x0000000080031f50
core   0: 0x000000008000fee8 (0x00178713) addi    a4, a5, 1
core   0: 3 0x000000008000fee8 (0x00178713) x14 0x000000008001209e
core   0: 0x000000008000feec (0xfee43023) sd      a4, -32(s0)
core   0: 3 0x000000008000feec (0xfee43023) mem 0x0000000080031f50 0x000000008001209e
core   0: 0x000000008000fef0 (0xfc442703) lw      a4, -60(s0)
core   0: 3 0x000000008000fef0 (0xfc442703) x14 0x0000000000000000 mem 0x0000000080031f34
core   0: 0x000000008000fef4 (0x0ff77713) andi    a4, a4, 255
core   0: 3 0x000000008000fef4 (0x0ff77713) x14 0x0000000000000000
core   0: 0x000000008000fef8 (0x00e78023) sb      a4, 0(a5)
core   0: 3 0x000000008000fef8 (0x00e78023) mem 0x000000008001209d 0x00
core   0: 0x000000008000fefc (0xfc843703) ld      a4, -56(s0)
core   0: 3 0x000000008000fefc (0xfc843703) x14 0x0000000080012040 mem 0x0000000080031f38
core   0: 0x000000008000ff00 (0xfb843783) ld      a5, -72(s0)
core   0: 3 0x000000008000ff00 (0xfb843783) x15 0x000000000000009c mem 0x0000000080031f28
core   0: 0x000000008000ff04 (0x000097ba) c.add   a5, a4
core   0: 3 0x000000008000ff04 (0x97ba) x15 0x00000000800120dc
core   0: 0x000000008000ff06 (0xfe043703) ld      a4, -32(s0)
core   0: 3 0x000000008000ff06 (0xfe043703) x14 0x000000008001209e mem 0x0000000080031f50
core   0: 0x000000008000ff0a (0xfcf76de3) bltu    a4, a5, pc - 38
core   0: 3 0x000000008000ff0a (0xfcf76de3)
core   0: 0x000000008000fee4 (0xfe043783) ld      a5, -32(s0)
core   0: 3 0x000000008000fee4 (0xfe043783) x15 0x000000008001209e mem 0x0000000080031f50
core   0: 0x000000008000fee8 (0x00178713) addi    a4, a5, 1
core   0: 3 0x000000008000fee8 (0x00178713) x14 0x000000008001209f
core   0: 0x000000008000feec (0xfee43023) sd      a4, -32(s0)
core   0: 3 0x000000008000feec (0xfee43023) mem 0x0000000080031f50 0x000000008001209f
core   0: 0x000000008000fef0 (0xfc442703) lw      a4, -60(s0)
core   0: 3 0x000000008000fef0 (0xfc442703) x14 0x0000000000000000 mem 0x0000000080031f34
core   0: 0x000000008000fef4 (0x0ff77713) andi    a4, a4, 255
core   0: 3 0x000000008000fef4 (0x0ff77713) x14 0x0000000000000000
core   0: 0x000000008000fef8 (0x00e78023) sb      a4, 0(a5)
core   0: 3 0x000000008000fef8 (0x00e78023) mem 0x000000008001209e 0x00
core   0: 0x000000008000fefc (0xfc843703) ld      a4, -56(s0)
core   0: 3 0x000000008000fefc (0xfc843703) x14 0x0000000080012040 mem 0x0000000080031f38
core   0: 0x000000008000ff00 (0xfb843783) ld      a5, -72(s0)
core   0: 3 0x000000008000ff00 (0xfb843783) x15 0x000000000000009c mem 0x0000000080031f28
core   0: 0x000000008000ff04 (0x000097ba) c.add   a5, a4
core   0: 3 0x000000008000ff04 (0x97ba) x15 0x00000000800120dc
core   0: 0x000000008000ff06 (0xfe043703) ld      a4, -32(s0)
core   0: 3 0x000000008000ff06 (0xfe043703) x14 0x000000008001209f mem 0x0000000080031f50
core   0: 0x000000008000ff0a (0xfcf76de3) bltu    a4, a5, pc - 38
core   0: 3 0x000000008000ff0a (0xfcf76de3)
core   0: 0x000000008000fee4 (0xfe043783) ld      a5, -32(s0)
core   0: 3 0x000000008000fee4 (0xfe043783) x15 0x000000008001209f mem 0x0000000080031f50
core   0: 0x000000008000fee8 (0x00178713) addi    a4, a5, 1
core   0: 3 0x000000008000fee8 (0x00178713) x14 0x00000000800120a0
core   0: 0x000000008000feec (0xfee43023) sd      a4, -32(s0)
core   0: 3 0x000000008000feec (0xfee43023) mem 0x0000000080031f50 0x00000000800120a0
core   0: 0x000000008000fef0 (0xfc442703) lw      a4, -60(s0)
core   0: 3 0x000000008000fef0 (0xfc442703) x14 0x0000000000000000 mem 0x0000000080031f34
core   0: 0x000000008000fef4 (0x0ff77713) andi    a4, a4, 255
core   0: 3 0x000000008000fef4 (0x0ff77713) x14 0x0000000000000000
core   0: 0x000000008000fef8 (0x00e78023) sb      a4, 0(a5)
core   0: 3 0x000000008000fef8 (0x00e78023) mem 0x000000008001209f 0x00
core   0: 0x000000008000fefc (0xfc843703) ld      a4, -56(s0)
core   0: 3 0x000000008000fefc (0xfc843703) x14 0x0000000080012040 mem 0x0000000080031f38
core   0: 0x000000008000ff00 (0xfb843783) ld      a5, -72(s0)
core   0: 3 0x000000008000ff00 (0xfb843783) x15 0x000000000000009c mem 0x0000000080031f28
core   0: 0x000000008000ff04 (0x000097ba) c.add   a5, a4
core   0: 3 0x000000008000ff04 (0x97ba) x15 0x00000000800120dc
core   0: 0x000000008000ff06 (0xfe043703) ld      a4, -32(s0)
core   0: 3 0x000000008000ff06 (0xfe043703) x14 0x00000000800120a0 mem 0x0000000080031f50
core   0: 0x000000008000ff0a (0xfcf76de3) bltu    a4, a5, pc - 38
core   0: 3 0x000000008000ff0a (0xfcf76de3)
core   0: 0x000000008000fee4 (0xfe043783) ld      a5, -32(s0)
core   0: 3 0x000000008000fee4 (0xfe043783) x15 0x00000000800120a0 mem 0x0000000080031f50
core   0: 0x000000008000fee8 (0x00178713) addi    a4, a5, 1
core   0: 3 0x000000008000fee8 (0x00178713) x14 0x00000000800120a1
core   0: 0x000000008000feec (0xfee43023) sd      a4, -32(s0)
core   0: 3 0x000000008000feec (0xfee43023) mem 0x0000000080031f50 0x00000000800120a1
core   0: 0x000000008000fef0 (0xfc442703) lw      a4, -60(s0)
core   0: 3 0x000000008000fef0 (0xfc442703) x14 0x0000000000000000 mem 0x0000000080031f34
core   0: 0x000000008000fef4 (0x0ff77713) andi    a4, a4, 255
core   0: 3 0x000000008000fef4 (0x0ff77713) x14 0x0000000000000000
core   0: 0x000000008000fef8 (0x00e78023) sb      a4, 0(a5)
core   0: 3 0x000000008000fef8 (0x00e78023) mem 0x00000000800120a0 0x00
core   0: 0x000000008000fefc (0xfc843703) ld      a4, -56(s0)
core   0: 3 0x000000008000fefc (0xfc843703) x14 0x0000000080012040 mem 0x0000000080031f38
core   0: 0x000000008000ff00 (0xfb843783) ld      a5, -72(s0)
core   0: 3 0x000000008000ff00 (0xfb843783) x15 0x000000000000009c mem 0x0000000080031f28
core   0: 0x000000008000ff04 (0x000097ba) c.add   a5, a4
core   0: 3 0x000000008000ff04 (0x97ba) x15 0x00000000800120dc
core   0: 0x000000008000ff06 (0xfe043703) ld      a4, -32(s0)
core   0: 3 0x000000008000ff06 (0xfe043703) x14 0x00000000800120a1 mem 0x0000000080031f50
core   0: 0x000000008000ff0a (0xfcf76de3) bltu    a4, a5, pc - 38
core   0: 3 0x000000008000ff0a (0xfcf76de3)
core   0: 0x000000008000fee4 (0xfe043783) ld      a5, -32(s0)
core   0: 3 0x000000008000fee4 (0xfe043783) x15 0x00000000800120a1 mem 0x0000000080031f50
core   0: 0x000000008000fee8 (0x00178713) addi    a4, a5, 1
core   0: 3 0x000000008000fee8 (0x00178713) x14 0x00000000800120a2
core   0: 0x000000008000feec (0xfee43023) sd      a4, -32(s0)
core   0: 3 0x000000008000feec (0xfee43023) mem 0x0000000080031f50 0x00000000800120a2
core   0: 0x000000008000fef0 (0xfc442703) lw      a4, -60(s0)
core   0: 3 0x000000008000fef0 (0xfc442703) x14 0x0000000000000000 mem 0x0000000080031f34
core   0: 0x000000008000fef4 (0x0ff77713) andi    a4, a4, 255
core   0: 3 0x000000008000fef4 (0x0ff77713) x14 0x0000000000000000
core   0: 0x000000008000fef8 (0x00e78023) sb      a4, 0(a5)
core   0: 3 0x000000008000fef8 (0x00e78023) mem 0x00000000800120a1 0x00
core   0: 0x000000008000fefc (0xfc843703) ld      a4, -56(s0)
core   0: 3 0x000000008000fefc (0xfc843703) x14 0x0000000080012040 mem 0x0000000080031f38
core   0: 0x000000008000ff00 (0xfb843783) ld      a5, -72(s0)
core   0: 3 0x000000008000ff00 (0xfb843783) x15 0x000000000000009c mem 0x0000000080031f28
core   0: 0x000000008000ff04 (0x000097ba) c.add   a5, a4
core   0: 3 0x000000008000ff04 (0x97ba) x15 0x00000000800120dc
core   0: 0x000000008000ff06 (0xfe043703) ld      a4, -32(s0)
core   0: 3 0x000000008000ff06 (0xfe043703) x14 0x00000000800120a2 mem 0x0000000080031f50
core   0: 0x000000008000ff0a (0xfcf76de3) bltu    a4, a5, pc - 38
core   0: 3 0x000000008000ff0a (0xfcf76de3)
core   0: 0x000000008000fee4 (0xfe043783) ld      a5, -32(s0)
core   0: 3 0x000000008000fee4 (0xfe043783) x15 0x00000000800120a2 mem 0x0000000080031f50
core   0: 0x000000008000fee8 (0x00178713) addi    a4, a5, 1
core   0: 3 0x000000008000fee8 (0x00178713) x14 0x00000000800120a3
core   0: 0x000000008000feec (0xfee43023) sd      a4, -32(s0)
core   0: 3 0x000000008000feec (0xfee43023) mem 0x0000000080031f50 0x00000000800120a3
core   0: 0x000000008000fef0 (0xfc442703) lw      a4, -60(s0)
core   0: 3 0x000000008000fef0 (0xfc442703) x14 0x0000000000000000 mem 0x0000000080031f34
core   0: 0x000000008000fef4 (0x0ff77713) andi    a4, a4, 255
core   0: 3 0x000000008000fef4 (0x0ff77713) x14 0x0000000000000000
core   0: 0x000000008000fef8 (0x00e78023) sb      a4, 0(a5)
core   0: 3 0x000000008000fef8 (0x00e78023) mem 0x00000000800120a2 0x00
core   0: 0x000000008000fefc (0xfc843703) ld      a4, -56(s0)
core   0: 3 0x000000008000fefc (0xfc843703) x14 0x0000000080012040 mem 0x0000000080031f38
core   0: 0x000000008000ff00 (0xfb843783) ld      a5, -72(s0)
core   0: 3 0x000000008000ff00 (0xfb843783) x15 0x000000000000009c mem 0x0000000080031f28
core   0: 0x000000008000ff04 (0x000097ba) c.add   a5, a4
core   0: 3 0x000000008000ff04 (0x97ba) x15 0x00000000800120dc
core   0: 0x000000008000ff06 (0xfe043703) ld      a4, -32(s0)
core   0: 3 0x000000008000ff06 (0xfe043703) x14 0x00000000800120a3 mem 0x0000000080031f50
core   0: 0x000000008000ff0a (0xfcf76de3) bltu    a4, a5, pc - 38
core   0: 3 0x000000008000ff0a (0xfcf76de3)
core   0: 0x000000008000fee4 (0xfe043783) ld      a5, -32(s0)
core   0: 3 0x000000008000fee4 (0xfe043783) x15 0x00000000800120a3 mem 0x0000000080031f50
core   0: 0x000000008000fee8 (0x00178713) addi    a4, a5, 1
core   0: 3 0x000000008000fee8 (0x00178713) x14 0x00000000800120a4
core   0: 0x000000008000feec (0xfee43023) sd      a4, -32(s0)
core   0: 3 0x000000008000feec (0xfee43023) mem 0x0000000080031f50 0x00000000800120a4
core   0: 0x000000008000fef0 (0xfc442703) lw      a4, -60(s0)
core   0: 3 0x000000008000fef0 (0xfc442703) x14 0x0000000000000000 mem 0x0000000080031f34
core   0: 0x000000008000fef4 (0x0ff77713) andi    a4, a4, 255
core   0: 3 0x000000008000fef4 (0x0ff77713) x14 0x0000000000000000
core   0: 0x000000008000fef8 (0x00e78023) sb      a4, 0(a5)
core   0: 3 0x000000008000fef8 (0x00e78023) mem 0x00000000800120a3 0x00
core   0: 0x000000008000fefc (0xfc843703) ld      a4, -56(s0)
core   0: 3 0x000000008000fefc (0xfc843703) x14 0x0000000080012040 mem 0x0000000080031f38
core   0: 0x000000008000ff00 (0xfb843783) ld      a5, -72(s0)
core   0: 3 0x000000008000ff00 (0xfb843783) x15 0x000000000000009c mem 0x0000000080031f28
core   0: 0x000000008000ff04 (0x000097ba) c.add   a5, a4
core   0: 3 0x000000008000ff04 (0x97ba) x15 0x00000000800120dc
core   0: 0x000000008000ff06 (0xfe043703) ld      a4, -32(s0)
core   0: 3 0x000000008000ff06 (0xfe043703) x14 0x00000000800120a4 mem 0x0000000080031f50
core   0: 0x000000008000ff0a (0xfcf76de3) bltu    a4, a5, pc - 38
core   0: 3 0x000000008000ff0a (0xfcf76de3)
core   0: 0x000000008000fee4 (0xfe043783) ld      a5, -32(s0)
core   0: 3 0x000000008000fee4 (0xfe043783) x15 0x00000000800120a4 mem 0x0000000080031f50
core   0: 0x000000008000fee8 (0x00178713) addi    a4, a5, 1
core   0: 3 0x000000008000fee8 (0x00178713) x14 0x00000000800120a5
core   0: 0x000000008000feec (0xfee43023) sd      a4, -32(s0)
core   0: 3 0x000000008000feec (0xfee43023) mem 0x0000000080031f50 0x00000000800120a5
core   0: 0x000000008000fef0 (0xfc442703) lw      a4, -60(s0)
core   0: 3 0x000000008000fef0 (0xfc442703) x14 0x0000000000000000 mem 0x0000000080031f34
core   0: 0x000000008000fef4 (0x0ff77713) andi    a4, a4, 255
core   0: 3 0x000000008000fef4 (0x0ff77713) x14 0x0000000000000000
core   0: 0x000000008000fef8 (0x00e78023) sb      a4, 0(a5)
core   0: 3 0x000000008000fef8 (0x00e78023) mem 0x00000000800120a4 0x00
core   0: 0x000000008000fefc (0xfc843703) ld      a4, -56(s0)
core   0: 3 0x000000008000fefc (0xfc843703) x14 0x0000000080012040 mem 0x0000000080031f38
core   0: 0x000000008000ff00 (0xfb843783) ld      a5, -72(s0)
core   0: 3 0x000000008000ff00 (0xfb843783) x15 0x000000000000009c mem 0x0000000080031f28
core   0: 0x000000008000ff04 (0x000097ba) c.add   a5, a4
core   0: 3 0x000000008000ff04 (0x97ba) x15 0x00000000800120dc
core   0: 0x000000008000ff06 (0xfe043703) ld      a4, -32(s0)
core   0: 3 0x000000008000ff06 (0xfe043703) x14 0x00000000800120a5 mem 0x0000000080031f50
core   0: 0x000000008000ff0a (0xfcf76de3) bltu    a4, a5, pc - 38
core   0: 3 0x000000008000ff0a (0xfcf76de3)
core   0: 0x000000008000fee4 (0xfe043783) ld      a5, -32(s0)
core   0: 3 0x000000008000fee4 (0xfe043783) x15 0x00000000800120a5 mem 0x0000000080031f50
core   0: 0x000000008000fee8 (0x00178713) addi    a4, a5, 1
core   0: 3 0x000000008000fee8 (0x00178713) x14 0x00000000800120a6
core   0: 0x000000008000feec (0xfee43023) sd      a4, -32(s0)
core   0: 3 0x000000008000feec (0xfee43023) mem 0x0000000080031f50 0x00000000800120a6
core   0: 0x000000008000fef0 (0xfc442703) lw      a4, -60(s0)
core   0: 3 0x000000008000fef0 (0xfc442703) x14 0x0000000000000000 mem 0x0000000080031f34
core   0: 0x000000008000fef4 (0x0ff77713) andi    a4, a4, 255
core   0: 3 0x000000008000fef4 (0x0ff77713) x14 0x0000000000000000
core   0: 0x000000008000fef8 (0x00e78023) sb      a4, 0(a5)
core   0: 3 0x000000008000fef8 (0x00e78023) mem 0x00000000800120a5 0x00
core   0: 0x000000008000fefc (0xfc843703) ld      a4, -56(s0)
core   0: 3 0x000000008000fefc (0xfc843703) x14 0x0000000080012040 mem 0x0000000080031f38
core   0: 0x000000008000ff00 (0xfb843783) ld      a5, -72(s0)
core   0: 3 0x000000008000ff00 (0xfb843783) x15 0x000000000000009c mem 0x0000000080031f28
core   0: 0x000000008000ff04 (0x000097ba) c.add   a5, a4
core   0: 3 0x000000008000ff04 (0x97ba) x15 0x00000000800120dc
core   0: 0x000000008000ff06 (0xfe043703) ld      a4, -32(s0)
core   0: 3 0x000000008000ff06 (0xfe043703) x14 0x00000000800120a6 mem 0x0000000080031f50
core   0: 0x000000008000ff0a (0xfcf76de3) bltu    a4, a5, pc - 38
core   0: 3 0x000000008000ff0a (0xfcf76de3)
core   0: 0x000000008000fee4 (0xfe043783) ld      a5, -32(s0)
core   0: 3 0x000000008000fee4 (0xfe043783) x15 0x00000000800120a6 mem 0x0000000080031f50
core   0: 0x000000008000fee8 (0x00178713) addi    a4, a5, 1
core   0: 3 0x000000008000fee8 (0x00178713) x14 0x00000000800120a7
core   0: 0x000000008000feec (0xfee43023) sd      a4, -32(s0)
core   0: 3 0x000000008000feec (0xfee43023) mem 0x0000000080031f50 0x00000000800120a7
core   0: 0x000000008000fef0 (0xfc442703) lw      a4, -60(s0)
core   0: 3 0x000000008000fef0 (0xfc442703) x14 0x0000000000000000 mem 0x0000000080031f34
core   0: 0x000000008000fef4 (0x0ff77713) andi    a4, a4, 255
core   0: 3 0x000000008000fef4 (0x0ff77713) x14 0x0000000000000000
core   0: 0x000000008000fef8 (0x00e78023) sb      a4, 0(a5)
core   0: 3 0x000000008000fef8 (0x00e78023) mem 0x00000000800120a6 0x00
core   0: 0x000000008000fefc (0xfc843703) ld      a4, -56(s0)
core   0: 3 0x000000008000fefc (0xfc843703) x14 0x0000000080012040 mem 0x0000000080031f38
core   0: 0x000000008000ff00 (0xfb843783) ld      a5, -72(s0)
core   0: 3 0x000000008000ff00 (0xfb843783) x15 0x000000000000009c mem 0x0000000080031f28
core   0: 0x000000008000ff04 (0x000097ba) c.add   a5, a4
core   0: 3 0x000000008000ff04 (0x97ba) x15 0x00000000800120dc
core   0: 0x000000008000ff06 (0xfe043703) ld      a4, -32(s0)
core   0: 3 0x000000008000ff06 (0xfe043703) x14 0x00000000800120a7 mem 0x0000000080031f50
core   0: 0x000000008000ff0a (0xfcf76de3) bltu    a4, a5, pc - 38
core   0: 3 0x000000008000ff0a (0xfcf76de3)
core   0: 0x000000008000fee4 (0xfe043783) ld      a5, -32(s0)
core   0: 3 0x000000008000fee4 (0xfe043783) x15 0x00000000800120a7 mem 0x0000000080031f50
core   0: 0x000000008000fee8 (0x00178713) addi    a4, a5, 1
core   0: 3 0x000000008000fee8 (0x00178713) x14 0x00000000800120a8
core   0: 0x000000008000feec (0xfee43023) sd      a4, -32(s0)
core   0: 3 0x000000008000feec (0xfee43023) mem 0x0000000080031f50 0x00000000800120a8
core   0: 0x000000008000fef0 (0xfc442703) lw      a4, -60(s0)
core   0: 3 0x000000008000fef0 (0xfc442703) x14 0x0000000000000000 mem 0x0000000080031f34
core   0: 0x000000008000fef4 (0x0ff77713) andi    a4, a4, 255
core   0: 3 0x000000008000fef4 (0x0ff77713) x14 0x0000000000000000
core   0: 0x000000008000fef8 (0x00e78023) sb      a4, 0(a5)
core   0: 3 0x000000008000fef8 (0x00e78023) mem 0x00000000800120a7 0x00
core   0: 0x000000008000fefc (0xfc843703) ld      a4, -56(s0)
core   0: 3 0x000000008000fefc (0xfc843703) x14 0x0000000080012040 mem 0x0000000080031f38
core   0: 0x000000008000ff00 (0xfb843783) ld      a5, -72(s0)
core   0: 3 0x000000008000ff00 (0xfb843783) x15 0x000000000000009c mem 0x0000000080031f28
core   0: 0x000000008000ff04 (0x000097ba) c.add   a5, a4
core   0: 3 0x000000008000ff04 (0x97ba) x15 0x00000000800120dc
core   0: 0x000000008000ff06 (0xfe043703) ld      a4, -32(s0)
core   0: 3 0x000000008000ff06 (0xfe043703) x14 0x00000000800120a8 mem 0x0000000080031f50
core   0: 0x000000008000ff0a (0xfcf76de3) bltu    a4, a5, pc - 38
core   0: 3 0x000000008000ff0a (0xfcf76de3)
core   0: 0x000000008000fee4 (0xfe043783) ld      a5, -32(s0)
core   0: 3 0x000000008000fee4 (0xfe043783) x15 0x00000000800120a8 mem 0x0000000080031f50
core   0: 0x000000008000fee8 (0x00178713) addi    a4, a5, 1
core   0: 3 0x000000008000fee8 (0x00178713) x14 0x00000000800120a9
core   0: 0x000000008000feec (0xfee43023) sd      a4, -32(s0)
core   0: 3 0x000000008000feec (0xfee43023) mem 0x0000000080031f50 0x00000000800120a9
core   0: 0x000000008000fef0 (0xfc442703) lw      a4, -60(s0)
core   0: 3 0x000000008000fef0 (0xfc442703) x14 0x0000000000000000 mem 0x0000000080031f34
core   0: 0x000000008000fef4 (0x0ff77713) andi    a4, a4, 255
core   0: 3 0x000000008000fef4 (0x0ff77713) x14 0x0000000000000000
core   0: 0x000000008000fef8 (0x00e78023) sb      a4, 0(a5)
core   0: 3 0x000000008000fef8 (0x00e78023) mem 0x00000000800120a8 0x00
core   0: 0x000000008000fefc (0xfc843703) ld      a4, -56(s0)
core   0: 3 0x000000008000fefc (0xfc843703) x14 0x0000000080012040 mem 0x0000000080031f38
core   0: 0x000000008000ff00 (0xfb843783) ld      a5, -72(s0)
core   0: 3 0x000000008000ff00 (0xfb843783) x15 0x000000000000009c mem 0x0000000080031f28
core   0: 0x000000008000ff04 (0x000097ba) c.add   a5, a4
core   0: 3 0x000000008000ff04 (0x97ba) x15 0x00000000800120dc
core   0: 0x000000008000ff06 (0xfe043703) ld      a4, -32(s0)
core   0: 3 0x000000008000ff06 (0xfe043703) x14 0x00000000800120a9 mem 0x0000000080031f50
core   0: 0x000000008000ff0a (0xfcf76de3) bltu    a4, a5, pc - 38
core   0: 3 0x000000008000ff0a (0xfcf76de3)
core   0: 0x000000008000fee4 (0xfe043783) ld      a5, -32(s0)
core   0: 3 0x000000008000fee4 (0xfe043783) x15 0x00000000800120a9 mem 0x0000000080031f50
core   0: 0x000000008000fee8 (0x00178713) addi    a4, a5, 1
core   0: 3 0x000000008000fee8 (0x00178713) x14 0x00000000800120aa
core   0: 0x000000008000feec (0xfee43023) sd      a4, -32(s0)
core   0: 3 0x000000008000feec (0xfee43023) mem 0x0000000080031f50 0x00000000800120aa
core   0: 0x000000008000fef0 (0xfc442703) lw      a4, -60(s0)
core   0: 3 0x000000008000fef0 (0xfc442703) x14 0x0000000000000000 mem 0x0000000080031f34
core   0: 0x000000008000fef4 (0x0ff77713) andi    a4, a4, 255
core   0: 3 0x000000008000fef4 (0x0ff77713) x14 0x0000000000000000
core   0: 0x000000008000fef8 (0x00e78023) sb      a4, 0(a5)
core   0: 3 0x000000008000fef8 (0x00e78023) mem 0x00000000800120a9 0x00
core   0: 0x000000008000fefc (0xfc843703) ld      a4, -56(s0)
core   0: 3 0x000000008000fefc (0xfc843703) x14 0x0000000080012040 mem 0x0000000080031f38
core   0: 0x000000008000ff00 (0xfb843783) ld      a5, -72(s0)
core   0: 3 0x000000008000ff00 (0xfb843783) x15 0x000000000000009c mem 0x0000000080031f28
core   0: 0x000000008000ff04 (0x000097ba) c.add   a5, a4
core   0: 3 0x000000008000ff04 (0x97ba) x15 0x00000000800120dc
core   0: 0x000000008000ff06 (0xfe043703) ld      a4, -32(s0)
core   0: 3 0x000000008000ff06 (0xfe043703) x14 0x00000000800120aa mem 0x0000000080031f50
core   0: 0x000000008000ff0a (0xfcf76de3) bltu    a4, a5, pc - 38
core   0: 3 0x000000008000ff0a (0xfcf76de3)
core   0: 0x000000008000fee4 (0xfe043783) ld      a5, -32(s0)
core   0: 3 0x000000008000fee4 (0xfe043783) x15 0x00000000800120aa mem 0x0000000080031f50
core   0: 0x000000008000fee8 (0x00178713) addi    a4, a5, 1
core   0: 3 0x000000008000fee8 (0x00178713) x14 0x00000000800120ab
core   0: 0x000000008000feec (0xfee43023) sd      a4, -32(s0)
core   0: 3 0x000000008000feec (0xfee43023) mem 0x0000000080031f50 0x00000000800120ab
core   0: 0x000000008000fef0 (0xfc442703) lw      a4, -60(s0)
core   0: 3 0x000000008000fef0 (0xfc442703) x14 0x0000000000000000 mem 0x0000000080031f34
core   0: 0x000000008000fef4 (0x0ff77713) andi    a4, a4, 255
core   0: 3 0x000000008000fef4 (0x0ff77713) x14 0x0000000000000000
core   0: 0x000000008000fef8 (0x00e78023) sb      a4, 0(a5)
core   0: 3 0x000000008000fef8 (0x00e78023) mem 0x00000000800120aa 0x00
core   0: 0x000000008000fefc (0xfc843703) ld      a4, -56(s0)
core   0: 3 0x000000008000fefc (0xfc843703) x14 0x0000000080012040 mem 0x0000000080031f38
core   0: 0x000000008000ff00 (0xfb843783) ld      a5, -72(s0)
core   0: 3 0x000000008000ff00 (0xfb843783) x15 0x000000000000009c mem 0x0000000080031f28
core   0: 0x000000008000ff04 (0x000097ba) c.add   a5, a4
core   0: 3 0x000000008000ff04 (0x97ba) x15 0x00000000800120dc
core   0: 0x000000008000ff06 (0xfe043703) ld      a4, -32(s0)
core   0: 3 0x000000008000ff06 (0xfe043703) x14 0x00000000800120ab mem 0x0000000080031f50
core   0: 0x000000008000ff0a (0xfcf76de3) bltu    a4, a5, pc - 38
core   0: 3 0x000000008000ff0a (0xfcf76de3)
core   0: 0x000000008000fee4 (0xfe043783) ld      a5, -32(s0)
core   0: 3 0x000000008000fee4 (0xfe043783) x15 0x00000000800120ab mem 0x0000000080031f50
core   0: 0x000000008000fee8 (0x00178713) addi    a4, a5, 1
core   0: 3 0x000000008000fee8 (0x00178713) x14 0x00000000800120ac
core   0: 0x000000008000feec (0xfee43023) sd      a4, -32(s0)
core   0: 3 0x000000008000feec (0xfee43023) mem 0x0000000080031f50 0x00000000800120ac
core   0: 0x000000008000fef0 (0xfc442703) lw      a4, -60(s0)
core   0: 3 0x000000008000fef0 (0xfc442703) x14 0x0000000000000000 mem 0x0000000080031f34
core   0: 0x000000008000fef4 (0x0ff77713) andi    a4, a4, 255
core   0: 3 0x000000008000fef4 (0x0ff77713) x14 0x0000000000000000
core   0: 0x000000008000fef8 (0x00e78023) sb      a4, 0(a5)
core   0: 3 0x000000008000fef8 (0x00e78023) mem 0x00000000800120ab 0x00
core   0: 0x000000008000fefc (0xfc843703) ld      a4, -56(s0)
core   0: 3 0x000000008000fefc (0xfc843703) x14 0x0000000080012040 mem 0x0000000080031f38
core   0: 0x000000008000ff00 (0xfb843783) ld      a5, -72(s0)
core   0: 3 0x000000008000ff00 (0xfb843783) x15 0x000000000000009c mem 0x0000000080031f28
core   0: 0x000000008000ff04 (0x000097ba) c.add   a5, a4
core   0: 3 0x000000008000ff04 (0x97ba) x15 0x00000000800120dc
core   0: 0x000000008000ff06 (0xfe043703) ld      a4, -32(s0)
core   0: 3 0x000000008000ff06 (0xfe043703) x14 0x00000000800120ac mem 0x0000000080031f50
core   0: 0x000000008000ff0a (0xfcf76de3) bltu    a4, a5, pc - 38
core   0: 3 0x000000008000ff0a (0xfcf76de3)
core   0: 0x000000008000fee4 (0xfe043783) ld      a5, -32(s0)
core   0: 3 0x000000008000fee4 (0xfe043783) x15 0x00000000800120ac mem 0x0000000080031f50
core   0: 0x000000008000fee8 (0x00178713) addi    a4, a5, 1
core   0: 3 0x000000008000fee8 (0x00178713) x14 0x00000000800120ad
core   0: 0x000000008000feec (0xfee43023) sd      a4, -32(s0)
core   0: 3 0x000000008000feec (0xfee43023) mem 0x0000000080031f50 0x00000000800120ad
core   0: 0x000000008000fef0 (0xfc442703) lw      a4, -60(s0)
core   0: 3 0x000000008000fef0 (0xfc442703) x14 0x0000000000000000 mem 0x0000000080031f34
core   0: 0x000000008000fef4 (0x0ff77713) andi    a4, a4, 255
core   0: 3 0x000000008000fef4 (0x0ff77713) x14 0x0000000000000000
core   0: 0x000000008000fef8 (0x00e78023) sb      a4, 0(a5)
core   0: 3 0x000000008000fef8 (0x00e78023) mem 0x00000000800120ac 0x00
core   0: 0x000000008000fefc (0xfc843703) ld      a4, -56(s0)
core   0: 3 0x000000008000fefc (0xfc843703) x14 0x0000000080012040 mem 0x0000000080031f38
core   0: 0x000000008000ff00 (0xfb843783) ld      a5, -72(s0)
core   0: 3 0x000000008000ff00 (0xfb843783) x15 0x000000000000009c mem 0x0000000080031f28
core   0: 0x000000008000ff04 (0x000097ba) c.add   a5, a4
core   0: 3 0x000000008000ff04 (0x97ba) x15 0x00000000800120dc
core   0: 0x000000008000ff06 (0xfe043703) ld      a4, -32(s0)
core   0: 3 0x000000008000ff06 (0xfe043703) x14 0x00000000800120ad mem 0x0000000080031f50
core   0: 0x000000008000ff0a (0xfcf76de3) bltu    a4, a5, pc - 38
core   0: 3 0x000000008000ff0a (0xfcf76de3)
core   0: 0x000000008000fee4 (0xfe043783) ld      a5, -32(s0)
core   0: 3 0x000000008000fee4 (0xfe043783) x15 0x00000000800120ad mem 0x0000000080031f50
core   0: 0x000000008000fee8 (0x00178713) addi    a4, a5, 1
core   0: 3 0x000000008000fee8 (0x00178713) x14 0x00000000800120ae
core   0: 0x000000008000feec (0xfee43023) sd      a4, -32(s0)
core   0: 3 0x000000008000feec (0xfee43023) mem 0x0000000080031f50 0x00000000800120ae
core   0: 0x000000008000fef0 (0xfc442703) lw      a4, -60(s0)
core   0: 3 0x000000008000fef0 (0xfc442703) x14 0x0000000000000000 mem 0x0000000080031f34
core   0: 0x000000008000fef4 (0x0ff77713) andi    a4, a4, 255
core   0: 3 0x000000008000fef4 (0x0ff77713) x14 0x0000000000000000
core   0: 0x000000008000fef8 (0x00e78023) sb      a4, 0(a5)
core   0: 3 0x000000008000fef8 (0x00e78023) mem 0x00000000800120ad 0x00
core   0: 0x000000008000fefc (0xfc843703) ld      a4, -56(s0)
core   0: 3 0x000000008000fefc (0xfc843703) x14 0x0000000080012040 mem 0x0000000080031f38
core   0: 0x000000008000ff00 (0xfb843783) ld      a5, -72(s0)
core   0: 3 0x000000008000ff00 (0xfb843783) x15 0x000000000000009c mem 0x0000000080031f28
core   0: 0x000000008000ff04 (0x000097ba) c.add   a5, a4
core   0: 3 0x000000008000ff04 (0x97ba) x15 0x00000000800120dc
core   0: 0x000000008000ff06 (0xfe043703) ld      a4, -32(s0)
core   0: 3 0x000000008000ff06 (0xfe043703) x14 0x00000000800120ae mem 0x0000000080031f50
core   0: 0x000000008000ff0a (0xfcf76de3) bltu    a4, a5, pc - 38
core   0: 3 0x000000008000ff0a (0xfcf76de3)
core   0: 0x000000008000fee4 (0xfe043783) ld      a5, -32(s0)
core   0: 3 0x000000008000fee4 (0xfe043783) x15 0x00000000800120ae mem 0x0000000080031f50
core   0: 0x000000008000fee8 (0x00178713) addi    a4, a5, 1
core   0: 3 0x000000008000fee8 (0x00178713) x14 0x00000000800120af
core   0: 0x000000008000feec (0xfee43023) sd      a4, -32(s0)
core   0: 3 0x000000008000feec (0xfee43023) mem 0x0000000080031f50 0x00000000800120af
core   0: 0x000000008000fef0 (0xfc442703) lw      a4, -60(s0)
core   0: 3 0x000000008000fef0 (0xfc442703) x14 0x0000000000000000 mem 0x0000000080031f34
core   0: 0x000000008000fef4 (0x0ff77713) andi    a4, a4, 255
core   0: 3 0x000000008000fef4 (0x0ff77713) x14 0x0000000000000000
core   0: 0x000000008000fef8 (0x00e78023) sb      a4, 0(a5)
core   0: 3 0x000000008000fef8 (0x00e78023) mem 0x00000000800120ae 0x00
core   0: 0x000000008000fefc (0xfc843703) ld      a4, -56(s0)
core   0: 3 0x000000008000fefc (0xfc843703) x14 0x0000000080012040 mem 0x0000000080031f38
core   0: 0x000000008000ff00 (0xfb843783) ld      a5, -72(s0)
core   0: 3 0x000000008000ff00 (0xfb843783) x15 0x000000000000009c mem 0x0000000080031f28
core   0: 0x000000008000ff04 (0x000097ba) c.add   a5, a4
core   0: 3 0x000000008000ff04 (0x97ba) x15 0x00000000800120dc
core   0: 0x000000008000ff06 (0xfe043703) ld      a4, -32(s0)
core   0: 3 0x000000008000ff06 (0xfe043703) x14 0x00000000800120af mem 0x0000000080031f50
core   0: 0x000000008000ff0a (0xfcf76de3) bltu    a4, a5, pc - 38
core   0: 3 0x000000008000ff0a (0xfcf76de3)
core   0: 0x000000008000fee4 (0xfe043783) ld      a5, -32(s0)
core   0: 3 0x000000008000fee4 (0xfe043783) x15 0x00000000800120af mem 0x0000000080031f50
core   0: 0x000000008000fee8 (0x00178713) addi    a4, a5, 1
core   0: 3 0x000000008000fee8 (0x00178713) x14 0x00000000800120b0
core   0: 0x000000008000feec (0xfee43023) sd      a4, -32(s0)
core   0: 3 0x000000008000feec (0xfee43023) mem 0x0000000080031f50 0x00000000800120b0
core   0: 0x000000008000fef0 (0xfc442703) lw      a4, -60(s0)
core   0: 3 0x000000008000fef0 (0xfc442703) x14 0x0000000000000000 mem 0x0000000080031f34
core   0: 0x000000008000fef4 (0x0ff77713) andi    a4, a4, 255
core   0: 3 0x000000008000fef4 (0x0ff77713) x14 0x0000000000000000
core   0: 0x000000008000fef8 (0x00e78023) sb      a4, 0(a5)
core   0: 3 0x000000008000fef8 (0x00e78023) mem 0x00000000800120af 0x00
core   0: 0x000000008000fefc (0xfc843703) ld      a4, -56(s0)
core   0: 3 0x000000008000fefc (0xfc843703) x14 0x0000000080012040 mem 0x0000000080031f38
core   0: 0x000000008000ff00 (0xfb843783) ld      a5, -72(s0)
core   0: 3 0x000000008000ff00 (0xfb843783) x15 0x000000000000009c mem 0x0000000080031f28
core   0: 0x000000008000ff04 (0x000097ba) c.add   a5, a4
core   0: 3 0x000000008000ff04 (0x97ba) x15 0x00000000800120dc
core   0: 0x000000008000ff06 (0xfe043703) ld      a4, -32(s0)
core   0: 3 0x000000008000ff06 (0xfe043703) x14 0x00000000800120b0 mem 0x0000000080031f50
core   0: 0x000000008000ff0a (0xfcf76de3) bltu    a4, a5, pc - 38
core   0: 3 0x000000008000ff0a (0xfcf76de3)
core   0: 0x000000008000fee4 (0xfe043783) ld      a5, -32(s0)
core   0: 3 0x000000008000fee4 (0xfe043783) x15 0x00000000800120b0 mem 0x0000000080031f50
core   0: 0x000000008000fee8 (0x00178713) addi    a4, a5, 1
core   0: 3 0x000000008000fee8 (0x00178713) x14 0x00000000800120b1
core   0: 0x000000008000feec (0xfee43023) sd      a4, -32(s0)
core   0: 3 0x000000008000feec (0xfee43023) mem 0x0000000080031f50 0x00000000800120b1
core   0: 0x000000008000fef0 (0xfc442703) lw      a4, -60(s0)
core   0: 3 0x000000008000fef0 (0xfc442703) x14 0x0000000000000000 mem 0x0000000080031f34
core   0: 0x000000008000fef4 (0x0ff77713) andi    a4, a4, 255
core   0: 3 0x000000008000fef4 (0x0ff77713) x14 0x0000000000000000
core   0: 0x000000008000fef8 (0x00e78023) sb      a4, 0(a5)
core   0: 3 0x000000008000fef8 (0x00e78023) mem 0x00000000800120b0 0x00
core   0: 0x000000008000fefc (0xfc843703) ld      a4, -56(s0)
core   0: 3 0x000000008000fefc (0xfc843703) x14 0x0000000080012040 mem 0x0000000080031f38
core   0: 0x000000008000ff00 (0xfb843783) ld      a5, -72(s0)
core   0: 3 0x000000008000ff00 (0xfb843783) x15 0x000000000000009c mem 0x0000000080031f28
core   0: 0x000000008000ff04 (0x000097ba) c.add   a5, a4
core   0: 3 0x000000008000ff04 (0x97ba) x15 0x00000000800120dc
core   0: 0x000000008000ff06 (0xfe043703) ld      a4, -32(s0)
core   0: 3 0x000000008000ff06 (0xfe043703) x14 0x00000000800120b1 mem 0x0000000080031f50
core   0: 0x000000008000ff0a (0xfcf76de3) bltu    a4, a5, pc - 38
core   0: 3 0x000000008000ff0a (0xfcf76de3)
core   0: 0x000000008000fee4 (0xfe043783) ld      a5, -32(s0)
core   0: 3 0x000000008000fee4 (0xfe043783) x15 0x00000000800120b1 mem 0x0000000080031f50
core   0: 0x000000008000fee8 (0x00178713) addi    a4, a5, 1
core   0: 3 0x000000008000fee8 (0x00178713) x14 0x00000000800120b2
core   0: 0x000000008000feec (0xfee43023) sd      a4, -32(s0)
core   0: 3 0x000000008000feec (0xfee43023) mem 0x0000000080031f50 0x00000000800120b2
core   0: 0x000000008000fef0 (0xfc442703) lw      a4, -60(s0)
core   0: 3 0x000000008000fef0 (0xfc442703) x14 0x0000000000000000 mem 0x0000000080031f34
core   0: 0x000000008000fef4 (0x0ff77713) andi    a4, a4, 255
core   0: 3 0x000000008000fef4 (0x0ff77713) x14 0x0000000000000000
core   0: 0x000000008000fef8 (0x00e78023) sb      a4, 0(a5)
core   0: 3 0x000000008000fef8 (0x00e78023) mem 0x00000000800120b1 0x00
core   0: 0x000000008000fefc (0xfc843703) ld      a4, -56(s0)
core   0: 3 0x000000008000fefc (0xfc843703) x14 0x0000000080012040 mem 0x0000000080031f38
core   0: 0x000000008000ff00 (0xfb843783) ld      a5, -72(s0)
core   0: 3 0x000000008000ff00 (0xfb843783) x15 0x000000000000009c mem 0x0000000080031f28
core   0: 0x000000008000ff04 (0x000097ba) c.add   a5, a4
core   0: 3 0x000000008000ff04 (0x97ba) x15 0x00000000800120dc
core   0: 0x000000008000ff06 (0xfe043703) ld      a4, -32(s0)
core   0: 3 0x000000008000ff06 (0xfe043703) x14 0x00000000800120b2 mem 0x0000000080031f50
core   0: 0x000000008000ff0a (0xfcf76de3) bltu    a4, a5, pc - 38
core   0: 3 0x000000008000ff0a (0xfcf76de3)
core   0: 0x000000008000fee4 (0xfe043783) ld      a5, -32(s0)
core   0: 3 0x000000008000fee4 (0xfe043783) x15 0x00000000800120b2 mem 0x0000000080031f50
core   0: 0x000000008000fee8 (0x00178713) addi    a4, a5, 1
core   0: 3 0x000000008000fee8 (0x00178713) x14 0x00000000800120b3
core   0: 0x000000008000feec (0xfee43023) sd      a4, -32(s0)
core   0: 3 0x000000008000feec (0xfee43023) mem 0x0000000080031f50 0x00000000800120b3
core   0: 0x000000008000fef0 (0xfc442703) lw      a4, -60(s0)
core   0: 3 0x000000008000fef0 (0xfc442703) x14 0x0000000000000000 mem 0x0000000080031f34
core   0: 0x000000008000fef4 (0x0ff77713) andi    a4, a4, 255
core   0: 3 0x000000008000fef4 (0x0ff77713) x14 0x0000000000000000
core   0: 0x000000008000fef8 (0x00e78023) sb      a4, 0(a5)
core   0: 3 0x000000008000fef8 (0x00e78023) mem 0x00000000800120b2 0x00
core   0: 0x000000008000fefc (0xfc843703) ld      a4, -56(s0)
core   0: 3 0x000000008000fefc (0xfc843703) x14 0x0000000080012040 mem 0x0000000080031f38
core   0: 0x000000008000ff00 (0xfb843783) ld      a5, -72(s0)
core   0: 3 0x000000008000ff00 (0xfb843783) x15 0x000000000000009c mem 0x0000000080031f28
core   0: 0x000000008000ff04 (0x000097ba) c.add   a5, a4
core   0: 3 0x000000008000ff04 (0x97ba) x15 0x00000000800120dc
core   0: 0x000000008000ff06 (0xfe043703) ld      a4, -32(s0)
core   0: 3 0x000000008000ff06 (0xfe043703) x14 0x00000000800120b3 mem 0x0000000080031f50
core   0: 0x000000008000ff0a (0xfcf76de3) bltu    a4, a5, pc - 38
core   0: 3 0x000000008000ff0a (0xfcf76de3)
core   0: 0x000000008000fee4 (0xfe043783) ld      a5, -32(s0)
core   0: 3 0x000000008000fee4 (0xfe043783) x15 0x00000000800120b3 mem 0x0000000080031f50
core   0: 0x000000008000fee8 (0x00178713) addi    a4, a5, 1
core   0: 3 0x000000008000fee8 (0x00178713) x14 0x00000000800120b4
core   0: 0x000000008000feec (0xfee43023) sd      a4, -32(s0)
core   0: 3 0x000000008000feec (0xfee43023) mem 0x0000000080031f50 0x00000000800120b4
core   0: 0x000000008000fef0 (0xfc442703) lw      a4, -60(s0)
core   0: 3 0x000000008000fef0 (0xfc442703) x14 0x0000000000000000 mem 0x0000000080031f34
core   0: 0x000000008000fef4 (0x0ff77713) andi    a4, a4, 255
core   0: 3 0x000000008000fef4 (0x0ff77713) x14 0x0000000000000000
core   0: 0x000000008000fef8 (0x00e78023) sb      a4, 0(a5)
core   0: 3 0x000000008000fef8 (0x00e78023) mem 0x00000000800120b3 0x00
core   0: 0x000000008000fefc (0xfc843703) ld      a4, -56(s0)
core   0: 3 0x000000008000fefc (0xfc843703) x14 0x0000000080012040 mem 0x0000000080031f38
core   0: 0x000000008000ff00 (0xfb843783) ld      a5, -72(s0)
core   0: 3 0x000000008000ff00 (0xfb843783) x15 0x000000000000009c mem 0x0000000080031f28
core   0: 0x000000008000ff04 (0x000097ba) c.add   a5, a4
core   0: 3 0x000000008000ff04 (0x97ba) x15 0x00000000800120dc
core   0: 0x000000008000ff06 (0xfe043703) ld      a4, -32(s0)
core   0: 3 0x000000008000ff06 (0xfe043703) x14 0x00000000800120b4 mem 0x0000000080031f50
core   0: 0x000000008000ff0a (0xfcf76de3) bltu    a4, a5, pc - 38
core   0: 3 0x000000008000ff0a (0xfcf76de3)
core   0: 0x000000008000fee4 (0xfe043783) ld      a5, -32(s0)
core   0: 3 0x000000008000fee4 (0xfe043783) x15 0x00000000800120b4 mem 0x0000000080031f50
core   0: 0x000000008000fee8 (0x00178713) addi    a4, a5, 1
core   0: 3 0x000000008000fee8 (0x00178713) x14 0x00000000800120b5
core   0: 0x000000008000feec (0xfee43023) sd      a4, -32(s0)
core   0: 3 0x000000008000feec (0xfee43023) mem 0x0000000080031f50 0x00000000800120b5
core   0: 0x000000008000fef0 (0xfc442703) lw      a4, -60(s0)
core   0: 3 0x000000008000fef0 (0xfc442703) x14 0x0000000000000000 mem 0x0000000080031f34
core   0: 0x000000008000fef4 (0x0ff77713) andi    a4, a4, 255
core   0: 3 0x000000008000fef4 (0x0ff77713) x14 0x0000000000000000
core   0: 0x000000008000fef8 (0x00e78023) sb      a4, 0(a5)
core   0: 3 0x000000008000fef8 (0x00e78023) mem 0x00000000800120b4 0x00
core   0: 0x000000008000fefc (0xfc843703) ld      a4, -56(s0)
core   0: 3 0x000000008000fefc (0xfc843703) x14 0x0000000080012040 mem 0x0000000080031f38
core   0: 0x000000008000ff00 (0xfb843783) ld      a5, -72(s0)
core   0: 3 0x000000008000ff00 (0xfb843783) x15 0x000000000000009c mem 0x0000000080031f28
core   0: 0x000000008000ff04 (0x000097ba) c.add   a5, a4
core   0: 3 0x000000008000ff04 (0x97ba) x15 0x00000000800120dc
core   0: 0x000000008000ff06 (0xfe043703) ld      a4, -32(s0)
core   0: 3 0x000000008000ff06 (0xfe043703) x14 0x00000000800120b5 mem 0x0000000080031f50
core   0: 0x000000008000ff0a (0xfcf76de3) bltu    a4, a5, pc - 38
core   0: 3 0x000000008000ff0a (0xfcf76de3)
core   0: 0x000000008000fee4 (0xfe043783) ld      a5, -32(s0)
core   0: 3 0x000000008000fee4 (0xfe043783) x15 0x00000000800120b5 mem 0x0000000080031f50
core   0: 0x000000008000fee8 (0x00178713) addi    a4, a5, 1
core   0: 3 0x000000008000fee8 (0x00178713) x14 0x00000000800120b6
core   0: 0x000000008000feec (0xfee43023) sd      a4, -32(s0)
core   0: 3 0x000000008000feec (0xfee43023) mem 0x0000000080031f50 0x00000000800120b6
core   0: 0x000000008000fef0 (0xfc442703) lw      a4, -60(s0)
core   0: 3 0x000000008000fef0 (0xfc442703) x14 0x0000000000000000 mem 0x0000000080031f34
core   0: 0x000000008000fef4 (0x0ff77713) andi    a4, a4, 255
core   0: 3 0x000000008000fef4 (0x0ff77713) x14 0x0000000000000000
core   0: 0x000000008000fef8 (0x00e78023) sb      a4, 0(a5)
core   0: 3 0x000000008000fef8 (0x00e78023) mem 0x00000000800120b5 0x00
core   0: 0x000000008000fefc (0xfc843703) ld      a4, -56(s0)
core   0: 3 0x000000008000fefc (0xfc843703) x14 0x0000000080012040 mem 0x0000000080031f38
core   0: 0x000000008000ff00 (0xfb843783) ld      a5, -72(s0)
core   0: 3 0x000000008000ff00 (0xfb843783) x15 0x000000000000009c mem 0x0000000080031f28
core   0: 0x000000008000ff04 (0x000097ba) c.add   a5, a4
core   0: 3 0x000000008000ff04 (0x97ba) x15 0x00000000800120dc
core   0: 0x000000008000ff06 (0xfe043703) ld      a4, -32(s0)
core   0: 3 0x000000008000ff06 (0xfe043703) x14 0x00000000800120b6 mem 0x0000000080031f50
core   0: 0x000000008000ff0a (0xfcf76de3) bltu    a4, a5, pc - 38
core   0: 3 0x000000008000ff0a (0xfcf76de3)
core   0: 0x000000008000fee4 (0xfe043783) ld      a5, -32(s0)
core   0: 3 0x000000008000fee4 (0xfe043783) x15 0x00000000800120b6 mem 0x0000000080031f50
core   0: 0x000000008000fee8 (0x00178713) addi    a4, a5, 1
core   0: 3 0x000000008000fee8 (0x00178713) x14 0x00000000800120b7
core   0: 0x000000008000feec (0xfee43023) sd      a4, -32(s0)
core   0: 3 0x000000008000feec (0xfee43023) mem 0x0000000080031f50 0x00000000800120b7
core   0: 0x000000008000fef0 (0xfc442703) lw      a4, -60(s0)
core   0: 3 0x000000008000fef0 (0xfc442703) x14 0x0000000000000000 mem 0x0000000080031f34
core   0: 0x000000008000fef4 (0x0ff77713) andi    a4, a4, 255
core   0: 3 0x000000008000fef4 (0x0ff77713) x14 0x0000000000000000
core   0: 0x000000008000fef8 (0x00e78023) sb      a4, 0(a5)
core   0: 3 0x000000008000fef8 (0x00e78023) mem 0x00000000800120b6 0x00
core   0: 0x000000008000fefc (0xfc843703) ld      a4, -56(s0)
core   0: 3 0x000000008000fefc (0xfc843703) x14 0x0000000080012040 mem 0x0000000080031f38
core   0: 0x000000008000ff00 (0xfb843783) ld      a5, -72(s0)
core   0: 3 0x000000008000ff00 (0xfb843783) x15 0x000000000000009c mem 0x0000000080031f28
core   0: 0x000000008000ff04 (0x000097ba) c.add   a5, a4
core   0: 3 0x000000008000ff04 (0x97ba) x15 0x00000000800120dc
core   0: 0x000000008000ff06 (0xfe043703) ld      a4, -32(s0)
core   0: 3 0x000000008000ff06 (0xfe043703) x14 0x00000000800120b7 mem 0x0000000080031f50
core   0: 0x000000008000ff0a (0xfcf76de3) bltu    a4, a5, pc - 38
core   0: 3 0x000000008000ff0a (0xfcf76de3)
core   0: 0x000000008000fee4 (0xfe043783) ld      a5, -32(s0)
core   0: 3 0x000000008000fee4 (0xfe043783) x15 0x00000000800120b7 mem 0x0000000080031f50
core   0: 0x000000008000fee8 (0x00178713) addi    a4, a5, 1
core   0: 3 0x000000008000fee8 (0x00178713) x14 0x00000000800120b8
core   0: 0x000000008000feec (0xfee43023) sd      a4, -32(s0)
core   0: 3 0x000000008000feec (0xfee43023) mem 0x0000000080031f50 0x00000000800120b8
core   0: 0x000000008000fef0 (0xfc442703) lw      a4, -60(s0)
core   0: 3 0x000000008000fef0 (0xfc442703) x14 0x0000000000000000 mem 0x0000000080031f34
core   0: 0x000000008000fef4 (0x0ff77713) andi    a4, a4, 255
core   0: 3 0x000000008000fef4 (0x0ff77713) x14 0x0000000000000000
core   0: 0x000000008000fef8 (0x00e78023) sb      a4, 0(a5)
core   0: 3 0x000000008000fef8 (0x00e78023) mem 0x00000000800120b7 0x00
core   0: 0x000000008000fefc (0xfc843703) ld      a4, -56(s0)
core   0: 3 0x000000008000fefc (0xfc843703) x14 0x0000000080012040 mem 0x0000000080031f38
core   0: 0x000000008000ff00 (0xfb843783) ld      a5, -72(s0)
core   0: 3 0x000000008000ff00 (0xfb843783) x15 0x000000000000009c mem 0x0000000080031f28
core   0: 0x000000008000ff04 (0x000097ba) c.add   a5, a4
core   0: 3 0x000000008000ff04 (0x97ba) x15 0x00000000800120dc
core   0: 0x000000008000ff06 (0xfe043703) ld      a4, -32(s0)
core   0: 3 0x000000008000ff06 (0xfe043703) x14 0x00000000800120b8 mem 0x0000000080031f50
core   0: 0x000000008000ff0a (0xfcf76de3) bltu    a4, a5, pc - 38
core   0: 3 0x000000008000ff0a (0xfcf76de3)
core   0: 0x000000008000fee4 (0xfe043783) ld      a5, -32(s0)
core   0: 3 0x000000008000fee4 (0xfe043783) x15 0x00000000800120b8 mem 0x0000000080031f50
core   0: 0x000000008000fee8 (0x00178713) addi    a4, a5, 1
core   0: 3 0x000000008000fee8 (0x00178713) x14 0x00000000800120b9
core   0: 0x000000008000feec (0xfee43023) sd      a4, -32(s0)
core   0: 3 0x000000008000feec (0xfee43023) mem 0x0000000080031f50 0x00000000800120b9
core   0: 0x000000008000fef0 (0xfc442703) lw      a4, -60(s0)
core   0: 3 0x000000008000fef0 (0xfc442703) x14 0x0000000000000000 mem 0x0000000080031f34
core   0: 0x000000008000fef4 (0x0ff77713) andi    a4, a4, 255
core   0: 3 0x000000008000fef4 (0x0ff77713) x14 0x0000000000000000
core   0: 0x000000008000fef8 (0x00e78023) sb      a4, 0(a5)
core   0: 3 0x000000008000fef8 (0x00e78023) mem 0x00000000800120b8 0x00
core   0: 0x000000008000fefc (0xfc843703) ld      a4, -56(s0)
core   0: 3 0x000000008000fefc (0xfc843703) x14 0x0000000080012040 mem 0x0000000080031f38
core   0: 0x000000008000ff00 (0xfb843783) ld      a5, -72(s0)
core   0: 3 0x000000008000ff00 (0xfb843783) x15 0x000000000000009c mem 0x0000000080031f28
core   0: 0x000000008000ff04 (0x000097ba) c.add   a5, a4
core   0: 3 0x000000008000ff04 (0x97ba) x15 0x00000000800120dc
core   0: 0x000000008000ff06 (0xfe043703) ld      a4, -32(s0)
core   0: 3 0x000000008000ff06 (0xfe043703) x14 0x00000000800120b9 mem 0x0000000080031f50
core   0: 0x000000008000ff0a (0xfcf76de3) bltu    a4, a5, pc - 38
core   0: 3 0x000000008000ff0a (0xfcf76de3)
core   0: 0x000000008000fee4 (0xfe043783) ld      a5, -32(s0)
core   0: 3 0x000000008000fee4 (0xfe043783) x15 0x00000000800120b9 mem 0x0000000080031f50
core   0: 0x000000008000fee8 (0x00178713) addi    a4, a5, 1
core   0: 3 0x000000008000fee8 (0x00178713) x14 0x00000000800120ba
core   0: 0x000000008000feec (0xfee43023) sd      a4, -32(s0)
core   0: 3 0x000000008000feec (0xfee43023) mem 0x0000000080031f50 0x00000000800120ba
core   0: 0x000000008000fef0 (0xfc442703) lw      a4, -60(s0)
core   0: 3 0x000000008000fef0 (0xfc442703) x14 0x0000000000000000 mem 0x0000000080031f34
core   0: 0x000000008000fef4 (0x0ff77713) andi    a4, a4, 255
core   0: 3 0x000000008000fef4 (0x0ff77713) x14 0x0000000000000000
core   0: 0x000000008000fef8 (0x00e78023) sb      a4, 0(a5)
core   0: 3 0x000000008000fef8 (0x00e78023) mem 0x00000000800120b9 0x00
core   0: 0x000000008000fefc (0xfc843703) ld      a4, -56(s0)
core   0: 3 0x000000008000fefc (0xfc843703) x14 0x0000000080012040 mem 0x0000000080031f38
core   0: 0x000000008000ff00 (0xfb843783) ld      a5, -72(s0)
core   0: 3 0x000000008000ff00 (0xfb843783) x15 0x000000000000009c mem 0x0000000080031f28
core   0: 0x000000008000ff04 (0x000097ba) c.add   a5, a4
core   0: 3 0x000000008000ff04 (0x97ba) x15 0x00000000800120dc
core   0: 0x000000008000ff06 (0xfe043703) ld      a4, -32(s0)
core   0: 3 0x000000008000ff06 (0xfe043703) x14 0x00000000800120ba mem 0x0000000080031f50
core   0: 0x000000008000ff0a (0xfcf76de3) bltu    a4, a5, pc - 38
core   0: 3 0x000000008000ff0a (0xfcf76de3)
core   0: 0x000000008000fee4 (0xfe043783) ld      a5, -32(s0)
core   0: 3 0x000000008000fee4 (0xfe043783) x15 0x00000000800120ba mem 0x0000000080031f50
core   0: 0x000000008000fee8 (0x00178713) addi    a4, a5, 1
core   0: 3 0x000000008000fee8 (0x00178713) x14 0x00000000800120bb
core   0: 0x000000008000feec (0xfee43023) sd      a4, -32(s0)
core   0: 3 0x000000008000feec (0xfee43023) mem 0x0000000080031f50 0x00000000800120bb
core   0: 0x000000008000fef0 (0xfc442703) lw      a4, -60(s0)
core   0: 3 0x000000008000fef0 (0xfc442703) x14 0x0000000000000000 mem 0x0000000080031f34
core   0: 0x000000008000fef4 (0x0ff77713) andi    a4, a4, 255
core   0: 3 0x000000008000fef4 (0x0ff77713) x14 0x0000000000000000
core   0: 0x000000008000fef8 (0x00e78023) sb      a4, 0(a5)
core   0: 3 0x000000008000fef8 (0x00e78023) mem 0x00000000800120ba 0x00
core   0: 0x000000008000fefc (0xfc843703) ld      a4, -56(s0)
core   0: 3 0x000000008000fefc (0xfc843703) x14 0x0000000080012040 mem 0x0000000080031f38
core   0: 0x000000008000ff00 (0xfb843783) ld      a5, -72(s0)
core   0: 3 0x000000008000ff00 (0xfb843783) x15 0x000000000000009c mem 0x0000000080031f28
core   0: 0x000000008000ff04 (0x000097ba) c.add   a5, a4
core   0: 3 0x000000008000ff04 (0x97ba) x15 0x00000000800120dc
core   0: 0x000000008000ff06 (0xfe043703) ld      a4, -32(s0)
core   0: 3 0x000000008000ff06 (0xfe043703) x14 0x00000000800120bb mem 0x0000000080031f50
core   0: 0x000000008000ff0a (0xfcf76de3) bltu    a4, a5, pc - 38
core   0: 3 0x000000008000ff0a (0xfcf76de3)
core   0: 0x000000008000fee4 (0xfe043783) ld      a5, -32(s0)
core   0: 3 0x000000008000fee4 (0xfe043783) x15 0x00000000800120bb mem 0x0000000080031f50
core   0: 0x000000008000fee8 (0x00178713) addi    a4, a5, 1
core   0: 3 0x000000008000fee8 (0x00178713) x14 0x00000000800120bc
core   0: 0x000000008000feec (0xfee43023) sd      a4, -32(s0)
core   0: 3 0x000000008000feec (0xfee43023) mem 0x0000000080031f50 0x00000000800120bc
core   0: 0x000000008000fef0 (0xfc442703) lw      a4, -60(s0)
core   0: 3 0x000000008000fef0 (0xfc442703) x14 0x0000000000000000 mem 0x0000000080031f34
core   0: 0x000000008000fef4 (0x0ff77713) andi    a4, a4, 255
core   0: 3 0x000000008000fef4 (0x0ff77713) x14 0x0000000000000000
core   0: 0x000000008000fef8 (0x00e78023) sb      a4, 0(a5)
core   0: 3 0x000000008000fef8 (0x00e78023) mem 0x00000000800120bb 0x00
core   0: 0x000000008000fefc (0xfc843703) ld      a4, -56(s0)
core   0: 3 0x000000008000fefc (0xfc843703) x14 0x0000000080012040 mem 0x0000000080031f38
core   0: 0x000000008000ff00 (0xfb843783) ld      a5, -72(s0)
core   0: 3 0x000000008000ff00 (0xfb843783) x15 0x000000000000009c mem 0x0000000080031f28
core   0: 0x000000008000ff04 (0x000097ba) c.add   a5, a4
core   0: 3 0x000000008000ff04 (0x97ba) x15 0x00000000800120dc
core   0: 0x000000008000ff06 (0xfe043703) ld      a4, -32(s0)
core   0: 3 0x000000008000ff06 (0xfe043703) x14 0x00000000800120bc mem 0x0000000080031f50
core   0: 0x000000008000ff0a (0xfcf76de3) bltu    a4, a5, pc - 38
core   0: 3 0x000000008000ff0a (0xfcf76de3)
core   0: 0x000000008000fee4 (0xfe043783) ld      a5, -32(s0)
core   0: 3 0x000000008000fee4 (0xfe043783) x15 0x00000000800120bc mem 0x0000000080031f50
core   0: 0x000000008000fee8 (0x00178713) addi    a4, a5, 1
core   0: 3 0x000000008000fee8 (0x00178713) x14 0x00000000800120bd
core   0: 0x000000008000feec (0xfee43023) sd      a4, -32(s0)
core   0: 3 0x000000008000feec (0xfee43023) mem 0x0000000080031f50 0x00000000800120bd
core   0: 0x000000008000fef0 (0xfc442703) lw      a4, -60(s0)
core   0: 3 0x000000008000fef0 (0xfc442703) x14 0x0000000000000000 mem 0x0000000080031f34
core   0: 0x000000008000fef4 (0x0ff77713) andi    a4, a4, 255
core   0: 3 0x000000008000fef4 (0x0ff77713) x14 0x0000000000000000
core   0: 0x000000008000fef8 (0x00e78023) sb      a4, 0(a5)
core   0: 3 0x000000008000fef8 (0x00e78023) mem 0x00000000800120bc 0x00
core   0: 0x000000008000fefc (0xfc843703) ld      a4, -56(s0)
core   0: 3 0x000000008000fefc (0xfc843703) x14 0x0000000080012040 mem 0x0000000080031f38
core   0: 0x000000008000ff00 (0xfb843783) ld      a5, -72(s0)
core   0: 3 0x000000008000ff00 (0xfb843783) x15 0x000000000000009c mem 0x0000000080031f28
core   0: 0x000000008000ff04 (0x000097ba) c.add   a5, a4
core   0: 3 0x000000008000ff04 (0x97ba) x15 0x00000000800120dc
core   0: 0x000000008000ff06 (0xfe043703) ld      a4, -32(s0)
core   0: 3 0x000000008000ff06 (0xfe043703) x14 0x00000000800120bd mem 0x0000000080031f50
core   0: 0x000000008000ff0a (0xfcf76de3) bltu    a4, a5, pc - 38
core   0: 3 0x000000008000ff0a (0xfcf76de3)
core   0: 0x000000008000fee4 (0xfe043783) ld      a5, -32(s0)
core   0: 3 0x000000008000fee4 (0xfe043783) x15 0x00000000800120bd mem 0x0000000080031f50
core   0: 0x000000008000fee8 (0x00178713) addi    a4, a5, 1
core   0: 3 0x000000008000fee8 (0x00178713) x14 0x00000000800120be
core   0: 0x000000008000feec (0xfee43023) sd      a4, -32(s0)
core   0: 3 0x000000008000feec (0xfee43023) mem 0x0000000080031f50 0x00000000800120be
core   0: 0x000000008000fef0 (0xfc442703) lw      a4, -60(s0)
core   0: 3 0x000000008000fef0 (0xfc442703) x14 0x0000000000000000 mem 0x0000000080031f34
core   0: 0x000000008000fef4 (0x0ff77713) andi    a4, a4, 255
core   0: 3 0x000000008000fef4 (0x0ff77713) x14 0x0000000000000000
core   0: 0x000000008000fef8 (0x00e78023) sb      a4, 0(a5)
core   0: 3 0x000000008000fef8 (0x00e78023) mem 0x00000000800120bd 0x00
core   0: 0x000000008000fefc (0xfc843703) ld      a4, -56(s0)
core   0: 3 0x000000008000fefc (0xfc843703) x14 0x0000000080012040 mem 0x0000000080031f38
core   0: 0x000000008000ff00 (0xfb843783) ld      a5, -72(s0)
core   0: 3 0x000000008000ff00 (0xfb843783) x15 0x000000000000009c mem 0x0000000080031f28
core   0: 0x000000008000ff04 (0x000097ba) c.add   a5, a4
core   0: 3 0x000000008000ff04 (0x97ba) x15 0x00000000800120dc
core   0: 0x000000008000ff06 (0xfe043703) ld      a4, -32(s0)
core   0: 3 0x000000008000ff06 (0xfe043703) x14 0x00000000800120be mem 0x0000000080031f50
core   0: 0x000000008000ff0a (0xfcf76de3) bltu    a4, a5, pc - 38
core   0: 3 0x000000008000ff0a (0xfcf76de3)
core   0: 0x000000008000fee4 (0xfe043783) ld      a5, -32(s0)
core   0: 3 0x000000008000fee4 (0xfe043783) x15 0x00000000800120be mem 0x0000000080031f50
core   0: 0x000000008000fee8 (0x00178713) addi    a4, a5, 1
core   0: 3 0x000000008000fee8 (0x00178713) x14 0x00000000800120bf
core   0: 0x000000008000feec (0xfee43023) sd      a4, -32(s0)
core   0: 3 0x000000008000feec (0xfee43023) mem 0x0000000080031f50 0x00000000800120bf
core   0: 0x000000008000fef0 (0xfc442703) lw      a4, -60(s0)
core   0: 3 0x000000008000fef0 (0xfc442703) x14 0x0000000000000000 mem 0x0000000080031f34
core   0: 0x000000008000fef4 (0x0ff77713) andi    a4, a4, 255
core   0: 3 0x000000008000fef4 (0x0ff77713) x14 0x0000000000000000
core   0: 0x000000008000fef8 (0x00e78023) sb      a4, 0(a5)
core   0: 3 0x000000008000fef8 (0x00e78023) mem 0x00000000800120be 0x00
core   0: 0x000000008000fefc (0xfc843703) ld      a4, -56(s0)
core   0: 3 0x000000008000fefc (0xfc843703) x14 0x0000000080012040 mem 0x0000000080031f38
core   0: 0x000000008000ff00 (0xfb843783) ld      a5, -72(s0)
core   0: 3 0x000000008000ff00 (0xfb843783) x15 0x000000000000009c mem 0x0000000080031f28
core   0: 0x000000008000ff04 (0x000097ba) c.add   a5, a4
core   0: 3 0x000000008000ff04 (0x97ba) x15 0x00000000800120dc
core   0: 0x000000008000ff06 (0xfe043703) ld      a4, -32(s0)
core   0: 3 0x000000008000ff06 (0xfe043703) x14 0x00000000800120bf mem 0x0000000080031f50
core   0: 0x000000008000ff0a (0xfcf76de3) bltu    a4, a5, pc - 38
core   0: 3 0x000000008000ff0a (0xfcf76de3)
core   0: 0x000000008000fee4 (0xfe043783) ld      a5, -32(s0)
core   0: 3 0x000000008000fee4 (0xfe043783) x15 0x00000000800120bf mem 0x0000000080031f50
core   0: 0x000000008000fee8 (0x00178713) addi    a4, a5, 1
core   0: 3 0x000000008000fee8 (0x00178713) x14 0x00000000800120c0
core   0: 0x000000008000feec (0xfee43023) sd      a4, -32(s0)
core   0: 3 0x000000008000feec (0xfee43023) mem 0x0000000080031f50 0x00000000800120c0
core   0: 0x000000008000fef0 (0xfc442703) lw      a4, -60(s0)
core   0: 3 0x000000008000fef0 (0xfc442703) x14 0x0000000000000000 mem 0x0000000080031f34
core   0: 0x000000008000fef4 (0x0ff77713) andi    a4, a4, 255
core   0: 3 0x000000008000fef4 (0x0ff77713) x14 0x0000000000000000
core   0: 0x000000008000fef8 (0x00e78023) sb      a4, 0(a5)
core   0: 3 0x000000008000fef8 (0x00e78023) mem 0x00000000800120bf 0x00
core   0: 0x000000008000fefc (0xfc843703) ld      a4, -56(s0)
core   0: 3 0x000000008000fefc (0xfc843703) x14 0x0000000080012040 mem 0x0000000080031f38
core   0: 0x000000008000ff00 (0xfb843783) ld      a5, -72(s0)
core   0: 3 0x000000008000ff00 (0xfb843783) x15 0x000000000000009c mem 0x0000000080031f28
core   0: 0x000000008000ff04 (0x000097ba) c.add   a5, a4
core   0: 3 0x000000008000ff04 (0x97ba) x15 0x00000000800120dc
core   0: 0x000000008000ff06 (0xfe043703) ld      a4, -32(s0)
core   0: 3 0x000000008000ff06 (0xfe043703) x14 0x00000000800120c0 mem 0x0000000080031f50
core   0: 0x000000008000ff0a (0xfcf76de3) bltu    a4, a5, pc - 38
core   0: 3 0x000000008000ff0a (0xfcf76de3)
core   0: 0x000000008000fee4 (0xfe043783) ld      a5, -32(s0)
core   0: 3 0x000000008000fee4 (0xfe043783) x15 0x00000000800120c0 mem 0x0000000080031f50
core   0: 0x000000008000fee8 (0x00178713) addi    a4, a5, 1
core   0: 3 0x000000008000fee8 (0x00178713) x14 0x00000000800120c1
core   0: 0x000000008000feec (0xfee43023) sd      a4, -32(s0)
core   0: 3 0x000000008000feec (0xfee43023) mem 0x0000000080031f50 0x00000000800120c1
core   0: 0x000000008000fef0 (0xfc442703) lw      a4, -60(s0)
core   0: 3 0x000000008000fef0 (0xfc442703) x14 0x0000000000000000 mem 0x0000000080031f34
core   0: 0x000000008000fef4 (0x0ff77713) andi    a4, a4, 255
core   0: 3 0x000000008000fef4 (0x0ff77713) x14 0x0000000000000000
core   0: 0x000000008000fef8 (0x00e78023) sb      a4, 0(a5)
core   0: 3 0x000000008000fef8 (0x00e78023) mem 0x00000000800120c0 0x00
core   0: 0x000000008000fefc (0xfc843703) ld      a4, -56(s0)
core   0: 3 0x000000008000fefc (0xfc843703) x14 0x0000000080012040 mem 0x0000000080031f38
core   0: 0x000000008000ff00 (0xfb843783) ld      a5, -72(s0)
core   0: 3 0x000000008000ff00 (0xfb843783) x15 0x000000000000009c mem 0x0000000080031f28
core   0: 0x000000008000ff04 (0x000097ba) c.add   a5, a4
core   0: 3 0x000000008000ff04 (0x97ba) x15 0x00000000800120dc
core   0: 0x000000008000ff06 (0xfe043703) ld      a4, -32(s0)
core   0: 3 0x000000008000ff06 (0xfe043703) x14 0x00000000800120c1 mem 0x0000000080031f50
core   0: 0x000000008000ff0a (0xfcf76de3) bltu    a4, a5, pc - 38
core   0: 3 0x000000008000ff0a (0xfcf76de3)
core   0: 0x000000008000fee4 (0xfe043783) ld      a5, -32(s0)
core   0: 3 0x000000008000fee4 (0xfe043783) x15 0x00000000800120c1 mem 0x0000000080031f50
core   0: 0x000000008000fee8 (0x00178713) addi    a4, a5, 1
core   0: 3 0x000000008000fee8 (0x00178713) x14 0x00000000800120c2
core   0: 0x000000008000feec (0xfee43023) sd      a4, -32(s0)
core   0: 3 0x000000008000feec (0xfee43023) mem 0x0000000080031f50 0x00000000800120c2
core   0: 0x000000008000fef0 (0xfc442703) lw      a4, -60(s0)
core   0: 3 0x000000008000fef0 (0xfc442703) x14 0x0000000000000000 mem 0x0000000080031f34
core   0: 0x000000008000fef4 (0x0ff77713) andi    a4, a4, 255
core   0: 3 0x000000008000fef4 (0x0ff77713) x14 0x0000000000000000
core   0: 0x000000008000fef8 (0x00e78023) sb      a4, 0(a5)
core   0: 3 0x000000008000fef8 (0x00e78023) mem 0x00000000800120c1 0x00
core   0: 0x000000008000fefc (0xfc843703) ld      a4, -56(s0)
core   0: 3 0x000000008000fefc (0xfc843703) x14 0x0000000080012040 mem 0x0000000080031f38
core   0: 0x000000008000ff00 (0xfb843783) ld      a5, -72(s0)
core   0: 3 0x000000008000ff00 (0xfb843783) x15 0x000000000000009c mem 0x0000000080031f28
core   0: 0x000000008000ff04 (0x000097ba) c.add   a5, a4
core   0: 3 0x000000008000ff04 (0x97ba) x15 0x00000000800120dc
core   0: 0x000000008000ff06 (0xfe043703) ld      a4, -32(s0)
core   0: 3 0x000000008000ff06 (0xfe043703) x14 0x00000000800120c2 mem 0x0000000080031f50
core   0: 0x000000008000ff0a (0xfcf76de3) bltu    a4, a5, pc - 38
core   0: 3 0x000000008000ff0a (0xfcf76de3)
core   0: 0x000000008000fee4 (0xfe043783) ld      a5, -32(s0)
core   0: 3 0x000000008000fee4 (0xfe043783) x15 0x00000000800120c2 mem 0x0000000080031f50
core   0: 0x000000008000fee8 (0x00178713) addi    a4, a5, 1
core   0: 3 0x000000008000fee8 (0x00178713) x14 0x00000000800120c3
core   0: 0x000000008000feec (0xfee43023) sd      a4, -32(s0)
core   0: 3 0x000000008000feec (0xfee43023) mem 0x0000000080031f50 0x00000000800120c3
core   0: 0x000000008000fef0 (0xfc442703) lw      a4, -60(s0)
core   0: 3 0x000000008000fef0 (0xfc442703) x14 0x0000000000000000 mem 0x0000000080031f34
core   0: 0x000000008000fef4 (0x0ff77713) andi    a4, a4, 255
core   0: 3 0x000000008000fef4 (0x0ff77713) x14 0x0000000000000000
core   0: 0x000000008000fef8 (0x00e78023) sb      a4, 0(a5)
core   0: 3 0x000000008000fef8 (0x00e78023) mem 0x00000000800120c2 0x00
core   0: 0x000000008000fefc (0xfc843703) ld      a4, -56(s0)
core   0: 3 0x000000008000fefc (0xfc843703) x14 0x0000000080012040 mem 0x0000000080031f38
core   0: 0x000000008000ff00 (0xfb843783) ld      a5, -72(s0)
core   0: 3 0x000000008000ff00 (0xfb843783) x15 0x000000000000009c mem 0x0000000080031f28
core   0: 0x000000008000ff04 (0x000097ba) c.add   a5, a4
core   0: 3 0x000000008000ff04 (0x97ba) x15 0x00000000800120dc
core   0: 0x000000008000ff06 (0xfe043703) ld      a4, -32(s0)
core   0: 3 0x000000008000ff06 (0xfe043703) x14 0x00000000800120c3 mem 0x0000000080031f50
core   0: 0x000000008000ff0a (0xfcf76de3) bltu    a4, a5, pc - 38
core   0: 3 0x000000008000ff0a (0xfcf76de3)
core   0: 0x000000008000fee4 (0xfe043783) ld      a5, -32(s0)
core   0: 3 0x000000008000fee4 (0xfe043783) x15 0x00000000800120c3 mem 0x0000000080031f50
core   0: 0x000000008000fee8 (0x00178713) addi    a4, a5, 1
core   0: 3 0x000000008000fee8 (0x00178713) x14 0x00000000800120c4
core   0: 0x000000008000feec (0xfee43023) sd      a4, -32(s0)
core   0: 3 0x000000008000feec (0xfee43023) mem 0x0000000080031f50 0x00000000800120c4
core   0: 0x000000008000fef0 (0xfc442703) lw      a4, -60(s0)
core   0: 3 0x000000008000fef0 (0xfc442703) x14 0x0000000000000000 mem 0x0000000080031f34
core   0: 0x000000008000fef4 (0x0ff77713) andi    a4, a4, 255
core   0: 3 0x000000008000fef4 (0x0ff77713) x14 0x0000000000000000
core   0: 0x000000008000fef8 (0x00e78023) sb      a4, 0(a5)
core   0: 3 0x000000008000fef8 (0x00e78023) mem 0x00000000800120c3 0x00
core   0: 0x000000008000fefc (0xfc843703) ld      a4, -56(s0)
core   0: 3 0x000000008000fefc (0xfc843703) x14 0x0000000080012040 mem 0x0000000080031f38
core   0: 0x000000008000ff00 (0xfb843783) ld      a5, -72(s0)
core   0: 3 0x000000008000ff00 (0xfb843783) x15 0x000000000000009c mem 0x0000000080031f28
core   0: 0x000000008000ff04 (0x000097ba) c.add   a5, a4
core   0: 3 0x000000008000ff04 (0x97ba) x15 0x00000000800120dc
core   0: 0x000000008000ff06 (0xfe043703) ld      a4, -32(s0)
core   0: 3 0x000000008000ff06 (0xfe043703) x14 0x00000000800120c4 mem 0x0000000080031f50
core   0: 0x000000008000ff0a (0xfcf76de3) bltu    a4, a5, pc - 38
core   0: 3 0x000000008000ff0a (0xfcf76de3)
core   0: 0x000000008000fee4 (0xfe043783) ld      a5, -32(s0)
core   0: 3 0x000000008000fee4 (0xfe043783) x15 0x00000000800120c4 mem 0x0000000080031f50
core   0: 0x000000008000fee8 (0x00178713) addi    a4, a5, 1
core   0: 3 0x000000008000fee8 (0x00178713) x14 0x00000000800120c5
core   0: 0x000000008000feec (0xfee43023) sd      a4, -32(s0)
core   0: 3 0x000000008000feec (0xfee43023) mem 0x0000000080031f50 0x00000000800120c5
core   0: 0x000000008000fef0 (0xfc442703) lw      a4, -60(s0)
core   0: 3 0x000000008000fef0 (0xfc442703) x14 0x0000000000000000 mem 0x0000000080031f34
core   0: 0x000000008000fef4 (0x0ff77713) andi    a4, a4, 255
core   0: 3 0x000000008000fef4 (0x0ff77713) x14 0x0000000000000000
core   0: 0x000000008000fef8 (0x00e78023) sb      a4, 0(a5)
core   0: 3 0x000000008000fef8 (0x00e78023) mem 0x00000000800120c4 0x00
core   0: 0x000000008000fefc (0xfc843703) ld      a4, -56(s0)
core   0: 3 0x000000008000fefc (0xfc843703) x14 0x0000000080012040 mem 0x0000000080031f38
core   0: 0x000000008000ff00 (0xfb843783) ld      a5, -72(s0)
core   0: 3 0x000000008000ff00 (0xfb843783) x15 0x000000000000009c mem 0x0000000080031f28
core   0: 0x000000008000ff04 (0x000097ba) c.add   a5, a4
core   0: 3 0x000000008000ff04 (0x97ba) x15 0x00000000800120dc
core   0: 0x000000008000ff06 (0xfe043703) ld      a4, -32(s0)
core   0: 3 0x000000008000ff06 (0xfe043703) x14 0x00000000800120c5 mem 0x0000000080031f50
core   0: 0x000000008000ff0a (0xfcf76de3) bltu    a4, a5, pc - 38
core   0: 3 0x000000008000ff0a (0xfcf76de3)
core   0: 0x000000008000fee4 (0xfe043783) ld      a5, -32(s0)
core   0: 3 0x000000008000fee4 (0xfe043783) x15 0x00000000800120c5 mem 0x0000000080031f50
core   0: 0x000000008000fee8 (0x00178713) addi    a4, a5, 1
core   0: 3 0x000000008000fee8 (0x00178713) x14 0x00000000800120c6
core   0: 0x000000008000feec (0xfee43023) sd      a4, -32(s0)
core   0: 3 0x000000008000feec (0xfee43023) mem 0x0000000080031f50 0x00000000800120c6
core   0: 0x000000008000fef0 (0xfc442703) lw      a4, -60(s0)
core   0: 3 0x000000008000fef0 (0xfc442703) x14 0x0000000000000000 mem 0x0000000080031f34
core   0: 0x000000008000fef4 (0x0ff77713) andi    a4, a4, 255
core   0: 3 0x000000008000fef4 (0x0ff77713) x14 0x0000000000000000
core   0: 0x000000008000fef8 (0x00e78023) sb      a4, 0(a5)
core   0: 3 0x000000008000fef8 (0x00e78023) mem 0x00000000800120c5 0x00
core   0: 0x000000008000fefc (0xfc843703) ld      a4, -56(s0)
core   0: 3 0x000000008000fefc (0xfc843703) x14 0x0000000080012040 mem 0x0000000080031f38
core   0: 0x000000008000ff00 (0xfb843783) ld      a5, -72(s0)
core   0: 3 0x000000008000ff00 (0xfb843783) x15 0x000000000000009c mem 0x0000000080031f28
core   0: 0x000000008000ff04 (0x000097ba) c.add   a5, a4
core   0: 3 0x000000008000ff04 (0x97ba) x15 0x00000000800120dc
core   0: 0x000000008000ff06 (0xfe043703) ld      a4, -32(s0)
core   0: 3 0x000000008000ff06 (0xfe043703) x14 0x00000000800120c6 mem 0x0000000080031f50
core   0: 0x000000008000ff0a (0xfcf76de3) bltu    a4, a5, pc - 38
core   0: 3 0x000000008000ff0a (0xfcf76de3)
core   0: 0x000000008000fee4 (0xfe043783) ld      a5, -32(s0)
core   0: 3 0x000000008000fee4 (0xfe043783) x15 0x00000000800120c6 mem 0x0000000080031f50
core   0: 0x000000008000fee8 (0x00178713) addi    a4, a5, 1
core   0: 3 0x000000008000fee8 (0x00178713) x14 0x00000000800120c7
core   0: 0x000000008000feec (0xfee43023) sd      a4, -32(s0)
core   0: 3 0x000000008000feec (0xfee43023) mem 0x0000000080031f50 0x00000000800120c7
core   0: 0x000000008000fef0 (0xfc442703) lw      a4, -60(s0)
core   0: 3 0x000000008000fef0 (0xfc442703) x14 0x0000000000000000 mem 0x0000000080031f34
core   0: 0x000000008000fef4 (0x0ff77713) andi    a4, a4, 255
core   0: 3 0x000000008000fef4 (0x0ff77713) x14 0x0000000000000000
core   0: 0x000000008000fef8 (0x00e78023) sb      a4, 0(a5)
core   0: 3 0x000000008000fef8 (0x00e78023) mem 0x00000000800120c6 0x00
core   0: 0x000000008000fefc (0xfc843703) ld      a4, -56(s0)
core   0: 3 0x000000008000fefc (0xfc843703) x14 0x0000000080012040 mem 0x0000000080031f38
core   0: 0x000000008000ff00 (0xfb843783) ld      a5, -72(s0)
core   0: 3 0x000000008000ff00 (0xfb843783) x15 0x000000000000009c mem 0x0000000080031f28
core   0: 0x000000008000ff04 (0x000097ba) c.add   a5, a4
core   0: 3 0x000000008000ff04 (0x97ba) x15 0x00000000800120dc
core   0: 0x000000008000ff06 (0xfe043703) ld      a4, -32(s0)
core   0: 3 0x000000008000ff06 (0xfe043703) x14 0x00000000800120c7 mem 0x0000000080031f50
core   0: 0x000000008000ff0a (0xfcf76de3) bltu    a4, a5, pc - 38
core   0: 3 0x000000008000ff0a (0xfcf76de3)
core   0: 0x000000008000fee4 (0xfe043783) ld      a5, -32(s0)
core   0: 3 0x000000008000fee4 (0xfe043783) x15 0x00000000800120c7 mem 0x0000000080031f50
core   0: 0x000000008000fee8 (0x00178713) addi    a4, a5, 1
core   0: 3 0x000000008000fee8 (0x00178713) x14 0x00000000800120c8
core   0: 0x000000008000feec (0xfee43023) sd      a4, -32(s0)
core   0: 3 0x000000008000feec (0xfee43023) mem 0x0000000080031f50 0x00000000800120c8
core   0: 0x000000008000fef0 (0xfc442703) lw      a4, -60(s0)
core   0: 3 0x000000008000fef0 (0xfc442703) x14 0x0000000000000000 mem 0x0000000080031f34
core   0: 0x000000008000fef4 (0x0ff77713) andi    a4, a4, 255
core   0: 3 0x000000008000fef4 (0x0ff77713) x14 0x0000000000000000
core   0: 0x000000008000fef8 (0x00e78023) sb      a4, 0(a5)
core   0: 3 0x000000008000fef8 (0x00e78023) mem 0x00000000800120c7 0x00
core   0: 0x000000008000fefc (0xfc843703) ld      a4, -56(s0)
core   0: 3 0x000000008000fefc (0xfc843703) x14 0x0000000080012040 mem 0x0000000080031f38
core   0: 0x000000008000ff00 (0xfb843783) ld      a5, -72(s0)
core   0: 3 0x000000008000ff00 (0xfb843783) x15 0x000000000000009c mem 0x0000000080031f28
core   0: 0x000000008000ff04 (0x000097ba) c.add   a5, a4
core   0: 3 0x000000008000ff04 (0x97ba) x15 0x00000000800120dc
core   0: 0x000000008000ff06 (0xfe043703) ld      a4, -32(s0)
core   0: 3 0x000000008000ff06 (0xfe043703) x14 0x00000000800120c8 mem 0x0000000080031f50
core   0: 0x000000008000ff0a (0xfcf76de3) bltu    a4, a5, pc - 38
core   0: 3 0x000000008000ff0a (0xfcf76de3)
core   0: 0x000000008000fee4 (0xfe043783) ld      a5, -32(s0)
core   0: 3 0x000000008000fee4 (0xfe043783) x15 0x00000000800120c8 mem 0x0000000080031f50
core   0: 0x000000008000fee8 (0x00178713) addi    a4, a5, 1
core   0: 3 0x000000008000fee8 (0x00178713) x14 0x00000000800120c9
core   0: 0x000000008000feec (0xfee43023) sd      a4, -32(s0)
core   0: 3 0x000000008000feec (0xfee43023) mem 0x0000000080031f50 0x00000000800120c9
core   0: 0x000000008000fef0 (0xfc442703) lw      a4, -60(s0)
core   0: 3 0x000000008000fef0 (0xfc442703) x14 0x0000000000000000 mem 0x0000000080031f34
core   0: 0x000000008000fef4 (0x0ff77713) andi    a4, a4, 255
core   0: 3 0x000000008000fef4 (0x0ff77713) x14 0x0000000000000000
core   0: 0x000000008000fef8 (0x00e78023) sb      a4, 0(a5)
core   0: 3 0x000000008000fef8 (0x00e78023) mem 0x00000000800120c8 0x00
core   0: 0x000000008000fefc (0xfc843703) ld      a4, -56(s0)
core   0: 3 0x000000008000fefc (0xfc843703) x14 0x0000000080012040 mem 0x0000000080031f38
core   0: 0x000000008000ff00 (0xfb843783) ld      a5, -72(s0)
core   0: 3 0x000000008000ff00 (0xfb843783) x15 0x000000000000009c mem 0x0000000080031f28
core   0: 0x000000008000ff04 (0x000097ba) c.add   a5, a4
core   0: 3 0x000000008000ff04 (0x97ba) x15 0x00000000800120dc
core   0: 0x000000008000ff06 (0xfe043703) ld      a4, -32(s0)
core   0: 3 0x000000008000ff06 (0xfe043703) x14 0x00000000800120c9 mem 0x0000000080031f50
core   0: 0x000000008000ff0a (0xfcf76de3) bltu    a4, a5, pc - 38
core   0: 3 0x000000008000ff0a (0xfcf76de3)
core   0: 0x000000008000fee4 (0xfe043783) ld      a5, -32(s0)
core   0: 3 0x000000008000fee4 (0xfe043783) x15 0x00000000800120c9 mem 0x0000000080031f50
core   0: 0x000000008000fee8 (0x00178713) addi    a4, a5, 1
core   0: 3 0x000000008000fee8 (0x00178713) x14 0x00000000800120ca
core   0: 0x000000008000feec (0xfee43023) sd      a4, -32(s0)
core   0: 3 0x000000008000feec (0xfee43023) mem 0x0000000080031f50 0x00000000800120ca
core   0: 0x000000008000fef0 (0xfc442703) lw      a4, -60(s0)
core   0: 3 0x000000008000fef0 (0xfc442703) x14 0x0000000000000000 mem 0x0000000080031f34
core   0: 0x000000008000fef4 (0x0ff77713) andi    a4, a4, 255
core   0: 3 0x000000008000fef4 (0x0ff77713) x14 0x0000000000000000
core   0: 0x000000008000fef8 (0x00e78023) sb      a4, 0(a5)
core   0: 3 0x000000008000fef8 (0x00e78023) mem 0x00000000800120c9 0x00
core   0: 0x000000008000fefc (0xfc843703) ld      a4, -56(s0)
core   0: 3 0x000000008000fefc (0xfc843703) x14 0x0000000080012040 mem 0x0000000080031f38
core   0: 0x000000008000ff00 (0xfb843783) ld      a5, -72(s0)
core   0: 3 0x000000008000ff00 (0xfb843783) x15 0x000000000000009c mem 0x0000000080031f28
core   0: 0x000000008000ff04 (0x000097ba) c.add   a5, a4
core   0: 3 0x000000008000ff04 (0x97ba) x15 0x00000000800120dc
core   0: 0x000000008000ff06 (0xfe043703) ld      a4, -32(s0)
core   0: 3 0x000000008000ff06 (0xfe043703) x14 0x00000000800120ca mem 0x0000000080031f50
core   0: 0x000000008000ff0a (0xfcf76de3) bltu    a4, a5, pc - 38
core   0: 3 0x000000008000ff0a (0xfcf76de3)
core   0: 0x000000008000fee4 (0xfe043783) ld      a5, -32(s0)
core   0: 3 0x000000008000fee4 (0xfe043783) x15 0x00000000800120ca mem 0x0000000080031f50
core   0: 0x000000008000fee8 (0x00178713) addi    a4, a5, 1
core   0: 3 0x000000008000fee8 (0x00178713) x14 0x00000000800120cb
core   0: 0x000000008000feec (0xfee43023) sd      a4, -32(s0)
core   0: 3 0x000000008000feec (0xfee43023) mem 0x0000000080031f50 0x00000000800120cb
core   0: 0x000000008000fef0 (0xfc442703) lw      a4, -60(s0)
core   0: 3 0x000000008000fef0 (0xfc442703) x14 0x0000000000000000 mem 0x0000000080031f34
core   0: 0x000000008000fef4 (0x0ff77713) andi    a4, a4, 255
core   0: 3 0x000000008000fef4 (0x0ff77713) x14 0x0000000000000000
core   0: 0x000000008000fef8 (0x00e78023) sb      a4, 0(a5)
core   0: 3 0x000000008000fef8 (0x00e78023) mem 0x00000000800120ca 0x00
core   0: 0x000000008000fefc (0xfc843703) ld      a4, -56(s0)
core   0: 3 0x000000008000fefc (0xfc843703) x14 0x0000000080012040 mem 0x0000000080031f38
core   0: 0x000000008000ff00 (0xfb843783) ld      a5, -72(s0)
core   0: 3 0x000000008000ff00 (0xfb843783) x15 0x000000000000009c mem 0x0000000080031f28
core   0: 0x000000008000ff04 (0x000097ba) c.add   a5, a4
core   0: 3 0x000000008000ff04 (0x97ba) x15 0x00000000800120dc
core   0: 0x000000008000ff06 (0xfe043703) ld      a4, -32(s0)
core   0: 3 0x000000008000ff06 (0xfe043703) x14 0x00000000800120cb mem 0x0000000080031f50
core   0: 0x000000008000ff0a (0xfcf76de3) bltu    a4, a5, pc - 38
core   0: 3 0x000000008000ff0a (0xfcf76de3)
core   0: 0x000000008000fee4 (0xfe043783) ld      a5, -32(s0)
core   0: 3 0x000000008000fee4 (0xfe043783) x15 0x00000000800120cb mem 0x0000000080031f50
core   0: 0x000000008000fee8 (0x00178713) addi    a4, a5, 1
core   0: 3 0x000000008000fee8 (0x00178713) x14 0x00000000800120cc
core   0: 0x000000008000feec (0xfee43023) sd      a4, -32(s0)
core   0: 3 0x000000008000feec (0xfee43023) mem 0x0000000080031f50 0x00000000800120cc
core   0: 0x000000008000fef0 (0xfc442703) lw      a4, -60(s0)
core   0: 3 0x000000008000fef0 (0xfc442703) x14 0x0000000000000000 mem 0x0000000080031f34
core   0: 0x000000008000fef4 (0x0ff77713) andi    a4, a4, 255
core   0: 3 0x000000008000fef4 (0x0ff77713) x14 0x0000000000000000
core   0: 0x000000008000fef8 (0x00e78023) sb      a4, 0(a5)
core   0: 3 0x000000008000fef8 (0x00e78023) mem 0x00000000800120cb 0x00
core   0: 0x000000008000fefc (0xfc843703) ld      a4, -56(s0)
core   0: 3 0x000000008000fefc (0xfc843703) x14 0x0000000080012040 mem 0x0000000080031f38
core   0: 0x000000008000ff00 (0xfb843783) ld      a5, -72(s0)
core   0: 3 0x000000008000ff00 (0xfb843783) x15 0x000000000000009c mem 0x0000000080031f28
core   0: 0x000000008000ff04 (0x000097ba) c.add   a5, a4
core   0: 3 0x000000008000ff04 (0x97ba) x15 0x00000000800120dc
core   0: 0x000000008000ff06 (0xfe043703) ld      a4, -32(s0)
core   0: 3 0x000000008000ff06 (0xfe043703) x14 0x00000000800120cc mem 0x0000000080031f50
core   0: 0x000000008000ff0a (0xfcf76de3) bltu    a4, a5, pc - 38
core   0: 3 0x000000008000ff0a (0xfcf76de3)
core   0: 0x000000008000fee4 (0xfe043783) ld      a5, -32(s0)
core   0: 3 0x000000008000fee4 (0xfe043783) x15 0x00000000800120cc mem 0x0000000080031f50
core   0: 0x000000008000fee8 (0x00178713) addi    a4, a5, 1
core   0: 3 0x000000008000fee8 (0x00178713) x14 0x00000000800120cd
core   0: 0x000000008000feec (0xfee43023) sd      a4, -32(s0)
core   0: 3 0x000000008000feec (0xfee43023) mem 0x0000000080031f50 0x00000000800120cd
core   0: 0x000000008000fef0 (0xfc442703) lw      a4, -60(s0)
core   0: 3 0x000000008000fef0 (0xfc442703) x14 0x0000000000000000 mem 0x0000000080031f34
core   0: 0x000000008000fef4 (0x0ff77713) andi    a4, a4, 255
core   0: 3 0x000000008000fef4 (0x0ff77713) x14 0x0000000000000000
core   0: 0x000000008000fef8 (0x00e78023) sb      a4, 0(a5)
core   0: 3 0x000000008000fef8 (0x00e78023) mem 0x00000000800120cc 0x00
core   0: 0x000000008000fefc (0xfc843703) ld      a4, -56(s0)
core   0: 3 0x000000008000fefc (0xfc843703) x14 0x0000000080012040 mem 0x0000000080031f38
core   0: 0x000000008000ff00 (0xfb843783) ld      a5, -72(s0)
core   0: 3 0x000000008000ff00 (0xfb843783) x15 0x000000000000009c mem 0x0000000080031f28
core   0: 0x000000008000ff04 (0x000097ba) c.add   a5, a4
core   0: 3 0x000000008000ff04 (0x97ba) x15 0x00000000800120dc
core   0: 0x000000008000ff06 (0xfe043703) ld      a4, -32(s0)
core   0: 3 0x000000008000ff06 (0xfe043703) x14 0x00000000800120cd mem 0x0000000080031f50
core   0: 0x000000008000ff0a (0xfcf76de3) bltu    a4, a5, pc - 38
core   0: 3 0x000000008000ff0a (0xfcf76de3)
core   0: 0x000000008000fee4 (0xfe043783) ld      a5, -32(s0)
core   0: 3 0x000000008000fee4 (0xfe043783) x15 0x00000000800120cd mem 0x0000000080031f50
core   0: 0x000000008000fee8 (0x00178713) addi    a4, a5, 1
core   0: 3 0x000000008000fee8 (0x00178713) x14 0x00000000800120ce
core   0: 0x000000008000feec (0xfee43023) sd      a4, -32(s0)
core   0: 3 0x000000008000feec (0xfee43023) mem 0x0000000080031f50 0x00000000800120ce
core   0: 0x000000008000fef0 (0xfc442703) lw      a4, -60(s0)
core   0: 3 0x000000008000fef0 (0xfc442703) x14 0x0000000000000000 mem 0x0000000080031f34
core   0: 0x000000008000fef4 (0x0ff77713) andi    a4, a4, 255
core   0: 3 0x000000008000fef4 (0x0ff77713) x14 0x0000000000000000
core   0: 0x000000008000fef8 (0x00e78023) sb      a4, 0(a5)
core   0: 3 0x000000008000fef8 (0x00e78023) mem 0x00000000800120cd 0x00
core   0: 0x000000008000fefc (0xfc843703) ld      a4, -56(s0)
core   0: 3 0x000000008000fefc (0xfc843703) x14 0x0000000080012040 mem 0x0000000080031f38
core   0: 0x000000008000ff00 (0xfb843783) ld      a5, -72(s0)
core   0: 3 0x000000008000ff00 (0xfb843783) x15 0x000000000000009c mem 0x0000000080031f28
core   0: 0x000000008000ff04 (0x000097ba) c.add   a5, a4
core   0: 3 0x000000008000ff04 (0x97ba) x15 0x00000000800120dc
core   0: 0x000000008000ff06 (0xfe043703) ld      a4, -32(s0)
core   0: 3 0x000000008000ff06 (0xfe043703) x14 0x00000000800120ce mem 0x0000000080031f50
core   0: 0x000000008000ff0a (0xfcf76de3) bltu    a4, a5, pc - 38
core   0: 3 0x000000008000ff0a (0xfcf76de3)
core   0: 0x000000008000fee4 (0xfe043783) ld      a5, -32(s0)
core   0: 3 0x000000008000fee4 (0xfe043783) x15 0x00000000800120ce mem 0x0000000080031f50
core   0: 0x000000008000fee8 (0x00178713) addi    a4, a5, 1
core   0: 3 0x000000008000fee8 (0x00178713) x14 0x00000000800120cf
core   0: 0x000000008000feec (0xfee43023) sd      a4, -32(s0)
core   0: 3 0x000000008000feec (0xfee43023) mem 0x0000000080031f50 0x00000000800120cf
core   0: 0x000000008000fef0 (0xfc442703) lw      a4, -60(s0)
core   0: 3 0x000000008000fef0 (0xfc442703) x14 0x0000000000000000 mem 0x0000000080031f34
core   0: 0x000000008000fef4 (0x0ff77713) andi    a4, a4, 255
core   0: 3 0x000000008000fef4 (0x0ff77713) x14 0x0000000000000000
core   0: 0x000000008000fef8 (0x00e78023) sb      a4, 0(a5)
core   0: 3 0x000000008000fef8 (0x00e78023) mem 0x00000000800120ce 0x00
core   0: 0x000000008000fefc (0xfc843703) ld      a4, -56(s0)
core   0: 3 0x000000008000fefc (0xfc843703) x14 0x0000000080012040 mem 0x0000000080031f38
core   0: 0x000000008000ff00 (0xfb843783) ld      a5, -72(s0)
core   0: 3 0x000000008000ff00 (0xfb843783) x15 0x000000000000009c mem 0x0000000080031f28
core   0: 0x000000008000ff04 (0x000097ba) c.add   a5, a4
core   0: 3 0x000000008000ff04 (0x97ba) x15 0x00000000800120dc
core   0: 0x000000008000ff06 (0xfe043703) ld      a4, -32(s0)
core   0: 3 0x000000008000ff06 (0xfe043703) x14 0x00000000800120cf mem 0x0000000080031f50
core   0: 0x000000008000ff0a (0xfcf76de3) bltu    a4, a5, pc - 38
core   0: 3 0x000000008000ff0a (0xfcf76de3)
core   0: 0x000000008000fee4 (0xfe043783) ld      a5, -32(s0)
core   0: 3 0x000000008000fee4 (0xfe043783) x15 0x00000000800120cf mem 0x0000000080031f50
core   0: 0x000000008000fee8 (0x00178713) addi    a4, a5, 1
core   0: 3 0x000000008000fee8 (0x00178713) x14 0x00000000800120d0
core   0: 0x000000008000feec (0xfee43023) sd      a4, -32(s0)
core   0: 3 0x000000008000feec (0xfee43023) mem 0x0000000080031f50 0x00000000800120d0
core   0: 0x000000008000fef0 (0xfc442703) lw      a4, -60(s0)
core   0: 3 0x000000008000fef0 (0xfc442703) x14 0x0000000000000000 mem 0x0000000080031f34
core   0: 0x000000008000fef4 (0x0ff77713) andi    a4, a4, 255
core   0: 3 0x000000008000fef4 (0x0ff77713) x14 0x0000000000000000
core   0: 0x000000008000fef8 (0x00e78023) sb      a4, 0(a5)
core   0: 3 0x000000008000fef8 (0x00e78023) mem 0x00000000800120cf 0x00
core   0: 0x000000008000fefc (0xfc843703) ld      a4, -56(s0)
core   0: 3 0x000000008000fefc (0xfc843703) x14 0x0000000080012040 mem 0x0000000080031f38
core   0: 0x000000008000ff00 (0xfb843783) ld      a5, -72(s0)
core   0: 3 0x000000008000ff00 (0xfb843783) x15 0x000000000000009c mem 0x0000000080031f28
core   0: 0x000000008000ff04 (0x000097ba) c.add   a5, a4
core   0: 3 0x000000008000ff04 (0x97ba) x15 0x00000000800120dc
core   0: 0x000000008000ff06 (0xfe043703) ld      a4, -32(s0)
core   0: 3 0x000000008000ff06 (0xfe043703) x14 0x00000000800120d0 mem 0x0000000080031f50
core   0: 0x000000008000ff0a (0xfcf76de3) bltu    a4, a5, pc - 38
core   0: 3 0x000000008000ff0a (0xfcf76de3)
core   0: 0x000000008000fee4 (0xfe043783) ld      a5, -32(s0)
core   0: 3 0x000000008000fee4 (0xfe043783) x15 0x00000000800120d0 mem 0x0000000080031f50
core   0: 0x000000008000fee8 (0x00178713) addi    a4, a5, 1
core   0: 3 0x000000008000fee8 (0x00178713) x14 0x00000000800120d1
core   0: 0x000000008000feec (0xfee43023) sd      a4, -32(s0)
core   0: 3 0x000000008000feec (0xfee43023) mem 0x0000000080031f50 0x00000000800120d1
core   0: 0x000000008000fef0 (0xfc442703) lw      a4, -60(s0)
core   0: 3 0x000000008000fef0 (0xfc442703) x14 0x0000000000000000 mem 0x0000000080031f34
core   0: 0x000000008000fef4 (0x0ff77713) andi    a4, a4, 255
core   0: 3 0x000000008000fef4 (0x0ff77713) x14 0x0000000000000000
core   0: 0x000000008000fef8 (0x00e78023) sb      a4, 0(a5)
core   0: 3 0x000000008000fef8 (0x00e78023) mem 0x00000000800120d0 0x00
core   0: 0x000000008000fefc (0xfc843703) ld      a4, -56(s0)
core   0: 3 0x000000008000fefc (0xfc843703) x14 0x0000000080012040 mem 0x0000000080031f38
core   0: 0x000000008000ff00 (0xfb843783) ld      a5, -72(s0)
core   0: 3 0x000000008000ff00 (0xfb843783) x15 0x000000000000009c mem 0x0000000080031f28
core   0: 0x000000008000ff04 (0x000097ba) c.add   a5, a4
core   0: 3 0x000000008000ff04 (0x97ba) x15 0x00000000800120dc
core   0: 0x000000008000ff06 (0xfe043703) ld      a4, -32(s0)
core   0: 3 0x000000008000ff06 (0xfe043703) x14 0x00000000800120d1 mem 0x0000000080031f50
core   0: 0x000000008000ff0a (0xfcf76de3) bltu    a4, a5, pc - 38
core   0: 3 0x000000008000ff0a (0xfcf76de3)
core   0: 0x000000008000fee4 (0xfe043783) ld      a5, -32(s0)
core   0: 3 0x000000008000fee4 (0xfe043783) x15 0x00000000800120d1 mem 0x0000000080031f50
core   0: 0x000000008000fee8 (0x00178713) addi    a4, a5, 1
core   0: 3 0x000000008000fee8 (0x00178713) x14 0x00000000800120d2
core   0: 0x000000008000feec (0xfee43023) sd      a4, -32(s0)
core   0: 3 0x000000008000feec (0xfee43023) mem 0x0000000080031f50 0x00000000800120d2
core   0: 0x000000008000fef0 (0xfc442703) lw      a4, -60(s0)
core   0: 3 0x000000008000fef0 (0xfc442703) x14 0x0000000000000000 mem 0x0000000080031f34
core   0: 0x000000008000fef4 (0x0ff77713) andi    a4, a4, 255
core   0: 3 0x000000008000fef4 (0x0ff77713) x14 0x0000000000000000
core   0: 0x000000008000fef8 (0x00e78023) sb      a4, 0(a5)
core   0: 3 0x000000008000fef8 (0x00e78023) mem 0x00000000800120d1 0x00
core   0: 0x000000008000fefc (0xfc843703) ld      a4, -56(s0)
core   0: 3 0x000000008000fefc (0xfc843703) x14 0x0000000080012040 mem 0x0000000080031f38
core   0: 0x000000008000ff00 (0xfb843783) ld      a5, -72(s0)
core   0: 3 0x000000008000ff00 (0xfb843783) x15 0x000000000000009c mem 0x0000000080031f28
core   0: 0x000000008000ff04 (0x000097ba) c.add   a5, a4
core   0: 3 0x000000008000ff04 (0x97ba) x15 0x00000000800120dc
core   0: 0x000000008000ff06 (0xfe043703) ld      a4, -32(s0)
core   0: 3 0x000000008000ff06 (0xfe043703) x14 0x00000000800120d2 mem 0x0000000080031f50
core   0: 0x000000008000ff0a (0xfcf76de3) bltu    a4, a5, pc - 38
core   0: 3 0x000000008000ff0a (0xfcf76de3)
core   0: 0x000000008000fee4 (0xfe043783) ld      a5, -32(s0)
core   0: 3 0x000000008000fee4 (0xfe043783) x15 0x00000000800120d2 mem 0x0000000080031f50
core   0: 0x000000008000fee8 (0x00178713) addi    a4, a5, 1
core   0: 3 0x000000008000fee8 (0x00178713) x14 0x00000000800120d3
core   0: 0x000000008000feec (0xfee43023) sd      a4, -32(s0)
core   0: 3 0x000000008000feec (0xfee43023) mem 0x0000000080031f50 0x00000000800120d3
core   0: 0x000000008000fef0 (0xfc442703) lw      a4, -60(s0)
core   0: 3 0x000000008000fef0 (0xfc442703) x14 0x0000000000000000 mem 0x0000000080031f34
core   0: 0x000000008000fef4 (0x0ff77713) andi    a4, a4, 255
core   0: 3 0x000000008000fef4 (0x0ff77713) x14 0x0000000000000000
core   0: 0x000000008000fef8 (0x00e78023) sb      a4, 0(a5)
core   0: 3 0x000000008000fef8 (0x00e78023) mem 0x00000000800120d2 0x00
core   0: 0x000000008000fefc (0xfc843703) ld      a4, -56(s0)
core   0: 3 0x000000008000fefc (0xfc843703) x14 0x0000000080012040 mem 0x0000000080031f38
core   0: 0x000000008000ff00 (0xfb843783) ld      a5, -72(s0)
core   0: 3 0x000000008000ff00 (0xfb843783) x15 0x000000000000009c mem 0x0000000080031f28
core   0: 0x000000008000ff04 (0x000097ba) c.add   a5, a4
core   0: 3 0x000000008000ff04 (0x97ba) x15 0x00000000800120dc
core   0: 0x000000008000ff06 (0xfe043703) ld      a4, -32(s0)
core   0: 3 0x000000008000ff06 (0xfe043703) x14 0x00000000800120d3 mem 0x0000000080031f50
core   0: 0x000000008000ff0a (0xfcf76de3) bltu    a4, a5, pc - 38
core   0: 3 0x000000008000ff0a (0xfcf76de3)
core   0: 0x000000008000fee4 (0xfe043783) ld      a5, -32(s0)
core   0: 3 0x000000008000fee4 (0xfe043783) x15 0x00000000800120d3 mem 0x0000000080031f50
core   0: 0x000000008000fee8 (0x00178713) addi    a4, a5, 1
core   0: 3 0x000000008000fee8 (0x00178713) x14 0x00000000800120d4
core   0: 0x000000008000feec (0xfee43023) sd      a4, -32(s0)
core   0: 3 0x000000008000feec (0xfee43023) mem 0x0000000080031f50 0x00000000800120d4
core   0: 0x000000008000fef0 (0xfc442703) lw      a4, -60(s0)
core   0: 3 0x000000008000fef0 (0xfc442703) x14 0x0000000000000000 mem 0x0000000080031f34
core   0: 0x000000008000fef4 (0x0ff77713) andi    a4, a4, 255
core   0: 3 0x000000008000fef4 (0x0ff77713) x14 0x0000000000000000
core   0: 0x000000008000fef8 (0x00e78023) sb      a4, 0(a5)
core   0: 3 0x000000008000fef8 (0x00e78023) mem 0x00000000800120d3 0x00
core   0: 0x000000008000fefc (0xfc843703) ld      a4, -56(s0)
core   0: 3 0x000000008000fefc (0xfc843703) x14 0x0000000080012040 mem 0x0000000080031f38
core   0: 0x000000008000ff00 (0xfb843783) ld      a5, -72(s0)
core   0: 3 0x000000008000ff00 (0xfb843783) x15 0x000000000000009c mem 0x0000000080031f28
core   0: 0x000000008000ff04 (0x000097ba) c.add   a5, a4
core   0: 3 0x000000008000ff04 (0x97ba) x15 0x00000000800120dc
core   0: 0x000000008000ff06 (0xfe043703) ld      a4, -32(s0)
core   0: 3 0x000000008000ff06 (0xfe043703) x14 0x00000000800120d4 mem 0x0000000080031f50
core   0: 0x000000008000ff0a (0xfcf76de3) bltu    a4, a5, pc - 38
core   0: 3 0x000000008000ff0a (0xfcf76de3)
core   0: 0x000000008000fee4 (0xfe043783) ld      a5, -32(s0)
core   0: 3 0x000000008000fee4 (0xfe043783) x15 0x00000000800120d4 mem 0x0000000080031f50
core   0: 0x000000008000fee8 (0x00178713) addi    a4, a5, 1
core   0: 3 0x000000008000fee8 (0x00178713) x14 0x00000000800120d5
core   0: 0x000000008000feec (0xfee43023) sd      a4, -32(s0)
core   0: 3 0x000000008000feec (0xfee43023) mem 0x0000000080031f50 0x00000000800120d5
core   0: 0x000000008000fef0 (0xfc442703) lw      a4, -60(s0)
core   0: 3 0x000000008000fef0 (0xfc442703) x14 0x0000000000000000 mem 0x0000000080031f34
core   0: 0x000000008000fef4 (0x0ff77713) andi    a4, a4, 255
core   0: 3 0x000000008000fef4 (0x0ff77713) x14 0x0000000000000000
core   0: 0x000000008000fef8 (0x00e78023) sb      a4, 0(a5)
core   0: 3 0x000000008000fef8 (0x00e78023) mem 0x00000000800120d4 0x00
core   0: 0x000000008000fefc (0xfc843703) ld      a4, -56(s0)
core   0: 3 0x000000008000fefc (0xfc843703) x14 0x0000000080012040 mem 0x0000000080031f38
core   0: 0x000000008000ff00 (0xfb843783) ld      a5, -72(s0)
core   0: 3 0x000000008000ff00 (0xfb843783) x15 0x000000000000009c mem 0x0000000080031f28
core   0: 0x000000008000ff04 (0x000097ba) c.add   a5, a4
core   0: 3 0x000000008000ff04 (0x97ba) x15 0x00000000800120dc
core   0: 0x000000008000ff06 (0xfe043703) ld      a4, -32(s0)
core   0: 3 0x000000008000ff06 (0xfe043703) x14 0x00000000800120d5 mem 0x0000000080031f50
core   0: 0x000000008000ff0a (0xfcf76de3) bltu    a4, a5, pc - 38
core   0: 3 0x000000008000ff0a (0xfcf76de3)
core   0: 0x000000008000fee4 (0xfe043783) ld      a5, -32(s0)
core   0: 3 0x000000008000fee4 (0xfe043783) x15 0x00000000800120d5 mem 0x0000000080031f50
core   0: 0x000000008000fee8 (0x00178713) addi    a4, a5, 1
core   0: 3 0x000000008000fee8 (0x00178713) x14 0x00000000800120d6
core   0: 0x000000008000feec (0xfee43023) sd      a4, -32(s0)
core   0: 3 0x000000008000feec (0xfee43023) mem 0x0000000080031f50 0x00000000800120d6
core   0: 0x000000008000fef0 (0xfc442703) lw      a4, -60(s0)
core   0: 3 0x000000008000fef0 (0xfc442703) x14 0x0000000000000000 mem 0x0000000080031f34
core   0: 0x000000008000fef4 (0x0ff77713) andi    a4, a4, 255
core   0: 3 0x000000008000fef4 (0x0ff77713) x14 0x0000000000000000
core   0: 0x000000008000fef8 (0x00e78023) sb      a4, 0(a5)
core   0: 3 0x000000008000fef8 (0x00e78023) mem 0x00000000800120d5 0x00
core   0: 0x000000008000fefc (0xfc843703) ld      a4, -56(s0)
core   0: 3 0x000000008000fefc (0xfc843703) x14 0x0000000080012040 mem 0x0000000080031f38
core   0: 0x000000008000ff00 (0xfb843783) ld      a5, -72(s0)
core   0: 3 0x000000008000ff00 (0xfb843783) x15 0x000000000000009c mem 0x0000000080031f28
core   0: 0x000000008000ff04 (0x000097ba) c.add   a5, a4
core   0: 3 0x000000008000ff04 (0x97ba) x15 0x00000000800120dc
core   0: 0x000000008000ff06 (0xfe043703) ld      a4, -32(s0)
core   0: 3 0x000000008000ff06 (0xfe043703) x14 0x00000000800120d6 mem 0x0000000080031f50
core   0: 0x000000008000ff0a (0xfcf76de3) bltu    a4, a5, pc - 38
core   0: 3 0x000000008000ff0a (0xfcf76de3)
core   0: 0x000000008000fee4 (0xfe043783) ld      a5, -32(s0)
core   0: 3 0x000000008000fee4 (0xfe043783) x15 0x00000000800120d6 mem 0x0000000080031f50
core   0: 0x000000008000fee8 (0x00178713) addi    a4, a5, 1
core   0: 3 0x000000008000fee8 (0x00178713) x14 0x00000000800120d7
core   0: 0x000000008000feec (0xfee43023) sd      a4, -32(s0)
core   0: 3 0x000000008000feec (0xfee43023) mem 0x0000000080031f50 0x00000000800120d7
core   0: 0x000000008000fef0 (0xfc442703) lw      a4, -60(s0)
core   0: 3 0x000000008000fef0 (0xfc442703) x14 0x0000000000000000 mem 0x0000000080031f34
core   0: 0x000000008000fef4 (0x0ff77713) andi    a4, a4, 255
core   0: 3 0x000000008000fef4 (0x0ff77713) x14 0x0000000000000000
core   0: 0x000000008000fef8 (0x00e78023) sb      a4, 0(a5)
core   0: 3 0x000000008000fef8 (0x00e78023) mem 0x00000000800120d6 0x00
core   0: 0x000000008000fefc (0xfc843703) ld      a4, -56(s0)
core   0: 3 0x000000008000fefc (0xfc843703) x14 0x0000000080012040 mem 0x0000000080031f38
core   0: 0x000000008000ff00 (0xfb843783) ld      a5, -72(s0)
core   0: 3 0x000000008000ff00 (0xfb843783) x15 0x000000000000009c mem 0x0000000080031f28
core   0: 0x000000008000ff04 (0x000097ba) c.add   a5, a4
core   0: 3 0x000000008000ff04 (0x97ba) x15 0x00000000800120dc
core   0: 0x000000008000ff06 (0xfe043703) ld      a4, -32(s0)
core   0: 3 0x000000008000ff06 (0xfe043703) x14 0x00000000800120d7 mem 0x0000000080031f50
core   0: 0x000000008000ff0a (0xfcf76de3) bltu    a4, a5, pc - 38
core   0: 3 0x000000008000ff0a (0xfcf76de3)
core   0: 0x000000008000fee4 (0xfe043783) ld      a5, -32(s0)
core   0: 3 0x000000008000fee4 (0xfe043783) x15 0x00000000800120d7 mem 0x0000000080031f50
core   0: 0x000000008000fee8 (0x00178713) addi    a4, a5, 1
core   0: 3 0x000000008000fee8 (0x00178713) x14 0x00000000800120d8
core   0: 0x000000008000feec (0xfee43023) sd      a4, -32(s0)
core   0: 3 0x000000008000feec (0xfee43023) mem 0x0000000080031f50 0x00000000800120d8
core   0: 0x000000008000fef0 (0xfc442703) lw      a4, -60(s0)
core   0: 3 0x000000008000fef0 (0xfc442703) x14 0x0000000000000000 mem 0x0000000080031f34
core   0: 0x000000008000fef4 (0x0ff77713) andi    a4, a4, 255
core   0: 3 0x000000008000fef4 (0x0ff77713) x14 0x0000000000000000
core   0: 0x000000008000fef8 (0x00e78023) sb      a4, 0(a5)
core   0: 3 0x000000008000fef8 (0x00e78023) mem 0x00000000800120d7 0x00
core   0: 0x000000008000fefc (0xfc843703) ld      a4, -56(s0)
core   0: 3 0x000000008000fefc (0xfc843703) x14 0x0000000080012040 mem 0x0000000080031f38
core   0: 0x000000008000ff00 (0xfb843783) ld      a5, -72(s0)
core   0: 3 0x000000008000ff00 (0xfb843783) x15 0x000000000000009c mem 0x0000000080031f28
core   0: 0x000000008000ff04 (0x000097ba) c.add   a5, a4
core   0: 3 0x000000008000ff04 (0x97ba) x15 0x00000000800120dc
core   0: 0x000000008000ff06 (0xfe043703) ld      a4, -32(s0)
core   0: 3 0x000000008000ff06 (0xfe043703) x14 0x00000000800120d8 mem 0x0000000080031f50
core   0: 0x000000008000ff0a (0xfcf76de3) bltu    a4, a5, pc - 38
core   0: 3 0x000000008000ff0a (0xfcf76de3)
core   0: 0x000000008000fee4 (0xfe043783) ld      a5, -32(s0)
core   0: 3 0x000000008000fee4 (0xfe043783) x15 0x00000000800120d8 mem 0x0000000080031f50
core   0: 0x000000008000fee8 (0x00178713) addi    a4, a5, 1
core   0: 3 0x000000008000fee8 (0x00178713) x14 0x00000000800120d9
core   0: 0x000000008000feec (0xfee43023) sd      a4, -32(s0)
core   0: 3 0x000000008000feec (0xfee43023) mem 0x0000000080031f50 0x00000000800120d9
core   0: 0x000000008000fef0 (0xfc442703) lw      a4, -60(s0)
core   0: 3 0x000000008000fef0 (0xfc442703) x14 0x0000000000000000 mem 0x0000000080031f34
core   0: 0x000000008000fef4 (0x0ff77713) andi    a4, a4, 255
core   0: 3 0x000000008000fef4 (0x0ff77713) x14 0x0000000000000000
core   0: 0x000000008000fef8 (0x00e78023) sb      a4, 0(a5)
core   0: 3 0x000000008000fef8 (0x00e78023) mem 0x00000000800120d8 0x00
core   0: 0x000000008000fefc (0xfc843703) ld      a4, -56(s0)
core   0: 3 0x000000008000fefc (0xfc843703) x14 0x0000000080012040 mem 0x0000000080031f38
core   0: 0x000000008000ff00 (0xfb843783) ld      a5, -72(s0)
core   0: 3 0x000000008000ff00 (0xfb843783) x15 0x000000000000009c mem 0x0000000080031f28
core   0: 0x000000008000ff04 (0x000097ba) c.add   a5, a4
core   0: 3 0x000000008000ff04 (0x97ba) x15 0x00000000800120dc
core   0: 0x000000008000ff06 (0xfe043703) ld      a4, -32(s0)
core   0: 3 0x000000008000ff06 (0xfe043703) x14 0x00000000800120d9 mem 0x0000000080031f50
core   0: 0x000000008000ff0a (0xfcf76de3) bltu    a4, a5, pc - 38
core   0: 3 0x000000008000ff0a (0xfcf76de3)
core   0: 0x000000008000fee4 (0xfe043783) ld      a5, -32(s0)
core   0: 3 0x000000008000fee4 (0xfe043783) x15 0x00000000800120d9 mem 0x0000000080031f50
core   0: 0x000000008000fee8 (0x00178713) addi    a4, a5, 1
core   0: 3 0x000000008000fee8 (0x00178713) x14 0x00000000800120da
core   0: 0x000000008000feec (0xfee43023) sd      a4, -32(s0)
core   0: 3 0x000000008000feec (0xfee43023) mem 0x0000000080031f50 0x00000000800120da
core   0: 0x000000008000fef0 (0xfc442703) lw      a4, -60(s0)
core   0: 3 0x000000008000fef0 (0xfc442703) x14 0x0000000000000000 mem 0x0000000080031f34
core   0: 0x000000008000fef4 (0x0ff77713) andi    a4, a4, 255
core   0: 3 0x000000008000fef4 (0x0ff77713) x14 0x0000000000000000
core   0: 0x000000008000fef8 (0x00e78023) sb      a4, 0(a5)
core   0: 3 0x000000008000fef8 (0x00e78023) mem 0x00000000800120d9 0x00
core   0: 0x000000008000fefc (0xfc843703) ld      a4, -56(s0)
core   0: 3 0x000000008000fefc (0xfc843703) x14 0x0000000080012040 mem 0x0000000080031f38
core   0: 0x000000008000ff00 (0xfb843783) ld      a5, -72(s0)
core   0: 3 0x000000008000ff00 (0xfb843783) x15 0x000000000000009c mem 0x0000000080031f28
core   0: 0x000000008000ff04 (0x000097ba) c.add   a5, a4
core   0: 3 0x000000008000ff04 (0x97ba) x15 0x00000000800120dc
core   0: 0x000000008000ff06 (0xfe043703) ld      a4, -32(s0)
core   0: 3 0x000000008000ff06 (0xfe043703) x14 0x00000000800120da mem 0x0000000080031f50
core   0: 0x000000008000ff0a (0xfcf76de3) bltu    a4, a5, pc - 38
core   0: 3 0x000000008000ff0a (0xfcf76de3)
core   0: 0x000000008000fee4 (0xfe043783) ld      a5, -32(s0)
core   0: 3 0x000000008000fee4 (0xfe043783) x15 0x00000000800120da mem 0x0000000080031f50
core   0: 0x000000008000fee8 (0x00178713) addi    a4, a5, 1
core   0: 3 0x000000008000fee8 (0x00178713) x14 0x00000000800120db
core   0: 0x000000008000feec (0xfee43023) sd      a4, -32(s0)
core   0: 3 0x000000008000feec (0xfee43023) mem 0x0000000080031f50 0x00000000800120db
core   0: 0x000000008000fef0 (0xfc442703) lw      a4, -60(s0)
core   0: 3 0x000000008000fef0 (0xfc442703) x14 0x0000000000000000 mem 0x0000000080031f34
core   0: 0x000000008000fef4 (0x0ff77713) andi    a4, a4, 255
core   0: 3 0x000000008000fef4 (0x0ff77713) x14 0x0000000000000000
core   0: 0x000000008000fef8 (0x00e78023) sb      a4, 0(a5)
core   0: 3 0x000000008000fef8 (0x00e78023) mem 0x00000000800120da 0x00
core   0: 0x000000008000fefc (0xfc843703) ld      a4, -56(s0)
core   0: 3 0x000000008000fefc (0xfc843703) x14 0x0000000080012040 mem 0x0000000080031f38
core   0: 0x000000008000ff00 (0xfb843783) ld      a5, -72(s0)
core   0: 3 0x000000008000ff00 (0xfb843783) x15 0x000000000000009c mem 0x0000000080031f28
core   0: 0x000000008000ff04 (0x000097ba) c.add   a5, a4
core   0: 3 0x000000008000ff04 (0x97ba) x15 0x00000000800120dc
core   0: 0x000000008000ff06 (0xfe043703) ld      a4, -32(s0)
core   0: 3 0x000000008000ff06 (0xfe043703) x14 0x00000000800120db mem 0x0000000080031f50
core   0: 0x000000008000ff0a (0xfcf76de3) bltu    a4, a5, pc - 38
core   0: 3 0x000000008000ff0a (0xfcf76de3)
core   0: 0x000000008000fee4 (0xfe043783) ld      a5, -32(s0)
core   0: 3 0x000000008000fee4 (0xfe043783) x15 0x00000000800120db mem 0x0000000080031f50
core   0: 0x000000008000fee8 (0x00178713) addi    a4, a5, 1
core   0: 3 0x000000008000fee8 (0x00178713) x14 0x00000000800120dc
core   0: 0x000000008000feec (0xfee43023) sd      a4, -32(s0)
core   0: 3 0x000000008000feec (0xfee43023) mem 0x0000000080031f50 0x00000000800120dc
core   0: 0x000000008000fef0 (0xfc442703) lw      a4, -60(s0)
core   0: 3 0x000000008000fef0 (0xfc442703) x14 0x0000000000000000 mem 0x0000000080031f34
core   0: 0x000000008000fef4 (0x0ff77713) andi    a4, a4, 255
core   0: 3 0x000000008000fef4 (0x0ff77713) x14 0x0000000000000000
core   0: 0x000000008000fef8 (0x00e78023) sb      a4, 0(a5)
core   0: 3 0x000000008000fef8 (0x00e78023) mem 0x00000000800120db 0x00
core   0: 0x000000008000fefc (0xfc843703) ld      a4, -56(s0)
core   0: 3 0x000000008000fefc (0xfc843703) x14 0x0000000080012040 mem 0x0000000080031f38
core   0: 0x000000008000ff00 (0xfb843783) ld      a5, -72(s0)
core   0: 3 0x000000008000ff00 (0xfb843783) x15 0x000000000000009c mem 0x0000000080031f28
core   0: 0x000000008000ff04 (0x000097ba) c.add   a5, a4
core   0: 3 0x000000008000ff04 (0x97ba) x15 0x00000000800120dc
core   0: 0x000000008000ff06 (0xfe043703) ld      a4, -32(s0)
core   0: 3 0x000000008000ff06 (0xfe043703) x14 0x00000000800120dc mem 0x0000000080031f50
core   0: 0x000000008000ff0a (0xfcf76de3) bltu    a4, a5, pc - 38
core   0: 3 0x000000008000ff0a (0xfcf76de3)
core   0: 0x000000008000ff0e (0xfc843783) ld      a5, -56(s0)
core   0: 3 0x000000008000ff0e (0xfc843783) x15 0x0000000080012040 mem 0x0000000080031f38
core   0: 0x000000008000ff12 (0x0000853e) c.mv    a0, a5
core   0: 3 0x000000008000ff12 (0x853e) x10 0x0000000080012040
core   0: 0x000000008000ff14 (0x00006426) c.ldsp  s0, 72(sp)
core   0: 3 0x000000008000ff14 (0x6426) x8  0x0000000080031f90 mem 0x0000000080031f68
core   0: 0x000000008000ff16 (0x00006161) c.addi16sp sp, 80
core   0: 3 0x000000008000ff16 (0x6161) x2  0x0000000080031f70
core   0: 0x000000008000ff18 (0x00008082) ret
core   0: 3 0x000000008000ff18 (0x8082)
core   0: 0x000000008000f4cc (0x00000001) c.nop
core   0: 3 0x000000008000f4cc (0x0001)
core   0: 0x000000008000f4ce (0x000060e2) c.ldsp  ra, 24(sp)
core   0: 3 0x000000008000f4ce (0x60e2) x1  0x000000008000f50c mem 0x0000000080031f88
core   0: 0x000000008000f4d0 (0x00006442) c.ldsp  s0, 16(sp)
core   0: 3 0x000000008000f4d0 (0x6442) x8  0x0000000080032040 mem 0x0000000080031f80
core   0: 0x000000008000f4d2 (0x00006105) c.addi16sp sp, 32
core   0: 3 0x000000008000f4d2 (0x6105) x2  0x0000000080031f90
core   0: 0x000000008000f4d4 (0x00008082) ret
core   0: 3 0x000000008000f4d4 (0x8082)
core   0: 0x000000008000f50c (0xf5842703) lw      a4, -168(s0)
core   0: 3 0x000000008000f50c (0xf5842703) x14 0x0000000000000001 mem 0x0000000080031f98
core   0: 0x000000008000f510 (0xf5c42783) lw      a5, -164(s0)
core   0: 3 0x000000008000f510 (0xf5c42783) x15 0x0000000000000000 mem 0x0000000080031f9c
core   0: 0x000000008000f514 (0x000085ba) c.mv    a1, a4
core   0: 3 0x000000008000f514 (0x85ba) x11 0x0000000000000001
core   0: 0x000000008000f516 (0x0000853e) c.mv    a0, a5
core   0: 3 0x000000008000f516 (0x853e) x10 0x0000000000000000
core   0: 0x000000008000f518 (0xf03ff0ef) jal     pc - 0xfe
core   0: 3 0x000000008000f518 (0xf03ff0ef) x1  0x000000008000f51c
core   0: >>>>  thread_entry
core   0: 0x000000008000f41a (0x00001101) c.addi  sp, -32
core   0: 3 0x000000008000f41a (0x1101) x2  0x0000000080031f70
core   0: 0x000000008000f41c (0x0000ec22) c.sdsp  s0, 24(sp)
core   0: 3 0x000000008000f41c (0xec22) mem 0x0000000080031f88 0x0000000080032040
core   0: 0x000000008000f41e (0x00001000) c.addi4spn s0, sp, 32
core   0: 3 0x000000008000f41e (0x1000) x8  0x0000000080031f90
core   0: 0x000000008000f420 (0x000087aa) c.mv    a5, a0
core   0: 3 0x000000008000f420 (0x87aa) x15 0x0000000000000000
core   0: 0x000000008000f422 (0x0000872e) c.mv    a4, a1
core   0: 3 0x000000008000f422 (0x872e) x14 0x0000000000000001
core   0: 0x000000008000f424 (0xfef42623) sw      a5, -20(s0)
core   0: 3 0x000000008000f424 (0xfef42623) mem 0x0000000080031f7c 0x00000000
core   0: 0x000000008000f428 (0x000087ba) c.mv    a5, a4
core   0: 3 0x000000008000f428 (0x87ba) x15 0x0000000000000001
core   0: 0x000000008000f42a (0xfef42423) sw      a5, -24(s0)
core   0: 3 0x000000008000f42a (0xfef42423) mem 0x0000000080031f78 0x00000001
core   0: 0x000000008000f42e (0x00000001) c.nop
core   0: 3 0x000000008000f42e (0x0001)
core   0: 0x000000008000f430 (0xfec42783) lw      a5, -20(s0)
core   0: 3 0x000000008000f430 (0xfec42783) x15 0x0000000000000000 mem 0x0000000080031f7c
core   0: 0x000000008000f434 (0x00002781) c.addiw a5, 0
core   0: 3 0x000000008000f434 (0x2781) x15 0x0000000000000000
core   0: 0x000000008000f436 (0x0000ffed) c.bnez  a5, pc - 6
core   0: 3 0x000000008000f436 (0xffed)
core   0: 0x000000008000f438 (0x00000001) c.nop
core   0: 3 0x000000008000f438 (0x0001)
core   0: 0x000000008000f43a (0x00000001) c.nop
core   0: 3 0x000000008000f43a (0x0001)
core   0: 0x000000008000f43c (0x00006462) c.ldsp  s0, 24(sp)
core   0: 3 0x000000008000f43c (0x6462) x8  0x0000000080032040 mem 0x0000000080031f88
core   0: 0x000000008000f43e (0x00006105) c.addi16sp sp, 32
core   0: 3 0x000000008000f43e (0x6105) x2  0x0000000080031f90
core   0: 0x000000008000f440 (0x00008082) ret
core   0: 3 0x000000008000f440 (0x8082)
core   0: 0x000000008000f51c (0x00004581) c.li    a1, 0
core   0: 3 0x000000008000f51c (0x4581) x11 0x0000000000000000
core   0: 0x000000008000f51e (0x00004501) c.li    a0, 0
core   0: 3 0x000000008000f51e (0x4501) x10 0x0000000000000000
core   0: 0x000000008000f520 (0xae1f20ef) jal     pc - 0xd520
core   0: 3 0x000000008000f520 (0xae1f20ef) x1  0x000000008000f524
core   0: >>>>  main
core   0: 0x0000000080002000 (0x00000001) c.nop
core   0: 3 0x0000000080002000 (0x0001)
core   0: >>>>  trap_vec_init
core   0: 0x0000000080002002 (0x00002797) auipc   a5, 0x2
core   0: 3 0x0000000080002002 (0x00002797) x15 0x0000000080004002
core   0: 0x0000000080002006 (0xffe78793) addi    a5, a5, -2
core   0: 3 0x0000000080002006 (0xffe78793) x15 0x0000000080004000
core   0: 0x000000008000200a (0x30579073) csrrw   zero, mtvec, a5
core   0: 3 0x000000008000200a (0x30579073) c773_mtvec 0x0000000080004000
core   0: >>>>  pmp_setup
core   0: 0x000000008000200e (0x00002c17) auipc   s8, 0x2
core   0: 3 0x000000008000200e (0x00002c17) x24 0x000000008000400e
core   0: 0x0000000080002012 (0x022c0c13) addi    s8, s8, 34
core   0: 3 0x0000000080002012 (0x022c0c13) x24 0x0000000080004030
core   0: 0x0000000080002016 (0x00004781) c.li    a5, 0
core   0: 3 0x0000000080002016 (0x4781) x15 0x0000000000000000
core   0: 0x0000000080002018 (0x00009c3e) c.add   s8, a5
core   0: 3 0x0000000080002018 (0x9c3e) x24 0x0000000080004030
core   0: 0x000000008000201a (0x3b0c1073) csrrw   zero, pmpaddr0, s8
core   0: 3 0x000000008000201a (0x3b0c1073) c944_pmpaddr0 0x0000000080004030
core   0: 0x000000008000201e (0x00004c3d) c.li    s8, 15
core   0: 3 0x000000008000201e (0x4c3d) x24 0x000000000000000f
core   0: 0x0000000080002020 (0x3a0c1073) csrrw   zero, pmpcfg0, s8
core   0: 3 0x0000000080002020 (0x3a0c1073) c928_pmpcfg0 0x000000000000000f
core   0: 0x0000000080002024 (0x12000073) sfence.vma zero, zero
core   0: 3 0x0000000080002024 (0x12000073)
core   0: >>>>  mepc_setup
core   0: 0x0000000080002028 (0x00002797) auipc   a5, 0x2
core   0: 3 0x0000000080002028 (0x00002797) x15 0x0000000080004028
core   0: 0x000000008000202c (0x00878793) addi    a5, a5, 8
core   0: 3 0x000000008000202c (0x00878793) x15 0x0000000080004030
core   0: 0x0000000080002030 (0x34179073) csrrw   zero, mepc, a5
core   0: 3 0x0000000080002030 (0x34179073) c833_mepc 0x0000000080004030
core   0: >>>>  custom_csr_setup
core   0: 0x0000000080002034 (0x00100f9b) addiw   t6, zero, 1
core   0: 3 0x0000000080002034 (0x00100f9b) x31 0x0000000000000001
core   0: 0x0000000080002038 (0x00000ffe) c.slli  t6, 31
core   0: 3 0x0000000080002038 (0x0ffe) x31 0x0000000080000000
core   0: 0x000000008000203a (0x00000001) c.nop
core   0: 3 0x000000008000203a (0x0001)
core   0: >>>>  init_s_mode
core   0: 0x000000008000203c (0xfff0079b) addiw   a5, zero, -1
core   0: 3 0x000000008000203c (0xfff0079b) x15 0xffffffffffffffff
core   0: 0x0000000080002040 (0x000017fe) c.slli  a5, 63
core   0: 3 0x0000000080002040 (0x17fe) x15 0x8000000000000000
core   0: 0x0000000080002042 (0x18079073) csrrw   zero, satp, a5
core   0: 3 0x0000000080002042 (0x18079073) c384_satp 0x8000000000000000
core   0: 0x0000000080002046 (0x0000f797) auipc   a5, 0xf
core   0: 3 0x0000000080002046 (0x0000f797) x15 0x0000000080011046
core   0: 0x000000008000204a (0xfba78793) addi    a5, a5, -70
core   0: 3 0x000000008000204a (0xfba78793) x15 0x0000000080011000
core   0: 0x000000008000204e (0x000083b1) c.srli  a5, 12
core   0: 3 0x000000008000204e (0x83b1) x15 0x0000000000080011
core   0: 0x0000000080002050 (0x0010061b) addiw   a2, zero, 1
core   0: 3 0x0000000080002050 (0x0010061b) x12 0x0000000000000001
core   0: 0x0000000080002054 (0x00001632) c.slli  a2, 44
core   0: 3 0x0000000080002054 (0x1632) x12 0x0000100000000000
core   0: 0x0000000080002056 (0x0000167d) c.addi  a2, -1
core   0: 3 0x0000000080002056 (0x167d) x12 0x00000fffffffffff
core   0: 0x0000000080002058 (0x00008ff1) c.and   a5, a2
core   0: 3 0x0000000080002058 (0x8ff1) x15 0x0000000000080011
core   0: 0x000000008000205a (0x1807a073) csrrs   zero, satp, a5
core   0: 3 0x000000008000205a (0x1807a073) c384_satp 0x8000000000080011
core   0: 0x000000008000205e (0x00a005b7) lui     a1, 0xa00
core   0: 3 0x000000008000205e (0x00a005b7) x11 0x0000000000a00000
core   0: 0x0000000080002062 (0x10b5859b) addiw   a1, a1, 267
core   0: 3 0x0000000080002062 (0x10b5859b) x11 0x0000000000a0010b
core   0: 0x0000000080002066 (0x000005b2) c.slli  a1, 12
core   0: 3 0x0000000080002066 (0x05b2) x11 0x0000000a0010b000
core   0: 0x0000000080002068 (0xa0058593) addi    a1, a1, -1536
core   0: 3 0x0000000080002068 (0xa0058593) x11 0x0000000a0010aa00
core   0: 0x000000008000206c (0x30059073) csrrw   zero, mstatus, a1
core   0: 3 0x000000008000206c (0x30059073) c768_mstatus 0x0000000a00102800
core   0: 0x0000000080002070 (0x30459073) csrrw   zero, mie, a1
core   0: 3 0x0000000080002070 (0x30459073) c772_mie 0x0000000000000a00
core   0: 0x0000000080002074 (0x00a005b7) lui     a1, 0xa00
core   0: 3 0x0000000080002074 (0x00a005b7) x11 0x0000000000a00000
core   0: 0x0000000080002078 (0x10b5859b) addiw   a1, a1, 267
core   0: 3 0x0000000080002078 (0x10b5859b) x11 0x0000000000a0010b
core   0: 0x000000008000207c (0x000005b2) c.slli  a1, 12
core   0: 3 0x000000008000207c (0x05b2) x11 0x0000000a0010b000
core   0: 0x000000008000207e (0xa0058593) addi    a1, a1, -1536
core   0: 3 0x000000008000207e (0xa0058593) x11 0x0000000a0010aa00
core   0: 0x0000000080002082 (0x10059073) csrrw   zero, sstatus, a1
core   0: 3 0x0000000080002082 (0x10059073) c768_mstatus 0x0000000a00102800
core   0: 0x0000000080002086 (0x10459073) csrrw   zero, sie, a1
core   0: 3 0x0000000080002086 (0x10459073) c772_mie 0x0000000000000a00
core   0: 0x000000008000208a (0x30200073) mret
core   0: 3 0x000000008000208a (0x30200073) c768_mstatus 0x0000000a00102080
core   0: >>>>  main_g
core   0: 0x0000000080004030 (0x00741a3b) sllw    s4, s0, t2
core   0: 1 0x0000000080004030 (0x00741a3b) x20 0xffffffff80032040
core   0: 0x0000000080004034 (0x02808cbb) mulw    s9, ra, s0
core   0: 1 0x0000000080004034 (0x02808cbb) x25 0xfffffffffe4dc900
core   0: 0x0000000080004038 (0x002292f3) csrrw   t0, frm, t0
core   0: 1 0x0000000080004038 (0x002292f3) x5  0x0000000000000000 c2_frm 0x0000000000000004 c768_mstatus 0x8000000a00106080
core   0: 0x000000008000403c (0x414a0ebb) subw    t4, s4, s4
core   0: 1 0x000000008000403c (0x414a0ebb) x29 0x0000000000000000
core   0: 0x0000000080004040 (0x001d9e73) csrrw   t3, fflags, s11
core   0: 1 0x0000000080004040 (0x001d9e73) x28 0x0000000000000000 c1_fflags 0x0000000000000000
core   0: 0x0000000080004044 (0x62ce6313) ori     t1, t3, 1580
core   0: 1 0x0000000080004044 (0x62ce6313) x6  0x000000000000062c
core   0: 0x0000000080004048 (0x72e7f7c3) fmadd.d fa5, fa5, fa4, fa4
core   0: 1 0x0000000080004048 (0x72e7f7c3) f15 0x7ff8000000000000
core   0: 0x000000008000404c (0xd03df053) fcvt.s.lu ft0, s11
core   0: 1 0x000000008000404c (0xd03df053) f0  0xffffffff00000000
core   0: 0x0000000080004050 (0x14315b73) csrrwi  s6, stval, 2
core   0: 1 0x0000000080004050 (0x14315b73) x22 0x0000000000000000 c323_stval 0x0000000000000002
core   0: 0x0000000080004054 (0xd03df953) fcvt.s.lu fs2, s11
core   0: 1 0x0000000080004054 (0xd03df953) f18 0xffffffff00000000
core   0: 0x0000000080004058 (0x00000001) c.nop
core   0: 1 0x0000000080004058 (0x0001)
core   0: 0x000000008000405a (0x019c96b3) sll     a3, s9, s9
core   0: 1 0x000000008000405a (0x019c96b3) x13 0xfffffffffe4dc900
core   0: 0x000000008000405e (0x9aeb73c7) fmsub.d ft7, fs6, fa4, fs3
core   0: 1 0x000000008000405e (0x9aeb73c7) f7  0x7ff8000000000000
core   0: 0x0000000080004062 (0x00d1d1b3) srl     gp, gp, a3
core   0: 1 0x0000000080004062 (0x00d1d1b3) x3  0x0000000080012828
core   0: 0x0000000080004066 (0xd2018fd3) fcvt.d.w ft11, gp
core   0: 1 0x0000000080004066 (0xd2018fd3) f31 0xc1dfffb5f6000000
core   0: 0x000000008000406a (0x31a6fef3) csrrci  t4, menvcfgh, 13
core   0: exception trap_illegal_instruction, epc 0x000000008000406a
core   0:           tval 0x0000000031a6fef3
core   0: >>>>  $xrv64i2p1_m2p0_a2p1_f2p2_d2p2_zicsr2p0_zifencei2p0_zmmul1p0_zba1p0_zbb1p0_zbc1p0_zbs1p0
core   0: 0x0000000080004000 (0x0080006f) j       pc + 0x8
core   0: 3 0x0000000080004000 (0x0080006f)
core   0: >>>>  mmode_exception_handler
core   0: 0x0000000080004008 (0x00002c17) auipc   s8, 0x2
core   0: 3 0x0000000080004008 (0x00002c17) x24 0x0000000080006008
core   0: 0x000000008000400c (0x06ec0c13) addi    s8, s8, 110
core   0: 3 0x000000008000400c (0x06ec0c13) x24 0x0000000080006076
core   0: 0x0000000080004010 (0x000c00e7) jalr    s8
core   0: 3 0x0000000080004010 (0x000c00e7) x1  0x0000000080004014
core   0: >>>>  any_handler
core   0: 0x0000000080006076 (0x341027f3) csrrs   a5, mepc, zero
core   0: 3 0x0000000080006076 (0x341027f3) x15 0x000000008000406a
core   0: 0x000000008000607a (0x34202773) csrrs   a4, mcause, zero
core   0: 3 0x000000008000607a (0x34202773) x14 0x0000000000000002
core   0: 0x000000008000607e (0x142026f3) csrrs   a3, scause, zero
core   0: 3 0x000000008000607e (0x142026f3) x13 0x0000000000000000
core   0: 0x0000000080006082 (0x30402673) csrrs   a2, mie, zero
core   0: 3 0x0000000080006082 (0x30402673) x12 0x0000000000000a00
core   0: 0x0000000080006086 (0x344025f3) csrrs   a1, mip, zero
core   0: 3 0x0000000080006086 (0x344025f3) x11 0x0000000000000080
core   0: 0x000000008000608a (0x343025f3) csrrs   a1, mtval, zero
core   0: 3 0x000000008000608a (0x343025f3) x11 0x0000000031a6fef3
core   0: 0x000000008000608e (0x14302573) csrrs   a0, stval, zero
core   0: 3 0x000000008000608e (0x14302573) x10 0x0000000000000002
core   0: 0x0000000080006092 (0xb02024f3) csrrs   s1, minstret, zero
core   0: 3 0x0000000080006092 (0xb02024f3) x9  0x00000000000007da
core   0: 0x0000000080006096 (0x0000a811) c.j     pc + 20
core   0: 3 0x0000000080006096 (0xa811)
core   0: >>>>  mepc_4
core   0: 0x00000000800060aa (0x00000791) c.addi  a5, 4
core   0: 3 0x00000000800060aa (0x0791) x15 0x000000008000406e
core   0: 0x00000000800060ac (0x34179073) csrrw   zero, mepc, a5
core   0: 3 0x00000000800060ac (0x34179073) c833_mepc 0x000000008000406e
core   0: 0x00000000800060b0 (0x30200073) mret
core   0: 3 0x00000000800060b0 (0x30200073) c768_mstatus 0x8000000a00106080
core   0: 0x000000008000406e (0x01def033) and     zero, t4, t4
core   0: 1 0x000000008000406e (0x01def033)
core   0: 0x0000000080004072 (0x002023f3) csrrs   t2, frm, zero
core   0: 1 0x0000000080004072 (0x002023f3) x7  0x0000000000000004
core   0: 0x0000000080004076 (0xb02393f3) csrrw   t2, minstret, t2
core   0: exception trap_illegal_instruction, epc 0x0000000080004076
core   0:           tval 0x00000000b02393f3
core   0: >>>>  $xrv64i2p1_m2p0_a2p1_f2p2_d2p2_zicsr2p0_zifencei2p0_zmmul1p0_zba1p0_zbb1p0_zbc1p0_zbs1p0
core   0: 0x0000000080004000 (0x0080006f) j       pc + 0x8
core   0: 3 0x0000000080004000 (0x0080006f)
core   0: >>>>  mmode_exception_handler
core   0: 0x0000000080004008 (0x00002c17) auipc   s8, 0x2
core   0: 3 0x0000000080004008 (0x00002c17) x24 0x0000000080006008
core   0: 0x000000008000400c (0x06ec0c13) addi    s8, s8, 110
core   0: 3 0x000000008000400c (0x06ec0c13) x24 0x0000000080006076
core   0: 0x0000000080004010 (0x000c00e7) jalr    s8
core   0: 3 0x0000000080004010 (0x000c00e7) x1  0x0000000080004014
core   0: >>>>  any_handler
core   0: 0x0000000080006076 (0x341027f3) csrrs   a5, mepc, zero
core   0: 3 0x0000000080006076 (0x341027f3) x15 0x0000000080004076
core   0: 0x000000008000607a (0x34202773) csrrs   a4, mcause, zero
core   0: 3 0x000000008000607a (0x34202773) x14 0x0000000000000002
core   0: 0x000000008000607e (0x142026f3) csrrs   a3, scause, zero
core   0: 3 0x000000008000607e (0x142026f3) x13 0x0000000000000000
core   0: 0x0000000080006082 (0x30402673) csrrs   a2, mie, zero
core   0: 3 0x0000000080006082 (0x30402673) x12 0x0000000000000a00
core   0: 0x0000000080006086 (0x344025f3) csrrs   a1, mip, zero
core   0: 3 0x0000000080006086 (0x344025f3) x11 0x0000000000000080
core   0: 0x000000008000608a (0x343025f3) csrrs   a1, mtval, zero
core   0: 3 0x000000008000608a (0x343025f3) x11 0x00000000b02393f3
core   0: 0x000000008000608e (0x14302573) csrrs   a0, stval, zero
core   0: 3 0x000000008000608e (0x14302573) x10 0x0000000000000002
core   0: 0x0000000080006092 (0xb02024f3) csrrs   s1, minstret, zero
core   0: 3 0x0000000080006092 (0xb02024f3) x9  0x00000000000007ec
core   0: 0x0000000080006096 (0x0000a811) c.j     pc + 20
core   0: 3 0x0000000080006096 (0xa811)
core   0: >>>>  mepc_4
core   0: 0x00000000800060aa (0x00000791) c.addi  a5, 4
core   0: 3 0x00000000800060aa (0x0791) x15 0x000000008000407a
core   0: 0x00000000800060ac (0x34179073) csrrw   zero, mepc, a5
core   0: 3 0x00000000800060ac (0x34179073) c833_mepc 0x000000008000407a
core   0: 0x00000000800060b0 (0x30200073) mret
core   0: 3 0x00000000800060b0 (0x30200073) c768_mstatus 0x8000000a00106080
core   0: 0x000000008000407a (0xee3327b7) lui     a5, 0xee332
core   0: 1 0x000000008000407a (0xee3327b7) x15 0xffffffffee332000
core   0: 0x000000008000407e (0x021d1933) mulh    s2, s10, ra
core   0: 1 0x000000008000407e (0x021d1933) x18 0x0000000000000000
core   0: 0x0000000080004082 (0x0bf3fd53) fsub.d  fs10, ft7, ft11
core   0: 1 0x0000000080004082 (0x0bf3fd53) f26 0x7ff8000000000000
core   0: 0x0000000080004086 (0x420c08d3) fcvt.d.s fa7, fs8
core   0: 1 0x0000000080004086 (0x420c08d3) f17 0x0000000000000000
core   0: 0x000000008000408a (0x03aa0e3b) mulw    t3, s4, s10
core   0: 1 0x000000008000408a (0x03aa0e3b) x28 0x0000000000000000
core   0: 0x000000008000408e (0x0119191b) slliw   s2, s2, 17
core   0: 1 0x000000008000408e (0x0119191b) x18 0x0000000000000000
core   0: 0x0000000080004092 (0x2b189fd3) fmax.d  ft11, fa7, fa7
core   0: 1 0x0000000080004092 (0x2b189fd3) f31 0x0000000000000000
core   0: 0x0000000080004096 (0x039a433b) divw    t1, s4, s9
core   0: 1 0x0000000080004096 (0x039a433b) x6  0x000000000000004b
core   0: 0x000000008000409a (0x01908cbb) addw    s9, ra, s9
core   0: 1 0x000000008000409a (0x01908cbb) x25 0x000000007e4e0914
core   0: 0x000000008000409e (0x23e58053) fsgnj.d ft0, fa1, ft10
core   0: 1 0x000000008000409e (0x23e58053) f0  0xffffffff00000000
core   0: 0x00000000800040a2 (0x03d8d233) divu    tp, a7, t4
core   0: 1 0x00000000800040a2 (0x03d8d233) x4  0xffffffffffffffff
core   0: 0x00000000800040a6 (0xa20f85d3) fle.d   a1, ft11, ft0
core   0: 1 0x00000000800040a6 (0xa20f85d3) c1_fflags 0x0000000000000010 x11 0x0000000000000000
core   0: 0x00000000800040aa (0x03fe9713) slli    a4, t4, 63
core   0: 1 0x00000000800040aa (0x03fe9713) x14 0x0000000000000000
core   0: 0x00000000800040ae (0x01299933) sll     s2, s3, s2
core   0: 1 0x00000000800040ae (0x01299933) x18 0x0000000000000000
core   0: 0x00000000800040b2 (0xfff97e93) andi    t4, s2, -1
core   0: 1 0x00000000800040b2 (0xfff97e93) x29 0x0000000000000000
core   0: 0x00000000800040b6 (0x002913f3) csrrw   t2, frm, s2
core   0: 1 0x00000000800040b6 (0x002913f3) x7  0x0000000000000004 c2_frm 0x0000000000000000
core   0: 0x00000000800040ba (0x02c3f6d3) fadd.d  fa3, ft7, fa2
core   0: 1 0x00000000800040ba (0x02c3f6d3) f13 0x7ff8000000000000
core   0: 0x00000000800040be (0x400bd493) srai    s1, s7, 0
core   0: 1 0x00000000800040be (0x400bd493) x9  0x0000000000000000
core   0: 0x00000000800040c2 (0xd22dfcd3) fcvt.d.l fs9, s11
core   0: 1 0x00000000800040c2 (0xd22dfcd3) f25 0x0000000000000000
core   0: 0x00000000800040c6 (0xfd2d8e13) addi    t3, s11, -46
core   0: 1 0x00000000800040c6 (0xfd2d8e13) x28 0xffffffffffffffd2
core   0: 0x00000000800040ca (0x00f1a033) slt     zero, gp, a5
core   0: 1 0x00000000800040ca (0x00f1a033)
core   0: 0x00000000800040ce (0x004dc233) xor     tp, s11, tp
core   0: 1 0x00000000800040ce (0x004dc233) x4  0xffffffffffffffff
core   0: 0x00000000800040d2 (0x03c1fb3b) remuw   s6, gp, t3
core   0: 1 0x00000000800040d2 (0x03c1fb3b) x22 0xffffffff80012828
core   0: 0x00000000800040d6 (0x03241033) mulh    zero, s0, s2
core   0: 1 0x00000000800040d6 (0x03241033)
core   0: 0x00000000800040da (0x03695593) srli    a1, s2, 54
core   0: 1 0x00000000800040da (0x03695593) x11 0x0000000000000000
core   0: 0x00000000800040de (0x0085943b) sllw    s0, a1, s0
core   0: 1 0x00000000800040de (0x0085943b) x8  0x0000000000000000
core   0: 0x00000000800040e2 (0x00b4d99b) srliw   s3, s1, 11
core   0: 1 0x00000000800040e2 (0x00b4d99b) x19 0x0000000000000000
core   0: 0x00000000800040e6 (0x017063b3) or      t2, zero, s7
core   0: 1 0x00000000800040e6 (0x017063b3) x7  0x0000000000000000
core   0: 0x00000000800040ea (0xb6447093) andi    ra, s0, -1180
core   0: 1 0x00000000800040ea (0xb6447093) x1  0x0000000000000000
core   0: 0x00000000800040ee (0xc816be73) csrrc   t3, timeh, a3
core   0: exception trap_illegal_instruction, epc 0x00000000800040ee
core   0:           tval 0x00000000c816be73
core   0: >>>>  $xrv64i2p1_m2p0_a2p1_f2p2_d2p2_zicsr2p0_zifencei2p0_zmmul1p0_zba1p0_zbb1p0_zbc1p0_zbs1p0
core   0: 0x0000000080004000 (0x0080006f) j       pc + 0x8
core   0: 3 0x0000000080004000 (0x0080006f)
core   0: >>>>  mmode_exception_handler
core   0: 0x0000000080004008 (0x00002c17) auipc   s8, 0x2
core   0: 3 0x0000000080004008 (0x00002c17) x24 0x0000000080006008
core   0: 0x000000008000400c (0x06ec0c13) addi    s8, s8, 110
core   0: 3 0x000000008000400c (0x06ec0c13) x24 0x0000000080006076
core   0: 0x0000000080004010 (0x000c00e7) jalr    s8
core   0: 3 0x0000000080004010 (0x000c00e7) x1  0x0000000080004014
core   0: >>>>  any_handler
core   0: 0x0000000080006076 (0x341027f3) csrrs   a5, mepc, zero
core   0: 3 0x0000000080006076 (0x341027f3) x15 0x00000000800040ee
core   0: 0x000000008000607a (0x34202773) csrrs   a4, mcause, zero
core   0: 3 0x000000008000607a (0x34202773) x14 0x0000000000000002
core   0: 0x000000008000607e (0x142026f3) csrrs   a3, scause, zero
core   0: 3 0x000000008000607e (0x142026f3) x13 0x0000000000000000
core   0: 0x0000000080006082 (0x30402673) csrrs   a2, mie, zero
core   0: 3 0x0000000080006082 (0x30402673) x12 0x0000000000000a00
core   0: 0x0000000080006086 (0x344025f3) csrrs   a1, mip, zero
core   0: 3 0x0000000080006086 (0x344025f3) x11 0x0000000000000080
core   0: 0x000000008000608a (0x343025f3) csrrs   a1, mtval, zero
core   0: 3 0x000000008000608a (0x343025f3) x11 0x00000000c816be73
core   0: 0x000000008000608e (0x14302573) csrrs   a0, stval, zero
core   0: 3 0x000000008000608e (0x14302573) x10 0x0000000000000002
core   0: 0x0000000080006092 (0xb02024f3) csrrs   s1, minstret, zero
core   0: 3 0x0000000080006092 (0xb02024f3) x9  0x0000000000000819
core   0: 0x0000000080006096 (0x0000a811) c.j     pc + 20
core   0: 3 0x0000000080006096 (0xa811)
core   0: >>>>  mepc_4
core   0: 0x00000000800060aa (0x00000791) c.addi  a5, 4
core   0: 3 0x00000000800060aa (0x0791) x15 0x00000000800040f2
core   0: 0x00000000800060ac (0x34179073) csrrw   zero, mepc, a5
core   0: 3 0x00000000800060ac (0x34179073) c833_mepc 0x00000000800040f2
core   0: 0x00000000800060b0 (0x30200073) mret
core   0: 3 0x00000000800060b0 (0x30200073) c768_mstatus 0x8000000a00106080
core   0: 0x00000000800040f2 (0x0006d99b) srliw   s3, a3, 0
core   0: 1 0x00000000800040f2 (0x0006d99b) x19 0x0000000000000000
core   0: 0x00000000800040f6 (0x40187153) fcvt.s.d ft2, fa6
core   0: 1 0x00000000800040f6 (0x40187153) f2  0xffffffff7fc00000
core   0: 0x00000000800040fa (0xbf6c0c13) addi    s8, s8, -1034
core   0: 1 0x00000000800040fa (0xbf6c0c13) x24 0x0000000080005c6c
core   0: 0x00000000800040fe (0xd03b7b53) fcvt.s.lu fs6, s6
core   0: 1 0x00000000800040fe (0xd03b7b53) c1_fflags 0x0000000000000011 f22 0xffffffff5f800000
core   0: 0x0000000080004102 (0x001b9a9b) slliw   s5, s7, 1
core   0: 1 0x0000000080004102 (0x001b9a9b) x21 0x0000000000000000
core   0: 0x0000000080004106 (0xa23c95d3) flt.d   a1, fs9, ft3
core   0: 1 0x0000000080004106 (0xa23c95d3) c1_fflags 0x0000000000000011 x11 0x0000000000000000
core   0: 0x000000008000410a (0xc02cfa53) fcvt.l.s s4, fs9
core   0: 1 0x000000008000410a (0xc02cfa53) c1_fflags 0x0000000000000011 x20 0x7fffffffffffffff
core   0: 0x000000008000410e (0x00009c16) c.add   s8, t0
core   0: 1 0x000000008000410e (0x9c16) x24 0x0000000080005c6c
core   0: 0x0000000080004110 (0x41f7b713) sltiu   a4, a5, 1055
core   0: 1 0x0000000080004110 (0x41f7b713) x14 0x0000000000000000
core   0: 0x0000000080004114 (0x0118f233) and     tp, a7, a7
core   0: 1 0x0000000080004114 (0x0118f233) x4  0x0000000000000000
core   0: 0x0000000080004118 (0xfe64e0b7) lui     ra, 0xfe64e
core   0: 1 0x0000000080004118 (0xfe64e0b7) x1  0xfffffffffe64e000
core   0: 0x000000008000411c (0xf110809b) addiw   ra, ra, -239
core   0: 1 0x000000008000411c (0xf110809b) x1  0xfffffffffe64df11
core   0: 0x0000000080004120 (0x000000b6) c.slli  ra, 13
core   0: 1 0x0000000080004120 (0x00b6) x1  0xffffffcc9be22000
core   0: 0x0000000080004122 (0xf2908093) addi    ra, ra, -215
core   0: 1 0x0000000080004122 (0xf2908093) x1  0xffffffcc9be21f29
core   0: 0x0000000080004126 (0x343073f3) csrrci  t2, mtval, 0
core   0: exception trap_illegal_instruction, epc 0x0000000080004126
core   0:           tval 0x00000000343073f3
core   0: >>>>  $xrv64i2p1_m2p0_a2p1_f2p2_d2p2_zicsr2p0_zifencei2p0_zmmul1p0_zba1p0_zbb1p0_zbc1p0_zbs1p0
core   0: 0x0000000080004000 (0x0080006f) j       pc + 0x8
core   0: 3 0x0000000080004000 (0x0080006f)
core   0: >>>>  mmode_exception_handler
core   0: 0x0000000080004008 (0x00002c17) auipc   s8, 0x2
core   0: 3 0x0000000080004008 (0x00002c17) x24 0x0000000080006008
core   0: 0x000000008000400c (0x06ec0c13) addi    s8, s8, 110
core   0: 3 0x000000008000400c (0x06ec0c13) x24 0x0000000080006076
core   0: 0x0000000080004010 (0x000c00e7) jalr    s8
core   0: 3 0x0000000080004010 (0x000c00e7) x1  0x0000000080004014
core   0: >>>>  any_handler
core   0: 0x0000000080006076 (0x341027f3) csrrs   a5, mepc, zero
core   0: 3 0x0000000080006076 (0x341027f3) x15 0x0000000080004126
core   0: 0x000000008000607a (0x34202773) csrrs   a4, mcause, zero
core   0: 3 0x000000008000607a (0x34202773) x14 0x0000000000000002
core   0: 0x000000008000607e (0x142026f3) csrrs   a3, scause, zero
core   0: 3 0x000000008000607e (0x142026f3) x13 0x0000000000000000
core   0: 0x0000000080006082 (0x30402673) csrrs   a2, mie, zero
core   0: 3 0x0000000080006082 (0x30402673) x12 0x0000000000000a00
core   0: 0x0000000080006086 (0x344025f3) csrrs   a1, mip, zero
core   0: 3 0x0000000080006086 (0x344025f3) x11 0x0000000000000080
core   0: 0x000000008000608a (0x343025f3) csrrs   a1, mtval, zero
core   0: 3 0x000000008000608a (0x343025f3) x11 0x00000000343073f3
core   0: 0x000000008000608e (0x14302573) csrrs   a0, stval, zero
core   0: 3 0x000000008000608e (0x14302573) x10 0x0000000000000002
core   0: 0x0000000080006092 (0xb02024f3) csrrs   s1, minstret, zero
core   0: 3 0x0000000080006092 (0xb02024f3) x9  0x0000000000000837
core   0: 0x0000000080006096 (0x0000a811) c.j     pc + 20
core   0: 3 0x0000000080006096 (0xa811)
core   0: >>>>  mepc_4
core   0: 0x00000000800060aa (0x00000791) c.addi  a5, 4
core   0: 3 0x00000000800060aa (0x0791) x15 0x000000008000412a
core   0: 0x00000000800060ac (0x34179073) csrrw   zero, mepc, a5
core   0: 3 0x00000000800060ac (0x34179073) c833_mepc 0x000000008000412a
core   0: 0x00000000800060b0 (0x30200073) mret
core   0: 3 0x00000000800060b0 (0x30200073) c768_mstatus 0x8000000a00106080
core   0: 0x000000008000412a (0x0075c1b3) xor     gp, a1, t2
core   0: 1 0x000000008000412a (0x0075c1b3) x3  0x00000000343073f3
core   0: 0x000000008000412e (0x02287ed3) fadd.d  ft9, fa6, ft2
core   0: 1 0x000000008000412e (0x02287ed3) f29 0x7ff8000000000000
core   0: 0x0000000080004132 (0x03b6a933) mulhsu  s2, a3, s11
core   0: 1 0x0000000080004132 (0x03b6a933) x18 0x0000000000000000
core   0: 0x0000000080004136 (0x4019579b) sraiw   a5, s2, 1
core   0: 1 0x0000000080004136 (0x4019579b) x15 0x0000000000000000
core   0: 0x000000008000413a (0x0397833b) mulw    t1, a5, s9
core   0: 1 0x000000008000413a (0x0397833b) x6  0x0000000000000000
core   0: 0x000000008000413e (0xd03bf353) fcvt.s.lu ft6, s7
core   0: 1 0x000000008000413e (0xd03bf353) f6  0xffffffff00000000
core   0: 0x0000000080004142 (0x40f28133) sub     sp, t0, a5
core   0: 1 0x0000000080004142 (0x40f28133) x2  0x0000000000000000
core   0: 0x0000000080004146 (0x8009e093) ori     ra, s3, -2048
core   0: 1 0x0000000080004146 (0x8009e093) x1  0xfffffffffffff800
core   0: 0x000000008000414a (0x00102a73) csrrs   s4, fflags, zero
core   0: 1 0x000000008000414a (0x00102a73) x20 0x0000000000000011
core   0: 0x000000008000414e (0xfb8c7f4b) fnmsub.d ft10, fs8, fs8, ft11
core   0: 1 0x000000008000414e (0xfb8c7f4b) f30 0x7ff8000000000000
core   0: 0x0000000080004152 (0xe20705d3) fmv.x.d a1, fa4
core   0: 1 0x0000000080004152 (0xe20705d3) x11 0xffffffff00000000
core   0: 0x0000000080004156 (0xd21888d3) fcvt.d.wu fa7, a7
core   0: 1 0x0000000080004156 (0xd21888d3) f17 0x0000000000000000
core   0: 0x000000008000415a (0xfe5af4b7) lui     s1, 0xfe5af
core   0: 1 0x000000008000415a (0xfe5af4b7) x9  0xfffffffffe5af000
core   0: 0x000000008000415e (0xb174849b) addiw   s1, s1, -1257
core   0: 1 0x000000008000415e (0xb174849b) x9  0xfffffffffe5aeb17
core   0: 0x0000000080004162 (0x000004ba) c.slli  s1, 14
core   0: 1 0x0000000080004162 (0x04ba) x9  0xffffff96bac5c000
core   0: 0x0000000080004164 (0x78c48493) addi    s1, s1, 1932
core   0: 1 0x0000000080004164 (0x78c48493) x9  0xffffff96bac5c78c
core   0: 0x0000000080004168 (0x00039033) sll     zero, t2, zero
core   0: 1 0x0000000080004168 (0x00039033)
core   0: 0x000000008000416c (0x1ba171d3) fdiv.d  ft3, ft2, fs10
core   0: 1 0x000000008000416c (0x1ba171d3) f3  0x7ff8000000000000
core   0: 0x0000000080004170 (0xc22d7053) fcvt.l.d zero, fs10
core   0: 1 0x0000000080004170 (0xc22d7053) c1_fflags 0x0000000000000011
core   0: 0x0000000080004174 (0xd221f253) fcvt.d.l ft4, gp
core   0: 1 0x0000000080004174 (0xd221f253) f4  0x41ca1839f9800000
core   0: 0x0000000080004178 (0x7bfb8193) addi    gp, s7, 1983
core   0: 1 0x0000000080004178 (0x7bfb8193) x3  0x00000000000007bf
core   0: 0x000000008000417c (0xc0327553) fcvt.lu.s a0, ft4
core   0: 1 0x000000008000417c (0xc0327553) c1_fflags 0x0000000000000011 x10 0xffffffffffffffff
core   0: 0x0000000080004180 (0x9b39f5c3) fmadd.d fa1, fs3, fs3, fs3
core   0: 1 0x0000000080004180 (0x9b39f5c3) f11 0x7ff8000000000000
core   0: 0x0000000080004184 (0x404757b3) sra     a5, a4, tp
core   0: 1 0x0000000080004184 (0x404757b3) x15 0x0000000000000002
core   0: 0x0000000080004188 (0x008c7db3) and     s11, s8, s0
core   0: 1 0x0000000080004188 (0x008c7db3) x27 0x0000000000000000
core   0: 0x000000008000418c (0x026cd613) srli    a2, s9, 38
core   0: 1 0x000000008000418c (0x026cd613) x12 0x0000000000000000
core   0: 0x0000000080004190 (0xbb58f893) andi    a7, a7, -1099
core   0: 1 0x0000000080004190 (0xbb58f893) x17 0x0000000000000000
core   0: 0x0000000080004194 (0x2a299353) fmax.d  ft6, fs3, ft2
core   0: 1 0x0000000080004194 (0x2a299353) f6  0x7ff8000000000000
core   0: 0x0000000080004198 (0x01b721b3) slt     gp, a4, s11
core   0: 1 0x0000000080004198 (0x01b721b3) x3  0x0000000000000000
core   0: 0x000000008000419c (0x00000001) c.nop
core   0: 1 0x000000008000419c (0x0001)
core   0: 0x000000008000419e (0x9184e493) ori     s1, s1, -1768
core   0: 1 0x000000008000419e (0x9184e493) x9  0xffffffffffffff9c
core   0: 0x00000000800041a2 (0x028190b3) mulh    ra, gp, s0
core   0: 1 0x00000000800041a2 (0x028190b3) x1  0x0000000000000000
core   0: 0x00000000800041a6 (0x5a0b7453) fsqrt.d fs0, fs6
core   0: 1 0x00000000800041a6 (0x5a0b7453) f8  0x7ff8000000000000
core   0: 0x00000000800041aa (0x00585e3b) srlw    t3, a6, t0
core   0: 1 0x00000000800041aa (0x00585e3b) x28 0x0000000000000000
core   0: 0x00000000800041ae (0x00d28dbb) addw    s11, t0, a3
core   0: 1 0x00000000800041ae (0x00d28dbb) x27 0x0000000000000000
core   0: 0x00000000800041b2 (0x418e58b3) sra     a7, t3, s8
core   0: 1 0x00000000800041b2 (0x418e58b3) x17 0x0000000000000000
core   0: 0x00000000800041b6 (0xc0347253) fcvt.lu.s tp, fs0
core   0: 1 0x00000000800041b6 (0xc0347253) c1_fflags 0x0000000000000011 x4  0xffffffffffffffff
core   0: 0x00000000800041ba (0x5a44f5c3) fmadd.d fa1, fs1, ft4, fa1
core   0: 1 0x00000000800041ba (0x5a44f5c3) f11 0x7ff8000000000000
core   0: 0x00000000800041be (0x00000001) c.nop
core   0: 1 0x00000000800041be (0x0001)
core   0: 0x00000000800041c0 (0x0b847c53) fsub.d  fs8, fs0, fs8
core   0: 1 0x00000000800041c0 (0x0b847c53) f24 0x7ff8000000000000
core   0: 0x00000000800041c4 (0x01975433) srl     s0, a4, s9
core   0: 1 0x00000000800041c4 (0x01975433) x8  0x0000000000000000
core   0: 0x00000000800041c8 (0x000095fd) c.srai  a1, 63
core   0: 1 0x00000000800041c8 (0x95fd) x11 0xffffffffffffffff
core   0: 0x00000000800041ca (0x4045d6bb) sraw    a3, a1, tp
core   0: 1 0x00000000800041ca (0x4045d6bb) x13 0xffffffffffffffff
core   0: 0x00000000800041ce (0x418cd8b3) sra     a7, s9, s8
core   0: 1 0x00000000800041ce (0x418cd8b3) x17 0x0000000000000000
core   0: 0x00000000800041d2 (0xf2068bd3) fmv.d.x fs7, a3
core   0: 1 0x00000000800041d2 (0xf2068bd3) f23 0xffffffffffffffff
core   0: 0x00000000800041d6 (0x031e92b3) mulh    t0, t4, a7
core   0: 1 0x00000000800041d6 (0x031e92b3) x5  0x0000000000000000
core   0: 0x00000000800041da (0xc37b72c7) fmsub.d ft5, fs6, fs7, fs8
core   0: 1 0x00000000800041da (0xc37b72c7) f5  0x7ff8000000000000
core   0: 0x00000000800041de (0x4159ddb3) sra     s11, s3, s5
core   0: 1 0x00000000800041de (0x4159ddb3) x27 0x0000000000000000
core   0: 0x00000000800041e2 (0x00636e33) or      t3, t1, t1
core   0: 1 0x00000000800041e2 (0x00636e33) x28 0x0000000000000000
core   0: 0x00000000800041e6 (0xa584f693) andi    a3, s1, -1448
core   0: 1 0x00000000800041e6 (0xa584f693) x13 0xfffffffffffffa18
core   0: 0x00000000800041ea (0x01996cb3) or      s9, s2, s9
core   0: 1 0x00000000800041ea (0x01996cb3) x25 0x000000007e4e0914
core   0: 0x00000000800041ee (0x0009e9b3) or      s3, s3, zero
core   0: 1 0x00000000800041ee (0x0009e9b3) x19 0x0000000000000000
core   0: 0x00000000800041f2 (0x233f28d3) fsgnjx.d fa7, ft10, fs3
core   0: 1 0x00000000800041f2 (0x233f28d3) f17 0xfff8000000000000
core   0: 0x00000000800041f6 (0x4010f0d3) fcvt.s.d ft1, ft1
core   0: 1 0x00000000800041f6 (0x4010f0d3) f1  0xffffffff7fc00000
core   0: 0x00000000800041fa (0x12fdfad3) fmul.d  fs5, fs11, fa5
core   0: 1 0x00000000800041fa (0x12fdfad3) f21 0x7ff8000000000000
core   0: 0x00000000800041fe (0x011c7633) and     a2, s8, a7
core   0: 1 0x00000000800041fe (0x011c7633) x12 0x0000000000000000
core   0: 0x0000000080004202 (0xc03d76d3) fcvt.lu.s a3, fs10
core   0: 1 0x0000000080004202 (0xc03d76d3) c1_fflags 0x0000000000000011 x13 0xffffffffffffffff
core   0: 0x0000000080004206 (0x0004949b) slliw   s1, s1, 0
core   0: 1 0x0000000080004206 (0x0004949b) x9  0xffffffffffffff9c
core   0: 0x000000008000420a (0xc230f453) fcvt.lu.d s0, ft1
core   0: 1 0x000000008000420a (0xc230f453) c1_fflags 0x0000000000000011 x8  0xffffffffffffffff
core   0: 0x000000008000420e (0x614c0313) addi    t1, s8, 1556
core   0: 1 0x000000008000420e (0x614c0313) x6  0x000000008000668a
core   0: 0x0000000080004212 (0x15770793) addi    a5, a4, 343
core   0: 1 0x0000000080004212 (0x15770793) x15 0x0000000000000159
core   0: 0x0000000080004216 (0x006323b3) slt     t2, t1, t1
core   0: 1 0x0000000080004216 (0x006323b3) x7  0x0000000000000000
core   0: 0x000000008000421a (0x02a57b3b) remuw   s6, a0, a0
core   0: 1 0x000000008000421a (0x02a57b3b) x22 0x0000000000000000
core   0: 0x000000008000421e (0x8ad27993) andi    s3, tp, -1875
core   0: 1 0x000000008000421e (0x8ad27993) x19 0xfffffffffffff8ad
core   0: 0x0000000080004222 (0x00000001) c.nop
core   0: 1 0x0000000080004222 (0x0001)
core   0: 0x0000000080004224 (0xe20888d3) fmv.x.d a7, fa7
core   0: 1 0x0000000080004224 (0xe20888d3) x17 0xfff8000000000000
core   0: 0x0000000080004228 (0x00009492) c.add   s1, tp
core   0: 1 0x0000000080004228 (0x9492) x9  0xffffffffffffff9b
core   0: 0x000000008000422a (0x00c8541b) srliw   s0, a6, 12
core   0: 1 0x000000008000422a (0x00c8541b) x8  0x0000000000000000
core   0: 0x000000008000422e (0x00f4d633) srl     a2, s1, a5
core   0: 1 0x000000008000422e (0x00f4d633) x12 0x0000007fffffffff
core   0: 0x0000000080004232 (0x403dd99b) sraiw   s3, s11, 3
core   0: 1 0x0000000080004232 (0x403dd99b) x19 0x0000000000000000
core   0: 0x0000000080004236 (0x001c9cf3) csrrw   s9, fflags, s9
core   0: 1 0x0000000080004236 (0x001c9cf3) x25 0x0000000000000011 c1_fflags 0x0000000000000014
core   0: 0x000000008000423a (0x00361b1b) slliw   s6, a2, 3
core   0: 1 0x000000008000423a (0x00361b1b) x22 0xfffffffffffffff8
core   0: 0x000000008000423e (0x5d68e413) ori     s0, a7, 1494
core   0: 1 0x000000008000423e (0x5d68e413) x8  0xfff80000000005d6
core   0: 0x0000000080004242 (0x02811db3) mulh    s11, sp, s0
core   0: 1 0x0000000080004242 (0x02811db3) x27 0x0000000000000000
core   0: 0x0000000080004246 (0x420f8ed3) fcvt.d.s ft9, ft11
core   0: 1 0x0000000080004246 (0x420f8ed3) f29 0x7ff8000000000000
core   0: 0x000000008000424a (0x5bdafe4b) fnmsub.d ft8, fs5, ft9, fa1
core   0: 1 0x000000008000424a (0x5bdafe4b) f28 0x7ff8000000000000
core   0: 0x000000008000424e (0x4acf7c43) fmadd.d fs8, ft10, fa2, fs1
core   0: 1 0x000000008000424e (0x4acf7c43) f24 0x7ff8000000000000
core   0: 0x0000000080004252 (0x02485b33) divu    s6, a6, tp
core   0: 1 0x0000000080004252 (0x02485b33) x22 0x0000000000000000
core   0: 0x0000000080004256 (0x40147a53) fcvt.s.d fs4, fs0
core   0: 1 0x0000000080004256 (0x40147a53) f20 0xffffffff7fc00000
core   0: 0x000000008000425a (0x00169d1b) slliw   s10, a3, 1
core   0: 1 0x000000008000425a (0x00169d1b) x26 0xfffffffffffffffe
core   0: 0x000000008000425e (0x00000001) c.nop
core   0: 1 0x000000008000425e (0x0001)
core   0: 0x0000000080004260 (0x00000001) c.nop
core   0: 1 0x0000000080004260 (0x0001)
core   0: 0x0000000080004262 (0x02c76233) rem     tp, a4, a2
core   0: 1 0x0000000080004262 (0x02c76233) x4  0x0000000000000002
core   0: 0x0000000080004266 (0xe20882d3) fmv.x.d t0, fa7
core   0: 1 0x0000000080004266 (0xe20882d3) x5  0xfff8000000000000
core   0: 0x000000008000426a (0x01867c33) and     s8, a2, s8
core   0: 1 0x000000008000426a (0x01867c33) x24 0x0000000080006076
core   0: 0x000000008000426e (0x03785bbb) divuw   s7, a6, s7
core   0: 1 0x000000008000426e (0x03785bbb) x23 0xffffffffffffffff
core   0: 0x0000000080004272 (0x41755e33) sra     t3, a0, s7
core   0: 1 0x0000000080004272 (0x41755e33) x28 0xffffffffffffffff
core   0: 0x0000000080004276 (0xc0207953) fcvt.l.s s2, ft0
core   0: 1 0x0000000080004276 (0xc0207953) x18 0x0000000000000000
core   0: 0x000000008000427a (0x03cea6b3) mulhsu  a3, t4, t3
core   0: 1 0x000000008000427a (0x03cea6b3) x13 0x0000000000000000
core   0: 0x000000008000427e (0x420c0d53) fcvt.d.s fs10, fs8
core   0: 1 0x000000008000427e (0x420c0d53) f26 0x7ff8000000000000
core   0: 0x0000000080004282 (0x014552b3) srl     t0, a0, s4
core   0: 1 0x0000000080004282 (0x014552b3) x5  0x00007fffffffffff
core   0: 0x0000000080004286 (0xc03f75d3) fcvt.lu.s a1, ft10
core   0: 1 0x0000000080004286 (0xc03f75d3) c1_fflags 0x0000000000000014 x11 0xffffffffffffffff
core   0: 0x000000008000428a (0x134d7e53) fmul.d  ft8, fs10, fs4
core   0: 1 0x000000008000428a (0x134d7e53) f28 0x7ff8000000000000
core   0: 0x000000008000428e (0x0393dc33) divu    s8, t2, s9
core   0: 1 0x000000008000428e (0x0393dc33) x24 0x0000000000000000
core   0: 0x0000000080004292 (0x012e80bb) addw    ra, t4, s2
core   0: 1 0x0000000080004292 (0x012e80bb) x1  0x0000000000000000
core   0: 0x0000000080004296 (0x4040dcb3) sra     s9, ra, tp
core   0: 1 0x0000000080004296 (0x4040dcb3) x25 0x0000000000000000
core   0: 0x000000008000429a (0x41ae0e33) sub     t3, t3, s10
core   0: 1 0x000000008000429a (0x41ae0e33) x28 0x0000000000000001
core   0: 0x000000008000429e (0xe21efecf) fnmadd.d ft9, ft9, ft1, ft8
core   0: 1 0x000000008000429e (0xe21efecf) f29 0x7ff8000000000000
core   0: 0x00000000800042a2 (0x00000001) c.nop
core   0: 1 0x00000000800042a2 (0x0001)
core   0: 0x00000000800042a4 (0x0ff0000f) fence   iorw,iorw
core   0: 1 0x00000000800042a4 (0x0ff0000f)
core   0: 0x00000000800042a8 (0xd0317353) fcvt.s.lu ft6, sp
core   0: 1 0x00000000800042a8 (0xd0317353) f6  0xffffffff00000000
core   0: 0x00000000800042ac (0x009c44b3) xor     s1, s8, s1
core   0: 1 0x00000000800042ac (0x009c44b3) x9  0xffffffffffffff9b
core   0: 0x00000000800042b0 (0xf1396173) csrrsi  sp, mimpid, 18
core   0: exception trap_illegal_instruction, epc 0x00000000800042b0
core   0:           tval 0x00000000f1396173
core   0: >>>>  $xrv64i2p1_m2p0_a2p1_f2p2_d2p2_zicsr2p0_zifencei2p0_zmmul1p0_zba1p0_zbb1p0_zbc1p0_zbs1p0
core   0: 0x0000000080004000 (0x0080006f) j       pc + 0x8
core   0: 3 0x0000000080004000 (0x0080006f)
core   0: >>>>  mmode_exception_handler
core   0: 0x0000000080004008 (0x00002c17) auipc   s8, 0x2
core   0: 3 0x0000000080004008 (0x00002c17) x24 0x0000000080006008
core   0: 0x000000008000400c (0x06ec0c13) addi    s8, s8, 110
core   0: 3 0x000000008000400c (0x06ec0c13) x24 0x0000000080006076
core   0: 0x0000000080004010 (0x000c00e7) jalr    s8
core   0: 3 0x0000000080004010 (0x000c00e7) x1  0x0000000080004014
core   0: >>>>  any_handler
core   0: 0x0000000080006076 (0x341027f3) csrrs   a5, mepc, zero
core   0: 3 0x0000000080006076 (0x341027f3) x15 0x00000000800042b0
core   0: 0x000000008000607a (0x34202773) csrrs   a4, mcause, zero
core   0: 3 0x000000008000607a (0x34202773) x14 0x0000000000000002
core   0: 0x000000008000607e (0x142026f3) csrrs   a3, scause, zero
core   0: 3 0x000000008000607e (0x142026f3) x13 0x0000000000000000
core   0: 0x0000000080006082 (0x30402673) csrrs   a2, mie, zero
core   0: 3 0x0000000080006082 (0x30402673) x12 0x0000000000000a00
core   0: 0x0000000080006086 (0x344025f3) csrrs   a1, mip, zero
core   0: 3 0x0000000080006086 (0x344025f3) x11 0x0000000000000080
core   0: 0x000000008000608a (0x343025f3) csrrs   a1, mtval, zero
core   0: 3 0x000000008000608a (0x343025f3) x11 0x00000000f1396173
core   0: 0x000000008000608e (0x14302573) csrrs   a0, stval, zero
core   0: 3 0x000000008000608e (0x14302573) x10 0x0000000000000002
core   0: 0x0000000080006092 (0xb02024f3) csrrs   s1, minstret, zero
core   0: 3 0x0000000080006092 (0xb02024f3) x9  0x00000000000008ad
core   0: 0x0000000080006096 (0x0000a811) c.j     pc + 20
core   0: 3 0x0000000080006096 (0xa811)
core   0: >>>>  mepc_4
core   0: 0x00000000800060aa (0x00000791) c.addi  a5, 4
core   0: 3 0x00000000800060aa (0x0791) x15 0x00000000800042b4
core   0: 0x00000000800060ac (0x34179073) csrrw   zero, mepc, a5
core   0: 3 0x00000000800060ac (0x34179073) c833_mepc 0x00000000800042b4
core   0: 0x00000000800060b0 (0x30200073) mret
core   0: 3 0x00000000800060b0 (0x30200073) c768_mstatus 0x8000000a00106080
core   0: 0x00000000800042b4 (0xd035f153) fcvt.s.lu ft2, a1
core   0: 1 0x00000000800042b4 (0xd035f153) c1_fflags 0x0000000000000015 f2  0xffffffff4f713961
core   0: 0x00000000800042b8 (0x01514c33) xor     s8, sp, s5
core   0: 1 0x00000000800042b8 (0x01514c33) x24 0x0000000000000000
core   0: 0x00000000800042bc (0x00fad2bb) srlw    t0, s5, a5
core   0: 1 0x00000000800042bc (0x00fad2bb) x5  0x0000000000000000
core   0: 0x00000000800042c0 (0x002e90f3) csrrw   ra, frm, t4
core   0: 1 0x00000000800042c0 (0x002e90f3) x1  0x0000000000000000 c2_frm 0x0000000000000000
core   0: 0x00000000800042c4 (0xd2337053) fcvt.d.lu ft0, t1
core   0: 1 0x00000000800042c4 (0xd2337053) f0  0x41e0000cd1400000
core   0: 0x00000000800042c8 (0x03896b33) rem     s6, s2, s8
core   0: 1 0x00000000800042c8 (0x03896b33) x22 0x0000000000000000
core   0: 0x00000000800042cc (0x02ee9513) slli    a0, t4, 46
core   0: 1 0x00000000800042cc (0x02ee9513) x10 0x0000000000000000
core   0: 0x00000000800042d0 (0x4364d393) srai    t2, s1, 54
core   0: 1 0x00000000800042d0 (0x4364d393) x7  0x0000000000000000
core   0: 0x00000000800042d4 (0xd2050cd3) fcvt.d.w fs9, a0
core   0: 1 0x00000000800042d4 (0xd2050cd3) f25 0x0000000000000000
core   0: 0x00000000800042d8 (0xd2138dd3) fcvt.d.wu fs11, t2
core   0: 1 0x00000000800042d8 (0xd2138dd3) f27 0x0000000000000000
core   0: 0x00000000800042dc (0x401c7a53) fcvt.s.d fs4, fs8
core   0: 1 0x00000000800042dc (0x401c7a53) f20 0xffffffff7fc00000
core   0: 0x00000000800042e0 (0x234c2253) fsgnjx.d ft4, fs8, fs4
core   0: 1 0x00000000800042e0 (0x234c2253) f4  0xfff8000000000000
core   0: 0x00000000800042e4 (0x00011893) slli    a7, sp, 0
core   0: 1 0x00000000800042e4 (0x00011893) x17 0x0000000000000000
core   0: 0x00000000800042e8 (0x231420d3) fsgnjx.d ft1, fs0, fa7
core   0: 1 0x00000000800042e8 (0x231420d3) f1  0xfff8000000000000
core   0: 0x00000000800042ec (0x03cd1033) mulh    zero, s10, t3
core   0: 1 0x00000000800042ec (0x03cd1033)
core   0: 0x00000000800042f0 (0x007a8133) add     sp, s5, t2
core   0: 1 0x00000000800042f0 (0x007a8133) x2  0x0000000000000000
core   0: 0x00000000800042f4 (0x140c95f3) csrrw   a1, sscratch, s9
core   0: 1 0x00000000800042f4 (0x140c95f3) x11 0x0000000000000000 c320_sscratch 0x0000000000000000
core   0: 0x00000000800042f8 (0x01285bbb) srlw    s7, a6, s2
core   0: 1 0x00000000800042f8 (0x01285bbb) x23 0x0000000000000000
core   0: 0x00000000800042fc (0x0305ee3b) remw    t3, a1, a6
core   0: 1 0x00000000800042fc (0x0305ee3b) x28 0x0000000000000000
core   0: 0x0000000080004300 (0x403901b3) sub     gp, s2, gp
core   0: 1 0x0000000080004300 (0x403901b3) x3  0x0000000000000000
core   0: 0x0000000080004304 (0xe20203d3) fmv.x.d t2, ft4
core   0: 1 0x0000000080004304 (0xe20203d3) x7  0xfff8000000000000
core   0: 0x0000000080004308 (0xd2267cd3) fcvt.d.l fs9, a2
core   0: 1 0x0000000080004308 (0xd2267cd3) f25 0x40a4000000000000
core   0: 0x000000008000430c (0x00767433) and     s0, a2, t2
core   0: 1 0x000000008000430c (0x00767433) x8  0x0000000000000000
core   0: 0x0000000080004310 (0x00bb55bb) srlw    a1, s6, a1
core   0: 1 0x0000000080004310 (0x00bb55bb) x11 0x0000000000000000
core   0: 0x0000000080004314 (0x40cdd1bb) sraw    gp, s11, a2
core   0: 1 0x0000000080004314 (0x40cdd1bb) x3  0x0000000000000000
core   0: 0x0000000080004318 (0x0074ca33) xor     s4, s1, t2
core   0: 1 0x0000000080004318 (0x0074ca33) x20 0xfff80000000008ad
core   0: 0x000000008000431c (0x007a67b3) or      a5, s4, t2
core   0: 1 0x000000008000431c (0x007a67b3) x15 0xfff80000000008ad
core   0: 0x0000000080004320 (0xc03dfcd3) fcvt.lu.s s9, fs11
core   0: 1 0x0000000080004320 (0xc03dfcd3) c1_fflags 0x0000000000000015 x25 0xffffffffffffffff
core   0: 0x0000000080004324 (0x03952a33) mulhsu  s4, a0, s9
core   0: 1 0x0000000080004324 (0x03952a33) x20 0x0000000000000000
core   0: 0x0000000080004328 (0x02f5a7b3) mulhsu  a5, a1, a5
core   0: 1 0x0000000080004328 (0x02f5a7b3) x15 0x0000000000000000
core   0: 0x000000008000432c (0x03d7fd3b) remuw   s10, a5, t4
core   0: 1 0x000000008000432c (0x03d7fd3b) x26 0x0000000000000000
core   0: 0x0000000080004330 (0x008310b3) sll     ra, t1, s0
core   0: 1 0x0000000080004330 (0x008310b3) x1  0x000000008000668a
core   0: 0x0000000080004334 (0x40b0d03b) sraw    zero, ra, a1
core   0: 1 0x0000000080004334 (0x40b0d03b)
core   0: 0x0000000080004338 (0x01a91933) sll     s2, s2, s10
core   0: 1 0x0000000080004338 (0x01a91933) x18 0x0000000000000000
core   0: 0x000000008000433c (0x024b9bb3) mulh    s7, s7, tp
core   0: 1 0x000000008000433c (0x024b9bb3) x23 0x0000000000000000
core   0: 0x0000000080004340 (0xc23cfd53) fcvt.lu.d s10, fs9
core   0: 1 0x0000000080004340 (0xc23cfd53) x26 0x0000000000000a00
core   0: 0x0000000080004344 (0xd0307dd3) fcvt.s.lu fs11, zero
core   0: 1 0x0000000080004344 (0xd0307dd3) f27 0xffffffff00000000
core   0: 0x0000000080004348 (0x421d5a13) srai    s4, s10, 33
core   0: 1 0x0000000080004348 (0x421d5a13) x20 0x0000000000000000
core   0: 0x000000008000434c (0xd024f3d3) fcvt.s.l ft7, s1
core   0: 1 0x000000008000434c (0xd024f3d3) f7  0xffffffff450ad000
core   0: 0x0000000080004350 (0x029a5cbb) divuw   s9, s4, s1
core   0: 1 0x0000000080004350 (0x029a5cbb) x25 0x0000000000000000
core   0: 0x0000000080004354 (0xa39a7a47) fmsub.d fs4, fs4, fs9, fs4
core   0: 1 0x0000000080004354 (0xa39a7a47) f20 0x7ff8000000000000
core   0: 0x0000000080004358 (0x0031dab7) lui     s5, 0x31d
core   0: 1 0x0000000080004358 (0x0031dab7) x21 0x000000000031d000
core   0: 0x000000008000435c (0x3cba8a9b) addiw   s5, s5, 971
core   0: 1 0x000000008000435c (0x3cba8a9b) x21 0x000000000031d3cb
core   0: 0x0000000080004360 (0x00000ac2) c.slli  s5, 16
core   0: 1 0x0000000080004360 (0x0ac2) x21 0x00000031d3cb0000
core   0: 0x0000000080004362 (0x6a6a8a93) addi    s5, s5, 1702
core   0: 1 0x0000000080004362 (0x6a6a8a93) x21 0x00000031d3cb06a6
core   0: 0x0000000080004366 (0xd02bf4d3) fcvt.s.l fs1, s7
core   0: 1 0x0000000080004366 (0xd02bf4d3) f9  0xffffffff00000000
core   0: 0x000000008000436a (0x401a873b) subw    a4, s5, ra
core   0: 1 0x000000008000436a (0x401a873b) x14 0x0000000053caa01c
core   0: 0x000000008000436e (0x0216ee33) rem     t3, a3, ra
core   0: 1 0x000000008000436e (0x0216ee33) x28 0x0000000000000000
core   0: 0x0000000080004372 (0x00175313) srli    t1, a4, 1
core   0: 1 0x0000000080004372 (0x00175313) x6  0x0000000029e5500e
core   0: 0x0000000080004376 (0x009b59b3) srl     s3, s6, s1
core   0: 1 0x0000000080004376 (0x009b59b3) x19 0x0000000000000000
core   0: 0x000000008000437a (0x03ecf2d3) fadd.d  ft5, fs9, ft10
core   0: 1 0x000000008000437a (0x03ecf2d3) f5  0x7ff8000000000000
core   0: 0x000000008000437e (0x0003541b) srliw   s0, t1, 0
core   0: 1 0x000000008000437e (0x0003541b) x8  0x0000000029e5500e
core   0: 0x0000000080004382 (0x0131c1b3) xor     gp, gp, s3
core   0: 1 0x0000000080004382 (0x0131c1b3) x3  0x0000000000000000
core   0: 0x0000000080004386 (0x0000cc93) xori    s9, ra, 0
core   0: 1 0x0000000080004386 (0x0000cc93) x25 0x000000008000668a
core   0: 0x000000008000438a (0x2a999e53) fmax.d  ft8, fs3, fs1
core   0: 1 0x000000008000438a (0x2a999e53) f28 0x7ff8000000000000
core   0: 0x000000008000438e (0x0000909e) c.add   ra, t2
core   0: 1 0x000000008000438e (0x909e) x1  0xfff800008000668a
core   0: 0x0000000080004390 (0x00727233) and     tp, tp, t2
core   0: 1 0x0000000080004390 (0x00727233) x4  0x0000000000000000
core   0: 0x0000000080004394 (0x4148083b) subw    a6, a6, s4
core   0: 1 0x0000000080004394 (0x4148083b) x16 0x0000000000000000
core   0: 0x0000000080004398 (0xd2130f53) fcvt.d.wu ft10, t1
core   0: 1 0x0000000080004398 (0xd2130f53) f30 0x41c4f2a807000000
core   0: 0x000000008000439c (0x022a0a3b) mulw    s4, s4, sp
core   0: 1 0x000000008000439c (0x022a0a3b) x20 0x0000000000000000
core   0: 0x00000000800043a0 (0xfff48213) addi    tp, s1, -1
core   0: 1 0x00000000800043a0 (0xfff48213) x4  0x00000000000008ac
core   0: 0x00000000800043a4 (0x2a760353) fmin.d  ft6, fa2, ft7
core   0: 1 0x00000000800043a4 (0x2a760353) f6  0x7ff8000000000000
core   0: 0x00000000800043a8 (0x03c63933) mulhu   s2, a2, t3
core   0: 1 0x00000000800043a8 (0x03c63933) x18 0x0000000000000000
core   0: 0x00000000800043ac (0x01261213) slli    tp, a2, 18
core   0: 1 0x00000000800043ac (0x01261213) x4  0x0000000028000000
core   0: 0x00000000800043b0 (0x02fe75b3) remu    a1, t3, a5
core   0: 1 0x00000000800043b0 (0x02fe75b3) x11 0x0000000000000000
core   0: 0x00000000800043b4 (0xc03e7953) fcvt.lu.s s2, ft8
core   0: 1 0x00000000800043b4 (0xc03e7953) c1_fflags 0x0000000000000015 x18 0xffffffffffffffff
core   0: 0x00000000800043b8 (0x0009141b) slliw   s0, s2, 0
core   0: 1 0x00000000800043b8 (0x0009141b) x8  0xffffffffffffffff
core   0: 0x00000000800043bc (0x03aa5533) divu    a0, s4, s10
core   0: 1 0x00000000800043bc (0x03aa5533) x10 0x0000000000000000
core   0: 0x00000000800043c0 (0x010cacb3) slt     s9, s9, a6
core   0: 1 0x00000000800043c0 (0x010cacb3) x25 0x0000000000000000
core   0: 0x00000000800043c4 (0x028475bb) remuw   a1, s0, s0
core   0: 1 0x00000000800043c4 (0x028475bb) x11 0x0000000000000000
core   0: 0x00000000800043c8 (0x01611d9b) slliw   s11, sp, 22
core   0: 1 0x00000000800043c8 (0x01611d9b) x27 0x0000000000000000
core   0: 0x00000000800043cc (0x3340f4cb) fnmsub.d fs1, ft1, fs4, ft6
core   0: 1 0x00000000800043cc (0x3340f4cb) f9  0x7ff8000000000000
core   0: 0x00000000800043d0 (0x5a0fffd3) fsqrt.d ft11, ft11
core   0: 1 0x00000000800043d0 (0x5a0fffd3) f31 0x0000000000000000
core   0: 0x00000000800043d4 (0xc21af853) fcvt.wu.d a6, fs5
core   0: 1 0x00000000800043d4 (0xc21af853) c1_fflags 0x0000000000000015 x16 0xffffffffffffffff
core   0: 0x00000000800043d8 (0x00536eb7) lui     t4, 0x536
core   0: 1 0x00000000800043d8 (0x00536eb7) x29 0x0000000000536000
core   0: 0x00000000800043dc (0xf79e8e9b) addiw   t4, t4, -135
core   0: 1 0x00000000800043dc (0xf79e8e9b) x29 0x0000000000535f79
core   0: 0x00000000800043e0 (0x00000eb2) c.slli  t4, 12
core   0: 1 0x00000000800043e0 (0x0eb2) x29 0x0000000535f79000
core   0: 0x00000000800043e2 (0xb4ae8e93) addi    t4, t4, -1206
core   0: 1 0x00000000800043e2 (0xb4ae8e93) x29 0x0000000535f78b4a
core   0: 0x00000000800043e6 (0x01d19bb3) sll     s7, gp, t4
core   0: 1 0x00000000800043e6 (0x01d19bb3) x23 0x0000000000000000
core   0: 0x00000000800043ea (0x228b1553) fsgnjn.d fa0, fs6, fs0
core   0: 1 0x00000000800043ea (0x228b1553) f10 0xffffffff5f800000
core   0: 0x00000000800043ee (0x4108dd9b) sraiw   s11, a7, 16
core   0: 1 0x00000000800043ee (0x4108dd9b) x27 0x0000000000000000
core   0: 0x00000000800043f2 (0x7ffe6393) ori     t2, t3, 2047
core   0: 1 0x00000000800043f2 (0x7ffe6393) x7  0x00000000000007ff
core   0: 0x00000000800043f6 (0x02bd1433) mulh    s0, s10, a1
core   0: 1 0x00000000800043f6 (0x02bd1433) x8  0x0000000000000000
core   0: 0x00000000800043fa (0x03966abb) remw    s5, a2, s9
core   0: 1 0x00000000800043fa (0x03966abb) x21 0x0000000000000a00
core   0: 0x00000000800043fe (0xc22ffc53) fcvt.l.d s8, ft11
core   0: 1 0x00000000800043fe (0xc22ffc53) x24 0x0000000000000000
core   0: 0x0000000080004402 (0x4084d49b) sraiw   s1, s1, 8
core   0: 1 0x0000000080004402 (0x4084d49b) x9  0x0000000000000008
core   0: 0x0000000080004406 (0x402b003b) subw    zero, s6, sp
core   0: 1 0x0000000080004406 (0x402b003b)
core   0: 0x000000008000440a (0x00e2d29b) srliw   t0, t0, 14
core   0: 1 0x000000008000440a (0x00e2d29b) x5  0x0000000000000000
core   0: 0x000000008000440e (0x420e0653) fcvt.d.s fa2, ft8
core   0: 1 0x000000008000440e (0x420e0653) f12 0x7ff8000000000000
core   0: 0x0000000080004412 (0x41e6d19b) sraiw   gp, a3, 30
core   0: 1 0x0000000080004412 (0x41e6d19b) x3  0x0000000000000000
core   0: 0x0000000080004416 (0x00002785) c.addiw a5, 1
core   0: 1 0x0000000080004416 (0x2785) x15 0x0000000000000001
core   0: 0x0000000080004418 (0x02eef2d3) fadd.d  ft5, ft9, fa4
core   0: 1 0x0000000080004418 (0x02eef2d3) f5  0x7ff8000000000000
core   0: 0x000000008000441c (0x0016139b) slliw   t2, a2, 1
core   0: 1 0x000000008000441c (0x0016139b) x7  0x0000000000001400
core   0: 0x0000000080004420 (0x41818c33) sub     s8, gp, s8
core   0: 1 0x0000000080004420 (0x41818c33) x24 0x0000000000000000
core   0: 0x0000000080004424 (0x2392a753) fsgnjx.d fa4, ft5, fs9
core   0: 1 0x0000000080004424 (0x2392a753) f14 0x7ff8000000000000
core   0: 0x0000000080004428 (0x40005abb) sraw    s5, zero, zero
core   0: 1 0x0000000080004428 (0x40005abb) x21 0x0000000000000000
core   0: 0x000000008000442c (0x034bf3bb) remuw   t2, s7, s4
core   0: 1 0x000000008000442c (0x034bf3bb) x7  0x0000000000000000
core   0: 0x0000000080004430 (0x232ba1d3) fsgnjx.d ft3, fs7, fs2
core   0: 1 0x0000000080004430 (0x232ba1d3) f3  0x7fffffffffffffff
core   0: 0x0000000080004434 (0x01d1ceb3) xor     t4, gp, t4
core   0: 1 0x0000000080004434 (0x01d1ceb3) x29 0x0000000535f78b4a
core   0: 0x0000000080004438 (0x0016059b) addiw   a1, a2, 1
core   0: 1 0x0000000080004438 (0x0016059b) x11 0x0000000000000a01
core   0: 0x000000008000443c (0x2b6473c7) fmsub.d ft7, fs0, fs6, ft5
core   0: 1 0x000000008000443c (0x2b6473c7) f7  0x7ff8000000000000
core   0: 0x0000000080004440 (0x0ba87553) fsub.d  fa0, fa6, fs10
core   0: 1 0x0000000080004440 (0x0ba87553) f10 0x7ff8000000000000
core   0: 0x0000000080004444 (0x13acf94b) fnmsub.d fs2, fs9, fs10, ft2
core   0: 1 0x0000000080004444 (0x13acf94b) f18 0x7ff8000000000000
core   0: 0x0000000080004448 (0xfff56c13) ori     s8, a0, -1
core   0: 1 0x0000000080004448 (0xfff56c13) x24 0xffffffffffffffff
core   0: 0x000000008000444c (0x0086561b) srliw   a2, a2, 8
core   0: 1 0x000000008000444c (0x0086561b) x12 0x000000000000000a
core   0: 0x0000000080004450 (0x22a90fd3) fsgnj.d ft11, fs2, fa0
core   0: 1 0x0000000080004450 (0x22a90fd3) f31 0x7ff8000000000000
core   0: 0x0000000080004454 (0xd20b8b53) fcvt.d.w fs6, s7
core   0: 1 0x0000000080004454 (0xd20b8b53) f22 0x0000000000000000
core   0: 0x0000000080004458 (0xe2c6764f) fnmadd.d fa2, fa2, fa2, ft8
core   0: 1 0x0000000080004458 (0xe2c6764f) f12 0x7ff8000000000000
core   0: 0x000000008000445c (0xc223f353) fcvt.l.d t1, ft7
core   0: 1 0x000000008000445c (0xc223f353) c1_fflags 0x0000000000000015 x6  0x7fffffffffffffff
core   0: 0x0000000080004460 (0x0054a433) slt     s0, s1, t0
core   0: 1 0x0000000080004460 (0x0054a433) x8  0x0000000000000000
core   0: 0x0000000080004464 (0x01329b3b) sllw    s6, t0, s3
core   0: 1 0x0000000080004464 (0x01329b3b) x22 0x0000000000000000
core   0: 0x0000000080004468 (0x40370bb3) sub     s7, a4, gp
core   0: 1 0x0000000080004468 (0x40370bb3) x23 0x0000000053caa01c
core   0: 0x000000008000446c (0x23b204d3) fsgnj.d fs1, ft4, fs11
core   0: 1 0x000000008000446c (0x23b204d3) f9  0xfff8000000000000
core   0: 0x0000000080004470 (0x0b65fbd3) fsub.d  fs7, fa1, fs6
core   0: 1 0x0000000080004470 (0x0b65fbd3) f23 0x7ff8000000000000
core   0: 0x0000000080004474 (0x00000662) c.slli  a2, 24
core   0: 1 0x0000000080004474 (0x0662) x12 0x000000000a000000
core   0: 0x0000000080004476 (0xac8d0593) addi    a1, s10, -1336
core   0: 1 0x0000000080004476 (0xac8d0593) x11 0x00000000000004c8
core   0: 0x000000008000447a (0x001024f3) csrrs   s1, fflags, zero
core   0: 1 0x000000008000447a (0x001024f3) x9  0x0000000000000015
core   0: 0x000000008000447e (0xd027f653) fcvt.s.l fa2, a5
core   0: 1 0x000000008000447e (0xd027f653) f12 0xffffffff3f800000
core   0: 0x0000000080004482 (0x02bdd83b) divuw   a6, s11, a1
core   0: 1 0x0000000080004482 (0x02bdd83b) x16 0x0000000000000000
core   0: 0x0000000080004486 (0x0044c337) lui     t1, 0x44c
core   0: 1 0x0000000080004486 (0x0044c337) x6  0x000000000044c000
core   0: 0x000000008000448a (0x74b3031b) addiw   t1, t1, 1867
core   0: 1 0x000000008000448a (0x74b3031b) x6  0x000000000044c74b
core   0: 0x000000008000448e (0x0000033a) c.slli  t1, 14
core   0: 1 0x000000008000448e (0x033a) x6  0x0000001131d2c000
core   0: 0x0000000080004490 (0xc8230313) addi    t1, t1, -894
core   0: 1 0x0000000080004490 (0xc8230313) x6  0x0000001131d2bc82
core   0: 0x0000000080004494 (0x411601bb) subw    gp, a2, a7
core   0: 1 0x0000000080004494 (0x411601bb) x3  0x000000000a000000
core   0: 0x0000000080004498 (0x02c1573b) divuw   a4, sp, a2
core   0: 1 0x0000000080004498 (0x02c1573b) x14 0x0000000000000000
core   0: 0x000000008000449c (0x00119773) csrrw   a4, fflags, gp
core   0: 1 0x000000008000449c (0x00119773) x14 0x0000000000000015 c1_fflags 0x0000000000000000
core   0: 0x00000000800044a0 (0x2a8292d3) fmax.d  ft5, ft5, fs0
core   0: 1 0x00000000800044a0 (0x2a8292d3) f5  0x7ff8000000000000
core   0: 0x00000000800044a4 (0x00f70d3b) addw    s10, a4, a5
core   0: 1 0x00000000800044a4 (0x00f70d3b) x26 0x0000000000000016
core   0: 0x00000000800044a8 (0x00bcf533) and     a0, s9, a1
core   0: 1 0x00000000800044a8 (0x00bcf533) x10 0x0000000000000000
core   0: 0x00000000800044ac (0x00202e73) csrrs   t3, frm, zero
core   0: 1 0x00000000800044ac (0x00202e73) x28 0x0000000000000000
core   0: 0x00000000800044b0 (0xd23e7ed3) fcvt.d.lu ft9, t3
core   0: 1 0x00000000800044b0 (0xd23e7ed3) f29 0x0000000000000000
core   0: 0x00000000800044b4 (0xd20a8d53) fcvt.d.w fs10, s5
core   0: 1 0x00000000800044b4 (0xd20a8d53) f26 0x0000000000000000
core   0: 0x00000000800044b8 (0x03440213) addi    tp, s0, 52
core   0: 1 0x00000000800044b8 (0x03440213) x4  0x0000000000000034
core   0: 0x00000000800044bc (0x0000503b) srlw    zero, zero, zero
core   0: 1 0x00000000800044bc (0x0000503b)
core   0: 0x00000000800044c0 (0xd2307353) fcvt.d.lu ft6, zero
core   0: 1 0x00000000800044c0 (0xd2307353) f6  0x0000000000000000
core   0: 0x00000000800044c4 (0x0016ea13) ori     s4, a3, 1
core   0: 1 0x00000000800044c4 (0x0016ea13) x20 0x0000000000000001
core   0: 0x00000000800044c8 (0x00008b36) c.mv    s6, a3
core   0: 1 0x00000000800044c8 (0x8b36) x22 0x0000000000000000
core   0: 0x00000000800044ca (0x027d033b) mulw    t1, s10, t2
core   0: 1 0x00000000800044ca (0x027d033b) x6  0x0000000000000000
core   0: 0x00000000800044ce (0x4bb374c3) fmadd.d fs1, ft6, fs11, fs1
core   0: 1 0x00000000800044ce (0x4bb374c3) f9  0x7ff8000000000000
core   0: 0x00000000800044d2 (0x0bdbff53) fsub.d  ft10, fs7, ft9
core   0: 1 0x00000000800044d2 (0x0bdbff53) f30 0x7ff8000000000000
core   0: 0x00000000800044d6 (0x0022a0b3) slt     ra, t0, sp
core   0: 1 0x00000000800044d6 (0x0022a0b3) x1  0x0000000000000000
core   0: 0x00000000800044da (0x8609f993) andi    s3, s3, -1952
core   0: 1 0x00000000800044da (0x8609f993) x19 0x0000000000000000
core   0: 0x00000000800044de (0xc029f273) csrrci  tp, instret, 19
core   0: exception trap_illegal_instruction, epc 0x00000000800044de
core   0:           tval 0x00000000c029f273
core   0: >>>>  $xrv64i2p1_m2p0_a2p1_f2p2_d2p2_zicsr2p0_zifencei2p0_zmmul1p0_zba1p0_zbb1p0_zbc1p0_zbs1p0
core   0: 0x0000000080004000 (0x0080006f) j       pc + 0x8
core   0: 3 0x0000000080004000 (0x0080006f)
core   0: >>>>  mmode_exception_handler
core   0: 0x0000000080004008 (0x00002c17) auipc   s8, 0x2
core   0: 3 0x0000000080004008 (0x00002c17) x24 0x0000000080006008
core   0: 0x000000008000400c (0x06ec0c13) addi    s8, s8, 110
core   0: 3 0x000000008000400c (0x06ec0c13) x24 0x0000000080006076
core   0: 0x0000000080004010 (0x000c00e7) jalr    s8
core   0: 3 0x0000000080004010 (0x000c00e7) x1  0x0000000080004014
core   0: >>>>  any_handler
core   0: 0x0000000080006076 (0x341027f3) csrrs   a5, mepc, zero
core   0: 3 0x0000000080006076 (0x341027f3) x15 0x00000000800044de
core   0: 0x000000008000607a (0x34202773) csrrs   a4, mcause, zero
core   0: 3 0x000000008000607a (0x34202773) x14 0x0000000000000002
core   0: 0x000000008000607e (0x142026f3) csrrs   a3, scause, zero
core   0: 3 0x000000008000607e (0x142026f3) x13 0x0000000000000000
core   0: 0x0000000080006082 (0x30402673) csrrs   a2, mie, zero
core   0: 3 0x0000000080006082 (0x30402673) x12 0x0000000000000a00
core   0: 0x0000000080006086 (0x344025f3) csrrs   a1, mip, zero
core   0: 3 0x0000000080006086 (0x344025f3) x11 0x0000000000000080
core   0: 0x000000008000608a (0x343025f3) csrrs   a1, mtval, zero
core   0: 3 0x000000008000608a (0x343025f3) x11 0x00000000c029f273
core   0: 0x000000008000608e (0x14302573) csrrs   a0, stval, zero
core   0: 3 0x000000008000608e (0x14302573) x10 0x0000000000000002
core   0: 0x0000000080006092 (0xb02024f3) csrrs   s1, minstret, zero
core   0: 3 0x0000000080006092 (0xb02024f3) x9  0x000000000000094b
core   0: 0x0000000080006096 (0x0000a811) c.j     pc + 20
core   0: 3 0x0000000080006096 (0xa811)
core   0: >>>>  mepc_4
core   0: 0x00000000800060aa (0x00000791) c.addi  a5, 4
core   0: 3 0x00000000800060aa (0x0791) x15 0x00000000800044e2
core   0: 0x00000000800060ac (0x34179073) csrrw   zero, mepc, a5
core   0: 3 0x00000000800060ac (0x34179073) c833_mepc 0x00000000800044e2
core   0: 0x00000000800060b0 (0x30200073) mret
core   0: 3 0x00000000800060b0 (0x30200073) c768_mstatus 0x8000000a00106080
core   0: 0x00000000800044e2 (0x4f541cb7) lui     s9, 0x4f541
core   0: 1 0x00000000800044e2 (0x4f541cb7) x25 0x000000004f541000
core   0: 0x00000000800044e6 (0x40015a1b) sraiw   s4, sp, 0
core   0: 1 0x00000000800044e6 (0x40015a1b) x20 0x0000000000000000
core   0: 0x00000000800044ea (0xf2070053) fmv.d.x ft0, a4
core   0: 1 0x00000000800044ea (0xf2070053) f0  0x0000000000000002
core   0: 0x00000000800044ee (0x23a419d3) fsgnjn.d fs3, fs0, fs10
core   0: 1 0x00000000800044ee (0x23a419d3) f19 0xfff8000000000000
core   0: 0x00000000800044f2 (0x2234aa53) fsgnjx.d fs4, fs1, ft3
core   0: 1 0x00000000800044f2 (0x2234aa53) f20 0x7ff8000000000000
core   0: 0x00000000800044f6 (0x9c6682b7) lui     t0, 0x9c668
core   0: 1 0x00000000800044f6 (0x9c6682b7) x5  0xffffffff9c668000
core   0: 0x00000000800044fa (0x00011e13) slli    t3, sp, 0
core   0: 1 0x00000000800044fa (0x00011e13) x28 0x0000000000000000
core   0: 0x00000000800044fe (0x00000001) c.nop
core   0: 1 0x00000000800044fe (0x0001)
core   0: 0x0000000080004500 (0x4122dbbb) sraw    s7, t0, s2
core   0: 1 0x0000000080004500 (0x4122dbbb) x23 0xffffffffffffffff
core   0: 0x0000000080004504 (0xd23e7953) fcvt.d.lu fs2, t3
core   0: 1 0x0000000080004504 (0xd23e7953) f18 0x0000000000000000
core   0: 0x0000000080004508 (0x12ac7753) fmul.d  fa4, fs8, fa0
core   0: 1 0x0000000080004508 (0x12ac7753) f14 0x7ff8000000000000
core   0: 0x000000008000450c (0x420c0953) fcvt.d.s fs2, fs8
core   0: 1 0x000000008000450c (0x420c0953) f18 0x7ff8000000000000
core   0: 0x0000000080004510 (0x011681b3) add     gp, a3, a7
core   0: 1 0x0000000080004510 (0x011681b3) x3  0x0000000000000000
core   0: 0x0000000080004514 (0x0231a7b3) mulhsu  a5, gp, gp
core   0: 1 0x0000000080004514 (0x0231a7b3) x15 0x0000000000000000
core   0: 0x0000000080004518 (0x0388463b) divw    a2, a6, s8
core   0: 1 0x0000000080004518 (0x0388463b) x12 0x0000000000000000
core   0: 0x000000008000451c (0x00660eb3) add     t4, a2, t1
core   0: 1 0x000000008000451c (0x00660eb3) x29 0x0000000000000000
core   0: 0x0000000080004520 (0x7ff1069b) addiw   a3, sp, 2047
core   0: 1 0x0000000080004520 (0x7ff1069b) x13 0x00000000000007ff
core   0: 0x0000000080004524 (0xa2a50553) fle.d   a0, fa0, fa0
core   0: 1 0x0000000080004524 (0xa2a50553) c1_fflags 0x0000000000000010 x10 0x0000000000000000
core   0: 0x0000000080004528 (0x007923b3) slt     t2, s2, t2
core   0: 1 0x0000000080004528 (0x007923b3) x7  0x0000000000000001
core   0: 0x000000008000452c (0x0031fdb3) and     s11, gp, gp
core   0: 1 0x000000008000452c (0x0031fdb3) x27 0x0000000000000000
core   0: 0x0000000080004530 (0x224f8bd3) fsgnj.d fs7, ft11, ft4
core   0: 1 0x0000000080004530 (0x224f8bd3) f23 0xfff8000000000000
core   0: 0x0000000080004534 (0x6be275cf) fnmadd.d fa1, ft4, ft10, fa3
core   0: 1 0x0000000080004534 (0x6be275cf) f11 0x7ff8000000000000
core   0: 0x0000000080004538 (0x420f0153) fcvt.d.s ft2, ft10
core   0: 1 0x0000000080004538 (0x420f0153) f2  0x7ff8000000000000
core   0: 0x000000008000453c (0x00000001) c.nop
core   0: 1 0x000000008000453c (0x0001)
core   0: 0x000000008000453e (0x0143d313) srli    t1, t2, 20
core   0: 1 0x000000008000453e (0x0143d313) x6  0x0000000000000000
core   0: 0x0000000080004542 (0xd02a7bd3) fcvt.s.l fs7, s4
core   0: 1 0x0000000080004542 (0xd02a7bd3) f23 0xffffffff00000000
core   0: 0x0000000080004546 (0x122e7fd3) fmul.d  ft11, ft8, ft2
core   0: 1 0x0000000080004546 (0x122e7fd3) f31 0x7ff8000000000000
core   0: 0x000000008000454a (0x004e45b3) xor     a1, t3, tp
core   0: 1 0x000000008000454a (0x004e45b3) x11 0x0000000000000034
core   0: 0x000000008000454e (0x03b21a93) slli    s5, tp, 59
core   0: 1 0x000000008000454e (0x03b21a93) x21 0xa000000000000000
core   0: 0x0000000080004552 (0x031be4bb) remw    s1, s7, a7
core   0: 1 0x0000000080004552 (0x031be4bb) x9  0xffffffffffffffff
core   0: 0x0000000080004556 (0x2ae898d3) fmax.d  fa7, fa7, fa4
core   0: 1 0x0000000080004556 (0x2ae898d3) f17 0x7ff8000000000000
core   0: 0x000000008000455a (0xe20100d3) fmv.x.d ra, ft2
core   0: 1 0x000000008000455a (0xe20100d3) x1  0x7ff8000000000000
core   0: 0x000000008000455e (0x01a62233) slt     tp, a2, s10
core   0: 1 0x000000008000455e (0x01a62233) x4  0x0000000000000001
core   0: 0x0000000080004562 (0x23fb8253) fsgnj.d ft4, fs7, ft11
core   0: 1 0x0000000080004562 (0x23fb8253) f4  0x7fffffff00000000
core   0: 0x0000000080004566 (0xb34a7a43) fmadd.d fs4, fs4, fs4, fs6
core   0: 1 0x0000000080004566 (0xb34a7a43) f20 0x7ff8000000000000
core   0: 0x000000008000456a (0x004d5ab3) srl     s5, s10, tp
core   0: 1 0x000000008000456a (0x004d5ab3) x21 0x000000000000000b
core   0: 0x000000008000456e (0x0072a033) slt     zero, t0, t2
core   0: 1 0x000000008000456e (0x0072a033)
core   0: 0x0000000080004572 (0x00000001) c.nop
core   0: 1 0x0000000080004572 (0x0001)
core   0: 0x0000000080004574 (0x006dd91b) srliw   s2, s11, 6
core   0: 1 0x0000000080004574 (0x006dd91b) x18 0x0000000000000000
core   0: 0x0000000080004578 (0x0243cab3) div     s5, t2, tp
core   0: 1 0x0000000080004578 (0x0243cab3) x21 0x0000000000000001
core   0: 0x000000008000457c (0x22311ad3) fsgnjn.d fs5, ft2, ft3
core   0: 1 0x000000008000457c (0x22311ad3) f21 0xfff8000000000000
core   0: 0x0000000080004580 (0x9dc8f637) lui     a2, 0x9dc8f
core   0: 1 0x0000000080004580 (0x9dc8f637) x12 0xffffffff9dc8f000
core   0: 0x0000000080004584 (0x001023f3) csrrs   t2, fflags, zero
core   0: 1 0x0000000080004584 (0x001023f3) x7  0x0000000000000010
core   0: 0x0000000080004588 (0x03421a33) mulh    s4, tp, s4
core   0: 1 0x0000000080004588 (0x03421a33) x20 0x0000000000000000
core   0: 0x000000008000458c (0x0380fe3b) remuw   t3, ra, s8
core   0: 1 0x000000008000458c (0x0380fe3b) x28 0x0000000000000000
core   0: 0x0000000080004590 (0x5027059b) addiw   a1, a4, 1282
core   0: 1 0x0000000080004590 (0x5027059b) x11 0x0000000000000504
core   0: 0x0000000080004594 (0xc20b7453) fcvt.w.d s0, fs6
core   0: 1 0x0000000080004594 (0xc20b7453) x8  0x0000000000000000
core   0: 0x0000000080004598 (0x400457b3) sra     a5, s0, zero
core   0: 1 0x0000000080004598 (0x400457b3) x15 0x0000000000000000
core   0: 0x000000008000459c (0x5a1e70c3) fmadd.d ft1, ft8, ft1, fa1
core   0: 1 0x000000008000459c (0x5a1e70c3) f1  0x7ff8000000000000
core   0: 0x00000000800045a0 (0x4168d8b3) sra     a7, a7, s6
core   0: 1 0x00000000800045a0 (0x4168d8b3) x17 0x0000000000000000
core   0: 0x00000000800045a4 (0xd9bfde17) auipc   t3, 0xd9bfd
core   0: 1 0x00000000800045a4 (0xd9bfde17) x28 0x0000000059c015a4
core   0: 0x00000000800045a8 (0x01c1d333) srl     t1, gp, t3
core   0: 1 0x00000000800045a8 (0x01c1d333) x6  0x0000000000000000
core   0: 0x00000000800045ac (0x00000686) c.slli  a3, 1
core   0: 1 0x00000000800045ac (0x0686) x13 0x0000000000000ffe
core   0: 0x00000000800045ae (0x009517bb) sllw    a5, a0, s1
core   0: 1 0x00000000800045ae (0x009517bb) x15 0x0000000000000000
core   0: 0x00000000800045b2 (0x03017d53) fadd.d  fs10, ft2, fa6
core   0: 1 0x00000000800045b2 (0x03017d53) f26 0x7ff8000000000000
core   0: 0x00000000800045b6 (0xd22c7bd3) fcvt.d.l fs7, s8
core   0: 1 0x00000000800045b6 (0xd22c7bd3) f23 0x41e0000c0ec00000
core   0: 0x00000000800045ba (0x43f6d893) srai    a7, a3, 63
core   0: 1 0x00000000800045ba (0x43f6d893) x17 0x0000000000000000
core   0: 0x00000000800045be (0x0117c033) xor     zero, a5, a7
core   0: 1 0x00000000800045be (0x0117c033)
core   0: 0x00000000800045c2 (0x41ce5d3b) sraw    s10, t3, t3
core   0: 1 0x00000000800045c2 (0x41ce5d3b) x26 0x00000000059c015a
core   0: 0x00000000800045c6 (0xd2040a53) fcvt.d.w fs4, s0
core   0: 1 0x00000000800045c6 (0xd2040a53) f20 0x0000000000000000
core   0: 0x00000000800045ca (0x02fa5793) srli    a5, s4, 47
core   0: 1 0x00000000800045ca (0x02fa5793) x15 0x0000000000000000
core   0: 0x00000000800045ce (0x0b3af1d3) fsub.d  ft3, fs5, fs3
core   0: 1 0x00000000800045ce (0x0b3af1d3) f3  0x7ff8000000000000
core   0: 0x00000000800045d2 (0xc23ef953) fcvt.lu.d s2, ft9
core   0: 1 0x00000000800045d2 (0xc23ef953) x18 0x0000000000000000
core   0: 0x00000000800045d6 (0x0231f453) fadd.d  fs0, ft3, ft3
core   0: 1 0x00000000800045d6 (0x0231f453) f8  0x7ff8000000000000
core   0: 0x00000000800045da (0x0ff0000f) fence   iorw,iorw
core   0: 1 0x00000000800045da (0x0ff0000f)
core   0: 0x00000000800045de (0xe2068153) fmv.x.d sp, fa3
core   0: 1 0x00000000800045de (0xe2068153) x2  0x7ff8000000000000
core   0: 0x00000000800045e2 (0x02676cbb) remw    s9, a4, t1
core   0: 1 0x00000000800045e2 (0x02676cbb) x25 0x0000000000000002
core   0: 0x00000000800045e6 (0x2be485d3) fmin.d  fa1, fs1, ft10
core   0: 1 0x00000000800045e6 (0x2be485d3) f11 0x7ff8000000000000
core   0: 0x00000000800045ea (0xc02b79d3) fcvt.l.s s3, fs6
core   0: 1 0x00000000800045ea (0xc02b79d3) c1_fflags 0x0000000000000010 x19 0x7fffffffffffffff
core   0: 0x00000000800045ee (0x01266e33) or      t3, a2, s2
core   0: 1 0x00000000800045ee (0x01266e33) x28 0xffffffff9dc8f000
core   0: 0x00000000800045f2 (0xd23ef1d3) fcvt.d.lu ft3, t4
core   0: 1 0x00000000800045f2 (0xd23ef1d3) f3  0x0000000000000000
core   0: 0x00000000800045f6 (0x001e1373) csrrw   t1, fflags, t3
core   0: 1 0x00000000800045f6 (0x001e1373) x6  0x0000000000000010 c1_fflags 0x0000000000000000
core   0: 0x00000000800045fa (0x00071713) slli    a4, a4, 0
core   0: 1 0x00000000800045fa (0x00071713) x14 0x0000000000000002
core   0: 0x00000000800045fe (0xa23f0c53) fle.d   s8, ft10, ft3
core   0: 1 0x00000000800045fe (0xa23f0c53) c1_fflags 0x0000000000000010 x24 0x0000000000000000
core   0: 0x0000000080004602 (0xc22278d3) fcvt.l.d a7, ft4
core   0: 1 0x0000000080004602 (0xc22278d3) c1_fflags 0x0000000000000010 x17 0x7fffffffffffffff
core   0: 0x0000000080004606 (0x41b78dbb) subw    s11, a5, s11
core   0: 1 0x0000000080004606 (0x41b78dbb) x27 0x0000000000000000
core   0: 0x000000008000460a (0x031a2a33) mulhsu  s4, s4, a7
core   0: 1 0x000000008000460a (0x031a2a33) x20 0x0000000000000000
core   0: 0x000000008000460e (0x00099093) slli    ra, s3, 0
core   0: 1 0x000000008000460e (0x00099093) x1  0x7fffffffffffffff
core   0: 0x0000000080004612 (0x013a523b) srlw    tp, s4, s3
core   0: 1 0x0000000080004612 (0x013a523b) x4  0x0000000000000000
core   0: 0x0000000080004616 (0x268e5737) lui     a4, 0x268e5
core   0: 1 0x0000000080004616 (0x268e5737) x14 0x00000000268e5000
core   0: 0x000000008000461a (0xc23cfa53) fcvt.lu.d s4, fs9
core   0: 1 0x000000008000461a (0xc23cfa53) x20 0x0000000000000a00
core   0: 0x000000008000461e (0x234696d3) fsgnjn.d fa3, fa3, fs4
core   0: 1 0x000000008000461e (0x234696d3) f13 0xfff8000000000000
core   0: 0x0000000080004622 (0x108d0193) addi    gp, s10, 264
core   0: 1 0x0000000080004622 (0x108d0193) x3  0x00000000059c0262
core   0: 0x0000000080004626 (0x002022f3) csrrs   t0, frm, zero
core   0: 1 0x0000000080004626 (0x002022f3) x5  0x0000000000000000
core   0: 0x000000008000462a (0xfff94913) not     s2, s2
core   0: 1 0x000000008000462a (0xfff94913) x18 0xffffffffffffffff
core   0: 0x000000008000462e (0x4129053b) subw    a0, s2, s2
core   0: 1 0x000000008000462e (0x4129053b) x10 0x0000000000000000
core   0: 0x0000000080004632 (0xa2d19a53) flt.d   s4, ft3, fa3
core   0: 1 0x0000000080004632 (0xa2d19a53) c1_fflags 0x0000000000000010 x20 0x0000000000000000
core   0: 0x0000000080004636 (0x00b556bb) srlw    a3, a0, a1
core   0: 1 0x0000000080004636 (0x00b556bb) x13 0x0000000000000000
core   0: 0x000000008000463a (0x01fbd413) srli    s0, s7, 31
core   0: 1 0x000000008000463a (0x01fbd413) x8  0x00000001ffffffff
core   0: 0x000000008000463e (0x42eddd93) srai    s11, s11, 46
core   0: 1 0x000000008000463e (0x42eddd93) x27 0x0000000000000000
core   0: 0x0000000080004642 (0x00485d33) srl     s10, a6, tp
core   0: 1 0x0000000080004642 (0x00485d33) x26 0x0000000000000000
core   0: 0x0000000080004646 (0x41485b9b) sraiw   s7, a6, 20
core   0: 1 0x0000000080004646 (0x41485b9b) x23 0x0000000000000000
core   0: 0x000000008000464a (0x5a0e7e53) fsqrt.d ft8, ft8
core   0: 1 0x000000008000464a (0x5a0e7e53) f28 0x7ff8000000000000
core   0: 0x000000008000464e (0x800e821b) addiw   tp, t4, -2048
core   0: 1 0x000000008000464e (0x800e821b) x4  0xfffffffffffff800
core   0: 0x0000000080004652 (0x02d23eb3) mulhu   t4, tp, a3
core   0: 1 0x0000000080004652 (0x02d23eb3) x29 0x0000000000000000
core   0: 0x0000000080004656 (0x52cd7fcf) fnmadd.d ft11, fs10, fa2, fa0
core   0: 1 0x0000000080004656 (0x52cd7fcf) f31 0x7ff8000000000000
core   0: 0x000000008000465a (0x0b3777d3) fsub.d  fa5, fa4, fs3
core   0: 1 0x000000008000465a (0x0b3777d3) f15 0x7ff8000000000000
core   0: 0x000000008000465e (0x41ca5633) sra     a2, s4, t3
core   0: 1 0x000000008000465e (0x41ca5633) x12 0x0000000000000000
core   0: 0x0000000080004662 (0x0005d013) srli    zero, a1, 0
core   0: 1 0x0000000080004662 (0x0005d013)
core   0: 0x0000000080004666 (0x003076b3) and     a3, zero, gp
core   0: 1 0x0000000080004666 (0x003076b3) x13 0x0000000000000000
core   0: 0x000000008000466a (0x4006da9b) sraiw   s5, a3, 0
core   0: 1 0x000000008000466a (0x4006da9b) x21 0x0000000000000000
core   0: 0x000000008000466e (0x00387a33) and     s4, a6, gp
core   0: 1 0x000000008000466e (0x00387a33) x20 0x0000000000000000
core   0: 0x0000000080004672 (0x01309e3b) sllw    t3, ra, s3
core   0: 1 0x0000000080004672 (0x01309e3b) x28 0xffffffff80000000
core   0: 0x0000000080004676 (0x001023f3) csrrs   t2, fflags, zero
core   0: 1 0x0000000080004676 (0x001023f3) x7  0x0000000000000010
core   0: 0x000000008000467a (0x00b7981b) slliw   a6, a5, 11
core   0: 1 0x000000008000467a (0x00b7981b) x16 0x0000000000000000
core   0: 0x000000008000467e (0x6ade71c3) fmadd.d ft3, ft8, fa3, fa3
core   0: 1 0x000000008000467e (0x6ade71c3) f3  0x7ff8000000000000
core   0: 0x0000000080004682 (0xc026f753) fcvt.l.s a4, fa3
core   0: 1 0x0000000080004682 (0xc026f753) c1_fflags 0x0000000000000010 x14 0x7fffffffffffffff
core   0: 0x0000000080004686 (0x369ef913) andi    s2, t4, 873
core   0: 1 0x0000000080004686 (0x369ef913) x18 0x0000000000000000
core   0: 0x000000008000468a (0x03290c33) mul     s8, s2, s2
core   0: 1 0x000000008000468a (0x03290c33) x24 0x0000000000000000
core   0: 0x000000008000468e (0x00000001) c.nop
core   0: 1 0x000000008000468e (0x0001)
core   0: 0x0000000080004690 (0xf20c0153) fmv.d.x ft2, s8
core   0: 1 0x0000000080004690 (0xf20c0153) f2  0x0000000000000000
core   0: 0x0000000080004694 (0x0011c193) xori    gp, gp, 1
core   0: 1 0x0000000080004694 (0x0011c193) x3  0x00000000059c0263
core   0: 0x0000000080004698 (0x00219c73) csrrw   s8, frm, gp
core   0: 1 0x0000000080004698 (0x00219c73) x24 0x0000000000000000 c2_frm 0x0000000000000003
core   0: 0x000000008000469c (0x40117fd3) fcvt.s.d ft11, ft2
core   0: 1 0x000000008000469c (0x40117fd3) f31 0xffffffff00000000
core   0: 0x00000000800046a0 (0x00475c1b) srliw   s8, a4, 4
core   0: 1 0x00000000800046a0 (0x00475c1b) x24 0x000000000fffffff
core   0: 0x00000000800046a4 (0xba23899b) addiw   s3, t2, -1118
core   0: 1 0x00000000800046a4 (0xba23899b) x19 0xfffffffffffffbb2
core   0: 0x00000000800046a8 (0x001022f3) csrrs   t0, fflags, zero
core   0: 1 0x00000000800046a8 (0x001022f3) x5  0x0000000000000010
core   0: 0x00000000800046ac (0xd20b8953) fcvt.d.w fs2, s7
core   0: 1 0x00000000800046ac (0xd20b8953) f18 0x0000000000000000
core   0: 0x00000000800046b0 (0x029586b3) mul     a3, a1, s1
core   0: 1 0x00000000800046b0 (0x029586b3) x13 0xfffffffffffffafc
core   0: 0x00000000800046b4 (0xd0a1a7b7) lui     a5, 0xd0a1a
core   0: 1 0x00000000800046b4 (0xd0a1a7b7) x15 0xffffffffd0a1a000
core   0: 0x00000000800046b8 (0x414653bb) sraw    t2, a2, s4
core   0: 1 0x00000000800046b8 (0x414653bb) x7  0x0000000000000000
core   0: 0x00000000800046bc (0xf114bb73) csrrc   s6, mvendorid, s1
core   0: exception trap_illegal_instruction, epc 0x00000000800046bc
core   0:           tval 0x00000000f114bb73
core   0: >>>>  $xrv64i2p1_m2p0_a2p1_f2p2_d2p2_zicsr2p0_zifencei2p0_zmmul1p0_zba1p0_zbb1p0_zbc1p0_zbs1p0
core   0: 0x0000000080004000 (0x0080006f) j       pc + 0x8
core   0: 3 0x0000000080004000 (0x0080006f)
core   0: >>>>  mmode_exception_handler
core   0: 0x0000000080004008 (0x00002c17) auipc   s8, 0x2
core   0: 3 0x0000000080004008 (0x00002c17) x24 0x0000000080006008
core   0: 0x000000008000400c (0x06ec0c13) addi    s8, s8, 110
core   0: 3 0x000000008000400c (0x06ec0c13) x24 0x0000000080006076
core   0: 0x0000000080004010 (0x000c00e7) jalr    s8
core   0: 3 0x0000000080004010 (0x000c00e7) x1  0x0000000080004014
core   0: >>>>  any_handler
core   0: 0x0000000080006076 (0x341027f3) csrrs   a5, mepc, zero
core   0: 3 0x0000000080006076 (0x341027f3) x15 0x00000000800046bc
core   0: 0x000000008000607a (0x34202773) csrrs   a4, mcause, zero
core   0: 3 0x000000008000607a (0x34202773) x14 0x0000000000000002
core   0: 0x000000008000607e (0x142026f3) csrrs   a3, scause, zero
core   0: 3 0x000000008000607e (0x142026f3) x13 0x0000000000000000
core   0: 0x0000000080006082 (0x30402673) csrrs   a2, mie, zero
core   0: 3 0x0000000080006082 (0x30402673) x12 0x0000000000000a00
core   0: 0x0000000080006086 (0x344025f3) csrrs   a1, mip, zero
core   0: 3 0x0000000080006086 (0x344025f3) x11 0x0000000000000080
core   0: 0x000000008000608a (0x343025f3) csrrs   a1, mtval, zero
core   0: 3 0x000000008000608a (0x343025f3) x11 0x00000000f114bb73
core   0: 0x000000008000608e (0x14302573) csrrs   a0, stval, zero
core   0: 3 0x000000008000608e (0x14302573) x10 0x0000000000000002
core   0: 0x0000000080006092 (0xb02024f3) csrrs   s1, minstret, zero
core   0: 3 0x0000000080006092 (0xb02024f3) x9  0x00000000000009d4
core   0: 0x0000000080006096 (0x0000a811) c.j     pc + 20
core   0: 3 0x0000000080006096 (0xa811)
core   0: >>>>  mepc_4
core   0: 0x00000000800060aa (0x00000791) c.addi  a5, 4
core   0: 3 0x00000000800060aa (0x0791) x15 0x00000000800046c0
core   0: 0x00000000800060ac (0x34179073) csrrw   zero, mepc, a5
core   0: 3 0x00000000800060ac (0x34179073) c833_mepc 0x00000000800046c0
core   0: 0x00000000800060b0 (0x30200073) mret
core   0: 3 0x00000000800060b0 (0x30200073) c768_mstatus 0x8000000a00106080
core   0: 0x00000000800046c0 (0x001b1113) slli    sp, s6, 1
core   0: 1 0x00000000800046c0 (0x001b1113) x2  0x0000000000000000
core   0: 0x00000000800046c4 (0x00075293) srli    t0, a4, 0
core   0: 1 0x00000000800046c4 (0x00075293) x5  0x0000000000000002
core   0: 0x00000000800046c8 (0x2a1f89d3) fmin.d  fs3, ft11, ft1
core   0: 1 0x00000000800046c8 (0x2a1f89d3) f19 0x7ff8000000000000
core   0: 0x00000000800046cc (0xd032f653) fcvt.s.lu fa2, t0
core   0: 1 0x00000000800046cc (0xd032f653) f12 0xffffffff40000000
core   0: 0x00000000800046d0 (0x022c5533) divu    a0, s8, sp
core   0: 1 0x00000000800046d0 (0x022c5533) x10 0xffffffffffffffff
core   0: 0x00000000800046d4 (0x0009dd9b) srliw   s11, s3, 0
core   0: 1 0x00000000800046d4 (0x0009dd9b) x27 0xfffffffffffffbb2
core   0: 0x00000000800046d8 (0x5a0bfed3) fsqrt.d ft9, fs7
core   0: 1 0x00000000800046d8 (0x5a0bfed3) c1_fflags 0x0000000000000011 f29 0x40e6a0a6ed27100a
core   0: 0x00000000800046dc (0x024b1793) slli    a5, s6, 36
core   0: 1 0x00000000800046dc (0x024b1793) x15 0x0000000000000000
core   0: 0x00000000800046e0 (0x0ff0000f) fence   iorw,iorw
core   0: 1 0x00000000800046e0 (0x0ff0000f)
core   0: 0x00000000800046e4 (0xa30605d3) fle.d   a1, fa2, fa6
core   0: 1 0x00000000800046e4 (0xa30605d3) c1_fflags 0x0000000000000011 x11 0x0000000000000000
core   0: 0x00000000800046e8 (0x0205d03b) divuw   zero, a1, zero
core   0: 1 0x00000000800046e8 (0x0205d03b)
core   0: 0x00000000800046ec (0x002029f3) csrrs   s3, frm, zero
core   0: 1 0x00000000800046ec (0x002029f3) x19 0x0000000000000003
core   0: 0x00000000800046f0 (0xfee8c5b7) lui     a1, 0xfee8c
core   0: 1 0x00000000800046f0 (0xfee8c5b7) x11 0xfffffffffee8c000
core   0: 0x00000000800046f4 (0x6b35859b) addiw   a1, a1, 1715
core   0: 1 0x00000000800046f4 (0x6b35859b) x11 0xfffffffffee8c6b3
core   0: 0x00000000800046f8 (0x000005ba) c.slli  a1, 14
core   0: 1 0x00000000800046f8 (0x05ba) x11 0xffffffba31acc000
core   0: 0x00000000800046fa (0x9fa58593) addi    a1, a1, -1542
core   0: 1 0x00000000800046fa (0x9fa58593) x11 0xffffffba31acb9fa
core   0: 0x00000000800046fe (0xd022f653) fcvt.s.l fa2, t0
core   0: 1 0x00000000800046fe (0xd022f653) f12 0xffffffff40000000
core   0: 0x0000000080004702 (0x01cbdc33) srl     s8, s7, t3
core   0: 1 0x0000000080004702 (0x01cbdc33) x24 0x0000000000000000
core   0: 0x0000000080004706 (0x2bdc8cd3) fmin.d  fs9, fs9, ft9
core   0: 1 0x0000000080004706 (0x2bdc8cd3) f25 0x40a4000000000000
core   0: 0x000000008000470a (0x015b7b33) and     s6, s6, s5
core   0: 1 0x000000008000470a (0x015b7b33) x22 0x0000000000000000
core   0: 0x000000008000470e (0x002b1a73) csrrw   s4, frm, s6
core   0: 1 0x000000008000470e (0x002b1a73) x20 0x0000000000000003 c2_frm 0x0000000000000000
core   0: 0x0000000080004712 (0x0003fc13) andi    s8, t2, 0
core   0: 1 0x0000000080004712 (0x0003fc13) x24 0x0000000000000000
core   0: 0x0000000080004716 (0x027c55bb) divuw   a1, s8, t2
core   0: 1 0x0000000080004716 (0x027c55bb) x11 0xffffffffffffffff
core   0: 0x000000008000471a (0x0189813b) addw    sp, s3, s8
core   0: 1 0x000000008000471a (0x0189813b) x2  0x0000000000000003
core   0: 0x000000008000471e (0xd2128953) fcvt.d.wu fs2, t0
core   0: 1 0x000000008000471e (0xd2128953) f18 0x4000000000000000
core   0: 0x0000000080004722 (0x010e5d3b) srlw    s10, t3, a6
core   0: 1 0x0000000080004722 (0x010e5d3b) x26 0xffffffff80000000
core   0: 0x0000000080004726 (0x0ff0000f) fence   iorw,iorw
core   0: 1 0x0000000080004726 (0x0ff0000f)
core   0: 0x000000008000472a (0x00202df3) csrrs   s11, frm, zero
core   0: 1 0x000000008000472a (0x00202df3) x27 0x0000000000000000
core   0: 0x000000008000472e (0x0379a433) mulhsu  s0, s3, s7
core   0: 1 0x000000008000472e (0x0379a433) x8  0x0000000000000000
core   0: 0x0000000080004732 (0x00059093) slli    ra, a1, 0
core   0: 1 0x0000000080004732 (0x00059093) x1  0xffffffffffffffff
core   0: 0x0000000080004736 (0x40c9d793) srai    a5, s3, 12
core   0: 1 0x0000000080004736 (0x40c9d793) x15 0x0000000000000000
core   0: 0x000000008000473a (0x02b42633) mulhsu  a2, s0, a1
core   0: 1 0x000000008000473a (0x02b42633) x12 0x0000000000000000
core   0: 0x000000008000473e (0xc2217053) fcvt.l.d zero, ft2
core   0: 1 0x000000008000473e (0xc2217053)
core   0: 0x0000000080004742 (0x006319bb) sllw    s3, t1, t1
core   0: 1 0x0000000080004742 (0x006319bb) x19 0x0000000000100000
core   0: 0x0000000080004746 (0xc211fdd3) fcvt.wu.d s11, ft3
core   0: 1 0x0000000080004746 (0xc211fdd3) c1_fflags 0x0000000000000011 x27 0xffffffffffffffff
core   0: 0x000000008000474a (0x01235abb) srlw    s5, t1, s2
core   0: 1 0x000000008000474a (0x01235abb) x21 0x0000000000000010
core   0: 0x000000008000474e (0x001a5493) srli    s1, s4, 1
core   0: 1 0x000000008000474e (0x001a5493) x9  0x0000000000000001
core   0: 0x0000000080004752 (0x78fe4793) xori    a5, t3, 1935
core   0: 1 0x0000000080004752 (0x78fe4793) x15 0xffffffff8000078f
core   0: 0x0000000080004756 (0x2b291a53) fmax.d  fs4, fs2, fs2
core   0: 1 0x0000000080004756 (0x2b291a53) f20 0x4000000000000000
core   0: 0x000000008000475a (0x0a897453) fsub.d  fs0, fs2, fs0
core   0: 1 0x000000008000475a (0x0a897453) f8  0x7ff8000000000000
core   0: 0x000000008000475e (0x00000001) c.nop
core   0: 1 0x000000008000475e (0x0001)
core   0: 0x0000000080004760 (0x22699d53) fsgnjn.d fs10, fs3, ft6
core   0: 1 0x0000000080004760 (0x22699d53) f26 0xfff8000000000000
core   0: 0x0000000080004764 (0x5ba4fcc3) fmadd.d fs9, fs1, fs10, fa1
core   0: 1 0x0000000080004764 (0x5ba4fcc3) f25 0x7ff8000000000000
core   0: 0x0000000080004768 (0xd20309d3) fcvt.d.w fs3, t1
core   0: 1 0x0000000080004768 (0xd20309d3) f19 0x4030000000000000
core   0: 0x000000008000476c (0x0ff0000f) fence   iorw,iorw
core   0: 1 0x000000008000476c (0x0ff0000f)
core   0: 0x0000000080004770 (0x02bc9693) slli    a3, s9, 43
core   0: 1 0x0000000080004770 (0x02bc9693) x13 0x0000100000000000
core   0: 0x0000000080004774 (0x00fa0133) add     sp, s4, a5
core   0: 1 0x0000000080004774 (0x00fa0133) x2  0xffffffff80000792
core   0: 0x0000000080004778 (0x019a5cbb) srlw    s9, s4, s9
core   0: 1 0x0000000080004778 (0x019a5cbb) x25 0x0000000000000000
core   0: 0x000000008000477c (0xd20d9437) lui     s0, 0xd20d9
core   0: 1 0x000000008000477c (0xd20d9437) x8  0xffffffffd20d9000
core   0: 0x0000000080004780 (0x22c386d3) fsgnj.d fa3, ft7, fa2
core   0: 1 0x0000000080004780 (0x22c386d3) f13 0xfff8000000000000
core   0: 0x0000000080004784 (0xc215fe53) fcvt.wu.d t3, fa1
core   0: 1 0x0000000080004784 (0xc215fe53) c1_fflags 0x0000000000000011 x28 0xffffffffffffffff
core   0: 0x0000000080004788 (0x7ffac113) xori    sp, s5, 2047
core   0: 1 0x0000000080004788 (0x7ffac113) x2  0x00000000000007ef
core   0: 0x000000008000478c (0xfdc03037) lui     zero, 0xfdc03
core   0: 1 0x000000008000478c (0xfdc03037)
core   0: 0x0000000080004790 (0x05f0001b) addiw   zero, zero, 95
core   0: 1 0x0000000080004790 (0x05f0001b)
core   0: 0x0000000080004794 (0x00d01013) slli    zero, zero, 13
core   0: 1 0x0000000080004794 (0x00d01013)
core   0: 0x0000000080004798 (0x40000013) li      zero, 1024
core   0: 1 0x0000000080004798 (0x40000013)
core   0: 0x000000008000479c (0x41ad501b) sraiw   zero, s10, 26
core   0: 1 0x000000008000479c (0x41ad501b)
core   0: 0x00000000800047a0 (0x00102773) csrrs   a4, fflags, zero
core   0: 1 0x00000000800047a0 (0x00102773) x14 0x0000000000000011
core   0: 0x00000000800047a4 (0x016a5433) srl     s0, s4, s6
core   0: 1 0x00000000800047a4 (0x016a5433) x8  0x0000000000000003
core   0: 0x00000000800047a8 (0x0ff0000f) fence   iorw,iorw
core   0: 1 0x00000000800047a8 (0x0ff0000f)
core   0: 0x00000000800047ac (0x61c4051b) addiw   a0, s0, 1564
core   0: 1 0x00000000800047ac (0x61c4051b) x10 0x000000000000061f
core   0: 0x00000000800047b0 (0x0364da13) srli    s4, s1, 54
core   0: 1 0x00000000800047b0 (0x0364da13) x20 0x0000000000000000
core   0: 0x00000000800047b4 (0x4009de93) srai    t4, s3, 0
core   0: 1 0x00000000800047b4 (0x4009de93) x29 0x0000000000100000
core   0: 0x00000000800047b8 (0x00000001) c.nop
core   0: 1 0x00000000800047b8 (0x0001)
core   0: 0x00000000800047ba (0xa2658053) fle.d   zero, fa1, ft6
core   0: 1 0x00000000800047ba (0xa2658053) c1_fflags 0x0000000000000011
core   0: 0x00000000800047be (0x2a470ad3) fmin.d  fs5, fa4, ft4
core   0: 1 0x00000000800047be (0x2a470ad3) f21 0x7ff8000000000000
core   0: 0x00000000800047c2 (0x03fbdc13) srli    s8, s7, 63
core   0: 1 0x00000000800047c2 (0x03fbdc13) x24 0x0000000000000000
core   0: 0x00000000800047c6 (0x03547b33) remu    s6, s0, s5
core   0: 1 0x00000000800047c6 (0x03547b33) x22 0x0000000000000003
core   0: 0x00000000800047ca (0xd20b81d3) fcvt.d.w ft3, s7
core   0: 1 0x00000000800047ca (0xd20b81d3) f3  0x0000000000000000
core   0: 0x00000000800047ce (0x02b7f1cb) fnmsub.d ft3, fa5, fa1, ft0
core   0: 1 0x00000000800047ce (0x02b7f1cb) f3  0x7ff8000000000000
core   0: 0x00000000800047d2 (0x1bf1f5d3) fdiv.d  fa1, ft3, ft11
core   0: 1 0x00000000800047d2 (0x1bf1f5d3) f11 0x7ff8000000000000
core   0: 0x00000000800047d6 (0xc025f853) fcvt.l.s a6, fa1
core   0: 1 0x00000000800047d6 (0xc025f853) c1_fflags 0x0000000000000011 x16 0x7fffffffffffffff
core   0: 0x00000000800047da (0x02e5fad3) fadd.d  fs5, fa1, fa4
core   0: 1 0x00000000800047da (0x02e5fad3) f21 0x7ff8000000000000
core   0: 0x00000000800047de (0x02cb7a53) fadd.d  fs4, fs6, fa2
core   0: 1 0x00000000800047de (0x02cb7a53) f20 0x7ff8000000000000
core   0: 0x00000000800047e2 (0x03592933) mulhsu  s2, s2, s5
core   0: 1 0x00000000800047e2 (0x03592933) x18 0x0000000000000000
core   0: 0x00000000800047e6 (0x007a0633) add     a2, s4, t2
core   0: 1 0x00000000800047e6 (0x007a0633) x12 0x0000000000000000
core   0: 0x00000000800047ea (0x029ae333) rem     t1, s5, s1
core   0: 1 0x00000000800047ea (0x029ae333) x6  0x0000000000000000
core   0: 0x00000000800047ee (0x006916b3) sll     a3, s2, t1
core   0: 1 0x00000000800047ee (0x006916b3) x13 0x0000000000000000
core   0: 0x00000000800047f2 (0x01e7969b) slliw   a3, a5, 30
core   0: 1 0x00000000800047f2 (0x01e7969b) x13 0xffffffffc0000000
core   0: 0x00000000800047f6 (0x26fcfc93) andi    s9, s9, 623
core   0: 1 0x00000000800047f6 (0x26fcfc93) x25 0x0000000000000000
core   0: 0x00000000800047fa (0x232119d3) fsgnjn.d fs3, ft2, fs2
core   0: 1 0x00000000800047fa (0x232119d3) f19 0x8000000000000000
core   0: 0x00000000800047fe (0x01908633) add     a2, ra, s9
core   0: 1 0x00000000800047fe (0x01908633) x12 0xffffffffffffffff
core   0: 0x0000000080004802 (0x0300fa3b) remuw   s4, ra, a6
core   0: 1 0x0000000080004802 (0x0300fa3b) x20 0x0000000000000000
core   0: 0x0000000080004806 (0x027173b3) remu    t2, sp, t2
core   0: 1 0x0000000080004806 (0x027173b3) x7  0x00000000000007ef
core   0: 0x000000008000480a (0x0ff0000f) fence   iorw,iorw
core   0: 1 0x000000008000480a (0x0ff0000f)
core   0: 0x000000008000480e (0xd2267753) fcvt.d.l fa4, a2
core   0: 1 0x000000008000480e (0xd2267753) f14 0xbff0000000000000
core   0: 0x0000000080004812 (0x013351bb) srlw    gp, t1, s3
core   0: 1 0x0000000080004812 (0x013351bb) x3  0x0000000000000000
core   0: 0x0000000080004816 (0x2bab0b53) fmin.d  fs6, fs6, fs10
core   0: 1 0x0000000080004816 (0x2bab0b53) f22 0x0000000000000000
core   0: 0x000000008000481a (0x5a09f3d3) fsqrt.d ft7, fs3
core   0: 1 0x000000008000481a (0x5a09f3d3) f7  0x8000000000000000
core   0: 0x000000008000481e (0x00202b73) csrrs   s6, frm, zero
core   0: 1 0x000000008000481e (0x00202b73) x22 0x0000000000000000
core   0: 0x0000000080004822 (0x1229a997) auipc   s3, 0x1229a
core   0: 1 0x0000000080004822 (0x1229a997) x19 0x000000009229e822
core   0: 0x0000000080004826 (0x03fb5713) srli    a4, s6, 63
core   0: 1 0x0000000080004826 (0x03fb5713) x14 0x0000000000000000
core   0: 0x000000008000482a (0x027dddb3) divu    s11, s11, t2
core   0: 1 0x000000008000482a (0x027dddb3) x27 0x00204491b5a1f82f
core   0: 0x000000008000482e (0xf2080a53) fmv.d.x fs4, a6
core   0: 1 0x000000008000482e (0xf2080a53) f20 0x7fffffffffffffff
core   0: 0x0000000080004832 (0x5a0d76d3) fsqrt.d fa3, fs10
core   0: 1 0x0000000080004832 (0x5a0d76d3) f13 0x7ff8000000000000
core   0: 0x0000000080004836 (0x100fea73) csrrsi  s4, sstatus, 31
core   0: 1 0x0000000080004836 (0x100fea73) x20 0x8000000200006000 c768_mstatus 0x8000000a00106082
core   0: 0x000000008000483a (0x41a98c33) sub     s8, s3, s10
core   0: 1 0x000000008000483a (0x41a98c33) x24 0x000000011229e822
core   0: 0x000000008000483e (0x00139c9b) slliw   s9, t2, 1
core   0: 1 0x000000008000483e (0x00139c9b) x25 0x0000000000000fde
core   0: 0x0000000080004842 (0x5a037353) fsqrt.d ft6, ft6
core   0: 1 0x0000000080004842 (0x5a037353) f6  0x0000000000000000
core   0: 0x0000000080004846 (0x019798bb) sllw    a7, a5, s9
core   0: 1 0x0000000080004846 (0x019798bb) x17 0xffffffffc0000000
core   0: 0x000000008000484a (0x0ff0000f) fence   iorw,iorw
core   0: 1 0x000000008000484a (0x0ff0000f)
core   0: 0x000000008000484e (0x038e4c33) div     s8, t3, s8
core   0: 1 0x000000008000484e (0x038e4c33) x24 0x0000000000000000
core   0: 0x0000000080004852 (0x2bfc051b) addiw   a0, s8, 703
core   0: 1 0x0000000080004852 (0x2bfc051b) x10 0x00000000000002bf
core   0: 0x0000000080004856 (0x00aa8ebb) addw    t4, s5, a0
core   0: 1 0x0000000080004856 (0x00aa8ebb) x29 0x00000000000002cf
core   0: 0x000000008000485a (0x018c7433) and     s0, s8, s8
core   0: 1 0x000000008000485a (0x018c7433) x8  0x0000000000000000
core   0: 0x000000008000485e (0x001b921b) slliw   tp, s7, 1
core   0: 1 0x000000008000485e (0x001b921b) x4  0x0000000000000000
core   0: 0x0000000080004862 (0x02ac5293) srli    t0, s8, 42
core   0: 1 0x0000000080004862 (0x02ac5293) x5  0x0000000000000000
core   0: 0x0000000080004866 (0xc0267553) fcvt.l.s a0, fa2
core   0: 1 0x0000000080004866 (0xc0267553) x10 0x0000000000000002
core   0: 0x000000008000486a (0x00000001) c.nop
core   0: 1 0x000000008000486a (0x0001)
core   0: 0x000000008000486c (0xd025f453) fcvt.s.l fs0, a1
core   0: 1 0x000000008000486c (0xd025f453) f8  0xffffffffbf800000
core   0: 0x0000000080004870 (0x00c69037) lui     zero, 0xc69
core   0: 1 0x0000000080004870 (0x00c69037)
core   0: 0x0000000080004874 (0xb510001b) addiw   zero, zero, -1199
core   0: 1 0x0000000080004874 (0xb510001b)
core   0: 0x0000000080004878 (0x00f01013) slli    zero, zero, 15
core   0: 1 0x0000000080004878 (0x00f01013)
core   0: 0x000000008000487c (0xcd000013) li      zero, -816
core   0: 1 0x000000008000487c (0xcd000013)
core   0: 0x0000000080004880 (0x03851433) mulh    s0, a0, s8
core   0: 1 0x0000000080004880 (0x03851433) x8  0x0000000000000000
core   0: 0x0000000080004884 (0x028be93b) remw    s2, s7, s0
core   0: 1 0x0000000080004884 (0x028be93b) x18 0x0000000000000000
core   0: 0x0000000080004888 (0x0379f333) remu    t1, s3, s7
core   0: 1 0x0000000080004888 (0x0379f333) x6  0x000000009229e822
core   0: 0x000000008000488c (0x033493b3) mulh    t2, s1, s3
core   0: 1 0x000000008000488c (0x033493b3) x7  0x0000000000000000
core   0: 0x0000000080004890 (0x01760bbb) addw    s7, a2, s7
core   0: 1 0x0000000080004890 (0x01760bbb) x23 0xffffffffffffffff
core   0: 0x0000000080004894 (0xaa7876c7) fmsub.d fa3, fa6, ft7, fs5
core   0: 1 0x0000000080004894 (0xaa7876c7) f13 0x7ff8000000000000
core   0: 0x0000000080004898 (0xd2008053) fcvt.d.w ft0, ra
core   0: 1 0x0000000080004898 (0xd2008053) f0  0xbff0000000000000
core   0: 0x000000008000489c (0x00202ef3) csrrs   t4, frm, zero
core   0: 1 0x000000008000489c (0x00202ef3) x29 0x0000000000000000
core   0: 0x00000000800048a0 (0xba1f5717) auipc   a4, 0xba1f5
core   0: 1 0x00000000800048a0 (0xba1f5717) x14 0x000000003a1f98a0
core   0: 0x00000000800048a4 (0xc206f2d3) fcvt.w.d t0, fa3
core   0: 1 0x00000000800048a4 (0xc206f2d3) c1_fflags 0x0000000000000011 x5  0x000000007fffffff
core   0: 0x00000000800048a8 (0x23589153) fsgnjn.d ft2, fa7, fs5
core   0: 1 0x00000000800048a8 (0x23589153) f2  0xfff8000000000000
core   0: 0x00000000800048ac (0x00e68c3b) addw    s8, a3, a4
core   0: 1 0x00000000800048ac (0x00e68c3b) x24 0xfffffffffa1f98a0
core   0: 0x00000000800048b0 (0xc05b6373) csrrsi  t1, hpmcounter5, 22
core   0: exception trap_illegal_instruction, epc 0x00000000800048b0
core   0:           tval 0x00000000c05b6373
core   0: >>>>  $xrv64i2p1_m2p0_a2p1_f2p2_d2p2_zicsr2p0_zifencei2p0_zmmul1p0_zba1p0_zbb1p0_zbc1p0_zbs1p0
core   0: 0x0000000080004000 (0x0080006f) j       pc + 0x8
core   0: 3 0x0000000080004000 (0x0080006f)
core   0: >>>>  mmode_exception_handler
core   0: 0x0000000080004008 (0x00002c17) auipc   s8, 0x2
core   0: 3 0x0000000080004008 (0x00002c17) x24 0x0000000080006008
core   0: 0x000000008000400c (0x06ec0c13) addi    s8, s8, 110
core   0: 3 0x000000008000400c (0x06ec0c13) x24 0x0000000080006076
core   0: 0x0000000080004010 (0x000c00e7) jalr    s8
core   0: 3 0x0000000080004010 (0x000c00e7) x1  0x0000000080004014
core   0: >>>>  any_handler
core   0: 0x0000000080006076 (0x341027f3) csrrs   a5, mepc, zero
core   0: 3 0x0000000080006076 (0x341027f3) x15 0x00000000800048b0
core   0: 0x000000008000607a (0x34202773) csrrs   a4, mcause, zero
core   0: 3 0x000000008000607a (0x34202773) x14 0x0000000000000002
core   0: 0x000000008000607e (0x142026f3) csrrs   a3, scause, zero
core   0: 3 0x000000008000607e (0x142026f3) x13 0x0000000000000000
core   0: 0x0000000080006082 (0x30402673) csrrs   a2, mie, zero
core   0: 3 0x0000000080006082 (0x30402673) x12 0x0000000000000a00
core   0: 0x0000000080006086 (0x344025f3) csrrs   a1, mip, zero
core   0: 3 0x0000000080006086 (0x344025f3) x11 0x0000000000000080
core   0: 0x000000008000608a (0x343025f3) csrrs   a1, mtval, zero
core   0: 3 0x000000008000608a (0x343025f3) x11 0x00000000c05b6373
core   0: 0x000000008000608e (0x14302573) csrrs   a0, stval, zero
core   0: 3 0x000000008000608e (0x14302573) x10 0x0000000000000002
core   0: 0x0000000080006092 (0xb02024f3) csrrs   s1, minstret, zero
core   0: 3 0x0000000080006092 (0xb02024f3) x9  0x0000000000000a62
core   0: 0x0000000080006096 (0x0000a811) c.j     pc + 20
core   0: 3 0x0000000080006096 (0xa811)
core   0: >>>>  mepc_4
core   0: 0x00000000800060aa (0x00000791) c.addi  a5, 4
core   0: 3 0x00000000800060aa (0x0791) x15 0x00000000800048b4
core   0: 0x00000000800060ac (0x34179073) csrrw   zero, mepc, a5
core   0: 3 0x00000000800060ac (0x34179073) c833_mepc 0x00000000800048b4
core   0: 0x00000000800060b0 (0x30200073) mret
core   0: 3 0x00000000800060b0 (0x30200073) c768_mstatus 0x8000000a00106082
core   0: 0x00000000800048b4 (0x0a29ff53) fsub.d  ft10, fs3, ft2
core   0: 1 0x00000000800048b4 (0x0a29ff53) f30 0x7ff8000000000000
core   0: 0x00000000800048b8 (0x00e76833) or      a6, a4, a4
core   0: 1 0x00000000800048b8 (0x00e76833) x16 0x0000000000000002
core   0: 0x00000000800048bc (0x00835693) srli    a3, t1, 8
core   0: 1 0x00000000800048bc (0x00835693) x13 0x00000000009229e8
core   0: 0x00000000800048c0 (0x0000397d) c.addiw s2, -1
core   0: 1 0x00000000800048c0 (0x397d) x18 0xffffffffffffffff
core   0: 0x00000000800048c2 (0x00b365b3) or      a1, t1, a1
core   0: 1 0x00000000800048c2 (0x00b365b3) x11 0x00000000d27beb73
core   0: 0x00000000800048c6 (0x420b0a53) fcvt.d.s fs4, fs6
core   0: 1 0x00000000800048c6 (0x420b0a53) f20 0x7ff8000000000000
core   0: 0x00000000800048ca (0x031ec1b3) div     gp, t4, a7
core   0: 1 0x00000000800048ca (0x031ec1b3) x3  0x0000000000000000
core   0: 0x00000000800048ce (0x00b31c33) sll     s8, t1, a1
core   0: 1 0x00000000800048ce (0x00b31c33) x24 0x4110000000000000
core   0: 0x00000000800048d2 (0x00191713) slli    a4, s2, 1
core   0: 1 0x00000000800048d2 (0x00191713) x14 0xfffffffffffffffe
core   0: 0x00000000800048d6 (0xd02e7e53) fcvt.s.l ft8, t3
core   0: 1 0x00000000800048d6 (0xd02e7e53) f28 0xffffffffbf800000
core   0: 0x00000000800048da (0x527978c3) fmadd.d fa7, fs2, ft7, fa0
core   0: 1 0x00000000800048da (0x527978c3) f17 0x7ff8000000000000
core   0: 0x00000000800048de (0xa38c0253) fle.d   tp, fs8, fs8
core   0: 1 0x00000000800048de (0xa38c0253) c1_fflags 0x0000000000000011 x4  0x0000000000000000
core   0: 0x00000000800048e2 (0xd229f3d3) fcvt.d.l ft7, s3
core   0: 1 0x00000000800048e2 (0xd229f3d3) f7  0x41e2453d04400000
core   0: 0x00000000800048e6 (0xf7c27593) andi    a1, tp, -132
core   0: 1 0x00000000800048e6 (0xf7c27593) x11 0x0000000000000000
core   0: 0x00000000800048ea (0x40c58c33) sub     s8, a1, a2
core   0: 1 0x00000000800048ea (0x40c58c33) x24 0xfffffffffffff600
core   0: 0x00000000800048ee (0x2a278353) fmin.d  ft6, fa5, ft2
core   0: 1 0x00000000800048ee (0x2a278353) f6  0x7ff8000000000000
core   0: 0x00000000800048f2 (0xc23373d3) fcvt.lu.d t2, ft6
core   0: 1 0x00000000800048f2 (0xc23373d3) c1_fflags 0x0000000000000011 x7  0xffffffffffffffff
core   0: 0x00000000800048f6 (0x038370d3) fadd.d  ft1, ft6, fs8
core   0: 1 0x00000000800048f6 (0x038370d3) f1  0x7ff8000000000000
core   0: 0x00000000800048fa (0x3b18f6c3) fmadd.d fa3, fa7, fa7, ft7
core   0: 1 0x00000000800048fa (0x3b18f6c3) f13 0x7ff8000000000000
core   0: 0x00000000800048fe (0x420c8ad3) fcvt.d.s fs5, fs9
core   0: 1 0x00000000800048fe (0x420c8ad3) f21 0x7ff8000000000000
core   0: 0x0000000080004902 (0xc2127953) fcvt.wu.d s2, ft4
core   0: 1 0x0000000080004902 (0xc2127953) c1_fflags 0x0000000000000011 x18 0xffffffffffffffff
core   0: 0x0000000080004906 (0x401efbd3) fcvt.s.d fs7, ft9
core   0: 1 0x0000000080004906 (0x401efbd3) c1_fflags 0x0000000000000011 f23 0xffffffff47350537
core   0: 0x000000008000490a (0x0039113b) sllw    sp, s2, gp
core   0: 1 0x000000008000490a (0x0039113b) x2  0xffffffffffffffff
core   0: 0x000000008000490e (0x4020d0bb) sraw    ra, ra, sp
core   0: 1 0x000000008000490e (0x4020d0bb) x1  0xffffffffffffffff
core   0: 0x0000000080004912 (0x235e8353) fsgnj.d ft6, ft9, fs5
core   0: 1 0x0000000080004912 (0x235e8353) f6  0x40e6a0a6ed27100a
core   0: 0x0000000080004916 (0x23790253) fsgnj.d ft4, fs2, fs7
core   0: 1 0x0000000080004916 (0x23790253) f4  0xc000000000000000
core   0: 0x000000008000491a (0x00d85233) srl     tp, a6, a3
core   0: 1 0x000000008000491a (0x00d85233) x4  0x0000000000000000
core   0: 0x000000008000491e (0x4066853b) subw    a0, a3, t1
core   0: 1 0x000000008000491e (0x4066853b) x10 0x000000006e6841c6
core   0: 0x0000000080004922 (0xc2097053) fcvt.w.d zero, fs2
core   0: 1 0x0000000080004922 (0xc2097053)
core   0: 0x0000000080004926 (0x227218d3) fsgnjn.d fa7, ft4, ft7
core   0: 1 0x0000000080004926 (0x227218d3) f17 0xc000000000000000
core   0: 0x000000008000492a (0x23109653) fsgnjn.d fa2, ft1, fa7
core   0: 1 0x000000008000492a (0x23109653) f12 0x7ff8000000000000
core   0: 0x000000008000492e (0x0373dbbb) divuw   s7, t2, s7
core   0: 1 0x000000008000492e (0x0373dbbb) x23 0x0000000000000001
core   0: 0x0000000080004932 (0x02dc66bb) remw    a3, s8, a3
core   0: 1 0x0000000080004932 (0x02dc66bb) x13 0xfffffffffffff600
core   0: 0x0000000080004936 (0x00131573) csrrw   a0, fflags, t1
core   0: 1 0x0000000080004936 (0x00131573) x10 0x0000000000000011 c1_fflags 0x0000000000000002
core   0: 0x000000008000493a (0x0ff0000f) fence   iorw,iorw
core   0: 1 0x000000008000493a (0x0ff0000f)
core   0: 0x000000008000493e (0x1b70f053) fdiv.d  ft0, ft1, fs7
core   0: 1 0x000000008000493e (0x1b70f053) f0  0x7ff8000000000000
core   0: 0x0000000080004942 (0xe20009d3) fmv.x.d s3, ft0
core   0: 1 0x0000000080004942 (0xe20009d3) x19 0x7ff8000000000000
core   0: 0x0000000080004946 (0x010a9493) slli    s1, s5, 16
core   0: 1 0x0000000080004946 (0x010a9493) x9  0x0000000000100000
core   0: 0x000000008000494a (0x00018c9b) sext.w  s9, gp
core   0: 1 0x000000008000494a (0x00018c9b) x25 0x0000000000000000
core   0: 0x000000008000494e (0xd2198453) fcvt.d.wu fs0, s3
core   0: 1 0x000000008000494e (0xd2198453) f8  0x0000000000000000
core   0: 0x0000000080004952 (0xf14663f3) csrrsi  t2, mhartid, 12
core   0: exception trap_illegal_instruction, epc 0x0000000080004952
core   0:           tval 0x00000000f14663f3
core   0: >>>>  $xrv64i2p1_m2p0_a2p1_f2p2_d2p2_zicsr2p0_zifencei2p0_zmmul1p0_zba1p0_zbb1p0_zbc1p0_zbs1p0
core   0: 0x0000000080004000 (0x0080006f) j       pc + 0x8
core   0: 3 0x0000000080004000 (0x0080006f)
core   0: >>>>  mmode_exception_handler
core   0: 0x0000000080004008 (0x00002c17) auipc   s8, 0x2
core   0: 3 0x0000000080004008 (0x00002c17) x24 0x0000000080006008
core   0: 0x000000008000400c (0x06ec0c13) addi    s8, s8, 110
core   0: 3 0x000000008000400c (0x06ec0c13) x24 0x0000000080006076
core   0: 0x0000000080004010 (0x000c00e7) jalr    s8
core   0: 3 0x0000000080004010 (0x000c00e7) x1  0x0000000080004014
core   0: >>>>  any_handler
core   0: 0x0000000080006076 (0x341027f3) csrrs   a5, mepc, zero
core   0: 3 0x0000000080006076 (0x341027f3) x15 0x0000000080004952
core   0: 0x000000008000607a (0x34202773) csrrs   a4, mcause, zero
core   0: 3 0x000000008000607a (0x34202773) x14 0x0000000000000002
core   0: 0x000000008000607e (0x142026f3) csrrs   a3, scause, zero
core   0: 3 0x000000008000607e (0x142026f3) x13 0x0000000000000000
core   0: 0x0000000080006082 (0x30402673) csrrs   a2, mie, zero
core   0: 3 0x0000000080006082 (0x30402673) x12 0x0000000000000a00
core   0: 0x0000000080006086 (0x344025f3) csrrs   a1, mip, zero
core   0: 3 0x0000000080006086 (0x344025f3) x11 0x0000000000000080
core   0: 0x000000008000608a (0x343025f3) csrrs   a1, mtval, zero
core   0: 3 0x000000008000608a (0x343025f3) x11 0x00000000f14663f3
core   0: 0x000000008000608e (0x14302573) csrrs   a0, stval, zero
core   0: 3 0x000000008000608e (0x14302573) x10 0x0000000000000002
core   0: 0x0000000080006092 (0xb02024f3) csrrs   s1, minstret, zero
core   0: 3 0x0000000080006092 (0xb02024f3) x9  0x0000000000000a9a
core   0: 0x0000000080006096 (0x0000a811) c.j     pc + 20
core   0: 3 0x0000000080006096 (0xa811)
core   0: >>>>  mepc_4
core   0: 0x00000000800060aa (0x00000791) c.addi  a5, 4
core   0: 3 0x00000000800060aa (0x0791) x15 0x0000000080004956
core   0: 0x00000000800060ac (0x34179073) csrrw   zero, mepc, a5
core   0: 3 0x00000000800060ac (0x34179073) c833_mepc 0x0000000080004956
core   0: 0x00000000800060b0 (0x30200073) mret
core   0: 3 0x00000000800060b0 (0x30200073) c768_mstatus 0x8000000a00106082
core   0: 0x0000000080004956 (0x026497b3) mulh    a5, s1, t1
core   0: 1 0x0000000080004956 (0x026497b3) x15 0x0000000000000000
core   0: 0x000000008000495a (0x2ab97b47) fmsub.d fs6, fs2, fa1, ft5
core   0: 1 0x000000008000495a (0x2ab97b47) f22 0x7ff8000000000000
core   0: 0x000000008000495e (0x00102173) csrrs   sp, fflags, zero
core   0: 1 0x000000008000495e (0x00102173) x2  0x0000000000000002
core   0: 0x0000000080004962 (0x00507833) and     a6, zero, t0
core   0: 1 0x0000000080004962 (0x00507833) x16 0x0000000000000000
core   0: 0x0000000080004966 (0x05a11e37) lui     t3, 0x5a11
core   0: 1 0x0000000080004966 (0x05a11e37) x28 0x0000000005a11000
core   0: 0x000000008000496a (0x725e0e1b) addiw   t3, t3, 1829
core   0: 1 0x000000008000496a (0x725e0e1b) x28 0x0000000005a11725
core   0: 0x000000008000496e (0x00000e32) c.slli  t3, 12
core   0: 1 0x000000008000496e (0x0e32) x28 0x0000005a11725000
core   0: 0x0000000080004970 (0x313e0e13) addi    t3, t3, 787
core   0: 1 0x0000000080004970 (0x313e0e13) x28 0x0000005a11725313
core   0: 0x0000000080004974 (0x4101d6bb) sraw    a3, gp, a6
core   0: 1 0x0000000080004974 (0x4101d6bb) x13 0x0000000000000000
core   0: 0x0000000080004978 (0x00d84433) xor     s0, a6, a3
core   0: 1 0x0000000080004978 (0x00d84433) x8  0x0000000000000000
core   0: 0x000000008000497c (0x00d090b3) sll     ra, ra, a3
core   0: 1 0x000000008000497c (0x00d090b3) x1  0x0000000080004014
core   0: 0x0000000080004980 (0x00055e9b) srliw   t4, a0, 0
core   0: 1 0x0000000080004980 (0x00055e9b) x29 0x0000000000000002
core   0: 0x0000000080004984 (0x0ff0000f) fence   iorw,iorw
core   0: 1 0x0000000080004984 (0x0ff0000f)
core   0: 0x0000000080004988 (0x0089a9b3) slt     s3, s3, s0
core   0: 1 0x0000000080004988 (0x0089a9b3) x19 0x0000000000000000
core   0: 0x000000008000498c (0x14315573) csrrwi  a0, stval, 2
core   0: 1 0x000000008000498c (0x14315573) x10 0x0000000000000002 c323_stval 0x0000000000000002
core   0: 0x0000000080004990 (0x4012f253) fcvt.s.d ft4, ft5
core   0: 1 0x0000000080004990 (0x4012f253) f4  0xffffffff7fc00000
core   0: 0x0000000080004994 (0x01301d33) sll     s10, zero, s3
core   0: 1 0x0000000080004994 (0x01301d33) x26 0x0000000000000000
core   0: 0x0000000080004998 (0xc01eae73) csrrs   t3, time, t4
core   0: exception trap_illegal_instruction, epc 0x0000000080004998
core   0:           tval 0x00000000c01eae73
core   0: >>>>  $xrv64i2p1_m2p0_a2p1_f2p2_d2p2_zicsr2p0_zifencei2p0_zmmul1p0_zba1p0_zbb1p0_zbc1p0_zbs1p0
core   0: 0x0000000080004000 (0x0080006f) j       pc + 0x8
core   0: 3 0x0000000080004000 (0x0080006f)
core   0: >>>>  mmode_exception_handler
core   0: 0x0000000080004008 (0x00002c17) auipc   s8, 0x2
core   0: 3 0x0000000080004008 (0x00002c17) x24 0x0000000080006008
core   0: 0x000000008000400c (0x06ec0c13) addi    s8, s8, 110
core   0: 3 0x000000008000400c (0x06ec0c13) x24 0x0000000080006076
core   0: 0x0000000080004010 (0x000c00e7) jalr    s8
core   0: 3 0x0000000080004010 (0x000c00e7) x1  0x0000000080004014
core   0: >>>>  any_handler
core   0: 0x0000000080006076 (0x341027f3) csrrs   a5, mepc, zero
core   0: 3 0x0000000080006076 (0x341027f3) x15 0x0000000080004998
core   0: 0x000000008000607a (0x34202773) csrrs   a4, mcause, zero
core   0: 3 0x000000008000607a (0x34202773) x14 0x0000000000000002
core   0: 0x000000008000607e (0x142026f3) csrrs   a3, scause, zero
core   0: 3 0x000000008000607e (0x142026f3) x13 0x0000000000000000
core   0: 0x0000000080006082 (0x30402673) csrrs   a2, mie, zero
core   0: 3 0x0000000080006082 (0x30402673) x12 0x0000000000000a00
core   0: 0x0000000080006086 (0x344025f3) csrrs   a1, mip, zero
core   0: 3 0x0000000080006086 (0x344025f3) x11 0x0000000000000080
core   0: 0x000000008000608a (0x343025f3) csrrs   a1, mtval, zero
core   0: 3 0x000000008000608a (0x343025f3) x11 0x00000000c01eae73
core   0: 0x000000008000608e (0x14302573) csrrs   a0, stval, zero
core   0: 3 0x000000008000608e (0x14302573) x10 0x0000000000000002
core   0: 0x0000000080006092 (0xb02024f3) csrrs   s1, minstret, zero
core   0: 3 0x0000000080006092 (0xb02024f3) x9  0x0000000000000abb
core   0: 0x0000000080006096 (0x0000a811) c.j     pc + 20
core   0: 3 0x0000000080006096 (0xa811)
core   0: >>>>  mepc_4
core   0: 0x00000000800060aa (0x00000791) c.addi  a5, 4
core   0: 3 0x00000000800060aa (0x0791) x15 0x000000008000499c
core   0: 0x00000000800060ac (0x34179073) csrrw   zero, mepc, a5
core   0: 3 0x00000000800060ac (0x34179073) c833_mepc 0x000000008000499c
core   0: 0x00000000800060b0 (0x30200073) mret
core   0: 3 0x00000000800060b0 (0x30200073) c768_mstatus 0x8000000a00106082
core   0: 0x000000008000499c (0x142378f3) csrrci  a7, scause, 6
core   0: 1 0x000000008000499c (0x142378f3) x17 0x0000000000000000 c322_scause 0x0000000000000000
core   0: 0x00000000800049a0 (0x01989d33) sll     s10, a7, s9
core   0: 1 0x00000000800049a0 (0x01989d33) x26 0x0000000000000000
core   0: 0x00000000800049a4 (0x2bc29f53) fmax.d  ft10, ft5, ft8
core   0: 1 0x00000000800049a4 (0x2bc29f53) f30 0x7ff8000000000000
core   0: 0x00000000800049a8 (0x09b94d93) xori    s11, s2, 155
core   0: 1 0x00000000800049a8 (0x09b94d93) x27 0xffffffffffffff64
core   0: 0x00000000800049ac (0x1be3fdd3) fdiv.d  fs11, ft7, ft10
core   0: 1 0x00000000800049ac (0x1be3fdd3) f27 0x7ff8000000000000
core   0: 0x00000000800049b0 (0x83b3f0cf) fnmadd.d ft1, ft7, fs11, fa6
core   0: 1 0x00000000800049b0 (0x83b3f0cf) f1  0x7ff8000000000000
core   0: 0x00000000800049b4 (0x032d8433) mul     s0, s11, s2
core   0: 1 0x00000000800049b4 (0x032d8433) x8  0x000000000000009c
core   0: 0x00000000800049b8 (0x5a05f1d3) fsqrt.d ft3, fa1
core   0: 1 0x00000000800049b8 (0x5a05f1d3) f3  0x7ff8000000000000
core   0: 0x00000000800049bc (0x0345dabb) divuw   s5, a1, s4
core   0: 1 0x00000000800049bc (0x0345dabb) x21 0x0000000000020051
core   0: 0x00000000800049c0 (0x10643073) csrrc   zero, scounteren, s0
core   0: 1 0x00000000800049c0 (0x10643073) c262_scounteren 0x0000000000000000
core   0: 0x00000000800049c4 (0x41860c33) sub     s8, a2, s8
core   0: 1 0x00000000800049c4 (0x41860c33) x24 0xffffffff7fffa98a
core   0: 0x00000000800049c8 (0x002028f3) csrrs   a7, frm, zero
core   0: 1 0x00000000800049c8 (0x002028f3) x17 0x0000000000000000
core   0: 0x00000000800049cc (0x000c5c13) srli    s8, s8, 0
core   0: 1 0x00000000800049cc (0x000c5c13) x24 0xffffffff7fffa98a
core   0: 0x00000000800049d0 (0xc031f1d3) fcvt.lu.s gp, ft3
core   0: 1 0x00000000800049d0 (0xc031f1d3) c1_fflags 0x0000000000000012 x3  0xffffffffffffffff
core   0: 0x00000000800049d4 (0x005b22b3) slt     t0, s6, t0
core   0: 1 0x00000000800049d4 (0x005b22b3) x5  0x0000000000000001
core   0: 0x00000000800049d8 (0x0161f833) and     a6, gp, s6
core   0: 1 0x00000000800049d8 (0x0161f833) x16 0x0000000000000000
core   0: 0x00000000800049dc (0x1a117cd3) fdiv.d  fs9, ft2, ft1
core   0: 1 0x00000000800049dc (0x1a117cd3) f25 0x7ff8000000000000
core   0: 0x00000000800049e0 (0xd221f6d3) fcvt.d.l fa3, gp
core   0: 1 0x00000000800049e0 (0xd221f6d3) f13 0xbff0000000000000
core   0: 0x00000000800049e4 (0xd2030cd3) fcvt.d.w fs9, t1
core   0: 1 0x00000000800049e4 (0xd2030cd3) f25 0xc1db7585f7800000
core   0: 0x00000000800049e8 (0x0a490693) addi    a3, s2, 164
core   0: 1 0x00000000800049e8 (0x0a490693) x13 0x00000000000000a3
core   0: 0x00000000800049ec (0x4036a337) lui     t1, 0x4036a
core   0: 1 0x00000000800049ec (0x4036a337) x6  0x000000004036a000
core   0: 0x00000000800049f0 (0xd20d8153) fcvt.d.w ft2, s11
core   0: 1 0x00000000800049f0 (0xd20d8153) f2  0xc063800000000000
core   0: 0x00000000800049f4 (0x012c4b33) xor     s6, s8, s2
core   0: 1 0x00000000800049f4 (0x012c4b33) x22 0x0000000080005675
core   0: 0x00000000800049f8 (0x012a9e33) sll     t3, s5, s2
core   0: 1 0x00000000800049f8 (0x012a9e33) x28 0x8000000000000000
core   0: 0x00000000800049fc (0xc02d7c53) fcvt.l.s s8, fs10
core   0: 1 0x00000000800049fc (0xc02d7c53) c1_fflags 0x0000000000000012 x24 0x7fffffffffffffff
core   0: 0x0000000080004a00 (0xc21770d3) fcvt.wu.d ra, fa4
core   0: 1 0x0000000080004a00 (0xc21770d3) c1_fflags 0x0000000000000012 x1  0x0000000000000000
core   0: 0x0000000080004a04 (0x8d716d13) ori     s10, sp, -1833
core   0: 1 0x0000000080004a04 (0x8d716d13) x26 0xfffffffffffff8d7
core   0: 0x0000000080004a08 (0x012dfdb3) and     s11, s11, s2
core   0: 1 0x0000000080004a08 (0x012dfdb3) x27 0xffffffffffffff64
core   0: 0x0000000080004a0c (0x7b04b9f3) csrrc   s3, dcsr, s1
core   0: exception trap_illegal_instruction, epc 0x0000000080004a0c
core   0:           tval 0x000000007b04b9f3
core   0: >>>>  $xrv64i2p1_m2p0_a2p1_f2p2_d2p2_zicsr2p0_zifencei2p0_zmmul1p0_zba1p0_zbb1p0_zbc1p0_zbs1p0
core   0: 0x0000000080004000 (0x0080006f) j       pc + 0x8
core   0: 3 0x0000000080004000 (0x0080006f)
core   0: >>>>  mmode_exception_handler
core   0: 0x0000000080004008 (0x00002c17) auipc   s8, 0x2
core   0: 3 0x0000000080004008 (0x00002c17) x24 0x0000000080006008
core   0: 0x000000008000400c (0x06ec0c13) addi    s8, s8, 110
core   0: 3 0x000000008000400c (0x06ec0c13) x24 0x0000000080006076
core   0: 0x0000000080004010 (0x000c00e7) jalr    s8
core   0: 3 0x0000000080004010 (0x000c00e7) x1  0x0000000080004014
core   0: >>>>  any_handler
core   0: 0x0000000080006076 (0x341027f3) csrrs   a5, mepc, zero
core   0: 3 0x0000000080006076 (0x341027f3) x15 0x0000000080004a0c
core   0: 0x000000008000607a (0x34202773) csrrs   a4, mcause, zero
core   0: 3 0x000000008000607a (0x34202773) x14 0x0000000000000002
core   0: 0x000000008000607e (0x142026f3) csrrs   a3, scause, zero
core   0: 3 0x000000008000607e (0x142026f3) x13 0x0000000000000000
core   0: 0x0000000080006082 (0x30402673) csrrs   a2, mie, zero
core   0: 3 0x0000000080006082 (0x30402673) x12 0x0000000000000a00
core   0: 0x0000000080006086 (0x344025f3) csrrs   a1, mip, zero
core   0: 3 0x0000000080006086 (0x344025f3) x11 0x0000000000000080
core   0: 0x000000008000608a (0x343025f3) csrrs   a1, mtval, zero
core   0: 3 0x000000008000608a (0x343025f3) x11 0x000000007b04b9f3
core   0: 0x000000008000608e (0x14302573) csrrs   a0, stval, zero
core   0: 3 0x000000008000608e (0x14302573) x10 0x0000000000000002
core   0: 0x0000000080006092 (0xb02024f3) csrrs   s1, minstret, zero
core   0: 3 0x0000000080006092 (0xb02024f3) x9  0x0000000000000ae7
core   0: 0x0000000080006096 (0x0000a811) c.j     pc + 20
core   0: 3 0x0000000080006096 (0xa811)
core   0: >>>>  mepc_4
core   0: 0x00000000800060aa (0x00000791) c.addi  a5, 4
core   0: 3 0x00000000800060aa (0x0791) x15 0x0000000080004a10
core   0: 0x00000000800060ac (0x34179073) csrrw   zero, mepc, a5
core   0: 3 0x00000000800060ac (0x34179073) c833_mepc 0x0000000080004a10
core   0: 0x00000000800060b0 (0x30200073) mret
core   0: 3 0x00000000800060b0 (0x30200073) c768_mstatus 0x8000000a00106082
core   0: 0x0000000080004a10 (0xd2070853) fcvt.d.w fa6, a4
core   0: 1 0x0000000080004a10 (0xd2070853) f16 0x4000000000000000
core   0: 0x0000000080004a14 (0x420000d3) fcvt.d.s ft1, ft0
core   0: 1 0x0000000080004a14 (0x420000d3) f1  0x7ff8000000000000
core   0: 0x0000000080004a18 (0x4010ffd3) fcvt.s.d ft11, ft1
core   0: 1 0x0000000080004a18 (0x4010ffd3) f31 0xffffffff7fc00000
core   0: 0x0000000080004a1c (0xf110a9f3) csrrs   s3, mvendorid, ra
core   0: exception trap_illegal_instruction, epc 0x0000000080004a1c
core   0:           tval 0x00000000f110a9f3
core   0: >>>>  $xrv64i2p1_m2p0_a2p1_f2p2_d2p2_zicsr2p0_zifencei2p0_zmmul1p0_zba1p0_zbb1p0_zbc1p0_zbs1p0
core   0: 0x0000000080004000 (0x0080006f) j       pc + 0x8
core   0: 3 0x0000000080004000 (0x0080006f)
core   0: >>>>  mmode_exception_handler
core   0: 0x0000000080004008 (0x00002c17) auipc   s8, 0x2
core   0: 3 0x0000000080004008 (0x00002c17) x24 0x0000000080006008
core   0: 0x000000008000400c (0x06ec0c13) addi    s8, s8, 110
core   0: 3 0x000000008000400c (0x06ec0c13) x24 0x0000000080006076
core   0: 0x0000000080004010 (0x000c00e7) jalr    s8
core   0: 3 0x0000000080004010 (0x000c00e7) x1  0x0000000080004014
core   0: >>>>  any_handler
core   0: 0x0000000080006076 (0x341027f3) csrrs   a5, mepc, zero
core   0: 3 0x0000000080006076 (0x341027f3) x15 0x0000000080004a1c
core   0: 0x000000008000607a (0x34202773) csrrs   a4, mcause, zero
core   0: 3 0x000000008000607a (0x34202773) x14 0x0000000000000002
core   0: 0x000000008000607e (0x142026f3) csrrs   a3, scause, zero
core   0: 3 0x000000008000607e (0x142026f3) x13 0x0000000000000000
core   0: 0x0000000080006082 (0x30402673) csrrs   a2, mie, zero
core   0: 3 0x0000000080006082 (0x30402673) x12 0x0000000000000a00
core   0: 0x0000000080006086 (0x344025f3) csrrs   a1, mip, zero
core   0: 3 0x0000000080006086 (0x344025f3) x11 0x0000000000000080
core   0: 0x000000008000608a (0x343025f3) csrrs   a1, mtval, zero
core   0: 3 0x000000008000608a (0x343025f3) x11 0x00000000f110a9f3
core   0: 0x000000008000608e (0x14302573) csrrs   a0, stval, zero
core   0: 3 0x000000008000608e (0x14302573) x10 0x0000000000000002
core   0: 0x0000000080006092 (0xb02024f3) csrrs   s1, minstret, zero
core   0: 3 0x0000000080006092 (0xb02024f3) x9  0x0000000000000afa
core   0: 0x0000000080006096 (0x0000a811) c.j     pc + 20
core   0: 3 0x0000000080006096 (0xa811)
core   0: >>>>  mepc_4
core   0: 0x00000000800060aa (0x00000791) c.addi  a5, 4
core   0: 3 0x00000000800060aa (0x0791) x15 0x0000000080004a20
core   0: 0x00000000800060ac (0x34179073) csrrw   zero, mepc, a5
core   0: 3 0x00000000800060ac (0x34179073) c833_mepc 0x0000000080004a20
core   0: 0x00000000800060b0 (0x30200073) mret
core   0: 3 0x00000000800060b0 (0x30200073) c768_mstatus 0x8000000a00106082
core   0: 0x0000000080004a20 (0xc020f253) fcvt.l.s tp, ft1
core   0: 1 0x0000000080004a20 (0xc020f253) c1_fflags 0x0000000000000012 x4  0x7fffffffffffffff
core   0: 0x0000000080004a24 (0x0ab870d3) fsub.d  ft1, fa6, fa1
core   0: 1 0x0000000080004a24 (0x0ab870d3) f1  0x7ff8000000000000
core   0: 0x0000000080004a28 (0xc0317853) fcvt.lu.s a6, ft2
core   0: 1 0x0000000080004a28 (0xc0317853) c1_fflags 0x0000000000000012 x16 0xffffffffffffffff
core   0: 0x0000000080004a2c (0x0109f7b3) and     a5, s3, a6
core   0: 1 0x0000000080004a2c (0x0109f7b3) x15 0x0000000000000000
core   0: 0x0000000080004a30 (0x5a047353) fsqrt.d ft6, fs0
core   0: 1 0x0000000080004a30 (0x5a047353) f6  0x0000000000000000
core   0: 0x0000000080004a34 (0x0a817253) fsub.d  ft4, ft2, fs0
core   0: 1 0x0000000080004a34 (0x0a817253) f4  0xc063800000000000
core   0: 0x0000000080004a38 (0x00165b93) srli    s7, a2, 1
core   0: 1 0x0000000080004a38 (0x00165b93) x23 0x0000000000000500
core   0: 0x0000000080004a3c (0x00189173) csrrw   sp, fflags, a7
core   0: 1 0x0000000080004a3c (0x00189173) x2  0x0000000000000012 c1_fflags 0x0000000000000000
core   0: 0x0000000080004a40 (0x00202af3) csrrs   s5, frm, zero
core   0: 1 0x0000000080004a40 (0x00202af3) x21 0x0000000000000000
core   0: 0x0000000080004a44 (0xf2028553) fmv.d.x fa0, t0
core   0: 1 0x0000000080004a44 (0xf2028553) f10 0x0000000000000001
core   0: 0x0000000080004a48 (0x0382f6bb) remuw   a3, t0, s8
core   0: 1 0x0000000080004a48 (0x0382f6bb) x13 0x0000000000000001
core   0: 0x0000000080004a4c (0x4004541b) sraiw   s0, s0, 0
core   0: 1 0x0000000080004a4c (0x4004541b) x8  0x000000000000009c
core   0: 0x0000000080004a50 (0xa0808093) addi    ra, ra, -1528
core   0: 1 0x0000000080004a50 (0xa0808093) x1  0x0000000080003a1c
core   0: 0x0000000080004a54 (0x01ad57b3) srl     a5, s10, s10
core   0: 1 0x0000000080004a54 (0x01ad57b3) x15 0x000001ffffffffff
core   0: 0x0000000080004a58 (0x0bc4f94f) fnmadd.d fs2, fs1, ft8, ft1
core   0: 1 0x0000000080004a58 (0x0bc4f94f) f18 0x7ff8000000000000
core   0: 0x0000000080004a5c (0x5a037f53) fsqrt.d ft10, ft6
core   0: 1 0x0000000080004a5c (0x5a037f53) f30 0x0000000000000000
core   0: 0x0000000080004a60 (0x02c98633) mul     a2, s3, a2
core   0: 1 0x0000000080004a60 (0x02c98633) x12 0x0000000000000000
core   0: 0x0000000080004a64 (0x02a7f7b3) remu    a5, a5, a0
core   0: 1 0x0000000080004a64 (0x02a7f7b3) x15 0x0000000000000001
core   0: 0x0000000080004a68 (0x00185793) srli    a5, a6, 1
core   0: 1 0x0000000080004a68 (0x00185793) x15 0x7fffffffffffffff
core   0: 0x0000000080004a6c (0x00015c1b) srliw   s8, sp, 0
core   0: 1 0x0000000080004a6c (0x00015c1b) x24 0x0000000000000012
core   0: 0x0000000080004a70 (0x00555b1b) srliw   s6, a0, 5
core   0: 1 0x0000000080004a70 (0x00555b1b) x22 0x0000000000000000
core   0: 0x0000000080004a74 (0x00d56233) or      tp, a0, a3
core   0: 1 0x0000000080004a74 (0x00d56233) x4  0x0000000000000003
core   0: 0x0000000080004a78 (0x41c6d79b) sraiw   a5, a3, 28
core   0: 1 0x0000000080004a78 (0x41c6d79b) x15 0x0000000000000000
core   0: 0x0000000080004a7c (0xd20d03d3) fcvt.d.w ft7, s10
core   0: 1 0x0000000080004a7c (0xd20d03d3) f7  0xc09ca40000000000
core   0: 0x0000000080004a80 (0x00f0d7bb) srlw    a5, ra, a5
core   0: 1 0x0000000080004a80 (0x00f0d7bb) x15 0xffffffff80003a1c
core   0: 0x0000000080004a84 (0x02fd42b3) div     t0, s10, a5
core   0: 1 0x0000000080004a84 (0x02fd42b3) x5  0x0000000000000000
core   0: 0x0000000080004a88 (0x039dfdbb) remuw   s11, s11, s9
core   0: 1 0x0000000080004a88 (0x039dfdbb) x27 0xffffffffffffff64
core   0: 0x0000000080004a8c (0xd20d8e53) fcvt.d.w ft8, s11
core   0: 1 0x0000000080004a8c (0xd20d8e53) f28 0xc063800000000000
core   0: 0x0000000080004a90 (0x00009a16) c.add   s4, t0
core   0: 1 0x0000000080004a90 (0x9a16) x20 0x8000000200006000
core   0: 0x0000000080004a92 (0x401af1d3) fcvt.s.d ft3, fs5
core   0: 1 0x0000000080004a92 (0x401af1d3) f3  0xffffffff7fc00000
core   0: 0x0000000080004a96 (0xf2078ed3) fmv.d.x ft9, a5
core   0: 1 0x0000000080004a96 (0xf2078ed3) f29 0xffffffff80003a1c
core   0: 0x0000000080004a9a (0x5b7bf84f) fnmadd.d fa6, fs7, fs7, fa1
core   0: 1 0x0000000080004a9a (0x5b7bf84f) f16 0x7ff8000000000000
core   0: 0x0000000080004a9e (0xc204f4d3) fcvt.w.d s1, fs1
core   0: 1 0x0000000080004a9e (0xc204f4d3) c1_fflags 0x0000000000000010 x9  0x000000007fffffff
core   0: 0x0000000080004aa2 (0x42020653) fcvt.d.s fa2, ft4
core   0: 1 0x0000000080004aa2 (0x42020653) f12 0x7ff8000000000000
core   0: 0x0000000080004aa6 (0xf20485d3) fmv.d.x fa1, s1
core   0: 1 0x0000000080004aa6 (0xf20485d3) f11 0x000000007fffffff
core   0: 0x0000000080004aaa (0x024c0c3b) mulw    s8, s8, tp
core   0: 1 0x0000000080004aaa (0x024c0c3b) x24 0x0000000000000036
core   0: 0x0000000080004aae (0xc215f2d3) fcvt.wu.d t0, fa1
core   0: 1 0x0000000080004aae (0xc215f2d3) c1_fflags 0x0000000000000011 x5  0x0000000000000000
core   0: 0x0000000080004ab2 (0x001e5013) srli    zero, t3, 1
core   0: 1 0x0000000080004ab2 (0x001e5013)
core   0: 0x0000000080004ab6 (0x01da9cbb) sllw    s9, s5, t4
core   0: 1 0x0000000080004ab6 (0x01da9cbb) x25 0x0000000000000000
core   0: 0x0000000080004aba (0x2adc15d3) fmax.d  fa1, fs8, fa3
core   0: 1 0x0000000080004aba (0x2adc15d3) f11 0xbff0000000000000
core   0: 0x0000000080004abe (0x023a0a3b) mulw    s4, s4, gp
core   0: 1 0x0000000080004abe (0x023a0a3b) x20 0xffffffffffffa000
core   0: 0x0000000080004ac2 (0x039c9593) slli    a1, s9, 57
core   0: 1 0x0000000080004ac2 (0x039c9593) x11 0x0000000000000000
core   0: 0x0000000080004ac6 (0x19482b97) auipc   s7, 0x19482
core   0: 1 0x0000000080004ac6 (0x19482b97) x23 0x0000000099486ac6
core   0: 0x0000000080004aca (0xc217f1d3) fcvt.wu.d gp, fa5
core   0: 1 0x0000000080004aca (0xc217f1d3) c1_fflags 0x0000000000000011 x3  0xffffffffffffffff
core   0: 0x0000000080004ace (0x4011d393) srai    t2, gp, 1
core   0: 1 0x0000000080004ace (0x4011d393) x7  0xffffffffffffffff
core   0: 0x0000000080004ad2 (0x01731237) lui     tp, 0x1731
core   0: 1 0x0000000080004ad2 (0x01731237) x4  0x0000000001731000
core   0: 0x0000000080004ad6 (0xbc72021b) addiw   tp, tp, -1081
core   0: 1 0x0000000080004ad6 (0xbc72021b) x4  0x0000000001730bc7
core   0: 0x0000000080004ada (0x0000023a) c.slli  tp, 14
core   0: 1 0x0000000080004ada (0x023a) x4  0x0000005cc2f1c000
core   0: 0x0000000080004adc (0xb9d20213) addi    tp, tp, -1123
core   0: 1 0x0000000080004adc (0xb9d20213) x4  0x0000005cc2f1bb9d
core   0: 0x0000000080004ae0 (0x0ff0000f) fence   iorw,iorw
core   0: 1 0x0000000080004ae0 (0x0ff0000f)
core   0: 0x0000000080004ae4 (0x00102df3) csrrs   s11, fflags, zero
core   0: 1 0x0000000080004ae4 (0x00102df3) x27 0x0000000000000011
core   0: 0x0000000080004ae8 (0x01455a33) srl     s4, a0, s4
core   0: 1 0x0000000080004ae8 (0x01455a33) x20 0x0000000000000002
core   0: 0x0000000080004aec (0x014a8d33) add     s10, s5, s4
core   0: 1 0x0000000080004aec (0x014a8d33) x26 0x0000000000000002
core   0: 0x0000000080004af0 (0x528df0c7) fmsub.d ft1, fs11, fs0, fa0
core   0: 1 0x0000000080004af0 (0x528df0c7) f1  0x7ff8000000000000
core   0: 0x0000000080004af4 (0x0004d713) srli    a4, s1, 0
core   0: 1 0x0000000080004af4 (0x0004d713) x14 0x000000007fffffff
core   0: 0x0000000080004af8 (0x00be9d37) lui     s10, 0xbe9
core   0: 1 0x0000000080004af8 (0x00be9d37) x26 0x0000000000be9000
core   0: 0x0000000080004afc (0x91dd0d1b) addiw   s10, s10, -1763
core   0: 1 0x0000000080004afc (0x91dd0d1b) x26 0x0000000000be891d
core   0: 0x0000000080004b00 (0x00000d3e) c.slli  s10, 15
core   0: 1 0x0000000080004b00 (0x0d3e) x26 0x0000005f448e8000
core   0: 0x0000000080004b02 (0x8ccd0d13) addi    s10, s10, -1844
core   0: 1 0x0000000080004b02 (0x8ccd0d13) x26 0x0000005f448e78cc
core   0: 0x0000000080004b06 (0xc03072d3) fcvt.lu.s t0, ft0
core   0: 1 0x0000000080004b06 (0xc03072d3) c1_fflags 0x0000000000000011 x5  0xffffffffffffffff
core   0: 0x0000000080004b0a (0xc030f353) fcvt.lu.s t1, ft1
core   0: 1 0x0000000080004b0a (0xc030f353) c1_fflags 0x0000000000000011 x6  0xffffffffffffffff
core   0: 0x0000000080004b0e (0x405bdeb3) sra     t4, s7, t0
core   0: 1 0x0000000080004b0e (0x405bdeb3) x29 0x0000000000000000
core   0: 0x0000000080004b12 (0x417d083b) subw    a6, s10, s7
core   0: 1 0x0000000080004b12 (0x417d083b) x16 0xffffffffab460e06
core   0: 0x0000000080004b16 (0x104055f3) csrrwi  a1, sie, 0
core   0: 1 0x0000000080004b16 (0x104055f3) x11 0x0000000000000000 c772_mie 0x0000000000000a00
core   0: 0x0000000080004b1a (0x01036333) or      t1, t1, a6
core   0: 1 0x0000000080004b1a (0x01036333) x6  0xffffffffffffffff
core   0: 0x0000000080004b1e (0x02b4b4b3) mulhu   s1, s1, a1
core   0: 1 0x0000000080004b1e (0x02b4b4b3) x9  0x0000000000000000
core   0: 0x0000000080004b22 (0x028377b3) remu    a5, t1, s0
core   0: 1 0x0000000080004b22 (0x028377b3) x15 0x000000000000000f
core   0: 0x0000000080004b26 (0x02f4b833) mulhu   a6, s1, a5
core   0: 1 0x0000000080004b26 (0x02f4b833) x16 0x0000000000000000
core   0: 0x0000000080004b2a (0x413c5c3b) sraw    s8, s8, s3
core   0: 1 0x0000000080004b2a (0x413c5c3b) x24 0x0000000000000036
core   0: 0x0000000080004b2e (0x4008589b) sraiw   a7, a6, 0
core   0: 1 0x0000000080004b2e (0x4008589b) x17 0x0000000000000000
core   0: 0x0000000080004b32 (0x401b563b) sraw    a2, s6, ra
core   0: 1 0x0000000080004b32 (0x401b563b) x12 0x0000000000000000
core   0: 0x0000000080004b36 (0x9e068193) addi    gp, a3, -1568
core   0: 1 0x0000000080004b36 (0x9e068193) x3  0xfffffffffffff9e1
core   0: 0x0000000080004b3a (0x42d4de13) srai    t3, s1, 45
core   0: 1 0x0000000080004b3a (0x42d4de13) x28 0x0000000000000000
core   0: 0x0000000080004b3e (0x502a0a13) addi    s4, s4, 1282
core   0: 1 0x0000000080004b3e (0x502a0a13) x20 0x0000000000000504
core   0: 0x0000000080004b42 (0x01da0833) add     a6, s4, t4
core   0: 1 0x0000000080004b42 (0x01da0833) x16 0x0000000000000504
core   0: 0x0000000080004b46 (0x420181d3) fcvt.d.s ft3, ft3
core   0: 1 0x0000000080004b46 (0x420181d3) f3  0x7ff8000000000000
core   0: 0x0000000080004b4a (0x00009d2d) c.addw  a0, a1
core   0: 1 0x0000000080004b4a (0x9d2d) x10 0x0000000000000002
core   0: 0x0000000080004b4c (0x00007c33) and     s8, zero, zero
core   0: 1 0x0000000080004b4c (0x00007c33) x24 0x0000000000000000
core   0: 0x0000000080004b50 (0x038071b3) remu    gp, zero, s8
core   0: 1 0x0000000080004b50 (0x038071b3) x3  0x0000000000000000
core   0: 0x0000000080004b54 (0x1a327753) fdiv.d  fa4, ft4, ft3
core   0: 1 0x0000000080004b54 (0x1a327753) f14 0x7ff8000000000000
core   0: 0x0000000080004b58 (0x0aa57553) fsub.d  fa0, fa0, fa0
core   0: 1 0x0000000080004b58 (0x0aa57553) f10 0x0000000000000000
core   0: 0x0000000080004b5c (0x00ac87b3) add     a5, s9, a0
core   0: 1 0x0000000080004b5c (0x00ac87b3) x15 0x0000000000000002
core   0: 0x0000000080004b60 (0x03ad17b3) mulh    a5, s10, s10
core   0: 1 0x0000000080004b60 (0x03ad17b3) x15 0x0000000000002373
core   0: 0x0000000080004b64 (0x417a55b3) sra     a1, s4, s7
core   0: 1 0x0000000080004b64 (0x417a55b3) x11 0x0000000000000014
core   0: 0x0000000080004b68 (0x0000d99b) srliw   s3, ra, 0
core   0: 1 0x0000000080004b68 (0x0000d99b) x19 0xffffffff80003a1c
core   0: 0x0000000080004b6c (0x40b587bb) subw    a5, a1, a1
core   0: 1 0x0000000080004b6c (0x40b587bb) x15 0x0000000000000000
core   0: 0x0000000080004b70 (0xc23df3d3) fcvt.lu.d t2, fs11
core   0: 1 0x0000000080004b70 (0xc23df3d3) c1_fflags 0x0000000000000011 x7  0xffffffffffffffff
core   0: 0x0000000080004b74 (0x00b3c933) xor     s2, t2, a1
core   0: 1 0x0000000080004b74 (0x00b3c933) x18 0xffffffffffffffeb
core   0: 0x0000000080004b78 (0x019792bb) sllw    t0, a5, s9
core   0: 1 0x0000000080004b78 (0x019792bb) x5  0x0000000000000000
core   0: 0x0000000080004b7c (0x340490f3) csrrw   ra, mscratch, s1
core   0: exception trap_illegal_instruction, epc 0x0000000080004b7c
core   0:           tval 0x00000000340490f3
core   0: >>>>  $xrv64i2p1_m2p0_a2p1_f2p2_d2p2_zicsr2p0_zifencei2p0_zmmul1p0_zba1p0_zbb1p0_zbc1p0_zbs1p0
core   0: 0x0000000080004000 (0x0080006f) j       pc + 0x8
core   0: 3 0x0000000080004000 (0x0080006f)
core   0: >>>>  mmode_exception_handler
core   0: 0x0000000080004008 (0x00002c17) auipc   s8, 0x2
core   0: 3 0x0000000080004008 (0x00002c17) x24 0x0000000080006008
core   0: 0x000000008000400c (0x06ec0c13) addi    s8, s8, 110
core   0: 3 0x000000008000400c (0x06ec0c13) x24 0x0000000080006076
core   0: 0x0000000080004010 (0x000c00e7) jalr    s8
core   0: 3 0x0000000080004010 (0x000c00e7) x1  0x0000000080004014
core   0: >>>>  any_handler
core   0: 0x0000000080006076 (0x341027f3) csrrs   a5, mepc, zero
core   0: 3 0x0000000080006076 (0x341027f3) x15 0x0000000080004b7c
core   0: 0x000000008000607a (0x34202773) csrrs   a4, mcause, zero
core   0: 3 0x000000008000607a (0x34202773) x14 0x0000000000000002
core   0: 0x000000008000607e (0x142026f3) csrrs   a3, scause, zero
core   0: 3 0x000000008000607e (0x142026f3) x13 0x0000000000000000
core   0: 0x0000000080006082 (0x30402673) csrrs   a2, mie, zero
core   0: 3 0x0000000080006082 (0x30402673) x12 0x0000000000000a00
core   0: 0x0000000080006086 (0x344025f3) csrrs   a1, mip, zero
core   0: 3 0x0000000080006086 (0x344025f3) x11 0x0000000000000080
core   0: 0x000000008000608a (0x343025f3) csrrs   a1, mtval, zero
core   0: 3 0x000000008000608a (0x343025f3) x11 0x00000000340490f3
core   0: 0x000000008000608e (0x14302573) csrrs   a0, stval, zero
core   0: 3 0x000000008000608e (0x14302573) x10 0x0000000000000002
core   0: 0x0000000080006092 (0xb02024f3) csrrs   s1, minstret, zero
core   0: 3 0x0000000080006092 (0xb02024f3) x9  0x0000000000000b63
core   0: 0x0000000080006096 (0x0000a811) c.j     pc + 20
core   0: 3 0x0000000080006096 (0xa811)
core   0: >>>>  mepc_4
core   0: 0x00000000800060aa (0x00000791) c.addi  a5, 4
core   0: 3 0x00000000800060aa (0x0791) x15 0x0000000080004b80
core   0: 0x00000000800060ac (0x34179073) csrrw   zero, mepc, a5
core   0: 3 0x00000000800060ac (0x34179073) c833_mepc 0x0000000080004b80
core   0: 0x00000000800060b0 (0x30200073) mret
core   0: 3 0x00000000800060b0 (0x30200073) c768_mstatus 0x8000000a00106082
core   0: 0x0000000080004b80 (0x0ff0000f) fence   iorw,iorw
core   0: 1 0x0000000080004b80 (0x0ff0000f)
core   0: 0x0000000080004b84 (0x0ff0000f) fence   iorw,iorw
core   0: 1 0x0000000080004b84 (0x0ff0000f)
core   0: 0x0000000080004b88 (0x22e595d3) fsgnjn.d fa1, fa1, fa4
core   0: 1 0x0000000080004b88 (0x22e595d3) f11 0xbff0000000000000
core   0: 0x0000000080004b8c (0x002d1173) csrrw   sp, frm, s10
core   0: 1 0x0000000080004b8c (0x002d1173) x2  0x0000000000000000 c2_frm 0x0000000000000004
core   0: 0x0000000080004b90 (0x03084433) div     s0, a6, a6
core   0: 1 0x0000000080004b90 (0x03084433) x8  0x0000000000000001
core   0: 0x0000000080004b94 (0x41640e33) sub     t3, s0, s6
core   0: 1 0x0000000080004b94 (0x41640e33) x28 0x0000000000000001
core   0: 0x0000000080004b98 (0x830cfcc7) fmsub.d fs9, fs9, fa6, fa6
core   0: 1 0x0000000080004b98 (0x830cfcc7) f25 0x7ff8000000000000
core   0: 0x0000000080004b9c (0x414b8bbb) subw    s7, s7, s4
core   0: 1 0x0000000080004b9c (0x414b8bbb) x23 0xffffffff994865c2
core   0: 0x0000000080004ba0 (0xc23b7253) fcvt.lu.d tp, fs6
core   0: 1 0x0000000080004ba0 (0xc23b7253) c1_fflags 0x0000000000000011 x4  0xffffffffffffffff
core   0: 0x0000000080004ba4 (0x01ca4eb7) lui     t4, 0x1ca4
core   0: 1 0x0000000080004ba4 (0x01ca4eb7) x29 0x0000000001ca4000
core   0: 0x0000000080004ba8 (0x959e8e9b) addiw   t4, t4, -1703
core   0: 1 0x0000000080004ba8 (0x959e8e9b) x29 0x0000000001ca3959
core   0: 0x0000000080004bac (0x00000eb6) c.slli  t4, 13
core   0: 1 0x0000000080004bac (0x0eb6) x29 0x00000039472b2000
core   0: 0x0000000080004bae (0xeabe8e93) addi    t4, t4, -341
core   0: 1 0x0000000080004bae (0xeabe8e93) x29 0x00000039472b1eab
core   0: 0x0000000080004bb2 (0xc805de73) csrrwi  t3, cycleh, 11
core   0: exception trap_illegal_instruction, epc 0x0000000080004bb2
core   0:           tval 0x00000000c805de73
core   0: >>>>  $xrv64i2p1_m2p0_a2p1_f2p2_d2p2_zicsr2p0_zifencei2p0_zmmul1p0_zba1p0_zbb1p0_zbc1p0_zbs1p0
core   0: 0x0000000080004000 (0x0080006f) j       pc + 0x8
core   0: 3 0x0000000080004000 (0x0080006f)
core   0: >>>>  mmode_exception_handler
core   0: 0x0000000080004008 (0x00002c17) auipc   s8, 0x2
core   0: 3 0x0000000080004008 (0x00002c17) x24 0x0000000080006008
core   0: 0x000000008000400c (0x06ec0c13) addi    s8, s8, 110
core   0: 3 0x000000008000400c (0x06ec0c13) x24 0x0000000080006076
core   0: 0x0000000080004010 (0x000c00e7) jalr    s8
core   0: 3 0x0000000080004010 (0x000c00e7) x1  0x0000000080004014
core   0: >>>>  any_handler
core   0: 0x0000000080006076 (0x341027f3) csrrs   a5, mepc, zero
core   0: 3 0x0000000080006076 (0x341027f3) x15 0x0000000080004bb2
core   0: 0x000000008000607a (0x34202773) csrrs   a4, mcause, zero
core   0: 3 0x000000008000607a (0x34202773) x14 0x0000000000000002
core   0: 0x000000008000607e (0x142026f3) csrrs   a3, scause, zero
core   0: 3 0x000000008000607e (0x142026f3) x13 0x0000000000000000
core   0: 0x0000000080006082 (0x30402673) csrrs   a2, mie, zero
core   0: 3 0x0000000080006082 (0x30402673) x12 0x0000000000000a00
core   0: 0x0000000080006086 (0x344025f3) csrrs   a1, mip, zero
core   0: 3 0x0000000080006086 (0x344025f3) x11 0x0000000000000080
core   0: 0x000000008000608a (0x343025f3) csrrs   a1, mtval, zero
core   0: 3 0x000000008000608a (0x343025f3) x11 0x00000000c805de73
core   0: 0x000000008000608e (0x14302573) csrrs   a0, stval, zero
core   0: 3 0x000000008000608e (0x14302573) x10 0x0000000000000002
core   0: 0x0000000080006092 (0xb02024f3) csrrs   s1, minstret, zero
core   0: 3 0x0000000080006092 (0xb02024f3) x9  0x0000000000000b80
core   0: 0x0000000080006096 (0x0000a811) c.j     pc + 20
core   0: 3 0x0000000080006096 (0xa811)
core   0: >>>>  mepc_4
core   0: 0x00000000800060aa (0x00000791) c.addi  a5, 4
core   0: 3 0x00000000800060aa (0x0791) x15 0x0000000080004bb6
core   0: 0x00000000800060ac (0x34179073) csrrw   zero, mepc, a5
core   0: 3 0x00000000800060ac (0x34179073) c833_mepc 0x0000000080004bb6
core   0: 0x00000000800060b0 (0x30200073) mret
core   0: 3 0x00000000800060b0 (0x30200073) c768_mstatus 0x8000000a00106082
core   0: 0x0000000080004bb6 (0xb2abf147) fmsub.d ft2, fs7, fa0, fs6
core   0: 1 0x0000000080004bb6 (0xb2abf147) f2  0x7ff8000000000000
core   0: 0x0000000080004bba (0x033e99b3) mulh    s3, t4, s3
core   0: 1 0x0000000080004bba (0x033e99b3) x19 0xffffffffffffffe3
core   0: 0x0000000080004bbe (0x03f99b93) slli    s7, s3, 63
core   0: 1 0x0000000080004bbe (0x03f99b93) x23 0x8000000000000000
core   0: 0x0000000080004bc2 (0x0159f5b3) and     a1, s3, s5
core   0: 1 0x0000000080004bc2 (0x0159f5b3) x11 0x0000000000000000
core   0: 0x0000000080004bc6 (0xd039f6d3) fcvt.s.lu fa3, s3
core   0: 1 0x0000000080004bc6 (0xd039f6d3) c1_fflags 0x0000000000000011 f13 0xffffffff5f800000
core   0: 0x0000000080004bca (0x415a8eb3) sub     t4, s5, s5
core   0: 1 0x0000000080004bca (0x415a8eb3) x29 0x0000000000000000
core   0: 0x0000000080004bce (0x001023f3) csrrs   t2, fflags, zero
core   0: 1 0x0000000080004bce (0x001023f3) x7  0x0000000000000011
core   0: 0x0000000080004bd2 (0x01fb9b9b) slliw   s7, s7, 31
core   0: 1 0x0000000080004bd2 (0x01fb9b9b) x23 0x0000000000000000
core   0: 0x0000000080004bd6 (0xc20274d3) fcvt.w.d s1, ft4
core   0: 1 0x0000000080004bd6 (0xc20274d3) x9  0xffffffffffffff64
core   0: 0x0000000080004bda (0x00009475) c.srai  s0, 61
core   0: 1 0x0000000080004bda (0x9475) x8  0x0000000000000000
core   0: 0x0000000080004bdc (0x0a997953) fsub.d  fs2, fs2, fs1
core   0: 1 0x0000000080004bdc (0x0a997953) f18 0x7ff8000000000000
core   0: 0x0000000080004be0 (0x033a79bb) remuw   s3, s4, s3
core   0: 1 0x0000000080004be0 (0x033a79bb) x19 0x0000000000000504
core   0: 0x0000000080004be4 (0x01f3191b) slliw   s2, t1, 31
core   0: 1 0x0000000080004be4 (0x01f3191b) x18 0xffffffff80000000
core   0: 0x0000000080004be8 (0xc03d7953) fcvt.lu.s s2, fs10
core   0: 1 0x0000000080004be8 (0xc03d7953) c1_fflags 0x0000000000000011 x18 0xffffffffffffffff
core   0: 0x0000000080004bec (0xc03d7c53) fcvt.lu.s s8, fs10
core   0: 1 0x0000000080004bec (0xc03d7c53) c1_fflags 0x0000000000000011 x24 0xffffffffffffffff
core   0: 0x0000000080004bf0 (0x038c5333) divu    t1, s8, s8
core   0: 1 0x0000000080004bf0 (0x038c5333) x6  0x0000000000000001
core   0: 0x0000000080004bf4 (0x01011993) slli    s3, sp, 16
core   0: 1 0x0000000080004bf4 (0x01011993) x19 0x0000000000000000
core   0: 0x0000000080004bf8 (0x0b9af24f) fnmadd.d ft4, fs5, fs9, ft1
core   0: 1 0x0000000080004bf8 (0x0b9af24f) f4  0x7ff8000000000000
core   0: 0x0000000080004bfc (0x40c9d23b) sraw    tp, s3, a2
core   0: 1 0x0000000080004bfc (0x40c9d23b) x4  0x0000000000000000
core   0: 0x0000000080004c00 (0x421cfccf) fnmadd.d fs9, fs9, ft1, fs0
core   0: 1 0x0000000080004c00 (0x421cfccf) f25 0x7ff8000000000000
core   0: 0x0000000080004c04 (0x2a1c9e53) fmax.d  ft8, fs9, ft1
core   0: 1 0x0000000080004c04 (0x2a1c9e53) f28 0x7ff8000000000000
core   0: 0x0000000080004c08 (0x131efed3) fmul.d  ft9, ft9, fa7
core   0: 1 0x0000000080004c08 (0x131efed3) f29 0x7ff8000000000000
core   0: 0x0000000080004c0c (0xc0251573) csrrw   a0, instret, a0
core   0: exception trap_illegal_instruction, epc 0x0000000080004c0c
core   0:           tval 0x00000000c0251573
core   0: >>>>  $xrv64i2p1_m2p0_a2p1_f2p2_d2p2_zicsr2p0_zifencei2p0_zmmul1p0_zba1p0_zbb1p0_zbc1p0_zbs1p0
core   0: 0x0000000080004000 (0x0080006f) j       pc + 0x8
core   0: 3 0x0000000080004000 (0x0080006f)
core   0: >>>>  mmode_exception_handler
core   0: 0x0000000080004008 (0x00002c17) auipc   s8, 0x2
core   0: 3 0x0000000080004008 (0x00002c17) x24 0x0000000080006008
core   0: 0x000000008000400c (0x06ec0c13) addi    s8, s8, 110
core   0: 3 0x000000008000400c (0x06ec0c13) x24 0x0000000080006076
core   0: 0x0000000080004010 (0x000c00e7) jalr    s8
core   0: 3 0x0000000080004010 (0x000c00e7) x1  0x0000000080004014
core   0: >>>>  any_handler
core   0: 0x0000000080006076 (0x341027f3) csrrs   a5, mepc, zero
core   0: 3 0x0000000080006076 (0x341027f3) x15 0x0000000080004c0c
core   0: 0x000000008000607a (0x34202773) csrrs   a4, mcause, zero
core   0: 3 0x000000008000607a (0x34202773) x14 0x0000000000000002
core   0: 0x000000008000607e (0x142026f3) csrrs   a3, scause, zero
core   0: 3 0x000000008000607e (0x142026f3) x13 0x0000000000000000
core   0: 0x0000000080006082 (0x30402673) csrrs   a2, mie, zero
core   0: 3 0x0000000080006082 (0x30402673) x12 0x0000000000000a00
core   0: 0x0000000080006086 (0x344025f3) csrrs   a1, mip, zero
core   0: 3 0x0000000080006086 (0x344025f3) x11 0x0000000000000080
core   0: 0x000000008000608a (0x343025f3) csrrs   a1, mtval, zero
core   0: 3 0x000000008000608a (0x343025f3) x11 0x00000000c0251573
core   0: 0x000000008000608e (0x14302573) csrrs   a0, stval, zero
core   0: 3 0x000000008000608e (0x14302573) x10 0x0000000000000002
core   0: 0x0000000080006092 (0xb02024f3) csrrs   s1, minstret, zero
core   0: 3 0x0000000080006092 (0xb02024f3) x9  0x0000000000000ba6
core   0: 0x0000000080006096 (0x0000a811) c.j     pc + 20
core   0: 3 0x0000000080006096 (0xa811)
core   0: >>>>  mepc_4
core   0: 0x00000000800060aa (0x00000791) c.addi  a5, 4
core   0: 3 0x00000000800060aa (0x0791) x15 0x0000000080004c10
core   0: 0x00000000800060ac (0x34179073) csrrw   zero, mepc, a5
core   0: 3 0x00000000800060ac (0x34179073) c833_mepc 0x0000000080004c10
core   0: 0x00000000800060b0 (0x30200073) mret
core   0: 3 0x00000000800060b0 (0x30200073) c768_mstatus 0x8000000a00106082
core   0: 0x0000000080004c10 (0xd20d03d3) fcvt.d.w ft7, s10
core   0: 1 0x0000000080004c10 (0xd20d03d3) f7  0x41d1239e33000000
core   0: 0x0000000080004c14 (0xf5ce7093) andi    ra, t3, -164
core   0: 1 0x0000000080004c14 (0xf5ce7093) x1  0x0000000000000000
core   0: 0x0000000080004c18 (0x000ad693) srli    a3, s5, 0
core   0: 1 0x0000000080004c18 (0x000ad693) x13 0x0000000000000000
core   0: 0x0000000080004c1c (0x0100083b) addw    a6, zero, a6
core   0: 1 0x0000000080004c1c (0x0100083b) x16 0x0000000000000504
core   0: 0x0000000080004c20 (0xd20d05d3) fcvt.d.w fa1, s10
core   0: 1 0x0000000080004c20 (0xd20d05d3) f11 0x41d1239e33000000
core   0: 0x0000000080004c24 (0x01001833) sll     a6, zero, a6
core   0: 1 0x0000000080004c24 (0x01001833) x16 0x0000000000000000
core   0: 0x0000000080004c28 (0xe2018653) fmv.x.d a2, ft3
core   0: 1 0x0000000080004c28 (0xe2018653) x12 0x7ff8000000000000
core   0: 0x0000000080004c2c (0xc20277d3) fcvt.w.d a5, ft4
core   0: 1 0x0000000080004c2c (0xc20277d3) c1_fflags 0x0000000000000011 x15 0x000000007fffffff
core   0: 0x0000000080004c30 (0x0178a8b3) slt     a7, a7, s7
core   0: 1 0x0000000080004c30 (0x0178a8b3) x17 0x0000000000000000
core   0: 0x0000000080004c34 (0x00000001) c.nop
core   0: 1 0x0000000080004c34 (0x0001)
core   0: 0x0000000080004c36 (0xc033f5d3) fcvt.lu.s a1, ft7
core   0: 1 0x0000000080004c36 (0xc033f5d3) c1_fflags 0x0000000000000011 x11 0xffffffffffffffff
core   0: 0x0000000080004c3a (0x0b3978d3) fsub.d  fa7, fs2, fs3
core   0: 1 0x0000000080004c3a (0x0b3978d3) f17 0x7ff8000000000000
core   0: 0x0000000080004c3e (0x01f4db1b) srliw   s6, s1, 31
core   0: 1 0x0000000080004c3e (0x01f4db1b) x22 0x0000000000000000
core   0: 0x0000000080004c42 (0x016c2ab3) slt     s5, s8, s6
core   0: 1 0x0000000080004c42 (0x016c2ab3) x21 0x0000000000000000
core   0: 0x0000000080004c46 (0x24ca849b) addiw   s1, s5, 588
core   0: 1 0x0000000080004c46 (0x24ca849b) x9  0x000000000000024c
core   0: 0x0000000080004c4a (0x401b521b) sraiw   tp, s6, 1
core   0: 1 0x0000000080004c4a (0x401b521b) x4  0x0000000000000000
core   0: 0x0000000080004c4e (0x00129233) sll     tp, t0, ra
core   0: 1 0x0000000080004c4e (0x00129233) x4  0x0000000000000000
core   0: 0x0000000080004c52 (0x01cace33) xor     t3, s5, t3
core   0: 1 0x0000000080004c52 (0x01cace33) x28 0x0000000000000001
core   0: 0x0000000080004c56 (0x23461653) fsgnjn.d fa2, fa2, fs4
core   0: 1 0x0000000080004c56 (0x23461653) f12 0xfff8000000000000
core   0: 0x0000000080004c5a (0x002028f3) csrrs   a7, frm, zero
core   0: 1 0x0000000080004c5a (0x002028f3) x17 0x0000000000000004
core   0: 0x0000000080004c5e (0x02f58abb) mulw    s5, a1, a5
core   0: 1 0x0000000080004c5e (0x02f58abb) x21 0xffffffff80000001
core   0: 0x0000000080004c62 (0x0ff0000f) fence   iorw,iorw
core   0: 1 0x0000000080004c62 (0x0ff0000f)
core   0: 0x0000000080004c66 (0x41800233) sub     tp, zero, s8
core   0: 1 0x0000000080004c66 (0x41800233) x4  0xffffffff7fff9f8a
core   0: 0x0000000080004c6a (0x027444bb) divw    s1, s0, t2
core   0: 1 0x0000000080004c6a (0x027444bb) x9  0x0000000000000000
core   0: 0x0000000080004c6e (0x03921cb3) mulh    s9, tp, s9
core   0: 1 0x0000000080004c6e (0x03921cb3) x25 0x0000000000000000
core   0: 0x0000000080004c72 (0x0392c033) div     zero, t0, s9
core   0: 1 0x0000000080004c72 (0x0392c033)
core   0: 0x0000000080004c76 (0x01d0aab3) slt     s5, ra, t4
core   0: 1 0x0000000080004c76 (0x01d0aab3) x21 0x0000000000000000
core   0: 0x0000000080004c7a (0x000e8c1b) sext.w  s8, t4
core   0: 1 0x0000000080004c7a (0x000e8c1b) x24 0x0000000000000000
core   0: 0x0000000080004c7e (0xc02f7e53) fcvt.l.s t3, ft10
core   0: 1 0x0000000080004c7e (0xc02f7e53) c1_fflags 0x0000000000000011 x28 0x7fffffffffffffff
core   0: 0x0000000080004c82 (0x4013f6d3) fcvt.s.d fa3, ft7
core   0: 1 0x0000000080004c82 (0x4013f6d3) c1_fflags 0x0000000000000011 f13 0xffffffff4e891cf2
core   0: 0x0000000080004c86 (0x43f6db13) srai    s6, a3, 63
core   0: 1 0x0000000080004c86 (0x43f6db13) x22 0x0000000000000000
core   0: 0x0000000080004c8a (0x00000001) c.nop
core   0: 1 0x0000000080004c8a (0x0001)
core   0: 0x0000000080004c8c (0xf1106773) csrrsi  a4, mvendorid, 0
core   0: exception trap_illegal_instruction, epc 0x0000000080004c8c
core   0:           tval 0x00000000f1106773
core   0: >>>>  $xrv64i2p1_m2p0_a2p1_f2p2_d2p2_zicsr2p0_zifencei2p0_zmmul1p0_zba1p0_zbb1p0_zbc1p0_zbs1p0
core   0: 0x0000000080004000 (0x0080006f) j       pc + 0x8
core   0: 3 0x0000000080004000 (0x0080006f)
core   0: >>>>  mmode_exception_handler
core   0: 0x0000000080004008 (0x00002c17) auipc   s8, 0x2
core   0: 3 0x0000000080004008 (0x00002c17) x24 0x0000000080006008
core   0: 0x000000008000400c (0x06ec0c13) addi    s8, s8, 110
core   0: 3 0x000000008000400c (0x06ec0c13) x24 0x0000000080006076
core   0: 0x0000000080004010 (0x000c00e7) jalr    s8
core   0: 3 0x0000000080004010 (0x000c00e7) x1  0x0000000080004014
core   0: >>>>  any_handler
core   0: 0x0000000080006076 (0x341027f3) csrrs   a5, mepc, zero
core   0: 3 0x0000000080006076 (0x341027f3) x15 0x0000000080004c8c
core   0: 0x000000008000607a (0x34202773) csrrs   a4, mcause, zero
core   0: 3 0x000000008000607a (0x34202773) x14 0x0000000000000002
core   0: 0x000000008000607e (0x142026f3) csrrs   a3, scause, zero
core   0: 3 0x000000008000607e (0x142026f3) x13 0x0000000000000000
core   0: 0x0000000080006082 (0x30402673) csrrs   a2, mie, zero
core   0: 3 0x0000000080006082 (0x30402673) x12 0x0000000000000a00
core   0: 0x0000000080006086 (0x344025f3) csrrs   a1, mip, zero
core   0: 3 0x0000000080006086 (0x344025f3) x11 0x0000000000000080
core   0: 0x000000008000608a (0x343025f3) csrrs   a1, mtval, zero
core   0: 3 0x000000008000608a (0x343025f3) x11 0x00000000f1106773
core   0: 0x000000008000608e (0x14302573) csrrs   a0, stval, zero
core   0: 3 0x000000008000608e (0x14302573) x10 0x0000000000000002
core   0: 0x0000000080006092 (0xb02024f3) csrrs   s1, minstret, zero
core   0: 3 0x0000000080006092 (0xb02024f3) x9  0x0000000000000bd6
core   0: 0x0000000080006096 (0x0000a811) c.j     pc + 20
core   0: 3 0x0000000080006096 (0xa811)
core   0: >>>>  mepc_4
core   0: 0x00000000800060aa (0x00000791) c.addi  a5, 4
core   0: 3 0x00000000800060aa (0x0791) x15 0x0000000080004c90
core   0: 0x00000000800060ac (0x34179073) csrrw   zero, mepc, a5
core   0: 3 0x00000000800060ac (0x34179073) c833_mepc 0x0000000080004c90
core   0: 0x00000000800060b0 (0x30200073) mret
core   0: 3 0x00000000800060b0 (0x30200073) c768_mstatus 0x8000000a00106082
core   0: 0x0000000080004c90 (0x0348043b) mulw    s0, a6, s4
core   0: 1 0x0000000080004c90 (0x0348043b) x8  0x0000000000000000
core   0: 0x0000000080004c94 (0x001d5d1b) srliw   s10, s10, 1
core   0: 1 0x0000000080004c94 (0x001d5d1b) x26 0x0000000022473c66
core   0: 0x0000000080004c98 (0xd031f453) fcvt.s.lu fs0, gp
core   0: 1 0x0000000080004c98 (0xd031f453) f8  0xffffffff00000000
core   0: 0x0000000080004c9c (0x40335733) sra     a4, t1, gp
core   0: 1 0x0000000080004c9c (0x40335733) x14 0x0000000000000001
core   0: 0x0000000080004ca0 (0x4013073b) subw    a4, t1, ra
core   0: 1 0x0000000080004ca0 (0x4013073b) x14 0x000000007fffbfed
core   0: 0x0000000080004ca4 (0x1be57d53) fdiv.d  fs10, fa0, ft10
core   0: 1 0x0000000080004ca4 (0x1be57d53) c1_fflags 0x0000000000000011 f26 0x7ff8000000000000
core   0: 0x0000000080004ca8 (0x008e1bbb) sllw    s7, t3, s0
core   0: 1 0x0000000080004ca8 (0x008e1bbb) x23 0xffffffffffffffff
core   0: 0x0000000080004cac (0x02a8fad3) fadd.d  fs5, fa7, fa0
core   0: 1 0x0000000080004cac (0x02a8fad3) f21 0x7ff8000000000000
core   0: 0x0000000080004cb0 (0xc218f5d3) fcvt.wu.d a1, fa7
core   0: 1 0x0000000080004cb0 (0xc218f5d3) c1_fflags 0x0000000000000011 x11 0xffffffffffffffff
core   0: 0x0000000080004cb4 (0x42008153) fcvt.d.s ft2, ft1
core   0: 1 0x0000000080004cb4 (0x42008153) f2  0x7ff8000000000000
core   0: 0x0000000080004cb8 (0x0052a333) slt     t1, t0, t0
core   0: 1 0x0000000080004cb8 (0x0052a333) x6  0x0000000000000000
core   0: 0x0000000080004cbc (0x00b1ba37) lui     s4, 0xb1b
core   0: 1 0x0000000080004cbc (0x00b1ba37) x20 0x0000000000b1b000
core   0: 0x0000000080004cc0 (0xfb1a0a1b) addiw   s4, s4, -79
core   0: 1 0x0000000080004cc0 (0xfb1a0a1b) x20 0x0000000000b1afb1
core   0: 0x0000000080004cc4 (0x00000a36) c.slli  s4, 13
core   0: 1 0x0000000080004cc4 (0x0a36) x20 0x0000001635f62000
core   0: 0x0000000080004cc6 (0x9aca0a13) addi    s4, s4, -1620
core   0: 1 0x0000000080004cc6 (0x9aca0a13) x20 0x0000001635f619ac
core   0: 0x0000000080004cca (0xf20804d3) fmv.d.x fs1, a6
core   0: 1 0x0000000080004cca (0xf20804d3) f9  0x0000000000000000
core   0: 0x0000000080004cce (0x001d5c13) srli    s8, s10, 1
core   0: 1 0x0000000080004cce (0x001d5c13) x24 0x0000000011239e33
core   0: 0x0000000080004cd2 (0xee165a97) auipc   s5, 0xee165
core   0: 1 0x0000000080004cd2 (0xee165a97) x21 0x000000006e169cd2
core   0: 0x0000000080004cd6 (0x03c65e3b) divuw   t3, a2, t3
core   0: 1 0x0000000080004cd6 (0x03c65e3b) x28 0x0000000000000000
core   0: 0x0000000080004cda (0x34350513) addi    a0, a0, 835
core   0: 1 0x0000000080004cda (0x34350513) x10 0x0000000000000345
core   0: 0x0000000080004cde (0xe20a8353) fmv.x.d t1, fs5
core   0: 1 0x0000000080004cde (0xe20a8353) x6  0x7ff8000000000000
core   0: 0x0000000080004ce2 (0x01bdda33) srl     s4, s11, s11
core   0: 1 0x0000000080004ce2 (0x01bdda33) x20 0x0000000000000000
core   0: 0x0000000080004ce6 (0xc024f253) fcvt.l.s tp, fs1
core   0: 1 0x0000000080004ce6 (0xc024f253) c1_fflags 0x0000000000000011 x4  0x7fffffffffffffff
core   0: 0x0000000080004cea (0x95c34093) xori    ra, t1, -1700
core   0: 1 0x0000000080004cea (0x95c34093) x1  0x8007fffffffff95c
core   0: 0x0000000080004cee (0xc0387453) fcvt.lu.s s0, fa6
core   0: 1 0x0000000080004cee (0xc0387453) c1_fflags 0x0000000000000011 x8  0xffffffffffffffff
core   0: 0x0000000080004cf2 (0x0113c433) xor     s0, t2, a7
core   0: 1 0x0000000080004cf2 (0x0113c433) x8  0x0000000000000015
core   0: 0x0000000080004cf6 (0x01cb5b13) srli    s6, s6, 28
core   0: 1 0x0000000080004cf6 (0x01cb5b13) x22 0x0000000000000000
core   0: 0x0000000080004cfa (0xd0367153) fcvt.s.lu ft2, a2
core   0: 1 0x0000000080004cfa (0xd0367153) f2  0xffffffff45200000
core   0: 0x0000000080004cfe (0x0094ddbb) srlw    s11, s1, s1
core   0: 1 0x0000000080004cfe (0x0094ddbb) x27 0x0000000000000000
core   0: 0x0000000080004d02 (0xc236f253) fcvt.lu.d tp, fa3
core   0: 1 0x0000000080004d02 (0xc236f253) c1_fflags 0x0000000000000011 x4  0xffffffffffffffff
core   0: 0x0000000080004d06 (0x414c0eb3) sub     t4, s8, s4
core   0: 1 0x0000000080004d06 (0x414c0eb3) x29 0x0000000011239e33
core   0: 0x0000000080004d0a (0xc20476d3) fcvt.w.d a3, fs0
core   0: 1 0x0000000080004d0a (0xc20476d3) c1_fflags 0x0000000000000011 x13 0x000000007fffffff
core   0: 0x0000000080004d0e (0x00202373) csrrs   t1, frm, zero
core   0: 1 0x0000000080004d0e (0x00202373) x6  0x0000000000000004
core   0: 0x0000000080004d12 (0x1aedf4d3) fdiv.d  fs1, fs11, fa4
core   0: 1 0x0000000080004d12 (0x1aedf4d3) f9  0x7ff8000000000000
core   0: 0x0000000080004d16 (0x00102b73) csrrs   s6, fflags, zero
core   0: 1 0x0000000080004d16 (0x00102b73) x22 0x0000000000000011
core   0: 0x0000000080004d1a (0x1a667553) fdiv.d  fa0, fa2, ft6
core   0: 1 0x0000000080004d1a (0x1a667553) f10 0x7ff8000000000000
core   0: 0x0000000080004d1e (0xc215fd53) fcvt.wu.d s10, fa1
core   0: 1 0x0000000080004d1e (0xc215fd53) x26 0x00000000448e78cc
core   0: 0x0000000080004d22 (0x4014f153) fcvt.s.d ft2, fs1
core   0: 1 0x0000000080004d22 (0x4014f153) f2  0xffffffff7fc00000
core   0: 0x0000000080004d26 (0x40c753b3) sra     t2, a4, a2
core   0: 1 0x0000000080004d26 (0x40c753b3) x7  0x000000007fffbfed
core   0: 0x0000000080004d2a (0x5eaa0c13) addi    s8, s4, 1514
core   0: 1 0x0000000080004d2a (0x5eaa0c13) x24 0x00000000000005ea
core   0: 0x0000000080004d2e (0x40ebd6b3) sra     a3, s7, a4
core   0: 1 0x0000000080004d2e (0x40ebd6b3) x13 0xffffffffffffffff
core   0: 0x0000000080004d32 (0x7ffe891b) addiw   s2, t4, 2047
core   0: 1 0x0000000080004d32 (0x7ffe891b) x18 0x000000001123a632
core   0: 0x0000000080004d36 (0x40d95493) srai    s1, s2, 13
core   0: 1 0x0000000080004d36 (0x40d95493) x9  0x000000000000891d
core   0: 0x0000000080004d3a (0xcfa21617) auipc   a2, 0xcfa21
core   0: 1 0x0000000080004d3a (0xcfa21617) x12 0x000000004fa25d3a
core   0: 0x0000000080004d3e (0xc216f353) fcvt.wu.d t1, fa3
core   0: 1 0x0000000080004d3e (0xc216f353) c1_fflags 0x0000000000000011 x6  0xffffffffffffffff
core   0: 0x0000000080004d42 (0xc036fbd3) fcvt.lu.s s7, fa3
core   0: 1 0x0000000080004d42 (0xc036fbd3) x23 0x00000000448e7900
core   0: 0x0000000080004d46 (0x037bebbb) remw    s7, s7, s7
core   0: 1 0x0000000080004d46 (0x037bebbb) x23 0x0000000000000000
core   0: 0x0000000080004d4a (0x00075b93) srli    s7, a4, 0
core   0: 1 0x0000000080004d4a (0x00075b93) x23 0x000000007fffbfed
core   0: 0x0000000080004d4e (0x059bc013) xori    zero, s7, 89
core   0: 1 0x0000000080004d4e (0x059bc013)
core   0: 0x0000000080004d52 (0xaa99794f) fnmadd.d fs2, fs2, fs1, fs5
core   0: 1 0x0000000080004d52 (0xaa99794f) f18 0x7ff8000000000000
core   0: 0x0000000080004d56 (0x03736e3b) remw    t3, t1, s7
core   0: 1 0x0000000080004d56 (0x03736e3b) x28 0xffffffffffffffff
core   0: 0x0000000080004d5a (0x0003599b) srliw   s3, t1, 0
core   0: 1 0x0000000080004d5a (0x0003599b) x19 0xffffffffffffffff
core   0: 0x0000000080004d5e (0x017d0cb3) add     s9, s10, s7
core   0: 1 0x0000000080004d5e (0x017d0cb3) x25 0x00000000c48e38b9
core   0: 0x0000000080004d62 (0xebdb8217) auipc   tp, 0xebdb8
core   0: 1 0x0000000080004d62 (0xebdb8217) x4  0x000000006bdbcd62
core   0: 0x0000000080004d66 (0x03ce1e33) mulh    t3, t3, t3
core   0: 1 0x0000000080004d66 (0x03ce1e33) x28 0x0000000000000000
core   0: 0x0000000080004d6a (0xa22aa1d3) feq.d   gp, fs5, ft2
core   0: 1 0x0000000080004d6a (0xa22aa1d3) x3  0x0000000000000000
core   0: 0x0000000080004d6e (0x034e7c3b) remuw   s8, t3, s4
core   0: 1 0x0000000080004d6e (0x034e7c3b) x24 0x0000000000000000
core   0: 0x0000000080004d72 (0x03c22533) mulhsu  a0, tp, t3
core   0: 1 0x0000000080004d72 (0x03c22533) x10 0x0000000000000000
core   0: 0x0000000080004d76 (0x23ad1d53) fsgnjn.d fs10, fs10, fs10
core   0: 1 0x0000000080004d76 (0x23ad1d53) f26 0xfff8000000000000
core   0: 0x0000000080004d7a (0x222d2753) fsgnjx.d fa4, fs10, ft2
core   0: 1 0x0000000080004d7a (0x222d2753) f14 0x7ff8000000000000
core   0: 0x0000000080004d7e (0x40085b9b) sraiw   s7, a6, 0
core   0: 1 0x0000000080004d7e (0x40085b9b) x23 0x0000000000000000
core   0: 0x0000000080004d82 (0x0a08f8d3) fsub.d  fa7, fa7, ft0
core   0: 1 0x0000000080004d82 (0x0a08f8d3) f17 0x7ff8000000000000
core   0: 0x0000000080004d86 (0xc03e7a53) fcvt.lu.s s4, ft8
core   0: 1 0x0000000080004d86 (0xc03e7a53) c1_fflags 0x0000000000000011 x20 0xffffffffffffffff
core   0: 0x0000000080004d8a (0x1388f4d3) fmul.d  fs1, fa7, fs8
core   0: 1 0x0000000080004d8a (0x1388f4d3) f9  0x7ff8000000000000
core   0: 0x0000000080004d8e (0x014c8333) add     t1, s9, s4
core   0: 1 0x0000000080004d8e (0x014c8333) x6  0x00000000c48e38b8
core   0: 0x0000000080004d92 (0x41aa8d3b) subw    s10, s5, s10
core   0: 1 0x0000000080004d92 (0x41aa8d3b) x26 0x0000000029882406
core   0: 0x0000000080004d96 (0x40e08c33) sub     s8, ra, a4
core   0: 1 0x0000000080004d96 (0x40e08c33) x24 0x8007ffff8000396f
core   0: 0x0000000080004d9a (0x00a94eb3) xor     t4, s2, a0
core   0: 1 0x0000000080004d9a (0x00a94eb3) x29 0x000000001123a632
core   0: 0x0000000080004d9e (0x41a2d2bb) sraw    t0, t0, s10
core   0: 1 0x0000000080004d9e (0x41a2d2bb) x5  0x0000000000000000
core   0: 0x0000000080004da2 (0x1b21f1d3) fdiv.d  ft3, ft3, fs2
core   0: 1 0x0000000080004da2 (0x1b21f1d3) f3  0x7ff8000000000000
core   0: 0x0000000080004da6 (0x00a128b3) slt     a7, sp, a0
core   0: 1 0x0000000080004da6 (0x00a128b3) x17 0x0000000000000000
core   0: 0x0000000080004daa (0x00202873) csrrs   a6, frm, zero
core   0: 1 0x0000000080004daa (0x00202873) x16 0x0000000000000004
core   0: 0x0000000080004dae (0x03195e3b) divuw   t3, s2, a7
core   0: 1 0x0000000080004dae (0x03195e3b) x28 0xffffffffffffffff
core   0: 0x0000000080004db2 (0x01005613) srli    a2, zero, 16
core   0: 1 0x0000000080004db2 (0x01005613) x12 0x0000000000000000
core   0: 0x0000000080004db6 (0xfd33a737) lui     a4, 0xfd33a
core   0: 1 0x0000000080004db6 (0xfd33a737) x14 0xfffffffffd33a000
core   0: 0x0000000080004dba (0x9a77071b) addiw   a4, a4, -1625
core   0: 1 0x0000000080004dba (0x9a77071b) x14 0xfffffffffd3399a7
core   0: 0x0000000080004dbe (0x00000736) c.slli  a4, 13
core   0: 1 0x0000000080004dbe (0x0736) x14 0xffffffa67334e000
core   0: 0x0000000080004dc0 (0x4ba70713) addi    a4, a4, 1210
core   0: 1 0x0000000080004dc0 (0x4ba70713) x14 0xffffffa67334e4ba
core   0: 0x0000000080004dc4 (0x223013d3) fsgnjn.d ft7, ft0, ft3
core   0: 1 0x0000000080004dc4 (0x223013d3) f7  0xfff8000000000000
core   0: 0x0000000080004dc8 (0x00102df3) csrrs   s11, fflags, zero
core   0: 1 0x0000000080004dc8 (0x00102df3) x27 0x0000000000000011
core   0: 0x0000000080004dcc (0x0086a733) slt     a4, a3, s0
core   0: 1 0x0000000080004dcc (0x0086a733) x14 0x0000000000000001
core   0: 0x0000000080004dd0 (0x41a85833) sra     a6, a6, s10
core   0: 1 0x0000000080004dd0 (0x41a85833) x16 0x0000000000000000
core   0: 0x0000000080004dd4 (0x40167453) fcvt.s.d fs0, fa2
core   0: 1 0x0000000080004dd4 (0x40167453) f8  0xffffffff7fc00000
core   0: 0x0000000080004dd8 (0x03977a3b) remuw   s4, a4, s9
core   0: 1 0x0000000080004dd8 (0x03977a3b) x20 0x0000000000000001
core   0: 0x0000000080004ddc (0x0150d6b3) srl     a3, ra, s5
core   0: 1 0x0000000080004ddc (0x0150d6b3) x13 0x00002001ffffffff
core   0: 0x0000000080004de0 (0x0084133b) sllw    t1, s0, s0
core   0: 1 0x0000000080004de0 (0x0084133b) x6  0x0000000002a00000
core   0: 0x0000000080004de4 (0x03d8f033) remu    zero, a7, t4
core   0: 1 0x0000000080004de4 (0x03d8f033)
core   0: 0x0000000080004de8 (0x01505d9b) srliw   s11, zero, 21
core   0: 1 0x0000000080004de8 (0x01505d9b) x27 0x0000000000000000
core   0: 0x0000000080004dec (0x02268c3b) mulw    s8, a3, sp
core   0: 1 0x0000000080004dec (0x02268c3b) x24 0x0000000000000000
core   0: 0x0000000080004df0 (0x014a7e33) and     t3, s4, s4
core   0: 1 0x0000000080004df0 (0x014a7e33) x28 0x0000000000000001
core   0: 0x0000000080004df4 (0x02f786b3) mul     a3, a5, a5
core   0: 1 0x0000000080004df4 (0x02f786b3) x13 0x40004c9016e5d100
core   0: 0x0000000080004df8 (0x0071eb33) or      s6, gp, t2
core   0: 1 0x0000000080004df8 (0x0071eb33) x22 0x000000007fffbfed
core   0: 0x0000000080004dfc (0x33087843) fmadd.d fa6, fa6, fa6, ft6
core   0: 1 0x0000000080004dfc (0x33087843) f16 0x7ff8000000000000
core   0: 0x0000000080004e00 (0x02246e3b) remw    t3, s0, sp
core   0: 1 0x0000000080004e00 (0x02246e3b) x28 0x0000000000000015
core   0: 0x0000000080004e04 (0x230d0153) fsgnj.d ft2, fs10, fa6
core   0: 1 0x0000000080004e04 (0x230d0153) f2  0x7ff8000000000000
core   0: 0x0000000080004e08 (0x01cd9e3b) sllw    t3, s11, t3
core   0: 1 0x0000000080004e08 (0x01cd9e3b) x28 0x0000000000000000
core   0: 0x0000000080004e0c (0x23f114d3) fsgnjn.d fs1, ft2, ft11
core   0: 1 0x0000000080004e0c (0x23f114d3) f9  0x7ff8000000000000
core   0: 0x0000000080004e10 (0x000d919b) slliw   gp, s11, 0
core   0: 1 0x0000000080004e10 (0x000d919b) x3  0x0000000000000000
core   0: 0x0000000080004e14 (0x0066adb3) slt     s11, a3, t1
core   0: 1 0x0000000080004e14 (0x0066adb3) x27 0x0000000000000000
core   0: 0x0000000080004e18 (0x001ddc13) srli    s8, s11, 1
core   0: 1 0x0000000080004e18 (0x001ddc13) x24 0x0000000000000000
core   0: 0x0000000080004e1c (0x4bd4f9cb) fnmsub.d fs3, fs1, ft9, fs1
core   0: 1 0x0000000080004e1c (0x4bd4f9cb) f19 0x7ff8000000000000
core   0: 0x0000000080004e20 (0x23848c53) fsgnj.d fs8, fs1, fs8
core   0: 1 0x0000000080004e20 (0x23848c53) f24 0x7ff8000000000000
core   0: 0x0000000080004e24 (0x001292f3) csrrw   t0, fflags, t0
core   0: 1 0x0000000080004e24 (0x001292f3) x5  0x0000000000000011 c1_fflags 0x0000000000000000
core   0: 0x0000000080004e28 (0x00404133) xor     sp, zero, tp
core   0: 1 0x0000000080004e28 (0x00404133) x2  0x000000006bdbcd62
core   0: 0x0000000080004e2c (0x50557513) andi    a0, a0, 1285
core   0: 1 0x0000000080004e2c (0x50557513) x10 0x0000000000000000
core   0: 0x0000000080004e30 (0x1b9cfdd3) fdiv.d  fs11, fs9, fs9
core   0: 1 0x0000000080004e30 (0x1b9cfdd3) f27 0x7ff8000000000000
core   0: 0x0000000080004e34 (0xc238f453) fcvt.lu.d s0, fa7
core   0: 1 0x0000000080004e34 (0xc238f453) c1_fflags 0x0000000000000010 x8  0xffffffffffffffff
core   0: 0x0000000080004e38 (0x2bb31ad3) fmax.d  fs5, ft6, fs11
core   0: 1 0x0000000080004e38 (0x2bb31ad3) f21 0x0000000000000000
core   0: 0x0000000080004e3c (0xa2da8bd3) fle.d   s7, fs5, fa3
core   0: 1 0x0000000080004e3c (0xa2da8bd3) c1_fflags 0x0000000000000010 x23 0x0000000000000000
core   0: 0x0000000080004e40 (0x00202473) csrrs   s0, frm, zero
core   0: 1 0x0000000080004e40 (0x00202473) x8  0x0000000000000004
core   0: 0x0000000080004e44 (0x34406a73) csrrsi  s4, mip, 0
core   0: exception trap_illegal_instruction, epc 0x0000000080004e44
core   0:           tval 0x0000000034406a73
core   0: >>>>  $xrv64i2p1_m2p0_a2p1_f2p2_d2p2_zicsr2p0_zifencei2p0_zmmul1p0_zba1p0_zbb1p0_zbc1p0_zbs1p0
core   0: 0x0000000080004000 (0x0080006f) j       pc + 0x8
core   0: 3 0x0000000080004000 (0x0080006f)
core   0: >>>>  mmode_exception_handler
core   0: 0x0000000080004008 (0x00002c17) auipc   s8, 0x2
core   0: 3 0x0000000080004008 (0x00002c17) x24 0x0000000080006008
core   0: 0x000000008000400c (0x06ec0c13) addi    s8, s8, 110
core   0: 3 0x000000008000400c (0x06ec0c13) x24 0x0000000080006076
core   0: 0x0000000080004010 (0x000c00e7) jalr    s8
core   0: 3 0x0000000080004010 (0x000c00e7) x1  0x0000000080004014
core   0: >>>>  any_handler
core   0: 0x0000000080006076 (0x341027f3) csrrs   a5, mepc, zero
core   0: 3 0x0000000080006076 (0x341027f3) x15 0x0000000080004e44
core   0: 0x000000008000607a (0x34202773) csrrs   a4, mcause, zero
core   0: 3 0x000000008000607a (0x34202773) x14 0x0000000000000002
core   0: 0x000000008000607e (0x142026f3) csrrs   a3, scause, zero
core   0: 3 0x000000008000607e (0x142026f3) x13 0x0000000000000000
core   0: 0x0000000080006082 (0x30402673) csrrs   a2, mie, zero
core   0: 3 0x0000000080006082 (0x30402673) x12 0x0000000000000a00
core   0: 0x0000000080006086 (0x344025f3) csrrs   a1, mip, zero
core   0: 3 0x0000000080006086 (0x344025f3) x11 0x0000000000000080
core   0: 0x000000008000608a (0x343025f3) csrrs   a1, mtval, zero
core   0: 3 0x000000008000608a (0x343025f3) x11 0x0000000034406a73
core   0: 0x000000008000608e (0x14302573) csrrs   a0, stval, zero
core   0: 3 0x000000008000608e (0x14302573) x10 0x0000000000000002
core   0: 0x0000000080006092 (0xb02024f3) csrrs   s1, minstret, zero
core   0: 3 0x0000000080006092 (0xb02024f3) x9  0x0000000000000c54
core   0: 0x0000000080006096 (0x0000a811) c.j     pc + 20
core   0: 3 0x0000000080006096 (0xa811)
core   0: >>>>  mepc_4
core   0: 0x00000000800060aa (0x00000791) c.addi  a5, 4
core   0: 3 0x00000000800060aa (0x0791) x15 0x0000000080004e48
core   0: 0x00000000800060ac (0x34179073) csrrw   zero, mepc, a5
core   0: 3 0x00000000800060ac (0x34179073) c833_mepc 0x0000000080004e48
core   0: 0x00000000800060b0 (0x30200073) mret
core   0: 3 0x00000000800060b0 (0x30200073) c768_mstatus 0x8000000a00106082
core   0: 0x0000000080004e48 (0x120078d3) fmul.d  fa7, ft0, ft0
core   0: 1 0x0000000080004e48 (0x120078d3) f17 0x7ff8000000000000
core   0: 0x0000000080004e4c (0x00a57db3) and     s11, a0, a0
core   0: 1 0x0000000080004e4c (0x00a57db3) x27 0x0000000000000002
core   0: 0x0000000080004e50 (0xf2008bd3) fmv.d.x fs7, ra
core   0: 1 0x0000000080004e50 (0xf2008bd3) f23 0x0000000080004014
core   0: 0x0000000080004e54 (0x03be4433) div     s0, t3, s11
core   0: 1 0x0000000080004e54 (0x03be4433) x8  0x0000000000000000
core   0: 0x0000000080004e58 (0x028997b3) mulh    a5, s3, s0
core   0: 1 0x0000000080004e58 (0x028997b3) x15 0x0000000000000000
core   0: 0x0000000080004e5c (0xd2040753) fcvt.d.w fa4, s0
core   0: 1 0x0000000080004e5c (0xd2040753) f14 0x0000000000000000
core   0: 0x0000000080004e60 (0x22680cd3) fsgnj.d fs9, fa6, ft6
core   0: 1 0x0000000080004e60 (0x22680cd3) f25 0x7ff8000000000000
core   0: 0x0000000080004e64 (0xd03df5d3) fcvt.s.lu fa1, s11
core   0: 1 0x0000000080004e64 (0xd03df5d3) f11 0xffffffff40000000
core   0: 0x0000000080004e68 (0x00000001) c.nop
core   0: 1 0x0000000080004e68 (0x0001)
core   0: 0x0000000080004e6a (0x00744bb3) xor     s7, s0, t2
core   0: 1 0x0000000080004e6a (0x00744bb3) x23 0x000000007fffbfed
core   0: 0x0000000080004e6e (0x006d1d1b) slliw   s10, s10, 6
core   0: 1 0x0000000080004e6e (0x006d1d1b) x26 0x0000000062090180
core   0: 0x0000000080004e72 (0x02881c93) slli    s9, a6, 40
core   0: 1 0x0000000080004e72 (0x02881c93) x25 0x0000000000000000
core   0: 0x0000000080004e76 (0x000a961b) slliw   a2, s5, 0
core   0: 1 0x0000000080004e76 (0x000a961b) x12 0x000000006e169cd2
core   0: 0x0000000080004e7a (0x413cdd93) srai    s11, s9, 19
core   0: 1 0x0000000080004e7a (0x413cdd93) x27 0x0000000000000000
core   0: 0x0000000080004e7e (0x03bee3bb) remw    t2, t4, s11
core   0: 1 0x0000000080004e7e (0x03bee3bb) x7  0x000000001123a632
core   0: 0x0000000080004e82 (0xf2000ad3) fmv.d.x fs5, zero
core   0: 1 0x0000000080004e82 (0xf2000ad3) f21 0x0000000000000000
core   0: 0x0000000080004e86 (0x01447eb3) and     t4, s0, s4
core   0: 1 0x0000000080004e86 (0x01447eb3) x29 0x0000000000000000
core   0: 0x0000000080004e8a (0x41f8d91b) sraiw   s2, a7, 31
core   0: 1 0x0000000080004e8a (0x41f8d91b) x18 0x0000000000000000
core   0: 0x0000000080004e8e (0x00c6963b) sllw    a2, a3, a2
core   0: 1 0x0000000080004e8e (0x00c6963b) x12 0x0000000000000000
core   0: 0x0000000080004e92 (0x8007e413) ori     s0, a5, -2048
core   0: 1 0x0000000080004e92 (0x8007e413) x8  0xfffffffffffff800
core   0: 0x0000000080004e96 (0x4034d4bb) sraw    s1, s1, gp
core   0: 1 0x0000000080004e96 (0x4034d4bb) x9  0x0000000000000c54
core   0: 0x0000000080004e9a (0x2a700453) fmin.d  fs0, ft0, ft7
core   0: 1 0x0000000080004e9a (0x2a700453) f8  0x7ff8000000000000
core   0: 0x0000000080004e9e (0xb2db7ac7) fmsub.d fs5, fs6, fa3, fs6
core   0: 1 0x0000000080004e9e (0xb2db7ac7) f21 0x7ff8000000000000
core   0: 0x0000000080004ea2 (0x002c9373) csrrw   t1, frm, s9
core   0: 1 0x0000000080004ea2 (0x002c9373) x6  0x0000000000000004 c2_frm 0x0000000000000000
core   0: 0x0000000080004ea6 (0x12d6744b) fnmsub.d fs0, fa2, fa3, ft2
core   0: 1 0x0000000080004ea6 (0x12d6744b) f8  0x7ff8000000000000
core   0: 0x0000000080004eaa (0x00000001) c.nop
core   0: 1 0x0000000080004eaa (0x0001)
core   0: 0x0000000080004eac (0xd881e297) auipc   t0, 0xd881e
core   0: 1 0x0000000080004eac (0xd881e297) x5  0x0000000058822eac
core   0: 0x0000000080004eb0 (0x00521a93) slli    s5, tp, 5
core   0: 1 0x0000000080004eb0 (0x00521a93) x21 0x0000000d7b79ac40
core   0: 0x0000000080004eb4 (0xebca7e47) fmsub.d ft8, fs4, ft8, ft9
core   0: 1 0x0000000080004eb4 (0xebca7e47) f28 0x7ff8000000000000
core   0: 0x0000000080004eb8 (0x234399d3) fsgnjn.d fs3, ft7, fs4
core   0: 1 0x0000000080004eb8 (0x234399d3) f19 0xfff8000000000000
core   0: 0x0000000080004ebc (0xc22df8d3) fcvt.l.d a7, fs11
core   0: 1 0x0000000080004ebc (0xc22df8d3) c1_fflags 0x0000000000000010 x17 0x7fffffffffffffff
core   0: 0x0000000080004ec0 (0x9ada76c3) fmadd.d fa3, fs4, fa3, fs3
core   0: 1 0x0000000080004ec0 (0x9ada76c3) f13 0x7ff8000000000000
core   0: 0x0000000080004ec4 (0x0ff0000f) fence   iorw,iorw
core   0: 1 0x0000000080004ec4 (0x0ff0000f)
core   0: 0x0000000080004ec8 (0x0171aab3) slt     s5, gp, s7
core   0: 1 0x0000000080004ec8 (0x0171aab3) x21 0x0000000000000001
core   0: 0x0000000080004ecc (0x41c88a3b) subw    s4, a7, t3
core   0: 1 0x0000000080004ecc (0x41c88a3b) x20 0xffffffffffffffff
core   0: 0x0000000080004ed0 (0x013458b3) srl     a7, s0, s3
core   0: 1 0x0000000080004ed0 (0x013458b3) x17 0x0000000000000001
core   0: 0x0000000080004ed4 (0xe2010353) fmv.x.d t1, ft2
core   0: 1 0x0000000080004ed4 (0xe2010353) x6  0x7ff8000000000000
core   0: 0x0000000080004ed8 (0x00699a33) sll     s4, s3, t1
core   0: 1 0x0000000080004ed8 (0x00699a33) x20 0xffffffffffffffff
core   0: 0x0000000080004edc (0xd0237f53) fcvt.s.l ft10, t1
core   0: 1 0x0000000080004edc (0xd0237f53) f30 0xffffffff5efff000
core   0: 0x0000000080004ee0 (0xc22171d3) fcvt.l.d gp, ft2
core   0: 1 0x0000000080004ee0 (0xc22171d3) c1_fflags 0x0000000000000010 x3  0x7fffffffffffffff
core   0: 0x0000000080004ee4 (0x4062d993) srai    s3, t0, 6
core   0: 1 0x0000000080004ee4 (0x4062d993) x19 0x00000000016208ba
core   0: 0x0000000080004ee8 (0x23bf1653) fsgnjn.d fa2, ft10, fs11
core   0: 1 0x0000000080004ee8 (0x23bf1653) f12 0xffffffff5efff000
core   0: 0x0000000080004eec (0x03c0573b) divuw   a4, zero, t3
core   0: 1 0x0000000080004eec (0x03c0573b) x14 0xffffffffffffffff
core   0: 0x0000000080004ef0 (0x40197a53) fcvt.s.d fs4, fs2
core   0: 1 0x0000000080004ef0 (0x40197a53) f20 0xffffffff7fc00000
core   0: 0x0000000080004ef4 (0xd03276d3) fcvt.s.lu fa3, tp
core   0: 1 0x0000000080004ef4 (0xd03276d3) c1_fflags 0x0000000000000011 f13 0xffffffff4ed7b79b
core   0: 0x0000000080004ef8 (0x5e63e993) ori     s3, t2, 1510
core   0: 1 0x0000000080004ef8 (0x5e63e993) x19 0x000000001123a7f6
core   0: 0x0000000080004efc (0x0005a533) slt     a0, a1, zero
core   0: 1 0x0000000080004efc (0x0005a533) x10 0x0000000000000000
core   0: 0x0000000080004f00 (0x0ff0000f) fence   iorw,iorw
core   0: 1 0x0000000080004f00 (0x0ff0000f)
core   0: 0x0000000080004f04 (0x73c6f743) fmadd.d fa4, fa3, ft8, fa4
core   0: 1 0x0000000080004f04 (0x73c6f743) f14 0x7ff8000000000000
core   0: 0x0000000080004f08 (0xc206f653) fcvt.w.d a2, fa3
core   0: 1 0x0000000080004f08 (0xc206f653) c1_fflags 0x0000000000000011 x12 0x000000007fffffff
core   0: 0x0000000080004f0c (0x0ff0000f) fence   iorw,iorw
core   0: 1 0x0000000080004f0c (0x0ff0000f)
core   0: 0x0000000080004f10 (0x1214fad3) fmul.d  fs5, fs1, ft1
core   0: 1 0x0000000080004f10 (0x1214fad3) f21 0x7ff8000000000000
core   0: 0x0000000080004f14 (0xc2277bd3) fcvt.l.d s7, fa4
core   0: 1 0x0000000080004f14 (0xc2277bd3) c1_fflags 0x0000000000000011 x23 0x7fffffffffffffff
core   0: 0x0000000080004f18 (0x1422e173) csrrsi  sp, scause, 5
core   0: 1 0x0000000080004f18 (0x1422e173) x2  0x0000000000000000 c322_scause 0x0000000000000005
core   0: 0x0000000080004f1c (0x3a81e317) auipc   t1, 0x3a81e
core   0: 1 0x0000000080004f1c (0x3a81e317) x6  0x00000000ba822f1c
core   0: 0x0000000080004f20 (0x5a0771d3) fsqrt.d ft3, fa4
core   0: 1 0x0000000080004f20 (0x5a0771d3) f3  0x7ff8000000000000
core   0: 0x0000000080004f24 (0xc031fad3) fcvt.lu.s s5, ft3
core   0: 1 0x0000000080004f24 (0xc031fad3) c1_fflags 0x0000000000000011 x21 0xffffffffffffffff
core   0: 0x0000000080004f28 (0xc36b7ac3) fmadd.d fs5, fs6, fs6, fs8
core   0: 1 0x0000000080004f28 (0xc36b7ac3) f21 0x7ff8000000000000
core   0: 0x0000000080004f2c (0x008355bb) srlw    a1, t1, s0
core   0: 1 0x0000000080004f2c (0x008355bb) x11 0xffffffffba822f1c
core   0: 0x0000000080004f30 (0xc21afc53) fcvt.wu.d s8, fs5
core   0: 1 0x0000000080004f30 (0xc21afc53) c1_fflags 0x0000000000000011 x24 0xffffffffffffffff
core   0: 0x0000000080004f34 (0x420686d3) fcvt.d.s fa3, fa3
core   0: 1 0x0000000080004f34 (0x420686d3) f13 0x41daf6f360000000
core   0: 0x0000000080004f38 (0x02de27b3) mulhsu  a5, t3, a3
core   0: 1 0x0000000080004f38 (0x02de27b3) x15 0x0000000000000000
core   0: 0x0000000080004f3c (0x227a9ad3) fsgnjn.d fs5, fs5, ft7
core   0: 1 0x0000000080004f3c (0x227a9ad3) f21 0x7ff8000000000000
core   0: 0x0000000080004f40 (0x4188083b) subw    a6, a6, s8
core   0: 1 0x0000000080004f40 (0x4188083b) x16 0x0000000000000001
core   0: 0x0000000080004f44 (0xfff517b7) lui     a5, 0xfff51
core   0: 1 0x0000000080004f44 (0xfff517b7) x15 0xfffffffffff51000
core   0: 0x0000000080004f48 (0x2557879b) addiw   a5, a5, 597
core   0: 1 0x0000000080004f48 (0x2557879b) x15 0xfffffffffff51255
core   0: 0x0000000080004f4c (0x000007c2) c.slli  a5, 16
core   0: 1 0x0000000080004f4c (0x07c2) x15 0xfffffff512550000
core   0: 0x0000000080004f4e (0xc1e78793) addi    a5, a5, -994
core   0: 1 0x0000000080004f4e (0xc1e78793) x15 0xfffffff51254fc1e
core   0: 0x0000000080004f52 (0x00d0de9b) srliw   t4, ra, 13
core   0: 1 0x0000000080004f52 (0x00d0de9b) x29 0x0000000000040002
core   0: 0x0000000080004f56 (0x40dc81bb) subw    gp, s9, a3
core   0: 1 0x0000000080004f56 (0x40dc81bb) x3  0x0000000000000000
core   0: 0x0000000080004f5a (0x002e931b) slliw   t1, t4, 2
core   0: 1 0x0000000080004f5a (0x002e931b) x6  0x0000000000100008
core   0: 0x0000000080004f5e (0xc2017753) fcvt.w.d a4, ft2
core   0: 1 0x0000000080004f5e (0xc2017753) c1_fflags 0x0000000000000011 x14 0x000000007fffffff
core   0: 0x0000000080004f62 (0xe20384d3) fmv.x.d s1, ft7
core   0: 1 0x0000000080004f62 (0xe20384d3) x9  0xfff8000000000000
core   0: 0x0000000080004f66 (0x03059c33) mulh    s8, a1, a6
core   0: 1 0x0000000080004f66 (0x03059c33) x24 0xffffffffffffffff
core   0: 0x0000000080004f6a (0x00102873) csrrs   a6, fflags, zero
core   0: 1 0x0000000080004f6a (0x00102873) x16 0x0000000000000011
core   0: 0x0000000080004f6e (0x22001853) fsgnjn.d fa6, ft0, ft0
core   0: 1 0x0000000080004f6e (0x22001853) f16 0xfff8000000000000
core   0: 0x0000000080004f72 (0x323493f3) csrrw   t2, mhpmevent3, s1
core   0: exception trap_illegal_instruction, epc 0x0000000080004f72
core   0:           tval 0x00000000323493f3
core   0: >>>>  $xrv64i2p1_m2p0_a2p1_f2p2_d2p2_zicsr2p0_zifencei2p0_zmmul1p0_zba1p0_zbb1p0_zbc1p0_zbs1p0
core   0: 0x0000000080004000 (0x0080006f) j       pc + 0x8
core   0: 3 0x0000000080004000 (0x0080006f)
core   0: >>>>  mmode_exception_handler
core   0: 0x0000000080004008 (0x00002c17) auipc   s8, 0x2
core   0: 3 0x0000000080004008 (0x00002c17) x24 0x0000000080006008
core   0: 0x000000008000400c (0x06ec0c13) addi    s8, s8, 110
core   0: 3 0x000000008000400c (0x06ec0c13) x24 0x0000000080006076
core   0: 0x0000000080004010 (0x000c00e7) jalr    s8
core   0: 3 0x0000000080004010 (0x000c00e7) x1  0x0000000080004014
core   0: >>>>  any_handler
core   0: 0x0000000080006076 (0x341027f3) csrrs   a5, mepc, zero
core   0: 3 0x0000000080006076 (0x341027f3) x15 0x0000000080004f72
core   0: 0x000000008000607a (0x34202773) csrrs   a4, mcause, zero
core   0: 3 0x000000008000607a (0x34202773) x14 0x0000000000000002
core   0: 0x000000008000607e (0x142026f3) csrrs   a3, scause, zero
core   0: 3 0x000000008000607e (0x142026f3) x13 0x0000000000000005
core   0: 0x0000000080006082 (0x30402673) csrrs   a2, mie, zero
core   0: 3 0x0000000080006082 (0x30402673) x12 0x0000000000000a00
core   0: 0x0000000080006086 (0x344025f3) csrrs   a1, mip, zero
core   0: 3 0x0000000080006086 (0x344025f3) x11 0x0000000000000080
core   0: 0x000000008000608a (0x343025f3) csrrs   a1, mtval, zero
core   0: 3 0x000000008000608a (0x343025f3) x11 0x00000000323493f3
core   0: 0x000000008000608e (0x14302573) csrrs   a0, stval, zero
core   0: 3 0x000000008000608e (0x14302573) x10 0x0000000000000002
core   0: 0x0000000080006092 (0xb02024f3) csrrs   s1, minstret, zero
core   0: 3 0x0000000080006092 (0xb02024f3) x9  0x0000000000000cb0
core   0: 0x0000000080006096 (0x0000a811) c.j     pc + 20
core   0: 3 0x0000000080006096 (0xa811)
core   0: >>>>  mepc_4
core   0: 0x00000000800060aa (0x00000791) c.addi  a5, 4
core   0: 3 0x00000000800060aa (0x0791) x15 0x0000000080004f76
core   0: 0x00000000800060ac (0x34179073) csrrw   zero, mepc, a5
core   0: 3 0x00000000800060ac (0x34179073) c833_mepc 0x0000000080004f76
core   0: 0x00000000800060b0 (0x30200073) mret
core   0: 3 0x00000000800060b0 (0x30200073) c768_mstatus 0x8000000a00106082
core   0: 0x0000000080004f76 (0x00184593) xori    a1, a6, 1
core   0: 1 0x0000000080004f76 (0x00184593) x11 0x0000000000000010
core   0: 0x0000000080004f7a (0xc0307153) fcvt.lu.s sp, ft0
core   0: 1 0x0000000080004f7a (0xc0307153) c1_fflags 0x0000000000000011 x2  0xffffffffffffffff
core   0: 0x0000000080004f7e (0x0003151b) slliw   a0, t1, 0
core   0: 1 0x0000000080004f7e (0x0003151b) x10 0x0000000000100008
core   0: 0x0000000080004f82 (0x2ad686d3) fmin.d  fa3, fa3, fa3
core   0: 1 0x0000000080004f82 (0x2ad686d3) f13 0x41daf6f360000000
core   0: 0x0000000080004f86 (0xd2227453) fcvt.d.l fs0, tp
core   0: 1 0x0000000080004f86 (0xd2227453) f8  0x41daf6f358800000
core   0: 0x0000000080004f8a (0x5b678e93) addi    t4, a5, 1462
core   0: 1 0x0000000080004f8a (0x5b678e93) x29 0x000000008000552c
core   0: 0x0000000080004f8e (0x436ed213) srai    tp, t4, 54
core   0: 1 0x0000000080004f8e (0x436ed213) x4  0x0000000000000000
core   0: 0x0000000080004f92 (0x413a59b3) sra     s3, s4, s3
core   0: 1 0x0000000080004f92 (0x413a59b3) x19 0xffffffffffffffff
core   0: 0x0000000080004f96 (0x238f82d3) fsgnj.d ft5, ft11, fs8
core   0: 1 0x0000000080004f96 (0x238f82d3) f5  0x7fffffff7fc00000
core   0: 0x0000000080004f9a (0x000b2a33) slt     s4, s6, zero
core   0: 1 0x0000000080004f9a (0x000b2a33) x20 0x0000000000000000
core   0: 0x0000000080004f9e (0x4220714f) fnmadd.d ft2, ft0, ft2, fs0
core   0: 1 0x0000000080004f9e (0x4220714f) f2  0x7ff8000000000000
core   0: 0x0000000080004fa2 (0x01631033) sll     zero, t1, s6
core   0: 1 0x0000000080004fa2 (0x01631033)
core   0: 0x0000000080004fa6 (0x016609bb) addw    s3, a2, s6
core   0: 1 0x0000000080004fa6 (0x016609bb) x19 0x000000007fffc9ed
core   0: 0x0000000080004faa (0x4aa60693) addi    a3, a2, 1194
core   0: 1 0x0000000080004faa (0x4aa60693) x13 0x0000000000000eaa
core   0: 0x0000000080004fae (0xf2068053) fmv.d.x ft0, a3
core   0: 1 0x0000000080004fae (0xf2068053) f0  0x0000000000000eaa
core   0: 0x0000000080004fb2 (0x220dabd3) fsgnjx.d fs7, fs11, ft0
core   0: 1 0x0000000080004fb2 (0x220dabd3) f23 0x7ff8000000000000
core   0: 0x0000000080004fb6 (0x02da7dbb) remuw   s11, s4, a3
core   0: 1 0x0000000080004fb6 (0x02da7dbb) x27 0x0000000000000000
core   0: 0x0000000080004fba (0xcea68713) addi    a4, a3, -790
core   0: 1 0x0000000080004fba (0xcea68713) x14 0x0000000000000b94
core   0: 0x0000000080004fbe (0x0094acb3) slt     s9, s1, s1
core   0: 1 0x0000000080004fbe (0x0094acb3) x25 0x0000000000000000
core   0: 0x0000000080004fc2 (0x01e89a13) slli    s4, a7, 30
core   0: 1 0x0000000080004fc2 (0x01e89a13) x20 0x0000000040000000
core   0: 0x0000000080004fc6 (0x003ed2bb) srlw    t0, t4, gp
core   0: 1 0x0000000080004fc6 (0x003ed2bb) x5  0xffffffff8000552c
core   0: 0x0000000080004fca (0x035b7453) fadd.d  fs0, fs6, fs5
core   0: 1 0x0000000080004fca (0x035b7453) f8  0x7ff8000000000000
core   0: 0x0000000080004fce (0x001400bb) addw    ra, s0, ra
core   0: 1 0x0000000080004fce (0x001400bb) x1  0xffffffff80003814
core   0: 0x0000000080004fd2 (0x419b5cb3) sra     s9, s6, s9
core   0: 1 0x0000000080004fd2 (0x419b5cb3) x25 0x000000007fffbfed
core   0: 0x0000000080004fd6 (0x025c85bb) mulw    a1, s9, t0
core   0: 1 0x0000000080004fd6 (0x025c85bb) x11 0x000000006aaeadbc
core   0: 0x0000000080004fda (0x8008081b) addiw   a6, a6, -2048
core   0: 1 0x0000000080004fda (0x8008081b) x16 0xfffffffffffff811
core   0: 0x0000000080004fde (0x0065ebb3) or      s7, a1, t1
core   0: 1 0x0000000080004fde (0x0065ebb3) x23 0x000000006abeadbc
core   0: 0x0000000080004fe2 (0x01699a3b) sllw    s4, s3, s6
core   0: 1 0x0000000080004fe2 (0x01699a3b) x20 0xfffffffff93da000
core   0: 0x0000000080004fe6 (0x41aa53bb) sraw    t2, s4, s10
core   0: 1 0x0000000080004fe6 (0x41aa53bb) x7  0xfffffffff93da000
core   0: 0x0000000080004fea (0x0343873b) mulw    a4, t2, s4
core   0: 1 0x0000000080004fea (0x0343873b) x14 0xffffffffa4000000
core   0: 0x0000000080004fee (0xbbca7293) andi    t0, s4, -1092
core   0: 1 0x0000000080004fee (0xbbca7293) x5  0xfffffffff93da000
core   0: 0x0000000080004ff2 (0x73517747) fmsub.d fa4, ft2, fs5, fa4
core   0: 1 0x0000000080004ff2 (0x73517747) f14 0x7ff8000000000000
core   0: 0x0000000080004ff6 (0x6f277093) andi    ra, a4, 1778
core   0: 1 0x0000000080004ff6 (0x6f277093) x1  0x0000000000000000
core   0: 0x0000000080004ffa (0x0102e133) or      sp, t0, a6
core   0: 1 0x0000000080004ffa (0x0102e133) x2  0xfffffffffffff811
core   0: 0x0000000080004ffe (0x5a0e7553) fsqrt.d fa0, ft8
core   0: 1 0x0000000080004ffe (0x5a0e7553) f10 0x7ff8000000000000
core   0: 0x0000000080005002 (0x031e9813) slli    a6, t4, 49
core   0: 1 0x0000000080005002 (0x031e9813) x16 0xaa58000000000000
core   0: 0x0000000080005006 (0x0101d0bb) srlw    ra, gp, a6
core   0: 1 0x0000000080005006 (0x0101d0bb) x1  0x0000000000000000
core   0: 0x000000008000500a (0x00281c73) csrrw   s8, frm, a6
core   0: 1 0x000000008000500a (0x00281c73) x24 0x0000000000000000 c2_frm 0x0000000000000000
core   0: 0x000000008000500e (0x403488bb) subw    a7, s1, gp
core   0: 1 0x000000008000500e (0x403488bb) x17 0x0000000000000cb0
core   0: 0x0000000080005012 (0xc030f253) fcvt.lu.s tp, ft1
core   0: 1 0x0000000080005012 (0xc030f253) c1_fflags 0x0000000000000011 x4  0xffffffffffffffff
core   0: 0x0000000080005016 (0xd21c0353) fcvt.d.wu ft6, s8
core   0: 1 0x0000000080005016 (0xd21c0353) f6  0x0000000000000000
core   0: 0x000000008000501a (0x01c8979b) slliw   a5, a7, 28
core   0: 1 0x000000008000501a (0x01c8979b) x15 0x0000000000000000
core   0: 0x000000008000501e (0xf2008953) fmv.d.x fs2, ra
core   0: 1 0x000000008000501e (0xf2008953) f18 0x0000000000000000
core   0: 0x0000000080005022 (0x00000001) c.nop
core   0: 1 0x0000000080005022 (0x0001)
core   0: 0x0000000080005024 (0x104de593) ori     a1, s11, 260
core   0: 1 0x0000000080005024 (0x104de593) x11 0x0000000000000104
core   0: 0x0000000080005028 (0x03bb8433) mul     s0, s7, s11
core   0: 1 0x0000000080005028 (0x03bb8433) x8  0x0000000000000000
core   0: 0x000000008000502c (0xd025fe53) fcvt.s.l ft8, a1
core   0: 1 0x000000008000502c (0xd025fe53) f28 0xffffffff43820000
core   0: 0x0000000080005030 (0x01a171b3) and     gp, sp, s10
core   0: 1 0x0000000080005030 (0x01a171b3) x3  0x0000000062090000
core   0: 0x0000000080005034 (0x1b967d53) fdiv.d  fs10, fa2, fs9
core   0: 1 0x0000000080005034 (0x1b967d53) f26 0x7ff8000000000000
core   0: 0x0000000080005038 (0xedadaa17) auipc   s4, 0xedada
core   0: 1 0x0000000080005038 (0xedadaa17) x20 0x000000006dadf038
core   0: 0x000000008000503c (0x014aeab3) or      s5, s5, s4
core   0: 1 0x000000008000503c (0x014aeab3) x21 0xffffffffffffffff
core   0: 0x0000000080005040 (0x451ae913) ori     s2, s5, 1105
core   0: 1 0x0000000080005040 (0x451ae913) x18 0xffffffffffffffff
core   0: 0x0000000080005044 (0xc211f653) fcvt.wu.d a2, ft3
core   0: 1 0x0000000080005044 (0xc211f653) c1_fflags 0x0000000000000011 x12 0xffffffffffffffff
core   0: 0x0000000080005048 (0x22cd17d3) fsgnjn.d fa5, fs10, fa2
core   0: 1 0x0000000080005048 (0x22cd17d3) f15 0x7ff8000000000000
core   0: 0x000000008000504c (0x42405013) srai    zero, zero, 36
core   0: 1 0x000000008000504c (0x42405013)
core   0: 0x0000000080005050 (0x0ff0000f) fence   iorw,iorw
core   0: 1 0x0000000080005050 (0x0ff0000f)
core   0: 0x0000000080005054 (0x0105a033) slt     zero, a1, a6
core   0: 1 0x0000000080005054 (0x0105a033)
core   0: 0x0000000080005058 (0x42078b53) fcvt.d.s fs6, fa5
core   0: 1 0x0000000080005058 (0x42078b53) f22 0x7ff8000000000000
core   0: 0x000000008000505c (0x01f0149b) slliw   s1, zero, 31
core   0: 1 0x000000008000505c (0x01f0149b) x9  0x0000000000000000
core   0: 0x0000000080005060 (0x0004181b) slliw   a6, s0, 0
core   0: 1 0x0000000080005060 (0x0004181b) x16 0x0000000000000000
core   0: 0x0000000080005064 (0xd2b9f047) fmsub.d ft0, fs3, fa1, fs10
core   0: 1 0x0000000080005064 (0xd2b9f047) f0  0x7ff8000000000000
core   0: 0x0000000080005068 (0x033c3533) mulhu   a0, s8, s3
core   0: 1 0x0000000080005068 (0x033c3533) x10 0x0000000000000000
core   0: 0x000000008000506c (0xf20c0e53) fmv.d.x ft8, s8
core   0: 1 0x000000008000506c (0xf20c0e53) f28 0x0000000000000000
core   0: 0x0000000080005070 (0x0000959e) c.add   a1, t2
core   0: 1 0x0000000080005070 (0x959e) x11 0xfffffffff93da104
core   0: 0x0000000080005072 (0x00dc9c9b) slliw   s9, s9, 13
core   0: 1 0x0000000080005072 (0x00dc9c9b) x25 0xfffffffff7fda000
core   0: 0x0000000080005076 (0x0233f43b) remuw   s0, t2, gp
core   0: 1 0x0000000080005076 (0x0233f43b) x8  0x00000000352ba000
core   0: 0x000000008000507a (0x002a571b) srliw   a4, s4, 2
core   0: 1 0x000000008000507a (0x002a571b) x14 0x000000001b6b7c0e
core   0: 0x000000008000507e (0x017cd4b3) srl     s1, s9, s7
core   0: 1 0x000000008000507e (0x017cd4b3) x9  0x000000000000000f
core   0: 0x0000000080005082 (0x404555b3) sra     a1, a0, tp
core   0: 1 0x0000000080005082 (0x404555b3) x11 0x0000000000000000
core   0: 0x0000000080005086 (0x475f0097) auipc   ra, 0x475f0
core   0: 1 0x0000000080005086 (0x475f0097) x1  0x00000000c75f5086
core   0: 0x000000008000508a (0x002898f3) csrrw   a7, frm, a7
core   0: 1 0x000000008000508a (0x002898f3) x17 0x0000000000000000 c2_frm 0x0000000000000000
core   0: 0x000000008000508e (0x01148b33) add     s6, s1, a7
core   0: 1 0x000000008000508e (0x01148b33) x22 0x000000000000000f
core   0: 0x0000000080005092 (0x004d1e3b) sllw    t3, s10, tp
core   0: 1 0x0000000080005092 (0x004d1e3b) x28 0x0000000000000000
core   0: 0x0000000080005096 (0x03f25813) srli    a6, tp, 63
core   0: 1 0x0000000080005096 (0x03f25813) x16 0x0000000000000001
core   0: 0x000000008000509a (0xd2120753) fcvt.d.wu fa4, tp
core   0: 1 0x000000008000509a (0xd2120753) f14 0x41efffffffe00000
core   0: 0x000000008000509e (0x0289693b) remw    s2, s2, s0
core   0: 1 0x000000008000509e (0x0289693b) x18 0xffffffffffffffff
core   0: 0x00000000800050a2 (0xa38e18d3) flt.d   a7, ft8, fs8
core   0: 1 0x00000000800050a2 (0xa38e18d3) c1_fflags 0x0000000000000011 x17 0x0000000000000000
core   0: 0x00000000800050a6 (0x0359f653) fadd.d  fa2, fs3, fs5
core   0: 1 0x00000000800050a6 (0x0359f653) f12 0x7ff8000000000000
core   0: 0x00000000800050aa (0xd21e8853) fcvt.d.wu fa6, t4
core   0: 1 0x00000000800050aa (0xd21e8853) f16 0x41e0000aa5800000
core   0: 0x00000000800050ae (0xf20806d3) fmv.d.x fa3, a6
core   0: 1 0x00000000800050ae (0xf20806d3) f13 0x0000000000000001
core   0: 0x00000000800050b2 (0x01fed99b) srliw   s3, t4, 31
core   0: 1 0x00000000800050b2 (0x01fed99b) x19 0x0000000000000001
core   0: 0x00000000800050b6 (0x74783a73) csrrc   s4, mseccfg, a6
core   0: exception trap_illegal_instruction, epc 0x00000000800050b6
core   0:           tval 0x0000000074783a73
core   0: >>>>  $xrv64i2p1_m2p0_a2p1_f2p2_d2p2_zicsr2p0_zifencei2p0_zmmul1p0_zba1p0_zbb1p0_zbc1p0_zbs1p0
core   0: 0x0000000080004000 (0x0080006f) j       pc + 0x8
core   0: 3 0x0000000080004000 (0x0080006f)
core   0: >>>>  mmode_exception_handler
core   0: 0x0000000080004008 (0x00002c17) auipc   s8, 0x2
core   0: 3 0x0000000080004008 (0x00002c17) x24 0x0000000080006008
core   0: 0x000000008000400c (0x06ec0c13) addi    s8, s8, 110
core   0: 3 0x000000008000400c (0x06ec0c13) x24 0x0000000080006076
core   0: 0x0000000080004010 (0x000c00e7) jalr    s8
core   0: 3 0x0000000080004010 (0x000c00e7) x1  0x0000000080004014
core   0: >>>>  any_handler
core   0: 0x0000000080006076 (0x341027f3) csrrs   a5, mepc, zero
core   0: 3 0x0000000080006076 (0x341027f3) x15 0x00000000800050b6
core   0: 0x000000008000607a (0x34202773) csrrs   a4, mcause, zero
core   0: 3 0x000000008000607a (0x34202773) x14 0x0000000000000002
core   0: 0x000000008000607e (0x142026f3) csrrs   a3, scause, zero
core   0: 3 0x000000008000607e (0x142026f3) x13 0x0000000000000005
core   0: 0x0000000080006082 (0x30402673) csrrs   a2, mie, zero
core   0: 3 0x0000000080006082 (0x30402673) x12 0x0000000000000a00
core   0: 0x0000000080006086 (0x344025f3) csrrs   a1, mip, zero
core   0: 3 0x0000000080006086 (0x344025f3) x11 0x0000000000000080
core   0: 0x000000008000608a (0x343025f3) csrrs   a1, mtval, zero
core   0: 3 0x000000008000608a (0x343025f3) x11 0x0000000074783a73
core   0: 0x000000008000608e (0x14302573) csrrs   a0, stval, zero
core   0: 3 0x000000008000608e (0x14302573) x10 0x0000000000000002
core   0: 0x0000000080006092 (0xb02024f3) csrrs   s1, minstret, zero
core   0: 3 0x0000000080006092 (0xb02024f3) x9  0x0000000000000d11
core   0: 0x0000000080006096 (0x0000a811) c.j     pc + 20
core   0: 3 0x0000000080006096 (0xa811)
core   0: >>>>  mepc_4
core   0: 0x00000000800060aa (0x00000791) c.addi  a5, 4
core   0: 3 0x00000000800060aa (0x0791) x15 0x00000000800050ba
core   0: 0x00000000800060ac (0x34179073) csrrw   zero, mepc, a5
core   0: 3 0x00000000800060ac (0x34179073) c833_mepc 0x00000000800050ba
core   0: 0x00000000800060b0 (0x30200073) mret
core   0: 3 0x00000000800060b0 (0x30200073) c768_mstatus 0x8000000a00106082
core   0: 0x00000000800050ba (0x4068d63b) sraw    a2, a7, t1
core   0: 1 0x00000000800050ba (0x4068d63b) x12 0x0000000000000000
core   0: 0x00000000800050be (0x00a51ab3) sll     s5, a0, a0
core   0: 1 0x00000000800050be (0x00a51ab3) x21 0x0000000000000008
core   0: 0x00000000800050c2 (0xc2027c53) fcvt.w.d s8, ft4
core   0: 1 0x00000000800050c2 (0xc2027c53) c1_fflags 0x0000000000000011 x24 0x000000007fffffff
core   0: 0x00000000800050c6 (0x9e484293) xori    t0, a6, -1564
core   0: 1 0x00000000800050c6 (0x9e484293) x5  0xfffffffffffff9e5
core   0: 0x00000000800050ca (0xc010e173) csrrsi  sp, time, 1
core   0: exception trap_illegal_instruction, epc 0x00000000800050ca
core   0:           tval 0x00000000c010e173
core   0: >>>>  $xrv64i2p1_m2p0_a2p1_f2p2_d2p2_zicsr2p0_zifencei2p0_zmmul1p0_zba1p0_zbb1p0_zbc1p0_zbs1p0
core   0: 0x0000000080004000 (0x0080006f) j       pc + 0x8
core   0: 3 0x0000000080004000 (0x0080006f)
core   0: >>>>  mmode_exception_handler
core   0: 0x0000000080004008 (0x00002c17) auipc   s8, 0x2
core   0: 3 0x0000000080004008 (0x00002c17) x24 0x0000000080006008
core   0: 0x000000008000400c (0x06ec0c13) addi    s8, s8, 110
core   0: 3 0x000000008000400c (0x06ec0c13) x24 0x0000000080006076
core   0: 0x0000000080004010 (0x000c00e7) jalr    s8
core   0: 3 0x0000000080004010 (0x000c00e7) x1  0x0000000080004014
core   0: >>>>  any_handler
core   0: 0x0000000080006076 (0x341027f3) csrrs   a5, mepc, zero
core   0: 3 0x0000000080006076 (0x341027f3) x15 0x00000000800050ca
core   0: 0x000000008000607a (0x34202773) csrrs   a4, mcause, zero
core   0: 3 0x000000008000607a (0x34202773) x14 0x0000000000000002
core   0: 0x000000008000607e (0x142026f3) csrrs   a3, scause, zero
core   0: 3 0x000000008000607e (0x142026f3) x13 0x0000000000000005
core   0: 0x0000000080006082 (0x30402673) csrrs   a2, mie, zero
core   0: 3 0x0000000080006082 (0x30402673) x12 0x0000000000000a00
core   0: 0x0000000080006086 (0x344025f3) csrrs   a1, mip, zero
core   0: 3 0x0000000080006086 (0x344025f3) x11 0x0000000000000080
core   0: 0x000000008000608a (0x343025f3) csrrs   a1, mtval, zero
core   0: 3 0x000000008000608a (0x343025f3) x11 0x00000000c010e173
core   0: 0x000000008000608e (0x14302573) csrrs   a0, stval, zero
core   0: 3 0x000000008000608e (0x14302573) x10 0x0000000000000002
core   0: 0x0000000080006092 (0xb02024f3) csrrs   s1, minstret, zero
core   0: 3 0x0000000080006092 (0xb02024f3) x9  0x0000000000000d25
core   0: 0x0000000080006096 (0x0000a811) c.j     pc + 20
core   0: 3 0x0000000080006096 (0xa811)
core   0: >>>>  mepc_4
core   0: 0x00000000800060aa (0x00000791) c.addi  a5, 4
core   0: 3 0x00000000800060aa (0x0791) x15 0x00000000800050ce
core   0: 0x00000000800060ac (0x34179073) csrrw   zero, mepc, a5
core   0: 3 0x00000000800060ac (0x34179073) c833_mepc 0x00000000800050ce
core   0: 0x00000000800060b0 (0x30200073) mret
core   0: 3 0x00000000800060b0 (0x30200073) c768_mstatus 0x8000000a00106082
core   0: 0x00000000800050ce (0x4058513b) sraw    sp, a6, t0
core   0: 1 0x00000000800050ce (0x4058513b) x2  0x0000000000000000
core   0: 0x00000000800050d2 (0x002a9a73) csrrw   s4, frm, s5
core   0: 1 0x00000000800050d2 (0x002a9a73) x20 0x0000000000000000 c2_frm 0x0000000000000000
core   0: 0x00000000800050d6 (0xc2017c53) fcvt.w.d s8, ft2
core   0: 1 0x00000000800050d6 (0xc2017c53) c1_fflags 0x0000000000000011 x24 0x000000007fffffff
core   0: 0x00000000800050da (0x008248b3) xor     a7, tp, s0
core   0: 1 0x00000000800050da (0x008248b3) x17 0xffffffffcad45fff
core   0: 0x00000000800050de (0x0ff0000f) fence   iorw,iorw
core   0: 1 0x00000000800050de (0x0ff0000f)
core   0: 0x00000000800050e2 (0xc0327ad3) fcvt.lu.s s5, ft4
core   0: 1 0x00000000800050e2 (0xc0327ad3) c1_fflags 0x0000000000000011 x21 0xffffffffffffffff
core   0: 0x00000000800050e6 (0xd027ffd3) fcvt.s.l ft11, a5
core   0: 1 0x00000000800050e6 (0xd027ffd3) c1_fflags 0x0000000000000011 f31 0xffffffff4f000051
core   0: 0x00000000800050ea (0xfff2099b) addiw   s3, tp, -1
core   0: 1 0x00000000800050ea (0xfff2099b) x19 0xfffffffffffffffe
core   0: 0x00000000800050ee (0x40a78eb3) sub     t4, a5, a0
core   0: 1 0x00000000800050ee (0x40a78eb3) x29 0x00000000800050cc
core   0: 0x00000000800050f2 (0x0001d1bb) srlw    gp, gp, zero
core   0: 1 0x00000000800050f2 (0x0001d1bb) x3  0x0000000062090000
core   0: 0x00000000800050f6 (0x420e0353) fcvt.d.s ft6, ft8
core   0: 1 0x00000000800050f6 (0x420e0353) f6  0x7ff8000000000000
core   0: 0x00000000800050fa (0x00c19e13) slli    t3, gp, 12
core   0: 1 0x00000000800050fa (0x00c19e13) x28 0x0000062090000000
core   0: 0x00000000800050fe (0x00000001) c.nop
core   0: 1 0x00000000800050fe (0x0001)
core   0: 0x0000000080005100 (0x022e763b) remuw   a2, t3, sp
core   0: 1 0x0000000080005100 (0x022e763b) x12 0xffffffff90000000
core   0: 0x0000000080005104 (0x7ffe7793) andi    a5, t3, 2047
core   0: 1 0x0000000080005104 (0x7ffe7793) x15 0x0000000000000000
core   0: 0x0000000080005108 (0x02f32933) mulhsu  s2, t1, a5
core   0: 1 0x0000000080005108 (0x02f32933) x18 0x0000000000000000
core   0: 0x000000008000510c (0x2e767e13) andi    t3, a2, 743
core   0: 1 0x000000008000510c (0x2e767e13) x28 0x0000000000000000
core   0: 0x0000000080005110 (0x001d1ef3) csrrw   t4, fflags, s10
core   0: 1 0x0000000080005110 (0x001d1ef3) x29 0x0000000000000011 c1_fflags 0x0000000000000000
core   0: 0x0000000080005114 (0x2bfe02d3) fmin.d  ft5, ft8, ft11
core   0: 1 0x0000000080005114 (0x2bfe02d3) f5  0x0000000000000000
core   0: 0x0000000080005118 (0x40c4033b) subw    t1, s0, a2
core   0: 1 0x0000000080005118 (0x40c4033b) x6  0xffffffffa52ba000
core   0: 0x000000008000511c (0x0a3e71c7) fmsub.d ft3, ft8, ft3, ft1
core   0: 1 0x000000008000511c (0x0a3e71c7) f3  0x7ff8000000000000
core   0: 0x0000000080005120 (0xd0397753) fcvt.s.lu fa4, s2
core   0: 1 0x0000000080005120 (0xd0397753) f14 0xffffffff00000000
core   0: 0x0000000080005124 (0x03f91813) slli    a6, s2, 63
core   0: 1 0x0000000080005124 (0x03f91813) x16 0x0000000000000000
core   0: 0x0000000080005128 (0x7ff1cd93) xori    s11, gp, 2047
core   0: 1 0x0000000080005128 (0x7ff1cd93) x27 0x00000000620907ff
core   0: 0x000000008000512c (0x22e48cd3) fsgnj.d fs9, fs1, fa4
core   0: 1 0x000000008000512c (0x22e48cd3) f25 0xfff8000000000000
core   0: 0x0000000080005130 (0x2aec92d3) fmax.d  ft5, fs9, fa4
core   0: 1 0x0000000080005130 (0x2aec92d3) f5  0x7ff8000000000000
core   0: 0x0000000080005134 (0x00000001) c.nop
core   0: 1 0x0000000080005134 (0x0001)
core   0: 0x0000000080005136 (0xae734497) auipc   s1, 0xae734
core   0: 1 0x0000000080005136 (0xae734497) x9  0x000000002e739136
core   0: 0x000000008000513a (0xc03773d3) fcvt.lu.s t2, fa4
core   0: 1 0x000000008000513a (0xc03773d3) x7  0x0000000000000000
core   0: 0x000000008000513e (0x1a6c7353) fdiv.d  ft6, fs8, ft6
core   0: 1 0x000000008000513e (0x1a6c7353) f6  0x7ff8000000000000
core   0: 0x0000000080005142 (0x100ae8f3) csrrsi  a7, sstatus, 21
core   0: 1 0x0000000080005142 (0x100ae8f3) x17 0x8000000200006002 c768_mstatus 0x8000000a00106082
core   0: 0x0000000080005146 (0x01ae5d33) srl     s10, t3, s10
core   0: 1 0x0000000080005146 (0x01ae5d33) x26 0x0000000000000000
core   0: 0x000000008000514a (0x134b74d3) fmul.d  fs1, fs6, fs4
core   0: 1 0x000000008000514a (0x134b74d3) f9  0x7ff8000000000000
core   0: 0x000000008000514e (0xc02879d3) fcvt.l.s s3, fa6
core   0: 1 0x000000008000514e (0xc02879d3) c1_fflags 0x0000000000000010 x19 0x7fffffffffffffff
core   0: 0x0000000080005152 (0x010e14bb) sllw    s1, t3, a6
core   0: 1 0x0000000080005152 (0x010e14bb) x9  0x0000000000000000
core   0: 0x0000000080005156 (0xa3d08dd3) fle.d   s11, ft1, ft9
core   0: 1 0x0000000080005156 (0xa3d08dd3) c1_fflags 0x0000000000000010 x27 0x0000000000000000
core   0: 0x000000008000515a (0x37350137) lui     sp, 0x37350
core   0: 1 0x000000008000515a (0x37350137) x2  0x0000000037350000
core   0: 0x000000008000515e (0x029b1a33) mulh    s4, s6, s1
core   0: 1 0x000000008000515e (0x029b1a33) x20 0x0000000000000000
core   0: 0x0000000080005162 (0x226c8fd3) fsgnj.d ft11, fs9, ft6
core   0: 1 0x0000000080005162 (0x226c8fd3) f31 0x7ff8000000000000
core   0: 0x0000000080005166 (0xa2608cd3) fle.d   s9, ft1, ft6
core   0: 1 0x0000000080005166 (0xa2608cd3) c1_fflags 0x0000000000000010 x25 0x0000000000000000
core   0: 0x000000008000516a (0xd23df353) fcvt.d.lu ft6, s11
core   0: 1 0x000000008000516a (0xd23df353) f6  0x0000000000000000
core   0: 0x000000008000516e (0x00091b13) slli    s6, s2, 0
core   0: 1 0x000000008000516e (0x00091b13) x22 0x0000000000000000
core   0: 0x0000000080005172 (0xd03974d3) fcvt.s.lu fs1, s2
core   0: 1 0x0000000080005172 (0xd03974d3) f9  0xffffffff00000000
core   0: 0x0000000080005176 (0x401bdb9b) sraiw   s7, s7, 1
core   0: 1 0x0000000080005176 (0x401bdb9b) x23 0x00000000355f56de
core   0: 0x000000008000517a (0x036b50bb) divuw   ra, s6, s6
core   0: 1 0x000000008000517a (0x036b50bb) x1  0xffffffffffffffff
core   0: 0x000000008000517e (0x420d8c53) fcvt.d.s fs8, fs11
core   0: 1 0x000000008000517e (0x420d8c53) f24 0x7ff8000000000000
core   0: 0x0000000080005182 (0x0007c293) xori    t0, a5, 0
core   0: 1 0x0000000080005182 (0x0007c293) x5  0x0000000000000000
core   0: 0x0000000080005186 (0x23b316d3) fsgnjn.d fa3, ft6, fs11
core   0: 1 0x0000000080005186 (0x23b316d3) f13 0x8000000000000000
core   0: 0x000000008000518a (0xf133a873) csrrs   a6, mimpid, t2
core   0: exception trap_illegal_instruction, epc 0x000000008000518a
core   0:           tval 0x00000000f133a873
core   0: >>>>  $xrv64i2p1_m2p0_a2p1_f2p2_d2p2_zicsr2p0_zifencei2p0_zmmul1p0_zba1p0_zbb1p0_zbc1p0_zbs1p0
core   0: 0x0000000080004000 (0x0080006f) j       pc + 0x8
core   0: 3 0x0000000080004000 (0x0080006f)
core   0: >>>>  mmode_exception_handler
core   0: 0x0000000080004008 (0x00002c17) auipc   s8, 0x2
core   0: 3 0x0000000080004008 (0x00002c17) x24 0x0000000080006008
core   0: 0x000000008000400c (0x06ec0c13) addi    s8, s8, 110
core   0: 3 0x000000008000400c (0x06ec0c13) x24 0x0000000080006076
core   0: 0x0000000080004010 (0x000c00e7) jalr    s8
core   0: 3 0x0000000080004010 (0x000c00e7) x1  0x0000000080004014
core   0: >>>>  any_handler
core   0: 0x0000000080006076 (0x341027f3) csrrs   a5, mepc, zero
core   0: 3 0x0000000080006076 (0x341027f3) x15 0x000000008000518a
core   0: 0x000000008000607a (0x34202773) csrrs   a4, mcause, zero
core   0: 3 0x000000008000607a (0x34202773) x14 0x0000000000000002
core   0: 0x000000008000607e (0x142026f3) csrrs   a3, scause, zero
core   0: 3 0x000000008000607e (0x142026f3) x13 0x0000000000000005
core   0: 0x0000000080006082 (0x30402673) csrrs   a2, mie, zero
core   0: 3 0x0000000080006082 (0x30402673) x12 0x0000000000000a00
core   0: 0x0000000080006086 (0x344025f3) csrrs   a1, mip, zero
core   0: 3 0x0000000080006086 (0x344025f3) x11 0x0000000000000080
core   0: 0x000000008000608a (0x343025f3) csrrs   a1, mtval, zero
core   0: 3 0x000000008000608a (0x343025f3) x11 0x00000000f133a873
core   0: 0x000000008000608e (0x14302573) csrrs   a0, stval, zero
core   0: 3 0x000000008000608e (0x14302573) x10 0x0000000000000002
core   0: 0x0000000080006092 (0xb02024f3) csrrs   s1, minstret, zero
core   0: 3 0x0000000080006092 (0xb02024f3) x9  0x0000000000000d65
core   0: 0x0000000080006096 (0x0000a811) c.j     pc + 20
core   0: 3 0x0000000080006096 (0xa811)
core   0: >>>>  mepc_4
core   0: 0x00000000800060aa (0x00000791) c.addi  a5, 4
core   0: 3 0x00000000800060aa (0x0791) x15 0x000000008000518e
core   0: 0x00000000800060ac (0x34179073) csrrw   zero, mepc, a5
core   0: 3 0x00000000800060ac (0x34179073) c833_mepc 0x000000008000518e
core   0: 0x00000000800060b0 (0x30200073) mret
core   0: 3 0x00000000800060b0 (0x30200073) c768_mstatus 0x8000000a00106082
core   0: 0x000000008000518e (0x32217747) fmsub.d fa4, ft2, ft2, ft6
core   0: 1 0x000000008000518e (0x32217747) f14 0x7ff8000000000000
core   0: 0x0000000080005192 (0x00614233) xor     tp, sp, t1
core   0: 1 0x0000000080005192 (0x00614233) x4  0xffffffff921ea000
core   0: 0x0000000080005196 (0x2aae8ed3) fmin.d  ft9, ft9, fa0
core   0: 1 0x0000000080005196 (0x2aae8ed3) f29 0x7ff8000000000000
core   0: 0x000000008000519a (0xd0347953) fcvt.s.lu fs2, s0
core   0: 1 0x000000008000519a (0xd0347953) f18 0xffffffff4e54ae80
core   0: 0x000000008000519e (0xd02d71d3) fcvt.s.l ft3, s10
core   0: 1 0x000000008000519e (0xd02d71d3) f3  0xffffffff00000000
core   0: 0x00000000800051a2 (0x232cab53) fsgnjx.d fs6, fs9, fs2
core   0: 1 0x00000000800051a2 (0x232cab53) f22 0x7ff8000000000000
core   0: 0x00000000800051a6 (0x01920eb3) add     t4, tp, s9
core   0: 1 0x00000000800051a6 (0x01920eb3) x29 0xffffffff921ea000
core   0: 0x00000000800051aa (0x01bedc1b) srliw   s8, t4, 27
core   0: 1 0x00000000800051aa (0x01bedc1b) x24 0x0000000000000012
core   0: 0x00000000800051ae (0xf20283d3) fmv.d.x ft7, t0
core   0: 1 0x00000000800051ae (0xf20283d3) f7  0x0000000000000000
core   0: 0x00000000800051b2 (0x1df68293) addi    t0, a3, 479
core   0: 1 0x00000000800051b2 (0x1df68293) x5  0x00000000000001e4
core   0: 0x00000000800051b6 (0x0019151b) slliw   a0, s2, 1
core   0: 1 0x00000000800051b6 (0x0019151b) x10 0x0000000000000000
core   0: 0x00000000800051ba (0x00000001) c.nop
core   0: 1 0x00000000800051ba (0x0001)
core   0: 0x00000000800051bc (0xed064e93) xori    t4, a2, -304
core   0: 1 0x00000000800051bc (0xed064e93) x29 0xfffffffffffff4d0
core   0: 0x00000000800051c0 (0x1be9f853) fdiv.d  fa6, fs3, ft10
core   0: 1 0x00000000800051c0 (0x1be9f853) f16 0x7ff8000000000000
core   0: 0x00000000800051c4 (0xe6996d13) ori     s10, s2, -407
core   0: 1 0x00000000800051c4 (0xe6996d13) x26 0xfffffffffffffe69
core   0: 0x00000000800051c8 (0x4019f253) fcvt.s.d ft4, fs3
core   0: 1 0x00000000800051c8 (0x4019f253) f4  0xffffffff7fc00000
core   0: 0x00000000800051cc (0x2743c097) auipc   ra, 0x2743c
core   0: 1 0x00000000800051cc (0x2743c097) x1  0x00000000a74411cc
core   0: 0x00000000800051d0 (0x002025f3) csrrs   a1, frm, zero
core   0: 1 0x00000000800051d0 (0x002025f3) x11 0x0000000000000000
core   0: 0x00000000800051d4 (0xd0207553) fcvt.s.l fa0, zero
core   0: 1 0x00000000800051d4 (0xd0207553) f10 0xffffffff00000000
core   0: 0x00000000800051d8 (0xc0d04613) xori    a2, zero, -1011
core   0: 1 0x00000000800051d8 (0xc0d04613) x12 0xfffffffffffffc0d
core   0: 0x00000000800051dc (0x00bbabb3) slt     s7, s7, a1
core   0: 1 0x00000000800051dc (0x00bbabb3) x23 0x0000000000000000
core   0: 0x00000000800051e0 (0x00000001) c.nop
core   0: 1 0x00000000800051e0 (0x0001)
core   0: 0x00000000800051e2 (0x03de8ebb) mulw    t4, t4, t4
core   0: 1 0x00000000800051e2 (0x03de8ebb) x29 0x00000000007d2900
core   0: 0x00000000800051e6 (0x41798133) sub     sp, s3, s7
core   0: 1 0x00000000800051e6 (0x41798133) x2  0x7fffffffffffffff
core   0: 0x00000000800051ea (0x41310eb3) sub     t4, sp, s3
core   0: 1 0x00000000800051ea (0x41310eb3) x29 0x0000000000000000
core   0: 0x00000000800051ee (0x12aaf653) fmul.d  fa2, fs5, fa0
core   0: 1 0x00000000800051ee (0x12aaf653) f12 0x7ff8000000000000
core   0: 0x00000000800051f2 (0x1212f253) fmul.d  ft4, ft5, ft1
core   0: 1 0x00000000800051f2 (0x1212f253) f4  0x7ff8000000000000
core   0: 0x00000000800051f6 (0x0339713b) remuw   sp, s2, s3
core   0: 1 0x00000000800051f6 (0x0339713b) x2  0x0000000000000000
core   0: 0x00000000800051fa (0xc8025df3) csrrwi  s11, cycleh, 4
core   0: exception trap_illegal_instruction, epc 0x00000000800051fa
core   0:           tval 0x00000000c8025df3
core   0: >>>>  $xrv64i2p1_m2p0_a2p1_f2p2_d2p2_zicsr2p0_zifencei2p0_zmmul1p0_zba1p0_zbb1p0_zbc1p0_zbs1p0
core   0: 0x0000000080004000 (0x0080006f) j       pc + 0x8
core   0: 3 0x0000000080004000 (0x0080006f)
core   0: >>>>  mmode_exception_handler
core   0: 0x0000000080004008 (0x00002c17) auipc   s8, 0x2
core   0: 3 0x0000000080004008 (0x00002c17) x24 0x0000000080006008
core   0: 0x000000008000400c (0x06ec0c13) addi    s8, s8, 110
core   0: 3 0x000000008000400c (0x06ec0c13) x24 0x0000000080006076
core   0: 0x0000000080004010 (0x000c00e7) jalr    s8
core   0: 3 0x0000000080004010 (0x000c00e7) x1  0x0000000080004014
core   0: >>>>  any_handler
core   0: 0x0000000080006076 (0x341027f3) csrrs   a5, mepc, zero
core   0: 3 0x0000000080006076 (0x341027f3) x15 0x00000000800051fa
core   0: 0x000000008000607a (0x34202773) csrrs   a4, mcause, zero
core   0: 3 0x000000008000607a (0x34202773) x14 0x0000000000000002
core   0: 0x000000008000607e (0x142026f3) csrrs   a3, scause, zero
core   0: 3 0x000000008000607e (0x142026f3) x13 0x0000000000000005
core   0: 0x0000000080006082 (0x30402673) csrrs   a2, mie, zero
core   0: 3 0x0000000080006082 (0x30402673) x12 0x0000000000000a00
core   0: 0x0000000080006086 (0x344025f3) csrrs   a1, mip, zero
core   0: 3 0x0000000080006086 (0x344025f3) x11 0x0000000000000080
core   0: 0x000000008000608a (0x343025f3) csrrs   a1, mtval, zero
core   0: 3 0x000000008000608a (0x343025f3) x11 0x00000000c8025df3
core   0: 0x000000008000608e (0x14302573) csrrs   a0, stval, zero
core   0: 3 0x000000008000608e (0x14302573) x10 0x0000000000000002
core   0: 0x0000000080006092 (0xb02024f3) csrrs   s1, minstret, zero
core   0: 3 0x0000000080006092 (0xb02024f3) x9  0x0000000000000d91
core   0: 0x0000000080006096 (0x0000a811) c.j     pc + 20
core   0: 3 0x0000000080006096 (0xa811)
core   0: >>>>  mepc_4
core   0: 0x00000000800060aa (0x00000791) c.addi  a5, 4
core   0: 3 0x00000000800060aa (0x0791) x15 0x00000000800051fe
core   0: 0x00000000800060ac (0x34179073) csrrw   zero, mepc, a5
core   0: 3 0x00000000800060ac (0x34179073) c833_mepc 0x00000000800051fe
core   0: 0x00000000800060b0 (0x30200073) mret
core   0: 3 0x00000000800060b0 (0x30200073) c768_mstatus 0x8000000a00106082
core   0: 0x00000000800051fe (0x025215b3) mulh    a1, tp, t0
core   0: 1 0x00000000800051fe (0x025215b3) x11 0xffffffffffffffff
core   0: 0x0000000080005202 (0x0212c3b3) div     t2, t0, ra
core   0: 1 0x0000000080005202 (0x0212c3b3) x7  0x0000000000000000
core   0: 0x0000000080005206 (0x00202373) csrrs   t1, frm, zero
core   0: 1 0x0000000080005206 (0x00202373) x6  0x0000000000000000
core   0: 0x000000008000520a (0x03d457bb) divuw   a5, s0, t4
core   0: 1 0x000000008000520a (0x03d457bb) x15 0xffffffffffffffff
core   0: 0x000000008000520e (0x027753bb) divuw   t2, a4, t2
core   0: 1 0x000000008000520e (0x027753bb) x7  0xffffffffffffffff
core   0: 0x0000000080005212 (0x00661bbb) sllw    s7, a2, t1
core   0: 1 0x0000000080005212 (0x00661bbb) x23 0x0000000000000a00
core   0: 0x0000000080005216 (0x02fd3833) mulhu   a6, s10, a5
core   0: 1 0x0000000080005216 (0x02fd3833) x16 0xfffffffffffffe68
core   0: 0x000000008000521a (0x234227d3) fsgnjx.d fa5, ft4, fs4
core   0: 1 0x000000008000521a (0x234227d3) f15 0xfff8000000000000
core   0: 0x000000008000521e (0xd03179d3) fcvt.s.lu fs3, sp
core   0: 1 0x000000008000521e (0xd03179d3) f19 0xffffffff00000000
core   0: 0x0000000080005222 (0xd03b7153) fcvt.s.lu ft2, s6
core   0: 1 0x0000000080005222 (0xd03b7153) f2  0xffffffff00000000
core   0: 0x0000000080005226 (0xe74a7a13) andi    s4, s4, -396
core   0: 1 0x0000000080005226 (0xe74a7a13) x20 0x0000000000000000
core   0: 0x000000008000522a (0x002d1773) csrrw   a4, frm, s10
core   0: 1 0x000000008000522a (0x002d1773) x14 0x0000000000000000 c2_frm 0x0000000000000001
core   0: 0x000000008000522e (0x00102df3) csrrs   s11, fflags, zero
core   0: 1 0x000000008000522e (0x00102df3) x27 0x0000000000000010
core   0: 0x0000000080005232 (0x41be0d33) sub     s10, t3, s11
core   0: 1 0x0000000080005232 (0x41be0d33) x26 0xfffffffffffffff0
core   0: 0x0000000080005236 (0x23dea2d3) fsgnjx.d ft5, ft9, ft9
core   0: 1 0x0000000080005236 (0x23dea2d3) f5  0x7ff8000000000000
core   0: 0x000000008000523a (0x034d513b) divuw   sp, s10, s4
core   0: 1 0x000000008000523a (0x034d513b) x2  0xffffffffffffffff
core   0: 0x000000008000523e (0x016682bb) addw    t0, a3, s6
core   0: 1 0x000000008000523e (0x016682bb) x5  0x0000000000000005
core   0: 0x0000000080005242 (0x00aada1b) srliw   s4, s5, 10
core   0: 1 0x0000000080005242 (0x00aada1b) x20 0x00000000003fffff
core   0: 0x0000000080005246 (0x000c159b) slliw   a1, s8, 0
core   0: 1 0x0000000080005246 (0x000c159b) x11 0xffffffff80006076
core   0: 0x000000008000524a (0xc0257bd3) fcvt.l.s s7, fa0
core   0: 1 0x000000008000524a (0xc0257bd3) x23 0x0000000000000000
core   0: 0x000000008000524e (0xc02ef753) fcvt.l.s a4, ft9
core   0: 1 0x000000008000524e (0xc02ef753) c1_fflags 0x0000000000000010 x14 0x7fffffffffffffff
core   0: 0x0000000080005252 (0xf2058ad3) fmv.d.x fs5, a1
core   0: 1 0x0000000080005252 (0xf2058ad3) f21 0xffffffff80006076
core   0: 0x0000000080005256 (0xc23af453) fcvt.lu.d s0, fs5
core   0: 1 0x0000000080005256 (0xc23af453) c1_fflags 0x0000000000000010 x8  0xffffffffffffffff
core   0: 0x000000008000525a (0x00102ef3) csrrs   t4, fflags, zero
core   0: 1 0x000000008000525a (0x00102ef3) x29 0x0000000000000010
core   0: 0x000000008000525e (0x5a037a53) fsqrt.d fs4, ft6
core   0: 1 0x000000008000525e (0x5a037a53) f20 0x0000000000000000
core   0: 0x0000000080005262 (0x6ad8fe4b) fnmsub.d ft8, fa7, fa3, fa3
core   0: 1 0x0000000080005262 (0x6ad8fe4b) f28 0x7ff8000000000000
core   0: 0x0000000080005266 (0x0a5fffcb) fnmsub.d ft11, ft11, ft5, ft1
core   0: 1 0x0000000080005266 (0x0a5fffcb) f31 0x7ff8000000000000
core   0: 0x000000008000526a (0x52e2f743) fmadd.d fa4, ft5, fa4, fa0
core   0: 1 0x000000008000526a (0x52e2f743) f14 0x7ff8000000000000
core   0: 0x000000008000526e (0x026ad833) divu    a6, s5, t1
core   0: 1 0x000000008000526e (0x026ad833) x16 0xffffffffffffffff
core   0: 0x0000000080005272 (0x00ca9c13) slli    s8, s5, 12
core   0: 1 0x0000000080005272 (0x00ca9c13) x24 0xfffffffffffff000
core   0: 0x0000000080005276 (0x001c5d1b) srliw   s10, s8, 1
core   0: 1 0x0000000080005276 (0x001c5d1b) x26 0x000000007ffff800
core   0: 0x000000008000527a (0x02197933) remu    s2, s2, ra
core   0: 1 0x000000008000527a (0x02197933) x18 0x0000000000000000
core   0: 0x000000008000527e (0x40195d1b) sraiw   s10, s2, 1
core   0: 1 0x000000008000527e (0x40195d1b) x26 0x0000000000000000
core   0: 0x0000000080005282 (0x032376bb) remuw   a3, t1, s2
core   0: 1 0x0000000080005282 (0x032376bb) x13 0x0000000000000000
core   0: 0x0000000080005286 (0x03ad42bb) divw    t0, s10, s10
core   0: 1 0x0000000080005286 (0x03ad42bb) x5  0xffffffffffffffff
core   0: 0x000000008000528a (0x01087d33) and     s10, a6, a6
core   0: 1 0x000000008000528a (0x01087d33) x26 0xffffffffffffffff
core   0: 0x000000008000528e (0xc0277753) fcvt.l.s a4, fa4
core   0: 1 0x000000008000528e (0xc0277753) c1_fflags 0x0000000000000010 x14 0x7fffffffffffffff
core   0: 0x0000000080005292 (0x56a74d93) xori    s11, a4, 1386
core   0: 1 0x0000000080005292 (0x56a74d93) x27 0x7ffffffffffffa95
core   0: 0x0000000080005296 (0x2aeb1853) fmax.d  fa6, fs6, fa4
core   0: 1 0x0000000080005296 (0x2aeb1853) f16 0x7ff8000000000000
core   0: 0x000000008000529a (0xc0207153) fcvt.l.s sp, ft0
core   0: 1 0x000000008000529a (0xc0207153) c1_fflags 0x0000000000000010 x2  0x7fffffffffffffff
core   0: 0x000000008000529e (0x01c5aeb3) slt     t4, a1, t3
core   0: 1 0x000000008000529e (0x01c5aeb3) x29 0x0000000000000001
core   0: 0x00000000800052a2 (0xf20884d3) fmv.d.x fs1, a7
core   0: 1 0x00000000800052a2 (0xf20884d3) f9  0x8000000200006002
core   0: 0x00000000800052a6 (0x40bd8dbb) subw    s11, s11, a1
core   0: 1 0x00000000800052a6 (0x40bd8dbb) x27 0x000000007fff9a1f
core   0: 0x00000000800052aa (0xc219fa53) fcvt.wu.d s4, fs3
core   0: 1 0x00000000800052aa (0xc219fa53) c1_fflags 0x0000000000000010 x20 0xffffffffffffffff
core   0: 0x00000000800052ae (0x011969b3) or      s3, s2, a7
core   0: 1 0x00000000800052ae (0x011969b3) x19 0x8000000200006002
core   0: 0x00000000800052b2 (0x23ab0dd3) fsgnj.d fs11, fs6, fs10
core   0: 1 0x00000000800052b2 (0x23ab0dd3) f27 0x7ff8000000000000
core   0: 0x00000000800052b6 (0x41a9531b) sraiw   t1, s2, 26
core   0: 1 0x00000000800052b6 (0x41a9531b) x6  0x0000000000000000
core   0: 0x00000000800052ba (0x02992033) mulhsu  zero, s2, s1
core   0: 1 0x00000000800052ba (0x02992033)
core   0: 0x00000000800052be (0x00b5ca33) xor     s4, a1, a1
core   0: 1 0x00000000800052be (0x00b5ca33) x20 0x0000000000000000
core   0: 0x00000000800052c2 (0x003198bb) sllw    a7, gp, gp
core   0: 1 0x00000000800052c2 (0x003198bb) x17 0x0000000062090000
core   0: 0x00000000800052c6 (0x00102ef3) csrrs   t4, fflags, zero
core   0: 1 0x00000000800052c6 (0x00102ef3) x29 0x0000000000000010
core   0: 0x00000000800052ca (0x01fed31b) srliw   t1, t4, 31
core   0: 1 0x00000000800052ca (0x01fed31b) x6  0x0000000000000000
core   0: 0x00000000800052ce (0x4137573b) sraw    a4, a4, s3
core   0: 1 0x00000000800052ce (0x4137573b) x14 0xffffffffffffffff
core   0: 0x00000000800052d2 (0x2bd89ed3) fmax.d  ft9, fa7, ft9
core   0: 1 0x00000000800052d2 (0x2bd89ed3) f29 0x7ff8000000000000
core   0: 0x00000000800052d6 (0x02dae7b3) rem     a5, s5, a3
core   0: 1 0x00000000800052d6 (0x02dae7b3) x15 0xffffffffffffffff
core   0: 0x00000000800052da (0xd2060553) fcvt.d.w fa0, a2
core   0: 1 0x00000000800052da (0xd2060553) f10 0x40a4000000000000
core   0: 0x00000000800052de (0xc03b7153) fcvt.lu.s sp, fs6
core   0: 1 0x00000000800052de (0xc03b7153) c1_fflags 0x0000000000000010 x2  0xffffffffffffffff
core   0: 0x00000000800052e2 (0x038d5613) srli    a2, s10, 56
core   0: 1 0x00000000800052e2 (0x038d5613) x12 0x00000000000000ff
core   0: 0x00000000800052e6 (0x5a03f453) fsqrt.d fs0, ft7
core   0: 1 0x00000000800052e6 (0x5a03f453) f8  0x0000000000000000
core   0: 0x00000000800052ea (0xc02572d3) fcvt.l.s t0, fa0
core   0: 1 0x00000000800052ea (0xc02572d3) c1_fflags 0x0000000000000010 x5  0x7fffffffffffffff
core   0: 0x00000000800052ee (0x40425833) sra     a6, tp, tp
core   0: 1 0x00000000800052ee (0x40425833) x16 0xffffffff921ea000
core   0: 0x00000000800052f2 (0x5a067dd3) fsqrt.d fs11, fa2
core   0: 1 0x00000000800052f2 (0x5a067dd3) f27 0x7ff8000000000000
core   0: 0x00000000800052f6 (0x0002181b) slliw   a6, tp, 0
core   0: 1 0x00000000800052f6 (0x0002181b) x16 0xffffffff921ea000
core   0: 0x00000000800052fa (0x32382d73) csrrs   s10, mhpmevent3, a6
core   0: exception trap_illegal_instruction, epc 0x00000000800052fa
core   0:           tval 0x0000000032382d73
core   0: >>>>  $xrv64i2p1_m2p0_a2p1_f2p2_d2p2_zicsr2p0_zifencei2p0_zmmul1p0_zba1p0_zbb1p0_zbc1p0_zbs1p0
core   0: 0x0000000080004000 (0x0080006f) j       pc + 0x8
core   0: 3 0x0000000080004000 (0x0080006f)
core   0: >>>>  mmode_exception_handler
core   0: 0x0000000080004008 (0x00002c17) auipc   s8, 0x2
core   0: 3 0x0000000080004008 (0x00002c17) x24 0x0000000080006008
core   0: 0x000000008000400c (0x06ec0c13) addi    s8, s8, 110
core   0: 3 0x000000008000400c (0x06ec0c13) x24 0x0000000080006076
core   0: 0x0000000080004010 (0x000c00e7) jalr    s8
core   0: 3 0x0000000080004010 (0x000c00e7) x1  0x0000000080004014
core   0: >>>>  any_handler
core   0: 0x0000000080006076 (0x341027f3) csrrs   a5, mepc, zero
core   0: 3 0x0000000080006076 (0x341027f3) x15 0x00000000800052fa
core   0: 0x000000008000607a (0x34202773) csrrs   a4, mcause, zero
core   0: 3 0x000000008000607a (0x34202773) x14 0x0000000000000002
core   0: 0x000000008000607e (0x142026f3) csrrs   a3, scause, zero
core   0: 3 0x000000008000607e (0x142026f3) x13 0x0000000000000005
core   0: 0x0000000080006082 (0x30402673) csrrs   a2, mie, zero
core   0: 3 0x0000000080006082 (0x30402673) x12 0x0000000000000a00
core   0: 0x0000000080006086 (0x344025f3) csrrs   a1, mip, zero
core   0: 3 0x0000000080006086 (0x344025f3) x11 0x0000000000000080
core   0: 0x000000008000608a (0x343025f3) csrrs   a1, mtval, zero
core   0: 3 0x000000008000608a (0x343025f3) x11 0x0000000032382d73
core   0: 0x000000008000608e (0x14302573) csrrs   a0, stval, zero
core   0: 3 0x000000008000608e (0x14302573) x10 0x0000000000000002
core   0: 0x0000000080006092 (0xb02024f3) csrrs   s1, minstret, zero
core   0: 3 0x0000000080006092 (0xb02024f3) x9  0x0000000000000de0
core   0: 0x0000000080006096 (0x0000a811) c.j     pc + 20
core   0: 3 0x0000000080006096 (0xa811)
core   0: >>>>  mepc_4
core   0: 0x00000000800060aa (0x00000791) c.addi  a5, 4
core   0: 3 0x00000000800060aa (0x0791) x15 0x00000000800052fe
core   0: 0x00000000800060ac (0x34179073) csrrw   zero, mepc, a5
core   0: 3 0x00000000800060ac (0x34179073) c833_mepc 0x00000000800052fe
core   0: 0x00000000800060b0 (0x30200073) mret
core   0: 3 0x00000000800060b0 (0x30200073) c768_mstatus 0x8000000a00106082
core   0: 0x00000000800052fe (0xc223fcd3) fcvt.l.d s9, ft7
core   0: 1 0x00000000800052fe (0xc223fcd3) x25 0x0000000000000000
core   0: 0x0000000080005302 (0x4059d2b3) sra     t0, s3, t0
core   0: 1 0x0000000080005302 (0x4059d2b3) x5  0xffffffffffffffff
core   0: 0x0000000080005306 (0x4042873b) subw    a4, t0, tp
core   0: 1 0x0000000080005306 (0x4042873b) x14 0x000000006de15fff
core   0: 0x000000008000530a (0x40c7d133) sra     sp, a5, a2
core   0: 1 0x000000008000530a (0x40c7d133) x2  0x00000000800052fe
core   0: 0x000000008000530e (0x02464233) div     tp, a2, tp
core   0: 1 0x000000008000530e (0x02464233) x4  0x0000000000000000
core   0: 0x0000000080005312 (0x00000001) c.nop
core   0: 1 0x0000000080005312 (0x0001)
core   0: 0x0000000080005314 (0x025e5bb3) divu    s7, t3, t0
core   0: 1 0x0000000080005314 (0x025e5bb3) x23 0x0000000000000000
core   0: 0x0000000080005318 (0xc2047653) fcvt.w.d a2, fs0
core   0: 1 0x0000000080005318 (0xc2047653) x12 0x0000000000000000
core   0: 0x000000008000531c (0x409085b3) sub     a1, ra, s1
core   0: 1 0x000000008000531c (0x409085b3) x11 0x0000000080003234
core   0: 0x0000000080005320 (0x019ad43b) srlw    s0, s5, s9
core   0: 1 0x0000000080005320 (0x019ad43b) x8  0xffffffffffffffff
core   0: 0x0000000080005324 (0x03b3cb33) div     s6, t2, s11
core   0: 1 0x0000000080005324 (0x03b3cb33) x22 0x0000000000000000
core   0: 0x0000000080005328 (0x03cb013b) mulw    sp, s6, t3
core   0: 1 0x0000000080005328 (0x03cb013b) x2  0x0000000000000000
core   0: 0x000000008000532c (0x019c91bb) sllw    gp, s9, s9
core   0: 1 0x000000008000532c (0x019c91bb) x3  0x0000000000000000
core   0: 0x0000000080005330 (0x03702933) mulhsu  s2, zero, s7
core   0: 1 0x0000000080005330 (0x03702933) x18 0x0000000000000000
core   0: 0x0000000080005334 (0x0a89f053) fsub.d  ft0, fs3, fs0
core   0: 1 0x0000000080005334 (0x0a89f053) f0  0x7ff8000000000000
core   0: 0x0000000080005338 (0x1ce1cc93) xori    s9, gp, 462
core   0: 1 0x0000000080005338 (0x1ce1cc93) x25 0x00000000000001ce
core   0: 0x000000008000533c (0x0009553b) srlw    a0, s2, zero
core   0: 1 0x000000008000533c (0x0009553b) x10 0x0000000000000000
core   0: 0x0000000080005340 (0x001cdb93) srli    s7, s9, 1
core   0: 1 0x0000000080005340 (0x001cdb93) x23 0x00000000000000e7
core   0: 0x0000000080005344 (0x026d1d33) mulh    s10, s10, t1
core   0: 1 0x0000000080005344 (0x026d1d33) x26 0x0000000000000000
core   0: 0x0000000080005348 (0x4074ddb3) sra     s11, s1, t2
core   0: 1 0x0000000080005348 (0x4074ddb3) x27 0x0000000000000000
core   0: 0x000000008000534c (0x03da7ed3) fadd.d  ft9, fs4, ft9
core   0: 1 0x000000008000534c (0x03da7ed3) f29 0x7ff8000000000000
core   0: 0x0000000080005350 (0x13767a53) fmul.d  fs4, fa2, fs7
core   0: 1 0x0000000080005350 (0x13767a53) f20 0x7ff8000000000000
core   0: 0x0000000080005354 (0x306c3673) csrrc   a2, mcounteren, s8
core   0: exception trap_illegal_instruction, epc 0x0000000080005354
core   0:           tval 0x00000000306c3673
core   0: >>>>  $xrv64i2p1_m2p0_a2p1_f2p2_d2p2_zicsr2p0_zifencei2p0_zmmul1p0_zba1p0_zbb1p0_zbc1p0_zbs1p0
core   0: 0x0000000080004000 (0x0080006f) j       pc + 0x8
core   0: 3 0x0000000080004000 (0x0080006f)
core   0: >>>>  mmode_exception_handler
core   0: 0x0000000080004008 (0x00002c17) auipc   s8, 0x2
core   0: 3 0x0000000080004008 (0x00002c17) x24 0x0000000080006008
core   0: 0x000000008000400c (0x06ec0c13) addi    s8, s8, 110
core   0: 3 0x000000008000400c (0x06ec0c13) x24 0x0000000080006076
core   0: 0x0000000080004010 (0x000c00e7) jalr    s8
core   0: 3 0x0000000080004010 (0x000c00e7) x1  0x0000000080004014
core   0: >>>>  any_handler
core   0: 0x0000000080006076 (0x341027f3) csrrs   a5, mepc, zero
core   0: 3 0x0000000080006076 (0x341027f3) x15 0x0000000080005354
core   0: 0x000000008000607a (0x34202773) csrrs   a4, mcause, zero
core   0: 3 0x000000008000607a (0x34202773) x14 0x0000000000000002
core   0: 0x000000008000607e (0x142026f3) csrrs   a3, scause, zero
core   0: 3 0x000000008000607e (0x142026f3) x13 0x0000000000000005
core   0: 0x0000000080006082 (0x30402673) csrrs   a2, mie, zero
core   0: 3 0x0000000080006082 (0x30402673) x12 0x0000000000000a00
core   0: 0x0000000080006086 (0x344025f3) csrrs   a1, mip, zero
core   0: 3 0x0000000080006086 (0x344025f3) x11 0x0000000000000080
core   0: 0x000000008000608a (0x343025f3) csrrs   a1, mtval, zero
core   0: 3 0x000000008000608a (0x343025f3) x11 0x00000000306c3673
core   0: 0x000000008000608e (0x14302573) csrrs   a0, stval, zero
core   0: 3 0x000000008000608e (0x14302573) x10 0x0000000000000002
core   0: 0x0000000080006092 (0xb02024f3) csrrs   s1, minstret, zero
core   0: 3 0x0000000080006092 (0xb02024f3) x9  0x0000000000000e06
core   0: 0x0000000080006096 (0x0000a811) c.j     pc + 20
core   0: 3 0x0000000080006096 (0xa811)
core   0: >>>>  mepc_4
core   0: 0x00000000800060aa (0x00000791) c.addi  a5, 4
core   0: 3 0x00000000800060aa (0x0791) x15 0x0000000080005358
core   0: 0x00000000800060ac (0x34179073) csrrw   zero, mepc, a5
core   0: 3 0x00000000800060ac (0x34179073) c833_mepc 0x0000000080005358
core   0: 0x00000000800060b0 (0x30200073) mret
core   0: 3 0x00000000800060b0 (0x30200073) c768_mstatus 0x8000000a00106082
core   0: 0x0000000080005358 (0x4018f2d3) fcvt.s.d ft5, fa7
core   0: 1 0x0000000080005358 (0x4018f2d3) f5  0xffffffff7fc00000
core   0: 0x000000008000535c (0x417b8e33) sub     t3, s7, s7
core   0: 1 0x000000008000535c (0x417b8e33) x28 0x0000000000000000
core   0: 0x0000000080005360 (0x01c5d9b3) srl     s3, a1, t3
core   0: 1 0x0000000080005360 (0x01c5d9b3) x19 0x00000000306c3673
core   0: 0x0000000080005364 (0x004217b3) sll     a5, tp, tp
core   0: 1 0x0000000080005364 (0x004217b3) x15 0x0000000000000000
core   0: 0x0000000080005368 (0x00000001) c.nop
core   0: 1 0x0000000080005368 (0x0001)
core   0: 0x000000008000536a (0x0d170713) addi    a4, a4, 209
core   0: 1 0x000000008000536a (0x0d170713) x14 0x00000000000000d3
core   0: 0x000000008000536e (0x2a847f4b) fnmsub.d ft10, fs0, fs0, ft5
core   0: 1 0x000000008000536e (0x2a847f4b) f30 0x7ff8000000000000
core   0: 0x0000000080005372 (0x00f32ab3) slt     s5, t1, a5
core   0: 1 0x0000000080005372 (0x00f32ab3) x21 0x0000000000000000
core   0: 0x0000000080005376 (0x0361e1b3) rem     gp, gp, s6
core   0: 1 0x0000000080005376 (0x0361e1b3) x3  0x0000000000000000
core   0: 0x000000008000537a (0x9d828e13) addi    t3, t0, -1576
core   0: 1 0x000000008000537a (0x9d828e13) x28 0xfffffffffffff9d7
core   0: 0x000000008000537e (0x00000001) c.nop
core   0: 1 0x000000008000537e (0x0001)
core   0: 0x0000000080005380 (0x001e1273) csrrw   tp, fflags, t3
core   0: 1 0x0000000080005380 (0x001e1273) x4  0x0000000000000010 c1_fflags 0x0000000000000017
core   0: 0x0000000080005384 (0x008af3b3) and     t2, s5, s0
core   0: 1 0x0000000080005384 (0x008af3b3) x7  0x0000000000000000
core   0: 0x0000000080005388 (0x00738cb3) add     s9, t2, t2
core   0: 1 0x0000000080005388 (0x00738cb3) x25 0x0000000000000000
core   0: 0x000000008000538c (0xf94b62b7) lui     t0, 0xf94b6
core   0: 1 0x000000008000538c (0xf94b62b7) x5  0xfffffffff94b6000
core   0: 0x0000000080005390 (0xbe32829b) addiw   t0, t0, -1053
core   0: 1 0x0000000080005390 (0xbe32829b) x5  0xfffffffff94b5be3
core   0: 0x0000000080005394 (0x000002b2) c.slli  t0, 12
core   0: 1 0x0000000080005394 (0x02b2) x5  0xffffff94b5be3000
core   0: 0x0000000080005396 (0xb1a28293) addi    t0, t0, -1254
core   0: 1 0x0000000080005396 (0xb1a28293) x5  0xffffff94b5be2b1a
core   0: 0x000000008000539a (0xc205f9d3) fcvt.w.d s3, fa1
core   0: 1 0x000000008000539a (0xc205f9d3) c1_fflags 0x0000000000000017 x19 0x000000007fffffff
core   0: 0x000000008000539e (0x41db81b3) sub     gp, s7, t4
core   0: 1 0x000000008000539e (0x41db81b3) x3  0x00000000000000d7
core   0: 0x00000000800053a2 (0x01c687bb) addw    a5, a3, t3
core   0: 1 0x00000000800053a2 (0x01c687bb) x15 0xfffffffffffff9dc
core   0: 0x00000000800053a6 (0x40180933) sub     s2, a6, ra
core   0: 1 0x00000000800053a6 (0x40180933) x18 0xffffffff121e5fec
core   0: 0x00000000800053aa (0x0017801b) addiw   zero, a5, 1
core   0: 1 0x00000000800053aa (0x0017801b)
core   0: 0x00000000800053ae (0xfff5c313) not     t1, a1
core   0: 1 0x00000000800053ae (0xfff5c313) x6  0xffffffffcf93c98c
core   0: 0x00000000800053b2 (0x012dd293) srli    t0, s11, 18
core   0: 1 0x00000000800053b2 (0x012dd293) x5  0x0000000000000000
core   0: 0x00000000800053b6 (0x417b519b) sraiw   gp, s6, 23
core   0: 1 0x00000000800053b6 (0x417b519b) x3  0x0000000000000000
core   0: 0x00000000800053ba (0xa2e50bd3) fle.d   s7, fa0, fa4
core   0: 1 0x00000000800053ba (0xa2e50bd3) c1_fflags 0x0000000000000017 x23 0x0000000000000000
core   0: 0x00000000800053be (0x0ff0000f) fence   iorw,iorw
core   0: 1 0x00000000800053be (0x0ff0000f)
core   0: 0x00000000800053c2 (0x0179173b) sllw    a4, s2, s7
core   0: 1 0x00000000800053c2 (0x0179173b) x14 0x00000000121e5fec
core   0: 0x00000000800053c6 (0x0055151b) slliw   a0, a0, 5
core   0: 1 0x00000000800053c6 (0x0055151b) x10 0x0000000000000040
core   0: 0x00000000800053ca (0x8e254813) xori    a6, a0, -1822
core   0: 1 0x00000000800053ca (0x8e254813) x16 0xfffffffffffff8a2
core   0: 0x00000000800053ce (0xc00067f3) csrrsi  a5, cycle, 0
core   0: exception trap_illegal_instruction, epc 0x00000000800053ce
core   0:           tval 0x00000000c00067f3
core   0: >>>>  $xrv64i2p1_m2p0_a2p1_f2p2_d2p2_zicsr2p0_zifencei2p0_zmmul1p0_zba1p0_zbb1p0_zbc1p0_zbs1p0
core   0: 0x0000000080004000 (0x0080006f) j       pc + 0x8
core   0: 3 0x0000000080004000 (0x0080006f)
core   0: >>>>  mmode_exception_handler
core   0: 0x0000000080004008 (0x00002c17) auipc   s8, 0x2
core   0: 3 0x0000000080004008 (0x00002c17) x24 0x0000000080006008
core   0: 0x000000008000400c (0x06ec0c13) addi    s8, s8, 110
core   0: 3 0x000000008000400c (0x06ec0c13) x24 0x0000000080006076
core   0: 0x0000000080004010 (0x000c00e7) jalr    s8
core   0: 3 0x0000000080004010 (0x000c00e7) x1  0x0000000080004014
core   0: >>>>  any_handler
core   0: 0x0000000080006076 (0x341027f3) csrrs   a5, mepc, zero
core   0: 3 0x0000000080006076 (0x341027f3) x15 0x00000000800053ce
core   0: 0x000000008000607a (0x34202773) csrrs   a4, mcause, zero
core   0: 3 0x000000008000607a (0x34202773) x14 0x0000000000000002
core   0: 0x000000008000607e (0x142026f3) csrrs   a3, scause, zero
core   0: 3 0x000000008000607e (0x142026f3) x13 0x0000000000000005
core   0: 0x0000000080006082 (0x30402673) csrrs   a2, mie, zero
core   0: 3 0x0000000080006082 (0x30402673) x12 0x0000000000000a00
core   0: 0x0000000080006086 (0x344025f3) csrrs   a1, mip, zero
core   0: 3 0x0000000080006086 (0x344025f3) x11 0x0000000000000080
core   0: 0x000000008000608a (0x343025f3) csrrs   a1, mtval, zero
core   0: 3 0x000000008000608a (0x343025f3) x11 0x00000000c00067f3
core   0: 0x000000008000608e (0x14302573) csrrs   a0, stval, zero
core   0: 3 0x000000008000608e (0x14302573) x10 0x0000000000000002
core   0: 0x0000000080006092 (0xb02024f3) csrrs   s1, minstret, zero
core   0: 3 0x0000000080006092 (0xb02024f3) x9  0x0000000000000e35
core   0: 0x0000000080006096 (0x0000a811) c.j     pc + 20
core   0: 3 0x0000000080006096 (0xa811)
core   0: >>>>  mepc_4
core   0: 0x00000000800060aa (0x00000791) c.addi  a5, 4
core   0: 3 0x00000000800060aa (0x0791) x15 0x00000000800053d2
core   0: 0x00000000800060ac (0x34179073) csrrw   zero, mepc, a5
core   0: 3 0x00000000800060ac (0x34179073) c833_mepc 0x00000000800053d2
core   0: 0x00000000800060b0 (0x30200073) mret
core   0: 3 0x00000000800060b0 (0x30200073) c768_mstatus 0x8000000a00106082
core   0: 0x00000000800053d2 (0x00fd5633) srl     a2, s10, a5
core   0: 1 0x00000000800053d2 (0x00fd5633) x12 0x0000000000000000
core   0: 0x00000000800053d6 (0x41c75733) sra     a4, a4, t3
core   0: 1 0x00000000800053d6 (0x41c75733) x14 0x0000000000000000
core   0: 0x00000000800053da (0xc21f7c53) fcvt.wu.d s8, ft10
core   0: 1 0x00000000800053da (0xc21f7c53) c1_fflags 0x0000000000000017 x24 0xffffffffffffffff
core   0: 0x00000000800053de (0x016c5d3b) srlw    s10, s8, s6
core   0: 1 0x00000000800053de (0x016c5d3b) x26 0xffffffffffffffff
core   0: 0x00000000800053e2 (0xffcc62b7) lui     t0, 0xffcc6
core   0: 1 0x00000000800053e2 (0xffcc62b7) x5  0xffffffffffcc6000
core   0: 0x00000000800053e6 (0xd8d2829b) addiw   t0, t0, -627
core   0: 1 0x00000000800053e6 (0xd8d2829b) x5  0xffffffffffcc5d8d
core   0: 0x00000000800053ea (0x000002c6) c.slli  t0, 17
core   0: 1 0x00000000800053ea (0x02c6) x5  0xffffff98bb1a0000
core   0: 0x00000000800053ec (0x49228293) addi    t0, t0, 1170
core   0: 1 0x00000000800053ec (0x49228293) x5  0xffffff98bb1a0492
core   0: 0x00000000800053f0 (0x751d1a97) auipc   s5, 0x751d1
core   0: 1 0x00000000800053f0 (0x751d1a97) x21 0x00000000f51d63f0
core   0: 0x00000000800053f4 (0xfb7a899b) addiw   s3, s5, -73
core   0: 1 0x00000000800053f4 (0xfb7a899b) x19 0xfffffffff51d63a7
core   0: 0x00000000800053f8 (0x401f7bd3) fcvt.s.d fs7, ft10
core   0: 1 0x00000000800053f8 (0x401f7bd3) f23 0xffffffff7fc00000
core   0: 0x00000000800053fc (0x4099dc3b) sraw    s8, s3, s1
core   0: 1 0x00000000800053fc (0x4099dc3b) x24 0xffffffffffffffa8
core   0: 0x0000000080005400 (0x034ac5b3) div     a1, s5, s4
core   0: 1 0x0000000080005400 (0x034ac5b3) x11 0xffffffffffffffff
core   0: 0x0000000080005404 (0x40815433) sra     s0, sp, s0
core   0: 1 0x0000000080005404 (0x40815433) x8  0x0000000000000000
core   0: 0x0000000080005408 (0x001a1df3) csrrw   s11, fflags, s4
core   0: 1 0x0000000080005408 (0x001a1df3) x27 0x0000000000000017 c1_fflags 0x0000000000000000
core   0: 0x000000008000540c (0x224d8c1b) addiw   s8, s11, 548
core   0: 1 0x000000008000540c (0x224d8c1b) x24 0x000000000000023b
core   0: 0x0000000080005410 (0x018b6b33) or      s6, s6, s8
core   0: 1 0x0000000080005410 (0x018b6b33) x22 0x000000000000023b
core   0: 0x0000000080005414 (0x0193d93b) srlw    s2, t2, s9
core   0: 1 0x0000000080005414 (0x0193d93b) x18 0x0000000000000000
core   0: 0x0000000080005418 (0x000d5413) srli    s0, s10, 0
core   0: 1 0x0000000080005418 (0x000d5413) x8  0xffffffffffffffff
core   0: 0x000000008000541c (0x22d995d3) fsgnjn.d fa1, fs3, fa3
core   0: 1 0x000000008000541c (0x22d995d3) f11 0x7fffffff00000000
core   0: 0x0000000080005420 (0x0129e233) or      tp, s3, s2
core   0: 1 0x0000000080005420 (0x0129e233) x4  0xfffffffff51d63a7
core   0: 0x0000000080005424 (0xd02a7753) fcvt.s.l fa4, s4
core   0: 1 0x0000000080005424 (0xd02a7753) f14 0xffffffff00000000
core   0: 0x0000000080005428 (0x039a4a3b) divw    s4, s4, s9
core   0: 1 0x0000000080005428 (0x039a4a3b) x20 0xffffffffffffffff
core   0: 0x000000008000542c (0x016d5837) lui     a6, 0x16d5
core   0: 1 0x000000008000542c (0x016d5837) x16 0x00000000016d5000
core   0: 0x0000000080005430 (0x48b8081b) addiw   a6, a6, 1163
core   0: 1 0x0000000080005430 (0x48b8081b) x16 0x00000000016d548b
core   0: 0x0000000080005434 (0x00000832) c.slli  a6, 12
core   0: 1 0x0000000080005434 (0x0832) x16 0x00000016d548b000
core   0: 0x0000000080005436 (0x69e80813) addi    a6, a6, 1694
core   0: 1 0x0000000080005436 (0x69e80813) x16 0x00000016d548b69e
core   0: 0x000000008000543a (0x404858bb) sraw    a7, a6, tp
core   0: 1 0x000000008000543a (0x404858bb) x17 0xffffffffffaa916d
core   0: 0x000000008000543e (0x3430d773) csrrwi  a4, mtval, 1
core   0: exception trap_illegal_instruction, epc 0x000000008000543e
core   0:           tval 0x000000003430d773
core   0: >>>>  $xrv64i2p1_m2p0_a2p1_f2p2_d2p2_zicsr2p0_zifencei2p0_zmmul1p0_zba1p0_zbb1p0_zbc1p0_zbs1p0
core   0: 0x0000000080004000 (0x0080006f) j       pc + 0x8
core   0: 3 0x0000000080004000 (0x0080006f)
core   0: >>>>  mmode_exception_handler
core   0: 0x0000000080004008 (0x00002c17) auipc   s8, 0x2
core   0: 3 0x0000000080004008 (0x00002c17) x24 0x0000000080006008
core   0: 0x000000008000400c (0x06ec0c13) addi    s8, s8, 110
core   0: 3 0x000000008000400c (0x06ec0c13) x24 0x0000000080006076
core   0: 0x0000000080004010 (0x000c00e7) jalr    s8
core   0: 3 0x0000000080004010 (0x000c00e7) x1  0x0000000080004014
core   0: >>>>  any_handler
core   0: 0x0000000080006076 (0x341027f3) csrrs   a5, mepc, zero
core   0: 3 0x0000000080006076 (0x341027f3) x15 0x000000008000543e
core   0: 0x000000008000607a (0x34202773) csrrs   a4, mcause, zero
core   0: 3 0x000000008000607a (0x34202773) x14 0x0000000000000002
core   0: 0x000000008000607e (0x142026f3) csrrs   a3, scause, zero
core   0: 3 0x000000008000607e (0x142026f3) x13 0x0000000000000005
core   0: 0x0000000080006082 (0x30402673) csrrs   a2, mie, zero
core   0: 3 0x0000000080006082 (0x30402673) x12 0x0000000000000a00
core   0: 0x0000000080006086 (0x344025f3) csrrs   a1, mip, zero
core   0: 3 0x0000000080006086 (0x344025f3) x11 0x0000000000000080
core   0: 0x000000008000608a (0x343025f3) csrrs   a1, mtval, zero
core   0: 3 0x000000008000608a (0x343025f3) x11 0x000000003430d773
core   0: 0x000000008000608e (0x14302573) csrrs   a0, stval, zero
core   0: 3 0x000000008000608e (0x14302573) x10 0x0000000000000002
core   0: 0x0000000080006092 (0xb02024f3) csrrs   s1, minstret, zero
core   0: 3 0x0000000080006092 (0xb02024f3) x9  0x0000000000000e61
core   0: 0x0000000080006096 (0x0000a811) c.j     pc + 20
core   0: 3 0x0000000080006096 (0xa811)
core   0: >>>>  mepc_4
core   0: 0x00000000800060aa (0x00000791) c.addi  a5, 4
core   0: 3 0x00000000800060aa (0x0791) x15 0x0000000080005442
core   0: 0x00000000800060ac (0x34179073) csrrw   zero, mepc, a5
core   0: 3 0x00000000800060ac (0x34179073) c833_mepc 0x0000000080005442
core   0: 0x00000000800060b0 (0x30200073) mret
core   0: 3 0x00000000800060b0 (0x30200073) c768_mstatus 0x8000000a00106082
core   0: 0x0000000080005442 (0x4005589b) sraiw   a7, a0, 0
core   0: 1 0x0000000080005442 (0x4005589b) x17 0x0000000000000002
core   0: 0x0000000080005446 (0x012896b3) sll     a3, a7, s2
core   0: 1 0x0000000080005446 (0x012896b3) x13 0x0000000000000002
core   0: 0x000000008000544a (0x41ac5d33) sra     s10, s8, s10
core   0: 1 0x000000008000544a (0x41ac5d33) x26 0x0000000000000000
core   0: 0x000000008000544e (0x3341f8cb) fnmsub.d fa7, ft3, fs4, ft6
core   0: 1 0x000000008000544e (0x3341f8cb) f17 0x7ff8000000000000
core   0: 0x0000000080005452 (0x012acab3) xor     s5, s5, s2
core   0: 1 0x0000000080005452 (0x012acab3) x21 0x00000000f51d63f0
core   0: 0x0000000080005456 (0x001a62b3) or      t0, s4, ra
core   0: 1 0x0000000080005456 (0x001a62b3) x5  0xffffffffffffffff
core   0: 0x000000008000545a (0x22b885d3) fsgnj.d fa1, fa7, fa1
core   0: 1 0x000000008000545a (0x22b885d3) f11 0x7ff8000000000000
core   0: 0x000000008000545e (0x80030313) addi    t1, t1, -2048
core   0: 1 0x000000008000545e (0x80030313) x6  0xffffffffcf93c18c
core   0: 0x0000000080005462 (0x22af9ad3) fsgnjn.d fs5, ft11, fa0
core   0: 1 0x0000000080005462 (0x22af9ad3) f21 0xfff8000000000000
core   0: 0x0000000080005466 (0xc20efd53) fcvt.w.d s10, ft9
core   0: 1 0x0000000080005466 (0xc20efd53) c1_fflags 0x0000000000000010 x26 0x000000007fffffff
core   0: 0x000000008000546a (0x0088d63b) srlw    a2, a7, s0
core   0: 1 0x000000008000546a (0x0088d63b) x12 0x0000000000000000
core   0: 0x000000008000546e (0x0156531b) srliw   t1, a2, 21
core   0: 1 0x000000008000546e (0x0156531b) x6  0x0000000000000000
core   0: 0x0000000080005472 (0x19d9a817) auipc   a6, 0x19d9a
core   0: 1 0x0000000080005472 (0x19d9a817) x16 0x0000000099d9f472
core   0: 0x0000000080005476 (0x0013169b) slliw   a3, t1, 1
core   0: 1 0x0000000080005476 (0x0013169b) x13 0x0000000000000000
core   0: 0x000000008000547a (0x03f81493) slli    s1, a6, 63
core   0: 1 0x000000008000547a (0x03f81493) x9  0x0000000000000000
core   0: 0x000000008000547e (0x0094513b) srlw    sp, s0, s1
core   0: 1 0x000000008000547e (0x0094513b) x2  0xffffffffffffffff
core   0: 0x0000000080005482 (0xd2247e53) fcvt.d.l ft8, s0
core   0: 1 0x0000000080005482 (0xd2247e53) f28 0xbff0000000000000
core   0: 0x0000000080005486 (0xd027f053) fcvt.s.l ft0, a5
core   0: 1 0x0000000080005486 (0xd027f053) c1_fflags 0x0000000000000011 f0  0xffffffff4f000054
core   0: 0x000000008000548a (0x037ee0b3) rem     ra, t4, s7
core   0: 1 0x000000008000548a (0x037ee0b3) x1  0x0000000000000010
core   0: 0x000000008000548e (0x021e7133) remu    sp, t3, ra
core   0: 1 0x000000008000548e (0x021e7133) x2  0x0000000000000007
core   0: 0x0000000080005492 (0x039eceb3) div     t4, t4, s9
core   0: 1 0x0000000080005492 (0x039eceb3) x29 0xffffffffffffffff
core   0: 0x0000000080005496 (0x01a81833) sll     a6, a6, s10
core   0: 1 0x0000000080005496 (0x01a81833) x16 0x0000000000000000
core   0: 0x000000008000549a (0x01b712bb) sllw    t0, a4, s11
core   0: 1 0x000000008000549a (0x01b712bb) x5  0x0000000001000000
core   0: 0x000000008000549e (0x00009c26) c.add   s8, s1
core   0: 1 0x000000008000549e (0x9c26) x24 0x0000000080006076
core   0: 0x00000000800054a0 (0x0012ce13) xori    t3, t0, 1
core   0: 1 0x00000000800054a0 (0x0012ce13) x28 0x0000000001000001
core   0: 0x00000000800054a4 (0x030e2cb3) mulhsu  s9, t3, a6
core   0: 1 0x00000000800054a4 (0x030e2cb3) x25 0x0000000000000000
core   0: 0x00000000800054a8 (0x00184d93) xori    s11, a6, 1
core   0: 1 0x00000000800054a8 (0x00184d93) x27 0x0000000000000001
core   0: 0x00000000800054ac (0x02fb5cbb) divuw   s9, s6, a5
core   0: 1 0x00000000800054ac (0x02fb5cbb) x25 0x0000000000000000
core   0: 0x00000000800054b0 (0x230101d3) fsgnj.d ft3, ft2, fa6
core   0: 1 0x00000000800054b0 (0x230101d3) f3  0x7fffffff00000000
core   0: 0x00000000800054b4 (0x10ad9073) csrrw   zero, senvcfg, s11
core   0: 1 0x00000000800054b4 (0x10ad9073) c266_senvcfg 0x0000000000000000
core   0: 0x00000000800054b8 (0x42068e53) fcvt.d.s ft8, fa3
core   0: 1 0x00000000800054b8 (0x42068e53) f28 0x7ff8000000000000
core   0: 0x00000000800054bc (0x02d68533) mul     a0, a3, a3
core   0: 1 0x00000000800054bc (0x02d68533) x10 0x0000000000000000
core   0: 0x00000000800054c0 (0x41bd813b) subw    sp, s11, s11
core   0: 1 0x00000000800054c0 (0x41bd813b) x2  0x0000000000000000
core   0: 0x00000000800054c4 (0x002d6d33) or      s10, s10, sp
core   0: 1 0x00000000800054c4 (0x002d6d33) x26 0x000000007fffffff
core   0: 0x00000000800054c8 (0xf20d0653) fmv.d.x fa2, s10
core   0: 1 0x00000000800054c8 (0xf20d0653) f12 0x000000007fffffff
core   0: 0x00000000800054cc (0x41a40433) sub     s0, s0, s10
core   0: 1 0x00000000800054cc (0x41a40433) x8  0xffffffff80000000
core   0: 0x00000000800054d0 (0x4014d49b) sraiw   s1, s1, 1
core   0: 1 0x00000000800054d0 (0x4014d49b) x9  0x0000000000000000
core   0: 0x00000000800054d4 (0x409dd5b3) sra     a1, s11, s1
core   0: 1 0x00000000800054d4 (0x409dd5b3) x11 0x0000000000000001
core   0: 0x00000000800054d8 (0x00d41b9b) slliw   s7, s0, 13
core   0: 1 0x00000000800054d8 (0x00d41b9b) x23 0x0000000000000000
core   0: 0x00000000800054dc (0x03108633) mul     a2, ra, a7
core   0: 1 0x00000000800054dc (0x03108633) x12 0x0000000000000020
core   0: 0x00000000800054e0 (0xc036f053) fcvt.lu.s zero, fa3
core   0: 1 0x00000000800054e0 (0xc036f053) c1_fflags 0x0000000000000011
core   0: 0x00000000800054e4 (0x02054ab3) div     s5, a0, zero
core   0: 1 0x00000000800054e4 (0x02054ab3) x21 0xffffffffffffffff
core   0: 0x00000000800054e8 (0xc20179d3) fcvt.w.d s3, ft2
core   0: 1 0x00000000800054e8 (0xc20179d3) c1_fflags 0x0000000000000011 x19 0x000000007fffffff
core   0: 0x00000000800054ec (0x407c5c1b) sraiw   s8, s8, 7
core   0: 1 0x00000000800054ec (0x407c5c1b) x24 0xffffffffff0000c0
core   0: 0x00000000800054f0 (0xe20b1ad3) fclass.d s5, fs6
core   0: 1 0x00000000800054f0 (0xe20b1ad3) x21 0x0000000000000200
core   0: 0x00000000800054f4 (0x0035531b) srliw   t1, a0, 3
core   0: 1 0x00000000800054f4 (0x0035531b) x6  0x0000000000000000
core   0: 0x00000000800054f8 (0xb3767bcf) fnmadd.d fs7, fa2, fs7, fs6
core   0: 1 0x00000000800054f8 (0xb3767bcf) f23 0x7ff8000000000000
core   0: 0x00000000800054fc (0x002797f3) csrrw   a5, frm, a5
core   0: 1 0x00000000800054fc (0x002797f3) x15 0x0000000000000001 c2_frm 0x0000000000000002
core   0: 0x0000000080005500 (0x22a60553) fsgnj.d fa0, fa2, fa0
core   0: 1 0x0000000080005500 (0x22a60553) f10 0x000000007fffffff
core   0: 0x0000000080005504 (0x0ff0000f) fence   iorw,iorw
core   0: 1 0x0000000080005504 (0x0ff0000f)
core   0: 0x0000000080005508 (0x2aad1d53) fmax.d  fs10, fs10, fa0
core   0: 1 0x0000000080005508 (0x2aad1d53) f26 0x000000007fffffff
core   0: 0x000000008000550c (0x0231d8bb) divuw   a7, gp, gp
core   0: 1 0x000000008000550c (0x0231d8bb) x17 0xffffffffffffffff
core   0: 0x0000000080005510 (0x011556bb) srlw    a3, a0, a7
core   0: 1 0x0000000080005510 (0x011556bb) x13 0x0000000000000000
core   0: 0x0000000080005514 (0x00d8f833) and     a6, a7, a3
core   0: 1 0x0000000080005514 (0x00d8f833) x16 0x0000000000000000
core   0: 0x0000000080005518 (0x005e0bb3) add     s7, t3, t0
core   0: 1 0x0000000080005518 (0x005e0bb3) x23 0x0000000002000001
core   0: 0x000000008000551c (0x0388e8b3) rem     a7, a7, s8
core   0: 1 0x000000008000551c (0x0388e8b3) x17 0xffffffffffffffff
core   0: 0x0000000080005520 (0xc215fe53) fcvt.wu.d t3, fa1
core   0: 1 0x0000000080005520 (0xc215fe53) c1_fflags 0x0000000000000011 x28 0xffffffffffffffff
core   0: 0x0000000080005524 (0x0078fbb3) and     s7, a7, t2
core   0: 1 0x0000000080005524 (0x0078fbb3) x23 0x0000000000000000
core   0: 0x0000000080005528 (0x011013bb) sllw    t2, zero, a7
core   0: 1 0x0000000080005528 (0x011013bb) x7  0x0000000000000000
core   0: 0x000000008000552c (0x0003f913) andi    s2, t2, 0
core   0: 1 0x000000008000552c (0x0003f913) x18 0x0000000000000000
core   0: 0x0000000080005530 (0xc03bfed3) fcvt.lu.s t4, fs7
core   0: 1 0x0000000080005530 (0xc03bfed3) c1_fflags 0x0000000000000011 x29 0xffffffffffffffff
core   0: 0x0000000080005534 (0x0b04f253) fsub.d  ft4, fs1, fa6
core   0: 1 0x0000000080005534 (0x0b04f253) f4  0x7ff8000000000000
core   0: 0x0000000080005538 (0x43f5d793) srai    a5, a1, 63
core   0: 1 0x0000000080005538 (0x43f5d793) x15 0x0000000000000000
core   0: 0x000000008000553c (0x413d89bb) subw    s3, s11, s3
core   0: 1 0x000000008000553c (0x413d89bb) x19 0xffffffff80000002
core   0: 0x0000000080005540 (0x40008db3) sub     s11, ra, zero
core   0: 1 0x0000000080005540 (0x40008db3) x27 0x0000000000000010
core   0: 0x0000000080005544 (0x6dbdac13) slti    s8, s11, 1755
core   0: 1 0x0000000080005544 (0x6dbdac13) x24 0x0000000000000001
core   0: 0x0000000080005548 (0x033129b3) mulhsu  s3, sp, s3
core   0: 1 0x0000000080005548 (0x033129b3) x19 0x0000000000000000
core   0: 0x000000008000554c (0x01b32cb3) slt     s9, t1, s11
core   0: 1 0x000000008000554c (0x01b32cb3) x25 0x0000000000000001
core   0: 0x0000000080005550 (0xc2227ad3) fcvt.l.d s5, ft4
core   0: 1 0x0000000080005550 (0xc2227ad3) c1_fflags 0x0000000000000011 x21 0x7fffffffffffffff
core   0: 0x0000000080005554 (0x13ea7a53) fmul.d  fs4, fs4, ft10
core   0: 1 0x0000000080005554 (0x13ea7a53) f20 0x7ff8000000000000
core   0: 0x0000000080005558 (0xa323794b) fnmsub.d fs2, ft6, fs2, fs4
core   0: 1 0x0000000080005558 (0xa323794b) f18 0x7ff8000000000000
core   0: 0x000000008000555c (0x000021b3) slt     gp, zero, zero
core   0: 1 0x000000008000555c (0x000021b3) x3  0x0000000000000000
core   0: 0x0000000080005560 (0x42098ad3) fcvt.d.s fs5, fs3
core   0: 1 0x0000000080005560 (0x42098ad3) f21 0x0000000000000000
core   0: 0x0000000080005564 (0x00000001) c.nop
core   0: 1 0x0000000080005564 (0x0001)
core   0: 0x0000000080005566 (0x00000001) c.nop
core   0: 1 0x0000000080005566 (0x0001)
core   0: 0x0000000080005568 (0x0065ac37) lui     s8, 0x65a
core   0: 1 0x0000000080005568 (0x0065ac37) x24 0x000000000065a000
core   0: 0x000000008000556c (0x4f7c0c1b) addiw   s8, s8, 1271
core   0: 1 0x000000008000556c (0x4f7c0c1b) x24 0x000000000065a4f7
core   0: 0x0000000080005570 (0x00000c32) c.slli  s8, 12
core   0: 1 0x0000000080005570 (0x0c32) x24 0x000000065a4f7000
core   0: 0x0000000080005572 (0x87fc0c13) addi    s8, s8, -1921
core   0: 1 0x0000000080005572 (0x87fc0c13) x24 0x000000065a4f687f
core   0: 0x0000000080005576 (0xd02bfc53) fcvt.s.l fs8, s7
core   0: 1 0x0000000080005576 (0xd02bfc53) f24 0xffffffff00000000
core   0: 0x000000008000557a (0xc03afed3) fcvt.lu.s t4, fs5
core   0: 1 0x000000008000557a (0xc03afed3) c1_fflags 0x0000000000000011 x29 0xffffffffffffffff
core   0: 0x000000008000557e (0xd02e73d3) fcvt.s.l ft7, t3
core   0: 1 0x000000008000557e (0xd02e73d3) f7  0xffffffffbf800000
core   0: 0x0000000080005582 (0x0af679d3) fsub.d  fs3, fa2, fa5
core   0: 1 0x0000000080005582 (0x0af679d3) f19 0x7ff8000000000000
core   0: 0x0000000080005586 (0xfb37ffc3) fmadd.d ft11, fa5, fs3, ft11
core   0: 1 0x0000000080005586 (0xfb37ffc3) f31 0x7ff8000000000000
core   0: 0x000000008000558a (0xa3cf8d53) fle.d   s10, ft11, ft8
core   0: 1 0x000000008000558a (0xa3cf8d53) c1_fflags 0x0000000000000011 x26 0x0000000000000000
core   0: 0x000000008000558e (0x0016981b) slliw   a6, a3, 1
core   0: 1 0x000000008000558e (0x0016981b) x16 0x0000000000000000
core   0: 0x0000000080005592 (0x224e9b53) fsgnjn.d fs6, ft9, ft4
core   0: 1 0x0000000080005592 (0x224e9b53) f22 0xfff8000000000000
core   0: 0x0000000080005596 (0x01086cb3) or      s9, a6, a6
core   0: 1 0x0000000080005596 (0x01086cb3) x25 0x0000000000000000
core   0: 0x000000008000559a (0x43f8d013) srai    zero, a7, 63
core   0: 1 0x000000008000559a (0x43f8d013)
core   0: 0x000000008000559e (0xa33a7d43) fmadd.d fs10, fs4, fs3, fs4
core   0: 1 0x000000008000559e (0xa33a7d43) f26 0x7ff8000000000000
core   0: 0x00000000800055a2 (0x23c51153) fsgnjn.d ft2, fa0, ft8
core   0: 1 0x00000000800055a2 (0x23c51153) f2  0x800000007fffffff
core   0: 0x00000000800055a6 (0x00422433) slt     s0, tp, tp
core   0: 1 0x00000000800055a6 (0x00422433) x8  0x0000000000000000
core   0: 0x00000000800055aa (0x02a156b3) divu    a3, sp, a0
core   0: 1 0x00000000800055aa (0x02a156b3) x13 0xffffffffffffffff
core   0: 0x00000000800055ae (0x01a24db3) xor     s11, tp, s10
core   0: 1 0x00000000800055ae (0x01a24db3) x27 0xfffffffff51d63a7
core   0: 0x00000000800055b2 (0xa3a107d3) fle.d   a5, ft2, fs10
core   0: 1 0x00000000800055b2 (0xa3a107d3) c1_fflags 0x0000000000000011 x15 0x0000000000000000
core   0: 0x00000000800055b6 (0x00045c1b) srliw   s8, s0, 0
core   0: 1 0x00000000800055b6 (0x00045c1b) x24 0x0000000000000000
core   0: 0x00000000800055ba (0x00185d1b) srliw   s10, a6, 1
core   0: 1 0x00000000800055ba (0x00185d1b) x26 0x0000000000000000
core   0: 0x00000000800055be (0x40278a3b) subw    s4, a5, sp
core   0: 1 0x00000000800055be (0x40278a3b) x20 0x0000000000000000
core   0: 0x00000000800055c2 (0x2b5b8bd3) fmin.d  fs7, fs7, fs5
core   0: 1 0x00000000800055c2 (0x2b5b8bd3) f23 0x0000000000000000
core   0: 0x00000000800055c6 (0x1be9f3d3) fdiv.d  ft7, fs3, ft10
core   0: 1 0x00000000800055c6 (0x1be9f3d3) f7  0x7ff8000000000000
core   0: 0x00000000800055ca (0x005ea2b3) slt     t0, t4, t0
core   0: 1 0x00000000800055ca (0x005ea2b3) x5  0x0000000000000001
core   0: 0x00000000800055ce (0x0204003b) mulw    zero, s0, zero
core   0: 1 0x00000000800055ce (0x0204003b)
core   0: 0x00000000800055d2 (0xd2190e53) fcvt.d.wu ft8, s2
core   0: 1 0x00000000800055d2 (0xd2190e53) f28 0x0000000000000000
core   0: 0x00000000800055d6 (0x002d1473) csrrw   s0, frm, s10
core   0: 1 0x00000000800055d6 (0x002d1473) x8  0x0000000000000002 c2_frm 0x0000000000000000
core   0: 0x00000000800055da (0x01772233) slt     tp, a4, s7
core   0: 1 0x00000000800055da (0x01772233) x4  0x0000000000000000
core   0: 0x00000000800055de (0x02627e3b) remuw   t3, tp, t1
core   0: 1 0x00000000800055de (0x02627e3b) x28 0x0000000000000000
core   0: 0x00000000800055e2 (0x02d046bb) divw    a3, zero, a3
core   0: 1 0x00000000800055e2 (0x02d046bb) x13 0x0000000000000000
core   0: 0x00000000800055e6 (0x32092973) csrrs   s2, mcountinhibit, s2
core   0: exception trap_illegal_instruction, epc 0x00000000800055e6
core   0:           tval 0x0000000032092973
core   0: >>>>  $xrv64i2p1_m2p0_a2p1_f2p2_d2p2_zicsr2p0_zifencei2p0_zmmul1p0_zba1p0_zbb1p0_zbc1p0_zbs1p0
core   0: 0x0000000080004000 (0x0080006f) j       pc + 0x8
core   0: 3 0x0000000080004000 (0x0080006f)
core   0: >>>>  mmode_exception_handler
core   0: 0x0000000080004008 (0x00002c17) auipc   s8, 0x2
core   0: 3 0x0000000080004008 (0x00002c17) x24 0x0000000080006008
core   0: 0x000000008000400c (0x06ec0c13) addi    s8, s8, 110
core   0: 3 0x000000008000400c (0x06ec0c13) x24 0x0000000080006076
core   0: 0x0000000080004010 (0x000c00e7) jalr    s8
core   0: 3 0x0000000080004010 (0x000c00e7) x1  0x0000000080004014
core   0: >>>>  any_handler
core   0: 0x0000000080006076 (0x341027f3) csrrs   a5, mepc, zero
core   0: 3 0x0000000080006076 (0x341027f3) x15 0x00000000800055e6
core   0: 0x000000008000607a (0x34202773) csrrs   a4, mcause, zero
core   0: 3 0x000000008000607a (0x34202773) x14 0x0000000000000002
core   0: 0x000000008000607e (0x142026f3) csrrs   a3, scause, zero
core   0: 3 0x000000008000607e (0x142026f3) x13 0x0000000000000005
core   0: 0x0000000080006082 (0x30402673) csrrs   a2, mie, zero
core   0: 3 0x0000000080006082 (0x30402673) x12 0x0000000000000a00
core   0: 0x0000000080006086 (0x344025f3) csrrs   a1, mip, zero
core   0: 3 0x0000000080006086 (0x344025f3) x11 0x0000000000000080
core   0: 0x000000008000608a (0x343025f3) csrrs   a1, mtval, zero
core   0: 3 0x000000008000608a (0x343025f3) x11 0x0000000032092973
core   0: 0x000000008000608e (0x14302573) csrrs   a0, stval, zero
core   0: 3 0x000000008000608e (0x14302573) x10 0x0000000000000002
core   0: 0x0000000080006092 (0xb02024f3) csrrs   s1, minstret, zero
core   0: 3 0x0000000080006092 (0xb02024f3) x9  0x0000000000000edc
core   0: 0x0000000080006096 (0x0000a811) c.j     pc + 20
core   0: 3 0x0000000080006096 (0xa811)
core   0: >>>>  mepc_4
core   0: 0x00000000800060aa (0x00000791) c.addi  a5, 4
core   0: 3 0x00000000800060aa (0x0791) x15 0x00000000800055ea
core   0: 0x00000000800060ac (0x34179073) csrrw   zero, mepc, a5
core   0: 3 0x00000000800060ac (0x34179073) c833_mepc 0x00000000800055ea
core   0: 0x00000000800060b0 (0x30200073) mret
core   0: 3 0x00000000800060b0 (0x30200073) c768_mstatus 0x8000000a00106082
core   0: 0x00000000800055ea (0x7ffce713) ori     a4, s9, 2047
core   0: 1 0x00000000800055ea (0x7ffce713) x14 0x00000000000007ff
core   0: 0x00000000800055ee (0x40e5d9bb) sraw    s3, a1, a4
core   0: 1 0x00000000800055ee (0x40e5d9bb) x19 0x0000000000000000
core   0: 0x00000000800055f2 (0x2bf88093) addi    ra, a7, 703
core   0: 1 0x00000000800055f2 (0x2bf88093) x1  0x00000000000002be
core   0: 0x00000000800055f6 (0xa5fc0c13) addi    s8, s8, -1441
core   0: 1 0x00000000800055f6 (0xa5fc0c13) x24 0x0000000080005ad5
core   0: 0x00000000800055fa (0x000c0a1b) sext.w  s4, s8
core   0: 1 0x00000000800055fa (0x000c0a1b) x20 0xffffffff80005ad5
core   0: 0x00000000800055fe (0x01ba02bb) addw    t0, s4, s11
core   0: 1 0x00000000800055fe (0x01ba02bb) x5  0x00000000751dbe7c
core   0: 0x0000000080005602 (0x3b9e72c7) fmsub.d ft5, ft8, fs9, ft7
core   0: 1 0x0000000080005602 (0x3b9e72c7) f5  0x7ff8000000000000
core   0: 0x0000000080005606 (0x03102033) mulhsu  zero, zero, a7
core   0: 1 0x0000000080005606 (0x03102033)
core   0: 0x000000008000560a (0x5a02f553) fsqrt.d fa0, ft5
core   0: 1 0x000000008000560a (0x5a02f553) f10 0x7ff8000000000000
core   0: 0x000000008000560e (0x039dc5b3) div     a1, s11, s9
core   0: 1 0x000000008000560e (0x039dc5b3) x11 0xffffffffffffffff
core   0: 0x0000000080005612 (0x00000001) c.nop
core   0: 1 0x0000000080005612 (0x0001)
core   0: 0x0000000080005614 (0xc20af0d3) fcvt.w.d ra, fs5
core   0: 1 0x0000000080005614 (0xc20af0d3) x1  0x0000000000000000
core   0: 0x0000000080005618 (0x5a0cf953) fsqrt.d fs2, fs9
core   0: 1 0x0000000080005618 (0x5a0cf953) f18 0x7ff8000000000000
core   0: 0x000000008000561c (0x0fa5b6b7) lui     a3, 0xfa5b
core   0: 1 0x000000008000561c (0x0fa5b6b7) x13 0x000000000fa5b000
core   0: 0x0000000080005620 (0x02d8093b) mulw    s2, a6, a3
core   0: 1 0x0000000080005620 (0x02d8093b) x18 0x0000000000000000
core   0: 0x0000000080005624 (0x0284783b) remuw   a6, s0, s0
core   0: 1 0x0000000080005624 (0x0284783b) x16 0x0000000000000000
core   0: 0x0000000080005628 (0x7ff46493) ori     s1, s0, 2047
core   0: 1 0x0000000080005628 (0x7ff46493) x9  0x00000000000007ff
core   0: 0x000000008000562c (0x80027513) andi    a0, tp, -2048
core   0: 1 0x000000008000562c (0x80027513) x10 0x0000000000000000
core   0: 0x0000000080005630 (0x015afab3) and     s5, s5, s5
core   0: 1 0x0000000080005630 (0x015afab3) x21 0x7fffffffffffffff
core   0: 0x0000000080005634 (0x035739b3) mulhu   s3, a4, s5
core   0: 1 0x0000000080005634 (0x035739b3) x19 0x00000000000003ff
core   0: 0x0000000080005638 (0xba49fc13) andi    s8, s3, -1116
core   0: 1 0x0000000080005638 (0xba49fc13) x24 0x00000000000003a4
core   0: 0x000000008000563c (0x01ac40b3) xor     ra, s8, s10
core   0: 1 0x000000008000563c (0x01ac40b3) x1  0x00000000000003a4
core   0: 0x0000000080005640 (0xd3c28a1b) addiw   s4, t0, -708
core   0: 1 0x0000000080005640 (0xd3c28a1b) x20 0x00000000751dbbb8
core   0: 0x0000000080005644 (0x939a7ccf) fnmadd.d fs9, fs4, fs9, fs2
core   0: 1 0x0000000080005644 (0x939a7ccf) f25 0x7ff8000000000000
core   0: 0x0000000080005648 (0x97ad009b) addiw   ra, s10, -1670
core   0: 1 0x0000000080005648 (0x97ad009b) x1  0xfffffffffffff97a
core   0: 0x000000008000564c (0x00fe9db3) sll     s11, t4, a5
core   0: 1 0x000000008000564c (0x00fe9db3) x27 0xfffffc0000000000
core   0: 0x0000000080005650 (0x134a7fd3) fmul.d  ft11, fs4, fs4
core   0: 1 0x0000000080005650 (0x134a7fd3) f31 0x7ff8000000000000
core   0: 0x0000000080005654 (0xd23ef553) fcvt.d.lu fa0, t4
core   0: 1 0x0000000080005654 (0xd23ef553) c1_fflags 0x0000000000000011 f10 0x43f0000000000000
core   0: 0x0000000080005658 (0xc02ff4d3) fcvt.l.s s1, ft11
core   0: 1 0x0000000080005658 (0xc02ff4d3) c1_fflags 0x0000000000000011 x9  0x7fffffffffffffff
core   0: 0x000000008000565c (0x12757ad3) fmul.d  fs5, fa0, ft7
core   0: 1 0x000000008000565c (0x12757ad3) f21 0x7ff8000000000000
core   0: 0x0000000080005660 (0x7ffdf693) andi    a3, s11, 2047
core   0: 1 0x0000000080005660 (0x7ffdf693) x13 0x0000000000000000
core   0: 0x0000000080005664 (0x01f49c1b) slliw   s8, s1, 31
core   0: 1 0x0000000080005664 (0x01f49c1b) x24 0xffffffff80000000
core   0: 0x0000000080005668 (0x420f87d3) fcvt.d.s fa5, ft11
core   0: 1 0x0000000080005668 (0x420f87d3) f15 0x7ff8000000000000
core   0: 0x000000008000566c (0x00000001) c.nop
core   0: 1 0x000000008000566c (0x0001)
core   0: 0x000000008000566e (0xc0217453) fcvt.l.s s0, ft2
core   0: 1 0x000000008000566e (0xc0217453) c1_fflags 0x0000000000000011 x8  0x7fffffffffffffff
core   0: 0x0000000080005672 (0xfd717037) lui     zero, 0xfd717
core   0: 1 0x0000000080005672 (0xfd717037)
core   0: 0x0000000080005676 (0x1c30001b) addiw   zero, zero, 451
core   0: 1 0x0000000080005676 (0x1c30001b)
core   0: 0x000000008000567a (0x00c01013) slli    zero, zero, 12
core   0: 1 0x000000008000567a (0x00c01013)
core   0: 0x000000008000567e (0xb7900013) li      zero, -1159
core   0: 1 0x000000008000567e (0xb7900013)
core   0: 0x0000000080005682 (0x5a027253) fsqrt.d ft4, ft4
core   0: 1 0x0000000080005682 (0x5a027253) f4  0x7ff8000000000000
core   0: 0x0000000080005686 (0x000097a2) c.add   a5, s0
core   0: 1 0x0000000080005686 (0x97a2) x15 0x80000000800055e9
core   0: 0x0000000080005688 (0x02fefe3b) remuw   t3, t4, a5
core   0: 1 0x0000000080005688 (0x02fefe3b) x28 0x000000007fffaa16
core   0: 0x000000008000568c (0x03185d33) divu    s10, a6, a7
core   0: 1 0x000000008000568c (0x03185d33) x26 0x0000000000000000
core   0: 0x0000000080005690 (0x0282c0b3) div     ra, t0, s0
core   0: 1 0x0000000080005690 (0x0282c0b3) x1  0x0000000000000000
core   0: 0x0000000080005694 (0x03429d93) slli    s11, t0, 52
core   0: 1 0x0000000080005694 (0x03429d93) x27 0xe7c0000000000000
core   0: 0x0000000080005698 (0x231118d3) fsgnjn.d fa7, ft2, fa7
core   0: 1 0x0000000080005698 (0x231118d3) f17 0x800000007fffffff
core   0: 0x000000008000569c (0x013789bb) addw    s3, a5, s3
core   0: 1 0x000000008000569c (0x013789bb) x19 0xffffffff800059e8
core   0: 0x00000000800056a0 (0xf20089d3) fmv.d.x fs3, ra
core   0: 1 0x00000000800056a0 (0xf20089d3) f19 0x0000000000000000
core   0: 0x00000000800056a4 (0x03d94e33) div     t3, s2, t4
core   0: 1 0x00000000800056a4 (0x03d94e33) x28 0x0000000000000000
core   0: 0x00000000800056a8 (0x02e0fd53) fadd.d  fs10, ft1, fa4
core   0: 1 0x00000000800056a8 (0x02e0fd53) f26 0x7ff8000000000000
core   0: 0x00000000800056ac (0x00b71dbb) sllw    s11, a4, a1
core   0: 1 0x00000000800056ac (0x00b71dbb) x27 0xffffffff80000000
core   0: 0x00000000800056b0 (0x406ade3b) sraw    t3, s5, t1
core   0: 1 0x00000000800056b0 (0x406ade3b) x28 0xffffffffffffffff
core   0: 0x00000000800056b4 (0x22dd1cd3) fsgnjn.d fs9, fs10, fa3
core   0: 1 0x00000000800056b4 (0x22dd1cd3) f25 0x7ff8000000000000
core   0: 0x00000000800056b8 (0x00000001) c.nop
core   0: 1 0x00000000800056b8 (0x0001)
core   0: 0x00000000800056ba (0x028ada93) srli    s5, s5, 40
core   0: 1 0x00000000800056ba (0x028ada93) x21 0x00000000007fffff
core   0: 0x00000000800056be (0x228c81d3) fsgnj.d ft3, fs9, fs0
core   0: 1 0x00000000800056be (0x228c81d3) f3  0x7ff8000000000000
core   0: 0x00000000800056c2 (0xd23afdd3) fcvt.d.lu fs11, s5
core   0: 1 0x00000000800056c2 (0xd23afdd3) f27 0x415fffffc0000000
core   0: 0x00000000800056c6 (0x90966e93) ori     t4, a2, -1783
core   0: 1 0x00000000800056c6 (0x90966e93) x29 0xfffffffffffffb09
core   0: 0x00000000800056ca (0x015e85b3) add     a1, t4, s5
core   0: 1 0x00000000800056ca (0x015e85b3) x11 0x00000000007ffb08
core   0: 0x00000000800056ce (0x0015981b) slliw   a6, a1, 1
core   0: 1 0x00000000800056ce (0x0015981b) x16 0x0000000000fff610
core   0: 0x00000000800056d2 (0x000002bb) addw    t0, zero, zero
core   0: 1 0x00000000800056d2 (0x000002bb) x5  0x0000000000000000
core   0: 0x00000000800056d6 (0x00000001) c.nop
core   0: 1 0x00000000800056d6 (0x0001)
core   0: 0x00000000800056d8 (0x00000001) c.nop
core   0: 1 0x00000000800056d8 (0x0001)
core   0: 0x00000000800056da (0xd21e8853) fcvt.d.wu fa6, t4
core   0: 1 0x00000000800056da (0xd21e8853) f16 0x41efffff61200000
core   0: 0x00000000800056de (0x003591b3) sll     gp, a1, gp
core   0: 1 0x00000000800056de (0x003591b3) x3  0x00000000007ffb08
core   0: 0x00000000800056e2 (0x01a6d6b3) srl     a3, a3, s10
core   0: 1 0x00000000800056e2 (0x01a6d6b3) x13 0x0000000000000000
core   0: 0x00000000800056e6 (0x43f5d013) srai    zero, a1, 63
core   0: 1 0x00000000800056e6 (0x43f5d013)
core   0: 0x00000000800056ea (0x0011561b) srliw   a2, sp, 1
core   0: 1 0x00000000800056ea (0x0011561b) x12 0x0000000000000000
core   0: 0x00000000800056ee (0x006a813b) addw    sp, s5, t1
core   0: 1 0x00000000800056ee (0x006a813b) x2  0x00000000007fffff
core   0: 0x00000000800056f2 (0x03336b33) rem     s6, t1, s3
core   0: 1 0x00000000800056f2 (0x03336b33) x22 0x0000000000000000
core   0: 0x00000000800056f6 (0x001a16f3) csrrw   a3, fflags, s4
core   0: 1 0x00000000800056f6 (0x001a16f3) x13 0x0000000000000011 c1_fflags 0x0000000000000018
core   0: 0x00000000800056fa (0xd026f153) fcvt.s.l ft2, a3
core   0: 1 0x00000000800056fa (0xd026f153) f2  0xffffffff41880000
core   0: 0x00000000800056fe (0x4017db9b) sraiw   s7, a5, 1
core   0: 1 0x00000000800056fe (0x4017db9b) x23 0xffffffffc0002af4
core   0: 0x0000000080005702 (0x2222a2d3) fsgnjx.d ft5, ft5, ft2
core   0: 1 0x0000000080005702 (0x2222a2d3) f5  0xfff8000000000000
core   0: 0x0000000080005706 (0x037af83b) remuw   a6, s5, s7
core   0: 1 0x0000000080005706 (0x037af83b) x16 0x00000000007fffff
core   0: 0x000000008000570a (0x401b7d53) fcvt.s.d fs10, fs6
core   0: 1 0x000000008000570a (0x401b7d53) f26 0xffffffff7fc00000
core   0: 0x000000008000570e (0x6b4b8a13) addi    s4, s7, 1716
core   0: 1 0x000000008000570e (0x6b4b8a13) x20 0xffffffffc00031a8
core   0: 0x0000000080005712 (0x00202473) csrrs   s0, frm, zero
core   0: 1 0x0000000080005712 (0x00202473) x8  0x0000000000000000
core   0: 0x0000000080005716 (0x00659d9b) slliw   s11, a1, 6
core   0: 1 0x0000000080005716 (0x00659d9b) x27 0x000000001ffec200
core   0: 0x000000008000571a (0x00599c9b) slliw   s9, s3, 5
core   0: 1 0x000000008000571a (0x00599c9b) x25 0x00000000000b3d00
core   0: 0x000000008000571e (0x0386f7bb) remuw   a5, a3, s8
core   0: 1 0x000000008000571e (0x0386f7bb) x15 0x0000000000000011
core   0: 0x0000000080005722 (0xe20694d3) fclass.d s1, fa3
core   0: 1 0x0000000080005722 (0xe20694d3) x9  0x0000000000000008
core   0: 0x0000000080005726 (0x029ed13b) divuw   sp, t4, s1
core   0: 1 0x0000000080005726 (0x029ed13b) x2  0x000000001fffff61
core   0: 0x000000008000572a (0x03b62333) mulhsu  t1, a2, s11
core   0: 1 0x000000008000572a (0x03b62333) x6  0x0000000000000000
core   0: 0x000000008000572e (0x0bac764b) fnmsub.d fa2, fs8, fs10, ft1
core   0: 1 0x000000008000572e (0x0bac764b) f12 0x7ff8000000000000
core   0: 0x0000000080005732 (0x52557d47) fmsub.d fs10, fa0, ft5, fa0
core   0: 1 0x0000000080005732 (0x52557d47) f26 0x7ff8000000000000
core   0: 0x0000000080005736 (0x00de0633) add     a2, t3, a3
core   0: 1 0x0000000080005736 (0x00de0633) x12 0x0000000000000010
core   0: 0x000000008000573a (0x4000da9b) sraiw   s5, ra, 0
core   0: 1 0x000000008000573a (0x4000da9b) x21 0x0000000000000000
core   0: 0x000000008000573e (0x125d7bd3) fmul.d  fs7, fs10, ft5
core   0: 1 0x000000008000573e (0x125d7bd3) f23 0x7ff8000000000000
core   0: 0x0000000080005742 (0x021c6933) rem     s2, s8, ra
core   0: 1 0x0000000080005742 (0x021c6933) x18 0xffffffff80000000
core   0: 0x0000000080005746 (0x000c101b) slliw   zero, s8, 0
core   0: 1 0x0000000080005746 (0x000c101b)
core   0: 0x000000008000574a (0x0004d213) srli    tp, s1, 0
core   0: 1 0x000000008000574a (0x0004d213) x4  0x0000000000000008
core   0: 0x000000008000574e (0x00202a73) csrrs   s4, frm, zero
core   0: 1 0x000000008000574e (0x00202a73) x20 0x0000000000000000
core   0: 0x0000000080005752 (0x137af653) fmul.d  fa2, fs5, fs7
core   0: 1 0x0000000080005752 (0x137af653) f12 0x7ff8000000000000
core   0: 0x0000000080005756 (0x4093d5bb) sraw    a1, t2, s1
core   0: 1 0x0000000080005756 (0x4093d5bb) x11 0x0000000000000000
core   0: 0x000000008000575a (0xc23bf353) fcvt.lu.d t1, fs7
core   0: 1 0x000000008000575a (0xc23bf353) c1_fflags 0x0000000000000018 x6  0xffffffffffffffff
core   0: 0x000000008000575e (0x00000486) c.slli  s1, 1
core   0: 1 0x000000008000575e (0x0486) x9  0x0000000000000010
core   0: 0x0000000080005760 (0x1b667ad3) fdiv.d  fs5, fa2, fs6
core   0: 1 0x0000000080005760 (0x1b667ad3) f21 0x7ff8000000000000
core   0: 0x0000000080005764 (0x4103553b) sraw    a0, t1, a6
core   0: 1 0x0000000080005764 (0x4103553b) x10 0xffffffffffffffff
core   0: 0x0000000080005768 (0x02e90833) mul     a6, s2, a4
core   0: 1 0x0000000080005768 (0x02e90833) x16 0xfffffc0080000000
core   0: 0x000000008000576c (0x2c0477b7) lui     a5, 0x2c047
core   0: 1 0x000000008000576c (0x2c0477b7) x15 0x000000002c047000
core   0: 0x0000000080005770 (0x0139bd33) sltu    s10, s3, s3
core   0: 1 0x0000000080005770 (0x0139bd33) x26 0x0000000000000000
core   0: 0x0000000080005774 (0xe20e86d3) fmv.x.d a3, ft9
core   0: 1 0x0000000080005774 (0xe20e86d3) x13 0x7ff8000000000000
core   0: 0x0000000080005778 (0xb2ecfcc3) fmadd.d fs9, fs9, fa4, fs6
core   0: 1 0x0000000080005778 (0xb2ecfcc3) f25 0x7ff8000000000000
core   0: 0x000000008000577c (0xfb468113) addi    sp, a3, -76
core   0: 1 0x000000008000577c (0xfb468113) x2  0x7ff7ffffffffffb4
core   0: 0x0000000080005780 (0x001197f3) csrrw   a5, fflags, gp
core   0: 1 0x0000000080005780 (0x001197f3) x15 0x0000000000000018 c1_fflags 0x0000000000000008
core   0: 0x0000000080005784 (0x02f352bb) divuw   t0, t1, a5
core   0: 1 0x0000000080005784 (0x02f352bb) x5  0x000000000aaaaaaa
core   0: 0x0000000080005788 (0x01c68d33) add     s10, a3, t3
core   0: 1 0x0000000080005788 (0x01c68d33) x26 0x7ff7ffffffffffff
core   0: 0x000000008000578c (0x00002101) c.addiw sp, 0
core   0: 1 0x000000008000578c (0x2101) x2  0xffffffffffffffb4
core   0: 0x000000008000578e (0xc22bfc53) fcvt.l.d s8, fs7
core   0: 1 0x000000008000578e (0xc22bfc53) c1_fflags 0x0000000000000018 x24 0x7fffffffffffffff
core   0: 0x0000000080005792 (0x2bf105d3) fmin.d  fa1, ft2, ft11
core   0: 1 0x0000000080005792 (0x2bf105d3) f11 0x7ff8000000000000
core   0: 0x0000000080005796 (0x0056909b) slliw   ra, a3, 5
core   0: 1 0x0000000080005796 (0x0056909b) x1  0x0000000000000000
core   0: 0x000000008000579a (0xa3f101d3) fle.d   gp, ft2, ft11
core   0: 1 0x000000008000579a (0xa3f101d3) c1_fflags 0x0000000000000018 x3  0x0000000000000000
core   0: 0x000000008000579e (0x001d8d1b) addiw   s10, s11, 1
core   0: 1 0x000000008000579e (0x001d8d1b) x26 0x000000001ffec201
core   0: 0x00000000800057a2 (0x00150213) addi    tp, a0, 1
core   0: 1 0x00000000800057a2 (0x00150213) x4  0x0000000000000000
core   0: 0x00000000800057a6 (0x00466633) or      a2, a2, tp
core   0: 1 0x00000000800057a6 (0x00466633) x12 0x0000000000000010
core   0: 0x00000000800057aa (0xd030f653) fcvt.s.lu fa2, ra
core   0: 1 0x00000000800057aa (0xd030f653) f12 0xffffffff00000000
core   0: 0x00000000800057ae (0x40c4d11b) sraiw   sp, s1, 12
core   0: 1 0x00000000800057ae (0x40c4d11b) x2  0x0000000000000000
core   0: 0x00000000800057b2 (0x001a541b) srliw   s0, s4, 1
core   0: 1 0x00000000800057b2 (0x001a541b) x8  0x0000000000000000
core   0: 0x00000000800057b6 (0x037bebb3) rem     s7, s7, s7
core   0: 1 0x00000000800057b6 (0x037bebb3) x23 0x0000000000000000
core   0: 0x00000000800057ba (0x016b16bb) sllw    a3, s6, s6
core   0: 1 0x00000000800057ba (0x016b16bb) x13 0x0000000000000000
core   0: 0x00000000800057be (0x03704833) div     a6, zero, s7
core   0: 1 0x00000000800057be (0x03704833) x16 0xffffffffffffffff
core   0: 0x00000000800057c2 (0x03f85993) srli    s3, a6, 63
core   0: 1 0x00000000800057c2 (0x03f85993) x19 0x0000000000000001
core   0: 0x00000000800057c6 (0x40f00eb3) sub     t4, zero, a5
core   0: 1 0x00000000800057c6 (0x40f00eb3) x29 0xffffffffffffffe8
core   0: 0x00000000800057ca (0x21f84bb7) lui     s7, 0x21f84
core   0: 1 0x00000000800057ca (0x21f84bb7) x23 0x0000000021f84000
core   0: 0x00000000800057ce (0x00101cf3) csrrw   s9, fflags, zero
core   0: 1 0x00000000800057ce (0x00101cf3) x25 0x0000000000000018 c1_fflags 0x0000000000000000
core   0: 0x00000000800057d2 (0xbda76193) ori     gp, a4, -1062
core   0: 1 0x00000000800057d2 (0xbda76193) x3  0xffffffffffffffff
core   0: 0x00000000800057d6 (0x23cb08d3) fsgnj.d fa7, fs6, ft8
core   0: 1 0x00000000800057d6 (0x23cb08d3) f17 0x7ff8000000000000
core   0: 0x00000000800057da (0x41fcdd1b) sraiw   s10, s9, 31
core   0: 1 0x00000000800057da (0x41fcdd1b) x26 0x0000000000000000
core   0: 0x00000000800057de (0xe20b09d3) fmv.x.d s3, fs6
core   0: 1 0x00000000800057de (0xe20b09d3) x19 0xfff8000000000000
core   0: 0x00000000800057e2 (0x0073a8b3) slt     a7, t2, t2
core   0: 1 0x00000000800057e2 (0x0073a8b3) x17 0x0000000000000000
core   0: 0x00000000800057e6 (0x031e7cd3) fadd.d  fs9, ft8, fa7
core   0: 1 0x00000000800057e6 (0x031e7cd3) f25 0x7ff8000000000000
core   0: 0x00000000800057ea (0x011623b3) slt     t2, a2, a7
core   0: 1 0x00000000800057ea (0x011623b3) x7  0x0000000000000000
core   0: 0x00000000800057ee (0xd233fd53) fcvt.d.lu fs10, t2
core   0: 1 0x00000000800057ee (0xd233fd53) f26 0x0000000000000000
core   0: 0x00000000800057f2 (0x23931153) fsgnjn.d ft2, ft6, fs9
core   0: 1 0x00000000800057f2 (0x23931153) f2  0x8000000000000000
core   0: 0x00000000800057f6 (0x2a338b53) fmin.d  fs6, ft7, ft3
core   0: 1 0x00000000800057f6 (0x2a338b53) f22 0x7ff8000000000000
core   0: 0x00000000800057fa (0x011250bb) srlw    ra, tp, a7
core   0: 1 0x00000000800057fa (0x011250bb) x1  0x0000000000000000
core   0: 0x00000000800057fe (0xc23d77d3) fcvt.lu.d a5, fs10
core   0: 1 0x00000000800057fe (0xc23d77d3) x15 0x0000000000000000
core   0: 0x0000000080005802 (0x400d5b9b) sraiw   s7, s10, 0
core   0: 1 0x0000000080005802 (0x400d5b9b) x23 0x0000000000000000
core   0: 0x0000000080005806 (0xb82dadf3) csrrs   s11, minstreth, s11
core   0: exception trap_illegal_instruction, epc 0x0000000080005806
core   0:           tval 0x00000000b82dadf3
core   0: >>>>  $xrv64i2p1_m2p0_a2p1_f2p2_d2p2_zicsr2p0_zifencei2p0_zmmul1p0_zba1p0_zbb1p0_zbc1p0_zbs1p0
core   0: 0x0000000080004000 (0x0080006f) j       pc + 0x8
core   0: 3 0x0000000080004000 (0x0080006f)
core   0: >>>>  mmode_exception_handler
core   0: 0x0000000080004008 (0x00002c17) auipc   s8, 0x2
core   0: 3 0x0000000080004008 (0x00002c17) x24 0x0000000080006008
core   0: 0x000000008000400c (0x06ec0c13) addi    s8, s8, 110
core   0: 3 0x000000008000400c (0x06ec0c13) x24 0x0000000080006076
core   0: 0x0000000080004010 (0x000c00e7) jalr    s8
core   0: 3 0x0000000080004010 (0x000c00e7) x1  0x0000000080004014
core   0: >>>>  any_handler
core   0: 0x0000000080006076 (0x341027f3) csrrs   a5, mepc, zero
core   0: 3 0x0000000080006076 (0x341027f3) x15 0x0000000080005806
core   0: 0x000000008000607a (0x34202773) csrrs   a4, mcause, zero
core   0: 3 0x000000008000607a (0x34202773) x14 0x0000000000000002
core   0: 0x000000008000607e (0x142026f3) csrrs   a3, scause, zero
core   0: 3 0x000000008000607e (0x142026f3) x13 0x0000000000000005
core   0: 0x0000000080006082 (0x30402673) csrrs   a2, mie, zero
core   0: 3 0x0000000080006082 (0x30402673) x12 0x0000000000000a00
core   0: 0x0000000080006086 (0x344025f3) csrrs   a1, mip, zero
core   0: 3 0x0000000080006086 (0x344025f3) x11 0x0000000000000080
core   0: 0x000000008000608a (0x343025f3) csrrs   a1, mtval, zero
core   0: 3 0x000000008000608a (0x343025f3) x11 0x00000000b82dadf3
core   0: 0x000000008000608e (0x14302573) csrrs   a0, stval, zero
core   0: 3 0x000000008000608e (0x14302573) x10 0x0000000000000002
core   0: 0x0000000080006092 (0xb02024f3) csrrs   s1, minstret, zero
core   0: 3 0x0000000080006092 (0xb02024f3) x9  0x0000000000000f77
core   0: 0x0000000080006096 (0x0000a811) c.j     pc + 20
core   0: 3 0x0000000080006096 (0xa811)
core   0: >>>>  mepc_4
core   0: 0x00000000800060aa (0x00000791) c.addi  a5, 4
core   0: 3 0x00000000800060aa (0x0791) x15 0x000000008000580a
core   0: 0x00000000800060ac (0x34179073) csrrw   zero, mepc, a5
core   0: 3 0x00000000800060ac (0x34179073) c833_mepc 0x000000008000580a
core   0: 0x00000000800060b0 (0x30200073) mret
core   0: 3 0x00000000800060b0 (0x30200073) c768_mstatus 0x8000000a00106082
core   0: 0x000000008000580a (0xd03df2d3) fcvt.s.lu ft5, s11
core   0: 1 0x000000008000580a (0xd03df2d3) f5  0xffffffff4dfff610
core   0: 0x000000008000580e (0x2bba8153) fmin.d  ft2, fs5, fs11
core   0: 1 0x000000008000580e (0x2bba8153) f2  0x415fffffc0000000
core   0: 0x0000000080005812 (0xf15fe173) csrrsi  sp, mconfigptr, 31
core   0: exception trap_illegal_instruction, epc 0x0000000080005812
core   0:           tval 0x00000000f15fe173
core   0: >>>>  $xrv64i2p1_m2p0_a2p1_f2p2_d2p2_zicsr2p0_zifencei2p0_zmmul1p0_zba1p0_zbb1p0_zbc1p0_zbs1p0
core   0: 0x0000000080004000 (0x0080006f) j       pc + 0x8
core   0: 3 0x0000000080004000 (0x0080006f)
core   0: >>>>  mmode_exception_handler
core   0: 0x0000000080004008 (0x00002c17) auipc   s8, 0x2
core   0: 3 0x0000000080004008 (0x00002c17) x24 0x0000000080006008
core   0: 0x000000008000400c (0x06ec0c13) addi    s8, s8, 110
core   0: 3 0x000000008000400c (0x06ec0c13) x24 0x0000000080006076
core   0: 0x0000000080004010 (0x000c00e7) jalr    s8
core   0: 3 0x0000000080004010 (0x000c00e7) x1  0x0000000080004014
core   0: >>>>  any_handler
core   0: 0x0000000080006076 (0x341027f3) csrrs   a5, mepc, zero
core   0: 3 0x0000000080006076 (0x341027f3) x15 0x0000000080005812
core   0: 0x000000008000607a (0x34202773) csrrs   a4, mcause, zero
core   0: 3 0x000000008000607a (0x34202773) x14 0x0000000000000002
core   0: 0x000000008000607e (0x142026f3) csrrs   a3, scause, zero
core   0: 3 0x000000008000607e (0x142026f3) x13 0x0000000000000005
core   0: 0x0000000080006082 (0x30402673) csrrs   a2, mie, zero
core   0: 3 0x0000000080006082 (0x30402673) x12 0x0000000000000a00
core   0: 0x0000000080006086 (0x344025f3) csrrs   a1, mip, zero
core   0: 3 0x0000000080006086 (0x344025f3) x11 0x0000000000000080
core   0: 0x000000008000608a (0x343025f3) csrrs   a1, mtval, zero
core   0: 3 0x000000008000608a (0x343025f3) x11 0x00000000f15fe173
core   0: 0x000000008000608e (0x14302573) csrrs   a0, stval, zero
core   0: 3 0x000000008000608e (0x14302573) x10 0x0000000000000002
core   0: 0x0000000080006092 (0xb02024f3) csrrs   s1, minstret, zero
core   0: 3 0x0000000080006092 (0xb02024f3) x9  0x0000000000000f89
core   0: 0x0000000080006096 (0x0000a811) c.j     pc + 20
core   0: 3 0x0000000080006096 (0xa811)
core   0: >>>>  mepc_4
core   0: 0x00000000800060aa (0x00000791) c.addi  a5, 4
core   0: 3 0x00000000800060aa (0x0791) x15 0x0000000080005816
core   0: 0x00000000800060ac (0x34179073) csrrw   zero, mepc, a5
core   0: 3 0x00000000800060ac (0x34179073) c833_mepc 0x0000000080005816
core   0: 0x00000000800060b0 (0x30200073) mret
core   0: 3 0x00000000800060b0 (0x30200073) c768_mstatus 0x8000000a00106082
core   0: 0x0000000080005816 (0x001de033) or      zero, s11, ra
core   0: 1 0x0000000080005816 (0x001de033)
core   0: 0x000000008000581a (0x002312f3) csrrw   t0, frm, t1
core   0: 1 0x000000008000581a (0x002312f3) x5  0x0000000000000000 c2_frm 0x0000000000000007
core   0: 0x000000008000581e (0x015aaab3) slt     s5, s5, s5
core   0: 1 0x000000008000581e (0x015aaab3) x21 0x0000000000000000
core   0: 0x0000000080005822 (0x8bb4fb4f) fnmadd.d fs6, fs1, fs11, fa7
core   0: exception trap_illegal_instruction, epc 0x0000000080005822
core   0:           tval 0x000000008bb4fb4f
core   0: >>>>  $xrv64i2p1_m2p0_a2p1_f2p2_d2p2_zicsr2p0_zifencei2p0_zmmul1p0_zba1p0_zbb1p0_zbc1p0_zbs1p0
core   0: 0x0000000080004000 (0x0080006f) j       pc + 0x8
core   0: 3 0x0000000080004000 (0x0080006f)
core   0: >>>>  mmode_exception_handler
core   0: 0x0000000080004008 (0x00002c17) auipc   s8, 0x2
core   0: 3 0x0000000080004008 (0x00002c17) x24 0x0000000080006008
core   0: 0x000000008000400c (0x06ec0c13) addi    s8, s8, 110
core   0: 3 0x000000008000400c (0x06ec0c13) x24 0x0000000080006076
core   0: 0x0000000080004010 (0x000c00e7) jalr    s8
core   0: 3 0x0000000080004010 (0x000c00e7) x1  0x0000000080004014
core   0: >>>>  any_handler
core   0: 0x0000000080006076 (0x341027f3) csrrs   a5, mepc, zero
core   0: 3 0x0000000080006076 (0x341027f3) x15 0x0000000080005822
core   0: 0x000000008000607a (0x34202773) csrrs   a4, mcause, zero
core   0: 3 0x000000008000607a (0x34202773) x14 0x0000000000000002
core   0: 0x000000008000607e (0x142026f3) csrrs   a3, scause, zero
core   0: 3 0x000000008000607e (0x142026f3) x13 0x0000000000000005
core   0: 0x0000000080006082 (0x30402673) csrrs   a2, mie, zero
core   0: 3 0x0000000080006082 (0x30402673) x12 0x0000000000000a00
core   0: 0x0000000080006086 (0x344025f3) csrrs   a1, mip, zero
core   0: 3 0x0000000080006086 (0x344025f3) x11 0x0000000000000080
core   0: 0x000000008000608a (0x343025f3) csrrs   a1, mtval, zero
core   0: 3 0x000000008000608a (0x343025f3) x11 0x000000008bb4fb4f
core   0: 0x000000008000608e (0x14302573) csrrs   a0, stval, zero
core   0: 3 0x000000008000608e (0x14302573) x10 0x0000000000000002
core   0: 0x0000000080006092 (0xb02024f3) csrrs   s1, minstret, zero
core   0: 3 0x0000000080006092 (0xb02024f3) x9  0x0000000000000f9c
core   0: 0x0000000080006096 (0x0000a811) c.j     pc + 20
core   0: 3 0x0000000080006096 (0xa811)
core   0: >>>>  mepc_4
core   0: 0x00000000800060aa (0x00000791) c.addi  a5, 4
core   0: 3 0x00000000800060aa (0x0791) x15 0x0000000080005826
core   0: 0x00000000800060ac (0x34179073) csrrw   zero, mepc, a5
core   0: 3 0x00000000800060ac (0x34179073) c833_mepc 0x0000000080005826
core   0: 0x00000000800060b0 (0x30200073) mret
core   0: 3 0x00000000800060b0 (0x30200073) c768_mstatus 0x8000000a00106082
core   0: 0x0000000080005826 (0xd02af653) fcvt.s.l fa2, s5
core   0: exception trap_illegal_instruction, epc 0x0000000080005826
core   0:           tval 0x00000000d02af653
core   0: >>>>  $xrv64i2p1_m2p0_a2p1_f2p2_d2p2_zicsr2p0_zifencei2p0_zmmul1p0_zba1p0_zbb1p0_zbc1p0_zbs1p0
core   0: 0x0000000080004000 (0x0080006f) j       pc + 0x8
core   0: 3 0x0000000080004000 (0x0080006f)
core   0: >>>>  mmode_exception_handler
core   0: 0x0000000080004008 (0x00002c17) auipc   s8, 0x2
core   0: 3 0x0000000080004008 (0x00002c17) x24 0x0000000080006008
core   0: 0x000000008000400c (0x06ec0c13) addi    s8, s8, 110
core   0: 3 0x000000008000400c (0x06ec0c13) x24 0x0000000080006076
core   0: 0x0000000080004010 (0x000c00e7) jalr    s8
core   0: 3 0x0000000080004010 (0x000c00e7) x1  0x0000000080004014
core   0: >>>>  any_handler
core   0: 0x0000000080006076 (0x341027f3) csrrs   a5, mepc, zero
core   0: 3 0x0000000080006076 (0x341027f3) x15 0x0000000080005826
core   0: 0x000000008000607a (0x34202773) csrrs   a4, mcause, zero
core   0: 3 0x000000008000607a (0x34202773) x14 0x0000000000000002
core   0: 0x000000008000607e (0x142026f3) csrrs   a3, scause, zero
core   0: 3 0x000000008000607e (0x142026f3) x13 0x0000000000000005
core   0: 0x0000000080006082 (0x30402673) csrrs   a2, mie, zero
core   0: 3 0x0000000080006082 (0x30402673) x12 0x0000000000000a00
core   0: 0x0000000080006086 (0x344025f3) csrrs   a1, mip, zero
core   0: 3 0x0000000080006086 (0x344025f3) x11 0x0000000000000080
core   0: 0x000000008000608a (0x343025f3) csrrs   a1, mtval, zero
core   0: 3 0x000000008000608a (0x343025f3) x11 0x00000000d02af653
core   0: 0x000000008000608e (0x14302573) csrrs   a0, stval, zero
core   0: 3 0x000000008000608e (0x14302573) x10 0x0000000000000002
core   0: 0x0000000080006092 (0xb02024f3) csrrs   s1, minstret, zero
core   0: 3 0x0000000080006092 (0xb02024f3) x9  0x0000000000000fac
core   0: 0x0000000080006096 (0x0000a811) c.j     pc + 20
core   0: 3 0x0000000080006096 (0xa811)
core   0: >>>>  mepc_4
core   0: 0x00000000800060aa (0x00000791) c.addi  a5, 4
core   0: 3 0x00000000800060aa (0x0791) x15 0x000000008000582a
core   0: 0x00000000800060ac (0x34179073) csrrw   zero, mepc, a5
core   0: 3 0x00000000800060ac (0x34179073) c833_mepc 0x000000008000582a
core   0: 0x00000000800060b0 (0x30200073) mret
core   0: 3 0x00000000800060b0 (0x30200073) c768_mstatus 0x8000000a00106082
core   0: 0x000000008000582a (0x008ad933) srl     s2, s5, s0
core   0: 1 0x000000008000582a (0x008ad933) x18 0x0000000000000000
core   0: 0x000000008000582e (0x3d4c4117) auipc   sp, 0x3d4c4
core   0: 1 0x000000008000582e (0x3d4c4117) x2  0x00000000bd4c982e
core   0: 0x0000000080005832 (0x001397f3) csrrw   a5, fflags, t2
core   0: 1 0x0000000080005832 (0x001397f3) x15 0x0000000000000000 c1_fflags 0x0000000000000000
core   0: 0x0000000080005836 (0x5a017153) fsqrt.d ft2, ft2
core   0: exception trap_illegal_instruction, epc 0x0000000080005836
core   0:           tval 0x000000005a017153
core   0: >>>>  $xrv64i2p1_m2p0_a2p1_f2p2_d2p2_zicsr2p0_zifencei2p0_zmmul1p0_zba1p0_zbb1p0_zbc1p0_zbs1p0
core   0: 0x0000000080004000 (0x0080006f) j       pc + 0x8
core   0: 3 0x0000000080004000 (0x0080006f)
core   0: >>>>  mmode_exception_handler
core   0: 0x0000000080004008 (0x00002c17) auipc   s8, 0x2
core   0: 3 0x0000000080004008 (0x00002c17) x24 0x0000000080006008
core   0: 0x000000008000400c (0x06ec0c13) addi    s8, s8, 110
core   0: 3 0x000000008000400c (0x06ec0c13) x24 0x0000000080006076
core   0: 0x0000000080004010 (0x000c00e7) jalr    s8
core   0: 3 0x0000000080004010 (0x000c00e7) x1  0x0000000080004014
core   0: >>>>  any_handler
core   0: 0x0000000080006076 (0x341027f3) csrrs   a5, mepc, zero
core   0: 3 0x0000000080006076 (0x341027f3) x15 0x0000000080005836
core   0: 0x000000008000607a (0x34202773) csrrs   a4, mcause, zero
core   0: 3 0x000000008000607a (0x34202773) x14 0x0000000000000002
core   0: 0x000000008000607e (0x142026f3) csrrs   a3, scause, zero
core   0: 3 0x000000008000607e (0x142026f3) x13 0x0000000000000005
core   0: 0x0000000080006082 (0x30402673) csrrs   a2, mie, zero
core   0: 3 0x0000000080006082 (0x30402673) x12 0x0000000000000a00
core   0: 0x0000000080006086 (0x344025f3) csrrs   a1, mip, zero
core   0: 3 0x0000000080006086 (0x344025f3) x11 0x0000000000000080
core   0: 0x000000008000608a (0x343025f3) csrrs   a1, mtval, zero
core   0: 3 0x000000008000608a (0x343025f3) x11 0x000000005a017153
core   0: 0x000000008000608e (0x14302573) csrrs   a0, stval, zero
core   0: 3 0x000000008000608e (0x14302573) x10 0x0000000000000002
core   0: 0x0000000080006092 (0xb02024f3) csrrs   s1, minstret, zero
core   0: 3 0x0000000080006092 (0xb02024f3) x9  0x0000000000000fbf
core   0: 0x0000000080006096 (0x0000a811) c.j     pc + 20
core   0: 3 0x0000000080006096 (0xa811)
core   0: >>>>  mepc_4
core   0: 0x00000000800060aa (0x00000791) c.addi  a5, 4
core   0: 3 0x00000000800060aa (0x0791) x15 0x000000008000583a
core   0: 0x00000000800060ac (0x34179073) csrrw   zero, mepc, a5
core   0: 3 0x00000000800060ac (0x34179073) c833_mepc 0x000000008000583a
core   0: 0x00000000800060b0 (0x30200073) mret
core   0: 3 0x00000000800060b0 (0x30200073) c768_mstatus 0x8000000a00106082
core   0: 0x000000008000583a (0x01242ab3) slt     s5, s0, s2
core   0: 1 0x000000008000583a (0x01242ab3) x21 0x0000000000000000
core   0: 0x000000008000583e (0x405bd193) srai    gp, s7, 5
core   0: 1 0x000000008000583e (0x405bd193) x3  0x0000000000000000
core   0: 0x0000000080005842 (0x00102bf3) csrrs   s7, fflags, zero
core   0: 1 0x0000000080005842 (0x00102bf3) x23 0x0000000000000000
core   0: 0x0000000080005846 (0xa2760853) fle.d   a6, fa2, ft7
core   0: 1 0x0000000080005846 (0xa2760853) c1_fflags 0x0000000000000010 x16 0x0000000000000000
core   0: 0x000000008000584a (0xf2008553) fmv.d.x fa0, ra
core   0: 1 0x000000008000584a (0xf2008553) f10 0x0000000080004014
core   0: 0x000000008000584e (0x027388b3) mul     a7, t2, t2
core   0: 1 0x000000008000584e (0x027388b3) x17 0x0000000000000000
core   0: 0x0000000080005852 (0x404801bb) subw    gp, a6, tp
core   0: 1 0x0000000080005852 (0x404801bb) x3  0x0000000000000000
core   0: 0x0000000080005856 (0x0061fd33) and     s10, gp, t1
core   0: 1 0x0000000080005856 (0x0061fd33) x26 0x0000000000000000
core   0: 0x000000008000585a (0x7ffd6e93) ori     t4, s10, 2047
core   0: 1 0x000000008000585a (0x7ffd6e93) x29 0x00000000000007ff
core   0: 0x000000008000585e (0xc2157853) fcvt.wu.d a6, fa0
core   0: exception trap_illegal_instruction, epc 0x000000008000585e
core   0:           tval 0x00000000c2157853
core   0: >>>>  $xrv64i2p1_m2p0_a2p1_f2p2_d2p2_zicsr2p0_zifencei2p0_zmmul1p0_zba1p0_zbb1p0_zbc1p0_zbs1p0
core   0: 0x0000000080004000 (0x0080006f) j       pc + 0x8
core   0: 3 0x0000000080004000 (0x0080006f)
core   0: >>>>  mmode_exception_handler
core   0: 0x0000000080004008 (0x00002c17) auipc   s8, 0x2
core   0: 3 0x0000000080004008 (0x00002c17) x24 0x0000000080006008
core   0: 0x000000008000400c (0x06ec0c13) addi    s8, s8, 110
core   0: 3 0x000000008000400c (0x06ec0c13) x24 0x0000000080006076
core   0: 0x0000000080004010 (0x000c00e7) jalr    s8
core   0: 3 0x0000000080004010 (0x000c00e7) x1  0x0000000080004014
core   0: >>>>  any_handler
core   0: 0x0000000080006076 (0x341027f3) csrrs   a5, mepc, zero
core   0: 3 0x0000000080006076 (0x341027f3) x15 0x000000008000585e
core   0: 0x000000008000607a (0x34202773) csrrs   a4, mcause, zero
core   0: 3 0x000000008000607a (0x34202773) x14 0x0000000000000002
core   0: 0x000000008000607e (0x142026f3) csrrs   a3, scause, zero
core   0: 3 0x000000008000607e (0x142026f3) x13 0x0000000000000005
core   0: 0x0000000080006082 (0x30402673) csrrs   a2, mie, zero
core   0: 3 0x0000000080006082 (0x30402673) x12 0x0000000000000a00
core   0: 0x0000000080006086 (0x344025f3) csrrs   a1, mip, zero
core   0: 3 0x0000000080006086 (0x344025f3) x11 0x0000000000000080
core   0: 0x000000008000608a (0x343025f3) csrrs   a1, mtval, zero
core   0: 3 0x000000008000608a (0x343025f3) x11 0x00000000c2157853
core   0: 0x000000008000608e (0x14302573) csrrs   a0, stval, zero
core   0: 3 0x000000008000608e (0x14302573) x10 0x0000000000000002
core   0: 0x0000000080006092 (0xb02024f3) csrrs   s1, minstret, zero
core   0: 3 0x0000000080006092 (0xb02024f3) x9  0x0000000000000fd8
core   0: 0x0000000080006096 (0x0000a811) c.j     pc + 20
core   0: 3 0x0000000080006096 (0xa811)
core   0: >>>>  mepc_4
core   0: 0x00000000800060aa (0x00000791) c.addi  a5, 4
core   0: 3 0x00000000800060aa (0x0791) x15 0x0000000080005862
core   0: 0x00000000800060ac (0x34179073) csrrw   zero, mepc, a5
core   0: 3 0x00000000800060ac (0x34179073) c833_mepc 0x0000000080005862
core   0: 0x00000000800060b0 (0x30200073) mret
core   0: 3 0x00000000800060b0 (0x30200073) c768_mstatus 0x8000000a00106082
core   0: 0x0000000080005862 (0x002917f3) csrrw   a5, frm, s2
core   0: 1 0x0000000080005862 (0x002917f3) x15 0x0000000000000007 c2_frm 0x0000000000000000
core   0: 0x0000000080005866 (0x0126931b) slliw   t1, a3, 18
core   0: 1 0x0000000080005866 (0x0126931b) x6  0x0000000000140000
core   0: 0x000000008000586a (0x01c3193b) sllw    s2, t1, t3
core   0: 1 0x000000008000586a (0x01c3193b) x18 0x0000000000000000
core   0: 0x000000008000586e (0x41925e3b) sraw    t3, tp, s9
core   0: 1 0x000000008000586e (0x41925e3b) x28 0x0000000000000000
core   0: 0x0000000080005872 (0x00009842) c.add   a6, a6
core   0: 1 0x0000000080005872 (0x9842) x16 0x0000000000000000
core   0: 0x0000000080005874 (0x41be05bb) subw    a1, t3, s11
core   0: 1 0x0000000080005874 (0x41be05bb) x11 0xffffffffe0013e00
core   0: 0x0000000080005878 (0xaab510b7) lui     ra, 0xaab51
core   0: 1 0x0000000080005878 (0xaab510b7) x1  0xffffffffaab51000
core   0: 0x000000008000587c (0xb0f60ab7) lui     s5, 0xb0f60
core   0: 1 0x000000008000587c (0xb0f60ab7) x21 0xffffffffb0f60000
core   0: 0x0000000080005880 (0xc22574d3) fcvt.l.d s1, fa0
core   0: 1 0x0000000080005880 (0xc22574d3) c1_fflags 0x0000000000000011 x9  0x0000000000000000
core   0: 0x0000000080005884 (0xd2008b53) fcvt.d.w fs6, ra
core   0: 1 0x0000000080005884 (0xd2008b53) f22 0xc1d552bc00000000
core   0: 0x0000000080005888 (0xcc7ac193) xori    gp, s5, -825
core   0: 1 0x0000000080005888 (0xcc7ac193) x3  0x000000004f09fcc7
core   0: 0x000000008000588c (0xa2ab8653) fle.d   a2, fs7, fa0
core   0: 1 0x000000008000588c (0xa2ab8653) c1_fflags 0x0000000000000011 x12 0x0000000000000000
core   0: 0x0000000080005890 (0x7ff6069b) addiw   a3, a2, 2047
core   0: 1 0x0000000080005890 (0x7ff6069b) x13 0x00000000000007ff
core   0: 0x0000000080005894 (0x005022b3) slt     t0, zero, t0
core   0: 1 0x0000000080005894 (0x005022b3) x5  0x0000000000000000
core   0: 0x0000000080005898 (0x0288bab3) mulhu   s5, a7, s0
core   0: 1 0x0000000080005898 (0x0288bab3) x21 0x0000000000000000
core   0: 0x000000008000589c (0x0338e53b) remw    a0, a7, s3
core   0: 1 0x000000008000589c (0x0338e53b) x10 0x0000000000000000
core   0: 0x00000000800058a0 (0x0ff0000f) fence   iorw,iorw
core   0: 1 0x00000000800058a0 (0x0ff0000f)
core   0: 0x00000000800058a4 (0x40db06b3) sub     a3, s6, a3
core   0: 1 0x00000000800058a4 (0x40db06b3) x13 0xfffffffffffff801
core   0: 0x00000000800058a8 (0x00000001) c.nop
core   0: 1 0x00000000800058a8 (0x0001)
core   0: 0x00000000800058aa (0xf2010753) fmv.d.x fa4, sp
core   0: 1 0x00000000800058aa (0xf2010753) f14 0x00000000bd4c982e
core   0: 0x00000000800058ae (0xd39e7e43) fmadd.d ft8, ft8, fs9, fs10
core   0: 1 0x00000000800058ae (0xd39e7e43) f28 0x7ff8000000000000
core   0: 0x00000000800058b2 (0x418a84b3) sub     s1, s5, s8
core   0: 1 0x00000000800058b2 (0x418a84b3) x9  0xffffffff7fff9f8a
core   0: 0x00000000800058b6 (0x420d80d3) fcvt.d.s ft1, fs11
core   0: 1 0x00000000800058b6 (0x420d80d3) f1  0x7ff8000000000000
core   0: 0x00000000800058ba (0xda397047) fmsub.d ft0, fs2, ft3, fs11
core   0: 1 0x00000000800058ba (0xda397047) f0  0x7ff8000000000000
core   0: 0x00000000800058be (0x03d97ed3) fadd.d  ft9, fs2, ft9
core   0: 1 0x00000000800058be (0x03d97ed3) f29 0x7ff8000000000000
core   0: 0x00000000800058c2 (0x031ab1b3) mulhu   gp, s5, a7
core   0: 1 0x00000000800058c2 (0x031ab1b3) x3  0x0000000000000000
core   0: 0x00000000800058c6 (0x00375413) srli    s0, a4, 3
core   0: 1 0x00000000800058c6 (0x00375413) x8  0x0000000000000000
core   0: 0x00000000800058ca (0x00000001) c.nop
core   0: 1 0x00000000800058ca (0x0001)
core   0: 0x00000000800058cc (0x0085133b) sllw    t1, a0, s0
core   0: 1 0x00000000800058cc (0x0085133b) x6  0x0000000000000000
core   0: 0x00000000800058d0 (0x00988233) add     tp, a7, s1
core   0: 1 0x00000000800058d0 (0x00988233) x4  0xffffffff7fff9f8a
core   0: 0x00000000800058d4 (0xf15c9bf3) csrrw   s7, mconfigptr, s9
core   0: exception trap_illegal_instruction, epc 0x00000000800058d4
core   0:           tval 0x00000000f15c9bf3
core   0: >>>>  $xrv64i2p1_m2p0_a2p1_f2p2_d2p2_zicsr2p0_zifencei2p0_zmmul1p0_zba1p0_zbb1p0_zbc1p0_zbs1p0
core   0: 0x0000000080004000 (0x0080006f) j       pc + 0x8
core   0: 3 0x0000000080004000 (0x0080006f)
core   0: >>>>  mmode_exception_handler
core   0: 0x0000000080004008 (0x00002c17) auipc   s8, 0x2
core   0: 3 0x0000000080004008 (0x00002c17) x24 0x0000000080006008
core   0: 0x000000008000400c (0x06ec0c13) addi    s8, s8, 110
core   0: 3 0x000000008000400c (0x06ec0c13) x24 0x0000000080006076
core   0: 0x0000000080004010 (0x000c00e7) jalr    s8
core   0: 3 0x0000000080004010 (0x000c00e7) x1  0x0000000080004014
core   0: >>>>  any_handler
core   0: 0x0000000080006076 (0x341027f3) csrrs   a5, mepc, zero
core   0: 3 0x0000000080006076 (0x341027f3) x15 0x00000000800058d4
core   0: 0x000000008000607a (0x34202773) csrrs   a4, mcause, zero
core   0: 3 0x000000008000607a (0x34202773) x14 0x0000000000000002
core   0: 0x000000008000607e (0x142026f3) csrrs   a3, scause, zero
core   0: 3 0x000000008000607e (0x142026f3) x13 0x0000000000000005
core   0: 0x0000000080006082 (0x30402673) csrrs   a2, mie, zero
core   0: 3 0x0000000080006082 (0x30402673) x12 0x0000000000000a00
core   0: 0x0000000080006086 (0x344025f3) csrrs   a1, mip, zero
core   0: 3 0x0000000080006086 (0x344025f3) x11 0x0000000000000080
core   0: 0x000000008000608a (0x343025f3) csrrs   a1, mtval, zero
core   0: 3 0x000000008000608a (0x343025f3) x11 0x00000000f15c9bf3
core   0: 0x000000008000608e (0x14302573) csrrs   a0, stval, zero
core   0: 3 0x000000008000608e (0x14302573) x10 0x0000000000000002
core   0: 0x0000000080006092 (0xb02024f3) csrrs   s1, minstret, zero
core   0: 3 0x0000000080006092 (0xb02024f3) x9  0x0000000000001006
core   0: 0x0000000080006096 (0x0000a811) c.j     pc + 20
core   0: 3 0x0000000080006096 (0xa811)
core   0: >>>>  mepc_4
core   0: 0x00000000800060aa (0x00000791) c.addi  a5, 4
core   0: 3 0x00000000800060aa (0x0791) x15 0x00000000800058d8
core   0: 0x00000000800060ac (0x34179073) csrrw   zero, mepc, a5
core   0: 3 0x00000000800060ac (0x34179073) c833_mepc 0x00000000800058d8
core   0: 0x00000000800060b0 (0x30200073) mret
core   0: 3 0x00000000800060b0 (0x30200073) c768_mstatus 0x8000000a00106082
core   0: 0x00000000800058d8 (0x0145a433) slt     s0, a1, s4
core   0: 1 0x00000000800058d8 (0x0145a433) x8  0x0000000000000000
core   0: 0x00000000800058dc (0x01bb8dbb) addw    s11, s7, s11
core   0: 1 0x00000000800058dc (0x01bb8dbb) x27 0x000000001ffec200
core   0: 0x00000000800058e0 (0xd22bff53) fcvt.d.l ft10, s7
core   0: 1 0x00000000800058e0 (0xd22bff53) f30 0x0000000000000000
core   0: 0x00000000800058e4 (0xc20f7a53) fcvt.w.d s4, ft10
core   0: 1 0x00000000800058e4 (0xc20f7a53) x20 0x0000000000000000
core   0: 0x00000000800058e8 (0x0a49f4d3) fsub.d  fs1, fs3, ft4
core   0: 1 0x00000000800058e8 (0x0a49f4d3) f9  0x7ff8000000000000
core   0: 0x00000000800058ec (0x01f4991b) slliw   s2, s1, 31
core   0: 1 0x00000000800058ec (0x01f4991b) x18 0x0000000000000000
core   0: 0x00000000800058f0 (0x0022a533) slt     a0, t0, sp
core   0: 1 0x00000000800058f0 (0x0022a533) x10 0x0000000000000001
core   0: 0x00000000800058f4 (0xf2010953) fmv.d.x fs2, sp
core   0: 1 0x00000000800058f4 (0xf2010953) f18 0x00000000bd4c982e
core   0: 0x00000000800058f8 (0x0022e0b3) or      ra, t0, sp
core   0: 1 0x00000000800058f8 (0x0022e0b3) x1  0x00000000bd4c982e
core   0: 0x00000000800058fc (0x23379cd3) fsgnjn.d fs9, fa5, fs3
core   0: 1 0x00000000800058fc (0x23379cd3) f25 0xfff8000000000000
core   0: 0x0000000080005900 (0x40187ad3) fcvt.s.d fs5, fa6
core   0: 1 0x0000000080005900 (0x40187ad3) c1_fflags 0x0000000000000011 f21 0xffffffff4f7ffffb
core   0: 0x0000000080005904 (0x400e0cbb) subw    s9, t3, zero
core   0: 1 0x0000000080005904 (0x400e0cbb) x25 0x0000000000000000
core   0: 0x0000000080005908 (0x00000001) c.nop
core   0: 1 0x0000000080005908 (0x0001)
core   0: 0x000000008000590a (0xc21ffa53) fcvt.wu.d s4, ft11
core   0: 1 0x000000008000590a (0xc21ffa53) c1_fflags 0x0000000000000011 x20 0xffffffffffffffff
core   0: 0x000000008000590e (0xd23677d3) fcvt.d.lu fa5, a2
core   0: 1 0x000000008000590e (0xd23677d3) f15 0x40a4000000000000
core   0: 0x0000000080005912 (0xc024f953) fcvt.l.s s2, fs1
core   0: 1 0x0000000080005912 (0xc024f953) c1_fflags 0x0000000000000011 x18 0x7fffffffffffffff
core   0: 0x0000000080005916 (0x1a937d53) fdiv.d  fs10, ft6, fs1
core   0: 1 0x0000000080005916 (0x1a937d53) f26 0x7ff8000000000000
core   0: 0x000000008000591a (0xa3599b53) flt.d   s6, fs3, fs5
core   0: 1 0x000000008000591a (0xa3599b53) c1_fflags 0x0000000000000011 x22 0x0000000000000000
core   0: 0x000000008000591e (0x02ac3933) mulhu   s2, s8, a0
core   0: 1 0x000000008000591e (0x02ac3933) x18 0x0000000000000000
core   0: 0x0000000080005922 (0xf20501d3) fmv.d.x ft3, a0
core   0: 1 0x0000000080005922 (0xf20501d3) f3  0x0000000000000001
core   0: 0x0000000080005926 (0x000b1a93) slli    s5, s6, 0
core   0: 1 0x0000000080005926 (0x000b1a93) x21 0x0000000000000000
core   0: 0x000000008000592a (0x8a3865b7) lui     a1, 0x8a386
core   0: 1 0x000000008000592a (0x8a3865b7) x11 0xffffffff8a386000
core   0: 0x000000008000592e (0x0048963b) sllw    a2, a7, tp
core   0: 1 0x000000008000592e (0x0048963b) x12 0x0000000000000000
core   0: 0x0000000080005932 (0x414d539b) sraiw   t2, s10, 20
core   0: 1 0x0000000080005932 (0x414d539b) x7  0x0000000000000000
core   0: 0x0000000080005936 (0x00000001) c.nop
core   0: 1 0x0000000080005936 (0x0001)
core   0: 0x0000000080005938 (0x8c4b6017) auipc   zero, 0x8c4b6
core   0: 1 0x0000000080005938 (0x8c4b6017)
core   0: 0x000000008000593c (0x9aba79cb) fnmsub.d fs3, fs4, fa1, fs3
core   0: 1 0x000000008000593c (0x9aba79cb) f19 0x7ff8000000000000
core   0: 0x0000000080005940 (0xd0183a97) auipc   s5, 0xd0183
core   0: 1 0x0000000080005940 (0xd0183a97) x21 0x0000000050188940
core   0: 0x0000000080005944 (0x038b433b) divw    t1, s6, s8
core   0: 1 0x0000000080005944 (0x038b433b) x6  0x0000000000000000
core   0: 0x0000000080005948 (0x007103bb) addw    t2, sp, t2
core   0: 1 0x0000000080005948 (0x007103bb) x7  0xffffffffbd4c982e
core   0: 0x000000008000594c (0x00f3183b) sllw    a6, t1, a5
core   0: 1 0x000000008000594c (0x00f3183b) x16 0x0000000000000000
core   0: 0x0000000080005950 (0x0068f8b3) and     a7, a7, t1
core   0: 1 0x0000000080005950 (0x0068f8b3) x17 0x0000000000000000
core   0: 0x0000000080005954 (0x472e4b17) auipc   s6, 0x472e4
core   0: 1 0x0000000080005954 (0x472e4b17) x22 0x00000000c72e9954
core   0: 0x0000000080005958 (0x222311d3) fsgnjn.d ft3, ft6, ft2
core   0: 1 0x0000000080005958 (0x222311d3) f3  0x8000000000000000
core   0: 0x000000008000595c (0x001c9473) csrrw   s0, fflags, s9
core   0: 1 0x000000008000595c (0x001c9473) x8  0x0000000000000011 c1_fflags 0x0000000000000000
core   0: 0x0000000080005960 (0x01b95033) srl     zero, s2, s11
core   0: 1 0x0000000080005960 (0x01b95033)
core   0: 0x0000000080005964 (0x012d863b) addw    a2, s11, s2
core   0: 1 0x0000000080005964 (0x012d863b) x12 0x000000001ffec200
core   0: 0x0000000080005968 (0x01521cbb) sllw    s9, tp, s5
core   0: 1 0x0000000080005968 (0x01521cbb) x25 0x000000007fff9f8a
core   0: 0x000000008000596c (0x00084013) xori    zero, a6, 0
core   0: 1 0x000000008000596c (0x00084013)
core   0: 0x0000000080005970 (0x20780437) lui     s0, 0x20780
core   0: 1 0x0000000080005970 (0x20780437) x8  0x0000000020780000
core   0: 0x0000000080005974 (0x03c857b3) divu    a5, a6, t3
core   0: 1 0x0000000080005974 (0x03c857b3) x15 0xffffffffffffffff
core   0: 0x0000000080005978 (0x00db5133) srl     sp, s6, a3
core   0: 1 0x0000000080005978 (0x00db5133) x2  0x00000000063974ca
core   0: 0x000000008000597c (0x0149da33) srl     s4, s3, s4
core   0: 1 0x000000008000597c (0x0149da33) x20 0x0000000000000001
core   0: 0x0000000080005980 (0x02e987bb) mulw    a5, s3, a4
core   0: 1 0x0000000080005980 (0x02e987bb) x15 0x0000000000000000
core   0: 0x0000000080005984 (0xa2798153) fle.d   sp, fs3, ft7
core   0: 1 0x0000000080005984 (0xa2798153) c1_fflags 0x0000000000000010 x2  0x0000000000000000
core   0: 0x0000000080005988 (0x0317c83b) divw    a6, a5, a7
core   0: 1 0x0000000080005988 (0x0317c83b) x16 0xffffffffffffffff
core   0: 0x000000008000598c (0xf20782d3) fmv.d.x ft5, a5
core   0: 1 0x000000008000598c (0xf20782d3) f5  0x0000000000000000
core   0: 0x0000000080005990 (0xfe31c9b7) lui     s3, 0xfe31c
core   0: 1 0x0000000080005990 (0xfe31c9b7) x19 0xfffffffffe31c000
core   0: 0x0000000080005994 (0x0759899b) addiw   s3, s3, 117
core   0: 1 0x0000000080005994 (0x0759899b) x19 0xfffffffffe31c075
core   0: 0x0000000080005998 (0x000009b2) c.slli  s3, 12
core   0: 1 0x0000000080005998 (0x09b2) x19 0xffffffe31c075000
core   0: 0x000000008000599a (0x63598993) addi    s3, s3, 1589
core   0: 1 0x000000008000599a (0x63598993) x19 0xffffffe31c075635
core   0: 0x000000008000599e (0x40ae573b) sraw    a4, t3, a0
core   0: 1 0x000000008000599e (0x40ae573b) x14 0x0000000000000000
core   0: 0x00000000800059a2 (0xde074b93) xori    s7, a4, -544
core   0: 1 0x00000000800059a2 (0xde074b93) x23 0xfffffffffffffde0
core   0: 0x00000000800059a6 (0xd2070953) fcvt.d.w fs2, a4
core   0: 1 0x00000000800059a6 (0xd2070953) f18 0x0000000000000000
core   0: 0x00000000800059aa (0x033bf933) remu    s2, s7, s3
core   0: 1 0x00000000800059aa (0x033bf933) x18 0x0000001ce3f8a7ab
core   0: 0x00000000800059ae (0x033895b3) mulh    a1, a7, s3
core   0: 1 0x00000000800059ae (0x033895b3) x11 0x0000000000000000
core   0: 0x00000000800059b2 (0x1bfb7fd3) fdiv.d  ft11, fs6, ft11
core   0: 1 0x00000000800059b2 (0x1bfb7fd3) f31 0x7ff8000000000000
core   0: 0x00000000800059b6 (0x6c759eb7) lui     t4, 0x6c759
core   0: 1 0x00000000800059b6 (0x6c759eb7) x29 0x000000006c759000
core   0: 0x00000000800059ba (0x000e911b) slliw   sp, t4, 0
core   0: 1 0x00000000800059ba (0x000e911b) x2  0x000000006c759000
core   0: 0x00000000800059be (0x0131033b) addw    t1, sp, s3
core   0: 1 0x00000000800059be (0x0131033b) x6  0xffffffff887ce635
core   0: 0x00000000800059c2 (0x00432b33) slt     s6, t1, tp
core   0: 1 0x00000000800059c2 (0x00432b33) x22 0x0000000000000000
core   0: 0x00000000800059c6 (0x68624913) xori    s2, tp, 1670
core   0: 1 0x00000000800059c6 (0x68624913) x18 0xffffffff7fff990c
core   0: 0x00000000800059ca (0x4ed3b317) auipc   t1, 0x4ed3b
core   0: 1 0x00000000800059ca (0x4ed3b317) x6  0x00000000ced409ca
core   0: 0x00000000800059ce (0x03a0d1bb) divuw   gp, ra, s10
core   0: 1 0x00000000800059ce (0x03a0d1bb) x3  0xffffffffffffffff
core   0: 0x00000000800059d2 (0x000b501b) srliw   zero, s6, 0
core   0: 1 0x00000000800059d2 (0x000b501b)
core   0: 0x00000000800059d6 (0x412408b3) sub     a7, s0, s2
core   0: 1 0x00000000800059d6 (0x412408b3) x17 0x00000000a07866f4
core   0: 0x00000000800059da (0xf20886d3) fmv.d.x fa3, a7
core   0: 1 0x00000000800059da (0xf20886d3) f13 0x00000000a07866f4
core   0: 0x00000000800059de (0x0007d0bb) srlw    ra, a5, zero
core   0: 1 0x00000000800059de (0x0007d0bb) x1  0x0000000000000000
core   0: 0x00000000800059e2 (0x021aeab3) rem     s5, s5, ra
core   0: 1 0x00000000800059e2 (0x021aeab3) x21 0x0000000050188940
core   0: 0x00000000800059e6 (0x5bddfb93) andi    s7, s11, 1469
core   0: 1 0x00000000800059e6 (0x5bddfb93) x23 0x0000000000000000
core   0: 0x00000000800059ea (0x00000001) c.nop
core   0: 1 0x00000000800059ea (0x0001)
core   0: 0x00000000800059ec (0x401ff1d3) fcvt.s.d ft3, ft11
core   0: 1 0x00000000800059ec (0x401ff1d3) f3  0xffffffff7fc00000
core   0: 0x00000000800059f0 (0xc206f953) fcvt.w.d s2, fa3
core   0: 1 0x00000000800059f0 (0xc206f953) c1_fflags 0x0000000000000011 x18 0x0000000000000000
core   0: 0x00000000800059f4 (0x00202273) csrrs   tp, frm, zero
core   0: 1 0x00000000800059f4 (0x00202273) x4  0x0000000000000000
core   0: 0x00000000800059f8 (0x001011f3) csrrw   gp, fflags, zero
core   0: 1 0x00000000800059f8 (0x001011f3) x3  0x0000000000000011 c1_fflags 0x0000000000000000
core   0: 0x00000000800059fc (0x4012559b) sraiw   a1, tp, 1
core   0: 1 0x00000000800059fc (0x4012559b) x11 0x0000000000000000
core   0: 0x0000000080005a00 (0x01c25c3b) srlw    s8, tp, t3
core   0: 1 0x0000000080005a00 (0x01c25c3b) x24 0x0000000000000000
core   0: 0x0000000080005a04 (0x40fc571b) sraiw   a4, s8, 15
core   0: 1 0x0000000080005a04 (0x40fc571b) x14 0x0000000000000000
core   0: 0x0000000080005a08 (0x00f2521b) srliw   tp, tp, 15
core   0: 1 0x0000000080005a08 (0x00f2521b) x4  0x0000000000000000
core   0: 0x0000000080005a0c (0x00035b1b) srliw   s6, t1, 0
core   0: 1 0x0000000080005a0c (0x00035b1b) x22 0xffffffffced409ca
core   0: 0x0000000080005a10 (0xc20b7453) fcvt.w.d s0, fs6
core   0: 1 0x0000000080005a10 (0xc20b7453) x8  0xffffffffaab51000
core   0: 0x0000000080005a14 (0x028430b3) mulhu   ra, s0, s0
core   0: 1 0x0000000080005a14 (0x028430b3) x1  0xffffffff556a2000
core   0: 0x0000000080005a18 (0x0231f2b3) remu    t0, gp, gp
core   0: 1 0x0000000080005a18 (0x0231f2b3) x5  0x0000000000000000
core   0: 0x0000000080005a1c (0x42040353) fcvt.d.s ft6, fs0
core   0: 1 0x0000000080005a1c (0x42040353) f6  0x7ff8000000000000
core   0: 0x0000000080005a20 (0xd20e86d3) fcvt.d.w fa3, t4
core   0: 1 0x0000000080005a20 (0xd20e86d3) f13 0x41db1d6400000000
core   0: 0x0000000080005a24 (0x800d011b) addiw   sp, s10, -2048
core   0: 1 0x0000000080005a24 (0x800d011b) x2  0xfffffffffffff800
core   0: 0x0000000080005a28 (0x4019d693) srai    a3, s3, 1
core   0: 1 0x0000000080005a28 (0x4019d693) x13 0xfffffff18e03ab1a
core   0: 0x0000000080005a2c (0x22b39953) fsgnjn.d fs2, ft7, fa1
core   0: 1 0x0000000080005a2c (0x22b39953) f18 0xfff8000000000000
core   0: 0x0000000080005a30 (0x40137353) fcvt.s.d ft6, ft6
core   0: 1 0x0000000080005a30 (0x40137353) f6  0xffffffff7fc00000
core   0: 0x0000000080005a34 (0xc03a7cd3) fcvt.lu.s s9, fs4
core   0: 1 0x0000000080005a34 (0xc03a7cd3) c1_fflags 0x0000000000000010 x25 0xffffffffffffffff
core   0: 0x0000000080005a38 (0x9d4134b7) lui     s1, 0x9d413
core   0: 1 0x0000000080005a38 (0x9d4134b7) x9  0xffffffff9d413000
core   0: 0x0000000080005a3c (0xc233f853) fcvt.lu.d a6, ft7
core   0: 1 0x0000000080005a3c (0xc233f853) c1_fflags 0x0000000000000010 x16 0xffffffffffffffff
core   0: 0x0000000080005a40 (0x47ad8513) addi    a0, s11, 1146
core   0: 1 0x0000000080005a40 (0x47ad8513) x10 0x000000001ffec67a
core   0: 0x0000000080005a44 (0x01ba55bb) srlw    a1, s4, s11
core   0: 1 0x0000000080005a44 (0x01ba55bb) x11 0x0000000000000001
core   0: 0x0000000080005a48 (0x03c38e3b) mulw    t3, t2, t3
core   0: 1 0x0000000080005a48 (0x03c38e3b) x28 0x0000000000000000
core   0: 0x0000000080005a4c (0xd029f3d3) fcvt.s.l ft7, s3
core   0: 1 0x0000000080005a4c (0xd029f3d3) c1_fflags 0x0000000000000011 f7  0xffffffffd1e71fc5
core   0: 0x0000000080005a50 (0x4012519b) sraiw   gp, tp, 1
core   0: 1 0x0000000080005a50 (0x4012519b) x3  0x0000000000000000
core   0: 0x0000000080005a54 (0x003a8abb) addw    s5, s5, gp
core   0: 1 0x0000000080005a54 (0x003a8abb) x21 0x0000000050188940
core   0: 0x0000000080005a58 (0x42078153) fcvt.d.s ft2, fa5
core   0: 1 0x0000000080005a58 (0x42078153) f2  0x7ff8000000000000
core   0: 0x0000000080005a5c (0x4151dc33) sra     s8, gp, s5
core   0: 1 0x0000000080005a5c (0x4151dc33) x24 0x0000000000000000
core   0: 0x0000000080005a60 (0xe2028dd3) fmv.x.d s11, ft5
core   0: 1 0x0000000080005a60 (0xe2028dd3) x27 0x0000000000000000
core   0: 0x0000000080005a64 (0xdb877113) andi    sp, a4, -584
core   0: 1 0x0000000080005a64 (0xdb877113) x2  0x0000000000000000
core   0: 0x0000000080005a68 (0x8005f513) andi    a0, a1, -2048
core   0: 1 0x0000000080005a68 (0x8005f513) x10 0x0000000000000000
core   0: 0x0000000080005a6c (0x4141549b) sraiw   s1, sp, 20
core   0: 1 0x0000000080005a6c (0x4141549b) x9  0x0000000000000000
core   0: 0x0000000080005a70 (0x2283bd37) lui     s10, 0x2283b
core   0: 1 0x0000000080005a70 (0x2283bd37) x26 0x000000002283b000
core   0: 0x0000000080005a74 (0xd23d7353) fcvt.d.lu ft6, s10
core   0: 1 0x0000000080005a74 (0xd23d7353) f6  0x41c141d800000000
core   0: 0x0000000080005a78 (0xc21c7e53) fcvt.wu.d t3, fs8
core   0: 1 0x0000000080005a78 (0xc21c7e53) c1_fflags 0x0000000000000011 x28 0xffffffffffffffff
core   0: 0x0000000080005a7c (0x0245433b) divw    t1, a0, tp
core   0: 1 0x0000000080005a7c (0x0245433b) x6  0xffffffffffffffff
core   0: 0x0000000080005a80 (0x00271173) csrrw   sp, frm, a4
core   0: 1 0x0000000080005a80 (0x00271173) x2  0x0000000000000000 c2_frm 0x0000000000000000
core   0: 0x0000000080005a84 (0x40e8d5b3) sra     a1, a7, a4
core   0: 1 0x0000000080005a84 (0x40e8d5b3) x11 0x00000000a07866f4
core   0: 0x0000000080005a88 (0x41b7823b) subw    tp, a5, s11
core   0: 1 0x0000000080005a88 (0x41b7823b) x4  0x0000000000000000
core   0: 0x0000000080005a8c (0xbca27393) andi    t2, tp, -1078
core   0: 1 0x0000000080005a8c (0xbca27393) x7  0x0000000000000000
core   0: 0x0000000080005a90 (0x41dc87b3) sub     a5, s9, t4
core   0: 1 0x0000000080005a90 (0x41dc87b3) x15 0xffffffff938a6fff
core   0: 0x0000000080005a94 (0x01b00dbb) addw    s11, zero, s11
core   0: 1 0x0000000080005a94 (0x01b00dbb) x27 0x0000000000000000
core   0: 0x0000000080005a98 (0x23e9bcb7) lui     s9, 0x23e9b
core   0: 1 0x0000000080005a98 (0x23e9bcb7) x25 0x0000000023e9b000
core   0: 0x0000000080005a9c (0x0022093b) addw    s2, tp, sp
core   0: 1 0x0000000080005a9c (0x0022093b) x18 0x0000000000000000
core   0: 0x0000000080005aa0 (0x00202373) csrrs   t1, frm, zero
core   0: 1 0x0000000080005aa0 (0x00202373) x6  0x0000000000000000
core   0: 0x0000000080005aa4 (0x00ebf733) and     a4, s7, a4
core   0: 1 0x0000000080005aa4 (0x00ebf733) x14 0x0000000000000000
core   0: 0x0000000080005aa8 (0x000a5a1b) srliw   s4, s4, 0
core   0: 1 0x0000000080005aa8 (0x000a5a1b) x20 0x0000000000000001
core   0: 0x0000000080005aac (0xc21d7ed3) fcvt.wu.d t4, fs10
core   0: 1 0x0000000080005aac (0xc21d7ed3) c1_fflags 0x0000000000000011 x29 0xffffffffffffffff
core   0: 0x0000000080005ab0 (0xc202f153) fcvt.w.d sp, ft5
core   0: 1 0x0000000080005ab0 (0xc202f153) x2  0x0000000000000000
core   0: 0x0000000080005ab4 (0xc0307ad3) fcvt.lu.s s5, ft0
core   0: 1 0x0000000080005ab4 (0xc0307ad3) c1_fflags 0x0000000000000011 x21 0xffffffffffffffff
core   0: 0x0000000080005ab8 (0xd23b76d3) fcvt.d.lu fa3, s6
core   0: 1 0x0000000080005ab8 (0xd23b76d3) c1_fflags 0x0000000000000011 f13 0x43effffffff9da81
core   0: 0x0000000080005abc (0x16268093) addi    ra, a3, 354
core   0: 1 0x0000000080005abc (0x16268093) x1  0xfffffff18e03ac7c
core   0: 0x0000000080005ac0 (0x4121d833) sra     a6, gp, s2
core   0: 1 0x0000000080005ac0 (0x4121d833) x16 0x0000000000000000
core   0: 0x0000000080005ac4 (0x0311f8d3) fadd.d  fa7, ft3, fa7
core   0: 1 0x0000000080005ac4 (0x0311f8d3) f17 0x7ff8000000000000
core   0: 0x0000000080005ac8 (0xc20cfbd3) fcvt.w.d s7, fs9
core   0: 1 0x0000000080005ac8 (0xc20cfbd3) c1_fflags 0x0000000000000011 x23 0x000000007fffffff
core   0: 0x0000000080005acc (0x41b95193) srai    gp, s2, 27
core   0: 1 0x0000000080005acc (0x41b95193) x3  0x0000000000000000
core   0: 0x0000000080005ad0 (0xc238f353) fcvt.lu.d t1, fa7
core   0: 1 0x0000000080005ad0 (0xc238f353) c1_fflags 0x0000000000000011 x6  0xffffffffffffffff
core   0: 0x0000000080005ad4 (0x401672d3) fcvt.s.d ft5, fa2
core   0: 1 0x0000000080005ad4 (0x401672d3) f5  0xffffffff7fc00000
core   0: 0x0000000080005ad8 (0x10551973) csrrw   s2, stvec, a0
core   0: 1 0x0000000080005ad8 (0x10551973) x18 0x0000000000000000 c261_stvec 0x0000000000000000
core   0: 0x0000000080005adc (0x43935a13) srai    s4, t1, 57
core   0: 1 0x0000000080005adc (0x43935a13) x20 0xffffffffffffffff
core   0: 0x0000000080005ae0 (0x039e803b) mulw    zero, t4, s9
core   0: 1 0x0000000080005ae0 (0x039e803b)
core   0: 0x0000000080005ae4 (0x00635333) srl     t1, t1, t1
core   0: 1 0x0000000080005ae4 (0x00635333) x6  0x0000000000000001
core   0: 0x0000000080005ae8 (0x12a97953) fmul.d  fs2, fs2, fa0
core   0: 1 0x0000000080005ae8 (0x12a97953) f18 0x7ff8000000000000
core   0: 0x0000000080005aec (0xc23af653) fcvt.lu.d a2, fs5
core   0: 1 0x0000000080005aec (0xc23af653) c1_fflags 0x0000000000000011 x12 0xffffffffffffffff
core   0: 0x0000000080005af0 (0x0083143b) sllw    s0, t1, s0
core   0: 1 0x0000000080005af0 (0x0083143b) x8  0x0000000000000001
core   0: 0x0000000080005af4 (0x14031ef3) csrrw   t4, sscratch, t1
core   0: 1 0x0000000080005af4 (0x14031ef3) x29 0x0000000000000000 c320_sscratch 0x0000000000000001
core   0: 0x0000000080005af8 (0x12bafad3) fmul.d  fs5, fs5, fa1
core   0: 1 0x0000000080005af8 (0x12bafad3) f21 0x7ff8000000000000
core   0: 0x0000000080005afc (0x00ce9abb) sllw    s5, t4, a2
core   0: 1 0x0000000080005afc (0x00ce9abb) x21 0x0000000000000000
core   0: 0x0000000080005b00 (0x027ef7bb) remuw   a5, t4, t2
core   0: 1 0x0000000080005b00 (0x027ef7bb) x15 0x0000000000000000
core   0: 0x0000000080005b04 (0x015c4433) xor     s0, s8, s5
core   0: 1 0x0000000080005b04 (0x015c4433) x8  0x0000000000000000
core   0: 0x0000000080005b08 (0xe1984813) xori    a6, a6, -487
core   0: 1 0x0000000080005b08 (0xe1984813) x16 0xfffffffffffffe19
core   0: 0x0000000080005b0c (0x0109139b) slliw   t2, s2, 16
core   0: 1 0x0000000080005b0c (0x0109139b) x7  0x0000000000000000
core   0: 0x0000000080005b10 (0x2b2d9353) fmax.d  ft6, fs11, fs2
core   0: 1 0x0000000080005b10 (0x2b2d9353) f6  0x415fffffc0000000
core   0: 0x0000000080005b14 (0x4102033b) subw    t1, tp, a6
core   0: 1 0x0000000080005b14 (0x4102033b) x6  0x00000000000001e7
core   0: 0x0000000080005b18 (0x03c97e3b) remuw   t3, s2, t3
core   0: 1 0x0000000080005b18 (0x03c97e3b) x28 0x0000000000000000
core   0: 0x0000000080005b1c (0xab537b4f) fnmadd.d fs6, ft6, fs5, fs5
core   0: 1 0x0000000080005b1c (0xab537b4f) f22 0x7ff8000000000000
core   0: 0x0000000080005b20 (0x2a4090d3) fmax.d  ft1, ft1, ft4
core   0: 1 0x0000000080005b20 (0x2a4090d3) f1  0x7ff8000000000000
core   0: 0x0000000080005b24 (0x012be1b3) or      gp, s7, s2
core   0: 1 0x0000000080005b24 (0x012be1b3) x3  0x000000007fffffff
core   0: 0x0000000080005b28 (0xf20e02d3) fmv.d.x ft5, t3
core   0: 1 0x0000000080005b28 (0xf20e02d3) f5  0x0000000000000000
core   0: 0x0000000080005b2c (0x00202b73) csrrs   s6, frm, zero
core   0: 1 0x0000000080005b2c (0x00202b73) x22 0x0000000000000000
core   0: 0x0000000080005b30 (0x0163d53b) srlw    a0, t2, s6
core   0: 1 0x0000000080005b30 (0x0163d53b) x10 0x0000000000000000
core   0: 0x0000000080005b34 (0xe2028a53) fmv.x.d s4, ft5
core   0: 1 0x0000000080005b34 (0xe2028a53) x20 0x0000000000000000
core   0: 0x0000000080005b38 (0xb4ca029b) addiw   t0, s4, -1204
core   0: 1 0x0000000080005b38 (0xb4ca029b) x5  0xfffffffffffffb4c
core   0: 0x0000000080005b3c (0x025d77d3) fadd.d  fa5, fs10, ft5
core   0: 1 0x0000000080005b3c (0x025d77d3) f15 0x7ff8000000000000
core   0: 0x0000000080005b40 (0x025a5eb3) divu    t4, s4, t0
core   0: 1 0x0000000080005b40 (0x025a5eb3) x29 0x0000000000000000
core   0: 0x0000000080005b44 (0x009a94b3) sll     s1, s5, s1
core   0: 1 0x0000000080005b44 (0x009a94b3) x9  0x0000000000000000
core   0: 0x0000000080005b48 (0x409905bb) subw    a1, s2, s1
core   0: 1 0x0000000080005b48 (0x409905bb) x11 0x0000000000000000
core   0: 0x0000000080005b4c (0x02659333) mulh    t1, a1, t1
core   0: 1 0x0000000080005b4c (0x02659333) x6  0x0000000000000000
core   0: 0x0000000080005b50 (0x03f7d713) srli    a4, a5, 63
core   0: 1 0x0000000080005b50 (0x03f7d713) x14 0x0000000000000000
core   0: 0x0000000080005b54 (0x022c4abb) divw    s5, s8, sp
core   0: 1 0x0000000080005b54 (0x022c4abb) x21 0xffffffffffffffff
core   0: 0x0000000080005b58 (0x022749b3) div     s3, a4, sp
core   0: 1 0x0000000080005b58 (0x022749b3) x19 0xffffffffffffffff
core   0: 0x0000000080005b5c (0xb16dc017) auipc   zero, 0xb16dc
core   0: 1 0x0000000080005b5c (0xb16dc017)
core   0: 0x0000000080005b60 (0x03f31693) slli    a3, t1, 63
core   0: 1 0x0000000080005b60 (0x03f31693) x13 0x0000000000000000
core   0: 0x0000000080005b64 (0x5a017ed3) fsqrt.d ft9, ft2
core   0: 1 0x0000000080005b64 (0x5a017ed3) f29 0x7ff8000000000000
core   0: 0x0000000080005b68 (0xc1f48c93) addi    s9, s1, -993
core   0: 1 0x0000000080005b68 (0xc1f48c93) x25 0xfffffffffffffc1f
core   0: 0x0000000080005b6c (0x037bd833) divu    a6, s7, s7
core   0: 1 0x0000000080005b6c (0x037bd833) x16 0x0000000000000001
core   0: 0x0000000080005b70 (0xdef4c693) xori    a3, s1, -529
core   0: 1 0x0000000080005b70 (0xdef4c693) x13 0xfffffffffffffdef
core   0: 0x0000000080005b74 (0x030d0e3b) mulw    t3, s10, a6
core   0: 1 0x0000000080005b74 (0x030d0e3b) x28 0x000000002283b000
core   0: 0x0000000080005b78 (0xa3defecf) fnmadd.d ft9, ft9, ft9, fs4
core   0: 1 0x0000000080005b78 (0xa3defecf) f29 0x7ff8000000000000
core   0: 0x0000000080005b7c (0xe28676cf) fnmadd.d fa3, fa2, fs0, ft8
core   0: 1 0x0000000080005b7c (0xe28676cf) f13 0x7ff8000000000000
core   0: 0x0000000080005b80 (0xc038f3d3) fcvt.lu.s t2, fa7
core   0: 1 0x0000000080005b80 (0xc038f3d3) c1_fflags 0x0000000000000011 x7  0xffffffffffffffff
core   0: 0x0000000080005b84 (0x0100503b) srlw    zero, zero, a6
core   0: 1 0x0000000080005b84 (0x0100503b)
core   0: 0x0000000080005b88 (0x01867cb3) and     s9, a2, s8
core   0: 1 0x0000000080005b88 (0x01867cb3) x25 0x0000000000000000
core   0: 0x0000000080005b8c (0x416b531b) sraiw   t1, s6, 22
core   0: 1 0x0000000080005b8c (0x416b531b) x6  0x0000000000000000
core   0: 0x0000000080005b90 (0xeb4675c7) fmsub.d fa1, fa2, fs4, ft9
core   0: 1 0x0000000080005b90 (0xeb4675c7) f11 0x7ff8000000000000
core   0: 0x0000000080005b94 (0x22210bd3) fsgnj.d fs7, ft2, ft2
core   0: 1 0x0000000080005b94 (0x22210bd3) f23 0x7ff8000000000000
core   0: 0x0000000080005b98 (0x40117553) fcvt.s.d fa0, ft2
core   0: 1 0x0000000080005b98 (0x40117553) f10 0xffffffff7fc00000
core   0: 0x0000000080005b9c (0xc092e113) ori     sp, t0, -1015
core   0: 1 0x0000000080005b9c (0xc092e113) x2  0xffffffffffffff4d
core   0: 0x0000000080005ba0 (0xd1f1e193) ori     gp, gp, -737
core   0: 1 0x0000000080005ba0 (0xd1f1e193) x3  0xffffffffffffffff
core   0: 0x0000000080005ba4 (0x03755413) srli    s0, a0, 55
core   0: 1 0x0000000080005ba4 (0x03755413) x8  0x0000000000000000
core   0: 0x0000000080005ba8 (0xd2118dd3) fcvt.d.wu fs11, gp
core   0: 1 0x0000000080005ba8 (0xd2118dd3) f27 0x41efffffffe00000
core   0: 0x0000000080005bac (0x40015c13) srai    s8, sp, 0
core   0: 1 0x0000000080005bac (0x40015c13) x24 0xffffffffffffff4d
core   0: 0x0000000080005bb0 (0x02cbda13) srli    s4, s7, 44
core   0: 1 0x0000000080005bb0 (0x02cbda13) x20 0x0000000000000000
core   0: 0x0000000080005bb4 (0x0308e6b7) lui     a3, 0x308e
core   0: 1 0x0000000080005bb4 (0x0308e6b7) x13 0x000000000308e000
core   0: 0x0000000080005bb8 (0xf4b6869b) addiw   a3, a3, -181
core   0: 1 0x0000000080005bb8 (0xf4b6869b) x13 0x000000000308df4b
core   0: 0x0000000080005bbc (0x000006b2) c.slli  a3, 12
core   0: 1 0x0000000080005bbc (0x06b2) x13 0x000000308df4b000
core   0: 0x0000000080005bbe (0x75c68693) addi    a3, a3, 1884
core   0: 1 0x0000000080005bbe (0x75c68693) x13 0x000000308df4b75c
core   0: 0x0000000080005bc2 (0x00202073) csrrs   zero, frm, zero
core   0: 1 0x0000000080005bc2 (0x00202073)
core   0: 0x0000000080005bc6 (0xdb2571c7) fmsub.d ft3, fa0, fs2, fs11
core   0: 1 0x0000000080005bc6 (0xdb2571c7) f3  0x7ff8000000000000
core   0: 0x0000000080005bca (0xa3b78bd3) fle.d   s7, fa5, fs11
core   0: 1 0x0000000080005bca (0xa3b78bd3) c1_fflags 0x0000000000000011 x23 0x0000000000000000
core   0: 0x0000000080005bce (0xcd337293) andi    t0, t1, -813
core   0: 1 0x0000000080005bce (0xcd337293) x5  0x0000000000000000
core   0: 0x0000000080005bd2 (0x0000197e) c.slli  s2, 63
core   0: 1 0x0000000080005bd2 (0x197e) x18 0x0000000000000000
core   0: 0x0000000080005bd4 (0xa37e86d3) fle.d   a3, ft9, fs7
core   0: 1 0x0000000080005bd4 (0xa37e86d3) c1_fflags 0x0000000000000011 x13 0x0000000000000000
core   0: 0x0000000080005bd8 (0xc0247553) fcvt.l.s a0, fs0
core   0: 1 0x0000000080005bd8 (0xc0247553) c1_fflags 0x0000000000000011 x10 0x7fffffffffffffff
core   0: 0x0000000080005bdc (0xd026ffd3) fcvt.s.l ft11, a3
core   0: 1 0x0000000080005bdc (0xd026ffd3) f31 0xffffffff00000000
core   0: 0x0000000080005be0 (0x01231e1b) slliw   t3, t1, 18
core   0: 1 0x0000000080005be0 (0x01231e1b) x28 0x0000000000000000
core   0: 0x0000000080005be4 (0x40a2043b) subw    s0, tp, a0
core   0: 1 0x0000000080005be4 (0x40a2043b) x8  0x0000000000000001
core   0: 0x0000000080005be8 (0xc2137953) fcvt.wu.d s2, ft6
core   0: 1 0x0000000080005be8 (0xc2137953) x18 0x00000000007fffff
core   0: 0x0000000080005bec (0x1add76cb) fnmsub.d fa3, fs10, fa3, ft3
core   0: 1 0x0000000080005bec (0x1add76cb) f13 0x7ff8000000000000
core   0: 0x0000000080005bf0 (0x40e3d89b) sraiw   a7, t2, 14
core   0: 1 0x0000000080005bf0 (0x40e3d89b) x17 0xffffffffffffffff
core   0: 0x0000000080005bf4 (0x00000001) c.nop
core   0: 1 0x0000000080005bf4 (0x0001)
core   0: 0x0000000080005bf6 (0x45b38b93) addi    s7, t2, 1115
core   0: 1 0x0000000080005bf6 (0x45b38b93) x23 0x000000000000045a
core   0: 0x0000000080005bfa (0x00bd7d33) and     s10, s10, a1
core   0: 1 0x0000000080005bfa (0x00bd7d33) x26 0x0000000000000000
core   0: 0x0000000080005bfe (0x001024f3) csrrs   s1, fflags, zero
core   0: 1 0x0000000080005bfe (0x001024f3) x9  0x0000000000000011
core   0: 0x0000000080005c02 (0x0145d63b) srlw    a2, a1, s4
core   0: 1 0x0000000080005c02 (0x0145d63b) x12 0x0000000000000000
core   0: 0x0000000080005c06 (0x1adb7bd3) fdiv.d  fs7, fs6, fa3
core   0: 1 0x0000000080005c06 (0x1adb7bd3) f23 0x7ff8000000000000
core   0: 0x0000000080005c0a (0x00db2333) slt     t1, s6, a3
core   0: 1 0x0000000080005c0a (0x00db2333) x6  0x0000000000000000
core   0: 0x0000000080005c0e (0xfc6485b7) lui     a1, 0xfc648
core   0: 1 0x0000000080005c0e (0xfc6485b7) x11 0xfffffffffc648000
core   0: 0x0000000080005c12 (0xb1080297) auipc   t0, 0xb1080
core   0: 1 0x0000000080005c12 (0xb1080297) x5  0x0000000031085c12
core   0: 0x0000000080005c16 (0x41ce0e3b) subw    t3, t3, t3
core   0: 1 0x0000000080005c16 (0x41ce0e3b) x28 0x0000000000000000
core   0: 0x0000000080005c1a (0x1ede079b) addiw   a5, t3, 493
core   0: 1 0x0000000080005c1a (0x1ede079b) x15 0x00000000000001ed
core   0: 0x0000000080005c1e (0x1b1cf553) fdiv.d  fa0, fs9, fa7
core   0: 1 0x0000000080005c1e (0x1b1cf553) f10 0x7ff8000000000000
core   0: 0x0000000080005c22 (0x034a7b53) fadd.d  fs6, fs4, fs4
core   0: 1 0x0000000080005c22 (0x034a7b53) f22 0x7ff8000000000000
core   0: 0x0000000080005c26 (0x41c908bb) subw    a7, s2, t3
core   0: 1 0x0000000080005c26 (0x41c908bb) x17 0x00000000007fffff
core   0: 0x0000000080005c2a (0x00000001) c.nop
core   0: 1 0x0000000080005c2a (0x0001)
core   0: 0x0000000080005c2c (0x5a047053) fsqrt.d ft0, fs0
core   0: 1 0x0000000080005c2c (0x5a047053) f0  0x0000000000000000
core   0: 0x0000000080005c30 (0x0308e83b) remw    a6, a7, a6
core   0: 1 0x0000000080005c30 (0x0308e83b) x16 0x0000000000000000
core   0: 0x0000000080005c34 (0x00c7953b) sllw    a0, a5, a2
core   0: 1 0x0000000080005c34 (0x00c7953b) x10 0x00000000000001ed
core   0: 0x0000000080005c38 (0x000383bb) addw    t2, t2, zero
core   0: 1 0x0000000080005c38 (0x000383bb) x7  0xffffffffffffffff
core   0: 0x0000000080005c3c (0x0ff0000f) fence   iorw,iorw
core   0: 1 0x0000000080005c3c (0x0ff0000f)
core   0: 0x0000000080005c40 (0x0000829e) c.mv    t0, t2
core   0: 1 0x0000000080005c40 (0x829e) x5  0xffffffffffffffff
core   0: 0x0000000080005c42 (0xd21009d3) fcvt.d.wu fs3, zero
core   0: 1 0x0000000080005c42 (0xd21009d3) f19 0x0000000000000000
core   0: 0x0000000080005c46 (0x9b796517) auipc   a0, 0x9b796
core   0: 1 0x0000000080005c46 (0x9b796517) x10 0x000000001b79bc46
core   0: 0x0000000080005c4a (0x00000001) c.nop
core   0: 1 0x0000000080005c4a (0x0001)
core   0: 0x0000000080005c4c (0x0208f853) fadd.d  fa6, fa7, ft0
core   0: 1 0x0000000080005c4c (0x0208f853) f16 0x7ff8000000000000
core   0: 0x0000000080005c50 (0xd0397a53) fcvt.s.lu fs4, s2
core   0: 1 0x0000000080005c50 (0xd0397a53) f20 0xffffffff4afffffe
core   0: 0x0000000080005c54 (0xc22b7a53) fcvt.l.d s4, fs6
core   0: 1 0x0000000080005c54 (0xc22b7a53) c1_fflags 0x0000000000000011 x20 0x7fffffffffffffff
core   0: 0x0000000080005c58 (0x023ed613) srli    a2, t4, 35
core   0: 1 0x0000000080005c58 (0x023ed613) x12 0x0000000000000000
core   0: 0x0000000080005c5c (0xc23f72d3) fcvt.lu.d t0, ft10
core   0: 1 0x0000000080005c5c (0xc23f72d3) x5  0x0000000000000000
core   0: 0x0000000080005c60 (0x005e9133) sll     sp, t4, t0
core   0: 1 0x0000000080005c60 (0x005e9133) x2  0x0000000000000000
core   0: 0x0000000080005c64 (0xc0287653) fcvt.l.s a2, fa6
core   0: 1 0x0000000080005c64 (0xc0287653) c1_fflags 0x0000000000000011 x12 0x7fffffffffffffff
core   0: 0x0000000080005c68 (0x02e75733) divu    a4, a4, a4
core   0: 1 0x0000000080005c68 (0x02e75733) x14 0xffffffffffffffff
core   0: 0x0000000080005c6c (0x01977133) and     sp, a4, s9
core   0: 1 0x0000000080005c6c (0x01977133) x2  0x0000000000000000
core   0: 0x0000000080005c70 (0x02886833) rem     a6, a6, s0
core   0: 1 0x0000000080005c70 (0x02886833) x16 0x0000000000000000
core   0: 0x0000000080005c74 (0x7ffc029b) addiw   t0, s8, 2047
core   0: 1 0x0000000080005c74 (0x7ffc029b) x5  0x000000000000074c
core   0: 0x0000000080005c78 (0x014ad693) srli    a3, s5, 20
core   0: 1 0x0000000080005c78 (0x014ad693) x13 0x00000fffffffffff
core   0: 0x0000000080005c7c (0x02d6f4bb) remuw   s1, a3, a3
core   0: 1 0x0000000080005c7c (0x02d6f4bb) x9  0x0000000000000000
core   0: 0x0000000080005c80 (0x303e3bf3) csrrc   s7, mideleg, t3
core   0: exception trap_illegal_instruction, epc 0x0000000080005c80
core   0:           tval 0x00000000303e3bf3
core   0: >>>>  $xrv64i2p1_m2p0_a2p1_f2p2_d2p2_zicsr2p0_zifencei2p0_zmmul1p0_zba1p0_zbb1p0_zbc1p0_zbs1p0
core   0: 0x0000000080004000 (0x0080006f) j       pc + 0x8
core   0: 3 0x0000000080004000 (0x0080006f)
core   0: >>>>  mmode_exception_handler
core   0: 0x0000000080004008 (0x00002c17) auipc   s8, 0x2
core   0: 3 0x0000000080004008 (0x00002c17) x24 0x0000000080006008
core   0: 0x000000008000400c (0x06ec0c13) addi    s8, s8, 110
core   0: 3 0x000000008000400c (0x06ec0c13) x24 0x0000000080006076
core   0: 0x0000000080004010 (0x000c00e7) jalr    s8
core   0: 3 0x0000000080004010 (0x000c00e7) x1  0x0000000080004014
core   0: >>>>  any_handler
core   0: 0x0000000080006076 (0x341027f3) csrrs   a5, mepc, zero
core   0: 3 0x0000000080006076 (0x341027f3) x15 0x0000000080005c80
core   0: 0x000000008000607a (0x34202773) csrrs   a4, mcause, zero
core   0: 3 0x000000008000607a (0x34202773) x14 0x0000000000000002
core   0: 0x000000008000607e (0x142026f3) csrrs   a3, scause, zero
core   0: 3 0x000000008000607e (0x142026f3) x13 0x0000000000000005
core   0: 0x0000000080006082 (0x30402673) csrrs   a2, mie, zero
core   0: 3 0x0000000080006082 (0x30402673) x12 0x0000000000000a00
core   0: 0x0000000080006086 (0x344025f3) csrrs   a1, mip, zero
core   0: 3 0x0000000080006086 (0x344025f3) x11 0x0000000000000080
core   0: 0x000000008000608a (0x343025f3) csrrs   a1, mtval, zero
core   0: 3 0x000000008000608a (0x343025f3) x11 0x00000000303e3bf3
core   0: 0x000000008000608e (0x14302573) csrrs   a0, stval, zero
core   0: 3 0x000000008000608e (0x14302573) x10 0x0000000000000002
core   0: 0x0000000080006092 (0xb02024f3) csrrs   s1, minstret, zero
core   0: 3 0x0000000080006092 (0xb02024f3) x9  0x0000000000001105
core   0: 0x0000000080006096 (0x0000a811) c.j     pc + 20
core   0: 3 0x0000000080006096 (0xa811)
core   0: >>>>  mepc_4
core   0: 0x00000000800060aa (0x00000791) c.addi  a5, 4
core   0: 3 0x00000000800060aa (0x0791) x15 0x0000000080005c84
core   0: 0x00000000800060ac (0x34179073) csrrw   zero, mepc, a5
core   0: 3 0x00000000800060ac (0x34179073) c833_mepc 0x0000000080005c84
core   0: 0x00000000800060b0 (0x30200073) mret
core   0: 3 0x00000000800060b0 (0x30200073) c768_mstatus 0x8000000a00106082
core   0: 0x0000000080005c84 (0x0027999b) slliw   s3, a5, 2
core   0: 1 0x0000000080005c84 (0x0027999b) x19 0x0000000000017210
core   0: 0x0000000080005c88 (0x001c1113) slli    sp, s8, 1
core   0: 1 0x0000000080005c88 (0x001c1113) x2  0x000000010000c0ec
core   0: 0x0000000080005c8c (0x0a9077d3) fsub.d  fa5, ft0, fs1
core   0: 1 0x0000000080005c8c (0x0a9077d3) f15 0x7ff8000000000000
core   0: 0x0000000080005c90 (0xd03c7ed3) fcvt.s.lu ft9, s8
core   0: 1 0x0000000080005c90 (0xd03c7ed3) c1_fflags 0x0000000000000011 f29 0xffffffff4f000060
core   0: 0x0000000080005c94 (0x000097d5) c.srai  a5, 53
core   0: 1 0x0000000080005c94 (0x97d5) x15 0x0000000000000000
core   0: 0x0000000080005c96 (0x00fbe9b3) or      s3, s7, a5
core   0: 1 0x0000000080005c96 (0x00fbe9b3) x19 0x000000000000045a
core   0: 0x0000000080005c9a (0x227294d3) fsgnjn.d fs1, ft5, ft7
core   0: 1 0x0000000080005c9a (0x227294d3) f9  0x0000000000000000
core   0: 0x0000000080005c9e (0x3206f973) csrrci  s2, mcountinhibit, 13
core   0: exception trap_illegal_instruction, epc 0x0000000080005c9e
core   0:           tval 0x000000003206f973
core   0: >>>>  $xrv64i2p1_m2p0_a2p1_f2p2_d2p2_zicsr2p0_zifencei2p0_zmmul1p0_zba1p0_zbb1p0_zbc1p0_zbs1p0
core   0: 0x0000000080004000 (0x0080006f) j       pc + 0x8
core   0: 3 0x0000000080004000 (0x0080006f)
core   0: >>>>  mmode_exception_handler
core   0: 0x0000000080004008 (0x00002c17) auipc   s8, 0x2
core   0: 3 0x0000000080004008 (0x00002c17) x24 0x0000000080006008
core   0: 0x000000008000400c (0x06ec0c13) addi    s8, s8, 110
core   0: 3 0x000000008000400c (0x06ec0c13) x24 0x0000000080006076
core   0: 0x0000000080004010 (0x000c00e7) jalr    s8
core   0: 3 0x0000000080004010 (0x000c00e7) x1  0x0000000080004014
core   0: >>>>  any_handler
core   0: 0x0000000080006076 (0x341027f3) csrrs   a5, mepc, zero
core   0: 3 0x0000000080006076 (0x341027f3) x15 0x0000000080005c9e
core   0: 0x000000008000607a (0x34202773) csrrs   a4, mcause, zero
core   0: 3 0x000000008000607a (0x34202773) x14 0x0000000000000002
core   0: 0x000000008000607e (0x142026f3) csrrs   a3, scause, zero
core   0: 3 0x000000008000607e (0x142026f3) x13 0x0000000000000005
core   0: 0x0000000080006082 (0x30402673) csrrs   a2, mie, zero
core   0: 3 0x0000000080006082 (0x30402673) x12 0x0000000000000a00
core   0: 0x0000000080006086 (0x344025f3) csrrs   a1, mip, zero
core   0: 3 0x0000000080006086 (0x344025f3) x11 0x0000000000000080
core   0: 0x000000008000608a (0x343025f3) csrrs   a1, mtval, zero
core   0: 3 0x000000008000608a (0x343025f3) x11 0x000000003206f973
core   0: 0x000000008000608e (0x14302573) csrrs   a0, stval, zero
core   0: 3 0x000000008000608e (0x14302573) x10 0x0000000000000002
core   0: 0x0000000080006092 (0xb02024f3) csrrs   s1, minstret, zero
core   0: 3 0x0000000080006092 (0xb02024f3) x9  0x000000000000111c
core   0: 0x0000000080006096 (0x0000a811) c.j     pc + 20
core   0: 3 0x0000000080006096 (0xa811)
core   0: >>>>  mepc_4
core   0: 0x00000000800060aa (0x00000791) c.addi  a5, 4
core   0: 3 0x00000000800060aa (0x0791) x15 0x0000000080005ca2
core   0: 0x00000000800060ac (0x34179073) csrrw   zero, mepc, a5
core   0: 3 0x00000000800060ac (0x34179073) c833_mepc 0x0000000080005ca2
core   0: 0x00000000800060b0 (0x30200073) mret
core   0: 3 0x00000000800060b0 (0x30200073) c768_mstatus 0x8000000a00106082
core   0: 0x0000000080005ca2 (0x220e9dd3) fsgnjn.d fs11, ft9, ft0
core   0: 1 0x0000000080005ca2 (0x220e9dd3) f27 0xffffffff4f000060
core   0: 0x0000000080005ca6 (0x037ffc37) lui     s8, 0x37ff
core   0: 1 0x0000000080005ca6 (0x037ffc37) x24 0x00000000037ff000
core   0: 0x0000000080005caa (0xee1c0c1b) addiw   s8, s8, -287
core   0: 1 0x0000000080005caa (0xee1c0c1b) x24 0x00000000037feee1
core   0: 0x0000000080005cae (0x00000c36) c.slli  s8, 13
core   0: 1 0x0000000080005cae (0x0c36) x24 0x0000006ffddc2000
core   0: 0x0000000080005cb0 (0xa2ac0c13) addi    s8, s8, -1494
core   0: 1 0x0000000080005cb0 (0xa2ac0c13) x24 0x0000006ffddc1a2a
core   0: 0x0000000080005cb4 (0x03f35e13) srli    t3, t1, 63
core   0: 1 0x0000000080005cb4 (0x03f35e13) x28 0x0000000000000000
core   0: 0x0000000080005cb8 (0x00065293) srli    t0, a2, 0
core   0: 1 0x0000000080005cb8 (0x00065293) x5  0x0000000000000a00
core   0: 0x0000000080005cbc (0x035788bb) mulw    a7, a5, s5
core   0: 1 0x0000000080005cbc (0x035788bb) x17 0x000000007fffa35e
core   0: 0x0000000080005cc0 (0x00d88cbb) addw    s9, a7, a3
core   0: 1 0x0000000080005cc0 (0x00d88cbb) x25 0x000000007fffa363
core   0: 0x0000000080005cc4 (0x0ff0000f) fence   iorw,iorw
core   0: 1 0x0000000080005cc4 (0x0ff0000f)
core   0: 0x0000000080005cc8 (0x41ad5d3b) sraw    s10, s10, s10
core   0: 1 0x0000000080005cc8 (0x41ad5d3b) x26 0x0000000000000000
core   0: 0x0000000080005ccc (0x014e9c93) slli    s9, t4, 20
core   0: 1 0x0000000080005ccc (0x014e9c93) x25 0x0000000000000000
core   0: 0x0000000080005cd0 (0x00419433) sll     s0, gp, tp
core   0: 1 0x0000000080005cd0 (0x00419433) x8  0xffffffffffffffff
core   0: 0x0000000080005cd4 (0xd03bf2d3) fcvt.s.lu ft5, s7
core   0: 1 0x0000000080005cd4 (0xd03bf2d3) f5  0xffffffff448b4000
core   0: 0x0000000080005cd8 (0x7ff67c93) andi    s9, a2, 2047
core   0: 1 0x0000000080005cd8 (0x7ff67c93) x25 0x0000000000000200
core   0: 0x0000000080005cdc (0xd2108553) fcvt.d.wu fa0, ra
core   0: 1 0x0000000080005cdc (0xd2108553) f10 0x41e0000802800000
core   0: 0x0000000080005ce0 (0x00746433) or      s0, s0, t2
core   0: 1 0x0000000080005ce0 (0x00746433) x8  0xffffffffffffffff
core   0: 0x0000000080005ce4 (0xeda17693) andi    a3, sp, -294
core   0: 1 0x0000000080005ce4 (0xeda17693) x13 0x000000010000c0c8
core   0: 0x0000000080005ce8 (0x0025153b) sllw    a0, a0, sp
core   0: 1 0x0000000080005ce8 (0x0025153b) x10 0x0000000000002000
core   0: 0x0000000080005cec (0x0057933b) sllw    t1, a5, t0
core   0: 1 0x0000000080005cec (0x0057933b) x6  0xffffffff80005ca2
core   0: 0x0000000080005cf0 (0x00102373) csrrs   t1, fflags, zero
core   0: 1 0x0000000080005cf0 (0x00102373) x6  0x0000000000000011
core   0: 0x0000000080005cf4 (0x9e41819b) addiw   gp, gp, -1564
core   0: 1 0x0000000080005cf4 (0x9e41819b) x3  0xfffffffffffff9e3
core   0: 0x0000000080005cf8 (0x018a1d3b) sllw    s10, s4, s8
core   0: 1 0x0000000080005cf8 (0x018a1d3b) x26 0xfffffffffffffc00
core   0: 0x0000000080005cfc (0x005992bb) sllw    t0, s3, t0
core   0: 1 0x0000000080005cfc (0x005992bb) x5  0x000000000000045a
core   0: 0x0000000080005d00 (0x408680b3) sub     ra, a3, s0
core   0: 1 0x0000000080005d00 (0x408680b3) x1  0x000000010000c0c9
core   0: 0x0000000080005d04 (0xf111d273) csrrwi  tp, mvendorid, 3
core   0: exception trap_illegal_instruction, epc 0x0000000080005d04
core   0:           tval 0x00000000f111d273
core   0: >>>>  $xrv64i2p1_m2p0_a2p1_f2p2_d2p2_zicsr2p0_zifencei2p0_zmmul1p0_zba1p0_zbb1p0_zbc1p0_zbs1p0
core   0: 0x0000000080004000 (0x0080006f) j       pc + 0x8
core   0: 3 0x0000000080004000 (0x0080006f)
core   0: >>>>  mmode_exception_handler
core   0: 0x0000000080004008 (0x00002c17) auipc   s8, 0x2
core   0: 3 0x0000000080004008 (0x00002c17) x24 0x0000000080006008
core   0: 0x000000008000400c (0x06ec0c13) addi    s8, s8, 110
core   0: 3 0x000000008000400c (0x06ec0c13) x24 0x0000000080006076
core   0: 0x0000000080004010 (0x000c00e7) jalr    s8
core   0: 3 0x0000000080004010 (0x000c00e7) x1  0x0000000080004014
core   0: >>>>  any_handler
core   0: 0x0000000080006076 (0x341027f3) csrrs   a5, mepc, zero
core   0: 3 0x0000000080006076 (0x341027f3) x15 0x0000000080005d04
core   0: 0x000000008000607a (0x34202773) csrrs   a4, mcause, zero
core   0: 3 0x000000008000607a (0x34202773) x14 0x0000000000000002
core   0: 0x000000008000607e (0x142026f3) csrrs   a3, scause, zero
core   0: 3 0x000000008000607e (0x142026f3) x13 0x0000000000000005
core   0: 0x0000000080006082 (0x30402673) csrrs   a2, mie, zero
core   0: 3 0x0000000080006082 (0x30402673) x12 0x0000000000000a00
core   0: 0x0000000080006086 (0x344025f3) csrrs   a1, mip, zero
core   0: 3 0x0000000080006086 (0x344025f3) x11 0x0000000000000080
core   0: 0x000000008000608a (0x343025f3) csrrs   a1, mtval, zero
core   0: 3 0x000000008000608a (0x343025f3) x11 0x00000000f111d273
core   0: 0x000000008000608e (0x14302573) csrrs   a0, stval, zero
core   0: 3 0x000000008000608e (0x14302573) x10 0x0000000000000002
core   0: 0x0000000080006092 (0xb02024f3) csrrs   s1, minstret, zero
core   0: 3 0x0000000080006092 (0xb02024f3) x9  0x0000000000001145
core   0: 0x0000000080006096 (0x0000a811) c.j     pc + 20
core   0: 3 0x0000000080006096 (0xa811)
core   0: >>>>  mepc_4
core   0: 0x00000000800060aa (0x00000791) c.addi  a5, 4
core   0: 3 0x00000000800060aa (0x0791) x15 0x0000000080005d08
core   0: 0x00000000800060ac (0x34179073) csrrw   zero, mepc, a5
core   0: 3 0x00000000800060ac (0x34179073) c833_mepc 0x0000000080005d08
core   0: 0x00000000800060b0 (0x30200073) mret
core   0: 3 0x00000000800060b0 (0x30200073) c768_mstatus 0x8000000a00106082
core   0: 0x0000000080005d08 (0x00189e13) slli    t3, a7, 1
core   0: 1 0x0000000080005d08 (0x00189e13) x28 0x00000000ffff46bc
core   0: 0x0000000080005d0c (0xc2257dd3) fcvt.l.d s11, fa0
core   0: 1 0x0000000080005d0c (0xc2257dd3) x27 0x0000000080004014
core   0: 0x0000000080005d10 (0x030dd43b) divuw   s0, s11, a6
core   0: 1 0x0000000080005d10 (0x030dd43b) x8  0xffffffffffffffff
core   0: 0x0000000080005d14 (0x02c42633) mulhsu  a2, s0, a2
core   0: 1 0x0000000080005d14 (0x02c42633) x12 0xffffffffffffffff
core   0: 0x0000000080005d18 (0x015d4d33) xor     s10, s10, s5
core   0: 1 0x0000000080005d18 (0x015d4d33) x26 0x00000000000003ff
core   0: 0x0000000080005d1c (0x0ff0000f) fence   iorw,iorw
core   0: 1 0x0000000080005d1c (0x0ff0000f)
core   0: 0x0000000080005d20 (0xd22c7913) andi    s2, s8, -734
core   0: 1 0x0000000080005d20 (0xd22c7913) x18 0x0000000080006022
core   0: 0x0000000080005d24 (0x0063553b) srlw    a0, t1, t1
core   0: 1 0x0000000080005d24 (0x0063553b) x10 0x0000000000000000
core   0: 0x0000000080005d28 (0x40a808bb) subw    a7, a6, a0
core   0: 1 0x0000000080005d28 (0x40a808bb) x17 0x0000000000000000
core   0: 0x0000000080005d2c (0xc211f0d3) fcvt.wu.d ra, ft3
core   0: 1 0x0000000080005d2c (0xc211f0d3) c1_fflags 0x0000000000000011 x1  0xffffffffffffffff
core   0: 0x0000000080005d30 (0xd224f0d3) fcvt.d.l ft1, s1
core   0: 1 0x0000000080005d30 (0xd224f0d3) f1  0x40b1450000000000
core   0: 0x0000000080005d34 (0x64b0819b) addiw   gp, ra, 1611
core   0: 1 0x0000000080005d34 (0x64b0819b) x3  0x000000000000064a
core   0: 0x0000000080005d38 (0xd21482d3) fcvt.d.wu ft5, s1
core   0: 1 0x0000000080005d38 (0xd21482d3) f5  0x40b1450000000000
core   0: 0x0000000080005d3c (0xc222f2d3) fcvt.l.d t0, ft5
core   0: 1 0x0000000080005d3c (0xc222f2d3) x5  0x0000000000001145
core   0: 0x0000000080005d40 (0x4152d9bb) sraw    s3, t0, s5
core   0: 1 0x0000000080005d40 (0x4152d9bb) x19 0x0000000000000000
core   0: 0x0000000080005d44 (0xc22070d3) fcvt.l.d ra, ft0
core   0: 1 0x0000000080005d44 (0xc22070d3) x1  0x0000000000000000
core   0: 0x0000000080005d48 (0x41750db3) sub     s11, a0, s7
core   0: 1 0x0000000080005d48 (0x41750db3) x27 0xfffffffffffffba6
core   0: 0x0000000080005d4c (0x143ba573) csrrs   a0, stval, s7
core   0: 1 0x0000000080005d4c (0x143ba573) x10 0x0000000000000002 c323_stval 0x000000000000045a
core   0: 0x0000000080005d50 (0x00069613) slli    a2, a3, 0
core   0: 1 0x0000000080005d50 (0x00069613) x12 0x0000000000000005
core   0: 0x0000000080005d54 (0x234fa553) fsgnjx.d fa0, ft11, fs4
core   0: 1 0x0000000080005d54 (0x234fa553) f10 0x7fffffff00000000
core   0: 0x0000000080005d58 (0x0370023b) mulw    tp, zero, s7
core   0: 1 0x0000000080005d58 (0x0370023b) x4  0x0000000000000000
core   0: 0x0000000080005d5c (0xf200704f) fnmadd.d ft0, ft0, ft0, ft10
core   0: 1 0x0000000080005d5c (0xf200704f) f0  0x8000000000000000
core   0: 0x0000000080005d60 (0x0159873b) addw    a4, s3, s5
core   0: 1 0x0000000080005d60 (0x0159873b) x14 0xffffffffffffffff
core   0: 0x0000000080005d64 (0x02fbc03b) divw    zero, s7, a5
core   0: 1 0x0000000080005d64 (0x02fbc03b)
core   0: 0x0000000080005d68 (0xf04b2e97) auipc   t4, 0xf04b2
core   0: 1 0x0000000080005d68 (0xf04b2e97) x29 0x00000000704b7d68
core   0: 0x0000000080005d6c (0xc03df153) fcvt.lu.s sp, fs11
core   0: 1 0x0000000080005d6c (0xc03df153) x2  0x0000000080006000
core   0: 0x0000000080005d70 (0x0008d21b) srliw   tp, a7, 0
core   0: 1 0x0000000080005d70 (0x0008d21b) x4  0x0000000000000000
core   0: 0x0000000080005d74 (0xd02dfdd3) fcvt.s.l fs11, s11
core   0: 1 0x0000000080005d74 (0xd02dfdd3) f27 0xffffffffc48b4000
core   0: 0x0000000080005d78 (0xf98f0e17) auipc   t3, 0xf98f0
core   0: 1 0x0000000080005d78 (0xf98f0e17) x28 0x00000000798f5d78
core   0: 0x0000000080005d7c (0x41535cbb) sraw    s9, t1, s5
core   0: 1 0x0000000080005d7c (0x41535cbb) x25 0x0000000000000000
core   0: 0x0000000080005d80 (0x030c833b) mulw    t1, s9, a6
core   0: 1 0x0000000080005d80 (0x030c833b) x6  0x0000000000000000
core   0: 0x0000000080005d84 (0xf11b67f3) csrrsi  a5, mvendorid, 22
core   0: exception trap_illegal_instruction, epc 0x0000000080005d84
core   0:           tval 0x00000000f11b67f3
core   0: >>>>  $xrv64i2p1_m2p0_a2p1_f2p2_d2p2_zicsr2p0_zifencei2p0_zmmul1p0_zba1p0_zbb1p0_zbc1p0_zbs1p0
core   0: 0x0000000080004000 (0x0080006f) j       pc + 0x8
core   0: 3 0x0000000080004000 (0x0080006f)
core   0: >>>>  mmode_exception_handler
core   0: 0x0000000080004008 (0x00002c17) auipc   s8, 0x2
core   0: 3 0x0000000080004008 (0x00002c17) x24 0x0000000080006008
core   0: 0x000000008000400c (0x06ec0c13) addi    s8, s8, 110
core   0: 3 0x000000008000400c (0x06ec0c13) x24 0x0000000080006076
core   0: 0x0000000080004010 (0x000c00e7) jalr    s8
core   0: 3 0x0000000080004010 (0x000c00e7) x1  0x0000000080004014
core   0: >>>>  any_handler
core   0: 0x0000000080006076 (0x341027f3) csrrs   a5, mepc, zero
core   0: 3 0x0000000080006076 (0x341027f3) x15 0x0000000080005d84
core   0: 0x000000008000607a (0x34202773) csrrs   a4, mcause, zero
core   0: 3 0x000000008000607a (0x34202773) x14 0x0000000000000002
core   0: 0x000000008000607e (0x142026f3) csrrs   a3, scause, zero
core   0: 3 0x000000008000607e (0x142026f3) x13 0x0000000000000005
core   0: 0x0000000080006082 (0x30402673) csrrs   a2, mie, zero
core   0: 3 0x0000000080006082 (0x30402673) x12 0x0000000000000a00
core   0: 0x0000000080006086 (0x344025f3) csrrs   a1, mip, zero
core   0: 3 0x0000000080006086 (0x344025f3) x11 0x0000000000000080
core   0: 0x000000008000608a (0x343025f3) csrrs   a1, mtval, zero
core   0: 3 0x000000008000608a (0x343025f3) x11 0x00000000f11b67f3
core   0: 0x000000008000608e (0x14302573) csrrs   a0, stval, zero
core   0: 3 0x000000008000608e (0x14302573) x10 0x000000000000045a
core   0: 0x0000000080006092 (0xb02024f3) csrrs   s1, minstret, zero
core   0: 3 0x0000000080006092 (0xb02024f3) x9  0x0000000000001174
core   0: 0x0000000080006096 (0x0000a811) c.j     pc + 20
core   0: 3 0x0000000080006096 (0xa811)
core   0: >>>>  mepc_4
core   0: 0x00000000800060aa (0x00000791) c.addi  a5, 4
core   0: 3 0x00000000800060aa (0x0791) x15 0x0000000080005d88
core   0: 0x00000000800060ac (0x34179073) csrrw   zero, mepc, a5
core   0: 3 0x00000000800060ac (0x34179073) c833_mepc 0x0000000080005d88
core   0: 0x00000000800060b0 (0x30200073) mret
core   0: 3 0x00000000800060b0 (0x30200073) c768_mstatus 0x8000000a00106082
core   0: 0x0000000080005d88 (0x40d78333) sub     t1, a5, a3
core   0: 1 0x0000000080005d88 (0x40d78333) x6  0x0000000080005d83
core   0: 0x0000000080005d8c (0xd2007547) fmsub.d fa0, ft0, ft0, fs10
core   0: 1 0x0000000080005d8c (0xd2007547) f10 0x7ff8000000000000
core   0: 0x0000000080005d90 (0x001d07bb) addw    a5, s10, ra
core   0: 1 0x0000000080005d90 (0x001d07bb) x15 0xffffffff80004413
core   0: 0x0000000080005d94 (0x0067933b) sllw    t1, a5, t1
core   0: 1 0x0000000080005d94 (0x0067933b) x6  0x0000000000022098
core   0: 0x0000000080005d98 (0x400ad99b) sraiw   s3, s5, 0
core   0: 1 0x0000000080005d98 (0x400ad99b) x19 0xffffffffffffffff
core   0: 0x0000000080005d9c (0x010a4a33) xor     s4, s4, a6
core   0: 1 0x0000000080005d9c (0x010a4a33) x20 0x7fffffffffffffff
core   0: 0x0000000080005da0 (0x865926b7) lui     a3, 0x86592
core   0: 1 0x0000000080005da0 (0x865926b7) x13 0xffffffff86592000
core   0: 0x0000000080005da4 (0x4020d81b) sraiw   a6, ra, 2
core   0: 1 0x0000000080005da4 (0x4020d81b) x16 0xffffffffe0001005
core   0: 0x0000000080005da8 (0x01009eb3) sll     t4, ra, a6
core   0: 1 0x0000000080005da8 (0x01009eb3) x29 0x0000001000080280
core   0: 0x0000000080005dac (0x40a2d113) srai    sp, t0, 10
core   0: 1 0x0000000080005dac (0x40a2d113) x2  0x0000000000000004
core   0: 0x0000000080005db0 (0x022586bb) mulw    a3, a1, sp
core   0: 1 0x0000000080005db0 (0x022586bb) x13 0xffffffffc46d9fcc
core   0: 0x0000000080005db4 (0x00f3ddbb) srlw    s11, t2, a5
core   0: 1 0x0000000080005db4 (0x00f3ddbb) x27 0x0000000000001fff
core   0: 0x0000000080005db8 (0x233dc013) xori    zero, s11, 563
core   0: 1 0x0000000080005db8 (0x233dc013)
core   0: 0x0000000080005dbc (0x00191bf3) csrrw   s7, fflags, s2
core   0: 1 0x0000000080005dbc (0x00191bf3) x23 0x0000000000000011 c1_fflags 0x0000000000000002
core   0: 0x0000000080005dc0 (0x22aa1bd3) fsgnjn.d fs7, fs4, fa0
core   0: 1 0x0000000080005dc0 (0x22aa1bd3) f23 0xffffffff4afffffe
core   0: 0x0000000080005dc4 (0x1abef3d3) fdiv.d  ft7, ft9, fa1
core   0: 1 0x0000000080005dc4 (0x1abef3d3) f7  0x7ff8000000000000
core   0: 0x0000000080005dc8 (0x1b717153) fdiv.d  ft2, ft2, fs7
core   0: 1 0x0000000080005dc8 (0x1b717153) f2  0x7ff8000000000000
core   0: 0x0000000080005dcc (0xd20206d3) fcvt.d.w fa3, tp
core   0: 1 0x0000000080005dcc (0xd20206d3) f13 0x0000000000000000
core   0: 0x0000000080005dd0 (0x035b7abb) remuw   s5, s6, s5
core   0: 1 0x0000000080005dd0 (0x035b7abb) x21 0x0000000000000000
core   0: 0x0000000080005dd4 (0x01739ab3) sll     s5, t2, s7
core   0: 1 0x0000000080005dd4 (0x01739ab3) x21 0xfffffffffffe0000
core   0: 0x0000000080005dd8 (0x00102bf3) csrrs   s7, fflags, zero
core   0: 1 0x0000000080005dd8 (0x00102bf3) x23 0x0000000000000002
core   0: 0x0000000080005ddc (0x4009d31b) sraiw   t1, s3, 0
core   0: 1 0x0000000080005ddc (0x4009d31b) x6  0xffffffffffffffff
core   0: 0x0000000080005de0 (0x00a21a33) sll     s4, tp, a0
core   0: 1 0x0000000080005de0 (0x00a21a33) x20 0x0000000000000000
core   0: 0x0000000080005de4 (0x00139273) csrrw   tp, fflags, t2
core   0: 1 0x0000000080005de4 (0x00139273) x4  0x0000000000000002 c1_fflags 0x000000000000001f
core   0: 0x0000000080005de8 (0x02235333) divu    t1, t1, sp
core   0: 1 0x0000000080005de8 (0x02235333) x6  0x3fffffffffffffff
core   0: 0x0000000080005dec (0xf1189073) csrrw   zero, mvendorid, a7
core   0: exception trap_illegal_instruction, epc 0x0000000080005dec
core   0:           tval 0x00000000f1189073
core   0: >>>>  $xrv64i2p1_m2p0_a2p1_f2p2_d2p2_zicsr2p0_zifencei2p0_zmmul1p0_zba1p0_zbb1p0_zbc1p0_zbs1p0
core   0: 0x0000000080004000 (0x0080006f) j       pc + 0x8
core   0: 3 0x0000000080004000 (0x0080006f)
core   0: >>>>  mmode_exception_handler
core   0: 0x0000000080004008 (0x00002c17) auipc   s8, 0x2
core   0: 3 0x0000000080004008 (0x00002c17) x24 0x0000000080006008
core   0: 0x000000008000400c (0x06ec0c13) addi    s8, s8, 110
core   0: 3 0x000000008000400c (0x06ec0c13) x24 0x0000000080006076
core   0: 0x0000000080004010 (0x000c00e7) jalr    s8
core   0: 3 0x0000000080004010 (0x000c00e7) x1  0x0000000080004014
core   0: >>>>  any_handler
core   0: 0x0000000080006076 (0x341027f3) csrrs   a5, mepc, zero
core   0: 3 0x0000000080006076 (0x341027f3) x15 0x0000000080005dec
core   0: 0x000000008000607a (0x34202773) csrrs   a4, mcause, zero
core   0: 3 0x000000008000607a (0x34202773) x14 0x0000000000000002
core   0: 0x000000008000607e (0x142026f3) csrrs   a3, scause, zero
core   0: 3 0x000000008000607e (0x142026f3) x13 0x0000000000000005
core   0: 0x0000000080006082 (0x30402673) csrrs   a2, mie, zero
core   0: 3 0x0000000080006082 (0x30402673) x12 0x0000000000000a00
core   0: 0x0000000080006086 (0x344025f3) csrrs   a1, mip, zero
core   0: 3 0x0000000080006086 (0x344025f3) x11 0x0000000000000080
core   0: 0x000000008000608a (0x343025f3) csrrs   a1, mtval, zero
core   0: 3 0x000000008000608a (0x343025f3) x11 0x00000000f1189073
core   0: 0x000000008000608e (0x14302573) csrrs   a0, stval, zero
core   0: 3 0x000000008000608e (0x14302573) x10 0x000000000000045a
core   0: 0x0000000080006092 (0xb02024f3) csrrs   s1, minstret, zero
core   0: 3 0x0000000080006092 (0xb02024f3) x9  0x000000000000119d
core   0: 0x0000000080006096 (0x0000a811) c.j     pc + 20
core   0: 3 0x0000000080006096 (0xa811)
core   0: >>>>  mepc_4
core   0: 0x00000000800060aa (0x00000791) c.addi  a5, 4
core   0: 3 0x00000000800060aa (0x0791) x15 0x0000000080005df0
core   0: 0x00000000800060ac (0x34179073) csrrw   zero, mepc, a5
core   0: 3 0x00000000800060ac (0x34179073) c833_mepc 0x0000000080005df0
core   0: 0x00000000800060b0 (0x30200073) mret
core   0: 3 0x00000000800060b0 (0x30200073) c768_mstatus 0x8000000a00106082
core   0: 0x0000000080005df0 (0x027b6233) rem     tp, s6, t2
core   0: 1 0x0000000080005df0 (0x027b6233) x4  0x0000000000000000
core   0: 0x0000000080005df4 (0x0050d0bb) srlw    ra, ra, t0
core   0: 1 0x0000000080005df4 (0x0050d0bb) x1  0x0000000004000200
core   0: 0x0000000080005df8 (0x01a07033) and     zero, zero, s10
core   0: 1 0x0000000080005df8 (0x01a07033)
core   0: 0x0000000080005dfc (0x0035e3b3) or      t2, a1, gp
core   0: 1 0x0000000080005dfc (0x0035e3b3) x7  0x00000000f118967b
core   0: 0x0000000080005e00 (0x0ff0000f) fence   iorw,iorw
core   0: 1 0x0000000080005e00 (0x0ff0000f)
core   0: 0x0000000080005e04 (0x46b66093) ori     ra, a2, 1131
core   0: 1 0x0000000080005e04 (0x46b66093) x1  0x0000000000000e6b
core   0: 0x0000000080005e08 (0x013b173b) sllw    a4, s6, s3
core   0: 1 0x0000000080005e08 (0x013b173b) x14 0x0000000000000000
core   0: 0x0000000080005e0c (0xb5b52513) slti    a0, a0, -1189
core   0: 1 0x0000000080005e0c (0xb5b52513) x10 0x0000000000000000
core   0: 0x0000000080005e10 (0x00d5533b) srlw    t1, a0, a3
core   0: 1 0x0000000080005e10 (0x00d5533b) x6  0x0000000000000000
core   0: 0x0000000080005e14 (0x0209c23b) divw    tp, s3, zero
core   0: 1 0x0000000080005e14 (0x0209c23b) x4  0xffffffffffffffff
core   0: 0x0000000080005e18 (0x40f40cbb) subw    s9, s0, a5
core   0: 1 0x0000000080005e18 (0x40f40cbb) x25 0x000000007fffa20f
core   0: 0x0000000080005e1c (0x140c92f3) csrrw   t0, sscratch, s9
core   0: 1 0x0000000080005e1c (0x140c92f3) x5  0x0000000000000001 c320_sscratch 0x000000007fffa20f
core   0: 0x0000000080005e20 (0x01a5d7b3) srl     a5, a1, s10
core   0: 1 0x0000000080005e20 (0x01a5d7b3) x15 0x0000000000000000
core   0: 0x0000000080005e24 (0x405e8eb3) sub     t4, t4, t0
core   0: 1 0x0000000080005e24 (0x405e8eb3) x29 0x000000100008027f
core   0: 0x0000000080005e28 (0x42038253) fcvt.d.s ft4, ft7
core   0: 1 0x0000000080005e28 (0x42038253) f4  0x7ff8000000000000
core   0: 0x0000000080005e2c (0x401ffed3) fcvt.s.d ft9, ft11
core   0: 1 0x0000000080005e2c (0x401ffed3) f29 0xffffffff7fc00000
core   0: 0x0000000080005e30 (0x41f65b1b) sraiw   s6, a2, 31
core   0: 1 0x0000000080005e30 (0x41f65b1b) x22 0x0000000000000000
core   0: 0x0000000080005e34 (0x00102673) csrrs   a2, fflags, zero
core   0: 1 0x0000000080005e34 (0x00102673) x12 0x000000000000001f
core   0: 0x0000000080005e38 (0xc026f353) fcvt.l.s t1, fa3
core   0: 1 0x0000000080005e38 (0xc026f353) c1_fflags 0x000000000000001f x6  0x7fffffffffffffff
core   0: 0x0000000080005e3c (0xd0267653) fcvt.s.l fa2, a2
core   0: 1 0x0000000080005e3c (0xd0267653) f12 0xffffffff41f80000
core   0: 0x0000000080005e40 (0x6a66754b) fnmsub.d fa0, fa2, ft6, fa3
core   0: 1 0x0000000080005e40 (0x6a66754b) f10 0x7ff8000000000000
core   0: 0x0000000080005e44 (0x420307d3) fcvt.d.s fa5, ft6
core   0: 1 0x0000000080005e44 (0x420307d3) f15 0x7ff8000000000000
core   0: 0x0000000080005e48 (0x00000001) c.nop
core   0: 1 0x0000000080005e48 (0x0001)
core   0: 0x0000000080005e4a (0x0000ed93) ori     s11, ra, 0
core   0: 1 0x0000000080005e4a (0x0000ed93) x27 0x0000000000000e6b
core   0: 0x0000000080005e4e (0x000dc033) xor     zero, s11, zero
core   0: 1 0x0000000080005e4e (0x000dc033)
core   0: 0x0000000080005e52 (0x03f4d613) srli    a2, s1, 63
core   0: 1 0x0000000080005e52 (0x03f4d613) x12 0x0000000000000000
core   0: 0x0000000080005e56 (0xc02374d3) fcvt.l.s s1, ft6
core   0: 1 0x0000000080005e56 (0xc02374d3) c1_fflags 0x000000000000001f x9  0x7fffffffffffffff
core   0: 0x0000000080005e5a (0xf3c2ce93) xori    t4, t0, -196
core   0: 1 0x0000000080005e5a (0xf3c2ce93) x29 0xffffffffffffff3d
core   0: 0x0000000080005e5e (0xd3bd70cb) fnmsub.d ft1, fs10, fs11, fs10
core   0: 1 0x0000000080005e5e (0xd3bd70cb) f1  0x7ff8000000000000
core   0: 0x0000000080005e62 (0x02de7333) remu    t1, t3, a3
core   0: 1 0x0000000080005e62 (0x02de7333) x6  0x0000000000000002
core   0: 0x0000000080005e66 (0x00ccbab7) lui     s5, 0xccb
core   0: 1 0x0000000080005e66 (0x00ccbab7) x21 0x0000000000ccb000
core   0: 0x0000000080005e6a (0xb55a8a9b) addiw   s5, s5, -1195
core   0: 1 0x0000000080005e6a (0xb55a8a9b) x21 0x0000000000ccab55
core   0: 0x0000000080005e6e (0x00000aba) c.slli  s5, 14
core   0: 1 0x0000000080005e6e (0x0aba) x21 0x000000332ad54000
core   0: 0x0000000080005e70 (0x127a8a93) addi    s5, s5, 295
core   0: 1 0x0000000080005e70 (0x127a8a93) x21 0x000000332ad54127
core   0: 0x0000000080005e74 (0x039307bb) mulw    a5, t1, s9
core   0: 1 0x0000000080005e74 (0x039307bb) x15 0xffffffffffff441e
core   0: 0x0000000080005e78 (0x420f88d3) fcvt.d.s fa7, ft11
core   0: 1 0x0000000080005e78 (0x420f88d3) f17 0x0000000000000000
core   0: 0x0000000080005e7c (0x404c5db3) sra     s11, s8, tp
core   0: 1 0x0000000080005e7c (0x404c5db3) x27 0x0000000000000000
core   0: 0x0000000080005e80 (0x004258bb) srlw    a7, tp, tp
core   0: 1 0x0000000080005e80 (0x004258bb) x17 0x0000000000000001
core   0: 0x0000000080005e84 (0xe20e8353) fmv.x.d t1, ft9
core   0: 1 0x0000000080005e84 (0xe20e8353) x6  0xffffffff7fc00000
core   0: 0x0000000080005e88 (0x7ff66693) ori     a3, a2, 2047
core   0: 1 0x0000000080005e88 (0x7ff66693) x13 0x00000000000007ff
core   0: 0x0000000080005e8c (0x01860233) add     tp, a2, s8
core   0: 1 0x0000000080005e8c (0x01860233) x4  0x0000000080006076
core   0: 0x0000000080005e90 (0x232904d3) fsgnj.d fs1, fs2, fs2
core   0: 1 0x0000000080005e90 (0x232904d3) f9  0x7ff8000000000000
core   0: 0x0000000080005e94 (0xd52c0693) addi    a3, s8, -686
core   0: 1 0x0000000080005e94 (0xd52c0693) x13 0x0000000080005dc8
core   0: 0x0000000080005e98 (0x00dc9cbb) sllw    s9, s9, a3
core   0: 1 0x0000000080005e98 (0x00dc9cbb) x25 0xffffffffffa20f00
core   0: 0x0000000080005e9c (0xd23cf8d3) fcvt.d.lu fa7, s9
core   0: 1 0x0000000080005e9c (0xd23cf8d3) c1_fflags 0x000000000000001f f17 0x43effffffffff442
core   0: 0x0000000080005ea0 (0x41535433) sra     s0, t1, s5
core   0: 1 0x0000000080005ea0 (0x41535433) x8  0xffffffffffffffff
core   0: 0x0000000080005ea4 (0x001a809b) addiw   ra, s5, 1
core   0: 1 0x0000000080005ea4 (0x001a809b) x1  0x000000002ad54128
core   0: 0x0000000080005ea8 (0x01d0c1b3) xor     gp, ra, t4
core   0: 1 0x0000000080005ea8 (0x01d0c1b3) x3  0xffffffffd52abe15
core   0: 0x0000000080005eac (0x03fbff53) fadd.d  ft10, fs7, ft11
core   0: 1 0x0000000080005eac (0x03fbff53) f30 0x7ff8000000000000
core   0: 0x0000000080005eb0 (0x1a800a13) li      s4, 424
core   0: 1 0x0000000080005eb0 (0x1a800a13) x20 0x00000000000001a8
core   0: 0x0000000080005eb4 (0x00000001) c.nop
core   0: 1 0x0000000080005eb4 (0x0001)
core   0: 0x0000000080005eb6 (0x03f1db13) srli    s6, gp, 63
core   0: 1 0x0000000080005eb6 (0x03f1db13) x22 0x0000000000000001
core   0: 0x0000000080005eba (0x037b7b4f) fnmadd.d fs6, fs6, fs7, ft0
core   0: 1 0x0000000080005eba (0x037b7b4f) f22 0x7ff8000000000000
core   0: 0x0000000080005ebe (0x034a503b) divuw   zero, s4, s4
core   0: 1 0x0000000080005ebe (0x034a503b)
core   0: 0x0000000080005ec2 (0x40015a9b) sraiw   s5, sp, 0
core   0: 1 0x0000000080005ec2 (0x40015a9b) x21 0x0000000000000004
core   0: 0x0000000080005ec6 (0x420d84d3) fcvt.d.s fs1, fs11
core   0: 1 0x0000000080005ec6 (0x420d84d3) f9  0xc091680000000000
core   0: 0x0000000080005eca (0x0216fa53) fadd.d  fs4, fa3, ft1
core   0: 1 0x0000000080005eca (0x0216fa53) f20 0x7ff8000000000000
core   0: 0x0000000080005ece (0x02b90233) mul     tp, s2, a1
core   0: 1 0x0000000080005ece (0x02b90233) x4  0x788ca2c2bb6e4f46
core   0: 0x0000000080005ed2 (0x00000001) c.nop
core   0: 1 0x0000000080005ed2 (0x0001)
core   0: 0x0000000080005ed4 (0xe20683d3) fmv.x.d t2, fa3
core   0: 1 0x0000000080005ed4 (0xe20683d3) x7  0x0000000000000000
core   0: 0x0000000080005ed8 (0x0ff0000f) fence   iorw,iorw
core   0: 1 0x0000000080005ed8 (0x0ff0000f)
core   0: 0x0000000080005edc (0x001b05b3) add     a1, s6, ra
core   0: 1 0x0000000080005edc (0x001b05b3) x11 0x000000002ad54129
core   0: 0x0000000080005ee0 (0x0243e03b) remw    zero, t2, tp
core   0: 1 0x0000000080005ee0 (0x0243e03b)
core   0: 0x0000000080005ee4 (0xd0267ad3) fcvt.s.l fs5, a2
core   0: 1 0x0000000080005ee4 (0xd0267ad3) f21 0xffffffff00000000
core   0: 0x0000000080005ee8 (0x018a1c3b) sllw    s8, s4, s8
core   0: 1 0x0000000080005ee8 (0x018a1c3b) x24 0x000000006a000000
core   0: 0x0000000080005eec (0x00000001) c.nop
core   0: 1 0x0000000080005eec (0x0001)
core   0: 0x0000000080005eee (0xd02075d3) fcvt.s.l fa1, zero
core   0: 1 0x0000000080005eee (0xd02075d3) f11 0xffffffff00000000
core   0: 0x0000000080005ef2 (0x42058f53) fcvt.d.s ft10, fa1
core   0: 1 0x0000000080005ef2 (0x42058f53) f30 0x0000000000000000
core   0: 0x0000000080005ef6 (0x526f7ec7) fmsub.d ft9, ft10, ft6, fa0
core   0: 1 0x0000000080005ef6 (0x526f7ec7) f29 0x7ff8000000000000
core   0: 0x0000000080005efa (0x41d984bb) subw    s1, s3, t4
core   0: 1 0x0000000080005efa (0x41d984bb) x9  0x00000000000000c2
core   0: 0x0000000080005efe (0x135cf7d3) fmul.d  fa5, fs9, fs5
core   0: 1 0x0000000080005efe (0x135cf7d3) f15 0x7ff8000000000000
core   0: 0x0000000080005f02 (0x017d20b3) slt     ra, s10, s7
core   0: 1 0x0000000080005f02 (0x017d20b3) x1  0x0000000000000000
core   0: 0x0000000080005f06 (0x12c6fed3) fmul.d  ft9, fa3, fa2
core   0: 1 0x0000000080005f06 (0x12c6fed3) f29 0x7ff8000000000000
core   0: 0x0000000080005f0a (0x00000001) c.nop
core   0: 1 0x0000000080005f0a (0x0001)
core   0: 0x0000000080005f0c (0x01ce113b) sllw    sp, t3, t3
core   0: 1 0x0000000080005f0c (0x01ce113b) x2  0x0000000078000000
core   0: 0x0000000080005f10 (0x00189cf3) csrrw   s9, fflags, a7
core   0: 1 0x0000000080005f10 (0x00189cf3) x25 0x000000000000001f c1_fflags 0x0000000000000001
core   0: 0x0000000080005f14 (0xfe6a4b37) lui     s6, 0xfe6a4
core   0: 1 0x0000000080005f14 (0xfe6a4b37) x22 0xfffffffffe6a4000
core   0: 0x0000000080005f18 (0xbcfb0b1b) addiw   s6, s6, -1073
core   0: 1 0x0000000080005f18 (0xbcfb0b1b) x22 0xfffffffffe6a3bcf
core   0: 0x0000000080005f1c (0x00000b3a) c.slli  s6, 14
core   0: 1 0x0000000080005f1c (0x0b3a) x22 0xffffff9a8ef3c000
core   0: 0x0000000080005f1e (0xe96b0b13) addi    s6, s6, -362
core   0: 1 0x0000000080005f1e (0xe96b0b13) x22 0xffffff9a8ef3be96
core   0: 0x0000000080005f22 (0x00085c13) srli    s8, a6, 0
core   0: 1 0x0000000080005f22 (0x00085c13) x24 0xffffffffe0001005
core   0: 0x0000000080005f26 (0x0155cab3) xor     s5, a1, s5
core   0: 1 0x0000000080005f26 (0x0155cab3) x21 0x000000002ad5412d
core   0: 0x0000000080005f2a (0x2af79953) fmax.d  fs2, fa5, fa5
core   0: 1 0x0000000080005f2a (0x2af79953) f18 0x7ff8000000000000
core   0: 0x0000000080005f2e (0x105aa1f3) csrrs   gp, stvec, s5
core   0: 1 0x0000000080005f2e (0x105aa1f3) x3  0x0000000000000000 c261_stvec 0x000000002ad5412d
core   0: 0x0000000080005f32 (0x4110853b) subw    a0, ra, a7
core   0: 1 0x0000000080005f32 (0x4110853b) x10 0xffffffffffffffff
core   0: 0x0000000080005f36 (0x23def24b) fnmsub.d ft4, ft9, ft9, ft4
core   0: 1 0x0000000080005f36 (0x23def24b) f4  0x7ff8000000000000
core   0: 0x0000000080005f3a (0x02e75ab3) divu    s5, a4, a4
core   0: 1 0x0000000080005f3a (0x02e75ab3) x21 0xffffffffffffffff
core   0: 0x0000000080005f3e (0xd2090453) fcvt.d.w fs0, s2
core   0: 1 0x0000000080005f3e (0xd2090453) f8  0xc1dfffe7f7800000
core   0: 0x0000000080005f42 (0x00ba5a1b) srliw   s4, s4, 11
core   0: 1 0x0000000080005f42 (0x00ba5a1b) x20 0x0000000000000000
core   0: 0x0000000080005f46 (0x03f3fa53) fadd.d  fs4, ft7, ft11
core   0: 1 0x0000000080005f46 (0x03f3fa53) f20 0x7ff8000000000000
core   0: 0x0000000080005f4a (0x003b2cb3) slt     s9, s6, gp
core   0: 1 0x0000000080005f4a (0x003b2cb3) x25 0x0000000000000001
core   0: 0x0000000080005f4e (0xd02173d3) fcvt.s.l ft7, sp
core   0: 1 0x0000000080005f4e (0xd02173d3) f7  0xffffffff4ef00000
core   0: 0x0000000080005f52 (0x00102573) csrrs   a0, fflags, zero
core   0: 1 0x0000000080005f52 (0x00102573) x10 0x0000000000000001
core   0: 0x0000000080005f56 (0x00000001) c.nop
core   0: 1 0x0000000080005f56 (0x0001)
core   0: 0x0000000080005f58 (0x414a09b3) sub     s3, s4, s4
core   0: 1 0x0000000080005f58 (0x414a09b3) x19 0x0000000000000000
core   0: 0x0000000080005f5c (0x40a18c33) sub     s8, gp, a0
core   0: 1 0x0000000080005f5c (0x40a18c33) x24 0xffffffffffffffff
core   0: 0x0000000080005f60 (0x23efadd3) fsgnjx.d fs11, ft11, ft10
core   0: 1 0x0000000080005f60 (0x23efadd3) f27 0xffffffff00000000
core   0: 0x0000000080005f64 (0x016bab33) slt     s6, s7, s6
core   0: 1 0x0000000080005f64 (0x016bab33) x22 0x0000000000000000
core   0: 0x0000000080005f68 (0x9bbb7647) fmsub.d fa2, fs6, fs11, fs3
core   0: 1 0x0000000080005f68 (0x9bbb7647) f12 0x7ff8000000000000
core   0: 0x0000000080005f6c (0xc20c78d3) fcvt.w.d a7, fs8
core   0: 1 0x0000000080005f6c (0xc20c78d3) c1_fflags 0x0000000000000011 x17 0x000000007fffffff
core   0: 0x0000000080005f70 (0x4054541b) sraiw   s0, s0, 5
core   0: 1 0x0000000080005f70 (0x4054541b) x8  0xffffffffffffffff
core   0: 0x0000000080005f74 (0x02a0d0bb) divuw   ra, ra, a0
core   0: 1 0x0000000080005f74 (0x02a0d0bb) x1  0x0000000000000000
core   0: 0x0000000080005f78 (0x52a3ff4f) fnmadd.d ft10, ft7, fa0, fa0
core   0: 1 0x0000000080005f78 (0x52a3ff4f) f30 0x7ff8000000000000
core   0: 0x0000000080005f7c (0x52aff8cf) fnmadd.d fa7, ft11, fa0, fa0
core   0: 1 0x0000000080005f7c (0x52aff8cf) f17 0x7ff8000000000000
core   0: 0x0000000080005f80 (0xa3ef00d3) fle.d   ra, ft10, ft10
core   0: 1 0x0000000080005f80 (0xa3ef00d3) c1_fflags 0x0000000000000011 x1  0x0000000000000000
core   0: 0x0000000080005f84 (0x01ab5d3b) srlw    s10, s6, s10
core   0: 1 0x0000000080005f84 (0x01ab5d3b) x26 0x0000000000000000
core   0: 0x0000000080005f88 (0x40f082bb) subw    t0, ra, a5
core   0: 1 0x0000000080005f88 (0x40f082bb) x5  0x000000000000bbe2
core   0: 0x0000000080005f8c (0x413dde1b) sraiw   t3, s11, 19
core   0: 1 0x0000000080005f8c (0x413dde1b) x28 0x0000000000000000
core   0: 0x0000000080005f90 (0x01b7f6b3) and     a3, a5, s11
core   0: 1 0x0000000080005f90 (0x01b7f6b3) x13 0x0000000000000000
core   0: 0x0000000080005f94 (0x012b06b3) add     a3, s6, s2
core   0: 1 0x0000000080005f94 (0x012b06b3) x13 0x0000000080006022
core   0: 0x0000000080005f98 (0x2aa71fd3) fmax.d  ft11, fa4, fa0
core   0: 1 0x0000000080005f98 (0x2aa71fd3) f31 0x00000000bd4c982e
core   0: 0x0000000080005f9c (0x0037043b) addw    s0, a4, gp
core   0: 1 0x0000000080005f9c (0x0037043b) x8  0x0000000000000000
core   0: 0x0000000080005fa0 (0xd021f553) fcvt.s.l fa0, gp
core   0: 1 0x0000000080005fa0 (0xd021f553) f10 0xffffffff00000000
core   0: 0x0000000080005fa4 (0xe20a08d3) fmv.x.d a7, fs4
core   0: 1 0x0000000080005fa4 (0xe20a08d3) x17 0x7ff8000000000000
core   0: 0x0000000080005fa8 (0x00b29a13) slli    s4, t0, 11
core   0: 1 0x0000000080005fa8 (0x00b29a13) x20 0x0000000005df1000
core   0: 0x0000000080005fac (0x00319cb3) sll     s9, gp, gp
core   0: 1 0x0000000080005fac (0x00319cb3) x25 0x0000000000000000
core   0: 0x0000000080005fb0 (0x00195913) srli    s2, s2, 1
core   0: 1 0x0000000080005fb0 (0x00195913) x18 0x0000000040003011
core   0: 0x0000000080005fb4 (0x027b1513) slli    a0, s6, 39
core   0: 1 0x0000000080005fb4 (0x027b1513) x10 0x0000000000000000
core   0: 0x0000000080005fb8 (0x00a453bb) srlw    t2, s0, a0
core   0: 1 0x0000000080005fb8 (0x00a453bb) x7  0x0000000000000000
core   0: 0x0000000080005fbc (0xf120fd73) csrrci  s10, marchid, 1
core   0: exception trap_illegal_instruction, epc 0x0000000080005fbc
core   0:           tval 0x00000000f120fd73
core   0: >>>>  $xrv64i2p1_m2p0_a2p1_f2p2_d2p2_zicsr2p0_zifencei2p0_zmmul1p0_zba1p0_zbb1p0_zbc1p0_zbs1p0
core   0: 0x0000000080004000 (0x0080006f) j       pc + 0x8
core   0: 3 0x0000000080004000 (0x0080006f)
core   0: >>>>  mmode_exception_handler
core   0: 0x0000000080004008 (0x00002c17) auipc   s8, 0x2
core   0: 3 0x0000000080004008 (0x00002c17) x24 0x0000000080006008
core   0: 0x000000008000400c (0x06ec0c13) addi    s8, s8, 110
core   0: 3 0x000000008000400c (0x06ec0c13) x24 0x0000000080006076
core   0: 0x0000000080004010 (0x000c00e7) jalr    s8
core   0: 3 0x0000000080004010 (0x000c00e7) x1  0x0000000080004014
core   0: >>>>  any_handler
core   0: 0x0000000080006076 (0x341027f3) csrrs   a5, mepc, zero
core   0: 3 0x0000000080006076 (0x341027f3) x15 0x0000000080005fbc
core   0: 0x000000008000607a (0x34202773) csrrs   a4, mcause, zero
core   0: 3 0x000000008000607a (0x34202773) x14 0x0000000000000002
core   0: 0x000000008000607e (0x142026f3) csrrs   a3, scause, zero
core   0: 3 0x000000008000607e (0x142026f3) x13 0x0000000000000005
core   0: 0x0000000080006082 (0x30402673) csrrs   a2, mie, zero
core   0: 3 0x0000000080006082 (0x30402673) x12 0x0000000000000a00
core   0: 0x0000000080006086 (0x344025f3) csrrs   a1, mip, zero
core   0: 3 0x0000000080006086 (0x344025f3) x11 0x0000000000000080
core   0: 0x000000008000608a (0x343025f3) csrrs   a1, mtval, zero
core   0: 3 0x000000008000608a (0x343025f3) x11 0x00000000f120fd73
core   0: 0x000000008000608e (0x14302573) csrrs   a0, stval, zero
core   0: 3 0x000000008000608e (0x14302573) x10 0x000000000000045a
core   0: 0x0000000080006092 (0xb02024f3) csrrs   s1, minstret, zero
core   0: 3 0x0000000080006092 (0xb02024f3) x9  0x0000000000001224
core   0: 0x0000000080006096 (0x0000a811) c.j     pc + 20
core   0: 3 0x0000000080006096 (0xa811)
core   0: >>>>  mepc_4
core   0: 0x00000000800060aa (0x00000791) c.addi  a5, 4
core   0: 3 0x00000000800060aa (0x0791) x15 0x0000000080005fc0
core   0: 0x00000000800060ac (0x34179073) csrrw   zero, mepc, a5
core   0: 3 0x00000000800060ac (0x34179073) c833_mepc 0x0000000080005fc0
core   0: 0x00000000800060b0 (0x30200073) mret
core   0: 3 0x00000000800060b0 (0x30200073) c768_mstatus 0x8000000a00106082
core   0: 0x0000000080005fc0 (0xd223fa53) fcvt.d.l fs4, t2
core   0: 1 0x0000000080005fc0 (0xd223fa53) f20 0x0000000000000000
core   0: 0x0000000080005fc4 (0x4077873b) subw    a4, a5, t2
core   0: 1 0x0000000080005fc4 (0x4077873b) x14 0xffffffff80005fc0
core   0: 0x0000000080005fc8 (0x02f7e03b) remw    zero, a5, a5
core   0: 1 0x0000000080005fc8 (0x02f7e03b)
core   0: 0x0000000080005fcc (0x00e60b33) add     s6, a2, a4
core   0: 1 0x0000000080005fcc (0x00e60b33) x22 0xffffffff800069c0
core   0: 0x0000000080005fd0 (0x016050bb) srlw    ra, zero, s6
core   0: 1 0x0000000080005fd0 (0x016050bb) x1  0x0000000000000000
core   0: 0x0000000080005fd4 (0x004243b3) xor     t2, tp, tp
core   0: 1 0x0000000080005fd4 (0x004243b3) x7  0x0000000000000000
core   0: 0x0000000080005fd8 (0x017b4bb3) xor     s7, s6, s7
core   0: 1 0x0000000080005fd8 (0x017b4bb3) x23 0xffffffff800069c2
core   0: 0x0000000080005fdc (0x014b9e3b) sllw    t3, s7, s4
core   0: 1 0x0000000080005fdc (0x014b9e3b) x28 0xffffffff800069c2
core   0: 0x0000000080005fe0 (0x03fe9713) slli    a4, t4, 63
core   0: 1 0x0000000080005fe0 (0x03fe9713) x14 0x8000000000000000
core   0: 0x0000000080005fe4 (0x41a6561b) sraiw   a2, a2, 26
core   0: 1 0x0000000080005fe4 (0x41a6561b) x12 0x0000000000000000
core   0: 0x0000000080005fe8 (0x034baab3) mulhsu  s5, s7, s4
core   0: 1 0x0000000080005fe8 (0x034baab3) x21 0xffffffffffffffff
core   0: 0x0000000080005fec (0x2b0500d3) fmin.d  ft1, fa0, fa6
core   0: 1 0x0000000080005fec (0x2b0500d3) f1  0x7ff8000000000000
core   0: 0x0000000080005ff0 (0x01758dbb) addw    s11, a1, s7
core   0: 1 0x0000000080005ff0 (0x01758dbb) x27 0x0000000071216735
core   0: 0x0000000080005ff4 (0xd2207b53) fcvt.d.l fs6, zero
core   0: 1 0x0000000080005ff4 (0xd2207b53) f22 0x0000000000000000
core   0: 0x0000000080005ff8 (0x019c8833) add     a6, s9, s9
core   0: 1 0x0000000080005ff8 (0x019c8833) x16 0x0000000000000000
core   0: 0x0000000080005ffc (0x40127bd3) fcvt.s.d fs7, ft4
core   0: 1 0x0000000080005ffc (0x40127bd3) f23 0xffffffff7fc00000
core   0: 0x0000000080006000 (0x03dbfeb3) remu    t4, s7, t4
core   0: 1 0x0000000080006000 (0x03dbfeb3) x29 0xffffffff800069c2
core   0: 0x0000000080006004 (0x00202573) csrrs   a0, frm, zero
core   0: 1 0x0000000080006004 (0x00202573) x10 0x0000000000000000
core   0: 0x0000000080006008 (0xf3857b13) andi    s6, a0, -200
core   0: 1 0x0000000080006008 (0xf3857b13) x22 0x0000000000000000
core   0: 0x000000008000600c (0xa34b82d3) fle.d   t0, fs7, fs4
core   0: 1 0x000000008000600c (0xa34b82d3) c1_fflags 0x0000000000000011 x5  0x0000000000000000
core   0: 0x0000000080006010 (0x014d191b) slliw   s2, s10, 20
core   0: 1 0x0000000080006010 (0x014d191b) x18 0x0000000000000000
core   0: 0x0000000080006014 (0x13057653) fmul.d  fa2, fa0, fa6
core   0: 1 0x0000000080006014 (0x13057653) f12 0x7ff8000000000000
core   0: 0x0000000080006018 (0x40075a13) srai    s4, a4, 0
core   0: 1 0x0000000080006018 (0x40075a13) x20 0x8000000000000000
core   0: 0x000000008000601c (0x40a053bb) sraw    t2, zero, a0
core   0: 1 0x000000008000601c (0x40a053bb) x7  0x0000000000000000
core   0: 0x0000000080006020 (0x0003ccb3) xor     s9, t2, zero
core   0: 1 0x0000000080006020 (0x0003ccb3) x25 0x0000000000000000
core   0: 0x0000000080006024 (0x4163533b) sraw    t1, t1, s6
core   0: 1 0x0000000080006024 (0x4163533b) x6  0x000000007fc00000
core   0: 0x0000000080006028 (0x133ef993) andi    s3, t4, 307
core   0: 1 0x0000000080006028 (0x133ef993) x19 0x0000000000000102
core   0: 0x000000008000602c (0x22428253) fsgnj.d ft4, ft5, ft4
core   0: 1 0x000000008000602c (0x22428253) f4  0x40b1450000000000
core   0: 0x0000000080006030 (0x024274d3) fadd.d  fs1, ft4, ft4
core   0: 1 0x0000000080006030 (0x024274d3) f9  0x40c1450000000000
core   0: 0x0000000080006034 (0xf11076f3) csrrci  a3, mvendorid, 0
core   0: exception trap_illegal_instruction, epc 0x0000000080006034
core   0:           tval 0x00000000f11076f3
core   0: >>>>  $xrv64i2p1_m2p0_a2p1_f2p2_d2p2_zicsr2p0_zifencei2p0_zmmul1p0_zba1p0_zbb1p0_zbc1p0_zbs1p0
core   0: 0x0000000080004000 (0x0080006f) j       pc + 0x8
core   0: 3 0x0000000080004000 (0x0080006f)
core   0: >>>>  mmode_exception_handler
core   0: 0x0000000080004008 (0x00002c17) auipc   s8, 0x2
core   0: 3 0x0000000080004008 (0x00002c17) x24 0x0000000080006008
core   0: 0x000000008000400c (0x06ec0c13) addi    s8, s8, 110
core   0: 3 0x000000008000400c (0x06ec0c13) x24 0x0000000080006076
core   0: 0x0000000080004010 (0x000c00e7) jalr    s8
core   0: 3 0x0000000080004010 (0x000c00e7) x1  0x0000000080004014
core   0: >>>>  any_handler
core   0: 0x0000000080006076 (0x341027f3) csrrs   a5, mepc, zero
core   0: 3 0x0000000080006076 (0x341027f3) x15 0x0000000080006034
core   0: 0x000000008000607a (0x34202773) csrrs   a4, mcause, zero
core   0: 3 0x000000008000607a (0x34202773) x14 0x0000000000000002
core   0: 0x000000008000607e (0x142026f3) csrrs   a3, scause, zero
core   0: 3 0x000000008000607e (0x142026f3) x13 0x0000000000000005
core   0: 0x0000000080006082 (0x30402673) csrrs   a2, mie, zero
core   0: 3 0x0000000080006082 (0x30402673) x12 0x0000000000000a00
core   0: 0x0000000080006086 (0x344025f3) csrrs   a1, mip, zero
core   0: 3 0x0000000080006086 (0x344025f3) x11 0x0000000000000080
core   0: 0x000000008000608a (0x343025f3) csrrs   a1, mtval, zero
core   0: 3 0x000000008000608a (0x343025f3) x11 0x00000000f11076f3
core   0: 0x000000008000608e (0x14302573) csrrs   a0, stval, zero
core   0: 3 0x000000008000608e (0x14302573) x10 0x000000000000045a
core   0: 0x0000000080006092 (0xb02024f3) csrrs   s1, minstret, zero
core   0: 3 0x0000000080006092 (0xb02024f3) x9  0x0000000000001251
core   0: 0x0000000080006096 (0x0000a811) c.j     pc + 20
core   0: 3 0x0000000080006096 (0xa811)
core   0: >>>>  mepc_4
core   0: 0x00000000800060aa (0x00000791) c.addi  a5, 4
core   0: 3 0x00000000800060aa (0x0791) x15 0x0000000080006038
core   0: 0x00000000800060ac (0x34179073) csrrw   zero, mepc, a5
core   0: 3 0x00000000800060ac (0x34179073) c833_mepc 0x0000000080006038
core   0: 0x00000000800060b0 (0x30200073) mret
core   0: 3 0x00000000800060b0 (0x30200073) c768_mstatus 0x8000000a00106082
core   0: 0x0000000080006038 (0x004952bb) srlw    t0, s2, tp
core   0: 1 0x0000000080006038 (0x004952bb) x5  0x0000000000000000
core   0: 0x000000008000603c (0x00000001) c.nop
core   0: 1 0x000000008000603c (0x0001)
core   0: 0x000000008000603e (0xc2127ad3) fcvt.wu.d s5, ft4
core   0: 1 0x000000008000603e (0xc2127ad3) x21 0x0000000000001145
core   0: 0x0000000080006042 (0xa3af1753) flt.d   a4, ft10, fs10
core   0: 1 0x0000000080006042 (0xa3af1753) c1_fflags 0x0000000000000011 x14 0x0000000000000000
core   0: 0x0000000080006046 (0x03bb7b3b) remuw   s6, s6, s11
core   0: 1 0x0000000080006046 (0x03bb7b3b) x22 0x0000000000000000
core   0: 0x000000008000604a (0x00000001) c.nop
core   0: 1 0x000000008000604a (0x0001)
core   0: 0x000000008000604c (0x0039053b) addw    a0, s2, gp
core   0: 1 0x000000008000604c (0x0039053b) x10 0x0000000000000000
core   0: 0x0000000080006050 (0x227486d3) fsgnj.d fa3, fs1, ft7
core   0: 1 0x0000000080006050 (0x227486d3) f13 0xc0c1450000000000
core   0: 0x0000000080006054 (0x42c6da93) srai    s5, a3, 44
core   0: 1 0x0000000080006054 (0x42c6da93) x21 0x0000000000000000
core   0: 0x0000000080006058 (0xa2528653) fle.d   a2, ft5, ft5
core   0: 1 0x0000000080006058 (0xa2528653) x12 0x0000000000000001
core   0: 0x000000008000605c (0x420388d3) fcvt.d.s fa7, ft7
core   0: 1 0x000000008000605c (0x420388d3) f17 0x41de000000000000
core   0: 0x0000000080006060 (0x30696573) csrrsi  a0, mcounteren, 18
core   0: exception trap_illegal_instruction, epc 0x0000000080006060
core   0:           tval 0x0000000030696573
core   0: >>>>  $xrv64i2p1_m2p0_a2p1_f2p2_d2p2_zicsr2p0_zifencei2p0_zmmul1p0_zba1p0_zbb1p0_zbc1p0_zbs1p0
core   0: 0x0000000080004000 (0x0080006f) j       pc + 0x8
core   0: 3 0x0000000080004000 (0x0080006f)
core   0: >>>>  mmode_exception_handler
core   0: 0x0000000080004008 (0x00002c17) auipc   s8, 0x2
core   0: 3 0x0000000080004008 (0x00002c17) x24 0x0000000080006008
core   0: 0x000000008000400c (0x06ec0c13) addi    s8, s8, 110
core   0: 3 0x000000008000400c (0x06ec0c13) x24 0x0000000080006076
core   0: 0x0000000080004010 (0x000c00e7) jalr    s8
core   0: 3 0x0000000080004010 (0x000c00e7) x1  0x0000000080004014
core   0: >>>>  any_handler
core   0: 0x0000000080006076 (0x341027f3) csrrs   a5, mepc, zero
core   0: 3 0x0000000080006076 (0x341027f3) x15 0x0000000080006060
core   0: 0x000000008000607a (0x34202773) csrrs   a4, mcause, zero
core   0: 3 0x000000008000607a (0x34202773) x14 0x0000000000000002
core   0: 0x000000008000607e (0x142026f3) csrrs   a3, scause, zero
core   0: 3 0x000000008000607e (0x142026f3) x13 0x0000000000000005
core   0: 0x0000000080006082 (0x30402673) csrrs   a2, mie, zero
core   0: 3 0x0000000080006082 (0x30402673) x12 0x0000000000000a00
core   0: 0x0000000080006086 (0x344025f3) csrrs   a1, mip, zero
core   0: 3 0x0000000080006086 (0x344025f3) x11 0x0000000000000080
core   0: 0x000000008000608a (0x343025f3) csrrs   a1, mtval, zero
core   0: 3 0x000000008000608a (0x343025f3) x11 0x0000000030696573
core   0: 0x000000008000608e (0x14302573) csrrs   a0, stval, zero
core   0: 3 0x000000008000608e (0x14302573) x10 0x000000000000045a
core   0: 0x0000000080006092 (0xb02024f3) csrrs   s1, minstret, zero
core   0: 3 0x0000000080006092 (0xb02024f3) x9  0x000000000000126c
core   0: 0x0000000080006096 (0x0000a811) c.j     pc + 20
core   0: 3 0x0000000080006096 (0xa811)
core   0: >>>>  mepc_4
core   0: 0x00000000800060aa (0x00000791) c.addi  a5, 4
core   0: 3 0x00000000800060aa (0x0791) x15 0x0000000080006064
core   0: 0x00000000800060ac (0x34179073) csrrw   zero, mepc, a5
core   0: 3 0x00000000800060ac (0x34179073) c833_mepc 0x0000000080006064
core   0: 0x00000000800060b0 (0x30200073) mret
core   0: 3 0x00000000800060b0 (0x30200073) c768_mstatus 0x8000000a00106082
core   0: 0x0000000080006064 (0xc02175d3) fcvt.l.s a1, ft2
core   0: 1 0x0000000080006064 (0xc02175d3) c1_fflags 0x0000000000000011 x11 0x7fffffffffffffff
core   0: 0x0000000080006068 (0x2b170ed3) fmin.d  ft9, fa4, fa7
core   0: 1 0x0000000080006068 (0x2b170ed3) f29 0x00000000bd4c982e
core   0: 0x000000008000606c (0x0185c833) xor     a6, a1, s8
core   0: 1 0x000000008000606c (0x0185c833) x16 0x7fffffff7fff9f89
core   0: >>>>  write_tohost
core   0: 0x0000000080006070 (0x974fa0ef) jal     pc - 0x5e8c
core   0: 1 0x0000000080006070 (0x974fa0ef) x1  0x0000000080006074
core   0: >>>>  _exit
core   0: 0x00000000800001e4 (0x00004505) c.li    a0, 1
core   0: 1 0x00000000800001e4 (0x4505) x10 0x0000000000000001
core   0: 0x00000000800001e6 (0x00001f17) auipc   t5, 0x1
core   0: 1 0x00000000800001e6 (0x00001f17) x30 0x00000000800011e6
core   0: 0x00000000800001ea (0xe0af2d23) sw      a0, -486(t5)
core   0: 1 0x00000000800001ea (0xe0af2d23) mem 0x0000000080001000 0x00000001
cp /home/server/RISCV/cva6/verif/sim/out/seed_112/spike_sim/new_seeds_112_.cv64a6_imafdc_sv39.log.iss /home/server/RISCV/cva6/verif/sim/out/seed_112/spike_sim/new_seeds_112_.cv64a6_imafdc_sv39.log
