Makefile:14: must set CVA6_REPO_DIR to point at the root of CVA6 sources and CVA6_TB_DIR to point here -- doing it for you...
LD_LIBRARY_PATH="$(realpath ../../tools/spike/lib):$LD_LIBRARY_PATH" \
	/home/server/RISCV/cva6/tools/spike/bin/spike --steps=2000000  --log-commits --isa=rv64gc_zba_zbb_zbs_zbc_zicsr_zifencei --priv=msu -l /home/server/RISCV/cva6/verif/sim/out/seed_268/directed_asm_tests/new_seeds_268_.o
[SPIKE] Max simulation steps: 2000000
[SPIKE] Proc 0 | ISA: rv64gc_zba_zbb_zbs_zbc_zicsr_zifencei PRIV: msu
[SPIKE] Initializing memories...
core   0: 0x0000000000010000 (0x00100413) li      s0, 1
core   0: 3 0x0000000000010000 (0x00100413) x8  0x0000000000000001
core   0: 0x0000000000010004 (0x01f41413) slli    s0, s0, 31
core   0: 3 0x0000000000010004 (0x01f41413) x8  0x0000000080000000
core   0: 0x0000000000010008 (0xf1402573) csrrs   a0, mhartid, zero
core   0: 3 0x0000000000010008 (0xf1402573) x10 0x0000000000000000
core   0: 0x000000000001000c (0x00000597) auipc   a1, 0x0
core   0: 3 0x000000000001000c (0x00000597) x11 0x000000000001000c
core   0: 0x0000000000010010 (0x07458593) addi    a1, a1, 116
core   0: 3 0x0000000000010010 (0x07458593) x11 0x0000000000010080
core   0: 0x0000000000010014 (0x00040067) jr      s0
core   0: 3 0x0000000000010014 (0x00040067)
core   0: >>>>  _start
core   0: 0x0000000080000000 (0x00004081) c.li    ra, 0
core   0: 3 0x0000000080000000 (0x4081) x1  0x0000000000000000
core   0: 0x0000000080000002 (0x00004101) c.li    sp, 0
core   0: 3 0x0000000080000002 (0x4101) x2  0x0000000000000000
core   0: 0x0000000080000004 (0x00004181) c.li    gp, 0
core   0: 3 0x0000000080000004 (0x4181) x3  0x0000000000000000
core   0: 0x0000000080000006 (0x00004201) c.li    tp, 0
core   0: 3 0x0000000080000006 (0x4201) x4  0x0000000000000000
core   0: 0x0000000080000008 (0x00004281) c.li    t0, 0
core   0: 3 0x0000000080000008 (0x4281) x5  0x0000000000000000
core   0: 0x000000008000000a (0x00004301) c.li    t1, 0
core   0: 3 0x000000008000000a (0x4301) x6  0x0000000000000000
core   0: 0x000000008000000c (0x00004381) c.li    t2, 0
core   0: 3 0x000000008000000c (0x4381) x7  0x0000000000000000
core   0: 0x000000008000000e (0x00004401) c.li    s0, 0
core   0: 3 0x000000008000000e (0x4401) x8  0x0000000000000000
core   0: 0x0000000080000010 (0x00004481) c.li    s1, 0
core   0: 3 0x0000000080000010 (0x4481) x9  0x0000000000000000
core   0: 0x0000000080000012 (0x00004501) c.li    a0, 0
core   0: 3 0x0000000080000012 (0x4501) x10 0x0000000000000000
core   0: 0x0000000080000014 (0x00004581) c.li    a1, 0
core   0: 3 0x0000000080000014 (0x4581) x11 0x0000000000000000
core   0: 0x0000000080000016 (0x00004601) c.li    a2, 0
core   0: 3 0x0000000080000016 (0x4601) x12 0x0000000000000000
core   0: 0x0000000080000018 (0x00004681) c.li    a3, 0
core   0: 3 0x0000000080000018 (0x4681) x13 0x0000000000000000
core   0: 0x000000008000001a (0x00004701) c.li    a4, 0
core   0: 3 0x000000008000001a (0x4701) x14 0x0000000000000000
core   0: 0x000000008000001c (0x00004781) c.li    a5, 0
core   0: 3 0x000000008000001c (0x4781) x15 0x0000000000000000
core   0: 0x000000008000001e (0x00004801) c.li    a6, 0
core   0: 3 0x000000008000001e (0x4801) x16 0x0000000000000000
core   0: 0x0000000080000020 (0x00004881) c.li    a7, 0
core   0: 3 0x0000000080000020 (0x4881) x17 0x0000000000000000
core   0: 0x0000000080000022 (0x00004901) c.li    s2, 0
core   0: 3 0x0000000080000022 (0x4901) x18 0x0000000000000000
core   0: 0x0000000080000024 (0x00004981) c.li    s3, 0
core   0: 3 0x0000000080000024 (0x4981) x19 0x0000000000000000
core   0: 0x0000000080000026 (0x00004a01) c.li    s4, 0
core   0: 3 0x0000000080000026 (0x4a01) x20 0x0000000000000000
core   0: 0x0000000080000028 (0x00004a81) c.li    s5, 0
core   0: 3 0x0000000080000028 (0x4a81) x21 0x0000000000000000
core   0: 0x000000008000002a (0x00004b01) c.li    s6, 0
core   0: 3 0x000000008000002a (0x4b01) x22 0x0000000000000000
core   0: 0x000000008000002c (0x00004b81) c.li    s7, 0
core   0: 3 0x000000008000002c (0x4b81) x23 0x0000000000000000
core   0: 0x000000008000002e (0x00004c01) c.li    s8, 0
core   0: 3 0x000000008000002e (0x4c01) x24 0x0000000000000000
core   0: 0x0000000080000030 (0x00004c81) c.li    s9, 0
core   0: 3 0x0000000080000030 (0x4c81) x25 0x0000000000000000
core   0: 0x0000000080000032 (0x00004d01) c.li    s10, 0
core   0: 3 0x0000000080000032 (0x4d01) x26 0x0000000000000000
core   0: 0x0000000080000034 (0x00004d81) c.li    s11, 0
core   0: 3 0x0000000080000034 (0x4d81) x27 0x0000000000000000
core   0: 0x0000000080000036 (0x00004e01) c.li    t3, 0
core   0: 3 0x0000000080000036 (0x4e01) x28 0x0000000000000000
core   0: 0x0000000080000038 (0x00004e81) c.li    t4, 0
core   0: 3 0x0000000080000038 (0x4e81) x29 0x0000000000000000
core   0: 0x000000008000003a (0x00004f01) c.li    t5, 0
core   0: 3 0x000000008000003a (0x4f01) x30 0x0000000000000000
core   0: 0x000000008000003c (0x00004f81) c.li    t6, 0
core   0: 3 0x000000008000003c (0x4f81) x31 0x0000000000000000
core   0: 0x000000008000003e (0x000062f9) c.lui   t0, 0x1e
core   0: 3 0x000000008000003e (0x62f9) x5  0x000000000001e000
core   0: 0x0000000080000040 (0x3002a073) csrrs   zero, mstatus, t0
core   0: 3 0x0000000080000040 (0x3002a073) c768_mstatus 0x8000000a00006000
core   0: 0x0000000080000044 (0x00004285) c.li    t0, 1
core   0: 3 0x0000000080000044 (0x4285) x5  0x0000000000000001
core   0: 0x0000000080000046 (0x000002fe) c.slli  t0, 31
core   0: 3 0x0000000080000046 (0x02fe) x5  0x0000000080000000
core   0: 0x0000000080000048 (0x0002d863) bge     t0, zero, pc + 16
core   0: 3 0x0000000080000048 (0x0002d863)
core   0: 0x0000000080000058 (0x00000297) auipc   t0, 0x0
core   0: 3 0x0000000080000058 (0x00000297) x5  0x0000000080000058
core   0: 0x000000008000005c (0x09028293) addi    t0, t0, 144
core   0: 3 0x000000008000005c (0x09028293) x5  0x00000000800000e8
core   0: 0x0000000080000060 (0x30529073) csrrw   zero, mtvec, t0
core   0: 3 0x0000000080000060 (0x30529073) c773_mtvec 0x00000000800000e8
core   0: 0x0000000080000064 (0x00301073) csrrw   zero, fcsr, zero
core   0: 3 0x0000000080000064 (0x00301073) c1_fflags 0x0000000000000000 c2_frm 0x0000000000000000
core   0: 0x0000000080000068 (0xf0000053) fmv.w.x ft0, zero
core   0: 3 0x0000000080000068 (0xf0000053) f0  0xffffffff00000000
core   0: 0x000000008000006c (0xf00000d3) fmv.w.x ft1, zero
core   0: 3 0x000000008000006c (0xf00000d3) f1  0xffffffff00000000
core   0: 0x0000000080000070 (0xf0000153) fmv.w.x ft2, zero
core   0: 3 0x0000000080000070 (0xf0000153) f2  0xffffffff00000000
core   0: 0x0000000080000074 (0xf00001d3) fmv.w.x ft3, zero
core   0: 3 0x0000000080000074 (0xf00001d3) f3  0xffffffff00000000
core   0: 0x0000000080000078 (0xf0000253) fmv.w.x ft4, zero
core   0: 3 0x0000000080000078 (0xf0000253) f4  0xffffffff00000000
core   0: 0x000000008000007c (0xf00002d3) fmv.w.x ft5, zero
core   0: 3 0x000000008000007c (0xf00002d3) f5  0xffffffff00000000
core   0: 0x0000000080000080 (0xf0000353) fmv.w.x ft6, zero
core   0: 3 0x0000000080000080 (0xf0000353) f6  0xffffffff00000000
core   0: 0x0000000080000084 (0xf00003d3) fmv.w.x ft7, zero
core   0: 3 0x0000000080000084 (0xf00003d3) f7  0xffffffff00000000
core   0: 0x0000000080000088 (0xf0000453) fmv.w.x fs0, zero
core   0: 3 0x0000000080000088 (0xf0000453) f8  0xffffffff00000000
core   0: 0x000000008000008c (0xf00004d3) fmv.w.x fs1, zero
core   0: 3 0x000000008000008c (0xf00004d3) f9  0xffffffff00000000
core   0: 0x0000000080000090 (0xf0000553) fmv.w.x fa0, zero
core   0: 3 0x0000000080000090 (0xf0000553) f10 0xffffffff00000000
core   0: 0x0000000080000094 (0xf00005d3) fmv.w.x fa1, zero
core   0: 3 0x0000000080000094 (0xf00005d3) f11 0xffffffff00000000
core   0: 0x0000000080000098 (0xf0000653) fmv.w.x fa2, zero
core   0: 3 0x0000000080000098 (0xf0000653) f12 0xffffffff00000000
core   0: 0x000000008000009c (0xf00006d3) fmv.w.x fa3, zero
core   0: 3 0x000000008000009c (0xf00006d3) f13 0xffffffff00000000
core   0: 0x00000000800000a0 (0xf0000753) fmv.w.x fa4, zero
core   0: 3 0x00000000800000a0 (0xf0000753) f14 0xffffffff00000000
core   0: 0x00000000800000a4 (0xf00007d3) fmv.w.x fa5, zero
core   0: 3 0x00000000800000a4 (0xf00007d3) f15 0xffffffff00000000
core   0: 0x00000000800000a8 (0xf0000853) fmv.w.x fa6, zero
core   0: 3 0x00000000800000a8 (0xf0000853) f16 0xffffffff00000000
core   0: 0x00000000800000ac (0xf00008d3) fmv.w.x fa7, zero
core   0: 3 0x00000000800000ac (0xf00008d3) f17 0xffffffff00000000
core   0: 0x00000000800000b0 (0xf0000953) fmv.w.x fs2, zero
core   0: 3 0x00000000800000b0 (0xf0000953) f18 0xffffffff00000000
core   0: 0x00000000800000b4 (0xf00009d3) fmv.w.x fs3, zero
core   0: 3 0x00000000800000b4 (0xf00009d3) f19 0xffffffff00000000
core   0: 0x00000000800000b8 (0xf0000a53) fmv.w.x fs4, zero
core   0: 3 0x00000000800000b8 (0xf0000a53) f20 0xffffffff00000000
core   0: 0x00000000800000bc (0xf0000ad3) fmv.w.x fs5, zero
core   0: 3 0x00000000800000bc (0xf0000ad3) f21 0xffffffff00000000
core   0: 0x00000000800000c0 (0xf0000b53) fmv.w.x fs6, zero
core   0: 3 0x00000000800000c0 (0xf0000b53) f22 0xffffffff00000000
core   0: 0x00000000800000c4 (0xf0000bd3) fmv.w.x fs7, zero
core   0: 3 0x00000000800000c4 (0xf0000bd3) f23 0xffffffff00000000
core   0: 0x00000000800000c8 (0xf0000c53) fmv.w.x fs8, zero
core   0: 3 0x00000000800000c8 (0xf0000c53) f24 0xffffffff00000000
core   0: 0x00000000800000cc (0xf0000cd3) fmv.w.x fs9, zero
core   0: 3 0x00000000800000cc (0xf0000cd3) f25 0xffffffff00000000
core   0: 0x00000000800000d0 (0xf0000d53) fmv.w.x fs10, zero
core   0: 3 0x00000000800000d0 (0xf0000d53) f26 0xffffffff00000000
core   0: 0x00000000800000d4 (0xf0000dd3) fmv.w.x fs11, zero
core   0: 3 0x00000000800000d4 (0xf0000dd3) f27 0xffffffff00000000
core   0: 0x00000000800000d8 (0xf0000e53) fmv.w.x ft8, zero
core   0: 3 0x00000000800000d8 (0xf0000e53) f28 0xffffffff00000000
core   0: 0x00000000800000dc (0xf0000ed3) fmv.w.x ft9, zero
core   0: 3 0x00000000800000dc (0xf0000ed3) f29 0xffffffff00000000
core   0: 0x00000000800000e0 (0xf0000f53) fmv.w.x ft10, zero
core   0: 3 0x00000000800000e0 (0xf0000f53) f30 0xffffffff00000000
core   0: 0x00000000800000e4 (0xf0000fd3) fmv.w.x ft11, zero
core   0: 3 0x00000000800000e4 (0xf0000fd3) f31 0xffffffff00000000
core   0: 0x00000000800000e8 (0x00000297) auipc   t0, 0x0
core   0: 3 0x00000000800000e8 (0x00000297) x5  0x00000000800000e8
core   0: 0x00000000800000ec (0x03c28293) addi    t0, t0, 60
core   0: 3 0x00000000800000ec (0x03c28293) x5  0x0000000080000124
core   0: 0x00000000800000f0 (0x30529073) csrrw   zero, mtvec, t0
core   0: 3 0x00000000800000f0 (0x30529073) c773_mtvec 0x0000000080000124
core   0: 0x00000000800000f4 (0x00012197) auipc   gp, 0x12
core   0: 3 0x00000000800000f4 (0x00012197) x3  0x00000000800120f4
core   0: 0x00000000800000f8 (0x73418193) addi    gp, gp, 1844
core   0: 3 0x00000000800000f8 (0x73418193) x3  0x0000000080012828
core   0: 0x00000000800000fc (0x00012217) auipc   tp, 0x12
core   0: 3 0x00000000800000fc (0x00012217) x4  0x00000000800120fc
core   0: 0x0000000080000100 (0xf8320213) addi    tp, tp, -125
core   0: 3 0x0000000080000100 (0xf8320213) x4  0x000000008001207f
core   0: 0x0000000080000104 (0xfc027213) andi    tp, tp, -64
core   0: 3 0x0000000080000104 (0xfc027213) x4  0x0000000080012040
core   0: 0x0000000080000108 (0xf1402573) csrrs   a0, mhartid, zero
core   0: 3 0x0000000080000108 (0xf1402573) x10 0x0000000000000000
core   0: 0x000000008000010c (0x00004585) c.li    a1, 1
core   0: 3 0x000000008000010c (0x4585) x11 0x0000000000000001
core   0: 0x000000008000010e (0x00b57063) bgeu    a0, a1, pc + 0
core   0: 3 0x000000008000010e (0x00b57063)
core   0: 0x0000000080000112 (0x00150113) addi    sp, a0, 1
core   0: 3 0x0000000080000112 (0x00150113) x2  0x0000000000000001
core   0: 0x0000000080000116 (0x00000146) c.slli  sp, 17
core   0: 3 0x0000000080000116 (0x0146) x2  0x0000000000020000
core   0: 0x0000000080000118 (0x00009112) c.add   sp, tp
core   0: 3 0x0000000080000118 (0x9112) x2  0x0000000080032040
core   0: 0x000000008000011a (0x01151613) slli    a2, a0, 17
core   0: 3 0x000000008000011a (0x01151613) x12 0x0000000000000000
core   0: 0x000000008000011e (0x00009232) c.add   tp, a2
core   0: 3 0x000000008000011e (0x9232) x4  0x0000000080012040
core   0: 0x0000000080000120 (0x39c0f06f) j       pc + 0xf39c
core   0: 3 0x0000000080000120 (0x39c0f06f)
core   0: >>>>  _init
core   0: 0x000000008000f4bc (0x00007171) c.addi16sp sp, -176
core   0: 3 0x000000008000f4bc (0x7171) x2  0x0000000080031f90
core   0: 0x000000008000f4be (0x0000f506) c.sdsp  ra, 168(sp)
core   0: 3 0x000000008000f4be (0xf506) mem 0x0000000080032038 0x0000000000000000
core   0: 0x000000008000f4c0 (0x0000f122) c.sdsp  s0, 160(sp)
core   0: 3 0x000000008000f4c0 (0xf122) mem 0x0000000080032030 0x0000000000000000
core   0: 0x000000008000f4c2 (0x0000ed26) c.sdsp  s1, 152(sp)
core   0: 3 0x000000008000f4c2 (0xed26) mem 0x0000000080032028 0x0000000000000000
core   0: 0x000000008000f4c4 (0x00001900) c.addi4spn s0, sp, 176
core   0: 3 0x000000008000f4c4 (0x1900) x8  0x0000000080032040
core   0: 0x000000008000f4c6 (0x000087aa) c.mv    a5, a0
core   0: 3 0x000000008000f4c6 (0x87aa) x15 0x0000000000000000
core   0: 0x000000008000f4c8 (0x0000872e) c.mv    a4, a1
core   0: 3 0x000000008000f4c8 (0x872e) x14 0x0000000000000001
core   0: 0x000000008000f4ca (0xf4f42e23) sw      a5, -164(s0)
core   0: 3 0x000000008000f4ca (0xf4f42e23) mem 0x0000000080031f9c 0x00000000
core   0: 0x000000008000f4ce (0x000087ba) c.mv    a5, a4
core   0: 3 0x000000008000f4ce (0x87ba) x15 0x0000000000000001
core   0: 0x000000008000f4d0 (0xf4f42c23) sw      a5, -168(s0)
core   0: 3 0x000000008000f4d0 (0xf4f42c23) mem 0x0000000080031f98 0x00000001
core   0: 0x000000008000f4d4 (0xfe040793) addi    a5, s0, -32
core   0: 3 0x000000008000f4d4 (0xfe040793) x15 0x0000000080032020
core   0: 0x000000008000f4d8 (0xf4f43823) sd      a5, -176(s0)
core   0: 3 0x000000008000f4d8 (0xf4f43823) mem 0x0000000080031f90 0x0000000080032020
core   0: 0x000000008000f4dc (0xf5043783) ld      a5, -176(s0)
core   0: 3 0x000000008000f4dc (0xf5043783) x15 0x0000000080032020 mem 0x0000000080031f90
core   0: 0x000000008000f4e0 (0xf8078793) addi    a5, a5, -128
core   0: 3 0x000000008000f4e0 (0xf8078793) x15 0x0000000080031fa0
core   0: 0x000000008000f4e4 (0x03f78793) addi    a5, a5, 63
core   0: 3 0x000000008000f4e4 (0x03f78793) x15 0x0000000080031fdf
core   0: 0x000000008000f4e8 (0x00008399) c.srli  a5, 6
core   0: 3 0x000000008000f4e8 (0x8399) x15 0x0000000002000c7f
core   0: 0x000000008000f4ea (0x00679493) slli    s1, a5, 6
core   0: 3 0x000000008000f4ea (0x00679493) x9  0x0000000080031fc0
core   0: 0x000000008000f4ee (0xf65ff0ef) jal     pc - 0x9c
core   0: 3 0x000000008000f4ee (0xf65ff0ef) x1  0x000000008000f4f2
core   0: >>>>  init_tls
core   0: 0x000000008000f452 (0x00001101) c.addi  sp, -32
core   0: 3 0x000000008000f452 (0x1101) x2  0x0000000080031f70
core   0: 0x000000008000f454 (0x0000ec06) c.sdsp  ra, 24(sp)
core   0: 3 0x000000008000f454 (0xec06) mem 0x0000000080031f88 0x000000008000f4f2
core   0: 0x000000008000f456 (0x0000e822) c.sdsp  s0, 16(sp)
core   0: 3 0x000000008000f456 (0xe822) mem 0x0000000080031f80 0x0000000080032040
core   0: 0x000000008000f458 (0x00001000) c.addi4spn s0, sp, 32
core   0: 3 0x000000008000f458 (0x1000) x8  0x0000000080031f90
core   0: 0x000000008000f45a (0x00003717) auipc   a4, 0x3
core   0: 3 0x000000008000f45a (0x00003717) x14 0x000000008001245a
core   0: 0x000000008000f45e (0xbce70713) addi    a4, a4, -1074
core   0: 3 0x000000008000f45e (0xbce70713) x14 0x0000000080012028
core   0: 0x000000008000f462 (0x00003797) auipc   a5, 0x3
core   0: 3 0x000000008000f462 (0x00003797) x15 0x0000000080012462
core   0: 0x000000008000f466 (0xbc678793) addi    a5, a5, -1082
core   0: 3 0x000000008000f466 (0xbc678793) x15 0x0000000080012028
core   0: 0x000000008000f46a (0x40f707b3) sub     a5, a4, a5
core   0: 3 0x000000008000f46a (0x40f707b3) x15 0x0000000000000000
core   0: 0x000000008000f46e (0xfef43423) sd      a5, -24(s0)
core   0: 3 0x000000008000f46e (0xfef43423) mem 0x0000000080031f78 0x0000000000000000
core   0: 0x000000008000f472 (0x00008792) c.mv    a5, tp
core   0: 3 0x000000008000f472 (0x8792) x15 0x0000000080012040
core   0: 0x000000008000f474 (0xfe843603) ld      a2, -24(s0)
core   0: 3 0x000000008000f474 (0xfe843603) x12 0x0000000000000000 mem 0x0000000080031f78
core   0: 0x000000008000f478 (0x00003597) auipc   a1, 0x3
core   0: 3 0x000000008000f478 (0x00003597) x11 0x0000000080012478
core   0: 0x000000008000f47c (0xbb058593) addi    a1, a1, -1104
core   0: 3 0x000000008000f47c (0xbb058593) x11 0x0000000080012028
core   0: 0x000000008000f480 (0x0000853e) c.mv    a0, a5
core   0: 3 0x000000008000f480 (0x853e) x10 0x0000000080012040
core   0: 0x000000008000f482 (0x0f9000ef) jal     pc + 0x8f8
core   0: 3 0x000000008000f482 (0x0f9000ef) x1  0x000000008000f486
core   0: >>>>  memcpy
core   0: 0x000000008000fd7a (0x0000715d) c.addi16sp sp, -80
core   0: 3 0x000000008000fd7a (0x715d) x2  0x0000000080031f20
core   0: 0x000000008000fd7c (0x0000e4a2) c.sdsp  s0, 72(sp)
core   0: 3 0x000000008000fd7c (0xe4a2) mem 0x0000000080031f68 0x0000000080031f90
core   0: 0x000000008000fd7e (0x00000880) c.addi4spn s0, sp, 80
core   0: 3 0x000000008000fd7e (0x0880) x8  0x0000000080031f70
core   0: 0x000000008000fd80 (0xfca43423) sd      a0, -56(s0)
core   0: 3 0x000000008000fd80 (0xfca43423) mem 0x0000000080031f38 0x0000000080012040
core   0: 0x000000008000fd84 (0xfcb43023) sd      a1, -64(s0)
core   0: 3 0x000000008000fd84 (0xfcb43023) mem 0x0000000080031f30 0x0000000080012028
core   0: 0x000000008000fd88 (0xfac43c23) sd      a2, -72(s0)
core   0: 3 0x000000008000fd88 (0xfac43c23) mem 0x0000000080031f28 0x0000000000000000
core   0: 0x000000008000fd8c (0xfc843703) ld      a4, -56(s0)
core   0: 3 0x000000008000fd8c (0xfc843703) x14 0x0000000080012040 mem 0x0000000080031f38
core   0: 0x000000008000fd90 (0xfc043783) ld      a5, -64(s0)
core   0: 3 0x000000008000fd90 (0xfc043783) x15 0x0000000080012028 mem 0x0000000080031f30
core   0: 0x000000008000fd94 (0x00008f5d) c.or    a4, a5
core   0: 3 0x000000008000fd94 (0x8f5d) x14 0x0000000080012068
core   0: 0x000000008000fd96 (0xfb843783) ld      a5, -72(s0)
core   0: 3 0x000000008000fd96 (0xfb843783) x15 0x0000000000000000 mem 0x0000000080031f28
core   0: 0x000000008000fd9a (0x00008fd9) c.or    a5, a4
core   0: 3 0x000000008000fd9a (0x8fd9) x15 0x0000000080012068
core   0: 0x000000008000fd9c (0x00008b9d) c.andi  a5, 7
core   0: 3 0x000000008000fd9c (0x8b9d) x15 0x0000000000000000
core   0: 0x000000008000fd9e (0x0000e3b1) c.bnez  a5, pc + 68
core   0: 3 0x000000008000fd9e (0xe3b1)
core   0: 0x000000008000fda0 (0xfc043783) ld      a5, -64(s0)
core   0: 3 0x000000008000fda0 (0xfc043783) x15 0x0000000080012028 mem 0x0000000080031f30
core   0: 0x000000008000fda4 (0xfef43423) sd      a5, -24(s0)
core   0: 3 0x000000008000fda4 (0xfef43423) mem 0x0000000080031f58 0x0000000080012028
core   0: 0x000000008000fda8 (0xfc843783) ld      a5, -56(s0)
core   0: 3 0x000000008000fda8 (0xfc843783) x15 0x0000000080012040 mem 0x0000000080031f38
core   0: 0x000000008000fdac (0xfef43023) sd      a5, -32(s0)
core   0: 3 0x000000008000fdac (0xfef43023) mem 0x0000000080031f50 0x0000000080012040
core   0: 0x000000008000fdb0 (0x0000a839) c.j     pc + 30
core   0: 3 0x000000008000fdb0 (0xa839)
core   0: 0x000000008000fdce (0xfc843703) ld      a4, -56(s0)
core   0: 3 0x000000008000fdce (0xfc843703) x14 0x0000000080012040 mem 0x0000000080031f38
core   0: 0x000000008000fdd2 (0xfb843783) ld      a5, -72(s0)
core   0: 3 0x000000008000fdd2 (0xfb843783) x15 0x0000000000000000 mem 0x0000000080031f28
core   0: 0x000000008000fdd6 (0x000097ba) c.add   a5, a4
core   0: 3 0x000000008000fdd6 (0x97ba) x15 0x0000000080012040
core   0: 0x000000008000fdd8 (0xfe043703) ld      a4, -32(s0)
core   0: 3 0x000000008000fdd8 (0xfe043703) x14 0x0000000080012040 mem 0x0000000080031f50
core   0: 0x000000008000fddc (0xfcf76be3) bltu    a4, a5, pc - 42
core   0: 3 0x000000008000fddc (0xfcf76be3)
core   0: 0x000000008000fde0 (0x0000a099) c.j     pc + 70
core   0: 3 0x000000008000fde0 (0xa099)
core   0: 0x000000008000fe26 (0xfc843783) ld      a5, -56(s0)
core   0: 3 0x000000008000fe26 (0xfc843783) x15 0x0000000080012040 mem 0x0000000080031f38
core   0: 0x000000008000fe2a (0x0000853e) c.mv    a0, a5
core   0: 3 0x000000008000fe2a (0x853e) x10 0x0000000080012040
core   0: 0x000000008000fe2c (0x00006426) c.ldsp  s0, 72(sp)
core   0: 3 0x000000008000fe2c (0x6426) x8  0x0000000080031f90 mem 0x0000000080031f68
core   0: 0x000000008000fe2e (0x00006161) c.addi16sp sp, 80
core   0: 3 0x000000008000fe2e (0x6161) x2  0x0000000080031f70
core   0: 0x000000008000fe30 (0x00008082) ret
core   0: 3 0x000000008000fe30 (0x8082)
core   0: 0x000000008000f486 (0x00003717) auipc   a4, 0x3
core   0: 3 0x000000008000f486 (0x00003717) x14 0x0000000080012486
core   0: 0x000000008000f48a (0xc3e70713) addi    a4, a4, -962
core   0: 3 0x000000008000f48a (0xc3e70713) x14 0x00000000800120c4
core   0: 0x000000008000f48e (0x00003797) auipc   a5, 0x3
core   0: 3 0x000000008000f48e (0x00003797) x15 0x000000008001248e
core   0: 0x000000008000f492 (0xb9a78793) addi    a5, a5, -1126
core   0: 3 0x000000008000f492 (0xb9a78793) x15 0x0000000080012028
core   0: 0x000000008000f496 (0x40f707b3) sub     a5, a4, a5
core   0: 3 0x000000008000f496 (0x40f707b3) x15 0x000000000000009c
core   0: 0x000000008000f49a (0xfef43023) sd      a5, -32(s0)
core   0: 3 0x000000008000f49a (0xfef43023) mem 0x0000000080031f70 0x000000000000009c
core   0: 0x000000008000f49e (0x00008712) c.mv    a4, tp
core   0: 3 0x000000008000f49e (0x8712) x14 0x0000000080012040
core   0: 0x000000008000f4a0 (0xfe843783) ld      a5, -24(s0)
core   0: 3 0x000000008000f4a0 (0xfe843783) x15 0x0000000000000000 mem 0x0000000080031f78
core   0: 0x000000008000f4a4 (0x000097ba) c.add   a5, a4
core   0: 3 0x000000008000f4a4 (0x97ba) x15 0x0000000080012040
core   0: 0x000000008000f4a6 (0xfe043603) ld      a2, -32(s0)
core   0: 3 0x000000008000f4a6 (0xfe043603) x12 0x000000000000009c mem 0x0000000080031f70
core   0: 0x000000008000f4aa (0x00004581) c.li    a1, 0
core   0: 3 0x000000008000f4aa (0x4581) x11 0x0000000000000000
core   0: 0x000000008000f4ac (0x0000853e) c.mv    a0, a5
core   0: 3 0x000000008000f4ac (0x853e) x10 0x0000000080012040
core   0: 0x000000008000f4ae (0x185000ef) jal     pc + 0x984
core   0: 3 0x000000008000f4ae (0x185000ef) x1  0x000000008000f4b2
core   0: >>>>  memset
core   0: 0x000000008000fe32 (0x0000715d) c.addi16sp sp, -80
core   0: 3 0x000000008000fe32 (0x715d) x2  0x0000000080031f20
core   0: 0x000000008000fe34 (0x0000e4a2) c.sdsp  s0, 72(sp)
core   0: 3 0x000000008000fe34 (0xe4a2) mem 0x0000000080031f68 0x0000000080031f90
core   0: 0x000000008000fe36 (0x00000880) c.addi4spn s0, sp, 80
core   0: 3 0x000000008000fe36 (0x0880) x8  0x0000000080031f70
core   0: 0x000000008000fe38 (0xfca43423) sd      a0, -56(s0)
core   0: 3 0x000000008000fe38 (0xfca43423) mem 0x0000000080031f38 0x0000000080012040
core   0: 0x000000008000fe3c (0x000087ae) c.mv    a5, a1
core   0: 3 0x000000008000fe3c (0x87ae) x15 0x0000000000000000
core   0: 0x000000008000fe3e (0xfac43c23) sd      a2, -72(s0)
core   0: 3 0x000000008000fe3e (0xfac43c23) mem 0x0000000080031f28 0x000000000000009c
core   0: 0x000000008000fe42 (0xfcf42223) sw      a5, -60(s0)
core   0: 3 0x000000008000fe42 (0xfcf42223) mem 0x0000000080031f34 0x00000000
core   0: 0x000000008000fe46 (0xfc843703) ld      a4, -56(s0)
core   0: 3 0x000000008000fe46 (0xfc843703) x14 0x0000000080012040 mem 0x0000000080031f38
core   0: 0x000000008000fe4a (0xfb843783) ld      a5, -72(s0)
core   0: 3 0x000000008000fe4a (0xfb843783) x15 0x000000000000009c mem 0x0000000080031f28
core   0: 0x000000008000fe4e (0x00008fd9) c.or    a5, a4
core   0: 3 0x000000008000fe4e (0x8fd9) x15 0x00000000800120dc
core   0: 0x000000008000fe50 (0x00008b9d) c.andi  a5, 7
core   0: 3 0x000000008000fe50 (0x8b9d) x15 0x0000000000000004
core   0: 0x000000008000fe52 (0x0000e7bd) c.bnez  a5, pc + 110
core   0: 3 0x000000008000fe52 (0xe7bd)
core   0: 0x000000008000fec0 (0xfc843783) ld      a5, -56(s0)
core   0: 3 0x000000008000fec0 (0xfc843783) x15 0x0000000080012040 mem 0x0000000080031f38
core   0: 0x000000008000fec4 (0xfef43023) sd      a5, -32(s0)
core   0: 3 0x000000008000fec4 (0xfef43023) mem 0x0000000080031f50 0x0000000080012040
core   0: 0x000000008000fec8 (0x0000a829) c.j     pc + 26
core   0: 3 0x000000008000fec8 (0xa829)
core   0: 0x000000008000fee2 (0xfc843703) ld      a4, -56(s0)
core   0: 3 0x000000008000fee2 (0xfc843703) x14 0x0000000080012040 mem 0x0000000080031f38
core   0: 0x000000008000fee6 (0xfb843783) ld      a5, -72(s0)
core   0: 3 0x000000008000fee6 (0xfb843783) x15 0x000000000000009c mem 0x0000000080031f28
core   0: 0x000000008000feea (0x000097ba) c.add   a5, a4
core   0: 3 0x000000008000feea (0x97ba) x15 0x00000000800120dc
core   0: 0x000000008000feec (0xfe043703) ld      a4, -32(s0)
core   0: 3 0x000000008000feec (0xfe043703) x14 0x0000000080012040 mem 0x0000000080031f50
core   0: 0x000000008000fef0 (0xfcf76de3) bltu    a4, a5, pc - 38
core   0: 3 0x000000008000fef0 (0xfcf76de3)
core   0: 0x000000008000feca (0xfe043783) ld      a5, -32(s0)
core   0: 3 0x000000008000feca (0xfe043783) x15 0x0000000080012040 mem 0x0000000080031f50
core   0: 0x000000008000fece (0x00178713) addi    a4, a5, 1
core   0: 3 0x000000008000fece (0x00178713) x14 0x0000000080012041
core   0: 0x000000008000fed2 (0xfee43023) sd      a4, -32(s0)
core   0: 3 0x000000008000fed2 (0xfee43023) mem 0x0000000080031f50 0x0000000080012041
core   0: 0x000000008000fed6 (0xfc442703) lw      a4, -60(s0)
core   0: 3 0x000000008000fed6 (0xfc442703) x14 0x0000000000000000 mem 0x0000000080031f34
core   0: 0x000000008000feda (0x0ff77713) andi    a4, a4, 255
core   0: 3 0x000000008000feda (0x0ff77713) x14 0x0000000000000000
core   0: 0x000000008000fede (0x00e78023) sb      a4, 0(a5)
core   0: 3 0x000000008000fede (0x00e78023) mem 0x0000000080012040 0x00
core   0: 0x000000008000fee2 (0xfc843703) ld      a4, -56(s0)
core   0: 3 0x000000008000fee2 (0xfc843703) x14 0x0000000080012040 mem 0x0000000080031f38
core   0: 0x000000008000fee6 (0xfb843783) ld      a5, -72(s0)
core   0: 3 0x000000008000fee6 (0xfb843783) x15 0x000000000000009c mem 0x0000000080031f28
core   0: 0x000000008000feea (0x000097ba) c.add   a5, a4
core   0: 3 0x000000008000feea (0x97ba) x15 0x00000000800120dc
core   0: 0x000000008000feec (0xfe043703) ld      a4, -32(s0)
core   0: 3 0x000000008000feec (0xfe043703) x14 0x0000000080012041 mem 0x0000000080031f50
core   0: 0x000000008000fef0 (0xfcf76de3) bltu    a4, a5, pc - 38
core   0: 3 0x000000008000fef0 (0xfcf76de3)
core   0: 0x000000008000feca (0xfe043783) ld      a5, -32(s0)
core   0: 3 0x000000008000feca (0xfe043783) x15 0x0000000080012041 mem 0x0000000080031f50
core   0: 0x000000008000fece (0x00178713) addi    a4, a5, 1
core   0: 3 0x000000008000fece (0x00178713) x14 0x0000000080012042
core   0: 0x000000008000fed2 (0xfee43023) sd      a4, -32(s0)
core   0: 3 0x000000008000fed2 (0xfee43023) mem 0x0000000080031f50 0x0000000080012042
core   0: 0x000000008000fed6 (0xfc442703) lw      a4, -60(s0)
core   0: 3 0x000000008000fed6 (0xfc442703) x14 0x0000000000000000 mem 0x0000000080031f34
core   0: 0x000000008000feda (0x0ff77713) andi    a4, a4, 255
core   0: 3 0x000000008000feda (0x0ff77713) x14 0x0000000000000000
core   0: 0x000000008000fede (0x00e78023) sb      a4, 0(a5)
core   0: 3 0x000000008000fede (0x00e78023) mem 0x0000000080012041 0x00
core   0: 0x000000008000fee2 (0xfc843703) ld      a4, -56(s0)
core   0: 3 0x000000008000fee2 (0xfc843703) x14 0x0000000080012040 mem 0x0000000080031f38
core   0: 0x000000008000fee6 (0xfb843783) ld      a5, -72(s0)
core   0: 3 0x000000008000fee6 (0xfb843783) x15 0x000000000000009c mem 0x0000000080031f28
core   0: 0x000000008000feea (0x000097ba) c.add   a5, a4
core   0: 3 0x000000008000feea (0x97ba) x15 0x00000000800120dc
core   0: 0x000000008000feec (0xfe043703) ld      a4, -32(s0)
core   0: 3 0x000000008000feec (0xfe043703) x14 0x0000000080012042 mem 0x0000000080031f50
core   0: 0x000000008000fef0 (0xfcf76de3) bltu    a4, a5, pc - 38
core   0: 3 0x000000008000fef0 (0xfcf76de3)
core   0: 0x000000008000feca (0xfe043783) ld      a5, -32(s0)
core   0: 3 0x000000008000feca (0xfe043783) x15 0x0000000080012042 mem 0x0000000080031f50
core   0: 0x000000008000fece (0x00178713) addi    a4, a5, 1
core   0: 3 0x000000008000fece (0x00178713) x14 0x0000000080012043
core   0: 0x000000008000fed2 (0xfee43023) sd      a4, -32(s0)
core   0: 3 0x000000008000fed2 (0xfee43023) mem 0x0000000080031f50 0x0000000080012043
core   0: 0x000000008000fed6 (0xfc442703) lw      a4, -60(s0)
core   0: 3 0x000000008000fed6 (0xfc442703) x14 0x0000000000000000 mem 0x0000000080031f34
core   0: 0x000000008000feda (0x0ff77713) andi    a4, a4, 255
core   0: 3 0x000000008000feda (0x0ff77713) x14 0x0000000000000000
core   0: 0x000000008000fede (0x00e78023) sb      a4, 0(a5)
core   0: 3 0x000000008000fede (0x00e78023) mem 0x0000000080012042 0x00
core   0: 0x000000008000fee2 (0xfc843703) ld      a4, -56(s0)
core   0: 3 0x000000008000fee2 (0xfc843703) x14 0x0000000080012040 mem 0x0000000080031f38
core   0: 0x000000008000fee6 (0xfb843783) ld      a5, -72(s0)
core   0: 3 0x000000008000fee6 (0xfb843783) x15 0x000000000000009c mem 0x0000000080031f28
core   0: 0x000000008000feea (0x000097ba) c.add   a5, a4
core   0: 3 0x000000008000feea (0x97ba) x15 0x00000000800120dc
core   0: 0x000000008000feec (0xfe043703) ld      a4, -32(s0)
core   0: 3 0x000000008000feec (0xfe043703) x14 0x0000000080012043 mem 0x0000000080031f50
core   0: 0x000000008000fef0 (0xfcf76de3) bltu    a4, a5, pc - 38
core   0: 3 0x000000008000fef0 (0xfcf76de3)
core   0: 0x000000008000feca (0xfe043783) ld      a5, -32(s0)
core   0: 3 0x000000008000feca (0xfe043783) x15 0x0000000080012043 mem 0x0000000080031f50
core   0: 0x000000008000fece (0x00178713) addi    a4, a5, 1
core   0: 3 0x000000008000fece (0x00178713) x14 0x0000000080012044
core   0: 0x000000008000fed2 (0xfee43023) sd      a4, -32(s0)
core   0: 3 0x000000008000fed2 (0xfee43023) mem 0x0000000080031f50 0x0000000080012044
core   0: 0x000000008000fed6 (0xfc442703) lw      a4, -60(s0)
core   0: 3 0x000000008000fed6 (0xfc442703) x14 0x0000000000000000 mem 0x0000000080031f34
core   0: 0x000000008000feda (0x0ff77713) andi    a4, a4, 255
core   0: 3 0x000000008000feda (0x0ff77713) x14 0x0000000000000000
core   0: 0x000000008000fede (0x00e78023) sb      a4, 0(a5)
core   0: 3 0x000000008000fede (0x00e78023) mem 0x0000000080012043 0x00
core   0: 0x000000008000fee2 (0xfc843703) ld      a4, -56(s0)
core   0: 3 0x000000008000fee2 (0xfc843703) x14 0x0000000080012040 mem 0x0000000080031f38
core   0: 0x000000008000fee6 (0xfb843783) ld      a5, -72(s0)
core   0: 3 0x000000008000fee6 (0xfb843783) x15 0x000000000000009c mem 0x0000000080031f28
core   0: 0x000000008000feea (0x000097ba) c.add   a5, a4
core   0: 3 0x000000008000feea (0x97ba) x15 0x00000000800120dc
core   0: 0x000000008000feec (0xfe043703) ld      a4, -32(s0)
core   0: 3 0x000000008000feec (0xfe043703) x14 0x0000000080012044 mem 0x0000000080031f50
core   0: 0x000000008000fef0 (0xfcf76de3) bltu    a4, a5, pc - 38
core   0: 3 0x000000008000fef0 (0xfcf76de3)
core   0: 0x000000008000feca (0xfe043783) ld      a5, -32(s0)
core   0: 3 0x000000008000feca (0xfe043783) x15 0x0000000080012044 mem 0x0000000080031f50
core   0: 0x000000008000fece (0x00178713) addi    a4, a5, 1
core   0: 3 0x000000008000fece (0x00178713) x14 0x0000000080012045
core   0: 0x000000008000fed2 (0xfee43023) sd      a4, -32(s0)
core   0: 3 0x000000008000fed2 (0xfee43023) mem 0x0000000080031f50 0x0000000080012045
core   0: 0x000000008000fed6 (0xfc442703) lw      a4, -60(s0)
core   0: 3 0x000000008000fed6 (0xfc442703) x14 0x0000000000000000 mem 0x0000000080031f34
core   0: 0x000000008000feda (0x0ff77713) andi    a4, a4, 255
core   0: 3 0x000000008000feda (0x0ff77713) x14 0x0000000000000000
core   0: 0x000000008000fede (0x00e78023) sb      a4, 0(a5)
core   0: 3 0x000000008000fede (0x00e78023) mem 0x0000000080012044 0x00
core   0: 0x000000008000fee2 (0xfc843703) ld      a4, -56(s0)
core   0: 3 0x000000008000fee2 (0xfc843703) x14 0x0000000080012040 mem 0x0000000080031f38
core   0: 0x000000008000fee6 (0xfb843783) ld      a5, -72(s0)
core   0: 3 0x000000008000fee6 (0xfb843783) x15 0x000000000000009c mem 0x0000000080031f28
core   0: 0x000000008000feea (0x000097ba) c.add   a5, a4
core   0: 3 0x000000008000feea (0x97ba) x15 0x00000000800120dc
core   0: 0x000000008000feec (0xfe043703) ld      a4, -32(s0)
core   0: 3 0x000000008000feec (0xfe043703) x14 0x0000000080012045 mem 0x0000000080031f50
core   0: 0x000000008000fef0 (0xfcf76de3) bltu    a4, a5, pc - 38
core   0: 3 0x000000008000fef0 (0xfcf76de3)
core   0: 0x000000008000feca (0xfe043783) ld      a5, -32(s0)
core   0: 3 0x000000008000feca (0xfe043783) x15 0x0000000080012045 mem 0x0000000080031f50
core   0: 0x000000008000fece (0x00178713) addi    a4, a5, 1
core   0: 3 0x000000008000fece (0x00178713) x14 0x0000000080012046
core   0: 0x000000008000fed2 (0xfee43023) sd      a4, -32(s0)
core   0: 3 0x000000008000fed2 (0xfee43023) mem 0x0000000080031f50 0x0000000080012046
core   0: 0x000000008000fed6 (0xfc442703) lw      a4, -60(s0)
core   0: 3 0x000000008000fed6 (0xfc442703) x14 0x0000000000000000 mem 0x0000000080031f34
core   0: 0x000000008000feda (0x0ff77713) andi    a4, a4, 255
core   0: 3 0x000000008000feda (0x0ff77713) x14 0x0000000000000000
core   0: 0x000000008000fede (0x00e78023) sb      a4, 0(a5)
core   0: 3 0x000000008000fede (0x00e78023) mem 0x0000000080012045 0x00
core   0: 0x000000008000fee2 (0xfc843703) ld      a4, -56(s0)
core   0: 3 0x000000008000fee2 (0xfc843703) x14 0x0000000080012040 mem 0x0000000080031f38
core   0: 0x000000008000fee6 (0xfb843783) ld      a5, -72(s0)
core   0: 3 0x000000008000fee6 (0xfb843783) x15 0x000000000000009c mem 0x0000000080031f28
core   0: 0x000000008000feea (0x000097ba) c.add   a5, a4
core   0: 3 0x000000008000feea (0x97ba) x15 0x00000000800120dc
core   0: 0x000000008000feec (0xfe043703) ld      a4, -32(s0)
core   0: 3 0x000000008000feec (0xfe043703) x14 0x0000000080012046 mem 0x0000000080031f50
core   0: 0x000000008000fef0 (0xfcf76de3) bltu    a4, a5, pc - 38
core   0: 3 0x000000008000fef0 (0xfcf76de3)
core   0: 0x000000008000feca (0xfe043783) ld      a5, -32(s0)
core   0: 3 0x000000008000feca (0xfe043783) x15 0x0000000080012046 mem 0x0000000080031f50
core   0: 0x000000008000fece (0x00178713) addi    a4, a5, 1
core   0: 3 0x000000008000fece (0x00178713) x14 0x0000000080012047
core   0: 0x000000008000fed2 (0xfee43023) sd      a4, -32(s0)
core   0: 3 0x000000008000fed2 (0xfee43023) mem 0x0000000080031f50 0x0000000080012047
core   0: 0x000000008000fed6 (0xfc442703) lw      a4, -60(s0)
core   0: 3 0x000000008000fed6 (0xfc442703) x14 0x0000000000000000 mem 0x0000000080031f34
core   0: 0x000000008000feda (0x0ff77713) andi    a4, a4, 255
core   0: 3 0x000000008000feda (0x0ff77713) x14 0x0000000000000000
core   0: 0x000000008000fede (0x00e78023) sb      a4, 0(a5)
core   0: 3 0x000000008000fede (0x00e78023) mem 0x0000000080012046 0x00
core   0: 0x000000008000fee2 (0xfc843703) ld      a4, -56(s0)
core   0: 3 0x000000008000fee2 (0xfc843703) x14 0x0000000080012040 mem 0x0000000080031f38
core   0: 0x000000008000fee6 (0xfb843783) ld      a5, -72(s0)
core   0: 3 0x000000008000fee6 (0xfb843783) x15 0x000000000000009c mem 0x0000000080031f28
core   0: 0x000000008000feea (0x000097ba) c.add   a5, a4
core   0: 3 0x000000008000feea (0x97ba) x15 0x00000000800120dc
core   0: 0x000000008000feec (0xfe043703) ld      a4, -32(s0)
core   0: 3 0x000000008000feec (0xfe043703) x14 0x0000000080012047 mem 0x0000000080031f50
core   0: 0x000000008000fef0 (0xfcf76de3) bltu    a4, a5, pc - 38
core   0: 3 0x000000008000fef0 (0xfcf76de3)
core   0: 0x000000008000feca (0xfe043783) ld      a5, -32(s0)
core   0: 3 0x000000008000feca (0xfe043783) x15 0x0000000080012047 mem 0x0000000080031f50
core   0: 0x000000008000fece (0x00178713) addi    a4, a5, 1
core   0: 3 0x000000008000fece (0x00178713) x14 0x0000000080012048
core   0: 0x000000008000fed2 (0xfee43023) sd      a4, -32(s0)
core   0: 3 0x000000008000fed2 (0xfee43023) mem 0x0000000080031f50 0x0000000080012048
core   0: 0x000000008000fed6 (0xfc442703) lw      a4, -60(s0)
core   0: 3 0x000000008000fed6 (0xfc442703) x14 0x0000000000000000 mem 0x0000000080031f34
core   0: 0x000000008000feda (0x0ff77713) andi    a4, a4, 255
core   0: 3 0x000000008000feda (0x0ff77713) x14 0x0000000000000000
core   0: 0x000000008000fede (0x00e78023) sb      a4, 0(a5)
core   0: 3 0x000000008000fede (0x00e78023) mem 0x0000000080012047 0x00
core   0: 0x000000008000fee2 (0xfc843703) ld      a4, -56(s0)
core   0: 3 0x000000008000fee2 (0xfc843703) x14 0x0000000080012040 mem 0x0000000080031f38
core   0: 0x000000008000fee6 (0xfb843783) ld      a5, -72(s0)
core   0: 3 0x000000008000fee6 (0xfb843783) x15 0x000000000000009c mem 0x0000000080031f28
core   0: 0x000000008000feea (0x000097ba) c.add   a5, a4
core   0: 3 0x000000008000feea (0x97ba) x15 0x00000000800120dc
core   0: 0x000000008000feec (0xfe043703) ld      a4, -32(s0)
core   0: 3 0x000000008000feec (0xfe043703) x14 0x0000000080012048 mem 0x0000000080031f50
core   0: 0x000000008000fef0 (0xfcf76de3) bltu    a4, a5, pc - 38
core   0: 3 0x000000008000fef0 (0xfcf76de3)
core   0: 0x000000008000feca (0xfe043783) ld      a5, -32(s0)
core   0: 3 0x000000008000feca (0xfe043783) x15 0x0000000080012048 mem 0x0000000080031f50
core   0: 0x000000008000fece (0x00178713) addi    a4, a5, 1
core   0: 3 0x000000008000fece (0x00178713) x14 0x0000000080012049
core   0: 0x000000008000fed2 (0xfee43023) sd      a4, -32(s0)
core   0: 3 0x000000008000fed2 (0xfee43023) mem 0x0000000080031f50 0x0000000080012049
core   0: 0x000000008000fed6 (0xfc442703) lw      a4, -60(s0)
core   0: 3 0x000000008000fed6 (0xfc442703) x14 0x0000000000000000 mem 0x0000000080031f34
core   0: 0x000000008000feda (0x0ff77713) andi    a4, a4, 255
core   0: 3 0x000000008000feda (0x0ff77713) x14 0x0000000000000000
core   0: 0x000000008000fede (0x00e78023) sb      a4, 0(a5)
core   0: 3 0x000000008000fede (0x00e78023) mem 0x0000000080012048 0x00
core   0: 0x000000008000fee2 (0xfc843703) ld      a4, -56(s0)
core   0: 3 0x000000008000fee2 (0xfc843703) x14 0x0000000080012040 mem 0x0000000080031f38
core   0: 0x000000008000fee6 (0xfb843783) ld      a5, -72(s0)
core   0: 3 0x000000008000fee6 (0xfb843783) x15 0x000000000000009c mem 0x0000000080031f28
core   0: 0x000000008000feea (0x000097ba) c.add   a5, a4
core   0: 3 0x000000008000feea (0x97ba) x15 0x00000000800120dc
core   0: 0x000000008000feec (0xfe043703) ld      a4, -32(s0)
core   0: 3 0x000000008000feec (0xfe043703) x14 0x0000000080012049 mem 0x0000000080031f50
core   0: 0x000000008000fef0 (0xfcf76de3) bltu    a4, a5, pc - 38
core   0: 3 0x000000008000fef0 (0xfcf76de3)
core   0: 0x000000008000feca (0xfe043783) ld      a5, -32(s0)
core   0: 3 0x000000008000feca (0xfe043783) x15 0x0000000080012049 mem 0x0000000080031f50
core   0: 0x000000008000fece (0x00178713) addi    a4, a5, 1
core   0: 3 0x000000008000fece (0x00178713) x14 0x000000008001204a
core   0: 0x000000008000fed2 (0xfee43023) sd      a4, -32(s0)
core   0: 3 0x000000008000fed2 (0xfee43023) mem 0x0000000080031f50 0x000000008001204a
core   0: 0x000000008000fed6 (0xfc442703) lw      a4, -60(s0)
core   0: 3 0x000000008000fed6 (0xfc442703) x14 0x0000000000000000 mem 0x0000000080031f34
core   0: 0x000000008000feda (0x0ff77713) andi    a4, a4, 255
core   0: 3 0x000000008000feda (0x0ff77713) x14 0x0000000000000000
core   0: 0x000000008000fede (0x00e78023) sb      a4, 0(a5)
core   0: 3 0x000000008000fede (0x00e78023) mem 0x0000000080012049 0x00
core   0: 0x000000008000fee2 (0xfc843703) ld      a4, -56(s0)
core   0: 3 0x000000008000fee2 (0xfc843703) x14 0x0000000080012040 mem 0x0000000080031f38
core   0: 0x000000008000fee6 (0xfb843783) ld      a5, -72(s0)
core   0: 3 0x000000008000fee6 (0xfb843783) x15 0x000000000000009c mem 0x0000000080031f28
core   0: 0x000000008000feea (0x000097ba) c.add   a5, a4
core   0: 3 0x000000008000feea (0x97ba) x15 0x00000000800120dc
core   0: 0x000000008000feec (0xfe043703) ld      a4, -32(s0)
core   0: 3 0x000000008000feec (0xfe043703) x14 0x000000008001204a mem 0x0000000080031f50
core   0: 0x000000008000fef0 (0xfcf76de3) bltu    a4, a5, pc - 38
core   0: 3 0x000000008000fef0 (0xfcf76de3)
core   0: 0x000000008000feca (0xfe043783) ld      a5, -32(s0)
core   0: 3 0x000000008000feca (0xfe043783) x15 0x000000008001204a mem 0x0000000080031f50
core   0: 0x000000008000fece (0x00178713) addi    a4, a5, 1
core   0: 3 0x000000008000fece (0x00178713) x14 0x000000008001204b
core   0: 0x000000008000fed2 (0xfee43023) sd      a4, -32(s0)
core   0: 3 0x000000008000fed2 (0xfee43023) mem 0x0000000080031f50 0x000000008001204b
core   0: 0x000000008000fed6 (0xfc442703) lw      a4, -60(s0)
core   0: 3 0x000000008000fed6 (0xfc442703) x14 0x0000000000000000 mem 0x0000000080031f34
core   0: 0x000000008000feda (0x0ff77713) andi    a4, a4, 255
core   0: 3 0x000000008000feda (0x0ff77713) x14 0x0000000000000000
core   0: 0x000000008000fede (0x00e78023) sb      a4, 0(a5)
core   0: 3 0x000000008000fede (0x00e78023) mem 0x000000008001204a 0x00
core   0: 0x000000008000fee2 (0xfc843703) ld      a4, -56(s0)
core   0: 3 0x000000008000fee2 (0xfc843703) x14 0x0000000080012040 mem 0x0000000080031f38
core   0: 0x000000008000fee6 (0xfb843783) ld      a5, -72(s0)
core   0: 3 0x000000008000fee6 (0xfb843783) x15 0x000000000000009c mem 0x0000000080031f28
core   0: 0x000000008000feea (0x000097ba) c.add   a5, a4
core   0: 3 0x000000008000feea (0x97ba) x15 0x00000000800120dc
core   0: 0x000000008000feec (0xfe043703) ld      a4, -32(s0)
core   0: 3 0x000000008000feec (0xfe043703) x14 0x000000008001204b mem 0x0000000080031f50
core   0: 0x000000008000fef0 (0xfcf76de3) bltu    a4, a5, pc - 38
core   0: 3 0x000000008000fef0 (0xfcf76de3)
core   0: 0x000000008000feca (0xfe043783) ld      a5, -32(s0)
core   0: 3 0x000000008000feca (0xfe043783) x15 0x000000008001204b mem 0x0000000080031f50
core   0: 0x000000008000fece (0x00178713) addi    a4, a5, 1
core   0: 3 0x000000008000fece (0x00178713) x14 0x000000008001204c
core   0: 0x000000008000fed2 (0xfee43023) sd      a4, -32(s0)
core   0: 3 0x000000008000fed2 (0xfee43023) mem 0x0000000080031f50 0x000000008001204c
core   0: 0x000000008000fed6 (0xfc442703) lw      a4, -60(s0)
core   0: 3 0x000000008000fed6 (0xfc442703) x14 0x0000000000000000 mem 0x0000000080031f34
core   0: 0x000000008000feda (0x0ff77713) andi    a4, a4, 255
core   0: 3 0x000000008000feda (0x0ff77713) x14 0x0000000000000000
core   0: 0x000000008000fede (0x00e78023) sb      a4, 0(a5)
core   0: 3 0x000000008000fede (0x00e78023) mem 0x000000008001204b 0x00
core   0: 0x000000008000fee2 (0xfc843703) ld      a4, -56(s0)
core   0: 3 0x000000008000fee2 (0xfc843703) x14 0x0000000080012040 mem 0x0000000080031f38
core   0: 0x000000008000fee6 (0xfb843783) ld      a5, -72(s0)
core   0: 3 0x000000008000fee6 (0xfb843783) x15 0x000000000000009c mem 0x0000000080031f28
core   0: 0x000000008000feea (0x000097ba) c.add   a5, a4
core   0: 3 0x000000008000feea (0x97ba) x15 0x00000000800120dc
core   0: 0x000000008000feec (0xfe043703) ld      a4, -32(s0)
core   0: 3 0x000000008000feec (0xfe043703) x14 0x000000008001204c mem 0x0000000080031f50
core   0: 0x000000008000fef0 (0xfcf76de3) bltu    a4, a5, pc - 38
core   0: 3 0x000000008000fef0 (0xfcf76de3)
core   0: 0x000000008000feca (0xfe043783) ld      a5, -32(s0)
core   0: 3 0x000000008000feca (0xfe043783) x15 0x000000008001204c mem 0x0000000080031f50
core   0: 0x000000008000fece (0x00178713) addi    a4, a5, 1
core   0: 3 0x000000008000fece (0x00178713) x14 0x000000008001204d
core   0: 0x000000008000fed2 (0xfee43023) sd      a4, -32(s0)
core   0: 3 0x000000008000fed2 (0xfee43023) mem 0x0000000080031f50 0x000000008001204d
core   0: 0x000000008000fed6 (0xfc442703) lw      a4, -60(s0)
core   0: 3 0x000000008000fed6 (0xfc442703) x14 0x0000000000000000 mem 0x0000000080031f34
core   0: 0x000000008000feda (0x0ff77713) andi    a4, a4, 255
core   0: 3 0x000000008000feda (0x0ff77713) x14 0x0000000000000000
core   0: 0x000000008000fede (0x00e78023) sb      a4, 0(a5)
core   0: 3 0x000000008000fede (0x00e78023) mem 0x000000008001204c 0x00
core   0: 0x000000008000fee2 (0xfc843703) ld      a4, -56(s0)
core   0: 3 0x000000008000fee2 (0xfc843703) x14 0x0000000080012040 mem 0x0000000080031f38
core   0: 0x000000008000fee6 (0xfb843783) ld      a5, -72(s0)
core   0: 3 0x000000008000fee6 (0xfb843783) x15 0x000000000000009c mem 0x0000000080031f28
core   0: 0x000000008000feea (0x000097ba) c.add   a5, a4
core   0: 3 0x000000008000feea (0x97ba) x15 0x00000000800120dc
core   0: 0x000000008000feec (0xfe043703) ld      a4, -32(s0)
core   0: 3 0x000000008000feec (0xfe043703) x14 0x000000008001204d mem 0x0000000080031f50
core   0: 0x000000008000fef0 (0xfcf76de3) bltu    a4, a5, pc - 38
core   0: 3 0x000000008000fef0 (0xfcf76de3)
core   0: 0x000000008000feca (0xfe043783) ld      a5, -32(s0)
core   0: 3 0x000000008000feca (0xfe043783) x15 0x000000008001204d mem 0x0000000080031f50
core   0: 0x000000008000fece (0x00178713) addi    a4, a5, 1
core   0: 3 0x000000008000fece (0x00178713) x14 0x000000008001204e
core   0: 0x000000008000fed2 (0xfee43023) sd      a4, -32(s0)
core   0: 3 0x000000008000fed2 (0xfee43023) mem 0x0000000080031f50 0x000000008001204e
core   0: 0x000000008000fed6 (0xfc442703) lw      a4, -60(s0)
core   0: 3 0x000000008000fed6 (0xfc442703) x14 0x0000000000000000 mem 0x0000000080031f34
core   0: 0x000000008000feda (0x0ff77713) andi    a4, a4, 255
core   0: 3 0x000000008000feda (0x0ff77713) x14 0x0000000000000000
core   0: 0x000000008000fede (0x00e78023) sb      a4, 0(a5)
core   0: 3 0x000000008000fede (0x00e78023) mem 0x000000008001204d 0x00
core   0: 0x000000008000fee2 (0xfc843703) ld      a4, -56(s0)
core   0: 3 0x000000008000fee2 (0xfc843703) x14 0x0000000080012040 mem 0x0000000080031f38
core   0: 0x000000008000fee6 (0xfb843783) ld      a5, -72(s0)
core   0: 3 0x000000008000fee6 (0xfb843783) x15 0x000000000000009c mem 0x0000000080031f28
core   0: 0x000000008000feea (0x000097ba) c.add   a5, a4
core   0: 3 0x000000008000feea (0x97ba) x15 0x00000000800120dc
core   0: 0x000000008000feec (0xfe043703) ld      a4, -32(s0)
core   0: 3 0x000000008000feec (0xfe043703) x14 0x000000008001204e mem 0x0000000080031f50
core   0: 0x000000008000fef0 (0xfcf76de3) bltu    a4, a5, pc - 38
core   0: 3 0x000000008000fef0 (0xfcf76de3)
core   0: 0x000000008000feca (0xfe043783) ld      a5, -32(s0)
core   0: 3 0x000000008000feca (0xfe043783) x15 0x000000008001204e mem 0x0000000080031f50
core   0: 0x000000008000fece (0x00178713) addi    a4, a5, 1
core   0: 3 0x000000008000fece (0x00178713) x14 0x000000008001204f
core   0: 0x000000008000fed2 (0xfee43023) sd      a4, -32(s0)
core   0: 3 0x000000008000fed2 (0xfee43023) mem 0x0000000080031f50 0x000000008001204f
core   0: 0x000000008000fed6 (0xfc442703) lw      a4, -60(s0)
core   0: 3 0x000000008000fed6 (0xfc442703) x14 0x0000000000000000 mem 0x0000000080031f34
core   0: 0x000000008000feda (0x0ff77713) andi    a4, a4, 255
core   0: 3 0x000000008000feda (0x0ff77713) x14 0x0000000000000000
core   0: 0x000000008000fede (0x00e78023) sb      a4, 0(a5)
core   0: 3 0x000000008000fede (0x00e78023) mem 0x000000008001204e 0x00
core   0: 0x000000008000fee2 (0xfc843703) ld      a4, -56(s0)
core   0: 3 0x000000008000fee2 (0xfc843703) x14 0x0000000080012040 mem 0x0000000080031f38
core   0: 0x000000008000fee6 (0xfb843783) ld      a5, -72(s0)
core   0: 3 0x000000008000fee6 (0xfb843783) x15 0x000000000000009c mem 0x0000000080031f28
core   0: 0x000000008000feea (0x000097ba) c.add   a5, a4
core   0: 3 0x000000008000feea (0x97ba) x15 0x00000000800120dc
core   0: 0x000000008000feec (0xfe043703) ld      a4, -32(s0)
core   0: 3 0x000000008000feec (0xfe043703) x14 0x000000008001204f mem 0x0000000080031f50
core   0: 0x000000008000fef0 (0xfcf76de3) bltu    a4, a5, pc - 38
core   0: 3 0x000000008000fef0 (0xfcf76de3)
core   0: 0x000000008000feca (0xfe043783) ld      a5, -32(s0)
core   0: 3 0x000000008000feca (0xfe043783) x15 0x000000008001204f mem 0x0000000080031f50
core   0: 0x000000008000fece (0x00178713) addi    a4, a5, 1
core   0: 3 0x000000008000fece (0x00178713) x14 0x0000000080012050
core   0: 0x000000008000fed2 (0xfee43023) sd      a4, -32(s0)
core   0: 3 0x000000008000fed2 (0xfee43023) mem 0x0000000080031f50 0x0000000080012050
core   0: 0x000000008000fed6 (0xfc442703) lw      a4, -60(s0)
core   0: 3 0x000000008000fed6 (0xfc442703) x14 0x0000000000000000 mem 0x0000000080031f34
core   0: 0x000000008000feda (0x0ff77713) andi    a4, a4, 255
core   0: 3 0x000000008000feda (0x0ff77713) x14 0x0000000000000000
core   0: 0x000000008000fede (0x00e78023) sb      a4, 0(a5)
core   0: 3 0x000000008000fede (0x00e78023) mem 0x000000008001204f 0x00
core   0: 0x000000008000fee2 (0xfc843703) ld      a4, -56(s0)
core   0: 3 0x000000008000fee2 (0xfc843703) x14 0x0000000080012040 mem 0x0000000080031f38
core   0: 0x000000008000fee6 (0xfb843783) ld      a5, -72(s0)
core   0: 3 0x000000008000fee6 (0xfb843783) x15 0x000000000000009c mem 0x0000000080031f28
core   0: 0x000000008000feea (0x000097ba) c.add   a5, a4
core   0: 3 0x000000008000feea (0x97ba) x15 0x00000000800120dc
core   0: 0x000000008000feec (0xfe043703) ld      a4, -32(s0)
core   0: 3 0x000000008000feec (0xfe043703) x14 0x0000000080012050 mem 0x0000000080031f50
core   0: 0x000000008000fef0 (0xfcf76de3) bltu    a4, a5, pc - 38
core   0: 3 0x000000008000fef0 (0xfcf76de3)
core   0: 0x000000008000feca (0xfe043783) ld      a5, -32(s0)
core   0: 3 0x000000008000feca (0xfe043783) x15 0x0000000080012050 mem 0x0000000080031f50
core   0: 0x000000008000fece (0x00178713) addi    a4, a5, 1
core   0: 3 0x000000008000fece (0x00178713) x14 0x0000000080012051
core   0: 0x000000008000fed2 (0xfee43023) sd      a4, -32(s0)
core   0: 3 0x000000008000fed2 (0xfee43023) mem 0x0000000080031f50 0x0000000080012051
core   0: 0x000000008000fed6 (0xfc442703) lw      a4, -60(s0)
core   0: 3 0x000000008000fed6 (0xfc442703) x14 0x0000000000000000 mem 0x0000000080031f34
core   0: 0x000000008000feda (0x0ff77713) andi    a4, a4, 255
core   0: 3 0x000000008000feda (0x0ff77713) x14 0x0000000000000000
core   0: 0x000000008000fede (0x00e78023) sb      a4, 0(a5)
core   0: 3 0x000000008000fede (0x00e78023) mem 0x0000000080012050 0x00
core   0: 0x000000008000fee2 (0xfc843703) ld      a4, -56(s0)
core   0: 3 0x000000008000fee2 (0xfc843703) x14 0x0000000080012040 mem 0x0000000080031f38
core   0: 0x000000008000fee6 (0xfb843783) ld      a5, -72(s0)
core   0: 3 0x000000008000fee6 (0xfb843783) x15 0x000000000000009c mem 0x0000000080031f28
core   0: 0x000000008000feea (0x000097ba) c.add   a5, a4
core   0: 3 0x000000008000feea (0x97ba) x15 0x00000000800120dc
core   0: 0x000000008000feec (0xfe043703) ld      a4, -32(s0)
core   0: 3 0x000000008000feec (0xfe043703) x14 0x0000000080012051 mem 0x0000000080031f50
core   0: 0x000000008000fef0 (0xfcf76de3) bltu    a4, a5, pc - 38
core   0: 3 0x000000008000fef0 (0xfcf76de3)
core   0: 0x000000008000feca (0xfe043783) ld      a5, -32(s0)
core   0: 3 0x000000008000feca (0xfe043783) x15 0x0000000080012051 mem 0x0000000080031f50
core   0: 0x000000008000fece (0x00178713) addi    a4, a5, 1
core   0: 3 0x000000008000fece (0x00178713) x14 0x0000000080012052
core   0: 0x000000008000fed2 (0xfee43023) sd      a4, -32(s0)
core   0: 3 0x000000008000fed2 (0xfee43023) mem 0x0000000080031f50 0x0000000080012052
core   0: 0x000000008000fed6 (0xfc442703) lw      a4, -60(s0)
core   0: 3 0x000000008000fed6 (0xfc442703) x14 0x0000000000000000 mem 0x0000000080031f34
core   0: 0x000000008000feda (0x0ff77713) andi    a4, a4, 255
core   0: 3 0x000000008000feda (0x0ff77713) x14 0x0000000000000000
core   0: 0x000000008000fede (0x00e78023) sb      a4, 0(a5)
core   0: 3 0x000000008000fede (0x00e78023) mem 0x0000000080012051 0x00
core   0: 0x000000008000fee2 (0xfc843703) ld      a4, -56(s0)
core   0: 3 0x000000008000fee2 (0xfc843703) x14 0x0000000080012040 mem 0x0000000080031f38
core   0: 0x000000008000fee6 (0xfb843783) ld      a5, -72(s0)
core   0: 3 0x000000008000fee6 (0xfb843783) x15 0x000000000000009c mem 0x0000000080031f28
core   0: 0x000000008000feea (0x000097ba) c.add   a5, a4
core   0: 3 0x000000008000feea (0x97ba) x15 0x00000000800120dc
core   0: 0x000000008000feec (0xfe043703) ld      a4, -32(s0)
core   0: 3 0x000000008000feec (0xfe043703) x14 0x0000000080012052 mem 0x0000000080031f50
core   0: 0x000000008000fef0 (0xfcf76de3) bltu    a4, a5, pc - 38
core   0: 3 0x000000008000fef0 (0xfcf76de3)
core   0: 0x000000008000feca (0xfe043783) ld      a5, -32(s0)
core   0: 3 0x000000008000feca (0xfe043783) x15 0x0000000080012052 mem 0x0000000080031f50
core   0: 0x000000008000fece (0x00178713) addi    a4, a5, 1
core   0: 3 0x000000008000fece (0x00178713) x14 0x0000000080012053
core   0: 0x000000008000fed2 (0xfee43023) sd      a4, -32(s0)
core   0: 3 0x000000008000fed2 (0xfee43023) mem 0x0000000080031f50 0x0000000080012053
core   0: 0x000000008000fed6 (0xfc442703) lw      a4, -60(s0)
core   0: 3 0x000000008000fed6 (0xfc442703) x14 0x0000000000000000 mem 0x0000000080031f34
core   0: 0x000000008000feda (0x0ff77713) andi    a4, a4, 255
core   0: 3 0x000000008000feda (0x0ff77713) x14 0x0000000000000000
core   0: 0x000000008000fede (0x00e78023) sb      a4, 0(a5)
core   0: 3 0x000000008000fede (0x00e78023) mem 0x0000000080012052 0x00
core   0: 0x000000008000fee2 (0xfc843703) ld      a4, -56(s0)
core   0: 3 0x000000008000fee2 (0xfc843703) x14 0x0000000080012040 mem 0x0000000080031f38
core   0: 0x000000008000fee6 (0xfb843783) ld      a5, -72(s0)
core   0: 3 0x000000008000fee6 (0xfb843783) x15 0x000000000000009c mem 0x0000000080031f28
core   0: 0x000000008000feea (0x000097ba) c.add   a5, a4
core   0: 3 0x000000008000feea (0x97ba) x15 0x00000000800120dc
core   0: 0x000000008000feec (0xfe043703) ld      a4, -32(s0)
core   0: 3 0x000000008000feec (0xfe043703) x14 0x0000000080012053 mem 0x0000000080031f50
core   0: 0x000000008000fef0 (0xfcf76de3) bltu    a4, a5, pc - 38
core   0: 3 0x000000008000fef0 (0xfcf76de3)
core   0: 0x000000008000feca (0xfe043783) ld      a5, -32(s0)
core   0: 3 0x000000008000feca (0xfe043783) x15 0x0000000080012053 mem 0x0000000080031f50
core   0: 0x000000008000fece (0x00178713) addi    a4, a5, 1
core   0: 3 0x000000008000fece (0x00178713) x14 0x0000000080012054
core   0: 0x000000008000fed2 (0xfee43023) sd      a4, -32(s0)
core   0: 3 0x000000008000fed2 (0xfee43023) mem 0x0000000080031f50 0x0000000080012054
core   0: 0x000000008000fed6 (0xfc442703) lw      a4, -60(s0)
core   0: 3 0x000000008000fed6 (0xfc442703) x14 0x0000000000000000 mem 0x0000000080031f34
core   0: 0x000000008000feda (0x0ff77713) andi    a4, a4, 255
core   0: 3 0x000000008000feda (0x0ff77713) x14 0x0000000000000000
core   0: 0x000000008000fede (0x00e78023) sb      a4, 0(a5)
core   0: 3 0x000000008000fede (0x00e78023) mem 0x0000000080012053 0x00
core   0: 0x000000008000fee2 (0xfc843703) ld      a4, -56(s0)
core   0: 3 0x000000008000fee2 (0xfc843703) x14 0x0000000080012040 mem 0x0000000080031f38
core   0: 0x000000008000fee6 (0xfb843783) ld      a5, -72(s0)
core   0: 3 0x000000008000fee6 (0xfb843783) x15 0x000000000000009c mem 0x0000000080031f28
core   0: 0x000000008000feea (0x000097ba) c.add   a5, a4
core   0: 3 0x000000008000feea (0x97ba) x15 0x00000000800120dc
core   0: 0x000000008000feec (0xfe043703) ld      a4, -32(s0)
core   0: 3 0x000000008000feec (0xfe043703) x14 0x0000000080012054 mem 0x0000000080031f50
core   0: 0x000000008000fef0 (0xfcf76de3) bltu    a4, a5, pc - 38
core   0: 3 0x000000008000fef0 (0xfcf76de3)
core   0: 0x000000008000feca (0xfe043783) ld      a5, -32(s0)
core   0: 3 0x000000008000feca (0xfe043783) x15 0x0000000080012054 mem 0x0000000080031f50
core   0: 0x000000008000fece (0x00178713) addi    a4, a5, 1
core   0: 3 0x000000008000fece (0x00178713) x14 0x0000000080012055
core   0: 0x000000008000fed2 (0xfee43023) sd      a4, -32(s0)
core   0: 3 0x000000008000fed2 (0xfee43023) mem 0x0000000080031f50 0x0000000080012055
core   0: 0x000000008000fed6 (0xfc442703) lw      a4, -60(s0)
core   0: 3 0x000000008000fed6 (0xfc442703) x14 0x0000000000000000 mem 0x0000000080031f34
core   0: 0x000000008000feda (0x0ff77713) andi    a4, a4, 255
core   0: 3 0x000000008000feda (0x0ff77713) x14 0x0000000000000000
core   0: 0x000000008000fede (0x00e78023) sb      a4, 0(a5)
core   0: 3 0x000000008000fede (0x00e78023) mem 0x0000000080012054 0x00
core   0: 0x000000008000fee2 (0xfc843703) ld      a4, -56(s0)
core   0: 3 0x000000008000fee2 (0xfc843703) x14 0x0000000080012040 mem 0x0000000080031f38
core   0: 0x000000008000fee6 (0xfb843783) ld      a5, -72(s0)
core   0: 3 0x000000008000fee6 (0xfb843783) x15 0x000000000000009c mem 0x0000000080031f28
core   0: 0x000000008000feea (0x000097ba) c.add   a5, a4
core   0: 3 0x000000008000feea (0x97ba) x15 0x00000000800120dc
core   0: 0x000000008000feec (0xfe043703) ld      a4, -32(s0)
core   0: 3 0x000000008000feec (0xfe043703) x14 0x0000000080012055 mem 0x0000000080031f50
core   0: 0x000000008000fef0 (0xfcf76de3) bltu    a4, a5, pc - 38
core   0: 3 0x000000008000fef0 (0xfcf76de3)
core   0: 0x000000008000feca (0xfe043783) ld      a5, -32(s0)
core   0: 3 0x000000008000feca (0xfe043783) x15 0x0000000080012055 mem 0x0000000080031f50
core   0: 0x000000008000fece (0x00178713) addi    a4, a5, 1
core   0: 3 0x000000008000fece (0x00178713) x14 0x0000000080012056
core   0: 0x000000008000fed2 (0xfee43023) sd      a4, -32(s0)
core   0: 3 0x000000008000fed2 (0xfee43023) mem 0x0000000080031f50 0x0000000080012056
core   0: 0x000000008000fed6 (0xfc442703) lw      a4, -60(s0)
core   0: 3 0x000000008000fed6 (0xfc442703) x14 0x0000000000000000 mem 0x0000000080031f34
core   0: 0x000000008000feda (0x0ff77713) andi    a4, a4, 255
core   0: 3 0x000000008000feda (0x0ff77713) x14 0x0000000000000000
core   0: 0x000000008000fede (0x00e78023) sb      a4, 0(a5)
core   0: 3 0x000000008000fede (0x00e78023) mem 0x0000000080012055 0x00
core   0: 0x000000008000fee2 (0xfc843703) ld      a4, -56(s0)
core   0: 3 0x000000008000fee2 (0xfc843703) x14 0x0000000080012040 mem 0x0000000080031f38
core   0: 0x000000008000fee6 (0xfb843783) ld      a5, -72(s0)
core   0: 3 0x000000008000fee6 (0xfb843783) x15 0x000000000000009c mem 0x0000000080031f28
core   0: 0x000000008000feea (0x000097ba) c.add   a5, a4
core   0: 3 0x000000008000feea (0x97ba) x15 0x00000000800120dc
core   0: 0x000000008000feec (0xfe043703) ld      a4, -32(s0)
core   0: 3 0x000000008000feec (0xfe043703) x14 0x0000000080012056 mem 0x0000000080031f50
core   0: 0x000000008000fef0 (0xfcf76de3) bltu    a4, a5, pc - 38
core   0: 3 0x000000008000fef0 (0xfcf76de3)
core   0: 0x000000008000feca (0xfe043783) ld      a5, -32(s0)
core   0: 3 0x000000008000feca (0xfe043783) x15 0x0000000080012056 mem 0x0000000080031f50
core   0: 0x000000008000fece (0x00178713) addi    a4, a5, 1
core   0: 3 0x000000008000fece (0x00178713) x14 0x0000000080012057
core   0: 0x000000008000fed2 (0xfee43023) sd      a4, -32(s0)
core   0: 3 0x000000008000fed2 (0xfee43023) mem 0x0000000080031f50 0x0000000080012057
core   0: 0x000000008000fed6 (0xfc442703) lw      a4, -60(s0)
core   0: 3 0x000000008000fed6 (0xfc442703) x14 0x0000000000000000 mem 0x0000000080031f34
core   0: 0x000000008000feda (0x0ff77713) andi    a4, a4, 255
core   0: 3 0x000000008000feda (0x0ff77713) x14 0x0000000000000000
core   0: 0x000000008000fede (0x00e78023) sb      a4, 0(a5)
core   0: 3 0x000000008000fede (0x00e78023) mem 0x0000000080012056 0x00
core   0: 0x000000008000fee2 (0xfc843703) ld      a4, -56(s0)
core   0: 3 0x000000008000fee2 (0xfc843703) x14 0x0000000080012040 mem 0x0000000080031f38
core   0: 0x000000008000fee6 (0xfb843783) ld      a5, -72(s0)
core   0: 3 0x000000008000fee6 (0xfb843783) x15 0x000000000000009c mem 0x0000000080031f28
core   0: 0x000000008000feea (0x000097ba) c.add   a5, a4
core   0: 3 0x000000008000feea (0x97ba) x15 0x00000000800120dc
core   0: 0x000000008000feec (0xfe043703) ld      a4, -32(s0)
core   0: 3 0x000000008000feec (0xfe043703) x14 0x0000000080012057 mem 0x0000000080031f50
core   0: 0x000000008000fef0 (0xfcf76de3) bltu    a4, a5, pc - 38
core   0: 3 0x000000008000fef0 (0xfcf76de3)
core   0: 0x000000008000feca (0xfe043783) ld      a5, -32(s0)
core   0: 3 0x000000008000feca (0xfe043783) x15 0x0000000080012057 mem 0x0000000080031f50
core   0: 0x000000008000fece (0x00178713) addi    a4, a5, 1
core   0: 3 0x000000008000fece (0x00178713) x14 0x0000000080012058
core   0: 0x000000008000fed2 (0xfee43023) sd      a4, -32(s0)
core   0: 3 0x000000008000fed2 (0xfee43023) mem 0x0000000080031f50 0x0000000080012058
core   0: 0x000000008000fed6 (0xfc442703) lw      a4, -60(s0)
core   0: 3 0x000000008000fed6 (0xfc442703) x14 0x0000000000000000 mem 0x0000000080031f34
core   0: 0x000000008000feda (0x0ff77713) andi    a4, a4, 255
core   0: 3 0x000000008000feda (0x0ff77713) x14 0x0000000000000000
core   0: 0x000000008000fede (0x00e78023) sb      a4, 0(a5)
core   0: 3 0x000000008000fede (0x00e78023) mem 0x0000000080012057 0x00
core   0: 0x000000008000fee2 (0xfc843703) ld      a4, -56(s0)
core   0: 3 0x000000008000fee2 (0xfc843703) x14 0x0000000080012040 mem 0x0000000080031f38
core   0: 0x000000008000fee6 (0xfb843783) ld      a5, -72(s0)
core   0: 3 0x000000008000fee6 (0xfb843783) x15 0x000000000000009c mem 0x0000000080031f28
core   0: 0x000000008000feea (0x000097ba) c.add   a5, a4
core   0: 3 0x000000008000feea (0x97ba) x15 0x00000000800120dc
core   0: 0x000000008000feec (0xfe043703) ld      a4, -32(s0)
core   0: 3 0x000000008000feec (0xfe043703) x14 0x0000000080012058 mem 0x0000000080031f50
core   0: 0x000000008000fef0 (0xfcf76de3) bltu    a4, a5, pc - 38
core   0: 3 0x000000008000fef0 (0xfcf76de3)
core   0: 0x000000008000feca (0xfe043783) ld      a5, -32(s0)
core   0: 3 0x000000008000feca (0xfe043783) x15 0x0000000080012058 mem 0x0000000080031f50
core   0: 0x000000008000fece (0x00178713) addi    a4, a5, 1
core   0: 3 0x000000008000fece (0x00178713) x14 0x0000000080012059
core   0: 0x000000008000fed2 (0xfee43023) sd      a4, -32(s0)
core   0: 3 0x000000008000fed2 (0xfee43023) mem 0x0000000080031f50 0x0000000080012059
core   0: 0x000000008000fed6 (0xfc442703) lw      a4, -60(s0)
core   0: 3 0x000000008000fed6 (0xfc442703) x14 0x0000000000000000 mem 0x0000000080031f34
core   0: 0x000000008000feda (0x0ff77713) andi    a4, a4, 255
core   0: 3 0x000000008000feda (0x0ff77713) x14 0x0000000000000000
core   0: 0x000000008000fede (0x00e78023) sb      a4, 0(a5)
core   0: 3 0x000000008000fede (0x00e78023) mem 0x0000000080012058 0x00
core   0: 0x000000008000fee2 (0xfc843703) ld      a4, -56(s0)
core   0: 3 0x000000008000fee2 (0xfc843703) x14 0x0000000080012040 mem 0x0000000080031f38
core   0: 0x000000008000fee6 (0xfb843783) ld      a5, -72(s0)
core   0: 3 0x000000008000fee6 (0xfb843783) x15 0x000000000000009c mem 0x0000000080031f28
core   0: 0x000000008000feea (0x000097ba) c.add   a5, a4
core   0: 3 0x000000008000feea (0x97ba) x15 0x00000000800120dc
core   0: 0x000000008000feec (0xfe043703) ld      a4, -32(s0)
core   0: 3 0x000000008000feec (0xfe043703) x14 0x0000000080012059 mem 0x0000000080031f50
core   0: 0x000000008000fef0 (0xfcf76de3) bltu    a4, a5, pc - 38
core   0: 3 0x000000008000fef0 (0xfcf76de3)
core   0: 0x000000008000feca (0xfe043783) ld      a5, -32(s0)
core   0: 3 0x000000008000feca (0xfe043783) x15 0x0000000080012059 mem 0x0000000080031f50
core   0: 0x000000008000fece (0x00178713) addi    a4, a5, 1
core   0: 3 0x000000008000fece (0x00178713) x14 0x000000008001205a
core   0: 0x000000008000fed2 (0xfee43023) sd      a4, -32(s0)
core   0: 3 0x000000008000fed2 (0xfee43023) mem 0x0000000080031f50 0x000000008001205a
core   0: 0x000000008000fed6 (0xfc442703) lw      a4, -60(s0)
core   0: 3 0x000000008000fed6 (0xfc442703) x14 0x0000000000000000 mem 0x0000000080031f34
core   0: 0x000000008000feda (0x0ff77713) andi    a4, a4, 255
core   0: 3 0x000000008000feda (0x0ff77713) x14 0x0000000000000000
core   0: 0x000000008000fede (0x00e78023) sb      a4, 0(a5)
core   0: 3 0x000000008000fede (0x00e78023) mem 0x0000000080012059 0x00
core   0: 0x000000008000fee2 (0xfc843703) ld      a4, -56(s0)
core   0: 3 0x000000008000fee2 (0xfc843703) x14 0x0000000080012040 mem 0x0000000080031f38
core   0: 0x000000008000fee6 (0xfb843783) ld      a5, -72(s0)
core   0: 3 0x000000008000fee6 (0xfb843783) x15 0x000000000000009c mem 0x0000000080031f28
core   0: 0x000000008000feea (0x000097ba) c.add   a5, a4
core   0: 3 0x000000008000feea (0x97ba) x15 0x00000000800120dc
core   0: 0x000000008000feec (0xfe043703) ld      a4, -32(s0)
core   0: 3 0x000000008000feec (0xfe043703) x14 0x000000008001205a mem 0x0000000080031f50
core   0: 0x000000008000fef0 (0xfcf76de3) bltu    a4, a5, pc - 38
core   0: 3 0x000000008000fef0 (0xfcf76de3)
core   0: 0x000000008000feca (0xfe043783) ld      a5, -32(s0)
core   0: 3 0x000000008000feca (0xfe043783) x15 0x000000008001205a mem 0x0000000080031f50
core   0: 0x000000008000fece (0x00178713) addi    a4, a5, 1
core   0: 3 0x000000008000fece (0x00178713) x14 0x000000008001205b
core   0: 0x000000008000fed2 (0xfee43023) sd      a4, -32(s0)
core   0: 3 0x000000008000fed2 (0xfee43023) mem 0x0000000080031f50 0x000000008001205b
core   0: 0x000000008000fed6 (0xfc442703) lw      a4, -60(s0)
core   0: 3 0x000000008000fed6 (0xfc442703) x14 0x0000000000000000 mem 0x0000000080031f34
core   0: 0x000000008000feda (0x0ff77713) andi    a4, a4, 255
core   0: 3 0x000000008000feda (0x0ff77713) x14 0x0000000000000000
core   0: 0x000000008000fede (0x00e78023) sb      a4, 0(a5)
core   0: 3 0x000000008000fede (0x00e78023) mem 0x000000008001205a 0x00
core   0: 0x000000008000fee2 (0xfc843703) ld      a4, -56(s0)
core   0: 3 0x000000008000fee2 (0xfc843703) x14 0x0000000080012040 mem 0x0000000080031f38
core   0: 0x000000008000fee6 (0xfb843783) ld      a5, -72(s0)
core   0: 3 0x000000008000fee6 (0xfb843783) x15 0x000000000000009c mem 0x0000000080031f28
core   0: 0x000000008000feea (0x000097ba) c.add   a5, a4
core   0: 3 0x000000008000feea (0x97ba) x15 0x00000000800120dc
core   0: 0x000000008000feec (0xfe043703) ld      a4, -32(s0)
core   0: 3 0x000000008000feec (0xfe043703) x14 0x000000008001205b mem 0x0000000080031f50
core   0: 0x000000008000fef0 (0xfcf76de3) bltu    a4, a5, pc - 38
core   0: 3 0x000000008000fef0 (0xfcf76de3)
core   0: 0x000000008000feca (0xfe043783) ld      a5, -32(s0)
core   0: 3 0x000000008000feca (0xfe043783) x15 0x000000008001205b mem 0x0000000080031f50
core   0: 0x000000008000fece (0x00178713) addi    a4, a5, 1
core   0: 3 0x000000008000fece (0x00178713) x14 0x000000008001205c
core   0: 0x000000008000fed2 (0xfee43023) sd      a4, -32(s0)
core   0: 3 0x000000008000fed2 (0xfee43023) mem 0x0000000080031f50 0x000000008001205c
core   0: 0x000000008000fed6 (0xfc442703) lw      a4, -60(s0)
core   0: 3 0x000000008000fed6 (0xfc442703) x14 0x0000000000000000 mem 0x0000000080031f34
core   0: 0x000000008000feda (0x0ff77713) andi    a4, a4, 255
core   0: 3 0x000000008000feda (0x0ff77713) x14 0x0000000000000000
core   0: 0x000000008000fede (0x00e78023) sb      a4, 0(a5)
core   0: 3 0x000000008000fede (0x00e78023) mem 0x000000008001205b 0x00
core   0: 0x000000008000fee2 (0xfc843703) ld      a4, -56(s0)
core   0: 3 0x000000008000fee2 (0xfc843703) x14 0x0000000080012040 mem 0x0000000080031f38
core   0: 0x000000008000fee6 (0xfb843783) ld      a5, -72(s0)
core   0: 3 0x000000008000fee6 (0xfb843783) x15 0x000000000000009c mem 0x0000000080031f28
core   0: 0x000000008000feea (0x000097ba) c.add   a5, a4
core   0: 3 0x000000008000feea (0x97ba) x15 0x00000000800120dc
core   0: 0x000000008000feec (0xfe043703) ld      a4, -32(s0)
core   0: 3 0x000000008000feec (0xfe043703) x14 0x000000008001205c mem 0x0000000080031f50
core   0: 0x000000008000fef0 (0xfcf76de3) bltu    a4, a5, pc - 38
core   0: 3 0x000000008000fef0 (0xfcf76de3)
core   0: 0x000000008000feca (0xfe043783) ld      a5, -32(s0)
core   0: 3 0x000000008000feca (0xfe043783) x15 0x000000008001205c mem 0x0000000080031f50
core   0: 0x000000008000fece (0x00178713) addi    a4, a5, 1
core   0: 3 0x000000008000fece (0x00178713) x14 0x000000008001205d
core   0: 0x000000008000fed2 (0xfee43023) sd      a4, -32(s0)
core   0: 3 0x000000008000fed2 (0xfee43023) mem 0x0000000080031f50 0x000000008001205d
core   0: 0x000000008000fed6 (0xfc442703) lw      a4, -60(s0)
core   0: 3 0x000000008000fed6 (0xfc442703) x14 0x0000000000000000 mem 0x0000000080031f34
core   0: 0x000000008000feda (0x0ff77713) andi    a4, a4, 255
core   0: 3 0x000000008000feda (0x0ff77713) x14 0x0000000000000000
core   0: 0x000000008000fede (0x00e78023) sb      a4, 0(a5)
core   0: 3 0x000000008000fede (0x00e78023) mem 0x000000008001205c 0x00
core   0: 0x000000008000fee2 (0xfc843703) ld      a4, -56(s0)
core   0: 3 0x000000008000fee2 (0xfc843703) x14 0x0000000080012040 mem 0x0000000080031f38
core   0: 0x000000008000fee6 (0xfb843783) ld      a5, -72(s0)
core   0: 3 0x000000008000fee6 (0xfb843783) x15 0x000000000000009c mem 0x0000000080031f28
core   0: 0x000000008000feea (0x000097ba) c.add   a5, a4
core   0: 3 0x000000008000feea (0x97ba) x15 0x00000000800120dc
core   0: 0x000000008000feec (0xfe043703) ld      a4, -32(s0)
core   0: 3 0x000000008000feec (0xfe043703) x14 0x000000008001205d mem 0x0000000080031f50
core   0: 0x000000008000fef0 (0xfcf76de3) bltu    a4, a5, pc - 38
core   0: 3 0x000000008000fef0 (0xfcf76de3)
core   0: 0x000000008000feca (0xfe043783) ld      a5, -32(s0)
core   0: 3 0x000000008000feca (0xfe043783) x15 0x000000008001205d mem 0x0000000080031f50
core   0: 0x000000008000fece (0x00178713) addi    a4, a5, 1
core   0: 3 0x000000008000fece (0x00178713) x14 0x000000008001205e
core   0: 0x000000008000fed2 (0xfee43023) sd      a4, -32(s0)
core   0: 3 0x000000008000fed2 (0xfee43023) mem 0x0000000080031f50 0x000000008001205e
core   0: 0x000000008000fed6 (0xfc442703) lw      a4, -60(s0)
core   0: 3 0x000000008000fed6 (0xfc442703) x14 0x0000000000000000 mem 0x0000000080031f34
core   0: 0x000000008000feda (0x0ff77713) andi    a4, a4, 255
core   0: 3 0x000000008000feda (0x0ff77713) x14 0x0000000000000000
core   0: 0x000000008000fede (0x00e78023) sb      a4, 0(a5)
core   0: 3 0x000000008000fede (0x00e78023) mem 0x000000008001205d 0x00
core   0: 0x000000008000fee2 (0xfc843703) ld      a4, -56(s0)
core   0: 3 0x000000008000fee2 (0xfc843703) x14 0x0000000080012040 mem 0x0000000080031f38
core   0: 0x000000008000fee6 (0xfb843783) ld      a5, -72(s0)
core   0: 3 0x000000008000fee6 (0xfb843783) x15 0x000000000000009c mem 0x0000000080031f28
core   0: 0x000000008000feea (0x000097ba) c.add   a5, a4
core   0: 3 0x000000008000feea (0x97ba) x15 0x00000000800120dc
core   0: 0x000000008000feec (0xfe043703) ld      a4, -32(s0)
core   0: 3 0x000000008000feec (0xfe043703) x14 0x000000008001205e mem 0x0000000080031f50
core   0: 0x000000008000fef0 (0xfcf76de3) bltu    a4, a5, pc - 38
core   0: 3 0x000000008000fef0 (0xfcf76de3)
core   0: 0x000000008000feca (0xfe043783) ld      a5, -32(s0)
core   0: 3 0x000000008000feca (0xfe043783) x15 0x000000008001205e mem 0x0000000080031f50
core   0: 0x000000008000fece (0x00178713) addi    a4, a5, 1
core   0: 3 0x000000008000fece (0x00178713) x14 0x000000008001205f
core   0: 0x000000008000fed2 (0xfee43023) sd      a4, -32(s0)
core   0: 3 0x000000008000fed2 (0xfee43023) mem 0x0000000080031f50 0x000000008001205f
core   0: 0x000000008000fed6 (0xfc442703) lw      a4, -60(s0)
core   0: 3 0x000000008000fed6 (0xfc442703) x14 0x0000000000000000 mem 0x0000000080031f34
core   0: 0x000000008000feda (0x0ff77713) andi    a4, a4, 255
core   0: 3 0x000000008000feda (0x0ff77713) x14 0x0000000000000000
core   0: 0x000000008000fede (0x00e78023) sb      a4, 0(a5)
core   0: 3 0x000000008000fede (0x00e78023) mem 0x000000008001205e 0x00
core   0: 0x000000008000fee2 (0xfc843703) ld      a4, -56(s0)
core   0: 3 0x000000008000fee2 (0xfc843703) x14 0x0000000080012040 mem 0x0000000080031f38
core   0: 0x000000008000fee6 (0xfb843783) ld      a5, -72(s0)
core   0: 3 0x000000008000fee6 (0xfb843783) x15 0x000000000000009c mem 0x0000000080031f28
core   0: 0x000000008000feea (0x000097ba) c.add   a5, a4
core   0: 3 0x000000008000feea (0x97ba) x15 0x00000000800120dc
core   0: 0x000000008000feec (0xfe043703) ld      a4, -32(s0)
core   0: 3 0x000000008000feec (0xfe043703) x14 0x000000008001205f mem 0x0000000080031f50
core   0: 0x000000008000fef0 (0xfcf76de3) bltu    a4, a5, pc - 38
core   0: 3 0x000000008000fef0 (0xfcf76de3)
core   0: 0x000000008000feca (0xfe043783) ld      a5, -32(s0)
core   0: 3 0x000000008000feca (0xfe043783) x15 0x000000008001205f mem 0x0000000080031f50
core   0: 0x000000008000fece (0x00178713) addi    a4, a5, 1
core   0: 3 0x000000008000fece (0x00178713) x14 0x0000000080012060
core   0: 0x000000008000fed2 (0xfee43023) sd      a4, -32(s0)
core   0: 3 0x000000008000fed2 (0xfee43023) mem 0x0000000080031f50 0x0000000080012060
core   0: 0x000000008000fed6 (0xfc442703) lw      a4, -60(s0)
core   0: 3 0x000000008000fed6 (0xfc442703) x14 0x0000000000000000 mem 0x0000000080031f34
core   0: 0x000000008000feda (0x0ff77713) andi    a4, a4, 255
core   0: 3 0x000000008000feda (0x0ff77713) x14 0x0000000000000000
core   0: 0x000000008000fede (0x00e78023) sb      a4, 0(a5)
core   0: 3 0x000000008000fede (0x00e78023) mem 0x000000008001205f 0x00
core   0: 0x000000008000fee2 (0xfc843703) ld      a4, -56(s0)
core   0: 3 0x000000008000fee2 (0xfc843703) x14 0x0000000080012040 mem 0x0000000080031f38
core   0: 0x000000008000fee6 (0xfb843783) ld      a5, -72(s0)
core   0: 3 0x000000008000fee6 (0xfb843783) x15 0x000000000000009c mem 0x0000000080031f28
core   0: 0x000000008000feea (0x000097ba) c.add   a5, a4
core   0: 3 0x000000008000feea (0x97ba) x15 0x00000000800120dc
core   0: 0x000000008000feec (0xfe043703) ld      a4, -32(s0)
core   0: 3 0x000000008000feec (0xfe043703) x14 0x0000000080012060 mem 0x0000000080031f50
core   0: 0x000000008000fef0 (0xfcf76de3) bltu    a4, a5, pc - 38
core   0: 3 0x000000008000fef0 (0xfcf76de3)
core   0: 0x000000008000feca (0xfe043783) ld      a5, -32(s0)
core   0: 3 0x000000008000feca (0xfe043783) x15 0x0000000080012060 mem 0x0000000080031f50
core   0: 0x000000008000fece (0x00178713) addi    a4, a5, 1
core   0: 3 0x000000008000fece (0x00178713) x14 0x0000000080012061
core   0: 0x000000008000fed2 (0xfee43023) sd      a4, -32(s0)
core   0: 3 0x000000008000fed2 (0xfee43023) mem 0x0000000080031f50 0x0000000080012061
core   0: 0x000000008000fed6 (0xfc442703) lw      a4, -60(s0)
core   0: 3 0x000000008000fed6 (0xfc442703) x14 0x0000000000000000 mem 0x0000000080031f34
core   0: 0x000000008000feda (0x0ff77713) andi    a4, a4, 255
core   0: 3 0x000000008000feda (0x0ff77713) x14 0x0000000000000000
core   0: 0x000000008000fede (0x00e78023) sb      a4, 0(a5)
core   0: 3 0x000000008000fede (0x00e78023) mem 0x0000000080012060 0x00
core   0: 0x000000008000fee2 (0xfc843703) ld      a4, -56(s0)
core   0: 3 0x000000008000fee2 (0xfc843703) x14 0x0000000080012040 mem 0x0000000080031f38
core   0: 0x000000008000fee6 (0xfb843783) ld      a5, -72(s0)
core   0: 3 0x000000008000fee6 (0xfb843783) x15 0x000000000000009c mem 0x0000000080031f28
core   0: 0x000000008000feea (0x000097ba) c.add   a5, a4
core   0: 3 0x000000008000feea (0x97ba) x15 0x00000000800120dc
core   0: 0x000000008000feec (0xfe043703) ld      a4, -32(s0)
core   0: 3 0x000000008000feec (0xfe043703) x14 0x0000000080012061 mem 0x0000000080031f50
core   0: 0x000000008000fef0 (0xfcf76de3) bltu    a4, a5, pc - 38
core   0: 3 0x000000008000fef0 (0xfcf76de3)
core   0: 0x000000008000feca (0xfe043783) ld      a5, -32(s0)
core   0: 3 0x000000008000feca (0xfe043783) x15 0x0000000080012061 mem 0x0000000080031f50
core   0: 0x000000008000fece (0x00178713) addi    a4, a5, 1
core   0: 3 0x000000008000fece (0x00178713) x14 0x0000000080012062
core   0: 0x000000008000fed2 (0xfee43023) sd      a4, -32(s0)
core   0: 3 0x000000008000fed2 (0xfee43023) mem 0x0000000080031f50 0x0000000080012062
core   0: 0x000000008000fed6 (0xfc442703) lw      a4, -60(s0)
core   0: 3 0x000000008000fed6 (0xfc442703) x14 0x0000000000000000 mem 0x0000000080031f34
core   0: 0x000000008000feda (0x0ff77713) andi    a4, a4, 255
core   0: 3 0x000000008000feda (0x0ff77713) x14 0x0000000000000000
core   0: 0x000000008000fede (0x00e78023) sb      a4, 0(a5)
core   0: 3 0x000000008000fede (0x00e78023) mem 0x0000000080012061 0x00
core   0: 0x000000008000fee2 (0xfc843703) ld      a4, -56(s0)
core   0: 3 0x000000008000fee2 (0xfc843703) x14 0x0000000080012040 mem 0x0000000080031f38
core   0: 0x000000008000fee6 (0xfb843783) ld      a5, -72(s0)
core   0: 3 0x000000008000fee6 (0xfb843783) x15 0x000000000000009c mem 0x0000000080031f28
core   0: 0x000000008000feea (0x000097ba) c.add   a5, a4
core   0: 3 0x000000008000feea (0x97ba) x15 0x00000000800120dc
core   0: 0x000000008000feec (0xfe043703) ld      a4, -32(s0)
core   0: 3 0x000000008000feec (0xfe043703) x14 0x0000000080012062 mem 0x0000000080031f50
core   0: 0x000000008000fef0 (0xfcf76de3) bltu    a4, a5, pc - 38
core   0: 3 0x000000008000fef0 (0xfcf76de3)
core   0: 0x000000008000feca (0xfe043783) ld      a5, -32(s0)
core   0: 3 0x000000008000feca (0xfe043783) x15 0x0000000080012062 mem 0x0000000080031f50
core   0: 0x000000008000fece (0x00178713) addi    a4, a5, 1
core   0: 3 0x000000008000fece (0x00178713) x14 0x0000000080012063
core   0: 0x000000008000fed2 (0xfee43023) sd      a4, -32(s0)
core   0: 3 0x000000008000fed2 (0xfee43023) mem 0x0000000080031f50 0x0000000080012063
core   0: 0x000000008000fed6 (0xfc442703) lw      a4, -60(s0)
core   0: 3 0x000000008000fed6 (0xfc442703) x14 0x0000000000000000 mem 0x0000000080031f34
core   0: 0x000000008000feda (0x0ff77713) andi    a4, a4, 255
core   0: 3 0x000000008000feda (0x0ff77713) x14 0x0000000000000000
core   0: 0x000000008000fede (0x00e78023) sb      a4, 0(a5)
core   0: 3 0x000000008000fede (0x00e78023) mem 0x0000000080012062 0x00
core   0: 0x000000008000fee2 (0xfc843703) ld      a4, -56(s0)
core   0: 3 0x000000008000fee2 (0xfc843703) x14 0x0000000080012040 mem 0x0000000080031f38
core   0: 0x000000008000fee6 (0xfb843783) ld      a5, -72(s0)
core   0: 3 0x000000008000fee6 (0xfb843783) x15 0x000000000000009c mem 0x0000000080031f28
core   0: 0x000000008000feea (0x000097ba) c.add   a5, a4
core   0: 3 0x000000008000feea (0x97ba) x15 0x00000000800120dc
core   0: 0x000000008000feec (0xfe043703) ld      a4, -32(s0)
core   0: 3 0x000000008000feec (0xfe043703) x14 0x0000000080012063 mem 0x0000000080031f50
core   0: 0x000000008000fef0 (0xfcf76de3) bltu    a4, a5, pc - 38
core   0: 3 0x000000008000fef0 (0xfcf76de3)
core   0: 0x000000008000feca (0xfe043783) ld      a5, -32(s0)
core   0: 3 0x000000008000feca (0xfe043783) x15 0x0000000080012063 mem 0x0000000080031f50
core   0: 0x000000008000fece (0x00178713) addi    a4, a5, 1
core   0: 3 0x000000008000fece (0x00178713) x14 0x0000000080012064
core   0: 0x000000008000fed2 (0xfee43023) sd      a4, -32(s0)
core   0: 3 0x000000008000fed2 (0xfee43023) mem 0x0000000080031f50 0x0000000080012064
core   0: 0x000000008000fed6 (0xfc442703) lw      a4, -60(s0)
core   0: 3 0x000000008000fed6 (0xfc442703) x14 0x0000000000000000 mem 0x0000000080031f34
core   0: 0x000000008000feda (0x0ff77713) andi    a4, a4, 255
core   0: 3 0x000000008000feda (0x0ff77713) x14 0x0000000000000000
core   0: 0x000000008000fede (0x00e78023) sb      a4, 0(a5)
core   0: 3 0x000000008000fede (0x00e78023) mem 0x0000000080012063 0x00
core   0: 0x000000008000fee2 (0xfc843703) ld      a4, -56(s0)
core   0: 3 0x000000008000fee2 (0xfc843703) x14 0x0000000080012040 mem 0x0000000080031f38
core   0: 0x000000008000fee6 (0xfb843783) ld      a5, -72(s0)
core   0: 3 0x000000008000fee6 (0xfb843783) x15 0x000000000000009c mem 0x0000000080031f28
core   0: 0x000000008000feea (0x000097ba) c.add   a5, a4
core   0: 3 0x000000008000feea (0x97ba) x15 0x00000000800120dc
core   0: 0x000000008000feec (0xfe043703) ld      a4, -32(s0)
core   0: 3 0x000000008000feec (0xfe043703) x14 0x0000000080012064 mem 0x0000000080031f50
core   0: 0x000000008000fef0 (0xfcf76de3) bltu    a4, a5, pc - 38
core   0: 3 0x000000008000fef0 (0xfcf76de3)
core   0: 0x000000008000feca (0xfe043783) ld      a5, -32(s0)
core   0: 3 0x000000008000feca (0xfe043783) x15 0x0000000080012064 mem 0x0000000080031f50
core   0: 0x000000008000fece (0x00178713) addi    a4, a5, 1
core   0: 3 0x000000008000fece (0x00178713) x14 0x0000000080012065
core   0: 0x000000008000fed2 (0xfee43023) sd      a4, -32(s0)
core   0: 3 0x000000008000fed2 (0xfee43023) mem 0x0000000080031f50 0x0000000080012065
core   0: 0x000000008000fed6 (0xfc442703) lw      a4, -60(s0)
core   0: 3 0x000000008000fed6 (0xfc442703) x14 0x0000000000000000 mem 0x0000000080031f34
core   0: 0x000000008000feda (0x0ff77713) andi    a4, a4, 255
core   0: 3 0x000000008000feda (0x0ff77713) x14 0x0000000000000000
core   0: 0x000000008000fede (0x00e78023) sb      a4, 0(a5)
core   0: 3 0x000000008000fede (0x00e78023) mem 0x0000000080012064 0x00
core   0: 0x000000008000fee2 (0xfc843703) ld      a4, -56(s0)
core   0: 3 0x000000008000fee2 (0xfc843703) x14 0x0000000080012040 mem 0x0000000080031f38
core   0: 0x000000008000fee6 (0xfb843783) ld      a5, -72(s0)
core   0: 3 0x000000008000fee6 (0xfb843783) x15 0x000000000000009c mem 0x0000000080031f28
core   0: 0x000000008000feea (0x000097ba) c.add   a5, a4
core   0: 3 0x000000008000feea (0x97ba) x15 0x00000000800120dc
core   0: 0x000000008000feec (0xfe043703) ld      a4, -32(s0)
core   0: 3 0x000000008000feec (0xfe043703) x14 0x0000000080012065 mem 0x0000000080031f50
core   0: 0x000000008000fef0 (0xfcf76de3) bltu    a4, a5, pc - 38
core   0: 3 0x000000008000fef0 (0xfcf76de3)
core   0: 0x000000008000feca (0xfe043783) ld      a5, -32(s0)
core   0: 3 0x000000008000feca (0xfe043783) x15 0x0000000080012065 mem 0x0000000080031f50
core   0: 0x000000008000fece (0x00178713) addi    a4, a5, 1
core   0: 3 0x000000008000fece (0x00178713) x14 0x0000000080012066
core   0: 0x000000008000fed2 (0xfee43023) sd      a4, -32(s0)
core   0: 3 0x000000008000fed2 (0xfee43023) mem 0x0000000080031f50 0x0000000080012066
core   0: 0x000000008000fed6 (0xfc442703) lw      a4, -60(s0)
core   0: 3 0x000000008000fed6 (0xfc442703) x14 0x0000000000000000 mem 0x0000000080031f34
core   0: 0x000000008000feda (0x0ff77713) andi    a4, a4, 255
core   0: 3 0x000000008000feda (0x0ff77713) x14 0x0000000000000000
core   0: 0x000000008000fede (0x00e78023) sb      a4, 0(a5)
core   0: 3 0x000000008000fede (0x00e78023) mem 0x0000000080012065 0x00
core   0: 0x000000008000fee2 (0xfc843703) ld      a4, -56(s0)
core   0: 3 0x000000008000fee2 (0xfc843703) x14 0x0000000080012040 mem 0x0000000080031f38
core   0: 0x000000008000fee6 (0xfb843783) ld      a5, -72(s0)
core   0: 3 0x000000008000fee6 (0xfb843783) x15 0x000000000000009c mem 0x0000000080031f28
core   0: 0x000000008000feea (0x000097ba) c.add   a5, a4
core   0: 3 0x000000008000feea (0x97ba) x15 0x00000000800120dc
core   0: 0x000000008000feec (0xfe043703) ld      a4, -32(s0)
core   0: 3 0x000000008000feec (0xfe043703) x14 0x0000000080012066 mem 0x0000000080031f50
core   0: 0x000000008000fef0 (0xfcf76de3) bltu    a4, a5, pc - 38
core   0: 3 0x000000008000fef0 (0xfcf76de3)
core   0: 0x000000008000feca (0xfe043783) ld      a5, -32(s0)
core   0: 3 0x000000008000feca (0xfe043783) x15 0x0000000080012066 mem 0x0000000080031f50
core   0: 0x000000008000fece (0x00178713) addi    a4, a5, 1
core   0: 3 0x000000008000fece (0x00178713) x14 0x0000000080012067
core   0: 0x000000008000fed2 (0xfee43023) sd      a4, -32(s0)
core   0: 3 0x000000008000fed2 (0xfee43023) mem 0x0000000080031f50 0x0000000080012067
core   0: 0x000000008000fed6 (0xfc442703) lw      a4, -60(s0)
core   0: 3 0x000000008000fed6 (0xfc442703) x14 0x0000000000000000 mem 0x0000000080031f34
core   0: 0x000000008000feda (0x0ff77713) andi    a4, a4, 255
core   0: 3 0x000000008000feda (0x0ff77713) x14 0x0000000000000000
core   0: 0x000000008000fede (0x00e78023) sb      a4, 0(a5)
core   0: 3 0x000000008000fede (0x00e78023) mem 0x0000000080012066 0x00
core   0: 0x000000008000fee2 (0xfc843703) ld      a4, -56(s0)
core   0: 3 0x000000008000fee2 (0xfc843703) x14 0x0000000080012040 mem 0x0000000080031f38
core   0: 0x000000008000fee6 (0xfb843783) ld      a5, -72(s0)
core   0: 3 0x000000008000fee6 (0xfb843783) x15 0x000000000000009c mem 0x0000000080031f28
core   0: 0x000000008000feea (0x000097ba) c.add   a5, a4
core   0: 3 0x000000008000feea (0x97ba) x15 0x00000000800120dc
core   0: 0x000000008000feec (0xfe043703) ld      a4, -32(s0)
core   0: 3 0x000000008000feec (0xfe043703) x14 0x0000000080012067 mem 0x0000000080031f50
core   0: 0x000000008000fef0 (0xfcf76de3) bltu    a4, a5, pc - 38
core   0: 3 0x000000008000fef0 (0xfcf76de3)
core   0: 0x000000008000feca (0xfe043783) ld      a5, -32(s0)
core   0: 3 0x000000008000feca (0xfe043783) x15 0x0000000080012067 mem 0x0000000080031f50
core   0: 0x000000008000fece (0x00178713) addi    a4, a5, 1
core   0: 3 0x000000008000fece (0x00178713) x14 0x0000000080012068
core   0: 0x000000008000fed2 (0xfee43023) sd      a4, -32(s0)
core   0: 3 0x000000008000fed2 (0xfee43023) mem 0x0000000080031f50 0x0000000080012068
core   0: 0x000000008000fed6 (0xfc442703) lw      a4, -60(s0)
core   0: 3 0x000000008000fed6 (0xfc442703) x14 0x0000000000000000 mem 0x0000000080031f34
core   0: 0x000000008000feda (0x0ff77713) andi    a4, a4, 255
core   0: 3 0x000000008000feda (0x0ff77713) x14 0x0000000000000000
core   0: 0x000000008000fede (0x00e78023) sb      a4, 0(a5)
core   0: 3 0x000000008000fede (0x00e78023) mem 0x0000000080012067 0x00
core   0: 0x000000008000fee2 (0xfc843703) ld      a4, -56(s0)
core   0: 3 0x000000008000fee2 (0xfc843703) x14 0x0000000080012040 mem 0x0000000080031f38
core   0: 0x000000008000fee6 (0xfb843783) ld      a5, -72(s0)
core   0: 3 0x000000008000fee6 (0xfb843783) x15 0x000000000000009c mem 0x0000000080031f28
core   0: 0x000000008000feea (0x000097ba) c.add   a5, a4
core   0: 3 0x000000008000feea (0x97ba) x15 0x00000000800120dc
core   0: 0x000000008000feec (0xfe043703) ld      a4, -32(s0)
core   0: 3 0x000000008000feec (0xfe043703) x14 0x0000000080012068 mem 0x0000000080031f50
core   0: 0x000000008000fef0 (0xfcf76de3) bltu    a4, a5, pc - 38
core   0: 3 0x000000008000fef0 (0xfcf76de3)
core   0: 0x000000008000feca (0xfe043783) ld      a5, -32(s0)
core   0: 3 0x000000008000feca (0xfe043783) x15 0x0000000080012068 mem 0x0000000080031f50
core   0: 0x000000008000fece (0x00178713) addi    a4, a5, 1
core   0: 3 0x000000008000fece (0x00178713) x14 0x0000000080012069
core   0: 0x000000008000fed2 (0xfee43023) sd      a4, -32(s0)
core   0: 3 0x000000008000fed2 (0xfee43023) mem 0x0000000080031f50 0x0000000080012069
core   0: 0x000000008000fed6 (0xfc442703) lw      a4, -60(s0)
core   0: 3 0x000000008000fed6 (0xfc442703) x14 0x0000000000000000 mem 0x0000000080031f34
core   0: 0x000000008000feda (0x0ff77713) andi    a4, a4, 255
core   0: 3 0x000000008000feda (0x0ff77713) x14 0x0000000000000000
core   0: 0x000000008000fede (0x00e78023) sb      a4, 0(a5)
core   0: 3 0x000000008000fede (0x00e78023) mem 0x0000000080012068 0x00
core   0: 0x000000008000fee2 (0xfc843703) ld      a4, -56(s0)
core   0: 3 0x000000008000fee2 (0xfc843703) x14 0x0000000080012040 mem 0x0000000080031f38
core   0: 0x000000008000fee6 (0xfb843783) ld      a5, -72(s0)
core   0: 3 0x000000008000fee6 (0xfb843783) x15 0x000000000000009c mem 0x0000000080031f28
core   0: 0x000000008000feea (0x000097ba) c.add   a5, a4
core   0: 3 0x000000008000feea (0x97ba) x15 0x00000000800120dc
core   0: 0x000000008000feec (0xfe043703) ld      a4, -32(s0)
core   0: 3 0x000000008000feec (0xfe043703) x14 0x0000000080012069 mem 0x0000000080031f50
core   0: 0x000000008000fef0 (0xfcf76de3) bltu    a4, a5, pc - 38
core   0: 3 0x000000008000fef0 (0xfcf76de3)
core   0: 0x000000008000feca (0xfe043783) ld      a5, -32(s0)
core   0: 3 0x000000008000feca (0xfe043783) x15 0x0000000080012069 mem 0x0000000080031f50
core   0: 0x000000008000fece (0x00178713) addi    a4, a5, 1
core   0: 3 0x000000008000fece (0x00178713) x14 0x000000008001206a
core   0: 0x000000008000fed2 (0xfee43023) sd      a4, -32(s0)
core   0: 3 0x000000008000fed2 (0xfee43023) mem 0x0000000080031f50 0x000000008001206a
core   0: 0x000000008000fed6 (0xfc442703) lw      a4, -60(s0)
core   0: 3 0x000000008000fed6 (0xfc442703) x14 0x0000000000000000 mem 0x0000000080031f34
core   0: 0x000000008000feda (0x0ff77713) andi    a4, a4, 255
core   0: 3 0x000000008000feda (0x0ff77713) x14 0x0000000000000000
core   0: 0x000000008000fede (0x00e78023) sb      a4, 0(a5)
core   0: 3 0x000000008000fede (0x00e78023) mem 0x0000000080012069 0x00
core   0: 0x000000008000fee2 (0xfc843703) ld      a4, -56(s0)
core   0: 3 0x000000008000fee2 (0xfc843703) x14 0x0000000080012040 mem 0x0000000080031f38
core   0: 0x000000008000fee6 (0xfb843783) ld      a5, -72(s0)
core   0: 3 0x000000008000fee6 (0xfb843783) x15 0x000000000000009c mem 0x0000000080031f28
core   0: 0x000000008000feea (0x000097ba) c.add   a5, a4
core   0: 3 0x000000008000feea (0x97ba) x15 0x00000000800120dc
core   0: 0x000000008000feec (0xfe043703) ld      a4, -32(s0)
core   0: 3 0x000000008000feec (0xfe043703) x14 0x000000008001206a mem 0x0000000080031f50
core   0: 0x000000008000fef0 (0xfcf76de3) bltu    a4, a5, pc - 38
core   0: 3 0x000000008000fef0 (0xfcf76de3)
core   0: 0x000000008000feca (0xfe043783) ld      a5, -32(s0)
core   0: 3 0x000000008000feca (0xfe043783) x15 0x000000008001206a mem 0x0000000080031f50
core   0: 0x000000008000fece (0x00178713) addi    a4, a5, 1
core   0: 3 0x000000008000fece (0x00178713) x14 0x000000008001206b
core   0: 0x000000008000fed2 (0xfee43023) sd      a4, -32(s0)
core   0: 3 0x000000008000fed2 (0xfee43023) mem 0x0000000080031f50 0x000000008001206b
core   0: 0x000000008000fed6 (0xfc442703) lw      a4, -60(s0)
core   0: 3 0x000000008000fed6 (0xfc442703) x14 0x0000000000000000 mem 0x0000000080031f34
core   0: 0x000000008000feda (0x0ff77713) andi    a4, a4, 255
core   0: 3 0x000000008000feda (0x0ff77713) x14 0x0000000000000000
core   0: 0x000000008000fede (0x00e78023) sb      a4, 0(a5)
core   0: 3 0x000000008000fede (0x00e78023) mem 0x000000008001206a 0x00
core   0: 0x000000008000fee2 (0xfc843703) ld      a4, -56(s0)
core   0: 3 0x000000008000fee2 (0xfc843703) x14 0x0000000080012040 mem 0x0000000080031f38
core   0: 0x000000008000fee6 (0xfb843783) ld      a5, -72(s0)
core   0: 3 0x000000008000fee6 (0xfb843783) x15 0x000000000000009c mem 0x0000000080031f28
core   0: 0x000000008000feea (0x000097ba) c.add   a5, a4
core   0: 3 0x000000008000feea (0x97ba) x15 0x00000000800120dc
core   0: 0x000000008000feec (0xfe043703) ld      a4, -32(s0)
core   0: 3 0x000000008000feec (0xfe043703) x14 0x000000008001206b mem 0x0000000080031f50
core   0: 0x000000008000fef0 (0xfcf76de3) bltu    a4, a5, pc - 38
core   0: 3 0x000000008000fef0 (0xfcf76de3)
core   0: 0x000000008000feca (0xfe043783) ld      a5, -32(s0)
core   0: 3 0x000000008000feca (0xfe043783) x15 0x000000008001206b mem 0x0000000080031f50
core   0: 0x000000008000fece (0x00178713) addi    a4, a5, 1
core   0: 3 0x000000008000fece (0x00178713) x14 0x000000008001206c
core   0: 0x000000008000fed2 (0xfee43023) sd      a4, -32(s0)
core   0: 3 0x000000008000fed2 (0xfee43023) mem 0x0000000080031f50 0x000000008001206c
core   0: 0x000000008000fed6 (0xfc442703) lw      a4, -60(s0)
core   0: 3 0x000000008000fed6 (0xfc442703) x14 0x0000000000000000 mem 0x0000000080031f34
core   0: 0x000000008000feda (0x0ff77713) andi    a4, a4, 255
core   0: 3 0x000000008000feda (0x0ff77713) x14 0x0000000000000000
core   0: 0x000000008000fede (0x00e78023) sb      a4, 0(a5)
core   0: 3 0x000000008000fede (0x00e78023) mem 0x000000008001206b 0x00
core   0: 0x000000008000fee2 (0xfc843703) ld      a4, -56(s0)
core   0: 3 0x000000008000fee2 (0xfc843703) x14 0x0000000080012040 mem 0x0000000080031f38
core   0: 0x000000008000fee6 (0xfb843783) ld      a5, -72(s0)
core   0: 3 0x000000008000fee6 (0xfb843783) x15 0x000000000000009c mem 0x0000000080031f28
core   0: 0x000000008000feea (0x000097ba) c.add   a5, a4
core   0: 3 0x000000008000feea (0x97ba) x15 0x00000000800120dc
core   0: 0x000000008000feec (0xfe043703) ld      a4, -32(s0)
core   0: 3 0x000000008000feec (0xfe043703) x14 0x000000008001206c mem 0x0000000080031f50
core   0: 0x000000008000fef0 (0xfcf76de3) bltu    a4, a5, pc - 38
core   0: 3 0x000000008000fef0 (0xfcf76de3)
core   0: 0x000000008000feca (0xfe043783) ld      a5, -32(s0)
core   0: 3 0x000000008000feca (0xfe043783) x15 0x000000008001206c mem 0x0000000080031f50
core   0: 0x000000008000fece (0x00178713) addi    a4, a5, 1
core   0: 3 0x000000008000fece (0x00178713) x14 0x000000008001206d
core   0: 0x000000008000fed2 (0xfee43023) sd      a4, -32(s0)
core   0: 3 0x000000008000fed2 (0xfee43023) mem 0x0000000080031f50 0x000000008001206d
core   0: 0x000000008000fed6 (0xfc442703) lw      a4, -60(s0)
core   0: 3 0x000000008000fed6 (0xfc442703) x14 0x0000000000000000 mem 0x0000000080031f34
core   0: 0x000000008000feda (0x0ff77713) andi    a4, a4, 255
core   0: 3 0x000000008000feda (0x0ff77713) x14 0x0000000000000000
core   0: 0x000000008000fede (0x00e78023) sb      a4, 0(a5)
core   0: 3 0x000000008000fede (0x00e78023) mem 0x000000008001206c 0x00
core   0: 0x000000008000fee2 (0xfc843703) ld      a4, -56(s0)
core   0: 3 0x000000008000fee2 (0xfc843703) x14 0x0000000080012040 mem 0x0000000080031f38
core   0: 0x000000008000fee6 (0xfb843783) ld      a5, -72(s0)
core   0: 3 0x000000008000fee6 (0xfb843783) x15 0x000000000000009c mem 0x0000000080031f28
core   0: 0x000000008000feea (0x000097ba) c.add   a5, a4
core   0: 3 0x000000008000feea (0x97ba) x15 0x00000000800120dc
core   0: 0x000000008000feec (0xfe043703) ld      a4, -32(s0)
core   0: 3 0x000000008000feec (0xfe043703) x14 0x000000008001206d mem 0x0000000080031f50
core   0: 0x000000008000fef0 (0xfcf76de3) bltu    a4, a5, pc - 38
core   0: 3 0x000000008000fef0 (0xfcf76de3)
core   0: 0x000000008000feca (0xfe043783) ld      a5, -32(s0)
core   0: 3 0x000000008000feca (0xfe043783) x15 0x000000008001206d mem 0x0000000080031f50
core   0: 0x000000008000fece (0x00178713) addi    a4, a5, 1
core   0: 3 0x000000008000fece (0x00178713) x14 0x000000008001206e
core   0: 0x000000008000fed2 (0xfee43023) sd      a4, -32(s0)
core   0: 3 0x000000008000fed2 (0xfee43023) mem 0x0000000080031f50 0x000000008001206e
core   0: 0x000000008000fed6 (0xfc442703) lw      a4, -60(s0)
core   0: 3 0x000000008000fed6 (0xfc442703) x14 0x0000000000000000 mem 0x0000000080031f34
core   0: 0x000000008000feda (0x0ff77713) andi    a4, a4, 255
core   0: 3 0x000000008000feda (0x0ff77713) x14 0x0000000000000000
core   0: 0x000000008000fede (0x00e78023) sb      a4, 0(a5)
core   0: 3 0x000000008000fede (0x00e78023) mem 0x000000008001206d 0x00
core   0: 0x000000008000fee2 (0xfc843703) ld      a4, -56(s0)
core   0: 3 0x000000008000fee2 (0xfc843703) x14 0x0000000080012040 mem 0x0000000080031f38
core   0: 0x000000008000fee6 (0xfb843783) ld      a5, -72(s0)
core   0: 3 0x000000008000fee6 (0xfb843783) x15 0x000000000000009c mem 0x0000000080031f28
core   0: 0x000000008000feea (0x000097ba) c.add   a5, a4
core   0: 3 0x000000008000feea (0x97ba) x15 0x00000000800120dc
core   0: 0x000000008000feec (0xfe043703) ld      a4, -32(s0)
core   0: 3 0x000000008000feec (0xfe043703) x14 0x000000008001206e mem 0x0000000080031f50
core   0: 0x000000008000fef0 (0xfcf76de3) bltu    a4, a5, pc - 38
core   0: 3 0x000000008000fef0 (0xfcf76de3)
core   0: 0x000000008000feca (0xfe043783) ld      a5, -32(s0)
core   0: 3 0x000000008000feca (0xfe043783) x15 0x000000008001206e mem 0x0000000080031f50
core   0: 0x000000008000fece (0x00178713) addi    a4, a5, 1
core   0: 3 0x000000008000fece (0x00178713) x14 0x000000008001206f
core   0: 0x000000008000fed2 (0xfee43023) sd      a4, -32(s0)
core   0: 3 0x000000008000fed2 (0xfee43023) mem 0x0000000080031f50 0x000000008001206f
core   0: 0x000000008000fed6 (0xfc442703) lw      a4, -60(s0)
core   0: 3 0x000000008000fed6 (0xfc442703) x14 0x0000000000000000 mem 0x0000000080031f34
core   0: 0x000000008000feda (0x0ff77713) andi    a4, a4, 255
core   0: 3 0x000000008000feda (0x0ff77713) x14 0x0000000000000000
core   0: 0x000000008000fede (0x00e78023) sb      a4, 0(a5)
core   0: 3 0x000000008000fede (0x00e78023) mem 0x000000008001206e 0x00
core   0: 0x000000008000fee2 (0xfc843703) ld      a4, -56(s0)
core   0: 3 0x000000008000fee2 (0xfc843703) x14 0x0000000080012040 mem 0x0000000080031f38
core   0: 0x000000008000fee6 (0xfb843783) ld      a5, -72(s0)
core   0: 3 0x000000008000fee6 (0xfb843783) x15 0x000000000000009c mem 0x0000000080031f28
core   0: 0x000000008000feea (0x000097ba) c.add   a5, a4
core   0: 3 0x000000008000feea (0x97ba) x15 0x00000000800120dc
core   0: 0x000000008000feec (0xfe043703) ld      a4, -32(s0)
core   0: 3 0x000000008000feec (0xfe043703) x14 0x000000008001206f mem 0x0000000080031f50
core   0: 0x000000008000fef0 (0xfcf76de3) bltu    a4, a5, pc - 38
core   0: 3 0x000000008000fef0 (0xfcf76de3)
core   0: 0x000000008000feca (0xfe043783) ld      a5, -32(s0)
core   0: 3 0x000000008000feca (0xfe043783) x15 0x000000008001206f mem 0x0000000080031f50
core   0: 0x000000008000fece (0x00178713) addi    a4, a5, 1
core   0: 3 0x000000008000fece (0x00178713) x14 0x0000000080012070
core   0: 0x000000008000fed2 (0xfee43023) sd      a4, -32(s0)
core   0: 3 0x000000008000fed2 (0xfee43023) mem 0x0000000080031f50 0x0000000080012070
core   0: 0x000000008000fed6 (0xfc442703) lw      a4, -60(s0)
core   0: 3 0x000000008000fed6 (0xfc442703) x14 0x0000000000000000 mem 0x0000000080031f34
core   0: 0x000000008000feda (0x0ff77713) andi    a4, a4, 255
core   0: 3 0x000000008000feda (0x0ff77713) x14 0x0000000000000000
core   0: 0x000000008000fede (0x00e78023) sb      a4, 0(a5)
core   0: 3 0x000000008000fede (0x00e78023) mem 0x000000008001206f 0x00
core   0: 0x000000008000fee2 (0xfc843703) ld      a4, -56(s0)
core   0: 3 0x000000008000fee2 (0xfc843703) x14 0x0000000080012040 mem 0x0000000080031f38
core   0: 0x000000008000fee6 (0xfb843783) ld      a5, -72(s0)
core   0: 3 0x000000008000fee6 (0xfb843783) x15 0x000000000000009c mem 0x0000000080031f28
core   0: 0x000000008000feea (0x000097ba) c.add   a5, a4
core   0: 3 0x000000008000feea (0x97ba) x15 0x00000000800120dc
core   0: 0x000000008000feec (0xfe043703) ld      a4, -32(s0)
core   0: 3 0x000000008000feec (0xfe043703) x14 0x0000000080012070 mem 0x0000000080031f50
core   0: 0x000000008000fef0 (0xfcf76de3) bltu    a4, a5, pc - 38
core   0: 3 0x000000008000fef0 (0xfcf76de3)
core   0: 0x000000008000feca (0xfe043783) ld      a5, -32(s0)
core   0: 3 0x000000008000feca (0xfe043783) x15 0x0000000080012070 mem 0x0000000080031f50
core   0: 0x000000008000fece (0x00178713) addi    a4, a5, 1
core   0: 3 0x000000008000fece (0x00178713) x14 0x0000000080012071
core   0: 0x000000008000fed2 (0xfee43023) sd      a4, -32(s0)
core   0: 3 0x000000008000fed2 (0xfee43023) mem 0x0000000080031f50 0x0000000080012071
core   0: 0x000000008000fed6 (0xfc442703) lw      a4, -60(s0)
core   0: 3 0x000000008000fed6 (0xfc442703) x14 0x0000000000000000 mem 0x0000000080031f34
core   0: 0x000000008000feda (0x0ff77713) andi    a4, a4, 255
core   0: 3 0x000000008000feda (0x0ff77713) x14 0x0000000000000000
core   0: 0x000000008000fede (0x00e78023) sb      a4, 0(a5)
core   0: 3 0x000000008000fede (0x00e78023) mem 0x0000000080012070 0x00
core   0: 0x000000008000fee2 (0xfc843703) ld      a4, -56(s0)
core   0: 3 0x000000008000fee2 (0xfc843703) x14 0x0000000080012040 mem 0x0000000080031f38
core   0: 0x000000008000fee6 (0xfb843783) ld      a5, -72(s0)
core   0: 3 0x000000008000fee6 (0xfb843783) x15 0x000000000000009c mem 0x0000000080031f28
core   0: 0x000000008000feea (0x000097ba) c.add   a5, a4
core   0: 3 0x000000008000feea (0x97ba) x15 0x00000000800120dc
core   0: 0x000000008000feec (0xfe043703) ld      a4, -32(s0)
core   0: 3 0x000000008000feec (0xfe043703) x14 0x0000000080012071 mem 0x0000000080031f50
core   0: 0x000000008000fef0 (0xfcf76de3) bltu    a4, a5, pc - 38
core   0: 3 0x000000008000fef0 (0xfcf76de3)
core   0: 0x000000008000feca (0xfe043783) ld      a5, -32(s0)
core   0: 3 0x000000008000feca (0xfe043783) x15 0x0000000080012071 mem 0x0000000080031f50
core   0: 0x000000008000fece (0x00178713) addi    a4, a5, 1
core   0: 3 0x000000008000fece (0x00178713) x14 0x0000000080012072
core   0: 0x000000008000fed2 (0xfee43023) sd      a4, -32(s0)
core   0: 3 0x000000008000fed2 (0xfee43023) mem 0x0000000080031f50 0x0000000080012072
core   0: 0x000000008000fed6 (0xfc442703) lw      a4, -60(s0)
core   0: 3 0x000000008000fed6 (0xfc442703) x14 0x0000000000000000 mem 0x0000000080031f34
core   0: 0x000000008000feda (0x0ff77713) andi    a4, a4, 255
core   0: 3 0x000000008000feda (0x0ff77713) x14 0x0000000000000000
core   0: 0x000000008000fede (0x00e78023) sb      a4, 0(a5)
core   0: 3 0x000000008000fede (0x00e78023) mem 0x0000000080012071 0x00
core   0: 0x000000008000fee2 (0xfc843703) ld      a4, -56(s0)
core   0: 3 0x000000008000fee2 (0xfc843703) x14 0x0000000080012040 mem 0x0000000080031f38
core   0: 0x000000008000fee6 (0xfb843783) ld      a5, -72(s0)
core   0: 3 0x000000008000fee6 (0xfb843783) x15 0x000000000000009c mem 0x0000000080031f28
core   0: 0x000000008000feea (0x000097ba) c.add   a5, a4
core   0: 3 0x000000008000feea (0x97ba) x15 0x00000000800120dc
core   0: 0x000000008000feec (0xfe043703) ld      a4, -32(s0)
core   0: 3 0x000000008000feec (0xfe043703) x14 0x0000000080012072 mem 0x0000000080031f50
core   0: 0x000000008000fef0 (0xfcf76de3) bltu    a4, a5, pc - 38
core   0: 3 0x000000008000fef0 (0xfcf76de3)
core   0: 0x000000008000feca (0xfe043783) ld      a5, -32(s0)
core   0: 3 0x000000008000feca (0xfe043783) x15 0x0000000080012072 mem 0x0000000080031f50
core   0: 0x000000008000fece (0x00178713) addi    a4, a5, 1
core   0: 3 0x000000008000fece (0x00178713) x14 0x0000000080012073
core   0: 0x000000008000fed2 (0xfee43023) sd      a4, -32(s0)
core   0: 3 0x000000008000fed2 (0xfee43023) mem 0x0000000080031f50 0x0000000080012073
core   0: 0x000000008000fed6 (0xfc442703) lw      a4, -60(s0)
core   0: 3 0x000000008000fed6 (0xfc442703) x14 0x0000000000000000 mem 0x0000000080031f34
core   0: 0x000000008000feda (0x0ff77713) andi    a4, a4, 255
core   0: 3 0x000000008000feda (0x0ff77713) x14 0x0000000000000000
core   0: 0x000000008000fede (0x00e78023) sb      a4, 0(a5)
core   0: 3 0x000000008000fede (0x00e78023) mem 0x0000000080012072 0x00
core   0: 0x000000008000fee2 (0xfc843703) ld      a4, -56(s0)
core   0: 3 0x000000008000fee2 (0xfc843703) x14 0x0000000080012040 mem 0x0000000080031f38
core   0: 0x000000008000fee6 (0xfb843783) ld      a5, -72(s0)
core   0: 3 0x000000008000fee6 (0xfb843783) x15 0x000000000000009c mem 0x0000000080031f28
core   0: 0x000000008000feea (0x000097ba) c.add   a5, a4
core   0: 3 0x000000008000feea (0x97ba) x15 0x00000000800120dc
core   0: 0x000000008000feec (0xfe043703) ld      a4, -32(s0)
core   0: 3 0x000000008000feec (0xfe043703) x14 0x0000000080012073 mem 0x0000000080031f50
core   0: 0x000000008000fef0 (0xfcf76de3) bltu    a4, a5, pc - 38
core   0: 3 0x000000008000fef0 (0xfcf76de3)
core   0: 0x000000008000feca (0xfe043783) ld      a5, -32(s0)
core   0: 3 0x000000008000feca (0xfe043783) x15 0x0000000080012073 mem 0x0000000080031f50
core   0: 0x000000008000fece (0x00178713) addi    a4, a5, 1
core   0: 3 0x000000008000fece (0x00178713) x14 0x0000000080012074
core   0: 0x000000008000fed2 (0xfee43023) sd      a4, -32(s0)
core   0: 3 0x000000008000fed2 (0xfee43023) mem 0x0000000080031f50 0x0000000080012074
core   0: 0x000000008000fed6 (0xfc442703) lw      a4, -60(s0)
core   0: 3 0x000000008000fed6 (0xfc442703) x14 0x0000000000000000 mem 0x0000000080031f34
core   0: 0x000000008000feda (0x0ff77713) andi    a4, a4, 255
core   0: 3 0x000000008000feda (0x0ff77713) x14 0x0000000000000000
core   0: 0x000000008000fede (0x00e78023) sb      a4, 0(a5)
core   0: 3 0x000000008000fede (0x00e78023) mem 0x0000000080012073 0x00
core   0: 0x000000008000fee2 (0xfc843703) ld      a4, -56(s0)
core   0: 3 0x000000008000fee2 (0xfc843703) x14 0x0000000080012040 mem 0x0000000080031f38
core   0: 0x000000008000fee6 (0xfb843783) ld      a5, -72(s0)
core   0: 3 0x000000008000fee6 (0xfb843783) x15 0x000000000000009c mem 0x0000000080031f28
core   0: 0x000000008000feea (0x000097ba) c.add   a5, a4
core   0: 3 0x000000008000feea (0x97ba) x15 0x00000000800120dc
core   0: 0x000000008000feec (0xfe043703) ld      a4, -32(s0)
core   0: 3 0x000000008000feec (0xfe043703) x14 0x0000000080012074 mem 0x0000000080031f50
core   0: 0x000000008000fef0 (0xfcf76de3) bltu    a4, a5, pc - 38
core   0: 3 0x000000008000fef0 (0xfcf76de3)
core   0: 0x000000008000feca (0xfe043783) ld      a5, -32(s0)
core   0: 3 0x000000008000feca (0xfe043783) x15 0x0000000080012074 mem 0x0000000080031f50
core   0: 0x000000008000fece (0x00178713) addi    a4, a5, 1
core   0: 3 0x000000008000fece (0x00178713) x14 0x0000000080012075
core   0: 0x000000008000fed2 (0xfee43023) sd      a4, -32(s0)
core   0: 3 0x000000008000fed2 (0xfee43023) mem 0x0000000080031f50 0x0000000080012075
core   0: 0x000000008000fed6 (0xfc442703) lw      a4, -60(s0)
core   0: 3 0x000000008000fed6 (0xfc442703) x14 0x0000000000000000 mem 0x0000000080031f34
core   0: 0x000000008000feda (0x0ff77713) andi    a4, a4, 255
core   0: 3 0x000000008000feda (0x0ff77713) x14 0x0000000000000000
core   0: 0x000000008000fede (0x00e78023) sb      a4, 0(a5)
core   0: 3 0x000000008000fede (0x00e78023) mem 0x0000000080012074 0x00
core   0: 0x000000008000fee2 (0xfc843703) ld      a4, -56(s0)
core   0: 3 0x000000008000fee2 (0xfc843703) x14 0x0000000080012040 mem 0x0000000080031f38
core   0: 0x000000008000fee6 (0xfb843783) ld      a5, -72(s0)
core   0: 3 0x000000008000fee6 (0xfb843783) x15 0x000000000000009c mem 0x0000000080031f28
core   0: 0x000000008000feea (0x000097ba) c.add   a5, a4
core   0: 3 0x000000008000feea (0x97ba) x15 0x00000000800120dc
core   0: 0x000000008000feec (0xfe043703) ld      a4, -32(s0)
core   0: 3 0x000000008000feec (0xfe043703) x14 0x0000000080012075 mem 0x0000000080031f50
core   0: 0x000000008000fef0 (0xfcf76de3) bltu    a4, a5, pc - 38
core   0: 3 0x000000008000fef0 (0xfcf76de3)
core   0: 0x000000008000feca (0xfe043783) ld      a5, -32(s0)
core   0: 3 0x000000008000feca (0xfe043783) x15 0x0000000080012075 mem 0x0000000080031f50
core   0: 0x000000008000fece (0x00178713) addi    a4, a5, 1
core   0: 3 0x000000008000fece (0x00178713) x14 0x0000000080012076
core   0: 0x000000008000fed2 (0xfee43023) sd      a4, -32(s0)
core   0: 3 0x000000008000fed2 (0xfee43023) mem 0x0000000080031f50 0x0000000080012076
core   0: 0x000000008000fed6 (0xfc442703) lw      a4, -60(s0)
core   0: 3 0x000000008000fed6 (0xfc442703) x14 0x0000000000000000 mem 0x0000000080031f34
core   0: 0x000000008000feda (0x0ff77713) andi    a4, a4, 255
core   0: 3 0x000000008000feda (0x0ff77713) x14 0x0000000000000000
core   0: 0x000000008000fede (0x00e78023) sb      a4, 0(a5)
core   0: 3 0x000000008000fede (0x00e78023) mem 0x0000000080012075 0x00
core   0: 0x000000008000fee2 (0xfc843703) ld      a4, -56(s0)
core   0: 3 0x000000008000fee2 (0xfc843703) x14 0x0000000080012040 mem 0x0000000080031f38
core   0: 0x000000008000fee6 (0xfb843783) ld      a5, -72(s0)
core   0: 3 0x000000008000fee6 (0xfb843783) x15 0x000000000000009c mem 0x0000000080031f28
core   0: 0x000000008000feea (0x000097ba) c.add   a5, a4
core   0: 3 0x000000008000feea (0x97ba) x15 0x00000000800120dc
core   0: 0x000000008000feec (0xfe043703) ld      a4, -32(s0)
core   0: 3 0x000000008000feec (0xfe043703) x14 0x0000000080012076 mem 0x0000000080031f50
core   0: 0x000000008000fef0 (0xfcf76de3) bltu    a4, a5, pc - 38
core   0: 3 0x000000008000fef0 (0xfcf76de3)
core   0: 0x000000008000feca (0xfe043783) ld      a5, -32(s0)
core   0: 3 0x000000008000feca (0xfe043783) x15 0x0000000080012076 mem 0x0000000080031f50
core   0: 0x000000008000fece (0x00178713) addi    a4, a5, 1
core   0: 3 0x000000008000fece (0x00178713) x14 0x0000000080012077
core   0: 0x000000008000fed2 (0xfee43023) sd      a4, -32(s0)
core   0: 3 0x000000008000fed2 (0xfee43023) mem 0x0000000080031f50 0x0000000080012077
core   0: 0x000000008000fed6 (0xfc442703) lw      a4, -60(s0)
core   0: 3 0x000000008000fed6 (0xfc442703) x14 0x0000000000000000 mem 0x0000000080031f34
core   0: 0x000000008000feda (0x0ff77713) andi    a4, a4, 255
core   0: 3 0x000000008000feda (0x0ff77713) x14 0x0000000000000000
core   0: 0x000000008000fede (0x00e78023) sb      a4, 0(a5)
core   0: 3 0x000000008000fede (0x00e78023) mem 0x0000000080012076 0x00
core   0: 0x000000008000fee2 (0xfc843703) ld      a4, -56(s0)
core   0: 3 0x000000008000fee2 (0xfc843703) x14 0x0000000080012040 mem 0x0000000080031f38
core   0: 0x000000008000fee6 (0xfb843783) ld      a5, -72(s0)
core   0: 3 0x000000008000fee6 (0xfb843783) x15 0x000000000000009c mem 0x0000000080031f28
core   0: 0x000000008000feea (0x000097ba) c.add   a5, a4
core   0: 3 0x000000008000feea (0x97ba) x15 0x00000000800120dc
core   0: 0x000000008000feec (0xfe043703) ld      a4, -32(s0)
core   0: 3 0x000000008000feec (0xfe043703) x14 0x0000000080012077 mem 0x0000000080031f50
core   0: 0x000000008000fef0 (0xfcf76de3) bltu    a4, a5, pc - 38
core   0: 3 0x000000008000fef0 (0xfcf76de3)
core   0: 0x000000008000feca (0xfe043783) ld      a5, -32(s0)
core   0: 3 0x000000008000feca (0xfe043783) x15 0x0000000080012077 mem 0x0000000080031f50
core   0: 0x000000008000fece (0x00178713) addi    a4, a5, 1
core   0: 3 0x000000008000fece (0x00178713) x14 0x0000000080012078
core   0: 0x000000008000fed2 (0xfee43023) sd      a4, -32(s0)
core   0: 3 0x000000008000fed2 (0xfee43023) mem 0x0000000080031f50 0x0000000080012078
core   0: 0x000000008000fed6 (0xfc442703) lw      a4, -60(s0)
core   0: 3 0x000000008000fed6 (0xfc442703) x14 0x0000000000000000 mem 0x0000000080031f34
core   0: 0x000000008000feda (0x0ff77713) andi    a4, a4, 255
core   0: 3 0x000000008000feda (0x0ff77713) x14 0x0000000000000000
core   0: 0x000000008000fede (0x00e78023) sb      a4, 0(a5)
core   0: 3 0x000000008000fede (0x00e78023) mem 0x0000000080012077 0x00
core   0: 0x000000008000fee2 (0xfc843703) ld      a4, -56(s0)
core   0: 3 0x000000008000fee2 (0xfc843703) x14 0x0000000080012040 mem 0x0000000080031f38
core   0: 0x000000008000fee6 (0xfb843783) ld      a5, -72(s0)
core   0: 3 0x000000008000fee6 (0xfb843783) x15 0x000000000000009c mem 0x0000000080031f28
core   0: 0x000000008000feea (0x000097ba) c.add   a5, a4
core   0: 3 0x000000008000feea (0x97ba) x15 0x00000000800120dc
core   0: 0x000000008000feec (0xfe043703) ld      a4, -32(s0)
core   0: 3 0x000000008000feec (0xfe043703) x14 0x0000000080012078 mem 0x0000000080031f50
core   0: 0x000000008000fef0 (0xfcf76de3) bltu    a4, a5, pc - 38
core   0: 3 0x000000008000fef0 (0xfcf76de3)
core   0: 0x000000008000feca (0xfe043783) ld      a5, -32(s0)
core   0: 3 0x000000008000feca (0xfe043783) x15 0x0000000080012078 mem 0x0000000080031f50
core   0: 0x000000008000fece (0x00178713) addi    a4, a5, 1
core   0: 3 0x000000008000fece (0x00178713) x14 0x0000000080012079
core   0: 0x000000008000fed2 (0xfee43023) sd      a4, -32(s0)
core   0: 3 0x000000008000fed2 (0xfee43023) mem 0x0000000080031f50 0x0000000080012079
core   0: 0x000000008000fed6 (0xfc442703) lw      a4, -60(s0)
core   0: 3 0x000000008000fed6 (0xfc442703) x14 0x0000000000000000 mem 0x0000000080031f34
core   0: 0x000000008000feda (0x0ff77713) andi    a4, a4, 255
core   0: 3 0x000000008000feda (0x0ff77713) x14 0x0000000000000000
core   0: 0x000000008000fede (0x00e78023) sb      a4, 0(a5)
core   0: 3 0x000000008000fede (0x00e78023) mem 0x0000000080012078 0x00
core   0: 0x000000008000fee2 (0xfc843703) ld      a4, -56(s0)
core   0: 3 0x000000008000fee2 (0xfc843703) x14 0x0000000080012040 mem 0x0000000080031f38
core   0: 0x000000008000fee6 (0xfb843783) ld      a5, -72(s0)
core   0: 3 0x000000008000fee6 (0xfb843783) x15 0x000000000000009c mem 0x0000000080031f28
core   0: 0x000000008000feea (0x000097ba) c.add   a5, a4
core   0: 3 0x000000008000feea (0x97ba) x15 0x00000000800120dc
core   0: 0x000000008000feec (0xfe043703) ld      a4, -32(s0)
core   0: 3 0x000000008000feec (0xfe043703) x14 0x0000000080012079 mem 0x0000000080031f50
core   0: 0x000000008000fef0 (0xfcf76de3) bltu    a4, a5, pc - 38
core   0: 3 0x000000008000fef0 (0xfcf76de3)
core   0: 0x000000008000feca (0xfe043783) ld      a5, -32(s0)
core   0: 3 0x000000008000feca (0xfe043783) x15 0x0000000080012079 mem 0x0000000080031f50
core   0: 0x000000008000fece (0x00178713) addi    a4, a5, 1
core   0: 3 0x000000008000fece (0x00178713) x14 0x000000008001207a
core   0: 0x000000008000fed2 (0xfee43023) sd      a4, -32(s0)
core   0: 3 0x000000008000fed2 (0xfee43023) mem 0x0000000080031f50 0x000000008001207a
core   0: 0x000000008000fed6 (0xfc442703) lw      a4, -60(s0)
core   0: 3 0x000000008000fed6 (0xfc442703) x14 0x0000000000000000 mem 0x0000000080031f34
core   0: 0x000000008000feda (0x0ff77713) andi    a4, a4, 255
core   0: 3 0x000000008000feda (0x0ff77713) x14 0x0000000000000000
core   0: 0x000000008000fede (0x00e78023) sb      a4, 0(a5)
core   0: 3 0x000000008000fede (0x00e78023) mem 0x0000000080012079 0x00
core   0: 0x000000008000fee2 (0xfc843703) ld      a4, -56(s0)
core   0: 3 0x000000008000fee2 (0xfc843703) x14 0x0000000080012040 mem 0x0000000080031f38
core   0: 0x000000008000fee6 (0xfb843783) ld      a5, -72(s0)
core   0: 3 0x000000008000fee6 (0xfb843783) x15 0x000000000000009c mem 0x0000000080031f28
core   0: 0x000000008000feea (0x000097ba) c.add   a5, a4
core   0: 3 0x000000008000feea (0x97ba) x15 0x00000000800120dc
core   0: 0x000000008000feec (0xfe043703) ld      a4, -32(s0)
core   0: 3 0x000000008000feec (0xfe043703) x14 0x000000008001207a mem 0x0000000080031f50
core   0: 0x000000008000fef0 (0xfcf76de3) bltu    a4, a5, pc - 38
core   0: 3 0x000000008000fef0 (0xfcf76de3)
core   0: 0x000000008000feca (0xfe043783) ld      a5, -32(s0)
core   0: 3 0x000000008000feca (0xfe043783) x15 0x000000008001207a mem 0x0000000080031f50
core   0: 0x000000008000fece (0x00178713) addi    a4, a5, 1
core   0: 3 0x000000008000fece (0x00178713) x14 0x000000008001207b
core   0: 0x000000008000fed2 (0xfee43023) sd      a4, -32(s0)
core   0: 3 0x000000008000fed2 (0xfee43023) mem 0x0000000080031f50 0x000000008001207b
core   0: 0x000000008000fed6 (0xfc442703) lw      a4, -60(s0)
core   0: 3 0x000000008000fed6 (0xfc442703) x14 0x0000000000000000 mem 0x0000000080031f34
core   0: 0x000000008000feda (0x0ff77713) andi    a4, a4, 255
core   0: 3 0x000000008000feda (0x0ff77713) x14 0x0000000000000000
core   0: 0x000000008000fede (0x00e78023) sb      a4, 0(a5)
core   0: 3 0x000000008000fede (0x00e78023) mem 0x000000008001207a 0x00
core   0: 0x000000008000fee2 (0xfc843703) ld      a4, -56(s0)
core   0: 3 0x000000008000fee2 (0xfc843703) x14 0x0000000080012040 mem 0x0000000080031f38
core   0: 0x000000008000fee6 (0xfb843783) ld      a5, -72(s0)
core   0: 3 0x000000008000fee6 (0xfb843783) x15 0x000000000000009c mem 0x0000000080031f28
core   0: 0x000000008000feea (0x000097ba) c.add   a5, a4
core   0: 3 0x000000008000feea (0x97ba) x15 0x00000000800120dc
core   0: 0x000000008000feec (0xfe043703) ld      a4, -32(s0)
core   0: 3 0x000000008000feec (0xfe043703) x14 0x000000008001207b mem 0x0000000080031f50
core   0: 0x000000008000fef0 (0xfcf76de3) bltu    a4, a5, pc - 38
core   0: 3 0x000000008000fef0 (0xfcf76de3)
core   0: 0x000000008000feca (0xfe043783) ld      a5, -32(s0)
core   0: 3 0x000000008000feca (0xfe043783) x15 0x000000008001207b mem 0x0000000080031f50
core   0: 0x000000008000fece (0x00178713) addi    a4, a5, 1
core   0: 3 0x000000008000fece (0x00178713) x14 0x000000008001207c
core   0: 0x000000008000fed2 (0xfee43023) sd      a4, -32(s0)
core   0: 3 0x000000008000fed2 (0xfee43023) mem 0x0000000080031f50 0x000000008001207c
core   0: 0x000000008000fed6 (0xfc442703) lw      a4, -60(s0)
core   0: 3 0x000000008000fed6 (0xfc442703) x14 0x0000000000000000 mem 0x0000000080031f34
core   0: 0x000000008000feda (0x0ff77713) andi    a4, a4, 255
core   0: 3 0x000000008000feda (0x0ff77713) x14 0x0000000000000000
core   0: 0x000000008000fede (0x00e78023) sb      a4, 0(a5)
core   0: 3 0x000000008000fede (0x00e78023) mem 0x000000008001207b 0x00
core   0: 0x000000008000fee2 (0xfc843703) ld      a4, -56(s0)
core   0: 3 0x000000008000fee2 (0xfc843703) x14 0x0000000080012040 mem 0x0000000080031f38
core   0: 0x000000008000fee6 (0xfb843783) ld      a5, -72(s0)
core   0: 3 0x000000008000fee6 (0xfb843783) x15 0x000000000000009c mem 0x0000000080031f28
core   0: 0x000000008000feea (0x000097ba) c.add   a5, a4
core   0: 3 0x000000008000feea (0x97ba) x15 0x00000000800120dc
core   0: 0x000000008000feec (0xfe043703) ld      a4, -32(s0)
core   0: 3 0x000000008000feec (0xfe043703) x14 0x000000008001207c mem 0x0000000080031f50
core   0: 0x000000008000fef0 (0xfcf76de3) bltu    a4, a5, pc - 38
core   0: 3 0x000000008000fef0 (0xfcf76de3)
core   0: 0x000000008000feca (0xfe043783) ld      a5, -32(s0)
core   0: 3 0x000000008000feca (0xfe043783) x15 0x000000008001207c mem 0x0000000080031f50
core   0: 0x000000008000fece (0x00178713) addi    a4, a5, 1
core   0: 3 0x000000008000fece (0x00178713) x14 0x000000008001207d
core   0: 0x000000008000fed2 (0xfee43023) sd      a4, -32(s0)
core   0: 3 0x000000008000fed2 (0xfee43023) mem 0x0000000080031f50 0x000000008001207d
core   0: 0x000000008000fed6 (0xfc442703) lw      a4, -60(s0)
core   0: 3 0x000000008000fed6 (0xfc442703) x14 0x0000000000000000 mem 0x0000000080031f34
core   0: 0x000000008000feda (0x0ff77713) andi    a4, a4, 255
core   0: 3 0x000000008000feda (0x0ff77713) x14 0x0000000000000000
core   0: 0x000000008000fede (0x00e78023) sb      a4, 0(a5)
core   0: 3 0x000000008000fede (0x00e78023) mem 0x000000008001207c 0x00
core   0: 0x000000008000fee2 (0xfc843703) ld      a4, -56(s0)
core   0: 3 0x000000008000fee2 (0xfc843703) x14 0x0000000080012040 mem 0x0000000080031f38
core   0: 0x000000008000fee6 (0xfb843783) ld      a5, -72(s0)
core   0: 3 0x000000008000fee6 (0xfb843783) x15 0x000000000000009c mem 0x0000000080031f28
core   0: 0x000000008000feea (0x000097ba) c.add   a5, a4
core   0: 3 0x000000008000feea (0x97ba) x15 0x00000000800120dc
core   0: 0x000000008000feec (0xfe043703) ld      a4, -32(s0)
core   0: 3 0x000000008000feec (0xfe043703) x14 0x000000008001207d mem 0x0000000080031f50
core   0: 0x000000008000fef0 (0xfcf76de3) bltu    a4, a5, pc - 38
core   0: 3 0x000000008000fef0 (0xfcf76de3)
core   0: 0x000000008000feca (0xfe043783) ld      a5, -32(s0)
core   0: 3 0x000000008000feca (0xfe043783) x15 0x000000008001207d mem 0x0000000080031f50
core   0: 0x000000008000fece (0x00178713) addi    a4, a5, 1
core   0: 3 0x000000008000fece (0x00178713) x14 0x000000008001207e
core   0: 0x000000008000fed2 (0xfee43023) sd      a4, -32(s0)
core   0: 3 0x000000008000fed2 (0xfee43023) mem 0x0000000080031f50 0x000000008001207e
core   0: 0x000000008000fed6 (0xfc442703) lw      a4, -60(s0)
core   0: 3 0x000000008000fed6 (0xfc442703) x14 0x0000000000000000 mem 0x0000000080031f34
core   0: 0x000000008000feda (0x0ff77713) andi    a4, a4, 255
core   0: 3 0x000000008000feda (0x0ff77713) x14 0x0000000000000000
core   0: 0x000000008000fede (0x00e78023) sb      a4, 0(a5)
core   0: 3 0x000000008000fede (0x00e78023) mem 0x000000008001207d 0x00
core   0: 0x000000008000fee2 (0xfc843703) ld      a4, -56(s0)
core   0: 3 0x000000008000fee2 (0xfc843703) x14 0x0000000080012040 mem 0x0000000080031f38
core   0: 0x000000008000fee6 (0xfb843783) ld      a5, -72(s0)
core   0: 3 0x000000008000fee6 (0xfb843783) x15 0x000000000000009c mem 0x0000000080031f28
core   0: 0x000000008000feea (0x000097ba) c.add   a5, a4
core   0: 3 0x000000008000feea (0x97ba) x15 0x00000000800120dc
core   0: 0x000000008000feec (0xfe043703) ld      a4, -32(s0)
core   0: 3 0x000000008000feec (0xfe043703) x14 0x000000008001207e mem 0x0000000080031f50
core   0: 0x000000008000fef0 (0xfcf76de3) bltu    a4, a5, pc - 38
core   0: 3 0x000000008000fef0 (0xfcf76de3)
core   0: 0x000000008000feca (0xfe043783) ld      a5, -32(s0)
core   0: 3 0x000000008000feca (0xfe043783) x15 0x000000008001207e mem 0x0000000080031f50
core   0: 0x000000008000fece (0x00178713) addi    a4, a5, 1
core   0: 3 0x000000008000fece (0x00178713) x14 0x000000008001207f
core   0: 0x000000008000fed2 (0xfee43023) sd      a4, -32(s0)
core   0: 3 0x000000008000fed2 (0xfee43023) mem 0x0000000080031f50 0x000000008001207f
core   0: 0x000000008000fed6 (0xfc442703) lw      a4, -60(s0)
core   0: 3 0x000000008000fed6 (0xfc442703) x14 0x0000000000000000 mem 0x0000000080031f34
core   0: 0x000000008000feda (0x0ff77713) andi    a4, a4, 255
core   0: 3 0x000000008000feda (0x0ff77713) x14 0x0000000000000000
core   0: 0x000000008000fede (0x00e78023) sb      a4, 0(a5)
core   0: 3 0x000000008000fede (0x00e78023) mem 0x000000008001207e 0x00
core   0: 0x000000008000fee2 (0xfc843703) ld      a4, -56(s0)
core   0: 3 0x000000008000fee2 (0xfc843703) x14 0x0000000080012040 mem 0x0000000080031f38
core   0: 0x000000008000fee6 (0xfb843783) ld      a5, -72(s0)
core   0: 3 0x000000008000fee6 (0xfb843783) x15 0x000000000000009c mem 0x0000000080031f28
core   0: 0x000000008000feea (0x000097ba) c.add   a5, a4
core   0: 3 0x000000008000feea (0x97ba) x15 0x00000000800120dc
core   0: 0x000000008000feec (0xfe043703) ld      a4, -32(s0)
core   0: 3 0x000000008000feec (0xfe043703) x14 0x000000008001207f mem 0x0000000080031f50
core   0: 0x000000008000fef0 (0xfcf76de3) bltu    a4, a5, pc - 38
core   0: 3 0x000000008000fef0 (0xfcf76de3)
core   0: 0x000000008000feca (0xfe043783) ld      a5, -32(s0)
core   0: 3 0x000000008000feca (0xfe043783) x15 0x000000008001207f mem 0x0000000080031f50
core   0: 0x000000008000fece (0x00178713) addi    a4, a5, 1
core   0: 3 0x000000008000fece (0x00178713) x14 0x0000000080012080
core   0: 0x000000008000fed2 (0xfee43023) sd      a4, -32(s0)
core   0: 3 0x000000008000fed2 (0xfee43023) mem 0x0000000080031f50 0x0000000080012080
core   0: 0x000000008000fed6 (0xfc442703) lw      a4, -60(s0)
core   0: 3 0x000000008000fed6 (0xfc442703) x14 0x0000000000000000 mem 0x0000000080031f34
core   0: 0x000000008000feda (0x0ff77713) andi    a4, a4, 255
core   0: 3 0x000000008000feda (0x0ff77713) x14 0x0000000000000000
core   0: 0x000000008000fede (0x00e78023) sb      a4, 0(a5)
core   0: 3 0x000000008000fede (0x00e78023) mem 0x000000008001207f 0x00
core   0: 0x000000008000fee2 (0xfc843703) ld      a4, -56(s0)
core   0: 3 0x000000008000fee2 (0xfc843703) x14 0x0000000080012040 mem 0x0000000080031f38
core   0: 0x000000008000fee6 (0xfb843783) ld      a5, -72(s0)
core   0: 3 0x000000008000fee6 (0xfb843783) x15 0x000000000000009c mem 0x0000000080031f28
core   0: 0x000000008000feea (0x000097ba) c.add   a5, a4
core   0: 3 0x000000008000feea (0x97ba) x15 0x00000000800120dc
core   0: 0x000000008000feec (0xfe043703) ld      a4, -32(s0)
core   0: 3 0x000000008000feec (0xfe043703) x14 0x0000000080012080 mem 0x0000000080031f50
core   0: 0x000000008000fef0 (0xfcf76de3) bltu    a4, a5, pc - 38
core   0: 3 0x000000008000fef0 (0xfcf76de3)
core   0: 0x000000008000feca (0xfe043783) ld      a5, -32(s0)
core   0: 3 0x000000008000feca (0xfe043783) x15 0x0000000080012080 mem 0x0000000080031f50
core   0: 0x000000008000fece (0x00178713) addi    a4, a5, 1
core   0: 3 0x000000008000fece (0x00178713) x14 0x0000000080012081
core   0: 0x000000008000fed2 (0xfee43023) sd      a4, -32(s0)
core   0: 3 0x000000008000fed2 (0xfee43023) mem 0x0000000080031f50 0x0000000080012081
core   0: 0x000000008000fed6 (0xfc442703) lw      a4, -60(s0)
core   0: 3 0x000000008000fed6 (0xfc442703) x14 0x0000000000000000 mem 0x0000000080031f34
core   0: 0x000000008000feda (0x0ff77713) andi    a4, a4, 255
core   0: 3 0x000000008000feda (0x0ff77713) x14 0x0000000000000000
core   0: 0x000000008000fede (0x00e78023) sb      a4, 0(a5)
core   0: 3 0x000000008000fede (0x00e78023) mem 0x0000000080012080 0x00
core   0: 0x000000008000fee2 (0xfc843703) ld      a4, -56(s0)
core   0: 3 0x000000008000fee2 (0xfc843703) x14 0x0000000080012040 mem 0x0000000080031f38
core   0: 0x000000008000fee6 (0xfb843783) ld      a5, -72(s0)
core   0: 3 0x000000008000fee6 (0xfb843783) x15 0x000000000000009c mem 0x0000000080031f28
core   0: 0x000000008000feea (0x000097ba) c.add   a5, a4
core   0: 3 0x000000008000feea (0x97ba) x15 0x00000000800120dc
core   0: 0x000000008000feec (0xfe043703) ld      a4, -32(s0)
core   0: 3 0x000000008000feec (0xfe043703) x14 0x0000000080012081 mem 0x0000000080031f50
core   0: 0x000000008000fef0 (0xfcf76de3) bltu    a4, a5, pc - 38
core   0: 3 0x000000008000fef0 (0xfcf76de3)
core   0: 0x000000008000feca (0xfe043783) ld      a5, -32(s0)
core   0: 3 0x000000008000feca (0xfe043783) x15 0x0000000080012081 mem 0x0000000080031f50
core   0: 0x000000008000fece (0x00178713) addi    a4, a5, 1
core   0: 3 0x000000008000fece (0x00178713) x14 0x0000000080012082
core   0: 0x000000008000fed2 (0xfee43023) sd      a4, -32(s0)
core   0: 3 0x000000008000fed2 (0xfee43023) mem 0x0000000080031f50 0x0000000080012082
core   0: 0x000000008000fed6 (0xfc442703) lw      a4, -60(s0)
core   0: 3 0x000000008000fed6 (0xfc442703) x14 0x0000000000000000 mem 0x0000000080031f34
core   0: 0x000000008000feda (0x0ff77713) andi    a4, a4, 255
core   0: 3 0x000000008000feda (0x0ff77713) x14 0x0000000000000000
core   0: 0x000000008000fede (0x00e78023) sb      a4, 0(a5)
core   0: 3 0x000000008000fede (0x00e78023) mem 0x0000000080012081 0x00
core   0: 0x000000008000fee2 (0xfc843703) ld      a4, -56(s0)
core   0: 3 0x000000008000fee2 (0xfc843703) x14 0x0000000080012040 mem 0x0000000080031f38
core   0: 0x000000008000fee6 (0xfb843783) ld      a5, -72(s0)
core   0: 3 0x000000008000fee6 (0xfb843783) x15 0x000000000000009c mem 0x0000000080031f28
core   0: 0x000000008000feea (0x000097ba) c.add   a5, a4
core   0: 3 0x000000008000feea (0x97ba) x15 0x00000000800120dc
core   0: 0x000000008000feec (0xfe043703) ld      a4, -32(s0)
core   0: 3 0x000000008000feec (0xfe043703) x14 0x0000000080012082 mem 0x0000000080031f50
core   0: 0x000000008000fef0 (0xfcf76de3) bltu    a4, a5, pc - 38
core   0: 3 0x000000008000fef0 (0xfcf76de3)
core   0: 0x000000008000feca (0xfe043783) ld      a5, -32(s0)
core   0: 3 0x000000008000feca (0xfe043783) x15 0x0000000080012082 mem 0x0000000080031f50
core   0: 0x000000008000fece (0x00178713) addi    a4, a5, 1
core   0: 3 0x000000008000fece (0x00178713) x14 0x0000000080012083
core   0: 0x000000008000fed2 (0xfee43023) sd      a4, -32(s0)
core   0: 3 0x000000008000fed2 (0xfee43023) mem 0x0000000080031f50 0x0000000080012083
core   0: 0x000000008000fed6 (0xfc442703) lw      a4, -60(s0)
core   0: 3 0x000000008000fed6 (0xfc442703) x14 0x0000000000000000 mem 0x0000000080031f34
core   0: 0x000000008000feda (0x0ff77713) andi    a4, a4, 255
core   0: 3 0x000000008000feda (0x0ff77713) x14 0x0000000000000000
core   0: 0x000000008000fede (0x00e78023) sb      a4, 0(a5)
core   0: 3 0x000000008000fede (0x00e78023) mem 0x0000000080012082 0x00
core   0: 0x000000008000fee2 (0xfc843703) ld      a4, -56(s0)
core   0: 3 0x000000008000fee2 (0xfc843703) x14 0x0000000080012040 mem 0x0000000080031f38
core   0: 0x000000008000fee6 (0xfb843783) ld      a5, -72(s0)
core   0: 3 0x000000008000fee6 (0xfb843783) x15 0x000000000000009c mem 0x0000000080031f28
core   0: 0x000000008000feea (0x000097ba) c.add   a5, a4
core   0: 3 0x000000008000feea (0x97ba) x15 0x00000000800120dc
core   0: 0x000000008000feec (0xfe043703) ld      a4, -32(s0)
core   0: 3 0x000000008000feec (0xfe043703) x14 0x0000000080012083 mem 0x0000000080031f50
core   0: 0x000000008000fef0 (0xfcf76de3) bltu    a4, a5, pc - 38
core   0: 3 0x000000008000fef0 (0xfcf76de3)
core   0: 0x000000008000feca (0xfe043783) ld      a5, -32(s0)
core   0: 3 0x000000008000feca (0xfe043783) x15 0x0000000080012083 mem 0x0000000080031f50
core   0: 0x000000008000fece (0x00178713) addi    a4, a5, 1
core   0: 3 0x000000008000fece (0x00178713) x14 0x0000000080012084
core   0: 0x000000008000fed2 (0xfee43023) sd      a4, -32(s0)
core   0: 3 0x000000008000fed2 (0xfee43023) mem 0x0000000080031f50 0x0000000080012084
core   0: 0x000000008000fed6 (0xfc442703) lw      a4, -60(s0)
core   0: 3 0x000000008000fed6 (0xfc442703) x14 0x0000000000000000 mem 0x0000000080031f34
core   0: 0x000000008000feda (0x0ff77713) andi    a4, a4, 255
core   0: 3 0x000000008000feda (0x0ff77713) x14 0x0000000000000000
core   0: 0x000000008000fede (0x00e78023) sb      a4, 0(a5)
core   0: 3 0x000000008000fede (0x00e78023) mem 0x0000000080012083 0x00
core   0: 0x000000008000fee2 (0xfc843703) ld      a4, -56(s0)
core   0: 3 0x000000008000fee2 (0xfc843703) x14 0x0000000080012040 mem 0x0000000080031f38
core   0: 0x000000008000fee6 (0xfb843783) ld      a5, -72(s0)
core   0: 3 0x000000008000fee6 (0xfb843783) x15 0x000000000000009c mem 0x0000000080031f28
core   0: 0x000000008000feea (0x000097ba) c.add   a5, a4
core   0: 3 0x000000008000feea (0x97ba) x15 0x00000000800120dc
core   0: 0x000000008000feec (0xfe043703) ld      a4, -32(s0)
core   0: 3 0x000000008000feec (0xfe043703) x14 0x0000000080012084 mem 0x0000000080031f50
core   0: 0x000000008000fef0 (0xfcf76de3) bltu    a4, a5, pc - 38
core   0: 3 0x000000008000fef0 (0xfcf76de3)
core   0: 0x000000008000feca (0xfe043783) ld      a5, -32(s0)
core   0: 3 0x000000008000feca (0xfe043783) x15 0x0000000080012084 mem 0x0000000080031f50
core   0: 0x000000008000fece (0x00178713) addi    a4, a5, 1
core   0: 3 0x000000008000fece (0x00178713) x14 0x0000000080012085
core   0: 0x000000008000fed2 (0xfee43023) sd      a4, -32(s0)
core   0: 3 0x000000008000fed2 (0xfee43023) mem 0x0000000080031f50 0x0000000080012085
core   0: 0x000000008000fed6 (0xfc442703) lw      a4, -60(s0)
core   0: 3 0x000000008000fed6 (0xfc442703) x14 0x0000000000000000 mem 0x0000000080031f34
core   0: 0x000000008000feda (0x0ff77713) andi    a4, a4, 255
core   0: 3 0x000000008000feda (0x0ff77713) x14 0x0000000000000000
core   0: 0x000000008000fede (0x00e78023) sb      a4, 0(a5)
core   0: 3 0x000000008000fede (0x00e78023) mem 0x0000000080012084 0x00
core   0: 0x000000008000fee2 (0xfc843703) ld      a4, -56(s0)
core   0: 3 0x000000008000fee2 (0xfc843703) x14 0x0000000080012040 mem 0x0000000080031f38
core   0: 0x000000008000fee6 (0xfb843783) ld      a5, -72(s0)
core   0: 3 0x000000008000fee6 (0xfb843783) x15 0x000000000000009c mem 0x0000000080031f28
core   0: 0x000000008000feea (0x000097ba) c.add   a5, a4
core   0: 3 0x000000008000feea (0x97ba) x15 0x00000000800120dc
core   0: 0x000000008000feec (0xfe043703) ld      a4, -32(s0)
core   0: 3 0x000000008000feec (0xfe043703) x14 0x0000000080012085 mem 0x0000000080031f50
core   0: 0x000000008000fef0 (0xfcf76de3) bltu    a4, a5, pc - 38
core   0: 3 0x000000008000fef0 (0xfcf76de3)
core   0: 0x000000008000feca (0xfe043783) ld      a5, -32(s0)
core   0: 3 0x000000008000feca (0xfe043783) x15 0x0000000080012085 mem 0x0000000080031f50
core   0: 0x000000008000fece (0x00178713) addi    a4, a5, 1
core   0: 3 0x000000008000fece (0x00178713) x14 0x0000000080012086
core   0: 0x000000008000fed2 (0xfee43023) sd      a4, -32(s0)
core   0: 3 0x000000008000fed2 (0xfee43023) mem 0x0000000080031f50 0x0000000080012086
core   0: 0x000000008000fed6 (0xfc442703) lw      a4, -60(s0)
core   0: 3 0x000000008000fed6 (0xfc442703) x14 0x0000000000000000 mem 0x0000000080031f34
core   0: 0x000000008000feda (0x0ff77713) andi    a4, a4, 255
core   0: 3 0x000000008000feda (0x0ff77713) x14 0x0000000000000000
core   0: 0x000000008000fede (0x00e78023) sb      a4, 0(a5)
core   0: 3 0x000000008000fede (0x00e78023) mem 0x0000000080012085 0x00
core   0: 0x000000008000fee2 (0xfc843703) ld      a4, -56(s0)
core   0: 3 0x000000008000fee2 (0xfc843703) x14 0x0000000080012040 mem 0x0000000080031f38
core   0: 0x000000008000fee6 (0xfb843783) ld      a5, -72(s0)
core   0: 3 0x000000008000fee6 (0xfb843783) x15 0x000000000000009c mem 0x0000000080031f28
core   0: 0x000000008000feea (0x000097ba) c.add   a5, a4
core   0: 3 0x000000008000feea (0x97ba) x15 0x00000000800120dc
core   0: 0x000000008000feec (0xfe043703) ld      a4, -32(s0)
core   0: 3 0x000000008000feec (0xfe043703) x14 0x0000000080012086 mem 0x0000000080031f50
core   0: 0x000000008000fef0 (0xfcf76de3) bltu    a4, a5, pc - 38
core   0: 3 0x000000008000fef0 (0xfcf76de3)
core   0: 0x000000008000feca (0xfe043783) ld      a5, -32(s0)
core   0: 3 0x000000008000feca (0xfe043783) x15 0x0000000080012086 mem 0x0000000080031f50
core   0: 0x000000008000fece (0x00178713) addi    a4, a5, 1
core   0: 3 0x000000008000fece (0x00178713) x14 0x0000000080012087
core   0: 0x000000008000fed2 (0xfee43023) sd      a4, -32(s0)
core   0: 3 0x000000008000fed2 (0xfee43023) mem 0x0000000080031f50 0x0000000080012087
core   0: 0x000000008000fed6 (0xfc442703) lw      a4, -60(s0)
core   0: 3 0x000000008000fed6 (0xfc442703) x14 0x0000000000000000 mem 0x0000000080031f34
core   0: 0x000000008000feda (0x0ff77713) andi    a4, a4, 255
core   0: 3 0x000000008000feda (0x0ff77713) x14 0x0000000000000000
core   0: 0x000000008000fede (0x00e78023) sb      a4, 0(a5)
core   0: 3 0x000000008000fede (0x00e78023) mem 0x0000000080012086 0x00
core   0: 0x000000008000fee2 (0xfc843703) ld      a4, -56(s0)
core   0: 3 0x000000008000fee2 (0xfc843703) x14 0x0000000080012040 mem 0x0000000080031f38
core   0: 0x000000008000fee6 (0xfb843783) ld      a5, -72(s0)
core   0: 3 0x000000008000fee6 (0xfb843783) x15 0x000000000000009c mem 0x0000000080031f28
core   0: 0x000000008000feea (0x000097ba) c.add   a5, a4
core   0: 3 0x000000008000feea (0x97ba) x15 0x00000000800120dc
core   0: 0x000000008000feec (0xfe043703) ld      a4, -32(s0)
core   0: 3 0x000000008000feec (0xfe043703) x14 0x0000000080012087 mem 0x0000000080031f50
core   0: 0x000000008000fef0 (0xfcf76de3) bltu    a4, a5, pc - 38
core   0: 3 0x000000008000fef0 (0xfcf76de3)
core   0: 0x000000008000feca (0xfe043783) ld      a5, -32(s0)
core   0: 3 0x000000008000feca (0xfe043783) x15 0x0000000080012087 mem 0x0000000080031f50
core   0: 0x000000008000fece (0x00178713) addi    a4, a5, 1
core   0: 3 0x000000008000fece (0x00178713) x14 0x0000000080012088
core   0: 0x000000008000fed2 (0xfee43023) sd      a4, -32(s0)
core   0: 3 0x000000008000fed2 (0xfee43023) mem 0x0000000080031f50 0x0000000080012088
core   0: 0x000000008000fed6 (0xfc442703) lw      a4, -60(s0)
core   0: 3 0x000000008000fed6 (0xfc442703) x14 0x0000000000000000 mem 0x0000000080031f34
core   0: 0x000000008000feda (0x0ff77713) andi    a4, a4, 255
core   0: 3 0x000000008000feda (0x0ff77713) x14 0x0000000000000000
core   0: 0x000000008000fede (0x00e78023) sb      a4, 0(a5)
core   0: 3 0x000000008000fede (0x00e78023) mem 0x0000000080012087 0x00
core   0: 0x000000008000fee2 (0xfc843703) ld      a4, -56(s0)
core   0: 3 0x000000008000fee2 (0xfc843703) x14 0x0000000080012040 mem 0x0000000080031f38
core   0: 0x000000008000fee6 (0xfb843783) ld      a5, -72(s0)
core   0: 3 0x000000008000fee6 (0xfb843783) x15 0x000000000000009c mem 0x0000000080031f28
core   0: 0x000000008000feea (0x000097ba) c.add   a5, a4
core   0: 3 0x000000008000feea (0x97ba) x15 0x00000000800120dc
core   0: 0x000000008000feec (0xfe043703) ld      a4, -32(s0)
core   0: 3 0x000000008000feec (0xfe043703) x14 0x0000000080012088 mem 0x0000000080031f50
core   0: 0x000000008000fef0 (0xfcf76de3) bltu    a4, a5, pc - 38
core   0: 3 0x000000008000fef0 (0xfcf76de3)
core   0: 0x000000008000feca (0xfe043783) ld      a5, -32(s0)
core   0: 3 0x000000008000feca (0xfe043783) x15 0x0000000080012088 mem 0x0000000080031f50
core   0: 0x000000008000fece (0x00178713) addi    a4, a5, 1
core   0: 3 0x000000008000fece (0x00178713) x14 0x0000000080012089
core   0: 0x000000008000fed2 (0xfee43023) sd      a4, -32(s0)
core   0: 3 0x000000008000fed2 (0xfee43023) mem 0x0000000080031f50 0x0000000080012089
core   0: 0x000000008000fed6 (0xfc442703) lw      a4, -60(s0)
core   0: 3 0x000000008000fed6 (0xfc442703) x14 0x0000000000000000 mem 0x0000000080031f34
core   0: 0x000000008000feda (0x0ff77713) andi    a4, a4, 255
core   0: 3 0x000000008000feda (0x0ff77713) x14 0x0000000000000000
core   0: 0x000000008000fede (0x00e78023) sb      a4, 0(a5)
core   0: 3 0x000000008000fede (0x00e78023) mem 0x0000000080012088 0x00
core   0: 0x000000008000fee2 (0xfc843703) ld      a4, -56(s0)
core   0: 3 0x000000008000fee2 (0xfc843703) x14 0x0000000080012040 mem 0x0000000080031f38
core   0: 0x000000008000fee6 (0xfb843783) ld      a5, -72(s0)
core   0: 3 0x000000008000fee6 (0xfb843783) x15 0x000000000000009c mem 0x0000000080031f28
core   0: 0x000000008000feea (0x000097ba) c.add   a5, a4
core   0: 3 0x000000008000feea (0x97ba) x15 0x00000000800120dc
core   0: 0x000000008000feec (0xfe043703) ld      a4, -32(s0)
core   0: 3 0x000000008000feec (0xfe043703) x14 0x0000000080012089 mem 0x0000000080031f50
core   0: 0x000000008000fef0 (0xfcf76de3) bltu    a4, a5, pc - 38
core   0: 3 0x000000008000fef0 (0xfcf76de3)
core   0: 0x000000008000feca (0xfe043783) ld      a5, -32(s0)
core   0: 3 0x000000008000feca (0xfe043783) x15 0x0000000080012089 mem 0x0000000080031f50
core   0: 0x000000008000fece (0x00178713) addi    a4, a5, 1
core   0: 3 0x000000008000fece (0x00178713) x14 0x000000008001208a
core   0: 0x000000008000fed2 (0xfee43023) sd      a4, -32(s0)
core   0: 3 0x000000008000fed2 (0xfee43023) mem 0x0000000080031f50 0x000000008001208a
core   0: 0x000000008000fed6 (0xfc442703) lw      a4, -60(s0)
core   0: 3 0x000000008000fed6 (0xfc442703) x14 0x0000000000000000 mem 0x0000000080031f34
core   0: 0x000000008000feda (0x0ff77713) andi    a4, a4, 255
core   0: 3 0x000000008000feda (0x0ff77713) x14 0x0000000000000000
core   0: 0x000000008000fede (0x00e78023) sb      a4, 0(a5)
core   0: 3 0x000000008000fede (0x00e78023) mem 0x0000000080012089 0x00
core   0: 0x000000008000fee2 (0xfc843703) ld      a4, -56(s0)
core   0: 3 0x000000008000fee2 (0xfc843703) x14 0x0000000080012040 mem 0x0000000080031f38
core   0: 0x000000008000fee6 (0xfb843783) ld      a5, -72(s0)
core   0: 3 0x000000008000fee6 (0xfb843783) x15 0x000000000000009c mem 0x0000000080031f28
core   0: 0x000000008000feea (0x000097ba) c.add   a5, a4
core   0: 3 0x000000008000feea (0x97ba) x15 0x00000000800120dc
core   0: 0x000000008000feec (0xfe043703) ld      a4, -32(s0)
core   0: 3 0x000000008000feec (0xfe043703) x14 0x000000008001208a mem 0x0000000080031f50
core   0: 0x000000008000fef0 (0xfcf76de3) bltu    a4, a5, pc - 38
core   0: 3 0x000000008000fef0 (0xfcf76de3)
core   0: 0x000000008000feca (0xfe043783) ld      a5, -32(s0)
core   0: 3 0x000000008000feca (0xfe043783) x15 0x000000008001208a mem 0x0000000080031f50
core   0: 0x000000008000fece (0x00178713) addi    a4, a5, 1
core   0: 3 0x000000008000fece (0x00178713) x14 0x000000008001208b
core   0: 0x000000008000fed2 (0xfee43023) sd      a4, -32(s0)
core   0: 3 0x000000008000fed2 (0xfee43023) mem 0x0000000080031f50 0x000000008001208b
core   0: 0x000000008000fed6 (0xfc442703) lw      a4, -60(s0)
core   0: 3 0x000000008000fed6 (0xfc442703) x14 0x0000000000000000 mem 0x0000000080031f34
core   0: 0x000000008000feda (0x0ff77713) andi    a4, a4, 255
core   0: 3 0x000000008000feda (0x0ff77713) x14 0x0000000000000000
core   0: 0x000000008000fede (0x00e78023) sb      a4, 0(a5)
core   0: 3 0x000000008000fede (0x00e78023) mem 0x000000008001208a 0x00
core   0: 0x000000008000fee2 (0xfc843703) ld      a4, -56(s0)
core   0: 3 0x000000008000fee2 (0xfc843703) x14 0x0000000080012040 mem 0x0000000080031f38
core   0: 0x000000008000fee6 (0xfb843783) ld      a5, -72(s0)
core   0: 3 0x000000008000fee6 (0xfb843783) x15 0x000000000000009c mem 0x0000000080031f28
core   0: 0x000000008000feea (0x000097ba) c.add   a5, a4
core   0: 3 0x000000008000feea (0x97ba) x15 0x00000000800120dc
core   0: 0x000000008000feec (0xfe043703) ld      a4, -32(s0)
core   0: 3 0x000000008000feec (0xfe043703) x14 0x000000008001208b mem 0x0000000080031f50
core   0: 0x000000008000fef0 (0xfcf76de3) bltu    a4, a5, pc - 38
core   0: 3 0x000000008000fef0 (0xfcf76de3)
core   0: 0x000000008000feca (0xfe043783) ld      a5, -32(s0)
core   0: 3 0x000000008000feca (0xfe043783) x15 0x000000008001208b mem 0x0000000080031f50
core   0: 0x000000008000fece (0x00178713) addi    a4, a5, 1
core   0: 3 0x000000008000fece (0x00178713) x14 0x000000008001208c
core   0: 0x000000008000fed2 (0xfee43023) sd      a4, -32(s0)
core   0: 3 0x000000008000fed2 (0xfee43023) mem 0x0000000080031f50 0x000000008001208c
core   0: 0x000000008000fed6 (0xfc442703) lw      a4, -60(s0)
core   0: 3 0x000000008000fed6 (0xfc442703) x14 0x0000000000000000 mem 0x0000000080031f34
core   0: 0x000000008000feda (0x0ff77713) andi    a4, a4, 255
core   0: 3 0x000000008000feda (0x0ff77713) x14 0x0000000000000000
core   0: 0x000000008000fede (0x00e78023) sb      a4, 0(a5)
core   0: 3 0x000000008000fede (0x00e78023) mem 0x000000008001208b 0x00
core   0: 0x000000008000fee2 (0xfc843703) ld      a4, -56(s0)
core   0: 3 0x000000008000fee2 (0xfc843703) x14 0x0000000080012040 mem 0x0000000080031f38
core   0: 0x000000008000fee6 (0xfb843783) ld      a5, -72(s0)
core   0: 3 0x000000008000fee6 (0xfb843783) x15 0x000000000000009c mem 0x0000000080031f28
core   0: 0x000000008000feea (0x000097ba) c.add   a5, a4
core   0: 3 0x000000008000feea (0x97ba) x15 0x00000000800120dc
core   0: 0x000000008000feec (0xfe043703) ld      a4, -32(s0)
core   0: 3 0x000000008000feec (0xfe043703) x14 0x000000008001208c mem 0x0000000080031f50
core   0: 0x000000008000fef0 (0xfcf76de3) bltu    a4, a5, pc - 38
core   0: 3 0x000000008000fef0 (0xfcf76de3)
core   0: 0x000000008000feca (0xfe043783) ld      a5, -32(s0)
core   0: 3 0x000000008000feca (0xfe043783) x15 0x000000008001208c mem 0x0000000080031f50
core   0: 0x000000008000fece (0x00178713) addi    a4, a5, 1
core   0: 3 0x000000008000fece (0x00178713) x14 0x000000008001208d
core   0: 0x000000008000fed2 (0xfee43023) sd      a4, -32(s0)
core   0: 3 0x000000008000fed2 (0xfee43023) mem 0x0000000080031f50 0x000000008001208d
core   0: 0x000000008000fed6 (0xfc442703) lw      a4, -60(s0)
core   0: 3 0x000000008000fed6 (0xfc442703) x14 0x0000000000000000 mem 0x0000000080031f34
core   0: 0x000000008000feda (0x0ff77713) andi    a4, a4, 255
core   0: 3 0x000000008000feda (0x0ff77713) x14 0x0000000000000000
core   0: 0x000000008000fede (0x00e78023) sb      a4, 0(a5)
core   0: 3 0x000000008000fede (0x00e78023) mem 0x000000008001208c 0x00
core   0: 0x000000008000fee2 (0xfc843703) ld      a4, -56(s0)
core   0: 3 0x000000008000fee2 (0xfc843703) x14 0x0000000080012040 mem 0x0000000080031f38
core   0: 0x000000008000fee6 (0xfb843783) ld      a5, -72(s0)
core   0: 3 0x000000008000fee6 (0xfb843783) x15 0x000000000000009c mem 0x0000000080031f28
core   0: 0x000000008000feea (0x000097ba) c.add   a5, a4
core   0: 3 0x000000008000feea (0x97ba) x15 0x00000000800120dc
core   0: 0x000000008000feec (0xfe043703) ld      a4, -32(s0)
core   0: 3 0x000000008000feec (0xfe043703) x14 0x000000008001208d mem 0x0000000080031f50
core   0: 0x000000008000fef0 (0xfcf76de3) bltu    a4, a5, pc - 38
core   0: 3 0x000000008000fef0 (0xfcf76de3)
core   0: 0x000000008000feca (0xfe043783) ld      a5, -32(s0)
core   0: 3 0x000000008000feca (0xfe043783) x15 0x000000008001208d mem 0x0000000080031f50
core   0: 0x000000008000fece (0x00178713) addi    a4, a5, 1
core   0: 3 0x000000008000fece (0x00178713) x14 0x000000008001208e
core   0: 0x000000008000fed2 (0xfee43023) sd      a4, -32(s0)
core   0: 3 0x000000008000fed2 (0xfee43023) mem 0x0000000080031f50 0x000000008001208e
core   0: 0x000000008000fed6 (0xfc442703) lw      a4, -60(s0)
core   0: 3 0x000000008000fed6 (0xfc442703) x14 0x0000000000000000 mem 0x0000000080031f34
core   0: 0x000000008000feda (0x0ff77713) andi    a4, a4, 255
core   0: 3 0x000000008000feda (0x0ff77713) x14 0x0000000000000000
core   0: 0x000000008000fede (0x00e78023) sb      a4, 0(a5)
core   0: 3 0x000000008000fede (0x00e78023) mem 0x000000008001208d 0x00
core   0: 0x000000008000fee2 (0xfc843703) ld      a4, -56(s0)
core   0: 3 0x000000008000fee2 (0xfc843703) x14 0x0000000080012040 mem 0x0000000080031f38
core   0: 0x000000008000fee6 (0xfb843783) ld      a5, -72(s0)
core   0: 3 0x000000008000fee6 (0xfb843783) x15 0x000000000000009c mem 0x0000000080031f28
core   0: 0x000000008000feea (0x000097ba) c.add   a5, a4
core   0: 3 0x000000008000feea (0x97ba) x15 0x00000000800120dc
core   0: 0x000000008000feec (0xfe043703) ld      a4, -32(s0)
core   0: 3 0x000000008000feec (0xfe043703) x14 0x000000008001208e mem 0x0000000080031f50
core   0: 0x000000008000fef0 (0xfcf76de3) bltu    a4, a5, pc - 38
core   0: 3 0x000000008000fef0 (0xfcf76de3)
core   0: 0x000000008000feca (0xfe043783) ld      a5, -32(s0)
core   0: 3 0x000000008000feca (0xfe043783) x15 0x000000008001208e mem 0x0000000080031f50
core   0: 0x000000008000fece (0x00178713) addi    a4, a5, 1
core   0: 3 0x000000008000fece (0x00178713) x14 0x000000008001208f
core   0: 0x000000008000fed2 (0xfee43023) sd      a4, -32(s0)
core   0: 3 0x000000008000fed2 (0xfee43023) mem 0x0000000080031f50 0x000000008001208f
core   0: 0x000000008000fed6 (0xfc442703) lw      a4, -60(s0)
core   0: 3 0x000000008000fed6 (0xfc442703) x14 0x0000000000000000 mem 0x0000000080031f34
core   0: 0x000000008000feda (0x0ff77713) andi    a4, a4, 255
core   0: 3 0x000000008000feda (0x0ff77713) x14 0x0000000000000000
core   0: 0x000000008000fede (0x00e78023) sb      a4, 0(a5)
core   0: 3 0x000000008000fede (0x00e78023) mem 0x000000008001208e 0x00
core   0: 0x000000008000fee2 (0xfc843703) ld      a4, -56(s0)
core   0: 3 0x000000008000fee2 (0xfc843703) x14 0x0000000080012040 mem 0x0000000080031f38
core   0: 0x000000008000fee6 (0xfb843783) ld      a5, -72(s0)
core   0: 3 0x000000008000fee6 (0xfb843783) x15 0x000000000000009c mem 0x0000000080031f28
core   0: 0x000000008000feea (0x000097ba) c.add   a5, a4
core   0: 3 0x000000008000feea (0x97ba) x15 0x00000000800120dc
core   0: 0x000000008000feec (0xfe043703) ld      a4, -32(s0)
core   0: 3 0x000000008000feec (0xfe043703) x14 0x000000008001208f mem 0x0000000080031f50
core   0: 0x000000008000fef0 (0xfcf76de3) bltu    a4, a5, pc - 38
core   0: 3 0x000000008000fef0 (0xfcf76de3)
core   0: 0x000000008000feca (0xfe043783) ld      a5, -32(s0)
core   0: 3 0x000000008000feca (0xfe043783) x15 0x000000008001208f mem 0x0000000080031f50
core   0: 0x000000008000fece (0x00178713) addi    a4, a5, 1
core   0: 3 0x000000008000fece (0x00178713) x14 0x0000000080012090
core   0: 0x000000008000fed2 (0xfee43023) sd      a4, -32(s0)
core   0: 3 0x000000008000fed2 (0xfee43023) mem 0x0000000080031f50 0x0000000080012090
core   0: 0x000000008000fed6 (0xfc442703) lw      a4, -60(s0)
core   0: 3 0x000000008000fed6 (0xfc442703) x14 0x0000000000000000 mem 0x0000000080031f34
core   0: 0x000000008000feda (0x0ff77713) andi    a4, a4, 255
core   0: 3 0x000000008000feda (0x0ff77713) x14 0x0000000000000000
core   0: 0x000000008000fede (0x00e78023) sb      a4, 0(a5)
core   0: 3 0x000000008000fede (0x00e78023) mem 0x000000008001208f 0x00
core   0: 0x000000008000fee2 (0xfc843703) ld      a4, -56(s0)
core   0: 3 0x000000008000fee2 (0xfc843703) x14 0x0000000080012040 mem 0x0000000080031f38
core   0: 0x000000008000fee6 (0xfb843783) ld      a5, -72(s0)
core   0: 3 0x000000008000fee6 (0xfb843783) x15 0x000000000000009c mem 0x0000000080031f28
core   0: 0x000000008000feea (0x000097ba) c.add   a5, a4
core   0: 3 0x000000008000feea (0x97ba) x15 0x00000000800120dc
core   0: 0x000000008000feec (0xfe043703) ld      a4, -32(s0)
core   0: 3 0x000000008000feec (0xfe043703) x14 0x0000000080012090 mem 0x0000000080031f50
core   0: 0x000000008000fef0 (0xfcf76de3) bltu    a4, a5, pc - 38
core   0: 3 0x000000008000fef0 (0xfcf76de3)
core   0: 0x000000008000feca (0xfe043783) ld      a5, -32(s0)
core   0: 3 0x000000008000feca (0xfe043783) x15 0x0000000080012090 mem 0x0000000080031f50
core   0: 0x000000008000fece (0x00178713) addi    a4, a5, 1
core   0: 3 0x000000008000fece (0x00178713) x14 0x0000000080012091
core   0: 0x000000008000fed2 (0xfee43023) sd      a4, -32(s0)
core   0: 3 0x000000008000fed2 (0xfee43023) mem 0x0000000080031f50 0x0000000080012091
core   0: 0x000000008000fed6 (0xfc442703) lw      a4, -60(s0)
core   0: 3 0x000000008000fed6 (0xfc442703) x14 0x0000000000000000 mem 0x0000000080031f34
core   0: 0x000000008000feda (0x0ff77713) andi    a4, a4, 255
core   0: 3 0x000000008000feda (0x0ff77713) x14 0x0000000000000000
core   0: 0x000000008000fede (0x00e78023) sb      a4, 0(a5)
core   0: 3 0x000000008000fede (0x00e78023) mem 0x0000000080012090 0x00
core   0: 0x000000008000fee2 (0xfc843703) ld      a4, -56(s0)
core   0: 3 0x000000008000fee2 (0xfc843703) x14 0x0000000080012040 mem 0x0000000080031f38
core   0: 0x000000008000fee6 (0xfb843783) ld      a5, -72(s0)
core   0: 3 0x000000008000fee6 (0xfb843783) x15 0x000000000000009c mem 0x0000000080031f28
core   0: 0x000000008000feea (0x000097ba) c.add   a5, a4
core   0: 3 0x000000008000feea (0x97ba) x15 0x00000000800120dc
core   0: 0x000000008000feec (0xfe043703) ld      a4, -32(s0)
core   0: 3 0x000000008000feec (0xfe043703) x14 0x0000000080012091 mem 0x0000000080031f50
core   0: 0x000000008000fef0 (0xfcf76de3) bltu    a4, a5, pc - 38
core   0: 3 0x000000008000fef0 (0xfcf76de3)
core   0: 0x000000008000feca (0xfe043783) ld      a5, -32(s0)
core   0: 3 0x000000008000feca (0xfe043783) x15 0x0000000080012091 mem 0x0000000080031f50
core   0: 0x000000008000fece (0x00178713) addi    a4, a5, 1
core   0: 3 0x000000008000fece (0x00178713) x14 0x0000000080012092
core   0: 0x000000008000fed2 (0xfee43023) sd      a4, -32(s0)
core   0: 3 0x000000008000fed2 (0xfee43023) mem 0x0000000080031f50 0x0000000080012092
core   0: 0x000000008000fed6 (0xfc442703) lw      a4, -60(s0)
core   0: 3 0x000000008000fed6 (0xfc442703) x14 0x0000000000000000 mem 0x0000000080031f34
core   0: 0x000000008000feda (0x0ff77713) andi    a4, a4, 255
core   0: 3 0x000000008000feda (0x0ff77713) x14 0x0000000000000000
core   0: 0x000000008000fede (0x00e78023) sb      a4, 0(a5)
core   0: 3 0x000000008000fede (0x00e78023) mem 0x0000000080012091 0x00
core   0: 0x000000008000fee2 (0xfc843703) ld      a4, -56(s0)
core   0: 3 0x000000008000fee2 (0xfc843703) x14 0x0000000080012040 mem 0x0000000080031f38
core   0: 0x000000008000fee6 (0xfb843783) ld      a5, -72(s0)
core   0: 3 0x000000008000fee6 (0xfb843783) x15 0x000000000000009c mem 0x0000000080031f28
core   0: 0x000000008000feea (0x000097ba) c.add   a5, a4
core   0: 3 0x000000008000feea (0x97ba) x15 0x00000000800120dc
core   0: 0x000000008000feec (0xfe043703) ld      a4, -32(s0)
core   0: 3 0x000000008000feec (0xfe043703) x14 0x0000000080012092 mem 0x0000000080031f50
core   0: 0x000000008000fef0 (0xfcf76de3) bltu    a4, a5, pc - 38
core   0: 3 0x000000008000fef0 (0xfcf76de3)
core   0: 0x000000008000feca (0xfe043783) ld      a5, -32(s0)
core   0: 3 0x000000008000feca (0xfe043783) x15 0x0000000080012092 mem 0x0000000080031f50
core   0: 0x000000008000fece (0x00178713) addi    a4, a5, 1
core   0: 3 0x000000008000fece (0x00178713) x14 0x0000000080012093
core   0: 0x000000008000fed2 (0xfee43023) sd      a4, -32(s0)
core   0: 3 0x000000008000fed2 (0xfee43023) mem 0x0000000080031f50 0x0000000080012093
core   0: 0x000000008000fed6 (0xfc442703) lw      a4, -60(s0)
core   0: 3 0x000000008000fed6 (0xfc442703) x14 0x0000000000000000 mem 0x0000000080031f34
core   0: 0x000000008000feda (0x0ff77713) andi    a4, a4, 255
core   0: 3 0x000000008000feda (0x0ff77713) x14 0x0000000000000000
core   0: 0x000000008000fede (0x00e78023) sb      a4, 0(a5)
core   0: 3 0x000000008000fede (0x00e78023) mem 0x0000000080012092 0x00
core   0: 0x000000008000fee2 (0xfc843703) ld      a4, -56(s0)
core   0: 3 0x000000008000fee2 (0xfc843703) x14 0x0000000080012040 mem 0x0000000080031f38
core   0: 0x000000008000fee6 (0xfb843783) ld      a5, -72(s0)
core   0: 3 0x000000008000fee6 (0xfb843783) x15 0x000000000000009c mem 0x0000000080031f28
core   0: 0x000000008000feea (0x000097ba) c.add   a5, a4
core   0: 3 0x000000008000feea (0x97ba) x15 0x00000000800120dc
core   0: 0x000000008000feec (0xfe043703) ld      a4, -32(s0)
core   0: 3 0x000000008000feec (0xfe043703) x14 0x0000000080012093 mem 0x0000000080031f50
core   0: 0x000000008000fef0 (0xfcf76de3) bltu    a4, a5, pc - 38
core   0: 3 0x000000008000fef0 (0xfcf76de3)
core   0: 0x000000008000feca (0xfe043783) ld      a5, -32(s0)
core   0: 3 0x000000008000feca (0xfe043783) x15 0x0000000080012093 mem 0x0000000080031f50
core   0: 0x000000008000fece (0x00178713) addi    a4, a5, 1
core   0: 3 0x000000008000fece (0x00178713) x14 0x0000000080012094
core   0: 0x000000008000fed2 (0xfee43023) sd      a4, -32(s0)
core   0: 3 0x000000008000fed2 (0xfee43023) mem 0x0000000080031f50 0x0000000080012094
core   0: 0x000000008000fed6 (0xfc442703) lw      a4, -60(s0)
core   0: 3 0x000000008000fed6 (0xfc442703) x14 0x0000000000000000 mem 0x0000000080031f34
core   0: 0x000000008000feda (0x0ff77713) andi    a4, a4, 255
core   0: 3 0x000000008000feda (0x0ff77713) x14 0x0000000000000000
core   0: 0x000000008000fede (0x00e78023) sb      a4, 0(a5)
core   0: 3 0x000000008000fede (0x00e78023) mem 0x0000000080012093 0x00
core   0: 0x000000008000fee2 (0xfc843703) ld      a4, -56(s0)
core   0: 3 0x000000008000fee2 (0xfc843703) x14 0x0000000080012040 mem 0x0000000080031f38
core   0: 0x000000008000fee6 (0xfb843783) ld      a5, -72(s0)
core   0: 3 0x000000008000fee6 (0xfb843783) x15 0x000000000000009c mem 0x0000000080031f28
core   0: 0x000000008000feea (0x000097ba) c.add   a5, a4
core   0: 3 0x000000008000feea (0x97ba) x15 0x00000000800120dc
core   0: 0x000000008000feec (0xfe043703) ld      a4, -32(s0)
core   0: 3 0x000000008000feec (0xfe043703) x14 0x0000000080012094 mem 0x0000000080031f50
core   0: 0x000000008000fef0 (0xfcf76de3) bltu    a4, a5, pc - 38
core   0: 3 0x000000008000fef0 (0xfcf76de3)
core   0: 0x000000008000feca (0xfe043783) ld      a5, -32(s0)
core   0: 3 0x000000008000feca (0xfe043783) x15 0x0000000080012094 mem 0x0000000080031f50
core   0: 0x000000008000fece (0x00178713) addi    a4, a5, 1
core   0: 3 0x000000008000fece (0x00178713) x14 0x0000000080012095
core   0: 0x000000008000fed2 (0xfee43023) sd      a4, -32(s0)
core   0: 3 0x000000008000fed2 (0xfee43023) mem 0x0000000080031f50 0x0000000080012095
core   0: 0x000000008000fed6 (0xfc442703) lw      a4, -60(s0)
core   0: 3 0x000000008000fed6 (0xfc442703) x14 0x0000000000000000 mem 0x0000000080031f34
core   0: 0x000000008000feda (0x0ff77713) andi    a4, a4, 255
core   0: 3 0x000000008000feda (0x0ff77713) x14 0x0000000000000000
core   0: 0x000000008000fede (0x00e78023) sb      a4, 0(a5)
core   0: 3 0x000000008000fede (0x00e78023) mem 0x0000000080012094 0x00
core   0: 0x000000008000fee2 (0xfc843703) ld      a4, -56(s0)
core   0: 3 0x000000008000fee2 (0xfc843703) x14 0x0000000080012040 mem 0x0000000080031f38
core   0: 0x000000008000fee6 (0xfb843783) ld      a5, -72(s0)
core   0: 3 0x000000008000fee6 (0xfb843783) x15 0x000000000000009c mem 0x0000000080031f28
core   0: 0x000000008000feea (0x000097ba) c.add   a5, a4
core   0: 3 0x000000008000feea (0x97ba) x15 0x00000000800120dc
core   0: 0x000000008000feec (0xfe043703) ld      a4, -32(s0)
core   0: 3 0x000000008000feec (0xfe043703) x14 0x0000000080012095 mem 0x0000000080031f50
core   0: 0x000000008000fef0 (0xfcf76de3) bltu    a4, a5, pc - 38
core   0: 3 0x000000008000fef0 (0xfcf76de3)
core   0: 0x000000008000feca (0xfe043783) ld      a5, -32(s0)
core   0: 3 0x000000008000feca (0xfe043783) x15 0x0000000080012095 mem 0x0000000080031f50
core   0: 0x000000008000fece (0x00178713) addi    a4, a5, 1
core   0: 3 0x000000008000fece (0x00178713) x14 0x0000000080012096
core   0: 0x000000008000fed2 (0xfee43023) sd      a4, -32(s0)
core   0: 3 0x000000008000fed2 (0xfee43023) mem 0x0000000080031f50 0x0000000080012096
core   0: 0x000000008000fed6 (0xfc442703) lw      a4, -60(s0)
core   0: 3 0x000000008000fed6 (0xfc442703) x14 0x0000000000000000 mem 0x0000000080031f34
core   0: 0x000000008000feda (0x0ff77713) andi    a4, a4, 255
core   0: 3 0x000000008000feda (0x0ff77713) x14 0x0000000000000000
core   0: 0x000000008000fede (0x00e78023) sb      a4, 0(a5)
core   0: 3 0x000000008000fede (0x00e78023) mem 0x0000000080012095 0x00
core   0: 0x000000008000fee2 (0xfc843703) ld      a4, -56(s0)
core   0: 3 0x000000008000fee2 (0xfc843703) x14 0x0000000080012040 mem 0x0000000080031f38
core   0: 0x000000008000fee6 (0xfb843783) ld      a5, -72(s0)
core   0: 3 0x000000008000fee6 (0xfb843783) x15 0x000000000000009c mem 0x0000000080031f28
core   0: 0x000000008000feea (0x000097ba) c.add   a5, a4
core   0: 3 0x000000008000feea (0x97ba) x15 0x00000000800120dc
core   0: 0x000000008000feec (0xfe043703) ld      a4, -32(s0)
core   0: 3 0x000000008000feec (0xfe043703) x14 0x0000000080012096 mem 0x0000000080031f50
core   0: 0x000000008000fef0 (0xfcf76de3) bltu    a4, a5, pc - 38
core   0: 3 0x000000008000fef0 (0xfcf76de3)
core   0: 0x000000008000feca (0xfe043783) ld      a5, -32(s0)
core   0: 3 0x000000008000feca (0xfe043783) x15 0x0000000080012096 mem 0x0000000080031f50
core   0: 0x000000008000fece (0x00178713) addi    a4, a5, 1
core   0: 3 0x000000008000fece (0x00178713) x14 0x0000000080012097
core   0: 0x000000008000fed2 (0xfee43023) sd      a4, -32(s0)
core   0: 3 0x000000008000fed2 (0xfee43023) mem 0x0000000080031f50 0x0000000080012097
core   0: 0x000000008000fed6 (0xfc442703) lw      a4, -60(s0)
core   0: 3 0x000000008000fed6 (0xfc442703) x14 0x0000000000000000 mem 0x0000000080031f34
core   0: 0x000000008000feda (0x0ff77713) andi    a4, a4, 255
core   0: 3 0x000000008000feda (0x0ff77713) x14 0x0000000000000000
core   0: 0x000000008000fede (0x00e78023) sb      a4, 0(a5)
core   0: 3 0x000000008000fede (0x00e78023) mem 0x0000000080012096 0x00
core   0: 0x000000008000fee2 (0xfc843703) ld      a4, -56(s0)
core   0: 3 0x000000008000fee2 (0xfc843703) x14 0x0000000080012040 mem 0x0000000080031f38
core   0: 0x000000008000fee6 (0xfb843783) ld      a5, -72(s0)
core   0: 3 0x000000008000fee6 (0xfb843783) x15 0x000000000000009c mem 0x0000000080031f28
core   0: 0x000000008000feea (0x000097ba) c.add   a5, a4
core   0: 3 0x000000008000feea (0x97ba) x15 0x00000000800120dc
core   0: 0x000000008000feec (0xfe043703) ld      a4, -32(s0)
core   0: 3 0x000000008000feec (0xfe043703) x14 0x0000000080012097 mem 0x0000000080031f50
core   0: 0x000000008000fef0 (0xfcf76de3) bltu    a4, a5, pc - 38
core   0: 3 0x000000008000fef0 (0xfcf76de3)
core   0: 0x000000008000feca (0xfe043783) ld      a5, -32(s0)
core   0: 3 0x000000008000feca (0xfe043783) x15 0x0000000080012097 mem 0x0000000080031f50
core   0: 0x000000008000fece (0x00178713) addi    a4, a5, 1
core   0: 3 0x000000008000fece (0x00178713) x14 0x0000000080012098
core   0: 0x000000008000fed2 (0xfee43023) sd      a4, -32(s0)
core   0: 3 0x000000008000fed2 (0xfee43023) mem 0x0000000080031f50 0x0000000080012098
core   0: 0x000000008000fed6 (0xfc442703) lw      a4, -60(s0)
core   0: 3 0x000000008000fed6 (0xfc442703) x14 0x0000000000000000 mem 0x0000000080031f34
core   0: 0x000000008000feda (0x0ff77713) andi    a4, a4, 255
core   0: 3 0x000000008000feda (0x0ff77713) x14 0x0000000000000000
core   0: 0x000000008000fede (0x00e78023) sb      a4, 0(a5)
core   0: 3 0x000000008000fede (0x00e78023) mem 0x0000000080012097 0x00
core   0: 0x000000008000fee2 (0xfc843703) ld      a4, -56(s0)
core   0: 3 0x000000008000fee2 (0xfc843703) x14 0x0000000080012040 mem 0x0000000080031f38
core   0: 0x000000008000fee6 (0xfb843783) ld      a5, -72(s0)
core   0: 3 0x000000008000fee6 (0xfb843783) x15 0x000000000000009c mem 0x0000000080031f28
core   0: 0x000000008000feea (0x000097ba) c.add   a5, a4
core   0: 3 0x000000008000feea (0x97ba) x15 0x00000000800120dc
core   0: 0x000000008000feec (0xfe043703) ld      a4, -32(s0)
core   0: 3 0x000000008000feec (0xfe043703) x14 0x0000000080012098 mem 0x0000000080031f50
core   0: 0x000000008000fef0 (0xfcf76de3) bltu    a4, a5, pc - 38
core   0: 3 0x000000008000fef0 (0xfcf76de3)
core   0: 0x000000008000feca (0xfe043783) ld      a5, -32(s0)
core   0: 3 0x000000008000feca (0xfe043783) x15 0x0000000080012098 mem 0x0000000080031f50
core   0: 0x000000008000fece (0x00178713) addi    a4, a5, 1
core   0: 3 0x000000008000fece (0x00178713) x14 0x0000000080012099
core   0: 0x000000008000fed2 (0xfee43023) sd      a4, -32(s0)
core   0: 3 0x000000008000fed2 (0xfee43023) mem 0x0000000080031f50 0x0000000080012099
core   0: 0x000000008000fed6 (0xfc442703) lw      a4, -60(s0)
core   0: 3 0x000000008000fed6 (0xfc442703) x14 0x0000000000000000 mem 0x0000000080031f34
core   0: 0x000000008000feda (0x0ff77713) andi    a4, a4, 255
core   0: 3 0x000000008000feda (0x0ff77713) x14 0x0000000000000000
core   0: 0x000000008000fede (0x00e78023) sb      a4, 0(a5)
core   0: 3 0x000000008000fede (0x00e78023) mem 0x0000000080012098 0x00
core   0: 0x000000008000fee2 (0xfc843703) ld      a4, -56(s0)
core   0: 3 0x000000008000fee2 (0xfc843703) x14 0x0000000080012040 mem 0x0000000080031f38
core   0: 0x000000008000fee6 (0xfb843783) ld      a5, -72(s0)
core   0: 3 0x000000008000fee6 (0xfb843783) x15 0x000000000000009c mem 0x0000000080031f28
core   0: 0x000000008000feea (0x000097ba) c.add   a5, a4
core   0: 3 0x000000008000feea (0x97ba) x15 0x00000000800120dc
core   0: 0x000000008000feec (0xfe043703) ld      a4, -32(s0)
core   0: 3 0x000000008000feec (0xfe043703) x14 0x0000000080012099 mem 0x0000000080031f50
core   0: 0x000000008000fef0 (0xfcf76de3) bltu    a4, a5, pc - 38
core   0: 3 0x000000008000fef0 (0xfcf76de3)
core   0: 0x000000008000feca (0xfe043783) ld      a5, -32(s0)
core   0: 3 0x000000008000feca (0xfe043783) x15 0x0000000080012099 mem 0x0000000080031f50
core   0: 0x000000008000fece (0x00178713) addi    a4, a5, 1
core   0: 3 0x000000008000fece (0x00178713) x14 0x000000008001209a
core   0: 0x000000008000fed2 (0xfee43023) sd      a4, -32(s0)
core   0: 3 0x000000008000fed2 (0xfee43023) mem 0x0000000080031f50 0x000000008001209a
core   0: 0x000000008000fed6 (0xfc442703) lw      a4, -60(s0)
core   0: 3 0x000000008000fed6 (0xfc442703) x14 0x0000000000000000 mem 0x0000000080031f34
core   0: 0x000000008000feda (0x0ff77713) andi    a4, a4, 255
core   0: 3 0x000000008000feda (0x0ff77713) x14 0x0000000000000000
core   0: 0x000000008000fede (0x00e78023) sb      a4, 0(a5)
core   0: 3 0x000000008000fede (0x00e78023) mem 0x0000000080012099 0x00
core   0: 0x000000008000fee2 (0xfc843703) ld      a4, -56(s0)
core   0: 3 0x000000008000fee2 (0xfc843703) x14 0x0000000080012040 mem 0x0000000080031f38
core   0: 0x000000008000fee6 (0xfb843783) ld      a5, -72(s0)
core   0: 3 0x000000008000fee6 (0xfb843783) x15 0x000000000000009c mem 0x0000000080031f28
core   0: 0x000000008000feea (0x000097ba) c.add   a5, a4
core   0: 3 0x000000008000feea (0x97ba) x15 0x00000000800120dc
core   0: 0x000000008000feec (0xfe043703) ld      a4, -32(s0)
core   0: 3 0x000000008000feec (0xfe043703) x14 0x000000008001209a mem 0x0000000080031f50
core   0: 0x000000008000fef0 (0xfcf76de3) bltu    a4, a5, pc - 38
core   0: 3 0x000000008000fef0 (0xfcf76de3)
core   0: 0x000000008000feca (0xfe043783) ld      a5, -32(s0)
core   0: 3 0x000000008000feca (0xfe043783) x15 0x000000008001209a mem 0x0000000080031f50
core   0: 0x000000008000fece (0x00178713) addi    a4, a5, 1
core   0: 3 0x000000008000fece (0x00178713) x14 0x000000008001209b
core   0: 0x000000008000fed2 (0xfee43023) sd      a4, -32(s0)
core   0: 3 0x000000008000fed2 (0xfee43023) mem 0x0000000080031f50 0x000000008001209b
core   0: 0x000000008000fed6 (0xfc442703) lw      a4, -60(s0)
core   0: 3 0x000000008000fed6 (0xfc442703) x14 0x0000000000000000 mem 0x0000000080031f34
core   0: 0x000000008000feda (0x0ff77713) andi    a4, a4, 255
core   0: 3 0x000000008000feda (0x0ff77713) x14 0x0000000000000000
core   0: 0x000000008000fede (0x00e78023) sb      a4, 0(a5)
core   0: 3 0x000000008000fede (0x00e78023) mem 0x000000008001209a 0x00
core   0: 0x000000008000fee2 (0xfc843703) ld      a4, -56(s0)
core   0: 3 0x000000008000fee2 (0xfc843703) x14 0x0000000080012040 mem 0x0000000080031f38
core   0: 0x000000008000fee6 (0xfb843783) ld      a5, -72(s0)
core   0: 3 0x000000008000fee6 (0xfb843783) x15 0x000000000000009c mem 0x0000000080031f28
core   0: 0x000000008000feea (0x000097ba) c.add   a5, a4
core   0: 3 0x000000008000feea (0x97ba) x15 0x00000000800120dc
core   0: 0x000000008000feec (0xfe043703) ld      a4, -32(s0)
core   0: 3 0x000000008000feec (0xfe043703) x14 0x000000008001209b mem 0x0000000080031f50
core   0: 0x000000008000fef0 (0xfcf76de3) bltu    a4, a5, pc - 38
core   0: 3 0x000000008000fef0 (0xfcf76de3)
core   0: 0x000000008000feca (0xfe043783) ld      a5, -32(s0)
core   0: 3 0x000000008000feca (0xfe043783) x15 0x000000008001209b mem 0x0000000080031f50
core   0: 0x000000008000fece (0x00178713) addi    a4, a5, 1
core   0: 3 0x000000008000fece (0x00178713) x14 0x000000008001209c
core   0: 0x000000008000fed2 (0xfee43023) sd      a4, -32(s0)
core   0: 3 0x000000008000fed2 (0xfee43023) mem 0x0000000080031f50 0x000000008001209c
core   0: 0x000000008000fed6 (0xfc442703) lw      a4, -60(s0)
core   0: 3 0x000000008000fed6 (0xfc442703) x14 0x0000000000000000 mem 0x0000000080031f34
core   0: 0x000000008000feda (0x0ff77713) andi    a4, a4, 255
core   0: 3 0x000000008000feda (0x0ff77713) x14 0x0000000000000000
core   0: 0x000000008000fede (0x00e78023) sb      a4, 0(a5)
core   0: 3 0x000000008000fede (0x00e78023) mem 0x000000008001209b 0x00
core   0: 0x000000008000fee2 (0xfc843703) ld      a4, -56(s0)
core   0: 3 0x000000008000fee2 (0xfc843703) x14 0x0000000080012040 mem 0x0000000080031f38
core   0: 0x000000008000fee6 (0xfb843783) ld      a5, -72(s0)
core   0: 3 0x000000008000fee6 (0xfb843783) x15 0x000000000000009c mem 0x0000000080031f28
core   0: 0x000000008000feea (0x000097ba) c.add   a5, a4
core   0: 3 0x000000008000feea (0x97ba) x15 0x00000000800120dc
core   0: 0x000000008000feec (0xfe043703) ld      a4, -32(s0)
core   0: 3 0x000000008000feec (0xfe043703) x14 0x000000008001209c mem 0x0000000080031f50
core   0: 0x000000008000fef0 (0xfcf76de3) bltu    a4, a5, pc - 38
core   0: 3 0x000000008000fef0 (0xfcf76de3)
core   0: 0x000000008000feca (0xfe043783) ld      a5, -32(s0)
core   0: 3 0x000000008000feca (0xfe043783) x15 0x000000008001209c mem 0x0000000080031f50
core   0: 0x000000008000fece (0x00178713) addi    a4, a5, 1
core   0: 3 0x000000008000fece (0x00178713) x14 0x000000008001209d
core   0: 0x000000008000fed2 (0xfee43023) sd      a4, -32(s0)
core   0: 3 0x000000008000fed2 (0xfee43023) mem 0x0000000080031f50 0x000000008001209d
core   0: 0x000000008000fed6 (0xfc442703) lw      a4, -60(s0)
core   0: 3 0x000000008000fed6 (0xfc442703) x14 0x0000000000000000 mem 0x0000000080031f34
core   0: 0x000000008000feda (0x0ff77713) andi    a4, a4, 255
core   0: 3 0x000000008000feda (0x0ff77713) x14 0x0000000000000000
core   0: 0x000000008000fede (0x00e78023) sb      a4, 0(a5)
core   0: 3 0x000000008000fede (0x00e78023) mem 0x000000008001209c 0x00
core   0: 0x000000008000fee2 (0xfc843703) ld      a4, -56(s0)
core   0: 3 0x000000008000fee2 (0xfc843703) x14 0x0000000080012040 mem 0x0000000080031f38
core   0: 0x000000008000fee6 (0xfb843783) ld      a5, -72(s0)
core   0: 3 0x000000008000fee6 (0xfb843783) x15 0x000000000000009c mem 0x0000000080031f28
core   0: 0x000000008000feea (0x000097ba) c.add   a5, a4
core   0: 3 0x000000008000feea (0x97ba) x15 0x00000000800120dc
core   0: 0x000000008000feec (0xfe043703) ld      a4, -32(s0)
core   0: 3 0x000000008000feec (0xfe043703) x14 0x000000008001209d mem 0x0000000080031f50
core   0: 0x000000008000fef0 (0xfcf76de3) bltu    a4, a5, pc - 38
core   0: 3 0x000000008000fef0 (0xfcf76de3)
core   0: 0x000000008000feca (0xfe043783) ld      a5, -32(s0)
core   0: 3 0x000000008000feca (0xfe043783) x15 0x000000008001209d mem 0x0000000080031f50
core   0: 0x000000008000fece (0x00178713) addi    a4, a5, 1
core   0: 3 0x000000008000fece (0x00178713) x14 0x000000008001209e
core   0: 0x000000008000fed2 (0xfee43023) sd      a4, -32(s0)
core   0: 3 0x000000008000fed2 (0xfee43023) mem 0x0000000080031f50 0x000000008001209e
core   0: 0x000000008000fed6 (0xfc442703) lw      a4, -60(s0)
core   0: 3 0x000000008000fed6 (0xfc442703) x14 0x0000000000000000 mem 0x0000000080031f34
core   0: 0x000000008000feda (0x0ff77713) andi    a4, a4, 255
core   0: 3 0x000000008000feda (0x0ff77713) x14 0x0000000000000000
core   0: 0x000000008000fede (0x00e78023) sb      a4, 0(a5)
core   0: 3 0x000000008000fede (0x00e78023) mem 0x000000008001209d 0x00
core   0: 0x000000008000fee2 (0xfc843703) ld      a4, -56(s0)
core   0: 3 0x000000008000fee2 (0xfc843703) x14 0x0000000080012040 mem 0x0000000080031f38
core   0: 0x000000008000fee6 (0xfb843783) ld      a5, -72(s0)
core   0: 3 0x000000008000fee6 (0xfb843783) x15 0x000000000000009c mem 0x0000000080031f28
core   0: 0x000000008000feea (0x000097ba) c.add   a5, a4
core   0: 3 0x000000008000feea (0x97ba) x15 0x00000000800120dc
core   0: 0x000000008000feec (0xfe043703) ld      a4, -32(s0)
core   0: 3 0x000000008000feec (0xfe043703) x14 0x000000008001209e mem 0x0000000080031f50
core   0: 0x000000008000fef0 (0xfcf76de3) bltu    a4, a5, pc - 38
core   0: 3 0x000000008000fef0 (0xfcf76de3)
core   0: 0x000000008000feca (0xfe043783) ld      a5, -32(s0)
core   0: 3 0x000000008000feca (0xfe043783) x15 0x000000008001209e mem 0x0000000080031f50
core   0: 0x000000008000fece (0x00178713) addi    a4, a5, 1
core   0: 3 0x000000008000fece (0x00178713) x14 0x000000008001209f
core   0: 0x000000008000fed2 (0xfee43023) sd      a4, -32(s0)
core   0: 3 0x000000008000fed2 (0xfee43023) mem 0x0000000080031f50 0x000000008001209f
core   0: 0x000000008000fed6 (0xfc442703) lw      a4, -60(s0)
core   0: 3 0x000000008000fed6 (0xfc442703) x14 0x0000000000000000 mem 0x0000000080031f34
core   0: 0x000000008000feda (0x0ff77713) andi    a4, a4, 255
core   0: 3 0x000000008000feda (0x0ff77713) x14 0x0000000000000000
core   0: 0x000000008000fede (0x00e78023) sb      a4, 0(a5)
core   0: 3 0x000000008000fede (0x00e78023) mem 0x000000008001209e 0x00
core   0: 0x000000008000fee2 (0xfc843703) ld      a4, -56(s0)
core   0: 3 0x000000008000fee2 (0xfc843703) x14 0x0000000080012040 mem 0x0000000080031f38
core   0: 0x000000008000fee6 (0xfb843783) ld      a5, -72(s0)
core   0: 3 0x000000008000fee6 (0xfb843783) x15 0x000000000000009c mem 0x0000000080031f28
core   0: 0x000000008000feea (0x000097ba) c.add   a5, a4
core   0: 3 0x000000008000feea (0x97ba) x15 0x00000000800120dc
core   0: 0x000000008000feec (0xfe043703) ld      a4, -32(s0)
core   0: 3 0x000000008000feec (0xfe043703) x14 0x000000008001209f mem 0x0000000080031f50
core   0: 0x000000008000fef0 (0xfcf76de3) bltu    a4, a5, pc - 38
core   0: 3 0x000000008000fef0 (0xfcf76de3)
core   0: 0x000000008000feca (0xfe043783) ld      a5, -32(s0)
core   0: 3 0x000000008000feca (0xfe043783) x15 0x000000008001209f mem 0x0000000080031f50
core   0: 0x000000008000fece (0x00178713) addi    a4, a5, 1
core   0: 3 0x000000008000fece (0x00178713) x14 0x00000000800120a0
core   0: 0x000000008000fed2 (0xfee43023) sd      a4, -32(s0)
core   0: 3 0x000000008000fed2 (0xfee43023) mem 0x0000000080031f50 0x00000000800120a0
core   0: 0x000000008000fed6 (0xfc442703) lw      a4, -60(s0)
core   0: 3 0x000000008000fed6 (0xfc442703) x14 0x0000000000000000 mem 0x0000000080031f34
core   0: 0x000000008000feda (0x0ff77713) andi    a4, a4, 255
core   0: 3 0x000000008000feda (0x0ff77713) x14 0x0000000000000000
core   0: 0x000000008000fede (0x00e78023) sb      a4, 0(a5)
core   0: 3 0x000000008000fede (0x00e78023) mem 0x000000008001209f 0x00
core   0: 0x000000008000fee2 (0xfc843703) ld      a4, -56(s0)
core   0: 3 0x000000008000fee2 (0xfc843703) x14 0x0000000080012040 mem 0x0000000080031f38
core   0: 0x000000008000fee6 (0xfb843783) ld      a5, -72(s0)
core   0: 3 0x000000008000fee6 (0xfb843783) x15 0x000000000000009c mem 0x0000000080031f28
core   0: 0x000000008000feea (0x000097ba) c.add   a5, a4
core   0: 3 0x000000008000feea (0x97ba) x15 0x00000000800120dc
core   0: 0x000000008000feec (0xfe043703) ld      a4, -32(s0)
core   0: 3 0x000000008000feec (0xfe043703) x14 0x00000000800120a0 mem 0x0000000080031f50
core   0: 0x000000008000fef0 (0xfcf76de3) bltu    a4, a5, pc - 38
core   0: 3 0x000000008000fef0 (0xfcf76de3)
core   0: 0x000000008000feca (0xfe043783) ld      a5, -32(s0)
core   0: 3 0x000000008000feca (0xfe043783) x15 0x00000000800120a0 mem 0x0000000080031f50
core   0: 0x000000008000fece (0x00178713) addi    a4, a5, 1
core   0: 3 0x000000008000fece (0x00178713) x14 0x00000000800120a1
core   0: 0x000000008000fed2 (0xfee43023) sd      a4, -32(s0)
core   0: 3 0x000000008000fed2 (0xfee43023) mem 0x0000000080031f50 0x00000000800120a1
core   0: 0x000000008000fed6 (0xfc442703) lw      a4, -60(s0)
core   0: 3 0x000000008000fed6 (0xfc442703) x14 0x0000000000000000 mem 0x0000000080031f34
core   0: 0x000000008000feda (0x0ff77713) andi    a4, a4, 255
core   0: 3 0x000000008000feda (0x0ff77713) x14 0x0000000000000000
core   0: 0x000000008000fede (0x00e78023) sb      a4, 0(a5)
core   0: 3 0x000000008000fede (0x00e78023) mem 0x00000000800120a0 0x00
core   0: 0x000000008000fee2 (0xfc843703) ld      a4, -56(s0)
core   0: 3 0x000000008000fee2 (0xfc843703) x14 0x0000000080012040 mem 0x0000000080031f38
core   0: 0x000000008000fee6 (0xfb843783) ld      a5, -72(s0)
core   0: 3 0x000000008000fee6 (0xfb843783) x15 0x000000000000009c mem 0x0000000080031f28
core   0: 0x000000008000feea (0x000097ba) c.add   a5, a4
core   0: 3 0x000000008000feea (0x97ba) x15 0x00000000800120dc
core   0: 0x000000008000feec (0xfe043703) ld      a4, -32(s0)
core   0: 3 0x000000008000feec (0xfe043703) x14 0x00000000800120a1 mem 0x0000000080031f50
core   0: 0x000000008000fef0 (0xfcf76de3) bltu    a4, a5, pc - 38
core   0: 3 0x000000008000fef0 (0xfcf76de3)
core   0: 0x000000008000feca (0xfe043783) ld      a5, -32(s0)
core   0: 3 0x000000008000feca (0xfe043783) x15 0x00000000800120a1 mem 0x0000000080031f50
core   0: 0x000000008000fece (0x00178713) addi    a4, a5, 1
core   0: 3 0x000000008000fece (0x00178713) x14 0x00000000800120a2
core   0: 0x000000008000fed2 (0xfee43023) sd      a4, -32(s0)
core   0: 3 0x000000008000fed2 (0xfee43023) mem 0x0000000080031f50 0x00000000800120a2
core   0: 0x000000008000fed6 (0xfc442703) lw      a4, -60(s0)
core   0: 3 0x000000008000fed6 (0xfc442703) x14 0x0000000000000000 mem 0x0000000080031f34
core   0: 0x000000008000feda (0x0ff77713) andi    a4, a4, 255
core   0: 3 0x000000008000feda (0x0ff77713) x14 0x0000000000000000
core   0: 0x000000008000fede (0x00e78023) sb      a4, 0(a5)
core   0: 3 0x000000008000fede (0x00e78023) mem 0x00000000800120a1 0x00
core   0: 0x000000008000fee2 (0xfc843703) ld      a4, -56(s0)
core   0: 3 0x000000008000fee2 (0xfc843703) x14 0x0000000080012040 mem 0x0000000080031f38
core   0: 0x000000008000fee6 (0xfb843783) ld      a5, -72(s0)
core   0: 3 0x000000008000fee6 (0xfb843783) x15 0x000000000000009c mem 0x0000000080031f28
core   0: 0x000000008000feea (0x000097ba) c.add   a5, a4
core   0: 3 0x000000008000feea (0x97ba) x15 0x00000000800120dc
core   0: 0x000000008000feec (0xfe043703) ld      a4, -32(s0)
core   0: 3 0x000000008000feec (0xfe043703) x14 0x00000000800120a2 mem 0x0000000080031f50
core   0: 0x000000008000fef0 (0xfcf76de3) bltu    a4, a5, pc - 38
core   0: 3 0x000000008000fef0 (0xfcf76de3)
core   0: 0x000000008000feca (0xfe043783) ld      a5, -32(s0)
core   0: 3 0x000000008000feca (0xfe043783) x15 0x00000000800120a2 mem 0x0000000080031f50
core   0: 0x000000008000fece (0x00178713) addi    a4, a5, 1
core   0: 3 0x000000008000fece (0x00178713) x14 0x00000000800120a3
core   0: 0x000000008000fed2 (0xfee43023) sd      a4, -32(s0)
core   0: 3 0x000000008000fed2 (0xfee43023) mem 0x0000000080031f50 0x00000000800120a3
core   0: 0x000000008000fed6 (0xfc442703) lw      a4, -60(s0)
core   0: 3 0x000000008000fed6 (0xfc442703) x14 0x0000000000000000 mem 0x0000000080031f34
core   0: 0x000000008000feda (0x0ff77713) andi    a4, a4, 255
core   0: 3 0x000000008000feda (0x0ff77713) x14 0x0000000000000000
core   0: 0x000000008000fede (0x00e78023) sb      a4, 0(a5)
core   0: 3 0x000000008000fede (0x00e78023) mem 0x00000000800120a2 0x00
core   0: 0x000000008000fee2 (0xfc843703) ld      a4, -56(s0)
core   0: 3 0x000000008000fee2 (0xfc843703) x14 0x0000000080012040 mem 0x0000000080031f38
core   0: 0x000000008000fee6 (0xfb843783) ld      a5, -72(s0)
core   0: 3 0x000000008000fee6 (0xfb843783) x15 0x000000000000009c mem 0x0000000080031f28
core   0: 0x000000008000feea (0x000097ba) c.add   a5, a4
core   0: 3 0x000000008000feea (0x97ba) x15 0x00000000800120dc
core   0: 0x000000008000feec (0xfe043703) ld      a4, -32(s0)
core   0: 3 0x000000008000feec (0xfe043703) x14 0x00000000800120a3 mem 0x0000000080031f50
core   0: 0x000000008000fef0 (0xfcf76de3) bltu    a4, a5, pc - 38
core   0: 3 0x000000008000fef0 (0xfcf76de3)
core   0: 0x000000008000feca (0xfe043783) ld      a5, -32(s0)
core   0: 3 0x000000008000feca (0xfe043783) x15 0x00000000800120a3 mem 0x0000000080031f50
core   0: 0x000000008000fece (0x00178713) addi    a4, a5, 1
core   0: 3 0x000000008000fece (0x00178713) x14 0x00000000800120a4
core   0: 0x000000008000fed2 (0xfee43023) sd      a4, -32(s0)
core   0: 3 0x000000008000fed2 (0xfee43023) mem 0x0000000080031f50 0x00000000800120a4
core   0: 0x000000008000fed6 (0xfc442703) lw      a4, -60(s0)
core   0: 3 0x000000008000fed6 (0xfc442703) x14 0x0000000000000000 mem 0x0000000080031f34
core   0: 0x000000008000feda (0x0ff77713) andi    a4, a4, 255
core   0: 3 0x000000008000feda (0x0ff77713) x14 0x0000000000000000
core   0: 0x000000008000fede (0x00e78023) sb      a4, 0(a5)
core   0: 3 0x000000008000fede (0x00e78023) mem 0x00000000800120a3 0x00
core   0: 0x000000008000fee2 (0xfc843703) ld      a4, -56(s0)
core   0: 3 0x000000008000fee2 (0xfc843703) x14 0x0000000080012040 mem 0x0000000080031f38
core   0: 0x000000008000fee6 (0xfb843783) ld      a5, -72(s0)
core   0: 3 0x000000008000fee6 (0xfb843783) x15 0x000000000000009c mem 0x0000000080031f28
core   0: 0x000000008000feea (0x000097ba) c.add   a5, a4
core   0: 3 0x000000008000feea (0x97ba) x15 0x00000000800120dc
core   0: 0x000000008000feec (0xfe043703) ld      a4, -32(s0)
core   0: 3 0x000000008000feec (0xfe043703) x14 0x00000000800120a4 mem 0x0000000080031f50
core   0: 0x000000008000fef0 (0xfcf76de3) bltu    a4, a5, pc - 38
core   0: 3 0x000000008000fef0 (0xfcf76de3)
core   0: 0x000000008000feca (0xfe043783) ld      a5, -32(s0)
core   0: 3 0x000000008000feca (0xfe043783) x15 0x00000000800120a4 mem 0x0000000080031f50
core   0: 0x000000008000fece (0x00178713) addi    a4, a5, 1
core   0: 3 0x000000008000fece (0x00178713) x14 0x00000000800120a5
core   0: 0x000000008000fed2 (0xfee43023) sd      a4, -32(s0)
core   0: 3 0x000000008000fed2 (0xfee43023) mem 0x0000000080031f50 0x00000000800120a5
core   0: 0x000000008000fed6 (0xfc442703) lw      a4, -60(s0)
core   0: 3 0x000000008000fed6 (0xfc442703) x14 0x0000000000000000 mem 0x0000000080031f34
core   0: 0x000000008000feda (0x0ff77713) andi    a4, a4, 255
core   0: 3 0x000000008000feda (0x0ff77713) x14 0x0000000000000000
core   0: 0x000000008000fede (0x00e78023) sb      a4, 0(a5)
core   0: 3 0x000000008000fede (0x00e78023) mem 0x00000000800120a4 0x00
core   0: 0x000000008000fee2 (0xfc843703) ld      a4, -56(s0)
core   0: 3 0x000000008000fee2 (0xfc843703) x14 0x0000000080012040 mem 0x0000000080031f38
core   0: 0x000000008000fee6 (0xfb843783) ld      a5, -72(s0)
core   0: 3 0x000000008000fee6 (0xfb843783) x15 0x000000000000009c mem 0x0000000080031f28
core   0: 0x000000008000feea (0x000097ba) c.add   a5, a4
core   0: 3 0x000000008000feea (0x97ba) x15 0x00000000800120dc
core   0: 0x000000008000feec (0xfe043703) ld      a4, -32(s0)
core   0: 3 0x000000008000feec (0xfe043703) x14 0x00000000800120a5 mem 0x0000000080031f50
core   0: 0x000000008000fef0 (0xfcf76de3) bltu    a4, a5, pc - 38
core   0: 3 0x000000008000fef0 (0xfcf76de3)
core   0: 0x000000008000feca (0xfe043783) ld      a5, -32(s0)
core   0: 3 0x000000008000feca (0xfe043783) x15 0x00000000800120a5 mem 0x0000000080031f50
core   0: 0x000000008000fece (0x00178713) addi    a4, a5, 1
core   0: 3 0x000000008000fece (0x00178713) x14 0x00000000800120a6
core   0: 0x000000008000fed2 (0xfee43023) sd      a4, -32(s0)
core   0: 3 0x000000008000fed2 (0xfee43023) mem 0x0000000080031f50 0x00000000800120a6
core   0: 0x000000008000fed6 (0xfc442703) lw      a4, -60(s0)
core   0: 3 0x000000008000fed6 (0xfc442703) x14 0x0000000000000000 mem 0x0000000080031f34
core   0: 0x000000008000feda (0x0ff77713) andi    a4, a4, 255
core   0: 3 0x000000008000feda (0x0ff77713) x14 0x0000000000000000
core   0: 0x000000008000fede (0x00e78023) sb      a4, 0(a5)
core   0: 3 0x000000008000fede (0x00e78023) mem 0x00000000800120a5 0x00
core   0: 0x000000008000fee2 (0xfc843703) ld      a4, -56(s0)
core   0: 3 0x000000008000fee2 (0xfc843703) x14 0x0000000080012040 mem 0x0000000080031f38
core   0: 0x000000008000fee6 (0xfb843783) ld      a5, -72(s0)
core   0: 3 0x000000008000fee6 (0xfb843783) x15 0x000000000000009c mem 0x0000000080031f28
core   0: 0x000000008000feea (0x000097ba) c.add   a5, a4
core   0: 3 0x000000008000feea (0x97ba) x15 0x00000000800120dc
core   0: 0x000000008000feec (0xfe043703) ld      a4, -32(s0)
core   0: 3 0x000000008000feec (0xfe043703) x14 0x00000000800120a6 mem 0x0000000080031f50
core   0: 0x000000008000fef0 (0xfcf76de3) bltu    a4, a5, pc - 38
core   0: 3 0x000000008000fef0 (0xfcf76de3)
core   0: 0x000000008000feca (0xfe043783) ld      a5, -32(s0)
core   0: 3 0x000000008000feca (0xfe043783) x15 0x00000000800120a6 mem 0x0000000080031f50
core   0: 0x000000008000fece (0x00178713) addi    a4, a5, 1
core   0: 3 0x000000008000fece (0x00178713) x14 0x00000000800120a7
core   0: 0x000000008000fed2 (0xfee43023) sd      a4, -32(s0)
core   0: 3 0x000000008000fed2 (0xfee43023) mem 0x0000000080031f50 0x00000000800120a7
core   0: 0x000000008000fed6 (0xfc442703) lw      a4, -60(s0)
core   0: 3 0x000000008000fed6 (0xfc442703) x14 0x0000000000000000 mem 0x0000000080031f34
core   0: 0x000000008000feda (0x0ff77713) andi    a4, a4, 255
core   0: 3 0x000000008000feda (0x0ff77713) x14 0x0000000000000000
core   0: 0x000000008000fede (0x00e78023) sb      a4, 0(a5)
core   0: 3 0x000000008000fede (0x00e78023) mem 0x00000000800120a6 0x00
core   0: 0x000000008000fee2 (0xfc843703) ld      a4, -56(s0)
core   0: 3 0x000000008000fee2 (0xfc843703) x14 0x0000000080012040 mem 0x0000000080031f38
core   0: 0x000000008000fee6 (0xfb843783) ld      a5, -72(s0)
core   0: 3 0x000000008000fee6 (0xfb843783) x15 0x000000000000009c mem 0x0000000080031f28
core   0: 0x000000008000feea (0x000097ba) c.add   a5, a4
core   0: 3 0x000000008000feea (0x97ba) x15 0x00000000800120dc
core   0: 0x000000008000feec (0xfe043703) ld      a4, -32(s0)
core   0: 3 0x000000008000feec (0xfe043703) x14 0x00000000800120a7 mem 0x0000000080031f50
core   0: 0x000000008000fef0 (0xfcf76de3) bltu    a4, a5, pc - 38
core   0: 3 0x000000008000fef0 (0xfcf76de3)
core   0: 0x000000008000feca (0xfe043783) ld      a5, -32(s0)
core   0: 3 0x000000008000feca (0xfe043783) x15 0x00000000800120a7 mem 0x0000000080031f50
core   0: 0x000000008000fece (0x00178713) addi    a4, a5, 1
core   0: 3 0x000000008000fece (0x00178713) x14 0x00000000800120a8
core   0: 0x000000008000fed2 (0xfee43023) sd      a4, -32(s0)
core   0: 3 0x000000008000fed2 (0xfee43023) mem 0x0000000080031f50 0x00000000800120a8
core   0: 0x000000008000fed6 (0xfc442703) lw      a4, -60(s0)
core   0: 3 0x000000008000fed6 (0xfc442703) x14 0x0000000000000000 mem 0x0000000080031f34
core   0: 0x000000008000feda (0x0ff77713) andi    a4, a4, 255
core   0: 3 0x000000008000feda (0x0ff77713) x14 0x0000000000000000
core   0: 0x000000008000fede (0x00e78023) sb      a4, 0(a5)
core   0: 3 0x000000008000fede (0x00e78023) mem 0x00000000800120a7 0x00
core   0: 0x000000008000fee2 (0xfc843703) ld      a4, -56(s0)
core   0: 3 0x000000008000fee2 (0xfc843703) x14 0x0000000080012040 mem 0x0000000080031f38
core   0: 0x000000008000fee6 (0xfb843783) ld      a5, -72(s0)
core   0: 3 0x000000008000fee6 (0xfb843783) x15 0x000000000000009c mem 0x0000000080031f28
core   0: 0x000000008000feea (0x000097ba) c.add   a5, a4
core   0: 3 0x000000008000feea (0x97ba) x15 0x00000000800120dc
core   0: 0x000000008000feec (0xfe043703) ld      a4, -32(s0)
core   0: 3 0x000000008000feec (0xfe043703) x14 0x00000000800120a8 mem 0x0000000080031f50
core   0: 0x000000008000fef0 (0xfcf76de3) bltu    a4, a5, pc - 38
core   0: 3 0x000000008000fef0 (0xfcf76de3)
core   0: 0x000000008000feca (0xfe043783) ld      a5, -32(s0)
core   0: 3 0x000000008000feca (0xfe043783) x15 0x00000000800120a8 mem 0x0000000080031f50
core   0: 0x000000008000fece (0x00178713) addi    a4, a5, 1
core   0: 3 0x000000008000fece (0x00178713) x14 0x00000000800120a9
core   0: 0x000000008000fed2 (0xfee43023) sd      a4, -32(s0)
core   0: 3 0x000000008000fed2 (0xfee43023) mem 0x0000000080031f50 0x00000000800120a9
core   0: 0x000000008000fed6 (0xfc442703) lw      a4, -60(s0)
core   0: 3 0x000000008000fed6 (0xfc442703) x14 0x0000000000000000 mem 0x0000000080031f34
core   0: 0x000000008000feda (0x0ff77713) andi    a4, a4, 255
core   0: 3 0x000000008000feda (0x0ff77713) x14 0x0000000000000000
core   0: 0x000000008000fede (0x00e78023) sb      a4, 0(a5)
core   0: 3 0x000000008000fede (0x00e78023) mem 0x00000000800120a8 0x00
core   0: 0x000000008000fee2 (0xfc843703) ld      a4, -56(s0)
core   0: 3 0x000000008000fee2 (0xfc843703) x14 0x0000000080012040 mem 0x0000000080031f38
core   0: 0x000000008000fee6 (0xfb843783) ld      a5, -72(s0)
core   0: 3 0x000000008000fee6 (0xfb843783) x15 0x000000000000009c mem 0x0000000080031f28
core   0: 0x000000008000feea (0x000097ba) c.add   a5, a4
core   0: 3 0x000000008000feea (0x97ba) x15 0x00000000800120dc
core   0: 0x000000008000feec (0xfe043703) ld      a4, -32(s0)
core   0: 3 0x000000008000feec (0xfe043703) x14 0x00000000800120a9 mem 0x0000000080031f50
core   0: 0x000000008000fef0 (0xfcf76de3) bltu    a4, a5, pc - 38
core   0: 3 0x000000008000fef0 (0xfcf76de3)
core   0: 0x000000008000feca (0xfe043783) ld      a5, -32(s0)
core   0: 3 0x000000008000feca (0xfe043783) x15 0x00000000800120a9 mem 0x0000000080031f50
core   0: 0x000000008000fece (0x00178713) addi    a4, a5, 1
core   0: 3 0x000000008000fece (0x00178713) x14 0x00000000800120aa
core   0: 0x000000008000fed2 (0xfee43023) sd      a4, -32(s0)
core   0: 3 0x000000008000fed2 (0xfee43023) mem 0x0000000080031f50 0x00000000800120aa
core   0: 0x000000008000fed6 (0xfc442703) lw      a4, -60(s0)
core   0: 3 0x000000008000fed6 (0xfc442703) x14 0x0000000000000000 mem 0x0000000080031f34
core   0: 0x000000008000feda (0x0ff77713) andi    a4, a4, 255
core   0: 3 0x000000008000feda (0x0ff77713) x14 0x0000000000000000
core   0: 0x000000008000fede (0x00e78023) sb      a4, 0(a5)
core   0: 3 0x000000008000fede (0x00e78023) mem 0x00000000800120a9 0x00
core   0: 0x000000008000fee2 (0xfc843703) ld      a4, -56(s0)
core   0: 3 0x000000008000fee2 (0xfc843703) x14 0x0000000080012040 mem 0x0000000080031f38
core   0: 0x000000008000fee6 (0xfb843783) ld      a5, -72(s0)
core   0: 3 0x000000008000fee6 (0xfb843783) x15 0x000000000000009c mem 0x0000000080031f28
core   0: 0x000000008000feea (0x000097ba) c.add   a5, a4
core   0: 3 0x000000008000feea (0x97ba) x15 0x00000000800120dc
core   0: 0x000000008000feec (0xfe043703) ld      a4, -32(s0)
core   0: 3 0x000000008000feec (0xfe043703) x14 0x00000000800120aa mem 0x0000000080031f50
core   0: 0x000000008000fef0 (0xfcf76de3) bltu    a4, a5, pc - 38
core   0: 3 0x000000008000fef0 (0xfcf76de3)
core   0: 0x000000008000feca (0xfe043783) ld      a5, -32(s0)
core   0: 3 0x000000008000feca (0xfe043783) x15 0x00000000800120aa mem 0x0000000080031f50
core   0: 0x000000008000fece (0x00178713) addi    a4, a5, 1
core   0: 3 0x000000008000fece (0x00178713) x14 0x00000000800120ab
core   0: 0x000000008000fed2 (0xfee43023) sd      a4, -32(s0)
core   0: 3 0x000000008000fed2 (0xfee43023) mem 0x0000000080031f50 0x00000000800120ab
core   0: 0x000000008000fed6 (0xfc442703) lw      a4, -60(s0)
core   0: 3 0x000000008000fed6 (0xfc442703) x14 0x0000000000000000 mem 0x0000000080031f34
core   0: 0x000000008000feda (0x0ff77713) andi    a4, a4, 255
core   0: 3 0x000000008000feda (0x0ff77713) x14 0x0000000000000000
core   0: 0x000000008000fede (0x00e78023) sb      a4, 0(a5)
core   0: 3 0x000000008000fede (0x00e78023) mem 0x00000000800120aa 0x00
core   0: 0x000000008000fee2 (0xfc843703) ld      a4, -56(s0)
core   0: 3 0x000000008000fee2 (0xfc843703) x14 0x0000000080012040 mem 0x0000000080031f38
core   0: 0x000000008000fee6 (0xfb843783) ld      a5, -72(s0)
core   0: 3 0x000000008000fee6 (0xfb843783) x15 0x000000000000009c mem 0x0000000080031f28
core   0: 0x000000008000feea (0x000097ba) c.add   a5, a4
core   0: 3 0x000000008000feea (0x97ba) x15 0x00000000800120dc
core   0: 0x000000008000feec (0xfe043703) ld      a4, -32(s0)
core   0: 3 0x000000008000feec (0xfe043703) x14 0x00000000800120ab mem 0x0000000080031f50
core   0: 0x000000008000fef0 (0xfcf76de3) bltu    a4, a5, pc - 38
core   0: 3 0x000000008000fef0 (0xfcf76de3)
core   0: 0x000000008000feca (0xfe043783) ld      a5, -32(s0)
core   0: 3 0x000000008000feca (0xfe043783) x15 0x00000000800120ab mem 0x0000000080031f50
core   0: 0x000000008000fece (0x00178713) addi    a4, a5, 1
core   0: 3 0x000000008000fece (0x00178713) x14 0x00000000800120ac
core   0: 0x000000008000fed2 (0xfee43023) sd      a4, -32(s0)
core   0: 3 0x000000008000fed2 (0xfee43023) mem 0x0000000080031f50 0x00000000800120ac
core   0: 0x000000008000fed6 (0xfc442703) lw      a4, -60(s0)
core   0: 3 0x000000008000fed6 (0xfc442703) x14 0x0000000000000000 mem 0x0000000080031f34
core   0: 0x000000008000feda (0x0ff77713) andi    a4, a4, 255
core   0: 3 0x000000008000feda (0x0ff77713) x14 0x0000000000000000
core   0: 0x000000008000fede (0x00e78023) sb      a4, 0(a5)
core   0: 3 0x000000008000fede (0x00e78023) mem 0x00000000800120ab 0x00
core   0: 0x000000008000fee2 (0xfc843703) ld      a4, -56(s0)
core   0: 3 0x000000008000fee2 (0xfc843703) x14 0x0000000080012040 mem 0x0000000080031f38
core   0: 0x000000008000fee6 (0xfb843783) ld      a5, -72(s0)
core   0: 3 0x000000008000fee6 (0xfb843783) x15 0x000000000000009c mem 0x0000000080031f28
core   0: 0x000000008000feea (0x000097ba) c.add   a5, a4
core   0: 3 0x000000008000feea (0x97ba) x15 0x00000000800120dc
core   0: 0x000000008000feec (0xfe043703) ld      a4, -32(s0)
core   0: 3 0x000000008000feec (0xfe043703) x14 0x00000000800120ac mem 0x0000000080031f50
core   0: 0x000000008000fef0 (0xfcf76de3) bltu    a4, a5, pc - 38
core   0: 3 0x000000008000fef0 (0xfcf76de3)
core   0: 0x000000008000feca (0xfe043783) ld      a5, -32(s0)
core   0: 3 0x000000008000feca (0xfe043783) x15 0x00000000800120ac mem 0x0000000080031f50
core   0: 0x000000008000fece (0x00178713) addi    a4, a5, 1
core   0: 3 0x000000008000fece (0x00178713) x14 0x00000000800120ad
core   0: 0x000000008000fed2 (0xfee43023) sd      a4, -32(s0)
core   0: 3 0x000000008000fed2 (0xfee43023) mem 0x0000000080031f50 0x00000000800120ad
core   0: 0x000000008000fed6 (0xfc442703) lw      a4, -60(s0)
core   0: 3 0x000000008000fed6 (0xfc442703) x14 0x0000000000000000 mem 0x0000000080031f34
core   0: 0x000000008000feda (0x0ff77713) andi    a4, a4, 255
core   0: 3 0x000000008000feda (0x0ff77713) x14 0x0000000000000000
core   0: 0x000000008000fede (0x00e78023) sb      a4, 0(a5)
core   0: 3 0x000000008000fede (0x00e78023) mem 0x00000000800120ac 0x00
core   0: 0x000000008000fee2 (0xfc843703) ld      a4, -56(s0)
core   0: 3 0x000000008000fee2 (0xfc843703) x14 0x0000000080012040 mem 0x0000000080031f38
core   0: 0x000000008000fee6 (0xfb843783) ld      a5, -72(s0)
core   0: 3 0x000000008000fee6 (0xfb843783) x15 0x000000000000009c mem 0x0000000080031f28
core   0: 0x000000008000feea (0x000097ba) c.add   a5, a4
core   0: 3 0x000000008000feea (0x97ba) x15 0x00000000800120dc
core   0: 0x000000008000feec (0xfe043703) ld      a4, -32(s0)
core   0: 3 0x000000008000feec (0xfe043703) x14 0x00000000800120ad mem 0x0000000080031f50
core   0: 0x000000008000fef0 (0xfcf76de3) bltu    a4, a5, pc - 38
core   0: 3 0x000000008000fef0 (0xfcf76de3)
core   0: 0x000000008000feca (0xfe043783) ld      a5, -32(s0)
core   0: 3 0x000000008000feca (0xfe043783) x15 0x00000000800120ad mem 0x0000000080031f50
core   0: 0x000000008000fece (0x00178713) addi    a4, a5, 1
core   0: 3 0x000000008000fece (0x00178713) x14 0x00000000800120ae
core   0: 0x000000008000fed2 (0xfee43023) sd      a4, -32(s0)
core   0: 3 0x000000008000fed2 (0xfee43023) mem 0x0000000080031f50 0x00000000800120ae
core   0: 0x000000008000fed6 (0xfc442703) lw      a4, -60(s0)
core   0: 3 0x000000008000fed6 (0xfc442703) x14 0x0000000000000000 mem 0x0000000080031f34
core   0: 0x000000008000feda (0x0ff77713) andi    a4, a4, 255
core   0: 3 0x000000008000feda (0x0ff77713) x14 0x0000000000000000
core   0: 0x000000008000fede (0x00e78023) sb      a4, 0(a5)
core   0: 3 0x000000008000fede (0x00e78023) mem 0x00000000800120ad 0x00
core   0: 0x000000008000fee2 (0xfc843703) ld      a4, -56(s0)
core   0: 3 0x000000008000fee2 (0xfc843703) x14 0x0000000080012040 mem 0x0000000080031f38
core   0: 0x000000008000fee6 (0xfb843783) ld      a5, -72(s0)
core   0: 3 0x000000008000fee6 (0xfb843783) x15 0x000000000000009c mem 0x0000000080031f28
core   0: 0x000000008000feea (0x000097ba) c.add   a5, a4
core   0: 3 0x000000008000feea (0x97ba) x15 0x00000000800120dc
core   0: 0x000000008000feec (0xfe043703) ld      a4, -32(s0)
core   0: 3 0x000000008000feec (0xfe043703) x14 0x00000000800120ae mem 0x0000000080031f50
core   0: 0x000000008000fef0 (0xfcf76de3) bltu    a4, a5, pc - 38
core   0: 3 0x000000008000fef0 (0xfcf76de3)
core   0: 0x000000008000feca (0xfe043783) ld      a5, -32(s0)
core   0: 3 0x000000008000feca (0xfe043783) x15 0x00000000800120ae mem 0x0000000080031f50
core   0: 0x000000008000fece (0x00178713) addi    a4, a5, 1
core   0: 3 0x000000008000fece (0x00178713) x14 0x00000000800120af
core   0: 0x000000008000fed2 (0xfee43023) sd      a4, -32(s0)
core   0: 3 0x000000008000fed2 (0xfee43023) mem 0x0000000080031f50 0x00000000800120af
core   0: 0x000000008000fed6 (0xfc442703) lw      a4, -60(s0)
core   0: 3 0x000000008000fed6 (0xfc442703) x14 0x0000000000000000 mem 0x0000000080031f34
core   0: 0x000000008000feda (0x0ff77713) andi    a4, a4, 255
core   0: 3 0x000000008000feda (0x0ff77713) x14 0x0000000000000000
core   0: 0x000000008000fede (0x00e78023) sb      a4, 0(a5)
core   0: 3 0x000000008000fede (0x00e78023) mem 0x00000000800120ae 0x00
core   0: 0x000000008000fee2 (0xfc843703) ld      a4, -56(s0)
core   0: 3 0x000000008000fee2 (0xfc843703) x14 0x0000000080012040 mem 0x0000000080031f38
core   0: 0x000000008000fee6 (0xfb843783) ld      a5, -72(s0)
core   0: 3 0x000000008000fee6 (0xfb843783) x15 0x000000000000009c mem 0x0000000080031f28
core   0: 0x000000008000feea (0x000097ba) c.add   a5, a4
core   0: 3 0x000000008000feea (0x97ba) x15 0x00000000800120dc
core   0: 0x000000008000feec (0xfe043703) ld      a4, -32(s0)
core   0: 3 0x000000008000feec (0xfe043703) x14 0x00000000800120af mem 0x0000000080031f50
core   0: 0x000000008000fef0 (0xfcf76de3) bltu    a4, a5, pc - 38
core   0: 3 0x000000008000fef0 (0xfcf76de3)
core   0: 0x000000008000feca (0xfe043783) ld      a5, -32(s0)
core   0: 3 0x000000008000feca (0xfe043783) x15 0x00000000800120af mem 0x0000000080031f50
core   0: 0x000000008000fece (0x00178713) addi    a4, a5, 1
core   0: 3 0x000000008000fece (0x00178713) x14 0x00000000800120b0
core   0: 0x000000008000fed2 (0xfee43023) sd      a4, -32(s0)
core   0: 3 0x000000008000fed2 (0xfee43023) mem 0x0000000080031f50 0x00000000800120b0
core   0: 0x000000008000fed6 (0xfc442703) lw      a4, -60(s0)
core   0: 3 0x000000008000fed6 (0xfc442703) x14 0x0000000000000000 mem 0x0000000080031f34
core   0: 0x000000008000feda (0x0ff77713) andi    a4, a4, 255
core   0: 3 0x000000008000feda (0x0ff77713) x14 0x0000000000000000
core   0: 0x000000008000fede (0x00e78023) sb      a4, 0(a5)
core   0: 3 0x000000008000fede (0x00e78023) mem 0x00000000800120af 0x00
core   0: 0x000000008000fee2 (0xfc843703) ld      a4, -56(s0)
core   0: 3 0x000000008000fee2 (0xfc843703) x14 0x0000000080012040 mem 0x0000000080031f38
core   0: 0x000000008000fee6 (0xfb843783) ld      a5, -72(s0)
core   0: 3 0x000000008000fee6 (0xfb843783) x15 0x000000000000009c mem 0x0000000080031f28
core   0: 0x000000008000feea (0x000097ba) c.add   a5, a4
core   0: 3 0x000000008000feea (0x97ba) x15 0x00000000800120dc
core   0: 0x000000008000feec (0xfe043703) ld      a4, -32(s0)
core   0: 3 0x000000008000feec (0xfe043703) x14 0x00000000800120b0 mem 0x0000000080031f50
core   0: 0x000000008000fef0 (0xfcf76de3) bltu    a4, a5, pc - 38
core   0: 3 0x000000008000fef0 (0xfcf76de3)
core   0: 0x000000008000feca (0xfe043783) ld      a5, -32(s0)
core   0: 3 0x000000008000feca (0xfe043783) x15 0x00000000800120b0 mem 0x0000000080031f50
core   0: 0x000000008000fece (0x00178713) addi    a4, a5, 1
core   0: 3 0x000000008000fece (0x00178713) x14 0x00000000800120b1
core   0: 0x000000008000fed2 (0xfee43023) sd      a4, -32(s0)
core   0: 3 0x000000008000fed2 (0xfee43023) mem 0x0000000080031f50 0x00000000800120b1
core   0: 0x000000008000fed6 (0xfc442703) lw      a4, -60(s0)
core   0: 3 0x000000008000fed6 (0xfc442703) x14 0x0000000000000000 mem 0x0000000080031f34
core   0: 0x000000008000feda (0x0ff77713) andi    a4, a4, 255
core   0: 3 0x000000008000feda (0x0ff77713) x14 0x0000000000000000
core   0: 0x000000008000fede (0x00e78023) sb      a4, 0(a5)
core   0: 3 0x000000008000fede (0x00e78023) mem 0x00000000800120b0 0x00
core   0: 0x000000008000fee2 (0xfc843703) ld      a4, -56(s0)
core   0: 3 0x000000008000fee2 (0xfc843703) x14 0x0000000080012040 mem 0x0000000080031f38
core   0: 0x000000008000fee6 (0xfb843783) ld      a5, -72(s0)
core   0: 3 0x000000008000fee6 (0xfb843783) x15 0x000000000000009c mem 0x0000000080031f28
core   0: 0x000000008000feea (0x000097ba) c.add   a5, a4
core   0: 3 0x000000008000feea (0x97ba) x15 0x00000000800120dc
core   0: 0x000000008000feec (0xfe043703) ld      a4, -32(s0)
core   0: 3 0x000000008000feec (0xfe043703) x14 0x00000000800120b1 mem 0x0000000080031f50
core   0: 0x000000008000fef0 (0xfcf76de3) bltu    a4, a5, pc - 38
core   0: 3 0x000000008000fef0 (0xfcf76de3)
core   0: 0x000000008000feca (0xfe043783) ld      a5, -32(s0)
core   0: 3 0x000000008000feca (0xfe043783) x15 0x00000000800120b1 mem 0x0000000080031f50
core   0: 0x000000008000fece (0x00178713) addi    a4, a5, 1
core   0: 3 0x000000008000fece (0x00178713) x14 0x00000000800120b2
core   0: 0x000000008000fed2 (0xfee43023) sd      a4, -32(s0)
core   0: 3 0x000000008000fed2 (0xfee43023) mem 0x0000000080031f50 0x00000000800120b2
core   0: 0x000000008000fed6 (0xfc442703) lw      a4, -60(s0)
core   0: 3 0x000000008000fed6 (0xfc442703) x14 0x0000000000000000 mem 0x0000000080031f34
core   0: 0x000000008000feda (0x0ff77713) andi    a4, a4, 255
core   0: 3 0x000000008000feda (0x0ff77713) x14 0x0000000000000000
core   0: 0x000000008000fede (0x00e78023) sb      a4, 0(a5)
core   0: 3 0x000000008000fede (0x00e78023) mem 0x00000000800120b1 0x00
core   0: 0x000000008000fee2 (0xfc843703) ld      a4, -56(s0)
core   0: 3 0x000000008000fee2 (0xfc843703) x14 0x0000000080012040 mem 0x0000000080031f38
core   0: 0x000000008000fee6 (0xfb843783) ld      a5, -72(s0)
core   0: 3 0x000000008000fee6 (0xfb843783) x15 0x000000000000009c mem 0x0000000080031f28
core   0: 0x000000008000feea (0x000097ba) c.add   a5, a4
core   0: 3 0x000000008000feea (0x97ba) x15 0x00000000800120dc
core   0: 0x000000008000feec (0xfe043703) ld      a4, -32(s0)
core   0: 3 0x000000008000feec (0xfe043703) x14 0x00000000800120b2 mem 0x0000000080031f50
core   0: 0x000000008000fef0 (0xfcf76de3) bltu    a4, a5, pc - 38
core   0: 3 0x000000008000fef0 (0xfcf76de3)
core   0: 0x000000008000feca (0xfe043783) ld      a5, -32(s0)
core   0: 3 0x000000008000feca (0xfe043783) x15 0x00000000800120b2 mem 0x0000000080031f50
core   0: 0x000000008000fece (0x00178713) addi    a4, a5, 1
core   0: 3 0x000000008000fece (0x00178713) x14 0x00000000800120b3
core   0: 0x000000008000fed2 (0xfee43023) sd      a4, -32(s0)
core   0: 3 0x000000008000fed2 (0xfee43023) mem 0x0000000080031f50 0x00000000800120b3
core   0: 0x000000008000fed6 (0xfc442703) lw      a4, -60(s0)
core   0: 3 0x000000008000fed6 (0xfc442703) x14 0x0000000000000000 mem 0x0000000080031f34
core   0: 0x000000008000feda (0x0ff77713) andi    a4, a4, 255
core   0: 3 0x000000008000feda (0x0ff77713) x14 0x0000000000000000
core   0: 0x000000008000fede (0x00e78023) sb      a4, 0(a5)
core   0: 3 0x000000008000fede (0x00e78023) mem 0x00000000800120b2 0x00
core   0: 0x000000008000fee2 (0xfc843703) ld      a4, -56(s0)
core   0: 3 0x000000008000fee2 (0xfc843703) x14 0x0000000080012040 mem 0x0000000080031f38
core   0: 0x000000008000fee6 (0xfb843783) ld      a5, -72(s0)
core   0: 3 0x000000008000fee6 (0xfb843783) x15 0x000000000000009c mem 0x0000000080031f28
core   0: 0x000000008000feea (0x000097ba) c.add   a5, a4
core   0: 3 0x000000008000feea (0x97ba) x15 0x00000000800120dc
core   0: 0x000000008000feec (0xfe043703) ld      a4, -32(s0)
core   0: 3 0x000000008000feec (0xfe043703) x14 0x00000000800120b3 mem 0x0000000080031f50
core   0: 0x000000008000fef0 (0xfcf76de3) bltu    a4, a5, pc - 38
core   0: 3 0x000000008000fef0 (0xfcf76de3)
core   0: 0x000000008000feca (0xfe043783) ld      a5, -32(s0)
core   0: 3 0x000000008000feca (0xfe043783) x15 0x00000000800120b3 mem 0x0000000080031f50
core   0: 0x000000008000fece (0x00178713) addi    a4, a5, 1
core   0: 3 0x000000008000fece (0x00178713) x14 0x00000000800120b4
core   0: 0x000000008000fed2 (0xfee43023) sd      a4, -32(s0)
core   0: 3 0x000000008000fed2 (0xfee43023) mem 0x0000000080031f50 0x00000000800120b4
core   0: 0x000000008000fed6 (0xfc442703) lw      a4, -60(s0)
core   0: 3 0x000000008000fed6 (0xfc442703) x14 0x0000000000000000 mem 0x0000000080031f34
core   0: 0x000000008000feda (0x0ff77713) andi    a4, a4, 255
core   0: 3 0x000000008000feda (0x0ff77713) x14 0x0000000000000000
core   0: 0x000000008000fede (0x00e78023) sb      a4, 0(a5)
core   0: 3 0x000000008000fede (0x00e78023) mem 0x00000000800120b3 0x00
core   0: 0x000000008000fee2 (0xfc843703) ld      a4, -56(s0)
core   0: 3 0x000000008000fee2 (0xfc843703) x14 0x0000000080012040 mem 0x0000000080031f38
core   0: 0x000000008000fee6 (0xfb843783) ld      a5, -72(s0)
core   0: 3 0x000000008000fee6 (0xfb843783) x15 0x000000000000009c mem 0x0000000080031f28
core   0: 0x000000008000feea (0x000097ba) c.add   a5, a4
core   0: 3 0x000000008000feea (0x97ba) x15 0x00000000800120dc
core   0: 0x000000008000feec (0xfe043703) ld      a4, -32(s0)
core   0: 3 0x000000008000feec (0xfe043703) x14 0x00000000800120b4 mem 0x0000000080031f50
core   0: 0x000000008000fef0 (0xfcf76de3) bltu    a4, a5, pc - 38
core   0: 3 0x000000008000fef0 (0xfcf76de3)
core   0: 0x000000008000feca (0xfe043783) ld      a5, -32(s0)
core   0: 3 0x000000008000feca (0xfe043783) x15 0x00000000800120b4 mem 0x0000000080031f50
core   0: 0x000000008000fece (0x00178713) addi    a4, a5, 1
core   0: 3 0x000000008000fece (0x00178713) x14 0x00000000800120b5
core   0: 0x000000008000fed2 (0xfee43023) sd      a4, -32(s0)
core   0: 3 0x000000008000fed2 (0xfee43023) mem 0x0000000080031f50 0x00000000800120b5
core   0: 0x000000008000fed6 (0xfc442703) lw      a4, -60(s0)
core   0: 3 0x000000008000fed6 (0xfc442703) x14 0x0000000000000000 mem 0x0000000080031f34
core   0: 0x000000008000feda (0x0ff77713) andi    a4, a4, 255
core   0: 3 0x000000008000feda (0x0ff77713) x14 0x0000000000000000
core   0: 0x000000008000fede (0x00e78023) sb      a4, 0(a5)
core   0: 3 0x000000008000fede (0x00e78023) mem 0x00000000800120b4 0x00
core   0: 0x000000008000fee2 (0xfc843703) ld      a4, -56(s0)
core   0: 3 0x000000008000fee2 (0xfc843703) x14 0x0000000080012040 mem 0x0000000080031f38
core   0: 0x000000008000fee6 (0xfb843783) ld      a5, -72(s0)
core   0: 3 0x000000008000fee6 (0xfb843783) x15 0x000000000000009c mem 0x0000000080031f28
core   0: 0x000000008000feea (0x000097ba) c.add   a5, a4
core   0: 3 0x000000008000feea (0x97ba) x15 0x00000000800120dc
core   0: 0x000000008000feec (0xfe043703) ld      a4, -32(s0)
core   0: 3 0x000000008000feec (0xfe043703) x14 0x00000000800120b5 mem 0x0000000080031f50
core   0: 0x000000008000fef0 (0xfcf76de3) bltu    a4, a5, pc - 38
core   0: 3 0x000000008000fef0 (0xfcf76de3)
core   0: 0x000000008000feca (0xfe043783) ld      a5, -32(s0)
core   0: 3 0x000000008000feca (0xfe043783) x15 0x00000000800120b5 mem 0x0000000080031f50
core   0: 0x000000008000fece (0x00178713) addi    a4, a5, 1
core   0: 3 0x000000008000fece (0x00178713) x14 0x00000000800120b6
core   0: 0x000000008000fed2 (0xfee43023) sd      a4, -32(s0)
core   0: 3 0x000000008000fed2 (0xfee43023) mem 0x0000000080031f50 0x00000000800120b6
core   0: 0x000000008000fed6 (0xfc442703) lw      a4, -60(s0)
core   0: 3 0x000000008000fed6 (0xfc442703) x14 0x0000000000000000 mem 0x0000000080031f34
core   0: 0x000000008000feda (0x0ff77713) andi    a4, a4, 255
core   0: 3 0x000000008000feda (0x0ff77713) x14 0x0000000000000000
core   0: 0x000000008000fede (0x00e78023) sb      a4, 0(a5)
core   0: 3 0x000000008000fede (0x00e78023) mem 0x00000000800120b5 0x00
core   0: 0x000000008000fee2 (0xfc843703) ld      a4, -56(s0)
core   0: 3 0x000000008000fee2 (0xfc843703) x14 0x0000000080012040 mem 0x0000000080031f38
core   0: 0x000000008000fee6 (0xfb843783) ld      a5, -72(s0)
core   0: 3 0x000000008000fee6 (0xfb843783) x15 0x000000000000009c mem 0x0000000080031f28
core   0: 0x000000008000feea (0x000097ba) c.add   a5, a4
core   0: 3 0x000000008000feea (0x97ba) x15 0x00000000800120dc
core   0: 0x000000008000feec (0xfe043703) ld      a4, -32(s0)
core   0: 3 0x000000008000feec (0xfe043703) x14 0x00000000800120b6 mem 0x0000000080031f50
core   0: 0x000000008000fef0 (0xfcf76de3) bltu    a4, a5, pc - 38
core   0: 3 0x000000008000fef0 (0xfcf76de3)
core   0: 0x000000008000feca (0xfe043783) ld      a5, -32(s0)
core   0: 3 0x000000008000feca (0xfe043783) x15 0x00000000800120b6 mem 0x0000000080031f50
core   0: 0x000000008000fece (0x00178713) addi    a4, a5, 1
core   0: 3 0x000000008000fece (0x00178713) x14 0x00000000800120b7
core   0: 0x000000008000fed2 (0xfee43023) sd      a4, -32(s0)
core   0: 3 0x000000008000fed2 (0xfee43023) mem 0x0000000080031f50 0x00000000800120b7
core   0: 0x000000008000fed6 (0xfc442703) lw      a4, -60(s0)
core   0: 3 0x000000008000fed6 (0xfc442703) x14 0x0000000000000000 mem 0x0000000080031f34
core   0: 0x000000008000feda (0x0ff77713) andi    a4, a4, 255
core   0: 3 0x000000008000feda (0x0ff77713) x14 0x0000000000000000
core   0: 0x000000008000fede (0x00e78023) sb      a4, 0(a5)
core   0: 3 0x000000008000fede (0x00e78023) mem 0x00000000800120b6 0x00
core   0: 0x000000008000fee2 (0xfc843703) ld      a4, -56(s0)
core   0: 3 0x000000008000fee2 (0xfc843703) x14 0x0000000080012040 mem 0x0000000080031f38
core   0: 0x000000008000fee6 (0xfb843783) ld      a5, -72(s0)
core   0: 3 0x000000008000fee6 (0xfb843783) x15 0x000000000000009c mem 0x0000000080031f28
core   0: 0x000000008000feea (0x000097ba) c.add   a5, a4
core   0: 3 0x000000008000feea (0x97ba) x15 0x00000000800120dc
core   0: 0x000000008000feec (0xfe043703) ld      a4, -32(s0)
core   0: 3 0x000000008000feec (0xfe043703) x14 0x00000000800120b7 mem 0x0000000080031f50
core   0: 0x000000008000fef0 (0xfcf76de3) bltu    a4, a5, pc - 38
core   0: 3 0x000000008000fef0 (0xfcf76de3)
core   0: 0x000000008000feca (0xfe043783) ld      a5, -32(s0)
core   0: 3 0x000000008000feca (0xfe043783) x15 0x00000000800120b7 mem 0x0000000080031f50
core   0: 0x000000008000fece (0x00178713) addi    a4, a5, 1
core   0: 3 0x000000008000fece (0x00178713) x14 0x00000000800120b8
core   0: 0x000000008000fed2 (0xfee43023) sd      a4, -32(s0)
core   0: 3 0x000000008000fed2 (0xfee43023) mem 0x0000000080031f50 0x00000000800120b8
core   0: 0x000000008000fed6 (0xfc442703) lw      a4, -60(s0)
core   0: 3 0x000000008000fed6 (0xfc442703) x14 0x0000000000000000 mem 0x0000000080031f34
core   0: 0x000000008000feda (0x0ff77713) andi    a4, a4, 255
core   0: 3 0x000000008000feda (0x0ff77713) x14 0x0000000000000000
core   0: 0x000000008000fede (0x00e78023) sb      a4, 0(a5)
core   0: 3 0x000000008000fede (0x00e78023) mem 0x00000000800120b7 0x00
core   0: 0x000000008000fee2 (0xfc843703) ld      a4, -56(s0)
core   0: 3 0x000000008000fee2 (0xfc843703) x14 0x0000000080012040 mem 0x0000000080031f38
core   0: 0x000000008000fee6 (0xfb843783) ld      a5, -72(s0)
core   0: 3 0x000000008000fee6 (0xfb843783) x15 0x000000000000009c mem 0x0000000080031f28
core   0: 0x000000008000feea (0x000097ba) c.add   a5, a4
core   0: 3 0x000000008000feea (0x97ba) x15 0x00000000800120dc
core   0: 0x000000008000feec (0xfe043703) ld      a4, -32(s0)
core   0: 3 0x000000008000feec (0xfe043703) x14 0x00000000800120b8 mem 0x0000000080031f50
core   0: 0x000000008000fef0 (0xfcf76de3) bltu    a4, a5, pc - 38
core   0: 3 0x000000008000fef0 (0xfcf76de3)
core   0: 0x000000008000feca (0xfe043783) ld      a5, -32(s0)
core   0: 3 0x000000008000feca (0xfe043783) x15 0x00000000800120b8 mem 0x0000000080031f50
core   0: 0x000000008000fece (0x00178713) addi    a4, a5, 1
core   0: 3 0x000000008000fece (0x00178713) x14 0x00000000800120b9
core   0: 0x000000008000fed2 (0xfee43023) sd      a4, -32(s0)
core   0: 3 0x000000008000fed2 (0xfee43023) mem 0x0000000080031f50 0x00000000800120b9
core   0: 0x000000008000fed6 (0xfc442703) lw      a4, -60(s0)
core   0: 3 0x000000008000fed6 (0xfc442703) x14 0x0000000000000000 mem 0x0000000080031f34
core   0: 0x000000008000feda (0x0ff77713) andi    a4, a4, 255
core   0: 3 0x000000008000feda (0x0ff77713) x14 0x0000000000000000
core   0: 0x000000008000fede (0x00e78023) sb      a4, 0(a5)
core   0: 3 0x000000008000fede (0x00e78023) mem 0x00000000800120b8 0x00
core   0: 0x000000008000fee2 (0xfc843703) ld      a4, -56(s0)
core   0: 3 0x000000008000fee2 (0xfc843703) x14 0x0000000080012040 mem 0x0000000080031f38
core   0: 0x000000008000fee6 (0xfb843783) ld      a5, -72(s0)
core   0: 3 0x000000008000fee6 (0xfb843783) x15 0x000000000000009c mem 0x0000000080031f28
core   0: 0x000000008000feea (0x000097ba) c.add   a5, a4
core   0: 3 0x000000008000feea (0x97ba) x15 0x00000000800120dc
core   0: 0x000000008000feec (0xfe043703) ld      a4, -32(s0)
core   0: 3 0x000000008000feec (0xfe043703) x14 0x00000000800120b9 mem 0x0000000080031f50
core   0: 0x000000008000fef0 (0xfcf76de3) bltu    a4, a5, pc - 38
core   0: 3 0x000000008000fef0 (0xfcf76de3)
core   0: 0x000000008000feca (0xfe043783) ld      a5, -32(s0)
core   0: 3 0x000000008000feca (0xfe043783) x15 0x00000000800120b9 mem 0x0000000080031f50
core   0: 0x000000008000fece (0x00178713) addi    a4, a5, 1
core   0: 3 0x000000008000fece (0x00178713) x14 0x00000000800120ba
core   0: 0x000000008000fed2 (0xfee43023) sd      a4, -32(s0)
core   0: 3 0x000000008000fed2 (0xfee43023) mem 0x0000000080031f50 0x00000000800120ba
core   0: 0x000000008000fed6 (0xfc442703) lw      a4, -60(s0)
core   0: 3 0x000000008000fed6 (0xfc442703) x14 0x0000000000000000 mem 0x0000000080031f34
core   0: 0x000000008000feda (0x0ff77713) andi    a4, a4, 255
core   0: 3 0x000000008000feda (0x0ff77713) x14 0x0000000000000000
core   0: 0x000000008000fede (0x00e78023) sb      a4, 0(a5)
core   0: 3 0x000000008000fede (0x00e78023) mem 0x00000000800120b9 0x00
core   0: 0x000000008000fee2 (0xfc843703) ld      a4, -56(s0)
core   0: 3 0x000000008000fee2 (0xfc843703) x14 0x0000000080012040 mem 0x0000000080031f38
core   0: 0x000000008000fee6 (0xfb843783) ld      a5, -72(s0)
core   0: 3 0x000000008000fee6 (0xfb843783) x15 0x000000000000009c mem 0x0000000080031f28
core   0: 0x000000008000feea (0x000097ba) c.add   a5, a4
core   0: 3 0x000000008000feea (0x97ba) x15 0x00000000800120dc
core   0: 0x000000008000feec (0xfe043703) ld      a4, -32(s0)
core   0: 3 0x000000008000feec (0xfe043703) x14 0x00000000800120ba mem 0x0000000080031f50
core   0: 0x000000008000fef0 (0xfcf76de3) bltu    a4, a5, pc - 38
core   0: 3 0x000000008000fef0 (0xfcf76de3)
core   0: 0x000000008000feca (0xfe043783) ld      a5, -32(s0)
core   0: 3 0x000000008000feca (0xfe043783) x15 0x00000000800120ba mem 0x0000000080031f50
core   0: 0x000000008000fece (0x00178713) addi    a4, a5, 1
core   0: 3 0x000000008000fece (0x00178713) x14 0x00000000800120bb
core   0: 0x000000008000fed2 (0xfee43023) sd      a4, -32(s0)
core   0: 3 0x000000008000fed2 (0xfee43023) mem 0x0000000080031f50 0x00000000800120bb
core   0: 0x000000008000fed6 (0xfc442703) lw      a4, -60(s0)
core   0: 3 0x000000008000fed6 (0xfc442703) x14 0x0000000000000000 mem 0x0000000080031f34
core   0: 0x000000008000feda (0x0ff77713) andi    a4, a4, 255
core   0: 3 0x000000008000feda (0x0ff77713) x14 0x0000000000000000
core   0: 0x000000008000fede (0x00e78023) sb      a4, 0(a5)
core   0: 3 0x000000008000fede (0x00e78023) mem 0x00000000800120ba 0x00
core   0: 0x000000008000fee2 (0xfc843703) ld      a4, -56(s0)
core   0: 3 0x000000008000fee2 (0xfc843703) x14 0x0000000080012040 mem 0x0000000080031f38
core   0: 0x000000008000fee6 (0xfb843783) ld      a5, -72(s0)
core   0: 3 0x000000008000fee6 (0xfb843783) x15 0x000000000000009c mem 0x0000000080031f28
core   0: 0x000000008000feea (0x000097ba) c.add   a5, a4
core   0: 3 0x000000008000feea (0x97ba) x15 0x00000000800120dc
core   0: 0x000000008000feec (0xfe043703) ld      a4, -32(s0)
core   0: 3 0x000000008000feec (0xfe043703) x14 0x00000000800120bb mem 0x0000000080031f50
core   0: 0x000000008000fef0 (0xfcf76de3) bltu    a4, a5, pc - 38
core   0: 3 0x000000008000fef0 (0xfcf76de3)
core   0: 0x000000008000feca (0xfe043783) ld      a5, -32(s0)
core   0: 3 0x000000008000feca (0xfe043783) x15 0x00000000800120bb mem 0x0000000080031f50
core   0: 0x000000008000fece (0x00178713) addi    a4, a5, 1
core   0: 3 0x000000008000fece (0x00178713) x14 0x00000000800120bc
core   0: 0x000000008000fed2 (0xfee43023) sd      a4, -32(s0)
core   0: 3 0x000000008000fed2 (0xfee43023) mem 0x0000000080031f50 0x00000000800120bc
core   0: 0x000000008000fed6 (0xfc442703) lw      a4, -60(s0)
core   0: 3 0x000000008000fed6 (0xfc442703) x14 0x0000000000000000 mem 0x0000000080031f34
core   0: 0x000000008000feda (0x0ff77713) andi    a4, a4, 255
core   0: 3 0x000000008000feda (0x0ff77713) x14 0x0000000000000000
core   0: 0x000000008000fede (0x00e78023) sb      a4, 0(a5)
core   0: 3 0x000000008000fede (0x00e78023) mem 0x00000000800120bb 0x00
core   0: 0x000000008000fee2 (0xfc843703) ld      a4, -56(s0)
core   0: 3 0x000000008000fee2 (0xfc843703) x14 0x0000000080012040 mem 0x0000000080031f38
core   0: 0x000000008000fee6 (0xfb843783) ld      a5, -72(s0)
core   0: 3 0x000000008000fee6 (0xfb843783) x15 0x000000000000009c mem 0x0000000080031f28
core   0: 0x000000008000feea (0x000097ba) c.add   a5, a4
core   0: 3 0x000000008000feea (0x97ba) x15 0x00000000800120dc
core   0: 0x000000008000feec (0xfe043703) ld      a4, -32(s0)
core   0: 3 0x000000008000feec (0xfe043703) x14 0x00000000800120bc mem 0x0000000080031f50
core   0: 0x000000008000fef0 (0xfcf76de3) bltu    a4, a5, pc - 38
core   0: 3 0x000000008000fef0 (0xfcf76de3)
core   0: 0x000000008000feca (0xfe043783) ld      a5, -32(s0)
core   0: 3 0x000000008000feca (0xfe043783) x15 0x00000000800120bc mem 0x0000000080031f50
core   0: 0x000000008000fece (0x00178713) addi    a4, a5, 1
core   0: 3 0x000000008000fece (0x00178713) x14 0x00000000800120bd
core   0: 0x000000008000fed2 (0xfee43023) sd      a4, -32(s0)
core   0: 3 0x000000008000fed2 (0xfee43023) mem 0x0000000080031f50 0x00000000800120bd
core   0: 0x000000008000fed6 (0xfc442703) lw      a4, -60(s0)
core   0: 3 0x000000008000fed6 (0xfc442703) x14 0x0000000000000000 mem 0x0000000080031f34
core   0: 0x000000008000feda (0x0ff77713) andi    a4, a4, 255
core   0: 3 0x000000008000feda (0x0ff77713) x14 0x0000000000000000
core   0: 0x000000008000fede (0x00e78023) sb      a4, 0(a5)
core   0: 3 0x000000008000fede (0x00e78023) mem 0x00000000800120bc 0x00
core   0: 0x000000008000fee2 (0xfc843703) ld      a4, -56(s0)
core   0: 3 0x000000008000fee2 (0xfc843703) x14 0x0000000080012040 mem 0x0000000080031f38
core   0: 0x000000008000fee6 (0xfb843783) ld      a5, -72(s0)
core   0: 3 0x000000008000fee6 (0xfb843783) x15 0x000000000000009c mem 0x0000000080031f28
core   0: 0x000000008000feea (0x000097ba) c.add   a5, a4
core   0: 3 0x000000008000feea (0x97ba) x15 0x00000000800120dc
core   0: 0x000000008000feec (0xfe043703) ld      a4, -32(s0)
core   0: 3 0x000000008000feec (0xfe043703) x14 0x00000000800120bd mem 0x0000000080031f50
core   0: 0x000000008000fef0 (0xfcf76de3) bltu    a4, a5, pc - 38
core   0: 3 0x000000008000fef0 (0xfcf76de3)
core   0: 0x000000008000feca (0xfe043783) ld      a5, -32(s0)
core   0: 3 0x000000008000feca (0xfe043783) x15 0x00000000800120bd mem 0x0000000080031f50
core   0: 0x000000008000fece (0x00178713) addi    a4, a5, 1
core   0: 3 0x000000008000fece (0x00178713) x14 0x00000000800120be
core   0: 0x000000008000fed2 (0xfee43023) sd      a4, -32(s0)
core   0: 3 0x000000008000fed2 (0xfee43023) mem 0x0000000080031f50 0x00000000800120be
core   0: 0x000000008000fed6 (0xfc442703) lw      a4, -60(s0)
core   0: 3 0x000000008000fed6 (0xfc442703) x14 0x0000000000000000 mem 0x0000000080031f34
core   0: 0x000000008000feda (0x0ff77713) andi    a4, a4, 255
core   0: 3 0x000000008000feda (0x0ff77713) x14 0x0000000000000000
core   0: 0x000000008000fede (0x00e78023) sb      a4, 0(a5)
core   0: 3 0x000000008000fede (0x00e78023) mem 0x00000000800120bd 0x00
core   0: 0x000000008000fee2 (0xfc843703) ld      a4, -56(s0)
core   0: 3 0x000000008000fee2 (0xfc843703) x14 0x0000000080012040 mem 0x0000000080031f38
core   0: 0x000000008000fee6 (0xfb843783) ld      a5, -72(s0)
core   0: 3 0x000000008000fee6 (0xfb843783) x15 0x000000000000009c mem 0x0000000080031f28
core   0: 0x000000008000feea (0x000097ba) c.add   a5, a4
core   0: 3 0x000000008000feea (0x97ba) x15 0x00000000800120dc
core   0: 0x000000008000feec (0xfe043703) ld      a4, -32(s0)
core   0: 3 0x000000008000feec (0xfe043703) x14 0x00000000800120be mem 0x0000000080031f50
core   0: 0x000000008000fef0 (0xfcf76de3) bltu    a4, a5, pc - 38
core   0: 3 0x000000008000fef0 (0xfcf76de3)
core   0: 0x000000008000feca (0xfe043783) ld      a5, -32(s0)
core   0: 3 0x000000008000feca (0xfe043783) x15 0x00000000800120be mem 0x0000000080031f50
core   0: 0x000000008000fece (0x00178713) addi    a4, a5, 1
core   0: 3 0x000000008000fece (0x00178713) x14 0x00000000800120bf
core   0: 0x000000008000fed2 (0xfee43023) sd      a4, -32(s0)
core   0: 3 0x000000008000fed2 (0xfee43023) mem 0x0000000080031f50 0x00000000800120bf
core   0: 0x000000008000fed6 (0xfc442703) lw      a4, -60(s0)
core   0: 3 0x000000008000fed6 (0xfc442703) x14 0x0000000000000000 mem 0x0000000080031f34
core   0: 0x000000008000feda (0x0ff77713) andi    a4, a4, 255
core   0: 3 0x000000008000feda (0x0ff77713) x14 0x0000000000000000
core   0: 0x000000008000fede (0x00e78023) sb      a4, 0(a5)
core   0: 3 0x000000008000fede (0x00e78023) mem 0x00000000800120be 0x00
core   0: 0x000000008000fee2 (0xfc843703) ld      a4, -56(s0)
core   0: 3 0x000000008000fee2 (0xfc843703) x14 0x0000000080012040 mem 0x0000000080031f38
core   0: 0x000000008000fee6 (0xfb843783) ld      a5, -72(s0)
core   0: 3 0x000000008000fee6 (0xfb843783) x15 0x000000000000009c mem 0x0000000080031f28
core   0: 0x000000008000feea (0x000097ba) c.add   a5, a4
core   0: 3 0x000000008000feea (0x97ba) x15 0x00000000800120dc
core   0: 0x000000008000feec (0xfe043703) ld      a4, -32(s0)
core   0: 3 0x000000008000feec (0xfe043703) x14 0x00000000800120bf mem 0x0000000080031f50
core   0: 0x000000008000fef0 (0xfcf76de3) bltu    a4, a5, pc - 38
core   0: 3 0x000000008000fef0 (0xfcf76de3)
core   0: 0x000000008000feca (0xfe043783) ld      a5, -32(s0)
core   0: 3 0x000000008000feca (0xfe043783) x15 0x00000000800120bf mem 0x0000000080031f50
core   0: 0x000000008000fece (0x00178713) addi    a4, a5, 1
core   0: 3 0x000000008000fece (0x00178713) x14 0x00000000800120c0
core   0: 0x000000008000fed2 (0xfee43023) sd      a4, -32(s0)
core   0: 3 0x000000008000fed2 (0xfee43023) mem 0x0000000080031f50 0x00000000800120c0
core   0: 0x000000008000fed6 (0xfc442703) lw      a4, -60(s0)
core   0: 3 0x000000008000fed6 (0xfc442703) x14 0x0000000000000000 mem 0x0000000080031f34
core   0: 0x000000008000feda (0x0ff77713) andi    a4, a4, 255
core   0: 3 0x000000008000feda (0x0ff77713) x14 0x0000000000000000
core   0: 0x000000008000fede (0x00e78023) sb      a4, 0(a5)
core   0: 3 0x000000008000fede (0x00e78023) mem 0x00000000800120bf 0x00
core   0: 0x000000008000fee2 (0xfc843703) ld      a4, -56(s0)
core   0: 3 0x000000008000fee2 (0xfc843703) x14 0x0000000080012040 mem 0x0000000080031f38
core   0: 0x000000008000fee6 (0xfb843783) ld      a5, -72(s0)
core   0: 3 0x000000008000fee6 (0xfb843783) x15 0x000000000000009c mem 0x0000000080031f28
core   0: 0x000000008000feea (0x000097ba) c.add   a5, a4
core   0: 3 0x000000008000feea (0x97ba) x15 0x00000000800120dc
core   0: 0x000000008000feec (0xfe043703) ld      a4, -32(s0)
core   0: 3 0x000000008000feec (0xfe043703) x14 0x00000000800120c0 mem 0x0000000080031f50
core   0: 0x000000008000fef0 (0xfcf76de3) bltu    a4, a5, pc - 38
core   0: 3 0x000000008000fef0 (0xfcf76de3)
core   0: 0x000000008000feca (0xfe043783) ld      a5, -32(s0)
core   0: 3 0x000000008000feca (0xfe043783) x15 0x00000000800120c0 mem 0x0000000080031f50
core   0: 0x000000008000fece (0x00178713) addi    a4, a5, 1
core   0: 3 0x000000008000fece (0x00178713) x14 0x00000000800120c1
core   0: 0x000000008000fed2 (0xfee43023) sd      a4, -32(s0)
core   0: 3 0x000000008000fed2 (0xfee43023) mem 0x0000000080031f50 0x00000000800120c1
core   0: 0x000000008000fed6 (0xfc442703) lw      a4, -60(s0)
core   0: 3 0x000000008000fed6 (0xfc442703) x14 0x0000000000000000 mem 0x0000000080031f34
core   0: 0x000000008000feda (0x0ff77713) andi    a4, a4, 255
core   0: 3 0x000000008000feda (0x0ff77713) x14 0x0000000000000000
core   0: 0x000000008000fede (0x00e78023) sb      a4, 0(a5)
core   0: 3 0x000000008000fede (0x00e78023) mem 0x00000000800120c0 0x00
core   0: 0x000000008000fee2 (0xfc843703) ld      a4, -56(s0)
core   0: 3 0x000000008000fee2 (0xfc843703) x14 0x0000000080012040 mem 0x0000000080031f38
core   0: 0x000000008000fee6 (0xfb843783) ld      a5, -72(s0)
core   0: 3 0x000000008000fee6 (0xfb843783) x15 0x000000000000009c mem 0x0000000080031f28
core   0: 0x000000008000feea (0x000097ba) c.add   a5, a4
core   0: 3 0x000000008000feea (0x97ba) x15 0x00000000800120dc
core   0: 0x000000008000feec (0xfe043703) ld      a4, -32(s0)
core   0: 3 0x000000008000feec (0xfe043703) x14 0x00000000800120c1 mem 0x0000000080031f50
core   0: 0x000000008000fef0 (0xfcf76de3) bltu    a4, a5, pc - 38
core   0: 3 0x000000008000fef0 (0xfcf76de3)
core   0: 0x000000008000feca (0xfe043783) ld      a5, -32(s0)
core   0: 3 0x000000008000feca (0xfe043783) x15 0x00000000800120c1 mem 0x0000000080031f50
core   0: 0x000000008000fece (0x00178713) addi    a4, a5, 1
core   0: 3 0x000000008000fece (0x00178713) x14 0x00000000800120c2
core   0: 0x000000008000fed2 (0xfee43023) sd      a4, -32(s0)
core   0: 3 0x000000008000fed2 (0xfee43023) mem 0x0000000080031f50 0x00000000800120c2
core   0: 0x000000008000fed6 (0xfc442703) lw      a4, -60(s0)
core   0: 3 0x000000008000fed6 (0xfc442703) x14 0x0000000000000000 mem 0x0000000080031f34
core   0: 0x000000008000feda (0x0ff77713) andi    a4, a4, 255
core   0: 3 0x000000008000feda (0x0ff77713) x14 0x0000000000000000
core   0: 0x000000008000fede (0x00e78023) sb      a4, 0(a5)
core   0: 3 0x000000008000fede (0x00e78023) mem 0x00000000800120c1 0x00
core   0: 0x000000008000fee2 (0xfc843703) ld      a4, -56(s0)
core   0: 3 0x000000008000fee2 (0xfc843703) x14 0x0000000080012040 mem 0x0000000080031f38
core   0: 0x000000008000fee6 (0xfb843783) ld      a5, -72(s0)
core   0: 3 0x000000008000fee6 (0xfb843783) x15 0x000000000000009c mem 0x0000000080031f28
core   0: 0x000000008000feea (0x000097ba) c.add   a5, a4
core   0: 3 0x000000008000feea (0x97ba) x15 0x00000000800120dc
core   0: 0x000000008000feec (0xfe043703) ld      a4, -32(s0)
core   0: 3 0x000000008000feec (0xfe043703) x14 0x00000000800120c2 mem 0x0000000080031f50
core   0: 0x000000008000fef0 (0xfcf76de3) bltu    a4, a5, pc - 38
core   0: 3 0x000000008000fef0 (0xfcf76de3)
core   0: 0x000000008000feca (0xfe043783) ld      a5, -32(s0)
core   0: 3 0x000000008000feca (0xfe043783) x15 0x00000000800120c2 mem 0x0000000080031f50
core   0: 0x000000008000fece (0x00178713) addi    a4, a5, 1
core   0: 3 0x000000008000fece (0x00178713) x14 0x00000000800120c3
core   0: 0x000000008000fed2 (0xfee43023) sd      a4, -32(s0)
core   0: 3 0x000000008000fed2 (0xfee43023) mem 0x0000000080031f50 0x00000000800120c3
core   0: 0x000000008000fed6 (0xfc442703) lw      a4, -60(s0)
core   0: 3 0x000000008000fed6 (0xfc442703) x14 0x0000000000000000 mem 0x0000000080031f34
core   0: 0x000000008000feda (0x0ff77713) andi    a4, a4, 255
core   0: 3 0x000000008000feda (0x0ff77713) x14 0x0000000000000000
core   0: 0x000000008000fede (0x00e78023) sb      a4, 0(a5)
core   0: 3 0x000000008000fede (0x00e78023) mem 0x00000000800120c2 0x00
core   0: 0x000000008000fee2 (0xfc843703) ld      a4, -56(s0)
core   0: 3 0x000000008000fee2 (0xfc843703) x14 0x0000000080012040 mem 0x0000000080031f38
core   0: 0x000000008000fee6 (0xfb843783) ld      a5, -72(s0)
core   0: 3 0x000000008000fee6 (0xfb843783) x15 0x000000000000009c mem 0x0000000080031f28
core   0: 0x000000008000feea (0x000097ba) c.add   a5, a4
core   0: 3 0x000000008000feea (0x97ba) x15 0x00000000800120dc
core   0: 0x000000008000feec (0xfe043703) ld      a4, -32(s0)
core   0: 3 0x000000008000feec (0xfe043703) x14 0x00000000800120c3 mem 0x0000000080031f50
core   0: 0x000000008000fef0 (0xfcf76de3) bltu    a4, a5, pc - 38
core   0: 3 0x000000008000fef0 (0xfcf76de3)
core   0: 0x000000008000feca (0xfe043783) ld      a5, -32(s0)
core   0: 3 0x000000008000feca (0xfe043783) x15 0x00000000800120c3 mem 0x0000000080031f50
core   0: 0x000000008000fece (0x00178713) addi    a4, a5, 1
core   0: 3 0x000000008000fece (0x00178713) x14 0x00000000800120c4
core   0: 0x000000008000fed2 (0xfee43023) sd      a4, -32(s0)
core   0: 3 0x000000008000fed2 (0xfee43023) mem 0x0000000080031f50 0x00000000800120c4
core   0: 0x000000008000fed6 (0xfc442703) lw      a4, -60(s0)
core   0: 3 0x000000008000fed6 (0xfc442703) x14 0x0000000000000000 mem 0x0000000080031f34
core   0: 0x000000008000feda (0x0ff77713) andi    a4, a4, 255
core   0: 3 0x000000008000feda (0x0ff77713) x14 0x0000000000000000
core   0: 0x000000008000fede (0x00e78023) sb      a4, 0(a5)
core   0: 3 0x000000008000fede (0x00e78023) mem 0x00000000800120c3 0x00
core   0: 0x000000008000fee2 (0xfc843703) ld      a4, -56(s0)
core   0: 3 0x000000008000fee2 (0xfc843703) x14 0x0000000080012040 mem 0x0000000080031f38
core   0: 0x000000008000fee6 (0xfb843783) ld      a5, -72(s0)
core   0: 3 0x000000008000fee6 (0xfb843783) x15 0x000000000000009c mem 0x0000000080031f28
core   0: 0x000000008000feea (0x000097ba) c.add   a5, a4
core   0: 3 0x000000008000feea (0x97ba) x15 0x00000000800120dc
core   0: 0x000000008000feec (0xfe043703) ld      a4, -32(s0)
core   0: 3 0x000000008000feec (0xfe043703) x14 0x00000000800120c4 mem 0x0000000080031f50
core   0: 0x000000008000fef0 (0xfcf76de3) bltu    a4, a5, pc - 38
core   0: 3 0x000000008000fef0 (0xfcf76de3)
core   0: 0x000000008000feca (0xfe043783) ld      a5, -32(s0)
core   0: 3 0x000000008000feca (0xfe043783) x15 0x00000000800120c4 mem 0x0000000080031f50
core   0: 0x000000008000fece (0x00178713) addi    a4, a5, 1
core   0: 3 0x000000008000fece (0x00178713) x14 0x00000000800120c5
core   0: 0x000000008000fed2 (0xfee43023) sd      a4, -32(s0)
core   0: 3 0x000000008000fed2 (0xfee43023) mem 0x0000000080031f50 0x00000000800120c5
core   0: 0x000000008000fed6 (0xfc442703) lw      a4, -60(s0)
core   0: 3 0x000000008000fed6 (0xfc442703) x14 0x0000000000000000 mem 0x0000000080031f34
core   0: 0x000000008000feda (0x0ff77713) andi    a4, a4, 255
core   0: 3 0x000000008000feda (0x0ff77713) x14 0x0000000000000000
core   0: 0x000000008000fede (0x00e78023) sb      a4, 0(a5)
core   0: 3 0x000000008000fede (0x00e78023) mem 0x00000000800120c4 0x00
core   0: 0x000000008000fee2 (0xfc843703) ld      a4, -56(s0)
core   0: 3 0x000000008000fee2 (0xfc843703) x14 0x0000000080012040 mem 0x0000000080031f38
core   0: 0x000000008000fee6 (0xfb843783) ld      a5, -72(s0)
core   0: 3 0x000000008000fee6 (0xfb843783) x15 0x000000000000009c mem 0x0000000080031f28
core   0: 0x000000008000feea (0x000097ba) c.add   a5, a4
core   0: 3 0x000000008000feea (0x97ba) x15 0x00000000800120dc
core   0: 0x000000008000feec (0xfe043703) ld      a4, -32(s0)
core   0: 3 0x000000008000feec (0xfe043703) x14 0x00000000800120c5 mem 0x0000000080031f50
core   0: 0x000000008000fef0 (0xfcf76de3) bltu    a4, a5, pc - 38
core   0: 3 0x000000008000fef0 (0xfcf76de3)
core   0: 0x000000008000feca (0xfe043783) ld      a5, -32(s0)
core   0: 3 0x000000008000feca (0xfe043783) x15 0x00000000800120c5 mem 0x0000000080031f50
core   0: 0x000000008000fece (0x00178713) addi    a4, a5, 1
core   0: 3 0x000000008000fece (0x00178713) x14 0x00000000800120c6
core   0: 0x000000008000fed2 (0xfee43023) sd      a4, -32(s0)
core   0: 3 0x000000008000fed2 (0xfee43023) mem 0x0000000080031f50 0x00000000800120c6
core   0: 0x000000008000fed6 (0xfc442703) lw      a4, -60(s0)
core   0: 3 0x000000008000fed6 (0xfc442703) x14 0x0000000000000000 mem 0x0000000080031f34
core   0: 0x000000008000feda (0x0ff77713) andi    a4, a4, 255
core   0: 3 0x000000008000feda (0x0ff77713) x14 0x0000000000000000
core   0: 0x000000008000fede (0x00e78023) sb      a4, 0(a5)
core   0: 3 0x000000008000fede (0x00e78023) mem 0x00000000800120c5 0x00
core   0: 0x000000008000fee2 (0xfc843703) ld      a4, -56(s0)
core   0: 3 0x000000008000fee2 (0xfc843703) x14 0x0000000080012040 mem 0x0000000080031f38
core   0: 0x000000008000fee6 (0xfb843783) ld      a5, -72(s0)
core   0: 3 0x000000008000fee6 (0xfb843783) x15 0x000000000000009c mem 0x0000000080031f28
core   0: 0x000000008000feea (0x000097ba) c.add   a5, a4
core   0: 3 0x000000008000feea (0x97ba) x15 0x00000000800120dc
core   0: 0x000000008000feec (0xfe043703) ld      a4, -32(s0)
core   0: 3 0x000000008000feec (0xfe043703) x14 0x00000000800120c6 mem 0x0000000080031f50
core   0: 0x000000008000fef0 (0xfcf76de3) bltu    a4, a5, pc - 38
core   0: 3 0x000000008000fef0 (0xfcf76de3)
core   0: 0x000000008000feca (0xfe043783) ld      a5, -32(s0)
core   0: 3 0x000000008000feca (0xfe043783) x15 0x00000000800120c6 mem 0x0000000080031f50
core   0: 0x000000008000fece (0x00178713) addi    a4, a5, 1
core   0: 3 0x000000008000fece (0x00178713) x14 0x00000000800120c7
core   0: 0x000000008000fed2 (0xfee43023) sd      a4, -32(s0)
core   0: 3 0x000000008000fed2 (0xfee43023) mem 0x0000000080031f50 0x00000000800120c7
core   0: 0x000000008000fed6 (0xfc442703) lw      a4, -60(s0)
core   0: 3 0x000000008000fed6 (0xfc442703) x14 0x0000000000000000 mem 0x0000000080031f34
core   0: 0x000000008000feda (0x0ff77713) andi    a4, a4, 255
core   0: 3 0x000000008000feda (0x0ff77713) x14 0x0000000000000000
core   0: 0x000000008000fede (0x00e78023) sb      a4, 0(a5)
core   0: 3 0x000000008000fede (0x00e78023) mem 0x00000000800120c6 0x00
core   0: 0x000000008000fee2 (0xfc843703) ld      a4, -56(s0)
core   0: 3 0x000000008000fee2 (0xfc843703) x14 0x0000000080012040 mem 0x0000000080031f38
core   0: 0x000000008000fee6 (0xfb843783) ld      a5, -72(s0)
core   0: 3 0x000000008000fee6 (0xfb843783) x15 0x000000000000009c mem 0x0000000080031f28
core   0: 0x000000008000feea (0x000097ba) c.add   a5, a4
core   0: 3 0x000000008000feea (0x97ba) x15 0x00000000800120dc
core   0: 0x000000008000feec (0xfe043703) ld      a4, -32(s0)
core   0: 3 0x000000008000feec (0xfe043703) x14 0x00000000800120c7 mem 0x0000000080031f50
core   0: 0x000000008000fef0 (0xfcf76de3) bltu    a4, a5, pc - 38
core   0: 3 0x000000008000fef0 (0xfcf76de3)
core   0: 0x000000008000feca (0xfe043783) ld      a5, -32(s0)
core   0: 3 0x000000008000feca (0xfe043783) x15 0x00000000800120c7 mem 0x0000000080031f50
core   0: 0x000000008000fece (0x00178713) addi    a4, a5, 1
core   0: 3 0x000000008000fece (0x00178713) x14 0x00000000800120c8
core   0: 0x000000008000fed2 (0xfee43023) sd      a4, -32(s0)
core   0: 3 0x000000008000fed2 (0xfee43023) mem 0x0000000080031f50 0x00000000800120c8
core   0: 0x000000008000fed6 (0xfc442703) lw      a4, -60(s0)
core   0: 3 0x000000008000fed6 (0xfc442703) x14 0x0000000000000000 mem 0x0000000080031f34
core   0: 0x000000008000feda (0x0ff77713) andi    a4, a4, 255
core   0: 3 0x000000008000feda (0x0ff77713) x14 0x0000000000000000
core   0: 0x000000008000fede (0x00e78023) sb      a4, 0(a5)
core   0: 3 0x000000008000fede (0x00e78023) mem 0x00000000800120c7 0x00
core   0: 0x000000008000fee2 (0xfc843703) ld      a4, -56(s0)
core   0: 3 0x000000008000fee2 (0xfc843703) x14 0x0000000080012040 mem 0x0000000080031f38
core   0: 0x000000008000fee6 (0xfb843783) ld      a5, -72(s0)
core   0: 3 0x000000008000fee6 (0xfb843783) x15 0x000000000000009c mem 0x0000000080031f28
core   0: 0x000000008000feea (0x000097ba) c.add   a5, a4
core   0: 3 0x000000008000feea (0x97ba) x15 0x00000000800120dc
core   0: 0x000000008000feec (0xfe043703) ld      a4, -32(s0)
core   0: 3 0x000000008000feec (0xfe043703) x14 0x00000000800120c8 mem 0x0000000080031f50
core   0: 0x000000008000fef0 (0xfcf76de3) bltu    a4, a5, pc - 38
core   0: 3 0x000000008000fef0 (0xfcf76de3)
core   0: 0x000000008000feca (0xfe043783) ld      a5, -32(s0)
core   0: 3 0x000000008000feca (0xfe043783) x15 0x00000000800120c8 mem 0x0000000080031f50
core   0: 0x000000008000fece (0x00178713) addi    a4, a5, 1
core   0: 3 0x000000008000fece (0x00178713) x14 0x00000000800120c9
core   0: 0x000000008000fed2 (0xfee43023) sd      a4, -32(s0)
core   0: 3 0x000000008000fed2 (0xfee43023) mem 0x0000000080031f50 0x00000000800120c9
core   0: 0x000000008000fed6 (0xfc442703) lw      a4, -60(s0)
core   0: 3 0x000000008000fed6 (0xfc442703) x14 0x0000000000000000 mem 0x0000000080031f34
core   0: 0x000000008000feda (0x0ff77713) andi    a4, a4, 255
core   0: 3 0x000000008000feda (0x0ff77713) x14 0x0000000000000000
core   0: 0x000000008000fede (0x00e78023) sb      a4, 0(a5)
core   0: 3 0x000000008000fede (0x00e78023) mem 0x00000000800120c8 0x00
core   0: 0x000000008000fee2 (0xfc843703) ld      a4, -56(s0)
core   0: 3 0x000000008000fee2 (0xfc843703) x14 0x0000000080012040 mem 0x0000000080031f38
core   0: 0x000000008000fee6 (0xfb843783) ld      a5, -72(s0)
core   0: 3 0x000000008000fee6 (0xfb843783) x15 0x000000000000009c mem 0x0000000080031f28
core   0: 0x000000008000feea (0x000097ba) c.add   a5, a4
core   0: 3 0x000000008000feea (0x97ba) x15 0x00000000800120dc
core   0: 0x000000008000feec (0xfe043703) ld      a4, -32(s0)
core   0: 3 0x000000008000feec (0xfe043703) x14 0x00000000800120c9 mem 0x0000000080031f50
core   0: 0x000000008000fef0 (0xfcf76de3) bltu    a4, a5, pc - 38
core   0: 3 0x000000008000fef0 (0xfcf76de3)
core   0: 0x000000008000feca (0xfe043783) ld      a5, -32(s0)
core   0: 3 0x000000008000feca (0xfe043783) x15 0x00000000800120c9 mem 0x0000000080031f50
core   0: 0x000000008000fece (0x00178713) addi    a4, a5, 1
core   0: 3 0x000000008000fece (0x00178713) x14 0x00000000800120ca
core   0: 0x000000008000fed2 (0xfee43023) sd      a4, -32(s0)
core   0: 3 0x000000008000fed2 (0xfee43023) mem 0x0000000080031f50 0x00000000800120ca
core   0: 0x000000008000fed6 (0xfc442703) lw      a4, -60(s0)
core   0: 3 0x000000008000fed6 (0xfc442703) x14 0x0000000000000000 mem 0x0000000080031f34
core   0: 0x000000008000feda (0x0ff77713) andi    a4, a4, 255
core   0: 3 0x000000008000feda (0x0ff77713) x14 0x0000000000000000
core   0: 0x000000008000fede (0x00e78023) sb      a4, 0(a5)
core   0: 3 0x000000008000fede (0x00e78023) mem 0x00000000800120c9 0x00
core   0: 0x000000008000fee2 (0xfc843703) ld      a4, -56(s0)
core   0: 3 0x000000008000fee2 (0xfc843703) x14 0x0000000080012040 mem 0x0000000080031f38
core   0: 0x000000008000fee6 (0xfb843783) ld      a5, -72(s0)
core   0: 3 0x000000008000fee6 (0xfb843783) x15 0x000000000000009c mem 0x0000000080031f28
core   0: 0x000000008000feea (0x000097ba) c.add   a5, a4
core   0: 3 0x000000008000feea (0x97ba) x15 0x00000000800120dc
core   0: 0x000000008000feec (0xfe043703) ld      a4, -32(s0)
core   0: 3 0x000000008000feec (0xfe043703) x14 0x00000000800120ca mem 0x0000000080031f50
core   0: 0x000000008000fef0 (0xfcf76de3) bltu    a4, a5, pc - 38
core   0: 3 0x000000008000fef0 (0xfcf76de3)
core   0: 0x000000008000feca (0xfe043783) ld      a5, -32(s0)
core   0: 3 0x000000008000feca (0xfe043783) x15 0x00000000800120ca mem 0x0000000080031f50
core   0: 0x000000008000fece (0x00178713) addi    a4, a5, 1
core   0: 3 0x000000008000fece (0x00178713) x14 0x00000000800120cb
core   0: 0x000000008000fed2 (0xfee43023) sd      a4, -32(s0)
core   0: 3 0x000000008000fed2 (0xfee43023) mem 0x0000000080031f50 0x00000000800120cb
core   0: 0x000000008000fed6 (0xfc442703) lw      a4, -60(s0)
core   0: 3 0x000000008000fed6 (0xfc442703) x14 0x0000000000000000 mem 0x0000000080031f34
core   0: 0x000000008000feda (0x0ff77713) andi    a4, a4, 255
core   0: 3 0x000000008000feda (0x0ff77713) x14 0x0000000000000000
core   0: 0x000000008000fede (0x00e78023) sb      a4, 0(a5)
core   0: 3 0x000000008000fede (0x00e78023) mem 0x00000000800120ca 0x00
core   0: 0x000000008000fee2 (0xfc843703) ld      a4, -56(s0)
core   0: 3 0x000000008000fee2 (0xfc843703) x14 0x0000000080012040 mem 0x0000000080031f38
core   0: 0x000000008000fee6 (0xfb843783) ld      a5, -72(s0)
core   0: 3 0x000000008000fee6 (0xfb843783) x15 0x000000000000009c mem 0x0000000080031f28
core   0: 0x000000008000feea (0x000097ba) c.add   a5, a4
core   0: 3 0x000000008000feea (0x97ba) x15 0x00000000800120dc
core   0: 0x000000008000feec (0xfe043703) ld      a4, -32(s0)
core   0: 3 0x000000008000feec (0xfe043703) x14 0x00000000800120cb mem 0x0000000080031f50
core   0: 0x000000008000fef0 (0xfcf76de3) bltu    a4, a5, pc - 38
core   0: 3 0x000000008000fef0 (0xfcf76de3)
core   0: 0x000000008000feca (0xfe043783) ld      a5, -32(s0)
core   0: 3 0x000000008000feca (0xfe043783) x15 0x00000000800120cb mem 0x0000000080031f50
core   0: 0x000000008000fece (0x00178713) addi    a4, a5, 1
core   0: 3 0x000000008000fece (0x00178713) x14 0x00000000800120cc
core   0: 0x000000008000fed2 (0xfee43023) sd      a4, -32(s0)
core   0: 3 0x000000008000fed2 (0xfee43023) mem 0x0000000080031f50 0x00000000800120cc
core   0: 0x000000008000fed6 (0xfc442703) lw      a4, -60(s0)
core   0: 3 0x000000008000fed6 (0xfc442703) x14 0x0000000000000000 mem 0x0000000080031f34
core   0: 0x000000008000feda (0x0ff77713) andi    a4, a4, 255
core   0: 3 0x000000008000feda (0x0ff77713) x14 0x0000000000000000
core   0: 0x000000008000fede (0x00e78023) sb      a4, 0(a5)
core   0: 3 0x000000008000fede (0x00e78023) mem 0x00000000800120cb 0x00
core   0: 0x000000008000fee2 (0xfc843703) ld      a4, -56(s0)
core   0: 3 0x000000008000fee2 (0xfc843703) x14 0x0000000080012040 mem 0x0000000080031f38
core   0: 0x000000008000fee6 (0xfb843783) ld      a5, -72(s0)
core   0: 3 0x000000008000fee6 (0xfb843783) x15 0x000000000000009c mem 0x0000000080031f28
core   0: 0x000000008000feea (0x000097ba) c.add   a5, a4
core   0: 3 0x000000008000feea (0x97ba) x15 0x00000000800120dc
core   0: 0x000000008000feec (0xfe043703) ld      a4, -32(s0)
core   0: 3 0x000000008000feec (0xfe043703) x14 0x00000000800120cc mem 0x0000000080031f50
core   0: 0x000000008000fef0 (0xfcf76de3) bltu    a4, a5, pc - 38
core   0: 3 0x000000008000fef0 (0xfcf76de3)
core   0: 0x000000008000feca (0xfe043783) ld      a5, -32(s0)
core   0: 3 0x000000008000feca (0xfe043783) x15 0x00000000800120cc mem 0x0000000080031f50
core   0: 0x000000008000fece (0x00178713) addi    a4, a5, 1
core   0: 3 0x000000008000fece (0x00178713) x14 0x00000000800120cd
core   0: 0x000000008000fed2 (0xfee43023) sd      a4, -32(s0)
core   0: 3 0x000000008000fed2 (0xfee43023) mem 0x0000000080031f50 0x00000000800120cd
core   0: 0x000000008000fed6 (0xfc442703) lw      a4, -60(s0)
core   0: 3 0x000000008000fed6 (0xfc442703) x14 0x0000000000000000 mem 0x0000000080031f34
core   0: 0x000000008000feda (0x0ff77713) andi    a4, a4, 255
core   0: 3 0x000000008000feda (0x0ff77713) x14 0x0000000000000000
core   0: 0x000000008000fede (0x00e78023) sb      a4, 0(a5)
core   0: 3 0x000000008000fede (0x00e78023) mem 0x00000000800120cc 0x00
core   0: 0x000000008000fee2 (0xfc843703) ld      a4, -56(s0)
core   0: 3 0x000000008000fee2 (0xfc843703) x14 0x0000000080012040 mem 0x0000000080031f38
core   0: 0x000000008000fee6 (0xfb843783) ld      a5, -72(s0)
core   0: 3 0x000000008000fee6 (0xfb843783) x15 0x000000000000009c mem 0x0000000080031f28
core   0: 0x000000008000feea (0x000097ba) c.add   a5, a4
core   0: 3 0x000000008000feea (0x97ba) x15 0x00000000800120dc
core   0: 0x000000008000feec (0xfe043703) ld      a4, -32(s0)
core   0: 3 0x000000008000feec (0xfe043703) x14 0x00000000800120cd mem 0x0000000080031f50
core   0: 0x000000008000fef0 (0xfcf76de3) bltu    a4, a5, pc - 38
core   0: 3 0x000000008000fef0 (0xfcf76de3)
core   0: 0x000000008000feca (0xfe043783) ld      a5, -32(s0)
core   0: 3 0x000000008000feca (0xfe043783) x15 0x00000000800120cd mem 0x0000000080031f50
core   0: 0x000000008000fece (0x00178713) addi    a4, a5, 1
core   0: 3 0x000000008000fece (0x00178713) x14 0x00000000800120ce
core   0: 0x000000008000fed2 (0xfee43023) sd      a4, -32(s0)
core   0: 3 0x000000008000fed2 (0xfee43023) mem 0x0000000080031f50 0x00000000800120ce
core   0: 0x000000008000fed6 (0xfc442703) lw      a4, -60(s0)
core   0: 3 0x000000008000fed6 (0xfc442703) x14 0x0000000000000000 mem 0x0000000080031f34
core   0: 0x000000008000feda (0x0ff77713) andi    a4, a4, 255
core   0: 3 0x000000008000feda (0x0ff77713) x14 0x0000000000000000
core   0: 0x000000008000fede (0x00e78023) sb      a4, 0(a5)
core   0: 3 0x000000008000fede (0x00e78023) mem 0x00000000800120cd 0x00
core   0: 0x000000008000fee2 (0xfc843703) ld      a4, -56(s0)
core   0: 3 0x000000008000fee2 (0xfc843703) x14 0x0000000080012040 mem 0x0000000080031f38
core   0: 0x000000008000fee6 (0xfb843783) ld      a5, -72(s0)
core   0: 3 0x000000008000fee6 (0xfb843783) x15 0x000000000000009c mem 0x0000000080031f28
core   0: 0x000000008000feea (0x000097ba) c.add   a5, a4
core   0: 3 0x000000008000feea (0x97ba) x15 0x00000000800120dc
core   0: 0x000000008000feec (0xfe043703) ld      a4, -32(s0)
core   0: 3 0x000000008000feec (0xfe043703) x14 0x00000000800120ce mem 0x0000000080031f50
core   0: 0x000000008000fef0 (0xfcf76de3) bltu    a4, a5, pc - 38
core   0: 3 0x000000008000fef0 (0xfcf76de3)
core   0: 0x000000008000feca (0xfe043783) ld      a5, -32(s0)
core   0: 3 0x000000008000feca (0xfe043783) x15 0x00000000800120ce mem 0x0000000080031f50
core   0: 0x000000008000fece (0x00178713) addi    a4, a5, 1
core   0: 3 0x000000008000fece (0x00178713) x14 0x00000000800120cf
core   0: 0x000000008000fed2 (0xfee43023) sd      a4, -32(s0)
core   0: 3 0x000000008000fed2 (0xfee43023) mem 0x0000000080031f50 0x00000000800120cf
core   0: 0x000000008000fed6 (0xfc442703) lw      a4, -60(s0)
core   0: 3 0x000000008000fed6 (0xfc442703) x14 0x0000000000000000 mem 0x0000000080031f34
core   0: 0x000000008000feda (0x0ff77713) andi    a4, a4, 255
core   0: 3 0x000000008000feda (0x0ff77713) x14 0x0000000000000000
core   0: 0x000000008000fede (0x00e78023) sb      a4, 0(a5)
core   0: 3 0x000000008000fede (0x00e78023) mem 0x00000000800120ce 0x00
core   0: 0x000000008000fee2 (0xfc843703) ld      a4, -56(s0)
core   0: 3 0x000000008000fee2 (0xfc843703) x14 0x0000000080012040 mem 0x0000000080031f38
core   0: 0x000000008000fee6 (0xfb843783) ld      a5, -72(s0)
core   0: 3 0x000000008000fee6 (0xfb843783) x15 0x000000000000009c mem 0x0000000080031f28
core   0: 0x000000008000feea (0x000097ba) c.add   a5, a4
core   0: 3 0x000000008000feea (0x97ba) x15 0x00000000800120dc
core   0: 0x000000008000feec (0xfe043703) ld      a4, -32(s0)
core   0: 3 0x000000008000feec (0xfe043703) x14 0x00000000800120cf mem 0x0000000080031f50
core   0: 0x000000008000fef0 (0xfcf76de3) bltu    a4, a5, pc - 38
core   0: 3 0x000000008000fef0 (0xfcf76de3)
core   0: 0x000000008000feca (0xfe043783) ld      a5, -32(s0)
core   0: 3 0x000000008000feca (0xfe043783) x15 0x00000000800120cf mem 0x0000000080031f50
core   0: 0x000000008000fece (0x00178713) addi    a4, a5, 1
core   0: 3 0x000000008000fece (0x00178713) x14 0x00000000800120d0
core   0: 0x000000008000fed2 (0xfee43023) sd      a4, -32(s0)
core   0: 3 0x000000008000fed2 (0xfee43023) mem 0x0000000080031f50 0x00000000800120d0
core   0: 0x000000008000fed6 (0xfc442703) lw      a4, -60(s0)
core   0: 3 0x000000008000fed6 (0xfc442703) x14 0x0000000000000000 mem 0x0000000080031f34
core   0: 0x000000008000feda (0x0ff77713) andi    a4, a4, 255
core   0: 3 0x000000008000feda (0x0ff77713) x14 0x0000000000000000
core   0: 0x000000008000fede (0x00e78023) sb      a4, 0(a5)
core   0: 3 0x000000008000fede (0x00e78023) mem 0x00000000800120cf 0x00
core   0: 0x000000008000fee2 (0xfc843703) ld      a4, -56(s0)
core   0: 3 0x000000008000fee2 (0xfc843703) x14 0x0000000080012040 mem 0x0000000080031f38
core   0: 0x000000008000fee6 (0xfb843783) ld      a5, -72(s0)
core   0: 3 0x000000008000fee6 (0xfb843783) x15 0x000000000000009c mem 0x0000000080031f28
core   0: 0x000000008000feea (0x000097ba) c.add   a5, a4
core   0: 3 0x000000008000feea (0x97ba) x15 0x00000000800120dc
core   0: 0x000000008000feec (0xfe043703) ld      a4, -32(s0)
core   0: 3 0x000000008000feec (0xfe043703) x14 0x00000000800120d0 mem 0x0000000080031f50
core   0: 0x000000008000fef0 (0xfcf76de3) bltu    a4, a5, pc - 38
core   0: 3 0x000000008000fef0 (0xfcf76de3)
core   0: 0x000000008000feca (0xfe043783) ld      a5, -32(s0)
core   0: 3 0x000000008000feca (0xfe043783) x15 0x00000000800120d0 mem 0x0000000080031f50
core   0: 0x000000008000fece (0x00178713) addi    a4, a5, 1
core   0: 3 0x000000008000fece (0x00178713) x14 0x00000000800120d1
core   0: 0x000000008000fed2 (0xfee43023) sd      a4, -32(s0)
core   0: 3 0x000000008000fed2 (0xfee43023) mem 0x0000000080031f50 0x00000000800120d1
core   0: 0x000000008000fed6 (0xfc442703) lw      a4, -60(s0)
core   0: 3 0x000000008000fed6 (0xfc442703) x14 0x0000000000000000 mem 0x0000000080031f34
core   0: 0x000000008000feda (0x0ff77713) andi    a4, a4, 255
core   0: 3 0x000000008000feda (0x0ff77713) x14 0x0000000000000000
core   0: 0x000000008000fede (0x00e78023) sb      a4, 0(a5)
core   0: 3 0x000000008000fede (0x00e78023) mem 0x00000000800120d0 0x00
core   0: 0x000000008000fee2 (0xfc843703) ld      a4, -56(s0)
core   0: 3 0x000000008000fee2 (0xfc843703) x14 0x0000000080012040 mem 0x0000000080031f38
core   0: 0x000000008000fee6 (0xfb843783) ld      a5, -72(s0)
core   0: 3 0x000000008000fee6 (0xfb843783) x15 0x000000000000009c mem 0x0000000080031f28
core   0: 0x000000008000feea (0x000097ba) c.add   a5, a4
core   0: 3 0x000000008000feea (0x97ba) x15 0x00000000800120dc
core   0: 0x000000008000feec (0xfe043703) ld      a4, -32(s0)
core   0: 3 0x000000008000feec (0xfe043703) x14 0x00000000800120d1 mem 0x0000000080031f50
core   0: 0x000000008000fef0 (0xfcf76de3) bltu    a4, a5, pc - 38
core   0: 3 0x000000008000fef0 (0xfcf76de3)
core   0: 0x000000008000feca (0xfe043783) ld      a5, -32(s0)
core   0: 3 0x000000008000feca (0xfe043783) x15 0x00000000800120d1 mem 0x0000000080031f50
core   0: 0x000000008000fece (0x00178713) addi    a4, a5, 1
core   0: 3 0x000000008000fece (0x00178713) x14 0x00000000800120d2
core   0: 0x000000008000fed2 (0xfee43023) sd      a4, -32(s0)
core   0: 3 0x000000008000fed2 (0xfee43023) mem 0x0000000080031f50 0x00000000800120d2
core   0: 0x000000008000fed6 (0xfc442703) lw      a4, -60(s0)
core   0: 3 0x000000008000fed6 (0xfc442703) x14 0x0000000000000000 mem 0x0000000080031f34
core   0: 0x000000008000feda (0x0ff77713) andi    a4, a4, 255
core   0: 3 0x000000008000feda (0x0ff77713) x14 0x0000000000000000
core   0: 0x000000008000fede (0x00e78023) sb      a4, 0(a5)
core   0: 3 0x000000008000fede (0x00e78023) mem 0x00000000800120d1 0x00
core   0: 0x000000008000fee2 (0xfc843703) ld      a4, -56(s0)
core   0: 3 0x000000008000fee2 (0xfc843703) x14 0x0000000080012040 mem 0x0000000080031f38
core   0: 0x000000008000fee6 (0xfb843783) ld      a5, -72(s0)
core   0: 3 0x000000008000fee6 (0xfb843783) x15 0x000000000000009c mem 0x0000000080031f28
core   0: 0x000000008000feea (0x000097ba) c.add   a5, a4
core   0: 3 0x000000008000feea (0x97ba) x15 0x00000000800120dc
core   0: 0x000000008000feec (0xfe043703) ld      a4, -32(s0)
core   0: 3 0x000000008000feec (0xfe043703) x14 0x00000000800120d2 mem 0x0000000080031f50
core   0: 0x000000008000fef0 (0xfcf76de3) bltu    a4, a5, pc - 38
core   0: 3 0x000000008000fef0 (0xfcf76de3)
core   0: 0x000000008000feca (0xfe043783) ld      a5, -32(s0)
core   0: 3 0x000000008000feca (0xfe043783) x15 0x00000000800120d2 mem 0x0000000080031f50
core   0: 0x000000008000fece (0x00178713) addi    a4, a5, 1
core   0: 3 0x000000008000fece (0x00178713) x14 0x00000000800120d3
core   0: 0x000000008000fed2 (0xfee43023) sd      a4, -32(s0)
core   0: 3 0x000000008000fed2 (0xfee43023) mem 0x0000000080031f50 0x00000000800120d3
core   0: 0x000000008000fed6 (0xfc442703) lw      a4, -60(s0)
core   0: 3 0x000000008000fed6 (0xfc442703) x14 0x0000000000000000 mem 0x0000000080031f34
core   0: 0x000000008000feda (0x0ff77713) andi    a4, a4, 255
core   0: 3 0x000000008000feda (0x0ff77713) x14 0x0000000000000000
core   0: 0x000000008000fede (0x00e78023) sb      a4, 0(a5)
core   0: 3 0x000000008000fede (0x00e78023) mem 0x00000000800120d2 0x00
core   0: 0x000000008000fee2 (0xfc843703) ld      a4, -56(s0)
core   0: 3 0x000000008000fee2 (0xfc843703) x14 0x0000000080012040 mem 0x0000000080031f38
core   0: 0x000000008000fee6 (0xfb843783) ld      a5, -72(s0)
core   0: 3 0x000000008000fee6 (0xfb843783) x15 0x000000000000009c mem 0x0000000080031f28
core   0: 0x000000008000feea (0x000097ba) c.add   a5, a4
core   0: 3 0x000000008000feea (0x97ba) x15 0x00000000800120dc
core   0: 0x000000008000feec (0xfe043703) ld      a4, -32(s0)
core   0: 3 0x000000008000feec (0xfe043703) x14 0x00000000800120d3 mem 0x0000000080031f50
core   0: 0x000000008000fef0 (0xfcf76de3) bltu    a4, a5, pc - 38
core   0: 3 0x000000008000fef0 (0xfcf76de3)
core   0: 0x000000008000feca (0xfe043783) ld      a5, -32(s0)
core   0: 3 0x000000008000feca (0xfe043783) x15 0x00000000800120d3 mem 0x0000000080031f50
core   0: 0x000000008000fece (0x00178713) addi    a4, a5, 1
core   0: 3 0x000000008000fece (0x00178713) x14 0x00000000800120d4
core   0: 0x000000008000fed2 (0xfee43023) sd      a4, -32(s0)
core   0: 3 0x000000008000fed2 (0xfee43023) mem 0x0000000080031f50 0x00000000800120d4
core   0: 0x000000008000fed6 (0xfc442703) lw      a4, -60(s0)
core   0: 3 0x000000008000fed6 (0xfc442703) x14 0x0000000000000000 mem 0x0000000080031f34
core   0: 0x000000008000feda (0x0ff77713) andi    a4, a4, 255
core   0: 3 0x000000008000feda (0x0ff77713) x14 0x0000000000000000
core   0: 0x000000008000fede (0x00e78023) sb      a4, 0(a5)
core   0: 3 0x000000008000fede (0x00e78023) mem 0x00000000800120d3 0x00
core   0: 0x000000008000fee2 (0xfc843703) ld      a4, -56(s0)
core   0: 3 0x000000008000fee2 (0xfc843703) x14 0x0000000080012040 mem 0x0000000080031f38
core   0: 0x000000008000fee6 (0xfb843783) ld      a5, -72(s0)
core   0: 3 0x000000008000fee6 (0xfb843783) x15 0x000000000000009c mem 0x0000000080031f28
core   0: 0x000000008000feea (0x000097ba) c.add   a5, a4
core   0: 3 0x000000008000feea (0x97ba) x15 0x00000000800120dc
core   0: 0x000000008000feec (0xfe043703) ld      a4, -32(s0)
core   0: 3 0x000000008000feec (0xfe043703) x14 0x00000000800120d4 mem 0x0000000080031f50
core   0: 0x000000008000fef0 (0xfcf76de3) bltu    a4, a5, pc - 38
core   0: 3 0x000000008000fef0 (0xfcf76de3)
core   0: 0x000000008000feca (0xfe043783) ld      a5, -32(s0)
core   0: 3 0x000000008000feca (0xfe043783) x15 0x00000000800120d4 mem 0x0000000080031f50
core   0: 0x000000008000fece (0x00178713) addi    a4, a5, 1
core   0: 3 0x000000008000fece (0x00178713) x14 0x00000000800120d5
core   0: 0x000000008000fed2 (0xfee43023) sd      a4, -32(s0)
core   0: 3 0x000000008000fed2 (0xfee43023) mem 0x0000000080031f50 0x00000000800120d5
core   0: 0x000000008000fed6 (0xfc442703) lw      a4, -60(s0)
core   0: 3 0x000000008000fed6 (0xfc442703) x14 0x0000000000000000 mem 0x0000000080031f34
core   0: 0x000000008000feda (0x0ff77713) andi    a4, a4, 255
core   0: 3 0x000000008000feda (0x0ff77713) x14 0x0000000000000000
core   0: 0x000000008000fede (0x00e78023) sb      a4, 0(a5)
core   0: 3 0x000000008000fede (0x00e78023) mem 0x00000000800120d4 0x00
core   0: 0x000000008000fee2 (0xfc843703) ld      a4, -56(s0)
core   0: 3 0x000000008000fee2 (0xfc843703) x14 0x0000000080012040 mem 0x0000000080031f38
core   0: 0x000000008000fee6 (0xfb843783) ld      a5, -72(s0)
core   0: 3 0x000000008000fee6 (0xfb843783) x15 0x000000000000009c mem 0x0000000080031f28
core   0: 0x000000008000feea (0x000097ba) c.add   a5, a4
core   0: 3 0x000000008000feea (0x97ba) x15 0x00000000800120dc
core   0: 0x000000008000feec (0xfe043703) ld      a4, -32(s0)
core   0: 3 0x000000008000feec (0xfe043703) x14 0x00000000800120d5 mem 0x0000000080031f50
core   0: 0x000000008000fef0 (0xfcf76de3) bltu    a4, a5, pc - 38
core   0: 3 0x000000008000fef0 (0xfcf76de3)
core   0: 0x000000008000feca (0xfe043783) ld      a5, -32(s0)
core   0: 3 0x000000008000feca (0xfe043783) x15 0x00000000800120d5 mem 0x0000000080031f50
core   0: 0x000000008000fece (0x00178713) addi    a4, a5, 1
core   0: 3 0x000000008000fece (0x00178713) x14 0x00000000800120d6
core   0: 0x000000008000fed2 (0xfee43023) sd      a4, -32(s0)
core   0: 3 0x000000008000fed2 (0xfee43023) mem 0x0000000080031f50 0x00000000800120d6
core   0: 0x000000008000fed6 (0xfc442703) lw      a4, -60(s0)
core   0: 3 0x000000008000fed6 (0xfc442703) x14 0x0000000000000000 mem 0x0000000080031f34
core   0: 0x000000008000feda (0x0ff77713) andi    a4, a4, 255
core   0: 3 0x000000008000feda (0x0ff77713) x14 0x0000000000000000
core   0: 0x000000008000fede (0x00e78023) sb      a4, 0(a5)
core   0: 3 0x000000008000fede (0x00e78023) mem 0x00000000800120d5 0x00
core   0: 0x000000008000fee2 (0xfc843703) ld      a4, -56(s0)
core   0: 3 0x000000008000fee2 (0xfc843703) x14 0x0000000080012040 mem 0x0000000080031f38
core   0: 0x000000008000fee6 (0xfb843783) ld      a5, -72(s0)
core   0: 3 0x000000008000fee6 (0xfb843783) x15 0x000000000000009c mem 0x0000000080031f28
core   0: 0x000000008000feea (0x000097ba) c.add   a5, a4
core   0: 3 0x000000008000feea (0x97ba) x15 0x00000000800120dc
core   0: 0x000000008000feec (0xfe043703) ld      a4, -32(s0)
core   0: 3 0x000000008000feec (0xfe043703) x14 0x00000000800120d6 mem 0x0000000080031f50
core   0: 0x000000008000fef0 (0xfcf76de3) bltu    a4, a5, pc - 38
core   0: 3 0x000000008000fef0 (0xfcf76de3)
core   0: 0x000000008000feca (0xfe043783) ld      a5, -32(s0)
core   0: 3 0x000000008000feca (0xfe043783) x15 0x00000000800120d6 mem 0x0000000080031f50
core   0: 0x000000008000fece (0x00178713) addi    a4, a5, 1
core   0: 3 0x000000008000fece (0x00178713) x14 0x00000000800120d7
core   0: 0x000000008000fed2 (0xfee43023) sd      a4, -32(s0)
core   0: 3 0x000000008000fed2 (0xfee43023) mem 0x0000000080031f50 0x00000000800120d7
core   0: 0x000000008000fed6 (0xfc442703) lw      a4, -60(s0)
core   0: 3 0x000000008000fed6 (0xfc442703) x14 0x0000000000000000 mem 0x0000000080031f34
core   0: 0x000000008000feda (0x0ff77713) andi    a4, a4, 255
core   0: 3 0x000000008000feda (0x0ff77713) x14 0x0000000000000000
core   0: 0x000000008000fede (0x00e78023) sb      a4, 0(a5)
core   0: 3 0x000000008000fede (0x00e78023) mem 0x00000000800120d6 0x00
core   0: 0x000000008000fee2 (0xfc843703) ld      a4, -56(s0)
core   0: 3 0x000000008000fee2 (0xfc843703) x14 0x0000000080012040 mem 0x0000000080031f38
core   0: 0x000000008000fee6 (0xfb843783) ld      a5, -72(s0)
core   0: 3 0x000000008000fee6 (0xfb843783) x15 0x000000000000009c mem 0x0000000080031f28
core   0: 0x000000008000feea (0x000097ba) c.add   a5, a4
core   0: 3 0x000000008000feea (0x97ba) x15 0x00000000800120dc
core   0: 0x000000008000feec (0xfe043703) ld      a4, -32(s0)
core   0: 3 0x000000008000feec (0xfe043703) x14 0x00000000800120d7 mem 0x0000000080031f50
core   0: 0x000000008000fef0 (0xfcf76de3) bltu    a4, a5, pc - 38
core   0: 3 0x000000008000fef0 (0xfcf76de3)
core   0: 0x000000008000feca (0xfe043783) ld      a5, -32(s0)
core   0: 3 0x000000008000feca (0xfe043783) x15 0x00000000800120d7 mem 0x0000000080031f50
core   0: 0x000000008000fece (0x00178713) addi    a4, a5, 1
core   0: 3 0x000000008000fece (0x00178713) x14 0x00000000800120d8
core   0: 0x000000008000fed2 (0xfee43023) sd      a4, -32(s0)
core   0: 3 0x000000008000fed2 (0xfee43023) mem 0x0000000080031f50 0x00000000800120d8
core   0: 0x000000008000fed6 (0xfc442703) lw      a4, -60(s0)
core   0: 3 0x000000008000fed6 (0xfc442703) x14 0x0000000000000000 mem 0x0000000080031f34
core   0: 0x000000008000feda (0x0ff77713) andi    a4, a4, 255
core   0: 3 0x000000008000feda (0x0ff77713) x14 0x0000000000000000
core   0: 0x000000008000fede (0x00e78023) sb      a4, 0(a5)
core   0: 3 0x000000008000fede (0x00e78023) mem 0x00000000800120d7 0x00
core   0: 0x000000008000fee2 (0xfc843703) ld      a4, -56(s0)
core   0: 3 0x000000008000fee2 (0xfc843703) x14 0x0000000080012040 mem 0x0000000080031f38
core   0: 0x000000008000fee6 (0xfb843783) ld      a5, -72(s0)
core   0: 3 0x000000008000fee6 (0xfb843783) x15 0x000000000000009c mem 0x0000000080031f28
core   0: 0x000000008000feea (0x000097ba) c.add   a5, a4
core   0: 3 0x000000008000feea (0x97ba) x15 0x00000000800120dc
core   0: 0x000000008000feec (0xfe043703) ld      a4, -32(s0)
core   0: 3 0x000000008000feec (0xfe043703) x14 0x00000000800120d8 mem 0x0000000080031f50
core   0: 0x000000008000fef0 (0xfcf76de3) bltu    a4, a5, pc - 38
core   0: 3 0x000000008000fef0 (0xfcf76de3)
core   0: 0x000000008000feca (0xfe043783) ld      a5, -32(s0)
core   0: 3 0x000000008000feca (0xfe043783) x15 0x00000000800120d8 mem 0x0000000080031f50
core   0: 0x000000008000fece (0x00178713) addi    a4, a5, 1
core   0: 3 0x000000008000fece (0x00178713) x14 0x00000000800120d9
core   0: 0x000000008000fed2 (0xfee43023) sd      a4, -32(s0)
core   0: 3 0x000000008000fed2 (0xfee43023) mem 0x0000000080031f50 0x00000000800120d9
core   0: 0x000000008000fed6 (0xfc442703) lw      a4, -60(s0)
core   0: 3 0x000000008000fed6 (0xfc442703) x14 0x0000000000000000 mem 0x0000000080031f34
core   0: 0x000000008000feda (0x0ff77713) andi    a4, a4, 255
core   0: 3 0x000000008000feda (0x0ff77713) x14 0x0000000000000000
core   0: 0x000000008000fede (0x00e78023) sb      a4, 0(a5)
core   0: 3 0x000000008000fede (0x00e78023) mem 0x00000000800120d8 0x00
core   0: 0x000000008000fee2 (0xfc843703) ld      a4, -56(s0)
core   0: 3 0x000000008000fee2 (0xfc843703) x14 0x0000000080012040 mem 0x0000000080031f38
core   0: 0x000000008000fee6 (0xfb843783) ld      a5, -72(s0)
core   0: 3 0x000000008000fee6 (0xfb843783) x15 0x000000000000009c mem 0x0000000080031f28
core   0: 0x000000008000feea (0x000097ba) c.add   a5, a4
core   0: 3 0x000000008000feea (0x97ba) x15 0x00000000800120dc
core   0: 0x000000008000feec (0xfe043703) ld      a4, -32(s0)
core   0: 3 0x000000008000feec (0xfe043703) x14 0x00000000800120d9 mem 0x0000000080031f50
core   0: 0x000000008000fef0 (0xfcf76de3) bltu    a4, a5, pc - 38
core   0: 3 0x000000008000fef0 (0xfcf76de3)
core   0: 0x000000008000feca (0xfe043783) ld      a5, -32(s0)
core   0: 3 0x000000008000feca (0xfe043783) x15 0x00000000800120d9 mem 0x0000000080031f50
core   0: 0x000000008000fece (0x00178713) addi    a4, a5, 1
core   0: 3 0x000000008000fece (0x00178713) x14 0x00000000800120da
core   0: 0x000000008000fed2 (0xfee43023) sd      a4, -32(s0)
core   0: 3 0x000000008000fed2 (0xfee43023) mem 0x0000000080031f50 0x00000000800120da
core   0: 0x000000008000fed6 (0xfc442703) lw      a4, -60(s0)
core   0: 3 0x000000008000fed6 (0xfc442703) x14 0x0000000000000000 mem 0x0000000080031f34
core   0: 0x000000008000feda (0x0ff77713) andi    a4, a4, 255
core   0: 3 0x000000008000feda (0x0ff77713) x14 0x0000000000000000
core   0: 0x000000008000fede (0x00e78023) sb      a4, 0(a5)
core   0: 3 0x000000008000fede (0x00e78023) mem 0x00000000800120d9 0x00
core   0: 0x000000008000fee2 (0xfc843703) ld      a4, -56(s0)
core   0: 3 0x000000008000fee2 (0xfc843703) x14 0x0000000080012040 mem 0x0000000080031f38
core   0: 0x000000008000fee6 (0xfb843783) ld      a5, -72(s0)
core   0: 3 0x000000008000fee6 (0xfb843783) x15 0x000000000000009c mem 0x0000000080031f28
core   0: 0x000000008000feea (0x000097ba) c.add   a5, a4
core   0: 3 0x000000008000feea (0x97ba) x15 0x00000000800120dc
core   0: 0x000000008000feec (0xfe043703) ld      a4, -32(s0)
core   0: 3 0x000000008000feec (0xfe043703) x14 0x00000000800120da mem 0x0000000080031f50
core   0: 0x000000008000fef0 (0xfcf76de3) bltu    a4, a5, pc - 38
core   0: 3 0x000000008000fef0 (0xfcf76de3)
core   0: 0x000000008000feca (0xfe043783) ld      a5, -32(s0)
core   0: 3 0x000000008000feca (0xfe043783) x15 0x00000000800120da mem 0x0000000080031f50
core   0: 0x000000008000fece (0x00178713) addi    a4, a5, 1
core   0: 3 0x000000008000fece (0x00178713) x14 0x00000000800120db
core   0: 0x000000008000fed2 (0xfee43023) sd      a4, -32(s0)
core   0: 3 0x000000008000fed2 (0xfee43023) mem 0x0000000080031f50 0x00000000800120db
core   0: 0x000000008000fed6 (0xfc442703) lw      a4, -60(s0)
core   0: 3 0x000000008000fed6 (0xfc442703) x14 0x0000000000000000 mem 0x0000000080031f34
core   0: 0x000000008000feda (0x0ff77713) andi    a4, a4, 255
core   0: 3 0x000000008000feda (0x0ff77713) x14 0x0000000000000000
core   0: 0x000000008000fede (0x00e78023) sb      a4, 0(a5)
core   0: 3 0x000000008000fede (0x00e78023) mem 0x00000000800120da 0x00
core   0: 0x000000008000fee2 (0xfc843703) ld      a4, -56(s0)
core   0: 3 0x000000008000fee2 (0xfc843703) x14 0x0000000080012040 mem 0x0000000080031f38
core   0: 0x000000008000fee6 (0xfb843783) ld      a5, -72(s0)
core   0: 3 0x000000008000fee6 (0xfb843783) x15 0x000000000000009c mem 0x0000000080031f28
core   0: 0x000000008000feea (0x000097ba) c.add   a5, a4
core   0: 3 0x000000008000feea (0x97ba) x15 0x00000000800120dc
core   0: 0x000000008000feec (0xfe043703) ld      a4, -32(s0)
core   0: 3 0x000000008000feec (0xfe043703) x14 0x00000000800120db mem 0x0000000080031f50
core   0: 0x000000008000fef0 (0xfcf76de3) bltu    a4, a5, pc - 38
core   0: 3 0x000000008000fef0 (0xfcf76de3)
core   0: 0x000000008000feca (0xfe043783) ld      a5, -32(s0)
core   0: 3 0x000000008000feca (0xfe043783) x15 0x00000000800120db mem 0x0000000080031f50
core   0: 0x000000008000fece (0x00178713) addi    a4, a5, 1
core   0: 3 0x000000008000fece (0x00178713) x14 0x00000000800120dc
core   0: 0x000000008000fed2 (0xfee43023) sd      a4, -32(s0)
core   0: 3 0x000000008000fed2 (0xfee43023) mem 0x0000000080031f50 0x00000000800120dc
core   0: 0x000000008000fed6 (0xfc442703) lw      a4, -60(s0)
core   0: 3 0x000000008000fed6 (0xfc442703) x14 0x0000000000000000 mem 0x0000000080031f34
core   0: 0x000000008000feda (0x0ff77713) andi    a4, a4, 255
core   0: 3 0x000000008000feda (0x0ff77713) x14 0x0000000000000000
core   0: 0x000000008000fede (0x00e78023) sb      a4, 0(a5)
core   0: 3 0x000000008000fede (0x00e78023) mem 0x00000000800120db 0x00
core   0: 0x000000008000fee2 (0xfc843703) ld      a4, -56(s0)
core   0: 3 0x000000008000fee2 (0xfc843703) x14 0x0000000080012040 mem 0x0000000080031f38
core   0: 0x000000008000fee6 (0xfb843783) ld      a5, -72(s0)
core   0: 3 0x000000008000fee6 (0xfb843783) x15 0x000000000000009c mem 0x0000000080031f28
core   0: 0x000000008000feea (0x000097ba) c.add   a5, a4
core   0: 3 0x000000008000feea (0x97ba) x15 0x00000000800120dc
core   0: 0x000000008000feec (0xfe043703) ld      a4, -32(s0)
core   0: 3 0x000000008000feec (0xfe043703) x14 0x00000000800120dc mem 0x0000000080031f50
core   0: 0x000000008000fef0 (0xfcf76de3) bltu    a4, a5, pc - 38
core   0: 3 0x000000008000fef0 (0xfcf76de3)
core   0: 0x000000008000fef4 (0xfc843783) ld      a5, -56(s0)
core   0: 3 0x000000008000fef4 (0xfc843783) x15 0x0000000080012040 mem 0x0000000080031f38
core   0: 0x000000008000fef8 (0x0000853e) c.mv    a0, a5
core   0: 3 0x000000008000fef8 (0x853e) x10 0x0000000080012040
core   0: 0x000000008000fefa (0x00006426) c.ldsp  s0, 72(sp)
core   0: 3 0x000000008000fefa (0x6426) x8  0x0000000080031f90 mem 0x0000000080031f68
core   0: 0x000000008000fefc (0x00006161) c.addi16sp sp, 80
core   0: 3 0x000000008000fefc (0x6161) x2  0x0000000080031f70
core   0: 0x000000008000fefe (0x00008082) ret
core   0: 3 0x000000008000fefe (0x8082)
core   0: 0x000000008000f4b2 (0x00000001) c.nop
core   0: 3 0x000000008000f4b2 (0x0001)
core   0: 0x000000008000f4b4 (0x000060e2) c.ldsp  ra, 24(sp)
core   0: 3 0x000000008000f4b4 (0x60e2) x1  0x000000008000f4f2 mem 0x0000000080031f88
core   0: 0x000000008000f4b6 (0x00006442) c.ldsp  s0, 16(sp)
core   0: 3 0x000000008000f4b6 (0x6442) x8  0x0000000080032040 mem 0x0000000080031f80
core   0: 0x000000008000f4b8 (0x00006105) c.addi16sp sp, 32
core   0: 3 0x000000008000f4b8 (0x6105) x2  0x0000000080031f90
core   0: 0x000000008000f4ba (0x00008082) ret
core   0: 3 0x000000008000f4ba (0x8082)
core   0: 0x000000008000f4f2 (0xf5842703) lw      a4, -168(s0)
core   0: 3 0x000000008000f4f2 (0xf5842703) x14 0x0000000000000001 mem 0x0000000080031f98
core   0: 0x000000008000f4f6 (0xf5c42783) lw      a5, -164(s0)
core   0: 3 0x000000008000f4f6 (0xf5c42783) x15 0x0000000000000000 mem 0x0000000080031f9c
core   0: 0x000000008000f4fa (0x000085ba) c.mv    a1, a4
core   0: 3 0x000000008000f4fa (0x85ba) x11 0x0000000000000001
core   0: 0x000000008000f4fc (0x0000853e) c.mv    a0, a5
core   0: 3 0x000000008000f4fc (0x853e) x10 0x0000000000000000
core   0: 0x000000008000f4fe (0xf03ff0ef) jal     pc - 0xfe
core   0: 3 0x000000008000f4fe (0xf03ff0ef) x1  0x000000008000f502
core   0: >>>>  thread_entry
core   0: 0x000000008000f400 (0x00001101) c.addi  sp, -32
core   0: 3 0x000000008000f400 (0x1101) x2  0x0000000080031f70
core   0: 0x000000008000f402 (0x0000ec22) c.sdsp  s0, 24(sp)
core   0: 3 0x000000008000f402 (0xec22) mem 0x0000000080031f88 0x0000000080032040
core   0: 0x000000008000f404 (0x00001000) c.addi4spn s0, sp, 32
core   0: 3 0x000000008000f404 (0x1000) x8  0x0000000080031f90
core   0: 0x000000008000f406 (0x000087aa) c.mv    a5, a0
core   0: 3 0x000000008000f406 (0x87aa) x15 0x0000000000000000
core   0: 0x000000008000f408 (0x0000872e) c.mv    a4, a1
core   0: 3 0x000000008000f408 (0x872e) x14 0x0000000000000001
core   0: 0x000000008000f40a (0xfef42623) sw      a5, -20(s0)
core   0: 3 0x000000008000f40a (0xfef42623) mem 0x0000000080031f7c 0x00000000
core   0: 0x000000008000f40e (0x000087ba) c.mv    a5, a4
core   0: 3 0x000000008000f40e (0x87ba) x15 0x0000000000000001
core   0: 0x000000008000f410 (0xfef42423) sw      a5, -24(s0)
core   0: 3 0x000000008000f410 (0xfef42423) mem 0x0000000080031f78 0x00000001
core   0: 0x000000008000f414 (0x00000001) c.nop
core   0: 3 0x000000008000f414 (0x0001)
core   0: 0x000000008000f416 (0xfec42783) lw      a5, -20(s0)
core   0: 3 0x000000008000f416 (0xfec42783) x15 0x0000000000000000 mem 0x0000000080031f7c
core   0: 0x000000008000f41a (0x00002781) c.addiw a5, 0
core   0: 3 0x000000008000f41a (0x2781) x15 0x0000000000000000
core   0: 0x000000008000f41c (0x0000ffed) c.bnez  a5, pc - 6
core   0: 3 0x000000008000f41c (0xffed)
core   0: 0x000000008000f41e (0x00000001) c.nop
core   0: 3 0x000000008000f41e (0x0001)
core   0: 0x000000008000f420 (0x00000001) c.nop
core   0: 3 0x000000008000f420 (0x0001)
core   0: 0x000000008000f422 (0x00006462) c.ldsp  s0, 24(sp)
core   0: 3 0x000000008000f422 (0x6462) x8  0x0000000080032040 mem 0x0000000080031f88
core   0: 0x000000008000f424 (0x00006105) c.addi16sp sp, 32
core   0: 3 0x000000008000f424 (0x6105) x2  0x0000000080031f90
core   0: 0x000000008000f426 (0x00008082) ret
core   0: 3 0x000000008000f426 (0x8082)
core   0: 0x000000008000f502 (0x00004581) c.li    a1, 0
core   0: 3 0x000000008000f502 (0x4581) x11 0x0000000000000000
core   0: 0x000000008000f504 (0x00004501) c.li    a0, 0
core   0: 3 0x000000008000f504 (0x4501) x10 0x0000000000000000
core   0: 0x000000008000f506 (0xafbf20ef) jal     pc - 0xd506
core   0: 3 0x000000008000f506 (0xafbf20ef) x1  0x000000008000f50a
core   0: >>>>  main
core   0: 0x0000000080002000 (0x00000001) c.nop
core   0: 3 0x0000000080002000 (0x0001)
core   0: >>>>  trap_vec_init
core   0: 0x0000000080002002 (0x00002797) auipc   a5, 0x2
core   0: 3 0x0000000080002002 (0x00002797) x15 0x0000000080004002
core   0: 0x0000000080002006 (0xffe78793) addi    a5, a5, -2
core   0: 3 0x0000000080002006 (0xffe78793) x15 0x0000000080004000
core   0: 0x000000008000200a (0x30579073) csrrw   zero, mtvec, a5
core   0: 3 0x000000008000200a (0x30579073) c773_mtvec 0x0000000080004000
core   0: >>>>  pmp_setup
core   0: 0x000000008000200e (0x00002c17) auipc   s8, 0x2
core   0: 3 0x000000008000200e (0x00002c17) x24 0x000000008000400e
core   0: 0x0000000080002012 (0x022c0c13) addi    s8, s8, 34
core   0: 3 0x0000000080002012 (0x022c0c13) x24 0x0000000080004030
core   0: 0x0000000080002016 (0x00004781) c.li    a5, 0
core   0: 3 0x0000000080002016 (0x4781) x15 0x0000000000000000
core   0: 0x0000000080002018 (0x00009c3e) c.add   s8, a5
core   0: 3 0x0000000080002018 (0x9c3e) x24 0x0000000080004030
core   0: 0x000000008000201a (0x3b0c1073) csrrw   zero, pmpaddr0, s8
core   0: 3 0x000000008000201a (0x3b0c1073) c944_pmpaddr0 0x0000000080004030
core   0: 0x000000008000201e (0x00004c3d) c.li    s8, 15
core   0: 3 0x000000008000201e (0x4c3d) x24 0x000000000000000f
core   0: 0x0000000080002020 (0x3a0c1073) csrrw   zero, pmpcfg0, s8
core   0: 3 0x0000000080002020 (0x3a0c1073) c928_pmpcfg0 0x000000000000000f
core   0: 0x0000000080002024 (0x12000073) sfence.vma zero, zero
core   0: 3 0x0000000080002024 (0x12000073)
core   0: >>>>  mepc_setup
core   0: 0x0000000080002028 (0x00002797) auipc   a5, 0x2
core   0: 3 0x0000000080002028 (0x00002797) x15 0x0000000080004028
core   0: 0x000000008000202c (0x00878793) addi    a5, a5, 8
core   0: 3 0x000000008000202c (0x00878793) x15 0x0000000080004030
core   0: 0x0000000080002030 (0x34179073) csrrw   zero, mepc, a5
core   0: 3 0x0000000080002030 (0x34179073) c833_mepc 0x0000000080004030
core   0: >>>>  custom_csr_setup
core   0: 0x0000000080002034 (0x00100f9b) addiw   t6, zero, 1
core   0: 3 0x0000000080002034 (0x00100f9b) x31 0x0000000000000001
core   0: 0x0000000080002038 (0x00000ffe) c.slli  t6, 31
core   0: 3 0x0000000080002038 (0x0ffe) x31 0x0000000080000000
core   0: 0x000000008000203a (0x00000001) c.nop
core   0: 3 0x000000008000203a (0x0001)
core   0: >>>>  init_s_mode
core   0: 0x000000008000203c (0xfff0079b) addiw   a5, zero, -1
core   0: 3 0x000000008000203c (0xfff0079b) x15 0xffffffffffffffff
core   0: 0x0000000080002040 (0x000017fe) c.slli  a5, 63
core   0: 3 0x0000000080002040 (0x17fe) x15 0x8000000000000000
core   0: 0x0000000080002042 (0x18079073) csrrw   zero, satp, a5
core   0: 3 0x0000000080002042 (0x18079073) c384_satp 0x8000000000000000
core   0: 0x0000000080002046 (0x0000f797) auipc   a5, 0xf
core   0: 3 0x0000000080002046 (0x0000f797) x15 0x0000000080011046
core   0: 0x000000008000204a (0xfba78793) addi    a5, a5, -70
core   0: 3 0x000000008000204a (0xfba78793) x15 0x0000000080011000
core   0: 0x000000008000204e (0x000083b1) c.srli  a5, 12
core   0: 3 0x000000008000204e (0x83b1) x15 0x0000000000080011
core   0: 0x0000000080002050 (0x0010061b) addiw   a2, zero, 1
core   0: 3 0x0000000080002050 (0x0010061b) x12 0x0000000000000001
core   0: 0x0000000080002054 (0x00001632) c.slli  a2, 44
core   0: 3 0x0000000080002054 (0x1632) x12 0x0000100000000000
core   0: 0x0000000080002056 (0x0000167d) c.addi  a2, -1
core   0: 3 0x0000000080002056 (0x167d) x12 0x00000fffffffffff
core   0: 0x0000000080002058 (0x00008ff1) c.and   a5, a2
core   0: 3 0x0000000080002058 (0x8ff1) x15 0x0000000000080011
core   0: 0x000000008000205a (0x1807a073) csrrs   zero, satp, a5
core   0: 3 0x000000008000205a (0x1807a073) c384_satp 0x8000000000080011
core   0: 0x000000008000205e (0x00a005b7) lui     a1, 0xa00
core   0: 3 0x000000008000205e (0x00a005b7) x11 0x0000000000a00000
core   0: 0x0000000080002062 (0x10b5859b) addiw   a1, a1, 267
core   0: 3 0x0000000080002062 (0x10b5859b) x11 0x0000000000a0010b
core   0: 0x0000000080002066 (0x000005b2) c.slli  a1, 12
core   0: 3 0x0000000080002066 (0x05b2) x11 0x0000000a0010b000
core   0: 0x0000000080002068 (0xa0058593) addi    a1, a1, -1536
core   0: 3 0x0000000080002068 (0xa0058593) x11 0x0000000a0010aa00
core   0: 0x000000008000206c (0x30059073) csrrw   zero, mstatus, a1
core   0: 3 0x000000008000206c (0x30059073) c768_mstatus 0x0000000a00102800
core   0: 0x0000000080002070 (0x30459073) csrrw   zero, mie, a1
core   0: 3 0x0000000080002070 (0x30459073) c772_mie 0x0000000000000a00
core   0: 0x0000000080002074 (0x00a005b7) lui     a1, 0xa00
core   0: 3 0x0000000080002074 (0x00a005b7) x11 0x0000000000a00000
core   0: 0x0000000080002078 (0x10b5859b) addiw   a1, a1, 267
core   0: 3 0x0000000080002078 (0x10b5859b) x11 0x0000000000a0010b
core   0: 0x000000008000207c (0x000005b2) c.slli  a1, 12
core   0: 3 0x000000008000207c (0x05b2) x11 0x0000000a0010b000
core   0: 0x000000008000207e (0xa0058593) addi    a1, a1, -1536
core   0: 3 0x000000008000207e (0xa0058593) x11 0x0000000a0010aa00
core   0: 0x0000000080002082 (0x10059073) csrrw   zero, sstatus, a1
core   0: 3 0x0000000080002082 (0x10059073) c768_mstatus 0x0000000a00102800
core   0: 0x0000000080002086 (0x10459073) csrrw   zero, sie, a1
core   0: 3 0x0000000080002086 (0x10459073) c772_mie 0x0000000000000a00
core   0: 0x000000008000208a (0x30200073) mret
core   0: 3 0x000000008000208a (0x30200073) c768_mstatus 0x0000000a00102080
core   0: >>>>  main_g
core   0: 0x0000000080004030 (0x0222a2b3) mulhsu  t0, t0, sp
core   0: 1 0x0000000080004030 (0x0222a2b3) x5  0x0000000000000000
core   0: 0x0000000080004034 (0xb2656793) ori     a5, a0, -1242
core   0: 1 0x0000000080004034 (0xb2656793) x15 0xfffffffffffffb26
core   0: 0x0000000080004038 (0x0063073b) addw    a4, t1, t1
core   0: 1 0x0000000080004038 (0x0063073b) x14 0x0000000000000000
core   0: 0x000000008000403c (0x000c4c13) xori    s8, s8, 0
core   0: 1 0x000000008000403c (0x000c4c13) x24 0x000000000000000f
core   0: 0x0000000080004040 (0x032700bb) mulw    ra, a4, s2
core   0: 1 0x0000000080004040 (0x032700bb) x1  0x0000000000000000
core   0: 0x0000000080004044 (0x420f0f53) fcvt.d.s ft10, ft10
core   0: 1 0x0000000080004044 (0x420f0f53) c768_mstatus 0x8000000a00106080 f30 0x0000000000000000
core   0: 0x0000000080004048 (0x326372c7) fmsub.d ft5, ft6, ft6, ft6
core   0: 1 0x0000000080004048 (0x326372c7) f5  0x7ff8000000000000
core   0: 0x000000008000404c (0x00169313) slli    t1, a3, 1
core   0: 1 0x000000008000404c (0x00169313) x6  0x0000000000000000
core   0: 0x0000000080004050 (0x00644a33) xor     s4, s0, t1
core   0: 1 0x0000000080004050 (0x00644a33) x20 0x0000000080032040
core   0: 0x0000000080004054 (0x0b777bd3) fsub.d  fs7, fa4, fs7
core   0: 1 0x0000000080004054 (0x0b777bd3) f23 0x7ff8000000000000
core   0: 0x0000000080004058 (0x035a703b) remuw   zero, s4, s5
core   0: 1 0x0000000080004058 (0x035a703b)
core   0: 0x000000008000405c (0x034e90b3) mulh    ra, t4, s4
core   0: 1 0x000000008000405c (0x034e90b3) x1  0x0000000000000000
core   0: 0x0000000080004060 (0x02165d33) divu    s10, a2, ra
core   0: 1 0x0000000080004060 (0x02165d33) x26 0xffffffffffffffff
core   0: 0x0000000080004064 (0x2bca4993) xori    s3, s4, 700
core   0: 1 0x0000000080004064 (0x2bca4993) x19 0x00000000800322fc
core   0: 0x0000000080004068 (0xd20d0fd3) fcvt.d.w ft11, s10
core   0: 1 0x0000000080004068 (0xd20d0fd3) f31 0xbff0000000000000
core   0: 0x000000008000406c (0xfa0a8293) addi    t0, s5, -96
core   0: 1 0x000000008000406c (0xfa0a8293) x5  0xffffffffffffffa0
core   0: 0x0000000080004070 (0x403001bb) subw    gp, zero, gp
core   0: 1 0x0000000080004070 (0x403001bb) x3  0x000000007ffed7d8
core   0: 0x0000000080004074 (0xc2107ad3) fcvt.wu.d s5, ft0
core   0: 1 0x0000000080004074 (0xc2107ad3) c1_fflags 0x0000000000000010 x21 0xffffffffffffffff
core   0: 0x0000000080004078 (0x227b93d3) fsgnjn.d ft7, fs7, ft7
core   0: 1 0x0000000080004078 (0x227b93d3) f7  0x7ff8000000000000
core   0: 0x000000008000407c (0x67b6071b) addiw   a4, a2, 1659
core   0: 1 0x000000008000407c (0x67b6071b) x14 0x000000000000067a
core   0: 0x0000000080004080 (0x02b70b33) mul     s6, a4, a1
core   0: 1 0x0000000080004080 (0x02b70b33) x22 0x000040c46bed0400
core   0: 0x0000000080004084 (0x1b5ef053) fdiv.d  ft0, ft9, fs5
core   0: 1 0x0000000080004084 (0x1b5ef053) f0  0x7ff8000000000000
core   0: 0x0000000080004088 (0x032b493b) divw    s2, s6, s2
core   0: 1 0x0000000080004088 (0x032b493b) x18 0xffffffffffffffff
core   0: 0x000000008000408c (0xc0207b53) fcvt.l.s s6, ft0
core   0: 1 0x000000008000408c (0xc0207b53) c1_fflags 0x0000000000000010 x22 0x7fffffffffffffff
core   0: 0x0000000080004090 (0xd033f453) fcvt.s.lu fs0, t2
core   0: 1 0x0000000080004090 (0xd033f453) f8  0xffffffff00000000
core   0: 0x0000000080004094 (0x021235b3) mulhu   a1, tp, ra
core   0: 1 0x0000000080004094 (0x021235b3) x11 0x0000000000000000
core   0: 0x0000000080004098 (0x01db561b) srliw   a2, s6, 29
core   0: 1 0x0000000080004098 (0x01db561b) x12 0x0000000000000007
core   0: 0x000000008000409c (0x40fe87b3) sub     a5, t4, a5
core   0: 1 0x000000008000409c (0x40fe87b3) x15 0x00000000000004da
core   0: 0x00000000800040a0 (0x00ce803b) addw    zero, t4, a2
core   0: 1 0x00000000800040a0 (0x00ce803b)
core   0: 0x00000000800040a4 (0x00c6583b) srlw    a6, a2, a2
core   0: 1 0x00000000800040a4 (0x00c6583b) x16 0x0000000000000000
core   0: 0x00000000800040a8 (0x03b81533) mulh    a0, a6, s11
core   0: 1 0x00000000800040a8 (0x03b81533) x10 0x0000000000000000
core   0: 0x00000000800040ac (0x014e46b3) xor     a3, t3, s4
core   0: 1 0x00000000800040ac (0x014e46b3) x13 0x0000000080032040
core   0: 0x00000000800040b0 (0x0346fdb3) remu    s11, a3, s4
core   0: 1 0x00000000800040b0 (0x0346fdb3) x27 0x0000000000000000
core   0: 0x00000000800040b4 (0xf3647f4f) fnmadd.d ft10, fs0, fs6, ft10
core   0: 1 0x00000000800040b4 (0xf3647f4f) f30 0x7ff8000000000000
core   0: 0x00000000800040b8 (0x001a17f3) csrrw   a5, fflags, s4
core   0: 1 0x00000000800040b8 (0x001a17f3) x15 0x0000000000000010 c1_fflags 0x0000000000000000
core   0: 0x00000000800040bc (0x019d949b) slliw   s1, s11, 25
core   0: 1 0x00000000800040bc (0x019d949b) x9  0x0000000000000000
core   0: 0x00000000800040c0 (0xd037f353) fcvt.s.lu ft6, a5
core   0: 1 0x00000000800040c0 (0xd037f353) f6  0xffffffff41800000
core   0: 0x00000000800040c4 (0x0001591b) srliw   s2, sp, 0
core   0: 1 0x00000000800040c4 (0x0001591b) x18 0xffffffff80031f90
core   0: 0x00000000800040c8 (0x013d5d33) srl     s10, s10, s3
core   0: 1 0x00000000800040c8 (0x013d5d33) x26 0x000000000000000f
core   0: 0x00000000800040cc (0xd02ef2d3) fcvt.s.l ft5, t4
core   0: 1 0x00000000800040cc (0xd02ef2d3) f5  0xffffffff00000000
core   0: 0x00000000800040d0 (0x13b47453) fmul.d  fs0, fs0, fs11
core   0: 1 0x00000000800040d0 (0x13b47453) f8  0x7ff8000000000000
core   0: 0x00000000800040d4 (0xe4db0093) addi    ra, s6, -435
core   0: 1 0x00000000800040d4 (0xe4db0093) x1  0x7ffffffffffffe4c
core   0: 0x00000000800040d8 (0x029d44b3) div     s1, s10, s1
core   0: 1 0x00000000800040d8 (0x029d44b3) x9  0xffffffffffffffff
core   0: 0x00000000800040dc (0xc02bf853) fcvt.l.s a6, fs7
core   0: 1 0x00000000800040dc (0xc02bf853) c1_fflags 0x0000000000000010 x16 0x7fffffffffffffff
core   0: 0x00000000800040e0 (0xa25d0b53) fle.d   s6, fs10, ft5
core   0: 1 0x00000000800040e0 (0xa25d0b53) c1_fflags 0x0000000000000010 x22 0x0000000000000000
core   0: 0x00000000800040e4 (0xd0217cd3) fcvt.s.l fs9, sp
core   0: 1 0x00000000800040e4 (0xd0217cd3) c1_fflags 0x0000000000000011 f25 0xffffffff4f000320
core   0: 0x00000000800040e8 (0xbb70f14b) fnmsub.d ft2, ft1, fs7, fs7
core   0: 1 0x00000000800040e8 (0xbb70f14b) f2  0x7ff8000000000000
core   0: 0x00000000800040ec (0x40197ed3) fcvt.s.d ft9, fs2
core   0: 1 0x00000000800040ec (0x40197ed3) f29 0xffffffff7fc00000
core   0: 0x00000000800040f0 (0x030e753b) remuw   a0, t3, a6
core   0: 1 0x00000000800040f0 (0x030e753b) x10 0x0000000000000000
core   0: 0x00000000800040f4 (0xd228fad3) fcvt.d.l fs5, a7
core   0: 1 0x00000000800040f4 (0xd228fad3) f21 0x0000000000000000
core   0: 0x00000000800040f8 (0x02a6d03b) divuw   zero, a3, a0
core   0: 1 0x00000000800040f8 (0x02a6d03b)
core   0: 0x00000000800040fc (0x4011013b) subw    sp, sp, ra
core   0: 1 0x00000000800040fc (0x4011013b) x2  0xffffffff80032144
core   0: 0x0000000080004100 (0x2b280ed3) fmin.d  ft9, fa6, fs2
core   0: 1 0x0000000080004100 (0x2b280ed3) f29 0x7ff8000000000000
core   0: 0x0000000080004104 (0x03fd5993) srli    s3, s10, 63
core   0: 1 0x0000000080004104 (0x03fd5993) x19 0x0000000000000000
core   0: 0x0000000080004108 (0x00000001) c.nop
core   0: 1 0x0000000080004108 (0x0001)
core   0: 0x000000008000410a (0x01a984bb) addw    s1, s3, s10
core   0: 1 0x000000008000410a (0x01a984bb) x9  0x000000000000000f
core   0: 0x000000008000410e (0xf130d673) csrrwi  a2, mimpid, 1
core   0: exception trap_illegal_instruction, epc 0x000000008000410e
core   0:           tval 0x00000000f130d673
core   0: >>>>  $xrv64i2p1_m2p0_a2p1_f2p2_d2p2_zicsr2p0_zifencei2p0_zmmul1p0_zba1p0_zbb1p0_zbc1p0_zbs1p0
core   0: 0x0000000080004000 (0x0080006f) j       pc + 0x8
core   0: 3 0x0000000080004000 (0x0080006f)
core   0: >>>>  mmode_exception_handler
core   0: 0x0000000080004008 (0x00002c17) auipc   s8, 0x2
core   0: 3 0x0000000080004008 (0x00002c17) x24 0x0000000080006008
core   0: 0x000000008000400c (0x088c0c13) addi    s8, s8, 136
core   0: 3 0x000000008000400c (0x088c0c13) x24 0x0000000080006090
core   0: 0x0000000080004010 (0x000c00e7) jalr    s8
core   0: 3 0x0000000080004010 (0x000c00e7) x1  0x0000000080004014
core   0: >>>>  any_handler
core   0: 0x0000000080006090 (0x341027f3) csrrs   a5, mepc, zero
core   0: 3 0x0000000080006090 (0x341027f3) x15 0x000000008000410e
core   0: 0x0000000080006094 (0x34202773) csrrs   a4, mcause, zero
core   0: 3 0x0000000080006094 (0x34202773) x14 0x0000000000000002
core   0: 0x0000000080006098 (0x142026f3) csrrs   a3, scause, zero
core   0: 3 0x0000000080006098 (0x142026f3) x13 0x0000000000000000
core   0: 0x000000008000609c (0x30402673) csrrs   a2, mie, zero
core   0: 3 0x000000008000609c (0x30402673) x12 0x0000000000000a00
core   0: 0x00000000800060a0 (0x344025f3) csrrs   a1, mip, zero
core   0: 3 0x00000000800060a0 (0x344025f3) x11 0x0000000000000080
core   0: 0x00000000800060a4 (0x343025f3) csrrs   a1, mtval, zero
core   0: 3 0x00000000800060a4 (0x343025f3) x11 0x00000000f130d673
core   0: 0x00000000800060a8 (0x14302573) csrrs   a0, stval, zero
core   0: 3 0x00000000800060a8 (0x14302573) x10 0x0000000000000000
core   0: 0x00000000800060ac (0xb02024f3) csrrs   s1, minstret, zero
core   0: 3 0x00000000800060ac (0xb02024f3) x9  0x0000000000000803
core   0: 0x00000000800060b0 (0x0000a811) c.j     pc + 20
core   0: 3 0x00000000800060b0 (0xa811)
core   0: >>>>  mepc_4
core   0: 0x00000000800060c4 (0x00000791) c.addi  a5, 4
core   0: 3 0x00000000800060c4 (0x0791) x15 0x0000000080004112
core   0: 0x00000000800060c6 (0x34179073) csrrw   zero, mepc, a5
core   0: 3 0x00000000800060c6 (0x34179073) c833_mepc 0x0000000080004112
core   0: 0x00000000800060ca (0x30200073) mret
core   0: 3 0x00000000800060ca (0x30200073) c768_mstatus 0x8000000a00106080
core   0: 0x0000000080004112 (0x00102ef3) csrrs   t4, fflags, zero
core   0: 1 0x0000000080004112 (0x00102ef3) x29 0x0000000000000011
core   0: 0x0000000080004116 (0x00129df3) csrrw   s11, fflags, t0
core   0: 1 0x0000000080004116 (0x00129df3) x27 0x0000000000000011 c1_fflags 0x0000000000000000
core   0: 0x000000008000411a (0xd21d8ad3) fcvt.d.wu fs5, s11
core   0: 1 0x000000008000411a (0xd21d8ad3) f21 0x4031000000000000
core   0: 0x000000008000411e (0x019dd03b) srlw    zero, s11, s9
core   0: 1 0x000000008000411e (0x019dd03b)
core   0: 0x0000000080004122 (0x0ff0000f) fence   iorw,iorw
core   0: 1 0x0000000080004122 (0x0ff0000f)
core   0: 0x0000000080004126 (0x3f606713) ori     a4, zero, 1014
core   0: 1 0x0000000080004126 (0x3f606713) x14 0x00000000000003f6
core   0: 0x000000008000412a (0x2343a553) fsgnjx.d fa0, ft7, fs4
core   0: 1 0x000000008000412a (0x2343a553) f10 0xfff8000000000000
core   0: 0x000000008000412e (0xc20a7a53) fcvt.w.d s4, fs4
core   0: 1 0x000000008000412e (0xc20a7a53) c1_fflags 0x0000000000000010 x20 0x000000007fffffff
core   0: 0x0000000080004132 (0xc03571d3) fcvt.lu.s gp, fa0
core   0: 1 0x0000000080004132 (0xc03571d3) c1_fflags 0x0000000000000010 x3  0xffffffffffffffff
core   0: 0x0000000080004136 (0x00021793) slli    a5, tp, 0
core   0: 1 0x0000000080004136 (0x00021793) x15 0x0000000080012040
core   0: 0x000000008000413a (0x0092121b) slliw   tp, tp, 9
core   0: 1 0x000000008000413a (0x0092121b) x4  0x0000000002408000
core   0: 0x000000008000413e (0x00b075b3) and     a1, zero, a1
core   0: 1 0x000000008000413e (0x00b075b3) x11 0x0000000000000000
core   0: 0x0000000080004142 (0x0347aa33) mulhsu  s4, a5, s4
core   0: 1 0x0000000080004142 (0x0347aa33) x20 0x0000000000000000
core   0: 0x0000000080004146 (0x0000922e) c.add   tp, a1
core   0: 1 0x0000000080004146 (0x922e) x4  0x0000000002408000
core   0: 0x0000000080004148 (0xd23276d3) fcvt.d.lu fa3, tp
core   0: 1 0x0000000080004148 (0xd23276d3) f13 0x4182040000000000
core   0: 0x000000008000414c (0x01b18eb7) lui     t4, 0x1b18
core   0: 1 0x000000008000414c (0x01b18eb7) x29 0x0000000001b18000
core   0: 0x0000000080004150 (0xfd5e8e9b) addiw   t4, t4, -43
core   0: 1 0x0000000080004150 (0xfd5e8e9b) x29 0x0000000001b17fd5
core   0: 0x0000000080004154 (0x00000eb2) c.slli  t4, 12
core   0: 1 0x0000000080004154 (0x0eb2) x29 0x0000001b17fd5000
core   0: 0x0000000080004156 (0x0b2e8e93) addi    t4, t4, 178
core   0: 1 0x0000000080004156 (0x0b2e8e93) x29 0x0000001b17fd50b2
core   0: 0x000000008000415a (0xbaa35737) lui     a4, 0xbaa35
core   0: 1 0x000000008000415a (0xbaa35737) x14 0xffffffffbaa35000
core   0: 0x000000008000415e (0x02020e33) mul     t3, tp, zero
core   0: 1 0x000000008000415e (0x02020e33) x28 0x0000000000000000
core   0: 0x0000000080004162 (0x8b1f7f47) fmsub.d ft10, ft10, fa7, fa7
core   0: 1 0x0000000080004162 (0x8b1f7f47) f30 0x7ff8000000000000
core   0: 0x0000000080004166 (0xc21f78d3) fcvt.wu.d a7, ft10
core   0: 1 0x0000000080004166 (0xc21f78d3) c1_fflags 0x0000000000000010 x17 0xffffffffffffffff
core   0: 0x000000008000416a (0x01414133) xor     sp, sp, s4
core   0: 1 0x000000008000416a (0x01414133) x2  0xffffffff80032144
core   0: 0x000000008000416e (0x41b45b3b) sraw    s6, s0, s11
core   0: 1 0x000000008000416e (0x41b45b3b) x22 0xffffffffffffc001
core   0: 0x0000000080004172 (0x03be5e13) srli    t3, t3, 59
core   0: 1 0x0000000080004172 (0x03be5e13) x28 0x0000000000000000
core   0: 0x0000000080004176 (0xc2037cd3) fcvt.w.d s9, ft6
core   0: 1 0x0000000080004176 (0xc2037cd3) c1_fflags 0x0000000000000010 x25 0x000000007fffffff
core   0: 0x000000008000417a (0x00107393) andi    t2, zero, 1
core   0: 1 0x000000008000417a (0x00107393) x7  0x0000000000000000
core   0: 0x000000008000417e (0xc0337253) fcvt.lu.s tp, ft6
core   0: 1 0x000000008000417e (0xc0337253) x4  0x0000000000000010
core   0: 0x0000000080004182 (0x401aff53) fcvt.s.d ft10, fs5
core   0: 1 0x0000000080004182 (0x401aff53) f30 0xffffffff41880000
core   0: 0x0000000080004186 (0x000788bb) addw    a7, a5, zero
core   0: 1 0x0000000080004186 (0x000788bb) x17 0xffffffff80012040
core   0: 0x000000008000418a (0xf294f4cf) fnmadd.d fs1, fs1, fs1, ft10
core   0: 1 0x000000008000418a (0xf294f4cf) f9  0x7ff8000000000000
core   0: 0x000000008000418e (0x001e5e1b) srliw   t3, t3, 1
core   0: 1 0x000000008000418e (0x001e5e1b) x28 0x0000000000000000
core   0: 0x0000000080004192 (0x401ef3d3) fcvt.s.d ft7, ft9
core   0: 1 0x0000000080004192 (0x401ef3d3) f7  0xffffffff7fc00000
core   0: 0x0000000080004196 (0x40a75533) sra     a0, a4, a0
core   0: 1 0x0000000080004196 (0x40a75533) x10 0xffffffffbaa35000
core   0: 0x000000008000419a (0x0ff0000f) fence   iorw,iorw
core   0: 1 0x000000008000419a (0x0ff0000f)
core   0: 0x000000008000419e (0x03f2d293) srli    t0, t0, 63
core   0: 1 0x000000008000419e (0x03f2d293) x5  0x0000000000000001
core   0: 0x00000000800041a2 (0x033ae9bb) remw    s3, s5, s3
core   0: 1 0x00000000800041a2 (0x033ae9bb) x19 0xffffffffffffffff
core   0: 0x00000000800041a6 (0xf13ba7f3) csrrs   a5, mimpid, s7
core   0: exception trap_illegal_instruction, epc 0x00000000800041a6
core   0:           tval 0x00000000f13ba7f3
core   0: >>>>  $xrv64i2p1_m2p0_a2p1_f2p2_d2p2_zicsr2p0_zifencei2p0_zmmul1p0_zba1p0_zbb1p0_zbc1p0_zbs1p0
core   0: 0x0000000080004000 (0x0080006f) j       pc + 0x8
core   0: 3 0x0000000080004000 (0x0080006f)
core   0: >>>>  mmode_exception_handler
core   0: 0x0000000080004008 (0x00002c17) auipc   s8, 0x2
core   0: 3 0x0000000080004008 (0x00002c17) x24 0x0000000080006008
core   0: 0x000000008000400c (0x088c0c13) addi    s8, s8, 136
core   0: 3 0x000000008000400c (0x088c0c13) x24 0x0000000080006090
core   0: 0x0000000080004010 (0x000c00e7) jalr    s8
core   0: 3 0x0000000080004010 (0x000c00e7) x1  0x0000000080004014
core   0: >>>>  any_handler
core   0: 0x0000000080006090 (0x341027f3) csrrs   a5, mepc, zero
core   0: 3 0x0000000080006090 (0x341027f3) x15 0x00000000800041a6
core   0: 0x0000000080006094 (0x34202773) csrrs   a4, mcause, zero
core   0: 3 0x0000000080006094 (0x34202773) x14 0x0000000000000002
core   0: 0x0000000080006098 (0x142026f3) csrrs   a3, scause, zero
core   0: 3 0x0000000080006098 (0x142026f3) x13 0x0000000000000000
core   0: 0x000000008000609c (0x30402673) csrrs   a2, mie, zero
core   0: 3 0x000000008000609c (0x30402673) x12 0x0000000000000a00
core   0: 0x00000000800060a0 (0x344025f3) csrrs   a1, mip, zero
core   0: 3 0x00000000800060a0 (0x344025f3) x11 0x0000000000000080
core   0: 0x00000000800060a4 (0x343025f3) csrrs   a1, mtval, zero
core   0: 3 0x00000000800060a4 (0x343025f3) x11 0x00000000f13ba7f3
core   0: 0x00000000800060a8 (0x14302573) csrrs   a0, stval, zero
core   0: 3 0x00000000800060a8 (0x14302573) x10 0x0000000000000000
core   0: 0x00000000800060ac (0xb02024f3) csrrs   s1, minstret, zero
core   0: 3 0x00000000800060ac (0xb02024f3) x9  0x0000000000000839
core   0: 0x00000000800060b0 (0x0000a811) c.j     pc + 20
core   0: 3 0x00000000800060b0 (0xa811)
core   0: >>>>  mepc_4
core   0: 0x00000000800060c4 (0x00000791) c.addi  a5, 4
core   0: 3 0x00000000800060c4 (0x0791) x15 0x00000000800041aa
core   0: 0x00000000800060c6 (0x34179073) csrrw   zero, mepc, a5
core   0: 3 0x00000000800060c6 (0x34179073) c833_mepc 0x00000000800041aa
core   0: 0x00000000800060ca (0x30200073) mret
core   0: 3 0x00000000800060ca (0x30200073) c768_mstatus 0x8000000a00106080
core   0: 0x00000000800041aa (0xbc9a0b17) auipc   s6, 0xbc9a0
core   0: 1 0x00000000800041aa (0xbc9a0b17) x22 0x000000003c9a41aa
core   0: 0x00000000800041ae (0x00049b93) slli    s7, s1, 0
core   0: 1 0x00000000800041ae (0x00049b93) x23 0x0000000000000839
core   0: 0x00000000800041b2 (0x65b4cd13) xori    s10, s1, 1627
core   0: 1 0x00000000800041b2 (0x65b4cd13) x26 0x0000000000000e62
core   0: 0x00000000800041b6 (0x027d53bb) divuw   t2, s10, t2
core   0: 1 0x00000000800041b6 (0x027d53bb) x7  0xffffffffffffffff
core   0: 0x00000000800041ba (0x0372e433) rem     s0, t0, s7
core   0: 1 0x00000000800041ba (0x0372e433) x8  0x0000000000000001
core   0: 0x00000000800041be (0x00e96733) or      a4, s2, a4
core   0: 1 0x00000000800041be (0x00e96733) x14 0xffffffff80031f92
core   0: 0x00000000800041c2 (0xf2008953) fmv.d.x fs2, ra
core   0: 1 0x00000000800041c2 (0xf2008953) f18 0x0000000080004014
core   0: 0x00000000800041c6 (0xaa997b4f) fnmadd.d fs6, fs2, fs1, fs5
core   0: 1 0x00000000800041c6 (0xaa997b4f) f22 0x7ff8000000000000
core   0: 0x00000000800041ca (0x000099b6) c.add   s3, a3
core   0: 1 0x00000000800041ca (0x99b6) x19 0xffffffffffffffff
core   0: 0x00000000800041cc (0x0139cc33) xor     s8, s3, s3
core   0: 1 0x00000000800041cc (0x0139cc33) x24 0x0000000000000000
core   0: 0x00000000800041d0 (0x0337f5b3) remu    a1, a5, s3
core   0: 1 0x00000000800041d0 (0x0337f5b3) x11 0x00000000800041aa
core   0: 0x00000000800041d4 (0xd037fc53) fcvt.s.lu fs8, a5
core   0: 1 0x00000000800041d4 (0xd037fc53) c1_fflags 0x0000000000000011 f24 0xffffffff4f000042
core   0: 0x00000000800041d8 (0x00001102) c.slli  sp, 32
core   0: 1 0x00000000800041d8 (0x1102) x2  0x8003214400000000
core   0: 0x00000000800041da (0xd02d7853) fcvt.s.l fa6, s10
core   0: 1 0x00000000800041da (0xd02d7853) f16 0xffffffff45662000
core   0: 0x00000000800041de (0xd02173d3) fcvt.s.l ft7, sp
core   0: 1 0x00000000800041de (0xd02173d3) c1_fflags 0x0000000000000011 f7  0xffffffffdefff9bd
core   0: 0x00000000800041e2 (0x0041d6bb) srlw    a3, gp, tp
core   0: 1 0x00000000800041e2 (0x0041d6bb) x13 0x000000000000ffff
core   0: 0x00000000800041e6 (0x400b8bbb) subw    s7, s7, zero
core   0: 1 0x00000000800041e6 (0x400b8bbb) x23 0x0000000000000839
core   0: 0x00000000800041ea (0x00db6c33) or      s8, s6, a3
core   0: 1 0x00000000800041ea (0x00db6c33) x24 0x000000003c9affff
core   0: 0x00000000800041ee (0x00000001) c.nop
core   0: 1 0x00000000800041ee (0x0001)
core   0: 0x00000000800041f0 (0xb2d9fc47) fmsub.d fs8, fs3, fa3, fs6
core   0: 1 0x00000000800041f0 (0xb2d9fc47) f24 0x7ff8000000000000
core   0: 0x00000000800041f4 (0xd2118953) fcvt.d.wu fs2, gp
core   0: 1 0x00000000800041f4 (0xd2118953) f18 0x41efffffffe00000
core   0: 0x00000000800041f8 (0x401c579b) sraiw   a5, s8, 1
core   0: 1 0x00000000800041f8 (0x401c579b) x15 0x000000001e4d7fff
core   0: 0x00000000800041fc (0xc23072d3) fcvt.lu.d t0, ft0
core   0: 1 0x00000000800041fc (0xc23072d3) c1_fflags 0x0000000000000011 x5  0xffffffffffffffff
core   0: 0x0000000080004200 (0x0050503b) srlw    zero, zero, t0
core   0: 1 0x0000000080004200 (0x0050503b)
core   0: 0x0000000080004204 (0x4176563b) sraw    a2, a2, s7
core   0: 1 0x0000000080004204 (0x4176563b) x12 0x0000000000000000
core   0: 0x0000000080004208 (0xdb0279cb) fnmsub.d fs3, ft4, fa6, fs11
core   0: 1 0x0000000080004208 (0xdb0279cb) f19 0x7ff8000000000000
core   0: 0x000000008000420c (0x01f6159b) slliw   a1, a2, 31
core   0: 1 0x000000008000420c (0x01f6159b) x11 0x0000000000000000
core   0: 0x0000000080004210 (0x40f58c33) sub     s8, a1, a5
core   0: 1 0x0000000080004210 (0x40f58c33) x24 0xffffffffe1b28001
core   0: 0x0000000080004214 (0x01465a33) srl     s4, a2, s4
core   0: 1 0x0000000080004214 (0x01465a33) x20 0x0000000000000000
core   0: 0x0000000080004218 (0x01425e33) srl     t3, tp, s4
core   0: 1 0x0000000080004218 (0x01425e33) x28 0x0000000000000010
core   0: 0x000000008000421c (0x028a2633) mulhsu  a2, s4, s0
core   0: 1 0x000000008000421c (0x028a2633) x12 0x0000000000000000
core   0: 0x0000000080004220 (0x40e680bb) subw    ra, a3, a4
core   0: 1 0x0000000080004220 (0x40e680bb) x1  0x000000007ffde06d
core   0: 0x0000000080004224 (0x0375ddbb) divuw   s11, a1, s7
core   0: 1 0x0000000080004224 (0x0375ddbb) x27 0x0000000000000000
core   0: 0x0000000080004228 (0x0b39f0d3) fsub.d  ft1, fs3, fs3
core   0: 1 0x0000000080004228 (0x0b39f0d3) f1  0x7ff8000000000000
core   0: 0x000000008000422c (0x00265733) srl     a4, a2, sp
core   0: 1 0x000000008000422c (0x00265733) x14 0x0000000000000000
core   0: 0x0000000080004230 (0x00000001) c.nop
core   0: 1 0x0000000080004230 (0x0001)
core   0: 0x0000000080004232 (0x01845c3b) srlw    s8, s0, s8
core   0: 1 0x0000000080004232 (0x01845c3b) x24 0x0000000000000000
core   0: 0x0000000080004236 (0x038170b3) remu    ra, sp, s8
core   0: 1 0x0000000080004236 (0x038170b3) x1  0x8003214400000000
core   0: 0x000000008000423a (0x433d5593) srai    a1, s10, 51
core   0: 1 0x000000008000423a (0x433d5593) x11 0x0000000000000000
core   0: 0x000000008000423e (0xc20776d3) fcvt.w.d a3, fa4
core   0: 1 0x000000008000423e (0xc20776d3) c1_fflags 0x0000000000000011 x13 0x000000007fffffff
core   0: 0x0000000080004242 (0x40468b3b) subw    s6, a3, tp
core   0: 1 0x0000000080004242 (0x40468b3b) x22 0x000000007fffffef
core   0: 0x0000000080004246 (0x1219fd53) fmul.d  fs10, fs3, ft1
core   0: 1 0x0000000080004246 (0x1219fd53) f26 0x7ff8000000000000
core   0: 0x000000008000424a (0xc0317153) fcvt.lu.s sp, ft2
core   0: 1 0x000000008000424a (0xc0317153) c1_fflags 0x0000000000000011 x2  0xffffffffffffffff
core   0: 0x000000008000424e (0x0008999b) slliw   s3, a7, 0
core   0: 1 0x000000008000424e (0x0008999b) x19 0xffffffff80012040
core   0: 0x0000000080004252 (0x00cc8a33) add     s4, s9, a2
core   0: 1 0x0000000080004252 (0x00cc8a33) x20 0x000000007fffffff
core   0: 0x0000000080004256 (0x02716033) rem     zero, sp, t2
core   0: 1 0x0000000080004256 (0x02716033)
core   0: 0x000000008000425a (0x001e8b93) addi    s7, t4, 1
core   0: 1 0x000000008000425a (0x001e8b93) x23 0x0000001b17fd50b3
core   0: 0x000000008000425e (0x00000001) c.nop
core   0: 1 0x000000008000425e (0x0001)
core   0: 0x0000000080004260 (0x014008bb) addw    a7, zero, s4
core   0: 1 0x0000000080004260 (0x014008bb) x17 0x000000007fffffff
core   0: 0x0000000080004264 (0x41ee5193) srai    gp, t3, 30
core   0: 1 0x0000000080004264 (0x41ee5193) x3  0x0000000000000000
core   0: 0x0000000080004268 (0x1a2e7cd3) fdiv.d  fs9, ft8, ft2
core   0: 1 0x0000000080004268 (0x1a2e7cd3) f25 0x7ff8000000000000
core   0: 0x000000008000426c (0x02224633) div     a2, tp, sp
core   0: 1 0x000000008000426c (0x02224633) x12 0xfffffffffffffff0
core   0: 0x0000000080004270 (0xd02cf753) fcvt.s.l fa4, s9
core   0: 1 0x0000000080004270 (0xd02cf753) c1_fflags 0x0000000000000011 f14 0xffffffff4f000000
core   0: 0x0000000080004274 (0x40165033) sra     zero, a2, ra
core   0: 1 0x0000000080004274 (0x40165033)
core   0: 0x0000000080004278 (0x001010bb) sllw    ra, zero, ra
core   0: 1 0x0000000080004278 (0x001010bb) x1  0x0000000000000000
core   0: 0x000000008000427c (0x003197b3) sll     a5, gp, gp
core   0: 1 0x000000008000427c (0x003197b3) x15 0x0000000000000000
core   0: 0x0000000080004280 (0x036463b3) rem     t2, s0, s6
core   0: 1 0x0000000080004280 (0x036463b3) x7  0x0000000000000001
core   0: 0x0000000080004284 (0xf2070b53) fmv.d.x fs6, a4
core   0: 1 0x0000000080004284 (0xf2070b53) f22 0x0000000000000000
core   0: 0x0000000080004288 (0x01a8dd3b) srlw    s10, a7, s10
core   0: 1 0x0000000080004288 (0x01a8dd3b) x26 0x000000001fffffff
core   0: 0x000000008000428c (0x0287f6d3) fadd.d  fa3, fa5, fs0
core   0: 1 0x000000008000428c (0x0287f6d3) f13 0x7ff8000000000000
core   0: 0x0000000080004290 (0xe20701d3) fmv.x.d gp, fa4
core   0: 1 0x0000000080004290 (0xe20701d3) x3  0xffffffff4f000000
core   0: 0x0000000080004294 (0x0073d1bb) srlw    gp, t2, t2
core   0: 1 0x0000000080004294 (0x0073d1bb) x3  0x0000000000000000
core   0: 0x0000000080004298 (0x5a0474d3) fsqrt.d fs1, fs0
core   0: 1 0x0000000080004298 (0x5a0474d3) f9  0x7ff8000000000000
core   0: 0x000000008000429c (0x401176d3) fcvt.s.d fa3, ft2
core   0: 1 0x000000008000429c (0x401176d3) f13 0xffffffff7fc00000
core   0: 0x00000000800042a0 (0xd021f1d3) fcvt.s.l ft3, gp
core   0: 1 0x00000000800042a0 (0xd021f1d3) f3  0xffffffff00000000
core   0: 0x00000000800042a4 (0x001b9cf3) csrrw   s9, fflags, s7
core   0: 1 0x00000000800042a4 (0x001b9cf3) x25 0x0000000000000011 c1_fflags 0x0000000000000013
core   0: 0x00000000800042a8 (0x8c879e37) lui     t3, 0x8c879
core   0: 1 0x00000000800042a8 (0x8c879e37) x28 0xffffffff8c879000
core   0: 0x00000000800042ac (0x00d170b3) and     ra, sp, a3
core   0: 1 0x00000000800042ac (0x00d170b3) x1  0x000000007fffffff
core   0: 0x00000000800042b0 (0xc23cf353) fcvt.lu.d t1, fs9
core   0: 1 0x00000000800042b0 (0xc23cf353) c1_fflags 0x0000000000000013 x6  0xffffffffffffffff
core   0: 0x00000000800042b4 (0x02959933) mulh    s2, a1, s1
core   0: 1 0x00000000800042b4 (0x02959933) x18 0x0000000000000000
core   0: 0x00000000800042b8 (0x00009d66) c.add   s10, s9
core   0: 1 0x00000000800042b8 (0x9d66) x26 0x0000000020000010
core   0: 0x00000000800042ba (0x02f950b3) divu    ra, s2, a5
core   0: 1 0x00000000800042ba (0x02f950b3) x1  0xffffffffffffffff
core   0: 0x00000000800042be (0x4107d833) sra     a6, a5, a6
core   0: 1 0x00000000800042be (0x4107d833) x16 0x0000000000000000
core   0: 0x00000000800042c2 (0x2bb38dd3) fmin.d  fs11, ft7, fs11
core   0: 1 0x00000000800042c2 (0x2bb38dd3) f27 0x7ff8000000000000
core   0: 0x00000000800042c6 (0x38daa137) lui     sp, 0x38daa
core   0: 1 0x00000000800042c6 (0x38daa137) x2  0x0000000038daa000
core   0: 0x00000000800042ca (0x126377d3) fmul.d  fa5, ft6, ft6
core   0: 1 0x00000000800042ca (0x126377d3) f15 0x7ff8000000000000
core   0: 0x00000000800042ce (0x0ff0000f) fence   iorw,iorw
core   0: 1 0x00000000800042ce (0x0ff0000f)
core   0: 0x00000000800042d2 (0x4024d4bb) sraw    s1, s1, sp
core   0: 1 0x00000000800042d2 (0x4024d4bb) x9  0x0000000000000839
core   0: 0x00000000800042d6 (0x0052ce33) xor     t3, t0, t0
core   0: 1 0x00000000800042d6 (0x0052ce33) x28 0x0000000000000000
core   0: 0x00000000800042da (0xc22efbd3) fcvt.l.d s7, ft9
core   0: 1 0x00000000800042da (0xc22efbd3) c1_fflags 0x0000000000000013 x23 0x7fffffffffffffff
core   0: 0x00000000800042de (0x029ee03b) remw    zero, t4, s1
core   0: 1 0x00000000800042de (0x029ee03b)
core   0: 0x00000000800042e2 (0x7b007373) csrrci  t1, dcsr, 0
core   0: exception trap_illegal_instruction, epc 0x00000000800042e2
core   0:           tval 0x000000007b007373
core   0: >>>>  $xrv64i2p1_m2p0_a2p1_f2p2_d2p2_zicsr2p0_zifencei2p0_zmmul1p0_zba1p0_zbb1p0_zbc1p0_zbs1p0
core   0: 0x0000000080004000 (0x0080006f) j       pc + 0x8
core   0: 3 0x0000000080004000 (0x0080006f)
core   0: >>>>  mmode_exception_handler
core   0: 0x0000000080004008 (0x00002c17) auipc   s8, 0x2
core   0: 3 0x0000000080004008 (0x00002c17) x24 0x0000000080006008
core   0: 0x000000008000400c (0x088c0c13) addi    s8, s8, 136
core   0: 3 0x000000008000400c (0x088c0c13) x24 0x0000000080006090
core   0: 0x0000000080004010 (0x000c00e7) jalr    s8
core   0: 3 0x0000000080004010 (0x000c00e7) x1  0x0000000080004014
core   0: >>>>  any_handler
core   0: 0x0000000080006090 (0x341027f3) csrrs   a5, mepc, zero
core   0: 3 0x0000000080006090 (0x341027f3) x15 0x00000000800042e2
core   0: 0x0000000080006094 (0x34202773) csrrs   a4, mcause, zero
core   0: 3 0x0000000080006094 (0x34202773) x14 0x0000000000000002
core   0: 0x0000000080006098 (0x142026f3) csrrs   a3, scause, zero
core   0: 3 0x0000000080006098 (0x142026f3) x13 0x0000000000000000
core   0: 0x000000008000609c (0x30402673) csrrs   a2, mie, zero
core   0: 3 0x000000008000609c (0x30402673) x12 0x0000000000000a00
core   0: 0x00000000800060a0 (0x344025f3) csrrs   a1, mip, zero
core   0: 3 0x00000000800060a0 (0x344025f3) x11 0x0000000000000080
core   0: 0x00000000800060a4 (0x343025f3) csrrs   a1, mtval, zero
core   0: 3 0x00000000800060a4 (0x343025f3) x11 0x000000007b007373
core   0: 0x00000000800060a8 (0x14302573) csrrs   a0, stval, zero
core   0: 3 0x00000000800060a8 (0x14302573) x10 0x0000000000000000
core   0: 0x00000000800060ac (0xb02024f3) csrrs   s1, minstret, zero
core   0: 3 0x00000000800060ac (0xb02024f3) x9  0x000000000000089a
core   0: 0x00000000800060b0 (0x0000a811) c.j     pc + 20
core   0: 3 0x00000000800060b0 (0xa811)
core   0: >>>>  mepc_4
core   0: 0x00000000800060c4 (0x00000791) c.addi  a5, 4
core   0: 3 0x00000000800060c4 (0x0791) x15 0x00000000800042e6
core   0: 0x00000000800060c6 (0x34179073) csrrw   zero, mepc, a5
core   0: 3 0x00000000800060c6 (0x34179073) c833_mepc 0x00000000800042e6
core   0: 0x00000000800060ca (0x30200073) mret
core   0: 3 0x00000000800060ca (0x30200073) c768_mstatus 0x8000000a00106080
core   0: 0x00000000800042e6 (0x03bbaab3) mulhsu  s5, s7, s11
core   0: 1 0x00000000800042e6 (0x03bbaab3) x21 0x0000000000000000
core   0: 0x00000000800042ea (0xd23775d3) fcvt.d.lu fa1, a4
core   0: 1 0x00000000800042ea (0xd23775d3) f11 0x4000000000000000
core   0: 0x00000000800042ee (0x12587d53) fmul.d  fs10, fa6, ft5
core   0: 1 0x00000000800042ee (0x12587d53) f26 0x7ff8000000000000
core   0: 0x00000000800042f2 (0x02ec7d33) remu    s10, s8, a4
core   0: 1 0x00000000800042f2 (0x02ec7d33) x26 0x0000000000000000
core   0: 0x00000000800042f6 (0xf20882d3) fmv.d.x ft5, a7
core   0: 1 0x00000000800042f6 (0xf20882d3) f5  0x000000007fffffff
core   0: 0x00000000800042fa (0x22871a53) fsgnjn.d fs4, fa4, fs0
core   0: 1 0x00000000800042fa (0x22871a53) f20 0xffffffff4f000000
core   0: 0x00000000800042fe (0x010806b3) add     a3, a6, a6
core   0: 1 0x00000000800042fe (0x010806b3) x13 0x0000000000000000
core   0: 0x0000000080004302 (0xd0327153) fcvt.s.lu ft2, tp
core   0: 1 0x0000000080004302 (0xd0327153) f2  0xffffffff41800000
core   0: 0x0000000080004306 (0x02e6563b) divuw   a2, a2, a4
core   0: 1 0x0000000080004306 (0x02e6563b) x12 0x0000000000000500
core   0: 0x000000008000430a (0x00261773) csrrw   a4, frm, a2
core   0: 1 0x000000008000430a (0x00261773) x14 0x0000000000000000 c2_frm 0x0000000000000000
core   0: 0x000000008000430e (0x12b17cd3) fmul.d  fs9, ft2, fa1
core   0: 1 0x000000008000430e (0x12b17cd3) f25 0x7ff8000000000000
core   0: 0x0000000080004312 (0x00c3923b) sllw    tp, t2, a2
core   0: 1 0x0000000080004312 (0x00c3923b) x4  0x0000000000000001
core   0: 0x0000000080004316 (0x004d189b) slliw   a7, s10, 4
core   0: 1 0x0000000080004316 (0x004d189b) x17 0x0000000000000000
core   0: 0x000000008000431a (0x00c601bb) addw    gp, a2, a2
core   0: 1 0x000000008000431a (0x00c601bb) x3  0x0000000000000a00
core   0: 0x000000008000431e (0x02c67ab3) remu    s5, a2, a2
core   0: 1 0x000000008000431e (0x02c67ab3) x21 0x0000000000000000
core   0: 0x0000000080004322 (0x5201f213) andi    tp, gp, 1312
core   0: 1 0x0000000080004322 (0x5201f213) x4  0x0000000000000000
core   0: 0x0000000080004326 (0x03777133) remu    sp, a4, s7
core   0: 1 0x0000000080004326 (0x03777133) x2  0x0000000000000000
core   0: 0x000000008000432a (0xc3dda493) slti    s1, s11, -963
core   0: 1 0x000000008000432a (0xc3dda493) x9  0x0000000000000000
core   0: 0x000000008000432e (0xd2317253) fcvt.d.lu ft4, sp
core   0: 1 0x000000008000432e (0xd2317253) f4  0x0000000000000000
core   0: 0x0000000080004332 (0x41c3521b) sraiw   tp, t1, 28
core   0: 1 0x0000000080004332 (0x41c3521b) x4  0xffffffffffffffff
core   0: 0x0000000080004336 (0x418d5c33) sra     s8, s10, s8
core   0: 1 0x0000000080004336 (0x418d5c33) x24 0x0000000000000000
core   0: 0x000000008000433a (0x03fd1693) slli    a3, s10, 63
core   0: 1 0x000000008000433a (0x03fd1693) x13 0x0000000000000000
core   0: 0x000000008000433e (0x0002d19b) srliw   gp, t0, 0
core   0: 1 0x000000008000433e (0x0002d19b) x3  0xffffffffffffffff
core   0: 0x0000000080004342 (0x00332c33) slt     s8, t1, gp
core   0: 1 0x0000000080004342 (0x00332c33) x24 0x0000000000000000
core   0: 0x0000000080004346 (0x13b9f953) fmul.d  fs2, fs3, fs11
core   0: 1 0x0000000080004346 (0x13b9f953) f18 0x7ff8000000000000
core   0: 0x000000008000434a (0x032c793b) remuw   s2, s8, s2
core   0: 1 0x000000008000434a (0x032c793b) x18 0x0000000000000000
core   0: 0x000000008000434e (0xc23df1d3) fcvt.lu.d gp, fs11
core   0: 1 0x000000008000434e (0xc23df1d3) c1_fflags 0x0000000000000013 x3  0xffffffffffffffff
core   0: 0x0000000080004352 (0x01fa541b) srliw   s0, s4, 31
core   0: 1 0x0000000080004352 (0x01fa541b) x8  0x0000000000000000
core   0: 0x0000000080004356 (0x2b8b8153) fmin.d  ft2, fs7, fs8
core   0: 1 0x0000000080004356 (0x2b8b8153) f2  0x7ff8000000000000
core   0: 0x000000008000435a (0x01f8d09b) srliw   ra, a7, 31
core   0: 1 0x000000008000435a (0x01f8d09b) x1  0x0000000000000000
core   0: 0x000000008000435e (0x030ec033) div     zero, t4, a6
core   0: 1 0x000000008000435e (0x030ec033)
core   0: 0x0000000080004362 (0x001b6393) ori     t2, s6, 1
core   0: 1 0x0000000080004362 (0x001b6393) x7  0x000000007fffffef
core   0: 0x0000000080004366 (0x7475b5f3) csrrc   a1, mseccfg, a1
core   0: exception trap_illegal_instruction, epc 0x0000000080004366
core   0:           tval 0x000000007475b5f3
core   0: >>>>  $xrv64i2p1_m2p0_a2p1_f2p2_d2p2_zicsr2p0_zifencei2p0_zmmul1p0_zba1p0_zbb1p0_zbc1p0_zbs1p0
core   0: 0x0000000080004000 (0x0080006f) j       pc + 0x8
core   0: 3 0x0000000080004000 (0x0080006f)
core   0: >>>>  mmode_exception_handler
core   0: 0x0000000080004008 (0x00002c17) auipc   s8, 0x2
core   0: 3 0x0000000080004008 (0x00002c17) x24 0x0000000080006008
core   0: 0x000000008000400c (0x088c0c13) addi    s8, s8, 136
core   0: 3 0x000000008000400c (0x088c0c13) x24 0x0000000080006090
core   0: 0x0000000080004010 (0x000c00e7) jalr    s8
core   0: 3 0x0000000080004010 (0x000c00e7) x1  0x0000000080004014
core   0: >>>>  any_handler
core   0: 0x0000000080006090 (0x341027f3) csrrs   a5, mepc, zero
core   0: 3 0x0000000080006090 (0x341027f3) x15 0x0000000080004366
core   0: 0x0000000080006094 (0x34202773) csrrs   a4, mcause, zero
core   0: 3 0x0000000080006094 (0x34202773) x14 0x0000000000000002
core   0: 0x0000000080006098 (0x142026f3) csrrs   a3, scause, zero
core   0: 3 0x0000000080006098 (0x142026f3) x13 0x0000000000000000
core   0: 0x000000008000609c (0x30402673) csrrs   a2, mie, zero
core   0: 3 0x000000008000609c (0x30402673) x12 0x0000000000000a00
core   0: 0x00000000800060a0 (0x344025f3) csrrs   a1, mip, zero
core   0: 3 0x00000000800060a0 (0x344025f3) x11 0x0000000000000080
core   0: 0x00000000800060a4 (0x343025f3) csrrs   a1, mtval, zero
core   0: 3 0x00000000800060a4 (0x343025f3) x11 0x000000007475b5f3
core   0: 0x00000000800060a8 (0x14302573) csrrs   a0, stval, zero
core   0: 3 0x00000000800060a8 (0x14302573) x10 0x0000000000000000
core   0: 0x00000000800060ac (0xb02024f3) csrrs   s1, minstret, zero
core   0: 3 0x00000000800060ac (0xb02024f3) x9  0x00000000000008ca
core   0: 0x00000000800060b0 (0x0000a811) c.j     pc + 20
core   0: 3 0x00000000800060b0 (0xa811)
core   0: >>>>  mepc_4
core   0: 0x00000000800060c4 (0x00000791) c.addi  a5, 4
core   0: 3 0x00000000800060c4 (0x0791) x15 0x000000008000436a
core   0: 0x00000000800060c6 (0x34179073) csrrw   zero, mepc, a5
core   0: 3 0x00000000800060c6 (0x34179073) c833_mepc 0x000000008000436a
core   0: 0x00000000800060ca (0x30200073) mret
core   0: 3 0x00000000800060ca (0x30200073) c768_mstatus 0x8000000a00106080
core   0: 0x000000008000436a (0xd039f2d3) fcvt.s.lu ft5, s3
core   0: 1 0x000000008000436a (0xd039f2d3) c1_fflags 0x0000000000000013 f5  0xffffffff5f800000
core   0: 0x000000008000436e (0x239cd017) auipc   zero, 0x239cd
core   0: 1 0x000000008000436e (0x239cd017)
core   0: 0x0000000080004372 (0xc2307cd3) fcvt.lu.d s9, ft0
core   0: 1 0x0000000080004372 (0xc2307cd3) c1_fflags 0x0000000000000013 x25 0xffffffffffffffff
core   0: 0x0000000080004376 (0xa30c8c53) fle.d   s8, fs9, fa6
core   0: 1 0x0000000080004376 (0xa30c8c53) c1_fflags 0x0000000000000013 x24 0x0000000000000000
core   0: 0x000000008000437a (0x0252f353) fadd.d  ft6, ft5, ft5
core   0: 1 0x000000008000437a (0x0252f353) f6  0x7ff8000000000000
core   0: 0x000000008000437e (0x00000001) c.nop
core   0: 1 0x000000008000437e (0x0001)
core   0: 0x0000000080004380 (0x0308fad3) fadd.d  fs5, fa7, fa6
core   0: 1 0x0000000080004380 (0x0308fad3) f21 0x7ff8000000000000
core   0: 0x0000000080004384 (0xc026f653) fcvt.l.s a2, fa3
core   0: 1 0x0000000080004384 (0xc026f653) c1_fflags 0x0000000000000013 x12 0x7fffffffffffffff
core   0: 0x0000000080004388 (0x005989bb) addw    s3, s3, t0
core   0: 1 0x0000000080004388 (0x005989bb) x19 0xffffffff8001203f
core   0: 0x000000008000438c (0x0132ea33) or      s4, t0, s3
core   0: 1 0x000000008000438c (0x0132ea33) x20 0xffffffffffffffff
core   0: 0x0000000080004390 (0x932871cb) fnmsub.d ft3, fa6, fs2, fs2
core   0: 1 0x0000000080004390 (0x932871cb) f3  0x7ff8000000000000
core   0: 0x0000000080004394 (0xb2b44713) xori    a4, s0, -1237
core   0: 1 0x0000000080004394 (0xb2b44713) x14 0xfffffffffffffb2b
core   0: 0x0000000080004398 (0x40ea04b3) sub     s1, s4, a4
core   0: 1 0x0000000080004398 (0x40ea04b3) x9  0x00000000000004d4
core   0: 0x000000008000439c (0xc035fd53) fcvt.lu.s s10, fa1
core   0: 1 0x000000008000439c (0xc035fd53) c1_fflags 0x0000000000000013 x26 0xffffffffffffffff
core   0: 0x00000000800043a0 (0x02e818b3) mulh    a7, a6, a4
core   0: 1 0x00000000800043a0 (0x02e818b3) x17 0x0000000000000000
core   0: 0x00000000800043a4 (0xd037f353) fcvt.s.lu ft6, a5
core   0: 1 0x00000000800043a4 (0xd037f353) c1_fflags 0x0000000000000013 f6  0xffffffff4f000043
core   0: 0x00000000800043a8 (0x13ae4c37) lui     s8, 0x13ae4
core   0: 1 0x00000000800043a8 (0x13ae4c37) x24 0x0000000013ae4000
core   0: 0x00000000800043ac (0xd228f253) fcvt.d.l ft4, a7
core   0: 1 0x00000000800043ac (0xd228f253) f4  0x0000000000000000
core   0: 0x00000000800043b0 (0x01315193) srli    gp, sp, 19
core   0: 1 0x00000000800043b0 (0x01315193) x3  0x0000000000000000
core   0: 0x00000000800043b4 (0x411e5913) srai    s2, t3, 17
core   0: 1 0x00000000800043b4 (0x411e5913) x18 0x0000000000000000
core   0: 0x00000000800043b8 (0xc226f653) fcvt.l.d a2, fa3
core   0: 1 0x00000000800043b8 (0xc226f653) c1_fflags 0x0000000000000013 x12 0x7fffffffffffffff
core   0: 0x00000000800043bc (0x00c4dd3b) srlw    s10, s1, a2
core   0: 1 0x00000000800043bc (0x00c4dd3b) x26 0x0000000000000000
core   0: 0x00000000800043c0 (0xc212f453) fcvt.wu.d s0, ft5
core   0: 1 0x00000000800043c0 (0xc212f453) c1_fflags 0x0000000000000013 x8  0xffffffffffffffff
core   0: 0x00000000800043c4 (0x725d001b) addiw   zero, s10, 1829
core   0: 1 0x00000000800043c4 (0x725d001b)
core   0: 0x00000000800043c8 (0xc23773d3) fcvt.lu.d t2, fa4
core   0: 1 0x00000000800043c8 (0xc23773d3) c1_fflags 0x0000000000000013 x7  0xffffffffffffffff
core   0: 0x00000000800043cc (0x02c6693b) remw    s2, a2, a2
core   0: 1 0x00000000800043cc (0x02c6693b) x18 0x0000000000000000
core   0: 0x00000000800043d0 (0x2ae379c3) fmadd.d fs3, ft6, fa4, ft5
core   0: 1 0x00000000800043d0 (0x2ae379c3) f19 0x7ff8000000000000
core   0: 0x00000000800043d4 (0xa2e429d3) feq.d   s3, fs0, fa4
core   0: 1 0x00000000800043d4 (0xa2e429d3) x19 0x0000000000000000
core   0: 0x00000000800043d8 (0x00be48b3) xor     a7, t3, a1
core   0: 1 0x00000000800043d8 (0x00be48b3) x17 0x000000007475b5f3
core   0: 0x00000000800043dc (0x127f7953) fmul.d  fs2, ft10, ft7
core   0: 1 0x00000000800043dc (0x127f7953) f18 0x7ff8000000000000
core   0: 0x00000000800043e0 (0xa32c0a53) fle.d   s4, fs8, fs2
core   0: 1 0x00000000800043e0 (0xa32c0a53) c1_fflags 0x0000000000000013 x20 0x0000000000000000
core   0: 0x00000000800043e4 (0x02831113) slli    sp, t1, 40
core   0: 1 0x00000000800043e4 (0x02831113) x2  0xffffff0000000000
core   0: 0x00000000800043e8 (0x800a6b93) ori     s7, s4, -2048
core   0: 1 0x00000000800043e8 (0x800a6b93) x23 0xfffffffffffff800
core   0: 0x00000000800043ec (0xd21a0fd3) fcvt.d.wu ft11, s4
core   0: 1 0x00000000800043ec (0xd21a0fd3) f31 0x0000000000000000
core   0: 0x00000000800043f0 (0x1a3ff153) fdiv.d  ft2, ft11, ft3
core   0: 1 0x00000000800043f0 (0x1a3ff153) f2  0x7ff8000000000000
core   0: 0x00000000800043f4 (0x410bd8bb) sraw    a7, s7, a6
core   0: 1 0x00000000800043f4 (0x410bd8bb) x17 0xfffffffffffff800
core   0: 0x00000000800043f8 (0x002c7c33) and     s8, s8, sp
core   0: 1 0x00000000800043f8 (0x002c7c33) x24 0x0000000000000000
core   0: 0x00000000800043fc (0x00084a33) xor     s4, a6, zero
core   0: 1 0x00000000800043fc (0x00084a33) x20 0x0000000000000000
core   0: 0x0000000080004400 (0x00f8963b) sllw    a2, a7, a5
core   0: 1 0x0000000080004400 (0x00f8963b) x12 0xffffffffffe00000
core   0: 0x0000000080004404 (0x00094593) xori    a1, s2, 0
core   0: 1 0x0000000080004404 (0x00094593) x11 0x0000000000000000
core   0: 0x0000000080004408 (0x01be8bbb) addw    s7, t4, s11
core   0: 1 0x0000000080004408 (0x01be8bbb) x23 0x0000000017fd50b2
core   0: 0x000000008000440c (0x05690913) addi    s2, s2, 86
core   0: 1 0x000000008000440c (0x05690913) x18 0x0000000000000056
core   0: 0x0000000080004410 (0xc8e8f313) andi    t1, a7, -882
core   0: 1 0x0000000080004410 (0xc8e8f313) x6  0xfffffffffffff800
core   0: 0x0000000080004414 (0xba96f647) fmsub.d fa2, fa3, fs1, fs7
core   0: 1 0x0000000080004414 (0xba96f647) f12 0x7ff8000000000000
core   0: 0x0000000080004418 (0x8639811b) addiw   sp, s3, -1949
core   0: 1 0x0000000080004418 (0x8639811b) x2  0xfffffffffffff863
core   0: 0x000000008000441c (0xd0317bd3) fcvt.s.lu fs7, sp
core   0: 1 0x000000008000441c (0xd0317bd3) c1_fflags 0x0000000000000013 f23 0xffffffff5f800000
core   0: 0x0000000080004420 (0x000d5d93) srli    s11, s10, 0
core   0: 1 0x0000000080004420 (0x000d5d93) x27 0x0000000000000000
core   0: 0x0000000080004424 (0x13d2f2d3) fmul.d  ft5, ft5, ft9
core   0: 1 0x0000000080004424 (0x13d2f2d3) f5  0x7ff8000000000000
core   0: 0x0000000080004428 (0xd0397fd3) fcvt.s.lu ft11, s2
core   0: 1 0x0000000080004428 (0xd0397fd3) f31 0xffffffff42ac0000
core   0: 0x000000008000442c (0x037bfcd3) fadd.d  fs9, fs7, fs7
core   0: 1 0x000000008000442c (0x037bfcd3) f25 0x7ff8000000000000
core   0: 0x0000000080004430 (0x00102573) csrrs   a0, fflags, zero
core   0: 1 0x0000000080004430 (0x00102573) x10 0x0000000000000013
core   0: 0x0000000080004434 (0xba4bff43) fmadd.d ft10, fs7, ft4, fs7
core   0: 1 0x0000000080004434 (0xba4bff43) f30 0x7ff8000000000000
core   0: 0x0000000080004438 (0x01891b3b) sllw    s6, s2, s8
core   0: 1 0x0000000080004438 (0x01891b3b) x22 0x0000000000000056
core   0: 0x000000008000443c (0x00202473) csrrs   s0, frm, zero
core   0: 1 0x000000008000443c (0x00202473) x8  0x0000000000000000
core   0: 0x0000000080004440 (0x01589a13) slli    s4, a7, 21
core   0: 1 0x0000000080004440 (0x01589a13) x20 0xffffffff00000000
core   0: 0x0000000080004444 (0x23910fd3) fsgnj.d ft11, ft2, fs9
core   0: 1 0x0000000080004444 (0x23910fd3) f31 0x7ff8000000000000
core   0: 0x0000000080004448 (0x0260ba33) mulhu   s4, ra, t1
core   0: 1 0x0000000080004448 (0x0260ba33) x20 0x0000000080004013
core   0: 0x000000008000444c (0x036dfdd3) fadd.d  fs11, fs11, fs6
core   0: 1 0x000000008000444c (0x036dfdd3) f27 0x7ff8000000000000
core   0: 0x0000000080004450 (0xe20d82d3) fmv.x.d t0, fs11
core   0: 1 0x0000000080004450 (0xe20d82d3) x5  0x7ff8000000000000
core   0: 0x0000000080004454 (0x86360d13) addi    s10, a2, -1949
core   0: 1 0x0000000080004454 (0x86360d13) x26 0xffffffffffdff863
core   0: 0x0000000080004458 (0x01ad1333) sll     t1, s10, s10
core   0: 1 0x0000000080004458 (0x01ad1333) x6  0xfeffc31800000000
core   0: 0x000000008000445c (0xa3218ed3) fle.d   t4, ft3, fs2
core   0: 1 0x000000008000445c (0xa3218ed3) c1_fflags 0x0000000000000013 x29 0x0000000000000000
core   0: 0x0000000080004460 (0x3030ee73) csrrsi  t3, mideleg, 1
core   0: exception trap_illegal_instruction, epc 0x0000000080004460
core   0:           tval 0x000000003030ee73
core   0: >>>>  $xrv64i2p1_m2p0_a2p1_f2p2_d2p2_zicsr2p0_zifencei2p0_zmmul1p0_zba1p0_zbb1p0_zbc1p0_zbs1p0
core   0: 0x0000000080004000 (0x0080006f) j       pc + 0x8
core   0: 3 0x0000000080004000 (0x0080006f)
core   0: >>>>  mmode_exception_handler
core   0: 0x0000000080004008 (0x00002c17) auipc   s8, 0x2
core   0: 3 0x0000000080004008 (0x00002c17) x24 0x0000000080006008
core   0: 0x000000008000400c (0x088c0c13) addi    s8, s8, 136
core   0: 3 0x000000008000400c (0x088c0c13) x24 0x0000000080006090
core   0: 0x0000000080004010 (0x000c00e7) jalr    s8
core   0: 3 0x0000000080004010 (0x000c00e7) x1  0x0000000080004014
core   0: >>>>  any_handler
core   0: 0x0000000080006090 (0x341027f3) csrrs   a5, mepc, zero
core   0: 3 0x0000000080006090 (0x341027f3) x15 0x0000000080004460
core   0: 0x0000000080006094 (0x34202773) csrrs   a4, mcause, zero
core   0: 3 0x0000000080006094 (0x34202773) x14 0x0000000000000002
core   0: 0x0000000080006098 (0x142026f3) csrrs   a3, scause, zero
core   0: 3 0x0000000080006098 (0x142026f3) x13 0x0000000000000000
core   0: 0x000000008000609c (0x30402673) csrrs   a2, mie, zero
core   0: 3 0x000000008000609c (0x30402673) x12 0x0000000000000a00
core   0: 0x00000000800060a0 (0x344025f3) csrrs   a1, mip, zero
core   0: 3 0x00000000800060a0 (0x344025f3) x11 0x0000000000000080
core   0: 0x00000000800060a4 (0x343025f3) csrrs   a1, mtval, zero
core   0: 3 0x00000000800060a4 (0x343025f3) x11 0x000000003030ee73
core   0: 0x00000000800060a8 (0x14302573) csrrs   a0, stval, zero
core   0: 3 0x00000000800060a8 (0x14302573) x10 0x0000000000000000
core   0: 0x00000000800060ac (0xb02024f3) csrrs   s1, minstret, zero
core   0: 3 0x00000000800060ac (0xb02024f3) x9  0x0000000000000918
core   0: 0x00000000800060b0 (0x0000a811) c.j     pc + 20
core   0: 3 0x00000000800060b0 (0xa811)
core   0: >>>>  mepc_4
core   0: 0x00000000800060c4 (0x00000791) c.addi  a5, 4
core   0: 3 0x00000000800060c4 (0x0791) x15 0x0000000080004464
core   0: 0x00000000800060c6 (0x34179073) csrrw   zero, mepc, a5
core   0: 3 0x00000000800060c6 (0x34179073) c833_mepc 0x0000000080004464
core   0: 0x00000000800060ca (0x30200073) mret
core   0: 3 0x00000000800060ca (0x30200073) c768_mstatus 0x8000000a00106080
core   0: 0x0000000080004464 (0x8aa8f44b) fnmsub.d fs0, fa7, fa0, fa7
core   0: 1 0x0000000080004464 (0x8aa8f44b) f8  0x7ff8000000000000
core   0: 0x0000000080004468 (0x00ab23b3) slt     t2, s6, a0
core   0: 1 0x0000000080004468 (0x00ab23b3) x7  0x0000000000000000
core   0: 0x000000008000446c (0x02ad4233) div     tp, s10, a0
core   0: 1 0x000000008000446c (0x02ad4233) x4  0xffffffffffffffff
core   0: 0x0000000080004470 (0x00000001) c.nop
core   0: 1 0x0000000080004470 (0x0001)
core   0: 0x0000000080004472 (0x0ff0000f) fence   iorw,iorw
core   0: 1 0x0000000080004472 (0x0ff0000f)
core   0: 0x0000000080004476 (0x02c9f9bb) remuw   s3, s3, a2
core   0: 1 0x0000000080004476 (0x02c9f9bb) x19 0x0000000000000000
core   0: 0x000000008000447a (0x401af953) fcvt.s.d fs2, fs5
core   0: 1 0x000000008000447a (0x401af953) f18 0xffffffff7fc00000
core   0: 0x000000008000447e (0x40fe07b3) sub     a5, t3, a5
core   0: 1 0x000000008000447e (0x40fe07b3) x15 0xffffffff7fffbb9c
core   0: 0x0000000080004482 (0x40b7d9bb) sraw    s3, a5, a1
core   0: 1 0x0000000080004482 (0x40b7d9bb) x19 0x0000000000000fff
core   0: 0x0000000080004486 (0x93b1f7cb) fnmsub.d fa5, ft3, fs11, fs2
core   0: 1 0x0000000080004486 (0x93b1f7cb) f15 0x7ff8000000000000
core   0: 0x000000008000448a (0x23ae7e4f) fnmadd.d ft8, ft8, fs10, ft4
core   0: 1 0x000000008000448a (0x23ae7e4f) f28 0x7ff8000000000000
core   0: 0x000000008000448e (0x033bea33) rem     s4, s7, s3
core   0: 1 0x000000008000448e (0x033bea33) x20 0x000000000000009f
core   0: 0x0000000080004492 (0xd23bf9d3) fcvt.d.lu fs3, s7
core   0: 1 0x0000000080004492 (0xd23bf9d3) f19 0x41b7fd50b2000000
core   0: 0x0000000080004496 (0x006b82bb) addw    t0, s7, t1
core   0: 1 0x0000000080004496 (0x006b82bb) x5  0x0000000017fd50b2
core   0: 0x000000008000449a (0x033a79b3) remu    s3, s4, s3
core   0: 1 0x000000008000449a (0x033a79b3) x19 0x000000000000009f
core   0: 0x000000008000449e (0x017b8dbb) addw    s11, s7, s7
core   0: 1 0x000000008000449e (0x017b8dbb) x27 0x000000002ffaa164
core   0: 0x00000000800044a2 (0x5d4a0093) addi    ra, s4, 1492
core   0: 1 0x00000000800044a2 (0x5d4a0093) x1  0x0000000000000673
core   0: 0x00000000800044a6 (0x00202d73) csrrs   s10, frm, zero
core   0: 1 0x00000000800044a6 (0x00202d73) x26 0x0000000000000000
core   0: 0x00000000800044aa (0x015d6e33) or      t3, s10, s5
core   0: 1 0x00000000800044aa (0x015d6e33) x28 0x0000000000000000
core   0: 0x00000000800044ae (0x22ac2553) fsgnjx.d fa0, fs8, fa0
core   0: 1 0x00000000800044ae (0x22ac2553) f10 0xfff8000000000000
core   0: 0x00000000800044b2 (0xd030ffd3) fcvt.s.lu ft11, ra
core   0: 1 0x00000000800044b2 (0xd030ffd3) f31 0xffffffff44ce6000
core   0: 0x00000000800044b6 (0x037ae733) rem     a4, s5, s7
core   0: 1 0x00000000800044b6 (0x037ae733) x14 0x0000000000000000
core   0: 0x00000000800044ba (0x002dd7b3) srl     a5, s11, sp
core   0: 1 0x00000000800044ba (0x002dd7b3) x15 0x0000000000000000
core   0: 0x00000000800044be (0xc23c74d3) fcvt.lu.d s1, fs8
core   0: 1 0x00000000800044be (0xc23c74d3) c1_fflags 0x0000000000000013 x9  0xffffffffffffffff
core   0: 0x00000000800044c2 (0x402cd633) sra     a2, s9, sp
core   0: 1 0x00000000800044c2 (0x402cd633) x12 0xffffffffffffffff
core   0: 0x00000000800044c6 (0x00000722) c.slli  a4, 8
core   0: 1 0x00000000800044c6 (0x0722) x14 0x0000000000000000
core   0: 0x00000000800044c8 (0x226216d3) fsgnjn.d fa3, ft4, ft6
core   0: 1 0x00000000800044c8 (0x226216d3) f13 0x0000000000000000
core   0: 0x00000000800044cc (0xf2050953) fmv.d.x fs2, a0
core   0: 1 0x00000000800044cc (0xf2050953) f18 0x0000000000000000
core   0: 0x00000000800044d0 (0x2a6d90d3) fmax.d  ft1, fs11, ft6
core   0: 1 0x00000000800044d0 (0x2a6d90d3) f1  0x7ff8000000000000
core   0: 0x00000000800044d4 (0xea80c093) xori    ra, ra, -344
core   0: 1 0x00000000800044d4 (0xea80c093) x1  0xfffffffffffff8db
core   0: 0x00000000800044d8 (0x0309d333) divu    t1, s3, a6
core   0: 1 0x00000000800044d8 (0x0309d333) x6  0xffffffffffffffff
core   0: 0x00000000800044dc (0x025c9493) slli    s1, s9, 37
core   0: 1 0x00000000800044dc (0x025c9493) x9  0xffffffe000000000
core   0: 0x00000000800044e0 (0x03789633) mulh    a2, a7, s7
core   0: 1 0x00000000800044e0 (0x03789633) x12 0xffffffffffffffff
core   0: 0x00000000800044e4 (0x7ffbfd93) andi    s11, s7, 2047
core   0: 1 0x00000000800044e4 (0x7ffbfd93) x27 0x00000000000000b2
core   0: 0x00000000800044e8 (0xc05ea0f3) csrrs   ra, hpmcounter5, t4
core   0: exception trap_illegal_instruction, epc 0x00000000800044e8
core   0:           tval 0x00000000c05ea0f3
core   0: >>>>  $xrv64i2p1_m2p0_a2p1_f2p2_d2p2_zicsr2p0_zifencei2p0_zmmul1p0_zba1p0_zbb1p0_zbc1p0_zbs1p0
core   0: 0x0000000080004000 (0x0080006f) j       pc + 0x8
core   0: 3 0x0000000080004000 (0x0080006f)
core   0: >>>>  mmode_exception_handler
core   0: 0x0000000080004008 (0x00002c17) auipc   s8, 0x2
core   0: 3 0x0000000080004008 (0x00002c17) x24 0x0000000080006008
core   0: 0x000000008000400c (0x088c0c13) addi    s8, s8, 136
core   0: 3 0x000000008000400c (0x088c0c13) x24 0x0000000080006090
core   0: 0x0000000080004010 (0x000c00e7) jalr    s8
core   0: 3 0x0000000080004010 (0x000c00e7) x1  0x0000000080004014
core   0: >>>>  any_handler
core   0: 0x0000000080006090 (0x341027f3) csrrs   a5, mepc, zero
core   0: 3 0x0000000080006090 (0x341027f3) x15 0x00000000800044e8
core   0: 0x0000000080006094 (0x34202773) csrrs   a4, mcause, zero
core   0: 3 0x0000000080006094 (0x34202773) x14 0x0000000000000002
core   0: 0x0000000080006098 (0x142026f3) csrrs   a3, scause, zero
core   0: 3 0x0000000080006098 (0x142026f3) x13 0x0000000000000000
core   0: 0x000000008000609c (0x30402673) csrrs   a2, mie, zero
core   0: 3 0x000000008000609c (0x30402673) x12 0x0000000000000a00
core   0: 0x00000000800060a0 (0x344025f3) csrrs   a1, mip, zero
core   0: 3 0x00000000800060a0 (0x344025f3) x11 0x0000000000000080
core   0: 0x00000000800060a4 (0x343025f3) csrrs   a1, mtval, zero
core   0: 3 0x00000000800060a4 (0x343025f3) x11 0x00000000c05ea0f3
core   0: 0x00000000800060a8 (0x14302573) csrrs   a0, stval, zero
core   0: 3 0x00000000800060a8 (0x14302573) x10 0x0000000000000000
core   0: 0x00000000800060ac (0xb02024f3) csrrs   s1, minstret, zero
core   0: 3 0x00000000800060ac (0xb02024f3) x9  0x000000000000094a
core   0: 0x00000000800060b0 (0x0000a811) c.j     pc + 20
core   0: 3 0x00000000800060b0 (0xa811)
core   0: >>>>  mepc_4
core   0: 0x00000000800060c4 (0x00000791) c.addi  a5, 4
core   0: 3 0x00000000800060c4 (0x0791) x15 0x00000000800044ec
core   0: 0x00000000800060c6 (0x34179073) csrrw   zero, mepc, a5
core   0: 3 0x00000000800060c6 (0x34179073) c833_mepc 0x00000000800044ec
core   0: 0x00000000800060ca (0x30200073) mret
core   0: 3 0x00000000800060ca (0x30200073) c768_mstatus 0x8000000a00106080
core   0: 0x00000000800044ec (0xc22afbd3) fcvt.l.d s7, fs5
core   0: 1 0x00000000800044ec (0xc22afbd3) c1_fflags 0x0000000000000013 x23 0x7fffffffffffffff
core   0: 0x00000000800044f0 (0x41fa5d9b) sraiw   s11, s4, 31
core   0: 1 0x00000000800044f0 (0x41fa5d9b) x27 0x0000000000000000
core   0: 0x00000000800044f4 (0x0346d33b) divuw   t1, a3, s4
core   0: 1 0x00000000800044f4 (0x0346d33b) x6  0x0000000000000000
core   0: 0x00000000800044f8 (0x1aec7253) fdiv.d  ft4, fs8, fa4
core   0: 1 0x00000000800044f8 (0x1aec7253) f4  0x7ff8000000000000
core   0: 0x00000000800044fc (0x2a421153) fmax.d  ft2, ft4, ft4
core   0: 1 0x00000000800044fc (0x2a421153) f2  0x7ff8000000000000
core   0: 0x0000000080004500 (0x0210c83b) divw    a6, ra, ra
core   0: 1 0x0000000080004500 (0x0210c83b) x16 0x0000000000000001
core   0: 0x0000000080004504 (0xc0255973) csrrwi  s2, instret, 10
core   0: exception trap_illegal_instruction, epc 0x0000000080004504
core   0:           tval 0x00000000c0255973
core   0: >>>>  $xrv64i2p1_m2p0_a2p1_f2p2_d2p2_zicsr2p0_zifencei2p0_zmmul1p0_zba1p0_zbb1p0_zbc1p0_zbs1p0
core   0: 0x0000000080004000 (0x0080006f) j       pc + 0x8
core   0: 3 0x0000000080004000 (0x0080006f)
core   0: >>>>  mmode_exception_handler
core   0: 0x0000000080004008 (0x00002c17) auipc   s8, 0x2
core   0: 3 0x0000000080004008 (0x00002c17) x24 0x0000000080006008
core   0: 0x000000008000400c (0x088c0c13) addi    s8, s8, 136
core   0: 3 0x000000008000400c (0x088c0c13) x24 0x0000000080006090
core   0: 0x0000000080004010 (0x000c00e7) jalr    s8
core   0: 3 0x0000000080004010 (0x000c00e7) x1  0x0000000080004014
core   0: >>>>  any_handler
core   0: 0x0000000080006090 (0x341027f3) csrrs   a5, mepc, zero
core   0: 3 0x0000000080006090 (0x341027f3) x15 0x0000000080004504
core   0: 0x0000000080006094 (0x34202773) csrrs   a4, mcause, zero
core   0: 3 0x0000000080006094 (0x34202773) x14 0x0000000000000002
core   0: 0x0000000080006098 (0x142026f3) csrrs   a3, scause, zero
core   0: 3 0x0000000080006098 (0x142026f3) x13 0x0000000000000000
core   0: 0x000000008000609c (0x30402673) csrrs   a2, mie, zero
core   0: 3 0x000000008000609c (0x30402673) x12 0x0000000000000a00
core   0: 0x00000000800060a0 (0x344025f3) csrrs   a1, mip, zero
core   0: 3 0x00000000800060a0 (0x344025f3) x11 0x0000000000000080
core   0: 0x00000000800060a4 (0x343025f3) csrrs   a1, mtval, zero
core   0: 3 0x00000000800060a4 (0x343025f3) x11 0x00000000c0255973
core   0: 0x00000000800060a8 (0x14302573) csrrs   a0, stval, zero
core   0: 3 0x00000000800060a8 (0x14302573) x10 0x0000000000000000
core   0: 0x00000000800060ac (0xb02024f3) csrrs   s1, minstret, zero
core   0: 3 0x00000000800060ac (0xb02024f3) x9  0x0000000000000960
core   0: 0x00000000800060b0 (0x0000a811) c.j     pc + 20
core   0: 3 0x00000000800060b0 (0xa811)
core   0: >>>>  mepc_4
core   0: 0x00000000800060c4 (0x00000791) c.addi  a5, 4
core   0: 3 0x00000000800060c4 (0x0791) x15 0x0000000080004508
core   0: 0x00000000800060c6 (0x34179073) csrrw   zero, mepc, a5
core   0: 3 0x00000000800060c6 (0x34179073) c833_mepc 0x0000000080004508
core   0: 0x00000000800060ca (0x30200073) mret
core   0: 3 0x00000000800060ca (0x30200073) c768_mstatus 0x8000000a00106080
core   0: 0x0000000080004508 (0xfff5f993) andi    s3, a1, -1
core   0: 1 0x0000000080004508 (0xfff5f993) x19 0x00000000c0255973
core   0: 0x000000008000450c (0x02ac8133) mul     sp, s9, a0
core   0: 1 0x000000008000450c (0x02ac8133) x2  0x0000000000000000
core   0: 0x0000000080004510 (0x00102273) csrrs   tp, fflags, zero
core   0: 1 0x0000000080004510 (0x00102273) x4  0x0000000000000013
core   0: 0x0000000080004514 (0x00000001) c.nop
core   0: 1 0x0000000080004514 (0x0001)
core   0: 0x0000000080004516 (0x017b9bb3) sll     s7, s7, s7
core   0: 1 0x0000000080004516 (0x017b9bb3) x23 0x8000000000000000
core   0: 0x000000008000451a (0x0ff0000f) fence   iorw,iorw
core   0: 1 0x000000008000451a (0x0ff0000f)
core   0: 0x000000008000451e (0xa7918193) addi    gp, gp, -1415
core   0: 1 0x000000008000451e (0xa7918193) x3  0xfffffffffffffa79
core   0: 0x0000000080004522 (0xc03c7753) fcvt.lu.s a4, fs8
core   0: 1 0x0000000080004522 (0xc03c7753) c1_fflags 0x0000000000000013 x14 0xffffffffffffffff
core   0: 0x0000000080004526 (0x40fe823b) subw    tp, t4, a5
core   0: 1 0x0000000080004526 (0x40fe823b) x4  0x000000007fffbaf8
core   0: 0x000000008000452a (0x4041591b) sraiw   s2, sp, 4
core   0: 1 0x000000008000452a (0x4041591b) x18 0x0000000000000000
core   0: 0x000000008000452e (0x003811bb) sllw    gp, a6, gp
core   0: 1 0x000000008000452e (0x003811bb) x3  0x0000000002000000
core   0: 0x0000000080004532 (0x009a5bb3) srl     s7, s4, s1
core   0: 1 0x0000000080004532 (0x009a5bb3) x23 0x0000000000000000
core   0: 0x0000000080004536 (0x00169593) slli    a1, a3, 1
core   0: 1 0x0000000080004536 (0x00169593) x11 0x0000000000000000
core   0: 0x000000008000453a (0x0189debb) srlw    t4, s3, s8
core   0: 1 0x000000008000453a (0x0189debb) x29 0x000000000000c025
core   0: 0x000000008000453e (0x00d71193) slli    gp, a4, 13
core   0: 1 0x000000008000453e (0x00d71193) x3  0xffffffffffffe000
core   0: 0x0000000080004542 (0x00c15733) srl     a4, sp, a2
core   0: 1 0x0000000080004542 (0x00c15733) x14 0x0000000000000000
core   0: 0x0000000080004546 (0xd2138e53) fcvt.d.wu ft8, t2
core   0: 1 0x0000000080004546 (0xd2138e53) f28 0x0000000000000000
core   0: 0x000000008000454a (0x027ef6bb) remuw   a3, t4, t2
core   0: 1 0x000000008000454a (0x027ef6bb) x13 0x000000000000c025
core   0: 0x000000008000454e (0x401977d3) fcvt.s.d fa5, fs2
core   0: 1 0x000000008000454e (0x401977d3) f15 0xffffffff00000000
core   0: 0x0000000080004552 (0x85068493) addi    s1, a3, -1968
core   0: 1 0x0000000080004552 (0x85068493) x9  0x000000000000b875
core   0: 0x0000000080004556 (0x0ff0000f) fence   iorw,iorw
core   0: 1 0x0000000080004556 (0x0ff0000f)
core   0: 0x000000008000455a (0x007d8d3b) addw    s10, s11, t2
core   0: 1 0x000000008000455a (0x007d8d3b) x26 0x0000000000000000
core   0: 0x000000008000455e (0x41a30333) sub     t1, t1, s10
core   0: 1 0x000000008000455e (0x41a30333) x6  0x0000000000000000
core   0: 0x0000000080004562 (0x40005993) srai    s3, zero, 0
core   0: 1 0x0000000080004562 (0x40005993) x19 0x0000000000000000
core   0: 0x0000000080004566 (0xf20e8b53) fmv.d.x fs6, t4
core   0: 1 0x0000000080004566 (0xf20e8b53) f22 0x000000000000c025
core   0: 0x000000008000456a (0xa20f0753) fle.d   a4, ft10, ft0
core   0: 1 0x000000008000456a (0xa20f0753) c1_fflags 0x0000000000000013 x14 0x0000000000000000
core   0: 0x000000008000456e (0x001b1b9b) slliw   s7, s6, 1
core   0: 1 0x000000008000456e (0x001b1b9b) x23 0x00000000000000ac
core   0: 0x0000000080004572 (0x006b181b) slliw   a6, s6, 6
core   0: 1 0x0000000080004572 (0x006b181b) x16 0x0000000000001580
core   0: 0x0000000080004576 (0x00b81c3b) sllw    s8, a6, a1
core   0: 1 0x0000000080004576 (0x00b81c3b) x24 0x0000000000001580
core   0: 0x000000008000457a (0x03880dbb) mulw    s11, a6, s8
core   0: 1 0x000000008000457a (0x03880dbb) x27 0x0000000001ce4000
core   0: 0x000000008000457e (0x03b5c5b3) div     a1, a1, s11
core   0: 1 0x000000008000457e (0x03b5c5b3) x11 0x0000000000000000
core   0: 0x0000000080004582 (0x67758a9b) addiw   s5, a1, 1655
core   0: 1 0x0000000080004582 (0x67758a9b) x21 0x0000000000000677
core   0: 0x0000000080004586 (0x323abbf3) csrrc   s7, mhpmevent3, s5
core   0: exception trap_illegal_instruction, epc 0x0000000080004586
core   0:           tval 0x00000000323abbf3
core   0: >>>>  $xrv64i2p1_m2p0_a2p1_f2p2_d2p2_zicsr2p0_zifencei2p0_zmmul1p0_zba1p0_zbb1p0_zbc1p0_zbs1p0
core   0: 0x0000000080004000 (0x0080006f) j       pc + 0x8
core   0: 3 0x0000000080004000 (0x0080006f)
core   0: >>>>  mmode_exception_handler
core   0: 0x0000000080004008 (0x00002c17) auipc   s8, 0x2
core   0: 3 0x0000000080004008 (0x00002c17) x24 0x0000000080006008
core   0: 0x000000008000400c (0x088c0c13) addi    s8, s8, 136
core   0: 3 0x000000008000400c (0x088c0c13) x24 0x0000000080006090
core   0: 0x0000000080004010 (0x000c00e7) jalr    s8
core   0: 3 0x0000000080004010 (0x000c00e7) x1  0x0000000080004014
core   0: >>>>  any_handler
core   0: 0x0000000080006090 (0x341027f3) csrrs   a5, mepc, zero
core   0: 3 0x0000000080006090 (0x341027f3) x15 0x0000000080004586
core   0: 0x0000000080006094 (0x34202773) csrrs   a4, mcause, zero
core   0: 3 0x0000000080006094 (0x34202773) x14 0x0000000000000002
core   0: 0x0000000080006098 (0x142026f3) csrrs   a3, scause, zero
core   0: 3 0x0000000080006098 (0x142026f3) x13 0x0000000000000000
core   0: 0x000000008000609c (0x30402673) csrrs   a2, mie, zero
core   0: 3 0x000000008000609c (0x30402673) x12 0x0000000000000a00
core   0: 0x00000000800060a0 (0x344025f3) csrrs   a1, mip, zero
core   0: 3 0x00000000800060a0 (0x344025f3) x11 0x0000000000000080
core   0: 0x00000000800060a4 (0x343025f3) csrrs   a1, mtval, zero
core   0: 3 0x00000000800060a4 (0x343025f3) x11 0x00000000323abbf3
core   0: 0x00000000800060a8 (0x14302573) csrrs   a0, stval, zero
core   0: 3 0x00000000800060a8 (0x14302573) x10 0x0000000000000000
core   0: 0x00000000800060ac (0xb02024f3) csrrs   s1, minstret, zero
core   0: 3 0x00000000800060ac (0xb02024f3) x9  0x0000000000000990
core   0: 0x00000000800060b0 (0x0000a811) c.j     pc + 20
core   0: 3 0x00000000800060b0 (0xa811)
core   0: >>>>  mepc_4
core   0: 0x00000000800060c4 (0x00000791) c.addi  a5, 4
core   0: 3 0x00000000800060c4 (0x0791) x15 0x000000008000458a
core   0: 0x00000000800060c6 (0x34179073) csrrw   zero, mepc, a5
core   0: 3 0x00000000800060c6 (0x34179073) c833_mepc 0x000000008000458a
core   0: 0x00000000800060ca (0x30200073) mret
core   0: 3 0x00000000800060ca (0x30200073) c768_mstatus 0x8000000a00106080
core   0: 0x000000008000458a (0x228787d3) fsgnj.d fa5, fa5, fs0
core   0: 1 0x000000008000458a (0x228787d3) f15 0x7fffffff00000000
core   0: 0x000000008000458e (0x0031d0b3) srl     ra, gp, gp
core   0: 1 0x000000008000458e (0x0031d0b3) x1  0xffffffffffffe000
core   0: 0x0000000080004592 (0x017adabb) srlw    s5, s5, s7
core   0: 1 0x0000000080004592 (0x017adabb) x21 0x0000000000000000
core   0: 0x0000000080004596 (0x0051511b) srliw   sp, sp, 5
core   0: 1 0x0000000080004596 (0x0051511b) x2  0x0000000000000000
core   0: 0x000000008000459a (0x105b9473) csrrw   s0, stvec, s7
core   0: 1 0x000000008000459a (0x105b9473) x8  0x0000000000000000 c261_stvec 0x00000000000000ac
core   0: 0x000000008000459e (0x011eaeb3) slt     t4, t4, a7
core   0: 1 0x000000008000459e (0x011eaeb3) x29 0x0000000000000000
core   0: 0x00000000800045a2 (0x0010139b) slliw   t2, zero, 1
core   0: 1 0x00000000800045a2 (0x0010139b) x7  0x0000000000000000
core   0: 0x00000000800045a6 (0xd23074d3) fcvt.d.lu fs1, zero
core   0: 1 0x00000000800045a6 (0xd23074d3) f9  0x0000000000000000
core   0: 0x00000000800045aa (0x00000001) c.nop
core   0: 1 0x00000000800045aa (0x0001)
core   0: 0x00000000800045ac (0x00000001) c.nop
core   0: 1 0x00000000800045ac (0x0001)
core   0: 0x00000000800045ae (0x416ddd93) srai    s11, s11, 22
core   0: 1 0x00000000800045ae (0x416ddd93) x27 0x0000000000000007
core   0: 0x00000000800045b2 (0x018d8433) add     s0, s11, s8
core   0: 1 0x00000000800045b2 (0x018d8433) x8  0x0000000080006097
core   0: 0x00000000800045b6 (0x23c421d3) fsgnjx.d ft3, fs0, ft8
core   0: 1 0x00000000800045b6 (0x23c421d3) f3  0x7ff8000000000000
core   0: 0x00000000800045ba (0x6ad6f6cf) fnmadd.d fa3, fa3, fa3, fa3
core   0: 1 0x00000000800045ba (0x6ad6f6cf) f13 0x8000000000000000
core   0: 0x00000000800045be (0x2a769553) fmax.d  fa0, fa3, ft7
core   0: 1 0x00000000800045be (0x2a769553) f10 0x8000000000000000
core   0: 0x00000000800045c2 (0x00035513) srli    a0, t1, 0
core   0: 1 0x00000000800045c2 (0x00035513) x10 0x0000000000000000
core   0: 0x00000000800045c6 (0x036cd733) divu    a4, s9, s6
core   0: 1 0x00000000800045c6 (0x036cd733) x14 0x02fa0be82fa0be82
core   0: 0x00000000800045ca (0x22448253) fsgnj.d ft4, fs1, ft4
core   0: 1 0x00000000800045ca (0x22448253) f4  0x0000000000000000
core   0: 0x00000000800045ce (0x000b5a1b) srliw   s4, s6, 0
core   0: 1 0x00000000800045ce (0x000b5a1b) x20 0x0000000000000056
core   0: 0x00000000800045d2 (0xa3768653) fle.d   a2, fa3, fs7
core   0: 1 0x00000000800045d2 (0xa3768653) c1_fflags 0x0000000000000013 x12 0x0000000000000000
core   0: 0x00000000800045d6 (0x017ecbb3) xor     s7, t4, s7
core   0: 1 0x00000000800045d6 (0x017ecbb3) x23 0x00000000000000ac
core   0: 0x00000000800045da (0x400b5d1b) sraiw   s10, s6, 0
core   0: 1 0x00000000800045da (0x400b5d1b) x26 0x0000000000000056
core   0: 0x00000000800045de (0x0003189b) slliw   a7, t1, 0
core   0: 1 0x00000000800045de (0x0003189b) x17 0x0000000000000000
core   0: 0x00000000800045e2 (0x00b6f4b7) lui     s1, 0xb6f
core   0: 1 0x00000000800045e2 (0x00b6f4b7) x9  0x0000000000b6f000
core   0: 0x00000000800045e6 (0x1494849b) addiw   s1, s1, 329
core   0: 1 0x00000000800045e6 (0x1494849b) x9  0x0000000000b6f149
core   0: 0x00000000800045ea (0x000004b2) c.slli  s1, 12
core   0: 1 0x00000000800045ea (0x04b2) x9  0x0000000b6f149000
core   0: 0x00000000800045ec (0xb6548493) addi    s1, s1, -1179
core   0: 1 0x00000000800045ec (0xb6548493) x9  0x0000000b6f148b65
core   0: 0x00000000800045f0 (0xd3a5f64f) fnmadd.d fa2, fa1, fs10, fs10
core   0: 1 0x00000000800045f0 (0xd3a5f64f) f12 0x7ff8000000000000
core   0: 0x00000000800045f4 (0x0003d813) srli    a6, t2, 0
core   0: 1 0x00000000800045f4 (0x0003d813) x16 0x0000000000000000
core   0: 0x00000000800045f8 (0x624d7fc3) fmadd.d ft11, fs10, ft4, fa2
core   0: 1 0x00000000800045f8 (0x624d7fc3) f31 0x7ff8000000000000
core   0: 0x00000000800045fc (0x2b6a8853) fmin.d  fa6, fs5, fs6
core   0: 1 0x00000000800045fc (0x2b6a8853) f16 0x000000000000c025
core   0: 0x0000000080004600 (0x833e72cf) fnmadd.d ft5, ft8, fs3, fa6
core   0: 1 0x0000000080004600 (0x833e72cf) f5  0x800000000000c025
core   0: 0x0000000080004604 (0x025c77bb) remuw   a5, s8, t0
core   0: 1 0x0000000080004604 (0x025c77bb) x15 0x00000000080dcd16
core   0: 0x0000000080004608 (0x2a580bd3) fmin.d  fs7, fa6, ft5
core   0: 1 0x0000000080004608 (0x2a580bd3) f23 0x800000000000c025
core   0: 0x000000008000460c (0x03ce14b3) mulh    s1, t3, t3
core   0: 1 0x000000008000460c (0x03ce14b3) x9  0x0000000000000000
core   0: 0x0000000080004610 (0x2b8994d3) fmax.d  fs1, fs3, fs8
core   0: 1 0x0000000080004610 (0x2b8994d3) f9  0x41b7fd50b2000000
core   0: 0x0000000080004614 (0xc20f7ed3) fcvt.w.d t4, ft10
core   0: 1 0x0000000080004614 (0xc20f7ed3) c1_fflags 0x0000000000000013 x29 0x000000007fffffff
core   0: 0x0000000080004618 (0xd21d0fd3) fcvt.d.wu ft11, s10
core   0: 1 0x0000000080004618 (0xd21d0fd3) f31 0x4055800000000000
core   0: 0x000000008000461c (0x7ffa7a13) andi    s4, s4, 2047
core   0: 1 0x000000008000461c (0x7ffa7a13) x20 0x0000000000000056
core   0: 0x0000000080004620 (0x02a7013b) mulw    sp, a4, a0
core   0: 1 0x0000000080004620 (0x02a7013b) x2  0x0000000000000000
core   0: 0x0000000080004624 (0x01454333) xor     t1, a0, s4
core   0: 1 0x0000000080004624 (0x01454333) x6  0x0000000000000056
core   0: 0x0000000080004628 (0xc2007ad3) fcvt.w.d s5, ft0
core   0: 1 0x0000000080004628 (0xc2007ad3) c1_fflags 0x0000000000000013 x21 0x000000007fffffff
core   0: 0x000000008000462c (0x5a0af553) fsqrt.d fa0, fs5
core   0: 1 0x000000008000462c (0x5a0af553) f10 0x7ff8000000000000
core   0: 0x0000000080004630 (0x0265c5b3) div     a1, a1, t1
core   0: 1 0x0000000080004630 (0x0265c5b3) x11 0x0000000000958529
core   0: 0x0000000080004634 (0xffc70637) lui     a2, 0xffc70
core   0: 1 0x0000000080004634 (0xffc70637) x12 0xffffffffffc70000
core   0: 0x0000000080004638 (0xee56061b) addiw   a2, a2, -283
core   0: 1 0x0000000080004638 (0xee56061b) x12 0xffffffffffc6fee5
core   0: 0x000000008000463c (0x0000063e) c.slli  a2, 15
core   0: 1 0x000000008000463c (0x063e) x12 0xffffffe37f728000
core   0: 0x000000008000463e (0xc2360613) addi    a2, a2, -989
core   0: 1 0x000000008000463e (0xc2360613) x12 0xffffffe37f727c23
core   0: 0x0000000080004642 (0x2745c513) xori    a0, a1, 628
core   0: 1 0x0000000080004642 (0x2745c513) x10 0x000000000095875d
core   0: 0x0000000080004646 (0x40c35abb) sraw    s5, t1, a2
core   0: 1 0x0000000080004646 (0x40c35abb) x21 0x000000000000000a
core   0: 0x000000008000464a (0x0356f5d3) fadd.d  fa1, fa3, fs5
core   0: 1 0x000000008000464a (0x0356f5d3) f11 0x7ff8000000000000
core   0: 0x000000008000464e (0x6b9379c7) fmsub.d fs3, ft6, fs9, fa3
core   0: 1 0x000000008000464e (0x6b9379c7) f19 0x7ff8000000000000
core   0: 0x0000000080004652 (0x40065c93) srai    s9, a2, 0
core   0: 1 0x0000000080004652 (0x40065c93) x25 0xffffffe37f727c23
core   0: 0x0000000080004656 (0x5a0fffd3) fsqrt.d ft11, ft11
core   0: 1 0x0000000080004656 (0x5a0fffd3) c1_fflags 0x0000000000000013 f31 0x40228c17b9337834
core   0: 0x000000008000465a (0x0e008093) addi    ra, ra, 224
core   0: 1 0x000000008000465a (0x0e008093) x1  0xffffffffffffe0e0
core   0: 0x000000008000465e (0x027a4c3b) divw    s8, s4, t2
core   0: 1 0x000000008000465e (0x027a4c3b) x24 0xffffffffffffffff
core   0: 0x0000000080004662 (0x01ac5533) srl     a0, s8, s10
core   0: 1 0x0000000080004662 (0x01ac5533) x10 0x000003ffffffffff
core   0: 0x0000000080004666 (0x031c48b3) div     a7, s8, a7
core   0: 1 0x0000000080004666 (0x031c48b3) x17 0xffffffffffffffff
core   0: 0x000000008000466a (0xc224f1d3) fcvt.l.d gp, fs1
core   0: 1 0x000000008000466a (0xc224f1d3) x3  0x0000000017fd50b2
core   0: 0x000000008000466e (0x420f8553) fcvt.d.s fa0, ft11
core   0: 1 0x000000008000466e (0x420f8553) f10 0x7ff8000000000000
core   0: 0x0000000080004672 (0xc22b79d3) fcvt.l.d s3, fs6
core   0: 1 0x0000000080004672 (0xc22b79d3) c1_fflags 0x0000000000000013 x19 0x0000000000000000
core   0: 0x0000000080004676 (0x2a368053) fmin.d  ft0, fa3, ft3
core   0: 1 0x0000000080004676 (0x2a368053) f0  0x8000000000000000
core   0: 0x000000008000467a (0x0035db33) srl     s6, a1, gp
core   0: 1 0x000000008000467a (0x0035db33) x22 0x0000000000000000
core   0: 0x000000008000467e (0x0169093b) addw    s2, s2, s6
core   0: 1 0x000000008000467e (0x0169093b) x18 0x0000000000000000
core   0: 0x0000000080004682 (0x000be193) ori     gp, s7, 0
core   0: 1 0x0000000080004682 (0x000be193) x3  0x00000000000000ac
core   0: 0x0000000080004686 (0x03429d93) slli    s11, t0, 52
core   0: 1 0x0000000080004686 (0x03429d93) x27 0x0b20000000000000
core   0: 0x000000008000468a (0x00009e2e) c.add   t3, a1
core   0: 1 0x000000008000468a (0x9e2e) x28 0x0000000000958529
core   0: 0x000000008000468c (0x2ae39ad3) fmax.d  fs5, ft7, fa4
core   0: 1 0x000000008000468c (0x2ae39ad3) f21 0x7ff8000000000000
core   0: 0x0000000080004690 (0xaa590a93) addi    s5, s2, -1371
core   0: 1 0x0000000080004690 (0xaa590a93) x21 0xfffffffffffffaa5
core   0: 0x0000000080004694 (0x401374d3) fcvt.s.d fs1, ft6
core   0: 1 0x0000000080004694 (0x401374d3) f9  0xffffffff7fc00000
core   0: 0x0000000080004698 (0x7cb9029b) addiw   t0, s2, 1995
core   0: 1 0x0000000080004698 (0x7cb9029b) x5  0x00000000000007cb
core   0: 0x000000008000469c (0x132376d3) fmul.d  fa3, ft6, fs2
core   0: 1 0x000000008000469c (0x132376d3) f13 0x7ff8000000000000
core   0: 0x00000000800046a0 (0xfe5d011b) addiw   sp, s10, -27
core   0: 1 0x00000000800046a0 (0xfe5d011b) x2  0x000000000000003b
core   0: 0x00000000800046a4 (0xc031f7d3) fcvt.lu.s a5, ft3
core   0: 1 0x00000000800046a4 (0xc031f7d3) c1_fflags 0x0000000000000013 x15 0xffffffffffffffff
core   0: 0x00000000800046a8 (0x0bddfed3) fsub.d  ft9, fs11, ft9
core   0: 1 0x00000000800046a8 (0x0bddfed3) f29 0x7ff8000000000000
core   0: 0x00000000800046ac (0x401adc13) srai    s8, s5, 1
core   0: 1 0x00000000800046ac (0x401adc13) x24 0xfffffffffffffd52
core   0: 0x00000000800046b0 (0x0001009b) sext.w  ra, sp
core   0: 1 0x00000000800046b0 (0x0001009b) x1  0x000000000000003b
core   0: 0x00000000800046b4 (0x2a909fd3) fmax.d  ft11, ft1, fs1
core   0: 1 0x00000000800046b4 (0x2a909fd3) f31 0x7ff8000000000000
core   0: 0x00000000800046b8 (0x0001501b) srliw   zero, sp, 0
core   0: 1 0x00000000800046b8 (0x0001501b)
core   0: 0x00000000800046bc (0x0ff0000f) fence   iorw,iorw
core   0: 1 0x00000000800046bc (0x0ff0000f)
core   0: 0x00000000800046c0 (0x0215fa3b) remuw   s4, a1, ra
core   0: 1 0x00000000800046c0 (0x0215fa3b) x20 0x0000000000000038
core   0: 0x00000000800046c4 (0x01900033) add     zero, zero, s9
core   0: 1 0x00000000800046c4 (0x01900033)
core   0: 0x00000000800046c8 (0xe2020153) fmv.x.d sp, ft4
core   0: 1 0x00000000800046c8 (0xe2020153) x2  0x0000000000000000
core   0: 0x00000000800046cc (0x001026f3) csrrs   a3, fflags, zero
core   0: 1 0x00000000800046cc (0x001026f3) x13 0x0000000000000013
core   0: 0x00000000800046d0 (0x0007d79b) srliw   a5, a5, 0
core   0: 1 0x00000000800046d0 (0x0007d79b) x15 0xffffffffffffffff
core   0: 0x00000000800046d4 (0x40340e3b) subw    t3, s0, gp
core   0: 1 0x00000000800046d4 (0x40340e3b) x28 0xffffffff80005feb
core   0: 0x00000000800046d8 (0x1272fe53) fmul.d  ft8, ft5, ft7
core   0: 1 0x00000000800046d8 (0x1272fe53) f28 0x7ff8000000000000
core   0: 0x00000000800046dc (0xd0367bd3) fcvt.s.lu fs7, a2
core   0: 1 0x00000000800046dc (0xd0367bd3) c1_fflags 0x0000000000000013 f23 0xffffffff5f800000
core   0: 0x00000000800046e0 (0x00202e73) csrrs   t3, frm, zero
core   0: 1 0x00000000800046e0 (0x00202e73) x28 0x0000000000000000
core   0: 0x00000000800046e4 (0x0380acb3) mulhsu  s9, ra, s8
core   0: 1 0x00000000800046e4 (0x0380acb3) x25 0x000000000000003a
core   0: 0x00000000800046e8 (0x0011c333) xor     t1, gp, ra
core   0: 1 0x00000000800046e8 (0x0011c333) x6  0x0000000000000097
core   0: 0x00000000800046ec (0x016c29b3) slt     s3, s8, s6
core   0: 1 0x00000000800046ec (0x016c29b3) x19 0x0000000000000001
core   0: 0x00000000800046f0 (0xf20e89d3) fmv.d.x fs3, t4
core   0: 1 0x00000000800046f0 (0xf20e89d3) f19 0x000000007fffffff
core   0: 0x00000000800046f4 (0xfb3fffc7) fmsub.d ft11, ft11, fs3, ft11
core   0: 1 0x00000000800046f4 (0xfb3fffc7) f31 0x7ff8000000000000
core   0: 0x00000000800046f8 (0x005a8abb) addw    s5, s5, t0
core   0: 1 0x00000000800046f8 (0x005a8abb) x21 0x0000000000000270
core   0: 0x00000000800046fc (0x00cad213) srli    tp, s5, 12
core   0: 1 0x00000000800046fc (0x00cad213) x4  0x0000000000000000
core   0: 0x0000000080004700 (0xd22afd53) fcvt.d.l fs10, s5
core   0: 1 0x0000000080004700 (0xd22afd53) f26 0x4083800000000000
core   0: 0x0000000080004704 (0x00202873) csrrs   a6, frm, zero
core   0: 1 0x0000000080004704 (0x00202873) x16 0x0000000000000000
core   0: 0x0000000080004708 (0x400cd11b) sraiw   sp, s9, 0
core   0: 1 0x0000000080004708 (0x400cd11b) x2  0x000000000000003a
core   0: 0x000000008000470c (0xb6b3ec13) ori     s8, t2, -1173
core   0: 1 0x000000008000470c (0xb6b3ec13) x24 0xfffffffffffffb6b
core   0: 0x0000000080004710 (0x0182003b) addw    zero, tp, s8
core   0: 1 0x0000000080004710 (0x0182003b)
core   0: 0x0000000080004714 (0x0ff0000f) fence   iorw,iorw
core   0: 1 0x0000000080004714 (0x0ff0000f)
core   0: 0x0000000080004718 (0x03349e13) slli    t3, s1, 51
core   0: 1 0x0000000080004718 (0x03349e13) x28 0x0000000000000000
core   0: 0x000000008000471c (0x02d986b3) mul     a3, s3, a3
core   0: 1 0x000000008000471c (0x02d986b3) x13 0x0000000000000013
core   0: 0x0000000080004720 (0x0334823b) mulw    tp, s1, s3
core   0: 1 0x0000000080004720 (0x0334823b) x4  0x0000000000000000
core   0: 0x0000000080004724 (0x4379d893) srai    a7, s3, 55
core   0: 1 0x0000000080004724 (0x4379d893) x17 0x0000000000000000
core   0: 0x0000000080004728 (0x402ed1bb) sraw    gp, t4, sp
core   0: 1 0x0000000080004728 (0x402ed1bb) x3  0x000000000000001f
core   0: 0x000000008000472c (0x00039693) slli    a3, t2, 0
core   0: 1 0x000000008000472c (0x00039693) x13 0x0000000000000000
core   0: 0x0000000080004730 (0x22d10b53) fsgnj.d fs6, ft2, fa3
core   0: 1 0x0000000080004730 (0x22d10b53) f22 0x7ff8000000000000
core   0: 0x0000000080004734 (0xc0404993) xori    s3, zero, -1020
core   0: 1 0x0000000080004734 (0xc0404993) x19 0xfffffffffffffc04
core   0: 0x0000000080004738 (0x4017f7d3) fcvt.s.d fa5, fa5
core   0: 1 0x0000000080004738 (0x4017f7d3) f15 0xffffffff7fc00000
core   0: 0x000000008000473c (0x0ff0000f) fence   iorw,iorw
core   0: 1 0x000000008000473c (0x0ff0000f)
core   0: 0x0000000080004740 (0x02c2f1bb) remuw   gp, t0, a2
core   0: 1 0x0000000080004740 (0x02c2f1bb) x3  0x00000000000007cb
core   0: 0x0000000080004744 (0x129874d3) fmul.d  fs1, fa6, fs1
core   0: 1 0x0000000080004744 (0x129874d3) f9  0x7ff8000000000000
core   0: 0x0000000080004748 (0x014a18bb) sllw    a7, s4, s4
core   0: 1 0x0000000080004748 (0x014a18bb) x17 0x0000000038000000
core   0: 0x000000008000474c (0x010881bb) addw    gp, a7, a6
core   0: 1 0x000000008000474c (0x010881bb) x3  0x0000000038000000
core   0: 0x0000000080004750 (0x01971e3b) sllw    t3, a4, s9
core   0: 1 0x0000000080004750 (0x01971e3b) x28 0x0000000008000000
core   0: 0x0000000080004754 (0x0336a3b3) mulhsu  t2, a3, s3
core   0: 1 0x0000000080004754 (0x0336a3b3) x7  0x0000000000000000
core   0: 0x0000000080004758 (0x022b70d3) fadd.d  ft1, fs6, ft2
core   0: 1 0x0000000080004758 (0x022b70d3) f1  0x7ff8000000000000
core   0: 0x000000008000475c (0x0ff0000f) fence   iorw,iorw
core   0: 1 0x000000008000475c (0x0ff0000f)
core   0: 0x0000000080004760 (0xe20305d3) fmv.x.d a1, ft6
core   0: 1 0x0000000080004760 (0xe20305d3) x11 0xffffffff4f000043
core   0: 0x0000000080004764 (0xf94d2b37) lui     s6, 0xf94d2
core   0: 1 0x0000000080004764 (0xf94d2b37) x22 0xfffffffff94d2000
core   0: 0x0000000080004768 (0x26fb0b1b) addiw   s6, s6, 623
core   0: 1 0x0000000080004768 (0x26fb0b1b) x22 0xfffffffff94d226f
core   0: 0x000000008000476c (0x00000b32) c.slli  s6, 12
core   0: 1 0x000000008000476c (0x0b32) x22 0xffffff94d226f000
core   0: 0x000000008000476e (0xc87b0b13) addi    s6, s6, -889
core   0: 1 0x000000008000476e (0xc87b0b13) x22 0xffffff94d226ec87
core   0: 0x0000000080004772 (0x224304d3) fsgnj.d fs1, ft6, ft4
core   0: 1 0x0000000080004772 (0x224304d3) f9  0x7fffffff4f000043
core   0: 0x0000000080004776 (0x03924a3b) divw    s4, tp, s9
core   0: 1 0x0000000080004776 (0x03924a3b) x20 0x0000000000000000
core   0: 0x000000008000477a (0x00a583bb) addw    t2, a1, a0
core   0: 1 0x000000008000477a (0x00a583bb) x7  0x000000004f000042
core   0: 0x000000008000477e (0x4585fa13) andi    s4, a1, 1112
core   0: 1 0x000000008000477e (0x4585fa13) x20 0x0000000000000040
core   0: 0x0000000080004782 (0x071e0e37) lui     t3, 0x71e0
core   0: 1 0x0000000080004782 (0x071e0e37) x28 0x00000000071e0000
core   0: 0x0000000080004786 (0x765e0e1b) addiw   t3, t3, 1893
core   0: 1 0x0000000080004786 (0x765e0e1b) x28 0x00000000071e0765
core   0: 0x000000008000478a (0x00000e32) c.slli  t3, 12
core   0: 1 0x000000008000478a (0x0e32) x28 0x00000071e0765000
core   0: 0x000000008000478c (0x50ee0e13) addi    t3, t3, 1294
core   0: 1 0x000000008000478c (0x50ee0e13) x28 0x00000071e076550e
core   0: 0x0000000080004790 (0x0124a3b3) slt     t2, s1, s2
core   0: 1 0x0000000080004790 (0x0124a3b3) x7  0x0000000000000000
core   0: 0x0000000080004794 (0x2a7f8b53) fmin.d  fs6, ft11, ft7
core   0: 1 0x0000000080004794 (0x2a7f8b53) f22 0x7ff8000000000000
core   0: 0x0000000080004798 (0x125b7ed3) fmul.d  ft9, fs6, ft5
core   0: 1 0x0000000080004798 (0x125b7ed3) f29 0x7ff8000000000000
core   0: 0x000000008000479c (0x0051983b) sllw    a6, gp, t0
core   0: 1 0x000000008000479c (0x0051983b) x16 0x0000000000000000
core   0: 0x00000000800047a0 (0x010596bb) sllw    a3, a1, a6
core   0: 1 0x00000000800047a0 (0x010596bb) x13 0x000000004f000043
core   0: 0x00000000800047a4 (0x9acef9cb) fnmsub.d fs3, ft9, fa2, fs3
core   0: 1 0x00000000800047a4 (0x9acef9cb) f19 0x7ff8000000000000
core   0: 0x00000000800047a8 (0x4019db13) srai    s6, s3, 1
core   0: 1 0x00000000800047a8 (0x4019db13) x22 0xfffffffffffffe02
core   0: 0x00000000800047ac (0x0006db9b) srliw   s7, a3, 0
core   0: 1 0x00000000800047ac (0x0006db9b) x23 0x000000004f000043
core   0: 0x00000000800047b0 (0x40da063b) subw    a2, s4, a3
core   0: 1 0x00000000800047b0 (0x40da063b) x12 0xffffffffb0fffffd
core   0: 0x00000000800047b4 (0x5aba7893) andi    a7, s4, 1451
core   0: 1 0x00000000800047b4 (0x5aba7893) x17 0x0000000000000000
core   0: 0x00000000800047b8 (0x02288733) mul     a4, a7, sp
core   0: 1 0x00000000800047b8 (0x02288733) x14 0x0000000000000000
core   0: 0x00000000800047bc (0x5a0378d3) fsqrt.d fa7, ft6
core   0: 1 0x00000000800047bc (0x5a0378d3) f17 0x7ff8000000000000
core   0: 0x00000000800047c0 (0x001a90f3) csrrw   ra, fflags, s5
core   0: 1 0x00000000800047c0 (0x001a90f3) x1  0x0000000000000013 c1_fflags 0x0000000000000010
core   0: 0x00000000800047c4 (0x00000001) c.nop
core   0: 1 0x00000000800047c4 (0x0001)
core   0: 0x00000000800047c6 (0x40b5d23b) sraw    tp, a1, a1
core   0: 1 0x00000000800047c6 (0x40b5d23b) x4  0x0000000009e00008
core   0: 0x00000000800047ca (0x00006c33) or      s8, zero, zero
core   0: 1 0x00000000800047ca (0x00006c33) x24 0x0000000000000000
core   0: 0x00000000800047ce (0x404b59bb) sraw    s3, s6, tp
core   0: 1 0x00000000800047ce (0x404b59bb) x19 0xfffffffffffffffe
core   0: 0x00000000800047d2 (0x02bb3a33) mulhu   s4, s6, a1
core   0: 1 0x00000000800047d2 (0x02bb3a33) x20 0xffffffff4efffe45
core   0: 0x00000000800047d6 (0x0383433b) divw    t1, t1, s8
core   0: 1 0x00000000800047d6 (0x0383433b) x6  0xffffffffffffffff
core   0: 0x00000000800047da (0x020c503b) divuw   zero, s8, zero
core   0: 1 0x00000000800047da (0x020c503b)
core   0: 0x00000000800047de (0x00e69933) sll     s2, a3, a4
core   0: 1 0x00000000800047de (0x00e69933) x18 0x000000004f000043
core   0: 0x00000000800047e2 (0x0326d7b3) divu    a5, a3, s2
core   0: 1 0x00000000800047e2 (0x0326d7b3) x15 0x0000000000000001
core   0: 0x00000000800047e6 (0x419080bb) subw    ra, ra, s9
core   0: 1 0x00000000800047e6 (0x419080bb) x1  0xffffffffffffffd9
core   0: 0x00000000800047ea (0x000096ca) c.add   a3, s2
core   0: 1 0x00000000800047ea (0x96ca) x13 0x000000009e000086
core   0: 0x00000000800047ec (0x0269f9bb) remuw   s3, s3, t1
core   0: 1 0x00000000800047ec (0x0269f9bb) x19 0xfffffffffffffffe
core   0: 0x00000000800047f0 (0xd0387ad3) fcvt.s.lu fs5, a6
core   0: 1 0x00000000800047f0 (0xd0387ad3) f21 0xffffffff00000000
core   0: 0x00000000800047f4 (0x5a02fd53) fsqrt.d fs10, ft5
core   0: 1 0x00000000800047f4 (0x5a02fd53) c1_fflags 0x0000000000000010 f26 0x7ff8000000000000
core   0: 0x00000000800047f8 (0x03505833) divu    a6, zero, s5
core   0: 1 0x00000000800047f8 (0x03505833) x16 0x0000000000000000
core   0: 0x00000000800047fc (0x40bd5c13) srai    s8, s10, 11
core   0: 1 0x00000000800047fc (0x40bd5c13) x24 0x0000000000000000
core   0: 0x0000000080004800 (0x0128ceb3) xor     t4, a7, s2
core   0: 1 0x0000000080004800 (0x0128ceb3) x29 0x000000004f000043
core   0: 0x0000000080004804 (0x23a40d53) fsgnj.d fs10, fs0, fs10
core   0: 1 0x0000000080004804 (0x23a40d53) f26 0x7ff8000000000000
core   0: 0x0000000080004808 (0x012529b3) slt     s3, a0, s2
core   0: 1 0x0000000080004808 (0x012529b3) x19 0x0000000000000000
core   0: 0x000000008000480c (0x0001d233) srl     tp, gp, zero
core   0: 1 0x000000008000480c (0x0001d233) x4  0x0000000038000000
core   0: 0x0000000080004810 (0xaab4facb) fnmsub.d fs5, fs1, fa1, fs5
core   0: 1 0x0000000080004810 (0xaab4facb) f21 0x7ff8000000000000
core   0: 0x0000000080004814 (0x015a85b3) add     a1, s5, s5
core   0: 1 0x0000000080004814 (0x015a85b3) x11 0x00000000000004e0
core   0: 0x0000000080004818 (0x5a0cf853) fsqrt.d fa6, fs9
core   0: 1 0x0000000080004818 (0x5a0cf853) f16 0x7ff8000000000000
core   0: 0x000000008000481c (0x0386d1bb) divuw   gp, a3, s8
core   0: 1 0x000000008000481c (0x0386d1bb) x3  0xffffffffffffffff
core   0: 0x0000000080004820 (0x4000d01b) sraiw   zero, ra, 0
core   0: 1 0x0000000080004820 (0x4000d01b)
core   0: 0x0000000080004824 (0x00e7ae37) lui     t3, 0xe7a
core   0: 1 0x0000000080004824 (0x00e7ae37) x28 0x0000000000e7a000
core   0: 0x0000000080004828 (0x22de0e1b) addiw   t3, t3, 557
core   0: 1 0x0000000080004828 (0x22de0e1b) x28 0x0000000000e7a22d
core   0: 0x000000008000482c (0x00000e3e) c.slli  t3, 15
core   0: 1 0x000000008000482c (0x0e3e) x28 0x00000073d1168000
core   0: 0x000000008000482e (0x3abe0e13) addi    t3, t3, 939
core   0: 1 0x000000008000482e (0x3abe0e13) x28 0x00000073d11683ab
core   0: 0x0000000080004832 (0x02337a33) remu    s4, t1, gp
core   0: 1 0x0000000080004832 (0x02337a33) x20 0x0000000000000000
core   0: 0x0000000080004836 (0x001ad293) srli    t0, s5, 1
core   0: 1 0x0000000080004836 (0x001ad293) x5  0x0000000000000138
core   0: 0x000000008000483a (0x00b40633) add     a2, s0, a1
core   0: 1 0x000000008000483a (0x00b40633) x12 0x0000000080006577
core   0: 0x000000008000483e (0x41140c3b) subw    s8, s0, a7
core   0: 1 0x000000008000483e (0x41140c3b) x24 0xffffffff80006097
core   0: 0x0000000080004842 (0x5a007053) fsqrt.d ft0, ft0
core   0: 1 0x0000000080004842 (0x5a007053) f0  0x8000000000000000
core   0: 0x0000000080004846 (0x401b7f53) fcvt.s.d ft10, fs6
core   0: 1 0x0000000080004846 (0x401b7f53) f30 0xffffffff7fc00000
core   0: 0x000000008000484a (0xa3b001d3) fle.d   gp, ft0, fs11
core   0: 1 0x000000008000484a (0xa3b001d3) c1_fflags 0x0000000000000010 x3  0x0000000000000000
core   0: 0x000000008000484e (0xd227f553) fcvt.d.l fa0, a5
core   0: 1 0x000000008000484e (0xd227f553) f10 0x3ff0000000000000
core   0: 0x0000000080004852 (0xc0307853) fcvt.lu.s a6, ft0
core   0: 1 0x0000000080004852 (0xc0307853) c1_fflags 0x0000000000000010 x16 0xffffffffffffffff
core   0: 0x0000000080004856 (0x3523859b) addiw   a1, t2, 850
core   0: 1 0x0000000080004856 (0x3523859b) x11 0x0000000000000352
core   0: 0x000000008000485a (0x40127953) fcvt.s.d fs2, ft4
core   0: 1 0x000000008000485a (0x40127953) f18 0xffffffff00000000
core   0: 0x000000008000485e (0xfff76c93) ori     s9, a4, -1
core   0: 1 0x000000008000485e (0xfff76c93) x25 0xffffffffffffffff
core   0: 0x0000000080004862 (0x014cd5bb) srlw    a1, s9, s4
core   0: 1 0x0000000080004862 (0x014cd5bb) x11 0xffffffffffffffff
core   0: 0x0000000080004866 (0x01647eb3) and     t4, s0, s6
core   0: 1 0x0000000080004866 (0x01647eb3) x29 0x0000000080006002
core   0: 0x000000008000486a (0x00f79c1b) slliw   s8, a5, 15
core   0: 1 0x000000008000486a (0x00f79c1b) x24 0x0000000000008000
core   0: 0x000000008000486e (0x23ec1f53) fsgnjn.d ft10, fs8, ft10
core   0: 1 0x000000008000486e (0x23ec1f53) f30 0x7ff8000000000000
core   0: 0x0000000080004872 (0x7ff58b13) addi    s6, a1, 2047
core   0: 1 0x0000000080004872 (0x7ff58b13) x22 0x00000000000007fe
core   0: 0x0000000080004876 (0x013ea5b3) slt     a1, t4, s3
core   0: 1 0x0000000080004876 (0x013ea5b3) x11 0x0000000000000000
core   0: 0x000000008000487a (0x2ac71753) fmax.d  fa4, fa4, fa2
core   0: 1 0x000000008000487a (0x2ac71753) f14 0x7ff8000000000000
core   0: 0x000000008000487e (0x017b5b9b) srliw   s7, s6, 23
core   0: 1 0x000000008000487e (0x017b5b9b) x23 0x0000000000000000
core   0: 0x0000000080004882 (0xc2367553) fcvt.lu.d a0, fa2
core   0: 1 0x0000000080004882 (0xc2367553) c1_fflags 0x0000000000000010 x10 0xffffffffffffffff
core   0: 0x0000000080004886 (0x342fd773) csrrwi  a4, mcause, 31
core   0: exception trap_illegal_instruction, epc 0x0000000080004886
core   0:           tval 0x00000000342fd773
core   0: >>>>  $xrv64i2p1_m2p0_a2p1_f2p2_d2p2_zicsr2p0_zifencei2p0_zmmul1p0_zba1p0_zbb1p0_zbc1p0_zbs1p0
core   0: 0x0000000080004000 (0x0080006f) j       pc + 0x8
core   0: 3 0x0000000080004000 (0x0080006f)
core   0: >>>>  mmode_exception_handler
core   0: 0x0000000080004008 (0x00002c17) auipc   s8, 0x2
core   0: 3 0x0000000080004008 (0x00002c17) x24 0x0000000080006008
core   0: 0x000000008000400c (0x088c0c13) addi    s8, s8, 136
core   0: 3 0x000000008000400c (0x088c0c13) x24 0x0000000080006090
core   0: 0x0000000080004010 (0x000c00e7) jalr    s8
core   0: 3 0x0000000080004010 (0x000c00e7) x1  0x0000000080004014
core   0: >>>>  any_handler
core   0: 0x0000000080006090 (0x341027f3) csrrs   a5, mepc, zero
core   0: 3 0x0000000080006090 (0x341027f3) x15 0x0000000080004886
core   0: 0x0000000080006094 (0x34202773) csrrs   a4, mcause, zero
core   0: 3 0x0000000080006094 (0x34202773) x14 0x0000000000000002
core   0: 0x0000000080006098 (0x142026f3) csrrs   a3, scause, zero
core   0: 3 0x0000000080006098 (0x142026f3) x13 0x0000000000000000
core   0: 0x000000008000609c (0x30402673) csrrs   a2, mie, zero
core   0: 3 0x000000008000609c (0x30402673) x12 0x0000000000000a00
core   0: 0x00000000800060a0 (0x344025f3) csrrs   a1, mip, zero
core   0: 3 0x00000000800060a0 (0x344025f3) x11 0x0000000000000080
core   0: 0x00000000800060a4 (0x343025f3) csrrs   a1, mtval, zero
core   0: 3 0x00000000800060a4 (0x343025f3) x11 0x00000000342fd773
core   0: 0x00000000800060a8 (0x14302573) csrrs   a0, stval, zero
core   0: 3 0x00000000800060a8 (0x14302573) x10 0x0000000000000000
core   0: 0x00000000800060ac (0xb02024f3) csrrs   s1, minstret, zero
core   0: 3 0x00000000800060ac (0xb02024f3) x9  0x0000000000000a64
core   0: 0x00000000800060b0 (0x0000a811) c.j     pc + 20
core   0: 3 0x00000000800060b0 (0xa811)
core   0: >>>>  mepc_4
core   0: 0x00000000800060c4 (0x00000791) c.addi  a5, 4
core   0: 3 0x00000000800060c4 (0x0791) x15 0x000000008000488a
core   0: 0x00000000800060c6 (0x34179073) csrrw   zero, mepc, a5
core   0: 3 0x00000000800060c6 (0x34179073) c833_mepc 0x000000008000488a
core   0: 0x00000000800060ca (0x30200073) mret
core   0: 3 0x00000000800060ca (0x30200073) c768_mstatus 0x8000000a00106080
core   0: 0x000000008000488a (0x000cc533) xor     a0, s9, zero
core   0: 1 0x000000008000488a (0x000cc533) x10 0xffffffffffffffff
core   0: 0x000000008000488e (0xd2000653) fcvt.d.w fa2, zero
core   0: 1 0x000000008000488e (0xd2000653) f12 0x0000000000000000
core   0: 0x0000000080004892 (0x01e5dc1b) srliw   s8, a1, 30
core   0: 1 0x0000000080004892 (0x01e5dc1b) x24 0x0000000000000000
core   0: 0x0000000080004896 (0x005ed73b) srlw    a4, t4, t0
core   0: 1 0x0000000080004896 (0x005ed73b) x14 0x0000000000000080
core   0: 0x000000008000489a (0x42028b53) fcvt.d.s fs6, ft5
core   0: 1 0x000000008000489a (0x42028b53) f22 0x7ff8000000000000
core   0: 0x000000008000489e (0x40410233) sub     tp, sp, tp
core   0: 1 0x000000008000489e (0x40410233) x4  0xffffffffc800003a
core   0: 0x00000000800048a2 (0xc024fbd3) fcvt.l.s s7, fs1
core   0: 1 0x00000000800048a2 (0xc024fbd3) c1_fflags 0x0000000000000010 x23 0x7fffffffffffffff
core   0: 0x00000000800048a6 (0xd22af1d3) fcvt.d.l ft3, s5
core   0: 1 0x00000000800048a6 (0xd22af1d3) f3  0x4083800000000000
core   0: 0x00000000800048aa (0x01bbcc33) xor     s8, s7, s11
core   0: 1 0x00000000800048aa (0x01bbcc33) x24 0x74dfffffffffffff
core   0: 0x00000000800048ae (0x22361653) fsgnjn.d fa2, fa2, ft3
core   0: 1 0x00000000800048ae (0x22361653) f12 0x8000000000000000
core   0: 0x00000000800048b2 (0x2ba38553) fmin.d  fa0, ft7, fs10
core   0: 1 0x00000000800048b2 (0x2ba38553) f10 0x7ff8000000000000
core   0: 0x00000000800048b6 (0x00c6dcbb) srlw    s9, a3, a2
core   0: 1 0x00000000800048b6 (0x00c6dcbb) x25 0x0000000000000000
core   0: 0x00000000800048ba (0x1ac673d3) fdiv.d  ft7, fa2, fa2
core   0: 1 0x00000000800048ba (0x1ac673d3) c1_fflags 0x0000000000000010 f7  0x7ff8000000000000
core   0: 0x00000000800048be (0x2a781053) fmax.d  ft0, fa6, ft7
core   0: 1 0x00000000800048be (0x2a781053) f0  0x7ff8000000000000
core   0: 0x00000000800048c2 (0x02f93eb3) mulhu   t4, s2, a5
core   0: 1 0x00000000800048c2 (0x02f93eb3) x29 0x0000000000000000
core   0: 0x00000000800048c6 (0xc223fb53) fcvt.l.d s6, ft7
core   0: 1 0x00000000800048c6 (0xc223fb53) c1_fflags 0x0000000000000010 x22 0x7fffffffffffffff
core   0: 0x00000000800048ca (0x006366b3) or      a3, t1, t1
core   0: 1 0x00000000800048ca (0x006366b3) x13 0xffffffffffffffff
core   0: 0x00000000800048ce (0x054acc37) lui     s8, 0x54ac
core   0: 1 0x00000000800048ce (0x054acc37) x24 0x00000000054ac000
core   0: 0x00000000800048d2 (0xae5c0c1b) addiw   s8, s8, -1307
core   0: 1 0x00000000800048d2 (0xae5c0c1b) x24 0x00000000054abae5
core   0: 0x00000000800048d6 (0x00000c32) c.slli  s8, 12
core   0: 1 0x00000000800048d6 (0x0c32) x24 0x00000054abae5000
core   0: 0x00000000800048d8 (0x0fdc0c13) addi    s8, s8, 253
core   0: 1 0x00000000800048d8 (0x0fdc0c13) x24 0x00000054abae50fd
core   0: 0x00000000800048dc (0xc80fd7f3) csrrwi  a5, cycleh, 31
core   0: exception trap_illegal_instruction, epc 0x00000000800048dc
core   0:           tval 0x00000000c80fd7f3
core   0: >>>>  $xrv64i2p1_m2p0_a2p1_f2p2_d2p2_zicsr2p0_zifencei2p0_zmmul1p0_zba1p0_zbb1p0_zbc1p0_zbs1p0
core   0: 0x0000000080004000 (0x0080006f) j       pc + 0x8
core   0: 3 0x0000000080004000 (0x0080006f)
core   0: >>>>  mmode_exception_handler
core   0: 0x0000000080004008 (0x00002c17) auipc   s8, 0x2
core   0: 3 0x0000000080004008 (0x00002c17) x24 0x0000000080006008
core   0: 0x000000008000400c (0x088c0c13) addi    s8, s8, 136
core   0: 3 0x000000008000400c (0x088c0c13) x24 0x0000000080006090
core   0: 0x0000000080004010 (0x000c00e7) jalr    s8
core   0: 3 0x0000000080004010 (0x000c00e7) x1  0x0000000080004014
core   0: >>>>  any_handler
core   0: 0x0000000080006090 (0x341027f3) csrrs   a5, mepc, zero
core   0: 3 0x0000000080006090 (0x341027f3) x15 0x00000000800048dc
core   0: 0x0000000080006094 (0x34202773) csrrs   a4, mcause, zero
core   0: 3 0x0000000080006094 (0x34202773) x14 0x0000000000000002
core   0: 0x0000000080006098 (0x142026f3) csrrs   a3, scause, zero
core   0: 3 0x0000000080006098 (0x142026f3) x13 0x0000000000000000
core   0: 0x000000008000609c (0x30402673) csrrs   a2, mie, zero
core   0: 3 0x000000008000609c (0x30402673) x12 0x0000000000000a00
core   0: 0x00000000800060a0 (0x344025f3) csrrs   a1, mip, zero
core   0: 3 0x00000000800060a0 (0x344025f3) x11 0x0000000000000080
core   0: 0x00000000800060a4 (0x343025f3) csrrs   a1, mtval, zero
core   0: 3 0x00000000800060a4 (0x343025f3) x11 0x00000000c80fd7f3
core   0: 0x00000000800060a8 (0x14302573) csrrs   a0, stval, zero
core   0: 3 0x00000000800060a8 (0x14302573) x10 0x0000000000000000
core   0: 0x00000000800060ac (0xb02024f3) csrrs   s1, minstret, zero
core   0: 3 0x00000000800060ac (0xb02024f3) x9  0x0000000000000a89
core   0: 0x00000000800060b0 (0x0000a811) c.j     pc + 20
core   0: 3 0x00000000800060b0 (0xa811)
core   0: >>>>  mepc_4
core   0: 0x00000000800060c4 (0x00000791) c.addi  a5, 4
core   0: 3 0x00000000800060c4 (0x0791) x15 0x00000000800048e0
core   0: 0x00000000800060c6 (0x34179073) csrrw   zero, mepc, a5
core   0: 3 0x00000000800060c6 (0x34179073) c833_mepc 0x00000000800048e0
core   0: 0x00000000800060ca (0x30200073) mret
core   0: 3 0x00000000800060ca (0x30200073) c768_mstatus 0x8000000a00106080
core   0: 0x00000000800048e0 (0x020070d3) fadd.d  ft1, ft0, ft0
core   0: 1 0x00000000800048e0 (0x020070d3) f1  0x7ff8000000000000
core   0: 0x00000000800048e4 (0x00000001) c.nop
core   0: 1 0x00000000800048e4 (0x0001)
core   0: 0x00000000800048e6 (0x02b78abb) mulw    s5, a5, a1
core   0: 1 0x00000000800048e6 (0x02b78abb) x21 0x0000000002994ca0
core   0: 0x00000000800048ea (0x00098a1b) sext.w  s4, s3
core   0: 1 0x00000000800048ea (0x00098a1b) x20 0x0000000000000000
core   0: 0x00000000800048ee (0x002a9773) csrrw   a4, frm, s5
core   0: 1 0x00000000800048ee (0x002a9773) x14 0x0000000000000000 c2_frm 0x0000000000000000
core   0: 0x00000000800048f2 (0xd22af253) fcvt.d.l ft4, s5
core   0: 1 0x00000000800048f2 (0xd22af253) f4  0x4184ca6500000000
core   0: 0x00000000800048f6 (0xd22a70d3) fcvt.d.l ft1, s4
core   0: 1 0x00000000800048f6 (0xd22a70d3) f1  0x0000000000000000
core   0: 0x00000000800048fa (0x00000001) c.nop
core   0: 1 0x00000000800048fa (0x0001)
core   0: 0x00000000800048fc (0x00171613) slli    a2, a4, 1
core   0: 1 0x00000000800048fc (0x00171613) x12 0x0000000000000000
core   0: 0x0000000080004900 (0xe2000d53) fmv.x.d s10, ft0
core   0: 1 0x0000000080004900 (0xe2000d53) x26 0x7ff8000000000000
core   0: 0x0000000080004904 (0xc81a2473) csrrs   s0, timeh, s4
core   0: exception trap_illegal_instruction, epc 0x0000000080004904
core   0:           tval 0x00000000c81a2473
core   0: >>>>  $xrv64i2p1_m2p0_a2p1_f2p2_d2p2_zicsr2p0_zifencei2p0_zmmul1p0_zba1p0_zbb1p0_zbc1p0_zbs1p0
core   0: 0x0000000080004000 (0x0080006f) j       pc + 0x8
core   0: 3 0x0000000080004000 (0x0080006f)
core   0: >>>>  mmode_exception_handler
core   0: 0x0000000080004008 (0x00002c17) auipc   s8, 0x2
core   0: 3 0x0000000080004008 (0x00002c17) x24 0x0000000080006008
core   0: 0x000000008000400c (0x088c0c13) addi    s8, s8, 136
core   0: 3 0x000000008000400c (0x088c0c13) x24 0x0000000080006090
core   0: 0x0000000080004010 (0x000c00e7) jalr    s8
core   0: 3 0x0000000080004010 (0x000c00e7) x1  0x0000000080004014
core   0: >>>>  any_handler
core   0: 0x0000000080006090 (0x341027f3) csrrs   a5, mepc, zero
core   0: 3 0x0000000080006090 (0x341027f3) x15 0x0000000080004904
core   0: 0x0000000080006094 (0x34202773) csrrs   a4, mcause, zero
core   0: 3 0x0000000080006094 (0x34202773) x14 0x0000000000000002
core   0: 0x0000000080006098 (0x142026f3) csrrs   a3, scause, zero
core   0: 3 0x0000000080006098 (0x142026f3) x13 0x0000000000000000
core   0: 0x000000008000609c (0x30402673) csrrs   a2, mie, zero
core   0: 3 0x000000008000609c (0x30402673) x12 0x0000000000000a00
core   0: 0x00000000800060a0 (0x344025f3) csrrs   a1, mip, zero
core   0: 3 0x00000000800060a0 (0x344025f3) x11 0x0000000000000080
core   0: 0x00000000800060a4 (0x343025f3) csrrs   a1, mtval, zero
core   0: 3 0x00000000800060a4 (0x343025f3) x11 0x00000000c81a2473
core   0: 0x00000000800060a8 (0x14302573) csrrs   a0, stval, zero
core   0: 3 0x00000000800060a8 (0x14302573) x10 0x0000000000000000
core   0: 0x00000000800060ac (0xb02024f3) csrrs   s1, minstret, zero
core   0: 3 0x00000000800060ac (0xb02024f3) x9  0x0000000000000aa3
core   0: 0x00000000800060b0 (0x0000a811) c.j     pc + 20
core   0: 3 0x00000000800060b0 (0xa811)
core   0: >>>>  mepc_4
core   0: 0x00000000800060c4 (0x00000791) c.addi  a5, 4
core   0: 3 0x00000000800060c4 (0x0791) x15 0x0000000080004908
core   0: 0x00000000800060c6 (0x34179073) csrrw   zero, mepc, a5
core   0: 3 0x00000000800060c6 (0x34179073) c833_mepc 0x0000000080004908
core   0: 0x00000000800060ca (0x30200073) mret
core   0: 3 0x00000000800060ca (0x30200073) c768_mstatus 0x8000000a00106080
core   0: 0x0000000080004908 (0x030c9e93) slli    t4, s9, 48
core   0: 1 0x0000000080004908 (0x030c9e93) x29 0x0000000000000000
core   0: 0x000000008000490c (0x01d45433) srl     s0, s0, t4
core   0: 1 0x000000008000490c (0x01d45433) x8  0x0000000080006097
core   0: 0x0000000080004910 (0x000a1a1b) slliw   s4, s4, 0
core   0: 1 0x0000000080004910 (0x000a1a1b) x20 0x0000000000000000
core   0: 0x0000000080004914 (0x01420bb3) add     s7, tp, s4
core   0: 1 0x0000000080004914 (0x01420bb3) x23 0xffffffffc800003a
core   0: 0x0000000080004918 (0xc03b72d3) fcvt.lu.s t0, fs6
core   0: 1 0x0000000080004918 (0xc03b72d3) c1_fflags 0x0000000000000010 x5  0xffffffffffffffff
core   0: 0x000000008000491c (0x51997913) andi    s2, s2, 1305
core   0: 1 0x000000008000491c (0x51997913) x18 0x0000000000000001
core   0: 0x0000000080004920 (0x41248e33) sub     t3, s1, s2
core   0: 1 0x0000000080004920 (0x41248e33) x28 0x0000000000000aa2
core   0: 0x0000000080004924 (0x02807ec3) fmadd.d ft9, ft0, fs0, ft0
core   0: 1 0x0000000080004924 (0x02807ec3) f29 0x7ff8000000000000
core   0: 0x0000000080004928 (0x02f00cb7) lui     s9, 0x2f00
core   0: 1 0x0000000080004928 (0x02f00cb7) x25 0x0000000002f00000
core   0: 0x000000008000492c (0x49fc8c9b) addiw   s9, s9, 1183
core   0: 1 0x000000008000492c (0x49fc8c9b) x25 0x0000000002f0049f
core   0: 0x0000000080004930 (0x00000cb2) c.slli  s9, 12
core   0: 1 0x0000000080004930 (0x0cb2) x25 0x0000002f0049f000
core   0: 0x0000000080004932 (0xf07c8c93) addi    s9, s9, -249
core   0: 1 0x0000000080004932 (0xf07c8c93) x25 0x0000002f0049ef07
core   0: 0x0000000080004936 (0x78e987b7) lui     a5, 0x78e98
core   0: 1 0x0000000080004936 (0x78e987b7) x15 0x0000000078e98000
core   0: 0x000000008000493a (0x7ffc6a13) ori     s4, s8, 2047
core   0: 1 0x000000008000493a (0x7ffc6a13) x20 0x00000000800067ff
core   0: 0x000000008000493e (0x41ec5c1b) sraiw   s8, s8, 30
core   0: 1 0x000000008000493e (0x41ec5c1b) x24 0xfffffffffffffffe
core   0: 0x0000000080004942 (0xfd46a437) lui     s0, 0xfd46a
core   0: 1 0x0000000080004942 (0xfd46a437) x8  0xfffffffffd46a000
core   0: 0x0000000080004946 (0x5734041b) addiw   s0, s0, 1395
core   0: 1 0x0000000080004946 (0x5734041b) x8  0xfffffffffd46a573
core   0: 0x000000008000494a (0x00000432) c.slli  s0, 12
core   0: 1 0x000000008000494a (0x0432) x8  0xffffffd46a573000
core   0: 0x000000008000494c (0xfa940413) addi    s0, s0, -87
core   0: 1 0x000000008000494c (0xfa940413) x8  0xffffffd46a572fa9
core   0: 0x0000000080004950 (0x227903d3) fsgnj.d ft7, fs2, ft7
core   0: 1 0x0000000080004950 (0x227903d3) f7  0x7fffffff00000000
core   0: 0x0000000080004954 (0x00cc5e3b) srlw    t3, s8, a2
core   0: 1 0x0000000080004954 (0x00cc5e3b) x28 0xfffffffffffffffe
core   0: 0x0000000080004958 (0x14465273) csrrwi  tp, sip, 12
core   0: 1 0x0000000080004958 (0x14465273) x4  0x0000000000000000 c836_mip 0x0000000000000080
core   0: 0x000000008000495c (0xc023f9d3) fcvt.l.s s3, ft7
core   0: 1 0x000000008000495c (0xc023f9d3) c1_fflags 0x0000000000000010 x19 0x7fffffffffffffff
core   0: 0x0000000080004960 (0x413a823b) subw    tp, s5, s3
core   0: 1 0x0000000080004960 (0x413a823b) x4  0x0000000002994ca1
core   0: 0x0000000080004964 (0x01725bbb) srlw    s7, tp, s7
core   0: 1 0x0000000080004964 (0x01725bbb) x23 0x0000000000000000
core   0: 0x0000000080004968 (0x00009e9a) c.add   t4, t1
core   0: 1 0x0000000080004968 (0x9e9a) x29 0xffffffffffffffff
core   0: 0x000000008000496a (0x0a9c7c53) fsub.d  fs8, fs8, fs1
core   0: 1 0x000000008000496a (0x0a9c7c53) f24 0x7ff8000000000000
core   0: 0x000000008000496e (0xa2738d53) fle.d   s10, ft7, ft7
core   0: 1 0x000000008000496e (0xa2738d53) c1_fflags 0x0000000000000010 x26 0x0000000000000000
core   0: 0x0000000080004972 (0x2b610dd3) fmin.d  fs11, ft2, fs6
core   0: 1 0x0000000080004972 (0x2b610dd3) f27 0x7ff8000000000000
core   0: 0x0000000080004976 (0x41a75c9b) sraiw   s9, a4, 26
core   0: 1 0x0000000080004976 (0x41a75c9b) x25 0x0000000000000000
core   0: 0x000000008000497a (0x668122b7) lui     t0, 0x66812
core   0: 1 0x000000008000497a (0x668122b7) x5  0x0000000066812000
core   0: 0x000000008000497e (0xcbcafb4b) fnmsub.d fs6, fs5, ft8, fs9
core   0: 1 0x000000008000497e (0xcbcafb4b) f22 0x7ff8000000000000
core   0: 0x0000000080004982 (0x037adbb3) divu    s7, s5, s7
core   0: 1 0x0000000080004982 (0x037adbb3) x23 0xffffffffffffffff
core   0: 0x0000000080004986 (0x0246f0bb) remuw   ra, a3, tp
core   0: 1 0x0000000080004986 (0x0246f0bb) x1  0x0000000000000000
core   0: 0x000000008000498a (0x02de5db3) divu    s11, t3, a3
core   0: 1 0x000000008000498a (0x02de5db3) x27 0xffffffffffffffff
core   0: 0x000000008000498e (0xab426413) ori     s0, tp, -1356
core   0: 1 0x000000008000498e (0xab426413) x8  0xfffffffffffffeb5
core   0: 0x0000000080004992 (0x021204b3) mul     s1, tp, ra
core   0: 1 0x0000000080004992 (0x021204b3) x9  0x0000000000000000
core   0: 0x0000000080004996 (0x503a6513) ori     a0, s4, 1283
core   0: 1 0x0000000080004996 (0x503a6513) x10 0x00000000800067ff
core   0: 0x000000008000499a (0x0034d633) srl     a2, s1, gp
core   0: 1 0x000000008000499a (0x0034d633) x12 0x0000000000000000
core   0: 0x000000008000499e (0x030b7853) fadd.d  fa6, fs6, fa6
core   0: 1 0x000000008000499e (0x030b7853) f16 0x7ff8000000000000
core   0: 0x00000000800049a2 (0xc2087153) fcvt.w.d sp, fa6
core   0: 1 0x00000000800049a2 (0xc2087153) c1_fflags 0x0000000000000010 x2  0x000000007fffffff
core   0: 0x00000000800049a6 (0x418c573b) sraw    a4, s8, s8
core   0: 1 0x00000000800049a6 (0x418c573b) x14 0xffffffffffffffff
core   0: 0x00000000800049aa (0x42745913) srai    s2, s0, 39
core   0: 1 0x00000000800049aa (0x42745913) x18 0xffffffffffffffff
core   0: 0x00000000800049ae (0xb55c5337) lui     t1, 0xb55c5
core   0: 1 0x00000000800049ae (0xb55c5337) x6  0xffffffffb55c5000
core   0: 0x00000000800049b2 (0x028629b3) mulhsu  s3, a2, s0
core   0: 1 0x00000000800049b2 (0x028629b3) x19 0x0000000000000000
core   0: 0x00000000800049b6 (0xc23df153) fcvt.lu.d sp, fs11
core   0: 1 0x00000000800049b6 (0xc23df153) c1_fflags 0x0000000000000010 x2  0xffffffffffffffff
core   0: 0x00000000800049ba (0xa2db08d3) fle.d   a7, fs6, fa3
core   0: 1 0x00000000800049ba (0xa2db08d3) c1_fflags 0x0000000000000010 x17 0x0000000000000000
core   0: 0x00000000800049be (0x00008905) c.andi  a0, 1
core   0: 1 0x00000000800049be (0x8905) x10 0x0000000000000001
core   0: 0x00000000800049c0 (0x0000093a) c.slli  s2, 14
core   0: 1 0x00000000800049c0 (0x093a) x18 0xffffffffffffc000
core   0: 0x00000000800049c2 (0xd03e7a53) fcvt.s.lu fs4, t3
core   0: 1 0x00000000800049c2 (0xd03e7a53) c1_fflags 0x0000000000000011 f20 0xffffffff5f800000
core   0: 0x00000000800049c6 (0x1bae70d3) fdiv.d  ft1, ft8, fs10
core   0: 1 0x00000000800049c6 (0x1bae70d3) f1  0x7ff8000000000000
core   0: 0x00000000800049ca (0xc030fb53) fcvt.lu.s s6, ft1
core   0: 1 0x00000000800049ca (0xc030fb53) c1_fflags 0x0000000000000011 x22 0xffffffffffffffff
core   0: 0x00000000800049ce (0xc03d7853) fcvt.lu.s a6, fs10
core   0: 1 0x00000000800049ce (0xc03d7853) c1_fflags 0x0000000000000011 x16 0xffffffffffffffff
core   0: 0x00000000800049d2 (0x20448893) addi    a7, s1, 516
core   0: 1 0x00000000800049d2 (0x20448893) x17 0x0000000000000204
core   0: 0x00000000800049d6 (0x02985333) divu    t1, a6, s1
core   0: 1 0x00000000800049d6 (0x02985333) x6  0xffffffffffffffff
core   0: 0x00000000800049da (0xc03bf9d3) fcvt.lu.s s3, fs7
core   0: 1 0x00000000800049da (0xc03bf9d3) c1_fflags 0x0000000000000011 x19 0xffffffffffffffff
core   0: 0x00000000800049de (0x0a127253) fsub.d  ft4, ft4, ft1
core   0: 1 0x00000000800049de (0x0a127253) f4  0x7ff8000000000000
core   0: 0x00000000800049e2 (0x413edc3b) sraw    s8, t4, s3
core   0: 1 0x00000000800049e2 (0x413edc3b) x24 0xffffffffffffffff
core   0: 0x00000000800049e6 (0x013e17b3) sll     a5, t3, s3
core   0: 1 0x00000000800049e6 (0x013e17b3) x15 0x0000000000000000
core   0: 0x00000000800049ea (0x03d14cb3) div     s9, sp, t4
core   0: 1 0x00000000800049ea (0x03d14cb3) x25 0x0000000000000001
core   0: 0x00000000800049ee (0xa4a86413) ori     s0, a6, -1462
core   0: 1 0x00000000800049ee (0xa4a86413) x8  0xffffffffffffffff
core   0: 0x00000000800049f2 (0x0bb4fdd3) fsub.d  fs11, fs1, fs11
core   0: 1 0x00000000800049f2 (0x0bb4fdd3) f27 0x7ff8000000000000
core   0: 0x00000000800049f6 (0xc02276d3) fcvt.l.s a3, ft4
core   0: 1 0x00000000800049f6 (0xc02276d3) c1_fflags 0x0000000000000011 x13 0x7fffffffffffffff
core   0: 0x00000000800049fa (0x03a64733) div     a4, a2, s10
core   0: 1 0x00000000800049fa (0x03a64733) x14 0xffffffffffffffff
core   0: 0x00000000800049fe (0x02c714b3) mulh    s1, a4, a2
core   0: 1 0x00000000800049fe (0x02c714b3) x9  0x0000000000000000
core   0: 0x0000000080004a02 (0x033a8933) mul     s2, s5, s3
core   0: 1 0x0000000080004a02 (0x033a8933) x18 0xfffffffffd66b360
core   0: 0x0000000080004a06 (0xd23bf053) fcvt.d.lu ft0, s7
core   0: 1 0x0000000080004a06 (0xd23bf053) c1_fflags 0x0000000000000011 f0  0x43f0000000000000
core   0: 0x0000000080004a0a (0x002020f3) csrrs   ra, frm, zero
core   0: 1 0x0000000080004a0a (0x002020f3) x1  0x0000000000000000
core   0: 0x0000000080004a0e (0x0010abb3) slt     s7, ra, ra
core   0: 1 0x0000000080004a0e (0x0010abb3) x23 0x0000000000000000
core   0: 0x0000000080004a12 (0x220da7d3) fsgnjx.d fa5, fs11, ft0
core   0: 1 0x0000000080004a12 (0x220da7d3) f15 0x7ff8000000000000
core   0: 0x0000000080004a16 (0x025478b3) remu    a7, s0, t0
core   0: 1 0x0000000080004a16 (0x025478b3) x17 0x000000002a027fff
core   0: 0x0000000080004a1a (0x0082cdb3) xor     s11, t0, s0
core   0: 1 0x0000000080004a1a (0x0082cdb3) x27 0xffffffff997edfff
core   0: 0x0000000080004a1e (0x02c60eb3) mul     t4, a2, a2
core   0: 1 0x0000000080004a1e (0x02c60eb3) x29 0x0000000000000000
core   0: 0x0000000080004a22 (0xd20d8353) fcvt.d.w ft6, s11
core   0: 1 0x0000000080004a22 (0xd20d8353) f6  0xc1d9a04800400000
core   0: 0x0000000080004a26 (0xc02df253) fcvt.l.s tp, fs11
core   0: 1 0x0000000080004a26 (0xc02df253) c1_fflags 0x0000000000000011 x4  0x7fffffffffffffff
core   0: 0x0000000080004a2a (0x22f003d3) fsgnj.d ft7, ft0, fa5
core   0: 1 0x0000000080004a2a (0x22f003d3) f7  0x43f0000000000000
core   0: 0x0000000080004a2e (0x3204744f) fnmadd.d fs0, fs0, ft0, ft6
core   0: 1 0x0000000080004a2e (0x3204744f) f8  0x7ff8000000000000
core   0: 0x0000000080004a32 (0x40147453) fcvt.s.d fs0, fs0
core   0: 1 0x0000000080004a32 (0x40147453) f8  0xffffffff7fc00000
core   0: 0x0000000080004a36 (0x00978333) add     t1, a5, s1
core   0: 1 0x0000000080004a36 (0x00978333) x6  0x0000000000000000
core   0: 0x0000000080004a3a (0xf20285d3) fmv.d.x fa1, t0
core   0: 1 0x0000000080004a3a (0xf20285d3) f11 0x0000000066812000
core   0: 0x0000000080004a3e (0x603ac993) xori    s3, s5, 1539
core   0: 1 0x0000000080004a3e (0x603ac993) x19 0x0000000002994aa3
core   0: 0x0000000080004a42 (0xc2127ed3) fcvt.wu.d t4, ft4
core   0: 1 0x0000000080004a42 (0xc2127ed3) c1_fflags 0x0000000000000011 x29 0xffffffffffffffff
core   0: 0x0000000080004a46 (0x013e8cbb) addw    s9, t4, s3
core   0: 1 0x0000000080004a46 (0x013e8cbb) x25 0x0000000002994aa2
core   0: 0x0000000080004a4a (0x0b2cf753) fsub.d  fa4, fs9, fs2
core   0: 1 0x0000000080004a4a (0x0b2cf753) f14 0x7ff8000000000000
core   0: 0x0000000080004a4e (0xc025fbd3) fcvt.l.s s7, fa1
core   0: 1 0x0000000080004a4e (0xc025fbd3) c1_fflags 0x0000000000000011 x23 0x7fffffffffffffff
core   0: 0x0000000080004a52 (0xd23b77d3) fcvt.d.lu fa5, s6
core   0: 1 0x0000000080004a52 (0xd23b77d3) c1_fflags 0x0000000000000011 f15 0x43f0000000000000
core   0: 0x0000000080004a56 (0xc03396f3) csrrw   a3, hpmcounter3, t2
core   0: exception trap_illegal_instruction, epc 0x0000000080004a56
core   0:           tval 0x00000000c03396f3
core   0: >>>>  $xrv64i2p1_m2p0_a2p1_f2p2_d2p2_zicsr2p0_zifencei2p0_zmmul1p0_zba1p0_zbb1p0_zbc1p0_zbs1p0
core   0: 0x0000000080004000 (0x0080006f) j       pc + 0x8
core   0: 3 0x0000000080004000 (0x0080006f)
core   0: >>>>  mmode_exception_handler
core   0: 0x0000000080004008 (0x00002c17) auipc   s8, 0x2
core   0: 3 0x0000000080004008 (0x00002c17) x24 0x0000000080006008
core   0: 0x000000008000400c (0x088c0c13) addi    s8, s8, 136
core   0: 3 0x000000008000400c (0x088c0c13) x24 0x0000000080006090
core   0: 0x0000000080004010 (0x000c00e7) jalr    s8
core   0: 3 0x0000000080004010 (0x000c00e7) x1  0x0000000080004014
core   0: >>>>  any_handler
core   0: 0x0000000080006090 (0x341027f3) csrrs   a5, mepc, zero
core   0: 3 0x0000000080006090 (0x341027f3) x15 0x0000000080004a56
core   0: 0x0000000080006094 (0x34202773) csrrs   a4, mcause, zero
core   0: 3 0x0000000080006094 (0x34202773) x14 0x0000000000000002
core   0: 0x0000000080006098 (0x142026f3) csrrs   a3, scause, zero
core   0: 3 0x0000000080006098 (0x142026f3) x13 0x0000000000000000
core   0: 0x000000008000609c (0x30402673) csrrs   a2, mie, zero
core   0: 3 0x000000008000609c (0x30402673) x12 0x0000000000000a00
core   0: 0x00000000800060a0 (0x344025f3) csrrs   a1, mip, zero
core   0: 3 0x00000000800060a0 (0x344025f3) x11 0x0000000000000080
core   0: 0x00000000800060a4 (0x343025f3) csrrs   a1, mtval, zero
core   0: 3 0x00000000800060a4 (0x343025f3) x11 0x00000000c03396f3
core   0: 0x00000000800060a8 (0x14302573) csrrs   a0, stval, zero
core   0: 3 0x00000000800060a8 (0x14302573) x10 0x0000000000000000
core   0: 0x00000000800060ac (0xb02024f3) csrrs   s1, minstret, zero
core   0: 3 0x00000000800060ac (0xb02024f3) x9  0x0000000000000b09
core   0: 0x00000000800060b0 (0x0000a811) c.j     pc + 20
core   0: 3 0x00000000800060b0 (0xa811)
core   0: >>>>  mepc_4
core   0: 0x00000000800060c4 (0x00000791) c.addi  a5, 4
core   0: 3 0x00000000800060c4 (0x0791) x15 0x0000000080004a5a
core   0: 0x00000000800060c6 (0x34179073) csrrw   zero, mepc, a5
core   0: 3 0x00000000800060c6 (0x34179073) c833_mepc 0x0000000080004a5a
core   0: 0x00000000800060ca (0x30200073) mret
core   0: 3 0x00000000800060ca (0x30200073) c768_mstatus 0x8000000a00106080
core   0: 0x0000000080004a5a (0x7b5075c3) fmadd.d fa1, ft0, fs5, fa5
core   0: 1 0x0000000080004a5a (0x7b5075c3) f11 0x7ff8000000000000
core   0: 0x0000000080004a5e (0x0140da3b) srlw    s4, ra, s4
core   0: 1 0x0000000080004a5e (0x0140da3b) x20 0x0000000000000001
core   0: 0x0000000080004a62 (0x013c99bb) sllw    s3, s9, s3
core   0: 1 0x0000000080004a62 (0x013c99bb) x19 0x0000000014ca5510
core   0: 0x0000000080004a66 (0x428ad413) srai    s0, s5, 40
core   0: 1 0x0000000080004a66 (0x428ad413) x8  0x0000000000000000
core   0: 0x0000000080004a6a (0x00045d33) srl     s10, s0, zero
core   0: 1 0x0000000080004a6a (0x00045d33) x26 0x0000000000000000
core   0: 0x0000000080004a6e (0x7cdeb797) auipc   a5, 0x7cdeb
core   0: 1 0x0000000080004a6e (0x7cdeb797) x15 0x00000000fcdefa6e
core   0: 0x0000000080004a72 (0xf81a7c37) lui     s8, 0xf81a7
core   0: 1 0x0000000080004a72 (0xf81a7c37) x24 0xfffffffff81a7000
core   0: 0x0000000080004a76 (0x00003c5d) c.addiw s8, -9
core   0: 1 0x0000000080004a76 (0x3c5d) x24 0xfffffffff81a6ff7
core   0: 0x0000000080004a78 (0x00000c32) c.slli  s8, 12
core   0: 1 0x0000000080004a78 (0x0c32) x24 0xffffff81a6ff7000
core   0: 0x0000000080004a7a (0x271c0c13) addi    s8, s8, 625
core   0: 1 0x0000000080004a7a (0x271c0c13) x24 0xffffff81a6ff7271
core   0: 0x0000000080004a7e (0x41a5563b) sraw    a2, a0, s10
core   0: 1 0x0000000080004a7e (0x41a5563b) x12 0x0000000000000000
core   0: 0x0000000080004a82 (0x8ffd8c93) addi    s9, s11, -1793
core   0: 1 0x0000000080004a82 (0x8ffd8c93) x25 0xffffffff997ed8fe
core   0: 0x0000000080004a86 (0xe929d037) lui     zero, 0xe929d
core   0: 1 0x0000000080004a86 (0xe929d037)
core   0: 0x0000000080004a8a (0x36460913) addi    s2, a2, 868
core   0: 1 0x0000000080004a8a (0x36460913) x18 0x0000000000000364
core   0: 0x0000000080004a8e (0xd02afed3) fcvt.s.l ft9, s5
core   0: 1 0x0000000080004a8e (0xd02afed3) f29 0xffffffff4c265328
core   0: 0x0000000080004a92 (0xb2bffbcf) fnmadd.d fs7, ft11, fa1, fs6
core   0: 1 0x0000000080004a92 (0xb2bffbcf) f23 0x7ff8000000000000
core   0: 0x0000000080004a96 (0x016d9db3) sll     s11, s11, s6
core   0: 1 0x0000000080004a96 (0x016d9db3) x27 0x8000000000000000
core   0: 0x0000000080004a9a (0x0263d1b3) divu    gp, t2, t1
core   0: 1 0x0000000080004a9a (0x0263d1b3) x3  0xffffffffffffffff
core   0: 0x0000000080004a9e (0x1b8e78d3) fdiv.d  fa7, ft8, fs8
core   0: 1 0x0000000080004a9e (0x1b8e78d3) f17 0x7ff8000000000000
core   0: 0x0000000080004aa2 (0x0084023b) addw    tp, s0, s0
core   0: 1 0x0000000080004aa2 (0x0084023b) x4  0x0000000000000000
core   0: 0x0000000080004aa6 (0x2b7d34b7) lui     s1, 0x2b7d3
core   0: 1 0x0000000080004aa6 (0x2b7d34b7) x9  0x000000002b7d3000
core   0: 0x0000000080004aaa (0x0b17fa53) fsub.d  fs4, fa5, fa7
core   0: 1 0x0000000080004aaa (0x0b17fa53) f20 0x7ff8000000000000
core   0: 0x0000000080004aae (0x009506bb) addw    a3, a0, s1
core   0: 1 0x0000000080004aae (0x009506bb) x13 0x000000002b7d3000
core   0: 0x0000000080004ab2 (0x02f69e13) slli    t3, a3, 47
core   0: 1 0x0000000080004ab2 (0x02f69e13) x28 0x9800000000000000
core   0: 0x0000000080004ab6 (0x02aaceb3) div     t4, s5, a0
core   0: 1 0x0000000080004ab6 (0x02aaceb3) x29 0xffffffffffffffff
core   0: 0x0000000080004aba (0x40578db3) sub     s11, a5, t0
core   0: 1 0x0000000080004aba (0x40578db3) x27 0x00000000965dda6e
core   0: 0x0000000080004abe (0x132a7ed3) fmul.d  ft9, fs4, fs2
core   0: 1 0x0000000080004abe (0x132a7ed3) f29 0x7ff8000000000000
core   0: 0x0000000080004ac2 (0x01dd7e33) and     t3, s10, t4
core   0: 1 0x0000000080004ac2 (0x01dd7e33) x28 0x0000000000000000
core   0: 0x0000000080004ac6 (0xd224fad3) fcvt.d.l fs5, s1
core   0: 1 0x0000000080004ac6 (0xd224fad3) f21 0x41c5be9800000000
core   0: 0x0000000080004aca (0x01635013) srli    zero, t1, 22
core   0: 1 0x0000000080004aca (0x01635013)
core   0: 0x0000000080004ace (0x01936333) or      t1, t1, s9
core   0: 1 0x0000000080004ace (0x01936333) x6  0xffffffff997ed8fe
core   0: 0x0000000080004ad2 (0x13c07dd3) fmul.d  fs11, ft0, ft8
core   0: 1 0x0000000080004ad2 (0x13c07dd3) f27 0x7ff8000000000000
core   0: 0x0000000080004ad6 (0xdbccfb4f) fnmadd.d fs6, fs9, ft8, fs11
core   0: 1 0x0000000080004ad6 (0xdbccfb4f) f22 0x7ff8000000000000
core   0: 0x0000000080004ada (0xd02a79d3) fcvt.s.l fs3, s4
core   0: 1 0x0000000080004ada (0xd02a79d3) f19 0xffffffff3f800000
core   0: 0x0000000080004ade (0x63e4fc47) fmsub.d fs8, fs1, ft10, fa2
core   0: 1 0x0000000080004ade (0x63e4fc47) f24 0x7ff8000000000000
core   0: 0x0000000080004ae2 (0xd21c8c53) fcvt.d.wu fs8, s9
core   0: 1 0x0000000080004ae2 (0xd21c8c53) f24 0x41e32fdb1fc00000
core   0: 0x0000000080004ae6 (0xfcbe39b7) lui     s3, 0xfcbe3
core   0: 1 0x0000000080004ae6 (0xfcbe39b7) x19 0xfffffffffcbe3000
core   0: 0x0000000080004aea (0x62d9899b) addiw   s3, s3, 1581
core   0: 1 0x0000000080004aea (0x62d9899b) x19 0xfffffffffcbe362d
core   0: 0x0000000080004aee (0x000009b6) c.slli  s3, 13
core   0: 1 0x0000000080004aee (0x09b6) x19 0xffffff97c6c5a000
core   0: 0x0000000080004af0 (0xb4098993) addi    s3, s3, -1216
core   0: 1 0x0000000080004af0 (0xb4098993) x19 0xffffff97c6c59b40
core   0: 0x0000000080004af4 (0xb7e9a293) slti    t0, s3, -1154
core   0: 1 0x0000000080004af4 (0xb7e9a293) x5  0x0000000000000001
core   0: 0x0000000080004af8 (0xd03df7d3) fcvt.s.lu fa5, s11
core   0: 1 0x0000000080004af8 (0xd03df7d3) c1_fflags 0x0000000000000011 f15 0xffffffff4f165dda
core   0: 0x0000000080004afc (0x007b983b) sllw    a6, s7, t2
core   0: 1 0x0000000080004afc (0x007b983b) x16 0xffffffffffffffff
core   0: 0x0000000080004b00 (0xc237fb53) fcvt.lu.d s6, fa5
core   0: 1 0x0000000080004b00 (0xc237fb53) c1_fflags 0x0000000000000011 x22 0xffffffffffffffff
core   0: 0x0000000080004b04 (0x2bae8ed3) fmin.d  ft9, ft9, fs10
core   0: 1 0x0000000080004b04 (0x2bae8ed3) f29 0x7ff8000000000000
core   0: 0x0000000080004b08 (0x621af547) fmsub.d fa0, fs5, ft1, fa2
core   0: 1 0x0000000080004b08 (0x621af547) f10 0x7ff8000000000000
core   0: 0x0000000080004b0c (0x0168033b) addw    t1, a6, s6
core   0: 1 0x0000000080004b0c (0x0168033b) x6  0xfffffffffffffffe
core   0: 0x0000000080004b10 (0x02b787b3) mul     a5, a5, a1
core   0: 1 0x0000000080004b10 (0x02b787b3) x15 0xbdda3159124e2a6a
core   0: 0x0000000080004b14 (0x79b18817) auipc   a6, 0x79b18
core   0: 1 0x0000000080004b14 (0x79b18817) x16 0x00000000f9b1cb14
core   0: 0x0000000080004b18 (0x02170533) mul     a0, a4, ra
core   0: 1 0x0000000080004b18 (0x02170533) x10 0x0000000100008028
core   0: 0x0000000080004b1c (0x40ad8833) sub     a6, s11, a0
core   0: 1 0x0000000080004b1c (0x40ad8833) x16 0xffffffff965d5a46
core   0: 0x0000000080004b20 (0x0ff0000f) fence   iorw,iorw
core   0: 1 0x0000000080004b20 (0x0ff0000f)
core   0: 0x0000000080004b24 (0xd0217953) fcvt.s.l fs2, sp
core   0: 1 0x0000000080004b24 (0xd0217953) f18 0xffffffffbf800000
core   0: 0x0000000080004b28 (0x0007fbb3) and     s7, a5, zero
core   0: 1 0x0000000080004b28 (0x0007fbb3) x23 0x0000000000000000
core   0: 0x0000000080004b2c (0xe20486d3) fmv.x.d a3, fs1
core   0: 1 0x0000000080004b2c (0xe20486d3) x13 0x7fffffff4f000043
core   0: 0x0000000080004b30 (0x00154513) xori    a0, a0, 1
core   0: 1 0x0000000080004b30 (0x00154513) x10 0x0000000100008029
core   0: 0x0000000080004b34 (0xd224fcd3) fcvt.d.l fs9, s1
core   0: 1 0x0000000080004b34 (0xd224fcd3) f25 0x41c5be9800000000
core   0: 0x0000000080004b38 (0x01a4abb3) slt     s7, s1, s10
core   0: 1 0x0000000080004b38 (0x01a4abb3) x23 0x0000000000000000
core   0: 0x0000000080004b3c (0x41085433) sra     s0, a6, a6
core   0: 1 0x0000000080004b3c (0x41085433) x8  0xfffffffffe597569
core   0: 0x0000000080004b40 (0xc21cfa53) fcvt.wu.d s4, fs9
core   0: 1 0x0000000080004b40 (0xc21cfa53) x20 0x000000002b7d3000
core   0: 0x0000000080004b44 (0xc3648013) addi    zero, s1, -970
core   0: 1 0x0000000080004b44 (0xc3648013)
core   0: 0x0000000080004b48 (0xf2000c53) fmv.d.x fs8, zero
core   0: 1 0x0000000080004b48 (0xf2000c53) f24 0x0000000000000000
core   0: 0x0000000080004b4c (0x00000001) c.nop
core   0: 1 0x0000000080004b4c (0x0001)
core   0: 0x0000000080004b4e (0xa23406d3) fle.d   a3, fs0, ft3
core   0: 1 0x0000000080004b4e (0xa23406d3) c1_fflags 0x0000000000000011 x13 0x0000000000000000
core   0: 0x0000000080004b52 (0x01d6ceb3) xor     t4, a3, t4
core   0: 1 0x0000000080004b52 (0x01d6ceb3) x29 0xffffffffffffffff
core   0: 0x0000000080004b56 (0x00202e73) csrrs   t3, frm, zero
core   0: 1 0x0000000080004b56 (0x00202e73) x28 0x0000000000000000
core   0: 0x0000000080004b5a (0x00c2dab3) srl     s5, t0, a2
core   0: 1 0x0000000080004b5a (0x00c2dab3) x21 0x0000000000000001
core   0: 0x0000000080004b5e (0x00001aa2) c.slli  s5, 40
core   0: 1 0x0000000080004b5e (0x1aa2) x21 0x0000010000000000
core   0: 0x0000000080004b60 (0x0017a533) slt     a0, a5, ra
core   0: 1 0x0000000080004b60 (0x0017a533) x10 0x0000000000000001
core   0: 0x0000000080004b64 (0x035d65bb) remw    a1, s10, s5
core   0: 1 0x0000000080004b64 (0x035d65bb) x11 0x0000000000000000
core   0: 0x0000000080004b68 (0x7ffa889b) addiw   a7, s5, 2047
core   0: 1 0x0000000080004b68 (0x7ffa889b) x17 0x00000000000007ff
core   0: 0x0000000080004b6c (0xd03578d3) fcvt.s.lu fa7, a0
core   0: 1 0x0000000080004b6c (0xd03578d3) f17 0xffffffff3f800000
core   0: 0x0000000080004b70 (0x01080033) add     zero, a6, a6
core   0: 1 0x0000000080004b70 (0x01080033)
core   0: 0x0000000080004b74 (0x32362e73) csrrs   t3, mhpmevent3, a2
core   0: exception trap_illegal_instruction, epc 0x0000000080004b74
core   0:           tval 0x0000000032362e73
core   0: >>>>  $xrv64i2p1_m2p0_a2p1_f2p2_d2p2_zicsr2p0_zifencei2p0_zmmul1p0_zba1p0_zbb1p0_zbc1p0_zbs1p0
core   0: 0x0000000080004000 (0x0080006f) j       pc + 0x8
core   0: 3 0x0000000080004000 (0x0080006f)
core   0: >>>>  mmode_exception_handler
core   0: 0x0000000080004008 (0x00002c17) auipc   s8, 0x2
core   0: 3 0x0000000080004008 (0x00002c17) x24 0x0000000080006008
core   0: 0x000000008000400c (0x088c0c13) addi    s8, s8, 136
core   0: 3 0x000000008000400c (0x088c0c13) x24 0x0000000080006090
core   0: 0x0000000080004010 (0x000c00e7) jalr    s8
core   0: 3 0x0000000080004010 (0x000c00e7) x1  0x0000000080004014
core   0: >>>>  any_handler
core   0: 0x0000000080006090 (0x341027f3) csrrs   a5, mepc, zero
core   0: 3 0x0000000080006090 (0x341027f3) x15 0x0000000080004b74
core   0: 0x0000000080006094 (0x34202773) csrrs   a4, mcause, zero
core   0: 3 0x0000000080006094 (0x34202773) x14 0x0000000000000002
core   0: 0x0000000080006098 (0x142026f3) csrrs   a3, scause, zero
core   0: 3 0x0000000080006098 (0x142026f3) x13 0x0000000000000000
core   0: 0x000000008000609c (0x30402673) csrrs   a2, mie, zero
core   0: 3 0x000000008000609c (0x30402673) x12 0x0000000000000a00
core   0: 0x00000000800060a0 (0x344025f3) csrrs   a1, mip, zero
core   0: 3 0x00000000800060a0 (0x344025f3) x11 0x0000000000000080
core   0: 0x00000000800060a4 (0x343025f3) csrrs   a1, mtval, zero
core   0: 3 0x00000000800060a4 (0x343025f3) x11 0x0000000032362e73
core   0: 0x00000000800060a8 (0x14302573) csrrs   a0, stval, zero
core   0: 3 0x00000000800060a8 (0x14302573) x10 0x0000000000000000
core   0: 0x00000000800060ac (0xb02024f3) csrrs   s1, minstret, zero
core   0: 3 0x00000000800060ac (0xb02024f3) x9  0x0000000000000b62
core   0: 0x00000000800060b0 (0x0000a811) c.j     pc + 20
core   0: 3 0x00000000800060b0 (0xa811)
core   0: >>>>  mepc_4
core   0: 0x00000000800060c4 (0x00000791) c.addi  a5, 4
core   0: 3 0x00000000800060c4 (0x0791) x15 0x0000000080004b78
core   0: 0x00000000800060c6 (0x34179073) csrrw   zero, mepc, a5
core   0: 3 0x00000000800060c6 (0x34179073) c833_mepc 0x0000000080004b78
core   0: 0x00000000800060ca (0x30200073) mret
core   0: 3 0x00000000800060ca (0x30200073) c768_mstatus 0x8000000a00106080
core   0: 0x0000000080004b78 (0xc2327753) fcvt.lu.d a4, ft4
core   0: 1 0x0000000080004b78 (0xc2327753) c1_fflags 0x0000000000000011 x14 0xffffffffffffffff
core   0: 0x0000000080004b7c (0xe20410d3) fclass.d ra, fs0
core   0: 1 0x0000000080004b7c (0xe20410d3) x1  0x0000000000000200
core   0: 0x0000000080004b80 (0x03ae8433) mul     s0, t4, s10
core   0: 1 0x0000000080004b80 (0x03ae8433) x8  0x0000000000000000
core   0: 0x0000000080004b84 (0x410482bb) subw    t0, s1, a6
core   0: 1 0x0000000080004b84 (0x410482bb) x5  0x0000000069a2b11c
core   0: 0x0000000080004b88 (0xd23878d3) fcvt.d.lu fa7, a6
core   0: 1 0x0000000080004b88 (0xd23878d3) c1_fflags 0x0000000000000011 f17 0x43effffffff2cbab
core   0: 0x0000000080004b8c (0x0ff0000f) fence   iorw,iorw
core   0: 1 0x0000000080004b8c (0x0ff0000f)
core   0: 0x0000000080004b90 (0xd0247dd3) fcvt.s.l fs11, s0
core   0: 1 0x0000000080004b90 (0xd0247dd3) f27 0xffffffff00000000
core   0: 0x0000000080004b94 (0x02630cbb) mulw    s9, t1, t1
core   0: 1 0x0000000080004b94 (0x02630cbb) x25 0x0000000000000004
core   0: 0x0000000080004b98 (0x00211233) sll     tp, sp, sp
core   0: 1 0x0000000080004b98 (0x00211233) x4  0x8000000000000000
core   0: 0x0000000080004b9c (0xac984b97) auipc   s7, 0xac984
core   0: 1 0x0000000080004b9c (0xac984b97) x23 0x000000002c988b9c
core   0: 0x0000000080004ba0 (0x71217297) auipc   t0, 0x71217
core   0: 1 0x0000000080004ba0 (0x71217297) x5  0x00000000f121bba0
core   0: 0x0000000080004ba4 (0xd23370d3) fcvt.d.lu ft1, t1
core   0: 1 0x0000000080004ba4 (0xd23370d3) c1_fflags 0x0000000000000011 f1  0x43f0000000000000
core   0: 0x0000000080004ba8 (0x01f2de9b) srliw   t4, t0, 31
core   0: 1 0x0000000080004ba8 (0x01f2de9b) x29 0x0000000000000001
core   0: 0x0000000080004bac (0x0063533b) srlw    t1, t1, t1
core   0: 1 0x0000000080004bac (0x0063533b) x6  0x0000000000000003
core   0: 0x0000000080004bb0 (0xfd0215b7) lui     a1, 0xfd021
core   0: 1 0x0000000080004bb0 (0xfd0215b7) x11 0xfffffffffd021000
core   0: 0x0000000080004bb4 (0x9915859b) addiw   a1, a1, -1647
core   0: 1 0x0000000080004bb4 (0x9915859b) x11 0xfffffffffd020991
core   0: 0x0000000080004bb8 (0x000005b6) c.slli  a1, 13
core   0: 1 0x0000000080004bb8 (0x05b6) x11 0xffffffa041322000
core   0: 0x0000000080004bba (0x2e858593) addi    a1, a1, 744
core   0: 1 0x0000000080004bba (0x2e858593) x11 0xffffffa0413222e8
core   0: 0x0000000080004bbe (0xf2030c53) fmv.d.x fs8, t1
core   0: 1 0x0000000080004bbe (0xf2030c53) f24 0x0000000000000003
core   0: 0x0000000080004bc2 (0x03836dbb) remw    s11, t1, s8
core   0: 1 0x0000000080004bc2 (0x03836dbb) x27 0x0000000000000003
core   0: 0x0000000080004bc6 (0x00000001) c.nop
core   0: 1 0x0000000080004bc6 (0x0001)
core   0: 0x0000000080004bc8 (0x01069eb3) sll     t4, a3, a6
core   0: 1 0x0000000080004bc8 (0x01069eb3) x29 0x0000000000000000
core   0: 0x0000000080004bcc (0x42010153) fcvt.d.s ft2, ft2
core   0: 1 0x0000000080004bcc (0x42010153) f2  0x7ff8000000000000
core   0: 0x0000000080004bd0 (0x05ccbc37) lui     s8, 0x5ccb
core   0: 1 0x0000000080004bd0 (0x05ccbc37) x24 0x0000000005ccb000
core   0: 0x0000000080004bd4 (0xd33c0c1b) addiw   s8, s8, -717
core   0: 1 0x0000000080004bd4 (0xd33c0c1b) x24 0x0000000005ccad33
core   0: 0x0000000080004bd8 (0x00000c32) c.slli  s8, 12
core   0: 1 0x0000000080004bd8 (0x0c32) x24 0x0000005ccad33000
core   0: 0x0000000080004bda (0xb0dc0c13) addi    s8, s8, -1267
core   0: 1 0x0000000080004bda (0xb0dc0c13) x24 0x0000005ccad32b0d
core   0: 0x0000000080004bde (0x0ff0000f) fence   iorw,iorw
core   0: 1 0x0000000080004bde (0x0ff0000f)
core   0: 0x0000000080004be2 (0x00202e73) csrrs   t3, frm, zero
core   0: 1 0x0000000080004be2 (0x00202e73) x28 0x0000000000000000
core   0: 0x0000000080004be6 (0x5f9c4793) xori    a5, s8, 1529
core   0: 1 0x0000000080004be6 (0x5f9c4793) x15 0x0000005ccad32ef4
core   0: 0x0000000080004bea (0x0197d03b) srlw    zero, a5, s9
core   0: 1 0x0000000080004bea (0x0197d03b)
core   0: 0x0000000080004bee (0x2ad11953) fmax.d  fs2, ft2, fa3
core   0: 1 0x0000000080004bee (0x2ad11953) f18 0x7ff8000000000000
core   0: 0x0000000080004bf2 (0x002020f3) csrrs   ra, frm, zero
core   0: 1 0x0000000080004bf2 (0x002020f3) x1  0x0000000000000000
core   0: 0x0000000080004bf6 (0x14163d73) csrrc   s10, sepc, a2
core   0: 1 0x0000000080004bf6 (0x14163d73) x26 0x0000000000000000 c321_sepc 0x0000000000000000
core   0: 0x0000000080004bfa (0x0a277c53) fsub.d  fs8, fa4, ft2
core   0: 1 0x0000000080004bfa (0x0a277c53) f24 0x7ff8000000000000
core   0: 0x0000000080004bfe (0x01dd05bb) addw    a1, s10, t4
core   0: 1 0x0000000080004bfe (0x01dd05bb) x11 0x0000000000000000
core   0: 0x0000000080004c02 (0x0205dcbb) divuw   s9, a1, zero
core   0: 1 0x0000000080004c02 (0x0205dcbb) x25 0xffffffffffffffff
core   0: 0x0000000080004c06 (0xc37c744b) fnmsub.d fs0, fs8, fs7, fs8
core   0: 1 0x0000000080004c06 (0xc37c744b) f8  0x7ff8000000000000
core   0: 0x0000000080004c0a (0x2b7c01d3) fmin.d  ft3, fs8, fs7
core   0: 1 0x0000000080004c0a (0x2b7c01d3) f3  0x7ff8000000000000
core   0: 0x0000000080004c0e (0x0089deb3) srl     t4, s3, s0
core   0: 1 0x0000000080004c0e (0x0089deb3) x29 0xffffff97c6c59b40
core   0: 0x0000000080004c12 (0xc23a77d3) fcvt.lu.d a5, fs4
core   0: 1 0x0000000080004c12 (0xc23a77d3) c1_fflags 0x0000000000000011 x15 0xffffffffffffffff
core   0: 0x0000000080004c16 (0x0008811b) sext.w  sp, a7
core   0: 1 0x0000000080004c16 (0x0008811b) x2  0x00000000000007ff
core   0: 0x0000000080004c1a (0x00279e33) sll     t3, a5, sp
core   0: 1 0x0000000080004c1a (0x00279e33) x28 0x8000000000000000
core   0: 0x0000000080004c1e (0x0122151b) slliw   a0, tp, 18
core   0: 1 0x0000000080004c1e (0x0122151b) x10 0x0000000000000000
core   0: 0x0000000080004c22 (0x002a1373) csrrw   t1, frm, s4
core   0: 1 0x0000000080004c22 (0x002a1373) x6  0x0000000000000000 c2_frm 0x0000000000000000
core   0: 0x0000000080004c26 (0x005312bb) sllw    t0, t1, t0
core   0: 1 0x0000000080004c26 (0x005312bb) x5  0x0000000000000000
core   0: 0x0000000080004c2a (0x406a8abb) subw    s5, s5, t1
core   0: 1 0x0000000080004c2a (0x406a8abb) x21 0x0000000000000000
core   0: 0x0000000080004c2e (0x5a0df053) fsqrt.d ft0, fs11
core   0: 1 0x0000000080004c2e (0x5a0df053) f0  0x7ff8000000000000
core   0: 0x0000000080004c32 (0x130a8393) addi    t2, s5, 304
core   0: 1 0x0000000080004c32 (0x130a8393) x7  0x0000000000000130
core   0: 0x0000000080004c36 (0x400055bb) sraw    a1, zero, zero
core   0: 1 0x0000000080004c36 (0x400055bb) x11 0x0000000000000000
core   0: 0x0000000080004c3a (0x40a00a33) sub     s4, zero, a0
core   0: 1 0x0000000080004c3a (0x40a00a33) x20 0x0000000000000000
core   0: 0x0000000080004c3e (0x0343cab3) div     s5, t2, s4
core   0: 1 0x0000000080004c3e (0x0343cab3) x21 0xffffffffffffffff
core   0: 0x0000000080004c42 (0x03091d33) mulh    s10, s2, a6
core   0: 1 0x0000000080004c42 (0x03091d33) x26 0xffffffffffffffff
core   0: 0x0000000080004c46 (0x00202ef3) csrrs   t4, frm, zero
core   0: 1 0x0000000080004c46 (0x00202ef3) x29 0x0000000000000000
core   0: 0x0000000080004c4a (0x00071b13) slli    s6, a4, 0
core   0: 1 0x0000000080004c4a (0x00071b13) x22 0xffffffffffffffff
core   0: 0x0000000080004c4e (0x4014d093) srai    ra, s1, 1
core   0: 1 0x0000000080004c4e (0x4014d093) x1  0x00000000000005b1
core   0: 0x0000000080004c52 (0x427a5813) srai    a6, s4, 39
core   0: 1 0x0000000080004c52 (0x427a5813) x16 0x0000000000000000
core   0: 0x0000000080004c56 (0xa3078653) fle.d   a2, fa5, fa6
core   0: 1 0x0000000080004c56 (0xa3078653) c1_fflags 0x0000000000000011 x12 0x0000000000000000
core   0: 0x0000000080004c5a (0xc031fad3) fcvt.lu.s s5, ft3
core   0: 1 0x0000000080004c5a (0xc031fad3) c1_fflags 0x0000000000000011 x21 0xffffffffffffffff
core   0: 0x0000000080004c5e (0xd20608d3) fcvt.d.w fa7, a2
core   0: 1 0x0000000080004c5e (0xd20608d3) f17 0x0000000000000000
core   0: 0x0000000080004c62 (0x016282bb) addw    t0, t0, s6
core   0: 1 0x0000000080004c62 (0x016282bb) x5  0xffffffffffffffff
core   0: 0x0000000080004c66 (0xc023f1d3) fcvt.l.s gp, ft7
core   0: 1 0x0000000080004c66 (0xc023f1d3) c1_fflags 0x0000000000000011 x3  0x7fffffffffffffff
core   0: 0x0000000080004c6a (0x2b048853) fmin.d  fa6, fs1, fa6
core   0: 1 0x0000000080004c6a (0x2b048853) f16 0x7ff8000000000000
core   0: 0x0000000080004c6e (0x019c5db3) srl     s11, s8, s9
core   0: 1 0x0000000080004c6e (0x019c5db3) x27 0x0000000000000000
core   0: 0x0000000080004c72 (0x029989bb) mulw    s3, s3, s1
core   0: 1 0x0000000080004c72 (0x029989bb) x19 0xffffffff95512e80
core   0: 0x0000000080004c76 (0x4100593b) sraw    s2, zero, a6
core   0: 1 0x0000000080004c76 (0x4100593b) x18 0x0000000000000000
core   0: 0x0000000080004c7a (0x22320ad3) fsgnj.d fs5, ft4, ft3
core   0: 1 0x0000000080004c7a (0x22320ad3) f21 0x7ff8000000000000
core   0: 0x0000000080004c7e (0x030e00bb) mulw    ra, t3, a6
core   0: 1 0x0000000080004c7e (0x030e00bb) x1  0x0000000000000000
core   0: 0x0000000080004c82 (0x000bda93) srli    s5, s7, 0
core   0: 1 0x0000000080004c82 (0x000bda93) x21 0x000000002c988b9c
core   0: 0x0000000080004c86 (0xc0287953) fcvt.l.s s2, fa6
core   0: 1 0x0000000080004c86 (0xc0287953) c1_fflags 0x0000000000000011 x18 0x7fffffffffffffff
core   0: 0x0000000080004c8a (0x001cc2b3) xor     t0, s9, ra
core   0: 1 0x0000000080004c8a (0x001cc2b3) x5  0xffffffffffffffff
core   0: 0x0000000080004c8e (0x12d2f853) fmul.d  fa6, ft5, fa3
core   0: 1 0x0000000080004c8e (0x12d2f853) f16 0x7ff8000000000000
core   0: 0x0000000080004c92 (0x01d2531b) srliw   t1, tp, 29
core   0: 1 0x0000000080004c92 (0x01d2531b) x6  0x0000000000000000
core   0: 0x0000000080004c96 (0x33ecf343) fmadd.d ft6, fs9, ft10, ft6
core   0: 1 0x0000000080004c96 (0x33ecf343) f6  0x7ff8000000000000
core   0: 0x0000000080004c9a (0xd2337ad3) fcvt.d.lu fs5, t1
core   0: 1 0x0000000080004c9a (0xd2337ad3) f21 0x0000000000000000
core   0: 0x0000000080004c9e (0x0133f3b3) and     t2, t2, s3
core   0: 1 0x0000000080004c9e (0x0133f3b3) x7  0x0000000000000000
core   0: 0x0000000080004ca2 (0x06f9e937) lui     s2, 0x6f9e
core   0: 1 0x0000000080004ca2 (0x06f9e937) x18 0x0000000006f9e000
core   0: 0x0000000080004ca6 (0x7799091b) addiw   s2, s2, 1913
core   0: 1 0x0000000080004ca6 (0x7799091b) x18 0x0000000006f9e779
core   0: 0x0000000080004caa (0x00000932) c.slli  s2, 12
core   0: 1 0x0000000080004caa (0x0932) x18 0x0000006f9e779000
core   0: 0x0000000080004cac (0xea290913) addi    s2, s2, -350
core   0: 1 0x0000000080004cac (0xea290913) x18 0x0000006f9e778ea2
core   0: 0x0000000080004cb0 (0xcbeefecb) fnmsub.d ft9, ft9, ft10, fs9
core   0: 1 0x0000000080004cb0 (0xcbeefecb) f29 0x7ff8000000000000
core   0: 0x0000000080004cb4 (0xd073c613) xori    a2, t2, -761
core   0: 1 0x0000000080004cb4 (0xd073c613) x12 0xfffffffffffffd07
core   0: 0x0000000080004cb8 (0x401af253) fcvt.s.d ft4, fs5
core   0: 1 0x0000000080004cb8 (0x401af253) f4  0xffffffff00000000
core   0: 0x0000000080004cbc (0x00202ef3) csrrs   t4, frm, zero
core   0: 1 0x0000000080004cbc (0x00202ef3) x29 0x0000000000000000
core   0: 0x0000000080004cc0 (0x1233f053) fmul.d  ft0, ft7, ft3
core   0: 1 0x0000000080004cc0 (0x1233f053) f0  0x7ff8000000000000
core   0: 0x0000000080004cc4 (0x7ff70013) addi    zero, a4, 2047
core   0: 1 0x0000000080004cc4 (0x7ff70013)
core   0: 0x0000000080004cc8 (0x0222dd33) divu    s10, t0, sp
core   0: 1 0x0000000080004cc8 (0x0222dd33) x26 0x0020040080100200
core   0: 0x0000000080004ccc (0xaf678c9b) addiw   s9, a5, -1290
core   0: 1 0x0000000080004ccc (0xaf678c9b) x25 0xfffffffffffffaf5
core   0: 0x0000000080004cd0 (0xd2078dd3) fcvt.d.w fs11, a5
core   0: 1 0x0000000080004cd0 (0xd2078dd3) f27 0xbff0000000000000
core   0: 0x0000000080004cd4 (0xc22e7453) fcvt.l.d s0, ft8
core   0: 1 0x0000000080004cd4 (0xc22e7453) c1_fflags 0x0000000000000011 x8  0x7fffffffffffffff
core   0: 0x0000000080004cd8 (0xc205f6d3) fcvt.w.d a3, fa1
core   0: 1 0x0000000080004cd8 (0xc205f6d3) c1_fflags 0x0000000000000011 x13 0x000000007fffffff
core   0: 0x0000000080004cdc (0x44a2dab7) lui     s5, 0x44a2d
core   0: 1 0x0000000080004cdc (0x44a2dab7) x21 0x0000000044a2d000
core   0: 0x0000000080004ce0 (0xd0267053) fcvt.s.l ft0, a2
core   0: 1 0x0000000080004ce0 (0xd0267053) f0  0xffffffffc43e4000
core   0: 0x0000000080004ce4 (0x00b64733) xor     a4, a2, a1
core   0: 1 0x0000000080004ce4 (0x00b64733) x14 0xfffffffffffffd07
core   0: 0x0000000080004ce8 (0x00c9d9b3) srl     s3, s3, a2
core   0: 1 0x0000000080004ce8 (0x00c9d9b3) x19 0x01ffffffff2aa25d
core   0: 0x0000000080004cec (0x1342f153) fmul.d  ft2, ft5, fs4
core   0: 1 0x0000000080004cec (0x1342f153) f2  0x7ff8000000000000
core   0: 0x0000000080004cf0 (0x00000001) c.nop
core   0: 1 0x0000000080004cf0 (0x0001)
core   0: 0x0000000080004cf2 (0x013e43b3) xor     t2, t3, s3
core   0: 1 0x0000000080004cf2 (0x013e43b3) x7  0x81ffffffff2aa25d
core   0: 0x0000000080004cf6 (0x00000001) c.nop
core   0: 1 0x0000000080004cf6 (0x0001)
core   0: 0x0000000080004cf8 (0x41f8d49b) sraiw   s1, a7, 31
core   0: 1 0x0000000080004cf8 (0x41f8d49b) x9  0x0000000000000000
core   0: 0x0000000080004cfc (0x7af0f04b) fnmsub.d ft0, ft1, fa5, fa5
core   0: 1 0x0000000080004cfc (0x7af0f04b) f0  0x7ff8000000000000
core   0: 0x0000000080004d00 (0x2af08753) fmin.d  fa4, ft1, fa5
core   0: 1 0x0000000080004d00 (0x2af08753) f14 0x43f0000000000000
core   0: 0x0000000080004d04 (0x0388c933) div     s2, a7, s8
core   0: 1 0x0000000080004d04 (0x0388c933) x18 0x0000000000000000
core   0: 0x0000000080004d08 (0x0138d33b) srlw    t1, a7, s3
core   0: 1 0x0000000080004d08 (0x0138d33b) x6  0x0000000000000000
core   0: 0x0000000080004d0c (0x0b1ef353) fsub.d  ft6, ft9, fa7
core   0: 1 0x0000000080004d0c (0x0b1ef353) f6  0x7ff8000000000000
core   0: 0x0000000080004d10 (0x4076063b) subw    a2, a2, t2
core   0: 1 0x0000000080004d10 (0x4076063b) x12 0x0000000000d55aaa
core   0: 0x0000000080004d14 (0x0ff0000f) fence   iorw,iorw
core   0: 1 0x0000000080004d14 (0x0ff0000f)
core   0: 0x0000000080004d18 (0x01aeadb3) slt     s11, t4, s10
core   0: 1 0x0000000080004d18 (0x01aeadb3) x27 0x0000000000000001
core   0: 0x0000000080004d1c (0x03ac6e3b) remw    t3, s8, s10
core   0: 1 0x0000000080004d1c (0x03ac6e3b) x28 0xffffffffcad32b0d
core   0: 0x0000000080004d20 (0x0339d9b3) divu    s3, s3, s3
core   0: 1 0x0000000080004d20 (0x0339d9b3) x19 0x0000000000000001
core   0: 0x0000000080004d24 (0x005e181b) slliw   a6, t3, 5
core   0: 1 0x0000000080004d24 (0x005e181b) x16 0x000000005a6561a0
core   0: 0x0000000080004d28 (0x5a0474d3) fsqrt.d fs1, fs0
core   0: 1 0x0000000080004d28 (0x5a0474d3) f9  0x7ff8000000000000
core   0: 0x0000000080004d2c (0x017c1eb3) sll     t4, s8, s7
core   0: 1 0x0000000080004d2c (0x017c1eb3) x29 0xccad32b0d0000000
core   0: 0x0000000080004d30 (0x40b1d1bb) sraw    gp, gp, a1
core   0: 1 0x0000000080004d30 (0x40b1d1bb) x3  0xffffffffffffffff
core   0: 0x0000000080004d34 (0x001add1b) srliw   s10, s5, 1
core   0: 1 0x0000000080004d34 (0x001add1b) x26 0x0000000022516800
core   0: 0x0000000080004d38 (0x001b041b) addiw   s0, s6, 1
core   0: 1 0x0000000080004d38 (0x001b041b) x8  0x0000000000000000
core   0: 0x0000000080004d3c (0x006307bb) addw    a5, t1, t1
core   0: 1 0x0000000080004d3c (0x006307bb) x15 0x0000000000000000
core   0: 0x0000000080004d40 (0x4278d613) srai    a2, a7, 39
core   0: 1 0x0000000080004d40 (0x4278d613) x12 0x0000000000000000
core   0: 0x0000000080004d44 (0x3443edf3) csrrsi  s11, mip, 7
core   0: exception trap_illegal_instruction, epc 0x0000000080004d44
core   0:           tval 0x000000003443edf3
core   0: >>>>  $xrv64i2p1_m2p0_a2p1_f2p2_d2p2_zicsr2p0_zifencei2p0_zmmul1p0_zba1p0_zbb1p0_zbc1p0_zbs1p0
core   0: 0x0000000080004000 (0x0080006f) j       pc + 0x8
core   0: 3 0x0000000080004000 (0x0080006f)
core   0: >>>>  mmode_exception_handler
core   0: 0x0000000080004008 (0x00002c17) auipc   s8, 0x2
core   0: 3 0x0000000080004008 (0x00002c17) x24 0x0000000080006008
core   0: 0x000000008000400c (0x088c0c13) addi    s8, s8, 136
core   0: 3 0x000000008000400c (0x088c0c13) x24 0x0000000080006090
core   0: 0x0000000080004010 (0x000c00e7) jalr    s8
core   0: 3 0x0000000080004010 (0x000c00e7) x1  0x0000000080004014
core   0: >>>>  any_handler
core   0: 0x0000000080006090 (0x341027f3) csrrs   a5, mepc, zero
core   0: 3 0x0000000080006090 (0x341027f3) x15 0x0000000080004d44
core   0: 0x0000000080006094 (0x34202773) csrrs   a4, mcause, zero
core   0: 3 0x0000000080006094 (0x34202773) x14 0x0000000000000002
core   0: 0x0000000080006098 (0x142026f3) csrrs   a3, scause, zero
core   0: 3 0x0000000080006098 (0x142026f3) x13 0x0000000000000000
core   0: 0x000000008000609c (0x30402673) csrrs   a2, mie, zero
core   0: 3 0x000000008000609c (0x30402673) x12 0x0000000000000a00
core   0: 0x00000000800060a0 (0x344025f3) csrrs   a1, mip, zero
core   0: 3 0x00000000800060a0 (0x344025f3) x11 0x0000000000000080
core   0: 0x00000000800060a4 (0x343025f3) csrrs   a1, mtval, zero
core   0: 3 0x00000000800060a4 (0x343025f3) x11 0x000000003443edf3
core   0: 0x00000000800060a8 (0x14302573) csrrs   a0, stval, zero
core   0: 3 0x00000000800060a8 (0x14302573) x10 0x0000000000000000
core   0: 0x00000000800060ac (0xb02024f3) csrrs   s1, minstret, zero
core   0: 3 0x00000000800060ac (0xb02024f3) x9  0x0000000000000be8
core   0: 0x00000000800060b0 (0x0000a811) c.j     pc + 20
core   0: 3 0x00000000800060b0 (0xa811)
core   0: >>>>  mepc_4
core   0: 0x00000000800060c4 (0x00000791) c.addi  a5, 4
core   0: 3 0x00000000800060c4 (0x0791) x15 0x0000000080004d48
core   0: 0x00000000800060c6 (0x34179073) csrrw   zero, mepc, a5
core   0: 3 0x00000000800060c6 (0x34179073) c833_mepc 0x0000000080004d48
core   0: 0x00000000800060ca (0x30200073) mret
core   0: 3 0x00000000800060ca (0x30200073) c768_mstatus 0x8000000a00106080
core   0: 0x0000000080004d48 (0x00026133) or      sp, tp, zero
core   0: 1 0x0000000080004d48 (0x00026133) x2  0x8000000000000000
core   0: 0x0000000080004d4c (0x0ff0000f) fence   iorw,iorw
core   0: 1 0x0000000080004d4c (0x0ff0000f)
core   0: 0x0000000080004d50 (0x40c204bb) subw    s1, tp, a2
core   0: 1 0x0000000080004d50 (0x40c204bb) x9  0xfffffffffffff600
core   0: 0x0000000080004d54 (0x009c91b3) sll     gp, s9, s1
core   0: 1 0x0000000080004d54 (0x009c91b3) x3  0xfffffffffffffaf5
core   0: 0x0000000080004d58 (0x402cde9b) sraiw   t4, s9, 2
core   0: 1 0x0000000080004d58 (0x402cde9b) x29 0xfffffffffffffebd
core   0: 0x0000000080004d5c (0x000dde93) srli    t4, s11, 0
core   0: 1 0x0000000080004d5c (0x000dde93) x29 0x0000000000000001
core   0: 0x0000000080004d60 (0x005c1cb3) sll     s9, s8, t0
core   0: 1 0x0000000080004d60 (0x005c1cb3) x25 0x0000000000000000
core   0: 0x0000000080004d64 (0x0222833b) mulw    t1, t0, sp
core   0: 1 0x0000000080004d64 (0x0222833b) x6  0x0000000000000000
core   0: 0x0000000080004d68 (0x223481d3) fsgnj.d ft3, fs1, ft3
core   0: 1 0x0000000080004d68 (0x223481d3) f3  0x7ff8000000000000
core   0: 0x0000000080004d6c (0x4187d4bb) sraw    s1, a5, s8
core   0: 1 0x0000000080004d6c (0x4187d4bb) x9  0xffffffffffff8000
core   0: 0x0000000080004d70 (0x00f292bb) sllw    t0, t0, a5
core   0: 1 0x0000000080004d70 (0x00f292bb) x5  0xffffffffffffff00
core   0: 0x0000000080004d74 (0x4ab4fccb) fnmsub.d fs9, fs1, fa1, fs1
core   0: 1 0x0000000080004d74 (0x4ab4fccb) f25 0x7ff8000000000000
core   0: 0x0000000080004d78 (0x4066d6bb) sraw    a3, a3, t1
core   0: 1 0x0000000080004d78 (0x4066d6bb) x13 0x0000000000000000
core   0: 0x0000000080004d7c (0x03d8483b) divw    a6, a6, t4
core   0: 1 0x0000000080004d7c (0x03d8483b) x16 0x000000005a6561a0
core   0: 0x0000000080004d80 (0xa26007d3) fle.d   a5, ft0, ft6
core   0: 1 0x0000000080004d80 (0xa26007d3) c1_fflags 0x0000000000000011 x15 0x0000000000000000
core   0: 0x0000000080004d84 (0xf97d7d37) lui     s10, 0xf97d7
core   0: 1 0x0000000080004d84 (0xf97d7d37) x26 0xfffffffff97d7000
core   0: 0x0000000080004d88 (0x577d0d1b) addiw   s10, s10, 1399
core   0: 1 0x0000000080004d88 (0x577d0d1b) x26 0xfffffffff97d7577
core   0: 0x0000000080004d8c (0x00000d32) c.slli  s10, 12
core   0: 1 0x0000000080004d8c (0x0d32) x26 0xffffff97d7577000
core   0: 0x0000000080004d8e (0xa8ed0d13) addi    s10, s10, -1394
core   0: 1 0x0000000080004d8e (0xa8ed0d13) x26 0xffffff97d7576a8e
core   0: 0x0000000080004d92 (0x2b9d1d53) fmax.d  fs10, fs10, fs9
core   0: 1 0x0000000080004d92 (0x2b9d1d53) f26 0x7ff8000000000000
core   0: 0x0000000080004d96 (0x1ac67f53) fdiv.d  ft10, fa2, fa2
core   0: 1 0x0000000080004d96 (0x1ac67f53) c1_fflags 0x0000000000000011 f30 0x7ff8000000000000
core   0: 0x0000000080004d9a (0x03fe5093) srli    ra, t3, 63
core   0: 1 0x0000000080004d9a (0x03fe5093) x1  0x0000000000000001
core   0: 0x0000000080004d9e (0x0011ec13) ori     s8, gp, 1
core   0: 1 0x0000000080004d9e (0x0011ec13) x24 0xfffffffffffffaf5
core   0: 0x0000000080004da2 (0x02d75233) divu    tp, a4, a3
core   0: 1 0x0000000080004da2 (0x02d75233) x4  0xffffffffffffffff
core   0: 0x0000000080004da6 (0xd0367c53) fcvt.s.lu fs8, a2
core   0: 1 0x0000000080004da6 (0xd0367c53) f24 0xffffffff45200000
core   0: 0x0000000080004daa (0xc80e2a73) csrrs   s4, cycleh, t3
core   0: exception trap_illegal_instruction, epc 0x0000000080004daa
core   0:           tval 0x00000000c80e2a73
core   0: >>>>  $xrv64i2p1_m2p0_a2p1_f2p2_d2p2_zicsr2p0_zifencei2p0_zmmul1p0_zba1p0_zbb1p0_zbc1p0_zbs1p0
core   0: 0x0000000080004000 (0x0080006f) j       pc + 0x8
core   0: 3 0x0000000080004000 (0x0080006f)
core   0: >>>>  mmode_exception_handler
core   0: 0x0000000080004008 (0x00002c17) auipc   s8, 0x2
core   0: 3 0x0000000080004008 (0x00002c17) x24 0x0000000080006008
core   0: 0x000000008000400c (0x088c0c13) addi    s8, s8, 136
core   0: 3 0x000000008000400c (0x088c0c13) x24 0x0000000080006090
core   0: 0x0000000080004010 (0x000c00e7) jalr    s8
core   0: 3 0x0000000080004010 (0x000c00e7) x1  0x0000000080004014
core   0: >>>>  any_handler
core   0: 0x0000000080006090 (0x341027f3) csrrs   a5, mepc, zero
core   0: 3 0x0000000080006090 (0x341027f3) x15 0x0000000080004daa
core   0: 0x0000000080006094 (0x34202773) csrrs   a4, mcause, zero
core   0: 3 0x0000000080006094 (0x34202773) x14 0x0000000000000002
core   0: 0x0000000080006098 (0x142026f3) csrrs   a3, scause, zero
core   0: 3 0x0000000080006098 (0x142026f3) x13 0x0000000000000000
core   0: 0x000000008000609c (0x30402673) csrrs   a2, mie, zero
core   0: 3 0x000000008000609c (0x30402673) x12 0x0000000000000a00
core   0: 0x00000000800060a0 (0x344025f3) csrrs   a1, mip, zero
core   0: 3 0x00000000800060a0 (0x344025f3) x11 0x0000000000000080
core   0: 0x00000000800060a4 (0x343025f3) csrrs   a1, mtval, zero
core   0: 3 0x00000000800060a4 (0x343025f3) x11 0x00000000c80e2a73
core   0: 0x00000000800060a8 (0x14302573) csrrs   a0, stval, zero
core   0: 3 0x00000000800060a8 (0x14302573) x10 0x0000000000000000
core   0: 0x00000000800060ac (0xb02024f3) csrrs   s1, minstret, zero
core   0: 3 0x00000000800060ac (0xb02024f3) x9  0x0000000000000c11
core   0: 0x00000000800060b0 (0x0000a811) c.j     pc + 20
core   0: 3 0x00000000800060b0 (0xa811)
core   0: >>>>  mepc_4
core   0: 0x00000000800060c4 (0x00000791) c.addi  a5, 4
core   0: 3 0x00000000800060c4 (0x0791) x15 0x0000000080004dae
core   0: 0x00000000800060c6 (0x34179073) csrrw   zero, mepc, a5
core   0: 3 0x00000000800060c6 (0x34179073) c833_mepc 0x0000000080004dae
core   0: 0x00000000800060ca (0x30200073) mret
core   0: 3 0x00000000800060ca (0x30200073) c768_mstatus 0x8000000a00106080
core   0: 0x0000000080004dae (0x4174d19b) sraiw   gp, s1, 23
core   0: 1 0x0000000080004dae (0x4174d19b) x3  0x0000000000000000
core   0: 0x0000000080004db2 (0xdbb7f1c3) fmadd.d ft3, fa5, fs11, fs11
core   0: 1 0x0000000080004db2 (0xdbb7f1c3) f3  0x7ff8000000000000
core   0: 0x0000000080004db6 (0x01d95713) srli    a4, s2, 29
core   0: 1 0x0000000080004db6 (0x01d95713) x14 0x0000000000000000
core   0: 0x0000000080004dba (0x00031c93) slli    s9, t1, 0
core   0: 1 0x0000000080004dba (0x00031c93) x25 0x0000000000000000
core   0: 0x0000000080004dbe (0x00dd24b3) slt     s1, s10, a3
core   0: 1 0x0000000080004dbe (0x00dd24b3) x9  0x0000000000000001
core   0: 0x0000000080004dc2 (0x4090503b) sraw    zero, zero, s1
core   0: 1 0x0000000080004dc2 (0x4090503b)
core   0: 0x0000000080004dc6 (0xd232fb53) fcvt.d.lu fs6, t0
core   0: 1 0x0000000080004dc6 (0xd232fb53) c1_fflags 0x0000000000000011 f22 0x43f0000000000000
core   0: 0x0000000080004dca (0x00b0d49b) srliw   s1, ra, 11
core   0: 1 0x0000000080004dca (0x00b0d49b) x9  0x0000000000100008
core   0: 0x0000000080004dce (0x401a7b53) fcvt.s.d fs6, fs4
core   0: 1 0x0000000080004dce (0x401a7b53) f22 0xffffffff7fc00000
core   0: 0x0000000080004dd2 (0x039ce7bb) remw    a5, s9, s9
core   0: 1 0x0000000080004dd2 (0x039ce7bb) x15 0x0000000000000000
core   0: 0x0000000080004dd6 (0x22e69cd3) fsgnjn.d fs9, fa3, fa4
core   0: 1 0x0000000080004dd6 (0x22e69cd3) f25 0xfff8000000000000
core   0: 0x0000000080004dda (0x0084f233) and     tp, s1, s0
core   0: 1 0x0000000080004dda (0x0084f233) x4  0x0000000000000000
core   0: 0x0000000080004dde (0xcac8081b) addiw   a6, a6, -852
core   0: 1 0x0000000080004dde (0xcac8081b) x16 0x000000005a655e4c
core   0: 0x0000000080004de2 (0x00202d73) csrrs   s10, frm, zero
core   0: 1 0x0000000080004de2 (0x00202d73) x26 0x0000000000000000
core   0: 0x0000000080004de6 (0xc02cf553) fcvt.l.s a0, fs9
core   0: 1 0x0000000080004de6 (0xc02cf553) c1_fflags 0x0000000000000011 x10 0x7fffffffffffffff
core   0: 0x0000000080004dea (0x0aea72d3) fsub.d  ft5, fs4, fa4
core   0: 1 0x0000000080004dea (0x0aea72d3) f5  0x7ff8000000000000
core   0: 0x0000000080004dee (0x000592b3) sll     t0, a1, zero
core   0: 1 0x0000000080004dee (0x000592b3) x5  0x00000000c80e2a73
core   0: 0x0000000080004df2 (0xd034fa53) fcvt.s.lu fs4, s1
core   0: 1 0x0000000080004df2 (0xd034fa53) f20 0xffffffff49800040
core   0: 0x0000000080004df6 (0xd2307ed3) fcvt.d.lu ft9, zero
core   0: 1 0x0000000080004df6 (0xd2307ed3) f29 0x0000000000000000
core   0: 0x0000000080004dfa (0x02a587bb) mulw    a5, a1, a0
core   0: 1 0x0000000080004dfa (0x02a587bb) x15 0x0000000037f1d58d
core   0: 0x0000000080004dfe (0x01855e33) srl     t3, a0, s8
core   0: 1 0x0000000080004dfe (0x01855e33) x28 0x00007fffffffffff
core   0: 0x0000000080004e02 (0x0a297b53) fsub.d  fs6, fs2, ft2
core   0: 1 0x0000000080004e02 (0x0a297b53) f22 0x7ff8000000000000
core   0: 0x0000000080004e06 (0xa36b0953) fle.d   s2, fs6, fs6
core   0: 1 0x0000000080004e06 (0xa36b0953) c1_fflags 0x0000000000000011 x18 0x0000000000000000
core   0: 0x0000000080004e0a (0x234e8ed3) fsgnj.d ft9, ft9, fs4
core   0: 1 0x0000000080004e0a (0x234e8ed3) f29 0x8000000000000000
core   0: 0x0000000080004e0e (0x40be08b3) sub     a7, t3, a1
core   0: 1 0x0000000080004e0e (0x40be08b3) x17 0x00007fff37f1d58c
core   0: 0x0000000080004e12 (0x5a0bfdd3) fsqrt.d fs11, fs7
core   0: 1 0x0000000080004e12 (0x5a0bfdd3) f27 0x7ff8000000000000
core   0: 0x0000000080004e16 (0x0007d19b) srliw   gp, a5, 0
core   0: 1 0x0000000080004e16 (0x0007d19b) x3  0x0000000037f1d58d
core   0: 0x0000000080004e1a (0x0ff0000f) fence   iorw,iorw
core   0: 1 0x0000000080004e1a (0x0ff0000f)
core   0: 0x0000000080004e1e (0x01289db3) sll     s11, a7, s2
core   0: 1 0x0000000080004e1e (0x01289db3) x27 0x00007fff37f1d58c
core   0: 0x0000000080004e22 (0x401f77d3) fcvt.s.d fa5, ft10
core   0: 1 0x0000000080004e22 (0x401f77d3) f15 0xffffffff7fc00000
core   0: 0x0000000080004e26 (0x0286de33) divu    t3, a3, s0
core   0: 1 0x0000000080004e26 (0x0286de33) x28 0xffffffffffffffff
core   0: 0x0000000080004e2a (0x00b5fbb3) and     s7, a1, a1
core   0: 1 0x0000000080004e2a (0x00b5fbb3) x23 0x00000000c80e2a73
core   0: 0x0000000080004e2e (0x021ce933) rem     s2, s9, ra
core   0: 1 0x0000000080004e2e (0x021ce933) x18 0x0000000000000000
core   0: 0x0000000080004e32 (0xd2190ad3) fcvt.d.wu fs5, s2
core   0: 1 0x0000000080004e32 (0xd2190ad3) f21 0x0000000000000000
core   0: 0x0000000080004e36 (0x2afd9d53) fmax.d  fs10, fs11, fa5
core   0: 1 0x0000000080004e36 (0x2afd9d53) f26 0x7ff8000000000000
core   0: 0x0000000080004e3a (0xa31d81d3) fle.d   gp, fs11, fa7
core   0: 1 0x0000000080004e3a (0xa31d81d3) c1_fflags 0x0000000000000011 x3  0x0000000000000000
core   0: 0x0000000080004e3e (0xf20b04d3) fmv.d.x fs1, s6
core   0: 1 0x0000000080004e3e (0xf20b04d3) f9  0xffffffffffffffff
core   0: 0x0000000080004e42 (0x023620b3) mulhsu  ra, a2, gp
core   0: 1 0x0000000080004e42 (0x023620b3) x1  0x0000000000000000
core   0: 0x0000000080004e46 (0x02d43b33) mulhu   s6, s0, a3
core   0: 1 0x0000000080004e46 (0x02d43b33) x22 0x0000000000000000
core   0: 0x0000000080004e4a (0x002997f3) csrrw   a5, frm, s3
core   0: 1 0x0000000080004e4a (0x002997f3) x15 0x0000000000000000 c2_frm 0x0000000000000001
core   0: 0x0000000080004e4e (0x8587c393) xori    t2, a5, -1960
core   0: 1 0x0000000080004e4e (0x8587c393) x7  0xfffffffffffff858
core   0: 0x0000000080004e52 (0x41f2521b) sraiw   tp, tp, 31
core   0: 1 0x0000000080004e52 (0x41f2521b) x4  0x0000000000000000
core   0: 0x0000000080004e56 (0x00202d73) csrrs   s10, frm, zero
core   0: 1 0x0000000080004e56 (0x00202d73) x26 0x0000000000000001
core   0: 0x0000000080004e5a (0xd0397ad3) fcvt.s.lu fs5, s2
core   0: 1 0x0000000080004e5a (0xd0397ad3) f21 0xffffffff00000000
core   0: 0x0000000080004e5e (0x027f7ed3) fadd.d  ft9, ft10, ft7
core   0: 1 0x0000000080004e5e (0x027f7ed3) f29 0x7ff8000000000000
core   0: 0x0000000080004e62 (0xd0227753) fcvt.s.l fa4, tp
core   0: 1 0x0000000080004e62 (0xd0227753) f14 0xffffffff00000000
core   0: 0x0000000080004e66 (0xf1382273) csrrs   tp, mimpid, a6
core   0: exception trap_illegal_instruction, epc 0x0000000080004e66
core   0:           tval 0x00000000f1382273
core   0: >>>>  $xrv64i2p1_m2p0_a2p1_f2p2_d2p2_zicsr2p0_zifencei2p0_zmmul1p0_zba1p0_zbb1p0_zbc1p0_zbs1p0
core   0: 0x0000000080004000 (0x0080006f) j       pc + 0x8
core   0: 3 0x0000000080004000 (0x0080006f)
core   0: >>>>  mmode_exception_handler
core   0: 0x0000000080004008 (0x00002c17) auipc   s8, 0x2
core   0: 3 0x0000000080004008 (0x00002c17) x24 0x0000000080006008
core   0: 0x000000008000400c (0x088c0c13) addi    s8, s8, 136
core   0: 3 0x000000008000400c (0x088c0c13) x24 0x0000000080006090
core   0: 0x0000000080004010 (0x000c00e7) jalr    s8
core   0: 3 0x0000000080004010 (0x000c00e7) x1  0x0000000080004014
core   0: >>>>  any_handler
core   0: 0x0000000080006090 (0x341027f3) csrrs   a5, mepc, zero
core   0: 3 0x0000000080006090 (0x341027f3) x15 0x0000000080004e66
core   0: 0x0000000080006094 (0x34202773) csrrs   a4, mcause, zero
core   0: 3 0x0000000080006094 (0x34202773) x14 0x0000000000000002
core   0: 0x0000000080006098 (0x142026f3) csrrs   a3, scause, zero
core   0: 3 0x0000000080006098 (0x142026f3) x13 0x0000000000000000
core   0: 0x000000008000609c (0x30402673) csrrs   a2, mie, zero
core   0: 3 0x000000008000609c (0x30402673) x12 0x0000000000000a00
core   0: 0x00000000800060a0 (0x344025f3) csrrs   a1, mip, zero
core   0: 3 0x00000000800060a0 (0x344025f3) x11 0x0000000000000080
core   0: 0x00000000800060a4 (0x343025f3) csrrs   a1, mtval, zero
core   0: 3 0x00000000800060a4 (0x343025f3) x11 0x00000000f1382273
core   0: 0x00000000800060a8 (0x14302573) csrrs   a0, stval, zero
core   0: 3 0x00000000800060a8 (0x14302573) x10 0x0000000000000000
core   0: 0x00000000800060ac (0xb02024f3) csrrs   s1, minstret, zero
core   0: 3 0x00000000800060ac (0xb02024f3) x9  0x0000000000000c4f
core   0: 0x00000000800060b0 (0x0000a811) c.j     pc + 20
core   0: 3 0x00000000800060b0 (0xa811)
core   0: >>>>  mepc_4
core   0: 0x00000000800060c4 (0x00000791) c.addi  a5, 4
core   0: 3 0x00000000800060c4 (0x0791) x15 0x0000000080004e6a
core   0: 0x00000000800060c6 (0x34179073) csrrw   zero, mepc, a5
core   0: 3 0x00000000800060c6 (0x34179073) c833_mepc 0x0000000080004e6a
core   0: 0x00000000800060ca (0x30200073) mret
core   0: 3 0x00000000800060ca (0x30200073) c768_mstatus 0x8000000a00106080
core   0: 0x0000000080004e6a (0x41aa53bb) sraw    t2, s4, s10
core   0: 1 0x0000000080004e6a (0x41aa53bb) x7  0x0000000000000000
core   0: 0x0000000080004e6e (0x4271d193) srai    gp, gp, 39
core   0: 1 0x0000000080004e6e (0x4271d193) x3  0x0000000000000000
core   0: 0x0000000080004e72 (0x035a8abb) mulw    s5, s5, s5
core   0: 1 0x0000000080004e72 (0x035a8abb) x21 0xffffffffe9000000
core   0: 0x0000000080004e76 (0x235a0a53) fsgnj.d fs4, fs4, fs5
core   0: 1 0x0000000080004e76 (0x235a0a53) f20 0xffffffff49800040
core   0: 0x0000000080004e7a (0x00239d33) sll     s10, t2, sp
core   0: 1 0x0000000080004e7a (0x00239d33) x26 0x0000000000000000
core   0: 0x0000000080004e7e (0xa3459253) flt.d   tp, fa1, fs4
core   0: 1 0x0000000080004e7e (0xa3459253) c1_fflags 0x0000000000000011 x4  0x0000000000000000
core   0: 0x0000000080004e82 (0x02175cb7) lui     s9, 0x2175
core   0: 1 0x0000000080004e82 (0x02175cb7) x25 0x0000000002175000
core   0: 0x0000000080004e86 (0x593c8c9b) addiw   s9, s9, 1427
core   0: 1 0x0000000080004e86 (0x593c8c9b) x25 0x0000000002175593
core   0: 0x0000000080004e8a (0x00000cb2) c.slli  s9, 12
core   0: 1 0x0000000080004e8a (0x0cb2) x25 0x0000002175593000
core   0: 0x0000000080004e8c (0x805c8c93) addi    s9, s9, -2043
core   0: 1 0x0000000080004e8c (0x805c8c93) x25 0x0000002175592805
core   0: 0x0000000080004e90 (0xd21203d3) fcvt.d.wu ft7, tp
core   0: 1 0x0000000080004e90 (0xd21203d3) f7  0x0000000000000000
core   0: 0x0000000080004e94 (0x412950bb) sraw    ra, s2, s2
core   0: 1 0x0000000080004e94 (0x412950bb) x1  0x0000000000000000
core   0: 0x0000000080004e98 (0x048521b7) lui     gp, 0x4852
core   0: 1 0x0000000080004e98 (0x048521b7) x3  0x0000000004852000
core   0: 0x0000000080004e9c (0xfaf1819b) addiw   gp, gp, -81
core   0: 1 0x0000000080004e9c (0xfaf1819b) x3  0x0000000004851faf
core   0: 0x0000000080004ea0 (0x000001b2) c.slli  gp, 12
core   0: 1 0x0000000080004ea0 (0x01b2) x3  0x0000004851faf000
core   0: 0x0000000080004ea2 (0x86518193) addi    gp, gp, -1947
core   0: 1 0x0000000080004ea2 (0x86518193) x3  0x0000004851fae865
core   0: 0x0000000080004ea6 (0xf6a1f393) andi    t2, gp, -150
core   0: 1 0x0000000080004ea6 (0xf6a1f393) x7  0x0000004851fae860
core   0: 0x0000000080004eaa (0xd20e8f53) fcvt.d.w ft10, t4
core   0: 1 0x0000000080004eaa (0xd20e8f53) f30 0x3ff0000000000000
core   0: 0x0000000080004eae (0x5a02fe53) fsqrt.d ft8, ft5
core   0: 1 0x0000000080004eae (0x5a02fe53) f28 0x7ff8000000000000
core   0: 0x0000000080004eb2 (0x00211af3) csrrw   s5, frm, sp
core   0: 1 0x0000000080004eb2 (0x00211af3) x21 0x0000000000000001 c2_frm 0x0000000000000000
core   0: 0x0000000080004eb6 (0x0078e5b3) or      a1, a7, t2
core   0: 1 0x0000000080004eb6 (0x0078e5b3) x11 0x00007fff77fbfdec
core   0: 0x0000000080004eba (0x02bad793) srli    a5, s5, 43
core   0: 1 0x0000000080004eba (0x02bad793) x15 0x0000000000000000
core   0: 0x0000000080004ebe (0x014e0ebb) addw    t4, t3, s4
core   0: 1 0x0000000080004ebe (0x014e0ebb) x29 0xffffffffffffffff
core   0: 0x0000000080004ec2 (0x00211bf3) csrrw   s7, frm, sp
core   0: 1 0x0000000080004ec2 (0x00211bf3) x23 0x0000000000000000 c2_frm 0x0000000000000000
core   0: 0x0000000080004ec6 (0x018a7c33) and     s8, s4, s8
core   0: 1 0x0000000080004ec6 (0x018a7c33) x24 0x0000000000000000
core   0: 0x0000000080004eca (0x010a6533) or      a0, s4, a6
core   0: 1 0x0000000080004eca (0x010a6533) x10 0x000000005a655e4c
core   0: 0x0000000080004ece (0xd20a86d3) fcvt.d.w fa3, s5
core   0: 1 0x0000000080004ece (0xd20a86d3) f13 0x3ff0000000000000
core   0: 0x0000000080004ed2 (0x22841053) fsgnjn.d ft0, fs0, fs0
core   0: 1 0x0000000080004ed2 (0x22841053) f0  0xfff8000000000000
core   0: 0x0000000080004ed6 (0x00f52133) slt     sp, a0, a5
core   0: 1 0x0000000080004ed6 (0x00f52133) x2  0x0000000000000000
core   0: 0x0000000080004eda (0x0ff0000f) fence   iorw,iorw
core   0: 1 0x0000000080004eda (0x0ff0000f)
core   0: 0x0000000080004ede (0x01585ab3) srl     s5, a6, s5
core   0: 1 0x0000000080004ede (0x01585ab3) x21 0x000000002d32af26
core   0: 0x0000000080004ee2 (0x0213c7bb) divw    a5, t2, ra
core   0: 1 0x0000000080004ee2 (0x0213c7bb) x15 0xffffffffffffffff
core   0: 0x0000000080004ee6 (0x0a85f44f) fnmadd.d fs0, fa1, fs0, ft1
core   0: 1 0x0000000080004ee6 (0x0a85f44f) f8  0x7ff8000000000000
core   0: 0x0000000080004eea (0x0a8f7e53) fsub.d  ft8, ft10, fs0
core   0: 1 0x0000000080004eea (0x0a8f7e53) f28 0x7ff8000000000000
core   0: 0x0000000080004eee (0x23ca94d3) fsgnjn.d fs1, fs5, ft8
core   0: 1 0x0000000080004eee (0x23ca94d3) f9  0xffffffff00000000
core   0: 0x0000000080004ef2 (0x2af48753) fmin.d  fa4, fs1, fa5
core   0: 1 0x0000000080004ef2 (0x2af48753) f14 0x7ff8000000000000
core   0: 0x0000000080004ef6 (0x00981b9b) slliw   s7, a6, 9
core   0: 1 0x0000000080004ef6 (0x00981b9b) x23 0xffffffffcabc9800
core   0: 0x0000000080004efa (0x0267c93b) divw    s2, a5, t1
core   0: 1 0x0000000080004efa (0x0267c93b) x18 0xffffffffffffffff
core   0: 0x0000000080004efe (0x03bbe5b3) rem     a1, s7, s11
core   0: 1 0x0000000080004efe (0x03bbe5b3) x11 0xffffffffcabc9800
core   0: 0x0000000080004f02 (0xd0387053) fcvt.s.lu ft0, a6
core   0: 1 0x0000000080004f02 (0xd0387053) c1_fflags 0x0000000000000011 f0  0xffffffff4eb4cabd
core   0: 0x0000000080004f06 (0x22a2a2d3) fsgnjx.d ft5, ft5, fa0
core   0: 1 0x0000000080004f06 (0x22a2a2d3) f5  0x7ff8000000000000
core   0: 0x0000000080004f0a (0xc032fb53) fcvt.lu.s s6, ft5
core   0: 1 0x0000000080004f0a (0xc032fb53) c1_fflags 0x0000000000000011 x22 0xffffffffffffffff
core   0: 0x0000000080004f0e (0x0305493b) divw    s2, a0, a6
core   0: 1 0x0000000080004f0e (0x0305493b) x18 0x0000000000000001
core   0: 0x0000000080004f12 (0x01a80ab3) add     s5, a6, s10
core   0: 1 0x0000000080004f12 (0x01a80ab3) x21 0x000000005a655e4c
core   0: 0x0000000080004f16 (0x0359d533) divu    a0, s3, s5
core   0: 1 0x0000000080004f16 (0x0359d533) x10 0x0000000000000000
core   0: 0x0000000080004f1a (0x14ab7cb7) lui     s9, 0x14ab7
core   0: 1 0x0000000080004f1a (0x14ab7cb7) x25 0x0000000014ab7000
core   0: 0x0000000080004f1e (0x23541453) fsgnjn.d fs0, fs0, fs5
core   0: 1 0x0000000080004f1e (0x23541453) f8  0x7ff8000000000000
core   0: 0x0000000080004f22 (0x2bd68353) fmin.d  ft6, fa3, ft9
core   0: 1 0x0000000080004f22 (0x2bd68353) f6  0x3ff0000000000000
core   0: 0x0000000080004f26 (0x44d48837) lui     a6, 0x44d48
core   0: 1 0x0000000080004f26 (0x44d48837) x16 0x0000000044d48000
core   0: 0x0000000080004f2a (0xfbb8081b) addiw   a6, a6, -69
core   0: 1 0x0000000080004f2a (0xfbb8081b) x16 0x0000000044d47fbb
core   0: 0x0000000080004f2e (0x00202d73) csrrs   s10, frm, zero
core   0: 1 0x0000000080004f2e (0x00202d73) x26 0x0000000000000000
core   0: 0x0000000080004f32 (0x00281df3) csrrw   s11, frm, a6
core   0: 1 0x0000000080004f32 (0x00281df3) x27 0x0000000000000000 c2_frm 0x0000000000000003
core   0: 0x0000000080004f36 (0xffdc2c37) lui     s8, 0xffdc2
core   0: 1 0x0000000080004f36 (0xffdc2c37) x24 0xffffffffffdc2000
core   0: 0x0000000080004f3a (0x1efc0c1b) addiw   s8, s8, 495
core   0: 1 0x0000000080004f3a (0x1efc0c1b) x24 0xffffffffffdc21ef
core   0: 0x0000000080004f3e (0x00000c3a) c.slli  s8, 14
core   0: 1 0x0000000080004f3e (0x0c3a) x24 0xfffffff7087bc000
core   0: 0x0000000080004f40 (0x1a3c0c13) addi    s8, s8, 419
core   0: 1 0x0000000080004f40 (0x1a3c0c13) x24 0xfffffff7087bc1a3
core   0: 0x0000000080004f44 (0x018400bb) addw    ra, s0, s8
core   0: 1 0x0000000080004f44 (0x018400bb) x1  0x00000000087bc1a3
core   0: 0x0000000080004f48 (0x125c7c53) fmul.d  fs8, fs8, ft5
core   0: 1 0x0000000080004f48 (0x125c7c53) f24 0x7ff8000000000000
core   0: 0x0000000080004f4c (0xf20b01d3) fmv.d.x ft3, s6
core   0: 1 0x0000000080004f4c (0xf20b01d3) f3  0xffffffffffffffff
core   0: 0x0000000080004f50 (0x22bc8dd3) fsgnj.d fs11, fs9, fa1
core   0: 1 0x0000000080004f50 (0x22bc8dd3) f27 0x7ff8000000000000
core   0: 0x0000000080004f54 (0x00b86733) or      a4, a6, a1
core   0: 1 0x0000000080004f54 (0x00b86733) x14 0xffffffffcefcffbb
core   0: 0x0000000080004f58 (0x03233e33) mulhu   t3, t1, s2
core   0: 1 0x0000000080004f58 (0x03233e33) x28 0x0000000000000000
core   0: 0x0000000080004f5c (0x00ad02bb) addw    t0, s10, a0
core   0: 1 0x0000000080004f5c (0x00ad02bb) x5  0x0000000000000000
core   0: 0x0000000080004f60 (0x0001de13) srli    t3, gp, 0
core   0: 1 0x0000000080004f60 (0x0001de13) x28 0x0000004851fae865
core   0: 0x0000000080004f64 (0x02c5e5b3) rem     a1, a1, a2
core   0: 1 0x0000000080004f64 (0x02c5e5b3) x11 0xfffffffffffffc00
core   0: 0x0000000080004f68 (0x00a5eb33) or      s6, a1, a0
core   0: 1 0x0000000080004f68 (0x00a5eb33) x22 0xfffffffffffffc00
core   0: 0x0000000080004f6c (0x023181b3) mul     gp, gp, gp
core   0: 1 0x0000000080004f6c (0x023181b3) x3  0x376375caa23b37d9
core   0: 0x0000000080004f70 (0xd025f853) fcvt.s.l fa6, a1
core   0: 1 0x0000000080004f70 (0xd025f853) f16 0xffffffffc4800000
core   0: 0x0000000080004f74 (0x003a6a33) or      s4, s4, gp
core   0: 1 0x0000000080004f74 (0x003a6a33) x20 0x376375caa23b37d9
core   0: 0x0000000080004f78 (0x1bcd7953) fdiv.d  fs2, fs10, ft8
core   0: 1 0x0000000080004f78 (0x1bcd7953) f18 0x7ff8000000000000
core   0: 0x0000000080004f7c (0x03844433) div     s0, s0, s8
core   0: 1 0x0000000080004f7c (0x03844433) x8  0x0000000000000000
core   0: 0x0000000080004f80 (0x03b66dbb) remw    s11, a2, s11
core   0: 1 0x0000000080004f80 (0x03b66dbb) x27 0x0000000000000a00
core   0: 0x0000000080004f84 (0xc0387e53) fcvt.lu.s t3, fa6
core   0: 1 0x0000000080004f84 (0xc0387e53) c1_fflags 0x0000000000000011 x28 0x0000000000000000
core   0: 0x0000000080004f88 (0xe323fdcb) fnmsub.d fs11, ft7, fs2, ft8
core   0: 1 0x0000000080004f88 (0xe323fdcb) f27 0x7ff8000000000000
core   0: 0x0000000080004f8c (0x23c01fd3) fsgnjn.d ft11, ft0, ft8
core   0: 1 0x0000000080004f8c (0x23c01fd3) f31 0xffffffff4eb4cabd
core   0: 0x0000000080004f90 (0x004e5d3b) srlw    s10, t3, tp
core   0: 1 0x0000000080004f90 (0x004e5d3b) x26 0x0000000000000000
core   0: 0x0000000080004f94 (0x138ffa53) fmul.d  fs4, ft11, fs8
core   0: 1 0x0000000080004f94 (0x138ffa53) f20 0x7ff8000000000000
core   0: 0x0000000080004f98 (0x0305f5d3) fadd.d  fa1, fa1, fa6
core   0: 1 0x0000000080004f98 (0x0305f5d3) f11 0x7ff8000000000000
core   0: 0x0000000080004f9c (0x015b0733) add     a4, s6, s5
core   0: 1 0x0000000080004f9c (0x015b0733) x14 0x000000005a655a4c
core   0: 0x0000000080004fa0 (0x0257e7b3) rem     a5, a5, t0
core   0: 1 0x0000000080004fa0 (0x0257e7b3) x15 0xffffffffffffffff
core   0: 0x0000000080004fa4 (0x426e5413) srai    s0, t3, 38
core   0: 1 0x0000000080004fa4 (0x426e5413) x8  0x0000000000000000
core   0: 0x0000000080004fa8 (0x00540733) add     a4, s0, t0
core   0: 1 0x0000000080004fa8 (0x00540733) x14 0x0000000000000000
core   0: 0x0000000080004fac (0x43b6b137) lui     sp, 0x43b6b
core   0: 1 0x0000000080004fac (0x43b6b137) x2  0x0000000043b6b000
core   0: 0x0000000080004fb0 (0x4119d99b) sraiw   s3, s3, 17
core   0: 1 0x0000000080004fb0 (0x4119d99b) x19 0x0000000000000000
core   0: 0x0000000080004fb4 (0x5a0471d3) fsqrt.d ft3, fs0
core   0: 1 0x0000000080004fb4 (0x5a0471d3) f3  0x7ff8000000000000
core   0: 0x0000000080004fb8 (0x5c10809b) addiw   ra, ra, 1473
core   0: 1 0x0000000080004fb8 (0x5c10809b) x1  0x00000000087bc764
core   0: 0x0000000080004fbc (0xd21100d3) fcvt.d.wu ft1, sp
core   0: 1 0x0000000080004fbc (0xd21100d3) f1  0x41d0edac00000000
core   0: 0x0000000080004fc0 (0x2bb19253) fmax.d  ft4, ft3, fs11
core   0: 1 0x0000000080004fc0 (0x2bb19253) f4  0x7ff8000000000000
core   0: 0x0000000080004fc4 (0x00102373) csrrs   t1, fflags, zero
core   0: 1 0x0000000080004fc4 (0x00102373) x6  0x0000000000000011
core   0: 0x0000000080004fc8 (0x41f6541b) sraiw   s0, a2, 31
core   0: 1 0x0000000080004fc8 (0x41f6541b) x8  0x0000000000000000
core   0: 0x0000000080004fcc (0x02da563b) divuw   a2, s4, a3
core   0: 1 0x0000000080004fcc (0x02da563b) x12 0xffffffffffffffff
core   0: 0x0000000080004fd0 (0xc02df8d3) fcvt.l.s a7, fs11
core   0: 1 0x0000000080004fd0 (0xc02df8d3) c1_fflags 0x0000000000000011 x17 0x7fffffffffffffff
core   0: 0x0000000080004fd4 (0x03d8cabb) divw    s5, a7, t4
core   0: 1 0x0000000080004fd4 (0x03d8cabb) x21 0x0000000000000001
core   0: 0x0000000080004fd8 (0x0068d937) lui     s2, 0x68d
core   0: 1 0x0000000080004fd8 (0x0068d937) x18 0x000000000068d000
core   0: 0x0000000080004fdc (0x00000001) c.nop
core   0: 1 0x0000000080004fdc (0x0001)
core   0: 0x0000000080004fde (0x035b5b3b) divuw   s6, s6, s5
core   0: 1 0x0000000080004fde (0x035b5b3b) x22 0xfffffffffffffc00
core   0: 0x0000000080004fe2 (0x401556bb) sraw    a3, a0, ra
core   0: 1 0x0000000080004fe2 (0x401556bb) x13 0x0000000000000000
core   0: 0x0000000080004fe6 (0x40d60e33) sub     t3, a2, a3
core   0: 1 0x0000000080004fe6 (0x40d60e33) x28 0xffffffffffffffff
core   0: 0x0000000080004fea (0x02900033) mul     zero, zero, s1
core   0: 1 0x0000000080004fea (0x02900033)
core   0: 0x0000000080004fee (0x01a98b33) add     s6, s3, s10
core   0: 1 0x0000000080004fee (0x01a98b33) x22 0x0000000000000000
core   0: 0x0000000080004ff2 (0x00000001) c.nop
core   0: 1 0x0000000080004ff2 (0x0001)
core   0: 0x0000000080004ff4 (0x0bbdf2d3) fsub.d  ft5, fs11, fs11
core   0: 1 0x0000000080004ff4 (0x0bbdf2d3) f5  0x7ff8000000000000
core   0: 0x0000000080004ff8 (0x23eb9f53) fsgnjn.d ft10, fs7, ft10
core   0: 1 0x0000000080004ff8 (0x23eb9f53) f30 0xfff8000000000000
core   0: 0x0000000080004ffc (0x000cdb9b) srliw   s7, s9, 0
core   0: 1 0x0000000080004ffc (0x000cdb9b) x23 0x0000000014ab7000
core   0: 0x0000000080005000 (0x0aabfcd3) fsub.d  fs9, fs7, fa0
core   0: 1 0x0000000080005000 (0x0aabfcd3) f25 0x7ff8000000000000
core   0: 0x0000000080005004 (0x018c6633) or      a2, s8, s8
core   0: 1 0x0000000080005004 (0x018c6633) x12 0xfffffff7087bc1a3
core   0: 0x0000000080005008 (0x032c1113) slli    sp, s8, 50
core   0: 1 0x0000000080005008 (0x032c1113) x2  0x068c000000000000
core   0: 0x000000008000500c (0x038c74bb) remuw   s1, s8, s8
core   0: 1 0x000000008000500c (0x038c74bb) x9  0x0000000000000000
core   0: 0x0000000080005010 (0x009052b3) srl     t0, zero, s1
core   0: 1 0x0000000080005010 (0x009052b3) x5  0x0000000000000000
core   0: 0x0000000080005014 (0x0172d09b) srliw   ra, t0, 23
core   0: 1 0x0000000080005014 (0x0172d09b) x1  0x0000000000000000
core   0: 0x0000000080005018 (0x41f62997) auipc   s3, 0x41f62
core   0: 1 0x0000000080005018 (0x41f62997) x19 0x00000000c1f67018
core   0: 0x000000008000501c (0xd224f453) fcvt.d.l fs0, s1
core   0: 1 0x000000008000501c (0xd224f453) f8  0x0000000000000000
core   0: 0x0000000080005020 (0x342092f3) csrrw   t0, mcause, ra
core   0: exception trap_illegal_instruction, epc 0x0000000080005020
core   0:           tval 0x00000000342092f3
core   0: >>>>  $xrv64i2p1_m2p0_a2p1_f2p2_d2p2_zicsr2p0_zifencei2p0_zmmul1p0_zba1p0_zbb1p0_zbc1p0_zbs1p0
core   0: 0x0000000080004000 (0x0080006f) j       pc + 0x8
core   0: 3 0x0000000080004000 (0x0080006f)
core   0: >>>>  mmode_exception_handler
core   0: 0x0000000080004008 (0x00002c17) auipc   s8, 0x2
core   0: 3 0x0000000080004008 (0x00002c17) x24 0x0000000080006008
core   0: 0x000000008000400c (0x088c0c13) addi    s8, s8, 136
core   0: 3 0x000000008000400c (0x088c0c13) x24 0x0000000080006090
core   0: 0x0000000080004010 (0x000c00e7) jalr    s8
core   0: 3 0x0000000080004010 (0x000c00e7) x1  0x0000000080004014
core   0: >>>>  any_handler
core   0: 0x0000000080006090 (0x341027f3) csrrs   a5, mepc, zero
core   0: 3 0x0000000080006090 (0x341027f3) x15 0x0000000080005020
core   0: 0x0000000080006094 (0x34202773) csrrs   a4, mcause, zero
core   0: 3 0x0000000080006094 (0x34202773) x14 0x0000000000000002
core   0: 0x0000000080006098 (0x142026f3) csrrs   a3, scause, zero
core   0: 3 0x0000000080006098 (0x142026f3) x13 0x0000000000000000
core   0: 0x000000008000609c (0x30402673) csrrs   a2, mie, zero
core   0: 3 0x000000008000609c (0x30402673) x12 0x0000000000000a00
core   0: 0x00000000800060a0 (0x344025f3) csrrs   a1, mip, zero
core   0: 3 0x00000000800060a0 (0x344025f3) x11 0x0000000000000080
core   0: 0x00000000800060a4 (0x343025f3) csrrs   a1, mtval, zero
core   0: 3 0x00000000800060a4 (0x343025f3) x11 0x00000000342092f3
core   0: 0x00000000800060a8 (0x14302573) csrrs   a0, stval, zero
core   0: 3 0x00000000800060a8 (0x14302573) x10 0x0000000000000000
core   0: 0x00000000800060ac (0xb02024f3) csrrs   s1, minstret, zero
core   0: 3 0x00000000800060ac (0xb02024f3) x9  0x0000000000000ccf
core   0: 0x00000000800060b0 (0x0000a811) c.j     pc + 20
core   0: 3 0x00000000800060b0 (0xa811)
core   0: >>>>  mepc_4
core   0: 0x00000000800060c4 (0x00000791) c.addi  a5, 4
core   0: 3 0x00000000800060c4 (0x0791) x15 0x0000000080005024
core   0: 0x00000000800060c6 (0x34179073) csrrw   zero, mepc, a5
core   0: 3 0x00000000800060c6 (0x34179073) c833_mepc 0x0000000080005024
core   0: 0x00000000800060ca (0x30200073) mret
core   0: 3 0x00000000800060ca (0x30200073) c768_mstatus 0x8000000a00106080
core   0: 0x0000000080005024 (0x00be15b3) sll     a1, t3, a1
core   0: 1 0x0000000080005024 (0x00be15b3) x11 0xfff8000000000000
core   0: 0x0000000080005028 (0x03c5f73b) remuw   a4, a1, t3
core   0: 1 0x0000000080005028 (0x03c5f73b) x14 0x0000000000000000
core   0: 0x000000008000502c (0xc232fad3) fcvt.lu.d s5, ft5
core   0: 1 0x000000008000502c (0xc232fad3) c1_fflags 0x0000000000000011 x21 0xffffffffffffffff
core   0: 0x0000000080005030 (0x23fc2fd3) fsgnjx.d ft11, fs8, ft11
core   0: 1 0x0000000080005030 (0x23fc2fd3) f31 0xfff8000000000000
core   0: 0x0000000080005034 (0x01731333) sll     t1, t1, s7
core   0: 1 0x0000000080005034 (0x01731333) x6  0x0000000000000011
core   0: 0x0000000080005038 (0xdeadc813) xori    a6, s11, -534
core   0: 1 0x0000000080005038 (0xdeadc813) x16 0xfffffffffffff7ea
core   0: 0x000000008000503c (0x002a9e73) csrrw   t3, frm, s5
core   0: 1 0x000000008000503c (0x002a9e73) x28 0x0000000000000003 c2_frm 0x0000000000000007
core   0: 0x0000000080005040 (0x00279073) csrrw   zero, frm, a5
core   0: 1 0x0000000080005040 (0x00279073) c2_frm 0x0000000000000004
core   0: 0x0000000080005044 (0x6d87c593) xori    a1, a5, 1752
core   0: 1 0x0000000080005044 (0x6d87c593) x11 0x00000000800056fc
core   0: 0x0000000080005048 (0xc029fe53) fcvt.l.s t3, fs3
core   0: 1 0x0000000080005048 (0xc029fe53) x28 0x0000000000000001
core   0: 0x000000008000504c (0xa2898353) fle.d   t1, fs3, fs0
core   0: 1 0x000000008000504c (0xa2898353) c1_fflags 0x0000000000000011 x6  0x0000000000000000
core   0: 0x0000000080005050 (0x40c354bb) sraw    s1, t1, a2
core   0: 1 0x0000000080005050 (0x40c354bb) x9  0x0000000000000000
core   0: 0x0000000080005054 (0x02fa4eb3) div     t4, s4, a5
core   0: 1 0x0000000080005054 (0x02fa4eb3) x29 0x000000006ec6a639
core   0: 0x0000000080005058 (0x0002e293) ori     t0, t0, 0
core   0: 1 0x0000000080005058 (0x0002e293) x5  0x0000000000000000
core   0: 0x000000008000505c (0xfb837a43) fmadd.d fs4, ft6, fs8, ft11
core   0: 1 0x000000008000505c (0xfb837a43) f20 0x7ff8000000000000
core   0: 0x0000000080005060 (0x0169ce33) xor     t3, s3, s6
core   0: 1 0x0000000080005060 (0x0169ce33) x28 0x00000000c1f67018
core   0: 0x0000000080005064 (0x0012959b) slliw   a1, t0, 1
core   0: 1 0x0000000080005064 (0x0012959b) x11 0x0000000000000000
core   0: 0x0000000080005068 (0x800e6193) ori     gp, t3, -2048
core   0: 1 0x0000000080005068 (0x800e6193) x3  0xfffffffffffff818
core   0: 0x000000008000506c (0xa278ac53) feq.d   s8, fa7, ft7
core   0: 1 0x000000008000506c (0xa278ac53) x24 0x0000000000000001
core   0: 0x0000000080005070 (0x003006bb) addw    a3, zero, gp
core   0: 1 0x0000000080005070 (0x003006bb) x13 0xfffffffffffff818
core   0: 0x0000000080005074 (0x420a0953) fcvt.d.s fs2, fs4
core   0: 1 0x0000000080005074 (0x420a0953) f18 0x7ff8000000000000
core   0: 0x0000000080005078 (0x0167d79b) srliw   a5, a5, 22
core   0: 1 0x0000000080005078 (0x0167d79b) x15 0x0000000000000200
core   0: 0x000000008000507c (0x40bc813b) subw    sp, s9, a1
core   0: 1 0x000000008000507c (0x40bc813b) x2  0x0000000014ab7000
core   0: 0x0000000080005080 (0x00c654bb) srlw    s1, a2, a2
core   0: 1 0x0000000080005080 (0x00c654bb) x9  0x0000000000000a00
core   0: 0x0000000080005084 (0xc200fd53) fcvt.w.d s10, ft1
core   0: 1 0x0000000080005084 (0xc200fd53) x26 0x0000000043b6b000
core   0: 0x0000000080005088 (0x00000001) c.nop
core   0: 1 0x0000000080005088 (0x0001)
core   0: 0x000000008000508a (0x6b1a4a13) xori    s4, s4, 1713
core   0: 1 0x000000008000508a (0x6b1a4a13) x20 0x376375caa23b3168
core   0: 0x000000008000508e (0x952a4013) xori    zero, s4, -1710
core   0: 1 0x000000008000508e (0x952a4013)
core   0: 0x0000000080005092 (0x034b73b3) remu    t2, s6, s4
core   0: 1 0x0000000080005092 (0x034b73b3) x7  0x0000000000000000
core   0: 0x0000000080005096 (0x034002b3) mul     t0, zero, s4
core   0: 1 0x0000000080005096 (0x034002b3) x5  0x0000000000000000
core   0: 0x000000008000509a (0x4172d49b) sraiw   s1, t0, 23
core   0: 1 0x000000008000509a (0x4172d49b) x9  0x0000000000000000
core   0: 0x000000008000509e (0x0254ca33) div     s4, s1, t0
core   0: 1 0x000000008000509e (0x0254ca33) x20 0xffffffffffffffff
core   0: 0x00000000800050a2 (0x016a4b33) xor     s6, s4, s6
core   0: 1 0x00000000800050a2 (0x016a4b33) x22 0xffffffffffffffff
core   0: 0x00000000800050a6 (0xeb32f9c3) fmadd.d fs3, ft5, fs3, ft9
core   0: 1 0x00000000800050a6 (0xeb32f9c3) f19 0x7ff8000000000000
core   0: 0x00000000800050aa (0xb3dd4313) xori    t1, s10, -1219
core   0: 1 0x00000000800050aa (0xb3dd4313) x6  0xffffffffbc494b3d
core   0: 0x00000000800050ae (0x00000001) c.nop
core   0: 1 0x00000000800050ae (0x0001)
core   0: 0x00000000800050b0 (0xd10aee37) lui     t3, 0xd10ae
core   0: 1 0x00000000800050b0 (0xd10aee37) x28 0xffffffffd10ae000
core   0: 0x00000000800050b4 (0x6d0358b7) lui     a7, 0x6d035
core   0: 1 0x00000000800050b4 (0x6d0358b7) x17 0x000000006d035000
core   0: 0x00000000800050b8 (0x004e23b3) slt     t2, t3, tp
core   0: 1 0x00000000800050b8 (0x004e23b3) x7  0x0000000000000001
core   0: 0x00000000800050bc (0x401e71d3) fcvt.s.d ft3, ft8
core   0: 1 0x00000000800050bc (0x401e71d3) f3  0xffffffff7fc00000
core   0: 0x00000000800050c0 (0x0013c1b3) xor     gp, t2, ra
core   0: 1 0x00000000800050c0 (0x0013c1b3) x3  0x0000000080004015
core   0: 0x00000000800050c4 (0x30345973) csrrwi  s2, mideleg, 8
core   0: exception trap_illegal_instruction, epc 0x00000000800050c4
core   0:           tval 0x0000000030345973
core   0: >>>>  $xrv64i2p1_m2p0_a2p1_f2p2_d2p2_zicsr2p0_zifencei2p0_zmmul1p0_zba1p0_zbb1p0_zbc1p0_zbs1p0
core   0: 0x0000000080004000 (0x0080006f) j       pc + 0x8
core   0: 3 0x0000000080004000 (0x0080006f)
core   0: >>>>  mmode_exception_handler
core   0: 0x0000000080004008 (0x00002c17) auipc   s8, 0x2
core   0: 3 0x0000000080004008 (0x00002c17) x24 0x0000000080006008
core   0: 0x000000008000400c (0x088c0c13) addi    s8, s8, 136
core   0: 3 0x000000008000400c (0x088c0c13) x24 0x0000000080006090
core   0: 0x0000000080004010 (0x000c00e7) jalr    s8
core   0: 3 0x0000000080004010 (0x000c00e7) x1  0x0000000080004014
core   0: >>>>  any_handler
core   0: 0x0000000080006090 (0x341027f3) csrrs   a5, mepc, zero
core   0: 3 0x0000000080006090 (0x341027f3) x15 0x00000000800050c4
core   0: 0x0000000080006094 (0x34202773) csrrs   a4, mcause, zero
core   0: 3 0x0000000080006094 (0x34202773) x14 0x0000000000000002
core   0: 0x0000000080006098 (0x142026f3) csrrs   a3, scause, zero
core   0: 3 0x0000000080006098 (0x142026f3) x13 0x0000000000000000
core   0: 0x000000008000609c (0x30402673) csrrs   a2, mie, zero
core   0: 3 0x000000008000609c (0x30402673) x12 0x0000000000000a00
core   0: 0x00000000800060a0 (0x344025f3) csrrs   a1, mip, zero
core   0: 3 0x00000000800060a0 (0x344025f3) x11 0x0000000000000080
core   0: 0x00000000800060a4 (0x343025f3) csrrs   a1, mtval, zero
core   0: 3 0x00000000800060a4 (0x343025f3) x11 0x0000000030345973
core   0: 0x00000000800060a8 (0x14302573) csrrs   a0, stval, zero
core   0: 3 0x00000000800060a8 (0x14302573) x10 0x0000000000000000
core   0: 0x00000000800060ac (0xb02024f3) csrrs   s1, minstret, zero
core   0: 3 0x00000000800060ac (0xb02024f3) x9  0x0000000000000d08
core   0: 0x00000000800060b0 (0x0000a811) c.j     pc + 20
core   0: 3 0x00000000800060b0 (0xa811)
core   0: >>>>  mepc_4
core   0: 0x00000000800060c4 (0x00000791) c.addi  a5, 4
core   0: 3 0x00000000800060c4 (0x0791) x15 0x00000000800050c8
core   0: 0x00000000800060c6 (0x34179073) csrrw   zero, mepc, a5
core   0: 3 0x00000000800060c6 (0x34179073) c833_mepc 0x00000000800050c8
core   0: 0x00000000800060ca (0x30200073) mret
core   0: 3 0x00000000800060ca (0x30200073) c768_mstatus 0x8000000a00106080
core   0: 0x00000000800050c8 (0x2201a0d3) fsgnjx.d ft1, ft3, ft0
core   0: 1 0x00000000800050c8 (0x2201a0d3) f1  0x7fffffff7fc00000
core   0: 0x00000000800050cc (0x0103813b) addw    sp, t2, a6
core   0: 1 0x00000000800050cc (0x0103813b) x2  0xfffffffffffff7eb
core   0: 0x00000000800050d0 (0xd2010153) fcvt.d.w ft2, sp
core   0: 1 0x00000000800050d0 (0xd2010153) f2  0xc0a02a0000000000
core   0: 0x00000000800050d4 (0x03f91693) slli    a3, s2, 63
core   0: 1 0x00000000800050d4 (0x03f91693) x13 0x0000000000000000
core   0: 0x00000000800050d8 (0x014b1733) sll     a4, s6, s4
core   0: 1 0x00000000800050d8 (0x014b1733) x14 0x8000000000000000
core   0: 0x00000000800050dc (0x0200fdcf) fnmadd.d fs11, ft1, ft0, ft0
core   0: 1 0x00000000800050dc (0x0200fdcf) f27 0x7ff8000000000000
core   0: 0x00000000800050e0 (0x402101b3) sub     gp, sp, sp
core   0: 1 0x00000000800050e0 (0x402101b3) x3  0x0000000000000000
core   0: 0x00000000800050e4 (0x02d5a233) mulhsu  tp, a1, a3
core   0: 1 0x00000000800050e4 (0x02d5a233) x4  0x0000000000000000
core   0: 0x00000000800050e8 (0x40725ebb) sraw    t4, tp, t2
core   0: 1 0x00000000800050e8 (0x40725ebb) x29 0x0000000000000000
core   0: 0x00000000800050ec (0xc23ffc53) fcvt.lu.d s8, ft11
core   0: 1 0x00000000800050ec (0xc23ffc53) c1_fflags 0x0000000000000011 x24 0xffffffffffffffff
core   0: 0x00000000800050f0 (0x000ed813) srli    a6, t4, 0
core   0: 1 0x00000000800050f0 (0x000ed813) x16 0x0000000000000000
core   0: 0x00000000800050f4 (0x0370f853) fadd.d  fa6, ft1, fs7
core   0: 1 0x00000000800050f4 (0x0370f853) f16 0x7ff8000000000000
core   0: 0x00000000800050f8 (0x03b82933) mulhsu  s2, a6, s11
core   0: 1 0x00000000800050f8 (0x03b82933) x18 0x0000000000000000
core   0: 0x00000000800050fc (0x2b4810d3) fmax.d  ft1, fa6, fs4
core   0: 1 0x00000000800050fc (0x2b4810d3) f1  0x7ff8000000000000
core   0: 0x0000000080005100 (0x22aa15d3) fsgnjn.d fa1, fs4, fa0
core   0: 1 0x0000000080005100 (0x22aa15d3) f11 0xfff8000000000000
core   0: 0x0000000080005104 (0x23d18d53) fsgnj.d fs10, ft3, ft9
core   0: 1 0x0000000080005104 (0x23d18d53) f26 0x7fffffff7fc00000
core   0: 0x0000000080005108 (0x01276d33) or      s10, a4, s2
core   0: 1 0x0000000080005108 (0x01276d33) x26 0x8000000000000000
core   0: 0x000000008000510c (0x0094143b) sllw    s0, s0, s1
core   0: 1 0x000000008000510c (0x0094143b) x8  0x0000000000000000
core   0: 0x0000000080005110 (0x00bb0abb) addw    s5, s6, a1
core   0: 1 0x0000000080005110 (0x00bb0abb) x21 0x0000000030345972
core   0: 0x0000000080005114 (0x41bb55bb) sraw    a1, s6, s11
core   0: 1 0x0000000080005114 (0x41bb55bb) x11 0xffffffffffffffff
core   0: 0x0000000080005118 (0x2bdd8853) fmin.d  fa6, fs11, ft9
core   0: 1 0x0000000080005118 (0x2bdd8853) f16 0x7ff8000000000000
core   0: 0x000000008000511c (0x1ba872d3) fdiv.d  ft5, fa6, fs10
core   0: 1 0x000000008000511c (0x1ba872d3) f5  0x7ff8000000000000
core   0: 0x0000000080005120 (0xf2058d53) fmv.d.x fs10, a1
core   0: 1 0x0000000080005120 (0xf2058d53) f26 0xffffffffffffffff
core   0: 0x0000000080005124 (0xc2037653) fcvt.w.d a2, ft6
core   0: 1 0x0000000080005124 (0xc2037653) x12 0x0000000000000001
core   0: 0x0000000080005128 (0xa3a80153) fle.d   sp, fa6, fs10
core   0: 1 0x0000000080005128 (0xa3a80153) c1_fflags 0x0000000000000011 x2  0x0000000000000000
core   0: 0x000000008000512c (0x71baa897) auipc   a7, 0x71baa
core   0: 1 0x000000008000512c (0x71baa897) x17 0x00000000f1baf12c
core   0: 0x0000000080005130 (0x41105d33) sra     s10, zero, a7
core   0: 1 0x0000000080005130 (0x41105d33) x26 0x0000000000000000
core   0: 0x0000000080005134 (0x0289c433) div     s0, s3, s0
core   0: 1 0x0000000080005134 (0x0289c433) x8  0xffffffffffffffff
core   0: 0x0000000080005138 (0x4085583b) sraw    a6, a0, s0
core   0: 1 0x0000000080005138 (0x4085583b) x16 0x0000000000000000
core   0: 0x000000008000513c (0x00e5521b) srliw   tp, a0, 14
core   0: 1 0x000000008000513c (0x00e5521b) x4  0x0000000000000000
core   0: 0x0000000080005140 (0x03011433) mulh    s0, sp, a6
core   0: 1 0x0000000080005140 (0x03011433) x8  0x0000000000000000
core   0: 0x0000000080005144 (0x82f2facf) fnmadd.d fs5, ft5, fa5, fa6
core   0: 1 0x0000000080005144 (0x82f2facf) f21 0x7ff8000000000000
core   0: 0x0000000080005148 (0x010b083b) addw    a6, s6, a6
core   0: 1 0x0000000080005148 (0x010b083b) x16 0xffffffffffffffff
core   0: 0x000000008000514c (0x03ed76d3) fadd.d  fa3, fs10, ft10
core   0: 1 0x000000008000514c (0x03ed76d3) f13 0x7ff8000000000000
core   0: 0x0000000080005150 (0xfff68a93) addi    s5, a3, -1
core   0: 1 0x0000000080005150 (0xfff68a93) x21 0xffffffffffffffff
core   0: 0x0000000080005154 (0xa3508953) fle.d   s2, ft1, fs5
core   0: 1 0x0000000080005154 (0xa3508953) c1_fflags 0x0000000000000011 x18 0x0000000000000000
core   0: 0x0000000080005158 (0x02d6e8b7) lui     a7, 0x2d6e
core   0: 1 0x0000000080005158 (0x02d6e8b7) x17 0x0000000002d6e000
core   0: 0x000000008000515c (0x6b18889b) addiw   a7, a7, 1713
core   0: 1 0x000000008000515c (0x6b18889b) x17 0x0000000002d6e6b1
core   0: 0x0000000080005160 (0x000008b2) c.slli  a7, 12
core   0: 1 0x0000000080005160 (0x08b2) x17 0x0000002d6e6b1000
core   0: 0x0000000080005162 (0xcbb88893) addi    a7, a7, -837
core   0: 1 0x0000000080005162 (0xcbb88893) x17 0x0000002d6e6b0cbb
core   0: 0x0000000080005166 (0x41cbdab3) sra     s5, s7, t3
core   0: 1 0x0000000080005166 (0x41cbdab3) x21 0x0000000014ab7000
core   0: 0x000000008000516a (0xd02afad3) fcvt.s.l fs5, s5
core   0: 1 0x000000008000516a (0xd02afad3) f21 0xffffffff4da55b80
core   0: 0x000000008000516e (0x0210c5b3) div     a1, ra, ra
core   0: 1 0x000000008000516e (0x0210c5b3) x11 0x0000000000000001
core   0: 0x0000000080005172 (0x033478b3) remu    a7, s0, s3
core   0: 1 0x0000000080005172 (0x033478b3) x17 0x0000000000000000
core   0: 0x0000000080005176 (0xc21df453) fcvt.wu.d s0, fs11
core   0: 1 0x0000000080005176 (0xc21df453) c1_fflags 0x0000000000000011 x8  0xffffffffffffffff
core   0: 0x000000008000517a (0x03f49a93) slli    s5, s1, 63
core   0: 1 0x000000008000517a (0x03f49a93) x21 0x0000000000000000
core   0: 0x000000008000517e (0x00855a33) srl     s4, a0, s0
core   0: 1 0x000000008000517e (0x00855a33) x20 0x0000000000000000
core   0: 0x0000000080005182 (0xd2170fd3) fcvt.d.wu ft11, a4
core   0: 1 0x0000000080005182 (0xd2170fd3) f31 0x0000000000000000
core   0: 0x0000000080005186 (0x235b07d3) fsgnj.d fa5, fs6, fs5
core   0: 1 0x0000000080005186 (0x235b07d3) f15 0xfff8000000000000
core   0: 0x000000008000518a (0x02e00c3b) mulw    s8, zero, a4
core   0: 1 0x000000008000518a (0x02e00c3b) x24 0x0000000000000000
core   0: 0x000000008000518e (0x23b41dd3) fsgnjn.d fs11, fs0, fs11
core   0: 1 0x000000008000518e (0x23b41dd3) f27 0x8000000000000000
core   0: 0x0000000080005192 (0x23b484d3) fsgnj.d fs1, fs1, fs11
core   0: 1 0x0000000080005192 (0x23b484d3) f9  0xffffffff00000000
core   0: 0x0000000080005196 (0xc9bec893) xori    a7, t4, -869
core   0: 1 0x0000000080005196 (0xc9bec893) x17 0xfffffffffffffc9b
core   0: 0x000000008000519a (0x0009d99b) srliw   s3, s3, 0
core   0: 1 0x000000008000519a (0x0009d99b) x19 0xffffffffc1f67018
core   0: 0x000000008000519e (0x000099da) c.add   s3, s6
core   0: 1 0x000000008000519e (0x99da) x19 0xffffffffc1f67017
core   0: 0x00000000800051a0 (0xc030fcd3) fcvt.lu.s s9, ft1
core   0: 1 0x00000000800051a0 (0xc030fcd3) c1_fflags 0x0000000000000011 x25 0xffffffffffffffff
core   0: 0x00000000800051a4 (0x017bfd33) and     s10, s7, s7
core   0: 1 0x00000000800051a4 (0x017bfd33) x26 0x0000000014ab7000
core   0: 0x00000000800051a8 (0xb32cf94f) fnmadd.d fs2, fs9, fs2, fs6
core   0: 1 0x00000000800051a8 (0xb32cf94f) f18 0x7ff8000000000000
core   0: 0x00000000800051ac (0xcfec8c1b) addiw   s8, s9, -770
core   0: 1 0x00000000800051ac (0xcfec8c1b) x24 0xfffffffffffffcfd
core   0: 0x00000000800051b0 (0xd021f653) fcvt.s.l fa2, gp
core   0: 1 0x00000000800051b0 (0xd021f653) f12 0xffffffff00000000
core   0: 0x00000000800051b4 (0x001696f3) csrrw   a3, fflags, a3
core   0: 1 0x00000000800051b4 (0x001696f3) x13 0x0000000000000011 c1_fflags 0x0000000000000000
core   0: 0x00000000800051b8 (0x41a60eb3) sub     t4, a2, s10
core   0: 1 0x00000000800051b8 (0x41a60eb3) x29 0xffffffffeb549001
core   0: 0x00000000800051bc (0x1bfaf8d3) fdiv.d  fa7, fs5, ft11
core   0: 1 0x00000000800051bc (0x1bfaf8d3) f17 0x7ff8000000000000
core   0: 0x00000000800051c0 (0x40e3dcb3) sra     s9, t2, a4
core   0: 1 0x00000000800051c0 (0x40e3dcb3) x25 0x0000000000000001
core   0: 0x00000000800051c4 (0xd2070453) fcvt.d.w fs0, a4
core   0: 1 0x00000000800051c4 (0xd2070453) f8  0x0000000000000000
core   0: 0x00000000800051c8 (0x026ed33b) divuw   t1, t4, t1
core   0: 1 0x00000000800051c8 (0x026ed33b) x6  0x0000000000000001
core   0: 0x00000000800051cc (0xe2080cd3) fmv.x.d s9, fa6
core   0: 1 0x00000000800051cc (0xe2080cd3) x25 0x7ff8000000000000
core   0: 0x00000000800051d0 (0x401cda13) srai    s4, s9, 1
core   0: 1 0x00000000800051d0 (0x401cda13) x20 0x3ffc000000000000
core   0: 0x00000000800051d4 (0x001711f3) csrrw   gp, fflags, a4
core   0: 1 0x00000000800051d4 (0x001711f3) x3  0x0000000000000000 c1_fflags 0x0000000000000000
core   0: 0x00000000800051d8 (0x02b0583b) divuw   a6, zero, a1
core   0: 1 0x00000000800051d8 (0x02b0583b) x16 0x0000000000000000
core   0: 0x00000000800051dc (0x420f83d3) fcvt.d.s ft7, ft11
core   0: 1 0x00000000800051dc (0x420f83d3) f7  0x7ff8000000000000
core   0: 0x00000000800051e0 (0x1448aa73) csrrs   s4, sip, a7
core   0: 1 0x00000000800051e0 (0x1448aa73) x20 0x0000000000000000 c836_mip 0x0000000000000080
core   0: 0x00000000800051e4 (0xd20e06d3) fcvt.d.w fa3, t3
core   0: 1 0x00000000800051e4 (0xd20e06d3) f13 0xc1c77a9000000000
core   0: 0x00000000800051e8 (0xf2000dd3) fmv.d.x fs11, zero
core   0: 1 0x00000000800051e8 (0xf2000dd3) f27 0x0000000000000000
core   0: 0x00000000800051ec (0x22242553) fsgnjx.d fa0, fs0, ft2
core   0: 1 0x00000000800051ec (0x22242553) f10 0x8000000000000000
core   0: 0x00000000800051f0 (0x0174833b) addw    t1, s1, s7
core   0: 1 0x00000000800051f0 (0x0174833b) x6  0x0000000014ab7d08
core   0: 0x00000000800051f4 (0x037d9ab3) mulh    s5, s11, s7
core   0: 1 0x00000000800051f4 (0x037d9ab3) x21 0x0000000000000000
core   0: 0x00000000800051f8 (0x40fbdd33) sra     s10, s7, a5
core   0: 1 0x00000000800051f8 (0x40fbdd33) x26 0x000000000014ab70
core   0: 0x00000000800051fc (0xc02bfa53) fcvt.l.s s4, fs7
core   0: 1 0x00000000800051fc (0xc02bfa53) c1_fflags 0x0000000000000010 x20 0x7fffffffffffffff
core   0: 0x0000000080005200 (0x00a48dbb) addw    s11, s1, a0
core   0: 1 0x0000000080005200 (0x00a48dbb) x27 0x0000000000000d08
core   0: 0x0000000080005204 (0x01bdab33) slt     s6, s11, s11
core   0: 1 0x0000000080005204 (0x01bdab33) x22 0x0000000000000000
core   0: 0x0000000080005208 (0x41b884bb) subw    s1, a7, s11
core   0: 1 0x0000000080005208 (0x41b884bb) x9  0xffffffffffffef93
core   0: 0x000000008000520c (0x40815bbb) sraw    s7, sp, s0
core   0: 1 0x000000008000520c (0x40815bbb) x23 0x0000000000000000
core   0: 0x0000000080005210 (0x02abe7b3) rem     a5, s7, a0
core   0: 1 0x0000000080005210 (0x02abe7b3) x15 0x0000000000000000
core   0: 0x0000000080005214 (0x00008da2) c.mv    s11, s0
core   0: 1 0x0000000080005214 (0x8da2) x27 0xffffffffffffffff
core   0: 0x0000000080005216 (0x0ff0000f) fence   iorw,iorw
core   0: 1 0x0000000080005216 (0x0ff0000f)
core   0: 0x000000008000521a (0x41785cbb) sraw    s9, a6, s7
core   0: 1 0x000000008000521a (0x41785cbb) x25 0x0000000000000000
core   0: 0x000000008000521e (0xc02dfa53) fcvt.l.s s4, fs11
core   0: 1 0x000000008000521e (0xc02dfa53) c1_fflags 0x0000000000000010 x20 0x7fffffffffffffff
core   0: 0x0000000080005222 (0xc15cc993) xori    s3, s9, -1003
core   0: 1 0x0000000080005222 (0xc15cc993) x19 0xfffffffffffffc15
core   0: 0x0000000080005226 (0xf8ac7893) andi    a7, s8, -118
core   0: 1 0x0000000080005226 (0xf8ac7893) x17 0xfffffffffffffc88
core   0: 0x000000008000522a (0x00000001) c.nop
core   0: 1 0x000000008000522a (0x0001)
core   0: 0x000000008000522c (0x51d22db7) lui     s11, 0x51d22
core   0: 1 0x000000008000522c (0x51d22db7) x27 0x0000000051d22000
core   0: 0x0000000080005230 (0x0009939b) slliw   t2, s3, 0
core   0: 1 0x0000000080005230 (0x0009939b) x7  0xfffffffffffffc15
core   0: 0x0000000080005234 (0x0a8cfd53) fsub.d  fs10, fs9, fs0
core   0: 1 0x0000000080005234 (0x0a8cfd53) f26 0x7ff8000000000000
core   0: 0x0000000080005238 (0x1b88fb53) fdiv.d  fs6, fa7, fs8
core   0: 1 0x0000000080005238 (0x1b88fb53) f22 0x7ff8000000000000
core   0: 0x000000008000523c (0x0ff0000f) fence   iorw,iorw
core   0: 1 0x000000008000523c (0x0ff0000f)
core   0: 0x0000000080005240 (0x306feef3) csrrsi  t4, mcounteren, 31
core   0: exception trap_illegal_instruction, epc 0x0000000080005240
core   0:           tval 0x00000000306feef3
core   0: >>>>  $xrv64i2p1_m2p0_a2p1_f2p2_d2p2_zicsr2p0_zifencei2p0_zmmul1p0_zba1p0_zbb1p0_zbc1p0_zbs1p0
core   0: 0x0000000080004000 (0x0080006f) j       pc + 0x8
core   0: 3 0x0000000080004000 (0x0080006f)
core   0: >>>>  mmode_exception_handler
core   0: 0x0000000080004008 (0x00002c17) auipc   s8, 0x2
core   0: 3 0x0000000080004008 (0x00002c17) x24 0x0000000080006008
core   0: 0x000000008000400c (0x088c0c13) addi    s8, s8, 136
core   0: 3 0x000000008000400c (0x088c0c13) x24 0x0000000080006090
core   0: 0x0000000080004010 (0x000c00e7) jalr    s8
core   0: 3 0x0000000080004010 (0x000c00e7) x1  0x0000000080004014
core   0: >>>>  any_handler
core   0: 0x0000000080006090 (0x341027f3) csrrs   a5, mepc, zero
core   0: 3 0x0000000080006090 (0x341027f3) x15 0x0000000080005240
core   0: 0x0000000080006094 (0x34202773) csrrs   a4, mcause, zero
core   0: 3 0x0000000080006094 (0x34202773) x14 0x0000000000000002
core   0: 0x0000000080006098 (0x142026f3) csrrs   a3, scause, zero
core   0: 3 0x0000000080006098 (0x142026f3) x13 0x0000000000000000
core   0: 0x000000008000609c (0x30402673) csrrs   a2, mie, zero
core   0: 3 0x000000008000609c (0x30402673) x12 0x0000000000000a00
core   0: 0x00000000800060a0 (0x344025f3) csrrs   a1, mip, zero
core   0: 3 0x00000000800060a0 (0x344025f3) x11 0x0000000000000080
core   0: 0x00000000800060a4 (0x343025f3) csrrs   a1, mtval, zero
core   0: 3 0x00000000800060a4 (0x343025f3) x11 0x00000000306feef3
core   0: 0x00000000800060a8 (0x14302573) csrrs   a0, stval, zero
core   0: 3 0x00000000800060a8 (0x14302573) x10 0x0000000000000000
core   0: 0x00000000800060ac (0xb02024f3) csrrs   s1, minstret, zero
core   0: 3 0x00000000800060ac (0xb02024f3) x9  0x0000000000000d78
core   0: 0x00000000800060b0 (0x0000a811) c.j     pc + 20
core   0: 3 0x00000000800060b0 (0xa811)
core   0: >>>>  mepc_4
core   0: 0x00000000800060c4 (0x00000791) c.addi  a5, 4
core   0: 3 0x00000000800060c4 (0x0791) x15 0x0000000080005244
core   0: 0x00000000800060c6 (0x34179073) csrrw   zero, mepc, a5
core   0: 3 0x00000000800060c6 (0x34179073) c833_mepc 0x0000000080005244
core   0: 0x00000000800060ca (0x30200073) mret
core   0: 3 0x00000000800060ca (0x30200073) c768_mstatus 0x8000000a00106080
core   0: 0x0000000080005244 (0xc02c76d3) fcvt.l.s a3, fs8
core   0: 1 0x0000000080005244 (0xc02c76d3) c1_fflags 0x0000000000000010 x13 0x7fffffffffffffff
core   0: 0x0000000080005248 (0x01d191bb) sllw    gp, gp, t4
core   0: 1 0x0000000080005248 (0x01d191bb) x3  0x0000000000000000
core   0: 0x000000008000524c (0xd1361637) lui     a2, 0xd1361
core   0: 1 0x000000008000524c (0xd1361637) x12 0xffffffffd1361000
core   0: 0x0000000080005250 (0x0030003b) addw    zero, zero, gp
core   0: 1 0x0000000080005250 (0x0030003b)
core   0: 0x0000000080005254 (0x42030253) fcvt.d.s ft4, ft6
core   0: 1 0x0000000080005254 (0x42030253) f4  0x7ff8000000000000
core   0: 0x0000000080005258 (0xc031f553) fcvt.lu.s a0, ft3
core   0: 1 0x0000000080005258 (0xc031f553) c1_fflags 0x0000000000000010 x10 0xffffffffffffffff
core   0: 0x000000008000525c (0x00a0c0b3) xor     ra, ra, a0
core   0: 1 0x000000008000525c (0x00a0c0b3) x1  0xffffffff7fffbfeb
core   0: 0x0000000080005260 (0x40117153) fcvt.s.d ft2, ft2
core   0: 1 0x0000000080005260 (0x40117153) f2  0xffffffffc5015000
core   0: 0x0000000080005264 (0x41b8003b) subw    zero, a6, s11
core   0: 1 0x0000000080005264 (0x41b8003b)
core   0: 0x0000000080005268 (0x2bac82d3) fmin.d  ft5, fs9, fs10
core   0: 1 0x0000000080005268 (0x2bac82d3) f5  0x7ff8000000000000
core   0: 0x000000008000526c (0x4002de13) srai    t3, t0, 0
core   0: 1 0x000000008000526c (0x4002de13) x28 0x0000000000000000
core   0: 0x0000000080005270 (0xab0afecf) fnmadd.d ft9, fs5, fa6, fs5
core   0: 1 0x0000000080005270 (0xab0afecf) f29 0x7ff8000000000000
core   0: 0x0000000080005274 (0x0393c03b) divw    zero, t2, s9
core   0: 1 0x0000000080005274 (0x0393c03b)
core   0: 0x0000000080005278 (0x42058953) fcvt.d.s fs2, fa1
core   0: 1 0x0000000080005278 (0x42058953) f18 0x7ff8000000000000
core   0: 0x000000008000527c (0x035a9ab3) mulh    s5, s5, s5
core   0: 1 0x000000008000527c (0x035a9ab3) x21 0x0000000000000000
core   0: 0x0000000080005280 (0x0280f0b3) remu    ra, ra, s0
core   0: 1 0x0000000080005280 (0x0280f0b3) x1  0xffffffff7fffbfeb
core   0: 0x0000000080005284 (0x00000001) c.nop
core   0: 1 0x0000000080005284 (0x0001)
core   0: 0x0000000080005286 (0x3d060b93) addi    s7, a2, 976
core   0: 1 0x0000000080005286 (0x3d060b93) x23 0xffffffffd13613d0
core   0: 0x000000008000528a (0x01a8b7b3) sltu    a5, a7, s10
core   0: 1 0x000000008000528a (0x01a8b7b3) x15 0x0000000000000000
core   0: 0x000000008000528e (0x2ae591d3) fmax.d  ft3, fa1, fa4
core   0: 1 0x000000008000528e (0x2ae591d3) f3  0x7ff8000000000000
core   0: 0x0000000080005292 (0x037bb5b3) mulhu   a1, s7, s7
core   0: 1 0x0000000080005292 (0x037bb5b3) x11 0xffffffffa26c27a0
core   0: 0x0000000080005296 (0xd024ffd3) fcvt.s.l ft11, s1
core   0: 1 0x0000000080005296 (0xd024ffd3) f31 0xffffffff45578000
core   0: 0x000000008000529a (0x0349a2b3) mulhsu  t0, s3, s4
core   0: 1 0x000000008000529a (0x0349a2b3) x5  0xfffffffffffffe0a
core   0: 0x000000008000529e (0xcaa98093) addi    ra, s3, -854
core   0: 1 0x000000008000529e (0xcaa98093) x1  0xfffffffffffff8bf
core   0: 0x00000000800052a2 (0x013a1d9b) slliw   s11, s4, 19
core   0: 1 0x00000000800052a2 (0x013a1d9b) x27 0xfffffffffff80000
core   0: 0x00000000800052a6 (0x03bc5c3b) divuw   s8, s8, s11
core   0: 1 0x00000000800052a6 (0x03bc5c3b) x24 0x0000000000000000
core   0: 0x00000000800052aa (0x2ae292d3) fmax.d  ft5, ft5, fa4
core   0: 1 0x00000000800052aa (0x2ae292d3) f5  0x7ff8000000000000
core   0: 0x00000000800052ae (0xd20d8bd3) fcvt.d.w fs7, s11
core   0: 1 0x00000000800052ae (0xd20d8bd3) f23 0xc120000000000000
core   0: 0x00000000800052b2 (0xd23ef3d3) fcvt.d.lu ft7, t4
core   0: 1 0x00000000800052b2 (0xd23ef3d3) c1_fflags 0x0000000000000011 f7  0x43effffffffd6a92
core   0: 0x00000000800052b6 (0x000bde93) srli    t4, s7, 0
core   0: 1 0x00000000800052b6 (0x000bde93) x29 0xffffffffd13613d0
core   0: 0x00000000800052ba (0x2a528853) fmin.d  fa6, ft5, ft5
core   0: 1 0x00000000800052ba (0x2a528853) f16 0x7ff8000000000000
core   0: 0x00000000800052be (0x0317ccbb) divw    s9, a5, a7
core   0: 1 0x00000000800052be (0x0317ccbb) x25 0x0000000000000000
core   0: 0x00000000800052c2 (0x800cc313) xori    t1, s9, -2048
core   0: 1 0x00000000800052c2 (0x800cc313) x6  0xfffffffffffff800
core   0: 0x00000000800052c6 (0x4010f5d3) fcvt.s.d fa1, ft1
core   0: 1 0x00000000800052c6 (0x4010f5d3) f11 0xffffffff7fc00000
core   0: 0x00000000800052ca (0x000091f2) c.add   gp, t3
core   0: 1 0x00000000800052ca (0x91f2) x3  0x0000000000000000
core   0: 0x00000000800052cc (0xc3c3734f) fnmadd.d ft6, ft6, ft8, fs8
core   0: 1 0x00000000800052cc (0xc3c3734f) f6  0x7ff8000000000000
core   0: 0x00000000800052d0 (0x00202df3) csrrs   s11, frm, zero
core   0: 1 0x00000000800052d0 (0x00202df3) x27 0x0000000000000004
core   0: 0x00000000800052d4 (0x01101bb3) sll     s7, zero, a7
core   0: 1 0x00000000800052d4 (0x01101bb3) x23 0x0000000000000000
core   0: 0x00000000800052d8 (0xd2020ad3) fcvt.d.w fs5, tp
core   0: 1 0x00000000800052d8 (0xd2020ad3) f21 0x0000000000000000
core   0: 0x00000000800052dc (0x6a81839b) addiw   t2, gp, 1704
core   0: 1 0x00000000800052dc (0x6a81839b) x7  0x00000000000006a8
core   0: 0x00000000800052e0 (0x013191b3) sll     gp, gp, s3
core   0: 1 0x00000000800052e0 (0x013191b3) x3  0x0000000000000000
core   0: 0x00000000800052e4 (0x0225713b) remuw   sp, a0, sp
core   0: 1 0x00000000800052e4 (0x0225713b) x2  0xffffffffffffffff
core   0: 0x00000000800052e8 (0x84b16d93) ori     s11, sp, -1973
core   0: 1 0x00000000800052e8 (0x84b16d93) x27 0xffffffffffffffff
core   0: 0x00000000800052ec (0xec53e493) ori     s1, t2, -315
core   0: 1 0x00000000800052ec (0xec53e493) x9  0xfffffffffffffeed
core   0: 0x00000000800052f0 (0x03c26733) rem     a4, tp, t3
core   0: 1 0x00000000800052f0 (0x03c26733) x14 0x0000000000000000
core   0: 0x00000000800052f4 (0x02c9d993) srli    s3, s3, 44
core   0: 1 0x00000000800052f4 (0x02c9d993) x19 0x00000000000fffff
core   0: 0x00000000800052f8 (0x0009d493) srli    s1, s3, 0
core   0: 1 0x00000000800052f8 (0x0009d493) x9  0x00000000000fffff
core   0: 0x00000000800052fc (0x01d4d9bb) srlw    s3, s1, t4
core   0: 1 0x00000000800052fc (0x01d4d9bb) x19 0x000000000000000f
core   0: 0x0000000080005300 (0x00dc8a33) add     s4, s9, a3
core   0: 1 0x0000000080005300 (0x00dc8a33) x20 0x7fffffffffffffff
core   0: 0x0000000080005304 (0x03832a33) mulhsu  s4, t1, s8
core   0: 1 0x0000000080005304 (0x03832a33) x20 0x0000000000000000
core   0: 0x0000000080005308 (0xd030f553) fcvt.s.lu fa0, ra
core   0: 1 0x0000000080005308 (0xd030f553) c1_fflags 0x0000000000000011 f10 0xffffffff5f800000
core   0: 0x000000008000530c (0x23af8a53) fsgnj.d fs4, ft11, fs10
core   0: 1 0x000000008000530c (0x23af8a53) f20 0x7fffffff45578000
core   0: 0x0000000080005310 (0x021987b3) mul     a5, s3, ra
core   0: 1 0x0000000080005310 (0x021987b3) x15 0xffffffffffff9331
core   0: 0x0000000080005314 (0x03242333) mulhsu  t1, s0, s2
core   0: 1 0x0000000080005314 (0x03242333) x6  0x0000000000000000
core   0: 0x0000000080005318 (0x22e88053) fsgnj.d ft0, fa7, fa4
core   0: 1 0x0000000080005318 (0x22e88053) f0  0x7ff8000000000000
core   0: 0x000000008000531c (0x40f186b3) sub     a3, gp, a5
core   0: 1 0x000000008000531c (0x40f186b3) x13 0x0000000000006ccf
core   0: 0x0000000080005320 (0xa3f72d53) feq.d   s10, fa4, ft11
core   0: 1 0x0000000080005320 (0xa3f72d53) x26 0x0000000000000000
core   0: 0x0000000080005324 (0x0237843b) mulw    s0, a5, gp
core   0: 1 0x0000000080005324 (0x0237843b) x8  0x0000000000000000
core   0: 0x0000000080005328 (0x00041713) slli    a4, s0, 0
core   0: 1 0x0000000080005328 (0x00041713) x14 0x0000000000000000
core   0: 0x000000008000532c (0x23410353) fsgnj.d ft6, ft2, fs4
core   0: 1 0x000000008000532c (0x23410353) f6  0x7fffffffc5015000
core   0: 0x0000000080005330 (0xc20ff7d3) fcvt.w.d a5, ft11
core   0: 1 0x0000000080005330 (0xc20ff7d3) c1_fflags 0x0000000000000011 x15 0x000000007fffffff
core   0: 0x0000000080005334 (0xc02ff0d3) fcvt.l.s ra, ft11
core   0: 1 0x0000000080005334 (0xc02ff0d3) x1  0x0000000000000d78
core   0: 0x0000000080005338 (0xa3437e47) fmsub.d ft8, ft6, fs4, fs4
core   0: 1 0x0000000080005338 (0xa3437e47) f28 0x7ff8000000000000
core   0: 0x000000008000533c (0x00d012b3) sll     t0, zero, a3
core   0: 1 0x000000008000533c (0x00d012b3) x5  0x0000000000000000
core   0: 0x0000000080005340 (0x00e48cb3) add     s9, s1, a4
core   0: 1 0x0000000080005340 (0x00e48cb3) x25 0x00000000000fffff
core   0: 0x0000000080005344 (0x40520d33) sub     s10, tp, t0
core   0: 1 0x0000000080005344 (0x40520d33) x26 0x0000000000000000
core   0: 0x0000000080005348 (0x00000001) c.nop
core   0: 1 0x0000000080005348 (0x0001)
core   0: 0x000000008000534a (0x037c9593) slli    a1, s9, 55
core   0: 1 0x000000008000534a (0x037c9593) x11 0xff80000000000000
core   0: 0x000000008000534e (0x40b98dbb) subw    s11, s3, a1
core   0: 1 0x000000008000534e (0x40b98dbb) x27 0x000000000000000f
core   0: 0x0000000080005352 (0x5a0f78d3) fsqrt.d fa7, ft10
core   0: 1 0x0000000080005352 (0x5a0f78d3) f17 0x7ff8000000000000
core   0: 0x0000000080005356 (0xc2d1794f) fnmadd.d fs2, ft2, fa3, fs8
core   0: 1 0x0000000080005356 (0xc2d1794f) f18 0x7ff8000000000000
core   0: 0x000000008000535a (0x00000001) c.nop
core   0: 1 0x000000008000535a (0x0001)
core   0: 0x000000008000535c (0xc236f7d3) fcvt.lu.d a5, fa3
core   0: 1 0x000000008000535c (0xc236f7d3) c1_fflags 0x0000000000000011 x15 0x0000000000000000
core   0: 0x0000000080005360 (0x00191973) csrrw   s2, fflags, s2
core   0: 1 0x0000000080005360 (0x00191973) x18 0x0000000000000011 c1_fflags 0x0000000000000000
core   0: 0x0000000080005364 (0x0ff0000f) fence   iorw,iorw
core   0: 1 0x0000000080005364 (0x0ff0000f)
core   0: 0x0000000080005368 (0xd067861b) addiw   a2, a5, -762
core   0: 1 0x0000000080005368 (0xd067861b) x12 0xfffffffffffffd06
core   0: 0x000000008000536c (0x237a1a53) fsgnjn.d fs4, fs4, fs7
core   0: 1 0x000000008000536c (0x237a1a53) f20 0x7fffffff45578000
core   0: 0x0000000080005370 (0x012156bb) srlw    a3, sp, s2
core   0: 1 0x0000000080005370 (0x012156bb) x13 0x0000000000007fff
core   0: 0x0000000080005374 (0x420d01d3) fcvt.d.s ft3, fs10
core   0: 1 0x0000000080005374 (0x420d01d3) f3  0x7ff8000000000000
core   0: 0x0000000080005378 (0x36ebb997) auipc   s3, 0x36ebb
core   0: 1 0x0000000080005378 (0x36ebb997) x19 0x00000000b6ec0378
core   0: 0x000000008000537c (0x41f6539b) sraiw   t2, a2, 31
core   0: 1 0x000000008000537c (0x41f6539b) x7  0xffffffffffffffff
core   0: 0x0000000080005380 (0x03137753) fadd.d  fa4, ft6, fa7
core   0: 1 0x0000000080005380 (0x03137753) f14 0x7ff8000000000000
core   0: 0x0000000080005384 (0x0000918e) c.add   gp, gp
core   0: 1 0x0000000080005384 (0x918e) x3  0x0000000000000000
core   0: 0x0000000080005386 (0x8711881b) addiw   a6, gp, -1935
core   0: 1 0x0000000080005386 (0x8711881b) x16 0xfffffffffffff871
core   0: 0x000000008000538a (0x00d9de3b) srlw    t3, s3, a3
core   0: 1 0x000000008000538a (0x00d9de3b) x28 0x0000000000000001
core   0: 0x000000008000538e (0x5a077453) fsqrt.d fs0, fa4
core   0: 1 0x000000008000538e (0x5a077453) f8  0x7ff8000000000000
core   0: 0x0000000080005392 (0x23338053) fsgnj.d ft0, ft7, fs3
core   0: 1 0x0000000080005392 (0x23338053) f0  0x43effffffffd6a92
core   0: 0x0000000080005396 (0x2269a353) fsgnjx.d ft6, fs3, ft6
core   0: 1 0x0000000080005396 (0x2269a353) f6  0x7ff8000000000000
core   0: 0x000000008000539a (0x00000001) c.nop
core   0: 1 0x000000008000539a (0x0001)
core   0: 0x000000008000539c (0xf2080853) fmv.d.x fa6, a6
core   0: 1 0x000000008000539c (0xf2080853) f16 0xfffffffffffff871
core   0: 0x00000000800053a0 (0x40720233) sub     tp, tp, t2
core   0: 1 0x00000000800053a0 (0x40720233) x4  0x0000000000000001
core   0: 0x00000000800053a4 (0x13587d53) fmul.d  fs10, fa6, fs5
core   0: 1 0x00000000800053a4 (0x13587d53) f26 0x7ff8000000000000
core   0: 0x00000000800053a8 (0xc2027553) fcvt.w.d a0, ft4
core   0: 1 0x00000000800053a8 (0xc2027553) c1_fflags 0x0000000000000010 x10 0x000000007fffffff
core   0: 0x00000000800053ac (0x0328c93b) divw    s2, a7, s2
core   0: 1 0x00000000800053ac (0x0328c93b) x18 0xffffffffffffffcc
core   0: 0x00000000800053b0 (0x00000001) c.nop
core   0: 1 0x00000000800053b0 (0x0001)
core   0: 0x00000000800053b2 (0x0001d19b) srliw   gp, gp, 0
core   0: 1 0x00000000800053b2 (0x0001d19b) x3  0x0000000000000000
core   0: 0x00000000800053b6 (0x00191373) csrrw   t1, fflags, s2
core   0: 1 0x00000000800053b6 (0x00191373) x6  0x0000000000000010 c1_fflags 0x000000000000000c
core   0: 0x00000000800053ba (0x0291e4b3) rem     s1, gp, s1
core   0: 1 0x00000000800053ba (0x0291e4b3) x9  0x0000000000000000
core   0: 0x00000000800053be (0xa2480853) fle.d   a6, fa6, ft4
core   0: 1 0x00000000800053be (0xa2480853) c1_fflags 0x000000000000001c x16 0x0000000000000000
core   0: 0x00000000800053c2 (0x01981cbb) sllw    s9, a6, s9
core   0: 1 0x00000000800053c2 (0x01981cbb) x25 0x0000000000000000
core   0: 0x00000000800053c6 (0x002020f3) csrrs   ra, frm, zero
core   0: 1 0x00000000800053c6 (0x002020f3) x1  0x0000000000000004
core   0: 0x00000000800053ca (0x10633073) csrrc   zero, scounteren, t1
core   0: 1 0x00000000800053ca (0x10633073) c262_scounteren 0x0000000000000000
core   0: 0x00000000800053ce (0x2b0819d3) fmax.d  fs3, fa6, fa6
core   0: 1 0x00000000800053ce (0x2b0819d3) f19 0x7ff8000000000000
core   0: 0x00000000800053d2 (0xc22274d3) fcvt.l.d s1, ft4
core   0: 1 0x00000000800053d2 (0xc22274d3) c1_fflags 0x000000000000001c x9  0x7fffffffffffffff
core   0: 0x00000000800053d6 (0x012acd33) xor     s10, s5, s2
core   0: 1 0x00000000800053d6 (0x012acd33) x26 0xffffffffffffffcc
core   0: 0x00000000800053da (0x849d8d93) addi    s11, s11, -1975
core   0: 1 0x00000000800053da (0x849d8d93) x27 0xfffffffffffff858
core   0: 0x00000000800053de (0x01ad22b3) slt     t0, s10, s10
core   0: 1 0x00000000800053de (0x01ad22b3) x5  0x0000000000000000
core   0: 0x00000000800053e2 (0x039c5b3b) divuw   s6, s8, s9
core   0: 1 0x00000000800053e2 (0x039c5b3b) x22 0xffffffffffffffff
core   0: 0x00000000800053e6 (0x010bfc33) and     s8, s7, a6
core   0: 1 0x00000000800053e6 (0x010bfc33) x24 0x0000000000000000
core   0: 0x00000000800053ea (0x001294f3) csrrw   s1, fflags, t0
core   0: 1 0x00000000800053ea (0x001294f3) x9  0x000000000000001c c1_fflags 0x0000000000000000
core   0: 0x00000000800053ee (0x00001ce6) c.slli  s9, 57
core   0: 1 0x00000000800053ee (0x1ce6) x25 0x0000000000000000
core   0: 0x00000000800053f0 (0xe20502d3) fmv.x.d t0, fa0
core   0: 1 0x00000000800053f0 (0xe20502d3) x5  0xffffffff5f800000
core   0: 0x00000000800053f4 (0xc039fe53) fcvt.lu.s t3, fs3
core   0: 1 0x00000000800053f4 (0xc039fe53) c1_fflags 0x0000000000000010 x28 0xffffffffffffffff
core   0: 0x00000000800053f8 (0x03be4933) div     s2, t3, s11
core   0: 1 0x00000000800053f8 (0x03be4933) x18 0x0000000000000000
core   0: 0x00000000800053fc (0x033a8ab3) mul     s5, s5, s3
core   0: 1 0x00000000800053fc (0x033a8ab3) x21 0x0000000000000000
core   0: 0x0000000080005400 (0x40d38e33) sub     t3, t2, a3
core   0: 1 0x0000000080005400 (0x40d38e33) x28 0xffffffffffff8000
core   0: 0x0000000080005404 (0xf2098753) fmv.d.x fa4, s3
core   0: 1 0x0000000080005404 (0xf2098753) f14 0x00000000b6ec0378
core   0: 0x0000000080005408 (0xd03275d3) fcvt.s.lu fa1, tp
core   0: 1 0x0000000080005408 (0xd03275d3) f11 0xffffffff3f800000
core   0: 0x000000008000540c (0xc2037e53) fcvt.w.d t3, ft6
core   0: 1 0x000000008000540c (0xc2037e53) c1_fflags 0x0000000000000010 x28 0x000000007fffffff
core   0: 0x0000000080005410 (0x021d82b3) mul     t0, s11, ra
core   0: 1 0x0000000080005410 (0x021d82b3) x5  0xffffffffffffe160
core   0: 0x0000000080005414 (0x00202d73) csrrs   s10, frm, zero
core   0: 1 0x0000000080005414 (0x00202d73) x26 0x0000000000000004
core   0: 0x0000000080005418 (0x3ca1e713) ori     a4, gp, 970
core   0: 1 0x0000000080005418 (0x3ca1e713) x14 0x00000000000003ca
core   0: 0x000000008000541c (0x8007e213) ori     tp, a5, -2048
core   0: 1 0x000000008000541c (0x8007e213) x4  0xfffffffffffff800
core   0: 0x0000000080005420 (0xd037f6d3) fcvt.s.lu fa3, a5
core   0: 1 0x0000000080005420 (0xd037f6d3) f13 0xffffffff00000000
core   0: 0x0000000080005424 (0x0ff0000f) fence   iorw,iorw
core   0: 1 0x0000000080005424 (0x0ff0000f)
core   0: 0x0000000080005428 (0x03018e33) mul     t3, gp, a6
core   0: 1 0x0000000080005428 (0x03018e33) x28 0x0000000000000000
core   0: 0x000000008000542c (0x2a0d8ad3) fmin.d  fs5, fs11, ft0
core   0: 1 0x000000008000542c (0x2a0d8ad3) f21 0x0000000000000000
core   0: 0x0000000080005430 (0x0182d29b) srliw   t0, t0, 24
core   0: 1 0x0000000080005430 (0x0182d29b) x5  0x00000000000000ff
core   0: 0x0000000080005434 (0xd023fe53) fcvt.s.l ft8, t2
core   0: 1 0x0000000080005434 (0xd023fe53) f28 0xffffffffbf800000
core   0: 0x0000000080005438 (0x03c45913) srli    s2, s0, 60
core   0: 1 0x0000000080005438 (0x03c45913) x18 0x0000000000000000
core   0: 0x000000008000543c (0x01004033) xor     zero, zero, a6
core   0: 1 0x000000008000543c (0x01004033)
core   0: 0x0000000080005440 (0x02563cb3) mulhu   s9, a2, t0
core   0: 1 0x0000000080005440 (0x02563cb3) x25 0x00000000000000fe
core   0: 0x0000000080005444 (0xc20076d3) fcvt.w.d a3, ft0
core   0: 1 0x0000000080005444 (0xc20076d3) c1_fflags 0x0000000000000010 x13 0x000000007fffffff
core   0: 0x0000000080005448 (0x001cdd13) srli    s10, s9, 1
core   0: 1 0x0000000080005448 (0x001cdd13) x26 0x000000000000007f
core   0: 0x000000008000544c (0x002a9af3) csrrw   s5, frm, s5
core   0: 1 0x000000008000544c (0x002a9af3) x21 0x0000000000000004 c2_frm 0x0000000000000000
core   0: 0x0000000080005450 (0xd2257c53) fcvt.d.l fs8, a0
core   0: 1 0x0000000080005450 (0xd2257c53) f24 0x41dfffffffc00000
core   0: 0x0000000080005454 (0x8d85eeb7) lui     t4, 0x8d85e
core   0: 1 0x0000000080005454 (0x8d85eeb7) x29 0xffffffff8d85e000
core   0: 0x0000000080005458 (0x7ffe039b) addiw   t2, t3, 2047
core   0: 1 0x0000000080005458 (0x7ffe039b) x7  0x00000000000007ff
core   0: 0x000000008000545c (0x0183a2b3) slt     t0, t2, s8
core   0: 1 0x000000008000545c (0x0183a2b3) x5  0x0000000000000000
core   0: 0x0000000080005460 (0xcb05059b) addiw   a1, a0, -848
core   0: 1 0x0000000080005460 (0xcb05059b) x11 0x000000007ffffcaf
core   0: 0x0000000080005464 (0x0010101b) slliw   zero, zero, 1
core   0: 1 0x0000000080005464 (0x0010101b)
core   0: 0x0000000080005468 (0xbeed7813) andi    a6, s10, -1042
core   0: 1 0x0000000080005468 (0xbeed7813) x16 0x000000000000006e
core   0: 0x000000008000546c (0x415580b3) sub     ra, a1, s5
core   0: 1 0x000000008000546c (0x415580b3) x1  0x000000007ffffcab
core   0: 0x0000000080005470 (0x0000561b) srliw   a2, zero, 0
core   0: 1 0x0000000080005470 (0x0000561b) x12 0x0000000000000000
core   0: 0x0000000080005474 (0x01fe929b) slliw   t0, t4, 31
core   0: 1 0x0000000080005474 (0x01fe929b) x5  0x0000000000000000
core   0: 0x0000000080005478 (0x00eec233) xor     tp, t4, a4
core   0: 1 0x0000000080005478 (0x00eec233) x4  0xffffffff8d85e3ca
core   0: 0x000000008000547c (0x03c8f8d3) fadd.d  fa7, fa7, ft8
core   0: 1 0x000000008000547c (0x03c8f8d3) f17 0x7ff8000000000000
core   0: 0x0000000080005480 (0x0ff0000f) fence   iorw,iorw
core   0: 1 0x0000000080005480 (0x0ff0000f)
core   0: 0x0000000080005484 (0x01216133) or      sp, sp, s2
core   0: 1 0x0000000080005484 (0x01216133) x2  0xffffffffffffffff
core   0: 0x0000000080005488 (0x01f39e9b) slliw   t4, t2, 31
core   0: 1 0x0000000080005488 (0x01f39e9b) x29 0xffffffff80000000
core   0: 0x000000008000548c (0x03dbd53b) divuw   a0, s7, t4
core   0: 1 0x000000008000548c (0x03dbd53b) x10 0x0000000000000000
core   0: 0x0000000080005490 (0x7ff7ec13) ori     s8, a5, 2047
core   0: 1 0x0000000080005490 (0x7ff7ec13) x24 0x00000000000007ff
core   0: 0x0000000080005494 (0x41ae0ebb) subw    t4, t3, s10
core   0: 1 0x0000000080005494 (0x41ae0ebb) x29 0xffffffffffffff81
core   0: 0x0000000080005498 (0x0b38f753) fsub.d  fa4, fa7, fs3
core   0: 1 0x0000000080005498 (0x0b38f753) f14 0x7ff8000000000000
core   0: 0x000000008000549c (0x002c1973) csrrw   s2, frm, s8
core   0: 1 0x000000008000549c (0x002c1973) x18 0x0000000000000000 c2_frm 0x0000000000000007
core   0: 0x00000000800054a0 (0x663e869b) addiw   a3, t4, 1635
core   0: 1 0x00000000800054a0 (0x663e869b) x13 0x00000000000005e4
core   0: 0x00000000800054a4 (0x40167653) fcvt.s.d fa2, fa2
core   0: exception trap_illegal_instruction, epc 0x00000000800054a4
core   0:           tval 0x0000000040167653
core   0: >>>>  $xrv64i2p1_m2p0_a2p1_f2p2_d2p2_zicsr2p0_zifencei2p0_zmmul1p0_zba1p0_zbb1p0_zbc1p0_zbs1p0
core   0: 0x0000000080004000 (0x0080006f) j       pc + 0x8
core   0: 3 0x0000000080004000 (0x0080006f)
core   0: >>>>  mmode_exception_handler
core   0: 0x0000000080004008 (0x00002c17) auipc   s8, 0x2
core   0: 3 0x0000000080004008 (0x00002c17) x24 0x0000000080006008
core   0: 0x000000008000400c (0x088c0c13) addi    s8, s8, 136
core   0: 3 0x000000008000400c (0x088c0c13) x24 0x0000000080006090
core   0: 0x0000000080004010 (0x000c00e7) jalr    s8
core   0: 3 0x0000000080004010 (0x000c00e7) x1  0x0000000080004014
core   0: >>>>  any_handler
core   0: 0x0000000080006090 (0x341027f3) csrrs   a5, mepc, zero
core   0: 3 0x0000000080006090 (0x341027f3) x15 0x00000000800054a4
core   0: 0x0000000080006094 (0x34202773) csrrs   a4, mcause, zero
core   0: 3 0x0000000080006094 (0x34202773) x14 0x0000000000000002
core   0: 0x0000000080006098 (0x142026f3) csrrs   a3, scause, zero
core   0: 3 0x0000000080006098 (0x142026f3) x13 0x0000000000000000
core   0: 0x000000008000609c (0x30402673) csrrs   a2, mie, zero
core   0: 3 0x000000008000609c (0x30402673) x12 0x0000000000000a00
core   0: 0x00000000800060a0 (0x344025f3) csrrs   a1, mip, zero
core   0: 3 0x00000000800060a0 (0x344025f3) x11 0x0000000000000080
core   0: 0x00000000800060a4 (0x343025f3) csrrs   a1, mtval, zero
core   0: 3 0x00000000800060a4 (0x343025f3) x11 0x0000000040167653
core   0: 0x00000000800060a8 (0x14302573) csrrs   a0, stval, zero
core   0: 3 0x00000000800060a8 (0x14302573) x10 0x0000000000000000
core   0: 0x00000000800060ac (0xb02024f3) csrrs   s1, minstret, zero
core   0: 3 0x00000000800060ac (0xb02024f3) x9  0x0000000000000e24
core   0: 0x00000000800060b0 (0x0000a811) c.j     pc + 20
core   0: 3 0x00000000800060b0 (0xa811)
core   0: >>>>  mepc_4
core   0: 0x00000000800060c4 (0x00000791) c.addi  a5, 4
core   0: 3 0x00000000800060c4 (0x0791) x15 0x00000000800054a8
core   0: 0x00000000800060c6 (0x34179073) csrrw   zero, mepc, a5
core   0: 3 0x00000000800060c6 (0x34179073) c833_mepc 0x00000000800054a8
core   0: 0x00000000800060ca (0x30200073) mret
core   0: 3 0x00000000800060ca (0x30200073) c768_mstatus 0x8000000a00106080
core   0: 0x00000000800054a8 (0x0af4f4d3) fsub.d  fs1, fs1, fa5
core   0: exception trap_illegal_instruction, epc 0x00000000800054a8
core   0:           tval 0x000000000af4f4d3
core   0: >>>>  $xrv64i2p1_m2p0_a2p1_f2p2_d2p2_zicsr2p0_zifencei2p0_zmmul1p0_zba1p0_zbb1p0_zbc1p0_zbs1p0
core   0: 0x0000000080004000 (0x0080006f) j       pc + 0x8
core   0: 3 0x0000000080004000 (0x0080006f)
core   0: >>>>  mmode_exception_handler
core   0: 0x0000000080004008 (0x00002c17) auipc   s8, 0x2
core   0: 3 0x0000000080004008 (0x00002c17) x24 0x0000000080006008
core   0: 0x000000008000400c (0x088c0c13) addi    s8, s8, 136
core   0: 3 0x000000008000400c (0x088c0c13) x24 0x0000000080006090
core   0: 0x0000000080004010 (0x000c00e7) jalr    s8
core   0: 3 0x0000000080004010 (0x000c00e7) x1  0x0000000080004014
core   0: >>>>  any_handler
core   0: 0x0000000080006090 (0x341027f3) csrrs   a5, mepc, zero
core   0: 3 0x0000000080006090 (0x341027f3) x15 0x00000000800054a8
core   0: 0x0000000080006094 (0x34202773) csrrs   a4, mcause, zero
core   0: 3 0x0000000080006094 (0x34202773) x14 0x0000000000000002
core   0: 0x0000000080006098 (0x142026f3) csrrs   a3, scause, zero
core   0: 3 0x0000000080006098 (0x142026f3) x13 0x0000000000000000
core   0: 0x000000008000609c (0x30402673) csrrs   a2, mie, zero
core   0: 3 0x000000008000609c (0x30402673) x12 0x0000000000000a00
core   0: 0x00000000800060a0 (0x344025f3) csrrs   a1, mip, zero
core   0: 3 0x00000000800060a0 (0x344025f3) x11 0x0000000000000080
core   0: 0x00000000800060a4 (0x343025f3) csrrs   a1, mtval, zero
core   0: 3 0x00000000800060a4 (0x343025f3) x11 0x000000000af4f4d3
core   0: 0x00000000800060a8 (0x14302573) csrrs   a0, stval, zero
core   0: 3 0x00000000800060a8 (0x14302573) x10 0x0000000000000000
core   0: 0x00000000800060ac (0xb02024f3) csrrs   s1, minstret, zero
core   0: 3 0x00000000800060ac (0xb02024f3) x9  0x0000000000000e34
core   0: 0x00000000800060b0 (0x0000a811) c.j     pc + 20
core   0: 3 0x00000000800060b0 (0xa811)
core   0: >>>>  mepc_4
core   0: 0x00000000800060c4 (0x00000791) c.addi  a5, 4
core   0: 3 0x00000000800060c4 (0x0791) x15 0x00000000800054ac
core   0: 0x00000000800060c6 (0x34179073) csrrw   zero, mepc, a5
core   0: 3 0x00000000800060c6 (0x34179073) c833_mepc 0x00000000800054ac
core   0: 0x00000000800060ca (0x30200073) mret
core   0: 3 0x00000000800060ca (0x30200073) c768_mstatus 0x8000000a00106080
core   0: 0x00000000800054ac (0xd02cf253) fcvt.s.l ft4, s9
core   0: exception trap_illegal_instruction, epc 0x00000000800054ac
core   0:           tval 0x00000000d02cf253
core   0: >>>>  $xrv64i2p1_m2p0_a2p1_f2p2_d2p2_zicsr2p0_zifencei2p0_zmmul1p0_zba1p0_zbb1p0_zbc1p0_zbs1p0
core   0: 0x0000000080004000 (0x0080006f) j       pc + 0x8
core   0: 3 0x0000000080004000 (0x0080006f)
core   0: >>>>  mmode_exception_handler
core   0: 0x0000000080004008 (0x00002c17) auipc   s8, 0x2
core   0: 3 0x0000000080004008 (0x00002c17) x24 0x0000000080006008
core   0: 0x000000008000400c (0x088c0c13) addi    s8, s8, 136
core   0: 3 0x000000008000400c (0x088c0c13) x24 0x0000000080006090
core   0: 0x0000000080004010 (0x000c00e7) jalr    s8
core   0: 3 0x0000000080004010 (0x000c00e7) x1  0x0000000080004014
core   0: >>>>  any_handler
core   0: 0x0000000080006090 (0x341027f3) csrrs   a5, mepc, zero
core   0: 3 0x0000000080006090 (0x341027f3) x15 0x00000000800054ac
core   0: 0x0000000080006094 (0x34202773) csrrs   a4, mcause, zero
core   0: 3 0x0000000080006094 (0x34202773) x14 0x0000000000000002
core   0: 0x0000000080006098 (0x142026f3) csrrs   a3, scause, zero
core   0: 3 0x0000000080006098 (0x142026f3) x13 0x0000000000000000
core   0: 0x000000008000609c (0x30402673) csrrs   a2, mie, zero
core   0: 3 0x000000008000609c (0x30402673) x12 0x0000000000000a00
core   0: 0x00000000800060a0 (0x344025f3) csrrs   a1, mip, zero
core   0: 3 0x00000000800060a0 (0x344025f3) x11 0x0000000000000080
core   0: 0x00000000800060a4 (0x343025f3) csrrs   a1, mtval, zero
core   0: 3 0x00000000800060a4 (0x343025f3) x11 0x00000000d02cf253
core   0: 0x00000000800060a8 (0x14302573) csrrs   a0, stval, zero
core   0: 3 0x00000000800060a8 (0x14302573) x10 0x0000000000000000
core   0: 0x00000000800060ac (0xb02024f3) csrrs   s1, minstret, zero
core   0: 3 0x00000000800060ac (0xb02024f3) x9  0x0000000000000e44
core   0: 0x00000000800060b0 (0x0000a811) c.j     pc + 20
core   0: 3 0x00000000800060b0 (0xa811)
core   0: >>>>  mepc_4
core   0: 0x00000000800060c4 (0x00000791) c.addi  a5, 4
core   0: 3 0x00000000800060c4 (0x0791) x15 0x00000000800054b0
core   0: 0x00000000800060c6 (0x34179073) csrrw   zero, mepc, a5
core   0: 3 0x00000000800060c6 (0x34179073) c833_mepc 0x00000000800054b0
core   0: 0x00000000800060ca (0x30200073) mret
core   0: 3 0x00000000800060ca (0x30200073) c768_mstatus 0x8000000a00106080
core   0: 0x00000000800054b0 (0x4a6875cf) fnmadd.d fa1, fa6, ft6, fs1
core   0: exception trap_illegal_instruction, epc 0x00000000800054b0
core   0:           tval 0x000000004a6875cf
core   0: >>>>  $xrv64i2p1_m2p0_a2p1_f2p2_d2p2_zicsr2p0_zifencei2p0_zmmul1p0_zba1p0_zbb1p0_zbc1p0_zbs1p0
core   0: 0x0000000080004000 (0x0080006f) j       pc + 0x8
core   0: 3 0x0000000080004000 (0x0080006f)
core   0: >>>>  mmode_exception_handler
core   0: 0x0000000080004008 (0x00002c17) auipc   s8, 0x2
core   0: 3 0x0000000080004008 (0x00002c17) x24 0x0000000080006008
core   0: 0x000000008000400c (0x088c0c13) addi    s8, s8, 136
core   0: 3 0x000000008000400c (0x088c0c13) x24 0x0000000080006090
core   0: 0x0000000080004010 (0x000c00e7) jalr    s8
core   0: 3 0x0000000080004010 (0x000c00e7) x1  0x0000000080004014
core   0: >>>>  any_handler
core   0: 0x0000000080006090 (0x341027f3) csrrs   a5, mepc, zero
core   0: 3 0x0000000080006090 (0x341027f3) x15 0x00000000800054b0
core   0: 0x0000000080006094 (0x34202773) csrrs   a4, mcause, zero
core   0: 3 0x0000000080006094 (0x34202773) x14 0x0000000000000002
core   0: 0x0000000080006098 (0x142026f3) csrrs   a3, scause, zero
core   0: 3 0x0000000080006098 (0x142026f3) x13 0x0000000000000000
core   0: 0x000000008000609c (0x30402673) csrrs   a2, mie, zero
core   0: 3 0x000000008000609c (0x30402673) x12 0x0000000000000a00
core   0: 0x00000000800060a0 (0x344025f3) csrrs   a1, mip, zero
core   0: 3 0x00000000800060a0 (0x344025f3) x11 0x0000000000000080
core   0: 0x00000000800060a4 (0x343025f3) csrrs   a1, mtval, zero
core   0: 3 0x00000000800060a4 (0x343025f3) x11 0x000000004a6875cf
core   0: 0x00000000800060a8 (0x14302573) csrrs   a0, stval, zero
core   0: 3 0x00000000800060a8 (0x14302573) x10 0x0000000000000000
core   0: 0x00000000800060ac (0xb02024f3) csrrs   s1, minstret, zero
core   0: 3 0x00000000800060ac (0xb02024f3) x9  0x0000000000000e54
core   0: 0x00000000800060b0 (0x0000a811) c.j     pc + 20
core   0: 3 0x00000000800060b0 (0xa811)
core   0: >>>>  mepc_4
core   0: 0x00000000800060c4 (0x00000791) c.addi  a5, 4
core   0: 3 0x00000000800060c4 (0x0791) x15 0x00000000800054b4
core   0: 0x00000000800060c6 (0x34179073) csrrw   zero, mepc, a5
core   0: 3 0x00000000800060c6 (0x34179073) c833_mepc 0x00000000800054b4
core   0: 0x00000000800060ca (0x30200073) mret
core   0: 3 0x00000000800060ca (0x30200073) c768_mstatus 0x8000000a00106080
core   0: 0x00000000800054b4 (0x1bbdf8b7) lui     a7, 0x1bbdf
core   0: 1 0x00000000800054b4 (0x1bbdf8b7) x17 0x000000001bbdf000
core   0: 0x00000000800054b8 (0x00198cb3) add     s9, s3, ra
core   0: 1 0x00000000800054b8 (0x00198cb3) x25 0x0000000136ec438c
core   0: 0x00000000800054bc (0x406282bb) subw    t0, t0, t1
core   0: 1 0x00000000800054bc (0x406282bb) x5  0xfffffffffffffff0
core   0: 0x00000000800054c0 (0x00102373) csrrs   t1, fflags, zero
core   0: 1 0x00000000800054c0 (0x00102373) x6  0x0000000000000010
core   0: 0x00000000800054c4 (0x002615f3) csrrw   a1, frm, a2
core   0: 1 0x00000000800054c4 (0x002615f3) x11 0x0000000000000007 c2_frm 0x0000000000000000
core   0: 0x00000000800054c8 (0x00000001) c.nop
core   0: 1 0x00000000800054c8 (0x0001)
core   0: 0x00000000800054ca (0x40035b93) srai    s7, t1, 0
core   0: 1 0x00000000800054ca (0x40035b93) x23 0x0000000000000010
core   0: 0x00000000800054ce (0xc227f2d3) fcvt.l.d t0, fa5
core   0: 1 0x00000000800054ce (0xc227f2d3) c1_fflags 0x0000000000000010 x5  0x7fffffffffffffff
core   0: 0x00000000800054d2 (0x414c0a33) sub     s4, s8, s4
core   0: 1 0x00000000800054d2 (0x414c0a33) x20 0x0000000080006090
core   0: 0x00000000800054d6 (0x009011b3) sll     gp, zero, s1
core   0: 1 0x00000000800054d6 (0x009011b3) x3  0x0000000000000000
core   0: 0x00000000800054da (0x1b50f553) fdiv.d  fa0, ft1, fs5
core   0: 1 0x00000000800054da (0x1b50f553) f10 0x7ff8000000000000
core   0: 0x00000000800054de (0x224509d3) fsgnj.d fs3, fa0, ft4
core   0: 1 0x00000000800054de (0x224509d3) f19 0x7ff8000000000000
core   0: 0x00000000800054e2 (0x01625ab3) srl     s5, tp, s6
core   0: 1 0x00000000800054e2 (0x01625ab3) x21 0x0000000000000001
core   0: 0x00000000800054e6 (0x0333e13b) remw    sp, t2, s3
core   0: 1 0x00000000800054e6 (0x0333e13b) x2  0x00000000000007ff
core   0: 0x00000000800054ea (0x2295a453) fsgnjx.d fs0, fa1, fs1
core   0: 1 0x00000000800054ea (0x2295a453) f8  0x7fffffff3f800000
core   0: 0x00000000800054ee (0xc0347953) fcvt.lu.s s2, fs0
core   0: 1 0x00000000800054ee (0xc0347953) c1_fflags 0x0000000000000010 x18 0xffffffffffffffff
core   0: 0x00000000800054f2 (0x1bd5fed3) fdiv.d  ft9, fa1, ft9
core   0: 1 0x00000000800054f2 (0x1bd5fed3) f29 0x7ff8000000000000
core   0: 0x00000000800054f6 (0x0020d0b3) srl     ra, ra, sp
core   0: 1 0x00000000800054f6 (0x0020d0b3) x1  0x0000000000000000
core   0: 0x00000000800054fa (0x01049d93) slli    s11, s1, 16
core   0: 1 0x00000000800054fa (0x01049d93) x27 0x000000000e540000
core   0: 0x00000000800054fe (0x0a977753) fsub.d  fa4, fa4, fs1
core   0: 1 0x00000000800054fe (0x0a977753) f14 0x7ff8000000000000
core   0: 0x0000000080005502 (0x415c8c9b) addiw   s9, s9, 1045
core   0: 1 0x0000000080005502 (0x415c8c9b) x25 0x0000000036ec47a1
core   0: 0x0000000080005506 (0x6aac831b) addiw   t1, s9, 1706
core   0: 1 0x0000000080005506 (0x6aac831b) x6  0x0000000036ec4e4b
core   0: 0x000000008000550a (0x00061a9b) slliw   s5, a2, 0
core   0: 1 0x000000008000550a (0x00061a9b) x21 0x0000000000000a00
core   0: 0x000000008000550e (0x044eee37) lui     t3, 0x44ee
core   0: 1 0x000000008000550e (0x044eee37) x28 0x00000000044ee000
core   0: 0x0000000080005512 (0x00003e65) c.addiw t3, -7
core   0: 1 0x0000000080005512 (0x3e65) x28 0x00000000044edff9
core   0: 0x0000000080005514 (0x00000e32) c.slli  t3, 12
core   0: 1 0x0000000080005514 (0x0e32) x28 0x00000044edff9000
core   0: 0x0000000080005516 (0x22de0e13) addi    t3, t3, 557
core   0: 1 0x0000000080005516 (0x22de0e13) x28 0x00000044edff922d
core   0: 0x000000008000551a (0x0149ab33) slt     s6, s3, s4
core   0: 1 0x000000008000551a (0x0149ab33) x22 0x0000000000000000
core   0: 0x000000008000551e (0x5a0d7553) fsqrt.d fa0, fs10
core   0: 1 0x000000008000551e (0x5a0d7553) f10 0x7ff8000000000000
core   0: 0x0000000080005522 (0x036bcbbb) divw    s7, s7, s6
core   0: 1 0x0000000080005522 (0x036bcbbb) x23 0xffffffffffffffff
core   0: 0x0000000080005526 (0xc2057953) fcvt.w.d s2, fa0
core   0: 1 0x0000000080005526 (0xc2057953) c1_fflags 0x0000000000000010 x18 0x000000007fffffff
core   0: 0x000000008000552a (0xc027f153) fcvt.l.s sp, fa5
core   0: 1 0x000000008000552a (0xc027f153) c1_fflags 0x0000000000000010 x2  0x7fffffffffffffff
core   0: 0x000000008000552e (0x00000001) c.nop
core   0: 1 0x000000008000552e (0x0001)
core   0: 0x0000000080005530 (0x000e1e1b) slliw   t3, t3, 0
core   0: 1 0x0000000080005530 (0x000e1e1b) x28 0xffffffffedff922d
core   0: 0x0000000080005534 (0x000e179b) slliw   a5, t3, 0
core   0: 1 0x0000000080005534 (0x000e179b) x15 0xffffffffedff922d
core   0: 0x0000000080005538 (0xd22875d3) fcvt.d.l fa1, a6
core   0: 1 0x0000000080005538 (0xd22875d3) f11 0x405b800000000000
core   0: 0x000000008000553c (0xd2030053) fcvt.d.w ft0, t1
core   0: 1 0x000000008000553c (0xd2030053) f0  0x41cb762725800000
core   0: 0x0000000080005540 (0x2cb7c213) xori    tp, a5, 715
core   0: 1 0x0000000080005540 (0x2cb7c213) x4  0xffffffffedff90e6
core   0: 0x0000000080005544 (0x00102e73) csrrs   t3, fflags, zero
core   0: 1 0x0000000080005544 (0x00102e73) x28 0x0000000000000010
core   0: 0x0000000080005548 (0xd2357ed3) fcvt.d.lu ft9, a0
core   0: 1 0x0000000080005548 (0xd2357ed3) f29 0x0000000000000000
core   0: 0x000000008000554c (0xc22675d3) fcvt.l.d a1, fa2
core   0: 1 0x000000008000554c (0xc22675d3) c1_fflags 0x0000000000000010 x11 0x7fffffffffffffff
core   0: 0x0000000080005550 (0xc0397653) fcvt.lu.s a2, fs2
core   0: 1 0x0000000080005550 (0xc0397653) c1_fflags 0x0000000000000010 x12 0xffffffffffffffff
core   0: 0x0000000080005554 (0x40cbd793) srai    a5, s7, 12
core   0: 1 0x0000000080005554 (0x40cbd793) x15 0xffffffffffffffff
core   0: 0x0000000080005558 (0x401a0333) sub     t1, s4, ra
core   0: 1 0x0000000080005558 (0x401a0333) x6  0x0000000080006090
core   0: 0x000000008000555c (0xd2080653) fcvt.d.w fa2, a6
core   0: 1 0x000000008000555c (0xd2080653) f12 0x405b800000000000
core   0: 0x0000000080005560 (0x65b0fc93) andi    s9, ra, 1627
core   0: 1 0x0000000080005560 (0x65b0fc93) x25 0x0000000000000000
core   0: 0x0000000080005564 (0xe2060953) fmv.x.d s2, fa2
core   0: 1 0x0000000080005564 (0xe2060953) x18 0x405b800000000000
core   0: 0x0000000080005568 (0xef58aeb7) lui     t4, 0xef58a
core   0: 1 0x0000000080005568 (0xef58aeb7) x29 0xffffffffef58a000
core   0: 0x000000008000556c (0x028e0e3b) mulw    t3, t3, s0
core   0: 1 0x000000008000556c (0x028e0e3b) x28 0x0000000000000000
core   0: 0x0000000080005570 (0xfc252893) slti    a7, a0, -62
core   0: 1 0x0000000080005570 (0xfc252893) x17 0x0000000000000000
core   0: 0x0000000080005574 (0x02e6dbb7) lui     s7, 0x2e6d
core   0: 1 0x0000000080005574 (0x02e6dbb7) x23 0x0000000002e6d000
core   0: 0x0000000080005578 (0x533b8b9b) addiw   s7, s7, 1331
core   0: 1 0x0000000080005578 (0x533b8b9b) x23 0x0000000002e6d533
core   0: 0x000000008000557c (0x00000bb6) c.slli  s7, 13
core   0: 1 0x000000008000557c (0x0bb6) x23 0x0000005cdaa66000
core   0: 0x000000008000557e (0xa02b8b93) addi    s7, s7, -1534
core   0: 1 0x000000008000557e (0xa02b8b93) x23 0x0000005cdaa65a02
core   0: 0x0000000080005582 (0x00ec2733) slt     a4, s8, a4
core   0: 1 0x0000000080005582 (0x00ec2733) x14 0x0000000000000000
core   0: 0x0000000080005586 (0x0188113b) sllw    sp, a6, s8
core   0: 1 0x0000000080005586 (0x0188113b) x2  0x00000000006e0000
core   0: 0x000000008000558a (0x92c8fcc3) fmadd.d fs9, fa7, fa2, fs2
core   0: 1 0x000000008000558a (0x92c8fcc3) f25 0x7ff8000000000000
core   0: 0x000000008000558e (0xd20c00d3) fcvt.d.w ft1, s8
core   0: 1 0x000000008000558e (0xd20c00d3) f1  0xc1dfffe7dc000000
core   0: 0x0000000080005592 (0x00109b13) slli    s6, ra, 1
core   0: 1 0x0000000080005592 (0x00109b13) x22 0x0000000000000000
core   0: 0x0000000080005596 (0x035d40bb) divw    ra, s10, s5
core   0: 1 0x0000000080005596 (0x035d40bb) x1  0x0000000000000000
core   0: 0x000000008000559a (0x0af1fe53) fsub.d  ft8, ft3, fa5
core   0: 1 0x000000008000559a (0x0af1fe53) f28 0x7ff8000000000000
core   0: 0x000000008000559e (0xd225fa53) fcvt.d.l fs4, a1
core   0: 1 0x000000008000559e (0xd225fa53) c1_fflags 0x0000000000000011 f20 0x43e0000000000000
core   0: 0x00000000800055a2 (0x513d0e13) addi    t3, s10, 1299
core   0: 1 0x00000000800055a2 (0x513d0e13) x28 0x0000000000000592
core   0: 0x00000000800055a6 (0xd23b7753) fcvt.d.lu fa4, s6
core   0: 1 0x00000000800055a6 (0xd23b7753) f14 0x0000000000000000
core   0: 0x00000000800055aa (0xe20708d3) fmv.x.d a7, fa4
core   0: 1 0x00000000800055aa (0xe20708d3) x17 0x0000000000000000
core   0: 0x00000000800055ae (0xdbbf5837) lui     a6, 0xdbbf5
core   0: 1 0x00000000800055ae (0xdbbf5837) x16 0xffffffffdbbf5000
core   0: 0x00000000800055b2 (0x10a75073) csrrwi  zero, senvcfg, 14
core   0: 1 0x00000000800055b2 (0x10a75073) c266_senvcfg 0x0000000000000000
core   0: 0x00000000800055b6 (0x0308663b) remw    a2, a6, a6
core   0: 1 0x00000000800055b6 (0x0308663b) x12 0x0000000000000000
core   0: 0x00000000800055ba (0x20614393) xori    t2, sp, 518
core   0: 1 0x00000000800055ba (0x20614393) x7  0x00000000006e0206
core   0: 0x00000000800055be (0xd227f9d3) fcvt.d.l fs3, a5
core   0: 1 0x00000000800055be (0xd227f9d3) f19 0xbff0000000000000
core   0: 0x00000000800055c2 (0xc0666a73) csrrsi  s4, hpmcounter6, 12
core   0: exception trap_illegal_instruction, epc 0x00000000800055c2
core   0:           tval 0x00000000c0666a73
core   0: >>>>  $xrv64i2p1_m2p0_a2p1_f2p2_d2p2_zicsr2p0_zifencei2p0_zmmul1p0_zba1p0_zbb1p0_zbc1p0_zbs1p0
core   0: 0x0000000080004000 (0x0080006f) j       pc + 0x8
core   0: 3 0x0000000080004000 (0x0080006f)
core   0: >>>>  mmode_exception_handler
core   0: 0x0000000080004008 (0x00002c17) auipc   s8, 0x2
core   0: 3 0x0000000080004008 (0x00002c17) x24 0x0000000080006008
core   0: 0x000000008000400c (0x088c0c13) addi    s8, s8, 136
core   0: 3 0x000000008000400c (0x088c0c13) x24 0x0000000080006090
core   0: 0x0000000080004010 (0x000c00e7) jalr    s8
core   0: 3 0x0000000080004010 (0x000c00e7) x1  0x0000000080004014
core   0: >>>>  any_handler
core   0: 0x0000000080006090 (0x341027f3) csrrs   a5, mepc, zero
core   0: 3 0x0000000080006090 (0x341027f3) x15 0x00000000800055c2
core   0: 0x0000000080006094 (0x34202773) csrrs   a4, mcause, zero
core   0: 3 0x0000000080006094 (0x34202773) x14 0x0000000000000002
core   0: 0x0000000080006098 (0x142026f3) csrrs   a3, scause, zero
core   0: 3 0x0000000080006098 (0x142026f3) x13 0x0000000000000000
core   0: 0x000000008000609c (0x30402673) csrrs   a2, mie, zero
core   0: 3 0x000000008000609c (0x30402673) x12 0x0000000000000a00
core   0: 0x00000000800060a0 (0x344025f3) csrrs   a1, mip, zero
core   0: 3 0x00000000800060a0 (0x344025f3) x11 0x0000000000000080
core   0: 0x00000000800060a4 (0x343025f3) csrrs   a1, mtval, zero
core   0: 3 0x00000000800060a4 (0x343025f3) x11 0x00000000c0666a73
core   0: 0x00000000800060a8 (0x14302573) csrrs   a0, stval, zero
core   0: 3 0x00000000800060a8 (0x14302573) x10 0x0000000000000000
core   0: 0x00000000800060ac (0xb02024f3) csrrs   s1, minstret, zero
core   0: 3 0x00000000800060ac (0xb02024f3) x9  0x0000000000000eaa
core   0: 0x00000000800060b0 (0x0000a811) c.j     pc + 20
core   0: 3 0x00000000800060b0 (0xa811)
core   0: >>>>  mepc_4
core   0: 0x00000000800060c4 (0x00000791) c.addi  a5, 4
core   0: 3 0x00000000800060c4 (0x0791) x15 0x00000000800055c6
core   0: 0x00000000800060c6 (0x34179073) csrrw   zero, mepc, a5
core   0: 3 0x00000000800060c6 (0x34179073) c833_mepc 0x00000000800055c6
core   0: 0x00000000800060ca (0x30200073) mret
core   0: 3 0x00000000800060ca (0x30200073) c768_mstatus 0x8000000a00106080
core   0: 0x00000000800055c6 (0x00dce833) or      a6, s9, a3
core   0: 1 0x00000000800055c6 (0x00dce833) x16 0x0000000000000000
core   0: 0x00000000800055ca (0x0194d81b) srliw   a6, s1, 25
core   0: 1 0x00000000800055ca (0x0194d81b) x16 0x0000000000000000
core   0: 0x00000000800055ce (0x1b89fc53) fdiv.d  fs8, fs3, fs8
core   0: 1 0x00000000800055ce (0x1b89fc53) c1_fflags 0x0000000000000011 f24 0xbe00000000200000
core   0: 0x00000000800055d2 (0x409a0b33) sub     s6, s4, s1
core   0: 1 0x00000000800055d2 (0x409a0b33) x22 0x00000000800051e6
core   0: 0x00000000800055d6 (0xa1ae4e13) xori    t3, t3, -1510
core   0: 1 0x00000000800055d6 (0xa1ae4e13) x28 0xffffffffffffff88
core   0: 0x00000000800055da (0x00de523b) srlw    tp, t3, a3
core   0: 1 0x00000000800055da (0x00de523b) x4  0xffffffffffffff88
core   0: 0x00000000800055de (0x00769613) slli    a2, a3, 7
core   0: 1 0x00000000800055de (0x00769613) x12 0x0000000000000000
core   0: 0x00000000800055e2 (0x004e51b3) srl     gp, t3, tp
core   0: 1 0x00000000800055e2 (0x004e51b3) x3  0x00ffffffffffffff
core   0: 0x00000000800055e6 (0xc23c7bd3) fcvt.lu.d s7, fs8
core   0: 1 0x00000000800055e6 (0xc23c7bd3) c1_fflags 0x0000000000000011 x23 0x0000000000000000
core   0: 0x00000000800055ea (0xd22e7a53) fcvt.d.l fs4, t3
core   0: 1 0x00000000800055ea (0xd22e7a53) f20 0xc05e000000000000
core   0: 0x00000000800055ee (0x01598cbb) addw    s9, s3, s5
core   0: 1 0x00000000800055ee (0x01598cbb) x25 0xffffffffb6ec0d78
core   0: 0x00000000800055f2 (0x4015f053) fcvt.s.d ft0, fa1
core   0: 1 0x00000000800055f2 (0x4015f053) f0  0xffffffff42dc0000
core   0: 0x00000000800055f6 (0x224c8253) fsgnj.d ft4, fs9, ft4
core   0: 1 0x00000000800055f6 (0x224c8253) f4  0x7ff8000000000000
core   0: 0x00000000800055fa (0x341a8337) lui     t1, 0x341a8
core   0: 1 0x00000000800055fa (0x341a8337) x6  0x00000000341a8000
core   0: 0x00000000800055fe (0x00dcddbb) srlw    s11, s9, a3
core   0: 1 0x00000000800055fe (0x00dcddbb) x27 0xffffffffb6ec0d78
core   0: 0x0000000080005602 (0x76aaa297) auipc   t0, 0x76aaa
core   0: 1 0x0000000080005602 (0x76aaa297) x5  0x00000000f6aaf602
core   0: 0x0000000080005606 (0x2c598993) addi    s3, s3, 709
core   0: 1 0x0000000080005606 (0x2c598993) x19 0x00000000b6ec063d
core   0: 0x000000008000560a (0x00d65c9b) srliw   s9, a2, 13
core   0: 1 0x000000008000560a (0x00d65c9b) x25 0x0000000000000000
core   0: 0x000000008000560e (0xd20c8753) fcvt.d.w fa4, s9
core   0: 1 0x000000008000560e (0xd20c8753) f14 0x0000000000000000
core   0: 0x0000000080005612 (0x0075a3b3) slt     t2, a1, t2
core   0: 1 0x0000000080005612 (0x0075a3b3) x7  0x0000000000000000
core   0: 0x0000000080005616 (0x03286833) rem     a6, a6, s2
core   0: 1 0x0000000080005616 (0x03286833) x16 0x0000000000000000
core   0: 0x000000008000561a (0xd2130e53) fcvt.d.wu ft8, t1
core   0: 1 0x000000008000561a (0xd2130e53) f28 0x41ca0d4000000000
core   0: 0x000000008000561e (0x0393e8bb) remw    a7, t2, s9
core   0: 1 0x000000008000561e (0x0393e8bb) x17 0x0000000000000000
core   0: 0x0000000080005622 (0x03292d33) mulhsu  s10, s2, s2
core   0: 1 0x0000000080005622 (0x03292d33) x26 0x102de0b440000000
core   0: 0x0000000080005626 (0x0098e7b3) or      a5, a7, s1
core   0: 1 0x0000000080005626 (0x0098e7b3) x15 0x0000000000000eaa
core   0: 0x000000008000562a (0x0007969b) slliw   a3, a5, 0
core   0: 1 0x000000008000562a (0x0007969b) x13 0x0000000000000eaa
core   0: 0x000000008000562e (0x13c47053) fmul.d  ft0, fs0, ft8
core   0: 1 0x000000008000562e (0x13c47053) f0  0x7ff8000000000000
core   0: 0x0000000080005632 (0xa39f0bd3) fle.d   s7, ft10, fs9
core   0: 1 0x0000000080005632 (0xa39f0bd3) c1_fflags 0x0000000000000011 x23 0x0000000000000000
core   0: 0x0000000080005636 (0x406e5e1b) sraiw   t3, t3, 6
core   0: 1 0x0000000080005636 (0x406e5e1b) x28 0xfffffffffffffffe
core   0: 0x000000008000563a (0x12ff7253) fmul.d  ft4, ft10, fa5
core   0: 1 0x000000008000563a (0x12ff7253) f4  0x7ff8000000000000
core   0: 0x000000008000563e (0xc030f5d3) fcvt.lu.s a1, ft1
core   0: 1 0x000000008000563e (0xc030f5d3) c1_fflags 0x0000000000000011 x11 0xffffffffffffffff
core   0: 0x0000000080005642 (0x5a007953) fsqrt.d fs2, ft0
core   0: 1 0x0000000080005642 (0x5a007953) f18 0x7ff8000000000000
core   0: 0x0000000080005646 (0xd2347553) fcvt.d.lu fa0, s0
core   0: 1 0x0000000080005646 (0xd2347553) f10 0x0000000000000000
core   0: 0x000000008000564a (0xe20901d3) fmv.x.d gp, fs2
core   0: 1 0x000000008000564a (0xe20901d3) x3  0x7ff8000000000000
core   0: 0x000000008000564e (0x03449933) mulh    s2, s1, s4
core   0: 1 0x000000008000564e (0x03449933) x18 0x0000000000000000
core   0: 0x0000000080005652 (0x402e513b) sraw    sp, t3, sp
core   0: 1 0x0000000080005652 (0x402e513b) x2  0xfffffffffffffffe
core   0: 0x0000000080005656 (0x0ff0000f) fence   iorw,iorw
core   0: 1 0x0000000080005656 (0x0ff0000f)
core   0: 0x000000008000565a (0x029a90b3) mulh    ra, s5, s1
core   0: 1 0x000000008000565a (0x029a90b3) x1  0x0000000000000000
core   0: 0x000000008000565e (0x02b746b3) div     a3, a4, a1
core   0: 1 0x000000008000565e (0x02b746b3) x13 0xfffffffffffffffe
core   0: 0x0000000080005662 (0xab9971c3) fmadd.d ft3, fs2, fs9, fs5
core   0: 1 0x0000000080005662 (0xab9971c3) f3  0x7ff8000000000000
core   0: 0x0000000080005666 (0x408700bb) subw    ra, a4, s0
core   0: 1 0x0000000080005666 (0x408700bb) x1  0x0000000000000002
core   0: 0x000000008000566a (0x0003909b) slliw   ra, t2, 0
core   0: 1 0x000000008000566a (0x0003909b) x1  0x0000000000000000
core   0: 0x000000008000566e (0x7ffd0813) addi    a6, s10, 2047
core   0: 1 0x000000008000566e (0x7ffd0813) x16 0x102de0b4400007ff
core   0: 0x0000000080005672 (0x02a5653b) remw    a0, a0, a0
core   0: 1 0x0000000080005672 (0x02a5653b) x10 0x0000000000000000
core   0: 0x0000000080005676 (0xab5472c3) fmadd.d ft5, fs0, fs5, fs5
core   0: 1 0x0000000080005676 (0xab5472c3) f5  0x7ff8000000000000
core   0: 0x000000008000567a (0x2b8783d3) fmin.d  ft7, fa5, fs8
core   0: 1 0x000000008000567a (0x2b8783d3) f7  0xbe00000000200000
core   0: 0x000000008000567e (0x03f85b13) srli    s6, a6, 63
core   0: 1 0x000000008000567e (0x03f85b13) x22 0x0000000000000000
core   0: 0x0000000080005682 (0x010a2633) slt     a2, s4, a6
core   0: 1 0x0000000080005682 (0x010a2633) x12 0x0000000000000001
core   0: 0x0000000080005686 (0x4112023b) subw    tp, tp, a7
core   0: 1 0x0000000080005686 (0x4112023b) x4  0xffffffffffffff88
core   0: 0x000000008000568a (0xf78f1cb7) lui     s9, 0xf78f1
core   0: 1 0x000000008000568a (0xf78f1cb7) x25 0xfffffffff78f1000
core   0: 0x000000008000568e (0x419609b3) sub     s3, a2, s9
core   0: 1 0x000000008000568e (0x419609b3) x19 0x000000000870f001
core   0: 0x0000000080005692 (0xc22774d3) fcvt.l.d s1, fa4
core   0: 1 0x0000000080005692 (0xc22774d3) x9  0x0000000000000000
core   0: 0x0000000080005696 (0xf20486d3) fmv.d.x fa3, s1
core   0: 1 0x0000000080005696 (0xf20486d3) f13 0x0000000000000000
core   0: 0x000000008000569a (0x4017f453) fcvt.s.d fs0, fa5
core   0: 1 0x000000008000569a (0x4017f453) f8  0xffffffff7fc00000
core   0: 0x000000008000569e (0xc21876d3) fcvt.wu.d a3, fa6
core   0: 1 0x000000008000569e (0xc21876d3) c1_fflags 0x0000000000000011 x13 0xffffffffffffffff
core   0: 0x00000000800056a2 (0xa2878bd3) fle.d   s7, fa5, fs0
core   0: 1 0x00000000800056a2 (0xa2878bd3) c1_fflags 0x0000000000000011 x23 0x0000000000000000
core   0: 0x00000000800056a6 (0x730c8593) addi    a1, s9, 1840
core   0: 1 0x00000000800056a6 (0x730c8593) x11 0xfffffffff78f1730
core   0: 0x00000000800056aa (0x2a878bd3) fmin.d  fs7, fa5, fs0
core   0: 1 0x00000000800056aa (0x2a878bd3) f23 0x7ff8000000000000
core   0: 0x00000000800056ae (0xc037f2d3) fcvt.lu.s t0, fa5
core   0: 1 0x00000000800056ae (0xc037f2d3) c1_fflags 0x0000000000000011 x5  0xffffffffffffffff
core   0: 0x00000000800056b2 (0xe20b8553) fmv.x.d a0, fs7
core   0: 1 0x00000000800056b2 (0xe20b8553) x10 0x7ff8000000000000
core   0: 0x00000000800056b6 (0x01829cbb) sllw    s9, t0, s8
core   0: 1 0x00000000800056b6 (0x01829cbb) x25 0xffffffffffff0000
core   0: 0x00000000800056ba (0xd2070fd3) fcvt.d.w ft11, a4
core   0: 1 0x00000000800056ba (0xd2070fd3) f31 0x4000000000000000
core   0: 0x00000000800056be (0x30312c73) csrrs   s8, mideleg, sp
core   0: exception trap_illegal_instruction, epc 0x00000000800056be
core   0:           tval 0x0000000030312c73
core   0: >>>>  $xrv64i2p1_m2p0_a2p1_f2p2_d2p2_zicsr2p0_zifencei2p0_zmmul1p0_zba1p0_zbb1p0_zbc1p0_zbs1p0
core   0: 0x0000000080004000 (0x0080006f) j       pc + 0x8
core   0: 3 0x0000000080004000 (0x0080006f)
core   0: >>>>  mmode_exception_handler
core   0: 0x0000000080004008 (0x00002c17) auipc   s8, 0x2
core   0: 3 0x0000000080004008 (0x00002c17) x24 0x0000000080006008
core   0: 0x000000008000400c (0x088c0c13) addi    s8, s8, 136
core   0: 3 0x000000008000400c (0x088c0c13) x24 0x0000000080006090
core   0: 0x0000000080004010 (0x000c00e7) jalr    s8
core   0: 3 0x0000000080004010 (0x000c00e7) x1  0x0000000080004014
core   0: >>>>  any_handler
core   0: 0x0000000080006090 (0x341027f3) csrrs   a5, mepc, zero
core   0: 3 0x0000000080006090 (0x341027f3) x15 0x00000000800056be
core   0: 0x0000000080006094 (0x34202773) csrrs   a4, mcause, zero
core   0: 3 0x0000000080006094 (0x34202773) x14 0x0000000000000002
core   0: 0x0000000080006098 (0x142026f3) csrrs   a3, scause, zero
core   0: 3 0x0000000080006098 (0x142026f3) x13 0x0000000000000000
core   0: 0x000000008000609c (0x30402673) csrrs   a2, mie, zero
core   0: 3 0x000000008000609c (0x30402673) x12 0x0000000000000a00
core   0: 0x00000000800060a0 (0x344025f3) csrrs   a1, mip, zero
core   0: 3 0x00000000800060a0 (0x344025f3) x11 0x0000000000000080
core   0: 0x00000000800060a4 (0x343025f3) csrrs   a1, mtval, zero
core   0: 3 0x00000000800060a4 (0x343025f3) x11 0x0000000030312c73
core   0: 0x00000000800060a8 (0x14302573) csrrs   a0, stval, zero
core   0: 3 0x00000000800060a8 (0x14302573) x10 0x0000000000000000
core   0: 0x00000000800060ac (0xb02024f3) csrrs   s1, minstret, zero
core   0: 3 0x00000000800060ac (0xb02024f3) x9  0x0000000000000ef8
core   0: 0x00000000800060b0 (0x0000a811) c.j     pc + 20
core   0: 3 0x00000000800060b0 (0xa811)
core   0: >>>>  mepc_4
core   0: 0x00000000800060c4 (0x00000791) c.addi  a5, 4
core   0: 3 0x00000000800060c4 (0x0791) x15 0x00000000800056c2
core   0: 0x00000000800060c6 (0x34179073) csrrw   zero, mepc, a5
core   0: 3 0x00000000800060c6 (0x34179073) c833_mepc 0x00000000800056c2
core   0: 0x00000000800060ca (0x30200073) mret
core   0: 3 0x00000000800060ca (0x30200073) c768_mstatus 0x8000000a00106080
core   0: 0x00000000800056c2 (0x018242b3) xor     t0, tp, s8
core   0: 1 0x00000000800056c2 (0x018242b3) x5  0xffffffff7fff9f18
core   0: 0x00000000800056c6 (0x006e91b3) sll     gp, t4, t1
core   0: 1 0x00000000800056c6 (0x006e91b3) x3  0xffffffffef58a000
core   0: 0x00000000800056ca (0x000000de) c.slli  ra, 23
core   0: 1 0x00000000800056ca (0x00de) x1  0x004000200a000000
core   0: 0x00000000800056cc (0x4018fcd3) fcvt.s.d fs9, fa7
core   0: 1 0x00000000800056cc (0x4018fcd3) f25 0xffffffff7fc00000
core   0: 0x00000000800056d0 (0x0b9af4cf) fnmadd.d fs1, fs5, fs9, ft1
core   0: 1 0x00000000800056d0 (0x0b9af4cf) f9  0x7ff8000000000000
core   0: 0x00000000800056d4 (0x16a1ea93) ori     s5, gp, 362
core   0: 1 0x00000000800056d4 (0x16a1ea93) x21 0xffffffffef58a16a
core   0: 0x00000000800056d8 (0x002019f3) csrrw   s3, frm, zero
core   0: 1 0x00000000800056d8 (0x002019f3) x19 0x0000000000000000 c2_frm 0x0000000000000000
core   0: 0x00000000800056dc (0x035b7b33) remu    s6, s6, s5
core   0: 1 0x00000000800056dc (0x035b7b33) x22 0x0000000000000000
core   0: 0x00000000800056e0 (0xfc4097b7) lui     a5, 0xfc409
core   0: 1 0x00000000800056e0 (0xfc4097b7) x15 0xfffffffffc409000
core   0: 0x00000000800056e4 (0xd0b7879b) addiw   a5, a5, -757
core   0: 1 0x00000000800056e4 (0xd0b7879b) x15 0xfffffffffc408d0b
core   0: 0x00000000800056e8 (0x000007b2) c.slli  a5, 12
core   0: 1 0x00000000800056e8 (0x07b2) x15 0xffffffc408d0b000
core   0: 0x00000000800056ea (0xaf878793) addi    a5, a5, -1288
core   0: 1 0x00000000800056ea (0xaf878793) x15 0xffffffc408d0aaf8
core   0: 0x00000000800056ee (0x142c19f3) csrrw   s3, scause, s8
core   0: 1 0x00000000800056ee (0x142c19f3) x19 0x0000000000000000 c322_scause 0x0000000080006090
core   0: 0x00000000800056f2 (0x306165f3) csrrsi  a1, mcounteren, 2
core   0: exception trap_illegal_instruction, epc 0x00000000800056f2
core   0:           tval 0x00000000306165f3
core   0: >>>>  $xrv64i2p1_m2p0_a2p1_f2p2_d2p2_zicsr2p0_zifencei2p0_zmmul1p0_zba1p0_zbb1p0_zbc1p0_zbs1p0
core   0: 0x0000000080004000 (0x0080006f) j       pc + 0x8
core   0: 3 0x0000000080004000 (0x0080006f)
core   0: >>>>  mmode_exception_handler
core   0: 0x0000000080004008 (0x00002c17) auipc   s8, 0x2
core   0: 3 0x0000000080004008 (0x00002c17) x24 0x0000000080006008
core   0: 0x000000008000400c (0x088c0c13) addi    s8, s8, 136
core   0: 3 0x000000008000400c (0x088c0c13) x24 0x0000000080006090
core   0: 0x0000000080004010 (0x000c00e7) jalr    s8
core   0: 3 0x0000000080004010 (0x000c00e7) x1  0x0000000080004014
core   0: >>>>  any_handler
core   0: 0x0000000080006090 (0x341027f3) csrrs   a5, mepc, zero
core   0: 3 0x0000000080006090 (0x341027f3) x15 0x00000000800056f2
core   0: 0x0000000080006094 (0x34202773) csrrs   a4, mcause, zero
core   0: 3 0x0000000080006094 (0x34202773) x14 0x0000000000000002
core   0: 0x0000000080006098 (0x142026f3) csrrs   a3, scause, zero
core   0: 3 0x0000000080006098 (0x142026f3) x13 0x0000000080006090
core   0: 0x000000008000609c (0x30402673) csrrs   a2, mie, zero
core   0: 3 0x000000008000609c (0x30402673) x12 0x0000000000000a00
core   0: 0x00000000800060a0 (0x344025f3) csrrs   a1, mip, zero
core   0: 3 0x00000000800060a0 (0x344025f3) x11 0x0000000000000080
core   0: 0x00000000800060a4 (0x343025f3) csrrs   a1, mtval, zero
core   0: 3 0x00000000800060a4 (0x343025f3) x11 0x00000000306165f3
core   0: 0x00000000800060a8 (0x14302573) csrrs   a0, stval, zero
core   0: 3 0x00000000800060a8 (0x14302573) x10 0x0000000000000000
core   0: 0x00000000800060ac (0xb02024f3) csrrs   s1, minstret, zero
core   0: 3 0x00000000800060ac (0xb02024f3) x9  0x0000000000000f15
core   0: 0x00000000800060b0 (0x0000a811) c.j     pc + 20
core   0: 3 0x00000000800060b0 (0xa811)
core   0: >>>>  mepc_4
core   0: 0x00000000800060c4 (0x00000791) c.addi  a5, 4
core   0: 3 0x00000000800060c4 (0x0791) x15 0x00000000800056f6
core   0: 0x00000000800060c6 (0x34179073) csrrw   zero, mepc, a5
core   0: 3 0x00000000800060c6 (0x34179073) c833_mepc 0x00000000800056f6
core   0: 0x00000000800060ca (0x30200073) mret
core   0: 3 0x00000000800060ca (0x30200073) c768_mstatus 0x8000000a00106080
core   0: 0x00000000800056f6 (0x234a0a53) fsgnj.d fs4, fs4, fs4
core   0: 1 0x00000000800056f6 (0x234a0a53) f20 0xc05e000000000000
core   0: 0x00000000800056fa (0x00e35b33) srl     s6, t1, a4
core   0: 1 0x00000000800056fa (0x00e35b33) x22 0x000000000d06a000
core   0: 0x00000000800056fe (0x03de8ebb) mulw    t4, t4, t4
core   0: 1 0x00000000800056fe (0x03de8ebb) x29 0x0000000064000000
core   0: 0x0000000080005702 (0xf8609937) lui     s2, 0xf8609
core   0: 1 0x0000000080005702 (0xf8609937) x18 0xfffffffff8609000
core   0: 0x0000000080005706 (0x97d9091b) addiw   s2, s2, -1667
core   0: 1 0x0000000080005706 (0x97d9091b) x18 0xfffffffff860897d
core   0: 0x000000008000570a (0x00000932) c.slli  s2, 12
core   0: 1 0x000000008000570a (0x0932) x18 0xffffff860897d000
core   0: 0x000000008000570c (0xcfd90913) addi    s2, s2, -771
core   0: 1 0x000000008000570c (0xcfd90913) x18 0xffffff860897ccfd
core   0: 0x0000000080005710 (0x5a04f953) fsqrt.d fs2, fs1
core   0: 1 0x0000000080005710 (0x5a04f953) f18 0x7ff8000000000000
core   0: 0x0000000080005714 (0x00202473) csrrs   s0, frm, zero
core   0: 1 0x0000000080005714 (0x00202473) x8  0x0000000000000000
core   0: 0x0000000080005718 (0x01c60933) add     s2, a2, t3
core   0: 1 0x0000000080005718 (0x01c60933) x18 0x00000000000009fe
core   0: 0x000000008000571c (0xd0367fd3) fcvt.s.lu ft11, a2
core   0: 1 0x000000008000571c (0xd0367fd3) f31 0xffffffff45200000
core   0: 0x0000000080005720 (0xd03479d3) fcvt.s.lu fs3, s0
core   0: 1 0x0000000080005720 (0xd03479d3) f19 0xffffffff00000000
core   0: 0x0000000080005724 (0xc038fad3) fcvt.lu.s s5, fa7
core   0: 1 0x0000000080005724 (0xc038fad3) c1_fflags 0x0000000000000011 x21 0xffffffffffffffff
core   0: 0x0000000080005728 (0x00202173) csrrs   sp, frm, zero
core   0: 1 0x0000000080005728 (0x00202173) x2  0x0000000000000000
core   0: 0x000000008000572c (0x00009a42) c.add   s4, a6
core   0: 1 0x000000008000572c (0x9a42) x20 0x102de0b4c000688f
core   0: 0x000000008000572e (0x30627273) csrrci  tp, mcounteren, 4
core   0: exception trap_illegal_instruction, epc 0x000000008000572e
core   0:           tval 0x0000000030627273
core   0: >>>>  $xrv64i2p1_m2p0_a2p1_f2p2_d2p2_zicsr2p0_zifencei2p0_zmmul1p0_zba1p0_zbb1p0_zbc1p0_zbs1p0
core   0: 0x0000000080004000 (0x0080006f) j       pc + 0x8
core   0: 3 0x0000000080004000 (0x0080006f)
core   0: >>>>  mmode_exception_handler
core   0: 0x0000000080004008 (0x00002c17) auipc   s8, 0x2
core   0: 3 0x0000000080004008 (0x00002c17) x24 0x0000000080006008
core   0: 0x000000008000400c (0x088c0c13) addi    s8, s8, 136
core   0: 3 0x000000008000400c (0x088c0c13) x24 0x0000000080006090
core   0: 0x0000000080004010 (0x000c00e7) jalr    s8
core   0: 3 0x0000000080004010 (0x000c00e7) x1  0x0000000080004014
core   0: >>>>  any_handler
core   0: 0x0000000080006090 (0x341027f3) csrrs   a5, mepc, zero
core   0: 3 0x0000000080006090 (0x341027f3) x15 0x000000008000572e
core   0: 0x0000000080006094 (0x34202773) csrrs   a4, mcause, zero
core   0: 3 0x0000000080006094 (0x34202773) x14 0x0000000000000002
core   0: 0x0000000080006098 (0x142026f3) csrrs   a3, scause, zero
core   0: 3 0x0000000080006098 (0x142026f3) x13 0x0000000080006090
core   0: 0x000000008000609c (0x30402673) csrrs   a2, mie, zero
core   0: 3 0x000000008000609c (0x30402673) x12 0x0000000000000a00
core   0: 0x00000000800060a0 (0x344025f3) csrrs   a1, mip, zero
core   0: 3 0x00000000800060a0 (0x344025f3) x11 0x0000000000000080
core   0: 0x00000000800060a4 (0x343025f3) csrrs   a1, mtval, zero
core   0: 3 0x00000000800060a4 (0x343025f3) x11 0x0000000030627273
core   0: 0x00000000800060a8 (0x14302573) csrrs   a0, stval, zero
core   0: 3 0x00000000800060a8 (0x14302573) x10 0x0000000000000000
core   0: 0x00000000800060ac (0xb02024f3) csrrs   s1, minstret, zero
core   0: 3 0x00000000800060ac (0xb02024f3) x9  0x0000000000000f34
core   0: 0x00000000800060b0 (0x0000a811) c.j     pc + 20
core   0: 3 0x00000000800060b0 (0xa811)
core   0: >>>>  mepc_4
core   0: 0x00000000800060c4 (0x00000791) c.addi  a5, 4
core   0: 3 0x00000000800060c4 (0x0791) x15 0x0000000080005732
core   0: 0x00000000800060c6 (0x34179073) csrrw   zero, mepc, a5
core   0: 3 0x00000000800060c6 (0x34179073) c833_mepc 0x0000000080005732
core   0: 0x00000000800060ca (0x30200073) mret
core   0: 3 0x00000000800060ca (0x30200073) c768_mstatus 0x8000000a00106080
core   0: 0x0000000080005732 (0x3230ec73) csrrsi  s8, mhpmevent3, 1
core   0: exception trap_illegal_instruction, epc 0x0000000080005732
core   0:           tval 0x000000003230ec73
core   0: >>>>  $xrv64i2p1_m2p0_a2p1_f2p2_d2p2_zicsr2p0_zifencei2p0_zmmul1p0_zba1p0_zbb1p0_zbc1p0_zbs1p0
core   0: 0x0000000080004000 (0x0080006f) j       pc + 0x8
core   0: 3 0x0000000080004000 (0x0080006f)
core   0: >>>>  mmode_exception_handler
core   0: 0x0000000080004008 (0x00002c17) auipc   s8, 0x2
core   0: 3 0x0000000080004008 (0x00002c17) x24 0x0000000080006008
core   0: 0x000000008000400c (0x088c0c13) addi    s8, s8, 136
core   0: 3 0x000000008000400c (0x088c0c13) x24 0x0000000080006090
core   0: 0x0000000080004010 (0x000c00e7) jalr    s8
core   0: 3 0x0000000080004010 (0x000c00e7) x1  0x0000000080004014
core   0: >>>>  any_handler
core   0: 0x0000000080006090 (0x341027f3) csrrs   a5, mepc, zero
core   0: 3 0x0000000080006090 (0x341027f3) x15 0x0000000080005732
core   0: 0x0000000080006094 (0x34202773) csrrs   a4, mcause, zero
core   0: 3 0x0000000080006094 (0x34202773) x14 0x0000000000000002
core   0: 0x0000000080006098 (0x142026f3) csrrs   a3, scause, zero
core   0: 3 0x0000000080006098 (0x142026f3) x13 0x0000000080006090
core   0: 0x000000008000609c (0x30402673) csrrs   a2, mie, zero
core   0: 3 0x000000008000609c (0x30402673) x12 0x0000000000000a00
core   0: 0x00000000800060a0 (0x344025f3) csrrs   a1, mip, zero
core   0: 3 0x00000000800060a0 (0x344025f3) x11 0x0000000000000080
core   0: 0x00000000800060a4 (0x343025f3) csrrs   a1, mtval, zero
core   0: 3 0x00000000800060a4 (0x343025f3) x11 0x000000003230ec73
core   0: 0x00000000800060a8 (0x14302573) csrrs   a0, stval, zero
core   0: 3 0x00000000800060a8 (0x14302573) x10 0x0000000000000000
core   0: 0x00000000800060ac (0xb02024f3) csrrs   s1, minstret, zero
core   0: 3 0x00000000800060ac (0xb02024f3) x9  0x0000000000000f44
core   0: 0x00000000800060b0 (0x0000a811) c.j     pc + 20
core   0: 3 0x00000000800060b0 (0xa811)
core   0: >>>>  mepc_4
core   0: 0x00000000800060c4 (0x00000791) c.addi  a5, 4
core   0: 3 0x00000000800060c4 (0x0791) x15 0x0000000080005736
core   0: 0x00000000800060c6 (0x34179073) csrrw   zero, mepc, a5
core   0: 3 0x00000000800060c6 (0x34179073) c833_mepc 0x0000000080005736
core   0: 0x00000000800060ca (0x30200073) mret
core   0: 3 0x00000000800060ca (0x30200073) c768_mstatus 0x8000000a00106080
core   0: 0x0000000080005736 (0xd02c74d3) fcvt.s.l fs1, s8
core   0: 1 0x0000000080005736 (0xd02c74d3) c1_fflags 0x0000000000000011 f9  0xffffffff4f000061
core   0: 0x000000008000573a (0xd03270d3) fcvt.s.lu ft1, tp
core   0: 1 0x000000008000573a (0xd03270d3) c1_fflags 0x0000000000000011 f1  0xffffffff5f800000
core   0: 0x000000008000573e (0x0010101b) slliw   zero, zero, 1
core   0: 1 0x000000008000573e (0x0010101b)
core   0: 0x0000000080005742 (0x1ce7e813) ori     a6, a5, 462
core   0: 1 0x0000000080005742 (0x1ce7e813) x16 0x00000000800057fe
core   0: 0x0000000080005746 (0x01f1111b) slliw   sp, sp, 31
core   0: 1 0x0000000080005746 (0x01f1111b) x2  0x0000000000000000
core   0: 0x000000008000574a (0x31a30893) addi    a7, t1, 794
core   0: 1 0x000000008000574a (0x31a30893) x17 0x00000000341a831a
core   0: 0x000000008000574e (0x0b60fb53) fsub.d  fs6, ft1, fs6
core   0: 1 0x000000008000574e (0x0b60fb53) f22 0x7ff8000000000000
core   0: 0x0000000080005752 (0x9273fe93) andi    t4, t2, -1753
core   0: 1 0x0000000080005752 (0x9273fe93) x29 0x0000000000000000
core   0: 0x0000000080005756 (0x004e9c93) slli    s9, t4, 4
core   0: 1 0x0000000080005756 (0x004e9c93) x25 0x0000000000000000
core   0: 0x000000008000575a (0x000c5b93) srli    s7, s8, 0
core   0: 1 0x000000008000575a (0x000c5b93) x23 0x0000000080006090
core   0: 0x000000008000575e (0x1218f753) fmul.d  fa4, fa7, ft1
core   0: 1 0x000000008000575e (0x1218f753) f14 0x7ff8000000000000
core   0: 0x0000000080005762 (0x00008dc6) c.mv    s11, a7
core   0: 1 0x0000000080005762 (0x8dc6) x27 0x00000000341a831a
core   0: 0x0000000080005764 (0x02b5d033) divu    zero, a1, a1
core   0: 1 0x0000000080005764 (0x02b5d033)
core   0: 0x0000000080005768 (0x6a38f1c3) fmadd.d ft3, fa7, ft3, fa3
core   0: 1 0x0000000080005768 (0x6a38f1c3) f3  0x7ff8000000000000
core   0: 0x000000008000576c (0x2e90e913) ori     s2, ra, 745
core   0: 1 0x000000008000576c (0x2e90e913) x18 0x00000000800042fd
core   0: 0x0000000080005770 (0x00ad0eb3) add     t4, s10, a0
core   0: 1 0x0000000080005770 (0x00ad0eb3) x29 0x102de0b440000000
core   0: 0x0000000080005774 (0x00009c9a) c.add   s9, t1
core   0: 1 0x0000000080005774 (0x9c9a) x25 0x00000000341a8000
core   0: 0x0000000080005776 (0x00000001) c.nop
core   0: 1 0x0000000080005776 (0x0001)
core   0: 0x0000000080005778 (0x00f1f633) and     a2, gp, a5
core   0: 1 0x0000000080005778 (0x00f1f633) x12 0x0000000080000000
core   0: 0x000000008000577c (0xc053e273) csrrsi  tp, hpmcounter5, 7
core   0: exception trap_illegal_instruction, epc 0x000000008000577c
core   0:           tval 0x00000000c053e273
core   0: >>>>  $xrv64i2p1_m2p0_a2p1_f2p2_d2p2_zicsr2p0_zifencei2p0_zmmul1p0_zba1p0_zbb1p0_zbc1p0_zbs1p0
core   0: 0x0000000080004000 (0x0080006f) j       pc + 0x8
core   0: 3 0x0000000080004000 (0x0080006f)
core   0: >>>>  mmode_exception_handler
core   0: 0x0000000080004008 (0x00002c17) auipc   s8, 0x2
core   0: 3 0x0000000080004008 (0x00002c17) x24 0x0000000080006008
core   0: 0x000000008000400c (0x088c0c13) addi    s8, s8, 136
core   0: 3 0x000000008000400c (0x088c0c13) x24 0x0000000080006090
core   0: 0x0000000080004010 (0x000c00e7) jalr    s8
core   0: 3 0x0000000080004010 (0x000c00e7) x1  0x0000000080004014
core   0: >>>>  any_handler
core   0: 0x0000000080006090 (0x341027f3) csrrs   a5, mepc, zero
core   0: 3 0x0000000080006090 (0x341027f3) x15 0x000000008000577c
core   0: 0x0000000080006094 (0x34202773) csrrs   a4, mcause, zero
core   0: 3 0x0000000080006094 (0x34202773) x14 0x0000000000000002
core   0: 0x0000000080006098 (0x142026f3) csrrs   a3, scause, zero
core   0: 3 0x0000000080006098 (0x142026f3) x13 0x0000000080006090
core   0: 0x000000008000609c (0x30402673) csrrs   a2, mie, zero
core   0: 3 0x000000008000609c (0x30402673) x12 0x0000000000000a00
core   0: 0x00000000800060a0 (0x344025f3) csrrs   a1, mip, zero
core   0: 3 0x00000000800060a0 (0x344025f3) x11 0x0000000000000080
core   0: 0x00000000800060a4 (0x343025f3) csrrs   a1, mtval, zero
core   0: 3 0x00000000800060a4 (0x343025f3) x11 0x00000000c053e273
core   0: 0x00000000800060a8 (0x14302573) csrrs   a0, stval, zero
core   0: 3 0x00000000800060a8 (0x14302573) x10 0x0000000000000000
core   0: 0x00000000800060ac (0xb02024f3) csrrs   s1, minstret, zero
core   0: 3 0x00000000800060ac (0xb02024f3) x9  0x0000000000000f67
core   0: 0x00000000800060b0 (0x0000a811) c.j     pc + 20
core   0: 3 0x00000000800060b0 (0xa811)
core   0: >>>>  mepc_4
core   0: 0x00000000800060c4 (0x00000791) c.addi  a5, 4
core   0: 3 0x00000000800060c4 (0x0791) x15 0x0000000080005780
core   0: 0x00000000800060c6 (0x34179073) csrrw   zero, mepc, a5
core   0: 3 0x00000000800060c6 (0x34179073) c833_mepc 0x0000000080005780
core   0: 0x00000000800060ca (0x30200073) mret
core   0: 3 0x00000000800060ca (0x30200073) c768_mstatus 0x8000000a00106080
core   0: 0x0000000080005780 (0xfff6081b) addiw   a6, a2, -1
core   0: 1 0x0000000080005780 (0xfff6081b) x16 0x00000000000009ff
core   0: 0x0000000080005784 (0x40c25c3b) sraw    s8, tp, a2
core   0: 1 0x0000000080005784 (0x40c25c3b) x24 0xffffffffffffff88
core   0: 0x0000000080005788 (0x030068b3) rem     a7, zero, a6
core   0: 1 0x0000000080005788 (0x030068b3) x17 0x0000000000000000
core   0: 0x000000008000578c (0x02dc043b) mulw    s0, s8, a3
core   0: 1 0x000000008000578c (0x02dc043b) x8  0xffffffffffd2bc80
core   0: 0x0000000080005790 (0xef30001b) addiw   zero, zero, -269
core   0: 1 0x0000000080005790 (0xef30001b)
core   0: 0x0000000080005794 (0xd2028a53) fcvt.d.w fs4, t0
core   0: 1 0x0000000080005794 (0xd2028a53) f20 0x41dfffe7c6000000
core   0: 0x0000000080005798 (0x00f2f533) and     a0, t0, a5
core   0: 1 0x0000000080005798 (0x00f2f533) x10 0x0000000000001700
core   0: 0x000000008000579c (0x40878eb3) sub     t4, a5, s0
core   0: 1 0x000000008000579c (0x40878eb3) x29 0x00000000802d9b00
core   0: 0x00000000800057a0 (0xc220fb53) fcvt.l.d s6, ft1
core   0: 1 0x00000000800057a0 (0xc220fb53) c1_fflags 0x0000000000000011 x22 0x7fffffffffffffff
core   0: 0x00000000800057a4 (0xd232f953) fcvt.d.lu fs2, t0
core   0: 1 0x00000000800057a4 (0xd232f953) c1_fflags 0x0000000000000011 f18 0x43efffffffeffff4
core   0: 0x00000000800057a8 (0x0390d0b3) divu    ra, ra, s9
core   0: 1 0x00000000800057a8 (0x0390d0b3) x1  0x0000000000000002
core   0: 0x00000000800057ac (0xc02df453) fcvt.l.s s0, fs11
core   0: 1 0x00000000800057ac (0xc02df453) c1_fflags 0x0000000000000011 x8  0x7fffffffffffffff
core   0: 0x00000000800057b0 (0x1252f2d3) fmul.d  ft5, ft5, ft5
core   0: 1 0x00000000800057b0 (0x1252f2d3) f5  0x7ff8000000000000
core   0: 0x00000000800057b4 (0x412083b3) sub     t2, ra, s2
core   0: 1 0x00000000800057b4 (0x412083b3) x7  0xffffffff7fffbd05
core   0: 0x00000000800057b8 (0x00009b22) c.add   s6, s0
core   0: 1 0x00000000800057b8 (0x9b22) x22 0xfffffffffffffffe
core   0: 0x00000000800057ba (0x4006d013) srai    zero, a3, 0
core   0: 1 0x00000000800057ba (0x4006d013)
core   0: 0x00000000800057be (0x418282b3) sub     t0, t0, s8
core   0: 1 0x00000000800057be (0x418282b3) x5  0xffffffff7fff9f90
core   0: 0x00000000800057c2 (0x034e7a3b) remuw   s4, t3, s4
core   0: 1 0x00000000800057c2 (0x034e7a3b) x20 0x000000003fff976f
core   0: 0x00000000800057c6 (0x05cd7937) lui     s2, 0x5cd7
core   0: 1 0x00000000800057c6 (0x05cd7937) x18 0x0000000005cd7000
core   0: 0x00000000800057ca (0x43f9091b) addiw   s2, s2, 1087
core   0: 1 0x00000000800057ca (0x43f9091b) x18 0x0000000005cd743f
core   0: 0x00000000800057ce (0x00000932) c.slli  s2, 12
core   0: 1 0x00000000800057ce (0x0932) x18 0x0000005cd743f000
core   0: 0x00000000800057d0 (0x8ef90913) addi    s2, s2, -1809
core   0: 1 0x00000000800057d0 (0x8ef90913) x18 0x0000005cd743e8ef
core   0: 0x00000000800057d4 (0x40ad5d33) sra     s10, s10, a0
core   0: 1 0x00000000800057d4 (0x40ad5d33) x26 0x102de0b440000000
core   0: 0x00000000800057d8 (0x104ff3f3) csrrci  t2, sie, 31
core   0: 1 0x00000000800057d8 (0x104ff3f3) x7  0x0000000000000000 c772_mie 0x0000000000000a00
core   0: 0x00000000800057dc (0x03fdd293) srli    t0, s11, 63
core   0: 1 0x00000000800057dc (0x03fdd293) x5  0x0000000000000000
core   0: 0x00000000800057e0 (0x96424093) xori    ra, tp, -1692
core   0: 1 0x00000000800057e0 (0x96424093) x1  0x00000000000006ec
core   0: 0x00000000800057e4 (0x00059b13) slli    s6, a1, 0
core   0: 1 0x00000000800057e4 (0x00059b13) x22 0x00000000c053e273
core   0: 0x00000000800057e8 (0x4002d29b) sraiw   t0, t0, 0
core   0: 1 0x00000000800057e8 (0x4002d29b) x5  0x0000000000000000
core   0: 0x00000000800057ec (0x02fb79b3) remu    s3, s6, a5
core   0: 1 0x00000000800057ec (0x02fb79b3) x19 0x0000000040538af3
core   0: 0x00000000800057f0 (0x7ff57813) andi    a6, a0, 2047
core   0: 1 0x00000000800057f0 (0x7ff57813) x16 0x0000000000000700
core   0: 0x00000000800057f4 (0xd2120ed3) fcvt.d.wu ft9, tp
core   0: 1 0x00000000800057f4 (0xd2120ed3) f29 0x41effffff1000000
core   0: 0x00000000800057f8 (0x41ae589b) sraiw   a7, t3, 26
core   0: 1 0x00000000800057f8 (0x41ae589b) x17 0xffffffffffffffff
core   0: 0x00000000800057fc (0x235af743) fmadd.d fa4, fs5, fs5, ft4
core   0: 1 0x00000000800057fc (0x235af743) f14 0x7ff8000000000000
core   0: 0x0000000080005800 (0x401cd0b3) sra     ra, s9, ra
core   0: 1 0x0000000080005800 (0x401cd0b3) x1  0x0000000000000000
core   0: 0x0000000080005804 (0xd9916d37) lui     s10, 0xd9916
core   0: 1 0x0000000080005804 (0xd9916d37) x26 0xffffffffd9916000
core   0: 0x0000000080005808 (0x2b5e9b53) fmax.d  fs6, ft9, fs5
core   0: 1 0x0000000080005808 (0x2b5e9b53) f22 0x41effffff1000000
core   0: 0x000000008000580c (0x406dddb3) sra     s11, s11, t1
core   0: 1 0x000000008000580c (0x406dddb3) x27 0x00000000341a831a
core   0: 0x0000000080005810 (0x0049db33) srl     s6, s3, tp
core   0: 1 0x0000000080005810 (0x0049db33) x22 0x000000000040538a
core   0: 0x0000000080005814 (0xc20b72d3) fcvt.w.d t0, fs6
core   0: 1 0x0000000080005814 (0xc20b72d3) c1_fflags 0x0000000000000011 x5  0x000000007fffffff
core   0: 0x0000000080005818 (0x0001d993) srli    s3, gp, 0
core   0: 1 0x0000000080005818 (0x0001d993) x19 0xffffffffef58a000
core   0: 0x000000008000581c (0x414d8eb3) sub     t4, s11, s4
core   0: 1 0x000000008000581c (0x414d8eb3) x29 0xfffffffff41aebab
core   0: 0x0000000080005820 (0x2bfb9bd3) fmax.d  fs7, fs7, ft11
core   0: 1 0x0000000080005820 (0x2bfb9bd3) f23 0x7ff8000000000000
core   0: 0x0000000080005824 (0xd022fad3) fcvt.s.l fs5, t0
core   0: 1 0x0000000080005824 (0xd022fad3) c1_fflags 0x0000000000000011 f21 0xffffffff4f000000
core   0: 0x0000000080005828 (0x00a514bb) sllw    s1, a0, a0
core   0: 1 0x0000000080005828 (0x00a514bb) x9  0x0000000000001700
core   0: 0x000000008000582c (0xa3c98053) fle.d   zero, fs3, ft8
core   0: 1 0x000000008000582c (0xa3c98053) c1_fflags 0x0000000000000011
core   0: 0x0000000080005830 (0x40a15a93) srai    s5, sp, 10
core   0: 1 0x0000000080005830 (0x40a15a93) x21 0x0000000000000000
core   0: 0x0000000080005834 (0xd2060353) fcvt.d.w ft6, a2
core   0: 1 0x0000000080005834 (0xd2060353) f6  0x40a4000000000000
core   0: 0x0000000080005838 (0xd03afad3) fcvt.s.lu fs5, s5
core   0: 1 0x0000000080005838 (0xd03afad3) f21 0xffffffff00000000
core   0: 0x000000008000583c (0x010c5ab3) srl     s5, s8, a6
core   0: 1 0x000000008000583c (0x010c5ab3) x21 0xffffffffffffff88
core   0: 0x0000000080005840 (0x2b5300d3) fmin.d  ft1, ft6, fs5
core   0: 1 0x0000000080005840 (0x2b5300d3) f1  0x40a4000000000000
core   0: 0x0000000080005844 (0x014b4b33) xor     s6, s6, s4
core   0: 1 0x0000000080005844 (0x014b4b33) x22 0x000000003fbfc4e5
core   0: 0x0000000080005848 (0x00065d1b) srliw   s10, a2, 0
core   0: 1 0x0000000080005848 (0x00065d1b) x26 0x0000000000000a00
core   0: 0x000000008000584c (0x13807053) fmul.d  ft0, ft0, fs8
core   0: 1 0x000000008000584c (0x13807053) f0  0x7ff8000000000000
core   0: 0x0000000080005850 (0x0115509b) srliw   ra, a0, 17
core   0: 1 0x0000000080005850 (0x0115509b) x1  0x0000000000000000
core   0: 0x0000000080005854 (0x007dccb3) xor     s9, s11, t2
core   0: 1 0x0000000080005854 (0x007dccb3) x25 0x00000000341a831a
core   0: 0x0000000080005858 (0x00089013) slli    zero, a7, 0
core   0: 1 0x0000000080005858 (0x00089013)
core   0: 0x000000008000585c (0x000264b3) or      s1, tp, zero
core   0: 1 0x000000008000585c (0x000264b3) x9  0xffffffffffffff88
core   0: 0x0000000080005860 (0x1a1a78d3) fdiv.d  fa7, fs4, ft1
core   0: 1 0x0000000080005860 (0x1a1a78d3) f17 0x4129998638000000
core   0: 0x0000000080005864 (0x00309213) slli    tp, ra, 3
core   0: 1 0x0000000080005864 (0x00309213) x4  0x0000000000000000
core   0: 0x0000000080005868 (0xc20a7ad3) fcvt.w.d s5, fs4
core   0: 1 0x0000000080005868 (0xc20a7ad3) x21 0x000000007fff9f18
core   0: 0x000000008000586c (0x005d54b3) srl     s1, s10, t0
core   0: 1 0x000000008000586c (0x005d54b3) x9  0x0000000000000000
core   0: 0x0000000080005870 (0x0257c63b) divw    a2, a5, t0
core   0: 1 0x0000000080005870 (0x0257c63b) x12 0x0000000000000000
core   0: 0x0000000080005874 (0x5a08f953) fsqrt.d fs2, fa7
core   0: 1 0x0000000080005874 (0x5a08f953) c1_fflags 0x0000000000000011 f18 0x408c9f1af01f7c7f
core   0: 0x0000000080005878 (0xc00511f3) csrrw   gp, cycle, a0
core   0: exception trap_illegal_instruction, epc 0x0000000080005878
core   0:           tval 0x00000000c00511f3
core   0: >>>>  $xrv64i2p1_m2p0_a2p1_f2p2_d2p2_zicsr2p0_zifencei2p0_zmmul1p0_zba1p0_zbb1p0_zbc1p0_zbs1p0
core   0: 0x0000000080004000 (0x0080006f) j       pc + 0x8
core   0: 3 0x0000000080004000 (0x0080006f)
core   0: >>>>  mmode_exception_handler
core   0: 0x0000000080004008 (0x00002c17) auipc   s8, 0x2
core   0: 3 0x0000000080004008 (0x00002c17) x24 0x0000000080006008
core   0: 0x000000008000400c (0x088c0c13) addi    s8, s8, 136
core   0: 3 0x000000008000400c (0x088c0c13) x24 0x0000000080006090
core   0: 0x0000000080004010 (0x000c00e7) jalr    s8
core   0: 3 0x0000000080004010 (0x000c00e7) x1  0x0000000080004014
core   0: >>>>  any_handler
core   0: 0x0000000080006090 (0x341027f3) csrrs   a5, mepc, zero
core   0: 3 0x0000000080006090 (0x341027f3) x15 0x0000000080005878
core   0: 0x0000000080006094 (0x34202773) csrrs   a4, mcause, zero
core   0: 3 0x0000000080006094 (0x34202773) x14 0x0000000000000002
core   0: 0x0000000080006098 (0x142026f3) csrrs   a3, scause, zero
core   0: 3 0x0000000080006098 (0x142026f3) x13 0x0000000080006090
core   0: 0x000000008000609c (0x30402673) csrrs   a2, mie, zero
core   0: 3 0x000000008000609c (0x30402673) x12 0x0000000000000a00
core   0: 0x00000000800060a0 (0x344025f3) csrrs   a1, mip, zero
core   0: 3 0x00000000800060a0 (0x344025f3) x11 0x0000000000000080
core   0: 0x00000000800060a4 (0x343025f3) csrrs   a1, mtval, zero
core   0: 3 0x00000000800060a4 (0x343025f3) x11 0x00000000c00511f3
core   0: 0x00000000800060a8 (0x14302573) csrrs   a0, stval, zero
core   0: 3 0x00000000800060a8 (0x14302573) x10 0x0000000000000000
core   0: 0x00000000800060ac (0xb02024f3) csrrs   s1, minstret, zero
core   0: 3 0x00000000800060ac (0xb02024f3) x9  0x0000000000000fb6
core   0: 0x00000000800060b0 (0x0000a811) c.j     pc + 20
core   0: 3 0x00000000800060b0 (0xa811)
core   0: >>>>  mepc_4
core   0: 0x00000000800060c4 (0x00000791) c.addi  a5, 4
core   0: 3 0x00000000800060c4 (0x0791) x15 0x000000008000587c
core   0: 0x00000000800060c6 (0x34179073) csrrw   zero, mepc, a5
core   0: 3 0x00000000800060c6 (0x34179073) c833_mepc 0x000000008000587c
core   0: 0x00000000800060ca (0x30200073) mret
core   0: 3 0x00000000800060ca (0x30200073) c768_mstatus 0x8000000a00106080
core   0: 0x000000008000587c (0xf2018ad3) fmv.d.x fs5, gp
core   0: 1 0x000000008000587c (0xf2018ad3) f21 0xffffffffef58a000
core   0: 0x0000000080005880 (0x0380c0bb) divw    ra, ra, s8
core   0: 1 0x0000000080005880 (0x0380c0bb) x1  0x0000000000000001
core   0: 0x0000000080005884 (0xfffa8d9b) addiw   s11, s5, -1
core   0: 1 0x0000000080005884 (0xfffa8d9b) x27 0x000000007fff9f17
core   0: 0x0000000080005888 (0xae576117) auipc   sp, 0xae576
core   0: 1 0x0000000080005888 (0xae576117) x2  0x000000002e57b888
core   0: 0x000000008000588c (0x39c0e713) ori     a4, ra, 924
core   0: 1 0x000000008000588c (0x39c0e713) x14 0x000000000000039d
core   0: 0x0000000080005890 (0x00000001) c.nop
core   0: 1 0x0000000080005890 (0x0001)
core   0: 0x0000000080005892 (0xc22df6d3) fcvt.l.d a3, fs11
core   0: 1 0x0000000080005892 (0xc22df6d3) x13 0x0000000000000000
core   0: 0x0000000080005896 (0x00008ed6) c.mv    t4, s5
core   0: 1 0x0000000080005896 (0x8ed6) x29 0x000000007fff9f18
core   0: 0x0000000080005898 (0x039a8e3b) mulw    t3, s5, s9
core   0: 1 0x0000000080005898 (0x039a8e3b) x28 0xffffffffd6cf7070
core   0: 0x000000008000589c (0x224ef243) fmadd.d ft4, ft9, ft4, ft4
core   0: 1 0x000000008000589c (0x224ef243) f4  0x7ff8000000000000
core   0: 0x00000000800058a0 (0x2b6d8e53) fmin.d  ft8, fs11, fs6
core   0: 1 0x00000000800058a0 (0x2b6d8e53) f28 0x0000000000000000
core   0: 0x00000000800058a4 (0x00e6da3b) srlw    s4, a3, a4
core   0: 1 0x00000000800058a4 (0x00e6da3b) x20 0x0000000000000000
core   0: 0x00000000800058a8 (0x0ff0000f) fence   iorw,iorw
core   0: 1 0x00000000800058a8 (0x0ff0000f)
core   0: 0x00000000800058ac (0x019a18bb) sllw    a7, s4, s9
core   0: 1 0x00000000800058ac (0x019a18bb) x17 0x0000000000000000
core   0: 0x00000000800058b0 (0x748a819b) addiw   gp, s5, 1864
core   0: 1 0x00000000800058b0 (0x748a819b) x3  0x000000007fffa660
core   0: 0x00000000800058b4 (0x001e1573) csrrw   a0, fflags, t3
core   0: 1 0x00000000800058b4 (0x001e1573) x10 0x0000000000000011 c1_fflags 0x0000000000000010
core   0: 0x00000000800058b8 (0xc02afd53) fcvt.l.s s10, fs5
core   0: 1 0x00000000800058b8 (0xc02afd53) c1_fflags 0x0000000000000010 x26 0x8000000000000000
core   0: 0x00000000800058bc (0x43c0d113) srai    sp, ra, 60
core   0: 1 0x00000000800058bc (0x43c0d113) x2  0x0000000000000000
core   0: 0x00000000800058c0 (0x00f6e2b3) or      t0, a3, a5
core   0: 1 0x00000000800058c0 (0x00f6e2b3) x5  0x000000008000587c
core   0: 0x00000000800058c4 (0x40fb843b) subw    s0, s7, a5
core   0: 1 0x00000000800058c4 (0x40fb843b) x8  0x0000000000000814
core   0: 0x00000000800058c8 (0xa21bc613) xori    a2, s7, -1503
core   0: 1 0x00000000800058c8 (0xa21bc613) x12 0xffffffff7fff9ab1
core   0: 0x00000000800058cc (0x00102df3) csrrs   s11, fflags, zero
core   0: 1 0x00000000800058cc (0x00102df3) x27 0x0000000000000010
core   0: 0x00000000800058d0 (0x41055b33) sra     s6, a0, a6
core   0: 1 0x00000000800058d0 (0x41055b33) x22 0x0000000000000011
core   0: 0x00000000800058d4 (0x2b8e90d3) fmax.d  ft1, ft9, fs8
core   0: 1 0x00000000800058d4 (0x2b8e90d3) f1  0x41effffff1000000
core   0: 0x00000000800058d8 (0x8c25f393) andi    t2, a1, -1854
core   0: 1 0x00000000800058d8 (0x8c25f393) x7  0x00000000c00510c2
core   0: 0x00000000800058dc (0x41838b3b) subw    s6, t2, s8
core   0: 1 0x00000000800058dc (0x41838b3b) x22 0x000000004004b032
core   0: 0x00000000800058e0 (0x016e4bb3) xor     s7, t3, s6
core   0: 1 0x00000000800058e0 (0x016e4bb3) x23 0xffffffff96cbc042
core   0: 0x00000000800058e4 (0x00000001) c.nop
core   0: 1 0x00000000800058e4 (0x0001)
core   0: 0x00000000800058e6 (0x41638d3b) subw    s10, t2, s6
core   0: 1 0x00000000800058e6 (0x41638d3b) x26 0xffffffff80006090
core   0: 0x00000000800058ea (0x0ff0000f) fence   iorw,iorw
core   0: 1 0x00000000800058ea (0x0ff0000f)
core   0: 0x00000000800058ee (0x1231f4d3) fmul.d  fs1, ft3, ft3
core   0: 1 0x00000000800058ee (0x1231f4d3) f9  0x7ff8000000000000
core   0: 0x00000000800058f2 (0x43115c13) srai    s8, sp, 49
core   0: 1 0x00000000800058f2 (0x43115c13) x24 0x0000000000000000
core   0: 0x00000000800058f6 (0x01aa1d3b) sllw    s10, s4, s10
core   0: 1 0x00000000800058f6 (0x01aa1d3b) x26 0x0000000000000000
core   0: 0x00000000800058fa (0x417b8233) sub     tp, s7, s7
core   0: 1 0x00000000800058fa (0x417b8233) x4  0x0000000000000000
core   0: 0x00000000800058fe (0xc02ff4d3) fcvt.l.s s1, ft11
core   0: 1 0x00000000800058fe (0xc02ff4d3) x9  0x0000000000000a00
core   0: 0x0000000080005902 (0x40ced7bb) sraw    a5, t4, a2
core   0: 1 0x0000000080005902 (0x40ced7bb) x15 0x0000000000003fff
core   0: 0x0000000080005906 (0x0094d713) srli    a4, s1, 9
core   0: 1 0x0000000080005906 (0x0094d713) x14 0x0000000000000005
core   0: 0x000000008000590a (0x029772bb) remuw   t0, a4, s1
core   0: 1 0x000000008000590a (0x029772bb) x5  0x0000000000000005
core   0: 0x000000008000590e (0x97066d13) ori     s10, a2, -1680
core   0: 1 0x000000008000590e (0x97066d13) x26 0xfffffffffffffbf1
core   0: 0x0000000080005912 (0x025d5ebb) divuw   t4, s10, t0
core   0: 1 0x0000000080005912 (0x025d5ebb) x29 0x0000000033333263
core   0: 0x0000000080005916 (0xd0377253) fcvt.s.lu ft4, a4
core   0: 1 0x0000000080005916 (0xd0377253) f4  0xffffffff40a00000
core   0: 0x000000008000591a (0x070db6b7) lui     a3, 0x70db
core   0: 1 0x000000008000591a (0x070db6b7) x13 0x00000000070db000
core   0: 0x000000008000591e (0x3616869b) addiw   a3, a3, 865
core   0: 1 0x000000008000591e (0x3616869b) x13 0x00000000070db361
core   0: 0x0000000080005922 (0x000006b2) c.slli  a3, 12
core   0: 1 0x0000000080005922 (0x06b2) x13 0x00000070db361000
core   0: 0x0000000080005924 (0xf5468693) addi    a3, a3, -172
core   0: 1 0x0000000080005924 (0xf5468693) x13 0x00000070db360f54
core   0: 0x0000000080005928 (0x031282b3) mul     t0, t0, a7
core   0: 1 0x0000000080005928 (0x031282b3) x5  0x0000000000000000
core   0: 0x000000008000592c (0xc0227753) fcvt.l.s a4, ft4
core   0: 1 0x000000008000592c (0xc0227753) x14 0x0000000000000005
core   0: 0x0000000080005930 (0x00129df3) csrrw   s11, fflags, t0
core   0: 1 0x0000000080005930 (0x00129df3) x27 0x0000000000000010 c1_fflags 0x0000000000000000
core   0: 0x0000000080005934 (0x403b023b) subw    tp, s6, gp
core   0: 1 0x0000000080005934 (0x403b023b) x4  0xffffffffc00509d2
core   0: 0x0000000080005938 (0x40f750bb) sraw    ra, a4, a5
core   0: 1 0x0000000080005938 (0x40f750bb) x1  0x0000000000000000
core   0: 0x000000008000593c (0xf7860937) lui     s2, 0xf7860
core   0: 1 0x000000008000593c (0xf7860937) x18 0xfffffffff7860000
core   0: 0x0000000080005940 (0x6e77e793) ori     a5, a5, 1767
core   0: 1 0x0000000080005940 (0x6e77e793) x15 0x0000000000003fff
core   0: 0x0000000080005944 (0x410589bb) subw    s3, a1, a6
core   0: 1 0x0000000080005944 (0x410589bb) x19 0xffffffffc0050af3
core   0: 0x0000000080005948 (0x001e9df3) csrrw   s11, fflags, t4
core   0: 1 0x0000000080005948 (0x001e9df3) x27 0x0000000000000000 c1_fflags 0x0000000000000003
core   0: 0x000000008000594c (0x1bac7c53) fdiv.d  fs8, fs8, fs10
core   0: 1 0x000000008000594c (0x1bac7c53) f24 0x7ff8000000000000
core   0: 0x0000000080005950 (0x41770bb3) sub     s7, a4, s7
core   0: 1 0x0000000080005950 (0x41770bb3) x23 0x0000000069343fc3
core   0: 0x0000000080005954 (0x001095b3) sll     a1, ra, ra
core   0: 1 0x0000000080005954 (0x001095b3) x11 0x0000000000000000
core   0: 0x0000000080005958 (0x02b0adb3) mulhsu  s11, ra, a1
core   0: 1 0x0000000080005958 (0x02b0adb3) x27 0x0000000000000000
core   0: 0x000000008000595c (0x3a808b13) addi    s6, ra, 936
core   0: 1 0x000000008000595c (0x3a808b13) x22 0x00000000000003a8
core   0: 0x0000000080005960 (0x034b6a3b) remw    s4, s6, s4
core   0: 1 0x0000000080005960 (0x034b6a3b) x20 0x00000000000003a8
core   0: 0x0000000080005964 (0x40fa0933) sub     s2, s4, a5
core   0: 1 0x0000000080005964 (0x40fa0933) x18 0xffffffffffffc3a9
core   0: 0x0000000080005968 (0xc23e7253) fcvt.lu.d tp, ft8
core   0: 1 0x0000000080005968 (0xc23e7253) x4  0x0000000000000000
core   0: 0x000000008000596c (0x02a4c333) div     t1, s1, a0
core   0: 1 0x000000008000596c (0x02a4c333) x6  0x0000000000000096
core   0: 0x0000000080005970 (0x00d5153b) sllw    a0, a0, a3
core   0: 1 0x0000000080005970 (0x00d5153b) x10 0x0000000001100000
core   0: 0x0000000080005974 (0x948ee893) ori     a7, t4, -1720
core   0: 1 0x0000000080005974 (0x948ee893) x17 0xfffffffffffffb6b
core   0: 0x0000000080005978 (0x2a001053) fmax.d  ft0, ft0, ft0
core   0: 1 0x0000000080005978 (0x2a001053) f0  0x7ff8000000000000
core   0: 0x000000008000597c (0x420d8ed3) fcvt.d.s ft9, fs11
core   0: 1 0x000000008000597c (0x420d8ed3) f29 0x7ff8000000000000
core   0: 0x0000000080005980 (0x031af033) remu    zero, s5, a7
core   0: 1 0x0000000080005980 (0x031af033)
core   0: 0x0000000080005984 (0xd02d7d53) fcvt.s.l fs10, s10
core   0: 1 0x0000000080005984 (0xd02d7d53) f26 0xffffffffc481e000
core   0: 0x0000000080005988 (0x002021f3) csrrs   gp, frm, zero
core   0: 1 0x0000000080005988 (0x002021f3) x3  0x0000000000000000
core   0: 0x000000008000598c (0xd2018453) fcvt.d.w fs0, gp
core   0: 1 0x000000008000598c (0xd2018453) f8  0x0000000000000000
core   0: 0x0000000080005990 (0xc034f953) fcvt.lu.s s2, fs1
core   0: 1 0x0000000080005990 (0xc034f953) c1_fflags 0x0000000000000013 x18 0xffffffffffffffff
core   0: 0x0000000080005994 (0x0235ceb3) div     t4, a1, gp
core   0: 1 0x0000000080005994 (0x0235ceb3) x29 0xffffffffffffffff
core   0: 0x0000000080005998 (0xff098d37) lui     s10, 0xff098
core   0: 1 0x0000000080005998 (0xff098d37) x26 0xffffffffff098000
core   0: 0x000000008000599c (0x47fd0d1b) addiw   s10, s10, 1151
core   0: 1 0x000000008000599c (0x47fd0d1b) x26 0xffffffffff09847f
core   0: 0x00000000800059a0 (0x00000d36) c.slli  s10, 13
core   0: 1 0x00000000800059a0 (0x0d36) x26 0xffffffe1308fe000
core   0: 0x00000000800059a2 (0xd2ad0d13) addi    s10, s10, -726
core   0: 1 0x00000000800059a2 (0xd2ad0d13) x26 0xffffffe1308fdd2a
core   0: 0x00000000800059a6 (0x0326b4b3) mulhu   s1, a3, s2
core   0: 1 0x00000000800059a6 (0x0326b4b3) x9  0x00000070db360f53
core   0: 0x00000000800059aa (0x03c3613b) remw    sp, t1, t3
core   0: 1 0x00000000800059aa (0x03c3613b) x2  0x0000000000000096
core   0: 0x00000000800059ae (0x02b2893b) mulw    s2, t0, a1
core   0: 1 0x00000000800059ae (0x02b2893b) x18 0x0000000000000000
core   0: 0x00000000800059b2 (0x0b00f353) fsub.d  ft6, ft1, fa6
core   0: 1 0x00000000800059b2 (0x0b00f353) f6  0x7ff8000000000000
core   0: 0x00000000800059b6 (0x404c0b3b) subw    s6, s8, tp
core   0: 1 0x00000000800059b6 (0x404c0b3b) x22 0x0000000000000000
core   0: 0x00000000800059ba (0x001a4b93) xori    s7, s4, 1
core   0: 1 0x00000000800059ba (0x001a4b93) x23 0x00000000000003a9
core   0: 0x00000000800059be (0x2299a9d3) fsgnjx.d fs3, fs3, fs1
core   0: 1 0x00000000800059be (0x2299a9d3) f19 0xffffffff00000000
core   0: 0x00000000800059c2 (0x00000001) c.nop
core   0: 1 0x00000000800059c2 (0x0001)
core   0: 0x00000000800059c4 (0xb306784f) fnmadd.d fa6, fa2, fa6, fs6
core   0: 1 0x00000000800059c4 (0xb306784f) f16 0x7ff8000000000000
core   0: 0x00000000800059c8 (0x4002de13) srai    t3, t0, 0
core   0: 1 0x00000000800059c8 (0x4002de13) x28 0x0000000000000000
core   0: 0x00000000800059cc (0x01d01cbb) sllw    s9, zero, t4
core   0: 1 0x00000000800059cc (0x01d01cbb) x25 0x0000000000000000
core   0: 0x00000000800059d0 (0x880bf097) auipc   ra, 0x880bf
core   0: 1 0x00000000800059d0 (0x880bf097) x1  0x00000000080c49d0
core   0: 0x00000000800059d4 (0x011eda1b) srliw   s4, t4, 17
core   0: 1 0x00000000800059d4 (0x011eda1b) x20 0x0000000000007fff
core   0: 0x00000000800059d8 (0x0adff3c3) fmadd.d ft7, ft11, fa3, ft1
core   0: 1 0x00000000800059d8 (0x0adff3c3) f7  0x7ff8000000000000
core   0: 0x00000000800059dc (0x01259a9b) slliw   s5, a1, 18
core   0: 1 0x00000000800059dc (0x01259a9b) x21 0x0000000000000000
core   0: 0x00000000800059e0 (0x010e97b3) sll     a5, t4, a6
core   0: 1 0x00000000800059e0 (0x010e97b3) x15 0xffffffffffffffff
core   0: 0x00000000800059e4 (0xa5aa4617) auipc   a2, 0xa5aa4
core   0: 1 0x00000000800059e4 (0xa5aa4617) x12 0x0000000025aa99e4
core   0: 0x00000000800059e8 (0x1b7afbd3) fdiv.d  fs7, fs5, fs7
core   0: 1 0x00000000800059e8 (0x1b7afbd3) f23 0x7ff8000000000000
core   0: 0x00000000800059ec (0x2a4d8dd3) fmin.d  fs11, fs11, ft4
core   0: 1 0x00000000800059ec (0x2a4d8dd3) f27 0x0000000000000000
core   0: 0x00000000800059f0 (0x0332b833) mulhu   a6, t0, s3
core   0: 1 0x00000000800059f0 (0x0332b833) x16 0x0000000000000000
core   0: 0x00000000800059f4 (0x00000001) c.nop
core   0: 1 0x00000000800059f4 (0x0001)
core   0: 0x00000000800059f6 (0x03d67333) remu    t1, a2, t4
core   0: 1 0x00000000800059f6 (0x03d67333) x6  0x0000000025aa99e4
core   0: 0x00000000800059fa (0x03b22233) mulhsu  tp, tp, s11
core   0: 1 0x00000000800059fa (0x03b22233) x4  0x0000000000000000
core   0: 0x00000000800059fe (0xc23972d3) fcvt.lu.d t0, fs2
core   0: 1 0x00000000800059fe (0xc23972d3) c1_fflags 0x0000000000000013 x5  0x0000000000000394
core   0: 0x0000000080005a02 (0x0280d433) divu    s0, ra, s0
core   0: 1 0x0000000080005a02 (0x0280d433) x8  0x000000000000ff0b
core   0: 0x0000000080005a06 (0x40025c3b) sraw    s8, tp, zero
core   0: 1 0x0000000080005a06 (0x40025c3b) x24 0x0000000000000000
core   0: 0x0000000080005a0a (0xa2cc89d3) fle.d   s3, fs9, fa2
core   0: 1 0x0000000080005a0a (0xa2cc89d3) c1_fflags 0x0000000000000013 x19 0x0000000000000000
core   0: 0x0000000080005a0e (0xc02bf953) fcvt.l.s s2, fs7
core   0: 1 0x0000000080005a0e (0xc02bf953) c1_fflags 0x0000000000000013 x18 0x7fffffffffffffff
core   0: 0x0000000080005a12 (0x005909b3) add     s3, s2, t0
core   0: 1 0x0000000080005a12 (0x005909b3) x19 0x8000000000000393
core   0: 0x0000000080005a16 (0x413c0ebb) subw    t4, s8, s3
core   0: 1 0x0000000080005a16 (0x413c0ebb) x29 0xfffffffffffffc6d
core   0: 0x0000000080005a1a (0x021c6b3b) remw    s6, s8, ra
core   0: 1 0x0000000080005a1a (0x021c6b3b) x22 0x0000000000000000
core   0: 0x0000000080005a1e (0x00e70eb3) add     t4, a4, a4
core   0: 1 0x0000000080005a1e (0x00e70eb3) x29 0x000000000000000a
core   0: 0x0000000080005a22 (0xc03df753) fcvt.lu.s a4, fs11
core   0: 1 0x0000000080005a22 (0xc03df753) c1_fflags 0x0000000000000013 x14 0xffffffffffffffff
core   0: 0x0000000080005a26 (0x01210ebb) addw    t4, sp, s2
core   0: 1 0x0000000080005a26 (0x01210ebb) x29 0x0000000000000095
core   0: 0x0000000080005a2a (0x002b1e73) csrrw   t3, frm, s6
core   0: 1 0x0000000080005a2a (0x002b1e73) x28 0x0000000000000000 c2_frm 0x0000000000000000
core   0: 0x0000000080005a2e (0x01bcd6b7) lui     a3, 0x1bcd
core   0: 1 0x0000000080005a2e (0x01bcd6b7) x13 0x0000000001bcd000
core   0: 0x0000000080005a32 (0x4a36869b) addiw   a3, a3, 1187
core   0: 1 0x0000000080005a32 (0x4a36869b) x13 0x0000000001bcd4a3
core   0: 0x0000000080005a36 (0x000006b2) c.slli  a3, 12
core   0: 1 0x0000000080005a36 (0x06b2) x13 0x0000001bcd4a3000
core   0: 0x0000000080005a38 (0x21068693) addi    a3, a3, 528
core   0: 1 0x0000000080005a38 (0x21068693) x13 0x0000001bcd4a3210
core   0: 0x0000000080005a3c (0x409a8ab3) sub     s5, s5, s1
core   0: 1 0x0000000080005a3c (0x409a8ab3) x21 0xffffff8f24c9f0ad
core   0: 0x0000000080005a40 (0x0185dc3b) srlw    s8, a1, s8
core   0: 1 0x0000000080005a40 (0x0185dc3b) x24 0x0000000000000000
core   0: 0x0000000080005a44 (0x236f9853) fsgnjn.d fa6, ft11, fs6
core   0: 1 0x0000000080005a44 (0x236f9853) f16 0xffffffff45200000
core   0: 0x0000000080005a48 (0x949d4113) xori    sp, s10, -1719
core   0: 1 0x0000000080005a48 (0x949d4113) x2  0x0000001ecf702463
core   0: 0x0000000080005a4c (0xc03a73d3) fcvt.lu.s t2, fs4
core   0: 1 0x0000000080005a4c (0xc03a73d3) c1_fflags 0x0000000000000013 x7  0xffffffffffffffff
core   0: 0x0000000080005a50 (0x0ff0000f) fence   iorw,iorw
core   0: 1 0x0000000080005a50 (0x0ff0000f)
core   0: 0x0000000080005a54 (0x5a007053) fsqrt.d ft0, ft0
core   0: 1 0x0000000080005a54 (0x5a007053) f0  0x7ff8000000000000
core   0: 0x0000000080005a58 (0xa2bb0bd3) fle.d   s7, fs6, fa1
core   0: 1 0x0000000080005a58 (0xa2bb0bd3) x23 0x0000000000000000
core   0: 0x0000000080005a5c (0x01f5d39b) srliw   t2, a1, 31
core   0: 1 0x0000000080005a5c (0x01f5d39b) x7  0x0000000000000000
core   0: 0x0000000080005a60 (0xd02e7653) fcvt.s.l fa2, t3
core   0: 1 0x0000000080005a60 (0xd02e7653) f12 0xffffffff00000000
core   0: 0x0000000080005a64 (0x2f0df693) andi    a3, s11, 752
core   0: 1 0x0000000080005a64 (0x2f0df693) x13 0x0000000000000000
core   0: 0x0000000080005a68 (0x40f6da3b) sraw    s4, a3, a5
core   0: 1 0x0000000080005a68 (0x40f6da3b) x20 0x0000000000000000
core   0: 0x0000000080005a6c (0x40ee5593) srai    a1, t3, 14
core   0: 1 0x0000000080005a6c (0x40ee5593) x11 0x0000000000000000
core   0: 0x0000000080005a70 (0x015d8abb) addw    s5, s11, s5
core   0: 1 0x0000000080005a70 (0x015d8abb) x21 0x0000000024c9f0ad
core   0: 0x0000000080005a74 (0x034dc6b3) div     a3, s11, s4
core   0: 1 0x0000000080005a74 (0x034dc6b3) x13 0xffffffffffffffff
core   0: 0x0000000080005a78 (0xeb958893) addi    a7, a1, -327
core   0: 1 0x0000000080005a78 (0xeb958893) x17 0xfffffffffffffeb9
core   0: 0x0000000080005a7c (0x6b9efecf) fnmadd.d ft9, ft9, fs9, fa3
core   0: 1 0x0000000080005a7c (0x6b9efecf) f29 0x7ff8000000000000
core   0: 0x0000000080005a80 (0x4184d4bb) sraw    s1, s1, s8
core   0: 1 0x0000000080005a80 (0x4184d4bb) x9  0xffffffffdb360f53
core   0: 0x0000000080005a84 (0x6b5af947) fmsub.d fs2, fs5, fs5, fa3
core   0: 1 0x0000000080005a84 (0x6b5af947) f18 0x7ff8000000000000
core   0: 0x0000000080005a88 (0xc482f313) andi    t1, t0, -952
core   0: 1 0x0000000080005a88 (0xc482f313) x6  0x0000000000000000
core   0: 0x0000000080005a8c (0x039c803b) mulw    zero, s9, s9
core   0: 1 0x0000000080005a8c (0x039c803b)
core   0: 0x0000000080005a90 (0xd2287c53) fcvt.d.l fs8, a6
core   0: 1 0x0000000080005a90 (0xd2287c53) f24 0x0000000000000000
core   0: 0x0000000080005a94 (0x01915113) srli    sp, sp, 25
core   0: 1 0x0000000080005a94 (0x01915113) x2  0x0000000000000f67
core   0: 0x0000000080005a98 (0x01c36733) or      a4, t1, t3
core   0: 1 0x0000000080005a98 (0x01c36733) x14 0x0000000000000000
core   0: 0x0000000080005a9c (0xc2197b53) fcvt.wu.d s6, fs2
core   0: 1 0x0000000080005a9c (0xc2197b53) c1_fflags 0x0000000000000013 x22 0xffffffffffffffff
core   0: 0x0000000080005aa0 (0xd2138753) fcvt.d.wu fa4, t2
core   0: 1 0x0000000080005aa0 (0xd2138753) f14 0x0000000000000000
core   0: 0x0000000080005aa4 (0x40db5833) sra     a6, s6, a3
core   0: 1 0x0000000080005aa4 (0x40db5833) x16 0xffffffffffffffff
core   0: 0x0000000080005aa8 (0xc21e70d3) fcvt.wu.d ra, ft8
core   0: 1 0x0000000080005aa8 (0xc21e70d3) x1  0x0000000000000000
core   0: 0x0000000080005aac (0x5a0d7a53) fsqrt.d fs4, fs10
core   0: 1 0x0000000080005aac (0x5a0d7a53) f20 0x7ff8000000000000
core   0: 0x0000000080005ab0 (0xab55ff43) fmadd.d ft10, fa1, fs5, fs5
core   0: 1 0x0000000080005ab0 (0xab55ff43) f30 0x7ff8000000000000
core   0: 0x0000000080005ab4 (0x0138c9b3) xor     s3, a7, s3
core   0: 1 0x0000000080005ab4 (0x0138c9b3) x19 0x7ffffffffffffd2a
core   0: 0x0000000080005ab8 (0x03c7d7bb) divuw   a5, a5, t3
core   0: 1 0x0000000080005ab8 (0x03c7d7bb) x15 0xffffffffffffffff
core   0: 0x0000000080005abc (0x404d5a93) srai    s5, s10, 4
core   0: 1 0x0000000080005abc (0x404d5a93) x21 0xfffffffe1308fdd2
core   0: 0x0000000080005ac0 (0x00425cb3) srl     s9, tp, tp
core   0: 1 0x0000000080005ac0 (0x00425cb3) x25 0x0000000000000000
core   0: 0x0000000080005ac4 (0x0a027dd3) fsub.d  fs11, ft4, ft0
core   0: 1 0x0000000080005ac4 (0x0a027dd3) f27 0x7ff8000000000000
core   0: 0x0000000080005ac8 (0x004c933b) sllw    t1, s9, tp
core   0: 1 0x0000000080005ac8 (0x004c933b) x6  0x0000000000000000
core   0: 0x0000000080005acc (0xc200f5d3) fcvt.w.d a1, ft1
core   0: 1 0x0000000080005acc (0xc200f5d3) c1_fflags 0x0000000000000013 x11 0x000000007fffffff
core   0: 0x0000000080005ad0 (0x41fcd41b) sraiw   s0, s9, 31
core   0: 1 0x0000000080005ad0 (0x41fcd41b) x8  0x0000000000000000
core   0: 0x0000000080005ad4 (0x01f8181b) slliw   a6, a6, 31
core   0: 1 0x0000000080005ad4 (0x01f8181b) x16 0xffffffff80000000
core   0: 0x0000000080005ad8 (0x7ff8001b) addiw   zero, a6, 2047
core   0: 1 0x0000000080005ad8 (0x7ff8001b)
core   0: 0x0000000080005adc (0x2a620353) fmin.d  ft6, ft4, ft6
core   0: 1 0x0000000080005adc (0x2a620353) f6  0x7ff8000000000000
core   0: 0x0000000080005ae0 (0x37c04393) xori    t2, zero, 892
core   0: 1 0x0000000080005ae0 (0x37c04393) x7  0x000000000000037c
core   0: 0x0000000080005ae4 (0x00d6cdb3) xor     s11, a3, a3
core   0: 1 0x0000000080005ae4 (0x00d6cdb3) x27 0x0000000000000000
core   0: 0x0000000080005ae8 (0x005772b3) and     t0, a4, t0
core   0: 1 0x0000000080005ae8 (0x005772b3) x5  0x0000000000000000
core   0: 0x0000000080005aec (0x01f8101b) slliw   zero, a6, 31
core   0: 1 0x0000000080005aec (0x01f8101b)
core   0: 0x0000000080005af0 (0xfa184693) xori    a3, a6, -95
core   0: 1 0x0000000080005af0 (0xfa184693) x13 0x000000007fffffa1
core   0: 0x0000000080005af4 (0x02d697b3) mulh    a5, a3, a3
core   0: 1 0x0000000080005af4 (0x02d697b3) x15 0x0000000000000000
core   0: 0x0000000080005af8 (0x4151dabb) sraw    s5, gp, s5
core   0: 1 0x0000000080005af8 (0x4151dabb) x21 0x0000000000000000
core   0: 0x0000000080005afc (0xa3b60cd3) fle.d   s9, fa2, fs11
core   0: 1 0x0000000080005afc (0xa3b60cd3) c1_fflags 0x0000000000000013 x25 0x0000000000000000
core   0: 0x0000000080005b00 (0xd02cf4d3) fcvt.s.l fs1, s9
core   0: 1 0x0000000080005b00 (0xd02cf4d3) f9  0xffffffff00000000
core   0: 0x0000000080005b04 (0x00261073) csrrw   zero, frm, a2
core   0: 1 0x0000000080005b04 (0x00261073) c2_frm 0x0000000000000004
core   0: 0x0000000080005b08 (0x00000001) c.nop
core   0: 1 0x0000000080005b08 (0x0001)
core   0: 0x0000000080005b0a (0x4009ddbb) sraw    s11, s3, zero
core   0: 1 0x0000000080005b0a (0x4009ddbb) x27 0xfffffffffffffd2a
core   0: 0x0000000080005b0e (0x4d05081b) addiw   a6, a0, 1232
core   0: 1 0x0000000080005b0e (0x4d05081b) x16 0x00000000011004d0
core   0: 0x0000000080005b12 (0x0aa4f6d3) fsub.d  fa3, fs1, fa0
core   0: 1 0x0000000080005b12 (0x0aa4f6d3) f13 0x7ff8000000000000
core   0: 0x0000000080005b16 (0x01354bb3) xor     s7, a0, s3
core   0: 1 0x0000000080005b16 (0x01354bb3) x23 0x7ffffffffeeffd2a
core   0: 0x0000000080005b1a (0x0a9e7e53) fsub.d  ft8, ft8, fs1
core   0: 1 0x0000000080005b1a (0x0a9e7e53) f28 0x7ff8000000000000
core   0: 0x0000000080005b1e (0x22c6ab53) fsgnjx.d fs6, fa3, fa2
core   0: 1 0x0000000080005b1e (0x22c6ab53) f22 0xfff8000000000000
core   0: 0x0000000080005b22 (0xd237f753) fcvt.d.lu fa4, a5
core   0: 1 0x0000000080005b22 (0xd237f753) f14 0x0000000000000000
core   0: 0x0000000080005b26 (0xc014f6f3) csrrci  a3, time, 9
core   0: exception trap_illegal_instruction, epc 0x0000000080005b26
core   0:           tval 0x00000000c014f6f3
core   0: >>>>  $xrv64i2p1_m2p0_a2p1_f2p2_d2p2_zicsr2p0_zifencei2p0_zmmul1p0_zba1p0_zbb1p0_zbc1p0_zbs1p0
core   0: 0x0000000080004000 (0x0080006f) j       pc + 0x8
core   0: 3 0x0000000080004000 (0x0080006f)
core   0: >>>>  mmode_exception_handler
core   0: 0x0000000080004008 (0x00002c17) auipc   s8, 0x2
core   0: 3 0x0000000080004008 (0x00002c17) x24 0x0000000080006008
core   0: 0x000000008000400c (0x088c0c13) addi    s8, s8, 136
core   0: 3 0x000000008000400c (0x088c0c13) x24 0x0000000080006090
core   0: 0x0000000080004010 (0x000c00e7) jalr    s8
core   0: 3 0x0000000080004010 (0x000c00e7) x1  0x0000000080004014
core   0: >>>>  any_handler
core   0: 0x0000000080006090 (0x341027f3) csrrs   a5, mepc, zero
core   0: 3 0x0000000080006090 (0x341027f3) x15 0x0000000080005b26
core   0: 0x0000000080006094 (0x34202773) csrrs   a4, mcause, zero
core   0: 3 0x0000000080006094 (0x34202773) x14 0x0000000000000002
core   0: 0x0000000080006098 (0x142026f3) csrrs   a3, scause, zero
core   0: 3 0x0000000080006098 (0x142026f3) x13 0x0000000080006090
core   0: 0x000000008000609c (0x30402673) csrrs   a2, mie, zero
core   0: 3 0x000000008000609c (0x30402673) x12 0x0000000000000a00
core   0: 0x00000000800060a0 (0x344025f3) csrrs   a1, mip, zero
core   0: 3 0x00000000800060a0 (0x344025f3) x11 0x0000000000000080
core   0: 0x00000000800060a4 (0x343025f3) csrrs   a1, mtval, zero
core   0: 3 0x00000000800060a4 (0x343025f3) x11 0x00000000c014f6f3
core   0: 0x00000000800060a8 (0x14302573) csrrs   a0, stval, zero
core   0: 3 0x00000000800060a8 (0x14302573) x10 0x0000000000000000
core   0: 0x00000000800060ac (0xb02024f3) csrrs   s1, minstret, zero
core   0: 3 0x00000000800060ac (0xb02024f3) x9  0x0000000000001075
core   0: 0x00000000800060b0 (0x0000a811) c.j     pc + 20
core   0: 3 0x00000000800060b0 (0xa811)
core   0: >>>>  mepc_4
core   0: 0x00000000800060c4 (0x00000791) c.addi  a5, 4
core   0: 3 0x00000000800060c4 (0x0791) x15 0x0000000080005b2a
core   0: 0x00000000800060c6 (0x34179073) csrrw   zero, mepc, a5
core   0: 3 0x00000000800060c6 (0x34179073) c833_mepc 0x0000000080005b2a
core   0: 0x00000000800060ca (0x30200073) mret
core   0: 3 0x00000000800060ca (0x30200073) c768_mstatus 0x8000000a00106080
core   0: 0x0000000080005b2a (0xd20b02d3) fcvt.d.w ft5, s6
core   0: 1 0x0000000080005b2a (0xd20b02d3) f5  0xbff0000000000000
core   0: 0x0000000080005b2e (0x014adabb) srlw    s5, s5, s4
core   0: 1 0x0000000080005b2e (0x014adabb) x21 0x0000000000000000
core   0: 0x0000000080005b32 (0x7ffb8413) addi    s0, s7, 2047
core   0: 1 0x0000000080005b32 (0x7ffb8413) x8  0x7ffffffffef00529
core   0: 0x0000000080005b36 (0x41dad9b3) sra     s3, s5, t4
core   0: 1 0x0000000080005b36 (0x41dad9b3) x19 0x0000000000000000
core   0: 0x0000000080005b3a (0x013744b3) xor     s1, a4, s3
core   0: 1 0x0000000080005b3a (0x013744b3) x9  0x0000000000000002
core   0: 0x0000000080005b3e (0xc032f553) fcvt.lu.s a0, ft5
core   0: 1 0x0000000080005b3e (0xc032f553) c1_fflags 0x0000000000000013 x10 0xffffffffffffffff
core   0: 0x0000000080005b42 (0x4111513b) sraw    sp, sp, a7
core   0: 1 0x0000000080005b42 (0x4111513b) x2  0x0000000000000000
core   0: 0x0000000080005b46 (0xc032f4d3) fcvt.lu.s s1, ft5
core   0: 1 0x0000000080005b46 (0xc032f4d3) c1_fflags 0x0000000000000013 x9  0xffffffffffffffff
core   0: 0x0000000080005b4a (0x03111793) slli    a5, sp, 49
core   0: 1 0x0000000080005b4a (0x03111793) x15 0x0000000000000000
core   0: 0x0000000080005b4e (0x7bf7cc93) xori    s9, a5, 1983
core   0: 1 0x0000000080005b4e (0x7bf7cc93) x25 0x00000000000007bf
core   0: 0x0000000080005b52 (0x00984533) xor     a0, a6, s1
core   0: 1 0x0000000080005b52 (0x00984533) x10 0xfffffffffeeffb2f
core   0: 0x0000000080005b56 (0x0350c3bb) divw    t2, ra, s5
core   0: 1 0x0000000080005b56 (0x0350c3bb) x7  0xffffffffffffffff
core   0: 0x0000000080005b5a (0x2bbd80d3) fmin.d  ft1, fs11, fs11
core   0: 1 0x0000000080005b5a (0x2bbd80d3) f1  0x7ff8000000000000
core   0: 0x0000000080005b5e (0x027aed33) rem     s10, s5, t2
core   0: 1 0x0000000080005b5e (0x027aed33) x26 0x0000000000000000
core   0: 0x0000000080005b62 (0x0340cab3) div     s5, ra, s4
core   0: 1 0x0000000080005b62 (0x0340cab3) x21 0xffffffffffffffff
core   0: 0x0000000080005b66 (0x015265b3) or      a1, tp, s5
core   0: 1 0x0000000080005b66 (0x015265b3) x11 0xffffffffffffffff
core   0: 0x0000000080005b6a (0xc03af353) fcvt.lu.s t1, fs5
core   0: 1 0x0000000080005b6a (0xc03af353) c1_fflags 0x0000000000000013 x6  0x0000000000000000
core   0: 0x0000000080005b6e (0x0013833b) addw    t1, t2, ra
core   0: 1 0x0000000080005b6e (0x0013833b) x6  0xffffffff80004013
core   0: 0x0000000080005b72 (0x221801d3) fsgnj.d ft3, fa6, ft1
core   0: 1 0x0000000080005b72 (0x221801d3) f3  0x7fffffff45200000
core   0: 0x0000000080005b76 (0x233a9553) fsgnjn.d fa0, fs5, fs3
core   0: 1 0x0000000080005b76 (0x233a9553) f10 0x7fffffffef58a000
core   0: 0x0000000080005b7a (0x52a9f44f) fnmadd.d fs0, fs3, fa0, fa0
core   0: 1 0x0000000080005b7a (0x52a9f44f) f8  0x7ff8000000000000
core   0: 0x0000000080005b7e (0xdcdf0a17) auipc   s4, 0xdcdf0
core   0: 1 0x0000000080005b7e (0xdcdf0a17) x20 0x000000005cdf5b7e
core   0: 0x0000000080005b82 (0x800a0c93) addi    s9, s4, -2048
core   0: 1 0x0000000080005b82 (0x800a0c93) x25 0x000000005cdf537e
core   0: 0x0000000080005b86 (0xc209fd53) fcvt.w.d s10, fs3
core   0: 1 0x0000000080005b86 (0xc209fd53) c1_fflags 0x0000000000000013 x26 0x000000007fffffff
core   0: 0x0000000080005b8a (0xc231fb53) fcvt.lu.d s6, ft3
core   0: 1 0x0000000080005b8a (0xc231fb53) c1_fflags 0x0000000000000013 x22 0xffffffffffffffff
core   0: 0x0000000080005b8e (0x019549b3) xor     s3, a0, s9
core   0: 1 0x0000000080005b8e (0x019549b3) x19 0xffffffffa230a851
core   0: 0x0000000080005b92 (0x10697073) csrrci  zero, scounteren, 18
core   0: 1 0x0000000080005b92 (0x10697073) c262_scounteren 0x0000000000000000
core   0: 0x0000000080005b96 (0x838f1b37) lui     s6, 0x838f1
core   0: 1 0x0000000080005b96 (0x838f1b37) x22 0xffffffff838f1000
core   0: 0x0000000080005b9a (0x0207d893) srli    a7, a5, 32
core   0: 1 0x0000000080005b9a (0x0207d893) x17 0x0000000000000000
core   0: 0x0000000080005b9e (0x0ff0000f) fence   iorw,iorw
core   0: 1 0x0000000080005b9e (0x0ff0000f)
core   0: 0x0000000080005ba2 (0x03914a3b) divw    s4, sp, s9
core   0: 1 0x0000000080005ba2 (0x03914a3b) x20 0x0000000000000000
core   0: 0x0000000080005ba6 (0x00000001) c.nop
core   0: 1 0x0000000080005ba6 (0x0001)
core   0: 0x0000000080005ba8 (0x034a4833) div     a6, s4, s4
core   0: 1 0x0000000080005ba8 (0x034a4833) x16 0xffffffffffffffff
core   0: 0x0000000080005bac (0x71db8993) addi    s3, s7, 1821
core   0: 1 0x0000000080005bac (0x71db8993) x19 0x7ffffffffef00447
core   0: 0x0000000080005bb0 (0x7ff8081b) addiw   a6, a6, 2047
core   0: 1 0x0000000080005bb0 (0x7ff8081b) x16 0x00000000000007fe
core   0: 0x0000000080005bb4 (0x0139f033) and     zero, s3, s3
core   0: 1 0x0000000080005bb4 (0x0139f033)
core   0: 0x0000000080005bb8 (0x02c80cb3) mul     s9, a6, a2
core   0: 1 0x0000000080005bb8 (0x02c80cb3) x25 0x00000000004fec00
core   0: 0x0000000080005bbc (0x01c91db3) sll     s11, s2, t3
core   0: 1 0x0000000080005bbc (0x01c91db3) x27 0x7fffffffffffffff
core   0: 0x0000000080005bc0 (0x1b3374d3) fdiv.d  fs1, ft6, fs3
core   0: 1 0x0000000080005bc0 (0x1b3374d3) f9  0x7ff8000000000000
core   0: 0x0000000080005bc4 (0x03f51613) slli    a2, a0, 63
core   0: 1 0x0000000080005bc4 (0x03f51613) x12 0x8000000000000000
core   0: 0x0000000080005bc8 (0x013ee833) or      a6, t4, s3
core   0: 1 0x0000000080005bc8 (0x013ee833) x16 0x7ffffffffef004d7
core   0: 0x0000000080005bcc (0x1a0075d3) fdiv.d  fa1, ft0, ft0
core   0: 1 0x0000000080005bcc (0x1a0075d3) f11 0x7ff8000000000000
core   0: 0x0000000080005bd0 (0x4003d71b) sraiw   a4, t2, 0
core   0: 1 0x0000000080005bd0 (0x4003d71b) x14 0xffffffffffffffff
core   0: 0x0000000080005bd4 (0x410808b3) sub     a7, a6, a6
core   0: 1 0x0000000080005bd4 (0x410808b3) x17 0x0000000000000000
core   0: 0x0000000080005bd8 (0xe273f3c3) fmadd.d ft7, ft7, ft7, ft8
core   0: 1 0x0000000080005bd8 (0xe273f3c3) f7  0x7ff8000000000000
core   0: 0x0000000080005bdc (0x0ff0000f) fence   iorw,iorw
core   0: 1 0x0000000080005bdc (0x0ff0000f)
core   0: 0x0000000080005be0 (0x024a1413) slli    s0, s4, 36
core   0: 1 0x0000000080005be0 (0x024a1413) x8  0x0000000000000000
core   0: 0x0000000080005be4 (0x00979033) sll     zero, a5, s1
core   0: 1 0x0000000080005be4 (0x00979033)
core   0: 0x0000000080005be8 (0xf20e8253) fmv.d.x ft4, t4
core   0: 1 0x0000000080005be8 (0xf20e8253) f4  0x0000000000000095
core   0: 0x0000000080005bec (0x01b27233) and     tp, tp, s11
core   0: 1 0x0000000080005bec (0x01b27233) x4  0x0000000000000000
core   0: 0x0000000080005bf0 (0x000b5b93) srli    s7, s6, 0
core   0: 1 0x0000000080005bf0 (0x000b5b93) x23 0xffffffff838f1000
core   0: 0x0000000080005bf4 (0x4192003b) subw    zero, tp, s9
core   0: 1 0x0000000080005bf4 (0x4192003b)
core   0: 0x0000000080005bf8 (0x12bd7dd3) fmul.d  fs11, fs10, fa1
core   0: 1 0x0000000080005bf8 (0x12bd7dd3) f27 0x7ff8000000000000
core   0: 0x0000000080005bfc (0x543898b7) lui     a7, 0x54389
core   0: 1 0x0000000080005bfc (0x543898b7) x17 0x0000000054389000
core   0: 0x0000000080005c00 (0x002591f3) csrrw   gp, frm, a1
core   0: 1 0x0000000080005c00 (0x002591f3) x3  0x0000000000000004 c2_frm 0x0000000000000007
core   0: 0x0000000080005c04 (0x0120569b) srliw   a3, zero, 18
core   0: 1 0x0000000080005c04 (0x0120569b) x13 0x0000000000000000
core   0: 0x0000000080005c08 (0x00f79ebb) sllw    t4, a5, a5
core   0: 1 0x0000000080005c08 (0x00f79ebb) x29 0x0000000000000000
core   0: 0x0000000080005c0c (0xd0257d53) fcvt.s.l fs10, a0
core   0: exception trap_illegal_instruction, epc 0x0000000080005c0c
core   0:           tval 0x00000000d0257d53
core   0: >>>>  $xrv64i2p1_m2p0_a2p1_f2p2_d2p2_zicsr2p0_zifencei2p0_zmmul1p0_zba1p0_zbb1p0_zbc1p0_zbs1p0
core   0: 0x0000000080004000 (0x0080006f) j       pc + 0x8
core   0: 3 0x0000000080004000 (0x0080006f)
core   0: >>>>  mmode_exception_handler
core   0: 0x0000000080004008 (0x00002c17) auipc   s8, 0x2
core   0: 3 0x0000000080004008 (0x00002c17) x24 0x0000000080006008
core   0: 0x000000008000400c (0x088c0c13) addi    s8, s8, 136
core   0: 3 0x000000008000400c (0x088c0c13) x24 0x0000000080006090
core   0: 0x0000000080004010 (0x000c00e7) jalr    s8
core   0: 3 0x0000000080004010 (0x000c00e7) x1  0x0000000080004014
core   0: >>>>  any_handler
core   0: 0x0000000080006090 (0x341027f3) csrrs   a5, mepc, zero
core   0: 3 0x0000000080006090 (0x341027f3) x15 0x0000000080005c0c
core   0: 0x0000000080006094 (0x34202773) csrrs   a4, mcause, zero
core   0: 3 0x0000000080006094 (0x34202773) x14 0x0000000000000002
core   0: 0x0000000080006098 (0x142026f3) csrrs   a3, scause, zero
core   0: 3 0x0000000080006098 (0x142026f3) x13 0x0000000080006090
core   0: 0x000000008000609c (0x30402673) csrrs   a2, mie, zero
core   0: 3 0x000000008000609c (0x30402673) x12 0x0000000000000a00
core   0: 0x00000000800060a0 (0x344025f3) csrrs   a1, mip, zero
core   0: 3 0x00000000800060a0 (0x344025f3) x11 0x0000000000000080
core   0: 0x00000000800060a4 (0x343025f3) csrrs   a1, mtval, zero
core   0: 3 0x00000000800060a4 (0x343025f3) x11 0x00000000d0257d53
core   0: 0x00000000800060a8 (0x14302573) csrrs   a0, stval, zero
core   0: 3 0x00000000800060a8 (0x14302573) x10 0x0000000000000000
core   0: 0x00000000800060ac (0xb02024f3) csrrs   s1, minstret, zero
core   0: 3 0x00000000800060ac (0xb02024f3) x9  0x00000000000010be
core   0: 0x00000000800060b0 (0x0000a811) c.j     pc + 20
core   0: 3 0x00000000800060b0 (0xa811)
core   0: >>>>  mepc_4
core   0: 0x00000000800060c4 (0x00000791) c.addi  a5, 4
core   0: 3 0x00000000800060c4 (0x0791) x15 0x0000000080005c10
core   0: 0x00000000800060c6 (0x34179073) csrrw   zero, mepc, a5
core   0: 3 0x00000000800060c6 (0x34179073) c833_mepc 0x0000000080005c10
core   0: 0x00000000800060ca (0x30200073) mret
core   0: 3 0x00000000800060ca (0x30200073) c768_mstatus 0x8000000a00106080
core   0: 0x0000000080005c10 (0x002cdb93) srli    s7, s9, 2
core   0: 1 0x0000000080005c10 (0x002cdb93) x23 0x000000000013fb00
core   0: 0x0000000080005c14 (0xd02af053) fcvt.s.l ft0, s5
core   0: exception trap_illegal_instruction, epc 0x0000000080005c14
core   0:           tval 0x00000000d02af053
core   0: >>>>  $xrv64i2p1_m2p0_a2p1_f2p2_d2p2_zicsr2p0_zifencei2p0_zmmul1p0_zba1p0_zbb1p0_zbc1p0_zbs1p0
core   0: 0x0000000080004000 (0x0080006f) j       pc + 0x8
core   0: 3 0x0000000080004000 (0x0080006f)
core   0: >>>>  mmode_exception_handler
core   0: 0x0000000080004008 (0x00002c17) auipc   s8, 0x2
core   0: 3 0x0000000080004008 (0x00002c17) x24 0x0000000080006008
core   0: 0x000000008000400c (0x088c0c13) addi    s8, s8, 136
core   0: 3 0x000000008000400c (0x088c0c13) x24 0x0000000080006090
core   0: 0x0000000080004010 (0x000c00e7) jalr    s8
core   0: 3 0x0000000080004010 (0x000c00e7) x1  0x0000000080004014
core   0: >>>>  any_handler
core   0: 0x0000000080006090 (0x341027f3) csrrs   a5, mepc, zero
core   0: 3 0x0000000080006090 (0x341027f3) x15 0x0000000080005c14
core   0: 0x0000000080006094 (0x34202773) csrrs   a4, mcause, zero
core   0: 3 0x0000000080006094 (0x34202773) x14 0x0000000000000002
core   0: 0x0000000080006098 (0x142026f3) csrrs   a3, scause, zero
core   0: 3 0x0000000080006098 (0x142026f3) x13 0x0000000080006090
core   0: 0x000000008000609c (0x30402673) csrrs   a2, mie, zero
core   0: 3 0x000000008000609c (0x30402673) x12 0x0000000000000a00
core   0: 0x00000000800060a0 (0x344025f3) csrrs   a1, mip, zero
core   0: 3 0x00000000800060a0 (0x344025f3) x11 0x0000000000000080
core   0: 0x00000000800060a4 (0x343025f3) csrrs   a1, mtval, zero
core   0: 3 0x00000000800060a4 (0x343025f3) x11 0x00000000d02af053
core   0: 0x00000000800060a8 (0x14302573) csrrs   a0, stval, zero
core   0: 3 0x00000000800060a8 (0x14302573) x10 0x0000000000000000
core   0: 0x00000000800060ac (0xb02024f3) csrrs   s1, minstret, zero
core   0: 3 0x00000000800060ac (0xb02024f3) x9  0x00000000000010cf
core   0: 0x00000000800060b0 (0x0000a811) c.j     pc + 20
core   0: 3 0x00000000800060b0 (0xa811)
core   0: >>>>  mepc_4
core   0: 0x00000000800060c4 (0x00000791) c.addi  a5, 4
core   0: 3 0x00000000800060c4 (0x0791) x15 0x0000000080005c18
core   0: 0x00000000800060c6 (0x34179073) csrrw   zero, mepc, a5
core   0: 3 0x00000000800060c6 (0x34179073) c833_mepc 0x0000000080005c18
core   0: 0x00000000800060ca (0x30200073) mret
core   0: 3 0x00000000800060ca (0x30200073) c768_mstatus 0x8000000a00106080
core   0: 0x0000000080005c18 (0x03b28dbb) mulw    s11, t0, s11
core   0: 1 0x0000000080005c18 (0x03b28dbb) x27 0x0000000000000000
core   0: 0x0000000080005c1c (0xd035fcd3) fcvt.s.lu fs9, a1
core   0: exception trap_illegal_instruction, epc 0x0000000080005c1c
core   0:           tval 0x00000000d035fcd3
core   0: >>>>  $xrv64i2p1_m2p0_a2p1_f2p2_d2p2_zicsr2p0_zifencei2p0_zmmul1p0_zba1p0_zbb1p0_zbc1p0_zbs1p0
core   0: 0x0000000080004000 (0x0080006f) j       pc + 0x8
core   0: 3 0x0000000080004000 (0x0080006f)
core   0: >>>>  mmode_exception_handler
core   0: 0x0000000080004008 (0x00002c17) auipc   s8, 0x2
core   0: 3 0x0000000080004008 (0x00002c17) x24 0x0000000080006008
core   0: 0x000000008000400c (0x088c0c13) addi    s8, s8, 136
core   0: 3 0x000000008000400c (0x088c0c13) x24 0x0000000080006090
core   0: 0x0000000080004010 (0x000c00e7) jalr    s8
core   0: 3 0x0000000080004010 (0x000c00e7) x1  0x0000000080004014
core   0: >>>>  any_handler
core   0: 0x0000000080006090 (0x341027f3) csrrs   a5, mepc, zero
core   0: 3 0x0000000080006090 (0x341027f3) x15 0x0000000080005c1c
core   0: 0x0000000080006094 (0x34202773) csrrs   a4, mcause, zero
core   0: 3 0x0000000080006094 (0x34202773) x14 0x0000000000000002
core   0: 0x0000000080006098 (0x142026f3) csrrs   a3, scause, zero
core   0: 3 0x0000000080006098 (0x142026f3) x13 0x0000000080006090
core   0: 0x000000008000609c (0x30402673) csrrs   a2, mie, zero
core   0: 3 0x000000008000609c (0x30402673) x12 0x0000000000000a00
core   0: 0x00000000800060a0 (0x344025f3) csrrs   a1, mip, zero
core   0: 3 0x00000000800060a0 (0x344025f3) x11 0x0000000000000080
core   0: 0x00000000800060a4 (0x343025f3) csrrs   a1, mtval, zero
core   0: 3 0x00000000800060a4 (0x343025f3) x11 0x00000000d035fcd3
core   0: 0x00000000800060a8 (0x14302573) csrrs   a0, stval, zero
core   0: 3 0x00000000800060a8 (0x14302573) x10 0x0000000000000000
core   0: 0x00000000800060ac (0xb02024f3) csrrs   s1, minstret, zero
core   0: 3 0x00000000800060ac (0xb02024f3) x9  0x00000000000010e0
core   0: 0x00000000800060b0 (0x0000a811) c.j     pc + 20
core   0: 3 0x00000000800060b0 (0xa811)
core   0: >>>>  mepc_4
core   0: 0x00000000800060c4 (0x00000791) c.addi  a5, 4
core   0: 3 0x00000000800060c4 (0x0791) x15 0x0000000080005c20
core   0: 0x00000000800060c6 (0x34179073) csrrw   zero, mepc, a5
core   0: 3 0x00000000800060c6 (0x34179073) c833_mepc 0x0000000080005c20
core   0: 0x00000000800060ca (0x30200073) mret
core   0: 3 0x00000000800060ca (0x30200073) c768_mstatus 0x8000000a00106080
core   0: 0x0000000080005c20 (0x340a23f3) csrrs   t2, mscratch, s4
core   0: exception trap_illegal_instruction, epc 0x0000000080005c20
core   0:           tval 0x00000000340a23f3
core   0: >>>>  $xrv64i2p1_m2p0_a2p1_f2p2_d2p2_zicsr2p0_zifencei2p0_zmmul1p0_zba1p0_zbb1p0_zbc1p0_zbs1p0
core   0: 0x0000000080004000 (0x0080006f) j       pc + 0x8
core   0: 3 0x0000000080004000 (0x0080006f)
core   0: >>>>  mmode_exception_handler
core   0: 0x0000000080004008 (0x00002c17) auipc   s8, 0x2
core   0: 3 0x0000000080004008 (0x00002c17) x24 0x0000000080006008
core   0: 0x000000008000400c (0x088c0c13) addi    s8, s8, 136
core   0: 3 0x000000008000400c (0x088c0c13) x24 0x0000000080006090
core   0: 0x0000000080004010 (0x000c00e7) jalr    s8
core   0: 3 0x0000000080004010 (0x000c00e7) x1  0x0000000080004014
core   0: >>>>  any_handler
core   0: 0x0000000080006090 (0x341027f3) csrrs   a5, mepc, zero
core   0: 3 0x0000000080006090 (0x341027f3) x15 0x0000000080005c20
core   0: 0x0000000080006094 (0x34202773) csrrs   a4, mcause, zero
core   0: 3 0x0000000080006094 (0x34202773) x14 0x0000000000000002
core   0: 0x0000000080006098 (0x142026f3) csrrs   a3, scause, zero
core   0: 3 0x0000000080006098 (0x142026f3) x13 0x0000000080006090
core   0: 0x000000008000609c (0x30402673) csrrs   a2, mie, zero
core   0: 3 0x000000008000609c (0x30402673) x12 0x0000000000000a00
core   0: 0x00000000800060a0 (0x344025f3) csrrs   a1, mip, zero
core   0: 3 0x00000000800060a0 (0x344025f3) x11 0x0000000000000080
core   0: 0x00000000800060a4 (0x343025f3) csrrs   a1, mtval, zero
core   0: 3 0x00000000800060a4 (0x343025f3) x11 0x00000000340a23f3
core   0: 0x00000000800060a8 (0x14302573) csrrs   a0, stval, zero
core   0: 3 0x00000000800060a8 (0x14302573) x10 0x0000000000000000
core   0: 0x00000000800060ac (0xb02024f3) csrrs   s1, minstret, zero
core   0: 3 0x00000000800060ac (0xb02024f3) x9  0x00000000000010f0
core   0: 0x00000000800060b0 (0x0000a811) c.j     pc + 20
core   0: 3 0x00000000800060b0 (0xa811)
core   0: >>>>  mepc_4
core   0: 0x00000000800060c4 (0x00000791) c.addi  a5, 4
core   0: 3 0x00000000800060c4 (0x0791) x15 0x0000000080005c24
core   0: 0x00000000800060c6 (0x34179073) csrrw   zero, mepc, a5
core   0: 3 0x00000000800060c6 (0x34179073) c833_mepc 0x0000000080005c24
core   0: 0x00000000800060ca (0x30200073) mret
core   0: 3 0x00000000800060ca (0x30200073) c768_mstatus 0x8000000a00106080
core   0: 0x0000000080005c24 (0xca31f347) fmsub.d ft6, ft3, ft3, fs9
core   0: exception trap_illegal_instruction, epc 0x0000000080005c24
core   0:           tval 0x00000000ca31f347
core   0: >>>>  $xrv64i2p1_m2p0_a2p1_f2p2_d2p2_zicsr2p0_zifencei2p0_zmmul1p0_zba1p0_zbb1p0_zbc1p0_zbs1p0
core   0: 0x0000000080004000 (0x0080006f) j       pc + 0x8
core   0: 3 0x0000000080004000 (0x0080006f)
core   0: >>>>  mmode_exception_handler
core   0: 0x0000000080004008 (0x00002c17) auipc   s8, 0x2
core   0: 3 0x0000000080004008 (0x00002c17) x24 0x0000000080006008
core   0: 0x000000008000400c (0x088c0c13) addi    s8, s8, 136
core   0: 3 0x000000008000400c (0x088c0c13) x24 0x0000000080006090
core   0: 0x0000000080004010 (0x000c00e7) jalr    s8
core   0: 3 0x0000000080004010 (0x000c00e7) x1  0x0000000080004014
core   0: >>>>  any_handler
core   0: 0x0000000080006090 (0x341027f3) csrrs   a5, mepc, zero
core   0: 3 0x0000000080006090 (0x341027f3) x15 0x0000000080005c24
core   0: 0x0000000080006094 (0x34202773) csrrs   a4, mcause, zero
core   0: 3 0x0000000080006094 (0x34202773) x14 0x0000000000000002
core   0: 0x0000000080006098 (0x142026f3) csrrs   a3, scause, zero
core   0: 3 0x0000000080006098 (0x142026f3) x13 0x0000000080006090
core   0: 0x000000008000609c (0x30402673) csrrs   a2, mie, zero
core   0: 3 0x000000008000609c (0x30402673) x12 0x0000000000000a00
core   0: 0x00000000800060a0 (0x344025f3) csrrs   a1, mip, zero
core   0: 3 0x00000000800060a0 (0x344025f3) x11 0x0000000000000080
core   0: 0x00000000800060a4 (0x343025f3) csrrs   a1, mtval, zero
core   0: 3 0x00000000800060a4 (0x343025f3) x11 0x00000000ca31f347
core   0: 0x00000000800060a8 (0x14302573) csrrs   a0, stval, zero
core   0: 3 0x00000000800060a8 (0x14302573) x10 0x0000000000000000
core   0: 0x00000000800060ac (0xb02024f3) csrrs   s1, minstret, zero
core   0: 3 0x00000000800060ac (0xb02024f3) x9  0x0000000000001100
core   0: 0x00000000800060b0 (0x0000a811) c.j     pc + 20
core   0: 3 0x00000000800060b0 (0xa811)
core   0: >>>>  mepc_4
core   0: 0x00000000800060c4 (0x00000791) c.addi  a5, 4
core   0: 3 0x00000000800060c4 (0x0791) x15 0x0000000080005c28
core   0: 0x00000000800060c6 (0x34179073) csrrw   zero, mepc, a5
core   0: 3 0x00000000800060c6 (0x34179073) c833_mepc 0x0000000080005c28
core   0: 0x00000000800060ca (0x30200073) mret
core   0: 3 0x00000000800060ca (0x30200073) c768_mstatus 0x8000000a00106080
core   0: 0x0000000080005c28 (0x00161cf3) csrrw   s9, fflags, a2
core   0: 1 0x0000000080005c28 (0x00161cf3) x25 0x0000000000000013 c1_fflags 0x0000000000000000
core   0: 0x0000000080005c2c (0x023977d3) fadd.d  fa5, fs2, ft3
core   0: exception trap_illegal_instruction, epc 0x0000000080005c2c
core   0:           tval 0x00000000023977d3
core   0: >>>>  $xrv64i2p1_m2p0_a2p1_f2p2_d2p2_zicsr2p0_zifencei2p0_zmmul1p0_zba1p0_zbb1p0_zbc1p0_zbs1p0
core   0: 0x0000000080004000 (0x0080006f) j       pc + 0x8
core   0: 3 0x0000000080004000 (0x0080006f)
core   0: >>>>  mmode_exception_handler
core   0: 0x0000000080004008 (0x00002c17) auipc   s8, 0x2
core   0: 3 0x0000000080004008 (0x00002c17) x24 0x0000000080006008
core   0: 0x000000008000400c (0x088c0c13) addi    s8, s8, 136
core   0: 3 0x000000008000400c (0x088c0c13) x24 0x0000000080006090
core   0: 0x0000000080004010 (0x000c00e7) jalr    s8
core   0: 3 0x0000000080004010 (0x000c00e7) x1  0x0000000080004014
core   0: >>>>  any_handler
core   0: 0x0000000080006090 (0x341027f3) csrrs   a5, mepc, zero
core   0: 3 0x0000000080006090 (0x341027f3) x15 0x0000000080005c2c
core   0: 0x0000000080006094 (0x34202773) csrrs   a4, mcause, zero
core   0: 3 0x0000000080006094 (0x34202773) x14 0x0000000000000002
core   0: 0x0000000080006098 (0x142026f3) csrrs   a3, scause, zero
core   0: 3 0x0000000080006098 (0x142026f3) x13 0x0000000080006090
core   0: 0x000000008000609c (0x30402673) csrrs   a2, mie, zero
core   0: 3 0x000000008000609c (0x30402673) x12 0x0000000000000a00
core   0: 0x00000000800060a0 (0x344025f3) csrrs   a1, mip, zero
core   0: 3 0x00000000800060a0 (0x344025f3) x11 0x0000000000000080
core   0: 0x00000000800060a4 (0x343025f3) csrrs   a1, mtval, zero
core   0: 3 0x00000000800060a4 (0x343025f3) x11 0x00000000023977d3
core   0: 0x00000000800060a8 (0x14302573) csrrs   a0, stval, zero
core   0: 3 0x00000000800060a8 (0x14302573) x10 0x0000000000000000
core   0: 0x00000000800060ac (0xb02024f3) csrrs   s1, minstret, zero
core   0: 3 0x00000000800060ac (0xb02024f3) x9  0x0000000000001111
core   0: 0x00000000800060b0 (0x0000a811) c.j     pc + 20
core   0: 3 0x00000000800060b0 (0xa811)
core   0: >>>>  mepc_4
core   0: 0x00000000800060c4 (0x00000791) c.addi  a5, 4
core   0: 3 0x00000000800060c4 (0x0791) x15 0x0000000080005c30
core   0: 0x00000000800060c6 (0x34179073) csrrw   zero, mepc, a5
core   0: 3 0x00000000800060c6 (0x34179073) c833_mepc 0x0000000080005c30
core   0: 0x00000000800060ca (0x30200073) mret
core   0: 3 0x00000000800060ca (0x30200073) c768_mstatus 0x8000000a00106080
core   0: 0x0000000080005c30 (0x028eeebb) remw    t4, t4, s0
core   0: 1 0x0000000080005c30 (0x028eeebb) x29 0x0000000000000000
core   0: 0x0000000080005c34 (0x000a599b) srliw   s3, s4, 0
core   0: 1 0x0000000080005c34 (0x000a599b) x19 0x0000000000000000
core   0: 0x0000000080005c38 (0xd2387ed3) fcvt.d.lu ft9, a6
core   0: exception trap_illegal_instruction, epc 0x0000000080005c38
core   0:           tval 0x00000000d2387ed3
core   0: >>>>  $xrv64i2p1_m2p0_a2p1_f2p2_d2p2_zicsr2p0_zifencei2p0_zmmul1p0_zba1p0_zbb1p0_zbc1p0_zbs1p0
core   0: 0x0000000080004000 (0x0080006f) j       pc + 0x8
core   0: 3 0x0000000080004000 (0x0080006f)
core   0: >>>>  mmode_exception_handler
core   0: 0x0000000080004008 (0x00002c17) auipc   s8, 0x2
core   0: 3 0x0000000080004008 (0x00002c17) x24 0x0000000080006008
core   0: 0x000000008000400c (0x088c0c13) addi    s8, s8, 136
core   0: 3 0x000000008000400c (0x088c0c13) x24 0x0000000080006090
core   0: 0x0000000080004010 (0x000c00e7) jalr    s8
core   0: 3 0x0000000080004010 (0x000c00e7) x1  0x0000000080004014
core   0: >>>>  any_handler
core   0: 0x0000000080006090 (0x341027f3) csrrs   a5, mepc, zero
core   0: 3 0x0000000080006090 (0x341027f3) x15 0x0000000080005c38
core   0: 0x0000000080006094 (0x34202773) csrrs   a4, mcause, zero
core   0: 3 0x0000000080006094 (0x34202773) x14 0x0000000000000002
core   0: 0x0000000080006098 (0x142026f3) csrrs   a3, scause, zero
core   0: 3 0x0000000080006098 (0x142026f3) x13 0x0000000080006090
core   0: 0x000000008000609c (0x30402673) csrrs   a2, mie, zero
core   0: 3 0x000000008000609c (0x30402673) x12 0x0000000000000a00
core   0: 0x00000000800060a0 (0x344025f3) csrrs   a1, mip, zero
core   0: 3 0x00000000800060a0 (0x344025f3) x11 0x0000000000000080
core   0: 0x00000000800060a4 (0x343025f3) csrrs   a1, mtval, zero
core   0: 3 0x00000000800060a4 (0x343025f3) x11 0x00000000d2387ed3
core   0: 0x00000000800060a8 (0x14302573) csrrs   a0, stval, zero
core   0: 3 0x00000000800060a8 (0x14302573) x10 0x0000000000000000
core   0: 0x00000000800060ac (0xb02024f3) csrrs   s1, minstret, zero
core   0: 3 0x00000000800060ac (0xb02024f3) x9  0x0000000000001123
core   0: 0x00000000800060b0 (0x0000a811) c.j     pc + 20
core   0: 3 0x00000000800060b0 (0xa811)
core   0: >>>>  mepc_4
core   0: 0x00000000800060c4 (0x00000791) c.addi  a5, 4
core   0: 3 0x00000000800060c4 (0x0791) x15 0x0000000080005c3c
core   0: 0x00000000800060c6 (0x34179073) csrrw   zero, mepc, a5
core   0: 3 0x00000000800060c6 (0x34179073) c833_mepc 0x0000000080005c3c
core   0: 0x00000000800060ca (0x30200073) mret
core   0: 3 0x00000000800060ca (0x30200073) c768_mstatus 0x8000000a00106080
core   0: 0x0000000080005c3c (0xf2010253) fmv.d.x ft4, sp
core   0: 1 0x0000000080005c3c (0xf2010253) f4  0x0000000000000000
core   0: 0x0000000080005c40 (0x097e8e1b) addiw   t3, t4, 151
core   0: 1 0x0000000080005c40 (0x097e8e1b) x28 0x0000000000000097
core   0: 0x0000000080005c44 (0x42b27dcf) fnmadd.d fs11, ft4, fa1, fs0
core   0: exception trap_illegal_instruction, epc 0x0000000080005c44
core   0:           tval 0x0000000042b27dcf
core   0: >>>>  $xrv64i2p1_m2p0_a2p1_f2p2_d2p2_zicsr2p0_zifencei2p0_zmmul1p0_zba1p0_zbb1p0_zbc1p0_zbs1p0
core   0: 0x0000000080004000 (0x0080006f) j       pc + 0x8
core   0: 3 0x0000000080004000 (0x0080006f)
core   0: >>>>  mmode_exception_handler
core   0: 0x0000000080004008 (0x00002c17) auipc   s8, 0x2
core   0: 3 0x0000000080004008 (0x00002c17) x24 0x0000000080006008
core   0: 0x000000008000400c (0x088c0c13) addi    s8, s8, 136
core   0: 3 0x000000008000400c (0x088c0c13) x24 0x0000000080006090
core   0: 0x0000000080004010 (0x000c00e7) jalr    s8
core   0: 3 0x0000000080004010 (0x000c00e7) x1  0x0000000080004014
core   0: >>>>  any_handler
core   0: 0x0000000080006090 (0x341027f3) csrrs   a5, mepc, zero
core   0: 3 0x0000000080006090 (0x341027f3) x15 0x0000000080005c44
core   0: 0x0000000080006094 (0x34202773) csrrs   a4, mcause, zero
core   0: 3 0x0000000080006094 (0x34202773) x14 0x0000000000000002
core   0: 0x0000000080006098 (0x142026f3) csrrs   a3, scause, zero
core   0: 3 0x0000000080006098 (0x142026f3) x13 0x0000000080006090
core   0: 0x000000008000609c (0x30402673) csrrs   a2, mie, zero
core   0: 3 0x000000008000609c (0x30402673) x12 0x0000000000000a00
core   0: 0x00000000800060a0 (0x344025f3) csrrs   a1, mip, zero
core   0: 3 0x00000000800060a0 (0x344025f3) x11 0x0000000000000080
core   0: 0x00000000800060a4 (0x343025f3) csrrs   a1, mtval, zero
core   0: 3 0x00000000800060a4 (0x343025f3) x11 0x0000000042b27dcf
core   0: 0x00000000800060a8 (0x14302573) csrrs   a0, stval, zero
core   0: 3 0x00000000800060a8 (0x14302573) x10 0x0000000000000000
core   0: 0x00000000800060ac (0xb02024f3) csrrs   s1, minstret, zero
core   0: 3 0x00000000800060ac (0xb02024f3) x9  0x0000000000001135
core   0: 0x00000000800060b0 (0x0000a811) c.j     pc + 20
core   0: 3 0x00000000800060b0 (0xa811)
core   0: >>>>  mepc_4
core   0: 0x00000000800060c4 (0x00000791) c.addi  a5, 4
core   0: 3 0x00000000800060c4 (0x0791) x15 0x0000000080005c48
core   0: 0x00000000800060c6 (0x34179073) csrrw   zero, mepc, a5
core   0: 3 0x00000000800060c6 (0x34179073) c833_mepc 0x0000000080005c48
core   0: 0x00000000800060ca (0x30200073) mret
core   0: 3 0x00000000800060ca (0x30200073) c768_mstatus 0x8000000a00106080
core   0: 0x0000000080005c48 (0xfa01e297) auipc   t0, 0xfa01e
core   0: 1 0x0000000080005c48 (0xfa01e297) x5  0x000000007a023c48
core   0: 0x0000000080005c4c (0x006657bb) srlw    a5, a2, t1
core   0: 1 0x0000000080005c4c (0x006657bb) x15 0x0000000000000000
core   0: 0x0000000080005c50 (0xc03576d3) fcvt.lu.s a3, fa0
core   0: exception trap_illegal_instruction, epc 0x0000000080005c50
core   0:           tval 0x00000000c03576d3
core   0: >>>>  $xrv64i2p1_m2p0_a2p1_f2p2_d2p2_zicsr2p0_zifencei2p0_zmmul1p0_zba1p0_zbb1p0_zbc1p0_zbs1p0
core   0: 0x0000000080004000 (0x0080006f) j       pc + 0x8
core   0: 3 0x0000000080004000 (0x0080006f)
core   0: >>>>  mmode_exception_handler
core   0: 0x0000000080004008 (0x00002c17) auipc   s8, 0x2
core   0: 3 0x0000000080004008 (0x00002c17) x24 0x0000000080006008
core   0: 0x000000008000400c (0x088c0c13) addi    s8, s8, 136
core   0: 3 0x000000008000400c (0x088c0c13) x24 0x0000000080006090
core   0: 0x0000000080004010 (0x000c00e7) jalr    s8
core   0: 3 0x0000000080004010 (0x000c00e7) x1  0x0000000080004014
core   0: >>>>  any_handler
core   0: 0x0000000080006090 (0x341027f3) csrrs   a5, mepc, zero
core   0: 3 0x0000000080006090 (0x341027f3) x15 0x0000000080005c50
core   0: 0x0000000080006094 (0x34202773) csrrs   a4, mcause, zero
core   0: 3 0x0000000080006094 (0x34202773) x14 0x0000000000000002
core   0: 0x0000000080006098 (0x142026f3) csrrs   a3, scause, zero
core   0: 3 0x0000000080006098 (0x142026f3) x13 0x0000000080006090
core   0: 0x000000008000609c (0x30402673) csrrs   a2, mie, zero
core   0: 3 0x000000008000609c (0x30402673) x12 0x0000000000000a00
core   0: 0x00000000800060a0 (0x344025f3) csrrs   a1, mip, zero
core   0: 3 0x00000000800060a0 (0x344025f3) x11 0x0000000000000080
core   0: 0x00000000800060a4 (0x343025f3) csrrs   a1, mtval, zero
core   0: 3 0x00000000800060a4 (0x343025f3) x11 0x00000000c03576d3
core   0: 0x00000000800060a8 (0x14302573) csrrs   a0, stval, zero
core   0: 3 0x00000000800060a8 (0x14302573) x10 0x0000000000000000
core   0: 0x00000000800060ac (0xb02024f3) csrrs   s1, minstret, zero
core   0: 3 0x00000000800060ac (0xb02024f3) x9  0x0000000000001147
core   0: 0x00000000800060b0 (0x0000a811) c.j     pc + 20
core   0: 3 0x00000000800060b0 (0xa811)
core   0: >>>>  mepc_4
core   0: 0x00000000800060c4 (0x00000791) c.addi  a5, 4
core   0: 3 0x00000000800060c4 (0x0791) x15 0x0000000080005c54
core   0: 0x00000000800060c6 (0x34179073) csrrw   zero, mepc, a5
core   0: 3 0x00000000800060c6 (0x34179073) c833_mepc 0x0000000080005c54
core   0: 0x00000000800060ca (0x30200073) mret
core   0: 3 0x00000000800060ca (0x30200073) c768_mstatus 0x8000000a00106080
core   0: 0x0000000080005c54 (0x4002de1b) sraiw   t3, t0, 0
core   0: 1 0x0000000080005c54 (0x4002de1b) x28 0x000000007a023c48
core   0: 0x0000000080005c58 (0x74741273) csrrw   tp, mseccfg, s0
core   0: exception trap_illegal_instruction, epc 0x0000000080005c58
core   0:           tval 0x0000000074741273
core   0: >>>>  $xrv64i2p1_m2p0_a2p1_f2p2_d2p2_zicsr2p0_zifencei2p0_zmmul1p0_zba1p0_zbb1p0_zbc1p0_zbs1p0
core   0: 0x0000000080004000 (0x0080006f) j       pc + 0x8
core   0: 3 0x0000000080004000 (0x0080006f)
core   0: >>>>  mmode_exception_handler
core   0: 0x0000000080004008 (0x00002c17) auipc   s8, 0x2
core   0: 3 0x0000000080004008 (0x00002c17) x24 0x0000000080006008
core   0: 0x000000008000400c (0x088c0c13) addi    s8, s8, 136
core   0: 3 0x000000008000400c (0x088c0c13) x24 0x0000000080006090
core   0: 0x0000000080004010 (0x000c00e7) jalr    s8
core   0: 3 0x0000000080004010 (0x000c00e7) x1  0x0000000080004014
core   0: >>>>  any_handler
core   0: 0x0000000080006090 (0x341027f3) csrrs   a5, mepc, zero
core   0: 3 0x0000000080006090 (0x341027f3) x15 0x0000000080005c58
core   0: 0x0000000080006094 (0x34202773) csrrs   a4, mcause, zero
core   0: 3 0x0000000080006094 (0x34202773) x14 0x0000000000000002
core   0: 0x0000000080006098 (0x142026f3) csrrs   a3, scause, zero
core   0: 3 0x0000000080006098 (0x142026f3) x13 0x0000000080006090
core   0: 0x000000008000609c (0x30402673) csrrs   a2, mie, zero
core   0: 3 0x000000008000609c (0x30402673) x12 0x0000000000000a00
core   0: 0x00000000800060a0 (0x344025f3) csrrs   a1, mip, zero
core   0: 3 0x00000000800060a0 (0x344025f3) x11 0x0000000000000080
core   0: 0x00000000800060a4 (0x343025f3) csrrs   a1, mtval, zero
core   0: 3 0x00000000800060a4 (0x343025f3) x11 0x0000000074741273
core   0: 0x00000000800060a8 (0x14302573) csrrs   a0, stval, zero
core   0: 3 0x00000000800060a8 (0x14302573) x10 0x0000000000000000
core   0: 0x00000000800060ac (0xb02024f3) csrrs   s1, minstret, zero
core   0: 3 0x00000000800060ac (0xb02024f3) x9  0x0000000000001158
core   0: 0x00000000800060b0 (0x0000a811) c.j     pc + 20
core   0: 3 0x00000000800060b0 (0xa811)
core   0: >>>>  mepc_4
core   0: 0x00000000800060c4 (0x00000791) c.addi  a5, 4
core   0: 3 0x00000000800060c4 (0x0791) x15 0x0000000080005c5c
core   0: 0x00000000800060c6 (0x34179073) csrrw   zero, mepc, a5
core   0: 3 0x00000000800060c6 (0x34179073) c833_mepc 0x0000000080005c5c
core   0: 0x00000000800060ca (0x30200073) mret
core   0: 3 0x00000000800060ca (0x30200073) c768_mstatus 0x8000000a00106080
core   0: 0x0000000080005c5c (0x2b3789d3) fmin.d  fs3, fa5, fs3
core   0: 1 0x0000000080005c5c (0x2b3789d3) f19 0x7ff8000000000000
core   0: 0x0000000080005c60 (0x013b5b33) srl     s6, s6, s3
core   0: 1 0x0000000080005c60 (0x013b5b33) x22 0xffffffff838f1000
core   0: 0x0000000080005c64 (0x001d1d73) csrrw   s10, fflags, s10
core   0: 1 0x0000000080005c64 (0x001d1d73) x26 0x0000000000000000 c1_fflags 0x000000000000001f
core   0: 0x0000000080005c68 (0x02c1f733) remu    a4, gp, a2
core   0: 1 0x0000000080005c68 (0x02c1f733) x14 0x0000000000000004
core   0: 0x0000000080005c6c (0x0ff0000f) fence   iorw,iorw
core   0: 1 0x0000000080005c6c (0x0ff0000f)
core   0: 0x0000000080005c70 (0xd22b7853) fcvt.d.l fa6, s6
core   0: exception trap_illegal_instruction, epc 0x0000000080005c70
core   0:           tval 0x00000000d22b7853
core   0: >>>>  $xrv64i2p1_m2p0_a2p1_f2p2_d2p2_zicsr2p0_zifencei2p0_zmmul1p0_zba1p0_zbb1p0_zbc1p0_zbs1p0
core   0: 0x0000000080004000 (0x0080006f) j       pc + 0x8
core   0: 3 0x0000000080004000 (0x0080006f)
core   0: >>>>  mmode_exception_handler
core   0: 0x0000000080004008 (0x00002c17) auipc   s8, 0x2
core   0: 3 0x0000000080004008 (0x00002c17) x24 0x0000000080006008
core   0: 0x000000008000400c (0x088c0c13) addi    s8, s8, 136
core   0: 3 0x000000008000400c (0x088c0c13) x24 0x0000000080006090
core   0: 0x0000000080004010 (0x000c00e7) jalr    s8
core   0: 3 0x0000000080004010 (0x000c00e7) x1  0x0000000080004014
core   0: >>>>  any_handler
core   0: 0x0000000080006090 (0x341027f3) csrrs   a5, mepc, zero
core   0: 3 0x0000000080006090 (0x341027f3) x15 0x0000000080005c70
core   0: 0x0000000080006094 (0x34202773) csrrs   a4, mcause, zero
core   0: 3 0x0000000080006094 (0x34202773) x14 0x0000000000000002
core   0: 0x0000000080006098 (0x142026f3) csrrs   a3, scause, zero
core   0: 3 0x0000000080006098 (0x142026f3) x13 0x0000000080006090
core   0: 0x000000008000609c (0x30402673) csrrs   a2, mie, zero
core   0: 3 0x000000008000609c (0x30402673) x12 0x0000000000000a00
core   0: 0x00000000800060a0 (0x344025f3) csrrs   a1, mip, zero
core   0: 3 0x00000000800060a0 (0x344025f3) x11 0x0000000000000080
core   0: 0x00000000800060a4 (0x343025f3) csrrs   a1, mtval, zero
core   0: 3 0x00000000800060a4 (0x343025f3) x11 0x00000000d22b7853
core   0: 0x00000000800060a8 (0x14302573) csrrs   a0, stval, zero
core   0: 3 0x00000000800060a8 (0x14302573) x10 0x0000000000000000
core   0: 0x00000000800060ac (0xb02024f3) csrrs   s1, minstret, zero
core   0: 3 0x00000000800060ac (0xb02024f3) x9  0x000000000000116d
core   0: 0x00000000800060b0 (0x0000a811) c.j     pc + 20
core   0: 3 0x00000000800060b0 (0xa811)
core   0: >>>>  mepc_4
core   0: 0x00000000800060c4 (0x00000791) c.addi  a5, 4
core   0: 3 0x00000000800060c4 (0x0791) x15 0x0000000080005c74
core   0: 0x00000000800060c6 (0x34179073) csrrw   zero, mepc, a5
core   0: 3 0x00000000800060c6 (0x34179073) c833_mepc 0x0000000080005c74
core   0: 0x00000000800060ca (0x30200073) mret
core   0: 3 0x00000000800060ca (0x30200073) c768_mstatus 0x8000000a00106080
core   0: 0x0000000080005c74 (0x00b7ad33) slt     s10, a5, a1
core   0: 1 0x0000000080005c74 (0x00b7ad33) x26 0x0000000000000001
core   0: 0x0000000080005c78 (0x02c2feb3) remu    t4, t0, a2
core   0: 1 0x0000000080005c78 (0x02c2feb3) x29 0x0000000000000448
core   0: 0x0000000080005c7c (0x40cbd6bb) sraw    a3, s7, a2
core   0: 1 0x0000000080005c7c (0x40cbd6bb) x13 0x000000000013fb00
core   0: 0x0000000080005c80 (0x00000001) c.nop
core   0: 1 0x0000000080005c80 (0x0001)
core   0: 0x0000000080005c82 (0x239c8b53) fsgnj.d fs6, fs9, fs9
core   0: 1 0x0000000080005c82 (0x239c8b53) f22 0xffffffff7fc00000
core   0: 0x0000000080005c86 (0xa10d7713) andi    a4, s10, -1520
core   0: 1 0x0000000080005c86 (0xa10d7713) x14 0x0000000000000000
core   0: 0x0000000080005c8a (0x40e1513b) sraw    sp, sp, a4
core   0: 1 0x0000000080005c8a (0x40e1513b) x2  0x0000000000000000
core   0: 0x0000000080005c8e (0x41815c9b) sraiw   s9, sp, 24
core   0: 1 0x0000000080005c8e (0x41815c9b) x25 0x0000000000000000
core   0: 0x0000000080005c92 (0x949cf193) andi    gp, s9, -1719
core   0: 1 0x0000000080005c92 (0x949cf193) x3  0x0000000000000000
core   0: 0x0000000080005c96 (0x0010539b) srliw   t2, zero, 1
core   0: 1 0x0000000080005c96 (0x0010539b) x7  0x0000000000000000
core   0: 0x0000000080005c9a (0xfff4009b) addiw   ra, s0, -1
core   0: 1 0x0000000080005c9a (0xfff4009b) x1  0xffffffffffffffff
core   0: 0x0000000080005c9e (0x634cf4cf) fnmadd.d fs1, fs9, fs4, fa2
core   0: exception trap_illegal_instruction, epc 0x0000000080005c9e
core   0:           tval 0x00000000634cf4cf
core   0: >>>>  $xrv64i2p1_m2p0_a2p1_f2p2_d2p2_zicsr2p0_zifencei2p0_zmmul1p0_zba1p0_zbb1p0_zbc1p0_zbs1p0
core   0: 0x0000000080004000 (0x0080006f) j       pc + 0x8
core   0: 3 0x0000000080004000 (0x0080006f)
core   0: >>>>  mmode_exception_handler
core   0: 0x0000000080004008 (0x00002c17) auipc   s8, 0x2
core   0: 3 0x0000000080004008 (0x00002c17) x24 0x0000000080006008
core   0: 0x000000008000400c (0x088c0c13) addi    s8, s8, 136
core   0: 3 0x000000008000400c (0x088c0c13) x24 0x0000000080006090
core   0: 0x0000000080004010 (0x000c00e7) jalr    s8
core   0: 3 0x0000000080004010 (0x000c00e7) x1  0x0000000080004014
core   0: >>>>  any_handler
core   0: 0x0000000080006090 (0x341027f3) csrrs   a5, mepc, zero
core   0: 3 0x0000000080006090 (0x341027f3) x15 0x0000000080005c9e
core   0: 0x0000000080006094 (0x34202773) csrrs   a4, mcause, zero
core   0: 3 0x0000000080006094 (0x34202773) x14 0x0000000000000002
core   0: 0x0000000080006098 (0x142026f3) csrrs   a3, scause, zero
core   0: 3 0x0000000080006098 (0x142026f3) x13 0x0000000080006090
core   0: 0x000000008000609c (0x30402673) csrrs   a2, mie, zero
core   0: 3 0x000000008000609c (0x30402673) x12 0x0000000000000a00
core   0: 0x00000000800060a0 (0x344025f3) csrrs   a1, mip, zero
core   0: 3 0x00000000800060a0 (0x344025f3) x11 0x0000000000000080
core   0: 0x00000000800060a4 (0x343025f3) csrrs   a1, mtval, zero
core   0: 3 0x00000000800060a4 (0x343025f3) x11 0x00000000634cf4cf
core   0: 0x00000000800060a8 (0x14302573) csrrs   a0, stval, zero
core   0: 3 0x00000000800060a8 (0x14302573) x10 0x0000000000000000
core   0: 0x00000000800060ac (0xb02024f3) csrrs   s1, minstret, zero
core   0: 3 0x00000000800060ac (0xb02024f3) x9  0x0000000000001188
core   0: 0x00000000800060b0 (0x0000a811) c.j     pc + 20
core   0: 3 0x00000000800060b0 (0xa811)
core   0: >>>>  mepc_4
core   0: 0x00000000800060c4 (0x00000791) c.addi  a5, 4
core   0: 3 0x00000000800060c4 (0x0791) x15 0x0000000080005ca2
core   0: 0x00000000800060c6 (0x34179073) csrrw   zero, mepc, a5
core   0: 3 0x00000000800060c6 (0x34179073) c833_mepc 0x0000000080005ca2
core   0: 0x00000000800060ca (0x30200073) mret
core   0: 3 0x00000000800060ca (0x30200073) c768_mstatus 0x8000000a00106080
core   0: 0x0000000080005ca2 (0x9d67bb97) auipc   s7, 0x9d67b
core   0: 1 0x0000000080005ca2 (0x9d67bb97) x23 0x000000001d680ca2
core   0: 0x0000000080005ca6 (0x5cf38a93) addi    s5, t2, 1487
core   0: 1 0x0000000080005ca6 (0x5cf38a93) x21 0x00000000000005cf
core   0: 0x0000000080005caa (0xd23bf1d3) fcvt.d.lu ft3, s7
core   0: exception trap_illegal_instruction, epc 0x0000000080005caa
core   0:           tval 0x00000000d23bf1d3
core   0: >>>>  $xrv64i2p1_m2p0_a2p1_f2p2_d2p2_zicsr2p0_zifencei2p0_zmmul1p0_zba1p0_zbb1p0_zbc1p0_zbs1p0
core   0: 0x0000000080004000 (0x0080006f) j       pc + 0x8
core   0: 3 0x0000000080004000 (0x0080006f)
core   0: >>>>  mmode_exception_handler
core   0: 0x0000000080004008 (0x00002c17) auipc   s8, 0x2
core   0: 3 0x0000000080004008 (0x00002c17) x24 0x0000000080006008
core   0: 0x000000008000400c (0x088c0c13) addi    s8, s8, 136
core   0: 3 0x000000008000400c (0x088c0c13) x24 0x0000000080006090
core   0: 0x0000000080004010 (0x000c00e7) jalr    s8
core   0: 3 0x0000000080004010 (0x000c00e7) x1  0x0000000080004014
core   0: >>>>  any_handler
core   0: 0x0000000080006090 (0x341027f3) csrrs   a5, mepc, zero
core   0: 3 0x0000000080006090 (0x341027f3) x15 0x0000000080005caa
core   0: 0x0000000080006094 (0x34202773) csrrs   a4, mcause, zero
core   0: 3 0x0000000080006094 (0x34202773) x14 0x0000000000000002
core   0: 0x0000000080006098 (0x142026f3) csrrs   a3, scause, zero
core   0: 3 0x0000000080006098 (0x142026f3) x13 0x0000000080006090
core   0: 0x000000008000609c (0x30402673) csrrs   a2, mie, zero
core   0: 3 0x000000008000609c (0x30402673) x12 0x0000000000000a00
core   0: 0x00000000800060a0 (0x344025f3) csrrs   a1, mip, zero
core   0: 3 0x00000000800060a0 (0x344025f3) x11 0x0000000000000080
core   0: 0x00000000800060a4 (0x343025f3) csrrs   a1, mtval, zero
core   0: 3 0x00000000800060a4 (0x343025f3) x11 0x00000000d23bf1d3
core   0: 0x00000000800060a8 (0x14302573) csrrs   a0, stval, zero
core   0: 3 0x00000000800060a8 (0x14302573) x10 0x0000000000000000
core   0: 0x00000000800060ac (0xb02024f3) csrrs   s1, minstret, zero
core   0: 3 0x00000000800060ac (0xb02024f3) x9  0x000000000000119a
core   0: 0x00000000800060b0 (0x0000a811) c.j     pc + 20
core   0: 3 0x00000000800060b0 (0xa811)
core   0: >>>>  mepc_4
core   0: 0x00000000800060c4 (0x00000791) c.addi  a5, 4
core   0: 3 0x00000000800060c4 (0x0791) x15 0x0000000080005cae
core   0: 0x00000000800060c6 (0x34179073) csrrw   zero, mepc, a5
core   0: 3 0x00000000800060c6 (0x34179073) c833_mepc 0x0000000080005cae
core   0: 0x00000000800060ca (0x30200073) mret
core   0: 3 0x00000000800060ca (0x30200073) c768_mstatus 0x8000000a00106080
core   0: 0x0000000080005cae (0x4006d613) srai    a2, a3, 0
core   0: 1 0x0000000080005cae (0x4006d613) x12 0x0000000080006090
core   0: 0x0000000080005cb2 (0x23189853) fsgnjn.d fa6, fa7, fa7
core   0: 1 0x0000000080005cb2 (0x23189853) f16 0xc129998638000000
core   0: 0x0000000080005cb6 (0x019705bb) addw    a1, a4, s9
core   0: 1 0x0000000080005cb6 (0x019705bb) x11 0x0000000000000002
core   0: 0x0000000080005cba (0x01f4949b) slliw   s1, s1, 31
core   0: 1 0x0000000080005cba (0x01f4949b) x9  0x0000000000000000
core   0: 0x0000000080005cbe (0x42090c53) fcvt.d.s fs8, fs2
core   0: 1 0x0000000080005cbe (0x42090c53) f24 0x7ff8000000000000
core   0: 0x0000000080005cc2 (0x029e3e33) mulhu   t3, t3, s1
core   0: 1 0x0000000080005cc2 (0x029e3e33) x28 0x0000000000000000
core   0: 0x0000000080005cc6 (0xeb7c0113) addi    sp, s8, -329
core   0: 1 0x0000000080005cc6 (0xeb7c0113) x2  0x0000000080005f47
core   0: 0x0000000080005cca (0xc0247d53) fcvt.l.s s10, fs0
core   0: exception trap_illegal_instruction, epc 0x0000000080005cca
core   0:           tval 0x00000000c0247d53
core   0: >>>>  $xrv64i2p1_m2p0_a2p1_f2p2_d2p2_zicsr2p0_zifencei2p0_zmmul1p0_zba1p0_zbb1p0_zbc1p0_zbs1p0
core   0: 0x0000000080004000 (0x0080006f) j       pc + 0x8
core   0: 3 0x0000000080004000 (0x0080006f)
core   0: >>>>  mmode_exception_handler
core   0: 0x0000000080004008 (0x00002c17) auipc   s8, 0x2
core   0: 3 0x0000000080004008 (0x00002c17) x24 0x0000000080006008
core   0: 0x000000008000400c (0x088c0c13) addi    s8, s8, 136
core   0: 3 0x000000008000400c (0x088c0c13) x24 0x0000000080006090
core   0: 0x0000000080004010 (0x000c00e7) jalr    s8
core   0: 3 0x0000000080004010 (0x000c00e7) x1  0x0000000080004014
core   0: >>>>  any_handler
core   0: 0x0000000080006090 (0x341027f3) csrrs   a5, mepc, zero
core   0: 3 0x0000000080006090 (0x341027f3) x15 0x0000000080005cca
core   0: 0x0000000080006094 (0x34202773) csrrs   a4, mcause, zero
core   0: 3 0x0000000080006094 (0x34202773) x14 0x0000000000000002
core   0: 0x0000000080006098 (0x142026f3) csrrs   a3, scause, zero
core   0: 3 0x0000000080006098 (0x142026f3) x13 0x0000000080006090
core   0: 0x000000008000609c (0x30402673) csrrs   a2, mie, zero
core   0: 3 0x000000008000609c (0x30402673) x12 0x0000000000000a00
core   0: 0x00000000800060a0 (0x344025f3) csrrs   a1, mip, zero
core   0: 3 0x00000000800060a0 (0x344025f3) x11 0x0000000000000080
core   0: 0x00000000800060a4 (0x343025f3) csrrs   a1, mtval, zero
core   0: 3 0x00000000800060a4 (0x343025f3) x11 0x00000000c0247d53
core   0: 0x00000000800060a8 (0x14302573) csrrs   a0, stval, zero
core   0: 3 0x00000000800060a8 (0x14302573) x10 0x0000000000000000
core   0: 0x00000000800060ac (0xb02024f3) csrrs   s1, minstret, zero
core   0: 3 0x00000000800060ac (0xb02024f3) x9  0x00000000000011b1
core   0: 0x00000000800060b0 (0x0000a811) c.j     pc + 20
core   0: 3 0x00000000800060b0 (0xa811)
core   0: >>>>  mepc_4
core   0: 0x00000000800060c4 (0x00000791) c.addi  a5, 4
core   0: 3 0x00000000800060c4 (0x0791) x15 0x0000000080005cce
core   0: 0x00000000800060c6 (0x34179073) csrrw   zero, mepc, a5
core   0: 3 0x00000000800060c6 (0x34179073) c833_mepc 0x0000000080005cce
core   0: 0x00000000800060ca (0x30200073) mret
core   0: 3 0x00000000800060ca (0x30200073) c768_mstatus 0x8000000a00106080
core   0: 0x0000000080005cce (0x7242f513) andi    a0, t0, 1828
core   0: 1 0x0000000080005cce (0x7242f513) x10 0x0000000000000400
core   0: 0x0000000080005cd2 (0x2b2295d3) fmax.d  fa1, ft5, fs2
core   0: 1 0x0000000080005cd2 (0x2b2295d3) f11 0xbff0000000000000
core   0: 0x0000000080005cd6 (0x41f3d39b) sraiw   t2, t2, 31
core   0: 1 0x0000000080005cd6 (0x41f3d39b) x7  0x0000000000000000
core   0: 0x0000000080005cda (0x01a04033) xor     zero, zero, s10
core   0: 1 0x0000000080005cda (0x01a04033)
core   0: 0x0000000080005cde (0x8a0178c7) fmsub.d fa7, ft2, ft0, fa7
core   0: exception trap_illegal_instruction, epc 0x0000000080005cde
core   0:           tval 0x000000008a0178c7
core   0: >>>>  $xrv64i2p1_m2p0_a2p1_f2p2_d2p2_zicsr2p0_zifencei2p0_zmmul1p0_zba1p0_zbb1p0_zbc1p0_zbs1p0
core   0: 0x0000000080004000 (0x0080006f) j       pc + 0x8
core   0: 3 0x0000000080004000 (0x0080006f)
core   0: >>>>  mmode_exception_handler
core   0: 0x0000000080004008 (0x00002c17) auipc   s8, 0x2
core   0: 3 0x0000000080004008 (0x00002c17) x24 0x0000000080006008
core   0: 0x000000008000400c (0x088c0c13) addi    s8, s8, 136
core   0: 3 0x000000008000400c (0x088c0c13) x24 0x0000000080006090
core   0: 0x0000000080004010 (0x000c00e7) jalr    s8
core   0: 3 0x0000000080004010 (0x000c00e7) x1  0x0000000080004014
core   0: >>>>  any_handler
core   0: 0x0000000080006090 (0x341027f3) csrrs   a5, mepc, zero
core   0: 3 0x0000000080006090 (0x341027f3) x15 0x0000000080005cde
core   0: 0x0000000080006094 (0x34202773) csrrs   a4, mcause, zero
core   0: 3 0x0000000080006094 (0x34202773) x14 0x0000000000000002
core   0: 0x0000000080006098 (0x142026f3) csrrs   a3, scause, zero
core   0: 3 0x0000000080006098 (0x142026f3) x13 0x0000000080006090
core   0: 0x000000008000609c (0x30402673) csrrs   a2, mie, zero
core   0: 3 0x000000008000609c (0x30402673) x12 0x0000000000000a00
core   0: 0x00000000800060a0 (0x344025f3) csrrs   a1, mip, zero
core   0: 3 0x00000000800060a0 (0x344025f3) x11 0x0000000000000080
core   0: 0x00000000800060a4 (0x343025f3) csrrs   a1, mtval, zero
core   0: 3 0x00000000800060a4 (0x343025f3) x11 0x000000008a0178c7
core   0: 0x00000000800060a8 (0x14302573) csrrs   a0, stval, zero
core   0: 3 0x00000000800060a8 (0x14302573) x10 0x0000000000000000
core   0: 0x00000000800060ac (0xb02024f3) csrrs   s1, minstret, zero
core   0: 3 0x00000000800060ac (0xb02024f3) x9  0x00000000000011c5
core   0: 0x00000000800060b0 (0x0000a811) c.j     pc + 20
core   0: 3 0x00000000800060b0 (0xa811)
core   0: >>>>  mepc_4
core   0: 0x00000000800060c4 (0x00000791) c.addi  a5, 4
core   0: 3 0x00000000800060c4 (0x0791) x15 0x0000000080005ce2
core   0: 0x00000000800060c6 (0x34179073) csrrw   zero, mepc, a5
core   0: 3 0x00000000800060c6 (0x34179073) c833_mepc 0x0000000080005ce2
core   0: 0x00000000800060ca (0x30200073) mret
core   0: 3 0x00000000800060ca (0x30200073) c768_mstatus 0x8000000a00106080
core   0: 0x0000000080005ce2 (0xd21500d3) fcvt.d.wu ft1, a0
core   0: 1 0x0000000080005ce2 (0xd21500d3) f1  0x0000000000000000
core   0: 0x0000000080005ce6 (0x000d62b3) or      t0, s10, zero
core   0: 1 0x0000000080005ce6 (0x000d62b3) x5  0x0000000000000001
core   0: 0x0000000080005cea (0x001e5e9b) srliw   t4, t3, 1
core   0: 1 0x0000000080005cea (0x001e5e9b) x29 0x0000000000000000
core   0: 0x0000000080005cee (0x133174d3) fmul.d  fs1, ft2, fs3
core   0: exception trap_illegal_instruction, epc 0x0000000080005cee
core   0:           tval 0x00000000133174d3
core   0: >>>>  $xrv64i2p1_m2p0_a2p1_f2p2_d2p2_zicsr2p0_zifencei2p0_zmmul1p0_zba1p0_zbb1p0_zbc1p0_zbs1p0
core   0: 0x0000000080004000 (0x0080006f) j       pc + 0x8
core   0: 3 0x0000000080004000 (0x0080006f)
core   0: >>>>  mmode_exception_handler
core   0: 0x0000000080004008 (0x00002c17) auipc   s8, 0x2
core   0: 3 0x0000000080004008 (0x00002c17) x24 0x0000000080006008
core   0: 0x000000008000400c (0x088c0c13) addi    s8, s8, 136
core   0: 3 0x000000008000400c (0x088c0c13) x24 0x0000000080006090
core   0: 0x0000000080004010 (0x000c00e7) jalr    s8
core   0: 3 0x0000000080004010 (0x000c00e7) x1  0x0000000080004014
core   0: >>>>  any_handler
core   0: 0x0000000080006090 (0x341027f3) csrrs   a5, mepc, zero
core   0: 3 0x0000000080006090 (0x341027f3) x15 0x0000000080005cee
core   0: 0x0000000080006094 (0x34202773) csrrs   a4, mcause, zero
core   0: 3 0x0000000080006094 (0x34202773) x14 0x0000000000000002
core   0: 0x0000000080006098 (0x142026f3) csrrs   a3, scause, zero
core   0: 3 0x0000000080006098 (0x142026f3) x13 0x0000000080006090
core   0: 0x000000008000609c (0x30402673) csrrs   a2, mie, zero
core   0: 3 0x000000008000609c (0x30402673) x12 0x0000000000000a00
core   0: 0x00000000800060a0 (0x344025f3) csrrs   a1, mip, zero
core   0: 3 0x00000000800060a0 (0x344025f3) x11 0x0000000000000080
core   0: 0x00000000800060a4 (0x343025f3) csrrs   a1, mtval, zero
core   0: 3 0x00000000800060a4 (0x343025f3) x11 0x00000000133174d3
core   0: 0x00000000800060a8 (0x14302573) csrrs   a0, stval, zero
core   0: 3 0x00000000800060a8 (0x14302573) x10 0x0000000000000000
core   0: 0x00000000800060ac (0xb02024f3) csrrs   s1, minstret, zero
core   0: 3 0x00000000800060ac (0xb02024f3) x9  0x00000000000011d8
core   0: 0x00000000800060b0 (0x0000a811) c.j     pc + 20
core   0: 3 0x00000000800060b0 (0xa811)
core   0: >>>>  mepc_4
core   0: 0x00000000800060c4 (0x00000791) c.addi  a5, 4
core   0: 3 0x00000000800060c4 (0x0791) x15 0x0000000080005cf2
core   0: 0x00000000800060c6 (0x34179073) csrrw   zero, mepc, a5
core   0: 3 0x00000000800060c6 (0x34179073) c833_mepc 0x0000000080005cf2
core   0: 0x00000000800060ca (0x30200073) mret
core   0: 3 0x00000000800060ca (0x30200073) c768_mstatus 0x8000000a00106080
core   0: 0x0000000080005cf2 (0x0ff0000f) fence   iorw,iorw
core   0: 1 0x0000000080005cf2 (0x0ff0000f)
core   0: 0x0000000080005cf6 (0x41ae863b) subw    a2, t4, s10
core   0: 1 0x0000000080005cf6 (0x41ae863b) x12 0xffffffffffffffff
core   0: 0x0000000080005cfa (0x42070353) fcvt.d.s ft6, fa4
core   0: 1 0x0000000080005cfa (0x42070353) f6  0x7ff8000000000000
core   0: 0x0000000080005cfe (0x00102373) csrrs   t1, fflags, zero
core   0: 1 0x0000000080005cfe (0x00102373) x6  0x000000000000001f
core   0: 0x0000000080005d02 (0x53c00c93) li      s9, 1340
core   0: 1 0x0000000080005d02 (0x53c00c93) x25 0x000000000000053c
core   0: 0x0000000080005d06 (0x015bdbbb) srlw    s7, s7, s5
core   0: 1 0x0000000080005d06 (0x015bdbbb) x23 0x0000000000003ad0
core   0: 0x0000000080005d0a (0xc0502c73) csrrs   s8, hpmcounter5, zero
core   0: exception trap_illegal_instruction, epc 0x0000000080005d0a
core   0:           tval 0x00000000c0502c73
core   0: >>>>  $xrv64i2p1_m2p0_a2p1_f2p2_d2p2_zicsr2p0_zifencei2p0_zmmul1p0_zba1p0_zbb1p0_zbc1p0_zbs1p0
core   0: 0x0000000080004000 (0x0080006f) j       pc + 0x8
core   0: 3 0x0000000080004000 (0x0080006f)
core   0: >>>>  mmode_exception_handler
core   0: 0x0000000080004008 (0x00002c17) auipc   s8, 0x2
core   0: 3 0x0000000080004008 (0x00002c17) x24 0x0000000080006008
core   0: 0x000000008000400c (0x088c0c13) addi    s8, s8, 136
core   0: 3 0x000000008000400c (0x088c0c13) x24 0x0000000080006090
core   0: 0x0000000080004010 (0x000c00e7) jalr    s8
core   0: 3 0x0000000080004010 (0x000c00e7) x1  0x0000000080004014
core   0: >>>>  any_handler
core   0: 0x0000000080006090 (0x341027f3) csrrs   a5, mepc, zero
core   0: 3 0x0000000080006090 (0x341027f3) x15 0x0000000080005d0a
core   0: 0x0000000080006094 (0x34202773) csrrs   a4, mcause, zero
core   0: 3 0x0000000080006094 (0x34202773) x14 0x0000000000000002
core   0: 0x0000000080006098 (0x142026f3) csrrs   a3, scause, zero
core   0: 3 0x0000000080006098 (0x142026f3) x13 0x0000000080006090
core   0: 0x000000008000609c (0x30402673) csrrs   a2, mie, zero
core   0: 3 0x000000008000609c (0x30402673) x12 0x0000000000000a00
core   0: 0x00000000800060a0 (0x344025f3) csrrs   a1, mip, zero
core   0: 3 0x00000000800060a0 (0x344025f3) x11 0x0000000000000080
core   0: 0x00000000800060a4 (0x343025f3) csrrs   a1, mtval, zero
core   0: 3 0x00000000800060a4 (0x343025f3) x11 0x00000000c0502c73
core   0: 0x00000000800060a8 (0x14302573) csrrs   a0, stval, zero
core   0: 3 0x00000000800060a8 (0x14302573) x10 0x0000000000000000
core   0: 0x00000000800060ac (0xb02024f3) csrrs   s1, minstret, zero
core   0: 3 0x00000000800060ac (0xb02024f3) x9  0x00000000000011ee
core   0: 0x00000000800060b0 (0x0000a811) c.j     pc + 20
core   0: 3 0x00000000800060b0 (0xa811)
core   0: >>>>  mepc_4
core   0: 0x00000000800060c4 (0x00000791) c.addi  a5, 4
core   0: 3 0x00000000800060c4 (0x0791) x15 0x0000000080005d0e
core   0: 0x00000000800060c6 (0x34179073) csrrw   zero, mepc, a5
core   0: 3 0x00000000800060c6 (0x34179073) c833_mepc 0x0000000080005d0e
core   0: 0x00000000800060ca (0x30200073) mret
core   0: 3 0x00000000800060ca (0x30200073) c768_mstatus 0x8000000a00106080
core   0: 0x0000000080005d0e (0x226c1753) fsgnjn.d fa4, fs8, ft6
core   0: 1 0x0000000080005d0e (0x226c1753) f14 0xfff8000000000000
core   0: 0x0000000080005d12 (0x0341dd3b) divuw   s10, gp, s4
core   0: 1 0x0000000080005d12 (0x0341dd3b) x26 0xffffffffffffffff
core   0: 0x0000000080005d16 (0x01a1803b) addw    zero, gp, s10
core   0: 1 0x0000000080005d16 (0x01a1803b)
core   0: 0x0000000080005d1a (0x00b995b3) sll     a1, s3, a1
core   0: 1 0x0000000080005d1a (0x00b995b3) x11 0x0000000000000000
core   0: 0x0000000080005d1e (0x03bcfbb3) remu    s7, s9, s11
core   0: 1 0x0000000080005d1e (0x03bcfbb3) x23 0x000000000000053c
core   0: 0x0000000080005d22 (0x12777dd3) fmul.d  fs11, fa4, ft7
core   0: exception trap_illegal_instruction, epc 0x0000000080005d22
core   0:           tval 0x0000000012777dd3
core   0: >>>>  $xrv64i2p1_m2p0_a2p1_f2p2_d2p2_zicsr2p0_zifencei2p0_zmmul1p0_zba1p0_zbb1p0_zbc1p0_zbs1p0
core   0: 0x0000000080004000 (0x0080006f) j       pc + 0x8
core   0: 3 0x0000000080004000 (0x0080006f)
core   0: >>>>  mmode_exception_handler
core   0: 0x0000000080004008 (0x00002c17) auipc   s8, 0x2
core   0: 3 0x0000000080004008 (0x00002c17) x24 0x0000000080006008
core   0: 0x000000008000400c (0x088c0c13) addi    s8, s8, 136
core   0: 3 0x000000008000400c (0x088c0c13) x24 0x0000000080006090
core   0: 0x0000000080004010 (0x000c00e7) jalr    s8
core   0: 3 0x0000000080004010 (0x000c00e7) x1  0x0000000080004014
core   0: >>>>  any_handler
core   0: 0x0000000080006090 (0x341027f3) csrrs   a5, mepc, zero
core   0: 3 0x0000000080006090 (0x341027f3) x15 0x0000000080005d22
core   0: 0x0000000080006094 (0x34202773) csrrs   a4, mcause, zero
core   0: 3 0x0000000080006094 (0x34202773) x14 0x0000000000000002
core   0: 0x0000000080006098 (0x142026f3) csrrs   a3, scause, zero
core   0: 3 0x0000000080006098 (0x142026f3) x13 0x0000000080006090
core   0: 0x000000008000609c (0x30402673) csrrs   a2, mie, zero
core   0: 3 0x000000008000609c (0x30402673) x12 0x0000000000000a00
core   0: 0x00000000800060a0 (0x344025f3) csrrs   a1, mip, zero
core   0: 3 0x00000000800060a0 (0x344025f3) x11 0x0000000000000080
core   0: 0x00000000800060a4 (0x343025f3) csrrs   a1, mtval, zero
core   0: 3 0x00000000800060a4 (0x343025f3) x11 0x0000000012777dd3
core   0: 0x00000000800060a8 (0x14302573) csrrs   a0, stval, zero
core   0: 3 0x00000000800060a8 (0x14302573) x10 0x0000000000000000
core   0: 0x00000000800060ac (0xb02024f3) csrrs   s1, minstret, zero
core   0: 3 0x00000000800060ac (0xb02024f3) x9  0x0000000000001203
core   0: 0x00000000800060b0 (0x0000a811) c.j     pc + 20
core   0: 3 0x00000000800060b0 (0xa811)
core   0: >>>>  mepc_4
core   0: 0x00000000800060c4 (0x00000791) c.addi  a5, 4
core   0: 3 0x00000000800060c4 (0x0791) x15 0x0000000080005d26
core   0: 0x00000000800060c6 (0x34179073) csrrw   zero, mepc, a5
core   0: 3 0x00000000800060c6 (0x34179073) c833_mepc 0x0000000080005d26
core   0: 0x00000000800060ca (0x30200073) mret
core   0: 3 0x00000000800060ca (0x30200073) c768_mstatus 0x8000000a00106080
core   0: 0x0000000080005d26 (0x41658c3b) subw    s8, a1, s6
core   0: 1 0x0000000080005d26 (0x41658c3b) x24 0xffffffff8ee86dd3
core   0: 0x0000000080005d2a (0x2b1208d3) fmin.d  fa7, ft4, fa7
core   0: 1 0x0000000080005d2a (0x2b1208d3) f17 0x0000000000000000
core   0: 0x0000000080005d2e (0x00271973) csrrw   s2, frm, a4
core   0: 1 0x0000000080005d2e (0x00271973) x18 0x0000000000000007 c2_frm 0x0000000000000002
core   0: 0x0000000080005d32 (0xa4848417) auipc   s0, 0xa4848
core   0: 1 0x0000000080005d32 (0xa4848417) x8  0x000000002484dd32
core   0: 0x0000000080005d36 (0x0003571b) srliw   a4, t1, 0
core   0: 1 0x0000000080005d36 (0x0003571b) x14 0x000000000000001f
core   0: 0x0000000080005d3a (0xc031f253) fcvt.lu.s tp, ft3
core   0: 1 0x0000000080005d3a (0xc031f253) c1_fflags 0x000000000000001f x4  0xffffffffffffffff
core   0: 0x0000000080005d3e (0xc038fad3) fcvt.lu.s s5, fa7
core   0: 1 0x0000000080005d3e (0xc038fad3) c1_fflags 0x000000000000001f x21 0xffffffffffffffff
core   0: 0x0000000080005d42 (0x00de5e3b) srlw    t3, t3, a3
core   0: 1 0x0000000080005d42 (0x00de5e3b) x28 0x0000000000000000
core   0: 0x0000000080005d46 (0x800b0113) addi    sp, s6, -2048
core   0: 1 0x0000000080005d46 (0x800b0113) x2  0xffffffff838f0800
core   0: 0x0000000080005d4a (0x401c5c3b) sraw    s8, s8, ra
core   0: 1 0x0000000080005d4a (0x401c5c3b) x24 0xfffffffffffff8ee
core   0: 0x0000000080005d4e (0xa3ff8853) fle.d   a6, ft11, ft11
core   0: 1 0x0000000080005d4e (0xa3ff8853) c1_fflags 0x000000000000001f x16 0x0000000000000000
core   0: 0x0000000080005d52 (0xd2148053) fcvt.d.wu ft0, s1
core   0: 1 0x0000000080005d52 (0xd2148053) f0  0x40b2030000000000
core   0: 0x0000000080005d56 (0x00000001) c.nop
core   0: 1 0x0000000080005d56 (0x0001)
core   0: 0x0000000080005d58 (0xd0387553) fcvt.s.lu fa0, a6
core   0: 1 0x0000000080005d58 (0xd0387553) f10 0xffffffff00000000
core   0: 0x0000000080005d5c (0x226989d3) fsgnj.d fs3, fs3, ft6
core   0: 1 0x0000000080005d5c (0x226989d3) f19 0x7ff8000000000000
core   0: 0x0000000080005d60 (0x0017d79b) srliw   a5, a5, 1
core   0: 1 0x0000000080005d60 (0x0017d79b) x15 0x0000000040002e93
core   0: 0x0000000080005d64 (0x2b2e7dc3) fmadd.d fs11, ft8, fs2, ft5
core   0: 1 0x0000000080005d64 (0x2b2e7dc3) f27 0x7ff8000000000000
core   0: 0x0000000080005d68 (0x0ff0000f) fence   iorw,iorw
core   0: 1 0x0000000080005d68 (0x0ff0000f)
core   0: 0x0000000080005d6c (0x1aeafed3) fdiv.d  ft9, fs5, fa4
core   0: 1 0x0000000080005d6c (0x1aeafed3) f29 0x7ff8000000000000
core   0: 0x0000000080005d70 (0x03226e3b) remw    t3, tp, s2
core   0: 1 0x0000000080005d70 (0x03226e3b) x28 0xffffffffffffffff
core   0: 0x0000000080005d74 (0x0129173b) sllw    a4, s2, s2
core   0: 1 0x0000000080005d74 (0x0129173b) x14 0x0000000000000380
core   0: 0x0000000080005d78 (0x00000001) c.nop
core   0: 1 0x0000000080005d78 (0x0001)
core   0: 0x0000000080005d7a (0x01e09493) slli    s1, ra, 30
core   0: 1 0x0000000080005d7a (0x01e09493) x9  0x2000100500000000
core   0: 0x0000000080005d7e (0xc3e8c113) xori    sp, a7, -962
core   0: 1 0x0000000080005d7e (0xc3e8c113) x2  0xffffffffabc76c3e
core   0: 0x0000000080005d82 (0x00178e3b) addw    t3, a5, ra
core   0: 1 0x0000000080005d82 (0x00178e3b) x28 0xffffffffc0006ea7
core   0: 0x0000000080005d86 (0x401ff253) fcvt.s.d ft4, ft11
core   0: 1 0x0000000080005d86 (0x401ff253) f4  0xffffffff7fc00000
core   0: 0x0000000080005d8a (0xf13774f3) csrrci  s1, mimpid, 14
core   0: exception trap_illegal_instruction, epc 0x0000000080005d8a
core   0:           tval 0x00000000f13774f3
core   0: >>>>  $xrv64i2p1_m2p0_a2p1_f2p2_d2p2_zicsr2p0_zifencei2p0_zmmul1p0_zba1p0_zbb1p0_zbc1p0_zbs1p0
core   0: 0x0000000080004000 (0x0080006f) j       pc + 0x8
core   0: 3 0x0000000080004000 (0x0080006f)
core   0: >>>>  mmode_exception_handler
core   0: 0x0000000080004008 (0x00002c17) auipc   s8, 0x2
core   0: 3 0x0000000080004008 (0x00002c17) x24 0x0000000080006008
core   0: 0x000000008000400c (0x088c0c13) addi    s8, s8, 136
core   0: 3 0x000000008000400c (0x088c0c13) x24 0x0000000080006090
core   0: 0x0000000080004010 (0x000c00e7) jalr    s8
core   0: 3 0x0000000080004010 (0x000c00e7) x1  0x0000000080004014
core   0: >>>>  any_handler
core   0: 0x0000000080006090 (0x341027f3) csrrs   a5, mepc, zero
core   0: 3 0x0000000080006090 (0x341027f3) x15 0x0000000080005d8a
core   0: 0x0000000080006094 (0x34202773) csrrs   a4, mcause, zero
core   0: 3 0x0000000080006094 (0x34202773) x14 0x0000000000000002
core   0: 0x0000000080006098 (0x142026f3) csrrs   a3, scause, zero
core   0: 3 0x0000000080006098 (0x142026f3) x13 0x0000000080006090
core   0: 0x000000008000609c (0x30402673) csrrs   a2, mie, zero
core   0: 3 0x000000008000609c (0x30402673) x12 0x0000000000000a00
core   0: 0x00000000800060a0 (0x344025f3) csrrs   a1, mip, zero
core   0: 3 0x00000000800060a0 (0x344025f3) x11 0x0000000000000080
core   0: 0x00000000800060a4 (0x343025f3) csrrs   a1, mtval, zero
core   0: 3 0x00000000800060a4 (0x343025f3) x11 0x00000000f13774f3
core   0: 0x00000000800060a8 (0x14302573) csrrs   a0, stval, zero
core   0: 3 0x00000000800060a8 (0x14302573) x10 0x0000000000000000
core   0: 0x00000000800060ac (0xb02024f3) csrrs   s1, minstret, zero
core   0: 3 0x00000000800060ac (0xb02024f3) x9  0x000000000000122d
core   0: 0x00000000800060b0 (0x0000a811) c.j     pc + 20
core   0: 3 0x00000000800060b0 (0xa811)
core   0: >>>>  mepc_4
core   0: 0x00000000800060c4 (0x00000791) c.addi  a5, 4
core   0: 3 0x00000000800060c4 (0x0791) x15 0x0000000080005d8e
core   0: 0x00000000800060c6 (0x34179073) csrrw   zero, mepc, a5
core   0: 3 0x00000000800060c6 (0x34179073) c833_mepc 0x0000000080005d8e
core   0: 0x00000000800060ca (0x30200073) mret
core   0: 3 0x00000000800060ca (0x30200073) c768_mstatus 0x8000000a00106080
core   0: 0x0000000080005d8e (0x00000001) c.nop
core   0: 1 0x0000000080005d8e (0x0001)
core   0: 0x0000000080005d90 (0xd230f1d3) fcvt.d.lu ft3, ra
core   0: 1 0x0000000080005d90 (0xd230f1d3) f3  0x41e0000802800000
core   0: 0x0000000080005d94 (0x0017599b) srliw   s3, a4, 1
core   0: 1 0x0000000080005d94 (0x0017599b) x19 0x0000000000000001
core   0: 0x0000000080005d98 (0x00161473) csrrw   s0, fflags, a2
core   0: 1 0x0000000080005d98 (0x00161473) x8  0x000000000000001f c1_fflags 0x0000000000000000
core   0: 0x0000000080005d9c (0x009100b7) lui     ra, 0x910
core   0: 1 0x0000000080005d9c (0x009100b7) x1  0x0000000000910000
core   0: 0x0000000080005da0 (0xf290809b) addiw   ra, ra, -215
core   0: 1 0x0000000080005da0 (0xf290809b) x1  0x000000000090ff29
core   0: 0x0000000080005da4 (0x000000ba) c.slli  ra, 14
core   0: 1 0x0000000080005da4 (0x00ba) x1  0x000000243fca4000
core   0: 0x0000000080005da6 (0x2f608093) addi    ra, ra, 758
core   0: 1 0x0000000080005da6 (0x2f608093) x1  0x000000243fca42f6
core   0: 0x0000000080005daa (0x011aa733) slt     a4, s5, a7
core   0: 1 0x0000000080005daa (0x011aa733) x14 0x0000000000000001
core   0: 0x0000000080005dae (0x03257953) fadd.d  fs2, fa0, fs2
core   0: 1 0x0000000080005dae (0x03257953) f18 0x7ff8000000000000
core   0: 0x0000000080005db2 (0x2cf2021b) addiw   tp, tp, 719
core   0: 1 0x0000000080005db2 (0x2cf2021b) x4  0x00000000000002ce
core   0: 0x0000000080005db6 (0x00102df3) csrrs   s11, fflags, zero
core   0: 1 0x0000000080005db6 (0x00102df3) x27 0x0000000000000000
core   0: 0x0000000080005dba (0x001a5a33) srl     s4, s4, ra
core   0: 1 0x0000000080005dba (0x001a5a33) x20 0x0000000000000000
core   0: 0x0000000080005dbe (0x544a7e93) andi    t4, s4, 1348
core   0: 1 0x0000000080005dbe (0x544a7e93) x29 0x0000000000000000
core   0: 0x0000000080005dc2 (0x009c8233) add     tp, s9, s1
core   0: 1 0x0000000080005dc2 (0x009c8233) x4  0x0000000000001769
core   0: 0x0000000080005dc6 (0x032555b3) divu    a1, a0, s2
core   0: 1 0x0000000080005dc6 (0x032555b3) x11 0x0000000000000000
core   0: 0x0000000080005dca (0x0013d33b) srlw    t1, t2, ra
core   0: 1 0x0000000080005dca (0x0013d33b) x6  0x0000000000000000
core   0: 0x0000000080005dce (0xd225f5d3) fcvt.d.l fa1, a1
core   0: 1 0x0000000080005dce (0xd225f5d3) f11 0x0000000000000000
core   0: 0x0000000080005dd2 (0x277dee13) ori     t3, s11, 631
core   0: 1 0x0000000080005dd2 (0x277dee13) x28 0x0000000000000277
core   0: 0x0000000080005dd6 (0x0353dcbb) divuw   s9, t2, s5
core   0: 1 0x0000000080005dd6 (0x0353dcbb) x25 0x0000000000000000
core   0: 0x0000000080005dda (0x03cbfbb3) remu    s7, s7, t3
core   0: 1 0x0000000080005dda (0x03cbfbb3) x23 0x000000000000004e
core   0: 0x0000000080005dde (0x00e2fdb3) and     s11, t0, a4
core   0: 1 0x0000000080005dde (0x00e2fdb3) x27 0x0000000000000001
core   0: 0x0000000080005de2 (0xa1280d13) addi    s10, a6, -1518
core   0: 1 0x0000000080005de2 (0xa1280d13) x26 0xfffffffffffffa12
core   0: 0x0000000080005de6 (0x0172d8bb) srlw    a7, t0, s7
core   0: 1 0x0000000080005de6 (0x0172d8bb) x17 0x0000000000000000
core   0: 0x0000000080005dea (0x01617e13) andi    t3, sp, 22
core   0: 1 0x0000000080005dea (0x01617e13) x28 0x0000000000000016
core   0: 0x0000000080005dee (0x02b80833) mul     a6, a6, a1
core   0: 1 0x0000000080005dee (0x02b80833) x16 0x0000000000000000
core   0: 0x0000000080005df2 (0x00202073) csrrs   zero, frm, zero
core   0: 1 0x0000000080005df2 (0x00202073)
core   0: 0x0000000080005df6 (0x3a306c93) ori     s9, zero, 931
core   0: 1 0x0000000080005df6 (0x3a306c93) x25 0x00000000000003a3
core   0: 0x0000000080005dfa (0xc03d2e73) csrrs   t3, hpmcounter3, s10
core   0: exception trap_illegal_instruction, epc 0x0000000080005dfa
core   0:           tval 0x00000000c03d2e73
core   0: >>>>  $xrv64i2p1_m2p0_a2p1_f2p2_d2p2_zicsr2p0_zifencei2p0_zmmul1p0_zba1p0_zbb1p0_zbc1p0_zbs1p0
core   0: 0x0000000080004000 (0x0080006f) j       pc + 0x8
core   0: 3 0x0000000080004000 (0x0080006f)
core   0: >>>>  mmode_exception_handler
core   0: 0x0000000080004008 (0x00002c17) auipc   s8, 0x2
core   0: 3 0x0000000080004008 (0x00002c17) x24 0x0000000080006008
core   0: 0x000000008000400c (0x088c0c13) addi    s8, s8, 136
core   0: 3 0x000000008000400c (0x088c0c13) x24 0x0000000080006090
core   0: 0x0000000080004010 (0x000c00e7) jalr    s8
core   0: 3 0x0000000080004010 (0x000c00e7) x1  0x0000000080004014
core   0: >>>>  any_handler
core   0: 0x0000000080006090 (0x341027f3) csrrs   a5, mepc, zero
core   0: 3 0x0000000080006090 (0x341027f3) x15 0x0000000080005dfa
core   0: 0x0000000080006094 (0x34202773) csrrs   a4, mcause, zero
core   0: 3 0x0000000080006094 (0x34202773) x14 0x0000000000000002
core   0: 0x0000000080006098 (0x142026f3) csrrs   a3, scause, zero
core   0: 3 0x0000000080006098 (0x142026f3) x13 0x0000000080006090
core   0: 0x000000008000609c (0x30402673) csrrs   a2, mie, zero
core   0: 3 0x000000008000609c (0x30402673) x12 0x0000000000000a00
core   0: 0x00000000800060a0 (0x344025f3) csrrs   a1, mip, zero
core   0: 3 0x00000000800060a0 (0x344025f3) x11 0x0000000000000080
core   0: 0x00000000800060a4 (0x343025f3) csrrs   a1, mtval, zero
core   0: 3 0x00000000800060a4 (0x343025f3) x11 0x00000000c03d2e73
core   0: 0x00000000800060a8 (0x14302573) csrrs   a0, stval, zero
core   0: 3 0x00000000800060a8 (0x14302573) x10 0x0000000000000000
core   0: 0x00000000800060ac (0xb02024f3) csrrs   s1, minstret, zero
core   0: 3 0x00000000800060ac (0xb02024f3) x9  0x0000000000001259
core   0: 0x00000000800060b0 (0x0000a811) c.j     pc + 20
core   0: 3 0x00000000800060b0 (0xa811)
core   0: >>>>  mepc_4
core   0: 0x00000000800060c4 (0x00000791) c.addi  a5, 4
core   0: 3 0x00000000800060c4 (0x0791) x15 0x0000000080005dfe
core   0: 0x00000000800060c6 (0x34179073) csrrw   zero, mepc, a5
core   0: 3 0x00000000800060c6 (0x34179073) c833_mepc 0x0000000080005dfe
core   0: 0x00000000800060ca (0x30200073) mret
core   0: 3 0x00000000800060ca (0x30200073) c768_mstatus 0x8000000a00106080
core   0: 0x0000000080005dfe (0xc22cf353) fcvt.l.d t1, fs9
core   0: 1 0x0000000080005dfe (0xc22cf353) c1_fflags 0x0000000000000010 x6  0x7fffffffffffffff
core   0: 0x0000000080005e02 (0x00049a13) slli    s4, s1, 0
core   0: 1 0x0000000080005e02 (0x00049a13) x20 0x0000000000001259
core   0: 0x0000000080005e06 (0x00000001) c.nop
core   0: 1 0x0000000080005e06 (0x0001)
core   0: 0x0000000080005e08 (0x2b659353) fmax.d  ft6, fa1, fs6
core   0: 1 0x0000000080005e08 (0x2b659353) f6  0x0000000000000000
core   0: 0x0000000080005e0c (0x22a7abd3) fsgnjx.d fs7, fa5, fa0
core   0: 1 0x0000000080005e0c (0x22a7abd3) f23 0x7ff8000000000000
core   0: 0x0000000080005e10 (0x41435133) sra     sp, t1, s4
core   0: 1 0x0000000080005e10 (0x41435133) x2  0x0000003fffffffff
core   0: 0x0000000080005e14 (0x0006d713) srli    a4, a3, 0
core   0: 1 0x0000000080005e14 (0x0006d713) x14 0x0000000080006090
core   0: 0x0000000080005e18 (0x122c7953) fmul.d  fs2, fs8, ft2
core   0: 1 0x0000000080005e18 (0x122c7953) f18 0x7ff8000000000000
core   0: 0x0000000080005e1c (0xd2317dd3) fcvt.d.lu fs11, sp
core   0: 1 0x0000000080005e1c (0xd2317dd3) f27 0x424fffffffff8000
core   0: 0x0000000080005e20 (0x31029973) csrrw   s2, mstatush, t0
core   0: exception trap_illegal_instruction, epc 0x0000000080005e20
core   0:           tval 0x0000000031029973
core   0: >>>>  $xrv64i2p1_m2p0_a2p1_f2p2_d2p2_zicsr2p0_zifencei2p0_zmmul1p0_zba1p0_zbb1p0_zbc1p0_zbs1p0
core   0: 0x0000000080004000 (0x0080006f) j       pc + 0x8
core   0: 3 0x0000000080004000 (0x0080006f)
core   0: >>>>  mmode_exception_handler
core   0: 0x0000000080004008 (0x00002c17) auipc   s8, 0x2
core   0: 3 0x0000000080004008 (0x00002c17) x24 0x0000000080006008
core   0: 0x000000008000400c (0x088c0c13) addi    s8, s8, 136
core   0: 3 0x000000008000400c (0x088c0c13) x24 0x0000000080006090
core   0: 0x0000000080004010 (0x000c00e7) jalr    s8
core   0: 3 0x0000000080004010 (0x000c00e7) x1  0x0000000080004014
core   0: >>>>  any_handler
core   0: 0x0000000080006090 (0x341027f3) csrrs   a5, mepc, zero
core   0: 3 0x0000000080006090 (0x341027f3) x15 0x0000000080005e20
core   0: 0x0000000080006094 (0x34202773) csrrs   a4, mcause, zero
core   0: 3 0x0000000080006094 (0x34202773) x14 0x0000000000000002
core   0: 0x0000000080006098 (0x142026f3) csrrs   a3, scause, zero
core   0: 3 0x0000000080006098 (0x142026f3) x13 0x0000000080006090
core   0: 0x000000008000609c (0x30402673) csrrs   a2, mie, zero
core   0: 3 0x000000008000609c (0x30402673) x12 0x0000000000000a00
core   0: 0x00000000800060a0 (0x344025f3) csrrs   a1, mip, zero
core   0: 3 0x00000000800060a0 (0x344025f3) x11 0x0000000000000080
core   0: 0x00000000800060a4 (0x343025f3) csrrs   a1, mtval, zero
core   0: 3 0x00000000800060a4 (0x343025f3) x11 0x0000000031029973
core   0: 0x00000000800060a8 (0x14302573) csrrs   a0, stval, zero
core   0: 3 0x00000000800060a8 (0x14302573) x10 0x0000000000000000
core   0: 0x00000000800060ac (0xb02024f3) csrrs   s1, minstret, zero
core   0: 3 0x00000000800060ac (0xb02024f3) x9  0x0000000000001272
core   0: 0x00000000800060b0 (0x0000a811) c.j     pc + 20
core   0: 3 0x00000000800060b0 (0xa811)
core   0: >>>>  mepc_4
core   0: 0x00000000800060c4 (0x00000791) c.addi  a5, 4
core   0: 3 0x00000000800060c4 (0x0791) x15 0x0000000080005e24
core   0: 0x00000000800060c6 (0x34179073) csrrw   zero, mepc, a5
core   0: 3 0x00000000800060c6 (0x34179073) c833_mepc 0x0000000080005e24
core   0: 0x00000000800060ca (0x30200073) mret
core   0: 3 0x00000000800060ca (0x30200073) c768_mstatus 0x8000000a00106080
core   0: 0x0000000080005e24 (0x03f29e13) slli    t3, t0, 63
core   0: 1 0x0000000080005e24 (0x03f29e13) x28 0x8000000000000000
core   0: 0x0000000080005e28 (0xfcaf70b7) lui     ra, 0xfcaf7
core   0: 1 0x0000000080005e28 (0xfcaf70b7) x1  0xfffffffffcaf7000
core   0: 0x0000000080005e2c (0xd5b0809b) addiw   ra, ra, -677
core   0: 1 0x0000000080005e2c (0xd5b0809b) x1  0xfffffffffcaf6d5b
core   0: 0x0000000080005e30 (0x000000b2) c.slli  ra, 12
core   0: 1 0x0000000080005e30 (0x00b2) x1  0xffffffcaf6d5b000
core   0: 0x0000000080005e32 (0x4f808093) addi    ra, ra, 1272
core   0: 1 0x0000000080005e32 (0x4f808093) x1  0xffffffcaf6d5b4f8
core   0: 0x0000000080005e36 (0xd03673d3) fcvt.s.lu ft7, a2
core   0: 1 0x0000000080005e36 (0xd03673d3) f7  0xffffffff45200000
core   0: 0x0000000080005e3a (0x001614b3) sll     s1, a2, ra
core   0: 1 0x0000000080005e3a (0x001614b3) x9  0x0000000000000000
core   0: 0x0000000080005e3e (0x001e1e1b) slliw   t3, t3, 1
core   0: 1 0x0000000080005e3e (0x001e1e1b) x28 0x0000000000000000
core   0: 0x0000000080005e42 (0x01c48133) add     sp, s1, t3
core   0: 1 0x0000000080005e42 (0x01c48133) x2  0x0000000000000000
core   0: 0x0000000080005e46 (0x42000953) fcvt.d.s fs2, ft0
core   0: 1 0x0000000080005e46 (0x42000953) f18 0x7ff8000000000000
core   0: 0x0000000080005e4a (0x01d382bb) addw    t0, t2, t4
core   0: 1 0x0000000080005e4a (0x01d382bb) x5  0x0000000000000000
core   0: 0x0000000080005e4e (0x039951b3) divu    gp, s2, s9
core   0: 1 0x0000000080005e4e (0x039951b3) x3  0x0000000000000000
core   0: 0x0000000080005e52 (0x42050bd3) fcvt.d.s fs7, fa0
core   0: 1 0x0000000080005e52 (0x42050bd3) f23 0x0000000000000000
core   0: 0x0000000080005e56 (0x4115d833) sra     a6, a1, a7
core   0: 1 0x0000000080005e56 (0x4115d833) x16 0x0000000031029973
core   0: 0x0000000080005e5a (0x00000001) c.nop
core   0: 1 0x0000000080005e5a (0x0001)
core   0: 0x0000000080005e5c (0xb8584737) lui     a4, 0xb8584
core   0: 1 0x0000000080005e5c (0xb8584737) x14 0xffffffffb8584000
core   0: 0x0000000080005e60 (0xf0b5819b) addiw   gp, a1, -245
core   0: 1 0x0000000080005e60 (0xf0b5819b) x3  0x000000003102987e
core   0: 0x0000000080005e64 (0x01ab8d3b) addw    s10, s7, s10
core   0: 1 0x0000000080005e64 (0x01ab8d3b) x26 0xfffffffffffffa60
core   0: 0x0000000080005e68 (0x02c02ab3) mulhsu  s5, zero, a2
core   0: 1 0x0000000080005e68 (0x02c02ab3) x21 0x0000000000000000
core   0: 0x0000000080005e6c (0x0342f13b) remuw   sp, t0, s4
core   0: 1 0x0000000080005e6c (0x0342f13b) x2  0x0000000000000000
core   0: 0x0000000080005e70 (0x226b87d3) fsgnj.d fa5, fs7, ft6
core   0: 1 0x0000000080005e70 (0x226b87d3) f15 0x0000000000000000
core   0: 0x0000000080005e74 (0x13bdfcd3) fmul.d  fs9, fs11, fs11
core   0: 1 0x0000000080005e74 (0x13bdfcd3) c1_fflags 0x0000000000000011 f25 0x44afffffffff0000
core   0: 0x0000000080005e78 (0x401d72d3) fcvt.s.d ft5, fs10
core   0: 1 0x0000000080005e78 (0x401d72d3) f5  0xffffffff7fc00000
core   0: 0x0000000080005e7c (0x025ac2bb) divw    t0, s5, t0
core   0: 1 0x0000000080005e7c (0x025ac2bb) x5  0xffffffffffffffff
core   0: 0x0000000080005e80 (0x7ff2c813) xori    a6, t0, 2047
core   0: 1 0x0000000080005e80 (0x7ff2c813) x16 0xfffffffffffff800
core   0: 0x0000000080005e84 (0x41baf913) andi    s2, s5, 1051
core   0: 1 0x0000000080005e84 (0x41baf913) x18 0x0000000000000000
core   0: 0x0000000080005e88 (0x0070fa37) lui     s4, 0x70f
core   0: 1 0x0000000080005e88 (0x0070fa37) x20 0x000000000070f000
core   0: 0x0000000080005e8c (0xa07a0a1b) addiw   s4, s4, -1529
core   0: 1 0x0000000080005e8c (0xa07a0a1b) x20 0x000000000070ea07
core   0: 0x0000000080005e90 (0x00000a42) c.slli  s4, 16
core   0: 1 0x0000000080005e90 (0x0a42) x20 0x00000070ea070000
core   0: 0x0000000080005e92 (0xaa2a0a13) addi    s4, s4, -1374
core   0: 1 0x0000000080005e92 (0xaa2a0a13) x20 0x00000070ea06faa2
core   0: 0x0000000080005e96 (0xe20d8553) fmv.x.d a0, fs11
core   0: 1 0x0000000080005e96 (0xe20d8553) x10 0x424fffffffff8000
core   0: 0x0000000080005e9a (0x23932453) fsgnjx.d fs0, ft6, fs9
core   0: 1 0x0000000080005e9a (0x23932453) f8  0x0000000000000000
core   0: 0x0000000080005e9e (0x00102af3) csrrs   s5, fflags, zero
core   0: 1 0x0000000080005e9e (0x00102af3) x21 0x0000000000000011
core   0: 0x0000000080005ea2 (0x0ff0000f) fence   iorw,iorw
core   0: 1 0x0000000080005ea2 (0x0ff0000f)
core   0: 0x0000000080005ea6 (0x0136d53b) srlw    a0, a3, s3
core   0: 1 0x0000000080005ea6 (0x0136d53b) x10 0x0000000040003048
core   0: 0x0000000080005eaa (0x99164893) xori    a7, a2, -1647
core   0: 1 0x0000000080005eaa (0x99164893) x17 0xfffffffffffff391
core   0: 0x0000000080005eae (0xcdb57a37) lui     s4, 0xcdb57
core   0: 1 0x0000000080005eae (0xcdb57a37) x20 0xffffffffcdb57000
core   0: 0x0000000080005eb2 (0x000a1613) slli    a2, s4, 0
core   0: 1 0x0000000080005eb2 (0x000a1613) x12 0xffffffffcdb57000
core   0: 0x0000000080005eb6 (0xc2037bd3) fcvt.w.d s7, ft6
core   0: 1 0x0000000080005eb6 (0xc2037bd3) x23 0x0000000000000000
core   0: 0x0000000080005eba (0x036201bb) mulw    gp, tp, s6
core   0: 1 0x0000000080005eba (0x036201bb) x3  0xffffffffd01d9000
core   0: 0x0000000080005ebe (0xc20cf853) fcvt.w.d a6, fs9
core   0: 1 0x0000000080005ebe (0xc20cf853) c1_fflags 0x0000000000000011 x16 0x000000007fffffff
core   0: 0x0000000080005ec2 (0x002029f3) csrrs   s3, frm, zero
core   0: 1 0x0000000080005ec2 (0x002029f3) x19 0x0000000000000002
core   0: 0x0000000080005ec6 (0xfff46013) ori     zero, s0, -1
core   0: 1 0x0000000080005ec6 (0xfff46013)
core   0: 0x0000000080005eca (0x000550bb) srlw    ra, a0, zero
core   0: 1 0x0000000080005eca (0x000550bb) x1  0x0000000040003048
core   0: 0x0000000080005ece (0x00102cf3) csrrs   s9, fflags, zero
core   0: 1 0x0000000080005ece (0x00102cf3) x25 0x0000000000000011
core   0: 0x0000000080005ed2 (0xf113faf3) csrrci  s5, mvendorid, 7
core   0: exception trap_illegal_instruction, epc 0x0000000080005ed2
core   0:           tval 0x00000000f113faf3
core   0: >>>>  $xrv64i2p1_m2p0_a2p1_f2p2_d2p2_zicsr2p0_zifencei2p0_zmmul1p0_zba1p0_zbb1p0_zbc1p0_zbs1p0
core   0: 0x0000000080004000 (0x0080006f) j       pc + 0x8
core   0: 3 0x0000000080004000 (0x0080006f)
core   0: >>>>  mmode_exception_handler
core   0: 0x0000000080004008 (0x00002c17) auipc   s8, 0x2
core   0: 3 0x0000000080004008 (0x00002c17) x24 0x0000000080006008
core   0: 0x000000008000400c (0x088c0c13) addi    s8, s8, 136
core   0: 3 0x000000008000400c (0x088c0c13) x24 0x0000000080006090
core   0: 0x0000000080004010 (0x000c00e7) jalr    s8
core   0: 3 0x0000000080004010 (0x000c00e7) x1  0x0000000080004014
core   0: >>>>  any_handler
core   0: 0x0000000080006090 (0x341027f3) csrrs   a5, mepc, zero
core   0: 3 0x0000000080006090 (0x341027f3) x15 0x0000000080005ed2
core   0: 0x0000000080006094 (0x34202773) csrrs   a4, mcause, zero
core   0: 3 0x0000000080006094 (0x34202773) x14 0x0000000000000002
core   0: 0x0000000080006098 (0x142026f3) csrrs   a3, scause, zero
core   0: 3 0x0000000080006098 (0x142026f3) x13 0x0000000080006090
core   0: 0x000000008000609c (0x30402673) csrrs   a2, mie, zero
core   0: 3 0x000000008000609c (0x30402673) x12 0x0000000000000a00
core   0: 0x00000000800060a0 (0x344025f3) csrrs   a1, mip, zero
core   0: 3 0x00000000800060a0 (0x344025f3) x11 0x0000000000000080
core   0: 0x00000000800060a4 (0x343025f3) csrrs   a1, mtval, zero
core   0: 3 0x00000000800060a4 (0x343025f3) x11 0x00000000f113faf3
core   0: 0x00000000800060a8 (0x14302573) csrrs   a0, stval, zero
core   0: 3 0x00000000800060a8 (0x14302573) x10 0x0000000000000000
core   0: 0x00000000800060ac (0xb02024f3) csrrs   s1, minstret, zero
core   0: 3 0x00000000800060ac (0xb02024f3) x9  0x00000000000012af
core   0: 0x00000000800060b0 (0x0000a811) c.j     pc + 20
core   0: 3 0x00000000800060b0 (0xa811)
core   0: >>>>  mepc_4
core   0: 0x00000000800060c4 (0x00000791) c.addi  a5, 4
core   0: 3 0x00000000800060c4 (0x0791) x15 0x0000000080005ed6
core   0: 0x00000000800060c6 (0x34179073) csrrw   zero, mepc, a5
core   0: 3 0x00000000800060c6 (0x34179073) c833_mepc 0x0000000080005ed6
core   0: 0x00000000800060ca (0x30200073) mret
core   0: 3 0x00000000800060ca (0x30200073) c768_mstatus 0x8000000a00106080
core   0: 0x0000000080005ed6 (0x038cd9bb) divuw   s3, s9, s8
core   0: 1 0x0000000080005ed6 (0x038cd9bb) x19 0x0000000000000000
core   0: 0x0000000080005eda (0x0bed7a53) fsub.d  fs4, fs10, ft10
core   0: 1 0x0000000080005eda (0x0bed7a53) f20 0x7ff8000000000000
core   0: 0x0000000080005ede (0x018c93bb) sllw    t2, s9, s8
core   0: 1 0x0000000080005ede (0x018c93bb) x7  0x0000000000110000
core   0: 0x0000000080005ee2 (0xa3b477c3) fmadd.d fa5, fs0, fs11, fs4
core   0: 1 0x0000000080005ee2 (0xa3b477c3) f15 0x7ff8000000000000
core   0: 0x0000000080005ee6 (0x419e033b) subw    t1, t3, s9
core   0: 1 0x0000000080005ee6 (0x419e033b) x6  0xffffffffffffffef
core   0: 0x0000000080005eea (0x03f41813) slli    a6, s0, 63
core   0: 1 0x0000000080005eea (0x03f41813) x16 0x8000000000000000
core   0: 0x0000000080005eee (0x40998a3b) subw    s4, s3, s1
core   0: 1 0x0000000080005eee (0x40998a3b) x20 0xffffffffffffed51
core   0: 0x0000000080005ef2 (0x0149f5b3) and     a1, s3, s4
core   0: 1 0x0000000080005ef2 (0x0149f5b3) x11 0x0000000000000000
core   0: 0x0000000080005ef6 (0x0c3af193) andi    gp, s5, 195
core   0: 1 0x0000000080005ef6 (0x0c3af193) x3  0x0000000000000001
core   0: 0x0000000080005efa (0x5a0cfd53) fsqrt.d fs10, fs9
core   0: 1 0x0000000080005efa (0x5a0cfd53) c1_fflags 0x0000000000000011 f26 0x424fffffffff7fff
core   0: 0x0000000080005efe (0x03918ebb) mulw    t4, gp, s9
core   0: 1 0x0000000080005efe (0x03918ebb) x29 0x0000000000000011
core   0: 0x0000000080005f02 (0x0ff0000f) fence   iorw,iorw
core   0: 1 0x0000000080005f02 (0x0ff0000f)
core   0: 0x0000000080005f06 (0xd02370d3) fcvt.s.l ft1, t1
core   0: 1 0x0000000080005f06 (0xd02370d3) f1  0xffffffffc1880000
core   0: 0x0000000080005f0a (0x00c6103b) sllw    zero, a2, a2
core   0: 1 0x0000000080005f0a (0x00c6103b)
core   0: 0x0000000080005f0e (0x0a20fa53) fsub.d  fs4, ft1, ft2
core   0: 1 0x0000000080005f0e (0x0a20fa53) f20 0x7ff8000000000000
core   0: 0x0000000080005f12 (0x23e4a4d3) fsgnjx.d fs1, fs1, ft10
core   0: 1 0x0000000080005f12 (0x23e4a4d3) f9  0x7ff8000000000000
core   0: 0x0000000080005f16 (0x00278c3b) addw    s8, a5, sp
core   0: 1 0x0000000080005f16 (0x00278c3b) x24 0xffffffff80005ed6
core   0: 0x0000000080005f1a (0xfe908937) lui     s2, 0xfe908
core   0: 1 0x0000000080005f1a (0xfe908937) x18 0xfffffffffe908000
core   0: 0x0000000080005f1e (0xbf19091b) addiw   s2, s2, -1039
core   0: 1 0x0000000080005f1e (0xbf19091b) x18 0xfffffffffe907bf1
core   0: 0x0000000080005f22 (0x0000093a) c.slli  s2, 14
core   0: 1 0x0000000080005f22 (0x093a) x18 0xffffffa41efc4000
core   0: 0x0000000080005f24 (0xe5690913) addi    s2, s2, -426
core   0: 1 0x0000000080005f24 (0xe5690913) x18 0xffffffa41efc3e56
core   0: 0x0000000080005f28 (0x020c2cb3) mulhsu  s9, s8, zero
core   0: 1 0x0000000080005f28 (0x020c2cb3) x25 0x0000000000000000
core   0: 0x0000000080005f2c (0x00abde3b) srlw    t3, s7, a0
core   0: 1 0x0000000080005f2c (0x00abde3b) x28 0x0000000000000000
core   0: 0x0000000080005f30 (0xf13194f3) csrrw   s1, mimpid, gp
core   0: exception trap_illegal_instruction, epc 0x0000000080005f30
core   0:           tval 0x00000000f13194f3
core   0: >>>>  $xrv64i2p1_m2p0_a2p1_f2p2_d2p2_zicsr2p0_zifencei2p0_zmmul1p0_zba1p0_zbb1p0_zbc1p0_zbs1p0
core   0: 0x0000000080004000 (0x0080006f) j       pc + 0x8
core   0: 3 0x0000000080004000 (0x0080006f)
core   0: >>>>  mmode_exception_handler
core   0: 0x0000000080004008 (0x00002c17) auipc   s8, 0x2
core   0: 3 0x0000000080004008 (0x00002c17) x24 0x0000000080006008
core   0: 0x000000008000400c (0x088c0c13) addi    s8, s8, 136
core   0: 3 0x000000008000400c (0x088c0c13) x24 0x0000000080006090
core   0: 0x0000000080004010 (0x000c00e7) jalr    s8
core   0: 3 0x0000000080004010 (0x000c00e7) x1  0x0000000080004014
core   0: >>>>  any_handler
core   0: 0x0000000080006090 (0x341027f3) csrrs   a5, mepc, zero
core   0: 3 0x0000000080006090 (0x341027f3) x15 0x0000000080005f30
core   0: 0x0000000080006094 (0x34202773) csrrs   a4, mcause, zero
core   0: 3 0x0000000080006094 (0x34202773) x14 0x0000000000000002
core   0: 0x0000000080006098 (0x142026f3) csrrs   a3, scause, zero
core   0: 3 0x0000000080006098 (0x142026f3) x13 0x0000000080006090
core   0: 0x000000008000609c (0x30402673) csrrs   a2, mie, zero
core   0: 3 0x000000008000609c (0x30402673) x12 0x0000000000000a00
core   0: 0x00000000800060a0 (0x344025f3) csrrs   a1, mip, zero
core   0: 3 0x00000000800060a0 (0x344025f3) x11 0x0000000000000080
core   0: 0x00000000800060a4 (0x343025f3) csrrs   a1, mtval, zero
core   0: 3 0x00000000800060a4 (0x343025f3) x11 0x00000000f13194f3
core   0: 0x00000000800060a8 (0x14302573) csrrs   a0, stval, zero
core   0: 3 0x00000000800060a8 (0x14302573) x10 0x0000000000000000
core   0: 0x00000000800060ac (0xb02024f3) csrrs   s1, minstret, zero
core   0: 3 0x00000000800060ac (0xb02024f3) x9  0x00000000000012d6
core   0: 0x00000000800060b0 (0x0000a811) c.j     pc + 20
core   0: 3 0x00000000800060b0 (0xa811)
core   0: >>>>  mepc_4
core   0: 0x00000000800060c4 (0x00000791) c.addi  a5, 4
core   0: 3 0x00000000800060c4 (0x0791) x15 0x0000000080005f34
core   0: 0x00000000800060c6 (0x34179073) csrrw   zero, mepc, a5
core   0: 3 0x00000000800060c6 (0x34179073) c833_mepc 0x0000000080005f34
core   0: 0x00000000800060ca (0x30200073) mret
core   0: 3 0x00000000800060ca (0x30200073) c768_mstatus 0x8000000a00106080
core   0: 0x0000000080005f34 (0x00b5ec33) or      s8, a1, a1
core   0: 1 0x0000000080005f34 (0x00b5ec33) x24 0x00000000f13194f3
core   0: 0x0000000080005f38 (0x40177753) fcvt.s.d fa4, fa4
core   0: 1 0x0000000080005f38 (0x40177753) f14 0xffffffff7fc00000
core   0: 0x0000000080005f3c (0x00129a73) csrrw   s4, fflags, t0
core   0: 1 0x0000000080005f3c (0x00129a73) x20 0x0000000000000011 c1_fflags 0x000000000000001f
core   0: 0x0000000080005f40 (0x001a1213) slli    tp, s4, 1
core   0: 1 0x0000000080005f40 (0x001a1213) x4  0x0000000000000022
core   0: 0x0000000080005f44 (0x00009686) c.add   a3, ra
core   0: 1 0x0000000080005f44 (0x9686) x13 0x000000010000a0a4
core   0: 0x0000000080005f46 (0x01135b1b) srliw   s6, t1, 17
core   0: 1 0x0000000080005f46 (0x01135b1b) x22 0x0000000000007fff
core   0: 0x0000000080005f4a (0xd2237f53) fcvt.d.l ft10, t1
core   0: 1 0x0000000080005f4a (0xd2237f53) f30 0xc031000000000000
core   0: 0x0000000080005f4e (0x00000001) c.nop
core   0: 1 0x0000000080005f4e (0x0001)
core   0: 0x0000000080005f50 (0x23e922d3) fsgnjx.d ft5, fs2, ft10
core   0: 1 0x0000000080005f50 (0x23e922d3) f5  0xfff8000000000000
core   0: 0x0000000080005f54 (0x01f8989b) slliw   a7, a7, 31
core   0: 1 0x0000000080005f54 (0x01f8989b) x17 0xffffffff80000000
core   0: 0x0000000080005f58 (0x036474bb) remuw   s1, s0, s6
core   0: 1 0x0000000080005f58 (0x036474bb) x9  0x000000000000001f
core   0: 0x0000000080005f5c (0xbdb44a93) xori    s5, s0, -1061
core   0: 1 0x0000000080005f5c (0xbdb44a93) x21 0xfffffffffffffbc4
core   0: 0x0000000080005f60 (0x0074d3bb) srlw    t2, s1, t2
core   0: 1 0x0000000080005f60 (0x0074d3bb) x7  0x000000000000001f
core   0: 0x0000000080005f64 (0xc1a94a13) xori    s4, s2, -998
core   0: 1 0x0000000080005f64 (0xc1a94a13) x20 0x0000005be103c24c
core   0: 0x0000000080005f68 (0xc022fed3) fcvt.l.s t4, ft5
core   0: 1 0x0000000080005f68 (0xc022fed3) c1_fflags 0x000000000000001f x29 0x7fffffffffffffff
core   0: 0x0000000080005f6c (0x401ff1d3) fcvt.s.d ft3, ft11
core   0: 1 0x0000000080005f6c (0x401ff1d3) f3  0xffffffff7fc00000
core   0: 0x0000000080005f70 (0x1a3c7453) fdiv.d  fs0, fs8, ft3
core   0: 1 0x0000000080005f70 (0x1a3c7453) f8  0x7ff8000000000000
core   0: 0x0000000080005f74 (0xd2038ed3) fcvt.d.w ft9, t2
core   0: 1 0x0000000080005f74 (0xd2038ed3) f29 0x403f000000000000
core   0: 0x0000000080005f78 (0x02a57553) fadd.d  fa0, fa0, fa0
core   0: 1 0x0000000080005f78 (0x02a57553) f10 0x7ff8000000000000
core   0: 0x0000000080005f7c (0x00a05e1b) srliw   t3, zero, 10
core   0: 1 0x0000000080005f7c (0x00a05e1b) x28 0x0000000000000000
core   0: 0x0000000080005f80 (0x22898b53) fsgnj.d fs6, fs3, fs0
core   0: 1 0x0000000080005f80 (0x22898b53) f22 0x7ff8000000000000
core   0: 0x0000000080005f84 (0x5aa375cb) fnmsub.d fa1, ft6, fa0, fa1
core   0: 1 0x0000000080005f84 (0x5aa375cb) f11 0x7ff8000000000000
core   0: 0x0000000080005f88 (0x03804c33) div     s8, zero, s8
core   0: 1 0x0000000080005f88 (0x03804c33) x24 0x0000000000000000
core   0: 0x0000000080005f8c (0xc215f1d3) fcvt.wu.d gp, fa1
core   0: 1 0x0000000080005f8c (0xc215f1d3) c1_fflags 0x000000000000001f x3  0xffffffffffffffff
core   0: 0x0000000080005f90 (0x861d2797) auipc   a5, 0x861d2
core   0: 1 0x0000000080005f90 (0x861d2797) x15 0x00000000061d7f90
core   0: 0x0000000080005f94 (0xc3537ccb) fnmsub.d fs9, ft6, fs5, fs8
core   0: 1 0x0000000080005f94 (0xc3537ccb) f25 0x7ff8000000000000
core   0: 0x0000000080005f98 (0xe20d0e53) fmv.x.d t3, fs10
core   0: 1 0x0000000080005f98 (0xe20d0e53) x28 0x424fffffffff7fff
core   0: 0x0000000080005f9c (0x06096737) lui     a4, 0x6096
core   0: 1 0x0000000080005f9c (0x06096737) x14 0x0000000006096000
core   0: 0x0000000080005fa0 (0x55d7071b) addiw   a4, a4, 1373
core   0: 1 0x0000000080005fa0 (0x55d7071b) x14 0x000000000609655d
core   0: 0x0000000080005fa4 (0x00000732) c.slli  a4, 12
core   0: 1 0x0000000080005fa4 (0x0732) x14 0x000000609655d000
core   0: 0x0000000080005fa6 (0xabb70713) addi    a4, a4, -1349
core   0: 1 0x0000000080005fa6 (0xabb70713) x14 0x000000609655cabb
core   0: 0x0000000080005faa (0xd2008dd3) fcvt.d.w fs11, ra
core   0: 1 0x0000000080005faa (0xd2008dd3) f27 0xc1dfffeffb000000
core   0: 0x0000000080005fae (0x42038f53) fcvt.d.s ft10, ft7
core   0: 1 0x0000000080005fae (0x42038f53) f30 0x40a4000000000000
core   0: 0x0000000080005fb2 (0x02288c33) mul     s8, a7, sp
core   0: 1 0x0000000080005fb2 (0x02288c33) x24 0x0000000000000000
core   0: 0x0000000080005fb6 (0x003351bb) srlw    gp, t1, gp
core   0: 1 0x0000000080005fb6 (0x003351bb) x3  0x0000000000000001
core   0: 0x0000000080005fba (0x001bd53b) srlw    a0, s7, ra
core   0: 1 0x0000000080005fba (0x001bd53b) x10 0x0000000000000000
core   0: 0x0000000080005fbe (0xd0287a53) fcvt.s.l fs4, a6
core   0: 1 0x0000000080005fbe (0xd0287a53) f20 0xffffffffdf000000
core   0: 0x0000000080005fc2 (0x00025b13) srli    s6, tp, 0
core   0: 1 0x0000000080005fc2 (0x00025b13) x22 0x0000000000000022
core   0: 0x0000000080005fc6 (0x001d9d9b) slliw   s11, s11, 1
core   0: 1 0x0000000080005fc6 (0x001d9d9b) x27 0x0000000000000002
core   0: 0x0000000080005fca (0x40c9d4bb) sraw    s1, s3, a2
core   0: 1 0x0000000080005fca (0x40c9d4bb) x9  0x0000000000000000
core   0: 0x0000000080005fce (0x5a017553) fsqrt.d fa0, ft2
core   0: 1 0x0000000080005fce (0x5a017553) f10 0x7ff8000000000000
core   0: 0x0000000080005fd2 (0x1a257bd3) fdiv.d  fs7, fa0, ft2
core   0: 1 0x0000000080005fd2 (0x1a257bd3) f23 0x7ff8000000000000
core   0: 0x0000000080005fd6 (0xc220f5d3) fcvt.l.d a1, ft1
core   0: 1 0x0000000080005fd6 (0xc220f5d3) c1_fflags 0x000000000000001f x11 0x7fffffffffffffff
core   0: 0x0000000080005fda (0x23718a53) fsgnj.d fs4, ft3, fs7
core   0: 1 0x0000000080005fda (0x23718a53) f20 0x7fffffff7fc00000
core   0: 0x0000000080005fde (0x23dc97d3) fsgnjn.d fa5, fs9, ft9
core   0: 1 0x0000000080005fde (0x23dc97d3) f15 0xfff8000000000000
core   0: 0x0000000080005fe2 (0x4009591b) sraiw   s2, s2, 0
core   0: 1 0x0000000080005fe2 (0x4009591b) x18 0x000000001efc3e56
core   0: 0x0000000080005fe6 (0x00000001) c.nop
core   0: 1 0x0000000080005fe6 (0x0001)
core   0: 0x0000000080005fe8 (0xc20ef3d3) fcvt.w.d t2, ft9
core   0: 1 0x0000000080005fe8 (0xc20ef3d3) x7  0x000000000000001f
core   0: 0x0000000080005fec (0x01d29833) sll     a6, t0, t4
core   0: 1 0x0000000080005fec (0x01d29833) x16 0x8000000000000000
core   0: 0x0000000080005ff0 (0x1bca784b) fnmsub.d fa6, fs4, ft8, ft3
core   0: 1 0x0000000080005ff0 (0x1bca784b) f16 0x7ff8000000000000
core   0: 0x0000000080005ff4 (0x030240bb) divw    ra, tp, a6
core   0: 1 0x0000000080005ff4 (0x030240bb) x1  0xffffffffffffffff
core   0: 0x0000000080005ff8 (0x00f117bb) sllw    a5, sp, a5
core   0: 1 0x0000000080005ff8 (0x00f117bb) x15 0x0000000000000000
core   0: 0x0000000080005ffc (0xf1193473) csrrc   s0, mvendorid, s2
core   0: exception trap_illegal_instruction, epc 0x0000000080005ffc
core   0:           tval 0x00000000f1193473
core   0: >>>>  $xrv64i2p1_m2p0_a2p1_f2p2_d2p2_zicsr2p0_zifencei2p0_zmmul1p0_zba1p0_zbb1p0_zbc1p0_zbs1p0
core   0: 0x0000000080004000 (0x0080006f) j       pc + 0x8
core   0: 3 0x0000000080004000 (0x0080006f)
core   0: >>>>  mmode_exception_handler
core   0: 0x0000000080004008 (0x00002c17) auipc   s8, 0x2
core   0: 3 0x0000000080004008 (0x00002c17) x24 0x0000000080006008
core   0: 0x000000008000400c (0x088c0c13) addi    s8, s8, 136
core   0: 3 0x000000008000400c (0x088c0c13) x24 0x0000000080006090
core   0: 0x0000000080004010 (0x000c00e7) jalr    s8
core   0: 3 0x0000000080004010 (0x000c00e7) x1  0x0000000080004014
core   0: >>>>  any_handler
core   0: 0x0000000080006090 (0x341027f3) csrrs   a5, mepc, zero
core   0: 3 0x0000000080006090 (0x341027f3) x15 0x0000000080005ffc
core   0: 0x0000000080006094 (0x34202773) csrrs   a4, mcause, zero
core   0: 3 0x0000000080006094 (0x34202773) x14 0x0000000000000002
core   0: 0x0000000080006098 (0x142026f3) csrrs   a3, scause, zero
core   0: 3 0x0000000080006098 (0x142026f3) x13 0x0000000080006090
core   0: 0x000000008000609c (0x30402673) csrrs   a2, mie, zero
core   0: 3 0x000000008000609c (0x30402673) x12 0x0000000000000a00
core   0: 0x00000000800060a0 (0x344025f3) csrrs   a1, mip, zero
core   0: 3 0x00000000800060a0 (0x344025f3) x11 0x0000000000000080
core   0: 0x00000000800060a4 (0x343025f3) csrrs   a1, mtval, zero
core   0: 3 0x00000000800060a4 (0x343025f3) x11 0x00000000f1193473
core   0: 0x00000000800060a8 (0x14302573) csrrs   a0, stval, zero
core   0: 3 0x00000000800060a8 (0x14302573) x10 0x0000000000000000
core   0: 0x00000000800060ac (0xb02024f3) csrrs   s1, minstret, zero
core   0: 3 0x00000000800060ac (0xb02024f3) x9  0x000000000000131a
core   0: 0x00000000800060b0 (0x0000a811) c.j     pc + 20
core   0: 3 0x00000000800060b0 (0xa811)
core   0: >>>>  mepc_4
core   0: 0x00000000800060c4 (0x00000791) c.addi  a5, 4
core   0: 3 0x00000000800060c4 (0x0791) x15 0x0000000080006000
core   0: 0x00000000800060c6 (0x34179073) csrrw   zero, mepc, a5
core   0: 3 0x00000000800060c6 (0x34179073) c833_mepc 0x0000000080006000
core   0: 0x00000000800060ca (0x30200073) mret
core   0: 3 0x00000000800060ca (0x30200073) c768_mstatus 0x8000000a00106080
core   0: 0x0000000080006000 (0x0288dabb) divuw   s5, a7, s0
core   0: 1 0x0000000080006000 (0x0288dabb) x21 0x0000000004210842
core   0: 0x0000000080006004 (0x00202e73) csrrs   t3, frm, zero
core   0: 1 0x0000000080006004 (0x00202e73) x28 0x0000000000000002
core   0: 0x0000000080006008 (0x025962bb) remw    t0, s2, t0
core   0: 1 0x0000000080006008 (0x025962bb) x5  0x0000000000000000
core   0: 0x000000008000600c (0x00c6141b) slliw   s0, a2, 12
core   0: 1 0x000000008000600c (0x00c6141b) x8  0x0000000000a00000
core   0: 0x0000000080006010 (0x023989bb) mulw    s3, s3, gp
core   0: 1 0x0000000080006010 (0x023989bb) x19 0x0000000000000000
core   0: 0x0000000080006014 (0xd02a7bd3) fcvt.s.l fs7, s4
core   0: 1 0x0000000080006014 (0xd02a7bd3) c1_fflags 0x000000000000001f f23 0xffffffff52b7c207
core   0: 0x0000000080006018 (0x0099ceb3) xor     t4, s3, s1
core   0: 1 0x0000000080006018 (0x0099ceb3) x29 0x000000000000131a
core   0: 0x000000008000601c (0x228c96d3) fsgnjn.d fa3, fs9, fs0
core   0: 1 0x000000008000601c (0x228c96d3) f13 0xfff8000000000000
core   0: 0x0000000080006020 (0x431edc13) srai    s8, t4, 49
core   0: 1 0x0000000080006020 (0x431edc13) x24 0x0000000000000000
core   0: 0x0000000080006024 (0xa2268e53) fle.d   t3, fa3, ft2
core   0: 1 0x0000000080006024 (0xa2268e53) c1_fflags 0x000000000000001f x28 0x0000000000000000
core   0: 0x0000000080006028 (0xc219fdd3) fcvt.wu.d s11, fs3
core   0: 1 0x0000000080006028 (0xc219fdd3) c1_fflags 0x000000000000001f x27 0xffffffffffffffff
core   0: 0x000000008000602c (0x016a1b3b) sllw    s6, s4, s6
core   0: 1 0x000000008000602c (0x016a1b3b) x22 0xffffffff840f0930
core   0: 0x0000000080006030 (0xd0227b53) fcvt.s.l fs6, tp
core   0: 1 0x0000000080006030 (0xd0227b53) f22 0xffffffff42080000
core   0: 0x0000000080006034 (0x000b1b93) slli    s7, s6, 0
core   0: 1 0x0000000080006034 (0x000b1b93) x23 0xffffffff840f0930
core   0: 0x0000000080006038 (0xc2187053) fcvt.wu.d zero, fa6
core   0: 1 0x0000000080006038 (0xc2187053) c1_fflags 0x000000000000001f
core   0: 0x000000008000603c (0x02c94933) div     s2, s2, a2
core   0: 1 0x000000008000603c (0x02c94933) x18 0x0000000000031939
core   0: 0x0000000080006040 (0x011b98bb) sllw    a7, s7, a7
core   0: 1 0x0000000080006040 (0x011b98bb) x17 0xffffffff840f0930
core   0: 0x0000000080006044 (0xd4d95db7) lui     s11, 0xd4d95
core   0: 1 0x0000000080006044 (0xd4d95db7) x27 0xffffffffd4d95000
core   0: 0x0000000080006048 (0x016adb33) srl     s6, s5, s6
core   0: 1 0x0000000080006048 (0x016adb33) x22 0x0000000000000000
core   0: 0x000000008000604c (0xa31079cb) fnmsub.d fs3, ft0, fa7, fs4
core   0: 1 0x000000008000604c (0xa31079cb) f19 0x7ff8000000000000
core   0: 0x0000000080006050 (0xe20b0053) fmv.x.d zero, fs6
core   0: 1 0x0000000080006050 (0xe20b0053)
core   0: 0x0000000080006054 (0xa5468893) addi    a7, a3, -1452
core   0: 1 0x0000000080006054 (0xa5468893) x17 0x0000000080005ae4
core   0: 0x0000000080006058 (0x0019cc13) xori    s8, s3, 1
core   0: 1 0x0000000080006058 (0x0019cc13) x24 0x0000000000000001
core   0: 0x000000008000605c (0x401a7ed3) fcvt.s.d ft9, fs4
core   0: 1 0x000000008000605c (0x401a7ed3) f29 0xffffffff7fc00000
core   0: 0x0000000080006060 (0x07c1cab7) lui     s5, 0x7c1c
core   0: 1 0x0000000080006060 (0x07c1cab7) x21 0x0000000007c1c000
core   0: 0x0000000080006064 (0xce7a8a9b) addiw   s5, s5, -793
core   0: 1 0x0000000080006064 (0xce7a8a9b) x21 0x0000000007c1bce7
core   0: 0x0000000080006068 (0x00000ab2) c.slli  s5, 12
core   0: 1 0x0000000080006068 (0x0ab2) x21 0x0000007c1bce7000
core   0: 0x000000008000606a (0x093a8a93) addi    s5, s5, 147
core   0: 1 0x000000008000606a (0x093a8a93) x21 0x0000007c1bce7093
core   0: 0x000000008000606e (0x01594bb3) xor     s7, s2, s5
core   0: 1 0x000000008000606e (0x01594bb3) x23 0x0000007c1bcd69aa
core   0: 0x0000000080006072 (0x012ad8bb) srlw    a7, s5, s2
core   0: 1 0x0000000080006072 (0x012ad8bb) x17 0x000000000000000d
core   0: 0x0000000080006076 (0x01ee5a9b) srliw   s5, t3, 30
core   0: 1 0x0000000080006076 (0x01ee5a9b) x21 0x0000000000000000
core   0: 0x000000008000607a (0x020ab3b3) mulhu   t2, s5, zero
core   0: 1 0x000000008000607a (0x020ab3b3) x7  0x0000000000000000
core   0: 0x000000008000607e (0x40d3dd33) sra     s10, t2, a3
core   0: 1 0x000000008000607e (0x40d3dd33) x26 0x0000000000000000
core   0: 0x0000000080006082 (0x41b5ddbb) sraw    s11, a1, s11
core   0: 1 0x0000000080006082 (0x41b5ddbb) x27 0xfffffffff1193473
core   0: 0x0000000080006086 (0x0128893b) addw    s2, a7, s2
core   0: 1 0x0000000080006086 (0x0128893b) x18 0x0000000000031946
core   0: >>>>  write_tohost
core   0: 0x000000008000608a (0x95afa0ef) jal     pc - 0x5ea6
core   0: 1 0x000000008000608a (0x95afa0ef) x1  0x000000008000608e
core   0: >>>>  _exit
core   0: 0x00000000800001e4 (0x00004505) c.li    a0, 1
core   0: 1 0x00000000800001e4 (0x4505) x10 0x0000000000000001
core   0: 0x00000000800001e6 (0x00001f17) auipc   t5, 0x1
core   0: 1 0x00000000800001e6 (0x00001f17) x30 0x00000000800011e6
core   0: 0x00000000800001ea (0xe0af2d23) sw      a0, -486(t5)
core   0: 1 0x00000000800001ea (0xe0af2d23) mem 0x0000000080001000 0x00000001
cp /home/server/RISCV/cva6/verif/sim/out/seed_268/spike_sim/new_seeds_268_.cv64a6_imafdc_sv39.log.iss /home/server/RISCV/cva6/verif/sim/out/seed_268/spike_sim/new_seeds_268_.cv64a6_imafdc_sv39.log
