Makefile:14: must set CVA6_REPO_DIR to point at the root of CVA6 sources and CVA6_TB_DIR to point here -- doing it for you...
LD_LIBRARY_PATH="$(realpath ../../tools/spike/lib):$LD_LIBRARY_PATH" \
	/home/server/RISCV/cva6/tools/spike/bin/spike --steps=2000000  --log-commits --isa=rv64gc_zba_zbb_zbs_zbc_zicsr_zifencei --priv=msu -l /home/server/RISCV/cva6/verif/sim/out/seed_185/directed_asm_tests/new_seeds_185_.o
[SPIKE] Max simulation steps: 2000000
[SPIKE] Proc 0 | ISA: rv64gc_zba_zbb_zbs_zbc_zicsr_zifencei PRIV: msu
[SPIKE] Initializing memories...
core   0: 0x0000000000010000 (0x00100413) li      s0, 1
core   0: 3 0x0000000000010000 (0x00100413) x8  0x0000000000000001
core   0: 0x0000000000010004 (0x01f41413) slli    s0, s0, 31
core   0: 3 0x0000000000010004 (0x01f41413) x8  0x0000000080000000
core   0: 0x0000000000010008 (0xf1402573) csrrs   a0, mhartid, zero
core   0: 3 0x0000000000010008 (0xf1402573) x10 0x0000000000000000
core   0: 0x000000000001000c (0x00000597) auipc   a1, 0x0
core   0: 3 0x000000000001000c (0x00000597) x11 0x000000000001000c
core   0: 0x0000000000010010 (0x07458593) addi    a1, a1, 116
core   0: 3 0x0000000000010010 (0x07458593) x11 0x0000000000010080
core   0: 0x0000000000010014 (0x00040067) jr      s0
core   0: 3 0x0000000000010014 (0x00040067)
core   0: >>>>  _start
core   0: 0x0000000080000000 (0x00004081) c.li    ra, 0
core   0: 3 0x0000000080000000 (0x4081) x1  0x0000000000000000
core   0: 0x0000000080000002 (0x00004101) c.li    sp, 0
core   0: 3 0x0000000080000002 (0x4101) x2  0x0000000000000000
core   0: 0x0000000080000004 (0x00004181) c.li    gp, 0
core   0: 3 0x0000000080000004 (0x4181) x3  0x0000000000000000
core   0: 0x0000000080000006 (0x00004201) c.li    tp, 0
core   0: 3 0x0000000080000006 (0x4201) x4  0x0000000000000000
core   0: 0x0000000080000008 (0x00004281) c.li    t0, 0
core   0: 3 0x0000000080000008 (0x4281) x5  0x0000000000000000
core   0: 0x000000008000000a (0x00004301) c.li    t1, 0
core   0: 3 0x000000008000000a (0x4301) x6  0x0000000000000000
core   0: 0x000000008000000c (0x00004381) c.li    t2, 0
core   0: 3 0x000000008000000c (0x4381) x7  0x0000000000000000
core   0: 0x000000008000000e (0x00004401) c.li    s0, 0
core   0: 3 0x000000008000000e (0x4401) x8  0x0000000000000000
core   0: 0x0000000080000010 (0x00004481) c.li    s1, 0
core   0: 3 0x0000000080000010 (0x4481) x9  0x0000000000000000
core   0: 0x0000000080000012 (0x00004501) c.li    a0, 0
core   0: 3 0x0000000080000012 (0x4501) x10 0x0000000000000000
core   0: 0x0000000080000014 (0x00004581) c.li    a1, 0
core   0: 3 0x0000000080000014 (0x4581) x11 0x0000000000000000
core   0: 0x0000000080000016 (0x00004601) c.li    a2, 0
core   0: 3 0x0000000080000016 (0x4601) x12 0x0000000000000000
core   0: 0x0000000080000018 (0x00004681) c.li    a3, 0
core   0: 3 0x0000000080000018 (0x4681) x13 0x0000000000000000
core   0: 0x000000008000001a (0x00004701) c.li    a4, 0
core   0: 3 0x000000008000001a (0x4701) x14 0x0000000000000000
core   0: 0x000000008000001c (0x00004781) c.li    a5, 0
core   0: 3 0x000000008000001c (0x4781) x15 0x0000000000000000
core   0: 0x000000008000001e (0x00004801) c.li    a6, 0
core   0: 3 0x000000008000001e (0x4801) x16 0x0000000000000000
core   0: 0x0000000080000020 (0x00004881) c.li    a7, 0
core   0: 3 0x0000000080000020 (0x4881) x17 0x0000000000000000
core   0: 0x0000000080000022 (0x00004901) c.li    s2, 0
core   0: 3 0x0000000080000022 (0x4901) x18 0x0000000000000000
core   0: 0x0000000080000024 (0x00004981) c.li    s3, 0
core   0: 3 0x0000000080000024 (0x4981) x19 0x0000000000000000
core   0: 0x0000000080000026 (0x00004a01) c.li    s4, 0
core   0: 3 0x0000000080000026 (0x4a01) x20 0x0000000000000000
core   0: 0x0000000080000028 (0x00004a81) c.li    s5, 0
core   0: 3 0x0000000080000028 (0x4a81) x21 0x0000000000000000
core   0: 0x000000008000002a (0x00004b01) c.li    s6, 0
core   0: 3 0x000000008000002a (0x4b01) x22 0x0000000000000000
core   0: 0x000000008000002c (0x00004b81) c.li    s7, 0
core   0: 3 0x000000008000002c (0x4b81) x23 0x0000000000000000
core   0: 0x000000008000002e (0x00004c01) c.li    s8, 0
core   0: 3 0x000000008000002e (0x4c01) x24 0x0000000000000000
core   0: 0x0000000080000030 (0x00004c81) c.li    s9, 0
core   0: 3 0x0000000080000030 (0x4c81) x25 0x0000000000000000
core   0: 0x0000000080000032 (0x00004d01) c.li    s10, 0
core   0: 3 0x0000000080000032 (0x4d01) x26 0x0000000000000000
core   0: 0x0000000080000034 (0x00004d81) c.li    s11, 0
core   0: 3 0x0000000080000034 (0x4d81) x27 0x0000000000000000
core   0: 0x0000000080000036 (0x00004e01) c.li    t3, 0
core   0: 3 0x0000000080000036 (0x4e01) x28 0x0000000000000000
core   0: 0x0000000080000038 (0x00004e81) c.li    t4, 0
core   0: 3 0x0000000080000038 (0x4e81) x29 0x0000000000000000
core   0: 0x000000008000003a (0x00004f01) c.li    t5, 0
core   0: 3 0x000000008000003a (0x4f01) x30 0x0000000000000000
core   0: 0x000000008000003c (0x00004f81) c.li    t6, 0
core   0: 3 0x000000008000003c (0x4f81) x31 0x0000000000000000
core   0: 0x000000008000003e (0x000062f9) c.lui   t0, 0x1e
core   0: 3 0x000000008000003e (0x62f9) x5  0x000000000001e000
core   0: 0x0000000080000040 (0x3002a073) csrrs   zero, mstatus, t0
core   0: 3 0x0000000080000040 (0x3002a073) c768_mstatus 0x8000000a00006000
core   0: 0x0000000080000044 (0x00004285) c.li    t0, 1
core   0: 3 0x0000000080000044 (0x4285) x5  0x0000000000000001
core   0: 0x0000000080000046 (0x000002fe) c.slli  t0, 31
core   0: 3 0x0000000080000046 (0x02fe) x5  0x0000000080000000
core   0: 0x0000000080000048 (0x0002d863) bge     t0, zero, pc + 16
core   0: 3 0x0000000080000048 (0x0002d863)
core   0: 0x0000000080000058 (0x00000297) auipc   t0, 0x0
core   0: 3 0x0000000080000058 (0x00000297) x5  0x0000000080000058
core   0: 0x000000008000005c (0x09028293) addi    t0, t0, 144
core   0: 3 0x000000008000005c (0x09028293) x5  0x00000000800000e8
core   0: 0x0000000080000060 (0x30529073) csrrw   zero, mtvec, t0
core   0: 3 0x0000000080000060 (0x30529073) c773_mtvec 0x00000000800000e8
core   0: 0x0000000080000064 (0x00301073) csrrw   zero, fcsr, zero
core   0: 3 0x0000000080000064 (0x00301073) c1_fflags 0x0000000000000000 c2_frm 0x0000000000000000
core   0: 0x0000000080000068 (0xf0000053) fmv.w.x ft0, zero
core   0: 3 0x0000000080000068 (0xf0000053) f0  0xffffffff00000000
core   0: 0x000000008000006c (0xf00000d3) fmv.w.x ft1, zero
core   0: 3 0x000000008000006c (0xf00000d3) f1  0xffffffff00000000
core   0: 0x0000000080000070 (0xf0000153) fmv.w.x ft2, zero
core   0: 3 0x0000000080000070 (0xf0000153) f2  0xffffffff00000000
core   0: 0x0000000080000074 (0xf00001d3) fmv.w.x ft3, zero
core   0: 3 0x0000000080000074 (0xf00001d3) f3  0xffffffff00000000
core   0: 0x0000000080000078 (0xf0000253) fmv.w.x ft4, zero
core   0: 3 0x0000000080000078 (0xf0000253) f4  0xffffffff00000000
core   0: 0x000000008000007c (0xf00002d3) fmv.w.x ft5, zero
core   0: 3 0x000000008000007c (0xf00002d3) f5  0xffffffff00000000
core   0: 0x0000000080000080 (0xf0000353) fmv.w.x ft6, zero
core   0: 3 0x0000000080000080 (0xf0000353) f6  0xffffffff00000000
core   0: 0x0000000080000084 (0xf00003d3) fmv.w.x ft7, zero
core   0: 3 0x0000000080000084 (0xf00003d3) f7  0xffffffff00000000
core   0: 0x0000000080000088 (0xf0000453) fmv.w.x fs0, zero
core   0: 3 0x0000000080000088 (0xf0000453) f8  0xffffffff00000000
core   0: 0x000000008000008c (0xf00004d3) fmv.w.x fs1, zero
core   0: 3 0x000000008000008c (0xf00004d3) f9  0xffffffff00000000
core   0: 0x0000000080000090 (0xf0000553) fmv.w.x fa0, zero
core   0: 3 0x0000000080000090 (0xf0000553) f10 0xffffffff00000000
core   0: 0x0000000080000094 (0xf00005d3) fmv.w.x fa1, zero
core   0: 3 0x0000000080000094 (0xf00005d3) f11 0xffffffff00000000
core   0: 0x0000000080000098 (0xf0000653) fmv.w.x fa2, zero
core   0: 3 0x0000000080000098 (0xf0000653) f12 0xffffffff00000000
core   0: 0x000000008000009c (0xf00006d3) fmv.w.x fa3, zero
core   0: 3 0x000000008000009c (0xf00006d3) f13 0xffffffff00000000
core   0: 0x00000000800000a0 (0xf0000753) fmv.w.x fa4, zero
core   0: 3 0x00000000800000a0 (0xf0000753) f14 0xffffffff00000000
core   0: 0x00000000800000a4 (0xf00007d3) fmv.w.x fa5, zero
core   0: 3 0x00000000800000a4 (0xf00007d3) f15 0xffffffff00000000
core   0: 0x00000000800000a8 (0xf0000853) fmv.w.x fa6, zero
core   0: 3 0x00000000800000a8 (0xf0000853) f16 0xffffffff00000000
core   0: 0x00000000800000ac (0xf00008d3) fmv.w.x fa7, zero
core   0: 3 0x00000000800000ac (0xf00008d3) f17 0xffffffff00000000
core   0: 0x00000000800000b0 (0xf0000953) fmv.w.x fs2, zero
core   0: 3 0x00000000800000b0 (0xf0000953) f18 0xffffffff00000000
core   0: 0x00000000800000b4 (0xf00009d3) fmv.w.x fs3, zero
core   0: 3 0x00000000800000b4 (0xf00009d3) f19 0xffffffff00000000
core   0: 0x00000000800000b8 (0xf0000a53) fmv.w.x fs4, zero
core   0: 3 0x00000000800000b8 (0xf0000a53) f20 0xffffffff00000000
core   0: 0x00000000800000bc (0xf0000ad3) fmv.w.x fs5, zero
core   0: 3 0x00000000800000bc (0xf0000ad3) f21 0xffffffff00000000
core   0: 0x00000000800000c0 (0xf0000b53) fmv.w.x fs6, zero
core   0: 3 0x00000000800000c0 (0xf0000b53) f22 0xffffffff00000000
core   0: 0x00000000800000c4 (0xf0000bd3) fmv.w.x fs7, zero
core   0: 3 0x00000000800000c4 (0xf0000bd3) f23 0xffffffff00000000
core   0: 0x00000000800000c8 (0xf0000c53) fmv.w.x fs8, zero
core   0: 3 0x00000000800000c8 (0xf0000c53) f24 0xffffffff00000000
core   0: 0x00000000800000cc (0xf0000cd3) fmv.w.x fs9, zero
core   0: 3 0x00000000800000cc (0xf0000cd3) f25 0xffffffff00000000
core   0: 0x00000000800000d0 (0xf0000d53) fmv.w.x fs10, zero
core   0: 3 0x00000000800000d0 (0xf0000d53) f26 0xffffffff00000000
core   0: 0x00000000800000d4 (0xf0000dd3) fmv.w.x fs11, zero
core   0: 3 0x00000000800000d4 (0xf0000dd3) f27 0xffffffff00000000
core   0: 0x00000000800000d8 (0xf0000e53) fmv.w.x ft8, zero
core   0: 3 0x00000000800000d8 (0xf0000e53) f28 0xffffffff00000000
core   0: 0x00000000800000dc (0xf0000ed3) fmv.w.x ft9, zero
core   0: 3 0x00000000800000dc (0xf0000ed3) f29 0xffffffff00000000
core   0: 0x00000000800000e0 (0xf0000f53) fmv.w.x ft10, zero
core   0: 3 0x00000000800000e0 (0xf0000f53) f30 0xffffffff00000000
core   0: 0x00000000800000e4 (0xf0000fd3) fmv.w.x ft11, zero
core   0: 3 0x00000000800000e4 (0xf0000fd3) f31 0xffffffff00000000
core   0: 0x00000000800000e8 (0x00000297) auipc   t0, 0x0
core   0: 3 0x00000000800000e8 (0x00000297) x5  0x00000000800000e8
core   0: 0x00000000800000ec (0x03c28293) addi    t0, t0, 60
core   0: 3 0x00000000800000ec (0x03c28293) x5  0x0000000080000124
core   0: 0x00000000800000f0 (0x30529073) csrrw   zero, mtvec, t0
core   0: 3 0x00000000800000f0 (0x30529073) c773_mtvec 0x0000000080000124
core   0: 0x00000000800000f4 (0x00012197) auipc   gp, 0x12
core   0: 3 0x00000000800000f4 (0x00012197) x3  0x00000000800120f4
core   0: 0x00000000800000f8 (0x73418193) addi    gp, gp, 1844
core   0: 3 0x00000000800000f8 (0x73418193) x3  0x0000000080012828
core   0: 0x00000000800000fc (0x00012217) auipc   tp, 0x12
core   0: 3 0x00000000800000fc (0x00012217) x4  0x00000000800120fc
core   0: 0x0000000080000100 (0xf8320213) addi    tp, tp, -125
core   0: 3 0x0000000080000100 (0xf8320213) x4  0x000000008001207f
core   0: 0x0000000080000104 (0xfc027213) andi    tp, tp, -64
core   0: 3 0x0000000080000104 (0xfc027213) x4  0x0000000080012040
core   0: 0x0000000080000108 (0xf1402573) csrrs   a0, mhartid, zero
core   0: 3 0x0000000080000108 (0xf1402573) x10 0x0000000000000000
core   0: 0x000000008000010c (0x00004585) c.li    a1, 1
core   0: 3 0x000000008000010c (0x4585) x11 0x0000000000000001
core   0: 0x000000008000010e (0x00b57063) bgeu    a0, a1, pc + 0
core   0: 3 0x000000008000010e (0x00b57063)
core   0: 0x0000000080000112 (0x00150113) addi    sp, a0, 1
core   0: 3 0x0000000080000112 (0x00150113) x2  0x0000000000000001
core   0: 0x0000000080000116 (0x00000146) c.slli  sp, 17
core   0: 3 0x0000000080000116 (0x0146) x2  0x0000000000020000
core   0: 0x0000000080000118 (0x00009112) c.add   sp, tp
core   0: 3 0x0000000080000118 (0x9112) x2  0x0000000080032040
core   0: 0x000000008000011a (0x01151613) slli    a2, a0, 17
core   0: 3 0x000000008000011a (0x01151613) x12 0x0000000000000000
core   0: 0x000000008000011e (0x00009232) c.add   tp, a2
core   0: 3 0x000000008000011e (0x9232) x4  0x0000000080012040
core   0: 0x0000000080000120 (0x39a0f06f) j       pc + 0xf39a
core   0: 3 0x0000000080000120 (0x39a0f06f)
core   0: >>>>  _init
core   0: 0x000000008000f4ba (0x00007171) c.addi16sp sp, -176
core   0: 3 0x000000008000f4ba (0x7171) x2  0x0000000080031f90
core   0: 0x000000008000f4bc (0x0000f506) c.sdsp  ra, 168(sp)
core   0: 3 0x000000008000f4bc (0xf506) mem 0x0000000080032038 0x0000000000000000
core   0: 0x000000008000f4be (0x0000f122) c.sdsp  s0, 160(sp)
core   0: 3 0x000000008000f4be (0xf122) mem 0x0000000080032030 0x0000000000000000
core   0: 0x000000008000f4c0 (0x0000ed26) c.sdsp  s1, 152(sp)
core   0: 3 0x000000008000f4c0 (0xed26) mem 0x0000000080032028 0x0000000000000000
core   0: 0x000000008000f4c2 (0x00001900) c.addi4spn s0, sp, 176
core   0: 3 0x000000008000f4c2 (0x1900) x8  0x0000000080032040
core   0: 0x000000008000f4c4 (0x000087aa) c.mv    a5, a0
core   0: 3 0x000000008000f4c4 (0x87aa) x15 0x0000000000000000
core   0: 0x000000008000f4c6 (0x0000872e) c.mv    a4, a1
core   0: 3 0x000000008000f4c6 (0x872e) x14 0x0000000000000001
core   0: 0x000000008000f4c8 (0xf4f42e23) sw      a5, -164(s0)
core   0: 3 0x000000008000f4c8 (0xf4f42e23) mem 0x0000000080031f9c 0x00000000
core   0: 0x000000008000f4cc (0x000087ba) c.mv    a5, a4
core   0: 3 0x000000008000f4cc (0x87ba) x15 0x0000000000000001
core   0: 0x000000008000f4ce (0xf4f42c23) sw      a5, -168(s0)
core   0: 3 0x000000008000f4ce (0xf4f42c23) mem 0x0000000080031f98 0x00000001
core   0: 0x000000008000f4d2 (0xfe040793) addi    a5, s0, -32
core   0: 3 0x000000008000f4d2 (0xfe040793) x15 0x0000000080032020
core   0: 0x000000008000f4d6 (0xf4f43823) sd      a5, -176(s0)
core   0: 3 0x000000008000f4d6 (0xf4f43823) mem 0x0000000080031f90 0x0000000080032020
core   0: 0x000000008000f4da (0xf5043783) ld      a5, -176(s0)
core   0: 3 0x000000008000f4da (0xf5043783) x15 0x0000000080032020 mem 0x0000000080031f90
core   0: 0x000000008000f4de (0xf8078793) addi    a5, a5, -128
core   0: 3 0x000000008000f4de (0xf8078793) x15 0x0000000080031fa0
core   0: 0x000000008000f4e2 (0x03f78793) addi    a5, a5, 63
core   0: 3 0x000000008000f4e2 (0x03f78793) x15 0x0000000080031fdf
core   0: 0x000000008000f4e6 (0x00008399) c.srli  a5, 6
core   0: 3 0x000000008000f4e6 (0x8399) x15 0x0000000002000c7f
core   0: 0x000000008000f4e8 (0x00679493) slli    s1, a5, 6
core   0: 3 0x000000008000f4e8 (0x00679493) x9  0x0000000080031fc0
core   0: 0x000000008000f4ec (0xf65ff0ef) jal     pc - 0x9c
core   0: 3 0x000000008000f4ec (0xf65ff0ef) x1  0x000000008000f4f0
core   0: >>>>  init_tls
core   0: 0x000000008000f450 (0x00001101) c.addi  sp, -32
core   0: 3 0x000000008000f450 (0x1101) x2  0x0000000080031f70
core   0: 0x000000008000f452 (0x0000ec06) c.sdsp  ra, 24(sp)
core   0: 3 0x000000008000f452 (0xec06) mem 0x0000000080031f88 0x000000008000f4f0
core   0: 0x000000008000f454 (0x0000e822) c.sdsp  s0, 16(sp)
core   0: 3 0x000000008000f454 (0xe822) mem 0x0000000080031f80 0x0000000080032040
core   0: 0x000000008000f456 (0x00001000) c.addi4spn s0, sp, 32
core   0: 3 0x000000008000f456 (0x1000) x8  0x0000000080031f90
core   0: 0x000000008000f458 (0x00003717) auipc   a4, 0x3
core   0: 3 0x000000008000f458 (0x00003717) x14 0x0000000080012458
core   0: 0x000000008000f45c (0xbd070713) addi    a4, a4, -1072
core   0: 3 0x000000008000f45c (0xbd070713) x14 0x0000000080012028
core   0: 0x000000008000f460 (0x00003797) auipc   a5, 0x3
core   0: 3 0x000000008000f460 (0x00003797) x15 0x0000000080012460
core   0: 0x000000008000f464 (0xbc878793) addi    a5, a5, -1080
core   0: 3 0x000000008000f464 (0xbc878793) x15 0x0000000080012028
core   0: 0x000000008000f468 (0x40f707b3) sub     a5, a4, a5
core   0: 3 0x000000008000f468 (0x40f707b3) x15 0x0000000000000000
core   0: 0x000000008000f46c (0xfef43423) sd      a5, -24(s0)
core   0: 3 0x000000008000f46c (0xfef43423) mem 0x0000000080031f78 0x0000000000000000
core   0: 0x000000008000f470 (0x00008792) c.mv    a5, tp
core   0: 3 0x000000008000f470 (0x8792) x15 0x0000000080012040
core   0: 0x000000008000f472 (0xfe843603) ld      a2, -24(s0)
core   0: 3 0x000000008000f472 (0xfe843603) x12 0x0000000000000000 mem 0x0000000080031f78
core   0: 0x000000008000f476 (0x00003597) auipc   a1, 0x3
core   0: 3 0x000000008000f476 (0x00003597) x11 0x0000000080012476
core   0: 0x000000008000f47a (0xbb258593) addi    a1, a1, -1102
core   0: 3 0x000000008000f47a (0xbb258593) x11 0x0000000080012028
core   0: 0x000000008000f47e (0x0000853e) c.mv    a0, a5
core   0: 3 0x000000008000f47e (0x853e) x10 0x0000000080012040
core   0: 0x000000008000f480 (0x0f9000ef) jal     pc + 0x8f8
core   0: 3 0x000000008000f480 (0x0f9000ef) x1  0x000000008000f484
core   0: >>>>  memcpy
core   0: 0x000000008000fd78 (0x0000715d) c.addi16sp sp, -80
core   0: 3 0x000000008000fd78 (0x715d) x2  0x0000000080031f20
core   0: 0x000000008000fd7a (0x0000e4a2) c.sdsp  s0, 72(sp)
core   0: 3 0x000000008000fd7a (0xe4a2) mem 0x0000000080031f68 0x0000000080031f90
core   0: 0x000000008000fd7c (0x00000880) c.addi4spn s0, sp, 80
core   0: 3 0x000000008000fd7c (0x0880) x8  0x0000000080031f70
core   0: 0x000000008000fd7e (0xfca43423) sd      a0, -56(s0)
core   0: 3 0x000000008000fd7e (0xfca43423) mem 0x0000000080031f38 0x0000000080012040
core   0: 0x000000008000fd82 (0xfcb43023) sd      a1, -64(s0)
core   0: 3 0x000000008000fd82 (0xfcb43023) mem 0x0000000080031f30 0x0000000080012028
core   0: 0x000000008000fd86 (0xfac43c23) sd      a2, -72(s0)
core   0: 3 0x000000008000fd86 (0xfac43c23) mem 0x0000000080031f28 0x0000000000000000
core   0: 0x000000008000fd8a (0xfc843703) ld      a4, -56(s0)
core   0: 3 0x000000008000fd8a (0xfc843703) x14 0x0000000080012040 mem 0x0000000080031f38
core   0: 0x000000008000fd8e (0xfc043783) ld      a5, -64(s0)
core   0: 3 0x000000008000fd8e (0xfc043783) x15 0x0000000080012028 mem 0x0000000080031f30
core   0: 0x000000008000fd92 (0x00008f5d) c.or    a4, a5
core   0: 3 0x000000008000fd92 (0x8f5d) x14 0x0000000080012068
core   0: 0x000000008000fd94 (0xfb843783) ld      a5, -72(s0)
core   0: 3 0x000000008000fd94 (0xfb843783) x15 0x0000000000000000 mem 0x0000000080031f28
core   0: 0x000000008000fd98 (0x00008fd9) c.or    a5, a4
core   0: 3 0x000000008000fd98 (0x8fd9) x15 0x0000000080012068
core   0: 0x000000008000fd9a (0x00008b9d) c.andi  a5, 7
core   0: 3 0x000000008000fd9a (0x8b9d) x15 0x0000000000000000
core   0: 0x000000008000fd9c (0x0000e3b1) c.bnez  a5, pc + 68
core   0: 3 0x000000008000fd9c (0xe3b1)
core   0: 0x000000008000fd9e (0xfc043783) ld      a5, -64(s0)
core   0: 3 0x000000008000fd9e (0xfc043783) x15 0x0000000080012028 mem 0x0000000080031f30
core   0: 0x000000008000fda2 (0xfef43423) sd      a5, -24(s0)
core   0: 3 0x000000008000fda2 (0xfef43423) mem 0x0000000080031f58 0x0000000080012028
core   0: 0x000000008000fda6 (0xfc843783) ld      a5, -56(s0)
core   0: 3 0x000000008000fda6 (0xfc843783) x15 0x0000000080012040 mem 0x0000000080031f38
core   0: 0x000000008000fdaa (0xfef43023) sd      a5, -32(s0)
core   0: 3 0x000000008000fdaa (0xfef43023) mem 0x0000000080031f50 0x0000000080012040
core   0: 0x000000008000fdae (0x0000a839) c.j     pc + 30
core   0: 3 0x000000008000fdae (0xa839)
core   0: 0x000000008000fdcc (0xfc843703) ld      a4, -56(s0)
core   0: 3 0x000000008000fdcc (0xfc843703) x14 0x0000000080012040 mem 0x0000000080031f38
core   0: 0x000000008000fdd0 (0xfb843783) ld      a5, -72(s0)
core   0: 3 0x000000008000fdd0 (0xfb843783) x15 0x0000000000000000 mem 0x0000000080031f28
core   0: 0x000000008000fdd4 (0x000097ba) c.add   a5, a4
core   0: 3 0x000000008000fdd4 (0x97ba) x15 0x0000000080012040
core   0: 0x000000008000fdd6 (0xfe043703) ld      a4, -32(s0)
core   0: 3 0x000000008000fdd6 (0xfe043703) x14 0x0000000080012040 mem 0x0000000080031f50
core   0: 0x000000008000fdda (0xfcf76be3) bltu    a4, a5, pc - 42
core   0: 3 0x000000008000fdda (0xfcf76be3)
core   0: 0x000000008000fdde (0x0000a099) c.j     pc + 70
core   0: 3 0x000000008000fdde (0xa099)
core   0: 0x000000008000fe24 (0xfc843783) ld      a5, -56(s0)
core   0: 3 0x000000008000fe24 (0xfc843783) x15 0x0000000080012040 mem 0x0000000080031f38
core   0: 0x000000008000fe28 (0x0000853e) c.mv    a0, a5
core   0: 3 0x000000008000fe28 (0x853e) x10 0x0000000080012040
core   0: 0x000000008000fe2a (0x00006426) c.ldsp  s0, 72(sp)
core   0: 3 0x000000008000fe2a (0x6426) x8  0x0000000080031f90 mem 0x0000000080031f68
core   0: 0x000000008000fe2c (0x00006161) c.addi16sp sp, 80
core   0: 3 0x000000008000fe2c (0x6161) x2  0x0000000080031f70
core   0: 0x000000008000fe2e (0x00008082) ret
core   0: 3 0x000000008000fe2e (0x8082)
core   0: 0x000000008000f484 (0x00003717) auipc   a4, 0x3
core   0: 3 0x000000008000f484 (0x00003717) x14 0x0000000080012484
core   0: 0x000000008000f488 (0xc4070713) addi    a4, a4, -960
core   0: 3 0x000000008000f488 (0xc4070713) x14 0x00000000800120c4
core   0: 0x000000008000f48c (0x00003797) auipc   a5, 0x3
core   0: 3 0x000000008000f48c (0x00003797) x15 0x000000008001248c
core   0: 0x000000008000f490 (0xb9c78793) addi    a5, a5, -1124
core   0: 3 0x000000008000f490 (0xb9c78793) x15 0x0000000080012028
core   0: 0x000000008000f494 (0x40f707b3) sub     a5, a4, a5
core   0: 3 0x000000008000f494 (0x40f707b3) x15 0x000000000000009c
core   0: 0x000000008000f498 (0xfef43023) sd      a5, -32(s0)
core   0: 3 0x000000008000f498 (0xfef43023) mem 0x0000000080031f70 0x000000000000009c
core   0: 0x000000008000f49c (0x00008712) c.mv    a4, tp
core   0: 3 0x000000008000f49c (0x8712) x14 0x0000000080012040
core   0: 0x000000008000f49e (0xfe843783) ld      a5, -24(s0)
core   0: 3 0x000000008000f49e (0xfe843783) x15 0x0000000000000000 mem 0x0000000080031f78
core   0: 0x000000008000f4a2 (0x000097ba) c.add   a5, a4
core   0: 3 0x000000008000f4a2 (0x97ba) x15 0x0000000080012040
core   0: 0x000000008000f4a4 (0xfe043603) ld      a2, -32(s0)
core   0: 3 0x000000008000f4a4 (0xfe043603) x12 0x000000000000009c mem 0x0000000080031f70
core   0: 0x000000008000f4a8 (0x00004581) c.li    a1, 0
core   0: 3 0x000000008000f4a8 (0x4581) x11 0x0000000000000000
core   0: 0x000000008000f4aa (0x0000853e) c.mv    a0, a5
core   0: 3 0x000000008000f4aa (0x853e) x10 0x0000000080012040
core   0: 0x000000008000f4ac (0x185000ef) jal     pc + 0x984
core   0: 3 0x000000008000f4ac (0x185000ef) x1  0x000000008000f4b0
core   0: >>>>  memset
core   0: 0x000000008000fe30 (0x0000715d) c.addi16sp sp, -80
core   0: 3 0x000000008000fe30 (0x715d) x2  0x0000000080031f20
core   0: 0x000000008000fe32 (0x0000e4a2) c.sdsp  s0, 72(sp)
core   0: 3 0x000000008000fe32 (0xe4a2) mem 0x0000000080031f68 0x0000000080031f90
core   0: 0x000000008000fe34 (0x00000880) c.addi4spn s0, sp, 80
core   0: 3 0x000000008000fe34 (0x0880) x8  0x0000000080031f70
core   0: 0x000000008000fe36 (0xfca43423) sd      a0, -56(s0)
core   0: 3 0x000000008000fe36 (0xfca43423) mem 0x0000000080031f38 0x0000000080012040
core   0: 0x000000008000fe3a (0x000087ae) c.mv    a5, a1
core   0: 3 0x000000008000fe3a (0x87ae) x15 0x0000000000000000
core   0: 0x000000008000fe3c (0xfac43c23) sd      a2, -72(s0)
core   0: 3 0x000000008000fe3c (0xfac43c23) mem 0x0000000080031f28 0x000000000000009c
core   0: 0x000000008000fe40 (0xfcf42223) sw      a5, -60(s0)
core   0: 3 0x000000008000fe40 (0xfcf42223) mem 0x0000000080031f34 0x00000000
core   0: 0x000000008000fe44 (0xfc843703) ld      a4, -56(s0)
core   0: 3 0x000000008000fe44 (0xfc843703) x14 0x0000000080012040 mem 0x0000000080031f38
core   0: 0x000000008000fe48 (0xfb843783) ld      a5, -72(s0)
core   0: 3 0x000000008000fe48 (0xfb843783) x15 0x000000000000009c mem 0x0000000080031f28
core   0: 0x000000008000fe4c (0x00008fd9) c.or    a5, a4
core   0: 3 0x000000008000fe4c (0x8fd9) x15 0x00000000800120dc
core   0: 0x000000008000fe4e (0x00008b9d) c.andi  a5, 7
core   0: 3 0x000000008000fe4e (0x8b9d) x15 0x0000000000000004
core   0: 0x000000008000fe50 (0x0000e7bd) c.bnez  a5, pc + 110
core   0: 3 0x000000008000fe50 (0xe7bd)
core   0: 0x000000008000febe (0xfc843783) ld      a5, -56(s0)
core   0: 3 0x000000008000febe (0xfc843783) x15 0x0000000080012040 mem 0x0000000080031f38
core   0: 0x000000008000fec2 (0xfef43023) sd      a5, -32(s0)
core   0: 3 0x000000008000fec2 (0xfef43023) mem 0x0000000080031f50 0x0000000080012040
core   0: 0x000000008000fec6 (0x0000a829) c.j     pc + 26
core   0: 3 0x000000008000fec6 (0xa829)
core   0: 0x000000008000fee0 (0xfc843703) ld      a4, -56(s0)
core   0: 3 0x000000008000fee0 (0xfc843703) x14 0x0000000080012040 mem 0x0000000080031f38
core   0: 0x000000008000fee4 (0xfb843783) ld      a5, -72(s0)
core   0: 3 0x000000008000fee4 (0xfb843783) x15 0x000000000000009c mem 0x0000000080031f28
core   0: 0x000000008000fee8 (0x000097ba) c.add   a5, a4
core   0: 3 0x000000008000fee8 (0x97ba) x15 0x00000000800120dc
core   0: 0x000000008000feea (0xfe043703) ld      a4, -32(s0)
core   0: 3 0x000000008000feea (0xfe043703) x14 0x0000000080012040 mem 0x0000000080031f50
core   0: 0x000000008000feee (0xfcf76de3) bltu    a4, a5, pc - 38
core   0: 3 0x000000008000feee (0xfcf76de3)
core   0: 0x000000008000fec8 (0xfe043783) ld      a5, -32(s0)
core   0: 3 0x000000008000fec8 (0xfe043783) x15 0x0000000080012040 mem 0x0000000080031f50
core   0: 0x000000008000fecc (0x00178713) addi    a4, a5, 1
core   0: 3 0x000000008000fecc (0x00178713) x14 0x0000000080012041
core   0: 0x000000008000fed0 (0xfee43023) sd      a4, -32(s0)
core   0: 3 0x000000008000fed0 (0xfee43023) mem 0x0000000080031f50 0x0000000080012041
core   0: 0x000000008000fed4 (0xfc442703) lw      a4, -60(s0)
core   0: 3 0x000000008000fed4 (0xfc442703) x14 0x0000000000000000 mem 0x0000000080031f34
core   0: 0x000000008000fed8 (0x0ff77713) andi    a4, a4, 255
core   0: 3 0x000000008000fed8 (0x0ff77713) x14 0x0000000000000000
core   0: 0x000000008000fedc (0x00e78023) sb      a4, 0(a5)
core   0: 3 0x000000008000fedc (0x00e78023) mem 0x0000000080012040 0x00
core   0: 0x000000008000fee0 (0xfc843703) ld      a4, -56(s0)
core   0: 3 0x000000008000fee0 (0xfc843703) x14 0x0000000080012040 mem 0x0000000080031f38
core   0: 0x000000008000fee4 (0xfb843783) ld      a5, -72(s0)
core   0: 3 0x000000008000fee4 (0xfb843783) x15 0x000000000000009c mem 0x0000000080031f28
core   0: 0x000000008000fee8 (0x000097ba) c.add   a5, a4
core   0: 3 0x000000008000fee8 (0x97ba) x15 0x00000000800120dc
core   0: 0x000000008000feea (0xfe043703) ld      a4, -32(s0)
core   0: 3 0x000000008000feea (0xfe043703) x14 0x0000000080012041 mem 0x0000000080031f50
core   0: 0x000000008000feee (0xfcf76de3) bltu    a4, a5, pc - 38
core   0: 3 0x000000008000feee (0xfcf76de3)
core   0: 0x000000008000fec8 (0xfe043783) ld      a5, -32(s0)
core   0: 3 0x000000008000fec8 (0xfe043783) x15 0x0000000080012041 mem 0x0000000080031f50
core   0: 0x000000008000fecc (0x00178713) addi    a4, a5, 1
core   0: 3 0x000000008000fecc (0x00178713) x14 0x0000000080012042
core   0: 0x000000008000fed0 (0xfee43023) sd      a4, -32(s0)
core   0: 3 0x000000008000fed0 (0xfee43023) mem 0x0000000080031f50 0x0000000080012042
core   0: 0x000000008000fed4 (0xfc442703) lw      a4, -60(s0)
core   0: 3 0x000000008000fed4 (0xfc442703) x14 0x0000000000000000 mem 0x0000000080031f34
core   0: 0x000000008000fed8 (0x0ff77713) andi    a4, a4, 255
core   0: 3 0x000000008000fed8 (0x0ff77713) x14 0x0000000000000000
core   0: 0x000000008000fedc (0x00e78023) sb      a4, 0(a5)
core   0: 3 0x000000008000fedc (0x00e78023) mem 0x0000000080012041 0x00
core   0: 0x000000008000fee0 (0xfc843703) ld      a4, -56(s0)
core   0: 3 0x000000008000fee0 (0xfc843703) x14 0x0000000080012040 mem 0x0000000080031f38
core   0: 0x000000008000fee4 (0xfb843783) ld      a5, -72(s0)
core   0: 3 0x000000008000fee4 (0xfb843783) x15 0x000000000000009c mem 0x0000000080031f28
core   0: 0x000000008000fee8 (0x000097ba) c.add   a5, a4
core   0: 3 0x000000008000fee8 (0x97ba) x15 0x00000000800120dc
core   0: 0x000000008000feea (0xfe043703) ld      a4, -32(s0)
core   0: 3 0x000000008000feea (0xfe043703) x14 0x0000000080012042 mem 0x0000000080031f50
core   0: 0x000000008000feee (0xfcf76de3) bltu    a4, a5, pc - 38
core   0: 3 0x000000008000feee (0xfcf76de3)
core   0: 0x000000008000fec8 (0xfe043783) ld      a5, -32(s0)
core   0: 3 0x000000008000fec8 (0xfe043783) x15 0x0000000080012042 mem 0x0000000080031f50
core   0: 0x000000008000fecc (0x00178713) addi    a4, a5, 1
core   0: 3 0x000000008000fecc (0x00178713) x14 0x0000000080012043
core   0: 0x000000008000fed0 (0xfee43023) sd      a4, -32(s0)
core   0: 3 0x000000008000fed0 (0xfee43023) mem 0x0000000080031f50 0x0000000080012043
core   0: 0x000000008000fed4 (0xfc442703) lw      a4, -60(s0)
core   0: 3 0x000000008000fed4 (0xfc442703) x14 0x0000000000000000 mem 0x0000000080031f34
core   0: 0x000000008000fed8 (0x0ff77713) andi    a4, a4, 255
core   0: 3 0x000000008000fed8 (0x0ff77713) x14 0x0000000000000000
core   0: 0x000000008000fedc (0x00e78023) sb      a4, 0(a5)
core   0: 3 0x000000008000fedc (0x00e78023) mem 0x0000000080012042 0x00
core   0: 0x000000008000fee0 (0xfc843703) ld      a4, -56(s0)
core   0: 3 0x000000008000fee0 (0xfc843703) x14 0x0000000080012040 mem 0x0000000080031f38
core   0: 0x000000008000fee4 (0xfb843783) ld      a5, -72(s0)
core   0: 3 0x000000008000fee4 (0xfb843783) x15 0x000000000000009c mem 0x0000000080031f28
core   0: 0x000000008000fee8 (0x000097ba) c.add   a5, a4
core   0: 3 0x000000008000fee8 (0x97ba) x15 0x00000000800120dc
core   0: 0x000000008000feea (0xfe043703) ld      a4, -32(s0)
core   0: 3 0x000000008000feea (0xfe043703) x14 0x0000000080012043 mem 0x0000000080031f50
core   0: 0x000000008000feee (0xfcf76de3) bltu    a4, a5, pc - 38
core   0: 3 0x000000008000feee (0xfcf76de3)
core   0: 0x000000008000fec8 (0xfe043783) ld      a5, -32(s0)
core   0: 3 0x000000008000fec8 (0xfe043783) x15 0x0000000080012043 mem 0x0000000080031f50
core   0: 0x000000008000fecc (0x00178713) addi    a4, a5, 1
core   0: 3 0x000000008000fecc (0x00178713) x14 0x0000000080012044
core   0: 0x000000008000fed0 (0xfee43023) sd      a4, -32(s0)
core   0: 3 0x000000008000fed0 (0xfee43023) mem 0x0000000080031f50 0x0000000080012044
core   0: 0x000000008000fed4 (0xfc442703) lw      a4, -60(s0)
core   0: 3 0x000000008000fed4 (0xfc442703) x14 0x0000000000000000 mem 0x0000000080031f34
core   0: 0x000000008000fed8 (0x0ff77713) andi    a4, a4, 255
core   0: 3 0x000000008000fed8 (0x0ff77713) x14 0x0000000000000000
core   0: 0x000000008000fedc (0x00e78023) sb      a4, 0(a5)
core   0: 3 0x000000008000fedc (0x00e78023) mem 0x0000000080012043 0x00
core   0: 0x000000008000fee0 (0xfc843703) ld      a4, -56(s0)
core   0: 3 0x000000008000fee0 (0xfc843703) x14 0x0000000080012040 mem 0x0000000080031f38
core   0: 0x000000008000fee4 (0xfb843783) ld      a5, -72(s0)
core   0: 3 0x000000008000fee4 (0xfb843783) x15 0x000000000000009c mem 0x0000000080031f28
core   0: 0x000000008000fee8 (0x000097ba) c.add   a5, a4
core   0: 3 0x000000008000fee8 (0x97ba) x15 0x00000000800120dc
core   0: 0x000000008000feea (0xfe043703) ld      a4, -32(s0)
core   0: 3 0x000000008000feea (0xfe043703) x14 0x0000000080012044 mem 0x0000000080031f50
core   0: 0x000000008000feee (0xfcf76de3) bltu    a4, a5, pc - 38
core   0: 3 0x000000008000feee (0xfcf76de3)
core   0: 0x000000008000fec8 (0xfe043783) ld      a5, -32(s0)
core   0: 3 0x000000008000fec8 (0xfe043783) x15 0x0000000080012044 mem 0x0000000080031f50
core   0: 0x000000008000fecc (0x00178713) addi    a4, a5, 1
core   0: 3 0x000000008000fecc (0x00178713) x14 0x0000000080012045
core   0: 0x000000008000fed0 (0xfee43023) sd      a4, -32(s0)
core   0: 3 0x000000008000fed0 (0xfee43023) mem 0x0000000080031f50 0x0000000080012045
core   0: 0x000000008000fed4 (0xfc442703) lw      a4, -60(s0)
core   0: 3 0x000000008000fed4 (0xfc442703) x14 0x0000000000000000 mem 0x0000000080031f34
core   0: 0x000000008000fed8 (0x0ff77713) andi    a4, a4, 255
core   0: 3 0x000000008000fed8 (0x0ff77713) x14 0x0000000000000000
core   0: 0x000000008000fedc (0x00e78023) sb      a4, 0(a5)
core   0: 3 0x000000008000fedc (0x00e78023) mem 0x0000000080012044 0x00
core   0: 0x000000008000fee0 (0xfc843703) ld      a4, -56(s0)
core   0: 3 0x000000008000fee0 (0xfc843703) x14 0x0000000080012040 mem 0x0000000080031f38
core   0: 0x000000008000fee4 (0xfb843783) ld      a5, -72(s0)
core   0: 3 0x000000008000fee4 (0xfb843783) x15 0x000000000000009c mem 0x0000000080031f28
core   0: 0x000000008000fee8 (0x000097ba) c.add   a5, a4
core   0: 3 0x000000008000fee8 (0x97ba) x15 0x00000000800120dc
core   0: 0x000000008000feea (0xfe043703) ld      a4, -32(s0)
core   0: 3 0x000000008000feea (0xfe043703) x14 0x0000000080012045 mem 0x0000000080031f50
core   0: 0x000000008000feee (0xfcf76de3) bltu    a4, a5, pc - 38
core   0: 3 0x000000008000feee (0xfcf76de3)
core   0: 0x000000008000fec8 (0xfe043783) ld      a5, -32(s0)
core   0: 3 0x000000008000fec8 (0xfe043783) x15 0x0000000080012045 mem 0x0000000080031f50
core   0: 0x000000008000fecc (0x00178713) addi    a4, a5, 1
core   0: 3 0x000000008000fecc (0x00178713) x14 0x0000000080012046
core   0: 0x000000008000fed0 (0xfee43023) sd      a4, -32(s0)
core   0: 3 0x000000008000fed0 (0xfee43023) mem 0x0000000080031f50 0x0000000080012046
core   0: 0x000000008000fed4 (0xfc442703) lw      a4, -60(s0)
core   0: 3 0x000000008000fed4 (0xfc442703) x14 0x0000000000000000 mem 0x0000000080031f34
core   0: 0x000000008000fed8 (0x0ff77713) andi    a4, a4, 255
core   0: 3 0x000000008000fed8 (0x0ff77713) x14 0x0000000000000000
core   0: 0x000000008000fedc (0x00e78023) sb      a4, 0(a5)
core   0: 3 0x000000008000fedc (0x00e78023) mem 0x0000000080012045 0x00
core   0: 0x000000008000fee0 (0xfc843703) ld      a4, -56(s0)
core   0: 3 0x000000008000fee0 (0xfc843703) x14 0x0000000080012040 mem 0x0000000080031f38
core   0: 0x000000008000fee4 (0xfb843783) ld      a5, -72(s0)
core   0: 3 0x000000008000fee4 (0xfb843783) x15 0x000000000000009c mem 0x0000000080031f28
core   0: 0x000000008000fee8 (0x000097ba) c.add   a5, a4
core   0: 3 0x000000008000fee8 (0x97ba) x15 0x00000000800120dc
core   0: 0x000000008000feea (0xfe043703) ld      a4, -32(s0)
core   0: 3 0x000000008000feea (0xfe043703) x14 0x0000000080012046 mem 0x0000000080031f50
core   0: 0x000000008000feee (0xfcf76de3) bltu    a4, a5, pc - 38
core   0: 3 0x000000008000feee (0xfcf76de3)
core   0: 0x000000008000fec8 (0xfe043783) ld      a5, -32(s0)
core   0: 3 0x000000008000fec8 (0xfe043783) x15 0x0000000080012046 mem 0x0000000080031f50
core   0: 0x000000008000fecc (0x00178713) addi    a4, a5, 1
core   0: 3 0x000000008000fecc (0x00178713) x14 0x0000000080012047
core   0: 0x000000008000fed0 (0xfee43023) sd      a4, -32(s0)
core   0: 3 0x000000008000fed0 (0xfee43023) mem 0x0000000080031f50 0x0000000080012047
core   0: 0x000000008000fed4 (0xfc442703) lw      a4, -60(s0)
core   0: 3 0x000000008000fed4 (0xfc442703) x14 0x0000000000000000 mem 0x0000000080031f34
core   0: 0x000000008000fed8 (0x0ff77713) andi    a4, a4, 255
core   0: 3 0x000000008000fed8 (0x0ff77713) x14 0x0000000000000000
core   0: 0x000000008000fedc (0x00e78023) sb      a4, 0(a5)
core   0: 3 0x000000008000fedc (0x00e78023) mem 0x0000000080012046 0x00
core   0: 0x000000008000fee0 (0xfc843703) ld      a4, -56(s0)
core   0: 3 0x000000008000fee0 (0xfc843703) x14 0x0000000080012040 mem 0x0000000080031f38
core   0: 0x000000008000fee4 (0xfb843783) ld      a5, -72(s0)
core   0: 3 0x000000008000fee4 (0xfb843783) x15 0x000000000000009c mem 0x0000000080031f28
core   0: 0x000000008000fee8 (0x000097ba) c.add   a5, a4
core   0: 3 0x000000008000fee8 (0x97ba) x15 0x00000000800120dc
core   0: 0x000000008000feea (0xfe043703) ld      a4, -32(s0)
core   0: 3 0x000000008000feea (0xfe043703) x14 0x0000000080012047 mem 0x0000000080031f50
core   0: 0x000000008000feee (0xfcf76de3) bltu    a4, a5, pc - 38
core   0: 3 0x000000008000feee (0xfcf76de3)
core   0: 0x000000008000fec8 (0xfe043783) ld      a5, -32(s0)
core   0: 3 0x000000008000fec8 (0xfe043783) x15 0x0000000080012047 mem 0x0000000080031f50
core   0: 0x000000008000fecc (0x00178713) addi    a4, a5, 1
core   0: 3 0x000000008000fecc (0x00178713) x14 0x0000000080012048
core   0: 0x000000008000fed0 (0xfee43023) sd      a4, -32(s0)
core   0: 3 0x000000008000fed0 (0xfee43023) mem 0x0000000080031f50 0x0000000080012048
core   0: 0x000000008000fed4 (0xfc442703) lw      a4, -60(s0)
core   0: 3 0x000000008000fed4 (0xfc442703) x14 0x0000000000000000 mem 0x0000000080031f34
core   0: 0x000000008000fed8 (0x0ff77713) andi    a4, a4, 255
core   0: 3 0x000000008000fed8 (0x0ff77713) x14 0x0000000000000000
core   0: 0x000000008000fedc (0x00e78023) sb      a4, 0(a5)
core   0: 3 0x000000008000fedc (0x00e78023) mem 0x0000000080012047 0x00
core   0: 0x000000008000fee0 (0xfc843703) ld      a4, -56(s0)
core   0: 3 0x000000008000fee0 (0xfc843703) x14 0x0000000080012040 mem 0x0000000080031f38
core   0: 0x000000008000fee4 (0xfb843783) ld      a5, -72(s0)
core   0: 3 0x000000008000fee4 (0xfb843783) x15 0x000000000000009c mem 0x0000000080031f28
core   0: 0x000000008000fee8 (0x000097ba) c.add   a5, a4
core   0: 3 0x000000008000fee8 (0x97ba) x15 0x00000000800120dc
core   0: 0x000000008000feea (0xfe043703) ld      a4, -32(s0)
core   0: 3 0x000000008000feea (0xfe043703) x14 0x0000000080012048 mem 0x0000000080031f50
core   0: 0x000000008000feee (0xfcf76de3) bltu    a4, a5, pc - 38
core   0: 3 0x000000008000feee (0xfcf76de3)
core   0: 0x000000008000fec8 (0xfe043783) ld      a5, -32(s0)
core   0: 3 0x000000008000fec8 (0xfe043783) x15 0x0000000080012048 mem 0x0000000080031f50
core   0: 0x000000008000fecc (0x00178713) addi    a4, a5, 1
core   0: 3 0x000000008000fecc (0x00178713) x14 0x0000000080012049
core   0: 0x000000008000fed0 (0xfee43023) sd      a4, -32(s0)
core   0: 3 0x000000008000fed0 (0xfee43023) mem 0x0000000080031f50 0x0000000080012049
core   0: 0x000000008000fed4 (0xfc442703) lw      a4, -60(s0)
core   0: 3 0x000000008000fed4 (0xfc442703) x14 0x0000000000000000 mem 0x0000000080031f34
core   0: 0x000000008000fed8 (0x0ff77713) andi    a4, a4, 255
core   0: 3 0x000000008000fed8 (0x0ff77713) x14 0x0000000000000000
core   0: 0x000000008000fedc (0x00e78023) sb      a4, 0(a5)
core   0: 3 0x000000008000fedc (0x00e78023) mem 0x0000000080012048 0x00
core   0: 0x000000008000fee0 (0xfc843703) ld      a4, -56(s0)
core   0: 3 0x000000008000fee0 (0xfc843703) x14 0x0000000080012040 mem 0x0000000080031f38
core   0: 0x000000008000fee4 (0xfb843783) ld      a5, -72(s0)
core   0: 3 0x000000008000fee4 (0xfb843783) x15 0x000000000000009c mem 0x0000000080031f28
core   0: 0x000000008000fee8 (0x000097ba) c.add   a5, a4
core   0: 3 0x000000008000fee8 (0x97ba) x15 0x00000000800120dc
core   0: 0x000000008000feea (0xfe043703) ld      a4, -32(s0)
core   0: 3 0x000000008000feea (0xfe043703) x14 0x0000000080012049 mem 0x0000000080031f50
core   0: 0x000000008000feee (0xfcf76de3) bltu    a4, a5, pc - 38
core   0: 3 0x000000008000feee (0xfcf76de3)
core   0: 0x000000008000fec8 (0xfe043783) ld      a5, -32(s0)
core   0: 3 0x000000008000fec8 (0xfe043783) x15 0x0000000080012049 mem 0x0000000080031f50
core   0: 0x000000008000fecc (0x00178713) addi    a4, a5, 1
core   0: 3 0x000000008000fecc (0x00178713) x14 0x000000008001204a
core   0: 0x000000008000fed0 (0xfee43023) sd      a4, -32(s0)
core   0: 3 0x000000008000fed0 (0xfee43023) mem 0x0000000080031f50 0x000000008001204a
core   0: 0x000000008000fed4 (0xfc442703) lw      a4, -60(s0)
core   0: 3 0x000000008000fed4 (0xfc442703) x14 0x0000000000000000 mem 0x0000000080031f34
core   0: 0x000000008000fed8 (0x0ff77713) andi    a4, a4, 255
core   0: 3 0x000000008000fed8 (0x0ff77713) x14 0x0000000000000000
core   0: 0x000000008000fedc (0x00e78023) sb      a4, 0(a5)
core   0: 3 0x000000008000fedc (0x00e78023) mem 0x0000000080012049 0x00
core   0: 0x000000008000fee0 (0xfc843703) ld      a4, -56(s0)
core   0: 3 0x000000008000fee0 (0xfc843703) x14 0x0000000080012040 mem 0x0000000080031f38
core   0: 0x000000008000fee4 (0xfb843783) ld      a5, -72(s0)
core   0: 3 0x000000008000fee4 (0xfb843783) x15 0x000000000000009c mem 0x0000000080031f28
core   0: 0x000000008000fee8 (0x000097ba) c.add   a5, a4
core   0: 3 0x000000008000fee8 (0x97ba) x15 0x00000000800120dc
core   0: 0x000000008000feea (0xfe043703) ld      a4, -32(s0)
core   0: 3 0x000000008000feea (0xfe043703) x14 0x000000008001204a mem 0x0000000080031f50
core   0: 0x000000008000feee (0xfcf76de3) bltu    a4, a5, pc - 38
core   0: 3 0x000000008000feee (0xfcf76de3)
core   0: 0x000000008000fec8 (0xfe043783) ld      a5, -32(s0)
core   0: 3 0x000000008000fec8 (0xfe043783) x15 0x000000008001204a mem 0x0000000080031f50
core   0: 0x000000008000fecc (0x00178713) addi    a4, a5, 1
core   0: 3 0x000000008000fecc (0x00178713) x14 0x000000008001204b
core   0: 0x000000008000fed0 (0xfee43023) sd      a4, -32(s0)
core   0: 3 0x000000008000fed0 (0xfee43023) mem 0x0000000080031f50 0x000000008001204b
core   0: 0x000000008000fed4 (0xfc442703) lw      a4, -60(s0)
core   0: 3 0x000000008000fed4 (0xfc442703) x14 0x0000000000000000 mem 0x0000000080031f34
core   0: 0x000000008000fed8 (0x0ff77713) andi    a4, a4, 255
core   0: 3 0x000000008000fed8 (0x0ff77713) x14 0x0000000000000000
core   0: 0x000000008000fedc (0x00e78023) sb      a4, 0(a5)
core   0: 3 0x000000008000fedc (0x00e78023) mem 0x000000008001204a 0x00
core   0: 0x000000008000fee0 (0xfc843703) ld      a4, -56(s0)
core   0: 3 0x000000008000fee0 (0xfc843703) x14 0x0000000080012040 mem 0x0000000080031f38
core   0: 0x000000008000fee4 (0xfb843783) ld      a5, -72(s0)
core   0: 3 0x000000008000fee4 (0xfb843783) x15 0x000000000000009c mem 0x0000000080031f28
core   0: 0x000000008000fee8 (0x000097ba) c.add   a5, a4
core   0: 3 0x000000008000fee8 (0x97ba) x15 0x00000000800120dc
core   0: 0x000000008000feea (0xfe043703) ld      a4, -32(s0)
core   0: 3 0x000000008000feea (0xfe043703) x14 0x000000008001204b mem 0x0000000080031f50
core   0: 0x000000008000feee (0xfcf76de3) bltu    a4, a5, pc - 38
core   0: 3 0x000000008000feee (0xfcf76de3)
core   0: 0x000000008000fec8 (0xfe043783) ld      a5, -32(s0)
core   0: 3 0x000000008000fec8 (0xfe043783) x15 0x000000008001204b mem 0x0000000080031f50
core   0: 0x000000008000fecc (0x00178713) addi    a4, a5, 1
core   0: 3 0x000000008000fecc (0x00178713) x14 0x000000008001204c
core   0: 0x000000008000fed0 (0xfee43023) sd      a4, -32(s0)
core   0: 3 0x000000008000fed0 (0xfee43023) mem 0x0000000080031f50 0x000000008001204c
core   0: 0x000000008000fed4 (0xfc442703) lw      a4, -60(s0)
core   0: 3 0x000000008000fed4 (0xfc442703) x14 0x0000000000000000 mem 0x0000000080031f34
core   0: 0x000000008000fed8 (0x0ff77713) andi    a4, a4, 255
core   0: 3 0x000000008000fed8 (0x0ff77713) x14 0x0000000000000000
core   0: 0x000000008000fedc (0x00e78023) sb      a4, 0(a5)
core   0: 3 0x000000008000fedc (0x00e78023) mem 0x000000008001204b 0x00
core   0: 0x000000008000fee0 (0xfc843703) ld      a4, -56(s0)
core   0: 3 0x000000008000fee0 (0xfc843703) x14 0x0000000080012040 mem 0x0000000080031f38
core   0: 0x000000008000fee4 (0xfb843783) ld      a5, -72(s0)
core   0: 3 0x000000008000fee4 (0xfb843783) x15 0x000000000000009c mem 0x0000000080031f28
core   0: 0x000000008000fee8 (0x000097ba) c.add   a5, a4
core   0: 3 0x000000008000fee8 (0x97ba) x15 0x00000000800120dc
core   0: 0x000000008000feea (0xfe043703) ld      a4, -32(s0)
core   0: 3 0x000000008000feea (0xfe043703) x14 0x000000008001204c mem 0x0000000080031f50
core   0: 0x000000008000feee (0xfcf76de3) bltu    a4, a5, pc - 38
core   0: 3 0x000000008000feee (0xfcf76de3)
core   0: 0x000000008000fec8 (0xfe043783) ld      a5, -32(s0)
core   0: 3 0x000000008000fec8 (0xfe043783) x15 0x000000008001204c mem 0x0000000080031f50
core   0: 0x000000008000fecc (0x00178713) addi    a4, a5, 1
core   0: 3 0x000000008000fecc (0x00178713) x14 0x000000008001204d
core   0: 0x000000008000fed0 (0xfee43023) sd      a4, -32(s0)
core   0: 3 0x000000008000fed0 (0xfee43023) mem 0x0000000080031f50 0x000000008001204d
core   0: 0x000000008000fed4 (0xfc442703) lw      a4, -60(s0)
core   0: 3 0x000000008000fed4 (0xfc442703) x14 0x0000000000000000 mem 0x0000000080031f34
core   0: 0x000000008000fed8 (0x0ff77713) andi    a4, a4, 255
core   0: 3 0x000000008000fed8 (0x0ff77713) x14 0x0000000000000000
core   0: 0x000000008000fedc (0x00e78023) sb      a4, 0(a5)
core   0: 3 0x000000008000fedc (0x00e78023) mem 0x000000008001204c 0x00
core   0: 0x000000008000fee0 (0xfc843703) ld      a4, -56(s0)
core   0: 3 0x000000008000fee0 (0xfc843703) x14 0x0000000080012040 mem 0x0000000080031f38
core   0: 0x000000008000fee4 (0xfb843783) ld      a5, -72(s0)
core   0: 3 0x000000008000fee4 (0xfb843783) x15 0x000000000000009c mem 0x0000000080031f28
core   0: 0x000000008000fee8 (0x000097ba) c.add   a5, a4
core   0: 3 0x000000008000fee8 (0x97ba) x15 0x00000000800120dc
core   0: 0x000000008000feea (0xfe043703) ld      a4, -32(s0)
core   0: 3 0x000000008000feea (0xfe043703) x14 0x000000008001204d mem 0x0000000080031f50
core   0: 0x000000008000feee (0xfcf76de3) bltu    a4, a5, pc - 38
core   0: 3 0x000000008000feee (0xfcf76de3)
core   0: 0x000000008000fec8 (0xfe043783) ld      a5, -32(s0)
core   0: 3 0x000000008000fec8 (0xfe043783) x15 0x000000008001204d mem 0x0000000080031f50
core   0: 0x000000008000fecc (0x00178713) addi    a4, a5, 1
core   0: 3 0x000000008000fecc (0x00178713) x14 0x000000008001204e
core   0: 0x000000008000fed0 (0xfee43023) sd      a4, -32(s0)
core   0: 3 0x000000008000fed0 (0xfee43023) mem 0x0000000080031f50 0x000000008001204e
core   0: 0x000000008000fed4 (0xfc442703) lw      a4, -60(s0)
core   0: 3 0x000000008000fed4 (0xfc442703) x14 0x0000000000000000 mem 0x0000000080031f34
core   0: 0x000000008000fed8 (0x0ff77713) andi    a4, a4, 255
core   0: 3 0x000000008000fed8 (0x0ff77713) x14 0x0000000000000000
core   0: 0x000000008000fedc (0x00e78023) sb      a4, 0(a5)
core   0: 3 0x000000008000fedc (0x00e78023) mem 0x000000008001204d 0x00
core   0: 0x000000008000fee0 (0xfc843703) ld      a4, -56(s0)
core   0: 3 0x000000008000fee0 (0xfc843703) x14 0x0000000080012040 mem 0x0000000080031f38
core   0: 0x000000008000fee4 (0xfb843783) ld      a5, -72(s0)
core   0: 3 0x000000008000fee4 (0xfb843783) x15 0x000000000000009c mem 0x0000000080031f28
core   0: 0x000000008000fee8 (0x000097ba) c.add   a5, a4
core   0: 3 0x000000008000fee8 (0x97ba) x15 0x00000000800120dc
core   0: 0x000000008000feea (0xfe043703) ld      a4, -32(s0)
core   0: 3 0x000000008000feea (0xfe043703) x14 0x000000008001204e mem 0x0000000080031f50
core   0: 0x000000008000feee (0xfcf76de3) bltu    a4, a5, pc - 38
core   0: 3 0x000000008000feee (0xfcf76de3)
core   0: 0x000000008000fec8 (0xfe043783) ld      a5, -32(s0)
core   0: 3 0x000000008000fec8 (0xfe043783) x15 0x000000008001204e mem 0x0000000080031f50
core   0: 0x000000008000fecc (0x00178713) addi    a4, a5, 1
core   0: 3 0x000000008000fecc (0x00178713) x14 0x000000008001204f
core   0: 0x000000008000fed0 (0xfee43023) sd      a4, -32(s0)
core   0: 3 0x000000008000fed0 (0xfee43023) mem 0x0000000080031f50 0x000000008001204f
core   0: 0x000000008000fed4 (0xfc442703) lw      a4, -60(s0)
core   0: 3 0x000000008000fed4 (0xfc442703) x14 0x0000000000000000 mem 0x0000000080031f34
core   0: 0x000000008000fed8 (0x0ff77713) andi    a4, a4, 255
core   0: 3 0x000000008000fed8 (0x0ff77713) x14 0x0000000000000000
core   0: 0x000000008000fedc (0x00e78023) sb      a4, 0(a5)
core   0: 3 0x000000008000fedc (0x00e78023) mem 0x000000008001204e 0x00
core   0: 0x000000008000fee0 (0xfc843703) ld      a4, -56(s0)
core   0: 3 0x000000008000fee0 (0xfc843703) x14 0x0000000080012040 mem 0x0000000080031f38
core   0: 0x000000008000fee4 (0xfb843783) ld      a5, -72(s0)
core   0: 3 0x000000008000fee4 (0xfb843783) x15 0x000000000000009c mem 0x0000000080031f28
core   0: 0x000000008000fee8 (0x000097ba) c.add   a5, a4
core   0: 3 0x000000008000fee8 (0x97ba) x15 0x00000000800120dc
core   0: 0x000000008000feea (0xfe043703) ld      a4, -32(s0)
core   0: 3 0x000000008000feea (0xfe043703) x14 0x000000008001204f mem 0x0000000080031f50
core   0: 0x000000008000feee (0xfcf76de3) bltu    a4, a5, pc - 38
core   0: 3 0x000000008000feee (0xfcf76de3)
core   0: 0x000000008000fec8 (0xfe043783) ld      a5, -32(s0)
core   0: 3 0x000000008000fec8 (0xfe043783) x15 0x000000008001204f mem 0x0000000080031f50
core   0: 0x000000008000fecc (0x00178713) addi    a4, a5, 1
core   0: 3 0x000000008000fecc (0x00178713) x14 0x0000000080012050
core   0: 0x000000008000fed0 (0xfee43023) sd      a4, -32(s0)
core   0: 3 0x000000008000fed0 (0xfee43023) mem 0x0000000080031f50 0x0000000080012050
core   0: 0x000000008000fed4 (0xfc442703) lw      a4, -60(s0)
core   0: 3 0x000000008000fed4 (0xfc442703) x14 0x0000000000000000 mem 0x0000000080031f34
core   0: 0x000000008000fed8 (0x0ff77713) andi    a4, a4, 255
core   0: 3 0x000000008000fed8 (0x0ff77713) x14 0x0000000000000000
core   0: 0x000000008000fedc (0x00e78023) sb      a4, 0(a5)
core   0: 3 0x000000008000fedc (0x00e78023) mem 0x000000008001204f 0x00
core   0: 0x000000008000fee0 (0xfc843703) ld      a4, -56(s0)
core   0: 3 0x000000008000fee0 (0xfc843703) x14 0x0000000080012040 mem 0x0000000080031f38
core   0: 0x000000008000fee4 (0xfb843783) ld      a5, -72(s0)
core   0: 3 0x000000008000fee4 (0xfb843783) x15 0x000000000000009c mem 0x0000000080031f28
core   0: 0x000000008000fee8 (0x000097ba) c.add   a5, a4
core   0: 3 0x000000008000fee8 (0x97ba) x15 0x00000000800120dc
core   0: 0x000000008000feea (0xfe043703) ld      a4, -32(s0)
core   0: 3 0x000000008000feea (0xfe043703) x14 0x0000000080012050 mem 0x0000000080031f50
core   0: 0x000000008000feee (0xfcf76de3) bltu    a4, a5, pc - 38
core   0: 3 0x000000008000feee (0xfcf76de3)
core   0: 0x000000008000fec8 (0xfe043783) ld      a5, -32(s0)
core   0: 3 0x000000008000fec8 (0xfe043783) x15 0x0000000080012050 mem 0x0000000080031f50
core   0: 0x000000008000fecc (0x00178713) addi    a4, a5, 1
core   0: 3 0x000000008000fecc (0x00178713) x14 0x0000000080012051
core   0: 0x000000008000fed0 (0xfee43023) sd      a4, -32(s0)
core   0: 3 0x000000008000fed0 (0xfee43023) mem 0x0000000080031f50 0x0000000080012051
core   0: 0x000000008000fed4 (0xfc442703) lw      a4, -60(s0)
core   0: 3 0x000000008000fed4 (0xfc442703) x14 0x0000000000000000 mem 0x0000000080031f34
core   0: 0x000000008000fed8 (0x0ff77713) andi    a4, a4, 255
core   0: 3 0x000000008000fed8 (0x0ff77713) x14 0x0000000000000000
core   0: 0x000000008000fedc (0x00e78023) sb      a4, 0(a5)
core   0: 3 0x000000008000fedc (0x00e78023) mem 0x0000000080012050 0x00
core   0: 0x000000008000fee0 (0xfc843703) ld      a4, -56(s0)
core   0: 3 0x000000008000fee0 (0xfc843703) x14 0x0000000080012040 mem 0x0000000080031f38
core   0: 0x000000008000fee4 (0xfb843783) ld      a5, -72(s0)
core   0: 3 0x000000008000fee4 (0xfb843783) x15 0x000000000000009c mem 0x0000000080031f28
core   0: 0x000000008000fee8 (0x000097ba) c.add   a5, a4
core   0: 3 0x000000008000fee8 (0x97ba) x15 0x00000000800120dc
core   0: 0x000000008000feea (0xfe043703) ld      a4, -32(s0)
core   0: 3 0x000000008000feea (0xfe043703) x14 0x0000000080012051 mem 0x0000000080031f50
core   0: 0x000000008000feee (0xfcf76de3) bltu    a4, a5, pc - 38
core   0: 3 0x000000008000feee (0xfcf76de3)
core   0: 0x000000008000fec8 (0xfe043783) ld      a5, -32(s0)
core   0: 3 0x000000008000fec8 (0xfe043783) x15 0x0000000080012051 mem 0x0000000080031f50
core   0: 0x000000008000fecc (0x00178713) addi    a4, a5, 1
core   0: 3 0x000000008000fecc (0x00178713) x14 0x0000000080012052
core   0: 0x000000008000fed0 (0xfee43023) sd      a4, -32(s0)
core   0: 3 0x000000008000fed0 (0xfee43023) mem 0x0000000080031f50 0x0000000080012052
core   0: 0x000000008000fed4 (0xfc442703) lw      a4, -60(s0)
core   0: 3 0x000000008000fed4 (0xfc442703) x14 0x0000000000000000 mem 0x0000000080031f34
core   0: 0x000000008000fed8 (0x0ff77713) andi    a4, a4, 255
core   0: 3 0x000000008000fed8 (0x0ff77713) x14 0x0000000000000000
core   0: 0x000000008000fedc (0x00e78023) sb      a4, 0(a5)
core   0: 3 0x000000008000fedc (0x00e78023) mem 0x0000000080012051 0x00
core   0: 0x000000008000fee0 (0xfc843703) ld      a4, -56(s0)
core   0: 3 0x000000008000fee0 (0xfc843703) x14 0x0000000080012040 mem 0x0000000080031f38
core   0: 0x000000008000fee4 (0xfb843783) ld      a5, -72(s0)
core   0: 3 0x000000008000fee4 (0xfb843783) x15 0x000000000000009c mem 0x0000000080031f28
core   0: 0x000000008000fee8 (0x000097ba) c.add   a5, a4
core   0: 3 0x000000008000fee8 (0x97ba) x15 0x00000000800120dc
core   0: 0x000000008000feea (0xfe043703) ld      a4, -32(s0)
core   0: 3 0x000000008000feea (0xfe043703) x14 0x0000000080012052 mem 0x0000000080031f50
core   0: 0x000000008000feee (0xfcf76de3) bltu    a4, a5, pc - 38
core   0: 3 0x000000008000feee (0xfcf76de3)
core   0: 0x000000008000fec8 (0xfe043783) ld      a5, -32(s0)
core   0: 3 0x000000008000fec8 (0xfe043783) x15 0x0000000080012052 mem 0x0000000080031f50
core   0: 0x000000008000fecc (0x00178713) addi    a4, a5, 1
core   0: 3 0x000000008000fecc (0x00178713) x14 0x0000000080012053
core   0: 0x000000008000fed0 (0xfee43023) sd      a4, -32(s0)
core   0: 3 0x000000008000fed0 (0xfee43023) mem 0x0000000080031f50 0x0000000080012053
core   0: 0x000000008000fed4 (0xfc442703) lw      a4, -60(s0)
core   0: 3 0x000000008000fed4 (0xfc442703) x14 0x0000000000000000 mem 0x0000000080031f34
core   0: 0x000000008000fed8 (0x0ff77713) andi    a4, a4, 255
core   0: 3 0x000000008000fed8 (0x0ff77713) x14 0x0000000000000000
core   0: 0x000000008000fedc (0x00e78023) sb      a4, 0(a5)
core   0: 3 0x000000008000fedc (0x00e78023) mem 0x0000000080012052 0x00
core   0: 0x000000008000fee0 (0xfc843703) ld      a4, -56(s0)
core   0: 3 0x000000008000fee0 (0xfc843703) x14 0x0000000080012040 mem 0x0000000080031f38
core   0: 0x000000008000fee4 (0xfb843783) ld      a5, -72(s0)
core   0: 3 0x000000008000fee4 (0xfb843783) x15 0x000000000000009c mem 0x0000000080031f28
core   0: 0x000000008000fee8 (0x000097ba) c.add   a5, a4
core   0: 3 0x000000008000fee8 (0x97ba) x15 0x00000000800120dc
core   0: 0x000000008000feea (0xfe043703) ld      a4, -32(s0)
core   0: 3 0x000000008000feea (0xfe043703) x14 0x0000000080012053 mem 0x0000000080031f50
core   0: 0x000000008000feee (0xfcf76de3) bltu    a4, a5, pc - 38
core   0: 3 0x000000008000feee (0xfcf76de3)
core   0: 0x000000008000fec8 (0xfe043783) ld      a5, -32(s0)
core   0: 3 0x000000008000fec8 (0xfe043783) x15 0x0000000080012053 mem 0x0000000080031f50
core   0: 0x000000008000fecc (0x00178713) addi    a4, a5, 1
core   0: 3 0x000000008000fecc (0x00178713) x14 0x0000000080012054
core   0: 0x000000008000fed0 (0xfee43023) sd      a4, -32(s0)
core   0: 3 0x000000008000fed0 (0xfee43023) mem 0x0000000080031f50 0x0000000080012054
core   0: 0x000000008000fed4 (0xfc442703) lw      a4, -60(s0)
core   0: 3 0x000000008000fed4 (0xfc442703) x14 0x0000000000000000 mem 0x0000000080031f34
core   0: 0x000000008000fed8 (0x0ff77713) andi    a4, a4, 255
core   0: 3 0x000000008000fed8 (0x0ff77713) x14 0x0000000000000000
core   0: 0x000000008000fedc (0x00e78023) sb      a4, 0(a5)
core   0: 3 0x000000008000fedc (0x00e78023) mem 0x0000000080012053 0x00
core   0: 0x000000008000fee0 (0xfc843703) ld      a4, -56(s0)
core   0: 3 0x000000008000fee0 (0xfc843703) x14 0x0000000080012040 mem 0x0000000080031f38
core   0: 0x000000008000fee4 (0xfb843783) ld      a5, -72(s0)
core   0: 3 0x000000008000fee4 (0xfb843783) x15 0x000000000000009c mem 0x0000000080031f28
core   0: 0x000000008000fee8 (0x000097ba) c.add   a5, a4
core   0: 3 0x000000008000fee8 (0x97ba) x15 0x00000000800120dc
core   0: 0x000000008000feea (0xfe043703) ld      a4, -32(s0)
core   0: 3 0x000000008000feea (0xfe043703) x14 0x0000000080012054 mem 0x0000000080031f50
core   0: 0x000000008000feee (0xfcf76de3) bltu    a4, a5, pc - 38
core   0: 3 0x000000008000feee (0xfcf76de3)
core   0: 0x000000008000fec8 (0xfe043783) ld      a5, -32(s0)
core   0: 3 0x000000008000fec8 (0xfe043783) x15 0x0000000080012054 mem 0x0000000080031f50
core   0: 0x000000008000fecc (0x00178713) addi    a4, a5, 1
core   0: 3 0x000000008000fecc (0x00178713) x14 0x0000000080012055
core   0: 0x000000008000fed0 (0xfee43023) sd      a4, -32(s0)
core   0: 3 0x000000008000fed0 (0xfee43023) mem 0x0000000080031f50 0x0000000080012055
core   0: 0x000000008000fed4 (0xfc442703) lw      a4, -60(s0)
core   0: 3 0x000000008000fed4 (0xfc442703) x14 0x0000000000000000 mem 0x0000000080031f34
core   0: 0x000000008000fed8 (0x0ff77713) andi    a4, a4, 255
core   0: 3 0x000000008000fed8 (0x0ff77713) x14 0x0000000000000000
core   0: 0x000000008000fedc (0x00e78023) sb      a4, 0(a5)
core   0: 3 0x000000008000fedc (0x00e78023) mem 0x0000000080012054 0x00
core   0: 0x000000008000fee0 (0xfc843703) ld      a4, -56(s0)
core   0: 3 0x000000008000fee0 (0xfc843703) x14 0x0000000080012040 mem 0x0000000080031f38
core   0: 0x000000008000fee4 (0xfb843783) ld      a5, -72(s0)
core   0: 3 0x000000008000fee4 (0xfb843783) x15 0x000000000000009c mem 0x0000000080031f28
core   0: 0x000000008000fee8 (0x000097ba) c.add   a5, a4
core   0: 3 0x000000008000fee8 (0x97ba) x15 0x00000000800120dc
core   0: 0x000000008000feea (0xfe043703) ld      a4, -32(s0)
core   0: 3 0x000000008000feea (0xfe043703) x14 0x0000000080012055 mem 0x0000000080031f50
core   0: 0x000000008000feee (0xfcf76de3) bltu    a4, a5, pc - 38
core   0: 3 0x000000008000feee (0xfcf76de3)
core   0: 0x000000008000fec8 (0xfe043783) ld      a5, -32(s0)
core   0: 3 0x000000008000fec8 (0xfe043783) x15 0x0000000080012055 mem 0x0000000080031f50
core   0: 0x000000008000fecc (0x00178713) addi    a4, a5, 1
core   0: 3 0x000000008000fecc (0x00178713) x14 0x0000000080012056
core   0: 0x000000008000fed0 (0xfee43023) sd      a4, -32(s0)
core   0: 3 0x000000008000fed0 (0xfee43023) mem 0x0000000080031f50 0x0000000080012056
core   0: 0x000000008000fed4 (0xfc442703) lw      a4, -60(s0)
core   0: 3 0x000000008000fed4 (0xfc442703) x14 0x0000000000000000 mem 0x0000000080031f34
core   0: 0x000000008000fed8 (0x0ff77713) andi    a4, a4, 255
core   0: 3 0x000000008000fed8 (0x0ff77713) x14 0x0000000000000000
core   0: 0x000000008000fedc (0x00e78023) sb      a4, 0(a5)
core   0: 3 0x000000008000fedc (0x00e78023) mem 0x0000000080012055 0x00
core   0: 0x000000008000fee0 (0xfc843703) ld      a4, -56(s0)
core   0: 3 0x000000008000fee0 (0xfc843703) x14 0x0000000080012040 mem 0x0000000080031f38
core   0: 0x000000008000fee4 (0xfb843783) ld      a5, -72(s0)
core   0: 3 0x000000008000fee4 (0xfb843783) x15 0x000000000000009c mem 0x0000000080031f28
core   0: 0x000000008000fee8 (0x000097ba) c.add   a5, a4
core   0: 3 0x000000008000fee8 (0x97ba) x15 0x00000000800120dc
core   0: 0x000000008000feea (0xfe043703) ld      a4, -32(s0)
core   0: 3 0x000000008000feea (0xfe043703) x14 0x0000000080012056 mem 0x0000000080031f50
core   0: 0x000000008000feee (0xfcf76de3) bltu    a4, a5, pc - 38
core   0: 3 0x000000008000feee (0xfcf76de3)
core   0: 0x000000008000fec8 (0xfe043783) ld      a5, -32(s0)
core   0: 3 0x000000008000fec8 (0xfe043783) x15 0x0000000080012056 mem 0x0000000080031f50
core   0: 0x000000008000fecc (0x00178713) addi    a4, a5, 1
core   0: 3 0x000000008000fecc (0x00178713) x14 0x0000000080012057
core   0: 0x000000008000fed0 (0xfee43023) sd      a4, -32(s0)
core   0: 3 0x000000008000fed0 (0xfee43023) mem 0x0000000080031f50 0x0000000080012057
core   0: 0x000000008000fed4 (0xfc442703) lw      a4, -60(s0)
core   0: 3 0x000000008000fed4 (0xfc442703) x14 0x0000000000000000 mem 0x0000000080031f34
core   0: 0x000000008000fed8 (0x0ff77713) andi    a4, a4, 255
core   0: 3 0x000000008000fed8 (0x0ff77713) x14 0x0000000000000000
core   0: 0x000000008000fedc (0x00e78023) sb      a4, 0(a5)
core   0: 3 0x000000008000fedc (0x00e78023) mem 0x0000000080012056 0x00
core   0: 0x000000008000fee0 (0xfc843703) ld      a4, -56(s0)
core   0: 3 0x000000008000fee0 (0xfc843703) x14 0x0000000080012040 mem 0x0000000080031f38
core   0: 0x000000008000fee4 (0xfb843783) ld      a5, -72(s0)
core   0: 3 0x000000008000fee4 (0xfb843783) x15 0x000000000000009c mem 0x0000000080031f28
core   0: 0x000000008000fee8 (0x000097ba) c.add   a5, a4
core   0: 3 0x000000008000fee8 (0x97ba) x15 0x00000000800120dc
core   0: 0x000000008000feea (0xfe043703) ld      a4, -32(s0)
core   0: 3 0x000000008000feea (0xfe043703) x14 0x0000000080012057 mem 0x0000000080031f50
core   0: 0x000000008000feee (0xfcf76de3) bltu    a4, a5, pc - 38
core   0: 3 0x000000008000feee (0xfcf76de3)
core   0: 0x000000008000fec8 (0xfe043783) ld      a5, -32(s0)
core   0: 3 0x000000008000fec8 (0xfe043783) x15 0x0000000080012057 mem 0x0000000080031f50
core   0: 0x000000008000fecc (0x00178713) addi    a4, a5, 1
core   0: 3 0x000000008000fecc (0x00178713) x14 0x0000000080012058
core   0: 0x000000008000fed0 (0xfee43023) sd      a4, -32(s0)
core   0: 3 0x000000008000fed0 (0xfee43023) mem 0x0000000080031f50 0x0000000080012058
core   0: 0x000000008000fed4 (0xfc442703) lw      a4, -60(s0)
core   0: 3 0x000000008000fed4 (0xfc442703) x14 0x0000000000000000 mem 0x0000000080031f34
core   0: 0x000000008000fed8 (0x0ff77713) andi    a4, a4, 255
core   0: 3 0x000000008000fed8 (0x0ff77713) x14 0x0000000000000000
core   0: 0x000000008000fedc (0x00e78023) sb      a4, 0(a5)
core   0: 3 0x000000008000fedc (0x00e78023) mem 0x0000000080012057 0x00
core   0: 0x000000008000fee0 (0xfc843703) ld      a4, -56(s0)
core   0: 3 0x000000008000fee0 (0xfc843703) x14 0x0000000080012040 mem 0x0000000080031f38
core   0: 0x000000008000fee4 (0xfb843783) ld      a5, -72(s0)
core   0: 3 0x000000008000fee4 (0xfb843783) x15 0x000000000000009c mem 0x0000000080031f28
core   0: 0x000000008000fee8 (0x000097ba) c.add   a5, a4
core   0: 3 0x000000008000fee8 (0x97ba) x15 0x00000000800120dc
core   0: 0x000000008000feea (0xfe043703) ld      a4, -32(s0)
core   0: 3 0x000000008000feea (0xfe043703) x14 0x0000000080012058 mem 0x0000000080031f50
core   0: 0x000000008000feee (0xfcf76de3) bltu    a4, a5, pc - 38
core   0: 3 0x000000008000feee (0xfcf76de3)
core   0: 0x000000008000fec8 (0xfe043783) ld      a5, -32(s0)
core   0: 3 0x000000008000fec8 (0xfe043783) x15 0x0000000080012058 mem 0x0000000080031f50
core   0: 0x000000008000fecc (0x00178713) addi    a4, a5, 1
core   0: 3 0x000000008000fecc (0x00178713) x14 0x0000000080012059
core   0: 0x000000008000fed0 (0xfee43023) sd      a4, -32(s0)
core   0: 3 0x000000008000fed0 (0xfee43023) mem 0x0000000080031f50 0x0000000080012059
core   0: 0x000000008000fed4 (0xfc442703) lw      a4, -60(s0)
core   0: 3 0x000000008000fed4 (0xfc442703) x14 0x0000000000000000 mem 0x0000000080031f34
core   0: 0x000000008000fed8 (0x0ff77713) andi    a4, a4, 255
core   0: 3 0x000000008000fed8 (0x0ff77713) x14 0x0000000000000000
core   0: 0x000000008000fedc (0x00e78023) sb      a4, 0(a5)
core   0: 3 0x000000008000fedc (0x00e78023) mem 0x0000000080012058 0x00
core   0: 0x000000008000fee0 (0xfc843703) ld      a4, -56(s0)
core   0: 3 0x000000008000fee0 (0xfc843703) x14 0x0000000080012040 mem 0x0000000080031f38
core   0: 0x000000008000fee4 (0xfb843783) ld      a5, -72(s0)
core   0: 3 0x000000008000fee4 (0xfb843783) x15 0x000000000000009c mem 0x0000000080031f28
core   0: 0x000000008000fee8 (0x000097ba) c.add   a5, a4
core   0: 3 0x000000008000fee8 (0x97ba) x15 0x00000000800120dc
core   0: 0x000000008000feea (0xfe043703) ld      a4, -32(s0)
core   0: 3 0x000000008000feea (0xfe043703) x14 0x0000000080012059 mem 0x0000000080031f50
core   0: 0x000000008000feee (0xfcf76de3) bltu    a4, a5, pc - 38
core   0: 3 0x000000008000feee (0xfcf76de3)
core   0: 0x000000008000fec8 (0xfe043783) ld      a5, -32(s0)
core   0: 3 0x000000008000fec8 (0xfe043783) x15 0x0000000080012059 mem 0x0000000080031f50
core   0: 0x000000008000fecc (0x00178713) addi    a4, a5, 1
core   0: 3 0x000000008000fecc (0x00178713) x14 0x000000008001205a
core   0: 0x000000008000fed0 (0xfee43023) sd      a4, -32(s0)
core   0: 3 0x000000008000fed0 (0xfee43023) mem 0x0000000080031f50 0x000000008001205a
core   0: 0x000000008000fed4 (0xfc442703) lw      a4, -60(s0)
core   0: 3 0x000000008000fed4 (0xfc442703) x14 0x0000000000000000 mem 0x0000000080031f34
core   0: 0x000000008000fed8 (0x0ff77713) andi    a4, a4, 255
core   0: 3 0x000000008000fed8 (0x0ff77713) x14 0x0000000000000000
core   0: 0x000000008000fedc (0x00e78023) sb      a4, 0(a5)
core   0: 3 0x000000008000fedc (0x00e78023) mem 0x0000000080012059 0x00
core   0: 0x000000008000fee0 (0xfc843703) ld      a4, -56(s0)
core   0: 3 0x000000008000fee0 (0xfc843703) x14 0x0000000080012040 mem 0x0000000080031f38
core   0: 0x000000008000fee4 (0xfb843783) ld      a5, -72(s0)
core   0: 3 0x000000008000fee4 (0xfb843783) x15 0x000000000000009c mem 0x0000000080031f28
core   0: 0x000000008000fee8 (0x000097ba) c.add   a5, a4
core   0: 3 0x000000008000fee8 (0x97ba) x15 0x00000000800120dc
core   0: 0x000000008000feea (0xfe043703) ld      a4, -32(s0)
core   0: 3 0x000000008000feea (0xfe043703) x14 0x000000008001205a mem 0x0000000080031f50
core   0: 0x000000008000feee (0xfcf76de3) bltu    a4, a5, pc - 38
core   0: 3 0x000000008000feee (0xfcf76de3)
core   0: 0x000000008000fec8 (0xfe043783) ld      a5, -32(s0)
core   0: 3 0x000000008000fec8 (0xfe043783) x15 0x000000008001205a mem 0x0000000080031f50
core   0: 0x000000008000fecc (0x00178713) addi    a4, a5, 1
core   0: 3 0x000000008000fecc (0x00178713) x14 0x000000008001205b
core   0: 0x000000008000fed0 (0xfee43023) sd      a4, -32(s0)
core   0: 3 0x000000008000fed0 (0xfee43023) mem 0x0000000080031f50 0x000000008001205b
core   0: 0x000000008000fed4 (0xfc442703) lw      a4, -60(s0)
core   0: 3 0x000000008000fed4 (0xfc442703) x14 0x0000000000000000 mem 0x0000000080031f34
core   0: 0x000000008000fed8 (0x0ff77713) andi    a4, a4, 255
core   0: 3 0x000000008000fed8 (0x0ff77713) x14 0x0000000000000000
core   0: 0x000000008000fedc (0x00e78023) sb      a4, 0(a5)
core   0: 3 0x000000008000fedc (0x00e78023) mem 0x000000008001205a 0x00
core   0: 0x000000008000fee0 (0xfc843703) ld      a4, -56(s0)
core   0: 3 0x000000008000fee0 (0xfc843703) x14 0x0000000080012040 mem 0x0000000080031f38
core   0: 0x000000008000fee4 (0xfb843783) ld      a5, -72(s0)
core   0: 3 0x000000008000fee4 (0xfb843783) x15 0x000000000000009c mem 0x0000000080031f28
core   0: 0x000000008000fee8 (0x000097ba) c.add   a5, a4
core   0: 3 0x000000008000fee8 (0x97ba) x15 0x00000000800120dc
core   0: 0x000000008000feea (0xfe043703) ld      a4, -32(s0)
core   0: 3 0x000000008000feea (0xfe043703) x14 0x000000008001205b mem 0x0000000080031f50
core   0: 0x000000008000feee (0xfcf76de3) bltu    a4, a5, pc - 38
core   0: 3 0x000000008000feee (0xfcf76de3)
core   0: 0x000000008000fec8 (0xfe043783) ld      a5, -32(s0)
core   0: 3 0x000000008000fec8 (0xfe043783) x15 0x000000008001205b mem 0x0000000080031f50
core   0: 0x000000008000fecc (0x00178713) addi    a4, a5, 1
core   0: 3 0x000000008000fecc (0x00178713) x14 0x000000008001205c
core   0: 0x000000008000fed0 (0xfee43023) sd      a4, -32(s0)
core   0: 3 0x000000008000fed0 (0xfee43023) mem 0x0000000080031f50 0x000000008001205c
core   0: 0x000000008000fed4 (0xfc442703) lw      a4, -60(s0)
core   0: 3 0x000000008000fed4 (0xfc442703) x14 0x0000000000000000 mem 0x0000000080031f34
core   0: 0x000000008000fed8 (0x0ff77713) andi    a4, a4, 255
core   0: 3 0x000000008000fed8 (0x0ff77713) x14 0x0000000000000000
core   0: 0x000000008000fedc (0x00e78023) sb      a4, 0(a5)
core   0: 3 0x000000008000fedc (0x00e78023) mem 0x000000008001205b 0x00
core   0: 0x000000008000fee0 (0xfc843703) ld      a4, -56(s0)
core   0: 3 0x000000008000fee0 (0xfc843703) x14 0x0000000080012040 mem 0x0000000080031f38
core   0: 0x000000008000fee4 (0xfb843783) ld      a5, -72(s0)
core   0: 3 0x000000008000fee4 (0xfb843783) x15 0x000000000000009c mem 0x0000000080031f28
core   0: 0x000000008000fee8 (0x000097ba) c.add   a5, a4
core   0: 3 0x000000008000fee8 (0x97ba) x15 0x00000000800120dc
core   0: 0x000000008000feea (0xfe043703) ld      a4, -32(s0)
core   0: 3 0x000000008000feea (0xfe043703) x14 0x000000008001205c mem 0x0000000080031f50
core   0: 0x000000008000feee (0xfcf76de3) bltu    a4, a5, pc - 38
core   0: 3 0x000000008000feee (0xfcf76de3)
core   0: 0x000000008000fec8 (0xfe043783) ld      a5, -32(s0)
core   0: 3 0x000000008000fec8 (0xfe043783) x15 0x000000008001205c mem 0x0000000080031f50
core   0: 0x000000008000fecc (0x00178713) addi    a4, a5, 1
core   0: 3 0x000000008000fecc (0x00178713) x14 0x000000008001205d
core   0: 0x000000008000fed0 (0xfee43023) sd      a4, -32(s0)
core   0: 3 0x000000008000fed0 (0xfee43023) mem 0x0000000080031f50 0x000000008001205d
core   0: 0x000000008000fed4 (0xfc442703) lw      a4, -60(s0)
core   0: 3 0x000000008000fed4 (0xfc442703) x14 0x0000000000000000 mem 0x0000000080031f34
core   0: 0x000000008000fed8 (0x0ff77713) andi    a4, a4, 255
core   0: 3 0x000000008000fed8 (0x0ff77713) x14 0x0000000000000000
core   0: 0x000000008000fedc (0x00e78023) sb      a4, 0(a5)
core   0: 3 0x000000008000fedc (0x00e78023) mem 0x000000008001205c 0x00
core   0: 0x000000008000fee0 (0xfc843703) ld      a4, -56(s0)
core   0: 3 0x000000008000fee0 (0xfc843703) x14 0x0000000080012040 mem 0x0000000080031f38
core   0: 0x000000008000fee4 (0xfb843783) ld      a5, -72(s0)
core   0: 3 0x000000008000fee4 (0xfb843783) x15 0x000000000000009c mem 0x0000000080031f28
core   0: 0x000000008000fee8 (0x000097ba) c.add   a5, a4
core   0: 3 0x000000008000fee8 (0x97ba) x15 0x00000000800120dc
core   0: 0x000000008000feea (0xfe043703) ld      a4, -32(s0)
core   0: 3 0x000000008000feea (0xfe043703) x14 0x000000008001205d mem 0x0000000080031f50
core   0: 0x000000008000feee (0xfcf76de3) bltu    a4, a5, pc - 38
core   0: 3 0x000000008000feee (0xfcf76de3)
core   0: 0x000000008000fec8 (0xfe043783) ld      a5, -32(s0)
core   0: 3 0x000000008000fec8 (0xfe043783) x15 0x000000008001205d mem 0x0000000080031f50
core   0: 0x000000008000fecc (0x00178713) addi    a4, a5, 1
core   0: 3 0x000000008000fecc (0x00178713) x14 0x000000008001205e
core   0: 0x000000008000fed0 (0xfee43023) sd      a4, -32(s0)
core   0: 3 0x000000008000fed0 (0xfee43023) mem 0x0000000080031f50 0x000000008001205e
core   0: 0x000000008000fed4 (0xfc442703) lw      a4, -60(s0)
core   0: 3 0x000000008000fed4 (0xfc442703) x14 0x0000000000000000 mem 0x0000000080031f34
core   0: 0x000000008000fed8 (0x0ff77713) andi    a4, a4, 255
core   0: 3 0x000000008000fed8 (0x0ff77713) x14 0x0000000000000000
core   0: 0x000000008000fedc (0x00e78023) sb      a4, 0(a5)
core   0: 3 0x000000008000fedc (0x00e78023) mem 0x000000008001205d 0x00
core   0: 0x000000008000fee0 (0xfc843703) ld      a4, -56(s0)
core   0: 3 0x000000008000fee0 (0xfc843703) x14 0x0000000080012040 mem 0x0000000080031f38
core   0: 0x000000008000fee4 (0xfb843783) ld      a5, -72(s0)
core   0: 3 0x000000008000fee4 (0xfb843783) x15 0x000000000000009c mem 0x0000000080031f28
core   0: 0x000000008000fee8 (0x000097ba) c.add   a5, a4
core   0: 3 0x000000008000fee8 (0x97ba) x15 0x00000000800120dc
core   0: 0x000000008000feea (0xfe043703) ld      a4, -32(s0)
core   0: 3 0x000000008000feea (0xfe043703) x14 0x000000008001205e mem 0x0000000080031f50
core   0: 0x000000008000feee (0xfcf76de3) bltu    a4, a5, pc - 38
core   0: 3 0x000000008000feee (0xfcf76de3)
core   0: 0x000000008000fec8 (0xfe043783) ld      a5, -32(s0)
core   0: 3 0x000000008000fec8 (0xfe043783) x15 0x000000008001205e mem 0x0000000080031f50
core   0: 0x000000008000fecc (0x00178713) addi    a4, a5, 1
core   0: 3 0x000000008000fecc (0x00178713) x14 0x000000008001205f
core   0: 0x000000008000fed0 (0xfee43023) sd      a4, -32(s0)
core   0: 3 0x000000008000fed0 (0xfee43023) mem 0x0000000080031f50 0x000000008001205f
core   0: 0x000000008000fed4 (0xfc442703) lw      a4, -60(s0)
core   0: 3 0x000000008000fed4 (0xfc442703) x14 0x0000000000000000 mem 0x0000000080031f34
core   0: 0x000000008000fed8 (0x0ff77713) andi    a4, a4, 255
core   0: 3 0x000000008000fed8 (0x0ff77713) x14 0x0000000000000000
core   0: 0x000000008000fedc (0x00e78023) sb      a4, 0(a5)
core   0: 3 0x000000008000fedc (0x00e78023) mem 0x000000008001205e 0x00
core   0: 0x000000008000fee0 (0xfc843703) ld      a4, -56(s0)
core   0: 3 0x000000008000fee0 (0xfc843703) x14 0x0000000080012040 mem 0x0000000080031f38
core   0: 0x000000008000fee4 (0xfb843783) ld      a5, -72(s0)
core   0: 3 0x000000008000fee4 (0xfb843783) x15 0x000000000000009c mem 0x0000000080031f28
core   0: 0x000000008000fee8 (0x000097ba) c.add   a5, a4
core   0: 3 0x000000008000fee8 (0x97ba) x15 0x00000000800120dc
core   0: 0x000000008000feea (0xfe043703) ld      a4, -32(s0)
core   0: 3 0x000000008000feea (0xfe043703) x14 0x000000008001205f mem 0x0000000080031f50
core   0: 0x000000008000feee (0xfcf76de3) bltu    a4, a5, pc - 38
core   0: 3 0x000000008000feee (0xfcf76de3)
core   0: 0x000000008000fec8 (0xfe043783) ld      a5, -32(s0)
core   0: 3 0x000000008000fec8 (0xfe043783) x15 0x000000008001205f mem 0x0000000080031f50
core   0: 0x000000008000fecc (0x00178713) addi    a4, a5, 1
core   0: 3 0x000000008000fecc (0x00178713) x14 0x0000000080012060
core   0: 0x000000008000fed0 (0xfee43023) sd      a4, -32(s0)
core   0: 3 0x000000008000fed0 (0xfee43023) mem 0x0000000080031f50 0x0000000080012060
core   0: 0x000000008000fed4 (0xfc442703) lw      a4, -60(s0)
core   0: 3 0x000000008000fed4 (0xfc442703) x14 0x0000000000000000 mem 0x0000000080031f34
core   0: 0x000000008000fed8 (0x0ff77713) andi    a4, a4, 255
core   0: 3 0x000000008000fed8 (0x0ff77713) x14 0x0000000000000000
core   0: 0x000000008000fedc (0x00e78023) sb      a4, 0(a5)
core   0: 3 0x000000008000fedc (0x00e78023) mem 0x000000008001205f 0x00
core   0: 0x000000008000fee0 (0xfc843703) ld      a4, -56(s0)
core   0: 3 0x000000008000fee0 (0xfc843703) x14 0x0000000080012040 mem 0x0000000080031f38
core   0: 0x000000008000fee4 (0xfb843783) ld      a5, -72(s0)
core   0: 3 0x000000008000fee4 (0xfb843783) x15 0x000000000000009c mem 0x0000000080031f28
core   0: 0x000000008000fee8 (0x000097ba) c.add   a5, a4
core   0: 3 0x000000008000fee8 (0x97ba) x15 0x00000000800120dc
core   0: 0x000000008000feea (0xfe043703) ld      a4, -32(s0)
core   0: 3 0x000000008000feea (0xfe043703) x14 0x0000000080012060 mem 0x0000000080031f50
core   0: 0x000000008000feee (0xfcf76de3) bltu    a4, a5, pc - 38
core   0: 3 0x000000008000feee (0xfcf76de3)
core   0: 0x000000008000fec8 (0xfe043783) ld      a5, -32(s0)
core   0: 3 0x000000008000fec8 (0xfe043783) x15 0x0000000080012060 mem 0x0000000080031f50
core   0: 0x000000008000fecc (0x00178713) addi    a4, a5, 1
core   0: 3 0x000000008000fecc (0x00178713) x14 0x0000000080012061
core   0: 0x000000008000fed0 (0xfee43023) sd      a4, -32(s0)
core   0: 3 0x000000008000fed0 (0xfee43023) mem 0x0000000080031f50 0x0000000080012061
core   0: 0x000000008000fed4 (0xfc442703) lw      a4, -60(s0)
core   0: 3 0x000000008000fed4 (0xfc442703) x14 0x0000000000000000 mem 0x0000000080031f34
core   0: 0x000000008000fed8 (0x0ff77713) andi    a4, a4, 255
core   0: 3 0x000000008000fed8 (0x0ff77713) x14 0x0000000000000000
core   0: 0x000000008000fedc (0x00e78023) sb      a4, 0(a5)
core   0: 3 0x000000008000fedc (0x00e78023) mem 0x0000000080012060 0x00
core   0: 0x000000008000fee0 (0xfc843703) ld      a4, -56(s0)
core   0: 3 0x000000008000fee0 (0xfc843703) x14 0x0000000080012040 mem 0x0000000080031f38
core   0: 0x000000008000fee4 (0xfb843783) ld      a5, -72(s0)
core   0: 3 0x000000008000fee4 (0xfb843783) x15 0x000000000000009c mem 0x0000000080031f28
core   0: 0x000000008000fee8 (0x000097ba) c.add   a5, a4
core   0: 3 0x000000008000fee8 (0x97ba) x15 0x00000000800120dc
core   0: 0x000000008000feea (0xfe043703) ld      a4, -32(s0)
core   0: 3 0x000000008000feea (0xfe043703) x14 0x0000000080012061 mem 0x0000000080031f50
core   0: 0x000000008000feee (0xfcf76de3) bltu    a4, a5, pc - 38
core   0: 3 0x000000008000feee (0xfcf76de3)
core   0: 0x000000008000fec8 (0xfe043783) ld      a5, -32(s0)
core   0: 3 0x000000008000fec8 (0xfe043783) x15 0x0000000080012061 mem 0x0000000080031f50
core   0: 0x000000008000fecc (0x00178713) addi    a4, a5, 1
core   0: 3 0x000000008000fecc (0x00178713) x14 0x0000000080012062
core   0: 0x000000008000fed0 (0xfee43023) sd      a4, -32(s0)
core   0: 3 0x000000008000fed0 (0xfee43023) mem 0x0000000080031f50 0x0000000080012062
core   0: 0x000000008000fed4 (0xfc442703) lw      a4, -60(s0)
core   0: 3 0x000000008000fed4 (0xfc442703) x14 0x0000000000000000 mem 0x0000000080031f34
core   0: 0x000000008000fed8 (0x0ff77713) andi    a4, a4, 255
core   0: 3 0x000000008000fed8 (0x0ff77713) x14 0x0000000000000000
core   0: 0x000000008000fedc (0x00e78023) sb      a4, 0(a5)
core   0: 3 0x000000008000fedc (0x00e78023) mem 0x0000000080012061 0x00
core   0: 0x000000008000fee0 (0xfc843703) ld      a4, -56(s0)
core   0: 3 0x000000008000fee0 (0xfc843703) x14 0x0000000080012040 mem 0x0000000080031f38
core   0: 0x000000008000fee4 (0xfb843783) ld      a5, -72(s0)
core   0: 3 0x000000008000fee4 (0xfb843783) x15 0x000000000000009c mem 0x0000000080031f28
core   0: 0x000000008000fee8 (0x000097ba) c.add   a5, a4
core   0: 3 0x000000008000fee8 (0x97ba) x15 0x00000000800120dc
core   0: 0x000000008000feea (0xfe043703) ld      a4, -32(s0)
core   0: 3 0x000000008000feea (0xfe043703) x14 0x0000000080012062 mem 0x0000000080031f50
core   0: 0x000000008000feee (0xfcf76de3) bltu    a4, a5, pc - 38
core   0: 3 0x000000008000feee (0xfcf76de3)
core   0: 0x000000008000fec8 (0xfe043783) ld      a5, -32(s0)
core   0: 3 0x000000008000fec8 (0xfe043783) x15 0x0000000080012062 mem 0x0000000080031f50
core   0: 0x000000008000fecc (0x00178713) addi    a4, a5, 1
core   0: 3 0x000000008000fecc (0x00178713) x14 0x0000000080012063
core   0: 0x000000008000fed0 (0xfee43023) sd      a4, -32(s0)
core   0: 3 0x000000008000fed0 (0xfee43023) mem 0x0000000080031f50 0x0000000080012063
core   0: 0x000000008000fed4 (0xfc442703) lw      a4, -60(s0)
core   0: 3 0x000000008000fed4 (0xfc442703) x14 0x0000000000000000 mem 0x0000000080031f34
core   0: 0x000000008000fed8 (0x0ff77713) andi    a4, a4, 255
core   0: 3 0x000000008000fed8 (0x0ff77713) x14 0x0000000000000000
core   0: 0x000000008000fedc (0x00e78023) sb      a4, 0(a5)
core   0: 3 0x000000008000fedc (0x00e78023) mem 0x0000000080012062 0x00
core   0: 0x000000008000fee0 (0xfc843703) ld      a4, -56(s0)
core   0: 3 0x000000008000fee0 (0xfc843703) x14 0x0000000080012040 mem 0x0000000080031f38
core   0: 0x000000008000fee4 (0xfb843783) ld      a5, -72(s0)
core   0: 3 0x000000008000fee4 (0xfb843783) x15 0x000000000000009c mem 0x0000000080031f28
core   0: 0x000000008000fee8 (0x000097ba) c.add   a5, a4
core   0: 3 0x000000008000fee8 (0x97ba) x15 0x00000000800120dc
core   0: 0x000000008000feea (0xfe043703) ld      a4, -32(s0)
core   0: 3 0x000000008000feea (0xfe043703) x14 0x0000000080012063 mem 0x0000000080031f50
core   0: 0x000000008000feee (0xfcf76de3) bltu    a4, a5, pc - 38
core   0: 3 0x000000008000feee (0xfcf76de3)
core   0: 0x000000008000fec8 (0xfe043783) ld      a5, -32(s0)
core   0: 3 0x000000008000fec8 (0xfe043783) x15 0x0000000080012063 mem 0x0000000080031f50
core   0: 0x000000008000fecc (0x00178713) addi    a4, a5, 1
core   0: 3 0x000000008000fecc (0x00178713) x14 0x0000000080012064
core   0: 0x000000008000fed0 (0xfee43023) sd      a4, -32(s0)
core   0: 3 0x000000008000fed0 (0xfee43023) mem 0x0000000080031f50 0x0000000080012064
core   0: 0x000000008000fed4 (0xfc442703) lw      a4, -60(s0)
core   0: 3 0x000000008000fed4 (0xfc442703) x14 0x0000000000000000 mem 0x0000000080031f34
core   0: 0x000000008000fed8 (0x0ff77713) andi    a4, a4, 255
core   0: 3 0x000000008000fed8 (0x0ff77713) x14 0x0000000000000000
core   0: 0x000000008000fedc (0x00e78023) sb      a4, 0(a5)
core   0: 3 0x000000008000fedc (0x00e78023) mem 0x0000000080012063 0x00
core   0: 0x000000008000fee0 (0xfc843703) ld      a4, -56(s0)
core   0: 3 0x000000008000fee0 (0xfc843703) x14 0x0000000080012040 mem 0x0000000080031f38
core   0: 0x000000008000fee4 (0xfb843783) ld      a5, -72(s0)
core   0: 3 0x000000008000fee4 (0xfb843783) x15 0x000000000000009c mem 0x0000000080031f28
core   0: 0x000000008000fee8 (0x000097ba) c.add   a5, a4
core   0: 3 0x000000008000fee8 (0x97ba) x15 0x00000000800120dc
core   0: 0x000000008000feea (0xfe043703) ld      a4, -32(s0)
core   0: 3 0x000000008000feea (0xfe043703) x14 0x0000000080012064 mem 0x0000000080031f50
core   0: 0x000000008000feee (0xfcf76de3) bltu    a4, a5, pc - 38
core   0: 3 0x000000008000feee (0xfcf76de3)
core   0: 0x000000008000fec8 (0xfe043783) ld      a5, -32(s0)
core   0: 3 0x000000008000fec8 (0xfe043783) x15 0x0000000080012064 mem 0x0000000080031f50
core   0: 0x000000008000fecc (0x00178713) addi    a4, a5, 1
core   0: 3 0x000000008000fecc (0x00178713) x14 0x0000000080012065
core   0: 0x000000008000fed0 (0xfee43023) sd      a4, -32(s0)
core   0: 3 0x000000008000fed0 (0xfee43023) mem 0x0000000080031f50 0x0000000080012065
core   0: 0x000000008000fed4 (0xfc442703) lw      a4, -60(s0)
core   0: 3 0x000000008000fed4 (0xfc442703) x14 0x0000000000000000 mem 0x0000000080031f34
core   0: 0x000000008000fed8 (0x0ff77713) andi    a4, a4, 255
core   0: 3 0x000000008000fed8 (0x0ff77713) x14 0x0000000000000000
core   0: 0x000000008000fedc (0x00e78023) sb      a4, 0(a5)
core   0: 3 0x000000008000fedc (0x00e78023) mem 0x0000000080012064 0x00
core   0: 0x000000008000fee0 (0xfc843703) ld      a4, -56(s0)
core   0: 3 0x000000008000fee0 (0xfc843703) x14 0x0000000080012040 mem 0x0000000080031f38
core   0: 0x000000008000fee4 (0xfb843783) ld      a5, -72(s0)
core   0: 3 0x000000008000fee4 (0xfb843783) x15 0x000000000000009c mem 0x0000000080031f28
core   0: 0x000000008000fee8 (0x000097ba) c.add   a5, a4
core   0: 3 0x000000008000fee8 (0x97ba) x15 0x00000000800120dc
core   0: 0x000000008000feea (0xfe043703) ld      a4, -32(s0)
core   0: 3 0x000000008000feea (0xfe043703) x14 0x0000000080012065 mem 0x0000000080031f50
core   0: 0x000000008000feee (0xfcf76de3) bltu    a4, a5, pc - 38
core   0: 3 0x000000008000feee (0xfcf76de3)
core   0: 0x000000008000fec8 (0xfe043783) ld      a5, -32(s0)
core   0: 3 0x000000008000fec8 (0xfe043783) x15 0x0000000080012065 mem 0x0000000080031f50
core   0: 0x000000008000fecc (0x00178713) addi    a4, a5, 1
core   0: 3 0x000000008000fecc (0x00178713) x14 0x0000000080012066
core   0: 0x000000008000fed0 (0xfee43023) sd      a4, -32(s0)
core   0: 3 0x000000008000fed0 (0xfee43023) mem 0x0000000080031f50 0x0000000080012066
core   0: 0x000000008000fed4 (0xfc442703) lw      a4, -60(s0)
core   0: 3 0x000000008000fed4 (0xfc442703) x14 0x0000000000000000 mem 0x0000000080031f34
core   0: 0x000000008000fed8 (0x0ff77713) andi    a4, a4, 255
core   0: 3 0x000000008000fed8 (0x0ff77713) x14 0x0000000000000000
core   0: 0x000000008000fedc (0x00e78023) sb      a4, 0(a5)
core   0: 3 0x000000008000fedc (0x00e78023) mem 0x0000000080012065 0x00
core   0: 0x000000008000fee0 (0xfc843703) ld      a4, -56(s0)
core   0: 3 0x000000008000fee0 (0xfc843703) x14 0x0000000080012040 mem 0x0000000080031f38
core   0: 0x000000008000fee4 (0xfb843783) ld      a5, -72(s0)
core   0: 3 0x000000008000fee4 (0xfb843783) x15 0x000000000000009c mem 0x0000000080031f28
core   0: 0x000000008000fee8 (0x000097ba) c.add   a5, a4
core   0: 3 0x000000008000fee8 (0x97ba) x15 0x00000000800120dc
core   0: 0x000000008000feea (0xfe043703) ld      a4, -32(s0)
core   0: 3 0x000000008000feea (0xfe043703) x14 0x0000000080012066 mem 0x0000000080031f50
core   0: 0x000000008000feee (0xfcf76de3) bltu    a4, a5, pc - 38
core   0: 3 0x000000008000feee (0xfcf76de3)
core   0: 0x000000008000fec8 (0xfe043783) ld      a5, -32(s0)
core   0: 3 0x000000008000fec8 (0xfe043783) x15 0x0000000080012066 mem 0x0000000080031f50
core   0: 0x000000008000fecc (0x00178713) addi    a4, a5, 1
core   0: 3 0x000000008000fecc (0x00178713) x14 0x0000000080012067
core   0: 0x000000008000fed0 (0xfee43023) sd      a4, -32(s0)
core   0: 3 0x000000008000fed0 (0xfee43023) mem 0x0000000080031f50 0x0000000080012067
core   0: 0x000000008000fed4 (0xfc442703) lw      a4, -60(s0)
core   0: 3 0x000000008000fed4 (0xfc442703) x14 0x0000000000000000 mem 0x0000000080031f34
core   0: 0x000000008000fed8 (0x0ff77713) andi    a4, a4, 255
core   0: 3 0x000000008000fed8 (0x0ff77713) x14 0x0000000000000000
core   0: 0x000000008000fedc (0x00e78023) sb      a4, 0(a5)
core   0: 3 0x000000008000fedc (0x00e78023) mem 0x0000000080012066 0x00
core   0: 0x000000008000fee0 (0xfc843703) ld      a4, -56(s0)
core   0: 3 0x000000008000fee0 (0xfc843703) x14 0x0000000080012040 mem 0x0000000080031f38
core   0: 0x000000008000fee4 (0xfb843783) ld      a5, -72(s0)
core   0: 3 0x000000008000fee4 (0xfb843783) x15 0x000000000000009c mem 0x0000000080031f28
core   0: 0x000000008000fee8 (0x000097ba) c.add   a5, a4
core   0: 3 0x000000008000fee8 (0x97ba) x15 0x00000000800120dc
core   0: 0x000000008000feea (0xfe043703) ld      a4, -32(s0)
core   0: 3 0x000000008000feea (0xfe043703) x14 0x0000000080012067 mem 0x0000000080031f50
core   0: 0x000000008000feee (0xfcf76de3) bltu    a4, a5, pc - 38
core   0: 3 0x000000008000feee (0xfcf76de3)
core   0: 0x000000008000fec8 (0xfe043783) ld      a5, -32(s0)
core   0: 3 0x000000008000fec8 (0xfe043783) x15 0x0000000080012067 mem 0x0000000080031f50
core   0: 0x000000008000fecc (0x00178713) addi    a4, a5, 1
core   0: 3 0x000000008000fecc (0x00178713) x14 0x0000000080012068
core   0: 0x000000008000fed0 (0xfee43023) sd      a4, -32(s0)
core   0: 3 0x000000008000fed0 (0xfee43023) mem 0x0000000080031f50 0x0000000080012068
core   0: 0x000000008000fed4 (0xfc442703) lw      a4, -60(s0)
core   0: 3 0x000000008000fed4 (0xfc442703) x14 0x0000000000000000 mem 0x0000000080031f34
core   0: 0x000000008000fed8 (0x0ff77713) andi    a4, a4, 255
core   0: 3 0x000000008000fed8 (0x0ff77713) x14 0x0000000000000000
core   0: 0x000000008000fedc (0x00e78023) sb      a4, 0(a5)
core   0: 3 0x000000008000fedc (0x00e78023) mem 0x0000000080012067 0x00
core   0: 0x000000008000fee0 (0xfc843703) ld      a4, -56(s0)
core   0: 3 0x000000008000fee0 (0xfc843703) x14 0x0000000080012040 mem 0x0000000080031f38
core   0: 0x000000008000fee4 (0xfb843783) ld      a5, -72(s0)
core   0: 3 0x000000008000fee4 (0xfb843783) x15 0x000000000000009c mem 0x0000000080031f28
core   0: 0x000000008000fee8 (0x000097ba) c.add   a5, a4
core   0: 3 0x000000008000fee8 (0x97ba) x15 0x00000000800120dc
core   0: 0x000000008000feea (0xfe043703) ld      a4, -32(s0)
core   0: 3 0x000000008000feea (0xfe043703) x14 0x0000000080012068 mem 0x0000000080031f50
core   0: 0x000000008000feee (0xfcf76de3) bltu    a4, a5, pc - 38
core   0: 3 0x000000008000feee (0xfcf76de3)
core   0: 0x000000008000fec8 (0xfe043783) ld      a5, -32(s0)
core   0: 3 0x000000008000fec8 (0xfe043783) x15 0x0000000080012068 mem 0x0000000080031f50
core   0: 0x000000008000fecc (0x00178713) addi    a4, a5, 1
core   0: 3 0x000000008000fecc (0x00178713) x14 0x0000000080012069
core   0: 0x000000008000fed0 (0xfee43023) sd      a4, -32(s0)
core   0: 3 0x000000008000fed0 (0xfee43023) mem 0x0000000080031f50 0x0000000080012069
core   0: 0x000000008000fed4 (0xfc442703) lw      a4, -60(s0)
core   0: 3 0x000000008000fed4 (0xfc442703) x14 0x0000000000000000 mem 0x0000000080031f34
core   0: 0x000000008000fed8 (0x0ff77713) andi    a4, a4, 255
core   0: 3 0x000000008000fed8 (0x0ff77713) x14 0x0000000000000000
core   0: 0x000000008000fedc (0x00e78023) sb      a4, 0(a5)
core   0: 3 0x000000008000fedc (0x00e78023) mem 0x0000000080012068 0x00
core   0: 0x000000008000fee0 (0xfc843703) ld      a4, -56(s0)
core   0: 3 0x000000008000fee0 (0xfc843703) x14 0x0000000080012040 mem 0x0000000080031f38
core   0: 0x000000008000fee4 (0xfb843783) ld      a5, -72(s0)
core   0: 3 0x000000008000fee4 (0xfb843783) x15 0x000000000000009c mem 0x0000000080031f28
core   0: 0x000000008000fee8 (0x000097ba) c.add   a5, a4
core   0: 3 0x000000008000fee8 (0x97ba) x15 0x00000000800120dc
core   0: 0x000000008000feea (0xfe043703) ld      a4, -32(s0)
core   0: 3 0x000000008000feea (0xfe043703) x14 0x0000000080012069 mem 0x0000000080031f50
core   0: 0x000000008000feee (0xfcf76de3) bltu    a4, a5, pc - 38
core   0: 3 0x000000008000feee (0xfcf76de3)
core   0: 0x000000008000fec8 (0xfe043783) ld      a5, -32(s0)
core   0: 3 0x000000008000fec8 (0xfe043783) x15 0x0000000080012069 mem 0x0000000080031f50
core   0: 0x000000008000fecc (0x00178713) addi    a4, a5, 1
core   0: 3 0x000000008000fecc (0x00178713) x14 0x000000008001206a
core   0: 0x000000008000fed0 (0xfee43023) sd      a4, -32(s0)
core   0: 3 0x000000008000fed0 (0xfee43023) mem 0x0000000080031f50 0x000000008001206a
core   0: 0x000000008000fed4 (0xfc442703) lw      a4, -60(s0)
core   0: 3 0x000000008000fed4 (0xfc442703) x14 0x0000000000000000 mem 0x0000000080031f34
core   0: 0x000000008000fed8 (0x0ff77713) andi    a4, a4, 255
core   0: 3 0x000000008000fed8 (0x0ff77713) x14 0x0000000000000000
core   0: 0x000000008000fedc (0x00e78023) sb      a4, 0(a5)
core   0: 3 0x000000008000fedc (0x00e78023) mem 0x0000000080012069 0x00
core   0: 0x000000008000fee0 (0xfc843703) ld      a4, -56(s0)
core   0: 3 0x000000008000fee0 (0xfc843703) x14 0x0000000080012040 mem 0x0000000080031f38
core   0: 0x000000008000fee4 (0xfb843783) ld      a5, -72(s0)
core   0: 3 0x000000008000fee4 (0xfb843783) x15 0x000000000000009c mem 0x0000000080031f28
core   0: 0x000000008000fee8 (0x000097ba) c.add   a5, a4
core   0: 3 0x000000008000fee8 (0x97ba) x15 0x00000000800120dc
core   0: 0x000000008000feea (0xfe043703) ld      a4, -32(s0)
core   0: 3 0x000000008000feea (0xfe043703) x14 0x000000008001206a mem 0x0000000080031f50
core   0: 0x000000008000feee (0xfcf76de3) bltu    a4, a5, pc - 38
core   0: 3 0x000000008000feee (0xfcf76de3)
core   0: 0x000000008000fec8 (0xfe043783) ld      a5, -32(s0)
core   0: 3 0x000000008000fec8 (0xfe043783) x15 0x000000008001206a mem 0x0000000080031f50
core   0: 0x000000008000fecc (0x00178713) addi    a4, a5, 1
core   0: 3 0x000000008000fecc (0x00178713) x14 0x000000008001206b
core   0: 0x000000008000fed0 (0xfee43023) sd      a4, -32(s0)
core   0: 3 0x000000008000fed0 (0xfee43023) mem 0x0000000080031f50 0x000000008001206b
core   0: 0x000000008000fed4 (0xfc442703) lw      a4, -60(s0)
core   0: 3 0x000000008000fed4 (0xfc442703) x14 0x0000000000000000 mem 0x0000000080031f34
core   0: 0x000000008000fed8 (0x0ff77713) andi    a4, a4, 255
core   0: 3 0x000000008000fed8 (0x0ff77713) x14 0x0000000000000000
core   0: 0x000000008000fedc (0x00e78023) sb      a4, 0(a5)
core   0: 3 0x000000008000fedc (0x00e78023) mem 0x000000008001206a 0x00
core   0: 0x000000008000fee0 (0xfc843703) ld      a4, -56(s0)
core   0: 3 0x000000008000fee0 (0xfc843703) x14 0x0000000080012040 mem 0x0000000080031f38
core   0: 0x000000008000fee4 (0xfb843783) ld      a5, -72(s0)
core   0: 3 0x000000008000fee4 (0xfb843783) x15 0x000000000000009c mem 0x0000000080031f28
core   0: 0x000000008000fee8 (0x000097ba) c.add   a5, a4
core   0: 3 0x000000008000fee8 (0x97ba) x15 0x00000000800120dc
core   0: 0x000000008000feea (0xfe043703) ld      a4, -32(s0)
core   0: 3 0x000000008000feea (0xfe043703) x14 0x000000008001206b mem 0x0000000080031f50
core   0: 0x000000008000feee (0xfcf76de3) bltu    a4, a5, pc - 38
core   0: 3 0x000000008000feee (0xfcf76de3)
core   0: 0x000000008000fec8 (0xfe043783) ld      a5, -32(s0)
core   0: 3 0x000000008000fec8 (0xfe043783) x15 0x000000008001206b mem 0x0000000080031f50
core   0: 0x000000008000fecc (0x00178713) addi    a4, a5, 1
core   0: 3 0x000000008000fecc (0x00178713) x14 0x000000008001206c
core   0: 0x000000008000fed0 (0xfee43023) sd      a4, -32(s0)
core   0: 3 0x000000008000fed0 (0xfee43023) mem 0x0000000080031f50 0x000000008001206c
core   0: 0x000000008000fed4 (0xfc442703) lw      a4, -60(s0)
core   0: 3 0x000000008000fed4 (0xfc442703) x14 0x0000000000000000 mem 0x0000000080031f34
core   0: 0x000000008000fed8 (0x0ff77713) andi    a4, a4, 255
core   0: 3 0x000000008000fed8 (0x0ff77713) x14 0x0000000000000000
core   0: 0x000000008000fedc (0x00e78023) sb      a4, 0(a5)
core   0: 3 0x000000008000fedc (0x00e78023) mem 0x000000008001206b 0x00
core   0: 0x000000008000fee0 (0xfc843703) ld      a4, -56(s0)
core   0: 3 0x000000008000fee0 (0xfc843703) x14 0x0000000080012040 mem 0x0000000080031f38
core   0: 0x000000008000fee4 (0xfb843783) ld      a5, -72(s0)
core   0: 3 0x000000008000fee4 (0xfb843783) x15 0x000000000000009c mem 0x0000000080031f28
core   0: 0x000000008000fee8 (0x000097ba) c.add   a5, a4
core   0: 3 0x000000008000fee8 (0x97ba) x15 0x00000000800120dc
core   0: 0x000000008000feea (0xfe043703) ld      a4, -32(s0)
core   0: 3 0x000000008000feea (0xfe043703) x14 0x000000008001206c mem 0x0000000080031f50
core   0: 0x000000008000feee (0xfcf76de3) bltu    a4, a5, pc - 38
core   0: 3 0x000000008000feee (0xfcf76de3)
core   0: 0x000000008000fec8 (0xfe043783) ld      a5, -32(s0)
core   0: 3 0x000000008000fec8 (0xfe043783) x15 0x000000008001206c mem 0x0000000080031f50
core   0: 0x000000008000fecc (0x00178713) addi    a4, a5, 1
core   0: 3 0x000000008000fecc (0x00178713) x14 0x000000008001206d
core   0: 0x000000008000fed0 (0xfee43023) sd      a4, -32(s0)
core   0: 3 0x000000008000fed0 (0xfee43023) mem 0x0000000080031f50 0x000000008001206d
core   0: 0x000000008000fed4 (0xfc442703) lw      a4, -60(s0)
core   0: 3 0x000000008000fed4 (0xfc442703) x14 0x0000000000000000 mem 0x0000000080031f34
core   0: 0x000000008000fed8 (0x0ff77713) andi    a4, a4, 255
core   0: 3 0x000000008000fed8 (0x0ff77713) x14 0x0000000000000000
core   0: 0x000000008000fedc (0x00e78023) sb      a4, 0(a5)
core   0: 3 0x000000008000fedc (0x00e78023) mem 0x000000008001206c 0x00
core   0: 0x000000008000fee0 (0xfc843703) ld      a4, -56(s0)
core   0: 3 0x000000008000fee0 (0xfc843703) x14 0x0000000080012040 mem 0x0000000080031f38
core   0: 0x000000008000fee4 (0xfb843783) ld      a5, -72(s0)
core   0: 3 0x000000008000fee4 (0xfb843783) x15 0x000000000000009c mem 0x0000000080031f28
core   0: 0x000000008000fee8 (0x000097ba) c.add   a5, a4
core   0: 3 0x000000008000fee8 (0x97ba) x15 0x00000000800120dc
core   0: 0x000000008000feea (0xfe043703) ld      a4, -32(s0)
core   0: 3 0x000000008000feea (0xfe043703) x14 0x000000008001206d mem 0x0000000080031f50
core   0: 0x000000008000feee (0xfcf76de3) bltu    a4, a5, pc - 38
core   0: 3 0x000000008000feee (0xfcf76de3)
core   0: 0x000000008000fec8 (0xfe043783) ld      a5, -32(s0)
core   0: 3 0x000000008000fec8 (0xfe043783) x15 0x000000008001206d mem 0x0000000080031f50
core   0: 0x000000008000fecc (0x00178713) addi    a4, a5, 1
core   0: 3 0x000000008000fecc (0x00178713) x14 0x000000008001206e
core   0: 0x000000008000fed0 (0xfee43023) sd      a4, -32(s0)
core   0: 3 0x000000008000fed0 (0xfee43023) mem 0x0000000080031f50 0x000000008001206e
core   0: 0x000000008000fed4 (0xfc442703) lw      a4, -60(s0)
core   0: 3 0x000000008000fed4 (0xfc442703) x14 0x0000000000000000 mem 0x0000000080031f34
core   0: 0x000000008000fed8 (0x0ff77713) andi    a4, a4, 255
core   0: 3 0x000000008000fed8 (0x0ff77713) x14 0x0000000000000000
core   0: 0x000000008000fedc (0x00e78023) sb      a4, 0(a5)
core   0: 3 0x000000008000fedc (0x00e78023) mem 0x000000008001206d 0x00
core   0: 0x000000008000fee0 (0xfc843703) ld      a4, -56(s0)
core   0: 3 0x000000008000fee0 (0xfc843703) x14 0x0000000080012040 mem 0x0000000080031f38
core   0: 0x000000008000fee4 (0xfb843783) ld      a5, -72(s0)
core   0: 3 0x000000008000fee4 (0xfb843783) x15 0x000000000000009c mem 0x0000000080031f28
core   0: 0x000000008000fee8 (0x000097ba) c.add   a5, a4
core   0: 3 0x000000008000fee8 (0x97ba) x15 0x00000000800120dc
core   0: 0x000000008000feea (0xfe043703) ld      a4, -32(s0)
core   0: 3 0x000000008000feea (0xfe043703) x14 0x000000008001206e mem 0x0000000080031f50
core   0: 0x000000008000feee (0xfcf76de3) bltu    a4, a5, pc - 38
core   0: 3 0x000000008000feee (0xfcf76de3)
core   0: 0x000000008000fec8 (0xfe043783) ld      a5, -32(s0)
core   0: 3 0x000000008000fec8 (0xfe043783) x15 0x000000008001206e mem 0x0000000080031f50
core   0: 0x000000008000fecc (0x00178713) addi    a4, a5, 1
core   0: 3 0x000000008000fecc (0x00178713) x14 0x000000008001206f
core   0: 0x000000008000fed0 (0xfee43023) sd      a4, -32(s0)
core   0: 3 0x000000008000fed0 (0xfee43023) mem 0x0000000080031f50 0x000000008001206f
core   0: 0x000000008000fed4 (0xfc442703) lw      a4, -60(s0)
core   0: 3 0x000000008000fed4 (0xfc442703) x14 0x0000000000000000 mem 0x0000000080031f34
core   0: 0x000000008000fed8 (0x0ff77713) andi    a4, a4, 255
core   0: 3 0x000000008000fed8 (0x0ff77713) x14 0x0000000000000000
core   0: 0x000000008000fedc (0x00e78023) sb      a4, 0(a5)
core   0: 3 0x000000008000fedc (0x00e78023) mem 0x000000008001206e 0x00
core   0: 0x000000008000fee0 (0xfc843703) ld      a4, -56(s0)
core   0: 3 0x000000008000fee0 (0xfc843703) x14 0x0000000080012040 mem 0x0000000080031f38
core   0: 0x000000008000fee4 (0xfb843783) ld      a5, -72(s0)
core   0: 3 0x000000008000fee4 (0xfb843783) x15 0x000000000000009c mem 0x0000000080031f28
core   0: 0x000000008000fee8 (0x000097ba) c.add   a5, a4
core   0: 3 0x000000008000fee8 (0x97ba) x15 0x00000000800120dc
core   0: 0x000000008000feea (0xfe043703) ld      a4, -32(s0)
core   0: 3 0x000000008000feea (0xfe043703) x14 0x000000008001206f mem 0x0000000080031f50
core   0: 0x000000008000feee (0xfcf76de3) bltu    a4, a5, pc - 38
core   0: 3 0x000000008000feee (0xfcf76de3)
core   0: 0x000000008000fec8 (0xfe043783) ld      a5, -32(s0)
core   0: 3 0x000000008000fec8 (0xfe043783) x15 0x000000008001206f mem 0x0000000080031f50
core   0: 0x000000008000fecc (0x00178713) addi    a4, a5, 1
core   0: 3 0x000000008000fecc (0x00178713) x14 0x0000000080012070
core   0: 0x000000008000fed0 (0xfee43023) sd      a4, -32(s0)
core   0: 3 0x000000008000fed0 (0xfee43023) mem 0x0000000080031f50 0x0000000080012070
core   0: 0x000000008000fed4 (0xfc442703) lw      a4, -60(s0)
core   0: 3 0x000000008000fed4 (0xfc442703) x14 0x0000000000000000 mem 0x0000000080031f34
core   0: 0x000000008000fed8 (0x0ff77713) andi    a4, a4, 255
core   0: 3 0x000000008000fed8 (0x0ff77713) x14 0x0000000000000000
core   0: 0x000000008000fedc (0x00e78023) sb      a4, 0(a5)
core   0: 3 0x000000008000fedc (0x00e78023) mem 0x000000008001206f 0x00
core   0: 0x000000008000fee0 (0xfc843703) ld      a4, -56(s0)
core   0: 3 0x000000008000fee0 (0xfc843703) x14 0x0000000080012040 mem 0x0000000080031f38
core   0: 0x000000008000fee4 (0xfb843783) ld      a5, -72(s0)
core   0: 3 0x000000008000fee4 (0xfb843783) x15 0x000000000000009c mem 0x0000000080031f28
core   0: 0x000000008000fee8 (0x000097ba) c.add   a5, a4
core   0: 3 0x000000008000fee8 (0x97ba) x15 0x00000000800120dc
core   0: 0x000000008000feea (0xfe043703) ld      a4, -32(s0)
core   0: 3 0x000000008000feea (0xfe043703) x14 0x0000000080012070 mem 0x0000000080031f50
core   0: 0x000000008000feee (0xfcf76de3) bltu    a4, a5, pc - 38
core   0: 3 0x000000008000feee (0xfcf76de3)
core   0: 0x000000008000fec8 (0xfe043783) ld      a5, -32(s0)
core   0: 3 0x000000008000fec8 (0xfe043783) x15 0x0000000080012070 mem 0x0000000080031f50
core   0: 0x000000008000fecc (0x00178713) addi    a4, a5, 1
core   0: 3 0x000000008000fecc (0x00178713) x14 0x0000000080012071
core   0: 0x000000008000fed0 (0xfee43023) sd      a4, -32(s0)
core   0: 3 0x000000008000fed0 (0xfee43023) mem 0x0000000080031f50 0x0000000080012071
core   0: 0x000000008000fed4 (0xfc442703) lw      a4, -60(s0)
core   0: 3 0x000000008000fed4 (0xfc442703) x14 0x0000000000000000 mem 0x0000000080031f34
core   0: 0x000000008000fed8 (0x0ff77713) andi    a4, a4, 255
core   0: 3 0x000000008000fed8 (0x0ff77713) x14 0x0000000000000000
core   0: 0x000000008000fedc (0x00e78023) sb      a4, 0(a5)
core   0: 3 0x000000008000fedc (0x00e78023) mem 0x0000000080012070 0x00
core   0: 0x000000008000fee0 (0xfc843703) ld      a4, -56(s0)
core   0: 3 0x000000008000fee0 (0xfc843703) x14 0x0000000080012040 mem 0x0000000080031f38
core   0: 0x000000008000fee4 (0xfb843783) ld      a5, -72(s0)
core   0: 3 0x000000008000fee4 (0xfb843783) x15 0x000000000000009c mem 0x0000000080031f28
core   0: 0x000000008000fee8 (0x000097ba) c.add   a5, a4
core   0: 3 0x000000008000fee8 (0x97ba) x15 0x00000000800120dc
core   0: 0x000000008000feea (0xfe043703) ld      a4, -32(s0)
core   0: 3 0x000000008000feea (0xfe043703) x14 0x0000000080012071 mem 0x0000000080031f50
core   0: 0x000000008000feee (0xfcf76de3) bltu    a4, a5, pc - 38
core   0: 3 0x000000008000feee (0xfcf76de3)
core   0: 0x000000008000fec8 (0xfe043783) ld      a5, -32(s0)
core   0: 3 0x000000008000fec8 (0xfe043783) x15 0x0000000080012071 mem 0x0000000080031f50
core   0: 0x000000008000fecc (0x00178713) addi    a4, a5, 1
core   0: 3 0x000000008000fecc (0x00178713) x14 0x0000000080012072
core   0: 0x000000008000fed0 (0xfee43023) sd      a4, -32(s0)
core   0: 3 0x000000008000fed0 (0xfee43023) mem 0x0000000080031f50 0x0000000080012072
core   0: 0x000000008000fed4 (0xfc442703) lw      a4, -60(s0)
core   0: 3 0x000000008000fed4 (0xfc442703) x14 0x0000000000000000 mem 0x0000000080031f34
core   0: 0x000000008000fed8 (0x0ff77713) andi    a4, a4, 255
core   0: 3 0x000000008000fed8 (0x0ff77713) x14 0x0000000000000000
core   0: 0x000000008000fedc (0x00e78023) sb      a4, 0(a5)
core   0: 3 0x000000008000fedc (0x00e78023) mem 0x0000000080012071 0x00
core   0: 0x000000008000fee0 (0xfc843703) ld      a4, -56(s0)
core   0: 3 0x000000008000fee0 (0xfc843703) x14 0x0000000080012040 mem 0x0000000080031f38
core   0: 0x000000008000fee4 (0xfb843783) ld      a5, -72(s0)
core   0: 3 0x000000008000fee4 (0xfb843783) x15 0x000000000000009c mem 0x0000000080031f28
core   0: 0x000000008000fee8 (0x000097ba) c.add   a5, a4
core   0: 3 0x000000008000fee8 (0x97ba) x15 0x00000000800120dc
core   0: 0x000000008000feea (0xfe043703) ld      a4, -32(s0)
core   0: 3 0x000000008000feea (0xfe043703) x14 0x0000000080012072 mem 0x0000000080031f50
core   0: 0x000000008000feee (0xfcf76de3) bltu    a4, a5, pc - 38
core   0: 3 0x000000008000feee (0xfcf76de3)
core   0: 0x000000008000fec8 (0xfe043783) ld      a5, -32(s0)
core   0: 3 0x000000008000fec8 (0xfe043783) x15 0x0000000080012072 mem 0x0000000080031f50
core   0: 0x000000008000fecc (0x00178713) addi    a4, a5, 1
core   0: 3 0x000000008000fecc (0x00178713) x14 0x0000000080012073
core   0: 0x000000008000fed0 (0xfee43023) sd      a4, -32(s0)
core   0: 3 0x000000008000fed0 (0xfee43023) mem 0x0000000080031f50 0x0000000080012073
core   0: 0x000000008000fed4 (0xfc442703) lw      a4, -60(s0)
core   0: 3 0x000000008000fed4 (0xfc442703) x14 0x0000000000000000 mem 0x0000000080031f34
core   0: 0x000000008000fed8 (0x0ff77713) andi    a4, a4, 255
core   0: 3 0x000000008000fed8 (0x0ff77713) x14 0x0000000000000000
core   0: 0x000000008000fedc (0x00e78023) sb      a4, 0(a5)
core   0: 3 0x000000008000fedc (0x00e78023) mem 0x0000000080012072 0x00
core   0: 0x000000008000fee0 (0xfc843703) ld      a4, -56(s0)
core   0: 3 0x000000008000fee0 (0xfc843703) x14 0x0000000080012040 mem 0x0000000080031f38
core   0: 0x000000008000fee4 (0xfb843783) ld      a5, -72(s0)
core   0: 3 0x000000008000fee4 (0xfb843783) x15 0x000000000000009c mem 0x0000000080031f28
core   0: 0x000000008000fee8 (0x000097ba) c.add   a5, a4
core   0: 3 0x000000008000fee8 (0x97ba) x15 0x00000000800120dc
core   0: 0x000000008000feea (0xfe043703) ld      a4, -32(s0)
core   0: 3 0x000000008000feea (0xfe043703) x14 0x0000000080012073 mem 0x0000000080031f50
core   0: 0x000000008000feee (0xfcf76de3) bltu    a4, a5, pc - 38
core   0: 3 0x000000008000feee (0xfcf76de3)
core   0: 0x000000008000fec8 (0xfe043783) ld      a5, -32(s0)
core   0: 3 0x000000008000fec8 (0xfe043783) x15 0x0000000080012073 mem 0x0000000080031f50
core   0: 0x000000008000fecc (0x00178713) addi    a4, a5, 1
core   0: 3 0x000000008000fecc (0x00178713) x14 0x0000000080012074
core   0: 0x000000008000fed0 (0xfee43023) sd      a4, -32(s0)
core   0: 3 0x000000008000fed0 (0xfee43023) mem 0x0000000080031f50 0x0000000080012074
core   0: 0x000000008000fed4 (0xfc442703) lw      a4, -60(s0)
core   0: 3 0x000000008000fed4 (0xfc442703) x14 0x0000000000000000 mem 0x0000000080031f34
core   0: 0x000000008000fed8 (0x0ff77713) andi    a4, a4, 255
core   0: 3 0x000000008000fed8 (0x0ff77713) x14 0x0000000000000000
core   0: 0x000000008000fedc (0x00e78023) sb      a4, 0(a5)
core   0: 3 0x000000008000fedc (0x00e78023) mem 0x0000000080012073 0x00
core   0: 0x000000008000fee0 (0xfc843703) ld      a4, -56(s0)
core   0: 3 0x000000008000fee0 (0xfc843703) x14 0x0000000080012040 mem 0x0000000080031f38
core   0: 0x000000008000fee4 (0xfb843783) ld      a5, -72(s0)
core   0: 3 0x000000008000fee4 (0xfb843783) x15 0x000000000000009c mem 0x0000000080031f28
core   0: 0x000000008000fee8 (0x000097ba) c.add   a5, a4
core   0: 3 0x000000008000fee8 (0x97ba) x15 0x00000000800120dc
core   0: 0x000000008000feea (0xfe043703) ld      a4, -32(s0)
core   0: 3 0x000000008000feea (0xfe043703) x14 0x0000000080012074 mem 0x0000000080031f50
core   0: 0x000000008000feee (0xfcf76de3) bltu    a4, a5, pc - 38
core   0: 3 0x000000008000feee (0xfcf76de3)
core   0: 0x000000008000fec8 (0xfe043783) ld      a5, -32(s0)
core   0: 3 0x000000008000fec8 (0xfe043783) x15 0x0000000080012074 mem 0x0000000080031f50
core   0: 0x000000008000fecc (0x00178713) addi    a4, a5, 1
core   0: 3 0x000000008000fecc (0x00178713) x14 0x0000000080012075
core   0: 0x000000008000fed0 (0xfee43023) sd      a4, -32(s0)
core   0: 3 0x000000008000fed0 (0xfee43023) mem 0x0000000080031f50 0x0000000080012075
core   0: 0x000000008000fed4 (0xfc442703) lw      a4, -60(s0)
core   0: 3 0x000000008000fed4 (0xfc442703) x14 0x0000000000000000 mem 0x0000000080031f34
core   0: 0x000000008000fed8 (0x0ff77713) andi    a4, a4, 255
core   0: 3 0x000000008000fed8 (0x0ff77713) x14 0x0000000000000000
core   0: 0x000000008000fedc (0x00e78023) sb      a4, 0(a5)
core   0: 3 0x000000008000fedc (0x00e78023) mem 0x0000000080012074 0x00
core   0: 0x000000008000fee0 (0xfc843703) ld      a4, -56(s0)
core   0: 3 0x000000008000fee0 (0xfc843703) x14 0x0000000080012040 mem 0x0000000080031f38
core   0: 0x000000008000fee4 (0xfb843783) ld      a5, -72(s0)
core   0: 3 0x000000008000fee4 (0xfb843783) x15 0x000000000000009c mem 0x0000000080031f28
core   0: 0x000000008000fee8 (0x000097ba) c.add   a5, a4
core   0: 3 0x000000008000fee8 (0x97ba) x15 0x00000000800120dc
core   0: 0x000000008000feea (0xfe043703) ld      a4, -32(s0)
core   0: 3 0x000000008000feea (0xfe043703) x14 0x0000000080012075 mem 0x0000000080031f50
core   0: 0x000000008000feee (0xfcf76de3) bltu    a4, a5, pc - 38
core   0: 3 0x000000008000feee (0xfcf76de3)
core   0: 0x000000008000fec8 (0xfe043783) ld      a5, -32(s0)
core   0: 3 0x000000008000fec8 (0xfe043783) x15 0x0000000080012075 mem 0x0000000080031f50
core   0: 0x000000008000fecc (0x00178713) addi    a4, a5, 1
core   0: 3 0x000000008000fecc (0x00178713) x14 0x0000000080012076
core   0: 0x000000008000fed0 (0xfee43023) sd      a4, -32(s0)
core   0: 3 0x000000008000fed0 (0xfee43023) mem 0x0000000080031f50 0x0000000080012076
core   0: 0x000000008000fed4 (0xfc442703) lw      a4, -60(s0)
core   0: 3 0x000000008000fed4 (0xfc442703) x14 0x0000000000000000 mem 0x0000000080031f34
core   0: 0x000000008000fed8 (0x0ff77713) andi    a4, a4, 255
core   0: 3 0x000000008000fed8 (0x0ff77713) x14 0x0000000000000000
core   0: 0x000000008000fedc (0x00e78023) sb      a4, 0(a5)
core   0: 3 0x000000008000fedc (0x00e78023) mem 0x0000000080012075 0x00
core   0: 0x000000008000fee0 (0xfc843703) ld      a4, -56(s0)
core   0: 3 0x000000008000fee0 (0xfc843703) x14 0x0000000080012040 mem 0x0000000080031f38
core   0: 0x000000008000fee4 (0xfb843783) ld      a5, -72(s0)
core   0: 3 0x000000008000fee4 (0xfb843783) x15 0x000000000000009c mem 0x0000000080031f28
core   0: 0x000000008000fee8 (0x000097ba) c.add   a5, a4
core   0: 3 0x000000008000fee8 (0x97ba) x15 0x00000000800120dc
core   0: 0x000000008000feea (0xfe043703) ld      a4, -32(s0)
core   0: 3 0x000000008000feea (0xfe043703) x14 0x0000000080012076 mem 0x0000000080031f50
core   0: 0x000000008000feee (0xfcf76de3) bltu    a4, a5, pc - 38
core   0: 3 0x000000008000feee (0xfcf76de3)
core   0: 0x000000008000fec8 (0xfe043783) ld      a5, -32(s0)
core   0: 3 0x000000008000fec8 (0xfe043783) x15 0x0000000080012076 mem 0x0000000080031f50
core   0: 0x000000008000fecc (0x00178713) addi    a4, a5, 1
core   0: 3 0x000000008000fecc (0x00178713) x14 0x0000000080012077
core   0: 0x000000008000fed0 (0xfee43023) sd      a4, -32(s0)
core   0: 3 0x000000008000fed0 (0xfee43023) mem 0x0000000080031f50 0x0000000080012077
core   0: 0x000000008000fed4 (0xfc442703) lw      a4, -60(s0)
core   0: 3 0x000000008000fed4 (0xfc442703) x14 0x0000000000000000 mem 0x0000000080031f34
core   0: 0x000000008000fed8 (0x0ff77713) andi    a4, a4, 255
core   0: 3 0x000000008000fed8 (0x0ff77713) x14 0x0000000000000000
core   0: 0x000000008000fedc (0x00e78023) sb      a4, 0(a5)
core   0: 3 0x000000008000fedc (0x00e78023) mem 0x0000000080012076 0x00
core   0: 0x000000008000fee0 (0xfc843703) ld      a4, -56(s0)
core   0: 3 0x000000008000fee0 (0xfc843703) x14 0x0000000080012040 mem 0x0000000080031f38
core   0: 0x000000008000fee4 (0xfb843783) ld      a5, -72(s0)
core   0: 3 0x000000008000fee4 (0xfb843783) x15 0x000000000000009c mem 0x0000000080031f28
core   0: 0x000000008000fee8 (0x000097ba) c.add   a5, a4
core   0: 3 0x000000008000fee8 (0x97ba) x15 0x00000000800120dc
core   0: 0x000000008000feea (0xfe043703) ld      a4, -32(s0)
core   0: 3 0x000000008000feea (0xfe043703) x14 0x0000000080012077 mem 0x0000000080031f50
core   0: 0x000000008000feee (0xfcf76de3) bltu    a4, a5, pc - 38
core   0: 3 0x000000008000feee (0xfcf76de3)
core   0: 0x000000008000fec8 (0xfe043783) ld      a5, -32(s0)
core   0: 3 0x000000008000fec8 (0xfe043783) x15 0x0000000080012077 mem 0x0000000080031f50
core   0: 0x000000008000fecc (0x00178713) addi    a4, a5, 1
core   0: 3 0x000000008000fecc (0x00178713) x14 0x0000000080012078
core   0: 0x000000008000fed0 (0xfee43023) sd      a4, -32(s0)
core   0: 3 0x000000008000fed0 (0xfee43023) mem 0x0000000080031f50 0x0000000080012078
core   0: 0x000000008000fed4 (0xfc442703) lw      a4, -60(s0)
core   0: 3 0x000000008000fed4 (0xfc442703) x14 0x0000000000000000 mem 0x0000000080031f34
core   0: 0x000000008000fed8 (0x0ff77713) andi    a4, a4, 255
core   0: 3 0x000000008000fed8 (0x0ff77713) x14 0x0000000000000000
core   0: 0x000000008000fedc (0x00e78023) sb      a4, 0(a5)
core   0: 3 0x000000008000fedc (0x00e78023) mem 0x0000000080012077 0x00
core   0: 0x000000008000fee0 (0xfc843703) ld      a4, -56(s0)
core   0: 3 0x000000008000fee0 (0xfc843703) x14 0x0000000080012040 mem 0x0000000080031f38
core   0: 0x000000008000fee4 (0xfb843783) ld      a5, -72(s0)
core   0: 3 0x000000008000fee4 (0xfb843783) x15 0x000000000000009c mem 0x0000000080031f28
core   0: 0x000000008000fee8 (0x000097ba) c.add   a5, a4
core   0: 3 0x000000008000fee8 (0x97ba) x15 0x00000000800120dc
core   0: 0x000000008000feea (0xfe043703) ld      a4, -32(s0)
core   0: 3 0x000000008000feea (0xfe043703) x14 0x0000000080012078 mem 0x0000000080031f50
core   0: 0x000000008000feee (0xfcf76de3) bltu    a4, a5, pc - 38
core   0: 3 0x000000008000feee (0xfcf76de3)
core   0: 0x000000008000fec8 (0xfe043783) ld      a5, -32(s0)
core   0: 3 0x000000008000fec8 (0xfe043783) x15 0x0000000080012078 mem 0x0000000080031f50
core   0: 0x000000008000fecc (0x00178713) addi    a4, a5, 1
core   0: 3 0x000000008000fecc (0x00178713) x14 0x0000000080012079
core   0: 0x000000008000fed0 (0xfee43023) sd      a4, -32(s0)
core   0: 3 0x000000008000fed0 (0xfee43023) mem 0x0000000080031f50 0x0000000080012079
core   0: 0x000000008000fed4 (0xfc442703) lw      a4, -60(s0)
core   0: 3 0x000000008000fed4 (0xfc442703) x14 0x0000000000000000 mem 0x0000000080031f34
core   0: 0x000000008000fed8 (0x0ff77713) andi    a4, a4, 255
core   0: 3 0x000000008000fed8 (0x0ff77713) x14 0x0000000000000000
core   0: 0x000000008000fedc (0x00e78023) sb      a4, 0(a5)
core   0: 3 0x000000008000fedc (0x00e78023) mem 0x0000000080012078 0x00
core   0: 0x000000008000fee0 (0xfc843703) ld      a4, -56(s0)
core   0: 3 0x000000008000fee0 (0xfc843703) x14 0x0000000080012040 mem 0x0000000080031f38
core   0: 0x000000008000fee4 (0xfb843783) ld      a5, -72(s0)
core   0: 3 0x000000008000fee4 (0xfb843783) x15 0x000000000000009c mem 0x0000000080031f28
core   0: 0x000000008000fee8 (0x000097ba) c.add   a5, a4
core   0: 3 0x000000008000fee8 (0x97ba) x15 0x00000000800120dc
core   0: 0x000000008000feea (0xfe043703) ld      a4, -32(s0)
core   0: 3 0x000000008000feea (0xfe043703) x14 0x0000000080012079 mem 0x0000000080031f50
core   0: 0x000000008000feee (0xfcf76de3) bltu    a4, a5, pc - 38
core   0: 3 0x000000008000feee (0xfcf76de3)
core   0: 0x000000008000fec8 (0xfe043783) ld      a5, -32(s0)
core   0: 3 0x000000008000fec8 (0xfe043783) x15 0x0000000080012079 mem 0x0000000080031f50
core   0: 0x000000008000fecc (0x00178713) addi    a4, a5, 1
core   0: 3 0x000000008000fecc (0x00178713) x14 0x000000008001207a
core   0: 0x000000008000fed0 (0xfee43023) sd      a4, -32(s0)
core   0: 3 0x000000008000fed0 (0xfee43023) mem 0x0000000080031f50 0x000000008001207a
core   0: 0x000000008000fed4 (0xfc442703) lw      a4, -60(s0)
core   0: 3 0x000000008000fed4 (0xfc442703) x14 0x0000000000000000 mem 0x0000000080031f34
core   0: 0x000000008000fed8 (0x0ff77713) andi    a4, a4, 255
core   0: 3 0x000000008000fed8 (0x0ff77713) x14 0x0000000000000000
core   0: 0x000000008000fedc (0x00e78023) sb      a4, 0(a5)
core   0: 3 0x000000008000fedc (0x00e78023) mem 0x0000000080012079 0x00
core   0: 0x000000008000fee0 (0xfc843703) ld      a4, -56(s0)
core   0: 3 0x000000008000fee0 (0xfc843703) x14 0x0000000080012040 mem 0x0000000080031f38
core   0: 0x000000008000fee4 (0xfb843783) ld      a5, -72(s0)
core   0: 3 0x000000008000fee4 (0xfb843783) x15 0x000000000000009c mem 0x0000000080031f28
core   0: 0x000000008000fee8 (0x000097ba) c.add   a5, a4
core   0: 3 0x000000008000fee8 (0x97ba) x15 0x00000000800120dc
core   0: 0x000000008000feea (0xfe043703) ld      a4, -32(s0)
core   0: 3 0x000000008000feea (0xfe043703) x14 0x000000008001207a mem 0x0000000080031f50
core   0: 0x000000008000feee (0xfcf76de3) bltu    a4, a5, pc - 38
core   0: 3 0x000000008000feee (0xfcf76de3)
core   0: 0x000000008000fec8 (0xfe043783) ld      a5, -32(s0)
core   0: 3 0x000000008000fec8 (0xfe043783) x15 0x000000008001207a mem 0x0000000080031f50
core   0: 0x000000008000fecc (0x00178713) addi    a4, a5, 1
core   0: 3 0x000000008000fecc (0x00178713) x14 0x000000008001207b
core   0: 0x000000008000fed0 (0xfee43023) sd      a4, -32(s0)
core   0: 3 0x000000008000fed0 (0xfee43023) mem 0x0000000080031f50 0x000000008001207b
core   0: 0x000000008000fed4 (0xfc442703) lw      a4, -60(s0)
core   0: 3 0x000000008000fed4 (0xfc442703) x14 0x0000000000000000 mem 0x0000000080031f34
core   0: 0x000000008000fed8 (0x0ff77713) andi    a4, a4, 255
core   0: 3 0x000000008000fed8 (0x0ff77713) x14 0x0000000000000000
core   0: 0x000000008000fedc (0x00e78023) sb      a4, 0(a5)
core   0: 3 0x000000008000fedc (0x00e78023) mem 0x000000008001207a 0x00
core   0: 0x000000008000fee0 (0xfc843703) ld      a4, -56(s0)
core   0: 3 0x000000008000fee0 (0xfc843703) x14 0x0000000080012040 mem 0x0000000080031f38
core   0: 0x000000008000fee4 (0xfb843783) ld      a5, -72(s0)
core   0: 3 0x000000008000fee4 (0xfb843783) x15 0x000000000000009c mem 0x0000000080031f28
core   0: 0x000000008000fee8 (0x000097ba) c.add   a5, a4
core   0: 3 0x000000008000fee8 (0x97ba) x15 0x00000000800120dc
core   0: 0x000000008000feea (0xfe043703) ld      a4, -32(s0)
core   0: 3 0x000000008000feea (0xfe043703) x14 0x000000008001207b mem 0x0000000080031f50
core   0: 0x000000008000feee (0xfcf76de3) bltu    a4, a5, pc - 38
core   0: 3 0x000000008000feee (0xfcf76de3)
core   0: 0x000000008000fec8 (0xfe043783) ld      a5, -32(s0)
core   0: 3 0x000000008000fec8 (0xfe043783) x15 0x000000008001207b mem 0x0000000080031f50
core   0: 0x000000008000fecc (0x00178713) addi    a4, a5, 1
core   0: 3 0x000000008000fecc (0x00178713) x14 0x000000008001207c
core   0: 0x000000008000fed0 (0xfee43023) sd      a4, -32(s0)
core   0: 3 0x000000008000fed0 (0xfee43023) mem 0x0000000080031f50 0x000000008001207c
core   0: 0x000000008000fed4 (0xfc442703) lw      a4, -60(s0)
core   0: 3 0x000000008000fed4 (0xfc442703) x14 0x0000000000000000 mem 0x0000000080031f34
core   0: 0x000000008000fed8 (0x0ff77713) andi    a4, a4, 255
core   0: 3 0x000000008000fed8 (0x0ff77713) x14 0x0000000000000000
core   0: 0x000000008000fedc (0x00e78023) sb      a4, 0(a5)
core   0: 3 0x000000008000fedc (0x00e78023) mem 0x000000008001207b 0x00
core   0: 0x000000008000fee0 (0xfc843703) ld      a4, -56(s0)
core   0: 3 0x000000008000fee0 (0xfc843703) x14 0x0000000080012040 mem 0x0000000080031f38
core   0: 0x000000008000fee4 (0xfb843783) ld      a5, -72(s0)
core   0: 3 0x000000008000fee4 (0xfb843783) x15 0x000000000000009c mem 0x0000000080031f28
core   0: 0x000000008000fee8 (0x000097ba) c.add   a5, a4
core   0: 3 0x000000008000fee8 (0x97ba) x15 0x00000000800120dc
core   0: 0x000000008000feea (0xfe043703) ld      a4, -32(s0)
core   0: 3 0x000000008000feea (0xfe043703) x14 0x000000008001207c mem 0x0000000080031f50
core   0: 0x000000008000feee (0xfcf76de3) bltu    a4, a5, pc - 38
core   0: 3 0x000000008000feee (0xfcf76de3)
core   0: 0x000000008000fec8 (0xfe043783) ld      a5, -32(s0)
core   0: 3 0x000000008000fec8 (0xfe043783) x15 0x000000008001207c mem 0x0000000080031f50
core   0: 0x000000008000fecc (0x00178713) addi    a4, a5, 1
core   0: 3 0x000000008000fecc (0x00178713) x14 0x000000008001207d
core   0: 0x000000008000fed0 (0xfee43023) sd      a4, -32(s0)
core   0: 3 0x000000008000fed0 (0xfee43023) mem 0x0000000080031f50 0x000000008001207d
core   0: 0x000000008000fed4 (0xfc442703) lw      a4, -60(s0)
core   0: 3 0x000000008000fed4 (0xfc442703) x14 0x0000000000000000 mem 0x0000000080031f34
core   0: 0x000000008000fed8 (0x0ff77713) andi    a4, a4, 255
core   0: 3 0x000000008000fed8 (0x0ff77713) x14 0x0000000000000000
core   0: 0x000000008000fedc (0x00e78023) sb      a4, 0(a5)
core   0: 3 0x000000008000fedc (0x00e78023) mem 0x000000008001207c 0x00
core   0: 0x000000008000fee0 (0xfc843703) ld      a4, -56(s0)
core   0: 3 0x000000008000fee0 (0xfc843703) x14 0x0000000080012040 mem 0x0000000080031f38
core   0: 0x000000008000fee4 (0xfb843783) ld      a5, -72(s0)
core   0: 3 0x000000008000fee4 (0xfb843783) x15 0x000000000000009c mem 0x0000000080031f28
core   0: 0x000000008000fee8 (0x000097ba) c.add   a5, a4
core   0: 3 0x000000008000fee8 (0x97ba) x15 0x00000000800120dc
core   0: 0x000000008000feea (0xfe043703) ld      a4, -32(s0)
core   0: 3 0x000000008000feea (0xfe043703) x14 0x000000008001207d mem 0x0000000080031f50
core   0: 0x000000008000feee (0xfcf76de3) bltu    a4, a5, pc - 38
core   0: 3 0x000000008000feee (0xfcf76de3)
core   0: 0x000000008000fec8 (0xfe043783) ld      a5, -32(s0)
core   0: 3 0x000000008000fec8 (0xfe043783) x15 0x000000008001207d mem 0x0000000080031f50
core   0: 0x000000008000fecc (0x00178713) addi    a4, a5, 1
core   0: 3 0x000000008000fecc (0x00178713) x14 0x000000008001207e
core   0: 0x000000008000fed0 (0xfee43023) sd      a4, -32(s0)
core   0: 3 0x000000008000fed0 (0xfee43023) mem 0x0000000080031f50 0x000000008001207e
core   0: 0x000000008000fed4 (0xfc442703) lw      a4, -60(s0)
core   0: 3 0x000000008000fed4 (0xfc442703) x14 0x0000000000000000 mem 0x0000000080031f34
core   0: 0x000000008000fed8 (0x0ff77713) andi    a4, a4, 255
core   0: 3 0x000000008000fed8 (0x0ff77713) x14 0x0000000000000000
core   0: 0x000000008000fedc (0x00e78023) sb      a4, 0(a5)
core   0: 3 0x000000008000fedc (0x00e78023) mem 0x000000008001207d 0x00
core   0: 0x000000008000fee0 (0xfc843703) ld      a4, -56(s0)
core   0: 3 0x000000008000fee0 (0xfc843703) x14 0x0000000080012040 mem 0x0000000080031f38
core   0: 0x000000008000fee4 (0xfb843783) ld      a5, -72(s0)
core   0: 3 0x000000008000fee4 (0xfb843783) x15 0x000000000000009c mem 0x0000000080031f28
core   0: 0x000000008000fee8 (0x000097ba) c.add   a5, a4
core   0: 3 0x000000008000fee8 (0x97ba) x15 0x00000000800120dc
core   0: 0x000000008000feea (0xfe043703) ld      a4, -32(s0)
core   0: 3 0x000000008000feea (0xfe043703) x14 0x000000008001207e mem 0x0000000080031f50
core   0: 0x000000008000feee (0xfcf76de3) bltu    a4, a5, pc - 38
core   0: 3 0x000000008000feee (0xfcf76de3)
core   0: 0x000000008000fec8 (0xfe043783) ld      a5, -32(s0)
core   0: 3 0x000000008000fec8 (0xfe043783) x15 0x000000008001207e mem 0x0000000080031f50
core   0: 0x000000008000fecc (0x00178713) addi    a4, a5, 1
core   0: 3 0x000000008000fecc (0x00178713) x14 0x000000008001207f
core   0: 0x000000008000fed0 (0xfee43023) sd      a4, -32(s0)
core   0: 3 0x000000008000fed0 (0xfee43023) mem 0x0000000080031f50 0x000000008001207f
core   0: 0x000000008000fed4 (0xfc442703) lw      a4, -60(s0)
core   0: 3 0x000000008000fed4 (0xfc442703) x14 0x0000000000000000 mem 0x0000000080031f34
core   0: 0x000000008000fed8 (0x0ff77713) andi    a4, a4, 255
core   0: 3 0x000000008000fed8 (0x0ff77713) x14 0x0000000000000000
core   0: 0x000000008000fedc (0x00e78023) sb      a4, 0(a5)
core   0: 3 0x000000008000fedc (0x00e78023) mem 0x000000008001207e 0x00
core   0: 0x000000008000fee0 (0xfc843703) ld      a4, -56(s0)
core   0: 3 0x000000008000fee0 (0xfc843703) x14 0x0000000080012040 mem 0x0000000080031f38
core   0: 0x000000008000fee4 (0xfb843783) ld      a5, -72(s0)
core   0: 3 0x000000008000fee4 (0xfb843783) x15 0x000000000000009c mem 0x0000000080031f28
core   0: 0x000000008000fee8 (0x000097ba) c.add   a5, a4
core   0: 3 0x000000008000fee8 (0x97ba) x15 0x00000000800120dc
core   0: 0x000000008000feea (0xfe043703) ld      a4, -32(s0)
core   0: 3 0x000000008000feea (0xfe043703) x14 0x000000008001207f mem 0x0000000080031f50
core   0: 0x000000008000feee (0xfcf76de3) bltu    a4, a5, pc - 38
core   0: 3 0x000000008000feee (0xfcf76de3)
core   0: 0x000000008000fec8 (0xfe043783) ld      a5, -32(s0)
core   0: 3 0x000000008000fec8 (0xfe043783) x15 0x000000008001207f mem 0x0000000080031f50
core   0: 0x000000008000fecc (0x00178713) addi    a4, a5, 1
core   0: 3 0x000000008000fecc (0x00178713) x14 0x0000000080012080
core   0: 0x000000008000fed0 (0xfee43023) sd      a4, -32(s0)
core   0: 3 0x000000008000fed0 (0xfee43023) mem 0x0000000080031f50 0x0000000080012080
core   0: 0x000000008000fed4 (0xfc442703) lw      a4, -60(s0)
core   0: 3 0x000000008000fed4 (0xfc442703) x14 0x0000000000000000 mem 0x0000000080031f34
core   0: 0x000000008000fed8 (0x0ff77713) andi    a4, a4, 255
core   0: 3 0x000000008000fed8 (0x0ff77713) x14 0x0000000000000000
core   0: 0x000000008000fedc (0x00e78023) sb      a4, 0(a5)
core   0: 3 0x000000008000fedc (0x00e78023) mem 0x000000008001207f 0x00
core   0: 0x000000008000fee0 (0xfc843703) ld      a4, -56(s0)
core   0: 3 0x000000008000fee0 (0xfc843703) x14 0x0000000080012040 mem 0x0000000080031f38
core   0: 0x000000008000fee4 (0xfb843783) ld      a5, -72(s0)
core   0: 3 0x000000008000fee4 (0xfb843783) x15 0x000000000000009c mem 0x0000000080031f28
core   0: 0x000000008000fee8 (0x000097ba) c.add   a5, a4
core   0: 3 0x000000008000fee8 (0x97ba) x15 0x00000000800120dc
core   0: 0x000000008000feea (0xfe043703) ld      a4, -32(s0)
core   0: 3 0x000000008000feea (0xfe043703) x14 0x0000000080012080 mem 0x0000000080031f50
core   0: 0x000000008000feee (0xfcf76de3) bltu    a4, a5, pc - 38
core   0: 3 0x000000008000feee (0xfcf76de3)
core   0: 0x000000008000fec8 (0xfe043783) ld      a5, -32(s0)
core   0: 3 0x000000008000fec8 (0xfe043783) x15 0x0000000080012080 mem 0x0000000080031f50
core   0: 0x000000008000fecc (0x00178713) addi    a4, a5, 1
core   0: 3 0x000000008000fecc (0x00178713) x14 0x0000000080012081
core   0: 0x000000008000fed0 (0xfee43023) sd      a4, -32(s0)
core   0: 3 0x000000008000fed0 (0xfee43023) mem 0x0000000080031f50 0x0000000080012081
core   0: 0x000000008000fed4 (0xfc442703) lw      a4, -60(s0)
core   0: 3 0x000000008000fed4 (0xfc442703) x14 0x0000000000000000 mem 0x0000000080031f34
core   0: 0x000000008000fed8 (0x0ff77713) andi    a4, a4, 255
core   0: 3 0x000000008000fed8 (0x0ff77713) x14 0x0000000000000000
core   0: 0x000000008000fedc (0x00e78023) sb      a4, 0(a5)
core   0: 3 0x000000008000fedc (0x00e78023) mem 0x0000000080012080 0x00
core   0: 0x000000008000fee0 (0xfc843703) ld      a4, -56(s0)
core   0: 3 0x000000008000fee0 (0xfc843703) x14 0x0000000080012040 mem 0x0000000080031f38
core   0: 0x000000008000fee4 (0xfb843783) ld      a5, -72(s0)
core   0: 3 0x000000008000fee4 (0xfb843783) x15 0x000000000000009c mem 0x0000000080031f28
core   0: 0x000000008000fee8 (0x000097ba) c.add   a5, a4
core   0: 3 0x000000008000fee8 (0x97ba) x15 0x00000000800120dc
core   0: 0x000000008000feea (0xfe043703) ld      a4, -32(s0)
core   0: 3 0x000000008000feea (0xfe043703) x14 0x0000000080012081 mem 0x0000000080031f50
core   0: 0x000000008000feee (0xfcf76de3) bltu    a4, a5, pc - 38
core   0: 3 0x000000008000feee (0xfcf76de3)
core   0: 0x000000008000fec8 (0xfe043783) ld      a5, -32(s0)
core   0: 3 0x000000008000fec8 (0xfe043783) x15 0x0000000080012081 mem 0x0000000080031f50
core   0: 0x000000008000fecc (0x00178713) addi    a4, a5, 1
core   0: 3 0x000000008000fecc (0x00178713) x14 0x0000000080012082
core   0: 0x000000008000fed0 (0xfee43023) sd      a4, -32(s0)
core   0: 3 0x000000008000fed0 (0xfee43023) mem 0x0000000080031f50 0x0000000080012082
core   0: 0x000000008000fed4 (0xfc442703) lw      a4, -60(s0)
core   0: 3 0x000000008000fed4 (0xfc442703) x14 0x0000000000000000 mem 0x0000000080031f34
core   0: 0x000000008000fed8 (0x0ff77713) andi    a4, a4, 255
core   0: 3 0x000000008000fed8 (0x0ff77713) x14 0x0000000000000000
core   0: 0x000000008000fedc (0x00e78023) sb      a4, 0(a5)
core   0: 3 0x000000008000fedc (0x00e78023) mem 0x0000000080012081 0x00
core   0: 0x000000008000fee0 (0xfc843703) ld      a4, -56(s0)
core   0: 3 0x000000008000fee0 (0xfc843703) x14 0x0000000080012040 mem 0x0000000080031f38
core   0: 0x000000008000fee4 (0xfb843783) ld      a5, -72(s0)
core   0: 3 0x000000008000fee4 (0xfb843783) x15 0x000000000000009c mem 0x0000000080031f28
core   0: 0x000000008000fee8 (0x000097ba) c.add   a5, a4
core   0: 3 0x000000008000fee8 (0x97ba) x15 0x00000000800120dc
core   0: 0x000000008000feea (0xfe043703) ld      a4, -32(s0)
core   0: 3 0x000000008000feea (0xfe043703) x14 0x0000000080012082 mem 0x0000000080031f50
core   0: 0x000000008000feee (0xfcf76de3) bltu    a4, a5, pc - 38
core   0: 3 0x000000008000feee (0xfcf76de3)
core   0: 0x000000008000fec8 (0xfe043783) ld      a5, -32(s0)
core   0: 3 0x000000008000fec8 (0xfe043783) x15 0x0000000080012082 mem 0x0000000080031f50
core   0: 0x000000008000fecc (0x00178713) addi    a4, a5, 1
core   0: 3 0x000000008000fecc (0x00178713) x14 0x0000000080012083
core   0: 0x000000008000fed0 (0xfee43023) sd      a4, -32(s0)
core   0: 3 0x000000008000fed0 (0xfee43023) mem 0x0000000080031f50 0x0000000080012083
core   0: 0x000000008000fed4 (0xfc442703) lw      a4, -60(s0)
core   0: 3 0x000000008000fed4 (0xfc442703) x14 0x0000000000000000 mem 0x0000000080031f34
core   0: 0x000000008000fed8 (0x0ff77713) andi    a4, a4, 255
core   0: 3 0x000000008000fed8 (0x0ff77713) x14 0x0000000000000000
core   0: 0x000000008000fedc (0x00e78023) sb      a4, 0(a5)
core   0: 3 0x000000008000fedc (0x00e78023) mem 0x0000000080012082 0x00
core   0: 0x000000008000fee0 (0xfc843703) ld      a4, -56(s0)
core   0: 3 0x000000008000fee0 (0xfc843703) x14 0x0000000080012040 mem 0x0000000080031f38
core   0: 0x000000008000fee4 (0xfb843783) ld      a5, -72(s0)
core   0: 3 0x000000008000fee4 (0xfb843783) x15 0x000000000000009c mem 0x0000000080031f28
core   0: 0x000000008000fee8 (0x000097ba) c.add   a5, a4
core   0: 3 0x000000008000fee8 (0x97ba) x15 0x00000000800120dc
core   0: 0x000000008000feea (0xfe043703) ld      a4, -32(s0)
core   0: 3 0x000000008000feea (0xfe043703) x14 0x0000000080012083 mem 0x0000000080031f50
core   0: 0x000000008000feee (0xfcf76de3) bltu    a4, a5, pc - 38
core   0: 3 0x000000008000feee (0xfcf76de3)
core   0: 0x000000008000fec8 (0xfe043783) ld      a5, -32(s0)
core   0: 3 0x000000008000fec8 (0xfe043783) x15 0x0000000080012083 mem 0x0000000080031f50
core   0: 0x000000008000fecc (0x00178713) addi    a4, a5, 1
core   0: 3 0x000000008000fecc (0x00178713) x14 0x0000000080012084
core   0: 0x000000008000fed0 (0xfee43023) sd      a4, -32(s0)
core   0: 3 0x000000008000fed0 (0xfee43023) mem 0x0000000080031f50 0x0000000080012084
core   0: 0x000000008000fed4 (0xfc442703) lw      a4, -60(s0)
core   0: 3 0x000000008000fed4 (0xfc442703) x14 0x0000000000000000 mem 0x0000000080031f34
core   0: 0x000000008000fed8 (0x0ff77713) andi    a4, a4, 255
core   0: 3 0x000000008000fed8 (0x0ff77713) x14 0x0000000000000000
core   0: 0x000000008000fedc (0x00e78023) sb      a4, 0(a5)
core   0: 3 0x000000008000fedc (0x00e78023) mem 0x0000000080012083 0x00
core   0: 0x000000008000fee0 (0xfc843703) ld      a4, -56(s0)
core   0: 3 0x000000008000fee0 (0xfc843703) x14 0x0000000080012040 mem 0x0000000080031f38
core   0: 0x000000008000fee4 (0xfb843783) ld      a5, -72(s0)
core   0: 3 0x000000008000fee4 (0xfb843783) x15 0x000000000000009c mem 0x0000000080031f28
core   0: 0x000000008000fee8 (0x000097ba) c.add   a5, a4
core   0: 3 0x000000008000fee8 (0x97ba) x15 0x00000000800120dc
core   0: 0x000000008000feea (0xfe043703) ld      a4, -32(s0)
core   0: 3 0x000000008000feea (0xfe043703) x14 0x0000000080012084 mem 0x0000000080031f50
core   0: 0x000000008000feee (0xfcf76de3) bltu    a4, a5, pc - 38
core   0: 3 0x000000008000feee (0xfcf76de3)
core   0: 0x000000008000fec8 (0xfe043783) ld      a5, -32(s0)
core   0: 3 0x000000008000fec8 (0xfe043783) x15 0x0000000080012084 mem 0x0000000080031f50
core   0: 0x000000008000fecc (0x00178713) addi    a4, a5, 1
core   0: 3 0x000000008000fecc (0x00178713) x14 0x0000000080012085
core   0: 0x000000008000fed0 (0xfee43023) sd      a4, -32(s0)
core   0: 3 0x000000008000fed0 (0xfee43023) mem 0x0000000080031f50 0x0000000080012085
core   0: 0x000000008000fed4 (0xfc442703) lw      a4, -60(s0)
core   0: 3 0x000000008000fed4 (0xfc442703) x14 0x0000000000000000 mem 0x0000000080031f34
core   0: 0x000000008000fed8 (0x0ff77713) andi    a4, a4, 255
core   0: 3 0x000000008000fed8 (0x0ff77713) x14 0x0000000000000000
core   0: 0x000000008000fedc (0x00e78023) sb      a4, 0(a5)
core   0: 3 0x000000008000fedc (0x00e78023) mem 0x0000000080012084 0x00
core   0: 0x000000008000fee0 (0xfc843703) ld      a4, -56(s0)
core   0: 3 0x000000008000fee0 (0xfc843703) x14 0x0000000080012040 mem 0x0000000080031f38
core   0: 0x000000008000fee4 (0xfb843783) ld      a5, -72(s0)
core   0: 3 0x000000008000fee4 (0xfb843783) x15 0x000000000000009c mem 0x0000000080031f28
core   0: 0x000000008000fee8 (0x000097ba) c.add   a5, a4
core   0: 3 0x000000008000fee8 (0x97ba) x15 0x00000000800120dc
core   0: 0x000000008000feea (0xfe043703) ld      a4, -32(s0)
core   0: 3 0x000000008000feea (0xfe043703) x14 0x0000000080012085 mem 0x0000000080031f50
core   0: 0x000000008000feee (0xfcf76de3) bltu    a4, a5, pc - 38
core   0: 3 0x000000008000feee (0xfcf76de3)
core   0: 0x000000008000fec8 (0xfe043783) ld      a5, -32(s0)
core   0: 3 0x000000008000fec8 (0xfe043783) x15 0x0000000080012085 mem 0x0000000080031f50
core   0: 0x000000008000fecc (0x00178713) addi    a4, a5, 1
core   0: 3 0x000000008000fecc (0x00178713) x14 0x0000000080012086
core   0: 0x000000008000fed0 (0xfee43023) sd      a4, -32(s0)
core   0: 3 0x000000008000fed0 (0xfee43023) mem 0x0000000080031f50 0x0000000080012086
core   0: 0x000000008000fed4 (0xfc442703) lw      a4, -60(s0)
core   0: 3 0x000000008000fed4 (0xfc442703) x14 0x0000000000000000 mem 0x0000000080031f34
core   0: 0x000000008000fed8 (0x0ff77713) andi    a4, a4, 255
core   0: 3 0x000000008000fed8 (0x0ff77713) x14 0x0000000000000000
core   0: 0x000000008000fedc (0x00e78023) sb      a4, 0(a5)
core   0: 3 0x000000008000fedc (0x00e78023) mem 0x0000000080012085 0x00
core   0: 0x000000008000fee0 (0xfc843703) ld      a4, -56(s0)
core   0: 3 0x000000008000fee0 (0xfc843703) x14 0x0000000080012040 mem 0x0000000080031f38
core   0: 0x000000008000fee4 (0xfb843783) ld      a5, -72(s0)
core   0: 3 0x000000008000fee4 (0xfb843783) x15 0x000000000000009c mem 0x0000000080031f28
core   0: 0x000000008000fee8 (0x000097ba) c.add   a5, a4
core   0: 3 0x000000008000fee8 (0x97ba) x15 0x00000000800120dc
core   0: 0x000000008000feea (0xfe043703) ld      a4, -32(s0)
core   0: 3 0x000000008000feea (0xfe043703) x14 0x0000000080012086 mem 0x0000000080031f50
core   0: 0x000000008000feee (0xfcf76de3) bltu    a4, a5, pc - 38
core   0: 3 0x000000008000feee (0xfcf76de3)
core   0: 0x000000008000fec8 (0xfe043783) ld      a5, -32(s0)
core   0: 3 0x000000008000fec8 (0xfe043783) x15 0x0000000080012086 mem 0x0000000080031f50
core   0: 0x000000008000fecc (0x00178713) addi    a4, a5, 1
core   0: 3 0x000000008000fecc (0x00178713) x14 0x0000000080012087
core   0: 0x000000008000fed0 (0xfee43023) sd      a4, -32(s0)
core   0: 3 0x000000008000fed0 (0xfee43023) mem 0x0000000080031f50 0x0000000080012087
core   0: 0x000000008000fed4 (0xfc442703) lw      a4, -60(s0)
core   0: 3 0x000000008000fed4 (0xfc442703) x14 0x0000000000000000 mem 0x0000000080031f34
core   0: 0x000000008000fed8 (0x0ff77713) andi    a4, a4, 255
core   0: 3 0x000000008000fed8 (0x0ff77713) x14 0x0000000000000000
core   0: 0x000000008000fedc (0x00e78023) sb      a4, 0(a5)
core   0: 3 0x000000008000fedc (0x00e78023) mem 0x0000000080012086 0x00
core   0: 0x000000008000fee0 (0xfc843703) ld      a4, -56(s0)
core   0: 3 0x000000008000fee0 (0xfc843703) x14 0x0000000080012040 mem 0x0000000080031f38
core   0: 0x000000008000fee4 (0xfb843783) ld      a5, -72(s0)
core   0: 3 0x000000008000fee4 (0xfb843783) x15 0x000000000000009c mem 0x0000000080031f28
core   0: 0x000000008000fee8 (0x000097ba) c.add   a5, a4
core   0: 3 0x000000008000fee8 (0x97ba) x15 0x00000000800120dc
core   0: 0x000000008000feea (0xfe043703) ld      a4, -32(s0)
core   0: 3 0x000000008000feea (0xfe043703) x14 0x0000000080012087 mem 0x0000000080031f50
core   0: 0x000000008000feee (0xfcf76de3) bltu    a4, a5, pc - 38
core   0: 3 0x000000008000feee (0xfcf76de3)
core   0: 0x000000008000fec8 (0xfe043783) ld      a5, -32(s0)
core   0: 3 0x000000008000fec8 (0xfe043783) x15 0x0000000080012087 mem 0x0000000080031f50
core   0: 0x000000008000fecc (0x00178713) addi    a4, a5, 1
core   0: 3 0x000000008000fecc (0x00178713) x14 0x0000000080012088
core   0: 0x000000008000fed0 (0xfee43023) sd      a4, -32(s0)
core   0: 3 0x000000008000fed0 (0xfee43023) mem 0x0000000080031f50 0x0000000080012088
core   0: 0x000000008000fed4 (0xfc442703) lw      a4, -60(s0)
core   0: 3 0x000000008000fed4 (0xfc442703) x14 0x0000000000000000 mem 0x0000000080031f34
core   0: 0x000000008000fed8 (0x0ff77713) andi    a4, a4, 255
core   0: 3 0x000000008000fed8 (0x0ff77713) x14 0x0000000000000000
core   0: 0x000000008000fedc (0x00e78023) sb      a4, 0(a5)
core   0: 3 0x000000008000fedc (0x00e78023) mem 0x0000000080012087 0x00
core   0: 0x000000008000fee0 (0xfc843703) ld      a4, -56(s0)
core   0: 3 0x000000008000fee0 (0xfc843703) x14 0x0000000080012040 mem 0x0000000080031f38
core   0: 0x000000008000fee4 (0xfb843783) ld      a5, -72(s0)
core   0: 3 0x000000008000fee4 (0xfb843783) x15 0x000000000000009c mem 0x0000000080031f28
core   0: 0x000000008000fee8 (0x000097ba) c.add   a5, a4
core   0: 3 0x000000008000fee8 (0x97ba) x15 0x00000000800120dc
core   0: 0x000000008000feea (0xfe043703) ld      a4, -32(s0)
core   0: 3 0x000000008000feea (0xfe043703) x14 0x0000000080012088 mem 0x0000000080031f50
core   0: 0x000000008000feee (0xfcf76de3) bltu    a4, a5, pc - 38
core   0: 3 0x000000008000feee (0xfcf76de3)
core   0: 0x000000008000fec8 (0xfe043783) ld      a5, -32(s0)
core   0: 3 0x000000008000fec8 (0xfe043783) x15 0x0000000080012088 mem 0x0000000080031f50
core   0: 0x000000008000fecc (0x00178713) addi    a4, a5, 1
core   0: 3 0x000000008000fecc (0x00178713) x14 0x0000000080012089
core   0: 0x000000008000fed0 (0xfee43023) sd      a4, -32(s0)
core   0: 3 0x000000008000fed0 (0xfee43023) mem 0x0000000080031f50 0x0000000080012089
core   0: 0x000000008000fed4 (0xfc442703) lw      a4, -60(s0)
core   0: 3 0x000000008000fed4 (0xfc442703) x14 0x0000000000000000 mem 0x0000000080031f34
core   0: 0x000000008000fed8 (0x0ff77713) andi    a4, a4, 255
core   0: 3 0x000000008000fed8 (0x0ff77713) x14 0x0000000000000000
core   0: 0x000000008000fedc (0x00e78023) sb      a4, 0(a5)
core   0: 3 0x000000008000fedc (0x00e78023) mem 0x0000000080012088 0x00
core   0: 0x000000008000fee0 (0xfc843703) ld      a4, -56(s0)
core   0: 3 0x000000008000fee0 (0xfc843703) x14 0x0000000080012040 mem 0x0000000080031f38
core   0: 0x000000008000fee4 (0xfb843783) ld      a5, -72(s0)
core   0: 3 0x000000008000fee4 (0xfb843783) x15 0x000000000000009c mem 0x0000000080031f28
core   0: 0x000000008000fee8 (0x000097ba) c.add   a5, a4
core   0: 3 0x000000008000fee8 (0x97ba) x15 0x00000000800120dc
core   0: 0x000000008000feea (0xfe043703) ld      a4, -32(s0)
core   0: 3 0x000000008000feea (0xfe043703) x14 0x0000000080012089 mem 0x0000000080031f50
core   0: 0x000000008000feee (0xfcf76de3) bltu    a4, a5, pc - 38
core   0: 3 0x000000008000feee (0xfcf76de3)
core   0: 0x000000008000fec8 (0xfe043783) ld      a5, -32(s0)
core   0: 3 0x000000008000fec8 (0xfe043783) x15 0x0000000080012089 mem 0x0000000080031f50
core   0: 0x000000008000fecc (0x00178713) addi    a4, a5, 1
core   0: 3 0x000000008000fecc (0x00178713) x14 0x000000008001208a
core   0: 0x000000008000fed0 (0xfee43023) sd      a4, -32(s0)
core   0: 3 0x000000008000fed0 (0xfee43023) mem 0x0000000080031f50 0x000000008001208a
core   0: 0x000000008000fed4 (0xfc442703) lw      a4, -60(s0)
core   0: 3 0x000000008000fed4 (0xfc442703) x14 0x0000000000000000 mem 0x0000000080031f34
core   0: 0x000000008000fed8 (0x0ff77713) andi    a4, a4, 255
core   0: 3 0x000000008000fed8 (0x0ff77713) x14 0x0000000000000000
core   0: 0x000000008000fedc (0x00e78023) sb      a4, 0(a5)
core   0: 3 0x000000008000fedc (0x00e78023) mem 0x0000000080012089 0x00
core   0: 0x000000008000fee0 (0xfc843703) ld      a4, -56(s0)
core   0: 3 0x000000008000fee0 (0xfc843703) x14 0x0000000080012040 mem 0x0000000080031f38
core   0: 0x000000008000fee4 (0xfb843783) ld      a5, -72(s0)
core   0: 3 0x000000008000fee4 (0xfb843783) x15 0x000000000000009c mem 0x0000000080031f28
core   0: 0x000000008000fee8 (0x000097ba) c.add   a5, a4
core   0: 3 0x000000008000fee8 (0x97ba) x15 0x00000000800120dc
core   0: 0x000000008000feea (0xfe043703) ld      a4, -32(s0)
core   0: 3 0x000000008000feea (0xfe043703) x14 0x000000008001208a mem 0x0000000080031f50
core   0: 0x000000008000feee (0xfcf76de3) bltu    a4, a5, pc - 38
core   0: 3 0x000000008000feee (0xfcf76de3)
core   0: 0x000000008000fec8 (0xfe043783) ld      a5, -32(s0)
core   0: 3 0x000000008000fec8 (0xfe043783) x15 0x000000008001208a mem 0x0000000080031f50
core   0: 0x000000008000fecc (0x00178713) addi    a4, a5, 1
core   0: 3 0x000000008000fecc (0x00178713) x14 0x000000008001208b
core   0: 0x000000008000fed0 (0xfee43023) sd      a4, -32(s0)
core   0: 3 0x000000008000fed0 (0xfee43023) mem 0x0000000080031f50 0x000000008001208b
core   0: 0x000000008000fed4 (0xfc442703) lw      a4, -60(s0)
core   0: 3 0x000000008000fed4 (0xfc442703) x14 0x0000000000000000 mem 0x0000000080031f34
core   0: 0x000000008000fed8 (0x0ff77713) andi    a4, a4, 255
core   0: 3 0x000000008000fed8 (0x0ff77713) x14 0x0000000000000000
core   0: 0x000000008000fedc (0x00e78023) sb      a4, 0(a5)
core   0: 3 0x000000008000fedc (0x00e78023) mem 0x000000008001208a 0x00
core   0: 0x000000008000fee0 (0xfc843703) ld      a4, -56(s0)
core   0: 3 0x000000008000fee0 (0xfc843703) x14 0x0000000080012040 mem 0x0000000080031f38
core   0: 0x000000008000fee4 (0xfb843783) ld      a5, -72(s0)
core   0: 3 0x000000008000fee4 (0xfb843783) x15 0x000000000000009c mem 0x0000000080031f28
core   0: 0x000000008000fee8 (0x000097ba) c.add   a5, a4
core   0: 3 0x000000008000fee8 (0x97ba) x15 0x00000000800120dc
core   0: 0x000000008000feea (0xfe043703) ld      a4, -32(s0)
core   0: 3 0x000000008000feea (0xfe043703) x14 0x000000008001208b mem 0x0000000080031f50
core   0: 0x000000008000feee (0xfcf76de3) bltu    a4, a5, pc - 38
core   0: 3 0x000000008000feee (0xfcf76de3)
core   0: 0x000000008000fec8 (0xfe043783) ld      a5, -32(s0)
core   0: 3 0x000000008000fec8 (0xfe043783) x15 0x000000008001208b mem 0x0000000080031f50
core   0: 0x000000008000fecc (0x00178713) addi    a4, a5, 1
core   0: 3 0x000000008000fecc (0x00178713) x14 0x000000008001208c
core   0: 0x000000008000fed0 (0xfee43023) sd      a4, -32(s0)
core   0: 3 0x000000008000fed0 (0xfee43023) mem 0x0000000080031f50 0x000000008001208c
core   0: 0x000000008000fed4 (0xfc442703) lw      a4, -60(s0)
core   0: 3 0x000000008000fed4 (0xfc442703) x14 0x0000000000000000 mem 0x0000000080031f34
core   0: 0x000000008000fed8 (0x0ff77713) andi    a4, a4, 255
core   0: 3 0x000000008000fed8 (0x0ff77713) x14 0x0000000000000000
core   0: 0x000000008000fedc (0x00e78023) sb      a4, 0(a5)
core   0: 3 0x000000008000fedc (0x00e78023) mem 0x000000008001208b 0x00
core   0: 0x000000008000fee0 (0xfc843703) ld      a4, -56(s0)
core   0: 3 0x000000008000fee0 (0xfc843703) x14 0x0000000080012040 mem 0x0000000080031f38
core   0: 0x000000008000fee4 (0xfb843783) ld      a5, -72(s0)
core   0: 3 0x000000008000fee4 (0xfb843783) x15 0x000000000000009c mem 0x0000000080031f28
core   0: 0x000000008000fee8 (0x000097ba) c.add   a5, a4
core   0: 3 0x000000008000fee8 (0x97ba) x15 0x00000000800120dc
core   0: 0x000000008000feea (0xfe043703) ld      a4, -32(s0)
core   0: 3 0x000000008000feea (0xfe043703) x14 0x000000008001208c mem 0x0000000080031f50
core   0: 0x000000008000feee (0xfcf76de3) bltu    a4, a5, pc - 38
core   0: 3 0x000000008000feee (0xfcf76de3)
core   0: 0x000000008000fec8 (0xfe043783) ld      a5, -32(s0)
core   0: 3 0x000000008000fec8 (0xfe043783) x15 0x000000008001208c mem 0x0000000080031f50
core   0: 0x000000008000fecc (0x00178713) addi    a4, a5, 1
core   0: 3 0x000000008000fecc (0x00178713) x14 0x000000008001208d
core   0: 0x000000008000fed0 (0xfee43023) sd      a4, -32(s0)
core   0: 3 0x000000008000fed0 (0xfee43023) mem 0x0000000080031f50 0x000000008001208d
core   0: 0x000000008000fed4 (0xfc442703) lw      a4, -60(s0)
core   0: 3 0x000000008000fed4 (0xfc442703) x14 0x0000000000000000 mem 0x0000000080031f34
core   0: 0x000000008000fed8 (0x0ff77713) andi    a4, a4, 255
core   0: 3 0x000000008000fed8 (0x0ff77713) x14 0x0000000000000000
core   0: 0x000000008000fedc (0x00e78023) sb      a4, 0(a5)
core   0: 3 0x000000008000fedc (0x00e78023) mem 0x000000008001208c 0x00
core   0: 0x000000008000fee0 (0xfc843703) ld      a4, -56(s0)
core   0: 3 0x000000008000fee0 (0xfc843703) x14 0x0000000080012040 mem 0x0000000080031f38
core   0: 0x000000008000fee4 (0xfb843783) ld      a5, -72(s0)
core   0: 3 0x000000008000fee4 (0xfb843783) x15 0x000000000000009c mem 0x0000000080031f28
core   0: 0x000000008000fee8 (0x000097ba) c.add   a5, a4
core   0: 3 0x000000008000fee8 (0x97ba) x15 0x00000000800120dc
core   0: 0x000000008000feea (0xfe043703) ld      a4, -32(s0)
core   0: 3 0x000000008000feea (0xfe043703) x14 0x000000008001208d mem 0x0000000080031f50
core   0: 0x000000008000feee (0xfcf76de3) bltu    a4, a5, pc - 38
core   0: 3 0x000000008000feee (0xfcf76de3)
core   0: 0x000000008000fec8 (0xfe043783) ld      a5, -32(s0)
core   0: 3 0x000000008000fec8 (0xfe043783) x15 0x000000008001208d mem 0x0000000080031f50
core   0: 0x000000008000fecc (0x00178713) addi    a4, a5, 1
core   0: 3 0x000000008000fecc (0x00178713) x14 0x000000008001208e
core   0: 0x000000008000fed0 (0xfee43023) sd      a4, -32(s0)
core   0: 3 0x000000008000fed0 (0xfee43023) mem 0x0000000080031f50 0x000000008001208e
core   0: 0x000000008000fed4 (0xfc442703) lw      a4, -60(s0)
core   0: 3 0x000000008000fed4 (0xfc442703) x14 0x0000000000000000 mem 0x0000000080031f34
core   0: 0x000000008000fed8 (0x0ff77713) andi    a4, a4, 255
core   0: 3 0x000000008000fed8 (0x0ff77713) x14 0x0000000000000000
core   0: 0x000000008000fedc (0x00e78023) sb      a4, 0(a5)
core   0: 3 0x000000008000fedc (0x00e78023) mem 0x000000008001208d 0x00
core   0: 0x000000008000fee0 (0xfc843703) ld      a4, -56(s0)
core   0: 3 0x000000008000fee0 (0xfc843703) x14 0x0000000080012040 mem 0x0000000080031f38
core   0: 0x000000008000fee4 (0xfb843783) ld      a5, -72(s0)
core   0: 3 0x000000008000fee4 (0xfb843783) x15 0x000000000000009c mem 0x0000000080031f28
core   0: 0x000000008000fee8 (0x000097ba) c.add   a5, a4
core   0: 3 0x000000008000fee8 (0x97ba) x15 0x00000000800120dc
core   0: 0x000000008000feea (0xfe043703) ld      a4, -32(s0)
core   0: 3 0x000000008000feea (0xfe043703) x14 0x000000008001208e mem 0x0000000080031f50
core   0: 0x000000008000feee (0xfcf76de3) bltu    a4, a5, pc - 38
core   0: 3 0x000000008000feee (0xfcf76de3)
core   0: 0x000000008000fec8 (0xfe043783) ld      a5, -32(s0)
core   0: 3 0x000000008000fec8 (0xfe043783) x15 0x000000008001208e mem 0x0000000080031f50
core   0: 0x000000008000fecc (0x00178713) addi    a4, a5, 1
core   0: 3 0x000000008000fecc (0x00178713) x14 0x000000008001208f
core   0: 0x000000008000fed0 (0xfee43023) sd      a4, -32(s0)
core   0: 3 0x000000008000fed0 (0xfee43023) mem 0x0000000080031f50 0x000000008001208f
core   0: 0x000000008000fed4 (0xfc442703) lw      a4, -60(s0)
core   0: 3 0x000000008000fed4 (0xfc442703) x14 0x0000000000000000 mem 0x0000000080031f34
core   0: 0x000000008000fed8 (0x0ff77713) andi    a4, a4, 255
core   0: 3 0x000000008000fed8 (0x0ff77713) x14 0x0000000000000000
core   0: 0x000000008000fedc (0x00e78023) sb      a4, 0(a5)
core   0: 3 0x000000008000fedc (0x00e78023) mem 0x000000008001208e 0x00
core   0: 0x000000008000fee0 (0xfc843703) ld      a4, -56(s0)
core   0: 3 0x000000008000fee0 (0xfc843703) x14 0x0000000080012040 mem 0x0000000080031f38
core   0: 0x000000008000fee4 (0xfb843783) ld      a5, -72(s0)
core   0: 3 0x000000008000fee4 (0xfb843783) x15 0x000000000000009c mem 0x0000000080031f28
core   0: 0x000000008000fee8 (0x000097ba) c.add   a5, a4
core   0: 3 0x000000008000fee8 (0x97ba) x15 0x00000000800120dc
core   0: 0x000000008000feea (0xfe043703) ld      a4, -32(s0)
core   0: 3 0x000000008000feea (0xfe043703) x14 0x000000008001208f mem 0x0000000080031f50
core   0: 0x000000008000feee (0xfcf76de3) bltu    a4, a5, pc - 38
core   0: 3 0x000000008000feee (0xfcf76de3)
core   0: 0x000000008000fec8 (0xfe043783) ld      a5, -32(s0)
core   0: 3 0x000000008000fec8 (0xfe043783) x15 0x000000008001208f mem 0x0000000080031f50
core   0: 0x000000008000fecc (0x00178713) addi    a4, a5, 1
core   0: 3 0x000000008000fecc (0x00178713) x14 0x0000000080012090
core   0: 0x000000008000fed0 (0xfee43023) sd      a4, -32(s0)
core   0: 3 0x000000008000fed0 (0xfee43023) mem 0x0000000080031f50 0x0000000080012090
core   0: 0x000000008000fed4 (0xfc442703) lw      a4, -60(s0)
core   0: 3 0x000000008000fed4 (0xfc442703) x14 0x0000000000000000 mem 0x0000000080031f34
core   0: 0x000000008000fed8 (0x0ff77713) andi    a4, a4, 255
core   0: 3 0x000000008000fed8 (0x0ff77713) x14 0x0000000000000000
core   0: 0x000000008000fedc (0x00e78023) sb      a4, 0(a5)
core   0: 3 0x000000008000fedc (0x00e78023) mem 0x000000008001208f 0x00
core   0: 0x000000008000fee0 (0xfc843703) ld      a4, -56(s0)
core   0: 3 0x000000008000fee0 (0xfc843703) x14 0x0000000080012040 mem 0x0000000080031f38
core   0: 0x000000008000fee4 (0xfb843783) ld      a5, -72(s0)
core   0: 3 0x000000008000fee4 (0xfb843783) x15 0x000000000000009c mem 0x0000000080031f28
core   0: 0x000000008000fee8 (0x000097ba) c.add   a5, a4
core   0: 3 0x000000008000fee8 (0x97ba) x15 0x00000000800120dc
core   0: 0x000000008000feea (0xfe043703) ld      a4, -32(s0)
core   0: 3 0x000000008000feea (0xfe043703) x14 0x0000000080012090 mem 0x0000000080031f50
core   0: 0x000000008000feee (0xfcf76de3) bltu    a4, a5, pc - 38
core   0: 3 0x000000008000feee (0xfcf76de3)
core   0: 0x000000008000fec8 (0xfe043783) ld      a5, -32(s0)
core   0: 3 0x000000008000fec8 (0xfe043783) x15 0x0000000080012090 mem 0x0000000080031f50
core   0: 0x000000008000fecc (0x00178713) addi    a4, a5, 1
core   0: 3 0x000000008000fecc (0x00178713) x14 0x0000000080012091
core   0: 0x000000008000fed0 (0xfee43023) sd      a4, -32(s0)
core   0: 3 0x000000008000fed0 (0xfee43023) mem 0x0000000080031f50 0x0000000080012091
core   0: 0x000000008000fed4 (0xfc442703) lw      a4, -60(s0)
core   0: 3 0x000000008000fed4 (0xfc442703) x14 0x0000000000000000 mem 0x0000000080031f34
core   0: 0x000000008000fed8 (0x0ff77713) andi    a4, a4, 255
core   0: 3 0x000000008000fed8 (0x0ff77713) x14 0x0000000000000000
core   0: 0x000000008000fedc (0x00e78023) sb      a4, 0(a5)
core   0: 3 0x000000008000fedc (0x00e78023) mem 0x0000000080012090 0x00
core   0: 0x000000008000fee0 (0xfc843703) ld      a4, -56(s0)
core   0: 3 0x000000008000fee0 (0xfc843703) x14 0x0000000080012040 mem 0x0000000080031f38
core   0: 0x000000008000fee4 (0xfb843783) ld      a5, -72(s0)
core   0: 3 0x000000008000fee4 (0xfb843783) x15 0x000000000000009c mem 0x0000000080031f28
core   0: 0x000000008000fee8 (0x000097ba) c.add   a5, a4
core   0: 3 0x000000008000fee8 (0x97ba) x15 0x00000000800120dc
core   0: 0x000000008000feea (0xfe043703) ld      a4, -32(s0)
core   0: 3 0x000000008000feea (0xfe043703) x14 0x0000000080012091 mem 0x0000000080031f50
core   0: 0x000000008000feee (0xfcf76de3) bltu    a4, a5, pc - 38
core   0: 3 0x000000008000feee (0xfcf76de3)
core   0: 0x000000008000fec8 (0xfe043783) ld      a5, -32(s0)
core   0: 3 0x000000008000fec8 (0xfe043783) x15 0x0000000080012091 mem 0x0000000080031f50
core   0: 0x000000008000fecc (0x00178713) addi    a4, a5, 1
core   0: 3 0x000000008000fecc (0x00178713) x14 0x0000000080012092
core   0: 0x000000008000fed0 (0xfee43023) sd      a4, -32(s0)
core   0: 3 0x000000008000fed0 (0xfee43023) mem 0x0000000080031f50 0x0000000080012092
core   0: 0x000000008000fed4 (0xfc442703) lw      a4, -60(s0)
core   0: 3 0x000000008000fed4 (0xfc442703) x14 0x0000000000000000 mem 0x0000000080031f34
core   0: 0x000000008000fed8 (0x0ff77713) andi    a4, a4, 255
core   0: 3 0x000000008000fed8 (0x0ff77713) x14 0x0000000000000000
core   0: 0x000000008000fedc (0x00e78023) sb      a4, 0(a5)
core   0: 3 0x000000008000fedc (0x00e78023) mem 0x0000000080012091 0x00
core   0: 0x000000008000fee0 (0xfc843703) ld      a4, -56(s0)
core   0: 3 0x000000008000fee0 (0xfc843703) x14 0x0000000080012040 mem 0x0000000080031f38
core   0: 0x000000008000fee4 (0xfb843783) ld      a5, -72(s0)
core   0: 3 0x000000008000fee4 (0xfb843783) x15 0x000000000000009c mem 0x0000000080031f28
core   0: 0x000000008000fee8 (0x000097ba) c.add   a5, a4
core   0: 3 0x000000008000fee8 (0x97ba) x15 0x00000000800120dc
core   0: 0x000000008000feea (0xfe043703) ld      a4, -32(s0)
core   0: 3 0x000000008000feea (0xfe043703) x14 0x0000000080012092 mem 0x0000000080031f50
core   0: 0x000000008000feee (0xfcf76de3) bltu    a4, a5, pc - 38
core   0: 3 0x000000008000feee (0xfcf76de3)
core   0: 0x000000008000fec8 (0xfe043783) ld      a5, -32(s0)
core   0: 3 0x000000008000fec8 (0xfe043783) x15 0x0000000080012092 mem 0x0000000080031f50
core   0: 0x000000008000fecc (0x00178713) addi    a4, a5, 1
core   0: 3 0x000000008000fecc (0x00178713) x14 0x0000000080012093
core   0: 0x000000008000fed0 (0xfee43023) sd      a4, -32(s0)
core   0: 3 0x000000008000fed0 (0xfee43023) mem 0x0000000080031f50 0x0000000080012093
core   0: 0x000000008000fed4 (0xfc442703) lw      a4, -60(s0)
core   0: 3 0x000000008000fed4 (0xfc442703) x14 0x0000000000000000 mem 0x0000000080031f34
core   0: 0x000000008000fed8 (0x0ff77713) andi    a4, a4, 255
core   0: 3 0x000000008000fed8 (0x0ff77713) x14 0x0000000000000000
core   0: 0x000000008000fedc (0x00e78023) sb      a4, 0(a5)
core   0: 3 0x000000008000fedc (0x00e78023) mem 0x0000000080012092 0x00
core   0: 0x000000008000fee0 (0xfc843703) ld      a4, -56(s0)
core   0: 3 0x000000008000fee0 (0xfc843703) x14 0x0000000080012040 mem 0x0000000080031f38
core   0: 0x000000008000fee4 (0xfb843783) ld      a5, -72(s0)
core   0: 3 0x000000008000fee4 (0xfb843783) x15 0x000000000000009c mem 0x0000000080031f28
core   0: 0x000000008000fee8 (0x000097ba) c.add   a5, a4
core   0: 3 0x000000008000fee8 (0x97ba) x15 0x00000000800120dc
core   0: 0x000000008000feea (0xfe043703) ld      a4, -32(s0)
core   0: 3 0x000000008000feea (0xfe043703) x14 0x0000000080012093 mem 0x0000000080031f50
core   0: 0x000000008000feee (0xfcf76de3) bltu    a4, a5, pc - 38
core   0: 3 0x000000008000feee (0xfcf76de3)
core   0: 0x000000008000fec8 (0xfe043783) ld      a5, -32(s0)
core   0: 3 0x000000008000fec8 (0xfe043783) x15 0x0000000080012093 mem 0x0000000080031f50
core   0: 0x000000008000fecc (0x00178713) addi    a4, a5, 1
core   0: 3 0x000000008000fecc (0x00178713) x14 0x0000000080012094
core   0: 0x000000008000fed0 (0xfee43023) sd      a4, -32(s0)
core   0: 3 0x000000008000fed0 (0xfee43023) mem 0x0000000080031f50 0x0000000080012094
core   0: 0x000000008000fed4 (0xfc442703) lw      a4, -60(s0)
core   0: 3 0x000000008000fed4 (0xfc442703) x14 0x0000000000000000 mem 0x0000000080031f34
core   0: 0x000000008000fed8 (0x0ff77713) andi    a4, a4, 255
core   0: 3 0x000000008000fed8 (0x0ff77713) x14 0x0000000000000000
core   0: 0x000000008000fedc (0x00e78023) sb      a4, 0(a5)
core   0: 3 0x000000008000fedc (0x00e78023) mem 0x0000000080012093 0x00
core   0: 0x000000008000fee0 (0xfc843703) ld      a4, -56(s0)
core   0: 3 0x000000008000fee0 (0xfc843703) x14 0x0000000080012040 mem 0x0000000080031f38
core   0: 0x000000008000fee4 (0xfb843783) ld      a5, -72(s0)
core   0: 3 0x000000008000fee4 (0xfb843783) x15 0x000000000000009c mem 0x0000000080031f28
core   0: 0x000000008000fee8 (0x000097ba) c.add   a5, a4
core   0: 3 0x000000008000fee8 (0x97ba) x15 0x00000000800120dc
core   0: 0x000000008000feea (0xfe043703) ld      a4, -32(s0)
core   0: 3 0x000000008000feea (0xfe043703) x14 0x0000000080012094 mem 0x0000000080031f50
core   0: 0x000000008000feee (0xfcf76de3) bltu    a4, a5, pc - 38
core   0: 3 0x000000008000feee (0xfcf76de3)
core   0: 0x000000008000fec8 (0xfe043783) ld      a5, -32(s0)
core   0: 3 0x000000008000fec8 (0xfe043783) x15 0x0000000080012094 mem 0x0000000080031f50
core   0: 0x000000008000fecc (0x00178713) addi    a4, a5, 1
core   0: 3 0x000000008000fecc (0x00178713) x14 0x0000000080012095
core   0: 0x000000008000fed0 (0xfee43023) sd      a4, -32(s0)
core   0: 3 0x000000008000fed0 (0xfee43023) mem 0x0000000080031f50 0x0000000080012095
core   0: 0x000000008000fed4 (0xfc442703) lw      a4, -60(s0)
core   0: 3 0x000000008000fed4 (0xfc442703) x14 0x0000000000000000 mem 0x0000000080031f34
core   0: 0x000000008000fed8 (0x0ff77713) andi    a4, a4, 255
core   0: 3 0x000000008000fed8 (0x0ff77713) x14 0x0000000000000000
core   0: 0x000000008000fedc (0x00e78023) sb      a4, 0(a5)
core   0: 3 0x000000008000fedc (0x00e78023) mem 0x0000000080012094 0x00
core   0: 0x000000008000fee0 (0xfc843703) ld      a4, -56(s0)
core   0: 3 0x000000008000fee0 (0xfc843703) x14 0x0000000080012040 mem 0x0000000080031f38
core   0: 0x000000008000fee4 (0xfb843783) ld      a5, -72(s0)
core   0: 3 0x000000008000fee4 (0xfb843783) x15 0x000000000000009c mem 0x0000000080031f28
core   0: 0x000000008000fee8 (0x000097ba) c.add   a5, a4
core   0: 3 0x000000008000fee8 (0x97ba) x15 0x00000000800120dc
core   0: 0x000000008000feea (0xfe043703) ld      a4, -32(s0)
core   0: 3 0x000000008000feea (0xfe043703) x14 0x0000000080012095 mem 0x0000000080031f50
core   0: 0x000000008000feee (0xfcf76de3) bltu    a4, a5, pc - 38
core   0: 3 0x000000008000feee (0xfcf76de3)
core   0: 0x000000008000fec8 (0xfe043783) ld      a5, -32(s0)
core   0: 3 0x000000008000fec8 (0xfe043783) x15 0x0000000080012095 mem 0x0000000080031f50
core   0: 0x000000008000fecc (0x00178713) addi    a4, a5, 1
core   0: 3 0x000000008000fecc (0x00178713) x14 0x0000000080012096
core   0: 0x000000008000fed0 (0xfee43023) sd      a4, -32(s0)
core   0: 3 0x000000008000fed0 (0xfee43023) mem 0x0000000080031f50 0x0000000080012096
core   0: 0x000000008000fed4 (0xfc442703) lw      a4, -60(s0)
core   0: 3 0x000000008000fed4 (0xfc442703) x14 0x0000000000000000 mem 0x0000000080031f34
core   0: 0x000000008000fed8 (0x0ff77713) andi    a4, a4, 255
core   0: 3 0x000000008000fed8 (0x0ff77713) x14 0x0000000000000000
core   0: 0x000000008000fedc (0x00e78023) sb      a4, 0(a5)
core   0: 3 0x000000008000fedc (0x00e78023) mem 0x0000000080012095 0x00
core   0: 0x000000008000fee0 (0xfc843703) ld      a4, -56(s0)
core   0: 3 0x000000008000fee0 (0xfc843703) x14 0x0000000080012040 mem 0x0000000080031f38
core   0: 0x000000008000fee4 (0xfb843783) ld      a5, -72(s0)
core   0: 3 0x000000008000fee4 (0xfb843783) x15 0x000000000000009c mem 0x0000000080031f28
core   0: 0x000000008000fee8 (0x000097ba) c.add   a5, a4
core   0: 3 0x000000008000fee8 (0x97ba) x15 0x00000000800120dc
core   0: 0x000000008000feea (0xfe043703) ld      a4, -32(s0)
core   0: 3 0x000000008000feea (0xfe043703) x14 0x0000000080012096 mem 0x0000000080031f50
core   0: 0x000000008000feee (0xfcf76de3) bltu    a4, a5, pc - 38
core   0: 3 0x000000008000feee (0xfcf76de3)
core   0: 0x000000008000fec8 (0xfe043783) ld      a5, -32(s0)
core   0: 3 0x000000008000fec8 (0xfe043783) x15 0x0000000080012096 mem 0x0000000080031f50
core   0: 0x000000008000fecc (0x00178713) addi    a4, a5, 1
core   0: 3 0x000000008000fecc (0x00178713) x14 0x0000000080012097
core   0: 0x000000008000fed0 (0xfee43023) sd      a4, -32(s0)
core   0: 3 0x000000008000fed0 (0xfee43023) mem 0x0000000080031f50 0x0000000080012097
core   0: 0x000000008000fed4 (0xfc442703) lw      a4, -60(s0)
core   0: 3 0x000000008000fed4 (0xfc442703) x14 0x0000000000000000 mem 0x0000000080031f34
core   0: 0x000000008000fed8 (0x0ff77713) andi    a4, a4, 255
core   0: 3 0x000000008000fed8 (0x0ff77713) x14 0x0000000000000000
core   0: 0x000000008000fedc (0x00e78023) sb      a4, 0(a5)
core   0: 3 0x000000008000fedc (0x00e78023) mem 0x0000000080012096 0x00
core   0: 0x000000008000fee0 (0xfc843703) ld      a4, -56(s0)
core   0: 3 0x000000008000fee0 (0xfc843703) x14 0x0000000080012040 mem 0x0000000080031f38
core   0: 0x000000008000fee4 (0xfb843783) ld      a5, -72(s0)
core   0: 3 0x000000008000fee4 (0xfb843783) x15 0x000000000000009c mem 0x0000000080031f28
core   0: 0x000000008000fee8 (0x000097ba) c.add   a5, a4
core   0: 3 0x000000008000fee8 (0x97ba) x15 0x00000000800120dc
core   0: 0x000000008000feea (0xfe043703) ld      a4, -32(s0)
core   0: 3 0x000000008000feea (0xfe043703) x14 0x0000000080012097 mem 0x0000000080031f50
core   0: 0x000000008000feee (0xfcf76de3) bltu    a4, a5, pc - 38
core   0: 3 0x000000008000feee (0xfcf76de3)
core   0: 0x000000008000fec8 (0xfe043783) ld      a5, -32(s0)
core   0: 3 0x000000008000fec8 (0xfe043783) x15 0x0000000080012097 mem 0x0000000080031f50
core   0: 0x000000008000fecc (0x00178713) addi    a4, a5, 1
core   0: 3 0x000000008000fecc (0x00178713) x14 0x0000000080012098
core   0: 0x000000008000fed0 (0xfee43023) sd      a4, -32(s0)
core   0: 3 0x000000008000fed0 (0xfee43023) mem 0x0000000080031f50 0x0000000080012098
core   0: 0x000000008000fed4 (0xfc442703) lw      a4, -60(s0)
core   0: 3 0x000000008000fed4 (0xfc442703) x14 0x0000000000000000 mem 0x0000000080031f34
core   0: 0x000000008000fed8 (0x0ff77713) andi    a4, a4, 255
core   0: 3 0x000000008000fed8 (0x0ff77713) x14 0x0000000000000000
core   0: 0x000000008000fedc (0x00e78023) sb      a4, 0(a5)
core   0: 3 0x000000008000fedc (0x00e78023) mem 0x0000000080012097 0x00
core   0: 0x000000008000fee0 (0xfc843703) ld      a4, -56(s0)
core   0: 3 0x000000008000fee0 (0xfc843703) x14 0x0000000080012040 mem 0x0000000080031f38
core   0: 0x000000008000fee4 (0xfb843783) ld      a5, -72(s0)
core   0: 3 0x000000008000fee4 (0xfb843783) x15 0x000000000000009c mem 0x0000000080031f28
core   0: 0x000000008000fee8 (0x000097ba) c.add   a5, a4
core   0: 3 0x000000008000fee8 (0x97ba) x15 0x00000000800120dc
core   0: 0x000000008000feea (0xfe043703) ld      a4, -32(s0)
core   0: 3 0x000000008000feea (0xfe043703) x14 0x0000000080012098 mem 0x0000000080031f50
core   0: 0x000000008000feee (0xfcf76de3) bltu    a4, a5, pc - 38
core   0: 3 0x000000008000feee (0xfcf76de3)
core   0: 0x000000008000fec8 (0xfe043783) ld      a5, -32(s0)
core   0: 3 0x000000008000fec8 (0xfe043783) x15 0x0000000080012098 mem 0x0000000080031f50
core   0: 0x000000008000fecc (0x00178713) addi    a4, a5, 1
core   0: 3 0x000000008000fecc (0x00178713) x14 0x0000000080012099
core   0: 0x000000008000fed0 (0xfee43023) sd      a4, -32(s0)
core   0: 3 0x000000008000fed0 (0xfee43023) mem 0x0000000080031f50 0x0000000080012099
core   0: 0x000000008000fed4 (0xfc442703) lw      a4, -60(s0)
core   0: 3 0x000000008000fed4 (0xfc442703) x14 0x0000000000000000 mem 0x0000000080031f34
core   0: 0x000000008000fed8 (0x0ff77713) andi    a4, a4, 255
core   0: 3 0x000000008000fed8 (0x0ff77713) x14 0x0000000000000000
core   0: 0x000000008000fedc (0x00e78023) sb      a4, 0(a5)
core   0: 3 0x000000008000fedc (0x00e78023) mem 0x0000000080012098 0x00
core   0: 0x000000008000fee0 (0xfc843703) ld      a4, -56(s0)
core   0: 3 0x000000008000fee0 (0xfc843703) x14 0x0000000080012040 mem 0x0000000080031f38
core   0: 0x000000008000fee4 (0xfb843783) ld      a5, -72(s0)
core   0: 3 0x000000008000fee4 (0xfb843783) x15 0x000000000000009c mem 0x0000000080031f28
core   0: 0x000000008000fee8 (0x000097ba) c.add   a5, a4
core   0: 3 0x000000008000fee8 (0x97ba) x15 0x00000000800120dc
core   0: 0x000000008000feea (0xfe043703) ld      a4, -32(s0)
core   0: 3 0x000000008000feea (0xfe043703) x14 0x0000000080012099 mem 0x0000000080031f50
core   0: 0x000000008000feee (0xfcf76de3) bltu    a4, a5, pc - 38
core   0: 3 0x000000008000feee (0xfcf76de3)
core   0: 0x000000008000fec8 (0xfe043783) ld      a5, -32(s0)
core   0: 3 0x000000008000fec8 (0xfe043783) x15 0x0000000080012099 mem 0x0000000080031f50
core   0: 0x000000008000fecc (0x00178713) addi    a4, a5, 1
core   0: 3 0x000000008000fecc (0x00178713) x14 0x000000008001209a
core   0: 0x000000008000fed0 (0xfee43023) sd      a4, -32(s0)
core   0: 3 0x000000008000fed0 (0xfee43023) mem 0x0000000080031f50 0x000000008001209a
core   0: 0x000000008000fed4 (0xfc442703) lw      a4, -60(s0)
core   0: 3 0x000000008000fed4 (0xfc442703) x14 0x0000000000000000 mem 0x0000000080031f34
core   0: 0x000000008000fed8 (0x0ff77713) andi    a4, a4, 255
core   0: 3 0x000000008000fed8 (0x0ff77713) x14 0x0000000000000000
core   0: 0x000000008000fedc (0x00e78023) sb      a4, 0(a5)
core   0: 3 0x000000008000fedc (0x00e78023) mem 0x0000000080012099 0x00
core   0: 0x000000008000fee0 (0xfc843703) ld      a4, -56(s0)
core   0: 3 0x000000008000fee0 (0xfc843703) x14 0x0000000080012040 mem 0x0000000080031f38
core   0: 0x000000008000fee4 (0xfb843783) ld      a5, -72(s0)
core   0: 3 0x000000008000fee4 (0xfb843783) x15 0x000000000000009c mem 0x0000000080031f28
core   0: 0x000000008000fee8 (0x000097ba) c.add   a5, a4
core   0: 3 0x000000008000fee8 (0x97ba) x15 0x00000000800120dc
core   0: 0x000000008000feea (0xfe043703) ld      a4, -32(s0)
core   0: 3 0x000000008000feea (0xfe043703) x14 0x000000008001209a mem 0x0000000080031f50
core   0: 0x000000008000feee (0xfcf76de3) bltu    a4, a5, pc - 38
core   0: 3 0x000000008000feee (0xfcf76de3)
core   0: 0x000000008000fec8 (0xfe043783) ld      a5, -32(s0)
core   0: 3 0x000000008000fec8 (0xfe043783) x15 0x000000008001209a mem 0x0000000080031f50
core   0: 0x000000008000fecc (0x00178713) addi    a4, a5, 1
core   0: 3 0x000000008000fecc (0x00178713) x14 0x000000008001209b
core   0: 0x000000008000fed0 (0xfee43023) sd      a4, -32(s0)
core   0: 3 0x000000008000fed0 (0xfee43023) mem 0x0000000080031f50 0x000000008001209b
core   0: 0x000000008000fed4 (0xfc442703) lw      a4, -60(s0)
core   0: 3 0x000000008000fed4 (0xfc442703) x14 0x0000000000000000 mem 0x0000000080031f34
core   0: 0x000000008000fed8 (0x0ff77713) andi    a4, a4, 255
core   0: 3 0x000000008000fed8 (0x0ff77713) x14 0x0000000000000000
core   0: 0x000000008000fedc (0x00e78023) sb      a4, 0(a5)
core   0: 3 0x000000008000fedc (0x00e78023) mem 0x000000008001209a 0x00
core   0: 0x000000008000fee0 (0xfc843703) ld      a4, -56(s0)
core   0: 3 0x000000008000fee0 (0xfc843703) x14 0x0000000080012040 mem 0x0000000080031f38
core   0: 0x000000008000fee4 (0xfb843783) ld      a5, -72(s0)
core   0: 3 0x000000008000fee4 (0xfb843783) x15 0x000000000000009c mem 0x0000000080031f28
core   0: 0x000000008000fee8 (0x000097ba) c.add   a5, a4
core   0: 3 0x000000008000fee8 (0x97ba) x15 0x00000000800120dc
core   0: 0x000000008000feea (0xfe043703) ld      a4, -32(s0)
core   0: 3 0x000000008000feea (0xfe043703) x14 0x000000008001209b mem 0x0000000080031f50
core   0: 0x000000008000feee (0xfcf76de3) bltu    a4, a5, pc - 38
core   0: 3 0x000000008000feee (0xfcf76de3)
core   0: 0x000000008000fec8 (0xfe043783) ld      a5, -32(s0)
core   0: 3 0x000000008000fec8 (0xfe043783) x15 0x000000008001209b mem 0x0000000080031f50
core   0: 0x000000008000fecc (0x00178713) addi    a4, a5, 1
core   0: 3 0x000000008000fecc (0x00178713) x14 0x000000008001209c
core   0: 0x000000008000fed0 (0xfee43023) sd      a4, -32(s0)
core   0: 3 0x000000008000fed0 (0xfee43023) mem 0x0000000080031f50 0x000000008001209c
core   0: 0x000000008000fed4 (0xfc442703) lw      a4, -60(s0)
core   0: 3 0x000000008000fed4 (0xfc442703) x14 0x0000000000000000 mem 0x0000000080031f34
core   0: 0x000000008000fed8 (0x0ff77713) andi    a4, a4, 255
core   0: 3 0x000000008000fed8 (0x0ff77713) x14 0x0000000000000000
core   0: 0x000000008000fedc (0x00e78023) sb      a4, 0(a5)
core   0: 3 0x000000008000fedc (0x00e78023) mem 0x000000008001209b 0x00
core   0: 0x000000008000fee0 (0xfc843703) ld      a4, -56(s0)
core   0: 3 0x000000008000fee0 (0xfc843703) x14 0x0000000080012040 mem 0x0000000080031f38
core   0: 0x000000008000fee4 (0xfb843783) ld      a5, -72(s0)
core   0: 3 0x000000008000fee4 (0xfb843783) x15 0x000000000000009c mem 0x0000000080031f28
core   0: 0x000000008000fee8 (0x000097ba) c.add   a5, a4
core   0: 3 0x000000008000fee8 (0x97ba) x15 0x00000000800120dc
core   0: 0x000000008000feea (0xfe043703) ld      a4, -32(s0)
core   0: 3 0x000000008000feea (0xfe043703) x14 0x000000008001209c mem 0x0000000080031f50
core   0: 0x000000008000feee (0xfcf76de3) bltu    a4, a5, pc - 38
core   0: 3 0x000000008000feee (0xfcf76de3)
core   0: 0x000000008000fec8 (0xfe043783) ld      a5, -32(s0)
core   0: 3 0x000000008000fec8 (0xfe043783) x15 0x000000008001209c mem 0x0000000080031f50
core   0: 0x000000008000fecc (0x00178713) addi    a4, a5, 1
core   0: 3 0x000000008000fecc (0x00178713) x14 0x000000008001209d
core   0: 0x000000008000fed0 (0xfee43023) sd      a4, -32(s0)
core   0: 3 0x000000008000fed0 (0xfee43023) mem 0x0000000080031f50 0x000000008001209d
core   0: 0x000000008000fed4 (0xfc442703) lw      a4, -60(s0)
core   0: 3 0x000000008000fed4 (0xfc442703) x14 0x0000000000000000 mem 0x0000000080031f34
core   0: 0x000000008000fed8 (0x0ff77713) andi    a4, a4, 255
core   0: 3 0x000000008000fed8 (0x0ff77713) x14 0x0000000000000000
core   0: 0x000000008000fedc (0x00e78023) sb      a4, 0(a5)
core   0: 3 0x000000008000fedc (0x00e78023) mem 0x000000008001209c 0x00
core   0: 0x000000008000fee0 (0xfc843703) ld      a4, -56(s0)
core   0: 3 0x000000008000fee0 (0xfc843703) x14 0x0000000080012040 mem 0x0000000080031f38
core   0: 0x000000008000fee4 (0xfb843783) ld      a5, -72(s0)
core   0: 3 0x000000008000fee4 (0xfb843783) x15 0x000000000000009c mem 0x0000000080031f28
core   0: 0x000000008000fee8 (0x000097ba) c.add   a5, a4
core   0: 3 0x000000008000fee8 (0x97ba) x15 0x00000000800120dc
core   0: 0x000000008000feea (0xfe043703) ld      a4, -32(s0)
core   0: 3 0x000000008000feea (0xfe043703) x14 0x000000008001209d mem 0x0000000080031f50
core   0: 0x000000008000feee (0xfcf76de3) bltu    a4, a5, pc - 38
core   0: 3 0x000000008000feee (0xfcf76de3)
core   0: 0x000000008000fec8 (0xfe043783) ld      a5, -32(s0)
core   0: 3 0x000000008000fec8 (0xfe043783) x15 0x000000008001209d mem 0x0000000080031f50
core   0: 0x000000008000fecc (0x00178713) addi    a4, a5, 1
core   0: 3 0x000000008000fecc (0x00178713) x14 0x000000008001209e
core   0: 0x000000008000fed0 (0xfee43023) sd      a4, -32(s0)
core   0: 3 0x000000008000fed0 (0xfee43023) mem 0x0000000080031f50 0x000000008001209e
core   0: 0x000000008000fed4 (0xfc442703) lw      a4, -60(s0)
core   0: 3 0x000000008000fed4 (0xfc442703) x14 0x0000000000000000 mem 0x0000000080031f34
core   0: 0x000000008000fed8 (0x0ff77713) andi    a4, a4, 255
core   0: 3 0x000000008000fed8 (0x0ff77713) x14 0x0000000000000000
core   0: 0x000000008000fedc (0x00e78023) sb      a4, 0(a5)
core   0: 3 0x000000008000fedc (0x00e78023) mem 0x000000008001209d 0x00
core   0: 0x000000008000fee0 (0xfc843703) ld      a4, -56(s0)
core   0: 3 0x000000008000fee0 (0xfc843703) x14 0x0000000080012040 mem 0x0000000080031f38
core   0: 0x000000008000fee4 (0xfb843783) ld      a5, -72(s0)
core   0: 3 0x000000008000fee4 (0xfb843783) x15 0x000000000000009c mem 0x0000000080031f28
core   0: 0x000000008000fee8 (0x000097ba) c.add   a5, a4
core   0: 3 0x000000008000fee8 (0x97ba) x15 0x00000000800120dc
core   0: 0x000000008000feea (0xfe043703) ld      a4, -32(s0)
core   0: 3 0x000000008000feea (0xfe043703) x14 0x000000008001209e mem 0x0000000080031f50
core   0: 0x000000008000feee (0xfcf76de3) bltu    a4, a5, pc - 38
core   0: 3 0x000000008000feee (0xfcf76de3)
core   0: 0x000000008000fec8 (0xfe043783) ld      a5, -32(s0)
core   0: 3 0x000000008000fec8 (0xfe043783) x15 0x000000008001209e mem 0x0000000080031f50
core   0: 0x000000008000fecc (0x00178713) addi    a4, a5, 1
core   0: 3 0x000000008000fecc (0x00178713) x14 0x000000008001209f
core   0: 0x000000008000fed0 (0xfee43023) sd      a4, -32(s0)
core   0: 3 0x000000008000fed0 (0xfee43023) mem 0x0000000080031f50 0x000000008001209f
core   0: 0x000000008000fed4 (0xfc442703) lw      a4, -60(s0)
core   0: 3 0x000000008000fed4 (0xfc442703) x14 0x0000000000000000 mem 0x0000000080031f34
core   0: 0x000000008000fed8 (0x0ff77713) andi    a4, a4, 255
core   0: 3 0x000000008000fed8 (0x0ff77713) x14 0x0000000000000000
core   0: 0x000000008000fedc (0x00e78023) sb      a4, 0(a5)
core   0: 3 0x000000008000fedc (0x00e78023) mem 0x000000008001209e 0x00
core   0: 0x000000008000fee0 (0xfc843703) ld      a4, -56(s0)
core   0: 3 0x000000008000fee0 (0xfc843703) x14 0x0000000080012040 mem 0x0000000080031f38
core   0: 0x000000008000fee4 (0xfb843783) ld      a5, -72(s0)
core   0: 3 0x000000008000fee4 (0xfb843783) x15 0x000000000000009c mem 0x0000000080031f28
core   0: 0x000000008000fee8 (0x000097ba) c.add   a5, a4
core   0: 3 0x000000008000fee8 (0x97ba) x15 0x00000000800120dc
core   0: 0x000000008000feea (0xfe043703) ld      a4, -32(s0)
core   0: 3 0x000000008000feea (0xfe043703) x14 0x000000008001209f mem 0x0000000080031f50
core   0: 0x000000008000feee (0xfcf76de3) bltu    a4, a5, pc - 38
core   0: 3 0x000000008000feee (0xfcf76de3)
core   0: 0x000000008000fec8 (0xfe043783) ld      a5, -32(s0)
core   0: 3 0x000000008000fec8 (0xfe043783) x15 0x000000008001209f mem 0x0000000080031f50
core   0: 0x000000008000fecc (0x00178713) addi    a4, a5, 1
core   0: 3 0x000000008000fecc (0x00178713) x14 0x00000000800120a0
core   0: 0x000000008000fed0 (0xfee43023) sd      a4, -32(s0)
core   0: 3 0x000000008000fed0 (0xfee43023) mem 0x0000000080031f50 0x00000000800120a0
core   0: 0x000000008000fed4 (0xfc442703) lw      a4, -60(s0)
core   0: 3 0x000000008000fed4 (0xfc442703) x14 0x0000000000000000 mem 0x0000000080031f34
core   0: 0x000000008000fed8 (0x0ff77713) andi    a4, a4, 255
core   0: 3 0x000000008000fed8 (0x0ff77713) x14 0x0000000000000000
core   0: 0x000000008000fedc (0x00e78023) sb      a4, 0(a5)
core   0: 3 0x000000008000fedc (0x00e78023) mem 0x000000008001209f 0x00
core   0: 0x000000008000fee0 (0xfc843703) ld      a4, -56(s0)
core   0: 3 0x000000008000fee0 (0xfc843703) x14 0x0000000080012040 mem 0x0000000080031f38
core   0: 0x000000008000fee4 (0xfb843783) ld      a5, -72(s0)
core   0: 3 0x000000008000fee4 (0xfb843783) x15 0x000000000000009c mem 0x0000000080031f28
core   0: 0x000000008000fee8 (0x000097ba) c.add   a5, a4
core   0: 3 0x000000008000fee8 (0x97ba) x15 0x00000000800120dc
core   0: 0x000000008000feea (0xfe043703) ld      a4, -32(s0)
core   0: 3 0x000000008000feea (0xfe043703) x14 0x00000000800120a0 mem 0x0000000080031f50
core   0: 0x000000008000feee (0xfcf76de3) bltu    a4, a5, pc - 38
core   0: 3 0x000000008000feee (0xfcf76de3)
core   0: 0x000000008000fec8 (0xfe043783) ld      a5, -32(s0)
core   0: 3 0x000000008000fec8 (0xfe043783) x15 0x00000000800120a0 mem 0x0000000080031f50
core   0: 0x000000008000fecc (0x00178713) addi    a4, a5, 1
core   0: 3 0x000000008000fecc (0x00178713) x14 0x00000000800120a1
core   0: 0x000000008000fed0 (0xfee43023) sd      a4, -32(s0)
core   0: 3 0x000000008000fed0 (0xfee43023) mem 0x0000000080031f50 0x00000000800120a1
core   0: 0x000000008000fed4 (0xfc442703) lw      a4, -60(s0)
core   0: 3 0x000000008000fed4 (0xfc442703) x14 0x0000000000000000 mem 0x0000000080031f34
core   0: 0x000000008000fed8 (0x0ff77713) andi    a4, a4, 255
core   0: 3 0x000000008000fed8 (0x0ff77713) x14 0x0000000000000000
core   0: 0x000000008000fedc (0x00e78023) sb      a4, 0(a5)
core   0: 3 0x000000008000fedc (0x00e78023) mem 0x00000000800120a0 0x00
core   0: 0x000000008000fee0 (0xfc843703) ld      a4, -56(s0)
core   0: 3 0x000000008000fee0 (0xfc843703) x14 0x0000000080012040 mem 0x0000000080031f38
core   0: 0x000000008000fee4 (0xfb843783) ld      a5, -72(s0)
core   0: 3 0x000000008000fee4 (0xfb843783) x15 0x000000000000009c mem 0x0000000080031f28
core   0: 0x000000008000fee8 (0x000097ba) c.add   a5, a4
core   0: 3 0x000000008000fee8 (0x97ba) x15 0x00000000800120dc
core   0: 0x000000008000feea (0xfe043703) ld      a4, -32(s0)
core   0: 3 0x000000008000feea (0xfe043703) x14 0x00000000800120a1 mem 0x0000000080031f50
core   0: 0x000000008000feee (0xfcf76de3) bltu    a4, a5, pc - 38
core   0: 3 0x000000008000feee (0xfcf76de3)
core   0: 0x000000008000fec8 (0xfe043783) ld      a5, -32(s0)
core   0: 3 0x000000008000fec8 (0xfe043783) x15 0x00000000800120a1 mem 0x0000000080031f50
core   0: 0x000000008000fecc (0x00178713) addi    a4, a5, 1
core   0: 3 0x000000008000fecc (0x00178713) x14 0x00000000800120a2
core   0: 0x000000008000fed0 (0xfee43023) sd      a4, -32(s0)
core   0: 3 0x000000008000fed0 (0xfee43023) mem 0x0000000080031f50 0x00000000800120a2
core   0: 0x000000008000fed4 (0xfc442703) lw      a4, -60(s0)
core   0: 3 0x000000008000fed4 (0xfc442703) x14 0x0000000000000000 mem 0x0000000080031f34
core   0: 0x000000008000fed8 (0x0ff77713) andi    a4, a4, 255
core   0: 3 0x000000008000fed8 (0x0ff77713) x14 0x0000000000000000
core   0: 0x000000008000fedc (0x00e78023) sb      a4, 0(a5)
core   0: 3 0x000000008000fedc (0x00e78023) mem 0x00000000800120a1 0x00
core   0: 0x000000008000fee0 (0xfc843703) ld      a4, -56(s0)
core   0: 3 0x000000008000fee0 (0xfc843703) x14 0x0000000080012040 mem 0x0000000080031f38
core   0: 0x000000008000fee4 (0xfb843783) ld      a5, -72(s0)
core   0: 3 0x000000008000fee4 (0xfb843783) x15 0x000000000000009c mem 0x0000000080031f28
core   0: 0x000000008000fee8 (0x000097ba) c.add   a5, a4
core   0: 3 0x000000008000fee8 (0x97ba) x15 0x00000000800120dc
core   0: 0x000000008000feea (0xfe043703) ld      a4, -32(s0)
core   0: 3 0x000000008000feea (0xfe043703) x14 0x00000000800120a2 mem 0x0000000080031f50
core   0: 0x000000008000feee (0xfcf76de3) bltu    a4, a5, pc - 38
core   0: 3 0x000000008000feee (0xfcf76de3)
core   0: 0x000000008000fec8 (0xfe043783) ld      a5, -32(s0)
core   0: 3 0x000000008000fec8 (0xfe043783) x15 0x00000000800120a2 mem 0x0000000080031f50
core   0: 0x000000008000fecc (0x00178713) addi    a4, a5, 1
core   0: 3 0x000000008000fecc (0x00178713) x14 0x00000000800120a3
core   0: 0x000000008000fed0 (0xfee43023) sd      a4, -32(s0)
core   0: 3 0x000000008000fed0 (0xfee43023) mem 0x0000000080031f50 0x00000000800120a3
core   0: 0x000000008000fed4 (0xfc442703) lw      a4, -60(s0)
core   0: 3 0x000000008000fed4 (0xfc442703) x14 0x0000000000000000 mem 0x0000000080031f34
core   0: 0x000000008000fed8 (0x0ff77713) andi    a4, a4, 255
core   0: 3 0x000000008000fed8 (0x0ff77713) x14 0x0000000000000000
core   0: 0x000000008000fedc (0x00e78023) sb      a4, 0(a5)
core   0: 3 0x000000008000fedc (0x00e78023) mem 0x00000000800120a2 0x00
core   0: 0x000000008000fee0 (0xfc843703) ld      a4, -56(s0)
core   0: 3 0x000000008000fee0 (0xfc843703) x14 0x0000000080012040 mem 0x0000000080031f38
core   0: 0x000000008000fee4 (0xfb843783) ld      a5, -72(s0)
core   0: 3 0x000000008000fee4 (0xfb843783) x15 0x000000000000009c mem 0x0000000080031f28
core   0: 0x000000008000fee8 (0x000097ba) c.add   a5, a4
core   0: 3 0x000000008000fee8 (0x97ba) x15 0x00000000800120dc
core   0: 0x000000008000feea (0xfe043703) ld      a4, -32(s0)
core   0: 3 0x000000008000feea (0xfe043703) x14 0x00000000800120a3 mem 0x0000000080031f50
core   0: 0x000000008000feee (0xfcf76de3) bltu    a4, a5, pc - 38
core   0: 3 0x000000008000feee (0xfcf76de3)
core   0: 0x000000008000fec8 (0xfe043783) ld      a5, -32(s0)
core   0: 3 0x000000008000fec8 (0xfe043783) x15 0x00000000800120a3 mem 0x0000000080031f50
core   0: 0x000000008000fecc (0x00178713) addi    a4, a5, 1
core   0: 3 0x000000008000fecc (0x00178713) x14 0x00000000800120a4
core   0: 0x000000008000fed0 (0xfee43023) sd      a4, -32(s0)
core   0: 3 0x000000008000fed0 (0xfee43023) mem 0x0000000080031f50 0x00000000800120a4
core   0: 0x000000008000fed4 (0xfc442703) lw      a4, -60(s0)
core   0: 3 0x000000008000fed4 (0xfc442703) x14 0x0000000000000000 mem 0x0000000080031f34
core   0: 0x000000008000fed8 (0x0ff77713) andi    a4, a4, 255
core   0: 3 0x000000008000fed8 (0x0ff77713) x14 0x0000000000000000
core   0: 0x000000008000fedc (0x00e78023) sb      a4, 0(a5)
core   0: 3 0x000000008000fedc (0x00e78023) mem 0x00000000800120a3 0x00
core   0: 0x000000008000fee0 (0xfc843703) ld      a4, -56(s0)
core   0: 3 0x000000008000fee0 (0xfc843703) x14 0x0000000080012040 mem 0x0000000080031f38
core   0: 0x000000008000fee4 (0xfb843783) ld      a5, -72(s0)
core   0: 3 0x000000008000fee4 (0xfb843783) x15 0x000000000000009c mem 0x0000000080031f28
core   0: 0x000000008000fee8 (0x000097ba) c.add   a5, a4
core   0: 3 0x000000008000fee8 (0x97ba) x15 0x00000000800120dc
core   0: 0x000000008000feea (0xfe043703) ld      a4, -32(s0)
core   0: 3 0x000000008000feea (0xfe043703) x14 0x00000000800120a4 mem 0x0000000080031f50
core   0: 0x000000008000feee (0xfcf76de3) bltu    a4, a5, pc - 38
core   0: 3 0x000000008000feee (0xfcf76de3)
core   0: 0x000000008000fec8 (0xfe043783) ld      a5, -32(s0)
core   0: 3 0x000000008000fec8 (0xfe043783) x15 0x00000000800120a4 mem 0x0000000080031f50
core   0: 0x000000008000fecc (0x00178713) addi    a4, a5, 1
core   0: 3 0x000000008000fecc (0x00178713) x14 0x00000000800120a5
core   0: 0x000000008000fed0 (0xfee43023) sd      a4, -32(s0)
core   0: 3 0x000000008000fed0 (0xfee43023) mem 0x0000000080031f50 0x00000000800120a5
core   0: 0x000000008000fed4 (0xfc442703) lw      a4, -60(s0)
core   0: 3 0x000000008000fed4 (0xfc442703) x14 0x0000000000000000 mem 0x0000000080031f34
core   0: 0x000000008000fed8 (0x0ff77713) andi    a4, a4, 255
core   0: 3 0x000000008000fed8 (0x0ff77713) x14 0x0000000000000000
core   0: 0x000000008000fedc (0x00e78023) sb      a4, 0(a5)
core   0: 3 0x000000008000fedc (0x00e78023) mem 0x00000000800120a4 0x00
core   0: 0x000000008000fee0 (0xfc843703) ld      a4, -56(s0)
core   0: 3 0x000000008000fee0 (0xfc843703) x14 0x0000000080012040 mem 0x0000000080031f38
core   0: 0x000000008000fee4 (0xfb843783) ld      a5, -72(s0)
core   0: 3 0x000000008000fee4 (0xfb843783) x15 0x000000000000009c mem 0x0000000080031f28
core   0: 0x000000008000fee8 (0x000097ba) c.add   a5, a4
core   0: 3 0x000000008000fee8 (0x97ba) x15 0x00000000800120dc
core   0: 0x000000008000feea (0xfe043703) ld      a4, -32(s0)
core   0: 3 0x000000008000feea (0xfe043703) x14 0x00000000800120a5 mem 0x0000000080031f50
core   0: 0x000000008000feee (0xfcf76de3) bltu    a4, a5, pc - 38
core   0: 3 0x000000008000feee (0xfcf76de3)
core   0: 0x000000008000fec8 (0xfe043783) ld      a5, -32(s0)
core   0: 3 0x000000008000fec8 (0xfe043783) x15 0x00000000800120a5 mem 0x0000000080031f50
core   0: 0x000000008000fecc (0x00178713) addi    a4, a5, 1
core   0: 3 0x000000008000fecc (0x00178713) x14 0x00000000800120a6
core   0: 0x000000008000fed0 (0xfee43023) sd      a4, -32(s0)
core   0: 3 0x000000008000fed0 (0xfee43023) mem 0x0000000080031f50 0x00000000800120a6
core   0: 0x000000008000fed4 (0xfc442703) lw      a4, -60(s0)
core   0: 3 0x000000008000fed4 (0xfc442703) x14 0x0000000000000000 mem 0x0000000080031f34
core   0: 0x000000008000fed8 (0x0ff77713) andi    a4, a4, 255
core   0: 3 0x000000008000fed8 (0x0ff77713) x14 0x0000000000000000
core   0: 0x000000008000fedc (0x00e78023) sb      a4, 0(a5)
core   0: 3 0x000000008000fedc (0x00e78023) mem 0x00000000800120a5 0x00
core   0: 0x000000008000fee0 (0xfc843703) ld      a4, -56(s0)
core   0: 3 0x000000008000fee0 (0xfc843703) x14 0x0000000080012040 mem 0x0000000080031f38
core   0: 0x000000008000fee4 (0xfb843783) ld      a5, -72(s0)
core   0: 3 0x000000008000fee4 (0xfb843783) x15 0x000000000000009c mem 0x0000000080031f28
core   0: 0x000000008000fee8 (0x000097ba) c.add   a5, a4
core   0: 3 0x000000008000fee8 (0x97ba) x15 0x00000000800120dc
core   0: 0x000000008000feea (0xfe043703) ld      a4, -32(s0)
core   0: 3 0x000000008000feea (0xfe043703) x14 0x00000000800120a6 mem 0x0000000080031f50
core   0: 0x000000008000feee (0xfcf76de3) bltu    a4, a5, pc - 38
core   0: 3 0x000000008000feee (0xfcf76de3)
core   0: 0x000000008000fec8 (0xfe043783) ld      a5, -32(s0)
core   0: 3 0x000000008000fec8 (0xfe043783) x15 0x00000000800120a6 mem 0x0000000080031f50
core   0: 0x000000008000fecc (0x00178713) addi    a4, a5, 1
core   0: 3 0x000000008000fecc (0x00178713) x14 0x00000000800120a7
core   0: 0x000000008000fed0 (0xfee43023) sd      a4, -32(s0)
core   0: 3 0x000000008000fed0 (0xfee43023) mem 0x0000000080031f50 0x00000000800120a7
core   0: 0x000000008000fed4 (0xfc442703) lw      a4, -60(s0)
core   0: 3 0x000000008000fed4 (0xfc442703) x14 0x0000000000000000 mem 0x0000000080031f34
core   0: 0x000000008000fed8 (0x0ff77713) andi    a4, a4, 255
core   0: 3 0x000000008000fed8 (0x0ff77713) x14 0x0000000000000000
core   0: 0x000000008000fedc (0x00e78023) sb      a4, 0(a5)
core   0: 3 0x000000008000fedc (0x00e78023) mem 0x00000000800120a6 0x00
core   0: 0x000000008000fee0 (0xfc843703) ld      a4, -56(s0)
core   0: 3 0x000000008000fee0 (0xfc843703) x14 0x0000000080012040 mem 0x0000000080031f38
core   0: 0x000000008000fee4 (0xfb843783) ld      a5, -72(s0)
core   0: 3 0x000000008000fee4 (0xfb843783) x15 0x000000000000009c mem 0x0000000080031f28
core   0: 0x000000008000fee8 (0x000097ba) c.add   a5, a4
core   0: 3 0x000000008000fee8 (0x97ba) x15 0x00000000800120dc
core   0: 0x000000008000feea (0xfe043703) ld      a4, -32(s0)
core   0: 3 0x000000008000feea (0xfe043703) x14 0x00000000800120a7 mem 0x0000000080031f50
core   0: 0x000000008000feee (0xfcf76de3) bltu    a4, a5, pc - 38
core   0: 3 0x000000008000feee (0xfcf76de3)
core   0: 0x000000008000fec8 (0xfe043783) ld      a5, -32(s0)
core   0: 3 0x000000008000fec8 (0xfe043783) x15 0x00000000800120a7 mem 0x0000000080031f50
core   0: 0x000000008000fecc (0x00178713) addi    a4, a5, 1
core   0: 3 0x000000008000fecc (0x00178713) x14 0x00000000800120a8
core   0: 0x000000008000fed0 (0xfee43023) sd      a4, -32(s0)
core   0: 3 0x000000008000fed0 (0xfee43023) mem 0x0000000080031f50 0x00000000800120a8
core   0: 0x000000008000fed4 (0xfc442703) lw      a4, -60(s0)
core   0: 3 0x000000008000fed4 (0xfc442703) x14 0x0000000000000000 mem 0x0000000080031f34
core   0: 0x000000008000fed8 (0x0ff77713) andi    a4, a4, 255
core   0: 3 0x000000008000fed8 (0x0ff77713) x14 0x0000000000000000
core   0: 0x000000008000fedc (0x00e78023) sb      a4, 0(a5)
core   0: 3 0x000000008000fedc (0x00e78023) mem 0x00000000800120a7 0x00
core   0: 0x000000008000fee0 (0xfc843703) ld      a4, -56(s0)
core   0: 3 0x000000008000fee0 (0xfc843703) x14 0x0000000080012040 mem 0x0000000080031f38
core   0: 0x000000008000fee4 (0xfb843783) ld      a5, -72(s0)
core   0: 3 0x000000008000fee4 (0xfb843783) x15 0x000000000000009c mem 0x0000000080031f28
core   0: 0x000000008000fee8 (0x000097ba) c.add   a5, a4
core   0: 3 0x000000008000fee8 (0x97ba) x15 0x00000000800120dc
core   0: 0x000000008000feea (0xfe043703) ld      a4, -32(s0)
core   0: 3 0x000000008000feea (0xfe043703) x14 0x00000000800120a8 mem 0x0000000080031f50
core   0: 0x000000008000feee (0xfcf76de3) bltu    a4, a5, pc - 38
core   0: 3 0x000000008000feee (0xfcf76de3)
core   0: 0x000000008000fec8 (0xfe043783) ld      a5, -32(s0)
core   0: 3 0x000000008000fec8 (0xfe043783) x15 0x00000000800120a8 mem 0x0000000080031f50
core   0: 0x000000008000fecc (0x00178713) addi    a4, a5, 1
core   0: 3 0x000000008000fecc (0x00178713) x14 0x00000000800120a9
core   0: 0x000000008000fed0 (0xfee43023) sd      a4, -32(s0)
core   0: 3 0x000000008000fed0 (0xfee43023) mem 0x0000000080031f50 0x00000000800120a9
core   0: 0x000000008000fed4 (0xfc442703) lw      a4, -60(s0)
core   0: 3 0x000000008000fed4 (0xfc442703) x14 0x0000000000000000 mem 0x0000000080031f34
core   0: 0x000000008000fed8 (0x0ff77713) andi    a4, a4, 255
core   0: 3 0x000000008000fed8 (0x0ff77713) x14 0x0000000000000000
core   0: 0x000000008000fedc (0x00e78023) sb      a4, 0(a5)
core   0: 3 0x000000008000fedc (0x00e78023) mem 0x00000000800120a8 0x00
core   0: 0x000000008000fee0 (0xfc843703) ld      a4, -56(s0)
core   0: 3 0x000000008000fee0 (0xfc843703) x14 0x0000000080012040 mem 0x0000000080031f38
core   0: 0x000000008000fee4 (0xfb843783) ld      a5, -72(s0)
core   0: 3 0x000000008000fee4 (0xfb843783) x15 0x000000000000009c mem 0x0000000080031f28
core   0: 0x000000008000fee8 (0x000097ba) c.add   a5, a4
core   0: 3 0x000000008000fee8 (0x97ba) x15 0x00000000800120dc
core   0: 0x000000008000feea (0xfe043703) ld      a4, -32(s0)
core   0: 3 0x000000008000feea (0xfe043703) x14 0x00000000800120a9 mem 0x0000000080031f50
core   0: 0x000000008000feee (0xfcf76de3) bltu    a4, a5, pc - 38
core   0: 3 0x000000008000feee (0xfcf76de3)
core   0: 0x000000008000fec8 (0xfe043783) ld      a5, -32(s0)
core   0: 3 0x000000008000fec8 (0xfe043783) x15 0x00000000800120a9 mem 0x0000000080031f50
core   0: 0x000000008000fecc (0x00178713) addi    a4, a5, 1
core   0: 3 0x000000008000fecc (0x00178713) x14 0x00000000800120aa
core   0: 0x000000008000fed0 (0xfee43023) sd      a4, -32(s0)
core   0: 3 0x000000008000fed0 (0xfee43023) mem 0x0000000080031f50 0x00000000800120aa
core   0: 0x000000008000fed4 (0xfc442703) lw      a4, -60(s0)
core   0: 3 0x000000008000fed4 (0xfc442703) x14 0x0000000000000000 mem 0x0000000080031f34
core   0: 0x000000008000fed8 (0x0ff77713) andi    a4, a4, 255
core   0: 3 0x000000008000fed8 (0x0ff77713) x14 0x0000000000000000
core   0: 0x000000008000fedc (0x00e78023) sb      a4, 0(a5)
core   0: 3 0x000000008000fedc (0x00e78023) mem 0x00000000800120a9 0x00
core   0: 0x000000008000fee0 (0xfc843703) ld      a4, -56(s0)
core   0: 3 0x000000008000fee0 (0xfc843703) x14 0x0000000080012040 mem 0x0000000080031f38
core   0: 0x000000008000fee4 (0xfb843783) ld      a5, -72(s0)
core   0: 3 0x000000008000fee4 (0xfb843783) x15 0x000000000000009c mem 0x0000000080031f28
core   0: 0x000000008000fee8 (0x000097ba) c.add   a5, a4
core   0: 3 0x000000008000fee8 (0x97ba) x15 0x00000000800120dc
core   0: 0x000000008000feea (0xfe043703) ld      a4, -32(s0)
core   0: 3 0x000000008000feea (0xfe043703) x14 0x00000000800120aa mem 0x0000000080031f50
core   0: 0x000000008000feee (0xfcf76de3) bltu    a4, a5, pc - 38
core   0: 3 0x000000008000feee (0xfcf76de3)
core   0: 0x000000008000fec8 (0xfe043783) ld      a5, -32(s0)
core   0: 3 0x000000008000fec8 (0xfe043783) x15 0x00000000800120aa mem 0x0000000080031f50
core   0: 0x000000008000fecc (0x00178713) addi    a4, a5, 1
core   0: 3 0x000000008000fecc (0x00178713) x14 0x00000000800120ab
core   0: 0x000000008000fed0 (0xfee43023) sd      a4, -32(s0)
core   0: 3 0x000000008000fed0 (0xfee43023) mem 0x0000000080031f50 0x00000000800120ab
core   0: 0x000000008000fed4 (0xfc442703) lw      a4, -60(s0)
core   0: 3 0x000000008000fed4 (0xfc442703) x14 0x0000000000000000 mem 0x0000000080031f34
core   0: 0x000000008000fed8 (0x0ff77713) andi    a4, a4, 255
core   0: 3 0x000000008000fed8 (0x0ff77713) x14 0x0000000000000000
core   0: 0x000000008000fedc (0x00e78023) sb      a4, 0(a5)
core   0: 3 0x000000008000fedc (0x00e78023) mem 0x00000000800120aa 0x00
core   0: 0x000000008000fee0 (0xfc843703) ld      a4, -56(s0)
core   0: 3 0x000000008000fee0 (0xfc843703) x14 0x0000000080012040 mem 0x0000000080031f38
core   0: 0x000000008000fee4 (0xfb843783) ld      a5, -72(s0)
core   0: 3 0x000000008000fee4 (0xfb843783) x15 0x000000000000009c mem 0x0000000080031f28
core   0: 0x000000008000fee8 (0x000097ba) c.add   a5, a4
core   0: 3 0x000000008000fee8 (0x97ba) x15 0x00000000800120dc
core   0: 0x000000008000feea (0xfe043703) ld      a4, -32(s0)
core   0: 3 0x000000008000feea (0xfe043703) x14 0x00000000800120ab mem 0x0000000080031f50
core   0: 0x000000008000feee (0xfcf76de3) bltu    a4, a5, pc - 38
core   0: 3 0x000000008000feee (0xfcf76de3)
core   0: 0x000000008000fec8 (0xfe043783) ld      a5, -32(s0)
core   0: 3 0x000000008000fec8 (0xfe043783) x15 0x00000000800120ab mem 0x0000000080031f50
core   0: 0x000000008000fecc (0x00178713) addi    a4, a5, 1
core   0: 3 0x000000008000fecc (0x00178713) x14 0x00000000800120ac
core   0: 0x000000008000fed0 (0xfee43023) sd      a4, -32(s0)
core   0: 3 0x000000008000fed0 (0xfee43023) mem 0x0000000080031f50 0x00000000800120ac
core   0: 0x000000008000fed4 (0xfc442703) lw      a4, -60(s0)
core   0: 3 0x000000008000fed4 (0xfc442703) x14 0x0000000000000000 mem 0x0000000080031f34
core   0: 0x000000008000fed8 (0x0ff77713) andi    a4, a4, 255
core   0: 3 0x000000008000fed8 (0x0ff77713) x14 0x0000000000000000
core   0: 0x000000008000fedc (0x00e78023) sb      a4, 0(a5)
core   0: 3 0x000000008000fedc (0x00e78023) mem 0x00000000800120ab 0x00
core   0: 0x000000008000fee0 (0xfc843703) ld      a4, -56(s0)
core   0: 3 0x000000008000fee0 (0xfc843703) x14 0x0000000080012040 mem 0x0000000080031f38
core   0: 0x000000008000fee4 (0xfb843783) ld      a5, -72(s0)
core   0: 3 0x000000008000fee4 (0xfb843783) x15 0x000000000000009c mem 0x0000000080031f28
core   0: 0x000000008000fee8 (0x000097ba) c.add   a5, a4
core   0: 3 0x000000008000fee8 (0x97ba) x15 0x00000000800120dc
core   0: 0x000000008000feea (0xfe043703) ld      a4, -32(s0)
core   0: 3 0x000000008000feea (0xfe043703) x14 0x00000000800120ac mem 0x0000000080031f50
core   0: 0x000000008000feee (0xfcf76de3) bltu    a4, a5, pc - 38
core   0: 3 0x000000008000feee (0xfcf76de3)
core   0: 0x000000008000fec8 (0xfe043783) ld      a5, -32(s0)
core   0: 3 0x000000008000fec8 (0xfe043783) x15 0x00000000800120ac mem 0x0000000080031f50
core   0: 0x000000008000fecc (0x00178713) addi    a4, a5, 1
core   0: 3 0x000000008000fecc (0x00178713) x14 0x00000000800120ad
core   0: 0x000000008000fed0 (0xfee43023) sd      a4, -32(s0)
core   0: 3 0x000000008000fed0 (0xfee43023) mem 0x0000000080031f50 0x00000000800120ad
core   0: 0x000000008000fed4 (0xfc442703) lw      a4, -60(s0)
core   0: 3 0x000000008000fed4 (0xfc442703) x14 0x0000000000000000 mem 0x0000000080031f34
core   0: 0x000000008000fed8 (0x0ff77713) andi    a4, a4, 255
core   0: 3 0x000000008000fed8 (0x0ff77713) x14 0x0000000000000000
core   0: 0x000000008000fedc (0x00e78023) sb      a4, 0(a5)
core   0: 3 0x000000008000fedc (0x00e78023) mem 0x00000000800120ac 0x00
core   0: 0x000000008000fee0 (0xfc843703) ld      a4, -56(s0)
core   0: 3 0x000000008000fee0 (0xfc843703) x14 0x0000000080012040 mem 0x0000000080031f38
core   0: 0x000000008000fee4 (0xfb843783) ld      a5, -72(s0)
core   0: 3 0x000000008000fee4 (0xfb843783) x15 0x000000000000009c mem 0x0000000080031f28
core   0: 0x000000008000fee8 (0x000097ba) c.add   a5, a4
core   0: 3 0x000000008000fee8 (0x97ba) x15 0x00000000800120dc
core   0: 0x000000008000feea (0xfe043703) ld      a4, -32(s0)
core   0: 3 0x000000008000feea (0xfe043703) x14 0x00000000800120ad mem 0x0000000080031f50
core   0: 0x000000008000feee (0xfcf76de3) bltu    a4, a5, pc - 38
core   0: 3 0x000000008000feee (0xfcf76de3)
core   0: 0x000000008000fec8 (0xfe043783) ld      a5, -32(s0)
core   0: 3 0x000000008000fec8 (0xfe043783) x15 0x00000000800120ad mem 0x0000000080031f50
core   0: 0x000000008000fecc (0x00178713) addi    a4, a5, 1
core   0: 3 0x000000008000fecc (0x00178713) x14 0x00000000800120ae
core   0: 0x000000008000fed0 (0xfee43023) sd      a4, -32(s0)
core   0: 3 0x000000008000fed0 (0xfee43023) mem 0x0000000080031f50 0x00000000800120ae
core   0: 0x000000008000fed4 (0xfc442703) lw      a4, -60(s0)
core   0: 3 0x000000008000fed4 (0xfc442703) x14 0x0000000000000000 mem 0x0000000080031f34
core   0: 0x000000008000fed8 (0x0ff77713) andi    a4, a4, 255
core   0: 3 0x000000008000fed8 (0x0ff77713) x14 0x0000000000000000
core   0: 0x000000008000fedc (0x00e78023) sb      a4, 0(a5)
core   0: 3 0x000000008000fedc (0x00e78023) mem 0x00000000800120ad 0x00
core   0: 0x000000008000fee0 (0xfc843703) ld      a4, -56(s0)
core   0: 3 0x000000008000fee0 (0xfc843703) x14 0x0000000080012040 mem 0x0000000080031f38
core   0: 0x000000008000fee4 (0xfb843783) ld      a5, -72(s0)
core   0: 3 0x000000008000fee4 (0xfb843783) x15 0x000000000000009c mem 0x0000000080031f28
core   0: 0x000000008000fee8 (0x000097ba) c.add   a5, a4
core   0: 3 0x000000008000fee8 (0x97ba) x15 0x00000000800120dc
core   0: 0x000000008000feea (0xfe043703) ld      a4, -32(s0)
core   0: 3 0x000000008000feea (0xfe043703) x14 0x00000000800120ae mem 0x0000000080031f50
core   0: 0x000000008000feee (0xfcf76de3) bltu    a4, a5, pc - 38
core   0: 3 0x000000008000feee (0xfcf76de3)
core   0: 0x000000008000fec8 (0xfe043783) ld      a5, -32(s0)
core   0: 3 0x000000008000fec8 (0xfe043783) x15 0x00000000800120ae mem 0x0000000080031f50
core   0: 0x000000008000fecc (0x00178713) addi    a4, a5, 1
core   0: 3 0x000000008000fecc (0x00178713) x14 0x00000000800120af
core   0: 0x000000008000fed0 (0xfee43023) sd      a4, -32(s0)
core   0: 3 0x000000008000fed0 (0xfee43023) mem 0x0000000080031f50 0x00000000800120af
core   0: 0x000000008000fed4 (0xfc442703) lw      a4, -60(s0)
core   0: 3 0x000000008000fed4 (0xfc442703) x14 0x0000000000000000 mem 0x0000000080031f34
core   0: 0x000000008000fed8 (0x0ff77713) andi    a4, a4, 255
core   0: 3 0x000000008000fed8 (0x0ff77713) x14 0x0000000000000000
core   0: 0x000000008000fedc (0x00e78023) sb      a4, 0(a5)
core   0: 3 0x000000008000fedc (0x00e78023) mem 0x00000000800120ae 0x00
core   0: 0x000000008000fee0 (0xfc843703) ld      a4, -56(s0)
core   0: 3 0x000000008000fee0 (0xfc843703) x14 0x0000000080012040 mem 0x0000000080031f38
core   0: 0x000000008000fee4 (0xfb843783) ld      a5, -72(s0)
core   0: 3 0x000000008000fee4 (0xfb843783) x15 0x000000000000009c mem 0x0000000080031f28
core   0: 0x000000008000fee8 (0x000097ba) c.add   a5, a4
core   0: 3 0x000000008000fee8 (0x97ba) x15 0x00000000800120dc
core   0: 0x000000008000feea (0xfe043703) ld      a4, -32(s0)
core   0: 3 0x000000008000feea (0xfe043703) x14 0x00000000800120af mem 0x0000000080031f50
core   0: 0x000000008000feee (0xfcf76de3) bltu    a4, a5, pc - 38
core   0: 3 0x000000008000feee (0xfcf76de3)
core   0: 0x000000008000fec8 (0xfe043783) ld      a5, -32(s0)
core   0: 3 0x000000008000fec8 (0xfe043783) x15 0x00000000800120af mem 0x0000000080031f50
core   0: 0x000000008000fecc (0x00178713) addi    a4, a5, 1
core   0: 3 0x000000008000fecc (0x00178713) x14 0x00000000800120b0
core   0: 0x000000008000fed0 (0xfee43023) sd      a4, -32(s0)
core   0: 3 0x000000008000fed0 (0xfee43023) mem 0x0000000080031f50 0x00000000800120b0
core   0: 0x000000008000fed4 (0xfc442703) lw      a4, -60(s0)
core   0: 3 0x000000008000fed4 (0xfc442703) x14 0x0000000000000000 mem 0x0000000080031f34
core   0: 0x000000008000fed8 (0x0ff77713) andi    a4, a4, 255
core   0: 3 0x000000008000fed8 (0x0ff77713) x14 0x0000000000000000
core   0: 0x000000008000fedc (0x00e78023) sb      a4, 0(a5)
core   0: 3 0x000000008000fedc (0x00e78023) mem 0x00000000800120af 0x00
core   0: 0x000000008000fee0 (0xfc843703) ld      a4, -56(s0)
core   0: 3 0x000000008000fee0 (0xfc843703) x14 0x0000000080012040 mem 0x0000000080031f38
core   0: 0x000000008000fee4 (0xfb843783) ld      a5, -72(s0)
core   0: 3 0x000000008000fee4 (0xfb843783) x15 0x000000000000009c mem 0x0000000080031f28
core   0: 0x000000008000fee8 (0x000097ba) c.add   a5, a4
core   0: 3 0x000000008000fee8 (0x97ba) x15 0x00000000800120dc
core   0: 0x000000008000feea (0xfe043703) ld      a4, -32(s0)
core   0: 3 0x000000008000feea (0xfe043703) x14 0x00000000800120b0 mem 0x0000000080031f50
core   0: 0x000000008000feee (0xfcf76de3) bltu    a4, a5, pc - 38
core   0: 3 0x000000008000feee (0xfcf76de3)
core   0: 0x000000008000fec8 (0xfe043783) ld      a5, -32(s0)
core   0: 3 0x000000008000fec8 (0xfe043783) x15 0x00000000800120b0 mem 0x0000000080031f50
core   0: 0x000000008000fecc (0x00178713) addi    a4, a5, 1
core   0: 3 0x000000008000fecc (0x00178713) x14 0x00000000800120b1
core   0: 0x000000008000fed0 (0xfee43023) sd      a4, -32(s0)
core   0: 3 0x000000008000fed0 (0xfee43023) mem 0x0000000080031f50 0x00000000800120b1
core   0: 0x000000008000fed4 (0xfc442703) lw      a4, -60(s0)
core   0: 3 0x000000008000fed4 (0xfc442703) x14 0x0000000000000000 mem 0x0000000080031f34
core   0: 0x000000008000fed8 (0x0ff77713) andi    a4, a4, 255
core   0: 3 0x000000008000fed8 (0x0ff77713) x14 0x0000000000000000
core   0: 0x000000008000fedc (0x00e78023) sb      a4, 0(a5)
core   0: 3 0x000000008000fedc (0x00e78023) mem 0x00000000800120b0 0x00
core   0: 0x000000008000fee0 (0xfc843703) ld      a4, -56(s0)
core   0: 3 0x000000008000fee0 (0xfc843703) x14 0x0000000080012040 mem 0x0000000080031f38
core   0: 0x000000008000fee4 (0xfb843783) ld      a5, -72(s0)
core   0: 3 0x000000008000fee4 (0xfb843783) x15 0x000000000000009c mem 0x0000000080031f28
core   0: 0x000000008000fee8 (0x000097ba) c.add   a5, a4
core   0: 3 0x000000008000fee8 (0x97ba) x15 0x00000000800120dc
core   0: 0x000000008000feea (0xfe043703) ld      a4, -32(s0)
core   0: 3 0x000000008000feea (0xfe043703) x14 0x00000000800120b1 mem 0x0000000080031f50
core   0: 0x000000008000feee (0xfcf76de3) bltu    a4, a5, pc - 38
core   0: 3 0x000000008000feee (0xfcf76de3)
core   0: 0x000000008000fec8 (0xfe043783) ld      a5, -32(s0)
core   0: 3 0x000000008000fec8 (0xfe043783) x15 0x00000000800120b1 mem 0x0000000080031f50
core   0: 0x000000008000fecc (0x00178713) addi    a4, a5, 1
core   0: 3 0x000000008000fecc (0x00178713) x14 0x00000000800120b2
core   0: 0x000000008000fed0 (0xfee43023) sd      a4, -32(s0)
core   0: 3 0x000000008000fed0 (0xfee43023) mem 0x0000000080031f50 0x00000000800120b2
core   0: 0x000000008000fed4 (0xfc442703) lw      a4, -60(s0)
core   0: 3 0x000000008000fed4 (0xfc442703) x14 0x0000000000000000 mem 0x0000000080031f34
core   0: 0x000000008000fed8 (0x0ff77713) andi    a4, a4, 255
core   0: 3 0x000000008000fed8 (0x0ff77713) x14 0x0000000000000000
core   0: 0x000000008000fedc (0x00e78023) sb      a4, 0(a5)
core   0: 3 0x000000008000fedc (0x00e78023) mem 0x00000000800120b1 0x00
core   0: 0x000000008000fee0 (0xfc843703) ld      a4, -56(s0)
core   0: 3 0x000000008000fee0 (0xfc843703) x14 0x0000000080012040 mem 0x0000000080031f38
core   0: 0x000000008000fee4 (0xfb843783) ld      a5, -72(s0)
core   0: 3 0x000000008000fee4 (0xfb843783) x15 0x000000000000009c mem 0x0000000080031f28
core   0: 0x000000008000fee8 (0x000097ba) c.add   a5, a4
core   0: 3 0x000000008000fee8 (0x97ba) x15 0x00000000800120dc
core   0: 0x000000008000feea (0xfe043703) ld      a4, -32(s0)
core   0: 3 0x000000008000feea (0xfe043703) x14 0x00000000800120b2 mem 0x0000000080031f50
core   0: 0x000000008000feee (0xfcf76de3) bltu    a4, a5, pc - 38
core   0: 3 0x000000008000feee (0xfcf76de3)
core   0: 0x000000008000fec8 (0xfe043783) ld      a5, -32(s0)
core   0: 3 0x000000008000fec8 (0xfe043783) x15 0x00000000800120b2 mem 0x0000000080031f50
core   0: 0x000000008000fecc (0x00178713) addi    a4, a5, 1
core   0: 3 0x000000008000fecc (0x00178713) x14 0x00000000800120b3
core   0: 0x000000008000fed0 (0xfee43023) sd      a4, -32(s0)
core   0: 3 0x000000008000fed0 (0xfee43023) mem 0x0000000080031f50 0x00000000800120b3
core   0: 0x000000008000fed4 (0xfc442703) lw      a4, -60(s0)
core   0: 3 0x000000008000fed4 (0xfc442703) x14 0x0000000000000000 mem 0x0000000080031f34
core   0: 0x000000008000fed8 (0x0ff77713) andi    a4, a4, 255
core   0: 3 0x000000008000fed8 (0x0ff77713) x14 0x0000000000000000
core   0: 0x000000008000fedc (0x00e78023) sb      a4, 0(a5)
core   0: 3 0x000000008000fedc (0x00e78023) mem 0x00000000800120b2 0x00
core   0: 0x000000008000fee0 (0xfc843703) ld      a4, -56(s0)
core   0: 3 0x000000008000fee0 (0xfc843703) x14 0x0000000080012040 mem 0x0000000080031f38
core   0: 0x000000008000fee4 (0xfb843783) ld      a5, -72(s0)
core   0: 3 0x000000008000fee4 (0xfb843783) x15 0x000000000000009c mem 0x0000000080031f28
core   0: 0x000000008000fee8 (0x000097ba) c.add   a5, a4
core   0: 3 0x000000008000fee8 (0x97ba) x15 0x00000000800120dc
core   0: 0x000000008000feea (0xfe043703) ld      a4, -32(s0)
core   0: 3 0x000000008000feea (0xfe043703) x14 0x00000000800120b3 mem 0x0000000080031f50
core   0: 0x000000008000feee (0xfcf76de3) bltu    a4, a5, pc - 38
core   0: 3 0x000000008000feee (0xfcf76de3)
core   0: 0x000000008000fec8 (0xfe043783) ld      a5, -32(s0)
core   0: 3 0x000000008000fec8 (0xfe043783) x15 0x00000000800120b3 mem 0x0000000080031f50
core   0: 0x000000008000fecc (0x00178713) addi    a4, a5, 1
core   0: 3 0x000000008000fecc (0x00178713) x14 0x00000000800120b4
core   0: 0x000000008000fed0 (0xfee43023) sd      a4, -32(s0)
core   0: 3 0x000000008000fed0 (0xfee43023) mem 0x0000000080031f50 0x00000000800120b4
core   0: 0x000000008000fed4 (0xfc442703) lw      a4, -60(s0)
core   0: 3 0x000000008000fed4 (0xfc442703) x14 0x0000000000000000 mem 0x0000000080031f34
core   0: 0x000000008000fed8 (0x0ff77713) andi    a4, a4, 255
core   0: 3 0x000000008000fed8 (0x0ff77713) x14 0x0000000000000000
core   0: 0x000000008000fedc (0x00e78023) sb      a4, 0(a5)
core   0: 3 0x000000008000fedc (0x00e78023) mem 0x00000000800120b3 0x00
core   0: 0x000000008000fee0 (0xfc843703) ld      a4, -56(s0)
core   0: 3 0x000000008000fee0 (0xfc843703) x14 0x0000000080012040 mem 0x0000000080031f38
core   0: 0x000000008000fee4 (0xfb843783) ld      a5, -72(s0)
core   0: 3 0x000000008000fee4 (0xfb843783) x15 0x000000000000009c mem 0x0000000080031f28
core   0: 0x000000008000fee8 (0x000097ba) c.add   a5, a4
core   0: 3 0x000000008000fee8 (0x97ba) x15 0x00000000800120dc
core   0: 0x000000008000feea (0xfe043703) ld      a4, -32(s0)
core   0: 3 0x000000008000feea (0xfe043703) x14 0x00000000800120b4 mem 0x0000000080031f50
core   0: 0x000000008000feee (0xfcf76de3) bltu    a4, a5, pc - 38
core   0: 3 0x000000008000feee (0xfcf76de3)
core   0: 0x000000008000fec8 (0xfe043783) ld      a5, -32(s0)
core   0: 3 0x000000008000fec8 (0xfe043783) x15 0x00000000800120b4 mem 0x0000000080031f50
core   0: 0x000000008000fecc (0x00178713) addi    a4, a5, 1
core   0: 3 0x000000008000fecc (0x00178713) x14 0x00000000800120b5
core   0: 0x000000008000fed0 (0xfee43023) sd      a4, -32(s0)
core   0: 3 0x000000008000fed0 (0xfee43023) mem 0x0000000080031f50 0x00000000800120b5
core   0: 0x000000008000fed4 (0xfc442703) lw      a4, -60(s0)
core   0: 3 0x000000008000fed4 (0xfc442703) x14 0x0000000000000000 mem 0x0000000080031f34
core   0: 0x000000008000fed8 (0x0ff77713) andi    a4, a4, 255
core   0: 3 0x000000008000fed8 (0x0ff77713) x14 0x0000000000000000
core   0: 0x000000008000fedc (0x00e78023) sb      a4, 0(a5)
core   0: 3 0x000000008000fedc (0x00e78023) mem 0x00000000800120b4 0x00
core   0: 0x000000008000fee0 (0xfc843703) ld      a4, -56(s0)
core   0: 3 0x000000008000fee0 (0xfc843703) x14 0x0000000080012040 mem 0x0000000080031f38
core   0: 0x000000008000fee4 (0xfb843783) ld      a5, -72(s0)
core   0: 3 0x000000008000fee4 (0xfb843783) x15 0x000000000000009c mem 0x0000000080031f28
core   0: 0x000000008000fee8 (0x000097ba) c.add   a5, a4
core   0: 3 0x000000008000fee8 (0x97ba) x15 0x00000000800120dc
core   0: 0x000000008000feea (0xfe043703) ld      a4, -32(s0)
core   0: 3 0x000000008000feea (0xfe043703) x14 0x00000000800120b5 mem 0x0000000080031f50
core   0: 0x000000008000feee (0xfcf76de3) bltu    a4, a5, pc - 38
core   0: 3 0x000000008000feee (0xfcf76de3)
core   0: 0x000000008000fec8 (0xfe043783) ld      a5, -32(s0)
core   0: 3 0x000000008000fec8 (0xfe043783) x15 0x00000000800120b5 mem 0x0000000080031f50
core   0: 0x000000008000fecc (0x00178713) addi    a4, a5, 1
core   0: 3 0x000000008000fecc (0x00178713) x14 0x00000000800120b6
core   0: 0x000000008000fed0 (0xfee43023) sd      a4, -32(s0)
core   0: 3 0x000000008000fed0 (0xfee43023) mem 0x0000000080031f50 0x00000000800120b6
core   0: 0x000000008000fed4 (0xfc442703) lw      a4, -60(s0)
core   0: 3 0x000000008000fed4 (0xfc442703) x14 0x0000000000000000 mem 0x0000000080031f34
core   0: 0x000000008000fed8 (0x0ff77713) andi    a4, a4, 255
core   0: 3 0x000000008000fed8 (0x0ff77713) x14 0x0000000000000000
core   0: 0x000000008000fedc (0x00e78023) sb      a4, 0(a5)
core   0: 3 0x000000008000fedc (0x00e78023) mem 0x00000000800120b5 0x00
core   0: 0x000000008000fee0 (0xfc843703) ld      a4, -56(s0)
core   0: 3 0x000000008000fee0 (0xfc843703) x14 0x0000000080012040 mem 0x0000000080031f38
core   0: 0x000000008000fee4 (0xfb843783) ld      a5, -72(s0)
core   0: 3 0x000000008000fee4 (0xfb843783) x15 0x000000000000009c mem 0x0000000080031f28
core   0: 0x000000008000fee8 (0x000097ba) c.add   a5, a4
core   0: 3 0x000000008000fee8 (0x97ba) x15 0x00000000800120dc
core   0: 0x000000008000feea (0xfe043703) ld      a4, -32(s0)
core   0: 3 0x000000008000feea (0xfe043703) x14 0x00000000800120b6 mem 0x0000000080031f50
core   0: 0x000000008000feee (0xfcf76de3) bltu    a4, a5, pc - 38
core   0: 3 0x000000008000feee (0xfcf76de3)
core   0: 0x000000008000fec8 (0xfe043783) ld      a5, -32(s0)
core   0: 3 0x000000008000fec8 (0xfe043783) x15 0x00000000800120b6 mem 0x0000000080031f50
core   0: 0x000000008000fecc (0x00178713) addi    a4, a5, 1
core   0: 3 0x000000008000fecc (0x00178713) x14 0x00000000800120b7
core   0: 0x000000008000fed0 (0xfee43023) sd      a4, -32(s0)
core   0: 3 0x000000008000fed0 (0xfee43023) mem 0x0000000080031f50 0x00000000800120b7
core   0: 0x000000008000fed4 (0xfc442703) lw      a4, -60(s0)
core   0: 3 0x000000008000fed4 (0xfc442703) x14 0x0000000000000000 mem 0x0000000080031f34
core   0: 0x000000008000fed8 (0x0ff77713) andi    a4, a4, 255
core   0: 3 0x000000008000fed8 (0x0ff77713) x14 0x0000000000000000
core   0: 0x000000008000fedc (0x00e78023) sb      a4, 0(a5)
core   0: 3 0x000000008000fedc (0x00e78023) mem 0x00000000800120b6 0x00
core   0: 0x000000008000fee0 (0xfc843703) ld      a4, -56(s0)
core   0: 3 0x000000008000fee0 (0xfc843703) x14 0x0000000080012040 mem 0x0000000080031f38
core   0: 0x000000008000fee4 (0xfb843783) ld      a5, -72(s0)
core   0: 3 0x000000008000fee4 (0xfb843783) x15 0x000000000000009c mem 0x0000000080031f28
core   0: 0x000000008000fee8 (0x000097ba) c.add   a5, a4
core   0: 3 0x000000008000fee8 (0x97ba) x15 0x00000000800120dc
core   0: 0x000000008000feea (0xfe043703) ld      a4, -32(s0)
core   0: 3 0x000000008000feea (0xfe043703) x14 0x00000000800120b7 mem 0x0000000080031f50
core   0: 0x000000008000feee (0xfcf76de3) bltu    a4, a5, pc - 38
core   0: 3 0x000000008000feee (0xfcf76de3)
core   0: 0x000000008000fec8 (0xfe043783) ld      a5, -32(s0)
core   0: 3 0x000000008000fec8 (0xfe043783) x15 0x00000000800120b7 mem 0x0000000080031f50
core   0: 0x000000008000fecc (0x00178713) addi    a4, a5, 1
core   0: 3 0x000000008000fecc (0x00178713) x14 0x00000000800120b8
core   0: 0x000000008000fed0 (0xfee43023) sd      a4, -32(s0)
core   0: 3 0x000000008000fed0 (0xfee43023) mem 0x0000000080031f50 0x00000000800120b8
core   0: 0x000000008000fed4 (0xfc442703) lw      a4, -60(s0)
core   0: 3 0x000000008000fed4 (0xfc442703) x14 0x0000000000000000 mem 0x0000000080031f34
core   0: 0x000000008000fed8 (0x0ff77713) andi    a4, a4, 255
core   0: 3 0x000000008000fed8 (0x0ff77713) x14 0x0000000000000000
core   0: 0x000000008000fedc (0x00e78023) sb      a4, 0(a5)
core   0: 3 0x000000008000fedc (0x00e78023) mem 0x00000000800120b7 0x00
core   0: 0x000000008000fee0 (0xfc843703) ld      a4, -56(s0)
core   0: 3 0x000000008000fee0 (0xfc843703) x14 0x0000000080012040 mem 0x0000000080031f38
core   0: 0x000000008000fee4 (0xfb843783) ld      a5, -72(s0)
core   0: 3 0x000000008000fee4 (0xfb843783) x15 0x000000000000009c mem 0x0000000080031f28
core   0: 0x000000008000fee8 (0x000097ba) c.add   a5, a4
core   0: 3 0x000000008000fee8 (0x97ba) x15 0x00000000800120dc
core   0: 0x000000008000feea (0xfe043703) ld      a4, -32(s0)
core   0: 3 0x000000008000feea (0xfe043703) x14 0x00000000800120b8 mem 0x0000000080031f50
core   0: 0x000000008000feee (0xfcf76de3) bltu    a4, a5, pc - 38
core   0: 3 0x000000008000feee (0xfcf76de3)
core   0: 0x000000008000fec8 (0xfe043783) ld      a5, -32(s0)
core   0: 3 0x000000008000fec8 (0xfe043783) x15 0x00000000800120b8 mem 0x0000000080031f50
core   0: 0x000000008000fecc (0x00178713) addi    a4, a5, 1
core   0: 3 0x000000008000fecc (0x00178713) x14 0x00000000800120b9
core   0: 0x000000008000fed0 (0xfee43023) sd      a4, -32(s0)
core   0: 3 0x000000008000fed0 (0xfee43023) mem 0x0000000080031f50 0x00000000800120b9
core   0: 0x000000008000fed4 (0xfc442703) lw      a4, -60(s0)
core   0: 3 0x000000008000fed4 (0xfc442703) x14 0x0000000000000000 mem 0x0000000080031f34
core   0: 0x000000008000fed8 (0x0ff77713) andi    a4, a4, 255
core   0: 3 0x000000008000fed8 (0x0ff77713) x14 0x0000000000000000
core   0: 0x000000008000fedc (0x00e78023) sb      a4, 0(a5)
core   0: 3 0x000000008000fedc (0x00e78023) mem 0x00000000800120b8 0x00
core   0: 0x000000008000fee0 (0xfc843703) ld      a4, -56(s0)
core   0: 3 0x000000008000fee0 (0xfc843703) x14 0x0000000080012040 mem 0x0000000080031f38
core   0: 0x000000008000fee4 (0xfb843783) ld      a5, -72(s0)
core   0: 3 0x000000008000fee4 (0xfb843783) x15 0x000000000000009c mem 0x0000000080031f28
core   0: 0x000000008000fee8 (0x000097ba) c.add   a5, a4
core   0: 3 0x000000008000fee8 (0x97ba) x15 0x00000000800120dc
core   0: 0x000000008000feea (0xfe043703) ld      a4, -32(s0)
core   0: 3 0x000000008000feea (0xfe043703) x14 0x00000000800120b9 mem 0x0000000080031f50
core   0: 0x000000008000feee (0xfcf76de3) bltu    a4, a5, pc - 38
core   0: 3 0x000000008000feee (0xfcf76de3)
core   0: 0x000000008000fec8 (0xfe043783) ld      a5, -32(s0)
core   0: 3 0x000000008000fec8 (0xfe043783) x15 0x00000000800120b9 mem 0x0000000080031f50
core   0: 0x000000008000fecc (0x00178713) addi    a4, a5, 1
core   0: 3 0x000000008000fecc (0x00178713) x14 0x00000000800120ba
core   0: 0x000000008000fed0 (0xfee43023) sd      a4, -32(s0)
core   0: 3 0x000000008000fed0 (0xfee43023) mem 0x0000000080031f50 0x00000000800120ba
core   0: 0x000000008000fed4 (0xfc442703) lw      a4, -60(s0)
core   0: 3 0x000000008000fed4 (0xfc442703) x14 0x0000000000000000 mem 0x0000000080031f34
core   0: 0x000000008000fed8 (0x0ff77713) andi    a4, a4, 255
core   0: 3 0x000000008000fed8 (0x0ff77713) x14 0x0000000000000000
core   0: 0x000000008000fedc (0x00e78023) sb      a4, 0(a5)
core   0: 3 0x000000008000fedc (0x00e78023) mem 0x00000000800120b9 0x00
core   0: 0x000000008000fee0 (0xfc843703) ld      a4, -56(s0)
core   0: 3 0x000000008000fee0 (0xfc843703) x14 0x0000000080012040 mem 0x0000000080031f38
core   0: 0x000000008000fee4 (0xfb843783) ld      a5, -72(s0)
core   0: 3 0x000000008000fee4 (0xfb843783) x15 0x000000000000009c mem 0x0000000080031f28
core   0: 0x000000008000fee8 (0x000097ba) c.add   a5, a4
core   0: 3 0x000000008000fee8 (0x97ba) x15 0x00000000800120dc
core   0: 0x000000008000feea (0xfe043703) ld      a4, -32(s0)
core   0: 3 0x000000008000feea (0xfe043703) x14 0x00000000800120ba mem 0x0000000080031f50
core   0: 0x000000008000feee (0xfcf76de3) bltu    a4, a5, pc - 38
core   0: 3 0x000000008000feee (0xfcf76de3)
core   0: 0x000000008000fec8 (0xfe043783) ld      a5, -32(s0)
core   0: 3 0x000000008000fec8 (0xfe043783) x15 0x00000000800120ba mem 0x0000000080031f50
core   0: 0x000000008000fecc (0x00178713) addi    a4, a5, 1
core   0: 3 0x000000008000fecc (0x00178713) x14 0x00000000800120bb
core   0: 0x000000008000fed0 (0xfee43023) sd      a4, -32(s0)
core   0: 3 0x000000008000fed0 (0xfee43023) mem 0x0000000080031f50 0x00000000800120bb
core   0: 0x000000008000fed4 (0xfc442703) lw      a4, -60(s0)
core   0: 3 0x000000008000fed4 (0xfc442703) x14 0x0000000000000000 mem 0x0000000080031f34
core   0: 0x000000008000fed8 (0x0ff77713) andi    a4, a4, 255
core   0: 3 0x000000008000fed8 (0x0ff77713) x14 0x0000000000000000
core   0: 0x000000008000fedc (0x00e78023) sb      a4, 0(a5)
core   0: 3 0x000000008000fedc (0x00e78023) mem 0x00000000800120ba 0x00
core   0: 0x000000008000fee0 (0xfc843703) ld      a4, -56(s0)
core   0: 3 0x000000008000fee0 (0xfc843703) x14 0x0000000080012040 mem 0x0000000080031f38
core   0: 0x000000008000fee4 (0xfb843783) ld      a5, -72(s0)
core   0: 3 0x000000008000fee4 (0xfb843783) x15 0x000000000000009c mem 0x0000000080031f28
core   0: 0x000000008000fee8 (0x000097ba) c.add   a5, a4
core   0: 3 0x000000008000fee8 (0x97ba) x15 0x00000000800120dc
core   0: 0x000000008000feea (0xfe043703) ld      a4, -32(s0)
core   0: 3 0x000000008000feea (0xfe043703) x14 0x00000000800120bb mem 0x0000000080031f50
core   0: 0x000000008000feee (0xfcf76de3) bltu    a4, a5, pc - 38
core   0: 3 0x000000008000feee (0xfcf76de3)
core   0: 0x000000008000fec8 (0xfe043783) ld      a5, -32(s0)
core   0: 3 0x000000008000fec8 (0xfe043783) x15 0x00000000800120bb mem 0x0000000080031f50
core   0: 0x000000008000fecc (0x00178713) addi    a4, a5, 1
core   0: 3 0x000000008000fecc (0x00178713) x14 0x00000000800120bc
core   0: 0x000000008000fed0 (0xfee43023) sd      a4, -32(s0)
core   0: 3 0x000000008000fed0 (0xfee43023) mem 0x0000000080031f50 0x00000000800120bc
core   0: 0x000000008000fed4 (0xfc442703) lw      a4, -60(s0)
core   0: 3 0x000000008000fed4 (0xfc442703) x14 0x0000000000000000 mem 0x0000000080031f34
core   0: 0x000000008000fed8 (0x0ff77713) andi    a4, a4, 255
core   0: 3 0x000000008000fed8 (0x0ff77713) x14 0x0000000000000000
core   0: 0x000000008000fedc (0x00e78023) sb      a4, 0(a5)
core   0: 3 0x000000008000fedc (0x00e78023) mem 0x00000000800120bb 0x00
core   0: 0x000000008000fee0 (0xfc843703) ld      a4, -56(s0)
core   0: 3 0x000000008000fee0 (0xfc843703) x14 0x0000000080012040 mem 0x0000000080031f38
core   0: 0x000000008000fee4 (0xfb843783) ld      a5, -72(s0)
core   0: 3 0x000000008000fee4 (0xfb843783) x15 0x000000000000009c mem 0x0000000080031f28
core   0: 0x000000008000fee8 (0x000097ba) c.add   a5, a4
core   0: 3 0x000000008000fee8 (0x97ba) x15 0x00000000800120dc
core   0: 0x000000008000feea (0xfe043703) ld      a4, -32(s0)
core   0: 3 0x000000008000feea (0xfe043703) x14 0x00000000800120bc mem 0x0000000080031f50
core   0: 0x000000008000feee (0xfcf76de3) bltu    a4, a5, pc - 38
core   0: 3 0x000000008000feee (0xfcf76de3)
core   0: 0x000000008000fec8 (0xfe043783) ld      a5, -32(s0)
core   0: 3 0x000000008000fec8 (0xfe043783) x15 0x00000000800120bc mem 0x0000000080031f50
core   0: 0x000000008000fecc (0x00178713) addi    a4, a5, 1
core   0: 3 0x000000008000fecc (0x00178713) x14 0x00000000800120bd
core   0: 0x000000008000fed0 (0xfee43023) sd      a4, -32(s0)
core   0: 3 0x000000008000fed0 (0xfee43023) mem 0x0000000080031f50 0x00000000800120bd
core   0: 0x000000008000fed4 (0xfc442703) lw      a4, -60(s0)
core   0: 3 0x000000008000fed4 (0xfc442703) x14 0x0000000000000000 mem 0x0000000080031f34
core   0: 0x000000008000fed8 (0x0ff77713) andi    a4, a4, 255
core   0: 3 0x000000008000fed8 (0x0ff77713) x14 0x0000000000000000
core   0: 0x000000008000fedc (0x00e78023) sb      a4, 0(a5)
core   0: 3 0x000000008000fedc (0x00e78023) mem 0x00000000800120bc 0x00
core   0: 0x000000008000fee0 (0xfc843703) ld      a4, -56(s0)
core   0: 3 0x000000008000fee0 (0xfc843703) x14 0x0000000080012040 mem 0x0000000080031f38
core   0: 0x000000008000fee4 (0xfb843783) ld      a5, -72(s0)
core   0: 3 0x000000008000fee4 (0xfb843783) x15 0x000000000000009c mem 0x0000000080031f28
core   0: 0x000000008000fee8 (0x000097ba) c.add   a5, a4
core   0: 3 0x000000008000fee8 (0x97ba) x15 0x00000000800120dc
core   0: 0x000000008000feea (0xfe043703) ld      a4, -32(s0)
core   0: 3 0x000000008000feea (0xfe043703) x14 0x00000000800120bd mem 0x0000000080031f50
core   0: 0x000000008000feee (0xfcf76de3) bltu    a4, a5, pc - 38
core   0: 3 0x000000008000feee (0xfcf76de3)
core   0: 0x000000008000fec8 (0xfe043783) ld      a5, -32(s0)
core   0: 3 0x000000008000fec8 (0xfe043783) x15 0x00000000800120bd mem 0x0000000080031f50
core   0: 0x000000008000fecc (0x00178713) addi    a4, a5, 1
core   0: 3 0x000000008000fecc (0x00178713) x14 0x00000000800120be
core   0: 0x000000008000fed0 (0xfee43023) sd      a4, -32(s0)
core   0: 3 0x000000008000fed0 (0xfee43023) mem 0x0000000080031f50 0x00000000800120be
core   0: 0x000000008000fed4 (0xfc442703) lw      a4, -60(s0)
core   0: 3 0x000000008000fed4 (0xfc442703) x14 0x0000000000000000 mem 0x0000000080031f34
core   0: 0x000000008000fed8 (0x0ff77713) andi    a4, a4, 255
core   0: 3 0x000000008000fed8 (0x0ff77713) x14 0x0000000000000000
core   0: 0x000000008000fedc (0x00e78023) sb      a4, 0(a5)
core   0: 3 0x000000008000fedc (0x00e78023) mem 0x00000000800120bd 0x00
core   0: 0x000000008000fee0 (0xfc843703) ld      a4, -56(s0)
core   0: 3 0x000000008000fee0 (0xfc843703) x14 0x0000000080012040 mem 0x0000000080031f38
core   0: 0x000000008000fee4 (0xfb843783) ld      a5, -72(s0)
core   0: 3 0x000000008000fee4 (0xfb843783) x15 0x000000000000009c mem 0x0000000080031f28
core   0: 0x000000008000fee8 (0x000097ba) c.add   a5, a4
core   0: 3 0x000000008000fee8 (0x97ba) x15 0x00000000800120dc
core   0: 0x000000008000feea (0xfe043703) ld      a4, -32(s0)
core   0: 3 0x000000008000feea (0xfe043703) x14 0x00000000800120be mem 0x0000000080031f50
core   0: 0x000000008000feee (0xfcf76de3) bltu    a4, a5, pc - 38
core   0: 3 0x000000008000feee (0xfcf76de3)
core   0: 0x000000008000fec8 (0xfe043783) ld      a5, -32(s0)
core   0: 3 0x000000008000fec8 (0xfe043783) x15 0x00000000800120be mem 0x0000000080031f50
core   0: 0x000000008000fecc (0x00178713) addi    a4, a5, 1
core   0: 3 0x000000008000fecc (0x00178713) x14 0x00000000800120bf
core   0: 0x000000008000fed0 (0xfee43023) sd      a4, -32(s0)
core   0: 3 0x000000008000fed0 (0xfee43023) mem 0x0000000080031f50 0x00000000800120bf
core   0: 0x000000008000fed4 (0xfc442703) lw      a4, -60(s0)
core   0: 3 0x000000008000fed4 (0xfc442703) x14 0x0000000000000000 mem 0x0000000080031f34
core   0: 0x000000008000fed8 (0x0ff77713) andi    a4, a4, 255
core   0: 3 0x000000008000fed8 (0x0ff77713) x14 0x0000000000000000
core   0: 0x000000008000fedc (0x00e78023) sb      a4, 0(a5)
core   0: 3 0x000000008000fedc (0x00e78023) mem 0x00000000800120be 0x00
core   0: 0x000000008000fee0 (0xfc843703) ld      a4, -56(s0)
core   0: 3 0x000000008000fee0 (0xfc843703) x14 0x0000000080012040 mem 0x0000000080031f38
core   0: 0x000000008000fee4 (0xfb843783) ld      a5, -72(s0)
core   0: 3 0x000000008000fee4 (0xfb843783) x15 0x000000000000009c mem 0x0000000080031f28
core   0: 0x000000008000fee8 (0x000097ba) c.add   a5, a4
core   0: 3 0x000000008000fee8 (0x97ba) x15 0x00000000800120dc
core   0: 0x000000008000feea (0xfe043703) ld      a4, -32(s0)
core   0: 3 0x000000008000feea (0xfe043703) x14 0x00000000800120bf mem 0x0000000080031f50
core   0: 0x000000008000feee (0xfcf76de3) bltu    a4, a5, pc - 38
core   0: 3 0x000000008000feee (0xfcf76de3)
core   0: 0x000000008000fec8 (0xfe043783) ld      a5, -32(s0)
core   0: 3 0x000000008000fec8 (0xfe043783) x15 0x00000000800120bf mem 0x0000000080031f50
core   0: 0x000000008000fecc (0x00178713) addi    a4, a5, 1
core   0: 3 0x000000008000fecc (0x00178713) x14 0x00000000800120c0
core   0: 0x000000008000fed0 (0xfee43023) sd      a4, -32(s0)
core   0: 3 0x000000008000fed0 (0xfee43023) mem 0x0000000080031f50 0x00000000800120c0
core   0: 0x000000008000fed4 (0xfc442703) lw      a4, -60(s0)
core   0: 3 0x000000008000fed4 (0xfc442703) x14 0x0000000000000000 mem 0x0000000080031f34
core   0: 0x000000008000fed8 (0x0ff77713) andi    a4, a4, 255
core   0: 3 0x000000008000fed8 (0x0ff77713) x14 0x0000000000000000
core   0: 0x000000008000fedc (0x00e78023) sb      a4, 0(a5)
core   0: 3 0x000000008000fedc (0x00e78023) mem 0x00000000800120bf 0x00
core   0: 0x000000008000fee0 (0xfc843703) ld      a4, -56(s0)
core   0: 3 0x000000008000fee0 (0xfc843703) x14 0x0000000080012040 mem 0x0000000080031f38
core   0: 0x000000008000fee4 (0xfb843783) ld      a5, -72(s0)
core   0: 3 0x000000008000fee4 (0xfb843783) x15 0x000000000000009c mem 0x0000000080031f28
core   0: 0x000000008000fee8 (0x000097ba) c.add   a5, a4
core   0: 3 0x000000008000fee8 (0x97ba) x15 0x00000000800120dc
core   0: 0x000000008000feea (0xfe043703) ld      a4, -32(s0)
core   0: 3 0x000000008000feea (0xfe043703) x14 0x00000000800120c0 mem 0x0000000080031f50
core   0: 0x000000008000feee (0xfcf76de3) bltu    a4, a5, pc - 38
core   0: 3 0x000000008000feee (0xfcf76de3)
core   0: 0x000000008000fec8 (0xfe043783) ld      a5, -32(s0)
core   0: 3 0x000000008000fec8 (0xfe043783) x15 0x00000000800120c0 mem 0x0000000080031f50
core   0: 0x000000008000fecc (0x00178713) addi    a4, a5, 1
core   0: 3 0x000000008000fecc (0x00178713) x14 0x00000000800120c1
core   0: 0x000000008000fed0 (0xfee43023) sd      a4, -32(s0)
core   0: 3 0x000000008000fed0 (0xfee43023) mem 0x0000000080031f50 0x00000000800120c1
core   0: 0x000000008000fed4 (0xfc442703) lw      a4, -60(s0)
core   0: 3 0x000000008000fed4 (0xfc442703) x14 0x0000000000000000 mem 0x0000000080031f34
core   0: 0x000000008000fed8 (0x0ff77713) andi    a4, a4, 255
core   0: 3 0x000000008000fed8 (0x0ff77713) x14 0x0000000000000000
core   0: 0x000000008000fedc (0x00e78023) sb      a4, 0(a5)
core   0: 3 0x000000008000fedc (0x00e78023) mem 0x00000000800120c0 0x00
core   0: 0x000000008000fee0 (0xfc843703) ld      a4, -56(s0)
core   0: 3 0x000000008000fee0 (0xfc843703) x14 0x0000000080012040 mem 0x0000000080031f38
core   0: 0x000000008000fee4 (0xfb843783) ld      a5, -72(s0)
core   0: 3 0x000000008000fee4 (0xfb843783) x15 0x000000000000009c mem 0x0000000080031f28
core   0: 0x000000008000fee8 (0x000097ba) c.add   a5, a4
core   0: 3 0x000000008000fee8 (0x97ba) x15 0x00000000800120dc
core   0: 0x000000008000feea (0xfe043703) ld      a4, -32(s0)
core   0: 3 0x000000008000feea (0xfe043703) x14 0x00000000800120c1 mem 0x0000000080031f50
core   0: 0x000000008000feee (0xfcf76de3) bltu    a4, a5, pc - 38
core   0: 3 0x000000008000feee (0xfcf76de3)
core   0: 0x000000008000fec8 (0xfe043783) ld      a5, -32(s0)
core   0: 3 0x000000008000fec8 (0xfe043783) x15 0x00000000800120c1 mem 0x0000000080031f50
core   0: 0x000000008000fecc (0x00178713) addi    a4, a5, 1
core   0: 3 0x000000008000fecc (0x00178713) x14 0x00000000800120c2
core   0: 0x000000008000fed0 (0xfee43023) sd      a4, -32(s0)
core   0: 3 0x000000008000fed0 (0xfee43023) mem 0x0000000080031f50 0x00000000800120c2
core   0: 0x000000008000fed4 (0xfc442703) lw      a4, -60(s0)
core   0: 3 0x000000008000fed4 (0xfc442703) x14 0x0000000000000000 mem 0x0000000080031f34
core   0: 0x000000008000fed8 (0x0ff77713) andi    a4, a4, 255
core   0: 3 0x000000008000fed8 (0x0ff77713) x14 0x0000000000000000
core   0: 0x000000008000fedc (0x00e78023) sb      a4, 0(a5)
core   0: 3 0x000000008000fedc (0x00e78023) mem 0x00000000800120c1 0x00
core   0: 0x000000008000fee0 (0xfc843703) ld      a4, -56(s0)
core   0: 3 0x000000008000fee0 (0xfc843703) x14 0x0000000080012040 mem 0x0000000080031f38
core   0: 0x000000008000fee4 (0xfb843783) ld      a5, -72(s0)
core   0: 3 0x000000008000fee4 (0xfb843783) x15 0x000000000000009c mem 0x0000000080031f28
core   0: 0x000000008000fee8 (0x000097ba) c.add   a5, a4
core   0: 3 0x000000008000fee8 (0x97ba) x15 0x00000000800120dc
core   0: 0x000000008000feea (0xfe043703) ld      a4, -32(s0)
core   0: 3 0x000000008000feea (0xfe043703) x14 0x00000000800120c2 mem 0x0000000080031f50
core   0: 0x000000008000feee (0xfcf76de3) bltu    a4, a5, pc - 38
core   0: 3 0x000000008000feee (0xfcf76de3)
core   0: 0x000000008000fec8 (0xfe043783) ld      a5, -32(s0)
core   0: 3 0x000000008000fec8 (0xfe043783) x15 0x00000000800120c2 mem 0x0000000080031f50
core   0: 0x000000008000fecc (0x00178713) addi    a4, a5, 1
core   0: 3 0x000000008000fecc (0x00178713) x14 0x00000000800120c3
core   0: 0x000000008000fed0 (0xfee43023) sd      a4, -32(s0)
core   0: 3 0x000000008000fed0 (0xfee43023) mem 0x0000000080031f50 0x00000000800120c3
core   0: 0x000000008000fed4 (0xfc442703) lw      a4, -60(s0)
core   0: 3 0x000000008000fed4 (0xfc442703) x14 0x0000000000000000 mem 0x0000000080031f34
core   0: 0x000000008000fed8 (0x0ff77713) andi    a4, a4, 255
core   0: 3 0x000000008000fed8 (0x0ff77713) x14 0x0000000000000000
core   0: 0x000000008000fedc (0x00e78023) sb      a4, 0(a5)
core   0: 3 0x000000008000fedc (0x00e78023) mem 0x00000000800120c2 0x00
core   0: 0x000000008000fee0 (0xfc843703) ld      a4, -56(s0)
core   0: 3 0x000000008000fee0 (0xfc843703) x14 0x0000000080012040 mem 0x0000000080031f38
core   0: 0x000000008000fee4 (0xfb843783) ld      a5, -72(s0)
core   0: 3 0x000000008000fee4 (0xfb843783) x15 0x000000000000009c mem 0x0000000080031f28
core   0: 0x000000008000fee8 (0x000097ba) c.add   a5, a4
core   0: 3 0x000000008000fee8 (0x97ba) x15 0x00000000800120dc
core   0: 0x000000008000feea (0xfe043703) ld      a4, -32(s0)
core   0: 3 0x000000008000feea (0xfe043703) x14 0x00000000800120c3 mem 0x0000000080031f50
core   0: 0x000000008000feee (0xfcf76de3) bltu    a4, a5, pc - 38
core   0: 3 0x000000008000feee (0xfcf76de3)
core   0: 0x000000008000fec8 (0xfe043783) ld      a5, -32(s0)
core   0: 3 0x000000008000fec8 (0xfe043783) x15 0x00000000800120c3 mem 0x0000000080031f50
core   0: 0x000000008000fecc (0x00178713) addi    a4, a5, 1
core   0: 3 0x000000008000fecc (0x00178713) x14 0x00000000800120c4
core   0: 0x000000008000fed0 (0xfee43023) sd      a4, -32(s0)
core   0: 3 0x000000008000fed0 (0xfee43023) mem 0x0000000080031f50 0x00000000800120c4
core   0: 0x000000008000fed4 (0xfc442703) lw      a4, -60(s0)
core   0: 3 0x000000008000fed4 (0xfc442703) x14 0x0000000000000000 mem 0x0000000080031f34
core   0: 0x000000008000fed8 (0x0ff77713) andi    a4, a4, 255
core   0: 3 0x000000008000fed8 (0x0ff77713) x14 0x0000000000000000
core   0: 0x000000008000fedc (0x00e78023) sb      a4, 0(a5)
core   0: 3 0x000000008000fedc (0x00e78023) mem 0x00000000800120c3 0x00
core   0: 0x000000008000fee0 (0xfc843703) ld      a4, -56(s0)
core   0: 3 0x000000008000fee0 (0xfc843703) x14 0x0000000080012040 mem 0x0000000080031f38
core   0: 0x000000008000fee4 (0xfb843783) ld      a5, -72(s0)
core   0: 3 0x000000008000fee4 (0xfb843783) x15 0x000000000000009c mem 0x0000000080031f28
core   0: 0x000000008000fee8 (0x000097ba) c.add   a5, a4
core   0: 3 0x000000008000fee8 (0x97ba) x15 0x00000000800120dc
core   0: 0x000000008000feea (0xfe043703) ld      a4, -32(s0)
core   0: 3 0x000000008000feea (0xfe043703) x14 0x00000000800120c4 mem 0x0000000080031f50
core   0: 0x000000008000feee (0xfcf76de3) bltu    a4, a5, pc - 38
core   0: 3 0x000000008000feee (0xfcf76de3)
core   0: 0x000000008000fec8 (0xfe043783) ld      a5, -32(s0)
core   0: 3 0x000000008000fec8 (0xfe043783) x15 0x00000000800120c4 mem 0x0000000080031f50
core   0: 0x000000008000fecc (0x00178713) addi    a4, a5, 1
core   0: 3 0x000000008000fecc (0x00178713) x14 0x00000000800120c5
core   0: 0x000000008000fed0 (0xfee43023) sd      a4, -32(s0)
core   0: 3 0x000000008000fed0 (0xfee43023) mem 0x0000000080031f50 0x00000000800120c5
core   0: 0x000000008000fed4 (0xfc442703) lw      a4, -60(s0)
core   0: 3 0x000000008000fed4 (0xfc442703) x14 0x0000000000000000 mem 0x0000000080031f34
core   0: 0x000000008000fed8 (0x0ff77713) andi    a4, a4, 255
core   0: 3 0x000000008000fed8 (0x0ff77713) x14 0x0000000000000000
core   0: 0x000000008000fedc (0x00e78023) sb      a4, 0(a5)
core   0: 3 0x000000008000fedc (0x00e78023) mem 0x00000000800120c4 0x00
core   0: 0x000000008000fee0 (0xfc843703) ld      a4, -56(s0)
core   0: 3 0x000000008000fee0 (0xfc843703) x14 0x0000000080012040 mem 0x0000000080031f38
core   0: 0x000000008000fee4 (0xfb843783) ld      a5, -72(s0)
core   0: 3 0x000000008000fee4 (0xfb843783) x15 0x000000000000009c mem 0x0000000080031f28
core   0: 0x000000008000fee8 (0x000097ba) c.add   a5, a4
core   0: 3 0x000000008000fee8 (0x97ba) x15 0x00000000800120dc
core   0: 0x000000008000feea (0xfe043703) ld      a4, -32(s0)
core   0: 3 0x000000008000feea (0xfe043703) x14 0x00000000800120c5 mem 0x0000000080031f50
core   0: 0x000000008000feee (0xfcf76de3) bltu    a4, a5, pc - 38
core   0: 3 0x000000008000feee (0xfcf76de3)
core   0: 0x000000008000fec8 (0xfe043783) ld      a5, -32(s0)
core   0: 3 0x000000008000fec8 (0xfe043783) x15 0x00000000800120c5 mem 0x0000000080031f50
core   0: 0x000000008000fecc (0x00178713) addi    a4, a5, 1
core   0: 3 0x000000008000fecc (0x00178713) x14 0x00000000800120c6
core   0: 0x000000008000fed0 (0xfee43023) sd      a4, -32(s0)
core   0: 3 0x000000008000fed0 (0xfee43023) mem 0x0000000080031f50 0x00000000800120c6
core   0: 0x000000008000fed4 (0xfc442703) lw      a4, -60(s0)
core   0: 3 0x000000008000fed4 (0xfc442703) x14 0x0000000000000000 mem 0x0000000080031f34
core   0: 0x000000008000fed8 (0x0ff77713) andi    a4, a4, 255
core   0: 3 0x000000008000fed8 (0x0ff77713) x14 0x0000000000000000
core   0: 0x000000008000fedc (0x00e78023) sb      a4, 0(a5)
core   0: 3 0x000000008000fedc (0x00e78023) mem 0x00000000800120c5 0x00
core   0: 0x000000008000fee0 (0xfc843703) ld      a4, -56(s0)
core   0: 3 0x000000008000fee0 (0xfc843703) x14 0x0000000080012040 mem 0x0000000080031f38
core   0: 0x000000008000fee4 (0xfb843783) ld      a5, -72(s0)
core   0: 3 0x000000008000fee4 (0xfb843783) x15 0x000000000000009c mem 0x0000000080031f28
core   0: 0x000000008000fee8 (0x000097ba) c.add   a5, a4
core   0: 3 0x000000008000fee8 (0x97ba) x15 0x00000000800120dc
core   0: 0x000000008000feea (0xfe043703) ld      a4, -32(s0)
core   0: 3 0x000000008000feea (0xfe043703) x14 0x00000000800120c6 mem 0x0000000080031f50
core   0: 0x000000008000feee (0xfcf76de3) bltu    a4, a5, pc - 38
core   0: 3 0x000000008000feee (0xfcf76de3)
core   0: 0x000000008000fec8 (0xfe043783) ld      a5, -32(s0)
core   0: 3 0x000000008000fec8 (0xfe043783) x15 0x00000000800120c6 mem 0x0000000080031f50
core   0: 0x000000008000fecc (0x00178713) addi    a4, a5, 1
core   0: 3 0x000000008000fecc (0x00178713) x14 0x00000000800120c7
core   0: 0x000000008000fed0 (0xfee43023) sd      a4, -32(s0)
core   0: 3 0x000000008000fed0 (0xfee43023) mem 0x0000000080031f50 0x00000000800120c7
core   0: 0x000000008000fed4 (0xfc442703) lw      a4, -60(s0)
core   0: 3 0x000000008000fed4 (0xfc442703) x14 0x0000000000000000 mem 0x0000000080031f34
core   0: 0x000000008000fed8 (0x0ff77713) andi    a4, a4, 255
core   0: 3 0x000000008000fed8 (0x0ff77713) x14 0x0000000000000000
core   0: 0x000000008000fedc (0x00e78023) sb      a4, 0(a5)
core   0: 3 0x000000008000fedc (0x00e78023) mem 0x00000000800120c6 0x00
core   0: 0x000000008000fee0 (0xfc843703) ld      a4, -56(s0)
core   0: 3 0x000000008000fee0 (0xfc843703) x14 0x0000000080012040 mem 0x0000000080031f38
core   0: 0x000000008000fee4 (0xfb843783) ld      a5, -72(s0)
core   0: 3 0x000000008000fee4 (0xfb843783) x15 0x000000000000009c mem 0x0000000080031f28
core   0: 0x000000008000fee8 (0x000097ba) c.add   a5, a4
core   0: 3 0x000000008000fee8 (0x97ba) x15 0x00000000800120dc
core   0: 0x000000008000feea (0xfe043703) ld      a4, -32(s0)
core   0: 3 0x000000008000feea (0xfe043703) x14 0x00000000800120c7 mem 0x0000000080031f50
core   0: 0x000000008000feee (0xfcf76de3) bltu    a4, a5, pc - 38
core   0: 3 0x000000008000feee (0xfcf76de3)
core   0: 0x000000008000fec8 (0xfe043783) ld      a5, -32(s0)
core   0: 3 0x000000008000fec8 (0xfe043783) x15 0x00000000800120c7 mem 0x0000000080031f50
core   0: 0x000000008000fecc (0x00178713) addi    a4, a5, 1
core   0: 3 0x000000008000fecc (0x00178713) x14 0x00000000800120c8
core   0: 0x000000008000fed0 (0xfee43023) sd      a4, -32(s0)
core   0: 3 0x000000008000fed0 (0xfee43023) mem 0x0000000080031f50 0x00000000800120c8
core   0: 0x000000008000fed4 (0xfc442703) lw      a4, -60(s0)
core   0: 3 0x000000008000fed4 (0xfc442703) x14 0x0000000000000000 mem 0x0000000080031f34
core   0: 0x000000008000fed8 (0x0ff77713) andi    a4, a4, 255
core   0: 3 0x000000008000fed8 (0x0ff77713) x14 0x0000000000000000
core   0: 0x000000008000fedc (0x00e78023) sb      a4, 0(a5)
core   0: 3 0x000000008000fedc (0x00e78023) mem 0x00000000800120c7 0x00
core   0: 0x000000008000fee0 (0xfc843703) ld      a4, -56(s0)
core   0: 3 0x000000008000fee0 (0xfc843703) x14 0x0000000080012040 mem 0x0000000080031f38
core   0: 0x000000008000fee4 (0xfb843783) ld      a5, -72(s0)
core   0: 3 0x000000008000fee4 (0xfb843783) x15 0x000000000000009c mem 0x0000000080031f28
core   0: 0x000000008000fee8 (0x000097ba) c.add   a5, a4
core   0: 3 0x000000008000fee8 (0x97ba) x15 0x00000000800120dc
core   0: 0x000000008000feea (0xfe043703) ld      a4, -32(s0)
core   0: 3 0x000000008000feea (0xfe043703) x14 0x00000000800120c8 mem 0x0000000080031f50
core   0: 0x000000008000feee (0xfcf76de3) bltu    a4, a5, pc - 38
core   0: 3 0x000000008000feee (0xfcf76de3)
core   0: 0x000000008000fec8 (0xfe043783) ld      a5, -32(s0)
core   0: 3 0x000000008000fec8 (0xfe043783) x15 0x00000000800120c8 mem 0x0000000080031f50
core   0: 0x000000008000fecc (0x00178713) addi    a4, a5, 1
core   0: 3 0x000000008000fecc (0x00178713) x14 0x00000000800120c9
core   0: 0x000000008000fed0 (0xfee43023) sd      a4, -32(s0)
core   0: 3 0x000000008000fed0 (0xfee43023) mem 0x0000000080031f50 0x00000000800120c9
core   0: 0x000000008000fed4 (0xfc442703) lw      a4, -60(s0)
core   0: 3 0x000000008000fed4 (0xfc442703) x14 0x0000000000000000 mem 0x0000000080031f34
core   0: 0x000000008000fed8 (0x0ff77713) andi    a4, a4, 255
core   0: 3 0x000000008000fed8 (0x0ff77713) x14 0x0000000000000000
core   0: 0x000000008000fedc (0x00e78023) sb      a4, 0(a5)
core   0: 3 0x000000008000fedc (0x00e78023) mem 0x00000000800120c8 0x00
core   0: 0x000000008000fee0 (0xfc843703) ld      a4, -56(s0)
core   0: 3 0x000000008000fee0 (0xfc843703) x14 0x0000000080012040 mem 0x0000000080031f38
core   0: 0x000000008000fee4 (0xfb843783) ld      a5, -72(s0)
core   0: 3 0x000000008000fee4 (0xfb843783) x15 0x000000000000009c mem 0x0000000080031f28
core   0: 0x000000008000fee8 (0x000097ba) c.add   a5, a4
core   0: 3 0x000000008000fee8 (0x97ba) x15 0x00000000800120dc
core   0: 0x000000008000feea (0xfe043703) ld      a4, -32(s0)
core   0: 3 0x000000008000feea (0xfe043703) x14 0x00000000800120c9 mem 0x0000000080031f50
core   0: 0x000000008000feee (0xfcf76de3) bltu    a4, a5, pc - 38
core   0: 3 0x000000008000feee (0xfcf76de3)
core   0: 0x000000008000fec8 (0xfe043783) ld      a5, -32(s0)
core   0: 3 0x000000008000fec8 (0xfe043783) x15 0x00000000800120c9 mem 0x0000000080031f50
core   0: 0x000000008000fecc (0x00178713) addi    a4, a5, 1
core   0: 3 0x000000008000fecc (0x00178713) x14 0x00000000800120ca
core   0: 0x000000008000fed0 (0xfee43023) sd      a4, -32(s0)
core   0: 3 0x000000008000fed0 (0xfee43023) mem 0x0000000080031f50 0x00000000800120ca
core   0: 0x000000008000fed4 (0xfc442703) lw      a4, -60(s0)
core   0: 3 0x000000008000fed4 (0xfc442703) x14 0x0000000000000000 mem 0x0000000080031f34
core   0: 0x000000008000fed8 (0x0ff77713) andi    a4, a4, 255
core   0: 3 0x000000008000fed8 (0x0ff77713) x14 0x0000000000000000
core   0: 0x000000008000fedc (0x00e78023) sb      a4, 0(a5)
core   0: 3 0x000000008000fedc (0x00e78023) mem 0x00000000800120c9 0x00
core   0: 0x000000008000fee0 (0xfc843703) ld      a4, -56(s0)
core   0: 3 0x000000008000fee0 (0xfc843703) x14 0x0000000080012040 mem 0x0000000080031f38
core   0: 0x000000008000fee4 (0xfb843783) ld      a5, -72(s0)
core   0: 3 0x000000008000fee4 (0xfb843783) x15 0x000000000000009c mem 0x0000000080031f28
core   0: 0x000000008000fee8 (0x000097ba) c.add   a5, a4
core   0: 3 0x000000008000fee8 (0x97ba) x15 0x00000000800120dc
core   0: 0x000000008000feea (0xfe043703) ld      a4, -32(s0)
core   0: 3 0x000000008000feea (0xfe043703) x14 0x00000000800120ca mem 0x0000000080031f50
core   0: 0x000000008000feee (0xfcf76de3) bltu    a4, a5, pc - 38
core   0: 3 0x000000008000feee (0xfcf76de3)
core   0: 0x000000008000fec8 (0xfe043783) ld      a5, -32(s0)
core   0: 3 0x000000008000fec8 (0xfe043783) x15 0x00000000800120ca mem 0x0000000080031f50
core   0: 0x000000008000fecc (0x00178713) addi    a4, a5, 1
core   0: 3 0x000000008000fecc (0x00178713) x14 0x00000000800120cb
core   0: 0x000000008000fed0 (0xfee43023) sd      a4, -32(s0)
core   0: 3 0x000000008000fed0 (0xfee43023) mem 0x0000000080031f50 0x00000000800120cb
core   0: 0x000000008000fed4 (0xfc442703) lw      a4, -60(s0)
core   0: 3 0x000000008000fed4 (0xfc442703) x14 0x0000000000000000 mem 0x0000000080031f34
core   0: 0x000000008000fed8 (0x0ff77713) andi    a4, a4, 255
core   0: 3 0x000000008000fed8 (0x0ff77713) x14 0x0000000000000000
core   0: 0x000000008000fedc (0x00e78023) sb      a4, 0(a5)
core   0: 3 0x000000008000fedc (0x00e78023) mem 0x00000000800120ca 0x00
core   0: 0x000000008000fee0 (0xfc843703) ld      a4, -56(s0)
core   0: 3 0x000000008000fee0 (0xfc843703) x14 0x0000000080012040 mem 0x0000000080031f38
core   0: 0x000000008000fee4 (0xfb843783) ld      a5, -72(s0)
core   0: 3 0x000000008000fee4 (0xfb843783) x15 0x000000000000009c mem 0x0000000080031f28
core   0: 0x000000008000fee8 (0x000097ba) c.add   a5, a4
core   0: 3 0x000000008000fee8 (0x97ba) x15 0x00000000800120dc
core   0: 0x000000008000feea (0xfe043703) ld      a4, -32(s0)
core   0: 3 0x000000008000feea (0xfe043703) x14 0x00000000800120cb mem 0x0000000080031f50
core   0: 0x000000008000feee (0xfcf76de3) bltu    a4, a5, pc - 38
core   0: 3 0x000000008000feee (0xfcf76de3)
core   0: 0x000000008000fec8 (0xfe043783) ld      a5, -32(s0)
core   0: 3 0x000000008000fec8 (0xfe043783) x15 0x00000000800120cb mem 0x0000000080031f50
core   0: 0x000000008000fecc (0x00178713) addi    a4, a5, 1
core   0: 3 0x000000008000fecc (0x00178713) x14 0x00000000800120cc
core   0: 0x000000008000fed0 (0xfee43023) sd      a4, -32(s0)
core   0: 3 0x000000008000fed0 (0xfee43023) mem 0x0000000080031f50 0x00000000800120cc
core   0: 0x000000008000fed4 (0xfc442703) lw      a4, -60(s0)
core   0: 3 0x000000008000fed4 (0xfc442703) x14 0x0000000000000000 mem 0x0000000080031f34
core   0: 0x000000008000fed8 (0x0ff77713) andi    a4, a4, 255
core   0: 3 0x000000008000fed8 (0x0ff77713) x14 0x0000000000000000
core   0: 0x000000008000fedc (0x00e78023) sb      a4, 0(a5)
core   0: 3 0x000000008000fedc (0x00e78023) mem 0x00000000800120cb 0x00
core   0: 0x000000008000fee0 (0xfc843703) ld      a4, -56(s0)
core   0: 3 0x000000008000fee0 (0xfc843703) x14 0x0000000080012040 mem 0x0000000080031f38
core   0: 0x000000008000fee4 (0xfb843783) ld      a5, -72(s0)
core   0: 3 0x000000008000fee4 (0xfb843783) x15 0x000000000000009c mem 0x0000000080031f28
core   0: 0x000000008000fee8 (0x000097ba) c.add   a5, a4
core   0: 3 0x000000008000fee8 (0x97ba) x15 0x00000000800120dc
core   0: 0x000000008000feea (0xfe043703) ld      a4, -32(s0)
core   0: 3 0x000000008000feea (0xfe043703) x14 0x00000000800120cc mem 0x0000000080031f50
core   0: 0x000000008000feee (0xfcf76de3) bltu    a4, a5, pc - 38
core   0: 3 0x000000008000feee (0xfcf76de3)
core   0: 0x000000008000fec8 (0xfe043783) ld      a5, -32(s0)
core   0: 3 0x000000008000fec8 (0xfe043783) x15 0x00000000800120cc mem 0x0000000080031f50
core   0: 0x000000008000fecc (0x00178713) addi    a4, a5, 1
core   0: 3 0x000000008000fecc (0x00178713) x14 0x00000000800120cd
core   0: 0x000000008000fed0 (0xfee43023) sd      a4, -32(s0)
core   0: 3 0x000000008000fed0 (0xfee43023) mem 0x0000000080031f50 0x00000000800120cd
core   0: 0x000000008000fed4 (0xfc442703) lw      a4, -60(s0)
core   0: 3 0x000000008000fed4 (0xfc442703) x14 0x0000000000000000 mem 0x0000000080031f34
core   0: 0x000000008000fed8 (0x0ff77713) andi    a4, a4, 255
core   0: 3 0x000000008000fed8 (0x0ff77713) x14 0x0000000000000000
core   0: 0x000000008000fedc (0x00e78023) sb      a4, 0(a5)
core   0: 3 0x000000008000fedc (0x00e78023) mem 0x00000000800120cc 0x00
core   0: 0x000000008000fee0 (0xfc843703) ld      a4, -56(s0)
core   0: 3 0x000000008000fee0 (0xfc843703) x14 0x0000000080012040 mem 0x0000000080031f38
core   0: 0x000000008000fee4 (0xfb843783) ld      a5, -72(s0)
core   0: 3 0x000000008000fee4 (0xfb843783) x15 0x000000000000009c mem 0x0000000080031f28
core   0: 0x000000008000fee8 (0x000097ba) c.add   a5, a4
core   0: 3 0x000000008000fee8 (0x97ba) x15 0x00000000800120dc
core   0: 0x000000008000feea (0xfe043703) ld      a4, -32(s0)
core   0: 3 0x000000008000feea (0xfe043703) x14 0x00000000800120cd mem 0x0000000080031f50
core   0: 0x000000008000feee (0xfcf76de3) bltu    a4, a5, pc - 38
core   0: 3 0x000000008000feee (0xfcf76de3)
core   0: 0x000000008000fec8 (0xfe043783) ld      a5, -32(s0)
core   0: 3 0x000000008000fec8 (0xfe043783) x15 0x00000000800120cd mem 0x0000000080031f50
core   0: 0x000000008000fecc (0x00178713) addi    a4, a5, 1
core   0: 3 0x000000008000fecc (0x00178713) x14 0x00000000800120ce
core   0: 0x000000008000fed0 (0xfee43023) sd      a4, -32(s0)
core   0: 3 0x000000008000fed0 (0xfee43023) mem 0x0000000080031f50 0x00000000800120ce
core   0: 0x000000008000fed4 (0xfc442703) lw      a4, -60(s0)
core   0: 3 0x000000008000fed4 (0xfc442703) x14 0x0000000000000000 mem 0x0000000080031f34
core   0: 0x000000008000fed8 (0x0ff77713) andi    a4, a4, 255
core   0: 3 0x000000008000fed8 (0x0ff77713) x14 0x0000000000000000
core   0: 0x000000008000fedc (0x00e78023) sb      a4, 0(a5)
core   0: 3 0x000000008000fedc (0x00e78023) mem 0x00000000800120cd 0x00
core   0: 0x000000008000fee0 (0xfc843703) ld      a4, -56(s0)
core   0: 3 0x000000008000fee0 (0xfc843703) x14 0x0000000080012040 mem 0x0000000080031f38
core   0: 0x000000008000fee4 (0xfb843783) ld      a5, -72(s0)
core   0: 3 0x000000008000fee4 (0xfb843783) x15 0x000000000000009c mem 0x0000000080031f28
core   0: 0x000000008000fee8 (0x000097ba) c.add   a5, a4
core   0: 3 0x000000008000fee8 (0x97ba) x15 0x00000000800120dc
core   0: 0x000000008000feea (0xfe043703) ld      a4, -32(s0)
core   0: 3 0x000000008000feea (0xfe043703) x14 0x00000000800120ce mem 0x0000000080031f50
core   0: 0x000000008000feee (0xfcf76de3) bltu    a4, a5, pc - 38
core   0: 3 0x000000008000feee (0xfcf76de3)
core   0: 0x000000008000fec8 (0xfe043783) ld      a5, -32(s0)
core   0: 3 0x000000008000fec8 (0xfe043783) x15 0x00000000800120ce mem 0x0000000080031f50
core   0: 0x000000008000fecc (0x00178713) addi    a4, a5, 1
core   0: 3 0x000000008000fecc (0x00178713) x14 0x00000000800120cf
core   0: 0x000000008000fed0 (0xfee43023) sd      a4, -32(s0)
core   0: 3 0x000000008000fed0 (0xfee43023) mem 0x0000000080031f50 0x00000000800120cf
core   0: 0x000000008000fed4 (0xfc442703) lw      a4, -60(s0)
core   0: 3 0x000000008000fed4 (0xfc442703) x14 0x0000000000000000 mem 0x0000000080031f34
core   0: 0x000000008000fed8 (0x0ff77713) andi    a4, a4, 255
core   0: 3 0x000000008000fed8 (0x0ff77713) x14 0x0000000000000000
core   0: 0x000000008000fedc (0x00e78023) sb      a4, 0(a5)
core   0: 3 0x000000008000fedc (0x00e78023) mem 0x00000000800120ce 0x00
core   0: 0x000000008000fee0 (0xfc843703) ld      a4, -56(s0)
core   0: 3 0x000000008000fee0 (0xfc843703) x14 0x0000000080012040 mem 0x0000000080031f38
core   0: 0x000000008000fee4 (0xfb843783) ld      a5, -72(s0)
core   0: 3 0x000000008000fee4 (0xfb843783) x15 0x000000000000009c mem 0x0000000080031f28
core   0: 0x000000008000fee8 (0x000097ba) c.add   a5, a4
core   0: 3 0x000000008000fee8 (0x97ba) x15 0x00000000800120dc
core   0: 0x000000008000feea (0xfe043703) ld      a4, -32(s0)
core   0: 3 0x000000008000feea (0xfe043703) x14 0x00000000800120cf mem 0x0000000080031f50
core   0: 0x000000008000feee (0xfcf76de3) bltu    a4, a5, pc - 38
core   0: 3 0x000000008000feee (0xfcf76de3)
core   0: 0x000000008000fec8 (0xfe043783) ld      a5, -32(s0)
core   0: 3 0x000000008000fec8 (0xfe043783) x15 0x00000000800120cf mem 0x0000000080031f50
core   0: 0x000000008000fecc (0x00178713) addi    a4, a5, 1
core   0: 3 0x000000008000fecc (0x00178713) x14 0x00000000800120d0
core   0: 0x000000008000fed0 (0xfee43023) sd      a4, -32(s0)
core   0: 3 0x000000008000fed0 (0xfee43023) mem 0x0000000080031f50 0x00000000800120d0
core   0: 0x000000008000fed4 (0xfc442703) lw      a4, -60(s0)
core   0: 3 0x000000008000fed4 (0xfc442703) x14 0x0000000000000000 mem 0x0000000080031f34
core   0: 0x000000008000fed8 (0x0ff77713) andi    a4, a4, 255
core   0: 3 0x000000008000fed8 (0x0ff77713) x14 0x0000000000000000
core   0: 0x000000008000fedc (0x00e78023) sb      a4, 0(a5)
core   0: 3 0x000000008000fedc (0x00e78023) mem 0x00000000800120cf 0x00
core   0: 0x000000008000fee0 (0xfc843703) ld      a4, -56(s0)
core   0: 3 0x000000008000fee0 (0xfc843703) x14 0x0000000080012040 mem 0x0000000080031f38
core   0: 0x000000008000fee4 (0xfb843783) ld      a5, -72(s0)
core   0: 3 0x000000008000fee4 (0xfb843783) x15 0x000000000000009c mem 0x0000000080031f28
core   0: 0x000000008000fee8 (0x000097ba) c.add   a5, a4
core   0: 3 0x000000008000fee8 (0x97ba) x15 0x00000000800120dc
core   0: 0x000000008000feea (0xfe043703) ld      a4, -32(s0)
core   0: 3 0x000000008000feea (0xfe043703) x14 0x00000000800120d0 mem 0x0000000080031f50
core   0: 0x000000008000feee (0xfcf76de3) bltu    a4, a5, pc - 38
core   0: 3 0x000000008000feee (0xfcf76de3)
core   0: 0x000000008000fec8 (0xfe043783) ld      a5, -32(s0)
core   0: 3 0x000000008000fec8 (0xfe043783) x15 0x00000000800120d0 mem 0x0000000080031f50
core   0: 0x000000008000fecc (0x00178713) addi    a4, a5, 1
core   0: 3 0x000000008000fecc (0x00178713) x14 0x00000000800120d1
core   0: 0x000000008000fed0 (0xfee43023) sd      a4, -32(s0)
core   0: 3 0x000000008000fed0 (0xfee43023) mem 0x0000000080031f50 0x00000000800120d1
core   0: 0x000000008000fed4 (0xfc442703) lw      a4, -60(s0)
core   0: 3 0x000000008000fed4 (0xfc442703) x14 0x0000000000000000 mem 0x0000000080031f34
core   0: 0x000000008000fed8 (0x0ff77713) andi    a4, a4, 255
core   0: 3 0x000000008000fed8 (0x0ff77713) x14 0x0000000000000000
core   0: 0x000000008000fedc (0x00e78023) sb      a4, 0(a5)
core   0: 3 0x000000008000fedc (0x00e78023) mem 0x00000000800120d0 0x00
core   0: 0x000000008000fee0 (0xfc843703) ld      a4, -56(s0)
core   0: 3 0x000000008000fee0 (0xfc843703) x14 0x0000000080012040 mem 0x0000000080031f38
core   0: 0x000000008000fee4 (0xfb843783) ld      a5, -72(s0)
core   0: 3 0x000000008000fee4 (0xfb843783) x15 0x000000000000009c mem 0x0000000080031f28
core   0: 0x000000008000fee8 (0x000097ba) c.add   a5, a4
core   0: 3 0x000000008000fee8 (0x97ba) x15 0x00000000800120dc
core   0: 0x000000008000feea (0xfe043703) ld      a4, -32(s0)
core   0: 3 0x000000008000feea (0xfe043703) x14 0x00000000800120d1 mem 0x0000000080031f50
core   0: 0x000000008000feee (0xfcf76de3) bltu    a4, a5, pc - 38
core   0: 3 0x000000008000feee (0xfcf76de3)
core   0: 0x000000008000fec8 (0xfe043783) ld      a5, -32(s0)
core   0: 3 0x000000008000fec8 (0xfe043783) x15 0x00000000800120d1 mem 0x0000000080031f50
core   0: 0x000000008000fecc (0x00178713) addi    a4, a5, 1
core   0: 3 0x000000008000fecc (0x00178713) x14 0x00000000800120d2
core   0: 0x000000008000fed0 (0xfee43023) sd      a4, -32(s0)
core   0: 3 0x000000008000fed0 (0xfee43023) mem 0x0000000080031f50 0x00000000800120d2
core   0: 0x000000008000fed4 (0xfc442703) lw      a4, -60(s0)
core   0: 3 0x000000008000fed4 (0xfc442703) x14 0x0000000000000000 mem 0x0000000080031f34
core   0: 0x000000008000fed8 (0x0ff77713) andi    a4, a4, 255
core   0: 3 0x000000008000fed8 (0x0ff77713) x14 0x0000000000000000
core   0: 0x000000008000fedc (0x00e78023) sb      a4, 0(a5)
core   0: 3 0x000000008000fedc (0x00e78023) mem 0x00000000800120d1 0x00
core   0: 0x000000008000fee0 (0xfc843703) ld      a4, -56(s0)
core   0: 3 0x000000008000fee0 (0xfc843703) x14 0x0000000080012040 mem 0x0000000080031f38
core   0: 0x000000008000fee4 (0xfb843783) ld      a5, -72(s0)
core   0: 3 0x000000008000fee4 (0xfb843783) x15 0x000000000000009c mem 0x0000000080031f28
core   0: 0x000000008000fee8 (0x000097ba) c.add   a5, a4
core   0: 3 0x000000008000fee8 (0x97ba) x15 0x00000000800120dc
core   0: 0x000000008000feea (0xfe043703) ld      a4, -32(s0)
core   0: 3 0x000000008000feea (0xfe043703) x14 0x00000000800120d2 mem 0x0000000080031f50
core   0: 0x000000008000feee (0xfcf76de3) bltu    a4, a5, pc - 38
core   0: 3 0x000000008000feee (0xfcf76de3)
core   0: 0x000000008000fec8 (0xfe043783) ld      a5, -32(s0)
core   0: 3 0x000000008000fec8 (0xfe043783) x15 0x00000000800120d2 mem 0x0000000080031f50
core   0: 0x000000008000fecc (0x00178713) addi    a4, a5, 1
core   0: 3 0x000000008000fecc (0x00178713) x14 0x00000000800120d3
core   0: 0x000000008000fed0 (0xfee43023) sd      a4, -32(s0)
core   0: 3 0x000000008000fed0 (0xfee43023) mem 0x0000000080031f50 0x00000000800120d3
core   0: 0x000000008000fed4 (0xfc442703) lw      a4, -60(s0)
core   0: 3 0x000000008000fed4 (0xfc442703) x14 0x0000000000000000 mem 0x0000000080031f34
core   0: 0x000000008000fed8 (0x0ff77713) andi    a4, a4, 255
core   0: 3 0x000000008000fed8 (0x0ff77713) x14 0x0000000000000000
core   0: 0x000000008000fedc (0x00e78023) sb      a4, 0(a5)
core   0: 3 0x000000008000fedc (0x00e78023) mem 0x00000000800120d2 0x00
core   0: 0x000000008000fee0 (0xfc843703) ld      a4, -56(s0)
core   0: 3 0x000000008000fee0 (0xfc843703) x14 0x0000000080012040 mem 0x0000000080031f38
core   0: 0x000000008000fee4 (0xfb843783) ld      a5, -72(s0)
core   0: 3 0x000000008000fee4 (0xfb843783) x15 0x000000000000009c mem 0x0000000080031f28
core   0: 0x000000008000fee8 (0x000097ba) c.add   a5, a4
core   0: 3 0x000000008000fee8 (0x97ba) x15 0x00000000800120dc
core   0: 0x000000008000feea (0xfe043703) ld      a4, -32(s0)
core   0: 3 0x000000008000feea (0xfe043703) x14 0x00000000800120d3 mem 0x0000000080031f50
core   0: 0x000000008000feee (0xfcf76de3) bltu    a4, a5, pc - 38
core   0: 3 0x000000008000feee (0xfcf76de3)
core   0: 0x000000008000fec8 (0xfe043783) ld      a5, -32(s0)
core   0: 3 0x000000008000fec8 (0xfe043783) x15 0x00000000800120d3 mem 0x0000000080031f50
core   0: 0x000000008000fecc (0x00178713) addi    a4, a5, 1
core   0: 3 0x000000008000fecc (0x00178713) x14 0x00000000800120d4
core   0: 0x000000008000fed0 (0xfee43023) sd      a4, -32(s0)
core   0: 3 0x000000008000fed0 (0xfee43023) mem 0x0000000080031f50 0x00000000800120d4
core   0: 0x000000008000fed4 (0xfc442703) lw      a4, -60(s0)
core   0: 3 0x000000008000fed4 (0xfc442703) x14 0x0000000000000000 mem 0x0000000080031f34
core   0: 0x000000008000fed8 (0x0ff77713) andi    a4, a4, 255
core   0: 3 0x000000008000fed8 (0x0ff77713) x14 0x0000000000000000
core   0: 0x000000008000fedc (0x00e78023) sb      a4, 0(a5)
core   0: 3 0x000000008000fedc (0x00e78023) mem 0x00000000800120d3 0x00
core   0: 0x000000008000fee0 (0xfc843703) ld      a4, -56(s0)
core   0: 3 0x000000008000fee0 (0xfc843703) x14 0x0000000080012040 mem 0x0000000080031f38
core   0: 0x000000008000fee4 (0xfb843783) ld      a5, -72(s0)
core   0: 3 0x000000008000fee4 (0xfb843783) x15 0x000000000000009c mem 0x0000000080031f28
core   0: 0x000000008000fee8 (0x000097ba) c.add   a5, a4
core   0: 3 0x000000008000fee8 (0x97ba) x15 0x00000000800120dc
core   0: 0x000000008000feea (0xfe043703) ld      a4, -32(s0)
core   0: 3 0x000000008000feea (0xfe043703) x14 0x00000000800120d4 mem 0x0000000080031f50
core   0: 0x000000008000feee (0xfcf76de3) bltu    a4, a5, pc - 38
core   0: 3 0x000000008000feee (0xfcf76de3)
core   0: 0x000000008000fec8 (0xfe043783) ld      a5, -32(s0)
core   0: 3 0x000000008000fec8 (0xfe043783) x15 0x00000000800120d4 mem 0x0000000080031f50
core   0: 0x000000008000fecc (0x00178713) addi    a4, a5, 1
core   0: 3 0x000000008000fecc (0x00178713) x14 0x00000000800120d5
core   0: 0x000000008000fed0 (0xfee43023) sd      a4, -32(s0)
core   0: 3 0x000000008000fed0 (0xfee43023) mem 0x0000000080031f50 0x00000000800120d5
core   0: 0x000000008000fed4 (0xfc442703) lw      a4, -60(s0)
core   0: 3 0x000000008000fed4 (0xfc442703) x14 0x0000000000000000 mem 0x0000000080031f34
core   0: 0x000000008000fed8 (0x0ff77713) andi    a4, a4, 255
core   0: 3 0x000000008000fed8 (0x0ff77713) x14 0x0000000000000000
core   0: 0x000000008000fedc (0x00e78023) sb      a4, 0(a5)
core   0: 3 0x000000008000fedc (0x00e78023) mem 0x00000000800120d4 0x00
core   0: 0x000000008000fee0 (0xfc843703) ld      a4, -56(s0)
core   0: 3 0x000000008000fee0 (0xfc843703) x14 0x0000000080012040 mem 0x0000000080031f38
core   0: 0x000000008000fee4 (0xfb843783) ld      a5, -72(s0)
core   0: 3 0x000000008000fee4 (0xfb843783) x15 0x000000000000009c mem 0x0000000080031f28
core   0: 0x000000008000fee8 (0x000097ba) c.add   a5, a4
core   0: 3 0x000000008000fee8 (0x97ba) x15 0x00000000800120dc
core   0: 0x000000008000feea (0xfe043703) ld      a4, -32(s0)
core   0: 3 0x000000008000feea (0xfe043703) x14 0x00000000800120d5 mem 0x0000000080031f50
core   0: 0x000000008000feee (0xfcf76de3) bltu    a4, a5, pc - 38
core   0: 3 0x000000008000feee (0xfcf76de3)
core   0: 0x000000008000fec8 (0xfe043783) ld      a5, -32(s0)
core   0: 3 0x000000008000fec8 (0xfe043783) x15 0x00000000800120d5 mem 0x0000000080031f50
core   0: 0x000000008000fecc (0x00178713) addi    a4, a5, 1
core   0: 3 0x000000008000fecc (0x00178713) x14 0x00000000800120d6
core   0: 0x000000008000fed0 (0xfee43023) sd      a4, -32(s0)
core   0: 3 0x000000008000fed0 (0xfee43023) mem 0x0000000080031f50 0x00000000800120d6
core   0: 0x000000008000fed4 (0xfc442703) lw      a4, -60(s0)
core   0: 3 0x000000008000fed4 (0xfc442703) x14 0x0000000000000000 mem 0x0000000080031f34
core   0: 0x000000008000fed8 (0x0ff77713) andi    a4, a4, 255
core   0: 3 0x000000008000fed8 (0x0ff77713) x14 0x0000000000000000
core   0: 0x000000008000fedc (0x00e78023) sb      a4, 0(a5)
core   0: 3 0x000000008000fedc (0x00e78023) mem 0x00000000800120d5 0x00
core   0: 0x000000008000fee0 (0xfc843703) ld      a4, -56(s0)
core   0: 3 0x000000008000fee0 (0xfc843703) x14 0x0000000080012040 mem 0x0000000080031f38
core   0: 0x000000008000fee4 (0xfb843783) ld      a5, -72(s0)
core   0: 3 0x000000008000fee4 (0xfb843783) x15 0x000000000000009c mem 0x0000000080031f28
core   0: 0x000000008000fee8 (0x000097ba) c.add   a5, a4
core   0: 3 0x000000008000fee8 (0x97ba) x15 0x00000000800120dc
core   0: 0x000000008000feea (0xfe043703) ld      a4, -32(s0)
core   0: 3 0x000000008000feea (0xfe043703) x14 0x00000000800120d6 mem 0x0000000080031f50
core   0: 0x000000008000feee (0xfcf76de3) bltu    a4, a5, pc - 38
core   0: 3 0x000000008000feee (0xfcf76de3)
core   0: 0x000000008000fec8 (0xfe043783) ld      a5, -32(s0)
core   0: 3 0x000000008000fec8 (0xfe043783) x15 0x00000000800120d6 mem 0x0000000080031f50
core   0: 0x000000008000fecc (0x00178713) addi    a4, a5, 1
core   0: 3 0x000000008000fecc (0x00178713) x14 0x00000000800120d7
core   0: 0x000000008000fed0 (0xfee43023) sd      a4, -32(s0)
core   0: 3 0x000000008000fed0 (0xfee43023) mem 0x0000000080031f50 0x00000000800120d7
core   0: 0x000000008000fed4 (0xfc442703) lw      a4, -60(s0)
core   0: 3 0x000000008000fed4 (0xfc442703) x14 0x0000000000000000 mem 0x0000000080031f34
core   0: 0x000000008000fed8 (0x0ff77713) andi    a4, a4, 255
core   0: 3 0x000000008000fed8 (0x0ff77713) x14 0x0000000000000000
core   0: 0x000000008000fedc (0x00e78023) sb      a4, 0(a5)
core   0: 3 0x000000008000fedc (0x00e78023) mem 0x00000000800120d6 0x00
core   0: 0x000000008000fee0 (0xfc843703) ld      a4, -56(s0)
core   0: 3 0x000000008000fee0 (0xfc843703) x14 0x0000000080012040 mem 0x0000000080031f38
core   0: 0x000000008000fee4 (0xfb843783) ld      a5, -72(s0)
core   0: 3 0x000000008000fee4 (0xfb843783) x15 0x000000000000009c mem 0x0000000080031f28
core   0: 0x000000008000fee8 (0x000097ba) c.add   a5, a4
core   0: 3 0x000000008000fee8 (0x97ba) x15 0x00000000800120dc
core   0: 0x000000008000feea (0xfe043703) ld      a4, -32(s0)
core   0: 3 0x000000008000feea (0xfe043703) x14 0x00000000800120d7 mem 0x0000000080031f50
core   0: 0x000000008000feee (0xfcf76de3) bltu    a4, a5, pc - 38
core   0: 3 0x000000008000feee (0xfcf76de3)
core   0: 0x000000008000fec8 (0xfe043783) ld      a5, -32(s0)
core   0: 3 0x000000008000fec8 (0xfe043783) x15 0x00000000800120d7 mem 0x0000000080031f50
core   0: 0x000000008000fecc (0x00178713) addi    a4, a5, 1
core   0: 3 0x000000008000fecc (0x00178713) x14 0x00000000800120d8
core   0: 0x000000008000fed0 (0xfee43023) sd      a4, -32(s0)
core   0: 3 0x000000008000fed0 (0xfee43023) mem 0x0000000080031f50 0x00000000800120d8
core   0: 0x000000008000fed4 (0xfc442703) lw      a4, -60(s0)
core   0: 3 0x000000008000fed4 (0xfc442703) x14 0x0000000000000000 mem 0x0000000080031f34
core   0: 0x000000008000fed8 (0x0ff77713) andi    a4, a4, 255
core   0: 3 0x000000008000fed8 (0x0ff77713) x14 0x0000000000000000
core   0: 0x000000008000fedc (0x00e78023) sb      a4, 0(a5)
core   0: 3 0x000000008000fedc (0x00e78023) mem 0x00000000800120d7 0x00
core   0: 0x000000008000fee0 (0xfc843703) ld      a4, -56(s0)
core   0: 3 0x000000008000fee0 (0xfc843703) x14 0x0000000080012040 mem 0x0000000080031f38
core   0: 0x000000008000fee4 (0xfb843783) ld      a5, -72(s0)
core   0: 3 0x000000008000fee4 (0xfb843783) x15 0x000000000000009c mem 0x0000000080031f28
core   0: 0x000000008000fee8 (0x000097ba) c.add   a5, a4
core   0: 3 0x000000008000fee8 (0x97ba) x15 0x00000000800120dc
core   0: 0x000000008000feea (0xfe043703) ld      a4, -32(s0)
core   0: 3 0x000000008000feea (0xfe043703) x14 0x00000000800120d8 mem 0x0000000080031f50
core   0: 0x000000008000feee (0xfcf76de3) bltu    a4, a5, pc - 38
core   0: 3 0x000000008000feee (0xfcf76de3)
core   0: 0x000000008000fec8 (0xfe043783) ld      a5, -32(s0)
core   0: 3 0x000000008000fec8 (0xfe043783) x15 0x00000000800120d8 mem 0x0000000080031f50
core   0: 0x000000008000fecc (0x00178713) addi    a4, a5, 1
core   0: 3 0x000000008000fecc (0x00178713) x14 0x00000000800120d9
core   0: 0x000000008000fed0 (0xfee43023) sd      a4, -32(s0)
core   0: 3 0x000000008000fed0 (0xfee43023) mem 0x0000000080031f50 0x00000000800120d9
core   0: 0x000000008000fed4 (0xfc442703) lw      a4, -60(s0)
core   0: 3 0x000000008000fed4 (0xfc442703) x14 0x0000000000000000 mem 0x0000000080031f34
core   0: 0x000000008000fed8 (0x0ff77713) andi    a4, a4, 255
core   0: 3 0x000000008000fed8 (0x0ff77713) x14 0x0000000000000000
core   0: 0x000000008000fedc (0x00e78023) sb      a4, 0(a5)
core   0: 3 0x000000008000fedc (0x00e78023) mem 0x00000000800120d8 0x00
core   0: 0x000000008000fee0 (0xfc843703) ld      a4, -56(s0)
core   0: 3 0x000000008000fee0 (0xfc843703) x14 0x0000000080012040 mem 0x0000000080031f38
core   0: 0x000000008000fee4 (0xfb843783) ld      a5, -72(s0)
core   0: 3 0x000000008000fee4 (0xfb843783) x15 0x000000000000009c mem 0x0000000080031f28
core   0: 0x000000008000fee8 (0x000097ba) c.add   a5, a4
core   0: 3 0x000000008000fee8 (0x97ba) x15 0x00000000800120dc
core   0: 0x000000008000feea (0xfe043703) ld      a4, -32(s0)
core   0: 3 0x000000008000feea (0xfe043703) x14 0x00000000800120d9 mem 0x0000000080031f50
core   0: 0x000000008000feee (0xfcf76de3) bltu    a4, a5, pc - 38
core   0: 3 0x000000008000feee (0xfcf76de3)
core   0: 0x000000008000fec8 (0xfe043783) ld      a5, -32(s0)
core   0: 3 0x000000008000fec8 (0xfe043783) x15 0x00000000800120d9 mem 0x0000000080031f50
core   0: 0x000000008000fecc (0x00178713) addi    a4, a5, 1
core   0: 3 0x000000008000fecc (0x00178713) x14 0x00000000800120da
core   0: 0x000000008000fed0 (0xfee43023) sd      a4, -32(s0)
core   0: 3 0x000000008000fed0 (0xfee43023) mem 0x0000000080031f50 0x00000000800120da
core   0: 0x000000008000fed4 (0xfc442703) lw      a4, -60(s0)
core   0: 3 0x000000008000fed4 (0xfc442703) x14 0x0000000000000000 mem 0x0000000080031f34
core   0: 0x000000008000fed8 (0x0ff77713) andi    a4, a4, 255
core   0: 3 0x000000008000fed8 (0x0ff77713) x14 0x0000000000000000
core   0: 0x000000008000fedc (0x00e78023) sb      a4, 0(a5)
core   0: 3 0x000000008000fedc (0x00e78023) mem 0x00000000800120d9 0x00
core   0: 0x000000008000fee0 (0xfc843703) ld      a4, -56(s0)
core   0: 3 0x000000008000fee0 (0xfc843703) x14 0x0000000080012040 mem 0x0000000080031f38
core   0: 0x000000008000fee4 (0xfb843783) ld      a5, -72(s0)
core   0: 3 0x000000008000fee4 (0xfb843783) x15 0x000000000000009c mem 0x0000000080031f28
core   0: 0x000000008000fee8 (0x000097ba) c.add   a5, a4
core   0: 3 0x000000008000fee8 (0x97ba) x15 0x00000000800120dc
core   0: 0x000000008000feea (0xfe043703) ld      a4, -32(s0)
core   0: 3 0x000000008000feea (0xfe043703) x14 0x00000000800120da mem 0x0000000080031f50
core   0: 0x000000008000feee (0xfcf76de3) bltu    a4, a5, pc - 38
core   0: 3 0x000000008000feee (0xfcf76de3)
core   0: 0x000000008000fec8 (0xfe043783) ld      a5, -32(s0)
core   0: 3 0x000000008000fec8 (0xfe043783) x15 0x00000000800120da mem 0x0000000080031f50
core   0: 0x000000008000fecc (0x00178713) addi    a4, a5, 1
core   0: 3 0x000000008000fecc (0x00178713) x14 0x00000000800120db
core   0: 0x000000008000fed0 (0xfee43023) sd      a4, -32(s0)
core   0: 3 0x000000008000fed0 (0xfee43023) mem 0x0000000080031f50 0x00000000800120db
core   0: 0x000000008000fed4 (0xfc442703) lw      a4, -60(s0)
core   0: 3 0x000000008000fed4 (0xfc442703) x14 0x0000000000000000 mem 0x0000000080031f34
core   0: 0x000000008000fed8 (0x0ff77713) andi    a4, a4, 255
core   0: 3 0x000000008000fed8 (0x0ff77713) x14 0x0000000000000000
core   0: 0x000000008000fedc (0x00e78023) sb      a4, 0(a5)
core   0: 3 0x000000008000fedc (0x00e78023) mem 0x00000000800120da 0x00
core   0: 0x000000008000fee0 (0xfc843703) ld      a4, -56(s0)
core   0: 3 0x000000008000fee0 (0xfc843703) x14 0x0000000080012040 mem 0x0000000080031f38
core   0: 0x000000008000fee4 (0xfb843783) ld      a5, -72(s0)
core   0: 3 0x000000008000fee4 (0xfb843783) x15 0x000000000000009c mem 0x0000000080031f28
core   0: 0x000000008000fee8 (0x000097ba) c.add   a5, a4
core   0: 3 0x000000008000fee8 (0x97ba) x15 0x00000000800120dc
core   0: 0x000000008000feea (0xfe043703) ld      a4, -32(s0)
core   0: 3 0x000000008000feea (0xfe043703) x14 0x00000000800120db mem 0x0000000080031f50
core   0: 0x000000008000feee (0xfcf76de3) bltu    a4, a5, pc - 38
core   0: 3 0x000000008000feee (0xfcf76de3)
core   0: 0x000000008000fec8 (0xfe043783) ld      a5, -32(s0)
core   0: 3 0x000000008000fec8 (0xfe043783) x15 0x00000000800120db mem 0x0000000080031f50
core   0: 0x000000008000fecc (0x00178713) addi    a4, a5, 1
core   0: 3 0x000000008000fecc (0x00178713) x14 0x00000000800120dc
core   0: 0x000000008000fed0 (0xfee43023) sd      a4, -32(s0)
core   0: 3 0x000000008000fed0 (0xfee43023) mem 0x0000000080031f50 0x00000000800120dc
core   0: 0x000000008000fed4 (0xfc442703) lw      a4, -60(s0)
core   0: 3 0x000000008000fed4 (0xfc442703) x14 0x0000000000000000 mem 0x0000000080031f34
core   0: 0x000000008000fed8 (0x0ff77713) andi    a4, a4, 255
core   0: 3 0x000000008000fed8 (0x0ff77713) x14 0x0000000000000000
core   0: 0x000000008000fedc (0x00e78023) sb      a4, 0(a5)
core   0: 3 0x000000008000fedc (0x00e78023) mem 0x00000000800120db 0x00
core   0: 0x000000008000fee0 (0xfc843703) ld      a4, -56(s0)
core   0: 3 0x000000008000fee0 (0xfc843703) x14 0x0000000080012040 mem 0x0000000080031f38
core   0: 0x000000008000fee4 (0xfb843783) ld      a5, -72(s0)
core   0: 3 0x000000008000fee4 (0xfb843783) x15 0x000000000000009c mem 0x0000000080031f28
core   0: 0x000000008000fee8 (0x000097ba) c.add   a5, a4
core   0: 3 0x000000008000fee8 (0x97ba) x15 0x00000000800120dc
core   0: 0x000000008000feea (0xfe043703) ld      a4, -32(s0)
core   0: 3 0x000000008000feea (0xfe043703) x14 0x00000000800120dc mem 0x0000000080031f50
core   0: 0x000000008000feee (0xfcf76de3) bltu    a4, a5, pc - 38
core   0: 3 0x000000008000feee (0xfcf76de3)
core   0: 0x000000008000fef2 (0xfc843783) ld      a5, -56(s0)
core   0: 3 0x000000008000fef2 (0xfc843783) x15 0x0000000080012040 mem 0x0000000080031f38
core   0: 0x000000008000fef6 (0x0000853e) c.mv    a0, a5
core   0: 3 0x000000008000fef6 (0x853e) x10 0x0000000080012040
core   0: 0x000000008000fef8 (0x00006426) c.ldsp  s0, 72(sp)
core   0: 3 0x000000008000fef8 (0x6426) x8  0x0000000080031f90 mem 0x0000000080031f68
core   0: 0x000000008000fefa (0x00006161) c.addi16sp sp, 80
core   0: 3 0x000000008000fefa (0x6161) x2  0x0000000080031f70
core   0: 0x000000008000fefc (0x00008082) ret
core   0: 3 0x000000008000fefc (0x8082)
core   0: 0x000000008000f4b0 (0x00000001) c.nop
core   0: 3 0x000000008000f4b0 (0x0001)
core   0: 0x000000008000f4b2 (0x000060e2) c.ldsp  ra, 24(sp)
core   0: 3 0x000000008000f4b2 (0x60e2) x1  0x000000008000f4f0 mem 0x0000000080031f88
core   0: 0x000000008000f4b4 (0x00006442) c.ldsp  s0, 16(sp)
core   0: 3 0x000000008000f4b4 (0x6442) x8  0x0000000080032040 mem 0x0000000080031f80
core   0: 0x000000008000f4b6 (0x00006105) c.addi16sp sp, 32
core   0: 3 0x000000008000f4b6 (0x6105) x2  0x0000000080031f90
core   0: 0x000000008000f4b8 (0x00008082) ret
core   0: 3 0x000000008000f4b8 (0x8082)
core   0: 0x000000008000f4f0 (0xf5842703) lw      a4, -168(s0)
core   0: 3 0x000000008000f4f0 (0xf5842703) x14 0x0000000000000001 mem 0x0000000080031f98
core   0: 0x000000008000f4f4 (0xf5c42783) lw      a5, -164(s0)
core   0: 3 0x000000008000f4f4 (0xf5c42783) x15 0x0000000000000000 mem 0x0000000080031f9c
core   0: 0x000000008000f4f8 (0x000085ba) c.mv    a1, a4
core   0: 3 0x000000008000f4f8 (0x85ba) x11 0x0000000000000001
core   0: 0x000000008000f4fa (0x0000853e) c.mv    a0, a5
core   0: 3 0x000000008000f4fa (0x853e) x10 0x0000000000000000
core   0: 0x000000008000f4fc (0xf03ff0ef) jal     pc - 0xfe
core   0: 3 0x000000008000f4fc (0xf03ff0ef) x1  0x000000008000f500
core   0: >>>>  thread_entry
core   0: 0x000000008000f3fe (0x00001101) c.addi  sp, -32
core   0: 3 0x000000008000f3fe (0x1101) x2  0x0000000080031f70
core   0: 0x000000008000f400 (0x0000ec22) c.sdsp  s0, 24(sp)
core   0: 3 0x000000008000f400 (0xec22) mem 0x0000000080031f88 0x0000000080032040
core   0: 0x000000008000f402 (0x00001000) c.addi4spn s0, sp, 32
core   0: 3 0x000000008000f402 (0x1000) x8  0x0000000080031f90
core   0: 0x000000008000f404 (0x000087aa) c.mv    a5, a0
core   0: 3 0x000000008000f404 (0x87aa) x15 0x0000000000000000
core   0: 0x000000008000f406 (0x0000872e) c.mv    a4, a1
core   0: 3 0x000000008000f406 (0x872e) x14 0x0000000000000001
core   0: 0x000000008000f408 (0xfef42623) sw      a5, -20(s0)
core   0: 3 0x000000008000f408 (0xfef42623) mem 0x0000000080031f7c 0x00000000
core   0: 0x000000008000f40c (0x000087ba) c.mv    a5, a4
core   0: 3 0x000000008000f40c (0x87ba) x15 0x0000000000000001
core   0: 0x000000008000f40e (0xfef42423) sw      a5, -24(s0)
core   0: 3 0x000000008000f40e (0xfef42423) mem 0x0000000080031f78 0x00000001
core   0: 0x000000008000f412 (0x00000001) c.nop
core   0: 3 0x000000008000f412 (0x0001)
core   0: 0x000000008000f414 (0xfec42783) lw      a5, -20(s0)
core   0: 3 0x000000008000f414 (0xfec42783) x15 0x0000000000000000 mem 0x0000000080031f7c
core   0: 0x000000008000f418 (0x00002781) c.addiw a5, 0
core   0: 3 0x000000008000f418 (0x2781) x15 0x0000000000000000
core   0: 0x000000008000f41a (0x0000ffed) c.bnez  a5, pc - 6
core   0: 3 0x000000008000f41a (0xffed)
core   0: 0x000000008000f41c (0x00000001) c.nop
core   0: 3 0x000000008000f41c (0x0001)
core   0: 0x000000008000f41e (0x00000001) c.nop
core   0: 3 0x000000008000f41e (0x0001)
core   0: 0x000000008000f420 (0x00006462) c.ldsp  s0, 24(sp)
core   0: 3 0x000000008000f420 (0x6462) x8  0x0000000080032040 mem 0x0000000080031f88
core   0: 0x000000008000f422 (0x00006105) c.addi16sp sp, 32
core   0: 3 0x000000008000f422 (0x6105) x2  0x0000000080031f90
core   0: 0x000000008000f424 (0x00008082) ret
core   0: 3 0x000000008000f424 (0x8082)
core   0: 0x000000008000f500 (0x00004581) c.li    a1, 0
core   0: 3 0x000000008000f500 (0x4581) x11 0x0000000000000000
core   0: 0x000000008000f502 (0x00004501) c.li    a0, 0
core   0: 3 0x000000008000f502 (0x4501) x10 0x0000000000000000
core   0: 0x000000008000f504 (0xafdf20ef) jal     pc - 0xd504
core   0: 3 0x000000008000f504 (0xafdf20ef) x1  0x000000008000f508
core   0: >>>>  main
core   0: 0x0000000080002000 (0x00000001) c.nop
core   0: 3 0x0000000080002000 (0x0001)
core   0: >>>>  trap_vec_init
core   0: 0x0000000080002002 (0x00002797) auipc   a5, 0x2
core   0: 3 0x0000000080002002 (0x00002797) x15 0x0000000080004002
core   0: 0x0000000080002006 (0xffe78793) addi    a5, a5, -2
core   0: 3 0x0000000080002006 (0xffe78793) x15 0x0000000080004000
core   0: 0x000000008000200a (0x30579073) csrrw   zero, mtvec, a5
core   0: 3 0x000000008000200a (0x30579073) c773_mtvec 0x0000000080004000
core   0: >>>>  pmp_setup
core   0: 0x000000008000200e (0x00002c17) auipc   s8, 0x2
core   0: 3 0x000000008000200e (0x00002c17) x24 0x000000008000400e
core   0: 0x0000000080002012 (0x022c0c13) addi    s8, s8, 34
core   0: 3 0x0000000080002012 (0x022c0c13) x24 0x0000000080004030
core   0: 0x0000000080002016 (0x00004781) c.li    a5, 0
core   0: 3 0x0000000080002016 (0x4781) x15 0x0000000000000000
core   0: 0x0000000080002018 (0x00009c3e) c.add   s8, a5
core   0: 3 0x0000000080002018 (0x9c3e) x24 0x0000000080004030
core   0: 0x000000008000201a (0x3b0c1073) csrrw   zero, pmpaddr0, s8
core   0: 3 0x000000008000201a (0x3b0c1073) c944_pmpaddr0 0x0000000080004030
core   0: 0x000000008000201e (0x00004c3d) c.li    s8, 15
core   0: 3 0x000000008000201e (0x4c3d) x24 0x000000000000000f
core   0: 0x0000000080002020 (0x3a0c1073) csrrw   zero, pmpcfg0, s8
core   0: 3 0x0000000080002020 (0x3a0c1073) c928_pmpcfg0 0x000000000000000f
core   0: 0x0000000080002024 (0x12000073) sfence.vma zero, zero
core   0: 3 0x0000000080002024 (0x12000073)
core   0: >>>>  mepc_setup
core   0: 0x0000000080002028 (0x00002797) auipc   a5, 0x2
core   0: 3 0x0000000080002028 (0x00002797) x15 0x0000000080004028
core   0: 0x000000008000202c (0x00878793) addi    a5, a5, 8
core   0: 3 0x000000008000202c (0x00878793) x15 0x0000000080004030
core   0: 0x0000000080002030 (0x34179073) csrrw   zero, mepc, a5
core   0: 3 0x0000000080002030 (0x34179073) c833_mepc 0x0000000080004030
core   0: >>>>  custom_csr_setup
core   0: 0x0000000080002034 (0x00100f9b) addiw   t6, zero, 1
core   0: 3 0x0000000080002034 (0x00100f9b) x31 0x0000000000000001
core   0: 0x0000000080002038 (0x00000ffe) c.slli  t6, 31
core   0: 3 0x0000000080002038 (0x0ffe) x31 0x0000000080000000
core   0: 0x000000008000203a (0x00000001) c.nop
core   0: 3 0x000000008000203a (0x0001)
core   0: >>>>  init_s_mode
core   0: 0x000000008000203c (0xfff0079b) addiw   a5, zero, -1
core   0: 3 0x000000008000203c (0xfff0079b) x15 0xffffffffffffffff
core   0: 0x0000000080002040 (0x000017fe) c.slli  a5, 63
core   0: 3 0x0000000080002040 (0x17fe) x15 0x8000000000000000
core   0: 0x0000000080002042 (0x18079073) csrrw   zero, satp, a5
core   0: 3 0x0000000080002042 (0x18079073) c384_satp 0x8000000000000000
core   0: 0x0000000080002046 (0x0000f797) auipc   a5, 0xf
core   0: 3 0x0000000080002046 (0x0000f797) x15 0x0000000080011046
core   0: 0x000000008000204a (0xfba78793) addi    a5, a5, -70
core   0: 3 0x000000008000204a (0xfba78793) x15 0x0000000080011000
core   0: 0x000000008000204e (0x000083b1) c.srli  a5, 12
core   0: 3 0x000000008000204e (0x83b1) x15 0x0000000000080011
core   0: 0x0000000080002050 (0x0010061b) addiw   a2, zero, 1
core   0: 3 0x0000000080002050 (0x0010061b) x12 0x0000000000000001
core   0: 0x0000000080002054 (0x00001632) c.slli  a2, 44
core   0: 3 0x0000000080002054 (0x1632) x12 0x0000100000000000
core   0: 0x0000000080002056 (0x0000167d) c.addi  a2, -1
core   0: 3 0x0000000080002056 (0x167d) x12 0x00000fffffffffff
core   0: 0x0000000080002058 (0x00008ff1) c.and   a5, a2
core   0: 3 0x0000000080002058 (0x8ff1) x15 0x0000000000080011
core   0: 0x000000008000205a (0x1807a073) csrrs   zero, satp, a5
core   0: 3 0x000000008000205a (0x1807a073) c384_satp 0x8000000000080011
core   0: 0x000000008000205e (0x00a005b7) lui     a1, 0xa00
core   0: 3 0x000000008000205e (0x00a005b7) x11 0x0000000000a00000
core   0: 0x0000000080002062 (0x10b5859b) addiw   a1, a1, 267
core   0: 3 0x0000000080002062 (0x10b5859b) x11 0x0000000000a0010b
core   0: 0x0000000080002066 (0x000005b2) c.slli  a1, 12
core   0: 3 0x0000000080002066 (0x05b2) x11 0x0000000a0010b000
core   0: 0x0000000080002068 (0xa0058593) addi    a1, a1, -1536
core   0: 3 0x0000000080002068 (0xa0058593) x11 0x0000000a0010aa00
core   0: 0x000000008000206c (0x30059073) csrrw   zero, mstatus, a1
core   0: 3 0x000000008000206c (0x30059073) c768_mstatus 0x0000000a00102800
core   0: 0x0000000080002070 (0x30459073) csrrw   zero, mie, a1
core   0: 3 0x0000000080002070 (0x30459073) c772_mie 0x0000000000000a00
core   0: 0x0000000080002074 (0x00a005b7) lui     a1, 0xa00
core   0: 3 0x0000000080002074 (0x00a005b7) x11 0x0000000000a00000
core   0: 0x0000000080002078 (0x10b5859b) addiw   a1, a1, 267
core   0: 3 0x0000000080002078 (0x10b5859b) x11 0x0000000000a0010b
core   0: 0x000000008000207c (0x000005b2) c.slli  a1, 12
core   0: 3 0x000000008000207c (0x05b2) x11 0x0000000a0010b000
core   0: 0x000000008000207e (0xa0058593) addi    a1, a1, -1536
core   0: 3 0x000000008000207e (0xa0058593) x11 0x0000000a0010aa00
core   0: 0x0000000080002082 (0x10059073) csrrw   zero, sstatus, a1
core   0: 3 0x0000000080002082 (0x10059073) c768_mstatus 0x0000000a00102800
core   0: 0x0000000080002086 (0x10459073) csrrw   zero, sie, a1
core   0: 3 0x0000000080002086 (0x10459073) c772_mie 0x0000000000000a00
core   0: 0x000000008000208a (0x30200073) mret
core   0: 3 0x000000008000208a (0x30200073) c768_mstatus 0x0000000a00102080
core   0: >>>>  main_g
core   0: 0x0000000080004030 (0x00e49733) sll     a4, s1, a4
core   0: 1 0x0000000080004030 (0x00e49733) x14 0x0000000100063f80
core   0: 0x0000000080004034 (0x7ffce613) ori     a2, s9, 2047
core   0: 1 0x0000000080004034 (0x7ffce613) x12 0x00000000000007ff
core   0: 0x0000000080004038 (0x4194543b) sraw    s0, s0, s9
core   0: 1 0x0000000080004038 (0x4194543b) x8  0xffffffff80032040
core   0: 0x000000008000403c (0x01ca8e3b) addw    t3, s5, t3
core   0: 1 0x000000008000403c (0x01ca8e3b) x28 0x0000000000000000
core   0: 0x0000000080004040 (0x239dacd3) fsgnjx.d fs9, fs11, fs9
core   0: 1 0x0000000080004040 (0x239dacd3) c768_mstatus 0x8000000a00106080 f25 0x7fffffff00000000
core   0: 0x0000000080004044 (0x401cf553) fcvt.s.d fa0, fs9
core   0: 1 0x0000000080004044 (0x401cf553) f10 0xffffffff7fc00000
core   0: 0x0000000080004048 (0x1b427bd3) fdiv.d  fs7, ft4, fs4
core   0: 1 0x0000000080004048 (0x1b427bd3) f23 0x7ff8000000000000
core   0: 0x000000008000404c (0x415a84bb) subw    s1, s5, s5
core   0: 1 0x000000008000404c (0x415a84bb) x9  0x0000000000000000
core   0: 0x0000000080004050 (0x16f79097) auipc   ra, 0x16f79
core   0: 1 0x0000000080004050 (0x16f79097) x1  0x0000000096f7d050
core   0: 0x0000000080004054 (0xf20a8e53) fmv.d.x ft8, s5
core   0: 1 0x0000000080004054 (0xf20a8e53) f28 0x0000000000000000
core   0: 0x0000000080004058 (0x411d513b) sraw    sp, s10, a7
core   0: 1 0x0000000080004058 (0x411d513b) x2  0x0000000000000000
core   0: 0x000000008000405c (0x025c40b3) div     ra, s8, t0
core   0: 1 0x000000008000405c (0x025c40b3) x1  0x0000000000000000
core   0: 0x0000000080004060 (0x009c5413) srli    s0, s8, 9
core   0: 1 0x0000000080004060 (0x009c5413) x8  0x0000000000000000
core   0: 0x0000000080004064 (0x139f7553) fmul.d  fa0, ft10, fs9
core   0: 1 0x0000000080004064 (0x139f7553) f10 0x7ff8000000000000
core   0: 0x0000000080004068 (0x0ab57653) fsub.d  fa2, fa0, fa1
core   0: 1 0x0000000080004068 (0x0ab57653) f12 0x7ff8000000000000
core   0: 0x000000008000406c (0x4005083b) subw    a6, a0, zero
core   0: 1 0x000000008000406c (0x4005083b) x16 0x0000000000000000
core   0: 0x0000000080004070 (0x0ff0000f) fence   iorw,iorw
core   0: 1 0x0000000080004070 (0x0ff0000f)
core   0: 0x0000000080004074 (0x5a08fa53) fsqrt.d fs4, fa7
core   0: 1 0x0000000080004074 (0x5a08fa53) f20 0x7ff8000000000000
core   0: 0x0000000080004078 (0xc0257853) fcvt.l.s a6, fa0
core   0: 1 0x0000000080004078 (0xc0257853) c1_fflags 0x0000000000000010 x16 0x7fffffffffffffff
core   0: 0x000000008000407c (0x0a8f70d3) fsub.d  ft1, ft10, fs0
core   0: 1 0x000000008000407c (0x0a8f70d3) f1  0x7ff8000000000000
core   0: 0x0000000080004080 (0x142c56f3) csrrwi  a3, scause, 24
core   0: 1 0x0000000080004080 (0x142c56f3) x13 0x0000000000000000 c322_scause 0x0000000000000018
core   0: 0x0000000080004084 (0x41525233) sra     tp, tp, s5
core   0: 1 0x0000000080004084 (0x41525233) x4  0x0000000080012040
core   0: 0x0000000080004088 (0x0295a533) mulhsu  a0, a1, s1
core   0: 1 0x0000000080004088 (0x0295a533) x10 0x0000000000000000
core   0: 0x000000008000408c (0x40595cbb) sraw    s9, s2, t0
core   0: 1 0x000000008000408c (0x40595cbb) x25 0x0000000000000000
core   0: 0x0000000080004090 (0x00000001) c.nop
core   0: 1 0x0000000080004090 (0x0001)
core   0: 0x0000000080004092 (0x023af933) remu    s2, s5, gp
core   0: 1 0x0000000080004092 (0x023af933) x18 0x0000000000000000
core   0: 0x0000000080004096 (0x015e4d33) xor     s10, t3, s5
core   0: 1 0x0000000080004096 (0x015e4d33) x26 0x0000000000000000
core   0: 0x000000008000409a (0x41d1579b) sraiw   a5, sp, 29
core   0: 1 0x000000008000409a (0x41d1579b) x15 0x0000000000000000
core   0: 0x000000008000409e (0x0081d99b) srliw   s3, gp, 8
core   0: 1 0x000000008000409e (0x0081d99b) x19 0x0000000000800128
core   0: 0x00000000800040a2 (0x41930d33) sub     s10, t1, s9
core   0: 1 0x00000000800040a2 (0x41930d33) x26 0x0000000000000000
core   0: 0x00000000800040a6 (0x03476733) rem     a4, a4, s4
core   0: 1 0x00000000800040a6 (0x03476733) x14 0x0000000100063f80
core   0: 0x00000000800040aa (0x1a30f053) fdiv.d  ft0, ft1, ft3
core   0: 1 0x00000000800040aa (0x1a30f053) f0  0x7ff8000000000000
core   0: 0x00000000800040ae (0x40e254b3) sra     s1, tp, a4
core   0: 1 0x00000000800040ae (0x40e254b3) x9  0x0000000080012040
core   0: 0x00000000800040b2 (0x00135b3b) srlw    s6, t1, ra
core   0: 1 0x00000000800040b2 (0x00135b3b) x22 0x0000000000000000
core   0: 0x00000000800040b6 (0xd2178653) fcvt.d.wu fa2, a5
core   0: 1 0x00000000800040b6 (0xd2178653) f12 0x0000000000000000
core   0: 0x00000000800040ba (0x004a551b) srliw   a0, s4, 4
core   0: 1 0x00000000800040ba (0x004a551b) x10 0x0000000000000000
core   0: 0x00000000800040be (0x2ade0e53) fmin.d  ft8, ft8, fa3
core   0: 1 0x00000000800040be (0x2ade0e53) f28 0x0000000000000000
core   0: 0x00000000800040c2 (0x001a1613) slli    a2, s4, 1
core   0: 1 0x00000000800040c2 (0x001a1613) x12 0x0000000000000000
core   0: 0x00000000800040c6 (0x01f2d99b) srliw   s3, t0, 31
core   0: 1 0x00000000800040c6 (0x01f2d99b) x19 0x0000000000000001
core   0: 0x00000000800040ca (0x0106923b) sllw    tp, a3, a6
core   0: 1 0x00000000800040ca (0x0106923b) x4  0x0000000000000000
core   0: 0x00000000800040ce (0x40125713) srai    a4, tp, 1
core   0: 1 0x00000000800040ce (0x40125713) x14 0x0000000000000000
core   0: 0x00000000800040d2 (0xfff80e9b) addiw   t4, a6, -1
core   0: 1 0x00000000800040d2 (0xfff80e9b) x29 0xfffffffffffffffe
core   0: 0x00000000800040d6 (0x220690d3) fsgnjn.d ft1, fa3, ft0
core   0: 1 0x00000000800040d6 (0x220690d3) f1  0xffffffff00000000
core   0: 0x00000000800040da (0x02cc7c33) remu    s8, s8, a2
core   0: 1 0x00000000800040da (0x02cc7c33) x24 0x000000000000000f
core   0: 0x00000000800040de (0x402c0133) sub     sp, s8, sp
core   0: 1 0x00000000800040de (0x402c0133) x2  0x000000000000000f
core   0: 0x00000000800040e2 (0x033c79bb) remuw   s3, s8, s3
core   0: 1 0x00000000800040e2 (0x033c79bb) x19 0x0000000000000000
core   0: 0x00000000800040e6 (0xf824e093) ori     ra, s1, -126
core   0: 1 0x00000000800040e6 (0xf824e093) x1  0xffffffffffffffc2
core   0: 0x00000000800040ea (0x52628a97) auipc   s5, 0x52628
core   0: 1 0x00000000800040ea (0x52628a97) x21 0x00000000d262c0ea
core   0: 0x00000000800040ee (0x01bd18bb) sllw    a7, s10, s11
core   0: 1 0x00000000800040ee (0x01bd18bb) x17 0x0000000000000000
core   0: 0x00000000800040f2 (0xc20678d3) fcvt.w.d a7, fa2
core   0: 1 0x00000000800040f2 (0xc20678d3) x17 0x0000000000000000
core   0: 0x00000000800040f6 (0x224f08d3) fsgnj.d fa7, ft10, ft4
core   0: 1 0x00000000800040f6 (0x224f08d3) f17 0xffffffff00000000
core   0: 0x00000000800040fa (0x0228fc33) remu    s8, a7, sp
core   0: 1 0x00000000800040fa (0x0228fc33) x24 0x0000000000000000
core   0: 0x00000000800040fe (0x02a9fa53) fadd.d  fs4, fs3, fa0
core   0: 1 0x00000000800040fe (0x02a9fa53) f20 0x7ff8000000000000
core   0: 0x0000000080004102 (0x01d6163b) sllw    a2, a2, t4
core   0: 1 0x0000000080004102 (0x01d6163b) x12 0x0000000000000000
core   0: 0x0000000080004106 (0xd22772d3) fcvt.d.l ft5, a4
core   0: 1 0x0000000080004106 (0xd22772d3) f5  0x0000000000000000
core   0: 0x000000008000410a (0x22511153) fsgnjn.d ft2, ft2, ft5
core   0: 1 0x000000008000410a (0x22511153) f2  0xffffffff00000000
core   0: 0x000000008000410e (0x00009db2) c.add   s11, a2
core   0: 1 0x000000008000410e (0x9db2) x27 0x0000000000000000
core   0: 0x0000000080004110 (0x02c379bb) remuw   s3, t1, a2
core   0: 1 0x0000000080004110 (0x02c379bb) x19 0x0000000000000000
core   0: 0x0000000080004114 (0x0302083b) mulw    a6, tp, a6
core   0: 1 0x0000000080004114 (0x0302083b) x16 0x0000000000000000
core   0: 0x0000000080004118 (0x01937b33) and     s6, t1, s9
core   0: 1 0x0000000080004118 (0x01937b33) x22 0x0000000000000000
core   0: 0x000000008000411c (0xfffb6b93) ori     s7, s6, -1
core   0: 1 0x000000008000411c (0xfffb6b93) x23 0xffffffffffffffff
core   0: 0x0000000080004120 (0x82a1f1cf) fnmadd.d ft3, ft3, fa0, fa6
core   0: 1 0x0000000080004120 (0x82a1f1cf) f3  0x7ff8000000000000
core   0: 0x0000000080004124 (0x41090033) sub     zero, s2, a6
core   0: 1 0x0000000080004124 (0x41090033)
core   0: 0x0000000080004128 (0x01802c33) slt     s8, zero, s8
core   0: 1 0x0000000080004128 (0x01802c33) x24 0x0000000000000000
core   0: 0x000000008000412c (0xd02cf8d3) fcvt.s.l fa7, s9
core   0: 1 0x000000008000412c (0xd02cf8d3) f17 0xffffffff00000000
core   0: 0x0000000080004130 (0x2324a253) fsgnjx.d ft4, fs1, fs2
core   0: 1 0x0000000080004130 (0x2324a253) f4  0x7fffffff00000000
core   0: 0x0000000080004134 (0xf20006d3) fmv.d.x fa3, zero
core   0: 1 0x0000000080004134 (0xf20006d3) f13 0x0000000000000000
core   0: 0x0000000080004138 (0x023e84b3) mul     s1, t4, gp
core   0: 1 0x0000000080004138 (0x023e84b3) x9  0xfffffffefffdafb0
core   0: 0x000000008000413c (0x226a2bd3) fsgnjx.d fs7, fs4, ft6
core   0: 1 0x000000008000413c (0x226a2bd3) f23 0xfff8000000000000
core   0: 0x0000000080004140 (0x000b4633) xor     a2, s6, zero
core   0: 1 0x0000000080004140 (0x000b4633) x12 0x0000000000000000
core   0: 0x0000000080004144 (0x0275a533) mulhsu  a0, a1, t2
core   0: 1 0x0000000080004144 (0x0275a533) x10 0x0000000000000000
core   0: 0x0000000080004148 (0x7ac9f597) auipc   a1, 0x7ac9f
core   0: 1 0x0000000080004148 (0x7ac9f597) x11 0x00000000faca3148
core   0: 0x000000008000414c (0x41888a33) sub     s4, a7, s8
core   0: 1 0x000000008000414c (0x41888a33) x20 0x0000000000000000
core   0: 0x0000000080004150 (0x00310abb) addw    s5, sp, gp
core   0: 1 0x0000000080004150 (0x00310abb) x21 0xffffffff80012837
core   0: 0x0000000080004154 (0x00015e93) srli    t4, sp, 0
core   0: 1 0x0000000080004154 (0x00015e93) x29 0x000000000000000f
core   0: 0x0000000080004158 (0x001e9273) csrrw   tp, fflags, t4
core   0: 1 0x0000000080004158 (0x001e9273) x4  0x0000000000000010 c1_fflags 0x000000000000000f
core   0: 0x000000008000415c (0x8b8efc4f) fnmadd.d fs8, ft9, fs8, fa7
core   0: 1 0x000000008000415c (0x8b8efc4f) f24 0x7ff8000000000000
core   0: 0x0000000080004160 (0xc23ef9d3) fcvt.lu.d s3, ft9
core   0: 1 0x0000000080004160 (0xc23ef9d3) c1_fflags 0x000000000000001f x19 0xffffffffffffffff
core   0: 0x0000000080004164 (0x02737333) remu    t1, t1, t2
core   0: 1 0x0000000080004164 (0x02737333) x6  0x0000000000000000
core   0: 0x0000000080004168 (0x01d35a3b) srlw    s4, t1, t4
core   0: 1 0x0000000080004168 (0x01d35a3b) x20 0x0000000000000000
core   0: 0x000000008000416c (0x40fd51bb) sraw    gp, s10, a5
core   0: 1 0x000000008000416c (0x40fd51bb) x3  0x0000000000000000
core   0: 0x0000000080004170 (0x40c95913) srai    s2, s2, 12
core   0: 1 0x0000000080004170 (0x40c95913) x18 0x0000000000000000
core   0: 0x0000000080004174 (0x2b5c0b53) fmin.d  fs6, fs8, fs5
core   0: 1 0x0000000080004174 (0x2b5c0b53) f22 0x7ff8000000000000
core   0: 0x0000000080004178 (0x03d52e33) mulhsu  t3, a0, t4
core   0: 1 0x0000000080004178 (0x03d52e33) x28 0x0000000000000000
core   0: 0x000000008000417c (0x3ba54613) xori    a2, a0, 954
core   0: 1 0x000000008000417c (0x3ba54613) x12 0x00000000000003ba
core   0: 0x0000000080004180 (0x00cbd8bb) srlw    a7, s7, a2
core   0: 1 0x0000000080004180 (0x00cbd8bb) x17 0x000000000000003f
core   0: 0x0000000080004184 (0x226c2cd3) fsgnjx.d fs9, fs8, ft6
core   0: 1 0x0000000080004184 (0x226c2cd3) f25 0xfff8000000000000
core   0: 0x0000000080004188 (0x45f4a993) slti    s3, s1, 1119
core   0: 1 0x0000000080004188 (0x45f4a993) x19 0x0000000000000001
core   0: 0x000000008000418c (0x0afcfa53) fsub.d  fs4, fs9, fa5
core   0: 1 0x000000008000418c (0x0afcfa53) f20 0x7ff8000000000000
core   0: 0x0000000080004190 (0xfff37913) andi    s2, t1, -1
core   0: 1 0x0000000080004190 (0xfff37913) x18 0x0000000000000000
core   0: 0x0000000080004194 (0x49d34413) xori    s0, t1, 1181
core   0: 1 0x0000000080004194 (0x49d34413) x8  0x000000000000049d
core   0: 0x0000000080004198 (0x4169033b) subw    t1, s2, s6
core   0: 1 0x0000000080004198 (0x4169033b) x6  0x0000000000000000
core   0: 0x000000008000419c (0x001898f3) csrrw   a7, fflags, a7
core   0: 1 0x000000008000419c (0x001898f3) x17 0x000000000000001f c1_fflags 0x000000000000001f
core   0: 0x00000000800041a0 (0x405e82bb) subw    t0, t4, t0
core   0: 1 0x00000000800041a0 (0x405e82bb) x5  0x000000007ffffeeb
core   0: 0x00000000800041a4 (0xd21d0e53) fcvt.d.wu ft8, s10
core   0: 1 0x00000000800041a4 (0xd21d0e53) f28 0x0000000000000000
core   0: 0x00000000800041a8 (0x0bce7853) fsub.d  fa6, ft8, ft8
core   0: 1 0x00000000800041a8 (0x0bce7853) f16 0x0000000000000000
core   0: 0x00000000800041ac (0xfff8ca93) not     s5, a7
core   0: 1 0x00000000800041ac (0xfff8ca93) x21 0xffffffffffffffe0
core   0: 0x00000000800041b0 (0x038e0c33) mul     s8, t3, s8
core   0: 1 0x00000000800041b0 (0x038e0c33) x24 0x0000000000000000
core   0: 0x00000000800041b4 (0x0b487243) fmadd.d ft4, fa6, fs4, ft1
core   0: 1 0x00000000800041b4 (0x0b487243) f4  0x7ff8000000000000
core   0: 0x00000000800041b8 (0xc230f5d3) fcvt.lu.d a1, ft1
core   0: 1 0x00000000800041b8 (0xc230f5d3) c1_fflags 0x000000000000001f x11 0xffffffffffffffff
core   0: 0x00000000800041bc (0x002396f3) csrrw   a3, frm, t2
core   0: 1 0x00000000800041bc (0x002396f3) x13 0x0000000000000000 c2_frm 0x0000000000000000
core   0: 0x00000000800041c0 (0x00cce933) or      s2, s9, a2
core   0: 1 0x00000000800041c0 (0x00cce933) x18 0x00000000000003ba
core   0: 0x00000000800041c4 (0xc2087ed3) fcvt.w.d t4, fa6
core   0: 1 0x00000000800041c4 (0xc2087ed3) x29 0x0000000000000000
core   0: 0x00000000800041c8 (0x416a0ab3) sub     s5, s4, s6
core   0: 1 0x00000000800041c8 (0x416a0ab3) x21 0x0000000000000000
core   0: 0x00000000800041cc (0x253dce93) xori    t4, s11, 595
core   0: 1 0x00000000800041cc (0x253dce93) x29 0x0000000000000253
core   0: 0x00000000800041d0 (0xc02a77d3) fcvt.l.s a5, fs4
core   0: 1 0x00000000800041d0 (0xc02a77d3) c1_fflags 0x000000000000001f x15 0x7fffffffffffffff
core   0: 0x00000000800041d4 (0x401dfdd3) fcvt.s.d fs11, fs11
core   0: 1 0x00000000800041d4 (0x401dfdd3) f27 0xffffffff7fc00000
core   0: 0x00000000800041d8 (0x00422cb3) slt     s9, tp, tp
core   0: 1 0x00000000800041d8 (0x00422cb3) x25 0x0000000000000000
core   0: 0x00000000800041dc (0xd02cfe53) fcvt.s.l ft8, s9
core   0: 1 0x00000000800041dc (0xd02cfe53) f28 0xffffffff00000000
core   0: 0x00000000800041e0 (0x0ff0000f) fence   iorw,iorw
core   0: 1 0x00000000800041e0 (0x0ff0000f)
core   0: 0x00000000800041e4 (0x013ddd9b) srliw   s11, s11, 19
core   0: 1 0x00000000800041e4 (0x013ddd9b) x27 0x0000000000000000
core   0: 0x00000000800041e8 (0x0261dd13) srli    s10, gp, 38
core   0: 1 0x00000000800041e8 (0x0261dd13) x26 0x0000000000000000
core   0: 0x00000000800041ec (0x03a6b6b3) mulhu   a3, a3, s10
core   0: 1 0x00000000800041ec (0x03a6b6b3) x13 0x0000000000000000
core   0: 0x00000000800041f0 (0x0003d79b) srliw   a5, t2, 0
core   0: 1 0x00000000800041f0 (0x0003d79b) x15 0x0000000000000000
core   0: 0x00000000800041f4 (0x132e7ed3) fmul.d  ft9, ft8, fs2
core   0: 1 0x00000000800041f4 (0x132e7ed3) f29 0x7ff8000000000000
core   0: 0x00000000800041f8 (0x03dc7853) fadd.d  fa6, fs8, ft9
core   0: 1 0x00000000800041f8 (0x03dc7853) f16 0x7ff8000000000000
core   0: 0x00000000800041fc (0xd227fd53) fcvt.d.l fs10, a5
core   0: 1 0x00000000800041fc (0xd227fd53) f26 0x0000000000000000
core   0: 0x0000000080004200 (0x0ff0000f) fence   iorw,iorw
core   0: 1 0x0000000080004200 (0x0ff0000f)
core   0: 0x0000000080004204 (0x400a8033) sub     zero, s5, zero
core   0: 1 0x0000000080004204 (0x400a8033)
core   0: 0x0000000080004208 (0x01aa1e13) slli    t3, s4, 26
core   0: 1 0x0000000080004208 (0x01aa1e13) x28 0x0000000000000000
core   0: 0x000000008000420c (0xe20c0bd3) fmv.x.d s7, fs8
core   0: 1 0x000000008000420c (0xe20c0bd3) x23 0x7ff8000000000000
core   0: 0x0000000080004210 (0x337bf3cb) fnmsub.d ft7, fs7, fs7, ft6
core   0: 1 0x0000000080004210 (0x337bf3cb) f7  0x7ff8000000000000
core   0: 0x0000000080004214 (0x00a361b3) or      gp, t1, a0
core   0: 1 0x0000000080004214 (0x00a361b3) x3  0x0000000000000000
core   0: 0x0000000080004218 (0xd2138cd3) fcvt.d.wu fs9, t2
core   0: 1 0x0000000080004218 (0xd2138cd3) f25 0x0000000000000000
core   0: 0x000000008000421c (0xd02370d3) fcvt.s.l ft1, t1
core   0: 1 0x000000008000421c (0xd02370d3) f1  0xffffffff00000000
core   0: 0x0000000080004220 (0x0ff0000f) fence   iorw,iorw
core   0: 1 0x0000000080004220 (0x0ff0000f)
core   0: 0x0000000080004224 (0x00300ebb) addw    t4, zero, gp
core   0: 1 0x0000000080004224 (0x00300ebb) x29 0x0000000000000000
core   0: 0x0000000080004228 (0xc2177553) fcvt.wu.d a0, fa4
core   0: 1 0x0000000080004228 (0xc2177553) c1_fflags 0x000000000000001f x10 0xffffffffffffffff
core   0: 0x000000008000422c (0xc220f953) fcvt.l.d s2, ft1
core   0: 1 0x000000008000422c (0xc220f953) c1_fflags 0x000000000000001f x18 0x7fffffffffffffff
core   0: 0x0000000080004230 (0xa325f143) fmadd.d ft2, fa1, fs2, fs4
core   0: 1 0x0000000080004230 (0xa325f143) f2  0x7ff8000000000000
core   0: 0x0000000080004234 (0x7d012593) slti    a1, sp, 2000
core   0: 1 0x0000000080004234 (0x7d012593) x11 0x0000000000000001
core   0: 0x0000000080004238 (0x02c22e37) lui     t3, 0x2c22
core   0: 1 0x0000000080004238 (0x02c22e37) x28 0x0000000002c22000
core   0: 0x000000008000423c (0x539e0e1b) addiw   t3, t3, 1337
core   0: 1 0x000000008000423c (0x539e0e1b) x28 0x0000000002c22539
core   0: 0x0000000080004240 (0x00000e36) c.slli  t3, 13
core   0: 1 0x0000000080004240 (0x0e36) x28 0x0000005844a72000
core   0: 0x0000000080004242 (0x694e0e13) addi    t3, t3, 1684
core   0: 1 0x0000000080004242 (0x694e0e13) x28 0x0000005844a72694
core   0: 0x0000000080004246 (0x002a18f3) csrrw   a7, frm, s4
core   0: 1 0x0000000080004246 (0x002a18f3) x17 0x0000000000000000 c2_frm 0x0000000000000000
core   0: 0x000000008000424a (0x033f7f53) fadd.d  ft10, ft10, fs3
core   0: 1 0x000000008000424a (0x033f7f53) f30 0x7ff8000000000000
core   0: 0x000000008000424e (0x7b0a1973) csrrw   s2, dcsr, s4
core   0: exception trap_illegal_instruction, epc 0x000000008000424e
core   0:           tval 0x000000007b0a1973
core   0: >>>>  $xrv64i2p1_m2p0_a2p1_f2p2_d2p2_zicsr2p0_zifencei2p0_zmmul1p0_zba1p0_zbb1p0_zbc1p0_zbs1p0
core   0: 0x0000000080004000 (0x0080006f) j       pc + 0x8
core   0: 3 0x0000000080004000 (0x0080006f)
core   0: >>>>  mmode_exception_handler
core   0: 0x0000000080004008 (0x00002c17) auipc   s8, 0x2
core   0: 3 0x0000000080004008 (0x00002c17) x24 0x0000000080006008
core   0: 0x000000008000400c (0x08ac0c13) addi    s8, s8, 138
core   0: 3 0x000000008000400c (0x08ac0c13) x24 0x0000000080006092
core   0: 0x0000000080004010 (0x000c00e7) jalr    s8
core   0: 3 0x0000000080004010 (0x000c00e7) x1  0x0000000080004014
core   0: >>>>  any_handler
core   0: 0x0000000080006092 (0x341027f3) csrrs   a5, mepc, zero
core   0: 3 0x0000000080006092 (0x341027f3) x15 0x000000008000424e
core   0: 0x0000000080006096 (0x34202773) csrrs   a4, mcause, zero
core   0: 3 0x0000000080006096 (0x34202773) x14 0x0000000000000002
core   0: 0x000000008000609a (0x142026f3) csrrs   a3, scause, zero
core   0: 3 0x000000008000609a (0x142026f3) x13 0x0000000000000018
core   0: 0x000000008000609e (0x30402673) csrrs   a2, mie, zero
core   0: 3 0x000000008000609e (0x30402673) x12 0x0000000000000a00
core   0: 0x00000000800060a2 (0x344025f3) csrrs   a1, mip, zero
core   0: 3 0x00000000800060a2 (0x344025f3) x11 0x0000000000000080
core   0: 0x00000000800060a6 (0x343025f3) csrrs   a1, mtval, zero
core   0: 3 0x00000000800060a6 (0x343025f3) x11 0x000000007b0a1973
core   0: 0x00000000800060aa (0x14302573) csrrs   a0, stval, zero
core   0: 3 0x00000000800060aa (0x14302573) x10 0x0000000000000000
core   0: 0x00000000800060ae (0xb02024f3) csrrs   s1, minstret, zero
core   0: 3 0x00000000800060ae (0xb02024f3) x9  0x0000000000000854
core   0: 0x00000000800060b2 (0x0000a811) c.j     pc + 20
core   0: 3 0x00000000800060b2 (0xa811)
core   0: >>>>  mepc_4
core   0: 0x00000000800060c6 (0x00000791) c.addi  a5, 4
core   0: 3 0x00000000800060c6 (0x0791) x15 0x0000000080004252
core   0: 0x00000000800060c8 (0x34179073) csrrw   zero, mepc, a5
core   0: 3 0x00000000800060c8 (0x34179073) c833_mepc 0x0000000080004252
core   0: 0x00000000800060cc (0x30200073) mret
core   0: 3 0x00000000800060cc (0x30200073) c768_mstatus 0x8000000a00106080
core   0: 0x0000000080004252 (0xf11d6673) csrrsi  a2, mvendorid, 26
core   0: exception trap_illegal_instruction, epc 0x0000000080004252
core   0:           tval 0x00000000f11d6673
core   0: >>>>  $xrv64i2p1_m2p0_a2p1_f2p2_d2p2_zicsr2p0_zifencei2p0_zmmul1p0_zba1p0_zbb1p0_zbc1p0_zbs1p0
core   0: 0x0000000080004000 (0x0080006f) j       pc + 0x8
core   0: 3 0x0000000080004000 (0x0080006f)
core   0: >>>>  mmode_exception_handler
core   0: 0x0000000080004008 (0x00002c17) auipc   s8, 0x2
core   0: 3 0x0000000080004008 (0x00002c17) x24 0x0000000080006008
core   0: 0x000000008000400c (0x08ac0c13) addi    s8, s8, 138
core   0: 3 0x000000008000400c (0x08ac0c13) x24 0x0000000080006092
core   0: 0x0000000080004010 (0x000c00e7) jalr    s8
core   0: 3 0x0000000080004010 (0x000c00e7) x1  0x0000000080004014
core   0: >>>>  any_handler
core   0: 0x0000000080006092 (0x341027f3) csrrs   a5, mepc, zero
core   0: 3 0x0000000080006092 (0x341027f3) x15 0x0000000080004252
core   0: 0x0000000080006096 (0x34202773) csrrs   a4, mcause, zero
core   0: 3 0x0000000080006096 (0x34202773) x14 0x0000000000000002
core   0: 0x000000008000609a (0x142026f3) csrrs   a3, scause, zero
core   0: 3 0x000000008000609a (0x142026f3) x13 0x0000000000000018
core   0: 0x000000008000609e (0x30402673) csrrs   a2, mie, zero
core   0: 3 0x000000008000609e (0x30402673) x12 0x0000000000000a00
core   0: 0x00000000800060a2 (0x344025f3) csrrs   a1, mip, zero
core   0: 3 0x00000000800060a2 (0x344025f3) x11 0x0000000000000080
core   0: 0x00000000800060a6 (0x343025f3) csrrs   a1, mtval, zero
core   0: 3 0x00000000800060a6 (0x343025f3) x11 0x00000000f11d6673
core   0: 0x00000000800060aa (0x14302573) csrrs   a0, stval, zero
core   0: 3 0x00000000800060aa (0x14302573) x10 0x0000000000000000
core   0: 0x00000000800060ae (0xb02024f3) csrrs   s1, minstret, zero
core   0: 3 0x00000000800060ae (0xb02024f3) x9  0x0000000000000864
core   0: 0x00000000800060b2 (0x0000a811) c.j     pc + 20
core   0: 3 0x00000000800060b2 (0xa811)
core   0: >>>>  mepc_4
core   0: 0x00000000800060c6 (0x00000791) c.addi  a5, 4
core   0: 3 0x00000000800060c6 (0x0791) x15 0x0000000080004256
core   0: 0x00000000800060c8 (0x34179073) csrrw   zero, mepc, a5
core   0: 3 0x00000000800060c8 (0x34179073) c833_mepc 0x0000000080004256
core   0: 0x00000000800060cc (0x30200073) mret
core   0: 3 0x00000000800060cc (0x30200073) c768_mstatus 0x8000000a00106080
core   0: 0x0000000080004256 (0x030585bb) mulw    a1, a1, a6
core   0: 1 0x0000000080004256 (0x030585bb) x11 0x0000000000000000
core   0: 0x000000008000425a (0xd230f553) fcvt.d.lu fa0, ra
core   0: 1 0x000000008000425a (0xd230f553) f10 0x41e0000802800000
core   0: 0x000000008000425e (0x0ff0000f) fence   iorw,iorw
core   0: 1 0x000000008000425e (0x0ff0000f)
core   0: 0x0000000080004262 (0x001b1a73) csrrw   s4, fflags, s6
core   0: 1 0x0000000080004262 (0x001b1a73) x20 0x000000000000001f c1_fflags 0x0000000000000000
core   0: 0x0000000080004266 (0x410680bb) subw    ra, a3, a6
core   0: 1 0x0000000080004266 (0x410680bb) x1  0x0000000000000018
core   0: 0x000000008000426a (0x001e9013) slli    zero, t4, 1
core   0: 1 0x000000008000426a (0x001e9013)
core   0: 0x000000008000426e (0x0001c793) xori    a5, gp, 0
core   0: 1 0x000000008000426e (0x0001c793) x15 0x0000000000000000
core   0: 0x0000000080004272 (0x2bfc11d3) fmax.d  ft3, fs8, ft11
core   0: 1 0x0000000080004272 (0x2bfc11d3) f3  0x7ff8000000000000
core   0: 0x0000000080004276 (0x021ddabb) divuw   s5, s11, ra
core   0: 1 0x0000000080004276 (0x021ddabb) x21 0x0000000000000000
core   0: 0x000000008000427a (0x0158d7bb) srlw    a5, a7, s5
core   0: 1 0x000000008000427a (0x0158d7bb) x15 0x0000000000000000
core   0: 0x000000008000427e (0x0067c933) xor     s2, a5, t1
core   0: 1 0x000000008000427e (0x0067c933) x18 0x0000000000000000
core   0: 0x0000000080004282 (0x001b1373) csrrw   t1, fflags, s6
core   0: 1 0x0000000080004282 (0x001b1373) x6  0x0000000000000000 c1_fflags 0x0000000000000000
core   0: 0x0000000080004286 (0xc21175d3) fcvt.wu.d a1, ft2
core   0: 1 0x0000000080004286 (0xc21175d3) c1_fflags 0x0000000000000010 x11 0xffffffffffffffff
core   0: 0x000000008000428a (0x0ff0000f) fence   iorw,iorw
core   0: 1 0x000000008000428a (0x0ff0000f)
core   0: 0x000000008000428e (0xb36ff7cb) fnmsub.d fa5, ft11, fs6, fs6
core   0: 1 0x000000008000428e (0xb36ff7cb) f15 0x7ff8000000000000
core   0: 0x0000000080004292 (0xe20f0153) fmv.x.d sp, ft10
core   0: 1 0x0000000080004292 (0xe20f0153) x2  0x7ff8000000000000
core   0: 0x0000000080004296 (0x22a892d3) fsgnjn.d ft5, fa7, fa0
core   0: 1 0x0000000080004296 (0x22a892d3) f5  0xffffffff00000000
core   0: 0x000000008000429a (0x41578733) sub     a4, a5, s5
core   0: 1 0x000000008000429a (0x41578733) x14 0x0000000000000000
core   0: 0x000000008000429e (0x59fe8513) addi    a0, t4, 1439
core   0: 1 0x000000008000429e (0x59fe8513) x10 0x000000000000059f
core   0: 0x00000000800042a2 (0xc038f253) fcvt.lu.s tp, fa7
core   0: 1 0x00000000800042a2 (0xc038f253) x4  0x0000000000000000
core   0: 0x00000000800042a6 (0x2bde879b) addiw   a5, t4, 701
core   0: 1 0x00000000800042a6 (0x2bde879b) x15 0x00000000000002bd
core   0: 0x00000000800042aa (0x001b11f3) csrrw   gp, fflags, s6
core   0: 1 0x00000000800042aa (0x001b11f3) x3  0x0000000000000010 c1_fflags 0x0000000000000000
core   0: 0x00000000800042ae (0x41de8eb3) sub     t4, t4, t4
core   0: 1 0x00000000800042ae (0x41de8eb3) x29 0x0000000000000000
core   0: 0x00000000800042b2 (0x31a0db73) csrrwi  s6, menvcfgh, 1
core   0: exception trap_illegal_instruction, epc 0x00000000800042b2
core   0:           tval 0x0000000031a0db73
core   0: >>>>  $xrv64i2p1_m2p0_a2p1_f2p2_d2p2_zicsr2p0_zifencei2p0_zmmul1p0_zba1p0_zbb1p0_zbc1p0_zbs1p0
core   0: 0x0000000080004000 (0x0080006f) j       pc + 0x8
core   0: 3 0x0000000080004000 (0x0080006f)
core   0: >>>>  mmode_exception_handler
core   0: 0x0000000080004008 (0x00002c17) auipc   s8, 0x2
core   0: 3 0x0000000080004008 (0x00002c17) x24 0x0000000080006008
core   0: 0x000000008000400c (0x08ac0c13) addi    s8, s8, 138
core   0: 3 0x000000008000400c (0x08ac0c13) x24 0x0000000080006092
core   0: 0x0000000080004010 (0x000c00e7) jalr    s8
core   0: 3 0x0000000080004010 (0x000c00e7) x1  0x0000000080004014
core   0: >>>>  any_handler
core   0: 0x0000000080006092 (0x341027f3) csrrs   a5, mepc, zero
core   0: 3 0x0000000080006092 (0x341027f3) x15 0x00000000800042b2
core   0: 0x0000000080006096 (0x34202773) csrrs   a4, mcause, zero
core   0: 3 0x0000000080006096 (0x34202773) x14 0x0000000000000002
core   0: 0x000000008000609a (0x142026f3) csrrs   a3, scause, zero
core   0: 3 0x000000008000609a (0x142026f3) x13 0x0000000000000018
core   0: 0x000000008000609e (0x30402673) csrrs   a2, mie, zero
core   0: 3 0x000000008000609e (0x30402673) x12 0x0000000000000a00
core   0: 0x00000000800060a2 (0x344025f3) csrrs   a1, mip, zero
core   0: 3 0x00000000800060a2 (0x344025f3) x11 0x0000000000000080
core   0: 0x00000000800060a6 (0x343025f3) csrrs   a1, mtval, zero
core   0: 3 0x00000000800060a6 (0x343025f3) x11 0x0000000031a0db73
core   0: 0x00000000800060aa (0x14302573) csrrs   a0, stval, zero
core   0: 3 0x00000000800060aa (0x14302573) x10 0x0000000000000000
core   0: 0x00000000800060ae (0xb02024f3) csrrs   s1, minstret, zero
core   0: 3 0x00000000800060ae (0xb02024f3) x9  0x000000000000088b
core   0: 0x00000000800060b2 (0x0000a811) c.j     pc + 20
core   0: 3 0x00000000800060b2 (0xa811)
core   0: >>>>  mepc_4
core   0: 0x00000000800060c6 (0x00000791) c.addi  a5, 4
core   0: 3 0x00000000800060c6 (0x0791) x15 0x00000000800042b6
core   0: 0x00000000800060c8 (0x34179073) csrrw   zero, mepc, a5
core   0: 3 0x00000000800060c8 (0x34179073) c833_mepc 0x00000000800042b6
core   0: 0x00000000800060cc (0x30200073) mret
core   0: 3 0x00000000800060cc (0x30200073) c768_mstatus 0x8000000a00106080
core   0: 0x00000000800042b6 (0x00001013) slli    zero, zero, 0
core   0: 1 0x00000000800042b6 (0x00001013)
core   0: 0x00000000800042ba (0xb134cd37) lui     s10, 0xb134c
core   0: 1 0x00000000800042ba (0xb134cd37) x26 0xffffffffb134c000
core   0: 0x00000000800042be (0x00e755bb) srlw    a1, a4, a4
core   0: 1 0x00000000800042be (0x00e755bb) x11 0x0000000000000000
core   0: 0x00000000800042c2 (0x0295c53b) divw    a0, a1, s1
core   0: 1 0x00000000800042c2 (0x0295c53b) x10 0x0000000000000000
core   0: 0x00000000800042c6 (0x40e7509b) sraiw   ra, a4, 14
core   0: 1 0x00000000800042c6 (0x40e7509b) x1  0x0000000000000000
core   0: 0x00000000800042ca (0x03090333) mul     t1, s2, a6
core   0: 1 0x00000000800042ca (0x03090333) x6  0x0000000000000000
core   0: 0x00000000800042ce (0x0193941b) slliw   s0, t2, 25
core   0: 1 0x00000000800042ce (0x0193941b) x8  0x0000000000000000
core   0: 0x00000000800042d2 (0x419259b3) sra     s3, tp, s9
core   0: 1 0x00000000800042d2 (0x419259b3) x19 0x0000000000000000
core   0: 0x00000000800042d6 (0x40157153) fcvt.s.d ft2, fa0
core   0: 1 0x00000000800042d6 (0x40157153) c1_fflags 0x0000000000000001 f2  0xffffffff4f000040
core   0: 0x00000000800042da (0xd2098ad3) fcvt.d.w fs5, s3
core   0: 1 0x00000000800042da (0xd2098ad3) f21 0x0000000000000000
core   0: 0x00000000800042de (0x03fa1c93) slli    s9, s4, 63
core   0: 1 0x00000000800042de (0x03fa1c93) x25 0x8000000000000000
core   0: 0x00000000800042e2 (0x03316abb) remw    s5, sp, s3
core   0: 1 0x00000000800042e2 (0x03316abb) x21 0x0000000000000000
core   0: 0x00000000800042e6 (0x8b357313) andi    t1, a0, -1869
core   0: 1 0x00000000800042e6 (0x8b357313) x6  0x0000000000000000
core   0: 0x00000000800042ea (0x02028033) mul     zero, t0, zero
core   0: 1 0x00000000800042ea (0x02028033)
core   0: 0x00000000800042ee (0x002a8db3) add     s11, s5, sp
core   0: 1 0x00000000800042ee (0x002a8db3) x27 0x7ff8000000000000
core   0: 0x00000000800042f2 (0x004a9c3b) sllw    s8, s5, tp
core   0: 1 0x00000000800042f2 (0x004a9c3b) x24 0x0000000000000000
core   0: 0x00000000800042f6 (0x0ff0000f) fence   iorw,iorw
core   0: 1 0x00000000800042f6 (0x0ff0000f)
core   0: 0x00000000800042fa (0x2afe0bd3) fmin.d  fs7, ft8, fa5
core   0: 1 0x00000000800042fa (0x2afe0bd3) f23 0x7ff8000000000000
core   0: 0x00000000800042fe (0x0ff0000f) fence   iorw,iorw
core   0: 1 0x00000000800042fe (0x0ff0000f)
core   0: 0x0000000080004302 (0x03127cd3) fadd.d  fs9, ft4, fa7
core   0: 1 0x0000000080004302 (0x03127cd3) f25 0x7ff8000000000000
core   0: 0x0000000080004306 (0x79fc6d13) ori     s10, s8, 1951
core   0: 1 0x0000000080004306 (0x79fc6d13) x26 0x000000000000079f
core   0: 0x000000008000430a (0x018502bb) addw    t0, a0, s8
core   0: 1 0x000000008000430a (0x018502bb) x5  0x0000000000000000
core   0: 0x000000008000430e (0x227494d3) fsgnjn.d fs1, fs1, ft7
core   0: 1 0x000000008000430e (0x227494d3) f9  0xffffffff00000000
core   0: 0x0000000080004312 (0x00202c73) csrrs   s8, frm, zero
core   0: 1 0x0000000080004312 (0x00202c73) x24 0x0000000000000000
core   0: 0x0000000080004316 (0x57008a1b) addiw   s4, ra, 1392
core   0: 1 0x0000000080004316 (0x57008a1b) x20 0x0000000000000570
core   0: 0x000000008000431a (0x00b35e9b) srliw   t4, t1, 11
core   0: 1 0x000000008000431a (0x00b35e9b) x29 0x0000000000000000
core   0: 0x000000008000431e (0x414e82bb) subw    t0, t4, s4
core   0: 1 0x000000008000431e (0x414e82bb) x5  0xfffffffffffffa90
core   0: 0x0000000080004322 (0x13d57ed3) fmul.d  ft9, fa0, ft9
core   0: 1 0x0000000080004322 (0x13d57ed3) f29 0x7ff8000000000000
core   0: 0x0000000080004326 (0x00009a76) c.add   s4, t4
core   0: 1 0x0000000080004326 (0x9a76) x20 0x0000000000000570
core   0: 0x0000000080004328 (0x03847233) remu    tp, s0, s8
core   0: 1 0x0000000080004328 (0x03847233) x4  0x0000000000000000
core   0: 0x000000008000432c (0x310971f3) csrrci  gp, mstatush, 18
core   0: exception trap_illegal_instruction, epc 0x000000008000432c
core   0:           tval 0x00000000310971f3
core   0: >>>>  $xrv64i2p1_m2p0_a2p1_f2p2_d2p2_zicsr2p0_zifencei2p0_zmmul1p0_zba1p0_zbb1p0_zbc1p0_zbs1p0
core   0: 0x0000000080004000 (0x0080006f) j       pc + 0x8
core   0: 3 0x0000000080004000 (0x0080006f)
core   0: >>>>  mmode_exception_handler
core   0: 0x0000000080004008 (0x00002c17) auipc   s8, 0x2
core   0: 3 0x0000000080004008 (0x00002c17) x24 0x0000000080006008
core   0: 0x000000008000400c (0x08ac0c13) addi    s8, s8, 138
core   0: 3 0x000000008000400c (0x08ac0c13) x24 0x0000000080006092
core   0: 0x0000000080004010 (0x000c00e7) jalr    s8
core   0: 3 0x0000000080004010 (0x000c00e7) x1  0x0000000080004014
core   0: >>>>  any_handler
core   0: 0x0000000080006092 (0x341027f3) csrrs   a5, mepc, zero
core   0: 3 0x0000000080006092 (0x341027f3) x15 0x000000008000432c
core   0: 0x0000000080006096 (0x34202773) csrrs   a4, mcause, zero
core   0: 3 0x0000000080006096 (0x34202773) x14 0x0000000000000002
core   0: 0x000000008000609a (0x142026f3) csrrs   a3, scause, zero
core   0: 3 0x000000008000609a (0x142026f3) x13 0x0000000000000018
core   0: 0x000000008000609e (0x30402673) csrrs   a2, mie, zero
core   0: 3 0x000000008000609e (0x30402673) x12 0x0000000000000a00
core   0: 0x00000000800060a2 (0x344025f3) csrrs   a1, mip, zero
core   0: 3 0x00000000800060a2 (0x344025f3) x11 0x0000000000000080
core   0: 0x00000000800060a6 (0x343025f3) csrrs   a1, mtval, zero
core   0: 3 0x00000000800060a6 (0x343025f3) x11 0x00000000310971f3
core   0: 0x00000000800060aa (0x14302573) csrrs   a0, stval, zero
core   0: 3 0x00000000800060aa (0x14302573) x10 0x0000000000000000
core   0: 0x00000000800060ae (0xb02024f3) csrrs   s1, minstret, zero
core   0: 3 0x00000000800060ae (0xb02024f3) x9  0x00000000000008b9
core   0: 0x00000000800060b2 (0x0000a811) c.j     pc + 20
core   0: 3 0x00000000800060b2 (0xa811)
core   0: >>>>  mepc_4
core   0: 0x00000000800060c6 (0x00000791) c.addi  a5, 4
core   0: 3 0x00000000800060c6 (0x0791) x15 0x0000000080004330
core   0: 0x00000000800060c8 (0x34179073) csrrw   zero, mepc, a5
core   0: 3 0x00000000800060c8 (0x34179073) c833_mepc 0x0000000080004330
core   0: 0x00000000800060cc (0x30200073) mret
core   0: 3 0x00000000800060cc (0x30200073) c768_mstatus 0x8000000a00106080
core   0: 0x0000000080004330 (0x01814eb3) xor     t4, sp, s8
core   0: 1 0x0000000080004330 (0x01814eb3) x29 0x7ff8000080006092
core   0: 0x0000000080004334 (0xae36c593) xori    a1, a3, -1309
core   0: 1 0x0000000080004334 (0xae36c593) x11 0xfffffffffffffafb
core   0: 0x0000000080004338 (0x2ba68353) fmin.d  ft6, fa3, fs10
core   0: 1 0x0000000080004338 (0x2ba68353) f6  0x0000000000000000
core   0: 0x000000008000433c (0xd02ef1d3) fcvt.s.l ft3, t4
core   0: 1 0x000000008000433c (0xd02ef1d3) c1_fflags 0x0000000000000001 f3  0xffffffff5efff000
core   0: 0x0000000080004340 (0x5a0af653) fsqrt.d fa2, fs5
core   0: 1 0x0000000080004340 (0x5a0af653) f12 0x0000000000000000
core   0: 0x0000000080004344 (0x00008d11) c.sub   a0, a2
core   0: 1 0x0000000080004344 (0x8d11) x10 0xfffffffffffff600
core   0: 0x0000000080004346 (0x407b81bb) subw    gp, s7, t2
core   0: 1 0x0000000080004346 (0x407b81bb) x3  0x0000000000000000
core   0: 0x000000008000434a (0xa2722953) feq.d   s2, ft4, ft7
core   0: 1 0x000000008000434a (0xa2722953) x18 0x0000000000000000
core   0: 0x000000008000434e (0x447df397) auipc   t2, 0x447df
core   0: 1 0x000000008000434e (0x447df397) x7  0x00000000c47e334e
core   0: 0x0000000080004352 (0x42495513) srai    a0, s2, 36
core   0: 1 0x0000000080004352 (0x42495513) x10 0x0000000000000000
core   0: 0x0000000080004356 (0x40c08a3b) subw    s4, ra, a2
core   0: 1 0x0000000080004356 (0x40c08a3b) x20 0xffffffff80003614
core   0: 0x000000008000435a (0xe20081d3) fmv.x.d gp, ft1
core   0: 1 0x000000008000435a (0xe20081d3) x3  0xffffffff00000000
core   0: 0x000000008000435e (0x8f220293) addi    t0, tp, -1806
core   0: 1 0x000000008000435e (0x8f220293) x5  0xfffffffffffff8f2
core   0: 0x0000000080004362 (0x00e101bb) addw    gp, sp, a4
core   0: 1 0x0000000080004362 (0x00e101bb) x3  0x0000000000000002
core   0: 0x0000000080004366 (0x002a14f3) csrrw   s1, frm, s4
core   0: 1 0x0000000080004366 (0x002a14f3) x9  0x0000000000000000 c2_frm 0x0000000000000004
core   0: 0x000000008000436a (0xd21a8dd3) fcvt.d.wu fs11, s5
core   0: 1 0x000000008000436a (0xd21a8dd3) f27 0x0000000000000000
core   0: 0x000000008000436e (0x9bcbf9cf) fnmadd.d fs3, fs7, ft8, fs3
core   0: 1 0x000000008000436e (0x9bcbf9cf) f19 0x7ff8000000000000
core   0: 0x0000000080004372 (0x3a5bfb93) andi    s7, s7, 933
core   0: 1 0x0000000080004372 (0x3a5bfb93) x23 0x0000000000000000
core   0: 0x0000000080004376 (0xd2277553) fcvt.d.l fa0, a4
core   0: 1 0x0000000080004376 (0xd2277553) f10 0x4000000000000000
core   0: 0x000000008000437a (0x404989bb) subw    s3, s3, tp
core   0: 1 0x000000008000437a (0x404989bb) x19 0x0000000000000000
core   0: 0x000000008000437e (0x03c501b3) mul     gp, a0, t3
core   0: 1 0x000000008000437e (0x03c501b3) x3  0x0000000000000000
core   0: 0x0000000080004382 (0x80020a1b) addiw   s4, tp, -2048
core   0: 1 0x0000000080004382 (0x80020a1b) x20 0xfffffffffffff800
core   0: 0x0000000080004386 (0xc22e7953) fcvt.l.d s2, ft8
core   0: 1 0x0000000080004386 (0xc22e7953) c1_fflags 0x0000000000000011 x18 0x7fffffffffffffff
core   0: 0x000000008000438a (0x42098ed3) fcvt.d.s ft9, fs3
core   0: 1 0x000000008000438a (0x42098ed3) f29 0x7ff8000000000000
core   0: 0x000000008000438e (0x02005013) srli    zero, zero, 32
core   0: 1 0x000000008000438e (0x02005013)
core   0: 0x0000000080004392 (0x13c97cd3) fmul.d  fs9, fs2, ft8
core   0: 1 0x0000000080004392 (0x13c97cd3) f25 0x7ff8000000000000
core   0: 0x0000000080004396 (0x41585ab3) sra     s5, a6, s5
core   0: 1 0x0000000080004396 (0x41585ab3) x21 0x0000000000000000
core   0: 0x000000008000439a (0x0a887f53) fsub.d  ft10, fa6, fs0
core   0: 1 0x000000008000439a (0x0a887f53) f30 0x7ff8000000000000
core   0: 0x000000008000439e (0x00001442) c.slli  s0, 48
core   0: 1 0x000000008000439e (0x1442) x8  0x0000000000000000
core   0: 0x00000000800043a0 (0x0210c733) div     a4, ra, ra
core   0: 1 0x00000000800043a0 (0x0210c733) x14 0x0000000000000001
core   0: 0x00000000800043a4 (0xd0347b53) fcvt.s.lu fs6, s0
core   0: 1 0x00000000800043a4 (0xd0347b53) f22 0xffffffff00000000
core   0: 0x00000000800043a8 (0x4aae70cf) fnmadd.d ft1, ft8, fa0, fs1
core   0: 1 0x00000000800043a8 (0x4aae70cf) f1  0x7ff8000000000000
core   0: 0x00000000800043ac (0x00045b1b) srliw   s6, s0, 0
core   0: 1 0x00000000800043ac (0x00045b1b) x22 0x0000000000000000
core   0: 0x00000000800043b0 (0xe2038b53) fmv.x.d s6, ft7
core   0: 1 0x00000000800043b0 (0xe2038b53) x22 0x7ff8000000000000
core   0: 0x00000000800043b4 (0x00165833) srl     a6, a2, ra
core   0: 1 0x00000000800043b4 (0x00165833) x16 0x0000000000000000
core   0: 0x00000000800043b8 (0x02ad1b13) slli    s6, s10, 42
core   0: 1 0x00000000800043b8 (0x02ad1b13) x22 0x001e7c0000000000
core   0: 0x00000000800043bc (0x5a00ff53) fsqrt.d ft10, ft1
core   0: 1 0x00000000800043bc (0x5a00ff53) f30 0x7ff8000000000000
core   0: 0x00000000800043c0 (0x016d55bb) srlw    a1, s10, s6
core   0: 1 0x00000000800043c0 (0x016d55bb) x11 0x000000000000079f
core   0: 0x00000000800043c4 (0x037efcb3) remu    s9, t4, s7
core   0: 1 0x00000000800043c4 (0x037efcb3) x25 0x7ff8000080006092
core   0: 0x00000000800043c8 (0x1a03f553) fdiv.d  fa0, ft7, ft0
core   0: 1 0x00000000800043c8 (0x1a03f553) f10 0x7ff8000000000000
core   0: 0x00000000800043cc (0x0106c6b3) xor     a3, a3, a6
core   0: 1 0x00000000800043cc (0x0106c6b3) x13 0x0000000000000018
core   0: 0x00000000800043d0 (0x028cf9b3) remu    s3, s9, s0
core   0: 1 0x00000000800043d0 (0x028cf9b3) x19 0x7ff8000080006092
core   0: 0x00000000800043d4 (0x0126993b) sllw    s2, a3, s2
core   0: 1 0x00000000800043d4 (0x0126993b) x18 0x0000000000000000
core   0: 0x00000000800043d8 (0x004afcb7) lui     s9, 0x4af
core   0: 1 0x00000000800043d8 (0x004afcb7) x25 0x00000000004af000
core   0: 0x00000000800043dc (0xdc7c8c9b) addiw   s9, s9, -569
core   0: 1 0x00000000800043dc (0xdc7c8c9b) x25 0x00000000004aedc7
core   0: 0x00000000800043e0 (0x00000cbe) c.slli  s9, 15
core   0: 1 0x00000000800043e0 (0x0cbe) x25 0x0000002576e38000
core   0: 0x00000000800043e2 (0xccdc8c93) addi    s9, s9, -819
core   0: 1 0x00000000800043e2 (0xccdc8c93) x25 0x0000002576e37ccd
core   0: 0x00000000800043e6 (0x001d1df3) csrrw   s11, fflags, s10
core   0: 1 0x00000000800043e6 (0x001d1df3) x27 0x0000000000000011 c1_fflags 0x000000000000001f
core   0: 0x00000000800043ea (0x00202c73) csrrs   s8, frm, zero
core   0: 1 0x00000000800043ea (0x00202c73) x24 0x0000000000000004
core   0: 0x00000000800043ee (0x0298f4d3) fadd.d  fs1, fa7, fs1
core   0: 1 0x00000000800043ee (0x0298f4d3) f9  0x7ff8000000000000
core   0: 0x00000000800043f2 (0x00000001) c.nop
core   0: 1 0x00000000800043f2 (0x0001)
core   0: 0x00000000800043f4 (0x144d5ef3) csrrwi  t4, sip, 26
core   0: 1 0x00000000800043f4 (0x144d5ef3) x29 0x0000000000000000 c836_mip 0x0000000000000080
core   0: 0x00000000800043f8 (0x141c5673) csrrwi  a2, sepc, 24
core   0: 1 0x00000000800043f8 (0x141c5673) x12 0x0000000000000000 c321_sepc 0x0000000000000018
core   0: 0x00000000800043fc (0xd238fad3) fcvt.d.lu fs5, a7
core   0: 1 0x00000000800043fc (0xd238fad3) f21 0x0000000000000000
core   0: 0x0000000080004400 (0x016b6c33) or      s8, s6, s6
core   0: 1 0x0000000080004400 (0x016b6c33) x24 0x001e7c0000000000
core   0: 0x0000000080004404 (0x03087ed3) fadd.d  ft9, fa6, fa6
core   0: 1 0x0000000080004404 (0x03087ed3) f29 0x7ff8000000000000
core   0: 0x0000000080004408 (0x0299d23b) divuw   tp, s3, s1
core   0: 1 0x0000000080004408 (0x0299d23b) x4  0xffffffffffffffff
core   0: 0x000000008000440c (0x5a027b53) fsqrt.d fs6, ft4
core   0: 1 0x000000008000440c (0x5a027b53) f22 0x7ff8000000000000
core   0: 0x0000000080004410 (0x229b1cd3) fsgnjn.d fs9, fs6, fs1
core   0: 1 0x0000000080004410 (0x229b1cd3) f25 0xfff8000000000000
core   0: 0x0000000080004414 (0x00000001) c.nop
core   0: 1 0x0000000080004414 (0x0001)
core   0: 0x0000000080004416 (0x024c46b3) div     a3, s8, tp
core   0: 1 0x0000000080004416 (0x024c46b3) x13 0xffe1840000000000
core   0: 0x000000008000441a (0x611a2637) lui     a2, 0x611a2
core   0: 1 0x000000008000441a (0x611a2637) x12 0x00000000611a2000
core   0: 0x000000008000441e (0xc02cfd53) fcvt.l.s s10, fs9
core   0: 1 0x000000008000441e (0xc02cfd53) c1_fflags 0x000000000000001f x26 0x7fffffffffffffff
core   0: 0x0000000080004422 (0x001029f3) csrrs   s3, fflags, zero
core   0: 1 0x0000000080004422 (0x001029f3) x19 0x000000000000001f
core   0: 0x0000000080004426 (0x01d65133) srl     sp, a2, t4
core   0: 1 0x0000000080004426 (0x01d65133) x2  0x00000000611a2000
core   0: 0x000000008000442a (0x0150d093) srli    ra, ra, 21
core   0: 1 0x000000008000442a (0x0150d093) x1  0x0000000000000400
core   0: 0x000000008000442e (0xd03ef4d3) fcvt.s.lu fs1, t4
core   0: 1 0x000000008000442e (0xd03ef4d3) f9  0xffffffff00000000
core   0: 0x0000000080004432 (0x7ff9f513) andi    a0, s3, 2047
core   0: 1 0x0000000080004432 (0x7ff9f513) x10 0x000000000000001f
core   0: 0x0000000080004436 (0x02c9423b) divw    tp, s2, a2
core   0: 1 0x0000000080004436 (0x02c9423b) x4  0x0000000000000000
core   0: 0x000000008000443a (0x00269173) csrrw   sp, frm, a3
core   0: 1 0x000000008000443a (0x00269173) x2  0x0000000000000004 c2_frm 0x0000000000000000
core   0: 0x000000008000443e (0x015e2833) slt     a6, t3, s5
core   0: 1 0x000000008000443e (0x015e2833) x16 0x0000000000000000
core   0: 0x0000000080004442 (0x00000001) c.nop
core   0: 1 0x0000000080004442 (0x0001)
core   0: 0x0000000080004444 (0x4019f253) fcvt.s.d ft4, fs3
core   0: 1 0x0000000080004444 (0x4019f253) f4  0xffffffff7fc00000
core   0: 0x0000000080004448 (0x0387673b) remw    a4, a4, s8
core   0: 1 0x0000000080004448 (0x0387673b) x14 0x0000000000000001
core   0: 0x000000008000444c (0xc2317053) fcvt.lu.d zero, ft2
core   0: 1 0x000000008000444c (0xc2317053) c1_fflags 0x000000000000001f
core   0: 0x0000000080004450 (0x020d8d3b) mulw    s10, s11, zero
core   0: 1 0x0000000080004450 (0x020d8d3b) x26 0x0000000000000000
core   0: 0x0000000080004454 (0x9af270cb) fnmsub.d ft1, ft4, fa5, fs3
core   0: 1 0x0000000080004454 (0x9af270cb) f1  0x7ff8000000000000
core   0: 0x0000000080004458 (0x00249a73) csrrw   s4, frm, s1
core   0: 1 0x0000000080004458 (0x00249a73) x20 0x0000000000000000 c2_frm 0x0000000000000000
core   0: 0x000000008000445c (0x0000503b) srlw    zero, zero, zero
core   0: 1 0x000000008000445c (0x0000503b)
core   0: 0x0000000080004460 (0xfffe819b) addiw   gp, t4, -1
core   0: 1 0x0000000080004460 (0xfffe819b) x3  0xffffffffffffffff
core   0: 0x0000000080004464 (0x7580eb13) ori     s6, ra, 1880
core   0: 1 0x0000000080004464 (0x7580eb13) x22 0x0000000000000758
core   0: 0x0000000080004468 (0x000b0433) add     s0, s6, zero
core   0: 1 0x0000000080004468 (0x000b0433) x8  0x0000000000000758
core   0: 0x000000008000446c (0x03856dbb) remw    s11, a0, s8
core   0: 1 0x000000008000446c (0x03856dbb) x27 0x000000000000001f
core   0: 0x0000000080004470 (0xfff70113) addi    sp, a4, -1
core   0: 1 0x0000000080004470 (0xfff70113) x2  0x0000000000000000
core   0: 0x0000000080004474 (0x02d6e6b3) rem     a3, a3, a3
core   0: 1 0x0000000080004474 (0x02d6e6b3) x13 0x0000000000000000
core   0: 0x0000000080004478 (0x401e7953) fcvt.s.d fs2, ft8
core   0: 1 0x0000000080004478 (0x401e7953) f18 0xffffffff7fc00000
core   0: 0x000000008000447c (0x01a26233) or      tp, tp, s10
core   0: 1 0x000000008000447c (0x01a26233) x4  0x0000000000000000
core   0: 0x0000000080004480 (0x000f57b7) lui     a5, 0xf5
core   0: 1 0x0000000080004480 (0x000f57b7) x15 0x00000000000f5000
core   0: 0x0000000080004484 (0xe6d7879b) addiw   a5, a5, -403
core   0: 1 0x0000000080004484 (0xe6d7879b) x15 0x00000000000f4e6d
core   0: 0x0000000080004488 (0x000007ca) c.slli  a5, 18
core   0: 1 0x0000000080004488 (0x07ca) x15 0x0000003d39b40000
core   0: 0x000000008000448a (0x8e578793) addi    a5, a5, -1819
core   0: 1 0x000000008000448a (0x8e578793) x15 0x0000003d39b3f8e5
core   0: 0x000000008000448e (0x010c0bb3) add     s7, s8, a6
core   0: 1 0x000000008000448e (0x010c0bb3) x23 0x001e7c0000000000
core   0: 0x0000000080004492 (0x038c8a3b) mulw    s4, s9, s8
core   0: 1 0x0000000080004492 (0x038c8a3b) x20 0x0000000000000000
core   0: 0x0000000080004496 (0xf2400e93) li      t4, -220
core   0: 1 0x0000000080004496 (0xf2400e93) x29 0xffffffffffffff24
core   0: 0x000000008000449a (0x03dddcb3) divu    s9, s11, t4
core   0: 1 0x000000008000449a (0x03dddcb3) x25 0x0000000000000000
core   0: 0x000000008000449e (0xe20a0ad3) fmv.x.d s5, fs4
core   0: 1 0x000000008000449e (0xe20a0ad3) x21 0x7ff8000000000000
core   0: 0x00000000800044a2 (0x405187b3) sub     a5, gp, t0
core   0: 1 0x00000000800044a2 (0x405187b3) x15 0x000000000000070d
core   0: 0x00000000800044a6 (0x027e833b) mulw    t1, t4, t2
core   0: 1 0x00000000800044a6 (0x027e833b) x6  0x00000000238be8f8
core   0: 0x00000000800044aa (0x69bcfd13) andi    s10, s9, 1691
core   0: 1 0x00000000800044aa (0x69bcfd13) x26 0x0000000000000000
core   0: 0x00000000800044ae (0x40920eb3) sub     t4, tp, s1
core   0: 1 0x00000000800044ae (0x40920eb3) x29 0x0000000000000000
core   0: 0x00000000800044b2 (0x0a0a704b) fnmsub.d ft0, fs4, ft0, ft1
core   0: 1 0x00000000800044b2 (0x0a0a704b) f0  0x7ff8000000000000
core   0: 0x00000000800044b6 (0x41080bbb) subw    s7, a6, a6
core   0: 1 0x00000000800044b6 (0x41080bbb) x23 0x0000000000000000
core   0: 0x00000000800044ba (0x026a433b) divw    t1, s4, t1
core   0: 1 0x00000000800044ba (0x026a433b) x6  0x0000000000000000
core   0: 0x00000000800044be (0xd02a7bd3) fcvt.s.l fs7, s4
core   0: 1 0x00000000800044be (0xd02a7bd3) f23 0xffffffff00000000
core   0: 0x00000000800044c2 (0x002022f3) csrrs   t0, frm, zero
core   0: 1 0x00000000800044c2 (0x002022f3) x5  0x0000000000000000
core   0: 0x00000000800044c6 (0xa372fccf) fnmadd.d fs9, ft5, fs7, fs4
core   0: 1 0x00000000800044c6 (0xa372fccf) f25 0x7ff8000000000000
core   0: 0x00000000800044ca (0x001b5713) srli    a4, s6, 1
core   0: 1 0x00000000800044ca (0x001b5713) x14 0x00000000000003ac
core   0: 0x00000000800044ce (0xc2127353) fcvt.wu.d t1, ft4
core   0: 1 0x00000000800044ce (0xc2127353) c1_fflags 0x000000000000001f x6  0xffffffffffffffff
core   0: 0x00000000800044d2 (0xc21cfdd3) fcvt.wu.d s11, fs9
core   0: 1 0x00000000800044d2 (0xc21cfdd3) c1_fflags 0x000000000000001f x27 0xffffffffffffffff
core   0: 0x00000000800044d6 (0xd23774d3) fcvt.d.lu fs1, a4
core   0: 1 0x00000000800044d6 (0xd23774d3) f9  0x408d600000000000
core   0: 0x00000000800044da (0xc81415f3) csrrw   a1, timeh, s0
core   0: exception trap_illegal_instruction, epc 0x00000000800044da
core   0:           tval 0x00000000c81415f3
core   0: >>>>  $xrv64i2p1_m2p0_a2p1_f2p2_d2p2_zicsr2p0_zifencei2p0_zmmul1p0_zba1p0_zbb1p0_zbc1p0_zbs1p0
core   0: 0x0000000080004000 (0x0080006f) j       pc + 0x8
core   0: 3 0x0000000080004000 (0x0080006f)
core   0: >>>>  mmode_exception_handler
core   0: 0x0000000080004008 (0x00002c17) auipc   s8, 0x2
core   0: 3 0x0000000080004008 (0x00002c17) x24 0x0000000080006008
core   0: 0x000000008000400c (0x08ac0c13) addi    s8, s8, 138
core   0: 3 0x000000008000400c (0x08ac0c13) x24 0x0000000080006092
core   0: 0x0000000080004010 (0x000c00e7) jalr    s8
core   0: 3 0x0000000080004010 (0x000c00e7) x1  0x0000000080004014
core   0: >>>>  any_handler
core   0: 0x0000000080006092 (0x341027f3) csrrs   a5, mepc, zero
core   0: 3 0x0000000080006092 (0x341027f3) x15 0x00000000800044da
core   0: 0x0000000080006096 (0x34202773) csrrs   a4, mcause, zero
core   0: 3 0x0000000080006096 (0x34202773) x14 0x0000000000000002
core   0: 0x000000008000609a (0x142026f3) csrrs   a3, scause, zero
core   0: 3 0x000000008000609a (0x142026f3) x13 0x0000000000000018
core   0: 0x000000008000609e (0x30402673) csrrs   a2, mie, zero
core   0: 3 0x000000008000609e (0x30402673) x12 0x0000000000000a00
core   0: 0x00000000800060a2 (0x344025f3) csrrs   a1, mip, zero
core   0: 3 0x00000000800060a2 (0x344025f3) x11 0x0000000000000080
core   0: 0x00000000800060a6 (0x343025f3) csrrs   a1, mtval, zero
core   0: 3 0x00000000800060a6 (0x343025f3) x11 0x00000000c81415f3
core   0: 0x00000000800060aa (0x14302573) csrrs   a0, stval, zero
core   0: 3 0x00000000800060aa (0x14302573) x10 0x0000000000000000
core   0: 0x00000000800060ae (0xb02024f3) csrrs   s1, minstret, zero
core   0: 3 0x00000000800060ae (0xb02024f3) x9  0x0000000000000937
core   0: 0x00000000800060b2 (0x0000a811) c.j     pc + 20
core   0: 3 0x00000000800060b2 (0xa811)
core   0: >>>>  mepc_4
core   0: 0x00000000800060c6 (0x00000791) c.addi  a5, 4
core   0: 3 0x00000000800060c6 (0x0791) x15 0x00000000800044de
core   0: 0x00000000800060c8 (0x34179073) csrrw   zero, mepc, a5
core   0: 3 0x00000000800060c8 (0x34179073) c833_mepc 0x00000000800044de
core   0: 0x00000000800060cc (0x30200073) mret
core   0: 3 0x00000000800060cc (0x30200073) c768_mstatus 0x8000000a00106080
core   0: 0x00000000800044de (0xc20afbd3) fcvt.w.d s7, fs5
core   0: 1 0x00000000800044de (0xc20afbd3) x23 0x0000000000000000
core   0: 0x00000000800044e2 (0x02901113) slli    sp, zero, 41
core   0: 1 0x00000000800044e2 (0x02901113) x2  0x0000000000000000
core   0: 0x00000000800044e6 (0xd23171d3) fcvt.d.lu ft3, sp
core   0: 1 0x00000000800044e6 (0xd23171d3) f3  0x0000000000000000
core   0: 0x00000000800044ea (0x8c3d5c17) auipc   s8, 0x8c3d5
core   0: 1 0x00000000800044ea (0x8c3d5c17) x24 0x000000000c3d94ea
core   0: 0x00000000800044ee (0x00000001) c.nop
core   0: 1 0x00000000800044ee (0x0001)
core   0: 0x00000000800044f0 (0x007113bb) sllw    t2, sp, t2
core   0: 1 0x00000000800044f0 (0x007113bb) x7  0x0000000000000000
core   0: 0x00000000800044f4 (0xf8e42837) lui     a6, 0xf8e42
core   0: 1 0x00000000800044f4 (0xf8e42837) x16 0xfffffffff8e42000
core   0: 0x00000000800044f8 (0x7a18081b) addiw   a6, a6, 1953
core   0: 1 0x00000000800044f8 (0x7a18081b) x16 0xfffffffff8e427a1
core   0: 0x00000000800044fc (0x00000832) c.slli  a6, 12
core   0: 1 0x00000000800044fc (0x0832) x16 0xffffff8e427a1000
core   0: 0x00000000800044fe (0x65580813) addi    a6, a6, 1621
core   0: 1 0x00000000800044fe (0x65580813) x16 0xffffff8e427a1655
core   0: 0x0000000080004502 (0xa8f7029b) addiw   t0, a4, -1393
core   0: 1 0x0000000080004502 (0xa8f7029b) x5  0xfffffffffffffa91
core   0: 0x0000000080004506 (0x036b18b3) mulh    a7, s6, s6
core   0: 1 0x0000000080004506 (0x036b18b3) x17 0x0000000000000000
core   0: 0x000000008000450a (0x228a03d3) fsgnj.d ft7, fs4, fs0
core   0: 1 0x000000008000450a (0x228a03d3) f7  0xfff8000000000000
core   0: 0x000000008000450e (0x0188583b) srlw    a6, a6, s8
core   0: 1 0x000000008000450e (0x0188583b) x16 0x0000000000109e85
core   0: 0x0000000080004512 (0x004c54bb) srlw    s1, s8, tp
core   0: 1 0x0000000080004512 (0x004c54bb) x9  0x000000000c3d94ea
core   0: 0x0000000080004516 (0x2a209e53) fmax.d  ft8, ft1, ft2
core   0: 1 0x0000000080004516 (0x2a209e53) f28 0x7ff8000000000000
core   0: 0x000000008000451a (0x02689c33) mulh    s8, a7, t1
core   0: 1 0x000000008000451a (0x02689c33) x24 0x0000000000000000
core   0: 0x000000008000451e (0x038bd3bb) divuw   t2, s7, s8
core   0: 1 0x000000008000451e (0x038bd3bb) x7  0xffffffffffffffff
core   0: 0x0000000080004522 (0x80064e93) xori    t4, a2, -2048
core   0: 1 0x0000000080004522 (0x80064e93) x29 0xfffffffffffff200
core   0: 0x0000000080004526 (0xf8f8059b) addiw   a1, a6, -113
core   0: 1 0x0000000080004526 (0xf8f8059b) x11 0x0000000000109e14
core   0: 0x000000008000452a (0xd20a0dd3) fcvt.d.w fs11, s4
core   0: 1 0x000000008000452a (0xd20a0dd3) f27 0x0000000000000000
core   0: 0x000000008000452e (0x03b59293) slli    t0, a1, 59
core   0: 1 0x000000008000452e (0x03b59293) x5  0xa000000000000000
core   0: 0x0000000080004532 (0xb8f06097) auipc   ra, 0xb8f06
core   0: 1 0x0000000080004532 (0xb8f06097) x1  0x0000000038f0a532
core   0: 0x0000000080004536 (0x403a87b3) sub     a5, s5, gp
core   0: 1 0x0000000080004536 (0x403a87b3) x15 0x7ff8000000000001
core   0: 0x000000008000453a (0x012191bb) sllw    gp, gp, s2
core   0: 1 0x000000008000453a (0x012191bb) x3  0xffffffffffffffff
core   0: 0x000000008000453e (0x42f35913) srai    s2, t1, 47
core   0: 1 0x000000008000453e (0x42f35913) x18 0xffffffffffffffff
core   0: 0x0000000080004542 (0x01918e33) add     t3, gp, s9
core   0: 1 0x0000000080004542 (0x01918e33) x28 0xffffffffffffffff
core   0: 0x0000000080004546 (0xa8823717) auipc   a4, 0xa8823
core   0: 1 0x0000000080004546 (0xa8823717) x14 0x0000000028827546
core   0: 0x000000008000454a (0x41f0d09b) sraiw   ra, ra, 31
core   0: 1 0x000000008000454a (0x41f0d09b) x1  0x0000000000000000
core   0: 0x000000008000454e (0x000ded93) ori     s11, s11, 0
core   0: 1 0x000000008000454e (0x000ded93) x27 0xffffffffffffffff
core   0: 0x0000000080004552 (0x4015f453) fcvt.s.d fs0, fa1
core   0: 1 0x0000000080004552 (0x4015f453) f8  0xffffffff7fc00000
core   0: 0x0000000080004556 (0xd21600d3) fcvt.d.wu ft1, a2
core   0: 1 0x0000000080004556 (0xd21600d3) f1  0x40a4000000000000
core   0: 0x000000008000455a (0x03b755b3) divu    a1, a4, s11
core   0: 1 0x000000008000455a (0x03b755b3) x11 0x0000000000000000
core   0: 0x000000008000455e (0x3a00f84b) fnmsub.d fa6, ft1, ft0, ft7
core   0: 1 0x000000008000455e (0x3a00f84b) f16 0x7ff8000000000000
core   0: 0x0000000080004562 (0x000d819b) sext.w  gp, s11
core   0: 1 0x0000000080004562 (0x000d819b) x3  0xffffffffffffffff
core   0: 0x0000000080004566 (0x019dd29b) srliw   t0, s11, 25
core   0: 1 0x0000000080004566 (0x019dd29b) x5  0x000000000000007f
core   0: 0x000000008000456a (0xa20389d3) fle.d   s3, ft7, ft0
core   0: 1 0x000000008000456a (0xa20389d3) c1_fflags 0x000000000000001f x19 0x0000000000000000
core   0: 0x000000008000456e (0x01390d3b) addw    s10, s2, s3
core   0: 1 0x000000008000456e (0x01390d3b) x26 0xffffffffffffffff
core   0: 0x0000000080004572 (0x0211bab3) mulhu   s5, gp, ra
core   0: 1 0x0000000080004572 (0x0211bab3) x21 0x0000000000000000
core   0: 0x0000000080004576 (0x400ad093) srai    ra, s5, 0
core   0: 1 0x0000000080004576 (0x400ad093) x1  0x0000000000000000
core   0: 0x000000008000457a (0x0173cd93) xori    s11, t2, 23
core   0: 1 0x000000008000457a (0x0173cd93) x27 0xffffffffffffffe8
core   0: 0x000000008000457e (0x00202573) csrrs   a0, frm, zero
core   0: 1 0x000000008000457e (0x00202573) x10 0x0000000000000000
core   0: 0x0000000080004582 (0x2a1f8fd3) fmin.d  ft11, ft11, ft1
core   0: 1 0x0000000080004582 (0x2a1f8fd3) f31 0x40a4000000000000
core   0: 0x0000000080004586 (0x027a53b3) divu    t2, s4, t2
core   0: 1 0x0000000080004586 (0x027a53b3) x7  0x0000000000000000
core   0: 0x000000008000458a (0xd2150c53) fcvt.d.wu fs8, a0
core   0: 1 0x000000008000458a (0xd2150c53) f24 0x0000000000000000
core   0: 0x000000008000458e (0xc010aef3) csrrs   t4, time, ra
core   0: exception trap_illegal_instruction, epc 0x000000008000458e
core   0:           tval 0x00000000c010aef3
core   0: >>>>  $xrv64i2p1_m2p0_a2p1_f2p2_d2p2_zicsr2p0_zifencei2p0_zmmul1p0_zba1p0_zbb1p0_zbc1p0_zbs1p0
core   0: 0x0000000080004000 (0x0080006f) j       pc + 0x8
core   0: 3 0x0000000080004000 (0x0080006f)
core   0: >>>>  mmode_exception_handler
core   0: 0x0000000080004008 (0x00002c17) auipc   s8, 0x2
core   0: 3 0x0000000080004008 (0x00002c17) x24 0x0000000080006008
core   0: 0x000000008000400c (0x08ac0c13) addi    s8, s8, 138
core   0: 3 0x000000008000400c (0x08ac0c13) x24 0x0000000080006092
core   0: 0x0000000080004010 (0x000c00e7) jalr    s8
core   0: 3 0x0000000080004010 (0x000c00e7) x1  0x0000000080004014
core   0: >>>>  any_handler
core   0: 0x0000000080006092 (0x341027f3) csrrs   a5, mepc, zero
core   0: 3 0x0000000080006092 (0x341027f3) x15 0x000000008000458e
core   0: 0x0000000080006096 (0x34202773) csrrs   a4, mcause, zero
core   0: 3 0x0000000080006096 (0x34202773) x14 0x0000000000000002
core   0: 0x000000008000609a (0x142026f3) csrrs   a3, scause, zero
core   0: 3 0x000000008000609a (0x142026f3) x13 0x0000000000000018
core   0: 0x000000008000609e (0x30402673) csrrs   a2, mie, zero
core   0: 3 0x000000008000609e (0x30402673) x12 0x0000000000000a00
core   0: 0x00000000800060a2 (0x344025f3) csrrs   a1, mip, zero
core   0: 3 0x00000000800060a2 (0x344025f3) x11 0x0000000000000080
core   0: 0x00000000800060a6 (0x343025f3) csrrs   a1, mtval, zero
core   0: 3 0x00000000800060a6 (0x343025f3) x11 0x00000000c010aef3
core   0: 0x00000000800060aa (0x14302573) csrrs   a0, stval, zero
core   0: 3 0x00000000800060aa (0x14302573) x10 0x0000000000000000
core   0: 0x00000000800060ae (0xb02024f3) csrrs   s1, minstret, zero
core   0: 3 0x00000000800060ae (0xb02024f3) x9  0x0000000000000974
core   0: 0x00000000800060b2 (0x0000a811) c.j     pc + 20
core   0: 3 0x00000000800060b2 (0xa811)
core   0: >>>>  mepc_4
core   0: 0x00000000800060c6 (0x00000791) c.addi  a5, 4
core   0: 3 0x00000000800060c6 (0x0791) x15 0x0000000080004592
core   0: 0x00000000800060c8 (0x34179073) csrrw   zero, mepc, a5
core   0: 3 0x00000000800060c8 (0x34179073) c833_mepc 0x0000000080004592
core   0: 0x00000000800060cc (0x30200073) mret
core   0: 3 0x00000000800060cc (0x30200073) c768_mstatus 0x8000000a00106080
core   0: 0x0000000080004592 (0xe20f0253) fmv.x.d tp, ft10
core   0: 1 0x0000000080004592 (0xe20f0253) x4  0x7ff8000000000000
core   0: 0x0000000080004596 (0x5a007dd3) fsqrt.d fs11, ft0
core   0: 1 0x0000000080004596 (0x5a007dd3) f27 0x7ff8000000000000
core   0: 0x000000008000459a (0x41f9519b) sraiw   gp, s2, 31
core   0: 1 0x000000008000459a (0x41f9519b) x3  0xffffffffffffffff
core   0: 0x000000008000459e (0x00018b1b) sext.w  s6, gp
core   0: 1 0x000000008000459e (0x00018b1b) x22 0xffffffffffffffff
core   0: 0x00000000800045a2 (0x800c0c13) addi    s8, s8, -2048
core   0: 1 0x00000000800045a2 (0x800c0c13) x24 0x0000000080005892
core   0: 0x00000000800045a6 (0x01d11dbb) sllw    s11, sp, t4
core   0: 1 0x00000000800045a6 (0x01d11dbb) x27 0x0000000000000000
core   0: 0x00000000800045aa (0x2824e413) ori     s0, s1, 642
core   0: 1 0x00000000800045aa (0x2824e413) x8  0x0000000000000bf6
core   0: 0x00000000800045ae (0x8b10f3c3) fmadd.d ft7, ft1, fa7, fa7
core   0: 1 0x00000000800045ae (0x8b10f3c3) f7  0x7ff8000000000000
core   0: 0x00000000800045b2 (0x400a5693) srai    a3, s4, 0
core   0: 1 0x00000000800045b2 (0x400a5693) x13 0x0000000000000000
core   0: 0x00000000800045b6 (0xc21c7ad3) fcvt.wu.d s5, fs8
core   0: 1 0x00000000800045b6 (0xc21c7ad3) x21 0x0000000000000000
core   0: 0x00000000800045ba (0x001a91f3) csrrw   gp, fflags, s5
core   0: 1 0x00000000800045ba (0x001a91f3) x3  0x000000000000001f c1_fflags 0x0000000000000000
core   0: 0x00000000800045be (0x00102873) csrrs   a6, fflags, zero
core   0: 1 0x00000000800045be (0x00102873) x16 0x0000000000000000
core   0: 0x00000000800045c2 (0x0011d09b) srliw   ra, gp, 1
core   0: 1 0x00000000800045c2 (0x0011d09b) x1  0x000000000000000f
core   0: 0x00000000800045c6 (0x0109d81b) srliw   a6, s3, 16
core   0: 1 0x00000000800045c6 (0x0109d81b) x16 0x0000000000000000
core   0: 0x00000000800045ca (0xcaca0b1b) addiw   s6, s4, -852
core   0: 1 0x00000000800045ca (0xcaca0b1b) x22 0xfffffffffffffcac
core   0: 0x00000000800045ce (0x012b4d33) xor     s10, s6, s2
core   0: 1 0x00000000800045ce (0x012b4d33) x26 0x0000000000000353
core   0: 0x00000000800045d2 (0x021200b3) mul     ra, tp, ra
core   0: 1 0x00000000800045d2 (0x021200b3) x1  0x7f88000000000000
core   0: 0x00000000800045d6 (0xd2198b53) fcvt.d.wu fs6, s3
core   0: 1 0x00000000800045d6 (0xd2198b53) f22 0x0000000000000000
core   0: 0x00000000800045da (0x00b288b3) add     a7, t0, a1
core   0: 1 0x00000000800045da (0x00b288b3) x17 0x00000000c010af72
core   0: 0x00000000800045de (0x0159e533) or      a0, s3, s5
core   0: 1 0x00000000800045de (0x0159e533) x10 0x0000000000000000
core   0: 0x00000000800045e2 (0x01b29733) sll     a4, t0, s11
core   0: 1 0x00000000800045e2 (0x01b29733) x14 0x000000000000007f
core   0: 0x00000000800045e6 (0x002797f3) csrrw   a5, frm, a5
core   0: 1 0x00000000800045e6 (0x002797f3) x15 0x0000000000000000 c2_frm 0x0000000000000002
core   0: 0x00000000800045ea (0x4184dcb3) sra     s9, s1, s8
core   0: 1 0x00000000800045ea (0x4184dcb3) x25 0x0000000000000000
core   0: 0x00000000800045ee (0xc03c73d3) fcvt.lu.s t2, fs8
core   0: 1 0x00000000800045ee (0xc03c73d3) c1_fflags 0x0000000000000010 x7  0xffffffffffffffff
core   0: 0x00000000800045f2 (0x01a6d41b) srliw   s0, a3, 26
core   0: 1 0x00000000800045f2 (0x01a6d41b) x8  0x0000000000000000
core   0: 0x00000000800045f6 (0x034684bb) mulw    s1, a3, s4
core   0: 1 0x00000000800045f6 (0x034684bb) x9  0x0000000000000000
core   0: 0x00000000800045fa (0xc23c7dd3) fcvt.lu.d s11, fs8
core   0: 1 0x00000000800045fa (0xc23c7dd3) x27 0x0000000000000000
core   0: 0x00000000800045fe (0x00ccccb3) xor     s9, s9, a2
core   0: 1 0x00000000800045fe (0x00ccccb3) x25 0x0000000000000a00
core   0: 0x0000000080004602 (0x400b5913) srai    s2, s6, 0
core   0: 1 0x0000000080004602 (0x400b5913) x18 0xfffffffffffffcac
core   0: 0x0000000080004606 (0x40ba5c1b) sraiw   s8, s4, 11
core   0: 1 0x0000000080004606 (0x40ba5c1b) x24 0x0000000000000000
core   0: 0x000000008000460a (0x00c7d333) srl     t1, a5, a2
core   0: 1 0x000000008000460a (0x00c7d333) x6  0x0000000000000000
core   0: 0x000000008000460e (0xc03b7653) fcvt.lu.s a2, fs6
core   0: 1 0x000000008000460e (0xc03b7653) c1_fflags 0x0000000000000010 x12 0xffffffffffffffff
core   0: 0x0000000080004612 (0xd0347453) fcvt.s.lu fs0, s0
core   0: 1 0x0000000080004612 (0xd0347453) f8  0xffffffff00000000
core   0: 0x0000000080004616 (0x40460a33) sub     s4, a2, tp
core   0: 1 0x0000000080004616 (0x40460a33) x20 0x8007ffffffffffff
core   0: 0x000000008000461a (0x01568d3b) addw    s10, a3, s5
core   0: 1 0x000000008000461a (0x01568d3b) x26 0x0000000000000000
core   0: 0x000000008000461e (0x344055f3) csrrwi  a1, mip, 0
core   0: exception trap_illegal_instruction, epc 0x000000008000461e
core   0:           tval 0x00000000344055f3
core   0: >>>>  $xrv64i2p1_m2p0_a2p1_f2p2_d2p2_zicsr2p0_zifencei2p0_zmmul1p0_zba1p0_zbb1p0_zbc1p0_zbs1p0
core   0: 0x0000000080004000 (0x0080006f) j       pc + 0x8
core   0: 3 0x0000000080004000 (0x0080006f)
core   0: >>>>  mmode_exception_handler
core   0: 0x0000000080004008 (0x00002c17) auipc   s8, 0x2
core   0: 3 0x0000000080004008 (0x00002c17) x24 0x0000000080006008
core   0: 0x000000008000400c (0x08ac0c13) addi    s8, s8, 138
core   0: 3 0x000000008000400c (0x08ac0c13) x24 0x0000000080006092
core   0: 0x0000000080004010 (0x000c00e7) jalr    s8
core   0: 3 0x0000000080004010 (0x000c00e7) x1  0x0000000080004014
core   0: >>>>  any_handler
core   0: 0x0000000080006092 (0x341027f3) csrrs   a5, mepc, zero
core   0: 3 0x0000000080006092 (0x341027f3) x15 0x000000008000461e
core   0: 0x0000000080006096 (0x34202773) csrrs   a4, mcause, zero
core   0: 3 0x0000000080006096 (0x34202773) x14 0x0000000000000002
core   0: 0x000000008000609a (0x142026f3) csrrs   a3, scause, zero
core   0: 3 0x000000008000609a (0x142026f3) x13 0x0000000000000018
core   0: 0x000000008000609e (0x30402673) csrrs   a2, mie, zero
core   0: 3 0x000000008000609e (0x30402673) x12 0x0000000000000a00
core   0: 0x00000000800060a2 (0x344025f3) csrrs   a1, mip, zero
core   0: 3 0x00000000800060a2 (0x344025f3) x11 0x0000000000000080
core   0: 0x00000000800060a6 (0x343025f3) csrrs   a1, mtval, zero
core   0: 3 0x00000000800060a6 (0x343025f3) x11 0x00000000344055f3
core   0: 0x00000000800060aa (0x14302573) csrrs   a0, stval, zero
core   0: 3 0x00000000800060aa (0x14302573) x10 0x0000000000000000
core   0: 0x00000000800060ae (0xb02024f3) csrrs   s1, minstret, zero
core   0: 3 0x00000000800060ae (0xb02024f3) x9  0x00000000000009a7
core   0: 0x00000000800060b2 (0x0000a811) c.j     pc + 20
core   0: 3 0x00000000800060b2 (0xa811)
core   0: >>>>  mepc_4
core   0: 0x00000000800060c6 (0x00000791) c.addi  a5, 4
core   0: 3 0x00000000800060c6 (0x0791) x15 0x0000000080004622
core   0: 0x00000000800060c8 (0x34179073) csrrw   zero, mepc, a5
core   0: 3 0x00000000800060c8 (0x34179073) c833_mepc 0x0000000080004622
core   0: 0x00000000800060cc (0x30200073) mret
core   0: 3 0x00000000800060cc (0x30200073) c768_mstatus 0x8000000a00106080
core   0: 0x0000000080004622 (0x03baae33) mulhsu  t3, s5, s11
core   0: 1 0x0000000080004622 (0x03baae33) x28 0x0000000000000000
core   0: 0x0000000080004626 (0x00ca1393) slli    t2, s4, 12
core   0: 1 0x0000000080004626 (0x00ca1393) x7  0x7ffffffffffff000
core   0: 0x000000008000462a (0x00815b3b) srlw    s6, sp, s0
core   0: 1 0x000000008000462a (0x00815b3b) x22 0x0000000000000000
core   0: 0x000000008000462e (0x420282d3) fcvt.d.s ft5, ft5
core   0: 1 0x000000008000462e (0x420282d3) f5  0x0000000000000000
core   0: 0x0000000080004632 (0x6dd1b497) auipc   s1, 0x6dd1b
core   0: 1 0x0000000080004632 (0x6dd1b497) x9  0x00000000edd1f632
core   0: 0x0000000080004636 (0x0184d7bb) srlw    a5, s1, s8
core   0: 1 0x0000000080004636 (0x0184d7bb) x15 0x0000000000003b74
core   0: 0x000000008000463a (0x00009ea5) c.addw  a3, s1
core   0: 1 0x000000008000463a (0x9ea5) x13 0xffffffffedd1f64a
core   0: 0x000000008000463c (0xd024f7d3) fcvt.s.l fa5, s1
core   0: 1 0x000000008000463c (0xd024f7d3) c1_fflags 0x0000000000000011 f15 0xffffffff4f6dd1f6
core   0: 0x0000000080004640 (0x00181873) csrrw   a6, fflags, a6
core   0: 1 0x0000000080004640 (0x00181873) x16 0x0000000000000011 c1_fflags 0x0000000000000000
core   0: 0x0000000080004644 (0xbfa0cc93) xori    s9, ra, -1030
core   0: 1 0x0000000080004644 (0xbfa0cc93) x25 0xffffffff7fffbbee
core   0: 0x0000000080004648 (0x4017fcd3) fcvt.s.d fs9, fa5
core   0: 1 0x0000000080004648 (0x4017fcd3) f25 0xffffffff7fc00000
core   0: 0x000000008000464c (0x231c8a53) fsgnj.d fs4, fs9, fa7
core   0: 1 0x000000008000464c (0x231c8a53) f20 0xffffffff7fc00000
core   0: 0x0000000080004650 (0x0006101b) slliw   zero, a2, 0
core   0: 1 0x0000000080004650 (0x0006101b)
core   0: 0x0000000080004654 (0x4066591b) sraiw   s2, a2, 6
core   0: 1 0x0000000080004654 (0x4066591b) x18 0x0000000000000028
core   0: 0x0000000080004658 (0xd21003d3) fcvt.d.wu ft7, zero
core   0: 1 0x0000000080004658 (0xd21003d3) f7  0x0000000000000000
core   0: 0x000000008000465c (0x00eba433) slt     s0, s7, a4
core   0: 1 0x000000008000465c (0x00eba433) x8  0x0000000000000001
core   0: 0x0000000080004660 (0x009be8b3) or      a7, s7, s1
core   0: 1 0x0000000080004660 (0x009be8b3) x17 0x00000000edd1f632
core   0: 0x0000000080004664 (0x4128dd9b) sraiw   s11, a7, 18
core   0: 1 0x0000000080004664 (0x4128dd9b) x27 0xfffffffffffffb74
core   0: 0x0000000080004668 (0x8a74784b) fnmsub.d fa6, fs0, ft7, fa7
core   0: 1 0x0000000080004668 (0x8a74784b) f16 0x7ff8000000000000
core   0: 0x000000008000466c (0x014d2333) slt     t1, s10, s4
core   0: 1 0x000000008000466c (0x014d2333) x6  0x0000000000000000
core   0: 0x0000000080004670 (0x01aa2733) slt     a4, s4, s10
core   0: 1 0x0000000080004670 (0x01aa2733) x14 0x0000000000000001
core   0: 0x0000000080004674 (0x2a988953) fmin.d  fs2, fa7, fs1
core   0: 1 0x0000000080004674 (0x2a988953) f18 0x408d600000000000
core   0: 0x0000000080004678 (0x00bd12bb) sllw    t0, s10, a1
core   0: 1 0x0000000080004678 (0x00bd12bb) x5  0x0000000000000000
core   0: 0x000000008000467c (0x007291b7) lui     gp, 0x729
core   0: 1 0x000000008000467c (0x007291b7) x3  0x0000000000729000
core   0: 0x0000000080004680 (0xaf31819b) addiw   gp, gp, -1293
core   0: 1 0x0000000080004680 (0xaf31819b) x3  0x0000000000728af3
core   0: 0x0000000080004684 (0x000001b2) c.slli  gp, 12
core   0: 1 0x0000000080004684 (0x01b2) x3  0x0000000728af3000
core   0: 0x0000000080004686 (0x61218193) addi    gp, gp, 1554
core   0: 1 0x0000000080004686 (0x61218193) x3  0x0000000728af3612
core   0: 0x000000008000468a (0x0036abb3) slt     s7, a3, gp
core   0: 1 0x000000008000468a (0x0036abb3) x23 0x0000000000000001
core   0: 0x000000008000468e (0xff4bd4b7) lui     s1, 0xff4bd
core   0: 1 0x000000008000468e (0xff4bd4b7) x9  0xffffffffff4bd000
core   0: 0x0000000080004692 (0x9f74849b) addiw   s1, s1, -1545
core   0: 1 0x0000000080004692 (0x9f74849b) x9  0xffffffffff4bc9f7
core   0: 0x0000000080004696 (0x000004ba) c.slli  s1, 14
core   0: 1 0x0000000080004696 (0x04ba) x9  0xffffffd2f27dc000
core   0: 0x0000000080004698 (0x73948493) addi    s1, s1, 1849
core   0: 1 0x0000000080004698 (0x73948493) x9  0xffffffd2f27dc739
core   0: 0x000000008000469c (0x41ad07b3) sub     a5, s10, s10
core   0: 1 0x000000008000469c (0x41ad07b3) x15 0x0000000000000000
core   0: 0x00000000800046a0 (0x01852933) slt     s2, a0, s8
core   0: 1 0x00000000800046a0 (0x01852933) x18 0x0000000000000001
core   0: 0x00000000800046a4 (0x238c20d3) fsgnjx.d ft1, fs8, fs8
core   0: 1 0x00000000800046a4 (0x238c20d3) f1  0x0000000000000000
core   0: 0x00000000800046a8 (0xd21687d3) fcvt.d.wu fa5, a3
core   0: 1 0x00000000800046a8 (0xd21687d3) f15 0x41edba3ec9400000
core   0: 0x00000000800046ac (0xc03df6d3) fcvt.lu.s a3, fs11
core   0: 1 0x00000000800046ac (0xc03df6d3) c1_fflags 0x0000000000000010 x13 0xffffffffffffffff
core   0: 0x00000000800046b0 (0xf20283d3) fmv.d.x ft7, t0
core   0: 1 0x00000000800046b0 (0xf20283d3) f7  0x0000000000000000
core   0: 0x00000000800046b4 (0xd87c4813) xori    a6, s8, -633
core   0: 1 0x00000000800046b4 (0xd87c4813) x16 0xffffffff7fff9d15
core   0: 0x00000000800046b8 (0x01765a9b) srliw   s5, a2, 23
core   0: 1 0x00000000800046b8 (0x01765a9b) x21 0x0000000000000000
core   0: 0x00000000800046bc (0x57408093) addi    ra, ra, 1396
core   0: 1 0x00000000800046bc (0x57408093) x1  0x0000000080004588
core   0: 0x00000000800046c0 (0x03dea1b3) mulhsu  gp, t4, t4
core   0: 1 0x00000000800046c0 (0x03dea1b3) x3  0xfffffffffffff200
core   0: 0x00000000800046c4 (0x00171273) csrrw   tp, fflags, a4
core   0: 1 0x00000000800046c4 (0x00171273) x4  0x0000000000000010 c1_fflags 0x0000000000000001
core   0: 0x00000000800046c8 (0x0042519b) srliw   gp, tp, 4
core   0: 1 0x00000000800046c8 (0x0042519b) x3  0x0000000000000001
core   0: 0x00000000800046cc (0x41a5dd3b) sraw    s10, a1, s10
core   0: 1 0x00000000800046cc (0x41a5dd3b) x26 0x00000000344055f3
core   0: 0x00000000800046d0 (0x03b7abb3) mulhsu  s7, a5, s11
core   0: 1 0x00000000800046d0 (0x03b7abb3) x23 0x0000000000000000
core   0: 0x00000000800046d4 (0x2a3191d3) fmax.d  ft3, ft3, ft3
core   0: 1 0x00000000800046d4 (0x2a3191d3) f3  0x0000000000000000
core   0: 0x00000000800046d8 (0xd02ef853) fcvt.s.l fa6, t4
core   0: 1 0x00000000800046d8 (0xd02ef853) f16 0xffffffffc5600000
core   0: 0x00000000800046dc (0x44ea2437) lui     s0, 0x44ea2
core   0: 1 0x00000000800046dc (0x44ea2437) x8  0x0000000044ea2000
core   0: 0x00000000800046e0 (0xc0377853) fcvt.lu.s a6, fa4
core   0: 1 0x00000000800046e0 (0xc0377853) x16 0x0000000000000000
core   0: 0x00000000800046e4 (0xf20803d3) fmv.d.x ft7, a6
core   0: 1 0x00000000800046e4 (0xf20803d3) f7  0x0000000000000000
core   0: 0x00000000800046e8 (0xd2387cd3) fcvt.d.lu fs9, a6
core   0: 1 0x00000000800046e8 (0xd2387cd3) f25 0x0000000000000000
core   0: 0x00000000800046ec (0x78c94393) xori    t2, s2, 1932
core   0: 1 0x00000000800046ec (0x78c94393) x7  0x000000000000078d
core   0: 0x00000000800046f0 (0x42080c53) fcvt.d.s fs8, fa6
core   0: 1 0x00000000800046f0 (0x42080c53) f24 0xc0ac000000000000
core   0: 0x00000000800046f4 (0x00c6161b) slliw   a2, a2, 12
core   0: 1 0x00000000800046f4 (0x00c6161b) x12 0x0000000000a00000
core   0: 0x00000000800046f8 (0xed2c8db7) lui     s11, 0xed2c8
core   0: 1 0x00000000800046f8 (0xed2c8db7) x27 0xffffffffed2c8000
core   0: 0x00000000800046fc (0x747ff073) csrrci  zero, mseccfg, 31
core   0: exception trap_illegal_instruction, epc 0x00000000800046fc
core   0:           tval 0x00000000747ff073
core   0: >>>>  $xrv64i2p1_m2p0_a2p1_f2p2_d2p2_zicsr2p0_zifencei2p0_zmmul1p0_zba1p0_zbb1p0_zbc1p0_zbs1p0
core   0: 0x0000000080004000 (0x0080006f) j       pc + 0x8
core   0: 3 0x0000000080004000 (0x0080006f)
core   0: >>>>  mmode_exception_handler
core   0: 0x0000000080004008 (0x00002c17) auipc   s8, 0x2
core   0: 3 0x0000000080004008 (0x00002c17) x24 0x0000000080006008
core   0: 0x000000008000400c (0x08ac0c13) addi    s8, s8, 138
core   0: 3 0x000000008000400c (0x08ac0c13) x24 0x0000000080006092
core   0: 0x0000000080004010 (0x000c00e7) jalr    s8
core   0: 3 0x0000000080004010 (0x000c00e7) x1  0x0000000080004014
core   0: >>>>  any_handler
core   0: 0x0000000080006092 (0x341027f3) csrrs   a5, mepc, zero
core   0: 3 0x0000000080006092 (0x341027f3) x15 0x00000000800046fc
core   0: 0x0000000080006096 (0x34202773) csrrs   a4, mcause, zero
core   0: 3 0x0000000080006096 (0x34202773) x14 0x0000000000000002
core   0: 0x000000008000609a (0x142026f3) csrrs   a3, scause, zero
core   0: 3 0x000000008000609a (0x142026f3) x13 0x0000000000000018
core   0: 0x000000008000609e (0x30402673) csrrs   a2, mie, zero
core   0: 3 0x000000008000609e (0x30402673) x12 0x0000000000000a00
core   0: 0x00000000800060a2 (0x344025f3) csrrs   a1, mip, zero
core   0: 3 0x00000000800060a2 (0x344025f3) x11 0x0000000000000080
core   0: 0x00000000800060a6 (0x343025f3) csrrs   a1, mtval, zero
core   0: 3 0x00000000800060a6 (0x343025f3) x11 0x00000000747ff073
core   0: 0x00000000800060aa (0x14302573) csrrs   a0, stval, zero
core   0: 3 0x00000000800060aa (0x14302573) x10 0x0000000000000000
core   0: 0x00000000800060ae (0xb02024f3) csrrs   s1, minstret, zero
core   0: 3 0x00000000800060ae (0xb02024f3) x9  0x00000000000009ef
core   0: 0x00000000800060b2 (0x0000a811) c.j     pc + 20
core   0: 3 0x00000000800060b2 (0xa811)
core   0: >>>>  mepc_4
core   0: 0x00000000800060c6 (0x00000791) c.addi  a5, 4
core   0: 3 0x00000000800060c6 (0x0791) x15 0x0000000080004700
core   0: 0x00000000800060c8 (0x34179073) csrrw   zero, mepc, a5
core   0: 3 0x00000000800060c8 (0x34179073) c833_mepc 0x0000000080004700
core   0: 0x00000000800060cc (0x30200073) mret
core   0: 3 0x00000000800060cc (0x30200073) c768_mstatus 0x8000000a00106080
core   0: 0x0000000080004700 (0xc201fcd3) fcvt.w.d s9, ft3
core   0: 1 0x0000000080004700 (0xc201fcd3) x25 0x0000000000000000
core   0: 0x0000000080004704 (0x0acef353) fsub.d  ft6, ft9, fa2
core   0: 1 0x0000000080004704 (0x0acef353) f6  0x7ff8000000000000
core   0: 0x0000000080004708 (0x023d8d3b) mulw    s10, s11, gp
core   0: 1 0x0000000080004708 (0x023d8d3b) x26 0xffffffffed2c8000
core   0: 0x000000008000470c (0x0083983b) sllw    a6, t2, s0
core   0: 1 0x000000008000470c (0x0083983b) x16 0x000000000000078d
core   0: 0x0000000080004710 (0x41d3033b) subw    t1, t1, t4
core   0: 1 0x0000000080004710 (0x41d3033b) x6  0x0000000000000e00
core   0: 0x0000000080004714 (0x00102e73) csrrs   t3, fflags, zero
core   0: 1 0x0000000080004714 (0x00102e73) x28 0x0000000000000001
core   0: 0x0000000080004718 (0x008c143b) sllw    s0, s8, s0
core   0: 1 0x0000000080004718 (0x008c143b) x8  0xffffffff80006092
core   0: 0x000000008000471c (0xd035f253) fcvt.s.lu ft4, a1
core   0: 1 0x000000008000471c (0xd035f253) c1_fflags 0x0000000000000001 f4  0xffffffff4ee8ffe0
core   0: 0x0000000080004720 (0x407953b3) sra     t2, s2, t2
core   0: 1 0x0000000080004720 (0x407953b3) x7  0x0000000000000000
core   0: 0x0000000080004724 (0x8c0ef417) auipc   s0, 0x8c0ef
core   0: 1 0x0000000080004724 (0x8c0ef417) x8  0x000000000c0f3724
core   0: 0x0000000080004728 (0x5599fe13) andi    t3, s3, 1369
core   0: 1 0x0000000080004728 (0x5599fe13) x28 0x0000000000000000
core   0: 0x000000008000472c (0x03751493) slli    s1, a0, 55
core   0: 1 0x000000008000472c (0x03751493) x9  0x0000000000000000
core   0: 0x0000000080004730 (0x01057833) and     a6, a0, a6
core   0: 1 0x0000000080004730 (0x01057833) x16 0x0000000000000000
core   0: 0x0000000080004734 (0x02949db3) mulh    s11, s1, s1
core   0: 1 0x0000000080004734 (0x02949db3) x27 0x0000000000000000
core   0: 0x0000000080004738 (0x3d1d7c93) andi    s9, s10, 977
core   0: 1 0x0000000080004738 (0x3d1d7c93) x25 0x0000000000000000
core   0: 0x000000008000473c (0x00ab1c33) sll     s8, s6, a0
core   0: 1 0x000000008000473c (0x00ab1c33) x24 0x0000000000000000
core   0: 0x0000000080004740 (0x02a5653b) remw    a0, a0, a0
core   0: 1 0x0000000080004740 (0x02a5653b) x10 0x0000000000000000
core   0: 0x0000000080004744 (0x43f1d093) srai    ra, gp, 63
core   0: 1 0x0000000080004744 (0x43f1d093) x1  0x0000000000000000
core   0: 0x0000000080004748 (0x02a5473b) divw    a4, a0, a0
core   0: 1 0x0000000080004748 (0x02a5473b) x14 0xffffffffffffffff
core   0: 0x000000008000474c (0xc81053f3) csrrwi  t2, timeh, 0
core   0: exception trap_illegal_instruction, epc 0x000000008000474c
core   0:           tval 0x00000000c81053f3
core   0: >>>>  $xrv64i2p1_m2p0_a2p1_f2p2_d2p2_zicsr2p0_zifencei2p0_zmmul1p0_zba1p0_zbb1p0_zbc1p0_zbs1p0
core   0: 0x0000000080004000 (0x0080006f) j       pc + 0x8
core   0: 3 0x0000000080004000 (0x0080006f)
core   0: >>>>  mmode_exception_handler
core   0: 0x0000000080004008 (0x00002c17) auipc   s8, 0x2
core   0: 3 0x0000000080004008 (0x00002c17) x24 0x0000000080006008
core   0: 0x000000008000400c (0x08ac0c13) addi    s8, s8, 138
core   0: 3 0x000000008000400c (0x08ac0c13) x24 0x0000000080006092
core   0: 0x0000000080004010 (0x000c00e7) jalr    s8
core   0: 3 0x0000000080004010 (0x000c00e7) x1  0x0000000080004014
core   0: >>>>  any_handler
core   0: 0x0000000080006092 (0x341027f3) csrrs   a5, mepc, zero
core   0: 3 0x0000000080006092 (0x341027f3) x15 0x000000008000474c
core   0: 0x0000000080006096 (0x34202773) csrrs   a4, mcause, zero
core   0: 3 0x0000000080006096 (0x34202773) x14 0x0000000000000002
core   0: 0x000000008000609a (0x142026f3) csrrs   a3, scause, zero
core   0: 3 0x000000008000609a (0x142026f3) x13 0x0000000000000018
core   0: 0x000000008000609e (0x30402673) csrrs   a2, mie, zero
core   0: 3 0x000000008000609e (0x30402673) x12 0x0000000000000a00
core   0: 0x00000000800060a2 (0x344025f3) csrrs   a1, mip, zero
core   0: 3 0x00000000800060a2 (0x344025f3) x11 0x0000000000000080
core   0: 0x00000000800060a6 (0x343025f3) csrrs   a1, mtval, zero
core   0: 3 0x00000000800060a6 (0x343025f3) x11 0x00000000c81053f3
core   0: 0x00000000800060aa (0x14302573) csrrs   a0, stval, zero
core   0: 3 0x00000000800060aa (0x14302573) x10 0x0000000000000000
core   0: 0x00000000800060ae (0xb02024f3) csrrs   s1, minstret, zero
core   0: 3 0x00000000800060ae (0xb02024f3) x9  0x0000000000000a12
core   0: 0x00000000800060b2 (0x0000a811) c.j     pc + 20
core   0: 3 0x00000000800060b2 (0xa811)
core   0: >>>>  mepc_4
core   0: 0x00000000800060c6 (0x00000791) c.addi  a5, 4
core   0: 3 0x00000000800060c6 (0x0791) x15 0x0000000080004750
core   0: 0x00000000800060c8 (0x34179073) csrrw   zero, mepc, a5
core   0: 3 0x00000000800060c8 (0x34179073) c833_mepc 0x0000000080004750
core   0: 0x00000000800060cc (0x30200073) mret
core   0: 3 0x00000000800060cc (0x30200073) c768_mstatus 0x8000000a00106080
core   0: 0x0000000080004750 (0x323a6273) csrrsi  tp, mhpmevent3, 20
core   0: exception trap_illegal_instruction, epc 0x0000000080004750
core   0:           tval 0x00000000323a6273
core   0: >>>>  $xrv64i2p1_m2p0_a2p1_f2p2_d2p2_zicsr2p0_zifencei2p0_zmmul1p0_zba1p0_zbb1p0_zbc1p0_zbs1p0
core   0: 0x0000000080004000 (0x0080006f) j       pc + 0x8
core   0: 3 0x0000000080004000 (0x0080006f)
core   0: >>>>  mmode_exception_handler
core   0: 0x0000000080004008 (0x00002c17) auipc   s8, 0x2
core   0: 3 0x0000000080004008 (0x00002c17) x24 0x0000000080006008
core   0: 0x000000008000400c (0x08ac0c13) addi    s8, s8, 138
core   0: 3 0x000000008000400c (0x08ac0c13) x24 0x0000000080006092
core   0: 0x0000000080004010 (0x000c00e7) jalr    s8
core   0: 3 0x0000000080004010 (0x000c00e7) x1  0x0000000080004014
core   0: >>>>  any_handler
core   0: 0x0000000080006092 (0x341027f3) csrrs   a5, mepc, zero
core   0: 3 0x0000000080006092 (0x341027f3) x15 0x0000000080004750
core   0: 0x0000000080006096 (0x34202773) csrrs   a4, mcause, zero
core   0: 3 0x0000000080006096 (0x34202773) x14 0x0000000000000002
core   0: 0x000000008000609a (0x142026f3) csrrs   a3, scause, zero
core   0: 3 0x000000008000609a (0x142026f3) x13 0x0000000000000018
core   0: 0x000000008000609e (0x30402673) csrrs   a2, mie, zero
core   0: 3 0x000000008000609e (0x30402673) x12 0x0000000000000a00
core   0: 0x00000000800060a2 (0x344025f3) csrrs   a1, mip, zero
core   0: 3 0x00000000800060a2 (0x344025f3) x11 0x0000000000000080
core   0: 0x00000000800060a6 (0x343025f3) csrrs   a1, mtval, zero
core   0: 3 0x00000000800060a6 (0x343025f3) x11 0x00000000323a6273
core   0: 0x00000000800060aa (0x14302573) csrrs   a0, stval, zero
core   0: 3 0x00000000800060aa (0x14302573) x10 0x0000000000000000
core   0: 0x00000000800060ae (0xb02024f3) csrrs   s1, minstret, zero
core   0: 3 0x00000000800060ae (0xb02024f3) x9  0x0000000000000a22
core   0: 0x00000000800060b2 (0x0000a811) c.j     pc + 20
core   0: 3 0x00000000800060b2 (0xa811)
core   0: >>>>  mepc_4
core   0: 0x00000000800060c6 (0x00000791) c.addi  a5, 4
core   0: 3 0x00000000800060c6 (0x0791) x15 0x0000000080004754
core   0: 0x00000000800060c8 (0x34179073) csrrw   zero, mepc, a5
core   0: 3 0x00000000800060c8 (0x34179073) c833_mepc 0x0000000080004754
core   0: 0x00000000800060cc (0x30200073) mret
core   0: 3 0x00000000800060cc (0x30200073) c768_mstatus 0x8000000a00106080
core   0: 0x0000000080004754 (0x01b8d093) srli    ra, a7, 27
core   0: 1 0x0000000080004754 (0x01b8d093) x1  0x000000000000001d
core   0: 0x0000000080004758 (0x01b2163b) sllw    a2, tp, s11
core   0: 1 0x0000000080004758 (0x01b2163b) x12 0x0000000000000010
core   0: 0x000000008000475c (0x02b3e7bb) remw    a5, t2, a1
core   0: 1 0x000000008000475c (0x02b3e7bb) x15 0x0000000000000000
core   0: 0x0000000080004760 (0x02c26233) rem     tp, tp, a2
core   0: 1 0x0000000080004760 (0x02c26233) x4  0x0000000000000000
core   0: 0x0000000080004764 (0x40a05333) sra     t1, zero, a0
core   0: 1 0x0000000080004764 (0x40a05333) x6  0x0000000000000000
core   0: 0x0000000080004768 (0x40127fd3) fcvt.s.d ft11, ft4
core   0: 1 0x0000000080004768 (0x40127fd3) f31 0xffffffff7fc00000
core   0: 0x000000008000476c (0xf80e2137) lui     sp, 0xf80e2
core   0: 1 0x000000008000476c (0xf80e2137) x2  0xfffffffff80e2000
core   0: 0x0000000080004770 (0x0e91011b) addiw   sp, sp, 233
core   0: 1 0x0000000080004770 (0x0e91011b) x2  0xfffffffff80e20e9
core   0: 0x0000000080004774 (0x00000132) c.slli  sp, 12
core   0: 1 0x0000000080004774 (0x0132) x2  0xffffff80e20e9000
core   0: 0x0000000080004776 (0xd7010113) addi    sp, sp, -656
core   0: 1 0x0000000080004776 (0xd7010113) x2  0xffffff80e20e8d70
core   0: 0x000000008000477a (0x4010d73b) sraw    a4, ra, ra
core   0: 1 0x000000008000477a (0x4010d73b) x14 0x0000000000000000
core   0: 0x000000008000477e (0xc2327553) fcvt.lu.d a0, ft4
core   0: 1 0x000000008000477e (0xc2327553) c1_fflags 0x0000000000000011 x10 0xffffffffffffffff
core   0: 0x0000000080004782 (0x01fad39b) srliw   t2, s5, 31
core   0: 1 0x0000000080004782 (0x01fad39b) x7  0x0000000000000000
core   0: 0x0000000080004786 (0xd21a8053) fcvt.d.wu ft0, s5
core   0: 1 0x0000000080004786 (0xd21a8053) f0  0x0000000000000000
core   0: 0x000000008000478a (0x4137d7bb) sraw    a5, a5, s3
core   0: 1 0x000000008000478a (0x4137d7bb) x15 0x0000000000000000
core   0: 0x000000008000478e (0x40b75ebb) sraw    t4, a4, a1
core   0: 1 0x000000008000478e (0x40b75ebb) x29 0x0000000000000000
core   0: 0x0000000080004792 (0x00000001) c.nop
core   0: 1 0x0000000080004792 (0x0001)
core   0: 0x0000000080004794 (0x2a801d53) fmax.d  fs10, ft0, fs0
core   0: 1 0x0000000080004794 (0x2a801d53) f26 0x0000000000000000
core   0: 0x0000000080004798 (0x235a1bd3) fsgnjn.d fs7, fs4, fs5
core   0: 1 0x0000000080004798 (0x235a1bd3) f23 0xffffffff7fc00000
core   0: 0x000000008000479c (0x4046d3b3) sra     t2, a3, tp
core   0: 1 0x000000008000479c (0x4046d3b3) x7  0x0000000000000018
core   0: 0x00000000800047a0 (0xa2930553) fle.d   a0, ft6, fs1
core   0: 1 0x00000000800047a0 (0xa2930553) c1_fflags 0x0000000000000011 x10 0x0000000000000000
core   0: 0x00000000800047a4 (0x0374e13b) remw    sp, s1, s7
core   0: 1 0x00000000800047a4 (0x0374e13b) x2  0x0000000000000a22
core   0: 0x00000000800047a8 (0x02a3dab3) divu    s5, t2, a0
core   0: 1 0x00000000800047a8 (0x02a3dab3) x21 0xffffffffffffffff
core   0: 0x00000000800047ac (0x006aa933) slt     s2, s5, t1
core   0: 1 0x00000000800047ac (0x006aa933) x18 0x0000000000000001
core   0: 0x00000000800047b0 (0x01238633) add     a2, t2, s2
core   0: 1 0x00000000800047b0 (0x01238633) x12 0x0000000000000019
core   0: 0x00000000800047b4 (0xd02d7d53) fcvt.s.l fs10, s10
core   0: 1 0x00000000800047b4 (0xd02d7d53) f26 0xffffffffcd969c00
core   0: 0x00000000800047b8 (0x238187d3) fsgnj.d fa5, ft3, fs8
core   0: 1 0x00000000800047b8 (0x238187d3) f15 0x8000000000000000
core   0: 0x00000000800047bc (0x2abc70c7) fmsub.d ft1, fs8, fa1, ft5
core   0: 1 0x00000000800047bc (0x2abc70c7) f1  0x7ff8000000000000
core   0: 0x00000000800047c0 (0x016eeb33) or      s6, t4, s6
core   0: 1 0x00000000800047c0 (0x016eeb33) x22 0x0000000000000000
core   0: 0x00000000800047c4 (0x416282b3) sub     t0, t0, s6
core   0: 1 0x00000000800047c4 (0x416282b3) x5  0x0000000000000000
core   0: 0x00000000800047c8 (0x036b703b) remuw   zero, s6, s6
core   0: 1 0x00000000800047c8 (0x036b703b)
core   0: 0x00000000800047cc (0x0002a4b3) slt     s1, t0, zero
core   0: 1 0x00000000800047cc (0x0002a4b3) x9  0x0000000000000000
core   0: 0x00000000800047d0 (0xc227fcd3) fcvt.l.d s9, fa5
core   0: 1 0x00000000800047d0 (0xc227fcd3) x25 0x0000000000000000
core   0: 0x00000000800047d4 (0x00008ae6) c.mv    s5, s9
core   0: 1 0x00000000800047d4 (0x8ae6) x21 0x0000000000000000
core   0: 0x00000000800047d6 (0xc11c891b) addiw   s2, s9, -1007
core   0: 1 0x00000000800047d6 (0xc11c891b) x18 0xfffffffffffffc11
core   0: 0x00000000800047da (0x0b48f8d3) fsub.d  fa7, fa7, fs4
core   0: 1 0x00000000800047da (0x0b48f8d3) f17 0x7ff8000000000000
core   0: 0x00000000800047de (0x018a5b1b) srliw   s6, s4, 24
core   0: 1 0x00000000800047de (0x018a5b1b) x22 0x00000000000000ff
core   0: 0x00000000800047e2 (0x011d803b) addw    zero, s11, a7
core   0: 1 0x00000000800047e2 (0x011d803b)
core   0: 0x00000000800047e6 (0xc0367cd3) fcvt.lu.s s9, fa2
core   0: 1 0x00000000800047e6 (0xc0367cd3) c1_fflags 0x0000000000000011 x25 0xffffffffffffffff
core   0: 0x00000000800047ea (0x027d7853) fadd.d  fa6, fs10, ft7
core   0: 1 0x00000000800047ea (0x027d7853) f16 0x7ff8000000000000
core   0: 0x00000000800047ee (0x0012199b) slliw   s3, tp, 1
core   0: 1 0x00000000800047ee (0x0012199b) x19 0x0000000000000000
core   0: 0x00000000800047f2 (0x03f6d093) srli    ra, a3, 63
core   0: 1 0x00000000800047f2 (0x03f6d093) x1  0x0000000000000000
core   0: 0x00000000800047f6 (0xa3ad00d3) fle.d   ra, fs10, fs10
core   0: 1 0x00000000800047f6 (0xa3ad00d3) c1_fflags 0x0000000000000011 x1  0x0000000000000000
core   0: 0x00000000800047fa (0x03bbe33b) remw    t1, s7, s11
core   0: 1 0x00000000800047fa (0x03bbe33b) x6  0x0000000000000000
core   0: 0x00000000800047fe (0x41bbddbb) sraw    s11, s7, s11
core   0: 1 0x00000000800047fe (0x41bbddbb) x27 0x0000000000000000
core   0: 0x0000000080004802 (0x01ba51b3) srl     gp, s4, s11
core   0: 1 0x0000000080004802 (0x01ba51b3) x3  0x8007ffffffffffff
core   0: 0x0000000080004806 (0x0203503b) divuw   zero, t1, zero
core   0: 1 0x0000000080004806 (0x0203503b)
core   0: 0x000000008000480a (0xcfadc793) xori    a5, s11, -774
core   0: 1 0x000000008000480a (0xcfadc793) x15 0xfffffffffffffcfa
core   0: 0x000000008000480e (0x00008981) c.andi  a1, 0
core   0: 1 0x000000008000480e (0x8981) x11 0x0000000000000000
core   0: 0x0000000080004810 (0x00b7eb33) or      s6, a5, a1
core   0: 1 0x0000000080004810 (0x00b7eb33) x22 0xfffffffffffffcfa
core   0: 0x0000000080004814 (0x029d893b) mulw    s2, s11, s1
core   0: 1 0x0000000080004814 (0x029d893b) x18 0x0000000000000000
core   0: 0x0000000080004818 (0xd2048b53) fcvt.d.w fs6, s1
core   0: 1 0x0000000080004818 (0xd2048b53) f22 0x0000000000000000
core   0: 0x000000008000481c (0x23b8add3) fsgnjx.d fs11, fa7, fs11
core   0: 1 0x000000008000481c (0x23b8add3) f27 0x7ff8000000000000
core   0: 0x0000000080004820 (0x02f7f0d3) fadd.d  ft1, fa5, fa5
core   0: 1 0x0000000080004820 (0x02f7f0d3) f1  0x8000000000000000
core   0: 0x0000000080004824 (0x00f97333) and     t1, s2, a5
core   0: 1 0x0000000080004824 (0x00f97333) x6  0x0000000000000000
core   0: 0x0000000080004828 (0x417007b3) sub     a5, zero, s7
core   0: 1 0x0000000080004828 (0x417007b3) x15 0x0000000000000000
core   0: 0x000000008000482c (0x3a12f3c7) fmsub.d ft7, ft5, ft1, ft7
core   0: 1 0x000000008000482c (0x3a12f3c7) f7  0x8000000000000000
core   0: 0x0000000080004830 (0x0201063b) mulw    a2, sp, zero
core   0: 1 0x0000000080004830 (0x0201063b) x12 0x0000000000000000
core   0: 0x0000000080004834 (0xa222fa4f) fnmadd.d fs4, ft5, ft2, fs4
core   0: 1 0x0000000080004834 (0xa222fa4f) f20 0x7ff8000000000000
core   0: 0x0000000080004838 (0xd224fa53) fcvt.d.l fs4, s1
core   0: 1 0x0000000080004838 (0xd224fa53) f20 0x0000000000000000
core   0: 0x000000008000483c (0x016dcab3) xor     s5, s11, s6
core   0: 1 0x000000008000483c (0x016dcab3) x21 0xfffffffffffffcfa
core   0: 0x0000000080004840 (0x00202cf3) csrrs   s9, frm, zero
core   0: 1 0x0000000080004840 (0x00202cf3) x25 0x0000000000000002
core   0: 0x0000000080004844 (0x000098f2) c.add   a7, t3
core   0: 1 0x0000000080004844 (0x98f2) x17 0x00000000edd1f632
core   0: 0x0000000080004846 (0x0199c1b3) xor     gp, s3, s9
core   0: 1 0x0000000080004846 (0x0199c1b3) x3  0x0000000000000002
core   0: 0x000000008000484a (0x0a50f0c7) fmsub.d ft1, ft1, ft5, ft1
core   0: 1 0x000000008000484a (0x0a50f0c7) f1  0x8000000000000000
core   0: 0x000000008000484e (0x0226c13b) divw    sp, a3, sp
core   0: 1 0x000000008000484e (0x0226c13b) x2  0x0000000000000000
core   0: 0x0000000080004852 (0x40d554b3) sra     s1, a0, a3
core   0: 1 0x0000000080004852 (0x40d554b3) x9  0x0000000000000000
core   0: 0x0000000080004856 (0x0ff0000f) fence   iorw,iorw
core   0: 1 0x0000000080004856 (0x0ff0000f)
core   0: 0x000000008000485a (0x415c063b) subw    a2, s8, s5
core   0: 1 0x000000008000485a (0x415c063b) x12 0xffffffff80006398
core   0: 0x000000008000485e (0x01091c1b) slliw   s8, s2, 16
core   0: 1 0x000000008000485e (0x01091c1b) x24 0x0000000000000000
core   0: 0x0000000080004862 (0x125dfcd3) fmul.d  fs9, fs11, ft5
core   0: 1 0x0000000080004862 (0x125dfcd3) f25 0x7ff8000000000000
core   0: 0x0000000080004866 (0x0007e233) or      tp, a5, zero
core   0: 1 0x0000000080004866 (0x0007e233) x4  0x0000000000000000
core   0: 0x000000008000486a (0xd2227dd3) fcvt.d.l fs11, tp
core   0: 1 0x000000008000486a (0xd2227dd3) f27 0x0000000000000000
core   0: 0x000000008000486e (0x00000001) c.nop
core   0: 1 0x000000008000486e (0x0001)
core   0: 0x0000000080004870 (0x41b7d11b) sraiw   sp, a5, 27
core   0: 1 0x0000000080004870 (0x41b7d11b) x2  0x0000000000000000
core   0: 0x0000000080004874 (0x2b960953) fmin.d  fs2, fa2, fs9
core   0: 1 0x0000000080004874 (0x2b960953) f18 0x0000000000000000
core   0: 0x0000000080004878 (0x5596841b) addiw   s0, a3, 1369
core   0: 1 0x0000000080004878 (0x5596841b) x8  0x0000000000000571
core   0: 0x000000008000487c (0x00000001) c.nop
core   0: 1 0x000000008000487c (0x0001)
core   0: 0x000000008000487e (0x40b5553b) sraw    a0, a0, a1
core   0: 1 0x000000008000487e (0x40b5553b) x10 0x0000000000000000
core   0: 0x0000000080004882 (0x00425133) srl     sp, tp, tp
core   0: 1 0x0000000080004882 (0x00425133) x2  0x0000000000000000
core   0: 0x0000000080004886 (0x34471073) csrrw   zero, mip, a4
core   0: exception trap_illegal_instruction, epc 0x0000000080004886
core   0:           tval 0x0000000034471073
core   0: >>>>  $xrv64i2p1_m2p0_a2p1_f2p2_d2p2_zicsr2p0_zifencei2p0_zmmul1p0_zba1p0_zbb1p0_zbc1p0_zbs1p0
core   0: 0x0000000080004000 (0x0080006f) j       pc + 0x8
core   0: 3 0x0000000080004000 (0x0080006f)
core   0: >>>>  mmode_exception_handler
core   0: 0x0000000080004008 (0x00002c17) auipc   s8, 0x2
core   0: 3 0x0000000080004008 (0x00002c17) x24 0x0000000080006008
core   0: 0x000000008000400c (0x08ac0c13) addi    s8, s8, 138
core   0: 3 0x000000008000400c (0x08ac0c13) x24 0x0000000080006092
core   0: 0x0000000080004010 (0x000c00e7) jalr    s8
core   0: 3 0x0000000080004010 (0x000c00e7) x1  0x0000000080004014
core   0: >>>>  any_handler
core   0: 0x0000000080006092 (0x341027f3) csrrs   a5, mepc, zero
core   0: 3 0x0000000080006092 (0x341027f3) x15 0x0000000080004886
core   0: 0x0000000080006096 (0x34202773) csrrs   a4, mcause, zero
core   0: 3 0x0000000080006096 (0x34202773) x14 0x0000000000000002
core   0: 0x000000008000609a (0x142026f3) csrrs   a3, scause, zero
core   0: 3 0x000000008000609a (0x142026f3) x13 0x0000000000000018
core   0: 0x000000008000609e (0x30402673) csrrs   a2, mie, zero
core   0: 3 0x000000008000609e (0x30402673) x12 0x0000000000000a00
core   0: 0x00000000800060a2 (0x344025f3) csrrs   a1, mip, zero
core   0: 3 0x00000000800060a2 (0x344025f3) x11 0x0000000000000080
core   0: 0x00000000800060a6 (0x343025f3) csrrs   a1, mtval, zero
core   0: 3 0x00000000800060a6 (0x343025f3) x11 0x0000000034471073
core   0: 0x00000000800060aa (0x14302573) csrrs   a0, stval, zero
core   0: 3 0x00000000800060aa (0x14302573) x10 0x0000000000000000
core   0: 0x00000000800060ae (0xb02024f3) csrrs   s1, minstret, zero
core   0: 3 0x00000000800060ae (0xb02024f3) x9  0x0000000000000a82
core   0: 0x00000000800060b2 (0x0000a811) c.j     pc + 20
core   0: 3 0x00000000800060b2 (0xa811)
core   0: >>>>  mepc_4
core   0: 0x00000000800060c6 (0x00000791) c.addi  a5, 4
core   0: 3 0x00000000800060c6 (0x0791) x15 0x000000008000488a
core   0: 0x00000000800060c8 (0x34179073) csrrw   zero, mepc, a5
core   0: 3 0x00000000800060c8 (0x34179073) c833_mepc 0x000000008000488a
core   0: 0x00000000800060cc (0x30200073) mret
core   0: 3 0x00000000800060cc (0x30200073) c768_mstatus 0x8000000a00106080
core   0: 0x000000008000488a (0xe20302d3) fmv.x.d t0, ft6
core   0: 1 0x000000008000488a (0xe20302d3) x5  0x7ff8000000000000
core   0: 0x000000008000488e (0x03ccf13b) remuw   sp, s9, t3
core   0: 1 0x000000008000488e (0x03ccf13b) x2  0x0000000000000002
core   0: 0x0000000080004892 (0xc22e7753) fcvt.l.d a4, ft8
core   0: 1 0x0000000080004892 (0xc22e7753) c1_fflags 0x0000000000000011 x14 0x7fffffffffffffff
core   0: 0x0000000080004896 (0x03a7e8b3) rem     a7, a5, s10
core   0: 1 0x0000000080004896 (0x03a7e8b3) x17 0x000000000f0b488a
core   0: 0x000000008000489a (0xf3c0724f) fnmadd.d ft4, ft0, ft8, ft10
core   0: 1 0x000000008000489a (0xf3c0724f) f4  0x7ff8000000000000
core   0: 0x000000008000489e (0x93b37bcb) fnmsub.d fs7, ft6, fs11, fs2
core   0: 1 0x000000008000489e (0x93b37bcb) f23 0x7ff8000000000000
core   0: 0x00000000800048a2 (0x41f7511b) sraiw   sp, a4, 31
core   0: 1 0x00000000800048a2 (0x41f7511b) x2  0xffffffffffffffff
core   0: 0x00000000800048a6 (0x00f454bb) srlw    s1, s0, a5
core   0: 1 0x00000000800048a6 (0x00f454bb) x9  0x0000000000000001
core   0: 0x00000000800048aa (0x00d848b3) xor     a7, a6, a3
core   0: 1 0x00000000800048aa (0x00d848b3) x17 0x0000000000000018
core   0: 0x00000000800048ae (0x2b0502d3) fmin.d  ft5, fa0, fa6
core   0: 1 0x00000000800048ae (0x2b0502d3) f5  0x7ff8000000000000
core   0: 0x00000000800048b2 (0xd2038253) fcvt.d.w ft4, t2
core   0: 1 0x00000000800048b2 (0xd2038253) f4  0x4038000000000000
core   0: 0x00000000800048b6 (0x41bd8b3b) subw    s6, s11, s11
core   0: 1 0x00000000800048b6 (0x41bd8b3b) x22 0x0000000000000000
core   0: 0x00000000800048ba (0xc23672d3) fcvt.lu.d t0, fa2
core   0: 1 0x00000000800048ba (0xc23672d3) x5  0x0000000000000000
core   0: 0x00000000800048be (0x02429233) mulh    tp, t0, tp
core   0: 1 0x00000000800048be (0x02429233) x4  0x0000000000000000
core   0: 0x00000000800048c2 (0x00000001) c.nop
core   0: 1 0x00000000800048c2 (0x0001)
core   0: 0x00000000800048c4 (0x037715b3) mulh    a1, a4, s7
core   0: 1 0x00000000800048c4 (0x037715b3) x11 0x0000000000000000
core   0: 0x00000000800048c8 (0x42060853) fcvt.d.s fa6, fa2
core   0: 1 0x00000000800048c8 (0x42060853) f16 0x7ff8000000000000
core   0: 0x00000000800048cc (0x23fa2753) fsgnjx.d fa4, fs4, ft11
core   0: 1 0x00000000800048cc (0x23fa2753) f14 0x8000000000000000
core   0: 0x00000000800048d0 (0x000cd19b) srliw   gp, s9, 0
core   0: 1 0x00000000800048d0 (0x000cd19b) x3  0x0000000000000002
core   0: 0x00000000800048d4 (0x00e3189b) slliw   a7, t1, 14
core   0: 1 0x00000000800048d4 (0x00e3189b) x17 0x0000000000000000
core   0: 0x00000000800048d8 (0x1a39f3d3) fdiv.d  ft7, fs3, ft3
core   0: 1 0x00000000800048d8 (0x1a39f3d3) f7  0x7ff8000000000000
core   0: 0x00000000800048dc (0x001d139b) slliw   t2, s10, 1
core   0: 1 0x00000000800048dc (0x001d139b) x7  0xffffffffda590000
core   0: 0x00000000800048e0 (0xb8f2c197) auipc   gp, 0xb8f2c
core   0: 1 0x00000000800048e0 (0xb8f2c197) x3  0x0000000038f308e0
core   0: 0x00000000800048e4 (0x4025581b) sraiw   a6, a0, 2
core   0: 1 0x00000000800048e4 (0x4025581b) x16 0x0000000000000000
core   0: 0x00000000800048e8 (0x42038f53) fcvt.d.s ft10, ft7
core   0: 1 0x00000000800048e8 (0x42038f53) f30 0x7ff8000000000000
core   0: 0x00000000800048ec (0xaaa732b7) lui     t0, 0xaaa73
core   0: 1 0x00000000800048ec (0xaaa732b7) x5  0xffffffffaaa73000
core   0: 0x00000000800048f0 (0x427b4893) xori    a7, s6, 1063
core   0: 1 0x00000000800048f0 (0x427b4893) x17 0x0000000000000427
core   0: 0x00000000800048f4 (0x003c1c1b) slliw   s8, s8, 3
core   0: 1 0x00000000800048f4 (0x003c1c1b) x24 0x0000000000030490
core   0: 0x00000000800048f8 (0xc22ffb53) fcvt.l.d s6, ft11
core   0: 1 0x00000000800048f8 (0xc22ffb53) c1_fflags 0x0000000000000011 x22 0x7fffffffffffffff
core   0: 0x00000000800048fc (0xf111eaf3) csrrsi  s5, mvendorid, 3
core   0: exception trap_illegal_instruction, epc 0x00000000800048fc
core   0:           tval 0x00000000f111eaf3
core   0: >>>>  $xrv64i2p1_m2p0_a2p1_f2p2_d2p2_zicsr2p0_zifencei2p0_zmmul1p0_zba1p0_zbb1p0_zbc1p0_zbs1p0
core   0: 0x0000000080004000 (0x0080006f) j       pc + 0x8
core   0: 3 0x0000000080004000 (0x0080006f)
core   0: >>>>  mmode_exception_handler
core   0: 0x0000000080004008 (0x00002c17) auipc   s8, 0x2
core   0: 3 0x0000000080004008 (0x00002c17) x24 0x0000000080006008
core   0: 0x000000008000400c (0x08ac0c13) addi    s8, s8, 138
core   0: 3 0x000000008000400c (0x08ac0c13) x24 0x0000000080006092
core   0: 0x0000000080004010 (0x000c00e7) jalr    s8
core   0: 3 0x0000000080004010 (0x000c00e7) x1  0x0000000080004014
core   0: >>>>  any_handler
core   0: 0x0000000080006092 (0x341027f3) csrrs   a5, mepc, zero
core   0: 3 0x0000000080006092 (0x341027f3) x15 0x00000000800048fc
core   0: 0x0000000080006096 (0x34202773) csrrs   a4, mcause, zero
core   0: 3 0x0000000080006096 (0x34202773) x14 0x0000000000000002
core   0: 0x000000008000609a (0x142026f3) csrrs   a3, scause, zero
core   0: 3 0x000000008000609a (0x142026f3) x13 0x0000000000000018
core   0: 0x000000008000609e (0x30402673) csrrs   a2, mie, zero
core   0: 3 0x000000008000609e (0x30402673) x12 0x0000000000000a00
core   0: 0x00000000800060a2 (0x344025f3) csrrs   a1, mip, zero
core   0: 3 0x00000000800060a2 (0x344025f3) x11 0x0000000000000080
core   0: 0x00000000800060a6 (0x343025f3) csrrs   a1, mtval, zero
core   0: 3 0x00000000800060a6 (0x343025f3) x11 0x00000000f111eaf3
core   0: 0x00000000800060aa (0x14302573) csrrs   a0, stval, zero
core   0: 3 0x00000000800060aa (0x14302573) x10 0x0000000000000000
core   0: 0x00000000800060ae (0xb02024f3) csrrs   s1, minstret, zero
core   0: 3 0x00000000800060ae (0xb02024f3) x9  0x0000000000000aaf
core   0: 0x00000000800060b2 (0x0000a811) c.j     pc + 20
core   0: 3 0x00000000800060b2 (0xa811)
core   0: >>>>  mepc_4
core   0: 0x00000000800060c6 (0x00000791) c.addi  a5, 4
core   0: 3 0x00000000800060c6 (0x0791) x15 0x0000000080004900
core   0: 0x00000000800060c8 (0x34179073) csrrw   zero, mepc, a5
core   0: 3 0x00000000800060c8 (0x34179073) c833_mepc 0x0000000080004900
core   0: 0x00000000800060cc (0x30200073) mret
core   0: 3 0x00000000800060cc (0x30200073) c768_mstatus 0x8000000a00106080
core   0: 0x0000000080004900 (0xa18245b7) lui     a1, 0xa1824
core   0: 1 0x0000000080004900 (0xa18245b7) x11 0xffffffffa1824000
core   0: 0x0000000080004904 (0x0ebc8e1b) addiw   t3, s9, 235
core   0: 1 0x0000000080004904 (0x0ebc8e1b) x28 0x00000000000000ed
core   0: 0x0000000080004908 (0x00102b73) csrrs   s6, fflags, zero
core   0: 1 0x0000000080004908 (0x00102b73) x22 0x0000000000000011
core   0: 0x000000008000490c (0x2aaa8ad3) fmin.d  fs5, fs5, fa0
core   0: 1 0x000000008000490c (0x2aaa8ad3) f21 0x0000000000000000
core   0: 0x0000000080004910 (0x0362d213) srli    tp, t0, 54
core   0: 1 0x0000000080004910 (0x0362d213) x4  0x00000000000003ff
core   0: 0x0000000080004914 (0xf38471cb) fnmsub.d ft3, fs0, fs8, ft10
core   0: 1 0x0000000080004914 (0xf38471cb) f3  0x7ff8000000000000
core   0: 0x0000000080004918 (0x400bd713) srai    a4, s7, 0
core   0: 1 0x0000000080004918 (0x400bd713) x14 0x0000000000000000
core   0: 0x000000008000491c (0xc02f7953) fcvt.l.s s2, ft10
core   0: 1 0x000000008000491c (0xc02f7953) c1_fflags 0x0000000000000011 x18 0x7fffffffffffffff
core   0: 0x0000000080004920 (0x00008dd5) c.or    a1, a3
core   0: 1 0x0000000080004920 (0x8dd5) x11 0xffffffffa1824018
core   0: 0x0000000080004922 (0x40e5d73b) sraw    a4, a1, a4
core   0: 1 0x0000000080004922 (0x40e5d73b) x14 0xffffffffa1824018
core   0: 0x0000000080004926 (0xc02c7e53) fcvt.l.s t3, fs8
core   0: 1 0x0000000080004926 (0xc02c7e53) c1_fflags 0x0000000000000011 x28 0x7fffffffffffffff
core   0: 0x000000008000492a (0x0263ea33) rem     s4, t2, t1
core   0: 1 0x000000008000492a (0x0263ea33) x20 0xffffffffda590000
core   0: 0x000000008000492e (0x43f35a93) srai    s5, t1, 63
core   0: 1 0x000000008000492e (0x43f35a93) x21 0x0000000000000000
core   0: 0x0000000080004932 (0xbb65fb4f) fnmadd.d fs6, fa1, fs6, fs7
core   0: 1 0x0000000080004932 (0xbb65fb4f) f22 0x7ff8000000000000
core   0: 0x0000000080004936 (0xd2237ad3) fcvt.d.l fs5, t1
core   0: 1 0x0000000080004936 (0xd2237ad3) f21 0x0000000000000000
core   0: 0x000000008000493a (0x015ae133) or      sp, s5, s5
core   0: 1 0x000000008000493a (0x015ae133) x2  0x0000000000000000
core   0: 0x000000008000493e (0x402a81b3) sub     gp, s5, sp
core   0: 1 0x000000008000493e (0x402a81b3) x3  0x0000000000000000
core   0: 0x0000000080004942 (0x03a360bb) remw    ra, t1, s10
core   0: 1 0x0000000080004942 (0x03a360bb) x1  0x0000000000000000
core   0: 0x0000000080004946 (0x00a66433) or      s0, a2, a0
core   0: 1 0x0000000080004946 (0x00a66433) x8  0x0000000000000a00
core   0: 0x000000008000494a (0x420a8953) fcvt.d.s fs2, fs5
core   0: 1 0x000000008000494a (0x420a8953) f18 0x7ff8000000000000
core   0: 0x000000008000494e (0x41b7ddbb) sraw    s11, a5, s11
core   0: 1 0x000000008000494e (0x41b7ddbb) x27 0xffffffff80004900
core   0: 0x0000000080004952 (0x0006e913) ori     s2, a3, 0
core   0: 1 0x0000000080004952 (0x0006e913) x18 0x0000000000000018
core   0: 0x0000000080004956 (0x34d31997) auipc   s3, 0x34d31
core   0: 1 0x0000000080004956 (0x34d31997) x19 0x00000000b4d35956
core   0: 0x000000008000495a (0x3df9cc93) xori    s9, s3, 991
core   0: 1 0x000000008000495a (0x3df9cc93) x25 0x00000000b4d35a89
core   0: 0x000000008000495e (0x03395633) divu    a2, s2, s3
core   0: 1 0x000000008000495e (0x03395633) x12 0x0000000000000000
core   0: 0x0000000080004962 (0x028845b7) lui     a1, 0x2884
core   0: 1 0x0000000080004962 (0x028845b7) x11 0x0000000002884000
core   0: 0x0000000080004966 (0x001a13f3) csrrw   t2, fflags, s4
core   0: 1 0x0000000080004966 (0x001a13f3) x7  0x0000000000000011 c1_fflags 0x0000000000000000
core   0: 0x000000008000496a (0xc010e473) csrrsi  s0, time, 1
core   0: exception trap_illegal_instruction, epc 0x000000008000496a
core   0:           tval 0x00000000c010e473
core   0: >>>>  $xrv64i2p1_m2p0_a2p1_f2p2_d2p2_zicsr2p0_zifencei2p0_zmmul1p0_zba1p0_zbb1p0_zbc1p0_zbs1p0
core   0: 0x0000000080004000 (0x0080006f) j       pc + 0x8
core   0: 3 0x0000000080004000 (0x0080006f)
core   0: >>>>  mmode_exception_handler
core   0: 0x0000000080004008 (0x00002c17) auipc   s8, 0x2
core   0: 3 0x0000000080004008 (0x00002c17) x24 0x0000000080006008
core   0: 0x000000008000400c (0x08ac0c13) addi    s8, s8, 138
core   0: 3 0x000000008000400c (0x08ac0c13) x24 0x0000000080006092
core   0: 0x0000000080004010 (0x000c00e7) jalr    s8
core   0: 3 0x0000000080004010 (0x000c00e7) x1  0x0000000080004014
core   0: >>>>  any_handler
core   0: 0x0000000080006092 (0x341027f3) csrrs   a5, mepc, zero
core   0: 3 0x0000000080006092 (0x341027f3) x15 0x000000008000496a
core   0: 0x0000000080006096 (0x34202773) csrrs   a4, mcause, zero
core   0: 3 0x0000000080006096 (0x34202773) x14 0x0000000000000002
core   0: 0x000000008000609a (0x142026f3) csrrs   a3, scause, zero
core   0: 3 0x000000008000609a (0x142026f3) x13 0x0000000000000018
core   0: 0x000000008000609e (0x30402673) csrrs   a2, mie, zero
core   0: 3 0x000000008000609e (0x30402673) x12 0x0000000000000a00
core   0: 0x00000000800060a2 (0x344025f3) csrrs   a1, mip, zero
core   0: 3 0x00000000800060a2 (0x344025f3) x11 0x0000000000000080
core   0: 0x00000000800060a6 (0x343025f3) csrrs   a1, mtval, zero
core   0: 3 0x00000000800060a6 (0x343025f3) x11 0x00000000c010e473
core   0: 0x00000000800060aa (0x14302573) csrrs   a0, stval, zero
core   0: 3 0x00000000800060aa (0x14302573) x10 0x0000000000000000
core   0: 0x00000000800060ae (0xb02024f3) csrrs   s1, minstret, zero
core   0: 3 0x00000000800060ae (0xb02024f3) x9  0x0000000000000ada
core   0: 0x00000000800060b2 (0x0000a811) c.j     pc + 20
core   0: 3 0x00000000800060b2 (0xa811)
core   0: >>>>  mepc_4
core   0: 0x00000000800060c6 (0x00000791) c.addi  a5, 4
core   0: 3 0x00000000800060c6 (0x0791) x15 0x000000008000496e
core   0: 0x00000000800060c8 (0x34179073) csrrw   zero, mepc, a5
core   0: 3 0x00000000800060c8 (0x34179073) c833_mepc 0x000000008000496e
core   0: 0x00000000800060cc (0x30200073) mret
core   0: 3 0x00000000800060cc (0x30200073) c768_mstatus 0x8000000a00106080
core   0: 0x000000008000496e (0x00c6563b) srlw    a2, a2, a2
core   0: 1 0x000000008000496e (0x00c6563b) x12 0x0000000000000a00
core   0: 0x0000000080004972 (0xf20b0c53) fmv.d.x fs8, s6
core   0: 1 0x0000000080004972 (0xf20b0c53) f24 0x0000000000000011
core   0: 0x0000000080004976 (0xd2010553) fcvt.d.w fa0, sp
core   0: 1 0x0000000080004976 (0xd2010553) f10 0x0000000000000000
core   0: 0x000000008000497a (0xc0671773) csrrw   a4, hpmcounter6, a4
core   0: exception trap_illegal_instruction, epc 0x000000008000497a
core   0:           tval 0x00000000c0671773
core   0: >>>>  $xrv64i2p1_m2p0_a2p1_f2p2_d2p2_zicsr2p0_zifencei2p0_zmmul1p0_zba1p0_zbb1p0_zbc1p0_zbs1p0
core   0: 0x0000000080004000 (0x0080006f) j       pc + 0x8
core   0: 3 0x0000000080004000 (0x0080006f)
core   0: >>>>  mmode_exception_handler
core   0: 0x0000000080004008 (0x00002c17) auipc   s8, 0x2
core   0: 3 0x0000000080004008 (0x00002c17) x24 0x0000000080006008
core   0: 0x000000008000400c (0x08ac0c13) addi    s8, s8, 138
core   0: 3 0x000000008000400c (0x08ac0c13) x24 0x0000000080006092
core   0: 0x0000000080004010 (0x000c00e7) jalr    s8
core   0: 3 0x0000000080004010 (0x000c00e7) x1  0x0000000080004014
core   0: >>>>  any_handler
core   0: 0x0000000080006092 (0x341027f3) csrrs   a5, mepc, zero
core   0: 3 0x0000000080006092 (0x341027f3) x15 0x000000008000497a
core   0: 0x0000000080006096 (0x34202773) csrrs   a4, mcause, zero
core   0: 3 0x0000000080006096 (0x34202773) x14 0x0000000000000002
core   0: 0x000000008000609a (0x142026f3) csrrs   a3, scause, zero
core   0: 3 0x000000008000609a (0x142026f3) x13 0x0000000000000018
core   0: 0x000000008000609e (0x30402673) csrrs   a2, mie, zero
core   0: 3 0x000000008000609e (0x30402673) x12 0x0000000000000a00
core   0: 0x00000000800060a2 (0x344025f3) csrrs   a1, mip, zero
core   0: 3 0x00000000800060a2 (0x344025f3) x11 0x0000000000000080
core   0: 0x00000000800060a6 (0x343025f3) csrrs   a1, mtval, zero
core   0: 3 0x00000000800060a6 (0x343025f3) x11 0x00000000c0671773
core   0: 0x00000000800060aa (0x14302573) csrrs   a0, stval, zero
core   0: 3 0x00000000800060aa (0x14302573) x10 0x0000000000000000
core   0: 0x00000000800060ae (0xb02024f3) csrrs   s1, minstret, zero
core   0: 3 0x00000000800060ae (0xb02024f3) x9  0x0000000000000aed
core   0: 0x00000000800060b2 (0x0000a811) c.j     pc + 20
core   0: 3 0x00000000800060b2 (0xa811)
core   0: >>>>  mepc_4
core   0: 0x00000000800060c6 (0x00000791) c.addi  a5, 4
core   0: 3 0x00000000800060c6 (0x0791) x15 0x000000008000497e
core   0: 0x00000000800060c8 (0x34179073) csrrw   zero, mepc, a5
core   0: 3 0x00000000800060c8 (0x34179073) c833_mepc 0x000000008000497e
core   0: 0x00000000800060cc (0x30200073) mret
core   0: 3 0x00000000800060cc (0x30200073) c768_mstatus 0x8000000a00106080
core   0: 0x000000008000497e (0x413780b3) sub     ra, a5, s3
core   0: 1 0x000000008000497e (0x413780b3) x1  0xffffffffcb2cf028
core   0: 0x0000000080004982 (0x03108c33) mul     s8, ra, a7
core   0: 1 0x0000000080004982 (0x03108c33) x24 0xffffff24a7993618
core   0: 0x0000000080004986 (0x004ed2bb) srlw    t0, t4, tp
core   0: 1 0x0000000080004986 (0x004ed2bb) x5  0x0000000000000000
core   0: 0x000000008000498a (0x00001a13) slli    s4, zero, 0
core   0: 1 0x000000008000498a (0x00001a13) x20 0x0000000000000000
core   0: 0x000000008000498e (0x19618b1b) addiw   s6, gp, 406
core   0: 1 0x000000008000498e (0x19618b1b) x22 0x0000000000000196
core   0: 0x0000000080004992 (0x031a023b) mulw    tp, s4, a7
core   0: 1 0x0000000080004992 (0x031a023b) x4  0x0000000000000000
core   0: 0x0000000080004996 (0x0ff0000f) fence   iorw,iorw
core   0: 1 0x0000000080004996 (0x0ff0000f)
core   0: 0x000000008000499a (0x0167561b) srliw   a2, a4, 22
core   0: 1 0x000000008000499a (0x0167561b) x12 0x0000000000000000
core   0: 0x000000008000499e (0x2bcf1053) fmax.d  ft0, ft10, ft8
core   0: 1 0x000000008000499e (0x2bcf1053) f0  0x7ff8000000000000
core   0: 0x00000000800049a2 (0x035ae1bb) remw    gp, s5, s5
core   0: 1 0x00000000800049a2 (0x035ae1bb) x3  0x0000000000000000
core   0: 0x00000000800049a6 (0x0ff0000f) fence   iorw,iorw
core   0: 1 0x00000000800049a6 (0x0ff0000f)
core   0: 0x00000000800049aa (0x7ffa891b) addiw   s2, s5, 2047
core   0: 1 0x00000000800049aa (0x7ffa891b) x18 0x00000000000007ff
core   0: 0x00000000800049ae (0x02dcad33) mulhsu  s10, s9, a3
core   0: 1 0x00000000800049ae (0x02dcad33) x26 0x0000000000000000
core   0: 0x00000000800049b2 (0x4016f9d3) fcvt.s.d fs3, fa3
core   0: 1 0x00000000800049b2 (0x4016f9d3) f19 0xffffffff00000000
core   0: 0x00000000800049b6 (0x2a899453) fmax.d  fs0, fs3, fs0
core   0: 1 0x00000000800049b6 (0x2a899453) f8  0x7ff8000000000000
core   0: 0x00000000800049ba (0xd0237653) fcvt.s.l fa2, t1
core   0: 1 0x00000000800049ba (0xd0237653) f12 0xffffffff00000000
core   0: 0x00000000800049be (0x4073d133) sra     sp, t2, t2
core   0: 1 0x00000000800049be (0x4073d133) x2  0x0000000000000000
core   0: 0x00000000800049c2 (0xc20ffe53) fcvt.w.d t3, ft11
core   0: 1 0x00000000800049c2 (0xc20ffe53) c1_fflags 0x0000000000000010 x28 0x000000007fffffff
core   0: 0x00000000800049c6 (0x02126a33) rem     s4, tp, ra
core   0: 1 0x00000000800049c6 (0x02126a33) x20 0x0000000000000000
core   0: 0x00000000800049ca (0x00102573) csrrs   a0, fflags, zero
core   0: 1 0x00000000800049ca (0x00102573) x10 0x0000000000000010
core   0: 0x00000000800049ce (0x127b73d3) fmul.d  ft7, fs6, ft7
core   0: 1 0x00000000800049ce (0x127b73d3) f7  0x7ff8000000000000
core   0: 0x00000000800049d2 (0x41f0d01b) sraiw   zero, ra, 31
core   0: 1 0x00000000800049d2 (0x41f0d01b)
core   0: 0x00000000800049d6 (0xc0227253) fcvt.l.s tp, ft4
core   0: 1 0x00000000800049d6 (0xc0227253) c1_fflags 0x0000000000000010 x4  0x7fffffffffffffff
core   0: 0x00000000800049da (0x124470d3) fmul.d  ft1, fs0, ft4
core   0: 1 0x00000000800049da (0x124470d3) f1  0x7ff8000000000000
core   0: 0x00000000800049de (0xe20604d3) fmv.x.d s1, fa2
core   0: 1 0x00000000800049de (0xe20604d3) x9  0xffffffff00000000
core   0: 0x00000000800049e2 (0xc21d7253) fcvt.wu.d tp, fs10
core   0: 1 0x00000000800049e2 (0xc21d7253) c1_fflags 0x0000000000000010 x4  0xffffffffffffffff
core   0: 0x00000000800049e6 (0xeb6ef5cb) fnmsub.d fa1, ft9, fs6, ft9
core   0: 1 0x00000000800049e6 (0xeb6ef5cb) f11 0x7ff8000000000000
core   0: 0x00000000800049ea (0xd03279d3) fcvt.s.lu fs3, tp
core   0: 1 0x00000000800049ea (0xd03279d3) c1_fflags 0x0000000000000011 f19 0xffffffff5f7fffff
core   0: 0x00000000800049ee (0x72c9f243) fmadd.d ft4, fs3, fa2, fa4
core   0: 1 0x00000000800049ee (0x72c9f243) f4  0x7ff8000000000000
core   0: 0x00000000800049f2 (0x03fe9193) slli    gp, t4, 63
core   0: 1 0x00000000800049f2 (0x03fe9193) x3  0x0000000000000000
core   0: 0x00000000800049f6 (0x2b7b0b53) fmin.d  fs6, fs6, fs7
core   0: 1 0x00000000800049f6 (0x2b7b0b53) f22 0x7ff8000000000000
core   0: 0x00000000800049fa (0x1b6bfc43) fmadd.d fs8, fs7, fs6, ft3
core   0: 1 0x00000000800049fa (0x1b6bfc43) f24 0x7ff8000000000000
core   0: 0x00000000800049fe (0xc6d26e13) ori     t3, tp, -915
core   0: 1 0x00000000800049fe (0xc6d26e13) x28 0xffffffffffffffff
core   0: 0x0000000080004a02 (0x018199bb) sllw    s3, gp, s8
core   0: 1 0x0000000080004a02 (0x018199bb) x19 0x0000000000000000
core   0: 0x0000000080004a06 (0xf20182d3) fmv.d.x ft5, gp
core   0: 1 0x0000000080004a06 (0xf20182d3) f5  0x0000000000000000
core   0: 0x0000000080004a0a (0xd029f4d3) fcvt.s.l fs1, s3
core   0: 1 0x0000000080004a0a (0xd029f4d3) f9  0xffffffff00000000
core   0: 0x0000000080004a0e (0x343354f3) csrrwi  s1, mtval, 6
core   0: exception trap_illegal_instruction, epc 0x0000000080004a0e
core   0:           tval 0x00000000343354f3
core   0: >>>>  $xrv64i2p1_m2p0_a2p1_f2p2_d2p2_zicsr2p0_zifencei2p0_zmmul1p0_zba1p0_zbb1p0_zbc1p0_zbs1p0
core   0: 0x0000000080004000 (0x0080006f) j       pc + 0x8
core   0: 3 0x0000000080004000 (0x0080006f)
core   0: >>>>  mmode_exception_handler
core   0: 0x0000000080004008 (0x00002c17) auipc   s8, 0x2
core   0: 3 0x0000000080004008 (0x00002c17) x24 0x0000000080006008
core   0: 0x000000008000400c (0x08ac0c13) addi    s8, s8, 138
core   0: 3 0x000000008000400c (0x08ac0c13) x24 0x0000000080006092
core   0: 0x0000000080004010 (0x000c00e7) jalr    s8
core   0: 3 0x0000000080004010 (0x000c00e7) x1  0x0000000080004014
core   0: >>>>  any_handler
core   0: 0x0000000080006092 (0x341027f3) csrrs   a5, mepc, zero
core   0: 3 0x0000000080006092 (0x341027f3) x15 0x0000000080004a0e
core   0: 0x0000000080006096 (0x34202773) csrrs   a4, mcause, zero
core   0: 3 0x0000000080006096 (0x34202773) x14 0x0000000000000002
core   0: 0x000000008000609a (0x142026f3) csrrs   a3, scause, zero
core   0: 3 0x000000008000609a (0x142026f3) x13 0x0000000000000018
core   0: 0x000000008000609e (0x30402673) csrrs   a2, mie, zero
core   0: 3 0x000000008000609e (0x30402673) x12 0x0000000000000a00
core   0: 0x00000000800060a2 (0x344025f3) csrrs   a1, mip, zero
core   0: 3 0x00000000800060a2 (0x344025f3) x11 0x0000000000000080
core   0: 0x00000000800060a6 (0x343025f3) csrrs   a1, mtval, zero
core   0: 3 0x00000000800060a6 (0x343025f3) x11 0x00000000343354f3
core   0: 0x00000000800060aa (0x14302573) csrrs   a0, stval, zero
core   0: 3 0x00000000800060aa (0x14302573) x10 0x0000000000000000
core   0: 0x00000000800060ae (0xb02024f3) csrrs   s1, minstret, zero
core   0: 3 0x00000000800060ae (0xb02024f3) x9  0x0000000000000b21
core   0: 0x00000000800060b2 (0x0000a811) c.j     pc + 20
core   0: 3 0x00000000800060b2 (0xa811)
core   0: >>>>  mepc_4
core   0: 0x00000000800060c6 (0x00000791) c.addi  a5, 4
core   0: 3 0x00000000800060c6 (0x0791) x15 0x0000000080004a12
core   0: 0x00000000800060c8 (0x34179073) csrrw   zero, mepc, a5
core   0: 3 0x00000000800060c8 (0x34179073) c833_mepc 0x0000000080004a12
core   0: 0x00000000800060cc (0x30200073) mret
core   0: 3 0x00000000800060cc (0x30200073) c768_mstatus 0x8000000a00106080
core   0: 0x0000000080004a12 (0xd20c8ed3) fcvt.d.w ft9, s9
core   0: 1 0x0000000080004a12 (0xd20c8ed3) f29 0xc1d2cb295dc00000
core   0: 0x0000000080004a16 (0x0028d5bb) srlw    a1, a7, sp
core   0: 1 0x0000000080004a16 (0x0028d5bb) x11 0x0000000000000427
core   0: 0x0000000080004a1a (0xdfac4497) auipc   s1, 0xdfac4
core   0: 1 0x0000000080004a1a (0xdfac4497) x9  0x000000005fac8a1a
core   0: 0x0000000080004a1e (0xc2097bd3) fcvt.w.d s7, fs2
core   0: 1 0x0000000080004a1e (0xc2097bd3) c1_fflags 0x0000000000000011 x23 0x000000007fffffff
core   0: 0x0000000080004a22 (0x03311e93) slli    t4, sp, 51
core   0: 1 0x0000000080004a22 (0x03311e93) x29 0x0000000000000000
core   0: 0x0000000080004a26 (0xc02efa53) fcvt.l.s s4, ft9
core   0: 1 0x0000000080004a26 (0xc02efa53) c1_fflags 0x0000000000000011 x20 0x7fffffffffffffff
core   0: 0x0000000080004a2a (0x0009191b) slliw   s2, s2, 0
core   0: 1 0x0000000080004a2a (0x0009191b) x18 0x00000000000007ff
core   0: 0x0000000080004a2e (0xc06e5173) csrrwi  sp, hpmcounter6, 28
core   0: exception trap_illegal_instruction, epc 0x0000000080004a2e
core   0:           tval 0x00000000c06e5173
core   0: >>>>  $xrv64i2p1_m2p0_a2p1_f2p2_d2p2_zicsr2p0_zifencei2p0_zmmul1p0_zba1p0_zbb1p0_zbc1p0_zbs1p0
core   0: 0x0000000080004000 (0x0080006f) j       pc + 0x8
core   0: 3 0x0000000080004000 (0x0080006f)
core   0: >>>>  mmode_exception_handler
core   0: 0x0000000080004008 (0x00002c17) auipc   s8, 0x2
core   0: 3 0x0000000080004008 (0x00002c17) x24 0x0000000080006008
core   0: 0x000000008000400c (0x08ac0c13) addi    s8, s8, 138
core   0: 3 0x000000008000400c (0x08ac0c13) x24 0x0000000080006092
core   0: 0x0000000080004010 (0x000c00e7) jalr    s8
core   0: 3 0x0000000080004010 (0x000c00e7) x1  0x0000000080004014
core   0: >>>>  any_handler
core   0: 0x0000000080006092 (0x341027f3) csrrs   a5, mepc, zero
core   0: 3 0x0000000080006092 (0x341027f3) x15 0x0000000080004a2e
core   0: 0x0000000080006096 (0x34202773) csrrs   a4, mcause, zero
core   0: 3 0x0000000080006096 (0x34202773) x14 0x0000000000000002
core   0: 0x000000008000609a (0x142026f3) csrrs   a3, scause, zero
core   0: 3 0x000000008000609a (0x142026f3) x13 0x0000000000000018
core   0: 0x000000008000609e (0x30402673) csrrs   a2, mie, zero
core   0: 3 0x000000008000609e (0x30402673) x12 0x0000000000000a00
core   0: 0x00000000800060a2 (0x344025f3) csrrs   a1, mip, zero
core   0: 3 0x00000000800060a2 (0x344025f3) x11 0x0000000000000080
core   0: 0x00000000800060a6 (0x343025f3) csrrs   a1, mtval, zero
core   0: 3 0x00000000800060a6 (0x343025f3) x11 0x00000000c06e5173
core   0: 0x00000000800060aa (0x14302573) csrrs   a0, stval, zero
core   0: 3 0x00000000800060aa (0x14302573) x10 0x0000000000000000
core   0: 0x00000000800060ae (0xb02024f3) csrrs   s1, minstret, zero
core   0: 3 0x00000000800060ae (0xb02024f3) x9  0x0000000000000b38
core   0: 0x00000000800060b2 (0x0000a811) c.j     pc + 20
core   0: 3 0x00000000800060b2 (0xa811)
core   0: >>>>  mepc_4
core   0: 0x00000000800060c6 (0x00000791) c.addi  a5, 4
core   0: 3 0x00000000800060c6 (0x0791) x15 0x0000000080004a32
core   0: 0x00000000800060c8 (0x34179073) csrrw   zero, mepc, a5
core   0: 3 0x00000000800060c8 (0x34179073) c833_mepc 0x0000000080004a32
core   0: 0x00000000800060cc (0x30200073) mret
core   0: 3 0x00000000800060cc (0x30200073) c768_mstatus 0x8000000a00106080
core   0: 0x0000000080004a32 (0x02204cbb) divw    s9, zero, sp
core   0: 1 0x0000000080004a32 (0x02204cbb) x25 0xffffffffffffffff
core   0: 0x0000000080004a36 (0x010012b3) sll     t0, zero, a6
core   0: 1 0x0000000080004a36 (0x010012b3) x5  0x0000000000000000
core   0: 0x0000000080004a3a (0x003191bb) sllw    gp, gp, gp
core   0: 1 0x0000000080004a3a (0x003191bb) x3  0x0000000000000000
core   0: 0x0000000080004a3e (0x132cfcd3) fmul.d  fs9, fs9, fs2
core   0: 1 0x0000000080004a3e (0x132cfcd3) f25 0x7ff8000000000000
core   0: 0x0000000080004a42 (0x22278cd3) fsgnj.d fs9, fa5, ft2
core   0: 1 0x0000000080004a42 (0x22278cd3) f25 0x8000000000000000
core   0: 0x0000000080004a46 (0x40aadd33) sra     s10, s5, a0
core   0: 1 0x0000000080004a46 (0x40aadd33) x26 0x0000000000000000
core   0: 0x0000000080004a4a (0x00000001) c.nop
core   0: 1 0x0000000080004a4a (0x0001)
core   0: 0x0000000080004a4c (0x2a9181d3) fmin.d  ft3, ft3, fs1
core   0: 1 0x0000000080004a4c (0x2a9181d3) f3  0x7ff8000000000000
core   0: 0x0000000080004a50 (0xc010e3f3) csrrsi  t2, time, 1
core   0: exception trap_illegal_instruction, epc 0x0000000080004a50
core   0:           tval 0x00000000c010e3f3
core   0: >>>>  $xrv64i2p1_m2p0_a2p1_f2p2_d2p2_zicsr2p0_zifencei2p0_zmmul1p0_zba1p0_zbb1p0_zbc1p0_zbs1p0
core   0: 0x0000000080004000 (0x0080006f) j       pc + 0x8
core   0: 3 0x0000000080004000 (0x0080006f)
core   0: >>>>  mmode_exception_handler
core   0: 0x0000000080004008 (0x00002c17) auipc   s8, 0x2
core   0: 3 0x0000000080004008 (0x00002c17) x24 0x0000000080006008
core   0: 0x000000008000400c (0x08ac0c13) addi    s8, s8, 138
core   0: 3 0x000000008000400c (0x08ac0c13) x24 0x0000000080006092
core   0: 0x0000000080004010 (0x000c00e7) jalr    s8
core   0: 3 0x0000000080004010 (0x000c00e7) x1  0x0000000080004014
core   0: >>>>  any_handler
core   0: 0x0000000080006092 (0x341027f3) csrrs   a5, mepc, zero
core   0: 3 0x0000000080006092 (0x341027f3) x15 0x0000000080004a50
core   0: 0x0000000080006096 (0x34202773) csrrs   a4, mcause, zero
core   0: 3 0x0000000080006096 (0x34202773) x14 0x0000000000000002
core   0: 0x000000008000609a (0x142026f3) csrrs   a3, scause, zero
core   0: 3 0x000000008000609a (0x142026f3) x13 0x0000000000000018
core   0: 0x000000008000609e (0x30402673) csrrs   a2, mie, zero
core   0: 3 0x000000008000609e (0x30402673) x12 0x0000000000000a00
core   0: 0x00000000800060a2 (0x344025f3) csrrs   a1, mip, zero
core   0: 3 0x00000000800060a2 (0x344025f3) x11 0x0000000000000080
core   0: 0x00000000800060a6 (0x343025f3) csrrs   a1, mtval, zero
core   0: 3 0x00000000800060a6 (0x343025f3) x11 0x00000000c010e3f3
core   0: 0x00000000800060aa (0x14302573) csrrs   a0, stval, zero
core   0: 3 0x00000000800060aa (0x14302573) x10 0x0000000000000000
core   0: 0x00000000800060ae (0xb02024f3) csrrs   s1, minstret, zero
core   0: 3 0x00000000800060ae (0xb02024f3) x9  0x0000000000000b50
core   0: 0x00000000800060b2 (0x0000a811) c.j     pc + 20
core   0: 3 0x00000000800060b2 (0xa811)
core   0: >>>>  mepc_4
core   0: 0x00000000800060c6 (0x00000791) c.addi  a5, 4
core   0: 3 0x00000000800060c6 (0x0791) x15 0x0000000080004a54
core   0: 0x00000000800060c8 (0x34179073) csrrw   zero, mepc, a5
core   0: 3 0x00000000800060c8 (0x34179073) c833_mepc 0x0000000080004a54
core   0: 0x00000000800060cc (0x30200073) mret
core   0: 3 0x00000000800060cc (0x30200073) c768_mstatus 0x8000000a00106080
core   0: 0x0000000080004a54 (0xd030f5d3) fcvt.s.lu fa1, ra
core   0: 1 0x0000000080004a54 (0xd030f5d3) c1_fflags 0x0000000000000011 f11 0xffffffff4f000040
core   0: 0x0000000080004a58 (0x2afb9a53) fmax.d  fs4, fs7, fa5
core   0: 1 0x0000000080004a58 (0x2afb9a53) f20 0x8000000000000000
core   0: 0x0000000080004a5c (0x00105413) srli    s0, zero, 1
core   0: 1 0x0000000080004a5c (0x00105413) x8  0x0000000000000000
core   0: 0x0000000080004a60 (0xc035f753) fcvt.lu.s a4, fa1
core   0: 1 0x0000000080004a60 (0xc035f753) x14 0x0000000080004000
core   0: 0x0000000080004a64 (0x0000001b) sext.w  zero, zero
core   0: 1 0x0000000080004a64 (0x0000001b)
core   0: 0x0000000080004a68 (0xd021fd53) fcvt.s.l fs10, gp
core   0: 1 0x0000000080004a68 (0xd021fd53) f26 0xffffffff00000000
core   0: 0x0000000080004a6c (0x025bdbbb) divuw   s7, s7, t0
core   0: 1 0x0000000080004a6c (0x025bdbbb) x23 0xffffffffffffffff
core   0: 0x0000000080004a70 (0x02b9ea33) rem     s4, s3, a1
core   0: 1 0x0000000080004a70 (0x02b9ea33) x20 0x0000000000000000
core   0: 0x0000000080004a74 (0x41bb01bb) subw    gp, s6, s11
core   0: 1 0x0000000080004a74 (0x41bb01bb) x3  0x000000007fffb896
core   0: 0x0000000080004a78 (0x016b2bb3) slt     s7, s6, s6
core   0: 1 0x0000000080004a78 (0x016b2bb3) x23 0x0000000000000000
core   0: 0x0000000080004a7c (0x0016949b) slliw   s1, a3, 1
core   0: 1 0x0000000080004a7c (0x0016949b) x9  0x0000000000000030
core   0: 0x0000000080004a80 (0x037ac53b) divw    a0, s5, s7
core   0: 1 0x0000000080004a80 (0x037ac53b) x10 0xffffffffffffffff
core   0: 0x0000000080004a84 (0xe2000053) fmv.x.d zero, ft0
core   0: 1 0x0000000080004a84 (0xe2000053)
core   0: 0x0000000080004a88 (0x40005e9b) sraiw   t4, zero, 0
core   0: 1 0x0000000080004a88 (0x40005e9b) x29 0x0000000000000000
core   0: 0x0000000080004a8c (0x0393f3bb) remuw   t2, t2, s9
core   0: 1 0x0000000080004a8c (0x0393f3bb) x7  0x0000000000000011
core   0: 0x0000000080004a90 (0x40f780bb) subw    ra, a5, a5
core   0: 1 0x0000000080004a90 (0x40f780bb) x1  0x0000000000000000
core   0: 0x0000000080004a94 (0x01350333) add     t1, a0, s3
core   0: 1 0x0000000080004a94 (0x01350333) x6  0xffffffffffffffff
core   0: 0x0000000080004a98 (0x01160833) add     a6, a2, a7
core   0: 1 0x0000000080004a98 (0x01160833) x16 0x0000000000000e27
core   0: 0x0000000080004a9c (0x229ca6d3) fsgnjx.d fa3, fs9, fs1
core   0: 1 0x0000000080004a9c (0x229ca6d3) f13 0x0000000000000000
core   0: 0x0000000080004aa0 (0x4019d99b) sraiw   s3, s3, 1
core   0: 1 0x0000000080004aa0 (0x4019d99b) x19 0x0000000000000000
core   0: 0x0000000080004aa4 (0x0bff7353) fsub.d  ft6, ft10, ft11
core   0: 1 0x0000000080004aa4 (0x0bff7353) f6  0x7ff8000000000000
core   0: 0x0000000080004aa8 (0x40187cd3) fcvt.s.d fs9, fa6
core   0: 1 0x0000000080004aa8 (0x40187cd3) f25 0xffffffff7fc00000
core   0: 0x0000000080004aac (0x0070133b) sllw    t1, zero, t2
core   0: 1 0x0000000080004aac (0x0070133b) x6  0x0000000000000000
core   0: 0x0000000080004ab0 (0xc0357c53) fcvt.lu.s s8, fa0
core   0: 1 0x0000000080004ab0 (0xc0357c53) c1_fflags 0x0000000000000011 x24 0xffffffffffffffff
core   0: 0x0000000080004ab4 (0x800c019b) addiw   gp, s8, -2048
core   0: 1 0x0000000080004ab4 (0x800c019b) x3  0xfffffffffffff7ff
core   0: 0x0000000080004ab8 (0x03fb1c93) slli    s9, s6, 63
core   0: 1 0x0000000080004ab8 (0x03fb1c93) x25 0x0000000000000000
core   0: 0x0000000080004abc (0x220e2e53) fsgnjx.d ft8, ft8, ft0
core   0: 1 0x0000000080004abc (0x220e2e53) f28 0x7ff8000000000000
core   0: 0x0000000080004ac0 (0x40dd81b3) sub     gp, s11, a3
core   0: 1 0x0000000080004ac0 (0x40dd81b3) x3  0xffffffff800048e8
core   0: 0x0000000080004ac4 (0x002607bb) addw    a5, a2, sp
core   0: 1 0x0000000080004ac4 (0x002607bb) x15 0x0000000000000a00
core   0: 0x0000000080004ac8 (0x2bf8d537) lui     a0, 0x2bf8d
core   0: 1 0x0000000080004ac8 (0x2bf8d537) x10 0x000000002bf8d000
core   0: 0x0000000080004acc (0x009124b3) slt     s1, sp, s1
core   0: 1 0x0000000080004acc (0x009124b3) x9  0x0000000000000001
core   0: 0x0000000080004ad0 (0x00008f59) c.or    a4, a4
core   0: 1 0x0000000080004ad0 (0x8f59) x14 0x0000000080004000
core   0: 0x0000000080004ad2 (0xc22d7353) fcvt.l.d t1, fs10
core   0: 1 0x0000000080004ad2 (0xc22d7353) c1_fflags 0x0000000000000011 x6  0x7fffffffffffffff
core   0: 0x0000000080004ad6 (0x0001db13) srli    s6, gp, 0
core   0: 1 0x0000000080004ad6 (0x0001db13) x22 0xffffffff800048e8
core   0: 0x0000000080004ada (0x008e05b3) add     a1, t3, s0
core   0: 1 0x0000000080004ada (0x008e05b3) x11 0xffffffffffffffff
core   0: 0x0000000080004ade (0x03861893) slli    a7, a2, 56
core   0: 1 0x0000000080004ade (0x03861893) x17 0x0000000000000000
core   0: 0x0000000080004ae2 (0x73440b13) addi    s6, s0, 1844
core   0: 1 0x0000000080004ae2 (0x73440b13) x22 0x0000000000000734
core   0: 0x0000000080004ae6 (0x00119bf3) csrrw   s7, fflags, gp
core   0: 1 0x0000000080004ae6 (0x00119bf3) x23 0x0000000000000011 c1_fflags 0x0000000000000008
core   0: 0x0000000080004aea (0x00f262b3) or      t0, tp, a5
core   0: 1 0x0000000080004aea (0x00f262b3) x5  0xffffffffffffffff
core   0: 0x0000000080004aee (0xa84e7d13) andi    s10, t3, -1404
core   0: 1 0x0000000080004aee (0xa84e7d13) x26 0xfffffffffffffa84
core   0: 0x0000000080004af2 (0x01528abb) addw    s5, t0, s5
core   0: 1 0x0000000080004af2 (0x01528abb) x21 0xffffffffffffffff
core   0: 0x0000000080004af6 (0x001e9473) csrrw   s0, fflags, t4
core   0: 1 0x0000000080004af6 (0x001e9473) x8  0x0000000000000008 c1_fflags 0x0000000000000000
core   0: 0x0000000080004afa (0x7ff3889b) addiw   a7, t2, 2047
core   0: 1 0x0000000080004afa (0x7ff3889b) x17 0x0000000000000810
core   0: 0x0000000080004afe (0x02425abb) divuw   s5, tp, tp
core   0: 1 0x0000000080004afe (0x02425abb) x21 0x0000000000000001
core   0: 0x0000000080004b02 (0xda96f34b) fnmsub.d ft6, fa3, fs1, fs11
core   0: 1 0x0000000080004b02 (0xda96f34b) f6  0x7ff8000000000000
core   0: 0x0000000080004b06 (0x47685e17) auipc   t3, 0x47685
core   0: 1 0x0000000080004b06 (0x47685e17) x28 0x00000000c7689b06
core   0: 0x0000000080004b0a (0x731775c7) fmsub.d fa1, fa4, fa7, fa4
core   0: 1 0x0000000080004b0a (0x731775c7) f11 0x7ff8000000000000
core   0: 0x0000000080004b0e (0x01f8989b) slliw   a7, a7, 31
core   0: 1 0x0000000080004b0e (0x01f8989b) x17 0x0000000000000000
core   0: 0x0000000080004b12 (0x4168833b) subw    t1, a7, s6
core   0: 1 0x0000000080004b12 (0x4168833b) x6  0xfffffffffffff8cc
core   0: 0x0000000080004b16 (0x00000001) c.nop
core   0: 1 0x0000000080004b16 (0x0001)
core   0: 0x0000000080004b18 (0xed819617) auipc   a2, 0xed819
core   0: 1 0x0000000080004b18 (0xed819617) x12 0x000000006d81db18
core   0: 0x0000000080004b1c (0x1424e3f3) csrrsi  t2, scause, 9
core   0: 1 0x0000000080004b1c (0x1424e3f3) x7  0x0000000000000018 c322_scause 0x0000000000000019
core   0: 0x0000000080004b20 (0x00185eb3) srl     t4, a6, ra
core   0: 1 0x0000000080004b20 (0x00185eb3) x29 0x0000000000000e27
core   0: 0x0000000080004b24 (0x007e8bb3) add     s7, t4, t2
core   0: 1 0x0000000080004b24 (0x007e8bb3) x23 0x0000000000000e3f
core   0: 0x0000000080004b28 (0x002096f3) csrrw   a3, frm, ra
core   0: 1 0x0000000080004b28 (0x002096f3) x13 0x0000000000000002 c2_frm 0x0000000000000000
core   0: 0x0000000080004b2c (0x4184d993) srai    s3, s1, 24
core   0: 1 0x0000000080004b2c (0x4184d993) x19 0x0000000000000000
core   0: 0x0000000080004b30 (0x01704c33) xor     s8, zero, s7
core   0: 1 0x0000000080004b30 (0x01704c33) x24 0x0000000000000e3f
core   0: 0x0000000080004b34 (0x41b4541b) sraiw   s0, s0, 27
core   0: 1 0x0000000080004b34 (0x41b4541b) x8  0x0000000000000000
core   0: 0x0000000080004b38 (0x0092929b) slliw   t0, t0, 9
core   0: 1 0x0000000080004b38 (0x0092929b) x5  0xfffffffffffffe00
core   0: 0x0000000080004b3c (0x00009566) c.add   a0, s9
core   0: 1 0x0000000080004b3c (0x9566) x10 0x000000002bf8d000
core   0: 0x0000000080004b3e (0x00202973) csrrs   s2, frm, zero
core   0: 1 0x0000000080004b3e (0x00202973) x18 0x0000000000000000
core   0: 0x0000000080004b42 (0x001026f3) csrrs   a3, fflags, zero
core   0: 1 0x0000000080004b42 (0x001026f3) x13 0x0000000000000000
core   0: 0x0000000080004b46 (0x034c823b) mulw    tp, s9, s4
core   0: 1 0x0000000080004b46 (0x034c823b) x4  0x0000000000000000
core   0: 0x0000000080004b4a (0x0248cd3b) divw    s10, a7, tp
core   0: 1 0x0000000080004b4a (0x0248cd3b) x26 0xffffffffffffffff
core   0: 0x0000000080004b4e (0x1bae7ad3) fdiv.d  fs5, ft8, fs10
core   0: 1 0x0000000080004b4e (0x1bae7ad3) f21 0x7ff8000000000000
core   0: 0x0000000080004b52 (0x0209c93b) divw    s2, s3, zero
core   0: 1 0x0000000080004b52 (0x0209c93b) x18 0xffffffffffffffff
core   0: 0x0000000080004b56 (0xf3cd0c13) addi    s8, s10, -196
core   0: 1 0x0000000080004b56 (0xf3cd0c13) x24 0xffffffffffffff3b
core   0: 0x0000000080004b5a (0x00501bbb) sllw    s7, zero, t0
core   0: 1 0x0000000080004b5a (0x00501bbb) x23 0x0000000000000000
core   0: 0x0000000080004b5e (0x000919b3) sll     s3, s2, zero
core   0: 1 0x0000000080004b5e (0x000919b3) x19 0xffffffffffffffff
core   0: 0x0000000080004b62 (0x0011d89b) srliw   a7, gp, 1
core   0: 1 0x0000000080004b62 (0x0011d89b) x17 0x0000000040002474
core   0: 0x0000000080004b66 (0x03c17753) fadd.d  fa4, ft2, ft8
core   0: 1 0x0000000080004b66 (0x03c17753) f14 0x7ff8000000000000
core   0: 0x0000000080004b6a (0x5a0e7e53) fsqrt.d ft8, ft8
core   0: 1 0x0000000080004b6a (0x5a0e7e53) f28 0x7ff8000000000000
core   0: 0x0000000080004b6e (0x01189bbb) sllw    s7, a7, a7
core   0: 1 0x0000000080004b6e (0x01189bbb) x23 0x0000000047400000
core   0: 0x0000000080004b72 (0x02a1d4b3) divu    s1, gp, a0
core   0: 1 0x0000000080004b72 (0x02a1d4b3) x9  0x00000005d267d321
core   0: 0x0000000080004b76 (0xc03afb53) fcvt.lu.s s6, fs5
core   0: 1 0x0000000080004b76 (0xc03afb53) c1_fflags 0x0000000000000010 x22 0xffffffffffffffff
core   0: 0x0000000080004b7a (0x00948abb) addw    s5, s1, s1
core   0: 1 0x0000000080004b7a (0x00948abb) x21 0xffffffffa4cfa642
core   0: 0x0000000080004b7e (0x5a06fc53) fsqrt.d fs8, fa3
core   0: 1 0x0000000080004b7e (0x5a06fc53) f24 0x0000000000000000
core   0: 0x0000000080004b82 (0x000a5033) srl     zero, s4, zero
core   0: 1 0x0000000080004b82 (0x000a5033)
core   0: 0x0000000080004b86 (0x032bed33) rem     s10, s7, s2
core   0: 1 0x0000000080004b86 (0x032bed33) x26 0x0000000000000000
core   0: 0x0000000080004b8a (0xd0207453) fcvt.s.l fs0, zero
core   0: 1 0x0000000080004b8a (0xd0207453) f8  0xffffffff00000000
core   0: 0x0000000080004b8e (0xd032f453) fcvt.s.lu fs0, t0
core   0: 1 0x0000000080004b8e (0xd032f453) c1_fflags 0x0000000000000011 f8  0xffffffff5f800000
core   0: 0x0000000080004b92 (0x100b2973) csrrs   s2, sstatus, s6
core   0: 1 0x0000000080004b92 (0x100b2973) x18 0x8000000200006000 c768_mstatus 0x8000000a001c61a2
core   0: 0x0000000080004b96 (0x80047413) andi    s0, s0, -2048
core   0: 1 0x0000000080004b96 (0x80047413) x8  0x0000000000000000
core   0: 0x0000000080004b9a (0x03b87833) remu    a6, a6, s11
core   0: 1 0x0000000080004b9a (0x03b87833) x16 0x0000000000000e27
core   0: 0x0000000080004b9e (0x00c862b3) or      t0, a6, a2
core   0: 1 0x0000000080004b9e (0x00c862b3) x5  0x000000006d81df3f
core   0: 0x0000000080004ba2 (0xd2090fd3) fcvt.d.w ft11, s2
core   0: 1 0x0000000080004ba2 (0xd2090fd3) f31 0x40d8000000000000
core   0: 0x0000000080004ba6 (0x408c50b3) sra     ra, s8, s0
core   0: 1 0x0000000080004ba6 (0x408c50b3) x1  0xffffffffffffff3b
core   0: 0x0000000080004baa (0x0254553b) divuw   a0, s0, t0
core   0: 1 0x0000000080004baa (0x0254553b) x10 0x0000000000000000
core   0: 0x0000000080004bae (0x5a03fd53) fsqrt.d fs10, ft7
core   0: 1 0x0000000080004bae (0x5a03fd53) f26 0x7ff8000000000000
core   0: 0x0000000080004bb2 (0x02c28bb3) mul     s7, t0, a2
core   0: 1 0x0000000080004bb2 (0x02c28bb3) x23 0x2ed7d837afe6d2e8
core   0: 0x0000000080004bb6 (0xc21b7cd3) fcvt.wu.d s9, fs6
core   0: 1 0x0000000080004bb6 (0xc21b7cd3) c1_fflags 0x0000000000000011 x25 0xffffffffffffffff
core   0: 0x0000000080004bba (0x4017539b) sraiw   t2, a4, 1
core   0: 1 0x0000000080004bba (0x4017539b) x7  0xffffffffc0002000
core   0: 0x0000000080004bbe (0x02a51ab3) mulh    s5, a0, a0
core   0: 1 0x0000000080004bbe (0x02a51ab3) x21 0x0000000000000000
core   0: 0x0000000080004bc2 (0xd035f253) fcvt.s.lu ft4, a1
core   0: 1 0x0000000080004bc2 (0xd035f253) c1_fflags 0x0000000000000011 f4  0xffffffff5f800000
core   0: 0x0000000080004bc6 (0x41ba813b) subw    sp, s5, s11
core   0: 1 0x0000000080004bc6 (0x41ba813b) x2  0x000000007fffb700
core   0: 0x0000000080004bca (0xd039ff53) fcvt.s.lu ft10, s3
core   0: 1 0x0000000080004bca (0xd039ff53) c1_fflags 0x0000000000000011 f30 0xffffffff5f800000
core   0: 0x0000000080004bce (0x40f8843b) subw    s0, a7, a5
core   0: 1 0x0000000080004bce (0x40f8843b) x8  0x0000000040001a74
core   0: 0x0000000080004bd2 (0x00202473) csrrs   s0, frm, zero
core   0: 1 0x0000000080004bd2 (0x00202473) x8  0x0000000000000000
core   0: 0x0000000080004bd6 (0x016b5dbb) srlw    s11, s6, s6
core   0: 1 0x0000000080004bd6 (0x016b5dbb) x27 0x0000000000000001
core   0: 0x0000000080004bda (0x3b77b097) auipc   ra, 0x3b77b
core   0: 1 0x0000000080004bda (0x3b77b097) x1  0x00000000bb77fbda
core   0: 0x0000000080004bde (0xc03f72d3) fcvt.lu.s t0, ft10
core   0: 1 0x0000000080004bde (0xc03f72d3) c1_fflags 0x0000000000000011 x5  0xffffffffffffffff
core   0: 0x0000000080004be2 (0x00c11933) sll     s2, sp, a2
core   0: 1 0x0000000080004be2 (0x00c11933) x18 0x007fffb700000000
core   0: 0x0000000080004be6 (0x40a7d11b) sraiw   sp, a5, 10
core   0: 1 0x0000000080004be6 (0x40a7d11b) x2  0x0000000000000002
core   0: 0x0000000080004bea (0xc02f7b53) fcvt.l.s s6, ft10
core   0: 1 0x0000000080004bea (0xc02f7b53) c1_fflags 0x0000000000000011 x22 0x7fffffffffffffff
core   0: 0x0000000080004bee (0x0712bdb7) lui     s11, 0x712b
core   0: 1 0x0000000080004bee (0x0712bdb7) x27 0x000000000712b000
core   0: 0x0000000080004bf2 (0xecdd8d9b) addiw   s11, s11, -307
core   0: 1 0x0000000080004bf2 (0xecdd8d9b) x27 0x000000000712aecd
core   0: 0x0000000080004bf6 (0x00000db2) c.slli  s11, 12
core   0: 1 0x0000000080004bf6 (0x0db2) x27 0x000000712aecd000
core   0: 0x0000000080004bf8 (0x580d8d93) addi    s11, s11, 1408
core   0: 1 0x0000000080004bf8 (0x580d8d93) x27 0x000000712aecd580
core   0: 0x0000000080004bfc (0x011398bb) sllw    a7, t2, a7
core   0: 1 0x0000000080004bfc (0x011398bb) x17 0x0000000000000000
core   0: 0x0000000080004c00 (0x2bce0e53) fmin.d  ft8, ft8, ft8
core   0: 1 0x0000000080004c00 (0x2bce0e53) f28 0x7ff8000000000000
core   0: 0x0000000080004c04 (0x0007eb33) or      s6, a5, zero
core   0: 1 0x0000000080004c04 (0x0007eb33) x22 0x0000000000000a00
core   0: 0x0000000080004c08 (0xc03bf6d3) fcvt.lu.s a3, fs7
core   0: 1 0x0000000080004c08 (0xc03bf6d3) c1_fflags 0x0000000000000011 x13 0xffffffffffffffff
core   0: 0x0000000080004c0c (0x417b023b) subw    tp, s6, s7
core   0: 1 0x0000000080004c0c (0x417b023b) x4  0x0000000050193718
core   0: 0x0000000080004c10 (0x03652633) mulhsu  a2, a0, s6
core   0: 1 0x0000000080004c10 (0x03652633) x12 0x0000000000000000
core   0: 0x0000000080004c14 (0x0240b733) mulhu   a4, ra, tp
core   0: 1 0x0000000080004c14 (0x0240b733) x14 0x0000000000000000
core   0: 0x0000000080004c18 (0x00000001) c.nop
core   0: 1 0x0000000080004c18 (0x0001)
core   0: 0x0000000080004c1a (0x02150ebb) mulw    t4, a0, ra
core   0: 1 0x0000000080004c1a (0x02150ebb) x29 0x0000000000000000
core   0: 0x0000000080004c1e (0x42fdfdc7) fmsub.d fs11, fs11, fa5, fs0
core   0: 1 0x0000000080004c1e (0x42fdfdc7) f27 0x7ff8000000000000
core   0: 0x0000000080004c22 (0x41878bb3) sub     s7, a5, s8
core   0: 1 0x0000000080004c22 (0x41878bb3) x23 0x0000000000000ac5
core   0: 0x0000000080004c26 (0x00202b73) csrrs   s6, frm, zero
core   0: 1 0x0000000080004c26 (0x00202b73) x22 0x0000000000000000
core   0: 0x0000000080004c2a (0x017870b3) and     ra, a6, s7
core   0: 1 0x0000000080004c2a (0x017870b3) x1  0x0000000000000a05
core   0: 0x0000000080004c2e (0xd026f7d3) fcvt.s.l fa5, a3
core   0: 1 0x0000000080004c2e (0xd026f7d3) f15 0xffffffffbf800000
core   0: 0x0000000080004c32 (0x0002531b) srliw   t1, tp, 0
core   0: 1 0x0000000080004c32 (0x0002531b) x6  0x0000000050193718
core   0: 0x0000000080004c36 (0xc237f8d3) fcvt.lu.d a7, fa5
core   0: 1 0x0000000080004c36 (0xc237f8d3) c1_fflags 0x0000000000000011 x17 0xffffffffffffffff
core   0: 0x0000000080004c3a (0x410bd733) sra     a4, s7, a6
core   0: 1 0x0000000080004c3a (0x410bd733) x14 0x0000000000000000
core   0: 0x0000000080004c3e (0x0a1a70cf) fnmadd.d ft1, fs4, ft1, ft1
core   0: 1 0x0000000080004c3e (0x0a1a70cf) f1  0x7ff8000000000000
core   0: 0x0000000080004c42 (0x00589433) sll     s0, a7, t0
core   0: 1 0x0000000080004c42 (0x00589433) x8  0x8000000000000000
core   0: 0x0000000080004c46 (0x00f75b33) srl     s6, a4, a5
core   0: 1 0x0000000080004c46 (0x00f75b33) x22 0x0000000000000000
core   0: 0x0000000080004c4a (0x00000001) c.nop
core   0: 1 0x0000000080004c4a (0x0001)
core   0: 0x0000000080004c4c (0x026130b3) mulhu   ra, sp, t1
core   0: 1 0x0000000080004c4c (0x026130b3) x1  0x0000000000000000
core   0: 0x0000000080004c50 (0x40177ad3) fcvt.s.d fs5, fa4
core   0: 1 0x0000000080004c50 (0x40177ad3) f21 0xffffffff7fc00000
core   0: 0x0000000080004c54 (0x02c0003b) mulw    zero, zero, a2
core   0: 1 0x0000000080004c54 (0x02c0003b)
core   0: 0x0000000080004c58 (0x01a65cbb) srlw    s9, a2, s10
core   0: 1 0x0000000080004c58 (0x01a65cbb) x25 0x0000000000000000
core   0: 0x0000000080004c5c (0x0367d9bb) divuw   s3, a5, s6
core   0: 1 0x0000000080004c5c (0x0367d9bb) x19 0xffffffffffffffff
core   0: 0x0000000080004c60 (0x0036193b) sllw    s2, a2, gp
core   0: 1 0x0000000080004c60 (0x0036193b) x18 0x0000000000000000
core   0: 0x0000000080004c64 (0x41a3d733) sra     a4, t2, s10
core   0: 1 0x0000000080004c64 (0x41a3d733) x14 0xffffffffc0002000
core   0: 0x0000000080004c68 (0xd033ffd3) fcvt.s.lu ft11, t2
core   0: 1 0x0000000080004c68 (0xd033ffd3) c1_fflags 0x0000000000000011 f31 0xffffffff5f800000
core   0: 0x0000000080004c6c (0xfa1afb4f) fnmadd.d fs6, fs5, ft1, ft11
core   0: 1 0x0000000080004c6c (0xfa1afb4f) f22 0x7ff8000000000000
core   0: 0x0000000080004c70 (0xc0247453) fcvt.l.s s0, fs0
core   0: 1 0x0000000080004c70 (0xc0247453) c1_fflags 0x0000000000000011 x8  0x7fffffffffffffff
core   0: 0x0000000080004c74 (0xd22973d3) fcvt.d.l ft7, s2
core   0: 1 0x0000000080004c74 (0xd22973d3) f7  0x0000000000000000
core   0: 0x0000000080004c78 (0x00000001) c.nop
core   0: 1 0x0000000080004c78 (0x0001)
core   0: 0x0000000080004c7a (0x0229d3bb) divuw   t2, s3, sp
core   0: 1 0x0000000080004c7a (0x0229d3bb) x7  0x000000007fffffff
core   0: 0x0000000080004c7e (0x100065f3) csrrsi  a1, sstatus, 0
core   0: 1 0x0000000080004c7e (0x100065f3) x11 0x80000002000c6122
core   0: 0x0000000080004c82 (0x03c4d63b) divuw   a2, s1, t3
core   0: 1 0x0000000080004c82 (0x03c4d63b) x12 0x0000000000000001
core   0: 0x0000000080004c86 (0x03a5553b) divuw   a0, a0, s10
core   0: 1 0x0000000080004c86 (0x03a5553b) x10 0xffffffffffffffff
core   0: 0x0000000080004c8a (0x00202cf3) csrrs   s9, frm, zero
core   0: 1 0x0000000080004c8a (0x00202cf3) x25 0x0000000000000000
core   0: 0x0000000080004c8e (0x013991b3) sll     gp, s3, s3
core   0: 1 0x0000000080004c8e (0x013991b3) x3  0x8000000000000000
core   0: 0x0000000080004c92 (0xfe103637) lui     a2, 0xfe103
core   0: 1 0x0000000080004c92 (0xfe103637) x12 0xfffffffffe103000
core   0: 0x0000000080004c96 (0x3c16061b) addiw   a2, a2, 961
core   0: 1 0x0000000080004c96 (0x3c16061b) x12 0xfffffffffe1033c1
core   0: 0x0000000080004c9a (0x00000636) c.slli  a2, 13
core   0: 1 0x0000000080004c9a (0x0636) x12 0xffffffc206782000
core   0: 0x0000000080004c9c (0xb9b60613) addi    a2, a2, -1125
core   0: 1 0x0000000080004c9c (0xb9b60613) x12 0xffffffc206781b9b
core   0: 0x0000000080004ca0 (0xa34aa253) feq.d   tp, fs5, fs4
core   0: 1 0x0000000080004ca0 (0xa34aa253) x4  0x0000000000000000
core   0: 0x0000000080004ca4 (0x22bb05d3) fsgnj.d fa1, fs6, fa1
core   0: 1 0x0000000080004ca4 (0x22bb05d3) f11 0x7ff8000000000000
core   0: 0x0000000080004ca8 (0xd038f753) fcvt.s.lu fa4, a7
core   0: 1 0x0000000080004ca8 (0xd038f753) c1_fflags 0x0000000000000011 f14 0xffffffff5f800000
core   0: 0x0000000080004cac (0x34342af3) csrrs   s5, mtval, s0
core   0: exception trap_illegal_instruction, epc 0x0000000080004cac
core   0:           tval 0x0000000034342af3
core   0: >>>>  $xrv64i2p1_m2p0_a2p1_f2p2_d2p2_zicsr2p0_zifencei2p0_zmmul1p0_zba1p0_zbb1p0_zbc1p0_zbs1p0
core   0: 0x0000000080004000 (0x0080006f) j       pc + 0x8
core   0: 3 0x0000000080004000 (0x0080006f)
core   0: >>>>  mmode_exception_handler
core   0: 0x0000000080004008 (0x00002c17) auipc   s8, 0x2
core   0: 3 0x0000000080004008 (0x00002c17) x24 0x0000000080006008
core   0: 0x000000008000400c (0x08ac0c13) addi    s8, s8, 138
core   0: 3 0x000000008000400c (0x08ac0c13) x24 0x0000000080006092
core   0: 0x0000000080004010 (0x000c00e7) jalr    s8
core   0: 3 0x0000000080004010 (0x000c00e7) x1  0x0000000080004014
core   0: >>>>  any_handler
core   0: 0x0000000080006092 (0x341027f3) csrrs   a5, mepc, zero
core   0: 3 0x0000000080006092 (0x341027f3) x15 0x0000000080004cac
core   0: 0x0000000080006096 (0x34202773) csrrs   a4, mcause, zero
core   0: 3 0x0000000080006096 (0x34202773) x14 0x0000000000000002
core   0: 0x000000008000609a (0x142026f3) csrrs   a3, scause, zero
core   0: 3 0x000000008000609a (0x142026f3) x13 0x0000000000000019
core   0: 0x000000008000609e (0x30402673) csrrs   a2, mie, zero
core   0: 3 0x000000008000609e (0x30402673) x12 0x0000000000000a00
core   0: 0x00000000800060a2 (0x344025f3) csrrs   a1, mip, zero
core   0: 3 0x00000000800060a2 (0x344025f3) x11 0x0000000000000080
core   0: 0x00000000800060a6 (0x343025f3) csrrs   a1, mtval, zero
core   0: 3 0x00000000800060a6 (0x343025f3) x11 0x0000000034342af3
core   0: 0x00000000800060aa (0x14302573) csrrs   a0, stval, zero
core   0: 3 0x00000000800060aa (0x14302573) x10 0x0000000000000000
core   0: 0x00000000800060ae (0xb02024f3) csrrs   s1, minstret, zero
core   0: 3 0x00000000800060ae (0xb02024f3) x9  0x0000000000000bfa
core   0: 0x00000000800060b2 (0x0000a811) c.j     pc + 20
core   0: 3 0x00000000800060b2 (0xa811)
core   0: >>>>  mepc_4
core   0: 0x00000000800060c6 (0x00000791) c.addi  a5, 4
core   0: 3 0x00000000800060c6 (0x0791) x15 0x0000000080004cb0
core   0: 0x00000000800060c8 (0x34179073) csrrw   zero, mepc, a5
core   0: 3 0x00000000800060c8 (0x34179073) c833_mepc 0x0000000080004cb0
core   0: 0x00000000800060cc (0x30200073) mret
core   0: 3 0x00000000800060cc (0x30200073) c768_mstatus 0x8000000a001c61a2
core   0: 0x0000000080004cb0 (0x41fc5c1b) sraiw   s8, s8, 31
core   0: 1 0x0000000080004cb0 (0x41fc5c1b) x24 0xffffffffffffffff
core   0: 0x0000000080004cb4 (0xa26b0253) fle.d   tp, fs6, ft6
core   0: 1 0x0000000080004cb4 (0xa26b0253) c1_fflags 0x0000000000000011 x4  0x0000000000000000
core   0: 0x0000000080004cb8 (0x01d212bb) sllw    t0, tp, t4
core   0: 1 0x0000000080004cb8 (0x01d212bb) x5  0x0000000000000000
core   0: 0x0000000080004cbc (0xd20a8053) fcvt.d.w ft0, s5
core   0: 1 0x0000000080004cbc (0xd20a8053) f0  0x0000000000000000
core   0: 0x0000000080004cc0 (0x01d2d21b) srliw   tp, t0, 29
core   0: 1 0x0000000080004cc0 (0x01d2d21b) x4  0x0000000000000000
core   0: 0x0000000080004cc4 (0x40588e3b) subw    t3, a7, t0
core   0: 1 0x0000000080004cc4 (0x40588e3b) x28 0xffffffffffffffff
core   0: 0x0000000080004cc8 (0x03c6f53b) remuw   a0, a3, t3
core   0: 1 0x0000000080004cc8 (0x03c6f53b) x10 0x0000000000000019
core   0: 0x0000000080004ccc (0x030af3d3) fadd.d  ft7, fs5, fa6
core   0: 1 0x0000000080004ccc (0x030af3d3) f7  0x7ff8000000000000
core   0: 0x0000000080004cd0 (0x01f6d59b) srliw   a1, a3, 31
core   0: 1 0x0000000080004cd0 (0x01f6d59b) x11 0x0000000000000000
core   0: 0x0000000080004cd4 (0xd036fdd3) fcvt.s.lu fs11, a3
core   0: 1 0x0000000080004cd4 (0xd036fdd3) f27 0xffffffff41c80000
core   0: 0x0000000080004cd8 (0x01eed7b7) lui     a5, 0x1eed
core   0: 1 0x0000000080004cd8 (0x01eed7b7) x15 0x0000000001eed000
core   0: 0x0000000080004cdc (0x88b7879b) addiw   a5, a5, -1909
core   0: 1 0x0000000080004cdc (0x88b7879b) x15 0x0000000001eec88b
core   0: 0x0000000080004ce0 (0x000007b6) c.slli  a5, 13
core   0: 1 0x0000000080004ce0 (0x07b6) x15 0x0000003dd9116000
core   0: 0x0000000080004ce2 (0xcff78793) addi    a5, a5, -769
core   0: 1 0x0000000080004ce2 (0xcff78793) x15 0x0000003dd9115cff
core   0: 0x0000000080004ce6 (0x00f5aeb3) slt     t4, a1, a5
core   0: 1 0x0000000080004ce6 (0x00f5aeb3) x29 0x0000000000000001
core   0: 0x0000000080004cea (0x5a0372d3) fsqrt.d ft5, ft6
core   0: 1 0x0000000080004cea (0x5a0372d3) f5  0x7ff8000000000000
core   0: 0x0000000080004cee (0x0192023b) addw    tp, tp, s9
core   0: 1 0x0000000080004cee (0x0192023b) x4  0x0000000000000000
core   0: 0x0000000080004cf2 (0x01d79433) sll     s0, a5, t4
core   0: 1 0x0000000080004cf2 (0x01d79433) x8  0x0000007bb222b9fe
core   0: 0x0000000080004cf6 (0x1a6cf353) fdiv.d  ft6, fs9, ft6
core   0: 1 0x0000000080004cf6 (0x1a6cf353) f6  0x7ff8000000000000
core   0: 0x0000000080004cfa (0x00f98e3b) addw    t3, s3, a5
core   0: 1 0x0000000080004cfa (0x00f98e3b) x28 0xffffffffd9115cfe
core   0: 0x0000000080004cfe (0x4016dc1b) sraiw   s8, a3, 1
core   0: 1 0x0000000080004cfe (0x4016dc1b) x24 0x000000000000000c
core   0: 0x0000000080004d02 (0xfb3dea93) ori     s5, s11, -77
core   0: 1 0x0000000080004d02 (0xfb3dea93) x21 0xffffffffffffffb3
core   0: 0x0000000080004d06 (0xd26a7d47) fmsub.d fs10, fs4, ft6, fs10
core   0: 1 0x0000000080004d06 (0xd26a7d47) f26 0x7ff8000000000000
core   0: 0x0000000080004d0a (0x01f65d1b) srliw   s10, a2, 31
core   0: 1 0x0000000080004d0a (0x01f65d1b) x26 0x0000000000000000
core   0: 0x0000000080004d0e (0x03dd90b3) mulh    ra, s11, t4
core   0: 1 0x0000000080004d0e (0x03dd90b3) x1  0x0000000000000000
core   0: 0x0000000080004d12 (0x01aeadb3) slt     s11, t4, s10
core   0: 1 0x0000000080004d12 (0x01aeadb3) x27 0x0000000000000000
core   0: 0x0000000080004d16 (0x00332333) slt     t1, t1, gp
core   0: 1 0x0000000080004d16 (0x00332333) x6  0x0000000000000000
core   0: 0x0000000080004d1a (0x4004529b) sraiw   t0, s0, 0
core   0: 1 0x0000000080004d1a (0x4004529b) x5  0xffffffffb222b9fe
core   0: 0x0000000080004d1e (0x80024b93) xori    s7, tp, -2048
core   0: 1 0x0000000080004d1e (0x80024b93) x23 0xfffffffffffff800
core   0: 0x0000000080004d22 (0x001b9a9b) slliw   s5, s7, 1
core   0: 1 0x0000000080004d22 (0x001b9a9b) x21 0xfffffffffffff000
core   0: 0x0000000080004d26 (0x01586733) or      a4, a6, s5
core   0: 1 0x0000000080004d26 (0x01586733) x14 0xfffffffffffffe27
core   0: 0x0000000080004d2a (0x4000d333) sra     t1, ra, zero
core   0: 1 0x0000000080004d2a (0x4000d333) x6  0x0000000000000000
core   0: 0x0000000080004d2e (0x001490bb) sllw    ra, s1, ra
core   0: 1 0x0000000080004d2e (0x001490bb) x1  0x0000000000000bfa
core   0: 0x0000000080004d32 (0x0294b0b3) mulhu   ra, s1, s1
core   0: 1 0x0000000080004d32 (0x0294b0b3) x1  0x0000000000000000
core   0: 0x0000000080004d36 (0xd03a7e53) fcvt.s.lu ft8, s4
core   0: 1 0x0000000080004d36 (0xd03a7e53) f28 0xffffffff00000000
core   0: 0x0000000080004d3a (0x143de2f3) csrrsi  t0, stval, 27
core   0: 1 0x0000000080004d3a (0x143de2f3) x5  0x0000000000000000 c323_stval 0x000000000000001b
core   0: 0x0000000080004d3e (0x38360e9b) addiw   t4, a2, 899
core   0: 1 0x0000000080004d3e (0x38360e9b) x29 0x0000000000000d83
core   0: 0x0000000080004d42 (0x02c2023b) mulw    tp, tp, a2
core   0: 1 0x0000000080004d42 (0x02c2023b) x4  0x0000000000000000
core   0: 0x0000000080004d46 (0x411983bb) subw    t2, s3, a7
core   0: 1 0x0000000080004d46 (0x411983bb) x7  0x0000000000000000
core   0: 0x0000000080004d4a (0x2b1682d3) fmin.d  ft5, fa3, fa7
core   0: 1 0x0000000080004d4a (0x2b1682d3) f5  0x0000000000000000
core   0: 0x0000000080004d4e (0x10ab3073) csrrc   zero, senvcfg, s6
core   0: 1 0x0000000080004d4e (0x10ab3073) c266_senvcfg 0x0000000000000000
core   0: 0x0000000080004d52 (0x00000001) c.nop
core   0: 1 0x0000000080004d52 (0x0001)
core   0: 0x0000000080004d54 (0xe2a47f4b) fnmsub.d ft10, fs0, fa0, ft8
core   0: 1 0x0000000080004d54 (0xe2a47f4b) f30 0x7ff8000000000000
core   0: 0x0000000080004d58 (0xd230fa53) fcvt.d.lu fs4, ra
core   0: 1 0x0000000080004d58 (0xd230fa53) f20 0x0000000000000000
core   0: 0x0000000080004d5c (0xc22f79d3) fcvt.l.d s3, ft10
core   0: 1 0x0000000080004d5c (0xc22f79d3) c1_fflags 0x0000000000000011 x19 0x7fffffffffffffff
core   0: 0x0000000080004d60 (0x06324213) xori    tp, tp, 99
core   0: 1 0x0000000080004d60 (0x06324213) x4  0x0000000000000063
core   0: 0x0000000080004d64 (0x415707b3) sub     a5, a4, s5
core   0: 1 0x0000000080004d64 (0x415707b3) x15 0x0000000000000e27
core   0: 0x0000000080004d68 (0x02c7013b) mulw    sp, a4, a2
core   0: 1 0x0000000080004d68 (0x02c7013b) x2  0xffffffffffed8600
core   0: 0x0000000080004d6c (0x40125693) srai    a3, tp, 1
core   0: 1 0x0000000080004d6c (0x40125693) x13 0x0000000000000031
core   0: 0x0000000080004d70 (0xe20f04d3) fmv.x.d s1, ft10
core   0: 1 0x0000000080004d70 (0xe20f04d3) x9  0x7ff8000000000000
core   0: 0x0000000080004d74 (0x001b9773) csrrw   a4, fflags, s7
core   0: 1 0x0000000080004d74 (0x001b9773) x14 0x0000000000000011 c1_fflags 0x0000000000000000
core   0: 0x0000000080004d78 (0x6be67647) fmsub.d fa2, fa2, ft10, fa3
core   0: 1 0x0000000080004d78 (0x6be67647) f12 0x7ff8000000000000
core   0: 0x0000000080004d7c (0x5a06f6d3) fsqrt.d fa3, fa3
core   0: 1 0x0000000080004d7c (0x5a06f6d3) f13 0x0000000000000000
core   0: 0x0000000080004d80 (0x01644933) xor     s2, s0, s6
core   0: 1 0x0000000080004d80 (0x01644933) x18 0x0000007bb222b9fe
core   0: 0x0000000080004d84 (0xd2040553) fcvt.d.w fa0, s0
core   0: 1 0x0000000080004d84 (0xd2040553) f10 0xc1d3775180800000
core   0: 0x0000000080004d88 (0xf20700d3) fmv.d.x ft1, a4
core   0: 1 0x0000000080004d88 (0xf20700d3) f1  0x0000000000000011
core   0: 0x0000000080004d8c (0x1b3279d3) fdiv.d  fs3, ft4, fs3
core   0: 1 0x0000000080004d8c (0x1b3279d3) f19 0x7ff8000000000000
core   0: 0x0000000080004d90 (0x40095513) srai    a0, s2, 0
core   0: 1 0x0000000080004d90 (0x40095513) x10 0x0000007bb222b9fe
core   0: 0x0000000080004d94 (0x019b983b) sllw    a6, s7, s9
core   0: 1 0x0000000080004d94 (0x019b983b) x16 0xfffffffffffff800
core   0: 0x0000000080004d98 (0x41398dbb) subw    s11, s3, s3
core   0: 1 0x0000000080004d98 (0x41398dbb) x27 0x0000000000000000
core   0: 0x0000000080004d9c (0x01b8023b) addw    tp, a6, s11
core   0: 1 0x0000000080004d9c (0x01b8023b) x4  0xfffffffffffff800
core   0: 0x0000000080004da0 (0x410484bb) subw    s1, s1, a6
core   0: 1 0x0000000080004da0 (0x410484bb) x9  0x0000000000000800
core   0: 0x0000000080004da4 (0x00021693) slli    a3, tp, 0
core   0: 1 0x0000000080004da4 (0x00021693) x13 0xfffffffffffff800
core   0: 0x0000000080004da8 (0x01559ebb) sllw    t4, a1, s5
core   0: 1 0x0000000080004da8 (0x01559ebb) x29 0x0000000000000000
core   0: 0x0000000080004dac (0xc2097053) fcvt.w.d zero, fs2
core   0: 1 0x0000000080004dac (0xc2097053) c1_fflags 0x0000000000000010
core   0: 0x0000000080004db0 (0xd0297453) fcvt.s.l fs0, s2
core   0: 1 0x0000000080004db0 (0xd0297453) c1_fflags 0x0000000000000011 f8  0xffffffff52f76445
core   0: 0x0000000080004db4 (0x4000d0b3) sra     ra, ra, zero
core   0: 1 0x0000000080004db4 (0x4000d0b3) x1  0x0000000000000000
core   0: 0x0000000080004db8 (0xc20ff453) fcvt.w.d s0, ft11
core   0: 1 0x0000000080004db8 (0xc20ff453) c1_fflags 0x0000000000000011 x8  0x000000007fffffff
core   0: 0x0000000080004dbc (0x00f7d7b3) srl     a5, a5, a5
core   0: 1 0x0000000080004dbc (0x00f7d7b3) x15 0x0000000000000000
core   0: 0x0000000080004dc0 (0x401477d3) fcvt.s.d fa5, fs0
core   0: 1 0x0000000080004dc0 (0x401477d3) f15 0xffffffff7fc00000
core   0: 0x0000000080004dc4 (0xd2080153) fcvt.d.w ft2, a6
core   0: 1 0x0000000080004dc4 (0xd2080153) f2  0xc0a0000000000000
core   0: 0x0000000080004dc8 (0xdb689717) auipc   a4, 0xdb689
core   0: 1 0x0000000080004dc8 (0xdb689717) x14 0x000000005b68ddc8
core   0: 0x0000000080004dcc (0xc2177753) fcvt.wu.d a4, fa4
core   0: 1 0x0000000080004dcc (0xc2177753) c1_fflags 0x0000000000000011 x14 0xffffffffffffffff
core   0: 0x0000000080004dd0 (0xbd29c093) xori    ra, s3, -1070
core   0: 1 0x0000000080004dd0 (0xbd29c093) x1  0x800000000000042d
core   0: 0x0000000080004dd4 (0xc5a77c13) andi    s8, a4, -934
core   0: 1 0x0000000080004dd4 (0xc5a77c13) x24 0xfffffffffffffc5a
core   0: 0x0000000080004dd8 (0x00000001) c.nop
core   0: 1 0x0000000080004dd8 (0x0001)
core   0: 0x0000000080004dda (0x00b5a333) slt     t1, a1, a1
core   0: 1 0x0000000080004dda (0x00b5a333) x6  0x0000000000000000
core   0: 0x0000000080004dde (0x0213603b) remw    zero, t1, ra
core   0: 1 0x0000000080004dde (0x0213603b)
core   0: 0x0000000080004de2 (0x033025b3) mulhsu  a1, zero, s3
core   0: 1 0x0000000080004de2 (0x033025b3) x11 0x0000000000000000
core   0: 0x0000000080004de6 (0x002e9ef3) csrrw   t4, frm, t4
core   0: 1 0x0000000080004de6 (0x002e9ef3) x29 0x0000000000000000 c2_frm 0x0000000000000000
core   0: 0x0000000080004dea (0x01f8d81b) srliw   a6, a7, 31
core   0: 1 0x0000000080004dea (0x01f8d81b) x16 0x0000000000000001
core   0: 0x0000000080004dee (0x420600d3) fcvt.d.s ft1, fa2
core   0: 1 0x0000000080004dee (0x420600d3) f1  0x7ff8000000000000
core   0: 0x0000000080004df2 (0xa3fd01d3) fle.d   gp, fs10, ft11
core   0: 1 0x0000000080004df2 (0xa3fd01d3) c1_fflags 0x0000000000000011 x3  0x0000000000000000
core   0: 0x0000000080004df6 (0xf20b87d3) fmv.d.x fa5, s7
core   0: 1 0x0000000080004df6 (0xf20b87d3) f15 0xfffffffffffff800
core   0: 0x0000000080004dfa (0x020542bb) divw    t0, a0, zero
core   0: 1 0x0000000080004dfa (0x020542bb) x5  0xffffffffffffffff
core   0: 0x0000000080004dfe (0xc212f553) fcvt.wu.d a0, ft5
core   0: 1 0x0000000080004dfe (0xc212f553) x10 0x0000000000000000
core   0: 0x0000000080004e02 (0x01b57db3) and     s11, a0, s11
core   0: 1 0x0000000080004e02 (0x01b57db3) x27 0x0000000000000000
core   0: 0x0000000080004e06 (0x40ed573b) sraw    a4, s10, a4
core   0: 1 0x0000000080004e06 (0x40ed573b) x14 0x0000000000000000
core   0: 0x0000000080004e0a (0x00d39893) slli    a7, t2, 13
core   0: 1 0x0000000080004e0a (0x00d39893) x17 0x0000000000000000
core   0: 0x0000000080004e0e (0x418b5ebb) sraw    t4, s6, s8
core   0: 1 0x0000000080004e0e (0x418b5ebb) x29 0x0000000000000000
core   0: 0x0000000080004e12 (0x0ab5f353) fsub.d  ft6, fa1, fa1
core   0: 1 0x0000000080004e12 (0x0ab5f353) f6  0x7ff8000000000000
core   0: 0x0000000080004e16 (0x0103a3b3) slt     t2, t2, a6
core   0: 1 0x0000000080004e16 (0x0103a3b3) x7  0x0000000000000001
core   0: 0x0000000080004e1a (0x413589bb) subw    s3, a1, s3
core   0: 1 0x0000000080004e1a (0x413589bb) x19 0x0000000000000001
core   0: 0x0000000080004e1e (0x5b89714f) fnmadd.d ft2, fs2, fs8, fa1
core   0: 1 0x0000000080004e1e (0x5b89714f) f2  0x7ff8000000000000
core   0: 0x0000000080004e22 (0xd2028f53) fcvt.d.w ft10, t0
core   0: 1 0x0000000080004e22 (0xd2028f53) f30 0xbff0000000000000
core   0: 0x0000000080004e26 (0xc2277c53) fcvt.l.d s8, fa4
core   0: 1 0x0000000080004e26 (0xc2277c53) c1_fflags 0x0000000000000011 x24 0x7fffffffffffffff
core   0: 0x0000000080004e2a (0x000c109b) slliw   ra, s8, 0
core   0: 1 0x0000000080004e2a (0x000c109b) x1  0xffffffffffffffff
core   0: 0x0000000080004e2e (0x0117c333) xor     t1, a5, a7
core   0: 1 0x0000000080004e2e (0x0117c333) x6  0x0000000000000000
core   0: 0x0000000080004e32 (0x0ae57bd3) fsub.d  fs7, fa0, fa4
core   0: 1 0x0000000080004e32 (0x0ae57bd3) f23 0x7ff8000000000000
core   0: 0x0000000080004e36 (0x002026f3) csrrs   a3, frm, zero
core   0: 1 0x0000000080004e36 (0x002026f3) x13 0x0000000000000000
core   0: 0x0000000080004e3a (0x01c82e33) slt     t3, a6, t3
core   0: 1 0x0000000080004e3a (0x01c82e33) x28 0x0000000000000000
core   0: 0x0000000080004e3e (0x016ec533) xor     a0, t4, s6
core   0: 1 0x0000000080004e3e (0x016ec533) x10 0x0000000000000000
core   0: 0x0000000080004e42 (0x00ce2633) slt     a2, t3, a2
core   0: 1 0x0000000080004e42 (0x00ce2633) x12 0x0000000000000001
core   0: 0x0000000080004e46 (0xd226f953) fcvt.d.l fs2, a3
core   0: 1 0x0000000080004e46 (0xd226f953) f18 0x0000000000000000
core   0: 0x0000000080004e4a (0x00202273) csrrs   tp, frm, zero
core   0: 1 0x0000000080004e4a (0x00202273) x4  0x0000000000000000
core   0: 0x0000000080004e4e (0xdbfbc997) auipc   s3, 0xdbfbc
core   0: 1 0x0000000080004e4e (0xdbfbc997) x19 0x000000005bfc0e4e
core   0: 0x0000000080004e52 (0x5a08f253) fsqrt.d ft4, fa7
core   0: 1 0x0000000080004e52 (0x5a08f253) f4  0x7ff8000000000000
core   0: 0x0000000080004e56 (0x02f28b33) mul     s6, t0, a5
core   0: 1 0x0000000080004e56 (0x02f28b33) x22 0x0000000000000000
core   0: 0x0000000080004e5a (0x00131193) slli    gp, t1, 1
core   0: 1 0x0000000080004e5a (0x00131193) x3  0x0000000000000000
core   0: 0x0000000080004e5e (0x029bf2d3) fadd.d  ft5, fs7, fs1
core   0: 1 0x0000000080004e5e (0x029bf2d3) f5  0x7ff8000000000000
core   0: 0x0000000080004e62 (0x02a1c53b) divw    a0, gp, a0
core   0: 1 0x0000000080004e62 (0x02a1c53b) x10 0xffffffffffffffff
core   0: 0x0000000080004e66 (0x8313f84f) fnmadd.d fa6, ft7, fa7, fa6
core   0: 1 0x0000000080004e66 (0x8313f84f) f16 0x7ff8000000000000
core   0: 0x0000000080004e6a (0xc03bf8d3) fcvt.lu.s a7, fs7
core   0: 1 0x0000000080004e6a (0xc03bf8d3) c1_fflags 0x0000000000000011 x17 0xffffffffffffffff
core   0: 0x0000000080004e6e (0xe20805d3) fmv.x.d a1, fa6
core   0: 1 0x0000000080004e6e (0xe20805d3) x11 0x7ff8000000000000
core   0: 0x0000000080004e72 (0xefb94d93) xori    s11, s2, -261
core   0: 1 0x0000000080004e72 (0xefb94d93) x27 0xffffff844ddd4705
core   0: 0x0000000080004e76 (0x413203bb) subw    t2, tp, s3
core   0: 1 0x0000000080004e76 (0x413203bb) x7  0xffffffffa403f1b2
core   0: 0x0000000080004e7a (0x02629833) mulh    a6, t0, t1
core   0: 1 0x0000000080004e7a (0x02629833) x16 0x0000000000000000
core   0: 0x0000000080004e7e (0x0264e43b) remw    s0, s1, t1
core   0: 1 0x0000000080004e7e (0x0264e43b) x8  0x0000000000000800
core   0: 0x0000000080004e82 (0x00000001) c.nop
core   0: 1 0x0000000080004e82 (0x0001)
core   0: 0x0000000080004e84 (0x0104ce33) xor     t3, s1, a6
core   0: 1 0x0000000080004e84 (0x0104ce33) x28 0x0000000000000800
core   0: 0x0000000080004e88 (0xd024fdd3) fcvt.s.l fs11, s1
core   0: 1 0x0000000080004e88 (0xd024fdd3) f27 0xffffffff45000000
core   0: 0x0000000080004e8c (0xc2057b53) fcvt.w.d s6, fa0
core   0: 1 0x0000000080004e8c (0xc2057b53) x22 0xffffffffb222b9fe
core   0: 0x0000000080004e90 (0x011b47b3) xor     a5, s6, a7
core   0: 1 0x0000000080004e90 (0x011b47b3) x15 0x000000004ddd4601
core   0: 0x0000000080004e94 (0xc817baf3) csrrc   s5, timeh, a5
core   0: exception trap_illegal_instruction, epc 0x0000000080004e94
core   0:           tval 0x00000000c817baf3
core   0: >>>>  $xrv64i2p1_m2p0_a2p1_f2p2_d2p2_zicsr2p0_zifencei2p0_zmmul1p0_zba1p0_zbb1p0_zbc1p0_zbs1p0
core   0: 0x0000000080004000 (0x0080006f) j       pc + 0x8
core   0: 3 0x0000000080004000 (0x0080006f)
core   0: >>>>  mmode_exception_handler
core   0: 0x0000000080004008 (0x00002c17) auipc   s8, 0x2
core   0: 3 0x0000000080004008 (0x00002c17) x24 0x0000000080006008
core   0: 0x000000008000400c (0x08ac0c13) addi    s8, s8, 138
core   0: 3 0x000000008000400c (0x08ac0c13) x24 0x0000000080006092
core   0: 0x0000000080004010 (0x000c00e7) jalr    s8
core   0: 3 0x0000000080004010 (0x000c00e7) x1  0x0000000080004014
core   0: >>>>  any_handler
core   0: 0x0000000080006092 (0x341027f3) csrrs   a5, mepc, zero
core   0: 3 0x0000000080006092 (0x341027f3) x15 0x0000000080004e94
core   0: 0x0000000080006096 (0x34202773) csrrs   a4, mcause, zero
core   0: 3 0x0000000080006096 (0x34202773) x14 0x0000000000000002
core   0: 0x000000008000609a (0x142026f3) csrrs   a3, scause, zero
core   0: 3 0x000000008000609a (0x142026f3) x13 0x0000000000000019
core   0: 0x000000008000609e (0x30402673) csrrs   a2, mie, zero
core   0: 3 0x000000008000609e (0x30402673) x12 0x0000000000000a00
core   0: 0x00000000800060a2 (0x344025f3) csrrs   a1, mip, zero
core   0: 3 0x00000000800060a2 (0x344025f3) x11 0x0000000000000080
core   0: 0x00000000800060a6 (0x343025f3) csrrs   a1, mtval, zero
core   0: 3 0x00000000800060a6 (0x343025f3) x11 0x00000000c817baf3
core   0: 0x00000000800060aa (0x14302573) csrrs   a0, stval, zero
core   0: 3 0x00000000800060aa (0x14302573) x10 0x000000000000001b
core   0: 0x00000000800060ae (0xb02024f3) csrrs   s1, minstret, zero
core   0: 3 0x00000000800060ae (0xb02024f3) x9  0x0000000000000c85
core   0: 0x00000000800060b2 (0x0000a811) c.j     pc + 20
core   0: 3 0x00000000800060b2 (0xa811)
core   0: >>>>  mepc_4
core   0: 0x00000000800060c6 (0x00000791) c.addi  a5, 4
core   0: 3 0x00000000800060c6 (0x0791) x15 0x0000000080004e98
core   0: 0x00000000800060c8 (0x34179073) csrrw   zero, mepc, a5
core   0: 3 0x00000000800060c8 (0x34179073) c833_mepc 0x0000000080004e98
core   0: 0x00000000800060cc (0x30200073) mret
core   0: 3 0x00000000800060cc (0x30200073) c768_mstatus 0x8000000a001c61a2
core   0: 0x0000000080004e98 (0x01579233) sll     tp, a5, s5
core   0: 1 0x0000000080004e98 (0x01579233) x4  0x0000000080004e98
core   0: 0x0000000080004e9c (0x420600d3) fcvt.d.s ft1, fa2
core   0: 1 0x0000000080004e9c (0x420600d3) f1  0x7ff8000000000000
core   0: 0x0000000080004ea0 (0xa20e8753) fle.d   a4, ft9, ft0
core   0: 1 0x0000000080004ea0 (0xa20e8753) x14 0x0000000000000001
core   0: 0x0000000080004ea4 (0x005714bb) sllw    s1, a4, t0
core   0: 1 0x0000000080004ea4 (0x005714bb) x9  0xffffffff80000000
core   0: 0x0000000080004ea8 (0x00000001) c.nop
core   0: 1 0x0000000080004ea8 (0x0001)
core   0: 0x0000000080004eaa (0x03925b33) divu    s6, tp, s9
core   0: 1 0x0000000080004eaa (0x03925b33) x22 0xffffffffffffffff
core   0: 0x0000000080004eae (0xfc93e8b7) lui     a7, 0xfc93e
core   0: 1 0x0000000080004eae (0xfc93e8b7) x17 0xfffffffffc93e000
core   0: 0x0000000080004eb2 (0x1238889b) addiw   a7, a7, 291
core   0: 1 0x0000000080004eb2 (0x1238889b) x17 0xfffffffffc93e123
core   0: 0x0000000080004eb6 (0x000008b2) c.slli  a7, 12
core   0: 1 0x0000000080004eb6 (0x08b2) x17 0xffffffc93e123000
core   0: 0x0000000080004eb8 (0xc9588893) addi    a7, a7, -875
core   0: 1 0x0000000080004eb8 (0xc9588893) x17 0xffffffc93e122c95
core   0: 0x0000000080004ebc (0xd23dfdd3) fcvt.d.lu fs11, s11
core   0: 1 0x0000000080004ebc (0xd23dfdd3) c1_fflags 0x0000000000000011 f27 0x43effffff089bba9
core   0: 0x0000000080004ec0 (0xf2088053) fmv.d.x ft0, a7
core   0: 1 0x0000000080004ec0 (0xf2088053) f0  0xffffffc93e122c95
core   0: 0x0000000080004ec4 (0x03c37cb3) remu    s9, t1, t3
core   0: 1 0x0000000080004ec4 (0x03c37cb3) x25 0x0000000000000000
core   0: 0x0000000080004ec8 (0x00d6f8b3) and     a7, a3, a3
core   0: 1 0x0000000080004ec8 (0x00d6f8b3) x17 0x0000000000000019
core   0: 0x0000000080004ecc (0x7ff8f993) andi    s3, a7, 2047
core   0: 1 0x0000000080004ecc (0x7ff8f993) x19 0x0000000000000019
core   0: 0x0000000080004ed0 (0xc0c76893) ori     a7, a4, -1012
core   0: 1 0x0000000080004ed0 (0xc0c76893) x17 0xfffffffffffffc0d
core   0: 0x0000000080004ed4 (0x4111d4bb) sraw    s1, gp, a7
core   0: 1 0x0000000080004ed4 (0x4111d4bb) x9  0x0000000000000000
core   0: 0x0000000080004ed8 (0x03f4d513) srli    a0, s1, 63
core   0: 1 0x0000000080004ed8 (0x03f4d513) x10 0x0000000000000000
core   0: 0x0000000080004edc (0x00159073) csrrw   zero, fflags, a1
core   0: 1 0x0000000080004edc (0x00159073) c1_fflags 0x0000000000000013
core   0: 0x0000000080004ee0 (0xfdd459b7) lui     s3, 0xfdd45
core   0: 1 0x0000000080004ee0 (0xfdd459b7) x19 0xfffffffffdd45000
core   0: 0x0000000080004ee4 (0xb7b9899b) addiw   s3, s3, -1157
core   0: 1 0x0000000080004ee4 (0xb7b9899b) x19 0xfffffffffdd44b7b
core   0: 0x0000000080004ee8 (0x000009b2) c.slli  s3, 12
core   0: 1 0x0000000080004ee8 (0x09b2) x19 0xffffffdd44b7b000
core   0: 0x0000000080004eea (0x000019b1) c.addi  s3, -20
core   0: 1 0x0000000080004eea (0x19b1) x19 0xffffffdd44b7afec
core   0: 0x0000000080004eec (0x402656b3) sra     a3, a2, sp
core   0: 1 0x0000000080004eec (0x402656b3) x13 0x0000000000000a00
core   0: 0x0000000080004ef0 (0x43775193) srai    gp, a4, 55
core   0: 1 0x0000000080004ef0 (0x43775193) x3  0x0000000000000000
core   0: 0x0000000080004ef4 (0xf2090953) fmv.d.x fs2, s2
core   0: 1 0x0000000080004ef4 (0xf2090953) f18 0x0000007bb222b9fe
core   0: 0x0000000080004ef8 (0x10607073) csrrci  zero, scounteren, 0
core   0: 1 0x0000000080004ef8 (0x10607073)
core   0: 0x0000000080004efc (0x22c625d3) fsgnjx.d fa1, fa2, fa2
core   0: 1 0x0000000080004efc (0x22c625d3) f11 0x7ff8000000000000
core   0: 0x0000000080004f00 (0xa36f0d53) fle.d   s10, ft10, fs6
core   0: 1 0x0000000080004f00 (0xa36f0d53) c1_fflags 0x0000000000000013 x26 0x0000000000000000
core   0: 0x0000000080004f04 (0x5a067353) fsqrt.d ft6, fa2
core   0: 1 0x0000000080004f04 (0x5a067353) f6  0x7ff8000000000000
core   0: 0x0000000080004f08 (0xe20916d3) fclass.d a3, fs2
core   0: 1 0x0000000080004f08 (0xe20916d3) x13 0x0000000000000020
core   0: 0x0000000080004f0c (0x2378aad3) fsgnjx.d fs5, fa7, fs7
core   0: 1 0x0000000080004f0c (0x2378aad3) f21 0x7ff8000000000000
core   0: 0x0000000080004f10 (0x03b6fcbb) remuw   s9, a3, s11
core   0: 1 0x0000000080004f10 (0x03b6fcbb) x25 0x0000000000000020
core   0: 0x0000000080004f14 (0x0a31f8d3) fsub.d  fa7, ft3, ft3
core   0: 1 0x0000000080004f14 (0x0a31f8d3) f17 0x7ff8000000000000
core   0: 0x0000000080004f18 (0x2d16f193) andi    gp, a3, 721
core   0: 1 0x0000000080004f18 (0x2d16f193) x3  0x0000000000000000
core   0: 0x0000000080004f1c (0x9e8d0113) addi    sp, s10, -1560
core   0: 1 0x0000000080004f1c (0x9e8d0113) x2  0xfffffffffffff9e8
core   0: 0x0000000080004f20 (0x039ca2b3) mulhsu  t0, s9, s9
core   0: 1 0x0000000080004f20 (0x039ca2b3) x5  0x0000000000000000
core   0: 0x0000000080004f24 (0xc219f253) fcvt.wu.d tp, fs3
core   0: 1 0x0000000080004f24 (0xc219f253) c1_fflags 0x0000000000000013 x4  0xffffffffffffffff
core   0: 0x0000000080004f28 (0x231727d3) fsgnjx.d fa5, fa4, fa7
core   0: 1 0x0000000080004f28 (0x231727d3) f15 0xffffffff5f800000
core   0: 0x0000000080004f2c (0x00000001) c.nop
core   0: 1 0x0000000080004f2c (0x0001)
core   0: 0x0000000080004f2e (0x0b1176d3) fsub.d  fa3, ft2, fa7
core   0: 1 0x0000000080004f2e (0x0b1176d3) f13 0x7ff8000000000000
core   0: 0x0000000080004f32 (0x80026893) ori     a7, tp, -2048
core   0: 1 0x0000000080004f32 (0x80026893) x17 0xffffffffffffffff
core   0: 0x0000000080004f36 (0xd20e0953) fcvt.d.w fs2, t3
core   0: 1 0x0000000080004f36 (0xd20e0953) f18 0x40a0000000000000
core   0: 0x0000000080004f3a (0x018922b3) slt     t0, s2, s8
core   0: 1 0x0000000080004f3a (0x018922b3) x5  0x0000000000000000
core   0: 0x0000000080004f3e (0x1273f3d3) fmul.d  ft7, ft7, ft7
core   0: 1 0x0000000080004f3e (0x1273f3d3) f7  0x7ff8000000000000
core   0: 0x0000000080004f42 (0xffb13137) lui     sp, 0xffb13
core   0: 1 0x0000000080004f42 (0xffb13137) x2  0xffffffffffb13000
core   0: 0x0000000080004f46 (0xf211011b) addiw   sp, sp, -223
core   0: 1 0x0000000080004f46 (0xf211011b) x2  0xffffffffffb12f21
core   0: 0x0000000080004f4a (0x0000013e) c.slli  sp, 15
core   0: 1 0x0000000080004f4a (0x013e) x2  0xffffffd897908000
core   0: 0x0000000080004f4c (0x4b510113) addi    sp, sp, 1205
core   0: 1 0x0000000080004f4c (0x4b510113) x2  0xffffffd8979084b5
core   0: 0x0000000080004f50 (0xa3820353) fle.d   t1, ft4, fs8
core   0: 1 0x0000000080004f50 (0xa3820353) c1_fflags 0x0000000000000013 x6  0x0000000000000000
core   0: 0x0000000080004f54 (0xf8381eb7) lui     t4, 0xf8381
core   0: 1 0x0000000080004f54 (0xf8381eb7) x29 0xfffffffff8381000
core   0: 0x0000000080004f58 (0xdafe8e9b) addiw   t4, t4, -593
core   0: 1 0x0000000080004f58 (0xdafe8e9b) x29 0xfffffffff8380daf
core   0: 0x0000000080004f5c (0x00000eb2) c.slli  t4, 12
core   0: 1 0x0000000080004f5c (0x0eb2) x29 0xffffff8380daf000
core   0: 0x0000000080004f5e (0x409e8e93) addi    t4, t4, 1033
core   0: 1 0x0000000080004f5e (0x409e8e93) x29 0xffffff8380daf409
core   0: 0x0000000080004f62 (0xd2130153) fcvt.d.wu ft2, t1
core   0: 1 0x0000000080004f62 (0xd2130153) f2  0x0000000000000000
core   0: 0x0000000080004f66 (0x0039e9b3) or      s3, s3, gp
core   0: 1 0x0000000080004f66 (0x0039e9b3) x19 0xffffffdd44b7afec
core   0: 0x0000000080004f6a (0x5a00f7d3) fsqrt.d fa5, ft1
core   0: 1 0x0000000080004f6a (0x5a00f7d3) f15 0x7ff8000000000000
core   0: 0x0000000080004f6e (0x224ff24f) fnmadd.d ft4, ft11, ft4, ft4
core   0: 1 0x0000000080004f6e (0x224ff24f) f4  0x7ff8000000000000
core   0: 0x0000000080004f72 (0x43fbdb93) srai    s7, s7, 63
core   0: 1 0x0000000080004f72 (0x43fbdb93) x23 0xffffffffffffffff
core   0: 0x0000000080004f76 (0x134d73d3) fmul.d  ft7, fs10, fs4
core   0: 1 0x0000000080004f76 (0x134d73d3) f7  0x7ff8000000000000
core   0: 0x0000000080004f7a (0x017ad533) srl     a0, s5, s7
core   0: 1 0x0000000080004f7a (0x017ad533) x10 0x0000000000000001
core   0: 0x0000000080004f7e (0x0159043b) addw    s0, s2, s5
core   0: 1 0x0000000080004f7e (0x0159043b) x8  0xffffffffb222a9fe
core   0: 0x0000000080004f82 (0x2249fc43) fmadd.d fs8, fs3, ft4, ft4
core   0: 1 0x0000000080004f82 (0x2249fc43) f24 0x7ff8000000000000
core   0: 0x0000000080004f86 (0x2b221bd3) fmax.d  fs7, ft4, fs2
core   0: 1 0x0000000080004f86 (0x2b221bd3) f23 0x40a0000000000000
core   0: 0x0000000080004f8a (0x00d2aab3) slt     s5, t0, a3
core   0: 1 0x0000000080004f8a (0x00d2aab3) x21 0x0000000000000001
core   0: 0x0000000080004f8e (0x132ffad3) fmul.d  fs5, ft11, fs2
core   0: 1 0x0000000080004f8e (0x132ffad3) f21 0x7ff8000000000000
core   0: 0x0000000080004f92 (0xc213f253) fcvt.wu.d tp, ft7
core   0: 1 0x0000000080004f92 (0xc213f253) c1_fflags 0x0000000000000013 x4  0xffffffffffffffff
core   0: 0x0000000080004f96 (0xc213f453) fcvt.wu.d s0, ft7
core   0: 1 0x0000000080004f96 (0xc213f453) c1_fflags 0x0000000000000013 x8  0xffffffffffffffff
core   0: 0x0000000080004f9a (0xe20c0cd3) fmv.x.d s9, fs8
core   0: 1 0x0000000080004f9a (0xe20c0cd3) x25 0x7ff8000000000000
core   0: 0x0000000080004f9e (0xd23d7a53) fcvt.d.lu fs4, s10
core   0: 1 0x0000000080004f9e (0xd23d7a53) f20 0x0000000000000000
core   0: 0x0000000080004fa2 (0x2a8b9bd3) fmax.d  fs7, fs7, fs0
core   0: 1 0x0000000080004fa2 (0x2a8b9bd3) f23 0x40a0000000000000
core   0: 0x0000000080004fa6 (0x0124073b) addw    a4, s0, s2
core   0: 1 0x0000000080004fa6 (0x0124073b) x14 0xffffffffb222b9fd
core   0: 0x0000000080004faa (0x00000001) c.nop
core   0: 1 0x0000000080004faa (0x0001)
core   0: 0x0000000080004fac (0xd03cf853) fcvt.s.lu fa6, s9
core   0: 1 0x0000000080004fac (0xd03cf853) f16 0xffffffff5efff000
core   0: 0x0000000080004fb0 (0x4019581b) sraiw   a6, s2, 1
core   0: 1 0x0000000080004fb0 (0x4019581b) x16 0xffffffffd9115cff
core   0: 0x0000000080004fb4 (0x00f9da13) srli    s4, s3, 15
core   0: 1 0x0000000080004fb4 (0x00f9da13) x20 0x0001ffffffba896f
core   0: 0x0000000080004fb8 (0x00281573) csrrw   a0, frm, a6
core   0: 1 0x0000000080004fb8 (0x00281573) x10 0x0000000000000000 c2_frm 0x0000000000000007
core   0: 0x0000000080004fbc (0x010e1b1b) slliw   s6, t3, 16
core   0: 1 0x0000000080004fbc (0x010e1b1b) x22 0x0000000008000000
core   0: 0x0000000080004fc0 (0x41668233) sub     tp, a3, s6
core   0: 1 0x0000000080004fc0 (0x41668233) x4  0xfffffffff8000020
core   0: 0x0000000080004fc4 (0x0264fdd3) fadd.d  fs11, fs1, ft6
core   0: exception trap_illegal_instruction, epc 0x0000000080004fc4
core   0:           tval 0x000000000264fdd3
core   0: >>>>  $xrv64i2p1_m2p0_a2p1_f2p2_d2p2_zicsr2p0_zifencei2p0_zmmul1p0_zba1p0_zbb1p0_zbc1p0_zbs1p0
core   0: 0x0000000080004000 (0x0080006f) j       pc + 0x8
core   0: 3 0x0000000080004000 (0x0080006f)
core   0: >>>>  mmode_exception_handler
core   0: 0x0000000080004008 (0x00002c17) auipc   s8, 0x2
core   0: 3 0x0000000080004008 (0x00002c17) x24 0x0000000080006008
core   0: 0x000000008000400c (0x08ac0c13) addi    s8, s8, 138
core   0: 3 0x000000008000400c (0x08ac0c13) x24 0x0000000080006092
core   0: 0x0000000080004010 (0x000c00e7) jalr    s8
core   0: 3 0x0000000080004010 (0x000c00e7) x1  0x0000000080004014
core   0: >>>>  any_handler
core   0: 0x0000000080006092 (0x341027f3) csrrs   a5, mepc, zero
core   0: 3 0x0000000080006092 (0x341027f3) x15 0x0000000080004fc4
core   0: 0x0000000080006096 (0x34202773) csrrs   a4, mcause, zero
core   0: 3 0x0000000080006096 (0x34202773) x14 0x0000000000000002
core   0: 0x000000008000609a (0x142026f3) csrrs   a3, scause, zero
core   0: 3 0x000000008000609a (0x142026f3) x13 0x0000000000000019
core   0: 0x000000008000609e (0x30402673) csrrs   a2, mie, zero
core   0: 3 0x000000008000609e (0x30402673) x12 0x0000000000000a00
core   0: 0x00000000800060a2 (0x344025f3) csrrs   a1, mip, zero
core   0: 3 0x00000000800060a2 (0x344025f3) x11 0x0000000000000080
core   0: 0x00000000800060a6 (0x343025f3) csrrs   a1, mtval, zero
core   0: 3 0x00000000800060a6 (0x343025f3) x11 0x000000000264fdd3
core   0: 0x00000000800060aa (0x14302573) csrrs   a0, stval, zero
core   0: 3 0x00000000800060aa (0x14302573) x10 0x000000000000001b
core   0: 0x00000000800060ae (0xb02024f3) csrrs   s1, minstret, zero
core   0: 3 0x00000000800060ae (0xb02024f3) x9  0x0000000000000ce4
core   0: 0x00000000800060b2 (0x0000a811) c.j     pc + 20
core   0: 3 0x00000000800060b2 (0xa811)
core   0: >>>>  mepc_4
core   0: 0x00000000800060c6 (0x00000791) c.addi  a5, 4
core   0: 3 0x00000000800060c6 (0x0791) x15 0x0000000080004fc8
core   0: 0x00000000800060c8 (0x34179073) csrrw   zero, mepc, a5
core   0: 3 0x00000000800060c8 (0x34179073) c833_mepc 0x0000000080004fc8
core   0: 0x00000000800060cc (0x30200073) mret
core   0: 3 0x00000000800060cc (0x30200073) c768_mstatus 0x8000000a001c61a2
core   0: 0x0000000080004fc8 (0x4d207997) auipc   s3, 0x4d207
core   0: 1 0x0000000080004fc8 (0x4d207997) x19 0x00000000cd20bfc8
core   0: 0x0000000080004fcc (0x0246f6b3) remu    a3, a3, tp
core   0: 1 0x0000000080004fcc (0x0246f6b3) x13 0x0000000000000019
core   0: 0x0000000080004fd0 (0x001c549b) srliw   s1, s8, 1
core   0: 1 0x0000000080004fd0 (0x001c549b) x9  0x0000000040003049
core   0: 0x0000000080004fd4 (0x2b2d07d3) fmin.d  fa5, fs10, fs2
core   0: 1 0x0000000080004fd4 (0x2b2d07d3) f15 0x40a0000000000000
core   0: 0x0000000080004fd8 (0x1bfef4d3) fdiv.d  fs1, ft9, ft11
core   0: exception trap_illegal_instruction, epc 0x0000000080004fd8
core   0:           tval 0x000000001bfef4d3
core   0: >>>>  $xrv64i2p1_m2p0_a2p1_f2p2_d2p2_zicsr2p0_zifencei2p0_zmmul1p0_zba1p0_zbb1p0_zbc1p0_zbs1p0
core   0: 0x0000000080004000 (0x0080006f) j       pc + 0x8
core   0: 3 0x0000000080004000 (0x0080006f)
core   0: >>>>  mmode_exception_handler
core   0: 0x0000000080004008 (0x00002c17) auipc   s8, 0x2
core   0: 3 0x0000000080004008 (0x00002c17) x24 0x0000000080006008
core   0: 0x000000008000400c (0x08ac0c13) addi    s8, s8, 138
core   0: 3 0x000000008000400c (0x08ac0c13) x24 0x0000000080006092
core   0: 0x0000000080004010 (0x000c00e7) jalr    s8
core   0: 3 0x0000000080004010 (0x000c00e7) x1  0x0000000080004014
core   0: >>>>  any_handler
core   0: 0x0000000080006092 (0x341027f3) csrrs   a5, mepc, zero
core   0: 3 0x0000000080006092 (0x341027f3) x15 0x0000000080004fd8
core   0: 0x0000000080006096 (0x34202773) csrrs   a4, mcause, zero
core   0: 3 0x0000000080006096 (0x34202773) x14 0x0000000000000002
core   0: 0x000000008000609a (0x142026f3) csrrs   a3, scause, zero
core   0: 3 0x000000008000609a (0x142026f3) x13 0x0000000000000019
core   0: 0x000000008000609e (0x30402673) csrrs   a2, mie, zero
core   0: 3 0x000000008000609e (0x30402673) x12 0x0000000000000a00
core   0: 0x00000000800060a2 (0x344025f3) csrrs   a1, mip, zero
core   0: 3 0x00000000800060a2 (0x344025f3) x11 0x0000000000000080
core   0: 0x00000000800060a6 (0x343025f3) csrrs   a1, mtval, zero
core   0: 3 0x00000000800060a6 (0x343025f3) x11 0x000000001bfef4d3
core   0: 0x00000000800060aa (0x14302573) csrrs   a0, stval, zero
core   0: 3 0x00000000800060aa (0x14302573) x10 0x000000000000001b
core   0: 0x00000000800060ae (0xb02024f3) csrrs   s1, minstret, zero
core   0: 3 0x00000000800060ae (0xb02024f3) x9  0x0000000000000cf8
core   0: 0x00000000800060b2 (0x0000a811) c.j     pc + 20
core   0: 3 0x00000000800060b2 (0xa811)
core   0: >>>>  mepc_4
core   0: 0x00000000800060c6 (0x00000791) c.addi  a5, 4
core   0: 3 0x00000000800060c6 (0x0791) x15 0x0000000080004fdc
core   0: 0x00000000800060c8 (0x34179073) csrrw   zero, mepc, a5
core   0: 3 0x00000000800060c8 (0x34179073) c833_mepc 0x0000000080004fdc
core   0: 0x00000000800060cc (0x30200073) mret
core   0: 3 0x00000000800060cc (0x30200073) c768_mstatus 0x8000000a001c61a2
core   0: 0x0000000080004fdc (0x001e189b) slliw   a7, t3, 1
core   0: 1 0x0000000080004fdc (0x001e189b) x17 0x0000000000001000
core   0: 0x0000000080004fe0 (0x00d1173b) sllw    a4, sp, a3
core   0: 1 0x0000000080004fe0 (0x00d1173b) x14 0x000000006a000000
core   0: 0x0000000080004fe4 (0x793fe337) lui     t1, 0x793fe
core   0: 1 0x0000000080004fe4 (0x793fe337) x6  0x00000000793fe000
core   0: 0x0000000080004fe8 (0x003923b3) slt     t2, s2, gp
core   0: 1 0x0000000080004fe8 (0x003923b3) x7  0x0000000000000000
core   0: 0x0000000080004fec (0x02b8f833) remu    a6, a7, a1
core   0: 1 0x0000000080004fec (0x02b8f833) x16 0x0000000000001000
core   0: 0x0000000080004ff0 (0x01101237) lui     tp, 0x1101
core   0: 1 0x0000000080004ff0 (0x01101237) x4  0x0000000001101000
core   0: 0x0000000080004ff4 (0x09d2021b) addiw   tp, tp, 157
core   0: 1 0x0000000080004ff4 (0x09d2021b) x4  0x000000000110109d
core   0: 0x0000000080004ff8 (0x0000023a) c.slli  tp, 14
core   0: 1 0x0000000080004ff8 (0x023a) x4  0x0000004404274000
core   0: 0x0000000080004ffa (0xd7a20213) addi    tp, tp, -646
core   0: 1 0x0000000080004ffa (0xd7a20213) x4  0x0000004404273d7a
core   0: 0x0000000080004ffe (0xfad7fb4b) fnmsub.d fs6, fa5, fa3, ft11
core   0: exception trap_illegal_instruction, epc 0x0000000080004ffe
core   0:           tval 0x00000000fad7fb4b
core   0: >>>>  $xrv64i2p1_m2p0_a2p1_f2p2_d2p2_zicsr2p0_zifencei2p0_zmmul1p0_zba1p0_zbb1p0_zbc1p0_zbs1p0
core   0: 0x0000000080004000 (0x0080006f) j       pc + 0x8
core   0: 3 0x0000000080004000 (0x0080006f)
core   0: >>>>  mmode_exception_handler
core   0: 0x0000000080004008 (0x00002c17) auipc   s8, 0x2
core   0: 3 0x0000000080004008 (0x00002c17) x24 0x0000000080006008
core   0: 0x000000008000400c (0x08ac0c13) addi    s8, s8, 138
core   0: 3 0x000000008000400c (0x08ac0c13) x24 0x0000000080006092
core   0: 0x0000000080004010 (0x000c00e7) jalr    s8
core   0: 3 0x0000000080004010 (0x000c00e7) x1  0x0000000080004014
core   0: >>>>  any_handler
core   0: 0x0000000080006092 (0x341027f3) csrrs   a5, mepc, zero
core   0: 3 0x0000000080006092 (0x341027f3) x15 0x0000000080004ffe
core   0: 0x0000000080006096 (0x34202773) csrrs   a4, mcause, zero
core   0: 3 0x0000000080006096 (0x34202773) x14 0x0000000000000002
core   0: 0x000000008000609a (0x142026f3) csrrs   a3, scause, zero
core   0: 3 0x000000008000609a (0x142026f3) x13 0x0000000000000019
core   0: 0x000000008000609e (0x30402673) csrrs   a2, mie, zero
core   0: 3 0x000000008000609e (0x30402673) x12 0x0000000000000a00
core   0: 0x00000000800060a2 (0x344025f3) csrrs   a1, mip, zero
core   0: 3 0x00000000800060a2 (0x344025f3) x11 0x0000000000000080
core   0: 0x00000000800060a6 (0x343025f3) csrrs   a1, mtval, zero
core   0: 3 0x00000000800060a6 (0x343025f3) x11 0x00000000fad7fb4b
core   0: 0x00000000800060aa (0x14302573) csrrs   a0, stval, zero
core   0: 3 0x00000000800060aa (0x14302573) x10 0x000000000000001b
core   0: 0x00000000800060ae (0xb02024f3) csrrs   s1, minstret, zero
core   0: 3 0x00000000800060ae (0xb02024f3) x9  0x0000000000000d11
core   0: 0x00000000800060b2 (0x0000a811) c.j     pc + 20
core   0: 3 0x00000000800060b2 (0xa811)
core   0: >>>>  mepc_4
core   0: 0x00000000800060c6 (0x00000791) c.addi  a5, 4
core   0: 3 0x00000000800060c6 (0x0791) x15 0x0000000080005002
core   0: 0x00000000800060c8 (0x34179073) csrrw   zero, mepc, a5
core   0: 3 0x00000000800060c8 (0x34179073) c833_mepc 0x0000000080005002
core   0: 0x00000000800060cc (0x30200073) mret
core   0: 3 0x00000000800060cc (0x30200073) c768_mstatus 0x8000000a001c61a2
core   0: 0x0000000080005002 (0x00cd853b) addw    a0, s11, a2
core   0: 1 0x0000000080005002 (0x00cd853b) x10 0x000000004ddd5105
core   0: 0x0000000080005006 (0x036c73d3) fadd.d  ft7, fs8, fs6
core   0: exception trap_illegal_instruction, epc 0x0000000080005006
core   0:           tval 0x00000000036c73d3
core   0: >>>>  $xrv64i2p1_m2p0_a2p1_f2p2_d2p2_zicsr2p0_zifencei2p0_zmmul1p0_zba1p0_zbb1p0_zbc1p0_zbs1p0
core   0: 0x0000000080004000 (0x0080006f) j       pc + 0x8
core   0: 3 0x0000000080004000 (0x0080006f)
core   0: >>>>  mmode_exception_handler
core   0: 0x0000000080004008 (0x00002c17) auipc   s8, 0x2
core   0: 3 0x0000000080004008 (0x00002c17) x24 0x0000000080006008
core   0: 0x000000008000400c (0x08ac0c13) addi    s8, s8, 138
core   0: 3 0x000000008000400c (0x08ac0c13) x24 0x0000000080006092
core   0: 0x0000000080004010 (0x000c00e7) jalr    s8
core   0: 3 0x0000000080004010 (0x000c00e7) x1  0x0000000080004014
core   0: >>>>  any_handler
core   0: 0x0000000080006092 (0x341027f3) csrrs   a5, mepc, zero
core   0: 3 0x0000000080006092 (0x341027f3) x15 0x0000000080005006
core   0: 0x0000000080006096 (0x34202773) csrrs   a4, mcause, zero
core   0: 3 0x0000000080006096 (0x34202773) x14 0x0000000000000002
core   0: 0x000000008000609a (0x142026f3) csrrs   a3, scause, zero
core   0: 3 0x000000008000609a (0x142026f3) x13 0x0000000000000019
core   0: 0x000000008000609e (0x30402673) csrrs   a2, mie, zero
core   0: 3 0x000000008000609e (0x30402673) x12 0x0000000000000a00
core   0: 0x00000000800060a2 (0x344025f3) csrrs   a1, mip, zero
core   0: 3 0x00000000800060a2 (0x344025f3) x11 0x0000000000000080
core   0: 0x00000000800060a6 (0x343025f3) csrrs   a1, mtval, zero
core   0: 3 0x00000000800060a6 (0x343025f3) x11 0x00000000036c73d3
core   0: 0x00000000800060aa (0x14302573) csrrs   a0, stval, zero
core   0: 3 0x00000000800060aa (0x14302573) x10 0x000000000000001b
core   0: 0x00000000800060ae (0xb02024f3) csrrs   s1, minstret, zero
core   0: 3 0x00000000800060ae (0xb02024f3) x9  0x0000000000000d22
core   0: 0x00000000800060b2 (0x0000a811) c.j     pc + 20
core   0: 3 0x00000000800060b2 (0xa811)
core   0: >>>>  mepc_4
core   0: 0x00000000800060c6 (0x00000791) c.addi  a5, 4
core   0: 3 0x00000000800060c6 (0x0791) x15 0x000000008000500a
core   0: 0x00000000800060c8 (0x34179073) csrrw   zero, mepc, a5
core   0: 3 0x00000000800060c8 (0x34179073) c833_mepc 0x000000008000500a
core   0: 0x00000000800060cc (0x30200073) mret
core   0: 3 0x00000000800060cc (0x30200073) c768_mstatus 0x8000000a001c61a2
core   0: 0x000000008000500a (0x03c3543b) divuw   s0, t1, t3
core   0: 1 0x000000008000500a (0x03c3543b) x8  0x00000000000f27fc
core   0: 0x000000008000500e (0x00239bf3) csrrw   s7, frm, t2
core   0: 1 0x000000008000500e (0x00239bf3) x23 0x0000000000000007 c2_frm 0x0000000000000000
core   0: 0x0000000080005012 (0x40a5d7bb) sraw    a5, a1, a0
core   0: 1 0x0000000080005012 (0x40a5d7bb) x15 0x0000000000000000
core   0: 0x0000000080005016 (0x003d113b) sllw    sp, s10, gp
core   0: 1 0x0000000080005016 (0x003d113b) x2  0x0000000000000000
core   0: 0x000000008000501a (0x4005551b) sraiw   a0, a0, 0
core   0: 1 0x000000008000501a (0x4005551b) x10 0x000000000000001b
core   0: 0x000000008000501e (0x0185e733) or      a4, a1, s8
core   0: 1 0x000000008000501e (0x0185e733) x14 0x00000000836c73d3
core   0: 0x0000000080005022 (0x03976933) rem     s2, a4, s9
core   0: 1 0x0000000080005022 (0x03976933) x18 0x00000000836c73d3
core   0: 0x0000000080005026 (0x4014ffd3) fcvt.s.d ft11, fs1
core   0: 1 0x0000000080005026 (0x4014ffd3) f31 0xffffffff7fc00000
core   0: 0x000000008000502a (0x026906b3) mul     a3, s2, t1
core   0: 1 0x000000008000502a (0x026906b3) x13 0x3e3f0d6e2145a000
core   0: 0x000000008000502e (0x001029f3) csrrs   s3, fflags, zero
core   0: 1 0x000000008000502e (0x001029f3) x19 0x0000000000000013
core   0: 0x0000000080005032 (0x417d5c3b) sraw    s8, s10, s7
core   0: 1 0x0000000080005032 (0x417d5c3b) x24 0x0000000000000000
core   0: 0x0000000080005036 (0x401b7ad3) fcvt.s.d fs5, fs6
core   0: 1 0x0000000080005036 (0x401b7ad3) f21 0xffffffff7fc00000
core   0: 0x000000008000503a (0xc03c7153) fcvt.lu.s sp, fs8
core   0: 1 0x000000008000503a (0xc03c7153) c1_fflags 0x0000000000000013 x2  0xffffffffffffffff
core   0: 0x000000008000503e (0x03507abb) remuw   s5, zero, s5
core   0: 1 0x000000008000503e (0x03507abb) x21 0x0000000000000000
core   0: 0x0000000080005042 (0x400057bb) sraw    a5, zero, zero
core   0: 1 0x0000000080005042 (0x400057bb) x15 0x0000000000000000
core   0: 0x0000000080005046 (0x0a5d7c53) fsub.d  fs8, fs10, ft5
core   0: 1 0x0000000080005046 (0x0a5d7c53) f24 0x7ff8000000000000
core   0: 0x000000008000504a (0x2af305d3) fmin.d  fa1, ft6, fa5
core   0: 1 0x000000008000504a (0x2af305d3) f11 0x40a0000000000000
core   0: 0x000000008000504e (0x1e614213) xori    tp, sp, 486
core   0: 1 0x000000008000504e (0x1e614213) x4  0xfffffffffffffe19
core   0: 0x0000000080005052 (0x038d4c33) div     s8, s10, s8
core   0: 1 0x0000000080005052 (0x038d4c33) x24 0xffffffffffffffff
core   0: 0x0000000080005056 (0x002021f3) csrrs   gp, frm, zero
core   0: 1 0x0000000080005056 (0x002021f3) x3  0x0000000000000000
core   0: 0x000000008000505a (0x02b176b3) remu    a3, sp, a1
core   0: 1 0x000000008000505a (0x02b176b3) x13 0x000000000097aa97
core   0: 0x000000008000505e (0x0ff0000f) fence   iorw,iorw
core   0: 1 0x000000008000505e (0x0ff0000f)
core   0: 0x0000000080005062 (0xf20e0553) fmv.d.x fa0, t3
core   0: 1 0x0000000080005062 (0xf20e0553) f10 0x0000000000000800
core   0: 0x0000000080005066 (0xc20e7453) fcvt.w.d s0, ft8
core   0: 1 0x0000000080005066 (0xc20e7453) c1_fflags 0x0000000000000013 x8  0x000000007fffffff
core   0: 0x000000008000506a (0x3bf5f647) fmsub.d fa2, fa1, ft11, ft7
core   0: 1 0x000000008000506a (0x3bf5f647) f12 0x7ff8000000000000
core   0: 0x000000008000506e (0xc12cfc13) andi    s8, s9, -1006
core   0: 1 0x000000008000506e (0xc12cfc13) x24 0x7ff8000000000000
core   0: 0x0000000080005072 (0x03096e3b) remw    t3, s2, a6
core   0: 1 0x0000000080005072 (0x03096e3b) x28 0xfffffffffffff3d3
core   0: 0x0000000080005076 (0xd21b82d3) fcvt.d.wu ft5, s7
core   0: 1 0x0000000080005076 (0xd21b82d3) f5  0x401c000000000000
core   0: 0x000000008000507a (0xa49e7513) andi    a0, t3, -1463
core   0: 1 0x000000008000507a (0xa49e7513) x10 0xfffffffffffff241
core   0: 0x000000008000507e (0xa36b0dd3) fle.d   s11, fs6, fs6
core   0: 1 0x000000008000507e (0xa36b0dd3) c1_fflags 0x0000000000000013 x27 0x0000000000000000
core   0: 0x0000000080005082 (0x342d94f3) csrrw   s1, mcause, s11
core   0: exception trap_illegal_instruction, epc 0x0000000080005082
core   0:           tval 0x00000000342d94f3
core   0: >>>>  $xrv64i2p1_m2p0_a2p1_f2p2_d2p2_zicsr2p0_zifencei2p0_zmmul1p0_zba1p0_zbb1p0_zbc1p0_zbs1p0
core   0: 0x0000000080004000 (0x0080006f) j       pc + 0x8
core   0: 3 0x0000000080004000 (0x0080006f)
core   0: >>>>  mmode_exception_handler
core   0: 0x0000000080004008 (0x00002c17) auipc   s8, 0x2
core   0: 3 0x0000000080004008 (0x00002c17) x24 0x0000000080006008
core   0: 0x000000008000400c (0x08ac0c13) addi    s8, s8, 138
core   0: 3 0x000000008000400c (0x08ac0c13) x24 0x0000000080006092
core   0: 0x0000000080004010 (0x000c00e7) jalr    s8
core   0: 3 0x0000000080004010 (0x000c00e7) x1  0x0000000080004014
core   0: >>>>  any_handler
core   0: 0x0000000080006092 (0x341027f3) csrrs   a5, mepc, zero
core   0: 3 0x0000000080006092 (0x341027f3) x15 0x0000000080005082
core   0: 0x0000000080006096 (0x34202773) csrrs   a4, mcause, zero
core   0: 3 0x0000000080006096 (0x34202773) x14 0x0000000000000002
core   0: 0x000000008000609a (0x142026f3) csrrs   a3, scause, zero
core   0: 3 0x000000008000609a (0x142026f3) x13 0x0000000000000019
core   0: 0x000000008000609e (0x30402673) csrrs   a2, mie, zero
core   0: 3 0x000000008000609e (0x30402673) x12 0x0000000000000a00
core   0: 0x00000000800060a2 (0x344025f3) csrrs   a1, mip, zero
core   0: 3 0x00000000800060a2 (0x344025f3) x11 0x0000000000000080
core   0: 0x00000000800060a6 (0x343025f3) csrrs   a1, mtval, zero
core   0: 3 0x00000000800060a6 (0x343025f3) x11 0x00000000342d94f3
core   0: 0x00000000800060aa (0x14302573) csrrs   a0, stval, zero
core   0: 3 0x00000000800060aa (0x14302573) x10 0x000000000000001b
core   0: 0x00000000800060ae (0xb02024f3) csrrs   s1, minstret, zero
core   0: 3 0x00000000800060ae (0xb02024f3) x9  0x0000000000000d50
core   0: 0x00000000800060b2 (0x0000a811) c.j     pc + 20
core   0: 3 0x00000000800060b2 (0xa811)
core   0: >>>>  mepc_4
core   0: 0x00000000800060c6 (0x00000791) c.addi  a5, 4
core   0: 3 0x00000000800060c6 (0x0791) x15 0x0000000080005086
core   0: 0x00000000800060c8 (0x34179073) csrrw   zero, mepc, a5
core   0: 3 0x00000000800060c8 (0x34179073) c833_mepc 0x0000000080005086
core   0: 0x00000000800060cc (0x30200073) mret
core   0: 3 0x00000000800060cc (0x30200073) c768_mstatus 0x8000000a001c61a2
core   0: 0x0000000080005086 (0x00000001) c.nop
core   0: 1 0x0000000080005086 (0x0001)
core   0: 0x0000000080005088 (0x40190833) sub     a6, s2, ra
core   0: 1 0x0000000080005088 (0x40190833) x16 0x00000000036c33bf
core   0: 0x000000008000508c (0x4104543b) sraw    s0, s0, a6
core   0: 1 0x000000008000508c (0x4104543b) x8  0x0000000000000000
core   0: 0x0000000080005090 (0xd023f5d3) fcvt.s.l fa1, t2
core   0: 1 0x0000000080005090 (0xd023f5d3) f11 0xffffffff00000000
core   0: 0x0000000080005094 (0x00000001) c.nop
core   0: 1 0x0000000080005094 (0x0001)
core   0: 0x0000000080005096 (0xc0770713) addi    a4, a4, -1017
core   0: 1 0x0000000080005096 (0xc0770713) x14 0xfffffffffffffc09
core   0: 0x000000008000509a (0xc02e7bd3) fcvt.l.s s7, ft8
core   0: 1 0x000000008000509a (0xc02e7bd3) x23 0x0000000000000000
core   0: 0x000000008000509e (0xc21e78d3) fcvt.wu.d a7, ft8
core   0: 1 0x000000008000509e (0xc21e78d3) c1_fflags 0x0000000000000013 x17 0xffffffffffffffff
core   0: 0x00000000800050a2 (0x2ab096d3) fmax.d  fa3, ft1, fa1
core   0: 1 0x00000000800050a2 (0x2ab096d3) f13 0x7ff8000000000000
core   0: 0x00000000800050a6 (0xf20a8653) fmv.d.x fa2, s5
core   0: 1 0x00000000800050a6 (0xf20a8653) f12 0x0000000000000000
core   0: 0x00000000800050aa (0xd2058953) fcvt.d.w fs2, a1
core   0: 1 0x00000000800050aa (0xd2058953) f18 0x41ca16ca79800000
core   0: 0x00000000800050ae (0x22cf1cd3) fsgnjn.d fs9, ft10, fa2
core   0: 1 0x00000000800050ae (0x22cf1cd3) f25 0xbff0000000000000
core   0: 0x00000000800050b2 (0x41f8d31b) sraiw   t1, a7, 31
core   0: 1 0x00000000800050b2 (0x41f8d31b) x6  0xffffffffffffffff
core   0: 0x00000000800050b6 (0x03071d93) slli    s11, a4, 48
core   0: 1 0x00000000800050b6 (0x03071d93) x27 0xfc09000000000000
core   0: 0x00000000800050ba (0x00e74033) xor     zero, a4, a4
core   0: 1 0x00000000800050ba (0x00e74033)
core   0: 0x00000000800050be (0x23cfad53) fsgnjx.d fs10, ft11, ft8
core   0: 1 0x00000000800050be (0x23cfad53) f26 0x7fffffff7fc00000
core   0: 0x00000000800050c2 (0x002c9e73) csrrw   t3, frm, s9
core   0: 1 0x00000000800050c2 (0x002c9e73) x28 0x0000000000000000 c2_frm 0x0000000000000000
core   0: 0x00000000800050c6 (0x5a057553) fsqrt.d fa0, fa0
core   0: 1 0x00000000800050c6 (0x5a057553) c1_fflags 0x0000000000000013 f10 0x1eb6a09e667f3bcd
core   0: 0x00000000800050ca (0x016e1c9b) slliw   s9, t3, 22
core   0: 1 0x00000000800050ca (0x016e1c9b) x25 0x0000000000000000
core   0: 0x00000000800050ce (0x4007569b) sraiw   a3, a4, 0
core   0: 1 0x00000000800050ce (0x4007569b) x13 0xfffffffffffffc09
core   0: 0x00000000800050d2 (0x4018ffd3) fcvt.s.d ft11, fa7
core   0: 1 0x00000000800050d2 (0x4018ffd3) f31 0xffffffff7fc00000
core   0: 0x00000000800050d6 (0x00102973) csrrs   s2, fflags, zero
core   0: 1 0x00000000800050d6 (0x00102973) x18 0x0000000000000013
core   0: 0x00000000800050da (0xc22ff853) fcvt.l.d a6, ft11
core   0: 1 0x00000000800050da (0xc22ff853) c1_fflags 0x0000000000000013 x16 0x7fffffffffffffff
core   0: 0x00000000800050de (0xd20106d3) fcvt.d.w fa3, sp
core   0: 1 0x00000000800050de (0xd20106d3) f13 0xbff0000000000000
core   0: 0x00000000800050e2 (0x00009093) slli    ra, ra, 0
core   0: 1 0x00000000800050e2 (0x00009093) x1  0x0000000080004014
core   0: 0x00000000800050e6 (0x401e71d3) fcvt.s.d ft3, ft8
core   0: 1 0x00000000800050e6 (0x401e71d3) f3  0xffffffff7fc00000
core   0: 0x00000000800050ea (0xd220ff53) fcvt.d.l ft10, ra
core   0: 1 0x00000000800050ea (0xd220ff53) f30 0x41e0000802800000
core   0: 0x00000000800050ee (0x01de5133) srl     sp, t3, t4
core   0: 1 0x00000000800050ee (0x01de5133) x2  0x0000000000000000
core   0: 0x00000000800050f2 (0xc20f7ad3) fcvt.w.d s5, ft10
core   0: 1 0x00000000800050f2 (0xc20f7ad3) c1_fflags 0x0000000000000013 x21 0x000000007fffffff
core   0: 0x00000000800050f6 (0x03f05913) srli    s2, zero, 63
core   0: 1 0x00000000800050f6 (0x03f05913) x18 0x0000000000000000
core   0: 0x00000000800050fa (0x33e3734f) fnmadd.d ft6, ft6, ft10, ft6
core   0: 1 0x00000000800050fa (0x33e3734f) f6  0x7ff8000000000000
core   0: 0x00000000800050fe (0x01121bbb) sllw    s7, tp, a7
core   0: 1 0x00000000800050fe (0x01121bbb) x23 0xffffffff80000000
core   0: 0x0000000080005102 (0xd0397c53) fcvt.s.lu fs8, s2
core   0: 1 0x0000000080005102 (0xd0397c53) f24 0xffffffff00000000
core   0: 0x0000000080005106 (0x00008d71) c.and   a0, a2
core   0: 1 0x0000000080005106 (0x8d71) x10 0x0000000000000000
core   0: 0x0000000080005108 (0x03d55e93) srli    t4, a0, 61
core   0: 1 0x0000000080005108 (0x03d55e93) x29 0x0000000000000000
core   0: 0x000000008000510c (0x00d6c433) xor     s0, a3, a3
core   0: 1 0x000000008000510c (0x00d6c433) x8  0x0000000000000000
core   0: 0x0000000080005110 (0xa38180d3) fle.d   ra, ft3, fs8
core   0: 1 0x0000000080005110 (0xa38180d3) c1_fflags 0x0000000000000013 x1  0x0000000000000000
core   0: 0x0000000080005114 (0x23bc05d3) fsgnj.d fa1, fs8, fs11
core   0: 1 0x0000000080005114 (0x23bc05d3) f11 0x7fffffff00000000
core   0: 0x0000000080005118 (0x4118d0bb) sraw    ra, a7, a7
core   0: 1 0x0000000080005118 (0x4118d0bb) x1  0xffffffffffffffff
core   0: 0x000000008000511c (0x13377e53) fmul.d  ft8, fa4, fs3
core   0: 1 0x000000008000511c (0x13377e53) f28 0x7ff8000000000000
core   0: 0x0000000080005120 (0x013cdcb3) srl     s9, s9, s3
core   0: 1 0x0000000080005120 (0x013cdcb3) x25 0x0000000000000000
core   0: 0x0000000080005124 (0x0190f733) and     a4, ra, s9
core   0: 1 0x0000000080005124 (0x0190f733) x14 0x0000000000000000
core   0: 0x0000000080005128 (0x94dda997) auipc   s3, 0x94dda
core   0: 1 0x0000000080005128 (0x94dda997) x19 0x0000000014ddf128
core   0: 0x000000008000512c (0x4005d793) srai    a5, a1, 0
core   0: 1 0x000000008000512c (0x4005d793) x15 0x00000000342d94f3
core   0: 0x0000000080005130 (0x000b9213) slli    tp, s7, 0
core   0: 1 0x0000000080005130 (0x000b9213) x4  0xffffffff80000000
core   0: 0x0000000080005134 (0x40b251b3) sra     gp, tp, a1
core   0: 1 0x0000000080005134 (0x40b251b3) x3  0xffffffffffffffff
core   0: 0x0000000080005138 (0x1a27fb53) fdiv.d  fs6, fa5, ft2
core   0: 1 0x0000000080005138 (0x1a27fb53) c1_fflags 0x000000000000001b f22 0x7ff0000000000000
core   0: 0x000000008000513c (0x22031dd3) fsgnjn.d fs11, ft6, ft0
core   0: 1 0x000000008000513c (0x22031dd3) f27 0x7ff8000000000000
core   0: 0x0000000080005140 (0x00000001) c.nop
core   0: 1 0x0000000080005140 (0x0001)
core   0: 0x0000000080005142 (0x40c18633) sub     a2, gp, a2
core   0: 1 0x0000000080005142 (0x40c18633) x12 0xfffffffffffff5ff
core   0: 0x0000000080005146 (0x014c88b3) add     a7, s9, s4
core   0: 1 0x0000000080005146 (0x014c88b3) x17 0x0001ffffffba896f
core   0: 0x000000008000514a (0xa2bb0ad3) fle.d   s5, fs6, fa1
core   0: 1 0x000000008000514a (0xa2bb0ad3) c1_fflags 0x000000000000001b x21 0x0000000000000000
core   0: 0x000000008000514e (0x00009356) c.add   t1, s5
core   0: 1 0x000000008000514e (0x9356) x6  0xffffffffffffffff
core   0: 0x0000000080005150 (0x03fb9813) slli    a6, s7, 63
core   0: 1 0x0000000080005150 (0x03fb9813) x16 0x0000000000000000
core   0: 0x0000000080005154 (0x42098e53) fcvt.d.s ft8, fs3
core   0: 1 0x0000000080005154 (0x42098e53) f28 0x7ff8000000000000
core   0: 0x0000000080005158 (0x02b585b3) mul     a1, a1, a1
core   0: 1 0x0000000080005158 (0x02b585b3) x11 0x0aa28ca06c17dea9
core   0: 0x000000008000515c (0x37ee4c93) xori    s9, t3, 894
core   0: 1 0x000000008000515c (0x37ee4c93) x25 0x000000000000037e
core   0: 0x0000000080005160 (0x000cd393) srli    t2, s9, 0
core   0: 1 0x0000000080005160 (0x000cd393) x7  0x000000000000037e
core   0: 0x0000000080005164 (0x03ef7fd3) fadd.d  ft11, ft10, ft10
core   0: 1 0x0000000080005164 (0x03ef7fd3) f31 0x41f0000802800000
core   0: 0x0000000080005168 (0x40760b3b) subw    s6, a2, t2
core   0: 1 0x0000000080005168 (0x40760b3b) x22 0xfffffffffffff281
core   0: 0x000000008000516c (0x009389b3) add     s3, t2, s1
core   0: 1 0x000000008000516c (0x009389b3) x19 0x00000000000010ce
core   0: 0x0000000080005170 (0xbb00fc47) fmsub.d fs8, ft1, fa6, fs7
core   0: 1 0x0000000080005170 (0xbb00fc47) f24 0x7ff8000000000000
core   0: 0x0000000080005174 (0x00d6983b) sllw    a6, a3, a3
core   0: 1 0x0000000080005174 (0x00d6983b) x16 0xfffffffffff81200
core   0: 0x0000000080005178 (0xd02cf7d3) fcvt.s.l fa5, s9
core   0: 1 0x0000000080005178 (0xd02cf7d3) f15 0xffffffff445f8000
core   0: 0x000000008000517c (0xa2078553) fle.d   a0, fa5, ft0
core   0: 1 0x000000008000517c (0xa2078553) c1_fflags 0x000000000000001b x10 0x0000000000000000
core   0: 0x0000000080005180 (0x40aedab3) sra     s5, t4, a0
core   0: 1 0x0000000080005180 (0x40aedab3) x21 0x0000000000000000
core   0: 0x0000000080005184 (0x00000001) c.nop
core   0: 1 0x0000000080005184 (0x0001)
core   0: 0x0000000080005186 (0x1bfef2d3) fdiv.d  ft5, ft9, ft11
core   0: 1 0x0000000080005186 (0x1bfef2d3) c1_fflags 0x000000000000001b f5  0xbfd2cb1ff5404862
core   0: 0x000000008000518a (0x030ac63b) divw    a2, s5, a6
core   0: 1 0x000000008000518a (0x030ac63b) x12 0x0000000000000000
core   0: 0x000000008000518e (0x2a5b8bd3) fmin.d  fs7, fs7, ft5
core   0: 1 0x000000008000518e (0x2a5b8bd3) f23 0xbfd2cb1ff5404862
core   0: 0x0000000080005192 (0x2a528ad3) fmin.d  fs5, ft5, ft5
core   0: 1 0x0000000080005192 (0x2a528ad3) f21 0xbfd2cb1ff5404862
core   0: 0x0000000080005196 (0x010c12b3) sll     t0, s8, a6
core   0: 1 0x0000000080005196 (0x010c12b3) x5  0x0000000080006092
core   0: 0x000000008000519a (0x0037949b) slliw   s1, a5, 3
core   0: 1 0x000000008000519a (0x0037949b) x9  0xffffffffa16ca798
core   0: 0x000000008000519e (0x0004e293) ori     t0, s1, 0
core   0: 1 0x000000008000519e (0x0004e293) x5  0xffffffffa16ca798
core   0: 0x00000000800051a2 (0x236820d3) fsgnjx.d ft1, fa6, fs6
core   0: 1 0x00000000800051a2 (0x236820d3) f1  0xffffffff5efff000
core   0: 0x00000000800051a6 (0x2baf9cd3) fmax.d  fs9, ft11, fs10
core   0: 1 0x00000000800051a6 (0x2baf9cd3) f25 0x41f0000802800000
core   0: 0x00000000800051aa (0x0ff0000f) fence   iorw,iorw
core   0: 1 0x00000000800051aa (0x0ff0000f)
core   0: 0x00000000800051ae (0xd03df053) fcvt.s.lu ft0, s11
core   0: 1 0x00000000800051ae (0xd03df053) f0  0xffffffff5f7c0900
core   0: 0x00000000800051b2 (0x419edeb3) sra     t4, t4, s9
core   0: 1 0x00000000800051b2 (0x419edeb3) x29 0x0000000000000000
core   0: 0x00000000800051b6 (0xfff2f293) andi    t0, t0, -1
core   0: 1 0x00000000800051b6 (0xfff2f293) x5  0xffffffffa16ca798
core   0: 0x00000000800051ba (0x142de573) csrrsi  a0, scause, 27
core   0: 1 0x00000000800051ba (0x142de573) x10 0x0000000000000019 c322_scause 0x000000000000001b
core   0: 0x00000000800051be (0x00102173) csrrs   sp, fflags, zero
core   0: 1 0x00000000800051be (0x00102173) x2  0x000000000000001b
core   0: 0x00000000800051c2 (0xc058a8f3) csrrs   a7, hpmcounter5, a7
core   0: exception trap_illegal_instruction, epc 0x00000000800051c2
core   0:           tval 0x00000000c058a8f3
core   0: >>>>  $xrv64i2p1_m2p0_a2p1_f2p2_d2p2_zicsr2p0_zifencei2p0_zmmul1p0_zba1p0_zbb1p0_zbc1p0_zbs1p0
core   0: 0x0000000080004000 (0x0080006f) j       pc + 0x8
core   0: 3 0x0000000080004000 (0x0080006f)
core   0: >>>>  mmode_exception_handler
core   0: 0x0000000080004008 (0x00002c17) auipc   s8, 0x2
core   0: 3 0x0000000080004008 (0x00002c17) x24 0x0000000080006008
core   0: 0x000000008000400c (0x08ac0c13) addi    s8, s8, 138
core   0: 3 0x000000008000400c (0x08ac0c13) x24 0x0000000080006092
core   0: 0x0000000080004010 (0x000c00e7) jalr    s8
core   0: 3 0x0000000080004010 (0x000c00e7) x1  0x0000000080004014
core   0: >>>>  any_handler
core   0: 0x0000000080006092 (0x341027f3) csrrs   a5, mepc, zero
core   0: 3 0x0000000080006092 (0x341027f3) x15 0x00000000800051c2
core   0: 0x0000000080006096 (0x34202773) csrrs   a4, mcause, zero
core   0: 3 0x0000000080006096 (0x34202773) x14 0x0000000000000002
core   0: 0x000000008000609a (0x142026f3) csrrs   a3, scause, zero
core   0: 3 0x000000008000609a (0x142026f3) x13 0x000000000000001b
core   0: 0x000000008000609e (0x30402673) csrrs   a2, mie, zero
core   0: 3 0x000000008000609e (0x30402673) x12 0x0000000000000a00
core   0: 0x00000000800060a2 (0x344025f3) csrrs   a1, mip, zero
core   0: 3 0x00000000800060a2 (0x344025f3) x11 0x0000000000000080
core   0: 0x00000000800060a6 (0x343025f3) csrrs   a1, mtval, zero
core   0: 3 0x00000000800060a6 (0x343025f3) x11 0x00000000c058a8f3
core   0: 0x00000000800060aa (0x14302573) csrrs   a0, stval, zero
core   0: 3 0x00000000800060aa (0x14302573) x10 0x000000000000001b
core   0: 0x00000000800060ae (0xb02024f3) csrrs   s1, minstret, zero
core   0: 3 0x00000000800060ae (0xb02024f3) x9  0x0000000000000db2
core   0: 0x00000000800060b2 (0x0000a811) c.j     pc + 20
core   0: 3 0x00000000800060b2 (0xa811)
core   0: >>>>  mepc_4
core   0: 0x00000000800060c6 (0x00000791) c.addi  a5, 4
core   0: 3 0x00000000800060c6 (0x0791) x15 0x00000000800051c6
core   0: 0x00000000800060c8 (0x34179073) csrrw   zero, mepc, a5
core   0: 3 0x00000000800060c8 (0x34179073) c833_mepc 0x00000000800051c6
core   0: 0x00000000800060cc (0x30200073) mret
core   0: 3 0x00000000800060cc (0x30200073) c768_mstatus 0x8000000a001c61a2
core   0: 0x00000000800051c6 (0x0228d5bb) divuw   a1, a7, sp
core   0: 1 0x00000000800051c6 (0x0228d5bb) x11 0x000000000978afc1
core   0: 0x00000000800051ca (0xa3070b53) fle.d   s6, fa4, fa6
core   0: 1 0x00000000800051ca (0xa3070b53) c1_fflags 0x000000000000001b x22 0x0000000000000000
core   0: 0x00000000800051ce (0x22ec9b53) fsgnjn.d fs6, fs9, fa4
core   0: 1 0x00000000800051ce (0x22ec9b53) f22 0x41f0000802800000
core   0: 0x00000000800051d2 (0x41f5d497) auipc   s1, 0x41f5d
core   0: 1 0x00000000800051d2 (0x41f5d497) x9  0x00000000c1f621d2
core   0: 0x00000000800051d6 (0x01ab0c3b) addw    s8, s6, s10
core   0: 1 0x00000000800051d6 (0x01ab0c3b) x24 0x0000000000000000
core   0: 0x00000000800051da (0x0b5b7bd3) fsub.d  fs7, fs6, fs5
core   0: 1 0x00000000800051da (0x0b5b7bd3) c1_fflags 0x000000000000001b f23 0x41f000080284b2c8
core   0: 0x00000000800051de (0xf127dcf3) csrrwi  s9, marchid, 15
core   0: exception trap_illegal_instruction, epc 0x00000000800051de
core   0:           tval 0x00000000f127dcf3
core   0: >>>>  $xrv64i2p1_m2p0_a2p1_f2p2_d2p2_zicsr2p0_zifencei2p0_zmmul1p0_zba1p0_zbb1p0_zbc1p0_zbs1p0
core   0: 0x0000000080004000 (0x0080006f) j       pc + 0x8
core   0: 3 0x0000000080004000 (0x0080006f)
core   0: >>>>  mmode_exception_handler
core   0: 0x0000000080004008 (0x00002c17) auipc   s8, 0x2
core   0: 3 0x0000000080004008 (0x00002c17) x24 0x0000000080006008
core   0: 0x000000008000400c (0x08ac0c13) addi    s8, s8, 138
core   0: 3 0x000000008000400c (0x08ac0c13) x24 0x0000000080006092
core   0: 0x0000000080004010 (0x000c00e7) jalr    s8
core   0: 3 0x0000000080004010 (0x000c00e7) x1  0x0000000080004014
core   0: >>>>  any_handler
core   0: 0x0000000080006092 (0x341027f3) csrrs   a5, mepc, zero
core   0: 3 0x0000000080006092 (0x341027f3) x15 0x00000000800051de
core   0: 0x0000000080006096 (0x34202773) csrrs   a4, mcause, zero
core   0: 3 0x0000000080006096 (0x34202773) x14 0x0000000000000002
core   0: 0x000000008000609a (0x142026f3) csrrs   a3, scause, zero
core   0: 3 0x000000008000609a (0x142026f3) x13 0x000000000000001b
core   0: 0x000000008000609e (0x30402673) csrrs   a2, mie, zero
core   0: 3 0x000000008000609e (0x30402673) x12 0x0000000000000a00
core   0: 0x00000000800060a2 (0x344025f3) csrrs   a1, mip, zero
core   0: 3 0x00000000800060a2 (0x344025f3) x11 0x0000000000000080
core   0: 0x00000000800060a6 (0x343025f3) csrrs   a1, mtval, zero
core   0: 3 0x00000000800060a6 (0x343025f3) x11 0x00000000f127dcf3
core   0: 0x00000000800060aa (0x14302573) csrrs   a0, stval, zero
core   0: 3 0x00000000800060aa (0x14302573) x10 0x000000000000001b
core   0: 0x00000000800060ae (0xb02024f3) csrrs   s1, minstret, zero
core   0: 3 0x00000000800060ae (0xb02024f3) x9  0x0000000000000dc8
core   0: 0x00000000800060b2 (0x0000a811) c.j     pc + 20
core   0: 3 0x00000000800060b2 (0xa811)
core   0: >>>>  mepc_4
core   0: 0x00000000800060c6 (0x00000791) c.addi  a5, 4
core   0: 3 0x00000000800060c6 (0x0791) x15 0x00000000800051e2
core   0: 0x00000000800060c8 (0x34179073) csrrw   zero, mepc, a5
core   0: 3 0x00000000800060c8 (0x34179073) c833_mepc 0x00000000800051e2
core   0: 0x00000000800060cc (0x30200073) mret
core   0: 3 0x00000000800060cc (0x30200073) c768_mstatus 0x8000000a001c61a2
core   0: 0x00000000800051e2 (0xc03af553) fcvt.lu.s a0, fs5
core   0: 1 0x00000000800051e2 (0xc03af553) c1_fflags 0x000000000000001b x10 0xffffffffffffffff
core   0: 0x00000000800051e6 (0x02630333) mul     t1, t1, t1
core   0: 1 0x00000000800051e6 (0x02630333) x6  0x0000000000000001
core   0: 0x00000000800051ea (0x00d4dc3b) srlw    s8, s1, a3
core   0: 1 0x00000000800051ea (0x00d4dc3b) x24 0x0000000000000000
core   0: 0x00000000800051ee (0xd02cf453) fcvt.s.l fs0, s9
core   0: 1 0x00000000800051ee (0xd02cf453) f8  0xffffffff445f8000
core   0: 0x00000000800051f2 (0xd2237cd3) fcvt.d.l fs9, t1
core   0: 1 0x00000000800051f2 (0xd2237cd3) f25 0x3ff0000000000000
core   0: 0x00000000800051f6 (0xc038f8d3) fcvt.lu.s a7, fa7
core   0: 1 0x00000000800051f6 (0xc038f8d3) c1_fflags 0x000000000000001b x17 0xffffffffffffffff
core   0: 0x00000000800051fa (0xfff28d9b) addiw   s11, t0, -1
core   0: 1 0x00000000800051fa (0xfff28d9b) x27 0xffffffffa16ca797
core   0: 0x00000000800051fe (0x01844533) xor     a0, s0, s8
core   0: 1 0x00000000800051fe (0x01844533) x10 0x0000000000000000
core   0: 0x0000000080005202 (0x02fdd713) srli    a4, s11, 47
core   0: 1 0x0000000080005202 (0x02fdd713) x14 0x000000000001ffff
core   0: 0x0000000080005206 (0x00e5523b) srlw    tp, a0, a4
core   0: 1 0x0000000080005206 (0x00e5523b) x4  0x0000000000000000
core   0: 0x000000008000520a (0xc22cfb53) fcvt.l.d s6, fs9
core   0: 1 0x000000008000520a (0xc22cfb53) x22 0x0000000000000001
core   0: 0x000000008000520e (0x43f75093) srai    ra, a4, 63
core   0: 1 0x000000008000520e (0x43f75093) x1  0x0000000000000000
core   0: 0x0000000080005212 (0x1b9176d3) fdiv.d  fa3, ft2, fs9
core   0: 1 0x0000000080005212 (0x1b9176d3) f13 0x0000000000000000
core   0: 0x0000000080005216 (0x9188f893) andi    a7, a7, -1768
core   0: 1 0x0000000080005216 (0x9188f893) x17 0xfffffffffffff918
core   0: 0x000000008000521a (0xcb9975cf) fnmadd.d fa1, fs2, fs9, fs9
core   0: 1 0x000000008000521a (0xcb9975cf) f11 0xc1ca16ca7a000000
core   0: 0x000000008000521e (0x4102d293) srai    t0, t0, 16
core   0: 1 0x000000008000521e (0x4102d293) x5  0xffffffffffffa16c
core   0: 0x0000000080005222 (0x03ce8ebb) mulw    t4, t4, t3
core   0: 1 0x0000000080005222 (0x03ce8ebb) x29 0x0000000000000000
core   0: 0x0000000080005226 (0x0122803b) addw    zero, t0, s2
core   0: 1 0x0000000080005226 (0x0122803b)
core   0: 0x000000008000522a (0x03c81533) mulh    a0, a6, t3
core   0: 1 0x000000008000522a (0x03c81533) x10 0x0000000000000000
core   0: 0x000000008000522e (0x7804079b) addiw   a5, s0, 1920
core   0: 1 0x000000008000522e (0x7804079b) x15 0x0000000000000780
core   0: 0x0000000080005232 (0x108cd597) auipc   a1, 0x108cd
core   0: 1 0x0000000080005232 (0x108cd597) x11 0x00000000908d2232
core   0: 0x0000000080005236 (0xa7c46137) lui     sp, 0xa7c46
core   0: 1 0x0000000080005236 (0xa7c46137) x2  0xffffffffa7c46000
core   0: 0x000000008000523a (0x00153093) seqz    ra, a0
core   0: 1 0x000000008000523a (0x00153093) x1  0x0000000000000001
core   0: 0x000000008000523e (0x49232c97) auipc   s9, 0x49232
core   0: 1 0x000000008000523e (0x49232c97) x25 0x00000000c923723e
core   0: 0x0000000080005242 (0x00e0e733) or      a4, ra, a4
core   0: 1 0x0000000080005242 (0x00e0e733) x14 0x000000000001ffff
core   0: 0x0000000080005246 (0x1a3972d3) fdiv.d  ft5, fs2, ft3
core   0: 1 0x0000000080005246 (0x1a3972d3) f5  0x7ff8000000000000
core   0: 0x000000008000524a (0x1a707653) fdiv.d  fa2, ft0, ft7
core   0: 1 0x000000008000524a (0x1a707653) f12 0x7ff8000000000000
core   0: 0x000000008000524e (0x0320f933) remu    s2, ra, s2
core   0: 1 0x000000008000524e (0x0320f933) x18 0x0000000000000001
core   0: 0x0000000080005252 (0x41795bbb) sraw    s7, s2, s7
core   0: 1 0x0000000080005252 (0x41795bbb) x23 0x0000000000000001
core   0: 0x0000000080005256 (0xf20b8753) fmv.d.x fa4, s7
core   0: 1 0x0000000080005256 (0xf20b8753) f14 0x0000000000000001
core   0: 0x000000008000525a (0x00674eb3) xor     t4, a4, t1
core   0: 1 0x000000008000525a (0x00674eb3) x29 0x000000000001fffe
core   0: 0x000000008000525e (0x017ca0b3) slt     ra, s9, s7
core   0: 1 0x000000008000525e (0x017ca0b3) x1  0x0000000000000000
core   0: 0x0000000080005262 (0x41ddddb3) sra     s11, s11, t4
core   0: 1 0x0000000080005262 (0x41ddddb3) x27 0xffffffffffffffff
core   0: 0x0000000080005266 (0xd026f0d3) fcvt.s.l ft1, a3
core   0: 1 0x0000000080005266 (0xd026f0d3) f1  0xffffffff41d80000
core   0: 0x000000008000526a (0x00dcc2b3) xor     t0, s9, a3
core   0: 1 0x000000008000526a (0x00dcc2b3) x5  0x00000000c9237225
core   0: 0x000000008000526e (0x00000001) c.nop
core   0: 1 0x000000008000526e (0x0001)
core   0: 0x0000000080005270 (0x025c5cbb) divuw   s9, s8, t0
core   0: 1 0x0000000080005270 (0x025c5cbb) x25 0x0000000000000000
core   0: 0x0000000080005274 (0x01f2929b) slliw   t0, t0, 31
core   0: 1 0x0000000080005274 (0x01f2929b) x5  0xffffffff80000000
core   0: 0x0000000080005278 (0x4109d833) sra     a6, s3, a6
core   0: 1 0x0000000080005278 (0x4109d833) x16 0x00000000000010ce
core   0: 0x000000008000527c (0x03637ab3) remu    s5, t1, s6
core   0: 1 0x000000008000527c (0x03637ab3) x21 0x0000000000000000
core   0: 0x0000000080005280 (0xc210fbd3) fcvt.wu.d s7, ft1
core   0: 1 0x0000000080005280 (0xc210fbd3) c1_fflags 0x000000000000001b x23 0xffffffffffffffff
core   0: 0x0000000080005284 (0x403bd493) srai    s1, s7, 3
core   0: 1 0x0000000080005284 (0x403bd493) x9  0xffffffffffffffff
core   0: 0x0000000080005288 (0x0209b9b3) mulhu   s3, s3, zero
core   0: 1 0x0000000080005288 (0x0209b9b3) x19 0x0000000000000000
core   0: 0x000000008000528c (0xc20ef353) fcvt.w.d t1, ft9
core   0: 1 0x000000008000528c (0xc20ef353) x6  0xffffffffb4d35a89
core   0: 0x0000000080005290 (0x43f15293) srai    t0, sp, 63
core   0: 1 0x0000000080005290 (0x43f15293) x5  0xffffffffffffffff
core   0: 0x0000000080005294 (0x02028033) mul     zero, t0, zero
core   0: 1 0x0000000080005294 (0x02028033)
core   0: 0x0000000080005298 (0x2b609053) fmax.d  ft0, ft1, fs6
core   0: 1 0x0000000080005298 (0x2b609053) f0  0x41f0000802800000
core   0: 0x000000008000529c (0xc01c6bf3) csrrsi  s7, time, 24
core   0: exception trap_illegal_instruction, epc 0x000000008000529c
core   0:           tval 0x00000000c01c6bf3
core   0: >>>>  $xrv64i2p1_m2p0_a2p1_f2p2_d2p2_zicsr2p0_zifencei2p0_zmmul1p0_zba1p0_zbb1p0_zbc1p0_zbs1p0
core   0: 0x0000000080004000 (0x0080006f) j       pc + 0x8
core   0: 3 0x0000000080004000 (0x0080006f)
core   0: >>>>  mmode_exception_handler
core   0: 0x0000000080004008 (0x00002c17) auipc   s8, 0x2
core   0: 3 0x0000000080004008 (0x00002c17) x24 0x0000000080006008
core   0: 0x000000008000400c (0x08ac0c13) addi    s8, s8, 138
core   0: 3 0x000000008000400c (0x08ac0c13) x24 0x0000000080006092
core   0: 0x0000000080004010 (0x000c00e7) jalr    s8
core   0: 3 0x0000000080004010 (0x000c00e7) x1  0x0000000080004014
core   0: >>>>  any_handler
core   0: 0x0000000080006092 (0x341027f3) csrrs   a5, mepc, zero
core   0: 3 0x0000000080006092 (0x341027f3) x15 0x000000008000529c
core   0: 0x0000000080006096 (0x34202773) csrrs   a4, mcause, zero
core   0: 3 0x0000000080006096 (0x34202773) x14 0x0000000000000002
core   0: 0x000000008000609a (0x142026f3) csrrs   a3, scause, zero
core   0: 3 0x000000008000609a (0x142026f3) x13 0x000000000000001b
core   0: 0x000000008000609e (0x30402673) csrrs   a2, mie, zero
core   0: 3 0x000000008000609e (0x30402673) x12 0x0000000000000a00
core   0: 0x00000000800060a2 (0x344025f3) csrrs   a1, mip, zero
core   0: 3 0x00000000800060a2 (0x344025f3) x11 0x0000000000000080
core   0: 0x00000000800060a6 (0x343025f3) csrrs   a1, mtval, zero
core   0: 3 0x00000000800060a6 (0x343025f3) x11 0x00000000c01c6bf3
core   0: 0x00000000800060aa (0x14302573) csrrs   a0, stval, zero
core   0: 3 0x00000000800060aa (0x14302573) x10 0x000000000000001b
core   0: 0x00000000800060ae (0xb02024f3) csrrs   s1, minstret, zero
core   0: 3 0x00000000800060ae (0xb02024f3) x9  0x0000000000000e07
core   0: 0x00000000800060b2 (0x0000a811) c.j     pc + 20
core   0: 3 0x00000000800060b2 (0xa811)
core   0: >>>>  mepc_4
core   0: 0x00000000800060c6 (0x00000791) c.addi  a5, 4
core   0: 3 0x00000000800060c6 (0x0791) x15 0x00000000800052a0
core   0: 0x00000000800060c8 (0x34179073) csrrw   zero, mepc, a5
core   0: 3 0x00000000800060c8 (0x34179073) c833_mepc 0x00000000800052a0
core   0: 0x00000000800060cc (0x30200073) mret
core   0: 3 0x00000000800060cc (0x30200073) c768_mstatus 0x8000000a001c61a2
core   0: 0x00000000800052a0 (0xfb90f847) fmsub.d fa6, ft1, fs9, ft11
core   0: 1 0x00000000800052a0 (0xfb90f847) f16 0x7ff8000000000000
core   0: 0x00000000800052a4 (0x41605e1b) sraiw   t3, zero, 22
core   0: 1 0x00000000800052a4 (0x41605e1b) x28 0x0000000000000000
core   0: 0x00000000800052a8 (0xc024fdd3) fcvt.l.s s11, fs1
core   0: 1 0x00000000800052a8 (0xc024fdd3) x27 0x0000000000000000
core   0: 0x00000000800052ac (0x1222f553) fmul.d  fa0, ft5, ft2
core   0: 1 0x00000000800052ac (0x1222f553) f10 0x7ff8000000000000
core   0: 0x00000000800052b0 (0x0003d113) srli    sp, t2, 0
core   0: 1 0x00000000800052b0 (0x0003d113) x2  0x000000000000037e
core   0: 0x00000000800052b4 (0x401cfcd3) fcvt.s.d fs9, fs9
core   0: 1 0x00000000800052b4 (0x401cfcd3) f25 0xffffffff3f800000
core   0: 0x00000000800052b8 (0xc2157d53) fcvt.wu.d s10, fa0
core   0: 1 0x00000000800052b8 (0xc2157d53) c1_fflags 0x000000000000001b x26 0xffffffffffffffff
core   0: 0x00000000800052bc (0xc6460713) addi    a4, a2, -924
core   0: 1 0x00000000800052bc (0xc6460713) x14 0x0000000000000664
core   0: 0x00000000800052c0 (0xf130e973) csrrsi  s2, mimpid, 1
core   0: exception trap_illegal_instruction, epc 0x00000000800052c0
core   0:           tval 0x00000000f130e973
core   0: >>>>  $xrv64i2p1_m2p0_a2p1_f2p2_d2p2_zicsr2p0_zifencei2p0_zmmul1p0_zba1p0_zbb1p0_zbc1p0_zbs1p0
core   0: 0x0000000080004000 (0x0080006f) j       pc + 0x8
core   0: 3 0x0000000080004000 (0x0080006f)
core   0: >>>>  mmode_exception_handler
core   0: 0x0000000080004008 (0x00002c17) auipc   s8, 0x2
core   0: 3 0x0000000080004008 (0x00002c17) x24 0x0000000080006008
core   0: 0x000000008000400c (0x08ac0c13) addi    s8, s8, 138
core   0: 3 0x000000008000400c (0x08ac0c13) x24 0x0000000080006092
core   0: 0x0000000080004010 (0x000c00e7) jalr    s8
core   0: 3 0x0000000080004010 (0x000c00e7) x1  0x0000000080004014
core   0: >>>>  any_handler
core   0: 0x0000000080006092 (0x341027f3) csrrs   a5, mepc, zero
core   0: 3 0x0000000080006092 (0x341027f3) x15 0x00000000800052c0
core   0: 0x0000000080006096 (0x34202773) csrrs   a4, mcause, zero
core   0: 3 0x0000000080006096 (0x34202773) x14 0x0000000000000002
core   0: 0x000000008000609a (0x142026f3) csrrs   a3, scause, zero
core   0: 3 0x000000008000609a (0x142026f3) x13 0x000000000000001b
core   0: 0x000000008000609e (0x30402673) csrrs   a2, mie, zero
core   0: 3 0x000000008000609e (0x30402673) x12 0x0000000000000a00
core   0: 0x00000000800060a2 (0x344025f3) csrrs   a1, mip, zero
core   0: 3 0x00000000800060a2 (0x344025f3) x11 0x0000000000000080
core   0: 0x00000000800060a6 (0x343025f3) csrrs   a1, mtval, zero
core   0: 3 0x00000000800060a6 (0x343025f3) x11 0x00000000f130e973
core   0: 0x00000000800060aa (0x14302573) csrrs   a0, stval, zero
core   0: 3 0x00000000800060aa (0x14302573) x10 0x000000000000001b
core   0: 0x00000000800060ae (0xb02024f3) csrrs   s1, minstret, zero
core   0: 3 0x00000000800060ae (0xb02024f3) x9  0x0000000000000e1f
core   0: 0x00000000800060b2 (0x0000a811) c.j     pc + 20
core   0: 3 0x00000000800060b2 (0xa811)
core   0: >>>>  mepc_4
core   0: 0x00000000800060c6 (0x00000791) c.addi  a5, 4
core   0: 3 0x00000000800060c6 (0x0791) x15 0x00000000800052c4
core   0: 0x00000000800060c8 (0x34179073) csrrw   zero, mepc, a5
core   0: 3 0x00000000800060c8 (0x34179073) c833_mepc 0x00000000800052c4
core   0: 0x00000000800060cc (0x30200073) mret
core   0: 3 0x00000000800060cc (0x30200073) c768_mstatus 0x8000000a001c61a2
core   0: 0x00000000800052c4 (0xe2088753) fmv.x.d a4, fa7
core   0: 1 0x00000000800052c4 (0xe2088753) x14 0x7ff8000000000000
core   0: 0x00000000800052c8 (0xb82be4f3) csrrsi  s1, minstreth, 23
core   0: exception trap_illegal_instruction, epc 0x00000000800052c8
core   0:           tval 0x00000000b82be4f3
core   0: >>>>  $xrv64i2p1_m2p0_a2p1_f2p2_d2p2_zicsr2p0_zifencei2p0_zmmul1p0_zba1p0_zbb1p0_zbc1p0_zbs1p0
core   0: 0x0000000080004000 (0x0080006f) j       pc + 0x8
core   0: 3 0x0000000080004000 (0x0080006f)
core   0: >>>>  mmode_exception_handler
core   0: 0x0000000080004008 (0x00002c17) auipc   s8, 0x2
core   0: 3 0x0000000080004008 (0x00002c17) x24 0x0000000080006008
core   0: 0x000000008000400c (0x08ac0c13) addi    s8, s8, 138
core   0: 3 0x000000008000400c (0x08ac0c13) x24 0x0000000080006092
core   0: 0x0000000080004010 (0x000c00e7) jalr    s8
core   0: 3 0x0000000080004010 (0x000c00e7) x1  0x0000000080004014
core   0: >>>>  any_handler
core   0: 0x0000000080006092 (0x341027f3) csrrs   a5, mepc, zero
core   0: 3 0x0000000080006092 (0x341027f3) x15 0x00000000800052c8
core   0: 0x0000000080006096 (0x34202773) csrrs   a4, mcause, zero
core   0: 3 0x0000000080006096 (0x34202773) x14 0x0000000000000002
core   0: 0x000000008000609a (0x142026f3) csrrs   a3, scause, zero
core   0: 3 0x000000008000609a (0x142026f3) x13 0x000000000000001b
core   0: 0x000000008000609e (0x30402673) csrrs   a2, mie, zero
core   0: 3 0x000000008000609e (0x30402673) x12 0x0000000000000a00
core   0: 0x00000000800060a2 (0x344025f3) csrrs   a1, mip, zero
core   0: 3 0x00000000800060a2 (0x344025f3) x11 0x0000000000000080
core   0: 0x00000000800060a6 (0x343025f3) csrrs   a1, mtval, zero
core   0: 3 0x00000000800060a6 (0x343025f3) x11 0x00000000b82be4f3
core   0: 0x00000000800060aa (0x14302573) csrrs   a0, stval, zero
core   0: 3 0x00000000800060aa (0x14302573) x10 0x000000000000001b
core   0: 0x00000000800060ae (0xb02024f3) csrrs   s1, minstret, zero
core   0: 3 0x00000000800060ae (0xb02024f3) x9  0x0000000000000e30
core   0: 0x00000000800060b2 (0x0000a811) c.j     pc + 20
core   0: 3 0x00000000800060b2 (0xa811)
core   0: >>>>  mepc_4
core   0: 0x00000000800060c6 (0x00000791) c.addi  a5, 4
core   0: 3 0x00000000800060c6 (0x0791) x15 0x00000000800052cc
core   0: 0x00000000800060c8 (0x34179073) csrrw   zero, mepc, a5
core   0: 3 0x00000000800060c8 (0x34179073) c833_mepc 0x00000000800052cc
core   0: 0x00000000800060cc (0x30200073) mret
core   0: 3 0x00000000800060cc (0x30200073) c768_mstatus 0x8000000a001c61a2
core   0: 0x00000000800052cc (0x02c5d993) srli    s3, a1, 44
core   0: 1 0x00000000800052cc (0x02c5d993) x19 0x0000000000000000
core   0: 0x00000000800052d0 (0x0203dc13) srli    s8, t2, 32
core   0: 1 0x00000000800052d0 (0x0203dc13) x24 0x0000000000000000
core   0: 0x00000000800052d4 (0x0149a1b3) slt     gp, s3, s4
core   0: 1 0x00000000800052d4 (0x0149a1b3) x3  0x0000000000000001
core   0: 0x00000000800052d8 (0x2b4b0a53) fmin.d  fs4, fs6, fs4
core   0: 1 0x00000000800052d8 (0x2b4b0a53) f20 0x0000000000000000
core   0: 0x00000000800052dc (0x0b327553) fsub.d  fa0, ft4, fs3
core   0: 1 0x00000000800052dc (0x0b327553) f10 0x7ff8000000000000
core   0: 0x00000000800052e0 (0xd21304d3) fcvt.d.wu fs1, t1
core   0: 1 0x00000000800052e0 (0xd21304d3) f9  0x41e69a6b51200000
core   0: 0x00000000800052e4 (0xf2068653) fmv.d.x fa2, a3
core   0: 1 0x00000000800052e4 (0xf2068653) f12 0x000000000000001b
core   0: 0x00000000800052e8 (0x0003581b) srliw   a6, t1, 0
core   0: 1 0x00000000800052e8 (0x0003581b) x16 0xffffffffb4d35a89
core   0: 0x00000000800052ec (0x0035953b) sllw    a0, a1, gp
core   0: 1 0x00000000800052ec (0x0035953b) x10 0x000000007057c9e6
core   0: 0x00000000800052f0 (0x00181e73) csrrw   t3, fflags, a6
core   0: 1 0x00000000800052f0 (0x00181e73) x28 0x000000000000001b c1_fflags 0x0000000000000009
core   0: 0x00000000800052f4 (0x022156bb) divuw   a3, sp, sp
core   0: 1 0x00000000800052f4 (0x022156bb) x13 0x0000000000000001
core   0: 0x00000000800052f8 (0x43a65893) srai    a7, a2, 58
core   0: 1 0x00000000800052f8 (0x43a65893) x17 0x0000000000000000
core   0: 0x00000000800052fc (0x0277c3bb) divw    t2, a5, t2
core   0: 1 0x00000000800052fc (0x0277c3bb) x7  0xffffffffffdb58dd
core   0: 0x0000000080005300 (0x6123c913) xori    s2, t2, 1554
core   0: 1 0x0000000080005300 (0x6123c913) x18 0xffffffffffdb5ecf
core   0: 0x0000000080005304 (0xa4911db7) lui     s11, 0xa4911
core   0: 1 0x0000000080005304 (0xa4911db7) x27 0xffffffffa4911000
core   0: 0x0000000080005308 (0x401d7c53) fcvt.s.d fs8, fs10
core   0: 1 0x0000000080005308 (0x401d7c53) f24 0xffffffff7fc00000
core   0: 0x000000008000530c (0x016e4b33) xor     s6, t3, s6
core   0: 1 0x000000008000530c (0x016e4b33) x22 0x000000000000001a
core   0: 0x0000000080005310 (0x23c30053) fsgnj.d ft0, ft6, ft8
core   0: 1 0x0000000080005310 (0x23c30053) f0  0x7ff8000000000000
core   0: 0x0000000080005314 (0xe20c0a53) fmv.x.d s4, fs8
core   0: 1 0x0000000080005314 (0xe20c0a53) x20 0xffffffff7fc00000
core   0: 0x0000000080005318 (0xc0375ef3) csrrwi  t4, hpmcounter3, 14
core   0: exception trap_illegal_instruction, epc 0x0000000080005318
core   0:           tval 0x00000000c0375ef3
core   0: >>>>  $xrv64i2p1_m2p0_a2p1_f2p2_d2p2_zicsr2p0_zifencei2p0_zmmul1p0_zba1p0_zbb1p0_zbc1p0_zbs1p0
core   0: 0x0000000080004000 (0x0080006f) j       pc + 0x8
core   0: 3 0x0000000080004000 (0x0080006f)
core   0: >>>>  mmode_exception_handler
core   0: 0x0000000080004008 (0x00002c17) auipc   s8, 0x2
core   0: 3 0x0000000080004008 (0x00002c17) x24 0x0000000080006008
core   0: 0x000000008000400c (0x08ac0c13) addi    s8, s8, 138
core   0: 3 0x000000008000400c (0x08ac0c13) x24 0x0000000080006092
core   0: 0x0000000080004010 (0x000c00e7) jalr    s8
core   0: 3 0x0000000080004010 (0x000c00e7) x1  0x0000000080004014
core   0: >>>>  any_handler
core   0: 0x0000000080006092 (0x341027f3) csrrs   a5, mepc, zero
core   0: 3 0x0000000080006092 (0x341027f3) x15 0x0000000080005318
core   0: 0x0000000080006096 (0x34202773) csrrs   a4, mcause, zero
core   0: 3 0x0000000080006096 (0x34202773) x14 0x0000000000000002
core   0: 0x000000008000609a (0x142026f3) csrrs   a3, scause, zero
core   0: 3 0x000000008000609a (0x142026f3) x13 0x000000000000001b
core   0: 0x000000008000609e (0x30402673) csrrs   a2, mie, zero
core   0: 3 0x000000008000609e (0x30402673) x12 0x0000000000000a00
core   0: 0x00000000800060a2 (0x344025f3) csrrs   a1, mip, zero
core   0: 3 0x00000000800060a2 (0x344025f3) x11 0x0000000000000080
core   0: 0x00000000800060a6 (0x343025f3) csrrs   a1, mtval, zero
core   0: 3 0x00000000800060a6 (0x343025f3) x11 0x00000000c0375ef3
core   0: 0x00000000800060aa (0x14302573) csrrs   a0, stval, zero
core   0: 3 0x00000000800060aa (0x14302573) x10 0x000000000000001b
core   0: 0x00000000800060ae (0xb02024f3) csrrs   s1, minstret, zero
core   0: 3 0x00000000800060ae (0xb02024f3) x9  0x0000000000000e53
core   0: 0x00000000800060b2 (0x0000a811) c.j     pc + 20
core   0: 3 0x00000000800060b2 (0xa811)
core   0: >>>>  mepc_4
core   0: 0x00000000800060c6 (0x00000791) c.addi  a5, 4
core   0: 3 0x00000000800060c6 (0x0791) x15 0x000000008000531c
core   0: 0x00000000800060c8 (0x34179073) csrrw   zero, mepc, a5
core   0: 3 0x00000000800060c8 (0x34179073) c833_mepc 0x000000008000531c
core   0: 0x00000000800060cc (0x30200073) mret
core   0: 3 0x00000000800060cc (0x30200073) c768_mstatus 0x8000000a001c61a2
core   0: 0x000000008000531c (0x01f4141b) slliw   s0, s0, 31
core   0: 1 0x000000008000531c (0x01f4141b) x8  0x0000000000000000
core   0: 0x0000000080005320 (0x01306033) or      zero, zero, s3
core   0: 1 0x0000000080005320 (0x01306033)
core   0: 0x0000000080005324 (0x0ff0000f) fence   iorw,iorw
core   0: 1 0x0000000080005324 (0x0ff0000f)
core   0: 0x0000000080005328 (0x03bd8a33) mul     s4, s11, s11
core   0: 1 0x0000000080005328 (0x03bd8a33) x20 0x20a80eb321000000
core   0: 0x000000008000532c (0x0ff0000f) fence   iorw,iorw
core   0: 1 0x000000008000532c (0x0ff0000f)
core   0: 0x0000000080005330 (0xc20773d3) fcvt.w.d t2, fa4
core   0: 1 0x0000000080005330 (0xc20773d3) c1_fflags 0x0000000000000009 x7  0x0000000000000000
core   0: 0x0000000080005334 (0x0bdcfed3) fsub.d  ft9, fs9, ft9
core   0: 1 0x0000000080005334 (0x0bdcfed3) f29 0x7ff8000000000000
core   0: 0x0000000080005338 (0xca0076c3) fmadd.d fa3, ft0, ft0, fs9
core   0: 1 0x0000000080005338 (0xca0076c3) f13 0x7ff8000000000000
core   0: 0x000000008000533c (0x00171773) csrrw   a4, fflags, a4
core   0: 1 0x000000008000533c (0x00171773) x14 0x0000000000000009 c1_fflags 0x0000000000000002
core   0: 0x0000000080005340 (0xdc268297) auipc   t0, 0xdc268
core   0: 1 0x0000000080005340 (0xdc268297) x5  0x000000005c26d340
core   0: 0x0000000080005344 (0xd21401d3) fcvt.d.wu ft3, s0
core   0: 1 0x0000000080005344 (0xd21401d3) f3  0x0000000000000000
core   0: 0x0000000080005348 (0x400ad393) srai    t2, s5, 0
core   0: 1 0x0000000080005348 (0x400ad393) x7  0x0000000000000000
core   0: 0x000000008000534c (0x03a39d93) slli    s11, t2, 58
core   0: 1 0x000000008000534c (0x03a39d93) x27 0x0000000000000000
core   0: 0x0000000080005350 (0x00f9abb7) lui     s7, 0xf9a
core   0: 1 0x0000000080005350 (0x00f9abb7) x23 0x0000000000f9a000
core   0: 0x0000000080005354 (0xcefb8b9b) addiw   s7, s7, -785
core   0: 1 0x0000000080005354 (0xcefb8b9b) x23 0x0000000000f99cef
core   0: 0x0000000080005358 (0x00000bba) c.slli  s7, 14
core   0: 1 0x0000000080005358 (0x0bba) x23 0x0000003e673bc000
core   0: 0x000000008000535a (0x199b8b93) addi    s7, s7, 409
core   0: 1 0x000000008000535a (0x199b8b93) x23 0x0000003e673bc199
core   0: 0x000000008000535e (0x2ad08853) fmin.d  fa6, ft1, fa3
core   0: 1 0x000000008000535e (0x2ad08853) f16 0x7ff8000000000000
core   0: 0x0000000080005362 (0xd20d82d3) fcvt.d.w ft5, s11
core   0: 1 0x0000000080005362 (0xd20d82d3) f5  0x0000000000000000
core   0: 0x0000000080005366 (0xf1505b73) csrrwi  s6, mconfigptr, 0
core   0: exception trap_illegal_instruction, epc 0x0000000080005366
core   0:           tval 0x00000000f1505b73
core   0: >>>>  $xrv64i2p1_m2p0_a2p1_f2p2_d2p2_zicsr2p0_zifencei2p0_zmmul1p0_zba1p0_zbb1p0_zbc1p0_zbs1p0
core   0: 0x0000000080004000 (0x0080006f) j       pc + 0x8
core   0: 3 0x0000000080004000 (0x0080006f)
core   0: >>>>  mmode_exception_handler
core   0: 0x0000000080004008 (0x00002c17) auipc   s8, 0x2
core   0: 3 0x0000000080004008 (0x00002c17) x24 0x0000000080006008
core   0: 0x000000008000400c (0x08ac0c13) addi    s8, s8, 138
core   0: 3 0x000000008000400c (0x08ac0c13) x24 0x0000000080006092
core   0: 0x0000000080004010 (0x000c00e7) jalr    s8
core   0: 3 0x0000000080004010 (0x000c00e7) x1  0x0000000080004014
core   0: >>>>  any_handler
core   0: 0x0000000080006092 (0x341027f3) csrrs   a5, mepc, zero
core   0: 3 0x0000000080006092 (0x341027f3) x15 0x0000000080005366
core   0: 0x0000000080006096 (0x34202773) csrrs   a4, mcause, zero
core   0: 3 0x0000000080006096 (0x34202773) x14 0x0000000000000002
core   0: 0x000000008000609a (0x142026f3) csrrs   a3, scause, zero
core   0: 3 0x000000008000609a (0x142026f3) x13 0x000000000000001b
core   0: 0x000000008000609e (0x30402673) csrrs   a2, mie, zero
core   0: 3 0x000000008000609e (0x30402673) x12 0x0000000000000a00
core   0: 0x00000000800060a2 (0x344025f3) csrrs   a1, mip, zero
core   0: 3 0x00000000800060a2 (0x344025f3) x11 0x0000000000000080
core   0: 0x00000000800060a6 (0x343025f3) csrrs   a1, mtval, zero
core   0: 3 0x00000000800060a6 (0x343025f3) x11 0x00000000f1505b73
core   0: 0x00000000800060aa (0x14302573) csrrs   a0, stval, zero
core   0: 3 0x00000000800060aa (0x14302573) x10 0x000000000000001b
core   0: 0x00000000800060ae (0xb02024f3) csrrs   s1, minstret, zero
core   0: 3 0x00000000800060ae (0xb02024f3) x9  0x0000000000000e76
core   0: 0x00000000800060b2 (0x0000a811) c.j     pc + 20
core   0: 3 0x00000000800060b2 (0xa811)
core   0: >>>>  mepc_4
core   0: 0x00000000800060c6 (0x00000791) c.addi  a5, 4
core   0: 3 0x00000000800060c6 (0x0791) x15 0x000000008000536a
core   0: 0x00000000800060c8 (0x34179073) csrrw   zero, mepc, a5
core   0: 3 0x00000000800060c8 (0x34179073) c833_mepc 0x000000008000536a
core   0: 0x00000000800060cc (0x30200073) mret
core   0: 3 0x00000000800060cc (0x30200073) c768_mstatus 0x8000000a001c61a2
core   0: 0x000000008000536a (0x90750097) auipc   ra, 0x90750
core   0: 1 0x000000008000536a (0x90750097) x1  0x000000001075536a
core   0: 0x000000008000536e (0x80097193) andi    gp, s2, -2048
core   0: 1 0x000000008000536e (0x80097193) x3  0xffffffffffdb5800
core   0: 0x0000000080005372 (0x4157573b) sraw    a4, a4, s5
core   0: 1 0x0000000080005372 (0x4157573b) x14 0x0000000000000002
core   0: 0x0000000080005376 (0x418e803b) subw    zero, t4, s8
core   0: 1 0x0000000080005376 (0x418e803b)
core   0: 0x000000008000537a (0x0a5379d3) fsub.d  fs3, ft6, ft5
core   0: 1 0x000000008000537a (0x0a5379d3) f19 0x7ff8000000000000
core   0: 0x000000008000537e (0xc0337553) fcvt.lu.s a0, ft6
core   0: 1 0x000000008000537e (0xc0337553) c1_fflags 0x0000000000000012 x10 0xffffffffffffffff
core   0: 0x0000000080005382 (0x4019f7d3) fcvt.s.d fa5, fs3
core   0: 1 0x0000000080005382 (0x4019f7d3) f15 0xffffffff7fc00000
core   0: 0x0000000080005386 (0x02408a3b) mulw    s4, ra, tp
core   0: 1 0x0000000080005386 (0x02408a3b) x20 0x0000000000000000
core   0: 0x000000008000538a (0x22bd9553) fsgnjn.d fa0, fs11, fa1
core   0: 1 0x000000008000538a (0x22bd9553) f10 0x7ff8000000000000
core   0: 0x000000008000538e (0x00222633) slt     a2, tp, sp
core   0: 1 0x000000008000538e (0x00222633) x12 0x0000000000000001
core   0: 0x0000000080005392 (0x2a5786d3) fmin.d  fa3, fa5, ft5
core   0: 1 0x0000000080005392 (0x2a5786d3) f13 0x0000000000000000
core   0: 0x0000000080005396 (0x01c58e3b) addw    t3, a1, t3
core   0: 1 0x0000000080005396 (0x01c58e3b) x28 0xfffffffff1505b8e
core   0: 0x000000008000539a (0xc029fc53) fcvt.l.s s8, fs3
core   0: 1 0x000000008000539a (0xc029fc53) c1_fflags 0x0000000000000012 x24 0x7fffffffffffffff
core   0: 0x000000008000539e (0x415ed43b) sraw    s0, t4, s5
core   0: 1 0x000000008000539e (0x415ed43b) x8  0x000000000001fffe
core   0: 0x00000000800053a2 (0xd02c7153) fcvt.s.l ft2, s8
core   0: 1 0x00000000800053a2 (0xd02c7153) c1_fflags 0x0000000000000013 f2  0xffffffff5f000000
core   0: 0x00000000800053a6 (0x5a06fad3) fsqrt.d fs5, fa3
core   0: 1 0x00000000800053a6 (0x5a06fad3) f21 0x0000000000000000
core   0: 0x00000000800053aa (0x800c0e1b) addiw   t3, s8, -2048
core   0: 1 0x00000000800053aa (0x800c0e1b) x28 0xfffffffffffff7ff
core   0: 0x00000000800053ae (0x2a0010d3) fmax.d  ft1, ft0, ft0
core   0: 1 0x00000000800053ae (0x2a0010d3) f1  0x7ff8000000000000
core   0: 0x00000000800053b2 (0xc026fd53) fcvt.l.s s10, fa3
core   0: 1 0x00000000800053b2 (0xc026fd53) c1_fflags 0x0000000000000013 x26 0x7fffffffffffffff
core   0: 0x00000000800053b6 (0x004558bb) srlw    a7, a0, tp
core   0: 1 0x00000000800053b6 (0x004558bb) x17 0xffffffffffffffff
core   0: 0x00000000800053ba (0x0112013b) addw    sp, tp, a7
core   0: 1 0x00000000800053ba (0x0112013b) x2  0xffffffffffffffff
core   0: 0x00000000800053be (0x4069d9b3) sra     s3, s3, t1
core   0: 1 0x00000000800053be (0x4069d9b3) x19 0x0000000000000000
core   0: 0x00000000800053c2 (0x01039e1b) slliw   t3, t2, 16
core   0: 1 0x00000000800053c2 (0x01039e1b) x28 0x0000000000000000
core   0: 0x00000000800053c6 (0x01267c33) and     s8, a2, s2
core   0: 1 0x00000000800053c6 (0x01267c33) x24 0x0000000000000001
core   0: 0x00000000800053ca (0xd2030dd3) fcvt.d.w fs11, t1
core   0: 1 0x00000000800053ca (0xd2030dd3) f27 0xc1d2cb295dc00000
core   0: 0x00000000800053ce (0x00635a3b) srlw    s4, t1, t1
core   0: 1 0x00000000800053ce (0x00635a3b) x20 0x00000000005a69ad
core   0: 0x00000000800053d2 (0x5a0cf653) fsqrt.d fa2, fs9
core   0: 1 0x00000000800053d2 (0x5a0cf653) f12 0x7ff8000000000000
core   0: 0x00000000800053d6 (0x0a87fc53) fsub.d  fs8, fa5, fs0
core   0: 1 0x00000000800053d6 (0x0a87fc53) f24 0x7ff8000000000000
core   0: 0x00000000800053da (0x001d181b) slliw   a6, s10, 1
core   0: 1 0x00000000800053da (0x001d181b) x16 0xfffffffffffffffe
core   0: 0x00000000800053de (0x001027f3) csrrs   a5, fflags, zero
core   0: 1 0x00000000800053de (0x001027f3) x15 0x0000000000000013
core   0: 0x00000000800053e2 (0x41bd863b) subw    a2, s11, s11
core   0: 1 0x00000000800053e2 (0x41bd863b) x12 0x0000000000000000
core   0: 0x00000000800053e6 (0xfd6b3637) lui     a2, 0xfd6b3
core   0: 1 0x00000000800053e6 (0xfd6b3637) x12 0xfffffffffd6b3000
core   0: 0x00000000800053ea (0x0f16061b) addiw   a2, a2, 241
core   0: 1 0x00000000800053ea (0x0f16061b) x12 0xfffffffffd6b30f1
core   0: 0x00000000800053ee (0x00000632) c.slli  a2, 12
core   0: 1 0x00000000800053ee (0x0632) x12 0xffffffd6b30f1000
core   0: 0x00000000800053f0 (0x03260613) addi    a2, a2, 50
core   0: 1 0x00000000800053f0 (0x03260613) x12 0xffffffd6b30f1032
core   0: 0x00000000800053f4 (0x03eef5d3) fadd.d  fa1, ft9, ft10
core   0: 1 0x00000000800053f4 (0x03eef5d3) f11 0x7ff8000000000000
core   0: 0x00000000800053f8 (0x03b6013b) mulw    sp, a2, s11
core   0: 1 0x00000000800053f8 (0x03b6013b) x2  0x0000000000000000
core   0: 0x00000000800053fc (0xc035f753) fcvt.lu.s a4, fa1
core   0: 1 0x00000000800053fc (0xc035f753) c1_fflags 0x0000000000000013 x14 0xffffffffffffffff
core   0: 0x0000000080005400 (0x002cdcb3) srl     s9, s9, sp
core   0: 1 0x0000000080005400 (0x002cdcb3) x25 0x0000000000000000
core   0: 0x0000000080005404 (0x303da9f3) csrrs   s3, mideleg, s11
core   0: exception trap_illegal_instruction, epc 0x0000000080005404
core   0:           tval 0x00000000303da9f3
core   0: >>>>  $xrv64i2p1_m2p0_a2p1_f2p2_d2p2_zicsr2p0_zifencei2p0_zmmul1p0_zba1p0_zbb1p0_zbc1p0_zbs1p0
core   0: 0x0000000080004000 (0x0080006f) j       pc + 0x8
core   0: 3 0x0000000080004000 (0x0080006f)
core   0: >>>>  mmode_exception_handler
core   0: 0x0000000080004008 (0x00002c17) auipc   s8, 0x2
core   0: 3 0x0000000080004008 (0x00002c17) x24 0x0000000080006008
core   0: 0x000000008000400c (0x08ac0c13) addi    s8, s8, 138
core   0: 3 0x000000008000400c (0x08ac0c13) x24 0x0000000080006092
core   0: 0x0000000080004010 (0x000c00e7) jalr    s8
core   0: 3 0x0000000080004010 (0x000c00e7) x1  0x0000000080004014
core   0: >>>>  any_handler
core   0: 0x0000000080006092 (0x341027f3) csrrs   a5, mepc, zero
core   0: 3 0x0000000080006092 (0x341027f3) x15 0x0000000080005404
core   0: 0x0000000080006096 (0x34202773) csrrs   a4, mcause, zero
core   0: 3 0x0000000080006096 (0x34202773) x14 0x0000000000000002
core   0: 0x000000008000609a (0x142026f3) csrrs   a3, scause, zero
core   0: 3 0x000000008000609a (0x142026f3) x13 0x000000000000001b
core   0: 0x000000008000609e (0x30402673) csrrs   a2, mie, zero
core   0: 3 0x000000008000609e (0x30402673) x12 0x0000000000000a00
core   0: 0x00000000800060a2 (0x344025f3) csrrs   a1, mip, zero
core   0: 3 0x00000000800060a2 (0x344025f3) x11 0x0000000000000080
core   0: 0x00000000800060a6 (0x343025f3) csrrs   a1, mtval, zero
core   0: 3 0x00000000800060a6 (0x343025f3) x11 0x00000000303da9f3
core   0: 0x00000000800060aa (0x14302573) csrrs   a0, stval, zero
core   0: 3 0x00000000800060aa (0x14302573) x10 0x000000000000001b
core   0: 0x00000000800060ae (0xb02024f3) csrrs   s1, minstret, zero
core   0: 3 0x00000000800060ae (0xb02024f3) x9  0x0000000000000ead
core   0: 0x00000000800060b2 (0x0000a811) c.j     pc + 20
core   0: 3 0x00000000800060b2 (0xa811)
core   0: >>>>  mepc_4
core   0: 0x00000000800060c6 (0x00000791) c.addi  a5, 4
core   0: 3 0x00000000800060c6 (0x0791) x15 0x0000000080005408
core   0: 0x00000000800060c8 (0x34179073) csrrw   zero, mepc, a5
core   0: 3 0x00000000800060c8 (0x34179073) c833_mepc 0x0000000080005408
core   0: 0x00000000800060cc (0x30200073) mret
core   0: 3 0x00000000800060cc (0x30200073) c768_mstatus 0x8000000a001c61a2
core   0: 0x0000000080005408 (0x02bc784f) fnmadd.d fa6, fs8, fa1, ft0
core   0: 1 0x0000000080005408 (0x02bc784f) f16 0x7ff8000000000000
core   0: 0x000000008000540c (0x00c31793) slli    a5, t1, 12
core   0: 1 0x000000008000540c (0x00c31793) x15 0xfffffb4d35a89000
core   0: 0x0000000080005410 (0xd1898293) addi    t0, s3, -744
core   0: 1 0x0000000080005410 (0xd1898293) x5  0xfffffffffffffd18
core   0: 0x0000000080005414 (0x40a75abb) sraw    s5, a4, a0
core   0: 1 0x0000000080005414 (0x40a75abb) x21 0x0000000000000000
core   0: 0x0000000080005418 (0xb0232c73) csrrs   s8, minstret, t1
core   0: exception trap_illegal_instruction, epc 0x0000000080005418
core   0:           tval 0x00000000b0232c73
core   0: >>>>  $xrv64i2p1_m2p0_a2p1_f2p2_d2p2_zicsr2p0_zifencei2p0_zmmul1p0_zba1p0_zbb1p0_zbc1p0_zbs1p0
core   0: 0x0000000080004000 (0x0080006f) j       pc + 0x8
core   0: 3 0x0000000080004000 (0x0080006f)
core   0: >>>>  mmode_exception_handler
core   0: 0x0000000080004008 (0x00002c17) auipc   s8, 0x2
core   0: 3 0x0000000080004008 (0x00002c17) x24 0x0000000080006008
core   0: 0x000000008000400c (0x08ac0c13) addi    s8, s8, 138
core   0: 3 0x000000008000400c (0x08ac0c13) x24 0x0000000080006092
core   0: 0x0000000080004010 (0x000c00e7) jalr    s8
core   0: 3 0x0000000080004010 (0x000c00e7) x1  0x0000000080004014
core   0: >>>>  any_handler
core   0: 0x0000000080006092 (0x341027f3) csrrs   a5, mepc, zero
core   0: 3 0x0000000080006092 (0x341027f3) x15 0x0000000080005418
core   0: 0x0000000080006096 (0x34202773) csrrs   a4, mcause, zero
core   0: 3 0x0000000080006096 (0x34202773) x14 0x0000000000000002
core   0: 0x000000008000609a (0x142026f3) csrrs   a3, scause, zero
core   0: 3 0x000000008000609a (0x142026f3) x13 0x000000000000001b
core   0: 0x000000008000609e (0x30402673) csrrs   a2, mie, zero
core   0: 3 0x000000008000609e (0x30402673) x12 0x0000000000000a00
core   0: 0x00000000800060a2 (0x344025f3) csrrs   a1, mip, zero
core   0: 3 0x00000000800060a2 (0x344025f3) x11 0x0000000000000080
core   0: 0x00000000800060a6 (0x343025f3) csrrs   a1, mtval, zero
core   0: 3 0x00000000800060a6 (0x343025f3) x11 0x00000000b0232c73
core   0: 0x00000000800060aa (0x14302573) csrrs   a0, stval, zero
core   0: 3 0x00000000800060aa (0x14302573) x10 0x000000000000001b
core   0: 0x00000000800060ae (0xb02024f3) csrrs   s1, minstret, zero
core   0: 3 0x00000000800060ae (0xb02024f3) x9  0x0000000000000ec1
core   0: 0x00000000800060b2 (0x0000a811) c.j     pc + 20
core   0: 3 0x00000000800060b2 (0xa811)
core   0: >>>>  mepc_4
core   0: 0x00000000800060c6 (0x00000791) c.addi  a5, 4
core   0: 3 0x00000000800060c6 (0x0791) x15 0x000000008000541c
core   0: 0x00000000800060c8 (0x34179073) csrrw   zero, mepc, a5
core   0: 3 0x00000000800060c8 (0x34179073) c833_mepc 0x000000008000541c
core   0: 0x00000000800060cc (0x30200073) mret
core   0: 3 0x00000000800060cc (0x30200073) c768_mstatus 0x8000000a001c61a2
core   0: 0x000000008000541c (0x00a4de33) srl     t3, s1, a0
core   0: 1 0x000000008000541c (0x00a4de33) x28 0x0000000000000000
core   0: 0x0000000080005420 (0x8004841b) addiw   s0, s1, -2048
core   0: 1 0x0000000080005420 (0x8004841b) x8  0x00000000000006c1
core   0: 0x0000000080005424 (0x01ae5ab3) srl     s5, t3, s10
core   0: 1 0x0000000080005424 (0x01ae5ab3) x21 0x0000000000000000
core   0: 0x0000000080005428 (0x2b8c0fd3) fmin.d  ft11, fs8, fs8
core   0: 1 0x0000000080005428 (0x2b8c0fd3) f31 0x7ff8000000000000
core   0: 0x000000008000542c (0xe2098ed3) fmv.x.d t4, fs3
core   0: 1 0x000000008000542c (0xe2098ed3) x29 0x7ff8000000000000
core   0: 0x0000000080005430 (0x1b3977d3) fdiv.d  fa5, fs2, fs3
core   0: 1 0x0000000080005430 (0x1b3977d3) f15 0x7ff8000000000000
core   0: 0x0000000080005434 (0xb2627dcb) fnmsub.d fs11, ft4, ft6, fs6
core   0: 1 0x0000000080005434 (0xb2627dcb) f27 0x7ff8000000000000
core   0: 0x0000000080005438 (0x005812b3) sll     t0, a6, t0
core   0: 1 0x0000000080005438 (0x005812b3) x5  0xfffffffffe000000
core   0: 0x000000008000543c (0x001a9af3) csrrw   s5, fflags, s5
core   0: 1 0x000000008000543c (0x001a9af3) x21 0x0000000000000013 c1_fflags 0x0000000000000000
core   0: 0x0000000080005440 (0x002a91f3) csrrw   gp, frm, s5
core   0: 1 0x0000000080005440 (0x002a91f3) x3  0x0000000000000000 c2_frm 0x0000000000000003
core   0: 0x0000000080005444 (0xa6413897) auipc   a7, 0xa6413
core   0: 1 0x0000000080005444 (0xa6413897) x17 0x0000000026418444
core   0: 0x0000000080005448 (0x00202573) csrrs   a0, frm, zero
core   0: 1 0x0000000080005448 (0x00202573) x10 0x0000000000000003
core   0: 0x000000008000544c (0x00188b93) addi    s7, a7, 1
core   0: 1 0x000000008000544c (0x00188b93) x23 0x0000000026418445
core   0: 0x0000000080005450 (0x0030a0b3) slt     ra, ra, gp
core   0: 1 0x0000000080005450 (0x0030a0b3) x1  0x0000000000000000
core   0: 0x0000000080005454 (0x63cc6813) ori     a6, s8, 1596
core   0: 1 0x0000000080005454 (0x63cc6813) x16 0x00000000800066be
core   0: 0x0000000080005458 (0x00d31e13) slli    t3, t1, 13
core   0: 1 0x0000000080005458 (0x00d31e13) x28 0xfffff69a6b512000
core   0: 0x000000008000545c (0xf20b8353) fmv.d.x ft6, s7
core   0: 1 0x000000008000545c (0xf20b8353) f6  0x0000000026418445
core   0: 0x0000000080005460 (0x002696f3) csrrw   a3, frm, a3
core   0: 1 0x0000000080005460 (0x002696f3) x13 0x0000000000000003 c2_frm 0x0000000000000003
core   0: 0x0000000080005464 (0x0016dc3b) srlw    s8, a3, ra
core   0: 1 0x0000000080005464 (0x0016dc3b) x24 0x0000000000000003
core   0: 0x0000000080005468 (0x401ffad3) fcvt.s.d fs5, ft11
core   0: 1 0x0000000080005468 (0x401ffad3) f21 0xffffffff7fc00000
core   0: 0x000000008000546c (0x4012f153) fcvt.s.d ft2, ft5
core   0: 1 0x000000008000546c (0x4012f153) f2  0xffffffff00000000
core   0: 0x0000000080005470 (0x0ff0000f) fence   iorw,iorw
core   0: 1 0x0000000080005470 (0x0ff0000f)
core   0: 0x0000000080005474 (0x00115c9b) srliw   s9, sp, 1
core   0: 1 0x0000000080005474 (0x00115c9b) x25 0x0000000000000000
core   0: 0x0000000080005478 (0xd23575d3) fcvt.d.lu fa1, a0
core   0: 1 0x0000000080005478 (0xd23575d3) f11 0x4008000000000000
core   0: 0x000000008000547c (0x0340f253) fadd.d  ft4, ft1, fs4
core   0: 1 0x000000008000547c (0x0340f253) f4  0x7ff8000000000000
core   0: 0x0000000080005480 (0xdbc5f347) fmsub.d ft6, fa1, ft8, fs11
core   0: 1 0x0000000080005480 (0xdbc5f347) f6  0x7ff8000000000000
core   0: 0x0000000080005484 (0x0248d313) srli    t1, a7, 36
core   0: 1 0x0000000080005484 (0x0248d313) x6  0x0000000000000000
core   0: 0x0000000080005488 (0x1a86ed13) ori     s10, a3, 424
core   0: 1 0x0000000080005488 (0x1a86ed13) x26 0x00000000000001ab
core   0: 0x000000008000548c (0x00115113) srli    sp, sp, 1
core   0: 1 0x000000008000548c (0x00115113) x2  0x0000000000000000
core   0: 0x0000000080005490 (0x00c1563b) srlw    a2, sp, a2
core   0: 1 0x0000000080005490 (0x00c1563b) x12 0x0000000000000000
core   0: 0x0000000080005494 (0x01a5d5bb) srlw    a1, a1, s10
core   0: 1 0x0000000080005494 (0x01a5d5bb) x11 0x0000000000160465
core   0: 0x0000000080005498 (0x035b2ab3) mulhsu  s5, s6, s5
core   0: 1 0x0000000080005498 (0x035b2ab3) x21 0x0000000000000000
core   0: 0x000000008000549c (0x00259873) csrrw   a6, frm, a1
core   0: 1 0x000000008000549c (0x00259873) x16 0x0000000000000003 c2_frm 0x0000000000000005
core   0: 0x00000000800054a0 (0x0bc1f1d3) fsub.d  ft3, ft3, ft8
core   0: exception trap_illegal_instruction, epc 0x00000000800054a0
core   0:           tval 0x000000000bc1f1d3
core   0: >>>>  $xrv64i2p1_m2p0_a2p1_f2p2_d2p2_zicsr2p0_zifencei2p0_zmmul1p0_zba1p0_zbb1p0_zbc1p0_zbs1p0
core   0: 0x0000000080004000 (0x0080006f) j       pc + 0x8
core   0: 3 0x0000000080004000 (0x0080006f)
core   0: >>>>  mmode_exception_handler
core   0: 0x0000000080004008 (0x00002c17) auipc   s8, 0x2
core   0: 3 0x0000000080004008 (0x00002c17) x24 0x0000000080006008
core   0: 0x000000008000400c (0x08ac0c13) addi    s8, s8, 138
core   0: 3 0x000000008000400c (0x08ac0c13) x24 0x0000000080006092
core   0: 0x0000000080004010 (0x000c00e7) jalr    s8
core   0: 3 0x0000000080004010 (0x000c00e7) x1  0x0000000080004014
core   0: >>>>  any_handler
core   0: 0x0000000080006092 (0x341027f3) csrrs   a5, mepc, zero
core   0: 3 0x0000000080006092 (0x341027f3) x15 0x00000000800054a0
core   0: 0x0000000080006096 (0x34202773) csrrs   a4, mcause, zero
core   0: 3 0x0000000080006096 (0x34202773) x14 0x0000000000000002
core   0: 0x000000008000609a (0x142026f3) csrrs   a3, scause, zero
core   0: 3 0x000000008000609a (0x142026f3) x13 0x000000000000001b
core   0: 0x000000008000609e (0x30402673) csrrs   a2, mie, zero
core   0: 3 0x000000008000609e (0x30402673) x12 0x0000000000000a00
core   0: 0x00000000800060a2 (0x344025f3) csrrs   a1, mip, zero
core   0: 3 0x00000000800060a2 (0x344025f3) x11 0x0000000000000080
core   0: 0x00000000800060a6 (0x343025f3) csrrs   a1, mtval, zero
core   0: 3 0x00000000800060a6 (0x343025f3) x11 0x000000000bc1f1d3
core   0: 0x00000000800060aa (0x14302573) csrrs   a0, stval, zero
core   0: 3 0x00000000800060aa (0x14302573) x10 0x000000000000001b
core   0: 0x00000000800060ae (0xb02024f3) csrrs   s1, minstret, zero
core   0: 3 0x00000000800060ae (0xb02024f3) x9  0x0000000000000ef2
core   0: 0x00000000800060b2 (0x0000a811) c.j     pc + 20
core   0: 3 0x00000000800060b2 (0xa811)
core   0: >>>>  mepc_4
core   0: 0x00000000800060c6 (0x00000791) c.addi  a5, 4
core   0: 3 0x00000000800060c6 (0x0791) x15 0x00000000800054a4
core   0: 0x00000000800060c8 (0x34179073) csrrw   zero, mepc, a5
core   0: 3 0x00000000800060c8 (0x34179073) c833_mepc 0x00000000800054a4
core   0: 0x00000000800060cc (0x30200073) mret
core   0: 3 0x00000000800060cc (0x30200073) c768_mstatus 0x8000000a001c61a2
core   0: 0x00000000800054a4 (0xd02c7d53) fcvt.s.l fs10, s8
core   0: exception trap_illegal_instruction, epc 0x00000000800054a4
core   0:           tval 0x00000000d02c7d53
core   0: >>>>  $xrv64i2p1_m2p0_a2p1_f2p2_d2p2_zicsr2p0_zifencei2p0_zmmul1p0_zba1p0_zbb1p0_zbc1p0_zbs1p0
core   0: 0x0000000080004000 (0x0080006f) j       pc + 0x8
core   0: 3 0x0000000080004000 (0x0080006f)
core   0: >>>>  mmode_exception_handler
core   0: 0x0000000080004008 (0x00002c17) auipc   s8, 0x2
core   0: 3 0x0000000080004008 (0x00002c17) x24 0x0000000080006008
core   0: 0x000000008000400c (0x08ac0c13) addi    s8, s8, 138
core   0: 3 0x000000008000400c (0x08ac0c13) x24 0x0000000080006092
core   0: 0x0000000080004010 (0x000c00e7) jalr    s8
core   0: 3 0x0000000080004010 (0x000c00e7) x1  0x0000000080004014
core   0: >>>>  any_handler
core   0: 0x0000000080006092 (0x341027f3) csrrs   a5, mepc, zero
core   0: 3 0x0000000080006092 (0x341027f3) x15 0x00000000800054a4
core   0: 0x0000000080006096 (0x34202773) csrrs   a4, mcause, zero
core   0: 3 0x0000000080006096 (0x34202773) x14 0x0000000000000002
core   0: 0x000000008000609a (0x142026f3) csrrs   a3, scause, zero
core   0: 3 0x000000008000609a (0x142026f3) x13 0x000000000000001b
core   0: 0x000000008000609e (0x30402673) csrrs   a2, mie, zero
core   0: 3 0x000000008000609e (0x30402673) x12 0x0000000000000a00
core   0: 0x00000000800060a2 (0x344025f3) csrrs   a1, mip, zero
core   0: 3 0x00000000800060a2 (0x344025f3) x11 0x0000000000000080
core   0: 0x00000000800060a6 (0x343025f3) csrrs   a1, mtval, zero
core   0: 3 0x00000000800060a6 (0x343025f3) x11 0x00000000d02c7d53
core   0: 0x00000000800060aa (0x14302573) csrrs   a0, stval, zero
core   0: 3 0x00000000800060aa (0x14302573) x10 0x000000000000001b
core   0: 0x00000000800060ae (0xb02024f3) csrrs   s1, minstret, zero
core   0: 3 0x00000000800060ae (0xb02024f3) x9  0x0000000000000f02
core   0: 0x00000000800060b2 (0x0000a811) c.j     pc + 20
core   0: 3 0x00000000800060b2 (0xa811)
core   0: >>>>  mepc_4
core   0: 0x00000000800060c6 (0x00000791) c.addi  a5, 4
core   0: 3 0x00000000800060c6 (0x0791) x15 0x00000000800054a8
core   0: 0x00000000800060c8 (0x34179073) csrrw   zero, mepc, a5
core   0: 3 0x00000000800060c8 (0x34179073) c833_mepc 0x00000000800054a8
core   0: 0x00000000800060cc (0x30200073) mret
core   0: 3 0x00000000800060cc (0x30200073) c768_mstatus 0x8000000a001c61a2
core   0: 0x00000000800054a8 (0x02d43933) mulhu   s2, s0, a3
core   0: 1 0x00000000800054a8 (0x02d43933) x18 0x0000000000000000
core   0: 0x00000000800054ac (0x03517fd3) fadd.d  ft11, ft2, fs5
core   0: exception trap_illegal_instruction, epc 0x00000000800054ac
core   0:           tval 0x0000000003517fd3
core   0: >>>>  $xrv64i2p1_m2p0_a2p1_f2p2_d2p2_zicsr2p0_zifencei2p0_zmmul1p0_zba1p0_zbb1p0_zbc1p0_zbs1p0
core   0: 0x0000000080004000 (0x0080006f) j       pc + 0x8
core   0: 3 0x0000000080004000 (0x0080006f)
core   0: >>>>  mmode_exception_handler
core   0: 0x0000000080004008 (0x00002c17) auipc   s8, 0x2
core   0: 3 0x0000000080004008 (0x00002c17) x24 0x0000000080006008
core   0: 0x000000008000400c (0x08ac0c13) addi    s8, s8, 138
core   0: 3 0x000000008000400c (0x08ac0c13) x24 0x0000000080006092
core   0: 0x0000000080004010 (0x000c00e7) jalr    s8
core   0: 3 0x0000000080004010 (0x000c00e7) x1  0x0000000080004014
core   0: >>>>  any_handler
core   0: 0x0000000080006092 (0x341027f3) csrrs   a5, mepc, zero
core   0: 3 0x0000000080006092 (0x341027f3) x15 0x00000000800054ac
core   0: 0x0000000080006096 (0x34202773) csrrs   a4, mcause, zero
core   0: 3 0x0000000080006096 (0x34202773) x14 0x0000000000000002
core   0: 0x000000008000609a (0x142026f3) csrrs   a3, scause, zero
core   0: 3 0x000000008000609a (0x142026f3) x13 0x000000000000001b
core   0: 0x000000008000609e (0x30402673) csrrs   a2, mie, zero
core   0: 3 0x000000008000609e (0x30402673) x12 0x0000000000000a00
core   0: 0x00000000800060a2 (0x344025f3) csrrs   a1, mip, zero
core   0: 3 0x00000000800060a2 (0x344025f3) x11 0x0000000000000080
core   0: 0x00000000800060a6 (0x343025f3) csrrs   a1, mtval, zero
core   0: 3 0x00000000800060a6 (0x343025f3) x11 0x0000000003517fd3
core   0: 0x00000000800060aa (0x14302573) csrrs   a0, stval, zero
core   0: 3 0x00000000800060aa (0x14302573) x10 0x000000000000001b
core   0: 0x00000000800060ae (0xb02024f3) csrrs   s1, minstret, zero
core   0: 3 0x00000000800060ae (0xb02024f3) x9  0x0000000000000f13
core   0: 0x00000000800060b2 (0x0000a811) c.j     pc + 20
core   0: 3 0x00000000800060b2 (0xa811)
core   0: >>>>  mepc_4
core   0: 0x00000000800060c6 (0x00000791) c.addi  a5, 4
core   0: 3 0x00000000800060c6 (0x0791) x15 0x00000000800054b0
core   0: 0x00000000800060c8 (0x34179073) csrrw   zero, mepc, a5
core   0: 3 0x00000000800060c8 (0x34179073) c833_mepc 0x00000000800054b0
core   0: 0x00000000800060cc (0x30200073) mret
core   0: 3 0x00000000800060cc (0x30200073) c768_mstatus 0x8000000a001c61a2
core   0: 0x00000000800054b0 (0x89d094b7) lui     s1, 0x89d09
core   0: 1 0x00000000800054b0 (0x89d094b7) x9  0xffffffff89d09000
core   0: 0x00000000800054b4 (0x002027f3) csrrs   a5, frm, zero
core   0: 1 0x00000000800054b4 (0x002027f3) x15 0x0000000000000005
core   0: 0x00000000800054b8 (0x0234e1bb) remw    gp, s1, gp
core   0: 1 0x00000000800054b8 (0x0234e1bb) x3  0xffffffff89d09000
core   0: 0x00000000800054bc (0xc20772d3) fcvt.w.d t0, fa4
core   0: exception trap_illegal_instruction, epc 0x00000000800054bc
core   0:           tval 0x00000000c20772d3
core   0: >>>>  $xrv64i2p1_m2p0_a2p1_f2p2_d2p2_zicsr2p0_zifencei2p0_zmmul1p0_zba1p0_zbb1p0_zbc1p0_zbs1p0
core   0: 0x0000000080004000 (0x0080006f) j       pc + 0x8
core   0: 3 0x0000000080004000 (0x0080006f)
core   0: >>>>  mmode_exception_handler
core   0: 0x0000000080004008 (0x00002c17) auipc   s8, 0x2
core   0: 3 0x0000000080004008 (0x00002c17) x24 0x0000000080006008
core   0: 0x000000008000400c (0x08ac0c13) addi    s8, s8, 138
core   0: 3 0x000000008000400c (0x08ac0c13) x24 0x0000000080006092
core   0: 0x0000000080004010 (0x000c00e7) jalr    s8
core   0: 3 0x0000000080004010 (0x000c00e7) x1  0x0000000080004014
core   0: >>>>  any_handler
core   0: 0x0000000080006092 (0x341027f3) csrrs   a5, mepc, zero
core   0: 3 0x0000000080006092 (0x341027f3) x15 0x00000000800054bc
core   0: 0x0000000080006096 (0x34202773) csrrs   a4, mcause, zero
core   0: 3 0x0000000080006096 (0x34202773) x14 0x0000000000000002
core   0: 0x000000008000609a (0x142026f3) csrrs   a3, scause, zero
core   0: 3 0x000000008000609a (0x142026f3) x13 0x000000000000001b
core   0: 0x000000008000609e (0x30402673) csrrs   a2, mie, zero
core   0: 3 0x000000008000609e (0x30402673) x12 0x0000000000000a00
core   0: 0x00000000800060a2 (0x344025f3) csrrs   a1, mip, zero
core   0: 3 0x00000000800060a2 (0x344025f3) x11 0x0000000000000080
core   0: 0x00000000800060a6 (0x343025f3) csrrs   a1, mtval, zero
core   0: 3 0x00000000800060a6 (0x343025f3) x11 0x00000000c20772d3
core   0: 0x00000000800060aa (0x14302573) csrrs   a0, stval, zero
core   0: 3 0x00000000800060aa (0x14302573) x10 0x000000000000001b
core   0: 0x00000000800060ae (0xb02024f3) csrrs   s1, minstret, zero
core   0: 3 0x00000000800060ae (0xb02024f3) x9  0x0000000000000f26
core   0: 0x00000000800060b2 (0x0000a811) c.j     pc + 20
core   0: 3 0x00000000800060b2 (0xa811)
core   0: >>>>  mepc_4
core   0: 0x00000000800060c6 (0x00000791) c.addi  a5, 4
core   0: 3 0x00000000800060c6 (0x0791) x15 0x00000000800054c0
core   0: 0x00000000800060c8 (0x34179073) csrrw   zero, mepc, a5
core   0: 3 0x00000000800060c8 (0x34179073) c833_mepc 0x00000000800054c0
core   0: 0x00000000800060cc (0x30200073) mret
core   0: 3 0x00000000800060cc (0x30200073) c768_mstatus 0x8000000a001c61a2
core   0: 0x00000000800054c0 (0x2a210153) fmin.d  ft2, ft2, ft2
core   0: 1 0x00000000800054c0 (0x2a210153) f2  0x7ff8000000000000
core   0: 0x00000000800054c4 (0x00625233) srl     tp, tp, t1
core   0: 1 0x00000000800054c4 (0x00625233) x4  0x0000000000000000
core   0: 0x00000000800054c8 (0xd038fed3) fcvt.s.lu ft9, a7
core   0: exception trap_illegal_instruction, epc 0x00000000800054c8
core   0:           tval 0x00000000d038fed3
core   0: >>>>  $xrv64i2p1_m2p0_a2p1_f2p2_d2p2_zicsr2p0_zifencei2p0_zmmul1p0_zba1p0_zbb1p0_zbc1p0_zbs1p0
core   0: 0x0000000080004000 (0x0080006f) j       pc + 0x8
core   0: 3 0x0000000080004000 (0x0080006f)
core   0: >>>>  mmode_exception_handler
core   0: 0x0000000080004008 (0x00002c17) auipc   s8, 0x2
core   0: 3 0x0000000080004008 (0x00002c17) x24 0x0000000080006008
core   0: 0x000000008000400c (0x08ac0c13) addi    s8, s8, 138
core   0: 3 0x000000008000400c (0x08ac0c13) x24 0x0000000080006092
core   0: 0x0000000080004010 (0x000c00e7) jalr    s8
core   0: 3 0x0000000080004010 (0x000c00e7) x1  0x0000000080004014
core   0: >>>>  any_handler
core   0: 0x0000000080006092 (0x341027f3) csrrs   a5, mepc, zero
core   0: 3 0x0000000080006092 (0x341027f3) x15 0x00000000800054c8
core   0: 0x0000000080006096 (0x34202773) csrrs   a4, mcause, zero
core   0: 3 0x0000000080006096 (0x34202773) x14 0x0000000000000002
core   0: 0x000000008000609a (0x142026f3) csrrs   a3, scause, zero
core   0: 3 0x000000008000609a (0x142026f3) x13 0x000000000000001b
core   0: 0x000000008000609e (0x30402673) csrrs   a2, mie, zero
core   0: 3 0x000000008000609e (0x30402673) x12 0x0000000000000a00
core   0: 0x00000000800060a2 (0x344025f3) csrrs   a1, mip, zero
core   0: 3 0x00000000800060a2 (0x344025f3) x11 0x0000000000000080
core   0: 0x00000000800060a6 (0x343025f3) csrrs   a1, mtval, zero
core   0: 3 0x00000000800060a6 (0x343025f3) x11 0x00000000d038fed3
core   0: 0x00000000800060aa (0x14302573) csrrs   a0, stval, zero
core   0: 3 0x00000000800060aa (0x14302573) x10 0x000000000000001b
core   0: 0x00000000800060ae (0xb02024f3) csrrs   s1, minstret, zero
core   0: 3 0x00000000800060ae (0xb02024f3) x9  0x0000000000000f38
core   0: 0x00000000800060b2 (0x0000a811) c.j     pc + 20
core   0: 3 0x00000000800060b2 (0xa811)
core   0: >>>>  mepc_4
core   0: 0x00000000800060c6 (0x00000791) c.addi  a5, 4
core   0: 3 0x00000000800060c6 (0x0791) x15 0x00000000800054cc
core   0: 0x00000000800060c8 (0x34179073) csrrw   zero, mepc, a5
core   0: 3 0x00000000800060c8 (0x34179073) c833_mepc 0x00000000800054cc
core   0: 0x00000000800060cc (0x30200073) mret
core   0: 3 0x00000000800060cc (0x30200073) c768_mstatus 0x8000000a001c61a2
core   0: 0x00000000800054cc (0x4055d793) srai    a5, a1, 5
core   0: 1 0x00000000800054cc (0x4055d793) x15 0x000000000681c7f6
core   0: 0x00000000800054d0 (0x310492f3) csrrw   t0, mstatush, s1
core   0: exception trap_illegal_instruction, epc 0x00000000800054d0
core   0:           tval 0x00000000310492f3
core   0: >>>>  $xrv64i2p1_m2p0_a2p1_f2p2_d2p2_zicsr2p0_zifencei2p0_zmmul1p0_zba1p0_zbb1p0_zbc1p0_zbs1p0
core   0: 0x0000000080004000 (0x0080006f) j       pc + 0x8
core   0: 3 0x0000000080004000 (0x0080006f)
core   0: >>>>  mmode_exception_handler
core   0: 0x0000000080004008 (0x00002c17) auipc   s8, 0x2
core   0: 3 0x0000000080004008 (0x00002c17) x24 0x0000000080006008
core   0: 0x000000008000400c (0x08ac0c13) addi    s8, s8, 138
core   0: 3 0x000000008000400c (0x08ac0c13) x24 0x0000000080006092
core   0: 0x0000000080004010 (0x000c00e7) jalr    s8
core   0: 3 0x0000000080004010 (0x000c00e7) x1  0x0000000080004014
core   0: >>>>  any_handler
core   0: 0x0000000080006092 (0x341027f3) csrrs   a5, mepc, zero
core   0: 3 0x0000000080006092 (0x341027f3) x15 0x00000000800054d0
core   0: 0x0000000080006096 (0x34202773) csrrs   a4, mcause, zero
core   0: 3 0x0000000080006096 (0x34202773) x14 0x0000000000000002
core   0: 0x000000008000609a (0x142026f3) csrrs   a3, scause, zero
core   0: 3 0x000000008000609a (0x142026f3) x13 0x000000000000001b
core   0: 0x000000008000609e (0x30402673) csrrs   a2, mie, zero
core   0: 3 0x000000008000609e (0x30402673) x12 0x0000000000000a00
core   0: 0x00000000800060a2 (0x344025f3) csrrs   a1, mip, zero
core   0: 3 0x00000000800060a2 (0x344025f3) x11 0x0000000000000080
core   0: 0x00000000800060a6 (0x343025f3) csrrs   a1, mtval, zero
core   0: 3 0x00000000800060a6 (0x343025f3) x11 0x00000000310492f3
core   0: 0x00000000800060aa (0x14302573) csrrs   a0, stval, zero
core   0: 3 0x00000000800060aa (0x14302573) x10 0x000000000000001b
core   0: 0x00000000800060ae (0xb02024f3) csrrs   s1, minstret, zero
core   0: 3 0x00000000800060ae (0xb02024f3) x9  0x0000000000000f49
core   0: 0x00000000800060b2 (0x0000a811) c.j     pc + 20
core   0: 3 0x00000000800060b2 (0xa811)
core   0: >>>>  mepc_4
core   0: 0x00000000800060c6 (0x00000791) c.addi  a5, 4
core   0: 3 0x00000000800060c6 (0x0791) x15 0x00000000800054d4
core   0: 0x00000000800060c8 (0x34179073) csrrw   zero, mepc, a5
core   0: 3 0x00000000800060c8 (0x34179073) c833_mepc 0x00000000800054d4
core   0: 0x00000000800060cc (0x30200073) mret
core   0: 3 0x00000000800060cc (0x30200073) c768_mstatus 0x8000000a001c61a2
core   0: 0x00000000800054d4 (0x40248cb3) sub     s9, s1, sp
core   0: 1 0x00000000800054d4 (0x40248cb3) x25 0x0000000000000f49
core   0: 0x00000000800054d8 (0x4195053b) subw    a0, a0, s9
core   0: 1 0x00000000800054d8 (0x4195053b) x10 0xfffffffffffff0d2
core   0: 0x00000000800054dc (0x0010521b) srliw   tp, zero, 1
core   0: 1 0x00000000800054dc (0x0010521b) x4  0x0000000000000000
core   0: 0x00000000800054e0 (0x0021139b) slliw   t2, sp, 2
core   0: 1 0x00000000800054e0 (0x0021139b) x7  0x0000000000000000
core   0: 0x00000000800054e4 (0x00e18a33) add     s4, gp, a4
core   0: 1 0x00000000800054e4 (0x00e18a33) x20 0xffffffff89d09002
core   0: 0x00000000800054e8 (0x00085a93) srli    s5, a6, 0
core   0: 1 0x00000000800054e8 (0x00085a93) x21 0x0000000000000003
core   0: 0x00000000800054ec (0x00087833) and     a6, a6, zero
core   0: 1 0x00000000800054ec (0x00087833) x16 0x0000000000000000
core   0: 0x00000000800054f0 (0xe20104d3) fmv.x.d s1, ft2
core   0: 1 0x00000000800054f0 (0xe20104d3) x9  0x7ff8000000000000
core   0: 0x00000000800054f4 (0x2aec8753) fmin.d  fa4, fs9, fa4
core   0: 1 0x00000000800054f4 (0x2aec8753) f14 0x0000000000000001
core   0: 0x00000000800054f8 (0xc02df553) fcvt.l.s a0, fs11
core   0: exception trap_illegal_instruction, epc 0x00000000800054f8
core   0:           tval 0x00000000c02df553
core   0: >>>>  $xrv64i2p1_m2p0_a2p1_f2p2_d2p2_zicsr2p0_zifencei2p0_zmmul1p0_zba1p0_zbb1p0_zbc1p0_zbs1p0
core   0: 0x0000000080004000 (0x0080006f) j       pc + 0x8
core   0: 3 0x0000000080004000 (0x0080006f)
core   0: >>>>  mmode_exception_handler
core   0: 0x0000000080004008 (0x00002c17) auipc   s8, 0x2
core   0: 3 0x0000000080004008 (0x00002c17) x24 0x0000000080006008
core   0: 0x000000008000400c (0x08ac0c13) addi    s8, s8, 138
core   0: 3 0x000000008000400c (0x08ac0c13) x24 0x0000000080006092
core   0: 0x0000000080004010 (0x000c00e7) jalr    s8
core   0: 3 0x0000000080004010 (0x000c00e7) x1  0x0000000080004014
core   0: >>>>  any_handler
core   0: 0x0000000080006092 (0x341027f3) csrrs   a5, mepc, zero
core   0: 3 0x0000000080006092 (0x341027f3) x15 0x00000000800054f8
core   0: 0x0000000080006096 (0x34202773) csrrs   a4, mcause, zero
core   0: 3 0x0000000080006096 (0x34202773) x14 0x0000000000000002
core   0: 0x000000008000609a (0x142026f3) csrrs   a3, scause, zero
core   0: 3 0x000000008000609a (0x142026f3) x13 0x000000000000001b
core   0: 0x000000008000609e (0x30402673) csrrs   a2, mie, zero
core   0: 3 0x000000008000609e (0x30402673) x12 0x0000000000000a00
core   0: 0x00000000800060a2 (0x344025f3) csrrs   a1, mip, zero
core   0: 3 0x00000000800060a2 (0x344025f3) x11 0x0000000000000080
core   0: 0x00000000800060a6 (0x343025f3) csrrs   a1, mtval, zero
core   0: 3 0x00000000800060a6 (0x343025f3) x11 0x00000000c02df553
core   0: 0x00000000800060aa (0x14302573) csrrs   a0, stval, zero
core   0: 3 0x00000000800060aa (0x14302573) x10 0x000000000000001b
core   0: 0x00000000800060ae (0xb02024f3) csrrs   s1, minstret, zero
core   0: 3 0x00000000800060ae (0xb02024f3) x9  0x0000000000000f62
core   0: 0x00000000800060b2 (0x0000a811) c.j     pc + 20
core   0: 3 0x00000000800060b2 (0xa811)
core   0: >>>>  mepc_4
core   0: 0x00000000800060c6 (0x00000791) c.addi  a5, 4
core   0: 3 0x00000000800060c6 (0x0791) x15 0x00000000800054fc
core   0: 0x00000000800060c8 (0x34179073) csrrw   zero, mepc, a5
core   0: 3 0x00000000800060c8 (0x34179073) c833_mepc 0x00000000800054fc
core   0: 0x00000000800060cc (0x30200073) mret
core   0: 3 0x00000000800060cc (0x30200073) c768_mstatus 0x8000000a001c61a2
core   0: 0x00000000800054fc (0x00221ef3) csrrw   t4, frm, tp
core   0: 1 0x00000000800054fc (0x00221ef3) x29 0x0000000000000005 c2_frm 0x0000000000000000
core   0: 0x0000000080005500 (0x002060b3) or      ra, zero, sp
core   0: 1 0x0000000080005500 (0x002060b3) x1  0x0000000000000000
core   0: 0x0000000080005504 (0x03d3f047) fmsub.d ft0, ft7, ft9, ft0
core   0: 1 0x0000000080005504 (0x03d3f047) f0  0x7ff8000000000000
core   0: 0x0000000080005508 (0x0012ce33) xor     t3, t0, ra
core   0: 1 0x0000000080005508 (0x0012ce33) x28 0xfffffffffe000000
core   0: 0x000000008000550c (0x021712b3) mulh    t0, a4, ra
core   0: 1 0x000000008000550c (0x021712b3) x5  0x0000000000000000
core   0: 0x0000000080005510 (0x235f9ad3) fsgnjn.d fs5, ft11, fs5
core   0: 1 0x0000000080005510 (0x235f9ad3) f21 0x7ff8000000000000
core   0: 0x0000000080005514 (0x00d2d49b) srliw   s1, t0, 13
core   0: 1 0x0000000080005514 (0x00d2d49b) x9  0x0000000000000000
core   0: 0x0000000080005518 (0x00041a13) slli    s4, s0, 0
core   0: 1 0x0000000080005518 (0x00041a13) x20 0x00000000000006c1
core   0: 0x000000008000551c (0x00129cf3) csrrw   s9, fflags, t0
core   0: 1 0x000000008000551c (0x00129cf3) x25 0x0000000000000000 c1_fflags 0x0000000000000000
core   0: 0x0000000080005520 (0x02d8dbb3) divu    s7, a7, a3
core   0: 1 0x0000000080005520 (0x02d8dbb3) x23 0x00000000016ab90c
core   0: 0x0000000080005524 (0x1a3a0713) addi    a4, s4, 419
core   0: 1 0x0000000080005524 (0x1a3a0713) x14 0x0000000000000864
core   0: 0x0000000080005528 (0x035af153) fadd.d  ft2, fs5, fs5
core   0: 1 0x0000000080005528 (0x035af153) f2  0x7ff8000000000000
core   0: 0x000000008000552c (0xf149eef3) csrrsi  t4, mhartid, 19
core   0: exception trap_illegal_instruction, epc 0x000000008000552c
core   0:           tval 0x00000000f149eef3
core   0: >>>>  $xrv64i2p1_m2p0_a2p1_f2p2_d2p2_zicsr2p0_zifencei2p0_zmmul1p0_zba1p0_zbb1p0_zbc1p0_zbs1p0
core   0: 0x0000000080004000 (0x0080006f) j       pc + 0x8
core   0: 3 0x0000000080004000 (0x0080006f)
core   0: >>>>  mmode_exception_handler
core   0: 0x0000000080004008 (0x00002c17) auipc   s8, 0x2
core   0: 3 0x0000000080004008 (0x00002c17) x24 0x0000000080006008
core   0: 0x000000008000400c (0x08ac0c13) addi    s8, s8, 138
core   0: 3 0x000000008000400c (0x08ac0c13) x24 0x0000000080006092
core   0: 0x0000000080004010 (0x000c00e7) jalr    s8
core   0: 3 0x0000000080004010 (0x000c00e7) x1  0x0000000080004014
core   0: >>>>  any_handler
core   0: 0x0000000080006092 (0x341027f3) csrrs   a5, mepc, zero
core   0: 3 0x0000000080006092 (0x341027f3) x15 0x000000008000552c
core   0: 0x0000000080006096 (0x34202773) csrrs   a4, mcause, zero
core   0: 3 0x0000000080006096 (0x34202773) x14 0x0000000000000002
core   0: 0x000000008000609a (0x142026f3) csrrs   a3, scause, zero
core   0: 3 0x000000008000609a (0x142026f3) x13 0x000000000000001b
core   0: 0x000000008000609e (0x30402673) csrrs   a2, mie, zero
core   0: 3 0x000000008000609e (0x30402673) x12 0x0000000000000a00
core   0: 0x00000000800060a2 (0x344025f3) csrrs   a1, mip, zero
core   0: 3 0x00000000800060a2 (0x344025f3) x11 0x0000000000000080
core   0: 0x00000000800060a6 (0x343025f3) csrrs   a1, mtval, zero
core   0: 3 0x00000000800060a6 (0x343025f3) x11 0x00000000f149eef3
core   0: 0x00000000800060aa (0x14302573) csrrs   a0, stval, zero
core   0: 3 0x00000000800060aa (0x14302573) x10 0x000000000000001b
core   0: 0x00000000800060ae (0xb02024f3) csrrs   s1, minstret, zero
core   0: 3 0x00000000800060ae (0xb02024f3) x9  0x0000000000000f7e
core   0: 0x00000000800060b2 (0x0000a811) c.j     pc + 20
core   0: 3 0x00000000800060b2 (0xa811)
core   0: >>>>  mepc_4
core   0: 0x00000000800060c6 (0x00000791) c.addi  a5, 4
core   0: 3 0x00000000800060c6 (0x0791) x15 0x0000000080005530
core   0: 0x00000000800060c8 (0x34179073) csrrw   zero, mepc, a5
core   0: 3 0x00000000800060c8 (0x34179073) c833_mepc 0x0000000080005530
core   0: 0x00000000800060cc (0x30200073) mret
core   0: 3 0x00000000800060cc (0x30200073) c768_mstatus 0x8000000a001c61a2
core   0: 0x0000000080005530 (0x0201debb) divuw   t4, gp, zero
core   0: 1 0x0000000080005530 (0x0201debb) x29 0xffffffffffffffff
core   0: 0x0000000080005534 (0x0067c133) xor     sp, a5, t1
core   0: 1 0x0000000080005534 (0x0067c133) x2  0x0000000080005530
core   0: 0x0000000080005538 (0xd21a8253) fcvt.d.wu ft4, s5
core   0: 1 0x0000000080005538 (0xd21a8253) f4  0x4008000000000000
core   0: 0x000000008000553c (0x00b180bb) addw    ra, gp, a1
core   0: 1 0x000000008000553c (0x00b180bb) x1  0x000000007b1a7ef3
core   0: 0x0000000080005540 (0xe2040653) fmv.x.d a2, fs0
core   0: 1 0x0000000080005540 (0xe2040653) x12 0xffffffff445f8000
core   0: 0x0000000080005544 (0x00179573) csrrw   a0, fflags, a5
core   0: 1 0x0000000080005544 (0x00179573) x10 0x0000000000000000 c1_fflags 0x0000000000000010
core   0: 0x0000000080005548 (0x1e77e693) ori     a3, a5, 487
core   0: 1 0x0000000080005548 (0x1e77e693) x13 0x00000000800055f7
core   0: 0x000000008000554c (0x23449653) fsgnjn.d fa2, fs1, fs4
core   0: 1 0x000000008000554c (0x23449653) f12 0xc1e69a6b51200000
core   0: 0x0000000080005550 (0xd02c7d53) fcvt.s.l fs10, s8
core   0: 1 0x0000000080005550 (0xd02c7d53) c1_fflags 0x0000000000000011 f26 0xffffffff4f000061
core   0: 0x0000000080005554 (0x23af27d3) fsgnjx.d fa5, ft10, fs10
core   0: 1 0x0000000080005554 (0x23af27d3) f15 0xc1e0000802800000
core   0: 0x0000000080005558 (0x4038d89b) sraiw   a7, a7, 3
core   0: 1 0x0000000080005558 (0x4038d89b) x17 0x0000000004c83088
core   0: 0x000000008000555c (0x01101bb3) sll     s7, zero, a7
core   0: 1 0x000000008000555c (0x01101bb3) x23 0x0000000000000000
core   0: 0x0000000080005560 (0xc236f9d3) fcvt.lu.d s3, fa3
core   0: 1 0x0000000080005560 (0xc236f9d3) x19 0x0000000000000000
core   0: 0x0000000080005564 (0x420785d3) fcvt.d.s fa1, fa5
core   0: 1 0x0000000080005564 (0x420785d3) f11 0x7ff8000000000000
core   0: 0x0000000080005568 (0xbab5f5c7) fmsub.d fa1, fa1, fa1, fs7
core   0: 1 0x0000000080005568 (0xbab5f5c7) f11 0x7ff8000000000000
core   0: 0x000000008000556c (0x01639e33) sll     t3, t2, s6
core   0: 1 0x000000008000556c (0x01639e33) x28 0x0000000000000000
core   0: 0x0000000080005570 (0x1a4cf153) fdiv.d  ft2, fs9, ft4
core   0: 1 0x0000000080005570 (0x1a4cf153) f2  0x7ff8000000000000
core   0: 0x0000000080005574 (0xd03e72d3) fcvt.s.lu ft5, t3
core   0: 1 0x0000000080005574 (0xd03e72d3) f5  0xffffffff00000000
core   0: 0x0000000080005578 (0x001e6a93) ori     s5, t3, 1
core   0: 1 0x0000000080005578 (0x001e6a93) x21 0x0000000000000001
core   0: 0x000000008000557c (0x5a02f853) fsqrt.d fa6, ft5
core   0: 1 0x000000008000557c (0x5a02f853) f16 0x7ff8000000000000
core   0: 0x0000000080005580 (0x000a979b) slliw   a5, s5, 0
core   0: 1 0x0000000080005580 (0x000a979b) x15 0x0000000000000001
core   0: 0x0000000080005584 (0x1b8cfe53) fdiv.d  ft8, fs9, fs8
core   0: 1 0x0000000080005584 (0x1b8cfe53) f28 0x7ff8000000000000
core   0: 0x0000000080005588 (0x0ff0000f) fence   iorw,iorw
core   0: 1 0x0000000080005588 (0x0ff0000f)
core   0: 0x000000008000558c (0x0b94fbd3) fsub.d  fs7, fs1, fs9
core   0: 1 0x000000008000558c (0x0b94fbd3) f23 0x7ff8000000000000
core   0: 0x0000000080005590 (0x03083bb3) mulhu   s7, a6, a6
core   0: 1 0x0000000080005590 (0x03083bb3) x23 0x0000000000000000
core   0: 0x0000000080005594 (0x004310bb) sllw    ra, t1, tp
core   0: 1 0x0000000080005594 (0x004310bb) x1  0x0000000000000000
core   0: 0x0000000080005598 (0xa38088d3) fle.d   a7, ft1, fs8
core   0: 1 0x0000000080005598 (0xa38088d3) c1_fflags 0x0000000000000011 x17 0x0000000000000000
core   0: 0x000000008000559c (0x006c9033) sll     zero, s9, t1
core   0: 1 0x000000008000559c (0x006c9033)
core   0: 0x00000000800055a0 (0x00202d73) csrrs   s10, frm, zero
core   0: 1 0x00000000800055a0 (0x00202d73) x26 0x0000000000000000
core   0: 0x00000000800055a4 (0x22868ed3) fsgnj.d ft9, fa3, fs0
core   0: 1 0x00000000800055a4 (0x22868ed3) f29 0x8000000000000000
core   0: 0x00000000800055a8 (0xd2118253) fcvt.d.wu ft4, gp
core   0: 1 0x00000000800055a8 (0xd2118253) f4  0x41e13a1200000000
core   0: 0x00000000800055ac (0x40f60c3b) subw    s8, a2, a5
core   0: 1 0x00000000800055ac (0x40f60c3b) x24 0x00000000445f7fff
core   0: 0x00000000800055b0 (0x22c8f04b) fnmsub.d ft0, fa7, fa2, ft4
core   0: 1 0x00000000800055b0 (0x22c8f04b) f0  0x7ff8000000000000
core   0: 0x00000000800055b4 (0x401370d3) fcvt.s.d ft1, ft6
core   0: 1 0x00000000800055b4 (0x401370d3) f1  0xffffffff7fc00000
core   0: 0x00000000800055b8 (0x019456bb) srlw    a3, s0, s9
core   0: 1 0x00000000800055b8 (0x019456bb) x13 0x00000000000006c1
core   0: 0x00000000800055bc (0x000a5a1b) srliw   s4, s4, 0
core   0: 1 0x00000000800055bc (0x000a5a1b) x20 0x00000000000006c1
core   0: 0x00000000800055c0 (0xa2132753) feq.d   a4, ft6, ft1
core   0: 1 0x00000000800055c0 (0xa2132753) x14 0x0000000000000000
core   0: 0x00000000800055c4 (0x01474db3) xor     s11, a4, s4
core   0: 1 0x00000000800055c4 (0x01474db3) x27 0x00000000000006c1
core   0: 0x00000000800055c8 (0x00000001) c.nop
core   0: 1 0x00000000800055c8 (0x0001)
core   0: 0x00000000800055ca (0x001028f3) csrrs   a7, fflags, zero
core   0: 1 0x00000000800055ca (0x001028f3) x17 0x0000000000000011
core   0: 0x00000000800055ce (0x79ba6017) auipc   zero, 0x79ba6
core   0: 1 0x00000000800055ce (0x79ba6017)
core   0: 0x00000000800055d2 (0xeadef747) fmsub.d fa4, ft9, fa3, ft9
core   0: 1 0x00000000800055d2 (0xeadef747) f14 0x0000000000000000
core   0: 0x00000000800055d6 (0x02998cb3) mul     s9, s3, s1
core   0: 1 0x00000000800055d6 (0x02998cb3) x25 0x0000000000000000
core   0: 0x00000000800055da (0x1005a473) csrrs   s0, sstatus, a1
core   0: 1 0x00000000800055da (0x1005a473) x8  0x80000002000c6122 c768_mstatus 0x8000000a001c61a2
core   0: 0x00000000800055de (0x00848b33) add     s6, s1, s0
core   0: 1 0x00000000800055de (0x00848b33) x22 0x80000002000c70a0
core   0: 0x00000000800055e2 (0xc036fc53) fcvt.lu.s s8, fa3
core   0: 1 0x00000000800055e2 (0xc036fc53) c1_fflags 0x0000000000000011 x24 0xffffffffffffffff
core   0: 0x00000000800055e6 (0xc02e7753) fcvt.l.s a4, ft8
core   0: 1 0x00000000800055e6 (0xc02e7753) c1_fflags 0x0000000000000011 x14 0x7fffffffffffffff
core   0: 0x00000000800055ea (0x235a8ad3) fsgnj.d fs5, fs5, fs5
core   0: 1 0x00000000800055ea (0x235a8ad3) f21 0x7ff8000000000000
core   0: 0x00000000800055ee (0x00799233) sll     tp, s3, t2
core   0: 1 0x00000000800055ee (0x00799233) x4  0x0000000000000000
core   0: 0x00000000800055f2 (0x417dd3b3) sra     t2, s11, s7
core   0: 1 0x00000000800055f2 (0x417dd3b3) x7  0x00000000000006c1
core   0: 0x00000000800055f6 (0x576c8c93) addi    s9, s9, 1398
core   0: 1 0x00000000800055f6 (0x576c8c93) x25 0x0000000000000576
core   0: 0x00000000800055fa (0x409482bb) subw    t0, s1, s1
core   0: 1 0x00000000800055fa (0x409482bb) x5  0x0000000000000000
core   0: 0x00000000800055fe (0x41dcd1bb) sraw    gp, s9, t4
core   0: 1 0x00000000800055fe (0x41dcd1bb) x3  0x0000000000000000
core   0: 0x0000000080005602 (0xc029fb53) fcvt.l.s s6, fs3
core   0: 1 0x0000000080005602 (0xc029fb53) c1_fflags 0x0000000000000011 x22 0x7fffffffffffffff
core   0: 0x0000000080005606 (0x03ce2eb3) mulhsu  t4, t3, t3
core   0: 1 0x0000000080005606 (0x03ce2eb3) x29 0x0000000000000000
core   0: 0x000000008000560a (0x00f383bb) addw    t2, t2, a5
core   0: 1 0x000000008000560a (0x00f383bb) x7  0x00000000000006c2
core   0: 0x000000008000560e (0x1b17ffd3) fdiv.d  ft11, fa5, fa7
core   0: 1 0x000000008000560e (0x1b17ffd3) f31 0x7ff8000000000000
core   0: 0x0000000080005612 (0x000e151b) slliw   a0, t3, 0
core   0: 1 0x0000000080005612 (0x000e151b) x10 0x0000000000000000
core   0: 0x0000000080005616 (0x40eedeb3) sra     t4, t4, a4
core   0: 1 0x0000000080005616 (0x40eedeb3) x29 0x0000000000000000
core   0: 0x000000008000561a (0x23611153) fsgnjn.d ft2, ft2, fs6
core   0: 1 0x000000008000561a (0x23611153) f2  0xfff8000000000000
core   0: 0x000000008000561e (0x9818c793) xori    a5, a7, -1663
core   0: 1 0x000000008000561e (0x9818c793) x15 0xfffffffffffff990
core   0: 0x0000000080005622 (0x40f0d63b) sraw    a2, ra, a5
core   0: 1 0x0000000080005622 (0x40f0d63b) x12 0x0000000000000000
core   0: 0x0000000080005626 (0x01b585bb) addw    a1, a1, s11
core   0: 1 0x0000000080005626 (0x01b585bb) x11 0xfffffffff149f5b4
core   0: 0x000000008000562a (0xc21d7453) fcvt.wu.d s0, fs10
core   0: 1 0x000000008000562a (0xc21d7453) c1_fflags 0x0000000000000011 x8  0xffffffffffffffff
core   0: 0x000000008000562e (0x039b5333) divu    t1, s6, s9
core   0: 1 0x000000008000562e (0x039b5333) x6  0x0017706f5610d8d0
core   0: 0x0000000080005632 (0x000b6313) ori     t1, s6, 0
core   0: 1 0x0000000080005632 (0x000b6313) x6  0x7fffffffffffffff
core   0: 0x0000000080005636 (0x002b98b3) sll     a7, s7, sp
core   0: 1 0x0000000080005636 (0x002b98b3) x17 0x0000000000000000
core   0: 0x000000008000563a (0x0261613b) remw    sp, sp, t1
core   0: 1 0x000000008000563a (0x0261613b) x2  0x0000000000000000
core   0: 0x000000008000563e (0x031b7c3b) remuw   s8, s6, a7
core   0: 1 0x000000008000563e (0x031b7c3b) x24 0xffffffffffffffff
core   0: 0x0000000080005642 (0xc03ff7d3) fcvt.lu.s a5, ft11
core   0: 1 0x0000000080005642 (0xc03ff7d3) c1_fflags 0x0000000000000011 x15 0xffffffffffffffff
core   0: 0x0000000080005646 (0x0368d193) srli    gp, a7, 54
core   0: 1 0x0000000080005646 (0x0368d193) x3  0x0000000000000000
core   0: 0x000000008000564a (0x03946b33) rem     s6, s0, s9
core   0: 1 0x000000008000564a (0x03946b33) x22 0xffffffffffffffff
core   0: 0x000000008000564e (0x023bfbb3) remu    s7, s7, gp
core   0: 1 0x000000008000564e (0x023bfbb3) x23 0x0000000000000000
core   0: 0x0000000080005652 (0xfa86f9c3) fmadd.d fs3, fa3, fs0, ft11
core   0: 1 0x0000000080005652 (0xfa86f9c3) f19 0x7ff8000000000000
core   0: 0x0000000080005656 (0xc2397ed3) fcvt.lu.d t4, fs2
core   0: 1 0x0000000080005656 (0xc2397ed3) x29 0x00000000342d94f3
core   0: 0x000000008000565a (0x234402d3) fsgnj.d ft5, fs0, fs4
core   0: 1 0x000000008000565a (0x234402d3) f5  0x7fffffff445f8000
core   0: 0x000000008000565e (0x0172ce33) xor     t3, t0, s7
core   0: 1 0x000000008000565e (0x0172ce33) x28 0x0000000000000000
core   0: 0x0000000080005662 (0x027e81b3) mul     gp, t4, t2
core   0: 1 0x0000000080005662 (0x027e81b3) x3  0x000001609c089226
core   0: 0x0000000080005666 (0xb0f46d37) lui     s10, 0xb0f46
core   0: 1 0x0000000080005666 (0xb0f46d37) x26 0xffffffffb0f46000
core   0: 0x000000008000566a (0x125a7ed3) fmul.d  ft9, fs4, ft5
core   0: 1 0x000000008000566a (0x125a7ed3) f29 0x7ff8000000000000
core   0: 0x000000008000566e (0x00db96b3) sll     a3, s7, a3
core   0: 1 0x000000008000566e (0x00db96b3) x13 0x0000000000000000
core   0: 0x0000000080005672 (0xd0257953) fcvt.s.l fs2, a0
core   0: 1 0x0000000080005672 (0xd0257953) f18 0xffffffff00000000
core   0: 0x0000000080005676 (0x039e1d33) mulh    s10, t3, s9
core   0: 1 0x0000000080005676 (0x039e1d33) x26 0x0000000000000000
core   0: 0x000000008000567a (0x00202673) csrrs   a2, frm, zero
core   0: 1 0x000000008000567a (0x00202673) x12 0x0000000000000000
core   0: 0x000000008000567e (0x01770bbb) addw    s7, a4, s7
core   0: 1 0x000000008000567e (0x01770bbb) x23 0xffffffffffffffff
core   0: 0x0000000080005682 (0xab9cfdcb) fnmsub.d fs11, fs9, fs9, fs5
core   0: 1 0x0000000080005682 (0xab9cfdcb) f27 0x7ff8000000000000
core   0: 0x0000000080005686 (0x40995a13) srai    s4, s2, 9
core   0: 1 0x0000000080005686 (0x40995a13) x20 0x0000000000000000
core   0: 0x000000008000568a (0x02a5ab33) mulhsu  s6, a1, a0
core   0: 1 0x000000008000568a (0x02a5ab33) x22 0x0000000000000000
core   0: 0x000000008000568e (0x01add233) srl     tp, s11, s10
core   0: 1 0x000000008000568e (0x01add233) x4  0x00000000000006c1
core   0: 0x0000000080005692 (0x7606e993) ori     s3, a3, 1888
core   0: 1 0x0000000080005692 (0x7606e993) x19 0x0000000000000760
core   0: 0x0000000080005696 (0x129a7953) fmul.d  fs2, fs4, fs1
core   0: 1 0x0000000080005696 (0x129a7953) f18 0x0000000000000000
core   0: 0x000000008000569a (0x035178bb) remuw   a7, sp, s5
core   0: 1 0x000000008000569a (0x035178bb) x17 0x0000000000000000
core   0: 0x000000008000569e (0xaa6ae193) ori     gp, s5, -1370
core   0: 1 0x000000008000569e (0xaa6ae193) x3  0xfffffffffffffaa7
core   0: 0x00000000800056a2 (0x048fda37) lui     s4, 0x48fd
core   0: 1 0x00000000800056a2 (0x048fda37) x20 0x00000000048fd000
core   0: 0x00000000800056a6 (0x953a0a1b) addiw   s4, s4, -1709
core   0: 1 0x00000000800056a6 (0x953a0a1b) x20 0x00000000048fc953
core   0: 0x00000000800056aa (0x00000a32) c.slli  s4, 12
core   0: 1 0x00000000800056aa (0x0a32) x20 0x00000048fc953000
core   0: 0x00000000800056ac (0x85ea0a13) addi    s4, s4, -1954
core   0: 1 0x00000000800056ac (0x85ea0a13) x20 0x00000048fc95285e
core   0: 0x00000000800056b0 (0xc202fc53) fcvt.w.d s8, ft5
core   0: 1 0x00000000800056b0 (0xc202fc53) c1_fflags 0x0000000000000011 x24 0x000000007fffffff
core   0: 0x00000000800056b4 (0xfffa011b) addiw   sp, s4, -1
core   0: 1 0x00000000800056b4 (0xfffa011b) x2  0xfffffffffc95285d
core   0: 0x00000000800056b8 (0x00000001) c.nop
core   0: 1 0x00000000800056b8 (0x0001)
core   0: 0x00000000800056ba (0x420f8953) fcvt.d.s fs2, ft11
core   0: 1 0x00000000800056ba (0x420f8953) f18 0x7ff8000000000000
core   0: 0x00000000800056be (0x42098153) fcvt.d.s ft2, fs3
core   0: 1 0x00000000800056be (0x42098153) f2  0x7ff8000000000000
core   0: 0x00000000800056c2 (0x01c1551b) srliw   a0, sp, 28
core   0: 1 0x00000000800056c2 (0x01c1551b) x10 0x000000000000000f
core   0: 0x00000000800056c6 (0x401c79d3) fcvt.s.d fs3, fs8
core   0: 1 0x00000000800056c6 (0x401c79d3) f19 0xffffffff7fc00000
core   0: 0x00000000800056ca (0x03b877d3) fadd.d  fa5, fa6, fs11
core   0: 1 0x00000000800056ca (0x03b877d3) f15 0x7ff8000000000000
core   0: 0x00000000800056ce (0x031e08bb) mulw    a7, t3, a7
core   0: 1 0x00000000800056ce (0x031e08bb) x17 0x0000000000000000
core   0: 0x00000000800056d2 (0x00d396bb) sllw    a3, t2, a3
core   0: 1 0x00000000800056d2 (0x00d396bb) x13 0x00000000000006c2
core   0: 0x00000000800056d6 (0x006300b3) add     ra, t1, t1
core   0: 1 0x00000000800056d6 (0x006300b3) x1  0xfffffffffffffffe
core   0: 0x00000000800056da (0x5a017153) fsqrt.d ft2, ft2
core   0: 1 0x00000000800056da (0x5a017153) f2  0x7ff8000000000000
core   0: 0x00000000800056de (0x01118ebb) addw    t4, gp, a7
core   0: 1 0x00000000800056de (0x01118ebb) x29 0xfffffffffffffaa7
core   0: 0x00000000800056e2 (0xff192337) lui     t1, 0xff192
core   0: 1 0x00000000800056e2 (0xff192337) x6  0xffffffffff192000
core   0: 0x00000000800056e6 (0x4673031b) addiw   t1, t1, 1127
core   0: 1 0x00000000800056e6 (0x4673031b) x6  0xffffffffff192467
core   0: 0x00000000800056ea (0x0000033e) c.slli  t1, 15
core   0: 1 0x00000000800056ea (0x033e) x6  0xffffff8c92338000
core   0: 0x00000000800056ec (0x25630313) addi    t1, t1, 598
core   0: 1 0x00000000800056ec (0x25630313) x6  0xffffff8c92338256
core   0: 0x00000000800056f0 (0x00000d96) c.slli  s11, 5
core   0: 1 0x00000000800056f0 (0x0d96) x27 0x000000000000d820
core   0: 0x00000000800056f2 (0x014a5d1b) srliw   s10, s4, 20
core   0: 1 0x00000000800056f2 (0x014a5d1b) x26 0x0000000000000fc9
core   0: 0x00000000800056f6 (0x4353d993) srai    s3, t2, 53
core   0: 1 0x00000000800056f6 (0x4353d993) x19 0x0000000000000000
core   0: 0x00000000800056fa (0x02221233) mulh    tp, tp, sp
core   0: 1 0x00000000800056fa (0x02221233) x4  0xffffffffffffffff
core   0: 0x00000000800056fe (0x018d1ab3) sll     s5, s10, s8
core   0: 1 0x00000000800056fe (0x018d1ab3) x21 0x8000000000000000
core   0: 0x0000000080005702 (0x5a027dd3) fsqrt.d fs11, ft4
core   0: 1 0x0000000080005702 (0x5a027dd3) c1_fflags 0x0000000000000011 f27 0x40e77a994068ff48
core   0: 0x0000000080005706 (0x1b60f7cb) fnmsub.d fa5, ft1, fs6, ft3
core   0: 1 0x0000000080005706 (0x1b60f7cb) f15 0x7ff8000000000000
core   0: 0x000000008000570a (0x010a1c3b) sllw    s8, s4, a6
core   0: 1 0x000000008000570a (0x010a1c3b) x24 0xfffffffffc95285e
core   0: 0x000000008000570e (0x414e033b) subw    t1, t3, s4
core   0: 1 0x000000008000570e (0x414e033b) x6  0x00000000036ad7a2
core   0: 0x0000000080005712 (0x00000001) c.nop
core   0: 1 0x0000000080005712 (0x0001)
core   0: 0x0000000080005714 (0xd22071d3) fcvt.d.l ft3, zero
core   0: 1 0x0000000080005714 (0xd22071d3) f3  0x0000000000000000
core   0: 0x0000000080005718 (0x00b4541b) srliw   s0, s0, 11
core   0: 1 0x0000000080005718 (0x00b4541b) x8  0x00000000001fffff
core   0: 0x000000008000571c (0xe1792913) slti    s2, s2, -489
core   0: 1 0x000000008000571c (0xe1792913) x18 0x0000000000000000
core   0: 0x0000000080005720 (0x011173b3) and     t2, sp, a7
core   0: 1 0x0000000080005720 (0x011173b3) x7  0x0000000000000000
core   0: 0x0000000080005724 (0x42058fd3) fcvt.d.s ft11, fa1
core   0: 1 0x0000000080005724 (0x42058fd3) f31 0x7ff8000000000000
core   0: 0x0000000080005728 (0x00b5da33) srl     s4, a1, a1
core   0: 1 0x0000000080005728 (0x00b5da33) x20 0x0000000000000fff
core   0: 0x000000008000572c (0x13fd7b53) fmul.d  fs6, fs10, ft11
core   0: 1 0x000000008000572c (0x13fd7b53) f22 0x7ff8000000000000
core   0: 0x0000000080005730 (0x03667353) fadd.d  ft6, fa2, fs6
core   0: 1 0x0000000080005730 (0x03667353) f6  0x7ff8000000000000
core   0: 0x0000000080005734 (0x41418cb3) sub     s9, gp, s4
core   0: 1 0x0000000080005734 (0x41418cb3) x25 0xffffffffffffeaa8
core   0: 0x0000000080005738 (0x41c282bb) subw    t0, t0, t3
core   0: 1 0x0000000080005738 (0x41c282bb) x5  0x0000000000000000
core   0: 0x000000008000573c (0xc2367053) fcvt.lu.d zero, fa2
core   0: 1 0x000000008000573c (0xc2367053) c1_fflags 0x0000000000000011
core   0: 0x0000000080005740 (0x0358bab3) mulhu   s5, a7, s5
core   0: 1 0x0000000080005740 (0x0358bab3) x21 0x0000000000000000
core   0: 0x0000000080005744 (0xc23971d3) fcvt.lu.d gp, fs2
core   0: 1 0x0000000080005744 (0xc23971d3) c1_fflags 0x0000000000000011 x3  0xffffffffffffffff
core   0: 0x0000000080005748 (0xd21a8c53) fcvt.d.wu fs8, s5
core   0: 1 0x0000000080005748 (0xd21a8c53) f24 0x0000000000000000
core   0: 0x000000008000574c (0xd02876d3) fcvt.s.l fa3, a6
core   0: 1 0x000000008000574c (0xd02876d3) f13 0xffffffff00000000
core   0: 0x0000000080005750 (0x022cca33) div     s4, s9, sp
core   0: 1 0x0000000080005750 (0x022cca33) x20 0x0000000000000000
core   0: 0x0000000080005754 (0x027ef2b3) remu    t0, t4, t2
core   0: 1 0x0000000080005754 (0x027ef2b3) x5  0xfffffffffffffaa7
core   0: 0x0000000080005758 (0x00000001) c.nop
core   0: 1 0x0000000080005758 (0x0001)
core   0: 0x000000008000575a (0x407e893b) subw    s2, t4, t2
core   0: 1 0x000000008000575a (0x407e893b) x18 0xfffffffffffffaa7
core   0: 0x000000008000575e (0x4149549b) sraiw   s1, s2, 20
core   0: 1 0x000000008000575e (0x4149549b) x9  0xffffffffffffffff
core   0: 0x0000000080005762 (0xd20c0fd3) fcvt.d.w ft11, s8
core   0: 1 0x0000000080005762 (0xd20c0fd3) f31 0xc18b56bd10000000
core   0: 0x0000000080005766 (0x027dd733) divu    a4, s11, t2
core   0: 1 0x0000000080005766 (0x027dd733) x14 0xffffffffffffffff
core   0: 0x000000008000576a (0x002970b3) and     ra, s2, sp
core   0: 1 0x000000008000576a (0x002970b3) x1  0xfffffffffc952805
core   0: 0x000000008000576e (0x0029143b) sllw    s0, s2, sp
core   0: 1 0x000000008000576e (0x0029143b) x8  0xffffffffe0000000
core   0: 0x0000000080005772 (0x0149d63b) srlw    a2, s3, s4
core   0: 1 0x0000000080005772 (0x0149d63b) x12 0x0000000000000000
core   0: 0x0000000080005776 (0x12587dc3) fmadd.d fs11, fa6, ft5, ft2
core   0: 1 0x0000000080005776 (0x12587dc3) f27 0x7ff8000000000000
core   0: 0x000000008000577a (0x0072163b) sllw    a2, tp, t2
core   0: 1 0x000000008000577a (0x0072163b) x12 0xffffffffffffffff
core   0: 0x000000008000577e (0x0078fcb3) and     s9, a7, t2
core   0: 1 0x000000008000577e (0x0078fcb3) x25 0x0000000000000000
core   0: 0x0000000080005782 (0x00339733) sll     a4, t2, gp
core   0: 1 0x0000000080005782 (0x00339733) x14 0x0000000000000000
core   0: 0x0000000080005786 (0x2a7903d3) fmin.d  ft7, fs2, ft7
core   0: 1 0x0000000080005786 (0x2a7903d3) f7  0x7ff8000000000000
core   0: 0x000000008000578a (0x02e234b3) mulhu   s1, tp, a4
core   0: 1 0x000000008000578a (0x02e234b3) x9  0x0000000000000000
core   0: 0x000000008000578e (0x03c5ee3b) remw    t3, a1, t3
core   0: 1 0x000000008000578e (0x03c5ee3b) x28 0xfffffffff149f5b4
core   0: 0x0000000080005792 (0x019df633) and     a2, s11, s9
core   0: 1 0x0000000080005792 (0x019df633) x12 0x0000000000000000
core   0: 0x0000000080005796 (0x052475b7) lui     a1, 0x5247
core   0: 1 0x0000000080005796 (0x052475b7) x11 0x0000000005247000
core   0: 0x000000008000579a (0x002027f3) csrrs   a5, frm, zero
core   0: 1 0x000000008000579a (0x002027f3) x15 0x0000000000000000
core   0: 0x000000008000579e (0x0ff0000f) fence   iorw,iorw
core   0: 1 0x000000008000579e (0x0ff0000f)
core   0: 0x00000000800057a2 (0xd2237e53) fcvt.d.l ft8, t1
core   0: 1 0x00000000800057a2 (0xd2237e53) f28 0x418b56bd10000000
core   0: 0x00000000800057a6 (0x22318053) fsgnj.d ft0, ft3, ft3
core   0: 1 0x00000000800057a6 (0x22318053) f0  0x0000000000000000
core   0: 0x00000000800057aa (0x5894f493) andi    s1, s1, 1417
core   0: 1 0x00000000800057aa (0x5894f493) x9  0x0000000000000000
core   0: 0x00000000800057ae (0x0397a733) mulhsu  a4, a5, s9
core   0: 1 0x00000000800057ae (0x0397a733) x14 0x0000000000000000
core   0: 0x00000000800057b2 (0xbb7cf313) andi    t1, s9, -1097
core   0: 1 0x00000000800057b2 (0xbb7cf313) x6  0x0000000000000000
core   0: 0x00000000800057b6 (0x229e14d3) fsgnjn.d fs1, ft8, fs1
core   0: 1 0x00000000800057b6 (0x229e14d3) f9  0xc18b56bd10000000
core   0: 0x00000000800057ba (0x02627253) fadd.d  ft4, ft4, ft6
core   0: 1 0x00000000800057ba (0x02627253) f4  0x7ff8000000000000
core   0: 0x00000000800057be (0x0225cc33) div     s8, a1, sp
core   0: 1 0x00000000800057be (0x0225cc33) x24 0xffffffffffffffff
core   0: 0x00000000800057c2 (0x23df9d53) fsgnjn.d fs10, ft11, ft9
core   0: 1 0x00000000800057c2 (0x23df9d53) f26 0xc18b56bd10000000
core   0: 0x00000000800057c6 (0x01ad43b3) xor     t2, s10, s10
core   0: 1 0x00000000800057c6 (0x01ad43b3) x7  0x0000000000000000
core   0: 0x00000000800057ca (0x018bd4b3) srl     s1, s7, s8
core   0: 1 0x00000000800057ca (0x018bd4b3) x9  0x0000000000000001
core   0: 0x00000000800057ce (0x00f6d69b) srliw   a3, a3, 15
core   0: 1 0x00000000800057ce (0x00f6d69b) x13 0x0000000000000000
core   0: 0x00000000800057d2 (0x0138d9b3) srl     s3, a7, s3
core   0: 1 0x00000000800057d2 (0x0138d9b3) x19 0x0000000000000000
core   0: 0x00000000800057d6 (0x9589f413) andi    s0, s3, -1704
core   0: 1 0x00000000800057d6 (0x9589f413) x8  0x0000000000000000
core   0: 0x00000000800057da (0x417bdbb3) sra     s7, s7, s7
core   0: 1 0x00000000800057da (0x417bdbb3) x23 0xffffffffffffffff
core   0: 0x00000000800057de (0x0250513b) divuw   sp, zero, t0
core   0: 1 0x00000000800057de (0x0250513b) x2  0x0000000000000000
core   0: 0x00000000800057e2 (0x01a7dabb) srlw    s5, a5, s10
core   0: 1 0x00000000800057e2 (0x01a7dabb) x21 0x0000000000000000
core   0: 0x00000000800057e6 (0x401a5db3) sra     s11, s4, ra
core   0: 1 0x00000000800057e6 (0x401a5db3) x27 0x0000000000000000
core   0: 0x00000000800057ea (0xe20d0ad3) fmv.x.d s5, fs10
core   0: 1 0x00000000800057ea (0xe20d0ad3) x21 0xc18b56bd10000000
core   0: 0x00000000800057ee (0x01150a33) add     s4, a0, a7
core   0: 1 0x00000000800057ee (0x01150a33) x20 0x000000000000000f
core   0: 0x00000000800057f2 (0x035da3b3) mulhsu  t2, s11, s5
core   0: 1 0x00000000800057f2 (0x035da3b3) x7  0x0000000000000000
core   0: 0x00000000800057f6 (0x2bf40653) fmin.d  fa2, fs0, ft11
core   0: 1 0x00000000800057f6 (0x2bf40653) f12 0xc18b56bd10000000
core   0: 0x00000000800057fa (0x12407053) fmul.d  ft0, ft0, ft4
core   0: 1 0x00000000800057fa (0x12407053) f0  0x7ff8000000000000
core   0: 0x00000000800057fe (0x0094e433) or      s0, s1, s1
core   0: 1 0x00000000800057fe (0x0094e433) x8  0x0000000000000001
core   0: 0x0000000080005802 (0x408cdcbb) sraw    s9, s9, s0
core   0: 1 0x0000000080005802 (0x408cdcbb) x25 0x0000000000000000
core   0: 0x0000000080005806 (0x2bf11dd3) fmax.d  fs11, ft2, ft11
core   0: 1 0x0000000080005806 (0x2bf11dd3) f27 0xc18b56bd10000000
core   0: 0x000000008000580a (0xd024f9d3) fcvt.s.l fs3, s1
core   0: 1 0x000000008000580a (0xd024f9d3) f19 0xffffffff3f800000
core   0: 0x000000008000580e (0xcbb16013) ori     zero, sp, -837
core   0: 1 0x000000008000580e (0xcbb16013)
core   0: 0x0000000080005812 (0x230126d3) fsgnjx.d fa3, ft2, fa6
core   0: 1 0x0000000080005812 (0x230126d3) f13 0x7ff8000000000000
core   0: 0x0000000080005816 (0x0ff0000f) fence   iorw,iorw
core   0: 1 0x0000000080005816 (0x0ff0000f)
core   0: 0x000000008000581a (0x400c84b3) sub     s1, s9, zero
core   0: 1 0x000000008000581a (0x400c84b3) x9  0x0000000000000000
core   0: 0x000000008000581e (0x0293f7b3) remu    a5, t2, s1
core   0: 1 0x000000008000581e (0x0293f7b3) x15 0x0000000000000000
core   0: 0x0000000080005822 (0x00ec9e93) slli    t4, s9, 14
core   0: 1 0x0000000080005822 (0x00ec9e93) x29 0x0000000000000000
core   0: 0x0000000080005826 (0xc228fd53) fcvt.l.d s10, fa7
core   0: 1 0x0000000080005826 (0xc228fd53) c1_fflags 0x0000000000000011 x26 0x7fffffffffffffff
core   0: 0x000000008000582a (0xd23a7ad3) fcvt.d.lu fs5, s4
core   0: 1 0x000000008000582a (0xd23a7ad3) f21 0x402e000000000000
core   0: 0x000000008000582e (0x5a0affd3) fsqrt.d ft11, fs5
core   0: 1 0x000000008000582e (0x5a0affd3) c1_fflags 0x0000000000000011 f31 0x400efbdeb14f4eda
core   0: 0x0000000080005832 (0xc02ff3d3) fcvt.l.s t2, ft11
core   0: 1 0x0000000080005832 (0xc02ff3d3) c1_fflags 0x0000000000000011 x7  0x7fffffffffffffff
core   0: 0x0000000080005836 (0xd033f9d3) fcvt.s.lu fs3, t2
core   0: 1 0x0000000080005836 (0xd033f9d3) c1_fflags 0x0000000000000011 f19 0xffffffff5f000000
core   0: 0x000000008000583a (0x02dce2b3) rem     t0, s9, a3
core   0: 1 0x000000008000583a (0x02dce2b3) x5  0x0000000000000000
core   0: 0x000000008000583e (0x005575b3) and     a1, a0, t0
core   0: 1 0x000000008000583e (0x005575b3) x11 0x0000000000000000
core   0: 0x0000000080005842 (0x003b2c33) slt     s8, s6, gp
core   0: 1 0x0000000080005842 (0x003b2c33) x24 0x0000000000000000
core   0: 0x0000000080005846 (0xf2060ad3) fmv.d.x fs5, a2
core   0: 1 0x0000000080005846 (0xf2060ad3) f21 0x0000000000000000
core   0: 0x000000008000584a (0x03fa9593) slli    a1, s5, 63
core   0: 1 0x000000008000584a (0x03fa9593) x11 0x0000000000000000
core   0: 0x000000008000584e (0xc232f8d3) fcvt.lu.d a7, ft5
core   0: 1 0x000000008000584e (0xc232f8d3) c1_fflags 0x0000000000000011 x17 0xffffffffffffffff
core   0: 0x0000000080005852 (0x33e172c7) fmsub.d ft5, ft2, ft10, ft6
core   0: 1 0x0000000080005852 (0x33e172c7) f5  0x7ff8000000000000
core   0: 0x0000000080005856 (0x1b72ffd3) fdiv.d  ft11, ft5, fs7
core   0: 1 0x0000000080005856 (0x1b72ffd3) f31 0x7ff8000000000000
core   0: 0x000000008000585a (0xc021f5d3) fcvt.l.s a1, ft3
core   0: 1 0x000000008000585a (0xc021f5d3) c1_fflags 0x0000000000000011 x11 0x7fffffffffffffff
core   0: 0x000000008000585e (0xe2cad4b7) lui     s1, 0xe2cad
core   0: 1 0x000000008000585e (0xe2cad4b7) x9  0xffffffffe2cad000
core   0: 0x0000000080005862 (0x3ff965b7) lui     a1, 0x3ff96
core   0: 1 0x0000000080005862 (0x3ff965b7) x11 0x000000003ff96000
core   0: 0x0000000080005866 (0x01441433) sll     s0, s0, s4
core   0: 1 0x0000000080005866 (0x01441433) x8  0x0000000000008000
core   0: 0x000000008000586a (0x01a31cbb) sllw    s9, t1, s10
core   0: 1 0x000000008000586a (0x01a31cbb) x25 0x0000000000000000
core   0: 0x000000008000586e (0x41bed69b) sraiw   a3, t4, 27
core   0: 1 0x000000008000586e (0x41bed69b) x13 0x0000000000000000
core   0: 0x0000000080005872 (0xd228f953) fcvt.d.l fs2, a7
core   0: 1 0x0000000080005872 (0xd228f953) f18 0xbff0000000000000
core   0: 0x0000000080005876 (0xf20889d3) fmv.d.x fs3, a7
core   0: 1 0x0000000080005876 (0xf20889d3) f19 0xffffffffffffffff
core   0: 0x000000008000587a (0x02a5493b) divw    s2, a0, a0
core   0: 1 0x000000008000587a (0x02a5493b) x18 0x0000000000000001
core   0: 0x000000008000587e (0x40845293) srai    t0, s0, 8
core   0: 1 0x000000008000587e (0x40845293) x5  0x0000000000000080
core   0: 0x0000000080005882 (0x9aa7f3cf) fnmadd.d ft7, fa5, fa0, fs3
core   0: 1 0x0000000080005882 (0x9aa7f3cf) f7  0x7ff8000000000000
core   0: 0x0000000080005886 (0x1b3e74d3) fdiv.d  fs1, ft8, fs3
core   0: 1 0x0000000080005886 (0x1b3e74d3) f9  0x7ff8000000000000
core   0: 0x000000008000588a (0xa3c49653) flt.d   a2, fs1, ft8
core   0: 1 0x000000008000588a (0xa3c49653) c1_fflags 0x0000000000000011 x12 0x0000000000000000
core   0: 0x000000008000588e (0x4170deb3) sra     t4, ra, s7
core   0: 1 0x000000008000588e (0x4170deb3) x29 0xffffffffffffffff
core   0: 0x0000000080005892 (0x40725e1b) sraiw   t3, tp, 7
core   0: 1 0x0000000080005892 (0x40725e1b) x28 0xffffffffffffffff
core   0: 0x0000000080005896 (0xd2180f53) fcvt.d.wu ft10, a6
core   0: 1 0x0000000080005896 (0xd2180f53) f30 0x0000000000000000
core   0: 0x000000008000589a (0x236191d3) fsgnjn.d ft3, ft3, fs6
core   0: 1 0x000000008000589a (0x236191d3) f3  0x8000000000000000
core   0: 0x000000008000589e (0x02f7cd3b) divw    s10, a5, a5
core   0: 1 0x000000008000589e (0x02f7cd3b) x26 0xffffffffffffffff
core   0: 0x00000000800058a2 (0x023d41b3) div     gp, s10, gp
core   0: 1 0x00000000800058a2 (0x023d41b3) x3  0x0000000000000001
core   0: 0x00000000800058a6 (0x01ab1b3b) sllw    s6, s6, s10
core   0: 1 0x00000000800058a6 (0x01ab1b3b) x22 0x0000000000000000
core   0: 0x00000000800058aa (0x00820e3b) addw    t3, tp, s0
core   0: 1 0x00000000800058aa (0x00820e3b) x28 0x0000000000007fff
core   0: 0x00000000800058ae (0x007554b7) lui     s1, 0x755
core   0: 1 0x00000000800058ae (0x007554b7) x9  0x0000000000755000
core   0: 0x00000000800058b2 (0xaff4849b) addiw   s1, s1, -1281
core   0: 1 0x00000000800058b2 (0xaff4849b) x9  0x0000000000754aff
core   0: 0x00000000800058b6 (0x000004b6) c.slli  s1, 13
core   0: 1 0x00000000800058b6 (0x04b6) x9  0x0000000ea95fe000
core   0: 0x00000000800058b8 (0xeb648493) addi    s1, s1, -330
core   0: 1 0x00000000800058b8 (0xeb648493) x9  0x0000000ea95fdeb6
core   0: 0x00000000800058bc (0xc21275d3) fcvt.wu.d a1, ft4
core   0: 1 0x00000000800058bc (0xc21275d3) c1_fflags 0x0000000000000011 x11 0xffffffffffffffff
core   0: 0x00000000800058c0 (0xc22afcd3) fcvt.l.d s9, fs5
core   0: 1 0x00000000800058c0 (0xc22afcd3) x25 0x0000000000000000
core   0: 0x00000000800058c4 (0xc20f7253) fcvt.w.d tp, ft10
core   0: 1 0x00000000800058c4 (0xc20f7253) x4  0x0000000000000000
core   0: 0x00000000800058c8 (0x41b2083b) subw    a6, tp, s11
core   0: 1 0x00000000800058c8 (0x41b2083b) x16 0x0000000000000000
core   0: 0x00000000800058cc (0x008086b3) add     a3, ra, s0
core   0: 1 0x00000000800058cc (0x008086b3) x13 0xfffffffffc95a805
core   0: 0x00000000800058d0 (0x4001519b) sraiw   gp, sp, 0
core   0: 1 0x00000000800058d0 (0x4001519b) x3  0x0000000000000000
core   0: 0x00000000800058d4 (0x03fadb93) srli    s7, s5, 63
core   0: 1 0x00000000800058d4 (0x03fadb93) x23 0x0000000000000001
core   0: 0x00000000800058d8 (0x03717753) fadd.d  fa4, ft2, fs7
core   0: 1 0x00000000800058d8 (0x03717753) f14 0x7ff8000000000000
core   0: 0x00000000800058dc (0x0126a4b3) slt     s1, a3, s2
core   0: 1 0x00000000800058dc (0x0126a4b3) x9  0x0000000000000001
core   0: 0x00000000800058e0 (0x022c49bb) divw    s3, s8, sp
core   0: 1 0x00000000800058e0 (0x022c49bb) x19 0xffffffffffffffff
core   0: 0x00000000800058e4 (0xa21704d3) fle.d   s1, fa4, ft1
core   0: 1 0x00000000800058e4 (0xa21704d3) c1_fflags 0x0000000000000011 x9  0x0000000000000000
core   0: 0x00000000800058e8 (0xc2177053) fcvt.wu.d zero, fa4
core   0: 1 0x00000000800058e8 (0xc2177053) c1_fflags 0x0000000000000011
core   0: 0x00000000800058ec (0x00221473) csrrw   s0, frm, tp
core   0: 1 0x00000000800058ec (0x00221473) x8  0x0000000000000000 c2_frm 0x0000000000000000
core   0: 0x00000000800058f0 (0x00102df3) csrrs   s11, fflags, zero
core   0: 1 0x00000000800058f0 (0x00102df3) x27 0x0000000000000011
core   0: 0x00000000800058f4 (0x018d973b) sllw    a4, s11, s8
core   0: 1 0x00000000800058f4 (0x018d973b) x14 0x0000000000000011
core   0: 0x00000000800058f8 (0x02a1ddb3) divu    s11, gp, a0
core   0: 1 0x00000000800058f8 (0x02a1ddb3) x27 0x0000000000000000
core   0: 0x00000000800058fc (0x01d3d81b) srliw   a6, t2, 29
core   0: 1 0x00000000800058fc (0x01d3d81b) x16 0x0000000000000007
core   0: 0x0000000080005900 (0xd20309d3) fcvt.d.w fs3, t1
core   0: 1 0x0000000080005900 (0xd20309d3) f19 0x0000000000000000
core   0: 0x0000000080005904 (0xf13812f3) csrrw   t0, mimpid, a6
core   0: exception trap_illegal_instruction, epc 0x0000000080005904
core   0:           tval 0x00000000f13812f3
core   0: >>>>  $xrv64i2p1_m2p0_a2p1_f2p2_d2p2_zicsr2p0_zifencei2p0_zmmul1p0_zba1p0_zbb1p0_zbc1p0_zbs1p0
core   0: 0x0000000080004000 (0x0080006f) j       pc + 0x8
core   0: 3 0x0000000080004000 (0x0080006f)
core   0: >>>>  mmode_exception_handler
core   0: 0x0000000080004008 (0x00002c17) auipc   s8, 0x2
core   0: 3 0x0000000080004008 (0x00002c17) x24 0x0000000080006008
core   0: 0x000000008000400c (0x08ac0c13) addi    s8, s8, 138
core   0: 3 0x000000008000400c (0x08ac0c13) x24 0x0000000080006092
core   0: 0x0000000080004010 (0x000c00e7) jalr    s8
core   0: 3 0x0000000080004010 (0x000c00e7) x1  0x0000000080004014
core   0: >>>>  any_handler
core   0: 0x0000000080006092 (0x341027f3) csrrs   a5, mepc, zero
core   0: 3 0x0000000080006092 (0x341027f3) x15 0x0000000080005904
core   0: 0x0000000080006096 (0x34202773) csrrs   a4, mcause, zero
core   0: 3 0x0000000080006096 (0x34202773) x14 0x0000000000000002
core   0: 0x000000008000609a (0x142026f3) csrrs   a3, scause, zero
core   0: 3 0x000000008000609a (0x142026f3) x13 0x000000000000001b
core   0: 0x000000008000609e (0x30402673) csrrs   a2, mie, zero
core   0: 3 0x000000008000609e (0x30402673) x12 0x0000000000000a00
core   0: 0x00000000800060a2 (0x344025f3) csrrs   a1, mip, zero
core   0: 3 0x00000000800060a2 (0x344025f3) x11 0x0000000000000080
core   0: 0x00000000800060a6 (0x343025f3) csrrs   a1, mtval, zero
core   0: 3 0x00000000800060a6 (0x343025f3) x11 0x00000000f13812f3
core   0: 0x00000000800060aa (0x14302573) csrrs   a0, stval, zero
core   0: 3 0x00000000800060aa (0x14302573) x10 0x000000000000001b
core   0: 0x00000000800060ae (0xb02024f3) csrrs   s1, minstret, zero
core   0: 3 0x00000000800060ae (0xb02024f3) x9  0x0000000000001087
core   0: 0x00000000800060b2 (0x0000a811) c.j     pc + 20
core   0: 3 0x00000000800060b2 (0xa811)
core   0: >>>>  mepc_4
core   0: 0x00000000800060c6 (0x00000791) c.addi  a5, 4
core   0: 3 0x00000000800060c6 (0x0791) x15 0x0000000080005908
core   0: 0x00000000800060c8 (0x34179073) csrrw   zero, mepc, a5
core   0: 3 0x00000000800060c8 (0x34179073) c833_mepc 0x0000000080005908
core   0: 0x00000000800060cc (0x30200073) mret
core   0: 3 0x00000000800060cc (0x30200073) c768_mstatus 0x8000000a001c61a2
core   0: 0x0000000080005908 (0x412004b3) sub     s1, zero, s2
core   0: 1 0x0000000080005908 (0x412004b3) x9  0xffffffffffffffff
core   0: 0x000000008000590c (0x573c9e97) auipc   t4, 0x573c9
core   0: 1 0x000000008000590c (0x573c9e97) x29 0x00000000d73ce90c
core   0: 0x0000000080005910 (0x416a81b3) sub     gp, s5, s6
core   0: 1 0x0000000080005910 (0x416a81b3) x3  0xc18b56bd10000000
core   0: 0x0000000080005914 (0xc020f753) fcvt.l.s a4, ft1
core   0: 1 0x0000000080005914 (0xc020f753) c1_fflags 0x0000000000000011 x14 0x7fffffffffffffff
core   0: 0x0000000080005918 (0x412c579b) sraiw   a5, s8, 18
core   0: 1 0x0000000080005918 (0x412c579b) x15 0xffffffffffffe000
core   0: 0x000000008000591c (0x0204eab3) rem     s5, s1, zero
core   0: 1 0x000000008000591c (0x0204eab3) x21 0xffffffffffffffff
core   0: 0x0000000080005920 (0x02e8a833) mulhsu  a6, a7, a4
core   0: 1 0x0000000080005920 (0x02e8a833) x16 0xffffffffffffffff
core   0: 0x0000000080005924 (0x0061d8bb) srlw    a7, gp, t1
core   0: 1 0x0000000080005924 (0x0061d8bb) x17 0x0000000010000000
core   0: 0x0000000080005928 (0x03445a3b) divuw   s4, s0, s4
core   0: 1 0x0000000080005928 (0x03445a3b) x20 0x0000000000000000
core   0: 0x000000008000592c (0x002090f3) csrrw   ra, frm, ra
core   0: 1 0x000000008000592c (0x002090f3) x1  0x0000000000000000 c2_frm 0x0000000000000004
core   0: 0x0000000080005930 (0x0ff0000f) fence   iorw,iorw
core   0: 1 0x0000000080005930 (0x0ff0000f)
core   0: 0x0000000080005934 (0x00b860b3) or      ra, a6, a1
core   0: 1 0x0000000080005934 (0x00b860b3) x1  0xffffffffffffffff
core   0: 0x0000000080005938 (0x000e1693) slli    a3, t3, 0
core   0: 1 0x0000000080005938 (0x000e1693) x13 0x0000000000007fff
core   0: 0x000000008000593c (0xeb694013) xori    zero, s2, -330
core   0: 1 0x000000008000593c (0xeb694013)
core   0: 0x0000000080005940 (0x415e0e3b) subw    t3, t3, s5
core   0: 1 0x0000000080005940 (0x415e0e3b) x28 0x0000000000008000
core   0: 0x0000000080005944 (0x01dc1c1b) slliw   s8, s8, 29
core   0: 1 0x0000000080005944 (0x01dc1c1b) x24 0x0000000040000000
core   0: 0x0000000080005948 (0xa22e8453) fle.d   s0, ft9, ft2
core   0: 1 0x0000000080005948 (0xa22e8453) c1_fflags 0x0000000000000011 x8  0x0000000000000000
core   0: 0x000000008000594c (0x5a0d7353) fsqrt.d ft6, fs10
core   0: 1 0x000000008000594c (0x5a0d7353) c1_fflags 0x0000000000000011 f6  0x7ff8000000000000
core   0: 0x0000000080005950 (0x001e9473) csrrw   s0, fflags, t4
core   0: 1 0x0000000080005950 (0x001e9473) x8  0x0000000000000011 c1_fflags 0x000000000000000c
core   0: 0x0000000080005954 (0x03aeb0b3) mulhu   ra, t4, s10
core   0: 1 0x0000000080005954 (0x03aeb0b3) x1  0x00000000d73ce90b
core   0: 0x0000000080005958 (0x0302c2bb) divw    t0, t0, a6
core   0: 1 0x0000000080005958 (0x0302c2bb) x5  0xffffffffffffff80
core   0: 0x000000008000595c (0x00202673) csrrs   a2, frm, zero
core   0: 1 0x000000008000595c (0x00202673) x12 0x0000000000000004
core   0: 0x0000000080005960 (0x1afa7dd3) fdiv.d  fs11, fs4, fa5
core   0: 1 0x0000000080005960 (0x1afa7dd3) f27 0x7ff8000000000000
core   0: 0x0000000080005964 (0x013c7733) and     a4, s8, s3
core   0: 1 0x0000000080005964 (0x013c7733) x14 0x0000000040000000
core   0: 0x0000000080005968 (0x02c71433) mulh    s0, a4, a2
core   0: 1 0x0000000080005968 (0x02c71433) x8  0x0000000000000000
core   0: 0x000000008000596c (0x03d41333) mulh    t1, s0, t4
core   0: 1 0x000000008000596c (0x03d41333) x6  0x0000000000000000
core   0: 0x0000000080005970 (0x00000001) c.nop
core   0: 1 0x0000000080005970 (0x0001)
core   0: 0x0000000080005972 (0x00161c73) csrrw   s8, fflags, a2
core   0: 1 0x0000000080005972 (0x00161c73) x24 0x000000000000000c c1_fflags 0x0000000000000004
core   0: 0x0000000080005976 (0x02c681b3) mul     gp, a3, a2
core   0: 1 0x0000000080005976 (0x02c681b3) x3  0x000000000001fffc
core   0: 0x000000008000597a (0xd02affd3) fcvt.s.l ft11, s5
core   0: 1 0x000000008000597a (0xd02affd3) f31 0xffffffffbf800000
core   0: 0x000000008000597e (0x4194543b) sraw    s0, s0, s9
core   0: 1 0x000000008000597e (0x4194543b) x8  0x0000000000000000
core   0: 0x0000000080005982 (0x00000001) c.nop
core   0: 1 0x0000000080005982 (0x0001)
core   0: 0x0000000080005984 (0x0ff0000f) fence   iorw,iorw
core   0: 1 0x0000000080005984 (0x0ff0000f)
core   0: 0x0000000080005988 (0x03661493) slli    s1, a2, 54
core   0: 1 0x0000000080005988 (0x03661493) x9  0x0100000000000000
core   0: 0x000000008000598c (0x401e5d1b) sraiw   s10, t3, 1
core   0: 1 0x000000008000598c (0x401e5d1b) x26 0x0000000000004000
core   0: 0x0000000080005990 (0x000bde93) srli    t4, s7, 0
core   0: 1 0x0000000080005990 (0x000bde93) x29 0x0000000000000001
core   0: 0x0000000080005994 (0x01ad173b) sllw    a4, s10, s10
core   0: 1 0x0000000080005994 (0x01ad173b) x14 0x0000000000004000
core   0: 0x0000000080005998 (0x00202873) csrrs   a6, frm, zero
core   0: 1 0x0000000080005998 (0x00202873) x16 0x0000000000000004
core   0: 0x000000008000599c (0xfa91ff43) fmadd.d ft10, ft3, fs1, ft11
core   0: 1 0x000000008000599c (0xfa91ff43) f30 0x7ff8000000000000
core   0: 0x00000000800059a0 (0xd03e73d3) fcvt.s.lu ft7, t3
core   0: 1 0x00000000800059a0 (0xd03e73d3) f7  0xffffffff47000000
core   0: 0x00000000800059a4 (0x00569ebb) sllw    t4, a3, t0
core   0: 1 0x00000000800059a4 (0x00569ebb) x29 0x0000000000007fff
core   0: 0x00000000800059a8 (0x03ad1d33) mulh    s10, s10, s10
core   0: 1 0x00000000800059a8 (0x03ad1d33) x26 0x0000000000000000
core   0: 0x00000000800059ac (0x4183863b) subw    a2, t2, s8
core   0: 1 0x00000000800059ac (0x4183863b) x12 0xfffffffffffffff3
core   0: 0x00000000800059b0 (0x3d6c7a13) andi    s4, s8, 982
core   0: 1 0x00000000800059b0 (0x3d6c7a13) x20 0x0000000000000004
core   0: 0x00000000800059b4 (0x50ddfb93) andi    s7, s11, 1293
core   0: 1 0x00000000800059b4 (0x50ddfb93) x23 0x0000000000000000
core   0: 0x00000000800059b8 (0x01abd59b) srliw   a1, s7, 26
core   0: 1 0x00000000800059b8 (0x01abd59b) x11 0x0000000000000000
core   0: 0x00000000800059bc (0x0062571b) srliw   a4, tp, 6
core   0: 1 0x00000000800059bc (0x0062571b) x14 0x0000000000000000
core   0: 0x00000000800059c0 (0x02bd77b3) remu    a5, s10, a1
core   0: 1 0x00000000800059c0 (0x02bd77b3) x15 0x0000000000000000
core   0: 0x00000000800059c4 (0x03985dbb) divuw   s11, a6, s9
core   0: 1 0x00000000800059c4 (0x03985dbb) x27 0xffffffffffffffff
core   0: 0x00000000800059c8 (0x00609893) slli    a7, ra, 6
core   0: 1 0x00000000800059c8 (0x00609893) x17 0x00000035cf3a42c0
core   0: 0x00000000800059cc (0x001dd21b) srliw   tp, s11, 1
core   0: 1 0x00000000800059cc (0x001dd21b) x4  0x000000007fffffff
core   0: 0x00000000800059d0 (0xd237f3d3) fcvt.d.lu ft7, a5
core   0: 1 0x00000000800059d0 (0xd237f3d3) f7  0x0000000000000000
core   0: 0x00000000800059d4 (0xb539fe17) auipc   t3, 0xb539f
core   0: 1 0x00000000800059d4 (0xb539fe17) x28 0x00000000353a49d4
core   0: 0x00000000800059d8 (0xa2210e53) fle.d   t3, ft2, ft2
core   0: 1 0x00000000800059d8 (0xa2210e53) c1_fflags 0x0000000000000014 x28 0x0000000000000000
core   0: 0x00000000800059dc (0xdb072b37) lui     s6, 0xdb072
core   0: 1 0x00000000800059dc (0xdb072b37) x22 0xffffffffdb072000
core   0: 0x00000000800059e0 (0x004e5abb) srlw    s5, t3, tp
core   0: 1 0x00000000800059e0 (0x004e5abb) x21 0x0000000000000000
core   0: 0x00000000800059e4 (0x22712453) fsgnjx.d fs0, ft2, ft7
core   0: 1 0x00000000800059e4 (0x22712453) f8  0x7ff8000000000000
core   0: 0x00000000800059e8 (0xc2217353) fcvt.l.d t1, ft2
core   0: 1 0x00000000800059e8 (0xc2217353) c1_fflags 0x0000000000000014 x6  0x7fffffffffffffff
core   0: 0x00000000800059ec (0x035ad8b3) divu    a7, s5, s5
core   0: 1 0x00000000800059ec (0x035ad8b3) x17 0xffffffffffffffff
core   0: 0x00000000800059f0 (0x227c2e53) fsgnjx.d ft8, fs8, ft7
core   0: 1 0x00000000800059f0 (0x227c2e53) f28 0x0000000000000000
core   0: 0x00000000800059f4 (0xc05064f3) csrrsi  s1, hpmcounter5, 0
core   0: exception trap_illegal_instruction, epc 0x00000000800059f4
core   0:           tval 0x00000000c05064f3
core   0: >>>>  $xrv64i2p1_m2p0_a2p1_f2p2_d2p2_zicsr2p0_zifencei2p0_zmmul1p0_zba1p0_zbb1p0_zbc1p0_zbs1p0
core   0: 0x0000000080004000 (0x0080006f) j       pc + 0x8
core   0: 3 0x0000000080004000 (0x0080006f)
core   0: >>>>  mmode_exception_handler
core   0: 0x0000000080004008 (0x00002c17) auipc   s8, 0x2
core   0: 3 0x0000000080004008 (0x00002c17) x24 0x0000000080006008
core   0: 0x000000008000400c (0x08ac0c13) addi    s8, s8, 138
core   0: 3 0x000000008000400c (0x08ac0c13) x24 0x0000000080006092
core   0: 0x0000000080004010 (0x000c00e7) jalr    s8
core   0: 3 0x0000000080004010 (0x000c00e7) x1  0x0000000080004014
core   0: >>>>  any_handler
core   0: 0x0000000080006092 (0x341027f3) csrrs   a5, mepc, zero
core   0: 3 0x0000000080006092 (0x341027f3) x15 0x00000000800059f4
core   0: 0x0000000080006096 (0x34202773) csrrs   a4, mcause, zero
core   0: 3 0x0000000080006096 (0x34202773) x14 0x0000000000000002
core   0: 0x000000008000609a (0x142026f3) csrrs   a3, scause, zero
core   0: 3 0x000000008000609a (0x142026f3) x13 0x000000000000001b
core   0: 0x000000008000609e (0x30402673) csrrs   a2, mie, zero
core   0: 3 0x000000008000609e (0x30402673) x12 0x0000000000000a00
core   0: 0x00000000800060a2 (0x344025f3) csrrs   a1, mip, zero
core   0: 3 0x00000000800060a2 (0x344025f3) x11 0x0000000000000080
core   0: 0x00000000800060a6 (0x343025f3) csrrs   a1, mtval, zero
core   0: 3 0x00000000800060a6 (0x343025f3) x11 0x00000000c05064f3
core   0: 0x00000000800060aa (0x14302573) csrrs   a0, stval, zero
core   0: 3 0x00000000800060aa (0x14302573) x10 0x000000000000001b
core   0: 0x00000000800060ae (0xb02024f3) csrrs   s1, minstret, zero
core   0: 3 0x00000000800060ae (0xb02024f3) x9  0x00000000000010d3
core   0: 0x00000000800060b2 (0x0000a811) c.j     pc + 20
core   0: 3 0x00000000800060b2 (0xa811)
core   0: >>>>  mepc_4
core   0: 0x00000000800060c6 (0x00000791) c.addi  a5, 4
core   0: 3 0x00000000800060c6 (0x0791) x15 0x00000000800059f8
core   0: 0x00000000800060c8 (0x34179073) csrrw   zero, mepc, a5
core   0: 3 0x00000000800060c8 (0x34179073) c833_mepc 0x00000000800059f8
core   0: 0x00000000800060cc (0x30200073) mret
core   0: 3 0x00000000800060cc (0x30200073) c768_mstatus 0x8000000a001c61a2
core   0: 0x00000000800059f8 (0x00102673) csrrs   a2, fflags, zero
core   0: 1 0x00000000800059f8 (0x00102673) x12 0x0000000000000014
core   0: 0x00000000800059fc (0x4040523b) sraw    tp, zero, tp
core   0: 1 0x00000000800059fc (0x4040523b) x4  0x0000000000000000
core   0: 0x0000000080005a00 (0x0a3478d3) fsub.d  fa7, fs0, ft3
core   0: 1 0x0000000080005a00 (0x0a3478d3) f17 0x7ff8000000000000
core   0: 0x0000000080005a04 (0x561b0e9b) addiw   t4, s6, 1377
core   0: 1 0x0000000080005a04 (0x561b0e9b) x29 0xffffffffdb072561
core   0: 0x0000000080005a08 (0x01c5d5b3) srl     a1, a1, t3
core   0: 1 0x0000000080005a08 (0x01c5d5b3) x11 0x00000000c05064f3
core   0: 0x0000000080005a0c (0x0365d2b3) divu    t0, a1, s6
core   0: 1 0x0000000080005a0c (0x0365d2b3) x5  0x0000000000000000
core   0: 0x0000000080005a10 (0x01f2d29b) srliw   t0, t0, 31
core   0: 1 0x0000000080005a10 (0x01f2d29b) x5  0x0000000000000000
core   0: 0x0000000080005a14 (0xd20c02d3) fcvt.d.w ft5, s8
core   0: 1 0x0000000080005a14 (0xd20c02d3) f5  0xc1dfffe7db800000
core   0: 0x0000000080005a18 (0xd23cf853) fcvt.d.lu fa6, s9
core   0: 1 0x0000000080005a18 (0xd23cf853) f16 0x0000000000000000
core   0: 0x0000000080005a1c (0x406358bb) sraw    a7, t1, t1
core   0: 1 0x0000000080005a1c (0x406358bb) x17 0xffffffffffffffff
core   0: 0x0000000080005a20 (0x00d156bb) srlw    a3, sp, a3
core   0: 1 0x0000000080005a20 (0x00d156bb) x13 0x0000000000000000
core   0: 0x0000000080005a24 (0xea76f3cb) fnmsub.d ft7, fa3, ft7, ft9
core   0: 1 0x0000000080005a24 (0xea76f3cb) f7  0x7ff8000000000000
core   0: 0x0000000080005a28 (0x9a6bffc7) fmsub.d ft11, fs7, ft6, fs3
core   0: 1 0x0000000080005a28 (0x9a6bffc7) f31 0x7ff8000000000000
core   0: 0x0000000080005a2c (0xd032f1d3) fcvt.s.lu ft3, t0
core   0: 1 0x0000000080005a2c (0xd032f1d3) f3  0xffffffff00000000
core   0: 0x0000000080005a30 (0xfa307bb7) lui     s7, 0xfa307
core   0: 1 0x0000000080005a30 (0xfa307bb7) x23 0xfffffffffa307000
core   0: 0x0000000080005a34 (0xdd1b8b9b) addiw   s7, s7, -559
core   0: 1 0x0000000080005a34 (0xdd1b8b9b) x23 0xfffffffffa306dd1
core   0: 0x0000000080005a38 (0x00000bb2) c.slli  s7, 12
core   0: 1 0x0000000080005a38 (0x0bb2) x23 0xffffffa306dd1000
core   0: 0x0000000080005a3a (0x660b8b93) addi    s7, s7, 1632
core   0: 1 0x0000000080005a3a (0x660b8b93) x23 0xffffffa306dd1660
core   0: 0x0000000080005a3e (0x001b9af3) csrrw   s5, fflags, s7
core   0: 1 0x0000000080005a3e (0x001b9af3) x21 0x0000000000000014 c1_fflags 0x0000000000000000
core   0: 0x0000000080005a42 (0x036393b3) mulh    t2, t2, s6
core   0: 1 0x0000000080005a42 (0x036393b3) x7  0xffffffffed839000
core   0: 0x0000000080005a46 (0x027b47bb) divw    a5, s6, t2
core   0: 1 0x0000000080005a46 (0x027b47bb) x15 0x0000000000000002
core   0: 0x0000000080005a4a (0xd20588d3) fcvt.d.w fa7, a1
core   0: 1 0x0000000080005a4a (0xd20588d3) f17 0xc1cfd7cd86800000
core   0: 0x0000000080005a4e (0x6a5f5a37) lui     s4, 0x6a5f5
core   0: 1 0x0000000080005a4e (0x6a5f5a37) x20 0x000000006a5f5000
core   0: 0x0000000080005a52 (0x014a5e3b) srlw    t3, s4, s4
core   0: 1 0x0000000080005a52 (0x014a5e3b) x28 0x000000006a5f5000
core   0: 0x0000000080005a56 (0xc021f953) fcvt.l.s s2, ft3
core   0: 1 0x0000000080005a56 (0xc021f953) x18 0x0000000000000000
core   0: 0x0000000080005a5a (0x02e73733) mulhu   a4, a4, a4
core   0: 1 0x0000000080005a5a (0x02e73733) x14 0x0000000000000000
core   0: 0x0000000080005a5e (0xa82d4a93) xori    s5, s10, -1406
core   0: 1 0x0000000080005a5e (0xa82d4a93) x21 0xfffffffffffffa82
core   0: 0x0000000080005a62 (0x01f15d1b) srliw   s10, sp, 31
core   0: 1 0x0000000080005a62 (0x01f15d1b) x26 0x0000000000000000
core   0: 0x0000000080005a66 (0x0ff0000f) fence   iorw,iorw
core   0: 1 0x0000000080005a66 (0x0ff0000f)
core   0: 0x0000000080005a6a (0xc20cf153) fcvt.w.d sp, fs9
core   0: 1 0x0000000080005a6a (0xc20cf153) c1_fflags 0x0000000000000010 x2  0x000000007fffffff
core   0: 0x0000000080005a6e (0x005a52bb) srlw    t0, s4, t0
core   0: 1 0x0000000080005a6e (0x005a52bb) x5  0x000000006a5f5000
core   0: 0x0000000080005a72 (0x0224613b) remw    sp, s0, sp
core   0: 1 0x0000000080005a72 (0x0224613b) x2  0x0000000000000000
core   0: 0x0000000080005a76 (0x03d686bb) mulw    a3, a3, t4
core   0: 1 0x0000000080005a76 (0x03d686bb) x13 0x0000000000000000
core   0: 0x0000000080005a7a (0x42078cd3) fcvt.d.s fs9, fa5
core   0: 1 0x0000000080005a7a (0x42078cd3) f25 0x7ff8000000000000
core   0: 0x0000000080005a7e (0x00ec5c9b) srliw   s9, s8, 14
core   0: 1 0x0000000080005a7e (0x00ec5c9b) x25 0x0000000000020001
core   0: 0x0000000080005a82 (0x228ca7d3) fsgnjx.d fa5, fs9, fs0
core   0: 1 0x0000000080005a82 (0x228ca7d3) f15 0x7ff8000000000000
core   0: 0x0000000080005a86 (0x5e84c493) xori    s1, s1, 1512
core   0: 1 0x0000000080005a86 (0x5e84c493) x9  0x000000000000153b
core   0: 0x0000000080005a8a (0xc809fb73) csrrci  s6, cycleh, 19
core   0: exception trap_illegal_instruction, epc 0x0000000080005a8a
core   0:           tval 0x00000000c809fb73
core   0: >>>>  $xrv64i2p1_m2p0_a2p1_f2p2_d2p2_zicsr2p0_zifencei2p0_zmmul1p0_zba1p0_zbb1p0_zbc1p0_zbs1p0
core   0: 0x0000000080004000 (0x0080006f) j       pc + 0x8
core   0: 3 0x0000000080004000 (0x0080006f)
core   0: >>>>  mmode_exception_handler
core   0: 0x0000000080004008 (0x00002c17) auipc   s8, 0x2
core   0: 3 0x0000000080004008 (0x00002c17) x24 0x0000000080006008
core   0: 0x000000008000400c (0x08ac0c13) addi    s8, s8, 138
core   0: 3 0x000000008000400c (0x08ac0c13) x24 0x0000000080006092
core   0: 0x0000000080004010 (0x000c00e7) jalr    s8
core   0: 3 0x0000000080004010 (0x000c00e7) x1  0x0000000080004014
core   0: >>>>  any_handler
core   0: 0x0000000080006092 (0x341027f3) csrrs   a5, mepc, zero
core   0: 3 0x0000000080006092 (0x341027f3) x15 0x0000000080005a8a
core   0: 0x0000000080006096 (0x34202773) csrrs   a4, mcause, zero
core   0: 3 0x0000000080006096 (0x34202773) x14 0x0000000000000002
core   0: 0x000000008000609a (0x142026f3) csrrs   a3, scause, zero
core   0: 3 0x000000008000609a (0x142026f3) x13 0x000000000000001b
core   0: 0x000000008000609e (0x30402673) csrrs   a2, mie, zero
core   0: 3 0x000000008000609e (0x30402673) x12 0x0000000000000a00
core   0: 0x00000000800060a2 (0x344025f3) csrrs   a1, mip, zero
core   0: 3 0x00000000800060a2 (0x344025f3) x11 0x0000000000000080
core   0: 0x00000000800060a6 (0x343025f3) csrrs   a1, mtval, zero
core   0: 3 0x00000000800060a6 (0x343025f3) x11 0x00000000c809fb73
core   0: 0x00000000800060aa (0x14302573) csrrs   a0, stval, zero
core   0: 3 0x00000000800060aa (0x14302573) x10 0x000000000000001b
core   0: 0x00000000800060ae (0xb02024f3) csrrs   s1, minstret, zero
core   0: 3 0x00000000800060ae (0xb02024f3) x9  0x0000000000001108
core   0: 0x00000000800060b2 (0x0000a811) c.j     pc + 20
core   0: 3 0x00000000800060b2 (0xa811)
core   0: >>>>  mepc_4
core   0: 0x00000000800060c6 (0x00000791) c.addi  a5, 4
core   0: 3 0x00000000800060c6 (0x0791) x15 0x0000000080005a8e
core   0: 0x00000000800060c8 (0x34179073) csrrw   zero, mepc, a5
core   0: 3 0x00000000800060c8 (0x34179073) c833_mepc 0x0000000080005a8e
core   0: 0x00000000800060cc (0x30200073) mret
core   0: 3 0x00000000800060cc (0x30200073) c768_mstatus 0x8000000a001c61a2
core   0: 0x0000000080005a8e (0x005ea633) slt     a2, t4, t0
core   0: 1 0x0000000080005a8e (0x005ea633) x12 0x0000000000000001
core   0: 0x0000000080005a92 (0x022a07bb) mulw    a5, s4, sp
core   0: 1 0x0000000080005a92 (0x022a07bb) x15 0x0000000000000000
core   0: 0x0000000080005a96 (0x0339c9b3) div     s3, s3, s3
core   0: 1 0x0000000080005a96 (0x0339c9b3) x19 0x0000000000000001
core   0: 0x0000000080005a9a (0xd0217253) fcvt.s.l ft4, sp
core   0: 1 0x0000000080005a9a (0xd0217253) f4  0xffffffff00000000
core   0: 0x0000000080005a9e (0x41ad53bb) sraw    t2, s10, s10
core   0: 1 0x0000000080005a9e (0x41ad53bb) x7  0x0000000000000000
core   0: 0x0000000080005aa2 (0x002313f3) csrrw   t2, frm, t1
core   0: 1 0x0000000080005aa2 (0x002313f3) x7  0x0000000000000004 c2_frm 0x0000000000000007
core   0: 0x0000000080005aa6 (0x237400d3) fsgnj.d ft1, fs0, fs7
core   0: 1 0x0000000080005aa6 (0x237400d3) f1  0x7ff8000000000000
core   0: 0x0000000080005aaa (0x0194d4b3) srl     s1, s1, s9
core   0: 1 0x0000000080005aaa (0x0194d4b3) x9  0x0000000000000884
core   0: 0x0000000080005aae (0x420089d3) fcvt.d.s fs3, ft1
core   0: 1 0x0000000080005aae (0x420089d3) f19 0x7ff8000000000000
core   0: 0x0000000080005ab2 (0xc029f153) fcvt.l.s sp, fs3
core   0: exception trap_illegal_instruction, epc 0x0000000080005ab2
core   0:           tval 0x00000000c029f153
core   0: >>>>  $xrv64i2p1_m2p0_a2p1_f2p2_d2p2_zicsr2p0_zifencei2p0_zmmul1p0_zba1p0_zbb1p0_zbc1p0_zbs1p0
core   0: 0x0000000080004000 (0x0080006f) j       pc + 0x8
core   0: 3 0x0000000080004000 (0x0080006f)
core   0: >>>>  mmode_exception_handler
core   0: 0x0000000080004008 (0x00002c17) auipc   s8, 0x2
core   0: 3 0x0000000080004008 (0x00002c17) x24 0x0000000080006008
core   0: 0x000000008000400c (0x08ac0c13) addi    s8, s8, 138
core   0: 3 0x000000008000400c (0x08ac0c13) x24 0x0000000080006092
core   0: 0x0000000080004010 (0x000c00e7) jalr    s8
core   0: 3 0x0000000080004010 (0x000c00e7) x1  0x0000000080004014
core   0: >>>>  any_handler
core   0: 0x0000000080006092 (0x341027f3) csrrs   a5, mepc, zero
core   0: 3 0x0000000080006092 (0x341027f3) x15 0x0000000080005ab2
core   0: 0x0000000080006096 (0x34202773) csrrs   a4, mcause, zero
core   0: 3 0x0000000080006096 (0x34202773) x14 0x0000000000000002
core   0: 0x000000008000609a (0x142026f3) csrrs   a3, scause, zero
core   0: 3 0x000000008000609a (0x142026f3) x13 0x000000000000001b
core   0: 0x000000008000609e (0x30402673) csrrs   a2, mie, zero
core   0: 3 0x000000008000609e (0x30402673) x12 0x0000000000000a00
core   0: 0x00000000800060a2 (0x344025f3) csrrs   a1, mip, zero
core   0: 3 0x00000000800060a2 (0x344025f3) x11 0x0000000000000080
core   0: 0x00000000800060a6 (0x343025f3) csrrs   a1, mtval, zero
core   0: 3 0x00000000800060a6 (0x343025f3) x11 0x00000000c029f153
core   0: 0x00000000800060aa (0x14302573) csrrs   a0, stval, zero
core   0: 3 0x00000000800060aa (0x14302573) x10 0x000000000000001b
core   0: 0x00000000800060ae (0xb02024f3) csrrs   s1, minstret, zero
core   0: 3 0x00000000800060ae (0xb02024f3) x9  0x0000000000001121
core   0: 0x00000000800060b2 (0x0000a811) c.j     pc + 20
core   0: 3 0x00000000800060b2 (0xa811)
core   0: >>>>  mepc_4
core   0: 0x00000000800060c6 (0x00000791) c.addi  a5, 4
core   0: 3 0x00000000800060c6 (0x0791) x15 0x0000000080005ab6
core   0: 0x00000000800060c8 (0x34179073) csrrw   zero, mepc, a5
core   0: 3 0x00000000800060c8 (0x34179073) c833_mepc 0x0000000080005ab6
core   0: 0x00000000800060cc (0x30200073) mret
core   0: 3 0x00000000800060cc (0x30200073) c768_mstatus 0x8000000a001c61a2
core   0: 0x0000000080005ab6 (0x41715d9b) sraiw   s11, sp, 23
core   0: 1 0x0000000080005ab6 (0x41715d9b) x27 0x0000000000000000
core   0: 0x0000000080005aba (0x0318e3bb) remw    t2, a7, a7
core   0: 1 0x0000000080005aba (0x0318e3bb) x7  0x0000000000000000
core   0: 0x0000000080005abe (0x01109bb3) sll     s7, ra, a7
core   0: 1 0x0000000080005abe (0x01109bb3) x23 0x0000000000000000
core   0: 0x0000000080005ac2 (0x98d20817) auipc   a6, 0x98d20
core   0: 1 0x0000000080005ac2 (0x98d20817) x16 0x0000000018d25ac2
core   0: 0x0000000080005ac6 (0x01d2a4b3) slt     s1, t0, t4
core   0: 1 0x0000000080005ac6 (0x01d2a4b3) x9  0x0000000000000000
core   0: 0x0000000080005aca (0x010b1d1b) slliw   s10, s6, 16
core   0: 1 0x0000000080005aca (0x010b1d1b) x26 0x0000000020000000
core   0: 0x0000000080005ace (0x00291973) csrrw   s2, frm, s2
core   0: 1 0x0000000080005ace (0x00291973) x18 0x0000000000000007 c2_frm 0x0000000000000000
core   0: 0x0000000080005ad2 (0x0059119b) slliw   gp, s2, 5
core   0: 1 0x0000000080005ad2 (0x0059119b) x3  0x00000000000000e0
core   0: 0x0000000080005ad6 (0xeacff0b7) lui     ra, 0xeacff
core   0: 1 0x0000000080005ad6 (0xeacff0b7) x1  0xffffffffeacff000
core   0: 0x0000000080005ada (0x0b90fccb) fnmsub.d fs9, ft1, fs9, ft1
core   0: 1 0x0000000080005ada (0x0b90fccb) f25 0x7ff8000000000000
core   0: 0x0000000080005ade (0x6b987ec3) fmadd.d ft9, fa6, fs9, fa3
core   0: 1 0x0000000080005ade (0x6b987ec3) f29 0x7ff8000000000000
core   0: 0x0000000080005ae2 (0x02be50b3) divu    ra, t3, a1
core   0: 1 0x0000000080005ae2 (0x02be50b3) x1  0x0000000000000000
core   0: 0x0000000080005ae6 (0x91952837) lui     a6, 0x91952
core   0: 1 0x0000000080005ae6 (0x91952837) x16 0xffffffff91952000
core   0: 0x0000000080005aea (0xd2078dd3) fcvt.d.w fs11, a5
core   0: 1 0x0000000080005aea (0xd2078dd3) f27 0xc1dfffe952800000
core   0: 0x0000000080005aee (0xa3960053) fle.d   zero, fa2, fs9
core   0: 1 0x0000000080005aee (0xa3960053) c1_fflags 0x0000000000000010
core   0: 0x0000000080005af2 (0x10aeb073) csrrc   zero, senvcfg, t4
core   0: 1 0x0000000080005af2 (0x10aeb073) c266_senvcfg 0x0000000000000000
core   0: 0x0000000080005af6 (0x01855633) srl     a2, a0, s8
core   0: 1 0x0000000080005af6 (0x01855633) x12 0x0000000000000000
core   0: 0x0000000080005afa (0xd2ee7e4f) fnmadd.d ft8, ft8, fa4, fs10
core   0: 1 0x0000000080005afa (0xd2ee7e4f) f28 0x7ff8000000000000
core   0: 0x0000000080005afe (0xf2080053) fmv.d.x ft0, a6
core   0: 1 0x0000000080005afe (0xf2080053) f0  0xffffffff91952000
core   0: 0x0000000080005b02 (0x2b881fd3) fmax.d  ft11, fa6, fs8
core   0: 1 0x0000000080005b02 (0x2b881fd3) f31 0x0000000000000000
core   0: 0x0000000080005b06 (0x416e533b) sraw    t1, t3, s6
core   0: 1 0x0000000080005b06 (0x416e533b) x6  0x000000006a5f5000
core   0: 0x0000000080005b0a (0x42090d53) fcvt.d.s fs10, fs2
core   0: 1 0x0000000080005b0a (0x42090d53) f26 0x7ff8000000000000
core   0: 0x0000000080005b0e (0x03f91713) slli    a4, s2, 63
core   0: 1 0x0000000080005b0e (0x03f91713) x14 0x8000000000000000
core   0: 0x0000000080005b12 (0xd2170053) fcvt.d.wu ft0, a4
core   0: 1 0x0000000080005b12 (0xd2170053) f0  0x0000000000000000
core   0: 0x0000000080005b16 (0x02e7c23b) divw    tp, a5, a4
core   0: 1 0x0000000080005b16 (0x02e7c23b) x4  0xffffffffffffffff
core   0: 0x0000000080005b1a (0x03db00b3) mul     ra, s6, t4
core   0: 1 0x0000000080005b1a (0x03db00b3) x1  0x0556f02be5532000
core   0: 0x0000000080005b1e (0x0315b5b3) mulhu   a1, a1, a7
core   0: 1 0x0000000080005b1e (0x0315b5b3) x11 0x00000000c029f152
core   0: 0x0000000080005b22 (0x00000001) c.nop
core   0: 1 0x0000000080005b22 (0x0001)
core   0: 0x0000000080005b24 (0x03fe5913) srli    s2, t3, 63
core   0: 1 0x0000000080005b24 (0x03fe5913) x18 0x0000000000000000
core   0: 0x0000000080005b28 (0x008de9b3) or      s3, s11, s0
core   0: 1 0x0000000080005b28 (0x008de9b3) x19 0x0000000000000000
core   0: 0x0000000080005b2c (0xfff713b7) lui     t2, 0xfff71
core   0: 1 0x0000000080005b2c (0xfff713b7) x7  0xfffffffffff71000
core   0: 0x0000000080005b30 (0x5633839b) addiw   t2, t2, 1379
core   0: 1 0x0000000080005b30 (0x5633839b) x7  0xfffffffffff71563
core   0: 0x0000000080005b34 (0x000003ba) c.slli  t2, 14
core   0: 1 0x0000000080005b34 (0x03ba) x7  0xfffffffdc558c000
core   0: 0x0000000080005b36 (0x93638393) addi    t2, t2, -1738
core   0: 1 0x0000000080005b36 (0x93638393) x7  0xfffffffdc558b936
core   0: 0x0000000080005b3a (0x41ab5133) sra     sp, s6, s10
core   0: 1 0x0000000080005b3a (0x41ab5133) x2  0xffffffffdb072000
core   0: 0x0000000080005b3e (0xd038f0d3) fcvt.s.lu ft1, a7
core   0: 1 0x0000000080005b3e (0xd038f0d3) c1_fflags 0x0000000000000011 f1  0xffffffff5f800000
core   0: 0x0000000080005b42 (0x02715433) divu    s0, sp, t2
core   0: 1 0x0000000080005b42 (0x02715433) x8  0x0000000000000001
core   0: 0x0000000080005b46 (0x007c9d1b) slliw   s10, s9, 7
core   0: 1 0x0000000080005b46 (0x007c9d1b) x26 0x0000000001000080
core   0: 0x0000000080005b4a (0x03194c3b) divw    s8, s2, a7
core   0: 1 0x0000000080005b4a (0x03194c3b) x24 0x0000000000000000
core   0: 0x0000000080005b4e (0x02891bb3) mulh    s7, s2, s0
core   0: 1 0x0000000080005b4e (0x02891bb3) x23 0x0000000000000000
core   0: 0x0000000080005b52 (0x01bc1db3) sll     s11, s8, s11
core   0: 1 0x0000000080005b52 (0x01bc1db3) x27 0x0000000000000000
core   0: 0x0000000080005b56 (0x037ad5bb) divuw   a1, s5, s7
core   0: 1 0x0000000080005b56 (0x037ad5bb) x11 0xffffffffffffffff
core   0: 0x0000000080005b5a (0x0ff0000f) fence   iorw,iorw
core   0: 1 0x0000000080005b5a (0x0ff0000f)
core   0: 0x0000000080005b5e (0xc235fcd3) fcvt.lu.d s9, fa1
core   0: 1 0x0000000080005b5e (0xc235fcd3) c1_fflags 0x0000000000000011 x25 0xffffffffffffffff
core   0: 0x0000000080005b62 (0x0e44f117) auipc   sp, 0xe44f
core   0: 1 0x0000000080005b62 (0x0e44f117) x2  0x000000008e454b62
core   0: 0x0000000080005b66 (0x342ff0f3) csrrci  ra, mcause, 31
core   0: exception trap_illegal_instruction, epc 0x0000000080005b66
core   0:           tval 0x00000000342ff0f3
core   0: >>>>  $xrv64i2p1_m2p0_a2p1_f2p2_d2p2_zicsr2p0_zifencei2p0_zmmul1p0_zba1p0_zbb1p0_zbc1p0_zbs1p0
core   0: 0x0000000080004000 (0x0080006f) j       pc + 0x8
core   0: 3 0x0000000080004000 (0x0080006f)
core   0: >>>>  mmode_exception_handler
core   0: 0x0000000080004008 (0x00002c17) auipc   s8, 0x2
core   0: 3 0x0000000080004008 (0x00002c17) x24 0x0000000080006008
core   0: 0x000000008000400c (0x08ac0c13) addi    s8, s8, 138
core   0: 3 0x000000008000400c (0x08ac0c13) x24 0x0000000080006092
core   0: 0x0000000080004010 (0x000c00e7) jalr    s8
core   0: 3 0x0000000080004010 (0x000c00e7) x1  0x0000000080004014
core   0: >>>>  any_handler
core   0: 0x0000000080006092 (0x341027f3) csrrs   a5, mepc, zero
core   0: 3 0x0000000080006092 (0x341027f3) x15 0x0000000080005b66
core   0: 0x0000000080006096 (0x34202773) csrrs   a4, mcause, zero
core   0: 3 0x0000000080006096 (0x34202773) x14 0x0000000000000002
core   0: 0x000000008000609a (0x142026f3) csrrs   a3, scause, zero
core   0: 3 0x000000008000609a (0x142026f3) x13 0x000000000000001b
core   0: 0x000000008000609e (0x30402673) csrrs   a2, mie, zero
core   0: 3 0x000000008000609e (0x30402673) x12 0x0000000000000a00
core   0: 0x00000000800060a2 (0x344025f3) csrrs   a1, mip, zero
core   0: 3 0x00000000800060a2 (0x344025f3) x11 0x0000000000000080
core   0: 0x00000000800060a6 (0x343025f3) csrrs   a1, mtval, zero
core   0: 3 0x00000000800060a6 (0x343025f3) x11 0x00000000342ff0f3
core   0: 0x00000000800060aa (0x14302573) csrrs   a0, stval, zero
core   0: 3 0x00000000800060aa (0x14302573) x10 0x000000000000001b
core   0: 0x00000000800060ae (0xb02024f3) csrrs   s1, minstret, zero
core   0: 3 0x00000000800060ae (0xb02024f3) x9  0x000000000000115e
core   0: 0x00000000800060b2 (0x0000a811) c.j     pc + 20
core   0: 3 0x00000000800060b2 (0xa811)
core   0: >>>>  mepc_4
core   0: 0x00000000800060c6 (0x00000791) c.addi  a5, 4
core   0: 3 0x00000000800060c6 (0x0791) x15 0x0000000080005b6a
core   0: 0x00000000800060c8 (0x34179073) csrrw   zero, mepc, a5
core   0: 3 0x00000000800060c8 (0x34179073) c833_mepc 0x0000000080005b6a
core   0: 0x00000000800060cc (0x30200073) mret
core   0: 3 0x00000000800060cc (0x30200073) c768_mstatus 0x8000000a001c61a2
core   0: 0x0000000080005b6a (0x00d086bb) addw    a3, ra, a3
core   0: 1 0x0000000080005b6a (0x00d086bb) x13 0xffffffff8000402f
core   0: 0x0000000080005b6e (0xc220fd53) fcvt.l.d s10, ft1
core   0: 1 0x0000000080005b6e (0xc220fd53) c1_fflags 0x0000000000000011 x26 0x7fffffffffffffff
core   0: 0x0000000080005b72 (0xe20d0353) fmv.x.d t1, fs10
core   0: 1 0x0000000080005b72 (0xe20d0353) x6  0x7ff8000000000000
core   0: 0x0000000080005b76 (0xd03771d3) fcvt.s.lu ft3, a4
core   0: 1 0x0000000080005b76 (0xd03771d3) f3  0xffffffff40000000
core   0: 0x0000000080005b7a (0x0369e13b) remw    sp, s3, s6
core   0: 1 0x0000000080005b7a (0x0369e13b) x2  0x0000000000000000
core   0: 0x0000000080005b7e (0x00202973) csrrs   s2, frm, zero
core   0: 1 0x0000000080005b7e (0x00202973) x18 0x0000000000000000
core   0: 0x0000000080005b82 (0x412b0e3b) subw    t3, s6, s2
core   0: 1 0x0000000080005b82 (0x412b0e3b) x28 0xffffffffdb072000
core   0: 0x0000000080005b86 (0xc03bf4d3) fcvt.lu.s s1, fs7
core   0: 1 0x0000000080005b86 (0xc03bf4d3) c1_fflags 0x0000000000000011 x9  0xffffffffffffffff
core   0: 0x0000000080005b8a (0xc66c8837) lui     a6, 0xc66c8
core   0: 1 0x0000000080005b8a (0xc66c8837) x16 0xffffffffc66c8000
core   0: 0x0000000080005b8e (0x0052c7b3) xor     a5, t0, t0
core   0: 1 0x0000000080005b8e (0x0052c7b3) x15 0x0000000000000000
core   0: 0x0000000080005b92 (0x124b7553) fmul.d  fa0, fs6, ft4
core   0: 1 0x0000000080005b92 (0x124b7553) f10 0x7ff8000000000000
core   0: 0x0000000080005b96 (0x0252a2b3) mulhsu  t0, t0, t0
core   0: 1 0x0000000080005b96 (0x0252a2b3) x5  0x0000000000000000
core   0: 0x0000000080005b9a (0x01295593) srli    a1, s2, 18
core   0: 1 0x0000000080005b9a (0x01295593) x11 0x0000000000000000
core   0: 0x0000000080005b9e (0x0068571b) srliw   a4, a6, 6
core   0: 1 0x0000000080005b9e (0x0068571b) x14 0x000000000319b200
core   0: 0x0000000080005ba2 (0xd022fa53) fcvt.s.l fs4, t0
core   0: 1 0x0000000080005ba2 (0xd022fa53) f20 0xffffffff00000000
core   0: 0x0000000080005ba6 (0x0145c7b3) xor     a5, a1, s4
core   0: 1 0x0000000080005ba6 (0x0145c7b3) x15 0x000000006a5f5000
core   0: 0x0000000080005baa (0x00c9cdb3) xor     s11, s3, a2
core   0: 1 0x0000000080005baa (0x00c9cdb3) x27 0x0000000000000a00
core   0: 0x0000000080005bae (0x013c6e33) or      t3, s8, s3
core   0: 1 0x0000000080005bae (0x013c6e33) x28 0x0000000080006092
core   0: 0x0000000080005bb2 (0x00000505) c.addi  a0, 1
core   0: 1 0x0000000080005bb2 (0x0505) x10 0x000000000000001c
core   0: 0x0000000080005bb4 (0x00000001) c.nop
core   0: 1 0x0000000080005bb4 (0x0001)
core   0: 0x0000000080005bb6 (0x4005541b) sraiw   s0, a0, 0
core   0: 1 0x0000000080005bb6 (0x4005541b) x8  0x000000000000001c
core   0: 0x0000000080005bba (0x03f3dc93) srli    s9, t2, 63
core   0: 1 0x0000000080005bba (0x03f3dc93) x25 0x0000000000000001
core   0: 0x0000000080005bbe (0x03f0e937) lui     s2, 0x3f0e
core   0: 1 0x0000000080005bbe (0x03f0e937) x18 0x0000000003f0e000
core   0: 0x0000000080005bc2 (0x019cea33) or      s4, s9, s9
core   0: 1 0x0000000080005bc2 (0x019cea33) x20 0x0000000000000001
core   0: 0x0000000080005bc6 (0x00079c93) slli    s9, a5, 0
core   0: 1 0x0000000080005bc6 (0x00079c93) x25 0x000000006a5f5000
core   0: 0x0000000080005bca (0xa26a81d3) fle.d   gp, fs5, ft6
core   0: 1 0x0000000080005bca (0xa26a81d3) c1_fflags 0x0000000000000011 x3  0x0000000000000000
core   0: 0x0000000080005bce (0x66d0001b) addiw   zero, zero, 1645
core   0: 1 0x0000000080005bce (0x66d0001b)
core   0: 0x0000000080005bd2 (0x8b4c861b) addiw   a2, s9, -1868
core   0: 1 0x0000000080005bd2 (0x8b4c861b) x12 0x000000006a5f48b4
core   0: 0x0000000080005bd6 (0x03692b33) mulhsu  s6, s2, s6
core   0: 1 0x0000000080005bd6 (0x03692b33) x22 0x0000000003f0dfff
core   0: 0x0000000080005bda (0x7a8377c3) fmadd.d fa5, ft6, fs0, fa5
core   0: 1 0x0000000080005bda (0x7a8377c3) f15 0x7ff8000000000000
core   0: 0x0000000080005bde (0x010a5013) srli    zero, s4, 16
core   0: 1 0x0000000080005bde (0x010a5013)
core   0: 0x0000000080005be2 (0x032a2a33) mulhsu  s4, s4, s2
core   0: 1 0x0000000080005be2 (0x032a2a33) x20 0x0000000000000000
core   0: 0x0000000080005be6 (0xd21a8053) fcvt.d.wu ft0, s5
core   0: 1 0x0000000080005be6 (0xd21a8053) f0  0x41efffff50400000
core   0: 0x0000000080005bea (0x031a38b3) mulhu   a7, s4, a7
core   0: 1 0x0000000080005bea (0x031a38b3) x17 0x0000000000000000
core   0: 0x0000000080005bee (0x029bf4bb) remuw   s1, s7, s1
core   0: 1 0x0000000080005bee (0x029bf4bb) x9  0x0000000000000000
core   0: 0x0000000080005bf2 (0x02c85613) srli    a2, a6, 44
core   0: 1 0x0000000080005bf2 (0x02c85613) x12 0x00000000000fffff
core   0: 0x0000000080005bf6 (0x01762bb3) slt     s7, a2, s7
core   0: 1 0x0000000080005bf6 (0x01762bb3) x23 0x0000000000000000
core   0: 0x0000000080005bfa (0x23661653) fsgnjn.d fa2, fa2, fs6
core   0: 1 0x0000000080005bfa (0x23661653) f12 0xc18b56bd10000000
core   0: 0x0000000080005bfe (0xc03a7ed3) fcvt.lu.s t4, fs4
core   0: 1 0x0000000080005bfe (0xc03a7ed3) x29 0x0000000000000000
core   0: 0x0000000080005c02 (0xd23d7fd3) fcvt.d.lu ft11, s10
core   0: 1 0x0000000080005c02 (0xd23d7fd3) c1_fflags 0x0000000000000011 f31 0x43e0000000000000
core   0: 0x0000000080005c06 (0x000c571b) srliw   a4, s8, 0
core   0: 1 0x0000000080005c06 (0x000c571b) x14 0xffffffff80006092
core   0: 0x0000000080005c0a (0x00199ef3) csrrw   t4, fflags, s3
core   0: 1 0x0000000080005c0a (0x00199ef3) x29 0x0000000000000011 c1_fflags 0x0000000000000000
core   0: 0x0000000080005c0e (0x03d989bb) mulw    s3, s3, t4
core   0: 1 0x0000000080005c0e (0x03d989bb) x19 0x0000000000000000
core   0: 0x0000000080005c12 (0xc02af553) fcvt.l.s a0, fs5
core   0: 1 0x0000000080005c12 (0xc02af553) c1_fflags 0x0000000000000010 x10 0x7fffffffffffffff
core   0: 0x0000000080005c16 (0x2abf9f53) fmax.d  ft10, ft11, fa1
core   0: 1 0x0000000080005c16 (0x2abf9f53) f30 0x43e0000000000000
core   0: 0x0000000080005c1a (0x401a5a13) srai    s4, s4, 1
core   0: 1 0x0000000080005c1a (0x401a5a13) x20 0x0000000000000000
core   0: 0x0000000080005c1e (0x409a06bb) subw    a3, s4, s1
core   0: 1 0x0000000080005c1e (0x409a06bb) x13 0x0000000000000000
core   0: 0x0000000080005c22 (0xc235f453) fcvt.lu.d s0, fa1
core   0: 1 0x0000000080005c22 (0xc235f453) c1_fflags 0x0000000000000010 x8  0xffffffffffffffff
core   0: 0x0000000080005c26 (0xd2020bd3) fcvt.d.w fs7, tp
core   0: 1 0x0000000080005c26 (0xd2020bd3) f23 0xbff0000000000000
core   0: 0x0000000080005c2a (0x03294933) div     s2, s2, s2
core   0: 1 0x0000000080005c2a (0x03294933) x18 0x0000000000000001
core   0: 0x0000000080005c2e (0xd2247353) fcvt.d.l ft6, s0
core   0: 1 0x0000000080005c2e (0xd2247353) f6  0xbff0000000000000
core   0: 0x0000000080005c32 (0x414e8e33) sub     t3, t4, s4
core   0: 1 0x0000000080005c32 (0x414e8e33) x28 0x0000000000000011
core   0: 0x0000000080005c36 (0x01190c33) add     s8, s2, a7
core   0: 1 0x0000000080005c36 (0x01190c33) x24 0x0000000000000001
core   0: 0x0000000080005c3a (0x00904237) lui     tp, 0x904
core   0: 1 0x0000000080005c3a (0x00904237) x4  0x0000000000904000
core   0: 0x0000000080005c3e (0x6012021b) addiw   tp, tp, 1537
core   0: 1 0x0000000080005c3e (0x6012021b) x4  0x0000000000904601
core   0: 0x0000000080005c42 (0x0000023e) c.slli  tp, 15
core   0: 1 0x0000000080005c42 (0x023e) x4  0x0000004823008000
core   0: 0x0000000080005c44 (0x0000020d) c.addi  tp, 3
core   0: 1 0x0000000080005c44 (0x020d) x4  0x0000004823008003
core   0: 0x0000000080005c46 (0x033c7d13) andi    s10, s8, 51
core   0: 1 0x0000000080005c46 (0x033c7d13) x26 0x0000000000000001
core   0: 0x0000000080005c4a (0x00ea08bb) addw    a7, s4, a4
core   0: 1 0x0000000080005c4a (0x00ea08bb) x17 0xffffffff80006092
core   0: 0x0000000080005c4e (0x1a71f9d3) fdiv.d  fs3, ft3, ft7
core   0: 1 0x0000000080005c4e (0x1a71f9d3) f19 0x7ff8000000000000
core   0: 0x0000000080005c52 (0xb340f537) lui     a0, 0xb340f
core   0: 1 0x0000000080005c52 (0xb340f537) x10 0xffffffffb340f000
core   0: 0x0000000080005c56 (0x001cdb1b) srliw   s6, s9, 1
core   0: 1 0x0000000080005c56 (0x001cdb1b) x22 0x00000000352fa800
core   0: 0x0000000080005c5a (0x006302bb) addw    t0, t1, t1
core   0: 1 0x0000000080005c5a (0x006302bb) x5  0x0000000000000000
core   0: 0x0000000080005c5e (0x80097913) andi    s2, s2, -2048
core   0: 1 0x0000000080005c5e (0x80097913) x18 0x0000000000000000
core   0: 0x0000000080005c62 (0x024070d3) fadd.d  ft1, ft0, ft4
core   0: 1 0x0000000080005c62 (0x024070d3) f1  0x7ff8000000000000
core   0: 0x0000000080005c66 (0xd025f853) fcvt.s.l fa6, a1
core   0: 1 0x0000000080005c66 (0xd025f853) f16 0xffffffff00000000
core   0: 0x0000000080005c6a (0x00d37db7) lui     s11, 0xd37
core   0: 1 0x0000000080005c6a (0x00d37db7) x27 0x0000000000d37000
core   0: 0x0000000080005c6e (0xd13d8d9b) addiw   s11, s11, -749
core   0: 1 0x0000000080005c6e (0xd13d8d9b) x27 0x0000000000d36d13
core   0: 0x0000000080005c72 (0x00000db6) c.slli  s11, 13
core   0: 1 0x0000000080005c72 (0x0db6) x27 0x0000001a6da26000
core   0: 0x0000000080005c74 (0xcd3d8d93) addi    s11, s11, -813
core   0: 1 0x0000000080005c74 (0xcd3d8d93) x27 0x0000001a6da25cd3
core   0: 0x0000000080005c78 (0x032d4d33) div     s10, s10, s2
core   0: 1 0x0000000080005c78 (0x032d4d33) x26 0xffffffffffffffff
core   0: 0x0000000080005c7c (0x00dd0533) add     a0, s10, a3
core   0: 1 0x0000000080005c7c (0x00dd0533) x10 0xffffffffffffffff
core   0: 0x0000000080005c80 (0x4031de93) srai    t4, gp, 3
core   0: 1 0x0000000080005c80 (0x4031de93) x29 0x0000000000000000
core   0: 0x0000000080005c84 (0xe20c1a53) fclass.d s4, fs8
core   0: 1 0x0000000080005c84 (0xe20c1a53) x20 0x0000000000000010
core   0: 0x0000000080005c88 (0x0bdefc53) fsub.d  fs8, ft9, ft9
core   0: 1 0x0000000080005c88 (0x0bdefc53) f24 0x7ff8000000000000
core   0: 0x0000000080005c8c (0x02c655bb) divuw   a1, a2, a2
core   0: 1 0x0000000080005c8c (0x02c655bb) x11 0x0000000000000001
core   0: 0x0000000080005c90 (0xec888e93) addi    t4, a7, -312
core   0: 1 0x0000000080005c90 (0xec888e93) x29 0xffffffff80005f5a
core   0: 0x0000000080005c94 (0x0056023b) addw    tp, a2, t0
core   0: 1 0x0000000080005c94 (0x0056023b) x4  0x00000000000fffff
core   0: 0x0000000080005c98 (0x407209bb) subw    s3, tp, t2
core   0: 1 0x0000000080005c98 (0x407209bb) x19 0x000000003ab746c9
core   0: 0x0000000080005c9c (0xc23cf153) fcvt.lu.d sp, fs9
core   0: 1 0x0000000080005c9c (0xc23cf153) c1_fflags 0x0000000000000010 x2  0xffffffffffffffff
core   0: 0x0000000080005ca0 (0x2b068cd3) fmin.d  fs9, fa3, fa6
core   0: 1 0x0000000080005ca0 (0x2b068cd3) f25 0x7ff8000000000000
core   0: 0x0000000080005ca4 (0x2b8c9153) fmax.d  ft2, fs9, fs8
core   0: 1 0x0000000080005ca4 (0x2b8c9153) f2  0x7ff8000000000000
core   0: 0x0000000080005ca8 (0x7ff9831b) addiw   t1, s3, 2047
core   0: 1 0x0000000080005ca8 (0x7ff9831b) x6  0x000000003ab74ec8
core   0: 0x0000000080005cac (0x0130e7b3) or      a5, ra, s3
core   0: 1 0x0000000080005cac (0x0130e7b3) x15 0x00000000bab746dd
core   0: 0x0000000080005cb0 (0x00000001) c.nop
core   0: 1 0x0000000080005cb0 (0x0001)
core   0: 0x0000000080005cb2 (0xc20dfd53) fcvt.w.d s10, fs11
core   0: 1 0x0000000080005cb2 (0xc20dfd53) x26 0xffffffff80005ab6
core   0: 0x0000000080005cb6 (0x5a07fb53) fsqrt.d fs6, fa5
core   0: 1 0x0000000080005cb6 (0x5a07fb53) f22 0x7ff8000000000000
core   0: 0x0000000080005cba (0x01ab5593) srli    a1, s6, 26
core   0: 1 0x0000000080005cba (0x01ab5593) x11 0x000000000000000d
core   0: 0x0000000080005cbe (0x0ff0000f) fence   iorw,iorw
core   0: 1 0x0000000080005cbe (0x0ff0000f)
core   0: 0x0000000080005cc2 (0xc22cf053) fcvt.l.d zero, fs9
core   0: 1 0x0000000080005cc2 (0xc22cf053) c1_fflags 0x0000000000000010
core   0: 0x0000000080005cc6 (0x0077db13) srli    s6, a5, 7
core   0: 1 0x0000000080005cc6 (0x0077db13) x22 0x0000000001756e8d
core   0: 0x0000000080005cca (0x00000001) c.nop
core   0: 1 0x0000000080005cca (0x0001)
core   0: 0x0000000080005ccc (0x00001cfe) c.slli  s9, 63
core   0: 1 0x0000000080005ccc (0x1cfe) x25 0x0000000000000000
core   0: 0x0000000080005cce (0x800c829b) addiw   t0, s9, -2048
core   0: 1 0x0000000080005cce (0x800c829b) x5  0xfffffffffffff800
core   0: 0x0000000080005cd2 (0x036b76bb) remuw   a3, s6, s6
core   0: 1 0x0000000080005cd2 (0x036b76bb) x13 0x0000000000000000
core   0: 0x0000000080005cd6 (0x11a68137) lui     sp, 0x11a68
core   0: 1 0x0000000080005cd6 (0x11a68137) x2  0x0000000011a68000
core   0: 0x0000000080005cda (0x00119e73) csrrw   t3, fflags, gp
core   0: 1 0x0000000080005cda (0x00119e73) x28 0x0000000000000010 c1_fflags 0x0000000000000000
core   0: 0x0000000080005cde (0x02dab6b3) mulhu   a3, s5, a3
core   0: 1 0x0000000080005cde (0x02dab6b3) x13 0x0000000000000000
core   0: 0x0000000080005ce2 (0x02ce1e93) slli    t4, t3, 44
core   0: 1 0x0000000080005ce2 (0x02ce1e93) x29 0x0001000000000000
core   0: 0x0000000080005ce6 (0x40f7d53b) sraw    a0, a5, a5
core   0: 1 0x0000000080005ce6 (0x40f7d53b) x10 0xfffffffffffffffd
core   0: 0x0000000080005cea (0x00f698b3) sll     a7, a3, a5
core   0: 1 0x0000000080005cea (0x00f698b3) x17 0x0000000000000000
core   0: 0x0000000080005cee (0x00a15133) srl     sp, sp, a0
core   0: 1 0x0000000080005cee (0x00a15133) x2  0x0000000000000000
core   0: 0x0000000080005cf2 (0x001c19f3) csrrw   s3, fflags, s8
core   0: 1 0x0000000080005cf2 (0x001c19f3) x19 0x0000000000000000 c1_fflags 0x0000000000000001
core   0: 0x0000000080005cf6 (0x013c5cb3) srl     s9, s8, s3
core   0: 1 0x0000000080005cf6 (0x013c5cb3) x25 0x0000000000000001
core   0: 0x0000000080005cfa (0x800e039b) addiw   t2, t3, -2048
core   0: 1 0x0000000080005cfa (0x800e039b) x7  0xfffffffffffff810
core   0: 0x0000000080005cfe (0xf14ca873) csrrs   a6, mhartid, s9
core   0: exception trap_illegal_instruction, epc 0x0000000080005cfe
core   0:           tval 0x00000000f14ca873
core   0: >>>>  $xrv64i2p1_m2p0_a2p1_f2p2_d2p2_zicsr2p0_zifencei2p0_zmmul1p0_zba1p0_zbb1p0_zbc1p0_zbs1p0
core   0: 0x0000000080004000 (0x0080006f) j       pc + 0x8
core   0: 3 0x0000000080004000 (0x0080006f)
core   0: >>>>  mmode_exception_handler
core   0: 0x0000000080004008 (0x00002c17) auipc   s8, 0x2
core   0: 3 0x0000000080004008 (0x00002c17) x24 0x0000000080006008
core   0: 0x000000008000400c (0x08ac0c13) addi    s8, s8, 138
core   0: 3 0x000000008000400c (0x08ac0c13) x24 0x0000000080006092
core   0: 0x0000000080004010 (0x000c00e7) jalr    s8
core   0: 3 0x0000000080004010 (0x000c00e7) x1  0x0000000080004014
core   0: >>>>  any_handler
core   0: 0x0000000080006092 (0x341027f3) csrrs   a5, mepc, zero
core   0: 3 0x0000000080006092 (0x341027f3) x15 0x0000000080005cfe
core   0: 0x0000000080006096 (0x34202773) csrrs   a4, mcause, zero
core   0: 3 0x0000000080006096 (0x34202773) x14 0x0000000000000002
core   0: 0x000000008000609a (0x142026f3) csrrs   a3, scause, zero
core   0: 3 0x000000008000609a (0x142026f3) x13 0x000000000000001b
core   0: 0x000000008000609e (0x30402673) csrrs   a2, mie, zero
core   0: 3 0x000000008000609e (0x30402673) x12 0x0000000000000a00
core   0: 0x00000000800060a2 (0x344025f3) csrrs   a1, mip, zero
core   0: 3 0x00000000800060a2 (0x344025f3) x11 0x0000000000000080
core   0: 0x00000000800060a6 (0x343025f3) csrrs   a1, mtval, zero
core   0: 3 0x00000000800060a6 (0x343025f3) x11 0x00000000f14ca873
core   0: 0x00000000800060aa (0x14302573) csrrs   a0, stval, zero
core   0: 3 0x00000000800060aa (0x14302573) x10 0x000000000000001b
core   0: 0x00000000800060ae (0xb02024f3) csrrs   s1, minstret, zero
core   0: 3 0x00000000800060ae (0xb02024f3) x9  0x00000000000011d7
core   0: 0x00000000800060b2 (0x0000a811) c.j     pc + 20
core   0: 3 0x00000000800060b2 (0xa811)
core   0: >>>>  mepc_4
core   0: 0x00000000800060c6 (0x00000791) c.addi  a5, 4
core   0: 3 0x00000000800060c6 (0x0791) x15 0x0000000080005d02
core   0: 0x00000000800060c8 (0x34179073) csrrw   zero, mepc, a5
core   0: 3 0x00000000800060c8 (0x34179073) c833_mepc 0x0000000080005d02
core   0: 0x00000000800060cc (0x30200073) mret
core   0: 3 0x00000000800060cc (0x30200073) c768_mstatus 0x8000000a001c61a2
core   0: 0x0000000080005d02 (0x231b78c3) fmadd.d fa7, fs6, fa7, ft4
core   0: 1 0x0000000080005d02 (0x231b78c3) f17 0x7ff8000000000000
core   0: 0x0000000080005d06 (0x824b7dc3) fmadd.d fs11, fs6, ft4, fa6
core   0: 1 0x0000000080005d06 (0x824b7dc3) f27 0x7ff8000000000000
core   0: 0x0000000080005d0a (0x01fc1c1b) slliw   s8, s8, 31
core   0: 1 0x0000000080005d0a (0x01fc1c1b) x24 0x0000000000000000
core   0: 0x0000000080005d0e (0x00d929b3) slt     s3, s2, a3
core   0: 1 0x0000000080005d0e (0x00d929b3) x19 0x0000000000000001
core   0: 0x0000000080005d12 (0xc2a18c9b) addiw   s9, gp, -982
core   0: 1 0x0000000080005d12 (0xc2a18c9b) x25 0xfffffffffffffc2a
core   0: 0x0000000080005d16 (0xeebc7913) andi    s2, s8, -277
core   0: 1 0x0000000080005d16 (0xeebc7913) x18 0x0000000000000000
core   0: 0x0000000080005d1a (0x01d6a5b3) slt     a1, a3, t4
core   0: 1 0x0000000080005d1a (0x01d6a5b3) x11 0x0000000000000001
core   0: 0x0000000080005d1e (0xd344fdc7) fmsub.d fs11, fs1, fs4, fs10
core   0: 1 0x0000000080005d1e (0xd344fdc7) f27 0x7ff8000000000000
core   0: 0x0000000080005d22 (0x00202ef3) csrrs   t4, frm, zero
core   0: 1 0x0000000080005d22 (0x00202ef3) x29 0x0000000000000000
core   0: 0x0000000080005d26 (0x42000053) fcvt.d.s ft0, ft0
core   0: 1 0x0000000080005d26 (0x42000053) f0  0x7ff8000000000000
core   0: 0x0000000080005d2a (0xc22dfbd3) fcvt.l.d s7, fs11
core   0: 1 0x0000000080005d2a (0xc22dfbd3) c1_fflags 0x0000000000000011 x23 0x7fffffffffffffff
core   0: 0x0000000080005d2e (0xf13ffd73) csrrci  s10, mimpid, 31
core   0: exception trap_illegal_instruction, epc 0x0000000080005d2e
core   0:           tval 0x00000000f13ffd73
core   0: >>>>  $xrv64i2p1_m2p0_a2p1_f2p2_d2p2_zicsr2p0_zifencei2p0_zmmul1p0_zba1p0_zbb1p0_zbc1p0_zbs1p0
core   0: 0x0000000080004000 (0x0080006f) j       pc + 0x8
core   0: 3 0x0000000080004000 (0x0080006f)
core   0: >>>>  mmode_exception_handler
core   0: 0x0000000080004008 (0x00002c17) auipc   s8, 0x2
core   0: 3 0x0000000080004008 (0x00002c17) x24 0x0000000080006008
core   0: 0x000000008000400c (0x08ac0c13) addi    s8, s8, 138
core   0: 3 0x000000008000400c (0x08ac0c13) x24 0x0000000080006092
core   0: 0x0000000080004010 (0x000c00e7) jalr    s8
core   0: 3 0x0000000080004010 (0x000c00e7) x1  0x0000000080004014
core   0: >>>>  any_handler
core   0: 0x0000000080006092 (0x341027f3) csrrs   a5, mepc, zero
core   0: 3 0x0000000080006092 (0x341027f3) x15 0x0000000080005d2e
core   0: 0x0000000080006096 (0x34202773) csrrs   a4, mcause, zero
core   0: 3 0x0000000080006096 (0x34202773) x14 0x0000000000000002
core   0: 0x000000008000609a (0x142026f3) csrrs   a3, scause, zero
core   0: 3 0x000000008000609a (0x142026f3) x13 0x000000000000001b
core   0: 0x000000008000609e (0x30402673) csrrs   a2, mie, zero
core   0: 3 0x000000008000609e (0x30402673) x12 0x0000000000000a00
core   0: 0x00000000800060a2 (0x344025f3) csrrs   a1, mip, zero
core   0: 3 0x00000000800060a2 (0x344025f3) x11 0x0000000000000080
core   0: 0x00000000800060a6 (0x343025f3) csrrs   a1, mtval, zero
core   0: 3 0x00000000800060a6 (0x343025f3) x11 0x00000000f13ffd73
core   0: 0x00000000800060aa (0x14302573) csrrs   a0, stval, zero
core   0: 3 0x00000000800060aa (0x14302573) x10 0x000000000000001b
core   0: 0x00000000800060ae (0xb02024f3) csrrs   s1, minstret, zero
core   0: 3 0x00000000800060ae (0xb02024f3) x9  0x00000000000011f2
core   0: 0x00000000800060b2 (0x0000a811) c.j     pc + 20
core   0: 3 0x00000000800060b2 (0xa811)
core   0: >>>>  mepc_4
core   0: 0x00000000800060c6 (0x00000791) c.addi  a5, 4
core   0: 3 0x00000000800060c6 (0x0791) x15 0x0000000080005d32
core   0: 0x00000000800060c8 (0x34179073) csrrw   zero, mepc, a5
core   0: 3 0x00000000800060c8 (0x34179073) c833_mepc 0x0000000080005d32
core   0: 0x00000000800060cc (0x30200073) mret
core   0: 3 0x00000000800060cc (0x30200073) c768_mstatus 0x8000000a001c61a2
core   0: 0x0000000080005d32 (0xf290f4c3) fmadd.d fs1, ft1, fs1, ft10
core   0: 1 0x0000000080005d32 (0xf290f4c3) f9  0x7ff8000000000000
core   0: 0x0000000080005d36 (0x03aa4ebb) divw    t4, s4, s10
core   0: 1 0x0000000080005d36 (0x03aa4ebb) x29 0x0000000000000000
core   0: 0x0000000080005d3a (0xc03ffcd3) fcvt.lu.s s9, ft11
core   0: 1 0x0000000080005d3a (0xc03ffcd3) c1_fflags 0x0000000000000011 x25 0xffffffffffffffff
core   0: 0x0000000080005d3e (0xc20ff5d3) fcvt.w.d a1, ft11
core   0: 1 0x0000000080005d3e (0xc20ff5d3) c1_fflags 0x0000000000000011 x11 0x000000007fffffff
core   0: 0x0000000080005d42 (0x002292f3) csrrw   t0, frm, t0
core   0: 1 0x0000000080005d42 (0x002292f3) x5  0x0000000000000000 c2_frm 0x0000000000000000
core   0: 0x0000000080005d46 (0xd23cfc53) fcvt.d.lu fs8, s9
core   0: 1 0x0000000080005d46 (0xd23cfc53) c1_fflags 0x0000000000000011 f24 0x43f0000000000000
core   0: 0x0000000080005d4a (0x6e961097) auipc   ra, 0x6e961
core   0: 1 0x0000000080005d4a (0x6e961097) x1  0x00000000ee966d4a
core   0: 0x0000000080005d4e (0xc2177d53) fcvt.wu.d s10, fa4
core   0: 1 0x0000000080005d4e (0xc2177d53) c1_fflags 0x0000000000000011 x26 0xffffffffffffffff
core   0: 0x0000000080005d52 (0x8a20f213) andi    tp, ra, -1886
core   0: 1 0x0000000080005d52 (0x8a20f213) x4  0x00000000ee966802
core   0: 0x0000000080005d56 (0xfff36593) ori     a1, t1, -1
core   0: 1 0x0000000080005d56 (0xfff36593) x11 0xffffffffffffffff
core   0: 0x0000000080005d5a (0x81387813) andi    a6, a6, -2029
core   0: 1 0x0000000080005d5a (0x81387813) x16 0xffffffffc66c8000
core   0: 0x0000000080005d5e (0x02421233) mulh    tp, tp, tp
core   0: 1 0x0000000080005d5e (0x02421233) x4  0x0000000000000000
core   0: 0x0000000080005d62 (0x00202bf3) csrrs   s7, frm, zero
core   0: 1 0x0000000080005d62 (0x00202bf3) x23 0x0000000000000000
core   0: 0x0000000080005d66 (0x00dbd71b) srliw   a4, s7, 13
core   0: 1 0x0000000080005d66 (0x00dbd71b) x14 0x0000000000000000
core   0: 0x0000000080005d6a (0x01aec933) xor     s2, t4, s10
core   0: 1 0x0000000080005d6a (0x01aec933) x18 0xffffffffffffffff
core   0: 0x0000000080005d6e (0xd20509d3) fcvt.d.w fs3, a0
core   0: 1 0x0000000080005d6e (0xd20509d3) f19 0x403b000000000000
core   0: 0x0000000080005d72 (0x000503b3) add     t2, a0, zero
core   0: 1 0x0000000080005d72 (0x000503b3) x7  0x000000000000001b
core   0: 0x0000000080005d76 (0xd020f253) fcvt.s.l ft4, ra
core   0: 1 0x0000000080005d76 (0xd020f253) c1_fflags 0x0000000000000011 f4  0xffffffff4f6e966d
core   0: 0x0000000080005d7a (0xd2100353) fcvt.d.wu ft6, zero
core   0: 1 0x0000000080005d7a (0xd2100353) f6  0x0000000000000000
core   0: 0x0000000080005d7e (0x0a844993) xori    s3, s0, 168
core   0: 1 0x0000000080005d7e (0x0a844993) x19 0xffffffffffffff57
core   0: 0x0000000080005d82 (0x87d7cd13) xori    s10, a5, -1923
core   0: 1 0x0000000080005d82 (0x87d7cd13) x26 0xffffffff7fffa54f
core   0: 0x0000000080005d86 (0x4114543b) sraw    s0, s0, a7
core   0: 1 0x0000000080005d86 (0x4114543b) x8  0xffffffffffffffff
core   0: 0x0000000080005d8a (0x42050c53) fcvt.d.s fs8, fa0
core   0: 1 0x0000000080005d8a (0x42050c53) f24 0x7ff8000000000000
core   0: 0x0000000080005d8e (0xe4347013) andi    zero, s0, -445
core   0: 1 0x0000000080005d8e (0xe4347013)
core   0: 0x0000000080005d92 (0x1b9c76d3) fdiv.d  fa3, fs8, fs9
core   0: 1 0x0000000080005d92 (0x1b9c76d3) f13 0x7ff8000000000000
core   0: 0x0000000080005d96 (0x0010929b) slliw   t0, ra, 1
core   0: 1 0x0000000080005d96 (0x0010929b) x5  0xffffffffdd2cda94
core   0: 0x0000000080005d9a (0x01272933) slt     s2, a4, s2
core   0: 1 0x0000000080005d9a (0x01272933) x18 0x0000000000000000
core   0: 0x0000000080005d9e (0x0122f5b3) and     a1, t0, s2
core   0: 1 0x0000000080005d9e (0x0122f5b3) x11 0x0000000000000000
core   0: 0x0000000080005da2 (0x401e78d3) fcvt.s.d fa7, ft8
core   0: 1 0x0000000080005da2 (0x401e78d3) f17 0xffffffff7fc00000
core   0: 0x0000000080005da6 (0x014015bb) sllw    a1, zero, s4
core   0: 1 0x0000000080005da6 (0x014015bb) x11 0x0000000000000000
core   0: 0x0000000080005daa (0x00170d93) addi    s11, a4, 1
core   0: 1 0x0000000080005daa (0x00170d93) x27 0x0000000000000001
core   0: 0x0000000080005dae (0x002023f3) csrrs   t2, frm, zero
core   0: 1 0x0000000080005dae (0x002023f3) x7  0x0000000000000000
core   0: 0x0000000080005db2 (0x405c02bb) subw    t0, s8, t0
core   0: 1 0x0000000080005db2 (0x405c02bb) x5  0xffffffffa2d385fe
core   0: 0x0000000080005db6 (0xd20c08d3) fcvt.d.w fa7, s8
core   0: 1 0x0000000080005db6 (0xd20c08d3) f17 0xc1dfffe7db800000
core   0: 0x0000000080005dba (0x0294ae33) mulhsu  t3, s1, s1
core   0: 1 0x0000000080005dba (0x0294ae33) x28 0x0000000000000000
core   0: 0x0000000080005dbe (0xda83714b) fnmsub.d ft2, ft6, fs0, fs11
core   0: 1 0x0000000080005dbe (0xda83714b) f2  0x7ff8000000000000
core   0: 0x0000000080005dc2 (0x320fe173) csrrsi  sp, mcountinhibit, 31
core   0: exception trap_illegal_instruction, epc 0x0000000080005dc2
core   0:           tval 0x00000000320fe173
core   0: >>>>  $xrv64i2p1_m2p0_a2p1_f2p2_d2p2_zicsr2p0_zifencei2p0_zmmul1p0_zba1p0_zbb1p0_zbc1p0_zbs1p0
core   0: 0x0000000080004000 (0x0080006f) j       pc + 0x8
core   0: 3 0x0000000080004000 (0x0080006f)
core   0: >>>>  mmode_exception_handler
core   0: 0x0000000080004008 (0x00002c17) auipc   s8, 0x2
core   0: 3 0x0000000080004008 (0x00002c17) x24 0x0000000080006008
core   0: 0x000000008000400c (0x08ac0c13) addi    s8, s8, 138
core   0: 3 0x000000008000400c (0x08ac0c13) x24 0x0000000080006092
core   0: 0x0000000080004010 (0x000c00e7) jalr    s8
core   0: 3 0x0000000080004010 (0x000c00e7) x1  0x0000000080004014
core   0: >>>>  any_handler
core   0: 0x0000000080006092 (0x341027f3) csrrs   a5, mepc, zero
core   0: 3 0x0000000080006092 (0x341027f3) x15 0x0000000080005dc2
core   0: 0x0000000080006096 (0x34202773) csrrs   a4, mcause, zero
core   0: 3 0x0000000080006096 (0x34202773) x14 0x0000000000000002
core   0: 0x000000008000609a (0x142026f3) csrrs   a3, scause, zero
core   0: 3 0x000000008000609a (0x142026f3) x13 0x000000000000001b
core   0: 0x000000008000609e (0x30402673) csrrs   a2, mie, zero
core   0: 3 0x000000008000609e (0x30402673) x12 0x0000000000000a00
core   0: 0x00000000800060a2 (0x344025f3) csrrs   a1, mip, zero
core   0: 3 0x00000000800060a2 (0x344025f3) x11 0x0000000000000080
core   0: 0x00000000800060a6 (0x343025f3) csrrs   a1, mtval, zero
core   0: 3 0x00000000800060a6 (0x343025f3) x11 0x00000000320fe173
core   0: 0x00000000800060aa (0x14302573) csrrs   a0, stval, zero
core   0: 3 0x00000000800060aa (0x14302573) x10 0x000000000000001b
core   0: 0x00000000800060ae (0xb02024f3) csrrs   s1, minstret, zero
core   0: 3 0x00000000800060ae (0xb02024f3) x9  0x0000000000001226
core   0: 0x00000000800060b2 (0x0000a811) c.j     pc + 20
core   0: 3 0x00000000800060b2 (0xa811)
core   0: >>>>  mepc_4
core   0: 0x00000000800060c6 (0x00000791) c.addi  a5, 4
core   0: 3 0x00000000800060c6 (0x0791) x15 0x0000000080005dc6
core   0: 0x00000000800060c8 (0x34179073) csrrw   zero, mepc, a5
core   0: 3 0x00000000800060c8 (0x34179073) c833_mepc 0x0000000080005dc6
core   0: 0x00000000800060cc (0x30200073) mret
core   0: 3 0x00000000800060cc (0x30200073) c768_mstatus 0x8000000a001c61a2
core   0: 0x0000000080005dc6 (0x039b24b3) mulhsu  s1, s6, s9
core   0: 1 0x0000000080005dc6 (0x039b24b3) x9  0x0000000001756e8c
core   0: 0x0000000080005dca (0x4357f7c3) fmadd.d fa5, fa5, fs5, fs0
core   0: 1 0x0000000080005dca (0x4357f7c3) f15 0x7ff8000000000000
core   0: 0x0000000080005dce (0x01f4941b) slliw   s0, s1, 31
core   0: 1 0x0000000080005dce (0x01f4941b) x8  0x0000000000000000
core   0: 0x0000000080005dd2 (0x0009d91b) srliw   s2, s3, 0
core   0: 1 0x0000000080005dd2 (0x0009d91b) x18 0xffffffffffffff57
core   0: 0x0000000080005dd6 (0x02202633) mulhsu  a2, zero, sp
core   0: 1 0x0000000080005dd6 (0x02202633) x12 0x0000000000000000
core   0: 0x0000000080005dda (0x000039fd) c.addiw s3, -1
core   0: 1 0x0000000080005dda (0x39fd) x19 0xffffffffffffff56
core   0: 0x0000000080005ddc (0x8b1af947) fmsub.d fs2, fs5, fa7, fa7
core   0: 1 0x0000000080005ddc (0x8b1af947) f18 0x41dfffe7db800000
core   0: 0x0000000080005de0 (0x43d7dd13) srai    s10, a5, 61
core   0: 1 0x0000000080005de0 (0x43d7dd13) x26 0x0000000000000000
core   0: 0x0000000080005de4 (0x015405b3) add     a1, s0, s5
core   0: 1 0x0000000080005de4 (0x015405b3) x11 0xfffffffffffffa82
core   0: 0x0000000080005de8 (0xd0347fd3) fcvt.s.lu ft11, s0
core   0: 1 0x0000000080005de8 (0xd0347fd3) f31 0xffffffff00000000
core   0: 0x0000000080005dec (0x00000001) c.nop
core   0: 1 0x0000000080005dec (0x0001)
core   0: 0x0000000080005dee (0x0389443b) divw    s0, s2, s8
core   0: 1 0x0000000080005dee (0x0389443b) x8  0x0000000000000000
core   0: 0x0000000080005df2 (0xfbf4f74b) fnmsub.d fa4, fs1, ft11, ft11
core   0: 1 0x0000000080005df2 (0xfbf4f74b) f14 0x7ff8000000000000
core   0: 0x0000000080005df6 (0x5a0e71d3) fsqrt.d ft3, ft8
core   0: 1 0x0000000080005df6 (0x5a0e71d3) f3  0x7ff8000000000000
core   0: 0x0000000080005dfa (0x019d02b7) lui     t0, 0x19d0
core   0: 1 0x0000000080005dfa (0x019d02b7) x5  0x00000000019d0000
core   0: 0x0000000080005dfe (0x35f2829b) addiw   t0, t0, 863
core   0: 1 0x0000000080005dfe (0x35f2829b) x5  0x00000000019d035f
core   0: 0x0000000080005e02 (0x000002ba) c.slli  t0, 14
core   0: 1 0x0000000080005e02 (0x02ba) x5  0x0000006740d7c000
core   0: 0x0000000080005e04 (0x78a28293) addi    t0, t0, 1930
core   0: 1 0x0000000080005e04 (0x78a28293) x5  0x0000006740d7c78a
core   0: 0x0000000080005e08 (0xf13ded73) csrrsi  s10, mimpid, 27
core   0: exception trap_illegal_instruction, epc 0x0000000080005e08
core   0:           tval 0x00000000f13ded73
core   0: >>>>  $xrv64i2p1_m2p0_a2p1_f2p2_d2p2_zicsr2p0_zifencei2p0_zmmul1p0_zba1p0_zbb1p0_zbc1p0_zbs1p0
core   0: 0x0000000080004000 (0x0080006f) j       pc + 0x8
core   0: 3 0x0000000080004000 (0x0080006f)
core   0: >>>>  mmode_exception_handler
core   0: 0x0000000080004008 (0x00002c17) auipc   s8, 0x2
core   0: 3 0x0000000080004008 (0x00002c17) x24 0x0000000080006008
core   0: 0x000000008000400c (0x08ac0c13) addi    s8, s8, 138
core   0: 3 0x000000008000400c (0x08ac0c13) x24 0x0000000080006092
core   0: 0x0000000080004010 (0x000c00e7) jalr    s8
core   0: 3 0x0000000080004010 (0x000c00e7) x1  0x0000000080004014
core   0: >>>>  any_handler
core   0: 0x0000000080006092 (0x341027f3) csrrs   a5, mepc, zero
core   0: 3 0x0000000080006092 (0x341027f3) x15 0x0000000080005e08
core   0: 0x0000000080006096 (0x34202773) csrrs   a4, mcause, zero
core   0: 3 0x0000000080006096 (0x34202773) x14 0x0000000000000002
core   0: 0x000000008000609a (0x142026f3) csrrs   a3, scause, zero
core   0: 3 0x000000008000609a (0x142026f3) x13 0x000000000000001b
core   0: 0x000000008000609e (0x30402673) csrrs   a2, mie, zero
core   0: 3 0x000000008000609e (0x30402673) x12 0x0000000000000a00
core   0: 0x00000000800060a2 (0x344025f3) csrrs   a1, mip, zero
core   0: 3 0x00000000800060a2 (0x344025f3) x11 0x0000000000000080
core   0: 0x00000000800060a6 (0x343025f3) csrrs   a1, mtval, zero
core   0: 3 0x00000000800060a6 (0x343025f3) x11 0x00000000f13ded73
core   0: 0x00000000800060aa (0x14302573) csrrs   a0, stval, zero
core   0: 3 0x00000000800060aa (0x14302573) x10 0x000000000000001b
core   0: 0x00000000800060ae (0xb02024f3) csrrs   s1, minstret, zero
core   0: 3 0x00000000800060ae (0xb02024f3) x9  0x0000000000001248
core   0: 0x00000000800060b2 (0x0000a811) c.j     pc + 20
core   0: 3 0x00000000800060b2 (0xa811)
core   0: >>>>  mepc_4
core   0: 0x00000000800060c6 (0x00000791) c.addi  a5, 4
core   0: 3 0x00000000800060c6 (0x0791) x15 0x0000000080005e0c
core   0: 0x00000000800060c8 (0x34179073) csrrw   zero, mepc, a5
core   0: 3 0x00000000800060c8 (0x34179073) c833_mepc 0x0000000080005e0c
core   0: 0x00000000800060cc (0x30200073) mret
core   0: 3 0x00000000800060cc (0x30200073) c768_mstatus 0x8000000a001c61a2
core   0: 0x0000000080005e0c (0x7adb0b13) addi    s6, s6, 1965
core   0: 1 0x0000000080005e0c (0x7adb0b13) x22 0x000000000175763a
core   0: 0x0000000080005e10 (0x2bc11b53) fmax.d  fs6, ft2, ft8
core   0: 1 0x0000000080005e10 (0x2bc11b53) f22 0x7ff8000000000000
core   0: 0x0000000080005e14 (0xd2128bd3) fcvt.d.wu fs7, t0
core   0: 1 0x0000000080005e14 (0xd2128bd3) f23 0x41d035f1e2800000
core   0: 0x0000000080005e18 (0xc03cf153) fcvt.lu.s sp, fs9
core   0: 1 0x0000000080005e18 (0xc03cf153) c1_fflags 0x0000000000000011 x2  0xffffffffffffffff
core   0: 0x0000000080005e1c (0x220d77c7) fmsub.d fa5, fs10, ft0, ft4
core   0: 1 0x0000000080005e1c (0x220d77c7) f15 0x7ff8000000000000
core   0: 0x0000000080005e20 (0x00e7973b) sllw    a4, a5, a4
core   0: 1 0x0000000080005e20 (0x00e7973b) x14 0x0000000000017830
core   0: 0x0000000080005e24 (0xd2140ad3) fcvt.d.wu fs5, s0
core   0: 1 0x0000000080005e24 (0xd2140ad3) f21 0x0000000000000000
core   0: 0x0000000080005e28 (0x027bd813) srli    a6, s7, 39
core   0: 1 0x0000000080005e28 (0x027bd813) x16 0x0000000000000000
core   0: 0x0000000080005e2c (0x229e84d3) fsgnj.d fs1, ft9, fs1
core   0: 1 0x0000000080005e2c (0x229e84d3) f9  0x7ff8000000000000
core   0: 0x0000000080005e30 (0x031b0b3b) mulw    s6, s6, a7
core   0: 1 0x0000000080005e30 (0x031b0b3b) x22 0x0000000000000000
core   0: 0x0000000080005e34 (0x747bbc73) csrrc   s8, mseccfg, s7
core   0: exception trap_illegal_instruction, epc 0x0000000080005e34
core   0:           tval 0x00000000747bbc73
core   0: >>>>  $xrv64i2p1_m2p0_a2p1_f2p2_d2p2_zicsr2p0_zifencei2p0_zmmul1p0_zba1p0_zbb1p0_zbc1p0_zbs1p0
core   0: 0x0000000080004000 (0x0080006f) j       pc + 0x8
core   0: 3 0x0000000080004000 (0x0080006f)
core   0: >>>>  mmode_exception_handler
core   0: 0x0000000080004008 (0x00002c17) auipc   s8, 0x2
core   0: 3 0x0000000080004008 (0x00002c17) x24 0x0000000080006008
core   0: 0x000000008000400c (0x08ac0c13) addi    s8, s8, 138
core   0: 3 0x000000008000400c (0x08ac0c13) x24 0x0000000080006092
core   0: 0x0000000080004010 (0x000c00e7) jalr    s8
core   0: 3 0x0000000080004010 (0x000c00e7) x1  0x0000000080004014
core   0: >>>>  any_handler
core   0: 0x0000000080006092 (0x341027f3) csrrs   a5, mepc, zero
core   0: 3 0x0000000080006092 (0x341027f3) x15 0x0000000080005e34
core   0: 0x0000000080006096 (0x34202773) csrrs   a4, mcause, zero
core   0: 3 0x0000000080006096 (0x34202773) x14 0x0000000000000002
core   0: 0x000000008000609a (0x142026f3) csrrs   a3, scause, zero
core   0: 3 0x000000008000609a (0x142026f3) x13 0x000000000000001b
core   0: 0x000000008000609e (0x30402673) csrrs   a2, mie, zero
core   0: 3 0x000000008000609e (0x30402673) x12 0x0000000000000a00
core   0: 0x00000000800060a2 (0x344025f3) csrrs   a1, mip, zero
core   0: 3 0x00000000800060a2 (0x344025f3) x11 0x0000000000000080
core   0: 0x00000000800060a6 (0x343025f3) csrrs   a1, mtval, zero
core   0: 3 0x00000000800060a6 (0x343025f3) x11 0x00000000747bbc73
core   0: 0x00000000800060aa (0x14302573) csrrs   a0, stval, zero
core   0: 3 0x00000000800060aa (0x14302573) x10 0x000000000000001b
core   0: 0x00000000800060ae (0xb02024f3) csrrs   s1, minstret, zero
core   0: 3 0x00000000800060ae (0xb02024f3) x9  0x0000000000001262
core   0: 0x00000000800060b2 (0x0000a811) c.j     pc + 20
core   0: 3 0x00000000800060b2 (0xa811)
core   0: >>>>  mepc_4
core   0: 0x00000000800060c6 (0x00000791) c.addi  a5, 4
core   0: 3 0x00000000800060c6 (0x0791) x15 0x0000000080005e38
core   0: 0x00000000800060c8 (0x34179073) csrrw   zero, mepc, a5
core   0: 3 0x00000000800060c8 (0x34179073) c833_mepc 0x0000000080005e38
core   0: 0x00000000800060cc (0x30200073) mret
core   0: 3 0x00000000800060cc (0x30200073) c768_mstatus 0x8000000a001c61a2
core   0: 0x0000000080005e38 (0x021c20b3) mulhsu  ra, s8, ra
core   0: 1 0x0000000080005e38 (0x021c20b3) x1  0x0000000000000000
core   0: 0x0000000080005e3c (0xd20a81d3) fcvt.d.w ft3, s5
core   0: 1 0x0000000080005e3c (0xd20a81d3) f3  0xc095f80000000000
core   0: 0x0000000080005e40 (0x0b5afa53) fsub.d  fs4, fs5, fs5
core   0: 1 0x0000000080005e40 (0x0b5afa53) f20 0x0000000000000000
core   0: 0x0000000080005e44 (0x029bc233) div     tp, s7, s1
core   0: 1 0x0000000080005e44 (0x029bc233) x4  0x0000000000000000
core   0: 0x0000000080005e48 (0x001d1d73) csrrw   s10, fflags, s10
core   0: 1 0x0000000080005e48 (0x001d1d73) x26 0x0000000000000011 c1_fflags 0x0000000000000000
core   0: 0x0000000080005e4c (0xd20388d3) fcvt.d.w fa7, t2
core   0: 1 0x0000000080005e4c (0xd20388d3) f17 0x0000000000000000
core   0: 0x0000000080005e50 (0x320c1173) csrrw   sp, mcountinhibit, s8
core   0: exception trap_illegal_instruction, epc 0x0000000080005e50
core   0:           tval 0x00000000320c1173
core   0: >>>>  $xrv64i2p1_m2p0_a2p1_f2p2_d2p2_zicsr2p0_zifencei2p0_zmmul1p0_zba1p0_zbb1p0_zbc1p0_zbs1p0
core   0: 0x0000000080004000 (0x0080006f) j       pc + 0x8
core   0: 3 0x0000000080004000 (0x0080006f)
core   0: >>>>  mmode_exception_handler
core   0: 0x0000000080004008 (0x00002c17) auipc   s8, 0x2
core   0: 3 0x0000000080004008 (0x00002c17) x24 0x0000000080006008
core   0: 0x000000008000400c (0x08ac0c13) addi    s8, s8, 138
core   0: 3 0x000000008000400c (0x08ac0c13) x24 0x0000000080006092
core   0: 0x0000000080004010 (0x000c00e7) jalr    s8
core   0: 3 0x0000000080004010 (0x000c00e7) x1  0x0000000080004014
core   0: >>>>  any_handler
core   0: 0x0000000080006092 (0x341027f3) csrrs   a5, mepc, zero
core   0: 3 0x0000000080006092 (0x341027f3) x15 0x0000000080005e50
core   0: 0x0000000080006096 (0x34202773) csrrs   a4, mcause, zero
core   0: 3 0x0000000080006096 (0x34202773) x14 0x0000000000000002
core   0: 0x000000008000609a (0x142026f3) csrrs   a3, scause, zero
core   0: 3 0x000000008000609a (0x142026f3) x13 0x000000000000001b
core   0: 0x000000008000609e (0x30402673) csrrs   a2, mie, zero
core   0: 3 0x000000008000609e (0x30402673) x12 0x0000000000000a00
core   0: 0x00000000800060a2 (0x344025f3) csrrs   a1, mip, zero
core   0: 3 0x00000000800060a2 (0x344025f3) x11 0x0000000000000080
core   0: 0x00000000800060a6 (0x343025f3) csrrs   a1, mtval, zero
core   0: 3 0x00000000800060a6 (0x343025f3) x11 0x00000000320c1173
core   0: 0x00000000800060aa (0x14302573) csrrs   a0, stval, zero
core   0: 3 0x00000000800060aa (0x14302573) x10 0x000000000000001b
core   0: 0x00000000800060ae (0xb02024f3) csrrs   s1, minstret, zero
core   0: 3 0x00000000800060ae (0xb02024f3) x9  0x0000000000001278
core   0: 0x00000000800060b2 (0x0000a811) c.j     pc + 20
core   0: 3 0x00000000800060b2 (0xa811)
core   0: >>>>  mepc_4
core   0: 0x00000000800060c6 (0x00000791) c.addi  a5, 4
core   0: 3 0x00000000800060c6 (0x0791) x15 0x0000000080005e54
core   0: 0x00000000800060c8 (0x34179073) csrrw   zero, mepc, a5
core   0: 3 0x00000000800060c8 (0x34179073) c833_mepc 0x0000000080005e54
core   0: 0x00000000800060cc (0x30200073) mret
core   0: 3 0x00000000800060cc (0x30200073) c768_mstatus 0x8000000a001c61a2
core   0: 0x0000000080005e54 (0x22e7a753) fsgnjx.d fa4, fa5, fa4
core   0: 1 0x0000000080005e54 (0x22e7a753) f14 0x7ff8000000000000
core   0: 0x0000000080005e58 (0x002776b3) and     a3, a4, sp
core   0: 1 0x0000000080005e58 (0x002776b3) x13 0x0000000000000002
core   0: 0x0000000080005e5c (0x420f8ed3) fcvt.d.s ft9, ft11
core   0: 1 0x0000000080005e5c (0x420f8ed3) f29 0x0000000000000000
core   0: 0x0000000080005e60 (0x0321ab33) mulhsu  s6, gp, s2
core   0: 1 0x0000000080005e60 (0x0321ab33) x22 0x0000000000000000
core   0: 0x0000000080005e64 (0xf20d0cd3) fmv.d.x fs9, s10
core   0: 1 0x0000000080005e64 (0xf20d0cd3) f25 0x0000000000000011
core   0: 0x0000000080005e68 (0x01a01613) slli    a2, zero, 26
core   0: 1 0x0000000080005e68 (0x01a01613) x12 0x0000000000000000
core   0: 0x0000000080005e6c (0x0113ddbb) srlw    s11, t2, a7
core   0: 1 0x0000000080005e6c (0x0113ddbb) x27 0x0000000000000000
core   0: 0x0000000080005e70 (0x401ad333) sra     t1, s5, ra
core   0: 1 0x0000000080005e70 (0x401ad333) x6  0xffffffffffffffff
core   0: 0x0000000080005e74 (0x40a804bb) subw    s1, a6, a0
core   0: 1 0x0000000080005e74 (0x40a804bb) x9  0xffffffffffffffe5
core   0: 0x0000000080005e78 (0x40650a3b) subw    s4, a0, t1
core   0: 1 0x0000000080005e78 (0x40650a3b) x20 0x000000000000001c
core   0: 0x0000000080005e7c (0xd02a76d3) fcvt.s.l fa3, s4
core   0: 1 0x0000000080005e7c (0xd02a76d3) f13 0xffffffff41e00000
core   0: 0x0000000080005e80 (0x7afa6993) ori     s3, s4, 1967
core   0: 1 0x0000000080005e80 (0x7afa6993) x19 0x00000000000007bf
core   0: 0x0000000080005e84 (0x033260bb) remw    ra, tp, s3
core   0: 1 0x0000000080005e84 (0x033260bb) x1  0x0000000000000000
core   0: 0x0000000080005e88 (0xfab44393) xori    t2, s0, -85
core   0: 1 0x0000000080005e88 (0xfab44393) x7  0xffffffffffffffab
core   0: 0x0000000080005e8c (0x4016561b) sraiw   a2, a2, 1
core   0: 1 0x0000000080005e8c (0x4016561b) x12 0x0000000000000000
core   0: 0x0000000080005e90 (0x40b6d413) srai    s0, a3, 11
core   0: 1 0x0000000080005e90 (0x40b6d413) x8  0x0000000000000000
core   0: 0x0000000080005e94 (0x406153b3) sra     t2, sp, t1
core   0: 1 0x0000000080005e94 (0x406153b3) x7  0xffffffffffffffff
core   0: 0x0000000080005e98 (0xc11c7493) andi    s1, s8, -1007
core   0: 1 0x0000000080005e98 (0xc11c7493) x9  0x0000000080006010
core   0: 0x0000000080005e9c (0x023351b3) divu    gp, t1, gp
core   0: 1 0x0000000080005e9c (0x023351b3) x3  0xffffffffffffffff
core   0: 0x0000000080005ea0 (0x02f15d3b) divuw   s10, sp, a5
core   0: 1 0x0000000080005ea0 (0x02f15d3b) x26 0x0000000000000001
core   0: 0x0000000080005ea4 (0xb2d6cd93) xori    s11, a3, -1235
core   0: 1 0x0000000080005ea4 (0xb2d6cd93) x27 0xfffffffffffffb2f
core   0: 0x0000000080005ea8 (0x4066d83b) sraw    a6, a3, t1
core   0: 1 0x0000000080005ea8 (0x4066d83b) x16 0x0000000000000000
core   0: 0x0000000080005eac (0x03d6f2d3) fadd.d  ft5, fa3, ft9
core   0: 1 0x0000000080005eac (0x03d6f2d3) f5  0x7ff8000000000000
core   0: 0x0000000080005eb0 (0x6494e493) ori     s1, s1, 1609
core   0: 1 0x0000000080005eb0 (0x6494e493) x9  0x0000000080006659
core   0: 0x0000000080005eb4 (0xc23af953) fcvt.lu.d s2, fs5
core   0: 1 0x0000000080005eb4 (0xc23af953) x18 0x0000000000000000
core   0: 0x0000000080005eb8 (0x2b4f9fd3) fmax.d  ft11, ft11, fs4
core   0: 1 0x0000000080005eb8 (0x2b4f9fd3) f31 0x0000000000000000
core   0: 0x0000000080005ebc (0xe7648417) auipc   s0, 0xe7648
core   0: 1 0x0000000080005ebc (0xe7648417) x8  0x000000006764debc
core   0: 0x0000000080005ec0 (0xc222f753) fcvt.l.d a4, ft5
core   0: 1 0x0000000080005ec0 (0xc222f753) c1_fflags 0x0000000000000010 x14 0x7fffffffffffffff
core   0: 0x0000000080005ec4 (0x02e4033b) mulw    t1, s0, a4
core   0: 1 0x0000000080005ec4 (0x02e4033b) x6  0xffffffff989b2144
core   0: 0x0000000080005ec8 (0x00c70dbb) addw    s11, a4, a2
core   0: 1 0x0000000080005ec8 (0x00c70dbb) x27 0xffffffffffffffff
core   0: 0x0000000080005ecc (0xa343f84b) fnmsub.d fa6, ft7, fs4, fs4
core   0: 1 0x0000000080005ecc (0xa343f84b) f16 0x7ff8000000000000
core   0: 0x0000000080005ed0 (0x01930cbb) addw    s9, t1, s9
core   0: 1 0x0000000080005ed0 (0x01930cbb) x25 0xffffffff989b2143
core   0: 0x0000000080005ed4 (0x010dfd33) and     s10, s11, a6
core   0: 1 0x0000000080005ed4 (0x010dfd33) x26 0x0000000000000000
core   0: 0x0000000080005ed8 (0xd2080153) fcvt.d.w ft2, a6
core   0: 1 0x0000000080005ed8 (0xd2080153) f2  0x0000000000000000
core   0: 0x0000000080005edc (0xc023fe53) fcvt.l.s t3, ft7
core   0: 1 0x0000000080005edc (0xc023fe53) c1_fflags 0x0000000000000010 x28 0x7fffffffffffffff
core   0: 0x0000000080005ee0 (0xc812f373) csrrci  t1, timeh, 5
core   0: exception trap_illegal_instruction, epc 0x0000000080005ee0
core   0:           tval 0x00000000c812f373
core   0: >>>>  $xrv64i2p1_m2p0_a2p1_f2p2_d2p2_zicsr2p0_zifencei2p0_zmmul1p0_zba1p0_zbb1p0_zbc1p0_zbs1p0
core   0: 0x0000000080004000 (0x0080006f) j       pc + 0x8
core   0: 3 0x0000000080004000 (0x0080006f)
core   0: >>>>  mmode_exception_handler
core   0: 0x0000000080004008 (0x00002c17) auipc   s8, 0x2
core   0: 3 0x0000000080004008 (0x00002c17) x24 0x0000000080006008
core   0: 0x000000008000400c (0x08ac0c13) addi    s8, s8, 138
core   0: 3 0x000000008000400c (0x08ac0c13) x24 0x0000000080006092
core   0: 0x0000000080004010 (0x000c00e7) jalr    s8
core   0: 3 0x0000000080004010 (0x000c00e7) x1  0x0000000080004014
core   0: >>>>  any_handler
core   0: 0x0000000080006092 (0x341027f3) csrrs   a5, mepc, zero
core   0: 3 0x0000000080006092 (0x341027f3) x15 0x0000000080005ee0
core   0: 0x0000000080006096 (0x34202773) csrrs   a4, mcause, zero
core   0: 3 0x0000000080006096 (0x34202773) x14 0x0000000000000002
core   0: 0x000000008000609a (0x142026f3) csrrs   a3, scause, zero
core   0: 3 0x000000008000609a (0x142026f3) x13 0x000000000000001b
core   0: 0x000000008000609e (0x30402673) csrrs   a2, mie, zero
core   0: 3 0x000000008000609e (0x30402673) x12 0x0000000000000a00
core   0: 0x00000000800060a2 (0x344025f3) csrrs   a1, mip, zero
core   0: 3 0x00000000800060a2 (0x344025f3) x11 0x0000000000000080
core   0: 0x00000000800060a6 (0x343025f3) csrrs   a1, mtval, zero
core   0: 3 0x00000000800060a6 (0x343025f3) x11 0x00000000c812f373
core   0: 0x00000000800060aa (0x14302573) csrrs   a0, stval, zero
core   0: 3 0x00000000800060aa (0x14302573) x10 0x000000000000001b
core   0: 0x00000000800060ae (0xb02024f3) csrrs   s1, minstret, zero
core   0: 3 0x00000000800060ae (0xb02024f3) x9  0x00000000000012ab
core   0: 0x00000000800060b2 (0x0000a811) c.j     pc + 20
core   0: 3 0x00000000800060b2 (0xa811)
core   0: >>>>  mepc_4
core   0: 0x00000000800060c6 (0x00000791) c.addi  a5, 4
core   0: 3 0x00000000800060c6 (0x0791) x15 0x0000000080005ee4
core   0: 0x00000000800060c8 (0x34179073) csrrw   zero, mepc, a5
core   0: 3 0x00000000800060c8 (0x34179073) c833_mepc 0x0000000080005ee4
core   0: 0x00000000800060cc (0x30200073) mret
core   0: 3 0x00000000800060cc (0x30200073) c768_mstatus 0x8000000a001c61a2
core   0: 0x0000000080005ee4 (0x03aa2933) mulhsu  s2, s4, s10
core   0: 1 0x0000000080005ee4 (0x03aa2933) x18 0x0000000000000000
core   0: 0x0000000080005ee8 (0x02422db3) mulhsu  s11, tp, tp
core   0: 1 0x0000000080005ee8 (0x02422db3) x27 0x0000000000000000
core   0: 0x0000000080005eec (0x40a907b3) sub     a5, s2, a0
core   0: 1 0x0000000080005eec (0x40a907b3) x15 0xffffffffffffffe5
core   0: 0x0000000080005ef0 (0x40c20a3b) subw    s4, tp, a2
core   0: 1 0x0000000080005ef0 (0x40c20a3b) x20 0xfffffffffffff600
core   0: 0x0000000080005ef4 (0x035afad3) fadd.d  fs5, fs5, fs5
core   0: 1 0x0000000080005ef4 (0x035afad3) f21 0x0000000000000000
core   0: 0x0000000080005ef8 (0x0187991b) slliw   s2, a5, 24
core   0: 1 0x0000000080005ef8 (0x0187991b) x18 0xffffffffe5000000
core   0: 0x0000000080005efc (0x310e36f3) csrrc   a3, mstatush, t3
core   0: exception trap_illegal_instruction, epc 0x0000000080005efc
core   0:           tval 0x00000000310e36f3
core   0: >>>>  $xrv64i2p1_m2p0_a2p1_f2p2_d2p2_zicsr2p0_zifencei2p0_zmmul1p0_zba1p0_zbb1p0_zbc1p0_zbs1p0
core   0: 0x0000000080004000 (0x0080006f) j       pc + 0x8
core   0: 3 0x0000000080004000 (0x0080006f)
core   0: >>>>  mmode_exception_handler
core   0: 0x0000000080004008 (0x00002c17) auipc   s8, 0x2
core   0: 3 0x0000000080004008 (0x00002c17) x24 0x0000000080006008
core   0: 0x000000008000400c (0x08ac0c13) addi    s8, s8, 138
core   0: 3 0x000000008000400c (0x08ac0c13) x24 0x0000000080006092
core   0: 0x0000000080004010 (0x000c00e7) jalr    s8
core   0: 3 0x0000000080004010 (0x000c00e7) x1  0x0000000080004014
core   0: >>>>  any_handler
core   0: 0x0000000080006092 (0x341027f3) csrrs   a5, mepc, zero
core   0: 3 0x0000000080006092 (0x341027f3) x15 0x0000000080005efc
core   0: 0x0000000080006096 (0x34202773) csrrs   a4, mcause, zero
core   0: 3 0x0000000080006096 (0x34202773) x14 0x0000000000000002
core   0: 0x000000008000609a (0x142026f3) csrrs   a3, scause, zero
core   0: 3 0x000000008000609a (0x142026f3) x13 0x000000000000001b
core   0: 0x000000008000609e (0x30402673) csrrs   a2, mie, zero
core   0: 3 0x000000008000609e (0x30402673) x12 0x0000000000000a00
core   0: 0x00000000800060a2 (0x344025f3) csrrs   a1, mip, zero
core   0: 3 0x00000000800060a2 (0x344025f3) x11 0x0000000000000080
core   0: 0x00000000800060a6 (0x343025f3) csrrs   a1, mtval, zero
core   0: 3 0x00000000800060a6 (0x343025f3) x11 0x00000000310e36f3
core   0: 0x00000000800060aa (0x14302573) csrrs   a0, stval, zero
core   0: 3 0x00000000800060aa (0x14302573) x10 0x000000000000001b
core   0: 0x00000000800060ae (0xb02024f3) csrrs   s1, minstret, zero
core   0: 3 0x00000000800060ae (0xb02024f3) x9  0x00000000000012c1
core   0: 0x00000000800060b2 (0x0000a811) c.j     pc + 20
core   0: 3 0x00000000800060b2 (0xa811)
core   0: >>>>  mepc_4
core   0: 0x00000000800060c6 (0x00000791) c.addi  a5, 4
core   0: 3 0x00000000800060c6 (0x0791) x15 0x0000000080005f00
core   0: 0x00000000800060c8 (0x34179073) csrrw   zero, mepc, a5
core   0: 3 0x00000000800060c8 (0x34179073) c833_mepc 0x0000000080005f00
core   0: 0x00000000800060cc (0x30200073) mret
core   0: 3 0x00000000800060cc (0x30200073) c768_mstatus 0x8000000a001c61a2
core   0: 0x0000000080005f00 (0x002024f3) csrrs   s1, frm, zero
core   0: 1 0x0000000080005f00 (0x002024f3) x9  0x0000000000000000
core   0: 0x0000000080005f04 (0x41940d33) sub     s10, s0, s9
core   0: 1 0x0000000080005f04 (0x41940d33) x26 0x00000000cec9bd79
core   0: 0x0000000080005f08 (0x03a6b133) mulhu   sp, a3, s10
core   0: 1 0x0000000080005f08 (0x03a6b133) x2  0x0000000000000000
core   0: 0x0000000080005f0c (0x001e8b1b) addiw   s6, t4, 1
core   0: 1 0x0000000080005f0c (0x001e8b1b) x22 0x0000000000000001
core   0: 0x0000000080005f10 (0x02d16cb3) rem     s9, sp, a3
core   0: 1 0x0000000080005f10 (0x02d16cb3) x25 0x0000000000000000
core   0: 0x0000000080005f14 (0x418d5793) srai    a5, s10, 24
core   0: 1 0x0000000080005f14 (0x418d5793) x15 0x00000000000000ce
core   0: 0x0000000080005f18 (0x0ff0000f) fence   iorw,iorw
core   0: 1 0x0000000080005f18 (0x0ff0000f)
core   0: 0x0000000080005f1c (0x41d30ebb) subw    t4, t1, t4
core   0: 1 0x0000000080005f1c (0x41d30ebb) x29 0xffffffff989b2144
core   0: 0x0000000080005f20 (0x0139d9bb) srlw    s3, s3, s3
core   0: 1 0x0000000080005f20 (0x0139d9bb) x19 0x0000000000000000
core   0: 0x0000000080005f24 (0xc203fdd3) fcvt.w.d s11, ft7
core   0: 1 0x0000000080005f24 (0xc203fdd3) c1_fflags 0x0000000000000010 x27 0x000000007fffffff
core   0: 0x0000000080005f28 (0xd0227453) fcvt.s.l fs0, tp
core   0: 1 0x0000000080005f28 (0xd0227453) f8  0xffffffff00000000
core   0: 0x0000000080005f2c (0x401577d3) fcvt.s.d fa5, fa0
core   0: 1 0x0000000080005f2c (0x401577d3) f15 0xffffffff7fc00000
core   0: 0x0000000080005f30 (0x006ac7b3) xor     a5, s5, t1
core   0: 1 0x0000000080005f30 (0x006ac7b3) x15 0x000000006764dbc6
core   0: 0x0000000080005f34 (0xa5778b93) addi    s7, a5, -1449
core   0: 1 0x0000000080005f34 (0xa5778b93) x23 0x000000006764d61d
core   0: 0x0000000080005f38 (0x017887bb) addw    a5, a7, s7
core   0: 1 0x0000000080005f38 (0x017887bb) x15 0x000000006764d61d
core   0: 0x0000000080005f3c (0xfffe6e13) ori     t3, t3, -1
core   0: 1 0x0000000080005f3c (0xfffe6e13) x28 0xffffffffffffffff
core   0: 0x0000000080005f40 (0x00355cb3) srl     s9, a0, gp
core   0: 1 0x0000000080005f40 (0x00355cb3) x25 0x0000000000000000
core   0: 0x0000000080005f44 (0x62327193) andi    gp, tp, 1571
core   0: 1 0x0000000080005f44 (0x62327193) x3  0x0000000000000000
core   0: 0x0000000080005f48 (0x05364137) lui     sp, 0x5364
core   0: 1 0x0000000080005f48 (0x05364137) x2  0x0000000005364000
core   0: 0x0000000080005f4c (0xad11011b) addiw   sp, sp, -1327
core   0: 1 0x0000000080005f4c (0xad11011b) x2  0x0000000005363ad1
core   0: 0x0000000080005f50 (0x00000132) c.slli  sp, 12
core   0: 1 0x0000000080005f50 (0x0132) x2  0x0000005363ad1000
core   0: 0x0000000080005f52 (0x00001105) c.addi  sp, -31
core   0: 1 0x0000000080005f52 (0x1105) x2  0x0000005363ad0fe1
core   0: 0x0000000080005f54 (0x02f14e3b) divw    t3, sp, a5
core   0: 1 0x0000000080005f54 (0x02f14e3b) x28 0x0000000000000000
core   0: 0x0000000080005f58 (0x03094833) div     a6, s2, a6
core   0: 1 0x0000000080005f58 (0x03094833) x16 0xffffffffffffffff
core   0: 0x0000000080005f5c (0x7a957343) fmadd.d ft6, fa0, fs1, fa5
core   0: 1 0x0000000080005f5c (0x7a957343) f6  0x7ff8000000000000
core   0: 0x0000000080005f60 (0xf20902d3) fmv.d.x ft5, s2
core   0: 1 0x0000000080005f60 (0xf20902d3) f5  0xffffffffe5000000
core   0: 0x0000000080005f64 (0x023521b3) mulhsu  gp, a0, gp
core   0: 1 0x0000000080005f64 (0x023521b3) x3  0x0000000000000000
core   0: 0x0000000080005f68 (0x00102e73) csrrs   t3, fflags, zero
core   0: 1 0x0000000080005f68 (0x00102e73) x28 0x0000000000000010
core   0: 0x0000000080005f6c (0x0073e9b3) or      s3, t2, t2
core   0: 1 0x0000000080005f6c (0x0073e9b3) x19 0xffffffffffffffff
core   0: 0x0000000080005f70 (0x4003d63b) sraw    a2, t2, zero
core   0: 1 0x0000000080005f70 (0x4003d63b) x12 0xffffffffffffffff
core   0: 0x0000000080005f74 (0x400b5b13) srai    s6, s6, 0
core   0: 1 0x0000000080005f74 (0x400b5b13) x22 0x0000000000000001
core   0: 0x0000000080005f78 (0x03bd0b33) mul     s6, s10, s11
core   0: 1 0x0000000080005f78 (0x03bd0b33) x22 0x6764debbb1364287
core   0: 0x0000000080005f7c (0x02e3d033) divu    zero, t2, a4
core   0: 1 0x0000000080005f7c (0x02e3d033)
core   0: 0x0000000080005f80 (0xc02b77d3) fcvt.l.s a5, fs6
core   0: 1 0x0000000080005f80 (0xc02b77d3) c1_fflags 0x0000000000000010 x15 0x7fffffffffffffff
core   0: 0x0000000080005f84 (0x00f926b3) slt     a3, s2, a5
core   0: 1 0x0000000080005f84 (0x00f926b3) x13 0x0000000000000001
core   0: 0x0000000080005f88 (0x1b6af253) fdiv.d  ft4, fs5, fs6
core   0: 1 0x0000000080005f88 (0x1b6af253) f4  0x7ff8000000000000
core   0: 0x0000000080005f8c (0x7ff84513) xori    a0, a6, 2047
core   0: 1 0x0000000080005f8c (0x7ff84513) x10 0xfffffffffffff800
core   0: 0x0000000080005f90 (0x02abcbb3) div     s7, s7, a0
core   0: 1 0x0000000080005f90 (0x02abcbb3) x23 0xfffffffffff31366
core   0: 0x0000000080005f94 (0x13d8c893) xori    a7, a7, 317
core   0: 1 0x0000000080005f94 (0x13d8c893) x17 0x000000000000013d
core   0: 0x0000000080005f98 (0x023899b3) mulh    s3, a7, gp
core   0: 1 0x0000000080005f98 (0x023899b3) x19 0x0000000000000000
core   0: 0x0000000080005f9c (0x22821553) fsgnjn.d fa0, ft4, fs0
core   0: 1 0x0000000080005f9c (0x22821553) f10 0x7ff8000000000000
core   0: 0x0000000080005fa0 (0x0354c133) div     sp, s1, s5
core   0: 1 0x0000000080005fa0 (0x0354c133) x2  0x0000000000000000
core   0: 0x0000000080005fa4 (0xd21b0053) fcvt.d.wu ft0, s6
core   0: 1 0x0000000080005fa4 (0xd21b0053) f0  0x41e626c850e00000
core   0: 0x0000000080005fa8 (0x7ff5829b) addiw   t0, a1, 2047
core   0: 1 0x0000000080005fa8 (0x7ff5829b) x5  0x00000000310e3ef2
core   0: 0x0000000080005fac (0x401b7b53) fcvt.s.d fs6, fs6
core   0: 1 0x0000000080005fac (0x401b7b53) f22 0xffffffff7fc00000
core   0: 0x0000000080005fb0 (0x0001d19b) srliw   gp, gp, 0
core   0: 1 0x0000000080005fb0 (0x0001d19b) x3  0x0000000000000000
core   0: 0x0000000080005fb4 (0x23998253) fsgnj.d ft4, fs3, fs9
core   0: 1 0x0000000080005fb4 (0x23998253) f4  0x403b000000000000
core   0: 0x0000000080005fb8 (0xc22c7953) fcvt.l.d s2, fs8
core   0: 1 0x0000000080005fb8 (0xc22c7953) c1_fflags 0x0000000000000010 x18 0x7fffffffffffffff
core   0: 0x0000000080005fbc (0xd231f2d3) fcvt.d.lu ft5, gp
core   0: 1 0x0000000080005fbc (0xd231f2d3) f5  0x0000000000000000
core   0: 0x0000000080005fc0 (0x00000001) c.nop
core   0: 1 0x0000000080005fc0 (0x0001)
core   0: 0x0000000080005fc2 (0x8290f7c3) fmadd.d fa5, ft1, fs1, fa6
core   0: 1 0x0000000080005fc2 (0x8290f7c3) f15 0x7ff8000000000000
core   0: 0x0000000080005fc6 (0xc216f0d3) fcvt.wu.d ra, fa3
core   0: 1 0x0000000080005fc6 (0xc216f0d3) c1_fflags 0x0000000000000010 x1  0xffffffffffffffff
core   0: 0x0000000080005fca (0xc02570d3) fcvt.l.s ra, fa0
core   0: 1 0x0000000080005fca (0xc02570d3) c1_fflags 0x0000000000000010 x1  0x7fffffffffffffff
core   0: 0x0000000080005fce (0x0000f093) andi    ra, ra, 0
core   0: 1 0x0000000080005fce (0x0000f093) x1  0x0000000000000000
core   0: 0x0000000080005fd2 (0x4111531b) sraiw   t1, sp, 17
core   0: 1 0x0000000080005fd2 (0x4111531b) x6  0x0000000000000000
core   0: 0x0000000080005fd6 (0x01031133) sll     sp, t1, a6
core   0: 1 0x0000000080005fd6 (0x01031133) x2  0x0000000000000000
core   0: 0x0000000080005fda (0x830b7fcb) fnmsub.d ft11, fs6, fa6, fa6
core   0: 1 0x0000000080005fda (0x830b7fcb) f31 0x7ff8000000000000
core   0: 0x0000000080005fde (0xfffe009b) addiw   ra, t3, -1
core   0: 1 0x0000000080005fde (0xfffe009b) x1  0x000000000000000f
core   0: 0x0000000080005fe2 (0x400ada9b) sraiw   s5, s5, 0
core   0: 1 0x0000000080005fe2 (0x400ada9b) x21 0xfffffffffffffa82
core   0: 0x0000000080005fe6 (0x401c5c1b) sraiw   s8, s8, 1
core   0: 1 0x0000000080005fe6 (0x401c5c1b) x24 0xffffffffc0003049
core   0: 0x0000000080005fea (0x03bdb533) mulhu   a0, s11, s11
core   0: 1 0x0000000080005fea (0x03bdb533) x10 0x0000000000000000
core   0: 0x0000000080005fee (0xd20d81d3) fcvt.d.w ft3, s11
core   0: 1 0x0000000080005fee (0xd20d81d3) f3  0x41dfffffffc00000
core   0: 0x0000000080005ff2 (0x401ff553) fcvt.s.d fa0, ft11
core   0: 1 0x0000000080005ff2 (0x401ff553) f10 0xffffffff7fc00000
core   0: 0x0000000080005ff6 (0x4013f2d3) fcvt.s.d ft5, ft7
core   0: 1 0x0000000080005ff6 (0x4013f2d3) f5  0xffffffff7fc00000
core   0: 0x0000000080005ffa (0x5a04fd53) fsqrt.d fs10, fs1
core   0: 1 0x0000000080005ffa (0x5a04fd53) f26 0x7ff8000000000000
core   0: 0x0000000080005ffe (0x4ca10637) lui     a2, 0x4ca10
core   0: 1 0x0000000080005ffe (0x4ca10637) x12 0x000000004ca10000
core   0: 0x0000000080006002 (0x0026183b) sllw    a6, a2, sp
core   0: 1 0x0000000080006002 (0x0026183b) x16 0x000000004ca10000
core   0: 0x0000000080006006 (0x01204733) xor     a4, zero, s2
core   0: 1 0x0000000080006006 (0x01204733) x14 0x7fffffffffffffff
core   0: 0x000000008000600a (0x31a515f3) csrrw   a1, menvcfgh, a0
core   0: exception trap_illegal_instruction, epc 0x000000008000600a
core   0:           tval 0x0000000031a515f3
core   0: >>>>  $xrv64i2p1_m2p0_a2p1_f2p2_d2p2_zicsr2p0_zifencei2p0_zmmul1p0_zba1p0_zbb1p0_zbc1p0_zbs1p0
core   0: 0x0000000080004000 (0x0080006f) j       pc + 0x8
core   0: 3 0x0000000080004000 (0x0080006f)
core   0: >>>>  mmode_exception_handler
core   0: 0x0000000080004008 (0x00002c17) auipc   s8, 0x2
core   0: 3 0x0000000080004008 (0x00002c17) x24 0x0000000080006008
core   0: 0x000000008000400c (0x08ac0c13) addi    s8, s8, 138
core   0: 3 0x000000008000400c (0x08ac0c13) x24 0x0000000080006092
core   0: 0x0000000080004010 (0x000c00e7) jalr    s8
core   0: 3 0x0000000080004010 (0x000c00e7) x1  0x0000000080004014
core   0: >>>>  any_handler
core   0: 0x0000000080006092 (0x341027f3) csrrs   a5, mepc, zero
core   0: 3 0x0000000080006092 (0x341027f3) x15 0x000000008000600a
core   0: 0x0000000080006096 (0x34202773) csrrs   a4, mcause, zero
core   0: 3 0x0000000080006096 (0x34202773) x14 0x0000000000000002
core   0: 0x000000008000609a (0x142026f3) csrrs   a3, scause, zero
core   0: 3 0x000000008000609a (0x142026f3) x13 0x000000000000001b
core   0: 0x000000008000609e (0x30402673) csrrs   a2, mie, zero
core   0: 3 0x000000008000609e (0x30402673) x12 0x0000000000000a00
core   0: 0x00000000800060a2 (0x344025f3) csrrs   a1, mip, zero
core   0: 3 0x00000000800060a2 (0x344025f3) x11 0x0000000000000080
core   0: 0x00000000800060a6 (0x343025f3) csrrs   a1, mtval, zero
core   0: 3 0x00000000800060a6 (0x343025f3) x11 0x0000000031a515f3
core   0: 0x00000000800060aa (0x14302573) csrrs   a0, stval, zero
core   0: 3 0x00000000800060aa (0x14302573) x10 0x000000000000001b
core   0: 0x00000000800060ae (0xb02024f3) csrrs   s1, minstret, zero
core   0: 3 0x00000000800060ae (0xb02024f3) x9  0x0000000000001315
core   0: 0x00000000800060b2 (0x0000a811) c.j     pc + 20
core   0: 3 0x00000000800060b2 (0xa811)
core   0: >>>>  mepc_4
core   0: 0x00000000800060c6 (0x00000791) c.addi  a5, 4
core   0: 3 0x00000000800060c6 (0x0791) x15 0x000000008000600e
core   0: 0x00000000800060c8 (0x34179073) csrrw   zero, mepc, a5
core   0: 3 0x00000000800060c8 (0x34179073) c833_mepc 0x000000008000600e
core   0: 0x00000000800060cc (0x30200073) mret
core   0: 3 0x00000000800060cc (0x30200073) c768_mstatus 0x8000000a001c61a2
core   0: 0x000000008000600e (0xc232f553) fcvt.lu.d a0, ft5
core   0: 1 0x000000008000600e (0xc232f553) c1_fflags 0x0000000000000010 x10 0xffffffffffffffff
core   0: 0x0000000080006012 (0x0093073b) addw    a4, t1, s1
core   0: 1 0x0000000080006012 (0x0093073b) x14 0x0000000000001315
core   0: 0x0000000080006016 (0xe4627d93) andi    s11, tp, -442
core   0: 1 0x0000000080006016 (0xe4627d93) x27 0x0000000000000000
core   0: 0x000000008000601a (0x02b7503b) divuw   zero, a4, a1
core   0: 1 0x000000008000601a (0x02b7503b)
core   0: 0x000000008000601e (0xe20d0cd3) fmv.x.d s9, fs10
core   0: 1 0x000000008000601e (0xe20d0cd3) x25 0x7ff8000000000000
core   0: 0x0000000080006022 (0xf20c8fd3) fmv.d.x ft11, s9
core   0: 1 0x0000000080006022 (0xf20c8fd3) f31 0x7ff8000000000000
core   0: 0x0000000080006026 (0x00202ef3) csrrs   t4, frm, zero
core   0: 1 0x0000000080006026 (0x00202ef3) x29 0x0000000000000000
core   0: 0x000000008000602a (0xd236f553) fcvt.d.lu fa0, a3
core   0: 1 0x000000008000602a (0xd236f553) f10 0x403b000000000000
core   0: 0x000000008000602e (0x41288e3b) subw    t3, a7, s2
core   0: 1 0x000000008000602e (0x41288e3b) x28 0x000000000000013e
core   0: 0x0000000080006032 (0x92ad7947) fmsub.d fs2, fs10, fa0, fs2
core   0: 1 0x0000000080006032 (0x92ad7947) f18 0x7ff8000000000000
core   0: 0x0000000080006036 (0x222803d3) fsgnj.d ft7, fa6, ft2
core   0: 1 0x0000000080006036 (0x222803d3) f7  0x7ff8000000000000
core   0: 0x000000008000603a (0x0268d713) srli    a4, a7, 38
core   0: 1 0x000000008000603a (0x0268d713) x14 0x0000000000000000
core   0: 0x000000008000603e (0x43de7493) andi    s1, t3, 1085
core   0: 1 0x000000008000603e (0x43de7493) x9  0x000000000000003c
core   0: 0x0000000080006042 (0x401f75d3) fcvt.s.d fa1, ft10
core   0: 1 0x0000000080006042 (0x401f75d3) f11 0xffffffff5f000000
core   0: 0x0000000080006046 (0x00000001) c.nop
core   0: 1 0x0000000080006046 (0x0001)
core   0: 0x0000000080006048 (0x00fee933) or      s2, t4, a5
core   0: 1 0x0000000080006048 (0x00fee933) x18 0x000000008000600e
core   0: 0x000000008000604c (0x3be3f34b) fnmsub.d ft6, ft7, ft10, ft7
core   0: 1 0x000000008000604c (0x3be3f34b) f6  0x7ff8000000000000
core   0: 0x0000000080006050 (0x2a961153) fmax.d  ft2, fa2, fs1
core   0: 1 0x0000000080006050 (0x2a961153) f2  0xc18b56bd10000000
core   0: 0x0000000080006054 (0xd20e8053) fcvt.d.w ft0, t4
core   0: 1 0x0000000080006054 (0xd20e8053) f0  0x0000000000000000
core   0: 0x0000000080006058 (0xd20a81d3) fcvt.d.w ft3, s5
core   0: 1 0x0000000080006058 (0xd20a81d3) f3  0xc095f80000000000
core   0: 0x000000008000605c (0x033330b3) mulhu   ra, t1, s3
core   0: 1 0x000000008000605c (0x033330b3) x1  0x0000000000000000
core   0: 0x0000000080006060 (0xd23873d3) fcvt.d.lu ft7, a6
core   0: 1 0x0000000080006060 (0xd23873d3) f7  0x41d3284000000000
core   0: 0x0000000080006064 (0x41a68433) sub     s0, a3, s10
core   0: 1 0x0000000080006064 (0x41a68433) x8  0xffffffff313642a2
core   0: 0x0000000080006068 (0x23dd1d53) fsgnjn.d fs10, fs10, ft9
core   0: 1 0x0000000080006068 (0x23dd1d53) f26 0xfff8000000000000
core   0: 0x000000008000606c (0x012af133) and     sp, s5, s2
core   0: 1 0x000000008000606c (0x012af133) x2  0x0000000080006002
core   0: 0x0000000080006070 (0x7ff1059b) addiw   a1, sp, 2047
core   0: 1 0x0000000080006070 (0x7ff1059b) x11 0xffffffff80006801
core   0: 0x0000000080006074 (0x00dbe333) or      t1, s7, a3
core   0: 1 0x0000000080006074 (0x00dbe333) x6  0xfffffffffff3137f
core   0: 0x0000000080006078 (0x039cf13b) remuw   sp, s9, s9
core   0: 1 0x0000000080006078 (0x039cf13b) x2  0x0000000000000000
core   0: 0x000000008000607c (0x01554ab3) xor     s5, a0, s5
core   0: 1 0x000000008000607c (0x01554ab3) x21 0x000000000000057d
core   0: 0x0000000080006080 (0x01806c33) or      s8, zero, s8
core   0: 1 0x0000000080006080 (0x01806c33) x24 0x0000000080006092
core   0: 0x0000000080006084 (0x1babfbd3) fdiv.d  fs7, fs7, fs10
core   0: 1 0x0000000080006084 (0x1babfbd3) f23 0x7ff8000000000000
core   0: 0x0000000080006088 (0x401259bb) sraw    s3, tp, ra
core   0: 1 0x0000000080006088 (0x401259bb) x19 0x0000000000000000
core   0: >>>>  write_tohost
core   0: 0x000000008000608c (0x958fa0ef) jal     pc - 0x5ea8
core   0: 1 0x000000008000608c (0x958fa0ef) x1  0x0000000080006090
core   0: >>>>  _exit
core   0: 0x00000000800001e4 (0x00004505) c.li    a0, 1
core   0: 1 0x00000000800001e4 (0x4505) x10 0x0000000000000001
core   0: 0x00000000800001e6 (0x00001f17) auipc   t5, 0x1
core   0: 1 0x00000000800001e6 (0x00001f17) x30 0x00000000800011e6
core   0: 0x00000000800001ea (0xe0af2d23) sw      a0, -486(t5)
core   0: 1 0x00000000800001ea (0xe0af2d23) mem 0x0000000080001000 0x00000001
cp /home/server/RISCV/cva6/verif/sim/out/seed_185/spike_sim/new_seeds_185_.cv64a6_imafdc_sv39.log.iss /home/server/RISCV/cva6/verif/sim/out/seed_185/spike_sim/new_seeds_185_.cv64a6_imafdc_sv39.log
