Makefile:14: must set CVA6_REPO_DIR to point at the root of CVA6 sources and CVA6_TB_DIR to point here -- doing it for you...
LD_LIBRARY_PATH="$(realpath ../../tools/spike/lib):$LD_LIBRARY_PATH" \
	/home/server/RISCV/cva6/tools/spike/bin/spike --steps=2000000  --log-commits --isa=rv64gc_zba_zbb_zbs_zbc_zicsr_zifencei --priv=msu -l /home/server/RISCV/cva6/verif/sim/out/seed_1932/directed_asm_tests/new_seeds_1932_.o
[SPIKE] Max simulation steps: 2000000
[SPIKE] Proc 0 | ISA: rv64gc_zba_zbb_zbs_zbc_zicsr_zifencei PRIV: msu
[SPIKE] Initializing memories...
core   0: 0x0000000000010000 (0x00100413) li      s0, 1
core   0: 3 0x0000000000010000 (0x00100413) x8  0x0000000000000001
core   0: 0x0000000000010004 (0x01f41413) slli    s0, s0, 31
core   0: 3 0x0000000000010004 (0x01f41413) x8  0x0000000080000000
core   0: 0x0000000000010008 (0xf1402573) csrrs   a0, mhartid, zero
core   0: 3 0x0000000000010008 (0xf1402573) x10 0x0000000000000000
core   0: 0x000000000001000c (0x00000597) auipc   a1, 0x0
core   0: 3 0x000000000001000c (0x00000597) x11 0x000000000001000c
core   0: 0x0000000000010010 (0x07458593) addi    a1, a1, 116
core   0: 3 0x0000000000010010 (0x07458593) x11 0x0000000000010080
core   0: 0x0000000000010014 (0x00040067) jr      s0
core   0: 3 0x0000000000010014 (0x00040067)
core   0: >>>>  _start
core   0: 0x0000000080000000 (0x00004081) c.li    ra, 0
core   0: 3 0x0000000080000000 (0x4081) x1  0x0000000000000000
core   0: 0x0000000080000002 (0x00004101) c.li    sp, 0
core   0: 3 0x0000000080000002 (0x4101) x2  0x0000000000000000
core   0: 0x0000000080000004 (0x00004181) c.li    gp, 0
core   0: 3 0x0000000080000004 (0x4181) x3  0x0000000000000000
core   0: 0x0000000080000006 (0x00004201) c.li    tp, 0
core   0: 3 0x0000000080000006 (0x4201) x4  0x0000000000000000
core   0: 0x0000000080000008 (0x00004281) c.li    t0, 0
core   0: 3 0x0000000080000008 (0x4281) x5  0x0000000000000000
core   0: 0x000000008000000a (0x00004301) c.li    t1, 0
core   0: 3 0x000000008000000a (0x4301) x6  0x0000000000000000
core   0: 0x000000008000000c (0x00004381) c.li    t2, 0
core   0: 3 0x000000008000000c (0x4381) x7  0x0000000000000000
core   0: 0x000000008000000e (0x00004401) c.li    s0, 0
core   0: 3 0x000000008000000e (0x4401) x8  0x0000000000000000
core   0: 0x0000000080000010 (0x00004481) c.li    s1, 0
core   0: 3 0x0000000080000010 (0x4481) x9  0x0000000000000000
core   0: 0x0000000080000012 (0x00004501) c.li    a0, 0
core   0: 3 0x0000000080000012 (0x4501) x10 0x0000000000000000
core   0: 0x0000000080000014 (0x00004581) c.li    a1, 0
core   0: 3 0x0000000080000014 (0x4581) x11 0x0000000000000000
core   0: 0x0000000080000016 (0x00004601) c.li    a2, 0
core   0: 3 0x0000000080000016 (0x4601) x12 0x0000000000000000
core   0: 0x0000000080000018 (0x00004681) c.li    a3, 0
core   0: 3 0x0000000080000018 (0x4681) x13 0x0000000000000000
core   0: 0x000000008000001a (0x00004701) c.li    a4, 0
core   0: 3 0x000000008000001a (0x4701) x14 0x0000000000000000
core   0: 0x000000008000001c (0x00004781) c.li    a5, 0
core   0: 3 0x000000008000001c (0x4781) x15 0x0000000000000000
core   0: 0x000000008000001e (0x00004801) c.li    a6, 0
core   0: 3 0x000000008000001e (0x4801) x16 0x0000000000000000
core   0: 0x0000000080000020 (0x00004881) c.li    a7, 0
core   0: 3 0x0000000080000020 (0x4881) x17 0x0000000000000000
core   0: 0x0000000080000022 (0x00004901) c.li    s2, 0
core   0: 3 0x0000000080000022 (0x4901) x18 0x0000000000000000
core   0: 0x0000000080000024 (0x00004981) c.li    s3, 0
core   0: 3 0x0000000080000024 (0x4981) x19 0x0000000000000000
core   0: 0x0000000080000026 (0x00004a01) c.li    s4, 0
core   0: 3 0x0000000080000026 (0x4a01) x20 0x0000000000000000
core   0: 0x0000000080000028 (0x00004a81) c.li    s5, 0
core   0: 3 0x0000000080000028 (0x4a81) x21 0x0000000000000000
core   0: 0x000000008000002a (0x00004b01) c.li    s6, 0
core   0: 3 0x000000008000002a (0x4b01) x22 0x0000000000000000
core   0: 0x000000008000002c (0x00004b81) c.li    s7, 0
core   0: 3 0x000000008000002c (0x4b81) x23 0x0000000000000000
core   0: 0x000000008000002e (0x00004c01) c.li    s8, 0
core   0: 3 0x000000008000002e (0x4c01) x24 0x0000000000000000
core   0: 0x0000000080000030 (0x00004c81) c.li    s9, 0
core   0: 3 0x0000000080000030 (0x4c81) x25 0x0000000000000000
core   0: 0x0000000080000032 (0x00004d01) c.li    s10, 0
core   0: 3 0x0000000080000032 (0x4d01) x26 0x0000000000000000
core   0: 0x0000000080000034 (0x00004d81) c.li    s11, 0
core   0: 3 0x0000000080000034 (0x4d81) x27 0x0000000000000000
core   0: 0x0000000080000036 (0x00004e01) c.li    t3, 0
core   0: 3 0x0000000080000036 (0x4e01) x28 0x0000000000000000
core   0: 0x0000000080000038 (0x00004e81) c.li    t4, 0
core   0: 3 0x0000000080000038 (0x4e81) x29 0x0000000000000000
core   0: 0x000000008000003a (0x00004f01) c.li    t5, 0
core   0: 3 0x000000008000003a (0x4f01) x30 0x0000000000000000
core   0: 0x000000008000003c (0x00004f81) c.li    t6, 0
core   0: 3 0x000000008000003c (0x4f81) x31 0x0000000000000000
core   0: 0x000000008000003e (0x000062f9) c.lui   t0, 0x1e
core   0: 3 0x000000008000003e (0x62f9) x5  0x000000000001e000
core   0: 0x0000000080000040 (0x3002a073) csrrs   zero, mstatus, t0
core   0: 3 0x0000000080000040 (0x3002a073) c768_mstatus 0x8000000a00006000
core   0: 0x0000000080000044 (0x00004285) c.li    t0, 1
core   0: 3 0x0000000080000044 (0x4285) x5  0x0000000000000001
core   0: 0x0000000080000046 (0x000002fe) c.slli  t0, 31
core   0: 3 0x0000000080000046 (0x02fe) x5  0x0000000080000000
core   0: 0x0000000080000048 (0x0002d863) bge     t0, zero, pc + 16
core   0: 3 0x0000000080000048 (0x0002d863)
core   0: 0x0000000080000058 (0x00000297) auipc   t0, 0x0
core   0: 3 0x0000000080000058 (0x00000297) x5  0x0000000080000058
core   0: 0x000000008000005c (0x09028293) addi    t0, t0, 144
core   0: 3 0x000000008000005c (0x09028293) x5  0x00000000800000e8
core   0: 0x0000000080000060 (0x30529073) csrrw   zero, mtvec, t0
core   0: 3 0x0000000080000060 (0x30529073) c773_mtvec 0x00000000800000e8
core   0: 0x0000000080000064 (0x00301073) csrrw   zero, fcsr, zero
core   0: 3 0x0000000080000064 (0x00301073) c1_fflags 0x0000000000000000 c2_frm 0x0000000000000000
core   0: 0x0000000080000068 (0xf0000053) fmv.w.x ft0, zero
core   0: 3 0x0000000080000068 (0xf0000053) f0  0xffffffff00000000
core   0: 0x000000008000006c (0xf00000d3) fmv.w.x ft1, zero
core   0: 3 0x000000008000006c (0xf00000d3) f1  0xffffffff00000000
core   0: 0x0000000080000070 (0xf0000153) fmv.w.x ft2, zero
core   0: 3 0x0000000080000070 (0xf0000153) f2  0xffffffff00000000
core   0: 0x0000000080000074 (0xf00001d3) fmv.w.x ft3, zero
core   0: 3 0x0000000080000074 (0xf00001d3) f3  0xffffffff00000000
core   0: 0x0000000080000078 (0xf0000253) fmv.w.x ft4, zero
core   0: 3 0x0000000080000078 (0xf0000253) f4  0xffffffff00000000
core   0: 0x000000008000007c (0xf00002d3) fmv.w.x ft5, zero
core   0: 3 0x000000008000007c (0xf00002d3) f5  0xffffffff00000000
core   0: 0x0000000080000080 (0xf0000353) fmv.w.x ft6, zero
core   0: 3 0x0000000080000080 (0xf0000353) f6  0xffffffff00000000
core   0: 0x0000000080000084 (0xf00003d3) fmv.w.x ft7, zero
core   0: 3 0x0000000080000084 (0xf00003d3) f7  0xffffffff00000000
core   0: 0x0000000080000088 (0xf0000453) fmv.w.x fs0, zero
core   0: 3 0x0000000080000088 (0xf0000453) f8  0xffffffff00000000
core   0: 0x000000008000008c (0xf00004d3) fmv.w.x fs1, zero
core   0: 3 0x000000008000008c (0xf00004d3) f9  0xffffffff00000000
core   0: 0x0000000080000090 (0xf0000553) fmv.w.x fa0, zero
core   0: 3 0x0000000080000090 (0xf0000553) f10 0xffffffff00000000
core   0: 0x0000000080000094 (0xf00005d3) fmv.w.x fa1, zero
core   0: 3 0x0000000080000094 (0xf00005d3) f11 0xffffffff00000000
core   0: 0x0000000080000098 (0xf0000653) fmv.w.x fa2, zero
core   0: 3 0x0000000080000098 (0xf0000653) f12 0xffffffff00000000
core   0: 0x000000008000009c (0xf00006d3) fmv.w.x fa3, zero
core   0: 3 0x000000008000009c (0xf00006d3) f13 0xffffffff00000000
core   0: 0x00000000800000a0 (0xf0000753) fmv.w.x fa4, zero
core   0: 3 0x00000000800000a0 (0xf0000753) f14 0xffffffff00000000
core   0: 0x00000000800000a4 (0xf00007d3) fmv.w.x fa5, zero
core   0: 3 0x00000000800000a4 (0xf00007d3) f15 0xffffffff00000000
core   0: 0x00000000800000a8 (0xf0000853) fmv.w.x fa6, zero
core   0: 3 0x00000000800000a8 (0xf0000853) f16 0xffffffff00000000
core   0: 0x00000000800000ac (0xf00008d3) fmv.w.x fa7, zero
core   0: 3 0x00000000800000ac (0xf00008d3) f17 0xffffffff00000000
core   0: 0x00000000800000b0 (0xf0000953) fmv.w.x fs2, zero
core   0: 3 0x00000000800000b0 (0xf0000953) f18 0xffffffff00000000
core   0: 0x00000000800000b4 (0xf00009d3) fmv.w.x fs3, zero
core   0: 3 0x00000000800000b4 (0xf00009d3) f19 0xffffffff00000000
core   0: 0x00000000800000b8 (0xf0000a53) fmv.w.x fs4, zero
core   0: 3 0x00000000800000b8 (0xf0000a53) f20 0xffffffff00000000
core   0: 0x00000000800000bc (0xf0000ad3) fmv.w.x fs5, zero
core   0: 3 0x00000000800000bc (0xf0000ad3) f21 0xffffffff00000000
core   0: 0x00000000800000c0 (0xf0000b53) fmv.w.x fs6, zero
core   0: 3 0x00000000800000c0 (0xf0000b53) f22 0xffffffff00000000
core   0: 0x00000000800000c4 (0xf0000bd3) fmv.w.x fs7, zero
core   0: 3 0x00000000800000c4 (0xf0000bd3) f23 0xffffffff00000000
core   0: 0x00000000800000c8 (0xf0000c53) fmv.w.x fs8, zero
core   0: 3 0x00000000800000c8 (0xf0000c53) f24 0xffffffff00000000
core   0: 0x00000000800000cc (0xf0000cd3) fmv.w.x fs9, zero
core   0: 3 0x00000000800000cc (0xf0000cd3) f25 0xffffffff00000000
core   0: 0x00000000800000d0 (0xf0000d53) fmv.w.x fs10, zero
core   0: 3 0x00000000800000d0 (0xf0000d53) f26 0xffffffff00000000
core   0: 0x00000000800000d4 (0xf0000dd3) fmv.w.x fs11, zero
core   0: 3 0x00000000800000d4 (0xf0000dd3) f27 0xffffffff00000000
core   0: 0x00000000800000d8 (0xf0000e53) fmv.w.x ft8, zero
core   0: 3 0x00000000800000d8 (0xf0000e53) f28 0xffffffff00000000
core   0: 0x00000000800000dc (0xf0000ed3) fmv.w.x ft9, zero
core   0: 3 0x00000000800000dc (0xf0000ed3) f29 0xffffffff00000000
core   0: 0x00000000800000e0 (0xf0000f53) fmv.w.x ft10, zero
core   0: 3 0x00000000800000e0 (0xf0000f53) f30 0xffffffff00000000
core   0: 0x00000000800000e4 (0xf0000fd3) fmv.w.x ft11, zero
core   0: 3 0x00000000800000e4 (0xf0000fd3) f31 0xffffffff00000000
core   0: 0x00000000800000e8 (0x00000297) auipc   t0, 0x0
core   0: 3 0x00000000800000e8 (0x00000297) x5  0x00000000800000e8
core   0: 0x00000000800000ec (0x03c28293) addi    t0, t0, 60
core   0: 3 0x00000000800000ec (0x03c28293) x5  0x0000000080000124
core   0: 0x00000000800000f0 (0x30529073) csrrw   zero, mtvec, t0
core   0: 3 0x00000000800000f0 (0x30529073) c773_mtvec 0x0000000080000124
core   0: 0x00000000800000f4 (0x00012197) auipc   gp, 0x12
core   0: 3 0x00000000800000f4 (0x00012197) x3  0x00000000800120f4
core   0: 0x00000000800000f8 (0x73418193) addi    gp, gp, 1844
core   0: 3 0x00000000800000f8 (0x73418193) x3  0x0000000080012828
core   0: 0x00000000800000fc (0x00012217) auipc   tp, 0x12
core   0: 3 0x00000000800000fc (0x00012217) x4  0x00000000800120fc
core   0: 0x0000000080000100 (0xf8320213) addi    tp, tp, -125
core   0: 3 0x0000000080000100 (0xf8320213) x4  0x000000008001207f
core   0: 0x0000000080000104 (0xfc027213) andi    tp, tp, -64
core   0: 3 0x0000000080000104 (0xfc027213) x4  0x0000000080012040
core   0: 0x0000000080000108 (0xf1402573) csrrs   a0, mhartid, zero
core   0: 3 0x0000000080000108 (0xf1402573) x10 0x0000000000000000
core   0: 0x000000008000010c (0x00004585) c.li    a1, 1
core   0: 3 0x000000008000010c (0x4585) x11 0x0000000000000001
core   0: 0x000000008000010e (0x00b57063) bgeu    a0, a1, pc + 0
core   0: 3 0x000000008000010e (0x00b57063)
core   0: 0x0000000080000112 (0x00150113) addi    sp, a0, 1
core   0: 3 0x0000000080000112 (0x00150113) x2  0x0000000000000001
core   0: 0x0000000080000116 (0x00000146) c.slli  sp, 17
core   0: 3 0x0000000080000116 (0x0146) x2  0x0000000000020000
core   0: 0x0000000080000118 (0x00009112) c.add   sp, tp
core   0: 3 0x0000000080000118 (0x9112) x2  0x0000000080032040
core   0: 0x000000008000011a (0x01151613) slli    a2, a0, 17
core   0: 3 0x000000008000011a (0x01151613) x12 0x0000000000000000
core   0: 0x000000008000011e (0x00009232) c.add   tp, a2
core   0: 3 0x000000008000011e (0x9232) x4  0x0000000080012040
core   0: 0x0000000080000120 (0x3ac0f06f) j       pc + 0xf3ac
core   0: 3 0x0000000080000120 (0x3ac0f06f)
core   0: >>>>  _init
core   0: 0x000000008000f4cc (0x00007171) c.addi16sp sp, -176
core   0: 3 0x000000008000f4cc (0x7171) x2  0x0000000080031f90
core   0: 0x000000008000f4ce (0x0000f506) c.sdsp  ra, 168(sp)
core   0: 3 0x000000008000f4ce (0xf506) mem 0x0000000080032038 0x0000000000000000
core   0: 0x000000008000f4d0 (0x0000f122) c.sdsp  s0, 160(sp)
core   0: 3 0x000000008000f4d0 (0xf122) mem 0x0000000080032030 0x0000000000000000
core   0: 0x000000008000f4d2 (0x0000ed26) c.sdsp  s1, 152(sp)
core   0: 3 0x000000008000f4d2 (0xed26) mem 0x0000000080032028 0x0000000000000000
core   0: 0x000000008000f4d4 (0x00001900) c.addi4spn s0, sp, 176
core   0: 3 0x000000008000f4d4 (0x1900) x8  0x0000000080032040
core   0: 0x000000008000f4d6 (0x000087aa) c.mv    a5, a0
core   0: 3 0x000000008000f4d6 (0x87aa) x15 0x0000000000000000
core   0: 0x000000008000f4d8 (0x0000872e) c.mv    a4, a1
core   0: 3 0x000000008000f4d8 (0x872e) x14 0x0000000000000001
core   0: 0x000000008000f4da (0xf4f42e23) sw      a5, -164(s0)
core   0: 3 0x000000008000f4da (0xf4f42e23) mem 0x0000000080031f9c 0x00000000
core   0: 0x000000008000f4de (0x000087ba) c.mv    a5, a4
core   0: 3 0x000000008000f4de (0x87ba) x15 0x0000000000000001
core   0: 0x000000008000f4e0 (0xf4f42c23) sw      a5, -168(s0)
core   0: 3 0x000000008000f4e0 (0xf4f42c23) mem 0x0000000080031f98 0x00000001
core   0: 0x000000008000f4e4 (0xfe040793) addi    a5, s0, -32
core   0: 3 0x000000008000f4e4 (0xfe040793) x15 0x0000000080032020
core   0: 0x000000008000f4e8 (0xf4f43823) sd      a5, -176(s0)
core   0: 3 0x000000008000f4e8 (0xf4f43823) mem 0x0000000080031f90 0x0000000080032020
core   0: 0x000000008000f4ec (0xf5043783) ld      a5, -176(s0)
core   0: 3 0x000000008000f4ec (0xf5043783) x15 0x0000000080032020 mem 0x0000000080031f90
core   0: 0x000000008000f4f0 (0xf8078793) addi    a5, a5, -128
core   0: 3 0x000000008000f4f0 (0xf8078793) x15 0x0000000080031fa0
core   0: 0x000000008000f4f4 (0x03f78793) addi    a5, a5, 63
core   0: 3 0x000000008000f4f4 (0x03f78793) x15 0x0000000080031fdf
core   0: 0x000000008000f4f8 (0x00008399) c.srli  a5, 6
core   0: 3 0x000000008000f4f8 (0x8399) x15 0x0000000002000c7f
core   0: 0x000000008000f4fa (0x00679493) slli    s1, a5, 6
core   0: 3 0x000000008000f4fa (0x00679493) x9  0x0000000080031fc0
core   0: 0x000000008000f4fe (0xf65ff0ef) jal     pc - 0x9c
core   0: 3 0x000000008000f4fe (0xf65ff0ef) x1  0x000000008000f502
core   0: >>>>  init_tls
core   0: 0x000000008000f462 (0x00001101) c.addi  sp, -32
core   0: 3 0x000000008000f462 (0x1101) x2  0x0000000080031f70
core   0: 0x000000008000f464 (0x0000ec06) c.sdsp  ra, 24(sp)
core   0: 3 0x000000008000f464 (0xec06) mem 0x0000000080031f88 0x000000008000f502
core   0: 0x000000008000f466 (0x0000e822) c.sdsp  s0, 16(sp)
core   0: 3 0x000000008000f466 (0xe822) mem 0x0000000080031f80 0x0000000080032040
core   0: 0x000000008000f468 (0x00001000) c.addi4spn s0, sp, 32
core   0: 3 0x000000008000f468 (0x1000) x8  0x0000000080031f90
core   0: 0x000000008000f46a (0x00003717) auipc   a4, 0x3
core   0: 3 0x000000008000f46a (0x00003717) x14 0x000000008001246a
core   0: 0x000000008000f46e (0xbbe70713) addi    a4, a4, -1090
core   0: 3 0x000000008000f46e (0xbbe70713) x14 0x0000000080012028
core   0: 0x000000008000f472 (0x00003797) auipc   a5, 0x3
core   0: 3 0x000000008000f472 (0x00003797) x15 0x0000000080012472
core   0: 0x000000008000f476 (0xbb678793) addi    a5, a5, -1098
core   0: 3 0x000000008000f476 (0xbb678793) x15 0x0000000080012028
core   0: 0x000000008000f47a (0x40f707b3) sub     a5, a4, a5
core   0: 3 0x000000008000f47a (0x40f707b3) x15 0x0000000000000000
core   0: 0x000000008000f47e (0xfef43423) sd      a5, -24(s0)
core   0: 3 0x000000008000f47e (0xfef43423) mem 0x0000000080031f78 0x0000000000000000
core   0: 0x000000008000f482 (0x00008792) c.mv    a5, tp
core   0: 3 0x000000008000f482 (0x8792) x15 0x0000000080012040
core   0: 0x000000008000f484 (0xfe843603) ld      a2, -24(s0)
core   0: 3 0x000000008000f484 (0xfe843603) x12 0x0000000000000000 mem 0x0000000080031f78
core   0: 0x000000008000f488 (0x00003597) auipc   a1, 0x3
core   0: 3 0x000000008000f488 (0x00003597) x11 0x0000000080012488
core   0: 0x000000008000f48c (0xba058593) addi    a1, a1, -1120
core   0: 3 0x000000008000f48c (0xba058593) x11 0x0000000080012028
core   0: 0x000000008000f490 (0x0000853e) c.mv    a0, a5
core   0: 3 0x000000008000f490 (0x853e) x10 0x0000000080012040
core   0: 0x000000008000f492 (0x0f9000ef) jal     pc + 0x8f8
core   0: 3 0x000000008000f492 (0x0f9000ef) x1  0x000000008000f496
core   0: >>>>  memcpy
core   0: 0x000000008000fd8a (0x0000715d) c.addi16sp sp, -80
core   0: 3 0x000000008000fd8a (0x715d) x2  0x0000000080031f20
core   0: 0x000000008000fd8c (0x0000e4a2) c.sdsp  s0, 72(sp)
core   0: 3 0x000000008000fd8c (0xe4a2) mem 0x0000000080031f68 0x0000000080031f90
core   0: 0x000000008000fd8e (0x00000880) c.addi4spn s0, sp, 80
core   0: 3 0x000000008000fd8e (0x0880) x8  0x0000000080031f70
core   0: 0x000000008000fd90 (0xfca43423) sd      a0, -56(s0)
core   0: 3 0x000000008000fd90 (0xfca43423) mem 0x0000000080031f38 0x0000000080012040
core   0: 0x000000008000fd94 (0xfcb43023) sd      a1, -64(s0)
core   0: 3 0x000000008000fd94 (0xfcb43023) mem 0x0000000080031f30 0x0000000080012028
core   0: 0x000000008000fd98 (0xfac43c23) sd      a2, -72(s0)
core   0: 3 0x000000008000fd98 (0xfac43c23) mem 0x0000000080031f28 0x0000000000000000
core   0: 0x000000008000fd9c (0xfc843703) ld      a4, -56(s0)
core   0: 3 0x000000008000fd9c (0xfc843703) x14 0x0000000080012040 mem 0x0000000080031f38
core   0: 0x000000008000fda0 (0xfc043783) ld      a5, -64(s0)
core   0: 3 0x000000008000fda0 (0xfc043783) x15 0x0000000080012028 mem 0x0000000080031f30
core   0: 0x000000008000fda4 (0x00008f5d) c.or    a4, a5
core   0: 3 0x000000008000fda4 (0x8f5d) x14 0x0000000080012068
core   0: 0x000000008000fda6 (0xfb843783) ld      a5, -72(s0)
core   0: 3 0x000000008000fda6 (0xfb843783) x15 0x0000000000000000 mem 0x0000000080031f28
core   0: 0x000000008000fdaa (0x00008fd9) c.or    a5, a4
core   0: 3 0x000000008000fdaa (0x8fd9) x15 0x0000000080012068
core   0: 0x000000008000fdac (0x00008b9d) c.andi  a5, 7
core   0: 3 0x000000008000fdac (0x8b9d) x15 0x0000000000000000
core   0: 0x000000008000fdae (0x0000e3b1) c.bnez  a5, pc + 68
core   0: 3 0x000000008000fdae (0xe3b1)
core   0: 0x000000008000fdb0 (0xfc043783) ld      a5, -64(s0)
core   0: 3 0x000000008000fdb0 (0xfc043783) x15 0x0000000080012028 mem 0x0000000080031f30
core   0: 0x000000008000fdb4 (0xfef43423) sd      a5, -24(s0)
core   0: 3 0x000000008000fdb4 (0xfef43423) mem 0x0000000080031f58 0x0000000080012028
core   0: 0x000000008000fdb8 (0xfc843783) ld      a5, -56(s0)
core   0: 3 0x000000008000fdb8 (0xfc843783) x15 0x0000000080012040 mem 0x0000000080031f38
core   0: 0x000000008000fdbc (0xfef43023) sd      a5, -32(s0)
core   0: 3 0x000000008000fdbc (0xfef43023) mem 0x0000000080031f50 0x0000000080012040
core   0: 0x000000008000fdc0 (0x0000a839) c.j     pc + 30
core   0: 3 0x000000008000fdc0 (0xa839)
core   0: 0x000000008000fdde (0xfc843703) ld      a4, -56(s0)
core   0: 3 0x000000008000fdde (0xfc843703) x14 0x0000000080012040 mem 0x0000000080031f38
core   0: 0x000000008000fde2 (0xfb843783) ld      a5, -72(s0)
core   0: 3 0x000000008000fde2 (0xfb843783) x15 0x0000000000000000 mem 0x0000000080031f28
core   0: 0x000000008000fde6 (0x000097ba) c.add   a5, a4
core   0: 3 0x000000008000fde6 (0x97ba) x15 0x0000000080012040
core   0: 0x000000008000fde8 (0xfe043703) ld      a4, -32(s0)
core   0: 3 0x000000008000fde8 (0xfe043703) x14 0x0000000080012040 mem 0x0000000080031f50
core   0: 0x000000008000fdec (0xfcf76be3) bltu    a4, a5, pc - 42
core   0: 3 0x000000008000fdec (0xfcf76be3)
core   0: 0x000000008000fdf0 (0x0000a099) c.j     pc + 70
core   0: 3 0x000000008000fdf0 (0xa099)
core   0: 0x000000008000fe36 (0xfc843783) ld      a5, -56(s0)
core   0: 3 0x000000008000fe36 (0xfc843783) x15 0x0000000080012040 mem 0x0000000080031f38
core   0: 0x000000008000fe3a (0x0000853e) c.mv    a0, a5
core   0: 3 0x000000008000fe3a (0x853e) x10 0x0000000080012040
core   0: 0x000000008000fe3c (0x00006426) c.ldsp  s0, 72(sp)
core   0: 3 0x000000008000fe3c (0x6426) x8  0x0000000080031f90 mem 0x0000000080031f68
core   0: 0x000000008000fe3e (0x00006161) c.addi16sp sp, 80
core   0: 3 0x000000008000fe3e (0x6161) x2  0x0000000080031f70
core   0: 0x000000008000fe40 (0x00008082) ret
core   0: 3 0x000000008000fe40 (0x8082)
core   0: 0x000000008000f496 (0x00003717) auipc   a4, 0x3
core   0: 3 0x000000008000f496 (0x00003717) x14 0x0000000080012496
core   0: 0x000000008000f49a (0xc2e70713) addi    a4, a4, -978
core   0: 3 0x000000008000f49a (0xc2e70713) x14 0x00000000800120c4
core   0: 0x000000008000f49e (0x00003797) auipc   a5, 0x3
core   0: 3 0x000000008000f49e (0x00003797) x15 0x000000008001249e
core   0: 0x000000008000f4a2 (0xb8a78793) addi    a5, a5, -1142
core   0: 3 0x000000008000f4a2 (0xb8a78793) x15 0x0000000080012028
core   0: 0x000000008000f4a6 (0x40f707b3) sub     a5, a4, a5
core   0: 3 0x000000008000f4a6 (0x40f707b3) x15 0x000000000000009c
core   0: 0x000000008000f4aa (0xfef43023) sd      a5, -32(s0)
core   0: 3 0x000000008000f4aa (0xfef43023) mem 0x0000000080031f70 0x000000000000009c
core   0: 0x000000008000f4ae (0x00008712) c.mv    a4, tp
core   0: 3 0x000000008000f4ae (0x8712) x14 0x0000000080012040
core   0: 0x000000008000f4b0 (0xfe843783) ld      a5, -24(s0)
core   0: 3 0x000000008000f4b0 (0xfe843783) x15 0x0000000000000000 mem 0x0000000080031f78
core   0: 0x000000008000f4b4 (0x000097ba) c.add   a5, a4
core   0: 3 0x000000008000f4b4 (0x97ba) x15 0x0000000080012040
core   0: 0x000000008000f4b6 (0xfe043603) ld      a2, -32(s0)
core   0: 3 0x000000008000f4b6 (0xfe043603) x12 0x000000000000009c mem 0x0000000080031f70
core   0: 0x000000008000f4ba (0x00004581) c.li    a1, 0
core   0: 3 0x000000008000f4ba (0x4581) x11 0x0000000000000000
core   0: 0x000000008000f4bc (0x0000853e) c.mv    a0, a5
core   0: 3 0x000000008000f4bc (0x853e) x10 0x0000000080012040
core   0: 0x000000008000f4be (0x185000ef) jal     pc + 0x984
core   0: 3 0x000000008000f4be (0x185000ef) x1  0x000000008000f4c2
core   0: >>>>  memset
core   0: 0x000000008000fe42 (0x0000715d) c.addi16sp sp, -80
core   0: 3 0x000000008000fe42 (0x715d) x2  0x0000000080031f20
core   0: 0x000000008000fe44 (0x0000e4a2) c.sdsp  s0, 72(sp)
core   0: 3 0x000000008000fe44 (0xe4a2) mem 0x0000000080031f68 0x0000000080031f90
core   0: 0x000000008000fe46 (0x00000880) c.addi4spn s0, sp, 80
core   0: 3 0x000000008000fe46 (0x0880) x8  0x0000000080031f70
core   0: 0x000000008000fe48 (0xfca43423) sd      a0, -56(s0)
core   0: 3 0x000000008000fe48 (0xfca43423) mem 0x0000000080031f38 0x0000000080012040
core   0: 0x000000008000fe4c (0x000087ae) c.mv    a5, a1
core   0: 3 0x000000008000fe4c (0x87ae) x15 0x0000000000000000
core   0: 0x000000008000fe4e (0xfac43c23) sd      a2, -72(s0)
core   0: 3 0x000000008000fe4e (0xfac43c23) mem 0x0000000080031f28 0x000000000000009c
core   0: 0x000000008000fe52 (0xfcf42223) sw      a5, -60(s0)
core   0: 3 0x000000008000fe52 (0xfcf42223) mem 0x0000000080031f34 0x00000000
core   0: 0x000000008000fe56 (0xfc843703) ld      a4, -56(s0)
core   0: 3 0x000000008000fe56 (0xfc843703) x14 0x0000000080012040 mem 0x0000000080031f38
core   0: 0x000000008000fe5a (0xfb843783) ld      a5, -72(s0)
core   0: 3 0x000000008000fe5a (0xfb843783) x15 0x000000000000009c mem 0x0000000080031f28
core   0: 0x000000008000fe5e (0x00008fd9) c.or    a5, a4
core   0: 3 0x000000008000fe5e (0x8fd9) x15 0x00000000800120dc
core   0: 0x000000008000fe60 (0x00008b9d) c.andi  a5, 7
core   0: 3 0x000000008000fe60 (0x8b9d) x15 0x0000000000000004
core   0: 0x000000008000fe62 (0x0000e7bd) c.bnez  a5, pc + 110
core   0: 3 0x000000008000fe62 (0xe7bd)
core   0: 0x000000008000fed0 (0xfc843783) ld      a5, -56(s0)
core   0: 3 0x000000008000fed0 (0xfc843783) x15 0x0000000080012040 mem 0x0000000080031f38
core   0: 0x000000008000fed4 (0xfef43023) sd      a5, -32(s0)
core   0: 3 0x000000008000fed4 (0xfef43023) mem 0x0000000080031f50 0x0000000080012040
core   0: 0x000000008000fed8 (0x0000a829) c.j     pc + 26
core   0: 3 0x000000008000fed8 (0xa829)
core   0: 0x000000008000fef2 (0xfc843703) ld      a4, -56(s0)
core   0: 3 0x000000008000fef2 (0xfc843703) x14 0x0000000080012040 mem 0x0000000080031f38
core   0: 0x000000008000fef6 (0xfb843783) ld      a5, -72(s0)
core   0: 3 0x000000008000fef6 (0xfb843783) x15 0x000000000000009c mem 0x0000000080031f28
core   0: 0x000000008000fefa (0x000097ba) c.add   a5, a4
core   0: 3 0x000000008000fefa (0x97ba) x15 0x00000000800120dc
core   0: 0x000000008000fefc (0xfe043703) ld      a4, -32(s0)
core   0: 3 0x000000008000fefc (0xfe043703) x14 0x0000000080012040 mem 0x0000000080031f50
core   0: 0x000000008000ff00 (0xfcf76de3) bltu    a4, a5, pc - 38
core   0: 3 0x000000008000ff00 (0xfcf76de3)
core   0: 0x000000008000feda (0xfe043783) ld      a5, -32(s0)
core   0: 3 0x000000008000feda (0xfe043783) x15 0x0000000080012040 mem 0x0000000080031f50
core   0: 0x000000008000fede (0x00178713) addi    a4, a5, 1
core   0: 3 0x000000008000fede (0x00178713) x14 0x0000000080012041
core   0: 0x000000008000fee2 (0xfee43023) sd      a4, -32(s0)
core   0: 3 0x000000008000fee2 (0xfee43023) mem 0x0000000080031f50 0x0000000080012041
core   0: 0x000000008000fee6 (0xfc442703) lw      a4, -60(s0)
core   0: 3 0x000000008000fee6 (0xfc442703) x14 0x0000000000000000 mem 0x0000000080031f34
core   0: 0x000000008000feea (0x0ff77713) andi    a4, a4, 255
core   0: 3 0x000000008000feea (0x0ff77713) x14 0x0000000000000000
core   0: 0x000000008000feee (0x00e78023) sb      a4, 0(a5)
core   0: 3 0x000000008000feee (0x00e78023) mem 0x0000000080012040 0x00
core   0: 0x000000008000fef2 (0xfc843703) ld      a4, -56(s0)
core   0: 3 0x000000008000fef2 (0xfc843703) x14 0x0000000080012040 mem 0x0000000080031f38
core   0: 0x000000008000fef6 (0xfb843783) ld      a5, -72(s0)
core   0: 3 0x000000008000fef6 (0xfb843783) x15 0x000000000000009c mem 0x0000000080031f28
core   0: 0x000000008000fefa (0x000097ba) c.add   a5, a4
core   0: 3 0x000000008000fefa (0x97ba) x15 0x00000000800120dc
core   0: 0x000000008000fefc (0xfe043703) ld      a4, -32(s0)
core   0: 3 0x000000008000fefc (0xfe043703) x14 0x0000000080012041 mem 0x0000000080031f50
core   0: 0x000000008000ff00 (0xfcf76de3) bltu    a4, a5, pc - 38
core   0: 3 0x000000008000ff00 (0xfcf76de3)
core   0: 0x000000008000feda (0xfe043783) ld      a5, -32(s0)
core   0: 3 0x000000008000feda (0xfe043783) x15 0x0000000080012041 mem 0x0000000080031f50
core   0: 0x000000008000fede (0x00178713) addi    a4, a5, 1
core   0: 3 0x000000008000fede (0x00178713) x14 0x0000000080012042
core   0: 0x000000008000fee2 (0xfee43023) sd      a4, -32(s0)
core   0: 3 0x000000008000fee2 (0xfee43023) mem 0x0000000080031f50 0x0000000080012042
core   0: 0x000000008000fee6 (0xfc442703) lw      a4, -60(s0)
core   0: 3 0x000000008000fee6 (0xfc442703) x14 0x0000000000000000 mem 0x0000000080031f34
core   0: 0x000000008000feea (0x0ff77713) andi    a4, a4, 255
core   0: 3 0x000000008000feea (0x0ff77713) x14 0x0000000000000000
core   0: 0x000000008000feee (0x00e78023) sb      a4, 0(a5)
core   0: 3 0x000000008000feee (0x00e78023) mem 0x0000000080012041 0x00
core   0: 0x000000008000fef2 (0xfc843703) ld      a4, -56(s0)
core   0: 3 0x000000008000fef2 (0xfc843703) x14 0x0000000080012040 mem 0x0000000080031f38
core   0: 0x000000008000fef6 (0xfb843783) ld      a5, -72(s0)
core   0: 3 0x000000008000fef6 (0xfb843783) x15 0x000000000000009c mem 0x0000000080031f28
core   0: 0x000000008000fefa (0x000097ba) c.add   a5, a4
core   0: 3 0x000000008000fefa (0x97ba) x15 0x00000000800120dc
core   0: 0x000000008000fefc (0xfe043703) ld      a4, -32(s0)
core   0: 3 0x000000008000fefc (0xfe043703) x14 0x0000000080012042 mem 0x0000000080031f50
core   0: 0x000000008000ff00 (0xfcf76de3) bltu    a4, a5, pc - 38
core   0: 3 0x000000008000ff00 (0xfcf76de3)
core   0: 0x000000008000feda (0xfe043783) ld      a5, -32(s0)
core   0: 3 0x000000008000feda (0xfe043783) x15 0x0000000080012042 mem 0x0000000080031f50
core   0: 0x000000008000fede (0x00178713) addi    a4, a5, 1
core   0: 3 0x000000008000fede (0x00178713) x14 0x0000000080012043
core   0: 0x000000008000fee2 (0xfee43023) sd      a4, -32(s0)
core   0: 3 0x000000008000fee2 (0xfee43023) mem 0x0000000080031f50 0x0000000080012043
core   0: 0x000000008000fee6 (0xfc442703) lw      a4, -60(s0)
core   0: 3 0x000000008000fee6 (0xfc442703) x14 0x0000000000000000 mem 0x0000000080031f34
core   0: 0x000000008000feea (0x0ff77713) andi    a4, a4, 255
core   0: 3 0x000000008000feea (0x0ff77713) x14 0x0000000000000000
core   0: 0x000000008000feee (0x00e78023) sb      a4, 0(a5)
core   0: 3 0x000000008000feee (0x00e78023) mem 0x0000000080012042 0x00
core   0: 0x000000008000fef2 (0xfc843703) ld      a4, -56(s0)
core   0: 3 0x000000008000fef2 (0xfc843703) x14 0x0000000080012040 mem 0x0000000080031f38
core   0: 0x000000008000fef6 (0xfb843783) ld      a5, -72(s0)
core   0: 3 0x000000008000fef6 (0xfb843783) x15 0x000000000000009c mem 0x0000000080031f28
core   0: 0x000000008000fefa (0x000097ba) c.add   a5, a4
core   0: 3 0x000000008000fefa (0x97ba) x15 0x00000000800120dc
core   0: 0x000000008000fefc (0xfe043703) ld      a4, -32(s0)
core   0: 3 0x000000008000fefc (0xfe043703) x14 0x0000000080012043 mem 0x0000000080031f50
core   0: 0x000000008000ff00 (0xfcf76de3) bltu    a4, a5, pc - 38
core   0: 3 0x000000008000ff00 (0xfcf76de3)
core   0: 0x000000008000feda (0xfe043783) ld      a5, -32(s0)
core   0: 3 0x000000008000feda (0xfe043783) x15 0x0000000080012043 mem 0x0000000080031f50
core   0: 0x000000008000fede (0x00178713) addi    a4, a5, 1
core   0: 3 0x000000008000fede (0x00178713) x14 0x0000000080012044
core   0: 0x000000008000fee2 (0xfee43023) sd      a4, -32(s0)
core   0: 3 0x000000008000fee2 (0xfee43023) mem 0x0000000080031f50 0x0000000080012044
core   0: 0x000000008000fee6 (0xfc442703) lw      a4, -60(s0)
core   0: 3 0x000000008000fee6 (0xfc442703) x14 0x0000000000000000 mem 0x0000000080031f34
core   0: 0x000000008000feea (0x0ff77713) andi    a4, a4, 255
core   0: 3 0x000000008000feea (0x0ff77713) x14 0x0000000000000000
core   0: 0x000000008000feee (0x00e78023) sb      a4, 0(a5)
core   0: 3 0x000000008000feee (0x00e78023) mem 0x0000000080012043 0x00
core   0: 0x000000008000fef2 (0xfc843703) ld      a4, -56(s0)
core   0: 3 0x000000008000fef2 (0xfc843703) x14 0x0000000080012040 mem 0x0000000080031f38
core   0: 0x000000008000fef6 (0xfb843783) ld      a5, -72(s0)
core   0: 3 0x000000008000fef6 (0xfb843783) x15 0x000000000000009c mem 0x0000000080031f28
core   0: 0x000000008000fefa (0x000097ba) c.add   a5, a4
core   0: 3 0x000000008000fefa (0x97ba) x15 0x00000000800120dc
core   0: 0x000000008000fefc (0xfe043703) ld      a4, -32(s0)
core   0: 3 0x000000008000fefc (0xfe043703) x14 0x0000000080012044 mem 0x0000000080031f50
core   0: 0x000000008000ff00 (0xfcf76de3) bltu    a4, a5, pc - 38
core   0: 3 0x000000008000ff00 (0xfcf76de3)
core   0: 0x000000008000feda (0xfe043783) ld      a5, -32(s0)
core   0: 3 0x000000008000feda (0xfe043783) x15 0x0000000080012044 mem 0x0000000080031f50
core   0: 0x000000008000fede (0x00178713) addi    a4, a5, 1
core   0: 3 0x000000008000fede (0x00178713) x14 0x0000000080012045
core   0: 0x000000008000fee2 (0xfee43023) sd      a4, -32(s0)
core   0: 3 0x000000008000fee2 (0xfee43023) mem 0x0000000080031f50 0x0000000080012045
core   0: 0x000000008000fee6 (0xfc442703) lw      a4, -60(s0)
core   0: 3 0x000000008000fee6 (0xfc442703) x14 0x0000000000000000 mem 0x0000000080031f34
core   0: 0x000000008000feea (0x0ff77713) andi    a4, a4, 255
core   0: 3 0x000000008000feea (0x0ff77713) x14 0x0000000000000000
core   0: 0x000000008000feee (0x00e78023) sb      a4, 0(a5)
core   0: 3 0x000000008000feee (0x00e78023) mem 0x0000000080012044 0x00
core   0: 0x000000008000fef2 (0xfc843703) ld      a4, -56(s0)
core   0: 3 0x000000008000fef2 (0xfc843703) x14 0x0000000080012040 mem 0x0000000080031f38
core   0: 0x000000008000fef6 (0xfb843783) ld      a5, -72(s0)
core   0: 3 0x000000008000fef6 (0xfb843783) x15 0x000000000000009c mem 0x0000000080031f28
core   0: 0x000000008000fefa (0x000097ba) c.add   a5, a4
core   0: 3 0x000000008000fefa (0x97ba) x15 0x00000000800120dc
core   0: 0x000000008000fefc (0xfe043703) ld      a4, -32(s0)
core   0: 3 0x000000008000fefc (0xfe043703) x14 0x0000000080012045 mem 0x0000000080031f50
core   0: 0x000000008000ff00 (0xfcf76de3) bltu    a4, a5, pc - 38
core   0: 3 0x000000008000ff00 (0xfcf76de3)
core   0: 0x000000008000feda (0xfe043783) ld      a5, -32(s0)
core   0: 3 0x000000008000feda (0xfe043783) x15 0x0000000080012045 mem 0x0000000080031f50
core   0: 0x000000008000fede (0x00178713) addi    a4, a5, 1
core   0: 3 0x000000008000fede (0x00178713) x14 0x0000000080012046
core   0: 0x000000008000fee2 (0xfee43023) sd      a4, -32(s0)
core   0: 3 0x000000008000fee2 (0xfee43023) mem 0x0000000080031f50 0x0000000080012046
core   0: 0x000000008000fee6 (0xfc442703) lw      a4, -60(s0)
core   0: 3 0x000000008000fee6 (0xfc442703) x14 0x0000000000000000 mem 0x0000000080031f34
core   0: 0x000000008000feea (0x0ff77713) andi    a4, a4, 255
core   0: 3 0x000000008000feea (0x0ff77713) x14 0x0000000000000000
core   0: 0x000000008000feee (0x00e78023) sb      a4, 0(a5)
core   0: 3 0x000000008000feee (0x00e78023) mem 0x0000000080012045 0x00
core   0: 0x000000008000fef2 (0xfc843703) ld      a4, -56(s0)
core   0: 3 0x000000008000fef2 (0xfc843703) x14 0x0000000080012040 mem 0x0000000080031f38
core   0: 0x000000008000fef6 (0xfb843783) ld      a5, -72(s0)
core   0: 3 0x000000008000fef6 (0xfb843783) x15 0x000000000000009c mem 0x0000000080031f28
core   0: 0x000000008000fefa (0x000097ba) c.add   a5, a4
core   0: 3 0x000000008000fefa (0x97ba) x15 0x00000000800120dc
core   0: 0x000000008000fefc (0xfe043703) ld      a4, -32(s0)
core   0: 3 0x000000008000fefc (0xfe043703) x14 0x0000000080012046 mem 0x0000000080031f50
core   0: 0x000000008000ff00 (0xfcf76de3) bltu    a4, a5, pc - 38
core   0: 3 0x000000008000ff00 (0xfcf76de3)
core   0: 0x000000008000feda (0xfe043783) ld      a5, -32(s0)
core   0: 3 0x000000008000feda (0xfe043783) x15 0x0000000080012046 mem 0x0000000080031f50
core   0: 0x000000008000fede (0x00178713) addi    a4, a5, 1
core   0: 3 0x000000008000fede (0x00178713) x14 0x0000000080012047
core   0: 0x000000008000fee2 (0xfee43023) sd      a4, -32(s0)
core   0: 3 0x000000008000fee2 (0xfee43023) mem 0x0000000080031f50 0x0000000080012047
core   0: 0x000000008000fee6 (0xfc442703) lw      a4, -60(s0)
core   0: 3 0x000000008000fee6 (0xfc442703) x14 0x0000000000000000 mem 0x0000000080031f34
core   0: 0x000000008000feea (0x0ff77713) andi    a4, a4, 255
core   0: 3 0x000000008000feea (0x0ff77713) x14 0x0000000000000000
core   0: 0x000000008000feee (0x00e78023) sb      a4, 0(a5)
core   0: 3 0x000000008000feee (0x00e78023) mem 0x0000000080012046 0x00
core   0: 0x000000008000fef2 (0xfc843703) ld      a4, -56(s0)
core   0: 3 0x000000008000fef2 (0xfc843703) x14 0x0000000080012040 mem 0x0000000080031f38
core   0: 0x000000008000fef6 (0xfb843783) ld      a5, -72(s0)
core   0: 3 0x000000008000fef6 (0xfb843783) x15 0x000000000000009c mem 0x0000000080031f28
core   0: 0x000000008000fefa (0x000097ba) c.add   a5, a4
core   0: 3 0x000000008000fefa (0x97ba) x15 0x00000000800120dc
core   0: 0x000000008000fefc (0xfe043703) ld      a4, -32(s0)
core   0: 3 0x000000008000fefc (0xfe043703) x14 0x0000000080012047 mem 0x0000000080031f50
core   0: 0x000000008000ff00 (0xfcf76de3) bltu    a4, a5, pc - 38
core   0: 3 0x000000008000ff00 (0xfcf76de3)
core   0: 0x000000008000feda (0xfe043783) ld      a5, -32(s0)
core   0: 3 0x000000008000feda (0xfe043783) x15 0x0000000080012047 mem 0x0000000080031f50
core   0: 0x000000008000fede (0x00178713) addi    a4, a5, 1
core   0: 3 0x000000008000fede (0x00178713) x14 0x0000000080012048
core   0: 0x000000008000fee2 (0xfee43023) sd      a4, -32(s0)
core   0: 3 0x000000008000fee2 (0xfee43023) mem 0x0000000080031f50 0x0000000080012048
core   0: 0x000000008000fee6 (0xfc442703) lw      a4, -60(s0)
core   0: 3 0x000000008000fee6 (0xfc442703) x14 0x0000000000000000 mem 0x0000000080031f34
core   0: 0x000000008000feea (0x0ff77713) andi    a4, a4, 255
core   0: 3 0x000000008000feea (0x0ff77713) x14 0x0000000000000000
core   0: 0x000000008000feee (0x00e78023) sb      a4, 0(a5)
core   0: 3 0x000000008000feee (0x00e78023) mem 0x0000000080012047 0x00
core   0: 0x000000008000fef2 (0xfc843703) ld      a4, -56(s0)
core   0: 3 0x000000008000fef2 (0xfc843703) x14 0x0000000080012040 mem 0x0000000080031f38
core   0: 0x000000008000fef6 (0xfb843783) ld      a5, -72(s0)
core   0: 3 0x000000008000fef6 (0xfb843783) x15 0x000000000000009c mem 0x0000000080031f28
core   0: 0x000000008000fefa (0x000097ba) c.add   a5, a4
core   0: 3 0x000000008000fefa (0x97ba) x15 0x00000000800120dc
core   0: 0x000000008000fefc (0xfe043703) ld      a4, -32(s0)
core   0: 3 0x000000008000fefc (0xfe043703) x14 0x0000000080012048 mem 0x0000000080031f50
core   0: 0x000000008000ff00 (0xfcf76de3) bltu    a4, a5, pc - 38
core   0: 3 0x000000008000ff00 (0xfcf76de3)
core   0: 0x000000008000feda (0xfe043783) ld      a5, -32(s0)
core   0: 3 0x000000008000feda (0xfe043783) x15 0x0000000080012048 mem 0x0000000080031f50
core   0: 0x000000008000fede (0x00178713) addi    a4, a5, 1
core   0: 3 0x000000008000fede (0x00178713) x14 0x0000000080012049
core   0: 0x000000008000fee2 (0xfee43023) sd      a4, -32(s0)
core   0: 3 0x000000008000fee2 (0xfee43023) mem 0x0000000080031f50 0x0000000080012049
core   0: 0x000000008000fee6 (0xfc442703) lw      a4, -60(s0)
core   0: 3 0x000000008000fee6 (0xfc442703) x14 0x0000000000000000 mem 0x0000000080031f34
core   0: 0x000000008000feea (0x0ff77713) andi    a4, a4, 255
core   0: 3 0x000000008000feea (0x0ff77713) x14 0x0000000000000000
core   0: 0x000000008000feee (0x00e78023) sb      a4, 0(a5)
core   0: 3 0x000000008000feee (0x00e78023) mem 0x0000000080012048 0x00
core   0: 0x000000008000fef2 (0xfc843703) ld      a4, -56(s0)
core   0: 3 0x000000008000fef2 (0xfc843703) x14 0x0000000080012040 mem 0x0000000080031f38
core   0: 0x000000008000fef6 (0xfb843783) ld      a5, -72(s0)
core   0: 3 0x000000008000fef6 (0xfb843783) x15 0x000000000000009c mem 0x0000000080031f28
core   0: 0x000000008000fefa (0x000097ba) c.add   a5, a4
core   0: 3 0x000000008000fefa (0x97ba) x15 0x00000000800120dc
core   0: 0x000000008000fefc (0xfe043703) ld      a4, -32(s0)
core   0: 3 0x000000008000fefc (0xfe043703) x14 0x0000000080012049 mem 0x0000000080031f50
core   0: 0x000000008000ff00 (0xfcf76de3) bltu    a4, a5, pc - 38
core   0: 3 0x000000008000ff00 (0xfcf76de3)
core   0: 0x000000008000feda (0xfe043783) ld      a5, -32(s0)
core   0: 3 0x000000008000feda (0xfe043783) x15 0x0000000080012049 mem 0x0000000080031f50
core   0: 0x000000008000fede (0x00178713) addi    a4, a5, 1
core   0: 3 0x000000008000fede (0x00178713) x14 0x000000008001204a
core   0: 0x000000008000fee2 (0xfee43023) sd      a4, -32(s0)
core   0: 3 0x000000008000fee2 (0xfee43023) mem 0x0000000080031f50 0x000000008001204a
core   0: 0x000000008000fee6 (0xfc442703) lw      a4, -60(s0)
core   0: 3 0x000000008000fee6 (0xfc442703) x14 0x0000000000000000 mem 0x0000000080031f34
core   0: 0x000000008000feea (0x0ff77713) andi    a4, a4, 255
core   0: 3 0x000000008000feea (0x0ff77713) x14 0x0000000000000000
core   0: 0x000000008000feee (0x00e78023) sb      a4, 0(a5)
core   0: 3 0x000000008000feee (0x00e78023) mem 0x0000000080012049 0x00
core   0: 0x000000008000fef2 (0xfc843703) ld      a4, -56(s0)
core   0: 3 0x000000008000fef2 (0xfc843703) x14 0x0000000080012040 mem 0x0000000080031f38
core   0: 0x000000008000fef6 (0xfb843783) ld      a5, -72(s0)
core   0: 3 0x000000008000fef6 (0xfb843783) x15 0x000000000000009c mem 0x0000000080031f28
core   0: 0x000000008000fefa (0x000097ba) c.add   a5, a4
core   0: 3 0x000000008000fefa (0x97ba) x15 0x00000000800120dc
core   0: 0x000000008000fefc (0xfe043703) ld      a4, -32(s0)
core   0: 3 0x000000008000fefc (0xfe043703) x14 0x000000008001204a mem 0x0000000080031f50
core   0: 0x000000008000ff00 (0xfcf76de3) bltu    a4, a5, pc - 38
core   0: 3 0x000000008000ff00 (0xfcf76de3)
core   0: 0x000000008000feda (0xfe043783) ld      a5, -32(s0)
core   0: 3 0x000000008000feda (0xfe043783) x15 0x000000008001204a mem 0x0000000080031f50
core   0: 0x000000008000fede (0x00178713) addi    a4, a5, 1
core   0: 3 0x000000008000fede (0x00178713) x14 0x000000008001204b
core   0: 0x000000008000fee2 (0xfee43023) sd      a4, -32(s0)
core   0: 3 0x000000008000fee2 (0xfee43023) mem 0x0000000080031f50 0x000000008001204b
core   0: 0x000000008000fee6 (0xfc442703) lw      a4, -60(s0)
core   0: 3 0x000000008000fee6 (0xfc442703) x14 0x0000000000000000 mem 0x0000000080031f34
core   0: 0x000000008000feea (0x0ff77713) andi    a4, a4, 255
core   0: 3 0x000000008000feea (0x0ff77713) x14 0x0000000000000000
core   0: 0x000000008000feee (0x00e78023) sb      a4, 0(a5)
core   0: 3 0x000000008000feee (0x00e78023) mem 0x000000008001204a 0x00
core   0: 0x000000008000fef2 (0xfc843703) ld      a4, -56(s0)
core   0: 3 0x000000008000fef2 (0xfc843703) x14 0x0000000080012040 mem 0x0000000080031f38
core   0: 0x000000008000fef6 (0xfb843783) ld      a5, -72(s0)
core   0: 3 0x000000008000fef6 (0xfb843783) x15 0x000000000000009c mem 0x0000000080031f28
core   0: 0x000000008000fefa (0x000097ba) c.add   a5, a4
core   0: 3 0x000000008000fefa (0x97ba) x15 0x00000000800120dc
core   0: 0x000000008000fefc (0xfe043703) ld      a4, -32(s0)
core   0: 3 0x000000008000fefc (0xfe043703) x14 0x000000008001204b mem 0x0000000080031f50
core   0: 0x000000008000ff00 (0xfcf76de3) bltu    a4, a5, pc - 38
core   0: 3 0x000000008000ff00 (0xfcf76de3)
core   0: 0x000000008000feda (0xfe043783) ld      a5, -32(s0)
core   0: 3 0x000000008000feda (0xfe043783) x15 0x000000008001204b mem 0x0000000080031f50
core   0: 0x000000008000fede (0x00178713) addi    a4, a5, 1
core   0: 3 0x000000008000fede (0x00178713) x14 0x000000008001204c
core   0: 0x000000008000fee2 (0xfee43023) sd      a4, -32(s0)
core   0: 3 0x000000008000fee2 (0xfee43023) mem 0x0000000080031f50 0x000000008001204c
core   0: 0x000000008000fee6 (0xfc442703) lw      a4, -60(s0)
core   0: 3 0x000000008000fee6 (0xfc442703) x14 0x0000000000000000 mem 0x0000000080031f34
core   0: 0x000000008000feea (0x0ff77713) andi    a4, a4, 255
core   0: 3 0x000000008000feea (0x0ff77713) x14 0x0000000000000000
core   0: 0x000000008000feee (0x00e78023) sb      a4, 0(a5)
core   0: 3 0x000000008000feee (0x00e78023) mem 0x000000008001204b 0x00
core   0: 0x000000008000fef2 (0xfc843703) ld      a4, -56(s0)
core   0: 3 0x000000008000fef2 (0xfc843703) x14 0x0000000080012040 mem 0x0000000080031f38
core   0: 0x000000008000fef6 (0xfb843783) ld      a5, -72(s0)
core   0: 3 0x000000008000fef6 (0xfb843783) x15 0x000000000000009c mem 0x0000000080031f28
core   0: 0x000000008000fefa (0x000097ba) c.add   a5, a4
core   0: 3 0x000000008000fefa (0x97ba) x15 0x00000000800120dc
core   0: 0x000000008000fefc (0xfe043703) ld      a4, -32(s0)
core   0: 3 0x000000008000fefc (0xfe043703) x14 0x000000008001204c mem 0x0000000080031f50
core   0: 0x000000008000ff00 (0xfcf76de3) bltu    a4, a5, pc - 38
core   0: 3 0x000000008000ff00 (0xfcf76de3)
core   0: 0x000000008000feda (0xfe043783) ld      a5, -32(s0)
core   0: 3 0x000000008000feda (0xfe043783) x15 0x000000008001204c mem 0x0000000080031f50
core   0: 0x000000008000fede (0x00178713) addi    a4, a5, 1
core   0: 3 0x000000008000fede (0x00178713) x14 0x000000008001204d
core   0: 0x000000008000fee2 (0xfee43023) sd      a4, -32(s0)
core   0: 3 0x000000008000fee2 (0xfee43023) mem 0x0000000080031f50 0x000000008001204d
core   0: 0x000000008000fee6 (0xfc442703) lw      a4, -60(s0)
core   0: 3 0x000000008000fee6 (0xfc442703) x14 0x0000000000000000 mem 0x0000000080031f34
core   0: 0x000000008000feea (0x0ff77713) andi    a4, a4, 255
core   0: 3 0x000000008000feea (0x0ff77713) x14 0x0000000000000000
core   0: 0x000000008000feee (0x00e78023) sb      a4, 0(a5)
core   0: 3 0x000000008000feee (0x00e78023) mem 0x000000008001204c 0x00
core   0: 0x000000008000fef2 (0xfc843703) ld      a4, -56(s0)
core   0: 3 0x000000008000fef2 (0xfc843703) x14 0x0000000080012040 mem 0x0000000080031f38
core   0: 0x000000008000fef6 (0xfb843783) ld      a5, -72(s0)
core   0: 3 0x000000008000fef6 (0xfb843783) x15 0x000000000000009c mem 0x0000000080031f28
core   0: 0x000000008000fefa (0x000097ba) c.add   a5, a4
core   0: 3 0x000000008000fefa (0x97ba) x15 0x00000000800120dc
core   0: 0x000000008000fefc (0xfe043703) ld      a4, -32(s0)
core   0: 3 0x000000008000fefc (0xfe043703) x14 0x000000008001204d mem 0x0000000080031f50
core   0: 0x000000008000ff00 (0xfcf76de3) bltu    a4, a5, pc - 38
core   0: 3 0x000000008000ff00 (0xfcf76de3)
core   0: 0x000000008000feda (0xfe043783) ld      a5, -32(s0)
core   0: 3 0x000000008000feda (0xfe043783) x15 0x000000008001204d mem 0x0000000080031f50
core   0: 0x000000008000fede (0x00178713) addi    a4, a5, 1
core   0: 3 0x000000008000fede (0x00178713) x14 0x000000008001204e
core   0: 0x000000008000fee2 (0xfee43023) sd      a4, -32(s0)
core   0: 3 0x000000008000fee2 (0xfee43023) mem 0x0000000080031f50 0x000000008001204e
core   0: 0x000000008000fee6 (0xfc442703) lw      a4, -60(s0)
core   0: 3 0x000000008000fee6 (0xfc442703) x14 0x0000000000000000 mem 0x0000000080031f34
core   0: 0x000000008000feea (0x0ff77713) andi    a4, a4, 255
core   0: 3 0x000000008000feea (0x0ff77713) x14 0x0000000000000000
core   0: 0x000000008000feee (0x00e78023) sb      a4, 0(a5)
core   0: 3 0x000000008000feee (0x00e78023) mem 0x000000008001204d 0x00
core   0: 0x000000008000fef2 (0xfc843703) ld      a4, -56(s0)
core   0: 3 0x000000008000fef2 (0xfc843703) x14 0x0000000080012040 mem 0x0000000080031f38
core   0: 0x000000008000fef6 (0xfb843783) ld      a5, -72(s0)
core   0: 3 0x000000008000fef6 (0xfb843783) x15 0x000000000000009c mem 0x0000000080031f28
core   0: 0x000000008000fefa (0x000097ba) c.add   a5, a4
core   0: 3 0x000000008000fefa (0x97ba) x15 0x00000000800120dc
core   0: 0x000000008000fefc (0xfe043703) ld      a4, -32(s0)
core   0: 3 0x000000008000fefc (0xfe043703) x14 0x000000008001204e mem 0x0000000080031f50
core   0: 0x000000008000ff00 (0xfcf76de3) bltu    a4, a5, pc - 38
core   0: 3 0x000000008000ff00 (0xfcf76de3)
core   0: 0x000000008000feda (0xfe043783) ld      a5, -32(s0)
core   0: 3 0x000000008000feda (0xfe043783) x15 0x000000008001204e mem 0x0000000080031f50
core   0: 0x000000008000fede (0x00178713) addi    a4, a5, 1
core   0: 3 0x000000008000fede (0x00178713) x14 0x000000008001204f
core   0: 0x000000008000fee2 (0xfee43023) sd      a4, -32(s0)
core   0: 3 0x000000008000fee2 (0xfee43023) mem 0x0000000080031f50 0x000000008001204f
core   0: 0x000000008000fee6 (0xfc442703) lw      a4, -60(s0)
core   0: 3 0x000000008000fee6 (0xfc442703) x14 0x0000000000000000 mem 0x0000000080031f34
core   0: 0x000000008000feea (0x0ff77713) andi    a4, a4, 255
core   0: 3 0x000000008000feea (0x0ff77713) x14 0x0000000000000000
core   0: 0x000000008000feee (0x00e78023) sb      a4, 0(a5)
core   0: 3 0x000000008000feee (0x00e78023) mem 0x000000008001204e 0x00
core   0: 0x000000008000fef2 (0xfc843703) ld      a4, -56(s0)
core   0: 3 0x000000008000fef2 (0xfc843703) x14 0x0000000080012040 mem 0x0000000080031f38
core   0: 0x000000008000fef6 (0xfb843783) ld      a5, -72(s0)
core   0: 3 0x000000008000fef6 (0xfb843783) x15 0x000000000000009c mem 0x0000000080031f28
core   0: 0x000000008000fefa (0x000097ba) c.add   a5, a4
core   0: 3 0x000000008000fefa (0x97ba) x15 0x00000000800120dc
core   0: 0x000000008000fefc (0xfe043703) ld      a4, -32(s0)
core   0: 3 0x000000008000fefc (0xfe043703) x14 0x000000008001204f mem 0x0000000080031f50
core   0: 0x000000008000ff00 (0xfcf76de3) bltu    a4, a5, pc - 38
core   0: 3 0x000000008000ff00 (0xfcf76de3)
core   0: 0x000000008000feda (0xfe043783) ld      a5, -32(s0)
core   0: 3 0x000000008000feda (0xfe043783) x15 0x000000008001204f mem 0x0000000080031f50
core   0: 0x000000008000fede (0x00178713) addi    a4, a5, 1
core   0: 3 0x000000008000fede (0x00178713) x14 0x0000000080012050
core   0: 0x000000008000fee2 (0xfee43023) sd      a4, -32(s0)
core   0: 3 0x000000008000fee2 (0xfee43023) mem 0x0000000080031f50 0x0000000080012050
core   0: 0x000000008000fee6 (0xfc442703) lw      a4, -60(s0)
core   0: 3 0x000000008000fee6 (0xfc442703) x14 0x0000000000000000 mem 0x0000000080031f34
core   0: 0x000000008000feea (0x0ff77713) andi    a4, a4, 255
core   0: 3 0x000000008000feea (0x0ff77713) x14 0x0000000000000000
core   0: 0x000000008000feee (0x00e78023) sb      a4, 0(a5)
core   0: 3 0x000000008000feee (0x00e78023) mem 0x000000008001204f 0x00
core   0: 0x000000008000fef2 (0xfc843703) ld      a4, -56(s0)
core   0: 3 0x000000008000fef2 (0xfc843703) x14 0x0000000080012040 mem 0x0000000080031f38
core   0: 0x000000008000fef6 (0xfb843783) ld      a5, -72(s0)
core   0: 3 0x000000008000fef6 (0xfb843783) x15 0x000000000000009c mem 0x0000000080031f28
core   0: 0x000000008000fefa (0x000097ba) c.add   a5, a4
core   0: 3 0x000000008000fefa (0x97ba) x15 0x00000000800120dc
core   0: 0x000000008000fefc (0xfe043703) ld      a4, -32(s0)
core   0: 3 0x000000008000fefc (0xfe043703) x14 0x0000000080012050 mem 0x0000000080031f50
core   0: 0x000000008000ff00 (0xfcf76de3) bltu    a4, a5, pc - 38
core   0: 3 0x000000008000ff00 (0xfcf76de3)
core   0: 0x000000008000feda (0xfe043783) ld      a5, -32(s0)
core   0: 3 0x000000008000feda (0xfe043783) x15 0x0000000080012050 mem 0x0000000080031f50
core   0: 0x000000008000fede (0x00178713) addi    a4, a5, 1
core   0: 3 0x000000008000fede (0x00178713) x14 0x0000000080012051
core   0: 0x000000008000fee2 (0xfee43023) sd      a4, -32(s0)
core   0: 3 0x000000008000fee2 (0xfee43023) mem 0x0000000080031f50 0x0000000080012051
core   0: 0x000000008000fee6 (0xfc442703) lw      a4, -60(s0)
core   0: 3 0x000000008000fee6 (0xfc442703) x14 0x0000000000000000 mem 0x0000000080031f34
core   0: 0x000000008000feea (0x0ff77713) andi    a4, a4, 255
core   0: 3 0x000000008000feea (0x0ff77713) x14 0x0000000000000000
core   0: 0x000000008000feee (0x00e78023) sb      a4, 0(a5)
core   0: 3 0x000000008000feee (0x00e78023) mem 0x0000000080012050 0x00
core   0: 0x000000008000fef2 (0xfc843703) ld      a4, -56(s0)
core   0: 3 0x000000008000fef2 (0xfc843703) x14 0x0000000080012040 mem 0x0000000080031f38
core   0: 0x000000008000fef6 (0xfb843783) ld      a5, -72(s0)
core   0: 3 0x000000008000fef6 (0xfb843783) x15 0x000000000000009c mem 0x0000000080031f28
core   0: 0x000000008000fefa (0x000097ba) c.add   a5, a4
core   0: 3 0x000000008000fefa (0x97ba) x15 0x00000000800120dc
core   0: 0x000000008000fefc (0xfe043703) ld      a4, -32(s0)
core   0: 3 0x000000008000fefc (0xfe043703) x14 0x0000000080012051 mem 0x0000000080031f50
core   0: 0x000000008000ff00 (0xfcf76de3) bltu    a4, a5, pc - 38
core   0: 3 0x000000008000ff00 (0xfcf76de3)
core   0: 0x000000008000feda (0xfe043783) ld      a5, -32(s0)
core   0: 3 0x000000008000feda (0xfe043783) x15 0x0000000080012051 mem 0x0000000080031f50
core   0: 0x000000008000fede (0x00178713) addi    a4, a5, 1
core   0: 3 0x000000008000fede (0x00178713) x14 0x0000000080012052
core   0: 0x000000008000fee2 (0xfee43023) sd      a4, -32(s0)
core   0: 3 0x000000008000fee2 (0xfee43023) mem 0x0000000080031f50 0x0000000080012052
core   0: 0x000000008000fee6 (0xfc442703) lw      a4, -60(s0)
core   0: 3 0x000000008000fee6 (0xfc442703) x14 0x0000000000000000 mem 0x0000000080031f34
core   0: 0x000000008000feea (0x0ff77713) andi    a4, a4, 255
core   0: 3 0x000000008000feea (0x0ff77713) x14 0x0000000000000000
core   0: 0x000000008000feee (0x00e78023) sb      a4, 0(a5)
core   0: 3 0x000000008000feee (0x00e78023) mem 0x0000000080012051 0x00
core   0: 0x000000008000fef2 (0xfc843703) ld      a4, -56(s0)
core   0: 3 0x000000008000fef2 (0xfc843703) x14 0x0000000080012040 mem 0x0000000080031f38
core   0: 0x000000008000fef6 (0xfb843783) ld      a5, -72(s0)
core   0: 3 0x000000008000fef6 (0xfb843783) x15 0x000000000000009c mem 0x0000000080031f28
core   0: 0x000000008000fefa (0x000097ba) c.add   a5, a4
core   0: 3 0x000000008000fefa (0x97ba) x15 0x00000000800120dc
core   0: 0x000000008000fefc (0xfe043703) ld      a4, -32(s0)
core   0: 3 0x000000008000fefc (0xfe043703) x14 0x0000000080012052 mem 0x0000000080031f50
core   0: 0x000000008000ff00 (0xfcf76de3) bltu    a4, a5, pc - 38
core   0: 3 0x000000008000ff00 (0xfcf76de3)
core   0: 0x000000008000feda (0xfe043783) ld      a5, -32(s0)
core   0: 3 0x000000008000feda (0xfe043783) x15 0x0000000080012052 mem 0x0000000080031f50
core   0: 0x000000008000fede (0x00178713) addi    a4, a5, 1
core   0: 3 0x000000008000fede (0x00178713) x14 0x0000000080012053
core   0: 0x000000008000fee2 (0xfee43023) sd      a4, -32(s0)
core   0: 3 0x000000008000fee2 (0xfee43023) mem 0x0000000080031f50 0x0000000080012053
core   0: 0x000000008000fee6 (0xfc442703) lw      a4, -60(s0)
core   0: 3 0x000000008000fee6 (0xfc442703) x14 0x0000000000000000 mem 0x0000000080031f34
core   0: 0x000000008000feea (0x0ff77713) andi    a4, a4, 255
core   0: 3 0x000000008000feea (0x0ff77713) x14 0x0000000000000000
core   0: 0x000000008000feee (0x00e78023) sb      a4, 0(a5)
core   0: 3 0x000000008000feee (0x00e78023) mem 0x0000000080012052 0x00
core   0: 0x000000008000fef2 (0xfc843703) ld      a4, -56(s0)
core   0: 3 0x000000008000fef2 (0xfc843703) x14 0x0000000080012040 mem 0x0000000080031f38
core   0: 0x000000008000fef6 (0xfb843783) ld      a5, -72(s0)
core   0: 3 0x000000008000fef6 (0xfb843783) x15 0x000000000000009c mem 0x0000000080031f28
core   0: 0x000000008000fefa (0x000097ba) c.add   a5, a4
core   0: 3 0x000000008000fefa (0x97ba) x15 0x00000000800120dc
core   0: 0x000000008000fefc (0xfe043703) ld      a4, -32(s0)
core   0: 3 0x000000008000fefc (0xfe043703) x14 0x0000000080012053 mem 0x0000000080031f50
core   0: 0x000000008000ff00 (0xfcf76de3) bltu    a4, a5, pc - 38
core   0: 3 0x000000008000ff00 (0xfcf76de3)
core   0: 0x000000008000feda (0xfe043783) ld      a5, -32(s0)
core   0: 3 0x000000008000feda (0xfe043783) x15 0x0000000080012053 mem 0x0000000080031f50
core   0: 0x000000008000fede (0x00178713) addi    a4, a5, 1
core   0: 3 0x000000008000fede (0x00178713) x14 0x0000000080012054
core   0: 0x000000008000fee2 (0xfee43023) sd      a4, -32(s0)
core   0: 3 0x000000008000fee2 (0xfee43023) mem 0x0000000080031f50 0x0000000080012054
core   0: 0x000000008000fee6 (0xfc442703) lw      a4, -60(s0)
core   0: 3 0x000000008000fee6 (0xfc442703) x14 0x0000000000000000 mem 0x0000000080031f34
core   0: 0x000000008000feea (0x0ff77713) andi    a4, a4, 255
core   0: 3 0x000000008000feea (0x0ff77713) x14 0x0000000000000000
core   0: 0x000000008000feee (0x00e78023) sb      a4, 0(a5)
core   0: 3 0x000000008000feee (0x00e78023) mem 0x0000000080012053 0x00
core   0: 0x000000008000fef2 (0xfc843703) ld      a4, -56(s0)
core   0: 3 0x000000008000fef2 (0xfc843703) x14 0x0000000080012040 mem 0x0000000080031f38
core   0: 0x000000008000fef6 (0xfb843783) ld      a5, -72(s0)
core   0: 3 0x000000008000fef6 (0xfb843783) x15 0x000000000000009c mem 0x0000000080031f28
core   0: 0x000000008000fefa (0x000097ba) c.add   a5, a4
core   0: 3 0x000000008000fefa (0x97ba) x15 0x00000000800120dc
core   0: 0x000000008000fefc (0xfe043703) ld      a4, -32(s0)
core   0: 3 0x000000008000fefc (0xfe043703) x14 0x0000000080012054 mem 0x0000000080031f50
core   0: 0x000000008000ff00 (0xfcf76de3) bltu    a4, a5, pc - 38
core   0: 3 0x000000008000ff00 (0xfcf76de3)
core   0: 0x000000008000feda (0xfe043783) ld      a5, -32(s0)
core   0: 3 0x000000008000feda (0xfe043783) x15 0x0000000080012054 mem 0x0000000080031f50
core   0: 0x000000008000fede (0x00178713) addi    a4, a5, 1
core   0: 3 0x000000008000fede (0x00178713) x14 0x0000000080012055
core   0: 0x000000008000fee2 (0xfee43023) sd      a4, -32(s0)
core   0: 3 0x000000008000fee2 (0xfee43023) mem 0x0000000080031f50 0x0000000080012055
core   0: 0x000000008000fee6 (0xfc442703) lw      a4, -60(s0)
core   0: 3 0x000000008000fee6 (0xfc442703) x14 0x0000000000000000 mem 0x0000000080031f34
core   0: 0x000000008000feea (0x0ff77713) andi    a4, a4, 255
core   0: 3 0x000000008000feea (0x0ff77713) x14 0x0000000000000000
core   0: 0x000000008000feee (0x00e78023) sb      a4, 0(a5)
core   0: 3 0x000000008000feee (0x00e78023) mem 0x0000000080012054 0x00
core   0: 0x000000008000fef2 (0xfc843703) ld      a4, -56(s0)
core   0: 3 0x000000008000fef2 (0xfc843703) x14 0x0000000080012040 mem 0x0000000080031f38
core   0: 0x000000008000fef6 (0xfb843783) ld      a5, -72(s0)
core   0: 3 0x000000008000fef6 (0xfb843783) x15 0x000000000000009c mem 0x0000000080031f28
core   0: 0x000000008000fefa (0x000097ba) c.add   a5, a4
core   0: 3 0x000000008000fefa (0x97ba) x15 0x00000000800120dc
core   0: 0x000000008000fefc (0xfe043703) ld      a4, -32(s0)
core   0: 3 0x000000008000fefc (0xfe043703) x14 0x0000000080012055 mem 0x0000000080031f50
core   0: 0x000000008000ff00 (0xfcf76de3) bltu    a4, a5, pc - 38
core   0: 3 0x000000008000ff00 (0xfcf76de3)
core   0: 0x000000008000feda (0xfe043783) ld      a5, -32(s0)
core   0: 3 0x000000008000feda (0xfe043783) x15 0x0000000080012055 mem 0x0000000080031f50
core   0: 0x000000008000fede (0x00178713) addi    a4, a5, 1
core   0: 3 0x000000008000fede (0x00178713) x14 0x0000000080012056
core   0: 0x000000008000fee2 (0xfee43023) sd      a4, -32(s0)
core   0: 3 0x000000008000fee2 (0xfee43023) mem 0x0000000080031f50 0x0000000080012056
core   0: 0x000000008000fee6 (0xfc442703) lw      a4, -60(s0)
core   0: 3 0x000000008000fee6 (0xfc442703) x14 0x0000000000000000 mem 0x0000000080031f34
core   0: 0x000000008000feea (0x0ff77713) andi    a4, a4, 255
core   0: 3 0x000000008000feea (0x0ff77713) x14 0x0000000000000000
core   0: 0x000000008000feee (0x00e78023) sb      a4, 0(a5)
core   0: 3 0x000000008000feee (0x00e78023) mem 0x0000000080012055 0x00
core   0: 0x000000008000fef2 (0xfc843703) ld      a4, -56(s0)
core   0: 3 0x000000008000fef2 (0xfc843703) x14 0x0000000080012040 mem 0x0000000080031f38
core   0: 0x000000008000fef6 (0xfb843783) ld      a5, -72(s0)
core   0: 3 0x000000008000fef6 (0xfb843783) x15 0x000000000000009c mem 0x0000000080031f28
core   0: 0x000000008000fefa (0x000097ba) c.add   a5, a4
core   0: 3 0x000000008000fefa (0x97ba) x15 0x00000000800120dc
core   0: 0x000000008000fefc (0xfe043703) ld      a4, -32(s0)
core   0: 3 0x000000008000fefc (0xfe043703) x14 0x0000000080012056 mem 0x0000000080031f50
core   0: 0x000000008000ff00 (0xfcf76de3) bltu    a4, a5, pc - 38
core   0: 3 0x000000008000ff00 (0xfcf76de3)
core   0: 0x000000008000feda (0xfe043783) ld      a5, -32(s0)
core   0: 3 0x000000008000feda (0xfe043783) x15 0x0000000080012056 mem 0x0000000080031f50
core   0: 0x000000008000fede (0x00178713) addi    a4, a5, 1
core   0: 3 0x000000008000fede (0x00178713) x14 0x0000000080012057
core   0: 0x000000008000fee2 (0xfee43023) sd      a4, -32(s0)
core   0: 3 0x000000008000fee2 (0xfee43023) mem 0x0000000080031f50 0x0000000080012057
core   0: 0x000000008000fee6 (0xfc442703) lw      a4, -60(s0)
core   0: 3 0x000000008000fee6 (0xfc442703) x14 0x0000000000000000 mem 0x0000000080031f34
core   0: 0x000000008000feea (0x0ff77713) andi    a4, a4, 255
core   0: 3 0x000000008000feea (0x0ff77713) x14 0x0000000000000000
core   0: 0x000000008000feee (0x00e78023) sb      a4, 0(a5)
core   0: 3 0x000000008000feee (0x00e78023) mem 0x0000000080012056 0x00
core   0: 0x000000008000fef2 (0xfc843703) ld      a4, -56(s0)
core   0: 3 0x000000008000fef2 (0xfc843703) x14 0x0000000080012040 mem 0x0000000080031f38
core   0: 0x000000008000fef6 (0xfb843783) ld      a5, -72(s0)
core   0: 3 0x000000008000fef6 (0xfb843783) x15 0x000000000000009c mem 0x0000000080031f28
core   0: 0x000000008000fefa (0x000097ba) c.add   a5, a4
core   0: 3 0x000000008000fefa (0x97ba) x15 0x00000000800120dc
core   0: 0x000000008000fefc (0xfe043703) ld      a4, -32(s0)
core   0: 3 0x000000008000fefc (0xfe043703) x14 0x0000000080012057 mem 0x0000000080031f50
core   0: 0x000000008000ff00 (0xfcf76de3) bltu    a4, a5, pc - 38
core   0: 3 0x000000008000ff00 (0xfcf76de3)
core   0: 0x000000008000feda (0xfe043783) ld      a5, -32(s0)
core   0: 3 0x000000008000feda (0xfe043783) x15 0x0000000080012057 mem 0x0000000080031f50
core   0: 0x000000008000fede (0x00178713) addi    a4, a5, 1
core   0: 3 0x000000008000fede (0x00178713) x14 0x0000000080012058
core   0: 0x000000008000fee2 (0xfee43023) sd      a4, -32(s0)
core   0: 3 0x000000008000fee2 (0xfee43023) mem 0x0000000080031f50 0x0000000080012058
core   0: 0x000000008000fee6 (0xfc442703) lw      a4, -60(s0)
core   0: 3 0x000000008000fee6 (0xfc442703) x14 0x0000000000000000 mem 0x0000000080031f34
core   0: 0x000000008000feea (0x0ff77713) andi    a4, a4, 255
core   0: 3 0x000000008000feea (0x0ff77713) x14 0x0000000000000000
core   0: 0x000000008000feee (0x00e78023) sb      a4, 0(a5)
core   0: 3 0x000000008000feee (0x00e78023) mem 0x0000000080012057 0x00
core   0: 0x000000008000fef2 (0xfc843703) ld      a4, -56(s0)
core   0: 3 0x000000008000fef2 (0xfc843703) x14 0x0000000080012040 mem 0x0000000080031f38
core   0: 0x000000008000fef6 (0xfb843783) ld      a5, -72(s0)
core   0: 3 0x000000008000fef6 (0xfb843783) x15 0x000000000000009c mem 0x0000000080031f28
core   0: 0x000000008000fefa (0x000097ba) c.add   a5, a4
core   0: 3 0x000000008000fefa (0x97ba) x15 0x00000000800120dc
core   0: 0x000000008000fefc (0xfe043703) ld      a4, -32(s0)
core   0: 3 0x000000008000fefc (0xfe043703) x14 0x0000000080012058 mem 0x0000000080031f50
core   0: 0x000000008000ff00 (0xfcf76de3) bltu    a4, a5, pc - 38
core   0: 3 0x000000008000ff00 (0xfcf76de3)
core   0: 0x000000008000feda (0xfe043783) ld      a5, -32(s0)
core   0: 3 0x000000008000feda (0xfe043783) x15 0x0000000080012058 mem 0x0000000080031f50
core   0: 0x000000008000fede (0x00178713) addi    a4, a5, 1
core   0: 3 0x000000008000fede (0x00178713) x14 0x0000000080012059
core   0: 0x000000008000fee2 (0xfee43023) sd      a4, -32(s0)
core   0: 3 0x000000008000fee2 (0xfee43023) mem 0x0000000080031f50 0x0000000080012059
core   0: 0x000000008000fee6 (0xfc442703) lw      a4, -60(s0)
core   0: 3 0x000000008000fee6 (0xfc442703) x14 0x0000000000000000 mem 0x0000000080031f34
core   0: 0x000000008000feea (0x0ff77713) andi    a4, a4, 255
core   0: 3 0x000000008000feea (0x0ff77713) x14 0x0000000000000000
core   0: 0x000000008000feee (0x00e78023) sb      a4, 0(a5)
core   0: 3 0x000000008000feee (0x00e78023) mem 0x0000000080012058 0x00
core   0: 0x000000008000fef2 (0xfc843703) ld      a4, -56(s0)
core   0: 3 0x000000008000fef2 (0xfc843703) x14 0x0000000080012040 mem 0x0000000080031f38
core   0: 0x000000008000fef6 (0xfb843783) ld      a5, -72(s0)
core   0: 3 0x000000008000fef6 (0xfb843783) x15 0x000000000000009c mem 0x0000000080031f28
core   0: 0x000000008000fefa (0x000097ba) c.add   a5, a4
core   0: 3 0x000000008000fefa (0x97ba) x15 0x00000000800120dc
core   0: 0x000000008000fefc (0xfe043703) ld      a4, -32(s0)
core   0: 3 0x000000008000fefc (0xfe043703) x14 0x0000000080012059 mem 0x0000000080031f50
core   0: 0x000000008000ff00 (0xfcf76de3) bltu    a4, a5, pc - 38
core   0: 3 0x000000008000ff00 (0xfcf76de3)
core   0: 0x000000008000feda (0xfe043783) ld      a5, -32(s0)
core   0: 3 0x000000008000feda (0xfe043783) x15 0x0000000080012059 mem 0x0000000080031f50
core   0: 0x000000008000fede (0x00178713) addi    a4, a5, 1
core   0: 3 0x000000008000fede (0x00178713) x14 0x000000008001205a
core   0: 0x000000008000fee2 (0xfee43023) sd      a4, -32(s0)
core   0: 3 0x000000008000fee2 (0xfee43023) mem 0x0000000080031f50 0x000000008001205a
core   0: 0x000000008000fee6 (0xfc442703) lw      a4, -60(s0)
core   0: 3 0x000000008000fee6 (0xfc442703) x14 0x0000000000000000 mem 0x0000000080031f34
core   0: 0x000000008000feea (0x0ff77713) andi    a4, a4, 255
core   0: 3 0x000000008000feea (0x0ff77713) x14 0x0000000000000000
core   0: 0x000000008000feee (0x00e78023) sb      a4, 0(a5)
core   0: 3 0x000000008000feee (0x00e78023) mem 0x0000000080012059 0x00
core   0: 0x000000008000fef2 (0xfc843703) ld      a4, -56(s0)
core   0: 3 0x000000008000fef2 (0xfc843703) x14 0x0000000080012040 mem 0x0000000080031f38
core   0: 0x000000008000fef6 (0xfb843783) ld      a5, -72(s0)
core   0: 3 0x000000008000fef6 (0xfb843783) x15 0x000000000000009c mem 0x0000000080031f28
core   0: 0x000000008000fefa (0x000097ba) c.add   a5, a4
core   0: 3 0x000000008000fefa (0x97ba) x15 0x00000000800120dc
core   0: 0x000000008000fefc (0xfe043703) ld      a4, -32(s0)
core   0: 3 0x000000008000fefc (0xfe043703) x14 0x000000008001205a mem 0x0000000080031f50
core   0: 0x000000008000ff00 (0xfcf76de3) bltu    a4, a5, pc - 38
core   0: 3 0x000000008000ff00 (0xfcf76de3)
core   0: 0x000000008000feda (0xfe043783) ld      a5, -32(s0)
core   0: 3 0x000000008000feda (0xfe043783) x15 0x000000008001205a mem 0x0000000080031f50
core   0: 0x000000008000fede (0x00178713) addi    a4, a5, 1
core   0: 3 0x000000008000fede (0x00178713) x14 0x000000008001205b
core   0: 0x000000008000fee2 (0xfee43023) sd      a4, -32(s0)
core   0: 3 0x000000008000fee2 (0xfee43023) mem 0x0000000080031f50 0x000000008001205b
core   0: 0x000000008000fee6 (0xfc442703) lw      a4, -60(s0)
core   0: 3 0x000000008000fee6 (0xfc442703) x14 0x0000000000000000 mem 0x0000000080031f34
core   0: 0x000000008000feea (0x0ff77713) andi    a4, a4, 255
core   0: 3 0x000000008000feea (0x0ff77713) x14 0x0000000000000000
core   0: 0x000000008000feee (0x00e78023) sb      a4, 0(a5)
core   0: 3 0x000000008000feee (0x00e78023) mem 0x000000008001205a 0x00
core   0: 0x000000008000fef2 (0xfc843703) ld      a4, -56(s0)
core   0: 3 0x000000008000fef2 (0xfc843703) x14 0x0000000080012040 mem 0x0000000080031f38
core   0: 0x000000008000fef6 (0xfb843783) ld      a5, -72(s0)
core   0: 3 0x000000008000fef6 (0xfb843783) x15 0x000000000000009c mem 0x0000000080031f28
core   0: 0x000000008000fefa (0x000097ba) c.add   a5, a4
core   0: 3 0x000000008000fefa (0x97ba) x15 0x00000000800120dc
core   0: 0x000000008000fefc (0xfe043703) ld      a4, -32(s0)
core   0: 3 0x000000008000fefc (0xfe043703) x14 0x000000008001205b mem 0x0000000080031f50
core   0: 0x000000008000ff00 (0xfcf76de3) bltu    a4, a5, pc - 38
core   0: 3 0x000000008000ff00 (0xfcf76de3)
core   0: 0x000000008000feda (0xfe043783) ld      a5, -32(s0)
core   0: 3 0x000000008000feda (0xfe043783) x15 0x000000008001205b mem 0x0000000080031f50
core   0: 0x000000008000fede (0x00178713) addi    a4, a5, 1
core   0: 3 0x000000008000fede (0x00178713) x14 0x000000008001205c
core   0: 0x000000008000fee2 (0xfee43023) sd      a4, -32(s0)
core   0: 3 0x000000008000fee2 (0xfee43023) mem 0x0000000080031f50 0x000000008001205c
core   0: 0x000000008000fee6 (0xfc442703) lw      a4, -60(s0)
core   0: 3 0x000000008000fee6 (0xfc442703) x14 0x0000000000000000 mem 0x0000000080031f34
core   0: 0x000000008000feea (0x0ff77713) andi    a4, a4, 255
core   0: 3 0x000000008000feea (0x0ff77713) x14 0x0000000000000000
core   0: 0x000000008000feee (0x00e78023) sb      a4, 0(a5)
core   0: 3 0x000000008000feee (0x00e78023) mem 0x000000008001205b 0x00
core   0: 0x000000008000fef2 (0xfc843703) ld      a4, -56(s0)
core   0: 3 0x000000008000fef2 (0xfc843703) x14 0x0000000080012040 mem 0x0000000080031f38
core   0: 0x000000008000fef6 (0xfb843783) ld      a5, -72(s0)
core   0: 3 0x000000008000fef6 (0xfb843783) x15 0x000000000000009c mem 0x0000000080031f28
core   0: 0x000000008000fefa (0x000097ba) c.add   a5, a4
core   0: 3 0x000000008000fefa (0x97ba) x15 0x00000000800120dc
core   0: 0x000000008000fefc (0xfe043703) ld      a4, -32(s0)
core   0: 3 0x000000008000fefc (0xfe043703) x14 0x000000008001205c mem 0x0000000080031f50
core   0: 0x000000008000ff00 (0xfcf76de3) bltu    a4, a5, pc - 38
core   0: 3 0x000000008000ff00 (0xfcf76de3)
core   0: 0x000000008000feda (0xfe043783) ld      a5, -32(s0)
core   0: 3 0x000000008000feda (0xfe043783) x15 0x000000008001205c mem 0x0000000080031f50
core   0: 0x000000008000fede (0x00178713) addi    a4, a5, 1
core   0: 3 0x000000008000fede (0x00178713) x14 0x000000008001205d
core   0: 0x000000008000fee2 (0xfee43023) sd      a4, -32(s0)
core   0: 3 0x000000008000fee2 (0xfee43023) mem 0x0000000080031f50 0x000000008001205d
core   0: 0x000000008000fee6 (0xfc442703) lw      a4, -60(s0)
core   0: 3 0x000000008000fee6 (0xfc442703) x14 0x0000000000000000 mem 0x0000000080031f34
core   0: 0x000000008000feea (0x0ff77713) andi    a4, a4, 255
core   0: 3 0x000000008000feea (0x0ff77713) x14 0x0000000000000000
core   0: 0x000000008000feee (0x00e78023) sb      a4, 0(a5)
core   0: 3 0x000000008000feee (0x00e78023) mem 0x000000008001205c 0x00
core   0: 0x000000008000fef2 (0xfc843703) ld      a4, -56(s0)
core   0: 3 0x000000008000fef2 (0xfc843703) x14 0x0000000080012040 mem 0x0000000080031f38
core   0: 0x000000008000fef6 (0xfb843783) ld      a5, -72(s0)
core   0: 3 0x000000008000fef6 (0xfb843783) x15 0x000000000000009c mem 0x0000000080031f28
core   0: 0x000000008000fefa (0x000097ba) c.add   a5, a4
core   0: 3 0x000000008000fefa (0x97ba) x15 0x00000000800120dc
core   0: 0x000000008000fefc (0xfe043703) ld      a4, -32(s0)
core   0: 3 0x000000008000fefc (0xfe043703) x14 0x000000008001205d mem 0x0000000080031f50
core   0: 0x000000008000ff00 (0xfcf76de3) bltu    a4, a5, pc - 38
core   0: 3 0x000000008000ff00 (0xfcf76de3)
core   0: 0x000000008000feda (0xfe043783) ld      a5, -32(s0)
core   0: 3 0x000000008000feda (0xfe043783) x15 0x000000008001205d mem 0x0000000080031f50
core   0: 0x000000008000fede (0x00178713) addi    a4, a5, 1
core   0: 3 0x000000008000fede (0x00178713) x14 0x000000008001205e
core   0: 0x000000008000fee2 (0xfee43023) sd      a4, -32(s0)
core   0: 3 0x000000008000fee2 (0xfee43023) mem 0x0000000080031f50 0x000000008001205e
core   0: 0x000000008000fee6 (0xfc442703) lw      a4, -60(s0)
core   0: 3 0x000000008000fee6 (0xfc442703) x14 0x0000000000000000 mem 0x0000000080031f34
core   0: 0x000000008000feea (0x0ff77713) andi    a4, a4, 255
core   0: 3 0x000000008000feea (0x0ff77713) x14 0x0000000000000000
core   0: 0x000000008000feee (0x00e78023) sb      a4, 0(a5)
core   0: 3 0x000000008000feee (0x00e78023) mem 0x000000008001205d 0x00
core   0: 0x000000008000fef2 (0xfc843703) ld      a4, -56(s0)
core   0: 3 0x000000008000fef2 (0xfc843703) x14 0x0000000080012040 mem 0x0000000080031f38
core   0: 0x000000008000fef6 (0xfb843783) ld      a5, -72(s0)
core   0: 3 0x000000008000fef6 (0xfb843783) x15 0x000000000000009c mem 0x0000000080031f28
core   0: 0x000000008000fefa (0x000097ba) c.add   a5, a4
core   0: 3 0x000000008000fefa (0x97ba) x15 0x00000000800120dc
core   0: 0x000000008000fefc (0xfe043703) ld      a4, -32(s0)
core   0: 3 0x000000008000fefc (0xfe043703) x14 0x000000008001205e mem 0x0000000080031f50
core   0: 0x000000008000ff00 (0xfcf76de3) bltu    a4, a5, pc - 38
core   0: 3 0x000000008000ff00 (0xfcf76de3)
core   0: 0x000000008000feda (0xfe043783) ld      a5, -32(s0)
core   0: 3 0x000000008000feda (0xfe043783) x15 0x000000008001205e mem 0x0000000080031f50
core   0: 0x000000008000fede (0x00178713) addi    a4, a5, 1
core   0: 3 0x000000008000fede (0x00178713) x14 0x000000008001205f
core   0: 0x000000008000fee2 (0xfee43023) sd      a4, -32(s0)
core   0: 3 0x000000008000fee2 (0xfee43023) mem 0x0000000080031f50 0x000000008001205f
core   0: 0x000000008000fee6 (0xfc442703) lw      a4, -60(s0)
core   0: 3 0x000000008000fee6 (0xfc442703) x14 0x0000000000000000 mem 0x0000000080031f34
core   0: 0x000000008000feea (0x0ff77713) andi    a4, a4, 255
core   0: 3 0x000000008000feea (0x0ff77713) x14 0x0000000000000000
core   0: 0x000000008000feee (0x00e78023) sb      a4, 0(a5)
core   0: 3 0x000000008000feee (0x00e78023) mem 0x000000008001205e 0x00
core   0: 0x000000008000fef2 (0xfc843703) ld      a4, -56(s0)
core   0: 3 0x000000008000fef2 (0xfc843703) x14 0x0000000080012040 mem 0x0000000080031f38
core   0: 0x000000008000fef6 (0xfb843783) ld      a5, -72(s0)
core   0: 3 0x000000008000fef6 (0xfb843783) x15 0x000000000000009c mem 0x0000000080031f28
core   0: 0x000000008000fefa (0x000097ba) c.add   a5, a4
core   0: 3 0x000000008000fefa (0x97ba) x15 0x00000000800120dc
core   0: 0x000000008000fefc (0xfe043703) ld      a4, -32(s0)
core   0: 3 0x000000008000fefc (0xfe043703) x14 0x000000008001205f mem 0x0000000080031f50
core   0: 0x000000008000ff00 (0xfcf76de3) bltu    a4, a5, pc - 38
core   0: 3 0x000000008000ff00 (0xfcf76de3)
core   0: 0x000000008000feda (0xfe043783) ld      a5, -32(s0)
core   0: 3 0x000000008000feda (0xfe043783) x15 0x000000008001205f mem 0x0000000080031f50
core   0: 0x000000008000fede (0x00178713) addi    a4, a5, 1
core   0: 3 0x000000008000fede (0x00178713) x14 0x0000000080012060
core   0: 0x000000008000fee2 (0xfee43023) sd      a4, -32(s0)
core   0: 3 0x000000008000fee2 (0xfee43023) mem 0x0000000080031f50 0x0000000080012060
core   0: 0x000000008000fee6 (0xfc442703) lw      a4, -60(s0)
core   0: 3 0x000000008000fee6 (0xfc442703) x14 0x0000000000000000 mem 0x0000000080031f34
core   0: 0x000000008000feea (0x0ff77713) andi    a4, a4, 255
core   0: 3 0x000000008000feea (0x0ff77713) x14 0x0000000000000000
core   0: 0x000000008000feee (0x00e78023) sb      a4, 0(a5)
core   0: 3 0x000000008000feee (0x00e78023) mem 0x000000008001205f 0x00
core   0: 0x000000008000fef2 (0xfc843703) ld      a4, -56(s0)
core   0: 3 0x000000008000fef2 (0xfc843703) x14 0x0000000080012040 mem 0x0000000080031f38
core   0: 0x000000008000fef6 (0xfb843783) ld      a5, -72(s0)
core   0: 3 0x000000008000fef6 (0xfb843783) x15 0x000000000000009c mem 0x0000000080031f28
core   0: 0x000000008000fefa (0x000097ba) c.add   a5, a4
core   0: 3 0x000000008000fefa (0x97ba) x15 0x00000000800120dc
core   0: 0x000000008000fefc (0xfe043703) ld      a4, -32(s0)
core   0: 3 0x000000008000fefc (0xfe043703) x14 0x0000000080012060 mem 0x0000000080031f50
core   0: 0x000000008000ff00 (0xfcf76de3) bltu    a4, a5, pc - 38
core   0: 3 0x000000008000ff00 (0xfcf76de3)
core   0: 0x000000008000feda (0xfe043783) ld      a5, -32(s0)
core   0: 3 0x000000008000feda (0xfe043783) x15 0x0000000080012060 mem 0x0000000080031f50
core   0: 0x000000008000fede (0x00178713) addi    a4, a5, 1
core   0: 3 0x000000008000fede (0x00178713) x14 0x0000000080012061
core   0: 0x000000008000fee2 (0xfee43023) sd      a4, -32(s0)
core   0: 3 0x000000008000fee2 (0xfee43023) mem 0x0000000080031f50 0x0000000080012061
core   0: 0x000000008000fee6 (0xfc442703) lw      a4, -60(s0)
core   0: 3 0x000000008000fee6 (0xfc442703) x14 0x0000000000000000 mem 0x0000000080031f34
core   0: 0x000000008000feea (0x0ff77713) andi    a4, a4, 255
core   0: 3 0x000000008000feea (0x0ff77713) x14 0x0000000000000000
core   0: 0x000000008000feee (0x00e78023) sb      a4, 0(a5)
core   0: 3 0x000000008000feee (0x00e78023) mem 0x0000000080012060 0x00
core   0: 0x000000008000fef2 (0xfc843703) ld      a4, -56(s0)
core   0: 3 0x000000008000fef2 (0xfc843703) x14 0x0000000080012040 mem 0x0000000080031f38
core   0: 0x000000008000fef6 (0xfb843783) ld      a5, -72(s0)
core   0: 3 0x000000008000fef6 (0xfb843783) x15 0x000000000000009c mem 0x0000000080031f28
core   0: 0x000000008000fefa (0x000097ba) c.add   a5, a4
core   0: 3 0x000000008000fefa (0x97ba) x15 0x00000000800120dc
core   0: 0x000000008000fefc (0xfe043703) ld      a4, -32(s0)
core   0: 3 0x000000008000fefc (0xfe043703) x14 0x0000000080012061 mem 0x0000000080031f50
core   0: 0x000000008000ff00 (0xfcf76de3) bltu    a4, a5, pc - 38
core   0: 3 0x000000008000ff00 (0xfcf76de3)
core   0: 0x000000008000feda (0xfe043783) ld      a5, -32(s0)
core   0: 3 0x000000008000feda (0xfe043783) x15 0x0000000080012061 mem 0x0000000080031f50
core   0: 0x000000008000fede (0x00178713) addi    a4, a5, 1
core   0: 3 0x000000008000fede (0x00178713) x14 0x0000000080012062
core   0: 0x000000008000fee2 (0xfee43023) sd      a4, -32(s0)
core   0: 3 0x000000008000fee2 (0xfee43023) mem 0x0000000080031f50 0x0000000080012062
core   0: 0x000000008000fee6 (0xfc442703) lw      a4, -60(s0)
core   0: 3 0x000000008000fee6 (0xfc442703) x14 0x0000000000000000 mem 0x0000000080031f34
core   0: 0x000000008000feea (0x0ff77713) andi    a4, a4, 255
core   0: 3 0x000000008000feea (0x0ff77713) x14 0x0000000000000000
core   0: 0x000000008000feee (0x00e78023) sb      a4, 0(a5)
core   0: 3 0x000000008000feee (0x00e78023) mem 0x0000000080012061 0x00
core   0: 0x000000008000fef2 (0xfc843703) ld      a4, -56(s0)
core   0: 3 0x000000008000fef2 (0xfc843703) x14 0x0000000080012040 mem 0x0000000080031f38
core   0: 0x000000008000fef6 (0xfb843783) ld      a5, -72(s0)
core   0: 3 0x000000008000fef6 (0xfb843783) x15 0x000000000000009c mem 0x0000000080031f28
core   0: 0x000000008000fefa (0x000097ba) c.add   a5, a4
core   0: 3 0x000000008000fefa (0x97ba) x15 0x00000000800120dc
core   0: 0x000000008000fefc (0xfe043703) ld      a4, -32(s0)
core   0: 3 0x000000008000fefc (0xfe043703) x14 0x0000000080012062 mem 0x0000000080031f50
core   0: 0x000000008000ff00 (0xfcf76de3) bltu    a4, a5, pc - 38
core   0: 3 0x000000008000ff00 (0xfcf76de3)
core   0: 0x000000008000feda (0xfe043783) ld      a5, -32(s0)
core   0: 3 0x000000008000feda (0xfe043783) x15 0x0000000080012062 mem 0x0000000080031f50
core   0: 0x000000008000fede (0x00178713) addi    a4, a5, 1
core   0: 3 0x000000008000fede (0x00178713) x14 0x0000000080012063
core   0: 0x000000008000fee2 (0xfee43023) sd      a4, -32(s0)
core   0: 3 0x000000008000fee2 (0xfee43023) mem 0x0000000080031f50 0x0000000080012063
core   0: 0x000000008000fee6 (0xfc442703) lw      a4, -60(s0)
core   0: 3 0x000000008000fee6 (0xfc442703) x14 0x0000000000000000 mem 0x0000000080031f34
core   0: 0x000000008000feea (0x0ff77713) andi    a4, a4, 255
core   0: 3 0x000000008000feea (0x0ff77713) x14 0x0000000000000000
core   0: 0x000000008000feee (0x00e78023) sb      a4, 0(a5)
core   0: 3 0x000000008000feee (0x00e78023) mem 0x0000000080012062 0x00
core   0: 0x000000008000fef2 (0xfc843703) ld      a4, -56(s0)
core   0: 3 0x000000008000fef2 (0xfc843703) x14 0x0000000080012040 mem 0x0000000080031f38
core   0: 0x000000008000fef6 (0xfb843783) ld      a5, -72(s0)
core   0: 3 0x000000008000fef6 (0xfb843783) x15 0x000000000000009c mem 0x0000000080031f28
core   0: 0x000000008000fefa (0x000097ba) c.add   a5, a4
core   0: 3 0x000000008000fefa (0x97ba) x15 0x00000000800120dc
core   0: 0x000000008000fefc (0xfe043703) ld      a4, -32(s0)
core   0: 3 0x000000008000fefc (0xfe043703) x14 0x0000000080012063 mem 0x0000000080031f50
core   0: 0x000000008000ff00 (0xfcf76de3) bltu    a4, a5, pc - 38
core   0: 3 0x000000008000ff00 (0xfcf76de3)
core   0: 0x000000008000feda (0xfe043783) ld      a5, -32(s0)
core   0: 3 0x000000008000feda (0xfe043783) x15 0x0000000080012063 mem 0x0000000080031f50
core   0: 0x000000008000fede (0x00178713) addi    a4, a5, 1
core   0: 3 0x000000008000fede (0x00178713) x14 0x0000000080012064
core   0: 0x000000008000fee2 (0xfee43023) sd      a4, -32(s0)
core   0: 3 0x000000008000fee2 (0xfee43023) mem 0x0000000080031f50 0x0000000080012064
core   0: 0x000000008000fee6 (0xfc442703) lw      a4, -60(s0)
core   0: 3 0x000000008000fee6 (0xfc442703) x14 0x0000000000000000 mem 0x0000000080031f34
core   0: 0x000000008000feea (0x0ff77713) andi    a4, a4, 255
core   0: 3 0x000000008000feea (0x0ff77713) x14 0x0000000000000000
core   0: 0x000000008000feee (0x00e78023) sb      a4, 0(a5)
core   0: 3 0x000000008000feee (0x00e78023) mem 0x0000000080012063 0x00
core   0: 0x000000008000fef2 (0xfc843703) ld      a4, -56(s0)
core   0: 3 0x000000008000fef2 (0xfc843703) x14 0x0000000080012040 mem 0x0000000080031f38
core   0: 0x000000008000fef6 (0xfb843783) ld      a5, -72(s0)
core   0: 3 0x000000008000fef6 (0xfb843783) x15 0x000000000000009c mem 0x0000000080031f28
core   0: 0x000000008000fefa (0x000097ba) c.add   a5, a4
core   0: 3 0x000000008000fefa (0x97ba) x15 0x00000000800120dc
core   0: 0x000000008000fefc (0xfe043703) ld      a4, -32(s0)
core   0: 3 0x000000008000fefc (0xfe043703) x14 0x0000000080012064 mem 0x0000000080031f50
core   0: 0x000000008000ff00 (0xfcf76de3) bltu    a4, a5, pc - 38
core   0: 3 0x000000008000ff00 (0xfcf76de3)
core   0: 0x000000008000feda (0xfe043783) ld      a5, -32(s0)
core   0: 3 0x000000008000feda (0xfe043783) x15 0x0000000080012064 mem 0x0000000080031f50
core   0: 0x000000008000fede (0x00178713) addi    a4, a5, 1
core   0: 3 0x000000008000fede (0x00178713) x14 0x0000000080012065
core   0: 0x000000008000fee2 (0xfee43023) sd      a4, -32(s0)
core   0: 3 0x000000008000fee2 (0xfee43023) mem 0x0000000080031f50 0x0000000080012065
core   0: 0x000000008000fee6 (0xfc442703) lw      a4, -60(s0)
core   0: 3 0x000000008000fee6 (0xfc442703) x14 0x0000000000000000 mem 0x0000000080031f34
core   0: 0x000000008000feea (0x0ff77713) andi    a4, a4, 255
core   0: 3 0x000000008000feea (0x0ff77713) x14 0x0000000000000000
core   0: 0x000000008000feee (0x00e78023) sb      a4, 0(a5)
core   0: 3 0x000000008000feee (0x00e78023) mem 0x0000000080012064 0x00
core   0: 0x000000008000fef2 (0xfc843703) ld      a4, -56(s0)
core   0: 3 0x000000008000fef2 (0xfc843703) x14 0x0000000080012040 mem 0x0000000080031f38
core   0: 0x000000008000fef6 (0xfb843783) ld      a5, -72(s0)
core   0: 3 0x000000008000fef6 (0xfb843783) x15 0x000000000000009c mem 0x0000000080031f28
core   0: 0x000000008000fefa (0x000097ba) c.add   a5, a4
core   0: 3 0x000000008000fefa (0x97ba) x15 0x00000000800120dc
core   0: 0x000000008000fefc (0xfe043703) ld      a4, -32(s0)
core   0: 3 0x000000008000fefc (0xfe043703) x14 0x0000000080012065 mem 0x0000000080031f50
core   0: 0x000000008000ff00 (0xfcf76de3) bltu    a4, a5, pc - 38
core   0: 3 0x000000008000ff00 (0xfcf76de3)
core   0: 0x000000008000feda (0xfe043783) ld      a5, -32(s0)
core   0: 3 0x000000008000feda (0xfe043783) x15 0x0000000080012065 mem 0x0000000080031f50
core   0: 0x000000008000fede (0x00178713) addi    a4, a5, 1
core   0: 3 0x000000008000fede (0x00178713) x14 0x0000000080012066
core   0: 0x000000008000fee2 (0xfee43023) sd      a4, -32(s0)
core   0: 3 0x000000008000fee2 (0xfee43023) mem 0x0000000080031f50 0x0000000080012066
core   0: 0x000000008000fee6 (0xfc442703) lw      a4, -60(s0)
core   0: 3 0x000000008000fee6 (0xfc442703) x14 0x0000000000000000 mem 0x0000000080031f34
core   0: 0x000000008000feea (0x0ff77713) andi    a4, a4, 255
core   0: 3 0x000000008000feea (0x0ff77713) x14 0x0000000000000000
core   0: 0x000000008000feee (0x00e78023) sb      a4, 0(a5)
core   0: 3 0x000000008000feee (0x00e78023) mem 0x0000000080012065 0x00
core   0: 0x000000008000fef2 (0xfc843703) ld      a4, -56(s0)
core   0: 3 0x000000008000fef2 (0xfc843703) x14 0x0000000080012040 mem 0x0000000080031f38
core   0: 0x000000008000fef6 (0xfb843783) ld      a5, -72(s0)
core   0: 3 0x000000008000fef6 (0xfb843783) x15 0x000000000000009c mem 0x0000000080031f28
core   0: 0x000000008000fefa (0x000097ba) c.add   a5, a4
core   0: 3 0x000000008000fefa (0x97ba) x15 0x00000000800120dc
core   0: 0x000000008000fefc (0xfe043703) ld      a4, -32(s0)
core   0: 3 0x000000008000fefc (0xfe043703) x14 0x0000000080012066 mem 0x0000000080031f50
core   0: 0x000000008000ff00 (0xfcf76de3) bltu    a4, a5, pc - 38
core   0: 3 0x000000008000ff00 (0xfcf76de3)
core   0: 0x000000008000feda (0xfe043783) ld      a5, -32(s0)
core   0: 3 0x000000008000feda (0xfe043783) x15 0x0000000080012066 mem 0x0000000080031f50
core   0: 0x000000008000fede (0x00178713) addi    a4, a5, 1
core   0: 3 0x000000008000fede (0x00178713) x14 0x0000000080012067
core   0: 0x000000008000fee2 (0xfee43023) sd      a4, -32(s0)
core   0: 3 0x000000008000fee2 (0xfee43023) mem 0x0000000080031f50 0x0000000080012067
core   0: 0x000000008000fee6 (0xfc442703) lw      a4, -60(s0)
core   0: 3 0x000000008000fee6 (0xfc442703) x14 0x0000000000000000 mem 0x0000000080031f34
core   0: 0x000000008000feea (0x0ff77713) andi    a4, a4, 255
core   0: 3 0x000000008000feea (0x0ff77713) x14 0x0000000000000000
core   0: 0x000000008000feee (0x00e78023) sb      a4, 0(a5)
core   0: 3 0x000000008000feee (0x00e78023) mem 0x0000000080012066 0x00
core   0: 0x000000008000fef2 (0xfc843703) ld      a4, -56(s0)
core   0: 3 0x000000008000fef2 (0xfc843703) x14 0x0000000080012040 mem 0x0000000080031f38
core   0: 0x000000008000fef6 (0xfb843783) ld      a5, -72(s0)
core   0: 3 0x000000008000fef6 (0xfb843783) x15 0x000000000000009c mem 0x0000000080031f28
core   0: 0x000000008000fefa (0x000097ba) c.add   a5, a4
core   0: 3 0x000000008000fefa (0x97ba) x15 0x00000000800120dc
core   0: 0x000000008000fefc (0xfe043703) ld      a4, -32(s0)
core   0: 3 0x000000008000fefc (0xfe043703) x14 0x0000000080012067 mem 0x0000000080031f50
core   0: 0x000000008000ff00 (0xfcf76de3) bltu    a4, a5, pc - 38
core   0: 3 0x000000008000ff00 (0xfcf76de3)
core   0: 0x000000008000feda (0xfe043783) ld      a5, -32(s0)
core   0: 3 0x000000008000feda (0xfe043783) x15 0x0000000080012067 mem 0x0000000080031f50
core   0: 0x000000008000fede (0x00178713) addi    a4, a5, 1
core   0: 3 0x000000008000fede (0x00178713) x14 0x0000000080012068
core   0: 0x000000008000fee2 (0xfee43023) sd      a4, -32(s0)
core   0: 3 0x000000008000fee2 (0xfee43023) mem 0x0000000080031f50 0x0000000080012068
core   0: 0x000000008000fee6 (0xfc442703) lw      a4, -60(s0)
core   0: 3 0x000000008000fee6 (0xfc442703) x14 0x0000000000000000 mem 0x0000000080031f34
core   0: 0x000000008000feea (0x0ff77713) andi    a4, a4, 255
core   0: 3 0x000000008000feea (0x0ff77713) x14 0x0000000000000000
core   0: 0x000000008000feee (0x00e78023) sb      a4, 0(a5)
core   0: 3 0x000000008000feee (0x00e78023) mem 0x0000000080012067 0x00
core   0: 0x000000008000fef2 (0xfc843703) ld      a4, -56(s0)
core   0: 3 0x000000008000fef2 (0xfc843703) x14 0x0000000080012040 mem 0x0000000080031f38
core   0: 0x000000008000fef6 (0xfb843783) ld      a5, -72(s0)
core   0: 3 0x000000008000fef6 (0xfb843783) x15 0x000000000000009c mem 0x0000000080031f28
core   0: 0x000000008000fefa (0x000097ba) c.add   a5, a4
core   0: 3 0x000000008000fefa (0x97ba) x15 0x00000000800120dc
core   0: 0x000000008000fefc (0xfe043703) ld      a4, -32(s0)
core   0: 3 0x000000008000fefc (0xfe043703) x14 0x0000000080012068 mem 0x0000000080031f50
core   0: 0x000000008000ff00 (0xfcf76de3) bltu    a4, a5, pc - 38
core   0: 3 0x000000008000ff00 (0xfcf76de3)
core   0: 0x000000008000feda (0xfe043783) ld      a5, -32(s0)
core   0: 3 0x000000008000feda (0xfe043783) x15 0x0000000080012068 mem 0x0000000080031f50
core   0: 0x000000008000fede (0x00178713) addi    a4, a5, 1
core   0: 3 0x000000008000fede (0x00178713) x14 0x0000000080012069
core   0: 0x000000008000fee2 (0xfee43023) sd      a4, -32(s0)
core   0: 3 0x000000008000fee2 (0xfee43023) mem 0x0000000080031f50 0x0000000080012069
core   0: 0x000000008000fee6 (0xfc442703) lw      a4, -60(s0)
core   0: 3 0x000000008000fee6 (0xfc442703) x14 0x0000000000000000 mem 0x0000000080031f34
core   0: 0x000000008000feea (0x0ff77713) andi    a4, a4, 255
core   0: 3 0x000000008000feea (0x0ff77713) x14 0x0000000000000000
core   0: 0x000000008000feee (0x00e78023) sb      a4, 0(a5)
core   0: 3 0x000000008000feee (0x00e78023) mem 0x0000000080012068 0x00
core   0: 0x000000008000fef2 (0xfc843703) ld      a4, -56(s0)
core   0: 3 0x000000008000fef2 (0xfc843703) x14 0x0000000080012040 mem 0x0000000080031f38
core   0: 0x000000008000fef6 (0xfb843783) ld      a5, -72(s0)
core   0: 3 0x000000008000fef6 (0xfb843783) x15 0x000000000000009c mem 0x0000000080031f28
core   0: 0x000000008000fefa (0x000097ba) c.add   a5, a4
core   0: 3 0x000000008000fefa (0x97ba) x15 0x00000000800120dc
core   0: 0x000000008000fefc (0xfe043703) ld      a4, -32(s0)
core   0: 3 0x000000008000fefc (0xfe043703) x14 0x0000000080012069 mem 0x0000000080031f50
core   0: 0x000000008000ff00 (0xfcf76de3) bltu    a4, a5, pc - 38
core   0: 3 0x000000008000ff00 (0xfcf76de3)
core   0: 0x000000008000feda (0xfe043783) ld      a5, -32(s0)
core   0: 3 0x000000008000feda (0xfe043783) x15 0x0000000080012069 mem 0x0000000080031f50
core   0: 0x000000008000fede (0x00178713) addi    a4, a5, 1
core   0: 3 0x000000008000fede (0x00178713) x14 0x000000008001206a
core   0: 0x000000008000fee2 (0xfee43023) sd      a4, -32(s0)
core   0: 3 0x000000008000fee2 (0xfee43023) mem 0x0000000080031f50 0x000000008001206a
core   0: 0x000000008000fee6 (0xfc442703) lw      a4, -60(s0)
core   0: 3 0x000000008000fee6 (0xfc442703) x14 0x0000000000000000 mem 0x0000000080031f34
core   0: 0x000000008000feea (0x0ff77713) andi    a4, a4, 255
core   0: 3 0x000000008000feea (0x0ff77713) x14 0x0000000000000000
core   0: 0x000000008000feee (0x00e78023) sb      a4, 0(a5)
core   0: 3 0x000000008000feee (0x00e78023) mem 0x0000000080012069 0x00
core   0: 0x000000008000fef2 (0xfc843703) ld      a4, -56(s0)
core   0: 3 0x000000008000fef2 (0xfc843703) x14 0x0000000080012040 mem 0x0000000080031f38
core   0: 0x000000008000fef6 (0xfb843783) ld      a5, -72(s0)
core   0: 3 0x000000008000fef6 (0xfb843783) x15 0x000000000000009c mem 0x0000000080031f28
core   0: 0x000000008000fefa (0x000097ba) c.add   a5, a4
core   0: 3 0x000000008000fefa (0x97ba) x15 0x00000000800120dc
core   0: 0x000000008000fefc (0xfe043703) ld      a4, -32(s0)
core   0: 3 0x000000008000fefc (0xfe043703) x14 0x000000008001206a mem 0x0000000080031f50
core   0: 0x000000008000ff00 (0xfcf76de3) bltu    a4, a5, pc - 38
core   0: 3 0x000000008000ff00 (0xfcf76de3)
core   0: 0x000000008000feda (0xfe043783) ld      a5, -32(s0)
core   0: 3 0x000000008000feda (0xfe043783) x15 0x000000008001206a mem 0x0000000080031f50
core   0: 0x000000008000fede (0x00178713) addi    a4, a5, 1
core   0: 3 0x000000008000fede (0x00178713) x14 0x000000008001206b
core   0: 0x000000008000fee2 (0xfee43023) sd      a4, -32(s0)
core   0: 3 0x000000008000fee2 (0xfee43023) mem 0x0000000080031f50 0x000000008001206b
core   0: 0x000000008000fee6 (0xfc442703) lw      a4, -60(s0)
core   0: 3 0x000000008000fee6 (0xfc442703) x14 0x0000000000000000 mem 0x0000000080031f34
core   0: 0x000000008000feea (0x0ff77713) andi    a4, a4, 255
core   0: 3 0x000000008000feea (0x0ff77713) x14 0x0000000000000000
core   0: 0x000000008000feee (0x00e78023) sb      a4, 0(a5)
core   0: 3 0x000000008000feee (0x00e78023) mem 0x000000008001206a 0x00
core   0: 0x000000008000fef2 (0xfc843703) ld      a4, -56(s0)
core   0: 3 0x000000008000fef2 (0xfc843703) x14 0x0000000080012040 mem 0x0000000080031f38
core   0: 0x000000008000fef6 (0xfb843783) ld      a5, -72(s0)
core   0: 3 0x000000008000fef6 (0xfb843783) x15 0x000000000000009c mem 0x0000000080031f28
core   0: 0x000000008000fefa (0x000097ba) c.add   a5, a4
core   0: 3 0x000000008000fefa (0x97ba) x15 0x00000000800120dc
core   0: 0x000000008000fefc (0xfe043703) ld      a4, -32(s0)
core   0: 3 0x000000008000fefc (0xfe043703) x14 0x000000008001206b mem 0x0000000080031f50
core   0: 0x000000008000ff00 (0xfcf76de3) bltu    a4, a5, pc - 38
core   0: 3 0x000000008000ff00 (0xfcf76de3)
core   0: 0x000000008000feda (0xfe043783) ld      a5, -32(s0)
core   0: 3 0x000000008000feda (0xfe043783) x15 0x000000008001206b mem 0x0000000080031f50
core   0: 0x000000008000fede (0x00178713) addi    a4, a5, 1
core   0: 3 0x000000008000fede (0x00178713) x14 0x000000008001206c
core   0: 0x000000008000fee2 (0xfee43023) sd      a4, -32(s0)
core   0: 3 0x000000008000fee2 (0xfee43023) mem 0x0000000080031f50 0x000000008001206c
core   0: 0x000000008000fee6 (0xfc442703) lw      a4, -60(s0)
core   0: 3 0x000000008000fee6 (0xfc442703) x14 0x0000000000000000 mem 0x0000000080031f34
core   0: 0x000000008000feea (0x0ff77713) andi    a4, a4, 255
core   0: 3 0x000000008000feea (0x0ff77713) x14 0x0000000000000000
core   0: 0x000000008000feee (0x00e78023) sb      a4, 0(a5)
core   0: 3 0x000000008000feee (0x00e78023) mem 0x000000008001206b 0x00
core   0: 0x000000008000fef2 (0xfc843703) ld      a4, -56(s0)
core   0: 3 0x000000008000fef2 (0xfc843703) x14 0x0000000080012040 mem 0x0000000080031f38
core   0: 0x000000008000fef6 (0xfb843783) ld      a5, -72(s0)
core   0: 3 0x000000008000fef6 (0xfb843783) x15 0x000000000000009c mem 0x0000000080031f28
core   0: 0x000000008000fefa (0x000097ba) c.add   a5, a4
core   0: 3 0x000000008000fefa (0x97ba) x15 0x00000000800120dc
core   0: 0x000000008000fefc (0xfe043703) ld      a4, -32(s0)
core   0: 3 0x000000008000fefc (0xfe043703) x14 0x000000008001206c mem 0x0000000080031f50
core   0: 0x000000008000ff00 (0xfcf76de3) bltu    a4, a5, pc - 38
core   0: 3 0x000000008000ff00 (0xfcf76de3)
core   0: 0x000000008000feda (0xfe043783) ld      a5, -32(s0)
core   0: 3 0x000000008000feda (0xfe043783) x15 0x000000008001206c mem 0x0000000080031f50
core   0: 0x000000008000fede (0x00178713) addi    a4, a5, 1
core   0: 3 0x000000008000fede (0x00178713) x14 0x000000008001206d
core   0: 0x000000008000fee2 (0xfee43023) sd      a4, -32(s0)
core   0: 3 0x000000008000fee2 (0xfee43023) mem 0x0000000080031f50 0x000000008001206d
core   0: 0x000000008000fee6 (0xfc442703) lw      a4, -60(s0)
core   0: 3 0x000000008000fee6 (0xfc442703) x14 0x0000000000000000 mem 0x0000000080031f34
core   0: 0x000000008000feea (0x0ff77713) andi    a4, a4, 255
core   0: 3 0x000000008000feea (0x0ff77713) x14 0x0000000000000000
core   0: 0x000000008000feee (0x00e78023) sb      a4, 0(a5)
core   0: 3 0x000000008000feee (0x00e78023) mem 0x000000008001206c 0x00
core   0: 0x000000008000fef2 (0xfc843703) ld      a4, -56(s0)
core   0: 3 0x000000008000fef2 (0xfc843703) x14 0x0000000080012040 mem 0x0000000080031f38
core   0: 0x000000008000fef6 (0xfb843783) ld      a5, -72(s0)
core   0: 3 0x000000008000fef6 (0xfb843783) x15 0x000000000000009c mem 0x0000000080031f28
core   0: 0x000000008000fefa (0x000097ba) c.add   a5, a4
core   0: 3 0x000000008000fefa (0x97ba) x15 0x00000000800120dc
core   0: 0x000000008000fefc (0xfe043703) ld      a4, -32(s0)
core   0: 3 0x000000008000fefc (0xfe043703) x14 0x000000008001206d mem 0x0000000080031f50
core   0: 0x000000008000ff00 (0xfcf76de3) bltu    a4, a5, pc - 38
core   0: 3 0x000000008000ff00 (0xfcf76de3)
core   0: 0x000000008000feda (0xfe043783) ld      a5, -32(s0)
core   0: 3 0x000000008000feda (0xfe043783) x15 0x000000008001206d mem 0x0000000080031f50
core   0: 0x000000008000fede (0x00178713) addi    a4, a5, 1
core   0: 3 0x000000008000fede (0x00178713) x14 0x000000008001206e
core   0: 0x000000008000fee2 (0xfee43023) sd      a4, -32(s0)
core   0: 3 0x000000008000fee2 (0xfee43023) mem 0x0000000080031f50 0x000000008001206e
core   0: 0x000000008000fee6 (0xfc442703) lw      a4, -60(s0)
core   0: 3 0x000000008000fee6 (0xfc442703) x14 0x0000000000000000 mem 0x0000000080031f34
core   0: 0x000000008000feea (0x0ff77713) andi    a4, a4, 255
core   0: 3 0x000000008000feea (0x0ff77713) x14 0x0000000000000000
core   0: 0x000000008000feee (0x00e78023) sb      a4, 0(a5)
core   0: 3 0x000000008000feee (0x00e78023) mem 0x000000008001206d 0x00
core   0: 0x000000008000fef2 (0xfc843703) ld      a4, -56(s0)
core   0: 3 0x000000008000fef2 (0xfc843703) x14 0x0000000080012040 mem 0x0000000080031f38
core   0: 0x000000008000fef6 (0xfb843783) ld      a5, -72(s0)
core   0: 3 0x000000008000fef6 (0xfb843783) x15 0x000000000000009c mem 0x0000000080031f28
core   0: 0x000000008000fefa (0x000097ba) c.add   a5, a4
core   0: 3 0x000000008000fefa (0x97ba) x15 0x00000000800120dc
core   0: 0x000000008000fefc (0xfe043703) ld      a4, -32(s0)
core   0: 3 0x000000008000fefc (0xfe043703) x14 0x000000008001206e mem 0x0000000080031f50
core   0: 0x000000008000ff00 (0xfcf76de3) bltu    a4, a5, pc - 38
core   0: 3 0x000000008000ff00 (0xfcf76de3)
core   0: 0x000000008000feda (0xfe043783) ld      a5, -32(s0)
core   0: 3 0x000000008000feda (0xfe043783) x15 0x000000008001206e mem 0x0000000080031f50
core   0: 0x000000008000fede (0x00178713) addi    a4, a5, 1
core   0: 3 0x000000008000fede (0x00178713) x14 0x000000008001206f
core   0: 0x000000008000fee2 (0xfee43023) sd      a4, -32(s0)
core   0: 3 0x000000008000fee2 (0xfee43023) mem 0x0000000080031f50 0x000000008001206f
core   0: 0x000000008000fee6 (0xfc442703) lw      a4, -60(s0)
core   0: 3 0x000000008000fee6 (0xfc442703) x14 0x0000000000000000 mem 0x0000000080031f34
core   0: 0x000000008000feea (0x0ff77713) andi    a4, a4, 255
core   0: 3 0x000000008000feea (0x0ff77713) x14 0x0000000000000000
core   0: 0x000000008000feee (0x00e78023) sb      a4, 0(a5)
core   0: 3 0x000000008000feee (0x00e78023) mem 0x000000008001206e 0x00
core   0: 0x000000008000fef2 (0xfc843703) ld      a4, -56(s0)
core   0: 3 0x000000008000fef2 (0xfc843703) x14 0x0000000080012040 mem 0x0000000080031f38
core   0: 0x000000008000fef6 (0xfb843783) ld      a5, -72(s0)
core   0: 3 0x000000008000fef6 (0xfb843783) x15 0x000000000000009c mem 0x0000000080031f28
core   0: 0x000000008000fefa (0x000097ba) c.add   a5, a4
core   0: 3 0x000000008000fefa (0x97ba) x15 0x00000000800120dc
core   0: 0x000000008000fefc (0xfe043703) ld      a4, -32(s0)
core   0: 3 0x000000008000fefc (0xfe043703) x14 0x000000008001206f mem 0x0000000080031f50
core   0: 0x000000008000ff00 (0xfcf76de3) bltu    a4, a5, pc - 38
core   0: 3 0x000000008000ff00 (0xfcf76de3)
core   0: 0x000000008000feda (0xfe043783) ld      a5, -32(s0)
core   0: 3 0x000000008000feda (0xfe043783) x15 0x000000008001206f mem 0x0000000080031f50
core   0: 0x000000008000fede (0x00178713) addi    a4, a5, 1
core   0: 3 0x000000008000fede (0x00178713) x14 0x0000000080012070
core   0: 0x000000008000fee2 (0xfee43023) sd      a4, -32(s0)
core   0: 3 0x000000008000fee2 (0xfee43023) mem 0x0000000080031f50 0x0000000080012070
core   0: 0x000000008000fee6 (0xfc442703) lw      a4, -60(s0)
core   0: 3 0x000000008000fee6 (0xfc442703) x14 0x0000000000000000 mem 0x0000000080031f34
core   0: 0x000000008000feea (0x0ff77713) andi    a4, a4, 255
core   0: 3 0x000000008000feea (0x0ff77713) x14 0x0000000000000000
core   0: 0x000000008000feee (0x00e78023) sb      a4, 0(a5)
core   0: 3 0x000000008000feee (0x00e78023) mem 0x000000008001206f 0x00
core   0: 0x000000008000fef2 (0xfc843703) ld      a4, -56(s0)
core   0: 3 0x000000008000fef2 (0xfc843703) x14 0x0000000080012040 mem 0x0000000080031f38
core   0: 0x000000008000fef6 (0xfb843783) ld      a5, -72(s0)
core   0: 3 0x000000008000fef6 (0xfb843783) x15 0x000000000000009c mem 0x0000000080031f28
core   0: 0x000000008000fefa (0x000097ba) c.add   a5, a4
core   0: 3 0x000000008000fefa (0x97ba) x15 0x00000000800120dc
core   0: 0x000000008000fefc (0xfe043703) ld      a4, -32(s0)
core   0: 3 0x000000008000fefc (0xfe043703) x14 0x0000000080012070 mem 0x0000000080031f50
core   0: 0x000000008000ff00 (0xfcf76de3) bltu    a4, a5, pc - 38
core   0: 3 0x000000008000ff00 (0xfcf76de3)
core   0: 0x000000008000feda (0xfe043783) ld      a5, -32(s0)
core   0: 3 0x000000008000feda (0xfe043783) x15 0x0000000080012070 mem 0x0000000080031f50
core   0: 0x000000008000fede (0x00178713) addi    a4, a5, 1
core   0: 3 0x000000008000fede (0x00178713) x14 0x0000000080012071
core   0: 0x000000008000fee2 (0xfee43023) sd      a4, -32(s0)
core   0: 3 0x000000008000fee2 (0xfee43023) mem 0x0000000080031f50 0x0000000080012071
core   0: 0x000000008000fee6 (0xfc442703) lw      a4, -60(s0)
core   0: 3 0x000000008000fee6 (0xfc442703) x14 0x0000000000000000 mem 0x0000000080031f34
core   0: 0x000000008000feea (0x0ff77713) andi    a4, a4, 255
core   0: 3 0x000000008000feea (0x0ff77713) x14 0x0000000000000000
core   0: 0x000000008000feee (0x00e78023) sb      a4, 0(a5)
core   0: 3 0x000000008000feee (0x00e78023) mem 0x0000000080012070 0x00
core   0: 0x000000008000fef2 (0xfc843703) ld      a4, -56(s0)
core   0: 3 0x000000008000fef2 (0xfc843703) x14 0x0000000080012040 mem 0x0000000080031f38
core   0: 0x000000008000fef6 (0xfb843783) ld      a5, -72(s0)
core   0: 3 0x000000008000fef6 (0xfb843783) x15 0x000000000000009c mem 0x0000000080031f28
core   0: 0x000000008000fefa (0x000097ba) c.add   a5, a4
core   0: 3 0x000000008000fefa (0x97ba) x15 0x00000000800120dc
core   0: 0x000000008000fefc (0xfe043703) ld      a4, -32(s0)
core   0: 3 0x000000008000fefc (0xfe043703) x14 0x0000000080012071 mem 0x0000000080031f50
core   0: 0x000000008000ff00 (0xfcf76de3) bltu    a4, a5, pc - 38
core   0: 3 0x000000008000ff00 (0xfcf76de3)
core   0: 0x000000008000feda (0xfe043783) ld      a5, -32(s0)
core   0: 3 0x000000008000feda (0xfe043783) x15 0x0000000080012071 mem 0x0000000080031f50
core   0: 0x000000008000fede (0x00178713) addi    a4, a5, 1
core   0: 3 0x000000008000fede (0x00178713) x14 0x0000000080012072
core   0: 0x000000008000fee2 (0xfee43023) sd      a4, -32(s0)
core   0: 3 0x000000008000fee2 (0xfee43023) mem 0x0000000080031f50 0x0000000080012072
core   0: 0x000000008000fee6 (0xfc442703) lw      a4, -60(s0)
core   0: 3 0x000000008000fee6 (0xfc442703) x14 0x0000000000000000 mem 0x0000000080031f34
core   0: 0x000000008000feea (0x0ff77713) andi    a4, a4, 255
core   0: 3 0x000000008000feea (0x0ff77713) x14 0x0000000000000000
core   0: 0x000000008000feee (0x00e78023) sb      a4, 0(a5)
core   0: 3 0x000000008000feee (0x00e78023) mem 0x0000000080012071 0x00
core   0: 0x000000008000fef2 (0xfc843703) ld      a4, -56(s0)
core   0: 3 0x000000008000fef2 (0xfc843703) x14 0x0000000080012040 mem 0x0000000080031f38
core   0: 0x000000008000fef6 (0xfb843783) ld      a5, -72(s0)
core   0: 3 0x000000008000fef6 (0xfb843783) x15 0x000000000000009c mem 0x0000000080031f28
core   0: 0x000000008000fefa (0x000097ba) c.add   a5, a4
core   0: 3 0x000000008000fefa (0x97ba) x15 0x00000000800120dc
core   0: 0x000000008000fefc (0xfe043703) ld      a4, -32(s0)
core   0: 3 0x000000008000fefc (0xfe043703) x14 0x0000000080012072 mem 0x0000000080031f50
core   0: 0x000000008000ff00 (0xfcf76de3) bltu    a4, a5, pc - 38
core   0: 3 0x000000008000ff00 (0xfcf76de3)
core   0: 0x000000008000feda (0xfe043783) ld      a5, -32(s0)
core   0: 3 0x000000008000feda (0xfe043783) x15 0x0000000080012072 mem 0x0000000080031f50
core   0: 0x000000008000fede (0x00178713) addi    a4, a5, 1
core   0: 3 0x000000008000fede (0x00178713) x14 0x0000000080012073
core   0: 0x000000008000fee2 (0xfee43023) sd      a4, -32(s0)
core   0: 3 0x000000008000fee2 (0xfee43023) mem 0x0000000080031f50 0x0000000080012073
core   0: 0x000000008000fee6 (0xfc442703) lw      a4, -60(s0)
core   0: 3 0x000000008000fee6 (0xfc442703) x14 0x0000000000000000 mem 0x0000000080031f34
core   0: 0x000000008000feea (0x0ff77713) andi    a4, a4, 255
core   0: 3 0x000000008000feea (0x0ff77713) x14 0x0000000000000000
core   0: 0x000000008000feee (0x00e78023) sb      a4, 0(a5)
core   0: 3 0x000000008000feee (0x00e78023) mem 0x0000000080012072 0x00
core   0: 0x000000008000fef2 (0xfc843703) ld      a4, -56(s0)
core   0: 3 0x000000008000fef2 (0xfc843703) x14 0x0000000080012040 mem 0x0000000080031f38
core   0: 0x000000008000fef6 (0xfb843783) ld      a5, -72(s0)
core   0: 3 0x000000008000fef6 (0xfb843783) x15 0x000000000000009c mem 0x0000000080031f28
core   0: 0x000000008000fefa (0x000097ba) c.add   a5, a4
core   0: 3 0x000000008000fefa (0x97ba) x15 0x00000000800120dc
core   0: 0x000000008000fefc (0xfe043703) ld      a4, -32(s0)
core   0: 3 0x000000008000fefc (0xfe043703) x14 0x0000000080012073 mem 0x0000000080031f50
core   0: 0x000000008000ff00 (0xfcf76de3) bltu    a4, a5, pc - 38
core   0: 3 0x000000008000ff00 (0xfcf76de3)
core   0: 0x000000008000feda (0xfe043783) ld      a5, -32(s0)
core   0: 3 0x000000008000feda (0xfe043783) x15 0x0000000080012073 mem 0x0000000080031f50
core   0: 0x000000008000fede (0x00178713) addi    a4, a5, 1
core   0: 3 0x000000008000fede (0x00178713) x14 0x0000000080012074
core   0: 0x000000008000fee2 (0xfee43023) sd      a4, -32(s0)
core   0: 3 0x000000008000fee2 (0xfee43023) mem 0x0000000080031f50 0x0000000080012074
core   0: 0x000000008000fee6 (0xfc442703) lw      a4, -60(s0)
core   0: 3 0x000000008000fee6 (0xfc442703) x14 0x0000000000000000 mem 0x0000000080031f34
core   0: 0x000000008000feea (0x0ff77713) andi    a4, a4, 255
core   0: 3 0x000000008000feea (0x0ff77713) x14 0x0000000000000000
core   0: 0x000000008000feee (0x00e78023) sb      a4, 0(a5)
core   0: 3 0x000000008000feee (0x00e78023) mem 0x0000000080012073 0x00
core   0: 0x000000008000fef2 (0xfc843703) ld      a4, -56(s0)
core   0: 3 0x000000008000fef2 (0xfc843703) x14 0x0000000080012040 mem 0x0000000080031f38
core   0: 0x000000008000fef6 (0xfb843783) ld      a5, -72(s0)
core   0: 3 0x000000008000fef6 (0xfb843783) x15 0x000000000000009c mem 0x0000000080031f28
core   0: 0x000000008000fefa (0x000097ba) c.add   a5, a4
core   0: 3 0x000000008000fefa (0x97ba) x15 0x00000000800120dc
core   0: 0x000000008000fefc (0xfe043703) ld      a4, -32(s0)
core   0: 3 0x000000008000fefc (0xfe043703) x14 0x0000000080012074 mem 0x0000000080031f50
core   0: 0x000000008000ff00 (0xfcf76de3) bltu    a4, a5, pc - 38
core   0: 3 0x000000008000ff00 (0xfcf76de3)
core   0: 0x000000008000feda (0xfe043783) ld      a5, -32(s0)
core   0: 3 0x000000008000feda (0xfe043783) x15 0x0000000080012074 mem 0x0000000080031f50
core   0: 0x000000008000fede (0x00178713) addi    a4, a5, 1
core   0: 3 0x000000008000fede (0x00178713) x14 0x0000000080012075
core   0: 0x000000008000fee2 (0xfee43023) sd      a4, -32(s0)
core   0: 3 0x000000008000fee2 (0xfee43023) mem 0x0000000080031f50 0x0000000080012075
core   0: 0x000000008000fee6 (0xfc442703) lw      a4, -60(s0)
core   0: 3 0x000000008000fee6 (0xfc442703) x14 0x0000000000000000 mem 0x0000000080031f34
core   0: 0x000000008000feea (0x0ff77713) andi    a4, a4, 255
core   0: 3 0x000000008000feea (0x0ff77713) x14 0x0000000000000000
core   0: 0x000000008000feee (0x00e78023) sb      a4, 0(a5)
core   0: 3 0x000000008000feee (0x00e78023) mem 0x0000000080012074 0x00
core   0: 0x000000008000fef2 (0xfc843703) ld      a4, -56(s0)
core   0: 3 0x000000008000fef2 (0xfc843703) x14 0x0000000080012040 mem 0x0000000080031f38
core   0: 0x000000008000fef6 (0xfb843783) ld      a5, -72(s0)
core   0: 3 0x000000008000fef6 (0xfb843783) x15 0x000000000000009c mem 0x0000000080031f28
core   0: 0x000000008000fefa (0x000097ba) c.add   a5, a4
core   0: 3 0x000000008000fefa (0x97ba) x15 0x00000000800120dc
core   0: 0x000000008000fefc (0xfe043703) ld      a4, -32(s0)
core   0: 3 0x000000008000fefc (0xfe043703) x14 0x0000000080012075 mem 0x0000000080031f50
core   0: 0x000000008000ff00 (0xfcf76de3) bltu    a4, a5, pc - 38
core   0: 3 0x000000008000ff00 (0xfcf76de3)
core   0: 0x000000008000feda (0xfe043783) ld      a5, -32(s0)
core   0: 3 0x000000008000feda (0xfe043783) x15 0x0000000080012075 mem 0x0000000080031f50
core   0: 0x000000008000fede (0x00178713) addi    a4, a5, 1
core   0: 3 0x000000008000fede (0x00178713) x14 0x0000000080012076
core   0: 0x000000008000fee2 (0xfee43023) sd      a4, -32(s0)
core   0: 3 0x000000008000fee2 (0xfee43023) mem 0x0000000080031f50 0x0000000080012076
core   0: 0x000000008000fee6 (0xfc442703) lw      a4, -60(s0)
core   0: 3 0x000000008000fee6 (0xfc442703) x14 0x0000000000000000 mem 0x0000000080031f34
core   0: 0x000000008000feea (0x0ff77713) andi    a4, a4, 255
core   0: 3 0x000000008000feea (0x0ff77713) x14 0x0000000000000000
core   0: 0x000000008000feee (0x00e78023) sb      a4, 0(a5)
core   0: 3 0x000000008000feee (0x00e78023) mem 0x0000000080012075 0x00
core   0: 0x000000008000fef2 (0xfc843703) ld      a4, -56(s0)
core   0: 3 0x000000008000fef2 (0xfc843703) x14 0x0000000080012040 mem 0x0000000080031f38
core   0: 0x000000008000fef6 (0xfb843783) ld      a5, -72(s0)
core   0: 3 0x000000008000fef6 (0xfb843783) x15 0x000000000000009c mem 0x0000000080031f28
core   0: 0x000000008000fefa (0x000097ba) c.add   a5, a4
core   0: 3 0x000000008000fefa (0x97ba) x15 0x00000000800120dc
core   0: 0x000000008000fefc (0xfe043703) ld      a4, -32(s0)
core   0: 3 0x000000008000fefc (0xfe043703) x14 0x0000000080012076 mem 0x0000000080031f50
core   0: 0x000000008000ff00 (0xfcf76de3) bltu    a4, a5, pc - 38
core   0: 3 0x000000008000ff00 (0xfcf76de3)
core   0: 0x000000008000feda (0xfe043783) ld      a5, -32(s0)
core   0: 3 0x000000008000feda (0xfe043783) x15 0x0000000080012076 mem 0x0000000080031f50
core   0: 0x000000008000fede (0x00178713) addi    a4, a5, 1
core   0: 3 0x000000008000fede (0x00178713) x14 0x0000000080012077
core   0: 0x000000008000fee2 (0xfee43023) sd      a4, -32(s0)
core   0: 3 0x000000008000fee2 (0xfee43023) mem 0x0000000080031f50 0x0000000080012077
core   0: 0x000000008000fee6 (0xfc442703) lw      a4, -60(s0)
core   0: 3 0x000000008000fee6 (0xfc442703) x14 0x0000000000000000 mem 0x0000000080031f34
core   0: 0x000000008000feea (0x0ff77713) andi    a4, a4, 255
core   0: 3 0x000000008000feea (0x0ff77713) x14 0x0000000000000000
core   0: 0x000000008000feee (0x00e78023) sb      a4, 0(a5)
core   0: 3 0x000000008000feee (0x00e78023) mem 0x0000000080012076 0x00
core   0: 0x000000008000fef2 (0xfc843703) ld      a4, -56(s0)
core   0: 3 0x000000008000fef2 (0xfc843703) x14 0x0000000080012040 mem 0x0000000080031f38
core   0: 0x000000008000fef6 (0xfb843783) ld      a5, -72(s0)
core   0: 3 0x000000008000fef6 (0xfb843783) x15 0x000000000000009c mem 0x0000000080031f28
core   0: 0x000000008000fefa (0x000097ba) c.add   a5, a4
core   0: 3 0x000000008000fefa (0x97ba) x15 0x00000000800120dc
core   0: 0x000000008000fefc (0xfe043703) ld      a4, -32(s0)
core   0: 3 0x000000008000fefc (0xfe043703) x14 0x0000000080012077 mem 0x0000000080031f50
core   0: 0x000000008000ff00 (0xfcf76de3) bltu    a4, a5, pc - 38
core   0: 3 0x000000008000ff00 (0xfcf76de3)
core   0: 0x000000008000feda (0xfe043783) ld      a5, -32(s0)
core   0: 3 0x000000008000feda (0xfe043783) x15 0x0000000080012077 mem 0x0000000080031f50
core   0: 0x000000008000fede (0x00178713) addi    a4, a5, 1
core   0: 3 0x000000008000fede (0x00178713) x14 0x0000000080012078
core   0: 0x000000008000fee2 (0xfee43023) sd      a4, -32(s0)
core   0: 3 0x000000008000fee2 (0xfee43023) mem 0x0000000080031f50 0x0000000080012078
core   0: 0x000000008000fee6 (0xfc442703) lw      a4, -60(s0)
core   0: 3 0x000000008000fee6 (0xfc442703) x14 0x0000000000000000 mem 0x0000000080031f34
core   0: 0x000000008000feea (0x0ff77713) andi    a4, a4, 255
core   0: 3 0x000000008000feea (0x0ff77713) x14 0x0000000000000000
core   0: 0x000000008000feee (0x00e78023) sb      a4, 0(a5)
core   0: 3 0x000000008000feee (0x00e78023) mem 0x0000000080012077 0x00
core   0: 0x000000008000fef2 (0xfc843703) ld      a4, -56(s0)
core   0: 3 0x000000008000fef2 (0xfc843703) x14 0x0000000080012040 mem 0x0000000080031f38
core   0: 0x000000008000fef6 (0xfb843783) ld      a5, -72(s0)
core   0: 3 0x000000008000fef6 (0xfb843783) x15 0x000000000000009c mem 0x0000000080031f28
core   0: 0x000000008000fefa (0x000097ba) c.add   a5, a4
core   0: 3 0x000000008000fefa (0x97ba) x15 0x00000000800120dc
core   0: 0x000000008000fefc (0xfe043703) ld      a4, -32(s0)
core   0: 3 0x000000008000fefc (0xfe043703) x14 0x0000000080012078 mem 0x0000000080031f50
core   0: 0x000000008000ff00 (0xfcf76de3) bltu    a4, a5, pc - 38
core   0: 3 0x000000008000ff00 (0xfcf76de3)
core   0: 0x000000008000feda (0xfe043783) ld      a5, -32(s0)
core   0: 3 0x000000008000feda (0xfe043783) x15 0x0000000080012078 mem 0x0000000080031f50
core   0: 0x000000008000fede (0x00178713) addi    a4, a5, 1
core   0: 3 0x000000008000fede (0x00178713) x14 0x0000000080012079
core   0: 0x000000008000fee2 (0xfee43023) sd      a4, -32(s0)
core   0: 3 0x000000008000fee2 (0xfee43023) mem 0x0000000080031f50 0x0000000080012079
core   0: 0x000000008000fee6 (0xfc442703) lw      a4, -60(s0)
core   0: 3 0x000000008000fee6 (0xfc442703) x14 0x0000000000000000 mem 0x0000000080031f34
core   0: 0x000000008000feea (0x0ff77713) andi    a4, a4, 255
core   0: 3 0x000000008000feea (0x0ff77713) x14 0x0000000000000000
core   0: 0x000000008000feee (0x00e78023) sb      a4, 0(a5)
core   0: 3 0x000000008000feee (0x00e78023) mem 0x0000000080012078 0x00
core   0: 0x000000008000fef2 (0xfc843703) ld      a4, -56(s0)
core   0: 3 0x000000008000fef2 (0xfc843703) x14 0x0000000080012040 mem 0x0000000080031f38
core   0: 0x000000008000fef6 (0xfb843783) ld      a5, -72(s0)
core   0: 3 0x000000008000fef6 (0xfb843783) x15 0x000000000000009c mem 0x0000000080031f28
core   0: 0x000000008000fefa (0x000097ba) c.add   a5, a4
core   0: 3 0x000000008000fefa (0x97ba) x15 0x00000000800120dc
core   0: 0x000000008000fefc (0xfe043703) ld      a4, -32(s0)
core   0: 3 0x000000008000fefc (0xfe043703) x14 0x0000000080012079 mem 0x0000000080031f50
core   0: 0x000000008000ff00 (0xfcf76de3) bltu    a4, a5, pc - 38
core   0: 3 0x000000008000ff00 (0xfcf76de3)
core   0: 0x000000008000feda (0xfe043783) ld      a5, -32(s0)
core   0: 3 0x000000008000feda (0xfe043783) x15 0x0000000080012079 mem 0x0000000080031f50
core   0: 0x000000008000fede (0x00178713) addi    a4, a5, 1
core   0: 3 0x000000008000fede (0x00178713) x14 0x000000008001207a
core   0: 0x000000008000fee2 (0xfee43023) sd      a4, -32(s0)
core   0: 3 0x000000008000fee2 (0xfee43023) mem 0x0000000080031f50 0x000000008001207a
core   0: 0x000000008000fee6 (0xfc442703) lw      a4, -60(s0)
core   0: 3 0x000000008000fee6 (0xfc442703) x14 0x0000000000000000 mem 0x0000000080031f34
core   0: 0x000000008000feea (0x0ff77713) andi    a4, a4, 255
core   0: 3 0x000000008000feea (0x0ff77713) x14 0x0000000000000000
core   0: 0x000000008000feee (0x00e78023) sb      a4, 0(a5)
core   0: 3 0x000000008000feee (0x00e78023) mem 0x0000000080012079 0x00
core   0: 0x000000008000fef2 (0xfc843703) ld      a4, -56(s0)
core   0: 3 0x000000008000fef2 (0xfc843703) x14 0x0000000080012040 mem 0x0000000080031f38
core   0: 0x000000008000fef6 (0xfb843783) ld      a5, -72(s0)
core   0: 3 0x000000008000fef6 (0xfb843783) x15 0x000000000000009c mem 0x0000000080031f28
core   0: 0x000000008000fefa (0x000097ba) c.add   a5, a4
core   0: 3 0x000000008000fefa (0x97ba) x15 0x00000000800120dc
core   0: 0x000000008000fefc (0xfe043703) ld      a4, -32(s0)
core   0: 3 0x000000008000fefc (0xfe043703) x14 0x000000008001207a mem 0x0000000080031f50
core   0: 0x000000008000ff00 (0xfcf76de3) bltu    a4, a5, pc - 38
core   0: 3 0x000000008000ff00 (0xfcf76de3)
core   0: 0x000000008000feda (0xfe043783) ld      a5, -32(s0)
core   0: 3 0x000000008000feda (0xfe043783) x15 0x000000008001207a mem 0x0000000080031f50
core   0: 0x000000008000fede (0x00178713) addi    a4, a5, 1
core   0: 3 0x000000008000fede (0x00178713) x14 0x000000008001207b
core   0: 0x000000008000fee2 (0xfee43023) sd      a4, -32(s0)
core   0: 3 0x000000008000fee2 (0xfee43023) mem 0x0000000080031f50 0x000000008001207b
core   0: 0x000000008000fee6 (0xfc442703) lw      a4, -60(s0)
core   0: 3 0x000000008000fee6 (0xfc442703) x14 0x0000000000000000 mem 0x0000000080031f34
core   0: 0x000000008000feea (0x0ff77713) andi    a4, a4, 255
core   0: 3 0x000000008000feea (0x0ff77713) x14 0x0000000000000000
core   0: 0x000000008000feee (0x00e78023) sb      a4, 0(a5)
core   0: 3 0x000000008000feee (0x00e78023) mem 0x000000008001207a 0x00
core   0: 0x000000008000fef2 (0xfc843703) ld      a4, -56(s0)
core   0: 3 0x000000008000fef2 (0xfc843703) x14 0x0000000080012040 mem 0x0000000080031f38
core   0: 0x000000008000fef6 (0xfb843783) ld      a5, -72(s0)
core   0: 3 0x000000008000fef6 (0xfb843783) x15 0x000000000000009c mem 0x0000000080031f28
core   0: 0x000000008000fefa (0x000097ba) c.add   a5, a4
core   0: 3 0x000000008000fefa (0x97ba) x15 0x00000000800120dc
core   0: 0x000000008000fefc (0xfe043703) ld      a4, -32(s0)
core   0: 3 0x000000008000fefc (0xfe043703) x14 0x000000008001207b mem 0x0000000080031f50
core   0: 0x000000008000ff00 (0xfcf76de3) bltu    a4, a5, pc - 38
core   0: 3 0x000000008000ff00 (0xfcf76de3)
core   0: 0x000000008000feda (0xfe043783) ld      a5, -32(s0)
core   0: 3 0x000000008000feda (0xfe043783) x15 0x000000008001207b mem 0x0000000080031f50
core   0: 0x000000008000fede (0x00178713) addi    a4, a5, 1
core   0: 3 0x000000008000fede (0x00178713) x14 0x000000008001207c
core   0: 0x000000008000fee2 (0xfee43023) sd      a4, -32(s0)
core   0: 3 0x000000008000fee2 (0xfee43023) mem 0x0000000080031f50 0x000000008001207c
core   0: 0x000000008000fee6 (0xfc442703) lw      a4, -60(s0)
core   0: 3 0x000000008000fee6 (0xfc442703) x14 0x0000000000000000 mem 0x0000000080031f34
core   0: 0x000000008000feea (0x0ff77713) andi    a4, a4, 255
core   0: 3 0x000000008000feea (0x0ff77713) x14 0x0000000000000000
core   0: 0x000000008000feee (0x00e78023) sb      a4, 0(a5)
core   0: 3 0x000000008000feee (0x00e78023) mem 0x000000008001207b 0x00
core   0: 0x000000008000fef2 (0xfc843703) ld      a4, -56(s0)
core   0: 3 0x000000008000fef2 (0xfc843703) x14 0x0000000080012040 mem 0x0000000080031f38
core   0: 0x000000008000fef6 (0xfb843783) ld      a5, -72(s0)
core   0: 3 0x000000008000fef6 (0xfb843783) x15 0x000000000000009c mem 0x0000000080031f28
core   0: 0x000000008000fefa (0x000097ba) c.add   a5, a4
core   0: 3 0x000000008000fefa (0x97ba) x15 0x00000000800120dc
core   0: 0x000000008000fefc (0xfe043703) ld      a4, -32(s0)
core   0: 3 0x000000008000fefc (0xfe043703) x14 0x000000008001207c mem 0x0000000080031f50
core   0: 0x000000008000ff00 (0xfcf76de3) bltu    a4, a5, pc - 38
core   0: 3 0x000000008000ff00 (0xfcf76de3)
core   0: 0x000000008000feda (0xfe043783) ld      a5, -32(s0)
core   0: 3 0x000000008000feda (0xfe043783) x15 0x000000008001207c mem 0x0000000080031f50
core   0: 0x000000008000fede (0x00178713) addi    a4, a5, 1
core   0: 3 0x000000008000fede (0x00178713) x14 0x000000008001207d
core   0: 0x000000008000fee2 (0xfee43023) sd      a4, -32(s0)
core   0: 3 0x000000008000fee2 (0xfee43023) mem 0x0000000080031f50 0x000000008001207d
core   0: 0x000000008000fee6 (0xfc442703) lw      a4, -60(s0)
core   0: 3 0x000000008000fee6 (0xfc442703) x14 0x0000000000000000 mem 0x0000000080031f34
core   0: 0x000000008000feea (0x0ff77713) andi    a4, a4, 255
core   0: 3 0x000000008000feea (0x0ff77713) x14 0x0000000000000000
core   0: 0x000000008000feee (0x00e78023) sb      a4, 0(a5)
core   0: 3 0x000000008000feee (0x00e78023) mem 0x000000008001207c 0x00
core   0: 0x000000008000fef2 (0xfc843703) ld      a4, -56(s0)
core   0: 3 0x000000008000fef2 (0xfc843703) x14 0x0000000080012040 mem 0x0000000080031f38
core   0: 0x000000008000fef6 (0xfb843783) ld      a5, -72(s0)
core   0: 3 0x000000008000fef6 (0xfb843783) x15 0x000000000000009c mem 0x0000000080031f28
core   0: 0x000000008000fefa (0x000097ba) c.add   a5, a4
core   0: 3 0x000000008000fefa (0x97ba) x15 0x00000000800120dc
core   0: 0x000000008000fefc (0xfe043703) ld      a4, -32(s0)
core   0: 3 0x000000008000fefc (0xfe043703) x14 0x000000008001207d mem 0x0000000080031f50
core   0: 0x000000008000ff00 (0xfcf76de3) bltu    a4, a5, pc - 38
core   0: 3 0x000000008000ff00 (0xfcf76de3)
core   0: 0x000000008000feda (0xfe043783) ld      a5, -32(s0)
core   0: 3 0x000000008000feda (0xfe043783) x15 0x000000008001207d mem 0x0000000080031f50
core   0: 0x000000008000fede (0x00178713) addi    a4, a5, 1
core   0: 3 0x000000008000fede (0x00178713) x14 0x000000008001207e
core   0: 0x000000008000fee2 (0xfee43023) sd      a4, -32(s0)
core   0: 3 0x000000008000fee2 (0xfee43023) mem 0x0000000080031f50 0x000000008001207e
core   0: 0x000000008000fee6 (0xfc442703) lw      a4, -60(s0)
core   0: 3 0x000000008000fee6 (0xfc442703) x14 0x0000000000000000 mem 0x0000000080031f34
core   0: 0x000000008000feea (0x0ff77713) andi    a4, a4, 255
core   0: 3 0x000000008000feea (0x0ff77713) x14 0x0000000000000000
core   0: 0x000000008000feee (0x00e78023) sb      a4, 0(a5)
core   0: 3 0x000000008000feee (0x00e78023) mem 0x000000008001207d 0x00
core   0: 0x000000008000fef2 (0xfc843703) ld      a4, -56(s0)
core   0: 3 0x000000008000fef2 (0xfc843703) x14 0x0000000080012040 mem 0x0000000080031f38
core   0: 0x000000008000fef6 (0xfb843783) ld      a5, -72(s0)
core   0: 3 0x000000008000fef6 (0xfb843783) x15 0x000000000000009c mem 0x0000000080031f28
core   0: 0x000000008000fefa (0x000097ba) c.add   a5, a4
core   0: 3 0x000000008000fefa (0x97ba) x15 0x00000000800120dc
core   0: 0x000000008000fefc (0xfe043703) ld      a4, -32(s0)
core   0: 3 0x000000008000fefc (0xfe043703) x14 0x000000008001207e mem 0x0000000080031f50
core   0: 0x000000008000ff00 (0xfcf76de3) bltu    a4, a5, pc - 38
core   0: 3 0x000000008000ff00 (0xfcf76de3)
core   0: 0x000000008000feda (0xfe043783) ld      a5, -32(s0)
core   0: 3 0x000000008000feda (0xfe043783) x15 0x000000008001207e mem 0x0000000080031f50
core   0: 0x000000008000fede (0x00178713) addi    a4, a5, 1
core   0: 3 0x000000008000fede (0x00178713) x14 0x000000008001207f
core   0: 0x000000008000fee2 (0xfee43023) sd      a4, -32(s0)
core   0: 3 0x000000008000fee2 (0xfee43023) mem 0x0000000080031f50 0x000000008001207f
core   0: 0x000000008000fee6 (0xfc442703) lw      a4, -60(s0)
core   0: 3 0x000000008000fee6 (0xfc442703) x14 0x0000000000000000 mem 0x0000000080031f34
core   0: 0x000000008000feea (0x0ff77713) andi    a4, a4, 255
core   0: 3 0x000000008000feea (0x0ff77713) x14 0x0000000000000000
core   0: 0x000000008000feee (0x00e78023) sb      a4, 0(a5)
core   0: 3 0x000000008000feee (0x00e78023) mem 0x000000008001207e 0x00
core   0: 0x000000008000fef2 (0xfc843703) ld      a4, -56(s0)
core   0: 3 0x000000008000fef2 (0xfc843703) x14 0x0000000080012040 mem 0x0000000080031f38
core   0: 0x000000008000fef6 (0xfb843783) ld      a5, -72(s0)
core   0: 3 0x000000008000fef6 (0xfb843783) x15 0x000000000000009c mem 0x0000000080031f28
core   0: 0x000000008000fefa (0x000097ba) c.add   a5, a4
core   0: 3 0x000000008000fefa (0x97ba) x15 0x00000000800120dc
core   0: 0x000000008000fefc (0xfe043703) ld      a4, -32(s0)
core   0: 3 0x000000008000fefc (0xfe043703) x14 0x000000008001207f mem 0x0000000080031f50
core   0: 0x000000008000ff00 (0xfcf76de3) bltu    a4, a5, pc - 38
core   0: 3 0x000000008000ff00 (0xfcf76de3)
core   0: 0x000000008000feda (0xfe043783) ld      a5, -32(s0)
core   0: 3 0x000000008000feda (0xfe043783) x15 0x000000008001207f mem 0x0000000080031f50
core   0: 0x000000008000fede (0x00178713) addi    a4, a5, 1
core   0: 3 0x000000008000fede (0x00178713) x14 0x0000000080012080
core   0: 0x000000008000fee2 (0xfee43023) sd      a4, -32(s0)
core   0: 3 0x000000008000fee2 (0xfee43023) mem 0x0000000080031f50 0x0000000080012080
core   0: 0x000000008000fee6 (0xfc442703) lw      a4, -60(s0)
core   0: 3 0x000000008000fee6 (0xfc442703) x14 0x0000000000000000 mem 0x0000000080031f34
core   0: 0x000000008000feea (0x0ff77713) andi    a4, a4, 255
core   0: 3 0x000000008000feea (0x0ff77713) x14 0x0000000000000000
core   0: 0x000000008000feee (0x00e78023) sb      a4, 0(a5)
core   0: 3 0x000000008000feee (0x00e78023) mem 0x000000008001207f 0x00
core   0: 0x000000008000fef2 (0xfc843703) ld      a4, -56(s0)
core   0: 3 0x000000008000fef2 (0xfc843703) x14 0x0000000080012040 mem 0x0000000080031f38
core   0: 0x000000008000fef6 (0xfb843783) ld      a5, -72(s0)
core   0: 3 0x000000008000fef6 (0xfb843783) x15 0x000000000000009c mem 0x0000000080031f28
core   0: 0x000000008000fefa (0x000097ba) c.add   a5, a4
core   0: 3 0x000000008000fefa (0x97ba) x15 0x00000000800120dc
core   0: 0x000000008000fefc (0xfe043703) ld      a4, -32(s0)
core   0: 3 0x000000008000fefc (0xfe043703) x14 0x0000000080012080 mem 0x0000000080031f50
core   0: 0x000000008000ff00 (0xfcf76de3) bltu    a4, a5, pc - 38
core   0: 3 0x000000008000ff00 (0xfcf76de3)
core   0: 0x000000008000feda (0xfe043783) ld      a5, -32(s0)
core   0: 3 0x000000008000feda (0xfe043783) x15 0x0000000080012080 mem 0x0000000080031f50
core   0: 0x000000008000fede (0x00178713) addi    a4, a5, 1
core   0: 3 0x000000008000fede (0x00178713) x14 0x0000000080012081
core   0: 0x000000008000fee2 (0xfee43023) sd      a4, -32(s0)
core   0: 3 0x000000008000fee2 (0xfee43023) mem 0x0000000080031f50 0x0000000080012081
core   0: 0x000000008000fee6 (0xfc442703) lw      a4, -60(s0)
core   0: 3 0x000000008000fee6 (0xfc442703) x14 0x0000000000000000 mem 0x0000000080031f34
core   0: 0x000000008000feea (0x0ff77713) andi    a4, a4, 255
core   0: 3 0x000000008000feea (0x0ff77713) x14 0x0000000000000000
core   0: 0x000000008000feee (0x00e78023) sb      a4, 0(a5)
core   0: 3 0x000000008000feee (0x00e78023) mem 0x0000000080012080 0x00
core   0: 0x000000008000fef2 (0xfc843703) ld      a4, -56(s0)
core   0: 3 0x000000008000fef2 (0xfc843703) x14 0x0000000080012040 mem 0x0000000080031f38
core   0: 0x000000008000fef6 (0xfb843783) ld      a5, -72(s0)
core   0: 3 0x000000008000fef6 (0xfb843783) x15 0x000000000000009c mem 0x0000000080031f28
core   0: 0x000000008000fefa (0x000097ba) c.add   a5, a4
core   0: 3 0x000000008000fefa (0x97ba) x15 0x00000000800120dc
core   0: 0x000000008000fefc (0xfe043703) ld      a4, -32(s0)
core   0: 3 0x000000008000fefc (0xfe043703) x14 0x0000000080012081 mem 0x0000000080031f50
core   0: 0x000000008000ff00 (0xfcf76de3) bltu    a4, a5, pc - 38
core   0: 3 0x000000008000ff00 (0xfcf76de3)
core   0: 0x000000008000feda (0xfe043783) ld      a5, -32(s0)
core   0: 3 0x000000008000feda (0xfe043783) x15 0x0000000080012081 mem 0x0000000080031f50
core   0: 0x000000008000fede (0x00178713) addi    a4, a5, 1
core   0: 3 0x000000008000fede (0x00178713) x14 0x0000000080012082
core   0: 0x000000008000fee2 (0xfee43023) sd      a4, -32(s0)
core   0: 3 0x000000008000fee2 (0xfee43023) mem 0x0000000080031f50 0x0000000080012082
core   0: 0x000000008000fee6 (0xfc442703) lw      a4, -60(s0)
core   0: 3 0x000000008000fee6 (0xfc442703) x14 0x0000000000000000 mem 0x0000000080031f34
core   0: 0x000000008000feea (0x0ff77713) andi    a4, a4, 255
core   0: 3 0x000000008000feea (0x0ff77713) x14 0x0000000000000000
core   0: 0x000000008000feee (0x00e78023) sb      a4, 0(a5)
core   0: 3 0x000000008000feee (0x00e78023) mem 0x0000000080012081 0x00
core   0: 0x000000008000fef2 (0xfc843703) ld      a4, -56(s0)
core   0: 3 0x000000008000fef2 (0xfc843703) x14 0x0000000080012040 mem 0x0000000080031f38
core   0: 0x000000008000fef6 (0xfb843783) ld      a5, -72(s0)
core   0: 3 0x000000008000fef6 (0xfb843783) x15 0x000000000000009c mem 0x0000000080031f28
core   0: 0x000000008000fefa (0x000097ba) c.add   a5, a4
core   0: 3 0x000000008000fefa (0x97ba) x15 0x00000000800120dc
core   0: 0x000000008000fefc (0xfe043703) ld      a4, -32(s0)
core   0: 3 0x000000008000fefc (0xfe043703) x14 0x0000000080012082 mem 0x0000000080031f50
core   0: 0x000000008000ff00 (0xfcf76de3) bltu    a4, a5, pc - 38
core   0: 3 0x000000008000ff00 (0xfcf76de3)
core   0: 0x000000008000feda (0xfe043783) ld      a5, -32(s0)
core   0: 3 0x000000008000feda (0xfe043783) x15 0x0000000080012082 mem 0x0000000080031f50
core   0: 0x000000008000fede (0x00178713) addi    a4, a5, 1
core   0: 3 0x000000008000fede (0x00178713) x14 0x0000000080012083
core   0: 0x000000008000fee2 (0xfee43023) sd      a4, -32(s0)
core   0: 3 0x000000008000fee2 (0xfee43023) mem 0x0000000080031f50 0x0000000080012083
core   0: 0x000000008000fee6 (0xfc442703) lw      a4, -60(s0)
core   0: 3 0x000000008000fee6 (0xfc442703) x14 0x0000000000000000 mem 0x0000000080031f34
core   0: 0x000000008000feea (0x0ff77713) andi    a4, a4, 255
core   0: 3 0x000000008000feea (0x0ff77713) x14 0x0000000000000000
core   0: 0x000000008000feee (0x00e78023) sb      a4, 0(a5)
core   0: 3 0x000000008000feee (0x00e78023) mem 0x0000000080012082 0x00
core   0: 0x000000008000fef2 (0xfc843703) ld      a4, -56(s0)
core   0: 3 0x000000008000fef2 (0xfc843703) x14 0x0000000080012040 mem 0x0000000080031f38
core   0: 0x000000008000fef6 (0xfb843783) ld      a5, -72(s0)
core   0: 3 0x000000008000fef6 (0xfb843783) x15 0x000000000000009c mem 0x0000000080031f28
core   0: 0x000000008000fefa (0x000097ba) c.add   a5, a4
core   0: 3 0x000000008000fefa (0x97ba) x15 0x00000000800120dc
core   0: 0x000000008000fefc (0xfe043703) ld      a4, -32(s0)
core   0: 3 0x000000008000fefc (0xfe043703) x14 0x0000000080012083 mem 0x0000000080031f50
core   0: 0x000000008000ff00 (0xfcf76de3) bltu    a4, a5, pc - 38
core   0: 3 0x000000008000ff00 (0xfcf76de3)
core   0: 0x000000008000feda (0xfe043783) ld      a5, -32(s0)
core   0: 3 0x000000008000feda (0xfe043783) x15 0x0000000080012083 mem 0x0000000080031f50
core   0: 0x000000008000fede (0x00178713) addi    a4, a5, 1
core   0: 3 0x000000008000fede (0x00178713) x14 0x0000000080012084
core   0: 0x000000008000fee2 (0xfee43023) sd      a4, -32(s0)
core   0: 3 0x000000008000fee2 (0xfee43023) mem 0x0000000080031f50 0x0000000080012084
core   0: 0x000000008000fee6 (0xfc442703) lw      a4, -60(s0)
core   0: 3 0x000000008000fee6 (0xfc442703) x14 0x0000000000000000 mem 0x0000000080031f34
core   0: 0x000000008000feea (0x0ff77713) andi    a4, a4, 255
core   0: 3 0x000000008000feea (0x0ff77713) x14 0x0000000000000000
core   0: 0x000000008000feee (0x00e78023) sb      a4, 0(a5)
core   0: 3 0x000000008000feee (0x00e78023) mem 0x0000000080012083 0x00
core   0: 0x000000008000fef2 (0xfc843703) ld      a4, -56(s0)
core   0: 3 0x000000008000fef2 (0xfc843703) x14 0x0000000080012040 mem 0x0000000080031f38
core   0: 0x000000008000fef6 (0xfb843783) ld      a5, -72(s0)
core   0: 3 0x000000008000fef6 (0xfb843783) x15 0x000000000000009c mem 0x0000000080031f28
core   0: 0x000000008000fefa (0x000097ba) c.add   a5, a4
core   0: 3 0x000000008000fefa (0x97ba) x15 0x00000000800120dc
core   0: 0x000000008000fefc (0xfe043703) ld      a4, -32(s0)
core   0: 3 0x000000008000fefc (0xfe043703) x14 0x0000000080012084 mem 0x0000000080031f50
core   0: 0x000000008000ff00 (0xfcf76de3) bltu    a4, a5, pc - 38
core   0: 3 0x000000008000ff00 (0xfcf76de3)
core   0: 0x000000008000feda (0xfe043783) ld      a5, -32(s0)
core   0: 3 0x000000008000feda (0xfe043783) x15 0x0000000080012084 mem 0x0000000080031f50
core   0: 0x000000008000fede (0x00178713) addi    a4, a5, 1
core   0: 3 0x000000008000fede (0x00178713) x14 0x0000000080012085
core   0: 0x000000008000fee2 (0xfee43023) sd      a4, -32(s0)
core   0: 3 0x000000008000fee2 (0xfee43023) mem 0x0000000080031f50 0x0000000080012085
core   0: 0x000000008000fee6 (0xfc442703) lw      a4, -60(s0)
core   0: 3 0x000000008000fee6 (0xfc442703) x14 0x0000000000000000 mem 0x0000000080031f34
core   0: 0x000000008000feea (0x0ff77713) andi    a4, a4, 255
core   0: 3 0x000000008000feea (0x0ff77713) x14 0x0000000000000000
core   0: 0x000000008000feee (0x00e78023) sb      a4, 0(a5)
core   0: 3 0x000000008000feee (0x00e78023) mem 0x0000000080012084 0x00
core   0: 0x000000008000fef2 (0xfc843703) ld      a4, -56(s0)
core   0: 3 0x000000008000fef2 (0xfc843703) x14 0x0000000080012040 mem 0x0000000080031f38
core   0: 0x000000008000fef6 (0xfb843783) ld      a5, -72(s0)
core   0: 3 0x000000008000fef6 (0xfb843783) x15 0x000000000000009c mem 0x0000000080031f28
core   0: 0x000000008000fefa (0x000097ba) c.add   a5, a4
core   0: 3 0x000000008000fefa (0x97ba) x15 0x00000000800120dc
core   0: 0x000000008000fefc (0xfe043703) ld      a4, -32(s0)
core   0: 3 0x000000008000fefc (0xfe043703) x14 0x0000000080012085 mem 0x0000000080031f50
core   0: 0x000000008000ff00 (0xfcf76de3) bltu    a4, a5, pc - 38
core   0: 3 0x000000008000ff00 (0xfcf76de3)
core   0: 0x000000008000feda (0xfe043783) ld      a5, -32(s0)
core   0: 3 0x000000008000feda (0xfe043783) x15 0x0000000080012085 mem 0x0000000080031f50
core   0: 0x000000008000fede (0x00178713) addi    a4, a5, 1
core   0: 3 0x000000008000fede (0x00178713) x14 0x0000000080012086
core   0: 0x000000008000fee2 (0xfee43023) sd      a4, -32(s0)
core   0: 3 0x000000008000fee2 (0xfee43023) mem 0x0000000080031f50 0x0000000080012086
core   0: 0x000000008000fee6 (0xfc442703) lw      a4, -60(s0)
core   0: 3 0x000000008000fee6 (0xfc442703) x14 0x0000000000000000 mem 0x0000000080031f34
core   0: 0x000000008000feea (0x0ff77713) andi    a4, a4, 255
core   0: 3 0x000000008000feea (0x0ff77713) x14 0x0000000000000000
core   0: 0x000000008000feee (0x00e78023) sb      a4, 0(a5)
core   0: 3 0x000000008000feee (0x00e78023) mem 0x0000000080012085 0x00
core   0: 0x000000008000fef2 (0xfc843703) ld      a4, -56(s0)
core   0: 3 0x000000008000fef2 (0xfc843703) x14 0x0000000080012040 mem 0x0000000080031f38
core   0: 0x000000008000fef6 (0xfb843783) ld      a5, -72(s0)
core   0: 3 0x000000008000fef6 (0xfb843783) x15 0x000000000000009c mem 0x0000000080031f28
core   0: 0x000000008000fefa (0x000097ba) c.add   a5, a4
core   0: 3 0x000000008000fefa (0x97ba) x15 0x00000000800120dc
core   0: 0x000000008000fefc (0xfe043703) ld      a4, -32(s0)
core   0: 3 0x000000008000fefc (0xfe043703) x14 0x0000000080012086 mem 0x0000000080031f50
core   0: 0x000000008000ff00 (0xfcf76de3) bltu    a4, a5, pc - 38
core   0: 3 0x000000008000ff00 (0xfcf76de3)
core   0: 0x000000008000feda (0xfe043783) ld      a5, -32(s0)
core   0: 3 0x000000008000feda (0xfe043783) x15 0x0000000080012086 mem 0x0000000080031f50
core   0: 0x000000008000fede (0x00178713) addi    a4, a5, 1
core   0: 3 0x000000008000fede (0x00178713) x14 0x0000000080012087
core   0: 0x000000008000fee2 (0xfee43023) sd      a4, -32(s0)
core   0: 3 0x000000008000fee2 (0xfee43023) mem 0x0000000080031f50 0x0000000080012087
core   0: 0x000000008000fee6 (0xfc442703) lw      a4, -60(s0)
core   0: 3 0x000000008000fee6 (0xfc442703) x14 0x0000000000000000 mem 0x0000000080031f34
core   0: 0x000000008000feea (0x0ff77713) andi    a4, a4, 255
core   0: 3 0x000000008000feea (0x0ff77713) x14 0x0000000000000000
core   0: 0x000000008000feee (0x00e78023) sb      a4, 0(a5)
core   0: 3 0x000000008000feee (0x00e78023) mem 0x0000000080012086 0x00
core   0: 0x000000008000fef2 (0xfc843703) ld      a4, -56(s0)
core   0: 3 0x000000008000fef2 (0xfc843703) x14 0x0000000080012040 mem 0x0000000080031f38
core   0: 0x000000008000fef6 (0xfb843783) ld      a5, -72(s0)
core   0: 3 0x000000008000fef6 (0xfb843783) x15 0x000000000000009c mem 0x0000000080031f28
core   0: 0x000000008000fefa (0x000097ba) c.add   a5, a4
core   0: 3 0x000000008000fefa (0x97ba) x15 0x00000000800120dc
core   0: 0x000000008000fefc (0xfe043703) ld      a4, -32(s0)
core   0: 3 0x000000008000fefc (0xfe043703) x14 0x0000000080012087 mem 0x0000000080031f50
core   0: 0x000000008000ff00 (0xfcf76de3) bltu    a4, a5, pc - 38
core   0: 3 0x000000008000ff00 (0xfcf76de3)
core   0: 0x000000008000feda (0xfe043783) ld      a5, -32(s0)
core   0: 3 0x000000008000feda (0xfe043783) x15 0x0000000080012087 mem 0x0000000080031f50
core   0: 0x000000008000fede (0x00178713) addi    a4, a5, 1
core   0: 3 0x000000008000fede (0x00178713) x14 0x0000000080012088
core   0: 0x000000008000fee2 (0xfee43023) sd      a4, -32(s0)
core   0: 3 0x000000008000fee2 (0xfee43023) mem 0x0000000080031f50 0x0000000080012088
core   0: 0x000000008000fee6 (0xfc442703) lw      a4, -60(s0)
core   0: 3 0x000000008000fee6 (0xfc442703) x14 0x0000000000000000 mem 0x0000000080031f34
core   0: 0x000000008000feea (0x0ff77713) andi    a4, a4, 255
core   0: 3 0x000000008000feea (0x0ff77713) x14 0x0000000000000000
core   0: 0x000000008000feee (0x00e78023) sb      a4, 0(a5)
core   0: 3 0x000000008000feee (0x00e78023) mem 0x0000000080012087 0x00
core   0: 0x000000008000fef2 (0xfc843703) ld      a4, -56(s0)
core   0: 3 0x000000008000fef2 (0xfc843703) x14 0x0000000080012040 mem 0x0000000080031f38
core   0: 0x000000008000fef6 (0xfb843783) ld      a5, -72(s0)
core   0: 3 0x000000008000fef6 (0xfb843783) x15 0x000000000000009c mem 0x0000000080031f28
core   0: 0x000000008000fefa (0x000097ba) c.add   a5, a4
core   0: 3 0x000000008000fefa (0x97ba) x15 0x00000000800120dc
core   0: 0x000000008000fefc (0xfe043703) ld      a4, -32(s0)
core   0: 3 0x000000008000fefc (0xfe043703) x14 0x0000000080012088 mem 0x0000000080031f50
core   0: 0x000000008000ff00 (0xfcf76de3) bltu    a4, a5, pc - 38
core   0: 3 0x000000008000ff00 (0xfcf76de3)
core   0: 0x000000008000feda (0xfe043783) ld      a5, -32(s0)
core   0: 3 0x000000008000feda (0xfe043783) x15 0x0000000080012088 mem 0x0000000080031f50
core   0: 0x000000008000fede (0x00178713) addi    a4, a5, 1
core   0: 3 0x000000008000fede (0x00178713) x14 0x0000000080012089
core   0: 0x000000008000fee2 (0xfee43023) sd      a4, -32(s0)
core   0: 3 0x000000008000fee2 (0xfee43023) mem 0x0000000080031f50 0x0000000080012089
core   0: 0x000000008000fee6 (0xfc442703) lw      a4, -60(s0)
core   0: 3 0x000000008000fee6 (0xfc442703) x14 0x0000000000000000 mem 0x0000000080031f34
core   0: 0x000000008000feea (0x0ff77713) andi    a4, a4, 255
core   0: 3 0x000000008000feea (0x0ff77713) x14 0x0000000000000000
core   0: 0x000000008000feee (0x00e78023) sb      a4, 0(a5)
core   0: 3 0x000000008000feee (0x00e78023) mem 0x0000000080012088 0x00
core   0: 0x000000008000fef2 (0xfc843703) ld      a4, -56(s0)
core   0: 3 0x000000008000fef2 (0xfc843703) x14 0x0000000080012040 mem 0x0000000080031f38
core   0: 0x000000008000fef6 (0xfb843783) ld      a5, -72(s0)
core   0: 3 0x000000008000fef6 (0xfb843783) x15 0x000000000000009c mem 0x0000000080031f28
core   0: 0x000000008000fefa (0x000097ba) c.add   a5, a4
core   0: 3 0x000000008000fefa (0x97ba) x15 0x00000000800120dc
core   0: 0x000000008000fefc (0xfe043703) ld      a4, -32(s0)
core   0: 3 0x000000008000fefc (0xfe043703) x14 0x0000000080012089 mem 0x0000000080031f50
core   0: 0x000000008000ff00 (0xfcf76de3) bltu    a4, a5, pc - 38
core   0: 3 0x000000008000ff00 (0xfcf76de3)
core   0: 0x000000008000feda (0xfe043783) ld      a5, -32(s0)
core   0: 3 0x000000008000feda (0xfe043783) x15 0x0000000080012089 mem 0x0000000080031f50
core   0: 0x000000008000fede (0x00178713) addi    a4, a5, 1
core   0: 3 0x000000008000fede (0x00178713) x14 0x000000008001208a
core   0: 0x000000008000fee2 (0xfee43023) sd      a4, -32(s0)
core   0: 3 0x000000008000fee2 (0xfee43023) mem 0x0000000080031f50 0x000000008001208a
core   0: 0x000000008000fee6 (0xfc442703) lw      a4, -60(s0)
core   0: 3 0x000000008000fee6 (0xfc442703) x14 0x0000000000000000 mem 0x0000000080031f34
core   0: 0x000000008000feea (0x0ff77713) andi    a4, a4, 255
core   0: 3 0x000000008000feea (0x0ff77713) x14 0x0000000000000000
core   0: 0x000000008000feee (0x00e78023) sb      a4, 0(a5)
core   0: 3 0x000000008000feee (0x00e78023) mem 0x0000000080012089 0x00
core   0: 0x000000008000fef2 (0xfc843703) ld      a4, -56(s0)
core   0: 3 0x000000008000fef2 (0xfc843703) x14 0x0000000080012040 mem 0x0000000080031f38
core   0: 0x000000008000fef6 (0xfb843783) ld      a5, -72(s0)
core   0: 3 0x000000008000fef6 (0xfb843783) x15 0x000000000000009c mem 0x0000000080031f28
core   0: 0x000000008000fefa (0x000097ba) c.add   a5, a4
core   0: 3 0x000000008000fefa (0x97ba) x15 0x00000000800120dc
core   0: 0x000000008000fefc (0xfe043703) ld      a4, -32(s0)
core   0: 3 0x000000008000fefc (0xfe043703) x14 0x000000008001208a mem 0x0000000080031f50
core   0: 0x000000008000ff00 (0xfcf76de3) bltu    a4, a5, pc - 38
core   0: 3 0x000000008000ff00 (0xfcf76de3)
core   0: 0x000000008000feda (0xfe043783) ld      a5, -32(s0)
core   0: 3 0x000000008000feda (0xfe043783) x15 0x000000008001208a mem 0x0000000080031f50
core   0: 0x000000008000fede (0x00178713) addi    a4, a5, 1
core   0: 3 0x000000008000fede (0x00178713) x14 0x000000008001208b
core   0: 0x000000008000fee2 (0xfee43023) sd      a4, -32(s0)
core   0: 3 0x000000008000fee2 (0xfee43023) mem 0x0000000080031f50 0x000000008001208b
core   0: 0x000000008000fee6 (0xfc442703) lw      a4, -60(s0)
core   0: 3 0x000000008000fee6 (0xfc442703) x14 0x0000000000000000 mem 0x0000000080031f34
core   0: 0x000000008000feea (0x0ff77713) andi    a4, a4, 255
core   0: 3 0x000000008000feea (0x0ff77713) x14 0x0000000000000000
core   0: 0x000000008000feee (0x00e78023) sb      a4, 0(a5)
core   0: 3 0x000000008000feee (0x00e78023) mem 0x000000008001208a 0x00
core   0: 0x000000008000fef2 (0xfc843703) ld      a4, -56(s0)
core   0: 3 0x000000008000fef2 (0xfc843703) x14 0x0000000080012040 mem 0x0000000080031f38
core   0: 0x000000008000fef6 (0xfb843783) ld      a5, -72(s0)
core   0: 3 0x000000008000fef6 (0xfb843783) x15 0x000000000000009c mem 0x0000000080031f28
core   0: 0x000000008000fefa (0x000097ba) c.add   a5, a4
core   0: 3 0x000000008000fefa (0x97ba) x15 0x00000000800120dc
core   0: 0x000000008000fefc (0xfe043703) ld      a4, -32(s0)
core   0: 3 0x000000008000fefc (0xfe043703) x14 0x000000008001208b mem 0x0000000080031f50
core   0: 0x000000008000ff00 (0xfcf76de3) bltu    a4, a5, pc - 38
core   0: 3 0x000000008000ff00 (0xfcf76de3)
core   0: 0x000000008000feda (0xfe043783) ld      a5, -32(s0)
core   0: 3 0x000000008000feda (0xfe043783) x15 0x000000008001208b mem 0x0000000080031f50
core   0: 0x000000008000fede (0x00178713) addi    a4, a5, 1
core   0: 3 0x000000008000fede (0x00178713) x14 0x000000008001208c
core   0: 0x000000008000fee2 (0xfee43023) sd      a4, -32(s0)
core   0: 3 0x000000008000fee2 (0xfee43023) mem 0x0000000080031f50 0x000000008001208c
core   0: 0x000000008000fee6 (0xfc442703) lw      a4, -60(s0)
core   0: 3 0x000000008000fee6 (0xfc442703) x14 0x0000000000000000 mem 0x0000000080031f34
core   0: 0x000000008000feea (0x0ff77713) andi    a4, a4, 255
core   0: 3 0x000000008000feea (0x0ff77713) x14 0x0000000000000000
core   0: 0x000000008000feee (0x00e78023) sb      a4, 0(a5)
core   0: 3 0x000000008000feee (0x00e78023) mem 0x000000008001208b 0x00
core   0: 0x000000008000fef2 (0xfc843703) ld      a4, -56(s0)
core   0: 3 0x000000008000fef2 (0xfc843703) x14 0x0000000080012040 mem 0x0000000080031f38
core   0: 0x000000008000fef6 (0xfb843783) ld      a5, -72(s0)
core   0: 3 0x000000008000fef6 (0xfb843783) x15 0x000000000000009c mem 0x0000000080031f28
core   0: 0x000000008000fefa (0x000097ba) c.add   a5, a4
core   0: 3 0x000000008000fefa (0x97ba) x15 0x00000000800120dc
core   0: 0x000000008000fefc (0xfe043703) ld      a4, -32(s0)
core   0: 3 0x000000008000fefc (0xfe043703) x14 0x000000008001208c mem 0x0000000080031f50
core   0: 0x000000008000ff00 (0xfcf76de3) bltu    a4, a5, pc - 38
core   0: 3 0x000000008000ff00 (0xfcf76de3)
core   0: 0x000000008000feda (0xfe043783) ld      a5, -32(s0)
core   0: 3 0x000000008000feda (0xfe043783) x15 0x000000008001208c mem 0x0000000080031f50
core   0: 0x000000008000fede (0x00178713) addi    a4, a5, 1
core   0: 3 0x000000008000fede (0x00178713) x14 0x000000008001208d
core   0: 0x000000008000fee2 (0xfee43023) sd      a4, -32(s0)
core   0: 3 0x000000008000fee2 (0xfee43023) mem 0x0000000080031f50 0x000000008001208d
core   0: 0x000000008000fee6 (0xfc442703) lw      a4, -60(s0)
core   0: 3 0x000000008000fee6 (0xfc442703) x14 0x0000000000000000 mem 0x0000000080031f34
core   0: 0x000000008000feea (0x0ff77713) andi    a4, a4, 255
core   0: 3 0x000000008000feea (0x0ff77713) x14 0x0000000000000000
core   0: 0x000000008000feee (0x00e78023) sb      a4, 0(a5)
core   0: 3 0x000000008000feee (0x00e78023) mem 0x000000008001208c 0x00
core   0: 0x000000008000fef2 (0xfc843703) ld      a4, -56(s0)
core   0: 3 0x000000008000fef2 (0xfc843703) x14 0x0000000080012040 mem 0x0000000080031f38
core   0: 0x000000008000fef6 (0xfb843783) ld      a5, -72(s0)
core   0: 3 0x000000008000fef6 (0xfb843783) x15 0x000000000000009c mem 0x0000000080031f28
core   0: 0x000000008000fefa (0x000097ba) c.add   a5, a4
core   0: 3 0x000000008000fefa (0x97ba) x15 0x00000000800120dc
core   0: 0x000000008000fefc (0xfe043703) ld      a4, -32(s0)
core   0: 3 0x000000008000fefc (0xfe043703) x14 0x000000008001208d mem 0x0000000080031f50
core   0: 0x000000008000ff00 (0xfcf76de3) bltu    a4, a5, pc - 38
core   0: 3 0x000000008000ff00 (0xfcf76de3)
core   0: 0x000000008000feda (0xfe043783) ld      a5, -32(s0)
core   0: 3 0x000000008000feda (0xfe043783) x15 0x000000008001208d mem 0x0000000080031f50
core   0: 0x000000008000fede (0x00178713) addi    a4, a5, 1
core   0: 3 0x000000008000fede (0x00178713) x14 0x000000008001208e
core   0: 0x000000008000fee2 (0xfee43023) sd      a4, -32(s0)
core   0: 3 0x000000008000fee2 (0xfee43023) mem 0x0000000080031f50 0x000000008001208e
core   0: 0x000000008000fee6 (0xfc442703) lw      a4, -60(s0)
core   0: 3 0x000000008000fee6 (0xfc442703) x14 0x0000000000000000 mem 0x0000000080031f34
core   0: 0x000000008000feea (0x0ff77713) andi    a4, a4, 255
core   0: 3 0x000000008000feea (0x0ff77713) x14 0x0000000000000000
core   0: 0x000000008000feee (0x00e78023) sb      a4, 0(a5)
core   0: 3 0x000000008000feee (0x00e78023) mem 0x000000008001208d 0x00
core   0: 0x000000008000fef2 (0xfc843703) ld      a4, -56(s0)
core   0: 3 0x000000008000fef2 (0xfc843703) x14 0x0000000080012040 mem 0x0000000080031f38
core   0: 0x000000008000fef6 (0xfb843783) ld      a5, -72(s0)
core   0: 3 0x000000008000fef6 (0xfb843783) x15 0x000000000000009c mem 0x0000000080031f28
core   0: 0x000000008000fefa (0x000097ba) c.add   a5, a4
core   0: 3 0x000000008000fefa (0x97ba) x15 0x00000000800120dc
core   0: 0x000000008000fefc (0xfe043703) ld      a4, -32(s0)
core   0: 3 0x000000008000fefc (0xfe043703) x14 0x000000008001208e mem 0x0000000080031f50
core   0: 0x000000008000ff00 (0xfcf76de3) bltu    a4, a5, pc - 38
core   0: 3 0x000000008000ff00 (0xfcf76de3)
core   0: 0x000000008000feda (0xfe043783) ld      a5, -32(s0)
core   0: 3 0x000000008000feda (0xfe043783) x15 0x000000008001208e mem 0x0000000080031f50
core   0: 0x000000008000fede (0x00178713) addi    a4, a5, 1
core   0: 3 0x000000008000fede (0x00178713) x14 0x000000008001208f
core   0: 0x000000008000fee2 (0xfee43023) sd      a4, -32(s0)
core   0: 3 0x000000008000fee2 (0xfee43023) mem 0x0000000080031f50 0x000000008001208f
core   0: 0x000000008000fee6 (0xfc442703) lw      a4, -60(s0)
core   0: 3 0x000000008000fee6 (0xfc442703) x14 0x0000000000000000 mem 0x0000000080031f34
core   0: 0x000000008000feea (0x0ff77713) andi    a4, a4, 255
core   0: 3 0x000000008000feea (0x0ff77713) x14 0x0000000000000000
core   0: 0x000000008000feee (0x00e78023) sb      a4, 0(a5)
core   0: 3 0x000000008000feee (0x00e78023) mem 0x000000008001208e 0x00
core   0: 0x000000008000fef2 (0xfc843703) ld      a4, -56(s0)
core   0: 3 0x000000008000fef2 (0xfc843703) x14 0x0000000080012040 mem 0x0000000080031f38
core   0: 0x000000008000fef6 (0xfb843783) ld      a5, -72(s0)
core   0: 3 0x000000008000fef6 (0xfb843783) x15 0x000000000000009c mem 0x0000000080031f28
core   0: 0x000000008000fefa (0x000097ba) c.add   a5, a4
core   0: 3 0x000000008000fefa (0x97ba) x15 0x00000000800120dc
core   0: 0x000000008000fefc (0xfe043703) ld      a4, -32(s0)
core   0: 3 0x000000008000fefc (0xfe043703) x14 0x000000008001208f mem 0x0000000080031f50
core   0: 0x000000008000ff00 (0xfcf76de3) bltu    a4, a5, pc - 38
core   0: 3 0x000000008000ff00 (0xfcf76de3)
core   0: 0x000000008000feda (0xfe043783) ld      a5, -32(s0)
core   0: 3 0x000000008000feda (0xfe043783) x15 0x000000008001208f mem 0x0000000080031f50
core   0: 0x000000008000fede (0x00178713) addi    a4, a5, 1
core   0: 3 0x000000008000fede (0x00178713) x14 0x0000000080012090
core   0: 0x000000008000fee2 (0xfee43023) sd      a4, -32(s0)
core   0: 3 0x000000008000fee2 (0xfee43023) mem 0x0000000080031f50 0x0000000080012090
core   0: 0x000000008000fee6 (0xfc442703) lw      a4, -60(s0)
core   0: 3 0x000000008000fee6 (0xfc442703) x14 0x0000000000000000 mem 0x0000000080031f34
core   0: 0x000000008000feea (0x0ff77713) andi    a4, a4, 255
core   0: 3 0x000000008000feea (0x0ff77713) x14 0x0000000000000000
core   0: 0x000000008000feee (0x00e78023) sb      a4, 0(a5)
core   0: 3 0x000000008000feee (0x00e78023) mem 0x000000008001208f 0x00
core   0: 0x000000008000fef2 (0xfc843703) ld      a4, -56(s0)
core   0: 3 0x000000008000fef2 (0xfc843703) x14 0x0000000080012040 mem 0x0000000080031f38
core   0: 0x000000008000fef6 (0xfb843783) ld      a5, -72(s0)
core   0: 3 0x000000008000fef6 (0xfb843783) x15 0x000000000000009c mem 0x0000000080031f28
core   0: 0x000000008000fefa (0x000097ba) c.add   a5, a4
core   0: 3 0x000000008000fefa (0x97ba) x15 0x00000000800120dc
core   0: 0x000000008000fefc (0xfe043703) ld      a4, -32(s0)
core   0: 3 0x000000008000fefc (0xfe043703) x14 0x0000000080012090 mem 0x0000000080031f50
core   0: 0x000000008000ff00 (0xfcf76de3) bltu    a4, a5, pc - 38
core   0: 3 0x000000008000ff00 (0xfcf76de3)
core   0: 0x000000008000feda (0xfe043783) ld      a5, -32(s0)
core   0: 3 0x000000008000feda (0xfe043783) x15 0x0000000080012090 mem 0x0000000080031f50
core   0: 0x000000008000fede (0x00178713) addi    a4, a5, 1
core   0: 3 0x000000008000fede (0x00178713) x14 0x0000000080012091
core   0: 0x000000008000fee2 (0xfee43023) sd      a4, -32(s0)
core   0: 3 0x000000008000fee2 (0xfee43023) mem 0x0000000080031f50 0x0000000080012091
core   0: 0x000000008000fee6 (0xfc442703) lw      a4, -60(s0)
core   0: 3 0x000000008000fee6 (0xfc442703) x14 0x0000000000000000 mem 0x0000000080031f34
core   0: 0x000000008000feea (0x0ff77713) andi    a4, a4, 255
core   0: 3 0x000000008000feea (0x0ff77713) x14 0x0000000000000000
core   0: 0x000000008000feee (0x00e78023) sb      a4, 0(a5)
core   0: 3 0x000000008000feee (0x00e78023) mem 0x0000000080012090 0x00
core   0: 0x000000008000fef2 (0xfc843703) ld      a4, -56(s0)
core   0: 3 0x000000008000fef2 (0xfc843703) x14 0x0000000080012040 mem 0x0000000080031f38
core   0: 0x000000008000fef6 (0xfb843783) ld      a5, -72(s0)
core   0: 3 0x000000008000fef6 (0xfb843783) x15 0x000000000000009c mem 0x0000000080031f28
core   0: 0x000000008000fefa (0x000097ba) c.add   a5, a4
core   0: 3 0x000000008000fefa (0x97ba) x15 0x00000000800120dc
core   0: 0x000000008000fefc (0xfe043703) ld      a4, -32(s0)
core   0: 3 0x000000008000fefc (0xfe043703) x14 0x0000000080012091 mem 0x0000000080031f50
core   0: 0x000000008000ff00 (0xfcf76de3) bltu    a4, a5, pc - 38
core   0: 3 0x000000008000ff00 (0xfcf76de3)
core   0: 0x000000008000feda (0xfe043783) ld      a5, -32(s0)
core   0: 3 0x000000008000feda (0xfe043783) x15 0x0000000080012091 mem 0x0000000080031f50
core   0: 0x000000008000fede (0x00178713) addi    a4, a5, 1
core   0: 3 0x000000008000fede (0x00178713) x14 0x0000000080012092
core   0: 0x000000008000fee2 (0xfee43023) sd      a4, -32(s0)
core   0: 3 0x000000008000fee2 (0xfee43023) mem 0x0000000080031f50 0x0000000080012092
core   0: 0x000000008000fee6 (0xfc442703) lw      a4, -60(s0)
core   0: 3 0x000000008000fee6 (0xfc442703) x14 0x0000000000000000 mem 0x0000000080031f34
core   0: 0x000000008000feea (0x0ff77713) andi    a4, a4, 255
core   0: 3 0x000000008000feea (0x0ff77713) x14 0x0000000000000000
core   0: 0x000000008000feee (0x00e78023) sb      a4, 0(a5)
core   0: 3 0x000000008000feee (0x00e78023) mem 0x0000000080012091 0x00
core   0: 0x000000008000fef2 (0xfc843703) ld      a4, -56(s0)
core   0: 3 0x000000008000fef2 (0xfc843703) x14 0x0000000080012040 mem 0x0000000080031f38
core   0: 0x000000008000fef6 (0xfb843783) ld      a5, -72(s0)
core   0: 3 0x000000008000fef6 (0xfb843783) x15 0x000000000000009c mem 0x0000000080031f28
core   0: 0x000000008000fefa (0x000097ba) c.add   a5, a4
core   0: 3 0x000000008000fefa (0x97ba) x15 0x00000000800120dc
core   0: 0x000000008000fefc (0xfe043703) ld      a4, -32(s0)
core   0: 3 0x000000008000fefc (0xfe043703) x14 0x0000000080012092 mem 0x0000000080031f50
core   0: 0x000000008000ff00 (0xfcf76de3) bltu    a4, a5, pc - 38
core   0: 3 0x000000008000ff00 (0xfcf76de3)
core   0: 0x000000008000feda (0xfe043783) ld      a5, -32(s0)
core   0: 3 0x000000008000feda (0xfe043783) x15 0x0000000080012092 mem 0x0000000080031f50
core   0: 0x000000008000fede (0x00178713) addi    a4, a5, 1
core   0: 3 0x000000008000fede (0x00178713) x14 0x0000000080012093
core   0: 0x000000008000fee2 (0xfee43023) sd      a4, -32(s0)
core   0: 3 0x000000008000fee2 (0xfee43023) mem 0x0000000080031f50 0x0000000080012093
core   0: 0x000000008000fee6 (0xfc442703) lw      a4, -60(s0)
core   0: 3 0x000000008000fee6 (0xfc442703) x14 0x0000000000000000 mem 0x0000000080031f34
core   0: 0x000000008000feea (0x0ff77713) andi    a4, a4, 255
core   0: 3 0x000000008000feea (0x0ff77713) x14 0x0000000000000000
core   0: 0x000000008000feee (0x00e78023) sb      a4, 0(a5)
core   0: 3 0x000000008000feee (0x00e78023) mem 0x0000000080012092 0x00
core   0: 0x000000008000fef2 (0xfc843703) ld      a4, -56(s0)
core   0: 3 0x000000008000fef2 (0xfc843703) x14 0x0000000080012040 mem 0x0000000080031f38
core   0: 0x000000008000fef6 (0xfb843783) ld      a5, -72(s0)
core   0: 3 0x000000008000fef6 (0xfb843783) x15 0x000000000000009c mem 0x0000000080031f28
core   0: 0x000000008000fefa (0x000097ba) c.add   a5, a4
core   0: 3 0x000000008000fefa (0x97ba) x15 0x00000000800120dc
core   0: 0x000000008000fefc (0xfe043703) ld      a4, -32(s0)
core   0: 3 0x000000008000fefc (0xfe043703) x14 0x0000000080012093 mem 0x0000000080031f50
core   0: 0x000000008000ff00 (0xfcf76de3) bltu    a4, a5, pc - 38
core   0: 3 0x000000008000ff00 (0xfcf76de3)
core   0: 0x000000008000feda (0xfe043783) ld      a5, -32(s0)
core   0: 3 0x000000008000feda (0xfe043783) x15 0x0000000080012093 mem 0x0000000080031f50
core   0: 0x000000008000fede (0x00178713) addi    a4, a5, 1
core   0: 3 0x000000008000fede (0x00178713) x14 0x0000000080012094
core   0: 0x000000008000fee2 (0xfee43023) sd      a4, -32(s0)
core   0: 3 0x000000008000fee2 (0xfee43023) mem 0x0000000080031f50 0x0000000080012094
core   0: 0x000000008000fee6 (0xfc442703) lw      a4, -60(s0)
core   0: 3 0x000000008000fee6 (0xfc442703) x14 0x0000000000000000 mem 0x0000000080031f34
core   0: 0x000000008000feea (0x0ff77713) andi    a4, a4, 255
core   0: 3 0x000000008000feea (0x0ff77713) x14 0x0000000000000000
core   0: 0x000000008000feee (0x00e78023) sb      a4, 0(a5)
core   0: 3 0x000000008000feee (0x00e78023) mem 0x0000000080012093 0x00
core   0: 0x000000008000fef2 (0xfc843703) ld      a4, -56(s0)
core   0: 3 0x000000008000fef2 (0xfc843703) x14 0x0000000080012040 mem 0x0000000080031f38
core   0: 0x000000008000fef6 (0xfb843783) ld      a5, -72(s0)
core   0: 3 0x000000008000fef6 (0xfb843783) x15 0x000000000000009c mem 0x0000000080031f28
core   0: 0x000000008000fefa (0x000097ba) c.add   a5, a4
core   0: 3 0x000000008000fefa (0x97ba) x15 0x00000000800120dc
core   0: 0x000000008000fefc (0xfe043703) ld      a4, -32(s0)
core   0: 3 0x000000008000fefc (0xfe043703) x14 0x0000000080012094 mem 0x0000000080031f50
core   0: 0x000000008000ff00 (0xfcf76de3) bltu    a4, a5, pc - 38
core   0: 3 0x000000008000ff00 (0xfcf76de3)
core   0: 0x000000008000feda (0xfe043783) ld      a5, -32(s0)
core   0: 3 0x000000008000feda (0xfe043783) x15 0x0000000080012094 mem 0x0000000080031f50
core   0: 0x000000008000fede (0x00178713) addi    a4, a5, 1
core   0: 3 0x000000008000fede (0x00178713) x14 0x0000000080012095
core   0: 0x000000008000fee2 (0xfee43023) sd      a4, -32(s0)
core   0: 3 0x000000008000fee2 (0xfee43023) mem 0x0000000080031f50 0x0000000080012095
core   0: 0x000000008000fee6 (0xfc442703) lw      a4, -60(s0)
core   0: 3 0x000000008000fee6 (0xfc442703) x14 0x0000000000000000 mem 0x0000000080031f34
core   0: 0x000000008000feea (0x0ff77713) andi    a4, a4, 255
core   0: 3 0x000000008000feea (0x0ff77713) x14 0x0000000000000000
core   0: 0x000000008000feee (0x00e78023) sb      a4, 0(a5)
core   0: 3 0x000000008000feee (0x00e78023) mem 0x0000000080012094 0x00
core   0: 0x000000008000fef2 (0xfc843703) ld      a4, -56(s0)
core   0: 3 0x000000008000fef2 (0xfc843703) x14 0x0000000080012040 mem 0x0000000080031f38
core   0: 0x000000008000fef6 (0xfb843783) ld      a5, -72(s0)
core   0: 3 0x000000008000fef6 (0xfb843783) x15 0x000000000000009c mem 0x0000000080031f28
core   0: 0x000000008000fefa (0x000097ba) c.add   a5, a4
core   0: 3 0x000000008000fefa (0x97ba) x15 0x00000000800120dc
core   0: 0x000000008000fefc (0xfe043703) ld      a4, -32(s0)
core   0: 3 0x000000008000fefc (0xfe043703) x14 0x0000000080012095 mem 0x0000000080031f50
core   0: 0x000000008000ff00 (0xfcf76de3) bltu    a4, a5, pc - 38
core   0: 3 0x000000008000ff00 (0xfcf76de3)
core   0: 0x000000008000feda (0xfe043783) ld      a5, -32(s0)
core   0: 3 0x000000008000feda (0xfe043783) x15 0x0000000080012095 mem 0x0000000080031f50
core   0: 0x000000008000fede (0x00178713) addi    a4, a5, 1
core   0: 3 0x000000008000fede (0x00178713) x14 0x0000000080012096
core   0: 0x000000008000fee2 (0xfee43023) sd      a4, -32(s0)
core   0: 3 0x000000008000fee2 (0xfee43023) mem 0x0000000080031f50 0x0000000080012096
core   0: 0x000000008000fee6 (0xfc442703) lw      a4, -60(s0)
core   0: 3 0x000000008000fee6 (0xfc442703) x14 0x0000000000000000 mem 0x0000000080031f34
core   0: 0x000000008000feea (0x0ff77713) andi    a4, a4, 255
core   0: 3 0x000000008000feea (0x0ff77713) x14 0x0000000000000000
core   0: 0x000000008000feee (0x00e78023) sb      a4, 0(a5)
core   0: 3 0x000000008000feee (0x00e78023) mem 0x0000000080012095 0x00
core   0: 0x000000008000fef2 (0xfc843703) ld      a4, -56(s0)
core   0: 3 0x000000008000fef2 (0xfc843703) x14 0x0000000080012040 mem 0x0000000080031f38
core   0: 0x000000008000fef6 (0xfb843783) ld      a5, -72(s0)
core   0: 3 0x000000008000fef6 (0xfb843783) x15 0x000000000000009c mem 0x0000000080031f28
core   0: 0x000000008000fefa (0x000097ba) c.add   a5, a4
core   0: 3 0x000000008000fefa (0x97ba) x15 0x00000000800120dc
core   0: 0x000000008000fefc (0xfe043703) ld      a4, -32(s0)
core   0: 3 0x000000008000fefc (0xfe043703) x14 0x0000000080012096 mem 0x0000000080031f50
core   0: 0x000000008000ff00 (0xfcf76de3) bltu    a4, a5, pc - 38
core   0: 3 0x000000008000ff00 (0xfcf76de3)
core   0: 0x000000008000feda (0xfe043783) ld      a5, -32(s0)
core   0: 3 0x000000008000feda (0xfe043783) x15 0x0000000080012096 mem 0x0000000080031f50
core   0: 0x000000008000fede (0x00178713) addi    a4, a5, 1
core   0: 3 0x000000008000fede (0x00178713) x14 0x0000000080012097
core   0: 0x000000008000fee2 (0xfee43023) sd      a4, -32(s0)
core   0: 3 0x000000008000fee2 (0xfee43023) mem 0x0000000080031f50 0x0000000080012097
core   0: 0x000000008000fee6 (0xfc442703) lw      a4, -60(s0)
core   0: 3 0x000000008000fee6 (0xfc442703) x14 0x0000000000000000 mem 0x0000000080031f34
core   0: 0x000000008000feea (0x0ff77713) andi    a4, a4, 255
core   0: 3 0x000000008000feea (0x0ff77713) x14 0x0000000000000000
core   0: 0x000000008000feee (0x00e78023) sb      a4, 0(a5)
core   0: 3 0x000000008000feee (0x00e78023) mem 0x0000000080012096 0x00
core   0: 0x000000008000fef2 (0xfc843703) ld      a4, -56(s0)
core   0: 3 0x000000008000fef2 (0xfc843703) x14 0x0000000080012040 mem 0x0000000080031f38
core   0: 0x000000008000fef6 (0xfb843783) ld      a5, -72(s0)
core   0: 3 0x000000008000fef6 (0xfb843783) x15 0x000000000000009c mem 0x0000000080031f28
core   0: 0x000000008000fefa (0x000097ba) c.add   a5, a4
core   0: 3 0x000000008000fefa (0x97ba) x15 0x00000000800120dc
core   0: 0x000000008000fefc (0xfe043703) ld      a4, -32(s0)
core   0: 3 0x000000008000fefc (0xfe043703) x14 0x0000000080012097 mem 0x0000000080031f50
core   0: 0x000000008000ff00 (0xfcf76de3) bltu    a4, a5, pc - 38
core   0: 3 0x000000008000ff00 (0xfcf76de3)
core   0: 0x000000008000feda (0xfe043783) ld      a5, -32(s0)
core   0: 3 0x000000008000feda (0xfe043783) x15 0x0000000080012097 mem 0x0000000080031f50
core   0: 0x000000008000fede (0x00178713) addi    a4, a5, 1
core   0: 3 0x000000008000fede (0x00178713) x14 0x0000000080012098
core   0: 0x000000008000fee2 (0xfee43023) sd      a4, -32(s0)
core   0: 3 0x000000008000fee2 (0xfee43023) mem 0x0000000080031f50 0x0000000080012098
core   0: 0x000000008000fee6 (0xfc442703) lw      a4, -60(s0)
core   0: 3 0x000000008000fee6 (0xfc442703) x14 0x0000000000000000 mem 0x0000000080031f34
core   0: 0x000000008000feea (0x0ff77713) andi    a4, a4, 255
core   0: 3 0x000000008000feea (0x0ff77713) x14 0x0000000000000000
core   0: 0x000000008000feee (0x00e78023) sb      a4, 0(a5)
core   0: 3 0x000000008000feee (0x00e78023) mem 0x0000000080012097 0x00
core   0: 0x000000008000fef2 (0xfc843703) ld      a4, -56(s0)
core   0: 3 0x000000008000fef2 (0xfc843703) x14 0x0000000080012040 mem 0x0000000080031f38
core   0: 0x000000008000fef6 (0xfb843783) ld      a5, -72(s0)
core   0: 3 0x000000008000fef6 (0xfb843783) x15 0x000000000000009c mem 0x0000000080031f28
core   0: 0x000000008000fefa (0x000097ba) c.add   a5, a4
core   0: 3 0x000000008000fefa (0x97ba) x15 0x00000000800120dc
core   0: 0x000000008000fefc (0xfe043703) ld      a4, -32(s0)
core   0: 3 0x000000008000fefc (0xfe043703) x14 0x0000000080012098 mem 0x0000000080031f50
core   0: 0x000000008000ff00 (0xfcf76de3) bltu    a4, a5, pc - 38
core   0: 3 0x000000008000ff00 (0xfcf76de3)
core   0: 0x000000008000feda (0xfe043783) ld      a5, -32(s0)
core   0: 3 0x000000008000feda (0xfe043783) x15 0x0000000080012098 mem 0x0000000080031f50
core   0: 0x000000008000fede (0x00178713) addi    a4, a5, 1
core   0: 3 0x000000008000fede (0x00178713) x14 0x0000000080012099
core   0: 0x000000008000fee2 (0xfee43023) sd      a4, -32(s0)
core   0: 3 0x000000008000fee2 (0xfee43023) mem 0x0000000080031f50 0x0000000080012099
core   0: 0x000000008000fee6 (0xfc442703) lw      a4, -60(s0)
core   0: 3 0x000000008000fee6 (0xfc442703) x14 0x0000000000000000 mem 0x0000000080031f34
core   0: 0x000000008000feea (0x0ff77713) andi    a4, a4, 255
core   0: 3 0x000000008000feea (0x0ff77713) x14 0x0000000000000000
core   0: 0x000000008000feee (0x00e78023) sb      a4, 0(a5)
core   0: 3 0x000000008000feee (0x00e78023) mem 0x0000000080012098 0x00
core   0: 0x000000008000fef2 (0xfc843703) ld      a4, -56(s0)
core   0: 3 0x000000008000fef2 (0xfc843703) x14 0x0000000080012040 mem 0x0000000080031f38
core   0: 0x000000008000fef6 (0xfb843783) ld      a5, -72(s0)
core   0: 3 0x000000008000fef6 (0xfb843783) x15 0x000000000000009c mem 0x0000000080031f28
core   0: 0x000000008000fefa (0x000097ba) c.add   a5, a4
core   0: 3 0x000000008000fefa (0x97ba) x15 0x00000000800120dc
core   0: 0x000000008000fefc (0xfe043703) ld      a4, -32(s0)
core   0: 3 0x000000008000fefc (0xfe043703) x14 0x0000000080012099 mem 0x0000000080031f50
core   0: 0x000000008000ff00 (0xfcf76de3) bltu    a4, a5, pc - 38
core   0: 3 0x000000008000ff00 (0xfcf76de3)
core   0: 0x000000008000feda (0xfe043783) ld      a5, -32(s0)
core   0: 3 0x000000008000feda (0xfe043783) x15 0x0000000080012099 mem 0x0000000080031f50
core   0: 0x000000008000fede (0x00178713) addi    a4, a5, 1
core   0: 3 0x000000008000fede (0x00178713) x14 0x000000008001209a
core   0: 0x000000008000fee2 (0xfee43023) sd      a4, -32(s0)
core   0: 3 0x000000008000fee2 (0xfee43023) mem 0x0000000080031f50 0x000000008001209a
core   0: 0x000000008000fee6 (0xfc442703) lw      a4, -60(s0)
core   0: 3 0x000000008000fee6 (0xfc442703) x14 0x0000000000000000 mem 0x0000000080031f34
core   0: 0x000000008000feea (0x0ff77713) andi    a4, a4, 255
core   0: 3 0x000000008000feea (0x0ff77713) x14 0x0000000000000000
core   0: 0x000000008000feee (0x00e78023) sb      a4, 0(a5)
core   0: 3 0x000000008000feee (0x00e78023) mem 0x0000000080012099 0x00
core   0: 0x000000008000fef2 (0xfc843703) ld      a4, -56(s0)
core   0: 3 0x000000008000fef2 (0xfc843703) x14 0x0000000080012040 mem 0x0000000080031f38
core   0: 0x000000008000fef6 (0xfb843783) ld      a5, -72(s0)
core   0: 3 0x000000008000fef6 (0xfb843783) x15 0x000000000000009c mem 0x0000000080031f28
core   0: 0x000000008000fefa (0x000097ba) c.add   a5, a4
core   0: 3 0x000000008000fefa (0x97ba) x15 0x00000000800120dc
core   0: 0x000000008000fefc (0xfe043703) ld      a4, -32(s0)
core   0: 3 0x000000008000fefc (0xfe043703) x14 0x000000008001209a mem 0x0000000080031f50
core   0: 0x000000008000ff00 (0xfcf76de3) bltu    a4, a5, pc - 38
core   0: 3 0x000000008000ff00 (0xfcf76de3)
core   0: 0x000000008000feda (0xfe043783) ld      a5, -32(s0)
core   0: 3 0x000000008000feda (0xfe043783) x15 0x000000008001209a mem 0x0000000080031f50
core   0: 0x000000008000fede (0x00178713) addi    a4, a5, 1
core   0: 3 0x000000008000fede (0x00178713) x14 0x000000008001209b
core   0: 0x000000008000fee2 (0xfee43023) sd      a4, -32(s0)
core   0: 3 0x000000008000fee2 (0xfee43023) mem 0x0000000080031f50 0x000000008001209b
core   0: 0x000000008000fee6 (0xfc442703) lw      a4, -60(s0)
core   0: 3 0x000000008000fee6 (0xfc442703) x14 0x0000000000000000 mem 0x0000000080031f34
core   0: 0x000000008000feea (0x0ff77713) andi    a4, a4, 255
core   0: 3 0x000000008000feea (0x0ff77713) x14 0x0000000000000000
core   0: 0x000000008000feee (0x00e78023) sb      a4, 0(a5)
core   0: 3 0x000000008000feee (0x00e78023) mem 0x000000008001209a 0x00
core   0: 0x000000008000fef2 (0xfc843703) ld      a4, -56(s0)
core   0: 3 0x000000008000fef2 (0xfc843703) x14 0x0000000080012040 mem 0x0000000080031f38
core   0: 0x000000008000fef6 (0xfb843783) ld      a5, -72(s0)
core   0: 3 0x000000008000fef6 (0xfb843783) x15 0x000000000000009c mem 0x0000000080031f28
core   0: 0x000000008000fefa (0x000097ba) c.add   a5, a4
core   0: 3 0x000000008000fefa (0x97ba) x15 0x00000000800120dc
core   0: 0x000000008000fefc (0xfe043703) ld      a4, -32(s0)
core   0: 3 0x000000008000fefc (0xfe043703) x14 0x000000008001209b mem 0x0000000080031f50
core   0: 0x000000008000ff00 (0xfcf76de3) bltu    a4, a5, pc - 38
core   0: 3 0x000000008000ff00 (0xfcf76de3)
core   0: 0x000000008000feda (0xfe043783) ld      a5, -32(s0)
core   0: 3 0x000000008000feda (0xfe043783) x15 0x000000008001209b mem 0x0000000080031f50
core   0: 0x000000008000fede (0x00178713) addi    a4, a5, 1
core   0: 3 0x000000008000fede (0x00178713) x14 0x000000008001209c
core   0: 0x000000008000fee2 (0xfee43023) sd      a4, -32(s0)
core   0: 3 0x000000008000fee2 (0xfee43023) mem 0x0000000080031f50 0x000000008001209c
core   0: 0x000000008000fee6 (0xfc442703) lw      a4, -60(s0)
core   0: 3 0x000000008000fee6 (0xfc442703) x14 0x0000000000000000 mem 0x0000000080031f34
core   0: 0x000000008000feea (0x0ff77713) andi    a4, a4, 255
core   0: 3 0x000000008000feea (0x0ff77713) x14 0x0000000000000000
core   0: 0x000000008000feee (0x00e78023) sb      a4, 0(a5)
core   0: 3 0x000000008000feee (0x00e78023) mem 0x000000008001209b 0x00
core   0: 0x000000008000fef2 (0xfc843703) ld      a4, -56(s0)
core   0: 3 0x000000008000fef2 (0xfc843703) x14 0x0000000080012040 mem 0x0000000080031f38
core   0: 0x000000008000fef6 (0xfb843783) ld      a5, -72(s0)
core   0: 3 0x000000008000fef6 (0xfb843783) x15 0x000000000000009c mem 0x0000000080031f28
core   0: 0x000000008000fefa (0x000097ba) c.add   a5, a4
core   0: 3 0x000000008000fefa (0x97ba) x15 0x00000000800120dc
core   0: 0x000000008000fefc (0xfe043703) ld      a4, -32(s0)
core   0: 3 0x000000008000fefc (0xfe043703) x14 0x000000008001209c mem 0x0000000080031f50
core   0: 0x000000008000ff00 (0xfcf76de3) bltu    a4, a5, pc - 38
core   0: 3 0x000000008000ff00 (0xfcf76de3)
core   0: 0x000000008000feda (0xfe043783) ld      a5, -32(s0)
core   0: 3 0x000000008000feda (0xfe043783) x15 0x000000008001209c mem 0x0000000080031f50
core   0: 0x000000008000fede (0x00178713) addi    a4, a5, 1
core   0: 3 0x000000008000fede (0x00178713) x14 0x000000008001209d
core   0: 0x000000008000fee2 (0xfee43023) sd      a4, -32(s0)
core   0: 3 0x000000008000fee2 (0xfee43023) mem 0x0000000080031f50 0x000000008001209d
core   0: 0x000000008000fee6 (0xfc442703) lw      a4, -60(s0)
core   0: 3 0x000000008000fee6 (0xfc442703) x14 0x0000000000000000 mem 0x0000000080031f34
core   0: 0x000000008000feea (0x0ff77713) andi    a4, a4, 255
core   0: 3 0x000000008000feea (0x0ff77713) x14 0x0000000000000000
core   0: 0x000000008000feee (0x00e78023) sb      a4, 0(a5)
core   0: 3 0x000000008000feee (0x00e78023) mem 0x000000008001209c 0x00
core   0: 0x000000008000fef2 (0xfc843703) ld      a4, -56(s0)
core   0: 3 0x000000008000fef2 (0xfc843703) x14 0x0000000080012040 mem 0x0000000080031f38
core   0: 0x000000008000fef6 (0xfb843783) ld      a5, -72(s0)
core   0: 3 0x000000008000fef6 (0xfb843783) x15 0x000000000000009c mem 0x0000000080031f28
core   0: 0x000000008000fefa (0x000097ba) c.add   a5, a4
core   0: 3 0x000000008000fefa (0x97ba) x15 0x00000000800120dc
core   0: 0x000000008000fefc (0xfe043703) ld      a4, -32(s0)
core   0: 3 0x000000008000fefc (0xfe043703) x14 0x000000008001209d mem 0x0000000080031f50
core   0: 0x000000008000ff00 (0xfcf76de3) bltu    a4, a5, pc - 38
core   0: 3 0x000000008000ff00 (0xfcf76de3)
core   0: 0x000000008000feda (0xfe043783) ld      a5, -32(s0)
core   0: 3 0x000000008000feda (0xfe043783) x15 0x000000008001209d mem 0x0000000080031f50
core   0: 0x000000008000fede (0x00178713) addi    a4, a5, 1
core   0: 3 0x000000008000fede (0x00178713) x14 0x000000008001209e
core   0: 0x000000008000fee2 (0xfee43023) sd      a4, -32(s0)
core   0: 3 0x000000008000fee2 (0xfee43023) mem 0x0000000080031f50 0x000000008001209e
core   0: 0x000000008000fee6 (0xfc442703) lw      a4, -60(s0)
core   0: 3 0x000000008000fee6 (0xfc442703) x14 0x0000000000000000 mem 0x0000000080031f34
core   0: 0x000000008000feea (0x0ff77713) andi    a4, a4, 255
core   0: 3 0x000000008000feea (0x0ff77713) x14 0x0000000000000000
core   0: 0x000000008000feee (0x00e78023) sb      a4, 0(a5)
core   0: 3 0x000000008000feee (0x00e78023) mem 0x000000008001209d 0x00
core   0: 0x000000008000fef2 (0xfc843703) ld      a4, -56(s0)
core   0: 3 0x000000008000fef2 (0xfc843703) x14 0x0000000080012040 mem 0x0000000080031f38
core   0: 0x000000008000fef6 (0xfb843783) ld      a5, -72(s0)
core   0: 3 0x000000008000fef6 (0xfb843783) x15 0x000000000000009c mem 0x0000000080031f28
core   0: 0x000000008000fefa (0x000097ba) c.add   a5, a4
core   0: 3 0x000000008000fefa (0x97ba) x15 0x00000000800120dc
core   0: 0x000000008000fefc (0xfe043703) ld      a4, -32(s0)
core   0: 3 0x000000008000fefc (0xfe043703) x14 0x000000008001209e mem 0x0000000080031f50
core   0: 0x000000008000ff00 (0xfcf76de3) bltu    a4, a5, pc - 38
core   0: 3 0x000000008000ff00 (0xfcf76de3)
core   0: 0x000000008000feda (0xfe043783) ld      a5, -32(s0)
core   0: 3 0x000000008000feda (0xfe043783) x15 0x000000008001209e mem 0x0000000080031f50
core   0: 0x000000008000fede (0x00178713) addi    a4, a5, 1
core   0: 3 0x000000008000fede (0x00178713) x14 0x000000008001209f
core   0: 0x000000008000fee2 (0xfee43023) sd      a4, -32(s0)
core   0: 3 0x000000008000fee2 (0xfee43023) mem 0x0000000080031f50 0x000000008001209f
core   0: 0x000000008000fee6 (0xfc442703) lw      a4, -60(s0)
core   0: 3 0x000000008000fee6 (0xfc442703) x14 0x0000000000000000 mem 0x0000000080031f34
core   0: 0x000000008000feea (0x0ff77713) andi    a4, a4, 255
core   0: 3 0x000000008000feea (0x0ff77713) x14 0x0000000000000000
core   0: 0x000000008000feee (0x00e78023) sb      a4, 0(a5)
core   0: 3 0x000000008000feee (0x00e78023) mem 0x000000008001209e 0x00
core   0: 0x000000008000fef2 (0xfc843703) ld      a4, -56(s0)
core   0: 3 0x000000008000fef2 (0xfc843703) x14 0x0000000080012040 mem 0x0000000080031f38
core   0: 0x000000008000fef6 (0xfb843783) ld      a5, -72(s0)
core   0: 3 0x000000008000fef6 (0xfb843783) x15 0x000000000000009c mem 0x0000000080031f28
core   0: 0x000000008000fefa (0x000097ba) c.add   a5, a4
core   0: 3 0x000000008000fefa (0x97ba) x15 0x00000000800120dc
core   0: 0x000000008000fefc (0xfe043703) ld      a4, -32(s0)
core   0: 3 0x000000008000fefc (0xfe043703) x14 0x000000008001209f mem 0x0000000080031f50
core   0: 0x000000008000ff00 (0xfcf76de3) bltu    a4, a5, pc - 38
core   0: 3 0x000000008000ff00 (0xfcf76de3)
core   0: 0x000000008000feda (0xfe043783) ld      a5, -32(s0)
core   0: 3 0x000000008000feda (0xfe043783) x15 0x000000008001209f mem 0x0000000080031f50
core   0: 0x000000008000fede (0x00178713) addi    a4, a5, 1
core   0: 3 0x000000008000fede (0x00178713) x14 0x00000000800120a0
core   0: 0x000000008000fee2 (0xfee43023) sd      a4, -32(s0)
core   0: 3 0x000000008000fee2 (0xfee43023) mem 0x0000000080031f50 0x00000000800120a0
core   0: 0x000000008000fee6 (0xfc442703) lw      a4, -60(s0)
core   0: 3 0x000000008000fee6 (0xfc442703) x14 0x0000000000000000 mem 0x0000000080031f34
core   0: 0x000000008000feea (0x0ff77713) andi    a4, a4, 255
core   0: 3 0x000000008000feea (0x0ff77713) x14 0x0000000000000000
core   0: 0x000000008000feee (0x00e78023) sb      a4, 0(a5)
core   0: 3 0x000000008000feee (0x00e78023) mem 0x000000008001209f 0x00
core   0: 0x000000008000fef2 (0xfc843703) ld      a4, -56(s0)
core   0: 3 0x000000008000fef2 (0xfc843703) x14 0x0000000080012040 mem 0x0000000080031f38
core   0: 0x000000008000fef6 (0xfb843783) ld      a5, -72(s0)
core   0: 3 0x000000008000fef6 (0xfb843783) x15 0x000000000000009c mem 0x0000000080031f28
core   0: 0x000000008000fefa (0x000097ba) c.add   a5, a4
core   0: 3 0x000000008000fefa (0x97ba) x15 0x00000000800120dc
core   0: 0x000000008000fefc (0xfe043703) ld      a4, -32(s0)
core   0: 3 0x000000008000fefc (0xfe043703) x14 0x00000000800120a0 mem 0x0000000080031f50
core   0: 0x000000008000ff00 (0xfcf76de3) bltu    a4, a5, pc - 38
core   0: 3 0x000000008000ff00 (0xfcf76de3)
core   0: 0x000000008000feda (0xfe043783) ld      a5, -32(s0)
core   0: 3 0x000000008000feda (0xfe043783) x15 0x00000000800120a0 mem 0x0000000080031f50
core   0: 0x000000008000fede (0x00178713) addi    a4, a5, 1
core   0: 3 0x000000008000fede (0x00178713) x14 0x00000000800120a1
core   0: 0x000000008000fee2 (0xfee43023) sd      a4, -32(s0)
core   0: 3 0x000000008000fee2 (0xfee43023) mem 0x0000000080031f50 0x00000000800120a1
core   0: 0x000000008000fee6 (0xfc442703) lw      a4, -60(s0)
core   0: 3 0x000000008000fee6 (0xfc442703) x14 0x0000000000000000 mem 0x0000000080031f34
core   0: 0x000000008000feea (0x0ff77713) andi    a4, a4, 255
core   0: 3 0x000000008000feea (0x0ff77713) x14 0x0000000000000000
core   0: 0x000000008000feee (0x00e78023) sb      a4, 0(a5)
core   0: 3 0x000000008000feee (0x00e78023) mem 0x00000000800120a0 0x00
core   0: 0x000000008000fef2 (0xfc843703) ld      a4, -56(s0)
core   0: 3 0x000000008000fef2 (0xfc843703) x14 0x0000000080012040 mem 0x0000000080031f38
core   0: 0x000000008000fef6 (0xfb843783) ld      a5, -72(s0)
core   0: 3 0x000000008000fef6 (0xfb843783) x15 0x000000000000009c mem 0x0000000080031f28
core   0: 0x000000008000fefa (0x000097ba) c.add   a5, a4
core   0: 3 0x000000008000fefa (0x97ba) x15 0x00000000800120dc
core   0: 0x000000008000fefc (0xfe043703) ld      a4, -32(s0)
core   0: 3 0x000000008000fefc (0xfe043703) x14 0x00000000800120a1 mem 0x0000000080031f50
core   0: 0x000000008000ff00 (0xfcf76de3) bltu    a4, a5, pc - 38
core   0: 3 0x000000008000ff00 (0xfcf76de3)
core   0: 0x000000008000feda (0xfe043783) ld      a5, -32(s0)
core   0: 3 0x000000008000feda (0xfe043783) x15 0x00000000800120a1 mem 0x0000000080031f50
core   0: 0x000000008000fede (0x00178713) addi    a4, a5, 1
core   0: 3 0x000000008000fede (0x00178713) x14 0x00000000800120a2
core   0: 0x000000008000fee2 (0xfee43023) sd      a4, -32(s0)
core   0: 3 0x000000008000fee2 (0xfee43023) mem 0x0000000080031f50 0x00000000800120a2
core   0: 0x000000008000fee6 (0xfc442703) lw      a4, -60(s0)
core   0: 3 0x000000008000fee6 (0xfc442703) x14 0x0000000000000000 mem 0x0000000080031f34
core   0: 0x000000008000feea (0x0ff77713) andi    a4, a4, 255
core   0: 3 0x000000008000feea (0x0ff77713) x14 0x0000000000000000
core   0: 0x000000008000feee (0x00e78023) sb      a4, 0(a5)
core   0: 3 0x000000008000feee (0x00e78023) mem 0x00000000800120a1 0x00
core   0: 0x000000008000fef2 (0xfc843703) ld      a4, -56(s0)
core   0: 3 0x000000008000fef2 (0xfc843703) x14 0x0000000080012040 mem 0x0000000080031f38
core   0: 0x000000008000fef6 (0xfb843783) ld      a5, -72(s0)
core   0: 3 0x000000008000fef6 (0xfb843783) x15 0x000000000000009c mem 0x0000000080031f28
core   0: 0x000000008000fefa (0x000097ba) c.add   a5, a4
core   0: 3 0x000000008000fefa (0x97ba) x15 0x00000000800120dc
core   0: 0x000000008000fefc (0xfe043703) ld      a4, -32(s0)
core   0: 3 0x000000008000fefc (0xfe043703) x14 0x00000000800120a2 mem 0x0000000080031f50
core   0: 0x000000008000ff00 (0xfcf76de3) bltu    a4, a5, pc - 38
core   0: 3 0x000000008000ff00 (0xfcf76de3)
core   0: 0x000000008000feda (0xfe043783) ld      a5, -32(s0)
core   0: 3 0x000000008000feda (0xfe043783) x15 0x00000000800120a2 mem 0x0000000080031f50
core   0: 0x000000008000fede (0x00178713) addi    a4, a5, 1
core   0: 3 0x000000008000fede (0x00178713) x14 0x00000000800120a3
core   0: 0x000000008000fee2 (0xfee43023) sd      a4, -32(s0)
core   0: 3 0x000000008000fee2 (0xfee43023) mem 0x0000000080031f50 0x00000000800120a3
core   0: 0x000000008000fee6 (0xfc442703) lw      a4, -60(s0)
core   0: 3 0x000000008000fee6 (0xfc442703) x14 0x0000000000000000 mem 0x0000000080031f34
core   0: 0x000000008000feea (0x0ff77713) andi    a4, a4, 255
core   0: 3 0x000000008000feea (0x0ff77713) x14 0x0000000000000000
core   0: 0x000000008000feee (0x00e78023) sb      a4, 0(a5)
core   0: 3 0x000000008000feee (0x00e78023) mem 0x00000000800120a2 0x00
core   0: 0x000000008000fef2 (0xfc843703) ld      a4, -56(s0)
core   0: 3 0x000000008000fef2 (0xfc843703) x14 0x0000000080012040 mem 0x0000000080031f38
core   0: 0x000000008000fef6 (0xfb843783) ld      a5, -72(s0)
core   0: 3 0x000000008000fef6 (0xfb843783) x15 0x000000000000009c mem 0x0000000080031f28
core   0: 0x000000008000fefa (0x000097ba) c.add   a5, a4
core   0: 3 0x000000008000fefa (0x97ba) x15 0x00000000800120dc
core   0: 0x000000008000fefc (0xfe043703) ld      a4, -32(s0)
core   0: 3 0x000000008000fefc (0xfe043703) x14 0x00000000800120a3 mem 0x0000000080031f50
core   0: 0x000000008000ff00 (0xfcf76de3) bltu    a4, a5, pc - 38
core   0: 3 0x000000008000ff00 (0xfcf76de3)
core   0: 0x000000008000feda (0xfe043783) ld      a5, -32(s0)
core   0: 3 0x000000008000feda (0xfe043783) x15 0x00000000800120a3 mem 0x0000000080031f50
core   0: 0x000000008000fede (0x00178713) addi    a4, a5, 1
core   0: 3 0x000000008000fede (0x00178713) x14 0x00000000800120a4
core   0: 0x000000008000fee2 (0xfee43023) sd      a4, -32(s0)
core   0: 3 0x000000008000fee2 (0xfee43023) mem 0x0000000080031f50 0x00000000800120a4
core   0: 0x000000008000fee6 (0xfc442703) lw      a4, -60(s0)
core   0: 3 0x000000008000fee6 (0xfc442703) x14 0x0000000000000000 mem 0x0000000080031f34
core   0: 0x000000008000feea (0x0ff77713) andi    a4, a4, 255
core   0: 3 0x000000008000feea (0x0ff77713) x14 0x0000000000000000
core   0: 0x000000008000feee (0x00e78023) sb      a4, 0(a5)
core   0: 3 0x000000008000feee (0x00e78023) mem 0x00000000800120a3 0x00
core   0: 0x000000008000fef2 (0xfc843703) ld      a4, -56(s0)
core   0: 3 0x000000008000fef2 (0xfc843703) x14 0x0000000080012040 mem 0x0000000080031f38
core   0: 0x000000008000fef6 (0xfb843783) ld      a5, -72(s0)
core   0: 3 0x000000008000fef6 (0xfb843783) x15 0x000000000000009c mem 0x0000000080031f28
core   0: 0x000000008000fefa (0x000097ba) c.add   a5, a4
core   0: 3 0x000000008000fefa (0x97ba) x15 0x00000000800120dc
core   0: 0x000000008000fefc (0xfe043703) ld      a4, -32(s0)
core   0: 3 0x000000008000fefc (0xfe043703) x14 0x00000000800120a4 mem 0x0000000080031f50
core   0: 0x000000008000ff00 (0xfcf76de3) bltu    a4, a5, pc - 38
core   0: 3 0x000000008000ff00 (0xfcf76de3)
core   0: 0x000000008000feda (0xfe043783) ld      a5, -32(s0)
core   0: 3 0x000000008000feda (0xfe043783) x15 0x00000000800120a4 mem 0x0000000080031f50
core   0: 0x000000008000fede (0x00178713) addi    a4, a5, 1
core   0: 3 0x000000008000fede (0x00178713) x14 0x00000000800120a5
core   0: 0x000000008000fee2 (0xfee43023) sd      a4, -32(s0)
core   0: 3 0x000000008000fee2 (0xfee43023) mem 0x0000000080031f50 0x00000000800120a5
core   0: 0x000000008000fee6 (0xfc442703) lw      a4, -60(s0)
core   0: 3 0x000000008000fee6 (0xfc442703) x14 0x0000000000000000 mem 0x0000000080031f34
core   0: 0x000000008000feea (0x0ff77713) andi    a4, a4, 255
core   0: 3 0x000000008000feea (0x0ff77713) x14 0x0000000000000000
core   0: 0x000000008000feee (0x00e78023) sb      a4, 0(a5)
core   0: 3 0x000000008000feee (0x00e78023) mem 0x00000000800120a4 0x00
core   0: 0x000000008000fef2 (0xfc843703) ld      a4, -56(s0)
core   0: 3 0x000000008000fef2 (0xfc843703) x14 0x0000000080012040 mem 0x0000000080031f38
core   0: 0x000000008000fef6 (0xfb843783) ld      a5, -72(s0)
core   0: 3 0x000000008000fef6 (0xfb843783) x15 0x000000000000009c mem 0x0000000080031f28
core   0: 0x000000008000fefa (0x000097ba) c.add   a5, a4
core   0: 3 0x000000008000fefa (0x97ba) x15 0x00000000800120dc
core   0: 0x000000008000fefc (0xfe043703) ld      a4, -32(s0)
core   0: 3 0x000000008000fefc (0xfe043703) x14 0x00000000800120a5 mem 0x0000000080031f50
core   0: 0x000000008000ff00 (0xfcf76de3) bltu    a4, a5, pc - 38
core   0: 3 0x000000008000ff00 (0xfcf76de3)
core   0: 0x000000008000feda (0xfe043783) ld      a5, -32(s0)
core   0: 3 0x000000008000feda (0xfe043783) x15 0x00000000800120a5 mem 0x0000000080031f50
core   0: 0x000000008000fede (0x00178713) addi    a4, a5, 1
core   0: 3 0x000000008000fede (0x00178713) x14 0x00000000800120a6
core   0: 0x000000008000fee2 (0xfee43023) sd      a4, -32(s0)
core   0: 3 0x000000008000fee2 (0xfee43023) mem 0x0000000080031f50 0x00000000800120a6
core   0: 0x000000008000fee6 (0xfc442703) lw      a4, -60(s0)
core   0: 3 0x000000008000fee6 (0xfc442703) x14 0x0000000000000000 mem 0x0000000080031f34
core   0: 0x000000008000feea (0x0ff77713) andi    a4, a4, 255
core   0: 3 0x000000008000feea (0x0ff77713) x14 0x0000000000000000
core   0: 0x000000008000feee (0x00e78023) sb      a4, 0(a5)
core   0: 3 0x000000008000feee (0x00e78023) mem 0x00000000800120a5 0x00
core   0: 0x000000008000fef2 (0xfc843703) ld      a4, -56(s0)
core   0: 3 0x000000008000fef2 (0xfc843703) x14 0x0000000080012040 mem 0x0000000080031f38
core   0: 0x000000008000fef6 (0xfb843783) ld      a5, -72(s0)
core   0: 3 0x000000008000fef6 (0xfb843783) x15 0x000000000000009c mem 0x0000000080031f28
core   0: 0x000000008000fefa (0x000097ba) c.add   a5, a4
core   0: 3 0x000000008000fefa (0x97ba) x15 0x00000000800120dc
core   0: 0x000000008000fefc (0xfe043703) ld      a4, -32(s0)
core   0: 3 0x000000008000fefc (0xfe043703) x14 0x00000000800120a6 mem 0x0000000080031f50
core   0: 0x000000008000ff00 (0xfcf76de3) bltu    a4, a5, pc - 38
core   0: 3 0x000000008000ff00 (0xfcf76de3)
core   0: 0x000000008000feda (0xfe043783) ld      a5, -32(s0)
core   0: 3 0x000000008000feda (0xfe043783) x15 0x00000000800120a6 mem 0x0000000080031f50
core   0: 0x000000008000fede (0x00178713) addi    a4, a5, 1
core   0: 3 0x000000008000fede (0x00178713) x14 0x00000000800120a7
core   0: 0x000000008000fee2 (0xfee43023) sd      a4, -32(s0)
core   0: 3 0x000000008000fee2 (0xfee43023) mem 0x0000000080031f50 0x00000000800120a7
core   0: 0x000000008000fee6 (0xfc442703) lw      a4, -60(s0)
core   0: 3 0x000000008000fee6 (0xfc442703) x14 0x0000000000000000 mem 0x0000000080031f34
core   0: 0x000000008000feea (0x0ff77713) andi    a4, a4, 255
core   0: 3 0x000000008000feea (0x0ff77713) x14 0x0000000000000000
core   0: 0x000000008000feee (0x00e78023) sb      a4, 0(a5)
core   0: 3 0x000000008000feee (0x00e78023) mem 0x00000000800120a6 0x00
core   0: 0x000000008000fef2 (0xfc843703) ld      a4, -56(s0)
core   0: 3 0x000000008000fef2 (0xfc843703) x14 0x0000000080012040 mem 0x0000000080031f38
core   0: 0x000000008000fef6 (0xfb843783) ld      a5, -72(s0)
core   0: 3 0x000000008000fef6 (0xfb843783) x15 0x000000000000009c mem 0x0000000080031f28
core   0: 0x000000008000fefa (0x000097ba) c.add   a5, a4
core   0: 3 0x000000008000fefa (0x97ba) x15 0x00000000800120dc
core   0: 0x000000008000fefc (0xfe043703) ld      a4, -32(s0)
core   0: 3 0x000000008000fefc (0xfe043703) x14 0x00000000800120a7 mem 0x0000000080031f50
core   0: 0x000000008000ff00 (0xfcf76de3) bltu    a4, a5, pc - 38
core   0: 3 0x000000008000ff00 (0xfcf76de3)
core   0: 0x000000008000feda (0xfe043783) ld      a5, -32(s0)
core   0: 3 0x000000008000feda (0xfe043783) x15 0x00000000800120a7 mem 0x0000000080031f50
core   0: 0x000000008000fede (0x00178713) addi    a4, a5, 1
core   0: 3 0x000000008000fede (0x00178713) x14 0x00000000800120a8
core   0: 0x000000008000fee2 (0xfee43023) sd      a4, -32(s0)
core   0: 3 0x000000008000fee2 (0xfee43023) mem 0x0000000080031f50 0x00000000800120a8
core   0: 0x000000008000fee6 (0xfc442703) lw      a4, -60(s0)
core   0: 3 0x000000008000fee6 (0xfc442703) x14 0x0000000000000000 mem 0x0000000080031f34
core   0: 0x000000008000feea (0x0ff77713) andi    a4, a4, 255
core   0: 3 0x000000008000feea (0x0ff77713) x14 0x0000000000000000
core   0: 0x000000008000feee (0x00e78023) sb      a4, 0(a5)
core   0: 3 0x000000008000feee (0x00e78023) mem 0x00000000800120a7 0x00
core   0: 0x000000008000fef2 (0xfc843703) ld      a4, -56(s0)
core   0: 3 0x000000008000fef2 (0xfc843703) x14 0x0000000080012040 mem 0x0000000080031f38
core   0: 0x000000008000fef6 (0xfb843783) ld      a5, -72(s0)
core   0: 3 0x000000008000fef6 (0xfb843783) x15 0x000000000000009c mem 0x0000000080031f28
core   0: 0x000000008000fefa (0x000097ba) c.add   a5, a4
core   0: 3 0x000000008000fefa (0x97ba) x15 0x00000000800120dc
core   0: 0x000000008000fefc (0xfe043703) ld      a4, -32(s0)
core   0: 3 0x000000008000fefc (0xfe043703) x14 0x00000000800120a8 mem 0x0000000080031f50
core   0: 0x000000008000ff00 (0xfcf76de3) bltu    a4, a5, pc - 38
core   0: 3 0x000000008000ff00 (0xfcf76de3)
core   0: 0x000000008000feda (0xfe043783) ld      a5, -32(s0)
core   0: 3 0x000000008000feda (0xfe043783) x15 0x00000000800120a8 mem 0x0000000080031f50
core   0: 0x000000008000fede (0x00178713) addi    a4, a5, 1
core   0: 3 0x000000008000fede (0x00178713) x14 0x00000000800120a9
core   0: 0x000000008000fee2 (0xfee43023) sd      a4, -32(s0)
core   0: 3 0x000000008000fee2 (0xfee43023) mem 0x0000000080031f50 0x00000000800120a9
core   0: 0x000000008000fee6 (0xfc442703) lw      a4, -60(s0)
core   0: 3 0x000000008000fee6 (0xfc442703) x14 0x0000000000000000 mem 0x0000000080031f34
core   0: 0x000000008000feea (0x0ff77713) andi    a4, a4, 255
core   0: 3 0x000000008000feea (0x0ff77713) x14 0x0000000000000000
core   0: 0x000000008000feee (0x00e78023) sb      a4, 0(a5)
core   0: 3 0x000000008000feee (0x00e78023) mem 0x00000000800120a8 0x00
core   0: 0x000000008000fef2 (0xfc843703) ld      a4, -56(s0)
core   0: 3 0x000000008000fef2 (0xfc843703) x14 0x0000000080012040 mem 0x0000000080031f38
core   0: 0x000000008000fef6 (0xfb843783) ld      a5, -72(s0)
core   0: 3 0x000000008000fef6 (0xfb843783) x15 0x000000000000009c mem 0x0000000080031f28
core   0: 0x000000008000fefa (0x000097ba) c.add   a5, a4
core   0: 3 0x000000008000fefa (0x97ba) x15 0x00000000800120dc
core   0: 0x000000008000fefc (0xfe043703) ld      a4, -32(s0)
core   0: 3 0x000000008000fefc (0xfe043703) x14 0x00000000800120a9 mem 0x0000000080031f50
core   0: 0x000000008000ff00 (0xfcf76de3) bltu    a4, a5, pc - 38
core   0: 3 0x000000008000ff00 (0xfcf76de3)
core   0: 0x000000008000feda (0xfe043783) ld      a5, -32(s0)
core   0: 3 0x000000008000feda (0xfe043783) x15 0x00000000800120a9 mem 0x0000000080031f50
core   0: 0x000000008000fede (0x00178713) addi    a4, a5, 1
core   0: 3 0x000000008000fede (0x00178713) x14 0x00000000800120aa
core   0: 0x000000008000fee2 (0xfee43023) sd      a4, -32(s0)
core   0: 3 0x000000008000fee2 (0xfee43023) mem 0x0000000080031f50 0x00000000800120aa
core   0: 0x000000008000fee6 (0xfc442703) lw      a4, -60(s0)
core   0: 3 0x000000008000fee6 (0xfc442703) x14 0x0000000000000000 mem 0x0000000080031f34
core   0: 0x000000008000feea (0x0ff77713) andi    a4, a4, 255
core   0: 3 0x000000008000feea (0x0ff77713) x14 0x0000000000000000
core   0: 0x000000008000feee (0x00e78023) sb      a4, 0(a5)
core   0: 3 0x000000008000feee (0x00e78023) mem 0x00000000800120a9 0x00
core   0: 0x000000008000fef2 (0xfc843703) ld      a4, -56(s0)
core   0: 3 0x000000008000fef2 (0xfc843703) x14 0x0000000080012040 mem 0x0000000080031f38
core   0: 0x000000008000fef6 (0xfb843783) ld      a5, -72(s0)
core   0: 3 0x000000008000fef6 (0xfb843783) x15 0x000000000000009c mem 0x0000000080031f28
core   0: 0x000000008000fefa (0x000097ba) c.add   a5, a4
core   0: 3 0x000000008000fefa (0x97ba) x15 0x00000000800120dc
core   0: 0x000000008000fefc (0xfe043703) ld      a4, -32(s0)
core   0: 3 0x000000008000fefc (0xfe043703) x14 0x00000000800120aa mem 0x0000000080031f50
core   0: 0x000000008000ff00 (0xfcf76de3) bltu    a4, a5, pc - 38
core   0: 3 0x000000008000ff00 (0xfcf76de3)
core   0: 0x000000008000feda (0xfe043783) ld      a5, -32(s0)
core   0: 3 0x000000008000feda (0xfe043783) x15 0x00000000800120aa mem 0x0000000080031f50
core   0: 0x000000008000fede (0x00178713) addi    a4, a5, 1
core   0: 3 0x000000008000fede (0x00178713) x14 0x00000000800120ab
core   0: 0x000000008000fee2 (0xfee43023) sd      a4, -32(s0)
core   0: 3 0x000000008000fee2 (0xfee43023) mem 0x0000000080031f50 0x00000000800120ab
core   0: 0x000000008000fee6 (0xfc442703) lw      a4, -60(s0)
core   0: 3 0x000000008000fee6 (0xfc442703) x14 0x0000000000000000 mem 0x0000000080031f34
core   0: 0x000000008000feea (0x0ff77713) andi    a4, a4, 255
core   0: 3 0x000000008000feea (0x0ff77713) x14 0x0000000000000000
core   0: 0x000000008000feee (0x00e78023) sb      a4, 0(a5)
core   0: 3 0x000000008000feee (0x00e78023) mem 0x00000000800120aa 0x00
core   0: 0x000000008000fef2 (0xfc843703) ld      a4, -56(s0)
core   0: 3 0x000000008000fef2 (0xfc843703) x14 0x0000000080012040 mem 0x0000000080031f38
core   0: 0x000000008000fef6 (0xfb843783) ld      a5, -72(s0)
core   0: 3 0x000000008000fef6 (0xfb843783) x15 0x000000000000009c mem 0x0000000080031f28
core   0: 0x000000008000fefa (0x000097ba) c.add   a5, a4
core   0: 3 0x000000008000fefa (0x97ba) x15 0x00000000800120dc
core   0: 0x000000008000fefc (0xfe043703) ld      a4, -32(s0)
core   0: 3 0x000000008000fefc (0xfe043703) x14 0x00000000800120ab mem 0x0000000080031f50
core   0: 0x000000008000ff00 (0xfcf76de3) bltu    a4, a5, pc - 38
core   0: 3 0x000000008000ff00 (0xfcf76de3)
core   0: 0x000000008000feda (0xfe043783) ld      a5, -32(s0)
core   0: 3 0x000000008000feda (0xfe043783) x15 0x00000000800120ab mem 0x0000000080031f50
core   0: 0x000000008000fede (0x00178713) addi    a4, a5, 1
core   0: 3 0x000000008000fede (0x00178713) x14 0x00000000800120ac
core   0: 0x000000008000fee2 (0xfee43023) sd      a4, -32(s0)
core   0: 3 0x000000008000fee2 (0xfee43023) mem 0x0000000080031f50 0x00000000800120ac
core   0: 0x000000008000fee6 (0xfc442703) lw      a4, -60(s0)
core   0: 3 0x000000008000fee6 (0xfc442703) x14 0x0000000000000000 mem 0x0000000080031f34
core   0: 0x000000008000feea (0x0ff77713) andi    a4, a4, 255
core   0: 3 0x000000008000feea (0x0ff77713) x14 0x0000000000000000
core   0: 0x000000008000feee (0x00e78023) sb      a4, 0(a5)
core   0: 3 0x000000008000feee (0x00e78023) mem 0x00000000800120ab 0x00
core   0: 0x000000008000fef2 (0xfc843703) ld      a4, -56(s0)
core   0: 3 0x000000008000fef2 (0xfc843703) x14 0x0000000080012040 mem 0x0000000080031f38
core   0: 0x000000008000fef6 (0xfb843783) ld      a5, -72(s0)
core   0: 3 0x000000008000fef6 (0xfb843783) x15 0x000000000000009c mem 0x0000000080031f28
core   0: 0x000000008000fefa (0x000097ba) c.add   a5, a4
core   0: 3 0x000000008000fefa (0x97ba) x15 0x00000000800120dc
core   0: 0x000000008000fefc (0xfe043703) ld      a4, -32(s0)
core   0: 3 0x000000008000fefc (0xfe043703) x14 0x00000000800120ac mem 0x0000000080031f50
core   0: 0x000000008000ff00 (0xfcf76de3) bltu    a4, a5, pc - 38
core   0: 3 0x000000008000ff00 (0xfcf76de3)
core   0: 0x000000008000feda (0xfe043783) ld      a5, -32(s0)
core   0: 3 0x000000008000feda (0xfe043783) x15 0x00000000800120ac mem 0x0000000080031f50
core   0: 0x000000008000fede (0x00178713) addi    a4, a5, 1
core   0: 3 0x000000008000fede (0x00178713) x14 0x00000000800120ad
core   0: 0x000000008000fee2 (0xfee43023) sd      a4, -32(s0)
core   0: 3 0x000000008000fee2 (0xfee43023) mem 0x0000000080031f50 0x00000000800120ad
core   0: 0x000000008000fee6 (0xfc442703) lw      a4, -60(s0)
core   0: 3 0x000000008000fee6 (0xfc442703) x14 0x0000000000000000 mem 0x0000000080031f34
core   0: 0x000000008000feea (0x0ff77713) andi    a4, a4, 255
core   0: 3 0x000000008000feea (0x0ff77713) x14 0x0000000000000000
core   0: 0x000000008000feee (0x00e78023) sb      a4, 0(a5)
core   0: 3 0x000000008000feee (0x00e78023) mem 0x00000000800120ac 0x00
core   0: 0x000000008000fef2 (0xfc843703) ld      a4, -56(s0)
core   0: 3 0x000000008000fef2 (0xfc843703) x14 0x0000000080012040 mem 0x0000000080031f38
core   0: 0x000000008000fef6 (0xfb843783) ld      a5, -72(s0)
core   0: 3 0x000000008000fef6 (0xfb843783) x15 0x000000000000009c mem 0x0000000080031f28
core   0: 0x000000008000fefa (0x000097ba) c.add   a5, a4
core   0: 3 0x000000008000fefa (0x97ba) x15 0x00000000800120dc
core   0: 0x000000008000fefc (0xfe043703) ld      a4, -32(s0)
core   0: 3 0x000000008000fefc (0xfe043703) x14 0x00000000800120ad mem 0x0000000080031f50
core   0: 0x000000008000ff00 (0xfcf76de3) bltu    a4, a5, pc - 38
core   0: 3 0x000000008000ff00 (0xfcf76de3)
core   0: 0x000000008000feda (0xfe043783) ld      a5, -32(s0)
core   0: 3 0x000000008000feda (0xfe043783) x15 0x00000000800120ad mem 0x0000000080031f50
core   0: 0x000000008000fede (0x00178713) addi    a4, a5, 1
core   0: 3 0x000000008000fede (0x00178713) x14 0x00000000800120ae
core   0: 0x000000008000fee2 (0xfee43023) sd      a4, -32(s0)
core   0: 3 0x000000008000fee2 (0xfee43023) mem 0x0000000080031f50 0x00000000800120ae
core   0: 0x000000008000fee6 (0xfc442703) lw      a4, -60(s0)
core   0: 3 0x000000008000fee6 (0xfc442703) x14 0x0000000000000000 mem 0x0000000080031f34
core   0: 0x000000008000feea (0x0ff77713) andi    a4, a4, 255
core   0: 3 0x000000008000feea (0x0ff77713) x14 0x0000000000000000
core   0: 0x000000008000feee (0x00e78023) sb      a4, 0(a5)
core   0: 3 0x000000008000feee (0x00e78023) mem 0x00000000800120ad 0x00
core   0: 0x000000008000fef2 (0xfc843703) ld      a4, -56(s0)
core   0: 3 0x000000008000fef2 (0xfc843703) x14 0x0000000080012040 mem 0x0000000080031f38
core   0: 0x000000008000fef6 (0xfb843783) ld      a5, -72(s0)
core   0: 3 0x000000008000fef6 (0xfb843783) x15 0x000000000000009c mem 0x0000000080031f28
core   0: 0x000000008000fefa (0x000097ba) c.add   a5, a4
core   0: 3 0x000000008000fefa (0x97ba) x15 0x00000000800120dc
core   0: 0x000000008000fefc (0xfe043703) ld      a4, -32(s0)
core   0: 3 0x000000008000fefc (0xfe043703) x14 0x00000000800120ae mem 0x0000000080031f50
core   0: 0x000000008000ff00 (0xfcf76de3) bltu    a4, a5, pc - 38
core   0: 3 0x000000008000ff00 (0xfcf76de3)
core   0: 0x000000008000feda (0xfe043783) ld      a5, -32(s0)
core   0: 3 0x000000008000feda (0xfe043783) x15 0x00000000800120ae mem 0x0000000080031f50
core   0: 0x000000008000fede (0x00178713) addi    a4, a5, 1
core   0: 3 0x000000008000fede (0x00178713) x14 0x00000000800120af
core   0: 0x000000008000fee2 (0xfee43023) sd      a4, -32(s0)
core   0: 3 0x000000008000fee2 (0xfee43023) mem 0x0000000080031f50 0x00000000800120af
core   0: 0x000000008000fee6 (0xfc442703) lw      a4, -60(s0)
core   0: 3 0x000000008000fee6 (0xfc442703) x14 0x0000000000000000 mem 0x0000000080031f34
core   0: 0x000000008000feea (0x0ff77713) andi    a4, a4, 255
core   0: 3 0x000000008000feea (0x0ff77713) x14 0x0000000000000000
core   0: 0x000000008000feee (0x00e78023) sb      a4, 0(a5)
core   0: 3 0x000000008000feee (0x00e78023) mem 0x00000000800120ae 0x00
core   0: 0x000000008000fef2 (0xfc843703) ld      a4, -56(s0)
core   0: 3 0x000000008000fef2 (0xfc843703) x14 0x0000000080012040 mem 0x0000000080031f38
core   0: 0x000000008000fef6 (0xfb843783) ld      a5, -72(s0)
core   0: 3 0x000000008000fef6 (0xfb843783) x15 0x000000000000009c mem 0x0000000080031f28
core   0: 0x000000008000fefa (0x000097ba) c.add   a5, a4
core   0: 3 0x000000008000fefa (0x97ba) x15 0x00000000800120dc
core   0: 0x000000008000fefc (0xfe043703) ld      a4, -32(s0)
core   0: 3 0x000000008000fefc (0xfe043703) x14 0x00000000800120af mem 0x0000000080031f50
core   0: 0x000000008000ff00 (0xfcf76de3) bltu    a4, a5, pc - 38
core   0: 3 0x000000008000ff00 (0xfcf76de3)
core   0: 0x000000008000feda (0xfe043783) ld      a5, -32(s0)
core   0: 3 0x000000008000feda (0xfe043783) x15 0x00000000800120af mem 0x0000000080031f50
core   0: 0x000000008000fede (0x00178713) addi    a4, a5, 1
core   0: 3 0x000000008000fede (0x00178713) x14 0x00000000800120b0
core   0: 0x000000008000fee2 (0xfee43023) sd      a4, -32(s0)
core   0: 3 0x000000008000fee2 (0xfee43023) mem 0x0000000080031f50 0x00000000800120b0
core   0: 0x000000008000fee6 (0xfc442703) lw      a4, -60(s0)
core   0: 3 0x000000008000fee6 (0xfc442703) x14 0x0000000000000000 mem 0x0000000080031f34
core   0: 0x000000008000feea (0x0ff77713) andi    a4, a4, 255
core   0: 3 0x000000008000feea (0x0ff77713) x14 0x0000000000000000
core   0: 0x000000008000feee (0x00e78023) sb      a4, 0(a5)
core   0: 3 0x000000008000feee (0x00e78023) mem 0x00000000800120af 0x00
core   0: 0x000000008000fef2 (0xfc843703) ld      a4, -56(s0)
core   0: 3 0x000000008000fef2 (0xfc843703) x14 0x0000000080012040 mem 0x0000000080031f38
core   0: 0x000000008000fef6 (0xfb843783) ld      a5, -72(s0)
core   0: 3 0x000000008000fef6 (0xfb843783) x15 0x000000000000009c mem 0x0000000080031f28
core   0: 0x000000008000fefa (0x000097ba) c.add   a5, a4
core   0: 3 0x000000008000fefa (0x97ba) x15 0x00000000800120dc
core   0: 0x000000008000fefc (0xfe043703) ld      a4, -32(s0)
core   0: 3 0x000000008000fefc (0xfe043703) x14 0x00000000800120b0 mem 0x0000000080031f50
core   0: 0x000000008000ff00 (0xfcf76de3) bltu    a4, a5, pc - 38
core   0: 3 0x000000008000ff00 (0xfcf76de3)
core   0: 0x000000008000feda (0xfe043783) ld      a5, -32(s0)
core   0: 3 0x000000008000feda (0xfe043783) x15 0x00000000800120b0 mem 0x0000000080031f50
core   0: 0x000000008000fede (0x00178713) addi    a4, a5, 1
core   0: 3 0x000000008000fede (0x00178713) x14 0x00000000800120b1
core   0: 0x000000008000fee2 (0xfee43023) sd      a4, -32(s0)
core   0: 3 0x000000008000fee2 (0xfee43023) mem 0x0000000080031f50 0x00000000800120b1
core   0: 0x000000008000fee6 (0xfc442703) lw      a4, -60(s0)
core   0: 3 0x000000008000fee6 (0xfc442703) x14 0x0000000000000000 mem 0x0000000080031f34
core   0: 0x000000008000feea (0x0ff77713) andi    a4, a4, 255
core   0: 3 0x000000008000feea (0x0ff77713) x14 0x0000000000000000
core   0: 0x000000008000feee (0x00e78023) sb      a4, 0(a5)
core   0: 3 0x000000008000feee (0x00e78023) mem 0x00000000800120b0 0x00
core   0: 0x000000008000fef2 (0xfc843703) ld      a4, -56(s0)
core   0: 3 0x000000008000fef2 (0xfc843703) x14 0x0000000080012040 mem 0x0000000080031f38
core   0: 0x000000008000fef6 (0xfb843783) ld      a5, -72(s0)
core   0: 3 0x000000008000fef6 (0xfb843783) x15 0x000000000000009c mem 0x0000000080031f28
core   0: 0x000000008000fefa (0x000097ba) c.add   a5, a4
core   0: 3 0x000000008000fefa (0x97ba) x15 0x00000000800120dc
core   0: 0x000000008000fefc (0xfe043703) ld      a4, -32(s0)
core   0: 3 0x000000008000fefc (0xfe043703) x14 0x00000000800120b1 mem 0x0000000080031f50
core   0: 0x000000008000ff00 (0xfcf76de3) bltu    a4, a5, pc - 38
core   0: 3 0x000000008000ff00 (0xfcf76de3)
core   0: 0x000000008000feda (0xfe043783) ld      a5, -32(s0)
core   0: 3 0x000000008000feda (0xfe043783) x15 0x00000000800120b1 mem 0x0000000080031f50
core   0: 0x000000008000fede (0x00178713) addi    a4, a5, 1
core   0: 3 0x000000008000fede (0x00178713) x14 0x00000000800120b2
core   0: 0x000000008000fee2 (0xfee43023) sd      a4, -32(s0)
core   0: 3 0x000000008000fee2 (0xfee43023) mem 0x0000000080031f50 0x00000000800120b2
core   0: 0x000000008000fee6 (0xfc442703) lw      a4, -60(s0)
core   0: 3 0x000000008000fee6 (0xfc442703) x14 0x0000000000000000 mem 0x0000000080031f34
core   0: 0x000000008000feea (0x0ff77713) andi    a4, a4, 255
core   0: 3 0x000000008000feea (0x0ff77713) x14 0x0000000000000000
core   0: 0x000000008000feee (0x00e78023) sb      a4, 0(a5)
core   0: 3 0x000000008000feee (0x00e78023) mem 0x00000000800120b1 0x00
core   0: 0x000000008000fef2 (0xfc843703) ld      a4, -56(s0)
core   0: 3 0x000000008000fef2 (0xfc843703) x14 0x0000000080012040 mem 0x0000000080031f38
core   0: 0x000000008000fef6 (0xfb843783) ld      a5, -72(s0)
core   0: 3 0x000000008000fef6 (0xfb843783) x15 0x000000000000009c mem 0x0000000080031f28
core   0: 0x000000008000fefa (0x000097ba) c.add   a5, a4
core   0: 3 0x000000008000fefa (0x97ba) x15 0x00000000800120dc
core   0: 0x000000008000fefc (0xfe043703) ld      a4, -32(s0)
core   0: 3 0x000000008000fefc (0xfe043703) x14 0x00000000800120b2 mem 0x0000000080031f50
core   0: 0x000000008000ff00 (0xfcf76de3) bltu    a4, a5, pc - 38
core   0: 3 0x000000008000ff00 (0xfcf76de3)
core   0: 0x000000008000feda (0xfe043783) ld      a5, -32(s0)
core   0: 3 0x000000008000feda (0xfe043783) x15 0x00000000800120b2 mem 0x0000000080031f50
core   0: 0x000000008000fede (0x00178713) addi    a4, a5, 1
core   0: 3 0x000000008000fede (0x00178713) x14 0x00000000800120b3
core   0: 0x000000008000fee2 (0xfee43023) sd      a4, -32(s0)
core   0: 3 0x000000008000fee2 (0xfee43023) mem 0x0000000080031f50 0x00000000800120b3
core   0: 0x000000008000fee6 (0xfc442703) lw      a4, -60(s0)
core   0: 3 0x000000008000fee6 (0xfc442703) x14 0x0000000000000000 mem 0x0000000080031f34
core   0: 0x000000008000feea (0x0ff77713) andi    a4, a4, 255
core   0: 3 0x000000008000feea (0x0ff77713) x14 0x0000000000000000
core   0: 0x000000008000feee (0x00e78023) sb      a4, 0(a5)
core   0: 3 0x000000008000feee (0x00e78023) mem 0x00000000800120b2 0x00
core   0: 0x000000008000fef2 (0xfc843703) ld      a4, -56(s0)
core   0: 3 0x000000008000fef2 (0xfc843703) x14 0x0000000080012040 mem 0x0000000080031f38
core   0: 0x000000008000fef6 (0xfb843783) ld      a5, -72(s0)
core   0: 3 0x000000008000fef6 (0xfb843783) x15 0x000000000000009c mem 0x0000000080031f28
core   0: 0x000000008000fefa (0x000097ba) c.add   a5, a4
core   0: 3 0x000000008000fefa (0x97ba) x15 0x00000000800120dc
core   0: 0x000000008000fefc (0xfe043703) ld      a4, -32(s0)
core   0: 3 0x000000008000fefc (0xfe043703) x14 0x00000000800120b3 mem 0x0000000080031f50
core   0: 0x000000008000ff00 (0xfcf76de3) bltu    a4, a5, pc - 38
core   0: 3 0x000000008000ff00 (0xfcf76de3)
core   0: 0x000000008000feda (0xfe043783) ld      a5, -32(s0)
core   0: 3 0x000000008000feda (0xfe043783) x15 0x00000000800120b3 mem 0x0000000080031f50
core   0: 0x000000008000fede (0x00178713) addi    a4, a5, 1
core   0: 3 0x000000008000fede (0x00178713) x14 0x00000000800120b4
core   0: 0x000000008000fee2 (0xfee43023) sd      a4, -32(s0)
core   0: 3 0x000000008000fee2 (0xfee43023) mem 0x0000000080031f50 0x00000000800120b4
core   0: 0x000000008000fee6 (0xfc442703) lw      a4, -60(s0)
core   0: 3 0x000000008000fee6 (0xfc442703) x14 0x0000000000000000 mem 0x0000000080031f34
core   0: 0x000000008000feea (0x0ff77713) andi    a4, a4, 255
core   0: 3 0x000000008000feea (0x0ff77713) x14 0x0000000000000000
core   0: 0x000000008000feee (0x00e78023) sb      a4, 0(a5)
core   0: 3 0x000000008000feee (0x00e78023) mem 0x00000000800120b3 0x00
core   0: 0x000000008000fef2 (0xfc843703) ld      a4, -56(s0)
core   0: 3 0x000000008000fef2 (0xfc843703) x14 0x0000000080012040 mem 0x0000000080031f38
core   0: 0x000000008000fef6 (0xfb843783) ld      a5, -72(s0)
core   0: 3 0x000000008000fef6 (0xfb843783) x15 0x000000000000009c mem 0x0000000080031f28
core   0: 0x000000008000fefa (0x000097ba) c.add   a5, a4
core   0: 3 0x000000008000fefa (0x97ba) x15 0x00000000800120dc
core   0: 0x000000008000fefc (0xfe043703) ld      a4, -32(s0)
core   0: 3 0x000000008000fefc (0xfe043703) x14 0x00000000800120b4 mem 0x0000000080031f50
core   0: 0x000000008000ff00 (0xfcf76de3) bltu    a4, a5, pc - 38
core   0: 3 0x000000008000ff00 (0xfcf76de3)
core   0: 0x000000008000feda (0xfe043783) ld      a5, -32(s0)
core   0: 3 0x000000008000feda (0xfe043783) x15 0x00000000800120b4 mem 0x0000000080031f50
core   0: 0x000000008000fede (0x00178713) addi    a4, a5, 1
core   0: 3 0x000000008000fede (0x00178713) x14 0x00000000800120b5
core   0: 0x000000008000fee2 (0xfee43023) sd      a4, -32(s0)
core   0: 3 0x000000008000fee2 (0xfee43023) mem 0x0000000080031f50 0x00000000800120b5
core   0: 0x000000008000fee6 (0xfc442703) lw      a4, -60(s0)
core   0: 3 0x000000008000fee6 (0xfc442703) x14 0x0000000000000000 mem 0x0000000080031f34
core   0: 0x000000008000feea (0x0ff77713) andi    a4, a4, 255
core   0: 3 0x000000008000feea (0x0ff77713) x14 0x0000000000000000
core   0: 0x000000008000feee (0x00e78023) sb      a4, 0(a5)
core   0: 3 0x000000008000feee (0x00e78023) mem 0x00000000800120b4 0x00
core   0: 0x000000008000fef2 (0xfc843703) ld      a4, -56(s0)
core   0: 3 0x000000008000fef2 (0xfc843703) x14 0x0000000080012040 mem 0x0000000080031f38
core   0: 0x000000008000fef6 (0xfb843783) ld      a5, -72(s0)
core   0: 3 0x000000008000fef6 (0xfb843783) x15 0x000000000000009c mem 0x0000000080031f28
core   0: 0x000000008000fefa (0x000097ba) c.add   a5, a4
core   0: 3 0x000000008000fefa (0x97ba) x15 0x00000000800120dc
core   0: 0x000000008000fefc (0xfe043703) ld      a4, -32(s0)
core   0: 3 0x000000008000fefc (0xfe043703) x14 0x00000000800120b5 mem 0x0000000080031f50
core   0: 0x000000008000ff00 (0xfcf76de3) bltu    a4, a5, pc - 38
core   0: 3 0x000000008000ff00 (0xfcf76de3)
core   0: 0x000000008000feda (0xfe043783) ld      a5, -32(s0)
core   0: 3 0x000000008000feda (0xfe043783) x15 0x00000000800120b5 mem 0x0000000080031f50
core   0: 0x000000008000fede (0x00178713) addi    a4, a5, 1
core   0: 3 0x000000008000fede (0x00178713) x14 0x00000000800120b6
core   0: 0x000000008000fee2 (0xfee43023) sd      a4, -32(s0)
core   0: 3 0x000000008000fee2 (0xfee43023) mem 0x0000000080031f50 0x00000000800120b6
core   0: 0x000000008000fee6 (0xfc442703) lw      a4, -60(s0)
core   0: 3 0x000000008000fee6 (0xfc442703) x14 0x0000000000000000 mem 0x0000000080031f34
core   0: 0x000000008000feea (0x0ff77713) andi    a4, a4, 255
core   0: 3 0x000000008000feea (0x0ff77713) x14 0x0000000000000000
core   0: 0x000000008000feee (0x00e78023) sb      a4, 0(a5)
core   0: 3 0x000000008000feee (0x00e78023) mem 0x00000000800120b5 0x00
core   0: 0x000000008000fef2 (0xfc843703) ld      a4, -56(s0)
core   0: 3 0x000000008000fef2 (0xfc843703) x14 0x0000000080012040 mem 0x0000000080031f38
core   0: 0x000000008000fef6 (0xfb843783) ld      a5, -72(s0)
core   0: 3 0x000000008000fef6 (0xfb843783) x15 0x000000000000009c mem 0x0000000080031f28
core   0: 0x000000008000fefa (0x000097ba) c.add   a5, a4
core   0: 3 0x000000008000fefa (0x97ba) x15 0x00000000800120dc
core   0: 0x000000008000fefc (0xfe043703) ld      a4, -32(s0)
core   0: 3 0x000000008000fefc (0xfe043703) x14 0x00000000800120b6 mem 0x0000000080031f50
core   0: 0x000000008000ff00 (0xfcf76de3) bltu    a4, a5, pc - 38
core   0: 3 0x000000008000ff00 (0xfcf76de3)
core   0: 0x000000008000feda (0xfe043783) ld      a5, -32(s0)
core   0: 3 0x000000008000feda (0xfe043783) x15 0x00000000800120b6 mem 0x0000000080031f50
core   0: 0x000000008000fede (0x00178713) addi    a4, a5, 1
core   0: 3 0x000000008000fede (0x00178713) x14 0x00000000800120b7
core   0: 0x000000008000fee2 (0xfee43023) sd      a4, -32(s0)
core   0: 3 0x000000008000fee2 (0xfee43023) mem 0x0000000080031f50 0x00000000800120b7
core   0: 0x000000008000fee6 (0xfc442703) lw      a4, -60(s0)
core   0: 3 0x000000008000fee6 (0xfc442703) x14 0x0000000000000000 mem 0x0000000080031f34
core   0: 0x000000008000feea (0x0ff77713) andi    a4, a4, 255
core   0: 3 0x000000008000feea (0x0ff77713) x14 0x0000000000000000
core   0: 0x000000008000feee (0x00e78023) sb      a4, 0(a5)
core   0: 3 0x000000008000feee (0x00e78023) mem 0x00000000800120b6 0x00
core   0: 0x000000008000fef2 (0xfc843703) ld      a4, -56(s0)
core   0: 3 0x000000008000fef2 (0xfc843703) x14 0x0000000080012040 mem 0x0000000080031f38
core   0: 0x000000008000fef6 (0xfb843783) ld      a5, -72(s0)
core   0: 3 0x000000008000fef6 (0xfb843783) x15 0x000000000000009c mem 0x0000000080031f28
core   0: 0x000000008000fefa (0x000097ba) c.add   a5, a4
core   0: 3 0x000000008000fefa (0x97ba) x15 0x00000000800120dc
core   0: 0x000000008000fefc (0xfe043703) ld      a4, -32(s0)
core   0: 3 0x000000008000fefc (0xfe043703) x14 0x00000000800120b7 mem 0x0000000080031f50
core   0: 0x000000008000ff00 (0xfcf76de3) bltu    a4, a5, pc - 38
core   0: 3 0x000000008000ff00 (0xfcf76de3)
core   0: 0x000000008000feda (0xfe043783) ld      a5, -32(s0)
core   0: 3 0x000000008000feda (0xfe043783) x15 0x00000000800120b7 mem 0x0000000080031f50
core   0: 0x000000008000fede (0x00178713) addi    a4, a5, 1
core   0: 3 0x000000008000fede (0x00178713) x14 0x00000000800120b8
core   0: 0x000000008000fee2 (0xfee43023) sd      a4, -32(s0)
core   0: 3 0x000000008000fee2 (0xfee43023) mem 0x0000000080031f50 0x00000000800120b8
core   0: 0x000000008000fee6 (0xfc442703) lw      a4, -60(s0)
core   0: 3 0x000000008000fee6 (0xfc442703) x14 0x0000000000000000 mem 0x0000000080031f34
core   0: 0x000000008000feea (0x0ff77713) andi    a4, a4, 255
core   0: 3 0x000000008000feea (0x0ff77713) x14 0x0000000000000000
core   0: 0x000000008000feee (0x00e78023) sb      a4, 0(a5)
core   0: 3 0x000000008000feee (0x00e78023) mem 0x00000000800120b7 0x00
core   0: 0x000000008000fef2 (0xfc843703) ld      a4, -56(s0)
core   0: 3 0x000000008000fef2 (0xfc843703) x14 0x0000000080012040 mem 0x0000000080031f38
core   0: 0x000000008000fef6 (0xfb843783) ld      a5, -72(s0)
core   0: 3 0x000000008000fef6 (0xfb843783) x15 0x000000000000009c mem 0x0000000080031f28
core   0: 0x000000008000fefa (0x000097ba) c.add   a5, a4
core   0: 3 0x000000008000fefa (0x97ba) x15 0x00000000800120dc
core   0: 0x000000008000fefc (0xfe043703) ld      a4, -32(s0)
core   0: 3 0x000000008000fefc (0xfe043703) x14 0x00000000800120b8 mem 0x0000000080031f50
core   0: 0x000000008000ff00 (0xfcf76de3) bltu    a4, a5, pc - 38
core   0: 3 0x000000008000ff00 (0xfcf76de3)
core   0: 0x000000008000feda (0xfe043783) ld      a5, -32(s0)
core   0: 3 0x000000008000feda (0xfe043783) x15 0x00000000800120b8 mem 0x0000000080031f50
core   0: 0x000000008000fede (0x00178713) addi    a4, a5, 1
core   0: 3 0x000000008000fede (0x00178713) x14 0x00000000800120b9
core   0: 0x000000008000fee2 (0xfee43023) sd      a4, -32(s0)
core   0: 3 0x000000008000fee2 (0xfee43023) mem 0x0000000080031f50 0x00000000800120b9
core   0: 0x000000008000fee6 (0xfc442703) lw      a4, -60(s0)
core   0: 3 0x000000008000fee6 (0xfc442703) x14 0x0000000000000000 mem 0x0000000080031f34
core   0: 0x000000008000feea (0x0ff77713) andi    a4, a4, 255
core   0: 3 0x000000008000feea (0x0ff77713) x14 0x0000000000000000
core   0: 0x000000008000feee (0x00e78023) sb      a4, 0(a5)
core   0: 3 0x000000008000feee (0x00e78023) mem 0x00000000800120b8 0x00
core   0: 0x000000008000fef2 (0xfc843703) ld      a4, -56(s0)
core   0: 3 0x000000008000fef2 (0xfc843703) x14 0x0000000080012040 mem 0x0000000080031f38
core   0: 0x000000008000fef6 (0xfb843783) ld      a5, -72(s0)
core   0: 3 0x000000008000fef6 (0xfb843783) x15 0x000000000000009c mem 0x0000000080031f28
core   0: 0x000000008000fefa (0x000097ba) c.add   a5, a4
core   0: 3 0x000000008000fefa (0x97ba) x15 0x00000000800120dc
core   0: 0x000000008000fefc (0xfe043703) ld      a4, -32(s0)
core   0: 3 0x000000008000fefc (0xfe043703) x14 0x00000000800120b9 mem 0x0000000080031f50
core   0: 0x000000008000ff00 (0xfcf76de3) bltu    a4, a5, pc - 38
core   0: 3 0x000000008000ff00 (0xfcf76de3)
core   0: 0x000000008000feda (0xfe043783) ld      a5, -32(s0)
core   0: 3 0x000000008000feda (0xfe043783) x15 0x00000000800120b9 mem 0x0000000080031f50
core   0: 0x000000008000fede (0x00178713) addi    a4, a5, 1
core   0: 3 0x000000008000fede (0x00178713) x14 0x00000000800120ba
core   0: 0x000000008000fee2 (0xfee43023) sd      a4, -32(s0)
core   0: 3 0x000000008000fee2 (0xfee43023) mem 0x0000000080031f50 0x00000000800120ba
core   0: 0x000000008000fee6 (0xfc442703) lw      a4, -60(s0)
core   0: 3 0x000000008000fee6 (0xfc442703) x14 0x0000000000000000 mem 0x0000000080031f34
core   0: 0x000000008000feea (0x0ff77713) andi    a4, a4, 255
core   0: 3 0x000000008000feea (0x0ff77713) x14 0x0000000000000000
core   0: 0x000000008000feee (0x00e78023) sb      a4, 0(a5)
core   0: 3 0x000000008000feee (0x00e78023) mem 0x00000000800120b9 0x00
core   0: 0x000000008000fef2 (0xfc843703) ld      a4, -56(s0)
core   0: 3 0x000000008000fef2 (0xfc843703) x14 0x0000000080012040 mem 0x0000000080031f38
core   0: 0x000000008000fef6 (0xfb843783) ld      a5, -72(s0)
core   0: 3 0x000000008000fef6 (0xfb843783) x15 0x000000000000009c mem 0x0000000080031f28
core   0: 0x000000008000fefa (0x000097ba) c.add   a5, a4
core   0: 3 0x000000008000fefa (0x97ba) x15 0x00000000800120dc
core   0: 0x000000008000fefc (0xfe043703) ld      a4, -32(s0)
core   0: 3 0x000000008000fefc (0xfe043703) x14 0x00000000800120ba mem 0x0000000080031f50
core   0: 0x000000008000ff00 (0xfcf76de3) bltu    a4, a5, pc - 38
core   0: 3 0x000000008000ff00 (0xfcf76de3)
core   0: 0x000000008000feda (0xfe043783) ld      a5, -32(s0)
core   0: 3 0x000000008000feda (0xfe043783) x15 0x00000000800120ba mem 0x0000000080031f50
core   0: 0x000000008000fede (0x00178713) addi    a4, a5, 1
core   0: 3 0x000000008000fede (0x00178713) x14 0x00000000800120bb
core   0: 0x000000008000fee2 (0xfee43023) sd      a4, -32(s0)
core   0: 3 0x000000008000fee2 (0xfee43023) mem 0x0000000080031f50 0x00000000800120bb
core   0: 0x000000008000fee6 (0xfc442703) lw      a4, -60(s0)
core   0: 3 0x000000008000fee6 (0xfc442703) x14 0x0000000000000000 mem 0x0000000080031f34
core   0: 0x000000008000feea (0x0ff77713) andi    a4, a4, 255
core   0: 3 0x000000008000feea (0x0ff77713) x14 0x0000000000000000
core   0: 0x000000008000feee (0x00e78023) sb      a4, 0(a5)
core   0: 3 0x000000008000feee (0x00e78023) mem 0x00000000800120ba 0x00
core   0: 0x000000008000fef2 (0xfc843703) ld      a4, -56(s0)
core   0: 3 0x000000008000fef2 (0xfc843703) x14 0x0000000080012040 mem 0x0000000080031f38
core   0: 0x000000008000fef6 (0xfb843783) ld      a5, -72(s0)
core   0: 3 0x000000008000fef6 (0xfb843783) x15 0x000000000000009c mem 0x0000000080031f28
core   0: 0x000000008000fefa (0x000097ba) c.add   a5, a4
core   0: 3 0x000000008000fefa (0x97ba) x15 0x00000000800120dc
core   0: 0x000000008000fefc (0xfe043703) ld      a4, -32(s0)
core   0: 3 0x000000008000fefc (0xfe043703) x14 0x00000000800120bb mem 0x0000000080031f50
core   0: 0x000000008000ff00 (0xfcf76de3) bltu    a4, a5, pc - 38
core   0: 3 0x000000008000ff00 (0xfcf76de3)
core   0: 0x000000008000feda (0xfe043783) ld      a5, -32(s0)
core   0: 3 0x000000008000feda (0xfe043783) x15 0x00000000800120bb mem 0x0000000080031f50
core   0: 0x000000008000fede (0x00178713) addi    a4, a5, 1
core   0: 3 0x000000008000fede (0x00178713) x14 0x00000000800120bc
core   0: 0x000000008000fee2 (0xfee43023) sd      a4, -32(s0)
core   0: 3 0x000000008000fee2 (0xfee43023) mem 0x0000000080031f50 0x00000000800120bc
core   0: 0x000000008000fee6 (0xfc442703) lw      a4, -60(s0)
core   0: 3 0x000000008000fee6 (0xfc442703) x14 0x0000000000000000 mem 0x0000000080031f34
core   0: 0x000000008000feea (0x0ff77713) andi    a4, a4, 255
core   0: 3 0x000000008000feea (0x0ff77713) x14 0x0000000000000000
core   0: 0x000000008000feee (0x00e78023) sb      a4, 0(a5)
core   0: 3 0x000000008000feee (0x00e78023) mem 0x00000000800120bb 0x00
core   0: 0x000000008000fef2 (0xfc843703) ld      a4, -56(s0)
core   0: 3 0x000000008000fef2 (0xfc843703) x14 0x0000000080012040 mem 0x0000000080031f38
core   0: 0x000000008000fef6 (0xfb843783) ld      a5, -72(s0)
core   0: 3 0x000000008000fef6 (0xfb843783) x15 0x000000000000009c mem 0x0000000080031f28
core   0: 0x000000008000fefa (0x000097ba) c.add   a5, a4
core   0: 3 0x000000008000fefa (0x97ba) x15 0x00000000800120dc
core   0: 0x000000008000fefc (0xfe043703) ld      a4, -32(s0)
core   0: 3 0x000000008000fefc (0xfe043703) x14 0x00000000800120bc mem 0x0000000080031f50
core   0: 0x000000008000ff00 (0xfcf76de3) bltu    a4, a5, pc - 38
core   0: 3 0x000000008000ff00 (0xfcf76de3)
core   0: 0x000000008000feda (0xfe043783) ld      a5, -32(s0)
core   0: 3 0x000000008000feda (0xfe043783) x15 0x00000000800120bc mem 0x0000000080031f50
core   0: 0x000000008000fede (0x00178713) addi    a4, a5, 1
core   0: 3 0x000000008000fede (0x00178713) x14 0x00000000800120bd
core   0: 0x000000008000fee2 (0xfee43023) sd      a4, -32(s0)
core   0: 3 0x000000008000fee2 (0xfee43023) mem 0x0000000080031f50 0x00000000800120bd
core   0: 0x000000008000fee6 (0xfc442703) lw      a4, -60(s0)
core   0: 3 0x000000008000fee6 (0xfc442703) x14 0x0000000000000000 mem 0x0000000080031f34
core   0: 0x000000008000feea (0x0ff77713) andi    a4, a4, 255
core   0: 3 0x000000008000feea (0x0ff77713) x14 0x0000000000000000
core   0: 0x000000008000feee (0x00e78023) sb      a4, 0(a5)
core   0: 3 0x000000008000feee (0x00e78023) mem 0x00000000800120bc 0x00
core   0: 0x000000008000fef2 (0xfc843703) ld      a4, -56(s0)
core   0: 3 0x000000008000fef2 (0xfc843703) x14 0x0000000080012040 mem 0x0000000080031f38
core   0: 0x000000008000fef6 (0xfb843783) ld      a5, -72(s0)
core   0: 3 0x000000008000fef6 (0xfb843783) x15 0x000000000000009c mem 0x0000000080031f28
core   0: 0x000000008000fefa (0x000097ba) c.add   a5, a4
core   0: 3 0x000000008000fefa (0x97ba) x15 0x00000000800120dc
core   0: 0x000000008000fefc (0xfe043703) ld      a4, -32(s0)
core   0: 3 0x000000008000fefc (0xfe043703) x14 0x00000000800120bd mem 0x0000000080031f50
core   0: 0x000000008000ff00 (0xfcf76de3) bltu    a4, a5, pc - 38
core   0: 3 0x000000008000ff00 (0xfcf76de3)
core   0: 0x000000008000feda (0xfe043783) ld      a5, -32(s0)
core   0: 3 0x000000008000feda (0xfe043783) x15 0x00000000800120bd mem 0x0000000080031f50
core   0: 0x000000008000fede (0x00178713) addi    a4, a5, 1
core   0: 3 0x000000008000fede (0x00178713) x14 0x00000000800120be
core   0: 0x000000008000fee2 (0xfee43023) sd      a4, -32(s0)
core   0: 3 0x000000008000fee2 (0xfee43023) mem 0x0000000080031f50 0x00000000800120be
core   0: 0x000000008000fee6 (0xfc442703) lw      a4, -60(s0)
core   0: 3 0x000000008000fee6 (0xfc442703) x14 0x0000000000000000 mem 0x0000000080031f34
core   0: 0x000000008000feea (0x0ff77713) andi    a4, a4, 255
core   0: 3 0x000000008000feea (0x0ff77713) x14 0x0000000000000000
core   0: 0x000000008000feee (0x00e78023) sb      a4, 0(a5)
core   0: 3 0x000000008000feee (0x00e78023) mem 0x00000000800120bd 0x00
core   0: 0x000000008000fef2 (0xfc843703) ld      a4, -56(s0)
core   0: 3 0x000000008000fef2 (0xfc843703) x14 0x0000000080012040 mem 0x0000000080031f38
core   0: 0x000000008000fef6 (0xfb843783) ld      a5, -72(s0)
core   0: 3 0x000000008000fef6 (0xfb843783) x15 0x000000000000009c mem 0x0000000080031f28
core   0: 0x000000008000fefa (0x000097ba) c.add   a5, a4
core   0: 3 0x000000008000fefa (0x97ba) x15 0x00000000800120dc
core   0: 0x000000008000fefc (0xfe043703) ld      a4, -32(s0)
core   0: 3 0x000000008000fefc (0xfe043703) x14 0x00000000800120be mem 0x0000000080031f50
core   0: 0x000000008000ff00 (0xfcf76de3) bltu    a4, a5, pc - 38
core   0: 3 0x000000008000ff00 (0xfcf76de3)
core   0: 0x000000008000feda (0xfe043783) ld      a5, -32(s0)
core   0: 3 0x000000008000feda (0xfe043783) x15 0x00000000800120be mem 0x0000000080031f50
core   0: 0x000000008000fede (0x00178713) addi    a4, a5, 1
core   0: 3 0x000000008000fede (0x00178713) x14 0x00000000800120bf
core   0: 0x000000008000fee2 (0xfee43023) sd      a4, -32(s0)
core   0: 3 0x000000008000fee2 (0xfee43023) mem 0x0000000080031f50 0x00000000800120bf
core   0: 0x000000008000fee6 (0xfc442703) lw      a4, -60(s0)
core   0: 3 0x000000008000fee6 (0xfc442703) x14 0x0000000000000000 mem 0x0000000080031f34
core   0: 0x000000008000feea (0x0ff77713) andi    a4, a4, 255
core   0: 3 0x000000008000feea (0x0ff77713) x14 0x0000000000000000
core   0: 0x000000008000feee (0x00e78023) sb      a4, 0(a5)
core   0: 3 0x000000008000feee (0x00e78023) mem 0x00000000800120be 0x00
core   0: 0x000000008000fef2 (0xfc843703) ld      a4, -56(s0)
core   0: 3 0x000000008000fef2 (0xfc843703) x14 0x0000000080012040 mem 0x0000000080031f38
core   0: 0x000000008000fef6 (0xfb843783) ld      a5, -72(s0)
core   0: 3 0x000000008000fef6 (0xfb843783) x15 0x000000000000009c mem 0x0000000080031f28
core   0: 0x000000008000fefa (0x000097ba) c.add   a5, a4
core   0: 3 0x000000008000fefa (0x97ba) x15 0x00000000800120dc
core   0: 0x000000008000fefc (0xfe043703) ld      a4, -32(s0)
core   0: 3 0x000000008000fefc (0xfe043703) x14 0x00000000800120bf mem 0x0000000080031f50
core   0: 0x000000008000ff00 (0xfcf76de3) bltu    a4, a5, pc - 38
core   0: 3 0x000000008000ff00 (0xfcf76de3)
core   0: 0x000000008000feda (0xfe043783) ld      a5, -32(s0)
core   0: 3 0x000000008000feda (0xfe043783) x15 0x00000000800120bf mem 0x0000000080031f50
core   0: 0x000000008000fede (0x00178713) addi    a4, a5, 1
core   0: 3 0x000000008000fede (0x00178713) x14 0x00000000800120c0
core   0: 0x000000008000fee2 (0xfee43023) sd      a4, -32(s0)
core   0: 3 0x000000008000fee2 (0xfee43023) mem 0x0000000080031f50 0x00000000800120c0
core   0: 0x000000008000fee6 (0xfc442703) lw      a4, -60(s0)
core   0: 3 0x000000008000fee6 (0xfc442703) x14 0x0000000000000000 mem 0x0000000080031f34
core   0: 0x000000008000feea (0x0ff77713) andi    a4, a4, 255
core   0: 3 0x000000008000feea (0x0ff77713) x14 0x0000000000000000
core   0: 0x000000008000feee (0x00e78023) sb      a4, 0(a5)
core   0: 3 0x000000008000feee (0x00e78023) mem 0x00000000800120bf 0x00
core   0: 0x000000008000fef2 (0xfc843703) ld      a4, -56(s0)
core   0: 3 0x000000008000fef2 (0xfc843703) x14 0x0000000080012040 mem 0x0000000080031f38
core   0: 0x000000008000fef6 (0xfb843783) ld      a5, -72(s0)
core   0: 3 0x000000008000fef6 (0xfb843783) x15 0x000000000000009c mem 0x0000000080031f28
core   0: 0x000000008000fefa (0x000097ba) c.add   a5, a4
core   0: 3 0x000000008000fefa (0x97ba) x15 0x00000000800120dc
core   0: 0x000000008000fefc (0xfe043703) ld      a4, -32(s0)
core   0: 3 0x000000008000fefc (0xfe043703) x14 0x00000000800120c0 mem 0x0000000080031f50
core   0: 0x000000008000ff00 (0xfcf76de3) bltu    a4, a5, pc - 38
core   0: 3 0x000000008000ff00 (0xfcf76de3)
core   0: 0x000000008000feda (0xfe043783) ld      a5, -32(s0)
core   0: 3 0x000000008000feda (0xfe043783) x15 0x00000000800120c0 mem 0x0000000080031f50
core   0: 0x000000008000fede (0x00178713) addi    a4, a5, 1
core   0: 3 0x000000008000fede (0x00178713) x14 0x00000000800120c1
core   0: 0x000000008000fee2 (0xfee43023) sd      a4, -32(s0)
core   0: 3 0x000000008000fee2 (0xfee43023) mem 0x0000000080031f50 0x00000000800120c1
core   0: 0x000000008000fee6 (0xfc442703) lw      a4, -60(s0)
core   0: 3 0x000000008000fee6 (0xfc442703) x14 0x0000000000000000 mem 0x0000000080031f34
core   0: 0x000000008000feea (0x0ff77713) andi    a4, a4, 255
core   0: 3 0x000000008000feea (0x0ff77713) x14 0x0000000000000000
core   0: 0x000000008000feee (0x00e78023) sb      a4, 0(a5)
core   0: 3 0x000000008000feee (0x00e78023) mem 0x00000000800120c0 0x00
core   0: 0x000000008000fef2 (0xfc843703) ld      a4, -56(s0)
core   0: 3 0x000000008000fef2 (0xfc843703) x14 0x0000000080012040 mem 0x0000000080031f38
core   0: 0x000000008000fef6 (0xfb843783) ld      a5, -72(s0)
core   0: 3 0x000000008000fef6 (0xfb843783) x15 0x000000000000009c mem 0x0000000080031f28
core   0: 0x000000008000fefa (0x000097ba) c.add   a5, a4
core   0: 3 0x000000008000fefa (0x97ba) x15 0x00000000800120dc
core   0: 0x000000008000fefc (0xfe043703) ld      a4, -32(s0)
core   0: 3 0x000000008000fefc (0xfe043703) x14 0x00000000800120c1 mem 0x0000000080031f50
core   0: 0x000000008000ff00 (0xfcf76de3) bltu    a4, a5, pc - 38
core   0: 3 0x000000008000ff00 (0xfcf76de3)
core   0: 0x000000008000feda (0xfe043783) ld      a5, -32(s0)
core   0: 3 0x000000008000feda (0xfe043783) x15 0x00000000800120c1 mem 0x0000000080031f50
core   0: 0x000000008000fede (0x00178713) addi    a4, a5, 1
core   0: 3 0x000000008000fede (0x00178713) x14 0x00000000800120c2
core   0: 0x000000008000fee2 (0xfee43023) sd      a4, -32(s0)
core   0: 3 0x000000008000fee2 (0xfee43023) mem 0x0000000080031f50 0x00000000800120c2
core   0: 0x000000008000fee6 (0xfc442703) lw      a4, -60(s0)
core   0: 3 0x000000008000fee6 (0xfc442703) x14 0x0000000000000000 mem 0x0000000080031f34
core   0: 0x000000008000feea (0x0ff77713) andi    a4, a4, 255
core   0: 3 0x000000008000feea (0x0ff77713) x14 0x0000000000000000
core   0: 0x000000008000feee (0x00e78023) sb      a4, 0(a5)
core   0: 3 0x000000008000feee (0x00e78023) mem 0x00000000800120c1 0x00
core   0: 0x000000008000fef2 (0xfc843703) ld      a4, -56(s0)
core   0: 3 0x000000008000fef2 (0xfc843703) x14 0x0000000080012040 mem 0x0000000080031f38
core   0: 0x000000008000fef6 (0xfb843783) ld      a5, -72(s0)
core   0: 3 0x000000008000fef6 (0xfb843783) x15 0x000000000000009c mem 0x0000000080031f28
core   0: 0x000000008000fefa (0x000097ba) c.add   a5, a4
core   0: 3 0x000000008000fefa (0x97ba) x15 0x00000000800120dc
core   0: 0x000000008000fefc (0xfe043703) ld      a4, -32(s0)
core   0: 3 0x000000008000fefc (0xfe043703) x14 0x00000000800120c2 mem 0x0000000080031f50
core   0: 0x000000008000ff00 (0xfcf76de3) bltu    a4, a5, pc - 38
core   0: 3 0x000000008000ff00 (0xfcf76de3)
core   0: 0x000000008000feda (0xfe043783) ld      a5, -32(s0)
core   0: 3 0x000000008000feda (0xfe043783) x15 0x00000000800120c2 mem 0x0000000080031f50
core   0: 0x000000008000fede (0x00178713) addi    a4, a5, 1
core   0: 3 0x000000008000fede (0x00178713) x14 0x00000000800120c3
core   0: 0x000000008000fee2 (0xfee43023) sd      a4, -32(s0)
core   0: 3 0x000000008000fee2 (0xfee43023) mem 0x0000000080031f50 0x00000000800120c3
core   0: 0x000000008000fee6 (0xfc442703) lw      a4, -60(s0)
core   0: 3 0x000000008000fee6 (0xfc442703) x14 0x0000000000000000 mem 0x0000000080031f34
core   0: 0x000000008000feea (0x0ff77713) andi    a4, a4, 255
core   0: 3 0x000000008000feea (0x0ff77713) x14 0x0000000000000000
core   0: 0x000000008000feee (0x00e78023) sb      a4, 0(a5)
core   0: 3 0x000000008000feee (0x00e78023) mem 0x00000000800120c2 0x00
core   0: 0x000000008000fef2 (0xfc843703) ld      a4, -56(s0)
core   0: 3 0x000000008000fef2 (0xfc843703) x14 0x0000000080012040 mem 0x0000000080031f38
core   0: 0x000000008000fef6 (0xfb843783) ld      a5, -72(s0)
core   0: 3 0x000000008000fef6 (0xfb843783) x15 0x000000000000009c mem 0x0000000080031f28
core   0: 0x000000008000fefa (0x000097ba) c.add   a5, a4
core   0: 3 0x000000008000fefa (0x97ba) x15 0x00000000800120dc
core   0: 0x000000008000fefc (0xfe043703) ld      a4, -32(s0)
core   0: 3 0x000000008000fefc (0xfe043703) x14 0x00000000800120c3 mem 0x0000000080031f50
core   0: 0x000000008000ff00 (0xfcf76de3) bltu    a4, a5, pc - 38
core   0: 3 0x000000008000ff00 (0xfcf76de3)
core   0: 0x000000008000feda (0xfe043783) ld      a5, -32(s0)
core   0: 3 0x000000008000feda (0xfe043783) x15 0x00000000800120c3 mem 0x0000000080031f50
core   0: 0x000000008000fede (0x00178713) addi    a4, a5, 1
core   0: 3 0x000000008000fede (0x00178713) x14 0x00000000800120c4
core   0: 0x000000008000fee2 (0xfee43023) sd      a4, -32(s0)
core   0: 3 0x000000008000fee2 (0xfee43023) mem 0x0000000080031f50 0x00000000800120c4
core   0: 0x000000008000fee6 (0xfc442703) lw      a4, -60(s0)
core   0: 3 0x000000008000fee6 (0xfc442703) x14 0x0000000000000000 mem 0x0000000080031f34
core   0: 0x000000008000feea (0x0ff77713) andi    a4, a4, 255
core   0: 3 0x000000008000feea (0x0ff77713) x14 0x0000000000000000
core   0: 0x000000008000feee (0x00e78023) sb      a4, 0(a5)
core   0: 3 0x000000008000feee (0x00e78023) mem 0x00000000800120c3 0x00
core   0: 0x000000008000fef2 (0xfc843703) ld      a4, -56(s0)
core   0: 3 0x000000008000fef2 (0xfc843703) x14 0x0000000080012040 mem 0x0000000080031f38
core   0: 0x000000008000fef6 (0xfb843783) ld      a5, -72(s0)
core   0: 3 0x000000008000fef6 (0xfb843783) x15 0x000000000000009c mem 0x0000000080031f28
core   0: 0x000000008000fefa (0x000097ba) c.add   a5, a4
core   0: 3 0x000000008000fefa (0x97ba) x15 0x00000000800120dc
core   0: 0x000000008000fefc (0xfe043703) ld      a4, -32(s0)
core   0: 3 0x000000008000fefc (0xfe043703) x14 0x00000000800120c4 mem 0x0000000080031f50
core   0: 0x000000008000ff00 (0xfcf76de3) bltu    a4, a5, pc - 38
core   0: 3 0x000000008000ff00 (0xfcf76de3)
core   0: 0x000000008000feda (0xfe043783) ld      a5, -32(s0)
core   0: 3 0x000000008000feda (0xfe043783) x15 0x00000000800120c4 mem 0x0000000080031f50
core   0: 0x000000008000fede (0x00178713) addi    a4, a5, 1
core   0: 3 0x000000008000fede (0x00178713) x14 0x00000000800120c5
core   0: 0x000000008000fee2 (0xfee43023) sd      a4, -32(s0)
core   0: 3 0x000000008000fee2 (0xfee43023) mem 0x0000000080031f50 0x00000000800120c5
core   0: 0x000000008000fee6 (0xfc442703) lw      a4, -60(s0)
core   0: 3 0x000000008000fee6 (0xfc442703) x14 0x0000000000000000 mem 0x0000000080031f34
core   0: 0x000000008000feea (0x0ff77713) andi    a4, a4, 255
core   0: 3 0x000000008000feea (0x0ff77713) x14 0x0000000000000000
core   0: 0x000000008000feee (0x00e78023) sb      a4, 0(a5)
core   0: 3 0x000000008000feee (0x00e78023) mem 0x00000000800120c4 0x00
core   0: 0x000000008000fef2 (0xfc843703) ld      a4, -56(s0)
core   0: 3 0x000000008000fef2 (0xfc843703) x14 0x0000000080012040 mem 0x0000000080031f38
core   0: 0x000000008000fef6 (0xfb843783) ld      a5, -72(s0)
core   0: 3 0x000000008000fef6 (0xfb843783) x15 0x000000000000009c mem 0x0000000080031f28
core   0: 0x000000008000fefa (0x000097ba) c.add   a5, a4
core   0: 3 0x000000008000fefa (0x97ba) x15 0x00000000800120dc
core   0: 0x000000008000fefc (0xfe043703) ld      a4, -32(s0)
core   0: 3 0x000000008000fefc (0xfe043703) x14 0x00000000800120c5 mem 0x0000000080031f50
core   0: 0x000000008000ff00 (0xfcf76de3) bltu    a4, a5, pc - 38
core   0: 3 0x000000008000ff00 (0xfcf76de3)
core   0: 0x000000008000feda (0xfe043783) ld      a5, -32(s0)
core   0: 3 0x000000008000feda (0xfe043783) x15 0x00000000800120c5 mem 0x0000000080031f50
core   0: 0x000000008000fede (0x00178713) addi    a4, a5, 1
core   0: 3 0x000000008000fede (0x00178713) x14 0x00000000800120c6
core   0: 0x000000008000fee2 (0xfee43023) sd      a4, -32(s0)
core   0: 3 0x000000008000fee2 (0xfee43023) mem 0x0000000080031f50 0x00000000800120c6
core   0: 0x000000008000fee6 (0xfc442703) lw      a4, -60(s0)
core   0: 3 0x000000008000fee6 (0xfc442703) x14 0x0000000000000000 mem 0x0000000080031f34
core   0: 0x000000008000feea (0x0ff77713) andi    a4, a4, 255
core   0: 3 0x000000008000feea (0x0ff77713) x14 0x0000000000000000
core   0: 0x000000008000feee (0x00e78023) sb      a4, 0(a5)
core   0: 3 0x000000008000feee (0x00e78023) mem 0x00000000800120c5 0x00
core   0: 0x000000008000fef2 (0xfc843703) ld      a4, -56(s0)
core   0: 3 0x000000008000fef2 (0xfc843703) x14 0x0000000080012040 mem 0x0000000080031f38
core   0: 0x000000008000fef6 (0xfb843783) ld      a5, -72(s0)
core   0: 3 0x000000008000fef6 (0xfb843783) x15 0x000000000000009c mem 0x0000000080031f28
core   0: 0x000000008000fefa (0x000097ba) c.add   a5, a4
core   0: 3 0x000000008000fefa (0x97ba) x15 0x00000000800120dc
core   0: 0x000000008000fefc (0xfe043703) ld      a4, -32(s0)
core   0: 3 0x000000008000fefc (0xfe043703) x14 0x00000000800120c6 mem 0x0000000080031f50
core   0: 0x000000008000ff00 (0xfcf76de3) bltu    a4, a5, pc - 38
core   0: 3 0x000000008000ff00 (0xfcf76de3)
core   0: 0x000000008000feda (0xfe043783) ld      a5, -32(s0)
core   0: 3 0x000000008000feda (0xfe043783) x15 0x00000000800120c6 mem 0x0000000080031f50
core   0: 0x000000008000fede (0x00178713) addi    a4, a5, 1
core   0: 3 0x000000008000fede (0x00178713) x14 0x00000000800120c7
core   0: 0x000000008000fee2 (0xfee43023) sd      a4, -32(s0)
core   0: 3 0x000000008000fee2 (0xfee43023) mem 0x0000000080031f50 0x00000000800120c7
core   0: 0x000000008000fee6 (0xfc442703) lw      a4, -60(s0)
core   0: 3 0x000000008000fee6 (0xfc442703) x14 0x0000000000000000 mem 0x0000000080031f34
core   0: 0x000000008000feea (0x0ff77713) andi    a4, a4, 255
core   0: 3 0x000000008000feea (0x0ff77713) x14 0x0000000000000000
core   0: 0x000000008000feee (0x00e78023) sb      a4, 0(a5)
core   0: 3 0x000000008000feee (0x00e78023) mem 0x00000000800120c6 0x00
core   0: 0x000000008000fef2 (0xfc843703) ld      a4, -56(s0)
core   0: 3 0x000000008000fef2 (0xfc843703) x14 0x0000000080012040 mem 0x0000000080031f38
core   0: 0x000000008000fef6 (0xfb843783) ld      a5, -72(s0)
core   0: 3 0x000000008000fef6 (0xfb843783) x15 0x000000000000009c mem 0x0000000080031f28
core   0: 0x000000008000fefa (0x000097ba) c.add   a5, a4
core   0: 3 0x000000008000fefa (0x97ba) x15 0x00000000800120dc
core   0: 0x000000008000fefc (0xfe043703) ld      a4, -32(s0)
core   0: 3 0x000000008000fefc (0xfe043703) x14 0x00000000800120c7 mem 0x0000000080031f50
core   0: 0x000000008000ff00 (0xfcf76de3) bltu    a4, a5, pc - 38
core   0: 3 0x000000008000ff00 (0xfcf76de3)
core   0: 0x000000008000feda (0xfe043783) ld      a5, -32(s0)
core   0: 3 0x000000008000feda (0xfe043783) x15 0x00000000800120c7 mem 0x0000000080031f50
core   0: 0x000000008000fede (0x00178713) addi    a4, a5, 1
core   0: 3 0x000000008000fede (0x00178713) x14 0x00000000800120c8
core   0: 0x000000008000fee2 (0xfee43023) sd      a4, -32(s0)
core   0: 3 0x000000008000fee2 (0xfee43023) mem 0x0000000080031f50 0x00000000800120c8
core   0: 0x000000008000fee6 (0xfc442703) lw      a4, -60(s0)
core   0: 3 0x000000008000fee6 (0xfc442703) x14 0x0000000000000000 mem 0x0000000080031f34
core   0: 0x000000008000feea (0x0ff77713) andi    a4, a4, 255
core   0: 3 0x000000008000feea (0x0ff77713) x14 0x0000000000000000
core   0: 0x000000008000feee (0x00e78023) sb      a4, 0(a5)
core   0: 3 0x000000008000feee (0x00e78023) mem 0x00000000800120c7 0x00
core   0: 0x000000008000fef2 (0xfc843703) ld      a4, -56(s0)
core   0: 3 0x000000008000fef2 (0xfc843703) x14 0x0000000080012040 mem 0x0000000080031f38
core   0: 0x000000008000fef6 (0xfb843783) ld      a5, -72(s0)
core   0: 3 0x000000008000fef6 (0xfb843783) x15 0x000000000000009c mem 0x0000000080031f28
core   0: 0x000000008000fefa (0x000097ba) c.add   a5, a4
core   0: 3 0x000000008000fefa (0x97ba) x15 0x00000000800120dc
core   0: 0x000000008000fefc (0xfe043703) ld      a4, -32(s0)
core   0: 3 0x000000008000fefc (0xfe043703) x14 0x00000000800120c8 mem 0x0000000080031f50
core   0: 0x000000008000ff00 (0xfcf76de3) bltu    a4, a5, pc - 38
core   0: 3 0x000000008000ff00 (0xfcf76de3)
core   0: 0x000000008000feda (0xfe043783) ld      a5, -32(s0)
core   0: 3 0x000000008000feda (0xfe043783) x15 0x00000000800120c8 mem 0x0000000080031f50
core   0: 0x000000008000fede (0x00178713) addi    a4, a5, 1
core   0: 3 0x000000008000fede (0x00178713) x14 0x00000000800120c9
core   0: 0x000000008000fee2 (0xfee43023) sd      a4, -32(s0)
core   0: 3 0x000000008000fee2 (0xfee43023) mem 0x0000000080031f50 0x00000000800120c9
core   0: 0x000000008000fee6 (0xfc442703) lw      a4, -60(s0)
core   0: 3 0x000000008000fee6 (0xfc442703) x14 0x0000000000000000 mem 0x0000000080031f34
core   0: 0x000000008000feea (0x0ff77713) andi    a4, a4, 255
core   0: 3 0x000000008000feea (0x0ff77713) x14 0x0000000000000000
core   0: 0x000000008000feee (0x00e78023) sb      a4, 0(a5)
core   0: 3 0x000000008000feee (0x00e78023) mem 0x00000000800120c8 0x00
core   0: 0x000000008000fef2 (0xfc843703) ld      a4, -56(s0)
core   0: 3 0x000000008000fef2 (0xfc843703) x14 0x0000000080012040 mem 0x0000000080031f38
core   0: 0x000000008000fef6 (0xfb843783) ld      a5, -72(s0)
core   0: 3 0x000000008000fef6 (0xfb843783) x15 0x000000000000009c mem 0x0000000080031f28
core   0: 0x000000008000fefa (0x000097ba) c.add   a5, a4
core   0: 3 0x000000008000fefa (0x97ba) x15 0x00000000800120dc
core   0: 0x000000008000fefc (0xfe043703) ld      a4, -32(s0)
core   0: 3 0x000000008000fefc (0xfe043703) x14 0x00000000800120c9 mem 0x0000000080031f50
core   0: 0x000000008000ff00 (0xfcf76de3) bltu    a4, a5, pc - 38
core   0: 3 0x000000008000ff00 (0xfcf76de3)
core   0: 0x000000008000feda (0xfe043783) ld      a5, -32(s0)
core   0: 3 0x000000008000feda (0xfe043783) x15 0x00000000800120c9 mem 0x0000000080031f50
core   0: 0x000000008000fede (0x00178713) addi    a4, a5, 1
core   0: 3 0x000000008000fede (0x00178713) x14 0x00000000800120ca
core   0: 0x000000008000fee2 (0xfee43023) sd      a4, -32(s0)
core   0: 3 0x000000008000fee2 (0xfee43023) mem 0x0000000080031f50 0x00000000800120ca
core   0: 0x000000008000fee6 (0xfc442703) lw      a4, -60(s0)
core   0: 3 0x000000008000fee6 (0xfc442703) x14 0x0000000000000000 mem 0x0000000080031f34
core   0: 0x000000008000feea (0x0ff77713) andi    a4, a4, 255
core   0: 3 0x000000008000feea (0x0ff77713) x14 0x0000000000000000
core   0: 0x000000008000feee (0x00e78023) sb      a4, 0(a5)
core   0: 3 0x000000008000feee (0x00e78023) mem 0x00000000800120c9 0x00
core   0: 0x000000008000fef2 (0xfc843703) ld      a4, -56(s0)
core   0: 3 0x000000008000fef2 (0xfc843703) x14 0x0000000080012040 mem 0x0000000080031f38
core   0: 0x000000008000fef6 (0xfb843783) ld      a5, -72(s0)
core   0: 3 0x000000008000fef6 (0xfb843783) x15 0x000000000000009c mem 0x0000000080031f28
core   0: 0x000000008000fefa (0x000097ba) c.add   a5, a4
core   0: 3 0x000000008000fefa (0x97ba) x15 0x00000000800120dc
core   0: 0x000000008000fefc (0xfe043703) ld      a4, -32(s0)
core   0: 3 0x000000008000fefc (0xfe043703) x14 0x00000000800120ca mem 0x0000000080031f50
core   0: 0x000000008000ff00 (0xfcf76de3) bltu    a4, a5, pc - 38
core   0: 3 0x000000008000ff00 (0xfcf76de3)
core   0: 0x000000008000feda (0xfe043783) ld      a5, -32(s0)
core   0: 3 0x000000008000feda (0xfe043783) x15 0x00000000800120ca mem 0x0000000080031f50
core   0: 0x000000008000fede (0x00178713) addi    a4, a5, 1
core   0: 3 0x000000008000fede (0x00178713) x14 0x00000000800120cb
core   0: 0x000000008000fee2 (0xfee43023) sd      a4, -32(s0)
core   0: 3 0x000000008000fee2 (0xfee43023) mem 0x0000000080031f50 0x00000000800120cb
core   0: 0x000000008000fee6 (0xfc442703) lw      a4, -60(s0)
core   0: 3 0x000000008000fee6 (0xfc442703) x14 0x0000000000000000 mem 0x0000000080031f34
core   0: 0x000000008000feea (0x0ff77713) andi    a4, a4, 255
core   0: 3 0x000000008000feea (0x0ff77713) x14 0x0000000000000000
core   0: 0x000000008000feee (0x00e78023) sb      a4, 0(a5)
core   0: 3 0x000000008000feee (0x00e78023) mem 0x00000000800120ca 0x00
core   0: 0x000000008000fef2 (0xfc843703) ld      a4, -56(s0)
core   0: 3 0x000000008000fef2 (0xfc843703) x14 0x0000000080012040 mem 0x0000000080031f38
core   0: 0x000000008000fef6 (0xfb843783) ld      a5, -72(s0)
core   0: 3 0x000000008000fef6 (0xfb843783) x15 0x000000000000009c mem 0x0000000080031f28
core   0: 0x000000008000fefa (0x000097ba) c.add   a5, a4
core   0: 3 0x000000008000fefa (0x97ba) x15 0x00000000800120dc
core   0: 0x000000008000fefc (0xfe043703) ld      a4, -32(s0)
core   0: 3 0x000000008000fefc (0xfe043703) x14 0x00000000800120cb mem 0x0000000080031f50
core   0: 0x000000008000ff00 (0xfcf76de3) bltu    a4, a5, pc - 38
core   0: 3 0x000000008000ff00 (0xfcf76de3)
core   0: 0x000000008000feda (0xfe043783) ld      a5, -32(s0)
core   0: 3 0x000000008000feda (0xfe043783) x15 0x00000000800120cb mem 0x0000000080031f50
core   0: 0x000000008000fede (0x00178713) addi    a4, a5, 1
core   0: 3 0x000000008000fede (0x00178713) x14 0x00000000800120cc
core   0: 0x000000008000fee2 (0xfee43023) sd      a4, -32(s0)
core   0: 3 0x000000008000fee2 (0xfee43023) mem 0x0000000080031f50 0x00000000800120cc
core   0: 0x000000008000fee6 (0xfc442703) lw      a4, -60(s0)
core   0: 3 0x000000008000fee6 (0xfc442703) x14 0x0000000000000000 mem 0x0000000080031f34
core   0: 0x000000008000feea (0x0ff77713) andi    a4, a4, 255
core   0: 3 0x000000008000feea (0x0ff77713) x14 0x0000000000000000
core   0: 0x000000008000feee (0x00e78023) sb      a4, 0(a5)
core   0: 3 0x000000008000feee (0x00e78023) mem 0x00000000800120cb 0x00
core   0: 0x000000008000fef2 (0xfc843703) ld      a4, -56(s0)
core   0: 3 0x000000008000fef2 (0xfc843703) x14 0x0000000080012040 mem 0x0000000080031f38
core   0: 0x000000008000fef6 (0xfb843783) ld      a5, -72(s0)
core   0: 3 0x000000008000fef6 (0xfb843783) x15 0x000000000000009c mem 0x0000000080031f28
core   0: 0x000000008000fefa (0x000097ba) c.add   a5, a4
core   0: 3 0x000000008000fefa (0x97ba) x15 0x00000000800120dc
core   0: 0x000000008000fefc (0xfe043703) ld      a4, -32(s0)
core   0: 3 0x000000008000fefc (0xfe043703) x14 0x00000000800120cc mem 0x0000000080031f50
core   0: 0x000000008000ff00 (0xfcf76de3) bltu    a4, a5, pc - 38
core   0: 3 0x000000008000ff00 (0xfcf76de3)
core   0: 0x000000008000feda (0xfe043783) ld      a5, -32(s0)
core   0: 3 0x000000008000feda (0xfe043783) x15 0x00000000800120cc mem 0x0000000080031f50
core   0: 0x000000008000fede (0x00178713) addi    a4, a5, 1
core   0: 3 0x000000008000fede (0x00178713) x14 0x00000000800120cd
core   0: 0x000000008000fee2 (0xfee43023) sd      a4, -32(s0)
core   0: 3 0x000000008000fee2 (0xfee43023) mem 0x0000000080031f50 0x00000000800120cd
core   0: 0x000000008000fee6 (0xfc442703) lw      a4, -60(s0)
core   0: 3 0x000000008000fee6 (0xfc442703) x14 0x0000000000000000 mem 0x0000000080031f34
core   0: 0x000000008000feea (0x0ff77713) andi    a4, a4, 255
core   0: 3 0x000000008000feea (0x0ff77713) x14 0x0000000000000000
core   0: 0x000000008000feee (0x00e78023) sb      a4, 0(a5)
core   0: 3 0x000000008000feee (0x00e78023) mem 0x00000000800120cc 0x00
core   0: 0x000000008000fef2 (0xfc843703) ld      a4, -56(s0)
core   0: 3 0x000000008000fef2 (0xfc843703) x14 0x0000000080012040 mem 0x0000000080031f38
core   0: 0x000000008000fef6 (0xfb843783) ld      a5, -72(s0)
core   0: 3 0x000000008000fef6 (0xfb843783) x15 0x000000000000009c mem 0x0000000080031f28
core   0: 0x000000008000fefa (0x000097ba) c.add   a5, a4
core   0: 3 0x000000008000fefa (0x97ba) x15 0x00000000800120dc
core   0: 0x000000008000fefc (0xfe043703) ld      a4, -32(s0)
core   0: 3 0x000000008000fefc (0xfe043703) x14 0x00000000800120cd mem 0x0000000080031f50
core   0: 0x000000008000ff00 (0xfcf76de3) bltu    a4, a5, pc - 38
core   0: 3 0x000000008000ff00 (0xfcf76de3)
core   0: 0x000000008000feda (0xfe043783) ld      a5, -32(s0)
core   0: 3 0x000000008000feda (0xfe043783) x15 0x00000000800120cd mem 0x0000000080031f50
core   0: 0x000000008000fede (0x00178713) addi    a4, a5, 1
core   0: 3 0x000000008000fede (0x00178713) x14 0x00000000800120ce
core   0: 0x000000008000fee2 (0xfee43023) sd      a4, -32(s0)
core   0: 3 0x000000008000fee2 (0xfee43023) mem 0x0000000080031f50 0x00000000800120ce
core   0: 0x000000008000fee6 (0xfc442703) lw      a4, -60(s0)
core   0: 3 0x000000008000fee6 (0xfc442703) x14 0x0000000000000000 mem 0x0000000080031f34
core   0: 0x000000008000feea (0x0ff77713) andi    a4, a4, 255
core   0: 3 0x000000008000feea (0x0ff77713) x14 0x0000000000000000
core   0: 0x000000008000feee (0x00e78023) sb      a4, 0(a5)
core   0: 3 0x000000008000feee (0x00e78023) mem 0x00000000800120cd 0x00
core   0: 0x000000008000fef2 (0xfc843703) ld      a4, -56(s0)
core   0: 3 0x000000008000fef2 (0xfc843703) x14 0x0000000080012040 mem 0x0000000080031f38
core   0: 0x000000008000fef6 (0xfb843783) ld      a5, -72(s0)
core   0: 3 0x000000008000fef6 (0xfb843783) x15 0x000000000000009c mem 0x0000000080031f28
core   0: 0x000000008000fefa (0x000097ba) c.add   a5, a4
core   0: 3 0x000000008000fefa (0x97ba) x15 0x00000000800120dc
core   0: 0x000000008000fefc (0xfe043703) ld      a4, -32(s0)
core   0: 3 0x000000008000fefc (0xfe043703) x14 0x00000000800120ce mem 0x0000000080031f50
core   0: 0x000000008000ff00 (0xfcf76de3) bltu    a4, a5, pc - 38
core   0: 3 0x000000008000ff00 (0xfcf76de3)
core   0: 0x000000008000feda (0xfe043783) ld      a5, -32(s0)
core   0: 3 0x000000008000feda (0xfe043783) x15 0x00000000800120ce mem 0x0000000080031f50
core   0: 0x000000008000fede (0x00178713) addi    a4, a5, 1
core   0: 3 0x000000008000fede (0x00178713) x14 0x00000000800120cf
core   0: 0x000000008000fee2 (0xfee43023) sd      a4, -32(s0)
core   0: 3 0x000000008000fee2 (0xfee43023) mem 0x0000000080031f50 0x00000000800120cf
core   0: 0x000000008000fee6 (0xfc442703) lw      a4, -60(s0)
core   0: 3 0x000000008000fee6 (0xfc442703) x14 0x0000000000000000 mem 0x0000000080031f34
core   0: 0x000000008000feea (0x0ff77713) andi    a4, a4, 255
core   0: 3 0x000000008000feea (0x0ff77713) x14 0x0000000000000000
core   0: 0x000000008000feee (0x00e78023) sb      a4, 0(a5)
core   0: 3 0x000000008000feee (0x00e78023) mem 0x00000000800120ce 0x00
core   0: 0x000000008000fef2 (0xfc843703) ld      a4, -56(s0)
core   0: 3 0x000000008000fef2 (0xfc843703) x14 0x0000000080012040 mem 0x0000000080031f38
core   0: 0x000000008000fef6 (0xfb843783) ld      a5, -72(s0)
core   0: 3 0x000000008000fef6 (0xfb843783) x15 0x000000000000009c mem 0x0000000080031f28
core   0: 0x000000008000fefa (0x000097ba) c.add   a5, a4
core   0: 3 0x000000008000fefa (0x97ba) x15 0x00000000800120dc
core   0: 0x000000008000fefc (0xfe043703) ld      a4, -32(s0)
core   0: 3 0x000000008000fefc (0xfe043703) x14 0x00000000800120cf mem 0x0000000080031f50
core   0: 0x000000008000ff00 (0xfcf76de3) bltu    a4, a5, pc - 38
core   0: 3 0x000000008000ff00 (0xfcf76de3)
core   0: 0x000000008000feda (0xfe043783) ld      a5, -32(s0)
core   0: 3 0x000000008000feda (0xfe043783) x15 0x00000000800120cf mem 0x0000000080031f50
core   0: 0x000000008000fede (0x00178713) addi    a4, a5, 1
core   0: 3 0x000000008000fede (0x00178713) x14 0x00000000800120d0
core   0: 0x000000008000fee2 (0xfee43023) sd      a4, -32(s0)
core   0: 3 0x000000008000fee2 (0xfee43023) mem 0x0000000080031f50 0x00000000800120d0
core   0: 0x000000008000fee6 (0xfc442703) lw      a4, -60(s0)
core   0: 3 0x000000008000fee6 (0xfc442703) x14 0x0000000000000000 mem 0x0000000080031f34
core   0: 0x000000008000feea (0x0ff77713) andi    a4, a4, 255
core   0: 3 0x000000008000feea (0x0ff77713) x14 0x0000000000000000
core   0: 0x000000008000feee (0x00e78023) sb      a4, 0(a5)
core   0: 3 0x000000008000feee (0x00e78023) mem 0x00000000800120cf 0x00
core   0: 0x000000008000fef2 (0xfc843703) ld      a4, -56(s0)
core   0: 3 0x000000008000fef2 (0xfc843703) x14 0x0000000080012040 mem 0x0000000080031f38
core   0: 0x000000008000fef6 (0xfb843783) ld      a5, -72(s0)
core   0: 3 0x000000008000fef6 (0xfb843783) x15 0x000000000000009c mem 0x0000000080031f28
core   0: 0x000000008000fefa (0x000097ba) c.add   a5, a4
core   0: 3 0x000000008000fefa (0x97ba) x15 0x00000000800120dc
core   0: 0x000000008000fefc (0xfe043703) ld      a4, -32(s0)
core   0: 3 0x000000008000fefc (0xfe043703) x14 0x00000000800120d0 mem 0x0000000080031f50
core   0: 0x000000008000ff00 (0xfcf76de3) bltu    a4, a5, pc - 38
core   0: 3 0x000000008000ff00 (0xfcf76de3)
core   0: 0x000000008000feda (0xfe043783) ld      a5, -32(s0)
core   0: 3 0x000000008000feda (0xfe043783) x15 0x00000000800120d0 mem 0x0000000080031f50
core   0: 0x000000008000fede (0x00178713) addi    a4, a5, 1
core   0: 3 0x000000008000fede (0x00178713) x14 0x00000000800120d1
core   0: 0x000000008000fee2 (0xfee43023) sd      a4, -32(s0)
core   0: 3 0x000000008000fee2 (0xfee43023) mem 0x0000000080031f50 0x00000000800120d1
core   0: 0x000000008000fee6 (0xfc442703) lw      a4, -60(s0)
core   0: 3 0x000000008000fee6 (0xfc442703) x14 0x0000000000000000 mem 0x0000000080031f34
core   0: 0x000000008000feea (0x0ff77713) andi    a4, a4, 255
core   0: 3 0x000000008000feea (0x0ff77713) x14 0x0000000000000000
core   0: 0x000000008000feee (0x00e78023) sb      a4, 0(a5)
core   0: 3 0x000000008000feee (0x00e78023) mem 0x00000000800120d0 0x00
core   0: 0x000000008000fef2 (0xfc843703) ld      a4, -56(s0)
core   0: 3 0x000000008000fef2 (0xfc843703) x14 0x0000000080012040 mem 0x0000000080031f38
core   0: 0x000000008000fef6 (0xfb843783) ld      a5, -72(s0)
core   0: 3 0x000000008000fef6 (0xfb843783) x15 0x000000000000009c mem 0x0000000080031f28
core   0: 0x000000008000fefa (0x000097ba) c.add   a5, a4
core   0: 3 0x000000008000fefa (0x97ba) x15 0x00000000800120dc
core   0: 0x000000008000fefc (0xfe043703) ld      a4, -32(s0)
core   0: 3 0x000000008000fefc (0xfe043703) x14 0x00000000800120d1 mem 0x0000000080031f50
core   0: 0x000000008000ff00 (0xfcf76de3) bltu    a4, a5, pc - 38
core   0: 3 0x000000008000ff00 (0xfcf76de3)
core   0: 0x000000008000feda (0xfe043783) ld      a5, -32(s0)
core   0: 3 0x000000008000feda (0xfe043783) x15 0x00000000800120d1 mem 0x0000000080031f50
core   0: 0x000000008000fede (0x00178713) addi    a4, a5, 1
core   0: 3 0x000000008000fede (0x00178713) x14 0x00000000800120d2
core   0: 0x000000008000fee2 (0xfee43023) sd      a4, -32(s0)
core   0: 3 0x000000008000fee2 (0xfee43023) mem 0x0000000080031f50 0x00000000800120d2
core   0: 0x000000008000fee6 (0xfc442703) lw      a4, -60(s0)
core   0: 3 0x000000008000fee6 (0xfc442703) x14 0x0000000000000000 mem 0x0000000080031f34
core   0: 0x000000008000feea (0x0ff77713) andi    a4, a4, 255
core   0: 3 0x000000008000feea (0x0ff77713) x14 0x0000000000000000
core   0: 0x000000008000feee (0x00e78023) sb      a4, 0(a5)
core   0: 3 0x000000008000feee (0x00e78023) mem 0x00000000800120d1 0x00
core   0: 0x000000008000fef2 (0xfc843703) ld      a4, -56(s0)
core   0: 3 0x000000008000fef2 (0xfc843703) x14 0x0000000080012040 mem 0x0000000080031f38
core   0: 0x000000008000fef6 (0xfb843783) ld      a5, -72(s0)
core   0: 3 0x000000008000fef6 (0xfb843783) x15 0x000000000000009c mem 0x0000000080031f28
core   0: 0x000000008000fefa (0x000097ba) c.add   a5, a4
core   0: 3 0x000000008000fefa (0x97ba) x15 0x00000000800120dc
core   0: 0x000000008000fefc (0xfe043703) ld      a4, -32(s0)
core   0: 3 0x000000008000fefc (0xfe043703) x14 0x00000000800120d2 mem 0x0000000080031f50
core   0: 0x000000008000ff00 (0xfcf76de3) bltu    a4, a5, pc - 38
core   0: 3 0x000000008000ff00 (0xfcf76de3)
core   0: 0x000000008000feda (0xfe043783) ld      a5, -32(s0)
core   0: 3 0x000000008000feda (0xfe043783) x15 0x00000000800120d2 mem 0x0000000080031f50
core   0: 0x000000008000fede (0x00178713) addi    a4, a5, 1
core   0: 3 0x000000008000fede (0x00178713) x14 0x00000000800120d3
core   0: 0x000000008000fee2 (0xfee43023) sd      a4, -32(s0)
core   0: 3 0x000000008000fee2 (0xfee43023) mem 0x0000000080031f50 0x00000000800120d3
core   0: 0x000000008000fee6 (0xfc442703) lw      a4, -60(s0)
core   0: 3 0x000000008000fee6 (0xfc442703) x14 0x0000000000000000 mem 0x0000000080031f34
core   0: 0x000000008000feea (0x0ff77713) andi    a4, a4, 255
core   0: 3 0x000000008000feea (0x0ff77713) x14 0x0000000000000000
core   0: 0x000000008000feee (0x00e78023) sb      a4, 0(a5)
core   0: 3 0x000000008000feee (0x00e78023) mem 0x00000000800120d2 0x00
core   0: 0x000000008000fef2 (0xfc843703) ld      a4, -56(s0)
core   0: 3 0x000000008000fef2 (0xfc843703) x14 0x0000000080012040 mem 0x0000000080031f38
core   0: 0x000000008000fef6 (0xfb843783) ld      a5, -72(s0)
core   0: 3 0x000000008000fef6 (0xfb843783) x15 0x000000000000009c mem 0x0000000080031f28
core   0: 0x000000008000fefa (0x000097ba) c.add   a5, a4
core   0: 3 0x000000008000fefa (0x97ba) x15 0x00000000800120dc
core   0: 0x000000008000fefc (0xfe043703) ld      a4, -32(s0)
core   0: 3 0x000000008000fefc (0xfe043703) x14 0x00000000800120d3 mem 0x0000000080031f50
core   0: 0x000000008000ff00 (0xfcf76de3) bltu    a4, a5, pc - 38
core   0: 3 0x000000008000ff00 (0xfcf76de3)
core   0: 0x000000008000feda (0xfe043783) ld      a5, -32(s0)
core   0: 3 0x000000008000feda (0xfe043783) x15 0x00000000800120d3 mem 0x0000000080031f50
core   0: 0x000000008000fede (0x00178713) addi    a4, a5, 1
core   0: 3 0x000000008000fede (0x00178713) x14 0x00000000800120d4
core   0: 0x000000008000fee2 (0xfee43023) sd      a4, -32(s0)
core   0: 3 0x000000008000fee2 (0xfee43023) mem 0x0000000080031f50 0x00000000800120d4
core   0: 0x000000008000fee6 (0xfc442703) lw      a4, -60(s0)
core   0: 3 0x000000008000fee6 (0xfc442703) x14 0x0000000000000000 mem 0x0000000080031f34
core   0: 0x000000008000feea (0x0ff77713) andi    a4, a4, 255
core   0: 3 0x000000008000feea (0x0ff77713) x14 0x0000000000000000
core   0: 0x000000008000feee (0x00e78023) sb      a4, 0(a5)
core   0: 3 0x000000008000feee (0x00e78023) mem 0x00000000800120d3 0x00
core   0: 0x000000008000fef2 (0xfc843703) ld      a4, -56(s0)
core   0: 3 0x000000008000fef2 (0xfc843703) x14 0x0000000080012040 mem 0x0000000080031f38
core   0: 0x000000008000fef6 (0xfb843783) ld      a5, -72(s0)
core   0: 3 0x000000008000fef6 (0xfb843783) x15 0x000000000000009c mem 0x0000000080031f28
core   0: 0x000000008000fefa (0x000097ba) c.add   a5, a4
core   0: 3 0x000000008000fefa (0x97ba) x15 0x00000000800120dc
core   0: 0x000000008000fefc (0xfe043703) ld      a4, -32(s0)
core   0: 3 0x000000008000fefc (0xfe043703) x14 0x00000000800120d4 mem 0x0000000080031f50
core   0: 0x000000008000ff00 (0xfcf76de3) bltu    a4, a5, pc - 38
core   0: 3 0x000000008000ff00 (0xfcf76de3)
core   0: 0x000000008000feda (0xfe043783) ld      a5, -32(s0)
core   0: 3 0x000000008000feda (0xfe043783) x15 0x00000000800120d4 mem 0x0000000080031f50
core   0: 0x000000008000fede (0x00178713) addi    a4, a5, 1
core   0: 3 0x000000008000fede (0x00178713) x14 0x00000000800120d5
core   0: 0x000000008000fee2 (0xfee43023) sd      a4, -32(s0)
core   0: 3 0x000000008000fee2 (0xfee43023) mem 0x0000000080031f50 0x00000000800120d5
core   0: 0x000000008000fee6 (0xfc442703) lw      a4, -60(s0)
core   0: 3 0x000000008000fee6 (0xfc442703) x14 0x0000000000000000 mem 0x0000000080031f34
core   0: 0x000000008000feea (0x0ff77713) andi    a4, a4, 255
core   0: 3 0x000000008000feea (0x0ff77713) x14 0x0000000000000000
core   0: 0x000000008000feee (0x00e78023) sb      a4, 0(a5)
core   0: 3 0x000000008000feee (0x00e78023) mem 0x00000000800120d4 0x00
core   0: 0x000000008000fef2 (0xfc843703) ld      a4, -56(s0)
core   0: 3 0x000000008000fef2 (0xfc843703) x14 0x0000000080012040 mem 0x0000000080031f38
core   0: 0x000000008000fef6 (0xfb843783) ld      a5, -72(s0)
core   0: 3 0x000000008000fef6 (0xfb843783) x15 0x000000000000009c mem 0x0000000080031f28
core   0: 0x000000008000fefa (0x000097ba) c.add   a5, a4
core   0: 3 0x000000008000fefa (0x97ba) x15 0x00000000800120dc
core   0: 0x000000008000fefc (0xfe043703) ld      a4, -32(s0)
core   0: 3 0x000000008000fefc (0xfe043703) x14 0x00000000800120d5 mem 0x0000000080031f50
core   0: 0x000000008000ff00 (0xfcf76de3) bltu    a4, a5, pc - 38
core   0: 3 0x000000008000ff00 (0xfcf76de3)
core   0: 0x000000008000feda (0xfe043783) ld      a5, -32(s0)
core   0: 3 0x000000008000feda (0xfe043783) x15 0x00000000800120d5 mem 0x0000000080031f50
core   0: 0x000000008000fede (0x00178713) addi    a4, a5, 1
core   0: 3 0x000000008000fede (0x00178713) x14 0x00000000800120d6
core   0: 0x000000008000fee2 (0xfee43023) sd      a4, -32(s0)
core   0: 3 0x000000008000fee2 (0xfee43023) mem 0x0000000080031f50 0x00000000800120d6
core   0: 0x000000008000fee6 (0xfc442703) lw      a4, -60(s0)
core   0: 3 0x000000008000fee6 (0xfc442703) x14 0x0000000000000000 mem 0x0000000080031f34
core   0: 0x000000008000feea (0x0ff77713) andi    a4, a4, 255
core   0: 3 0x000000008000feea (0x0ff77713) x14 0x0000000000000000
core   0: 0x000000008000feee (0x00e78023) sb      a4, 0(a5)
core   0: 3 0x000000008000feee (0x00e78023) mem 0x00000000800120d5 0x00
core   0: 0x000000008000fef2 (0xfc843703) ld      a4, -56(s0)
core   0: 3 0x000000008000fef2 (0xfc843703) x14 0x0000000080012040 mem 0x0000000080031f38
core   0: 0x000000008000fef6 (0xfb843783) ld      a5, -72(s0)
core   0: 3 0x000000008000fef6 (0xfb843783) x15 0x000000000000009c mem 0x0000000080031f28
core   0: 0x000000008000fefa (0x000097ba) c.add   a5, a4
core   0: 3 0x000000008000fefa (0x97ba) x15 0x00000000800120dc
core   0: 0x000000008000fefc (0xfe043703) ld      a4, -32(s0)
core   0: 3 0x000000008000fefc (0xfe043703) x14 0x00000000800120d6 mem 0x0000000080031f50
core   0: 0x000000008000ff00 (0xfcf76de3) bltu    a4, a5, pc - 38
core   0: 3 0x000000008000ff00 (0xfcf76de3)
core   0: 0x000000008000feda (0xfe043783) ld      a5, -32(s0)
core   0: 3 0x000000008000feda (0xfe043783) x15 0x00000000800120d6 mem 0x0000000080031f50
core   0: 0x000000008000fede (0x00178713) addi    a4, a5, 1
core   0: 3 0x000000008000fede (0x00178713) x14 0x00000000800120d7
core   0: 0x000000008000fee2 (0xfee43023) sd      a4, -32(s0)
core   0: 3 0x000000008000fee2 (0xfee43023) mem 0x0000000080031f50 0x00000000800120d7
core   0: 0x000000008000fee6 (0xfc442703) lw      a4, -60(s0)
core   0: 3 0x000000008000fee6 (0xfc442703) x14 0x0000000000000000 mem 0x0000000080031f34
core   0: 0x000000008000feea (0x0ff77713) andi    a4, a4, 255
core   0: 3 0x000000008000feea (0x0ff77713) x14 0x0000000000000000
core   0: 0x000000008000feee (0x00e78023) sb      a4, 0(a5)
core   0: 3 0x000000008000feee (0x00e78023) mem 0x00000000800120d6 0x00
core   0: 0x000000008000fef2 (0xfc843703) ld      a4, -56(s0)
core   0: 3 0x000000008000fef2 (0xfc843703) x14 0x0000000080012040 mem 0x0000000080031f38
core   0: 0x000000008000fef6 (0xfb843783) ld      a5, -72(s0)
core   0: 3 0x000000008000fef6 (0xfb843783) x15 0x000000000000009c mem 0x0000000080031f28
core   0: 0x000000008000fefa (0x000097ba) c.add   a5, a4
core   0: 3 0x000000008000fefa (0x97ba) x15 0x00000000800120dc
core   0: 0x000000008000fefc (0xfe043703) ld      a4, -32(s0)
core   0: 3 0x000000008000fefc (0xfe043703) x14 0x00000000800120d7 mem 0x0000000080031f50
core   0: 0x000000008000ff00 (0xfcf76de3) bltu    a4, a5, pc - 38
core   0: 3 0x000000008000ff00 (0xfcf76de3)
core   0: 0x000000008000feda (0xfe043783) ld      a5, -32(s0)
core   0: 3 0x000000008000feda (0xfe043783) x15 0x00000000800120d7 mem 0x0000000080031f50
core   0: 0x000000008000fede (0x00178713) addi    a4, a5, 1
core   0: 3 0x000000008000fede (0x00178713) x14 0x00000000800120d8
core   0: 0x000000008000fee2 (0xfee43023) sd      a4, -32(s0)
core   0: 3 0x000000008000fee2 (0xfee43023) mem 0x0000000080031f50 0x00000000800120d8
core   0: 0x000000008000fee6 (0xfc442703) lw      a4, -60(s0)
core   0: 3 0x000000008000fee6 (0xfc442703) x14 0x0000000000000000 mem 0x0000000080031f34
core   0: 0x000000008000feea (0x0ff77713) andi    a4, a4, 255
core   0: 3 0x000000008000feea (0x0ff77713) x14 0x0000000000000000
core   0: 0x000000008000feee (0x00e78023) sb      a4, 0(a5)
core   0: 3 0x000000008000feee (0x00e78023) mem 0x00000000800120d7 0x00
core   0: 0x000000008000fef2 (0xfc843703) ld      a4, -56(s0)
core   0: 3 0x000000008000fef2 (0xfc843703) x14 0x0000000080012040 mem 0x0000000080031f38
core   0: 0x000000008000fef6 (0xfb843783) ld      a5, -72(s0)
core   0: 3 0x000000008000fef6 (0xfb843783) x15 0x000000000000009c mem 0x0000000080031f28
core   0: 0x000000008000fefa (0x000097ba) c.add   a5, a4
core   0: 3 0x000000008000fefa (0x97ba) x15 0x00000000800120dc
core   0: 0x000000008000fefc (0xfe043703) ld      a4, -32(s0)
core   0: 3 0x000000008000fefc (0xfe043703) x14 0x00000000800120d8 mem 0x0000000080031f50
core   0: 0x000000008000ff00 (0xfcf76de3) bltu    a4, a5, pc - 38
core   0: 3 0x000000008000ff00 (0xfcf76de3)
core   0: 0x000000008000feda (0xfe043783) ld      a5, -32(s0)
core   0: 3 0x000000008000feda (0xfe043783) x15 0x00000000800120d8 mem 0x0000000080031f50
core   0: 0x000000008000fede (0x00178713) addi    a4, a5, 1
core   0: 3 0x000000008000fede (0x00178713) x14 0x00000000800120d9
core   0: 0x000000008000fee2 (0xfee43023) sd      a4, -32(s0)
core   0: 3 0x000000008000fee2 (0xfee43023) mem 0x0000000080031f50 0x00000000800120d9
core   0: 0x000000008000fee6 (0xfc442703) lw      a4, -60(s0)
core   0: 3 0x000000008000fee6 (0xfc442703) x14 0x0000000000000000 mem 0x0000000080031f34
core   0: 0x000000008000feea (0x0ff77713) andi    a4, a4, 255
core   0: 3 0x000000008000feea (0x0ff77713) x14 0x0000000000000000
core   0: 0x000000008000feee (0x00e78023) sb      a4, 0(a5)
core   0: 3 0x000000008000feee (0x00e78023) mem 0x00000000800120d8 0x00
core   0: 0x000000008000fef2 (0xfc843703) ld      a4, -56(s0)
core   0: 3 0x000000008000fef2 (0xfc843703) x14 0x0000000080012040 mem 0x0000000080031f38
core   0: 0x000000008000fef6 (0xfb843783) ld      a5, -72(s0)
core   0: 3 0x000000008000fef6 (0xfb843783) x15 0x000000000000009c mem 0x0000000080031f28
core   0: 0x000000008000fefa (0x000097ba) c.add   a5, a4
core   0: 3 0x000000008000fefa (0x97ba) x15 0x00000000800120dc
core   0: 0x000000008000fefc (0xfe043703) ld      a4, -32(s0)
core   0: 3 0x000000008000fefc (0xfe043703) x14 0x00000000800120d9 mem 0x0000000080031f50
core   0: 0x000000008000ff00 (0xfcf76de3) bltu    a4, a5, pc - 38
core   0: 3 0x000000008000ff00 (0xfcf76de3)
core   0: 0x000000008000feda (0xfe043783) ld      a5, -32(s0)
core   0: 3 0x000000008000feda (0xfe043783) x15 0x00000000800120d9 mem 0x0000000080031f50
core   0: 0x000000008000fede (0x00178713) addi    a4, a5, 1
core   0: 3 0x000000008000fede (0x00178713) x14 0x00000000800120da
core   0: 0x000000008000fee2 (0xfee43023) sd      a4, -32(s0)
core   0: 3 0x000000008000fee2 (0xfee43023) mem 0x0000000080031f50 0x00000000800120da
core   0: 0x000000008000fee6 (0xfc442703) lw      a4, -60(s0)
core   0: 3 0x000000008000fee6 (0xfc442703) x14 0x0000000000000000 mem 0x0000000080031f34
core   0: 0x000000008000feea (0x0ff77713) andi    a4, a4, 255
core   0: 3 0x000000008000feea (0x0ff77713) x14 0x0000000000000000
core   0: 0x000000008000feee (0x00e78023) sb      a4, 0(a5)
core   0: 3 0x000000008000feee (0x00e78023) mem 0x00000000800120d9 0x00
core   0: 0x000000008000fef2 (0xfc843703) ld      a4, -56(s0)
core   0: 3 0x000000008000fef2 (0xfc843703) x14 0x0000000080012040 mem 0x0000000080031f38
core   0: 0x000000008000fef6 (0xfb843783) ld      a5, -72(s0)
core   0: 3 0x000000008000fef6 (0xfb843783) x15 0x000000000000009c mem 0x0000000080031f28
core   0: 0x000000008000fefa (0x000097ba) c.add   a5, a4
core   0: 3 0x000000008000fefa (0x97ba) x15 0x00000000800120dc
core   0: 0x000000008000fefc (0xfe043703) ld      a4, -32(s0)
core   0: 3 0x000000008000fefc (0xfe043703) x14 0x00000000800120da mem 0x0000000080031f50
core   0: 0x000000008000ff00 (0xfcf76de3) bltu    a4, a5, pc - 38
core   0: 3 0x000000008000ff00 (0xfcf76de3)
core   0: 0x000000008000feda (0xfe043783) ld      a5, -32(s0)
core   0: 3 0x000000008000feda (0xfe043783) x15 0x00000000800120da mem 0x0000000080031f50
core   0: 0x000000008000fede (0x00178713) addi    a4, a5, 1
core   0: 3 0x000000008000fede (0x00178713) x14 0x00000000800120db
core   0: 0x000000008000fee2 (0xfee43023) sd      a4, -32(s0)
core   0: 3 0x000000008000fee2 (0xfee43023) mem 0x0000000080031f50 0x00000000800120db
core   0: 0x000000008000fee6 (0xfc442703) lw      a4, -60(s0)
core   0: 3 0x000000008000fee6 (0xfc442703) x14 0x0000000000000000 mem 0x0000000080031f34
core   0: 0x000000008000feea (0x0ff77713) andi    a4, a4, 255
core   0: 3 0x000000008000feea (0x0ff77713) x14 0x0000000000000000
core   0: 0x000000008000feee (0x00e78023) sb      a4, 0(a5)
core   0: 3 0x000000008000feee (0x00e78023) mem 0x00000000800120da 0x00
core   0: 0x000000008000fef2 (0xfc843703) ld      a4, -56(s0)
core   0: 3 0x000000008000fef2 (0xfc843703) x14 0x0000000080012040 mem 0x0000000080031f38
core   0: 0x000000008000fef6 (0xfb843783) ld      a5, -72(s0)
core   0: 3 0x000000008000fef6 (0xfb843783) x15 0x000000000000009c mem 0x0000000080031f28
core   0: 0x000000008000fefa (0x000097ba) c.add   a5, a4
core   0: 3 0x000000008000fefa (0x97ba) x15 0x00000000800120dc
core   0: 0x000000008000fefc (0xfe043703) ld      a4, -32(s0)
core   0: 3 0x000000008000fefc (0xfe043703) x14 0x00000000800120db mem 0x0000000080031f50
core   0: 0x000000008000ff00 (0xfcf76de3) bltu    a4, a5, pc - 38
core   0: 3 0x000000008000ff00 (0xfcf76de3)
core   0: 0x000000008000feda (0xfe043783) ld      a5, -32(s0)
core   0: 3 0x000000008000feda (0xfe043783) x15 0x00000000800120db mem 0x0000000080031f50
core   0: 0x000000008000fede (0x00178713) addi    a4, a5, 1
core   0: 3 0x000000008000fede (0x00178713) x14 0x00000000800120dc
core   0: 0x000000008000fee2 (0xfee43023) sd      a4, -32(s0)
core   0: 3 0x000000008000fee2 (0xfee43023) mem 0x0000000080031f50 0x00000000800120dc
core   0: 0x000000008000fee6 (0xfc442703) lw      a4, -60(s0)
core   0: 3 0x000000008000fee6 (0xfc442703) x14 0x0000000000000000 mem 0x0000000080031f34
core   0: 0x000000008000feea (0x0ff77713) andi    a4, a4, 255
core   0: 3 0x000000008000feea (0x0ff77713) x14 0x0000000000000000
core   0: 0x000000008000feee (0x00e78023) sb      a4, 0(a5)
core   0: 3 0x000000008000feee (0x00e78023) mem 0x00000000800120db 0x00
core   0: 0x000000008000fef2 (0xfc843703) ld      a4, -56(s0)
core   0: 3 0x000000008000fef2 (0xfc843703) x14 0x0000000080012040 mem 0x0000000080031f38
core   0: 0x000000008000fef6 (0xfb843783) ld      a5, -72(s0)
core   0: 3 0x000000008000fef6 (0xfb843783) x15 0x000000000000009c mem 0x0000000080031f28
core   0: 0x000000008000fefa (0x000097ba) c.add   a5, a4
core   0: 3 0x000000008000fefa (0x97ba) x15 0x00000000800120dc
core   0: 0x000000008000fefc (0xfe043703) ld      a4, -32(s0)
core   0: 3 0x000000008000fefc (0xfe043703) x14 0x00000000800120dc mem 0x0000000080031f50
core   0: 0x000000008000ff00 (0xfcf76de3) bltu    a4, a5, pc - 38
core   0: 3 0x000000008000ff00 (0xfcf76de3)
core   0: 0x000000008000ff04 (0xfc843783) ld      a5, -56(s0)
core   0: 3 0x000000008000ff04 (0xfc843783) x15 0x0000000080012040 mem 0x0000000080031f38
core   0: 0x000000008000ff08 (0x0000853e) c.mv    a0, a5
core   0: 3 0x000000008000ff08 (0x853e) x10 0x0000000080012040
core   0: 0x000000008000ff0a (0x00006426) c.ldsp  s0, 72(sp)
core   0: 3 0x000000008000ff0a (0x6426) x8  0x0000000080031f90 mem 0x0000000080031f68
core   0: 0x000000008000ff0c (0x00006161) c.addi16sp sp, 80
core   0: 3 0x000000008000ff0c (0x6161) x2  0x0000000080031f70
core   0: 0x000000008000ff0e (0x00008082) ret
core   0: 3 0x000000008000ff0e (0x8082)
core   0: 0x000000008000f4c2 (0x00000001) c.nop
core   0: 3 0x000000008000f4c2 (0x0001)
core   0: 0x000000008000f4c4 (0x000060e2) c.ldsp  ra, 24(sp)
core   0: 3 0x000000008000f4c4 (0x60e2) x1  0x000000008000f502 mem 0x0000000080031f88
core   0: 0x000000008000f4c6 (0x00006442) c.ldsp  s0, 16(sp)
core   0: 3 0x000000008000f4c6 (0x6442) x8  0x0000000080032040 mem 0x0000000080031f80
core   0: 0x000000008000f4c8 (0x00006105) c.addi16sp sp, 32
core   0: 3 0x000000008000f4c8 (0x6105) x2  0x0000000080031f90
core   0: 0x000000008000f4ca (0x00008082) ret
core   0: 3 0x000000008000f4ca (0x8082)
core   0: 0x000000008000f502 (0xf5842703) lw      a4, -168(s0)
core   0: 3 0x000000008000f502 (0xf5842703) x14 0x0000000000000001 mem 0x0000000080031f98
core   0: 0x000000008000f506 (0xf5c42783) lw      a5, -164(s0)
core   0: 3 0x000000008000f506 (0xf5c42783) x15 0x0000000000000000 mem 0x0000000080031f9c
core   0: 0x000000008000f50a (0x000085ba) c.mv    a1, a4
core   0: 3 0x000000008000f50a (0x85ba) x11 0x0000000000000001
core   0: 0x000000008000f50c (0x0000853e) c.mv    a0, a5
core   0: 3 0x000000008000f50c (0x853e) x10 0x0000000000000000
core   0: 0x000000008000f50e (0xf03ff0ef) jal     pc - 0xfe
core   0: 3 0x000000008000f50e (0xf03ff0ef) x1  0x000000008000f512
core   0: >>>>  thread_entry
core   0: 0x000000008000f410 (0x00001101) c.addi  sp, -32
core   0: 3 0x000000008000f410 (0x1101) x2  0x0000000080031f70
core   0: 0x000000008000f412 (0x0000ec22) c.sdsp  s0, 24(sp)
core   0: 3 0x000000008000f412 (0xec22) mem 0x0000000080031f88 0x0000000080032040
core   0: 0x000000008000f414 (0x00001000) c.addi4spn s0, sp, 32
core   0: 3 0x000000008000f414 (0x1000) x8  0x0000000080031f90
core   0: 0x000000008000f416 (0x000087aa) c.mv    a5, a0
core   0: 3 0x000000008000f416 (0x87aa) x15 0x0000000000000000
core   0: 0x000000008000f418 (0x0000872e) c.mv    a4, a1
core   0: 3 0x000000008000f418 (0x872e) x14 0x0000000000000001
core   0: 0x000000008000f41a (0xfef42623) sw      a5, -20(s0)
core   0: 3 0x000000008000f41a (0xfef42623) mem 0x0000000080031f7c 0x00000000
core   0: 0x000000008000f41e (0x000087ba) c.mv    a5, a4
core   0: 3 0x000000008000f41e (0x87ba) x15 0x0000000000000001
core   0: 0x000000008000f420 (0xfef42423) sw      a5, -24(s0)
core   0: 3 0x000000008000f420 (0xfef42423) mem 0x0000000080031f78 0x00000001
core   0: 0x000000008000f424 (0x00000001) c.nop
core   0: 3 0x000000008000f424 (0x0001)
core   0: 0x000000008000f426 (0xfec42783) lw      a5, -20(s0)
core   0: 3 0x000000008000f426 (0xfec42783) x15 0x0000000000000000 mem 0x0000000080031f7c
core   0: 0x000000008000f42a (0x00002781) c.addiw a5, 0
core   0: 3 0x000000008000f42a (0x2781) x15 0x0000000000000000
core   0: 0x000000008000f42c (0x0000ffed) c.bnez  a5, pc - 6
core   0: 3 0x000000008000f42c (0xffed)
core   0: 0x000000008000f42e (0x00000001) c.nop
core   0: 3 0x000000008000f42e (0x0001)
core   0: 0x000000008000f430 (0x00000001) c.nop
core   0: 3 0x000000008000f430 (0x0001)
core   0: 0x000000008000f432 (0x00006462) c.ldsp  s0, 24(sp)
core   0: 3 0x000000008000f432 (0x6462) x8  0x0000000080032040 mem 0x0000000080031f88
core   0: 0x000000008000f434 (0x00006105) c.addi16sp sp, 32
core   0: 3 0x000000008000f434 (0x6105) x2  0x0000000080031f90
core   0: 0x000000008000f436 (0x00008082) ret
core   0: 3 0x000000008000f436 (0x8082)
core   0: 0x000000008000f512 (0x00004581) c.li    a1, 0
core   0: 3 0x000000008000f512 (0x4581) x11 0x0000000000000000
core   0: 0x000000008000f514 (0x00004501) c.li    a0, 0
core   0: 3 0x000000008000f514 (0x4501) x10 0x0000000000000000
core   0: 0x000000008000f516 (0xaebf20ef) jal     pc - 0xd516
core   0: 3 0x000000008000f516 (0xaebf20ef) x1  0x000000008000f51a
core   0: >>>>  main
core   0: 0x0000000080002000 (0x00000001) c.nop
core   0: 3 0x0000000080002000 (0x0001)
core   0: >>>>  trap_vec_init
core   0: 0x0000000080002002 (0x00002797) auipc   a5, 0x2
core   0: 3 0x0000000080002002 (0x00002797) x15 0x0000000080004002
core   0: 0x0000000080002006 (0xffe78793) addi    a5, a5, -2
core   0: 3 0x0000000080002006 (0xffe78793) x15 0x0000000080004000
core   0: 0x000000008000200a (0x30579073) csrrw   zero, mtvec, a5
core   0: 3 0x000000008000200a (0x30579073) c773_mtvec 0x0000000080004000
core   0: >>>>  pmp_setup
core   0: 0x000000008000200e (0x00002c17) auipc   s8, 0x2
core   0: 3 0x000000008000200e (0x00002c17) x24 0x000000008000400e
core   0: 0x0000000080002012 (0x022c0c13) addi    s8, s8, 34
core   0: 3 0x0000000080002012 (0x022c0c13) x24 0x0000000080004030
core   0: 0x0000000080002016 (0x00004781) c.li    a5, 0
core   0: 3 0x0000000080002016 (0x4781) x15 0x0000000000000000
core   0: 0x0000000080002018 (0x00009c3e) c.add   s8, a5
core   0: 3 0x0000000080002018 (0x9c3e) x24 0x0000000080004030
core   0: 0x000000008000201a (0x3b0c1073) csrrw   zero, pmpaddr0, s8
core   0: 3 0x000000008000201a (0x3b0c1073) c944_pmpaddr0 0x0000000080004030
core   0: 0x000000008000201e (0x00004c3d) c.li    s8, 15
core   0: 3 0x000000008000201e (0x4c3d) x24 0x000000000000000f
core   0: 0x0000000080002020 (0x3a0c1073) csrrw   zero, pmpcfg0, s8
core   0: 3 0x0000000080002020 (0x3a0c1073) c928_pmpcfg0 0x000000000000000f
core   0: 0x0000000080002024 (0x12000073) sfence.vma zero, zero
core   0: 3 0x0000000080002024 (0x12000073)
core   0: >>>>  mepc_setup
core   0: 0x0000000080002028 (0x00002797) auipc   a5, 0x2
core   0: 3 0x0000000080002028 (0x00002797) x15 0x0000000080004028
core   0: 0x000000008000202c (0x00878793) addi    a5, a5, 8
core   0: 3 0x000000008000202c (0x00878793) x15 0x0000000080004030
core   0: 0x0000000080002030 (0x34179073) csrrw   zero, mepc, a5
core   0: 3 0x0000000080002030 (0x34179073) c833_mepc 0x0000000080004030
core   0: >>>>  custom_csr_setup
core   0: 0x0000000080002034 (0x00100f9b) addiw   t6, zero, 1
core   0: 3 0x0000000080002034 (0x00100f9b) x31 0x0000000000000001
core   0: 0x0000000080002038 (0x00000ffe) c.slli  t6, 31
core   0: 3 0x0000000080002038 (0x0ffe) x31 0x0000000080000000
core   0: 0x000000008000203a (0x00000001) c.nop
core   0: 3 0x000000008000203a (0x0001)
core   0: >>>>  init_s_mode
core   0: 0x000000008000203c (0xfff0079b) addiw   a5, zero, -1
core   0: 3 0x000000008000203c (0xfff0079b) x15 0xffffffffffffffff
core   0: 0x0000000080002040 (0x000017fe) c.slli  a5, 63
core   0: 3 0x0000000080002040 (0x17fe) x15 0x8000000000000000
core   0: 0x0000000080002042 (0x18079073) csrrw   zero, satp, a5
core   0: 3 0x0000000080002042 (0x18079073) c384_satp 0x8000000000000000
core   0: 0x0000000080002046 (0x0000f797) auipc   a5, 0xf
core   0: 3 0x0000000080002046 (0x0000f797) x15 0x0000000080011046
core   0: 0x000000008000204a (0xfba78793) addi    a5, a5, -70
core   0: 3 0x000000008000204a (0xfba78793) x15 0x0000000080011000
core   0: 0x000000008000204e (0x000083b1) c.srli  a5, 12
core   0: 3 0x000000008000204e (0x83b1) x15 0x0000000000080011
core   0: 0x0000000080002050 (0x0010061b) addiw   a2, zero, 1
core   0: 3 0x0000000080002050 (0x0010061b) x12 0x0000000000000001
core   0: 0x0000000080002054 (0x00001632) c.slli  a2, 44
core   0: 3 0x0000000080002054 (0x1632) x12 0x0000100000000000
core   0: 0x0000000080002056 (0x0000167d) c.addi  a2, -1
core   0: 3 0x0000000080002056 (0x167d) x12 0x00000fffffffffff
core   0: 0x0000000080002058 (0x00008ff1) c.and   a5, a2
core   0: 3 0x0000000080002058 (0x8ff1) x15 0x0000000000080011
core   0: 0x000000008000205a (0x1807a073) csrrs   zero, satp, a5
core   0: 3 0x000000008000205a (0x1807a073) c384_satp 0x8000000000080011
core   0: 0x000000008000205e (0x00a005b7) lui     a1, 0xa00
core   0: 3 0x000000008000205e (0x00a005b7) x11 0x0000000000a00000
core   0: 0x0000000080002062 (0x10b5859b) addiw   a1, a1, 267
core   0: 3 0x0000000080002062 (0x10b5859b) x11 0x0000000000a0010b
core   0: 0x0000000080002066 (0x000005b2) c.slli  a1, 12
core   0: 3 0x0000000080002066 (0x05b2) x11 0x0000000a0010b000
core   0: 0x0000000080002068 (0xa0058593) addi    a1, a1, -1536
core   0: 3 0x0000000080002068 (0xa0058593) x11 0x0000000a0010aa00
core   0: 0x000000008000206c (0x30059073) csrrw   zero, mstatus, a1
core   0: 3 0x000000008000206c (0x30059073) c768_mstatus 0x0000000a00102800
core   0: 0x0000000080002070 (0x30459073) csrrw   zero, mie, a1
core   0: 3 0x0000000080002070 (0x30459073) c772_mie 0x0000000000000a00
core   0: 0x0000000080002074 (0x00a005b7) lui     a1, 0xa00
core   0: 3 0x0000000080002074 (0x00a005b7) x11 0x0000000000a00000
core   0: 0x0000000080002078 (0x10b5859b) addiw   a1, a1, 267
core   0: 3 0x0000000080002078 (0x10b5859b) x11 0x0000000000a0010b
core   0: 0x000000008000207c (0x000005b2) c.slli  a1, 12
core   0: 3 0x000000008000207c (0x05b2) x11 0x0000000a0010b000
core   0: 0x000000008000207e (0xa0058593) addi    a1, a1, -1536
core   0: 3 0x000000008000207e (0xa0058593) x11 0x0000000a0010aa00
core   0: 0x0000000080002082 (0x10059073) csrrw   zero, sstatus, a1
core   0: 3 0x0000000080002082 (0x10059073) c768_mstatus 0x0000000a00102800
core   0: 0x0000000080002086 (0x10459073) csrrw   zero, sie, a1
core   0: 3 0x0000000080002086 (0x10459073) c772_mie 0x0000000000000a00
core   0: 0x000000008000208a (0x30200073) mret
core   0: 3 0x000000008000208a (0x30200073) c768_mstatus 0x0000000a00102080
core   0: >>>>  main_g
core   0: 0x0000000080004030 (0xc2187153) fcvt.wu.d sp, fa6
core   0: 1 0x0000000080004030 (0xc2187153) c1_fflags 0x0000000000000010 c768_mstatus 0x8000000a00106080 x2  0xffffffffffffffff
core   0: 0x0000000080004034 (0x02a004bb) mulw    s1, zero, a0
core   0: 1 0x0000000080004034 (0x02a004bb) x9  0x0000000000000000
core   0: 0x0000000080004038 (0xd222fed3) fcvt.d.l ft9, t0
core   0: 1 0x0000000080004038 (0xd222fed3) f29 0x41e0000024800000
core   0: 0x000000008000403c (0x2b7c0253) fmin.d  ft4, fs8, fs7
core   0: 1 0x000000008000403c (0x2b7c0253) f4  0x7ff8000000000000
core   0: 0x0000000080004040 (0x01a95e13) srli    t3, s2, 26
core   0: 1 0x0000000080004040 (0x01a95e13) x28 0x0000000000000000
core   0: 0x0000000080004044 (0xc21a7153) fcvt.wu.d sp, fs4
core   0: 1 0x0000000080004044 (0xc21a7153) c1_fflags 0x0000000000000010 x2  0xffffffffffffffff
core   0: 0x0000000080004048 (0x0322fbd3) fadd.d  fs7, ft5, fs2
core   0: 1 0x0000000080004048 (0x0322fbd3) f23 0x7ff8000000000000
core   0: 0x000000008000404c (0x00000001) c.nop
core   0: 1 0x000000008000404c (0x0001)
core   0: 0x000000008000404e (0xd225fbd3) fcvt.d.l fs7, a1
core   0: 1 0x000000008000404e (0xd225fbd3) f23 0x4224002154000000
core   0: 0x0000000080004052 (0x018544b3) xor     s1, a0, s8
core   0: 1 0x0000000080004052 (0x018544b3) x9  0x000000000000000f
core   0: 0x0000000080004056 (0x5a01f8d3) fsqrt.d fa7, ft3
core   0: 1 0x0000000080004056 (0x5a01f8d3) f17 0x7ff8000000000000
core   0: 0x000000008000405a (0x008483b3) add     t2, s1, s0
core   0: 1 0x000000008000405a (0x008483b3) x7  0x000000008003204f
core   0: 0x000000008000405e (0x1acc7c53) fdiv.d  fs8, fs8, fa2
core   0: 1 0x000000008000405e (0x1acc7c53) f24 0x7ff8000000000000
core   0: 0x0000000080004062 (0x083c6093) ori     ra, s8, 131
core   0: 1 0x0000000080004062 (0x083c6093) x1  0x000000000000008f
core   0: 0x0000000080004066 (0x405ed51b) sraiw   a0, t4, 5
core   0: 1 0x0000000080004066 (0x405ed51b) x10 0x0000000000000000
core   0: 0x000000008000406a (0x002810f3) csrrw   ra, frm, a6
core   0: 1 0x000000008000406a (0x002810f3) x1  0x0000000000000000 c2_frm 0x0000000000000000
core   0: 0x000000008000406e (0x00be9993) slli    s3, t4, 11
core   0: 1 0x000000008000406e (0x00be9993) x19 0x0000000000000000
core   0: 0x0000000080004072 (0x014be833) or      a6, s7, s4
core   0: 1 0x0000000080004072 (0x014be833) x16 0x0000000000000000
core   0: 0x0000000080004076 (0x01f4949b) slliw   s1, s1, 31
core   0: 1 0x0000000080004076 (0x01f4949b) x9  0xffffffff80000000
core   0: 0x000000008000407a (0xd23efa53) fcvt.d.lu fs4, t4
core   0: 1 0x000000008000407a (0xd23efa53) f20 0x0000000000000000
core   0: 0x000000008000407e (0x0098943b) sllw    s0, a7, s1
core   0: 1 0x000000008000407e (0x0098943b) x8  0x0000000000000000
core   0: 0x0000000080004082 (0x1592c397) auipc   t2, 0x1592c
core   0: 1 0x0000000080004082 (0x1592c397) x7  0x0000000095930082
core   0: 0x0000000080004086 (0x034100bb) mulw    ra, sp, s4
core   0: 1 0x0000000080004086 (0x034100bb) x1  0x0000000000000000
core   0: 0x000000008000408a (0x01e2d71b) srliw   a4, t0, 30
core   0: 1 0x000000008000408a (0x01e2d71b) x14 0x0000000000000002
core   0: 0x000000008000408e (0x01cb5e3b) srlw    t3, s6, t3
core   0: 1 0x000000008000408e (0x01cb5e3b) x28 0x0000000000000000
core   0: 0x0000000080004092 (0x001022f3) csrrs   t0, fflags, zero
core   0: 1 0x0000000080004092 (0x001022f3) x5  0x0000000000000010
core   0: 0x0000000080004096 (0xd232fc53) fcvt.d.lu fs8, t0
core   0: 1 0x0000000080004096 (0xd232fc53) f24 0x4030000000000000
core   0: 0x000000008000409a (0xc2147953) fcvt.wu.d s2, fs0
core   0: 1 0x000000008000409a (0xc2147953) c1_fflags 0x0000000000000010 x18 0xffffffffffffffff
core   0: 0x000000008000409e (0x413c89b3) sub     s3, s9, s3
core   0: 1 0x000000008000409e (0x413c89b3) x19 0x0000000000000000
core   0: 0x00000000800040a2 (0x011cd8b3) srl     a7, s9, a7
core   0: 1 0x00000000800040a2 (0x011cd8b3) x17 0x0000000000000000
core   0: 0x00000000800040a6 (0x00000001) c.nop
core   0: 1 0x00000000800040a6 (0x0001)
core   0: 0x00000000800040a8 (0x00000001) c.nop
core   0: 1 0x00000000800040a8 (0x0001)
core   0: 0x00000000800040aa (0x0138a433) slt     s0, a7, s3
core   0: 1 0x00000000800040aa (0x0138a433) x8  0x0000000000000000
core   0: 0x00000000800040ae (0xc20ff6d3) fcvt.w.d a3, ft11
core   0: 1 0x00000000800040ae (0xc20ff6d3) c1_fflags 0x0000000000000010 x13 0x000000007fffffff
core   0: 0x00000000800040b2 (0x3b8578cf) fnmadd.d fa7, fa0, fs8, ft7
core   0: 1 0x00000000800040b2 (0x3b8578cf) f17 0x7ff8000000000000
core   0: 0x00000000800040b6 (0x00719533) sll     a0, gp, t2
core   0: 1 0x00000000800040b6 (0x00719533) x10 0x000000020004a0a0
core   0: 0x00000000800040ba (0x5a057a53) fsqrt.d fs4, fa0
core   0: 1 0x00000000800040ba (0x5a057a53) f20 0x7ff8000000000000
core   0: 0x00000000800040be (0x401b7353) fcvt.s.d ft6, fs6
core   0: 1 0x00000000800040be (0x401b7353) f6  0xffffffff7fc00000
core   0: 0x00000000800040c2 (0x00000001) c.nop
core   0: 1 0x00000000800040c2 (0x0001)
core   0: 0x00000000800040c4 (0x12007653) fmul.d  fa2, ft0, ft0
core   0: 1 0x00000000800040c4 (0x12007653) f12 0x7ff8000000000000
core   0: 0x00000000800040c8 (0x03f75a93) srli    s5, a4, 63
core   0: 1 0x00000000800040c8 (0x03f75a93) x21 0x0000000000000000
core   0: 0x00000000800040cc (0x0029999b) slliw   s3, s3, 2
core   0: 1 0x00000000800040cc (0x0029999b) x19 0x0000000000000000
core   0: 0x00000000800040d0 (0xffa105b7) lui     a1, 0xffa10
core   0: 1 0x00000000800040d0 (0xffa105b7) x11 0xffffffffffa10000
core   0: 0x00000000800040d4 (0x05f5859b) addiw   a1, a1, 95
core   0: 1 0x00000000800040d4 (0x05f5859b) x11 0xffffffffffa1005f
core   0: 0x00000000800040d8 (0x000005c2) c.slli  a1, 16
core   0: 1 0x00000000800040d8 (0x05c2) x11 0xffffffa1005f0000
core   0: 0x00000000800040da (0x1b558593) addi    a1, a1, 437
core   0: 1 0x00000000800040da (0x1b558593) x11 0xffffffa1005f01b5
core   0: 0x00000000800040de (0x138376d3) fmul.d  fa3, ft6, fs8
core   0: 1 0x00000000800040de (0x138376d3) f13 0x7ff8000000000000
core   0: 0x00000000800040e2 (0x00159d73) csrrw   s10, fflags, a1
core   0: 1 0x00000000800040e2 (0x00159d73) x26 0x0000000000000010 c1_fflags 0x0000000000000015
core   0: 0x00000000800040e6 (0x00000001) c.nop
core   0: 1 0x00000000800040e6 (0x0001)
core   0: 0x00000000800040e8 (0x239090d3) fsgnjn.d ft1, ft1, fs9
core   0: 1 0x00000000800040e8 (0x239090d3) f1  0x7fffffff00000000
core   0: 0x00000000800040ec (0xd021f453) fcvt.s.l fs0, gp
core   0: 1 0x00000000800040ec (0xd021f453) c1_fflags 0x0000000000000015 f8  0xffffffff4f000128
core   0: 0x00000000800040f0 (0x02797733) remu    a4, s2, t2
core   0: 1 0x00000000800040f0 (0x02797733) x14 0x0000000006f9488d
core   0: 0x00000000800040f4 (0xd2120953) fcvt.d.wu fs2, tp
core   0: 1 0x00000000800040f4 (0xd2120953) f18 0x41e0002408000000
core   0: 0x00000000800040f8 (0x00002e05) c.addiw t3, 1
core   0: 1 0x00000000800040f8 (0x2e05) x28 0x0000000000000001
core   0: 0x00000000800040fa (0x01c96233) or      tp, s2, t3
core   0: 1 0x00000000800040fa (0x01c96233) x4  0xffffffffffffffff
core   0: 0x00000000800040fe (0x004218bb) sllw    a7, tp, tp
core   0: 1 0x00000000800040fe (0x004218bb) x17 0xffffffff80000000
core   0: 0x0000000080004102 (0x23ef12d3) fsgnjn.d ft5, ft10, ft10
core   0: 1 0x0000000080004102 (0x23ef12d3) f5  0x7fffffff00000000
core   0: 0x0000000080004106 (0x00a99413) slli    s0, s3, 10
core   0: 1 0x0000000080004106 (0x00a99413) x8  0x0000000000000000
core   0: 0x000000008000410a (0x414c0d3b) subw    s10, s8, s4
core   0: 1 0x000000008000410a (0x414c0d3b) x26 0x000000000000000f
core   0: 0x000000008000410e (0x035e9eb3) mulh    t4, t4, s5
core   0: 1 0x000000008000410e (0x035e9eb3) x29 0x0000000000000000
core   0: 0x0000000080004112 (0xa0b98d93) addi    s11, s3, -1525
core   0: 1 0x0000000080004112 (0xa0b98d93) x27 0xfffffffffffffa0b
core   0: 0x0000000080004116 (0x5a02f853) fsqrt.d fa6, ft5
core   0: 1 0x0000000080004116 (0x5a02f853) f16 0x7ff8000000000000
core   0: 0x000000008000411a (0x8009829b) addiw   t0, s3, -2048
core   0: 1 0x000000008000411a (0x8009829b) x5  0xfffffffffffff800
core   0: 0x000000008000411e (0xd20e8f53) fcvt.d.w ft10, t4
core   0: 1 0x000000008000411e (0xd20e8f53) f30 0x0000000000000000
core   0: 0x0000000080004122 (0xd22df753) fcvt.d.l fa4, s11
core   0: 1 0x0000000080004122 (0xd22df753) f14 0xc097d40000000000
core   0: 0x0000000080004126 (0x4029853b) subw    a0, s3, sp
core   0: 1 0x0000000080004126 (0x4029853b) x10 0x0000000000000001
core   0: 0x000000008000412a (0xd23df953) fcvt.d.lu fs2, s11
core   0: 1 0x000000008000412a (0xd23df953) c1_fflags 0x0000000000000015 f18 0x43efffffffffffff
core   0: 0x000000008000412e (0x2bff0f53) fmin.d  ft10, ft10, ft11
core   0: 1 0x000000008000412e (0x2bff0f53) f30 0x0000000000000000
core   0: 0x0000000080004132 (0x33ef7e4b) fnmsub.d ft8, ft10, ft10, ft6
core   0: 1 0x0000000080004132 (0x33ef7e4b) f28 0x7ff8000000000000
core   0: 0x0000000080004136 (0x00237333) and     t1, t1, sp
core   0: 1 0x0000000080004136 (0x00237333) x6  0x0000000000000000
core   0: 0x000000008000413a (0xc2097ed3) fcvt.w.d t4, fs2
core   0: 1 0x000000008000413a (0xc2097ed3) c1_fflags 0x0000000000000015 x29 0x000000007fffffff
core   0: 0x000000008000413e (0x012e19bb) sllw    s3, t3, s2
core   0: 1 0x000000008000413e (0x012e19bb) x19 0xffffffff80000000
core   0: 0x0000000080004142 (0xdbbd70cf) fnmadd.d ft1, fs10, fs11, fs11
core   0: 1 0x0000000080004142 (0xdbbd70cf) f1  0x7ff8000000000000
core   0: 0x0000000080004146 (0x34305df3) csrrwi  s11, mtval, 0
core   0: exception trap_illegal_instruction, epc 0x0000000080004146
core   0:           tval 0x0000000034305df3
core   0: >>>>  $xrv64i2p1_m2p0_a2p1_f2p2_d2p2_zicsr2p0_zifencei2p0_zmmul1p0_zba1p0_zbb1p0_zbc1p0_zbs1p0
core   0: 0x0000000080004000 (0x0080006f) j       pc + 0x8
core   0: 3 0x0000000080004000 (0x0080006f)
core   0: >>>>  mmode_exception_handler
core   0: 0x0000000080004008 (0x00002c17) auipc   s8, 0x2
core   0: 3 0x0000000080004008 (0x00002c17) x24 0x0000000080006008
core   0: 0x000000008000400c (0x078c0c13) addi    s8, s8, 120
core   0: 3 0x000000008000400c (0x078c0c13) x24 0x0000000080006080
core   0: 0x0000000080004010 (0x000c00e7) jalr    s8
core   0: 3 0x0000000080004010 (0x000c00e7) x1  0x0000000080004014
core   0: >>>>  any_handler
core   0: 0x0000000080006080 (0x341027f3) csrrs   a5, mepc, zero
core   0: 3 0x0000000080006080 (0x341027f3) x15 0x0000000080004146
core   0: 0x0000000080006084 (0x34202773) csrrs   a4, mcause, zero
core   0: 3 0x0000000080006084 (0x34202773) x14 0x0000000000000002
core   0: 0x0000000080006088 (0x142026f3) csrrs   a3, scause, zero
core   0: 3 0x0000000080006088 (0x142026f3) x13 0x0000000000000000
core   0: 0x000000008000608c (0x30402673) csrrs   a2, mie, zero
core   0: 3 0x000000008000608c (0x30402673) x12 0x0000000000000a00
core   0: 0x0000000080006090 (0x344025f3) csrrs   a1, mip, zero
core   0: 3 0x0000000080006090 (0x344025f3) x11 0x0000000000000080
core   0: 0x0000000080006094 (0x343025f3) csrrs   a1, mtval, zero
core   0: 3 0x0000000080006094 (0x343025f3) x11 0x0000000034305df3
core   0: 0x0000000080006098 (0x14302573) csrrs   a0, stval, zero
core   0: 3 0x0000000080006098 (0x14302573) x10 0x0000000000000000
core   0: 0x000000008000609c (0xb02024f3) csrrs   s1, minstret, zero
core   0: 3 0x000000008000609c (0xb02024f3) x9  0x0000000000000814
core   0: 0x00000000800060a0 (0x0000a811) c.j     pc + 20
core   0: 3 0x00000000800060a0 (0xa811)
core   0: >>>>  mepc_4
core   0: 0x00000000800060b4 (0x00000791) c.addi  a5, 4
core   0: 3 0x00000000800060b4 (0x0791) x15 0x000000008000414a
core   0: 0x00000000800060b6 (0x34179073) csrrw   zero, mepc, a5
core   0: 3 0x00000000800060b6 (0x34179073) c833_mepc 0x000000008000414a
core   0: 0x00000000800060ba (0x30200073) mret
core   0: 3 0x00000000800060ba (0x30200073) c768_mstatus 0x8000000a00106080
core   0: 0x000000008000414a (0x32bac013) xori    zero, s5, 811
core   0: 1 0x000000008000414a (0x32bac013)
core   0: 0x000000008000414e (0x40760633) sub     a2, a2, t2
core   0: 1 0x000000008000414e (0x40760633) x12 0xffffffff6a6d097e
core   0: 0x0000000080004152 (0x00188b93) addi    s7, a7, 1
core   0: 1 0x0000000080004152 (0x00188b93) x23 0xffffffff80000001
core   0: 0x0000000080004156 (0x42088ad3) fcvt.d.s fs5, fa7
core   0: 1 0x0000000080004156 (0x42088ad3) f21 0x7ff8000000000000
core   0: 0x000000008000415a (0x13c3fc53) fmul.d  fs8, ft7, ft8
core   0: 1 0x000000008000415a (0x13c3fc53) f24 0x7ff8000000000000
core   0: 0x000000008000415e (0x00174093) xori    ra, a4, 1
core   0: 1 0x000000008000415e (0x00174093) x1  0x0000000000000003
core   0: 0x0000000080004162 (0x00940b3b) addw    s6, s0, s1
core   0: 1 0x0000000080004162 (0x00940b3b) x22 0x0000000000000814
core   0: 0x0000000080004166 (0xfdaf6c37) lui     s8, 0xfdaf6
core   0: 1 0x0000000080004166 (0xfdaf6c37) x24 0xfffffffffdaf6000
core   0: 0x000000008000416a (0x0f3c0c1b) addiw   s8, s8, 243
core   0: 1 0x000000008000416a (0x0f3c0c1b) x24 0xfffffffffdaf60f3
core   0: 0x000000008000416e (0x00000c32) c.slli  s8, 12
core   0: 1 0x000000008000416e (0x0c32) x24 0xffffffdaf60f3000
core   0: 0x0000000080004170 (0x8d2c0c13) addi    s8, s8, -1838
core   0: 1 0x0000000080004170 (0x8d2c0c13) x24 0xffffffdaf60f28d2
core   0: 0x0000000080004174 (0x007c1513) slli    a0, s8, 7
core   0: 1 0x0000000080004174 (0x007c1513) x10 0xffffed7b07946900
core   0: 0x0000000080004178 (0x01001bbb) sllw    s7, zero, a6
core   0: 1 0x0000000080004178 (0x01001bbb) x23 0x0000000000000000
core   0: 0x000000008000417c (0x0ff0000f) fence   iorw,iorw
core   0: 1 0x000000008000417c (0x0ff0000f)
core   0: 0x0000000080004180 (0x40378333) sub     t1, a5, gp
core   0: 1 0x0000000080004180 (0x40378333) x6  0xffffffffffff1922
core   0: 0x0000000080004184 (0x1a477cd3) fdiv.d  fs9, fa4, ft4
core   0: 1 0x0000000080004184 (0x1a477cd3) f25 0x7ff8000000000000
core   0: 0x0000000080004188 (0x00f99a93) slli    s5, s3, 15
core   0: 1 0x0000000080004188 (0x00f99a93) x21 0xffffc00000000000
core   0: 0x000000008000418c (0x5ad4f347) fmsub.d ft6, fs1, fa3, fa1
core   0: 1 0x000000008000418c (0x5ad4f347) f6  0x7ff8000000000000
core   0: 0x0000000080004190 (0x5a087853) fsqrt.d fa6, fa6
core   0: 1 0x0000000080004190 (0x5a087853) f16 0x7ff8000000000000
core   0: 0x0000000080004194 (0x0019891b) addiw   s2, s3, 1
core   0: 1 0x0000000080004194 (0x0019891b) x18 0xffffffff80000001
core   0: 0x0000000080004198 (0x00000001) c.nop
core   0: 1 0x0000000080004198 (0x0001)
core   0: 0x000000008000419a (0x001023f3) csrrs   t2, fflags, zero
core   0: 1 0x000000008000419a (0x001023f3) x7  0x0000000000000015
core   0: 0x000000008000419e (0x000c5893) srli    a7, s8, 0
core   0: 1 0x000000008000419e (0x000c5893) x17 0xffffffdaf60f28d2
core   0: 0x00000000800041a2 (0x5a087fd3) fsqrt.d ft11, fa6
core   0: 1 0x00000000800041a2 (0x5a087fd3) f31 0x7ff8000000000000
core   0: 0x00000000800041a6 (0x018c533b) srlw    t1, s8, s8
core   0: 1 0x00000000800041a6 (0x018c533b) x6  0x0000000000003d83
core   0: 0x00000000800041aa (0x0243c23b) divw    tp, t2, tp
core   0: 1 0x00000000800041aa (0x0243c23b) x4  0xffffffffffffffeb
core   0: 0x00000000800041ae (0x230811d3) fsgnjn.d ft3, fa6, fa6
core   0: 1 0x00000000800041ae (0x230811d3) f3  0xfff8000000000000
core   0: 0x00000000800041b2 (0xc20876d3) fcvt.w.d a3, fa6
core   0: 1 0x00000000800041b2 (0xc20876d3) c1_fflags 0x0000000000000015 x13 0x000000007fffffff
core   0: 0x00000000800041b6 (0x00102e73) csrrs   t3, fflags, zero
core   0: 1 0x00000000800041b6 (0x00102e73) x28 0x0000000000000015
core   0: 0x00000000800041ba (0x0ae2774b) fnmsub.d fa4, ft4, fa4, ft1
core   0: 1 0x00000000800041ba (0x0ae2774b) f14 0x7ff8000000000000
core   0: 0x00000000800041be (0x4002561b) sraiw   a2, tp, 0
core   0: 1 0x00000000800041be (0x4002561b) x12 0xffffffffffffffeb
core   0: 0x00000000800041c2 (0xfffd8c9b) addiw   s9, s11, -1
core   0: 1 0x00000000800041c2 (0xfffd8c9b) x25 0xfffffffffffffa0a
core   0: 0x00000000800041c6 (0xfff9f213) andi    tp, s3, -1
core   0: 1 0x00000000800041c6 (0xfff9f213) x4  0xffffffff80000000
core   0: 0x00000000800041ca (0x10ac1073) csrrw   zero, senvcfg, s8
core   0: 1 0x00000000800041ca (0x10ac1073) c266_senvcfg 0x0000000000000000
core   0: 0x00000000800041ce (0x00000001) c.nop
core   0: 1 0x00000000800041ce (0x0001)
core   0: 0x00000000800041d0 (0xf2040353) fmv.d.x ft6, s0
core   0: 1 0x00000000800041d0 (0xf2040353) f6  0x0000000000000000
core   0: 0x00000000800041d4 (0x0002049b) sext.w  s1, tp
core   0: 1 0x00000000800041d4 (0x0002049b) x9  0xffffffff80000000
core   0: 0x00000000800041d8 (0x00000001) c.nop
core   0: 1 0x00000000800041d8 (0x0001)
core   0: 0x00000000800041da (0x12f77453) fmul.d  fs0, fa4, fa5
core   0: 1 0x00000000800041da (0x12f77453) f8  0x7ff8000000000000
core   0: 0x00000000800041de (0xf20d07d3) fmv.d.x fa5, s10
core   0: 1 0x00000000800041de (0xf20d07d3) f15 0x000000000000000f
core   0: 0x00000000800041e2 (0xd039f1d3) fcvt.s.lu ft3, s3
core   0: 1 0x00000000800041e2 (0xd039f1d3) c1_fflags 0x0000000000000015 f3  0xffffffff5f800000
core   0: 0x00000000800041e6 (0xd026fbd3) fcvt.s.l fs7, a3
core   0: 1 0x00000000800041e6 (0xd026fbd3) c1_fflags 0x0000000000000015 f23 0xffffffff4f000000
core   0: 0x00000000800041ea (0xd20482d3) fcvt.d.w ft5, s1
core   0: 1 0x00000000800041ea (0xd20482d3) f5  0xc1e0000000000000
core   0: 0x00000000800041ee (0x121074cf) fnmadd.d fs1, ft0, ft1, ft2
core   0: 1 0x00000000800041ee (0x121074cf) f9  0x7ff8000000000000
core   0: 0x00000000800041f2 (0x00b367b3) or      a5, t1, a1
core   0: 1 0x00000000800041f2 (0x00b367b3) x15 0x0000000034307df3
core   0: 0x00000000800041f6 (0x0a02f2d3) fsub.d  ft5, ft5, ft0
core   0: 1 0x00000000800041f6 (0x0a02f2d3) f5  0x7ff8000000000000
core   0: 0x00000000800041fa (0xc02175d3) fcvt.l.s a1, ft2
core   0: 1 0x00000000800041fa (0xc02175d3) x11 0x0000000000000000
core   0: 0x00000000800041fe (0x01997c33) and     s8, s2, s9
core   0: 1 0x00000000800041fe (0x01997c33) x24 0xffffffff80000000
core   0: 0x0000000080004202 (0xf2018dd3) fmv.d.x fs11, gp
core   0: 1 0x0000000080004202 (0xf2018dd3) f27 0x0000000080012828
core   0: 0x0000000080004206 (0x61c08493) addi    s1, ra, 1564
core   0: 1 0x0000000080004206 (0x61c08493) x9  0x000000000000061f
core   0: 0x000000008000420a (0xd0267c53) fcvt.s.l fs8, a2
core   0: 1 0x000000008000420a (0xd0267c53) f24 0xffffffffc1a80000
core   0: 0x000000008000420e (0x0000979b) slliw   a5, ra, 0
core   0: 1 0x000000008000420e (0x0000979b) x15 0x0000000000000003
core   0: 0x0000000080004212 (0xc03779d3) fcvt.lu.s s3, fa4
core   0: 1 0x0000000080004212 (0xc03779d3) c1_fflags 0x0000000000000015 x19 0xffffffffffffffff
core   0: 0x0000000080004216 (0x0157909b) slliw   ra, a5, 21
core   0: 1 0x0000000080004216 (0x0157909b) x1  0x0000000000600000
core   0: 0x000000008000421a (0x001026f3) csrrs   a3, fflags, zero
core   0: 1 0x000000008000421a (0x001026f3) x13 0x0000000000000015
core   0: 0x000000008000421e (0x00cc1a9b) slliw   s5, s8, 12
core   0: 1 0x000000008000421e (0x00cc1a9b) x21 0x0000000000000000
core   0: 0x0000000080004222 (0x028addb3) divu    s11, s5, s0
core   0: 1 0x0000000080004222 (0x028addb3) x27 0xffffffffffffffff
core   0: 0x0000000080004226 (0x410457b3) sra     a5, s0, a6
core   0: 1 0x0000000080004226 (0x410457b3) x15 0x0000000000000000
core   0: 0x000000008000422a (0x410edc9b) sraiw   s9, t4, 16
core   0: 1 0x000000008000422a (0x410edc9b) x25 0x0000000000007fff
core   0: 0x000000008000422e (0x00ecd59b) srliw   a1, s9, 14
core   0: 1 0x000000008000422e (0x00ecd59b) x11 0x0000000000000001
core   0: 0x0000000080004232 (0x03dce0b3) rem     ra, s9, t4
core   0: 1 0x0000000080004232 (0x03dce0b3) x1  0x0000000000007fff
core   0: 0x0000000080004236 (0x0215d9bb) divuw   s3, a1, ra
core   0: 1 0x0000000080004236 (0x0215d9bb) x19 0x0000000000000000
core   0: 0x000000008000423a (0x014997b3) sll     a5, s3, s4
core   0: 1 0x000000008000423a (0x014997b3) x15 0x0000000000000000
core   0: 0x000000008000423e (0xc00e3673) csrrc   a2, cycle, t3
core   0: exception trap_illegal_instruction, epc 0x000000008000423e
core   0:           tval 0x00000000c00e3673
core   0: >>>>  $xrv64i2p1_m2p0_a2p1_f2p2_d2p2_zicsr2p0_zifencei2p0_zmmul1p0_zba1p0_zbb1p0_zbc1p0_zbs1p0
core   0: 0x0000000080004000 (0x0080006f) j       pc + 0x8
core   0: 3 0x0000000080004000 (0x0080006f)
core   0: >>>>  mmode_exception_handler
core   0: 0x0000000080004008 (0x00002c17) auipc   s8, 0x2
core   0: 3 0x0000000080004008 (0x00002c17) x24 0x0000000080006008
core   0: 0x000000008000400c (0x078c0c13) addi    s8, s8, 120
core   0: 3 0x000000008000400c (0x078c0c13) x24 0x0000000080006080
core   0: 0x0000000080004010 (0x000c00e7) jalr    s8
core   0: 3 0x0000000080004010 (0x000c00e7) x1  0x0000000080004014
core   0: >>>>  any_handler
core   0: 0x0000000080006080 (0x341027f3) csrrs   a5, mepc, zero
core   0: 3 0x0000000080006080 (0x341027f3) x15 0x000000008000423e
core   0: 0x0000000080006084 (0x34202773) csrrs   a4, mcause, zero
core   0: 3 0x0000000080006084 (0x34202773) x14 0x0000000000000002
core   0: 0x0000000080006088 (0x142026f3) csrrs   a3, scause, zero
core   0: 3 0x0000000080006088 (0x142026f3) x13 0x0000000000000000
core   0: 0x000000008000608c (0x30402673) csrrs   a2, mie, zero
core   0: 3 0x000000008000608c (0x30402673) x12 0x0000000000000a00
core   0: 0x0000000080006090 (0x344025f3) csrrs   a1, mip, zero
core   0: 3 0x0000000080006090 (0x344025f3) x11 0x0000000000000080
core   0: 0x0000000080006094 (0x343025f3) csrrs   a1, mtval, zero
core   0: 3 0x0000000080006094 (0x343025f3) x11 0x00000000c00e3673
core   0: 0x0000000080006098 (0x14302573) csrrs   a0, stval, zero
core   0: 3 0x0000000080006098 (0x14302573) x10 0x0000000000000000
core   0: 0x000000008000609c (0xb02024f3) csrrs   s1, minstret, zero
core   0: 3 0x000000008000609c (0xb02024f3) x9  0x0000000000000863
core   0: 0x00000000800060a0 (0x0000a811) c.j     pc + 20
core   0: 3 0x00000000800060a0 (0xa811)
core   0: >>>>  mepc_4
core   0: 0x00000000800060b4 (0x00000791) c.addi  a5, 4
core   0: 3 0x00000000800060b4 (0x0791) x15 0x0000000080004242
core   0: 0x00000000800060b6 (0x34179073) csrrw   zero, mepc, a5
core   0: 3 0x00000000800060b6 (0x34179073) c833_mepc 0x0000000080004242
core   0: 0x00000000800060ba (0x30200073) mret
core   0: 3 0x00000000800060ba (0x30200073) c768_mstatus 0x8000000a00106080
core   0: 0x0000000080004242 (0xd026fb53) fcvt.s.l fs6, a3
core   0: 1 0x0000000080004242 (0xd026fb53) f22 0xffffffff00000000
core   0: 0x0000000080004246 (0x41b50833) sub     a6, a0, s11
core   0: 1 0x0000000080004246 (0x41b50833) x16 0x0000000000000001
core   0: 0x000000008000424a (0x41d5563b) sraw    a2, a0, t4
core   0: 1 0x000000008000424a (0x41d5563b) x12 0x0000000000000000
core   0: 0x000000008000424e (0xc0377d53) fcvt.lu.s s10, fa4
core   0: 1 0x000000008000424e (0xc0377d53) c1_fflags 0x0000000000000015 x26 0xffffffffffffffff
core   0: 0x0000000080004252 (0x41960b3b) subw    s6, a2, s9
core   0: 1 0x0000000080004252 (0x41960b3b) x22 0xffffffffffff8001
core   0: 0x0000000080004256 (0xfdb9e037) lui     zero, 0xfdb9e
core   0: 1 0x0000000080004256 (0xfdb9e037)
core   0: 0x000000008000425a (0x1530001b) addiw   zero, zero, 339
core   0: 1 0x000000008000425a (0x1530001b)
core   0: 0x000000008000425e (0x00d01013) slli    zero, zero, 13
core   0: 1 0x000000008000425e (0x00d01013)
core   0: 0x0000000080004262 (0x2f400013) li      zero, 756
core   0: 1 0x0000000080004262 (0x2f400013)
core   0: 0x0000000080004266 (0xfcb4fcb7) lui     s9, 0xfcb4f
core   0: 1 0x0000000080004266 (0xfcb4fcb7) x25 0xfffffffffcb4f000
core   0: 0x000000008000426a (0xd4bc8c9b) addiw   s9, s9, -693
core   0: 1 0x000000008000426a (0xd4bc8c9b) x25 0xfffffffffcb4ed4b
core   0: 0x000000008000426e (0x00000cb6) c.slli  s9, 13
core   0: 1 0x000000008000426e (0x0cb6) x25 0xffffff969da96000
core   0: 0x0000000080004270 (0xf8ac8c93) addi    s9, s9, -118
core   0: 1 0x0000000080004270 (0xf8ac8c93) x25 0xffffff969da95f8a
core   0: 0x0000000080004274 (0x31afda73) csrrwi  s4, menvcfgh, 31
core   0: exception trap_illegal_instruction, epc 0x0000000080004274
core   0:           tval 0x0000000031afda73
core   0: >>>>  $xrv64i2p1_m2p0_a2p1_f2p2_d2p2_zicsr2p0_zifencei2p0_zmmul1p0_zba1p0_zbb1p0_zbc1p0_zbs1p0
core   0: 0x0000000080004000 (0x0080006f) j       pc + 0x8
core   0: 3 0x0000000080004000 (0x0080006f)
core   0: >>>>  mmode_exception_handler
core   0: 0x0000000080004008 (0x00002c17) auipc   s8, 0x2
core   0: 3 0x0000000080004008 (0x00002c17) x24 0x0000000080006008
core   0: 0x000000008000400c (0x078c0c13) addi    s8, s8, 120
core   0: 3 0x000000008000400c (0x078c0c13) x24 0x0000000080006080
core   0: 0x0000000080004010 (0x000c00e7) jalr    s8
core   0: 3 0x0000000080004010 (0x000c00e7) x1  0x0000000080004014
core   0: >>>>  any_handler
core   0: 0x0000000080006080 (0x341027f3) csrrs   a5, mepc, zero
core   0: 3 0x0000000080006080 (0x341027f3) x15 0x0000000080004274
core   0: 0x0000000080006084 (0x34202773) csrrs   a4, mcause, zero
core   0: 3 0x0000000080006084 (0x34202773) x14 0x0000000000000002
core   0: 0x0000000080006088 (0x142026f3) csrrs   a3, scause, zero
core   0: 3 0x0000000080006088 (0x142026f3) x13 0x0000000000000000
core   0: 0x000000008000608c (0x30402673) csrrs   a2, mie, zero
core   0: 3 0x000000008000608c (0x30402673) x12 0x0000000000000a00
core   0: 0x0000000080006090 (0x344025f3) csrrs   a1, mip, zero
core   0: 3 0x0000000080006090 (0x344025f3) x11 0x0000000000000080
core   0: 0x0000000080006094 (0x343025f3) csrrs   a1, mtval, zero
core   0: 3 0x0000000080006094 (0x343025f3) x11 0x0000000031afda73
core   0: 0x0000000080006098 (0x14302573) csrrs   a0, stval, zero
core   0: 3 0x0000000080006098 (0x14302573) x10 0x0000000000000000
core   0: 0x000000008000609c (0xb02024f3) csrrs   s1, minstret, zero
core   0: 3 0x000000008000609c (0xb02024f3) x9  0x0000000000000880
core   0: 0x00000000800060a0 (0x0000a811) c.j     pc + 20
core   0: 3 0x00000000800060a0 (0xa811)
core   0: >>>>  mepc_4
core   0: 0x00000000800060b4 (0x00000791) c.addi  a5, 4
core   0: 3 0x00000000800060b4 (0x0791) x15 0x0000000080004278
core   0: 0x00000000800060b6 (0x34179073) csrrw   zero, mepc, a5
core   0: 3 0x00000000800060b6 (0x34179073) c833_mepc 0x0000000080004278
core   0: 0x00000000800060ba (0x30200073) mret
core   0: 3 0x00000000800060ba (0x30200073) c768_mstatus 0x8000000a00106080
core   0: 0x0000000080004278 (0x00000001) c.nop
core   0: 1 0x0000000080004278 (0x0001)
core   0: 0x000000008000427a (0x02abbbb3) mulhu   s7, s7, a0
core   0: 1 0x000000008000427a (0x02abbbb3) x23 0x0000000000000000
core   0: 0x000000008000427e (0x00850233) add     tp, a0, s0
core   0: 1 0x000000008000427e (0x00850233) x4  0x0000000000000000
core   0: 0x0000000080004282 (0x03037ebb) remuw   t4, t1, a6
core   0: 1 0x0000000080004282 (0x03037ebb) x29 0x0000000000000000
core   0: 0x0000000080004286 (0x00120a9b) addiw   s5, tp, 1
core   0: 1 0x0000000080004286 (0x00120a9b) x21 0x0000000000000001
core   0: 0x000000008000428a (0x17b37413) andi    s0, t1, 379
core   0: 1 0x000000008000428a (0x17b37413) x8  0x0000000000000103
core   0: 0x000000008000428e (0x12d9f553) fmul.d  fa0, fs3, fa3
core   0: 1 0x000000008000428e (0x12d9f553) f10 0x7ff8000000000000
core   0: 0x0000000080004292 (0x001c9e9b) slliw   t4, s9, 1
core   0: 1 0x0000000080004292 (0x001c9e9b) x29 0x000000003b52bf14
core   0: 0x0000000080004296 (0x03d063bb) remw    t2, zero, t4
core   0: 1 0x0000000080004296 (0x03d063bb) x7  0x0000000000000000
core   0: 0x000000008000429a (0x4020d533) sra     a0, ra, sp
core   0: 1 0x000000008000429a (0x4020d533) x10 0x0000000000000000
core   0: 0x000000008000429e (0xd2178dd3) fcvt.d.wu fs11, a5
core   0: 1 0x000000008000429e (0xd2178dd3) f27 0x41e000084f000000
core   0: 0x00000000800042a2 (0x017d29b3) slt     s3, s10, s7
core   0: 1 0x00000000800042a2 (0x017d29b3) x19 0x0000000000000001
core   0: 0x00000000800042a6 (0xc22df053) fcvt.l.d zero, fs11
core   0: 1 0x00000000800042a6 (0xc22df053)
core   0: 0x00000000800042aa (0x0a4cfcd3) fsub.d  fs9, fs9, ft4
core   0: 1 0x00000000800042aa (0x0a4cfcd3) f25 0x7ff8000000000000
core   0: 0x00000000800042ae (0xa3b680d3) fle.d   ra, fa3, fs11
core   0: 1 0x00000000800042ae (0xa3b680d3) c1_fflags 0x0000000000000015 x1  0x0000000000000000
core   0: 0x00000000800042b2 (0x005012bb) sllw    t0, zero, t0
core   0: 1 0x00000000800042b2 (0x005012bb) x5  0x0000000000000000
core   0: 0x00000000800042b6 (0x00000001) c.nop
core   0: 1 0x00000000800042b6 (0x0001)
core   0: 0x00000000800042b8 (0xc03c7ad3) fcvt.lu.s s5, fs8
core   0: 1 0x00000000800042b8 (0xc03c7ad3) c1_fflags 0x0000000000000015 x21 0x0000000000000000
core   0: 0x00000000800042bc (0xd20086d3) fcvt.d.w fa3, ra
core   0: 1 0x00000000800042bc (0xd20086d3) f13 0x0000000000000000
core   0: 0x00000000800042c0 (0x4060519b) sraiw   gp, zero, 6
core   0: 1 0x00000000800042c0 (0x4060519b) x3  0x0000000000000000
core   0: 0x00000000800042c4 (0x0373d913) srli    s2, t2, 55
core   0: 1 0x00000000800042c4 (0x0373d913) x18 0x0000000000000000
core   0: 0x00000000800042c8 (0x00922933) slt     s2, tp, s1
core   0: 1 0x00000000800042c8 (0x00922933) x18 0x0000000000000001
core   0: 0x00000000800042cc (0xac6d7d93) andi    s11, s10, -1338
core   0: 1 0x00000000800042cc (0xac6d7d93) x27 0xfffffffffffffac6
core   0: 0x00000000800042d0 (0x0ff0000f) fence   iorw,iorw
core   0: 1 0x00000000800042d0 (0x0ff0000f)
core   0: 0x00000000800042d4 (0x035afab3) remu    s5, s5, s5
core   0: 1 0x00000000800042d4 (0x035afab3) x21 0x0000000000000000
core   0: 0x00000000800042d8 (0x0106aa33) slt     s4, a3, a6
core   0: 1 0x00000000800042d8 (0x0106aa33) x20 0x0000000000000001
core   0: 0x00000000800042dc (0x00f7d2b3) srl     t0, a5, a5
core   0: 1 0x00000000800042dc (0x00f7d2b3) x5  0x0000000000000000
core   0: 0x00000000800042e0 (0x02a49c33) mulh    s8, s1, a0
core   0: 1 0x00000000800042e0 (0x02a49c33) x24 0x0000000000000000
core   0: 0x00000000800042e4 (0x02a4d8b3) divu    a7, s1, a0
core   0: 1 0x00000000800042e4 (0x02a4d8b3) x17 0xffffffffffffffff
core   0: 0x00000000800042e8 (0x002310f3) csrrw   ra, frm, t1
core   0: 1 0x00000000800042e8 (0x002310f3) x1  0x0000000000000000 c2_frm 0x0000000000000003
core   0: 0x00000000800042ec (0x40ac823b) subw    tp, s9, a0
core   0: 1 0x00000000800042ec (0x40ac823b) x4  0xffffffff9da95f8a
core   0: 0x00000000800042f0 (0x00b89d3b) sllw    s10, a7, a1
core   0: 1 0x00000000800042f0 (0x00b89d3b) x26 0xfffffffffff80000
core   0: 0x00000000800042f4 (0x40dd56b3) sra     a3, s10, a3
core   0: 1 0x00000000800042f4 (0x40dd56b3) x13 0xfffffffffff80000
core   0: 0x00000000800042f8 (0x0028d8bb) srlw    a7, a7, sp
core   0: 1 0x00000000800042f8 (0x0028d8bb) x17 0x0000000000000001
core   0: 0x00000000800042fc (0x01addd3b) srlw    s10, s11, s10
core   0: 1 0x00000000800042fc (0x01addd3b) x26 0xfffffffffffffac6
core   0: 0x0000000080004300 (0xc226fad3) fcvt.l.d s5, fa3
core   0: 1 0x0000000080004300 (0xc226fad3) x21 0x0000000000000000
core   0: 0x0000000080004304 (0x01d719bb) sllw    s3, a4, t4
core   0: 1 0x0000000080004304 (0x01d719bb) x19 0x0000000000200000
core   0: 0x0000000080004308 (0x221c08d3) fsgnj.d fa7, fs8, ft1
core   0: 1 0x0000000080004308 (0x221c08d3) f17 0x7fffffffc1a80000
core   0: 0x000000008000430c (0x3951f297) auipc   t0, 0x3951f
core   0: 1 0x000000008000430c (0x3951f297) x5  0x00000000b952330c
core   0: 0x0000000080004310 (0xd02efa53) fcvt.s.l fs4, t4
core   0: 1 0x0000000080004310 (0xd02efa53) c1_fflags 0x0000000000000015 f20 0xffffffff4e6d4afd
core   0: 0x0000000080004314 (0x0243f23b) remuw   tp, t2, tp
core   0: 1 0x0000000080004314 (0x0243f23b) x4  0x0000000000000000
core   0: 0x0000000080004318 (0x02cefebb) remuw   t4, t4, a2
core   0: 1 0x0000000080004318 (0x02cefebb) x29 0x0000000000000714
core   0: 0x000000008000431c (0xc033fcd3) fcvt.lu.s s9, ft7
core   0: 1 0x000000008000431c (0xc033fcd3) x25 0x0000000000000000
core   0: 0x0000000080004320 (0xd02377d3) fcvt.s.l fa5, t1
core   0: 1 0x0000000080004320 (0xd02377d3) f15 0xffffffff46760c00
core   0: 0x0000000080004324 (0x41aedd9b) sraiw   s11, t4, 26
core   0: 1 0x0000000080004324 (0x41aedd9b) x27 0x0000000000000000
core   0: 0x0000000080004328 (0x022585bb) mulw    a1, a1, sp
core   0: 1 0x0000000080004328 (0x022585bb) x11 0xffffffffce50258d
core   0: 0x000000008000432c (0x401158b3) sra     a7, sp, ra
core   0: 1 0x000000008000432c (0x401158b3) x17 0xffffffffffffffff
core   0: 0x0000000080004330 (0x00555c1b) srliw   s8, a0, 5
core   0: 1 0x0000000080004330 (0x00555c1b) x24 0x0000000000000000
core   0: 0x0000000080004334 (0x02239593) slli    a1, t2, 34
core   0: 1 0x0000000080004334 (0x02239593) x11 0x0000000000000000
core   0: 0x0000000080004338 (0x00a7d79b) srliw   a5, a5, 10
core   0: 1 0x0000000080004338 (0x00a7d79b) x15 0x0000000000200010
core   0: 0x000000008000433c (0x0055a933) slt     s2, a1, t0
core   0: 1 0x000000008000433c (0x0055a933) x18 0x0000000000000001
core   0: 0x0000000080004340 (0x829df047) fmsub.d ft0, fs11, fs1, fa6
core   0: 1 0x0000000080004340 (0x829df047) f0  0x7ff8000000000000
core   0: 0x0000000080004344 (0xf2098dd3) fmv.d.x fs11, s3
core   0: 1 0x0000000080004344 (0xf2098dd3) f27 0x0000000000200000
core   0: 0x0000000080004348 (0x03f91713) slli    a4, s2, 63
core   0: 1 0x0000000080004348 (0x03f91713) x14 0x8000000000000000
core   0: 0x000000008000434c (0x01bd1db3) sll     s11, s10, s11
core   0: 1 0x000000008000434c (0x01bd1db3) x27 0xfffffffffffffac6
core   0: 0x0000000080004350 (0x01bd013b) addw    sp, s10, s11
core   0: 1 0x0000000080004350 (0x01bd013b) x2  0xfffffffffffff58c
core   0: 0x0000000080004354 (0x13687a53) fmul.d  fs4, fa6, fs6
core   0: 1 0x0000000080004354 (0x13687a53) f20 0x7ff8000000000000
core   0: 0x0000000080004358 (0xd23d7b53) fcvt.d.lu fs6, s10
core   0: 1 0x0000000080004358 (0xd23d7b53) c1_fflags 0x0000000000000015 f22 0x43f0000000000000
core   0: 0x000000008000435c (0x00015213) srli    tp, sp, 0
core   0: 1 0x000000008000435c (0x00015213) x4  0xfffffffffffff58c
core   0: 0x0000000080004360 (0x1bb273d3) fdiv.d  ft7, ft4, fs11
core   0: 1 0x0000000080004360 (0x1bb273d3) f7  0x7ff8000000000000
core   0: 0x0000000080004364 (0x0272fcd3) fadd.d  fs9, ft5, ft7
core   0: 1 0x0000000080004364 (0x0272fcd3) f25 0x7ff8000000000000
core   0: 0x0000000080004368 (0x7479a9f3) csrrs   s3, mseccfg, s3
core   0: exception trap_illegal_instruction, epc 0x0000000080004368
core   0:           tval 0x000000007479a9f3
core   0: >>>>  $xrv64i2p1_m2p0_a2p1_f2p2_d2p2_zicsr2p0_zifencei2p0_zmmul1p0_zba1p0_zbb1p0_zbc1p0_zbs1p0
core   0: 0x0000000080004000 (0x0080006f) j       pc + 0x8
core   0: 3 0x0000000080004000 (0x0080006f)
core   0: >>>>  mmode_exception_handler
core   0: 0x0000000080004008 (0x00002c17) auipc   s8, 0x2
core   0: 3 0x0000000080004008 (0x00002c17) x24 0x0000000080006008
core   0: 0x000000008000400c (0x078c0c13) addi    s8, s8, 120
core   0: 3 0x000000008000400c (0x078c0c13) x24 0x0000000080006080
core   0: 0x0000000080004010 (0x000c00e7) jalr    s8
core   0: 3 0x0000000080004010 (0x000c00e7) x1  0x0000000080004014
core   0: >>>>  any_handler
core   0: 0x0000000080006080 (0x341027f3) csrrs   a5, mepc, zero
core   0: 3 0x0000000080006080 (0x341027f3) x15 0x0000000080004368
core   0: 0x0000000080006084 (0x34202773) csrrs   a4, mcause, zero
core   0: 3 0x0000000080006084 (0x34202773) x14 0x0000000000000002
core   0: 0x0000000080006088 (0x142026f3) csrrs   a3, scause, zero
core   0: 3 0x0000000080006088 (0x142026f3) x13 0x0000000000000000
core   0: 0x000000008000608c (0x30402673) csrrs   a2, mie, zero
core   0: 3 0x000000008000608c (0x30402673) x12 0x0000000000000a00
core   0: 0x0000000080006090 (0x344025f3) csrrs   a1, mip, zero
core   0: 3 0x0000000080006090 (0x344025f3) x11 0x0000000000000080
core   0: 0x0000000080006094 (0x343025f3) csrrs   a1, mtval, zero
core   0: 3 0x0000000080006094 (0x343025f3) x11 0x000000007479a9f3
core   0: 0x0000000080006098 (0x14302573) csrrs   a0, stval, zero
core   0: 3 0x0000000080006098 (0x14302573) x10 0x0000000000000000
core   0: 0x000000008000609c (0xb02024f3) csrrs   s1, minstret, zero
core   0: 3 0x000000008000609c (0xb02024f3) x9  0x00000000000008cd
core   0: 0x00000000800060a0 (0x0000a811) c.j     pc + 20
core   0: 3 0x00000000800060a0 (0xa811)
core   0: >>>>  mepc_4
core   0: 0x00000000800060b4 (0x00000791) c.addi  a5, 4
core   0: 3 0x00000000800060b4 (0x0791) x15 0x000000008000436c
core   0: 0x00000000800060b6 (0x34179073) csrrw   zero, mepc, a5
core   0: 3 0x00000000800060b6 (0x34179073) c833_mepc 0x000000008000436c
core   0: 0x00000000800060ba (0x30200073) mret
core   0: 3 0x00000000800060ba (0x30200073) c768_mstatus 0x8000000a00106080
core   0: 0x000000008000436c (0x001db293) seqz    t0, s11
core   0: 1 0x000000008000436c (0x001db293) x5  0x0000000000000000
core   0: 0x0000000080004370 (0x00000001) c.nop
core   0: 1 0x0000000080004370 (0x0001)
core   0: 0x0000000080004372 (0x0015d91b) srliw   s2, a1, 1
core   0: 1 0x0000000080004372 (0x0015d91b) x18 0x000000003a3cd4f9
core   0: 0x0000000080004376 (0x4004d113) srai    sp, s1, 0
core   0: 1 0x0000000080004376 (0x4004d113) x2  0x00000000000008cd
core   0: 0x000000008000437a (0x01fbd71b) srliw   a4, s7, 31
core   0: 1 0x000000008000437a (0x01fbd71b) x14 0x0000000000000000
core   0: 0x000000008000437e (0x5a02fa53) fsqrt.d fs4, ft5
core   0: 1 0x000000008000437e (0x5a02fa53) f20 0x7ff8000000000000
core   0: 0x0000000080004382 (0x035951b3) divu    gp, s2, s5
core   0: 1 0x0000000080004382 (0x035951b3) x3  0xffffffffffffffff
core   0: 0x0000000080004386 (0x013c1513) slli    a0, s8, 19
core   0: 1 0x0000000080004386 (0x013c1513) x10 0x0004000304000000
core   0: 0x000000008000438a (0x012c1433) sll     s0, s8, s2
core   0: 1 0x000000008000438a (0x012c1433) x8  0x0000000000000000
core   0: 0x000000008000438e (0x00575abb) srlw    s5, a4, t0
core   0: 1 0x000000008000438e (0x00575abb) x21 0x0000000000000000
core   0: 0x0000000080004392 (0xbd970613) addi    a2, a4, -1063
core   0: 1 0x0000000080004392 (0xbd970613) x12 0xfffffffffffffbd9
core   0: 0x0000000080004396 (0x1065b073) csrrc   zero, scounteren, a1
core   0: 1 0x0000000080004396 (0x1065b073) c262_scounteren 0x0000000000000000
core   0: 0x000000008000439a (0x00159613) slli    a2, a1, 1
core   0: 1 0x000000008000439a (0x00159613) x12 0x00000000e8f353e6
core   0: 0x000000008000439e (0xa37d819b) addiw   gp, s11, -1481
core   0: 1 0x000000008000439e (0xa37d819b) x3  0xfffffffffffff4fd
core   0: 0x00000000800043a2 (0x22731fd3) fsgnjn.d ft11, ft6, ft7
core   0: 1 0x00000000800043a2 (0x22731fd3) f31 0x8000000000000000
core   0: 0x00000000800043a6 (0xc223fdd3) fcvt.l.d s11, ft7
core   0: 1 0x00000000800043a6 (0xc223fdd3) c1_fflags 0x0000000000000015 x27 0x7fffffffffffffff
core   0: 0x00000000800043aa (0x00de873b) addw    a4, t4, a3
core   0: 1 0x00000000800043aa (0x00de873b) x14 0x0000000000000714
core   0: 0x00000000800043ae (0xc21a78d3) fcvt.wu.d a7, fs4
core   0: 1 0x00000000800043ae (0xc21a78d3) c1_fflags 0x0000000000000015 x17 0xffffffffffffffff
core   0: 0x00000000800043b2 (0x43b5d413) srai    s0, a1, 59
core   0: 1 0x00000000800043b2 (0x43b5d413) x8  0x0000000000000000
core   0: 0x00000000800043b6 (0xc20779d3) fcvt.w.d s3, fa4
core   0: 1 0x00000000800043b6 (0xc20779d3) c1_fflags 0x0000000000000015 x19 0x000000007fffffff
core   0: 0x00000000800043ba (0xc20cf153) fcvt.w.d sp, fs9
core   0: 1 0x00000000800043ba (0xc20cf153) c1_fflags 0x0000000000000015 x2  0x000000007fffffff
core   0: 0x00000000800043be (0x03894933) div     s2, s2, s8
core   0: 1 0x00000000800043be (0x03894933) x18 0x0000000000000000
core   0: 0x00000000800043c2 (0x02761233) mulh    tp, a2, t2
core   0: 1 0x00000000800043c2 (0x02761233) x4  0x0000000000000000
core   0: 0x00000000800043c6 (0x00102af3) csrrs   s5, fflags, zero
core   0: 1 0x00000000800043c6 (0x00102af3) x21 0x0000000000000015
core   0: 0x00000000800043ca (0x00462433) slt     s0, a2, tp
core   0: 1 0x00000000800043ca (0x00462433) x8  0x0000000000000000
core   0: 0x00000000800043ce (0x024605bb) mulw    a1, a2, tp
core   0: 1 0x00000000800043ce (0x024605bb) x11 0x0000000000000000
core   0: 0x00000000800043d2 (0xf2020153) fmv.d.x ft2, tp
core   0: 1 0x00000000800043d2 (0xf2020153) f2  0x0000000000000000
core   0: 0x00000000800043d6 (0xd2397ad3) fcvt.d.lu fs5, s2
core   0: 1 0x00000000800043d6 (0xd2397ad3) f21 0x0000000000000000
core   0: 0x00000000800043da (0x000b1e93) slli    t4, s6, 0
core   0: 1 0x00000000800043da (0x000b1e93) x29 0xffffffffffff8001
core   0: 0x00000000800043de (0x019cf033) and     zero, s9, s9
core   0: 1 0x00000000800043de (0x019cf033)
core   0: 0x00000000800043e2 (0x0166a3b3) slt     t2, a3, s6
core   0: 1 0x00000000800043e2 (0x0166a3b3) x7  0x0000000000000000
core   0: 0x00000000800043e6 (0x02217dc7) fmsub.d fs11, ft2, ft2, ft0
core   0: 1 0x00000000800043e6 (0x02217dc7) f27 0x7ff8000000000000
core   0: 0x00000000800043ea (0x41a3d11b) sraiw   sp, t2, 26
core   0: 1 0x00000000800043ea (0x41a3d11b) x2  0x0000000000000000
core   0: 0x00000000800043ee (0x4132d433) sra     s0, t0, s3
core   0: 1 0x00000000800043ee (0x4132d433) x8  0x0000000000000000
core   0: 0x00000000800043f2 (0x02ee26b3) mulhsu  a3, t3, a4
core   0: 1 0x00000000800043f2 (0x02ee26b3) x13 0x0000000000000000
core   0: 0x00000000800043f6 (0x002022f3) csrrs   t0, frm, zero
core   0: 1 0x00000000800043f6 (0x002022f3) x5  0x0000000000000003
core   0: 0x00000000800043fa (0x4136561b) sraiw   a2, a2, 19
core   0: 1 0x00000000800043fa (0x4136561b) x12 0xfffffffffffffd1e
core   0: 0x00000000800043fe (0x0056553b) srlw    a0, a2, t0
core   0: 1 0x00000000800043fe (0x0056553b) x10 0x000000001fffffa3
core   0: 0x0000000080004402 (0x41050c33) sub     s8, a0, a6
core   0: 1 0x0000000080004402 (0x41050c33) x24 0x000000001fffffa2
core   0: 0x0000000080004406 (0x420482d3) fcvt.d.s ft5, fs1
core   0: 1 0x0000000080004406 (0x420482d3) f5  0x7ff8000000000000
core   0: 0x000000008000440a (0xd0367253) fcvt.s.lu ft4, a2
core   0: 1 0x000000008000440a (0xd0367253) c1_fflags 0x0000000000000015 f4  0xffffffff5f800000
core   0: 0x000000008000440e (0x416b023b) subw    tp, s6, s6
core   0: 1 0x000000008000440e (0x416b023b) x4  0x0000000000000000
core   0: 0x0000000080004412 (0x015eda3b) srlw    s4, t4, s5
core   0: 1 0x0000000080004412 (0x015eda3b) x20 0x00000000000007ff
core   0: 0x0000000080004416 (0x0b827c53) fsub.d  fs8, ft4, fs8
core   0: 1 0x0000000080004416 (0x0b827c53) f24 0x7ff8000000000000
core   0: 0x000000008000441a (0xd235f753) fcvt.d.lu fa4, a1
core   0: 1 0x000000008000441a (0xd235f753) f14 0x0000000000000000
core   0: 0x000000008000441e (0x012a45b3) xor     a1, s4, s2
core   0: 1 0x000000008000441e (0x012a45b3) x11 0x00000000000007ff
core   0: 0x0000000080004422 (0x03f9d993) srli    s3, s3, 63
core   0: 1 0x0000000080004422 (0x03f9d993) x19 0x0000000000000000
core   0: 0x0000000080004426 (0xc23c7153) fcvt.lu.d sp, fs8
core   0: 1 0x0000000080004426 (0xc23c7153) c1_fflags 0x0000000000000015 x2  0xffffffffffffffff
core   0: 0x000000008000442a (0x001e1b73) csrrw   s6, fflags, t3
core   0: 1 0x000000008000442a (0x001e1b73) x22 0x0000000000000015 c1_fflags 0x0000000000000015
core   0: 0x000000008000442e (0x1b95fcd3) fdiv.d  fs9, fa1, fs9
core   0: 1 0x000000008000442e (0x1b95fcd3) f25 0x7ff8000000000000
core   0: 0x0000000080004432 (0x40be0db3) sub     s11, t3, a1
core   0: 1 0x0000000080004432 (0x40be0db3) x27 0xfffffffffffff816
core   0: 0x0000000080004436 (0x41dedd3b) sraw    s10, t4, t4
core   0: 1 0x0000000080004436 (0x41dedd3b) x26 0xffffffffffffc000
core   0: 0x000000008000443a (0x013e9833) sll     a6, t4, s3
core   0: 1 0x000000008000443a (0x013e9833) x16 0xffffffffffff8001
core   0: 0x000000008000443e (0x132f7c4f) fnmadd.d fs8, ft10, fs2, ft2
core   0: 1 0x000000008000443e (0x132f7c4f) f24 0x8000000000000000
core   0: 0x0000000080004442 (0x00030933) add     s2, t1, zero
core   0: 1 0x0000000080004442 (0x00030933) x18 0x0000000000003d83
core   0: 0x0000000080004446 (0xe20c8453) fmv.x.d s0, fs9
core   0: 1 0x0000000080004446 (0xe20c8453) x8  0x7ff8000000000000
core   0: 0x000000008000444a (0x0160561b) srliw   a2, zero, 22
core   0: 1 0x000000008000444a (0x0160561b) x12 0x0000000000000000
core   0: 0x000000008000444e (0x0005821b) sext.w  tp, a1
core   0: 1 0x000000008000444e (0x0005821b) x4  0x00000000000007ff
core   0: 0x0000000080004452 (0x00b86433) or      s0, a6, a1
core   0: 1 0x0000000080004452 (0x00b86433) x8  0xffffffffffff87ff
core   0: 0x0000000080004456 (0xc22e7cd3) fcvt.l.d s9, ft8
core   0: 1 0x0000000080004456 (0xc22e7cd3) c1_fflags 0x0000000000000015 x25 0x7fffffffffffffff
core   0: 0x000000008000445a (0xc21e7753) fcvt.wu.d a4, ft8
core   0: 1 0x000000008000445a (0xc21e7753) c1_fflags 0x0000000000000015 x14 0xffffffffffffffff
core   0: 0x000000008000445e (0xc23c74d3) fcvt.lu.d s1, fs8
core   0: 1 0x000000008000445e (0xc23c74d3) x9  0x0000000000000000
core   0: 0x0000000080004462 (0x020eb7b3) mulhu   a5, t4, zero
core   0: 1 0x0000000080004462 (0x020eb7b3) x15 0x0000000000000000
core   0: 0x0000000080004466 (0x00202af3) csrrs   s5, frm, zero
core   0: 1 0x0000000080004466 (0x00202af3) x21 0x0000000000000003
core   0: 0x000000008000446a (0x02d2d213) srli    tp, t0, 45
core   0: 1 0x000000008000446a (0x02d2d213) x4  0x0000000000000000
core   0: 0x000000008000446e (0x0159919b) slliw   gp, s3, 21
core   0: 1 0x000000008000446e (0x0159919b) x3  0x0000000000000000
core   0: 0x0000000080004472 (0x00299cf3) csrrw   s9, frm, s3
core   0: 1 0x0000000080004472 (0x00299cf3) x25 0x0000000000000003 c2_frm 0x0000000000000000
core   0: 0x0000000080004476 (0x028cf53b) remuw   a0, s9, s0
core   0: 1 0x0000000080004476 (0x028cf53b) x10 0x0000000000000003
core   0: 0x000000008000447a (0x01f5581b) srliw   a6, a0, 31
core   0: 1 0x000000008000447a (0x01f5581b) x16 0x0000000000000000
core   0: 0x000000008000447e (0x2b5e8613) addi    a2, t4, 693
core   0: 1 0x000000008000447e (0x2b5e8613) x12 0xffffffffffff82b6
core   0: 0x0000000080004482 (0x40e8573b) sraw    a4, a6, a4
core   0: 1 0x0000000080004482 (0x40e8573b) x14 0x0000000000000000
core   0: 0x0000000080004486 (0x23cf1153) fsgnjn.d ft2, ft10, ft8
core   0: 1 0x0000000080004486 (0x23cf1153) f2  0x8000000000000000
core   0: 0x000000008000448a (0x40065393) srai    t2, a2, 0
core   0: 1 0x000000008000448a (0x40065393) x7  0xffffffffffff82b6
core   0: 0x000000008000448e (0xc2117953) fcvt.wu.d s2, ft2
core   0: 1 0x000000008000448e (0xc2117953) x18 0x0000000000000000
core   0: 0x0000000080004492 (0x00102d73) csrrs   s10, fflags, zero
core   0: 1 0x0000000080004492 (0x00102d73) x26 0x0000000000000015
core   0: 0x0000000080004496 (0xc37a734b) fnmsub.d ft6, fs4, fs7, fs8
core   0: 1 0x0000000080004496 (0xc37a734b) f6  0x7ff8000000000000
core   0: 0x000000008000449a (0xd23b71d3) fcvt.d.lu ft3, s6
core   0: 1 0x000000008000449a (0xd23b71d3) f3  0x4035000000000000
core   0: 0x000000008000449e (0x0001569b) srliw   a3, sp, 0
core   0: 1 0x000000008000449e (0x0001569b) x13 0xffffffffffffffff
core   0: 0x00000000800044a2 (0x23a014d3) fsgnjn.d fs1, ft0, fs10
core   0: 1 0x00000000800044a2 (0x23a014d3) f9  0x7ff8000000000000
core   0: 0x00000000800044a6 (0xd024f8d3) fcvt.s.l fa7, s1
core   0: 1 0x00000000800044a6 (0xd024f8d3) f17 0xffffffff00000000
core   0: 0x00000000800044aa (0x01d99b3b) sllw    s6, s3, t4
core   0: 1 0x00000000800044aa (0x01d99b3b) x22 0x0000000000000000
core   0: 0x00000000800044ae (0x01201a3b) sllw    s4, zero, s2
core   0: 1 0x00000000800044ae (0x01201a3b) x20 0x0000000000000000
core   0: 0x00000000800044b2 (0x014a57bb) srlw    a5, s4, s4
core   0: 1 0x00000000800044b2 (0x014a57bb) x15 0x0000000000000000
core   0: 0x00000000800044b6 (0x7ff80713) addi    a4, a6, 2047
core   0: 1 0x00000000800044b6 (0x7ff80713) x14 0x00000000000007ff
core   0: 0x00000000800044ba (0xd20a8c53) fcvt.d.w fs8, s5
core   0: 1 0x00000000800044ba (0xd20a8c53) f24 0x4008000000000000
core   0: 0x00000000800044be (0x02e1e63b) remw    a2, gp, a4
core   0: 1 0x00000000800044be (0x02e1e63b) x12 0x0000000000000000
core   0: 0x00000000800044c2 (0xc03c7b53) fcvt.lu.s s6, fs8
core   0: 1 0x00000000800044c2 (0xc03c7b53) c1_fflags 0x0000000000000015 x22 0xffffffffffffffff
core   0: 0x00000000800044c6 (0x000e5393) srli    t2, t3, 0
core   0: 1 0x00000000800044c6 (0x000e5393) x7  0x0000000000000015
core   0: 0x00000000800044ca (0xd233ff53) fcvt.d.lu ft10, t2
core   0: 1 0x00000000800044ca (0xd233ff53) f30 0x4035000000000000
core   0: 0x00000000800044ce (0x230311d3) fsgnjn.d ft3, ft6, fa6
core   0: 1 0x00000000800044ce (0x230311d3) f3  0xfff8000000000000
core   0: 0x00000000800044d2 (0x4123deb3) sra     t4, t2, s2
core   0: 1 0x00000000800044d2 (0x4123deb3) x29 0x0000000000000015
core   0: 0x00000000800044d6 (0xd23ef953) fcvt.d.lu fs2, t4
core   0: 1 0x00000000800044d6 (0xd23ef953) f18 0x4035000000000000
core   0: 0x00000000800044da (0x120df653) fmul.d  fa2, fs11, ft0
core   0: 1 0x00000000800044da (0x120df653) f12 0x7ff8000000000000
core   0: 0x00000000800044de (0xc22df7d3) fcvt.l.d a5, fs11
core   0: 1 0x00000000800044de (0xc22df7d3) c1_fflags 0x0000000000000015 x15 0x7fffffffffffffff
core   0: 0x00000000800044e2 (0x0050909b) slliw   ra, ra, 5
core   0: 1 0x00000000800044e2 (0x0050909b) x1  0x0000000000080280
core   0: 0x00000000800044e6 (0x2a068d53) fmin.d  fs10, fa3, ft0
core   0: 1 0x00000000800044e6 (0x2a068d53) f26 0x0000000000000000
core   0: 0x00000000800044ea (0x2af11753) fmax.d  fa4, ft2, fa5
core   0: 1 0x00000000800044ea (0x2af11753) f14 0x8000000000000000
core   0: 0x00000000800044ee (0x8a71869b) addiw   a3, gp, -1881
core   0: 1 0x00000000800044ee (0x8a71869b) x13 0xfffffffffffff8a7
core   0: 0x00000000800044f2 (0x01f0e237) lui     tp, 0x1f0e
core   0: 1 0x00000000800044f2 (0x01f0e237) x4  0x0000000001f0e000
core   0: 0x00000000800044f6 (0x3c72021b) addiw   tp, tp, 967
core   0: 1 0x00000000800044f6 (0x3c72021b) x4  0x0000000001f0e3c7
core   0: 0x00000000800044fa (0x0000023a) c.slli  tp, 14
core   0: 1 0x00000000800044fa (0x023a) x4  0x0000007c38f1c000
core   0: 0x00000000800044fc (0x1fa20213) addi    tp, tp, 506
core   0: 1 0x00000000800044fc (0x1fa20213) x4  0x0000007c38f1c1fa
core   0: 0x0000000080004500 (0x8aaf6817) auipc   a6, 0x8aaf6
core   0: 1 0x0000000080004500 (0x8aaf6817) x16 0x000000000aafa500
core   0: 0x0000000080004504 (0x038889bb) mulw    s3, a7, s8
core   0: 1 0x0000000080004504 (0x038889bb) x19 0xffffffffe000005e
core   0: 0x0000000080004508 (0x4107d33b) sraw    t1, a5, a6
core   0: 1 0x0000000080004508 (0x4107d33b) x6  0xffffffffffffffff
core   0: 0x000000008000450c (0xd234f353) fcvt.d.lu ft6, s1
core   0: 1 0x000000008000450c (0xd234f353) f6  0x0000000000000000
core   0: 0x0000000080004510 (0x7c8f1217) auipc   tp, 0x7c8f1
core   0: 1 0x0000000080004510 (0x7c8f1217) x4  0x00000000fc8f5510
core   0: 0x0000000080004514 (0x02547c53) fadd.d  fs8, fs0, ft5
core   0: 1 0x0000000080004514 (0x02547c53) f24 0x7ff8000000000000
core   0: 0x0000000080004518 (0xd0227a53) fcvt.s.l fs4, tp
core   0: 1 0x0000000080004518 (0xd0227a53) c1_fflags 0x0000000000000015 f20 0xffffffff4f7c8f55
core   0: 0x000000008000451c (0x78200693) li      a3, 1922
core   0: 1 0x000000008000451c (0x78200693) x13 0x0000000000000782
core   0: 0x0000000080004520 (0x3a1dff4b) fnmsub.d ft10, fs11, ft1, ft7
core   0: 1 0x0000000080004520 (0x3a1dff4b) f30 0x7ff8000000000000
core   0: 0x0000000080004524 (0x7a77f047) fmsub.d ft0, fa5, ft7, fa5
core   0: 1 0x0000000080004524 (0x7a77f047) f0  0x7ff8000000000000
core   0: 0x0000000080004528 (0x8544cb13) xori    s6, s1, -1964
core   0: 1 0x0000000080004528 (0x8544cb13) x22 0xfffffffffffff854
core   0: 0x000000008000452c (0x03671233) mulh    tp, a4, s6
core   0: 1 0x000000008000452c (0x03671233) x4  0xffffffffffffffff
core   0: 0x0000000080004530 (0xc2277dd3) fcvt.l.d s11, fa4
core   0: 1 0x0000000080004530 (0xc2277dd3) x27 0x0000000000000000
core   0: 0x0000000080004534 (0xc02fed73) csrrsi  s10, instret, 31
core   0: exception trap_illegal_instruction, epc 0x0000000080004534
core   0:           tval 0x00000000c02fed73
core   0: >>>>  $xrv64i2p1_m2p0_a2p1_f2p2_d2p2_zicsr2p0_zifencei2p0_zmmul1p0_zba1p0_zbb1p0_zbc1p0_zbs1p0
core   0: 0x0000000080004000 (0x0080006f) j       pc + 0x8
core   0: 3 0x0000000080004000 (0x0080006f)
core   0: >>>>  mmode_exception_handler
core   0: 0x0000000080004008 (0x00002c17) auipc   s8, 0x2
core   0: 3 0x0000000080004008 (0x00002c17) x24 0x0000000080006008
core   0: 0x000000008000400c (0x078c0c13) addi    s8, s8, 120
core   0: 3 0x000000008000400c (0x078c0c13) x24 0x0000000080006080
core   0: 0x0000000080004010 (0x000c00e7) jalr    s8
core   0: 3 0x0000000080004010 (0x000c00e7) x1  0x0000000080004014
core   0: >>>>  any_handler
core   0: 0x0000000080006080 (0x341027f3) csrrs   a5, mepc, zero
core   0: 3 0x0000000080006080 (0x341027f3) x15 0x0000000080004534
core   0: 0x0000000080006084 (0x34202773) csrrs   a4, mcause, zero
core   0: 3 0x0000000080006084 (0x34202773) x14 0x0000000000000002
core   0: 0x0000000080006088 (0x142026f3) csrrs   a3, scause, zero
core   0: 3 0x0000000080006088 (0x142026f3) x13 0x0000000000000000
core   0: 0x000000008000608c (0x30402673) csrrs   a2, mie, zero
core   0: 3 0x000000008000608c (0x30402673) x12 0x0000000000000a00
core   0: 0x0000000080006090 (0x344025f3) csrrs   a1, mip, zero
core   0: 3 0x0000000080006090 (0x344025f3) x11 0x0000000000000080
core   0: 0x0000000080006094 (0x343025f3) csrrs   a1, mtval, zero
core   0: 3 0x0000000080006094 (0x343025f3) x11 0x00000000c02fed73
core   0: 0x0000000080006098 (0x14302573) csrrs   a0, stval, zero
core   0: 3 0x0000000080006098 (0x14302573) x10 0x0000000000000000
core   0: 0x000000008000609c (0xb02024f3) csrrs   s1, minstret, zero
core   0: 3 0x000000008000609c (0xb02024f3) x9  0x0000000000000950
core   0: 0x00000000800060a0 (0x0000a811) c.j     pc + 20
core   0: 3 0x00000000800060a0 (0xa811)
core   0: >>>>  mepc_4
core   0: 0x00000000800060b4 (0x00000791) c.addi  a5, 4
core   0: 3 0x00000000800060b4 (0x0791) x15 0x0000000080004538
core   0: 0x00000000800060b6 (0x34179073) csrrw   zero, mepc, a5
core   0: 3 0x00000000800060b6 (0x34179073) c833_mepc 0x0000000080004538
core   0: 0x00000000800060ba (0x30200073) mret
core   0: 3 0x00000000800060ba (0x30200073) c768_mstatus 0x8000000a00106080
core   0: 0x0000000080004538 (0x7ff97113) andi    sp, s2, 2047
core   0: 1 0x0000000080004538 (0x7ff97113) x2  0x0000000000000000
core   0: 0x000000008000453c (0x030e5533) divu    a0, t3, a6
core   0: 1 0x000000008000453c (0x030e5533) x10 0x0000000000000000
core   0: 0x0000000080004540 (0x00151573) csrrw   a0, fflags, a0
core   0: 1 0x0000000080004540 (0x00151573) x10 0x0000000000000015 c1_fflags 0x0000000000000000
core   0: 0x0000000080004544 (0x0ff0000f) fence   iorw,iorw
core   0: 1 0x0000000080004544 (0x0ff0000f)
core   0: 0x0000000080004548 (0x1cb94c13) xori    s8, s2, 459
core   0: 1 0x0000000080004548 (0x1cb94c13) x24 0x00000000000001cb
core   0: 0x000000008000454c (0x220f0553) fsgnj.d fa0, ft10, ft0
core   0: 1 0x000000008000454c (0x220f0553) f10 0x7ff8000000000000
core   0: 0x0000000080004550 (0x023c6cb3) rem     s9, s8, gp
core   0: 1 0x0000000080004550 (0x023c6cb3) x25 0x00000000000001cb
core   0: 0x0000000080004554 (0x026375d3) fadd.d  fa1, ft6, ft6
core   0: 1 0x0000000080004554 (0x026375d3) f11 0x0000000000000000
core   0: 0x0000000080004558 (0x00b9599b) srliw   s3, s2, 11
core   0: 1 0x0000000080004558 (0x00b9599b) x19 0x0000000000000000
core   0: 0x000000008000455c (0x23830353) fsgnj.d ft6, ft6, fs8
core   0: 1 0x000000008000455c (0x23830353) f6  0x0000000000000000
core   0: 0x0000000080004560 (0x0178853b) addw    a0, a7, s7
core   0: 1 0x0000000080004560 (0x0178853b) x10 0xffffffffffffffff
core   0: 0x0000000080004564 (0x0398ecb3) rem     s9, a7, s9
core   0: 1 0x0000000080004564 (0x0398ecb3) x25 0xffffffffffffffff
core   0: 0x0000000080004568 (0x03d5d13b) divuw   sp, a1, t4
core   0: 1 0x0000000080004568 (0x03d5d13b) x2  0x000000000926da8b
core   0: 0x000000008000456c (0xc20f7ad3) fcvt.w.d s5, ft10
core   0: 1 0x000000008000456c (0xc20f7ad3) c1_fflags 0x0000000000000010 x21 0x000000007fffffff
core   0: 0x0000000080004570 (0x00149a73) csrrw   s4, fflags, s1
core   0: 1 0x0000000080004570 (0x00149a73) x20 0x0000000000000010 c1_fflags 0x0000000000000010
core   0: 0x0000000080004574 (0xc03b7b53) fcvt.lu.s s6, fs6
core   0: 1 0x0000000080004574 (0xc03b7b53) c1_fflags 0x0000000000000010 x22 0xffffffffffffffff
core   0: 0x0000000080004578 (0x1b947153) fdiv.d  ft2, fs0, fs9
core   0: 1 0x0000000080004578 (0x1b947153) f2  0x7ff8000000000000
core   0: 0x000000008000457c (0x01a21733) sll     a4, tp, s10
core   0: 1 0x000000008000457c (0x01a21733) x14 0xffffffffffe00000
core   0: 0x0000000080004580 (0x0233f9bb) remuw   s3, t2, gp
core   0: 1 0x0000000080004580 (0x0233f9bb) x19 0x0000000000000015
core   0: 0x0000000080004584 (0x000d9d93) slli    s11, s11, 0
core   0: 1 0x0000000080004584 (0x000d9d93) x27 0x0000000000000000
core   0: 0x0000000080004588 (0xfed9f1b7) lui     gp, 0xfed9f
core   0: 1 0x0000000080004588 (0xfed9f1b7) x3  0xfffffffffed9f000
core   0: 0x000000008000458c (0x1bb1819b) addiw   gp, gp, 443
core   0: 1 0x000000008000458c (0x1bb1819b) x3  0xfffffffffed9f1bb
core   0: 0x0000000080004590 (0x000001b6) c.slli  gp, 13
core   0: 1 0x0000000080004590 (0x01b6) x3  0xffffffdb3e376000
core   0: 0x0000000080004592 (0x3aa18193) addi    gp, gp, 938
core   0: 1 0x0000000080004592 (0x3aa18193) x3  0xffffffdb3e3763aa
core   0: 0x0000000080004596 (0x420381d3) fcvt.d.s ft3, ft7
core   0: 1 0x0000000080004596 (0x420381d3) f3  0x7ff8000000000000
core   0: 0x000000008000459a (0x00fba233) slt     tp, s7, a5
core   0: 1 0x000000008000459a (0x00fba233) x4  0x0000000000000001
core   0: 0x000000008000459e (0xc202fd53) fcvt.w.d s10, ft5
core   0: 1 0x000000008000459e (0xc202fd53) c1_fflags 0x0000000000000010 x26 0x000000007fffffff
core   0: 0x00000000800045a2 (0x02fc4e33) div     t3, s8, a5
core   0: 1 0x00000000800045a2 (0x02fc4e33) x28 0x0000000000000000
core   0: 0x00000000800045a6 (0x0f8b6cb7) lui     s9, 0xf8b6
core   0: 1 0x00000000800045a6 (0x0f8b6cb7) x25 0x000000000f8b6000
core   0: 0x00000000800045aa (0x03c56533) rem     a0, a0, t3
core   0: 1 0x00000000800045aa (0x03c56533) x10 0xffffffffffffffff
core   0: 0x00000000800045ae (0x0a7375d3) fsub.d  fa1, ft6, ft7
core   0: 1 0x00000000800045ae (0x0a7375d3) f11 0x7ff8000000000000
core   0: 0x00000000800045b2 (0xf3ff3b37) lui     s6, 0xf3ff3
core   0: 1 0x00000000800045b2 (0xf3ff3b37) x22 0xfffffffff3ff3000
core   0: 0x00000000800045b6 (0x00000001) c.nop
core   0: 1 0x00000000800045b6 (0x0001)
core   0: 0x00000000800045b8 (0xd232fdd3) fcvt.d.lu fs11, t0
core   0: 1 0x00000000800045b8 (0xd232fdd3) f27 0x4008000000000000
core   0: 0x00000000800045bc (0x026843bb) divw    t2, a6, t1
core   0: 1 0x00000000800045bc (0x026843bb) x7  0xfffffffff5505b00
core   0: 0x00000000800045c0 (0x00000001) c.nop
core   0: 1 0x00000000800045c0 (0x0001)
core   0: 0x00000000800045c2 (0xdb2df247) fmsub.d ft4, fs11, fs2, fs11
core   0: 1 0x00000000800045c2 (0xdb2df247) f4  0x404e000000000000
core   0: 0x00000000800045c6 (0x039cf7cb) fnmsub.d fa5, fs9, fs9, ft0
core   0: 1 0x00000000800045c6 (0x039cf7cb) f15 0x7ff8000000000000
core   0: 0x00000000800045ca (0x22ca0ed3) fsgnj.d ft9, fs4, fa2
core   0: 1 0x00000000800045ca (0x22ca0ed3) f29 0x7fffffff4f7c8f55
core   0: 0x00000000800045ce (0x41180833) sub     a6, a6, a7
core   0: 1 0x00000000800045ce (0x41180833) x16 0x000000000aafa501
core   0: 0x00000000800045d2 (0x00009112) c.add   sp, tp
core   0: 1 0x00000000800045d2 (0x9112) x2  0x000000000926da8c
core   0: 0x00000000800045d4 (0x2baa0753) fmin.d  fa4, fs4, fs10
core   0: 1 0x00000000800045d4 (0x2baa0753) f14 0x0000000000000000
core   0: 0x00000000800045d8 (0x4063d3b3) sra     t2, t2, t1
core   0: 1 0x00000000800045d8 (0x4063d3b3) x7  0xffffffffffffffff
core   0: 0x00000000800045dc (0x015d93bb) sllw    t2, s11, s5
core   0: 1 0x00000000800045dc (0x015d93bb) x7  0x0000000000000000
core   0: 0x00000000800045e0 (0xc0357353) fcvt.lu.s t1, fa0
core   0: 1 0x00000000800045e0 (0xc0357353) c1_fflags 0x0000000000000010 x6  0xffffffffffffffff
core   0: 0x00000000800045e4 (0xc20d75d3) fcvt.w.d a1, fs10
core   0: 1 0x00000000800045e4 (0xc20d75d3) x11 0x0000000000000000
core   0: 0x00000000800045e8 (0x02d8f6d3) fadd.d  fa3, fa7, fa3
core   0: 1 0x00000000800045e8 (0x02d8f6d3) f13 0x7ff8000000000000
core   0: 0x00000000800045ec (0xc20ef2d3) fcvt.w.d t0, ft9
core   0: 1 0x00000000800045ec (0xc20ef2d3) c1_fflags 0x0000000000000010 x5  0x000000007fffffff
core   0: 0x00000000800045f0 (0x6e8e0e1b) addiw   t3, t3, 1768
core   0: 1 0x00000000800045f0 (0x6e8e0e1b) x28 0x00000000000006e8
core   0: 0x00000000800045f4 (0x0073fbb3) and     s7, t2, t2
core   0: 1 0x00000000800045f4 (0x0073fbb3) x23 0x0000000000000000
core   0: 0x00000000800045f8 (0x02e01033) mulh    zero, zero, a4
core   0: 1 0x00000000800045f8 (0x02e01033)
core   0: 0x00000000800045fc (0xc2357153) fcvt.lu.d sp, fa0
core   0: 1 0x00000000800045fc (0xc2357153) c1_fflags 0x0000000000000010 x2  0xffffffffffffffff
core   0: 0x0000000080004600 (0xccf60493) addi    s1, a2, -817
core   0: 1 0x0000000080004600 (0xccf60493) x9  0x00000000000006cf
core   0: 0x0000000080004604 (0x4009dd9b) sraiw   s11, s3, 0
core   0: 1 0x0000000080004604 (0x4009dd9b) x27 0x0000000000000015
core   0: 0x0000000080004608 (0x13797153) fmul.d  ft2, fs2, fs7
core   0: 1 0x0000000080004608 (0x13797153) f2  0x7ff8000000000000
core   0: 0x000000008000460c (0x001bd913) srli    s2, s7, 1
core   0: 1 0x000000008000460c (0x001bd913) x18 0x0000000000000000
core   0: 0x0000000080004610 (0xd21b08d3) fcvt.d.wu fa7, s6
core   0: 1 0x0000000080004610 (0xd21b08d3) f17 0x41ee7fe600000000
core   0: 0x0000000080004614 (0xc218f853) fcvt.wu.d a6, fa7
core   0: 1 0x0000000080004614 (0xc218f853) x16 0xfffffffff3ff3000
core   0: 0x0000000080004618 (0xc032f253) fcvt.lu.s tp, ft5
core   0: 1 0x0000000080004618 (0xc032f253) c1_fflags 0x0000000000000010 x4  0xffffffffffffffff
core   0: 0x000000008000461c (0x17778393) addi    t2, a5, 375
core   0: 1 0x000000008000461c (0x17778393) x7  0x00000000800046af
core   0: 0x0000000080004620 (0x2b480253) fmin.d  ft4, fa6, fs4
core   0: 1 0x0000000080004620 (0x2b480253) f4  0x7ff8000000000000
core   0: 0x0000000080004624 (0x12727cd3) fmul.d  fs9, ft4, ft7
core   0: 1 0x0000000080004624 (0x12727cd3) f25 0x7ff8000000000000
core   0: 0x0000000080004628 (0x224585d3) fsgnj.d fa1, fa1, ft4
core   0: 1 0x0000000080004628 (0x224585d3) f11 0x7ff8000000000000
core   0: 0x000000008000462c (0x00e77d33) and     s10, a4, a4
core   0: 1 0x000000008000462c (0x00e77d33) x26 0xffffffffffe00000
core   0: 0x0000000080004630 (0x4093b337) lui     t1, 0x4093b
core   0: 1 0x0000000080004630 (0x4093b337) x6  0x000000004093b000
core   0: 0x0000000080004634 (0x5a05fad3) fsqrt.d fs5, fa1
core   0: 1 0x0000000080004634 (0x5a05fad3) f21 0x7ff8000000000000
core   0: 0x0000000080004638 (0x23f720d3) fsgnjx.d ft1, fa4, ft11
core   0: 1 0x0000000080004638 (0x23f720d3) f1  0x8000000000000000
core   0: 0x000000008000463c (0xfbc8f997) auipc   s3, 0xfbc8f
core   0: 1 0x000000008000463c (0xfbc8f997) x19 0x000000007bc9363c
core   0: 0x0000000080004640 (0x00000001) c.nop
core   0: 1 0x0000000080004640 (0x0001)
core   0: 0x0000000080004642 (0x30607af3) csrrci  s5, mcounteren, 0
core   0: exception trap_illegal_instruction, epc 0x0000000080004642
core   0:           tval 0x0000000030607af3
core   0: >>>>  $xrv64i2p1_m2p0_a2p1_f2p2_d2p2_zicsr2p0_zifencei2p0_zmmul1p0_zba1p0_zbb1p0_zbc1p0_zbs1p0
core   0: 0x0000000080004000 (0x0080006f) j       pc + 0x8
core   0: 3 0x0000000080004000 (0x0080006f)
core   0: >>>>  mmode_exception_handler
core   0: 0x0000000080004008 (0x00002c17) auipc   s8, 0x2
core   0: 3 0x0000000080004008 (0x00002c17) x24 0x0000000080006008
core   0: 0x000000008000400c (0x078c0c13) addi    s8, s8, 120
core   0: 3 0x000000008000400c (0x078c0c13) x24 0x0000000080006080
core   0: 0x0000000080004010 (0x000c00e7) jalr    s8
core   0: 3 0x0000000080004010 (0x000c00e7) x1  0x0000000080004014
core   0: >>>>  any_handler
core   0: 0x0000000080006080 (0x341027f3) csrrs   a5, mepc, zero
core   0: 3 0x0000000080006080 (0x341027f3) x15 0x0000000080004642
core   0: 0x0000000080006084 (0x34202773) csrrs   a4, mcause, zero
core   0: 3 0x0000000080006084 (0x34202773) x14 0x0000000000000002
core   0: 0x0000000080006088 (0x142026f3) csrrs   a3, scause, zero
core   0: 3 0x0000000080006088 (0x142026f3) x13 0x0000000000000000
core   0: 0x000000008000608c (0x30402673) csrrs   a2, mie, zero
core   0: 3 0x000000008000608c (0x30402673) x12 0x0000000000000a00
core   0: 0x0000000080006090 (0x344025f3) csrrs   a1, mip, zero
core   0: 3 0x0000000080006090 (0x344025f3) x11 0x0000000000000080
core   0: 0x0000000080006094 (0x343025f3) csrrs   a1, mtval, zero
core   0: 3 0x0000000080006094 (0x343025f3) x11 0x0000000030607af3
core   0: 0x0000000080006098 (0x14302573) csrrs   a0, stval, zero
core   0: 3 0x0000000080006098 (0x14302573) x10 0x0000000000000000
core   0: 0x000000008000609c (0xb02024f3) csrrs   s1, minstret, zero
core   0: 3 0x000000008000609c (0xb02024f3) x9  0x00000000000009a5
core   0: 0x00000000800060a0 (0x0000a811) c.j     pc + 20
core   0: 3 0x00000000800060a0 (0xa811)
core   0: >>>>  mepc_4
core   0: 0x00000000800060b4 (0x00000791) c.addi  a5, 4
core   0: 3 0x00000000800060b4 (0x0791) x15 0x0000000080004646
core   0: 0x00000000800060b6 (0x34179073) csrrw   zero, mepc, a5
core   0: 3 0x00000000800060b6 (0x34179073) c833_mepc 0x0000000080004646
core   0: 0x00000000800060ba (0x30200073) mret
core   0: 3 0x00000000800060ba (0x30200073) c768_mstatus 0x8000000a00106080
core   0: 0x0000000080004646 (0x035aa6b3) mulhsu  a3, s5, s5
core   0: 1 0x0000000080004646 (0x035aa6b3) x13 0x0000000000000000
core   0: 0x000000008000464a (0x000d9d9b) slliw   s11, s11, 0
core   0: 1 0x000000008000464a (0x000d9d9b) x27 0x0000000000000015
core   0: 0x000000008000464e (0x02bdf5bb) remuw   a1, s11, a1
core   0: 1 0x000000008000464e (0x02bdf5bb) x11 0x0000000000000015
core   0: 0x0000000080004652 (0xc23cf9d3) fcvt.lu.d s3, fs9
core   0: 1 0x0000000080004652 (0xc23cf9d3) c1_fflags 0x0000000000000010 x19 0xffffffffffffffff
core   0: 0x0000000080004656 (0x1b177353) fdiv.d  ft6, fa4, fa7
core   0: 1 0x0000000080004656 (0x1b177353) f6  0x0000000000000000
core   0: 0x000000008000465a (0x027353bb) divuw   t2, t1, t2
core   0: 1 0x000000008000465a (0x027353bb) x7  0x0000000000000000
core   0: 0x000000008000465e (0x027ee9bb) remw    s3, t4, t2
core   0: 1 0x000000008000465e (0x027ee9bb) x19 0x0000000000000015
core   0: 0x0000000080004662 (0x43085813) srai    a6, a6, 48
core   0: 1 0x0000000080004662 (0x43085813) x16 0xffffffffffffffff
core   0: 0x0000000080004666 (0x03977433) remu    s0, a4, s9
core   0: 1 0x0000000080004666 (0x03977433) x8  0x0000000000000002
core   0: 0x000000008000466a (0xd03af2d3) fcvt.s.lu ft5, s5
core   0: 1 0x000000008000466a (0xd03af2d3) c1_fflags 0x0000000000000011 f5  0xffffffff4f000000
core   0: 0x000000008000466e (0x00202bf3) csrrs   s7, frm, zero
core   0: 1 0x000000008000466e (0x00202bf3) x23 0x0000000000000000
core   0: 0x0000000080004672 (0x0020103b) sllw    zero, zero, sp
core   0: 1 0x0000000080004672 (0x0020103b)
core   0: 0x0000000080004676 (0x031c733b) remuw   t1, s8, a7
core   0: 1 0x0000000080004676 (0x031c733b) x6  0xffffffff80006080
core   0: 0x000000008000467a (0xd0307d53) fcvt.s.lu fs10, zero
core   0: 1 0x000000008000467a (0xd0307d53) f26 0xffffffff00000000
core   0: 0x000000008000467e (0x0005191b) slliw   s2, a0, 0
core   0: 1 0x000000008000467e (0x0005191b) x18 0x0000000000000000
core   0: 0x0000000080004682 (0x5a04fb53) fsqrt.d fs6, fs1
core   0: 1 0x0000000080004682 (0x5a04fb53) f22 0x7ff8000000000000
core   0: 0x0000000080004686 (0xc02af253) fcvt.l.s tp, fs5
core   0: 1 0x0000000080004686 (0xc02af253) c1_fflags 0x0000000000000011 x4  0x7fffffffffffffff
core   0: 0x000000008000468a (0x019cdc3b) srlw    s8, s9, s9
core   0: 1 0x000000008000468a (0x019cdc3b) x24 0x000000000f8b6000
core   0: 0x000000008000468e (0x414cd613) srai    a2, s9, 20
core   0: 1 0x000000008000468e (0x414cd613) x12 0x00000000000000f8
core   0: 0x0000000080004692 (0x021be233) rem     tp, s7, ra
core   0: 1 0x0000000080004692 (0x021be233) x4  0x0000000000000000
core   0: 0x0000000080004696 (0x03db78cf) fnmadd.d fa7, fs6, ft9, ft0
core   0: 1 0x0000000080004696 (0x03db78cf) f17 0x7ff8000000000000
core   0: 0x000000008000469a (0x03f71013) slli    zero, a4, 63
core   0: 1 0x000000008000469a (0x03f71013)
core   0: 0x000000008000469e (0x00f1593b) srlw    s2, sp, a5
core   0: 1 0x000000008000469e (0x00f1593b) x18 0x0000000003ffffff
core   0: 0x00000000800046a2 (0x0173923b) sllw    tp, t2, s7
core   0: 1 0x00000000800046a2 (0x0173923b) x4  0x0000000000000000
core   0: 0x00000000800046a6 (0x40bb53bb) sraw    t2, s6, a1
core   0: 1 0x00000000800046a6 (0x40bb53bb) x7  0xffffffffffffff9f
core   0: 0x00000000800046aa (0x0015551b) srliw   a0, a0, 1
core   0: 1 0x00000000800046aa (0x0015551b) x10 0x0000000000000000
core   0: 0x00000000800046ae (0x004507bb) addw    a5, a0, tp
core   0: 1 0x00000000800046ae (0x004507bb) x15 0x0000000000000000
core   0: 0x00000000800046b2 (0x0083dd33) srl     s10, t2, s0
core   0: 1 0x00000000800046b2 (0x0083dd33) x26 0x3fffffffffffffe7
core   0: 0x00000000800046b6 (0x035e05bb) mulw    a1, t3, s5
core   0: 1 0x00000000800046b6 (0x035e05bb) x11 0xfffffffffffff918
core   0: 0x00000000800046ba (0x40b5deb3) sra     t4, a1, a1
core   0: 1 0x00000000800046ba (0x40b5deb3) x29 0xffffffffffffffff
core   0: 0x00000000800046be (0x021ee3b3) rem     t2, t4, ra
core   0: 1 0x00000000800046be (0x021ee3b3) x7  0xffffffffffffffff
core   0: 0x00000000800046c2 (0xfe2d67b7) lui     a5, 0xfe2d6
core   0: 1 0x00000000800046c2 (0xfe2d67b7) x15 0xfffffffffe2d6000
core   0: 0x00000000800046c6 (0xe557879b) addiw   a5, a5, -427
core   0: 1 0x00000000800046c6 (0xe557879b) x15 0xfffffffffe2d5e55
core   0: 0x00000000800046ca (0x000007b2) c.slli  a5, 12
core   0: 1 0x00000000800046ca (0x07b2) x15 0xffffffe2d5e55000
core   0: 0x00000000800046cc (0x000007b1) c.addi  a5, 12
core   0: 1 0x00000000800046cc (0x07b1) x15 0xffffffe2d5e5500c
core   0: 0x00000000800046ce (0xc03071d3) fcvt.lu.s gp, ft0
core   0: 1 0x00000000800046ce (0xc03071d3) c1_fflags 0x0000000000000011 x3  0xffffffffffffffff
core   0: 0x00000000800046d2 (0x02726bb3) rem     s7, tp, t2
core   0: 1 0x00000000800046d2 (0x02726bb3) x23 0x0000000000000000
core   0: 0x00000000800046d6 (0x41ce0633) sub     a2, t3, t3
core   0: 1 0x00000000800046d6 (0x41ce0633) x12 0x0000000000000000
core   0: 0x00000000800046da (0xc22b72d3) fcvt.l.d t0, fs6
core   0: 1 0x00000000800046da (0xc22b72d3) c1_fflags 0x0000000000000011 x5  0x7fffffffffffffff
core   0: 0x00000000800046de (0x02f597b3) mulh    a5, a1, a5
core   0: 1 0x00000000800046de (0x02f597b3) x15 0x0000000000000000
core   0: 0x00000000800046e2 (0x2b6409d3) fmin.d  fs3, fs0, fs6
core   0: 1 0x00000000800046e2 (0x2b6409d3) f19 0x7ff8000000000000
core   0: 0x00000000800046e6 (0x297b3db7) lui     s11, 0x297b3
core   0: 1 0x00000000800046e6 (0x297b3db7) x27 0x00000000297b3000
core   0: 0x00000000800046ea (0xd027f2d3) fcvt.s.l ft5, a5
core   0: 1 0x00000000800046ea (0xd027f2d3) f5  0xffffffff00000000
core   0: 0x00000000800046ee (0x018d48b3) xor     a7, s10, s8
core   0: 1 0x00000000800046ee (0x018d48b3) x17 0x3ffffffff0749fe7
core   0: 0x00000000800046f2 (0x009bf693) andi    a3, s7, 9
core   0: 1 0x00000000800046f2 (0x009bf693) x13 0x0000000000000000
core   0: 0x00000000800046f6 (0xd2000cd3) fcvt.d.w fs9, zero
core   0: 1 0x00000000800046f6 (0xd2000cd3) f25 0x0000000000000000
core   0: 0x00000000800046fa (0xe2039553) fclass.d a0, ft7
core   0: 1 0x00000000800046fa (0xe2039553) x10 0x0000000000000200
core   0: 0x00000000800046fe (0x412905bb) subw    a1, s2, s2
core   0: 1 0x00000000800046fe (0x412905bb) x11 0x0000000000000000
core   0: 0x0000000080004702 (0x03f95513) srli    a0, s2, 63
core   0: 1 0x0000000080004702 (0x03f95513) x10 0x0000000000000000
core   0: 0x0000000080004706 (0x0315c43b) divw    s0, a1, a7
core   0: 1 0x0000000080004706 (0x0315c43b) x8  0x0000000000000000
core   0: 0x000000008000470a (0x009da633) slt     a2, s11, s1
core   0: 1 0x000000008000470a (0x009da633) x12 0x0000000000000000
core   0: 0x000000008000470e (0x1b937853) fdiv.d  fa6, ft6, fs9
core   0: 1 0x000000008000470e (0x1b937853) c1_fflags 0x0000000000000011 f16 0x7ff8000000000000
core   0: 0x0000000080004712 (0x0187d1bb) srlw    gp, a5, s8
core   0: 1 0x0000000080004712 (0x0187d1bb) x3  0x0000000000000000
core   0: 0x0000000080004716 (0x00000001) c.nop
core   0: 1 0x0000000080004716 (0x0001)
core   0: 0x0000000080004718 (0x00000001) c.nop
core   0: 1 0x0000000080004718 (0x0001)
core   0: 0x000000008000471a (0x03adecb3) rem     s9, s11, s10
core   0: 1 0x000000008000471a (0x03adecb3) x25 0x00000000297b3000
core   0: 0x000000008000471e (0x320fe073) csrrsi  zero, mcountinhibit, 31
core   0: exception trap_illegal_instruction, epc 0x000000008000471e
core   0:           tval 0x00000000320fe073
core   0: >>>>  $xrv64i2p1_m2p0_a2p1_f2p2_d2p2_zicsr2p0_zifencei2p0_zmmul1p0_zba1p0_zbb1p0_zbc1p0_zbs1p0
core   0: 0x0000000080004000 (0x0080006f) j       pc + 0x8
core   0: 3 0x0000000080004000 (0x0080006f)
core   0: >>>>  mmode_exception_handler
core   0: 0x0000000080004008 (0x00002c17) auipc   s8, 0x2
core   0: 3 0x0000000080004008 (0x00002c17) x24 0x0000000080006008
core   0: 0x000000008000400c (0x078c0c13) addi    s8, s8, 120
core   0: 3 0x000000008000400c (0x078c0c13) x24 0x0000000080006080
core   0: 0x0000000080004010 (0x000c00e7) jalr    s8
core   0: 3 0x0000000080004010 (0x000c00e7) x1  0x0000000080004014
core   0: >>>>  any_handler
core   0: 0x0000000080006080 (0x341027f3) csrrs   a5, mepc, zero
core   0: 3 0x0000000080006080 (0x341027f3) x15 0x000000008000471e
core   0: 0x0000000080006084 (0x34202773) csrrs   a4, mcause, zero
core   0: 3 0x0000000080006084 (0x34202773) x14 0x0000000000000002
core   0: 0x0000000080006088 (0x142026f3) csrrs   a3, scause, zero
core   0: 3 0x0000000080006088 (0x142026f3) x13 0x0000000000000000
core   0: 0x000000008000608c (0x30402673) csrrs   a2, mie, zero
core   0: 3 0x000000008000608c (0x30402673) x12 0x0000000000000a00
core   0: 0x0000000080006090 (0x344025f3) csrrs   a1, mip, zero
core   0: 3 0x0000000080006090 (0x344025f3) x11 0x0000000000000080
core   0: 0x0000000080006094 (0x343025f3) csrrs   a1, mtval, zero
core   0: 3 0x0000000080006094 (0x343025f3) x11 0x00000000320fe073
core   0: 0x0000000080006098 (0x14302573) csrrs   a0, stval, zero
core   0: 3 0x0000000080006098 (0x14302573) x10 0x0000000000000000
core   0: 0x000000008000609c (0xb02024f3) csrrs   s1, minstret, zero
core   0: 3 0x000000008000609c (0xb02024f3) x9  0x00000000000009ed
core   0: 0x00000000800060a0 (0x0000a811) c.j     pc + 20
core   0: 3 0x00000000800060a0 (0xa811)
core   0: >>>>  mepc_4
core   0: 0x00000000800060b4 (0x00000791) c.addi  a5, 4
core   0: 3 0x00000000800060b4 (0x0791) x15 0x0000000080004722
core   0: 0x00000000800060b6 (0x34179073) csrrw   zero, mepc, a5
core   0: 3 0x00000000800060b6 (0x34179073) c833_mepc 0x0000000080004722
core   0: 0x00000000800060ba (0x30200073) mret
core   0: 3 0x00000000800060ba (0x30200073) c768_mstatus 0x8000000a00106080
core   0: 0x0000000080004722 (0x00009886) c.add   a7, ra
core   0: 1 0x0000000080004722 (0x9886) x17 0x400000007074dffb
core   0: 0x0000000080004724 (0x41c75e3b) sraw    t3, a4, t3
core   0: 1 0x0000000080004724 (0x41c75e3b) x28 0x0000000000000000
core   0: 0x0000000080004728 (0x02a74533) div     a0, a4, a0
core   0: 1 0x0000000080004728 (0x02a74533) x10 0xffffffffffffffff
core   0: 0x000000008000472c (0xf836d337) lui     t1, 0xf836d
core   0: 1 0x000000008000472c (0xf836d337) x6  0xfffffffff836d000
core   0: 0x0000000080004730 (0xa173031b) addiw   t1, t1, -1513
core   0: 1 0x0000000080004730 (0xa173031b) x6  0xfffffffff836ca17
core   0: 0x0000000080004734 (0x00000332) c.slli  t1, 12
core   0: 1 0x0000000080004734 (0x0332) x6  0xffffff836ca17000
core   0: 0x0000000080004736 (0x1d030313) addi    t1, t1, 464
core   0: 1 0x0000000080004736 (0x1d030313) x6  0xffffff836ca171d0
core   0: 0x000000008000473a (0x01994ab3) xor     s5, s2, s9
core   0: 1 0x000000008000473a (0x01994ab3) x21 0x000000002a84cfff
core   0: 0x000000008000473e (0x02fcdd93) srli    s11, s9, 47
core   0: 1 0x000000008000473e (0x02fcdd93) x27 0x0000000000000000
core   0: 0x0000000080004742 (0x23058b53) fsgnj.d fs6, fa1, fa6
core   0: 1 0x0000000080004742 (0x23058b53) f22 0x7ff8000000000000
core   0: 0x0000000080004746 (0x035ad133) divu    sp, s5, s5
core   0: 1 0x0000000080004746 (0x035ad133) x2  0x0000000000000001
core   0: 0x000000008000474a (0x03080cbb) mulw    s9, a6, a6
core   0: 1 0x000000008000474a (0x03080cbb) x25 0x0000000000000001
core   0: 0x000000008000474e (0x001b7193) andi    gp, s6, 1
core   0: 1 0x000000008000474e (0x001b7193) x3  0x0000000000000000
core   0: 0x0000000080004752 (0x1b0efa53) fdiv.d  fs4, ft9, fa6
core   0: 1 0x0000000080004752 (0x1b0efa53) f20 0x7ff8000000000000
core   0: 0x0000000080004756 (0x231fa053) fsgnjx.d ft0, ft11, fa7
core   0: 1 0x0000000080004756 (0x231fa053) f0  0x8000000000000000
core   0: 0x000000008000475a (0x0390f2b3) remu    t0, ra, s9
core   0: 1 0x000000008000475a (0x0390f2b3) x5  0x0000000000000000
core   0: 0x000000008000475e (0x0042513b) srlw    sp, tp, tp
core   0: 1 0x000000008000475e (0x0042513b) x2  0x0000000000000000
core   0: 0x0000000080004762 (0x4047d03b) sraw    zero, a5, tp
core   0: 1 0x0000000080004762 (0x4047d03b)
core   0: 0x0000000080004766 (0x00104313) xori    t1, zero, 1
core   0: 1 0x0000000080004766 (0x00104313) x6  0x0000000000000001
core   0: 0x000000008000476a (0x023153b3) divu    t2, sp, gp
core   0: 1 0x000000008000476a (0x023153b3) x7  0xffffffffffffffff
core   0: 0x000000008000476e (0x4108dd1b) sraiw   s10, a7, 16
core   0: 1 0x000000008000476e (0x4108dd1b) x26 0x0000000000007074
core   0: 0x0000000080004772 (0x42e55193) srai    gp, a0, 46
core   0: 1 0x0000000080004772 (0x42e55193) x3  0xffffffffffffffff
core   0: 0x0000000080004776 (0x01d9a9b3) slt     s3, s3, t4
core   0: 1 0x0000000080004776 (0x01d9a9b3) x19 0x0000000000000000
core   0: 0x000000008000477a (0x02a42d33) mulhsu  s10, s0, a0
core   0: 1 0x000000008000477a (0x02a42d33) x26 0x0000000000000000
core   0: 0x000000008000477e (0x0016161b) slliw   a2, a2, 1
core   0: 1 0x000000008000477e (0x0016161b) x12 0x0000000000001400
core   0: 0x0000000080004782 (0x22290dd3) fsgnj.d fs11, fs2, ft2
core   0: 1 0x0000000080004782 (0x22290dd3) f27 0x4035000000000000
core   0: 0x0000000080004786 (0x03ccdc33) divu    s8, s9, t3
core   0: 1 0x0000000080004786 (0x03ccdc33) x24 0xffffffffffffffff
core   0: 0x000000008000478a (0x40ecd13b) sraw    sp, s9, a4
core   0: 1 0x000000008000478a (0x40ecd13b) x2  0x0000000000000000
core   0: 0x000000008000478e (0xd02cfc53) fcvt.s.l fs8, s9
core   0: 1 0x000000008000478e (0xd02cfc53) f24 0xffffffff3f800000
core   0: 0x0000000080004792 (0x5a077253) fsqrt.d ft4, fa4
core   0: 1 0x0000000080004792 (0x5a077253) f4  0x0000000000000000
core   0: 0x0000000080004796 (0x02e15693) srli    a3, sp, 46
core   0: 1 0x0000000080004796 (0x02e15693) x13 0x0000000000000000
core   0: 0x000000008000479a (0x409bd333) sra     t1, s7, s1
core   0: 1 0x000000008000479a (0x409bd333) x6  0x0000000000000000
core   0: 0x000000008000479e (0x7e8bfd13) andi    s10, s7, 2024
core   0: 1 0x000000008000479e (0x7e8bfd13) x26 0x0000000000000000
core   0: 0x00000000800047a2 (0xe20f8153) fmv.x.d sp, ft11
core   0: 1 0x00000000800047a2 (0xe20f8153) x2  0x8000000000000000
core   0: 0x00000000800047a6 (0xd20b0853) fcvt.d.w fa6, s6
core   0: 1 0x00000000800047a6 (0xd20b0853) f16 0xc1a801a000000000
core   0: 0x00000000800047aa (0xa3cd0ed3) fle.d   t4, fs10, ft8
core   0: 1 0x00000000800047aa (0xa3cd0ed3) c1_fflags 0x0000000000000011 x29 0x0000000000000000
core   0: 0x00000000800047ae (0x1b427bd3) fdiv.d  fs7, ft4, fs4
core   0: 1 0x00000000800047ae (0x1b427bd3) f23 0x7ff8000000000000
core   0: 0x00000000800047b2 (0x016082bb) addw    t0, ra, s6
core   0: 1 0x00000000800047b2 (0x016082bb) x5  0x0000000073ff7014
core   0: 0x00000000800047b6 (0x00009962) c.add   s2, s8
core   0: 1 0x00000000800047b6 (0x9962) x18 0x0000000003fffffe
core   0: 0x00000000800047b8 (0x41ab819b) addiw   gp, s7, 1050
core   0: 1 0x00000000800047b8 (0x41ab819b) x3  0x000000000000041a
core   0: 0x00000000800047bc (0x40b905b3) sub     a1, s2, a1
core   0: 1 0x00000000800047bc (0x40b905b3) x11 0xffffffffd1f01f8b
core   0: 0x00000000800047c0 (0x23721c53) fsgnjn.d fs8, ft4, fs7
core   0: 1 0x00000000800047c0 (0x23721c53) f24 0x8000000000000000
core   0: 0x00000000800047c4 (0xd035fc53) fcvt.s.lu fs8, a1
core   0: 1 0x00000000800047c4 (0xd035fc53) c1_fflags 0x0000000000000011 f24 0xffffffff5f800000
core   0: 0x00000000800047c8 (0xb8158b13) addi    s6, a1, -1151
core   0: 1 0x00000000800047c8 (0xb8158b13) x22 0xffffffffd1f01b0c
core   0: 0x00000000800047cc (0x4017d693) srai    a3, a5, 1
core   0: 1 0x00000000800047cc (0x4017d693) x13 0x0000000040002391
core   0: 0x00000000800047d0 (0x0a0871d3) fsub.d  ft3, fa6, ft0
core   0: 1 0x00000000800047d0 (0x0a0871d3) f3  0xc1a801a000000000
core   0: 0x00000000800047d4 (0x02ae5e13) srli    t3, t3, 42
core   0: 1 0x00000000800047d4 (0x02ae5e13) x28 0x0000000000000000
core   0: 0x00000000800047d8 (0x23a80853) fsgnj.d fa6, fa6, fs10
core   0: 1 0x00000000800047d8 (0x23a80853) f16 0xc1a801a000000000
core   0: 0x00000000800047dc (0x002021f3) csrrs   gp, frm, zero
core   0: 1 0x00000000800047dc (0x002021f3) x3  0x0000000000000000
core   0: 0x00000000800047e0 (0x417689bb) subw    s3, a3, s7
core   0: 1 0x00000000800047e0 (0x417689bb) x19 0x0000000040002391
core   0: 0x00000000800047e4 (0x1a0ff0d3) fdiv.d  ft1, ft11, ft0
core   0: 1 0x00000000800047e4 (0x1a0ff0d3) c1_fflags 0x0000000000000011 f1  0x7ff8000000000000
core   0: 0x00000000800047e8 (0x23ce2d53) fsgnjx.d fs10, ft8, ft8
core   0: 1 0x00000000800047e8 (0x23ce2d53) f26 0x7ff8000000000000
core   0: 0x00000000800047ec (0x013e541b) srliw   s0, t3, 19
core   0: 1 0x00000000800047ec (0x013e541b) x8  0x0000000000000000
core   0: 0x00000000800047f0 (0x104b9073) csrrw   zero, sie, s7
core   0: 1 0x00000000800047f0 (0x104b9073) c772_mie 0x0000000000000a00
core   0: 0x00000000800047f4 (0x0078181b) slliw   a6, a6, 7
core   0: 1 0x00000000800047f4 (0x0078181b) x16 0xffffffffffffff80
core   0: 0x00000000800047f8 (0x00000001) c.nop
core   0: 1 0x00000000800047f8 (0x0001)
core   0: 0x00000000800047fa (0x2a6318d3) fmax.d  fa7, ft6, ft6
core   0: 1 0x00000000800047fa (0x2a6318d3) f17 0x0000000000000000
core   0: 0x00000000800047fe (0x2b8a0dd3) fmin.d  fs11, fs4, fs8
core   0: 1 0x00000000800047fe (0x2b8a0dd3) f27 0x7ff8000000000000
core   0: 0x0000000080004802 (0x01bd8cb3) add     s9, s11, s11
core   0: 1 0x0000000080004802 (0x01bd8cb3) x25 0x0000000000000000
core   0: 0x0000000080004806 (0x2b8d1ad3) fmax.d  fs5, fs10, fs8
core   0: 1 0x0000000080004806 (0x2b8d1ad3) f21 0x7ff8000000000000
core   0: 0x000000008000480a (0xc23773d3) fcvt.lu.d t2, fa4
core   0: 1 0x000000008000480a (0xc23773d3) x7  0x0000000000000000
core   0: 0x000000008000480e (0x4113d8bb) sraw    a7, t2, a7
core   0: 1 0x000000008000480e (0x4113d8bb) x17 0x0000000000000000
core   0: 0x0000000080004812 (0x00cb4033) xor     zero, s6, a2
core   0: 1 0x0000000080004812 (0x00cb4033)
core   0: 0x0000000080004816 (0xd2320213) addi    tp, tp, -733
core   0: 1 0x0000000080004816 (0xd2320213) x4  0xfffffffffffffd23
core   0: 0x000000008000481a (0xd3820793) addi    a5, tp, -712
core   0: 1 0x000000008000481a (0xd3820793) x15 0xfffffffffffffa5b
core   0: 0x000000008000481e (0x02fcbe33) mulhu   t3, s9, a5
core   0: 1 0x000000008000481e (0x02fcbe33) x28 0x0000000000000000
core   0: 0x0000000080004822 (0x03387137) lui     sp, 0x3387
core   0: 1 0x0000000080004822 (0x03387137) x2  0x0000000003387000
core   0: 0x0000000080004826 (0x3031011b) addiw   sp, sp, 771
core   0: 1 0x0000000080004826 (0x3031011b) x2  0x0000000003387303
core   0: 0x000000008000482a (0x00000136) c.slli  sp, 13
core   0: 1 0x000000008000482a (0x0136) x2  0x000000670e606000
core   0: 0x000000008000482c (0x68d10113) addi    sp, sp, 1677
core   0: 1 0x000000008000482c (0x68d10113) x2  0x000000670e60668d
core   0: 0x0000000080004830 (0x03d0f0b3) remu    ra, ra, t4
core   0: 1 0x0000000080004830 (0x03d0f0b3) x1  0x0000000080004014
core   0: 0x0000000080004834 (0x019254bb) srlw    s1, tp, s9
core   0: 1 0x0000000080004834 (0x019254bb) x9  0xfffffffffffffd23
core   0: 0x0000000080004838 (0x0017de9b) srliw   t4, a5, 1
core   0: 1 0x0000000080004838 (0x0017de9b) x29 0x000000007ffffd2d
core   0: 0x000000008000483c (0xa35c0c53) fle.d   s8, fs8, fs5
core   0: 1 0x000000008000483c (0xa35c0c53) c1_fflags 0x0000000000000011 x24 0x0000000000000000
core   0: 0x0000000080004840 (0x001b1df3) csrrw   s11, fflags, s6
core   0: 1 0x0000000080004840 (0x001b1df3) x27 0x0000000000000011 c1_fflags 0x000000000000000c
core   0: 0x0000000080004844 (0x9209f943) fmadd.d fs2, fs3, ft0, fs2
core   0: 1 0x0000000080004844 (0x9209f943) f18 0x7ff8000000000000
core   0: 0x0000000080004848 (0xc21970d3) fcvt.wu.d ra, fs2
core   0: 1 0x0000000080004848 (0xc21970d3) c1_fflags 0x000000000000001c x1  0xffffffffffffffff
core   0: 0x000000008000484c (0x40e4d43b) sraw    s0, s1, a4
core   0: 1 0x000000008000484c (0x40e4d43b) x8  0xffffffffffffff48
core   0: 0x0000000080004850 (0x01819bbb) sllw    s7, gp, s8
core   0: 1 0x0000000080004850 (0x01819bbb) x23 0x0000000000000000
core   0: 0x0000000080004854 (0x02fb2833) mulhsu  a6, s6, a5
core   0: 1 0x0000000080004854 (0x02fb2833) x16 0xffffffffd1f01b0c
core   0: 0x0000000080004858 (0x410b5a3b) sraw    s4, s6, a6
core   0: 1 0x0000000080004858 (0x410b5a3b) x20 0xfffffffffffd1f01
core   0: 0x000000008000485c (0x038c1c33) mulh    s8, s8, s8
core   0: 1 0x000000008000485c (0x038c1c33) x24 0x0000000000000000
core   0: 0x0000000080004860 (0xc238fd53) fcvt.lu.d s10, fa7
core   0: 1 0x0000000080004860 (0xc238fd53) x26 0x0000000000000000
core   0: 0x0000000080004864 (0x43fd5a93) srai    s5, s10, 63
core   0: 1 0x0000000080004864 (0x43fd5a93) x21 0x0000000000000000
core   0: 0x0000000080004868 (0x0289fa3b) remuw   s4, s3, s0
core   0: 1 0x0000000080004868 (0x0289fa3b) x20 0x0000000040002391
core   0: 0x000000008000486c (0xd02a70d3) fcvt.s.l ft1, s4
core   0: 1 0x000000008000486c (0xd02a70d3) c1_fflags 0x000000000000001d f1  0xffffffff4e800047
core   0: 0x0000000080004870 (0x03f75193) srli    gp, a4, 63
core   0: 1 0x0000000080004870 (0x03f75193) x3  0x0000000000000000
core   0: 0x0000000080004874 (0x016b5bbb) srlw    s7, s6, s6
core   0: 1 0x0000000080004874 (0x016b5bbb) x23 0x00000000000d1f01
core   0: 0x0000000080004878 (0x00102df3) csrrs   s11, fflags, zero
core   0: 1 0x0000000080004878 (0x00102df3) x27 0x000000000000001d
core   0: 0x000000008000487c (0x0056eeb3) or      t4, a3, t0
core   0: 1 0x000000008000487c (0x0056eeb3) x29 0x0000000073ff7395
core   0: 0x0000000080004880 (0x5a00f253) fsqrt.d ft4, ft1
core   0: 1 0x0000000080004880 (0x5a00f253) f4  0x7ff8000000000000
core   0: 0x0000000080004884 (0x00dedb1b) srliw   s6, t4, 13
core   0: 1 0x0000000080004884 (0x00dedb1b) x22 0x0000000000039ffb
core   0: 0x0000000080004888 (0x03fb1693) slli    a3, s6, 63
core   0: 1 0x0000000080004888 (0x03fb1693) x13 0x8000000000000000
core   0: 0x000000008000488c (0x43f75b13) srai    s6, a4, 63
core   0: 1 0x000000008000488c (0x43f75b13) x22 0x0000000000000000
core   0: 0x0000000080004890 (0x0ff0000f) fence   iorw,iorw
core   0: 1 0x0000000080004890 (0x0ff0000f)
core   0: 0x0000000080004894 (0x4088083b) subw    a6, a6, s0
core   0: 1 0x0000000080004894 (0x4088083b) x16 0xffffffffd1f01bc4
core   0: 0x0000000080004898 (0x92340b13) addi    s6, s0, -1757
core   0: 1 0x0000000080004898 (0x92340b13) x22 0xfffffffffffff86b
core   0: 0x000000008000489c (0x001d1973) csrrw   s2, fflags, s10
core   0: 1 0x000000008000489c (0x001d1973) x18 0x000000000000001d c1_fflags 0x0000000000000000
core   0: 0x00000000800048a0 (0x41f9599b) sraiw   s3, s2, 31
core   0: 1 0x00000000800048a0 (0x41f9599b) x19 0x0000000000000000
core   0: 0x00000000800048a4 (0x5a04fb53) fsqrt.d fs6, fs1
core   0: 1 0x00000000800048a4 (0x5a04fb53) f22 0x7ff8000000000000
core   0: 0x00000000800048a8 (0x034a5ebb) divuw   t4, s4, s4
core   0: 1 0x00000000800048a8 (0x034a5ebb) x29 0x0000000000000001
core   0: 0x00000000800048ac (0x02c28633) mul     a2, t0, a2
core   0: 1 0x00000000800048ac (0x02c28633) x12 0x0000090ff4c19000
core   0: 0x00000000800048b0 (0x03d1ad33) mulhsu  s10, gp, t4
core   0: 1 0x00000000800048b0 (0x03d1ad33) x26 0x0000000000000000
core   0: 0x00000000800048b4 (0x01a60bb3) add     s7, a2, s10
core   0: 1 0x00000000800048b4 (0x01a60bb3) x23 0x0000090ff4c19000
core   0: 0x00000000800048b8 (0x03cb8eb3) mul     t4, s7, t3
core   0: 1 0x00000000800048b8 (0x03cb8eb3) x29 0x0000000000000000
core   0: 0x00000000800048bc (0xf20a0053) fmv.d.x ft0, s4
core   0: 1 0x00000000800048bc (0xf20a0053) f0  0x0000000040002391
core   0: 0x00000000800048c0 (0x05bdd3b7) lui     t2, 0x5bdd
core   0: 1 0x00000000800048c0 (0x05bdd3b7) x7  0x0000000005bdd000
core   0: 0x00000000800048c4 (0x8433839b) addiw   t2, t2, -1981
core   0: 1 0x00000000800048c4 (0x8433839b) x7  0x0000000005bdc843
core   0: 0x00000000800048c8 (0x000003b2) c.slli  t2, 12
core   0: 1 0x00000000800048c8 (0x03b2) x7  0x0000005bdc843000
core   0: 0x00000000800048ca (0x9f638393) addi    t2, t2, -1546
core   0: 1 0x00000000800048ca (0x9f638393) x7  0x0000005bdc8429f6
core   0: 0x00000000800048ce (0x4003d09b) sraiw   ra, t2, 0
core   0: 1 0x00000000800048ce (0x4003d09b) x1  0xffffffffdc8429f6
core   0: 0x00000000800048d2 (0x336377cb) fnmsub.d fa5, ft6, fs6, ft6
core   0: 1 0x00000000800048d2 (0x336377cb) f15 0x7ff8000000000000
core   0: 0x00000000800048d6 (0x2a900253) fmin.d  ft4, ft0, fs1
core   0: 1 0x00000000800048d6 (0x2a900253) f4  0x0000000040002391
core   0: 0x00000000800048da (0x0190ecb3) or      s9, ra, s9
core   0: 1 0x00000000800048da (0x0190ecb3) x25 0xffffffffdc8429f6
core   0: 0x00000000800048de (0xfeb17493) andi    s1, sp, -21
core   0: 1 0x00000000800048de (0xfeb17493) x9  0x000000670e606689
core   0: 0x00000000800048e2 (0x00281e73) csrrw   t3, frm, a6
core   0: 1 0x00000000800048e2 (0x00281e73) x28 0x0000000000000000 c2_frm 0x0000000000000004
core   0: 0x00000000800048e6 (0x0382cb3b) divw    s6, t0, s8
core   0: 1 0x00000000800048e6 (0x0382cb3b) x22 0xffffffffffffffff
core   0: 0x00000000800048ea (0x01ce4833) xor     a6, t3, t3
core   0: 1 0x00000000800048ea (0x01ce4833) x16 0x0000000000000000
core   0: 0x00000000800048ee (0x4376d313) srai    t1, a3, 55
core   0: 1 0x00000000800048ee (0x4376d313) x6  0xffffffffffffff00
core   0: 0x00000000800048f2 (0x8005c993) xori    s3, a1, -2048
core   0: 1 0x00000000800048f2 (0x8005c993) x19 0x000000002e0fe78b
core   0: 0x00000000800048f6 (0x035edebb) divuw   t4, t4, s5
core   0: 1 0x00000000800048f6 (0x035edebb) x29 0xffffffffffffffff
core   0: 0x00000000800048fa (0x016d913b) sllw    sp, s11, s6
core   0: 1 0x00000000800048fa (0x016d913b) x2  0xffffffff80000000
core   0: 0x00000000800048fe (0xd23574d3) fcvt.d.lu fs1, a0
core   0: 1 0x00000000800048fe (0xd23574d3) c1_fflags 0x0000000000000001 f9  0x43f0000000000000
core   0: 0x0000000080004902 (0x02411893) slli    a7, sp, 36
core   0: 1 0x0000000080004902 (0x02411893) x17 0x0000000000000000
core   0: 0x0000000080004906 (0x0229ea3b) remw    s4, s3, sp
core   0: 1 0x0000000080004906 (0x0229ea3b) x20 0x000000002e0fe78b
core   0: 0x000000008000490a (0xfc995537) lui     a0, 0xfc995
core   0: 1 0x000000008000490a (0xfc995537) x10 0xfffffffffc995000
core   0: 0x000000008000490e (0x34b5051b) addiw   a0, a0, 843
core   0: 1 0x000000008000490e (0x34b5051b) x10 0xfffffffffc99534b
core   0: 0x0000000080004912 (0x00000532) c.slli  a0, 12
core   0: 1 0x0000000080004912 (0x0532) x10 0xffffffc99534b000
core   0: 0x0000000080004914 (0xe4250513) addi    a0, a0, -446
core   0: 1 0x0000000080004914 (0xe4250513) x10 0xffffffc99534ae42
core   0: 0x0000000080004918 (0x00e750bb) srlw    ra, a4, a4
core   0: 1 0x0000000080004918 (0x00e750bb) x1  0x0000000000000000
core   0: 0x000000008000491c (0x00ed8933) add     s2, s11, a4
core   0: 1 0x000000008000491c (0x00ed8933) x18 0x000000000000001f
core   0: 0x0000000080004920 (0x132976d3) fmul.d  fa3, fs2, fs2
core   0: 1 0x0000000080004920 (0x132976d3) f13 0x7ff8000000000000
core   0: 0x0000000080004924 (0x413dd1b3) sra     gp, s11, s3
core   0: 1 0x0000000080004924 (0x413dd1b3) x3  0x0000000000000000
core   0: 0x0000000080004928 (0x0221093b) mulw    s2, sp, sp
core   0: 1 0x0000000080004928 (0x0221093b) x18 0x0000000000000000
core   0: 0x000000008000492c (0xc22dfe53) fcvt.l.d t3, fs11
core   0: 1 0x000000008000492c (0xc22dfe53) c1_fflags 0x0000000000000011 x28 0x7fffffffffffffff
core   0: 0x0000000080004930 (0xc03bfa53) fcvt.lu.s s4, fs7
core   0: 1 0x0000000080004930 (0xc03bfa53) c1_fflags 0x0000000000000011 x20 0xffffffffffffffff
core   0: 0x0000000080004934 (0x16744117) auipc   sp, 0x16744
core   0: 1 0x0000000080004934 (0x16744117) x2  0x0000000096748934
core   0: 0x0000000080004938 (0x41415c3b) sraw    s8, sp, s4
core   0: 1 0x0000000080004938 (0x41415c3b) x24 0xffffffffffffffff
core   0: 0x000000008000493c (0xc0005ef3) csrrwi  t4, cycle, 0
core   0: exception trap_illegal_instruction, epc 0x000000008000493c
core   0:           tval 0x00000000c0005ef3
core   0: >>>>  $xrv64i2p1_m2p0_a2p1_f2p2_d2p2_zicsr2p0_zifencei2p0_zmmul1p0_zba1p0_zbb1p0_zbc1p0_zbs1p0
core   0: 0x0000000080004000 (0x0080006f) j       pc + 0x8
core   0: 3 0x0000000080004000 (0x0080006f)
core   0: >>>>  mmode_exception_handler
core   0: 0x0000000080004008 (0x00002c17) auipc   s8, 0x2
core   0: 3 0x0000000080004008 (0x00002c17) x24 0x0000000080006008
core   0: 0x000000008000400c (0x078c0c13) addi    s8, s8, 120
core   0: 3 0x000000008000400c (0x078c0c13) x24 0x0000000080006080
core   0: 0x0000000080004010 (0x000c00e7) jalr    s8
core   0: 3 0x0000000080004010 (0x000c00e7) x1  0x0000000080004014
core   0: >>>>  any_handler
core   0: 0x0000000080006080 (0x341027f3) csrrs   a5, mepc, zero
core   0: 3 0x0000000080006080 (0x341027f3) x15 0x000000008000493c
core   0: 0x0000000080006084 (0x34202773) csrrs   a4, mcause, zero
core   0: 3 0x0000000080006084 (0x34202773) x14 0x0000000000000002
core   0: 0x0000000080006088 (0x142026f3) csrrs   a3, scause, zero
core   0: 3 0x0000000080006088 (0x142026f3) x13 0x0000000000000000
core   0: 0x000000008000608c (0x30402673) csrrs   a2, mie, zero
core   0: 3 0x000000008000608c (0x30402673) x12 0x0000000000000a00
core   0: 0x0000000080006090 (0x344025f3) csrrs   a1, mip, zero
core   0: 3 0x0000000080006090 (0x344025f3) x11 0x0000000000000080
core   0: 0x0000000080006094 (0x343025f3) csrrs   a1, mtval, zero
core   0: 3 0x0000000080006094 (0x343025f3) x11 0x00000000c0005ef3
core   0: 0x0000000080006098 (0x14302573) csrrs   a0, stval, zero
core   0: 3 0x0000000080006098 (0x14302573) x10 0x0000000000000000
core   0: 0x000000008000609c (0xb02024f3) csrrs   s1, minstret, zero
core   0: 3 0x000000008000609c (0xb02024f3) x9  0x0000000000000a87
core   0: 0x00000000800060a0 (0x0000a811) c.j     pc + 20
core   0: 3 0x00000000800060a0 (0xa811)
core   0: >>>>  mepc_4
core   0: 0x00000000800060b4 (0x00000791) c.addi  a5, 4
core   0: 3 0x00000000800060b4 (0x0791) x15 0x0000000080004940
core   0: 0x00000000800060b6 (0x34179073) csrrw   zero, mepc, a5
core   0: 3 0x00000000800060b6 (0x34179073) c833_mepc 0x0000000080004940
core   0: 0x00000000800060ba (0x30200073) mret
core   0: 3 0x00000000800060ba (0x30200073) c768_mstatus 0x8000000a00106080
core   0: 0x0000000080004940 (0x0095eab3) or      s5, a1, s1
core   0: 1 0x0000000080004940 (0x0095eab3) x21 0x00000000c0005ef7
core   0: 0x0000000080004944 (0x00f64033) xor     zero, a2, a5
core   0: 1 0x0000000080004944 (0x00f64033)
core   0: 0x0000000080004948 (0x2b2708d3) fmin.d  fa7, fa4, fs2
core   0: 1 0x0000000080004948 (0x2b2708d3) f17 0x0000000000000000
core   0: 0x000000008000494c (0x40d6da3b) sraw    s4, a3, a3
core   0: 1 0x000000008000494c (0x40d6da3b) x20 0x0000000000000000
core   0: 0x0000000080004950 (0xd226fd53) fcvt.d.l fs10, a3
core   0: 1 0x0000000080004950 (0xd226fd53) f26 0x0000000000000000
core   0: 0x0000000080004954 (0x323afacf) fnmadd.d fs5, fs5, ft3, ft6
core   0: 1 0x0000000080004954 (0x323afacf) f21 0x7ff8000000000000
core   0: 0x0000000080004958 (0x008a543b) srlw    s0, s4, s0
core   0: 1 0x0000000080004958 (0x008a543b) x8  0x0000000000000000
core   0: 0x000000008000495c (0x00ea189b) slliw   a7, s4, 14
core   0: 1 0x000000008000495c (0x00ea189b) x17 0x0000000000000000
core   0: 0x0000000080004960 (0x80027213) andi    tp, tp, -2048
core   0: 1 0x0000000080004960 (0x80027213) x4  0xfffffffffffff800
core   0: 0x0000000080004964 (0x416b0b3b) subw    s6, s6, s6
core   0: 1 0x0000000080004964 (0x416b0b3b) x22 0x0000000000000000
core   0: 0x0000000080004968 (0x018513b3) sll     t2, a0, s8
core   0: 1 0x0000000080004968 (0x018513b3) x7  0x0000000000000000
core   0: 0x000000008000496c (0x01366ab3) or      s5, a2, s3
core   0: 1 0x000000008000496c (0x01366ab3) x21 0x000000002e0fef8b
core   0: 0x0000000080004970 (0x010c1d9b) slliw   s11, s8, 16
core   0: 1 0x0000000080004970 (0x010c1d9b) x27 0x0000000060800000
core   0: 0x0000000080004974 (0xc219f2d3) fcvt.wu.d t0, fs3
core   0: 1 0x0000000080004974 (0xc219f2d3) c1_fflags 0x0000000000000011 x5  0xffffffffffffffff
core   0: 0x0000000080004978 (0x0ff0000f) fence   iorw,iorw
core   0: 1 0x0000000080004978 (0x0ff0000f)
core   0: 0x000000008000497c (0x41be5bbb) sraw    s7, t3, s11
core   0: 1 0x000000008000497c (0x41be5bbb) x23 0xffffffffffffffff
core   0: 0x0000000080004980 (0xc02378d3) fcvt.l.s a7, ft6
core   0: 1 0x0000000080004980 (0xc02378d3) c1_fflags 0x0000000000000011 x17 0x7fffffffffffffff
core   0: 0x0000000080004984 (0x00dc9513) slli    a0, s9, 13
core   0: 1 0x0000000080004984 (0x00dc9513) x10 0xfffffb90853ec000
core   0: 0x0000000080004988 (0xd0207cd3) fcvt.s.l fs9, zero
core   0: 1 0x0000000080004988 (0xd0207cd3) f25 0xffffffff00000000
core   0: 0x000000008000498c (0x0111dabb) srlw    s5, gp, a7
core   0: 1 0x000000008000498c (0x0111dabb) x21 0x0000000000000000
core   0: 0x0000000080004990 (0xfb04e413) ori     s0, s1, -80
core   0: 1 0x0000000080004990 (0xfb04e413) x8  0xffffffffffffffb7
core   0: 0x0000000080004994 (0x025a85b7) lui     a1, 0x25a8
core   0: 1 0x0000000080004994 (0x025a85b7) x11 0x00000000025a8000
core   0: 0x0000000080004998 (0x4ad5859b) addiw   a1, a1, 1197
core   0: 1 0x0000000080004998 (0x4ad5859b) x11 0x00000000025a84ad
core   0: 0x000000008000499c (0x000005b6) c.slli  a1, 13
core   0: 1 0x000000008000499c (0x05b6) x11 0x0000004b5095a000
core   0: 0x000000008000499e (0xbdd58593) addi    a1, a1, -1059
core   0: 1 0x000000008000499e (0xbdd58593) x11 0x0000004b50959bdd
core   0: 0x00000000800049a2 (0x0354f4b3) remu    s1, s1, s5
core   0: 1 0x00000000800049a2 (0x0354f4b3) x9  0x0000000000000a87
core   0: 0x00000000800049a6 (0xa28cff43) fmadd.d ft10, fs9, fs0, fs4
core   0: 1 0x00000000800049a6 (0xa28cff43) f30 0x7ff8000000000000
core   0: 0x00000000800049aa (0x00102673) csrrs   a2, fflags, zero
core   0: 1 0x00000000800049aa (0x00102673) x12 0x0000000000000011
core   0: 0x00000000800049ae (0xc0247653) fcvt.l.s a2, fs0
core   0: 1 0x00000000800049ae (0xc0247653) c1_fflags 0x0000000000000011 x12 0x7fffffffffffffff
core   0: 0x00000000800049b2 (0x40160dbb) subw    s11, a2, ra
core   0: 1 0x00000000800049b2 (0x40160dbb) x27 0x000000007fffbfeb
core   0: 0x00000000800049b6 (0x40c657bb) sraw    a5, a2, a2
core   0: 1 0x00000000800049b6 (0x40c657bb) x15 0xffffffffffffffff
core   0: 0x00000000800049ba (0x00f0933b) sllw    t1, ra, a5
core   0: 1 0x00000000800049ba (0x00f0933b) x6  0x0000000000000000
core   0: 0x00000000800049be (0x0010eb93) ori     s7, ra, 1
core   0: 1 0x00000000800049be (0x0010eb93) x23 0x0000000080004015
core   0: 0x00000000800049c2 (0x026d793b) remuw   s2, s10, t1
core   0: 1 0x00000000800049c2 (0x026d793b) x18 0x0000000000000000
core   0: 0x00000000800049c6 (0xd22df7d3) fcvt.d.l fa5, s11
core   0: 1 0x00000000800049c6 (0xd22df7d3) f15 0x41dfffeffac00000
core   0: 0x00000000800049ca (0xc20474d3) fcvt.w.d s1, fs0
core   0: 1 0x00000000800049ca (0xc20474d3) c1_fflags 0x0000000000000011 x9  0x000000007fffffff
core   0: 0x00000000800049ce (0x00041d1b) slliw   s10, s0, 0
core   0: 1 0x00000000800049ce (0x00041d1b) x26 0xffffffffffffffb7
core   0: 0x00000000800049d2 (0x008210bb) sllw    ra, tp, s0
core   0: 1 0x00000000800049d2 (0x008210bb) x1  0x0000000000000000
core   0: 0x00000000800049d6 (0x22e494d3) fsgnjn.d fs1, fs1, fa4
core   0: 1 0x00000000800049d6 (0x22e494d3) f9  0xc3f0000000000000
core   0: 0x00000000800049da (0x002518f3) csrrw   a7, frm, a0
core   0: 1 0x00000000800049da (0x002518f3) x17 0x0000000000000004 c2_frm 0x0000000000000000
core   0: 0x00000000800049de (0x7a937847) fmsub.d fa6, ft6, fs1, fa5
core   0: 1 0x00000000800049de (0x7a937847) f16 0xc1dfffeffac00000
core   0: 0x00000000800049e2 (0x021e503b) divuw   zero, t3, ra
core   0: 1 0x00000000800049e2 (0x021e503b)
core   0: 0x00000000800049e6 (0x00202b73) csrrs   s6, frm, zero
core   0: 1 0x00000000800049e6 (0x00202b73) x22 0x0000000000000000
core   0: 0x00000000800049ea (0xd220f753) fcvt.d.l fa4, ra
core   0: 1 0x00000000800049ea (0xd220f753) f14 0x0000000000000000
core   0: 0x00000000800049ee (0xc031f6d3) fcvt.lu.s a3, ft3
core   0: 1 0x00000000800049ee (0xc031f6d3) c1_fflags 0x0000000000000011 x13 0xffffffffffffffff
core   0: 0x00000000800049f2 (0x022a15b3) mulh    a1, s4, sp
core   0: 1 0x00000000800049f2 (0x022a15b3) x11 0x0000000000000000
core   0: 0x00000000800049f6 (0x013a55b3) srl     a1, s4, s3
core   0: 1 0x00000000800049f6 (0x013a55b3) x11 0x0000000000000000
core   0: 0x00000000800049fa (0xc20bf153) fcvt.w.d sp, fs7
core   0: 1 0x00000000800049fa (0xc20bf153) c1_fflags 0x0000000000000011 x2  0x000000007fffffff
core   0: 0x00000000800049fe (0x0343c3bb) divw    t2, t2, s4
core   0: 1 0x00000000800049fe (0x0343c3bb) x7  0xffffffffffffffff
core   0: 0x0000000080004a02 (0x002b9df3) csrrw   s11, frm, s7
core   0: 1 0x0000000080004a02 (0x002b9df3) x27 0x0000000000000000 c2_frm 0x0000000000000005
core   0: 0x0000000080004a06 (0xaae6f2c3) fmadd.d ft5, fa3, fa4, fs5
core   0: exception trap_illegal_instruction, epc 0x0000000080004a06
core   0:           tval 0x00000000aae6f2c3
core   0: >>>>  $xrv64i2p1_m2p0_a2p1_f2p2_d2p2_zicsr2p0_zifencei2p0_zmmul1p0_zba1p0_zbb1p0_zbc1p0_zbs1p0
core   0: 0x0000000080004000 (0x0080006f) j       pc + 0x8
core   0: 3 0x0000000080004000 (0x0080006f)
core   0: >>>>  mmode_exception_handler
core   0: 0x0000000080004008 (0x00002c17) auipc   s8, 0x2
core   0: 3 0x0000000080004008 (0x00002c17) x24 0x0000000080006008
core   0: 0x000000008000400c (0x078c0c13) addi    s8, s8, 120
core   0: 3 0x000000008000400c (0x078c0c13) x24 0x0000000080006080
core   0: 0x0000000080004010 (0x000c00e7) jalr    s8
core   0: 3 0x0000000080004010 (0x000c00e7) x1  0x0000000080004014
core   0: >>>>  any_handler
core   0: 0x0000000080006080 (0x341027f3) csrrs   a5, mepc, zero
core   0: 3 0x0000000080006080 (0x341027f3) x15 0x0000000080004a06
core   0: 0x0000000080006084 (0x34202773) csrrs   a4, mcause, zero
core   0: 3 0x0000000080006084 (0x34202773) x14 0x0000000000000002
core   0: 0x0000000080006088 (0x142026f3) csrrs   a3, scause, zero
core   0: 3 0x0000000080006088 (0x142026f3) x13 0x0000000000000000
core   0: 0x000000008000608c (0x30402673) csrrs   a2, mie, zero
core   0: 3 0x000000008000608c (0x30402673) x12 0x0000000000000a00
core   0: 0x0000000080006090 (0x344025f3) csrrs   a1, mip, zero
core   0: 3 0x0000000080006090 (0x344025f3) x11 0x0000000000000080
core   0: 0x0000000080006094 (0x343025f3) csrrs   a1, mtval, zero
core   0: 3 0x0000000080006094 (0x343025f3) x11 0x00000000aae6f2c3
core   0: 0x0000000080006098 (0x14302573) csrrs   a0, stval, zero
core   0: 3 0x0000000080006098 (0x14302573) x10 0x0000000000000000
core   0: 0x000000008000609c (0xb02024f3) csrrs   s1, minstret, zero
core   0: 3 0x000000008000609c (0xb02024f3) x9  0x0000000000000ac9
core   0: 0x00000000800060a0 (0x0000a811) c.j     pc + 20
core   0: 3 0x00000000800060a0 (0xa811)
core   0: >>>>  mepc_4
core   0: 0x00000000800060b4 (0x00000791) c.addi  a5, 4
core   0: 3 0x00000000800060b4 (0x0791) x15 0x0000000080004a0a
core   0: 0x00000000800060b6 (0x34179073) csrrw   zero, mepc, a5
core   0: 3 0x00000000800060b6 (0x34179073) c833_mepc 0x0000000080004a0a
core   0: 0x00000000800060ba (0x30200073) mret
core   0: 3 0x00000000800060ba (0x30200073) c768_mstatus 0x8000000a00106080
core   0: 0x0000000080004a0a (0xfec9b737) lui     a4, 0xfec9b
core   0: 1 0x0000000080004a0a (0xfec9b737) x14 0xfffffffffec9b000
core   0: 0x0000000080004a0e (0xd537071b) addiw   a4, a4, -685
core   0: 1 0x0000000080004a0e (0xd537071b) x14 0xfffffffffec9ad53
core   0: 0x0000000080004a12 (0x0000073a) c.slli  a4, 14
core   0: 1 0x0000000080004a12 (0x073a) x14 0xffffffb26b54c000
core   0: 0x0000000080004a14 (0xb4870713) addi    a4, a4, -1208
core   0: 1 0x0000000080004a14 (0xb4870713) x14 0xffffffb26b54bb48
core   0: 0x0000000080004a18 (0x01c9d9bb) srlw    s3, s3, t3
core   0: 1 0x0000000080004a18 (0x01c9d9bb) x19 0x0000000000000000
core   0: 0x0000000080004a1c (0x00e097bb) sllw    a5, ra, a4
core   0: 1 0x0000000080004a1c (0x00e097bb) x15 0x0000000000401400
core   0: 0x0000000080004a20 (0x019e95b3) sll     a1, t4, s9
core   0: 1 0x0000000080004a20 (0x019e95b3) x11 0xffc0000000000000
core   0: 0x0000000080004a24 (0xd03afcd3) fcvt.s.lu fs9, s5
core   0: exception trap_illegal_instruction, epc 0x0000000080004a24
core   0:           tval 0x00000000d03afcd3
core   0: >>>>  $xrv64i2p1_m2p0_a2p1_f2p2_d2p2_zicsr2p0_zifencei2p0_zmmul1p0_zba1p0_zbb1p0_zbc1p0_zbs1p0
core   0: 0x0000000080004000 (0x0080006f) j       pc + 0x8
core   0: 3 0x0000000080004000 (0x0080006f)
core   0: >>>>  mmode_exception_handler
core   0: 0x0000000080004008 (0x00002c17) auipc   s8, 0x2
core   0: 3 0x0000000080004008 (0x00002c17) x24 0x0000000080006008
core   0: 0x000000008000400c (0x078c0c13) addi    s8, s8, 120
core   0: 3 0x000000008000400c (0x078c0c13) x24 0x0000000080006080
core   0: 0x0000000080004010 (0x000c00e7) jalr    s8
core   0: 3 0x0000000080004010 (0x000c00e7) x1  0x0000000080004014
core   0: >>>>  any_handler
core   0: 0x0000000080006080 (0x341027f3) csrrs   a5, mepc, zero
core   0: 3 0x0000000080006080 (0x341027f3) x15 0x0000000080004a24
core   0: 0x0000000080006084 (0x34202773) csrrs   a4, mcause, zero
core   0: 3 0x0000000080006084 (0x34202773) x14 0x0000000000000002
core   0: 0x0000000080006088 (0x142026f3) csrrs   a3, scause, zero
core   0: 3 0x0000000080006088 (0x142026f3) x13 0x0000000000000000
core   0: 0x000000008000608c (0x30402673) csrrs   a2, mie, zero
core   0: 3 0x000000008000608c (0x30402673) x12 0x0000000000000a00
core   0: 0x0000000080006090 (0x344025f3) csrrs   a1, mip, zero
core   0: 3 0x0000000080006090 (0x344025f3) x11 0x0000000000000080
core   0: 0x0000000080006094 (0x343025f3) csrrs   a1, mtval, zero
core   0: 3 0x0000000080006094 (0x343025f3) x11 0x00000000d03afcd3
core   0: 0x0000000080006098 (0x14302573) csrrs   a0, stval, zero
core   0: 3 0x0000000080006098 (0x14302573) x10 0x0000000000000000
core   0: 0x000000008000609c (0xb02024f3) csrrs   s1, minstret, zero
core   0: 3 0x000000008000609c (0xb02024f3) x9  0x0000000000000ae0
core   0: 0x00000000800060a0 (0x0000a811) c.j     pc + 20
core   0: 3 0x00000000800060a0 (0xa811)
core   0: >>>>  mepc_4
core   0: 0x00000000800060b4 (0x00000791) c.addi  a5, 4
core   0: 3 0x00000000800060b4 (0x0791) x15 0x0000000080004a28
core   0: 0x00000000800060b6 (0x34179073) csrrw   zero, mepc, a5
core   0: 3 0x00000000800060b6 (0x34179073) c833_mepc 0x0000000080004a28
core   0: 0x00000000800060ba (0x30200073) mret
core   0: 3 0x00000000800060ba (0x30200073) c768_mstatus 0x8000000a00106080
core   0: 0x0000000080004a28 (0xd03cfdd3) fcvt.s.lu fs11, s9
core   0: exception trap_illegal_instruction, epc 0x0000000080004a28
core   0:           tval 0x00000000d03cfdd3
core   0: >>>>  $xrv64i2p1_m2p0_a2p1_f2p2_d2p2_zicsr2p0_zifencei2p0_zmmul1p0_zba1p0_zbb1p0_zbc1p0_zbs1p0
core   0: 0x0000000080004000 (0x0080006f) j       pc + 0x8
core   0: 3 0x0000000080004000 (0x0080006f)
core   0: >>>>  mmode_exception_handler
core   0: 0x0000000080004008 (0x00002c17) auipc   s8, 0x2
core   0: 3 0x0000000080004008 (0x00002c17) x24 0x0000000080006008
core   0: 0x000000008000400c (0x078c0c13) addi    s8, s8, 120
core   0: 3 0x000000008000400c (0x078c0c13) x24 0x0000000080006080
core   0: 0x0000000080004010 (0x000c00e7) jalr    s8
core   0: 3 0x0000000080004010 (0x000c00e7) x1  0x0000000080004014
core   0: >>>>  any_handler
core   0: 0x0000000080006080 (0x341027f3) csrrs   a5, mepc, zero
core   0: 3 0x0000000080006080 (0x341027f3) x15 0x0000000080004a28
core   0: 0x0000000080006084 (0x34202773) csrrs   a4, mcause, zero
core   0: 3 0x0000000080006084 (0x34202773) x14 0x0000000000000002
core   0: 0x0000000080006088 (0x142026f3) csrrs   a3, scause, zero
core   0: 3 0x0000000080006088 (0x142026f3) x13 0x0000000000000000
core   0: 0x000000008000608c (0x30402673) csrrs   a2, mie, zero
core   0: 3 0x000000008000608c (0x30402673) x12 0x0000000000000a00
core   0: 0x0000000080006090 (0x344025f3) csrrs   a1, mip, zero
core   0: 3 0x0000000080006090 (0x344025f3) x11 0x0000000000000080
core   0: 0x0000000080006094 (0x343025f3) csrrs   a1, mtval, zero
core   0: 3 0x0000000080006094 (0x343025f3) x11 0x00000000d03cfdd3
core   0: 0x0000000080006098 (0x14302573) csrrs   a0, stval, zero
core   0: 3 0x0000000080006098 (0x14302573) x10 0x0000000000000000
core   0: 0x000000008000609c (0xb02024f3) csrrs   s1, minstret, zero
core   0: 3 0x000000008000609c (0xb02024f3) x9  0x0000000000000af0
core   0: 0x00000000800060a0 (0x0000a811) c.j     pc + 20
core   0: 3 0x00000000800060a0 (0xa811)
core   0: >>>>  mepc_4
core   0: 0x00000000800060b4 (0x00000791) c.addi  a5, 4
core   0: 3 0x00000000800060b4 (0x0791) x15 0x0000000080004a2c
core   0: 0x00000000800060b6 (0x34179073) csrrw   zero, mepc, a5
core   0: 3 0x00000000800060b6 (0x34179073) c833_mepc 0x0000000080004a2c
core   0: 0x00000000800060ba (0x30200073) mret
core   0: 3 0x00000000800060ba (0x30200073) c768_mstatus 0x8000000a00106080
core   0: 0x0000000080004a2c (0x02741433) mulh    s0, s0, t2
core   0: 1 0x0000000080004a2c (0x02741433) x8  0x0000000000000000
core   0: 0x0000000080004a30 (0x039ebcb3) mulhu   s9, t4, s9
core   0: 1 0x0000000080004a30 (0x039ebcb3) x25 0xffffffffdc8429f5
core   0: 0x0000000080004a34 (0x02bcfbb3) remu    s7, s9, a1
core   0: 1 0x0000000080004a34 (0x02bcfbb3) x23 0x00000000724eb3f9
core   0: 0x0000000080004a38 (0x02b460b3) rem     ra, s0, a1
core   0: 1 0x0000000080004a38 (0x02b460b3) x1  0x0000000000000000
core   0: 0x0000000080004a3c (0x01a4e433) or      s0, s1, s10
core   0: 1 0x0000000080004a3c (0x01a4e433) x8  0xfffffffffffffff7
core   0: 0x0000000080004a40 (0x034a12b3) mulh    t0, s4, s4
core   0: 1 0x0000000080004a40 (0x034a12b3) x5  0x0000000000000000
core   0: 0x0000000080004a44 (0x01ce8d3b) addw    s10, t4, t3
core   0: 1 0x0000000080004a44 (0x01ce8d3b) x26 0xfffffffffffffffe
core   0: 0x0000000080004a48 (0x0041a7b7) lui     a5, 0x41a
core   0: 1 0x0000000080004a48 (0x0041a7b7) x15 0x000000000041a000
core   0: 0x0000000080004a4c (0xceb7879b) addiw   a5, a5, -789
core   0: 1 0x0000000080004a4c (0xceb7879b) x15 0x0000000000419ceb
core   0: 0x0000000080004a50 (0x000007ba) c.slli  a5, 14
core   0: 1 0x0000000080004a50 (0x07ba) x15 0x00000010673ac000
core   0: 0x0000000080004a52 (0x73a78793) addi    a5, a5, 1850
core   0: 1 0x0000000080004a52 (0x73a78793) x15 0x00000010673ac73a
core   0: 0x0000000080004a56 (0x00008185) c.srli  a1, 1
core   0: 1 0x0000000080004a56 (0x8185) x11 0x00000000681e7ee9
core   0: 0x0000000080004a58 (0x039d3bb3) mulhu   s7, s10, s9
core   0: 1 0x0000000080004a58 (0x039d3bb3) x23 0xffffffffdc8429f3
core   0: 0x0000000080004a5c (0x02d97ab3) remu    s5, s2, a3
core   0: 1 0x0000000080004a5c (0x02d97ab3) x21 0x0000000000000000
core   0: 0x0000000080004a60 (0xc22df353) fcvt.l.d t1, fs11
core   0: exception trap_illegal_instruction, epc 0x0000000080004a60
core   0:           tval 0x00000000c22df353
core   0: >>>>  $xrv64i2p1_m2p0_a2p1_f2p2_d2p2_zicsr2p0_zifencei2p0_zmmul1p0_zba1p0_zbb1p0_zbc1p0_zbs1p0
core   0: 0x0000000080004000 (0x0080006f) j       pc + 0x8
core   0: 3 0x0000000080004000 (0x0080006f)
core   0: >>>>  mmode_exception_handler
core   0: 0x0000000080004008 (0x00002c17) auipc   s8, 0x2
core   0: 3 0x0000000080004008 (0x00002c17) x24 0x0000000080006008
core   0: 0x000000008000400c (0x078c0c13) addi    s8, s8, 120
core   0: 3 0x000000008000400c (0x078c0c13) x24 0x0000000080006080
core   0: 0x0000000080004010 (0x000c00e7) jalr    s8
core   0: 3 0x0000000080004010 (0x000c00e7) x1  0x0000000080004014
core   0: >>>>  any_handler
core   0: 0x0000000080006080 (0x341027f3) csrrs   a5, mepc, zero
core   0: 3 0x0000000080006080 (0x341027f3) x15 0x0000000080004a60
core   0: 0x0000000080006084 (0x34202773) csrrs   a4, mcause, zero
core   0: 3 0x0000000080006084 (0x34202773) x14 0x0000000000000002
core   0: 0x0000000080006088 (0x142026f3) csrrs   a3, scause, zero
core   0: 3 0x0000000080006088 (0x142026f3) x13 0x0000000000000000
core   0: 0x000000008000608c (0x30402673) csrrs   a2, mie, zero
core   0: 3 0x000000008000608c (0x30402673) x12 0x0000000000000a00
core   0: 0x0000000080006090 (0x344025f3) csrrs   a1, mip, zero
core   0: 3 0x0000000080006090 (0x344025f3) x11 0x0000000000000080
core   0: 0x0000000080006094 (0x343025f3) csrrs   a1, mtval, zero
core   0: 3 0x0000000080006094 (0x343025f3) x11 0x00000000c22df353
core   0: 0x0000000080006098 (0x14302573) csrrs   a0, stval, zero
core   0: 3 0x0000000080006098 (0x14302573) x10 0x0000000000000000
core   0: 0x000000008000609c (0xb02024f3) csrrs   s1, minstret, zero
core   0: 3 0x000000008000609c (0xb02024f3) x9  0x0000000000000b0e
core   0: 0x00000000800060a0 (0x0000a811) c.j     pc + 20
core   0: 3 0x00000000800060a0 (0xa811)
core   0: >>>>  mepc_4
core   0: 0x00000000800060b4 (0x00000791) c.addi  a5, 4
core   0: 3 0x00000000800060b4 (0x0791) x15 0x0000000080004a64
core   0: 0x00000000800060b6 (0x34179073) csrrw   zero, mepc, a5
core   0: 3 0x00000000800060b6 (0x34179073) c833_mepc 0x0000000080004a64
core   0: 0x00000000800060ba (0x30200073) mret
core   0: 3 0x00000000800060ba (0x30200073) c768_mstatus 0x8000000a00106080
core   0: 0x0000000080004a64 (0x017800b3) add     ra, a6, s7
core   0: 1 0x0000000080004a64 (0x017800b3) x1  0xffffffffdc8429f3
core   0: 0x0000000080004a68 (0x00159533) sll     a0, a1, ra
core   0: 1 0x0000000080004a68 (0x00159533) x10 0x9a98000000000000
core   0: 0x0000000080004a6c (0x1182e913) ori     s2, t0, 280
core   0: 1 0x0000000080004a6c (0x1182e913) x18 0x0000000000000118
core   0: 0x0000000080004a70 (0x019cc633) xor     a2, s9, s9
core   0: 1 0x0000000080004a70 (0x019cc633) x12 0x0000000000000000
core   0: 0x0000000080004a74 (0x20965a37) lui     s4, 0x20965
core   0: 1 0x0000000080004a74 (0x20965a37) x20 0x0000000020965000
core   0: 0x0000000080004a78 (0xb02351f3) csrrwi  gp, minstret, 6
core   0: exception trap_illegal_instruction, epc 0x0000000080004a78
core   0:           tval 0x00000000b02351f3
core   0: >>>>  $xrv64i2p1_m2p0_a2p1_f2p2_d2p2_zicsr2p0_zifencei2p0_zmmul1p0_zba1p0_zbb1p0_zbc1p0_zbs1p0
core   0: 0x0000000080004000 (0x0080006f) j       pc + 0x8
core   0: 3 0x0000000080004000 (0x0080006f)
core   0: >>>>  mmode_exception_handler
core   0: 0x0000000080004008 (0x00002c17) auipc   s8, 0x2
core   0: 3 0x0000000080004008 (0x00002c17) x24 0x0000000080006008
core   0: 0x000000008000400c (0x078c0c13) addi    s8, s8, 120
core   0: 3 0x000000008000400c (0x078c0c13) x24 0x0000000080006080
core   0: 0x0000000080004010 (0x000c00e7) jalr    s8
core   0: 3 0x0000000080004010 (0x000c00e7) x1  0x0000000080004014
core   0: >>>>  any_handler
core   0: 0x0000000080006080 (0x341027f3) csrrs   a5, mepc, zero
core   0: 3 0x0000000080006080 (0x341027f3) x15 0x0000000080004a78
core   0: 0x0000000080006084 (0x34202773) csrrs   a4, mcause, zero
core   0: 3 0x0000000080006084 (0x34202773) x14 0x0000000000000002
core   0: 0x0000000080006088 (0x142026f3) csrrs   a3, scause, zero
core   0: 3 0x0000000080006088 (0x142026f3) x13 0x0000000000000000
core   0: 0x000000008000608c (0x30402673) csrrs   a2, mie, zero
core   0: 3 0x000000008000608c (0x30402673) x12 0x0000000000000a00
core   0: 0x0000000080006090 (0x344025f3) csrrs   a1, mip, zero
core   0: 3 0x0000000080006090 (0x344025f3) x11 0x0000000000000080
core   0: 0x0000000080006094 (0x343025f3) csrrs   a1, mtval, zero
core   0: 3 0x0000000080006094 (0x343025f3) x11 0x00000000b02351f3
core   0: 0x0000000080006098 (0x14302573) csrrs   a0, stval, zero
core   0: 3 0x0000000080006098 (0x14302573) x10 0x0000000000000000
core   0: 0x000000008000609c (0xb02024f3) csrrs   s1, minstret, zero
core   0: 3 0x000000008000609c (0xb02024f3) x9  0x0000000000000b23
core   0: 0x00000000800060a0 (0x0000a811) c.j     pc + 20
core   0: 3 0x00000000800060a0 (0xa811)
core   0: >>>>  mepc_4
core   0: 0x00000000800060b4 (0x00000791) c.addi  a5, 4
core   0: 3 0x00000000800060b4 (0x0791) x15 0x0000000080004a7c
core   0: 0x00000000800060b6 (0x34179073) csrrw   zero, mepc, a5
core   0: 3 0x00000000800060b6 (0x34179073) c833_mepc 0x0000000080004a7c
core   0: 0x00000000800060ba (0x30200073) mret
core   0: 3 0x00000000800060ba (0x30200073) c768_mstatus 0x8000000a00106080
core   0: 0x0000000080004a7c (0x1af7fd53) fdiv.d  fs10, fa5, fa5
core   0: exception trap_illegal_instruction, epc 0x0000000080004a7c
core   0:           tval 0x000000001af7fd53
core   0: >>>>  $xrv64i2p1_m2p0_a2p1_f2p2_d2p2_zicsr2p0_zifencei2p0_zmmul1p0_zba1p0_zbb1p0_zbc1p0_zbs1p0
core   0: 0x0000000080004000 (0x0080006f) j       pc + 0x8
core   0: 3 0x0000000080004000 (0x0080006f)
core   0: >>>>  mmode_exception_handler
core   0: 0x0000000080004008 (0x00002c17) auipc   s8, 0x2
core   0: 3 0x0000000080004008 (0x00002c17) x24 0x0000000080006008
core   0: 0x000000008000400c (0x078c0c13) addi    s8, s8, 120
core   0: 3 0x000000008000400c (0x078c0c13) x24 0x0000000080006080
core   0: 0x0000000080004010 (0x000c00e7) jalr    s8
core   0: 3 0x0000000080004010 (0x000c00e7) x1  0x0000000080004014
core   0: >>>>  any_handler
core   0: 0x0000000080006080 (0x341027f3) csrrs   a5, mepc, zero
core   0: 3 0x0000000080006080 (0x341027f3) x15 0x0000000080004a7c
core   0: 0x0000000080006084 (0x34202773) csrrs   a4, mcause, zero
core   0: 3 0x0000000080006084 (0x34202773) x14 0x0000000000000002
core   0: 0x0000000080006088 (0x142026f3) csrrs   a3, scause, zero
core   0: 3 0x0000000080006088 (0x142026f3) x13 0x0000000000000000
core   0: 0x000000008000608c (0x30402673) csrrs   a2, mie, zero
core   0: 3 0x000000008000608c (0x30402673) x12 0x0000000000000a00
core   0: 0x0000000080006090 (0x344025f3) csrrs   a1, mip, zero
core   0: 3 0x0000000080006090 (0x344025f3) x11 0x0000000000000080
core   0: 0x0000000080006094 (0x343025f3) csrrs   a1, mtval, zero
core   0: 3 0x0000000080006094 (0x343025f3) x11 0x000000001af7fd53
core   0: 0x0000000080006098 (0x14302573) csrrs   a0, stval, zero
core   0: 3 0x0000000080006098 (0x14302573) x10 0x0000000000000000
core   0: 0x000000008000609c (0xb02024f3) csrrs   s1, minstret, zero
core   0: 3 0x000000008000609c (0xb02024f3) x9  0x0000000000000b33
core   0: 0x00000000800060a0 (0x0000a811) c.j     pc + 20
core   0: 3 0x00000000800060a0 (0xa811)
core   0: >>>>  mepc_4
core   0: 0x00000000800060b4 (0x00000791) c.addi  a5, 4
core   0: 3 0x00000000800060b4 (0x0791) x15 0x0000000080004a80
core   0: 0x00000000800060b6 (0x34179073) csrrw   zero, mepc, a5
core   0: 3 0x00000000800060b6 (0x34179073) c833_mepc 0x0000000080004a80
core   0: 0x00000000800060ba (0x30200073) mret
core   0: 3 0x00000000800060ba (0x30200073) c768_mstatus 0x8000000a00106080
core   0: 0x0000000080004a80 (0x23b17b47) fmsub.d fs6, ft2, fs11, ft4
core   0: exception trap_illegal_instruction, epc 0x0000000080004a80
core   0:           tval 0x0000000023b17b47
core   0: >>>>  $xrv64i2p1_m2p0_a2p1_f2p2_d2p2_zicsr2p0_zifencei2p0_zmmul1p0_zba1p0_zbb1p0_zbc1p0_zbs1p0
core   0: 0x0000000080004000 (0x0080006f) j       pc + 0x8
core   0: 3 0x0000000080004000 (0x0080006f)
core   0: >>>>  mmode_exception_handler
core   0: 0x0000000080004008 (0x00002c17) auipc   s8, 0x2
core   0: 3 0x0000000080004008 (0x00002c17) x24 0x0000000080006008
core   0: 0x000000008000400c (0x078c0c13) addi    s8, s8, 120
core   0: 3 0x000000008000400c (0x078c0c13) x24 0x0000000080006080
core   0: 0x0000000080004010 (0x000c00e7) jalr    s8
core   0: 3 0x0000000080004010 (0x000c00e7) x1  0x0000000080004014
core   0: >>>>  any_handler
core   0: 0x0000000080006080 (0x341027f3) csrrs   a5, mepc, zero
core   0: 3 0x0000000080006080 (0x341027f3) x15 0x0000000080004a80
core   0: 0x0000000080006084 (0x34202773) csrrs   a4, mcause, zero
core   0: 3 0x0000000080006084 (0x34202773) x14 0x0000000000000002
core   0: 0x0000000080006088 (0x142026f3) csrrs   a3, scause, zero
core   0: 3 0x0000000080006088 (0x142026f3) x13 0x0000000000000000
core   0: 0x000000008000608c (0x30402673) csrrs   a2, mie, zero
core   0: 3 0x000000008000608c (0x30402673) x12 0x0000000000000a00
core   0: 0x0000000080006090 (0x344025f3) csrrs   a1, mip, zero
core   0: 3 0x0000000080006090 (0x344025f3) x11 0x0000000000000080
core   0: 0x0000000080006094 (0x343025f3) csrrs   a1, mtval, zero
core   0: 3 0x0000000080006094 (0x343025f3) x11 0x0000000023b17b47
core   0: 0x0000000080006098 (0x14302573) csrrs   a0, stval, zero
core   0: 3 0x0000000080006098 (0x14302573) x10 0x0000000000000000
core   0: 0x000000008000609c (0xb02024f3) csrrs   s1, minstret, zero
core   0: 3 0x000000008000609c (0xb02024f3) x9  0x0000000000000b43
core   0: 0x00000000800060a0 (0x0000a811) c.j     pc + 20
core   0: 3 0x00000000800060a0 (0xa811)
core   0: >>>>  mepc_4
core   0: 0x00000000800060b4 (0x00000791) c.addi  a5, 4
core   0: 3 0x00000000800060b4 (0x0791) x15 0x0000000080004a84
core   0: 0x00000000800060b6 (0x34179073) csrrw   zero, mepc, a5
core   0: 3 0x00000000800060b6 (0x34179073) c833_mepc 0x0000000080004a84
core   0: 0x00000000800060ba (0x30200073) mret
core   0: 3 0x00000000800060ba (0x30200073) c768_mstatus 0x8000000a00106080
core   0: 0x0000000080004a84 (0x012684bb) addw    s1, a3, s2
core   0: 1 0x0000000080004a84 (0x012684bb) x9  0x0000000000000118
core   0: 0x0000000080004a88 (0x02698a3b) mulw    s4, s3, t1
core   0: 1 0x0000000080004a88 (0x02698a3b) x20 0x0000000000000000
core   0: 0x0000000080004a8c (0x020878cf) fnmadd.d fa7, fa6, ft0, ft0
core   0: exception trap_illegal_instruction, epc 0x0000000080004a8c
core   0:           tval 0x00000000020878cf
core   0: >>>>  $xrv64i2p1_m2p0_a2p1_f2p2_d2p2_zicsr2p0_zifencei2p0_zmmul1p0_zba1p0_zbb1p0_zbc1p0_zbs1p0
core   0: 0x0000000080004000 (0x0080006f) j       pc + 0x8
core   0: 3 0x0000000080004000 (0x0080006f)
core   0: >>>>  mmode_exception_handler
core   0: 0x0000000080004008 (0x00002c17) auipc   s8, 0x2
core   0: 3 0x0000000080004008 (0x00002c17) x24 0x0000000080006008
core   0: 0x000000008000400c (0x078c0c13) addi    s8, s8, 120
core   0: 3 0x000000008000400c (0x078c0c13) x24 0x0000000080006080
core   0: 0x0000000080004010 (0x000c00e7) jalr    s8
core   0: 3 0x0000000080004010 (0x000c00e7) x1  0x0000000080004014
core   0: >>>>  any_handler
core   0: 0x0000000080006080 (0x341027f3) csrrs   a5, mepc, zero
core   0: 3 0x0000000080006080 (0x341027f3) x15 0x0000000080004a8c
core   0: 0x0000000080006084 (0x34202773) csrrs   a4, mcause, zero
core   0: 3 0x0000000080006084 (0x34202773) x14 0x0000000000000002
core   0: 0x0000000080006088 (0x142026f3) csrrs   a3, scause, zero
core   0: 3 0x0000000080006088 (0x142026f3) x13 0x0000000000000000
core   0: 0x000000008000608c (0x30402673) csrrs   a2, mie, zero
core   0: 3 0x000000008000608c (0x30402673) x12 0x0000000000000a00
core   0: 0x0000000080006090 (0x344025f3) csrrs   a1, mip, zero
core   0: 3 0x0000000080006090 (0x344025f3) x11 0x0000000000000080
core   0: 0x0000000080006094 (0x343025f3) csrrs   a1, mtval, zero
core   0: 3 0x0000000080006094 (0x343025f3) x11 0x00000000020878cf
core   0: 0x0000000080006098 (0x14302573) csrrs   a0, stval, zero
core   0: 3 0x0000000080006098 (0x14302573) x10 0x0000000000000000
core   0: 0x000000008000609c (0xb02024f3) csrrs   s1, minstret, zero
core   0: 3 0x000000008000609c (0xb02024f3) x9  0x0000000000000b55
core   0: 0x00000000800060a0 (0x0000a811) c.j     pc + 20
core   0: 3 0x00000000800060a0 (0xa811)
core   0: >>>>  mepc_4
core   0: 0x00000000800060b4 (0x00000791) c.addi  a5, 4
core   0: 3 0x00000000800060b4 (0x0791) x15 0x0000000080004a90
core   0: 0x00000000800060b6 (0x34179073) csrrw   zero, mepc, a5
core   0: 3 0x00000000800060b6 (0x34179073) c833_mepc 0x0000000080004a90
core   0: 0x00000000800060ba (0x30200073) mret
core   0: 3 0x00000000800060ba (0x30200073) c768_mstatus 0x8000000a00106080
core   0: 0x0000000080004a90 (0x7ffa041b) addiw   s0, s4, 2047
core   0: 1 0x0000000080004a90 (0x7ffa041b) x8  0x00000000000007ff
core   0: 0x0000000080004a94 (0x03120eb3) mul     t4, tp, a7
core   0: 1 0x0000000080004a94 (0x03120eb3) x29 0xffffffffffffe000
core   0: 0x0000000080004a98 (0xfc3d7c37) lui     s8, 0xfc3d7
core   0: 1 0x0000000080004a98 (0xfc3d7c37) x24 0xfffffffffc3d7000
core   0: 0x0000000080004a9c (0x233c0c1b) addiw   s8, s8, 563
core   0: 1 0x0000000080004a9c (0x233c0c1b) x24 0xfffffffffc3d7233
core   0: 0x0000000080004aa0 (0x00000c36) c.slli  s8, 13
core   0: 1 0x0000000080004aa0 (0x0c36) x24 0xffffff87ae466000
core   0: 0x0000000080004aa2 (0x65cc0c13) addi    s8, s8, 1628
core   0: 1 0x0000000080004aa2 (0x65cc0c13) x24 0xffffff87ae46665c
core   0: 0x0000000080004aa6 (0xea0eff4b) fnmsub.d ft10, ft9, ft0, ft9
core   0: exception trap_illegal_instruction, epc 0x0000000080004aa6
core   0:           tval 0x00000000ea0eff4b
core   0: >>>>  $xrv64i2p1_m2p0_a2p1_f2p2_d2p2_zicsr2p0_zifencei2p0_zmmul1p0_zba1p0_zbb1p0_zbc1p0_zbs1p0
core   0: 0x0000000080004000 (0x0080006f) j       pc + 0x8
core   0: 3 0x0000000080004000 (0x0080006f)
core   0: >>>>  mmode_exception_handler
core   0: 0x0000000080004008 (0x00002c17) auipc   s8, 0x2
core   0: 3 0x0000000080004008 (0x00002c17) x24 0x0000000080006008
core   0: 0x000000008000400c (0x078c0c13) addi    s8, s8, 120
core   0: 3 0x000000008000400c (0x078c0c13) x24 0x0000000080006080
core   0: 0x0000000080004010 (0x000c00e7) jalr    s8
core   0: 3 0x0000000080004010 (0x000c00e7) x1  0x0000000080004014
core   0: >>>>  any_handler
core   0: 0x0000000080006080 (0x341027f3) csrrs   a5, mepc, zero
core   0: 3 0x0000000080006080 (0x341027f3) x15 0x0000000080004aa6
core   0: 0x0000000080006084 (0x34202773) csrrs   a4, mcause, zero
core   0: 3 0x0000000080006084 (0x34202773) x14 0x0000000000000002
core   0: 0x0000000080006088 (0x142026f3) csrrs   a3, scause, zero
core   0: 3 0x0000000080006088 (0x142026f3) x13 0x0000000000000000
core   0: 0x000000008000608c (0x30402673) csrrs   a2, mie, zero
core   0: 3 0x000000008000608c (0x30402673) x12 0x0000000000000a00
core   0: 0x0000000080006090 (0x344025f3) csrrs   a1, mip, zero
core   0: 3 0x0000000080006090 (0x344025f3) x11 0x0000000000000080
core   0: 0x0000000080006094 (0x343025f3) csrrs   a1, mtval, zero
core   0: 3 0x0000000080006094 (0x343025f3) x11 0x00000000ea0eff4b
core   0: 0x0000000080006098 (0x14302573) csrrs   a0, stval, zero
core   0: 3 0x0000000080006098 (0x14302573) x10 0x0000000000000000
core   0: 0x000000008000609c (0xb02024f3) csrrs   s1, minstret, zero
core   0: 3 0x000000008000609c (0xb02024f3) x9  0x0000000000000b6b
core   0: 0x00000000800060a0 (0x0000a811) c.j     pc + 20
core   0: 3 0x00000000800060a0 (0xa811)
core   0: >>>>  mepc_4
core   0: 0x00000000800060b4 (0x00000791) c.addi  a5, 4
core   0: 3 0x00000000800060b4 (0x0791) x15 0x0000000080004aaa
core   0: 0x00000000800060b6 (0x34179073) csrrw   zero, mepc, a5
core   0: 3 0x00000000800060b6 (0x34179073) c833_mepc 0x0000000080004aaa
core   0: 0x00000000800060ba (0x30200073) mret
core   0: 3 0x00000000800060ba (0x30200073) c768_mstatus 0x8000000a00106080
core   0: 0x0000000080004aaa (0xc03f71d3) fcvt.lu.s gp, ft10
core   0: exception trap_illegal_instruction, epc 0x0000000080004aaa
core   0:           tval 0x00000000c03f71d3
core   0: >>>>  $xrv64i2p1_m2p0_a2p1_f2p2_d2p2_zicsr2p0_zifencei2p0_zmmul1p0_zba1p0_zbb1p0_zbc1p0_zbs1p0
core   0: 0x0000000080004000 (0x0080006f) j       pc + 0x8
core   0: 3 0x0000000080004000 (0x0080006f)
core   0: >>>>  mmode_exception_handler
core   0: 0x0000000080004008 (0x00002c17) auipc   s8, 0x2
core   0: 3 0x0000000080004008 (0x00002c17) x24 0x0000000080006008
core   0: 0x000000008000400c (0x078c0c13) addi    s8, s8, 120
core   0: 3 0x000000008000400c (0x078c0c13) x24 0x0000000080006080
core   0: 0x0000000080004010 (0x000c00e7) jalr    s8
core   0: 3 0x0000000080004010 (0x000c00e7) x1  0x0000000080004014
core   0: >>>>  any_handler
core   0: 0x0000000080006080 (0x341027f3) csrrs   a5, mepc, zero
core   0: 3 0x0000000080006080 (0x341027f3) x15 0x0000000080004aaa
core   0: 0x0000000080006084 (0x34202773) csrrs   a4, mcause, zero
core   0: 3 0x0000000080006084 (0x34202773) x14 0x0000000000000002
core   0: 0x0000000080006088 (0x142026f3) csrrs   a3, scause, zero
core   0: 3 0x0000000080006088 (0x142026f3) x13 0x0000000000000000
core   0: 0x000000008000608c (0x30402673) csrrs   a2, mie, zero
core   0: 3 0x000000008000608c (0x30402673) x12 0x0000000000000a00
core   0: 0x0000000080006090 (0x344025f3) csrrs   a1, mip, zero
core   0: 3 0x0000000080006090 (0x344025f3) x11 0x0000000000000080
core   0: 0x0000000080006094 (0x343025f3) csrrs   a1, mtval, zero
core   0: 3 0x0000000080006094 (0x343025f3) x11 0x00000000c03f71d3
core   0: 0x0000000080006098 (0x14302573) csrrs   a0, stval, zero
core   0: 3 0x0000000080006098 (0x14302573) x10 0x0000000000000000
core   0: 0x000000008000609c (0xb02024f3) csrrs   s1, minstret, zero
core   0: 3 0x000000008000609c (0xb02024f3) x9  0x0000000000000b7b
core   0: 0x00000000800060a0 (0x0000a811) c.j     pc + 20
core   0: 3 0x00000000800060a0 (0xa811)
core   0: >>>>  mepc_4
core   0: 0x00000000800060b4 (0x00000791) c.addi  a5, 4
core   0: 3 0x00000000800060b4 (0x0791) x15 0x0000000080004aae
core   0: 0x00000000800060b6 (0x34179073) csrrw   zero, mepc, a5
core   0: 3 0x00000000800060b6 (0x34179073) c833_mepc 0x0000000080004aae
core   0: 0x00000000800060ba (0x30200073) mret
core   0: 3 0x00000000800060ba (0x30200073) c768_mstatus 0x8000000a00106080
core   0: 0x0000000080004aae (0xd03b79d3) fcvt.s.lu fs3, s6
core   0: exception trap_illegal_instruction, epc 0x0000000080004aae
core   0:           tval 0x00000000d03b79d3
core   0: >>>>  $xrv64i2p1_m2p0_a2p1_f2p2_d2p2_zicsr2p0_zifencei2p0_zmmul1p0_zba1p0_zbb1p0_zbc1p0_zbs1p0
core   0: 0x0000000080004000 (0x0080006f) j       pc + 0x8
core   0: 3 0x0000000080004000 (0x0080006f)
core   0: >>>>  mmode_exception_handler
core   0: 0x0000000080004008 (0x00002c17) auipc   s8, 0x2
core   0: 3 0x0000000080004008 (0x00002c17) x24 0x0000000080006008
core   0: 0x000000008000400c (0x078c0c13) addi    s8, s8, 120
core   0: 3 0x000000008000400c (0x078c0c13) x24 0x0000000080006080
core   0: 0x0000000080004010 (0x000c00e7) jalr    s8
core   0: 3 0x0000000080004010 (0x000c00e7) x1  0x0000000080004014
core   0: >>>>  any_handler
core   0: 0x0000000080006080 (0x341027f3) csrrs   a5, mepc, zero
core   0: 3 0x0000000080006080 (0x341027f3) x15 0x0000000080004aae
core   0: 0x0000000080006084 (0x34202773) csrrs   a4, mcause, zero
core   0: 3 0x0000000080006084 (0x34202773) x14 0x0000000000000002
core   0: 0x0000000080006088 (0x142026f3) csrrs   a3, scause, zero
core   0: 3 0x0000000080006088 (0x142026f3) x13 0x0000000000000000
core   0: 0x000000008000608c (0x30402673) csrrs   a2, mie, zero
core   0: 3 0x000000008000608c (0x30402673) x12 0x0000000000000a00
core   0: 0x0000000080006090 (0x344025f3) csrrs   a1, mip, zero
core   0: 3 0x0000000080006090 (0x344025f3) x11 0x0000000000000080
core   0: 0x0000000080006094 (0x343025f3) csrrs   a1, mtval, zero
core   0: 3 0x0000000080006094 (0x343025f3) x11 0x00000000d03b79d3
core   0: 0x0000000080006098 (0x14302573) csrrs   a0, stval, zero
core   0: 3 0x0000000080006098 (0x14302573) x10 0x0000000000000000
core   0: 0x000000008000609c (0xb02024f3) csrrs   s1, minstret, zero
core   0: 3 0x000000008000609c (0xb02024f3) x9  0x0000000000000b8b
core   0: 0x00000000800060a0 (0x0000a811) c.j     pc + 20
core   0: 3 0x00000000800060a0 (0xa811)
core   0: >>>>  mepc_4
core   0: 0x00000000800060b4 (0x00000791) c.addi  a5, 4
core   0: 3 0x00000000800060b4 (0x0791) x15 0x0000000080004ab2
core   0: 0x00000000800060b6 (0x34179073) csrrw   zero, mepc, a5
core   0: 3 0x00000000800060b6 (0x34179073) c833_mepc 0x0000000080004ab2
core   0: 0x00000000800060ba (0x30200073) mret
core   0: 3 0x00000000800060ba (0x30200073) c768_mstatus 0x8000000a00106080
core   0: 0x0000000080004ab2 (0x2a8993d3) fmax.d  ft7, fs3, fs0
core   0: 1 0x0000000080004ab2 (0x2a8993d3) f7  0x7ff8000000000000
core   0: 0x0000000080004ab6 (0x002196f3) csrrw   a3, frm, gp
core   0: 1 0x0000000080004ab6 (0x002196f3) x13 0x0000000000000005 c2_frm 0x0000000000000000
core   0: 0x0000000080004aba (0x00009606) c.add   a2, ra
core   0: 1 0x0000000080004aba (0x9606) x12 0x0000000080004a14
core   0: 0x0000000080004abc (0x01b6d2b3) srl     t0, a3, s11
core   0: 1 0x0000000080004abc (0x01b6d2b3) x5  0x0000000000000005
core   0: 0x0000000080004ac0 (0x0008581b) srliw   a6, a6, 0
core   0: 1 0x0000000080004ac0 (0x0008581b) x16 0x0000000000000000
core   0: 0x0000000080004ac4 (0x401d7553) fcvt.s.d fa0, fs10
core   0: 1 0x0000000080004ac4 (0x401d7553) f10 0xffffffff00000000
core   0: 0x0000000080004ac8 (0xda776417) auipc   s0, 0xda776
core   0: 1 0x0000000080004ac8 (0xda776417) x8  0x000000005a77aac8
core   0: 0x0000000080004acc (0x030d5d3b) divuw   s10, s10, a6
core   0: 1 0x0000000080004acc (0x030d5d3b) x26 0xffffffffffffffff
core   0: 0x0000000080004ad0 (0x0a6a71d3) fsub.d  ft3, fs4, ft6
core   0: 1 0x0000000080004ad0 (0x0a6a71d3) f3  0x7ff8000000000000
core   0: 0x0000000080004ad4 (0x01aa193b) sllw    s2, s4, s10
core   0: 1 0x0000000080004ad4 (0x01aa193b) x18 0x0000000000000000
core   0: 0x0000000080004ad8 (0x3f0afb13) andi    s6, s5, 1008
core   0: 1 0x0000000080004ad8 (0x3f0afb13) x22 0x0000000000000000
core   0: 0x0000000080004adc (0xa2ac0ed3) fle.d   t4, fs8, fa0
core   0: 1 0x0000000080004adc (0xa2ac0ed3) c1_fflags 0x0000000000000011 x29 0x0000000000000000
core   0: 0x0000000080004ae0 (0x01bad2bb) srlw    t0, s5, s11
core   0: 1 0x0000000080004ae0 (0x01bad2bb) x5  0x0000000000000000
core   0: 0x0000000080004ae4 (0x5a307ecb) fnmsub.d ft9, ft0, ft3, fa1
core   0: 1 0x0000000080004ae4 (0x5a307ecb) f29 0x7ff8000000000000
core   0: 0x0000000080004ae8 (0x217cdeb7) lui     t4, 0x217cd
core   0: 1 0x0000000080004ae8 (0x217cdeb7) x29 0x00000000217cd000
core   0: 0x0000000080004aec (0x03480a33) mul     s4, a6, s4
core   0: 1 0x0000000080004aec (0x03480a33) x20 0x0000000000000000
core   0: 0x0000000080004af0 (0x02e8f73b) remuw   a4, a7, a4
core   0: 1 0x0000000080004af0 (0x02e8f73b) x14 0x0000000000000000
core   0: 0x0000000080004af4 (0x1009ad73) csrrs   s10, sstatus, s3
core   0: 1 0x0000000080004af4 (0x1009ad73) x26 0x8000000200006000 c768_mstatus 0x8000000a00106080
core   0: 0x0000000080004af8 (0xd20d0553) fcvt.d.w fa0, s10
core   0: 1 0x0000000080004af8 (0xd20d0553) f10 0x40d8000000000000
core   0: 0x0000000080004afc (0xd0277dd3) fcvt.s.l fs11, a4
core   0: 1 0x0000000080004afc (0xd0277dd3) f27 0xffffffff00000000
core   0: 0x0000000080004b00 (0x00f427b3) slt     a5, s0, a5
core   0: 1 0x0000000080004b00 (0x00f427b3) x15 0x0000000000000001
core   0: 0x0000000080004b04 (0x039cea33) rem     s4, s9, s9
core   0: 1 0x0000000080004b04 (0x039cea33) x20 0x0000000000000000
core   0: 0x0000000080004b08 (0xf20a06d3) fmv.d.x fa3, s4
core   0: 1 0x0000000080004b08 (0xf20a06d3) f13 0x0000000000000000
core   0: 0x0000000080004b0c (0x40055993) srai    s3, a0, 0
core   0: 1 0x0000000080004b0c (0x40055993) x19 0x0000000000000000
core   0: 0x0000000080004b10 (0x01a99d33) sll     s10, s3, s10
core   0: 1 0x0000000080004b10 (0x01a99d33) x26 0x0000000000000000
core   0: 0x0000000080004b14 (0x40d7571b) sraiw   a4, a4, 13
core   0: 1 0x0000000080004b14 (0x40d7571b) x14 0x0000000000000000
core   0: 0x0000000080004b18 (0x6b397943) fmadd.d fs2, fs2, fs3, fa3
core   0: 1 0x0000000080004b18 (0x6b397943) f18 0x7ff8000000000000
core   0: 0x0000000080004b1c (0x03a17dbb) remuw   s11, sp, s10
core   0: 1 0x0000000080004b1c (0x03a17dbb) x27 0x000000007fffffff
core   0: 0x0000000080004b20 (0x019558bb) srlw    a7, a0, s9
core   0: 1 0x0000000080004b20 (0x019558bb) x17 0x0000000000000000
core   0: 0x0000000080004b24 (0x13697253) fmul.d  ft4, fs2, fs6
core   0: 1 0x0000000080004b24 (0x13697253) f4  0x7ff8000000000000
core   0: 0x0000000080004b28 (0x00271073) csrrw   zero, frm, a4
core   0: 1 0x0000000080004b28 (0x00271073) c2_frm 0x0000000000000000
core   0: 0x0000000080004b2c (0xc0307153) fcvt.lu.s sp, ft0
core   0: 1 0x0000000080004b2c (0xc0307153) c1_fflags 0x0000000000000011 x2  0xffffffffffffffff
core   0: 0x0000000080004b30 (0x02b0743b) remuw   s0, zero, a1
core   0: 1 0x0000000080004b30 (0x02b0743b) x8  0x0000000000000000
core   0: 0x0000000080004b34 (0x404282bb) subw    t0, t0, tp
core   0: 1 0x0000000080004b34 (0x404282bb) x5  0x0000000000000800
core   0: 0x0000000080004b38 (0xc216f053) fcvt.wu.d zero, fa3
core   0: 1 0x0000000080004b38 (0xc216f053)
core   0: 0x0000000080004b3c (0x63566993) ori     s3, a2, 1589
core   0: 1 0x0000000080004b3c (0x63566993) x19 0x0000000080004e35
core   0: 0x0000000080004b40 (0x0385433b) divw    t1, a0, s8
core   0: 1 0x0000000080004b40 (0x0385433b) x6  0x0000000000000000
core   0: 0x0000000080004b44 (0x00000001) c.nop
core   0: 1 0x0000000080004b44 (0x0001)
core   0: 0x0000000080004b46 (0x41490dbb) subw    s11, s2, s4
core   0: 1 0x0000000080004b46 (0x41490dbb) x27 0x0000000000000000
core   0: 0x0000000080004b4a (0x001a91f3) csrrw   gp, fflags, s5
core   0: 1 0x0000000080004b4a (0x001a91f3) x3  0x0000000000000011 c1_fflags 0x0000000000000000
core   0: 0x0000000080004b4e (0x232100d3) fsgnj.d ft1, ft2, fs2
core   0: 1 0x0000000080004b4e (0x232100d3) f1  0x7ff8000000000000
core   0: 0x0000000080004b52 (0x5a0a7a53) fsqrt.d fs4, fs4
core   0: 1 0x0000000080004b52 (0x5a0a7a53) f20 0x7ff8000000000000
core   0: 0x0000000080004b56 (0xc2a1f14b) fnmsub.d ft2, ft3, fa0, fs8
core   0: 1 0x0000000080004b56 (0xc2a1f14b) f2  0x7ff8000000000000
core   0: 0x0000000080004b5a (0x00000001) c.nop
core   0: 1 0x0000000080004b5a (0x0001)
core   0: 0x0000000080004b5c (0xc0207153) fcvt.l.s sp, ft0
core   0: 1 0x0000000080004b5c (0xc0207153) c1_fflags 0x0000000000000010 x2  0x7fffffffffffffff
core   0: 0x0000000080004b60 (0x62c679c7) fmsub.d fs3, fa2, fa2, fa2
core   0: 1 0x0000000080004b60 (0x62c679c7) f19 0x7ff8000000000000
core   0: 0x0000000080004b64 (0x013e69b3) or      s3, t3, s3
core   0: 1 0x0000000080004b64 (0x013e69b3) x19 0x7fffffffffffffff
core   0: 0x0000000080004b68 (0x0aecfcd3) fsub.d  fs9, fs9, fa4
core   0: 1 0x0000000080004b68 (0x0aecfcd3) f25 0x7ff8000000000000
core   0: 0x0000000080004b6c (0x0027813b) addw    sp, a5, sp
core   0: 1 0x0000000080004b6c (0x0027813b) x2  0x0000000000000000
core   0: 0x0000000080004b70 (0x31032373) csrrs   t1, mstatush, t1
core   0: exception trap_illegal_instruction, epc 0x0000000080004b70
core   0:           tval 0x0000000031032373
core   0: >>>>  $xrv64i2p1_m2p0_a2p1_f2p2_d2p2_zicsr2p0_zifencei2p0_zmmul1p0_zba1p0_zbb1p0_zbc1p0_zbs1p0
core   0: 0x0000000080004000 (0x0080006f) j       pc + 0x8
core   0: 3 0x0000000080004000 (0x0080006f)
core   0: >>>>  mmode_exception_handler
core   0: 0x0000000080004008 (0x00002c17) auipc   s8, 0x2
core   0: 3 0x0000000080004008 (0x00002c17) x24 0x0000000080006008
core   0: 0x000000008000400c (0x078c0c13) addi    s8, s8, 120
core   0: 3 0x000000008000400c (0x078c0c13) x24 0x0000000080006080
core   0: 0x0000000080004010 (0x000c00e7) jalr    s8
core   0: 3 0x0000000080004010 (0x000c00e7) x1  0x0000000080004014
core   0: >>>>  any_handler
core   0: 0x0000000080006080 (0x341027f3) csrrs   a5, mepc, zero
core   0: 3 0x0000000080006080 (0x341027f3) x15 0x0000000080004b70
core   0: 0x0000000080006084 (0x34202773) csrrs   a4, mcause, zero
core   0: 3 0x0000000080006084 (0x34202773) x14 0x0000000000000002
core   0: 0x0000000080006088 (0x142026f3) csrrs   a3, scause, zero
core   0: 3 0x0000000080006088 (0x142026f3) x13 0x0000000000000000
core   0: 0x000000008000608c (0x30402673) csrrs   a2, mie, zero
core   0: 3 0x000000008000608c (0x30402673) x12 0x0000000000000a00
core   0: 0x0000000080006090 (0x344025f3) csrrs   a1, mip, zero
core   0: 3 0x0000000080006090 (0x344025f3) x11 0x0000000000000080
core   0: 0x0000000080006094 (0x343025f3) csrrs   a1, mtval, zero
core   0: 3 0x0000000080006094 (0x343025f3) x11 0x0000000031032373
core   0: 0x0000000080006098 (0x14302573) csrrs   a0, stval, zero
core   0: 3 0x0000000080006098 (0x14302573) x10 0x0000000000000000
core   0: 0x000000008000609c (0xb02024f3) csrrs   s1, minstret, zero
core   0: 3 0x000000008000609c (0xb02024f3) x9  0x0000000000000bcc
core   0: 0x00000000800060a0 (0x0000a811) c.j     pc + 20
core   0: 3 0x00000000800060a0 (0xa811)
core   0: >>>>  mepc_4
core   0: 0x00000000800060b4 (0x00000791) c.addi  a5, 4
core   0: 3 0x00000000800060b4 (0x0791) x15 0x0000000080004b74
core   0: 0x00000000800060b6 (0x34179073) csrrw   zero, mepc, a5
core   0: 3 0x00000000800060b6 (0x34179073) c833_mepc 0x0000000080004b74
core   0: 0x00000000800060ba (0x30200073) mret
core   0: 3 0x00000000800060ba (0x30200073) c768_mstatus 0x8000000a00106080
core   0: 0x0000000080004b74 (0x23a80d53) fsgnj.d fs10, fa6, fs10
core   0: 1 0x0000000080004b74 (0x23a80d53) f26 0x41dfffeffac00000
core   0: 0x0000000080004b78 (0x2bad1e53) fmax.d  ft8, fs10, fs10
core   0: 1 0x0000000080004b78 (0x2bad1e53) f28 0x41dfffeffac00000
core   0: 0x0000000080004b7c (0x014ae7b3) or      a5, s5, s4
core   0: 1 0x0000000080004b7c (0x014ae7b3) x15 0x0000000000000000
core   0: 0x0000000080004b80 (0x029e34b3) mulhu   s1, t3, s1
core   0: 1 0x0000000080004b80 (0x029e34b3) x9  0x00000000000005e5
core   0: 0x0000000080004b84 (0x0196acb3) slt     s9, a3, s9
core   0: 1 0x0000000080004b84 (0x0196acb3) x25 0x0000000000000000
core   0: 0x0000000080004b88 (0xd23a7b53) fcvt.d.lu fs6, s4
core   0: 1 0x0000000080004b88 (0xd23a7b53) f22 0x0000000000000000
core   0: 0x0000000080004b8c (0x1363e513) ori     a0, t2, 310
core   0: 1 0x0000000080004b8c (0x1363e513) x10 0xffffffffffffffff
core   0: 0x0000000080004b90 (0x00801393) slli    t2, zero, 8
core   0: 1 0x0000000080004b90 (0x00801393) x7  0x0000000000000000
core   0: 0x0000000080004b94 (0x00000001) c.nop
core   0: 1 0x0000000080004b94 (0x0001)
core   0: 0x0000000080004b96 (0x036aebb3) rem     s7, s5, s6
core   0: 1 0x0000000080004b96 (0x036aebb3) x23 0x0000000000000000
core   0: 0x0000000080004b9a (0x5a0cfc53) fsqrt.d fs8, fs9
core   0: 1 0x0000000080004b9a (0x5a0cfc53) f24 0x7ff8000000000000
core   0: 0x0000000080004b9e (0x408addbb) sraw    s11, s5, s0
core   0: 1 0x0000000080004b9e (0x408addbb) x27 0x0000000000000000
core   0: 0x0000000080004ba2 (0x0a3c7153) fsub.d  ft2, fs8, ft3
core   0: 1 0x0000000080004ba2 (0x0a3c7153) f2  0x7ff8000000000000
core   0: 0x0000000080004ba6 (0xc81227f3) csrrs   a5, timeh, tp
core   0: exception trap_illegal_instruction, epc 0x0000000080004ba6
core   0:           tval 0x00000000c81227f3
core   0: >>>>  $xrv64i2p1_m2p0_a2p1_f2p2_d2p2_zicsr2p0_zifencei2p0_zmmul1p0_zba1p0_zbb1p0_zbc1p0_zbs1p0
core   0: 0x0000000080004000 (0x0080006f) j       pc + 0x8
core   0: 3 0x0000000080004000 (0x0080006f)
core   0: >>>>  mmode_exception_handler
core   0: 0x0000000080004008 (0x00002c17) auipc   s8, 0x2
core   0: 3 0x0000000080004008 (0x00002c17) x24 0x0000000080006008
core   0: 0x000000008000400c (0x078c0c13) addi    s8, s8, 120
core   0: 3 0x000000008000400c (0x078c0c13) x24 0x0000000080006080
core   0: 0x0000000080004010 (0x000c00e7) jalr    s8
core   0: 3 0x0000000080004010 (0x000c00e7) x1  0x0000000080004014
core   0: >>>>  any_handler
core   0: 0x0000000080006080 (0x341027f3) csrrs   a5, mepc, zero
core   0: 3 0x0000000080006080 (0x341027f3) x15 0x0000000080004ba6
core   0: 0x0000000080006084 (0x34202773) csrrs   a4, mcause, zero
core   0: 3 0x0000000080006084 (0x34202773) x14 0x0000000000000002
core   0: 0x0000000080006088 (0x142026f3) csrrs   a3, scause, zero
core   0: 3 0x0000000080006088 (0x142026f3) x13 0x0000000000000000
core   0: 0x000000008000608c (0x30402673) csrrs   a2, mie, zero
core   0: 3 0x000000008000608c (0x30402673) x12 0x0000000000000a00
core   0: 0x0000000080006090 (0x344025f3) csrrs   a1, mip, zero
core   0: 3 0x0000000080006090 (0x344025f3) x11 0x0000000000000080
core   0: 0x0000000080006094 (0x343025f3) csrrs   a1, mtval, zero
core   0: 3 0x0000000080006094 (0x343025f3) x11 0x00000000c81227f3
core   0: 0x0000000080006098 (0x14302573) csrrs   a0, stval, zero
core   0: 3 0x0000000080006098 (0x14302573) x10 0x0000000000000000
core   0: 0x000000008000609c (0xb02024f3) csrrs   s1, minstret, zero
core   0: 3 0x000000008000609c (0xb02024f3) x9  0x0000000000000be9
core   0: 0x00000000800060a0 (0x0000a811) c.j     pc + 20
core   0: 3 0x00000000800060a0 (0xa811)
core   0: >>>>  mepc_4
core   0: 0x00000000800060b4 (0x00000791) c.addi  a5, 4
core   0: 3 0x00000000800060b4 (0x0791) x15 0x0000000080004baa
core   0: 0x00000000800060b6 (0x34179073) csrrw   zero, mepc, a5
core   0: 3 0x00000000800060b6 (0x34179073) c833_mepc 0x0000000080004baa
core   0: 0x00000000800060ba (0x30200073) mret
core   0: 3 0x00000000800060ba (0x30200073) c768_mstatus 0x8000000a00106080
core   0: 0x0000000080004baa (0xd2227dd3) fcvt.d.l fs11, tp
core   0: 1 0x0000000080004baa (0xd2227dd3) f27 0xc0a0000000000000
core   0: 0x0000000080004bae (0xd23effd3) fcvt.d.lu ft11, t4
core   0: 1 0x0000000080004bae (0xd23effd3) f31 0x41c0be6800000000
core   0: 0x0000000080004bb2 (0xfbbf7ecf) fnmadd.d ft9, ft10, fs11, ft11
core   0: 1 0x0000000080004bb2 (0xfbbf7ecf) f29 0x7ff8000000000000
core   0: 0x0000000080004bb6 (0x00241273) csrrw   tp, frm, s0
core   0: 1 0x0000000080004bb6 (0x00241273) x4  0x0000000000000000 c2_frm 0x0000000000000000
core   0: 0x0000000080004bba (0x00000001) c.nop
core   0: 1 0x0000000080004bba (0x0001)
core   0: 0x0000000080004bbc (0xd2fa94b7) lui     s1, 0xd2fa9
core   0: 1 0x0000000080004bbc (0xd2fa94b7) x9  0xffffffffd2fa9000
core   0: 0x0000000080004bc0 (0x4000503b) sraw    zero, zero, zero
core   0: 1 0x0000000080004bc0 (0x4000503b)
core   0: 0x0000000080004bc4 (0x02532333) mulhsu  t1, t1, t0
core   0: 1 0x0000000080004bc4 (0x02532333) x6  0x0000000000000000
core   0: 0x0000000080004bc8 (0x02e6ed33) rem     s10, a3, a4
core   0: 1 0x0000000080004bc8 (0x02e6ed33) x26 0x0000000000000000
core   0: 0x0000000080004bcc (0x011a7eb3) and     t4, s4, a7
core   0: 1 0x0000000080004bcc (0x011a7eb3) x29 0x0000000000000000
core   0: 0x0000000080004bd0 (0x0b55ffd3) fsub.d  ft11, fa1, fs5
core   0: 1 0x0000000080004bd0 (0x0b55ffd3) f31 0x7ff8000000000000
core   0: 0x0000000080004bd4 (0x00424033) xor     zero, tp, tp
core   0: 1 0x0000000080004bd4 (0x00424033)
core   0: 0x0000000080004bd8 (0x4031d233) sra     tp, gp, gp
core   0: 1 0x0000000080004bd8 (0x4031d233) x4  0x0000000000000000
core   0: 0x0000000080004bdc (0xd3017337) lui     t1, 0xd3017
core   0: 1 0x0000000080004bdc (0xd3017337) x6  0xffffffffd3017000
core   0: 0x0000000080004be0 (0x000099a6) c.add   s3, s1
core   0: 1 0x0000000080004be0 (0x99a6) x19 0x7fffffffd2fa8fff
core   0: 0x0000000080004be2 (0x1265fa53) fmul.d  fs4, fa1, ft6
core   0: 1 0x0000000080004be2 (0x1265fa53) f20 0x7ff8000000000000
core   0: 0x0000000080004be6 (0x23402e53) fsgnjx.d ft8, ft0, fs4
core   0: 1 0x0000000080004be6 (0x23402e53) f28 0x0000000040002391
core   0: 0x0000000080004bea (0x009e9ebb) sllw    t4, t4, s1
core   0: 1 0x0000000080004bea (0x009e9ebb) x29 0x0000000000000000
core   0: 0x0000000080004bee (0xd022f5d3) fcvt.s.l fa1, t0
core   0: 1 0x0000000080004bee (0xd022f5d3) f11 0xffffffff45000000
core   0: 0x0000000080004bf2 (0x01d09433) sll     s0, ra, t4
core   0: 1 0x0000000080004bf2 (0x01d09433) x8  0x0000000080004014
core   0: 0x0000000080004bf6 (0x00d5e7b3) or      a5, a1, a3
core   0: 1 0x0000000080004bf6 (0x00d5e7b3) x15 0x00000000c81227f3
core   0: 0x0000000080004bfa (0x0369e2bb) remw    t0, s3, s6
core   0: 1 0x0000000080004bfa (0x0369e2bb) x5  0xffffffffd2fa8fff
core   0: 0x0000000080004bfe (0x02699233) mulh    tp, s3, t1
core   0: 1 0x0000000080004bfe (0x02699233) x4  0xffffffffe980b800
core   0: 0x0000000080004c02 (0x407258b3) sra     a7, tp, t2
core   0: 1 0x0000000080004c02 (0x407258b3) x17 0xffffffffe980b800
core   0: 0x0000000080004c06 (0x0ff0000f) fence   iorw,iorw
core   0: 1 0x0000000080004c06 (0x0ff0000f)
core   0: 0x0000000080004c0a (0x01789b9b) slliw   s7, a7, 23
core   0: 1 0x0000000080004c0a (0x01789b9b) x23 0x0000000000000000
core   0: 0x0000000080004c0e (0xd3682797) auipc   a5, 0xd3682
core   0: 1 0x0000000080004c0e (0xd3682797) x15 0x0000000053686c0e
core   0: 0x0000000080004c12 (0xd22cf853) fcvt.d.l fa6, s9
core   0: 1 0x0000000080004c12 (0xd22cf853) f16 0x0000000000000000
core   0: 0x0000000080004c16 (0x0b0e7753) fsub.d  fa4, ft8, fa6
core   0: 1 0x0000000080004c16 (0x0b0e7753) f14 0x0000000040002391
core   0: 0x0000000080004c1a (0x004a57bb) srlw    a5, s4, tp
core   0: 1 0x0000000080004c1a (0x004a57bb) x15 0x0000000000000000
core   0: 0x0000000080004c1e (0x7ffee293) ori     t0, t4, 2047
core   0: 1 0x0000000080004c1e (0x7ffee293) x5  0x00000000000007ff
core   0: 0x0000000080004c22 (0xd022fc53) fcvt.s.l fs8, t0
core   0: 1 0x0000000080004c22 (0xd022fc53) f24 0xffffffff44ffe000
core   0: 0x0000000080004c26 (0xd237ffd3) fcvt.d.lu ft11, a5
core   0: 1 0x0000000080004c26 (0xd237ffd3) f31 0x0000000000000000
core   0: 0x0000000080004c2a (0x7ffc871b) addiw   a4, s9, 2047
core   0: 1 0x0000000080004c2a (0x7ffc871b) x14 0x00000000000007ff
core   0: 0x0000000080004c2e (0x8d7d13b7) lui     t2, 0x8d7d1
core   0: 1 0x0000000080004c2e (0x8d7d13b7) x7  0xffffffff8d7d1000
core   0: 0x0000000080004c32 (0x4003da1b) sraiw   s4, t2, 0
core   0: 1 0x0000000080004c32 (0x4003da1b) x20 0xffffffff8d7d1000
core   0: 0x0000000080004c36 (0xc25c7cc3) fmadd.d fs9, fs8, ft5, fs8
core   0: 1 0x0000000080004c36 (0xc25c7cc3) f25 0x7ff8000000000000
core   0: 0x0000000080004c3a (0x00000001) c.nop
core   0: 1 0x0000000080004c3a (0x0001)
core   0: 0x0000000080004c3c (0x34441073) csrrw   zero, mip, s0
core   0: exception trap_illegal_instruction, epc 0x0000000080004c3c
core   0:           tval 0x0000000034441073
core   0: >>>>  $xrv64i2p1_m2p0_a2p1_f2p2_d2p2_zicsr2p0_zifencei2p0_zmmul1p0_zba1p0_zbb1p0_zbc1p0_zbs1p0
core   0: 0x0000000080004000 (0x0080006f) j       pc + 0x8
core   0: 3 0x0000000080004000 (0x0080006f)
core   0: >>>>  mmode_exception_handler
core   0: 0x0000000080004008 (0x00002c17) auipc   s8, 0x2
core   0: 3 0x0000000080004008 (0x00002c17) x24 0x0000000080006008
core   0: 0x000000008000400c (0x078c0c13) addi    s8, s8, 120
core   0: 3 0x000000008000400c (0x078c0c13) x24 0x0000000080006080
core   0: 0x0000000080004010 (0x000c00e7) jalr    s8
core   0: 3 0x0000000080004010 (0x000c00e7) x1  0x0000000080004014
core   0: >>>>  any_handler
core   0: 0x0000000080006080 (0x341027f3) csrrs   a5, mepc, zero
core   0: 3 0x0000000080006080 (0x341027f3) x15 0x0000000080004c3c
core   0: 0x0000000080006084 (0x34202773) csrrs   a4, mcause, zero
core   0: 3 0x0000000080006084 (0x34202773) x14 0x0000000000000002
core   0: 0x0000000080006088 (0x142026f3) csrrs   a3, scause, zero
core   0: 3 0x0000000080006088 (0x142026f3) x13 0x0000000000000000
core   0: 0x000000008000608c (0x30402673) csrrs   a2, mie, zero
core   0: 3 0x000000008000608c (0x30402673) x12 0x0000000000000a00
core   0: 0x0000000080006090 (0x344025f3) csrrs   a1, mip, zero
core   0: 3 0x0000000080006090 (0x344025f3) x11 0x0000000000000080
core   0: 0x0000000080006094 (0x343025f3) csrrs   a1, mtval, zero
core   0: 3 0x0000000080006094 (0x343025f3) x11 0x0000000034441073
core   0: 0x0000000080006098 (0x14302573) csrrs   a0, stval, zero
core   0: 3 0x0000000080006098 (0x14302573) x10 0x0000000000000000
core   0: 0x000000008000609c (0xb02024f3) csrrs   s1, minstret, zero
core   0: 3 0x000000008000609c (0xb02024f3) x9  0x0000000000000c1f
core   0: 0x00000000800060a0 (0x0000a811) c.j     pc + 20
core   0: 3 0x00000000800060a0 (0xa811)
core   0: >>>>  mepc_4
core   0: 0x00000000800060b4 (0x00000791) c.addi  a5, 4
core   0: 3 0x00000000800060b4 (0x0791) x15 0x0000000080004c40
core   0: 0x00000000800060b6 (0x34179073) csrrw   zero, mepc, a5
core   0: 3 0x00000000800060b6 (0x34179073) c833_mepc 0x0000000080004c40
core   0: 0x00000000800060ba (0x30200073) mret
core   0: 3 0x00000000800060ba (0x30200073) c768_mstatus 0x8000000a00106080
core   0: 0x0000000080004c40 (0x01fd941b) slliw   s0, s11, 31
core   0: 1 0x0000000080004c40 (0x01fd941b) x8  0x0000000000000000
core   0: 0x0000000080004c44 (0xc212f953) fcvt.wu.d s2, ft5
core   0: 1 0x0000000080004c44 (0xc212f953) c1_fflags 0x0000000000000010 x18 0xffffffffffffffff
core   0: 0x0000000080004c48 (0xc022fd53) fcvt.l.s s10, ft5
core   0: 1 0x0000000080004c48 (0xc022fd53) x26 0x0000000000000000
core   0: 0x0000000080004c4c (0x3b3a7a47) fmsub.d fs4, fs4, fs3, ft7
core   0: 1 0x0000000080004c4c (0x3b3a7a47) f20 0x7ff8000000000000
core   0: 0x0000000080004c50 (0x5a037853) fsqrt.d fa6, ft6
core   0: 1 0x0000000080004c50 (0x5a037853) f16 0x0000000000000000
core   0: 0x0000000080004c54 (0x03a5fb3b) remuw   s6, a1, s10
core   0: 1 0x0000000080004c54 (0x03a5fb3b) x22 0x0000000034441073
core   0: 0x0000000080004c58 (0x77781517) auipc   a0, 0x77781
core   0: 1 0x0000000080004c58 (0x77781517) x10 0x00000000f7785c58
core   0: 0x0000000080004c5c (0x1206f6d3) fmul.d  fa3, fa3, ft0
core   0: 1 0x0000000080004c5c (0x1206f6d3) f13 0x0000000000000000
core   0: 0x0000000080004c60 (0x0165a433) slt     s0, a1, s6
core   0: 1 0x0000000080004c60 (0x0165a433) x8  0x0000000000000000
core   0: 0x0000000080004c64 (0xf1145773) csrrwi  a4, mvendorid, 8
core   0: exception trap_illegal_instruction, epc 0x0000000080004c64
core   0:           tval 0x00000000f1145773
core   0: >>>>  $xrv64i2p1_m2p0_a2p1_f2p2_d2p2_zicsr2p0_zifencei2p0_zmmul1p0_zba1p0_zbb1p0_zbc1p0_zbs1p0
core   0: 0x0000000080004000 (0x0080006f) j       pc + 0x8
core   0: 3 0x0000000080004000 (0x0080006f)
core   0: >>>>  mmode_exception_handler
core   0: 0x0000000080004008 (0x00002c17) auipc   s8, 0x2
core   0: 3 0x0000000080004008 (0x00002c17) x24 0x0000000080006008
core   0: 0x000000008000400c (0x078c0c13) addi    s8, s8, 120
core   0: 3 0x000000008000400c (0x078c0c13) x24 0x0000000080006080
core   0: 0x0000000080004010 (0x000c00e7) jalr    s8
core   0: 3 0x0000000080004010 (0x000c00e7) x1  0x0000000080004014
core   0: >>>>  any_handler
core   0: 0x0000000080006080 (0x341027f3) csrrs   a5, mepc, zero
core   0: 3 0x0000000080006080 (0x341027f3) x15 0x0000000080004c64
core   0: 0x0000000080006084 (0x34202773) csrrs   a4, mcause, zero
core   0: 3 0x0000000080006084 (0x34202773) x14 0x0000000000000002
core   0: 0x0000000080006088 (0x142026f3) csrrs   a3, scause, zero
core   0: 3 0x0000000080006088 (0x142026f3) x13 0x0000000000000000
core   0: 0x000000008000608c (0x30402673) csrrs   a2, mie, zero
core   0: 3 0x000000008000608c (0x30402673) x12 0x0000000000000a00
core   0: 0x0000000080006090 (0x344025f3) csrrs   a1, mip, zero
core   0: 3 0x0000000080006090 (0x344025f3) x11 0x0000000000000080
core   0: 0x0000000080006094 (0x343025f3) csrrs   a1, mtval, zero
core   0: 3 0x0000000080006094 (0x343025f3) x11 0x00000000f1145773
core   0: 0x0000000080006098 (0x14302573) csrrs   a0, stval, zero
core   0: 3 0x0000000080006098 (0x14302573) x10 0x0000000000000000
core   0: 0x000000008000609c (0xb02024f3) csrrs   s1, minstret, zero
core   0: 3 0x000000008000609c (0xb02024f3) x9  0x0000000000000c38
core   0: 0x00000000800060a0 (0x0000a811) c.j     pc + 20
core   0: 3 0x00000000800060a0 (0xa811)
core   0: >>>>  mepc_4
core   0: 0x00000000800060b4 (0x00000791) c.addi  a5, 4
core   0: 3 0x00000000800060b4 (0x0791) x15 0x0000000080004c68
core   0: 0x00000000800060b6 (0x34179073) csrrw   zero, mepc, a5
core   0: 3 0x00000000800060b6 (0x34179073) c833_mepc 0x0000000080004c68
core   0: 0x00000000800060ba (0x30200073) mret
core   0: 3 0x00000000800060ba (0x30200073) c768_mstatus 0x8000000a00106080
core   0: 0x0000000080004c68 (0x00d55a9b) srliw   s5, a0, 13
core   0: 1 0x0000000080004c68 (0x00d55a9b) x21 0x0000000000000000
core   0: 0x0000000080004c6c (0xc0287bd3) fcvt.l.s s7, fa6
core   0: 1 0x0000000080004c6c (0xc0287bd3) c1_fflags 0x0000000000000010 x23 0x7fffffffffffffff
core   0: 0x0000000080004c70 (0x021b873b) mulw    a4, s7, ra
core   0: 1 0x0000000080004c70 (0x021b873b) x14 0x000000007fffbfec
core   0: 0x0000000080004c74 (0x0006183b) sllw    a6, a2, zero
core   0: 1 0x0000000080004c74 (0x0006183b) x16 0x0000000000000a00
core   0: 0x0000000080004c78 (0x00105ab3) srl     s5, zero, ra
core   0: 1 0x0000000080004c78 (0x00105ab3) x21 0x0000000000000000
core   0: 0x0000000080004c7c (0x01582233) slt     tp, a6, s5
core   0: 1 0x0000000080004c7c (0x01582233) x4  0x0000000000000000
core   0: 0x0000000080004c80 (0x03866bbb) remw    s7, a2, s8
core   0: 1 0x0000000080004c80 (0x03866bbb) x23 0x0000000000000a00
core   0: 0x0000000080004c84 (0x420689d3) fcvt.d.s fs3, fa3
core   0: 1 0x0000000080004c84 (0x420689d3) f19 0x7ff8000000000000
core   0: 0x0000000080004c88 (0xd02dfbd3) fcvt.s.l fs7, s11
core   0: 1 0x0000000080004c88 (0xd02dfbd3) f23 0xffffffff00000000
core   0: 0x0000000080004c8c (0x12757553) fmul.d  fa0, fa0, ft7
core   0: 1 0x0000000080004c8c (0x12757553) f10 0x7ff8000000000000
core   0: 0x0000000080004c90 (0xb4f23493) sltiu   s1, tp, -1201
core   0: 1 0x0000000080004c90 (0xb4f23493) x9  0x0000000000000001
core   0: 0x0000000080004c94 (0xe2000153) fmv.x.d sp, ft0
core   0: 1 0x0000000080004c94 (0xe2000153) x2  0x0000000040002391
core   0: 0x0000000080004c98 (0x401cdcb3) sra     s9, s9, ra
core   0: 1 0x0000000080004c98 (0x401cdcb3) x25 0x0000000000000000
core   0: 0x0000000080004c9c (0x809b2c13) slti    s8, s6, -2039
core   0: 1 0x0000000080004c9c (0x809b2c13) x24 0x0000000000000000
core   0: 0x0000000080004ca0 (0x0140a333) slt     t1, ra, s4
core   0: 1 0x0000000080004ca0 (0x0140a333) x6  0x0000000000000000
core   0: 0x0000000080004ca4 (0xc23ff953) fcvt.lu.d s2, ft11
core   0: 1 0x0000000080004ca4 (0xc23ff953) x18 0x0000000000000000
core   0: 0x0000000080004ca8 (0x2a368cd3) fmin.d  fs9, fa3, ft3
core   0: 1 0x0000000080004ca8 (0x2a368cd3) f25 0x0000000000000000
core   0: 0x0000000080004cac (0x40528a3b) subw    s4, t0, t0
core   0: 1 0x0000000080004cac (0x40528a3b) x20 0x0000000000000000
core   0: 0x0000000080004cb0 (0x4033d79b) sraiw   a5, t2, 3
core   0: 1 0x0000000080004cb0 (0x4033d79b) x15 0xfffffffff1afa200
core   0: 0x0000000080004cb4 (0x426ed013) srai    zero, t4, 38
core   0: 1 0x0000000080004cb4 (0x426ed013)
core   0: 0x0000000080004cb8 (0x40167653) fcvt.s.d fa2, fa2
core   0: 1 0x0000000080004cb8 (0x40167653) f12 0xffffffff7fc00000
core   0: 0x0000000080004cbc (0xd20c0853) fcvt.d.w fa6, s8
core   0: 1 0x0000000080004cbc (0xd20c0853) f16 0x0000000000000000
core   0: 0x0000000080004cc0 (0x5a0ffcd3) fsqrt.d fs9, ft11
core   0: 1 0x0000000080004cc0 (0x5a0ffcd3) f25 0x0000000000000000
core   0: 0x0000000080004cc4 (0x006607b3) add     a5, a2, t1
core   0: 1 0x0000000080004cc4 (0x006607b3) x15 0x0000000000000a00
core   0: 0x0000000080004cc8 (0xb353f447) fmsub.d fs0, ft7, fs5, fs6
core   0: 1 0x0000000080004cc8 (0xb353f447) f8  0x7ff8000000000000
core   0: 0x0000000080004ccc (0x0b8bf0d3) fsub.d  ft1, fs7, fs8
core   0: 1 0x0000000080004ccc (0x0b8bf0d3) f1  0x7ff8000000000000
core   0: 0x0000000080004cd0 (0x22109253) fsgnjn.d ft4, ft1, ft1
core   0: 1 0x0000000080004cd0 (0x22109253) f4  0xfff8000000000000
core   0: 0x0000000080004cd4 (0x0044d23b) srlw    tp, s1, tp
core   0: 1 0x0000000080004cd4 (0x0044d23b) x4  0x0000000000000001
core   0: 0x0000000080004cd8 (0x010d2833) slt     a6, s10, a6
core   0: 1 0x0000000080004cd8 (0x010d2833) x16 0x0000000000000001
core   0: 0x0000000080004cdc (0x00ab9d33) sll     s10, s7, a0
core   0: 1 0x0000000080004cdc (0x00ab9d33) x26 0x0000000000000a00
core   0: 0x0000000080004ce0 (0x1321f1d3) fmul.d  ft3, ft3, fs2
core   0: 1 0x0000000080004ce0 (0x1321f1d3) f3  0x7ff8000000000000
core   0: 0x0000000080004ce4 (0x001a9373) csrrw   t1, fflags, s5
core   0: 1 0x0000000080004ce4 (0x001a9373) x6  0x0000000000000010 c1_fflags 0x0000000000000000
core   0: 0x0000000080004ce8 (0x4a9df6cf) fnmadd.d fa3, fs11, fs1, fs1
core   0: 1 0x0000000080004ce8 (0x4a9df6cf) f13 0xc49ffc0000000000
core   0: 0x0000000080004cec (0x043e0293) addi    t0, t3, 67
core   0: 1 0x0000000080004cec (0x043e0293) x5  0x8000000000000042
core   0: 0x0000000080004cf0 (0xf35d4d13) xori    s10, s10, -203
core   0: 1 0x0000000080004cf0 (0xf35d4d13) x26 0xfffffffffffff535
core   0: 0x0000000080004cf4 (0x2bcd0e53) fmin.d  ft8, fs10, ft8
core   0: 1 0x0000000080004cf4 (0x2bcd0e53) f28 0x0000000040002391
core   0: 0x0000000080004cf8 (0x0005aa93) slti    s5, a1, 0
core   0: 1 0x0000000080004cf8 (0x0005aa93) x21 0x0000000000000000
core   0: 0x0000000080004cfc (0x10a6b073) csrrc   zero, senvcfg, a3
core   0: 1 0x0000000080004cfc (0x10a6b073) c266_senvcfg 0x0000000000000000
core   0: 0x0000000080004d00 (0x6a5e7ccf) fnmadd.d fs9, ft8, ft5, fa3
core   0: 1 0x0000000080004d00 (0x6a5e7ccf) f25 0x7ff8000000000000
core   0: 0x0000000080004d04 (0x02754533) div     a0, a0, t2
core   0: 1 0x0000000080004d04 (0x02754533) x10 0x0000000000000000
core   0: 0x0000000080004d08 (0x41595933) sra     s2, s2, s5
core   0: 1 0x0000000080004d08 (0x41595933) x18 0x0000000000000000
core   0: 0x0000000080004d0c (0x419d5d33) sra     s10, s10, s9
core   0: 1 0x0000000080004d0c (0x419d5d33) x26 0xfffffffffffff535
core   0: 0x0000000080004d10 (0x420c8553) fcvt.d.s fa0, fs9
core   0: 1 0x0000000080004d10 (0x420c8553) f10 0x7ff8000000000000
core   0: 0x0000000080004d14 (0x400d003b) subw    zero, s10, zero
core   0: 1 0x0000000080004d14 (0x400d003b)
core   0: 0x0000000080004d18 (0xfec3e837) lui     a6, 0xfec3e
core   0: 1 0x0000000080004d18 (0xfec3e837) x16 0xfffffffffec3e000
core   0: 0x0000000080004d1c (0x7e78081b) addiw   a6, a6, 2023
core   0: 1 0x0000000080004d1c (0x7e78081b) x16 0xfffffffffec3e7e7
core   0: 0x0000000080004d20 (0x00000836) c.slli  a6, 13
core   0: 1 0x0000000080004d20 (0x0836) x16 0xffffffd87cfce000
core   0: 0x0000000080004d22 (0x8be80813) addi    a6, a6, -1858
core   0: 1 0x0000000080004d22 (0x8be80813) x16 0xffffffd87cfcd8be
core   0: 0x0000000080004d26 (0x41050233) sub     tp, a0, a6
core   0: 1 0x0000000080004d26 (0x41050233) x4  0x0000002783032742
core   0: 0x0000000080004d2a (0x40728cb3) sub     s9, t0, t2
core   0: 1 0x0000000080004d2a (0x40728cb3) x25 0x800000007282f042
core   0: 0x0000000080004d2e (0x40778133) sub     sp, a5, t2
core   0: 1 0x0000000080004d2e (0x40778133) x2  0x000000007282fa00
core   0: 0x0000000080004d32 (0x00159573) csrrw   a0, fflags, a1
core   0: 1 0x0000000080004d32 (0x00159573) x10 0x0000000000000000 c1_fflags 0x0000000000000013
core   0: 0x0000000080004d36 (0x5a0278d3) fsqrt.d fa7, ft4
core   0: 1 0x0000000080004d36 (0x5a0278d3) f17 0x7ff8000000000000
core   0: 0x0000000080004d3a (0x00bc50b3) srl     ra, s8, a1
core   0: 1 0x0000000080004d3a (0x00bc50b3) x1  0x0000000000000000
core   0: 0x0000000080004d3e (0x0aa277d3) fsub.d  fa5, ft4, fa0
core   0: 1 0x0000000080004d3e (0x0aa277d3) f15 0x7ff8000000000000
core   0: 0x0000000080004d42 (0xcb97fcc7) fmsub.d fs9, fa5, fs9, fs9
core   0: 1 0x0000000080004d42 (0xcb97fcc7) f25 0x7ff8000000000000
core   0: 0x0000000080004d46 (0xd23a7dd3) fcvt.d.lu fs11, s4
core   0: 1 0x0000000080004d46 (0xd23a7dd3) f27 0x0000000000000000
core   0: 0x0000000080004d4a (0x01515abb) srlw    s5, sp, s5
core   0: 1 0x0000000080004d4a (0x01515abb) x21 0x000000007282fa00
core   0: 0x0000000080004d4e (0x23b424d3) fsgnjx.d fs1, fs0, fs11
core   0: 1 0x0000000080004d4e (0x23b424d3) f9  0x7ff8000000000000
core   0: 0x0000000080004d52 (0xd27d7643) fmadd.d fa2, fs10, ft7, fs10
core   0: 1 0x0000000080004d52 (0xd27d7643) f12 0x7ff8000000000000
core   0: 0x0000000080004d56 (0x00dae6b3) or      a3, s5, a3
core   0: 1 0x0000000080004d56 (0x00dae6b3) x13 0x000000007282fa00
core   0: 0x0000000080004d5a (0xaa9cf54b) fnmsub.d fa0, fs9, fs1, fs5
core   0: 1 0x0000000080004d5a (0xaa9cf54b) f10 0x7ff8000000000000
core   0: 0x0000000080004d5e (0x0296e7b3) rem     a5, a3, s1
core   0: 1 0x0000000080004d5e (0x0296e7b3) x15 0x0000000000000000
core   0: 0x0000000080004d62 (0x00102ef3) csrrs   t4, fflags, zero
core   0: 1 0x0000000080004d62 (0x00102ef3) x29 0x0000000000000013
core   0: 0x0000000080004d66 (0x8ff6e213) ori     tp, a3, -1793
core   0: 1 0x0000000080004d66 (0x8ff6e213) x4  0xfffffffffffffaff
core   0: 0x0000000080004d6a (0xc21f70d3) fcvt.wu.d ra, ft10
core   0: 1 0x0000000080004d6a (0xc21f70d3) c1_fflags 0x0000000000000013 x1  0xffffffffffffffff
core   0: 0x0000000080004d6e (0x01259eb3) sll     t4, a1, s2
core   0: 1 0x0000000080004d6e (0x01259eb3) x29 0x00000000f1145773
core   0: 0x0000000080004d72 (0x1b9af353) fdiv.d  ft6, fs5, fs9
core   0: 1 0x0000000080004d72 (0x1b9af353) f6  0x7ff8000000000000
core   0: 0x0000000080004d76 (0x00b9143b) sllw    s0, s2, a1
core   0: 1 0x0000000080004d76 (0x00b9143b) x8  0x0000000000000000
core   0: 0x0000000080004d7a (0x019411bb) sllw    gp, s0, s9
core   0: 1 0x0000000080004d7a (0x019411bb) x3  0x0000000000000000
core   0: 0x0000000080004d7e (0x002894f3) csrrw   s1, frm, a7
core   0: 1 0x0000000080004d7e (0x002894f3) x9  0x0000000000000000 c2_frm 0x0000000000000000
core   0: 0x0000000080004d82 (0xf1486c73) csrrsi  s8, mhartid, 16
core   0: exception trap_illegal_instruction, epc 0x0000000080004d82
core   0:           tval 0x00000000f1486c73
core   0: >>>>  $xrv64i2p1_m2p0_a2p1_f2p2_d2p2_zicsr2p0_zifencei2p0_zmmul1p0_zba1p0_zbb1p0_zbc1p0_zbs1p0
core   0: 0x0000000080004000 (0x0080006f) j       pc + 0x8
core   0: 3 0x0000000080004000 (0x0080006f)
core   0: >>>>  mmode_exception_handler
core   0: 0x0000000080004008 (0x00002c17) auipc   s8, 0x2
core   0: 3 0x0000000080004008 (0x00002c17) x24 0x0000000080006008
core   0: 0x000000008000400c (0x078c0c13) addi    s8, s8, 120
core   0: 3 0x000000008000400c (0x078c0c13) x24 0x0000000080006080
core   0: 0x0000000080004010 (0x000c00e7) jalr    s8
core   0: 3 0x0000000080004010 (0x000c00e7) x1  0x0000000080004014
core   0: >>>>  any_handler
core   0: 0x0000000080006080 (0x341027f3) csrrs   a5, mepc, zero
core   0: 3 0x0000000080006080 (0x341027f3) x15 0x0000000080004d82
core   0: 0x0000000080006084 (0x34202773) csrrs   a4, mcause, zero
core   0: 3 0x0000000080006084 (0x34202773) x14 0x0000000000000002
core   0: 0x0000000080006088 (0x142026f3) csrrs   a3, scause, zero
core   0: 3 0x0000000080006088 (0x142026f3) x13 0x0000000000000000
core   0: 0x000000008000608c (0x30402673) csrrs   a2, mie, zero
core   0: 3 0x000000008000608c (0x30402673) x12 0x0000000000000a00
core   0: 0x0000000080006090 (0x344025f3) csrrs   a1, mip, zero
core   0: 3 0x0000000080006090 (0x344025f3) x11 0x0000000000000080
core   0: 0x0000000080006094 (0x343025f3) csrrs   a1, mtval, zero
core   0: 3 0x0000000080006094 (0x343025f3) x11 0x00000000f1486c73
core   0: 0x0000000080006098 (0x14302573) csrrs   a0, stval, zero
core   0: 3 0x0000000080006098 (0x14302573) x10 0x0000000000000000
core   0: 0x000000008000609c (0xb02024f3) csrrs   s1, minstret, zero
core   0: 3 0x000000008000609c (0xb02024f3) x9  0x0000000000000c8f
core   0: 0x00000000800060a0 (0x0000a811) c.j     pc + 20
core   0: 3 0x00000000800060a0 (0xa811)
core   0: >>>>  mepc_4
core   0: 0x00000000800060b4 (0x00000791) c.addi  a5, 4
core   0: 3 0x00000000800060b4 (0x0791) x15 0x0000000080004d86
core   0: 0x00000000800060b6 (0x34179073) csrrw   zero, mepc, a5
core   0: 3 0x00000000800060b6 (0x34179073) c833_mepc 0x0000000080004d86
core   0: 0x00000000800060ba (0x30200073) mret
core   0: 3 0x00000000800060ba (0x30200073) c768_mstatus 0x8000000a00106080
core   0: 0x0000000080004d86 (0x00081933) sll     s2, a6, zero
core   0: 1 0x0000000080004d86 (0x00081933) x18 0xffffffd87cfcd8be
core   0: 0x0000000080004d8a (0x41105013) srai    zero, zero, 17
core   0: 1 0x0000000080004d8a (0x41105013)
core   0: 0x0000000080004d8e (0xd0257fd3) fcvt.s.l ft11, a0
core   0: 1 0x0000000080004d8e (0xd0257fd3) f31 0xffffffff00000000
core   0: 0x0000000080004d92 (0x0291d4b3) divu    s1, gp, s1
core   0: 1 0x0000000080004d92 (0x0291d4b3) x9  0x0000000000000000
core   0: 0x0000000080004d96 (0x02066237) lui     tp, 0x2066
core   0: 1 0x0000000080004d96 (0x02066237) x4  0x0000000002066000
core   0: 0x0000000080004d9a (0x13f2021b) addiw   tp, tp, 319
core   0: 1 0x0000000080004d9a (0x13f2021b) x4  0x000000000206613f
core   0: 0x0000000080004d9e (0x00000236) c.slli  tp, 13
core   0: 1 0x0000000080004d9e (0x0236) x4  0x00000040cc27e000
core   0: 0x0000000080004da0 (0xd4f20213) addi    tp, tp, -689
core   0: 1 0x0000000080004da0 (0xd4f20213) x4  0x00000040cc27dd4f
core   0: 0x0000000080004da4 (0x00669e13) slli    t3, a3, 6
core   0: 1 0x0000000080004da4 (0x00669e13) x28 0x0000000000000000
core   0: 0x0000000080004da8 (0x01da4e33) xor     t3, s4, t4
core   0: 1 0x0000000080004da8 (0x01da4e33) x28 0x00000000f1145773
core   0: 0x0000000080004dac (0xc0357c53) fcvt.lu.s s8, fa0
core   0: 1 0x0000000080004dac (0xc0357c53) c1_fflags 0x0000000000000013 x24 0xffffffffffffffff
core   0: 0x0000000080004db0 (0x43145d93) srai    s11, s0, 49
core   0: 1 0x0000000080004db0 (0x43145d93) x27 0x0000000000000000
core   0: 0x0000000080004db4 (0xd02c77d3) fcvt.s.l fa5, s8
core   0: 1 0x0000000080004db4 (0xd02c77d3) f15 0xffffffffbf800000
core   0: 0x0000000080004db8 (0xd02e72d3) fcvt.s.l ft5, t3
core   0: 1 0x0000000080004db8 (0xd02e72d3) c1_fflags 0x0000000000000013 f5  0xffffffff4f711457
core   0: 0x0000000080004dbc (0xa2f982d3) fle.d   t0, fs3, fa5
core   0: 1 0x0000000080004dbc (0xa2f982d3) c1_fflags 0x0000000000000013 x5  0x0000000000000000
core   0: 0x0000000080004dc0 (0x420d05d3) fcvt.d.s fa1, fs10
core   0: 1 0x0000000080004dc0 (0x420d05d3) f11 0x7ff8000000000000
core   0: 0x0000000080004dc4 (0xa3840e53) fle.d   t3, fs0, fs8
core   0: 1 0x0000000080004dc4 (0xa3840e53) c1_fflags 0x0000000000000013 x28 0x0000000000000000
core   0: 0x0000000080004dc8 (0x47ca0317) auipc   t1, 0x47ca0
core   0: 1 0x0000000080004dc8 (0x47ca0317) x6  0x00000000c7ca4dc8
core   0: 0x0000000080004dcc (0x00fa07bb) addw    a5, s4, a5
core   0: 1 0x0000000080004dcc (0x00fa07bb) x15 0xffffffff80004d86
core   0: 0x0000000080004dd0 (0x0ff0000f) fence   iorw,iorw
core   0: 1 0x0000000080004dd0 (0x0ff0000f)
core   0: 0x0000000080004dd4 (0x42058453) fcvt.d.s fs0, fa1
core   0: 1 0x0000000080004dd4 (0x42058453) f8  0x7ff8000000000000
core   0: 0x0000000080004dd8 (0x343054f3) csrrwi  s1, mtval, 0
core   0: exception trap_illegal_instruction, epc 0x0000000080004dd8
core   0:           tval 0x00000000343054f3
core   0: >>>>  $xrv64i2p1_m2p0_a2p1_f2p2_d2p2_zicsr2p0_zifencei2p0_zmmul1p0_zba1p0_zbb1p0_zbc1p0_zbs1p0
core   0: 0x0000000080004000 (0x0080006f) j       pc + 0x8
core   0: 3 0x0000000080004000 (0x0080006f)
core   0: >>>>  mmode_exception_handler
core   0: 0x0000000080004008 (0x00002c17) auipc   s8, 0x2
core   0: 3 0x0000000080004008 (0x00002c17) x24 0x0000000080006008
core   0: 0x000000008000400c (0x078c0c13) addi    s8, s8, 120
core   0: 3 0x000000008000400c (0x078c0c13) x24 0x0000000080006080
core   0: 0x0000000080004010 (0x000c00e7) jalr    s8
core   0: 3 0x0000000080004010 (0x000c00e7) x1  0x0000000080004014
core   0: >>>>  any_handler
core   0: 0x0000000080006080 (0x341027f3) csrrs   a5, mepc, zero
core   0: 3 0x0000000080006080 (0x341027f3) x15 0x0000000080004dd8
core   0: 0x0000000080006084 (0x34202773) csrrs   a4, mcause, zero
core   0: 3 0x0000000080006084 (0x34202773) x14 0x0000000000000002
core   0: 0x0000000080006088 (0x142026f3) csrrs   a3, scause, zero
core   0: 3 0x0000000080006088 (0x142026f3) x13 0x0000000000000000
core   0: 0x000000008000608c (0x30402673) csrrs   a2, mie, zero
core   0: 3 0x000000008000608c (0x30402673) x12 0x0000000000000a00
core   0: 0x0000000080006090 (0x344025f3) csrrs   a1, mip, zero
core   0: 3 0x0000000080006090 (0x344025f3) x11 0x0000000000000080
core   0: 0x0000000080006094 (0x343025f3) csrrs   a1, mtval, zero
core   0: 3 0x0000000080006094 (0x343025f3) x11 0x00000000343054f3
core   0: 0x0000000080006098 (0x14302573) csrrs   a0, stval, zero
core   0: 3 0x0000000080006098 (0x14302573) x10 0x0000000000000000
core   0: 0x000000008000609c (0xb02024f3) csrrs   s1, minstret, zero
core   0: 3 0x000000008000609c (0xb02024f3) x9  0x0000000000000cb4
core   0: 0x00000000800060a0 (0x0000a811) c.j     pc + 20
core   0: 3 0x00000000800060a0 (0xa811)
core   0: >>>>  mepc_4
core   0: 0x00000000800060b4 (0x00000791) c.addi  a5, 4
core   0: 3 0x00000000800060b4 (0x0791) x15 0x0000000080004ddc
core   0: 0x00000000800060b6 (0x34179073) csrrw   zero, mepc, a5
core   0: 3 0x00000000800060b6 (0x34179073) c833_mepc 0x0000000080004ddc
core   0: 0x00000000800060ba (0x30200073) mret
core   0: 3 0x00000000800060ba (0x30200073) c768_mstatus 0x8000000a00106080
core   0: 0x0000000080004ddc (0x0abc7953) fsub.d  fs2, fs8, fa1
core   0: 1 0x0000000080004ddc (0x0abc7953) f18 0x7ff8000000000000
core   0: 0x0000000080004de0 (0x2b4914d3) fmax.d  fs1, fs2, fs4
core   0: 1 0x0000000080004de0 (0x2b4914d3) f9  0x7ff8000000000000
core   0: 0x0000000080004de4 (0x00000001) c.nop
core   0: 1 0x0000000080004de4 (0x0001)
core   0: 0x0000000080004de6 (0x2a841053) fmax.d  ft0, fs0, fs0
core   0: 1 0x0000000080004de6 (0x2a841053) f0  0x7ff8000000000000
core   0: 0x0000000080004dea (0x3690809b) addiw   ra, ra, 873
core   0: 1 0x0000000080004dea (0x3690809b) x1  0xffffffff8000437d
core   0: 0x0000000080004dee (0x9c72829b) addiw   t0, t0, -1593
core   0: 1 0x0000000080004dee (0x9c72829b) x5  0xfffffffffffff9c7
core   0: 0x0000000080004df2 (0xa3307a4b) fnmsub.d fs4, ft0, fs3, fs4
core   0: 1 0x0000000080004df2 (0xa3307a4b) f20 0x7ff8000000000000
core   0: 0x0000000080004df6 (0x00f15c33) srl     s8, sp, a5
core   0: 1 0x0000000080004df6 (0x00f15c33) x24 0x0000000000000007
core   0: 0x0000000080004dfa (0x017d8dbb) addw    s11, s11, s7
core   0: 1 0x0000000080004dfa (0x017d8dbb) x27 0x0000000000000a00
core   0: 0x0000000080004dfe (0x00102b73) csrrs   s6, fflags, zero
core   0: 1 0x0000000080004dfe (0x00102b73) x22 0x0000000000000013
core   0: 0x0000000080004e02 (0xc6eed597) auipc   a1, 0xc6eed
core   0: 1 0x0000000080004e02 (0xc6eed597) x11 0x0000000046ef1e02
core   0: 0x0000000080004e06 (0x036b5393) srli    t2, s6, 54
core   0: 1 0x0000000080004e06 (0x036b5393) x7  0x0000000000000000
core   0: 0x0000000080004e0a (0x00369a93) slli    s5, a3, 3
core   0: 1 0x0000000080004e0a (0x00369a93) x21 0x0000000000000000
core   0: 0x0000000080004e0e (0x00000001) c.nop
core   0: 1 0x0000000080004e0e (0x0001)
core   0: 0x0000000080004e10 (0x415007b3) sub     a5, zero, s5
core   0: 1 0x0000000080004e10 (0x415007b3) x15 0x0000000000000000
core   0: 0x0000000080004e14 (0x04d10737) lui     a4, 0x4d10
core   0: 1 0x0000000080004e14 (0x04d10737) x14 0x0000000004d10000
core   0: 0x0000000080004e18 (0x1d97071b) addiw   a4, a4, 473
core   0: 1 0x0000000080004e18 (0x1d97071b) x14 0x0000000004d101d9
core   0: 0x0000000080004e1c (0x00000732) c.slli  a4, 12
core   0: 1 0x0000000080004e1c (0x0732) x14 0x0000004d101d9000
core   0: 0x0000000080004e1e (0x25f70713) addi    a4, a4, 607
core   0: 1 0x0000000080004e1e (0x25f70713) x14 0x0000004d101d925f
core   0: 0x0000000080004e22 (0x036ede93) srli    t4, t4, 54
core   0: 1 0x0000000080004e22 (0x036ede93) x29 0x0000000000000000
core   0: 0x0000000080004e26 (0xd2070253) fcvt.d.w ft4, a4
core   0: 1 0x0000000080004e26 (0xd2070253) f4  0x41b01d925f000000
core   0: 0x0000000080004e2a (0x01d1113b) sllw    sp, sp, t4
core   0: 1 0x0000000080004e2a (0x01d1113b) x2  0x000000007282fa00
core   0: 0x0000000080004e2e (0xc4e08717) auipc   a4, 0xc4e08
core   0: 1 0x0000000080004e2e (0xc4e08717) x14 0x0000000044e0ce2e
core   0: 0x0000000080004e32 (0x03cd75b3) remu    a1, s10, t3
core   0: 1 0x0000000080004e32 (0x03cd75b3) x11 0xfffffffffffff535
core   0: 0x0000000080004e36 (0x41990233) sub     tp, s2, s9
core   0: 1 0x0000000080004e36 (0x41990233) x4  0x7fffffd80a79e87c
core   0: 0x0000000080004e3a (0x40175913) srai    s2, a4, 1
core   0: 1 0x0000000080004e3a (0x40175913) x18 0x0000000022706717
core   0: 0x0000000080004e3e (0x4f8d26b7) lui     a3, 0x4f8d2
core   0: 1 0x0000000080004e3e (0x4f8d26b7) x13 0x000000004f8d2000
core   0: 0x0000000080004e42 (0x41738bbb) subw    s7, t2, s7
core   0: 1 0x0000000080004e42 (0x41738bbb) x23 0xfffffffffffff600
core   0: 0x0000000080004e46 (0x14183b73) csrrc   s6, sepc, a6
core   0: 1 0x0000000080004e46 (0x14183b73) x22 0x0000000000000000 c321_sepc 0x0000000000000000
core   0: 0x0000000080004e4a (0x0355813b) mulw    sp, a1, s5
core   0: 1 0x0000000080004e4a (0x0355813b) x2  0x0000000000000000
core   0: 0x0000000080004e4e (0x00d389bb) addw    s3, t2, a3
core   0: 1 0x0000000080004e4e (0x00d389bb) x19 0x000000004f8d2000
core   0: 0x0000000080004e52 (0xa2e20a53) fle.d   s4, ft4, fa4
core   0: 1 0x0000000080004e52 (0xa2e20a53) x20 0x0000000000000000
core   0: 0x0000000080004e56 (0x03376733) rem     a4, a4, s3
core   0: 1 0x0000000080004e56 (0x03376733) x14 0x0000000044e0ce2e
core   0: 0x0000000080004e5a (0x41a9d0bb) sraw    ra, s3, s10
core   0: 1 0x0000000080004e5a (0x41a9d0bb) x1  0x000000000000027c
core   0: 0x0000000080004e5e (0xd020fdd3) fcvt.s.l fs11, ra
core   0: 1 0x0000000080004e5e (0xd020fdd3) f27 0xffffffff441f0000
core   0: 0x0000000080004e62 (0x036dfab3) remu    s5, s11, s6
core   0: 1 0x0000000080004e62 (0x036dfab3) x21 0x0000000000000a00
core   0: 0x0000000080004e66 (0x02e637b3) mulhu   a5, a2, a4
core   0: 1 0x0000000080004e66 (0x02e637b3) x15 0x0000000000000000
core   0: 0x0000000080004e6a (0x0c6af613) andi    a2, s5, 198
core   0: 1 0x0000000080004e6a (0x0c6af613) x12 0x0000000000000000
core   0: 0x0000000080004e6e (0x0010531b) srliw   t1, zero, 1
core   0: 1 0x0000000080004e6e (0x0010531b) x6  0x0000000000000000
core   0: 0x0000000080004e72 (0x031cc0bb) divw    ra, s9, a7
core   0: 1 0x0000000080004e72 (0x031cc0bb) x1  0xfffffffffffffffb
core   0: 0x0000000080004e76 (0xd230f053) fcvt.d.lu ft0, ra
core   0: 1 0x0000000080004e76 (0xd230f053) c1_fflags 0x0000000000000013 f0  0x43f0000000000000
core   0: 0x0000000080004e7a (0xf2020453) fmv.d.x fs0, tp
core   0: 1 0x0000000080004e7a (0xf2020453) f8  0x7fffffd80a79e87c
core   0: 0x0000000080004e7e (0x39b0fe13) andi    t3, ra, 923
core   0: 1 0x0000000080004e7e (0x39b0fe13) x28 0x000000000000039b
core   0: 0x0000000080004e82 (0x42000c53) fcvt.d.s fs8, ft0
core   0: 1 0x0000000080004e82 (0x42000c53) f24 0x7ff8000000000000
core   0: 0x0000000080004e86 (0xd20989d3) fcvt.d.w fs3, s3
core   0: 1 0x0000000080004e86 (0xd20989d3) f19 0x41d3e34800000000
core   0: 0x0000000080004e8a (0x00139bf3) csrrw   s7, fflags, t2
core   0: 1 0x0000000080004e8a (0x00139bf3) x23 0x0000000000000013 c1_fflags 0x0000000000000000
core   0: 0x0000000080004e8e (0x42040053) fcvt.d.s ft0, fs0
core   0: 1 0x0000000080004e8e (0x42040053) f0  0x7ff8000000000000
core   0: 0x0000000080004e92 (0x1adffdd3) fdiv.d  fs11, ft11, fa3
core   0: 1 0x0000000080004e92 (0x1adffdd3) f27 0x7ff8000000000000
core   0: 0x0000000080004e96 (0x96522917) auipc   s2, 0x96522
core   0: 1 0x0000000080004e96 (0x96522917) x18 0x0000000016526e96
core   0: 0x0000000080004e9a (0xd03a75d3) fcvt.s.lu fa1, s4
core   0: 1 0x0000000080004e9a (0xd03a75d3) f11 0xffffffff00000000
core   0: 0x0000000080004e9e (0x02451cb3) mulh    s9, a0, tp
core   0: 1 0x0000000080004e9e (0x02451cb3) x25 0x0000000000000000
core   0: 0x0000000080004ea2 (0x01ab50bb) srlw    ra, s6, s10
core   0: 1 0x0000000080004ea2 (0x01ab50bb) x1  0x0000000000000000
core   0: 0x0000000080004ea6 (0xa2a70053) fle.d   zero, fa4, fa0
core   0: 1 0x0000000080004ea6 (0xa2a70053) c1_fflags 0x0000000000000010
core   0: 0x0000000080004eaa (0x417bd2bb) sraw    t0, s7, s7
core   0: 1 0x0000000080004eaa (0x417bd2bb) x5  0x0000000000000000
core   0: 0x0000000080004eae (0xc2367cd3) fcvt.lu.d s9, fa2
core   0: 1 0x0000000080004eae (0xc2367cd3) c1_fflags 0x0000000000000010 x25 0xffffffffffffffff
core   0: 0x0000000080004eb2 (0x415cdcb3) sra     s9, s9, s5
core   0: 1 0x0000000080004eb2 (0x415cdcb3) x25 0xffffffffffffffff
core   0: 0x0000000080004eb6 (0x00f79333) sll     t1, a5, a5
core   0: 1 0x0000000080004eb6 (0x00f79333) x6  0x0000000000000000
core   0: 0x0000000080004eba (0xfee7f0b7) lui     ra, 0xfee7f
core   0: 1 0x0000000080004eba (0xfee7f0b7) x1  0xfffffffffee7f000
core   0: 0x0000000080004ebe (0xf430809b) addiw   ra, ra, -189
core   0: 1 0x0000000080004ebe (0xf430809b) x1  0xfffffffffee7ef43
core   0: 0x0000000080004ec2 (0x000000b2) c.slli  ra, 12
core   0: 1 0x0000000080004ec2 (0x00b2) x1  0xffffffee7ef43000
core   0: 0x0000000080004ec4 (0x10608093) addi    ra, ra, 262
core   0: 1 0x0000000080004ec4 (0x10608093) x1  0xffffffee7ef43106
core   0: 0x0000000080004ec8 (0x00202a73) csrrs   s4, frm, zero
core   0: 1 0x0000000080004ec8 (0x00202a73) x20 0x0000000000000000
core   0: 0x0000000080004ecc (0x1bfcf953) fdiv.d  fs2, fs9, ft11
core   0: 1 0x0000000080004ecc (0x1bfcf953) f18 0x7ff8000000000000
core   0: 0x0000000080004ed0 (0x032876d3) fadd.d  fa3, fa6, fs2
core   0: 1 0x0000000080004ed0 (0x032876d3) f13 0x7ff8000000000000
core   0: 0x0000000080004ed4 (0x22f7f247) fmsub.d ft4, fa5, fa5, ft4
core   0: 1 0x0000000080004ed4 (0x22f7f247) f4  0x7ff8000000000000
core   0: 0x0000000080004ed8 (0x03add63b) divuw   a2, s11, s10
core   0: 1 0x0000000080004ed8 (0x03add63b) x12 0x0000000000000000
core   0: 0x0000000080004edc (0x00fc1e9b) slliw   t4, s8, 15
core   0: 1 0x0000000080004edc (0x00fc1e9b) x29 0x0000000000038000
core   0: 0x0000000080004ee0 (0x0a40f2d3) fsub.d  ft5, ft1, ft4
core   0: 1 0x0000000080004ee0 (0x0a40f2d3) f5  0x7ff8000000000000
core   0: 0x0000000080004ee4 (0x03d4b4b3) mulhu   s1, s1, t4
core   0: 1 0x0000000080004ee4 (0x03d4b4b3) x9  0x0000000000000000
core   0: 0x0000000080004ee8 (0xc0287853) fcvt.l.s a6, fa6
core   0: 1 0x0000000080004ee8 (0xc0287853) c1_fflags 0x0000000000000010 x16 0x7fffffffffffffff
core   0: 0x0000000080004eec (0x1c470893) addi    a7, a4, 452
core   0: 1 0x0000000080004eec (0x1c470893) x17 0x0000000044e0cff2
core   0: 0x0000000080004ef0 (0x025ffa53) fadd.d  fs4, ft11, ft5
core   0: 1 0x0000000080004ef0 (0x025ffa53) f20 0x7ff8000000000000
core   0: 0x0000000080004ef4 (0x03468b33) mul     s6, a3, s4
core   0: 1 0x0000000080004ef4 (0x03468b33) x22 0x0000000000000000
core   0: 0x0000000080004ef8 (0x225fa153) fsgnjx.d ft2, ft11, ft5
core   0: 1 0x0000000080004ef8 (0x225fa153) f2  0xffffffff00000000
core   0: 0x0000000080004efc (0x02fae2b3) rem     t0, s5, a5
core   0: 1 0x0000000080004efc (0x02fae2b3) x5  0x0000000000000a00
core   0: 0x0000000080004f00 (0xd228fbd3) fcvt.d.l fs7, a7
core   0: 1 0x0000000080004f00 (0xd228fbd3) f23 0x41d13833fc800000
core   0: 0x0000000080004f04 (0xc02f7153) fcvt.l.s sp, ft10
core   0: 1 0x0000000080004f04 (0xc02f7153) c1_fflags 0x0000000000000010 x2  0x7fffffffffffffff
core   0: 0x0000000080004f08 (0xc03b7e53) fcvt.lu.s t3, fs6
core   0: 1 0x0000000080004f08 (0xc03b7e53) c1_fflags 0x0000000000000010 x28 0xffffffffffffffff
core   0: 0x0000000080004f0c (0x03774533) div     a0, a4, s7
core   0: 1 0x0000000080004f0c (0x03774533) x10 0x0000000003a00ada
core   0: 0x0000000080004f10 (0x40065013) srai    zero, a2, 0
core   0: 1 0x0000000080004f10 (0x40065013)
core   0: 0x0000000080004f14 (0xc21bf9d3) fcvt.wu.d s3, fs7
core   0: 1 0x0000000080004f14 (0xc21bf9d3) x19 0x0000000044e0cff2
core   0: 0x0000000080004f18 (0x0218edb3) rem     s11, a7, ra
core   0: 1 0x0000000080004f18 (0x0218edb3) x27 0x0000000044e0cff2
core   0: 0x0000000080004f1c (0xc02a7d53) fcvt.l.s s10, fs4
core   0: 1 0x0000000080004f1c (0xc02a7d53) c1_fflags 0x0000000000000010 x26 0x7fffffffffffffff
core   0: 0x0000000080004f20 (0x0122e2b3) or      t0, t0, s2
core   0: 1 0x0000000080004f20 (0x0122e2b3) x5  0x0000000016526e96
core   0: 0x0000000080004f24 (0x00038bb3) add     s7, t2, zero
core   0: 1 0x0000000080004f24 (0x00038bb3) x23 0x0000000000000000
core   0: 0x0000000080004f28 (0x0179d0bb) srlw    ra, s3, s7
core   0: 1 0x0000000080004f28 (0x0179d0bb) x1  0x0000000044e0cff2
core   0: 0x0000000080004f2c (0x013da933) slt     s2, s11, s3
core   0: 1 0x0000000080004f2c (0x013da933) x18 0x0000000000000000
core   0: 0x0000000080004f30 (0x004c9833) sll     a6, s9, tp
core   0: 1 0x0000000080004f30 (0x004c9833) x16 0xf000000000000000
core   0: 0x0000000080004f34 (0xa3ecfcc7) fmsub.d fs9, fs9, ft10, fs4
core   0: 1 0x0000000080004f34 (0xa3ecfcc7) f25 0x7ff8000000000000
core   0: 0x0000000080004f38 (0xa22c81d3) fle.d   gp, fs9, ft2
core   0: 1 0x0000000080004f38 (0xa22c81d3) c1_fflags 0x0000000000000010 x3  0x0000000000000000
core   0: 0x0000000080004f3c (0x7a317913) andi    s2, sp, 1955
core   0: 1 0x0000000080004f3c (0x7a317913) x18 0x00000000000007a3
core   0: 0x0000000080004f40 (0x0199a4b7) lui     s1, 0x199a
core   0: 1 0x0000000080004f40 (0x0199a4b7) x9  0x000000000199a000
core   0: 0x0000000080004f44 (0x8a54849b) addiw   s1, s1, -1883
core   0: 1 0x0000000080004f44 (0x8a54849b) x9  0x00000000019998a5
core   0: 0x0000000080004f48 (0x000004b2) c.slli  s1, 12
core   0: 1 0x0000000080004f48 (0x04b2) x9  0x00000019998a5000
core   0: 0x0000000080004f4a (0x84748493) addi    s1, s1, -1977
core   0: 1 0x0000000080004f4a (0x84748493) x9  0x00000019998a4847
core   0: 0x0000000080004f4e (0xd024fb53) fcvt.s.l fs6, s1
core   0: 1 0x0000000080004f4e (0xd024fb53) c1_fflags 0x0000000000000011 f22 0xffffffff51cccc52
core   0: 0x0000000080004f52 (0x00fc57bb) srlw    a5, s8, a5
core   0: 1 0x0000000080004f52 (0x00fc57bb) x15 0x0000000000000007
core   0: 0x0000000080004f56 (0x237e8bd3) fsgnj.d fs7, ft9, fs7
core   0: 1 0x0000000080004f56 (0x237e8bd3) f23 0x7ff8000000000000
core   0: 0x0000000080004f5a (0xfff8f893) andi    a7, a7, -1
core   0: 1 0x0000000080004f5a (0xfff8f893) x17 0x0000000044e0cff2
core   0: 0x0000000080004f5e (0x022a003b) mulw    zero, s4, sp
core   0: 1 0x0000000080004f5e (0x022a003b)
core   0: 0x0000000080004f62 (0x03413333) mulhu   t1, sp, s4
core   0: 1 0x0000000080004f62 (0x03413333) x6  0x0000000000000000
core   0: 0x0000000080004f66 (0x022cebb3) rem     s7, s9, sp
core   0: 1 0x0000000080004f66 (0x022cebb3) x23 0xffffffffffffffff
core   0: 0x0000000080004f6a (0x04d7f513) andi    a0, a5, 77
core   0: 1 0x0000000080004f6a (0x04d7f513) x10 0x0000000000000005
core   0: 0x0000000080004f6e (0x9d5d7e93) andi    t4, s10, -1579
core   0: 1 0x0000000080004f6e (0x9d5d7e93) x29 0x7ffffffffffff9d5
core   0: 0x0000000080004f72 (0x0013d11b) srliw   sp, t2, 1
core   0: 1 0x0000000080004f72 (0x0013d11b) x2  0x0000000000000000
core   0: 0x0000000080004f76 (0x001d17f3) csrrw   a5, fflags, s10
core   0: 1 0x0000000080004f76 (0x001d17f3) x15 0x0000000000000011 c1_fflags 0x000000000000001f
core   0: 0x0000000080004f7a (0x12b071d3) fmul.d  ft3, ft0, fa1
core   0: 1 0x0000000080004f7a (0x12b071d3) f3  0x7ff8000000000000
core   0: 0x0000000080004f7e (0x22318353) fsgnj.d ft6, ft3, ft3
core   0: 1 0x0000000080004f7e (0x22318353) f6  0x7ff8000000000000
core   0: 0x0000000080004f82 (0x43fb5693) srai    a3, s6, 63
core   0: 1 0x0000000080004f82 (0x43fb5693) x13 0x0000000000000000
core   0: 0x0000000080004f86 (0xa2600753) fle.d   a4, ft0, ft6
core   0: 1 0x0000000080004f86 (0xa2600753) c1_fflags 0x000000000000001f x14 0x0000000000000000
core   0: 0x0000000080004f8a (0x00149313) slli    t1, s1, 1
core   0: 1 0x0000000080004f8a (0x00149313) x6  0x000000333314908e
core   0: 0x0000000080004f8e (0x026372d3) fadd.d  ft5, ft6, ft6
core   0: 1 0x0000000080004f8e (0x026372d3) f5  0x7ff8000000000000
core   0: 0x0000000080004f92 (0x020a59bb) divuw   s3, s4, zero
core   0: 1 0x0000000080004f92 (0x020a59bb) x19 0xffffffffffffffff
core   0: 0x0000000080004f96 (0x340ffdf3) csrrci  s11, mscratch, 31
core   0: exception trap_illegal_instruction, epc 0x0000000080004f96
core   0:           tval 0x00000000340ffdf3
core   0: >>>>  $xrv64i2p1_m2p0_a2p1_f2p2_d2p2_zicsr2p0_zifencei2p0_zmmul1p0_zba1p0_zbb1p0_zbc1p0_zbs1p0
core   0: 0x0000000080004000 (0x0080006f) j       pc + 0x8
core   0: 3 0x0000000080004000 (0x0080006f)
core   0: >>>>  mmode_exception_handler
core   0: 0x0000000080004008 (0x00002c17) auipc   s8, 0x2
core   0: 3 0x0000000080004008 (0x00002c17) x24 0x0000000080006008
core   0: 0x000000008000400c (0x078c0c13) addi    s8, s8, 120
core   0: 3 0x000000008000400c (0x078c0c13) x24 0x0000000080006080
core   0: 0x0000000080004010 (0x000c00e7) jalr    s8
core   0: 3 0x0000000080004010 (0x000c00e7) x1  0x0000000080004014
core   0: >>>>  any_handler
core   0: 0x0000000080006080 (0x341027f3) csrrs   a5, mepc, zero
core   0: 3 0x0000000080006080 (0x341027f3) x15 0x0000000080004f96
core   0: 0x0000000080006084 (0x34202773) csrrs   a4, mcause, zero
core   0: 3 0x0000000080006084 (0x34202773) x14 0x0000000000000002
core   0: 0x0000000080006088 (0x142026f3) csrrs   a3, scause, zero
core   0: 3 0x0000000080006088 (0x142026f3) x13 0x0000000000000000
core   0: 0x000000008000608c (0x30402673) csrrs   a2, mie, zero
core   0: 3 0x000000008000608c (0x30402673) x12 0x0000000000000a00
core   0: 0x0000000080006090 (0x344025f3) csrrs   a1, mip, zero
core   0: 3 0x0000000080006090 (0x344025f3) x11 0x0000000000000080
core   0: 0x0000000080006094 (0x343025f3) csrrs   a1, mtval, zero
core   0: 3 0x0000000080006094 (0x343025f3) x11 0x00000000340ffdf3
core   0: 0x0000000080006098 (0x14302573) csrrs   a0, stval, zero
core   0: 3 0x0000000080006098 (0x14302573) x10 0x0000000000000000
core   0: 0x000000008000609c (0xb02024f3) csrrs   s1, minstret, zero
core   0: 3 0x000000008000609c (0xb02024f3) x9  0x0000000000000d35
core   0: 0x00000000800060a0 (0x0000a811) c.j     pc + 20
core   0: 3 0x00000000800060a0 (0xa811)
core   0: >>>>  mepc_4
core   0: 0x00000000800060b4 (0x00000791) c.addi  a5, 4
core   0: 3 0x00000000800060b4 (0x0791) x15 0x0000000080004f9a
core   0: 0x00000000800060b6 (0x34179073) csrrw   zero, mepc, a5
core   0: 3 0x00000000800060b6 (0x34179073) c833_mepc 0x0000000080004f9a
core   0: 0x00000000800060ba (0x30200073) mret
core   0: 3 0x00000000800060ba (0x30200073) c768_mstatus 0x8000000a00106080
core   0: 0x0000000080004f9a (0x34406c73) csrrsi  s8, mip, 0
core   0: exception trap_illegal_instruction, epc 0x0000000080004f9a
core   0:           tval 0x0000000034406c73
core   0: >>>>  $xrv64i2p1_m2p0_a2p1_f2p2_d2p2_zicsr2p0_zifencei2p0_zmmul1p0_zba1p0_zbb1p0_zbc1p0_zbs1p0
core   0: 0x0000000080004000 (0x0080006f) j       pc + 0x8
core   0: 3 0x0000000080004000 (0x0080006f)
core   0: >>>>  mmode_exception_handler
core   0: 0x0000000080004008 (0x00002c17) auipc   s8, 0x2
core   0: 3 0x0000000080004008 (0x00002c17) x24 0x0000000080006008
core   0: 0x000000008000400c (0x078c0c13) addi    s8, s8, 120
core   0: 3 0x000000008000400c (0x078c0c13) x24 0x0000000080006080
core   0: 0x0000000080004010 (0x000c00e7) jalr    s8
core   0: 3 0x0000000080004010 (0x000c00e7) x1  0x0000000080004014
core   0: >>>>  any_handler
core   0: 0x0000000080006080 (0x341027f3) csrrs   a5, mepc, zero
core   0: 3 0x0000000080006080 (0x341027f3) x15 0x0000000080004f9a
core   0: 0x0000000080006084 (0x34202773) csrrs   a4, mcause, zero
core   0: 3 0x0000000080006084 (0x34202773) x14 0x0000000000000002
core   0: 0x0000000080006088 (0x142026f3) csrrs   a3, scause, zero
core   0: 3 0x0000000080006088 (0x142026f3) x13 0x0000000000000000
core   0: 0x000000008000608c (0x30402673) csrrs   a2, mie, zero
core   0: 3 0x000000008000608c (0x30402673) x12 0x0000000000000a00
core   0: 0x0000000080006090 (0x344025f3) csrrs   a1, mip, zero
core   0: 3 0x0000000080006090 (0x344025f3) x11 0x0000000000000080
core   0: 0x0000000080006094 (0x343025f3) csrrs   a1, mtval, zero
core   0: 3 0x0000000080006094 (0x343025f3) x11 0x0000000034406c73
core   0: 0x0000000080006098 (0x14302573) csrrs   a0, stval, zero
core   0: 3 0x0000000080006098 (0x14302573) x10 0x0000000000000000
core   0: 0x000000008000609c (0xb02024f3) csrrs   s1, minstret, zero
core   0: 3 0x000000008000609c (0xb02024f3) x9  0x0000000000000d45
core   0: 0x00000000800060a0 (0x0000a811) c.j     pc + 20
core   0: 3 0x00000000800060a0 (0xa811)
core   0: >>>>  mepc_4
core   0: 0x00000000800060b4 (0x00000791) c.addi  a5, 4
core   0: 3 0x00000000800060b4 (0x0791) x15 0x0000000080004f9e
core   0: 0x00000000800060b6 (0x34179073) csrrw   zero, mepc, a5
core   0: 3 0x00000000800060b6 (0x34179073) c833_mepc 0x0000000080004f9e
core   0: 0x00000000800060ba (0x30200073) mret
core   0: 3 0x00000000800060ba (0x30200073) c768_mstatus 0x8000000a00106080
core   0: 0x0000000080004f9e (0x04b89637) lui     a2, 0x4b89
core   0: 1 0x0000000080004f9e (0x04b89637) x12 0x0000000004b89000
core   0: 0x0000000080004fa2 (0x7276061b) addiw   a2, a2, 1831
core   0: 1 0x0000000080004fa2 (0x7276061b) x12 0x0000000004b89727
core   0: 0x0000000080004fa6 (0x00000632) c.slli  a2, 12
core   0: 1 0x0000000080004fa6 (0x0632) x12 0x0000004b89727000
core   0: 0x0000000080004fa8 (0x9fe60613) addi    a2, a2, -1538
core   0: 1 0x0000000080004fa8 (0x9fe60613) x12 0x0000004b897269fe
core   0: 0x0000000080004fac (0xa20e0cd3) fle.d   s9, ft8, ft0
core   0: 1 0x0000000080004fac (0xa20e0cd3) c1_fflags 0x000000000000001f x25 0x0000000000000000
core   0: 0x0000000080004fb0 (0x02bc85b3) mul     a1, s9, a1
core   0: 1 0x0000000080004fb0 (0x02bc85b3) x11 0x0000000000000000
core   0: 0x0000000080004fb4 (0x039886b3) mul     a3, a7, s9
core   0: 1 0x0000000080004fb4 (0x039886b3) x13 0x0000000000000000
core   0: 0x0000000080004fb8 (0x40035613) srai    a2, t1, 0
core   0: 1 0x0000000080004fb8 (0x40035613) x12 0x000000333314908e
core   0: 0x0000000080004fbc (0x01665c13) srli    s8, a2, 22
core   0: 1 0x0000000080004fbc (0x01665c13) x24 0x000000000000cccc
core   0: 0x0000000080004fc0 (0x00000001) c.nop
core   0: 1 0x0000000080004fc0 (0x0001)
core   0: 0x0000000080004fc2 (0x41b4543b) sraw    s0, s0, s11
core   0: 1 0x0000000080004fc2 (0x41b4543b) x8  0x0000000000000000
core   0: 0x0000000080004fc6 (0x03f51a93) slli    s5, a0, 63
core   0: 1 0x0000000080004fc6 (0x03f51a93) x21 0x0000000000000000
core   0: 0x0000000080004fca (0x020afd33) remu    s10, s5, zero
core   0: 1 0x0000000080004fca (0x020afd33) x26 0x0000000000000000
core   0: 0x0000000080004fce (0xd233f3d3) fcvt.d.lu ft7, t2
core   0: 1 0x0000000080004fce (0xd233f3d3) f7  0x0000000000000000
core   0: 0x0000000080004fd2 (0x002a11f3) csrrw   gp, frm, s4
core   0: 1 0x0000000080004fd2 (0x002a11f3) x3  0x0000000000000000 c2_frm 0x0000000000000000
core   0: 0x0000000080004fd6 (0x42060dd3) fcvt.d.s fs11, fa2
core   0: 1 0x0000000080004fd6 (0x42060dd3) f27 0x7ff8000000000000
core   0: 0x0000000080004fda (0x00202673) csrrs   a2, frm, zero
core   0: 1 0x0000000080004fda (0x00202673) x12 0x0000000000000000
core   0: 0x0000000080004fde (0x00202b73) csrrs   s6, frm, zero
core   0: 1 0x0000000080004fde (0x00202b73) x22 0x0000000000000000
core   0: 0x0000000080004fe2 (0x73ebe893) ori     a7, s7, 1854
core   0: 1 0x0000000080004fe2 (0x73ebe893) x17 0xffffffffffffffff
core   0: 0x0000000080004fe6 (0x1ac37bd3) fdiv.d  fs7, ft6, fa2
core   0: 1 0x0000000080004fe6 (0x1ac37bd3) f23 0x7ff8000000000000
core   0: 0x0000000080004fea (0xd21b82d3) fcvt.d.wu ft5, s7
core   0: 1 0x0000000080004fea (0xd21b82d3) f5  0x41efffffffe00000
core   0: 0x0000000080004fee (0xc23e78d3) fcvt.lu.d a7, ft8
core   0: 1 0x0000000080004fee (0xc23e78d3) c1_fflags 0x000000000000001f x17 0x0000000000000000
core   0: 0x0000000080004ff2 (0x40b65093) srai    ra, a2, 11
core   0: 1 0x0000000080004ff2 (0x40b65093) x1  0x0000000000000000
core   0: 0x0000000080004ff6 (0x001029f3) csrrs   s3, fflags, zero
core   0: 1 0x0000000080004ff6 (0x001029f3) x19 0x000000000000001f
core   0: 0x0000000080004ffa (0xd02d7c53) fcvt.s.l fs8, s10
core   0: 1 0x0000000080004ffa (0xd02d7c53) f24 0xffffffff00000000
core   0: 0x0000000080004ffe (0x0079949b) slliw   s1, s3, 7
core   0: 1 0x0000000080004ffe (0x0079949b) x9  0x0000000000000f80
core   0: 0x0000000080005002 (0xb45d76b7) lui     a3, 0xb45d7
core   0: 1 0x0000000080005002 (0xb45d76b7) x13 0xffffffffb45d7000
core   0: 0x0000000080005006 (0x0ff0000f) fence   iorw,iorw
core   0: 1 0x0000000080005006 (0x0ff0000f)
core   0: 0x000000008000500a (0x00000001) c.nop
core   0: 1 0x000000008000500a (0x0001)
core   0: 0x000000008000500c (0x020d5b33) divu    s6, s10, zero
core   0: 1 0x000000008000500c (0x020d5b33) x22 0xffffffffffffffff
core   0: 0x0000000080005010 (0x00e5a233) slt     tp, a1, a4
core   0: 1 0x0000000080005010 (0x00e5a233) x4  0x0000000000000001
core   0: 0x0000000080005014 (0x00009d62) c.add   s10, s8
core   0: 1 0x0000000080005014 (0x9d62) x26 0x000000000000cccc
core   0: 0x0000000080005016 (0xc20c70d3) fcvt.w.d ra, fs8
core   0: 1 0x0000000080005016 (0xc20c70d3) c1_fflags 0x000000000000001f x1  0x000000007fffffff
core   0: 0x000000008000501a (0x420c0753) fcvt.d.s fa4, fs8
core   0: 1 0x000000008000501a (0x420c0753) f14 0x0000000000000000
core   0: 0x000000008000501e (0xd224fbd3) fcvt.d.l fs7, s1
core   0: 1 0x000000008000501e (0xd224fbd3) f23 0x40af000000000000
core   0: 0x0000000080005022 (0x5a0572d3) fsqrt.d ft5, fa0
core   0: 1 0x0000000080005022 (0x5a0572d3) f5  0x7ff8000000000000
core   0: 0x0000000080005026 (0x00f3f233) and     tp, t2, a5
core   0: 1 0x0000000080005026 (0x00f3f233) x4  0x0000000000000000
core   0: 0x000000008000502a (0x011297bb) sllw    a5, t0, a7
core   0: 1 0x000000008000502a (0x011297bb) x15 0x0000000016526e96
core   0: 0x000000008000502e (0xff756237) lui     tp, 0xff756
core   0: 1 0x000000008000502e (0xff756237) x4  0xffffffffff756000
core   0: 0x0000000080005032 (0x3912021b) addiw   tp, tp, 913
core   0: 1 0x0000000080005032 (0x3912021b) x4  0xffffffffff756391
core   0: 0x0000000080005036 (0x00000236) c.slli  tp, 13
core   0: 1 0x0000000080005036 (0x0236) x4  0xffffffeeac722000
core   0: 0x0000000080005038 (0x36b20213) addi    tp, tp, 875
core   0: 1 0x0000000080005038 (0x36b20213) x4  0xffffffeeac72236b
core   0: 0x000000008000503c (0x00fe81b3) add     gp, t4, a5
core   0: 1 0x000000008000503c (0x00fe81b3) x3  0x800000001652686b
core   0: 0x0000000080005040 (0x0224d13b) divuw   sp, s1, sp
core   0: 1 0x0000000080005040 (0x0224d13b) x2  0xffffffffffffffff
core   0: 0x0000000080005044 (0x126b7f4b) fnmsub.d ft10, fs6, ft6, ft2
core   0: 1 0x0000000080005044 (0x126b7f4b) f30 0x7ff8000000000000
core   0: 0x0000000080005048 (0x00361633) sll     a2, a2, gp
core   0: 1 0x0000000080005048 (0x00361633) x12 0x0000000000000000
core   0: 0x000000008000504c (0xc22f7153) fcvt.l.d sp, ft10
core   0: 1 0x000000008000504c (0xc22f7153) c1_fflags 0x000000000000001f x2  0x7fffffffffffffff
core   0: 0x0000000080005050 (0xc20b7cd3) fcvt.w.d s9, fs6
core   0: 1 0x0000000080005050 (0xc20b7cd3) c1_fflags 0x000000000000001f x25 0x000000007fffffff
core   0: 0x0000000080005054 (0x2f4f1197) auipc   gp, 0x2f4f1
core   0: 1 0x0000000080005054 (0x2f4f1197) x3  0x00000000af4f6054
core   0: 0x0000000080005058 (0x2ac80d53) fmin.d  fs10, fa6, fa2
core   0: 1 0x0000000080005058 (0x2ac80d53) f26 0x0000000000000000
core   0: 0x000000008000505c (0x01336633) or      a2, t1, s3
core   0: 1 0x000000008000505c (0x01336633) x12 0x000000333314909f
core   0: 0x0000000080005060 (0x03ca7ebb) remuw   t4, s4, t3
core   0: 1 0x0000000080005060 (0x03ca7ebb) x29 0x0000000000000000
core   0: 0x0000000080005064 (0x02013e33) mulhu   t3, sp, zero
core   0: 1 0x0000000080005064 (0x02013e33) x28 0x0000000000000000
core   0: 0x0000000080005068 (0x82de784f) fnmadd.d fa6, ft8, fa3, fa6
core   0: 1 0x0000000080005068 (0x82de784f) f16 0x7ff8000000000000
core   0: 0x000000008000506c (0x40ce5a9b) sraiw   s5, t3, 12
core   0: 1 0x000000008000506c (0x40ce5a9b) x21 0x0000000000000000
core   0: 0x0000000080005070 (0x41ce0abb) subw    s5, t3, t3
core   0: 1 0x0000000080005070 (0x41ce0abb) x21 0x0000000000000000
core   0: 0x0000000080005074 (0xc219f9d3) fcvt.wu.d s3, fs3
core   0: 1 0x0000000080005074 (0xc219f9d3) x19 0x000000004f8d2000
core   0: 0x0000000080005078 (0x00189af3) csrrw   s5, fflags, a7
core   0: 1 0x0000000080005078 (0x00189af3) x21 0x000000000000001f c1_fflags 0x0000000000000000
core   0: 0x000000008000507c (0x00e92d33) slt     s10, s2, a4
core   0: 1 0x000000008000507c (0x00e92d33) x26 0x0000000000000000
core   0: 0x0000000080005080 (0x03da7e53) fadd.d  ft8, fs4, ft9
core   0: 1 0x0000000080005080 (0x03da7e53) f28 0x7ff8000000000000
core   0: 0x0000000080005084 (0x002d119b) slliw   gp, s10, 2
core   0: 1 0x0000000080005084 (0x002d119b) x3  0x0000000000000000
core   0: 0x0000000080005088 (0xc04197f3) csrrw   a5, hpmcounter4, gp
core   0: exception trap_illegal_instruction, epc 0x0000000080005088
core   0:           tval 0x00000000c04197f3
core   0: >>>>  $xrv64i2p1_m2p0_a2p1_f2p2_d2p2_zicsr2p0_zifencei2p0_zmmul1p0_zba1p0_zbb1p0_zbc1p0_zbs1p0
core   0: 0x0000000080004000 (0x0080006f) j       pc + 0x8
core   0: 3 0x0000000080004000 (0x0080006f)
core   0: >>>>  mmode_exception_handler
core   0: 0x0000000080004008 (0x00002c17) auipc   s8, 0x2
core   0: 3 0x0000000080004008 (0x00002c17) x24 0x0000000080006008
core   0: 0x000000008000400c (0x078c0c13) addi    s8, s8, 120
core   0: 3 0x000000008000400c (0x078c0c13) x24 0x0000000080006080
core   0: 0x0000000080004010 (0x000c00e7) jalr    s8
core   0: 3 0x0000000080004010 (0x000c00e7) x1  0x0000000080004014
core   0: >>>>  any_handler
core   0: 0x0000000080006080 (0x341027f3) csrrs   a5, mepc, zero
core   0: 3 0x0000000080006080 (0x341027f3) x15 0x0000000080005088
core   0: 0x0000000080006084 (0x34202773) csrrs   a4, mcause, zero
core   0: 3 0x0000000080006084 (0x34202773) x14 0x0000000000000002
core   0: 0x0000000080006088 (0x142026f3) csrrs   a3, scause, zero
core   0: 3 0x0000000080006088 (0x142026f3) x13 0x0000000000000000
core   0: 0x000000008000608c (0x30402673) csrrs   a2, mie, zero
core   0: 3 0x000000008000608c (0x30402673) x12 0x0000000000000a00
core   0: 0x0000000080006090 (0x344025f3) csrrs   a1, mip, zero
core   0: 3 0x0000000080006090 (0x344025f3) x11 0x0000000000000080
core   0: 0x0000000080006094 (0x343025f3) csrrs   a1, mtval, zero
core   0: 3 0x0000000080006094 (0x343025f3) x11 0x00000000c04197f3
core   0: 0x0000000080006098 (0x14302573) csrrs   a0, stval, zero
core   0: 3 0x0000000080006098 (0x14302573) x10 0x0000000000000000
core   0: 0x000000008000609c (0xb02024f3) csrrs   s1, minstret, zero
core   0: 3 0x000000008000609c (0xb02024f3) x9  0x0000000000000d92
core   0: 0x00000000800060a0 (0x0000a811) c.j     pc + 20
core   0: 3 0x00000000800060a0 (0xa811)
core   0: >>>>  mepc_4
core   0: 0x00000000800060b4 (0x00000791) c.addi  a5, 4
core   0: 3 0x00000000800060b4 (0x0791) x15 0x000000008000508c
core   0: 0x00000000800060b6 (0x34179073) csrrw   zero, mepc, a5
core   0: 3 0x00000000800060b6 (0x34179073) c833_mepc 0x000000008000508c
core   0: 0x00000000800060ba (0x30200073) mret
core   0: 3 0x00000000800060ba (0x30200073) c768_mstatus 0x8000000a00106080
core   0: 0x000000008000508c (0x5a027cd3) fsqrt.d fs9, ft4
core   0: 1 0x000000008000508c (0x5a027cd3) f25 0x7ff8000000000000
core   0: 0x0000000080005090 (0xaa230313) addi    t1, t1, -1374
core   0: 1 0x0000000080005090 (0xaa230313) x6  0x0000003333148b30
core   0: 0x0000000080005094 (0xc98918b7) lui     a7, 0xc9891
core   0: 1 0x0000000080005094 (0xc98918b7) x17 0xffffffffc9891000
core   0: 0x0000000080005098 (0xd02dffd3) fcvt.s.l ft11, s11
core   0: 1 0x0000000080005098 (0xd02dffd3) c1_fflags 0x0000000000000001 f31 0xffffffff4e89c1a0
core   0: 0x000000008000509c (0xd238f753) fcvt.d.lu fa4, a7
core   0: 1 0x000000008000509c (0xd238f753) f14 0x43effffffff93122
core   0: 0x00000000800050a0 (0x000d5713) srli    a4, s10, 0
core   0: 1 0x00000000800050a0 (0x000d5713) x14 0x0000000000000000
core   0: 0x00000000800050a4 (0x008bc333) xor     t1, s7, s0
core   0: 1 0x00000000800050a4 (0x008bc333) x6  0xffffffffffffffff
core   0: 0x00000000800050a8 (0x017311bb) sllw    gp, t1, s7
core   0: 1 0x00000000800050a8 (0x017311bb) x3  0xffffffff80000000
core   0: 0x00000000800050ac (0x00e012bb) sllw    t0, zero, a4
core   0: 1 0x00000000800050ac (0x00e012bb) x5  0x0000000000000000
core   0: 0x00000000800050b0 (0x00a2141b) slliw   s0, tp, 10
core   0: 1 0x00000000800050b0 (0x00a2141b) x8  0xffffffffc88dac00
core   0: 0x00000000800050b4 (0x039ff4d3) fadd.d  fs1, ft11, fs9
core   0: 1 0x00000000800050b4 (0x039ff4d3) f9  0x7ff8000000000000
core   0: 0x00000000800050b8 (0xe8404c93) xori    s9, zero, -380
core   0: 1 0x00000000800050b8 (0xe8404c93) x25 0xfffffffffffffe84
core   0: 0x00000000800050bc (0x4be77ac7) fmsub.d fs5, fa4, ft10, fs1
core   0: 1 0x00000000800050bc (0x4be77ac7) f21 0x7ff8000000000000
core   0: 0x00000000800050c0 (0x1234f6d3) fmul.d  fa3, fs1, ft3
core   0: 1 0x00000000800050c0 (0x1234f6d3) f13 0x7ff8000000000000
core   0: 0x00000000800050c4 (0x0058023b) addw    tp, a6, t0
core   0: 1 0x00000000800050c4 (0x0058023b) x4  0x0000000000000000
core   0: 0x00000000800050c8 (0xa2d6f3c3) fmadd.d ft7, fa3, fa3, fs4
core   0: 1 0x00000000800050c8 (0xa2d6f3c3) f7  0x7ff8000000000000
core   0: 0x00000000800050cc (0x0105d5bb) srlw    a1, a1, a6
core   0: 1 0x00000000800050cc (0x0105d5bb) x11 0xffffffffc04197f3
core   0: 0x00000000800050d0 (0xa3448cd3) fle.d   s9, fs1, fs4
core   0: 1 0x00000000800050d0 (0xa3448cd3) c1_fflags 0x0000000000000011 x25 0x0000000000000000
core   0: 0x00000000800050d4 (0x00032033) slt     zero, t1, zero
core   0: 1 0x00000000800050d4 (0x00032033)
core   0: 0x00000000800050d8 (0x03765d3b) divuw   s10, a2, s7
core   0: 1 0x00000000800050d8 (0x03765d3b) x26 0x0000000000000000
core   0: 0x00000000800050dc (0xba73f0c7) fmsub.d ft1, ft7, ft7, fs7
core   0: 1 0x00000000800050dc (0xba73f0c7) f1  0x7ff8000000000000
core   0: 0x00000000800050e0 (0x02a9793b) remuw   s2, s2, a0
core   0: 1 0x00000000800050e0 (0x02a9793b) x18 0x00000000000007a3
core   0: 0x00000000800050e4 (0xa5b965b7) lui     a1, 0xa5b96
core   0: 1 0x00000000800050e4 (0xa5b965b7) x11 0xffffffffa5b96000
core   0: 0x00000000800050e8 (0x0120d63b) srlw    a2, ra, s2
core   0: 1 0x00000000800050e8 (0x0120d63b) x12 0x0000000010000802
core   0: 0x00000000800050ec (0x236c9cd3) fsgnjn.d fs9, fs9, fs6
core   0: 1 0x00000000800050ec (0x236c9cd3) f25 0x7ff8000000000000
core   0: 0x00000000800050f0 (0x12237dd3) fmul.d  fs11, ft6, ft2
core   0: 1 0x00000000800050f0 (0x12237dd3) f27 0x7ff8000000000000
core   0: 0x00000000800050f4 (0x00202df3) csrrs   s11, frm, zero
core   0: 1 0x00000000800050f4 (0x00202df3) x27 0x0000000000000000
core   0: 0x00000000800050f8 (0x0ff6c393) xori    t2, a3, 255
core   0: 1 0x00000000800050f8 (0x0ff6c393) x7  0x00000000000000ff
core   0: 0x00000000800050fc (0x03f31513) slli    a0, t1, 63
core   0: 1 0x00000000800050fc (0x03f31513) x10 0x8000000000000000
core   0: 0x0000000080005100 (0x40650db3) sub     s11, a0, t1
core   0: 1 0x0000000080005100 (0x40650db3) x27 0x8000000000000001
core   0: 0x0000000080005104 (0x02f76133) rem     sp, a4, a5
core   0: 1 0x0000000080005104 (0x02f76133) x2  0x0000000000000000
core   0: 0x0000000080005108 (0x000bfbb3) and     s7, s7, zero
core   0: 1 0x0000000080005108 (0x000bfbb3) x23 0x0000000000000000
core   0: 0x000000008000510c (0xd21809d3) fcvt.d.wu fs3, a6
core   0: 1 0x000000008000510c (0xd21809d3) f19 0x0000000000000000
core   0: 0x0000000080005110 (0x22ee0953) fsgnj.d fs2, ft8, fa4
core   0: 1 0x0000000080005110 (0x22ee0953) f18 0x7ff8000000000000
core   0: 0x0000000080005114 (0x00317637) lui     a2, 0x317
core   0: 1 0x0000000080005114 (0x00317637) x12 0x0000000000317000
core   0: 0x0000000080005118 (0x2796061b) addiw   a2, a2, 633
core   0: 1 0x0000000080005118 (0x2796061b) x12 0x0000000000317279
core   0: 0x000000008000511c (0x00000632) c.slli  a2, 12
core   0: 1 0x000000008000511c (0x0632) x12 0x0000000317279000
core   0: 0x000000008000511e (0x47b60613) addi    a2, a2, 1147
core   0: 1 0x000000008000511e (0x47b60613) x12 0x000000031727947b
core   0: 0x0000000080005122 (0x2b2e9753) fmax.d  fa4, ft9, fs2
core   0: 1 0x0000000080005122 (0x2b2e9753) f14 0x7ff8000000000000
core   0: 0x0000000080005126 (0x02f11c33) mulh    s8, sp, a5
core   0: 1 0x0000000080005126 (0x02f11c33) x24 0x0000000000000000
core   0: 0x000000008000512a (0x01ac7b33) and     s6, s8, s10
core   0: 1 0x000000008000512a (0x01ac7b33) x22 0x0000000000000000
core   0: 0x000000008000512e (0x0009d993) srli    s3, s3, 0
core   0: 1 0x000000008000512e (0x0009d993) x19 0x000000004f8d2000
core   0: 0x0000000080005132 (0x00a9d49b) srliw   s1, s3, 10
core   0: 1 0x0000000080005132 (0x00a9d49b) x9  0x000000000013e348
core   0: 0x0000000080005136 (0xd21302d3) fcvt.d.wu ft5, t1
core   0: 1 0x0000000080005136 (0xd21302d3) f5  0x41efffffffe00000
core   0: 0x000000008000513a (0x0262873b) mulw    a4, t0, t1
core   0: 1 0x000000008000513a (0x0262873b) x14 0x0000000000000000
core   0: 0x000000008000513e (0x2b2080d3) fmin.d  ft1, ft1, fs2
core   0: 1 0x000000008000513e (0x2b2080d3) f1  0x7ff8000000000000
core   0: 0x0000000080005142 (0x00ad1033) sll     zero, s10, a0
core   0: 1 0x0000000080005142 (0x00ad1033)
core   0: 0x0000000080005146 (0x8e538393) addi    t2, t2, -1819
core   0: 1 0x0000000080005146 (0x8e538393) x7  0xfffffffffffff9e4
core   0: 0x000000008000514a (0x00f86833) or      a6, a6, a5
core   0: 1 0x000000008000514a (0x00f86833) x16 0xf00000008000508c
core   0: 0x000000008000514e (0x933f744b) fnmsub.d fs0, ft10, fs3, fs2
core   0: 1 0x000000008000514e (0x933f744b) f8  0x7ff8000000000000
core   0: 0x0000000080005152 (0x28060db7) lui     s11, 0x28060
core   0: 1 0x0000000080005152 (0x28060db7) x27 0x0000000028060000
core   0: 0x0000000080005156 (0x01b9c8b3) xor     a7, s3, s11
core   0: 1 0x0000000080005156 (0x01b9c8b3) x17 0x00000000678b2000
core   0: 0x000000008000515a (0x03a476bb) remuw   a3, s0, s10
core   0: 1 0x000000008000515a (0x03a476bb) x13 0xffffffffc88dac00
core   0: 0x000000008000515e (0x23892853) fsgnjx.d fa6, fs2, fs8
core   0: 1 0x000000008000515e (0x23892853) f16 0xfff8000000000000
core   0: 0x0000000080005162 (0x7470f5f3) csrrci  a1, mseccfg, 1
core   0: exception trap_illegal_instruction, epc 0x0000000080005162
core   0:           tval 0x000000007470f5f3
core   0: >>>>  $xrv64i2p1_m2p0_a2p1_f2p2_d2p2_zicsr2p0_zifencei2p0_zmmul1p0_zba1p0_zbb1p0_zbc1p0_zbs1p0
core   0: 0x0000000080004000 (0x0080006f) j       pc + 0x8
core   0: 3 0x0000000080004000 (0x0080006f)
core   0: >>>>  mmode_exception_handler
core   0: 0x0000000080004008 (0x00002c17) auipc   s8, 0x2
core   0: 3 0x0000000080004008 (0x00002c17) x24 0x0000000080006008
core   0: 0x000000008000400c (0x078c0c13) addi    s8, s8, 120
core   0: 3 0x000000008000400c (0x078c0c13) x24 0x0000000080006080
core   0: 0x0000000080004010 (0x000c00e7) jalr    s8
core   0: 3 0x0000000080004010 (0x000c00e7) x1  0x0000000080004014
core   0: >>>>  any_handler
core   0: 0x0000000080006080 (0x341027f3) csrrs   a5, mepc, zero
core   0: 3 0x0000000080006080 (0x341027f3) x15 0x0000000080005162
core   0: 0x0000000080006084 (0x34202773) csrrs   a4, mcause, zero
core   0: 3 0x0000000080006084 (0x34202773) x14 0x0000000000000002
core   0: 0x0000000080006088 (0x142026f3) csrrs   a3, scause, zero
core   0: 3 0x0000000080006088 (0x142026f3) x13 0x0000000000000000
core   0: 0x000000008000608c (0x30402673) csrrs   a2, mie, zero
core   0: 3 0x000000008000608c (0x30402673) x12 0x0000000000000a00
core   0: 0x0000000080006090 (0x344025f3) csrrs   a1, mip, zero
core   0: 3 0x0000000080006090 (0x344025f3) x11 0x0000000000000080
core   0: 0x0000000080006094 (0x343025f3) csrrs   a1, mtval, zero
core   0: 3 0x0000000080006094 (0x343025f3) x11 0x000000007470f5f3
core   0: 0x0000000080006098 (0x14302573) csrrs   a0, stval, zero
core   0: 3 0x0000000080006098 (0x14302573) x10 0x0000000000000000
core   0: 0x000000008000609c (0xb02024f3) csrrs   s1, minstret, zero
core   0: 3 0x000000008000609c (0xb02024f3) x9  0x0000000000000dd8
core   0: 0x00000000800060a0 (0x0000a811) c.j     pc + 20
core   0: 3 0x00000000800060a0 (0xa811)
core   0: >>>>  mepc_4
core   0: 0x00000000800060b4 (0x00000791) c.addi  a5, 4
core   0: 3 0x00000000800060b4 (0x0791) x15 0x0000000080005166
core   0: 0x00000000800060b6 (0x34179073) csrrw   zero, mepc, a5
core   0: 3 0x00000000800060b6 (0x34179073) c833_mepc 0x0000000080005166
core   0: 0x00000000800060ba (0x30200073) mret
core   0: 3 0x00000000800060ba (0x30200073) c768_mstatus 0x8000000a00106080
core   0: 0x0000000080005166 (0x400d5e13) srai    t3, s10, 0
core   0: 1 0x0000000080005166 (0x400d5e13) x28 0x0000000000000000
core   0: 0x000000008000516a (0xd2080053) fcvt.d.w ft0, a6
core   0: 1 0x000000008000516a (0xd2080053) f0  0xc1dfffebdd000000
core   0: 0x000000008000516e (0x8b9cf0c3) fmadd.d ft1, fs9, fs9, fa7
core   0: 1 0x000000008000516e (0x8b9cf0c3) f1  0x7ff8000000000000
core   0: 0x0000000080005172 (0x03709133) mulh    sp, ra, s7
core   0: 1 0x0000000080005172 (0x03709133) x2  0x0000000000000000
core   0: 0x0000000080005176 (0xd02477d3) fcvt.s.l fa5, s0
core   0: 1 0x0000000080005176 (0xd02477d3) f15 0xffffffffce5dc950
core   0: 0x000000008000517a (0x021eeb33) rem     s6, t4, ra
core   0: 1 0x000000008000517a (0x021eeb33) x22 0x0000000000000000
core   0: 0x000000008000517e (0x0019d9b3) srl     s3, s3, ra
core   0: 1 0x000000008000517e (0x0019d9b3) x19 0x00000000000004f8
core   0: 0x0000000080005182 (0x498ef593) andi    a1, t4, 1176
core   0: 1 0x0000000080005182 (0x498ef593) x11 0x0000000000000000
core   0: 0x0000000080005186 (0x30b1f113) andi    sp, gp, 779
core   0: 1 0x0000000080005186 (0x30b1f113) x2  0x0000000000000000
core   0: 0x000000008000518a (0x00029833) sll     a6, t0, zero
core   0: 1 0x000000008000518a (0x00029833) x16 0x0000000000000000
core   0: 0x000000008000518e (0x00102373) csrrs   t1, fflags, zero
core   0: 1 0x000000008000518e (0x00102373) x6  0x0000000000000011
core   0: 0x0000000080005192 (0x400ddd9b) sraiw   s11, s11, 0
core   0: 1 0x0000000080005192 (0x400ddd9b) x27 0x0000000028060000
core   0: 0x0000000080005196 (0x02a519b3) mulh    s3, a0, a0
core   0: 1 0x0000000080005196 (0x02a519b3) x19 0x0000000000000000
core   0: 0x000000008000519a (0x0004921b) slliw   tp, s1, 0
core   0: 1 0x000000008000519a (0x0004921b) x4  0x0000000000000dd8
core   0: 0x000000008000519e (0xd02e7fd3) fcvt.s.l ft11, t3
core   0: 1 0x000000008000519e (0xd02e7fd3) f31 0xffffffff00000000
core   0: 0x00000000800051a2 (0x00051093) slli    ra, a0, 0
core   0: 1 0x00000000800051a2 (0x00051093) x1  0x0000000000000000
core   0: 0x00000000800051a6 (0x0140f633) and     a2, ra, s4
core   0: 1 0x00000000800051a6 (0x0140f633) x12 0x0000000000000000
core   0: 0x00000000800051aa (0xf3666213) ori     tp, a2, -202
core   0: 1 0x00000000800051aa (0xf3666213) x4  0xffffffffffffff36
core   0: 0x00000000800051ae (0x002a6133) or      sp, s4, sp
core   0: 1 0x00000000800051ae (0x002a6133) x2  0x0000000000000000
core   0: 0x00000000800051b2 (0x5a07fdd3) fsqrt.d fs11, fa5
core   0: 1 0x00000000800051b2 (0x5a07fdd3) f27 0x7ff8000000000000
core   0: 0x00000000800051b6 (0xd033f153) fcvt.s.lu ft2, t2
core   0: 1 0x00000000800051b6 (0xd033f153) c1_fflags 0x0000000000000011 f2  0xffffffff5f800000
core   0: 0x00000000800051ba (0x41d005bb) subw    a1, zero, t4
core   0: 1 0x00000000800051ba (0x41d005bb) x11 0x0000000000000000
core   0: 0x00000000800051be (0x03c59db3) mulh    s11, a1, t3
core   0: 1 0x00000000800051be (0x03c59db3) x27 0x0000000000000000
core   0: 0x00000000800051c2 (0x015de393) ori     t2, s11, 21
core   0: 1 0x00000000800051c2 (0x015de393) x7  0x0000000000000015
core   0: 0x00000000800051c6 (0xc2007553) fcvt.w.d a0, ft0
core   0: 1 0x00000000800051c6 (0xc2007553) x10 0xffffffff8000508c
core   0: 0x00000000800051ca (0x6a93c113) xori    sp, t2, 1705
core   0: 1 0x00000000800051ca (0x6a93c113) x2  0x00000000000006bc
core   0: 0x00000000800051ce (0x67f3fb93) andi    s7, t2, 1663
core   0: 1 0x00000000800051ce (0x67f3fb93) x23 0x0000000000000015
core   0: 0x00000000800051d2 (0x000d8b1b) sext.w  s6, s11
core   0: 1 0x00000000800051d2 (0x000d8b1b) x22 0x0000000000000000
core   0: 0x00000000800051d6 (0x402e56b3) sra     a3, t3, sp
core   0: 1 0x00000000800051d6 (0x402e56b3) x13 0x0000000000000000
core   0: 0x00000000800051da (0x342d58f3) csrrwi  a7, mcause, 26
core   0: exception trap_illegal_instruction, epc 0x00000000800051da
core   0:           tval 0x00000000342d58f3
core   0: >>>>  $xrv64i2p1_m2p0_a2p1_f2p2_d2p2_zicsr2p0_zifencei2p0_zmmul1p0_zba1p0_zbb1p0_zbc1p0_zbs1p0
core   0: 0x0000000080004000 (0x0080006f) j       pc + 0x8
core   0: 3 0x0000000080004000 (0x0080006f)
core   0: >>>>  mmode_exception_handler
core   0: 0x0000000080004008 (0x00002c17) auipc   s8, 0x2
core   0: 3 0x0000000080004008 (0x00002c17) x24 0x0000000080006008
core   0: 0x000000008000400c (0x078c0c13) addi    s8, s8, 120
core   0: 3 0x000000008000400c (0x078c0c13) x24 0x0000000080006080
core   0: 0x0000000080004010 (0x000c00e7) jalr    s8
core   0: 3 0x0000000080004010 (0x000c00e7) x1  0x0000000080004014
core   0: >>>>  any_handler
core   0: 0x0000000080006080 (0x341027f3) csrrs   a5, mepc, zero
core   0: 3 0x0000000080006080 (0x341027f3) x15 0x00000000800051da
core   0: 0x0000000080006084 (0x34202773) csrrs   a4, mcause, zero
core   0: 3 0x0000000080006084 (0x34202773) x14 0x0000000000000002
core   0: 0x0000000080006088 (0x142026f3) csrrs   a3, scause, zero
core   0: 3 0x0000000080006088 (0x142026f3) x13 0x0000000000000000
core   0: 0x000000008000608c (0x30402673) csrrs   a2, mie, zero
core   0: 3 0x000000008000608c (0x30402673) x12 0x0000000000000a00
core   0: 0x0000000080006090 (0x344025f3) csrrs   a1, mip, zero
core   0: 3 0x0000000080006090 (0x344025f3) x11 0x0000000000000080
core   0: 0x0000000080006094 (0x343025f3) csrrs   a1, mtval, zero
core   0: 3 0x0000000080006094 (0x343025f3) x11 0x00000000342d58f3
core   0: 0x0000000080006098 (0x14302573) csrrs   a0, stval, zero
core   0: 3 0x0000000080006098 (0x14302573) x10 0x0000000000000000
core   0: 0x000000008000609c (0xb02024f3) csrrs   s1, minstret, zero
core   0: 3 0x000000008000609c (0xb02024f3) x9  0x0000000000000e05
core   0: 0x00000000800060a0 (0x0000a811) c.j     pc + 20
core   0: 3 0x00000000800060a0 (0xa811)
core   0: >>>>  mepc_4
core   0: 0x00000000800060b4 (0x00000791) c.addi  a5, 4
core   0: 3 0x00000000800060b4 (0x0791) x15 0x00000000800051de
core   0: 0x00000000800060b6 (0x34179073) csrrw   zero, mepc, a5
core   0: 3 0x00000000800060b6 (0x34179073) c833_mepc 0x00000000800051de
core   0: 0x00000000800060ba (0x30200073) mret
core   0: 3 0x00000000800060ba (0x30200073) c768_mstatus 0x8000000a00106080
core   0: 0x00000000800051de (0x01a5d833) srl     a6, a1, s10
core   0: 1 0x00000000800051de (0x01a5d833) x16 0x00000000342d58f3
core   0: 0x00000000800051e2 (0x02cc7c33) remu    s8, s8, a2
core   0: 1 0x00000000800051e2 (0x02cc7c33) x24 0x0000000000000480
core   0: 0x00000000800051e6 (0x026c4ab3) div     s5, s8, t1
core   0: 1 0x00000000800051e6 (0x026c4ab3) x21 0x0000000000000043
core   0: 0x00000000800051ea (0x00000001) c.nop
core   0: 1 0x00000000800051ea (0x0001)
core   0: 0x00000000800051ec (0x34462d73) csrrs   s10, mip, a2
core   0: exception trap_illegal_instruction, epc 0x00000000800051ec
core   0:           tval 0x0000000034462d73
core   0: >>>>  $xrv64i2p1_m2p0_a2p1_f2p2_d2p2_zicsr2p0_zifencei2p0_zmmul1p0_zba1p0_zbb1p0_zbc1p0_zbs1p0
core   0: 0x0000000080004000 (0x0080006f) j       pc + 0x8
core   0: 3 0x0000000080004000 (0x0080006f)
core   0: >>>>  mmode_exception_handler
core   0: 0x0000000080004008 (0x00002c17) auipc   s8, 0x2
core   0: 3 0x0000000080004008 (0x00002c17) x24 0x0000000080006008
core   0: 0x000000008000400c (0x078c0c13) addi    s8, s8, 120
core   0: 3 0x000000008000400c (0x078c0c13) x24 0x0000000080006080
core   0: 0x0000000080004010 (0x000c00e7) jalr    s8
core   0: 3 0x0000000080004010 (0x000c00e7) x1  0x0000000080004014
core   0: >>>>  any_handler
core   0: 0x0000000080006080 (0x341027f3) csrrs   a5, mepc, zero
core   0: 3 0x0000000080006080 (0x341027f3) x15 0x00000000800051ec
core   0: 0x0000000080006084 (0x34202773) csrrs   a4, mcause, zero
core   0: 3 0x0000000080006084 (0x34202773) x14 0x0000000000000002
core   0: 0x0000000080006088 (0x142026f3) csrrs   a3, scause, zero
core   0: 3 0x0000000080006088 (0x142026f3) x13 0x0000000000000000
core   0: 0x000000008000608c (0x30402673) csrrs   a2, mie, zero
core   0: 3 0x000000008000608c (0x30402673) x12 0x0000000000000a00
core   0: 0x0000000080006090 (0x344025f3) csrrs   a1, mip, zero
core   0: 3 0x0000000080006090 (0x344025f3) x11 0x0000000000000080
core   0: 0x0000000080006094 (0x343025f3) csrrs   a1, mtval, zero
core   0: 3 0x0000000080006094 (0x343025f3) x11 0x0000000034462d73
core   0: 0x0000000080006098 (0x14302573) csrrs   a0, stval, zero
core   0: 3 0x0000000080006098 (0x14302573) x10 0x0000000000000000
core   0: 0x000000008000609c (0xb02024f3) csrrs   s1, minstret, zero
core   0: 3 0x000000008000609c (0xb02024f3) x9  0x0000000000000e19
core   0: 0x00000000800060a0 (0x0000a811) c.j     pc + 20
core   0: 3 0x00000000800060a0 (0xa811)
core   0: >>>>  mepc_4
core   0: 0x00000000800060b4 (0x00000791) c.addi  a5, 4
core   0: 3 0x00000000800060b4 (0x0791) x15 0x00000000800051f0
core   0: 0x00000000800060b6 (0x34179073) csrrw   zero, mepc, a5
core   0: 3 0x00000000800060b6 (0x34179073) c833_mepc 0x00000000800051f0
core   0: 0x00000000800060ba (0x30200073) mret
core   0: 3 0x00000000800060ba (0x30200073) c768_mstatus 0x8000000a00106080
core   0: 0x00000000800051f0 (0x03e1f1d3) fadd.d  ft3, ft3, ft10
core   0: 1 0x00000000800051f0 (0x03e1f1d3) f3  0x7ff8000000000000
core   0: 0x00000000800051f4 (0x235dadd3) fsgnjx.d fs11, fs11, fs5
core   0: 1 0x00000000800051f4 (0x235dadd3) f27 0x7ff8000000000000
core   0: 0x00000000800051f8 (0x129af4c3) fmadd.d fs1, fs5, fs1, ft2
core   0: 1 0x00000000800051f8 (0x129af4c3) f9  0x7ff8000000000000
core   0: 0x00000000800051fc (0x41280c33) sub     s8, a6, s2
core   0: 1 0x00000000800051fc (0x41280c33) x24 0x00000000342d5150
core   0: 0x0000000080005200 (0x1bbdf853) fdiv.d  fa6, fs11, fs11
core   0: 1 0x0000000080005200 (0x1bbdf853) f16 0x7ff8000000000000
core   0: 0x0000000080005204 (0x002e14f3) csrrw   s1, frm, t3
core   0: 1 0x0000000080005204 (0x002e14f3) x9  0x0000000000000000 c2_frm 0x0000000000000000
core   0: 0x0000000080005208 (0x401c7553) fcvt.s.d fa0, fs8
core   0: 1 0x0000000080005208 (0x401c7553) f10 0xffffffff7fc00000
core   0: 0x000000008000520c (0x00114493) xori    s1, sp, 1
core   0: 1 0x000000008000520c (0x00114493) x9  0x00000000000006bd
core   0: 0x0000000080005210 (0xc0257453) fcvt.l.s s0, fa0
core   0: 1 0x0000000080005210 (0xc0257453) c1_fflags 0x0000000000000011 x8  0x7fffffffffffffff
core   0: 0x0000000080005214 (0x403289bb) subw    s3, t0, gp
core   0: 1 0x0000000080005214 (0x403289bb) x19 0xffffffff80000000
core   0: 0x0000000080005218 (0x23a51d53) fsgnjn.d fs10, fa0, fs10
core   0: 1 0x0000000080005218 (0x23a51d53) f26 0xffffffff7fc00000
core   0: 0x000000008000521c (0x037c1813) slli    a6, s8, 55
core   0: 1 0x000000008000521c (0x037c1813) x16 0xa800000000000000
core   0: 0x0000000080005220 (0x2b039fd3) fmax.d  ft11, ft7, fa6
core   0: 1 0x0000000080005220 (0x2b039fd3) f31 0x7ff8000000000000
core   0: 0x0000000080005224 (0x410e0e33) sub     t3, t3, a6
core   0: 1 0x0000000080005224 (0x410e0e33) x28 0x5800000000000000
core   0: 0x0000000080005228 (0xc23b7553) fcvt.lu.d a0, fs6
core   0: 1 0x0000000080005228 (0xc23b7553) c1_fflags 0x0000000000000011 x10 0xffffffffffffffff
core   0: 0x000000008000522c (0x0001dd9b) srliw   s11, gp, 0
core   0: 1 0x000000008000522c (0x0001dd9b) x27 0xffffffff80000000
core   0: 0x0000000080005230 (0x024ff253) fadd.d  ft4, ft11, ft4
core   0: 1 0x0000000080005230 (0x024ff253) f4  0x7ff8000000000000
core   0: 0x0000000080005234 (0x0239833b) mulw    t1, s3, gp
core   0: 1 0x0000000080005234 (0x0239833b) x6  0x0000000000000000
core   0: 0x0000000080005238 (0x027af453) fadd.d  fs0, fs5, ft7
core   0: 1 0x0000000080005238 (0x027af453) f8  0x7ff8000000000000
core   0: 0x000000008000523c (0x001e1573) csrrw   a0, fflags, t3
core   0: 1 0x000000008000523c (0x001e1573) x10 0x0000000000000011 c1_fflags 0x0000000000000000
core   0: 0x0000000080005240 (0xf11cbc73) csrrc   s8, mvendorid, s9
core   0: exception trap_illegal_instruction, epc 0x0000000080005240
core   0:           tval 0x00000000f11cbc73
core   0: >>>>  $xrv64i2p1_m2p0_a2p1_f2p2_d2p2_zicsr2p0_zifencei2p0_zmmul1p0_zba1p0_zbb1p0_zbc1p0_zbs1p0
core   0: 0x0000000080004000 (0x0080006f) j       pc + 0x8
core   0: 3 0x0000000080004000 (0x0080006f)
core   0: >>>>  mmode_exception_handler
core   0: 0x0000000080004008 (0x00002c17) auipc   s8, 0x2
core   0: 3 0x0000000080004008 (0x00002c17) x24 0x0000000080006008
core   0: 0x000000008000400c (0x078c0c13) addi    s8, s8, 120
core   0: 3 0x000000008000400c (0x078c0c13) x24 0x0000000080006080
core   0: 0x0000000080004010 (0x000c00e7) jalr    s8
core   0: 3 0x0000000080004010 (0x000c00e7) x1  0x0000000080004014
core   0: >>>>  any_handler
core   0: 0x0000000080006080 (0x341027f3) csrrs   a5, mepc, zero
core   0: 3 0x0000000080006080 (0x341027f3) x15 0x0000000080005240
core   0: 0x0000000080006084 (0x34202773) csrrs   a4, mcause, zero
core   0: 3 0x0000000080006084 (0x34202773) x14 0x0000000000000002
core   0: 0x0000000080006088 (0x142026f3) csrrs   a3, scause, zero
core   0: 3 0x0000000080006088 (0x142026f3) x13 0x0000000000000000
core   0: 0x000000008000608c (0x30402673) csrrs   a2, mie, zero
core   0: 3 0x000000008000608c (0x30402673) x12 0x0000000000000a00
core   0: 0x0000000080006090 (0x344025f3) csrrs   a1, mip, zero
core   0: 3 0x0000000080006090 (0x344025f3) x11 0x0000000000000080
core   0: 0x0000000080006094 (0x343025f3) csrrs   a1, mtval, zero
core   0: 3 0x0000000080006094 (0x343025f3) x11 0x00000000f11cbc73
core   0: 0x0000000080006098 (0x14302573) csrrs   a0, stval, zero
core   0: 3 0x0000000080006098 (0x14302573) x10 0x0000000000000000
core   0: 0x000000008000609c (0xb02024f3) csrrs   s1, minstret, zero
core   0: 3 0x000000008000609c (0xb02024f3) x9  0x0000000000000e3d
core   0: 0x00000000800060a0 (0x0000a811) c.j     pc + 20
core   0: 3 0x00000000800060a0 (0xa811)
core   0: >>>>  mepc_4
core   0: 0x00000000800060b4 (0x00000791) c.addi  a5, 4
core   0: 3 0x00000000800060b4 (0x0791) x15 0x0000000080005244
core   0: 0x00000000800060b6 (0x34179073) csrrw   zero, mepc, a5
core   0: 3 0x00000000800060b6 (0x34179073) c833_mepc 0x0000000080005244
core   0: 0x00000000800060ba (0x30200073) mret
core   0: 3 0x00000000800060ba (0x30200073) c768_mstatus 0x8000000a00106080
core   0: 0x0000000080005244 (0x0b9e7253) fsub.d  ft4, ft8, fs9
core   0: 1 0x0000000080005244 (0x0b9e7253) f4  0x7ff8000000000000
core   0: 0x0000000080005248 (0x1420b8f3) csrrc   a7, scause, ra
core   0: 1 0x0000000080005248 (0x1420b8f3) x17 0x0000000000000000 c322_scause 0x0000000000000000
core   0: 0x000000008000524c (0x4181d63b) sraw    a2, gp, s8
core   0: 1 0x000000008000524c (0x4181d63b) x12 0xffffffff80000000
core   0: 0x0000000080005250 (0xd2297153) fcvt.d.l ft2, s2
core   0: 1 0x0000000080005250 (0xd2297153) f2  0x409e8c0000000000
core   0: 0x0000000080005254 (0xe2011853) fclass.d a6, ft2
core   0: 1 0x0000000080005254 (0xe2011853) x16 0x0000000000000040
core   0: 0x0000000080005258 (0x00000001) c.nop
core   0: 1 0x0000000080005258 (0x0001)
core   0: 0x000000008000525a (0x00160a1b) addiw   s4, a2, 1
core   0: 1 0x000000008000525a (0x00160a1b) x20 0xffffffff80000001
core   0: 0x000000008000525e (0x002c11f3) csrrw   gp, frm, s8
core   0: 1 0x000000008000525e (0x002c11f3) x3  0x0000000000000000 c2_frm 0x0000000000000000
core   0: 0x0000000080005262 (0x00000001) c.nop
core   0: 1 0x0000000080005262 (0x0001)
core   0: 0x0000000080005264 (0x408200bb) subw    ra, tp, s0
core   0: 1 0x0000000080005264 (0x408200bb) x1  0xffffffffffffff37
core   0: 0x0000000080005268 (0x0080573b) srlw    a4, zero, s0
core   0: 1 0x0000000080005268 (0x0080573b) x14 0x0000000000000000
core   0: 0x000000008000526c (0x41ec561b) sraiw   a2, s8, 30
core   0: 1 0x000000008000526c (0x41ec561b) x12 0xfffffffffffffffe
core   0: 0x0000000080005270 (0xd20c8c53) fcvt.d.w fs8, s9
core   0: 1 0x0000000080005270 (0xd20c8c53) f24 0x0000000000000000
core   0: 0x0000000080005274 (0x0b7af253) fsub.d  ft4, fs5, fs7
core   0: 1 0x0000000080005274 (0x0b7af253) f4  0x7ff8000000000000
core   0: 0x0000000080005278 (0x019904b3) add     s1, s2, s9
core   0: 1 0x0000000080005278 (0x019904b3) x9  0x00000000000007a3
core   0: 0x000000008000527c (0x41a9d9b3) sra     s3, s3, s10
core   0: 1 0x000000008000527c (0x41a9d9b3) x19 0xffffffff80000000
core   0: 0x0000000080005280 (0x416756b3) sra     a3, a4, s6
core   0: 1 0x0000000080005280 (0x416756b3) x13 0x0000000000000000
core   0: 0x0000000080005284 (0x40415b1b) sraiw   s6, sp, 4
core   0: 1 0x0000000080005284 (0x40415b1b) x22 0x000000000000006b
core   0: 0x0000000080005288 (0x4142d213) srai    tp, t0, 20
core   0: 1 0x0000000080005288 (0x4142d213) x4  0x0000000000000000
core   0: 0x000000008000528c (0x8ac9ad37) lui     s10, 0x8ac9a
core   0: 1 0x000000008000528c (0x8ac9ad37) x26 0xffffffff8ac9a000
core   0: 0x0000000080005290 (0x019712bb) sllw    t0, a4, s9
core   0: 1 0x0000000080005290 (0x019712bb) x5  0x0000000000000000
core   0: 0x0000000080005294 (0x013e11bb) sllw    gp, t3, s3
core   0: 1 0x0000000080005294 (0x013e11bb) x3  0x0000000000000000
core   0: 0x0000000080005298 (0x23111353) fsgnjn.d ft6, ft2, fa7
core   0: 1 0x0000000080005298 (0x23111353) f6  0xc09e8c0000000000
core   0: 0x000000008000529c (0x22b5a5d3) fsgnjx.d fa1, fa1, fa1
core   0: 1 0x000000008000529c (0x22b5a5d3) f11 0x7fffffff00000000
core   0: 0x00000000800052a0 (0x4001dd1b) sraiw   s10, gp, 0
core   0: 1 0x00000000800052a0 (0x4001dd1b) x26 0x0000000000000000
core   0: 0x00000000800052a4 (0x023b1d33) mulh    s10, s6, gp
core   0: 1 0x00000000800052a4 (0x023b1d33) x26 0x0000000000000000
core   0: 0x00000000800052a8 (0x00202973) csrrs   s2, frm, zero
core   0: 1 0x00000000800052a8 (0x00202973) x18 0x0000000000000000
core   0: 0x00000000800052ac (0x41f6d89b) sraiw   a7, a3, 31
core   0: 1 0x00000000800052ac (0x41f6d89b) x17 0x0000000000000000
core   0: 0x00000000800052b0 (0x00c66433) or      s0, a2, a2
core   0: 1 0x00000000800052b0 (0x00c66433) x8  0xfffffffffffffffe
core   0: 0x00000000800052b4 (0x03025593) srli    a1, tp, 48
core   0: 1 0x00000000800052b4 (0x03025593) x11 0x0000000000000000
core   0: 0x00000000800052b8 (0x2b609d53) fmax.d  fs10, ft1, fs6
core   0: 1 0x00000000800052b8 (0x2b609d53) f26 0x7ff8000000000000
core   0: 0x00000000800052bc (0xc2167a53) fcvt.wu.d s4, fa2
core   0: 1 0x00000000800052bc (0xc2167a53) c1_fflags 0x0000000000000010 x20 0xffffffffffffffff
core   0: 0x00000000800052c0 (0x0ff0000f) fence   iorw,iorw
core   0: 1 0x00000000800052c0 (0x0ff0000f)
core   0: 0x00000000800052c4 (0xd2198153) fcvt.d.wu ft2, s3
core   0: 1 0x00000000800052c4 (0xd2198153) f2  0x41e0000000000000
core   0: 0x00000000800052c8 (0x419206bb) subw    a3, tp, s9
core   0: 1 0x00000000800052c8 (0x419206bb) x13 0x0000000000000000
core   0: 0x00000000800052cc (0x00fa97bb) sllw    a5, s5, a5
core   0: 1 0x00000000800052cc (0x00fa97bb) x15 0x0000000000000430
core   0: 0x00000000800052d0 (0x8006f713) andi    a4, a3, -2048
core   0: 1 0x00000000800052d0 (0x8006f713) x14 0x0000000000000000
core   0: 0x00000000800052d4 (0x747059f3) csrrwi  s3, mseccfg, 0
core   0: exception trap_illegal_instruction, epc 0x00000000800052d4
core   0:           tval 0x00000000747059f3
core   0: >>>>  $xrv64i2p1_m2p0_a2p1_f2p2_d2p2_zicsr2p0_zifencei2p0_zmmul1p0_zba1p0_zbb1p0_zbc1p0_zbs1p0
core   0: 0x0000000080004000 (0x0080006f) j       pc + 0x8
core   0: 3 0x0000000080004000 (0x0080006f)
core   0: >>>>  mmode_exception_handler
core   0: 0x0000000080004008 (0x00002c17) auipc   s8, 0x2
core   0: 3 0x0000000080004008 (0x00002c17) x24 0x0000000080006008
core   0: 0x000000008000400c (0x078c0c13) addi    s8, s8, 120
core   0: 3 0x000000008000400c (0x078c0c13) x24 0x0000000080006080
core   0: 0x0000000080004010 (0x000c00e7) jalr    s8
core   0: 3 0x0000000080004010 (0x000c00e7) x1  0x0000000080004014
core   0: >>>>  any_handler
core   0: 0x0000000080006080 (0x341027f3) csrrs   a5, mepc, zero
core   0: 3 0x0000000080006080 (0x341027f3) x15 0x00000000800052d4
core   0: 0x0000000080006084 (0x34202773) csrrs   a4, mcause, zero
core   0: 3 0x0000000080006084 (0x34202773) x14 0x0000000000000002
core   0: 0x0000000080006088 (0x142026f3) csrrs   a3, scause, zero
core   0: 3 0x0000000080006088 (0x142026f3) x13 0x0000000000000000
core   0: 0x000000008000608c (0x30402673) csrrs   a2, mie, zero
core   0: 3 0x000000008000608c (0x30402673) x12 0x0000000000000a00
core   0: 0x0000000080006090 (0x344025f3) csrrs   a1, mip, zero
core   0: 3 0x0000000080006090 (0x344025f3) x11 0x0000000000000080
core   0: 0x0000000080006094 (0x343025f3) csrrs   a1, mtval, zero
core   0: 3 0x0000000080006094 (0x343025f3) x11 0x00000000747059f3
core   0: 0x0000000080006098 (0x14302573) csrrs   a0, stval, zero
core   0: 3 0x0000000080006098 (0x14302573) x10 0x0000000000000000
core   0: 0x000000008000609c (0xb02024f3) csrrs   s1, minstret, zero
core   0: 3 0x000000008000609c (0xb02024f3) x9  0x0000000000000e72
core   0: 0x00000000800060a0 (0x0000a811) c.j     pc + 20
core   0: 3 0x00000000800060a0 (0xa811)
core   0: >>>>  mepc_4
core   0: 0x00000000800060b4 (0x00000791) c.addi  a5, 4
core   0: 3 0x00000000800060b4 (0x0791) x15 0x00000000800052d8
core   0: 0x00000000800060b6 (0x34179073) csrrw   zero, mepc, a5
core   0: 3 0x00000000800060b6 (0x34179073) c833_mepc 0x00000000800052d8
core   0: 0x00000000800060ba (0x30200073) mret
core   0: 3 0x00000000800060ba (0x30200073) c768_mstatus 0x8000000a00106080
core   0: 0x00000000800052d8 (0x40bb0533) sub     a0, s6, a1
core   0: 1 0x00000000800052d8 (0x40bb0533) x10 0xffffffff8b8fa678
core   0: 0x00000000800052dc (0xc2117653) fcvt.wu.d a2, ft2
core   0: 1 0x00000000800052dc (0xc2117653) x12 0xffffffff80000000
core   0: 0x00000000800052e0 (0xd22e7fd3) fcvt.d.l ft11, t3
core   0: 1 0x00000000800052e0 (0xd22e7fd3) f31 0x43d6000000000000
core   0: 0x00000000800052e4 (0x13887ad3) fmul.d  fs5, fa6, fs8
core   0: 1 0x00000000800052e4 (0x13887ad3) f21 0x7ff8000000000000
core   0: 0x00000000800052e8 (0x02863bb3) mulhu   s7, a2, s0
core   0: 1 0x00000000800052e8 (0x02863bb3) x23 0xffffffff7ffffffe
core   0: 0x00000000800052ec (0x024213b3) mulh    t2, tp, tp
core   0: 1 0x00000000800052ec (0x024213b3) x7  0x0000000000000000
core   0: 0x00000000800052f0 (0x401afc53) fcvt.s.d fs8, fs5
core   0: 1 0x00000000800052f0 (0x401afc53) f24 0xffffffff7fc00000
core   0: 0x00000000800052f4 (0x00a5553b) srlw    a0, a0, a0
core   0: 1 0x00000000800052f4 (0x00a5553b) x10 0x000000000000008b
core   0: 0x00000000800052f8 (0x4002599b) sraiw   s3, tp, 0
core   0: 1 0x00000000800052f8 (0x4002599b) x19 0x0000000000000000
core   0: 0x00000000800052fc (0x40f207bb) subw    a5, tp, a5
core   0: 1 0x00000000800052fc (0x40f207bb) x15 0x000000007fffad28
core   0: 0x0000000080005300 (0x035acabb) divw    s5, s5, s5
core   0: 1 0x0000000080005300 (0x035acabb) x21 0x0000000000000001
core   0: 0x0000000080005304 (0x03e4d293) srli    t0, s1, 62
core   0: 1 0x0000000080005304 (0x03e4d293) x5  0x0000000000000000
core   0: 0x0000000080005308 (0x0337f153) fadd.d  ft2, fa5, fs3
core   0: 1 0x0000000080005308 (0x0337f153) f2  0x7ff8000000000000
core   0: 0x000000008000530c (0x0052d01b) srliw   zero, t0, 5
core   0: 1 0x000000008000530c (0x0052d01b)
core   0: 0x0000000080005310 (0x024000b3) mul     ra, zero, tp
core   0: 1 0x0000000080005310 (0x024000b3) x1  0x0000000000000000
core   0: 0x0000000080005314 (0xd03574d3) fcvt.s.lu fs1, a0
core   0: 1 0x0000000080005314 (0xd03574d3) f9  0xffffffff430b0000
core   0: 0x0000000080005318 (0xc026f853) fcvt.l.s a6, fa3
core   0: 1 0x0000000080005318 (0xc026f853) c1_fflags 0x0000000000000010 x16 0x7fffffffffffffff
core   0: 0x000000008000531c (0x40d95c13) srai    s8, s2, 13
core   0: 1 0x000000008000531c (0x40d95c13) x24 0x0000000000000000
core   0: 0x0000000080005320 (0xd83bf413) andi    s0, s7, -637
core   0: 1 0x0000000080005320 (0xd83bf413) x8  0xffffffff7ffffd82
core   0: 0x0000000080005324 (0x00a9591b) srliw   s2, s2, 10
core   0: 1 0x0000000080005324 (0x00a9591b) x18 0x0000000000000000
core   0: 0x0000000080005328 (0xd20906d3) fcvt.d.w fa3, s2
core   0: 1 0x0000000080005328 (0xd20906d3) f13 0x0000000000000000
core   0: 0x000000008000532c (0xe20d0e53) fmv.x.d t3, fs10
core   0: 1 0x000000008000532c (0xe20d0e53) x28 0x7ff8000000000000
core   0: 0x0000000080005330 (0x01a86eb3) or      t4, a6, s10
core   0: 1 0x0000000080005330 (0x01a86eb3) x29 0x7fffffffffffffff
core   0: 0x0000000080005334 (0x03a7f8bb) remuw   a7, a5, s10
core   0: 1 0x0000000080005334 (0x03a7f8bb) x17 0x000000007fffad28
core   0: 0x0000000080005338 (0x00f7023b) addw    tp, a4, a5
core   0: 1 0x0000000080005338 (0x00f7023b) x4  0x000000007fffad2a
core   0: 0x000000008000533c (0x001c1473) csrrw   s0, fflags, s8
core   0: 1 0x000000008000533c (0x001c1473) x8  0x0000000000000010 c1_fflags 0x0000000000000000
core   0: 0x0000000080005340 (0x407083bb) subw    t2, ra, t2
core   0: 1 0x0000000080005340 (0x407083bb) x7  0x0000000000000000
core   0: 0x0000000080005344 (0x000d1893) slli    a7, s10, 0
core   0: 1 0x0000000080005344 (0x000d1893) x17 0x0000000000000000
core   0: 0x0000000080005348 (0x03a3e23b) remw    tp, t2, s10
core   0: 1 0x0000000080005348 (0x03a3e23b) x4  0x0000000000000000
core   0: 0x000000008000534c (0x2a0d0253) fmin.d  ft4, fs10, ft0
core   0: 1 0x000000008000534c (0x2a0d0253) f4  0xc1dfffebdd000000
core   0: 0x0000000080005350 (0x343ffbf3) csrrci  s7, mtval, 31
core   0: exception trap_illegal_instruction, epc 0x0000000080005350
core   0:           tval 0x00000000343ffbf3
core   0: >>>>  $xrv64i2p1_m2p0_a2p1_f2p2_d2p2_zicsr2p0_zifencei2p0_zmmul1p0_zba1p0_zbb1p0_zbc1p0_zbs1p0
core   0: 0x0000000080004000 (0x0080006f) j       pc + 0x8
core   0: 3 0x0000000080004000 (0x0080006f)
core   0: >>>>  mmode_exception_handler
core   0: 0x0000000080004008 (0x00002c17) auipc   s8, 0x2
core   0: 3 0x0000000080004008 (0x00002c17) x24 0x0000000080006008
core   0: 0x000000008000400c (0x078c0c13) addi    s8, s8, 120
core   0: 3 0x000000008000400c (0x078c0c13) x24 0x0000000080006080
core   0: 0x0000000080004010 (0x000c00e7) jalr    s8
core   0: 3 0x0000000080004010 (0x000c00e7) x1  0x0000000080004014
core   0: >>>>  any_handler
core   0: 0x0000000080006080 (0x341027f3) csrrs   a5, mepc, zero
core   0: 3 0x0000000080006080 (0x341027f3) x15 0x0000000080005350
core   0: 0x0000000080006084 (0x34202773) csrrs   a4, mcause, zero
core   0: 3 0x0000000080006084 (0x34202773) x14 0x0000000000000002
core   0: 0x0000000080006088 (0x142026f3) csrrs   a3, scause, zero
core   0: 3 0x0000000080006088 (0x142026f3) x13 0x0000000000000000
core   0: 0x000000008000608c (0x30402673) csrrs   a2, mie, zero
core   0: 3 0x000000008000608c (0x30402673) x12 0x0000000000000a00
core   0: 0x0000000080006090 (0x344025f3) csrrs   a1, mip, zero
core   0: 3 0x0000000080006090 (0x344025f3) x11 0x0000000000000080
core   0: 0x0000000080006094 (0x343025f3) csrrs   a1, mtval, zero
core   0: 3 0x0000000080006094 (0x343025f3) x11 0x00000000343ffbf3
core   0: 0x0000000080006098 (0x14302573) csrrs   a0, stval, zero
core   0: 3 0x0000000080006098 (0x14302573) x10 0x0000000000000000
core   0: 0x000000008000609c (0xb02024f3) csrrs   s1, minstret, zero
core   0: 3 0x000000008000609c (0xb02024f3) x9  0x0000000000000ea0
core   0: 0x00000000800060a0 (0x0000a811) c.j     pc + 20
core   0: 3 0x00000000800060a0 (0xa811)
core   0: >>>>  mepc_4
core   0: 0x00000000800060b4 (0x00000791) c.addi  a5, 4
core   0: 3 0x00000000800060b4 (0x0791) x15 0x0000000080005354
core   0: 0x00000000800060b6 (0x34179073) csrrw   zero, mepc, a5
core   0: 3 0x00000000800060b6 (0x34179073) c833_mepc 0x0000000080005354
core   0: 0x00000000800060ba (0x30200073) mret
core   0: 3 0x00000000800060ba (0x30200073) c768_mstatus 0x8000000a00106080
core   0: 0x0000000080005354 (0x021bd0bb) divuw   ra, s7, ra
core   0: 1 0x0000000080005354 (0x021bd0bb) x1  0x0000000000000000
core   0: 0x0000000080005358 (0x011158bb) srlw    a7, sp, a7
core   0: 1 0x0000000080005358 (0x011158bb) x17 0x00000000000006bc
core   0: 0x000000008000535c (0x0a7275d3) fsub.d  fa1, ft4, ft7
core   0: 1 0x000000008000535c (0x0a7275d3) f11 0x7ff8000000000000
core   0: 0x0000000080005360 (0x412909b3) sub     s3, s2, s2
core   0: 1 0x0000000080005360 (0x412909b3) x19 0x0000000000000000
core   0: 0x0000000080005364 (0x10a27073) csrrci  zero, senvcfg, 4
core   0: 1 0x0000000080005364 (0x10a27073) c266_senvcfg 0x0000000000000000
core   0: 0x0000000080005368 (0x00bad1bb) srlw    gp, s5, a1
core   0: 1 0x0000000080005368 (0x00bad1bb) x3  0x0000000000000000
core   0: 0x000000008000536c (0x02f777d3) fadd.d  fa5, fa4, fa5
core   0: 1 0x000000008000536c (0x02f777d3) f15 0x7ff8000000000000
core   0: 0x0000000080005370 (0xc203f0d3) fcvt.w.d ra, ft7
core   0: 1 0x0000000080005370 (0xc203f0d3) c1_fflags 0x0000000000000010 x1  0x000000007fffffff
core   0: 0x0000000080005374 (0xcdcb7493) andi    s1, s6, -804
core   0: 1 0x0000000080005374 (0xcdcb7493) x9  0x0000000000000048
core   0: 0x0000000080005378 (0x01b1ed33) or      s10, gp, s11
core   0: 1 0x0000000080005378 (0x01b1ed33) x26 0xffffffff80000000
core   0: 0x000000008000537c (0x0bd47c53) fsub.d  fs8, fs0, ft9
core   0: 1 0x000000008000537c (0x0bd47c53) f24 0x7ff8000000000000
core   0: 0x0000000080005380 (0x5a067ed3) fsqrt.d ft9, fa2
core   0: 1 0x0000000080005380 (0x5a067ed3) f29 0x7ff8000000000000
core   0: 0x0000000080005384 (0x7386fa37) lui     s4, 0x7386f
core   0: 1 0x0000000080005384 (0x7386fa37) x20 0x000000007386f000
core   0: 0x0000000080005388 (0x4005db9b) sraiw   s7, a1, 0
core   0: 1 0x0000000080005388 (0x4005db9b) x23 0x00000000343ffbf3
core   0: 0x000000008000538c (0x021104b3) mul     s1, sp, ra
core   0: 1 0x000000008000538c (0x021104b3) x9  0x0000035dfffff944
core   0: 0x0000000080005390 (0x0390003b) mulw    zero, zero, s9
core   0: 1 0x0000000080005390 (0x0390003b)
core   0: 0x0000000080005394 (0x015960b3) or      ra, s2, s5
core   0: 1 0x0000000080005394 (0x015960b3) x1  0x0000000000000001
core   0: 0x0000000080005398 (0x02d748b3) div     a7, a4, a3
core   0: 1 0x0000000080005398 (0x02d748b3) x17 0xffffffffffffffff
core   0: 0x000000008000539c (0xc23cf5d3) fcvt.lu.d a1, fs9
core   0: 1 0x000000008000539c (0xc23cf5d3) c1_fflags 0x0000000000000010 x11 0xffffffffffffffff
core   0: 0x00000000800053a0 (0xc03678d3) fcvt.lu.s a7, fa2
core   0: 1 0x00000000800053a0 (0xc03678d3) c1_fflags 0x0000000000000010 x17 0xffffffffffffffff
core   0: 0x00000000800053a4 (0x0008db9b) srliw   s7, a7, 0
core   0: 1 0x00000000800053a4 (0x0008db9b) x23 0xffffffffffffffff
core   0: 0x00000000800053a8 (0x017e5633) srl     a2, t3, s7
core   0: 1 0x00000000800053a8 (0x017e5633) x12 0x0000000000000000
core   0: 0x00000000800053ac (0x4124de93) srai    t4, s1, 18
core   0: 1 0x00000000800053ac (0x4124de93) x29 0x0000000000d77fff
core   0: 0x00000000800053b0 (0xd21e8b53) fcvt.d.wu fs6, t4
core   0: 1 0x00000000800053b0 (0xd21e8b53) f22 0x416aefffe0000000
core   0: 0x00000000800053b4 (0x0059093b) addw    s2, s2, t0
core   0: 1 0x00000000800053b4 (0x0059093b) x18 0x0000000000000000
core   0: 0x00000000800053b8 (0x4018f7d3) fcvt.s.d fa5, fa7
core   0: 1 0x00000000800053b8 (0x4018f7d3) f15 0xffffffff7fc00000
core   0: 0x00000000800053bc (0x00129873) csrrw   a6, fflags, t0
core   0: 1 0x00000000800053bc (0x00129873) x16 0x0000000000000010 c1_fflags 0x0000000000000000
core   0: 0x00000000800053c0 (0xb7bc9cb7) lui     s9, 0xb7bc9
core   0: 1 0x00000000800053c0 (0xb7bc9cb7) x25 0xffffffffb7bc9000
core   0: 0x00000000800053c4 (0x2afe9153) fmax.d  ft2, ft9, fa5
core   0: 1 0x00000000800053c4 (0x2afe9153) f2  0x7ff8000000000000
core   0: 0x00000000800053c8 (0xd20e05d3) fcvt.d.w fa1, t3
core   0: 1 0x00000000800053c8 (0xd20e05d3) f11 0x0000000000000000
core   0: 0x00000000800053cc (0x012500bb) addw    ra, a0, s2
core   0: 1 0x00000000800053cc (0x012500bb) x1  0x0000000000000000
core   0: 0x00000000800053d0 (0x43935b13) srai    s6, t1, 57
core   0: 1 0x00000000800053d0 (0x43935b13) x22 0x0000000000000000
core   0: 0x00000000800053d4 (0x0ff0000f) fence   iorw,iorw
core   0: 1 0x00000000800053d4 (0x0ff0000f)
core   0: 0x00000000800053d8 (0x0043571b) srliw   a4, t1, 4
core   0: 1 0x00000000800053d8 (0x0043571b) x14 0x0000000000000000
core   0: 0x00000000800053dc (0xd233f153) fcvt.d.lu ft2, t2
core   0: 1 0x00000000800053dc (0xd233f153) f2  0x0000000000000000
core   0: 0x00000000800053e0 (0xc0317353) fcvt.lu.s t1, ft2
core   0: 1 0x00000000800053e0 (0xc0317353) c1_fflags 0x0000000000000010 x6  0xffffffffffffffff
core   0: 0x00000000800053e4 (0x143721f3) csrrs   gp, stval, a4
core   0: 1 0x00000000800053e4 (0x143721f3) x3  0x0000000000000000 c323_stval 0x0000000000000000
core   0: 0x00000000800053e8 (0x41e0d09b) sraiw   ra, ra, 30
core   0: 1 0x00000000800053e8 (0x41e0d09b) x1  0x0000000000000000
core   0: 0x00000000800053ec (0x00000001) c.nop
core   0: 1 0x00000000800053ec (0x0001)
core   0: 0x00000000800053ee (0x036805bb) mulw    a1, a6, s6
core   0: 1 0x00000000800053ee (0x036805bb) x11 0x0000000000000000
core   0: 0x00000000800053f2 (0x02f2da93) srli    s5, t0, 47
core   0: 1 0x00000000800053f2 (0x02f2da93) x21 0x0000000000000000
core   0: 0x00000000800053f6 (0x222126d3) fsgnjx.d fa3, ft2, ft2
core   0: 1 0x00000000800053f6 (0x222126d3) f13 0x0000000000000000
core   0: 0x00000000800053fa (0xa2d908d3) fle.d   a7, fs2, fa3
core   0: 1 0x00000000800053fa (0xa2d908d3) c1_fflags 0x0000000000000010 x17 0x0000000000000000
core   0: 0x00000000800053fe (0x5a0979d3) fsqrt.d fs3, fs2
core   0: 1 0x00000000800053fe (0x5a0979d3) f19 0x7ff8000000000000
core   0: 0x0000000080005402 (0x007db237) lui     tp, 0x7db
core   0: 1 0x0000000080005402 (0x007db237) x4  0x00000000007db000
core   0: 0x0000000080005406 (0x9952021b) addiw   tp, tp, -1643
core   0: 1 0x0000000080005406 (0x9952021b) x4  0x00000000007da995
core   0: 0x000000008000540a (0x00000236) c.slli  tp, 13
core   0: 1 0x000000008000540a (0x0236) x4  0x0000000fb532a000
core   0: 0x000000008000540c (0x74f20213) addi    tp, tp, 1871
core   0: 1 0x000000008000540c (0x74f20213) x4  0x0000000fb532a74f
core   0: 0x0000000080005410 (0x032ccb3b) divw    s6, s9, s2
core   0: 1 0x0000000080005410 (0x032ccb3b) x22 0xffffffffffffffff
core   0: 0x0000000080005414 (0x0138533b) srlw    t1, a6, s3
core   0: 1 0x0000000080005414 (0x0138533b) x6  0x0000000000000010
core   0: 0x0000000080005418 (0x02bb6ab3) rem     s5, s6, a1
core   0: 1 0x0000000080005418 (0x02bb6ab3) x21 0xffffffffffffffff
core   0: 0x000000008000541c (0x410808b3) sub     a7, a6, a6
core   0: 1 0x000000008000541c (0x410808b3) x17 0x0000000000000000
core   0: 0x0000000080005420 (0x4093d8b3) sra     a7, t2, s1
core   0: 1 0x0000000080005420 (0x4093d8b3) x17 0x0000000000000000
core   0: 0x0000000080005424 (0x00000001) c.nop
core   0: 1 0x0000000080005424 (0x0001)
core   0: 0x0000000080005426 (0x4073d6b3) sra     a3, t2, t2
core   0: 1 0x0000000080005426 (0x4073d6b3) x13 0x0000000000000000
core   0: 0x000000008000542a (0x033821b3) mulhsu  gp, a6, s3
core   0: 1 0x000000008000542a (0x033821b3) x3  0x0000000000000000
core   0: 0x000000008000542e (0xa2610653) fle.d   a2, ft2, ft6
core   0: 1 0x000000008000542e (0xa2610653) x12 0x0000000000000000
core   0: 0x0000000080005432 (0x40137453) fcvt.s.d fs0, ft6
core   0: 1 0x0000000080005432 (0x40137453) f8  0xffffffffc4f46000
core   0: 0x0000000080005436 (0x40ced73b) sraw    a4, t4, a2
core   0: 1 0x0000000080005436 (0x40ced73b) x14 0x0000000000d77fff
core   0: 0x000000008000543a (0x9b38f8cf) fnmadd.d fa7, fa7, fs3, fs3
core   0: 1 0x000000008000543a (0x9b38f8cf) f17 0x7ff8000000000000
core   0: 0x000000008000543e (0x6ca843b7) lui     t2, 0x6ca84
core   0: 1 0x000000008000543e (0x6ca843b7) x7  0x000000006ca84000
core   0: 0x0000000080005442 (0xd2170753) fcvt.d.wu fa4, a4
core   0: 1 0x0000000080005442 (0xd2170753) f14 0x416aefffe0000000
core   0: 0x0000000080005446 (0x41e0d11b) sraiw   sp, ra, 30
core   0: 1 0x0000000080005446 (0x41e0d11b) x2  0x0000000000000000
core   0: 0x000000008000544a (0x0142171b) slliw   a4, tp, 20
core   0: 1 0x000000008000544a (0x0142171b) x14 0x0000000074f00000
core   0: 0x000000008000544e (0xc23a7c53) fcvt.lu.d s8, fs4
core   0: 1 0x000000008000544e (0xc23a7c53) c1_fflags 0x0000000000000010 x24 0xffffffffffffffff
core   0: 0x0000000080005452 (0x46c9f193) andi    gp, s3, 1132
core   0: 1 0x0000000080005452 (0x46c9f193) x3  0x0000000000000000
core   0: 0x0000000080005456 (0xd02a7853) fcvt.s.l fa6, s4
core   0: 1 0x0000000080005456 (0xd02a7853) f16 0xffffffff4ee70de0
core   0: 0x000000008000545a (0x02ac753b) remuw   a0, s8, a0
core   0: 1 0x000000008000545a (0x02ac753b) x10 0xffffffffffffffff
core   0: 0x000000008000545e (0x00065e13) srli    t3, a2, 0
core   0: 1 0x000000008000545e (0x00065e13) x28 0x0000000000000000
core   0: 0x0000000080005462 (0x02591933) mulh    s2, s2, t0
core   0: 1 0x0000000080005462 (0x02591933) x18 0x0000000000000000
core   0: 0x0000000080005466 (0xd2060553) fcvt.d.w fa0, a2
core   0: 1 0x0000000080005466 (0xd2060553) f10 0x0000000000000000
core   0: 0x000000008000546a (0xd20e06d3) fcvt.d.w fa3, t3
core   0: 1 0x000000008000546a (0xd20e06d3) f13 0x0000000000000000
core   0: 0x000000008000546e (0x23420a53) fsgnj.d fs4, ft4, fs4
core   0: 1 0x000000008000546e (0x23420a53) f20 0x41dfffebdd000000
core   0: 0x0000000080005472 (0x1b6f7fd3) fdiv.d  ft11, ft10, fs6
core   0: 1 0x0000000080005472 (0x1b6f7fd3) f31 0x7ff8000000000000
core   0: 0x0000000080005476 (0x7ffe099b) addiw   s3, t3, 2047
core   0: 1 0x0000000080005476 (0x7ffe099b) x19 0x00000000000007ff
core   0: 0x000000008000547a (0x031a7cd3) fadd.d  fs9, fs4, fa7
core   0: 1 0x000000008000547a (0x031a7cd3) f25 0x7ff8000000000000
core   0: 0x000000008000547e (0x00d3169b) slliw   a3, t1, 13
core   0: 1 0x000000008000547e (0x00d3169b) x13 0x0000000000020000
core   0: 0x0000000080005482 (0x2b588bd3) fmin.d  fs7, fa7, fs5
core   0: 1 0x0000000080005482 (0x2b588bd3) f23 0x7ff8000000000000
core   0: 0x0000000080005486 (0x42895213) srai    tp, s2, 40
core   0: 1 0x0000000080005486 (0x42895213) x4  0x0000000000000000
core   0: 0x000000008000548a (0x00099c9b) slliw   s9, s3, 0
core   0: 1 0x000000008000548a (0x00099c9b) x25 0x00000000000007ff
core   0: 0x000000008000548e (0x4206d993) srai    s3, a3, 32
core   0: 1 0x000000008000548e (0x4206d993) x19 0x0000000000000000
core   0: 0x0000000080005492 (0x122ef6c7) fmsub.d fa3, ft9, ft2, ft2
core   0: 1 0x0000000080005492 (0x122ef6c7) f13 0x7ff8000000000000
core   0: 0x0000000080005496 (0x001c91f3) csrrw   gp, fflags, s9
core   0: 1 0x0000000080005496 (0x001c91f3) x3  0x0000000000000010 c1_fflags 0x000000000000001f
core   0: 0x000000008000549a (0xc06ffbf3) csrrci  s7, hpmcounter6, 31
core   0: exception trap_illegal_instruction, epc 0x000000008000549a
core   0:           tval 0x00000000c06ffbf3
core   0: >>>>  $xrv64i2p1_m2p0_a2p1_f2p2_d2p2_zicsr2p0_zifencei2p0_zmmul1p0_zba1p0_zbb1p0_zbc1p0_zbs1p0
core   0: 0x0000000080004000 (0x0080006f) j       pc + 0x8
core   0: 3 0x0000000080004000 (0x0080006f)
core   0: >>>>  mmode_exception_handler
core   0: 0x0000000080004008 (0x00002c17) auipc   s8, 0x2
core   0: 3 0x0000000080004008 (0x00002c17) x24 0x0000000080006008
core   0: 0x000000008000400c (0x078c0c13) addi    s8, s8, 120
core   0: 3 0x000000008000400c (0x078c0c13) x24 0x0000000080006080
core   0: 0x0000000080004010 (0x000c00e7) jalr    s8
core   0: 3 0x0000000080004010 (0x000c00e7) x1  0x0000000080004014
core   0: >>>>  any_handler
core   0: 0x0000000080006080 (0x341027f3) csrrs   a5, mepc, zero
core   0: 3 0x0000000080006080 (0x341027f3) x15 0x000000008000549a
core   0: 0x0000000080006084 (0x34202773) csrrs   a4, mcause, zero
core   0: 3 0x0000000080006084 (0x34202773) x14 0x0000000000000002
core   0: 0x0000000080006088 (0x142026f3) csrrs   a3, scause, zero
core   0: 3 0x0000000080006088 (0x142026f3) x13 0x0000000000000000
core   0: 0x000000008000608c (0x30402673) csrrs   a2, mie, zero
core   0: 3 0x000000008000608c (0x30402673) x12 0x0000000000000a00
core   0: 0x0000000080006090 (0x344025f3) csrrs   a1, mip, zero
core   0: 3 0x0000000080006090 (0x344025f3) x11 0x0000000000000080
core   0: 0x0000000080006094 (0x343025f3) csrrs   a1, mtval, zero
core   0: 3 0x0000000080006094 (0x343025f3) x11 0x00000000c06ffbf3
core   0: 0x0000000080006098 (0x14302573) csrrs   a0, stval, zero
core   0: 3 0x0000000080006098 (0x14302573) x10 0x0000000000000000
core   0: 0x000000008000609c (0xb02024f3) csrrs   s1, minstret, zero
core   0: 3 0x000000008000609c (0xb02024f3) x9  0x0000000000000f03
core   0: 0x00000000800060a0 (0x0000a811) c.j     pc + 20
core   0: 3 0x00000000800060a0 (0xa811)
core   0: >>>>  mepc_4
core   0: 0x00000000800060b4 (0x00000791) c.addi  a5, 4
core   0: 3 0x00000000800060b4 (0x0791) x15 0x000000008000549e
core   0: 0x00000000800060b6 (0x34179073) csrrw   zero, mepc, a5
core   0: 3 0x00000000800060b6 (0x34179073) c833_mepc 0x000000008000549e
core   0: 0x00000000800060ba (0x30200073) mret
core   0: 3 0x00000000800060ba (0x30200073) c768_mstatus 0x8000000a00106080
core   0: 0x000000008000549e (0x000227b3) slt     a5, tp, zero
core   0: 1 0x000000008000549e (0x000227b3) x15 0x0000000000000000
core   0: 0x00000000800054a2 (0x01561dbb) sllw    s11, a2, s5
core   0: 1 0x00000000800054a2 (0x01561dbb) x27 0x0000000000000000
core   0: 0x00000000800054a6 (0x002196f3) csrrw   a3, frm, gp
core   0: 1 0x00000000800054a6 (0x002196f3) x13 0x0000000000000000 c2_frm 0x0000000000000000
core   0: 0x00000000800054aa (0x4183d93b) sraw    s2, t2, s8
core   0: 1 0x00000000800054aa (0x4183d93b) x18 0x000000006ca84000
core   0: 0x00000000800054ae (0x0071813b) addw    sp, gp, t2
core   0: 1 0x00000000800054ae (0x0071813b) x2  0x000000006ca84010
core   0: 0x00000000800054b2 (0x419c521b) sraiw   tp, s8, 25
core   0: 1 0x00000000800054b2 (0x419c521b) x4  0xffffffffffffffc0
core   0: 0x00000000800054b6 (0x01c5dc93) srli    s9, a1, 28
core   0: 1 0x00000000800054b6 (0x01c5dc93) x25 0x000000000000000c
core   0: 0x00000000800054ba (0x013e89bb) addw    s3, t4, s3
core   0: 1 0x00000000800054ba (0x013e89bb) x19 0x0000000000d77fff
core   0: 0x00000000800054be (0x34241b73) csrrw   s6, mcause, s0
core   0: exception trap_illegal_instruction, epc 0x00000000800054be
core   0:           tval 0x0000000034241b73
core   0: >>>>  $xrv64i2p1_m2p0_a2p1_f2p2_d2p2_zicsr2p0_zifencei2p0_zmmul1p0_zba1p0_zbb1p0_zbc1p0_zbs1p0
core   0: 0x0000000080004000 (0x0080006f) j       pc + 0x8
core   0: 3 0x0000000080004000 (0x0080006f)
core   0: >>>>  mmode_exception_handler
core   0: 0x0000000080004008 (0x00002c17) auipc   s8, 0x2
core   0: 3 0x0000000080004008 (0x00002c17) x24 0x0000000080006008
core   0: 0x000000008000400c (0x078c0c13) addi    s8, s8, 120
core   0: 3 0x000000008000400c (0x078c0c13) x24 0x0000000080006080
core   0: 0x0000000080004010 (0x000c00e7) jalr    s8
core   0: 3 0x0000000080004010 (0x000c00e7) x1  0x0000000080004014
core   0: >>>>  any_handler
core   0: 0x0000000080006080 (0x341027f3) csrrs   a5, mepc, zero
core   0: 3 0x0000000080006080 (0x341027f3) x15 0x00000000800054be
core   0: 0x0000000080006084 (0x34202773) csrrs   a4, mcause, zero
core   0: 3 0x0000000080006084 (0x34202773) x14 0x0000000000000002
core   0: 0x0000000080006088 (0x142026f3) csrrs   a3, scause, zero
core   0: 3 0x0000000080006088 (0x142026f3) x13 0x0000000000000000
core   0: 0x000000008000608c (0x30402673) csrrs   a2, mie, zero
core   0: 3 0x000000008000608c (0x30402673) x12 0x0000000000000a00
core   0: 0x0000000080006090 (0x344025f3) csrrs   a1, mip, zero
core   0: 3 0x0000000080006090 (0x344025f3) x11 0x0000000000000080
core   0: 0x0000000080006094 (0x343025f3) csrrs   a1, mtval, zero
core   0: 3 0x0000000080006094 (0x343025f3) x11 0x0000000034241b73
core   0: 0x0000000080006098 (0x14302573) csrrs   a0, stval, zero
core   0: 3 0x0000000080006098 (0x14302573) x10 0x0000000000000000
core   0: 0x000000008000609c (0xb02024f3) csrrs   s1, minstret, zero
core   0: 3 0x000000008000609c (0xb02024f3) x9  0x0000000000000f1b
core   0: 0x00000000800060a0 (0x0000a811) c.j     pc + 20
core   0: 3 0x00000000800060a0 (0xa811)
core   0: >>>>  mepc_4
core   0: 0x00000000800060b4 (0x00000791) c.addi  a5, 4
core   0: 3 0x00000000800060b4 (0x0791) x15 0x00000000800054c2
core   0: 0x00000000800060b6 (0x34179073) csrrw   zero, mepc, a5
core   0: 3 0x00000000800060b6 (0x34179073) c833_mepc 0x00000000800054c2
core   0: 0x00000000800060ba (0x30200073) mret
core   0: 3 0x00000000800060ba (0x30200073) c768_mstatus 0x8000000a00106080
core   0: 0x00000000800054c2 (0x0358fad3) fadd.d  fs5, fa7, fs5
core   0: 1 0x00000000800054c2 (0x0358fad3) f21 0x7ff8000000000000
core   0: 0x00000000800054c6 (0x00089893) slli    a7, a7, 0
core   0: 1 0x00000000800054c6 (0x00089893) x17 0x0000000000000000
core   0: 0x00000000800054ca (0x002020f3) csrrs   ra, frm, zero
core   0: 1 0x00000000800054ca (0x002020f3) x1  0x0000000000000000
core   0: 0x00000000800054ce (0x1ad6f753) fdiv.d  fa4, fa3, fa3
core   0: 1 0x00000000800054ce (0x1ad6f753) f14 0x7ff8000000000000
core   0: 0x00000000800054d2 (0x22b425d3) fsgnjx.d fa1, fs0, fa1
core   0: 1 0x00000000800054d2 (0x22b425d3) f11 0xffffffffc4f46000
core   0: 0x00000000800054d6 (0x0008813b) addw    sp, a7, zero
core   0: 1 0x00000000800054d6 (0x0008813b) x2  0x0000000000000000
core   0: 0x00000000800054da (0x00f104bb) addw    s1, sp, a5
core   0: 1 0x00000000800054da (0x00f104bb) x9  0xffffffff800054c2
core   0: 0x00000000800054de (0x0b707bd3) fsub.d  fs7, ft0, fs7
core   0: 1 0x00000000800054de (0x0b707bd3) f23 0x7ff8000000000000
core   0: 0x00000000800054e2 (0x02c49c33) mulh    s8, s1, a2
core   0: 1 0x00000000800054e2 (0x02c49c33) x24 0xffffffffffffffff
core   0: 0x00000000800054e6 (0x001beeb3) or      t4, s7, ra
core   0: 1 0x00000000800054e6 (0x001beeb3) x29 0xffffffffffffffff
core   0: 0x00000000800054ea (0x0000956a) c.add   a0, s10
core   0: 1 0x00000000800054ea (0x956a) x10 0xffffffff80000000
core   0: 0x00000000800054ec (0x01b85cb3) srl     s9, a6, s11
core   0: 1 0x00000000800054ec (0x01b85cb3) x25 0x0000000000000010
core   0: 0x00000000800054f0 (0x4015f253) fcvt.s.d ft4, fa1
core   0: 1 0x00000000800054f0 (0x4015f253) f4  0xffffffff7fc00000
core   0: 0x00000000800054f4 (0x019365b3) or      a1, t1, s9
core   0: 1 0x00000000800054f4 (0x019365b3) x11 0x0000000000000010
core   0: 0x00000000800054f8 (0x009b573b) srlw    a4, s6, s1
core   0: 1 0x00000000800054f8 (0x009b573b) x14 0x000000003fffffff
core   0: 0x00000000800054fc (0x015c4c33) xor     s8, s8, s5
core   0: 1 0x00000000800054fc (0x015c4c33) x24 0x0000000000000000
core   0: 0x0000000080005500 (0x414b5a9b) sraiw   s5, s6, 20
core   0: 1 0x0000000080005500 (0x414b5a9b) x21 0xffffffffffffffff
core   0: 0x0000000080005504 (0x575c2617) auipc   a2, 0x575c2
core   0: 1 0x0000000080005504 (0x575c2617) x12 0x00000000d75c7504
core   0: 0x0000000080005508 (0x00108abb) addw    s5, ra, ra
core   0: 1 0x0000000080005508 (0x00108abb) x21 0x0000000000000000
core   0: 0x000000008000550c (0x223e1c53) fsgnjn.d fs8, ft8, ft3
core   0: 1 0x000000008000550c (0x223e1c53) f24 0xfff8000000000000
core   0: 0x0000000080005510 (0x002dfdb3) and     s11, s11, sp
core   0: 1 0x0000000080005510 (0x002dfdb3) x27 0x0000000000000000
core   0: 0x0000000080005514 (0x03aabd33) mulhu   s10, s5, s10
core   0: 1 0x0000000080005514 (0x03aabd33) x26 0x0000000000000000
core   0: 0x0000000080005518 (0x02bdf8b3) remu    a7, s11, a1
core   0: 1 0x0000000080005518 (0x02bdf8b3) x17 0x0000000000000000
core   0: 0x000000008000551c (0x006ddc13) srli    s8, s11, 6
core   0: 1 0x000000008000551c (0x006ddc13) x24 0x0000000000000000
core   0: 0x0000000080005520 (0xd21c0053) fcvt.d.wu ft0, s8
core   0: 1 0x0000000080005520 (0xd21c0053) f0  0x0000000000000000
core   0: 0x0000000080005524 (0x01f2d29b) srliw   t0, t0, 31
core   0: 1 0x0000000080005524 (0x01f2d29b) x5  0x0000000000000000
core   0: 0x0000000080005528 (0x41da5db3) sra     s11, s4, t4
core   0: 1 0x0000000080005528 (0x41da5db3) x27 0x0000000000000000
core   0: 0x000000008000552c (0xf2028bd3) fmv.d.x fs7, t0
core   0: 1 0x000000008000552c (0xf2028bd3) f23 0x0000000000000000
core   0: 0x0000000080005530 (0x010724b3) slt     s1, a4, a6
core   0: 1 0x0000000080005530 (0x010724b3) x9  0x0000000000000000
core   0: 0x0000000080005534 (0x412bdd3b) sraw    s10, s7, s2
core   0: 1 0x0000000080005534 (0x412bdd3b) x26 0xffffffffffffffff
core   0: 0x0000000080005538 (0xc02bfa53) fcvt.l.s s4, fs7
core   0: 1 0x0000000080005538 (0xc02bfa53) c1_fflags 0x000000000000001f x20 0x7fffffffffffffff
core   0: 0x000000008000553c (0xd22a76d3) fcvt.d.l fa3, s4
core   0: 1 0x000000008000553c (0xd22a76d3) c1_fflags 0x000000000000001f f13 0x43e0000000000000
core   0: 0x0000000080005540 (0x00865c93) srli    s9, a2, 8
core   0: 1 0x0000000080005540 (0x00865c93) x25 0x0000000000d75c75
core   0: 0x0000000080005544 (0x03951613) slli    a2, a0, 57
core   0: 1 0x0000000080005544 (0x03951613) x12 0x0000000000000000
core   0: 0x0000000080005548 (0xd0397ed3) fcvt.s.lu ft9, s2
core   0: 1 0x0000000080005548 (0xd0397ed3) f29 0xffffffff4ed95080
core   0: 0x000000008000554c (0x00217133) and     sp, sp, sp
core   0: 1 0x000000008000554c (0x00217133) x2  0x0000000000000000
core   0: 0x0000000080005550 (0x122ef8d3) fmul.d  fa7, ft9, ft2
core   0: 1 0x0000000080005550 (0x122ef8d3) f17 0x7ff8000000000000
core   0: 0x0000000080005554 (0x021365b3) rem     a1, t1, ra
core   0: 1 0x0000000080005554 (0x021365b3) x11 0x0000000000000010
core   0: 0x0000000080005558 (0x7ffb0613) addi    a2, s6, 2047
core   0: 1 0x0000000080005558 (0x7ffb0613) x12 0x00000000000007fe
core   0: 0x000000008000555c (0xc01072f3) csrrci  t0, time, 0
core   0: exception trap_illegal_instruction, epc 0x000000008000555c
core   0:           tval 0x00000000c01072f3
core   0: >>>>  $xrv64i2p1_m2p0_a2p1_f2p2_d2p2_zicsr2p0_zifencei2p0_zmmul1p0_zba1p0_zbb1p0_zbc1p0_zbs1p0
core   0: 0x0000000080004000 (0x0080006f) j       pc + 0x8
core   0: 3 0x0000000080004000 (0x0080006f)
core   0: >>>>  mmode_exception_handler
core   0: 0x0000000080004008 (0x00002c17) auipc   s8, 0x2
core   0: 3 0x0000000080004008 (0x00002c17) x24 0x0000000080006008
core   0: 0x000000008000400c (0x078c0c13) addi    s8, s8, 120
core   0: 3 0x000000008000400c (0x078c0c13) x24 0x0000000080006080
core   0: 0x0000000080004010 (0x000c00e7) jalr    s8
core   0: 3 0x0000000080004010 (0x000c00e7) x1  0x0000000080004014
core   0: >>>>  any_handler
core   0: 0x0000000080006080 (0x341027f3) csrrs   a5, mepc, zero
core   0: 3 0x0000000080006080 (0x341027f3) x15 0x000000008000555c
core   0: 0x0000000080006084 (0x34202773) csrrs   a4, mcause, zero
core   0: 3 0x0000000080006084 (0x34202773) x14 0x0000000000000002
core   0: 0x0000000080006088 (0x142026f3) csrrs   a3, scause, zero
core   0: 3 0x0000000080006088 (0x142026f3) x13 0x0000000000000000
core   0: 0x000000008000608c (0x30402673) csrrs   a2, mie, zero
core   0: 3 0x000000008000608c (0x30402673) x12 0x0000000000000a00
core   0: 0x0000000080006090 (0x344025f3) csrrs   a1, mip, zero
core   0: 3 0x0000000080006090 (0x344025f3) x11 0x0000000000000080
core   0: 0x0000000080006094 (0x343025f3) csrrs   a1, mtval, zero
core   0: 3 0x0000000080006094 (0x343025f3) x11 0x00000000c01072f3
core   0: 0x0000000080006098 (0x14302573) csrrs   a0, stval, zero
core   0: 3 0x0000000080006098 (0x14302573) x10 0x0000000000000000
core   0: 0x000000008000609c (0xb02024f3) csrrs   s1, minstret, zero
core   0: 3 0x000000008000609c (0xb02024f3) x9  0x0000000000000f52
core   0: 0x00000000800060a0 (0x0000a811) c.j     pc + 20
core   0: 3 0x00000000800060a0 (0xa811)
core   0: >>>>  mepc_4
core   0: 0x00000000800060b4 (0x00000791) c.addi  a5, 4
core   0: 3 0x00000000800060b4 (0x0791) x15 0x0000000080005560
core   0: 0x00000000800060b6 (0x34179073) csrrw   zero, mepc, a5
core   0: 3 0x00000000800060b6 (0x34179073) c833_mepc 0x0000000080005560
core   0: 0x00000000800060ba (0x30200073) mret
core   0: 3 0x00000000800060ba (0x30200073) c768_mstatus 0x8000000a00106080
core   0: 0x0000000080005560 (0x00102773) csrrs   a4, fflags, zero
core   0: 1 0x0000000080005560 (0x00102773) x14 0x000000000000001f
core   0: 0x0000000080005564 (0xd0317553) fcvt.s.lu fa0, sp
core   0: 1 0x0000000080005564 (0xd0317553) f10 0xffffffff00000000
core   0: 0x0000000080005568 (0x1a8074d3) fdiv.d  fs1, ft0, fs0
core   0: 1 0x0000000080005568 (0x1a8074d3) f9  0x7ff8000000000000
core   0: 0x000000008000556c (0x0029dd33) srl     s10, s3, sp
core   0: 1 0x000000008000556c (0x0029dd33) x26 0x0000000000d77fff
core   0: 0x0000000080005570 (0x02bdbdb3) mulhu   s11, s11, a1
core   0: 1 0x0000000080005570 (0x02bdbdb3) x27 0x0000000000000000
core   0: 0x0000000080005574 (0x01aeaab3) slt     s5, t4, s10
core   0: 1 0x0000000080005574 (0x01aeaab3) x21 0x0000000000000001
core   0: 0x0000000080005578 (0xc214fed3) fcvt.wu.d t4, fs1
core   0: 1 0x0000000080005578 (0xc214fed3) c1_fflags 0x000000000000001f x29 0xffffffffffffffff
core   0: 0x000000008000557c (0x001022f3) csrrs   t0, fflags, zero
core   0: 1 0x000000008000557c (0x001022f3) x5  0x000000000000001f
core   0: 0x0000000080005580 (0x43f65893) srai    a7, a2, 63
core   0: 1 0x0000000080005580 (0x43f65893) x17 0x0000000000000000
core   0: 0x0000000080005584 (0x41f1d61b) sraiw   a2, gp, 31
core   0: 1 0x0000000080005584 (0x41f1d61b) x12 0x0000000000000000
core   0: 0x0000000080005588 (0x001022f3) csrrs   t0, fflags, zero
core   0: 1 0x0000000080005588 (0x001022f3) x5  0x000000000000001f
core   0: 0x000000008000558c (0xcc6be313) ori     t1, s7, -826
core   0: 1 0x000000008000558c (0xcc6be313) x6  0xffffffffffffffff
core   0: 0x0000000080005590 (0x0006119b) slliw   gp, a2, 0
core   0: 1 0x0000000080005590 (0x0006119b) x3  0x0000000000000000
core   0: 0x0000000080005594 (0xfe7a2cb7) lui     s9, 0xfe7a2
core   0: 1 0x0000000080005594 (0xfe7a2cb7) x25 0xfffffffffe7a2000
core   0: 0x0000000080005598 (0x027c8c9b) addiw   s9, s9, 39
core   0: 1 0x0000000080005598 (0x027c8c9b) x25 0xfffffffffe7a2027
core   0: 0x000000008000559c (0x00000cba) c.slli  s9, 14
core   0: 1 0x000000008000559c (0x0cba) x25 0xffffff9e8809c000
core   0: 0x000000008000559e (0x26ac8c93) addi    s9, s9, 618
core   0: 1 0x000000008000559e (0x26ac8c93) x25 0xffffff9e8809c26a
core   0: 0x00000000800055a2 (0x4bdc7243) fmadd.d ft4, fs8, ft9, fs1
core   0: 1 0x00000000800055a2 (0x4bdc7243) f4  0x7ff8000000000000
core   0: 0x00000000800055a6 (0x018cde1b) srliw   t3, s9, 24
core   0: 1 0x00000000800055a6 (0x018cde1b) x28 0x0000000000000088
core   0: 0x00000000800055aa (0x01ce3cb3) sltu    s9, t3, t3
core   0: 1 0x00000000800055aa (0x01ce3cb3) x25 0x0000000000000000
core   0: 0x00000000800055ae (0xf20986d3) fmv.d.x fa3, s3
core   0: 1 0x00000000800055ae (0xf20986d3) f13 0x0000000000d77fff
core   0: 0x00000000800055b2 (0x323e11f3) csrrw   gp, mhpmevent3, t3
core   0: exception trap_illegal_instruction, epc 0x00000000800055b2
core   0:           tval 0x00000000323e11f3
core   0: >>>>  $xrv64i2p1_m2p0_a2p1_f2p2_d2p2_zicsr2p0_zifencei2p0_zmmul1p0_zba1p0_zbb1p0_zbc1p0_zbs1p0
core   0: 0x0000000080004000 (0x0080006f) j       pc + 0x8
core   0: 3 0x0000000080004000 (0x0080006f)
core   0: >>>>  mmode_exception_handler
core   0: 0x0000000080004008 (0x00002c17) auipc   s8, 0x2
core   0: 3 0x0000000080004008 (0x00002c17) x24 0x0000000080006008
core   0: 0x000000008000400c (0x078c0c13) addi    s8, s8, 120
core   0: 3 0x000000008000400c (0x078c0c13) x24 0x0000000080006080
core   0: 0x0000000080004010 (0x000c00e7) jalr    s8
core   0: 3 0x0000000080004010 (0x000c00e7) x1  0x0000000080004014
core   0: >>>>  any_handler
core   0: 0x0000000080006080 (0x341027f3) csrrs   a5, mepc, zero
core   0: 3 0x0000000080006080 (0x341027f3) x15 0x00000000800055b2
core   0: 0x0000000080006084 (0x34202773) csrrs   a4, mcause, zero
core   0: 3 0x0000000080006084 (0x34202773) x14 0x0000000000000002
core   0: 0x0000000080006088 (0x142026f3) csrrs   a3, scause, zero
core   0: 3 0x0000000080006088 (0x142026f3) x13 0x0000000000000000
core   0: 0x000000008000608c (0x30402673) csrrs   a2, mie, zero
core   0: 3 0x000000008000608c (0x30402673) x12 0x0000000000000a00
core   0: 0x0000000080006090 (0x344025f3) csrrs   a1, mip, zero
core   0: 3 0x0000000080006090 (0x344025f3) x11 0x0000000000000080
core   0: 0x0000000080006094 (0x343025f3) csrrs   a1, mtval, zero
core   0: 3 0x0000000080006094 (0x343025f3) x11 0x00000000323e11f3
core   0: 0x0000000080006098 (0x14302573) csrrs   a0, stval, zero
core   0: 3 0x0000000080006098 (0x14302573) x10 0x0000000000000000
core   0: 0x000000008000609c (0xb02024f3) csrrs   s1, minstret, zero
core   0: 3 0x000000008000609c (0xb02024f3) x9  0x0000000000000f77
core   0: 0x00000000800060a0 (0x0000a811) c.j     pc + 20
core   0: 3 0x00000000800060a0 (0xa811)
core   0: >>>>  mepc_4
core   0: 0x00000000800060b4 (0x00000791) c.addi  a5, 4
core   0: 3 0x00000000800060b4 (0x0791) x15 0x00000000800055b6
core   0: 0x00000000800060b6 (0x34179073) csrrw   zero, mepc, a5
core   0: 3 0x00000000800060b6 (0x34179073) c833_mepc 0x00000000800055b6
core   0: 0x00000000800060ba (0x30200073) mret
core   0: 3 0x00000000800060ba (0x30200073) c768_mstatus 0x8000000a00106080
core   0: 0x00000000800055b6 (0xb824ae73) csrrs   t3, minstreth, s1
core   0: exception trap_illegal_instruction, epc 0x00000000800055b6
core   0:           tval 0x00000000b824ae73
core   0: >>>>  $xrv64i2p1_m2p0_a2p1_f2p2_d2p2_zicsr2p0_zifencei2p0_zmmul1p0_zba1p0_zbb1p0_zbc1p0_zbs1p0
core   0: 0x0000000080004000 (0x0080006f) j       pc + 0x8
core   0: 3 0x0000000080004000 (0x0080006f)
core   0: >>>>  mmode_exception_handler
core   0: 0x0000000080004008 (0x00002c17) auipc   s8, 0x2
core   0: 3 0x0000000080004008 (0x00002c17) x24 0x0000000080006008
core   0: 0x000000008000400c (0x078c0c13) addi    s8, s8, 120
core   0: 3 0x000000008000400c (0x078c0c13) x24 0x0000000080006080
core   0: 0x0000000080004010 (0x000c00e7) jalr    s8
core   0: 3 0x0000000080004010 (0x000c00e7) x1  0x0000000080004014
core   0: >>>>  any_handler
core   0: 0x0000000080006080 (0x341027f3) csrrs   a5, mepc, zero
core   0: 3 0x0000000080006080 (0x341027f3) x15 0x00000000800055b6
core   0: 0x0000000080006084 (0x34202773) csrrs   a4, mcause, zero
core   0: 3 0x0000000080006084 (0x34202773) x14 0x0000000000000002
core   0: 0x0000000080006088 (0x142026f3) csrrs   a3, scause, zero
core   0: 3 0x0000000080006088 (0x142026f3) x13 0x0000000000000000
core   0: 0x000000008000608c (0x30402673) csrrs   a2, mie, zero
core   0: 3 0x000000008000608c (0x30402673) x12 0x0000000000000a00
core   0: 0x0000000080006090 (0x344025f3) csrrs   a1, mip, zero
core   0: 3 0x0000000080006090 (0x344025f3) x11 0x0000000000000080
core   0: 0x0000000080006094 (0x343025f3) csrrs   a1, mtval, zero
core   0: 3 0x0000000080006094 (0x343025f3) x11 0x00000000b824ae73
core   0: 0x0000000080006098 (0x14302573) csrrs   a0, stval, zero
core   0: 3 0x0000000080006098 (0x14302573) x10 0x0000000000000000
core   0: 0x000000008000609c (0xb02024f3) csrrs   s1, minstret, zero
core   0: 3 0x000000008000609c (0xb02024f3) x9  0x0000000000000f87
core   0: 0x00000000800060a0 (0x0000a811) c.j     pc + 20
core   0: 3 0x00000000800060a0 (0xa811)
core   0: >>>>  mepc_4
core   0: 0x00000000800060b4 (0x00000791) c.addi  a5, 4
core   0: 3 0x00000000800060b4 (0x0791) x15 0x00000000800055ba
core   0: 0x00000000800060b6 (0x34179073) csrrw   zero, mepc, a5
core   0: 3 0x00000000800060b6 (0x34179073) c833_mepc 0x00000000800055ba
core   0: 0x00000000800060ba (0x30200073) mret
core   0: 3 0x00000000800060ba (0x30200073) c768_mstatus 0x8000000a00106080
core   0: 0x00000000800055ba (0x02e67933) remu    s2, a2, a4
core   0: 1 0x00000000800055ba (0x02e67933) x18 0x0000000000000000
core   0: 0x00000000800055be (0x01f61c1b) slliw   s8, a2, 31
core   0: 1 0x00000000800055be (0x01f61c1b) x24 0x0000000000000000
core   0: 0x00000000800055c2 (0x0467c3b7) lui     t2, 0x467c
core   0: 1 0x00000000800055c2 (0x0467c3b7) x7  0x000000000467c000
core   0: 0x00000000800055c6 (0x58d3839b) addiw   t2, t2, 1421
core   0: 1 0x00000000800055c6 (0x58d3839b) x7  0x000000000467c58d
core   0: 0x00000000800055ca (0x000003b2) c.slli  t2, 12
core   0: 1 0x00000000800055ca (0x03b2) x7  0x000000467c58d000
core   0: 0x00000000800055cc (0x69c38393) addi    t2, t2, 1692
core   0: 1 0x00000000800055cc (0x69c38393) x7  0x000000467c58d69c
core   0: 0x00000000800055d0 (0x5a0b7153) fsqrt.d ft2, fs6
core   0: 1 0x00000000800055d0 (0x5a0b7153) c1_fflags 0x000000000000001f f2  0x40ad5c1e2d71c8fb
core   0: 0x00000000800055d4 (0x72114b93) xori    s7, sp, 1825
core   0: 1 0x00000000800055d4 (0x72114b93) x23 0x0000000000000721
core   0: 0x00000000800055d8 (0x00000001) c.nop
core   0: 1 0x00000000800055d8 (0x0001)
core   0: 0x00000000800055da (0x02647c33) remu    s8, s0, t1
core   0: 1 0x00000000800055da (0x02647c33) x24 0x0000000000000010
core   0: 0x00000000800055de (0x5a0c7fd3) fsqrt.d ft11, fs8
core   0: 1 0x00000000800055de (0x5a0c7fd3) f31 0x7ff8000000000000
core   0: 0x00000000800055e2 (0x53576837) lui     a6, 0x53576
core   0: 1 0x00000000800055e2 (0x53576837) x16 0x0000000053576000
core   0: 0x00000000800055e6 (0x01a1cd33) xor     s10, gp, s10
core   0: 1 0x00000000800055e6 (0x01a1cd33) x26 0x0000000000d77fff
core   0: 0x00000000800055ea (0x03a7d7b3) divu    a5, a5, s10
core   0: 1 0x00000000800055ea (0x03a7d7b3) x15 0x0000000000000098
core   0: 0x00000000800055ee (0xb2cc77c3) fmadd.d fa5, fs8, fa2, fs6
core   0: 1 0x00000000800055ee (0xb2cc77c3) f15 0x7ff8000000000000
core   0: 0x00000000800055f2 (0xc342fa4f) fnmadd.d fs4, ft5, fs4, fs8
core   0: 1 0x00000000800055f2 (0xc342fa4f) f20 0x7ff8000000000000
core   0: 0x00000000800055f6 (0xc03efc53) fcvt.lu.s s8, ft9
core   0: 1 0x00000000800055f6 (0xc03efc53) x24 0x000000006ca84000
core   0: 0x00000000800055fa (0x0156c6b3) xor     a3, a3, s5
core   0: 1 0x00000000800055fa (0x0156c6b3) x13 0x0000000000000001
core   0: 0x00000000800055fe (0xf2018bd3) fmv.d.x fs7, gp
core   0: 1 0x00000000800055fe (0xf2018bd3) f23 0x0000000000000000
core   0: 0x0000000080005602 (0x034c5513) srli    a0, s8, 52
core   0: 1 0x0000000080005602 (0x034c5513) x10 0x0000000000000000
core   0: 0x0000000080005606 (0x43f55893) srai    a7, a0, 63
core   0: 1 0x0000000080005606 (0x43f55893) x17 0x0000000000000000
core   0: 0x000000008000560a (0x01d69993) slli    s3, a3, 29
core   0: 1 0x000000008000560a (0x01d69993) x19 0x0000000020000000
core   0: 0x000000008000560e (0x00d45a93) srli    s5, s0, 13
core   0: 1 0x000000008000560e (0x00d45a93) x21 0x0000000000000000
core   0: 0x0000000080005612 (0x024e663b) remw    a2, t3, tp
core   0: 1 0x0000000080005612 (0x024e663b) x12 0x0000000000000008
core   0: 0x0000000080005616 (0x01645e3b) srlw    t3, s0, s6
core   0: 1 0x0000000080005616 (0x01645e3b) x28 0x0000000000000000
core   0: 0x000000008000561a (0x0000895e) c.mv    s2, s7
core   0: 1 0x000000008000561a (0x895e) x18 0x0000000000000721
core   0: 0x000000008000561c (0x80078593) addi    a1, a5, -2048
core   0: 1 0x000000008000561c (0x80078593) x11 0xfffffffffffff898
core   0: 0x0000000080005620 (0x00217233) and     tp, sp, sp
core   0: 1 0x0000000080005620 (0x00217233) x4  0x0000000000000000
core   0: 0x0000000080005624 (0xc20bf853) fcvt.w.d a6, fs7
core   0: 1 0x0000000080005624 (0xc20bf853) x16 0x0000000000000000
core   0: 0x0000000080005628 (0x03775a93) srli    s5, a4, 55
core   0: 1 0x0000000080005628 (0x03775a93) x21 0x0000000000000000
core   0: 0x000000008000562c (0x401d5c13) srai    s8, s10, 1
core   0: 1 0x000000008000562c (0x401d5c13) x24 0x00000000006bbfff
core   0: 0x0000000080005630 (0x002c12f3) csrrw   t0, frm, s8
core   0: 1 0x0000000080005630 (0x002c12f3) x5  0x0000000000000000 c2_frm 0x0000000000000007
core   0: 0x0000000080005634 (0x7472e593) ori     a1, t0, 1863
core   0: 1 0x0000000080005634 (0x7472e593) x11 0x0000000000000747
core   0: 0x0000000080005638 (0x00c65a33) srl     s4, a2, a2
core   0: 1 0x0000000080005638 (0x00c65a33) x20 0x0000000000000000
core   0: 0x000000008000563c (0x001025f3) csrrs   a1, fflags, zero
core   0: 1 0x000000008000563c (0x001025f3) x11 0x000000000000001f
core   0: 0x0000000080005640 (0xcdda0293) addi    t0, s4, -803
core   0: 1 0x0000000080005640 (0xcdda0293) x5  0xfffffffffffffcdd
core   0: 0x0000000080005644 (0xc22cf153) fcvt.l.d sp, fs9
core   0: exception trap_illegal_instruction, epc 0x0000000080005644
core   0:           tval 0x00000000c22cf153
core   0: >>>>  $xrv64i2p1_m2p0_a2p1_f2p2_d2p2_zicsr2p0_zifencei2p0_zmmul1p0_zba1p0_zbb1p0_zbc1p0_zbs1p0
core   0: 0x0000000080004000 (0x0080006f) j       pc + 0x8
core   0: 3 0x0000000080004000 (0x0080006f)
core   0: >>>>  mmode_exception_handler
core   0: 0x0000000080004008 (0x00002c17) auipc   s8, 0x2
core   0: 3 0x0000000080004008 (0x00002c17) x24 0x0000000080006008
core   0: 0x000000008000400c (0x078c0c13) addi    s8, s8, 120
core   0: 3 0x000000008000400c (0x078c0c13) x24 0x0000000080006080
core   0: 0x0000000080004010 (0x000c00e7) jalr    s8
core   0: 3 0x0000000080004010 (0x000c00e7) x1  0x0000000080004014
core   0: >>>>  any_handler
core   0: 0x0000000080006080 (0x341027f3) csrrs   a5, mepc, zero
core   0: 3 0x0000000080006080 (0x341027f3) x15 0x0000000080005644
core   0: 0x0000000080006084 (0x34202773) csrrs   a4, mcause, zero
core   0: 3 0x0000000080006084 (0x34202773) x14 0x0000000000000002
core   0: 0x0000000080006088 (0x142026f3) csrrs   a3, scause, zero
core   0: 3 0x0000000080006088 (0x142026f3) x13 0x0000000000000000
core   0: 0x000000008000608c (0x30402673) csrrs   a2, mie, zero
core   0: 3 0x000000008000608c (0x30402673) x12 0x0000000000000a00
core   0: 0x0000000080006090 (0x344025f3) csrrs   a1, mip, zero
core   0: 3 0x0000000080006090 (0x344025f3) x11 0x0000000000000080
core   0: 0x0000000080006094 (0x343025f3) csrrs   a1, mtval, zero
core   0: 3 0x0000000080006094 (0x343025f3) x11 0x00000000c22cf153
core   0: 0x0000000080006098 (0x14302573) csrrs   a0, stval, zero
core   0: 3 0x0000000080006098 (0x14302573) x10 0x0000000000000000
core   0: 0x000000008000609c (0xb02024f3) csrrs   s1, minstret, zero
core   0: 3 0x000000008000609c (0xb02024f3) x9  0x0000000000000fbb
core   0: 0x00000000800060a0 (0x0000a811) c.j     pc + 20
core   0: 3 0x00000000800060a0 (0xa811)
core   0: >>>>  mepc_4
core   0: 0x00000000800060b4 (0x00000791) c.addi  a5, 4
core   0: 3 0x00000000800060b4 (0x0791) x15 0x0000000080005648
core   0: 0x00000000800060b6 (0x34179073) csrrw   zero, mepc, a5
core   0: 3 0x00000000800060b6 (0x34179073) c833_mepc 0x0000000080005648
core   0: 0x00000000800060ba (0x30200073) mret
core   0: 3 0x00000000800060ba (0x30200073) c768_mstatus 0x8000000a00106080
core   0: 0x0000000080005648 (0xc209f6d3) fcvt.w.d a3, fs3
core   0: exception trap_illegal_instruction, epc 0x0000000080005648
core   0:           tval 0x00000000c209f6d3
core   0: >>>>  $xrv64i2p1_m2p0_a2p1_f2p2_d2p2_zicsr2p0_zifencei2p0_zmmul1p0_zba1p0_zbb1p0_zbc1p0_zbs1p0
core   0: 0x0000000080004000 (0x0080006f) j       pc + 0x8
core   0: 3 0x0000000080004000 (0x0080006f)
core   0: >>>>  mmode_exception_handler
core   0: 0x0000000080004008 (0x00002c17) auipc   s8, 0x2
core   0: 3 0x0000000080004008 (0x00002c17) x24 0x0000000080006008
core   0: 0x000000008000400c (0x078c0c13) addi    s8, s8, 120
core   0: 3 0x000000008000400c (0x078c0c13) x24 0x0000000080006080
core   0: 0x0000000080004010 (0x000c00e7) jalr    s8
core   0: 3 0x0000000080004010 (0x000c00e7) x1  0x0000000080004014
core   0: >>>>  any_handler
core   0: 0x0000000080006080 (0x341027f3) csrrs   a5, mepc, zero
core   0: 3 0x0000000080006080 (0x341027f3) x15 0x0000000080005648
core   0: 0x0000000080006084 (0x34202773) csrrs   a4, mcause, zero
core   0: 3 0x0000000080006084 (0x34202773) x14 0x0000000000000002
core   0: 0x0000000080006088 (0x142026f3) csrrs   a3, scause, zero
core   0: 3 0x0000000080006088 (0x142026f3) x13 0x0000000000000000
core   0: 0x000000008000608c (0x30402673) csrrs   a2, mie, zero
core   0: 3 0x000000008000608c (0x30402673) x12 0x0000000000000a00
core   0: 0x0000000080006090 (0x344025f3) csrrs   a1, mip, zero
core   0: 3 0x0000000080006090 (0x344025f3) x11 0x0000000000000080
core   0: 0x0000000080006094 (0x343025f3) csrrs   a1, mtval, zero
core   0: 3 0x0000000080006094 (0x343025f3) x11 0x00000000c209f6d3
core   0: 0x0000000080006098 (0x14302573) csrrs   a0, stval, zero
core   0: 3 0x0000000080006098 (0x14302573) x10 0x0000000000000000
core   0: 0x000000008000609c (0xb02024f3) csrrs   s1, minstret, zero
core   0: 3 0x000000008000609c (0xb02024f3) x9  0x0000000000000fcb
core   0: 0x00000000800060a0 (0x0000a811) c.j     pc + 20
core   0: 3 0x00000000800060a0 (0xa811)
core   0: >>>>  mepc_4
core   0: 0x00000000800060b4 (0x00000791) c.addi  a5, 4
core   0: 3 0x00000000800060b4 (0x0791) x15 0x000000008000564c
core   0: 0x00000000800060b6 (0x34179073) csrrw   zero, mepc, a5
core   0: 3 0x00000000800060b6 (0x34179073) c833_mepc 0x000000008000564c
core   0: 0x00000000800060ba (0x30200073) mret
core   0: 3 0x00000000800060ba (0x30200073) c768_mstatus 0x8000000a00106080
core   0: 0x000000008000564c (0x42098f53) fcvt.d.s ft10, fs3
core   0: 1 0x000000008000564c (0x42098f53) f30 0x7ff8000000000000
core   0: 0x0000000080005650 (0xf20d8cd3) fmv.d.x fs9, s11
core   0: 1 0x0000000080005650 (0xf20d8cd3) f25 0x0000000000000000
core   0: 0x0000000080005654 (0x02c3873b) mulw    a4, t2, a2
core   0: 1 0x0000000080005654 (0x02c3873b) x14 0x0000000078621800
core   0: 0x0000000080005658 (0xc212fb53) fcvt.wu.d s6, ft5
core   0: exception trap_illegal_instruction, epc 0x0000000080005658
core   0:           tval 0x00000000c212fb53
core   0: >>>>  $xrv64i2p1_m2p0_a2p1_f2p2_d2p2_zicsr2p0_zifencei2p0_zmmul1p0_zba1p0_zbb1p0_zbc1p0_zbs1p0
core   0: 0x0000000080004000 (0x0080006f) j       pc + 0x8
core   0: 3 0x0000000080004000 (0x0080006f)
core   0: >>>>  mmode_exception_handler
core   0: 0x0000000080004008 (0x00002c17) auipc   s8, 0x2
core   0: 3 0x0000000080004008 (0x00002c17) x24 0x0000000080006008
core   0: 0x000000008000400c (0x078c0c13) addi    s8, s8, 120
core   0: 3 0x000000008000400c (0x078c0c13) x24 0x0000000080006080
core   0: 0x0000000080004010 (0x000c00e7) jalr    s8
core   0: 3 0x0000000080004010 (0x000c00e7) x1  0x0000000080004014
core   0: >>>>  any_handler
core   0: 0x0000000080006080 (0x341027f3) csrrs   a5, mepc, zero
core   0: 3 0x0000000080006080 (0x341027f3) x15 0x0000000080005658
core   0: 0x0000000080006084 (0x34202773) csrrs   a4, mcause, zero
core   0: 3 0x0000000080006084 (0x34202773) x14 0x0000000000000002
core   0: 0x0000000080006088 (0x142026f3) csrrs   a3, scause, zero
core   0: 3 0x0000000080006088 (0x142026f3) x13 0x0000000000000000
core   0: 0x000000008000608c (0x30402673) csrrs   a2, mie, zero
core   0: 3 0x000000008000608c (0x30402673) x12 0x0000000000000a00
core   0: 0x0000000080006090 (0x344025f3) csrrs   a1, mip, zero
core   0: 3 0x0000000080006090 (0x344025f3) x11 0x0000000000000080
core   0: 0x0000000080006094 (0x343025f3) csrrs   a1, mtval, zero
core   0: 3 0x0000000080006094 (0x343025f3) x11 0x00000000c212fb53
core   0: 0x0000000080006098 (0x14302573) csrrs   a0, stval, zero
core   0: 3 0x0000000080006098 (0x14302573) x10 0x0000000000000000
core   0: 0x000000008000609c (0xb02024f3) csrrs   s1, minstret, zero
core   0: 3 0x000000008000609c (0xb02024f3) x9  0x0000000000000fde
core   0: 0x00000000800060a0 (0x0000a811) c.j     pc + 20
core   0: 3 0x00000000800060a0 (0xa811)
core   0: >>>>  mepc_4
core   0: 0x00000000800060b4 (0x00000791) c.addi  a5, 4
core   0: 3 0x00000000800060b4 (0x0791) x15 0x000000008000565c
core   0: 0x00000000800060b6 (0x34179073) csrrw   zero, mepc, a5
core   0: 3 0x00000000800060b6 (0x34179073) c833_mepc 0x000000008000565c
core   0: 0x00000000800060ba (0x30200073) mret
core   0: 3 0x00000000800060ba (0x30200073) c768_mstatus 0x8000000a00106080
core   0: 0x000000008000565c (0x3428e3f3) csrrsi  t2, mcause, 17
core   0: exception trap_illegal_instruction, epc 0x000000008000565c
core   0:           tval 0x000000003428e3f3
core   0: >>>>  $xrv64i2p1_m2p0_a2p1_f2p2_d2p2_zicsr2p0_zifencei2p0_zmmul1p0_zba1p0_zbb1p0_zbc1p0_zbs1p0
core   0: 0x0000000080004000 (0x0080006f) j       pc + 0x8
core   0: 3 0x0000000080004000 (0x0080006f)
core   0: >>>>  mmode_exception_handler
core   0: 0x0000000080004008 (0x00002c17) auipc   s8, 0x2
core   0: 3 0x0000000080004008 (0x00002c17) x24 0x0000000080006008
core   0: 0x000000008000400c (0x078c0c13) addi    s8, s8, 120
core   0: 3 0x000000008000400c (0x078c0c13) x24 0x0000000080006080
core   0: 0x0000000080004010 (0x000c00e7) jalr    s8
core   0: 3 0x0000000080004010 (0x000c00e7) x1  0x0000000080004014
core   0: >>>>  any_handler
core   0: 0x0000000080006080 (0x341027f3) csrrs   a5, mepc, zero
core   0: 3 0x0000000080006080 (0x341027f3) x15 0x000000008000565c
core   0: 0x0000000080006084 (0x34202773) csrrs   a4, mcause, zero
core   0: 3 0x0000000080006084 (0x34202773) x14 0x0000000000000002
core   0: 0x0000000080006088 (0x142026f3) csrrs   a3, scause, zero
core   0: 3 0x0000000080006088 (0x142026f3) x13 0x0000000000000000
core   0: 0x000000008000608c (0x30402673) csrrs   a2, mie, zero
core   0: 3 0x000000008000608c (0x30402673) x12 0x0000000000000a00
core   0: 0x0000000080006090 (0x344025f3) csrrs   a1, mip, zero
core   0: 3 0x0000000080006090 (0x344025f3) x11 0x0000000000000080
core   0: 0x0000000080006094 (0x343025f3) csrrs   a1, mtval, zero
core   0: 3 0x0000000080006094 (0x343025f3) x11 0x000000003428e3f3
core   0: 0x0000000080006098 (0x14302573) csrrs   a0, stval, zero
core   0: 3 0x0000000080006098 (0x14302573) x10 0x0000000000000000
core   0: 0x000000008000609c (0xb02024f3) csrrs   s1, minstret, zero
core   0: 3 0x000000008000609c (0xb02024f3) x9  0x0000000000000fee
core   0: 0x00000000800060a0 (0x0000a811) c.j     pc + 20
core   0: 3 0x00000000800060a0 (0xa811)
core   0: >>>>  mepc_4
core   0: 0x00000000800060b4 (0x00000791) c.addi  a5, 4
core   0: 3 0x00000000800060b4 (0x0791) x15 0x0000000080005660
core   0: 0x00000000800060b6 (0x34179073) csrrw   zero, mepc, a5
core   0: 3 0x00000000800060b6 (0x34179073) c833_mepc 0x0000000080005660
core   0: 0x00000000800060ba (0x30200073) mret
core   0: 3 0x00000000800060ba (0x30200073) c768_mstatus 0x8000000a00106080
core   0: 0x0000000080005660 (0x00159293) slli    t0, a1, 1
core   0: 1 0x0000000080005660 (0x00159293) x5  0x000000006851c7e6
core   0: 0x0000000080005664 (0x7bb37dcb) fnmsub.d fs11, ft6, fs11, fa5
core   0: exception trap_illegal_instruction, epc 0x0000000080005664
core   0:           tval 0x000000007bb37dcb
core   0: >>>>  $xrv64i2p1_m2p0_a2p1_f2p2_d2p2_zicsr2p0_zifencei2p0_zmmul1p0_zba1p0_zbb1p0_zbc1p0_zbs1p0
core   0: 0x0000000080004000 (0x0080006f) j       pc + 0x8
core   0: 3 0x0000000080004000 (0x0080006f)
core   0: >>>>  mmode_exception_handler
core   0: 0x0000000080004008 (0x00002c17) auipc   s8, 0x2
core   0: 3 0x0000000080004008 (0x00002c17) x24 0x0000000080006008
core   0: 0x000000008000400c (0x078c0c13) addi    s8, s8, 120
core   0: 3 0x000000008000400c (0x078c0c13) x24 0x0000000080006080
core   0: 0x0000000080004010 (0x000c00e7) jalr    s8
core   0: 3 0x0000000080004010 (0x000c00e7) x1  0x0000000080004014
core   0: >>>>  any_handler
core   0: 0x0000000080006080 (0x341027f3) csrrs   a5, mepc, zero
core   0: 3 0x0000000080006080 (0x341027f3) x15 0x0000000080005664
core   0: 0x0000000080006084 (0x34202773) csrrs   a4, mcause, zero
core   0: 3 0x0000000080006084 (0x34202773) x14 0x0000000000000002
core   0: 0x0000000080006088 (0x142026f3) csrrs   a3, scause, zero
core   0: 3 0x0000000080006088 (0x142026f3) x13 0x0000000000000000
core   0: 0x000000008000608c (0x30402673) csrrs   a2, mie, zero
core   0: 3 0x000000008000608c (0x30402673) x12 0x0000000000000a00
core   0: 0x0000000080006090 (0x344025f3) csrrs   a1, mip, zero
core   0: 3 0x0000000080006090 (0x344025f3) x11 0x0000000000000080
core   0: 0x0000000080006094 (0x343025f3) csrrs   a1, mtval, zero
core   0: 3 0x0000000080006094 (0x343025f3) x11 0x000000007bb37dcb
core   0: 0x0000000080006098 (0x14302573) csrrs   a0, stval, zero
core   0: 3 0x0000000080006098 (0x14302573) x10 0x0000000000000000
core   0: 0x000000008000609c (0xb02024f3) csrrs   s1, minstret, zero
core   0: 3 0x000000008000609c (0xb02024f3) x9  0x0000000000000fff
core   0: 0x00000000800060a0 (0x0000a811) c.j     pc + 20
core   0: 3 0x00000000800060a0 (0xa811)
core   0: >>>>  mepc_4
core   0: 0x00000000800060b4 (0x00000791) c.addi  a5, 4
core   0: 3 0x00000000800060b4 (0x0791) x15 0x0000000080005668
core   0: 0x00000000800060b6 (0x34179073) csrrw   zero, mepc, a5
core   0: 3 0x00000000800060b6 (0x34179073) c833_mepc 0x0000000080005668
core   0: 0x00000000800060ba (0x30200073) mret
core   0: 3 0x00000000800060ba (0x30200073) c768_mstatus 0x8000000a00106080
core   0: 0x0000000080005668 (0x4006569b) sraiw   a3, a2, 0
core   0: 1 0x0000000080005668 (0x4006569b) x13 0x0000000000000a00
core   0: 0x000000008000566c (0x8003881b) addiw   a6, t2, -2048
core   0: 1 0x000000008000566c (0x8003881b) x16 0x000000007c58ce9c
core   0: 0x0000000080005670 (0x00000001) c.nop
core   0: 1 0x0000000080005670 (0x0001)
core   0: 0x0000000080005672 (0x032eccbb) divw    s9, t4, s2
core   0: 1 0x0000000080005672 (0x032eccbb) x25 0x0000000000000000
core   0: 0x0000000080005676 (0x1b81ff53) fdiv.d  ft10, ft3, fs8
core   0: exception trap_illegal_instruction, epc 0x0000000080005676
core   0:           tval 0x000000001b81ff53
core   0: >>>>  $xrv64i2p1_m2p0_a2p1_f2p2_d2p2_zicsr2p0_zifencei2p0_zmmul1p0_zba1p0_zbb1p0_zbc1p0_zbs1p0
core   0: 0x0000000080004000 (0x0080006f) j       pc + 0x8
core   0: 3 0x0000000080004000 (0x0080006f)
core   0: >>>>  mmode_exception_handler
core   0: 0x0000000080004008 (0x00002c17) auipc   s8, 0x2
core   0: 3 0x0000000080004008 (0x00002c17) x24 0x0000000080006008
core   0: 0x000000008000400c (0x078c0c13) addi    s8, s8, 120
core   0: 3 0x000000008000400c (0x078c0c13) x24 0x0000000080006080
core   0: 0x0000000080004010 (0x000c00e7) jalr    s8
core   0: 3 0x0000000080004010 (0x000c00e7) x1  0x0000000080004014
core   0: >>>>  any_handler
core   0: 0x0000000080006080 (0x341027f3) csrrs   a5, mepc, zero
core   0: 3 0x0000000080006080 (0x341027f3) x15 0x0000000080005676
core   0: 0x0000000080006084 (0x34202773) csrrs   a4, mcause, zero
core   0: 3 0x0000000080006084 (0x34202773) x14 0x0000000000000002
core   0: 0x0000000080006088 (0x142026f3) csrrs   a3, scause, zero
core   0: 3 0x0000000080006088 (0x142026f3) x13 0x0000000000000000
core   0: 0x000000008000608c (0x30402673) csrrs   a2, mie, zero
core   0: 3 0x000000008000608c (0x30402673) x12 0x0000000000000a00
core   0: 0x0000000080006090 (0x344025f3) csrrs   a1, mip, zero
core   0: 3 0x0000000080006090 (0x344025f3) x11 0x0000000000000080
core   0: 0x0000000080006094 (0x343025f3) csrrs   a1, mtval, zero
core   0: 3 0x0000000080006094 (0x343025f3) x11 0x000000001b81ff53
core   0: 0x0000000080006098 (0x14302573) csrrs   a0, stval, zero
core   0: 3 0x0000000080006098 (0x14302573) x10 0x0000000000000000
core   0: 0x000000008000609c (0xb02024f3) csrrs   s1, minstret, zero
core   0: 3 0x000000008000609c (0xb02024f3) x9  0x0000000000001013
core   0: 0x00000000800060a0 (0x0000a811) c.j     pc + 20
core   0: 3 0x00000000800060a0 (0xa811)
core   0: >>>>  mepc_4
core   0: 0x00000000800060b4 (0x00000791) c.addi  a5, 4
core   0: 3 0x00000000800060b4 (0x0791) x15 0x000000008000567a
core   0: 0x00000000800060b6 (0x34179073) csrrw   zero, mepc, a5
core   0: 3 0x00000000800060b6 (0x34179073) c833_mepc 0x000000008000567a
core   0: 0x00000000800060ba (0x30200073) mret
core   0: 3 0x00000000800060ba (0x30200073) c768_mstatus 0x8000000a00106080
core   0: 0x000000008000567a (0xd0387a53) fcvt.s.lu fs4, a6
core   0: exception trap_illegal_instruction, epc 0x000000008000567a
core   0:           tval 0x00000000d0387a53
core   0: >>>>  $xrv64i2p1_m2p0_a2p1_f2p2_d2p2_zicsr2p0_zifencei2p0_zmmul1p0_zba1p0_zbb1p0_zbc1p0_zbs1p0
core   0: 0x0000000080004000 (0x0080006f) j       pc + 0x8
core   0: 3 0x0000000080004000 (0x0080006f)
core   0: >>>>  mmode_exception_handler
core   0: 0x0000000080004008 (0x00002c17) auipc   s8, 0x2
core   0: 3 0x0000000080004008 (0x00002c17) x24 0x0000000080006008
core   0: 0x000000008000400c (0x078c0c13) addi    s8, s8, 120
core   0: 3 0x000000008000400c (0x078c0c13) x24 0x0000000080006080
core   0: 0x0000000080004010 (0x000c00e7) jalr    s8
core   0: 3 0x0000000080004010 (0x000c00e7) x1  0x0000000080004014
core   0: >>>>  any_handler
core   0: 0x0000000080006080 (0x341027f3) csrrs   a5, mepc, zero
core   0: 3 0x0000000080006080 (0x341027f3) x15 0x000000008000567a
core   0: 0x0000000080006084 (0x34202773) csrrs   a4, mcause, zero
core   0: 3 0x0000000080006084 (0x34202773) x14 0x0000000000000002
core   0: 0x0000000080006088 (0x142026f3) csrrs   a3, scause, zero
core   0: 3 0x0000000080006088 (0x142026f3) x13 0x0000000000000000
core   0: 0x000000008000608c (0x30402673) csrrs   a2, mie, zero
core   0: 3 0x000000008000608c (0x30402673) x12 0x0000000000000a00
core   0: 0x0000000080006090 (0x344025f3) csrrs   a1, mip, zero
core   0: 3 0x0000000080006090 (0x344025f3) x11 0x0000000000000080
core   0: 0x0000000080006094 (0x343025f3) csrrs   a1, mtval, zero
core   0: 3 0x0000000080006094 (0x343025f3) x11 0x00000000d0387a53
core   0: 0x0000000080006098 (0x14302573) csrrs   a0, stval, zero
core   0: 3 0x0000000080006098 (0x14302573) x10 0x0000000000000000
core   0: 0x000000008000609c (0xb02024f3) csrrs   s1, minstret, zero
core   0: 3 0x000000008000609c (0xb02024f3) x9  0x0000000000001023
core   0: 0x00000000800060a0 (0x0000a811) c.j     pc + 20
core   0: 3 0x00000000800060a0 (0xa811)
core   0: >>>>  mepc_4
core   0: 0x00000000800060b4 (0x00000791) c.addi  a5, 4
core   0: 3 0x00000000800060b4 (0x0791) x15 0x000000008000567e
core   0: 0x00000000800060b6 (0x34179073) csrrw   zero, mepc, a5
core   0: 3 0x00000000800060b6 (0x34179073) c833_mepc 0x000000008000567e
core   0: 0x00000000800060ba (0x30200073) mret
core   0: 3 0x00000000800060ba (0x30200073) c768_mstatus 0x8000000a00106080
core   0: 0x000000008000567e (0x03c608bb) mulw    a7, a2, t3
core   0: 1 0x000000008000567e (0x03c608bb) x17 0x0000000000000000
core   0: 0x0000000080005682 (0x41755d33) sra     s10, a0, s7
core   0: 1 0x0000000080005682 (0x41755d33) x26 0x0000000000000000
core   0: 0x0000000080005686 (0x019cda33) srl     s4, s9, s9
core   0: 1 0x0000000080005686 (0x019cda33) x20 0x0000000000000000
core   0: 0x000000008000568a (0x03ab003b) mulw    zero, s6, s10
core   0: 1 0x000000008000568a (0x03ab003b)
core   0: 0x000000008000568e (0x017d5e33) srl     t3, s10, s7
core   0: 1 0x000000008000568e (0x017d5e33) x28 0x0000000000000000
core   0: 0x0000000080005692 (0x011e48b3) xor     a7, t3, a7
core   0: 1 0x0000000080005692 (0x011e48b3) x17 0x0000000000000000
core   0: 0x0000000080005696 (0x02fbc5b3) div     a1, s7, a5
core   0: 1 0x0000000080005696 (0x02fbc5b3) x11 0x0000000000000000
core   0: 0x000000008000569a (0xe20a0653) fmv.x.d a2, fs4
core   0: 1 0x000000008000569a (0xe20a0653) x12 0x7ff8000000000000
core   0: 0x000000008000569e (0xa3cf04d3) fle.d   s1, ft10, ft8
core   0: 1 0x000000008000569e (0xa3cf04d3) c1_fflags 0x000000000000001f x9  0x0000000000000000
core   0: 0x00000000800056a2 (0xd2148ed3) fcvt.d.wu ft9, s1
core   0: 1 0x00000000800056a2 (0xd2148ed3) f29 0x0000000000000000
core   0: 0x00000000800056a6 (0x0014da13) srli    s4, s1, 1
core   0: 1 0x00000000800056a6 (0x0014da13) x20 0x0000000000000000
core   0: 0x00000000800056aa (0x001a7093) andi    ra, s4, 1
core   0: 1 0x00000000800056aa (0x001a7093) x1  0x0000000000000000
core   0: 0x00000000800056ae (0x6458049b) addiw   s1, a6, 1605
core   0: 1 0x00000000800056ae (0x6458049b) x9  0x000000007c58d4e1
core   0: 0x00000000800056b2 (0x01624cb3) xor     s9, tp, s6
core   0: 1 0x00000000800056b2 (0x01624cb3) x25 0xffffffffffffffff
core   0: 0x00000000800056b6 (0xc21df6d3) fcvt.wu.d a3, fs11
core   0: exception trap_illegal_instruction, epc 0x00000000800056b6
core   0:           tval 0x00000000c21df6d3
core   0: >>>>  $xrv64i2p1_m2p0_a2p1_f2p2_d2p2_zicsr2p0_zifencei2p0_zmmul1p0_zba1p0_zbb1p0_zbc1p0_zbs1p0
core   0: 0x0000000080004000 (0x0080006f) j       pc + 0x8
core   0: 3 0x0000000080004000 (0x0080006f)
core   0: >>>>  mmode_exception_handler
core   0: 0x0000000080004008 (0x00002c17) auipc   s8, 0x2
core   0: 3 0x0000000080004008 (0x00002c17) x24 0x0000000080006008
core   0: 0x000000008000400c (0x078c0c13) addi    s8, s8, 120
core   0: 3 0x000000008000400c (0x078c0c13) x24 0x0000000080006080
core   0: 0x0000000080004010 (0x000c00e7) jalr    s8
core   0: 3 0x0000000080004010 (0x000c00e7) x1  0x0000000080004014
core   0: >>>>  any_handler
core   0: 0x0000000080006080 (0x341027f3) csrrs   a5, mepc, zero
core   0: 3 0x0000000080006080 (0x341027f3) x15 0x00000000800056b6
core   0: 0x0000000080006084 (0x34202773) csrrs   a4, mcause, zero
core   0: 3 0x0000000080006084 (0x34202773) x14 0x0000000000000002
core   0: 0x0000000080006088 (0x142026f3) csrrs   a3, scause, zero
core   0: 3 0x0000000080006088 (0x142026f3) x13 0x0000000000000000
core   0: 0x000000008000608c (0x30402673) csrrs   a2, mie, zero
core   0: 3 0x000000008000608c (0x30402673) x12 0x0000000000000a00
core   0: 0x0000000080006090 (0x344025f3) csrrs   a1, mip, zero
core   0: 3 0x0000000080006090 (0x344025f3) x11 0x0000000000000080
core   0: 0x0000000080006094 (0x343025f3) csrrs   a1, mtval, zero
core   0: 3 0x0000000080006094 (0x343025f3) x11 0x00000000c21df6d3
core   0: 0x0000000080006098 (0x14302573) csrrs   a0, stval, zero
core   0: 3 0x0000000080006098 (0x14302573) x10 0x0000000000000000
core   0: 0x000000008000609c (0xb02024f3) csrrs   s1, minstret, zero
core   0: 3 0x000000008000609c (0xb02024f3) x9  0x0000000000001041
core   0: 0x00000000800060a0 (0x0000a811) c.j     pc + 20
core   0: 3 0x00000000800060a0 (0xa811)
core   0: >>>>  mepc_4
core   0: 0x00000000800060b4 (0x00000791) c.addi  a5, 4
core   0: 3 0x00000000800060b4 (0x0791) x15 0x00000000800056ba
core   0: 0x00000000800060b6 (0x34179073) csrrw   zero, mepc, a5
core   0: 3 0x00000000800060b6 (0x34179073) c833_mepc 0x00000000800056ba
core   0: 0x00000000800060ba (0x30200073) mret
core   0: 3 0x00000000800060ba (0x30200073) c768_mstatus 0x8000000a00106080
core   0: 0x00000000800056ba (0x00006813) ori     a6, zero, 0
core   0: 1 0x00000000800056ba (0x00006813) x16 0x0000000000000000
core   0: 0x00000000800056be (0x0106f8b3) and     a7, a3, a6
core   0: 1 0x00000000800056be (0x0106f8b3) x17 0x0000000000000000
core   0: 0x00000000800056c2 (0x00e3183b) sllw    a6, t1, a4
core   0: 1 0x00000000800056c2 (0x00e3183b) x16 0xfffffffffffffffc
core   0: 0x00000000800056c6 (0xc035fb53) fcvt.lu.s s6, fa1
core   0: exception trap_illegal_instruction, epc 0x00000000800056c6
core   0:           tval 0x00000000c035fb53
core   0: >>>>  $xrv64i2p1_m2p0_a2p1_f2p2_d2p2_zicsr2p0_zifencei2p0_zmmul1p0_zba1p0_zbb1p0_zbc1p0_zbs1p0
core   0: 0x0000000080004000 (0x0080006f) j       pc + 0x8
core   0: 3 0x0000000080004000 (0x0080006f)
core   0: >>>>  mmode_exception_handler
core   0: 0x0000000080004008 (0x00002c17) auipc   s8, 0x2
core   0: 3 0x0000000080004008 (0x00002c17) x24 0x0000000080006008
core   0: 0x000000008000400c (0x078c0c13) addi    s8, s8, 120
core   0: 3 0x000000008000400c (0x078c0c13) x24 0x0000000080006080
core   0: 0x0000000080004010 (0x000c00e7) jalr    s8
core   0: 3 0x0000000080004010 (0x000c00e7) x1  0x0000000080004014
core   0: >>>>  any_handler
core   0: 0x0000000080006080 (0x341027f3) csrrs   a5, mepc, zero
core   0: 3 0x0000000080006080 (0x341027f3) x15 0x00000000800056c6
core   0: 0x0000000080006084 (0x34202773) csrrs   a4, mcause, zero
core   0: 3 0x0000000080006084 (0x34202773) x14 0x0000000000000002
core   0: 0x0000000080006088 (0x142026f3) csrrs   a3, scause, zero
core   0: 3 0x0000000080006088 (0x142026f3) x13 0x0000000000000000
core   0: 0x000000008000608c (0x30402673) csrrs   a2, mie, zero
core   0: 3 0x000000008000608c (0x30402673) x12 0x0000000000000a00
core   0: 0x0000000080006090 (0x344025f3) csrrs   a1, mip, zero
core   0: 3 0x0000000080006090 (0x344025f3) x11 0x0000000000000080
core   0: 0x0000000080006094 (0x343025f3) csrrs   a1, mtval, zero
core   0: 3 0x0000000080006094 (0x343025f3) x11 0x00000000c035fb53
core   0: 0x0000000080006098 (0x14302573) csrrs   a0, stval, zero
core   0: 3 0x0000000080006098 (0x14302573) x10 0x0000000000000000
core   0: 0x000000008000609c (0xb02024f3) csrrs   s1, minstret, zero
core   0: 3 0x000000008000609c (0xb02024f3) x9  0x0000000000001054
core   0: 0x00000000800060a0 (0x0000a811) c.j     pc + 20
core   0: 3 0x00000000800060a0 (0xa811)
core   0: >>>>  mepc_4
core   0: 0x00000000800060b4 (0x00000791) c.addi  a5, 4
core   0: 3 0x00000000800060b4 (0x0791) x15 0x00000000800056ca
core   0: 0x00000000800060b6 (0x34179073) csrrw   zero, mepc, a5
core   0: 3 0x00000000800060b6 (0x34179073) c833_mepc 0x00000000800056ca
core   0: 0x00000000800060ba (0x30200073) mret
core   0: 3 0x00000000800060ba (0x30200073) c768_mstatus 0x8000000a00106080
core   0: 0x00000000800056ca (0xf20b0a53) fmv.d.x fs4, s6
core   0: 1 0x00000000800056ca (0xf20b0a53) f20 0xffffffffffffffff
core   0: 0x00000000800056ce (0x002594f3) csrrw   s1, frm, a1
core   0: 1 0x00000000800056ce (0x002594f3) x9  0x0000000000000007 c2_frm 0x0000000000000003
core   0: 0x00000000800056d2 (0x03687cb3) remu    s9, a6, s6
core   0: 1 0x00000000800056d2 (0x03687cb3) x25 0xfffffffffffffffc
core   0: 0x00000000800056d6 (0x00058e1b) sext.w  t3, a1
core   0: 1 0x00000000800056d6 (0x00058e1b) x28 0xffffffffc035fb53
core   0: 0x00000000800056da (0x2ac10353) fmin.d  ft6, ft2, fa2
core   0: 1 0x00000000800056da (0x2ac10353) f6  0x40ad5c1e2d71c8fb
core   0: 0x00000000800056de (0x0195dab3) srl     s5, a1, s9
core   0: 1 0x00000000800056de (0x0195dab3) x21 0x0000000000000000
core   0: 0x00000000800056e2 (0xc21173d3) fcvt.wu.d t2, ft2
core   0: 1 0x00000000800056e2 (0xc21173d3) c1_fflags 0x000000000000001f x7  0x0000000000000eaf
core   0: 0x00000000800056e6 (0x0018e8b3) or      a7, a7, ra
core   0: 1 0x00000000800056e6 (0x0018e8b3) x17 0x0000000080004014
core   0: 0x00000000800056ea (0x003a9013) slli    zero, s5, 3
core   0: 1 0x00000000800056ea (0x003a9013)
core   0: 0x00000000800056ee (0x01446433) or      s0, s0, s4
core   0: 1 0x00000000800056ee (0x01446433) x8  0x0000000000000010
core   0: 0x00000000800056f2 (0x03084a3b) divw    s4, a6, a6
core   0: 1 0x00000000800056f2 (0x03084a3b) x20 0x0000000000000001
core   0: 0x00000000800056f6 (0x80072093) slti    ra, a4, -2048
core   0: 1 0x00000000800056f6 (0x80072093) x1  0x0000000000000000
core   0: 0x00000000800056fa (0xf20d02d3) fmv.d.x ft5, s10
core   0: 1 0x00000000800056fa (0xf20d02d3) f5  0x0000000000000000
core   0: 0x00000000800056fe (0xd025f9d3) fcvt.s.l fs3, a1
core   0: 1 0x00000000800056fe (0xd025f9d3) c1_fflags 0x000000000000001f f19 0xffffffff4f4035fc
core   0: 0x0000000080005702 (0x00d3901b) slliw   zero, t2, 13
core   0: 1 0x0000000080005702 (0x00d3901b)
core   0: 0x0000000080005706 (0x02d71033) mulh    zero, a4, a3
core   0: 1 0x0000000080005706 (0x02d71033)
core   0: 0x000000008000570a (0xc0361d73) csrrw   s10, hpmcounter3, a2
core   0: exception trap_illegal_instruction, epc 0x000000008000570a
core   0:           tval 0x00000000c0361d73
core   0: >>>>  $xrv64i2p1_m2p0_a2p1_f2p2_d2p2_zicsr2p0_zifencei2p0_zmmul1p0_zba1p0_zbb1p0_zbc1p0_zbs1p0
core   0: 0x0000000080004000 (0x0080006f) j       pc + 0x8
core   0: 3 0x0000000080004000 (0x0080006f)
core   0: >>>>  mmode_exception_handler
core   0: 0x0000000080004008 (0x00002c17) auipc   s8, 0x2
core   0: 3 0x0000000080004008 (0x00002c17) x24 0x0000000080006008
core   0: 0x000000008000400c (0x078c0c13) addi    s8, s8, 120
core   0: 3 0x000000008000400c (0x078c0c13) x24 0x0000000080006080
core   0: 0x0000000080004010 (0x000c00e7) jalr    s8
core   0: 3 0x0000000080004010 (0x000c00e7) x1  0x0000000080004014
core   0: >>>>  any_handler
core   0: 0x0000000080006080 (0x341027f3) csrrs   a5, mepc, zero
core   0: 3 0x0000000080006080 (0x341027f3) x15 0x000000008000570a
core   0: 0x0000000080006084 (0x34202773) csrrs   a4, mcause, zero
core   0: 3 0x0000000080006084 (0x34202773) x14 0x0000000000000002
core   0: 0x0000000080006088 (0x142026f3) csrrs   a3, scause, zero
core   0: 3 0x0000000080006088 (0x142026f3) x13 0x0000000000000000
core   0: 0x000000008000608c (0x30402673) csrrs   a2, mie, zero
core   0: 3 0x000000008000608c (0x30402673) x12 0x0000000000000a00
core   0: 0x0000000080006090 (0x344025f3) csrrs   a1, mip, zero
core   0: 3 0x0000000080006090 (0x344025f3) x11 0x0000000000000080
core   0: 0x0000000080006094 (0x343025f3) csrrs   a1, mtval, zero
core   0: 3 0x0000000080006094 (0x343025f3) x11 0x00000000c0361d73
core   0: 0x0000000080006098 (0x14302573) csrrs   a0, stval, zero
core   0: 3 0x0000000080006098 (0x14302573) x10 0x0000000000000000
core   0: 0x000000008000609c (0xb02024f3) csrrs   s1, minstret, zero
core   0: 3 0x000000008000609c (0xb02024f3) x9  0x0000000000001074
core   0: 0x00000000800060a0 (0x0000a811) c.j     pc + 20
core   0: 3 0x00000000800060a0 (0xa811)
core   0: >>>>  mepc_4
core   0: 0x00000000800060b4 (0x00000791) c.addi  a5, 4
core   0: 3 0x00000000800060b4 (0x0791) x15 0x000000008000570e
core   0: 0x00000000800060b6 (0x34179073) csrrw   zero, mepc, a5
core   0: 3 0x00000000800060b6 (0x34179073) c833_mepc 0x000000008000570e
core   0: 0x00000000800060ba (0x30200073) mret
core   0: 3 0x00000000800060ba (0x30200073) c768_mstatus 0x8000000a00106080
core   0: 0x000000008000570e (0x0000159b) slliw   a1, zero, 0
core   0: 1 0x000000008000570e (0x0000159b) x11 0x0000000000000000
core   0: 0x0000000080005712 (0x002c6333) or      t1, s8, sp
core   0: 1 0x0000000080005712 (0x002c6333) x6  0x0000000080006080
core   0: 0x0000000080005716 (0xa4b6a417) auipc   s0, 0xa4b6a
core   0: 1 0x0000000080005716 (0xa4b6a417) x8  0x0000000024b6f716
core   0: 0x000000008000571a (0x32941b37) lui     s6, 0x32941
core   0: 1 0x000000008000571a (0x32941b37) x22 0x0000000032941000
core   0: 0x000000008000571e (0x01d09293) slli    t0, ra, 29
core   0: 1 0x000000008000571e (0x01d09293) x5  0x1000080280000000
core   0: 0x0000000080005722 (0x03929093) slli    ra, t0, 57
core   0: 1 0x0000000080005722 (0x03929093) x1  0x0000000000000000
core   0: 0x0000000080005726 (0x01276133) or      sp, a4, s2
core   0: 1 0x0000000080005726 (0x01276133) x2  0x0000000000000723
core   0: 0x000000008000572a (0x2b1a9fd3) fmax.d  ft11, fs5, fa7
core   0: 1 0x000000008000572a (0x2b1a9fd3) f31 0x7ff8000000000000
core   0: 0x000000008000572e (0xc038f653) fcvt.lu.s a2, fa7
core   0: 1 0x000000008000572e (0xc038f653) c1_fflags 0x000000000000001f x12 0xffffffffffffffff
core   0: 0x0000000080005732 (0x00811d3b) sllw    s10, sp, s0
core   0: 1 0x0000000080005732 (0x00811d3b) x26 0xffffffffc8c00000
core   0: 0x0000000080005736 (0x40425dbb) sraw    s11, tp, tp
core   0: 1 0x0000000080005736 (0x40425dbb) x27 0x0000000000000000
core   0: 0x000000008000573a (0x6c841c17) auipc   s8, 0x6c841
core   0: 1 0x000000008000573a (0x6c841c17) x24 0x00000000ec84673a
core   0: 0x000000008000573e (0xa35884d3) fle.d   s1, fa7, fs5
core   0: 1 0x000000008000573e (0xa35884d3) c1_fflags 0x000000000000001f x9  0x0000000000000000
core   0: 0x0000000080005742 (0xd03273d3) fcvt.s.lu ft7, tp
core   0: 1 0x0000000080005742 (0xd03273d3) f7  0xffffffff00000000
core   0: 0x0000000080005746 (0x01648bb3) add     s7, s1, s6
core   0: 1 0x0000000080005746 (0x01648bb3) x23 0x0000000032941000
core   0: 0x000000008000574a (0x3ae0f747) fmsub.d fa4, ft1, fa4, ft7
core   0: 1 0x000000008000574a (0x3ae0f747) f14 0x7ff8000000000000
core   0: 0x000000008000574e (0x40a48ebb) subw    t4, s1, a0
core   0: 1 0x000000008000574e (0x40a48ebb) x29 0x0000000000000000
core   0: 0x0000000080005752 (0x916e861b) addiw   a2, t4, -1770
core   0: 1 0x0000000080005752 (0x916e861b) x12 0xfffffffffffff916
core   0: 0x0000000080005756 (0x00221b73) csrrw   s6, frm, tp
core   0: 1 0x0000000080005756 (0x00221b73) x22 0x0000000000000003 c2_frm 0x0000000000000000
core   0: 0x000000008000575a (0x0ff0000f) fence   iorw,iorw
core   0: 1 0x000000008000575a (0x0ff0000f)
core   0: 0x000000008000575e (0xd23d75d3) fcvt.d.lu fa1, s10
core   0: 1 0x000000008000575e (0xd23d75d3) f11 0x43effffffff91800
core   0: 0x0000000080005762 (0x017bf433) and     s0, s7, s7
core   0: 1 0x0000000080005762 (0x017bf433) x8  0x0000000032941000
core   0: 0x0000000080005766 (0x01d3531b) srliw   t1, t1, 29
core   0: 1 0x0000000080005766 (0x01d3531b) x6  0x0000000000000004
core   0: 0x000000008000576a (0x011d5d3b) srlw    s10, s10, a7
core   0: 1 0x000000008000576a (0x011d5d3b) x26 0x0000000000000c8c
core   0: 0x000000008000576e (0x42018e53) fcvt.d.s ft8, ft3
core   0: 1 0x000000008000576e (0x42018e53) f28 0x7ff8000000000000
core   0: 0x0000000080005772 (0x4004589b) sraiw   a7, s0, 0
core   0: 1 0x0000000080005772 (0x4004589b) x17 0x0000000032941000
core   0: 0x0000000080005776 (0x016b2b33) slt     s6, s6, s6
core   0: 1 0x0000000080005776 (0x016b2b33) x22 0x0000000000000000
core   0: 0x000000008000577a (0x5b897d47) fmsub.d fs10, fs2, fs8, fa1
core   0: 1 0x000000008000577a (0x5b897d47) f26 0x7ff8000000000000
core   0: 0x000000008000577e (0x006e4e33) xor     t3, t3, t1
core   0: 1 0x000000008000577e (0x006e4e33) x28 0xffffffffc035fb57
core   0: 0x0000000080005782 (0x406985b3) sub     a1, s3, t1
core   0: 1 0x0000000080005782 (0x406985b3) x11 0x000000001ffffffc
core   0: 0x0000000080005786 (0x5a0c7dd3) fsqrt.d fs11, fs8
core   0: 1 0x0000000080005786 (0x5a0c7dd3) f27 0x7ff8000000000000
core   0: 0x000000008000578a (0x220d1053) fsgnjn.d ft0, fs10, ft0
core   0: 1 0x000000008000578a (0x220d1053) f0  0xfff8000000000000
core   0: 0x000000008000578e (0xfff2ea93) ori     s5, t0, -1
core   0: 1 0x000000008000578e (0xfff2ea93) x21 0xffffffffffffffff
core   0: 0x0000000080005792 (0x40450a33) sub     s4, a0, tp
core   0: 1 0x0000000080005792 (0x40450a33) x20 0x0000000000000000
core   0: 0x0000000080005796 (0xfff36193) ori     gp, t1, -1
core   0: 1 0x0000000080005796 (0xfff36193) x3  0xffffffffffffffff
core   0: 0x000000008000579a (0x007dd41b) srliw   s0, s11, 7
core   0: 1 0x000000008000579a (0x007dd41b) x8  0x0000000000000000
core   0: 0x000000008000579e (0x008417b3) sll     a5, s0, s0
core   0: 1 0x000000008000579e (0x008417b3) x15 0x0000000000000000
core   0: 0x00000000800057a2 (0x001c031b) addiw   t1, s8, 1
core   0: 1 0x00000000800057a2 (0x001c031b) x6  0xffffffffec84673b
core   0: 0x00000000800057a6 (0xd02c7553) fcvt.s.l fa0, s8
core   0: 1 0x00000000800057a6 (0xd02c7553) c1_fflags 0x000000000000001f f10 0xffffffff4f6c8467
core   0: 0x00000000800057aa (0x01d8debb) srlw    t4, a7, t4
core   0: 1 0x00000000800057aa (0x01d8debb) x29 0x0000000032941000
core   0: 0x00000000800057ae (0x52a17c4f) fnmadd.d fs8, ft2, fa0, fa0
core   0: 1 0x00000000800057ae (0x52a17c4f) f24 0x7ff8000000000000
core   0: 0x00000000800057b2 (0x40fdd6bb) sraw    a3, s11, a5
core   0: 1 0x00000000800057b2 (0x40fdd6bb) x13 0x0000000000000000
core   0: 0x00000000800057b6 (0x49678d9b) addiw   s11, a5, 1174
core   0: 1 0x00000000800057b6 (0x49678d9b) x27 0x0000000000000496
core   0: 0x00000000800057ba (0xf20d8e53) fmv.d.x ft8, s11
core   0: 1 0x00000000800057ba (0xf20d8e53) f28 0x0000000000000496
core   0: 0x00000000800057be (0x0092c833) xor     a6, t0, s1
core   0: 1 0x00000000800057be (0x0092c833) x16 0x1000080280000000
core   0: 0x00000000800057c2 (0x40a48ab3) sub     s5, s1, a0
core   0: 1 0x00000000800057c2 (0x40a48ab3) x21 0x0000000000000000
core   0: 0x00000000800057c6 (0x0265d733) divu    a4, a1, t1
core   0: 1 0x00000000800057c6 (0x0265d733) x14 0x0000000000000000
core   0: 0x00000000800057ca (0x416080bb) subw    ra, ra, s6
core   0: 1 0x00000000800057ca (0x416080bb) x1  0x0000000000000000
core   0: 0x00000000800057ce (0x42acdc93) srai    s9, s9, 42
core   0: 1 0x00000000800057ce (0x42acdc93) x25 0xffffffffffffffff
core   0: 0x00000000800057d2 (0x00085c1b) srliw   s8, a6, 0
core   0: 1 0x00000000800057d2 (0x00085c1b) x24 0xffffffff80000000
core   0: 0x00000000800057d6 (0xc23575d3) fcvt.lu.d a1, fa0
core   0: 1 0x00000000800057d6 (0xc23575d3) c1_fflags 0x000000000000001f x11 0xffffffffffffffff
core   0: 0x00000000800057da (0x0038d6b3) srl     a3, a7, gp
core   0: 1 0x00000000800057da (0x0038d6b3) x13 0x0000000000000000
core   0: 0x00000000800057de (0x035e7ad3) fadd.d  fs5, ft8, fs5
core   0: 1 0x00000000800057de (0x035e7ad3) f21 0x7ff8000000000000
core   0: 0x00000000800057e2 (0xc2087553) fcvt.w.d a0, fa6
core   0: 1 0x00000000800057e2 (0xc2087553) c1_fflags 0x000000000000001f x10 0x000000007fffffff
core   0: 0x00000000800057e6 (0x4185d11b) sraiw   sp, a1, 24
core   0: 1 0x00000000800057e6 (0x4185d11b) x2  0xffffffffffffffff
core   0: 0x00000000800057ea (0x004446b3) xor     a3, s0, tp
core   0: 1 0x00000000800057ea (0x004446b3) x13 0x0000000000000000
core   0: 0x00000000800057ee (0xd2168b53) fcvt.d.wu fs6, a3
core   0: 1 0x00000000800057ee (0xd2168b53) f22 0x0000000000000000
core   0: 0x00000000800057f2 (0x406e0033) sub     zero, t3, t1
core   0: 1 0x00000000800057f2 (0x406e0033)
core   0: 0x00000000800057f6 (0x6b36cc93) xori    s9, a3, 1715
core   0: 1 0x00000000800057f6 (0x6b36cc93) x25 0x00000000000006b3
core   0: 0x00000000800057fa (0xc02cf4d3) fcvt.l.s s1, fs9
core   0: 1 0x00000000800057fa (0xc02cf4d3) c1_fflags 0x000000000000001f x9  0x7fffffffffffffff
core   0: 0x00000000800057fe (0x00f45433) srl     s0, s0, a5
core   0: 1 0x00000000800057fe (0x00f45433) x8  0x0000000000000000
core   0: 0x0000000080005802 (0x00274533) xor     a0, a4, sp
core   0: 1 0x0000000080005802 (0x00274533) x10 0xffffffffffffffff
core   0: 0x0000000080005806 (0x02fe0db3) mul     s11, t3, a5
core   0: 1 0x0000000080005806 (0x02fe0db3) x27 0x0000000000000000
core   0: 0x000000008000580a (0x00409ab3) sll     s5, ra, tp
core   0: 1 0x000000008000580a (0x00409ab3) x21 0x0000000000000000
core   0: 0x000000008000580e (0xfff2f813) andi    a6, t0, -1
core   0: 1 0x000000008000580e (0xfff2f813) x16 0x1000080280000000
core   0: 0x0000000080005812 (0xfff6fe93) andi    t4, a3, -1
core   0: 1 0x0000000080005812 (0xfff6fe93) x29 0x0000000000000000
core   0: 0x0000000080005816 (0x03885533) divu    a0, a6, s8
core   0: 1 0x0000000080005816 (0x03885533) x10 0x0000000000000000
core   0: 0x000000008000581a (0x03075c93) srli    s9, a4, 48
core   0: 1 0x000000008000581a (0x03075c93) x25 0x0000000000000000
core   0: 0x000000008000581e (0x036ce0bb) remw    ra, s9, s6
core   0: 1 0x000000008000581e (0x036ce0bb) x1  0x0000000000000000
core   0: 0x0000000080005822 (0x0390adb7) lui     s11, 0x390a
core   0: 1 0x0000000080005822 (0x0390adb7) x27 0x000000000390a000
core   0: 0x0000000080005826 (0xd85d8d9b) addiw   s11, s11, -635
core   0: 1 0x0000000080005826 (0xd85d8d9b) x27 0x0000000003909d85
core   0: 0x000000008000582a (0x00000db6) c.slli  s11, 13
core   0: 1 0x000000008000582a (0x0db6) x27 0x0000007213b0a000
core   0: 0x000000008000582c (0xe67d8d93) addi    s11, s11, -409
core   0: 1 0x000000008000582c (0xe67d8d93) x27 0x0000007213b09e67
core   0: 0x0000000080005830 (0x782d889b) addiw   a7, s11, 1922
core   0: 1 0x0000000080005830 (0x782d889b) x17 0x0000000013b0a5e9
core   0: 0x0000000080005834 (0x01b8d63b) srlw    a2, a7, s11
core   0: 1 0x0000000080005834 (0x01b8d63b) x12 0x000000000027614b
core   0: 0x0000000080005838 (0x6379fbcf) fnmadd.d fs7, fs3, fs7, fa2
core   0: 1 0x0000000080005838 (0x6379fbcf) f23 0x7ff8000000000000
core   0: 0x000000008000583c (0xc21673d3) fcvt.wu.d t2, fa2
core   0: 1 0x000000008000583c (0xc21673d3) c1_fflags 0x000000000000001f x7  0xffffffffffffffff
core   0: 0x0000000080005840 (0xbbeef847) fmsub.d fa6, ft9, ft10, fs7
core   0: 1 0x0000000080005840 (0xbbeef847) f16 0x7ff8000000000000
core   0: 0x0000000080005844 (0x4173d293) srai    t0, t2, 23
core   0: 1 0x0000000080005844 (0x4173d293) x5  0xffffffffffffffff
core   0: 0x0000000080005848 (0x1419a3f3) csrrs   t2, sepc, s3
core   0: 1 0x0000000080005848 (0x1419a3f3) x7  0x0000000000000000 c321_sepc 0x0000000020000000
core   0: 0x000000008000584c (0x027441b3) div     gp, s0, t2
core   0: 1 0x000000008000584c (0x027441b3) x3  0xffffffffffffffff
core   0: 0x0000000080005850 (0xd023f4d3) fcvt.s.l fs1, t2
core   0: 1 0x0000000080005850 (0xd023f4d3) f9  0xffffffff00000000
core   0: 0x0000000080005854 (0x232babd3) fsgnjx.d fs7, fs7, fs2
core   0: 1 0x0000000080005854 (0x232babd3) f23 0x7ff8000000000000
core   0: 0x0000000080005858 (0x001022f3) csrrs   t0, fflags, zero
core   0: 1 0x0000000080005858 (0x001022f3) x5  0x000000000000001f
core   0: 0x000000008000585c (0x03f2d813) srli    a6, t0, 63
core   0: 1 0x000000008000585c (0x03f2d813) x16 0x0000000000000000
core   0: 0x0000000080005860 (0x0332b2b3) mulhu   t0, t0, s3
core   0: 1 0x0000000080005860 (0x0332b2b3) x5  0x0000000000000000
core   0: 0x0000000080005864 (0xba34f8c7) fmsub.d fa7, fs1, ft3, fs7
core   0: 1 0x0000000080005864 (0xba34f8c7) f17 0x7ff8000000000000
core   0: 0x0000000080005868 (0xc0605273) csrrwi  tp, hpmcounter6, 0
core   0: exception trap_illegal_instruction, epc 0x0000000080005868
core   0:           tval 0x00000000c0605273
core   0: >>>>  $xrv64i2p1_m2p0_a2p1_f2p2_d2p2_zicsr2p0_zifencei2p0_zmmul1p0_zba1p0_zbb1p0_zbc1p0_zbs1p0
core   0: 0x0000000080004000 (0x0080006f) j       pc + 0x8
core   0: 3 0x0000000080004000 (0x0080006f)
core   0: >>>>  mmode_exception_handler
core   0: 0x0000000080004008 (0x00002c17) auipc   s8, 0x2
core   0: 3 0x0000000080004008 (0x00002c17) x24 0x0000000080006008
core   0: 0x000000008000400c (0x078c0c13) addi    s8, s8, 120
core   0: 3 0x000000008000400c (0x078c0c13) x24 0x0000000080006080
core   0: 0x0000000080004010 (0x000c00e7) jalr    s8
core   0: 3 0x0000000080004010 (0x000c00e7) x1  0x0000000080004014
core   0: >>>>  any_handler
core   0: 0x0000000080006080 (0x341027f3) csrrs   a5, mepc, zero
core   0: 3 0x0000000080006080 (0x341027f3) x15 0x0000000080005868
core   0: 0x0000000080006084 (0x34202773) csrrs   a4, mcause, zero
core   0: 3 0x0000000080006084 (0x34202773) x14 0x0000000000000002
core   0: 0x0000000080006088 (0x142026f3) csrrs   a3, scause, zero
core   0: 3 0x0000000080006088 (0x142026f3) x13 0x0000000000000000
core   0: 0x000000008000608c (0x30402673) csrrs   a2, mie, zero
core   0: 3 0x000000008000608c (0x30402673) x12 0x0000000000000a00
core   0: 0x0000000080006090 (0x344025f3) csrrs   a1, mip, zero
core   0: 3 0x0000000080006090 (0x344025f3) x11 0x0000000000000080
core   0: 0x0000000080006094 (0x343025f3) csrrs   a1, mtval, zero
core   0: 3 0x0000000080006094 (0x343025f3) x11 0x00000000c0605273
core   0: 0x0000000080006098 (0x14302573) csrrs   a0, stval, zero
core   0: 3 0x0000000080006098 (0x14302573) x10 0x0000000000000000
core   0: 0x000000008000609c (0xb02024f3) csrrs   s1, minstret, zero
core   0: 3 0x000000008000609c (0xb02024f3) x9  0x00000000000010db
core   0: 0x00000000800060a0 (0x0000a811) c.j     pc + 20
core   0: 3 0x00000000800060a0 (0xa811)
core   0: >>>>  mepc_4
core   0: 0x00000000800060b4 (0x00000791) c.addi  a5, 4
core   0: 3 0x00000000800060b4 (0x0791) x15 0x000000008000586c
core   0: 0x00000000800060b6 (0x34179073) csrrw   zero, mepc, a5
core   0: 3 0x00000000800060b6 (0x34179073) c833_mepc 0x000000008000586c
core   0: 0x00000000800060ba (0x30200073) mret
core   0: 3 0x00000000800060ba (0x30200073) c768_mstatus 0x8000000a00106080
core   0: 0x000000008000586c (0x22a42253) fsgnjx.d ft4, fs0, fa0
core   0: 1 0x000000008000586c (0x22a42253) f4  0x7fffffffc4f46000
core   0: 0x0000000080005870 (0x00b71b33) sll     s6, a4, a1
core   0: 1 0x0000000080005870 (0x00b71b33) x22 0x0010000000000000
core   0: 0x0000000080005874 (0x02bb3bb3) mulhu   s7, s6, a1
core   0: 1 0x0000000080005874 (0x02bb3bb3) x23 0x00000000000c0605
core   0: 0x0000000080005878 (0x02b62cb3) mulhsu  s9, a2, a1
core   0: 1 0x0000000080005878 (0x02b62cb3) x25 0x0000000000000000
core   0: 0x000000008000587c (0x037c813b) mulw    sp, s9, s7
core   0: 1 0x000000008000587c (0x037c813b) x2  0x0000000000000000
core   0: 0x0000000080005880 (0x2aae8d53) fmin.d  fs10, ft9, fa0
core   0: 1 0x0000000080005880 (0x2aae8d53) f26 0x0000000000000000
core   0: 0x0000000080005884 (0x1aa3f1d3) fdiv.d  ft3, ft7, fa0
core   0: 1 0x0000000080005884 (0x1aa3f1d3) f3  0x7ff8000000000000
core   0: 0x0000000080005888 (0x4011f753) fcvt.s.d fa4, ft3
core   0: 1 0x0000000080005888 (0x4011f753) f14 0xffffffff7fc00000
core   0: 0x000000008000588c (0x40107053) fcvt.s.d ft0, ft0
core   0: 1 0x000000008000588c (0x40107053) f0  0xffffffff7fc00000
core   0: 0x0000000080005890 (0x0195c1b3) xor     gp, a1, s9
core   0: 1 0x0000000080005890 (0x0195c1b3) x3  0x00000000c0605273
core   0: 0x0000000080005894 (0xd20c8e53) fcvt.d.w ft8, s9
core   0: 1 0x0000000080005894 (0xd20c8e53) f28 0x0000000000000000
core   0: 0x0000000080005898 (0x0206fdcf) fnmadd.d fs11, fa3, ft0, ft0
core   0: 1 0x0000000080005898 (0x0206fdcf) f27 0x7ff8000000000000
core   0: 0x000000008000589c (0x12adf2d3) fmul.d  ft5, fs11, fa0
core   0: 1 0x000000008000589c (0x12adf2d3) f5  0x7ff8000000000000
core   0: 0x00000000800058a0 (0x0396e533) rem     a0, a3, s9
core   0: 1 0x00000000800058a0 (0x0396e533) x10 0x0000000000000000
core   0: 0x00000000800058a4 (0x0330e9bb) remw    s3, ra, s3
core   0: 1 0x00000000800058a4 (0x0330e9bb) x19 0xffffffffe0004014
core   0: 0x00000000800058a8 (0xd20009d3) fcvt.d.w fs3, zero
core   0: 1 0x00000000800058a8 (0xd20009d3) f19 0x0000000000000000
core   0: 0x00000000800058ac (0x4059d29b) sraiw   t0, s3, 5
core   0: 1 0x00000000800058ac (0x4059d29b) x5  0xffffffffff000200
core   0: 0x00000000800058b0 (0x1ab37d53) fdiv.d  fs10, ft6, fa1
core   0: 1 0x00000000800058b0 (0x1ab37d53) c1_fflags 0x000000000000001f f26 0x3cad5c1e2d781f1d
core   0: 0x00000000800058b4 (0x0339dcb3) divu    s9, s3, s3
core   0: 1 0x00000000800058b4 (0x0339dcb3) x25 0x0000000000000001
core   0: 0x00000000800058b8 (0x4091d6bb) sraw    a3, gp, s1
core   0: 1 0x00000000800058b8 (0x4091d6bb) x13 0xfffffffffffffff8
core   0: 0x00000000800058bc (0x220c8cd3) fsgnj.d fs9, fs9, ft0
core   0: 1 0x00000000800058bc (0x220c8cd3) f25 0x8000000000000000
core   0: 0x00000000800058c0 (0x00b5e333) or      t1, a1, a1
core   0: 1 0x00000000800058c0 (0x00b5e333) x6  0x00000000c0605273
core   0: 0x00000000800058c4 (0x0ea5ed93) ori     s11, a1, 234
core   0: 1 0x00000000800058c4 (0x0ea5ed93) x27 0x00000000c06052fb
core   0: 0x00000000800058c8 (0x41d1d4bb) sraw    s1, gp, t4
core   0: 1 0x00000000800058c8 (0x41d1d4bb) x9  0xffffffffc0605273
core   0: 0x00000000800058cc (0x00118b1b) addiw   s6, gp, 1
core   0: 1 0x00000000800058cc (0x00118b1b) x22 0xffffffffc0605274
core   0: 0x00000000800058d0 (0xd0227c53) fcvt.s.l fs8, tp
core   0: 1 0x00000000800058d0 (0xd0227c53) f24 0xffffffff00000000
core   0: 0x00000000800058d4 (0x01be4bb3) xor     s7, t3, s11
core   0: 1 0x00000000800058d4 (0x01be4bb3) x23 0xffffffff0055a9ac
core   0: 0x00000000800058d8 (0x42048853) fcvt.d.s fa6, fs1
core   0: 1 0x00000000800058d8 (0x42048853) f16 0x0000000000000000
core   0: 0x00000000800058dc (0x001023f3) csrrs   t2, fflags, zero
core   0: 1 0x00000000800058dc (0x001023f3) x7  0x000000000000001f
core   0: 0x00000000800058e0 (0xf1507df3) csrrci  s11, mconfigptr, 0
core   0: exception trap_illegal_instruction, epc 0x00000000800058e0
core   0:           tval 0x00000000f1507df3
core   0: >>>>  $xrv64i2p1_m2p0_a2p1_f2p2_d2p2_zicsr2p0_zifencei2p0_zmmul1p0_zba1p0_zbb1p0_zbc1p0_zbs1p0
core   0: 0x0000000080004000 (0x0080006f) j       pc + 0x8
core   0: 3 0x0000000080004000 (0x0080006f)
core   0: >>>>  mmode_exception_handler
core   0: 0x0000000080004008 (0x00002c17) auipc   s8, 0x2
core   0: 3 0x0000000080004008 (0x00002c17) x24 0x0000000080006008
core   0: 0x000000008000400c (0x078c0c13) addi    s8, s8, 120
core   0: 3 0x000000008000400c (0x078c0c13) x24 0x0000000080006080
core   0: 0x0000000080004010 (0x000c00e7) jalr    s8
core   0: 3 0x0000000080004010 (0x000c00e7) x1  0x0000000080004014
core   0: >>>>  any_handler
core   0: 0x0000000080006080 (0x341027f3) csrrs   a5, mepc, zero
core   0: 3 0x0000000080006080 (0x341027f3) x15 0x00000000800058e0
core   0: 0x0000000080006084 (0x34202773) csrrs   a4, mcause, zero
core   0: 3 0x0000000080006084 (0x34202773) x14 0x0000000000000002
core   0: 0x0000000080006088 (0x142026f3) csrrs   a3, scause, zero
core   0: 3 0x0000000080006088 (0x142026f3) x13 0x0000000000000000
core   0: 0x000000008000608c (0x30402673) csrrs   a2, mie, zero
core   0: 3 0x000000008000608c (0x30402673) x12 0x0000000000000a00
core   0: 0x0000000080006090 (0x344025f3) csrrs   a1, mip, zero
core   0: 3 0x0000000080006090 (0x344025f3) x11 0x0000000000000080
core   0: 0x0000000080006094 (0x343025f3) csrrs   a1, mtval, zero
core   0: 3 0x0000000080006094 (0x343025f3) x11 0x00000000f1507df3
core   0: 0x0000000080006098 (0x14302573) csrrs   a0, stval, zero
core   0: 3 0x0000000080006098 (0x14302573) x10 0x0000000000000000
core   0: 0x000000008000609c (0xb02024f3) csrrs   s1, minstret, zero
core   0: 3 0x000000008000609c (0xb02024f3) x9  0x0000000000001108
core   0: 0x00000000800060a0 (0x0000a811) c.j     pc + 20
core   0: 3 0x00000000800060a0 (0xa811)
core   0: >>>>  mepc_4
core   0: 0x00000000800060b4 (0x00000791) c.addi  a5, 4
core   0: 3 0x00000000800060b4 (0x0791) x15 0x00000000800058e4
core   0: 0x00000000800060b6 (0x34179073) csrrw   zero, mepc, a5
core   0: 3 0x00000000800060b6 (0x34179073) c833_mepc 0x00000000800058e4
core   0: 0x00000000800060ba (0x30200073) mret
core   0: 3 0x00000000800060ba (0x30200073) c768_mstatus 0x8000000a00106080
core   0: 0x00000000800058e4 (0xfff30c1b) addiw   s8, t1, -1
core   0: 1 0x00000000800058e4 (0xfff30c1b) x24 0xffffffffc0605272
core   0: 0x00000000800058e8 (0x4195d01b) sraiw   zero, a1, 25
core   0: 1 0x00000000800058e8 (0x4195d01b)
core   0: 0x00000000800058ec (0xcb56f14f) fnmadd.d ft2, fa3, fs5, fs9
core   0: 1 0x00000000800058ec (0xcb56f14f) f2  0x7ff8000000000000
core   0: 0x00000000800058f0 (0x002028f3) csrrs   a7, frm, zero
core   0: 1 0x00000000800058f0 (0x002028f3) x17 0x0000000000000000
core   0: 0x00000000800058f4 (0xa0d05a37) lui     s4, 0xa0d05
core   0: 1 0x00000000800058f4 (0xa0d05a37) x20 0xffffffffa0d05000
core   0: 0x00000000800058f8 (0xfd856bb7) lui     s7, 0xfd856
core   0: 1 0x00000000800058f8 (0xfd856bb7) x23 0xfffffffffd856000
core   0: 0x00000000800058fc (0x2d9b8b9b) addiw   s7, s7, 729
core   0: 1 0x00000000800058fc (0x2d9b8b9b) x23 0xfffffffffd8562d9
core   0: 0x0000000080005900 (0x00000bb6) c.slli  s7, 13
core   0: 1 0x0000000080005900 (0x0bb6) x23 0xffffffb0ac5b2000
core   0: 0x0000000080005902 (0x521b8b93) addi    s7, s7, 1313
core   0: 1 0x0000000080005902 (0x521b8b93) x23 0xffffffb0ac5b2521
core   0: 0x0000000080005906 (0x23732753) fsgnjx.d fa4, ft6, fs7
core   0: 1 0x0000000080005906 (0x23732753) f14 0x40ad5c1e2d71c8fb
core   0: 0x000000008000590a (0xc2377253) fcvt.lu.d tp, fa4
core   0: 1 0x000000008000590a (0xc2377253) c1_fflags 0x000000000000001f x4  0x0000000000000eae
core   0: 0x000000008000590e (0xc2337c53) fcvt.lu.d s8, ft6
core   0: 1 0x000000008000590e (0xc2337c53) c1_fflags 0x000000000000001f x24 0x0000000000000eae
core   0: 0x0000000080005912 (0xc2287a53) fcvt.l.d s4, fa6
core   0: 1 0x0000000080005912 (0xc2287a53) x20 0x0000000000000000
core   0: 0x0000000080005916 (0x00000001) c.nop
core   0: 1 0x0000000080005916 (0x0001)
core   0: 0x0000000080005918 (0x02a0ebbb) remw    s7, ra, a0
core   0: 1 0x0000000080005918 (0x02a0ebbb) x23 0xffffffff80004014
core   0: 0x000000008000591c (0x015c2933) slt     s2, s8, s5
core   0: 1 0x000000008000591c (0x015c2933) x18 0x0000000000000000
core   0: 0x0000000080005920 (0x03724bb3) div     s7, tp, s7
core   0: 1 0x0000000080005920 (0x03724bb3) x23 0x0000000000000000
core   0: 0x0000000080005924 (0x4764e017) auipc   zero, 0x4764e
core   0: 1 0x0000000080005924 (0x4764e017)
core   0: 0x0000000080005928 (0x4012d293) srai    t0, t0, 1
core   0: 1 0x0000000080005928 (0x4012d293) x5  0xffffffffff800100
core   0: 0x000000008000592c (0x00000001) c.nop
core   0: 1 0x000000008000592c (0x0001)
core   0: 0x000000008000592e (0x00000001) c.nop
core   0: 1 0x000000008000592e (0x0001)
core   0: 0x0000000080005930 (0x00102af3) csrrs   s5, fflags, zero
core   0: 1 0x0000000080005930 (0x00102af3) x21 0x000000000000001f
core   0: 0x0000000080005934 (0x00008c01) c.sub   s0, s0
core   0: 1 0x0000000080005934 (0x8c01) x8  0x0000000000000000
core   0: 0x0000000080005936 (0x03947cb3) remu    s9, s0, s9
core   0: 1 0x0000000080005936 (0x03947cb3) x25 0x0000000000000000
core   0: 0x000000008000593a (0x000ee113) ori     sp, t4, 0
core   0: 1 0x000000008000593a (0x000ee113) x2  0x0000000000000000
core   0: 0x000000008000593e (0x000080ce) c.mv    ra, s3
core   0: 1 0x000000008000593e (0x80ce) x1  0xffffffffe0004014
core   0: 0x0000000080005940 (0xd02070d3) fcvt.s.l ft1, zero
core   0: 1 0x0000000080005940 (0xd02070d3) f1  0xffffffff00000000
core   0: 0x0000000080005944 (0x2b9282d3) fmin.d  ft5, ft5, fs9
core   0: 1 0x0000000080005944 (0x2b9282d3) f5  0x8000000000000000
core   0: 0x0000000080005948 (0x7acfffc7) fmsub.d ft11, ft11, fa2, fa5
core   0: 1 0x0000000080005948 (0x7acfffc7) f31 0x7ff8000000000000
core   0: 0x000000008000594c (0x2a6f9ad3) fmax.d  fs5, ft11, ft6
core   0: 1 0x000000008000594c (0x2a6f9ad3) f21 0x40ad5c1e2d71c8fb
core   0: 0x0000000080005950 (0xc21af8d3) fcvt.wu.d a7, fs5
core   0: 1 0x0000000080005950 (0xc21af8d3) c1_fflags 0x000000000000001f x17 0x0000000000000eae
core   0: 0x0000000080005954 (0x0291403b) divw    zero, sp, s1
core   0: 1 0x0000000080005954 (0x0291403b)
core   0: 0x0000000080005958 (0x0144d3b7) lui     t2, 0x144d
core   0: 1 0x0000000080005958 (0x0144d3b7) x7  0x000000000144d000
core   0: 0x000000008000595c (0x41d3839b) addiw   t2, t2, 1053
core   0: 1 0x000000008000595c (0x41d3839b) x7  0x000000000144d41d
core   0: 0x0000000080005960 (0x000003b6) c.slli  t2, 13
core   0: 1 0x0000000080005960 (0x03b6) x7  0x000000289a83a000
core   0: 0x0000000080005962 (0x6de38393) addi    t2, t2, 1758
core   0: 1 0x0000000080005962 (0x6de38393) x7  0x000000289a83a6de
core   0: 0x0000000080005966 (0xc20b7653) fcvt.w.d a2, fs6
core   0: 1 0x0000000080005966 (0xc20b7653) x12 0x0000000000000000
core   0: 0x000000008000596a (0x0295de13) srli    t3, a1, 41
core   0: 1 0x000000008000596a (0x0295de13) x28 0x0000000000000000
core   0: 0x000000008000596e (0x40075c9b) sraiw   s9, a4, 0
core   0: 1 0x000000008000596e (0x40075c9b) x25 0x0000000000000002
core   0: 0x0000000080005972 (0x0ff0000f) fence   iorw,iorw
core   0: 1 0x0000000080005972 (0x0ff0000f)
core   0: 0x0000000080005976 (0x417cdd3b) sraw    s10, s9, s7
core   0: 1 0x0000000080005976 (0x417cdd3b) x26 0x0000000000000002
core   0: 0x000000008000597a (0x800ae213) ori     tp, s5, -2048
core   0: 1 0x000000008000597a (0x800ae213) x4  0xfffffffffffff81f
core   0: 0x000000008000597e (0x43e75593) srai    a1, a4, 62
core   0: 1 0x000000008000597e (0x43e75593) x11 0x0000000000000000
core   0: 0x0000000080005982 (0x001026f3) csrrs   a3, fflags, zero
core   0: 1 0x0000000080005982 (0x001026f3) x13 0x000000000000001f
core   0: 0x0000000080005986 (0xd20201d3) fcvt.d.w ft3, tp
core   0: 1 0x0000000080005986 (0xd20201d3) f3  0xc09f840000000000
core   0: 0x000000008000598a (0xd21d01d3) fcvt.d.wu ft3, s10
core   0: 1 0x000000008000598a (0xd21d01d3) f3  0x4000000000000000
core   0: 0x000000008000598e (0x00971a93) slli    s5, a4, 9
core   0: 1 0x000000008000598e (0x00971a93) x21 0x0000000000000400
core   0: 0x0000000080005992 (0x000bd11b) srliw   sp, s7, 0
core   0: 1 0x0000000080005992 (0x000bd11b) x2  0x0000000000000000
core   0: 0x0000000080005996 (0xa2850053) fle.d   zero, fa0, fs0
core   0: 1 0x0000000080005996 (0xa2850053) c1_fflags 0x000000000000001f
core   0: 0x000000008000599a (0x0339f553) fadd.d  fa0, fs3, fs3
core   0: 1 0x000000008000599a (0x0339f553) f10 0x0000000000000000
core   0: 0x000000008000599e (0x00000001) c.nop
core   0: 1 0x000000008000599e (0x0001)
core   0: 0x00000000800059a0 (0x400101b3) sub     gp, sp, zero
core   0: 1 0x00000000800059a0 (0x400101b3) x3  0x0000000000000000
core   0: 0x00000000800059a4 (0xe2090bd3) fmv.x.d s7, fs2
core   0: 1 0x00000000800059a4 (0xe2090bd3) x23 0x7ff8000000000000
core   0: 0x00000000800059a8 (0xe2070e53) fmv.x.d t3, fa4
core   0: 1 0x00000000800059a8 (0xe2070e53) x28 0x40ad5c1e2d71c8fb
core   0: 0x00000000800059ac (0x03d5b5b3) mulhu   a1, a1, t4
core   0: 1 0x00000000800059ac (0x03d5b5b3) x11 0x0000000000000000
core   0: 0x00000000800059b0 (0xc06e3073) csrrc   zero, hpmcounter6, t3
core   0: exception trap_illegal_instruction, epc 0x00000000800059b0
core   0:           tval 0x00000000c06e3073
core   0: >>>>  $xrv64i2p1_m2p0_a2p1_f2p2_d2p2_zicsr2p0_zifencei2p0_zmmul1p0_zba1p0_zbb1p0_zbc1p0_zbs1p0
core   0: 0x0000000080004000 (0x0080006f) j       pc + 0x8
core   0: 3 0x0000000080004000 (0x0080006f)
core   0: >>>>  mmode_exception_handler
core   0: 0x0000000080004008 (0x00002c17) auipc   s8, 0x2
core   0: 3 0x0000000080004008 (0x00002c17) x24 0x0000000080006008
core   0: 0x000000008000400c (0x078c0c13) addi    s8, s8, 120
core   0: 3 0x000000008000400c (0x078c0c13) x24 0x0000000080006080
core   0: 0x0000000080004010 (0x000c00e7) jalr    s8
core   0: 3 0x0000000080004010 (0x000c00e7) x1  0x0000000080004014
core   0: >>>>  any_handler
core   0: 0x0000000080006080 (0x341027f3) csrrs   a5, mepc, zero
core   0: 3 0x0000000080006080 (0x341027f3) x15 0x00000000800059b0
core   0: 0x0000000080006084 (0x34202773) csrrs   a4, mcause, zero
core   0: 3 0x0000000080006084 (0x34202773) x14 0x0000000000000002
core   0: 0x0000000080006088 (0x142026f3) csrrs   a3, scause, zero
core   0: 3 0x0000000080006088 (0x142026f3) x13 0x0000000000000000
core   0: 0x000000008000608c (0x30402673) csrrs   a2, mie, zero
core   0: 3 0x000000008000608c (0x30402673) x12 0x0000000000000a00
core   0: 0x0000000080006090 (0x344025f3) csrrs   a1, mip, zero
core   0: 3 0x0000000080006090 (0x344025f3) x11 0x0000000000000080
core   0: 0x0000000080006094 (0x343025f3) csrrs   a1, mtval, zero
core   0: 3 0x0000000080006094 (0x343025f3) x11 0x00000000c06e3073
core   0: 0x0000000080006098 (0x14302573) csrrs   a0, stval, zero
core   0: 3 0x0000000080006098 (0x14302573) x10 0x0000000000000000
core   0: 0x000000008000609c (0xb02024f3) csrrs   s1, minstret, zero
core   0: 3 0x000000008000609c (0xb02024f3) x9  0x000000000000114f
core   0: 0x00000000800060a0 (0x0000a811) c.j     pc + 20
core   0: 3 0x00000000800060a0 (0xa811)
core   0: >>>>  mepc_4
core   0: 0x00000000800060b4 (0x00000791) c.addi  a5, 4
core   0: 3 0x00000000800060b4 (0x0791) x15 0x00000000800059b4
core   0: 0x00000000800060b6 (0x34179073) csrrw   zero, mepc, a5
core   0: 3 0x00000000800060b6 (0x34179073) c833_mepc 0x00000000800059b4
core   0: 0x00000000800060ba (0x30200073) mret
core   0: 3 0x00000000800060ba (0x30200073) c768_mstatus 0x8000000a00106080
core   0: 0x00000000800059b4 (0xd2150fd3) fcvt.d.wu ft11, a0
core   0: 1 0x00000000800059b4 (0xd2150fd3) f31 0x0000000000000000
core   0: 0x00000000800059b8 (0xd20907d3) fcvt.d.w fa5, s2
core   0: 1 0x00000000800059b8 (0xd20907d3) f15 0x0000000000000000
core   0: 0x00000000800059bc (0x00000001) c.nop
core   0: 1 0x00000000800059bc (0x0001)
core   0: 0x00000000800059be (0xf20686d3) fmv.d.x fa3, a3
core   0: 1 0x00000000800059be (0xf20686d3) f13 0x0000000000000000
core   0: 0x00000000800059c2 (0x0373fbd3) fadd.d  fs7, ft7, fs7
core   0: 1 0x00000000800059c2 (0x0373fbd3) f23 0x7ff8000000000000
core   0: 0x00000000800059c6 (0x02b96433) rem     s0, s2, a1
core   0: 1 0x00000000800059c6 (0x02b96433) x8  0x0000000000000000
core   0: 0x00000000800059ca (0x401ede93) srai    t4, t4, 1
core   0: 1 0x00000000800059ca (0x401ede93) x29 0x0000000000000000
core   0: 0x00000000800059ce (0x03945e93) srli    t4, s0, 57
core   0: 1 0x00000000800059ce (0x03945e93) x29 0x0000000000000000
core   0: 0x00000000800059d2 (0x001a5993) srli    s3, s4, 1
core   0: 1 0x00000000800059d2 (0x001a5993) x19 0x0000000000000000
core   0: 0x00000000800059d6 (0x1b9a7f53) fdiv.d  ft10, fs4, fs9
core   0: 1 0x00000000800059d6 (0x1b9a7f53) f30 0x7ff8000000000000
core   0: 0x00000000800059da (0x0338dd3b) divuw   s10, a7, s3
core   0: 1 0x00000000800059da (0x0338dd3b) x26 0xffffffffffffffff
core   0: 0x00000000800059de (0xa3ef0b53) fle.d   s6, ft10, ft10
core   0: 1 0x00000000800059de (0xa3ef0b53) c1_fflags 0x000000000000001f x22 0x0000000000000000
core   0: 0x00000000800059e2 (0x00000001) c.nop
core   0: 1 0x00000000800059e2 (0x0001)
core   0: 0x00000000800059e4 (0x00000001) c.nop
core   0: 1 0x00000000800059e4 (0x0001)
core   0: 0x00000000800059e6 (0x02c6693b) remw    s2, a2, a2
core   0: 1 0x00000000800059e6 (0x02c6693b) x18 0x0000000000000000
core   0: 0x00000000800059ea (0x017bcd33) xor     s10, s7, s7
core   0: 1 0x00000000800059ea (0x017bcd33) x26 0x0000000000000000
core   0: 0x00000000800059ee (0x00ecf433) and     s0, s9, a4
core   0: 1 0x00000000800059ee (0x00ecf433) x8  0x0000000000000002
core   0: 0x00000000800059f2 (0x5a01f553) fsqrt.d fa0, ft3
core   0: 1 0x00000000800059f2 (0x5a01f553) c1_fflags 0x000000000000001f f10 0x3ff6a09e667f3bcd
core   0: 0x00000000800059f6 (0x010ad3b3) srl     t2, s5, a6
core   0: 1 0x00000000800059f6 (0x010ad3b3) x7  0x0000000000000400
core   0: 0x00000000800059fa (0x01290e3b) addw    t3, s2, s2
core   0: 1 0x00000000800059fa (0x01290e3b) x28 0x0000000000000000
core   0: 0x00000000800059fe (0xd03778d3) fcvt.s.lu fa7, a4
core   0: 1 0x00000000800059fe (0xd03778d3) f17 0xffffffff40000000
core   0: 0x0000000080005a02 (0xf3487a43) fmadd.d fs4, fa6, fs4, ft10
core   0: 1 0x0000000080005a02 (0xf3487a43) f20 0x7ff8000000000000
core   0: 0x0000000080005a06 (0x00181573) csrrw   a0, fflags, a6
core   0: 1 0x0000000080005a06 (0x00181573) x10 0x000000000000001f c1_fflags 0x0000000000000000
core   0: 0x0000000080005a0a (0x9f756c13) ori     s8, a0, -1545
core   0: 1 0x0000000080005a0a (0x9f756c13) x24 0xfffffffffffff9ff
core   0: 0x0000000080005a0e (0xc0357dd3) fcvt.lu.s s11, fa0
core   0: 1 0x0000000080005a0e (0xc0357dd3) c1_fflags 0x0000000000000010 x27 0xffffffffffffffff
core   0: 0x0000000080005a12 (0x01f74d37) lui     s10, 0x1f74
core   0: 1 0x0000000080005a12 (0x01f74d37) x26 0x0000000001f74000
core   0: 0x0000000080005a16 (0xa03d0d1b) addiw   s10, s10, -1533
core   0: 1 0x0000000080005a16 (0xa03d0d1b) x26 0x0000000001f73a03
core   0: 0x0000000080005a1a (0x00000d36) c.slli  s10, 13
core   0: 1 0x0000000080005a1a (0x0d36) x26 0x0000003ee7406000
core   0: 0x0000000080005a1c (0x8d4d0d13) addi    s10, s10, -1836
core   0: 1 0x0000000080005a1c (0x8d4d0d13) x26 0x0000003ee74058d4
core   0: 0x0000000080005a20 (0xc231f953) fcvt.lu.d s2, ft3
core   0: 1 0x0000000080005a20 (0xc231f953) x18 0x0000000000000002
core   0: 0x0000000080005a24 (0x010a85b3) add     a1, s5, a6
core   0: 1 0x0000000080005a24 (0x010a85b3) x11 0x0000000000000400
core   0: 0x0000000080005a28 (0xc03779d3) fcvt.lu.s s3, fa4
core   0: 1 0x0000000080005a28 (0xc03779d3) c1_fflags 0x0000000000000010 x19 0xffffffffffffffff
core   0: 0x0000000080005a2c (0x02761513) slli    a0, a2, 39
core   0: 1 0x0000000080005a2c (0x02761513) x10 0x0005000000000000
core   0: 0x0000000080005a30 (0xd74e9ab7) lui     s5, 0xd74e9
core   0: 1 0x0000000080005a30 (0xd74e9ab7) x21 0xffffffffd74e9000
core   0: 0x0000000080005a34 (0xc22a7cd3) fcvt.l.d s9, fs4
core   0: 1 0x0000000080005a34 (0xc22a7cd3) c1_fflags 0x0000000000000010 x25 0x7fffffffffffffff
core   0: 0x0000000080005a38 (0xa3118853) fle.d   a6, ft3, fa7
core   0: 1 0x0000000080005a38 (0xa3118853) c1_fflags 0x0000000000000010 x16 0x0000000000000000
core   0: 0x0000000080005a3c (0x42070853) fcvt.d.s fa6, fa4
core   0: 1 0x0000000080005a3c (0x42070853) f16 0x7ff8000000000000
core   0: 0x0000000080005a40 (0x000083ee) c.mv    t2, s11
core   0: 1 0x0000000080005a40 (0x83ee) x7  0xffffffffffffffff
core   0: 0x0000000080005a42 (0x00721db3) sll     s11, tp, t2
core   0: 1 0x0000000080005a42 (0x00721db3) x27 0x8000000000000000
core   0: 0x0000000080005a46 (0x106fe073) csrrsi  zero, scounteren, 31
core   0: 1 0x0000000080005a46 (0x106fe073) c262_scounteren 0x0000000000000000
core   0: 0x0000000080005a4a (0xd21d8453) fcvt.d.wu fs0, s11
core   0: 1 0x0000000080005a4a (0xd21d8453) f8  0x0000000000000000
core   0: 0x0000000080005a4e (0xd03a7153) fcvt.s.lu ft2, s4
core   0: 1 0x0000000080005a4e (0xd03a7153) f2  0xffffffff00000000
core   0: 0x0000000080005a52 (0x0175023b) addw    tp, a0, s7
core   0: 1 0x0000000080005a52 (0x0175023b) x4  0x0000000000000000
core   0: 0x0000000080005a56 (0x40ba8e33) sub     t3, s5, a1
core   0: 1 0x0000000080005a56 (0x40ba8e33) x28 0xffffffffd74e8c00
core   0: 0x0000000080005a5a (0xc2017753) fcvt.w.d a4, ft2
core   0: 1 0x0000000080005a5a (0xc2017753) c1_fflags 0x0000000000000010 x14 0x000000007fffffff
core   0: 0x0000000080005a5e (0xc20178d3) fcvt.w.d a7, ft2
core   0: 1 0x0000000080005a5e (0xc20178d3) c1_fflags 0x0000000000000010 x17 0x000000007fffffff
core   0: 0x0000000080005a62 (0x0028d4bb) srlw    s1, a7, sp
core   0: 1 0x0000000080005a62 (0x0028d4bb) x9  0x000000007fffffff
core   0: 0x0000000080005a66 (0x03de3d33) mulhu   s10, t3, t4
core   0: 1 0x0000000080005a66 (0x03de3d33) x26 0x0000000000000000
core   0: 0x0000000080005a6a (0xbc30d817) auipc   a6, 0xbc30d
core   0: 1 0x0000000080005a6a (0xbc30d817) x16 0x000000003c312a6a
core   0: 0x0000000080005a6e (0x003189bb) addw    s3, gp, gp
core   0: 1 0x0000000080005a6e (0x003189bb) x19 0x0000000000000000
core   0: 0x0000000080005a72 (0x4002579b) sraiw   a5, tp, 0
core   0: 1 0x0000000080005a72 (0x4002579b) x15 0x0000000000000000
core   0: 0x0000000080005a76 (0x7ff17193) andi    gp, sp, 2047
core   0: 1 0x0000000080005a76 (0x7ff17193) x3  0x0000000000000000
core   0: 0x0000000080005a7a (0x2b0e04d3) fmin.d  fs1, ft8, fa6
core   0: 1 0x0000000080005a7a (0x2b0e04d3) f9  0x0000000000000000
core   0: 0x0000000080005a7e (0x7ffc4b13) xori    s6, s8, 2047
core   0: 1 0x0000000080005a7e (0x7ffc4b13) x22 0xfffffffffffffe00
core   0: 0x0000000080005a82 (0x0306663b) remw    a2, a2, a6
core   0: 1 0x0000000080005a82 (0x0306663b) x12 0x0000000000000a00
core   0: 0x0000000080005a86 (0xd22a7553) fcvt.d.l fa0, s4
core   0: 1 0x0000000080005a86 (0xd22a7553) f10 0x0000000000000000
core   0: 0x0000000080005a8a (0x002616f3) csrrw   a3, frm, a2
core   0: 1 0x0000000080005a8a (0x002616f3) x13 0x0000000000000000 c2_frm 0x0000000000000000
core   0: 0x0000000080005a8e (0x0231cd33) div     s10, gp, gp
core   0: 1 0x0000000080005a8e (0x0231cd33) x26 0xffffffffffffffff
core   0: 0x0000000080005a92 (0x000084f6) c.mv    s1, t4
core   0: 1 0x0000000080005a92 (0x84f6) x9  0x0000000000000000
core   0: 0x0000000080005a94 (0x0254e23b) remw    tp, s1, t0
core   0: 1 0x0000000080005a94 (0x0254e23b) x4  0x0000000000000000
core   0: 0x0000000080005a98 (0x4162593b) sraw    s2, tp, s6
core   0: 1 0x0000000080005a98 (0x4162593b) x18 0x0000000000000000
core   0: 0x0000000080005a9c (0x018393bb) sllw    t2, t2, s8
core   0: 1 0x0000000080005a9c (0x018393bb) x7  0xffffffff80000000
core   0: 0x0000000080005aa0 (0x01dc5d3b) srlw    s10, s8, t4
core   0: 1 0x0000000080005aa0 (0x01dc5d3b) x26 0xfffffffffffff9ff
core   0: 0x0000000080005aa4 (0x5a04fed3) fsqrt.d ft9, fs1
core   0: 1 0x0000000080005aa4 (0x5a04fed3) f29 0x0000000000000000
core   0: 0x0000000080005aa8 (0xf98d10b7) lui     ra, 0xf98d1
core   0: 1 0x0000000080005aa8 (0xf98d10b7) x1  0xfffffffff98d1000
core   0: 0x0000000080005aac (0xea90809b) addiw   ra, ra, -343
core   0: 1 0x0000000080005aac (0xea90809b) x1  0xfffffffff98d0ea9
core   0: 0x0000000080005ab0 (0x000000b2) c.slli  ra, 12
core   0: 1 0x0000000080005ab0 (0x00b2) x1  0xffffff98d0ea9000
core   0: 0x0000000080005ab2 (0xca908093) addi    ra, ra, -855
core   0: 1 0x0000000080005ab2 (0xca908093) x1  0xffffff98d0ea8ca9
core   0: 0x0000000080005ab6 (0xb3cc041b) addiw   s0, s8, -1220
core   0: 1 0x0000000080005ab6 (0xb3cc041b) x8  0xfffffffffffff53b
core   0: 0x0000000080005aba (0x0077d13b) srlw    sp, a5, t2
core   0: 1 0x0000000080005aba (0x0077d13b) x2  0x0000000000000000
core   0: 0x0000000080005abe (0xf2040dd3) fmv.d.x fs11, s0
core   0: 1 0x0000000080005abe (0xf2040dd3) f27 0xfffffffffffff53b
core   0: 0x0000000080005ac2 (0x03a0bcb3) mulhu   s9, ra, s10
core   0: 1 0x0000000080005ac2 (0x03a0bcb3) x25 0xffffff98d0ea86a8
core   0: 0x0000000080005ac6 (0xc03dfc53) fcvt.lu.s s8, fs11
core   0: 1 0x0000000080005ac6 (0xc03dfc53) c1_fflags 0x0000000000000010 x24 0xffffffffffffffff
core   0: 0x0000000080005aca (0xeb0dfc4f) fnmadd.d fs8, fs11, fa6, ft9
core   0: 1 0x0000000080005aca (0xeb0dfc4f) f24 0x7ff8000000000000
core   0: 0x0000000080005ace (0x0159193b) sllw    s2, s2, s5
core   0: 1 0x0000000080005ace (0x0159193b) x18 0x0000000000000000
core   0: 0x0000000080005ad2 (0x2b0c1753) fmax.d  fa4, fs8, fa6
core   0: 1 0x0000000080005ad2 (0x2b0c1753) f14 0x7ff8000000000000
core   0: 0x0000000080005ad6 (0x4a3dfa43) fmadd.d fs4, fs11, ft3, fs1
core   0: 1 0x0000000080005ad6 (0x4a3dfa43) f20 0x7ff8000000000000
core   0: 0x0000000080005ada (0x02f7b7b3) mulhu   a5, a5, a5
core   0: 1 0x0000000080005ada (0x02f7b7b3) x15 0x0000000000000000
core   0: 0x0000000080005ade (0x8006fc13) andi    s8, a3, -2048
core   0: 1 0x0000000080005ade (0x8006fc13) x24 0x0000000000000000
core   0: 0x0000000080005ae2 (0x5a0778d3) fsqrt.d fa7, fa4
core   0: 1 0x0000000080005ae2 (0x5a0778d3) f17 0x7ff8000000000000
core   0: 0x0000000080005ae6 (0x0040571b) srliw   a4, zero, 4
core   0: 1 0x0000000080005ae6 (0x0040571b) x14 0x0000000000000000
core   0: 0x0000000080005aea (0x41078833) sub     a6, a5, a6
core   0: 1 0x0000000080005aea (0x41078833) x16 0xffffffffc3ced596
core   0: 0x0000000080005aee (0x002a9173) csrrw   sp, frm, s5
core   0: 1 0x0000000080005aee (0x002a9173) x2  0x0000000000000000 c2_frm 0x0000000000000000
core   0: 0x0000000080005af2 (0xe2088c53) fmv.x.d s8, fa7
core   0: 1 0x0000000080005af2 (0xe2088c53) x24 0x7ff8000000000000
core   0: 0x0000000080005af6 (0x0122d09b) srliw   ra, t0, 18
core   0: 1 0x0000000080005af6 (0x0122d09b) x1  0x0000000000003fe0
core   0: 0x0000000080005afa (0x8000061b) addiw   a2, zero, -2048
core   0: 1 0x0000000080005afa (0x8000061b) x12 0xfffffffffffff800
core   0: 0x0000000080005afe (0x133d79d3) fmul.d  fs3, fs10, fs3
core   0: 1 0x0000000080005afe (0x133d79d3) f19 0x0000000000000000
core   0: 0x0000000080005b02 (0xd2100e53) fcvt.d.wu ft8, zero
core   0: 1 0x0000000080005b02 (0xd2100e53) f28 0x0000000000000000
core   0: 0x0000000080005b06 (0x02140333) mul     t1, s0, ra
core   0: 1 0x0000000080005b06 (0x02140333) x6  0xfffffffffd5018a0
core   0: 0x0000000080005b0a (0x010b073b) addw    a4, s6, a6
core   0: 1 0x0000000080005b0a (0x010b073b) x14 0xffffffffc3ced396
core   0: 0x0000000080005b0e (0x00765793) srli    a5, a2, 7
core   0: 1 0x0000000080005b0e (0x00765793) x15 0x01fffffffffffff0
core   0: 0x0000000080005b12 (0x02ddfebb) remuw   t4, s11, a3
core   0: 1 0x0000000080005b12 (0x02ddfebb) x29 0x0000000000000000
core   0: 0x0000000080005b16 (0x030e7fd3) fadd.d  ft11, ft8, fa6
core   0: 1 0x0000000080005b16 (0x030e7fd3) f31 0x7ff8000000000000
core   0: 0x0000000080005b1a (0x09f4dbb7) lui     s7, 0x9f4d
core   0: 1 0x0000000080005b1a (0x09f4dbb7) x23 0x0000000009f4d000
core   0: 0x0000000080005b1e (0x43fb5d93) srai    s11, s6, 63
core   0: 1 0x0000000080005b1e (0x43fb5d93) x27 0xffffffffffffffff
core   0: 0x0000000080005b22 (0x01bdc2b3) xor     t0, s11, s11
core   0: 1 0x0000000080005b22 (0x01bdc2b3) x5  0x0000000000000000
core   0: 0x0000000080005b26 (0x79178c93) addi    s9, a5, 1937
core   0: 1 0x0000000080005b26 (0x79178c93) x25 0x0200000000000781
core   0: 0x0000000080005b2a (0x0151f733) and     a4, gp, s5
core   0: 1 0x0000000080005b2a (0x0151f733) x14 0x0000000000000000
core   0: 0x0000000080005b2e (0x03230033) mul     zero, t1, s2
core   0: 1 0x0000000080005b2e (0x03230033)
core   0: 0x0000000080005b32 (0x704821b7) lui     gp, 0x70482
core   0: 1 0x0000000080005b32 (0x704821b7) x3  0x0000000070482000
core   0: 0x0000000080005b36 (0x401cdc9b) sraiw   s9, s9, 1
core   0: 1 0x0000000080005b36 (0x401cdc9b) x25 0x00000000000003c0
core   0: 0x0000000080005b3a (0x007dcdb3) xor     s11, s11, t2
core   0: 1 0x0000000080005b3a (0x007dcdb3) x27 0x000000007fffffff
core   0: 0x0000000080005b3e (0x2339ad53) fsgnjx.d fs10, fs3, fs3
core   0: 1 0x0000000080005b3e (0x2339ad53) f26 0x0000000000000000
core   0: 0x0000000080005b42 (0x036b66bb) remw    a3, s6, s6
core   0: 1 0x0000000080005b42 (0x036b66bb) x13 0x0000000000000000
core   0: 0x0000000080005b46 (0x00151af3) csrrw   s5, fflags, a0
core   0: 1 0x0000000080005b46 (0x00151af3) x21 0x0000000000000010 c1_fflags 0x0000000000000000
core   0: 0x0000000080005b4a (0xd036f2d3) fcvt.s.lu ft5, a3
core   0: 1 0x0000000080005b4a (0xd036f2d3) f5  0xffffffff00000000
core   0: 0x0000000080005b4e (0xd2128453) fcvt.d.wu fs0, t0
core   0: 1 0x0000000080005b4e (0xd2128453) f8  0x0000000000000000
core   0: 0x0000000080005b52 (0x00009dbb) sllw    s11, ra, zero
core   0: 1 0x0000000080005b52 (0x00009dbb) x27 0x0000000000003fe0
core   0: 0x0000000080005b56 (0x40177ed3) fcvt.s.d ft9, fa4
core   0: 1 0x0000000080005b56 (0x40177ed3) f29 0xffffffff7fc00000
core   0: 0x0000000080005b5a (0x039dc93b) divw    s2, s11, s9
core   0: 1 0x0000000080005b5a (0x039dc93b) x18 0x0000000000000011
core   0: 0x0000000080005b5e (0xa29e8053) fle.d   zero, ft9, fs1
core   0: 1 0x0000000080005b5e (0xa29e8053) c1_fflags 0x0000000000000010
core   0: 0x0000000080005b62 (0x02ce7633) remu    a2, t3, a2
core   0: 1 0x0000000080005b62 (0x02ce7633) x12 0xffffffffd74e8c00
core   0: 0x0000000080005b66 (0x00000001) c.nop
core   0: 1 0x0000000080005b66 (0x0001)
core   0: 0x0000000080005b68 (0x038484bb) mulw    s1, s1, s8
core   0: 1 0x0000000080005b68 (0x038484bb) x9  0x0000000000000000
core   0: 0x0000000080005b6c (0x00cc61b3) or      gp, s8, a2
core   0: 1 0x0000000080005b6c (0x00cc61b3) x3  0xffffffffd74e8c00
core   0: 0x0000000080005b70 (0x23d81453) fsgnjn.d fs0, fa6, ft9
core   0: 1 0x0000000080005b70 (0x23d81453) f8  0x7ff8000000000000
core   0: 0x0000000080005b74 (0x4176dbbb) sraw    s7, a3, s7
core   0: 1 0x0000000080005b74 (0x4176dbbb) x23 0x0000000000000000
core   0: 0x0000000080005b78 (0x40eb873b) subw    a4, s7, a4
core   0: 1 0x0000000080005b78 (0x40eb873b) x14 0x0000000000000000
core   0: 0x0000000080005b7c (0x03a74a33) div     s4, a4, s10
core   0: 1 0x0000000080005b7c (0x03a74a33) x20 0x0000000000000000
core   0: 0x0000000080005b80 (0x01035ab3) srl     s5, t1, a6
core   0: 1 0x0000000080005b80 (0x01035ab3) x21 0x000003fffffffff5
core   0: 0x0000000080005b84 (0x03030d33) mul     s10, t1, a6
core   0: 1 0x0000000080005b84 (0x03030d33) x26 0x00a1be57c22b8dc0
core   0: 0x0000000080005b88 (0x00009e22) c.add   t3, s0
core   0: 1 0x0000000080005b88 (0x9e22) x28 0xffffffffd74e813b
core   0: 0x0000000080005b8a (0x41c254bb) sraw    s1, tp, t3
core   0: 1 0x0000000080005b8a (0x41c254bb) x9  0x0000000000000000
core   0: 0x0000000080005b8e (0x009b09bb) addw    s3, s6, s1
core   0: 1 0x0000000080005b8e (0x009b09bb) x19 0xfffffffffffffe00
core   0: 0x0000000080005b92 (0x128ef1d3) fmul.d  ft3, ft9, fs0
core   0: 1 0x0000000080005b92 (0x128ef1d3) f3  0x7ff8000000000000
core   0: 0x0000000080005b96 (0x00000001) c.nop
core   0: 1 0x0000000080005b96 (0x0001)
core   0: 0x0000000080005b98 (0x72077b43) fmadd.d fs6, fa4, ft0, fa4
core   0: 1 0x0000000080005b98 (0x72077b43) f22 0x7ff8000000000000
core   0: 0x0000000080005b9c (0x015eaeb3) slt     t4, t4, s5
core   0: 1 0x0000000080005b9c (0x015eaeb3) x29 0x0000000000000001
core   0: 0x0000000080005ba0 (0x1ab471cf) fnmadd.d ft3, fs0, fa1, ft3
core   0: 1 0x0000000080005ba0 (0x1ab471cf) f3  0x7ff8000000000000
core   0: 0x0000000080005ba4 (0xe20c0453) fmv.x.d s0, fs8
core   0: 1 0x0000000080005ba4 (0xe20c0453) x8  0x7ff8000000000000
core   0: 0x0000000080005ba8 (0x00840abb) addw    s5, s0, s0
core   0: 1 0x0000000080005ba8 (0x00840abb) x21 0x0000000000000000
core   0: 0x0000000080005bac (0x0352e13b) remw    sp, t0, s5
core   0: 1 0x0000000080005bac (0x0352e13b) x2  0x0000000000000000
core   0: 0x0000000080005bb0 (0x00000001) c.nop
core   0: 1 0x0000000080005bb0 (0x0001)
core   0: 0x0000000080005bb2 (0x008934b3) sltu    s1, s2, s0
core   0: 1 0x0000000080005bb2 (0x008934b3) x9  0x0000000000000001
core   0: 0x0000000080005bb6 (0xd03afa53) fcvt.s.lu fs4, s5
core   0: 1 0x0000000080005bb6 (0xd03afa53) f20 0xffffffff00000000
core   0: 0x0000000080005bba (0x402b8bbb) subw    s7, s7, sp
core   0: 1 0x0000000080005bba (0x402b8bbb) x23 0x0000000000000000
core   0: 0x0000000080005bbe (0x03748e3b) mulw    t3, s1, s7
core   0: 1 0x0000000080005bbe (0x03748e3b) x28 0x0000000000000000
core   0: 0x0000000080005bc2 (0x033223b3) mulhsu  t2, tp, s3
core   0: 1 0x0000000080005bc2 (0x033223b3) x7  0x0000000000000000
core   0: 0x0000000080005bc6 (0x029cecbb) remw    s9, s9, s1
core   0: 1 0x0000000080005bc6 (0x029cecbb) x25 0x0000000000000000
core   0: 0x0000000080005bca (0x01c2fe33) and     t3, t0, t3
core   0: 1 0x0000000080005bca (0x01c2fe33) x28 0x0000000000000000
core   0: 0x0000000080005bce (0xd221fb53) fcvt.d.l fs6, gp
core   0: 1 0x0000000080005bce (0xd221fb53) f22 0xc1c458ba00000000
core   0: 0x0000000080005bd2 (0xd223f753) fcvt.d.l fa4, t2
core   0: 1 0x0000000080005bd2 (0xd223f753) f14 0x0000000000000000
core   0: 0x0000000080005bd6 (0x000e131b) slliw   t1, t3, 0
core   0: 1 0x0000000080005bd6 (0x000e131b) x6  0x0000000000000000
core   0: 0x0000000080005bda (0x22e5aed3) fsgnjx.d ft9, fa1, fa4
core   0: 1 0x0000000080005bda (0x22e5aed3) f29 0x43effffffff91800
core   0: 0x0000000080005bde (0xa22c0453) fle.d   s0, fs8, ft2
core   0: 1 0x0000000080005bde (0xa22c0453) c1_fflags 0x0000000000000010 x8  0x0000000000000000
core   0: 0x0000000080005be2 (0x2ab8059b) addiw   a1, a6, 683
core   0: 1 0x0000000080005be2 (0x2ab8059b) x11 0xffffffffc3ced841
core   0: 0x0000000080005be6 (0x1a5ef2d3) fdiv.d  ft5, ft9, ft5
core   0: 1 0x0000000080005be6 (0x1a5ef2d3) f5  0x7ff8000000000000
core   0: 0x0000000080005bea (0x037d3d33) mulhu   s10, s10, s7
core   0: 1 0x0000000080005bea (0x037d3d33) x26 0x0000000000000000
core   0: 0x0000000080005bee (0x1a5d7d53) fdiv.d  fs10, fs10, ft5
core   0: 1 0x0000000080005bee (0x1a5d7d53) f26 0x7ff8000000000000
core   0: 0x0000000080005bf2 (0x01eb569b) srliw   a3, s6, 30
core   0: 1 0x0000000080005bf2 (0x01eb569b) x13 0x0000000000000003
core   0: 0x0000000080005bf6 (0x0119d0bb) srlw    ra, s3, a7
core   0: 1 0x0000000080005bf6 (0x0119d0bb) x1  0x0000000000000001
core   0: 0x0000000080005bfa (0x416b5cbb) sraw    s9, s6, s6
core   0: 1 0x0000000080005bfa (0x416b5cbb) x25 0xfffffffffffffe00
core   0: 0x0000000080005bfe (0x40ea0ebb) subw    t4, s4, a4
core   0: 1 0x0000000080005bfe (0x40ea0ebb) x29 0x0000000000000000
core   0: 0x0000000080005c02 (0xa3de8553) fle.d   a0, ft9, ft9
core   0: 1 0x0000000080005c02 (0xa3de8553) x10 0x0000000000000001
core   0: 0x0000000080005c06 (0x014553b3) srl     t2, a0, s4
core   0: 1 0x0000000080005c06 (0x014553b3) x7  0x0000000000000001
core   0: 0x0000000080005c0a (0x00079793) slli    a5, a5, 0
core   0: 1 0x0000000080005c0a (0x00079793) x15 0x01fffffffffffff0
core   0: 0x0000000080005c0e (0x42090153) fcvt.d.s ft2, fs2
core   0: 1 0x0000000080005c0e (0x42090153) f2  0x7ff8000000000000
core   0: 0x0000000080005c12 (0x12edff4b) fnmsub.d ft10, fs11, fa4, ft2
core   0: 1 0x0000000080005c12 (0x12edff4b) f30 0x7ff8000000000000
core   0: 0x0000000080005c16 (0x00000001) c.nop
core   0: 1 0x0000000080005c16 (0x0001)
core   0: 0x0000000080005c18 (0x00202b73) csrrs   s6, frm, zero
core   0: 1 0x0000000080005c18 (0x00202b73) x22 0x0000000000000000
core   0: 0x0000000080005c1c (0x2b641e53) fmax.d  ft8, fs0, fs6
core   0: 1 0x0000000080005c1c (0x2b641e53) f28 0xc1c458ba00000000
core   0: 0x0000000080005c20 (0x02949ab3) mulh    s5, s1, s1
core   0: 1 0x0000000080005c20 (0x02949ab3) x21 0x0000000000000000
core   0: 0x0000000080005c24 (0x0194d393) srli    t2, s1, 25
core   0: 1 0x0000000080005c24 (0x0194d393) x7  0x0000000000000000
core   0: 0x0000000080005c28 (0x8003f013) andi    zero, t2, -2048
core   0: 1 0x0000000080005c28 (0x8003f013)
core   0: 0x0000000080005c2c (0x01a81c3b) sllw    s8, a6, s10
core   0: 1 0x0000000080005c2c (0x01a81c3b) x24 0xffffffffc3ced596
core   0: 0x0000000080005c30 (0x0035c5b3) xor     a1, a1, gp
core   0: 1 0x0000000080005c30 (0x0035c5b3) x11 0x0000000014805441
core   0: 0x0000000080005c34 (0xf2e77cc7) fmsub.d fs9, fa4, fa4, ft10
core   0: 1 0x0000000080005c34 (0xf2e77cc7) f25 0x7ff8000000000000
core   0: 0x0000000080005c38 (0xc03cf853) fcvt.lu.s a6, fs9
core   0: 1 0x0000000080005c38 (0xc03cf853) c1_fflags 0x0000000000000010 x16 0xffffffffffffffff
core   0: 0x0000000080005c3c (0xe20e0a53) fmv.x.d s4, ft8
core   0: 1 0x0000000080005c3c (0xe20e0a53) x20 0xc1c458ba00000000
core   0: 0x0000000080005c40 (0x00de20b3) slt     ra, t3, a3
core   0: 1 0x0000000080005c40 (0x00de20b3) x1  0x0000000000000001
core   0: 0x0000000080005c44 (0xc03174d3) fcvt.lu.s s1, ft2
core   0: 1 0x0000000080005c44 (0xc03174d3) c1_fflags 0x0000000000000010 x9  0xffffffffffffffff
core   0: 0x0000000080005c48 (0x937bf74f) fnmadd.d fa4, fs7, fs7, fs2
core   0: 1 0x0000000080005c48 (0x937bf74f) f14 0x7ff8000000000000
core   0: 0x0000000080005c4c (0x0118883b) addw    a6, a7, a7
core   0: 1 0x0000000080005c4c (0x0118883b) x16 0xfffffffffffffffe
core   0: 0x0000000080005c50 (0x0386563b) divuw   a2, a2, s8
core   0: 1 0x0000000080005c50 (0x0386563b) x12 0x0000000000000001
core   0: 0x0000000080005c54 (0x03894933) div     s2, s2, s8
core   0: 1 0x0000000080005c54 (0x03894933) x18 0x0000000000000000
core   0: 0x0000000080005c58 (0x0ff0000f) fence   iorw,iorw
core   0: 1 0x0000000080005c58 (0x0ff0000f)
core   0: 0x0000000080005c5c (0x91e14c13) xori    s8, sp, -1762
core   0: 1 0x0000000080005c5c (0x91e14c13) x24 0xfffffffffffff91e
core   0: 0x0000000080005c60 (0x00f7913b) sllw    sp, a5, a5
core   0: 1 0x0000000080005c60 (0x00f7913b) x2  0xfffffffffff00000
core   0: 0x0000000080005c64 (0x02614d3b) divw    s10, sp, t1
core   0: 1 0x0000000080005c64 (0x02614d3b) x26 0xffffffffffffffff
core   0: 0x0000000080005c68 (0x001adb13) srli    s6, s5, 1
core   0: 1 0x0000000080005c68 (0x001adb13) x22 0x0000000000000000
core   0: 0x0000000080005c6c (0x002028f3) csrrs   a7, frm, zero
core   0: 1 0x0000000080005c6c (0x002028f3) x17 0x0000000000000000
core   0: 0x0000000080005c70 (0x006301bb) addw    gp, t1, t1
core   0: 1 0x0000000080005c70 (0x006301bb) x3  0x0000000000000000
core   0: 0x0000000080005c74 (0x00035b13) srli    s6, t1, 0
core   0: 1 0x0000000080005c74 (0x00035b13) x22 0x0000000000000000
core   0: 0x0000000080005c78 (0x00195093) srli    ra, s2, 1
core   0: 1 0x0000000080005c78 (0x00195093) x1  0x0000000000000000
core   0: 0x0000000080005c7c (0x01f1519b) srliw   gp, sp, 31
core   0: 1 0x0000000080005c7c (0x01f1519b) x3  0x0000000000000001
core   0: 0x0000000080005c80 (0x2ae21ad3) fmax.d  fs5, ft4, fa4
core   0: 1 0x0000000080005c80 (0x2ae21ad3) f21 0x7ff8000000000000
core   0: 0x0000000080005c84 (0x41c1dd3b) sraw    s10, gp, t3
core   0: 1 0x0000000080005c84 (0x41c1dd3b) x26 0x0000000000000001
core   0: 0x0000000080005c88 (0xb0a566b7) lui     a3, 0xb0a56
core   0: 1 0x0000000080005c88 (0xb0a566b7) x13 0xffffffffb0a56000
core   0: 0x0000000080005c8c (0xc021fed3) fcvt.l.s t4, ft3
core   0: 1 0x0000000080005c8c (0xc021fed3) c1_fflags 0x0000000000000010 x29 0x7fffffffffffffff
core   0: 0x0000000080005c90 (0x403051bb) sraw    gp, zero, gp
core   0: 1 0x0000000080005c90 (0x403051bb) x3  0x0000000000000000
core   0: 0x0000000080005c94 (0x0088f433) and     s0, a7, s0
core   0: 1 0x0000000080005c94 (0x0088f433) x8  0x0000000000000000
core   0: 0x0000000080005c98 (0xe20a8bd3) fmv.x.d s7, fs5
core   0: 1 0x0000000080005c98 (0xe20a8bd3) x23 0x7ff8000000000000
core   0: 0x0000000080005c9c (0xc2167953) fcvt.wu.d s2, fa2
core   0: 1 0x0000000080005c9c (0xc2167953) c1_fflags 0x0000000000000010 x18 0xffffffffffffffff
core   0: 0x0000000080005ca0 (0x035d0d33) mul     s10, s10, s5
core   0: 1 0x0000000080005ca0 (0x035d0d33) x26 0x0000000000000000
core   0: 0x0000000080005ca4 (0x40dc583b) sraw    a6, s8, a3
core   0: 1 0x0000000080005ca4 (0x40dc583b) x16 0xfffffffffffff91e
core   0: 0x0000000080005ca8 (0x02c128b3) mulhsu  a7, sp, a2
core   0: 1 0x0000000080005ca8 (0x02c128b3) x17 0xffffffffffffffff
core   0: 0x0000000080005cac (0xe369fe43) fmadd.d ft8, fs3, fs6, ft8
core   0: 1 0x0000000080005cac (0xe369fe43) f28 0xc1c458ba00000000
core   0: 0x0000000080005cb0 (0x1bfcfed3) fdiv.d  ft9, fs9, ft11
core   0: 1 0x0000000080005cb0 (0x1bfcfed3) f29 0x7ff8000000000000
core   0: 0x0000000080005cb4 (0x6f223537) lui     a0, 0x6f223
core   0: 1 0x0000000080005cb4 (0x6f223537) x10 0x000000006f223000
core   0: 0x0000000080005cb8 (0x00005593) srli    a1, zero, 0
core   0: 1 0x0000000080005cb8 (0x00005593) x11 0x0000000000000000
core   0: 0x0000000080005cbc (0xd03c79d3) fcvt.s.lu fs3, s8
core   0: 1 0x0000000080005cbc (0xd03c79d3) c1_fflags 0x0000000000000011 f19 0xffffffff5f800000
core   0: 0x0000000080005cc0 (0x0a79fdd3) fsub.d  fs11, fs3, ft7
core   0: 1 0x0000000080005cc0 (0x0a79fdd3) f27 0x7ff8000000000000
core   0: 0x0000000080005cc4 (0x037bd033) divu    zero, s7, s7
core   0: 1 0x0000000080005cc4 (0x037bd033)
core   0: 0x0000000080005cc8 (0x41a40d33) sub     s10, s0, s10
core   0: 1 0x0000000080005cc8 (0x41a40d33) x26 0x0000000000000000
core   0: 0x0000000080005ccc (0x03717533) remu    a0, sp, s7
core   0: 1 0x0000000080005ccc (0x03717533) x10 0x000ffffffff00000
core   0: 0x0000000080005cd0 (0x02308d33) mul     s10, ra, gp
core   0: 1 0x0000000080005cd0 (0x02308d33) x26 0x0000000000000000
core   0: 0x0000000080005cd4 (0x41490433) sub     s0, s2, s4
core   0: 1 0x0000000080005cd4 (0x41490433) x8  0x3e3ba745ffffffff
core   0: 0x0000000080005cd8 (0x039b89b3) mul     s3, s7, s9
core   0: 1 0x0000000080005cd8 (0x039b89b3) x19 0x1000000000000000
core   0: 0x0000000080005cdc (0xd027f153) fcvt.s.l ft2, a5
core   0: 1 0x0000000080005cdc (0xd027f153) c1_fflags 0x0000000000000011 f2  0xffffffff5c000000
core   0: 0x0000000080005ce0 (0xd2078ad3) fcvt.d.w fs5, a5
core   0: 1 0x0000000080005ce0 (0xd2078ad3) f21 0xc030000000000000
core   0: 0x0000000080005ce4 (0x00035993) srli    s3, t1, 0
core   0: 1 0x0000000080005ce4 (0x00035993) x19 0x0000000000000000
core   0: 0x0000000080005ce8 (0x2aad0dd3) fmin.d  fs11, fs10, fa0
core   0: 1 0x0000000080005ce8 (0x2aad0dd3) f27 0x0000000000000000
core   0: 0x0000000080005cec (0x0178903b) sllw    zero, a7, s7
core   0: 1 0x0000000080005cec (0x0178903b)
core   0: 0x0000000080005cf0 (0x008c5013) srli    zero, s8, 8
core   0: 1 0x0000000080005cf0 (0x008c5013)
core   0: 0x0000000080005cf4 (0x40ae0ab3) sub     s5, t3, a0
core   0: 1 0x0000000080005cf4 (0x40ae0ab3) x21 0xfff0000000100000
core   0: 0x0000000080005cf8 (0xc21172d3) fcvt.wu.d t0, ft2
core   0: 1 0x0000000080005cf8 (0xc21172d3) c1_fflags 0x0000000000000011 x5  0xffffffffffffffff
core   0: 0x0000000080005cfc (0x0003d393) srli    t2, t2, 0
core   0: 1 0x0000000080005cfc (0x0003d393) x7  0x0000000000000000
core   0: 0x0000000080005d00 (0x02784e3b) divw    t3, a6, t2
core   0: 1 0x0000000080005d00 (0x02784e3b) x28 0xffffffffffffffff
core   0: 0x0000000080005d04 (0x00000001) c.nop
core   0: 1 0x0000000080005d04 (0x0001)
core   0: 0x0000000080005d06 (0x0392a5b3) mulhsu  a1, t0, s9
core   0: 1 0x0000000080005d06 (0x0392a5b3) x11 0xffffffffffffffff
core   0: 0x0000000080005d0a (0x0135d9bb) srlw    s3, a1, s3
core   0: 1 0x0000000080005d0a (0x0135d9bb) x19 0xffffffffffffffff
core   0: 0x0000000080005d0e (0x015292b3) sll     t0, t0, s5
core   0: 1 0x0000000080005d0e (0x015292b3) x5  0xffffffffffffffff
core   0: 0x0000000080005d12 (0xc042c893) xori    a7, t0, -1020
core   0: 1 0x0000000080005d12 (0xc042c893) x17 0x00000000000003fb
core   0: 0x0000000080005d16 (0xc2027753) fcvt.w.d a4, ft4
core   0: 1 0x0000000080005d16 (0xc2027753) c1_fflags 0x0000000000000011 x14 0x000000007fffffff
core   0: 0x0000000080005d1a (0x01de1413) slli    s0, t3, 29
core   0: 1 0x0000000080005d1a (0x01de1413) x8  0xffffffffe0000000
core   0: 0x0000000080005d1e (0x2ad48d53) fmin.d  fs10, fs1, fa3
core   0: 1 0x0000000080005d1e (0x2ad48d53) f26 0x0000000000000000
core   0: 0x0000000080005d22 (0x0007521b) srliw   tp, a4, 0
core   0: 1 0x0000000080005d22 (0x0007521b) x4  0x000000007fffffff
core   0: 0x0000000080005d26 (0x0016141b) slliw   s0, a2, 1
core   0: 1 0x0000000080005d26 (0x0016141b) x8  0x0000000000000002
core   0: 0x0000000080005d2a (0x4016f953) fcvt.s.d fs2, fa3
core   0: 1 0x0000000080005d2a (0x4016f953) f18 0xffffffff00000000
core   0: 0x0000000080005d2e (0x3e98031b) addiw   t1, a6, 1001
core   0: 1 0x0000000080005d2e (0x3e98031b) x6  0xfffffffffffffd07
core   0: 0x0000000080005d32 (0x000c90bb) sllw    ra, s9, zero
core   0: 1 0x0000000080005d32 (0x000c90bb) x1  0xfffffffffffffe00
core   0: 0x0000000080005d36 (0x51d09b37) lui     s6, 0x51d09
core   0: 1 0x0000000080005d36 (0x51d09b37) x22 0x0000000051d09000
core   0: 0x0000000080005d3a (0x001c1a1b) slliw   s4, s8, 1
core   0: 1 0x0000000080005d3a (0x001c1a1b) x20 0xfffffffffffff23c
core   0: 0x0000000080005d3e (0x0002da1b) srliw   s4, t0, 0
core   0: 1 0x0000000080005d3e (0x0002da1b) x20 0xffffffffffffffff
core   0: 0x0000000080005d42 (0x43fa5b93) srai    s7, s4, 63
core   0: 1 0x0000000080005d42 (0x43fa5b93) x23 0xffffffffffffffff
core   0: 0x0000000080005d46 (0x0261f8bb) remuw   a7, gp, t1
core   0: 1 0x0000000080005d46 (0x0261f8bb) x17 0x0000000000000000
core   0: 0x0000000080005d4a (0x00199873) csrrw   a6, fflags, s3
core   0: 1 0x0000000080005d4a (0x00199873) x16 0x0000000000000011 c1_fflags 0x000000000000001f
core   0: 0x0000000080005d4e (0x408c5c3b) sraw    s8, s8, s0
core   0: 1 0x0000000080005d4e (0x408c5c3b) x24 0xfffffffffffffe47
core   0: 0x0000000080005d52 (0x4185d833) sra     a6, a1, s8
core   0: 1 0x0000000080005d52 (0x4185d833) x16 0xffffffffffffffff
core   0: 0x0000000080005d56 (0x00caeeb7) lui     t4, 0xcae
core   0: 1 0x0000000080005d56 (0x00caeeb7) x29 0x0000000000cae000
core   0: 0x0000000080005d5a (0x90fe8e9b) addiw   t4, t4, -1777
core   0: 1 0x0000000080005d5a (0x90fe8e9b) x29 0x0000000000cad90f
core   0: 0x0000000080005d5e (0x00000ebe) c.slli  t4, 15
core   0: 1 0x0000000080005d5e (0x0ebe) x29 0x000000656c878000
core   0: 0x0000000080005d60 (0x2a4e8e93) addi    t4, t4, 676
core   0: 1 0x0000000080005d60 (0x2a4e8e93) x29 0x000000656c8782a4
core   0: 0x0000000080005d64 (0x00202df3) csrrs   s11, frm, zero
core   0: 1 0x0000000080005d64 (0x00202df3) x27 0x0000000000000000
core   0: 0x0000000080005d68 (0xc02d76d3) fcvt.l.s a3, fs10
core   0: 1 0x0000000080005d68 (0xc02d76d3) c1_fflags 0x000000000000001f x13 0x7fffffffffffffff
core   0: 0x0000000080005d6c (0xe20d01d3) fmv.x.d gp, fs10
core   0: 1 0x0000000080005d6c (0xe20d01d3) x3  0x0000000000000000
core   0: 0x0000000080005d70 (0x41be591b) sraiw   s2, t3, 27
core   0: 1 0x0000000080005d70 (0x41be591b) x18 0xffffffffffffffff
core   0: 0x0000000080005d74 (0x0000d09b) srliw   ra, ra, 0
core   0: 1 0x0000000080005d74 (0x0000d09b) x1  0xfffffffffffffe00
core   0: 0x0000000080005d78 (0xe20d0153) fmv.x.d sp, fs10
core   0: 1 0x0000000080005d78 (0xe20d0153) x2  0x0000000000000000
core   0: 0x0000000080005d7c (0x03b13db3) mulhu   s11, sp, s11
core   0: 1 0x0000000080005d7c (0x03b13db3) x27 0x0000000000000000
core   0: 0x0000000080005d80 (0x406e533b) sraw    t1, t3, t1
core   0: 1 0x0000000080005d80 (0x406e533b) x6  0xffffffffffffffff
core   0: 0x0000000080005d84 (0x00000001) c.nop
core   0: 1 0x0000000080005d84 (0x0001)
core   0: 0x0000000080005d86 (0x028b0a9b) addiw   s5, s6, 40
core   0: 1 0x0000000080005d86 (0x028b0a9b) x21 0x0000000051d09028
core   0: 0x0000000080005d8a (0x00000001) c.nop
core   0: 1 0x0000000080005d8a (0x0001)
core   0: 0x0000000080005d8c (0x2bac0253) fmin.d  ft4, fs8, fs10
core   0: 1 0x0000000080005d8c (0x2bac0253) f4  0x0000000000000000
core   0: 0x0000000080005d90 (0x02fa8ebb) mulw    t4, s5, a5
core   0: 1 0x0000000080005d90 (0x02fa8ebb) x29 0xffffffffe2f6fd80
core   0: 0x0000000080005d94 (0x40e75db3) sra     s11, a4, a4
core   0: 1 0x0000000080005d94 (0x40e75db3) x27 0x0000000000000000
core   0: 0x0000000080005d98 (0x01bd8833) add     a6, s11, s11
core   0: 1 0x0000000080005d98 (0x01bd8833) x16 0x0000000000000000
core   0: 0x0000000080005d9c (0x0ff0000f) fence   iorw,iorw
core   0: 1 0x0000000080005d9c (0x0ff0000f)
core   0: 0x0000000080005da0 (0x23009dd3) fsgnjn.d fs11, ft1, fa6
core   0: 1 0x0000000080005da0 (0x23009dd3) f27 0xffffffff00000000
core   0: 0x0000000080005da4 (0x01062a33) slt     s4, a2, a6
core   0: 1 0x0000000080005da4 (0x01062a33) x20 0x0000000000000000
core   0: 0x0000000080005da8 (0x002027f3) csrrs   a5, frm, zero
core   0: 1 0x0000000080005da8 (0x002027f3) x15 0x0000000000000000
core   0: 0x0000000080005dac (0x002a1073) csrrw   zero, frm, s4
core   0: 1 0x0000000080005dac (0x002a1073) c2_frm 0x0000000000000000
core   0: 0x0000000080005db0 (0xf20b84d3) fmv.d.x fs1, s7
core   0: 1 0x0000000080005db0 (0xf20b84d3) f9  0xffffffffffffffff
core   0: 0x0000000080005db4 (0x412d81b3) sub     gp, s11, s2
core   0: 1 0x0000000080005db4 (0x412d81b3) x3  0x0000000000000001
core   0: 0x0000000080005db8 (0xe20d8353) fmv.x.d t1, fs11
core   0: 1 0x0000000080005db8 (0xe20d8353) x6  0xffffffff00000000
core   0: 0x0000000080005dbc (0x0015961b) slliw   a2, a1, 1
core   0: 1 0x0000000080005dbc (0x0015961b) x12 0xfffffffffffffffe
core   0: 0x0000000080005dc0 (0x0004f793) andi    a5, s1, 0
core   0: 1 0x0000000080005dc0 (0x0004f793) x15 0x0000000000000000
core   0: 0x0000000080005dc4 (0x02f7c233) div     tp, a5, a5
core   0: 1 0x0000000080005dc4 (0x02f7c233) x4  0xffffffffffffffff
core   0: 0x0000000080005dc8 (0x02db64b3) rem     s1, s6, a3
core   0: 1 0x0000000080005dc8 (0x02db64b3) x9  0x0000000051d09000
core   0: 0x0000000080005dcc (0x404b5393) srai    t2, s6, 4
core   0: 1 0x0000000080005dcc (0x404b5393) x7  0x00000000051d0900
core   0: 0x0000000080005dd0 (0x1b497dd3) fdiv.d  fs11, fs2, fs4
core   0: 1 0x0000000080005dd0 (0x1b497dd3) f27 0x7ff8000000000000
core   0: 0x0000000080005dd4 (0x1b18fe53) fdiv.d  ft8, fa7, fa7
core   0: 1 0x0000000080005dd4 (0x1b18fe53) f28 0x7ff8000000000000
core   0: 0x0000000080005dd8 (0xd038fed3) fcvt.s.lu ft9, a7
core   0: 1 0x0000000080005dd8 (0xd038fed3) f29 0xffffffff00000000
core   0: 0x0000000080005ddc (0xd20a0d53) fcvt.d.w fs10, s4
core   0: 1 0x0000000080005ddc (0xd20a0d53) f26 0x0000000000000000
core   0: 0x0000000080005de0 (0xf14925f3) csrrs   a1, mhartid, s2
core   0: exception trap_illegal_instruction, epc 0x0000000080005de0
core   0:           tval 0x00000000f14925f3
core   0: >>>>  $xrv64i2p1_m2p0_a2p1_f2p2_d2p2_zicsr2p0_zifencei2p0_zmmul1p0_zba1p0_zbb1p0_zbc1p0_zbs1p0
core   0: 0x0000000080004000 (0x0080006f) j       pc + 0x8
core   0: 3 0x0000000080004000 (0x0080006f)
core   0: >>>>  mmode_exception_handler
core   0: 0x0000000080004008 (0x00002c17) auipc   s8, 0x2
core   0: 3 0x0000000080004008 (0x00002c17) x24 0x0000000080006008
core   0: 0x000000008000400c (0x078c0c13) addi    s8, s8, 120
core   0: 3 0x000000008000400c (0x078c0c13) x24 0x0000000080006080
core   0: 0x0000000080004010 (0x000c00e7) jalr    s8
core   0: 3 0x0000000080004010 (0x000c00e7) x1  0x0000000080004014
core   0: >>>>  any_handler
core   0: 0x0000000080006080 (0x341027f3) csrrs   a5, mepc, zero
core   0: 3 0x0000000080006080 (0x341027f3) x15 0x0000000080005de0
core   0: 0x0000000080006084 (0x34202773) csrrs   a4, mcause, zero
core   0: 3 0x0000000080006084 (0x34202773) x14 0x0000000000000002
core   0: 0x0000000080006088 (0x142026f3) csrrs   a3, scause, zero
core   0: 3 0x0000000080006088 (0x142026f3) x13 0x0000000000000000
core   0: 0x000000008000608c (0x30402673) csrrs   a2, mie, zero
core   0: 3 0x000000008000608c (0x30402673) x12 0x0000000000000a00
core   0: 0x0000000080006090 (0x344025f3) csrrs   a1, mip, zero
core   0: 3 0x0000000080006090 (0x344025f3) x11 0x0000000000000080
core   0: 0x0000000080006094 (0x343025f3) csrrs   a1, mtval, zero
core   0: 3 0x0000000080006094 (0x343025f3) x11 0x00000000f14925f3
core   0: 0x0000000080006098 (0x14302573) csrrs   a0, stval, zero
core   0: 3 0x0000000080006098 (0x14302573) x10 0x0000000000000000
core   0: 0x000000008000609c (0xb02024f3) csrrs   s1, minstret, zero
core   0: 3 0x000000008000609c (0xb02024f3) x9  0x0000000000001272
core   0: 0x00000000800060a0 (0x0000a811) c.j     pc + 20
core   0: 3 0x00000000800060a0 (0xa811)
core   0: >>>>  mepc_4
core   0: 0x00000000800060b4 (0x00000791) c.addi  a5, 4
core   0: 3 0x00000000800060b4 (0x0791) x15 0x0000000080005de4
core   0: 0x00000000800060b6 (0x34179073) csrrw   zero, mepc, a5
core   0: 3 0x00000000800060b6 (0x34179073) c833_mepc 0x0000000080005de4
core   0: 0x00000000800060ba (0x30200073) mret
core   0: 3 0x00000000800060ba (0x30200073) c768_mstatus 0x8000000a00106080
core   0: 0x0000000080005de4 (0x0390053b) mulw    a0, zero, s9
core   0: 1 0x0000000080005de4 (0x0390053b) x10 0x0000000000000000
core   0: 0x0000000080005de8 (0x03061413) slli    s0, a2, 48
core   0: 1 0x0000000080005de8 (0x03061413) x8  0x0a00000000000000
core   0: 0x0000000080005dec (0x0180533b) srlw    t1, zero, s8
core   0: 1 0x0000000080005dec (0x0180533b) x6  0x0000000000000000
core   0: 0x0000000080005df0 (0x007379b3) and     s3, t1, t2
core   0: 1 0x0000000080005df0 (0x007379b3) x19 0x0000000000000000
core   0: 0x0000000080005df4 (0x0208f4d3) fadd.d  fs1, fa7, ft0
core   0: 1 0x0000000080005df4 (0x0208f4d3) f9  0x7ff8000000000000
core   0: 0x0000000080005df8 (0x13fe78d3) fmul.d  fa7, ft8, ft11
core   0: 1 0x0000000080005df8 (0x13fe78d3) f17 0x7ff8000000000000
core   0: 0x0000000080005dfc (0x033e4abb) divw    s5, t3, s3
core   0: 1 0x0000000080005dfc (0x033e4abb) x21 0xffffffffffffffff
core   0: 0x0000000080005e00 (0x0013869b) addiw   a3, t2, 1
core   0: 1 0x0000000080005e00 (0x0013869b) x13 0x00000000051d0901
core   0: 0x0000000080005e04 (0x41f4561b) sraiw   a2, s0, 31
core   0: 1 0x0000000080005e04 (0x41f4561b) x12 0x0000000000000000
core   0: 0x0000000080005e08 (0x224689d3) fsgnj.d fs3, fa3, ft4
core   0: 1 0x0000000080005e08 (0x224689d3) f19 0x0000000000000000
core   0: 0x0000000080005e0c (0x00000001) c.nop
core   0: 1 0x0000000080005e0c (0x0001)
core   0: 0x0000000080005e0e (0x00810abb) addw    s5, sp, s0
core   0: 1 0x0000000080005e0e (0x00810abb) x21 0x0000000000000000
core   0: 0x0000000080005e12 (0x011a47b3) xor     a5, s4, a7
core   0: 1 0x0000000080005e12 (0x011a47b3) x15 0x0000000000000000
core   0: 0x0000000080005e16 (0x024b6033) rem     zero, s6, tp
core   0: 1 0x0000000080005e16 (0x024b6033)
core   0: 0x0000000080005e1a (0x01085cb3) srl     s9, a6, a6
core   0: 1 0x0000000080005e1a (0x01085cb3) x25 0x0000000000000000
core   0: 0x0000000080005e1e (0xc0227c53) fcvt.l.s s8, ft4
core   0: 1 0x0000000080005e1e (0xc0227c53) c1_fflags 0x000000000000001f x24 0x7fffffffffffffff
core   0: 0x0000000080005e22 (0xc1952737) lui     a4, 0xc1952
core   0: 1 0x0000000080005e22 (0xc1952737) x14 0xffffffffc1952000
core   0: 0x0000000080005e26 (0xc219fa53) fcvt.wu.d s4, fs3
core   0: 1 0x0000000080005e26 (0xc219fa53) x20 0x0000000000000000
core   0: 0x0000000080005e2a (0xd22afed3) fcvt.d.l ft9, s5
core   0: 1 0x0000000080005e2a (0xd22afed3) f29 0x0000000000000000
core   0: 0x0000000080005e2e (0x01b71d3b) sllw    s10, a4, s11
core   0: 1 0x0000000080005e2e (0x01b71d3b) x26 0xffffffffc1952000
core   0: 0x0000000080005e32 (0x012d7cb3) and     s9, s10, s2
core   0: 1 0x0000000080005e32 (0x012d7cb3) x25 0xffffffffc1952000
core   0: 0x0000000080005e36 (0xffbbfbb7) lui     s7, 0xffbbf
core   0: 1 0x0000000080005e36 (0xffbbfbb7) x23 0xffffffffffbbf000
core   0: 0x0000000080005e3a (0x867b8b9b) addiw   s7, s7, -1945
core   0: 1 0x0000000080005e3a (0x867b8b9b) x23 0xffffffffffbbe867
core   0: 0x0000000080005e3e (0x00000bb6) c.slli  s7, 13
core   0: 1 0x0000000080005e3e (0x0bb6) x23 0xfffffff77d0ce000
core   0: 0x0000000080005e40 (0x038b8b93) addi    s7, s7, 56
core   0: 1 0x0000000080005e40 (0x038b8b93) x23 0xfffffff77d0ce038
core   0: 0x0000000080005e44 (0x0aee7dd3) fsub.d  fs11, ft8, fa4
core   0: 1 0x0000000080005e44 (0x0aee7dd3) f27 0x7ff8000000000000
core   0: 0x0000000080005e48 (0x105e9af3) csrrw   s5, stvec, t4
core   0: 1 0x0000000080005e48 (0x105e9af3) x21 0x0000000000000000 c261_stvec 0xffffffffe2f6fd80
core   0: 0x0000000080005e4c (0x409adb1b) sraiw   s6, s5, 9
core   0: 1 0x0000000080005e4c (0x409adb1b) x22 0x0000000000000000
core   0: 0x0000000080005e50 (0x01a71733) sll     a4, a4, s10
core   0: 1 0x0000000080005e50 (0x01a71733) x14 0xffffffffc1952000
core   0: 0x0000000080005e54 (0x001b5d1b) srliw   s10, s6, 1
core   0: 1 0x0000000080005e54 (0x001b5d1b) x26 0x0000000000000000
core   0: 0x0000000080005e58 (0x00202273) csrrs   tp, frm, zero
core   0: 1 0x0000000080005e58 (0x00202273) x4  0x0000000000000000
core   0: 0x0000000080005e5c (0x80076593) ori     a1, a4, -2048
core   0: 1 0x0000000080005e5c (0x80076593) x11 0xfffffffffffff800
core   0: 0x0000000080005e60 (0x13aa7d53) fmul.d  fs10, fs4, fs10
core   0: 1 0x0000000080005e60 (0x13aa7d53) f26 0x7ff8000000000000
core   0: 0x0000000080005e64 (0x01641b33) sll     s6, s0, s6
core   0: 1 0x0000000080005e64 (0x01641b33) x22 0x0a00000000000000
core   0: 0x0000000080005e68 (0x40b6571b) sraiw   a4, a2, 11
core   0: 1 0x0000000080005e68 (0x40b6571b) x14 0x0000000000000000
core   0: 0x0000000080005e6c (0x00259ef3) csrrw   t4, frm, a1
core   0: 1 0x0000000080005e6c (0x00259ef3) x29 0x0000000000000000 c2_frm 0x0000000000000000
core   0: 0x0000000080005e70 (0x01b85e13) srli    t3, a6, 27
core   0: 1 0x0000000080005e70 (0x01b85e13) x28 0x0000000000000000
core   0: 0x0000000080005e74 (0x00000001) c.nop
core   0: 1 0x0000000080005e74 (0x0001)
core   0: 0x0000000080005e76 (0x00fea733) slt     a4, t4, a5
core   0: 1 0x0000000080005e76 (0x00fea733) x14 0x0000000000000000
core   0: 0x0000000080005e7a (0x2b5d1953) fmax.d  fs2, fs10, fs5
core   0: 1 0x0000000080005e7a (0x2b5d1953) f18 0xc030000000000000
core   0: 0x0000000080005e7e (0x01d388b3) add     a7, t2, t4
core   0: 1 0x0000000080005e7e (0x01d388b3) x17 0x00000000051d0900
core   0: 0x0000000080005e82 (0x0150941b) slliw   s0, ra, 21
core   0: 1 0x0000000080005e82 (0x0150941b) x8  0x0000000002800000
core   0: 0x0000000080005e86 (0x01a41e1b) slliw   t3, s0, 26
core   0: 1 0x0000000080005e86 (0x01a41e1b) x28 0x0000000000000000
core   0: 0x0000000080005e8a (0x022437b3) mulhu   a5, s0, sp
core   0: 1 0x0000000080005e8a (0x022437b3) x15 0x0000000000000000
core   0: 0x0000000080005e8e (0x40cc5c1b) sraiw   s8, s8, 12
core   0: 1 0x0000000080005e8e (0x40cc5c1b) x24 0xffffffffffffffff
core   0: 0x0000000080005e92 (0x02adb533) mulhu   a0, s11, a0
core   0: 1 0x0000000080005e92 (0x02adb533) x10 0x0000000000000000
core   0: 0x0000000080005e96 (0x01e0189b) slliw   a7, zero, 30
core   0: 1 0x0000000080005e96 (0x01e0189b) x17 0x0000000000000000
core   0: 0x0000000080005e9a (0x00009866) c.add   a6, s9
core   0: 1 0x0000000080005e9a (0x9866) x16 0xffffffffc1952000
core   0: 0x0000000080005e9c (0xd2387753) fcvt.d.lu fa4, a6
core   0: 1 0x0000000080005e9c (0xd2387753) f14 0x43effffffff832a4
core   0: 0x0000000080005ea0 (0x12ae7cd3) fmul.d  fs9, ft8, fa0
core   0: 1 0x0000000080005ea0 (0x12ae7cd3) f25 0x7ff8000000000000
core   0: 0x0000000080005ea4 (0x017be933) or      s2, s7, s7
core   0: 1 0x0000000080005ea4 (0x017be933) x18 0xfffffff77d0ce038
core   0: 0x0000000080005ea8 (0xd20a0553) fcvt.d.w fa0, s4
core   0: 1 0x0000000080005ea8 (0xd20a0553) f10 0x0000000000000000
core   0: 0x0000000080005eac (0x3c67ea93) ori     s5, a5, 966
core   0: 1 0x0000000080005eac (0x3c67ea93) x21 0x00000000000003c6
core   0: 0x0000000080005eb0 (0x40bc50bb) sraw    ra, s8, a1
core   0: 1 0x0000000080005eb0 (0x40bc50bb) x1  0xffffffffffffffff
core   0: 0x0000000080005eb4 (0x02c3433b) divw    t1, t1, a2
core   0: 1 0x0000000080005eb4 (0x02c3433b) x6  0xffffffffffffffff
core   0: 0x0000000080005eb8 (0x23de9a53) fsgnjn.d fs4, ft9, ft9
core   0: 1 0x0000000080005eb8 (0x23de9a53) f20 0x8000000000000000
core   0: 0x0000000080005ebc (0x1a177753) fdiv.d  fa4, fa4, ft1
core   0: 1 0x0000000080005ebc (0x1a177753) f14 0x7ff8000000000000
core   0: 0x0000000080005ec0 (0x12e4f4cb) fnmsub.d fs1, fs1, fa4, ft2
core   0: 1 0x0000000080005ec0 (0x12e4f4cb) f9  0x7ff8000000000000
core   0: 0x0000000080005ec4 (0x2a538ed3) fmin.d  ft9, ft7, ft5
core   0: 1 0x0000000080005ec4 (0x2a538ed3) f29 0x7ff8000000000000
core   0: 0x0000000080005ec8 (0x32062773) csrrs   a4, mcountinhibit, a2
core   0: exception trap_illegal_instruction, epc 0x0000000080005ec8
core   0:           tval 0x0000000032062773
core   0: >>>>  $xrv64i2p1_m2p0_a2p1_f2p2_d2p2_zicsr2p0_zifencei2p0_zmmul1p0_zba1p0_zbb1p0_zbc1p0_zbs1p0
core   0: 0x0000000080004000 (0x0080006f) j       pc + 0x8
core   0: 3 0x0000000080004000 (0x0080006f)
core   0: >>>>  mmode_exception_handler
core   0: 0x0000000080004008 (0x00002c17) auipc   s8, 0x2
core   0: 3 0x0000000080004008 (0x00002c17) x24 0x0000000080006008
core   0: 0x000000008000400c (0x078c0c13) addi    s8, s8, 120
core   0: 3 0x000000008000400c (0x078c0c13) x24 0x0000000080006080
core   0: 0x0000000080004010 (0x000c00e7) jalr    s8
core   0: 3 0x0000000080004010 (0x000c00e7) x1  0x0000000080004014
core   0: >>>>  any_handler
core   0: 0x0000000080006080 (0x341027f3) csrrs   a5, mepc, zero
core   0: 3 0x0000000080006080 (0x341027f3) x15 0x0000000080005ec8
core   0: 0x0000000080006084 (0x34202773) csrrs   a4, mcause, zero
core   0: 3 0x0000000080006084 (0x34202773) x14 0x0000000000000002
core   0: 0x0000000080006088 (0x142026f3) csrrs   a3, scause, zero
core   0: 3 0x0000000080006088 (0x142026f3) x13 0x0000000000000000
core   0: 0x000000008000608c (0x30402673) csrrs   a2, mie, zero
core   0: 3 0x000000008000608c (0x30402673) x12 0x0000000000000a00
core   0: 0x0000000080006090 (0x344025f3) csrrs   a1, mip, zero
core   0: 3 0x0000000080006090 (0x344025f3) x11 0x0000000000000080
core   0: 0x0000000080006094 (0x343025f3) csrrs   a1, mtval, zero
core   0: 3 0x0000000080006094 (0x343025f3) x11 0x0000000032062773
core   0: 0x0000000080006098 (0x14302573) csrrs   a0, stval, zero
core   0: 3 0x0000000080006098 (0x14302573) x10 0x0000000000000000
core   0: 0x000000008000609c (0xb02024f3) csrrs   s1, minstret, zero
core   0: 3 0x000000008000609c (0xb02024f3) x9  0x00000000000012bd
core   0: 0x00000000800060a0 (0x0000a811) c.j     pc + 20
core   0: 3 0x00000000800060a0 (0xa811)
core   0: >>>>  mepc_4
core   0: 0x00000000800060b4 (0x00000791) c.addi  a5, 4
core   0: 3 0x00000000800060b4 (0x0791) x15 0x0000000080005ecc
core   0: 0x00000000800060b6 (0x34179073) csrrw   zero, mepc, a5
core   0: 3 0x00000000800060b6 (0x34179073) c833_mepc 0x0000000080005ecc
core   0: 0x00000000800060ba (0x30200073) mret
core   0: 3 0x00000000800060ba (0x30200073) c768_mstatus 0x8000000a00106080
core   0: 0x0000000080005ecc (0x01521abb) sllw    s5, tp, s5
core   0: 1 0x0000000080005ecc (0x01521abb) x21 0x0000000000000000
core   0: 0x0000000080005ed0 (0xd02cf153) fcvt.s.l ft2, s9
core   0: 1 0x0000000080005ed0 (0xd02cf153) f2  0xffffffffce79ab80
core   0: 0x0000000080005ed4 (0x002898f3) csrrw   a7, frm, a7
core   0: 1 0x0000000080005ed4 (0x002898f3) x17 0x0000000000000000 c2_frm 0x0000000000000000
core   0: 0x0000000080005ed8 (0x033e04bb) mulw    s1, t3, s3
core   0: 1 0x0000000080005ed8 (0x033e04bb) x9  0x0000000000000000
core   0: 0x0000000080005edc (0x00d4a1b3) slt     gp, s1, a3
core   0: 1 0x0000000080005edc (0x00d4a1b3) x3  0x0000000000000000
core   0: 0x0000000080005ee0 (0x41985733) sra     a4, a6, s9
core   0: 1 0x0000000080005ee0 (0x41985733) x14 0xffffffffc1952000
core   0: 0x0000000080005ee4 (0x42048853) fcvt.d.s fa6, fs1
core   0: 1 0x0000000080005ee4 (0x42048853) f16 0x7ff8000000000000
core   0: 0x0000000080005ee8 (0x23ef9753) fsgnjn.d fa4, ft11, ft10
core   0: 1 0x0000000080005ee8 (0x23ef9753) f14 0xfff8000000000000
core   0: 0x0000000080005eec (0x028758bb) divuw   a7, a4, s0
core   0: 1 0x0000000080005eec (0x028758bb) x17 0x000000000000004d
core   0: 0x0000000080005ef0 (0x41a308b3) sub     a7, t1, s10
core   0: 1 0x0000000080005ef0 (0x41a308b3) x17 0xffffffffffffffff
core   0: 0x0000000080005ef4 (0x007e971b) slliw   a4, t4, 7
core   0: 1 0x0000000080005ef4 (0x007e971b) x14 0x0000000000000000
core   0: 0x0000000080005ef8 (0x01a69cbb) sllw    s9, a3, s10
core   0: 1 0x0000000080005ef8 (0x01a69cbb) x25 0x0000000000000000
core   0: 0x0000000080005efc (0xd232fbd3) fcvt.d.lu fs7, t0
core   0: 1 0x0000000080005efc (0xd232fbd3) c1_fflags 0x000000000000001f f23 0x43f0000000000000
core   0: 0x0000000080005f00 (0x5a0e7d53) fsqrt.d fs10, ft8
core   0: 1 0x0000000080005f00 (0x5a0e7d53) f26 0x7ff8000000000000
core   0: 0x0000000080005f04 (0xd229f753) fcvt.d.l fa4, s3
core   0: 1 0x0000000080005f04 (0xd229f753) f14 0x0000000000000000
core   0: 0x0000000080005f08 (0x401f73d3) fcvt.s.d ft7, ft10
core   0: 1 0x0000000080005f08 (0x401f73d3) f7  0xffffffff7fc00000
core   0: 0x0000000080005f0c (0x22239153) fsgnjn.d ft2, ft7, ft2
core   0: 1 0x0000000080005f0c (0x22239153) f2  0x7fffffff7fc00000
core   0: 0x0000000080005f10 (0x02d926b3) mulhsu  a3, s2, a3
core   0: 1 0x0000000080005f10 (0x02d926b3) x13 0x0000000000000000
core   0: 0x0000000080005f14 (0x3366f593) andi    a1, a3, 822
core   0: 1 0x0000000080005f14 (0x3366f593) x11 0x0000000000000000
core   0: 0x0000000080005f18 (0x0214613b) remw    sp, s0, ra
core   0: 1 0x0000000080005f18 (0x0214613b) x2  0x0000000002800000
core   0: 0x0000000080005f1c (0x0ff0000f) fence   iorw,iorw
core   0: 1 0x0000000080005f1c (0x0ff0000f)
core   0: 0x0000000080005f20 (0x40dbd6b3) sra     a3, s7, a3
core   0: 1 0x0000000080005f20 (0x40dbd6b3) x13 0xfffffff77d0ce038
core   0: 0x0000000080005f24 (0xf20d0d53) fmv.d.x fs10, s10
core   0: 1 0x0000000080005f24 (0xf20d0d53) f26 0x0000000000000000
core   0: 0x0000000080005f28 (0x400a549b) sraiw   s1, s4, 0
core   0: 1 0x0000000080005f28 (0x400a549b) x9  0x0000000000000000
core   0: 0x0000000080005f2c (0x409d053b) subw    a0, s10, s1
core   0: 1 0x0000000080005f2c (0x409d053b) x10 0x0000000000000000
core   0: 0x0000000080005f30 (0xd21c09d3) fcvt.d.wu fs3, s8
core   0: 1 0x0000000080005f30 (0xd21c09d3) f19 0x41e0000c10000000
core   0: 0x0000000080005f34 (0x016a5a13) srli    s4, s4, 22
core   0: 1 0x0000000080005f34 (0x016a5a13) x20 0x0000000000000000
core   0: 0x0000000080005f38 (0xee564037) lui     zero, 0xee564
core   0: 1 0x0000000080005f38 (0xee564037)
core   0: 0x0000000080005f3c (0x8b8b01b7) lui     gp, 0x8b8b0
core   0: 1 0x0000000080005f3c (0x8b8b01b7) x3  0xffffffff8b8b0000
core   0: 0x0000000080005f40 (0x02d2413b) divw    sp, tp, a3
core   0: 1 0x0000000080005f40 (0x02d2413b) x2  0x0000000000000000
core   0: 0x0000000080005f44 (0x2b4e11d3) fmax.d  ft3, ft8, fs4
core   0: 1 0x0000000080005f44 (0x2b4e11d3) f3  0x8000000000000000
core   0: 0x0000000080005f48 (0xc236fdd3) fcvt.lu.d s11, fa3
core   0: 1 0x0000000080005f48 (0xc236fdd3) x27 0x0000000000000000
core   0: 0x0000000080005f4c (0x02f30cb3) mul     s9, t1, a5
core   0: 1 0x0000000080005f4c (0x02f30cb3) x25 0xffffffff7fffa134
core   0: 0x0000000080005f50 (0xd2078f53) fcvt.d.w ft10, a5
core   0: 1 0x0000000080005f50 (0xd2078f53) f30 0xc1dfffe84d000000
core   0: 0x0000000080005f54 (0x039024b3) mulhsu  s1, zero, s9
core   0: 1 0x0000000080005f54 (0x039024b3) x9  0x0000000000000000
core   0: 0x0000000080005f58 (0x40185813) srai    a6, a6, 1
core   0: 1 0x0000000080005f58 (0x40185813) x16 0xffffffffe0ca9000
core   0: 0x0000000080005f5c (0x0b29f9d3) fsub.d  fs3, fs3, fs2
core   0: 1 0x0000000080005f5c (0x0b29f9d3) f19 0x41e0000c12000000
core   0: 0x0000000080005f60 (0x01781633) sll     a2, a6, s7
core   0: 1 0x0000000080005f60 (0x01781633) x12 0x0000000000000000
core   0: 0x0000000080005f64 (0x0071013b) addw    sp, sp, t2
core   0: 1 0x0000000080005f64 (0x0071013b) x2  0x00000000051d0900
core   0: 0x0000000080005f68 (0x4019d0bb) sraw    ra, s3, ra
core   0: 1 0x0000000080005f68 (0x4019d0bb) x1  0x0000000000000000
core   0: 0x0000000080005f6c (0x232d0bd3) fsgnj.d fs7, fs10, fs2
core   0: 1 0x0000000080005f6c (0x232d0bd3) f23 0x8000000000000000
core   0: 0x0000000080005f70 (0x41cedd9b) sraiw   s11, t4, 28
core   0: 1 0x0000000080005f70 (0x41cedd9b) x27 0x0000000000000000
core   0: 0x0000000080005f74 (0x0bf27d53) fsub.d  fs10, ft4, ft11
core   0: 1 0x0000000080005f74 (0x0bf27d53) f26 0x7ff8000000000000
core   0: 0x0000000080005f78 (0xc027f6d3) fcvt.l.s a3, fa5
core   0: 1 0x0000000080005f78 (0xc027f6d3) c1_fflags 0x000000000000001f x13 0x7fffffffffffffff
core   0: 0x0000000080005f7c (0x03638b3b) mulw    s6, t2, s6
core   0: 1 0x0000000080005f7c (0x03638b3b) x22 0x0000000000000000
core   0: 0x0000000080005f80 (0x4063533b) sraw    t1, t1, t1
core   0: 1 0x0000000080005f80 (0x4063533b) x6  0xffffffffffffffff
core   0: 0x0000000080005f84 (0xd2008a53) fcvt.d.w fs4, ra
core   0: 1 0x0000000080005f84 (0xd2008a53) f20 0x0000000000000000
core   0: 0x0000000080005f88 (0x31a052f3) csrrwi  t0, menvcfgh, 0
core   0: exception trap_illegal_instruction, epc 0x0000000080005f88
core   0:           tval 0x0000000031a052f3
core   0: >>>>  $xrv64i2p1_m2p0_a2p1_f2p2_d2p2_zicsr2p0_zifencei2p0_zmmul1p0_zba1p0_zbb1p0_zbc1p0_zbs1p0
core   0: 0x0000000080004000 (0x0080006f) j       pc + 0x8
core   0: 3 0x0000000080004000 (0x0080006f)
core   0: >>>>  mmode_exception_handler
core   0: 0x0000000080004008 (0x00002c17) auipc   s8, 0x2
core   0: 3 0x0000000080004008 (0x00002c17) x24 0x0000000080006008
core   0: 0x000000008000400c (0x078c0c13) addi    s8, s8, 120
core   0: 3 0x000000008000400c (0x078c0c13) x24 0x0000000080006080
core   0: 0x0000000080004010 (0x000c00e7) jalr    s8
core   0: 3 0x0000000080004010 (0x000c00e7) x1  0x0000000080004014
core   0: >>>>  any_handler
core   0: 0x0000000080006080 (0x341027f3) csrrs   a5, mepc, zero
core   0: 3 0x0000000080006080 (0x341027f3) x15 0x0000000080005f88
core   0: 0x0000000080006084 (0x34202773) csrrs   a4, mcause, zero
core   0: 3 0x0000000080006084 (0x34202773) x14 0x0000000000000002
core   0: 0x0000000080006088 (0x142026f3) csrrs   a3, scause, zero
core   0: 3 0x0000000080006088 (0x142026f3) x13 0x0000000000000000
core   0: 0x000000008000608c (0x30402673) csrrs   a2, mie, zero
core   0: 3 0x000000008000608c (0x30402673) x12 0x0000000000000a00
core   0: 0x0000000080006090 (0x344025f3) csrrs   a1, mip, zero
core   0: 3 0x0000000080006090 (0x344025f3) x11 0x0000000000000080
core   0: 0x0000000080006094 (0x343025f3) csrrs   a1, mtval, zero
core   0: 3 0x0000000080006094 (0x343025f3) x11 0x0000000031a052f3
core   0: 0x0000000080006098 (0x14302573) csrrs   a0, stval, zero
core   0: 3 0x0000000080006098 (0x14302573) x10 0x0000000000000000
core   0: 0x000000008000609c (0xb02024f3) csrrs   s1, minstret, zero
core   0: 3 0x000000008000609c (0xb02024f3) x9  0x00000000000012fc
core   0: 0x00000000800060a0 (0x0000a811) c.j     pc + 20
core   0: 3 0x00000000800060a0 (0xa811)
core   0: >>>>  mepc_4
core   0: 0x00000000800060b4 (0x00000791) c.addi  a5, 4
core   0: 3 0x00000000800060b4 (0x0791) x15 0x0000000080005f8c
core   0: 0x00000000800060b6 (0x34179073) csrrw   zero, mepc, a5
core   0: 3 0x00000000800060b6 (0x34179073) c833_mepc 0x0000000080005f8c
core   0: 0x00000000800060ba (0x30200073) mret
core   0: 3 0x00000000800060ba (0x30200073) c768_mstatus 0x8000000a00106080
core   0: 0x0000000080005f8c (0x01b91bbb) sllw    s7, s2, s11
core   0: 1 0x0000000080005f8c (0x01b91bbb) x23 0x000000007d0ce038
core   0: 0x0000000080005f90 (0xe20800d3) fmv.x.d ra, fa6
core   0: 1 0x0000000080005f90 (0xe20800d3) x1  0x7ff8000000000000
core   0: 0x0000000080005f94 (0x01cc0a33) add     s4, s8, t3
core   0: 1 0x0000000080005f94 (0x01cc0a33) x20 0x0000000080006080
core   0: 0x0000000080005f98 (0x01564733) xor     a4, a2, s5
core   0: 1 0x0000000080005f98 (0x01564733) x14 0x0000000000000a00
core   0: 0x0000000080005f9c (0x00eb2b33) slt     s6, s6, a4
core   0: 1 0x0000000080005f9c (0x00eb2b33) x22 0x0000000000000001
core   0: 0x0000000080005fa0 (0x00171273) csrrw   tp, fflags, a4
core   0: 1 0x0000000080005fa0 (0x00171273) x4  0x000000000000001f c1_fflags 0x0000000000000000
core   0: 0x0000000080005fa4 (0x2a818453) fmin.d  fs0, ft3, fs0
core   0: 1 0x0000000080005fa4 (0x2a818453) f8  0x8000000000000000
core   0: 0x0000000080005fa8 (0x2ab315d3) fmax.d  fa1, ft6, fa1
core   0: 1 0x0000000080005fa8 (0x2ab315d3) f11 0x43effffffff91800
core   0: 0x0000000080005fac (0xc205f6d3) fcvt.w.d a3, fa1
core   0: 1 0x0000000080005fac (0xc205f6d3) c1_fflags 0x0000000000000010 x13 0x000000007fffffff
core   0: 0x0000000080005fb0 (0xa27b04d3) fle.d   s1, fs6, ft7
core   0: 1 0x0000000080005fb0 (0xa27b04d3) c1_fflags 0x0000000000000010 x9  0x0000000000000000
core   0: 0x0000000080005fb4 (0xd024ff53) fcvt.s.l ft10, s1
core   0: 1 0x0000000080005fb4 (0xd024ff53) f30 0xffffffff00000000
core   0: 0x0000000080005fb8 (0xd2048e53) fcvt.d.w ft8, s1
core   0: 1 0x0000000080005fb8 (0xd2048e53) f28 0x0000000000000000
core   0: 0x0000000080005fbc (0xd236fbd3) fcvt.d.lu fs7, a3
core   0: 1 0x0000000080005fbc (0xd236fbd3) f23 0x41dfffffffc00000
core   0: 0x0000000080005fc0 (0xa3cc06d3) fle.d   a3, fs8, ft8
core   0: 1 0x0000000080005fc0 (0xa3cc06d3) c1_fflags 0x0000000000000010 x13 0x0000000000000000
core   0: 0x0000000080005fc4 (0x00948b33) add     s6, s1, s1
core   0: 1 0x0000000080005fc4 (0x00948b33) x22 0x0000000000000000
core   0: 0x0000000080005fc8 (0x402201b3) sub     gp, tp, sp
core   0: 1 0x0000000080005fc8 (0x402201b3) x3  0xfffffffffae2f71f
core   0: 0x0000000080005fcc (0x0ff0000f) fence   iorw,iorw
core   0: 1 0x0000000080005fcc (0x0ff0000f)
core   0: 0x0000000080005fd0 (0x009e9abb) sllw    s5, t4, s1
core   0: 1 0x0000000080005fd0 (0x009e9abb) x21 0x0000000000000000
core   0: 0x0000000080005fd4 (0x33448813) addi    a6, s1, 820
core   0: 1 0x0000000080005fd4 (0x33448813) x16 0x0000000000000334
core   0: 0x0000000080005fd8 (0x7b0ffb73) csrrci  s6, dcsr, 31
core   0: exception trap_illegal_instruction, epc 0x0000000080005fd8
core   0:           tval 0x000000007b0ffb73
core   0: >>>>  $xrv64i2p1_m2p0_a2p1_f2p2_d2p2_zicsr2p0_zifencei2p0_zmmul1p0_zba1p0_zbb1p0_zbc1p0_zbs1p0
core   0: 0x0000000080004000 (0x0080006f) j       pc + 0x8
core   0: 3 0x0000000080004000 (0x0080006f)
core   0: >>>>  mmode_exception_handler
core   0: 0x0000000080004008 (0x00002c17) auipc   s8, 0x2
core   0: 3 0x0000000080004008 (0x00002c17) x24 0x0000000080006008
core   0: 0x000000008000400c (0x078c0c13) addi    s8, s8, 120
core   0: 3 0x000000008000400c (0x078c0c13) x24 0x0000000080006080
core   0: 0x0000000080004010 (0x000c00e7) jalr    s8
core   0: 3 0x0000000080004010 (0x000c00e7) x1  0x0000000080004014
core   0: >>>>  any_handler
core   0: 0x0000000080006080 (0x341027f3) csrrs   a5, mepc, zero
core   0: 3 0x0000000080006080 (0x341027f3) x15 0x0000000080005fd8
core   0: 0x0000000080006084 (0x34202773) csrrs   a4, mcause, zero
core   0: 3 0x0000000080006084 (0x34202773) x14 0x0000000000000002
core   0: 0x0000000080006088 (0x142026f3) csrrs   a3, scause, zero
core   0: 3 0x0000000080006088 (0x142026f3) x13 0x0000000000000000
core   0: 0x000000008000608c (0x30402673) csrrs   a2, mie, zero
core   0: 3 0x000000008000608c (0x30402673) x12 0x0000000000000a00
core   0: 0x0000000080006090 (0x344025f3) csrrs   a1, mip, zero
core   0: 3 0x0000000080006090 (0x344025f3) x11 0x0000000000000080
core   0: 0x0000000080006094 (0x343025f3) csrrs   a1, mtval, zero
core   0: 3 0x0000000080006094 (0x343025f3) x11 0x000000007b0ffb73
core   0: 0x0000000080006098 (0x14302573) csrrs   a0, stval, zero
core   0: 3 0x0000000080006098 (0x14302573) x10 0x0000000000000000
core   0: 0x000000008000609c (0xb02024f3) csrrs   s1, minstret, zero
core   0: 3 0x000000008000609c (0xb02024f3) x9  0x000000000000131f
core   0: 0x00000000800060a0 (0x0000a811) c.j     pc + 20
core   0: 3 0x00000000800060a0 (0xa811)
core   0: >>>>  mepc_4
core   0: 0x00000000800060b4 (0x00000791) c.addi  a5, 4
core   0: 3 0x00000000800060b4 (0x0791) x15 0x0000000080005fdc
core   0: 0x00000000800060b6 (0x34179073) csrrw   zero, mepc, a5
core   0: 3 0x00000000800060b6 (0x34179073) c833_mepc 0x0000000080005fdc
core   0: 0x00000000800060ba (0x30200073) mret
core   0: 3 0x00000000800060ba (0x30200073) c768_mstatus 0x8000000a00106080
core   0: 0x0000000080005fdc (0xeb6ef4cb) fnmsub.d fs1, ft9, fs6, ft9
core   0: 1 0x0000000080005fdc (0xeb6ef4cb) f9  0x7ff8000000000000
core   0: 0x0000000080005fe0 (0x01049313) slli    t1, s1, 16
core   0: 1 0x0000000080005fe0 (0x01049313) x6  0x00000000131f0000
core   0: 0x0000000080005fe4 (0x009bd133) srl     sp, s7, s1
core   0: 1 0x0000000080005fe4 (0x009bd133) x2  0x0000000000000000
core   0: 0x0000000080005fe8 (0x00211bf3) csrrw   s7, frm, sp
core   0: 1 0x0000000080005fe8 (0x00211bf3) x23 0x0000000000000000 c2_frm 0x0000000000000000
core   0: 0x0000000080005fec (0xb33bfbcb) fnmsub.d fs7, fs7, fs3, fs6
core   0: 1 0x0000000080005fec (0xb33bfbcb) c1_fflags 0x0000000000000011 f23 0xc3d0000c11ea2c45
core   0: 0x0000000080005ff0 (0x01a2eb33) or      s6, t0, s10
core   0: 1 0x0000000080005ff0 (0x01a2eb33) x22 0xffffffffffffffff
core   0: 0x0000000080005ff4 (0x4146debb) sraw    t4, a3, s4
core   0: 1 0x0000000080005ff4 (0x4146debb) x29 0x0000000000000000
core   0: 0x0000000080005ff8 (0xd022fcd3) fcvt.s.l fs9, t0
core   0: 1 0x0000000080005ff8 (0xd022fcd3) f25 0xffffffffbf800000
core   0: 0x0000000080005ffc (0x4023053b) subw    a0, t1, sp
core   0: 1 0x0000000080005ffc (0x4023053b) x10 0x00000000131f0000
core   0: 0x0000000080006000 (0x008a82bb) addw    t0, s5, s0
core   0: 1 0x0000000080006000 (0x008a82bb) x5  0x0000000002800000
core   0: 0x0000000080006004 (0x401b0b33) sub     s6, s6, ra
core   0: 1 0x0000000080006004 (0x401b0b33) x22 0xffffffff7fffbfeb
core   0: 0x0000000080006008 (0x037783bb) mulw    t2, a5, s7
core   0: 1 0x0000000080006008 (0x037783bb) x7  0x0000000000000000
core   0: 0x000000008000600c (0x2b9f18d3) fmax.d  fa7, ft10, fs9
core   0: 1 0x000000008000600c (0x2b9f18d3) f17 0x7ff8000000000000
core   0: 0x0000000080006010 (0xa21b0793) addi    a5, s6, -1503
core   0: 1 0x0000000080006010 (0xa21b0793) x15 0xffffffff7fffba0c
core   0: 0x0000000080006014 (0xd22e73d3) fcvt.d.l ft7, t3
core   0: 1 0x0000000080006014 (0xd22e73d3) f7  0x0000000000000000
core   0: 0x0000000080006018 (0x025bb033) mulhu   zero, s7, t0
core   0: 1 0x0000000080006018 (0x025bb033)
core   0: 0x000000008000601c (0x0345aa33) mulhsu  s4, a1, s4
core   0: 1 0x000000008000601c (0x0345aa33) x20 0x0000000000000000
core   0: 0x0000000080006020 (0xc22cfb53) fcvt.l.d s6, fs9
core   0: 1 0x0000000080006020 (0xc22cfb53) c1_fflags 0x0000000000000011 x22 0x7fffffffffffffff
core   0: 0x0000000080006024 (0x03f79293) slli    t0, a5, 63
core   0: 1 0x0000000080006024 (0x03f79293) x5  0x0000000000000000
core   0: 0x0000000080006028 (0xc0277a53) fcvt.l.s s4, fa4
core   0: 1 0x0000000080006028 (0xc0277a53) c1_fflags 0x0000000000000011 x20 0x7fffffffffffffff
core   0: 0x000000008000602c (0x24c44d13) xori    s10, s0, 588
core   0: 1 0x000000008000602c (0x24c44d13) x26 0x000000000280024c
core   0: 0x0000000080006030 (0x974ccb13) xori    s6, s9, -1676
core   0: 1 0x0000000080006030 (0x974ccb13) x22 0x0000000080005840
core   0: 0x0000000080006034 (0x00000ace) c.slli  s5, 19
core   0: 1 0x0000000080006034 (0x0ace) x21 0x0000000000000000
core   0: 0x0000000080006036 (0x0094c6b3) xor     a3, s1, s1
core   0: 1 0x0000000080006036 (0x0094c6b3) x13 0x0000000000000000
core   0: 0x000000008000603a (0x0003f093) andi    ra, t2, 0
core   0: 1 0x000000008000603a (0x0003f093) x1  0x0000000000000000
core   0: 0x000000008000603e (0x00e1943b) sllw    s0, gp, a4
core   0: 1 0x000000008000603e (0x00e1943b) x8  0xffffffffeb8bdc7c
core   0: 0x0000000080006042 (0xc745fd13) andi    s10, a1, -908
core   0: 1 0x0000000080006042 (0xc745fd13) x26 0x000000007b0ff870
core   0: 0x0000000080006046 (0xc20770d3) fcvt.w.d ra, fa4
core   0: 1 0x0000000080006046 (0xc20770d3) x1  0x0000000000000000
core   0: 0x000000008000604a (0x62302497) auipc   s1, 0x62302
core   0: 1 0x000000008000604a (0x62302497) x9  0x00000000e230804a
core   0: 0x000000008000604e (0x0154eab3) or      s5, s1, s5
core   0: 1 0x000000008000604e (0x0154eab3) x21 0x00000000e230804a
core   0: 0x0000000080006052 (0x01c3d7bb) srlw    a5, t2, t3
core   0: 1 0x0000000080006052 (0x01c3d7bb) x15 0x0000000000000000
core   0: 0x0000000080006056 (0x42058e53) fcvt.d.s ft8, fa1
core   0: 1 0x0000000080006056 (0x42058e53) f28 0x7ff8000000000000
core   0: 0x000000008000605a (0xc03179d3) fcvt.lu.s s3, ft2
core   0: 1 0x000000008000605a (0xc03179d3) c1_fflags 0x0000000000000011 x19 0xffffffffffffffff
core   0: 0x000000008000605e (0x00f7d3bb) srlw    t2, a5, a5
core   0: 1 0x000000008000605e (0x00f7d3bb) x7  0x0000000000000000
core   0: 0x0000000080006062 (0x81b3fc97) auipc   s9, 0x81b3f
core   0: 1 0x0000000080006062 (0x81b3fc97) x25 0x0000000001b45062
core   0: 0x0000000080006066 (0x419b843b) subw    s0, s7, s9
core   0: 1 0x0000000080006066 (0x419b843b) x8  0xfffffffffe4baf9e
core   0: 0x000000008000606a (0x00147913) andi    s2, s0, 1
core   0: 1 0x000000008000606a (0x00147913) x18 0x0000000000000000
core   0: 0x000000008000606e (0x001cd51b) srliw   a0, s9, 1
core   0: 1 0x000000008000606e (0x001cd51b) x10 0x0000000000da2831
core   0: 0x0000000080006072 (0x02a908b3) mul     a7, s2, a0
core   0: 1 0x0000000080006072 (0x02a908b3) x17 0x0000000000000000
core   0: 0x0000000080006076 (0x4116063b) subw    a2, a2, a7
core   0: 1 0x0000000080006076 (0x4116063b) x12 0x0000000000000a00
core   0: >>>>  write_tohost
core   0: 0x000000008000607a (0x96afa0ef) jal     pc - 0x5e96
core   0: 1 0x000000008000607a (0x96afa0ef) x1  0x000000008000607e
core   0: >>>>  _exit
core   0: 0x00000000800001e4 (0x00004505) c.li    a0, 1
core   0: 1 0x00000000800001e4 (0x4505) x10 0x0000000000000001
core   0: 0x00000000800001e6 (0x00001f17) auipc   t5, 0x1
core   0: 1 0x00000000800001e6 (0x00001f17) x30 0x00000000800011e6
core   0: 0x00000000800001ea (0xe0af2d23) sw      a0, -486(t5)
core   0: 1 0x00000000800001ea (0xe0af2d23) mem 0x0000000080001000 0x00000001
cp /home/server/RISCV/cva6/verif/sim/out/seed_1932/spike_sim/new_seeds_1932_.cv64a6_imafdc_sv39.log.iss /home/server/RISCV/cva6/verif/sim/out/seed_1932/spike_sim/new_seeds_1932_.cv64a6_imafdc_sv39.log
